<?xml version="1.0" standalone="no"?>
<!-- State output file for the DCT growth modeling-->
<SimState>
   <Matrix name="radiiHistory" type="complete" rows="11" columns="10000" multiplier="1.0">
   0.49 0.49 0.49 0.49 0.49 0.49 0.49 0.49 0.49 0.49 0.49 0.49 0.49 0.49 0.49 0.49 0.49 0.49 0.49 0.49 0.49 0.49 0.49 0.49 0.49 0.49 0.49 0.49 0.49 0.49 0.49 0.49 0.49 0.49 0.49 0.49 0.49 0.49 0.49 0.49 0.49 0.49 0.49 0.49 0.49 0.49 0.49 0.49 0.49 0.49 0.49 0.49 0.49 0.49 0.49 0.49 0.49 0.49 0.49 0.49 0.49 0.49 0.49 0.49 0.49 0.49 0.49 0.49 0.49 0.49 0.49 0.49 0.49 0.49 0.49 0.49 0.49 0.49 0.49 0.49 0.49 0.49 0.49 0.49 0.49 0.49 0.49 0.49 0.49 0.49 0.49 0.49 0.49 0.49 0.49 0.49 0.49 0.49 0.49 0.49 0.49 0.49 0.49 0.49 0.49 0.49 0.49 0.49 0.49 0.49 0.49 0.49 0.49 0.49 0.49 0.49 0.49 0.49 0.49 0.49 0.49 0.49 0.49 0.49 0.49 0.49 0.49 0.49 0.49 0.49 0.49 0.49 0.49 0.49 0.49 0.49 0.49 0.49 0.49 0.49 0.49 0.49 0.49 0.49 0.49 0.49 0.49 0.49 0.49 0.49 0.49 0.49 0.49 0.49 0.49 0.49 0.49 0.49 0.49 0.49 0.49 0.49 0.49 0.49 0.49 0.49 0.49 0.49 0.49 0.49 0.49 0.49 0.49 0.49 0.49 0.49 0.49 0.49 0.49 0.49 0.49 0.49 0.49 0.49 0.49 0.49 0.49 0.49 0.49 0.49 0.49 0.49 0.49 0.49 0.49 0.49 0.49 0.49 0.49 0.49 0.49 0.49 0.49 0.49 0.49 0.49 0.49 0.49 0.49 0.49 0.49 0.49 0.49 0.49 0.49 0.49 0.49 0.49 0.49 0.49 0.49 0.49 0.49 0.49 0.49 0.49 0.49 0.49 0.49 0.49 0.49 0.49 0.49 0.49 0.49 0.49 0.49 0.49 0.49 0.49 0.49 0.49 0.49 0.49 0.49 0.49 0.49 0.49 0.49 0.49 0.49 0.49 0.49 0.49 0.49 0.49 0.49 0.49 0.49 0.49 0.49 0.49 0.49 0.49 0.49 0.49 0.49 0.49 0.49 0.49 0.49 0.49 0.49 0.49 0.49 0.49 0.49 0.49 0.49 0.49 0.49 0.49 0.49 0.49 0.49 0.49 0.49 0.49 0.49 0.49 0.49 0.49 0.49 0.49 0.49 0.49 0.49 0.49 0.49 0.49 0.49 0.49 0.49 0.49 0.49 0.49 0.49 0.49 0.49 0.49 0.49 0.49 0.49 0.49 0.49 0.49 0.49 0.49 0.49 0.49 0.49 0.49 0.49 0.49 0.49 0.49 0.49 0.49 0.49 0.49 0.49 0.49 0.49 0.49 0.49 0.49 0.49 0.49 0.49 0.49 0.49 0.49 0.49 0.49 0.49 0.49 0.49 0.49 0.49 0.49 0.49 0.49 0.49 0.49 0.49 0.49 0.49 0.49 0.49 0.49 0.49 0.49 0.49 0.49 0.49 0.49 0.49 0.49 0.49 0.49 0.49 0.49 0.49 0.49 0.49 0.49 0.49 0.49 0.49 0.49 0.49 0.49 0.49 0.49 0.49 0.49 0.49 0.49 0.49 0.49 0.49 0.49 0.49 0.49 0.49 0.49 0.49 0.49 0.49 0.49 0.49 0.49 0.49 0.49 0.49 0.49 0.49 0.49 0.49 0.49 0.49 0.49 0.49 0.49 0.49 0.49 0.49 0.49 0.49 0.49 0.49 0.49 0.49 0.49 0.49 0.49 0.49 0.49 0.49 0.49 0.49 0.49 0.49 0.49 0.49 0.49 0.49 0.49 0.49 0.49 0.49 0.49 0.49 0.49 0.49 0.49 0.49 0.49 0.49 0.49 0.49 0.49 0.49 0.49 0.49 0.49 0.49 0.49 0.49 0.49 0.49 0.49 0.49 0.49 0.49 0.49 0.49 0.49 0.49 0.49 0.49 0.49 0.49 0.49 0.49 0.49 0.49 0.49 0.49 0.49 0.49 0.49 0.49 0.49 0.49 0.49 0.49 0.49 0.49 0.49 0.49 0.49 0.49 0.49 0.49 0.49 0.49 0.49 0.49 0.49 0.49 0.49 0.49 0.49 0.49 0.49 0.49 0.49 0.49 0.49 0.49 0.49 0.49 0.49 0.49 0.49 0.49 0.49 0.49 0.49 0.49 0.49 0.49 0.49 0.49 0.49 0.49 0.49 0.49 0.49 0.49 0.49 0.49 0.49 0.49 0.49 0.49 0.49 0.49 0.49 0.49 0.49 0.49 0.49 0.49 0.49 0.49 0.49 0.49 0.49 0.49 0.49 0.49 0.49 0.49 0.49 0.49 0.49 0.49 0.49 0.49 0.49 0.49 0.49 0.49 0.49 0.49 0.49 0.49 0.49 0.49 0.49 0.49 0.49 0.49 0.49 0.49 0.49 0.49 0.49 0.49 0.49 0.49 0.49 0.49 0.49 0.49 0.49 0.49 0.49 0.49 0.49 0.49 0.49 0.49 0.49 0.49 0.49 0.49 0.49 0.49 0.49 0.49 0.49 0.49 0.49 0.49 0.49 0.49 0.49 0.49 0.49 0.49 0.49 0.49 0.49 0.49 0.49 0.49 0.49 0.49 0.49 0.49 0.49 0.49 0.49 0.49 0.49 0.49 0.49 0.49 0.49 0.49 0.49 0.49 0.49 0.49 0.49 0.49 0.49 0.49 0.49 0.49 0.49 0.49 0.49 0.49 0.49 0.49 0.49 0.49 0.49 0.49 0.49 0.49 0.49 0.49 0.49 0.49 0.49 0.49 0.49 0.49 0.49 0.49 0.49 0.49 0.49 0.49 0.49 0.49 0.49 0.49 0.49 0.49 0.49 0.49 0.49 0.49 0.49 0.49 0.49 0.49 0.49 0.49 0.49 0.49 0.49 0.49 0.49 0.49 0.49 0.49 0.49 0.49 0.49 0.49 0.49 0.49 0.49 0.49 0.49 0.49 0.49 0.49 0.49 0.49 0.49 0.49 0.49 0.49 0.49 0.49 0.49 0.49 0.49 0.49 0.49 0.49 0.49 0.49 0.49 0.49 0.49 0.49 0.49 0.49 0.49 0.49 0.49 0.49 0.49 0.49 0.49 0.49 0.49 0.49 0.49 0.49 0.49 0.49 0.49 0.49 0.49 0.49 0.49 0.49 0.49 0.49 0.49 0.49 0.49 0.49 0.49 0.49 0.49 0.49 0.49 0.49 0.49 0.49 0.49 0.49 0.49 0.49 0.49 0.49 0.49 0.49 0.49 0.49 0.49 0.49 0.49 0.49 0.49 0.49 0.49 0.49 0.49 0.49 0.49 0.49 0.49 0.49 0.49 0.49 0.49 0.49 0.49 0.49 0.49 0.49 0.49 0.49 0.49 0.49 0.49 0.49 0.49 0.49 0.49 0.49 0.49 0.49 0.49 0.49 0.49 0.49 0.49 0.49 0.49 0.49 0.49 0.49 0.49 0.49 0.49 0.49 0.49 0.49 0.49 0.49 0.49 0.49 0.49 0.49 0.49 0.49 0.49 0.49 0.49 0.49 0.49 0.49 0.49 0.49 0.49 0.49 0.49 0.49 0.49 0.49 0.49 0.49 0.49 0.49 0.49 0.49 0.49 0.49 0.49 0.49 0.49 0.49 0.49 0.49 0.49 0.49 0.49 0.49 0.49 0.49 0.49 0.49 0.49 0.49 0.49 0.49 0.49 0.49 0.49 0.49 0.49 0.49 0.49 0.49 0.49 0.49 0.49 0.49 0.49 0.49 0.49 0.49 0.49 0.49 0.49 0.49 0.49 0.49 0.49 0.49 0.49 0.49 0.49 0.49 0.49 0.49 0.49 0.49 0.49 0.49 0.49 0.49 0.49 0.49 0.49 0.49 0.49 0.49 0.49 0.49 0.49 0.49 0.49 0.49 0.49 0.49 0.49 0.49 0.49 0.49 0.49 0.49 0.49 0.49 0.49 0.49 0.49 0.49 0.49 0.49 0.49 0.49 0.49 0.49 0.49 0.49 0.49 0.49 0.49 0.49 0.49 0.49 0.49 0.49 0.49 0.49 0.49 0.49 0.49 0.49 0.49 0.49 0.49 0.49 0.49 0.49 0.49 0.49 0.49 0.49 0.49 0.49 0.49 0.49 0.49 0.49 0.49 0.49 0.49 0.49 0.49 0.49 0.49 0.49 0.49 0.49 0.49 0.49 0.49 0.49 0.49 0.49 0.49 0.49 0.49 0.49 0.49 0.49 0.49 0.49 0.49 0.49 0.49 0.49 0.49 0.49 0.49 0.49 0.49 0.49 0.49 0.49 0.49 0.49 0.49 0.49 0.49 0.49 0.49 0.49 0.49 0.49 0.49 0.49 0.49 0.49 0.49 0.49 0.49 0.49 0.49 0.49 0.49 0.49 0.49 0.49 0.49 0.49 0.49 0.49 0.49 0.49 0.49 0.49 0.49 0.49 0.49 0.49 0.49 0.49 0.49 0.49 0.49 0.49 0.49 0.49 0.49 0.49 0.49 0.49 0.49 0.49 0.49 0.49 0.49 0.49 0.49 0.49 0.49 0.49 0.49 0.49 0.49 0.49 0.49 0.49 0.49 0.49 0.49 0.49 0.49 0.49 0.49 0.49 0.49 0.49 0.49 0.49 0.49 0.49 0.49 0.49 0.49 0.49 0.49 0.49 0.49 0.49 0.49 0.49 0.49 0.49 0.49 0.49 0.49 0.49 0.49 0.49 0.49 0.49 0.49 0.49 0.49 0.49 0.49 0.49 0.49 0.49 0.49 0.49 0.49 0.49 0.49 0.49 0.49 0.49 0.49 0.49 0.49 0.49 0.49 0.49 0.49 0.49 0.49 0.49 0.49 0.49 0.49 0.49 0.49 0.49 0.49 0.49 0.49 0.49 0.49 0.49 0.49 0.49 0.49 0.49 0.49 0.49 0.49 0.49 0.49 0.49 0.49 0.49 0.49 0.49 0.49 0.49 0.49 0.49 0.49 0.49 0.49 0.49 0.49 0.49 0.49 0.49 0.49 0.49 0.49 0.49 0.49 0.49 0.49 0.49 0.49 0.49 0.49 0.49 0.49 0.49 0.49 0.49 0.49 0.49 0.49 0.49 0.49 0.49 0.49 0.49 0.49 0.49 0.49 0.49 0.49 0.49 0.49 0.49 0.49 0.49 0.49 0.49 0.49 0.49 0.49 0.49 0.49 0.49 0.49 0.49 0.49 0.49 0.49 0.49 0.49 0.49 0.49 0.49 0.49 0.49 0.49 0.49 0.49 0.49 0.49 0.49 0.49 0.49 0.49 0.49 0.49 0.49 0.49 0.49 0.49 0.49 0.49 0.49 0.49 0.49 0.49 0.49 0.49 0.49 0.49 0.49 0.49 0.49 0.49 0.49 0.49 0.49 0.49 0.49 0.49 0.49 0.49 0.49 0.49 0.49 0.49 0.49 0.49 0.49 0.49 0.49 0.49 0.49 0.49 0.49 0.49 0.49 0.49 0.49 0.49 0.49 0.49 0.49 0.49 0.49 0.49 0.49 0.49 0.49 0.49 0.49 0.49 0.49 0.49 0.49 0.49 0.49 0.49 0.49 0.49 0.49 0.49 0.49 0.49 0.49 0.49 0.49 0.49 0.49 0.49 0.49 0.49 0.49 0.49 0.49 0.49 0.49 0.49 0.49 0.49 0.49 0.49 0.49 0.49 0.49 0.49 0.49 0.49 0.49 0.49 0.49 0.49 0.49 0.49 0.49 0.49 0.49 0.49 0.49 0.49 0.49 0.49 0.49 0.49 0.49 0.49 0.49 0.49 0.49 0.49 0.49 0.49 0.49 0.49 0.49 0.49 0.49 0.49 0.49 0.49 0.49 0.49 0.49 0.49 0.49 0.49 0.49 0.49 0.49 0.49 0.49 0.49 0.49 0.49 0.49 0.49 0.49 0.49 0.49 0.49 0.49 0.49 0.49 0.49 0.49 0.49 0.49 0.49 0.49 0.49 0.49 0.49 0.49 0.49 0.49 0.49 0.49 0.49 0.49 0.49 0.49 0.49 0.49 0.49 0.49 0.49 0.49 0.49 0.49 0.49 0.49 0.49 0.49 0.49 0.49 0.49 0.49 0.49 0.49 0.49 0.49 0.49 0.49 0.49 0.49 0.49 0.49 0.49 0.49 0.49 0.49 0.49 0.49 0.49 0.49 0.49 0.49 0.49 0.49 0.49 0.49 0.49 0.49 0.49 0.49 0.49 0.49 0.49 0.49 0.49 0.49 0.49 0.49 0.49 0.49 0.49 0.49 0.49 0.49 0.49 0.49 0.49 0.49 0.49 0.49 0.49 0.49 0.49 0.49 0.49 0.49 0.49 0.49 0.49 0.49 0.49 0.49 0.49 0.49 0.49 0.49 0.49 0.49 0.49 0.49 0.49 0.49 0.49 0.49 0.49 0.49 0.49 0.49 0.49 0.49 0.49 0.49 0.49 0.49 0.49 0.49 0.49 0.49 0.49 0.49 0.49 0.49 0.49 0.49 0.49 0.49 0.49 0.49 0.49 0.49 0.49 0.49 0.49 0.49 0.49 0.49 0.49 0.49 0.49 0.49 0.49 0.49 0.49 0.49 0.49 0.49 0.49 0.49 0.49 0.49 0.49 0.49 0.49 0.49 0.49 0.49 0.49 0.49 0.49 0.49 0.49 0.49 0.49 0.49 0.49 0.49 0.49 0.49 0.49 0.49 0.49 0.49 0.49 0.49 0.49 0.49 0.49 0.49 0.49 0.49 0.49 0.49 0.49 0.49 0.49 0.49 0.49 0.49 0.49 0.49 0.49 0.49 0.49 0.49 0.49 0.49 0.49 0.49 0.49 0.49 0.49 0.49 0.49 0.49 0.49 0.49 0.49 0.49 0.49 0.49 0.49 0.49 0.49 0.49 0.49 0.49 0.49 0.49 0.49 0.49 0.49 0.49 0.49 0.49 0.49 0.49 0.49 0.49 0.49 0.49 0.49 0.49 0.49 0.49 0.49 0.49 0.49 0.49 0.49 0.49 0.49 0.49 0.49 0.49 0.49 0.49 0.49 0.49 0.49 0.49 0.49 0.49 0.49 0.49 0.49 0.49 0.49 0.49 0.49 0.49 0.49 0.49 0.49 0.49 0.49 0.49 0.49 0.49 0.49 0.49 0.49 0.49 0.49 0.49 0.49 0.49 0.49 0.49 0.49 0.49 0.49 0.49 0.49 0.49 0.49 0.49 0.49 0.49 0.49 0.49 0.49 0.49 0.49 0.49 0.49 0.49 0.49 0.49 0.49 0.49 0.49 0.49 0.49 0.49 0.49 0.49 0.49 0.49 0.49 0.49 0.49 0.49 0.49 0.49 0.49 0.49 0.49 0.49 0.49 0.49 0.49 0.49 0.49 0.49 0.49 0.49 0.49 0.49 0.49 0.49 0.49 0.49 0.49 0.49 0.49 0.49 0.49 0.49 0.49 0.49 0.49 0.49 0.49 0.49 0.49 0.49 0.49 0.49 0.49 0.49 0.49 0.49 0.49 0.49 0.49 0.49 0.49 0.49 0.49 0.49 0.49 0.49 0.49 0.49 0.49 0.49 0.49 0.49 0.49 0.49 0.49 0.49 0.49 0.49 0.49 0.49 0.49 0.49 0.49 0.49 0.49 0.49 0.49 0.49 0.49 0.49 0.49 0.49 0.49 0.49 0.49 0.49 0.49 0.49 0.49 0.49 0.49 0.49 0.49 0.49 0.49 0.49 0.49 0.49 0.49 0.49 0.49 0.49 0.49 0.49 0.49 0.49 0.49 0.49 0.49 0.49 0.49 0.49 0.49 0.49 0.49 0.49 0.49 0.49 0.49 0.49 0.49 0.49 0.49 0.49 0.49 0.49 0.49 0.49 0.49 0.49 0.49 0.49 0.49 0.49 0.49 0.49 0.49 0.49 0.49 0.49 0.49 0.49 0.49 0.49 0.49 0.49 0.49 0.49 0.49 0.49 0.49 0.49 0.49 0.49 0.49 0.49 0.49 0.49 0.49 0.49 0.49 0.49 0.49 0.49 0.49 0.49 0.49 0.49 0.49 0.49 0.49 0.49 0.49 0.49 0.49 0.49 0.49 0.49 0.49 0.49 0.49 0.49 0.49 0.49 0.49 0.49 0.49 0.49 0.49 0.49 0.49 0.49 0.49 0.49 0.49 0.49 0.49 0.49 0.49 0.49 0.49 0.49 0.49 0.49 0.49 0.49 0.49 0.49 0.49 0.49 0.49 0.49 0.49 0.49 0.49 0.49 0.49 0.49 0.49 0.49 0.49 0.49 0.49 0.49 0.49 0.49 0.49 0.49 0.49 0.49 0.49 0.49 0.49 0.49 0.49 0.49 0.49 0.49 0.49 0.49 0.49 0.49 0.49 0.49 0.49 0.49 0.49 0.49 0.49 0.49 0.49 0.49 0.49 0.49 0.49 0.49 0.49 0.49 0.49 0.49 0.49 0.49 0.49 0.49 0.49 0.49 0.49 0.49 0.49 0.49 0.49 0.49 0.49 0.49 0.49 0.49 0.49 0.49 0.49 0.49 0.49 0.49 0.49 0.49 0.49 0.49 0.49 0.49 0.49 0.49 0.49 0.49 0.49 0.49 0.49 0.49 0.49 0.49 0.49 0.49 0.49 0.49 0.49 0.49 0.49 0.49 0.49 0.49 0.49 0.49 0.49 0.49 0.49 0.49 0.49 0.49 0.49 0.49 0.49 0.49 0.49 0.49 0.49 0.49 0.49 0.49 0.49 0.49 0.49 0.49 0.49 0.49 0.49 0.49 0.49 0.49 0.49 0.49 0.49 0.49 0.49 0.49 0.49 0.49 0.49 0.49 0.49 0.49 0.49 0.49 0.49 0.49 0.49 0.49 0.49 0.49 0.49 0.49 0.49 0.49 0.49 0.49 0.49 0.49 0.49 0.49 0.49 0.49 0.49 0.49 0.49 0.49 0.49 0.49 0.49 0.49 0.49 0.49 0.49 0.49 0.49 0.49 0.49 0.49 0.49 0.49 0.49 0.49 0.49 0.49 0.49 0.49 0.49 0.49 0.49 0.49 0.49 0.49 0.49 0.49 0.49 0.49 0.49 0.49 0.49 0.49 0.49 0.49 0.49 0.49 0.49 0.49 0.49 0.49 0.49 0.49 0.49 0.49 0.49 0.49 0.49 0.49 0.49 0.49 0.49 0.49 0.49 0.49 0.49 0.49 0.49 0.49 0.49 0.49 0.49 0.49 0.49 0.49 0.49 0.49 0.49 0.49 0.49 0.49 0.49 0.49 0.49 0.49 0.49 0.49 0.49 0.49 0.49 0.49 0.49 0.49 0.49 0.49 0.49 0.49 0.49 0.49 0.49 0.49 0.49 0.49 0.49 0.49 0.49 0.49 0.49 0.49 0.49 0.49 0.49 0.49 0.49 0.49 0.49 0.49 0.49 0.49 0.49 0.49 0.49 0.49 0.49 0.49 0.49 0.49 0.49 0.49 0.49 0.49 0.49 0.49 0.49 0.49 0.49 0.49 0.49 0.49 0.49 0.49 0.49 0.49 0.49 0.49 0.49 0.49 0.49 0.49 0.49 0.49 0.49 0.49 0.49 0.49 0.49 0.49 0.49 0.49 0.49 0.49 0.49 0.49 0.49 0.49 0.49 0.49 0.49 0.49 0.49 0.49 0.49 0.49 0.49 0.49 0.49 0.49 0.49 0.49 0.49 0.49 0.49 0.49 0.49 0.49 0.49 0.49 0.49 0.49 0.49 0.49 0.49 0.49 0.49 0.49 0.49 0.49 0.49 0.49 0.49 0.49 0.49 0.49 0.49 0.49 0.49 0.49 0.49 0.49 0.49 0.49 0.49 0.49 0.49 0.49 0.49 0.49 0.49 0.49 0.49 0.49 0.49 0.49 0.49 0.49 0.49 0.49 0.49 0.49 0.49 0.49 0.49 0.49 0.49 0.49 0.49 0.49 0.49 0.49 0.49 0.49 0.49 0.49 0.49 0.49 0.49 0.49 0.49 0.49 0.49 0.49 0.49 0.49 0.49 0.49 0.49 0.49 0.49 0.49 0.49 0.49 0.49 0.49 0.49 0.49 0.49 0.49 0.49 0.49 0.49 0.49 0.49 0.49 0.49 0.49 0.49 0.49 0.49 0.49 0.49 0.49 0.49 0.49 0.49 0.49 0.49 0.49 0.49 0.49 0.49 0.49 0.49 0.49 0.49 0.49 0.49 0.49 0.49 0.49 0.49 0.49 0.49 0.49 0.49 0.49 0.49 0.49 0.49 0.49 0.49 0.49 0.49 0.49 0.49 0.49 0.49 0.49 0.49 0.49 0.49 0.49 0.49 0.49 0.49 0.49 0.49 0.49 0.49 0.49 0.49 0.49 0.49 0.49 0.49 0.49 0.49 0.49 0.49 0.49 0.49 0.49 0.49 0.49 0.49 0.49 0.49 0.49 0.49 0.49 0.49 0.49 0.49 0.49 0.49 0.49 0.49 0.49 0.49 0.49 0.49 0.49 0.49 0.49 0.49 0.49 0.49 0.49 0.49 0.49 0.49 0.49 0.49 0.49 0.49 0.49 0.49 0.49 0.49 0.49 0.49 0.49 0.49 0.49 0.49 0.49 0.49 0.49 0.49 0.49 0.49 0.49 0.49 0.49 0.49 0.49 0.49 0.49 0.49 0.49 0.49 0.49 0.49 0.49 0.49 0.49 0.49 0.49 0.49 0.49 0.49 0.49 0.49 0.49 0.49 0.49 0.49 0.49 0.49 0.49 0.49 0.49 0.49 0.49 0.49 0.49 0.49 0.49 0.49 0.49 0.49 0.49 0.49 0.49 0.49 0.49 0.49 0.49 0.49 0.49 0.49 0.49 0.49 0.49 0.49 0.49 0.49 0.49 0.49 0.49 0.49 0.49 0.49 0.49 0.49 0.49 0.49 0.49 0.49 0.49 0.49 0.49 0.49 0.49 0.49 0.49 0.49 0.49 0.49 0.49 0.49 0.49 0.49 0.49 0.49 0.49 0.49 0.49 0.49 0.49 0.49 0.49 0.49 0.49 0.49 0.49 0.49 0.49 0.49 0.49 0.49 0.49 0.49 0.49 0.49 0.49 0.49 0.49 0.49 0.49 0.49 0.49 0.49 0.49 0.49 0.49 0.49 0.49 0.49 0.49 0.49 0.49 0.49 0.49 0.49 0.49 0.49 0.49 0.49 0.49 0.49 0.49 0.49 0.49 0.49 0.49 0.49 0.49 0.49 0.49 0.49 0.49 0.49 0.49 0.49 0.49 0.49 0.49 0.49 0.49 0.49 0.49 0.49 0.49 0.49 0.49 0.49 0.49 0.49 0.49 0.49 0.49 0.49 0.49 0.49 0.49 0.49 0.49 0.49 0.49 0.49 0.49 0.49 0.49 0.49 0.49 0.49 0.49 0.49 0.49 0.49 0.49 0.49 0.49 0.49 0.49 0.49 0.49 0.49 0.49 0.49 0.49 0.49 0.49 0.49 0.49 0.49 0.49 0.49 0.49 0.49 0.49 0.49 0.49 0.49 0.49 0.49 0.49 0.49 0.49 0.49 0.49 0.49 0.49 0.49 0.49 0.49 0.49 0.49 0.49 0.49 0.49 0.49 0.49 0.49 0.49 0.49 0.49 0.49 0.49 0.49 0.49 0.49 0.49 0.49 0.49 0.49 0.49 0.49 0.49 0.49 0.49 0.49 0.49 0.49 0.49 0.49 0.49 0.49 0.49 0.49 0.49 0.49 0.49 0.49 0.49 0.49 0.49 0.49 0.49 0.49 0.49 0.49 0.49 0.49 0.49 0.49 0.49 0.49 0.49 0.49 0.49 0.49 0.49 0.49 0.49 0.49 0.49 0.49 0.49 0.49 0.49 0.49 0.49 0.49 0.49 0.49 0.49 0.49 0.49 0.49 0.49 0.49 0.49 0.49 0.49 0.49 0.49 0.49 0.49 0.49 0.49 0.49 0.49 0.49 0.49 0.49 0.49 0.49 0.49 0.49 0.49 0.49 0.49 0.49 0.49 0.49 0.49 0.49 0.49 0.49 0.49 0.49 0.49 0.49 0.49 0.49 0.49 0.49 0.49 0.49 0.49 0.49 0.49 0.49 0.49 0.49 0.49 0.49 0.49 0.49 0.49 0.49 0.49 0.49 0.49 0.49 0.49 0.49 0.49 0.49 0.49 0.49 0.49 0.49 0.49 0.49 0.49 0.49 0.49 0.49 0.49 0.49 0.49 0.49 0.49 0.49 0.49 0.49 0.49 0.49 0.49 0.49 0.49 0.49 0.49 0.49 0.49 0.49 0.49 0.49 0.49 0.49 0.49 0.49 0.49 0.49 0.49 0.49 0.49 0.49 0.49 0.49 0.49 0.49 0.49 0.49 0.49 0.49 0.49 0.49 0.49 0.49 0.49 0.49 0.49 0.49 0.49 0.49 0.49 0.49 0.49 0.49 0.49 0.49 0.49 0.49 0.49 0.49 0.49 0.49 0.49 0.49 0.49 0.49 0.49 0.49 0.49 0.49 0.49 0.49 0.49 0.49 0.49 0.49 0.49 0.49 0.49 0.49 0.49 0.49 0.49 0.49 0.49 0.49 0.49 0.49 0.49 0.49 0.49 0.49 0.49 0.49 0.49 0.49 0.49 0.49 0.49 0.49 0.49 0.49 0.49 0.49 0.49 0.49 0.49 0.49 0.49 0.49 0.49 0.49 0.49 0.49 0.49 0.49 0.49 0.49 0.49 0.49 0.49 0.49 0.49 0.49 0.49 0.49 0.49 0.49 0.49 0.49 0.49 0.49 0.49 0.49 0.49 0.49 0.49 0.49 0.49 0.49 0.49 0.49 0.49 0.49 0.49 0.49 0.49 0.49 0.49 0.49 0.49 0.49 0.49 0.49 0.49 0.49 0.49 0.49 0.49 0.49 0.49 0.49 0.49 0.49 0.49 0.49 0.49 0.49 0.49 0.49 0.49 0.49 0.49 0.49 0.49 0.49 0.49 0.49 0.49 0.49 0.49 0.49 0.49 0.49 0.49 0.49 0.49 0.49 0.49 0.49 0.49 0.49 0.49 0.49 0.49 0.49 0.49 0.49 0.49 0.49 0.49 0.49 0.49 0.49 0.49 0.49 0.49 0.49 0.49 0.49 0.49 0.49 0.49 0.49 0.49 0.49 0.49 0.49 0.49 0.49 0.49 0.49 0.49 0.49 0.49 0.49 0.49 0.49 0.49 0.49 0.49 0.49 0.49 0.49 0.49 0.49 0.49 0.49 0.49 0.49 0.49 0.49 0.49 0.49 0.49 0.49 0.49 0.49 0.49 0.49 0.49 0.49 0.49 0.49 0.49 0.49 0.49 0.49 0.49 0.49 0.49 0.49 0.49 0.49 0.49 0.49 0.49 0.49 0.49 0.49 0.49 0.49 0.49 0.49 0.49 0.49 0.49 0.49 0.49 0.49 0.49 0.49 0.49 0.49 0.49 0.49 0.49 0.49 0.49 0.49 0.49 0.49 0.49 0.49 0.49 0.49 0.49 0.49 0.49 0.49 0.49 0.49 0.49 0.49 0.49 0.49 0.49 0.49 0.49 0.49 0.49 0.49 0.49 0.49 0.49 0.49 0.49 0.49 0.49 0.49 0.49 0.49 0.49 0.49 0.49 0.49 0.49 0.49 0.49 0.49 0.49 0.49 0.49 0.49 0.49 0.49 0.49 0.49 0.49 0.49 0.49 0.49 0.49 0.49 0.49 0.49 0.49 0.49 0.49 0.49 0.49 0.49 0.49 0.49 0.49 0.49 0.49 0.49 0.49 0.49 0.49 0.49 0.49 0.49 0.49 0.49 0.49 0.49 0.49 0.49 0.49 0.49 0.49 0.49 0.49 0.49 0.49 0.49 0.49 0.49 0.49 0.49 0.49 0.49 0.49 0.49 0.49 0.49 0.49 0.49 0.49 0.49 0.49 0.49 0.49 0.49 0.49 0.49 0.49 0.49 0.49 0.49 0.49 0.49 0.49 0.49 0.49 0.49 0.49 0.49 0.49 0.49 0.49 0.49 0.49 0.49 0.49 0.49 0.49 0.49 0.49 0.49 0.49 0.49 0.49 0.49 0.49 0.49 0.49 0.49 0.49 0.49 0.49 0.49 0.49 0.49 0.49 0.49 0.49 0.49 0.49 0.49 0.49 0.49 0.49 0.49 0.49 0.49 0.49 0.49 0.49 0.49 0.49 0.49 0.49 0.49 0.49 0.49 0.49 0.49 0.49 0.49 0.49 0.49 0.49 0.49 0.49 0.49 0.49 0.49 0.49 0.49 0.49 0.49 0.49 0.49 0.49 0.49 0.49 0.49 0.49 0.49 0.49 0.49 0.49 0.49 0.49 0.49 0.49 0.49 0.49 0.49 0.49 0.49 0.49 0.49 0.49 0.49 0.49 0.49 0.49 0.49 0.49 0.49 0.49 0.49 0.49 0.49 0.49 0.49 0.49 0.49 0.49 0.49 0.49 0.49 0.49 0.49 0.49 0.49 0.49 0.49 0.49 0.49 0.49 0.49 0.49 0.49 0.49 0.49 0.49 0.49 0.49 0.49 0.49 0.49 0.49 0.49 0.49 0.49 0.49 0.49 0.49 0.49 0.49 0.49 0.49 0.49 0.49 0.49 0.49 0.49 0.49 0.49 0.49 0.49 0.49 0.49 0.49 0.49 0.49 0.49 0.49 0.49 0.49 0.49 0.49 0.49 0.49 0.49 0.49 0.49 0.49 0.49 0.49 0.49 0.49 0.49 0.49 0.49 0.49 0.49 0.49 0.49 0.49 0.49 0.49 0.49 0.49 0.49 0.49 0.49 0.49 0.49 0.49 0.49 0.49 0.49 0.49 0.49 0.49 0.49 0.49 0.49 0.49 0.49 0.49 0.49 0.49 0.49 0.49 0.49 0.49 0.49 0.49 0.49 0.49 0.49 0.49 0.49 0.49 0.49 0.49 0.49 0.49 0.49 0.49 0.49 0.49 0.49 0.49 0.49 0.49 0.49 0.49 0.49 0.49 0.49 0.49 0.49 0.49 0.49 0.49 0.49 0.49 0.49 0.49 0.49 0.49 0.49 0.49 0.49 0.49 0.49 0.49 0.49 0.49 0.49 0.49 0.49 0.49 0.49 0.49 0.49 0.49 0.49 0.49 0.49 0.49 0.49 0.49 0.49 0.49 0.49 0.49 0.49 0.49 0.49 0.49 0.49 0.49 0.49 0.49 0.49 0.49 0.49 0.49 0.49 0.49 0.49 0.49 0.49 0.49 0.49 0.49 0.49 0.49 0.49 0.49 0.49 0.49 0.49 0.49 0.49 0.49 0.49 0.49 0.49 0.49 0.49 0.49 0.49 0.49 0.49 0.49 0.49 0.49 0.49 0.49 0.49 0.49 0.49 0.49 0.49 0.49 0.49 0.49 0.49 0.49 0.49 0.49 0.49 0.49 0.49 0.49 0.49 0.49 0.49 0.49 0.49 0.49 0.49 0.49 0.49 0.49 0.49 0.49 0.49 0.49 0.49 0.49 0.49 0.49 0.49 0.49 0.49 0.49 0.49 0.49 0.49 0.49 0.49 0.49 0.49 0.49 0.49 0.49 0.49 0.49 0.49 0.49 0.49 0.49 0.49 0.49 0.49 0.49 0.49 0.49 0.49 0.49 0.49 0.49 0.49 0.49 0.49 0.49 0.49 0.49 0.49 0.49 0.49 0.49 0.49 0.49 0.49 0.49 0.49 0.49 0.49 0.49 0.49 0.49 0.49 0.49 0.49 0.49 0.49 0.49 0.49 0.49 0.49 0.49 0.49 0.49 0.49 0.49 0.49 0.49 0.49 0.49 0.49 0.49 0.49 0.49 0.49 0.49 0.49 0.49 0.49 0.49 0.49 0.49 0.49 0.49 0.49 0.49 0.49 0.49 0.49 0.49 0.49 0.49 0.49 0.49 0.49 0.49 0.49 0.49 0.49 0.49 0.49 0.49 0.49 0.49 0.49 0.49 0.49 0.49 0.49 0.49 0.49 0.49 0.49 0.49 0.49 0.49 0.49 0.49 0.49 0.49 0.49 0.49 0.49 0.49 0.49 0.49 0.49 0.49 0.49 0.49 0.49 0.49 0.49 0.49 0.49 0.49 0.49 0.49 0.49 0.49 0.49 0.49 0.49 0.49 0.49 0.49 0.49 0.49 0.49 0.49 0.49 0.49 0.49 0.49 0.49 0.49 0.49 0.49 0.49 0.49 0.49 0.49 0.49 0.49 0.49 0.49 0.49 0.49 0.49 0.49 0.49 0.49 0.49 0.49 0.49 0.49 0.49 0.49 0.49 0.49 0.49 0.49 0.49 0.49 0.49 0.49 0.49 0.49 0.49 0.49 0.49 0.49 0.49 0.49 0.49 0.49 0.49 0.49 0.49 0.49 0.49 0.49 0.49 0.49 0.49 0.49 0.49 0.49 0.49 0.49 0.49 0.49 0.49 0.49 0.49 0.49 0.49 0.49 0.49 0.49 0.49 0.49 0.49 0.49 0.49 0.49 0.49 0.49 0.49 0.49 0.49 0.49 0.49 0.49 0.49 0.49 0.49 0.49 0.49 0.49 0.49 0.49 0.49 0.49 0.49 0.49 0.49 0.49 0.49 0.49 0.49 0.49 0.49 0.49 0.49 0.49 0.49 0.49 0.49 0.49 0.49 0.49 0.49 0.49 0.49 0.49 0.49 0.49 0.49 0.49 0.49 0.49 0.49 0.49 0.49 0.49 0.49 0.49 0.49 0.49 0.49 0.49 0.49 0.49 0.49 0.49 0.49 0.49 0.49 0.49 0.49 0.49 0.49 0.49 0.49 0.49 0.49 0.49 0.49 0.49 0.49 0.49 0.49 0.49 0.49 0.49 0.49 0.49 0.49 0.49 0.49 0.49 0.49 0.49 0.49 0.49 0.49 0.49 0.49 0.49 0.49 0.49 0.49 0.49 0.49 0.49 0.49 0.49 0.49 0.49 0.49 0.49 0.49 0.49 0.49 0.49 0.49 0.49 0.49 0.49 0.49 0.49 0.49 0.49 0.49 0.49 0.49 0.49 0.49 0.49 0.49 0.49 0.49 0.49 0.49 0.49 0.49 0.49 0.49 0.49 0.49 0.49 0.49 0.49 0.49 0.49 0.49 0.49 0.49 0.49 0.49 0.49 0.49 0.49 0.49 0.49 0.49 0.49 0.49 0.49 0.49 0.49 0.49 0.49 0.49 0.49 0.49 0.49 0.49 0.49 0.49 0.49 0.49 0.49 0.49 0.49 0.49 0.49 0.49 0.49 0.49 0.49 0.49 0.49 0.49 0.49 0.49 0.49 0.49 0.49 0.49 0.49 0.49 0.49 0.49 0.49 0.49 0.49 0.49 0.49 0.49 0.49 0.49 0.49 0.49 0.49 0.49 0.49 0.49 0.49 0.49 0.49 0.49 0.49 0.49 0.49 0.49 0.49 0.49 0.49 0.49 0.49 0.49 0.49 0.49 0.49 0.49 0.49 0.49 0.49 0.49 0.49 0.49 0.49 0.49 0.49 0.49 0.49 0.49 0.49 0.49 0.49 0.49 0.49 0.49 0.49 0.49 0.49 0.49 0.49 0.49 0.49 0.49 0.49 0.49 0.49 0.49 0.49 0.49 0.49 0.49 0.49 0.49 0.49 0.49 0.49 0.49 0.49 0.49 0.49 0.49 0.49 0.49 0.49 0.49 0.49 0.49 0.49 0.49 0.49 0.49 0.49 0.49 0.49 0.49 0.49 0.49 0.49 0.49 0.49 0.49 0.49 0.49 0.49 0.49 0.49 0.49 0.49 0.49 0.49 0.49 0.49 0.49 0.49 0.49 0.49 0.49 0.49 0.49 0.49 0.49 0.49 0.49 0.49 0.49 0.49 0.49 0.49 0.49 0.49 0.49 0.49 0.49 0.49 0.49 0.49 0.49 0.49 0.49 0.49 0.49 0.49 0.49 0.49 0.49 0.49 0.49 0.49 0.49 0.49 0.49 0.49 0.49 0.49 0.49 0.49 0.49 0.49 0.49 0.49 0.49 0.49 0.49 0.49 0.49 0.49 0.49 0.49 0.49 0.49 0.49 0.49 0.49 0.49 0.49 0.49 0.49 0.49 0.49 0.49 0.49 0.49 0.49 0.49 0.49 0.49 0.49 0.49 0.49 0.49 0.49 0.49 0.49 0.49 0.49 0.49 0.49 0.49 0.49 0.49 0.49 0.49 0.49 0.49 0.49 0.49 0.49 0.49 0.49 0.49 0.49 0.49 0.49 0.49 0.49 0.49 0.49 0.49 0.49 0.49 0.49 0.49 0.49 0.49 0.49 0.49 0.49 0.49 0.49 0.49 0.49 0.49 0.49 0.49 0.49 0.49 0.49 0.49 0.49 0.49 0.49 0.49 0.49 0.49 0.49 0.49 0.49 0.49 0.49 0.49 0.49 0.49 0.49 0.49 0.49 0.49 0.49 0.49 0.49 0.49 0.49 0.49 0.49 0.49 0.49 0.49 0.49 0.49 0.49 0.49 0.49 0.49 0.49 0.49 0.49 0.49 0.49 0.49 0.49 0.49 0.49 0.49 0.49 0.49 0.49 0.49 0.49 0.49 0.49 0.49 0.49 0.49 0.49 0.49 0.49 0.49 0.49 0.49 0.49 0.49 0.49 0.49 0.49 0.49 0.49 0.49 0.49 0.49 0.49 0.49 0.49 0.49 0.49 0.49 0.49 0.49 0.49 0.49 0.49 0.49 0.49 0.49 0.49 0.49 0.49 0.49 0.49 0.49 0.49 0.49 0.49 0.49 0.49 0.49 0.49 0.49 0.49 0.49 0.49 0.49 0.49 0.49 0.49 0.49 0.49 0.49 0.49 0.49 0.49 0.49 0.49 0.49 0.49 0.49 0.49 0.49 0.49 0.49 0.49 0.49 0.49 0.49 0.49 0.49 0.49 0.49 0.49 0.49 0.49 0.49 0.49 0.49 0.49 0.49 0.49 0.49 0.49 0.49 0.49 0.49 0.49 0.49 0.49 0.49 0.49 0.49 0.49 0.49 0.49 0.49 0.49 0.49 0.49 0.49 0.49 0.49 0.49 0.49 0.49 0.49 0.49 0.49 0.49 0.49 0.49 0.49 0.49 0.49 0.49 0.49 0.49 0.49 0.49 0.49 0.49 0.49 0.49 0.49 0.49 0.49 0.49 0.49 0.49 0.49 0.49 0.49 0.49 0.49 0.49 0.49 0.49 0.49 0.49 0.49 0.49 0.49 0.49 0.49 0.49 0.49 0.49 0.49 0.49 0.49 0.49 0.49 0.49 0.49 0.49 0.49 0.49 0.49 0.49 0.49 0.49 0.49 0.49 0.49 0.49 0.49 0.49 0.49 0.49 0.49 0.49 0.49 0.49 0.49 0.49 0.49 0.49 0.49 0.49 0.49 0.49 0.49 0.49 0.49 0.49 0.49 0.49 0.49 0.49 0.49 0.49 0.49 0.49 0.49 0.49 0.49 0.49 0.49 0.49 0.49 0.49 0.49 0.49 0.49 0.49 0.49 0.49 0.49 0.49 0.49 0.49 0.49 0.49 0.49 0.49 0.49 0.49 0.49 0.49 0.49 0.49 0.49 0.49 0.49 0.49 0.49 0.49 0.49 0.49 0.49 0.49 0.49 0.49 0.49 0.49 0.49 0.49 0.49 0.49 0.49 0.49 0.49 0.49 0.49 0.49 0.49 0.49 0.49 0.49 0.49 0.49 0.49 0.49 0.49 0.49 0.49 0.49 0.49 0.49 0.49 0.49 0.49 0.49 0.49 0.49 0.49 0.49 0.49 0.49 0.49 0.49 0.49 0.49 0.49 0.49 0.49 0.49 0.49 0.49 0.49 0.49 0.49 0.49 0.49 0.49 0.49 0.49 0.49 0.49 0.49 0.49 0.49 0.49 0.49 0.49 0.49 0.49 0.49 0.49 0.49 0.49 0.49 0.49 0.49 0.49 0.49 0.49 0.49 0.49 0.49 0.49 0.49 0.49 0.49 0.49 0.49 0.49 0.49 0.49 0.49 0.49 0.49 0.49 0.49 0.49 0.49 0.49 0.49 0.49 0.49 0.49 0.49 0.49 0.49 0.49 0.49 0.49 0.49 0.49 0.49 0.49 0.49 0.49 0.49 0.49 0.49 0.49 0.49 0.49 0.49 0.49 0.49 0.49 0.49 0.49 0.49 0.49 0.49 0.49 0.49 0.49 0.49 0.49 0.49 0.49 0.49 0.49 0.49 0.49 0.49 0.49 0.49 0.49 0.49 0.49 0.49 0.49 0.49 0.49 0.49 0.49 0.49 0.49 0.49 0.49 0.49 0.49 0.49 0.49 0.49 0.49 0.49 0.49 0.49 0.49 0.49 0.49 0.49 0.49 0.49 0.49 0.49 0.49 0.49 0.49 0.49 0.49 0.49 0.49 0.49 0.49 0.49 0.49 0.49 0.49 0.49 0.49 0.49 0.49 0.49 0.49 0.49 0.49 0.49 0.49 0.49 0.49 0.49 0.49 0.49 0.49 0.49 0.49 0.49 0.49 0.49 0.49 0.49 0.49 0.49 0.49 0.49 0.49 0.49 0.49 0.49 0.49 0.49 0.49 0.49 0.49 0.49 0.49 0.49 0.49 0.49 0.49 0.49 0.49 0.49 0.49 0.49 0.49 0.49 0.49 0.49 0.49 0.49 0.49 0.49 0.49 0.49 0.49 0.49 0.49 0.49 0.49 0.49 0.49 0.49 0.49 0.49 0.49 0.49 0.49 0.49 0.49 0.49 0.49 0.49 0.49 0.49 0.49 0.49 0.49 0.49 0.49 0.49 0.49 0.49 0.49 0.49 0.49 0.49 0.49 0.49 0.49 0.49 0.49 0.49 0.49 0.49 0.49 0.49 0.49 0.49 0.49 0.49 0.49 0.49 0.49 0.49 0.49 0.49 0.49 0.49 0.49 0.49 0.49 0.49 0.49 0.49 0.49 0.49 0.49 0.49 0.49 0.49 0.49 0.49 0.49 0.49 0.49 0.49 0.49 0.49 0.49 0.49 0.49 0.49 0.49 0.49 0.49 0.49 0.49 0.49 0.49 0.49 0.49 0.49 0.49 0.49 0.49 0.49 0.49 0.49 0.49 0.49 0.49 0.49 0.49 0.49 0.49 0.49 0.49 0.49 0.49 0.49 0.49 0.49 0.49 0.49 0.49 0.49 0.49 0.49 0.49 0.49 0.49 0.49 0.49 0.49 0.49 0.49 0.49 0.49 0.49 0.49 0.49 0.49 0.49 0.49 0.49 0.49 0.49 0.49 0.49 0.49 0.49 0.49 0.49 0.49 0.49 0.49 0.49 0.49 0.49 0.49 0.49 0.49 0.49 0.49 0.49 0.49 0.49 0.49 0.49 0.49 0.49 0.49 0.49 0.49 0.49 0.49 0.49 0.49 0.49 0.49 0.49 0.49 0.49 0.49 0.49 0.49 0.49 0.49 0.49 0.49 0.49 0.49 0.49 0.49 0.49 0.49 0.49 0.49 0.49 0.49 0.49 0.49 0.49 0.49 0.49 0.49 0.49 0.49 0.49 0.49 0.49 0.49 0.49 0.49 0.49 0.49 0.49 0.49 0.49 0.49 0.49 0.49 0.49 0.49 0.49 0.49 0.49 0.49 0.49 0.49 0.49 0.49 0.49 0.49 0.49 0.49 0.49 0.49 0.49 0.49 0.49 0.49 0.49 0.49 0.49 0.49 0.49 0.49 0.49 0.49 0.49 0.49 0.49 0.49 0.49 0.49 0.49 0.49 0.49 0.49 0.49 0.49 0.49 0.49 0.49 0.49 0.49 0.49 0.49 0.49 0.49 0.49 0.49 0.49 0.49 0.49 0.49 0.49 0.49 0.49 0.49 0.49 0.49 0.49 0.49 0.49 0.49 0.49 0.49 0.49 0.49 0.49 0.49 0.49 0.49 0.49 0.49 0.49 0.49 0.49 0.49 0.49 0.49 0.49 0.49 0.49 0.49 0.49 0.49 0.49 0.49 0.49 0.49 0.49 0.49 0.49 0.49 0.49 0.49 0.49 0.49 0.49 0.49 0.49 0.49 0.49 0.49 0.49 0.49 0.49 0.49 0.49 0.49 0.49 0.49 0.49 0.49 0.49 0.49 0.49 0.49 0.49 0.49 0.49 0.49 0.49 0.49 0.49 0.49 0.49 0.49 0.49 0.49 0.49 0.49 0.49 0.49 0.49 0.49 0.49 0.49 0.49 0.49 0.49 0.49 0.49 0.49 0.49 0.49 0.49 0.49 0.49 0.49 0.49 0.49 0.49 0.49 0.49 0.49 0.49 0.49 0.49 0.49 0.49 0.49 0.49 0.49 0.49 0.49 0.49 0.49 0.49 0.49 0.49 0.49 0.49 0.49 0.49 0.49 0.49 0.49 0.49 0.49 0.49 0.49 0.49 0.49 0.49 0.49 0.49 0.49 0.49 0.49 0.49 0.49 0.49 0.49 0.49 0.49 0.49 0.49 0.49 0.49 0.49 0.49 0.49 0.49 0.49 0.49 0.49 0.49 0.49 0.49 0.49 0.49 0.49 0.49 0.49 0.49 0.49 0.49 0.49 0.49 0.49 0.49 0.49 0.49 0.49 0.49 0.49 0.49 0.49 0.49 0.49 0.49 0.49 0.49 0.49 0.49 0.49 0.49 0.49 0.49 0.49 0.49 0.49 0.49 0.49 0.49 0.49 0.49 0.49 0.49 0.49 0.49 0.49 0.49 0.49 0.49 0.49 0.49 0.49 0.49 0.49 0.49 0.49 0.49 0.49 0.49 0.49 0.49 0.49 0.49 0.49 0.49 0.49 0.49 0.49 0.49 0.49 0.49 0.49 0.49 0.49 0.49 0.49 0.49 0.49 0.49 0.49 0.49 0.49 0.49 0.49 0.49 0.49 0.49 0.49 0.49 0.49 0.49 0.49 0.49 0.49 0.49 0.49 0.49 0.49 0.49 0.49 0.49 0.49 0.49 0.49 0.49 0.49 0.49 0.49 0.49 0.49 0.49 0.49 0.49 0.49 0.49 0.49 0.49 0.49 0.49 0.49 0.49 0.49 0.49 0.49 0.49 0.49 0.49 0.49 0.49 0.49 0.49 0.49 0.49 0.49 0.49 0.49 0.49 0.49 0.49 0.49 0.49 0.49 0.49 0.49 0.49 0.49 0.49 0.49 0.49 0.49 0.49 0.49 0.49 0.49 0.49 0.49 0.49 0.49 0.49 0.49 0.49 0.49 0.49 0.49 0.49 0.49 0.49 0.49 0.49 0.49 0.49 0.49 0.49 0.49 0.49 0.49 0.49 0.49 0.49 0.49 0.49 0.49 0.49 0.49 0.49 0.49 0.49 0.49 0.49 0.49 0.49 0.49 0.49 0.49 0.49 0.49 0.49 0.49 0.49 0.49 0.49 0.49 0.49 0.49 0.49 0.49 0.49 0.49 0.49 0.49 0.49 0.49 0.49 0.49 0.49 0.49 0.49 0.49 0.49 0.49 0.49 0.49 0.49 0.49 0.49 0.49 0.49 0.49 0.49 0.49 0.49 0.49 0.49 0.49 0.49 0.49 0.49 0.49 0.49 0.49 0.49 0.49 0.49 0.49 0.49 0.49 0.49 0.49 0.49 0.49 0.49 0.49 0.49 0.49 0.49 0.49 0.49 0.49 0.49 0.49 0.49 0.49 0.49 0.49 0.49 0.49 0.49 0.49 0.49 0.49 0.49 0.49 0.49 0.49 0.49 0.49 0.49 0.49 0.49 0.49 0.49 0.49 0.49 0.49 0.49 0.49 0.49 0.49 0.49 0.49 0.49 0.49 0.49 0.49 0.49 0.49 0.49 0.49 0.49 0.49 0.49 0.49 0.49 0.49 0.49 0.49 0.49 0.49 0.49 0.49 0.49 0.49 0.49 0.49 0.49 0.49 0.49 0.49 0.49 0.49 0.49 0.49 0.49 0.49 0.49 0.49 0.49 0.49 0.49 0.49 0.49 0.49 0.49 0.49 0.49 0.49 0.49 0.49 0.49 0.49 0.49 0.49 0.49 0.49 0.49 0.49 0.49 0.49 0.49 0.49 0.49 0.49 0.49 0.49 0.49 0.49 0.49 0.49 0.49 0.49 0.49 0.49 0.49 0.49 0.49 0.49 0.49 0.49 0.49 0.49 0.49 0.49 0.49 0.49 0.49 0.49 0.49 0.49 0.49 0.49 0.49 0.49 0.49 0.49 0.49 0.49 0.49 0.49 0.49 0.49 0.49 0.49 0.49 0.49 0.49 0.49 0.49 0.49 0.49 0.49 0.49 0.49 0.49 0.49 0.49 0.49 0.49 0.49 0.49 0.49 0.49 0.49 0.49 0.49 0.49 0.49 0.49 0.49 0.49 0.49 0.49 0.49 0.49 0.49 0.49 0.49 0.49 0.49 0.49 0.49 0.49 0.49 0.49 0.49 0.49 0.49 0.49 0.49 0.49 0.49 0.49 0.49 0.49 0.49 0.49 0.49 0.49 0.49 0.49 0.49 0.49 0.49 0.49 0.49 0.49 0.49 0.49 0.49 0.49 0.49 0.49 0.49 0.49 0.49 0.49 0.49 0.49 0.49 0.49 0.49 0.49 0.49 0.49 0.49 0.49 0.49 0.49 0.49 0.49 0.49 0.49 0.49 0.49 0.49 0.49 0.49 0.49 0.49 0.49 0.49 0.49 0.49 0.49 0.49 0.49 0.49 0.49 0.49 0.49 0.49 0.49 0.49 0.49 0.49 0.49 0.49 0.49 0.49 0.49 0.49 0.49 0.49 0.49 0.49 0.49 0.49 0.49 0.49 0.49 0.49 0.49 0.49 0.49 0.49 0.49 0.49 0.49 0.49 0.49 0.49 0.49 0.49 0.49 0.49 0.49 0.49 0.49 0.49 0.49 0.49 0.49 0.49 0.49 0.49 0.49 0.49 0.49 0.49 0.49 0.49 0.49 0.49 0.49 0.49 0.49 0.49 0.49 0.49 0.49 0.49 0.49 0.49 0.49 0.49 0.49 0.49 0.49 0.49 0.49 0.49 0.49 0.49 0.49 0.49 0.49 0.49 0.49 0.49 0.49 0.49 0.49 0.49 0.49 0.49 0.49 0.49 0.49 0.49 0.49 0.49 0.49 0.49 0.49 0.49 0.49 0.49 0.49 0.49 0.49 0.49 0.49 0.49 0.49 0.49 0.49 0.49 0.49 0.49 0.49 0.49 0.49 0.49 0.49 0.49 0.49 0.49 0.49 0.49 0.49 0.49 0.49 0.49 0.49 0.49 0.49 0.49 0.49 0.49 0.49 0.49 0.49 0.49 0.49 0.49 0.49 0.49 0.49 0.49 0.49 0.49 0.49 0.49 0.49 0.49 0.49 0.49 0.49 0.49 0.49 0.49 0.49 0.49 0.49 0.49 0.49 0.49 0.49 0.49 0.49 0.49 0.49 0.49 0.49 0.49 0.49 0.49 0.49 0.49 0.49 0.49 0.49 0.49 0.49 0.49 0.49 0.49 0.49 0.49 0.49 0.49 0.49 0.49 0.49 0.49 0.49 0.49 0.49 0.49 0.49 0.49 0.49 0.49 0.49 0.49 0.49 0.49 0.49 0.49 0.49 0.49 0.49 0.49 0.49 0.49 0.49 0.49 0.49 0.49 0.49 0.49 0.49 0.49 0.49 0.49 0.49 0.49 0.49 0.49 0.49 0.49 0.49 0.49 0.49 0.49 0.49 0.49 0.49 0.49 0.49 0.49 0.49 0.49 0.49 0.49 0.49 0.49 0.49 0.49 0.49 0.49 0.49 0.49 0.49 0.49 0.49 0.49 0.49 0.49 0.49 0.49 0.49 0.49 0.49 0.49 0.49 0.49 0.49 0.49 0.49 0.49 0.49 0.49 0.49 0.49 0.49 0.49 0.49 0.49 0.49 0.49 0.49 0.49 0.49 0.49 0.49 0.49 0.49 0.49 0.49 0.49 0.49 0.49 0.49 0.49 0.49 0.49 0.49 0.49 0.49 0.49 0.49 0.49 0.49 0.49 0.49 0.49 0.49 0.49 0.49 0.49 0.49 0.49 0.49 0.49 0.49 0.49 0.49 0.49 0.49 0.49 0.49 0.49 0.49 0.49 0.49 0.49 0.49 0.49 0.49 0.49 0.49 0.49 0.49 0.49 0.49 0.49 0.49 0.49 0.49 0.49 0.49 0.49 0.49 0.49 0.49 0.49 0.49 0.49 0.49 0.49 0.49 0.49 0.49 0.49 0.49 0.49 0.49 0.49 0.49 0.49 0.49 0.49 0.49 0.49 0.49 0.49 0.49 0.49 0.49 0.49 0.49 0.49 0.49 0.49 0.49 0.49 0.49 0.49 0.49 0.49 0.49 0.49 0.49 0.49 0.49 0.49 0.49 0.49 0.49 0.49 0.49 0.49 0.49 0.49 0.49 0.49 0.49 0.49 0.49 0.49 0.49 0.49 0.49 0.49 0.49 0.49 0.49 0.49 0.49 0.49 0.49 0.49 0.49 0.49 0.49 0.49 0.49 0.49 0.49 0.49 0.49 0.49 0.49 0.49 0.49 0.49 0.49 0.49 0.49 0.49 0.49 0.49 0.49 0.49 0.49 0.49 0.49 0.49 0.49 0.49 0.49 0.49 0.49 0.49 0.49 0.49 0.49 0.49 0.49 0.49 0.49 0.49 0.49 0.49 0.49 0.49 0.49 0.49 0.49 0.49 0.49 0.49 0.49 0.49 0.49 0.49 0.49 0.49 0.49 0.49 0.49 0.49 0.49 0.49 0.49 0.49 0.49 0.49 0.49 0.49 0.49 0.49 0.49 0.49 0.49 0.49 0.49 0.49 0.49 0.49 0.49 0.49 0.49 0.49 0.49 0.49 0.49 0.49 0.49 0.49 0.49 0.49 0.49 0.49 0.49 0.49 0.49 0.49 0.49 0.49 0.49 0.49 0.49 0.49 0.49 0.49 0.49 0.49 0.49 0.49 0.49 0.49 0.49 0.49 0.49 0.49 0.49 0.49 0.49 0.49 0.49 0.49 0.49 0.49 0.49 0.49 0.49 0.49 0.49 0.49 0.49 0.49 0.49 0.49 0.49 0.49 0.49 0.49 0.49 0.49 0.49 0.49 0.49 0.49 0.49 0.49 0.49 0.49 0.49 0.49 0.49 0.49 0.49 0.49 0.49 0.49 0.49 0.49 0.49 0.49 0.49 0.49 0.49 0.49 0.49 0.49 0.49 0.49 0.49 0.49 0.49 0.49 0.49 0.49 0.49 0.49 0.49 0.49 0.49 0.49 0.49 0.49 0.49 0.49 0.49 0.49 0.49 0.49 0.49 0.49 0.49 0.49 0.49 0.49 0.49 0.49 0.49 0.49 0.49 0.49 0.49 0.49 0.49 0.49 0.49 0.49 0.49 0.49 0.49 0.49 0.49 0.49 0.49 0.49 0.49 0.49 0.49 0.49 0.49 0.49 0.49 0.49 0.49 0.49 0.49 0.49 0.49 0.49 0.49 0.49 0.49 0.49 0.49 0.49 0.49 0.49 0.49 0.49 0.49 0.49 0.49 0.49 0.49 0.49 0.49 0.49 0.49 0.49 0.49 0.49 0.49 0.49 0.49 0.49 0.49 0.49 0.49 0.49 0.49 0.49 0.49 0.49 0.49 0.49 0.49 0.49 0.49 0.49 0.49 0.49 0.49 0.49 0.49 0.49 0.49 0.49 0.49 0.49 0.49 0.49 0.49 0.49 0.49 0.49 0.49 0.49 0.49 0.49 0.49 0.49 0.49 0.49 0.49 0.49 0.49 0.49 0.49 0.49 0.49 0.49 0.49 0.49 0.49 0.49 0.49 0.49 0.49 0.49 0.49 0.49 0.49 0.49 0.49 0.49 0.49 0.49 0.49 0.49 0.49 0.49 0.49 0.49 0.49 0.49 0.49 0.49 0.49 0.49 0.49 0.49 0.49 0.49 0.49 0.49 0.49 0.49 0.49 0.49 0.49 0.49 0.49 0.49 0.49 0.49 0.49 0.49 0.49 0.49 0.49 0.49 0.49 0.49 0.49 0.49 0.49 0.49 0.49 0.49 0.49 0.49 0.49 0.49 0.49 0.49 0.49 0.49 0.49 0.49 0.49 0.49 0.49 0.49 0.49 0.49 0.49 0.49 0.49 0.49 0.49 0.49 0.49 0.49 0.49 0.49 0.49 0.49 0.49 0.49 0.49 0.49 0.49 0.49 0.49 0.49 0.49 0.49 0.49 0.49 0.49 0.49 0.49 0.49 0.49 0.49 0.49 0.49 0.49 0.49 0.49 0.49 0.49 0.49 0.49 0.49 0.49 0.49 0.49 0.49 0.49 0.49 0.49 0.49 0.49 0.49 0.49 0.49 0.49 0.49 0.49 0.49 0.49 0.49 0.49 0.49 0.49 0.49 0.49 0.49 0.49 0.49 0.49 0.49 0.49 0.49 0.49 0.49 0.49 0.49 0.49 0.49 0.49 0.49 0.49 0.49 0.49 0.49 0.49 0.49 0.49 0.49 0.49 0.49 0.49 0.49 0.49 0.49 0.49 0.49 0.49 0.49 0.49 0.49 0.49 0.49 0.49 0.49 0.49 0.49 0.49 0.49 0.49 0.49 0.49 0.49 0.49 0.49 0.49 0.49 0.49 0.49 0.49 0.49 0.49 0.49 0.49 0.49 0.49 0.49 0.49 0.49 0.49 0.49 0.49 0.49 0.49 0.49 0.49 0.49 0.49 0.49 0.49 0.49 0.49 0.49 0.49 0.49 0.49 0.49 0.49 0.49 0.49 0.49 0.49 0.49 0.49 0.49 0.49 0.49 0.49 0.49 0.49 0.49 0.49 0.49 0.49 0.49 0.49 0.49 0.49 0.49 0.49 0.49 0.49 0.49 0.49 0.49 0.49 0.49 0.49 0.49 0.49 0.49 0.49 0.49 0.49 0.49 0.49 0.49 0.49 0.49 0.49 0.49 0.49 0.49 0.49 0.49 0.49 0.49 0.49 0.49 0.49 0.49 0.49 0.49 0.49 0.49 0.49 0.49 0.49 0.49 0.49 0.49 0.49 0.49 0.49 0.49 0.49 0.49 0.49 0.49 0.49 0.49 0.49 0.49 0.49 0.49 0.49 0.49 0.49 0.49 0.49 0.49 0.49 0.49 0.49 0.49 0.49 0.49 0.49 0.49 0.49 0.49 0.49 0.49 0.49 0.49 0.49 0.49 0.49 0.49 0.49 0.49 0.49 0.49 0.49 0.49 0.49 0.49 0.49 0.49 0.49 0.49 0.49 0.49 0.49 0.49 0.49 0.49 0.49 0.49 0.49 0.49 0.49 0.49 0.49 0.49 0.49 0.49 0.49 0.49 0.49 0.49 0.49 0.49 0.49 0.49 0.49 0.49 0.49 0.49 0.49 0.49 0.49 0.49 0.49 0.49 0.49 0.49 0.49 0.49 0.49 0.49 0.49 0.49 0.49 0.49 0.49 0.49 0.49 0.49 0.49 0.49 0.49 0.49 0.49 0.49 0.49 0.49 0.49 0.49 0.49 0.49 0.49 0.49 0.49 0.49 0.49 0.49 0.49 0.49 0.49 0.49 0.49 0.49 0.49 0.49 0.49 0.49 0.49 0.49 0.49 0.49 0.49 0.49 0.49 0.49 0.49 0.49 0.49 0.49 0.49 0.49 0.49 0.49 0.49 0.49 0.49 0.49 0.49 0.49 0.49 0.49 0.49 0.49 0.49 0.49 0.49 0.49 0.49 0.49 0.49 0.49 0.49 0.49 0.49 0.49 0.49 0.49 0.49 0.49 0.49 0.49 0.49 0.49 0.49 0.49 0.49 0.49 0.49 0.49 0.49 0.49 0.49 0.49 0.49 0.49 0.49 0.49 0.49 0.49 0.49 0.49 0.49 0.49 0.49 0.49 0.49 0.49 0.49 0.49 0.49 0.49 0.49 0.49 0.49 0.49 0.49 0.49 0.49 0.49 0.49 0.49 0.49 0.49 0.49 0.49 0.49 0.49 0.49 0.49 0.49 0.49 0.49 0.49 0.49 0.49 0.49 0.49 0.49 0.49 0.49 0.49 0.49 0.49 0.49 0.49 0.49 0.49 0.49 0.49 0.49 0.49 0.49 0.49 0.49 0.49 0.49 0.49 0.49 0.49 0.49 0.49 0.49 0.49 0.49 0.49 0.49 0.49 0.49 0.49 0.49 0.49 0.49 0.49 0.49 0.49 0.49 0.49 0.49 0.49 0.49 0.49 0.49 0.49 0.49 0.49 0.49 0.49 0.49 0.49 0.49 0.49 0.49 0.49 0.49 0.49 0.49 0.49 0.49 0.49 0.49 0.49 0.49 0.49 0.49 0.49 0.49 0.49 0.49 0.49 0.49 0.49 0.49 0.49 0.49 0.49 0.49 0.49 0.49 0.49 0.49 0.49 0.49 0.49 0.49 0.49 0.49 0.49 0.49 0.49 0.49 0.49 0.49 0.49 0.49 0.49 0.49 0.49 0.49 0.49 0.49 0.49 0.49 0.49 0.49 0.49 0.49 0.49 0.49 0.49 0.49 0.49 0.49 0.49 0.49 0.49 0.49 0.49 0.49 0.49 0.49 0.49 0.49 0.49 0.49 0.49 0.49 0.49 0.49 0.49 0.49 0.49 0.49 0.49 0.49 0.49 0.49 0.49 0.49 0.49 0.49 0.49 0.49 0.49 0.49 0.49 0.49 0.49 0.49 0.49 0.49 0.49 0.49 0.49 0.49 0.49 0.49 0.49 0.49 0.49 0.49 0.49 0.49 0.49 0.49 0.49 0.49 0.49 0.49 0.49 0.49 0.49 0.49 0.49 0.49 0.49 0.49 0.49 0.49 0.49 0.49 0.49 0.49 0.49 0.49 0.49 0.49 0.49 0.49 0.49 0.49 0.49 0.49 0.49 0.49 0.49 0.49 0.49 0.49 0.49 0.49 0.49 0.49 0.49 0.49 0.49 0.49 0.49 0.49 0.49 0.49 0.49 0.49 0.49 0.49 0.49 0.49 0.49 0.49 0.49 0.49 0.49 0.49 0.49 0.49 0.49 0.49 0.49 0.49 0.49 0.49 0.49 0.49 0.49 0.49 0.49 0.49 0.49 0.49 0.49 0.49 0.49 0.49 0.49 0.49 0.49 0.49 0.49 0.49 0.49 0.49 0.49 0.49 0.49 0.49 0.49 0.49 0.49 0.49 0.49 0.49 0.49 0.49 0.49 0.49 0.49 0.49 0.49 0.49 0.49 0.49 0.49 0.49 0.49 0.49 0.49 0.49 0.49 0.49 0.49 0.49 0.49 0.49 0.49 0.49 0.49 0.49 0.49 0.49 0.49 0.49 0.49 0.49 0.49 0.49 0.49 0.49 0.49 0.49 0.49 0.49 0.49 0.49 0.49 0.49 0.49 0.49 0.49 0.49 0.49 0.49 0.49 0.49 0.49 0.49 0.49 0.49 0.49 0.49 0.49 0.49 0.49 0.49 0.49 0.49 0.49 0.49 0.49 0.49 0.49 0.49 0.49 0.49 0.49 0.49 0.49 0.49 0.49 0.49 0.49 0.49 0.49 0.49 0.49 0.49 0.49 0.49 0.49 0.49 0.49 0.49 0.49 0.49 0.49 0.49 0.49 0.49 0.49 0.49 0.49 0.49 0.49 0.49 0.49 0.49 0.49 0.49 0.49 0.49 0.49 0.49 0.49 0.49 0.49 0.49 0.49 0.49 0.49 0.49 0.49 0.49 0.49 0.49 0.49 0.49 0.49 0.49 0.49 0.49 0.49 0.49 0.49 0.49 0.49 0.49 0.49 0.49 0.49 0.49 0.49 0.49 0.49 0.49 0.49 0.49 0.49 0.49 0.49 0.49 0.49 0.49 0.49 0.49 0.49 0.49 0.49 0.49 0.49 0.49 0.49 0.49 0.49 0.49 0.49 0.49 0.49 0.49 0.49 0.49 0.49 0.49 0.49 0.49 0.49 0.49 0.49 0.49 0.49 0.49 0.49 0.49 0.49 0.49 0.49 0.49 0.49 0.49 0.49 0.49 0.49 0.49 0.49 0.49 0.49 0.49 0.49 0.49 0.49 0.49 0.49 0.49 0.49 0.49 0.49 0.49 0.49 0.49 0.49 0.49 0.49 0.49 0.49 0.49 0.49 0.49 0.49 0.49 0.49 0.49 0.49 0.49 0.49 0.49 0.49 0.49 0.49 0.49 0.49 0.49 0.49 0.49 0.49 0.49 0.49 0.49 0.49 0.49 0.49 0.49 0.49 0.49 0.49 0.49 0.49 0.49 0.49 0.49 0.49 0.49 0.49 0.49 0.49 0.49 0.49 0.49 0.49 0.49 0.49 0.49 0.49 0.49 0.49 0.49 0.49 0.49 0.49 0.49 0.49 0.49 0.49 0.49 0.49 0.49 0.49 0.49 0.49 0.49 0.49 0.49 0.49 0.49 0.49 0.49 0.49 0.49 0.49 0.49 0.49 0.49 0.49 0.49 0.49 0.49 0.49 0.49 0.49 0.49 0.49 0.49 0.49 0.49 0.49 0.49 0.49 0.49 0.49 0.49 0.49 0.49 0.49 0.49 0.49 0.49 0.49 0.49 0.49 0.49 0.49 0.49 0.49 0.49 0.49 0.49 0.49 0.49 0.49 0.49 0.49 0.49 0.49 0.49 0.49 0.49 0.49 0.49 0.49 0.49 0.49 0.49 0.49 0.49 0.49 0.49 0.49 0.49 0.49 0.49 0.49 0.49 0.49 0.49 0.49 0.49 0.49 0.49 0.49 0.49 0.49 0.49 0.49 0.49 0.49 0.49 0.49 0.49 0.49 0.49 0.49 0.49 0.49 0.49 0.49 0.49 0.49 0.49 0.49 0.49 0.49 0.49 0.49 0.49 0.49 0.49 0.49 0.49 0.49 0.49 0.49 0.49 0.49 0.49 0.49 0.49 0.49 0.49 0.49 0.49 0.49 0.49 0.49 0.49 0.49 0.49 0.49 0.49 0.49 0.49 0.49 0.49 0.49 0.49 0.49 0.49 0.49 0.49 0.49 0.49 0.49 0.49 0.49 0.49 0.49 0.49 0.49 0.49 0.49 0.49 0.49 0.49 0.49 0.49 0.49 0.49 0.49 0.49 0.49 0.49 0.49 0.49 0.49 0.49 0.49 0.49 0.49 0.49 0.49 0.49 0.49 0.49 0.49 0.49 0.49 0.49 0.49 0.49 0.49 0.49 0.49 0.49 0.49 0.49 0.49 0.49 0.49 0.49 0.49 0.49 0.49 0.49 0.49 0.49 0.49 0.49 0.49 0.49 0.49 0.49 0.49 0.49 0.49 0.49 0.49 0.49 0.49 0.49 0.49 0.49 0.49 0.49 0.49 0.49 0.49 0.49 0.49 0.49 0.49 0.49 0.49 0.49 0.49 0.49 0.49 0.49 0.49 0.49 0.49 0.49 0.49 0.49 0.49 0.49 0.49 0.49 0.49 0.49 0.49 0.49 0.49 0.49 0.49 0.49 0.49 0.49 0.49 0.49 0.49 0.49 0.49 0.49 0.49 0.49 0.49 0.49 0.49 0.49 0.49 0.49 0.49 0.49 0.49 0.49 0.49 0.49 0.49 0.49 0.49 0.49 0.49 0.49 0.49 0.49 0.49 0.49 0.49 0.49 0.49 0.49 0.49 0.49 0.49 0.49 0.49 0.49 0.49 0.49 0.49 0.49 0.49 0.49 0.49 0.49 0.49 0.49 0.49 0.49 0.49 0.49 0.49 0.49 0.49 0.49 0.49 0.49 0.49 0.49 0.49 0.49 0.49 0.49 0.49 0.49 0.49 0.49 0.49 0.49 0.49 0.49 0.49 0.49 0.49 0.49 0.49 0.49 0.49 0.49 0.49 0.49 0.49 0.49 0.49 0.49 0.49 0.49 0.49 0.49 0.49 0.49 0.49 0.49 0.49 0.49 0.49 0.49 0.49 0.49 0.49 0.49 0.49 0.49 0.49 0.49 0.49 0.49 0.49 0.49 0.49 0.49 0.49 0.49 0.49 0.49 0.49 0.49 0.49 0.49 0.49 0.49 0.49 0.49 0.49 0.49 0.49 0.49 0.49 0.49 0.49 0.49 0.49 0.49 0.49 0.49 0.49 0.49 0.49 0.49 0.49 0.49 0.49 0.49 0.49 0.49 0.49 0.49 0.49 0.49 0.49 0.49 0.49 0.49 0.49 0.49 0.49 0.49 0.49 0.49 0.49 0.49 0.49 0.49 0.49 0.49 0.49 0.49 0.49 0.49 0.49 0.49 0.49 0.49 0.49 0.49 0.49 0.49 0.49 0.49 0.49 0.49 0.49 0.49 0.49 0.49 0.49 0.49 0.49 0.49 0.49 0.49 0.49 0.49 0.49 0.49 0.49 0.49 0.49 0.49 0.49 0.49 0.49 0.49 0.49 0.49 0.49 0.49 0.49 0.49 0.49 0.49 0.49 0.49 0.49 0.49 0.49 0.49 0.49 0.49 0.49 0.49 0.49 0.49 0.49 0.49 0.49 0.49 0.49 0.49 0.49 0.49 0.49 0.49 0.49 0.49 0.49 0.49 0.49 0.49 0.49 0.49 0.49 0.49 0.49 0.49 0.49 0.49 0.49 0.49 0.49 0.49 0.49 0.49 0.49 0.49 0.49 0.49 0.49 0.49 0.49 0.49 0.49 0.49 0.49 0.49 0.49 0.49 0.49 0.49 0.49 0.49 0.49 0.49 0.49 0.49 0.49 0.49 0.49 0.49 0.49 0.49 0.49 0.49 0.49 0.49 0.49 0.49 0.49 0.49 0.49 0.49 0.49 0.49 0.49 0.49 0.49 0.49 0.49 0.49 0.49 0.49 0.49 0.49 0.49 0.49 0.49 0.49 0.49 0.49 0.49 0.49 0.49 0.49 0.49 0.49 0.49 0.49 0.49 0.49 0.49 0.49 0.49 0.49 0.49 0.49 0.49 0.49 0.49 0.49 0.49 0.49 0.49 0.49 0.49 0.49 0.49 0.49 0.49 0.49 0.49 0.49 0.49 0.49 0.49 0.49 0.49 0.49 0.49 0.49 0.49 0.49 0.49 0.49 0.49 0.49 0.49 0.49 0.49 0.49 0.49 0.49 0.49 0.49 0.49 0.49 0.49 0.49 0.49 0.49 0.49 0.49 0.49 0.49 0.49 0.49 0.49 0.49 0.49 0.49 0.49 0.49 0.49 0.49 0.49 0.49 0.49 0.49 0.49 0.49 0.49 0.49 0.49 0.49 0.49 0.49 0.49 0.49 0.49 0.49 0.49 0.49 0.49 0.49 0.49 0.49 0.49 0.49 0.49 0.49 0.49 0.49 0.49 0.49 0.49 0.49 0.49 0.49 0.49 0.49 0.49 0.49 0.49 0.49 0.49 0.49 0.49 0.49 0.49 0.49 0.49 0.49 0.49 0.49 0.49 0.49 0.49 0.49 0.49 0.49 0.49 0.49 0.49 0.49 0.49 0.49 0.49 0.49 0.49 0.49 0.49 0.49 0.49 0.49 0.49 0.49 0.49 0.49 0.49 0.49 0.49 0.49 0.49 0.49 0.49 0.49 0.49 0.49 0.49 0.49 0.49 0.49 0.49 0.49 0.49 0.49 0.49 0.49 0.49 0.49 0.49 0.49 0.49 0.49 0.49 0.49 0.49 0.49 0.49 0.49 0.49 0.49 0.49 0.49 0.49 0.49 0.49 0.49 0.49 0.49 0.49 0.49 0.49 0.49 0.49 0.49 0.49 0.49 0.49 0.49 0.49 0.49 0.49 0.49 0.49 0.49 0.49 0.49 0.49 0.49 0.49 0.49 0.49 0.49 0.49 0.49 0.49 0.49 0.49 0.49 0.49 0.49 0.49 0.49 0.49 0.49 0.49 0.49 0.49 0.49 0.49 0.49 0.49 0.49 0.49 0.49 0.49 0.49 0.49 0.49 0.49 0.49 0.49 0.49 0.49 0.49 0.49 0.49 0.49 0.49 0.49 0.49 0.49 0.49 0.49 0.49 0.49 0.49 0.49 0.49 0.49 0.49 0.49 0.49 0.49 0.49 0.49 0.49 0.49 0.49 0.49 0.49 0.49 0.49 0.49 0.49 0.49 0.49 0.49 0.49 0.49 0.49 0.49 0.49 0.49 0.49 0.49 0.49 0.49 0.49 0.49 0.49 0.49 0.49 0.49 0.49 0.49 0.49 0.49 0.49 0.49 0.49 0.49 0.49 0.49 0.49 0.49 0.49 0.49 0.49 0.49 0.49 0.49 0.49 0.49 0.49 0.49 0.49 0.49 0.49 0.49 0.49 0.49 0.49 0.49 0.49 0.49 0.49 0.49 0.49 0.49 0.49 0.49 0.49 0.49 0.49 0.49 0.49 0.49 0.49 0.49 0.49 0.49 0.49 0.49 0.49 0.49 0.49 0.49 0.49 0.49 0.49 0.49 0.49 0.49 0.49 0.49 0.49 0.49 0.49 0.49 0.49 0.49 0.49 0.49 0.49 0.49 0.49 0.49 0.49 0.49 0.49 0.49 0.49 0.49 0.49 0.49 0.49 0.49 0.49 0.49 0.49 0.49 0.49 0.49 0.49 0.49 0.49 0.49 0.49 0.49 0.49 0.49 0.49 0.49 0.49 0.49 0.49 0.49 0.49 0.49 0.49 0.49 0.49 0.49 0.49 0.49 0.49 0.49 0.49 0.49 0.49 0.49 0.49 0.49 0.49 0.49 0.49 0.49 0.49 0.49 0.49 0.49 0.49 0.49 0.49 0.49 0.49 0.49 0.49 0.49 0.49 0.49 0.49 0.49 0.49 0.49 0.49 0.49 0.49 0.49 0.49 0.49 0.49 0.49 0.49 0.49 0.49 0.49 0.49 0.49 0.49 0.49 0.49 0.49 0.49 0.49 0.49 0.49 0.49 0.49 0.49 0.49 0.49 0.49 0.49 0.49 0.49 0.49 0.49 0.49 0.49 0.49 0.49 0.49 0.49 0.49 0.49 0.49 0.49 0.49 0.49 0.49 0.49 0.49 0.49 0.49 0.49 0.49 0.49 0.49 0.49 0.49 0.49 0.49 0.49 0.49 0.49 0.49 0.49 0.49 0.49 0.49 0.49 0.49 0.49 0.49 0.49 0.49 0.49 0.49 0.49 0.49 0.49 0.49 0.49 0.49 0.49 0.49 0.49 0.49 0.49 0.49 0.49 0.49 0.49 0.49 0.49 0.49 0.49 0.49 0.49 0.49 0.49 0.49 0.49 0.49 0.49 0.49 0.49 0.49 0.49 0.49 0.49 0.49 0.49 0.49 0.49 0.49 0.49 0.49 0.49 0.49 0.49 0.49 0.49 0.49 0.49 0.49 0.49 0.49 0.49 0.49 0.49 0.49 0.49 0.49 0.49 0.49 0.49 0.49 0.49 0.49 0.49 0.49 0.49 0.49 0.49 0.49 0.49 0.49 0.49 0.49 0.49 0.49 0.49 0.49 0.49 0.49 0.49 0.49 0.49 0.49 0.49 0.49 0.49 0.49 0.49 0.49 0.49 0.49 0.49 0.49 0.49 0.49 0.49 0.49 0.49 0.49 0.49 0.49 0.49 0.49 0.49 0.49 0.49 0.49 0.49 0.49 0.49 0.49 0.49 0.49 0.49 0.49 0.49 0.49 0.49 0.49 0.49 0.49 0.49 0.49 0.49 0.49 0.49 0.49 0.49 0.49 0.49 0.49 0.49 0.49 0.49 0.49 0.49 0.49 0.49 0.49 0.49 0.49 0.49 0.49 0.49 0.49 0.49 0.49 0.49 0.49 0.49 0.49 0.49 0.49 0.49 0.49 0.49 0.49 0.49 0.49 0.49 0.49 0.49 0.49 0.49 0.49 0.49 0.49 0.49 0.49 0.49 0.49 0.49 0.49 0.49 0.49 0.49 0.49 0.49 0.49 0.49 0.49 0.49 0.49 0.49 0.49 0.49 0.49 0.49 0.49 0.49 0.49 0.49 0.49 0.49 0.49 0.49 0.49 0.49 0.49 0.49 0.49 0.49 0.49 0.49 0.49 0.49 0.49 0.49 0.49 0.49 0.49 0.49 0.49 0.49 0.49 0.49 0.49 0.49 0.49 0.49 0.49 0.49 0.49 0.49 0.49 0.49 0.49 0.49 0.49 0.49 0.49 0.49 0.49 0.49 0.49 0.49 0.49 0.49 0.49 0.49 0.49 0.49 0.49 0.49 0.49 0.49 0.49 0.49 0.49 0.49 0.49 0.49 0.49 0.49 0.49 0.49 0.49 0.49 0.49 0.49 0.49 0.49 0.49 0.49 0.49 0.49 0.49 0.49 0.49 0.49 0.49 0.49 0.49 0.49 0.49 0.49 0.49 0.49 0.49 0.49 0.49 0.49 0.49 0.49 0.49 0.49 0.49 0.49 0.49 0.49 0.49 0.49 0.49 0.49 0.49 0.49 0.49 0.49 0.49 0.49 0.49 0.49 0.49 0.49 0.49 0.49 0.49 0.49 0.49 0.49 0.49 0.49 0.49 0.49 0.49 0.49 0.49 0.49 0.49 0.49 0.49 0.49 0.49 0.49 0.49 0.49 0.49 0.49 0.49 0.49 0.49 0.49 0.49 0.49 0.49 0.49 0.49 0.49 0.49 0.49 0.49 0.49 0.49 0.49 0.49 0.49 0.49 0.49 0.49 0.49 0.49 0.49 0.49 0.49 0.49 0.49 0.49 0.49 0.49 0.49 0.49 0.49 0.49 0.49 0.49 0.49 0.49 0.49 0.49 0.49 0.49 0.49 0.49 0.49 0.49 0.49 0.49 0.49 0.49 0.49 0.49 0.49 0.49 0.49 0.49 0.49 0.49 0.49 0.49 0.49 0.49 0.49 0.49 0.49 0.49 0.49 0.49 0.49 0.49 0.49 0.49 0.49 0.49 0.49 0.49 0.49 0.49 0.49 0.49 0.49 0.49 0.49 0.49 0.49 0.49 0.49 0.49 0.49 0.49 0.49 0.49 0.49 0.49 0.49 0.49 0.49 0.49 0.49 0.49 0.49 0.49 0.49 0.49 0.49 0.49 0.49 0.49 0.49 0.49 0.49 0.49 0.49 0.49 0.49 0.49 0.49 0.49 0.49 0.49 0.49 0.49 0.49 0.49 0.49 0.49 0.49 0.49 0.49 0.49 0.49 0.49 0.49 0.49 0.49 0.49 0.49 0.49 0.49 0.49 0.49 0.49 0.49 0.49 0.49 0.49 0.49 0.49 0.49 0.49 0.49 0.49 0.49 0.49 0.49 0.49 0.49 0.49 0.49 0.49 0.49 0.49 0.49 0.49 0.49 0.49 0.49 0.49 0.49 0.49 0.49 0.49 0.49 0.49 0.49 0.49 0.49 0.49 0.49 0.49 0.49 0.49 0.49 0.49 0.49 0.49 0.49 0.49 0.49 0.49 0.49 0.49 0.49 0.49 0.49 0.49 0.49 0.49 0.49 0.49 0.49 0.49 0.49 0.49 0.49 0.49 0.49 0.49 0.49 0.49 0.49 0.49 0.49 0.49 0.49 0.49 0.49 0.49 0.49 0.49 0.49 0.49 0.49 0.49 0.49 0.49 0.49 0.49 0.49 0.49 0.49 0.49 0.49 0.49 0.49 0.49 0.49 0.49 0.49 0.49 0.49 0.49 0.49 0.49 0.49 0.49 0.49 0.49 0.49 0.49 0.49 0.49 0.49 0.49 0.49 0.49 0.49 0.49 0.49 0.49 0.49 0.49 0.49 0.49 0.49 0.49 0.49 0.49 0.49 0.49 0.49 0.49 0.49 0.49 0.49 0.49 0.49 0.49 0.49 0.49 0.49 0.49 0.49 0.49 0.49 0.49 0.49 0.49 0.49 0.49 0.49 0.49 0.49 0.49 0.49 0.49 0.49 0.49 0.49 0.49 0.49 0.49 0.49 0.49 0.49 0.49 0.49 0.49 0.49 0.49 0.49 0.49 0.49 0.49 0.49 0.49 0.49 0.49 0.49 0.49 0.49 0.49 0.49 0.49 0.49 0.49 0.49 0.49 0.49 0.49 0.49 0.49 0.49 0.49 0.49 0.49 0.49 0.49 0.49 0.49 0.49 0.49 0.49 0.49 0.49 0.49 0.49 0.49 0.49 0.49 0.49 0.49 0.49 0.49 0.49 0.49 0.49 0.49 0.49 0.49 0.49 0.49 0.49 0.49 0.49 0.49 0.49 0.49 0.49 0.49 0.49 0.49 0.49 0.49 0.49 0.49 0.49 0.49 0.49 0.49 0.49 0.49 0.49 0.49 0.49 0.49 0.49 0.49 0.49 0.49 0.49 0.49 0.49 0.49 0.49 0.49 0.49 0.49 0.49 0.49 0.49 0.49 0.49 0.49 0.49 0.49 0.49 0.49 0.49 0.49 0.49 0.49 0.49 0.49 0.49 0.49 0.49 0.49 0.49 0.49 0.49 0.49 0.49 0.49 0.49 0.49 0.49 0.49 0.49 0.49 0.49 0.49 0.49 0.49 0.49 0.49 0.49 0.49 0.49 0.49 0.49 0.49 0.49 0.49 0.49 0.49 0.49 0.49 0.49 0.49 0.49 0.49 0.49 0.49 0.49 0.49 0.49 0.49 0.49 0.49 0.49 0.49 0.49 0.49 0.49 0.49 0.49 0.49 0.49 0.49 0.49 0.49 0.49 0.49 0.49 0.49 0.49 0.49 0.49 0.49 0.49 0.49 0.49 0.49 0.49 0.49 0.49 0.49 0.49 0.49 0.49 0.49 0.49 0.49 0.49 0.49 0.49 0.49 0.49 0.49 0.49 0.49 0.49 0.49 0.49 0.49 0.49 0.49 0.49 0.49 0.49 0.49 0.49 0.49 0.49 0.49 0.49 0.49 0.49 0.49 0.49 0.49 0.49 0.49 0.49 0.49 0.49 0.49 0.49 0.49 0.49 0.49 0.49 0.49 0.49 0.49 0.49 0.49 0.49 0.49 0.49 0.49 0.49 0.49 0.49 0.49 0.49 0.49 0.49 0.49 0.49 0.49 0.49 0.49 0.49 0.49 0.49 0.49 0.49 0.49 0.49 0.49 0.49 0.49 0.49 0.49 0.49 0.49 0.49 0.49 0.49 0.49 0.49 0.49 0.49 0.49 0.49 0.49 0.49 0.49 0.49 0.49 0.49 0.49 0.49 0.49 0.49 0.49 0.49 0.49 0.49 0.49 0.49 0.49 0.49 0.49 0.49 0.49 0.49 0.49 0.49 0.49 0.49 0.49 0.49 0.49 0.49 0.49 0.49 0.49 0.49 0.49 0.49 0.49 0.49 0.49 0.49 0.49 0.49 0.49 0.49 0.49 0.49 0.49 0.49 0.49 0.49 0.49 0.49 0.49 0.49 0.49 0.49 0.49 0.49 0.49 0.49 0.49 0.49 0.49 0.49 0.49 0.49 0.49 0.49 0.49 0.49 0.49 0.49 0.49 0.49 0.49 0.49 0.49 0.49 0.49 0.49 0.49 0.49 0.49 0.49 0.49 0.49 0.49 0.49 0.49 0.49 0.49 0.49 0.49 0.49 0.49 0.49 0.49 0.49 0.49 0.49 0.49 0.49 0.49 0.49 0.49 0.49 0.49 0.49 0.49 0.49 0.49 0.49 0.49 0.49 0.49 0.49 0.49 0.49 0.49 0.49 0.49 0.49 0.49 0.49 0.49 0.49 0.49 0.49 0.49 0.49 0.49 0.49 0.49 0.49 0.49 0.49 0.49 0.49 0.49 0.49 0.49 0.49 0.49 0.49 0.49 0.49 0.49 0.49 0.49 0.49 0.49 0.49 0.49 0.49 0.49 0.49 0.49 0.49 0.49 0.49 0.49 0.49 0.49 0.49 0.49 0.49 0.49 0.49 0.49 0.49 0.49 0.49 0.49 0.49 0.49 0.49 0.49 0.49 0.49 0.49 0.49 0.49 0.49 0.49 0.49 0.49 0.49 0.49 0.49 0.49 0.49 0.49 0.49 0.49 0.49 0.49 0.49 0.49 0.49 0.49 0.49 0.49 0.49 0.49 0.49 0.49 0.49 0.49 0.49 0.49 0.49 0.49 0.49 0.49 0.49 0.49 0.49 0.49 0.49 0.49 0.49 0.49 0.49 0.49 0.49 0.49 0.49 0.49 0.49 0.49 0.49 0.49 0.49 0.49 0.49 0.49 0.49 0.49 0.49 0.49 0.49 0.49 0.49 0.49 0.49 0.49 0.49 0.49 0.49 0.49 0.49 0.49 0.49 0.49 0.49 0.49 0.49 0.49 0.49 0.49 0.49 0.49 0.49 0.49 0.49 0.49 0.49 0.49 0.49 0.49 0.49 0.49 0.49 0.49 0.49 0.49 0.49 0.49 0.49 0.49 0.49 0.49 0.49 0.49 0.49 0.49 0.49 0.49 0.49 0.49 0.49 0.49 0.49 0.49 0.49 0.49 0.49 0.49 0.49 0.49 0.49 0.49 0.49 0.49 0.49 0.49 0.49 0.49 0.49 0.49 0.49 0.49 0.49 0.49 0.49 0.49 0.49 0.49 0.49 0.49 0.49 0.49 0.49 0.49 0.49 0.49 0.49 0.49 0.49 0.49 0.49 0.49 0.49 0.49 0.49 0.49 0.49 0.49 0.49 0.49 0.49 0.49 0.49 0.49 0.49 0.49 0.49 0.49 0.49 0.49 0.49 0.49 0.49 0.49 0.49 0.49 0.49 0.49 0.49 0.49 0.49 0.49 0.49 0.49 0.49 0.49 0.49 0.49 0.49 0.49 0.49 0.49 0.49 0.49 0.49 0.49 0.49 0.49 0.49 0.49 0.49 0.49 0.49 0.49 0.49 0.49 0.49 0.49 0.49 0.49 0.49 0.49 0.49 0.49 0.49 0.49 0.49 0.49 0.49 0.49 0.49 0.49 0.49 0.49 0.49 0.49 0.49 0.49 0.49 0.49 0.49 0.49 0.49 0.49 0.49 0.49 0.49 0.49 0.49 0.49 0.49 0.49 0.49 0.49 0.49 0.49 0.49 0.49 0.49 0.49 0.49 0.49 0.49 0.49 0.49 0.49 0.49 0.49 0.49 0.49 0.49 0.49 0.49 0.49 0.49 0.49 0.49 0.49 0.49 0.49 0.49 0.49 0.49 0.49 0.49 0.49 0.49 0.49 0.49 0.49 0.49 0.49 0.49 0.49 0.49 0.49 0.49 0.49 0.49 0.49 0.49 0.49 0.49 0.49 0.49 0.49 0.49 0.49 0.49 0.49 0.49 0.49 0.49 0.49 0.49 0.49 0.49 0.49 0.49 0.49 0.49 0.49 0.49 0.49 0.49 0.49 0.49 0.49 0.49 0.49 0.49 0.49 0.49 0.49 0.49 0.49 0.49 0.49 0.49 0.49 0.49 0.49 0.49 0.49 0.49 0.49 0.49 0.49 0.49 0.49 0.49 0.49 0.49 0.49 0.49 0.49 0.49 0.49 0.49 0.49 0.49 0.49 0.49 0.49 0.49 0.49 0.49 0.49 0.49 0.49 0.49 0.49 0.49 0.49 0.49 0.49 0.49 0.49 0.49 0.49 0.49 0.49 0.49 0.49 0.49 0.49 0.49 0.49 0.49 0.49 0.49 0.49 0.49 0.49 0.49 0.49 0.49 0.49 0.49 0.49 0.49 0.49 0.49 0.49 0.49 0.49 0.49 0.49 0.49 0.49 0.49 0.49 0.49 0.49 0.49 0.49 0.49 0.49 0.49 0.49 0.49 0.49 0.49 0.49 0.49 0.49 0.49 0.49 0.49 0.49 0.49 0.49 0.49 0.49 0.49 0.49 0.49 0.49 0.49 0.49 0.49 0.49 0.49 0.49 0.49 0.49 0.49 0.49 0.49 0.49 0.49 0.49 0.49 0.49 0.49 0.49 0.49 0.49 0.49 0.49 0.49 0.49 0.49 0.49 0.49 0.49 0.49 0.49 
0.499951 0.499951 0.499951 0.499951 0.499951 0.499951 0.499951 0.492913 0.499951 0.499951 0.499951 0.499951 0.499951 0.499951 0.499951 0.499951 0.499951 0.48 0.499951 0.499951 0.499951 0.499951 0.499951 0.499951 0.499951 0.499951 0.499951 0.48 0.499951 0.499951 0.499951 0.499951 0.499951 0.499951 0.499951 0.499951 0.499951 0.499879 0.499951 0.499951 0.499951 0.499951 0.499951 0.499951 0.499951 0.499951 0.499951 0.480015 0.499951 0.499951 0.499951 0.499951 0.499951 0.499951 0.499951 0.499951 0.499951 0.480002 0.499951 0.499951 0.499951 0.499951 0.499951 0.499951 0.499951 0.499951 0.499951 0.480006 0.499951 0.499951 0.499951 0.499951 0.499951 0.499951 0.499951 0.499951 0.499951 0.499827 0.499951 0.499951 0.499951 0.499951 0.499951 0.499951 0.499951 0.499951 0.499951 0.498875 0.499951 0.499951 0.499951 0.499951 0.499951 0.499951 0.499951 0.499951 0.499951 0.480006 0.499951 0.499951 0.499951 0.49598 0.499951 0.499951 0.48 0.499951 0.499951 0.499951 0.499951 0.499951 0.499951 0.486286 0.499951 0.499951 0.486031 0.499951 0.499951 0.499951 0.499951 0.499951 0.499951 0.480059 0.499951 0.499951 0.48 0.499951 0.499951 0.499951 0.499951 0.499951 0.499951 0.499289 0.499951 0.499951 0.48 0.499951 0.499951 0.499951 0.499951 0.499951 0.499951 0.499104 0.499951 0.499951 0.482301 0.499951 0.499951 0.499951 0.499951 0.499951 0.499951 0.499154 0.499951 0.499951 0.480012 0.499951 0.499951 0.499951 0.499951 0.499951 0.499951 0.48009 0.499951 0.499951 0.480016 0.499951 0.499951 0.499951 0.499951 0.499951 0.499951 0.480846 0.499951 0.499951 0.48 0.499951 0.499951 0.499951 0.499951 0.499951 0.499951 0.499855 0.499951 0.499951 0.499366 0.499951 0.499951 0.499951 0.499951 0.499951 0.499951 0.48 0.499951 0.499951 0.48 0.499951 0.499951 0.499951 0.499951 0.499951 0.499951 0.499951 0.499951 0.499951 0.499951 0.499951 0.499951 0.499951 0.499951 0.499951 0.499951 0.499951 0.499951 0.499951 0.499951 0.499951 0.499951 0.499951 0.499951 0.499951 0.499951 0.499951 0.499951 0.499951 0.499951 0.499951 0.499951 0.499951 0.499951 0.499951 0.499951 0.499951 0.499951 0.499951 0.499951 0.499951 0.499951 0.499951 0.499951 0.499951 0.499951 0.499951 0.499951 0.499951 0.499951 0.499951 0.499951 0.499951 0.499951 0.499951 0.499951 0.499951 0.499951 0.499951 0.499951 0.499951 0.499951 0.499951 0.499951 0.499951 0.499951 0.499951 0.499951 0.499951 0.499951 0.499951 0.499951 0.499951 0.499951 0.499951 0.499951 0.499951 0.499951 0.499951 0.499951 0.499951 0.499951 0.499951 0.499951 0.499951 0.499951 0.499951 0.499951 0.499951 0.499951 0.499951 0.499951 0.499951 0.499951 0.499951 0.499951 0.499951 0.499951 0.499951 0.499951 0.499951 0.499951 0.499951 0.499951 0.499951 0.499951 0.499951 0.499951 0.499951 0.499951 0.499951 0.499951 0.48 0.499951 0.499951 0.499951 0.499951 0.499951 0.499951 0.499951 0.499951 0.499951 0.498041 0.499951 0.499951 0.499951 0.499951 0.499951 0.499951 0.499951 0.499951 0.499951 0.48 0.499951 0.499951 0.499951 0.499951 0.499951 0.499951 0.499951 0.499951 0.499951 0.48 0.499951 0.499951 0.499951 0.499951 0.499951 0.499951 0.499951 0.499951 0.499951 0.49881 0.499951 0.499951 0.499951 0.499951 0.499951 0.499951 0.499951 0.499951 0.499951 0.482557 0.499951 0.499951 0.499951 0.499951 0.499951 0.499951 0.499951 0.499951 0.499951 0.48 0.499951 0.499951 0.499951 0.499951 0.499951 0.499951 0.499951 0.499951 0.499951 0.482557 0.499951 0.499951 0.499951 0.499951 0.499951 0.499951 0.499951 0.499951 0.499951 0.499929 0.499951 0.499951 0.499951 0.499951 0.499951 0.499951 0.499951 0.499951 0.499951 0.499827 0.499951 0.499951 0.499951 0.4897 0.499951 0.499951 0.488219 0.499951 0.499951 0.499951 0.499951 0.499951 0.499951 0.48 0.499951 0.499951 0.480005 0.499951 0.499951 0.499951 0.499951 0.499951 0.499951 0.482301 0.499951 0.499951 0.493452 0.499951 0.499951 0.499951 0.499951 0.499951 0.499951 0.480163 0.499951 0.499951 0.492636 0.499951 0.499951 0.499951 0.499951 0.499951 0.499951 0.48 0.499951 0.499951 0.491194 0.499951 0.499951 0.499951 0.499951 0.499951 0.499951 0.499468 0.499951 0.499951 0.49881 0.499951 0.499951 0.499951 0.499951 0.499951 0.499951 0.48 0.499951 0.499951 0.480009 0.499951 0.499951 0.499951 0.499951 0.499951 0.499951 0.48 0.499951 0.499951 0.48 0.499951 0.499951 0.499951 0.499951 0.499951 0.499951 0.494219 0.499951 0.499951 0.494699 0.499951 0.499951 0.499951 0.499951 0.499951 0.499951 0.48 0.499951 0.499951 0.480002 0.499951 0.499951 0.499951 0.499951 0.499951 0.499951 0.499951 0.499951 0.499951 0.499951 0.499951 0.499951 0.499951 0.499951 0.499951 0.499951 0.499951 0.499951 0.499951 0.499951 0.499951 0.499951 0.499951 0.499951 0.499951 0.499951 0.499951 0.499951 0.499951 0.499951 0.499951 0.499951 0.499951 0.499951 0.499951 0.499951 0.499951 0.499951 0.499951 0.499951 0.499951 0.499951 0.499951 0.499951 0.499951 0.499951 0.499951 0.499951 0.499951 0.499951 0.499951 0.499951 0.499951 0.499951 0.499951 0.499951 0.499951 0.499951 0.499951 0.499951 0.499951 0.499951 0.499951 0.499951 0.499951 0.499951 0.499951 0.499951 0.499951 0.499951 0.499951 0.499951 0.499951 0.499951 0.499951 0.499951 0.499951 0.499951 0.499951 0.499951 0.499951 0.499951 0.499951 0.499951 0.499951 0.499951 0.499951 0.499951 0.499951 0.499951 0.499951 0.499951 0.499951 0.499951 0.499951 0.499951 0.499951 0.499951 0.499951 0.499951 0.499951 0.499951 0.499951 0.499951 0.499951 0.499951 0.499951 0.499951 0.499951 0.499951 0.499951 0.499951 0.480003 0.499951 0.499951 0.499951 0.499951 0.499951 0.499951 0.499951 0.499951 0.499951 0.48 0.499951 0.499951 0.499951 0.499951 0.499951 0.499951 0.499951 0.499951 0.499951 0.48 0.499951 0.499951 0.499951 0.499951 0.499951 0.499951 0.499951 0.499951 0.499951 0.480009 0.499951 0.499951 0.499951 0.499951 0.499951 0.499951 0.499951 0.499951 0.499951 0.495784 0.499951 0.499951 0.499951 0.499951 0.499951 0.499951 0.499951 0.499951 0.499951 0.499863 0.499951 0.499951 0.499951 0.499951 0.499951 0.499951 0.499951 0.499951 0.499951 0.480121 0.499951 0.499951 0.499951 0.499951 0.499951 0.499951 0.499951 0.499951 0.499951 0.492636 0.499951 0.499951 0.499951 0.499951 0.499951 0.499951 0.499951 0.499951 0.499951 0.48 0.499951 0.499951 0.499951 0.499951 0.499951 0.499951 0.499951 0.499951 0.499951 0.480075 0.499951 0.499951 0.499951 0.48 0.499951 0.499951 0.480163 0.499951 0.499951 0.499951 0.499951 0.499951 0.499951 0.481574 0.499951 0.499951 0.480006 0.499951 0.499951 0.499951 0.499951 0.499951 0.499951 0.498937 0.499951 0.499951 0.495784 0.499951 0.499951 0.499951 0.499951 0.499951 0.499951 0.497014 0.499951 0.499951 0.499667 0.499951 0.499951 0.499951 0.499951 0.499951 0.499951 0.490599 0.499951 0.499951 0.48 0.499951 0.499951 0.499951 0.499951 0.499951 0.499951 0.48 0.499951 0.499951 0.480711 0.499951 0.499951 0.499951 0.499951 0.499951 0.499951 0.480063 0.499951 0.499951 0.48 0.499951 0.499951 0.499951 0.499951 0.499951 0.499951 0.499886 0.499951 0.499951 0.48001 0.499951 0.499951 0.499951 0.499951 0.499951 0.499951 0.48 0.499951 0.499951 0.48 0.499951 0.499951 0.499951 0.499951 0.499951 0.499951 0.48 0.499951 0.499951 0.49493 0.499951 0.499951 0.499951 0.499951 0.499951 0.499951 0.499951 0.499951 0.499951 0.499951 0.499951 0.499951 0.499951 0.499951 0.499951 0.499951 0.499951 0.499951 0.499951 0.499951 0.499951 0.499951 0.499951 0.499951 0.499951 0.499951 0.499951 0.499951 0.499951 0.499951 0.499951 0.499951 0.499951 0.499951 0.499951 0.499951 0.499951 0.499951 0.499951 0.499951 0.499951 0.499951 0.499951 0.499951 0.499951 0.499951 0.499951 0.499951 0.499951 0.499951 0.499951 0.499951 0.499951 0.499951 0.499951 0.499951 0.499951 0.499951 0.499951 0.499951 0.499951 0.499951 0.499951 0.499951 0.499951 0.499951 0.499951 0.499951 0.499951 0.499951 0.499951 0.499951 0.499951 0.499951 0.499951 0.499951 0.499951 0.499951 0.499951 0.499951 0.499951 0.499951 0.499951 0.499951 0.499951 0.499951 0.499951 0.499951 0.499951 0.499951 0.499951 0.499951 0.499951 0.499951 0.499951 0.499951 0.499951 0.499951 0.499951 0.499951 0.499951 0.499951 0.499951 0.499951 0.499951 0.499951 0.499951 0.499951 0.499951 0.499951 0.499951 0.499951 0.497699 0.499951 0.499951 0.499951 0.499951 0.499951 0.499951 0.499951 0.499951 0.499951 0.497932 0.499951 0.499951 0.499951 0.499951 0.499951 0.499951 0.499951 0.499951 0.499951 0.48 0.499951 0.499951 0.499951 0.499951 0.499951 0.499951 0.499951 0.499951 0.499951 0.480374 0.499951 0.499951 0.499951 0.499951 0.499951 0.499951 0.499951 0.499951 0.499951 0.495784 0.499951 0.499951 0.499951 0.499951 0.499951 0.499951 0.499951 0.499951 0.499951 0.499051 0.499951 0.499951 0.499951 0.499951 0.499951 0.499951 0.499951 0.499951 0.499951 0.48793 0.499951 0.499951 0.499951 0.499951 0.499951 0.499951 0.499951 0.499951 0.499951 0.498591 0.499951 0.499951 0.499951 0.499951 0.499951 0.499951 0.499951 0.499951 0.499951 0.48 0.499951 0.499951 0.499951 0.499951 0.499951 0.499951 0.499951 0.499951 0.499951 0.499366 0.499951 0.499951 0.499951 0.499951 0.499951 0.499951 0.499951 0.499951 0.499951 0.481063 0.499951 0.499951 0.499951 0.499951 0.499951 0.499951 0.499951 0.499951 0.499951 0.48 0.499951 0.499951 0.499951 0.499951 0.499951 0.499951 0.499951 0.499951 0.499951 0.48 0.499951 0.499951 0.499951 0.499951 0.499951 0.499951 0.499951 0.499951 0.499951 0.48 0.499951 0.499951 0.499951 0.499951 0.499951 0.499951 0.499951 0.499951 0.499951 0.48 0.499951 0.499951 0.499951 0.499951 0.499951 0.499951 0.499951 0.499951 0.499951 0.496169 0.499951 0.499951 0.499951 0.499951 0.499951 0.499951 0.499951 0.499951 0.499951 0.487645 0.499951 0.499951 0.499951 0.499951 0.499951 0.499951 0.499951 0.499951 0.499951 0.48 0.499951 0.499951 0.499951 0.499951 0.499951 0.499951 0.499951 0.499951 0.499951 0.48 0.499951 0.499951 0.499951 0.499951 0.499951 0.499951 0.499951 0.499951 0.499951 0.480017 0.499951 0.499951 0.499951 0.48 0.499951 0.499951 0.482301 0.499951 0.499951 0.499951 0.499951 0.499951 0.499951 0.480754 0.499951 0.499951 0.480184 0.499951 0.499951 0.499951 0.499951 0.499951 0.499951 0.480001 0.499951 0.499951 0.480001 0.499951 0.499951 0.499951 0.499951 0.499951 0.499951 0.48 0.499951 0.499951 0.48 0.499951 0.499951 0.499951 0.499951 0.499951 0.499951 0.480041 0.499951 0.499951 0.481409 0.499951 0.499951 0.499951 0.499951 0.499951 0.499951 0.48 0.499951 0.499951 0.48 0.499951 0.499951 0.499951 0.499951 0.499951 0.499951 0.48 0.499951 0.499951 0.48 0.499951 0.499951 0.499951 0.499951 0.499951 0.499951 0.48 0.499951 0.499951 0.48 0.499951 0.499951 0.499951 0.499951 0.499951 0.499951 0.499767 0.499951 0.499951 0.480063 0.499951 0.499951 0.499951 0.499951 0.499951 0.499951 0.480005 0.499951 0.499951 0.480018 0.499951 0.499951 0.499951 0.499951 0.499951 0.499951 0.499951 0.499951 0.499951 0.499951 0.499951 0.499951 0.499951 0.499951 0.499951 0.499951 0.499951 0.499951 0.499951 0.499951 0.499951 0.499951 0.499951 0.499951 0.499951 0.499951 0.499951 0.499951 0.499951 0.499951 0.499951 0.499951 0.499951 0.499951 0.499951 0.499951 0.499951 0.499951 0.499951 0.499951 0.499951 0.499951 0.499951 0.499951 0.499951 0.499951 0.499951 0.499951 0.499951 0.499951 0.499951 0.499951 0.499951 0.499951 0.499951 0.499951 0.499951 0.499951 0.499951 0.499951 0.499951 0.499951 0.499951 0.499951 0.499951 0.499951 0.499951 0.499951 0.499951 0.499951 0.499951 0.499951 0.499951 0.499951 0.499951 0.499951 0.499951 0.499951 0.499951 0.499951 0.499951 0.499951 0.499951 0.499951 0.499951 0.499951 0.499951 0.499951 0.499951 0.499951 0.499951 0.499951 0.499951 0.499951 0.499951 0.499951 0.499951 0.499951 0.499951 0.499951 0.499951 0.499951 0.499951 0.499951 0.499951 0.499951 0.499951 0.499951 0.499951 0.499951 0.499951 0.499951 0.48 0.499951 0.499951 0.499951 0.499951 0.499951 0.499951 0.499951 0.499951 0.499951 0.496696 0.499951 0.499951 0.499951 0.499951 0.499951 0.499951 0.499951 0.499951 0.499951 0.48 0.499951 0.499951 0.499951 0.499951 0.499951 0.499951 0.499951 0.499951 0.499951 0.499202 0.499951 0.499951 0.499951 0.499951 0.499951 0.499951 0.499951 0.499951 0.499951 0.48 0.499951 0.499951 0.499951 0.499951 0.499951 0.499951 0.499951 0.499951 0.499951 0.48 0.499951 0.499951 0.499951 0.499951 0.499951 0.499951 0.499951 0.499951 0.499951 0.489401 0.499951 0.499951 0.499951 0.499951 0.499951 0.499951 0.499951 0.499951 0.499951 0.498337 0.499951 0.499951 0.499951 0.499951 0.499951 0.499951 0.499951 0.499951 0.499951 0.483473 0.499951 0.499951 0.499951 0.499951 0.499951 0.499951 0.499951 0.499951 0.499951 0.480163 0.499951 0.499951 0.499951 0.48 0.499951 0.499951 0.498144 0.499951 0.499951 0.499951 0.499951 0.499951 0.499951 0.480671 0.499951 0.499951 0.49992 0.499951 0.499951 0.499951 0.499951 0.499951 0.499951 0.480016 0.499951 0.499951 0.48 0.499951 0.499951 0.499951 0.499951 0.499951 0.499951 0.48 0.499951 0.499951 0.48 0.499951 0.499951 0.499951 0.499951 0.499951 0.499951 0.48 0.499951 0.499951 0.48 0.499951 0.499951 0.499951 0.499951 0.499951 0.499951 0.48 0.499951 0.499951 0.48 0.499951 0.499951 0.499951 0.499951 0.499951 0.499951 0.48 0.499951 0.499951 0.493969 0.499951 0.499951 0.499951 0.499951 0.499951 0.499951 0.48 0.499951 0.499951 0.490898 0.499951 0.499951 0.499951 0.499951 0.499951 0.499951 0.499402 0.499951 0.499951 0.48 0.499951 0.499951 0.499951 0.499951 0.499951 0.499951 0.499667 0.499951 0.499951 0.48 0.499951 0.499951 0.499951 0.499951 0.499951 0.499951 0.499951 0.499951 0.499951 0.499951 0.499951 0.499951 0.499951 0.499951 0.499951 0.499951 0.499951 0.499951 0.499951 0.499951 0.499951 0.499951 0.499951 0.499951 0.499951 0.499951 0.499951 0.499951 0.499951 0.499951 0.499951 0.499951 0.499951 0.499951 0.499951 0.499951 0.499951 0.499951 0.499951 0.499951 0.499951 0.499951 0.499951 0.499951 0.499951 0.499951 0.499951 0.499951 0.499951 0.499951 0.499951 0.499951 0.499951 0.499951 0.499951 0.499951 0.499951 0.499951 0.499951 0.499951 0.499951 0.499951 0.499951 0.499951 0.499951 0.499951 0.499951 0.499951 0.499951 0.499951 0.499951 0.499951 0.499951 0.499951 0.499951 0.499951 0.499951 0.499951 0.499951 0.499951 0.499951 0.499951 0.499951 0.499951 0.499951 0.499951 0.499951 0.499951 0.499951 0.499951 0.499951 0.499951 0.499951 0.499951 0.499951 0.499951 0.499951 0.499951 0.499951 0.499951 0.499951 0.499951 0.499951 0.499951 0.499951 0.499951 0.499951 0.499951 0.499951 0.499951 0.499951 0.499951 0.48 0.499951 0.499951 0.499951 0.499951 0.499951 0.499951 0.499951 0.499951 0.499951 0.499846 0.499951 0.499951 0.499951 0.499951 0.499951 0.499951 0.499951 0.499951 0.499951 0.48 0.499951 0.499951 0.499951 0.499951 0.499951 0.499951 0.499951 0.499951 0.499951 0.48 0.499951 0.499951 0.499951 0.499951 0.499951 0.499951 0.499951 0.499951 0.499951 0.498591 0.499951 0.499951 0.499951 0.499951 0.499951 0.499951 0.499951 0.499951 0.499951 0.48 0.499951 0.499951 0.499951 0.499951 0.499951 0.499951 0.499951 0.499951 0.499951 0.48 0.499951 0.499951 0.499951 0.499951 0.499951 0.499951 0.499951 0.499951 0.499951 0.49598 0.499951 0.499951 0.499951 0.499951 0.499951 0.499951 0.499951 0.499951 0.499951 0.48 0.499951 0.499951 0.499951 0.499951 0.499951 0.499951 0.499951 0.499951 0.499951 0.480012 0.499951 0.499951 0.499951 0.48 0.499951 0.499951 0.480056 0.499951 0.499951 0.499951 0.499951 0.499951 0.499951 0.480002 0.499951 0.499951 0.48 0.499951 0.499951 0.499951 0.499951 0.499951 0.499951 0.48 0.499951 0.499951 0.48 0.499951 0.499951 0.499951 0.499951 0.499951 0.499951 0.492355 0.499951 0.499951 0.48 0.499951 0.499951 0.499951 0.499951 0.499951 0.499951 0.499753 0.499951 0.499951 0.481959 0.499951 0.499951 0.499951 0.499951 0.499951 0.499951 0.480313 0.499951 0.499951 0.48 0.499951 0.499951 0.499951 0.499951 0.499951 0.499951 0.499892 0.499951 0.499951 0.499246 0.499951 0.499951 0.499951 0.499951 0.499951 0.499951 0.48 0.499951 0.499951 0.495581 0.499951 0.499951 0.499951 0.499951 0.499951 0.499951 0.498511 0.499951 0.499951 0.491194 0.499951 0.499951 0.499951 0.499951 0.499951 0.499951 0.48 0.499951 0.499951 0.499626 0.499951 0.499951 0.499951 0.499951 0.499951 0.499951 0.499951 0.499951 0.499951 0.499951 0.499951 0.499951 0.499951 0.499951 0.499951 0.499951 0.499951 0.499951 0.499951 0.499951 0.499951 0.499951 0.499951 0.499951 0.499951 0.499951 0.499951 0.499951 0.499951 0.499951 0.499951 0.499951 0.499951 0.499951 0.499951 0.499951 0.499951 0.499951 0.499951 0.499951 0.499951 0.499951 0.499951 0.499951 0.499951 0.499951 0.499951 0.499951 0.499951 0.499951 0.499951 0.499951 0.499951 0.499951 0.499951 0.499951 0.499951 0.499951 0.499951 0.499951 0.499951 0.499951 0.499951 0.499951 0.499951 0.499951 0.499951 0.499951 0.499951 0.499951 0.499951 0.499951 0.499951 0.499951 0.499951 0.499951 0.499951 0.499951 0.499951 0.499951 0.499951 0.499951 0.499951 0.499951 0.499951 0.499951 0.499951 0.499951 0.499951 0.499951 0.499951 0.499951 0.499951 0.499951 0.499951 0.499951 0.499951 0.499951 0.499951 0.499951 0.499951 0.499951 0.499951 0.499951 0.499951 0.499951 0.499951 0.499951 0.499951 0.499951 0.499951 0.499951 0.499579 0.499951 0.499951 0.499951 0.499951 0.499951 0.499951 0.499951 0.499951 0.499951 0.499051 0.499951 0.499951 0.499951 0.499951 0.499951 0.499951 0.499951 0.499951 0.499951 0.480279 0.499951 0.499951 0.499951 0.499951 0.499951 0.499951 0.499951 0.499951 0.499951 0.48 0.499951 0.499951 0.499951 0.499951 0.499951 0.499951 0.499951 0.499951 0.499951 0.48001 0.499951 0.499951 0.499951 0.499951 0.499951 0.499951 0.499951 0.499951 0.499951 0.48 0.499951 0.499951 0.499951 0.499951 0.499951 0.499951 0.499951 0.499951 0.499951 0.499154 0.499951 0.499951 0.499951 0.499951 0.499951 0.499951 0.499951 0.499951 0.499951 0.497443 0.499951 0.499951 0.499951 0.499951 0.499951 0.499951 0.499951 0.499951 0.499951 0.48 0.499951 0.499951 0.499951 0.499951 0.499951 0.499951 0.499951 0.499951 0.499951 0.480019 0.499951 0.499951 0.499951 0.499951 0.499951 0.499951 0.499951 0.499951 0.499951 0.48 0.499951 0.499951 0.499951 0.499951 0.499951 0.499951 0.499951 0.499951 0.499951 0.497306 0.499951 0.499951 0.499951 0.499951 0.499951 0.499951 0.499951 0.499951 0.499951 0.498591 0.499951 0.499951 0.499951 0.499951 0.499951 0.499951 0.499951 0.499951 0.499951 0.48 0.499951 0.499951 0.499951 0.499951 0.499951 0.499951 0.499951 0.499951 0.499951 0.482301 0.499951 0.499951 0.499951 0.499951 0.499951 0.499951 0.499951 0.499951 0.499951 0.499827 0.499951 0.499951 0.499951 0.499951 0.499951 0.499951 0.499951 0.499951 0.499951 0.48 0.499951 0.499951 0.499951 0.499951 0.499951 0.499951 0.499951 0.499951 0.499951 0.480001 0.499951 0.499951 0.499951 0.499951 0.499951 0.499951 0.499951 0.499951 0.499951 0.48 0.499951 0.499951 0.499951 0.499951 0.499951 0.499951 0.499951 0.499951 0.499951 0.480031 0.499951 0.499951 0.499951 0.480295 0.499951 0.499951 0.498668 0.499951 0.499951 0.499951 0.499951 0.499951 0.499951 0.499899 0.499951 0.499951 0.48 0.499951 0.499951 0.499951 0.499951 0.499951 0.499951 0.480071 0.499951 0.499951 0.487087 0.499951 0.499951 0.499951 0.499951 0.499951 0.499951 0.480313 0.499951 0.499951 0.48 0.499951 0.499951 0.499951 0.499951 0.499951 0.499951 0.495371 0.499951 0.499951 0.480006 0.499951 0.499951 0.499951 0.499951 0.499951 0.499951 0.48 0.499951 0.499951 0.48 0.499951 0.499951 0.499951 0.499951 0.499951 0.499951 0.48 0.499951 0.499951 0.481409 0.499951 0.499951 0.499951 0.499951 0.499951 0.499951 0.48022 0.499951 0.499951 0.498668 0.499951 0.499951 0.499951 0.499951 0.499951 0.499951 0.48 0.499951 0.499951 0.496858 0.499951 0.499951 0.499951 0.499951 0.499951 0.499951 0.480002 0.499951 0.499951 0.480207 0.499951 0.499951 0.499951 0.499951 0.499951 0.499951 0.499951 0.499951 0.499951 0.499951 0.499951 0.499951 0.499951 0.499951 0.499951 0.499951 0.499951 0.499951 0.499951 0.499951 0.499951 0.499951 0.499951 0.499951 0.499951 0.499951 0.499951 0.499951 0.499951 0.499951 0.499951 0.499951 0.499951 0.499951 0.499951 0.499951 0.499951 0.499951 0.499951 0.499951 0.499951 0.499951 0.499951 0.499951 0.499951 0.499951 0.499951 0.499951 0.499951 0.499951 0.499951 0.499951 0.499951 0.499951 0.499951 0.499951 0.499951 0.499951 0.499951 0.499951 0.499951 0.499951 0.499951 0.499951 0.499951 0.499951 0.499951 0.499951 0.499951 0.499951 0.499951 0.499951 0.499951 0.499951 0.499951 0.499951 0.499951 0.499951 0.499951 0.499951 0.499951 0.499951 0.499951 0.499951 0.499951 0.499951 0.499951 0.499951 0.499951 0.499951 0.499951 0.499951 0.499951 0.499951 0.499951 0.499951 0.499951 0.499951 0.499951 0.499951 0.499951 0.499951 0.499951 0.499951 0.499951 0.499951 0.499951 0.499951 0.499951 0.499951 0.499951 0.499951 0.480005 0.499951 0.499951 0.499951 0.499951 0.499951 0.499951 0.499951 0.499951 0.499951 0.498996 0.499951 0.499951 0.499951 0.499951 0.499951 0.499951 0.499951 0.499951 0.499951 0.482301 0.499951 0.499951 0.499951 0.499951 0.499951 0.499951 0.499951 0.499951 0.499951 0.48002 0.499951 0.499951 0.499951 0.499951 0.499951 0.499951 0.499951 0.499951 0.499951 0.484419 0.499951 0.499951 0.499951 0.499951 0.499951 0.499951 0.499951 0.499951 0.499951 0.499863 0.499951 0.499951 0.499951 0.499951 0.499951 0.499951 0.499951 0.499951 0.499951 0.48 0.499951 0.499951 0.499951 0.499951 0.499951 0.499951 0.499951 0.499951 0.499951 0.499899 0.499951 0.499951 0.499951 0.499951 0.499951 0.499951 0.499951 0.499951 0.499951 0.48 0.499951 0.499951 0.499951 0.499951 0.499951 0.499951 0.499951 0.499951 0.499951 0.48 0.499951 0.499951 0.499951 0.48 0.499951 0.499951 0.499925 0.499951 0.499951 0.499951 0.499951 0.499951 0.499951 0.481063 0.499951 0.499951 0.480027 0.499951 0.499951 0.499951 0.499951 0.499951 0.499951 0.480671 0.499951 0.499951 0.48 0.499951 0.499951 0.499951 0.499951 0.499951 0.499951 0.48 0.499951 0.499951 0.487364 0.499951 0.499951 0.499951 0.499951 0.499951 0.499951 0.497306 0.499951 0.499951 0.499705 0.499951 0.499951 0.499951 0.499951 0.499951 0.499951 0.499402 0.499951 0.499951 0.48 0.499951 0.499951 0.499951 0.499951 0.499951 0.499951 0.48 0.499951 0.499951 0.48 0.499951 0.499951 0.499951 0.499951 0.499951 0.499951 0.48 0.499951 0.499951 0.480532 0.499951 0.499951 0.499951 0.499951 0.499951 0.499951 0.48 0.499951 0.499951 0.48 0.499951 0.499951 0.499951 0.499951 0.499951 0.499951 0.490898 0.499951 0.499951 0.480017 0.499951 0.499951 0.499951 0.499951 0.499951 0.499951 0.499951 0.499951 0.499951 0.499951 0.499951 0.499951 0.499951 0.499951 0.499951 0.499951 0.499951 0.499951 0.499951 0.499951 0.499951 0.499951 0.499951 0.499951 0.499951 0.499951 0.499951 0.499951 0.499951 0.499951 0.499951 0.499951 0.499951 0.499951 0.499951 0.499951 0.499951 0.499951 0.499951 0.499951 0.499951 0.499951 0.499951 0.499951 0.499951 0.499951 0.499951 0.499951 0.499951 0.499951 0.499951 0.499951 0.499951 0.499951 0.499951 0.499951 0.499951 0.499951 0.499951 0.499951 0.499951 0.499951 0.499951 0.499951 0.499951 0.499951 0.499951 0.499951 0.499951 0.499951 0.499951 0.499951 0.499951 0.499951 0.499951 0.499951 0.499951 0.499951 0.499951 0.499951 0.499951 0.499951 0.499951 0.499951 0.499951 0.499951 0.499951 0.499951 0.499951 0.499951 0.499951 0.499951 0.499951 0.499951 0.499951 0.499951 0.499951 0.499951 0.499951 0.499951 0.499951 0.499951 0.499951 0.499951 0.499951 0.499951 0.499951 0.499951 0.499951 0.499951 0.499951 0.499951 0.48 0.499951 0.499951 0.499951 0.499951 0.499951 0.499951 0.499951 0.499951 0.499951 0.499246 0.499951 0.499951 0.499951 0.499951 0.499951 0.499951 0.499951 0.499951 0.499951 0.499793 0.499951 0.499951 0.499951 0.499951 0.499951 0.499951 0.499951 0.499951 0.499951 0.480037 0.499951 0.499951 0.499951 0.499951 0.499951 0.499951 0.499951 0.499951 0.499951 0.48 0.499951 0.499951 0.499951 0.499951 0.499951 0.499951 0.499951 0.499951 0.499951 0.48 0.499951 0.499951 0.499951 0.499951 0.499951 0.499951 0.499951 0.499951 0.499951 0.499827 0.499951 0.499951 0.499951 0.499951 0.499951 0.499951 0.499951 0.499951 0.499951 0.48 0.499951 0.499951 0.499951 0.499951 0.499951 0.499951 0.499951 0.499951 0.499951 0.48 0.499951 0.499951 0.499951 0.499951 0.499951 0.499951 0.499951 0.499951 0.499951 0.48 0.499951 0.499951 0.499951 0.497014 0.499951 0.499951 0.499892 0.499951 0.499951 0.499951 0.499951 0.499951 0.499951 0.499579 0.499951 0.499951 0.499929 0.499951 0.499951 0.499951 0.499951 0.499951 0.499951 0.480013 0.499951 0.499951 0.48 0.499951 0.499951 0.499951 0.499951 0.499951 0.499951 0.499941 0.499951 0.499951 0.48507 0.499951 0.499951 0.499951 0.499951 0.499951 0.499951 0.48 0.499951 0.499951 0.499705 0.499951 0.499951 0.499951 0.499951 0.499951 0.499951 0.48 0.499951 0.499951 0.48 0.499951 0.499951 0.499951 0.499951 0.499951 0.499951 0.499579 0.499951 0.499951 0.499705 0.499951 0.499951 0.499951 0.499951 0.499951 0.499951 0.480026 0.499951 0.499951 0.48 0.499951 0.499951 0.499951 0.499951 0.499951 0.499951 0.481125 0.499951 0.499951 0.48 0.499951 0.499951 0.499951 0.499951 0.499951 0.499951 0.480041 0.499951 0.499951 0.48 0.499951 0.499951 0.499951 0.499951 0.499951 0.499951 0.499951 0.499951 0.499951 0.499951 0.499951 0.499951 0.499951 0.499951 0.499951 0.499951 0.499951 0.499951 0.499951 0.499951 0.499951 0.499951 0.499951 0.499951 0.499951 0.499951 0.499951 0.499951 0.499951 0.499951 0.499951 0.499951 0.499951 0.499951 0.499951 0.499951 0.499951 0.499951 0.499951 0.499951 0.499951 0.499951 0.499951 0.499951 0.499951 0.499951 0.499951 0.499951 0.499951 0.499951 0.499951 0.499951 0.499951 0.499951 0.499951 0.499951 0.499951 0.499951 0.499951 0.499951 0.499951 0.499951 0.499951 0.499951 0.499951 0.499951 0.499951 0.499951 0.499951 0.499951 0.499951 0.499951 0.499951 0.499951 0.499951 0.499951 0.499951 0.499951 0.499951 0.499951 0.499951 0.499951 0.499951 0.499951 0.499951 0.499951 0.499951 0.499951 0.499951 0.499951 0.499951 0.499951 0.499951 0.499951 0.499951 0.499951 0.499951 0.499951 0.499951 0.499951 0.499951 0.499951 0.499951 0.499951 0.499951 0.499951 0.499951 0.499951 0.499951 0.499951 0.499951 0.499951 0.493714 0.499951 0.499951 0.499951 0.499951 0.499951 0.499951 0.499951 0.499951 0.499951 0.496858 0.499951 0.499951 0.499951 0.499951 0.499951 0.499951 0.499951 0.499951 0.499951 0.48 0.499951 0.499951 0.499951 0.499951 0.499951 0.499951 0.499951 0.499951 0.499951 0.480114 0.499951 0.499951 0.499951 0.499951 0.499951 0.499951 0.499951 0.499951 0.499951 0.480001 0.499951 0.499951 0.499951 0.499951 0.499951 0.499951 0.499951 0.499951 0.499951 0.480005 0.499951 0.499951 0.499951 0.499951 0.499951 0.499951 0.499951 0.499951 0.499951 0.497306 0.499951 0.499951 0.499951 0.499951 0.499951 0.499951 0.499951 0.499951 0.499951 0.48 0.499951 0.499951 0.499951 0.499951 0.499951 0.499951 0.499951 0.499951 0.499951 0.48 0.499951 0.499951 0.499951 0.499951 0.499951 0.499951 0.499951 0.499951 0.499951 0.482301 0.499951 0.499951 0.499951 0.499951 0.499951 0.499951 0.499951 0.499951 0.499951 0.48 0.499951 0.499951 0.499951 0.499951 0.499951 0.499951 0.499951 0.499951 0.499951 0.480502 0.499951 0.499951 0.499951 0.499951 0.499951 0.499951 0.499951 0.499951 0.499951 0.48 0.499951 0.499951 0.499951 0.499951 0.499951 0.499951 0.499951 0.499951 0.499951 0.48 0.499951 0.499951 0.499951 0.499951 0.499951 0.499951 0.499951 0.499951 0.499951 0.48 0.499951 0.499951 0.499951 0.499951 0.499951 0.499951 0.499951 0.499951 0.499951 0.495784 0.499951 0.499951 0.499951 0.499951 0.499951 0.499951 0.499951 0.499951 0.499951 0.48 0.499951 0.499951 0.499951 0.499951 0.499951 0.499951 0.499951 0.499951 0.499951 0.48 0.499951 0.499951 0.499951 0.499951 0.499951 0.499951 0.499951 0.499951 0.499951 0.48 0.499951 0.499951 0.499951 0.499951 0.499951 0.499951 0.499951 0.499951 0.499951 0.487645 0.499951 0.499951 0.499951 0.48507 0.499951 0.499951 0.480056 0.499951 0.499951 0.499951 0.499951 0.499951 0.499951 0.480004 0.499951 0.499951 0.486548 0.499951 0.499951 0.499951 0.499951 0.499951 0.499951 0.48 0.499951 0.499951 0.499863 0.499951 0.499951 0.499951 0.499951 0.499951 0.499951 0.499104 0.499951 0.499951 0.49493 0.499951 0.499951 0.499951 0.499951 0.499951 0.499951 0.48 0.499951 0.499951 0.499647 0.499951 0.499951 0.499951 0.499951 0.499951 0.499951 0.499753 0.499951 0.499951 0.499705 0.499951 0.499951 0.499951 0.499951 0.499951 0.499951 0.480114 0.499951 0.499951 0.485781 0.499951 0.499951 0.499951 0.499951 0.499951 0.499951 0.48 0.499951 0.499951 0.48001 0.499951 0.499951 0.499951 0.499951 0.499951 0.499951 0.499289 0.499951 0.499951 0.497306 0.499951 0.499951 0.499951 0.499951 0.499951 0.499951 0.499626 0.499951 0.499951 0.489401 0.499951 0.499951 0.499951 0.499951 0.499951 0.499951 0.499951 0.499951 0.499951 0.499951 0.499951 0.499951 0.499951 0.499951 0.499951 0.499951 0.499951 0.499951 0.499951 0.499951 0.499951 0.499951 0.499951 0.499951 0.499951 0.499951 0.499951 0.499951 0.499951 0.499951 0.499951 0.499951 0.499951 0.499951 0.499951 0.499951 0.499951 0.499951 0.499951 0.499951 0.499951 0.499951 0.499951 0.499951 0.499951 0.499951 0.499951 0.499951 0.499951 0.499951 0.499951 0.499951 0.499951 0.499951 0.499951 0.499951 0.499951 0.499951 0.499951 0.499951 0.499951 0.499951 0.499951 0.499951 0.499951 0.499951 0.499951 0.499951 0.499951 0.499951 0.499951 0.499951 0.499951 0.499951 0.499951 0.499951 0.499951 0.499951 0.499951 0.499951 0.499951 0.499951 0.499951 0.499951 0.499951 0.499951 0.499951 0.499951 0.499951 0.499951 0.499951 0.499951 0.499951 0.499951 0.499951 0.499951 0.499951 0.499951 0.499951 0.499951 0.499951 0.499951 0.499951 0.499951 0.499951 0.499951 0.499951 0.499951 0.499951 0.499951 0.499951 0.499951 0.481063 0.499951 0.499951 0.499951 0.499951 0.499951 0.499951 0.499951 0.499951 0.499951 0.481063 0.499951 0.499951 0.499951 0.499951 0.499951 0.499951 0.499951 0.499951 0.499951 0.48 0.499951 0.499951 0.499951 0.499951 0.499951 0.499951 0.499951 0.499951 0.499951 0.48 0.499951 0.499951 0.499951 0.499951 0.499951 0.499951 0.499951 0.499951 0.499951 0.480001 0.499951 0.499951 0.499951 0.499951 0.499951 0.499951 0.499951 0.499951 0.499951 0.48 0.499951 0.499951 0.499951 0.499951 0.499951 0.499951 0.499951 0.499951 0.499951 0.499687 0.499951 0.499951 0.499951 0.499951 0.499951 0.499951 0.499951 0.499951 0.499951 0.488219 0.499951 0.499951 0.499951 0.499951 0.499951 0.499951 0.499951 0.499951 0.499951 0.48 0.499951 0.499951 0.499951 0.499951 0.499951 0.499951 0.499951 0.499951 0.499951 0.499871 0.499951 0.499951 0.499951 0.484216 0.499951 0.499951 0.480007 0.499951 0.499951 0.499951 0.499951 0.499951 0.499951 0.498041 0.499951 0.499951 0.499246 0.499951 0.499951 0.499951 0.499951 0.499951 0.499951 0.480001 0.499951 0.499951 0.480039 0.499951 0.499951 0.499951 0.499951 0.499951 0.499951 0.491489 0.499951 0.499951 0.499687 0.499951 0.499951 0.499951 0.499951 0.499951 0.499951 0.48 0.499951 0.499951 0.48 0.499951 0.499951 0.499951 0.499951 0.499951 0.499951 0.48 0.499951 0.499951 0.48 0.499951 0.499951 0.499951 0.499951 0.499951 0.499951 0.48 0.499951 0.499951 0.48 0.499951 0.499951 0.499951 0.499951 0.499951 0.499951 0.480114 0.499951 0.499951 0.48 0.499951 0.499951 0.499951 0.499951 0.499951 0.499951 0.48 0.499951 0.499951 0.499805 0.499951 0.499951 0.499951 0.499951 0.499951 0.499951 0.48 0.499951 0.499951 0.493452 0.499951 0.499951 0.499951 0.499951 0.499951 0.499951 0.499951 0.499951 0.499951 0.499951 0.499951 0.499951 0.499951 0.499951 0.499951 0.499951 0.499951 0.499951 0.499951 0.499951 0.499951 0.499951 0.499951 0.499951 0.499951 0.499951 0.499951 0.499951 0.499951 0.499951 0.499951 0.499951 0.499951 0.499951 0.499951 0.499951 0.499951 0.499951 0.499951 0.499951 0.499951 0.499951 0.499951 0.499951 0.499951 0.499951 0.499951 0.499951 0.499951 0.499951 0.499951 0.499951 0.499951 0.499951 0.499951 0.499951 0.499951 0.499951 0.499951 0.499951 0.499951 0.499951 0.499951 0.499951 0.499951 0.499951 0.499951 0.499951 0.499951 0.499951 0.499951 0.499951 0.499951 0.499951 0.499951 0.499951 0.499951 0.499951 0.499951 0.499951 0.499951 0.499951 0.499951 0.499951 0.499951 0.499951 0.499951 0.499951 0.499951 0.499951 0.499951 0.499951 0.499951 0.499951 0.499951 0.499951 0.499951 0.499951 0.499951 0.499951 0.499951 0.499951 0.499951 0.499951 0.499951 0.499951 0.499951 0.499951 0.499951 0.499951 0.499951 0.499951 0.48 0.499951 0.499951 0.499951 0.499951 0.499951 0.499951 0.499951 0.499951 0.499951 0.495154 0.499951 0.499951 0.499951 0.499951 0.499951 0.499951 0.499951 0.499951 0.499951 0.499246 0.499951 0.499951 0.499951 0.499951 0.499951 0.499951 0.499951 0.499951 0.499951 0.499104 0.499951 0.499951 0.499951 0.499951 0.499951 0.499951 0.499951 0.499951 0.499951 0.480421 0.499951 0.499951 0.499951 0.499951 0.499951 0.499951 0.499951 0.499951 0.499951 0.499925 0.499951 0.499951 0.499951 0.499951 0.499951 0.499951 0.499951 0.499951 0.499951 0.499289 0.499951 0.499951 0.499951 0.499951 0.499951 0.499951 0.499951 0.499951 0.499951 0.480037 0.499951 0.499951 0.499951 0.499951 0.499951 0.499951 0.499951 0.499951 0.499951 0.499886 0.499951 0.499951 0.499951 0.499951 0.499951 0.499951 0.499951 0.499951 0.499951 0.48 0.499951 0.499951 0.499951 0.48 0.499951 0.499951 0.48 0.499951 0.499951 0.499951 0.499951 0.499951 0.499951 0.480002 0.499951 0.499951 0.48 0.499951 0.499951 0.499951 0.499951 0.499951 0.499951 0.488219 0.499951 0.499951 0.498426 0.499951 0.499951 0.499951 0.499951 0.499951 0.499951 0.499289 0.499951 0.499951 0.499933 0.499951 0.499951 0.499951 0.499951 0.499951 0.499951 0.48 0.499951 0.499951 0.499753 0.499951 0.499951 0.499951 0.499951 0.499951 0.499951 0.480003 0.499951 0.499951 0.494462 0.499951 0.499951 0.499951 0.499951 0.499951 0.499951 0.48 0.499951 0.499951 0.48 0.499951 0.499951 0.499951 0.499951 0.499951 0.499951 0.48 0.499951 0.499951 0.498144 0.499951 0.499951 0.499951 0.499951 0.499951 0.499951 0.48 0.499951 0.499951 0.48 0.499951 0.499951 0.499951 0.499951 0.499951 0.499951 0.488806 0.499951 0.499951 0.480353 0.499951 0.499951 0.499951 0.499951 0.499951 0.499951 0.499951 0.499951 0.499951 0.499951 0.499951 0.499951 0.499951 0.499951 0.499951 0.499951 0.499951 0.499951 0.499951 0.499951 0.499951 0.499951 0.499951 0.499951 0.499951 0.499951 0.499951 0.499951 0.499951 0.499951 0.499951 0.499951 0.499951 0.499951 0.499951 0.499951 0.499951 0.499951 0.499951 0.499951 0.499951 0.499951 0.499951 0.499951 0.499951 0.499951 0.499951 0.499951 0.499951 0.499951 0.499951 0.499951 0.499951 0.499951 0.499951 0.499951 0.499951 0.499951 0.499951 0.499951 0.499951 0.499951 0.499951 0.499951 0.499951 0.499951 0.499951 0.499951 0.499951 0.499951 0.499951 0.499951 0.499951 0.499951 0.499951 0.499951 0.499951 0.499951 0.499951 0.499951 0.499951 0.499951 0.499951 0.499951 0.499951 0.499951 0.499951 0.499951 0.499951 0.499951 0.499951 0.499951 0.499951 0.499951 0.499951 0.499951 0.499951 0.499951 0.499951 0.499951 0.499951 0.499951 0.499951 0.499951 0.499951 0.499951 0.499951 0.499951 0.499951 0.499951 0.499951 0.499951 0.482068 0.499951 0.499951 0.499951 0.499951 0.499951 0.499951 0.499951 0.499951 0.499951 0.490599 0.499951 0.499951 0.499951 0.499951 0.499951 0.499951 0.499951 0.499951 0.499951 0.48 0.499951 0.499951 0.499951 0.499951 0.499951 0.499951 0.499951 0.499951 0.499951 0.497932 0.499951 0.499951 0.499951 0.499951 0.499951 0.499951 0.499951 0.499951 0.499951 0.48 0.499951 0.499951 0.499951 0.499951 0.499951 0.499951 0.499951 0.499951 0.499951 0.480027 0.499951 0.499951 0.499951 0.499951 0.499951 0.499951 0.499951 0.499951 0.499951 0.484419 0.499951 0.499951 0.499951 0.499951 0.499951 0.499951 0.499951 0.499951 0.499951 0.499667 0.499951 0.499951 0.499951 0.499951 0.499951 0.499951 0.499951 0.499951 0.499951 0.486548 0.499951 0.499951 0.499951 0.499951 0.499951 0.499951 0.499951 0.499951 0.499951 0.480013 0.499951 0.499951 0.499951 0.499951 0.499951 0.499951 0.499951 0.499951 0.499951 0.48402 0.499951 0.499951 0.499951 0.499951 0.499951 0.499951 0.499951 0.499951 0.499951 0.499738 0.499951 0.499951 0.499951 0.499951 0.499951 0.499951 0.499951 0.499951 0.499951 0.482557 0.499951 0.499951 0.499951 0.499951 0.499951 0.499951 0.499951 0.499951 0.499951 0.482182 0.499951 0.499951 0.499951 0.499951 0.499951 0.499951 0.499951 0.499951 0.499951 0.481125 0.499951 0.499951 0.499951 0.499951 0.499951 0.499951 0.499951 0.499951 0.499951 0.480001 0.499951 0.499951 0.499951 0.499951 0.499951 0.499951 0.499951 0.499951 0.499951 0.480671 0.499951 0.499951 0.499951 0.499951 0.499951 0.499951 0.499951 0.499951 0.499951 0.48 0.499951 0.499951 0.499951 0.499951 0.499951 0.499951 0.499951 0.499951 0.499951 0.48 0.499951 0.499951 0.499951 0.499951 0.499951 0.499951 0.499951 0.499951 0.499951 0.480012 0.499951 0.499951 0.499951 0.498937 0.499951 0.499951 0.480002 0.499951 0.499951 0.499951 0.499951 0.499951 0.499951 0.48 0.499951 0.499951 0.480108 0.499951 0.499951 0.499951 0.499951 0.499951 0.499951 0.495371 0.499951 0.499951 0.491489 0.499951 0.499951 0.499951 0.499951 0.499951 0.499951 0.48 0.499951 0.499951 0.492913 0.499951 0.499951 0.499951 0.499951 0.499951 0.499951 0.499202 0.499951 0.499951 0.48 0.499951 0.499951 0.499951 0.499951 0.499951 0.499951 0.48 0.499951 0.499951 0.481004 0.499951 0.499951 0.499951 0.499951 0.499951 0.499951 0.495154 0.499951 0.499951 0.494462 0.499951 0.499951 0.499951 0.499951 0.499951 0.499951 0.499468 0.499951 0.499951 0.48 0.499951 0.499951 0.499951 0.499951 0.499951 0.499951 0.498668 0.499951 0.499951 0.480047 0.499951 0.499951 0.499951 0.499951 0.499951 0.499951 0.48 0.499951 0.499951 0.483831 0.499951 0.499951 0.499951 0.499951 0.499951 0.499951 0.499951 0.499951 0.499951 0.499951 0.499951 0.499951 0.499951 0.499951 0.499951 0.499951 0.499951 0.499951 0.499951 0.499951 0.499951 0.499951 0.499951 0.499951 0.499951 0.499951 0.499951 0.499951 0.499951 0.499951 0.499951 0.499951 0.499951 0.499951 0.499951 0.499951 0.499951 0.499951 0.499951 0.499951 0.499951 0.499951 0.499951 0.499951 0.499951 0.499951 0.499951 0.499951 0.499951 0.499951 0.499951 0.499951 0.499951 0.499951 0.499951 0.499951 0.499951 0.499951 0.499951 0.499951 0.499951 0.499951 0.499951 0.499951 0.499951 0.499951 0.499951 0.499951 0.499951 0.499951 0.499951 0.499951 0.499951 0.499951 0.499951 0.499951 0.499951 0.499951 0.499951 0.499951 0.499951 0.499951 0.499951 0.499951 0.499951 0.499951 0.499951 0.499951 0.499951 0.499951 0.499951 0.499951 0.499951 0.499951 0.499951 0.499951 0.499951 0.499951 0.499951 0.499951 0.499951 0.499951 0.499951 0.499951 0.499951 0.499951 0.499951 0.499951 0.499951 0.499951 0.499951 0.499951 0.485781 0.499951 0.499951 0.499951 0.499951 0.499951 0.499951 0.499951 0.499951 0.499951 0.48 0.499951 0.499951 0.499951 0.499951 0.499951 0.499951 0.499951 0.499951 0.499951 0.481259 0.499951 0.499951 0.499951 0.499951 0.499951 0.499951 0.499951 0.499951 0.499951 0.48 0.499951 0.499951 0.499951 0.499951 0.499951 0.499951 0.499951 0.499951 0.499951 0.499753 0.499951 0.499951 0.499951 0.499951 0.499951 0.499951 0.499951 0.499951 0.499951 0.483649 0.499951 0.499951 0.499951 0.499951 0.499951 0.499951 0.499951 0.499951 0.499951 0.499827 0.499951 0.499951 0.499951 0.499951 0.499951 0.499951 0.499951 0.499951 0.499951 0.499527 0.499951 0.499951 0.499951 0.499951 0.499951 0.499951 0.499951 0.499951 0.499951 0.480002 0.499951 0.499951 0.499951 0.499951 0.499951 0.499951 0.499951 0.499951 0.499951 0.49978 0.499951 0.499951 0.499951 0.480005 0.499951 0.499951 0.48 0.499951 0.499951 0.499951 0.499951 0.499951 0.499951 0.48 0.499951 0.499951 0.499579 0.499951 0.499951 0.499951 0.499951 0.499951 0.499951 0.48 0.499951 0.499951 0.48 0.499951 0.499951 0.499951 0.499951 0.499951 0.499951 0.499402 0.499951 0.499951 0.48 0.499951 0.499951 0.499951 0.499951 0.499951 0.499951 0.480101 0.499951 0.499951 0.480754 0.499951 0.499951 0.499951 0.499951 0.499951 0.499951 0.48 0.499951 0.499951 0.499915 0.499951 0.499951 0.499951 0.499951 0.499951 0.499951 0.482301 0.499951 0.499951 0.480896 0.499951 0.499951 0.499951 0.499951 0.499951 0.499951 0.499402 0.499951 0.499951 0.490599 0.499951 0.499951 0.499951 0.499951 0.499951 0.499951 0.499647 0.499951 0.499951 0.480114 0.499951 0.499951 0.499951 0.499951 0.499951 0.499951 0.48 0.499951 0.499951 0.484846 0.499951 0.499951 0.499951 0.499951 0.499951 0.499951 0.499951 0.499951 0.499951 0.499951 0.499951 0.499951 0.499951 0.499951 0.499951 0.499951 0.499951 0.499951 0.499951 0.499951 0.499951 0.499951 0.499951 0.499951 0.499951 0.499951 0.499951 0.499951 0.499951 0.499951 0.499951 0.499951 0.499951 0.499951 0.499951 0.499951 0.499951 0.499951 0.499951 0.499951 0.499951 0.499951 0.499951 0.499951 0.499951 0.499951 0.499951 0.499951 0.499951 0.499951 0.499951 0.499951 0.499951 0.499951 0.499951 0.499951 0.499951 0.499951 0.499951 0.499951 0.499951 0.499951 0.499951 0.499951 0.499951 0.499951 0.499951 0.499951 0.499951 0.499951 0.499951 0.499951 0.499951 0.499951 0.499951 0.499951 0.499951 0.499951 0.499951 0.499951 0.499951 0.499951 0.499951 0.499951 0.499951 0.499951 0.499951 0.499951 0.499951 0.499951 0.499951 0.499951 0.499951 0.499951 0.499951 0.499951 0.499951 0.499951 0.499951 0.499951 0.499951 0.499951 0.499951 0.499951 0.499951 0.499951 0.499951 0.499951 0.499951 0.499951 0.499951 0.499951 0.480041 0.499951 0.499951 0.499951 0.499951 0.499951 0.499951 0.499951 0.499951 0.499951 0.484419 0.499951 0.499951 0.499951 0.499951 0.499951 0.499951 0.499951 0.499951 0.499951 0.480012 0.499951 0.499951 0.499951 0.499951 0.499951 0.499951 0.499951 0.499951 0.499951 0.48 0.499951 0.499951 0.499951 0.499951 0.499951 0.499951 0.499951 0.499951 0.499951 0.48 0.499951 0.499951 0.499951 0.499951 0.499951 0.499951 0.499951 0.499951 0.499951 0.480014 0.499951 0.499951 0.499951 0.499951 0.499951 0.499951 0.499951 0.499951 0.499951 0.48 0.499951 0.499951 0.499951 0.499951 0.499951 0.499951 0.499951 0.499951 0.499951 0.480129 0.499951 0.499951 0.499951 0.499951 0.499951 0.499951 0.499951 0.499951 0.499951 0.480027 0.499951 0.499951 0.499951 0.499951 0.499951 0.499951 0.499951 0.499951 0.499951 0.48 0.499951 0.499951 0.499951 0.480003 0.499951 0.499951 0.495581 0.499951 0.499951 0.499951 0.499951 0.499951 0.499951 0.48 0.499951 0.499951 0.480075 0.499951 0.499951 0.499951 0.499951 0.499951 0.499951 0.48 0.499951 0.499951 0.499855 0.499951 0.499951 0.499951 0.499951 0.499951 0.499951 0.48507 0.499951 0.499951 0.499647 0.499951 0.499951 0.499951 0.499951 0.499951 0.499951 0.482837 0.499951 0.499951 0.48 0.499951 0.499951 0.499951 0.499951 0.499951 0.499951 0.482426 0.499951 0.499951 0.499863 0.499951 0.499951 0.499951 0.499951 0.499951 0.499951 0.480016 0.499951 0.499951 0.497699 0.499951 0.499951 0.499951 0.499951 0.499951 0.499951 0.482426 0.499951 0.499951 0.48 0.499951 0.499951 0.499951 0.499951 0.499951 0.499951 0.499498 0.499951 0.499951 0.484216 0.499951 0.499951 0.499951 0.499951 0.499951 0.499951 0.48 0.499951 0.499951 0.48 0.499951 0.499951 0.499951 0.499951 0.499951 0.499951 0.499951 0.499951 0.499951 0.499951 0.499951 0.499951 0.499951 0.499951 0.499951 0.499951 0.499951 0.499951 0.499951 0.499951 0.499951 0.499951 0.499951 0.499951 0.499951 0.499951 0.499951 0.499951 0.499951 0.499951 0.499951 0.499951 0.499951 0.499951 0.499951 0.499951 0.499951 0.499951 0.499951 0.499951 0.499951 0.499951 0.499951 0.499951 0.499951 0.499951 0.499951 0.499951 0.499951 0.499951 0.499951 0.499951 0.499951 0.499951 0.499951 0.499951 0.499951 0.499951 0.499951 0.499951 0.499951 0.499951 0.499951 0.499951 0.499951 0.499951 0.499951 0.499951 0.499951 0.499951 0.499951 0.499951 0.499951 0.499951 0.499951 0.499951 0.499951 0.499951 0.499951 0.499951 0.499951 0.499951 0.499951 0.499951 0.499951 0.499951 0.499951 0.499951 0.499951 0.499951 0.499951 0.499951 0.499951 0.499951 0.499951 0.499951 0.499951 0.499951 0.499951 0.499951 0.499951 0.499951 0.499951 0.499951 0.499951 0.499951 0.499951 0.499951 0.499951 0.499951 0.499951 0.499951 0.48 0.499951 0.499951 0.499951 0.499951 0.499951 0.499951 0.499951 0.499951 0.499951 0.484419 0.499951 0.499951 0.499951 0.499951 0.499951 0.499951 0.499951 0.499951 0.499951 0.493969 0.499951 0.499951 0.499951 0.499951 0.499951 0.499951 0.499951 0.499951 0.499951 0.482182 0.499951 0.499951 0.499951 0.499951 0.499951 0.499951 0.499951 0.499951 0.499951 0.48507 0.499951 0.499951 0.499951 0.499951 0.499951 0.499951 0.499951 0.499951 0.499951 0.480007 0.499951 0.499951 0.499951 0.499951 0.499951 0.499951 0.499951 0.499951 0.499951 0.48 0.499951 0.499951 0.499951 0.499951 0.499951 0.499951 0.499951 0.499951 0.499951 0.48 0.499951 0.499951 0.499951 0.499951 0.499951 0.499951 0.499951 0.499951 0.499951 0.497699 0.499951 0.499951 0.499951 0.499951 0.499951 0.499951 0.499951 0.499951 0.499951 0.493714 0.499951 0.499951 0.499951 0.499951 0.499951 0.499951 0.499951 0.499951 0.499951 0.480033 0.499951 0.499951 0.499951 0.499951 0.499951 0.499951 0.499951 0.499951 0.499951 0.485301 0.499951 0.499951 0.499951 0.499951 0.499951 0.499951 0.499951 0.499951 0.499951 0.480001 0.499951 0.499951 0.499951 0.499951 0.499951 0.499951 0.499951 0.499951 0.499951 0.480002 0.499951 0.499951 0.499951 0.499951 0.499951 0.499951 0.499951 0.499951 0.499951 0.48 0.499951 0.499951 0.499951 0.499951 0.499951 0.499951 0.499951 0.499951 0.499951 0.480033 0.499951 0.499951 0.499951 0.499951 0.499951 0.499951 0.499951 0.499951 0.499951 0.48 0.499951 0.499951 0.499951 0.499951 0.499951 0.499951 0.499951 0.499951 0.499951 0.494219 0.499951 0.499951 0.499951 0.499951 0.499951 0.499951 0.499951 0.499951 0.499951 0.48 0.499951 0.499951 0.499951 0.499951 0.499951 0.499951 0.499951 0.499951 0.499951 0.483473 0.499951 0.499951 0.499951 0.499929 0.499951 0.499951 0.48 0.499951 0.499951 0.499951 0.499951 0.499951 0.499951 0.486031 0.499951 0.499951 0.48 0.499951 0.499951 0.499951 0.499951 0.499951 0.499951 0.48 0.499951 0.499951 0.48 0.499951 0.499951 0.499951 0.499951 0.499951 0.499951 0.499647 0.499951 0.499951 0.499846 0.499951 0.499951 0.499951 0.499951 0.499951 0.499951 0.480634 0.499951 0.499951 0.499886 0.499951 0.499951 0.499951 0.499951 0.499951 0.499951 0.497699 0.499951 0.499951 0.48 0.499951 0.499951 0.499951 0.499951 0.499951 0.499951 0.493452 0.499951 0.499951 0.497932 0.499951 0.499951 0.499951 0.499951 0.499951 0.499951 0.48 0.499951 0.499951 0.490599 0.499951 0.499951 0.499951 0.499951 0.499951 0.499951 0.498144 0.499951 0.499951 0.48 0.499951 0.499951 0.499951 0.499951 0.499951 0.499951 0.481332 0.499951 0.499951 0.498511 0.499951 0.499951 0.499951 0.499951 0.499951 0.499951 0.499951 0.499951 0.499951 0.499951 0.499951 0.499951 0.499951 0.499951 0.499951 0.499951 0.499951 0.499951 0.499951 0.499951 0.499951 0.499951 0.499951 0.499951 0.499951 0.499951 0.499951 0.499951 0.499951 0.499951 0.499951 0.499951 0.499951 0.499951 0.499951 0.499951 0.499951 0.499951 0.499951 0.499951 0.499951 0.499951 0.499951 0.499951 0.499951 0.499951 0.499951 0.499951 0.499951 0.499951 0.499951 0.499951 0.499951 0.499951 0.499951 0.499951 0.499951 0.499951 0.499951 0.499951 0.499951 0.499951 0.499951 0.499951 0.499951 0.499951 0.499951 0.499951 0.499951 0.499951 0.499951 0.499951 0.499951 0.499951 0.499951 0.499951 0.499951 0.499951 0.499951 0.499951 0.499951 0.499951 0.499951 0.499951 0.499951 0.499951 0.499951 0.499951 0.499951 0.499951 0.499951 0.499951 0.499951 0.499951 0.499951 0.499951 0.499951 0.499951 0.499951 0.499951 0.499951 0.499951 0.499951 0.499951 0.499951 0.499951 0.499951 0.499951 0.499951 0.499951 0.499951 0.499951 0.481125 0.499951 0.499951 0.499951 0.499951 0.499951 0.499951 0.499951 0.499951 0.499951 0.48 0.499951 0.499951 0.499951 0.499951 0.499951 0.499951 0.499951 0.499951 0.499951 0.48 0.499951 0.499951 0.499951 0.499951 0.499951 0.499951 0.499951 0.499951 0.499951 0.499667 0.499951 0.499951 0.499951 0.499951 0.499951 0.499951 0.499951 0.499951 0.499951 0.48 0.499951 0.499951 0.499951 0.499951 0.499951 0.499951 0.499951 0.499951 0.499951 0.48 0.499951 0.499951 0.499951 0.499951 0.499951 0.499951 0.499951 0.499951 0.499951 0.499554 0.499951 0.499951 0.499951 0.499951 0.499951 0.499951 0.499951 0.499951 0.499951 0.48 0.499951 0.499951 0.499951 0.499951 0.499951 0.499951 0.499951 0.499951 0.499951 0.485301 0.499951 0.499951 0.499951 0.499951 0.499951 0.499951 0.499951 0.499951 0.499951 0.48 0.499951 0.499951 0.499951 0.480007 0.499951 0.499951 0.499202 0.499951 0.499951 0.499951 0.499951 0.499951 0.499951 0.483142 0.499951 0.499951 0.48 0.499951 0.499951 0.499951 0.499951 0.499951 0.499951 0.48 0.499951 0.499951 0.491781 0.499951 0.499951 0.499951 0.499951 0.499951 0.499951 0.480001 0.499951 0.499951 0.499721 0.499951 0.499951 0.499951 0.499951 0.499951 0.499951 0.48 0.499951 0.499951 0.499202 0.499951 0.499951 0.499951 0.499951 0.499951 0.499951 0.480145 0.499951 0.499951 0.499202 0.499951 0.499951 0.499951 0.499951 0.499951 0.499951 0.48 0.499951 0.499951 0.48 0.499951 0.499951 0.499951 0.499951 0.499951 0.499951 0.48 0.499951 0.499951 0.48 0.499951 0.499951 0.499951 0.499951 0.499951 0.499951 0.48 0.499951 0.499951 0.481574 0.499951 0.499951 0.499951 0.499951 0.499951 0.499951 0.48 0.499951 0.499951 0.480502 0.499951 0.499951 0.499951 0.499951 0.499951 0.499951 0.499951 0.499951 0.499951 0.499951 0.499951 0.499951 0.499951 0.499951 0.499951 0.499951 0.499951 0.499951 0.499951 0.499951 0.499951 0.499951 0.499951 0.499951 0.499951 0.499951 0.499951 0.499951 0.499951 0.499951 0.499951 0.499951 0.499951 0.499951 0.499951 0.499951 0.499951 0.499951 0.499951 0.499951 0.499951 0.499951 0.499951 0.499951 0.499951 0.499951 0.499951 0.499951 0.499951 0.499951 0.499951 0.499951 0.499951 0.499951 0.499951 0.499951 0.499951 0.499951 0.499951 0.499951 0.499951 0.499951 0.499951 0.499951 0.499951 0.499951 0.499951 0.499951 0.499951 0.499951 0.499951 0.499951 0.499951 0.499951 0.499951 0.499951 0.499951 0.499951 0.499951 0.499951 0.499951 0.499951 0.499951 0.499951 0.499951 0.499951 0.499951 0.499951 0.499951 0.499951 0.499951 0.499951 0.499951 0.499951 0.499951 0.499951 0.499951 0.499951 0.499951 0.499951 0.499951 0.499951 0.499951 0.499951 0.499951 0.499951 0.499951 0.499951 0.499951 0.499951 0.499951 0.499951 0.48 0.499951 0.499951 0.499951 0.499951 0.499951 0.499951 0.499951 0.499951 0.499951 0.48 0.499951 0.499951 0.499951 0.499951 0.499951 0.499951 0.499951 0.499951 0.499951 0.48 0.499951 0.499951 0.499951 0.499951 0.499951 0.499951 0.499951 0.499951 0.499951 0.48 0.499951 0.499951 0.499951 0.499951 0.499951 0.499951 0.499951 0.499951 0.499951 0.48463 0.499951 0.499951 0.499951 0.499951 0.499951 0.499951 0.499951 0.499951 0.499951 0.487645 0.499951 0.499951 0.499951 0.499951 0.499951 0.499951 0.499951 0.499951 0.499951 0.499863 0.499951 0.499951 0.499951 0.499951 0.499951 0.499951 0.499951 0.499951 0.499951 0.480598 0.499951 0.499951 0.499951 0.499951 0.499951 0.499951 0.499951 0.499951 0.499951 0.48 0.499951 0.499951 0.499951 0.499951 0.499951 0.499951 0.499951 0.499951 0.499951 0.48 0.499951 0.499951 0.499951 0.491194 0.499951 0.499951 0.499468 0.499951 0.499951 0.499951 0.499951 0.499951 0.499951 0.493714 0.499951 0.499951 0.499721 0.499951 0.499951 0.499951 0.499951 0.499951 0.499951 0.499863 0.499951 0.499951 0.499579 0.499951 0.499951 0.499951 0.499951 0.499951 0.499951 0.481409 0.499951 0.499951 0.48 0.499951 0.499951 0.499951 0.499951 0.499951 0.499951 0.480049 0.499951 0.499951 0.480005 0.499951 0.499951 0.499951 0.499951 0.499951 0.499951 0.480026 0.499951 0.499951 0.480711 0.499951 0.499951 0.499951 0.499951 0.499951 0.499951 0.480184 0.499951 0.499951 0.497699 0.499951 0.499951 0.499951 0.499951 0.499951 0.499951 0.480003 0.499951 0.499951 0.480021 0.499951 0.499951 0.499951 0.499951 0.499951 0.499951 0.498041 0.499951 0.499951 0.493185 0.499951 0.499951 0.499951 0.499951 0.499951 0.499951 0.499554 0.499951 0.499951 0.480035 0.499951 0.499951 0.499951 0.499951 0.499951 0.499951 0.499951 0.499951 0.499951 0.499951 0.499951 0.499951 0.499951 0.499951 0.499951 0.499951 0.499951 0.499951 0.499951 0.499951 0.499951 0.499951 0.499951 0.499951 0.499951 0.499951 0.499951 0.499951 0.499951 0.499951 0.499951 0.499951 0.499951 0.499951 0.499951 0.499951 0.499951 0.499951 0.499951 0.499951 0.499951 0.499951 0.499951 0.499951 0.499951 0.499951 0.499951 0.499951 0.499951 0.499951 0.499951 0.499951 0.499951 0.499951 0.499951 0.499951 0.499951 0.499951 0.499951 0.499951 0.499951 0.499951 0.499951 0.499951 0.499951 0.499951 0.499951 0.499951 0.499951 0.499951 0.499951 0.499951 0.499951 0.499951 0.499951 0.499951 0.499951 0.499951 0.499951 0.499951 0.499951 0.499951 0.499951 0.499951 0.499951 0.499951 0.499951 0.499951 0.499951 0.499951 0.499951 0.499951 0.499951 0.499951 0.499951 0.499951 0.499951 0.499951 0.499951 0.499951 0.499951 0.499951 0.499951 0.499951 0.499951 0.499951 0.499951 0.499951 0.499951 0.499951 0.499951 0.499951 0.480001 0.499951 0.499951 0.499951 0.499951 0.499951 0.499951 0.499951 0.499951 0.499951 0.494462 0.499951 0.499951 0.499951 0.499951 0.499951 0.499951 0.499951 0.499951 0.499951 0.484216 0.499951 0.499951 0.499951 0.499951 0.499951 0.499951 0.499951 0.499951 0.499951 0.491781 0.499951 0.499951 0.499951 0.499951 0.499951 0.499951 0.499951 0.499951 0.499951 0.480024 0.499951 0.499951 0.499951 0.499951 0.499951 0.499951 0.499951 0.499951 0.499951 0.480001 0.499951 0.499951 0.499951 0.499951 0.499951 0.499951 0.499951 0.499951 0.499951 0.48 0.499951 0.499951 0.499951 0.499951 0.499951 0.499951 0.499951 0.499951 0.499951 0.480049 0.499951 0.499951 0.499951 0.499951 0.499951 0.499951 0.499951 0.499951 0.499951 0.486815 0.499951 0.499951 0.499951 0.499951 0.499951 0.499951 0.499951 0.499951 0.499951 0.48 0.499951 0.499951 0.499951 0.499951 0.499951 0.499951 0.499951 0.499951 0.499951 0.48 0.499951 0.499951 0.499951 0.499951 0.499951 0.499951 0.499951 0.499951 0.499951 0.48 0.499951 0.499951 0.499951 0.499951 0.499951 0.499951 0.499951 0.499951 0.499951 0.480233 0.499951 0.499951 0.499951 0.499951 0.499951 0.499951 0.499951 0.499951 0.499951 0.48 0.499951 0.499951 0.499951 0.499951 0.499951 0.499951 0.499951 0.499951 0.499951 0.499603 0.499951 0.499951 0.499951 0.499951 0.499951 0.499951 0.499951 0.499951 0.499951 0.480005 0.499951 0.499951 0.499951 0.499951 0.499951 0.499951 0.499951 0.499951 0.499951 0.480056 0.499951 0.499951 0.499951 0.499951 0.499951 0.499951 0.499951 0.499951 0.499951 0.48 0.499951 0.499951 0.499951 0.499951 0.499951 0.499951 0.499951 0.499951 0.499951 0.480019 0.499951 0.499951 0.499951 0.499951 0.499951 0.499951 0.499951 0.499951 0.499951 0.48 0.499951 0.499951 0.499951 0.480195 0.499951 0.499951 0.496858 0.499951 0.499951 0.499951 0.499951 0.499951 0.499951 0.481757 0.499951 0.499951 0.480003 0.499951 0.499951 0.499951 0.499951 0.499951 0.499951 0.499886 0.499951 0.499951 0.481409 0.499951 0.499951 0.499951 0.499951 0.499951 0.499951 0.480006 0.499951 0.499951 0.480007 0.499951 0.499951 0.499951 0.499951 0.499951 0.499951 0.480005 0.499951 0.499951 0.480333 0.499951 0.499951 0.499951 0.499951 0.499951 0.499951 0.48 0.499951 0.499951 0.480023 0.499951 0.499951 0.499951 0.499951 0.499951 0.499951 0.480016 0.499951 0.499951 0.48 0.499951 0.499951 0.499951 0.499951 0.499951 0.499951 0.480024 0.499951 0.499951 0.48 0.499951 0.499951 0.499951 0.499951 0.499951 0.499951 0.48 0.499951 0.499951 0.497574 0.499951 0.499951 0.499951 0.499951 0.499951 0.499951 0.498041 0.499951 0.499951 0.480121 0.499951 0.499951 0.499951 0.499951 0.499951 0.499951 0.499951 0.499951 0.499951 0.499951 0.499951 0.499951 0.499951 0.499951 0.499951 0.499951 0.499951 0.499951 0.499951 0.499951 0.499951 0.499951 0.499951 0.499951 0.499951 0.499951 0.499951 0.499951 0.499951 0.499951 0.499951 0.499951 0.499951 0.499951 0.499951 0.499951 0.499951 0.499951 0.499951 0.499951 0.499951 0.499951 0.499951 0.499951 0.499951 0.499951 0.499951 0.499951 0.499951 0.499951 0.499951 0.499951 0.499951 0.499951 0.499951 0.499951 0.499951 0.499951 0.499951 0.499951 0.499951 0.499951 0.499951 0.499951 0.499951 0.499951 0.499951 0.499951 0.499951 0.499951 0.499951 0.499951 0.499951 0.499951 0.499951 0.499951 0.499951 0.499951 0.499951 0.499951 0.499951 0.499951 0.499951 0.499951 0.499951 0.499951 0.499951 0.499951 0.499951 0.499951 0.499951 0.499951 0.499951 0.499951 0.499951 0.499951 0.499951 0.499951 0.499951 0.499951 0.499951 0.499951 0.499951 0.499951 0.499951 0.499951 0.499951 0.499951 0.499951 0.499951 0.499951 0.499951 0.499863 0.499951 0.499951 0.499951 0.499951 0.499951 0.499951 0.499951 0.499951 0.499951 0.499554 0.499951 0.499951 0.499951 0.499951 0.499951 0.499951 0.499951 0.499951 0.499951 0.480002 0.499951 0.499951 0.499951 0.499951 0.499951 0.499951 0.499951 0.499951 0.499951 0.49493 0.499951 0.499951 0.499951 0.499951 0.499951 0.499951 0.499951 0.499951 0.499951 0.481004 0.499951 0.499951 0.499951 0.499951 0.499951 0.499951 0.499951 0.499951 0.499951 0.48 0.499951 0.499951 0.499951 0.499951 0.499951 0.499951 0.499951 0.499951 0.499951 0.484846 0.499951 0.499951 0.499951 0.499951 0.499951 0.499951 0.499951 0.499951 0.499951 0.480037 0.499951 0.499951 0.499951 0.499951 0.499951 0.499951 0.499951 0.499951 0.499951 0.492636 0.499951 0.499951 0.499951 0.499951 0.499951 0.499951 0.499951 0.499951 0.499951 0.48 0.499951 0.499951 0.499951 0.499246 0.499951 0.499951 0.496352 0.499951 0.499951 0.499951 0.499951 0.499951 0.499951 0.48 0.499951 0.499951 0.498511 0.499951 0.499951 0.499951 0.499951 0.499951 0.499951 0.482301 0.499951 0.499951 0.481757 0.499951 0.499951 0.499951 0.499951 0.499951 0.499951 0.482694 0.499951 0.499951 0.499402 0.499951 0.499951 0.499951 0.499951 0.499951 0.499951 0.48 0.499951 0.499951 0.486031 0.499951 0.499951 0.499951 0.499951 0.499951 0.499951 0.495581 0.499951 0.499951 0.480001 0.499951 0.499951 0.499951 0.499951 0.499951 0.499951 0.484216 0.499951 0.499951 0.48 0.499951 0.499951 0.499951 0.499951 0.499951 0.499951 0.480333 0.499951 0.499951 0.499667 0.499951 0.499951 0.499951 0.499951 0.499951 0.499951 0.48 0.499951 0.499951 0.480001 0.499951 0.499951 0.499951 0.499951 0.499951 0.499951 0.492913 0.499951 0.499951 0.48 0.499951 0.499951 0.499951 0.499951 0.499951 0.499951 0.499951 0.499951 0.499951 0.499951 0.499951 0.499951 0.499951 0.499951 0.499951 0.499951 0.499951 0.499951 0.499951 0.499951 0.499951 0.499951 0.499951 0.499951 0.499951 0.499951 0.499951 0.499951 0.499951 0.499951 0.499951 0.499951 0.499951 0.499951 0.499951 0.499951 0.499951 0.499951 0.499951 0.499951 0.499951 0.499951 0.499951 0.499951 0.499951 0.499951 0.499951 0.499951 0.499951 0.499951 0.499951 0.499951 0.499951 0.499951 0.499951 0.499951 0.499951 0.499951 0.499951 0.499951 0.499951 0.499951 0.499951 0.499951 0.499951 0.499951 0.499951 0.499951 0.499951 0.499951 0.499951 0.499951 0.499951 0.499951 0.499951 0.499951 0.499951 0.499951 0.499951 0.499951 0.499951 0.499951 0.499951 0.499951 0.499951 0.499951 0.499951 0.499951 0.499951 0.499951 0.499951 0.499951 0.499951 0.499951 0.499951 0.499951 0.499951 0.499951 0.499951 0.499951 0.499951 0.499951 0.499951 0.499951 0.499951 0.499951 0.499951 0.499951 0.499951 0.499951 0.499951 0.499951 0.48 0.499951 0.499951 0.499951 0.499951 0.499951 0.499951 0.499951 0.499951 0.499951 0.48 0.499951 0.499951 0.499951 0.499951 0.499951 0.499951 0.499951 0.499951 0.499951 0.480003 0.499951 0.499951 0.499951 0.499951 0.499951 0.499951 0.499951 0.499951 0.499951 0.48 0.499951 0.499951 0.499951 0.499951 0.499951 0.499951 0.499951 0.499951 0.499951 0.48 0.499951 0.499951 0.499951 0.499951 0.499951 0.499951 0.499951 0.499951 0.499951 0.48001 0.499951 0.499951 0.499951 0.499951 0.499951 0.499951 0.499951 0.499951 0.499951 0.48 0.499951 0.499951 0.499951 0.499951 0.499951 0.499951 0.499951 0.499951 0.499951 0.48402 0.499951 0.499951 0.499951 0.499951 0.499951 0.499951 0.499951 0.499951 0.499951 0.499705 0.499951 0.499951 0.499951 0.499951 0.499951 0.499951 0.499951 0.499951 0.499951 0.495581 0.499951 0.499951 0.499951 0.498668 0.499951 0.499951 0.480233 0.499951 0.499951 0.499951 0.499951 0.499951 0.499951 0.489102 0.499951 0.499951 0.480754 0.499951 0.499951 0.499951 0.499951 0.499951 0.499951 0.481409 0.499951 0.499951 0.480598 0.499951 0.499951 0.499951 0.499951 0.499951 0.499951 0.48 0.499951 0.499951 0.494219 0.499951 0.499951 0.499951 0.499951 0.499951 0.499951 0.480012 0.499951 0.499951 0.480008 0.499951 0.499951 0.499951 0.499951 0.499951 0.499951 0.496858 0.499951 0.499951 0.48 0.499951 0.499951 0.499951 0.499951 0.499951 0.499951 0.48 0.499951 0.499951 0.480145 0.499951 0.499951 0.499951 0.499951 0.499951 0.499951 0.491489 0.499951 0.499951 0.499527 0.499951 0.499951 0.499951 0.499951 0.499951 0.499951 0.493185 0.499951 0.499951 0.48 0.499951 0.499951 0.499951 0.499951 0.499951 0.499951 0.487364 0.499951 0.499951 0.499051 0.499951 0.499951 0.499951 0.499951 0.499951 0.499951 0.499951 0.499951 0.499951 0.499951 0.499951 0.499951 0.499951 0.499951 0.499951 0.499951 0.499951 0.499951 0.499951 0.499951 0.499951 0.499951 0.499951 0.499951 0.499951 0.499951 0.499951 0.499951 0.499951 0.499951 0.499951 0.499951 0.499951 0.499951 0.499951 0.499951 0.499951 0.499951 0.499951 0.499951 0.499951 0.499951 0.499951 0.499951 0.499951 0.499951 0.499951 0.499951 0.499951 0.499951 0.499951 0.499951 0.499951 0.499951 0.499951 0.499951 0.499951 0.499951 0.499951 0.499951 0.499951 0.499951 0.499951 0.499951 0.499951 0.499951 0.499951 0.499951 0.499951 0.499951 0.499951 0.499951 0.499951 0.499951 0.499951 0.499951 0.499951 0.499951 0.499951 0.499951 0.499951 0.499951 0.499951 0.499951 0.499951 0.499951 0.499951 0.499951 0.499951 0.499951 0.499951 0.499951 0.499951 0.499951 0.499951 0.499951 0.499951 0.499951 0.499951 0.499951 0.499951 0.499951 0.499951 0.499951 0.499951 0.499951 0.499951 0.499951 0.499951 0.499951 0.499951 0.499951 0.480002 0.499951 0.499951 0.499951 0.499951 0.499951 0.499951 0.499951 0.499951 0.499951 0.499925 0.499951 0.499951 0.499951 0.499951 0.499951 0.499951 0.499951 0.499951 0.499951 0.481332 0.499951 0.499951 0.499951 0.499951 0.499951 0.499951 0.499951 0.499951 0.499951 0.480313 0.499951 0.499951 0.499951 0.499951 0.499951 0.499951 0.499951 0.499951 0.499951 0.480001 0.499951 0.499951 0.499951 0.499951 0.499951 0.499951 0.499951 0.499951 0.499951 0.48 0.499951 0.499951 0.499951 0.499951 0.499951 0.499951 0.499951 0.499951 0.499951 0.48009 0.499951 0.499951 0.499951 0.499951 0.499951 0.499951 0.499951 0.499951 0.499951 0.48 0.499951 0.499951 0.499951 0.499951 0.499951 0.499951 0.499951 0.499951 0.499951 0.48 0.499951 0.499951 0.499951 0.499951 0.499951 0.499951 0.499951 0.499951 0.499951 0.48 0.499951 0.499951 0.499951 0.499951 0.499951 0.499951 0.499951 0.499951 0.499951 0.480295 0.499951 0.499951 0.499951 0.499951 0.499951 0.499951 0.499951 0.499951 0.499951 0.480006 0.499951 0.499951 0.499951 0.499951 0.499951 0.499951 0.499951 0.499951 0.499951 0.483304 0.499951 0.499951 0.499951 0.499951 0.499951 0.499951 0.499951 0.499951 0.499951 0.48 0.499951 0.499951 0.499951 0.499951 0.499951 0.499951 0.499951 0.499951 0.499951 0.486286 0.499951 0.499951 0.499951 0.499951 0.499951 0.499951 0.499951 0.499951 0.499951 0.499863 0.499951 0.499951 0.499951 0.499951 0.499951 0.499951 0.499951 0.499951 0.499951 0.48 0.499951 0.499951 0.499951 0.499951 0.499951 0.499951 0.499951 0.499951 0.499951 0.480279 0.499951 0.499951 0.499951 0.499951 0.499951 0.499951 0.499951 0.499951 0.499951 0.499837 0.499951 0.499951 0.499951 0.499951 0.499951 0.499951 0.499951 0.499951 0.499951 0.498937 0.499951 0.499951 0.499951 0.499468 0.499951 0.499951 0.480001 0.499951 0.499951 0.499951 0.499951 0.499951 0.499951 0.48 0.499951 0.499951 0.48 0.499951 0.499951 0.499951 0.499951 0.499951 0.499951 0.48 0.499951 0.499951 0.495784 0.499951 0.499951 0.499951 0.499951 0.499951 0.499951 0.48 0.499951 0.499951 0.499329 0.499951 0.499951 0.499951 0.499951 0.499951 0.499951 0.497014 0.499951 0.499951 0.498668 0.499951 0.499951 0.499951 0.499951 0.499951 0.499951 0.48 0.499951 0.499951 0.499626 0.499951 0.499951 0.499951 0.499951 0.499951 0.499951 0.48 0.499951 0.499951 0.485301 0.499951 0.499951 0.499951 0.499951 0.499951 0.499951 0.480001 0.499951 0.499951 0.480005 0.499951 0.499951 0.499951 0.499951 0.499951 0.499951 0.495784 0.499951 0.499951 0.48 0.499951 0.499951 0.499951 0.499951 0.499951 0.499951 0.480129 0.499951 0.499951 0.497163 0.499951 0.499951 0.499951 0.499951 0.499951 0.499951 0.499951 0.499951 0.499951 0.499951 0.499951 0.499951 0.499951 0.499951 0.499951 0.499951 0.499951 0.499951 0.499951 0.499951 0.499951 0.499951 0.499951 0.499951 0.499951 0.499951 0.499951 0.499951 0.499951 0.499951 0.499951 0.499951 0.499951 0.499951 0.499951 0.499951 0.499951 0.499951 0.499951 0.499951 0.499951 0.499951 0.499951 0.499951 0.499951 0.499951 0.499951 0.499951 0.499951 0.499951 0.499951 0.499951 0.499951 0.499951 0.499951 0.499951 0.499951 0.499951 0.499951 0.499951 0.499951 0.499951 0.499951 0.499951 0.499951 0.499951 0.499951 0.499951 0.499951 0.499951 0.499951 0.499951 0.499951 0.499951 0.499951 0.499951 0.499951 0.499951 0.499951 0.499951 0.499951 0.499951 0.499951 0.499951 0.499951 0.499951 0.499951 0.499951 0.499951 0.499951 0.499951 0.499951 0.499951 0.499951 0.499951 0.499951 0.499951 0.499951 0.499951 0.499951 0.499951 0.499951 0.499951 0.499951 0.499951 0.499951 0.499951 0.499951 0.499951 0.499951 0.499951 0.499951 0.480532 0.499951 0.499951 0.499951 0.499951 0.499951 0.499951 0.499951 0.499951 0.499951 0.49598 0.499951 0.499951 0.499951 0.499951 0.499951 0.499951 0.499951 0.499951 0.499951 0.48 0.499951 0.499951 0.499951 0.499951 0.499951 0.499951 0.499951 0.499951 0.499951 0.497163 0.499951 0.499951 0.499951 0.499951 0.499951 0.499951 0.499951 0.499951 0.499951 0.480029 0.499951 0.499951 0.499951 0.499951 0.499951 0.499951 0.499951 0.499951 0.499951 0.482301 0.499951 0.499951 0.499951 0.499951 0.499951 0.499951 0.499951 0.499951 0.499951 0.4903 0.499951 0.499951 0.499951 0.499951 0.499951 0.499951 0.499951 0.499951 0.499951 0.48 0.499951 0.499951 0.499951 0.499951 0.499951 0.499951 0.499951 0.499951 0.499951 0.480006 0.499951 0.499951 0.499951 0.499951 0.499951 0.499951 0.499951 0.499951 0.499951 0.48793 0.499951 0.499951 0.499951 0.498243 0.499951 0.499951 0.48793 0.499951 0.499951 0.499951 0.499951 0.499951 0.499951 0.48009 0.499951 0.499951 0.492355 0.499951 0.499951 0.499951 0.499951 0.499951 0.499951 0.482837 0.499951 0.499951 0.480019 0.499951 0.499951 0.499951 0.499951 0.499951 0.499951 0.499738 0.499951 0.499951 0.497443 0.499951 0.499951 0.499951 0.499951 0.499951 0.499951 0.480001 0.499951 0.499951 0.499579 0.499951 0.499951 0.499951 0.499951 0.499951 0.499951 0.48 0.499951 0.499951 0.481489 0.499951 0.499951 0.499951 0.499951 0.499951 0.499951 0.49991 0.499951 0.499951 0.499289 0.499951 0.499951 0.499951 0.499951 0.499951 0.499951 0.481959 0.499951 0.499951 0.482694 0.499951 0.499951 0.499951 0.499951 0.499951 0.499951 0.499498 0.499951 0.499951 0.48 0.499951 0.499951 0.499951 0.499951 0.499951 0.499951 0.499498 0.499951 0.499951 0.480333 0.499951 0.499951 0.499951 0.499951 0.499951 0.499951 0.499951 0.499951 0.499951 0.499951 0.499951 0.499951 0.499951 0.499951 0.499951 0.499951 0.499951 0.499951 0.499951 0.499951 0.499951 0.499951 0.499951 0.499951 0.499951 0.499951 0.499951 0.499951 0.499951 0.499951 0.499951 0.499951 0.499951 0.499951 0.499951 0.499951 0.499951 0.499951 0.499951 0.499951 0.499951 0.499951 0.499951 0.499951 0.499951 0.499951 0.499951 0.499951 0.499951 0.499951 0.499951 0.499951 0.499951 0.499951 0.499951 0.499951 0.499951 0.499951 0.499951 0.499951 0.499951 0.499951 0.499951 0.499951 0.499951 0.499951 0.499951 0.499951 0.499951 0.499951 0.499951 0.499951 0.499951 0.499951 0.499951 0.499951 0.499951 0.499951 0.499951 0.499951 0.499951 0.499951 0.499951 0.499951 0.499951 0.499951 0.499951 0.499951 0.499951 0.499951 0.499951 0.499951 0.499951 0.499951 0.499951 0.499951 0.499951 0.499951 0.499951 0.499951 0.499951 0.499951 0.499951 0.499951 0.499951 0.499951 0.499951 0.499951 0.499951 0.499951 0.499951 0.499951 0.484419 0.499951 0.499951 0.499951 0.499951 0.499951 0.499951 0.499951 0.499951 0.499951 0.492636 0.499951 0.499951 0.499951 0.499951 0.499951 0.499951 0.499951 0.499951 0.499951 0.488511 0.499951 0.499951 0.499951 0.499951 0.499951 0.499951 0.499951 0.499951 0.499951 0.486031 0.499951 0.499951 0.499951 0.499951 0.499951 0.499951 0.499951 0.499951 0.499951 0.49992 0.499951 0.499951 0.499951 0.499951 0.499951 0.499951 0.499951 0.499951 0.499951 0.488219 0.499951 0.499951 0.499951 0.499951 0.499951 0.499951 0.499951 0.499951 0.499951 0.48009 0.499951 0.499951 0.499951 0.499951 0.499951 0.499951 0.499951 0.499951 0.499951 0.48 0.499951 0.499951 0.499951 0.499951 0.499951 0.499951 0.499951 0.499951 0.499951 0.499154 0.499951 0.499951 0.499951 0.499951 0.499951 0.499951 0.499951 0.499951 0.499951 0.498996 0.499951 0.499951 0.499951 0.480053 0.499951 0.499951 0.481959 0.499951 0.499951 0.499951 0.499951 0.499951 0.499951 0.488511 0.499951 0.499951 0.48 0.499951 0.499951 0.499951 0.499951 0.499951 0.499951 0.480023 0.499951 0.499951 0.480003 0.499951 0.499951 0.499951 0.499951 0.499951 0.499951 0.499626 0.499951 0.499951 0.499366 0.499951 0.499951 0.499951 0.499951 0.499951 0.499951 0.48 0.499951 0.499951 0.499603 0.499951 0.499951 0.499951 0.499951 0.499951 0.499951 0.485301 0.499951 0.499951 0.48 0.499951 0.499951 0.499951 0.499951 0.499951 0.499951 0.480145 0.499951 0.499951 0.480029 0.499951 0.499951 0.499951 0.499951 0.499951 0.499951 0.48 0.499951 0.499951 0.499626 0.499951 0.499951 0.499951 0.499951 0.499951 0.499951 0.499402 0.499951 0.499951 0.48 0.499951 0.499951 0.499951 0.499951 0.499951 0.499951 0.48 0.499951 0.499951 0.490599 0.499951 0.499951 0.499951 0.499951 0.499951 0.499951 0.499951 0.499951 0.499951 0.499951 0.499951 0.499951 0.499951 0.499951 0.499951 0.499951 0.499951 0.499951 0.499951 0.499951 0.499951 0.499951 0.499951 0.499951 0.499951 0.499951 0.499951 0.499951 0.499951 0.499951 0.499951 0.499951 0.499951 0.499951 0.499951 0.499951 0.499951 0.499951 0.499951 0.499951 0.499951 0.499951 0.499951 0.499951 0.499951 0.499951 0.499951 0.499951 0.499951 0.499951 0.499951 0.499951 0.499951 0.499951 0.499951 0.499951 0.499951 0.499951 0.499951 0.499951 0.499951 0.499951 0.499951 0.499951 0.499951 0.499951 0.499951 0.499951 0.499951 0.499951 0.499951 0.499951 0.499951 0.499951 0.499951 0.499951 0.499951 0.499951 0.499951 0.499951 0.499951 0.499951 0.499951 0.499951 0.499951 0.499951 0.499951 0.499951 0.499951 0.499951 0.499951 0.499951 0.499951 0.499951 0.499951 0.499951 0.499951 0.499951 0.499951 0.499951 0.499951 0.499951 0.499951 0.499951 0.499951 0.499951 0.499951 0.499951 0.499951 0.499951 0.499951 0.499951 0.48 0.499951 0.499951 0.499951 0.499951 0.499951 0.499951 0.499951 0.499951 0.499951 0.48 0.499951 0.499951 0.499951 0.499951 0.499951 0.499951 0.499951 0.499951 0.499951 0.495371 0.499951 0.499951 0.499951 0.499951 0.499951 0.499951 0.499951 0.499951 0.499951 0.48 0.499951 0.499951 0.499951 0.499951 0.499951 0.499951 0.499951 0.499951 0.499951 0.495371 0.499951 0.499951 0.499951 0.499951 0.499951 0.499951 0.499951 0.499951 0.499951 0.499846 0.499951 0.499951 0.499951 0.499951 0.499951 0.499951 0.499951 0.499951 0.499951 0.481125 0.499951 0.499951 0.499951 0.499951 0.499951 0.499951 0.499951 0.499951 0.499951 0.48 0.499951 0.499951 0.499951 0.499951 0.499951 0.499951 0.499951 0.499951 0.499951 0.48 0.499951 0.499951 0.499951 0.499951 0.499951 0.499951 0.499951 0.499951 0.499951 0.499705 0.499951 0.499951 0.499951 0.499951 0.499951 0.499951 0.499951 0.499951 0.499951 0.49 0.499951 0.499951 0.499951 0.499951 0.499951 0.499951 0.499951 0.499951 0.499951 0.4903 0.499951 0.499951 0.499951 0.499951 0.499951 0.499951 0.499951 0.499951 0.499951 0.480671 0.499951 0.499951 0.499951 0.499951 0.499951 0.499951 0.499951 0.499951 0.499951 0.493185 0.499951 0.499951 0.499951 0.499951 0.499951 0.499951 0.499951 0.499951 0.499951 0.48 0.499951 0.499951 0.499951 0.499951 0.499951 0.499951 0.499951 0.499951 0.499951 0.48 0.499951 0.499951 0.499951 0.499951 0.499951 0.499951 0.499951 0.499951 0.499951 0.480002 0.499951 0.499951 0.499951 0.499951 0.499951 0.499951 0.499951 0.499951 0.499951 0.498937 0.499951 0.499951 0.499951 0.499951 0.499951 0.499951 0.499951 0.499951 0.499951 0.48 0.499951 0.499951 0.499951 0.499951 0.499951 0.499951 0.499951 0.499951 0.499951 0.480001 0.499951 0.499951 0.499951 0.493969 0.499951 0.499951 0.498591 0.499951 0.499951 0.499951 0.499951 0.499951 0.499951 0.49992 0.499951 0.499951 0.48 0.499951 0.499951 0.499951 0.499951 0.499951 0.499951 0.480004 0.499951 0.499951 0.48 0.499951 0.499951 0.499951 0.499951 0.499951 0.499951 0.48 0.499951 0.499951 0.480005 0.499951 0.499951 0.499951 0.499951 0.499951 0.499951 0.48 0.499951 0.499951 0.499687 0.499951 0.499951 0.499951 0.499951 0.499951 0.499951 0.493969 0.499951 0.499951 0.499527 0.499951 0.499951 0.499951 0.499951 0.499951 0.499951 0.496696 0.499951 0.499951 0.480053 0.499951 0.499951 0.499951 0.499951 0.499951 0.499951 0.499827 0.499951 0.499951 0.48 0.499951 0.499951 0.499951 0.499951 0.499951 0.499951 0.480397 0.499951 0.499951 0.49598 0.499951 0.499951 0.499951 0.499951 0.499951 0.499951 0.499805 0.499951 0.499951 0.498591 0.499951 0.499951 0.499951 0.499951 0.499951 0.499951 0.499951 0.499951 0.499951 0.499951 0.499951 0.499951 0.499951 0.499951 0.499951 0.499951 0.499951 0.499951 0.499951 0.499951 0.499951 0.499951 0.499951 0.499951 0.499951 0.499951 0.499951 0.499951 0.499951 0.499951 0.499951 0.499951 0.499951 0.499951 0.499951 0.499951 0.499951 0.499951 0.499951 0.499951 0.499951 0.499951 0.499951 0.499951 0.499951 0.499951 0.499951 0.499951 0.499951 0.499951 0.499951 0.499951 0.499951 0.499951 0.499951 0.499951 0.499951 0.499951 0.499951 0.499951 0.499951 0.499951 0.499951 0.499951 0.499951 0.499951 0.499951 0.499951 0.499951 0.499951 0.499951 0.499951 0.499951 0.499951 0.499951 0.499951 0.499951 0.499951 0.499951 0.499951 0.499951 0.499951 0.499951 0.499951 0.499951 0.499951 0.499951 0.499951 0.499951 0.499951 0.499951 0.499951 0.499951 0.499951 0.499951 0.499951 0.499951 0.499951 0.499951 0.499951 0.499951 0.499951 0.499951 0.499951 0.499951 0.499951 0.499951 0.499951 0.499951 0.499951 0.499951 0.499951 0.48 0.499951 0.499951 0.499951 0.499951 0.499951 0.499951 0.499951 0.499951 0.499951 0.499793 0.499951 0.499951 0.499951 0.499951 0.499951 0.499951 0.499951 0.499951 0.499951 0.48 0.499951 0.499951 0.499951 0.499951 0.499951 0.499951 0.499951 0.499951 0.499951 0.497699 0.499951 0.499951 0.499951 0.499951 0.499951 0.499951 0.499951 0.499951 0.499951 0.499886 0.499951 0.499951 0.499951 0.499951 0.499951 0.499951 0.499951 0.499951 0.499951 0.498426 0.499951 0.499951 0.499951 0.499951 0.499951 0.499951 0.499951 0.499951 0.499951 0.498996 0.499951 0.499951 0.499951 0.499951 0.499951 0.499951 0.499951 0.499951 0.499951 0.493185 0.499951 0.499951 0.499951 0.499951 0.499951 0.499951 0.499951 0.499951 0.499951 0.480949 0.499951 0.499951 0.499951 0.499951 0.499951 0.499951 0.499951 0.499951 0.499951 0.48 0.499951 0.499951 0.499951 0.48 0.499951 0.499951 0.482426 0.499951 0.499951 0.499951 0.499951 0.499951 0.499951 0.48 0.499951 0.499951 0.48 0.499951 0.499951 0.499951 0.499951 0.499951 0.499951 0.48 0.499951 0.499951 0.499753 0.499951 0.499951 0.499951 0.499951 0.499951 0.499951 0.48009 0.499951 0.499951 0.48 0.499951 0.499951 0.499951 0.499951 0.499951 0.499951 0.48 0.499951 0.499951 0.493185 0.499951 0.499951 0.499951 0.499951 0.499951 0.499951 0.48 0.499951 0.499951 0.488806 0.499951 0.499951 0.499951 0.499951 0.499951 0.499951 0.48 0.499951 0.499951 0.48 0.499951 0.499951 0.499951 0.499951 0.499951 0.499951 0.495154 0.499951 0.499951 0.48 0.499951 0.499951 0.499951 0.499951 0.499951 0.499951 0.484846 0.499951 0.499951 0.48 0.499951 0.499951 0.499951 0.499951 0.499951 0.499951 0.49493 0.499951 0.499951 0.499366 0.499951 0.499951 0.499951 0.499951 0.499951 0.499951 0.499951 0.499951 0.499951 0.499951 0.499951 0.499951 0.499951 0.499951 0.499951 0.499951 0.499951 0.499951 0.499951 0.499951 0.499951 0.499951 0.499951 0.499951 0.499951 0.499951 0.499951 0.499951 0.499951 0.499951 0.499951 0.499951 0.499951 0.499951 0.499951 0.499951 0.499951 0.499951 0.499951 0.499951 0.499951 0.499951 0.499951 0.499951 0.499951 0.499951 0.499951 0.499951 0.499951 0.499951 0.499951 0.499951 0.499951 0.499951 0.499951 0.499951 0.499951 0.499951 0.499951 0.499951 0.499951 0.499951 0.499951 0.499951 0.499951 0.499951 0.499951 0.499951 0.499951 0.499951 0.499951 0.499951 0.499951 0.499951 0.499951 0.499951 0.499951 0.499951 0.499951 0.499951 0.499951 0.499951 0.499951 0.499951 0.499951 0.499951 0.499951 0.499951 0.499951 0.499951 0.499951 0.499951 0.499951 0.499951 0.499951 0.499951 0.499951 0.499951 0.499951 0.499951 0.499951 0.499951 0.499951 0.499951 0.499951 0.499951 0.499951 0.499951 0.499951 0.499951 0.499951 0.499951 0.488219 0.499951 0.499951 0.499951 0.499951 0.499951 0.499951 0.499951 0.499951 0.499951 0.48 0.499951 0.499951 0.499951 0.499951 0.499951 0.499951 0.499951 0.499951 0.499951 0.48 0.499951 0.499951 0.499951 0.499951 0.499951 0.499951 0.499951 0.499951 0.499951 0.481856 0.499951 0.499951 0.499951 0.499951 0.499951 0.499951 0.499951 0.499951 0.499951 0.480008 0.499951 0.499951 0.499951 0.499951 0.499951 0.499951 0.499951 0.499951 0.499951 0.488219 0.499951 0.499951 0.499951 0.499951 0.499951 0.499951 0.499951 0.499951 0.499951 0.480035 0.499951 0.499951 0.499951 0.499951 0.499951 0.499951 0.499951 0.499951 0.499951 0.48 0.499951 0.499951 0.499951 0.499951 0.499951 0.499951 0.499951 0.499951 0.499951 0.480532 0.499951 0.499951 0.499951 0.499951 0.499951 0.499951 0.499951 0.499951 0.499951 0.480598 0.499951 0.499951 0.499951 0.499915 0.499951 0.499951 0.49207 0.499951 0.499951 0.499951 0.499951 0.499951 0.499951 0.48 0.499951 0.499951 0.48 0.499951 0.499951 0.499951 0.499951 0.499951 0.499951 0.494462 0.499951 0.499951 0.48 0.499951 0.499951 0.499951 0.499951 0.499951 0.499951 0.48 0.499951 0.499951 0.480041 0.499951 0.499951 0.499951 0.499951 0.499951 0.499951 0.48 0.499951 0.499951 0.480009 0.499951 0.499951 0.499951 0.499951 0.499951 0.499951 0.482182 0.499951 0.499951 0.495784 0.499951 0.499951 0.499951 0.499951 0.499951 0.499951 0.48 0.499951 0.499951 0.496696 0.499951 0.499951 0.499951 0.499951 0.499951 0.499951 0.48 0.499951 0.499951 0.499705 0.499951 0.499951 0.499951 0.499951 0.499951 0.499951 0.480671 0.499951 0.499951 0.48 0.499951 0.499951 0.499951 0.499951 0.499951 0.499951 0.480003 0.499951 0.499951 0.48 0.499951 0.499951 0.499951 0.499951 0.499951 0.499951 0.499951 0.499951 0.499951 0.499951 0.499951 0.499951 0.499951 0.499951 0.499951 0.499951 0.499951 0.499951 0.499951 0.499951 0.499951 0.499951 0.499951 0.499951 0.499951 0.499951 0.499951 0.499951 0.499951 0.499951 0.499951 0.499951 0.499951 0.499951 0.499951 0.499951 0.499951 0.499951 0.499951 0.499951 0.499951 0.499951 0.499951 0.499951 0.499951 0.499951 0.499951 0.499951 0.499951 0.499951 0.499951 0.499951 0.499951 0.499951 0.499951 0.499951 0.499951 0.499951 0.499951 0.499951 0.499951 0.499951 0.499951 0.499951 0.499951 0.499951 0.499951 0.499951 0.499951 0.499951 0.499951 0.499951 0.499951 0.499951 0.499951 0.499951 0.499951 0.499951 0.499951 0.499951 0.499951 0.499951 0.499951 0.499951 0.499951 0.499951 0.499951 0.499951 0.499951 0.499951 0.499951 0.499951 0.499951 0.499951 0.499951 0.499951 0.499951 0.499951 0.499951 0.499951 0.499951 0.499951 0.499951 0.499951 0.499951 0.499951 0.499951 0.499951 0.499951 0.499951 0.499951 0.499951 0.487364 0.499951 0.499951 0.499951 0.499951 0.499951 0.499951 0.499951 0.499951 0.499951 0.480397 0.499951 0.499951 0.499951 0.499951 0.499951 0.499951 0.499951 0.499951 0.499951 0.480053 0.499951 0.499951 0.499951 0.499951 0.499951 0.499951 0.499951 0.499951 0.499951 0.48 0.499951 0.499951 0.499951 0.499951 0.499951 0.499951 0.499951 0.499951 0.499951 0.499498 0.499951 0.499951 0.499951 0.499951 0.499951 0.499951 0.499951 0.499951 0.499951 0.481332 0.499951 0.499951 0.499951 0.499951 0.499951 0.499951 0.499951 0.499951 0.499951 0.481856 0.499951 0.499951 0.499951 0.499951 0.499951 0.499951 0.499951 0.499951 0.499951 0.499816 0.499951 0.499951 0.499951 0.499951 0.499951 0.499951 0.499951 0.499951 0.499951 0.480896 0.499951 0.499951 0.499951 0.499951 0.499951 0.499951 0.499951 0.499951 0.499951 0.48 0.499951 0.499951 0.499951 0.499951 0.499951 0.499951 0.499951 0.499951 0.499951 0.480532 0.499951 0.499951 0.499951 0.499951 0.499951 0.499951 0.499951 0.499951 0.499951 0.48 0.499951 0.499951 0.499951 0.499951 0.499951 0.499951 0.499951 0.499951 0.499951 0.499436 0.499951 0.499951 0.499951 0.499951 0.499951 0.499951 0.499951 0.499951 0.499951 0.48 0.499951 0.499951 0.499951 0.499951 0.499951 0.499951 0.499951 0.499951 0.499951 0.49598 0.499951 0.499951 0.499951 0.499951 0.499951 0.499951 0.499951 0.499951 0.499951 0.480007 0.499951 0.499951 0.499951 0.499951 0.499951 0.499951 0.499951 0.499951 0.499951 0.496696 0.499951 0.499951 0.499951 0.499951 0.499951 0.499951 0.499951 0.499951 0.499951 0.48 0.499951 0.499951 0.499951 0.499951 0.499951 0.499951 0.499951 0.499951 0.499951 0.499816 0.499951 0.499951 0.499951 0.499951 0.499951 0.499951 0.499951 0.499951 0.499951 0.493452 0.499951 0.499951 0.499951 0.480634 0.499951 0.499951 0.480037 0.499951 0.499951 0.499951 0.499951 0.499951 0.499951 0.496696 0.499951 0.499951 0.48 0.499951 0.499951 0.499951 0.499951 0.499951 0.499951 0.485301 0.499951 0.499951 0.48 0.499951 0.499951 0.499951 0.499951 0.499951 0.499951 0.480007 0.499951 0.499951 0.480101 0.499951 0.499951 0.499951 0.499951 0.499951 0.499951 0.499879 0.499951 0.499951 0.48 0.499951 0.499951 0.499951 0.499951 0.499951 0.499951 0.489401 0.499951 0.499951 0.480059 0.499951 0.499951 0.499951 0.499951 0.499951 0.499951 0.480001 0.499951 0.499951 0.48 0.499951 0.499951 0.499951 0.499951 0.499951 0.499951 0.480671 0.499951 0.499951 0.487364 0.499951 0.499951 0.499951 0.499951 0.499951 0.499951 0.480005 0.499951 0.499951 0.48022 0.499951 0.499951 0.499951 0.499951 0.499951 0.499951 0.480001 0.499951 0.499951 0.498996 0.499951 0.499951 0.499951 0.499951 0.499951 0.499951 0.499951 0.499951 0.499951 0.499951 0.499951 0.499951 0.499951 0.499951 0.499951 0.499951 0.499951 0.499951 0.499951 0.499951 0.499951 0.499951 0.499951 0.499951 0.499951 0.499951 0.499951 0.499951 0.499951 0.499951 0.499951 0.499951 0.499951 0.499951 0.499951 0.499951 0.499951 0.499951 0.499951 0.499951 0.499951 0.499951 0.499951 0.499951 0.499951 0.499951 0.499951 0.499951 0.499951 0.499951 0.499951 0.499951 0.499951 0.499951 0.499951 0.499951 0.499951 0.499951 0.499951 0.499951 0.499951 0.499951 0.499951 0.499951 0.499951 0.499951 0.499951 0.499951 0.499951 0.499951 0.499951 0.499951 0.499951 0.499951 0.499951 0.499951 0.499951 0.499951 0.499951 0.499951 0.499951 0.499951 0.499951 0.499951 0.499951 0.499951 0.499951 0.499951 0.499951 0.499951 0.499951 0.499951 0.499951 0.499951 0.499951 0.499951 0.499951 0.499951 0.499951 0.499951 0.499951 0.499951 0.499951 0.499951 0.499951 0.499951 0.499951 0.499951 0.499951 0.499951 0.499951 0.499951 0.497443 0.499951 0.499951 0.499951 0.499951 0.499951 0.499951 0.499951 0.499951 0.499951 0.495581 0.499951 0.499951 0.499951 0.499951 0.499951 0.499951 0.499951 0.499951 0.499951 0.48 0.499951 0.499951 0.499951 0.499951 0.499951 0.499951 0.499951 0.499951 0.499951 0.499626 0.499951 0.499951 0.499951 0.499951 0.499951 0.499951 0.499951 0.499951 0.499951 0.482182 0.499951 0.499951 0.499951 0.499951 0.499951 0.499951 0.499951 0.499951 0.499951 0.480056 0.499951 0.499951 0.499951 0.499951 0.499951 0.499951 0.499951 0.499951 0.499951 0.497932 0.499951 0.499951 0.499951 0.499951 0.499951 0.499951 0.499951 0.499951 0.499951 0.48 0.499951 0.499951 0.499951 0.499951 0.499951 0.499951 0.499951 0.499951 0.499951 0.49978 0.499951 0.499951 0.499951 0.499951 0.499951 0.499951 0.499951 0.499951 0.499951 0.499289 0.499951 0.499951 0.499951 0.483142 0.499951 0.499951 0.495581 0.499951 0.499951 0.499951 0.499951 0.499951 0.499951 0.48 0.499951 0.499951 0.481004 0.499951 0.499951 0.499951 0.499951 0.499951 0.499951 0.480017 0.499951 0.499951 0.48 0.499951 0.499951 0.499951 0.499951 0.499951 0.499951 0.48 0.499951 0.499951 0.484419 0.499951 0.499951 0.499951 0.499951 0.499951 0.499951 0.499647 0.499951 0.499951 0.48 0.499951 0.499951 0.499951 0.499951 0.499951 0.499951 0.497699 0.499951 0.499951 0.481259 0.499951 0.499951 0.499951 0.499951 0.499951 0.499951 0.496169 0.499951 0.499951 0.489102 0.499951 0.499951 0.499951 0.499951 0.499951 0.499951 0.498426 0.499951 0.499951 0.493969 0.499951 0.499951 0.499951 0.499951 0.499951 0.499951 0.48 0.499951 0.499951 0.497574 0.499951 0.499951 0.499951 0.499951 0.499951 0.499951 0.480047 0.499951 0.499951 0.48 0.499951 0.499951 0.499951 0.499951 0.499951 0.499951 0.499951 0.499951 0.499951 0.499951 0.499951 0.499951 0.499951 0.499951 0.499951 0.499951 0.499951 0.499951 0.499951 0.499951 0.499951 0.499951 0.499951 0.499951 0.499951 0.499951 0.499951 0.499951 0.499951 0.499951 0.499951 0.499951 0.499951 0.499951 0.499951 0.499951 0.499951 0.499951 0.499951 0.499951 0.499951 0.499951 0.499951 0.499951 0.499951 0.499951 0.499951 0.499951 0.499951 0.499951 0.499951 0.499951 0.499951 0.499951 0.499951 0.499951 0.499951 0.499951 0.499951 0.499951 0.499951 0.499951 0.499951 0.499951 0.499951 0.499951 0.499951 0.499951 0.499951 0.499951 0.499951 0.499951 0.499951 0.499951 0.499951 0.499951 0.499951 0.499951 0.499951 0.499951 0.499951 0.499951 0.499951 0.499951 0.499951 0.499951 0.499951 0.499951 0.499951 0.499951 0.499951 0.499951 0.499951 0.499951 0.499951 0.499951 0.499951 0.499951 0.499951 0.499951 0.499951 0.499951 0.499951 0.499951 0.499951 0.499951 0.499951 0.499951 0.499951 0.499951 0.499951 0.499951 0.499863 0.499951 0.499951 0.499951 0.499951 0.499951 0.499951 0.499951 0.499951 0.499951 0.494462 0.499951 0.499951 0.499951 0.499951 0.499951 0.499951 0.499951 0.499951 0.499951 0.480145 0.499951 0.499951 0.499951 0.499951 0.499951 0.499951 0.499951 0.499951 0.499951 0.480101 0.499951 0.499951 0.499951 0.499951 0.499951 0.499951 0.499951 0.499951 0.499951 0.48 0.499951 0.499951 0.499951 0.499951 0.499951 0.499951 0.499951 0.499951 0.499951 0.480085 0.499951 0.499951 0.499951 0.499951 0.499951 0.499951 0.499951 0.499951 0.499951 0.493452 0.499951 0.499951 0.499951 0.499951 0.499951 0.499951 0.499951 0.499951 0.499951 0.498875 0.499951 0.499951 0.499951 0.499951 0.499951 0.499951 0.499951 0.499951 0.499951 0.48001 0.499951 0.499951 0.499951 0.499951 0.499951 0.499951 0.499951 0.499951 0.499951 0.48 0.499951 0.499951 0.499951 0.48 0.499951 0.499951 0.499687 0.499951 0.499951 0.499951 0.499951 0.499951 0.499951 0.480114 0.499951 0.499951 0.499915 0.499951 0.499951 0.499951 0.499951 0.499951 0.499951 0.48 0.499951 0.499951 0.498591 0.499951 0.499951 0.499951 0.499951 0.499951 0.499951 0.48 0.499951 0.499951 0.499837 0.499951 0.499951 0.499951 0.499951 0.499951 0.499951 0.488219 0.499951 0.499951 0.480005 0.499951 0.499951 0.499951 0.499951 0.499951 0.499951 0.494219 0.499951 0.499951 0.48 0.499951 0.499951 0.499951 0.499951 0.499951 0.499951 0.480014 0.499951 0.499951 0.48 0.499951 0.499951 0.499951 0.499951 0.499951 0.499951 0.480184 0.499951 0.499951 0.499687 0.499951 0.499951 0.499951 0.499951 0.499951 0.499951 0.480137 0.499951 0.499951 0.48 0.499951 0.499951 0.499951 0.499951 0.499951 0.499951 0.480002 0.499951 0.499951 0.48 0.499951 0.499951 0.499951 0.499951 0.499951 0.499951 0.499951 0.499951 0.499951 0.499951 0.499951 0.499951 0.499951 0.499951 0.499951 0.499951 0.499951 0.499951 0.499951 0.499951 0.499951 0.499951 0.499951 0.499951 0.499951 0.499951 0.499951 0.499951 0.499951 0.499951 0.499951 0.499951 0.499951 0.499951 0.499951 0.499951 0.499951 0.499951 0.499951 0.499951 0.499951 0.499951 0.499951 0.499951 0.499951 0.499951 0.499951 0.499951 0.499951 0.499951 0.499951 0.499951 0.499951 0.499951 0.499951 0.499951 0.499951 0.499951 0.499951 0.499951 0.499951 0.499951 0.499951 0.499951 0.499951 0.499951 0.499951 0.499951 0.499951 0.499951 0.499951 0.499951 0.499951 0.499951 0.499951 0.499951 0.499951 0.499951 0.499951 0.499951 0.499951 0.499951 0.499951 0.499951 0.499951 0.499951 0.499951 0.499951 0.499951 0.499951 0.499951 0.499951 0.499951 0.499951 0.499951 0.499951 0.499951 0.499951 0.499951 0.499951 0.499951 0.499951 0.499951 0.499951 0.499951 0.499951 0.499951 0.499951 0.499951 0.499951 0.499951 0.499951 0.498243 0.499951 0.499951 0.499951 0.499951 0.499951 0.499951 0.499951 0.499951 0.499951 0.482301 0.499951 0.499951 0.499951 0.499951 0.499951 0.499951 0.499951 0.499951 0.499951 0.499879 0.499951 0.499951 0.499951 0.499951 0.499951 0.499951 0.499951 0.499951 0.499951 0.493969 0.499951 0.499951 0.499951 0.499951 0.499951 0.499951 0.499951 0.499951 0.499951 0.48 0.499951 0.499951 0.499951 0.499951 0.499951 0.499951 0.499951 0.499951 0.499951 0.48 0.499951 0.499951 0.499951 0.499951 0.499951 0.499951 0.499951 0.499951 0.499951 0.480004 0.499951 0.499951 0.499951 0.499951 0.499951 0.499951 0.499951 0.499951 0.499951 0.48 0.499951 0.499951 0.499951 0.499951 0.499951 0.499951 0.499951 0.499951 0.499951 0.480067 0.499951 0.499951 0.499951 0.499951 0.499951 0.499951 0.499951 0.499951 0.499951 0.499705 0.499951 0.499951 
0.509901 0.509901 0.509901 0.509901 0.509901 0.509901 0.509901 0.493811 0.509901 0.509901 0.509901 0.509901 0.509901 0.509901 0.509901 0.509901 0.509901 0.47 0.509901 0.509901 0.509901 0.509901 0.509901 0.509901 0.509901 0.509901 0.509901 0.47 0.509901 0.509901 0.509901 0.509901 0.509901 0.509901 0.509901 0.509901 0.509901 0.50975 0.509901 0.509901 0.509901 0.509901 0.509901 0.509901 0.509901 0.509901 0.509901 0.470078 0.509901 0.509901 0.509901 0.509901 0.509901 0.509901 0.509901 0.509901 0.509901 0.470004 0.509901 0.509901 0.509901 0.509901 0.509901 0.509901 0.509901 0.509901 0.509901 0.470011 0.509901 0.509901 0.509901 0.509901 0.509901 0.509901 0.509901 0.509901 0.509901 0.509632 0.509901 0.509901 0.509901 0.509901 0.509901 0.509901 0.509901 0.509901 0.509901 0.508204 0.509901 0.509901 0.509901 0.509901 0.509901 0.509901 0.509901 0.509901 0.509901 0.470012 0.509901 0.509901 0.509901 0.499432 0.509901 0.509901 0.47 0.509901 0.509901 0.509901 0.509901 0.509901 0.509901 0.482317 0.509901 0.509901 0.481812 0.509901 0.509901 0.509901 0.509901 0.509901 0.509901 0.470076 0.509901 0.509901 0.470001 0.509901 0.509901 0.509901 0.509901 0.509901 0.509901 0.508655 0.509901 0.509901 0.47 0.509901 0.509901 0.509901 0.509901 0.509901 0.509901 0.508041 0.509901 0.509901 0.473306 0.509901 0.509901 0.509901 0.509901 0.509901 0.509901 0.50815 0.509901 0.509901 0.470017 0.509901 0.509901 0.509901 0.509901 0.509901 0.509901 0.470175 0.509901 0.509901 0.470043 0.509901 0.509901 0.509901 0.509901 0.509901 0.509901 0.472509 0.509901 0.509901 0.47 0.509901 0.509901 0.509901 0.509901 0.509901 0.509901 0.509701 0.509901 0.509901 0.507703 0.509901 0.509901 0.509901 0.509901 0.509901 0.509901 0.47 0.509901 0.509901 0.47 0.509901 0.509901 0.509901 0.509901 0.509901 0.509901 0.509901 0.509901 0.509901 0.509901 0.509901 0.509901 0.509901 0.509901 0.509901 0.509901 0.509901 0.509901 0.509901 0.509901 0.509901 0.509901 0.509901 0.509901 0.509901 0.509901 0.509901 0.509901 0.509901 0.509901 0.509901 0.509901 0.509901 0.509901 0.509901 0.509901 0.509901 0.509901 0.509901 0.509901 0.509901 0.509901 0.509901 0.509901 0.509901 0.509901 0.509901 0.509901 0.509901 0.509901 0.509901 0.509901 0.509901 0.509901 0.509901 0.509901 0.509901 0.509901 0.509901 0.509901 0.509901 0.509901 0.509901 0.509901 0.509901 0.509901 0.509901 0.509901 0.509901 0.509901 0.509901 0.509901 0.509901 0.509901 0.509901 0.509901 0.509901 0.509901 0.509901 0.509901 0.509901 0.509901 0.509901 0.509901 0.509901 0.509901 0.509901 0.509901 0.509901 0.509901 0.509901 0.509901 0.509901 0.509901 0.509901 0.509901 0.509901 0.509901 0.509901 0.509901 0.509901 0.509901 0.509901 0.509901 0.509901 0.509901 0.509901 0.509901 0.509901 0.509901 0.509901 0.509901 0.47 0.509901 0.509901 0.509901 0.509901 0.509901 0.509901 0.509901 0.509901 0.509901 0.504899 0.509901 0.509901 0.509901 0.509901 0.509901 0.509901 0.509901 0.509901 0.509901 0.47 0.509901 0.509901 0.509901 0.509901 0.509901 0.509901 0.509901 0.509901 0.509901 0.47 0.509901 0.509901 0.509901 0.509901 0.509901 0.509901 0.509901 0.509901 0.509901 0.507805 0.509901 0.509901 0.509901 0.509901 0.509901 0.509901 0.509901 0.509901 0.509901 0.476206 0.509901 0.509901 0.509901 0.509901 0.509901 0.509901 0.509901 0.509901 0.509901 0.47 0.509901 0.509901 0.509901 0.509901 0.509901 0.509901 0.509901 0.509901 0.509901 0.476206 0.509901 0.509901 0.509901 0.509901 0.509901 0.509901 0.509901 0.509901 0.509901 0.509866 0.509901 0.509901 0.509901 0.509901 0.509901 0.509901 0.509901 0.509901 0.509901 0.509632 0.509901 0.509901 0.509901 0.486515 0.509901 0.509901 0.48673 0.509901 0.509901 0.509901 0.509901 0.509901 0.509901 0.47 0.509901 0.509901 0.470017 0.509901 0.509901 0.509901 0.509901 0.509901 0.509901 0.473306 0.509901 0.509901 0.50127 0.509901 0.509901 0.509901 0.509901 0.509901 0.509901 0.470265 0.509901 0.509901 0.494706 0.509901 0.509901 0.509901 0.509901 0.509901 0.509901 0.47 0.509901 0.509901 0.496565 0.509901 0.509901 0.509901 0.509901 0.509901 0.509901 0.509022 0.509901 0.509901 0.50755 0.509901 0.509901 0.509901 0.509901 0.509901 0.509901 0.47 0.509901 0.509901 0.470034 0.509901 0.509901 0.509901 0.509901 0.509901 0.509901 0.47 0.509901 0.509901 0.47 0.509901 0.509901 0.509901 0.509901 0.509901 0.509901 0.502037 0.509901 0.509901 0.497054 0.509901 0.509901 0.509901 0.509901 0.509901 0.509901 0.47 0.509901 0.509901 0.470008 0.509901 0.509901 0.509901 0.509901 0.509901 0.509901 0.509901 0.509901 0.509901 0.509901 0.509901 0.509901 0.509901 0.509901 0.509901 0.509901 0.509901 0.509901 0.509901 0.509901 0.509901 0.509901 0.509901 0.509901 0.509901 0.509901 0.509901 0.509901 0.509901 0.509901 0.509901 0.509901 0.509901 0.509901 0.509901 0.509901 0.509901 0.509901 0.509901 0.509901 0.509901 0.509901 0.509901 0.509901 0.509901 0.509901 0.509901 0.509901 0.509901 0.509901 0.509901 0.509901 0.509901 0.509901 0.509901 0.509901 0.509901 0.509901 0.509901 0.509901 0.509901 0.509901 0.509901 0.509901 0.509901 0.509901 0.509901 0.509901 0.509901 0.509901 0.509901 0.509901 0.509901 0.509901 0.509901 0.509901 0.509901 0.509901 0.509901 0.509901 0.509901 0.509901 0.509901 0.509901 0.509901 0.509901 0.509901 0.509901 0.509901 0.509901 0.509901 0.509901 0.509901 0.509901 0.509901 0.509901 0.509901 0.509901 0.509901 0.509901 0.509901 0.509901 0.509901 0.509901 0.509901 0.509901 0.509901 0.509901 0.509901 0.509901 0.509901 0.509901 0.470007 0.509901 0.509901 0.509901 0.509901 0.509901 0.509901 0.509901 0.509901 0.509901 0.47 0.509901 0.509901 0.509901 0.509901 0.509901 0.509901 0.509901 0.509901 0.509901 0.47 0.509901 0.509901 0.509901 0.509901 0.509901 0.509901 0.509901 0.509901 0.509901 0.470022 0.509901 0.509901 0.509901 0.509901 0.509901 0.509901 0.509901 0.509901 0.509901 0.500937 0.509901 0.509901 0.509901 0.509901 0.509901 0.509901 0.509901 0.509901 0.509901 0.509779 0.509901 0.509901 0.509901 0.509901 0.509901 0.509901 0.509901 0.509901 0.509901 0.470258 0.509901 0.509901 0.509901 0.509901 0.509901 0.509901 0.509901 0.509901 0.509901 0.498217 0.509901 0.509901 0.509901 0.509901 0.509901 0.509901 0.509901 0.509901 0.509901 0.47 0.509901 0.509901 0.509901 0.509901 0.509901 0.509901 0.509901 0.509901 0.509901 0.470104 0.509901 0.509901 0.509901 0.47 0.509901 0.509901 0.470695 0.509901 0.509901 0.509901 0.509901 0.509901 0.509901 0.472983 0.509901 0.509901 0.470009 0.509901 0.509901 0.509901 0.509901 0.509901 0.509901 0.50718 0.509901 0.509901 0.501763 0.509901 0.509901 0.509901 0.509901 0.509901 0.509901 0.501233 0.509901 0.509901 0.509389 0.509901 0.509901 0.509901 0.509901 0.509901 0.509901 0.490899 0.509901 0.509901 0.47 0.509901 0.509901 0.509901 0.509901 0.509901 0.509901 0.47 0.509901 0.509901 0.471275 0.509901 0.509901 0.509901 0.509901 0.509901 0.509901 0.470102 0.509901 0.509901 0.47 0.509901 0.509901 0.509901 0.509901 0.509901 0.509901 0.509702 0.509901 0.509901 0.470052 0.509901 0.509901 0.509901 0.509901 0.509901 0.509901 0.47 0.509901 0.509901 0.47 0.509901 0.509901 0.509901 0.509901 0.509901 0.509901 0.47 0.509901 0.509901 0.497843 0.509901 0.509901 0.509901 0.509901 0.509901 0.509901 0.509901 0.509901 0.509901 0.509901 0.509901 0.509901 0.509901 0.509901 0.509901 0.509901 0.509901 0.509901 0.509901 0.509901 0.509901 0.509901 0.509901 0.509901 0.509901 0.509901 0.509901 0.509901 0.509901 0.509901 0.509901 0.509901 0.509901 0.509901 0.509901 0.509901 0.509901 0.509901 0.509901 0.509901 0.509901 0.509901 0.509901 0.509901 0.509901 0.509901 0.509901 0.509901 0.509901 0.509901 0.509901 0.509901 0.509901 0.509901 0.509901 0.509901 0.509901 0.509901 0.509901 0.509901 0.509901 0.509901 0.509901 0.509901 0.509901 0.509901 0.509901 0.509901 0.509901 0.509901 0.509901 0.509901 0.509901 0.509901 0.509901 0.509901 0.509901 0.509901 0.509901 0.509901 0.509901 0.509901 0.509901 0.509901 0.509901 0.509901 0.509901 0.509901 0.509901 0.509901 0.509901 0.509901 0.509901 0.509901 0.509901 0.509901 0.509901 0.509901 0.509901 0.509901 0.509901 0.509901 0.509901 0.509901 0.509901 0.509901 0.509901 0.509901 0.509901 0.509901 0.509901 0.509901 0.505843 0.509901 0.509901 0.509901 0.509901 0.509901 0.509901 0.509901 0.509901 0.509901 0.505238 0.509901 0.509901 0.509901 0.509901 0.509901 0.509901 0.509901 0.509901 0.509901 0.47 0.509901 0.509901 0.509901 0.509901 0.509901 0.509901 0.509901 0.509901 0.509901 0.470972 0.509901 0.509901 0.509901 0.509901 0.509901 0.509901 0.509901 0.509901 0.509901 0.50248 0.509901 0.509901 0.509901 0.509901 0.509901 0.509901 0.509901 0.509901 0.509901 0.507562 0.509901 0.509901 0.509901 0.509901 0.509901 0.509901 0.509901 0.509901 0.509901 0.489125 0.509901 0.509901 0.509901 0.509901 0.509901 0.509901 0.509901 0.509901 0.509901 0.507587 0.509901 0.509901 0.509901 0.509901 0.509901 0.509901 0.509901 0.509901 0.509901 0.47 0.509901 0.509901 0.509901 0.509901 0.509901 0.509901 0.509901 0.509901 0.509901 0.508865 0.509901 0.509901 0.509901 0.509901 0.509901 0.509901 0.509901 0.509901 0.509901 0.472472 0.509901 0.509901 0.509901 0.509901 0.509901 0.509901 0.509901 0.509901 0.509901 0.47 0.509901 0.509901 0.509901 0.509901 0.509901 0.509901 0.509901 0.509901 0.509901 0.47 0.509901 0.509901 0.509901 0.509901 0.509901 0.509901 0.509901 0.509901 0.509901 0.47 0.509901 0.509901 0.509901 0.509901 0.509901 0.509901 0.509901 0.509901 0.509901 0.47 0.509901 0.509901 0.509901 0.509901 0.509901 0.509901 0.509901 0.509901 0.509901 0.501953 0.509901 0.509901 0.509901 0.509901 0.509901 0.509901 0.509901 0.509901 0.509901 0.483426 0.509901 0.509901 0.509901 0.509901 0.509901 0.509901 0.509901 0.509901 0.509901 0.47 0.509901 0.509901 0.509901 0.509901 0.509901 0.509901 0.509901 0.509901 0.509901 0.47 0.509901 0.509901 0.509901 0.509901 0.509901 0.509901 0.509901 0.509901 0.509901 0.470035 0.509901 0.509901 0.509901 0.47 0.509901 0.509901 0.473965 0.509901 0.509901 0.509901 0.509901 0.509901 0.509901 0.471318 0.509901 0.509901 0.470404 0.509901 0.509901 0.509901 0.509901 0.509901 0.509901 0.470001 0.509901 0.509901 0.470002 0.509901 0.509901 0.509901 0.509901 0.509901 0.509901 0.47 0.509901 0.509901 0.47 0.509901 0.509901 0.509901 0.509901 0.509901 0.509901 0.47007 0.509901 0.509901 0.472207 0.509901 0.509901 0.509901 0.509901 0.509901 0.509901 0.47 0.509901 0.509901 0.47 0.509901 0.509901 0.509901 0.509901 0.509901 0.509901 0.47 0.509901 0.509901 0.47 0.509901 0.509901 0.509901 0.509901 0.509901 0.509901 0.47 0.509901 0.509901 0.47 0.509901 0.509901 0.509901 0.509901 0.509901 0.509901 0.509471 0.509901 0.509901 0.47017 0.509901 0.509901 0.509901 0.509901 0.509901 0.509901 0.470007 0.509901 0.509901 0.470059 0.509901 0.509901 0.509901 0.509901 0.509901 0.509901 0.509901 0.509901 0.509901 0.509901 0.509901 0.509901 0.509901 0.509901 0.509901 0.509901 0.509901 0.509901 0.509901 0.509901 0.509901 0.509901 0.509901 0.509901 0.509901 0.509901 0.509901 0.509901 0.509901 0.509901 0.509901 0.509901 0.509901 0.509901 0.509901 0.509901 0.509901 0.509901 0.509901 0.509901 0.509901 0.509901 0.509901 0.509901 0.509901 0.509901 0.509901 0.509901 0.509901 0.509901 0.509901 0.509901 0.509901 0.509901 0.509901 0.509901 0.509901 0.509901 0.509901 0.509901 0.509901 0.509901 0.509901 0.509901 0.509901 0.509901 0.509901 0.509901 0.509901 0.509901 0.509901 0.509901 0.509901 0.509901 0.509901 0.509901 0.509901 0.509901 0.509901 0.509901 0.509901 0.509901 0.509901 0.509901 0.509901 0.509901 0.509901 0.509901 0.509901 0.509901 0.509901 0.509901 0.509901 0.509901 0.509901 0.509901 0.509901 0.509901 0.509901 0.509901 0.509901 0.509901 0.509901 0.509901 0.509901 0.509901 0.509901 0.509901 0.509901 0.509901 0.509901 0.509901 0.47 0.509901 0.509901 0.509901 0.509901 0.509901 0.509901 0.509901 0.509901 0.509901 0.504139 0.509901 0.509901 0.509901 0.509901 0.509901 0.509901 0.509901 0.509901 0.509901 0.47 0.509901 0.509901 0.509901 0.509901 0.509901 0.509901 0.509901 0.509901 0.509901 0.507242 0.509901 0.509901 0.509901 0.509901 0.509901 0.509901 0.509901 0.509901 0.509901 0.470002 0.509901 0.509901 0.509901 0.509901 0.509901 0.509901 0.509901 0.509901 0.509901 0.47 0.509901 0.509901 0.509901 0.509901 0.509901 0.509901 0.509901 0.509901 0.509901 0.482238 0.509901 0.509901 0.509901 0.509901 0.509901 0.509901 0.509901 0.509901 0.509901 0.507274 0.509901 0.509901 0.509901 0.509901 0.509901 0.509901 0.509901 0.509901 0.509901 0.474421 0.509901 0.509901 0.509901 0.509901 0.509901 0.509901 0.509901 0.509901 0.509901 0.470383 0.509901 0.509901 0.509901 0.47 0.509901 0.509901 0.507081 0.509901 0.509901 0.509901 0.509901 0.509901 0.509901 0.471931 0.509901 0.509901 0.509792 0.509901 0.509901 0.509901 0.509901 0.509901 0.509901 0.470031 0.509901 0.509901 0.47 0.509901 0.509901 0.509901 0.509901 0.509901 0.509901 0.47 0.509901 0.509901 0.47 0.509901 0.509901 0.509901 0.509901 0.509901 0.509901 0.47 0.509901 0.509901 0.470001 0.509901 0.509901 0.509901 0.509901 0.509901 0.509901 0.47 0.509901 0.509901 0.47 0.509901 0.509901 0.509901 0.509901 0.509901 0.509901 0.47 0.509901 0.509901 0.49955 0.509901 0.509901 0.509901 0.509901 0.509901 0.509901 0.47 0.509901 0.509901 0.49536 0.509901 0.509901 0.509901 0.509901 0.509901 0.509901 0.509028 0.509901 0.509901 0.47 0.509901 0.509901 0.509901 0.509901 0.509901 0.509901 0.509293 0.509901 0.509901 0.47 0.509901 0.509901 0.509901 0.509901 0.509901 0.509901 0.509901 0.509901 0.509901 0.509901 0.509901 0.509901 0.509901 0.509901 0.509901 0.509901 0.509901 0.509901 0.509901 0.509901 0.509901 0.509901 0.509901 0.509901 0.509901 0.509901 0.509901 0.509901 0.509901 0.509901 0.509901 0.509901 0.509901 0.509901 0.509901 0.509901 0.509901 0.509901 0.509901 0.509901 0.509901 0.509901 0.509901 0.509901 0.509901 0.509901 0.509901 0.509901 0.509901 0.509901 0.509901 0.509901 0.509901 0.509901 0.509901 0.509901 0.509901 0.509901 0.509901 0.509901 0.509901 0.509901 0.509901 0.509901 0.509901 0.509901 0.509901 0.509901 0.509901 0.509901 0.509901 0.509901 0.509901 0.509901 0.509901 0.509901 0.509901 0.509901 0.509901 0.509901 0.509901 0.509901 0.509901 0.509901 0.509901 0.509901 0.509901 0.509901 0.509901 0.509901 0.509901 0.509901 0.509901 0.509901 0.509901 0.509901 0.509901 0.509901 0.509901 0.509901 0.509901 0.509901 0.509901 0.509901 0.509901 0.509901 0.509901 0.509901 0.509901 0.509901 0.509901 0.509901 0.47 0.509901 0.509901 0.509901 0.509901 0.509901 0.509901 0.509901 0.509901 0.509901 0.509761 0.509901 0.509901 0.509901 0.509901 0.509901 0.509901 0.509901 0.509901 0.509901 0.470001 0.509901 0.509901 0.509901 0.509901 0.509901 0.509901 0.509901 0.509901 0.509901 0.47 0.509901 0.509901 0.509901 0.509901 0.509901 0.509901 0.509901 0.509901 0.509901 0.506632 0.509901 0.509901 0.509901 0.509901 0.509901 0.509901 0.509901 0.509901 0.509901 0.47 0.509901 0.509901 0.509901 0.509901 0.509901 0.509901 0.509901 0.509901 0.509901 0.47 0.509901 0.509901 0.509901 0.509901 0.509901 0.509901 0.509901 0.509901 0.509901 0.503798 0.509901 0.509901 0.509901 0.509901 0.509901 0.509901 0.509901 0.509901 0.509901 0.47 0.509901 0.509901 0.509901 0.509901 0.509901 0.509901 0.509901 0.509901 0.509901 0.470015 0.509901 0.509901 0.509901 0.47 0.509901 0.509901 0.470105 0.509901 0.509901 0.509901 0.509901 0.509901 0.509901 0.470007 0.509901 0.509901 0.470001 0.509901 0.509901 0.509901 0.509901 0.509901 0.509901 0.47 0.509901 0.509901 0.47 0.509901 0.509901 0.509901 0.509901 0.509901 0.509901 0.49471 0.509901 0.509901 0.47 0.509901 0.509901 0.509901 0.509901 0.509901 0.509901 0.5094 0.509901 0.509901 0.473219 0.509901 0.509901 0.509901 0.509901 0.509901 0.509901 0.470521 0.509901 0.509901 0.47 0.509901 0.509901 0.509901 0.509901 0.509901 0.509901 0.509771 0.509901 0.509901 0.506945 0.509901 0.509901 0.509901 0.509901 0.509901 0.509901 0.47 0.509901 0.509901 0.503399 0.509901 0.509901 0.509901 0.509901 0.509901 0.509901 0.503881 0.509901 0.509901 0.495413 0.509901 0.509901 0.509901 0.509901 0.509901 0.509901 0.47 0.509901 0.509901 0.509312 0.509901 0.509901 0.509901 0.509901 0.509901 0.509901 0.509901 0.509901 0.509901 0.509901 0.509901 0.509901 0.509901 0.509901 0.509901 0.509901 0.509901 0.509901 0.509901 0.509901 0.509901 0.509901 0.509901 0.509901 0.509901 0.509901 0.509901 0.509901 0.509901 0.509901 0.509901 0.509901 0.509901 0.509901 0.509901 0.509901 0.509901 0.509901 0.509901 0.509901 0.509901 0.509901 0.509901 0.509901 0.509901 0.509901 0.509901 0.509901 0.509901 0.509901 0.509901 0.509901 0.509901 0.509901 0.509901 0.509901 0.509901 0.509901 0.509901 0.509901 0.509901 0.509901 0.509901 0.509901 0.509901 0.509901 0.509901 0.509901 0.509901 0.509901 0.509901 0.509901 0.509901 0.509901 0.509901 0.509901 0.509901 0.509901 0.509901 0.509901 0.509901 0.509901 0.509901 0.509901 0.509901 0.509901 0.509901 0.509901 0.509901 0.509901 0.509901 0.509901 0.509901 0.509901 0.509901 0.509901 0.509901 0.509901 0.509901 0.509901 0.509901 0.509901 0.509901 0.509901 0.509901 0.509901 0.509901 0.509901 0.509901 0.509901 0.509901 0.509901 0.508683 0.509901 0.509901 0.509901 0.509901 0.509901 0.509901 0.509901 0.509901 0.509901 0.507388 0.509901 0.509901 0.509901 0.509901 0.509901 0.509901 0.509901 0.509901 0.509901 0.47038 0.509901 0.509901 0.509901 0.509901 0.509901 0.509901 0.509901 0.509901 0.509901 0.47 0.509901 0.509901 0.509901 0.509901 0.509901 0.509901 0.509901 0.509901 0.509901 0.470024 0.509901 0.509901 0.509901 0.509901 0.509901 0.509901 0.509901 0.509901 0.509901 0.47 0.509901 0.509901 0.509901 0.509901 0.509901 0.509901 0.509901 0.509901 0.509901 0.506972 0.509901 0.509901 0.509901 0.509901 0.509901 0.509901 0.509901 0.509901 0.509901 0.506494 0.509901 0.509901 0.509901 0.509901 0.509901 0.509901 0.509901 0.509901 0.509901 0.47 0.509901 0.509901 0.509901 0.509901 0.509901 0.509901 0.509901 0.509901 0.509901 0.470066 0.509901 0.509901 0.509901 0.509901 0.509901 0.509901 0.509901 0.509901 0.509901 0.47 0.509901 0.509901 0.509901 0.509901 0.509901 0.509901 0.509901 0.509901 0.509901 0.502886 0.509901 0.509901 0.509901 0.509901 0.509901 0.509901 0.509901 0.509901 0.509901 0.506034 0.509901 0.509901 0.509901 0.509901 0.509901 0.509901 0.509901 0.509901 0.509901 0.47 0.509901 0.509901 0.509901 0.509901 0.509901 0.509901 0.509901 0.509901 0.509901 0.473492 0.509901 0.509901 0.509901 0.509901 0.509901 0.509901 0.509901 0.509901 0.509901 0.509698 0.509901 0.509901 0.509901 0.509901 0.509901 0.509901 0.509901 0.509901 0.509901 0.47 0.509901 0.509901 0.509901 0.509901 0.509901 0.509901 0.509901 0.509901 0.509901 0.470002 0.509901 0.509901 0.509901 0.509901 0.509901 0.509901 0.509901 0.509901 0.509901 0.47 0.509901 0.509901 0.509901 0.509901 0.509901 0.509901 0.509901 0.509901 0.509901 0.47005 0.509901 0.509901 0.509901 0.470609 0.509901 0.509901 0.507996 0.509901 0.509901 0.509901 0.509901 0.509901 0.509901 0.509785 0.509901 0.509901 0.47 0.509901 0.509901 0.509901 0.509901 0.509901 0.509901 0.470318 0.509901 0.509901 0.484451 0.509901 0.509901 0.509901 0.509901 0.509901 0.509901 0.470576 0.509901 0.509901 0.47 0.509901 0.509901 0.509901 0.509901 0.509901 0.509901 0.50135 0.509901 0.509901 0.470007 0.509901 0.509901 0.509901 0.509901 0.509901 0.509901 0.47 0.509901 0.509901 0.47 0.509901 0.509901 0.509901 0.509901 0.509901 0.509901 0.470001 0.509901 0.509901 0.471628 0.509901 0.509901 0.509901 0.509901 0.509901 0.509901 0.470356 0.509901 0.509901 0.508104 0.509901 0.509901 0.509901 0.509901 0.509901 0.509901 0.47 0.509901 0.509901 0.501788 0.509901 0.509901 0.509901 0.509901 0.509901 0.509901 0.470003 0.509901 0.509901 0.470486 0.509901 0.509901 0.509901 0.509901 0.509901 0.509901 0.509901 0.509901 0.509901 0.509901 0.509901 0.509901 0.509901 0.509901 0.509901 0.509901 0.509901 0.509901 0.509901 0.509901 0.509901 0.509901 0.509901 0.509901 0.509901 0.509901 0.509901 0.509901 0.509901 0.509901 0.509901 0.509901 0.509901 0.509901 0.509901 0.509901 0.509901 0.509901 0.509901 0.509901 0.509901 0.509901 0.509901 0.509901 0.509901 0.509901 0.509901 0.509901 0.509901 0.509901 0.509901 0.509901 0.509901 0.509901 0.509901 0.509901 0.509901 0.509901 0.509901 0.509901 0.509901 0.509901 0.509901 0.509901 0.509901 0.509901 0.509901 0.509901 0.509901 0.509901 0.509901 0.509901 0.509901 0.509901 0.509901 0.509901 0.509901 0.509901 0.509901 0.509901 0.509901 0.509901 0.509901 0.509901 0.509901 0.509901 0.509901 0.509901 0.509901 0.509901 0.509901 0.509901 0.509901 0.509901 0.509901 0.509901 0.509901 0.509901 0.509901 0.509901 0.509901 0.509901 0.509901 0.509901 0.509901 0.509901 0.509901 0.509901 0.509901 0.509901 0.509901 0.509901 0.470011 0.509901 0.509901 0.509901 0.509901 0.509901 0.509901 0.509901 0.509901 0.509901 0.507871 0.509901 0.509901 0.509901 0.509901 0.509901 0.509901 0.509901 0.509901 0.509901 0.476322 0.509901 0.509901 0.509901 0.509901 0.509901 0.509901 0.509901 0.509901 0.509901 0.470033 0.509901 0.509901 0.509901 0.509901 0.509901 0.509901 0.509901 0.509901 0.509901 0.481234 0.509901 0.509901 0.509901 0.509901 0.509901 0.509901 0.509901 0.509901 0.509901 0.509735 0.509901 0.509901 0.509901 0.509901 0.509901 0.509901 0.509901 0.509901 0.509901 0.47 0.509901 0.509901 0.509901 0.509901 0.509901 0.509901 0.509901 0.509901 0.509901 0.50977 0.509901 0.509901 0.509901 0.509901 0.509901 0.509901 0.509901 0.509901 0.509901 0.47 0.509901 0.509901 0.509901 0.509901 0.509901 0.509901 0.509901 0.509901 0.509901 0.47 0.509901 0.509901 0.509901 0.47 0.509901 0.509901 0.509845 0.509901 0.509901 0.509901 0.509901 0.509901 0.509901 0.471484 0.509901 0.509901 0.470086 0.509901 0.509901 0.509901 0.509901 0.509901 0.509901 0.47147 0.509901 0.509901 0.47 0.509901 0.509901 0.509901 0.509901 0.509901 0.509901 0.47 0.509901 0.509901 0.485875 0.509901 0.509901 0.509901 0.509901 0.509901 0.509901 0.504612 0.509901 0.509901 0.509409 0.509901 0.509901 0.509901 0.509901 0.509901 0.509901 0.508604 0.509901 0.509901 0.47 0.509901 0.509901 0.509901 0.509901 0.509901 0.509901 0.47 0.509901 0.509901 0.47 0.509901 0.509901 0.509901 0.509901 0.509901 0.509901 0.47 0.509901 0.509901 0.471941 0.509901 0.509901 0.509901 0.509901 0.509901 0.509901 0.47 0.509901 0.509901 0.47 0.509901 0.509901 0.509901 0.509901 0.509901 0.509901 0.494867 0.509901 0.509901 0.470035 0.509901 0.509901 0.509901 0.509901 0.509901 0.509901 0.509901 0.509901 0.509901 0.509901 0.509901 0.509901 0.509901 0.509901 0.509901 0.509901 0.509901 0.509901 0.509901 0.509901 0.509901 0.509901 0.509901 0.509901 0.509901 0.509901 0.509901 0.509901 0.509901 0.509901 0.509901 0.509901 0.509901 0.509901 0.509901 0.509901 0.509901 0.509901 0.509901 0.509901 0.509901 0.509901 0.509901 0.509901 0.509901 0.509901 0.509901 0.509901 0.509901 0.509901 0.509901 0.509901 0.509901 0.509901 0.509901 0.509901 0.509901 0.509901 0.509901 0.509901 0.509901 0.509901 0.509901 0.509901 0.509901 0.509901 0.509901 0.509901 0.509901 0.509901 0.509901 0.509901 0.509901 0.509901 0.509901 0.509901 0.509901 0.509901 0.509901 0.509901 0.509901 0.509901 0.509901 0.509901 0.509901 0.509901 0.509901 0.509901 0.509901 0.509901 0.509901 0.509901 0.509901 0.509901 0.509901 0.509901 0.509901 0.509901 0.509901 0.509901 0.509901 0.509901 0.509901 0.509901 0.509901 0.509901 0.509901 0.509901 0.509901 0.509901 0.509901 0.509901 0.47 0.509901 0.509901 0.509901 0.509901 0.509901 0.509901 0.509901 0.509901 0.509901 0.50739 0.509901 0.509901 0.509901 0.509901 0.509901 0.509901 0.509901 0.509901 0.509901 0.509664 0.509901 0.509901 0.509901 0.509901 0.509901 0.509901 0.509901 0.509901 0.509901 0.470064 0.509901 0.509901 0.509901 0.509901 0.509901 0.509901 0.509901 0.509901 0.509901 0.47 0.509901 0.509901 0.509901 0.509901 0.509901 0.509901 0.509901 0.509901 0.509901 0.47 0.509901 0.509901 0.509901 0.509901 0.509901 0.509901 0.509901 0.509901 0.509901 0.509632 0.509901 0.509901 0.509901 0.509901 0.509901 0.509901 0.509901 0.509901 0.509901 0.47 0.509901 0.509901 0.509901 0.509901 0.509901 0.509901 0.509901 0.509901 0.509901 0.47 0.509901 0.509901 0.509901 0.509901 0.509901 0.509901 0.509901 0.509901 0.509901 0.47 0.509901 0.509901 0.509901 0.501476 0.509901 0.509901 0.509771 0.509901 0.509901 0.509901 0.509901 0.509901 0.509901 0.509266 0.509901 0.509901 0.509839 0.509901 0.509901 0.509901 0.509901 0.509901 0.509901 0.47004 0.509901 0.509901 0.47 0.509901 0.509901 0.509901 0.509901 0.509901 0.509901 0.509856 0.509901 0.509901 0.483 0.509901 0.509901 0.509901 0.509901 0.509901 0.509901 0.470002 0.509901 0.509901 0.509308 0.509901 0.509901 0.509901 0.509901 0.509901 0.509901 0.47 0.509901 0.509901 0.47 0.509901 0.509901 0.509901 0.509901 0.509901 0.509901 0.509266 0.509901 0.509901 0.509258 0.509901 0.509901 0.509901 0.509901 0.509901 0.509901 0.470039 0.509901 0.509901 0.47 0.509901 0.509901 0.509901 0.509901 0.509901 0.509901 0.471499 0.509901 0.509901 0.47 0.509901 0.509901 0.509901 0.509901 0.509901 0.509901 0.470068 0.509901 0.509901 0.47 0.509901 0.509901 0.509901 0.509901 0.509901 0.509901 0.509901 0.509901 0.509901 0.509901 0.509901 0.509901 0.509901 0.509901 0.509901 0.509901 0.509901 0.509901 0.509901 0.509901 0.509901 0.509901 0.509901 0.509901 0.509901 0.509901 0.509901 0.509901 0.509901 0.509901 0.509901 0.509901 0.509901 0.509901 0.509901 0.509901 0.509901 0.509901 0.509901 0.509901 0.509901 0.509901 0.509901 0.509901 0.509901 0.509901 0.509901 0.509901 0.509901 0.509901 0.509901 0.509901 0.509901 0.509901 0.509901 0.509901 0.509901 0.509901 0.509901 0.509901 0.509901 0.509901 0.509901 0.509901 0.509901 0.509901 0.509901 0.509901 0.509901 0.509901 0.509901 0.509901 0.509901 0.509901 0.509901 0.509901 0.509901 0.509901 0.509901 0.509901 0.509901 0.509901 0.509901 0.509901 0.509901 0.509901 0.509901 0.509901 0.509901 0.509901 0.509901 0.509901 0.509901 0.509901 0.509901 0.509901 0.509901 0.509901 0.509901 0.509901 0.509901 0.509901 0.509901 0.509901 0.509901 0.509901 0.509901 0.509901 0.509901 0.509901 0.509901 0.509901 0.498867 0.509901 0.509901 0.509901 0.509901 0.509901 0.509901 0.509901 0.509901 0.509901 0.504676 0.509901 0.509901 0.509901 0.509901 0.509901 0.509901 0.509901 0.509901 0.509901 0.47 0.509901 0.509901 0.509901 0.509901 0.509901 0.509901 0.509901 0.509901 0.509901 0.470138 0.509901 0.509901 0.509901 0.509901 0.509901 0.509901 0.509901 0.509901 0.509901 0.470001 0.509901 0.509901 0.509901 0.509901 0.509901 0.509901 0.509901 0.509901 0.509901 0.470008 0.509901 0.509901 0.509901 0.509901 0.509901 0.509901 0.509901 0.509901 0.509901 0.502005 0.509901 0.509901 0.509901 0.509901 0.509901 0.509901 0.509901 0.509901 0.509901 0.47 0.509901 0.509901 0.509901 0.509901 0.509901 0.509901 0.509901 0.509901 0.509901 0.47 0.509901 0.509901 0.509901 0.509901 0.509901 0.509901 0.509901 0.509901 0.509901 0.473634 0.509901 0.509901 0.509901 0.509901 0.509901 0.509901 0.509901 0.509901 0.509901 0.47 0.509901 0.509901 0.509901 0.509901 0.509901 0.509901 0.509901 0.509901 0.509901 0.470749 0.509901 0.509901 0.509901 0.509901 0.509901 0.509901 0.509901 0.509901 0.509901 0.47 0.509901 0.509901 0.509901 0.509901 0.509901 0.509901 0.509901 0.509901 0.509901 0.47 0.509901 0.509901 0.509901 0.509901 0.509901 0.509901 0.509901 0.509901 0.509901 0.470001 0.509901 0.509901 0.509901 0.509901 0.509901 0.509901 0.509901 0.509901 0.509901 0.502947 0.509901 0.509901 0.509901 0.509901 0.509901 0.509901 0.509901 0.509901 0.509901 0.47 0.509901 0.509901 0.509901 0.509901 0.509901 0.509901 0.509901 0.509901 0.509901 0.47 0.509901 0.509901 0.509901 0.509901 0.509901 0.509901 0.509901 0.509901 0.509901 0.470001 0.509901 0.509901 0.509901 0.509901 0.509901 0.509901 0.509901 0.509901 0.509901 0.482946 0.509901 0.509901 0.509901 0.481618 0.509901 0.509901 0.470157 0.509901 0.509901 0.509901 0.509901 0.509901 0.509901 0.470008 0.509901 0.509901 0.484767 0.509901 0.509901 0.509901 0.509901 0.509901 0.509901 0.470001 0.509901 0.509901 0.509756 0.509901 0.509901 0.509901 0.509901 0.509901 0.509901 0.508471 0.509901 0.509901 0.5003 0.509901 0.509901 0.509901 0.509901 0.509901 0.509901 0.47 0.509901 0.509901 0.509428 0.509901 0.509901 0.509901 0.509901 0.509901 0.509901 0.509569 0.509901 0.509901 0.509426 0.509901 0.509901 0.509901 0.509901 0.509901 0.509901 0.470309 0.509901 0.509901 0.477113 0.509901 0.509901 0.509901 0.509901 0.509901 0.509901 0.47 0.509901 0.509901 0.470013 0.509901 0.509901 0.509901 0.509901 0.509901 0.509901 0.508691 0.509901 0.509901 0.502886 0.509901 0.509901 0.509901 0.509901 0.509901 0.509901 0.508563 0.509901 0.509901 0.483049 0.509901 0.509901 0.509901 0.509901 0.509901 0.509901 0.509901 0.509901 0.509901 0.509901 0.509901 0.509901 0.509901 0.509901 0.509901 0.509901 0.509901 0.509901 0.509901 0.509901 0.509901 0.509901 0.509901 0.509901 0.509901 0.509901 0.509901 0.509901 0.509901 0.509901 0.509901 0.509901 0.509901 0.509901 0.509901 0.509901 0.509901 0.509901 0.509901 0.509901 0.509901 0.509901 0.509901 0.509901 0.509901 0.509901 0.509901 0.509901 0.509901 0.509901 0.509901 0.509901 0.509901 0.509901 0.509901 0.509901 0.509901 0.509901 0.509901 0.509901 0.509901 0.509901 0.509901 0.509901 0.509901 0.509901 0.509901 0.509901 0.509901 0.509901 0.509901 0.509901 0.509901 0.509901 0.509901 0.509901 0.509901 0.509901 0.509901 0.509901 0.509901 0.509901 0.509901 0.509901 0.509901 0.509901 0.509901 0.509901 0.509901 0.509901 0.509901 0.509901 0.509901 0.509901 0.509901 0.509901 0.509901 0.509901 0.509901 0.509901 0.509901 0.509901 0.509901 0.509901 0.509901 0.509901 0.509901 0.509901 0.509901 0.509901 0.509901 0.509901 0.475483 0.509901 0.509901 0.509901 0.509901 0.509901 0.509901 0.509901 0.509901 0.509901 0.473131 0.509901 0.509901 0.509901 0.509901 0.509901 0.509901 0.509901 0.509901 0.509901 0.47 0.509901 0.509901 0.509901 0.509901 0.509901 0.509901 0.509901 0.509901 0.509901 0.47 0.509901 0.509901 0.509901 0.509901 0.509901 0.509901 0.509901 0.509901 0.509901 0.470002 0.509901 0.509901 0.509901 0.509901 0.509901 0.509901 0.509901 0.509901 0.509901 0.47 0.509901 0.509901 0.509901 0.509901 0.509901 0.509901 0.509901 0.509901 0.509901 0.50924 0.509901 0.509901 0.509901 0.509901 0.509901 0.509901 0.509901 0.509901 0.509901 0.480776 0.509901 0.509901 0.509901 0.509901 0.509901 0.509901 0.509901 0.509901 0.509901 0.47 0.509901 0.509901 0.509901 0.509901 0.509901 0.509901 0.509901 0.509901 0.509901 0.509787 0.509901 0.509901 0.509901 0.48158 0.509901 0.509901 0.470042 0.509901 0.509901 0.509901 0.509901 0.509901 0.509901 0.505347 0.509901 0.509901 0.508492 0.509901 0.509901 0.509901 0.509901 0.509901 0.509901 0.470002 0.509901 0.509901 0.47005 0.509901 0.509901 0.509901 0.509901 0.509901 0.509901 0.489134 0.509901 0.509901 0.509015 0.509901 0.509901 0.509901 0.509901 0.509901 0.509901 0.47 0.509901 0.509901 0.47 0.509901 0.509901 0.509901 0.509901 0.509901 0.509901 0.47 0.509901 0.509901 0.47 0.509901 0.509901 0.509901 0.509901 0.509901 0.509901 0.47 0.509901 0.509901 0.47 0.509901 0.509901 0.509901 0.509901 0.509901 0.509901 0.470321 0.509901 0.509901 0.47 0.509901 0.509901 0.509901 0.509901 0.509901 0.509901 0.47 0.509901 0.509901 0.509572 0.509901 0.509901 0.509901 0.509901 0.509901 0.509901 0.47 0.509901 0.509901 0.496904 0.509901 0.509901 0.509901 0.509901 0.509901 0.509901 0.509901 0.509901 0.509901 0.509901 0.509901 0.509901 0.509901 0.509901 0.509901 0.509901 0.509901 0.509901 0.509901 0.509901 0.509901 0.509901 0.509901 0.509901 0.509901 0.509901 0.509901 0.509901 0.509901 0.509901 0.509901 0.509901 0.509901 0.509901 0.509901 0.509901 0.509901 0.509901 0.509901 0.509901 0.509901 0.509901 0.509901 0.509901 0.509901 0.509901 0.509901 0.509901 0.509901 0.509901 0.509901 0.509901 0.509901 0.509901 0.509901 0.509901 0.509901 0.509901 0.509901 0.509901 0.509901 0.509901 0.509901 0.509901 0.509901 0.509901 0.509901 0.509901 0.509901 0.509901 0.509901 0.509901 0.509901 0.509901 0.509901 0.509901 0.509901 0.509901 0.509901 0.509901 0.509901 0.509901 0.509901 0.509901 0.509901 0.509901 0.509901 0.509901 0.509901 0.509901 0.509901 0.509901 0.509901 0.509901 0.509901 0.509901 0.509901 0.509901 0.509901 0.509901 0.509901 0.509901 0.509901 0.509901 0.509901 0.509901 0.509901 0.509901 0.509901 0.509901 0.509901 0.509901 0.47 0.509901 0.509901 0.509901 0.509901 0.509901 0.509901 0.509901 0.509901 0.509901 0.498067 0.509901 0.509901 0.509901 0.509901 0.509901 0.509901 0.509901 0.509901 0.509901 0.508492 0.509901 0.509901 0.509901 0.509901 0.509901 0.509901 0.509901 0.509901 0.509901 0.506922 0.509901 0.509901 0.509901 0.509901 0.509901 0.509901 0.509901 0.509901 0.509901 0.470818 0.509901 0.509901 0.509901 0.509901 0.509901 0.509901 0.509901 0.509901 0.509901 0.50984 0.509901 0.509901 0.509901 0.509901 0.509901 0.509901 0.509901 0.509901 0.509901 0.508393 0.509901 0.509901 0.509901 0.509901 0.509901 0.509901 0.509901 0.509901 0.509901 0.470073 0.509901 0.509901 0.509901 0.509901 0.509901 0.509901 0.509901 0.509901 0.509901 0.509732 0.509901 0.509901 0.509901 0.509901 0.509901 0.509901 0.509901 0.509901 0.509901 0.47 0.509901 0.509901 0.509901 0.47 0.509901 0.509901 0.47 0.509901 0.509901 0.509901 0.509901 0.509901 0.509901 0.470002 0.509901 0.509901 0.47 0.509901 0.509901 0.509901 0.509901 0.509901 0.509901 0.490855 0.509901 0.509901 0.507235 0.509901 0.509901 0.509901 0.509901 0.509901 0.509901 0.508842 0.509901 0.509901 0.509862 0.509901 0.509901 0.509901 0.509901 0.509901 0.509901 0.470001 0.509901 0.509901 0.50949 0.509901 0.509901 0.509901 0.509901 0.509901 0.509901 0.470006 0.509901 0.509901 0.497915 0.509901 0.509901 0.509901 0.509901 0.509901 0.509901 0.47 0.509901 0.509901 0.47 0.509901 0.509901 0.509901 0.509901 0.509901 0.509901 0.47 0.509901 0.509901 0.507081 0.509901 0.509901 0.509901 0.509901 0.509901 0.509901 0.47 0.509901 0.509901 0.47 0.509901 0.509901 0.509901 0.509901 0.509901 0.509901 0.483876 0.509901 0.509901 0.4706 0.509901 0.509901 0.509901 0.509901 0.509901 0.509901 0.509901 0.509901 0.509901 0.509901 0.509901 0.509901 0.509901 0.509901 0.509901 0.509901 0.509901 0.509901 0.509901 0.509901 0.509901 0.509901 0.509901 0.509901 0.509901 0.509901 0.509901 0.509901 0.509901 0.509901 0.509901 0.509901 0.509901 0.509901 0.509901 0.509901 0.509901 0.509901 0.509901 0.509901 0.509901 0.509901 0.509901 0.509901 0.509901 0.509901 0.509901 0.509901 0.509901 0.509901 0.509901 0.509901 0.509901 0.509901 0.509901 0.509901 0.509901 0.509901 0.509901 0.509901 0.509901 0.509901 0.509901 0.509901 0.509901 0.509901 0.509901 0.509901 0.509901 0.509901 0.509901 0.509901 0.509901 0.509901 0.509901 0.509901 0.509901 0.509901 0.509901 0.509901 0.509901 0.509901 0.509901 0.509901 0.509901 0.509901 0.509901 0.509901 0.509901 0.509901 0.509901 0.509901 0.509901 0.509901 0.509901 0.509901 0.509901 0.509901 0.509901 0.509901 0.509901 0.509901 0.509901 0.509901 0.509901 0.509901 0.509901 0.509901 0.509901 0.509901 0.509901 0.509901 0.472541 0.509901 0.509901 0.509901 0.509901 0.509901 0.509901 0.509901 0.509901 0.509901 0.49 0.509901 0.509901 0.509901 0.509901 0.509901 0.509901 0.509901 0.509901 0.509901 0.47 0.509901 0.509901 0.509901 0.509901 0.509901 0.509901 0.509901 0.509901 0.509901 0.503086 0.509901 0.509901 0.509901 0.509901 0.509901 0.509901 0.509901 0.509901 0.509901 0.47 0.509901 0.509901 0.509901 0.509901 0.509901 0.509901 0.509901 0.509901 0.509901 0.47004 0.509901 0.509901 0.509901 0.509901 0.509901 0.509901 0.509901 0.509901 0.509901 0.482931 0.509901 0.509901 0.509901 0.509901 0.509901 0.509901 0.509901 0.509901 0.509901 0.509293 0.509901 0.509901 0.509901 0.509901 0.509901 0.509901 0.509901 0.509901 0.509901 0.482085 0.509901 0.509901 0.509901 0.509901 0.509901 0.509901 0.509901 0.509901 0.509901 0.470031 0.509901 0.509901 0.509901 0.509901 0.509901 0.509901 0.509901 0.509901 0.509901 0.47865 0.509901 0.509901 0.509901 0.509901 0.509901 0.509901 0.509901 0.509901 0.509901 0.509584 0.509901 0.509901 0.509901 0.509901 0.509901 0.509901 0.509901 0.509901 0.509901 0.474625 0.509901 0.509901 0.509901 0.509901 0.509901 0.509901 0.509901 0.509901 0.509901 0.473671 0.509901 0.509901 0.509901 0.509901 0.509901 0.509901 0.509901 0.509901 0.509901 0.472188 0.509901 0.509901 0.509901 0.509901 0.509901 0.509901 0.509901 0.509901 0.509901 0.470002 0.509901 0.509901 0.509901 0.509901 0.509901 0.509901 0.509901 0.509901 0.509901 0.471235 0.509901 0.509901 0.509901 0.509901 0.509901 0.509901 0.509901 0.509901 0.509901 0.47 0.509901 0.509901 0.509901 0.509901 0.509901 0.509901 0.509901 0.509901 0.509901 0.47 0.509901 0.509901 0.509901 0.509901 0.509901 0.509901 0.509901 0.509901 0.509901 0.470047 0.509901 0.509901 0.509901 0.507812 0.509901 0.509901 0.470003 0.509901 0.509901 0.509901 0.509901 0.509901 0.509901 0.47 0.509901 0.509901 0.470138 0.509901 0.509901 0.509901 0.509901 0.509901 0.509901 0.500741 0.509901 0.509901 0.491789 0.509901 0.509901 0.509901 0.509901 0.509901 0.509901 0.47 0.509901 0.509901 0.489728 0.509901 0.509901 0.509901 0.509901 0.509901 0.509901 0.508306 0.509901 0.509901 0.47 0.509901 0.509901 0.509901 0.509901 0.509901 0.509901 0.47 0.509901 0.509901 0.471477 0.509901 0.509901 0.509901 0.509901 0.509901 0.509901 0.501505 0.509901 0.509901 0.502036 0.509901 0.509901 0.509901 0.509901 0.509901 0.509901 0.508622 0.509901 0.509901 0.47 0.509901 0.509901 0.509901 0.509901 0.509901 0.509901 0.507719 0.509901 0.509901 0.470086 0.509901 0.509901 0.509901 0.509901 0.509901 0.509901 0.47 0.509901 0.509901 0.480918 0.509901 0.509901 0.509901 0.509901 0.509901 0.509901 0.509901 0.509901 0.509901 0.509901 0.509901 0.509901 0.509901 0.509901 0.509901 0.509901 0.509901 0.509901 0.509901 0.509901 0.509901 0.509901 0.509901 0.509901 0.509901 0.509901 0.509901 0.509901 0.509901 0.509901 0.509901 0.509901 0.509901 0.509901 0.509901 0.509901 0.509901 0.509901 0.509901 0.509901 0.509901 0.509901 0.509901 0.509901 0.509901 0.509901 0.509901 0.509901 0.509901 0.509901 0.509901 0.509901 0.509901 0.509901 0.509901 0.509901 0.509901 0.509901 0.509901 0.509901 0.509901 0.509901 0.509901 0.509901 0.509901 0.509901 0.509901 0.509901 0.509901 0.509901 0.509901 0.509901 0.509901 0.509901 0.509901 0.509901 0.509901 0.509901 0.509901 0.509901 0.509901 0.509901 0.509901 0.509901 0.509901 0.509901 0.509901 0.509901 0.509901 0.509901 0.509901 0.509901 0.509901 0.509901 0.509901 0.509901 0.509901 0.509901 0.509901 0.509901 0.509901 0.509901 0.509901 0.509901 0.509901 0.509901 0.509901 0.509901 0.509901 0.509901 0.509901 0.509901 0.477963 0.509901 0.509901 0.509901 0.509901 0.509901 0.509901 0.509901 0.509901 0.509901 0.47 0.509901 0.509901 0.509901 0.509901 0.509901 0.509901 0.509901 0.509901 0.509901 0.472208 0.509901 0.509901 0.509901 0.509901 0.509901 0.509901 0.509901 0.509901 0.509901 0.47 0.509901 0.509901 0.509901 0.509901 0.509901 0.509901 0.509901 0.509901 0.509901 0.509533 0.509901 0.509901 0.509901 0.509901 0.509901 0.509901 0.509901 0.509901 0.509901 0.476953 0.509901 0.509901 0.509901 0.509901 0.509901 0.509901 0.509901 0.509901 0.509901 0.509673 0.509901 0.509901 0.509901 0.509901 0.509901 0.509901 0.509901 0.509901 0.509901 0.509174 0.509901 0.509901 0.509901 0.509901 0.509901 0.509901 0.509901 0.509901 0.509901 0.470002 0.509901 0.509901 0.509901 0.509901 0.509901 0.509901 0.509901 0.509901 0.509901 0.509307 0.509901 0.509901 0.509901 0.470008 0.509901 0.509901 0.47 0.509901 0.509901 0.509901 0.509901 0.509901 0.509901 0.47 0.509901 0.509901 0.509182 0.509901 0.509901 0.509901 0.509901 0.509901 0.509901 0.47 0.509901 0.509901 0.47 0.509901 0.509901 0.509901 0.509901 0.509901 0.509901 0.507739 0.509901 0.509901 0.47 0.509901 0.509901 0.509901 0.509901 0.509901 0.509901 0.470124 0.509901 0.509901 0.471049 0.509901 0.509901 0.509901 0.509901 0.509901 0.509901 0.47 0.509901 0.509901 0.509814 0.509901 0.509901 0.509901 0.509901 0.509901 0.509901 0.477371 0.509901 0.509901 0.471143 0.509901 0.509901 0.509901 0.509901 0.509901 0.509901 0.508649 0.509901 0.509901 0.494569 0.509901 0.509901 0.509901 0.509901 0.509901 0.509901 0.509484 0.509901 0.509901 0.470287 0.509901 0.509901 0.509901 0.509901 0.509901 0.509901 0.47 0.509901 0.509901 0.480147 0.509901 0.509901 0.509901 0.509901 0.509901 0.509901 0.509901 0.509901 0.509901 0.509901 0.509901 0.509901 0.509901 0.509901 0.509901 0.509901 0.509901 0.509901 0.509901 0.509901 0.509901 0.509901 0.509901 0.509901 0.509901 0.509901 0.509901 0.509901 0.509901 0.509901 0.509901 0.509901 0.509901 0.509901 0.509901 0.509901 0.509901 0.509901 0.509901 0.509901 0.509901 0.509901 0.509901 0.509901 0.509901 0.509901 0.509901 0.509901 0.509901 0.509901 0.509901 0.509901 0.509901 0.509901 0.509901 0.509901 0.509901 0.509901 0.509901 0.509901 0.509901 0.509901 0.509901 0.509901 0.509901 0.509901 0.509901 0.509901 0.509901 0.509901 0.509901 0.509901 0.509901 0.509901 0.509901 0.509901 0.509901 0.509901 0.509901 0.509901 0.509901 0.509901 0.509901 0.509901 0.509901 0.509901 0.509901 0.509901 0.509901 0.509901 0.509901 0.509901 0.509901 0.509901 0.509901 0.509901 0.509901 0.509901 0.509901 0.509901 0.509901 0.509901 0.509901 0.509901 0.509901 0.509901 0.509901 0.509901 0.509901 0.509901 0.509901 0.509901 0.470052 0.509901 0.509901 0.509901 0.509901 0.509901 0.509901 0.509901 0.509901 0.509901 0.476177 0.509901 0.509901 0.509901 0.509901 0.509901 0.509901 0.509901 0.509901 0.509901 0.470037 0.509901 0.509901 0.509901 0.509901 0.509901 0.509901 0.509901 0.509901 0.509901 0.47 0.509901 0.509901 0.509901 0.509901 0.509901 0.509901 0.509901 0.509901 0.509901 0.47 0.509901 0.509901 0.509901 0.509901 0.509901 0.509901 0.509901 0.509901 0.509901 0.470041 0.509901 0.509901 0.509901 0.509901 0.509901 0.509901 0.509901 0.509901 0.509901 0.47 0.509901 0.509901 0.509901 0.509901 0.509901 0.509901 0.509901 0.509901 0.509901 0.47025 0.509901 0.509901 0.509901 0.509901 0.509901 0.509901 0.509901 0.509901 0.509901 0.470037 0.509901 0.509901 0.509901 0.509901 0.509901 0.509901 0.509901 0.509901 0.509901 0.47 0.509901 0.509901 0.509901 0.470005 0.509901 0.509901 0.503621 0.509901 0.509901 0.509901 0.509901 0.509901 0.509901 0.47 0.509901 0.509901 0.470116 0.509901 0.509901 0.509901 0.509901 0.509901 0.509901 0.47 0.509901 0.509901 0.509719 0.509901 0.509901 0.509901 0.509901 0.509901 0.509901 0.476734 0.509901 0.509901 0.509369 0.509901 0.509901 0.509901 0.509901 0.509901 0.509901 0.475263 0.509901 0.509901 0.47 0.509901 0.509901 0.509901 0.509901 0.509901 0.509901 0.473024 0.509901 0.509901 0.509735 0.509901 0.509901 0.509901 0.509901 0.509901 0.509901 0.470028 0.509901 0.509901 0.506574 0.509901 0.509901 0.509901 0.509901 0.509901 0.509901 0.473225 0.509901 0.509901 0.47 0.509901 0.509901 0.509901 0.509901 0.509901 0.509901 0.507924 0.509901 0.509901 0.480764 0.509901 0.509901 0.509901 0.509901 0.509901 0.509901 0.47 0.509901 0.509901 0.47 0.509901 0.509901 0.509901 0.509901 0.509901 0.509901 0.509901 0.509901 0.509901 0.509901 0.509901 0.509901 0.509901 0.509901 0.509901 0.509901 0.509901 0.509901 0.509901 0.509901 0.509901 0.509901 0.509901 0.509901 0.509901 0.509901 0.509901 0.509901 0.509901 0.509901 0.509901 0.509901 0.509901 0.509901 0.509901 0.509901 0.509901 0.509901 0.509901 0.509901 0.509901 0.509901 0.509901 0.509901 0.509901 0.509901 0.509901 0.509901 0.509901 0.509901 0.509901 0.509901 0.509901 0.509901 0.509901 0.509901 0.509901 0.509901 0.509901 0.509901 0.509901 0.509901 0.509901 0.509901 0.509901 0.509901 0.509901 0.509901 0.509901 0.509901 0.509901 0.509901 0.509901 0.509901 0.509901 0.509901 0.509901 0.509901 0.509901 0.509901 0.509901 0.509901 0.509901 0.509901 0.509901 0.509901 0.509901 0.509901 0.509901 0.509901 0.509901 0.509901 0.509901 0.509901 0.509901 0.509901 0.509901 0.509901 0.509901 0.509901 0.509901 0.509901 0.509901 0.509901 0.509901 0.509901 0.509901 0.509901 0.509901 0.509901 0.509901 0.509901 0.47 0.509901 0.509901 0.509901 0.509901 0.509901 0.509901 0.509901 0.509901 0.509901 0.476379 0.509901 0.509901 0.509901 0.509901 0.509901 0.509901 0.509901 0.509901 0.509901 0.500138 0.509901 0.509901 0.509901 0.509901 0.509901 0.509901 0.509901 0.509901 0.509901 0.477482 0.509901 0.509901 0.509901 0.509901 0.509901 0.509901 0.509901 0.509901 0.509901 0.47909 0.509901 0.509901 0.509901 0.509901 0.509901 0.509901 0.509901 0.509901 0.509901 0.470012 0.509901 0.509901 0.509901 0.509901 0.509901 0.509901 0.509901 0.509901 0.509901 0.47 0.509901 0.509901 0.509901 0.509901 0.509901 0.509901 0.509901 0.509901 0.509901 0.47 0.509901 0.509901 0.509901 0.509901 0.509901 0.509901 0.509901 0.509901 0.509901 0.502398 0.509901 0.509901 0.509901 0.509901 0.509901 0.509901 0.509901 0.509901 0.509901 0.498176 0.509901 0.509901 0.509901 0.509901 0.509901 0.509901 0.509901 0.509901 0.509901 0.470057 0.509901 0.509901 0.509901 0.509901 0.509901 0.509901 0.509901 0.509901 0.509901 0.477727 0.509901 0.509901 0.509901 0.509901 0.509901 0.509901 0.509901 0.509901 0.509901 0.470002 0.509901 0.509901 0.509901 0.509901 0.509901 0.509901 0.509901 0.509901 0.509901 0.470005 0.509901 0.509901 0.509901 0.509901 0.509901 0.509901 0.509901 0.509901 0.509901 0.47 0.509901 0.509901 0.509901 0.509901 0.509901 0.509901 0.509901 0.509901 0.509901 0.470047 0.509901 0.509901 0.509901 0.509901 0.509901 0.509901 0.509901 0.509901 0.509901 0.47 0.509901 0.509901 0.509901 0.509901 0.509901 0.509901 0.509901 0.509901 0.509901 0.496 0.509901 0.509901 0.509901 0.509901 0.509901 0.509901 0.509901 0.509901 0.509901 0.47 0.509901 0.509901 0.509901 0.509901 0.509901 0.509901 0.509901 0.509901 0.509901 0.476615 0.509901 0.509901 0.509901 0.509834 0.509901 0.509901 0.47 0.509901 0.509901 0.509901 0.509901 0.509901 0.509901 0.482061 0.509901 0.509901 0.47 0.509901 0.509901 0.509901 0.509901 0.509901 0.509901 0.47 0.509901 0.509901 0.47 0.509901 0.509901 0.509901 0.509901 0.509901 0.509901 0.509201 0.509901 0.509901 0.509639 0.509901 0.509901 0.509901 0.509901 0.509901 0.509901 0.470797 0.509901 0.509901 0.509772 0.509901 0.509901 0.509901 0.509901 0.509901 0.509901 0.504395 0.509901 0.509901 0.47 0.509901 0.509901 0.509901 0.509901 0.509901 0.509901 0.494941 0.509901 0.509901 0.506983 0.509901 0.509901 0.509901 0.509901 0.509901 0.509901 0.47 0.509901 0.509901 0.487686 0.509901 0.509901 0.509901 0.509901 0.509901 0.509901 0.504313 0.509901 0.509901 0.47 0.509901 0.509901 0.509901 0.509901 0.509901 0.509901 0.472592 0.509901 0.509901 0.505524 0.509901 0.509901 0.509901 0.509901 0.509901 0.509901 0.509901 0.509901 0.509901 0.509901 0.509901 0.509901 0.509901 0.509901 0.509901 0.509901 0.509901 0.509901 0.509901 0.509901 0.509901 0.509901 0.509901 0.509901 0.509901 0.509901 0.509901 0.509901 0.509901 0.509901 0.509901 0.509901 0.509901 0.509901 0.509901 0.509901 0.509901 0.509901 0.509901 0.509901 0.509901 0.509901 0.509901 0.509901 0.509901 0.509901 0.509901 0.509901 0.509901 0.509901 0.509901 0.509901 0.509901 0.509901 0.509901 0.509901 0.509901 0.509901 0.509901 0.509901 0.509901 0.509901 0.509901 0.509901 0.509901 0.509901 0.509901 0.509901 0.509901 0.509901 0.509901 0.509901 0.509901 0.509901 0.509901 0.509901 0.509901 0.509901 0.509901 0.509901 0.509901 0.509901 0.509901 0.509901 0.509901 0.509901 0.509901 0.509901 0.509901 0.509901 0.509901 0.509901 0.509901 0.509901 0.509901 0.509901 0.509901 0.509901 0.509901 0.509901 0.509901 0.509901 0.509901 0.509901 0.509901 0.509901 0.509901 0.509901 0.509901 0.509901 0.509901 0.509901 0.471796 0.509901 0.509901 0.509901 0.509901 0.509901 0.509901 0.509901 0.509901 0.509901 0.47 0.509901 0.509901 0.509901 0.509901 0.509901 0.509901 0.509901 0.509901 0.509901 0.47 0.509901 0.509901 0.509901 0.509901 0.509901 0.509901 0.509901 0.509901 0.509901 0.509034 0.509901 0.509901 0.509901 0.509901 0.509901 0.509901 0.509901 0.509901 0.509901 0.47 0.509901 0.509901 0.509901 0.509901 0.509901 0.509901 0.509901 0.509901 0.509901 0.47 0.509901 0.509901 0.509901 0.509901 0.509901 0.509901 0.509901 0.509901 0.509901 0.509221 0.509901 0.509901 0.509901 0.509901 0.509901 0.509901 0.509901 0.509901 0.509901 0.47 0.509901 0.509901 0.509901 0.509901 0.509901 0.509901 0.509901 0.509901 0.509901 0.482115 0.509901 0.509901 0.509901 0.509901 0.509901 0.509901 0.509901 0.509901 0.509901 0.47 0.509901 0.509901 0.509901 0.470014 0.509901 0.509901 0.508781 0.509901 0.509901 0.509901 0.509901 0.509901 0.509901 0.478923 0.509901 0.509901 0.47 0.509901 0.509901 0.509901 0.509901 0.509901 0.509901 0.47 0.509901 0.509901 0.492975 0.509901 0.509901 0.509901 0.509901 0.509901 0.509901 0.470004 0.509901 0.509901 0.509389 0.509901 0.509901 0.509901 0.509901 0.509901 0.509901 0.47 0.509901 0.509901 0.508403 0.509901 0.509901 0.509901 0.509901 0.509901 0.509901 0.470591 0.509901 0.509901 0.50853 0.509901 0.509901 0.509901 0.509901 0.509901 0.509901 0.47 0.509901 0.509901 0.47 0.509901 0.509901 0.509901 0.509901 0.509901 0.509901 0.47 0.509901 0.509901 0.47 0.509901 0.509901 0.509901 0.509901 0.509901 0.509901 0.47 0.509901 0.509901 0.473238 0.509901 0.509901 0.509901 0.509901 0.509901 0.509901 0.47 0.509901 0.509901 0.470815 0.509901 0.509901 0.509901 0.509901 0.509901 0.509901 0.509901 0.509901 0.509901 0.509901 0.509901 0.509901 0.509901 0.509901 0.509901 0.509901 0.509901 0.509901 0.509901 0.509901 0.509901 0.509901 0.509901 0.509901 0.509901 0.509901 0.509901 0.509901 0.509901 0.509901 0.509901 0.509901 0.509901 0.509901 0.509901 0.509901 0.509901 0.509901 0.509901 0.509901 0.509901 0.509901 0.509901 0.509901 0.509901 0.509901 0.509901 0.509901 0.509901 0.509901 0.509901 0.509901 0.509901 0.509901 0.509901 0.509901 0.509901 0.509901 0.509901 0.509901 0.509901 0.509901 0.509901 0.509901 0.509901 0.509901 0.509901 0.509901 0.509901 0.509901 0.509901 0.509901 0.509901 0.509901 0.509901 0.509901 0.509901 0.509901 0.509901 0.509901 0.509901 0.509901 0.509901 0.509901 0.509901 0.509901 0.509901 0.509901 0.509901 0.509901 0.509901 0.509901 0.509901 0.509901 0.509901 0.509901 0.509901 0.509901 0.509901 0.509901 0.509901 0.509901 0.509901 0.509901 0.509901 0.509901 0.509901 0.509901 0.509901 0.509901 0.509901 0.509901 0.47 0.509901 0.509901 0.509901 0.509901 0.509901 0.509901 0.509901 0.509901 0.509901 0.47 0.509901 0.509901 0.509901 0.509901 0.509901 0.509901 0.509901 0.509901 0.509901 0.47 0.509901 0.509901 0.509901 0.509901 0.509901 0.509901 0.509901 0.509901 0.509901 0.47 0.509901 0.509901 0.509901 0.509901 0.509901 0.509901 0.509901 0.509901 0.509901 0.475263 0.509901 0.509901 0.509901 0.509901 0.509901 0.509901 0.509901 0.509901 0.509901 0.482491 0.509901 0.509901 0.509901 0.509901 0.509901 0.509901 0.509901 0.509901 0.509901 0.509742 0.509901 0.509901 0.509901 0.509901 0.509901 0.509901 0.509901 0.509901 0.509901 0.470719 0.509901 0.509901 0.509901 0.509901 0.509901 0.509901 0.509901 0.509901 0.509901 0.47 0.509901 0.509901 0.509901 0.509901 0.509901 0.509901 0.509901 0.509901 0.509901 0.47 0.509901 0.509901 0.509901 0.493264 0.509901 0.509901 0.509273 0.509901 0.509901 0.509901 0.509901 0.509901 0.509901 0.498176 0.509901 0.509901 0.509443 0.509901 0.509901 0.509901 0.509901 0.509901 0.509901 0.509779 0.509901 0.509901 0.509284 0.509901 0.509901 0.509901 0.509901 0.509901 0.509901 0.472741 0.509901 0.509901 0.47 0.509901 0.509901 0.509901 0.509901 0.509901 0.509901 0.470059 0.509901 0.509901 0.470012 0.509901 0.509901 0.509901 0.509901 0.509901 0.509901 0.470116 0.509901 0.509901 0.47166 0.509901 0.509901 0.509901 0.509901 0.509901 0.509901 0.470938 0.509901 0.509901 0.505272 0.509901 0.509901 0.509901 0.509901 0.509901 0.509901 0.470027 0.509901 0.509901 0.47004 0.509901 0.509901 0.509901 0.509901 0.509901 0.509901 0.505739 0.509901 0.509901 0.498556 0.509901 0.509901 0.509901 0.509901 0.509901 0.509901 0.50918 0.509901 0.509901 0.470087 0.509901 0.509901 0.509901 0.509901 0.509901 0.509901 0.509901 0.509901 0.509901 0.509901 0.509901 0.509901 0.509901 0.509901 0.509901 0.509901 0.509901 0.509901 0.509901 0.509901 0.509901 0.509901 0.509901 0.509901 0.509901 0.509901 0.509901 0.509901 0.509901 0.509901 0.509901 0.509901 0.509901 0.509901 0.509901 0.509901 0.509901 0.509901 0.509901 0.509901 0.509901 0.509901 0.509901 0.509901 0.509901 0.509901 0.509901 0.509901 0.509901 0.509901 0.509901 0.509901 0.509901 0.509901 0.509901 0.509901 0.509901 0.509901 0.509901 0.509901 0.509901 0.509901 0.509901 0.509901 0.509901 0.509901 0.509901 0.509901 0.509901 0.509901 0.509901 0.509901 0.509901 0.509901 0.509901 0.509901 0.509901 0.509901 0.509901 0.509901 0.509901 0.509901 0.509901 0.509901 0.509901 0.509901 0.509901 0.509901 0.509901 0.509901 0.509901 0.509901 0.509901 0.509901 0.509901 0.509901 0.509901 0.509901 0.509901 0.509901 0.509901 0.509901 0.509901 0.509901 0.509901 0.509901 0.509901 0.509901 0.509901 0.509901 0.509901 0.509901 0.470001 0.509901 0.509901 0.509901 0.509901 0.509901 0.509901 0.509901 0.509901 0.509901 0.501476 0.509901 0.509901 0.509901 0.509901 0.509901 0.509901 0.509901 0.509901 0.509901 0.479517 0.509901 0.509901 0.509901 0.509901 0.509901 0.509901 0.509901 0.509901 0.509901 0.496711 0.509901 0.509901 0.509901 0.509901 0.509901 0.509901 0.509901 0.509901 0.509901 0.470033 0.509901 0.509901 0.509901 0.509901 0.509901 0.509901 0.509901 0.509901 0.509901 0.470002 0.509901 0.509901 0.509901 0.509901 0.509901 0.509901 0.509901 0.509901 0.509901 0.470001 0.509901 0.509901 0.509901 0.509901 0.509901 0.509901 0.509901 0.509901 0.509901 0.470096 0.509901 0.509901 0.509901 0.509901 0.509901 0.509901 0.509901 0.509901 0.509901 0.482352 0.509901 0.509901 0.509901 0.509901 0.509901 0.509901 0.509901 0.509901 0.509901 0.47 0.509901 0.509901 0.509901 0.509901 0.509901 0.509901 0.509901 0.509901 0.509901 0.47 0.509901 0.509901 0.509901 0.509901 0.509901 0.509901 0.509901 0.509901 0.509901 0.47 0.509901 0.509901 0.509901 0.509901 0.509901 0.509901 0.509901 0.509901 0.509901 0.470512 0.509901 0.509901 0.509901 0.509901 0.509901 0.509901 0.509901 0.509901 0.509901 0.47 0.509901 0.509901 0.509901 0.509901 0.509901 0.509901 0.509901 0.509901 0.509901 0.509271 0.509901 0.509901 0.509901 0.509901 0.509901 0.509901 0.509901 0.509901 0.509901 0.470008 0.509901 0.509901 0.509901 0.509901 0.509901 0.509901 0.509901 0.509901 0.509901 0.470102 0.509901 0.509901 0.509901 0.509901 0.509901 0.509901 0.509901 0.509901 0.509901 0.47 0.509901 0.509901 0.509901 0.509901 0.509901 0.509901 0.509901 0.509901 0.509901 0.470086 0.509901 0.509901 0.509901 0.509901 0.509901 0.509901 0.509901 0.509901 0.509901 0.47 0.509901 0.509901 0.509901 0.470616 0.509901 0.509901 0.506225 0.509901 0.509901 0.509901 0.509901 0.509901 0.509901 0.47209 0.509901 0.509901 0.470005 0.509901 0.509901 0.509901 0.509901 0.509901 0.509901 0.509801 0.509901 0.509901 0.471973 0.509901 0.509901 0.509901 0.509901 0.509901 0.509901 0.470022 0.509901 0.509901 0.470014 0.509901 0.509901 0.509901 0.509901 0.509901 0.509901 0.470011 0.509901 0.509901 0.470469 0.509901 0.509901 0.509901 0.509901 0.509901 0.509901 0.47 0.509901 0.509901 0.470059 0.509901 0.509901 0.509901 0.509901 0.509901 0.509901 0.47003 0.509901 0.509901 0.47 0.509901 0.509901 0.509901 0.509901 0.509901 0.509901 0.470044 0.509901 0.509901 0.47 0.509901 0.509901 0.509901 0.509901 0.509901 0.509901 0.47 0.509901 0.509901 0.505999 0.509901 0.509901 0.509901 0.509901 0.509901 0.509901 0.506377 0.509901 0.509901 0.470275 0.509901 0.509901 0.509901 0.509901 0.509901 0.509901 0.509901 0.509901 0.509901 0.509901 0.509901 0.509901 0.509901 0.509901 0.509901 0.509901 0.509901 0.509901 0.509901 0.509901 0.509901 0.509901 0.509901 0.509901 0.509901 0.509901 0.509901 0.509901 0.509901 0.509901 0.509901 0.509901 0.509901 0.509901 0.509901 0.509901 0.509901 0.509901 0.509901 0.509901 0.509901 0.509901 0.509901 0.509901 0.509901 0.509901 0.509901 0.509901 0.509901 0.509901 0.509901 0.509901 0.509901 0.509901 0.509901 0.509901 0.509901 0.509901 0.509901 0.509901 0.509901 0.509901 0.509901 0.509901 0.509901 0.509901 0.509901 0.509901 0.509901 0.509901 0.509901 0.509901 0.509901 0.509901 0.509901 0.509901 0.509901 0.509901 0.509901 0.509901 0.509901 0.509901 0.509901 0.509901 0.509901 0.509901 0.509901 0.509901 0.509901 0.509901 0.509901 0.509901 0.509901 0.509901 0.509901 0.509901 0.509901 0.509901 0.509901 0.509901 0.509901 0.509901 0.509901 0.509901 0.509901 0.509901 0.509901 0.509901 0.509901 0.509901 0.509901 0.509901 0.5097 0.509901 0.509901 0.509901 0.509901 0.509901 0.509901 0.509901 0.509901 0.509901 0.509321 0.509901 0.509901 0.509901 0.509901 0.509901 0.509901 0.509901 0.509901 0.509901 0.470003 0.509901 0.509901 0.509901 0.509901 0.509901 0.509901 0.509901 0.509901 0.509901 0.501457 0.509901 0.509901 0.509901 0.509901 0.509901 0.509901 0.509901 0.509901 0.509901 0.471676 0.509901 0.509901 0.509901 0.509901 0.509901 0.509901 0.509901 0.509901 0.509901 0.47 0.509901 0.509901 0.509901 0.509901 0.509901 0.509901 0.509901 0.509901 0.509901 0.481661 0.509901 0.509901 0.509901 0.509901 0.509901 0.509901 0.509901 0.509901 0.509901 0.470053 0.509901 0.509901 0.509901 0.509901 0.509901 0.509901 0.509901 0.509901 0.509901 0.49635 0.509901 0.509901 0.509901 0.509901 0.509901 0.509901 0.509901 0.509901 0.509901 0.47 0.509901 0.509901 0.509901 0.5084 0.509901 0.509901 0.503657 0.509901 0.509901 0.509901 0.509901 0.509901 0.509901 0.47 0.509901 0.509901 0.505369 0.509901 0.509901 0.509901 0.509901 0.509901 0.509901 0.474728 0.509901 0.509901 0.473166 0.509901 0.509901 0.509901 0.509901 0.509901 0.509901 0.47691 0.509901 0.509901 0.508691 0.509901 0.509901 0.509901 0.509901 0.509901 0.509901 0.47 0.509901 0.509901 0.48066 0.509901 0.509901 0.509901 0.509901 0.509901 0.509901 0.499033 0.509901 0.509901 0.470004 0.509901 0.509901 0.509901 0.509901 0.509901 0.509901 0.476643 0.509901 0.509901 0.47 0.509901 0.509901 0.509901 0.509901 0.509901 0.509901 0.470806 0.509901 0.509901 0.509166 0.509901 0.509901 0.509901 0.509901 0.509901 0.509901 0.47 0.509901 0.509901 0.470015 0.509901 0.509901 0.509901 0.509901 0.509901 0.509901 0.496365 0.509901 0.509901 0.47 0.509901 0.509901 0.509901 0.509901 0.509901 0.509901 0.509901 0.509901 0.509901 0.509901 0.509901 0.509901 0.509901 0.509901 0.509901 0.509901 0.509901 0.509901 0.509901 0.509901 0.509901 0.509901 0.509901 0.509901 0.509901 0.509901 0.509901 0.509901 0.509901 0.509901 0.509901 0.509901 0.509901 0.509901 0.509901 0.509901 0.509901 0.509901 0.509901 0.509901 0.509901 0.509901 0.509901 0.509901 0.509901 0.509901 0.509901 0.509901 0.509901 0.509901 0.509901 0.509901 0.509901 0.509901 0.509901 0.509901 0.509901 0.509901 0.509901 0.509901 0.509901 0.509901 0.509901 0.509901 0.509901 0.509901 0.509901 0.509901 0.509901 0.509901 0.509901 0.509901 0.509901 0.509901 0.509901 0.509901 0.509901 0.509901 0.509901 0.509901 0.509901 0.509901 0.509901 0.509901 0.509901 0.509901 0.509901 0.509901 0.509901 0.509901 0.509901 0.509901 0.509901 0.509901 0.509901 0.509901 0.509901 0.509901 0.509901 0.509901 0.509901 0.509901 0.509901 0.509901 0.509901 0.509901 0.509901 0.509901 0.509901 0.509901 0.509901 0.509901 0.47 0.509901 0.509901 0.509901 0.509901 0.509901 0.509901 0.509901 0.509901 0.509901 0.47 0.509901 0.509901 0.509901 0.509901 0.509901 0.509901 0.509901 0.509901 0.509901 0.470005 0.509901 0.509901 0.509901 0.509901 0.509901 0.509901 0.509901 0.509901 0.509901 0.47 0.509901 0.509901 0.509901 0.509901 0.509901 0.509901 0.509901 0.509901 0.509901 0.47 0.509901 0.509901 0.509901 0.509901 0.509901 0.509901 0.509901 0.509901 0.509901 0.470024 0.509901 0.509901 0.509901 0.509901 0.509901 0.509901 0.509901 0.509901 0.509901 0.47 0.509901 0.509901 0.509901 0.509901 0.509901 0.509901 0.509901 0.509901 0.509901 0.47865 0.509901 0.509901 0.509901 0.509901 0.509901 0.509901 0.509901 0.509901 0.509901 0.509531 0.509901 0.509901 0.509901 0.509901 0.509901 0.509901 0.509901 0.509901 0.509901 0.503513 0.509901 0.509901 0.509901 0.506366 0.509901 0.509901 0.471807 0.509901 0.509901 0.509901 0.509901 0.509901 0.509901 0.492016 0.509901 0.509901 0.471352 0.509901 0.509901 0.509901 0.509901 0.509901 0.509901 0.47719 0.509901 0.509901 0.470752 0.509901 0.509901 0.509901 0.509901 0.509901 0.509901 0.47 0.509901 0.509901 0.49959 0.509901 0.509901 0.509901 0.509901 0.509901 0.509901 0.470029 0.509901 0.509901 0.470037 0.509901 0.509901 0.509901 0.509901 0.509901 0.509901 0.50321 0.509901 0.509901 0.47 0.509901 0.509901 0.509901 0.509901 0.509901 0.509901 0.47 0.509901 0.509901 0.470542 0.509901 0.509901 0.509901 0.509901 0.509901 0.509901 0.490591 0.509901 0.509901 0.508773 0.509901 0.509901 0.509901 0.509901 0.509901 0.509901 0.496899 0.509901 0.509901 0.470001 0.509901 0.509901 0.509901 0.509901 0.509901 0.509901 0.485009 0.509901 0.509901 0.50834 0.509901 0.509901 0.509901 0.509901 0.509901 0.509901 0.509901 0.509901 0.509901 0.509901 0.509901 0.509901 0.509901 0.509901 0.509901 0.509901 0.509901 0.509901 0.509901 0.509901 0.509901 0.509901 0.509901 0.509901 0.509901 0.509901 0.509901 0.509901 0.509901 0.509901 0.509901 0.509901 0.509901 0.509901 0.509901 0.509901 0.509901 0.509901 0.509901 0.509901 0.509901 0.509901 0.509901 0.509901 0.509901 0.509901 0.509901 0.509901 0.509901 0.509901 0.509901 0.509901 0.509901 0.509901 0.509901 0.509901 0.509901 0.509901 0.509901 0.509901 0.509901 0.509901 0.509901 0.509901 0.509901 0.509901 0.509901 0.509901 0.509901 0.509901 0.509901 0.509901 0.509901 0.509901 0.509901 0.509901 0.509901 0.509901 0.509901 0.509901 0.509901 0.509901 0.509901 0.509901 0.509901 0.509901 0.509901 0.509901 0.509901 0.509901 0.509901 0.509901 0.509901 0.509901 0.509901 0.509901 0.509901 0.509901 0.509901 0.509901 0.509901 0.509901 0.509901 0.509901 0.509901 0.509901 0.509901 0.509901 0.509901 0.509901 0.509901 0.509901 0.470004 0.509901 0.509901 0.509901 0.509901 0.509901 0.509901 0.509901 0.509901 0.509901 0.509862 0.509901 0.509901 0.509901 0.509901 0.509901 0.509901 0.509901 0.509901 0.509901 0.473634 0.509901 0.509901 0.509901 0.509901 0.509901 0.509901 0.509901 0.509901 0.509901 0.470428 0.509901 0.509901 0.509901 0.509901 0.509901 0.509901 0.509901 0.509901 0.509901 0.470001 0.509901 0.509901 0.509901 0.509901 0.509901 0.509901 0.509901 0.509901 0.509901 0.47 0.509901 0.509901 0.509901 0.509901 0.509901 0.509901 0.509901 0.509901 0.509901 0.470175 0.509901 0.509901 0.509901 0.509901 0.509901 0.509901 0.509901 0.509901 0.509901 0.47 0.509901 0.509901 0.509901 0.509901 0.509901 0.509901 0.509901 0.509901 0.509901 0.47 0.509901 0.509901 0.509901 0.509901 0.509901 0.509901 0.509901 0.509901 0.509901 0.47 0.509901 0.509901 0.509901 0.509901 0.509901 0.509901 0.509901 0.509901 0.509901 0.470417 0.509901 0.509901 0.509901 0.509901 0.509901 0.509901 0.509901 0.509901 0.509901 0.470015 0.509901 0.509901 0.509901 0.509901 0.509901 0.509901 0.509901 0.509901 0.509901 0.475061 0.509901 0.509901 0.509901 0.509901 0.509901 0.509901 0.509901 0.509901 0.509901 0.470001 0.509901 0.509901 0.509901 0.509901 0.509901 0.509901 0.509901 0.509901 0.509901 0.485389 0.509901 0.509901 0.509901 0.509901 0.509901 0.509901 0.509901 0.509901 0.509901 0.50968 0.509901 0.509901 0.509901 0.509901 0.509901 0.509901 0.509901 0.509901 0.509901 0.47 0.509901 0.509901 0.509901 0.509901 0.509901 0.509901 0.509901 0.509901 0.509901 0.470675 0.509901 0.509901 0.509901 0.509901 0.509901 0.509901 0.509901 0.509901 0.509901 0.5097 0.509901 0.509901 0.509901 0.509901 0.509901 0.509901 0.509901 0.509901 0.509901 0.507448 0.509901 0.509901 0.509901 0.508714 0.509901 0.509901 0.470002 0.509901 0.509901 0.509901 0.509901 0.509901 0.509901 0.47 0.509901 0.509901 0.470002 0.509901 0.509901 0.509901 0.509901 0.509901 0.509901 0.47 0.509901 0.509901 0.50248 0.509901 0.509901 0.509901 0.509901 0.509901 0.509901 0.47 0.509901 0.509901 0.507996 0.509901 0.509901 0.509901 0.509901 0.509901 0.509901 0.504027 0.509901 0.509901 0.507477 0.509901 0.509901 0.509901 0.509901 0.509901 0.509901 0.47 0.509901 0.509901 0.509252 0.509901 0.509901 0.509901 0.509901 0.509901 0.509901 0.47 0.509901 0.509901 0.483812 0.509901 0.509901 0.509901 0.509901 0.509901 0.509901 0.470002 0.509901 0.509901 0.470008 0.509901 0.509901 0.509901 0.509901 0.509901 0.509901 0.500483 0.509901 0.509901 0.47 0.509901 0.509901 0.509901 0.509901 0.509901 0.509901 0.470336 0.509901 0.509901 0.504981 0.509901 0.509901 0.509901 0.509901 0.509901 0.509901 0.509901 0.509901 0.509901 0.509901 0.509901 0.509901 0.509901 0.509901 0.509901 0.509901 0.509901 0.509901 0.509901 0.509901 0.509901 0.509901 0.509901 0.509901 0.509901 0.509901 0.509901 0.509901 0.509901 0.509901 0.509901 0.509901 0.509901 0.509901 0.509901 0.509901 0.509901 0.509901 0.509901 0.509901 0.509901 0.509901 0.509901 0.509901 0.509901 0.509901 0.509901 0.509901 0.509901 0.509901 0.509901 0.509901 0.509901 0.509901 0.509901 0.509901 0.509901 0.509901 0.509901 0.509901 0.509901 0.509901 0.509901 0.509901 0.509901 0.509901 0.509901 0.509901 0.509901 0.509901 0.509901 0.509901 0.509901 0.509901 0.509901 0.509901 0.509901 0.509901 0.509901 0.509901 0.509901 0.509901 0.509901 0.509901 0.509901 0.509901 0.509901 0.509901 0.509901 0.509901 0.509901 0.509901 0.509901 0.509901 0.509901 0.509901 0.509901 0.509901 0.509901 0.509901 0.509901 0.509901 0.509901 0.509901 0.509901 0.509901 0.509901 0.509901 0.509901 0.509901 0.509901 0.509901 0.471243 0.509901 0.509901 0.509901 0.509901 0.509901 0.509901 0.509901 0.509901 0.509901 0.503423 0.509901 0.509901 0.509901 0.509901 0.509901 0.509901 0.509901 0.509901 0.509901 0.47 0.509901 0.509901 0.509901 0.509901 0.509901 0.509901 0.509901 0.509901 0.509901 0.504326 0.509901 0.509901 0.509901 0.509901 0.509901 0.509901 0.509901 0.509901 0.509901 0.470081 0.509901 0.509901 0.509901 0.509901 0.509901 0.509901 0.509901 0.509901 0.509901 0.473634 0.509901 0.509901 0.509901 0.509901 0.509901 0.509901 0.509901 0.509901 0.509901 0.486848 0.509901 0.509901 0.509901 0.509901 0.509901 0.509901 0.509901 0.509901 0.509901 0.47 0.509901 0.509901 0.509901 0.509901 0.509901 0.509901 0.509901 0.509901 0.509901 0.470013 0.509901 0.509901 0.509901 0.509901 0.509901 0.509901 0.509901 0.509901 0.509901 0.483231 0.509901 0.509901 0.509901 0.503823 0.509901 0.509901 0.48853 0.509901 0.509901 0.509901 0.509901 0.509901 0.509901 0.470105 0.509901 0.509901 0.493253 0.509901 0.509901 0.509901 0.509901 0.509901 0.509901 0.477907 0.509901 0.509901 0.470031 0.509901 0.509901 0.509901 0.509901 0.509901 0.509901 0.509609 0.509901 0.509901 0.506034 0.509901 0.509901 0.509901 0.509901 0.509901 0.509901 0.470004 0.509901 0.509901 0.508981 0.509901 0.509901 0.509901 0.509901 0.509901 0.509901 0.47 0.509901 0.509901 0.471936 0.509901 0.509901 0.509901 0.509901 0.509901 0.509901 0.509789 0.509901 0.509901 0.508725 0.509901 0.509901 0.509901 0.509901 0.509901 0.509901 0.473368 0.509901 0.509901 0.475531 0.509901 0.509901 0.509901 0.509901 0.509901 0.509901 0.508934 0.509901 0.509901 0.47 0.509901 0.509901 0.509901 0.509901 0.509901 0.509901 0.508901 0.509901 0.509901 0.471822 0.509901 0.509901 0.509901 0.509901 0.509901 0.509901 0.509901 0.509901 0.509901 0.509901 0.509901 0.509901 0.509901 0.509901 0.509901 0.509901 0.509901 0.509901 0.509901 0.509901 0.509901 0.509901 0.509901 0.509901 0.509901 0.509901 0.509901 0.509901 0.509901 0.509901 0.509901 0.509901 0.509901 0.509901 0.509901 0.509901 0.509901 0.509901 0.509901 0.509901 0.509901 0.509901 0.509901 0.509901 0.509901 0.509901 0.509901 0.509901 0.509901 0.509901 0.509901 0.509901 0.509901 0.509901 0.509901 0.509901 0.509901 0.509901 0.509901 0.509901 0.509901 0.509901 0.509901 0.509901 0.509901 0.509901 0.509901 0.509901 0.509901 0.509901 0.509901 0.509901 0.509901 0.509901 0.509901 0.509901 0.509901 0.509901 0.509901 0.509901 0.509901 0.509901 0.509901 0.509901 0.509901 0.509901 0.509901 0.509901 0.509901 0.509901 0.509901 0.509901 0.509901 0.509901 0.509901 0.509901 0.509901 0.509901 0.509901 0.509901 0.509901 0.509901 0.509901 0.509901 0.509901 0.509901 0.509901 0.509901 0.509901 0.509901 0.509901 0.509901 0.476177 0.509901 0.509901 0.509901 0.509901 0.509901 0.509901 0.509901 0.509901 0.509901 0.499163 0.509901 0.509901 0.509901 0.509901 0.509901 0.509901 0.509901 0.509901 0.509901 0.487614 0.509901 0.509901 0.509901 0.509901 0.509901 0.509901 0.509901 0.509901 0.509901 0.482845 0.509901 0.509901 0.509901 0.509901 0.509901 0.509901 0.509901 0.509901 0.509901 0.509849 0.509901 0.509901 0.509901 0.509901 0.509901 0.509901 0.509901 0.509901 0.509901 0.484767 0.509901 0.509901 0.509901 0.509901 0.509901 0.509901 0.509901 0.509901 0.509901 0.470134 0.509901 0.509901 0.509901 0.509901 0.509901 0.509901 0.509901 0.509901 0.509901 0.47 0.509901 0.509901 0.509901 0.509901 0.509901 0.509901 0.509901 0.509901 0.509901 0.508483 0.509901 0.509901 0.509901 0.509901 0.509901 0.509901 0.509901 0.509901 0.509901 0.507664 0.509901 0.509901 0.509901 0.470089 0.509901 0.509901 0.473219 0.509901 0.509901 0.509901 0.509901 0.509901 0.509901 0.488511 0.509901 0.509901 0.470001 0.509901 0.509901 0.509901 0.509901 0.509901 0.509901 0.470062 0.509901 0.509901 0.470008 0.509901 0.509901 0.509901 0.509901 0.509901 0.509901 0.509028 0.509901 0.509901 0.509104 0.509901 0.509901 0.509901 0.509901 0.509901 0.509901 0.47 0.509901 0.509901 0.509157 0.509901 0.509901 0.509901 0.509901 0.509901 0.509901 0.487081 0.509901 0.509901 0.47 0.509901 0.509901 0.509901 0.509901 0.509901 0.509901 0.470274 0.509901 0.509901 0.470036 0.509901 0.509901 0.509901 0.509901 0.509901 0.509901 0.470003 0.509901 0.509901 0.509252 0.509901 0.509901 0.509901 0.509901 0.509901 0.509901 0.508838 0.509901 0.509901 0.47 0.509901 0.509901 0.509901 0.509901 0.509901 0.509901 0.470001 0.509901 0.509901 0.490899 0.509901 0.509901 0.509901 0.509901 0.509901 0.509901 0.509901 0.509901 0.509901 0.509901 0.509901 0.509901 0.509901 0.509901 0.509901 0.509901 0.509901 0.509901 0.509901 0.509901 0.509901 0.509901 0.509901 0.509901 0.509901 0.509901 0.509901 0.509901 0.509901 0.509901 0.509901 0.509901 0.509901 0.509901 0.509901 0.509901 0.509901 0.509901 0.509901 0.509901 0.509901 0.509901 0.509901 0.509901 0.509901 0.509901 0.509901 0.509901 0.509901 0.509901 0.509901 0.509901 0.509901 0.509901 0.509901 0.509901 0.509901 0.509901 0.509901 0.509901 0.509901 0.509901 0.509901 0.509901 0.509901 0.509901 0.509901 0.509901 0.509901 0.509901 0.509901 0.509901 0.509901 0.509901 0.509901 0.509901 0.509901 0.509901 0.509901 0.509901 0.509901 0.509901 0.509901 0.509901 0.509901 0.509901 0.509901 0.509901 0.509901 0.509901 0.509901 0.509901 0.509901 0.509901 0.509901 0.509901 0.509901 0.509901 0.509901 0.509901 0.509901 0.509901 0.509901 0.509901 0.509901 0.509901 0.509901 0.509901 0.509901 0.509901 0.509901 0.509901 0.47 0.509901 0.509901 0.509901 0.509901 0.509901 0.509901 0.509901 0.509901 0.509901 0.47 0.509901 0.509901 0.509901 0.509901 0.509901 0.509901 0.509901 0.509901 0.509901 0.496565 0.509901 0.509901 0.509901 0.509901 0.509901 0.509901 0.509901 0.509901 0.509901 0.47 0.509901 0.509901 0.509901 0.509901 0.509901 0.509901 0.509901 0.509901 0.509901 0.503613 0.509901 0.509901 0.509901 0.509901 0.509901 0.509901 0.509901 0.509901 0.509901 0.509584 0.509901 0.509901 0.509901 0.509901 0.509901 0.509901 0.509901 0.509901 0.509901 0.471971 0.509901 0.509901 0.509901 0.509901 0.509901 0.509901 0.509901 0.509901 0.509901 0.470001 0.509901 0.509901 0.509901 0.509901 0.509901 0.509901 0.509901 0.509901 0.509901 0.47 0.509901 0.509901 0.509901 0.509901 0.509901 0.509901 0.509901 0.509901 0.509901 0.509372 0.509901 0.509901 0.509901 0.509901 0.509901 0.509901 0.509901 0.509901 0.509901 0.488511 0.509901 0.509901 0.509901 0.509901 0.509901 0.509901 0.509901 0.509901 0.509901 0.491789 0.509901 0.509901 0.509901 0.509901 0.509901 0.509901 0.509901 0.509901 0.509901 0.471235 0.509901 0.509901 0.509901 0.509901 0.509901 0.509901 0.509901 0.509901 0.509901 0.492586 0.509901 0.509901 0.509901 0.509901 0.509901 0.509901 0.509901 0.509901 0.509901 0.47 0.509901 0.509901 0.509901 0.509901 0.509901 0.509901 0.509901 0.509901 0.509901 0.47 0.509901 0.509901 0.509901 0.509901 0.509901 0.509901 0.509901 0.509901 0.509901 0.470024 0.509901 0.509901 0.509901 0.509901 0.509901 0.509901 0.509901 0.509901 0.509901 0.506243 0.509901 0.509901 0.509901 0.509901 0.509901 0.509901 0.509901 0.509901 0.509901 0.470001 0.509901 0.509901 0.509901 0.509901 0.509901 0.509901 0.509901 0.509901 0.509901 0.470001 0.509901 0.509901 0.509901 0.498899 0.509901 0.509901 0.506165 0.509901 0.509901 0.509901 0.509901 0.509901 0.509901 0.509835 0.509901 0.509901 0.47 0.509901 0.509901 0.509901 0.509901 0.509901 0.509901 0.470012 0.509901 0.509901 0.47 0.509901 0.509901 0.509901 0.509901 0.509901 0.509901 0.47 0.509901 0.509901 0.470008 0.509901 0.509901 0.509901 0.509901 0.509901 0.509901 0.47 0.509901 0.509901 0.509467 0.509901 0.509901 0.509901 0.509901 0.509901 0.509901 0.498188 0.509901 0.509901 0.509054 0.509901 0.509901 0.509901 0.509901 0.509901 0.509901 0.503223 0.509901 0.509901 0.470081 0.509901 0.509901 0.509901 0.509901 0.509901 0.509901 0.509654 0.509901 0.509901 0.47 0.509901 0.509901 0.509901 0.509901 0.509901 0.509901 0.470675 0.509901 0.509901 0.498893 0.509901 0.509901 0.509901 0.509901 0.509901 0.509901 0.509526 0.509901 0.509901 0.506165 0.509901 0.509901 0.509901 0.509901 0.509901 0.509901 0.509901 0.509901 0.509901 0.509901 0.509901 0.509901 0.509901 0.509901 0.509901 0.509901 0.509901 0.509901 0.509901 0.509901 0.509901 0.509901 0.509901 0.509901 0.509901 0.509901 0.509901 0.509901 0.509901 0.509901 0.509901 0.509901 0.509901 0.509901 0.509901 0.509901 0.509901 0.509901 0.509901 0.509901 0.509901 0.509901 0.509901 0.509901 0.509901 0.509901 0.509901 0.509901 0.509901 0.509901 0.509901 0.509901 0.509901 0.509901 0.509901 0.509901 0.509901 0.509901 0.509901 0.509901 0.509901 0.509901 0.509901 0.509901 0.509901 0.509901 0.509901 0.509901 0.509901 0.509901 0.509901 0.509901 0.509901 0.509901 0.509901 0.509901 0.509901 0.509901 0.509901 0.509901 0.509901 0.509901 0.509901 0.509901 0.509901 0.509901 0.509901 0.509901 0.509901 0.509901 0.509901 0.509901 0.509901 0.509901 0.509901 0.509901 0.509901 0.509901 0.509901 0.509901 0.509901 0.509901 0.509901 0.509901 0.509901 0.509901 0.509901 0.509901 0.509901 0.509901 0.509901 0.509901 0.47 0.509901 0.509901 0.509901 0.509901 0.509901 0.509901 0.509901 0.509901 0.509901 0.509195 0.509901 0.509901 0.509901 0.509901 0.509901 0.509901 0.509901 0.509901 0.509901 0.47 0.509901 0.509901 0.509901 0.509901 0.509901 0.509901 0.509901 0.509901 0.509901 0.505941 0.509901 0.509901 0.509901 0.509901 0.509901 0.509901 0.509901 0.509901 0.509901 0.509801 0.509901 0.509901 0.509901 0.509901 0.509901 0.509901 0.509901 0.509901 0.509901 0.506358 0.509901 0.509901 0.509901 0.509901 0.509901 0.509901 0.509901 0.509901 0.509901 0.508197 0.509901 0.509901 0.509901 0.509901 0.509901 0.509901 0.509901 0.509901 0.509901 0.494083 0.509901 0.509901 0.509901 0.509901 0.509901 0.509901 0.509901 0.509901 0.509901 0.472281 0.509901 0.509901 0.509901 0.509901 0.509901 0.509901 0.509901 0.509901 0.509901 0.47 0.509901 0.509901 0.509901 0.47 0.509901 0.509901 0.473272 0.509901 0.509901 0.509901 0.509901 0.509901 0.509901 0.47 0.509901 0.509901 0.47 0.509901 0.509901 0.509901 0.509901 0.509901 0.509901 0.47 0.509901 0.509901 0.509569 0.509901 0.509901 0.509901 0.509901 0.509901 0.509901 0.470422 0.509901 0.509901 0.47 0.509901 0.509901 0.509901 0.509901 0.509901 0.509901 0.47 0.509901 0.509901 0.493485 0.509901 0.509901 0.509901 0.509901 0.509901 0.509901 0.47 0.509901 0.509901 0.489405 0.509901 0.509901 0.509901 0.509901 0.509901 0.509901 0.47 0.509901 0.509901 0.47 0.509901 0.509901 0.509901 0.509901 0.509901 0.509901 0.498867 0.509901 0.509901 0.47 0.509901 0.509901 0.509901 0.509901 0.509901 0.509901 0.478319 0.509901 0.509901 0.47 0.509901 0.509901 0.509901 0.509901 0.509901 0.509901 0.496711 0.509901 0.509901 0.508835 0.509901 0.509901 0.509901 0.509901 0.509901 0.509901 0.509901 0.509901 0.509901 0.509901 0.509901 0.509901 0.509901 0.509901 0.509901 0.509901 0.509901 0.509901 0.509901 0.509901 0.509901 0.509901 0.509901 0.509901 0.509901 0.509901 0.509901 0.509901 0.509901 0.509901 0.509901 0.509901 0.509901 0.509901 0.509901 0.509901 0.509901 0.509901 0.509901 0.509901 0.509901 0.509901 0.509901 0.509901 0.509901 0.509901 0.509901 0.509901 0.509901 0.509901 0.509901 0.509901 0.509901 0.509901 0.509901 0.509901 0.509901 0.509901 0.509901 0.509901 0.509901 0.509901 0.509901 0.509901 0.509901 0.509901 0.509901 0.509901 0.509901 0.509901 0.509901 0.509901 0.509901 0.509901 0.509901 0.509901 0.509901 0.509901 0.509901 0.509901 0.509901 0.509901 0.509901 0.509901 0.509901 0.509901 0.509901 0.509901 0.509901 0.509901 0.509901 0.509901 0.509901 0.509901 0.509901 0.509901 0.509901 0.509901 0.509901 0.509901 0.509901 0.509901 0.509901 0.509901 0.509901 0.509901 0.509901 0.509901 0.509901 0.509901 0.509901 0.509901 0.489413 0.509901 0.509901 0.509901 0.509901 0.509901 0.509901 0.509901 0.509901 0.509901 0.47 0.509901 0.509901 0.509901 0.509901 0.509901 0.509901 0.509901 0.509901 0.509901 0.470002 0.509901 0.509901 0.509901 0.509901 0.509901 0.509901 0.509901 0.509901 0.509901 0.472702 0.509901 0.509901 0.509901 0.509901 0.509901 0.509901 0.509901 0.509901 0.509901 0.47002 0.509901 0.509901 0.509901 0.509901 0.509901 0.509901 0.509901 0.509901 0.509901 0.482639 0.509901 0.509901 0.509901 0.509901 0.509901 0.509901 0.509901 0.509901 0.509901 0.470171 0.509901 0.509901 0.509901 0.509901 0.509901 0.509901 0.509901 0.509901 0.509901 0.47 0.509901 0.509901 0.509901 0.509901 0.509901 0.509901 0.509901 0.509901 0.509901 0.470794 0.509901 0.509901 0.509901 0.509901 0.509901 0.509901 0.509901 0.509901 0.509901 0.471071 0.509901 0.509901 0.509901 0.509808 0.509901 0.509901 0.494139 0.509901 0.509901 0.509901 0.509901 0.509901 0.509901 0.47 0.509901 0.509901 0.47 0.509901 0.509901 0.509901 0.509901 0.509901 0.509901 0.497915 0.509901 0.509901 0.47 0.509901 0.509901 0.509901 0.509901 0.509901 0.509901 0.47 0.509901 0.509901 0.470068 0.509901 0.509901 0.509901 0.509901 0.509901 0.509901 0.47 0.509901 0.509901 0.470022 0.509901 0.509901 0.509901 0.509901 0.509901 0.509901 0.473939 0.509901 0.509901 0.498969 0.509901 0.509901 0.509901 0.509901 0.509901 0.509901 0.47 0.509901 0.509901 0.502066 0.509901 0.509901 0.509901 0.509901 0.509901 0.509901 0.47 0.509901 0.509901 0.509409 0.509901 0.509901 0.509901 0.509901 0.509901 0.509901 0.472739 0.509901 0.509901 0.470001 0.509901 0.509901 0.509901 0.509901 0.509901 0.509901 0.470007 0.509901 0.509901 0.47 0.509901 0.509901 0.509901 0.509901 0.509901 0.509901 0.509901 0.509901 0.509901 0.509901 0.509901 0.509901 0.509901 0.509901 0.509901 0.509901 0.509901 0.509901 0.509901 0.509901 0.509901 0.509901 0.509901 0.509901 0.509901 0.509901 0.509901 0.509901 0.509901 0.509901 0.509901 0.509901 0.509901 0.509901 0.509901 0.509901 0.509901 0.509901 0.509901 0.509901 0.509901 0.509901 0.509901 0.509901 0.509901 0.509901 0.509901 0.509901 0.509901 0.509901 0.509901 0.509901 0.509901 0.509901 0.509901 0.509901 0.509901 0.509901 0.509901 0.509901 0.509901 0.509901 0.509901 0.509901 0.509901 0.509901 0.509901 0.509901 0.509901 0.509901 0.509901 0.509901 0.509901 0.509901 0.509901 0.509901 0.509901 0.509901 0.509901 0.509901 0.509901 0.509901 0.509901 0.509901 0.509901 0.509901 0.509901 0.509901 0.509901 0.509901 0.509901 0.509901 0.509901 0.509901 0.509901 0.509901 0.509901 0.509901 0.509901 0.509901 0.509901 0.509901 0.509901 0.509901 0.509901 0.509901 0.509901 0.509901 0.509901 0.509901 0.509901 0.509901 0.491333 0.509901 0.509901 0.509901 0.509901 0.509901 0.509901 0.509901 0.509901 0.509901 0.471195 0.509901 0.509901 0.509901 0.509901 0.509901 0.509901 0.509901 0.509901 0.509901 0.470091 0.509901 0.509901 0.509901 0.509901 0.509901 0.509901 0.509901 0.509901 0.509901 0.47 0.509901 0.509901 0.509901 0.509901 0.509901 0.509901 0.509901 0.509901 0.509901 0.509146 0.509901 0.509901 0.509901 0.509901 0.509901 0.509901 0.509901 0.509901 0.509901 0.474805 0.509901 0.509901 0.509901 0.509901 0.509901 0.509901 0.509901 0.509901 0.509901 0.474282 0.509901 0.509901 0.509901 0.509901 0.509901 0.509901 0.509901 0.509901 0.509901 0.509583 0.509901 0.509901 0.509901 0.509901 0.509901 0.509901 0.509901 0.509901 0.509901 0.47127 0.509901 0.509901 0.509901 0.509901 0.509901 0.509901 0.509901 0.509901 0.509901 0.47 0.509901 0.509901 0.509901 0.509901 0.509901 0.509901 0.509901 0.509901 0.509901 0.470845 0.509901 0.509901 0.509901 0.509901 0.509901 0.509901 0.509901 0.509901 0.509901 0.47 0.509901 0.509901 0.509901 0.509901 0.509901 0.509901 0.509901 0.509901 0.509901 0.509104 0.509901 0.509901 0.509901 0.509901 0.509901 0.509901 0.509901 0.509901 0.509901 0.47 0.509901 0.509901 0.509901 0.509901 0.509901 0.509901 0.509901 0.509901 0.509901 0.500442 0.509901 0.509901 0.509901 0.509901 0.509901 0.509901 0.509901 0.509901 0.509901 0.470021 0.509901 0.509901 0.509901 0.509901 0.509901 0.509901 0.509901 0.509901 0.509901 0.504002 0.509901 0.509901 0.509901 0.509901 0.509901 0.509901 0.509901 0.509901 0.509901 0.47 0.509901 0.509901 0.509901 0.509901 0.509901 0.509901 0.509901 0.509901 0.509901 0.509702 0.509901 0.509901 0.509901 0.509901 0.509901 0.509901 0.509901 0.509901 0.509901 0.498606 0.509901 0.509901 0.509901 0.471432 0.509901 0.509901 0.470044 0.509901 0.509901 0.509901 0.509901 0.509901 0.509901 0.504628 0.509901 0.509901 0.47 0.509901 0.509901 0.509901 0.509901 0.509901 0.509901 0.487081 0.509901 0.509901 0.47 0.509901 0.509901 0.509901 0.509901 0.509901 0.509901 0.470012 0.509901 0.509901 0.470168 0.509901 0.509901 0.509901 0.509901 0.509901 0.509901 0.509725 0.509901 0.509901 0.47 0.509901 0.509901 0.509901 0.509901 0.509901 0.509901 0.485949 0.509901 0.509901 0.470126 0.509901 0.509901 0.509901 0.509901 0.509901 0.509901 0.470002 0.509901 0.509901 0.47 0.509901 0.509901 0.509901 0.509901 0.509901 0.509901 0.472853 0.509901 0.509901 0.484179 0.509901 0.509901 0.509901 0.509901 0.509901 0.509901 0.470008 0.509901 0.509901 0.470393 0.509901 0.509901 0.509901 0.509901 0.509901 0.509901 0.470001 0.509901 0.509901 0.508324 0.509901 0.509901 0.509901 0.509901 0.509901 0.509901 0.509901 0.509901 0.509901 0.509901 0.509901 0.509901 0.509901 0.509901 0.509901 0.509901 0.509901 0.509901 0.509901 0.509901 0.509901 0.509901 0.509901 0.509901 0.509901 0.509901 0.509901 0.509901 0.509901 0.509901 0.509901 0.509901 0.509901 0.509901 0.509901 0.509901 0.509901 0.509901 0.509901 0.509901 0.509901 0.509901 0.509901 0.509901 0.509901 0.509901 0.509901 0.509901 0.509901 0.509901 0.509901 0.509901 0.509901 0.509901 0.509901 0.509901 0.509901 0.509901 0.509901 0.509901 0.509901 0.509901 0.509901 0.509901 0.509901 0.509901 0.509901 0.509901 0.509901 0.509901 0.509901 0.509901 0.509901 0.509901 0.509901 0.509901 0.509901 0.509901 0.509901 0.509901 0.509901 0.509901 0.509901 0.509901 0.509901 0.509901 0.509901 0.509901 0.509901 0.509901 0.509901 0.509901 0.509901 0.509901 0.509901 0.509901 0.509901 0.509901 0.509901 0.509901 0.509901 0.509901 0.509901 0.509901 0.509901 0.509901 0.509901 0.509901 0.509901 0.509901 0.509901 0.509901 0.504606 0.509901 0.509901 0.509901 0.509901 0.509901 0.509901 0.509901 0.509901 0.509901 0.502108 0.509901 0.509901 0.509901 0.509901 0.509901 0.509901 0.509901 0.509901 0.509901 0.47 0.509901 0.509901 0.509901 0.509901 0.509901 0.509901 0.509901 0.509901 0.509901 0.509153 0.509901 0.509901 0.509901 0.509901 0.509901 0.509901 0.509901 0.509901 0.509901 0.473756 0.509901 0.509901 0.509901 0.509901 0.509901 0.509901 0.509901 0.509901 0.509901 0.470102 0.509901 0.509901 0.509901 0.509901 0.509901 0.509901 0.509901 0.509901 0.509901 0.50575 0.509901 0.509901 0.509901 0.509901 0.509901 0.509901 0.509901 0.509901 0.509901 0.47 0.509901 0.509901 0.509901 0.509901 0.509901 0.509901 0.509901 0.509901 0.509901 0.509359 0.509901 0.509901 0.509901 0.509901 0.509901 0.509901 0.509901 0.509901 0.509901 0.508029 0.509901 0.509901 0.509901 0.474899 0.509901 0.509901 0.502594 0.509901 0.509901 0.509901 0.509901 0.509901 0.509901 0.47 0.509901 0.509901 0.471953 0.509901 0.509901 0.509901 0.509901 0.509901 0.509901 0.47003 0.509901 0.509901 0.47 0.509901 0.509901 0.509901 0.509901 0.509901 0.509901 0.47 0.509901 0.509901 0.47825 0.509901 0.509901 0.509901 0.509901 0.509901 0.509901 0.50925 0.509901 0.509901 0.47 0.509901 0.509901 0.509901 0.509901 0.509901 0.509901 0.504862 0.509901 0.509901 0.471857 0.509901 0.509901 0.509901 0.509901 0.509901 0.509901 0.503987 0.509901 0.509901 0.480958 0.509901 0.509901 0.509901 0.509901 0.509901 0.509901 0.507422 0.509901 0.509901 0.494569 0.509901 0.509901 0.509901 0.509901 0.509901 0.509901 0.47 0.509901 0.509901 0.504101 0.509901 0.509901 0.509901 0.509901 0.509901 0.509901 0.470059 0.509901 0.509901 0.47 0.509901 0.509901 0.509901 0.509901 0.509901 0.509901 0.509901 0.509901 0.509901 0.509901 0.509901 0.509901 0.509901 0.509901 0.509901 0.509901 0.509901 0.509901 0.509901 0.509901 0.509901 0.509901 0.509901 0.509901 0.509901 0.509901 0.509901 0.509901 0.509901 0.509901 0.509901 0.509901 0.509901 0.509901 0.509901 0.509901 0.509901 0.509901 0.509901 0.509901 0.509901 0.509901 0.509901 0.509901 0.509901 0.509901 0.509901 0.509901 0.509901 0.509901 0.509901 0.509901 0.509901 0.509901 0.509901 0.509901 0.509901 0.509901 0.509901 0.509901 0.509901 0.509901 0.509901 0.509901 0.509901 0.509901 0.509901 0.509901 0.509901 0.509901 0.509901 0.509901 0.509901 0.509901 0.509901 0.509901 0.509901 0.509901 0.509901 0.509901 0.509901 0.509901 0.509901 0.509901 0.509901 0.509901 0.509901 0.509901 0.509901 0.509901 0.509901 0.509901 0.509901 0.509901 0.509901 0.509901 0.509901 0.509901 0.509901 0.509901 0.509901 0.509901 0.509901 0.509901 0.509901 0.509901 0.509901 0.509901 0.509901 0.509901 0.509901 0.509901 0.50968 0.509901 0.509901 0.509901 0.509901 0.509901 0.509901 0.509901 0.509901 0.509901 0.498432 0.509901 0.509901 0.509901 0.509901 0.509901 0.509901 0.509901 0.509901 0.509901 0.470162 0.509901 0.509901 0.509901 0.509901 0.509901 0.509901 0.509901 0.509901 0.509901 0.470191 0.509901 0.509901 0.509901 0.509901 0.509901 0.509901 0.509901 0.509901 0.509901 0.470001 0.509901 0.509901 0.509901 0.509901 0.509901 0.509901 0.509901 0.509901 0.509901 0.470169 0.509901 0.509901 0.509901 0.509901 0.509901 0.509901 0.509901 0.509901 0.509901 0.499979 0.509901 0.509901 0.509901 0.509901 0.509901 0.509901 0.509901 0.509901 0.509901 0.507466 0.509901 0.509901 0.509901 0.509901 0.509901 0.509901 0.509901 0.509901 0.509901 0.470012 0.509901 0.509901 0.509901 0.509901 0.509901 0.509901 0.509901 0.509901 0.509901 0.47 0.509901 0.509901 0.509901 0.47 0.509901 0.509901 0.509089 0.509901 0.509901 0.509901 0.509901 0.509901 0.509901 0.470185 0.509901 0.509901 0.509825 0.509901 0.509901 0.509901 0.509901 0.509901 0.509901 0.47 0.509901 0.509901 0.506034 0.509901 0.509901 0.509901 0.509901 0.509901 0.509901 0.47 0.509901 0.509901 0.509716 0.509901 0.509901 0.509901 0.509901 0.509901 0.509901 0.488818 0.509901 0.509901 0.470006 0.509901 0.509901 0.509901 0.509901 0.509901 0.509901 0.496855 0.509901 0.509901 0.47 0.509901 0.509901 0.509901 0.509901 0.509901 0.509901 0.470015 0.509901 0.509901 0.47 0.509901 0.509901 0.509901 0.509901 0.509901 0.509901 0.47032 0.509901 0.509901 0.509453 0.509901 0.509901 0.509901 0.509901 0.509901 0.509901 0.470199 0.509901 0.509901 0.47 0.509901 0.509901 0.509901 0.509901 0.509901 0.509901 0.470002 0.509901 0.509901 0.47 0.509901 0.509901 0.509901 0.509901 0.509901 0.509901 0.509901 0.509901 0.509901 0.509901 0.509901 0.509901 0.509901 0.509901 0.509901 0.509901 0.509901 0.509901 0.509901 0.509901 0.509901 0.509901 0.509901 0.509901 0.509901 0.509901 0.509901 0.509901 0.509901 0.509901 0.509901 0.509901 0.509901 0.509901 0.509901 0.509901 0.509901 0.509901 0.509901 0.509901 0.509901 0.509901 0.509901 0.509901 0.509901 0.509901 0.509901 0.509901 0.509901 0.509901 0.509901 0.509901 0.509901 0.509901 0.509901 0.509901 0.509901 0.509901 0.509901 0.509901 0.509901 0.509901 0.509901 0.509901 0.509901 0.509901 0.509901 0.509901 0.509901 0.509901 0.509901 0.509901 0.509901 0.509901 0.509901 0.509901 0.509901 0.509901 0.509901 0.509901 0.509901 0.509901 0.509901 0.509901 0.509901 0.509901 0.509901 0.509901 0.509901 0.509901 0.509901 0.509901 0.509901 0.509901 0.509901 0.509901 0.509901 0.509901 0.509901 0.509901 0.509901 0.509901 0.509901 0.509901 0.509901 0.509901 0.509901 0.509901 0.509901 0.509901 0.509901 0.509901 0.507052 0.509901 0.509901 0.509901 0.509901 0.509901 0.509901 0.509901 0.509901 0.509901 0.473492 0.509901 0.509901 0.509901 0.509901 0.509901 0.509901 0.509901 0.509901 0.509901 0.509783 0.509901 0.509901 0.509901 0.509901 0.509901 0.509901 0.509901 0.509901 0.509901 0.496324 0.509901 0.509901 0.509901 0.509901 0.509901 0.509901 0.509901 0.509901 0.509901 0.47 0.509901 0.509901 0.509901 0.509901 0.509901 0.509901 0.509901 0.509901 0.509901 0.47 0.509901 0.509901 0.509901 0.509901 0.509901 0.509901 0.509901 0.509901 0.509901 0.470008 0.509901 0.509901 0.509901 0.509901 0.509901 0.509901 0.509901 0.509901 0.509901 0.47 0.509901 0.509901 0.509901 0.509901 0.509901 0.509901 0.509901 0.509901 0.509901 0.470078 0.509901 0.509901 0.509901 0.509901 0.509901 0.509901 0.509901 0.509901 0.509901 0.509521 0.509901 0.509901 
0.519852 0.519852 0.519852 0.519852 0.519852 0.519852 0.519852 0.49588 0.519852 0.519852 0.519852 0.519852 0.519852 0.519852 0.519852 0.519852 0.519852 0.46 0.519852 0.519852 0.519852 0.519852 0.519852 0.519852 0.519852 0.519852 0.519852 0.460002 0.519852 0.519852 0.519852 0.519852 0.519852 0.519852 0.519852 0.519852 0.519852 0.519605 0.519852 0.519852 0.519852 0.519852 0.519852 0.519852 0.519852 0.519852 0.519852 0.460117 0.519852 0.519852 0.519852 0.519852 0.519852 0.519852 0.519852 0.519852 0.519852 0.460014 0.519852 0.519852 0.519852 0.519852 0.519852 0.519852 0.519852 0.519852 0.519852 0.460019 0.519852 0.519852 0.519852 0.519852 0.519852 0.519852 0.519852 0.519852 0.519852 0.519468 0.519852 0.519852 0.519852 0.519852 0.519852 0.519852 0.519852 0.519852 0.519852 0.51797 0.519852 0.519852 0.519852 0.519852 0.519852 0.519852 0.519852 0.519852 0.519852 0.460017 0.519852 0.519852 0.519852 0.507576 0.519852 0.519852 0.46 0.519852 0.519852 0.519852 0.519852 0.519852 0.519852 0.484953 0.519852 0.519852 0.478899 0.519852 0.519852 0.519852 0.519852 0.519852 0.519852 0.460139 0.519852 0.519852 0.460001 0.519852 0.519852 0.519852 0.519852 0.519852 0.519852 0.518209 0.519852 0.519852 0.46 0.519852 0.519852 0.519852 0.519852 0.519852 0.519852 0.516978 0.519852 0.519852 0.464254 0.519852 0.519852 0.519852 0.519852 0.519852 0.519852 0.516891 0.519852 0.519852 0.46002 0.519852 0.519852 0.519852 0.519852 0.519852 0.519852 0.460296 0.519852 0.519852 0.46006 0.519852 0.519852 0.519852 0.519852 0.519852 0.519852 0.463073 0.519852 0.519852 0.46 0.519852 0.519852 0.519852 0.519852 0.519852 0.519852 0.51958 0.519852 0.519852 0.51707 0.519852 0.519852 0.519852 0.519852 0.519852 0.519852 0.46 0.519852 0.519852 0.460001 0.519852 0.519852 0.519852 0.519852 0.519852 0.519852 0.519852 0.519852 0.519852 0.519852 0.519852 0.519852 0.519852 0.519852 0.519852 0.519852 0.519852 0.519852 0.519852 0.519852 0.519852 0.519852 0.519852 0.519852 0.519852 0.519852 0.519852 0.519852 0.519852 0.519852 0.519852 0.519852 0.519852 0.519852 0.519852 0.519852 0.519852 0.519852 0.519852 0.519852 0.519852 0.519852 0.519852 0.519852 0.519852 0.519852 0.519852 0.519852 0.519852 0.519852 0.519852 0.519852 0.519852 0.519852 0.519852 0.519852 0.519852 0.519852 0.519852 0.519852 0.519852 0.519852 0.519852 0.519852 0.519852 0.519852 0.519852 0.519852 0.519852 0.519852 0.519852 0.519852 0.519852 0.519852 0.519852 0.519852 0.519852 0.519852 0.519852 0.519852 0.519852 0.519852 0.519852 0.519852 0.519852 0.519852 0.519852 0.519852 0.519852 0.519852 0.519852 0.519852 0.519852 0.519852 0.519852 0.519852 0.519852 0.519852 0.519852 0.519852 0.519852 0.519852 0.519852 0.519852 0.519852 0.519852 0.519852 0.519852 0.519852 0.519852 0.519852 0.519852 0.46 0.519852 0.519852 0.519852 0.519852 0.519852 0.519852 0.519852 0.519852 0.519852 0.513324 0.519852 0.519852 0.519852 0.519852 0.519852 0.519852 0.519852 0.519852 0.519852 0.46 0.519852 0.519852 0.519852 0.519852 0.519852 0.519852 0.519852 0.519852 0.519852 0.46 0.519852 0.519852 0.519852 0.519852 0.519852 0.519852 0.519852 0.519852 0.519852 0.517094 0.519852 0.519852 0.519852 0.519852 0.519852 0.519852 0.519852 0.519852 0.519852 0.4689 0.519852 0.519852 0.519852 0.519852 0.519852 0.519852 0.519852 0.519852 0.519852 0.46 0.519852 0.519852 0.519852 0.519852 0.519852 0.519852 0.519852 0.519852 0.519852 0.471987 0.519852 0.519852 0.519852 0.519852 0.519852 0.519852 0.519852 0.519852 0.519852 0.5198 0.519852 0.519852 0.519852 0.519852 0.519852 0.519852 0.519852 0.519852 0.519852 0.519478 0.519852 0.519852 0.519852 0.489967 0.519852 0.519852 0.485242 0.519852 0.519852 0.519852 0.519852 0.519852 0.519852 0.46 0.519852 0.519852 0.460019 0.519852 0.519852 0.519852 0.519852 0.519852 0.519852 0.466143 0.519852 0.519852 0.502168 0.519852 0.519852 0.519852 0.519852 0.519852 0.519852 0.460393 0.519852 0.519852 0.493808 0.519852 0.519852 0.519852 0.519852 0.519852 0.519852 0.46 0.519852 0.519852 0.501495 0.519852 0.519852 0.519852 0.519852 0.519852 0.519852 0.51852 0.519852 0.519852 0.516425 0.519852 0.519852 0.519852 0.519852 0.519852 0.519852 0.46 0.519852 0.519852 0.460042 0.519852 0.519852 0.519852 0.519852 0.519852 0.519852 0.46 0.519852 0.519852 0.46 0.519852 0.519852 0.519852 0.519852 0.519852 0.519852 0.506967 0.519852 0.519852 0.493602 0.519852 0.519852 0.519852 0.519852 0.519852 0.519852 0.46 0.519852 0.519852 0.460009 0.519852 0.519852 0.519852 0.519852 0.519852 0.519852 0.519852 0.519852 0.519852 0.519852 0.519852 0.519852 0.519852 0.519852 0.519852 0.519852 0.519852 0.519852 0.519852 0.519852 0.519852 0.519852 0.519852 0.519852 0.519852 0.519852 0.519852 0.519852 0.519852 0.519852 0.519852 0.519852 0.519852 0.519852 0.519852 0.519852 0.519852 0.519852 0.519852 0.519852 0.519852 0.519852 0.519852 0.519852 0.519852 0.519852 0.519852 0.519852 0.519852 0.519852 0.519852 0.519852 0.519852 0.519852 0.519852 0.519852 0.519852 0.519852 0.519852 0.519852 0.519852 0.519852 0.519852 0.519852 0.519852 0.519852 0.519852 0.519852 0.519852 0.519852 0.519852 0.519852 0.519852 0.519852 0.519852 0.519852 0.519852 0.519852 0.519852 0.519852 0.519852 0.519852 0.519852 0.519852 0.519852 0.519852 0.519852 0.519852 0.519852 0.519852 0.519852 0.519852 0.519852 0.519852 0.519852 0.519852 0.519852 0.519852 0.519852 0.519852 0.519852 0.519852 0.519852 0.519852 0.519852 0.519852 0.519852 0.519852 0.519852 0.519852 0.519852 0.519852 0.460008 0.519852 0.519852 0.519852 0.519852 0.519852 0.519852 0.519852 0.519852 0.519852 0.46 0.519852 0.519852 0.519852 0.519852 0.519852 0.519852 0.519852 0.519852 0.519852 0.46 0.519852 0.519852 0.519852 0.519852 0.519852 0.519852 0.519852 0.519852 0.519852 0.460034 0.519852 0.519852 0.519852 0.519852 0.519852 0.519852 0.519852 0.519852 0.519852 0.506091 0.519852 0.519852 0.519852 0.519852 0.519852 0.519852 0.519852 0.519852 0.519852 0.519665 0.519852 0.519852 0.519852 0.519852 0.519852 0.519852 0.519852 0.519852 0.519852 0.460822 0.519852 0.519852 0.519852 0.519852 0.519852 0.519852 0.519852 0.519852 0.519852 0.499411 0.519852 0.519852 0.519852 0.519852 0.519852 0.519852 0.519852 0.519852 0.519852 0.46 0.519852 0.519852 0.519852 0.519852 0.519852 0.519852 0.519852 0.519852 0.519852 0.460148 0.519852 0.519852 0.519852 0.46 0.519852 0.519852 0.461116 0.519852 0.519852 0.519852 0.519852 0.519852 0.519852 0.464646 0.519852 0.519852 0.460009 0.519852 0.519852 0.519852 0.519852 0.519852 0.519852 0.515324 0.519852 0.519852 0.509695 0.519852 0.519852 0.519852 0.519852 0.519852 0.519852 0.509165 0.519852 0.519852 0.519076 0.519852 0.519852 0.519852 0.519852 0.519852 0.519852 0.493535 0.519852 0.519852 0.46 0.519852 0.519852 0.519852 0.519852 0.519852 0.519852 0.46 0.519852 0.519852 0.461649 0.519852 0.519852 0.519852 0.519852 0.519852 0.519852 0.460113 0.519852 0.519852 0.46 0.519852 0.519852 0.519852 0.519852 0.519852 0.519852 0.519612 0.519852 0.519852 0.460079 0.519852 0.519852 0.519852 0.519852 0.519852 0.519852 0.46 0.519852 0.519852 0.46 0.519852 0.519852 0.519852 0.519852 0.519852 0.519852 0.46 0.519852 0.519852 0.504194 0.519852 0.519852 0.519852 0.519852 0.519852 0.519852 0.519852 0.519852 0.519852 0.519852 0.519852 0.519852 0.519852 0.519852 0.519852 0.519852 0.519852 0.519852 0.519852 0.519852 0.519852 0.519852 0.519852 0.519852 0.519852 0.519852 0.519852 0.519852 0.519852 0.519852 0.519852 0.519852 0.519852 0.519852 0.519852 0.519852 0.519852 0.519852 0.519852 0.519852 0.519852 0.519852 0.519852 0.519852 0.519852 0.519852 0.519852 0.519852 0.519852 0.519852 0.519852 0.519852 0.519852 0.519852 0.519852 0.519852 0.519852 0.519852 0.519852 0.519852 0.519852 0.519852 0.519852 0.519852 0.519852 0.519852 0.519852 0.519852 0.519852 0.519852 0.519852 0.519852 0.519852 0.519852 0.519852 0.519852 0.519852 0.519852 0.519852 0.519852 0.519852 0.519852 0.519852 0.519852 0.519852 0.519852 0.519852 0.519852 0.519852 0.519852 0.519852 0.519852 0.519852 0.519852 0.519852 0.519852 0.519852 0.519852 0.519852 0.519852 0.519852 0.519852 0.519852 0.519852 0.519852 0.519852 0.519852 0.519852 0.519852 0.519852 0.519852 0.519852 0.512701 0.519852 0.519852 0.519852 0.519852 0.519852 0.519852 0.519852 0.519852 0.519852 0.511934 0.519852 0.519852 0.519852 0.519852 0.519852 0.519852 0.519852 0.519852 0.519852 0.46 0.519852 0.519852 0.519852 0.519852 0.519852 0.519852 0.519852 0.519852 0.519852 0.461504 0.519852 0.519852 0.519852 0.519852 0.519852 0.519852 0.519852 0.519852 0.519852 0.509493 0.519852 0.519852 0.519852 0.519852 0.519852 0.519852 0.519852 0.519852 0.519852 0.516073 0.519852 0.519852 0.519852 0.519852 0.519852 0.519852 0.519852 0.519852 0.519852 0.490022 0.519852 0.519852 0.519852 0.519852 0.519852 0.519852 0.519852 0.519852 0.519852 0.516989 0.519852 0.519852 0.519852 0.519852 0.519852 0.519852 0.519852 0.519852 0.519852 0.46 0.519852 0.519852 0.519852 0.519852 0.519852 0.519852 0.519852 0.519852 0.519852 0.517969 0.519852 0.519852 0.519852 0.519852 0.519852 0.519852 0.519852 0.519852 0.519852 0.463183 0.519852 0.519852 0.519852 0.519852 0.519852 0.519852 0.519852 0.519852 0.519852 0.46 0.519852 0.519852 0.519852 0.519852 0.519852 0.519852 0.519852 0.519852 0.519852 0.46 0.519852 0.519852 0.519852 0.519852 0.519852 0.519852 0.519852 0.519852 0.519852 0.46 0.519852 0.519852 0.519852 0.519852 0.519852 0.519852 0.519852 0.519852 0.519852 0.46 0.519852 0.519852 0.519852 0.519852 0.519852 0.519852 0.519852 0.519852 0.519852 0.506883 0.519852 0.519852 0.519852 0.519852 0.519852 0.519852 0.519852 0.519852 0.519852 0.478727 0.519852 0.519852 0.519852 0.519852 0.519852 0.519852 0.519852 0.519852 0.519852 0.46 0.519852 0.519852 0.519852 0.519852 0.519852 0.519852 0.519852 0.519852 0.519852 0.46 0.519852 0.519852 0.519852 0.519852 0.519852 0.519852 0.519852 0.519852 0.519852 0.460049 0.519852 0.519852 0.519852 0.46 0.519852 0.519852 0.468181 0.519852 0.519852 0.519852 0.519852 0.519852 0.519852 0.462116 0.519852 0.519852 0.460637 0.519852 0.519852 0.519852 0.519852 0.519852 0.519852 0.460002 0.519852 0.519852 0.460002 0.519852 0.519852 0.519852 0.519852 0.519852 0.519852 0.46 0.519852 0.519852 0.46 0.519852 0.519852 0.519852 0.519852 0.519852 0.519852 0.460075 0.519852 0.519852 0.464275 0.519852 0.519852 0.519852 0.519852 0.519852 0.519852 0.46 0.519852 0.519852 0.46 0.519852 0.519852 0.519852 0.519852 0.519852 0.519852 0.46 0.519852 0.519852 0.46 0.519852 0.519852 0.519852 0.519852 0.519852 0.519852 0.46 0.519852 0.519852 0.46 0.519852 0.519852 0.519852 0.519852 0.519852 0.519852 0.519224 0.519852 0.519852 0.46022 0.519852 0.519852 0.519852 0.519852 0.519852 0.519852 0.46001 0.519852 0.519852 0.460126 0.519852 0.519852 0.519852 0.519852 0.519852 0.519852 0.519852 0.519852 0.519852 0.519852 0.519852 0.519852 0.519852 0.519852 0.519852 0.519852 0.519852 0.519852 0.519852 0.519852 0.519852 0.519852 0.519852 0.519852 0.519852 0.519852 0.519852 0.519852 0.519852 0.519852 0.519852 0.519852 0.519852 0.519852 0.519852 0.519852 0.519852 0.519852 0.519852 0.519852 0.519852 0.519852 0.519852 0.519852 0.519852 0.519852 0.519852 0.519852 0.519852 0.519852 0.519852 0.519852 0.519852 0.519852 0.519852 0.519852 0.519852 0.519852 0.519852 0.519852 0.519852 0.519852 0.519852 0.519852 0.519852 0.519852 0.519852 0.519852 0.519852 0.519852 0.519852 0.519852 0.519852 0.519852 0.519852 0.519852 0.519852 0.519852 0.519852 0.519852 0.519852 0.519852 0.519852 0.519852 0.519852 0.519852 0.519852 0.519852 0.519852 0.519852 0.519852 0.519852 0.519852 0.519852 0.519852 0.519852 0.519852 0.519852 0.519852 0.519852 0.519852 0.519852 0.519852 0.519852 0.519852 0.519852 0.519852 0.519852 0.519852 0.519852 0.519852 0.519852 0.46 0.519852 0.519852 0.519852 0.519852 0.519852 0.519852 0.519852 0.519852 0.519852 0.511957 0.519852 0.519852 0.519852 0.519852 0.519852 0.519852 0.519852 0.519852 0.519852 0.46 0.519852 0.519852 0.519852 0.519852 0.519852 0.519852 0.519852 0.519852 0.519852 0.515668 0.519852 0.519852 0.519852 0.519852 0.519852 0.519852 0.519852 0.519852 0.519852 0.460002 0.519852 0.519852 0.519852 0.519852 0.519852 0.519852 0.519852 0.519852 0.519852 0.46 0.519852 0.519852 0.519852 0.519852 0.519852 0.519852 0.519852 0.519852 0.519852 0.474932 0.519852 0.519852 0.519852 0.519852 0.519852 0.519852 0.519852 0.519852 0.519852 0.516211 0.519852 0.519852 0.519852 0.519852 0.519852 0.519852 0.519852 0.519852 0.519852 0.465426 0.519852 0.519852 0.519852 0.519852 0.519852 0.519852 0.519852 0.519852 0.519852 0.460484 0.519852 0.519852 0.519852 0.46 0.519852 0.519852 0.515749 0.519852 0.519852 0.519852 0.519852 0.519852 0.519852 0.462642 0.519852 0.519852 0.519707 0.519852 0.519852 0.519852 0.519852 0.519852 0.519852 0.460034 0.519852 0.519852 0.46 0.519852 0.519852 0.519852 0.519852 0.519852 0.519852 0.46 0.519852 0.519852 0.46 0.519852 0.519852 0.519852 0.519852 0.519852 0.519852 0.46 0.519852 0.519852 0.460001 0.519852 0.519852 0.519852 0.519852 0.519852 0.519852 0.46 0.519852 0.519852 0.46 0.519852 0.519852 0.519852 0.519852 0.519852 0.519852 0.46 0.519852 0.519852 0.506246 0.519852 0.519852 0.519852 0.519852 0.519852 0.519852 0.46 0.519852 0.519852 0.496849 0.519852 0.519852 0.519852 0.519852 0.519852 0.519852 0.51823 0.519852 0.519852 0.46 0.519852 0.519852 0.519852 0.519852 0.519852 0.519852 0.518897 0.519852 0.519852 0.46 0.519852 0.519852 0.519852 0.519852 0.519852 0.519852 0.519852 0.519852 0.519852 0.519852 0.519852 0.519852 0.519852 0.519852 0.519852 0.519852 0.519852 0.519852 0.519852 0.519852 0.519852 0.519852 0.519852 0.519852 0.519852 0.519852 0.519852 0.519852 0.519852 0.519852 0.519852 0.519852 0.519852 0.519852 0.519852 0.519852 0.519852 0.519852 0.519852 0.519852 0.519852 0.519852 0.519852 0.519852 0.519852 0.519852 0.519852 0.519852 0.519852 0.519852 0.519852 0.519852 0.519852 0.519852 0.519852 0.519852 0.519852 0.519852 0.519852 0.519852 0.519852 0.519852 0.519852 0.519852 0.519852 0.519852 0.519852 0.519852 0.519852 0.519852 0.519852 0.519852 0.519852 0.519852 0.519852 0.519852 0.519852 0.519852 0.519852 0.519852 0.519852 0.519852 0.519852 0.519852 0.519852 0.519852 0.519852 0.519852 0.519852 0.519852 0.519852 0.519852 0.519852 0.519852 0.519852 0.519852 0.519852 0.519852 0.519852 0.519852 0.519852 0.519852 0.519852 0.519852 0.519852 0.519852 0.519852 0.519852 0.519852 0.519852 0.519852 0.519852 0.46 0.519852 0.519852 0.519852 0.519852 0.519852 0.519852 0.519852 0.519852 0.519852 0.51966 0.519852 0.519852 0.519852 0.519852 0.519852 0.519852 0.519852 0.519852 0.519852 0.460002 0.519852 0.519852 0.519852 0.519852 0.519852 0.519852 0.519852 0.519852 0.519852 0.46 0.519852 0.519852 0.519852 0.519852 0.519852 0.519852 0.519852 0.519852 0.519852 0.515569 0.519852 0.519852 0.519852 0.519852 0.519852 0.519852 0.519852 0.519852 0.519852 0.46 0.519852 0.519852 0.519852 0.519852 0.519852 0.519852 0.519852 0.519852 0.519852 0.46 0.519852 0.519852 0.519852 0.519852 0.519852 0.519852 0.519852 0.519852 0.519852 0.510961 0.519852 0.519852 0.519852 0.519852 0.519852 0.519852 0.519852 0.519852 0.519852 0.46 0.519852 0.519852 0.519852 0.519852 0.519852 0.519852 0.519852 0.519852 0.519852 0.46002 0.519852 0.519852 0.519852 0.46 0.519852 0.519852 0.460195 0.519852 0.519852 0.519852 0.519852 0.519852 0.519852 0.460012 0.519852 0.519852 0.460001 0.519852 0.519852 0.519852 0.519852 0.519852 0.519852 0.46 0.519852 0.519852 0.46 0.519852 0.519852 0.519852 0.519852 0.519852 0.519852 0.494111 0.519852 0.519852 0.46 0.519852 0.519852 0.519852 0.519852 0.519852 0.519852 0.519137 0.519852 0.519852 0.463665 0.519852 0.519852 0.519852 0.519852 0.519852 0.519852 0.460853 0.519852 0.519852 0.46 0.519852 0.519852 0.519852 0.519852 0.519852 0.519852 0.519657 0.519852 0.519852 0.516146 0.519852 0.519852 0.519852 0.519852 0.519852 0.519852 0.460001 0.519852 0.519852 0.510705 0.519852 0.519852 0.519852 0.519852 0.519852 0.519852 0.51005 0.519852 0.519852 0.499876 0.519852 0.519852 0.519852 0.519852 0.519852 0.519852 0.46 0.519852 0.519852 0.51905 0.519852 0.519852 0.519852 0.519852 0.519852 0.519852 0.519852 0.519852 0.519852 0.519852 0.519852 0.519852 0.519852 0.519852 0.519852 0.519852 0.519852 0.519852 0.519852 0.519852 0.519852 0.519852 0.519852 0.519852 0.519852 0.519852 0.519852 0.519852 0.519852 0.519852 0.519852 0.519852 0.519852 0.519852 0.519852 0.519852 0.519852 0.519852 0.519852 0.519852 0.519852 0.519852 0.519852 0.519852 0.519852 0.519852 0.519852 0.519852 0.519852 0.519852 0.519852 0.519852 0.519852 0.519852 0.519852 0.519852 0.519852 0.519852 0.519852 0.519852 0.519852 0.519852 0.519852 0.519852 0.519852 0.519852 0.519852 0.519852 0.519852 0.519852 0.519852 0.519852 0.519852 0.519852 0.519852 0.519852 0.519852 0.519852 0.519852 0.519852 0.519852 0.519852 0.519852 0.519852 0.519852 0.519852 0.519852 0.519852 0.519852 0.519852 0.519852 0.519852 0.519852 0.519852 0.519852 0.519852 0.519852 0.519852 0.519852 0.519852 0.519852 0.519852 0.519852 0.519852 0.519852 0.519852 0.519852 0.519852 0.519852 0.519852 0.519852 0.519852 0.518152 0.519852 0.519852 0.519852 0.519852 0.519852 0.519852 0.519852 0.519852 0.519852 0.516056 0.519852 0.519852 0.519852 0.519852 0.519852 0.519852 0.519852 0.519852 0.519852 0.460525 0.519852 0.519852 0.519852 0.519852 0.519852 0.519852 0.519852 0.519852 0.519852 0.46 0.519852 0.519852 0.519852 0.519852 0.519852 0.519852 0.519852 0.519852 0.519852 0.460028 0.519852 0.519852 0.519852 0.519852 0.519852 0.519852 0.519852 0.519852 0.519852 0.46 0.519852 0.519852 0.519852 0.519852 0.519852 0.519852 0.519852 0.519852 0.519852 0.516174 0.519852 0.519852 0.519852 0.519852 0.519852 0.519852 0.519852 0.519852 0.519852 0.514831 0.519852 0.519852 0.519852 0.519852 0.519852 0.519852 0.519852 0.519852 0.519852 0.46 0.519852 0.519852 0.519852 0.519852 0.519852 0.519852 0.519852 0.519852 0.519852 0.460115 0.519852 0.519852 0.519852 0.519852 0.519852 0.519852 0.519852 0.519852 0.519852 0.460001 0.519852 0.519852 0.519852 0.519852 0.519852 0.519852 0.519852 0.519852 0.519852 0.509582 0.519852 0.519852 0.519852 0.519852 0.519852 0.519852 0.519852 0.519852 0.519852 0.513852 0.519852 0.519852 0.519852 0.519852 0.519852 0.519852 0.519852 0.519852 0.519852 0.460001 0.519852 0.519852 0.519852 0.519852 0.519852 0.519852 0.519852 0.519852 0.519852 0.47004 0.519852 0.519852 0.519852 0.519852 0.519852 0.519852 0.519852 0.519852 0.519852 0.519608 0.519852 0.519852 0.519852 0.519852 0.519852 0.519852 0.519852 0.519852 0.519852 0.46 0.519852 0.519852 0.519852 0.519852 0.519852 0.519852 0.519852 0.519852 0.519852 0.460004 0.519852 0.519852 0.519852 0.519852 0.519852 0.519852 0.519852 0.519852 0.519852 0.46 0.519852 0.519852 0.519852 0.519852 0.519852 0.519852 0.519852 0.519852 0.519852 0.460072 0.519852 0.519852 0.519852 0.460816 0.519852 0.519852 0.516422 0.519852 0.519852 0.519852 0.519852 0.519852 0.519852 0.519601 0.519852 0.519852 0.46 0.519852 0.519852 0.519852 0.519852 0.519852 0.519852 0.460374 0.519852 0.519852 0.480232 0.519852 0.519852 0.519852 0.519852 0.519852 0.519852 0.460973 0.519852 0.519852 0.46 0.519852 0.519852 0.519852 0.519852 0.519852 0.519852 0.505569 0.519852 0.519852 0.460009 0.519852 0.519852 0.519852 0.519852 0.519852 0.519852 0.46 0.519852 0.519852 0.46 0.519852 0.519852 0.519852 0.519852 0.519852 0.519852 0.460001 0.519852 0.519852 0.462075 0.519852 0.519852 0.519852 0.519852 0.519852 0.519852 0.460409 0.519852 0.519852 0.517041 0.519852 0.519852 0.519852 0.519852 0.519852 0.519852 0.46 0.519852 0.519852 0.510529 0.519852 0.519852 0.519852 0.519852 0.519852 0.519852 0.460005 0.519852 0.519852 0.460818 0.519852 0.519852 0.519852 0.519852 0.519852 0.519852 0.519852 0.519852 0.519852 0.519852 0.519852 0.519852 0.519852 0.519852 0.519852 0.519852 0.519852 0.519852 0.519852 0.519852 0.519852 0.519852 0.519852 0.519852 0.519852 0.519852 0.519852 0.519852 0.519852 0.519852 0.519852 0.519852 0.519852 0.519852 0.519852 0.519852 0.519852 0.519852 0.519852 0.519852 0.519852 0.519852 0.519852 0.519852 0.519852 0.519852 0.519852 0.519852 0.519852 0.519852 0.519852 0.519852 0.519852 0.519852 0.519852 0.519852 0.519852 0.519852 0.519852 0.519852 0.519852 0.519852 0.519852 0.519852 0.519852 0.519852 0.519852 0.519852 0.519852 0.519852 0.519852 0.519852 0.519852 0.519852 0.519852 0.519852 0.519852 0.519852 0.519852 0.519852 0.519852 0.519852 0.519852 0.519852 0.519852 0.519852 0.519852 0.519852 0.519852 0.519852 0.519852 0.519852 0.519852 0.519852 0.519852 0.519852 0.519852 0.519852 0.519852 0.519852 0.519852 0.519852 0.519852 0.519852 0.519852 0.519852 0.519852 0.519852 0.519852 0.519852 0.519852 0.519852 0.460014 0.519852 0.519852 0.519852 0.519852 0.519852 0.519852 0.519852 0.519852 0.519852 0.516808 0.519852 0.519852 0.519852 0.519852 0.519852 0.519852 0.519852 0.519852 0.519852 0.466993 0.519852 0.519852 0.519852 0.519852 0.519852 0.519852 0.519852 0.519852 0.519852 0.460072 0.519852 0.519852 0.519852 0.519852 0.519852 0.519852 0.519852 0.519852 0.519852 0.479165 0.519852 0.519852 0.519852 0.519852 0.519852 0.519852 0.519852 0.519852 0.519852 0.51954 0.519852 0.519852 0.519852 0.519852 0.519852 0.519852 0.519852 0.519852 0.519852 0.46 0.519852 0.519852 0.519852 0.519852 0.519852 0.519852 0.519852 0.519852 0.519852 0.519633 0.519852 0.519852 0.519852 0.519852 0.519852 0.519852 0.519852 0.519852 0.519852 0.46 0.519852 0.519852 0.519852 0.519852 0.519852 0.519852 0.519852 0.519852 0.519852 0.46 0.519852 0.519852 0.519852 0.46 0.519852 0.519852 0.51976 0.519852 0.519852 0.519852 0.519852 0.519852 0.519852 0.462893 0.519852 0.519852 0.460166 0.519852 0.519852 0.519852 0.519852 0.519852 0.519852 0.461891 0.519852 0.519852 0.46 0.519852 0.519852 0.519852 0.519852 0.519852 0.519852 0.46 0.519852 0.519852 0.483805 0.519852 0.519852 0.519852 0.519852 0.519852 0.519852 0.51243 0.519852 0.519852 0.519056 0.519852 0.519852 0.519852 0.519852 0.519852 0.519852 0.517892 0.519852 0.519852 0.46 0.519852 0.519852 0.519852 0.519852 0.519852 0.519852 0.46 0.519852 0.519852 0.46 0.519852 0.519852 0.519852 0.519852 0.519852 0.519852 0.46 0.519852 0.519852 0.462612 0.519852 0.519852 0.519852 0.519852 0.519852 0.519852 0.46 0.519852 0.519852 0.46 0.519852 0.519852 0.519852 0.519852 0.519852 0.519852 0.496356 0.519852 0.519852 0.460074 0.519852 0.519852 0.519852 0.519852 0.519852 0.519852 0.519852 0.519852 0.519852 0.519852 0.519852 0.519852 0.519852 0.519852 0.519852 0.519852 0.519852 0.519852 0.519852 0.519852 0.519852 0.519852 0.519852 0.519852 0.519852 0.519852 0.519852 0.519852 0.519852 0.519852 0.519852 0.519852 0.519852 0.519852 0.519852 0.519852 0.519852 0.519852 0.519852 0.519852 0.519852 0.519852 0.519852 0.519852 0.519852 0.519852 0.519852 0.519852 0.519852 0.519852 0.519852 0.519852 0.519852 0.519852 0.519852 0.519852 0.519852 0.519852 0.519852 0.519852 0.519852 0.519852 0.519852 0.519852 0.519852 0.519852 0.519852 0.519852 0.519852 0.519852 0.519852 0.519852 0.519852 0.519852 0.519852 0.519852 0.519852 0.519852 0.519852 0.519852 0.519852 0.519852 0.519852 0.519852 0.519852 0.519852 0.519852 0.519852 0.519852 0.519852 0.519852 0.519852 0.519852 0.519852 0.519852 0.519852 0.519852 0.519852 0.519852 0.519852 0.519852 0.519852 0.519852 0.519852 0.519852 0.519852 0.519852 0.519852 0.519852 0.519852 0.519852 0.519852 0.46 0.519852 0.519852 0.519852 0.519852 0.519852 0.519852 0.519852 0.519852 0.519852 0.515633 0.519852 0.519852 0.519852 0.519852 0.519852 0.519852 0.519852 0.519852 0.519852 0.519536 0.519852 0.519852 0.519852 0.519852 0.519852 0.519852 0.519852 0.519852 0.519852 0.460105 0.519852 0.519852 0.519852 0.519852 0.519852 0.519852 0.519852 0.519852 0.519852 0.46 0.519852 0.519852 0.519852 0.519852 0.519852 0.519852 0.519852 0.519852 0.519852 0.46 0.519852 0.519852 0.519852 0.519852 0.519852 0.519852 0.519852 0.519852 0.519852 0.519495 0.519852 0.519852 0.519852 0.519852 0.519852 0.519852 0.519852 0.519852 0.519852 0.46 0.519852 0.519852 0.519852 0.519852 0.519852 0.519852 0.519852 0.519852 0.519852 0.46 0.519852 0.519852 0.519852 0.519852 0.519852 0.519852 0.519852 0.519852 0.519852 0.46 0.519852 0.519852 0.519852 0.50663 0.519852 0.519852 0.519664 0.519852 0.519852 0.519852 0.519852 0.519852 0.519852 0.519003 0.519852 0.519852 0.519773 0.519852 0.519852 0.519852 0.519852 0.519852 0.519852 0.460075 0.519852 0.519852 0.46 0.519852 0.519852 0.519852 0.519852 0.519852 0.519852 0.519804 0.519852 0.519852 0.476142 0.519852 0.519852 0.519852 0.519852 0.519852 0.519852 0.460003 0.519852 0.519852 0.519075 0.519852 0.519852 0.519852 0.519852 0.519852 0.519852 0.46 0.519852 0.519852 0.46 0.519852 0.519852 0.519852 0.519852 0.519852 0.519852 0.518141 0.519852 0.519852 0.518861 0.519852 0.519852 0.519852 0.519852 0.519852 0.519852 0.46008 0.519852 0.519852 0.46 0.519852 0.519852 0.519852 0.519852 0.519852 0.519852 0.464485 0.519852 0.519852 0.46 0.519852 0.519852 0.519852 0.519852 0.519852 0.519852 0.46017 0.519852 0.519852 0.46 0.519852 0.519852 0.519852 0.519852 0.519852 0.519852 0.519852 0.519852 0.519852 0.519852 0.519852 0.519852 0.519852 0.519852 0.519852 0.519852 0.519852 0.519852 0.519852 0.519852 0.519852 0.519852 0.519852 0.519852 0.519852 0.519852 0.519852 0.519852 0.519852 0.519852 0.519852 0.519852 0.519852 0.519852 0.519852 0.519852 0.519852 0.519852 0.519852 0.519852 0.519852 0.519852 0.519852 0.519852 0.519852 0.519852 0.519852 0.519852 0.519852 0.519852 0.519852 0.519852 0.519852 0.519852 0.519852 0.519852 0.519852 0.519852 0.519852 0.519852 0.519852 0.519852 0.519852 0.519852 0.519852 0.519852 0.519852 0.519852 0.519852 0.519852 0.519852 0.519852 0.519852 0.519852 0.519852 0.519852 0.519852 0.519852 0.519852 0.519852 0.519852 0.519852 0.519852 0.519852 0.519852 0.519852 0.519852 0.519852 0.519852 0.519852 0.519852 0.519852 0.519852 0.519852 0.519852 0.519852 0.519852 0.519852 0.519852 0.519852 0.519852 0.519852 0.519852 0.519852 0.519852 0.519852 0.519852 0.519852 0.519852 0.519852 0.519852 0.519852 0.504021 0.519852 0.519852 0.519852 0.519852 0.519852 0.519852 0.519852 0.519852 0.519852 0.512375 0.519852 0.519852 0.519852 0.519852 0.519852 0.519852 0.519852 0.519852 0.519852 0.460001 0.519852 0.519852 0.519852 0.519852 0.519852 0.519852 0.519852 0.519852 0.519852 0.460223 0.519852 0.519852 0.519852 0.519852 0.519852 0.519852 0.519852 0.519852 0.519852 0.460001 0.519852 0.519852 0.519852 0.519852 0.519852 0.519852 0.519852 0.519852 0.519852 0.460015 0.519852 0.519852 0.519852 0.519852 0.519852 0.519852 0.519852 0.519852 0.519852 0.505719 0.519852 0.519852 0.519852 0.519852 0.519852 0.519852 0.519852 0.519852 0.519852 0.46 0.519852 0.519852 0.519852 0.519852 0.519852 0.519852 0.519852 0.519852 0.519852 0.46 0.519852 0.519852 0.519852 0.519852 0.519852 0.519852 0.519852 0.519852 0.519852 0.465489 0.519852 0.519852 0.519852 0.519852 0.519852 0.519852 0.519852 0.519852 0.519852 0.46 0.519852 0.519852 0.519852 0.519852 0.519852 0.519852 0.519852 0.519852 0.519852 0.461421 0.519852 0.519852 0.519852 0.519852 0.519852 0.519852 0.519852 0.519852 0.519852 0.46 0.519852 0.519852 0.519852 0.519852 0.519852 0.519852 0.519852 0.519852 0.519852 0.46 0.519852 0.519852 0.519852 0.519852 0.519852 0.519852 0.519852 0.519852 0.519852 0.460001 0.519852 0.519852 0.519852 0.519852 0.519852 0.519852 0.519852 0.519852 0.519852 0.509643 0.519852 0.519852 0.519852 0.519852 0.519852 0.519852 0.519852 0.519852 0.519852 0.46 0.519852 0.519852 0.519852 0.519852 0.519852 0.519852 0.519852 0.519852 0.519852 0.46 0.519852 0.519852 0.519852 0.519852 0.519852 0.519852 0.519852 0.519852 0.519852 0.460001 0.519852 0.519852 0.519852 0.519852 0.519852 0.519852 0.519852 0.519852 0.519852 0.480591 0.519852 0.519852 0.519852 0.479548 0.519852 0.519852 0.46019 0.519852 0.519852 0.519852 0.519852 0.519852 0.519852 0.460014 0.519852 0.519852 0.481854 0.519852 0.519852 0.519852 0.519852 0.519852 0.519852 0.460001 0.519852 0.519852 0.519655 0.519852 0.519852 0.519852 0.519852 0.519852 0.519852 0.517799 0.519852 0.519852 0.507158 0.519852 0.519852 0.519852 0.519852 0.519852 0.519852 0.46 0.519852 0.519852 0.519283 0.519852 0.519852 0.519852 0.519852 0.519852 0.519852 0.51944 0.519852 0.519852 0.519163 0.519852 0.519852 0.519852 0.519852 0.519852 0.519852 0.460327 0.519852 0.519852 0.468117 0.519852 0.519852 0.519852 0.519852 0.519852 0.519852 0.46 0.519852 0.519852 0.460027 0.519852 0.519852 0.519852 0.519852 0.519852 0.519852 0.518245 0.519852 0.519852 0.510818 0.519852 0.519852 0.519852 0.519852 0.519852 0.519852 0.517717 0.519852 0.519852 0.477896 0.519852 0.519852 0.519852 0.519852 0.519852 0.519852 0.519852 0.519852 0.519852 0.519852 0.519852 0.519852 0.519852 0.519852 0.519852 0.519852 0.519852 0.519852 0.519852 0.519852 0.519852 0.519852 0.519852 0.519852 0.519852 0.519852 0.519852 0.519852 0.519852 0.519852 0.519852 0.519852 0.519852 0.519852 0.519852 0.519852 0.519852 0.519852 0.519852 0.519852 0.519852 0.519852 0.519852 0.519852 0.519852 0.519852 0.519852 0.519852 0.519852 0.519852 0.519852 0.519852 0.519852 0.519852 0.519852 0.519852 0.519852 0.519852 0.519852 0.519852 0.519852 0.519852 0.519852 0.519852 0.519852 0.519852 0.519852 0.519852 0.519852 0.519852 0.519852 0.519852 0.519852 0.519852 0.519852 0.519852 0.519852 0.519852 0.519852 0.519852 0.519852 0.519852 0.519852 0.519852 0.519852 0.519852 0.519852 0.519852 0.519852 0.519852 0.519852 0.519852 0.519852 0.519852 0.519852 0.519852 0.519852 0.519852 0.519852 0.519852 0.519852 0.519852 0.519852 0.519852 0.519852 0.519852 0.519852 0.519852 0.519852 0.519852 0.519852 0.519852 0.469503 0.519852 0.519852 0.519852 0.519852 0.519852 0.519852 0.519852 0.519852 0.519852 0.464391 0.519852 0.519852 0.519852 0.519852 0.519852 0.519852 0.519852 0.519852 0.519852 0.46 0.519852 0.519852 0.519852 0.519852 0.519852 0.519852 0.519852 0.519852 0.519852 0.46 0.519852 0.519852 0.519852 0.519852 0.519852 0.519852 0.519852 0.519852 0.519852 0.460002 0.519852 0.519852 0.519852 0.519852 0.519852 0.519852 0.519852 0.519852 0.519852 0.46 0.519852 0.519852 0.519852 0.519852 0.519852 0.519852 0.519852 0.519852 0.519852 0.519067 0.519852 0.519852 0.519852 0.519852 0.519852 0.519852 0.519852 0.519852 0.519852 0.477591 0.519852 0.519852 0.519852 0.519852 0.519852 0.519852 0.519852 0.519852 0.519852 0.46 0.519852 0.519852 0.519852 0.519852 0.519852 0.519852 0.519852 0.519852 0.519852 0.519592 0.519852 0.519852 0.519852 0.474274 0.519852 0.519852 0.460052 0.519852 0.519852 0.519852 0.519852 0.519852 0.519852 0.513279 0.519852 0.519852 0.517597 0.519852 0.519852 0.519852 0.519852 0.519852 0.519852 0.460003 0.519852 0.519852 0.460058 0.519852 0.519852 0.519852 0.519852 0.519852 0.519852 0.487645 0.519852 0.519852 0.518594 0.519852 0.519852 0.519852 0.519852 0.519852 0.519852 0.46 0.519852 0.519852 0.46 0.519852 0.519852 0.519852 0.519852 0.519852 0.519852 0.46 0.519852 0.519852 0.46 0.519852 0.519852 0.519852 0.519852 0.519852 0.519852 0.46 0.519852 0.519852 0.46 0.519852 0.519852 0.519852 0.519852 0.519852 0.519852 0.460495 0.519852 0.519852 0.46 0.519852 0.519852 0.519852 0.519852 0.519852 0.519852 0.46 0.519852 0.519852 0.519339 0.519852 0.519852 0.519852 0.519852 0.519852 0.519852 0.46 0.519852 0.519852 0.504478 0.519852 0.519852 0.519852 0.519852 0.519852 0.519852 0.519852 0.519852 0.519852 0.519852 0.519852 0.519852 0.519852 0.519852 0.519852 0.519852 0.519852 0.519852 0.519852 0.519852 0.519852 0.519852 0.519852 0.519852 0.519852 0.519852 0.519852 0.519852 0.519852 0.519852 0.519852 0.519852 0.519852 0.519852 0.519852 0.519852 0.519852 0.519852 0.519852 0.519852 0.519852 0.519852 0.519852 0.519852 0.519852 0.519852 0.519852 0.519852 0.519852 0.519852 0.519852 0.519852 0.519852 0.519852 0.519852 0.519852 0.519852 0.519852 0.519852 0.519852 0.519852 0.519852 0.519852 0.519852 0.519852 0.519852 0.519852 0.519852 0.519852 0.519852 0.519852 0.519852 0.519852 0.519852 0.519852 0.519852 0.519852 0.519852 0.519852 0.519852 0.519852 0.519852 0.519852 0.519852 0.519852 0.519852 0.519852 0.519852 0.519852 0.519852 0.519852 0.519852 0.519852 0.519852 0.519852 0.519852 0.519852 0.519852 0.519852 0.519852 0.519852 0.519852 0.519852 0.519852 0.519852 0.519852 0.519852 0.519852 0.519852 0.519852 0.519852 0.519852 0.46 0.519852 0.519852 0.519852 0.519852 0.519852 0.519852 0.519852 0.519852 0.519852 0.500136 0.519852 0.519852 0.519852 0.519852 0.519852 0.519852 0.519852 0.519852 0.519852 0.517003 0.519852 0.519852 0.519852 0.519852 0.519852 0.519852 0.519852 0.519852 0.519852 0.515732 0.519852 0.519852 0.519852 0.519852 0.519852 0.519852 0.519852 0.519852 0.519852 0.461291 0.519852 0.519852 0.519852 0.519852 0.519852 0.519852 0.519852 0.519852 0.519852 0.519733 0.519852 0.519852 0.519852 0.519852 0.519852 0.519852 0.519852 0.519852 0.519852 0.517721 0.519852 0.519852 0.519852 0.519852 0.519852 0.519852 0.519852 0.519852 0.519852 0.46011 0.519852 0.519852 0.519852 0.519852 0.519852 0.519852 0.519852 0.519852 0.519852 0.519578 0.519852 0.519852 0.519852 0.519852 0.519852 0.519852 0.519852 0.519852 0.519852 0.46 0.519852 0.519852 0.519852 0.46 0.519852 0.519852 0.46 0.519852 0.519852 0.519852 0.519852 0.519852 0.519852 0.460003 0.519852 0.519852 0.46 0.519852 0.519852 0.519852 0.519852 0.519852 0.519852 0.494308 0.519852 0.519852 0.515746 0.519852 0.519852 0.519852 0.519852 0.519852 0.519852 0.51831 0.519852 0.519852 0.519787 0.519852 0.519852 0.519852 0.519852 0.519852 0.519852 0.460001 0.519852 0.519852 0.519212 0.519852 0.519852 0.519852 0.519852 0.519852 0.519852 0.460007 0.519852 0.519852 0.504084 0.519852 0.519852 0.519852 0.519852 0.519852 0.519852 0.46 0.519852 0.519852 0.46 0.519852 0.519852 0.519852 0.519852 0.519852 0.519852 0.46 0.519852 0.519852 0.515672 0.519852 0.519852 0.519852 0.519852 0.519852 0.519852 0.46 0.519852 0.519852 0.46 0.519852 0.519852 0.519852 0.519852 0.519852 0.519852 0.479176 0.519852 0.519852 0.461021 0.519852 0.519852 0.519852 0.519852 0.519852 0.519852 0.519852 0.519852 0.519852 0.519852 0.519852 0.519852 0.519852 0.519852 0.519852 0.519852 0.519852 0.519852 0.519852 0.519852 0.519852 0.519852 0.519852 0.519852 0.519852 0.519852 0.519852 0.519852 0.519852 0.519852 0.519852 0.519852 0.519852 0.519852 0.519852 0.519852 0.519852 0.519852 0.519852 0.519852 0.519852 0.519852 0.519852 0.519852 0.519852 0.519852 0.519852 0.519852 0.519852 0.519852 0.519852 0.519852 0.519852 0.519852 0.519852 0.519852 0.519852 0.519852 0.519852 0.519852 0.519852 0.519852 0.519852 0.519852 0.519852 0.519852 0.519852 0.519852 0.519852 0.519852 0.519852 0.519852 0.519852 0.519852 0.519852 0.519852 0.519852 0.519852 0.519852 0.519852 0.519852 0.519852 0.519852 0.519852 0.519852 0.519852 0.519852 0.519852 0.519852 0.519852 0.519852 0.519852 0.519852 0.519852 0.519852 0.519852 0.519852 0.519852 0.519852 0.519852 0.519852 0.519852 0.519852 0.519852 0.519852 0.519852 0.519852 0.519852 0.519852 0.519852 0.519852 0.519852 0.465235 0.519852 0.519852 0.519852 0.519852 0.519852 0.519852 0.519852 0.519852 0.519852 0.491781 0.519852 0.519852 0.519852 0.519852 0.519852 0.519852 0.519852 0.519852 0.519852 0.46 0.519852 0.519852 0.519852 0.519852 0.519852 0.519852 0.519852 0.519852 0.519852 0.508869 0.519852 0.519852 0.519852 0.519852 0.519852 0.519852 0.519852 0.519852 0.519852 0.46 0.519852 0.519852 0.519852 0.519852 0.519852 0.519852 0.519852 0.519852 0.519852 0.460052 0.519852 0.519852 0.519852 0.519852 0.519852 0.519852 0.519852 0.519852 0.519852 0.485 0.519852 0.519852 0.519852 0.519852 0.519852 0.519852 0.519852 0.519852 0.519852 0.518696 0.519852 0.519852 0.519852 0.519852 0.519852 0.519852 0.519852 0.519852 0.519852 0.476302 0.519852 0.519852 0.519852 0.519852 0.519852 0.519852 0.519852 0.519852 0.519852 0.460035 0.519852 0.519852 0.519852 0.519852 0.519852 0.519852 0.519852 0.519852 0.519852 0.470609 0.519852 0.519852 0.519852 0.519852 0.519852 0.519852 0.519852 0.519852 0.519852 0.5194 0.519852 0.519852 0.519852 0.519852 0.519852 0.519852 0.519852 0.519852 0.519852 0.467052 0.519852 0.519852 0.519852 0.519852 0.519852 0.519852 0.519852 0.519852 0.519852 0.466658 0.519852 0.519852 0.519852 0.519852 0.519852 0.519852 0.519852 0.519852 0.519852 0.466208 0.519852 0.519852 0.519852 0.519852 0.519852 0.519852 0.519852 0.519852 0.519852 0.460002 0.519852 0.519852 0.519852 0.519852 0.519852 0.519852 0.519852 0.519852 0.519852 0.461907 0.519852 0.519852 0.519852 0.519852 0.519852 0.519852 0.519852 0.519852 0.519852 0.46 0.519852 0.519852 0.519852 0.519852 0.519852 0.519852 0.519852 0.519852 0.519852 0.46 0.519852 0.519852 0.519852 0.519852 0.519852 0.519852 0.519852 0.519852 0.519852 0.460078 0.519852 0.519852 0.519852 0.516966 0.519852 0.519852 0.460009 0.519852 0.519852 0.519852 0.519852 0.519852 0.519852 0.46 0.519852 0.519852 0.460267 0.519852 0.519852 0.519852 0.519852 0.519852 0.519852 0.506112 0.519852 0.519852 0.494702 0.519852 0.519852 0.519852 0.519852 0.519852 0.519852 0.46 0.519852 0.519852 0.492083 0.519852 0.519852 0.519852 0.519852 0.519852 0.519852 0.517672 0.519852 0.519852 0.46 0.519852 0.519852 0.519852 0.519852 0.519852 0.519852 0.460001 0.519852 0.519852 0.464782 0.519852 0.519852 0.519852 0.519852 0.519852 0.519852 0.506876 0.519852 0.519852 0.509199 0.519852 0.519852 0.519852 0.519852 0.519852 0.519852 0.517559 0.519852 0.519852 0.46 0.519852 0.519852 0.519852 0.519852 0.519852 0.519852 0.516387 0.519852 0.519852 0.460181 0.519852 0.519852 0.519852 0.519852 0.519852 0.519852 0.46 0.519852 0.519852 0.47406 0.519852 0.519852 0.519852 0.519852 0.519852 0.519852 0.519852 0.519852 0.519852 0.519852 0.519852 0.519852 0.519852 0.519852 0.519852 0.519852 0.519852 0.519852 0.519852 0.519852 0.519852 0.519852 0.519852 0.519852 0.519852 0.519852 0.519852 0.519852 0.519852 0.519852 0.519852 0.519852 0.519852 0.519852 0.519852 0.519852 0.519852 0.519852 0.519852 0.519852 0.519852 0.519852 0.519852 0.519852 0.519852 0.519852 0.519852 0.519852 0.519852 0.519852 0.519852 0.519852 0.519852 0.519852 0.519852 0.519852 0.519852 0.519852 0.519852 0.519852 0.519852 0.519852 0.519852 0.519852 0.519852 0.519852 0.519852 0.519852 0.519852 0.519852 0.519852 0.519852 0.519852 0.519852 0.519852 0.519852 0.519852 0.519852 0.519852 0.519852 0.519852 0.519852 0.519852 0.519852 0.519852 0.519852 0.519852 0.519852 0.519852 0.519852 0.519852 0.519852 0.519852 0.519852 0.519852 0.519852 0.519852 0.519852 0.519852 0.519852 0.519852 0.519852 0.519852 0.519852 0.519852 0.519852 0.519852 0.519852 0.519852 0.519852 0.519852 0.519852 0.47052 0.519852 0.519852 0.519852 0.519852 0.519852 0.519852 0.519852 0.519852 0.519852 0.460001 0.519852 0.519852 0.519852 0.519852 0.519852 0.519852 0.519852 0.519852 0.519852 0.462962 0.519852 0.519852 0.519852 0.519852 0.519852 0.519852 0.519852 0.519852 0.519852 0.46 0.519852 0.519852 0.519852 0.519852 0.519852 0.519852 0.519852 0.519852 0.519852 0.519404 0.519852 0.519852 0.519852 0.519852 0.519852 0.519852 0.519852 0.519852 0.519852 0.472023 0.519852 0.519852 0.519852 0.519852 0.519852 0.519852 0.519852 0.519852 0.519852 0.519536 0.519852 0.519852 0.519852 0.519852 0.519852 0.519852 0.519852 0.519852 0.519852 0.518821 0.519852 0.519852 0.519852 0.519852 0.519852 0.519852 0.519852 0.519852 0.519852 0.460002 0.519852 0.519852 0.519852 0.519852 0.519852 0.519852 0.519852 0.519852 0.519852 0.519153 0.519852 0.519852 0.519852 0.460009 0.519852 0.519852 0.46 0.519852 0.519852 0.519852 0.519852 0.519852 0.519852 0.46 0.519852 0.519852 0.518709 0.519852 0.519852 0.519852 0.519852 0.519852 0.519852 0.46 0.519852 0.519852 0.46 0.519852 0.519852 0.519852 0.519852 0.519852 0.519852 0.517027 0.519852 0.519852 0.46 0.519852 0.519852 0.519852 0.519852 0.519852 0.519852 0.460151 0.519852 0.519852 0.461581 0.519852 0.519852 0.519852 0.519852 0.519852 0.519852 0.46 0.519852 0.519852 0.519724 0.519852 0.519852 0.519852 0.519852 0.519852 0.519852 0.471392 0.519852 0.519852 0.461496 0.519852 0.519852 0.519852 0.519852 0.519852 0.519852 0.518202 0.519852 0.519852 0.496057 0.519852 0.519852 0.519852 0.519852 0.519852 0.519852 0.519206 0.519852 0.519852 0.460424 0.519852 0.519852 0.519852 0.519852 0.519852 0.519852 0.46 0.519852 0.519852 0.474566 0.519852 0.519852 0.519852 0.519852 0.519852 0.519852 0.519852 0.519852 0.519852 0.519852 0.519852 0.519852 0.519852 0.519852 0.519852 0.519852 0.519852 0.519852 0.519852 0.519852 0.519852 0.519852 0.519852 0.519852 0.519852 0.519852 0.519852 0.519852 0.519852 0.519852 0.519852 0.519852 0.519852 0.519852 0.519852 0.519852 0.519852 0.519852 0.519852 0.519852 0.519852 0.519852 0.519852 0.519852 0.519852 0.519852 0.519852 0.519852 0.519852 0.519852 0.519852 0.519852 0.519852 0.519852 0.519852 0.519852 0.519852 0.519852 0.519852 0.519852 0.519852 0.519852 0.519852 0.519852 0.519852 0.519852 0.519852 0.519852 0.519852 0.519852 0.519852 0.519852 0.519852 0.519852 0.519852 0.519852 0.519852 0.519852 0.519852 0.519852 0.519852 0.519852 0.519852 0.519852 0.519852 0.519852 0.519852 0.519852 0.519852 0.519852 0.519852 0.519852 0.519852 0.519852 0.519852 0.519852 0.519852 0.519852 0.519852 0.519852 0.519852 0.519852 0.519852 0.519852 0.519852 0.519852 0.519852 0.519852 0.519852 0.519852 0.519852 0.519852 0.460079 0.519852 0.519852 0.519852 0.519852 0.519852 0.519852 0.519852 0.519852 0.519852 0.471714 0.519852 0.519852 0.519852 0.519852 0.519852 0.519852 0.519852 0.519852 0.519852 0.460059 0.519852 0.519852 0.519852 0.519852 0.519852 0.519852 0.519852 0.519852 0.519852 0.46 0.519852 0.519852 0.519852 0.519852 0.519852 0.519852 0.519852 0.519852 0.519852 0.46 0.519852 0.519852 0.519852 0.519852 0.519852 0.519852 0.519852 0.519852 0.519852 0.460094 0.519852 0.519852 0.519852 0.519852 0.519852 0.519852 0.519852 0.519852 0.519852 0.46 0.519852 0.519852 0.519852 0.519852 0.519852 0.519852 0.519852 0.519852 0.519852 0.460321 0.519852 0.519852 0.519852 0.519852 0.519852 0.519852 0.519852 0.519852 0.519852 0.460051 0.519852 0.519852 0.519852 0.519852 0.519852 0.519852 0.519852 0.519852 0.519852 0.46 0.519852 0.519852 0.519852 0.460007 0.519852 0.519852 0.511064 0.519852 0.519852 0.519852 0.519852 0.519852 0.519852 0.46 0.519852 0.519852 0.460395 0.519852 0.519852 0.519852 0.519852 0.519852 0.519852 0.46 0.519852 0.519852 0.519535 0.519852 0.519852 0.519852 0.519852 0.519852 0.519852 0.470382 0.519852 0.519852 0.518995 0.519852 0.519852 0.519852 0.519852 0.519852 0.519852 0.469683 0.519852 0.519852 0.46 0.519852 0.519852 0.519852 0.519852 0.519852 0.519852 0.463778 0.519852 0.519852 0.519598 0.519852 0.519852 0.519852 0.519852 0.519852 0.519852 0.460038 0.519852 0.519852 0.515314 0.519852 0.519852 0.519852 0.519852 0.519852 0.519852 0.465184 0.519852 0.519852 0.46 0.519852 0.519852 0.519852 0.519852 0.519852 0.519852 0.516734 0.519852 0.519852 0.476302 0.519852 0.519852 0.519852 0.519852 0.519852 0.519852 0.46 0.519852 0.519852 0.46 0.519852 0.519852 0.519852 0.519852 0.519852 0.519852 0.519852 0.519852 0.519852 0.519852 0.519852 0.519852 0.519852 0.519852 0.519852 0.519852 0.519852 0.519852 0.519852 0.519852 0.519852 0.519852 0.519852 0.519852 0.519852 0.519852 0.519852 0.519852 0.519852 0.519852 0.519852 0.519852 0.519852 0.519852 0.519852 0.519852 0.519852 0.519852 0.519852 0.519852 0.519852 0.519852 0.519852 0.519852 0.519852 0.519852 0.519852 0.519852 0.519852 0.519852 0.519852 0.519852 0.519852 0.519852 0.519852 0.519852 0.519852 0.519852 0.519852 0.519852 0.519852 0.519852 0.519852 0.519852 0.519852 0.519852 0.519852 0.519852 0.519852 0.519852 0.519852 0.519852 0.519852 0.519852 0.519852 0.519852 0.519852 0.519852 0.519852 0.519852 0.519852 0.519852 0.519852 0.519852 0.519852 0.519852 0.519852 0.519852 0.519852 0.519852 0.519852 0.519852 0.519852 0.519852 0.519852 0.519852 0.519852 0.519852 0.519852 0.519852 0.519852 0.519852 0.519852 0.519852 0.519852 0.519852 0.519852 0.519852 0.519852 0.519852 0.519852 0.519852 0.46 0.519852 0.519852 0.519852 0.519852 0.519852 0.519852 0.519852 0.519852 0.519852 0.467868 0.519852 0.519852 0.519852 0.519852 0.519852 0.519852 0.519852 0.519852 0.519852 0.506118 0.519852 0.519852 0.519852 0.519852 0.519852 0.519852 0.519852 0.519852 0.519852 0.470787 0.519852 0.519852 0.519852 0.519852 0.519852 0.519852 0.519852 0.519852 0.519852 0.471784 0.519852 0.519852 0.519852 0.519852 0.519852 0.519852 0.519852 0.519852 0.519852 0.460016 0.519852 0.519852 0.519852 0.519852 0.519852 0.519852 0.519852 0.519852 0.519852 0.46 0.519852 0.519852 0.519852 0.519852 0.519852 0.519852 0.519852 0.519852 0.519852 0.46 0.519852 0.519852 0.519852 0.519852 0.519852 0.519852 0.519852 0.519852 0.519852 0.510641 0.519852 0.519852 0.519852 0.519852 0.519852 0.519852 0.519852 0.519852 0.519852 0.500812 0.519852 0.519852 0.519852 0.519852 0.519852 0.519852 0.519852 0.519852 0.519852 0.460127 0.519852 0.519852 0.519852 0.519852 0.519852 0.519852 0.519852 0.519852 0.519852 0.470028 0.519852 0.519852 0.519852 0.519852 0.519852 0.519852 0.519852 0.519852 0.519852 0.460003 0.519852 0.519852 0.519852 0.519852 0.519852 0.519852 0.519852 0.519852 0.519852 0.460006 0.519852 0.519852 0.519852 0.519852 0.519852 0.519852 0.519852 0.519852 0.519852 0.46 0.519852 0.519852 0.519852 0.519852 0.519852 0.519852 0.519852 0.519852 0.519852 0.460063 0.519852 0.519852 0.519852 0.519852 0.519852 0.519852 0.519852 0.519852 0.519852 0.46 0.519852 0.519852 0.519852 0.519852 0.519852 0.519852 0.519852 0.519852 0.519852 0.502696 0.519852 0.519852 0.519852 0.519852 0.519852 0.519852 0.519852 0.519852 0.519852 0.46 0.519852 0.519852 0.519852 0.519852 0.519852 0.519852 0.519852 0.519852 0.519852 0.467461 0.519852 0.519852 0.519852 0.519763 0.519852 0.519852 0.46 0.519852 0.519852 0.519852 0.519852 0.519852 0.519852 0.473252 0.519852 0.519852 0.46 0.519852 0.519852 0.519852 0.519852 0.519852 0.519852 0.46 0.519852 0.519852 0.46 0.519852 0.519852 0.519852 0.519852 0.519852 0.519852 0.51878 0.519852 0.519852 0.519503 0.519852 0.519852 0.519852 0.519852 0.519852 0.519852 0.461218 0.519852 0.519852 0.519692 0.519852 0.519852 0.519852 0.519852 0.519852 0.519852 0.510922 0.519852 0.519852 0.46 0.519852 0.519852 0.519852 0.519852 0.519852 0.519852 0.49964 0.519852 0.519852 0.515024 0.519852 0.519852 0.519852 0.519852 0.519852 0.519852 0.46 0.519852 0.519852 0.487386 0.519852 0.519852 0.519852 0.519852 0.519852 0.519852 0.511756 0.519852 0.519852 0.46 0.519852 0.519852 0.519852 0.519852 0.519852 0.519852 0.462854 0.519852 0.519852 0.511693 0.519852 0.519852 0.519852 0.519852 0.519852 0.519852 0.519852 0.519852 0.519852 0.519852 0.519852 0.519852 0.519852 0.519852 0.519852 0.519852 0.519852 0.519852 0.519852 0.519852 0.519852 0.519852 0.519852 0.519852 0.519852 0.519852 0.519852 0.519852 0.519852 0.519852 0.519852 0.519852 0.519852 0.519852 0.519852 0.519852 0.519852 0.519852 0.519852 0.519852 0.519852 0.519852 0.519852 0.519852 0.519852 0.519852 0.519852 0.519852 0.519852 0.519852 0.519852 0.519852 0.519852 0.519852 0.519852 0.519852 0.519852 0.519852 0.519852 0.519852 0.519852 0.519852 0.519852 0.519852 0.519852 0.519852 0.519852 0.519852 0.519852 0.519852 0.519852 0.519852 0.519852 0.519852 0.519852 0.519852 0.519852 0.519852 0.519852 0.519852 0.519852 0.519852 0.519852 0.519852 0.519852 0.519852 0.519852 0.519852 0.519852 0.519852 0.519852 0.519852 0.519852 0.519852 0.519852 0.519852 0.519852 0.519852 0.519852 0.519852 0.519852 0.519852 0.519852 0.519852 0.519852 0.519852 0.519852 0.519852 0.519852 0.519852 0.519852 0.519852 0.462328 0.519852 0.519852 0.519852 0.519852 0.519852 0.519852 0.519852 0.519852 0.519852 0.46 0.519852 0.519852 0.519852 0.519852 0.519852 0.519852 0.519852 0.519852 0.519852 0.46 0.519852 0.519852 0.519852 0.519852 0.519852 0.519852 0.519852 0.519852 0.519852 0.518436 0.519852 0.519852 0.519852 0.519852 0.519852 0.519852 0.519852 0.519852 0.519852 0.46 0.519852 0.519852 0.519852 0.519852 0.519852 0.519852 0.519852 0.519852 0.519852 0.46 0.519852 0.519852 0.519852 0.519852 0.519852 0.519852 0.519852 0.519852 0.519852 0.51855 0.519852 0.519852 0.519852 0.519852 0.519852 0.519852 0.519852 0.519852 0.519852 0.46 0.519852 0.519852 0.519852 0.519852 0.519852 0.519852 0.519852 0.519852 0.519852 0.478663 0.519852 0.519852 0.519852 0.519852 0.519852 0.519852 0.519852 0.519852 0.519852 0.46 0.519852 0.519852 0.519852 0.460018 0.519852 0.519852 0.518467 0.519852 0.519852 0.519852 0.519852 0.519852 0.519852 0.471349 0.519852 0.519852 0.46 0.519852 0.519852 0.519852 0.519852 0.519852 0.519852 0.46 0.519852 0.519852 0.492077 0.519852 0.519852 0.519852 0.519852 0.519852 0.519852 0.460004 0.519852 0.519852 0.519094 0.519852 0.519852 0.519852 0.519852 0.519852 0.519852 0.46 0.519852 0.519852 0.517144 0.519852 0.519852 0.519852 0.519852 0.519852 0.519852 0.461487 0.519852 0.519852 0.517684 0.519852 0.519852 0.519852 0.519852 0.519852 0.519852 0.46 0.519852 0.519852 0.46 0.519852 0.519852 0.519852 0.519852 0.519852 0.519852 0.46 0.519852 0.519852 0.460001 0.519852 0.519852 0.519852 0.519852 0.519852 0.519852 0.46 0.519852 0.519852 0.46457 0.519852 0.519852 0.519852 0.519852 0.519852 0.519852 0.46 0.519852 0.519852 0.461236 0.519852 0.519852 0.519852 0.519852 0.519852 0.519852 0.519852 0.519852 0.519852 0.519852 0.519852 0.519852 0.519852 0.519852 0.519852 0.519852 0.519852 0.519852 0.519852 0.519852 0.519852 0.519852 0.519852 0.519852 0.519852 0.519852 0.519852 0.519852 0.519852 0.519852 0.519852 0.519852 0.519852 0.519852 0.519852 0.519852 0.519852 0.519852 0.519852 0.519852 0.519852 0.519852 0.519852 0.519852 0.519852 0.519852 0.519852 0.519852 0.519852 0.519852 0.519852 0.519852 0.519852 0.519852 0.519852 0.519852 0.519852 0.519852 0.519852 0.519852 0.519852 0.519852 0.519852 0.519852 0.519852 0.519852 0.519852 0.519852 0.519852 0.519852 0.519852 0.519852 0.519852 0.519852 0.519852 0.519852 0.519852 0.519852 0.519852 0.519852 0.519852 0.519852 0.519852 0.519852 0.519852 0.519852 0.519852 0.519852 0.519852 0.519852 0.519852 0.519852 0.519852 0.519852 0.519852 0.519852 0.519852 0.519852 0.519852 0.519852 0.519852 0.519852 0.519852 0.519852 0.519852 0.519852 0.519852 0.519852 0.519852 0.519852 0.519852 0.519852 0.46 0.519852 0.519852 0.519852 0.519852 0.519852 0.519852 0.519852 0.519852 0.519852 0.46 0.519852 0.519852 0.519852 0.519852 0.519852 0.519852 0.519852 0.519852 0.519852 0.46 0.519852 0.519852 0.519852 0.519852 0.519852 0.519852 0.519852 0.519852 0.519852 0.46 0.519852 0.519852 0.519852 0.519852 0.519852 0.519852 0.519852 0.519852 0.519852 0.466752 0.519852 0.519852 0.519852 0.519852 0.519852 0.519852 0.519852 0.519852 0.519852 0.481003 0.519852 0.519852 0.519852 0.519852 0.519852 0.519852 0.519852 0.519852 0.519852 0.519658 0.519852 0.519852 0.519852 0.519852 0.519852 0.519852 0.519852 0.519852 0.519852 0.461116 0.519852 0.519852 0.519852 0.519852 0.519852 0.519852 0.519852 0.519852 0.519852 0.46 0.519852 0.519852 0.519852 0.519852 0.519852 0.519852 0.519852 0.519852 0.519852 0.46 0.519852 0.519852 0.519852 0.495334 0.519852 0.519852 0.519078 0.519852 0.519852 0.519852 0.519852 0.519852 0.519852 0.501361 0.519852 0.519852 0.51909 0.519852 0.519852 0.519852 0.519852 0.519852 0.519852 0.519677 0.519852 0.519852 0.518951 0.519852 0.519852 0.519852 0.519852 0.519852 0.519852 0.463305 0.519852 0.519852 0.46 0.519852 0.519852 0.519852 0.519852 0.519852 0.519852 0.460069 0.519852 0.519852 0.460025 0.519852 0.519852 0.519852 0.519852 0.519852 0.519852 0.460279 0.519852 0.519852 0.463323 0.519852 0.519852 0.519852 0.519852 0.519852 0.519852 0.461384 0.519852 0.519852 0.507342 0.519852 0.519852 0.519852 0.519852 0.519852 0.519852 0.460033 0.519852 0.519852 0.460043 0.519852 0.519852 0.519852 0.519852 0.519852 0.519852 0.512753 0.519852 0.519852 0.503486 0.519852 0.519852 0.519852 0.519852 0.519852 0.519852 0.518783 0.519852 0.519852 0.460158 0.519852 0.519852 0.519852 0.519852 0.519852 0.519852 0.519852 0.519852 0.519852 0.519852 0.519852 0.519852 0.519852 0.519852 0.519852 0.519852 0.519852 0.519852 0.519852 0.519852 0.519852 0.519852 0.519852 0.519852 0.519852 0.519852 0.519852 0.519852 0.519852 0.519852 0.519852 0.519852 0.519852 0.519852 0.519852 0.519852 0.519852 0.519852 0.519852 0.519852 0.519852 0.519852 0.519852 0.519852 0.519852 0.519852 0.519852 0.519852 0.519852 0.519852 0.519852 0.519852 0.519852 0.519852 0.519852 0.519852 0.519852 0.519852 0.519852 0.519852 0.519852 0.519852 0.519852 0.519852 0.519852 0.519852 0.519852 0.519852 0.519852 0.519852 0.519852 0.519852 0.519852 0.519852 0.519852 0.519852 0.519852 0.519852 0.519852 0.519852 0.519852 0.519852 0.519852 0.519852 0.519852 0.519852 0.519852 0.519852 0.519852 0.519852 0.519852 0.519852 0.519852 0.519852 0.519852 0.519852 0.519852 0.519852 0.519852 0.519852 0.519852 0.519852 0.519852 0.519852 0.519852 0.519852 0.519852 0.519852 0.519852 0.519852 0.519852 0.519852 0.460001 0.519852 0.519852 0.519852 0.519852 0.519852 0.519852 0.519852 0.519852 0.519852 0.507456 0.519852 0.519852 0.519852 0.519852 0.519852 0.519852 0.519852 0.519852 0.519852 0.478918 0.519852 0.519852 0.519852 0.519852 0.519852 0.519852 0.519852 0.519852 0.519852 0.499347 0.519852 0.519852 0.519852 0.519852 0.519852 0.519852 0.519852 0.519852 0.519852 0.460038 0.519852 0.519852 0.519852 0.519852 0.519852 0.519852 0.519852 0.519852 0.519852 0.460003 0.519852 0.519852 0.519852 0.519852 0.519852 0.519852 0.519852 0.519852 0.519852 0.460001 0.519852 0.519852 0.519852 0.519852 0.519852 0.519852 0.519852 0.519852 0.519852 0.460159 0.519852 0.519852 0.519852 0.519852 0.519852 0.519852 0.519852 0.519852 0.519852 0.4789 0.519852 0.519852 0.519852 0.519852 0.519852 0.519852 0.519852 0.519852 0.519852 0.46 0.519852 0.519852 0.519852 0.519852 0.519852 0.519852 0.519852 0.519852 0.519852 0.46 0.519852 0.519852 0.519852 0.519852 0.519852 0.519852 0.519852 0.519852 0.519852 0.46 0.519852 0.519852 0.519852 0.519852 0.519852 0.519852 0.519852 0.519852 0.519852 0.460933 0.519852 0.519852 0.519852 0.519852 0.519852 0.519852 0.519852 0.519852 0.519852 0.46 0.519852 0.519852 0.519852 0.519852 0.519852 0.519852 0.519852 0.519852 0.519852 0.518918 0.519852 0.519852 0.519852 0.519852 0.519852 0.519852 0.519852 0.519852 0.519852 0.460015 0.519852 0.519852 0.519852 0.519852 0.519852 0.519852 0.519852 0.519852 0.519852 0.460146 0.519852 0.519852 0.519852 0.519852 0.519852 0.519852 0.519852 0.519852 0.519852 0.46 0.519852 0.519852 0.519852 0.519852 0.519852 0.519852 0.519852 0.519852 0.519852 0.460099 0.519852 0.519852 0.519852 0.519852 0.519852 0.519852 0.519852 0.519852 0.519852 0.46 0.519852 0.519852 0.519852 0.462105 0.519852 0.519852 0.514892 0.519852 0.519852 0.519852 0.519852 0.519852 0.519852 0.462218 0.519852 0.519852 0.460016 0.519852 0.519852 0.519852 0.519852 0.519852 0.519852 0.519672 0.519852 0.519852 0.462347 0.519852 0.519852 0.519852 0.519852 0.519852 0.519852 0.460022 0.519852 0.519852 0.460024 0.519852 0.519852 0.519852 0.519852 0.519852 0.519852 0.460016 0.519852 0.519852 0.460822 0.519852 0.519852 0.519852 0.519852 0.519852 0.519852 0.46 0.519852 0.519852 0.460096 0.519852 0.519852 0.519852 0.519852 0.519852 0.519852 0.460097 0.519852 0.519852 0.46 0.519852 0.519852 0.519852 0.519852 0.519852 0.519852 0.460057 0.519852 0.519852 0.46 0.519852 0.519852 0.519852 0.519852 0.519852 0.519852 0.46 0.519852 0.519852 0.514874 0.519852 0.519852 0.519852 0.519852 0.519852 0.519852 0.515481 0.519852 0.519852 0.460429 0.519852 0.519852 0.519852 0.519852 0.519852 0.519852 0.519852 0.519852 0.519852 0.519852 0.519852 0.519852 0.519852 0.519852 0.519852 0.519852 0.519852 0.519852 0.519852 0.519852 0.519852 0.519852 0.519852 0.519852 0.519852 0.519852 0.519852 0.519852 0.519852 0.519852 0.519852 0.519852 0.519852 0.519852 0.519852 0.519852 0.519852 0.519852 0.519852 0.519852 0.519852 0.519852 0.519852 0.519852 0.519852 0.519852 0.519852 0.519852 0.519852 0.519852 0.519852 0.519852 0.519852 0.519852 0.519852 0.519852 0.519852 0.519852 0.519852 0.519852 0.519852 0.519852 0.519852 0.519852 0.519852 0.519852 0.519852 0.519852 0.519852 0.519852 0.519852 0.519852 0.519852 0.519852 0.519852 0.519852 0.519852 0.519852 0.519852 0.519852 0.519852 0.519852 0.519852 0.519852 0.519852 0.519852 0.519852 0.519852 0.519852 0.519852 0.519852 0.519852 0.519852 0.519852 0.519852 0.519852 0.519852 0.519852 0.519852 0.519852 0.519852 0.519852 0.519852 0.519852 0.519852 0.519852 0.519852 0.519852 0.519852 0.519852 0.519852 0.519852 0.519555 0.519852 0.519852 0.519852 0.519852 0.519852 0.519852 0.519852 0.519852 0.519852 0.519073 0.519852 0.519852 0.519852 0.519852 0.519852 0.519852 0.519852 0.519852 0.519852 0.460008 0.519852 0.519852 0.519852 0.519852 0.519852 0.519852 0.519852 0.519852 0.519852 0.507241 0.519852 0.519852 0.519852 0.519852 0.519852 0.519852 0.519852 0.519852 0.519852 0.462309 0.519852 0.519852 0.519852 0.519852 0.519852 0.519852 0.519852 0.519852 0.519852 0.46 0.519852 0.519852 0.519852 0.519852 0.519852 0.519852 0.519852 0.519852 0.519852 0.476291 0.519852 0.519852 0.519852 0.519852 0.519852 0.519852 0.519852 0.519852 0.519852 0.460085 0.519852 0.519852 0.519852 0.519852 0.519852 0.519852 0.519852 0.519852 0.519852 0.49605 0.519852 0.519852 0.519852 0.519852 0.519852 0.519852 0.519852 0.519852 0.519852 0.46 0.519852 0.519852 0.519852 0.51721 0.519852 0.519852 0.511589 0.519852 0.519852 0.519852 0.519852 0.519852 0.519852 0.46 0.519852 0.519852 0.50715 0.519852 0.519852 0.519852 0.519852 0.519852 0.519852 0.465526 0.519852 0.519852 0.465125 0.519852 0.519852 0.519852 0.519852 0.519852 0.519852 0.478399 0.519852 0.519852 0.518127 0.519852 0.519852 0.519852 0.519852 0.519852 0.519852 0.46 0.519852 0.519852 0.476198 0.519852 0.519852 0.519852 0.519852 0.519852 0.519852 0.503495 0.519852 0.519852 0.46001 0.519852 0.519852 0.519852 0.519852 0.519852 0.519852 0.468711 0.519852 0.519852 0.46 0.519852 0.519852 0.519852 0.519852 0.519852 0.519852 0.46099 0.519852 0.519852 0.518532 0.519852 0.519852 0.519852 0.519852 0.519852 0.519852 0.46 0.519852 0.519852 0.460024 0.519852 0.519852 0.519852 0.519852 0.519852 0.519852 0.502892 0.519852 0.519852 0.46 0.519852 0.519852 0.519852 0.519852 0.519852 0.519852 0.519852 0.519852 0.519852 0.519852 0.519852 0.519852 0.519852 0.519852 0.519852 0.519852 0.519852 0.519852 0.519852 0.519852 0.519852 0.519852 0.519852 0.519852 0.519852 0.519852 0.519852 0.519852 0.519852 0.519852 0.519852 0.519852 0.519852 0.519852 0.519852 0.519852 0.519852 0.519852 0.519852 0.519852 0.519852 0.519852 0.519852 0.519852 0.519852 0.519852 0.519852 0.519852 0.519852 0.519852 0.519852 0.519852 0.519852 0.519852 0.519852 0.519852 0.519852 0.519852 0.519852 0.519852 0.519852 0.519852 0.519852 0.519852 0.519852 0.519852 0.519852 0.519852 0.519852 0.519852 0.519852 0.519852 0.519852 0.519852 0.519852 0.519852 0.519852 0.519852 0.519852 0.519852 0.519852 0.519852 0.519852 0.519852 0.519852 0.519852 0.519852 0.519852 0.519852 0.519852 0.519852 0.519852 0.519852 0.519852 0.519852 0.519852 0.519852 0.519852 0.519852 0.519852 0.519852 0.519852 0.519852 0.519852 0.519852 0.519852 0.519852 0.519852 0.519852 0.519852 0.519852 0.519852 0.46 0.519852 0.519852 0.519852 0.519852 0.519852 0.519852 0.519852 0.519852 0.519852 0.46 0.519852 0.519852 0.519852 0.519852 0.519852 0.519852 0.519852 0.519852 0.519852 0.460015 0.519852 0.519852 0.519852 0.519852 0.519852 0.519852 0.519852 0.519852 0.519852 0.46 0.519852 0.519852 0.519852 0.519852 0.519852 0.519852 0.519852 0.519852 0.519852 0.46 0.519852 0.519852 0.519852 0.519852 0.519852 0.519852 0.519852 0.519852 0.519852 0.460063 0.519852 0.519852 0.519852 0.519852 0.519852 0.519852 0.519852 0.519852 0.519852 0.46 0.519852 0.519852 0.519852 0.519852 0.519852 0.519852 0.519852 0.519852 0.519852 0.473496 0.519852 0.519852 0.519852 0.519852 0.519852 0.519852 0.519852 0.519852 0.519852 0.519403 0.519852 0.519852 0.519852 0.519852 0.519852 0.519852 0.519852 0.519852 0.519852 0.509093 0.519852 0.519852 0.519852 0.515521 0.519852 0.519852 0.462561 0.519852 0.519852 0.519852 0.519852 0.519852 0.519852 0.490821 0.519852 0.519852 0.461748 0.519852 0.519852 0.519852 0.519852 0.519852 0.519852 0.475701 0.519852 0.519852 0.461126 0.519852 0.519852 0.519852 0.519852 0.519852 0.519852 0.46 0.519852 0.519852 0.50517 0.519852 0.519852 0.519852 0.519852 0.519852 0.519852 0.460037 0.519852 0.519852 0.460056 0.519852 0.519852 0.519852 0.519852 0.519852 0.519852 0.511877 0.519852 0.519852 0.460001 0.519852 0.519852 0.519852 0.519852 0.519852 0.519852 0.46 0.519852 0.519852 0.460715 0.519852 0.519852 0.519852 0.519852 0.519852 0.519852 0.493777 0.519852 0.519852 0.518327 0.519852 0.519852 0.519852 0.519852 0.519852 0.519852 0.500084 0.519852 0.519852 0.460001 0.519852 0.519852 0.519852 0.519852 0.519852 0.519852 0.481295 0.519852 0.519852 0.517336 0.519852 0.519852 0.519852 0.519852 0.519852 0.519852 0.519852 0.519852 0.519852 0.519852 0.519852 0.519852 0.519852 0.519852 0.519852 0.519852 0.519852 0.519852 0.519852 0.519852 0.519852 0.519852 0.519852 0.519852 0.519852 0.519852 0.519852 0.519852 0.519852 0.519852 0.519852 0.519852 0.519852 0.519852 0.519852 0.519852 0.519852 0.519852 0.519852 0.519852 0.519852 0.519852 0.519852 0.519852 0.519852 0.519852 0.519852 0.519852 0.519852 0.519852 0.519852 0.519852 0.519852 0.519852 0.519852 0.519852 0.519852 0.519852 0.519852 0.519852 0.519852 0.519852 0.519852 0.519852 0.519852 0.519852 0.519852 0.519852 0.519852 0.519852 0.519852 0.519852 0.519852 0.519852 0.519852 0.519852 0.519852 0.519852 0.519852 0.519852 0.519852 0.519852 0.519852 0.519852 0.519852 0.519852 0.519852 0.519852 0.519852 0.519852 0.519852 0.519852 0.519852 0.519852 0.519852 0.519852 0.519852 0.519852 0.519852 0.519852 0.519852 0.519852 0.519852 0.519852 0.519852 0.519852 0.519852 0.519852 0.519852 0.519852 0.519852 0.519852 0.460006 0.519852 0.519852 0.519852 0.519852 0.519852 0.519852 0.519852 0.519852 0.519852 0.519791 0.519852 0.519852 0.519852 0.519852 0.519852 0.519852 0.519852 0.519852 0.519852 0.46662 0.519852 0.519852 0.519852 0.519852 0.519852 0.519852 0.519852 0.519852 0.519852 0.460542 0.519852 0.519852 0.519852 0.519852 0.519852 0.519852 0.519852 0.519852 0.519852 0.460002 0.519852 0.519852 0.519852 0.519852 0.519852 0.519852 0.519852 0.519852 0.519852 0.46 0.519852 0.519852 0.519852 0.519852 0.519852 0.519852 0.519852 0.519852 0.519852 0.460214 0.519852 0.519852 0.519852 0.519852 0.519852 0.519852 0.519852 0.519852 0.519852 0.46 0.519852 0.519852 0.519852 0.519852 0.519852 0.519852 0.519852 0.519852 0.519852 0.46 0.519852 0.519852 0.519852 0.519852 0.519852 0.519852 0.519852 0.519852 0.519852 0.46 0.519852 0.519852 0.519852 0.519852 0.519852 0.519852 0.519852 0.519852 0.519852 0.461128 0.519852 0.519852 0.519852 0.519852 0.519852 0.519852 0.519852 0.519852 0.519852 0.460026 0.519852 0.519852 0.519852 0.519852 0.519852 0.519852 0.519852 0.519852 0.519852 0.466186 0.519852 0.519852 0.519852 0.519852 0.519852 0.519852 0.519852 0.519852 0.519852 0.460001 0.519852 0.519852 0.519852 0.519852 0.519852 0.519852 0.519852 0.519852 0.519852 0.487458 0.519852 0.519852 0.519852 0.519852 0.519852 0.519852 0.519852 0.519852 0.519852 0.519543 0.519852 0.519852 0.519852 0.519852 0.519852 0.519852 0.519852 0.519852 0.519852 0.46 0.519852 0.519852 0.519852 0.519852 0.519852 0.519852 0.519852 0.519852 0.519852 0.460859 0.519852 0.519852 0.519852 0.519852 0.519852 0.519852 0.519852 0.519852 0.519852 0.519467 0.519852 0.519852 0.519852 0.519852 0.519852 0.519852 0.519852 0.519852 0.519852 0.516039 0.519852 0.519852 0.519852 0.518293 0.519852 0.519852 0.460002 0.519852 0.519852 0.519852 0.519852 0.519852 0.519852 0.46 0.519852 0.519852 0.460004 0.519852 0.519852 0.519852 0.519852 0.519852 0.519852 0.46 0.519852 0.519852 0.506449 0.519852 0.519852 0.519852 0.519852 0.519852 0.519852 0.46 0.519852 0.519852 0.517048 0.519852 0.519852 0.519852 0.519852 0.519852 0.519852 0.51147 0.519852 0.519852 0.516414 0.519852 0.519852 0.519852 0.519852 0.519852 0.519852 0.46 0.519852 0.519852 0.518831 0.519852 0.519852 0.519852 0.519852 0.519852 0.519852 0.46 0.519852 0.519852 0.486167 0.519852 0.519852 0.519852 0.519852 0.519852 0.519852 0.460007 0.519852 0.519852 0.46001 0.519852 0.519852 0.519852 0.519852 0.519852 0.519852 0.503119 0.519852 0.519852 0.46 0.519852 0.519852 0.519852 0.519852 0.519852 0.519852 0.460457 0.519852 0.519852 0.512555 0.519852 0.519852 0.519852 0.519852 0.519852 0.519852 0.519852 0.519852 0.519852 0.519852 0.519852 0.519852 0.519852 0.519852 0.519852 0.519852 0.519852 0.519852 0.519852 0.519852 0.519852 0.519852 0.519852 0.519852 0.519852 0.519852 0.519852 0.519852 0.519852 0.519852 0.519852 0.519852 0.519852 0.519852 0.519852 0.519852 0.519852 0.519852 0.519852 0.519852 0.519852 0.519852 0.519852 0.519852 0.519852 0.519852 0.519852 0.519852 0.519852 0.519852 0.519852 0.519852 0.519852 0.519852 0.519852 0.519852 0.519852 0.519852 0.519852 0.519852 0.519852 0.519852 0.519852 0.519852 0.519852 0.519852 0.519852 0.519852 0.519852 0.519852 0.519852 0.519852 0.519852 0.519852 0.519852 0.519852 0.519852 0.519852 0.519852 0.519852 0.519852 0.519852 0.519852 0.519852 0.519852 0.519852 0.519852 0.519852 0.519852 0.519852 0.519852 0.519852 0.519852 0.519852 0.519852 0.519852 0.519852 0.519852 0.519852 0.519852 0.519852 0.519852 0.519852 0.519852 0.519852 0.519852 0.519852 0.519852 0.519852 0.519852 0.519852 0.519852 0.461506 0.519852 0.519852 0.519852 0.519852 0.519852 0.519852 0.519852 0.519852 0.519852 0.507392 0.519852 0.519852 0.519852 0.519852 0.519852 0.519852 0.519852 0.519852 0.519852 0.46 0.519852 0.519852 0.519852 0.519852 0.519852 0.519852 0.519852 0.519852 0.519852 0.512025 0.519852 0.519852 0.519852 0.519852 0.519852 0.519852 0.519852 0.519852 0.519852 0.460114 0.519852 0.519852 0.519852 0.519852 0.519852 0.519852 0.519852 0.519852 0.519852 0.465123 0.519852 0.519852 0.519852 0.519852 0.519852 0.519852 0.519852 0.519852 0.519852 0.479834 0.519852 0.519852 0.519852 0.519852 0.519852 0.519852 0.519852 0.519852 0.519852 0.46 0.519852 0.519852 0.519852 0.519852 0.519852 0.519852 0.519852 0.519852 0.519852 0.460027 0.519852 0.519852 0.519852 0.519852 0.519852 0.519852 0.519852 0.519852 0.519852 0.47765 0.519852 0.519852 0.519852 0.509194 0.519852 0.519852 0.482003 0.519852 0.519852 0.519852 0.519852 0.519852 0.519852 0.460154 0.519852 0.519852 0.495322 0.519852 0.519852 0.519852 0.519852 0.519852 0.519852 0.472327 0.519852 0.519852 0.460046 0.519852 0.519852 0.519852 0.519852 0.519852 0.519852 0.519376 0.519852 0.519852 0.514545 0.519852 0.519852 0.519852 0.519852 0.519852 0.519852 0.460005 0.519852 0.519852 0.518535 0.519852 0.519852 0.519852 0.519852 0.519852 0.519852 0.46 0.519852 0.519852 0.463599 0.519852 0.519852 0.519852 0.519852 0.519852 0.519852 0.519635 0.519852 0.519852 0.517776 0.519852 0.519852 0.519852 0.519852 0.519852 0.519852 0.46555 0.519852 0.519852 0.470832 0.519852 0.519852 0.519852 0.519852 0.519852 0.519852 0.518582 0.519852 0.519852 0.46 0.519852 0.519852 0.519852 0.519852 0.519852 0.519852 0.518189 0.519852 0.519852 0.463485 0.519852 0.519852 0.519852 0.519852 0.519852 0.519852 0.519852 0.519852 0.519852 0.519852 0.519852 0.519852 0.519852 0.519852 0.519852 0.519852 0.519852 0.519852 0.519852 0.519852 0.519852 0.519852 0.519852 0.519852 0.519852 0.519852 0.519852 0.519852 0.519852 0.519852 0.519852 0.519852 0.519852 0.519852 0.519852 0.519852 0.519852 0.519852 0.519852 0.519852 0.519852 0.519852 0.519852 0.519852 0.519852 0.519852 0.519852 0.519852 0.519852 0.519852 0.519852 0.519852 0.519852 0.519852 0.519852 0.519852 0.519852 0.519852 0.519852 0.519852 0.519852 0.519852 0.519852 0.519852 0.519852 0.519852 0.519852 0.519852 0.519852 0.519852 0.519852 0.519852 0.519852 0.519852 0.519852 0.519852 0.519852 0.519852 0.519852 0.519852 0.519852 0.519852 0.519852 0.519852 0.519852 0.519852 0.519852 0.519852 0.519852 0.519852 0.519852 0.519852 0.519852 0.519852 0.519852 0.519852 0.519852 0.519852 0.519852 0.519852 0.519852 0.519852 0.519852 0.519852 0.519852 0.519852 0.519852 0.519852 0.519852 0.519852 0.519852 0.519852 0.468871 0.519852 0.519852 0.519852 0.519852 0.519852 0.519852 0.519852 0.519852 0.519852 0.499763 0.519852 0.519852 0.519852 0.519852 0.519852 0.519852 0.519852 0.519852 0.519852 0.4847 0.519852 0.519852 0.519852 0.519852 0.519852 0.519852 0.519852 0.519852 0.519852 0.481651 0.519852 0.519852 0.519852 0.519852 0.519852 0.519852 0.519852 0.519852 0.519852 0.519765 0.519852 0.519852 0.519852 0.519852 0.519852 0.519852 0.519852 0.519852 0.519852 0.480548 0.519852 0.519852 0.519852 0.519852 0.519852 0.519852 0.519852 0.519852 0.519852 0.460209 0.519852 0.519852 0.519852 0.519852 0.519852 0.519852 0.519852 0.519852 0.519852 0.46 0.519852 0.519852 0.519852 0.519852 0.519852 0.519852 0.519852 0.519852 0.519852 0.516993 0.519852 0.519852 0.519852 0.519852 0.519852 0.519852 0.519852 0.519852 0.519852 0.516659 0.519852 0.519852 0.519852 0.460115 0.519852 0.519852 0.465645 0.519852 0.519852 0.519852 0.519852 0.519852 0.519852 0.48673 0.519852 0.519852 0.460001 0.519852 0.519852 0.519852 0.519852 0.519852 0.519852 0.460079 0.519852 0.519852 0.460012 0.519852 0.519852 0.519852 0.519852 0.519852 0.519852 0.518274 0.519852 0.519852 0.518707 0.519852 0.519852 0.519852 0.519852 0.519852 0.519852 0.46 0.519852 0.519852 0.518861 0.519852 0.519852 0.519852 0.519852 0.519852 0.519852 0.486781 0.519852 0.519852 0.46 0.519852 0.519852 0.519852 0.519852 0.519852 0.519852 0.460457 0.519852 0.519852 0.460085 0.519852 0.519852 0.519852 0.519852 0.519852 0.519852 0.460004 0.519852 0.519852 0.518973 0.519852 0.519852 0.519852 0.519852 0.519852 0.519852 0.51804 0.519852 0.519852 0.46 0.519852 0.519852 0.519852 0.519852 0.519852 0.519852 0.460001 0.519852 0.519852 0.488544 0.519852 0.519852 0.519852 0.519852 0.519852 0.519852 0.519852 0.519852 0.519852 0.519852 0.519852 0.519852 0.519852 0.519852 0.519852 0.519852 0.519852 0.519852 0.519852 0.519852 0.519852 0.519852 0.519852 0.519852 0.519852 0.519852 0.519852 0.519852 0.519852 0.519852 0.519852 0.519852 0.519852 0.519852 0.519852 0.519852 0.519852 0.519852 0.519852 0.519852 0.519852 0.519852 0.519852 0.519852 0.519852 0.519852 0.519852 0.519852 0.519852 0.519852 0.519852 0.519852 0.519852 0.519852 0.519852 0.519852 0.519852 0.519852 0.519852 0.519852 0.519852 0.519852 0.519852 0.519852 0.519852 0.519852 0.519852 0.519852 0.519852 0.519852 0.519852 0.519852 0.519852 0.519852 0.519852 0.519852 0.519852 0.519852 0.519852 0.519852 0.519852 0.519852 0.519852 0.519852 0.519852 0.519852 0.519852 0.519852 0.519852 0.519852 0.519852 0.519852 0.519852 0.519852 0.519852 0.519852 0.519852 0.519852 0.519852 0.519852 0.519852 0.519852 0.519852 0.519852 0.519852 0.519852 0.519852 0.519852 0.519852 0.519852 0.519852 0.519852 0.46 0.519852 0.519852 0.519852 0.519852 0.519852 0.519852 0.519852 0.519852 0.519852 0.46 0.519852 0.519852 0.519852 0.519852 0.519852 0.519852 0.519852 0.519852 0.519852 0.498634 0.519852 0.519852 0.519852 0.519852 0.519852 0.519852 0.519852 0.519852 0.519852 0.46 0.519852 0.519852 0.519852 0.519852 0.519852 0.519852 0.519852 0.519852 0.519852 0.508984 0.519852 0.519852 0.519852 0.519852 0.519852 0.519852 0.519852 0.519852 0.519852 0.51942 0.519852 0.519852 0.519852 0.519852 0.519852 0.519852 0.519852 0.519852 0.519852 0.46338 0.519852 0.519852 0.519852 0.519852 0.519852 0.519852 0.519852 0.519852 0.519852 0.460001 0.519852 0.519852 0.519852 0.519852 0.519852 0.519852 0.519852 0.519852 0.519852 0.46 0.519852 0.519852 0.519852 0.519852 0.519852 0.519852 0.519852 0.519852 0.519852 0.518951 0.519852 0.519852 0.519852 0.519852 0.519852 0.519852 0.519852 0.519852 0.519852 0.483581 0.519852 0.519852 0.519852 0.519852 0.519852 0.519852 0.519852 0.519852 0.519852 0.492388 0.519852 0.519852 0.519852 0.519852 0.519852 0.519852 0.519852 0.519852 0.519852 0.462034 0.519852 0.519852 0.519852 0.519852 0.519852 0.519852 0.519852 0.519852 0.519852 0.494075 0.519852 0.519852 0.519852 0.519852 0.519852 0.519852 0.519852 0.519852 0.519852 0.46 0.519852 0.519852 0.519852 0.519852 0.519852 0.519852 0.519852 0.519852 0.519852 0.46 0.519852 0.519852 0.519852 0.519852 0.519852 0.519852 0.519852 0.519852 0.519852 0.460027 0.519852 0.519852 0.519852 0.519852 0.519852 0.519852 0.519852 0.519852 0.519852 0.513406 0.519852 0.519852 0.519852 0.519852 0.519852 0.519852 0.519852 0.519852 0.519852 0.460001 0.519852 0.519852 0.519852 0.519852 0.519852 0.519852 0.519852 0.519852 0.519852 0.460002 0.519852 0.519852 0.519852 0.500388 0.519852 0.519852 0.514501 0.519852 0.519852 0.519852 0.519852 0.519852 0.519852 0.51974 0.519852 0.519852 0.46 0.519852 0.519852 0.519852 0.519852 0.519852 0.519852 0.460019 0.519852 0.519852 0.46 0.519852 0.519852 0.519852 0.519852 0.519852 0.519852 0.46 0.519852 0.519852 0.460019 0.519852 0.519852 0.519852 0.519852 0.519852 0.519852 0.46 0.519852 0.519852 0.519313 0.519852 0.519852 0.519852 0.519852 0.519852 0.519852 0.501902 0.519852 0.519852 0.518607 0.519852 0.519852 0.519852 0.519852 0.519852 0.519852 0.506937 0.519852 0.519852 0.460148 0.519852 0.519852 0.519852 0.519852 0.519852 0.519852 0.519539 0.519852 0.519852 0.46 0.519852 0.519852 0.519852 0.519852 0.519852 0.519852 0.460989 0.519852 0.519852 0.504677 0.519852 0.519852 0.519852 0.519852 0.519852 0.519852 0.519213 0.519852 0.519852 0.513864 0.519852 0.519852 0.519852 0.519852 0.519852 0.519852 0.519852 0.519852 0.519852 0.519852 0.519852 0.519852 0.519852 0.519852 0.519852 0.519852 0.519852 0.519852 0.519852 0.519852 0.519852 0.519852 0.519852 0.519852 0.519852 0.519852 0.519852 0.519852 0.519852 0.519852 0.519852 0.519852 0.519852 0.519852 0.519852 0.519852 0.519852 0.519852 0.519852 0.519852 0.519852 0.519852 0.519852 0.519852 0.519852 0.519852 0.519852 0.519852 0.519852 0.519852 0.519852 0.519852 0.519852 0.519852 0.519852 0.519852 0.519852 0.519852 0.519852 0.519852 0.519852 0.519852 0.519852 0.519852 0.519852 0.519852 0.519852 0.519852 0.519852 0.519852 0.519852 0.519852 0.519852 0.519852 0.519852 0.519852 0.519852 0.519852 0.519852 0.519852 0.519852 0.519852 0.519852 0.519852 0.519852 0.519852 0.519852 0.519852 0.519852 0.519852 0.519852 0.519852 0.519852 0.519852 0.519852 0.519852 0.519852 0.519852 0.519852 0.519852 0.519852 0.519852 0.519852 0.519852 0.519852 0.519852 0.519852 0.519852 0.519852 0.519852 0.519852 0.519852 0.46 0.519852 0.519852 0.519852 0.519852 0.519852 0.519852 0.519852 0.519852 0.519852 0.518631 0.519852 0.519852 0.519852 0.519852 0.519852 0.519852 0.519852 0.519852 0.519852 0.46 0.519852 0.519852 0.519852 0.519852 0.519852 0.519852 0.519852 0.519852 0.519852 0.512637 0.519852 0.519852 0.519852 0.519852 0.519852 0.519852 0.519852 0.519852 0.519852 0.519694 0.519852 0.519852 0.519852 0.519852 0.519852 0.519852 0.519852 0.519852 0.519852 0.512338 0.519852 0.519852 0.519852 0.519852 0.519852 0.519852 0.519852 0.519852 0.519852 0.517443 0.519852 0.519852 0.519852 0.519852 0.519852 0.519852 0.519852 0.519852 0.519852 0.502227 0.519852 0.519852 0.519852 0.519852 0.519852 0.519852 0.519852 0.519852 0.519852 0.462633 0.519852 0.519852 0.519852 0.519852 0.519852 0.519852 0.519852 0.519852 0.519852 0.46 0.519852 0.519852 0.519852 0.46 0.519852 0.519852 0.466109 0.519852 0.519852 0.519852 0.519852 0.519852 0.519852 0.46 0.519852 0.519852 0.46 0.519852 0.519852 0.519852 0.519852 0.519852 0.519852 0.46 0.519852 0.519852 0.519349 0.519852 0.519852 0.519852 0.519852 0.519852 0.519852 0.460544 0.519852 0.519852 0.46 0.519852 0.519852 0.519852 0.519852 0.519852 0.519852 0.46 0.519852 0.519852 0.496121 0.519852 0.519852 0.519852 0.519852 0.519852 0.519852 0.46 0.519852 0.519852 0.488211 0.519852 0.519852 0.519852 0.519852 0.519852 0.519852 0.46 0.519852 0.519852 0.46 0.519852 0.519852 0.519852 0.519852 0.519852 0.519852 0.502319 0.519852 0.519852 0.46 0.519852 0.519852 0.519852 0.519852 0.519852 0.519852 0.472949 0.519852 0.519852 0.46 0.519852 0.519852 0.519852 0.519852 0.519852 0.519852 0.50068 0.519852 0.519852 0.518539 0.519852 0.519852 0.519852 0.519852 0.519852 0.519852 0.519852 0.519852 0.519852 0.519852 0.519852 0.519852 0.519852 0.519852 0.519852 0.519852 0.519852 0.519852 0.519852 0.519852 0.519852 0.519852 0.519852 0.519852 0.519852 0.519852 0.519852 0.519852 0.519852 0.519852 0.519852 0.519852 0.519852 0.519852 0.519852 0.519852 0.519852 0.519852 0.519852 0.519852 0.519852 0.519852 0.519852 0.519852 0.519852 0.519852 0.519852 0.519852 0.519852 0.519852 0.519852 0.519852 0.519852 0.519852 0.519852 0.519852 0.519852 0.519852 0.519852 0.519852 0.519852 0.519852 0.519852 0.519852 0.519852 0.519852 0.519852 0.519852 0.519852 0.519852 0.519852 0.519852 0.519852 0.519852 0.519852 0.519852 0.519852 0.519852 0.519852 0.519852 0.519852 0.519852 0.519852 0.519852 0.519852 0.519852 0.519852 0.519852 0.519852 0.519852 0.519852 0.519852 0.519852 0.519852 0.519852 0.519852 0.519852 0.519852 0.519852 0.519852 0.519852 0.519852 0.519852 0.519852 0.519852 0.519852 0.519852 0.519852 0.519852 0.519852 0.519852 0.519852 0.484714 0.519852 0.519852 0.519852 0.519852 0.519852 0.519852 0.519852 0.519852 0.519852 0.46 0.519852 0.519852 0.519852 0.519852 0.519852 0.519852 0.519852 0.519852 0.519852 0.460004 0.519852 0.519852 0.519852 0.519852 0.519852 0.519852 0.519852 0.519852 0.519852 0.463765 0.519852 0.519852 0.519852 0.519852 0.519852 0.519852 0.519852 0.519852 0.519852 0.460023 0.519852 0.519852 0.519852 0.519852 0.519852 0.519852 0.519852 0.519852 0.519852 0.480858 0.519852 0.519852 0.519852 0.519852 0.519852 0.519852 0.519852 0.519852 0.519852 0.460238 0.519852 0.519852 0.519852 0.519852 0.519852 0.519852 0.519852 0.519852 0.519852 0.46 0.519852 0.519852 0.519852 0.519852 0.519852 0.519852 0.519852 0.519852 0.519852 0.461799 0.519852 0.519852 0.519852 0.519852 0.519852 0.519852 0.519852 0.519852 0.519852 0.461544 0.519852 0.519852 0.519852 0.519687 0.519852 0.519852 0.496209 0.519852 0.519852 0.519852 0.519852 0.519852 0.519852 0.46 0.519852 0.519852 0.46 0.519852 0.519852 0.519852 0.519852 0.519852 0.519852 0.497915 0.519852 0.519852 0.46 0.519852 0.519852 0.519852 0.519852 0.519852 0.519852 0.46 0.519852 0.519852 0.460183 0.519852 0.519852 0.519852 0.519852 0.519852 0.519852 0.46 0.519852 0.519852 0.460063 0.519852 0.519852 0.519852 0.519852 0.519852 0.519852 0.465696 0.519852 0.519852 0.496333 0.519852 0.519852 0.519852 0.519852 0.519852 0.519852 0.46 0.519852 0.519852 0.504421 0.519852 0.519852 0.519852 0.519852 0.519852 0.519852 0.46 0.519852 0.519852 0.519264 0.519852 0.519852 0.519852 0.519852 0.519852 0.519852 0.463213 0.519852 0.519852 0.460001 0.519852 0.519852 0.519852 0.519852 0.519852 0.519852 0.460009 0.519852 0.519852 0.46 0.519852 0.519852 0.519852 0.519852 0.519852 0.519852 0.519852 0.519852 0.519852 0.519852 0.519852 0.519852 0.519852 0.519852 0.519852 0.519852 0.519852 0.519852 0.519852 0.519852 0.519852 0.519852 0.519852 0.519852 0.519852 0.519852 0.519852 0.519852 0.519852 0.519852 0.519852 0.519852 0.519852 0.519852 0.519852 0.519852 0.519852 0.519852 0.519852 0.519852 0.519852 0.519852 0.519852 0.519852 0.519852 0.519852 0.519852 0.519852 0.519852 0.519852 0.519852 0.519852 0.519852 0.519852 0.519852 0.519852 0.519852 0.519852 0.519852 0.519852 0.519852 0.519852 0.519852 0.519852 0.519852 0.519852 0.519852 0.519852 0.519852 0.519852 0.519852 0.519852 0.519852 0.519852 0.519852 0.519852 0.519852 0.519852 0.519852 0.519852 0.519852 0.519852 0.519852 0.519852 0.519852 0.519852 0.519852 0.519852 0.519852 0.519852 0.519852 0.519852 0.519852 0.519852 0.519852 0.519852 0.519852 0.519852 0.519852 0.519852 0.519852 0.519852 0.519852 0.519852 0.519852 0.519852 0.519852 0.519852 0.519852 0.519852 0.519852 0.519852 0.488978 0.519852 0.519852 0.519852 0.519852 0.519852 0.519852 0.519852 0.519852 0.519852 0.461727 0.519852 0.519852 0.519852 0.519852 0.519852 0.519852 0.519852 0.519852 0.519852 0.460102 0.519852 0.519852 0.519852 0.519852 0.519852 0.519852 0.519852 0.519852 0.519852 0.46 0.519852 0.519852 0.519852 0.519852 0.519852 0.519852 0.519852 0.519852 0.519852 0.518672 0.519852 0.519852 0.519852 0.519852 0.519852 0.519852 0.519852 0.519852 0.519852 0.468109 0.519852 0.519852 0.519852 0.519852 0.519852 0.519852 0.519852 0.519852 0.519852 0.464954 0.519852 0.519852 0.519852 0.519852 0.519852 0.519852 0.519852 0.519852 0.519852 0.51935 0.519852 0.519852 0.519852 0.519852 0.519852 0.519852 0.519852 0.519852 0.519852 0.461941 0.519852 0.519852 0.519852 0.519852 0.519852 0.519852 0.519852 0.519852 0.519852 0.46 0.519852 0.519852 0.519852 0.519852 0.519852 0.519852 0.519852 0.519852 0.519852 0.461242 0.519852 0.519852 0.519852 0.519852 0.519852 0.519852 0.519852 0.519852 0.519852 0.46 0.519852 0.519852 0.519852 0.519852 0.519852 0.519852 0.519852 0.519852 0.519852 0.518572 0.519852 0.519852 0.519852 0.519852 0.519852 0.519852 0.519852 0.519852 0.519852 0.46 0.519852 0.519852 0.519852 0.519852 0.519852 0.519852 0.519852 0.519852 0.519852 0.507138 0.519852 0.519852 0.519852 0.519852 0.519852 0.519852 0.519852 0.519852 0.519852 0.460036 0.519852 0.519852 0.519852 0.519852 0.519852 0.519852 0.519852 0.519852 0.519852 0.511934 0.519852 0.519852 0.519852 0.519852 0.519852 0.519852 0.519852 0.519852 0.519852 0.46 0.519852 0.519852 0.519852 0.519852 0.519852 0.519852 0.519852 0.519852 0.519852 0.519439 0.519852 0.519852 0.519852 0.519852 0.519852 0.519852 0.519852 0.519852 0.519852 0.503536 0.519852 0.519852 0.519852 0.463614 0.519852 0.519852 0.46005 0.519852 0.519852 0.519852 0.519852 0.519852 0.519852 0.513219 0.519852 0.519852 0.46 0.519852 0.519852 0.519852 0.519852 0.519852 0.519852 0.487081 0.519852 0.519852 0.46 0.519852 0.519852 0.519852 0.519852 0.519852 0.519852 0.46002 0.519852 0.519852 0.460209 0.519852 0.519852 0.519852 0.519852 0.519852 0.519852 0.519571 0.519852 0.519852 0.46 0.519852 0.519852 0.519852 0.519852 0.519852 0.519852 0.483879 0.519852 0.519852 0.460163 0.519852 0.519852 0.519852 0.519852 0.519852 0.519852 0.460003 0.519852 0.519852 0.46 0.519852 0.519852 0.519852 0.519852 0.519852 0.519852 0.466684 0.519852 0.519852 0.478009 0.519852 0.519852 0.519852 0.519852 0.519852 0.519852 0.460009 0.519852 0.519852 0.460577 0.519852 0.519852 0.519852 0.519852 0.519852 0.519852 0.460002 0.519852 0.519852 0.517727 0.519852 0.519852 0.519852 0.519852 0.519852 0.519852 0.519852 0.519852 0.519852 0.519852 0.519852 0.519852 0.519852 0.519852 0.519852 0.519852 0.519852 0.519852 0.519852 0.519852 0.519852 0.519852 0.519852 0.519852 0.519852 0.519852 0.519852 0.519852 0.519852 0.519852 0.519852 0.519852 0.519852 0.519852 0.519852 0.519852 0.519852 0.519852 0.519852 0.519852 0.519852 0.519852 0.519852 0.519852 0.519852 0.519852 0.519852 0.519852 0.519852 0.519852 0.519852 0.519852 0.519852 0.519852 0.519852 0.519852 0.519852 0.519852 0.519852 0.519852 0.519852 0.519852 0.519852 0.519852 0.519852 0.519852 0.519852 0.519852 0.519852 0.519852 0.519852 0.519852 0.519852 0.519852 0.519852 0.519852 0.519852 0.519852 0.519852 0.519852 0.519852 0.519852 0.519852 0.519852 0.519852 0.519852 0.519852 0.519852 0.519852 0.519852 0.519852 0.519852 0.519852 0.519852 0.519852 0.519852 0.519852 0.519852 0.519852 0.519852 0.519852 0.519852 0.519852 0.519852 0.519852 0.519852 0.519852 0.519852 0.519852 0.519852 0.519852 0.519852 0.509068 0.519852 0.519852 0.519852 0.519852 0.519852 0.519852 0.519852 0.519852 0.519852 0.504744 0.519852 0.519852 0.519852 0.519852 0.519852 0.519852 0.519852 0.519852 0.519852 0.46 0.519852 0.519852 0.519852 0.519852 0.519852 0.519852 0.519852 0.519852 0.519852 0.518589 0.519852 0.519852 0.519852 0.519852 0.519852 0.519852 0.519852 0.519852 0.519852 0.465938 0.519852 0.519852 0.519852 0.519852 0.519852 0.519852 0.519852 0.519852 0.519852 0.460146 0.519852 0.519852 0.519852 0.519852 0.519852 0.519852 0.519852 0.519852 0.519852 0.513791 0.519852 0.519852 0.519852 0.519852 0.519852 0.519852 0.519852 0.519852 0.519852 0.46 0.519852 0.519852 0.519852 0.519852 0.519852 0.519852 0.519852 0.519852 0.519852 0.519164 0.519852 0.519852 0.519852 0.519852 0.519852 0.519852 0.519852 0.519852 0.519852 0.517655 0.519852 0.519852 0.519852 0.467201 0.519852 0.519852 0.510635 0.519852 0.519852 0.519852 0.519852 0.519852 0.519852 0.46 0.519852 0.519852 0.462231 0.519852 0.519852 0.519852 0.519852 0.519852 0.519852 0.460044 0.519852 0.519852 0.46 0.519852 0.519852 0.519852 0.519852 0.519852 0.519852 0.46 0.519852 0.519852 0.470808 0.519852 0.519852 0.519852 0.519852 0.519852 0.519852 0.518898 0.519852 0.519852 0.46 0.519852 0.519852 0.519852 0.519852 0.519852 0.519852 0.513453 0.519852 0.519852 0.464159 0.519852 0.519852 0.519852 0.519852 0.519852 0.519852 0.511686 0.519852 0.519852 0.481856 0.519852 0.519852 0.519852 0.519852 0.519852 0.519852 0.516623 0.519852 0.519852 0.494569 0.519852 0.519852 0.519852 0.519852 0.519852 0.519852 0.46 0.519852 0.519852 0.51027 0.519852 0.519852 0.519852 0.519852 0.519852 0.519852 0.460064 0.519852 0.519852 0.46 0.519852 0.519852 0.519852 0.519852 0.519852 0.519852 0.519852 0.519852 0.519852 0.519852 0.519852 0.519852 0.519852 0.519852 0.519852 0.519852 0.519852 0.519852 0.519852 0.519852 0.519852 0.519852 0.519852 0.519852 0.519852 0.519852 0.519852 0.519852 0.519852 0.519852 0.519852 0.519852 0.519852 0.519852 0.519852 0.519852 0.519852 0.519852 0.519852 0.519852 0.519852 0.519852 0.519852 0.519852 0.519852 0.519852 0.519852 0.519852 0.519852 0.519852 0.519852 0.519852 0.519852 0.519852 0.519852 0.519852 0.519852 0.519852 0.519852 0.519852 0.519852 0.519852 0.519852 0.519852 0.519852 0.519852 0.519852 0.519852 0.519852 0.519852 0.519852 0.519852 0.519852 0.519852 0.519852 0.519852 0.519852 0.519852 0.519852 0.519852 0.519852 0.519852 0.519852 0.519852 0.519852 0.519852 0.519852 0.519852 0.519852 0.519852 0.519852 0.519852 0.519852 0.519852 0.519852 0.519852 0.519852 0.519852 0.519852 0.519852 0.519852 0.519852 0.519852 0.519852 0.519852 0.519852 0.519852 0.519852 0.519852 0.519852 0.519852 0.519852 0.519496 0.519852 0.519852 0.519852 0.519852 0.519852 0.519852 0.519852 0.519852 0.519852 0.503362 0.519852 0.519852 0.519852 0.519852 0.519852 0.519852 0.519852 0.519852 0.519852 0.460189 0.519852 0.519852 0.519852 0.519852 0.519852 0.519852 0.519852 0.519852 0.519852 0.460287 0.519852 0.519852 0.519852 0.519852 0.519852 0.519852 0.519852 0.519852 0.519852 0.460002 0.519852 0.519852 0.519852 0.519852 0.519852 0.519852 0.519852 0.519852 0.519852 0.460219 0.519852 0.519852 0.519852 0.519852 0.519852 0.519852 0.519852 0.519852 0.519852 0.502615 0.519852 0.519852 0.519852 0.519852 0.519852 0.519852 0.519852 0.519852 0.519852 0.516058 0.519852 0.519852 0.519852 0.519852 0.519852 0.519852 0.519852 0.519852 0.519852 0.460016 0.519852 0.519852 0.519852 0.519852 0.519852 0.519852 0.519852 0.519852 0.519852 0.46 0.519852 0.519852 0.519852 0.46 0.519852 0.519852 0.518736 0.519852 0.519852 0.519852 0.519852 0.519852 0.519852 0.461081 0.519852 0.519852 0.519735 0.519852 0.519852 0.519852 0.519852 0.519852 0.519852 0.46 0.519852 0.519852 0.513966 0.519852 0.519852 0.519852 0.519852 0.519852 0.519852 0.46 0.519852 0.519852 0.519437 0.519852 0.519852 0.519852 0.519852 0.519852 0.519852 0.486464 0.519852 0.519852 0.460009 0.519852 0.519852 0.519852 0.519852 0.519852 0.519852 0.49805 0.519852 0.519852 0.46 0.519852 0.519852 0.519852 0.519852 0.519852 0.519852 0.460019 0.519852 0.519852 0.46 0.519852 0.519852 0.519852 0.519852 0.519852 0.519852 0.460554 0.519852 0.519852 0.519121 0.519852 0.519852 0.519852 0.519852 0.519852 0.519852 0.460314 0.519852 0.519852 0.46 0.519852 0.519852 0.519852 0.519852 0.519852 0.519852 0.460003 0.519852 0.519852 0.46 0.519852 0.519852 0.519852 0.519852 0.519852 0.519852 0.519852 0.519852 0.519852 0.519852 0.519852 0.519852 0.519852 0.519852 0.519852 0.519852 0.519852 0.519852 0.519852 0.519852 0.519852 0.519852 0.519852 0.519852 0.519852 0.519852 0.519852 0.519852 0.519852 0.519852 0.519852 0.519852 0.519852 0.519852 0.519852 0.519852 0.519852 0.519852 0.519852 0.519852 0.519852 0.519852 0.519852 0.519852 0.519852 0.519852 0.519852 0.519852 0.519852 0.519852 0.519852 0.519852 0.519852 0.519852 0.519852 0.519852 0.519852 0.519852 0.519852 0.519852 0.519852 0.519852 0.519852 0.519852 0.519852 0.519852 0.519852 0.519852 0.519852 0.519852 0.519852 0.519852 0.519852 0.519852 0.519852 0.519852 0.519852 0.519852 0.519852 0.519852 0.519852 0.519852 0.519852 0.519852 0.519852 0.519852 0.519852 0.519852 0.519852 0.519852 0.519852 0.519852 0.519852 0.519852 0.519852 0.519852 0.519852 0.519852 0.519852 0.519852 0.519852 0.519852 0.519852 0.519852 0.519852 0.519852 0.519852 0.519852 0.519852 0.519852 0.519852 0.519852 0.515563 0.519852 0.519852 0.519852 0.519852 0.519852 0.519852 0.519852 0.519852 0.519852 0.46556 0.519852 0.519852 0.519852 0.519852 0.519852 0.519852 0.519852 0.519852 0.519852 0.519688 0.519852 0.519852 0.519852 0.519852 0.519852 0.519852 0.519852 0.519852 0.519852 0.500294 0.519852 0.519852 0.519852 0.519852 0.519852 0.519852 0.519852 0.519852 0.519852 0.46 0.519852 0.519852 0.519852 0.519852 0.519852 0.519852 0.519852 0.519852 0.519852 0.46 0.519852 0.519852 0.519852 0.519852 0.519852 0.519852 0.519852 0.519852 0.519852 0.460009 0.519852 0.519852 0.519852 0.519852 0.519852 0.519852 0.519852 0.519852 0.519852 0.46 0.519852 0.519852 0.519852 0.519852 0.519852 0.519852 0.519852 0.519852 0.519852 0.460112 0.519852 0.519852 0.519852 0.519852 0.519852 0.519852 0.519852 0.519852 0.519852 0.519225 0.519852 0.519852 
0.529802 0.529802 0.529802 0.529802 0.529802 0.529802 0.529802 0.494392 0.529802 0.529802 0.529802 0.529802 0.529802 0.529802 0.529802 0.529802 0.529802 0.45 0.529802 0.529802 0.529802 0.529802 0.529802 0.529802 0.529802 0.529802 0.529802 0.450002 0.529802 0.529802 0.529802 0.529802 0.529802 0.529802 0.529802 0.529802 0.529802 0.529504 0.529802 0.529802 0.529802 0.529802 0.529802 0.529802 0.529802 0.529802 0.529802 0.450201 0.529802 0.529802 0.529802 0.529802 0.529802 0.529802 0.529802 0.529802 0.529802 0.450016 0.529802 0.529802 0.529802 0.529802 0.529802 0.529802 0.529802 0.529802 0.529802 0.450025 0.529802 0.529802 0.529802 0.529802 0.529802 0.529802 0.529802 0.529802 0.529802 0.52934 0.529802 0.529802 0.529802 0.529802 0.529802 0.529802 0.529802 0.529802 0.529802 0.527497 0.529802 0.529802 0.529802 0.529802 0.529802 0.529802 0.529802 0.529802 0.529802 0.450037 0.529802 0.529802 0.529802 0.512506 0.529802 0.529802 0.45 0.529802 0.529802 0.529802 0.529802 0.529802 0.529802 0.486148 0.529802 0.529802 0.470656 0.529802 0.529802 0.529802 0.529802 0.529802 0.529802 0.450173 0.529802 0.529802 0.450001 0.529802 0.529802 0.529802 0.529802 0.529802 0.529802 0.527363 0.529802 0.529802 0.45 0.529802 0.529802 0.529802 0.529802 0.529802 0.529802 0.525315 0.529802 0.529802 0.45847 0.529802 0.529802 0.529802 0.529802 0.529802 0.529802 0.526219 0.529802 0.529802 0.450023 0.529802 0.529802 0.529802 0.529802 0.529802 0.529802 0.450355 0.529802 0.529802 0.450078 0.529802 0.529802 0.529802 0.529802 0.529802 0.529802 0.454264 0.529802 0.529802 0.45 0.529802 0.529802 0.529802 0.529802 0.529802 0.529802 0.529473 0.529802 0.529802 0.526436 0.529802 0.529802 0.529802 0.529802 0.529802 0.529802 0.45 0.529802 0.529802 0.450001 0.529802 0.529802 0.529802 0.529802 0.529802 0.529802 0.529802 0.529802 0.529802 0.529802 0.529802 0.529802 0.529802 0.529802 0.529802 0.529802 0.529802 0.529802 0.529802 0.529802 0.529802 0.529802 0.529802 0.529802 0.529802 0.529802 0.529802 0.529802 0.529802 0.529802 0.529802 0.529802 0.529802 0.529802 0.529802 0.529802 0.529802 0.529802 0.529802 0.529802 0.529802 0.529802 0.529802 0.529802 0.529802 0.529802 0.529802 0.529802 0.529802 0.529802 0.529802 0.529802 0.529802 0.529802 0.529802 0.529802 0.529802 0.529802 0.529802 0.529802 0.529802 0.529802 0.529802 0.529802 0.529802 0.529802 0.529802 0.529802 0.529802 0.529802 0.529802 0.529802 0.529802 0.529802 0.529802 0.529802 0.529802 0.529802 0.529802 0.529802 0.529802 0.529802 0.529802 0.529802 0.529802 0.529802 0.529802 0.529802 0.529802 0.529802 0.529802 0.529802 0.529802 0.529802 0.529802 0.529802 0.529802 0.529802 0.529802 0.529802 0.529802 0.529802 0.529802 0.529802 0.529802 0.529802 0.529802 0.529802 0.529802 0.529802 0.529802 0.529802 0.45 0.529802 0.529802 0.529802 0.529802 0.529802 0.529802 0.529802 0.529802 0.529802 0.521365 0.529802 0.529802 0.529802 0.529802 0.529802 0.529802 0.529802 0.529802 0.529802 0.45 0.529802 0.529802 0.529802 0.529802 0.529802 0.529802 0.529802 0.529802 0.529802 0.45 0.529802 0.529802 0.529802 0.529802 0.529802 0.529802 0.529802 0.529802 0.529802 0.526295 0.529802 0.529802 0.529802 0.529802 0.529802 0.529802 0.529802 0.529802 0.529802 0.46683 0.529802 0.529802 0.529802 0.529802 0.529802 0.529802 0.529802 0.529802 0.529802 0.45 0.529802 0.529802 0.529802 0.529802 0.529802 0.529802 0.529802 0.529802 0.529802 0.466007 0.529802 0.529802 0.529802 0.529802 0.529802 0.529802 0.529802 0.529802 0.529802 0.529729 0.529802 0.529802 0.529802 0.529802 0.529802 0.529802 0.529802 0.529802 0.529802 0.52923 0.529802 0.529802 0.529802 0.485037 0.529802 0.529802 0.481272 0.529802 0.529802 0.529802 0.529802 0.529802 0.529802 0.45 0.529802 0.529802 0.45002 0.529802 0.529802 0.529802 0.529802 0.529802 0.529802 0.45898 0.529802 0.529802 0.505881 0.529802 0.529802 0.529802 0.529802 0.529802 0.529802 0.450626 0.529802 0.529802 0.487639 0.529802 0.529802 0.529802 0.529802 0.529802 0.529802 0.45 0.529802 0.529802 0.503564 0.529802 0.529802 0.529802 0.529802 0.529802 0.529802 0.527922 0.529802 0.529802 0.525166 0.529802 0.529802 0.529802 0.529802 0.529802 0.529802 0.45 0.529802 0.529802 0.450045 0.529802 0.529802 0.529802 0.529802 0.529802 0.529802 0.45 0.529802 0.529802 0.45 0.529802 0.529802 0.529802 0.529802 0.529802 0.529802 0.512751 0.529802 0.529802 0.498302 0.529802 0.529802 0.529802 0.529802 0.529802 0.529802 0.45 0.529802 0.529802 0.450013 0.529802 0.529802 0.529802 0.529802 0.529802 0.529802 0.529802 0.529802 0.529802 0.529802 0.529802 0.529802 0.529802 0.529802 0.529802 0.529802 0.529802 0.529802 0.529802 0.529802 0.529802 0.529802 0.529802 0.529802 0.529802 0.529802 0.529802 0.529802 0.529802 0.529802 0.529802 0.529802 0.529802 0.529802 0.529802 0.529802 0.529802 0.529802 0.529802 0.529802 0.529802 0.529802 0.529802 0.529802 0.529802 0.529802 0.529802 0.529802 0.529802 0.529802 0.529802 0.529802 0.529802 0.529802 0.529802 0.529802 0.529802 0.529802 0.529802 0.529802 0.529802 0.529802 0.529802 0.529802 0.529802 0.529802 0.529802 0.529802 0.529802 0.529802 0.529802 0.529802 0.529802 0.529802 0.529802 0.529802 0.529802 0.529802 0.529802 0.529802 0.529802 0.529802 0.529802 0.529802 0.529802 0.529802 0.529802 0.529802 0.529802 0.529802 0.529802 0.529802 0.529802 0.529802 0.529802 0.529802 0.529802 0.529802 0.529802 0.529802 0.529802 0.529802 0.529802 0.529802 0.529802 0.529802 0.529802 0.529802 0.529802 0.529802 0.529802 0.529802 0.450009 0.529802 0.529802 0.529802 0.529802 0.529802 0.529802 0.529802 0.529802 0.529802 0.45 0.529802 0.529802 0.529802 0.529802 0.529802 0.529802 0.529802 0.529802 0.529802 0.45 0.529802 0.529802 0.529802 0.529802 0.529802 0.529802 0.529802 0.529802 0.529802 0.450044 0.529802 0.529802 0.529802 0.529802 0.529802 0.529802 0.529802 0.529802 0.529802 0.512787 0.529802 0.529802 0.529802 0.529802 0.529802 0.529802 0.529802 0.529802 0.529802 0.529569 0.529802 0.529802 0.529802 0.529802 0.529802 0.529802 0.529802 0.529802 0.529802 0.450917 0.529802 0.529802 0.529802 0.529802 0.529802 0.529802 0.529802 0.529802 0.529802 0.504565 0.529802 0.529802 0.529802 0.529802 0.529802 0.529802 0.529802 0.529802 0.529802 0.45 0.529802 0.529802 0.529802 0.529802 0.529802 0.529802 0.529802 0.529802 0.529802 0.450192 0.529802 0.529802 0.529802 0.45 0.529802 0.529802 0.451261 0.529802 0.529802 0.529802 0.529802 0.529802 0.529802 0.455492 0.529802 0.529802 0.450017 0.529802 0.529802 0.529802 0.529802 0.529802 0.529802 0.524133 0.529802 0.529802 0.513665 0.529802 0.529802 0.529802 0.529802 0.529802 0.529802 0.514535 0.529802 0.529802 0.528629 0.529802 0.529802 0.529802 0.529802 0.529802 0.529802 0.493535 0.529802 0.529802 0.45 0.529802 0.529802 0.529802 0.529802 0.529802 0.529802 0.45 0.529802 0.529802 0.451845 0.529802 0.529802 0.529802 0.529802 0.529802 0.529802 0.450152 0.529802 0.529802 0.45 0.529802 0.529802 0.529802 0.529802 0.529802 0.529802 0.529417 0.529802 0.529802 0.450108 0.529802 0.529802 0.529802 0.529802 0.529802 0.529802 0.45 0.529802 0.529802 0.45 0.529802 0.529802 0.529802 0.529802 0.529802 0.529802 0.45 0.529802 0.529802 0.50738 0.529802 0.529802 0.529802 0.529802 0.529802 0.529802 0.529802 0.529802 0.529802 0.529802 0.529802 0.529802 0.529802 0.529802 0.529802 0.529802 0.529802 0.529802 0.529802 0.529802 0.529802 0.529802 0.529802 0.529802 0.529802 0.529802 0.529802 0.529802 0.529802 0.529802 0.529802 0.529802 0.529802 0.529802 0.529802 0.529802 0.529802 0.529802 0.529802 0.529802 0.529802 0.529802 0.529802 0.529802 0.529802 0.529802 0.529802 0.529802 0.529802 0.529802 0.529802 0.529802 0.529802 0.529802 0.529802 0.529802 0.529802 0.529802 0.529802 0.529802 0.529802 0.529802 0.529802 0.529802 0.529802 0.529802 0.529802 0.529802 0.529802 0.529802 0.529802 0.529802 0.529802 0.529802 0.529802 0.529802 0.529802 0.529802 0.529802 0.529802 0.529802 0.529802 0.529802 0.529802 0.529802 0.529802 0.529802 0.529802 0.529802 0.529802 0.529802 0.529802 0.529802 0.529802 0.529802 0.529802 0.529802 0.529802 0.529802 0.529802 0.529802 0.529802 0.529802 0.529802 0.529802 0.529802 0.529802 0.529802 0.529802 0.529802 0.529802 0.529802 0.519052 0.529802 0.529802 0.529802 0.529802 0.529802 0.529802 0.529802 0.529802 0.529802 0.518461 0.529802 0.529802 0.529802 0.529802 0.529802 0.529802 0.529802 0.529802 0.529802 0.45 0.529802 0.529802 0.529802 0.529802 0.529802 0.529802 0.529802 0.529802 0.529802 0.452036 0.529802 0.529802 0.529802 0.529802 0.529802 0.529802 0.529802 0.529802 0.529802 0.514193 0.529802 0.529802 0.529802 0.529802 0.529802 0.529802 0.529802 0.529802 0.529802 0.524005 0.529802 0.529802 0.529802 0.529802 0.529802 0.529802 0.529802 0.529802 0.529802 0.49092 0.529802 0.529802 0.529802 0.529802 0.529802 0.529802 0.529802 0.529802 0.529802 0.525985 0.529802 0.529802 0.529802 0.529802 0.529802 0.529802 0.529802 0.529802 0.529802 0.45 0.529802 0.529802 0.529802 0.529802 0.529802 0.529802 0.529802 0.529802 0.529802 0.52717 0.529802 0.529802 0.529802 0.529802 0.529802 0.529802 0.529802 0.529802 0.529802 0.453982 0.529802 0.529802 0.529802 0.529802 0.529802 0.529802 0.529802 0.529802 0.529802 0.45 0.529802 0.529802 0.529802 0.529802 0.529802 0.529802 0.529802 0.529802 0.529802 0.45 0.529802 0.529802 0.529802 0.529802 0.529802 0.529802 0.529802 0.529802 0.529802 0.45 0.529802 0.529802 0.529802 0.529802 0.529802 0.529802 0.529802 0.529802 0.529802 0.45 0.529802 0.529802 0.529802 0.529802 0.529802 0.529802 0.529802 0.529802 0.529802 0.512666 0.529802 0.529802 0.529802 0.529802 0.529802 0.529802 0.529802 0.529802 0.529802 0.477829 0.529802 0.529802 0.529802 0.529802 0.529802 0.529802 0.529802 0.529802 0.529802 0.45 0.529802 0.529802 0.529802 0.529802 0.529802 0.529802 0.529802 0.529802 0.529802 0.45 0.529802 0.529802 0.529802 0.529802 0.529802 0.529802 0.529802 0.529802 0.529802 0.450083 0.529802 0.529802 0.529802 0.45 0.529802 0.529802 0.461654 0.529802 0.529802 0.529802 0.529802 0.529802 0.529802 0.452648 0.529802 0.529802 0.450915 0.529802 0.529802 0.529802 0.529802 0.529802 0.529802 0.450002 0.529802 0.529802 0.450003 0.529802 0.529802 0.529802 0.529802 0.529802 0.529802 0.45 0.529802 0.529802 0.45 0.529802 0.529802 0.529802 0.529802 0.529802 0.529802 0.450239 0.529802 0.529802 0.454748 0.529802 0.529802 0.529802 0.529802 0.529802 0.529802 0.45 0.529802 0.529802 0.45 0.529802 0.529802 0.529802 0.529802 0.529802 0.529802 0.45 0.529802 0.529802 0.45 0.529802 0.529802 0.529802 0.529802 0.529802 0.529802 0.45 0.529802 0.529802 0.45 0.529802 0.529802 0.529802 0.529802 0.529802 0.529802 0.528977 0.529802 0.529802 0.450261 0.529802 0.529802 0.529802 0.529802 0.529802 0.529802 0.450013 0.529802 0.529802 0.450175 0.529802 0.529802 0.529802 0.529802 0.529802 0.529802 0.529802 0.529802 0.529802 0.529802 0.529802 0.529802 0.529802 0.529802 0.529802 0.529802 0.529802 0.529802 0.529802 0.529802 0.529802 0.529802 0.529802 0.529802 0.529802 0.529802 0.529802 0.529802 0.529802 0.529802 0.529802 0.529802 0.529802 0.529802 0.529802 0.529802 0.529802 0.529802 0.529802 0.529802 0.529802 0.529802 0.529802 0.529802 0.529802 0.529802 0.529802 0.529802 0.529802 0.529802 0.529802 0.529802 0.529802 0.529802 0.529802 0.529802 0.529802 0.529802 0.529802 0.529802 0.529802 0.529802 0.529802 0.529802 0.529802 0.529802 0.529802 0.529802 0.529802 0.529802 0.529802 0.529802 0.529802 0.529802 0.529802 0.529802 0.529802 0.529802 0.529802 0.529802 0.529802 0.529802 0.529802 0.529802 0.529802 0.529802 0.529802 0.529802 0.529802 0.529802 0.529802 0.529802 0.529802 0.529802 0.529802 0.529802 0.529802 0.529802 0.529802 0.529802 0.529802 0.529802 0.529802 0.529802 0.529802 0.529802 0.529802 0.529802 0.529802 0.529802 0.529802 0.529802 0.45 0.529802 0.529802 0.529802 0.529802 0.529802 0.529802 0.529802 0.529802 0.529802 0.51912 0.529802 0.529802 0.529802 0.529802 0.529802 0.529802 0.529802 0.529802 0.529802 0.45 0.529802 0.529802 0.529802 0.529802 0.529802 0.529802 0.529802 0.529802 0.529802 0.523911 0.529802 0.529802 0.529802 0.529802 0.529802 0.529802 0.529802 0.529802 0.529802 0.450002 0.529802 0.529802 0.529802 0.529802 0.529802 0.529802 0.529802 0.529802 0.529802 0.45 0.529802 0.529802 0.529802 0.529802 0.529802 0.529802 0.529802 0.529802 0.529802 0.467358 0.529802 0.529802 0.529802 0.529802 0.529802 0.529802 0.529802 0.529802 0.529802 0.525412 0.529802 0.529802 0.529802 0.529802 0.529802 0.529802 0.529802 0.529802 0.529802 0.456321 0.529802 0.529802 0.529802 0.529802 0.529802 0.529802 0.529802 0.529802 0.529802 0.450648 0.529802 0.529802 0.529802 0.45 0.529802 0.529802 0.524995 0.529802 0.529802 0.529802 0.529802 0.529802 0.529802 0.453396 0.529802 0.529802 0.529606 0.529802 0.529802 0.529802 0.529802 0.529802 0.529802 0.450042 0.529802 0.529802 0.45 0.529802 0.529802 0.529802 0.529802 0.529802 0.529802 0.45 0.529802 0.529802 0.45 0.529802 0.529802 0.529802 0.529802 0.529802 0.529802 0.45 0.529802 0.529802 0.450003 0.529802 0.529802 0.529802 0.529802 0.529802 0.529802 0.45 0.529802 0.529802 0.45 0.529802 0.529802 0.529802 0.529802 0.529802 0.529802 0.45 0.529802 0.529802 0.510465 0.529802 0.529802 0.529802 0.529802 0.529802 0.529802 0.45 0.529802 0.529802 0.497149 0.529802 0.529802 0.529802 0.529802 0.529802 0.529802 0.527596 0.529802 0.529802 0.45 0.529802 0.529802 0.529802 0.529802 0.529802 0.529802 0.528663 0.529802 0.529802 0.45 0.529802 0.529802 0.529802 0.529802 0.529802 0.529802 0.529802 0.529802 0.529802 0.529802 0.529802 0.529802 0.529802 0.529802 0.529802 0.529802 0.529802 0.529802 0.529802 0.529802 0.529802 0.529802 0.529802 0.529802 0.529802 0.529802 0.529802 0.529802 0.529802 0.529802 0.529802 0.529802 0.529802 0.529802 0.529802 0.529802 0.529802 0.529802 0.529802 0.529802 0.529802 0.529802 0.529802 0.529802 0.529802 0.529802 0.529802 0.529802 0.529802 0.529802 0.529802 0.529802 0.529802 0.529802 0.529802 0.529802 0.529802 0.529802 0.529802 0.529802 0.529802 0.529802 0.529802 0.529802 0.529802 0.529802 0.529802 0.529802 0.529802 0.529802 0.529802 0.529802 0.529802 0.529802 0.529802 0.529802 0.529802 0.529802 0.529802 0.529802 0.529802 0.529802 0.529802 0.529802 0.529802 0.529802 0.529802 0.529802 0.529802 0.529802 0.529802 0.529802 0.529802 0.529802 0.529802 0.529802 0.529802 0.529802 0.529802 0.529802 0.529802 0.529802 0.529802 0.529802 0.529802 0.529802 0.529802 0.529802 0.529802 0.529802 0.529802 0.529802 0.45 0.529802 0.529802 0.529802 0.529802 0.529802 0.529802 0.529802 0.529802 0.529802 0.529546 0.529802 0.529802 0.529802 0.529802 0.529802 0.529802 0.529802 0.529802 0.529802 0.450005 0.529802 0.529802 0.529802 0.529802 0.529802 0.529802 0.529802 0.529802 0.529802 0.45 0.529802 0.529802 0.529802 0.529802 0.529802 0.529802 0.529802 0.529802 0.529802 0.52477 0.529802 0.529802 0.529802 0.529802 0.529802 0.529802 0.529802 0.529802 0.529802 0.45 0.529802 0.529802 0.529802 0.529802 0.529802 0.529802 0.529802 0.529802 0.529802 0.45 0.529802 0.529802 0.529802 0.529802 0.529802 0.529802 0.529802 0.529802 0.529802 0.51866 0.529802 0.529802 0.529802 0.529802 0.529802 0.529802 0.529802 0.529802 0.529802 0.45 0.529802 0.529802 0.529802 0.529802 0.529802 0.529802 0.529802 0.529802 0.529802 0.450029 0.529802 0.529802 0.529802 0.45 0.529802 0.529802 0.450569 0.529802 0.529802 0.529802 0.529802 0.529802 0.529802 0.450014 0.529802 0.529802 0.450002 0.529802 0.529802 0.529802 0.529802 0.529802 0.529802 0.45 0.529802 0.529802 0.45 0.529802 0.529802 0.529802 0.529802 0.529802 0.529802 0.497296 0.529802 0.529802 0.45 0.529802 0.529802 0.529802 0.529802 0.529802 0.529802 0.528805 0.529802 0.529802 0.456359 0.529802 0.529802 0.529802 0.529802 0.529802 0.529802 0.451186 0.529802 0.529802 0.45 0.529802 0.529802 0.529802 0.529802 0.529802 0.529802 0.529484 0.529802 0.529802 0.524887 0.529802 0.529802 0.529802 0.529802 0.529802 0.529802 0.450001 0.529802 0.529802 0.51913 0.529802 0.529802 0.529802 0.529802 0.529802 0.529802 0.518293 0.529802 0.529802 0.501365 0.529802 0.529802 0.529802 0.529802 0.529802 0.529802 0.45 0.529802 0.529802 0.528653 0.529802 0.529802 0.529802 0.529802 0.529802 0.529802 0.529802 0.529802 0.529802 0.529802 0.529802 0.529802 0.529802 0.529802 0.529802 0.529802 0.529802 0.529802 0.529802 0.529802 0.529802 0.529802 0.529802 0.529802 0.529802 0.529802 0.529802 0.529802 0.529802 0.529802 0.529802 0.529802 0.529802 0.529802 0.529802 0.529802 0.529802 0.529802 0.529802 0.529802 0.529802 0.529802 0.529802 0.529802 0.529802 0.529802 0.529802 0.529802 0.529802 0.529802 0.529802 0.529802 0.529802 0.529802 0.529802 0.529802 0.529802 0.529802 0.529802 0.529802 0.529802 0.529802 0.529802 0.529802 0.529802 0.529802 0.529802 0.529802 0.529802 0.529802 0.529802 0.529802 0.529802 0.529802 0.529802 0.529802 0.529802 0.529802 0.529802 0.529802 0.529802 0.529802 0.529802 0.529802 0.529802 0.529802 0.529802 0.529802 0.529802 0.529802 0.529802 0.529802 0.529802 0.529802 0.529802 0.529802 0.529802 0.529802 0.529802 0.529802 0.529802 0.529802 0.529802 0.529802 0.529802 0.529802 0.529802 0.529802 0.529802 0.529802 0.529802 0.529802 0.527678 0.529802 0.529802 0.529802 0.529802 0.529802 0.529802 0.529802 0.529802 0.529802 0.523629 0.529802 0.529802 0.529802 0.529802 0.529802 0.529802 0.529802 0.529802 0.529802 0.450803 0.529802 0.529802 0.529802 0.529802 0.529802 0.529802 0.529802 0.529802 0.529802 0.45 0.529802 0.529802 0.529802 0.529802 0.529802 0.529802 0.529802 0.529802 0.529802 0.450034 0.529802 0.529802 0.529802 0.529802 0.529802 0.529802 0.529802 0.529802 0.529802 0.45 0.529802 0.529802 0.529802 0.529802 0.529802 0.529802 0.529802 0.529802 0.529802 0.525049 0.529802 0.529802 0.529802 0.529802 0.529802 0.529802 0.529802 0.529802 0.529802 0.522871 0.529802 0.529802 0.529802 0.529802 0.529802 0.529802 0.529802 0.529802 0.529802 0.45 0.529802 0.529802 0.529802 0.529802 0.529802 0.529802 0.529802 0.529802 0.529802 0.450128 0.529802 0.529802 0.529802 0.529802 0.529802 0.529802 0.529802 0.529802 0.529802 0.450001 0.529802 0.529802 0.529802 0.529802 0.529802 0.529802 0.529802 0.529802 0.529802 0.5174 0.529802 0.529802 0.529802 0.529802 0.529802 0.529802 0.529802 0.529802 0.529802 0.521426 0.529802 0.529802 0.529802 0.529802 0.529802 0.529802 0.529802 0.529802 0.529802 0.450003 0.529802 0.529802 0.529802 0.529802 0.529802 0.529802 0.529802 0.529802 0.529802 0.462877 0.529802 0.529802 0.529802 0.529802 0.529802 0.529802 0.529802 0.529802 0.529802 0.529445 0.529802 0.529802 0.529802 0.529802 0.529802 0.529802 0.529802 0.529802 0.529802 0.45 0.529802 0.529802 0.529802 0.529802 0.529802 0.529802 0.529802 0.529802 0.529802 0.450005 0.529802 0.529802 0.529802 0.529802 0.529802 0.529802 0.529802 0.529802 0.529802 0.45 0.529802 0.529802 0.529802 0.529802 0.529802 0.529802 0.529802 0.529802 0.529802 0.450096 0.529802 0.529802 0.529802 0.451149 0.529802 0.529802 0.525232 0.529802 0.529802 0.529802 0.529802 0.529802 0.529802 0.529493 0.529802 0.529802 0.45 0.529802 0.529802 0.529802 0.529802 0.529802 0.529802 0.450537 0.529802 0.529802 0.478162 0.529802 0.529802 0.529802 0.529802 0.529802 0.529802 0.451235 0.529802 0.529802 0.45 0.529802 0.529802 0.529802 0.529802 0.529802 0.529802 0.507639 0.529802 0.529802 0.450009 0.529802 0.529802 0.529802 0.529802 0.529802 0.529802 0.45 0.529802 0.529802 0.45 0.529802 0.529802 0.529802 0.529802 0.529802 0.529802 0.450001 0.529802 0.529802 0.454912 0.529802 0.529802 0.529802 0.529802 0.529802 0.529802 0.450537 0.529802 0.529802 0.526708 0.529802 0.529802 0.529802 0.529802 0.529802 0.529802 0.45 0.529802 0.529802 0.517971 0.529802 0.529802 0.529802 0.529802 0.529802 0.529802 0.450007 0.529802 0.529802 0.451066 0.529802 0.529802 0.529802 0.529802 0.529802 0.529802 0.529802 0.529802 0.529802 0.529802 0.529802 0.529802 0.529802 0.529802 0.529802 0.529802 0.529802 0.529802 0.529802 0.529802 0.529802 0.529802 0.529802 0.529802 0.529802 0.529802 0.529802 0.529802 0.529802 0.529802 0.529802 0.529802 0.529802 0.529802 0.529802 0.529802 0.529802 0.529802 0.529802 0.529802 0.529802 0.529802 0.529802 0.529802 0.529802 0.529802 0.529802 0.529802 0.529802 0.529802 0.529802 0.529802 0.529802 0.529802 0.529802 0.529802 0.529802 0.529802 0.529802 0.529802 0.529802 0.529802 0.529802 0.529802 0.529802 0.529802 0.529802 0.529802 0.529802 0.529802 0.529802 0.529802 0.529802 0.529802 0.529802 0.529802 0.529802 0.529802 0.529802 0.529802 0.529802 0.529802 0.529802 0.529802 0.529802 0.529802 0.529802 0.529802 0.529802 0.529802 0.529802 0.529802 0.529802 0.529802 0.529802 0.529802 0.529802 0.529802 0.529802 0.529802 0.529802 0.529802 0.529802 0.529802 0.529802 0.529802 0.529802 0.529802 0.529802 0.529802 0.529802 0.529802 0.450022 0.529802 0.529802 0.529802 0.529802 0.529802 0.529802 0.529802 0.529802 0.529802 0.525144 0.529802 0.529802 0.529802 0.529802 0.529802 0.529802 0.529802 0.529802 0.529802 0.460824 0.529802 0.529802 0.529802 0.529802 0.529802 0.529802 0.529802 0.529802 0.529802 0.450096 0.529802 0.529802 0.529802 0.529802 0.529802 0.529802 0.529802 0.529802 0.529802 0.47681 0.529802 0.529802 0.529802 0.529802 0.529802 0.529802 0.529802 0.529802 0.529802 0.529356 0.529802 0.529802 0.529802 0.529802 0.529802 0.529802 0.529802 0.529802 0.529802 0.45 0.529802 0.529802 0.529802 0.529802 0.529802 0.529802 0.529802 0.529802 0.529802 0.529512 0.529802 0.529802 0.529802 0.529802 0.529802 0.529802 0.529802 0.529802 0.529802 0.45 0.529802 0.529802 0.529802 0.529802 0.529802 0.529802 0.529802 0.529802 0.529802 0.45 0.529802 0.529802 0.529802 0.45 0.529802 0.529802 0.529694 0.529802 0.529802 0.529802 0.529802 0.529802 0.529802 0.454018 0.529802 0.529802 0.450213 0.529802 0.529802 0.529802 0.529802 0.529802 0.529802 0.452064 0.529802 0.529802 0.45 0.529802 0.529802 0.529802 0.529802 0.529802 0.529802 0.45 0.529802 0.529802 0.48145 0.529802 0.529802 0.529802 0.529802 0.529802 0.529802 0.520362 0.529802 0.529802 0.528743 0.529802 0.529802 0.529802 0.529802 0.529802 0.529802 0.527328 0.529802 0.529802 0.45 0.529802 0.529802 0.529802 0.529802 0.529802 0.529802 0.45 0.529802 0.529802 0.45 0.529802 0.529802 0.529802 0.529802 0.529802 0.529802 0.45 0.529802 0.529802 0.45321 0.529802 0.529802 0.529802 0.529802 0.529802 0.529802 0.45 0.529802 0.529802 0.45 0.529802 0.529802 0.529802 0.529802 0.529802 0.529802 0.500818 0.529802 0.529802 0.450108 0.529802 0.529802 0.529802 0.529802 0.529802 0.529802 0.529802 0.529802 0.529802 0.529802 0.529802 0.529802 0.529802 0.529802 0.529802 0.529802 0.529802 0.529802 0.529802 0.529802 0.529802 0.529802 0.529802 0.529802 0.529802 0.529802 0.529802 0.529802 0.529802 0.529802 0.529802 0.529802 0.529802 0.529802 0.529802 0.529802 0.529802 0.529802 0.529802 0.529802 0.529802 0.529802 0.529802 0.529802 0.529802 0.529802 0.529802 0.529802 0.529802 0.529802 0.529802 0.529802 0.529802 0.529802 0.529802 0.529802 0.529802 0.529802 0.529802 0.529802 0.529802 0.529802 0.529802 0.529802 0.529802 0.529802 0.529802 0.529802 0.529802 0.529802 0.529802 0.529802 0.529802 0.529802 0.529802 0.529802 0.529802 0.529802 0.529802 0.529802 0.529802 0.529802 0.529802 0.529802 0.529802 0.529802 0.529802 0.529802 0.529802 0.529802 0.529802 0.529802 0.529802 0.529802 0.529802 0.529802 0.529802 0.529802 0.529802 0.529802 0.529802 0.529802 0.529802 0.529802 0.529802 0.529802 0.529802 0.529802 0.529802 0.529802 0.529802 0.529802 0.45 0.529802 0.529802 0.529802 0.529802 0.529802 0.529802 0.529802 0.529802 0.529802 0.525101 0.529802 0.529802 0.529802 0.529802 0.529802 0.529802 0.529802 0.529802 0.529802 0.529399 0.529802 0.529802 0.529802 0.529802 0.529802 0.529802 0.529802 0.529802 0.529802 0.450201 0.529802 0.529802 0.529802 0.529802 0.529802 0.529802 0.529802 0.529802 0.529802 0.45 0.529802 0.529802 0.529802 0.529802 0.529802 0.529802 0.529802 0.529802 0.529802 0.45 0.529802 0.529802 0.529802 0.529802 0.529802 0.529802 0.529802 0.529802 0.529802 0.529374 0.529802 0.529802 0.529802 0.529802 0.529802 0.529802 0.529802 0.529802 0.529802 0.45 0.529802 0.529802 0.529802 0.529802 0.529802 0.529802 0.529802 0.529802 0.529802 0.45 0.529802 0.529802 0.529802 0.529802 0.529802 0.529802 0.529802 0.529802 0.529802 0.45 0.529802 0.529802 0.529802 0.510599 0.529802 0.529802 0.529527 0.529802 0.529802 0.529802 0.529802 0.529802 0.529802 0.528708 0.529802 0.529802 0.529697 0.529802 0.529802 0.529802 0.529802 0.529802 0.529802 0.450107 0.529802 0.529802 0.45 0.529802 0.529802 0.529802 0.529802 0.529802 0.529802 0.529728 0.529802 0.529802 0.473787 0.529802 0.529802 0.529802 0.529802 0.529802 0.529802 0.450004 0.529802 0.529802 0.528921 0.529802 0.529802 0.529802 0.529802 0.529802 0.529802 0.45 0.529802 0.529802 0.45 0.529802 0.529802 0.529802 0.529802 0.529802 0.529802 0.527507 0.529802 0.529802 0.528666 0.529802 0.529802 0.529802 0.529802 0.529802 0.529802 0.450155 0.529802 0.529802 0.45 0.529802 0.529802 0.529802 0.529802 0.529802 0.529802 0.456667 0.529802 0.529802 0.45 0.529802 0.529802 0.529802 0.529802 0.529802 0.529802 0.450197 0.529802 0.529802 0.45 0.529802 0.529802 0.529802 0.529802 0.529802 0.529802 0.529802 0.529802 0.529802 0.529802 0.529802 0.529802 0.529802 0.529802 0.529802 0.529802 0.529802 0.529802 0.529802 0.529802 0.529802 0.529802 0.529802 0.529802 0.529802 0.529802 0.529802 0.529802 0.529802 0.529802 0.529802 0.529802 0.529802 0.529802 0.529802 0.529802 0.529802 0.529802 0.529802 0.529802 0.529802 0.529802 0.529802 0.529802 0.529802 0.529802 0.529802 0.529802 0.529802 0.529802 0.529802 0.529802 0.529802 0.529802 0.529802 0.529802 0.529802 0.529802 0.529802 0.529802 0.529802 0.529802 0.529802 0.529802 0.529802 0.529802 0.529802 0.529802 0.529802 0.529802 0.529802 0.529802 0.529802 0.529802 0.529802 0.529802 0.529802 0.529802 0.529802 0.529802 0.529802 0.529802 0.529802 0.529802 0.529802 0.529802 0.529802 0.529802 0.529802 0.529802 0.529802 0.529802 0.529802 0.529802 0.529802 0.529802 0.529802 0.529802 0.529802 0.529802 0.529802 0.529802 0.529802 0.529802 0.529802 0.529802 0.529802 0.529802 0.529802 0.529802 0.529802 0.529802 0.50824 0.529802 0.529802 0.529802 0.529802 0.529802 0.529802 0.529802 0.529802 0.529802 0.520801 0.529802 0.529802 0.529802 0.529802 0.529802 0.529802 0.529802 0.529802 0.529802 0.450001 0.529802 0.529802 0.529802 0.529802 0.529802 0.529802 0.529802 0.529802 0.529802 0.450254 0.529802 0.529802 0.529802 0.529802 0.529802 0.529802 0.529802 0.529802 0.529802 0.450001 0.529802 0.529802 0.529802 0.529802 0.529802 0.529802 0.529802 0.529802 0.529802 0.450035 0.529802 0.529802 0.529802 0.529802 0.529802 0.529802 0.529802 0.529802 0.529802 0.509171 0.529802 0.529802 0.529802 0.529802 0.529802 0.529802 0.529802 0.529802 0.529802 0.45 0.529802 0.529802 0.529802 0.529802 0.529802 0.529802 0.529802 0.529802 0.529802 0.45 0.529802 0.529802 0.529802 0.529802 0.529802 0.529802 0.529802 0.529802 0.529802 0.456749 0.529802 0.529802 0.529802 0.529802 0.529802 0.529802 0.529802 0.529802 0.529802 0.45 0.529802 0.529802 0.529802 0.529802 0.529802 0.529802 0.529802 0.529802 0.529802 0.451522 0.529802 0.529802 0.529802 0.529802 0.529802 0.529802 0.529802 0.529802 0.529802 0.45 0.529802 0.529802 0.529802 0.529802 0.529802 0.529802 0.529802 0.529802 0.529802 0.45 0.529802 0.529802 0.529802 0.529802 0.529802 0.529802 0.529802 0.529802 0.529802 0.450001 0.529802 0.529802 0.529802 0.529802 0.529802 0.529802 0.529802 0.529802 0.529802 0.514796 0.529802 0.529802 0.529802 0.529802 0.529802 0.529802 0.529802 0.529802 0.529802 0.45 0.529802 0.529802 0.529802 0.529802 0.529802 0.529802 0.529802 0.529802 0.529802 0.45 0.529802 0.529802 0.529802 0.529802 0.529802 0.529802 0.529802 0.529802 0.529802 0.450003 0.529802 0.529802 0.529802 0.529802 0.529802 0.529802 0.529802 0.529802 0.529802 0.479396 0.529802 0.529802 0.529802 0.476912 0.529802 0.529802 0.450291 0.529802 0.529802 0.529802 0.529802 0.529802 0.529802 0.450017 0.529802 0.529802 0.477885 0.529802 0.529802 0.529802 0.529802 0.529802 0.529802 0.450001 0.529802 0.529802 0.529559 0.529802 0.529802 0.529802 0.529802 0.529802 0.529802 0.527267 0.529802 0.529802 0.513854 0.529802 0.529802 0.529802 0.529802 0.529802 0.529802 0.45 0.529802 0.529802 0.529076 0.529802 0.529802 0.529802 0.529802 0.529802 0.529802 0.529193 0.529802 0.529802 0.528868 0.529802 0.529802 0.529802 0.529802 0.529802 0.529802 0.450402 0.529802 0.529802 0.459607 0.529802 0.529802 0.529802 0.529802 0.529802 0.529802 0.45 0.529802 0.529802 0.450064 0.529802 0.529802 0.529802 0.529802 0.529802 0.529802 0.527533 0.529802 0.529802 0.515037 0.529802 0.529802 0.529802 0.529802 0.529802 0.529802 0.527215 0.529802 0.529802 0.471916 0.529802 0.529802 0.529802 0.529802 0.529802 0.529802 0.529802 0.529802 0.529802 0.529802 0.529802 0.529802 0.529802 0.529802 0.529802 0.529802 0.529802 0.529802 0.529802 0.529802 0.529802 0.529802 0.529802 0.529802 0.529802 0.529802 0.529802 0.529802 0.529802 0.529802 0.529802 0.529802 0.529802 0.529802 0.529802 0.529802 0.529802 0.529802 0.529802 0.529802 0.529802 0.529802 0.529802 0.529802 0.529802 0.529802 0.529802 0.529802 0.529802 0.529802 0.529802 0.529802 0.529802 0.529802 0.529802 0.529802 0.529802 0.529802 0.529802 0.529802 0.529802 0.529802 0.529802 0.529802 0.529802 0.529802 0.529802 0.529802 0.529802 0.529802 0.529802 0.529802 0.529802 0.529802 0.529802 0.529802 0.529802 0.529802 0.529802 0.529802 0.529802 0.529802 0.529802 0.529802 0.529802 0.529802 0.529802 0.529802 0.529802 0.529802 0.529802 0.529802 0.529802 0.529802 0.529802 0.529802 0.529802 0.529802 0.529802 0.529802 0.529802 0.529802 0.529802 0.529802 0.529802 0.529802 0.529802 0.529802 0.529802 0.529802 0.529802 0.529802 0.462807 0.529802 0.529802 0.529802 0.529802 0.529802 0.529802 0.529802 0.529802 0.529802 0.45635 0.529802 0.529802 0.529802 0.529802 0.529802 0.529802 0.529802 0.529802 0.529802 0.45 0.529802 0.529802 0.529802 0.529802 0.529802 0.529802 0.529802 0.529802 0.529802 0.45 0.529802 0.529802 0.529802 0.529802 0.529802 0.529802 0.529802 0.529802 0.529802 0.450003 0.529802 0.529802 0.529802 0.529802 0.529802 0.529802 0.529802 0.529802 0.529802 0.45 0.529802 0.529802 0.529802 0.529802 0.529802 0.529802 0.529802 0.529802 0.529802 0.528693 0.529802 0.529802 0.529802 0.529802 0.529802 0.529802 0.529802 0.529802 0.529802 0.476102 0.529802 0.529802 0.529802 0.529802 0.529802 0.529802 0.529802 0.529802 0.529802 0.45 0.529802 0.529802 0.529802 0.529802 0.529802 0.529802 0.529802 0.529802 0.529802 0.529455 0.529802 0.529802 0.529802 0.469344 0.529802 0.529802 0.450114 0.529802 0.529802 0.529802 0.529802 0.529802 0.529802 0.521423 0.529802 0.529802 0.526648 0.529802 0.529802 0.529802 0.529802 0.529802 0.529802 0.450006 0.529802 0.529802 0.450066 0.529802 0.529802 0.529802 0.529802 0.529802 0.529802 0.486451 0.529802 0.529802 0.528121 0.529802 0.529802 0.529802 0.529802 0.529802 0.529802 0.45 0.529802 0.529802 0.450001 0.529802 0.529802 0.529802 0.529802 0.529802 0.529802 0.45 0.529802 0.529802 0.45 0.529802 0.529802 0.529802 0.529802 0.529802 0.529802 0.45 0.529802 0.529802 0.45 0.529802 0.529802 0.529802 0.529802 0.529802 0.529802 0.450584 0.529802 0.529802 0.45 0.529802 0.529802 0.529802 0.529802 0.529802 0.529802 0.45 0.529802 0.529802 0.529155 0.529802 0.529802 0.529802 0.529802 0.529802 0.529802 0.45 0.529802 0.529802 0.509177 0.529802 0.529802 0.529802 0.529802 0.529802 0.529802 0.529802 0.529802 0.529802 0.529802 0.529802 0.529802 0.529802 0.529802 0.529802 0.529802 0.529802 0.529802 0.529802 0.529802 0.529802 0.529802 0.529802 0.529802 0.529802 0.529802 0.529802 0.529802 0.529802 0.529802 0.529802 0.529802 0.529802 0.529802 0.529802 0.529802 0.529802 0.529802 0.529802 0.529802 0.529802 0.529802 0.529802 0.529802 0.529802 0.529802 0.529802 0.529802 0.529802 0.529802 0.529802 0.529802 0.529802 0.529802 0.529802 0.529802 0.529802 0.529802 0.529802 0.529802 0.529802 0.529802 0.529802 0.529802 0.529802 0.529802 0.529802 0.529802 0.529802 0.529802 0.529802 0.529802 0.529802 0.529802 0.529802 0.529802 0.529802 0.529802 0.529802 0.529802 0.529802 0.529802 0.529802 0.529802 0.529802 0.529802 0.529802 0.529802 0.529802 0.529802 0.529802 0.529802 0.529802 0.529802 0.529802 0.529802 0.529802 0.529802 0.529802 0.529802 0.529802 0.529802 0.529802 0.529802 0.529802 0.529802 0.529802 0.529802 0.529802 0.529802 0.529802 0.529802 0.45 0.529802 0.529802 0.529802 0.529802 0.529802 0.529802 0.529802 0.529802 0.529802 0.504106 0.529802 0.529802 0.529802 0.529802 0.529802 0.529802 0.529802 0.529802 0.529802 0.524935 0.529802 0.529802 0.529802 0.529802 0.529802 0.529802 0.529802 0.529802 0.529802 0.523664 0.529802 0.529802 0.529802 0.529802 0.529802 0.529802 0.529802 0.529802 0.529802 0.451623 0.529802 0.529802 0.529802 0.529802 0.529802 0.529802 0.529802 0.529802 0.529802 0.529537 0.529802 0.529802 0.529802 0.529802 0.529802 0.529802 0.529802 0.529802 0.529802 0.526826 0.529802 0.529802 0.529802 0.529802 0.529802 0.529802 0.529802 0.529802 0.529802 0.450159 0.529802 0.529802 0.529802 0.529802 0.529802 0.529802 0.529802 0.529802 0.529802 0.529383 0.529802 0.529802 0.529802 0.529802 0.529802 0.529802 0.529802 0.529802 0.529802 0.45 0.529802 0.529802 0.529802 0.45 0.529802 0.529802 0.45 0.529802 0.529802 0.529802 0.529802 0.529802 0.529802 0.450003 0.529802 0.529802 0.45 0.529802 0.529802 0.529802 0.529802 0.529802 0.529802 0.492527 0.529802 0.529802 0.522442 0.529802 0.529802 0.529802 0.529802 0.529802 0.529802 0.528103 0.529802 0.529802 0.529724 0.529802 0.529802 0.529802 0.529802 0.529802 0.529802 0.450002 0.529802 0.529802 0.528791 0.529802 0.529802 0.529802 0.529802 0.529802 0.529802 0.450013 0.529802 0.529802 0.510064 0.529802 0.529802 0.529802 0.529802 0.529802 0.529802 0.45 0.529802 0.529802 0.45 0.529802 0.529802 0.529802 0.529802 0.529802 0.529802 0.45 0.529802 0.529802 0.524413 0.529802 0.529802 0.529802 0.529802 0.529802 0.529802 0.45 0.529802 0.529802 0.45 0.529802 0.529802 0.529802 0.529802 0.529802 0.529802 0.477982 0.529802 0.529802 0.451494 0.529802 0.529802 0.529802 0.529802 0.529802 0.529802 0.529802 0.529802 0.529802 0.529802 0.529802 0.529802 0.529802 0.529802 0.529802 0.529802 0.529802 0.529802 0.529802 0.529802 0.529802 0.529802 0.529802 0.529802 0.529802 0.529802 0.529802 0.529802 0.529802 0.529802 0.529802 0.529802 0.529802 0.529802 0.529802 0.529802 0.529802 0.529802 0.529802 0.529802 0.529802 0.529802 0.529802 0.529802 0.529802 0.529802 0.529802 0.529802 0.529802 0.529802 0.529802 0.529802 0.529802 0.529802 0.529802 0.529802 0.529802 0.529802 0.529802 0.529802 0.529802 0.529802 0.529802 0.529802 0.529802 0.529802 0.529802 0.529802 0.529802 0.529802 0.529802 0.529802 0.529802 0.529802 0.529802 0.529802 0.529802 0.529802 0.529802 0.529802 0.529802 0.529802 0.529802 0.529802 0.529802 0.529802 0.529802 0.529802 0.529802 0.529802 0.529802 0.529802 0.529802 0.529802 0.529802 0.529802 0.529802 0.529802 0.529802 0.529802 0.529802 0.529802 0.529802 0.529802 0.529802 0.529802 0.529802 0.529802 0.529802 0.529802 0.529802 0.529802 0.457929 0.529802 0.529802 0.529802 0.529802 0.529802 0.529802 0.529802 0.529802 0.529802 0.491781 0.529802 0.529802 0.529802 0.529802 0.529802 0.529802 0.529802 0.529802 0.529802 0.45 0.529802 0.529802 0.529802 0.529802 0.529802 0.529802 0.529802 0.529802 0.529802 0.516032 0.529802 0.529802 0.529802 0.529802 0.529802 0.529802 0.529802 0.529802 0.529802 0.45 0.529802 0.529802 0.529802 0.529802 0.529802 0.529802 0.529802 0.529802 0.529802 0.450068 0.529802 0.529802 0.529802 0.529802 0.529802 0.529802 0.529802 0.529802 0.529802 0.484103 0.529802 0.529802 0.529802 0.529802 0.529802 0.529802 0.529802 0.529802 0.529802 0.528275 0.529802 0.529802 0.529802 0.529802 0.529802 0.529802 0.529802 0.529802 0.529802 0.473117 0.529802 0.529802 0.529802 0.529802 0.529802 0.529802 0.529802 0.529802 0.529802 0.45004 0.529802 0.529802 0.529802 0.529802 0.529802 0.529802 0.529802 0.529802 0.529802 0.46291 0.529802 0.529802 0.529802 0.529802 0.529802 0.529802 0.529802 0.529802 0.529802 0.529227 0.529802 0.529802 0.529802 0.529802 0.529802 0.529802 0.529802 0.529802 0.529802 0.464415 0.529802 0.529802 0.529802 0.529802 0.529802 0.529802 0.529802 0.529802 0.529802 0.459799 0.529802 0.529802 0.529802 0.529802 0.529802 0.529802 0.529802 0.529802 0.529802 0.458064 0.529802 0.529802 0.529802 0.529802 0.529802 0.529802 0.529802 0.529802 0.529802 0.450003 0.529802 0.529802 0.529802 0.529802 0.529802 0.529802 0.529802 0.529802 0.529802 0.452303 0.529802 0.529802 0.529802 0.529802 0.529802 0.529802 0.529802 0.529802 0.529802 0.45 0.529802 0.529802 0.529802 0.529802 0.529802 0.529802 0.529802 0.529802 0.529802 0.45 0.529802 0.529802 0.529802 0.529802 0.529802 0.529802 0.529802 0.529802 0.529802 0.450091 0.529802 0.529802 0.529802 0.525634 0.529802 0.529802 0.450009 0.529802 0.529802 0.529802 0.529802 0.529802 0.529802 0.45 0.529802 0.529802 0.450301 0.529802 0.529802 0.529802 0.529802 0.529802 0.529802 0.513685 0.529802 0.529802 0.498671 0.529802 0.529802 0.529802 0.529802 0.529802 0.529802 0.45 0.529802 0.529802 0.486502 0.529802 0.529802 0.529802 0.529802 0.529802 0.529802 0.527226 0.529802 0.529802 0.45 0.529802 0.529802 0.529802 0.529802 0.529802 0.529802 0.450001 0.529802 0.529802 0.455001 0.529802 0.529802 0.529802 0.529802 0.529802 0.529802 0.511805 0.529802 0.529802 0.517625 0.529802 0.529802 0.529802 0.529802 0.529802 0.529802 0.525133 0.529802 0.529802 0.45 0.529802 0.529802 0.529802 0.529802 0.529802 0.529802 0.525055 0.529802 0.529802 0.450244 0.529802 0.529802 0.529802 0.529802 0.529802 0.529802 0.45 0.529802 0.529802 0.465817 0.529802 0.529802 0.529802 0.529802 0.529802 0.529802 0.529802 0.529802 0.529802 0.529802 0.529802 0.529802 0.529802 0.529802 0.529802 0.529802 0.529802 0.529802 0.529802 0.529802 0.529802 0.529802 0.529802 0.529802 0.529802 0.529802 0.529802 0.529802 0.529802 0.529802 0.529802 0.529802 0.529802 0.529802 0.529802 0.529802 0.529802 0.529802 0.529802 0.529802 0.529802 0.529802 0.529802 0.529802 0.529802 0.529802 0.529802 0.529802 0.529802 0.529802 0.529802 0.529802 0.529802 0.529802 0.529802 0.529802 0.529802 0.529802 0.529802 0.529802 0.529802 0.529802 0.529802 0.529802 0.529802 0.529802 0.529802 0.529802 0.529802 0.529802 0.529802 0.529802 0.529802 0.529802 0.529802 0.529802 0.529802 0.529802 0.529802 0.529802 0.529802 0.529802 0.529802 0.529802 0.529802 0.529802 0.529802 0.529802 0.529802 0.529802 0.529802 0.529802 0.529802 0.529802 0.529802 0.529802 0.529802 0.529802 0.529802 0.529802 0.529802 0.529802 0.529802 0.529802 0.529802 0.529802 0.529802 0.529802 0.529802 0.529802 0.529802 0.529802 0.466301 0.529802 0.529802 0.529802 0.529802 0.529802 0.529802 0.529802 0.529802 0.529802 0.450001 0.529802 0.529802 0.529802 0.529802 0.529802 0.529802 0.529802 0.529802 0.529802 0.454221 0.529802 0.529802 0.529802 0.529802 0.529802 0.529802 0.529802 0.529802 0.529802 0.45 0.529802 0.529802 0.529802 0.529802 0.529802 0.529802 0.529802 0.529802 0.529802 0.529231 0.529802 0.529802 0.529802 0.529802 0.529802 0.529802 0.529802 0.529802 0.529802 0.463355 0.529802 0.529802 0.529802 0.529802 0.529802 0.529802 0.529802 0.529802 0.529802 0.529408 0.529802 0.529802 0.529802 0.529802 0.529802 0.529802 0.529802 0.529802 0.529802 0.528257 0.529802 0.529802 0.529802 0.529802 0.529802 0.529802 0.529802 0.529802 0.529802 0.450003 0.529802 0.529802 0.529802 0.529802 0.529802 0.529802 0.529802 0.529802 0.529802 0.528934 0.529802 0.529802 0.529802 0.450011 0.529802 0.529802 0.45 0.529802 0.529802 0.529802 0.529802 0.529802 0.529802 0.45 0.529802 0.529802 0.528288 0.529802 0.529802 0.529802 0.529802 0.529802 0.529802 0.450001 0.529802 0.529802 0.45 0.529802 0.529802 0.529802 0.529802 0.529802 0.529802 0.524601 0.529802 0.529802 0.45 0.529802 0.529802 0.529802 0.529802 0.529802 0.529802 0.450253 0.529802 0.529802 0.453338 0.529802 0.529802 0.529802 0.529802 0.529802 0.529802 0.45 0.529802 0.529802 0.529616 0.529802 0.529802 0.529802 0.529802 0.529802 0.529802 0.465412 0.529802 0.529802 0.455144 0.529802 0.529802 0.529802 0.529802 0.529802 0.529802 0.527569 0.529802 0.529802 0.496357 0.529802 0.529802 0.529802 0.529802 0.529802 0.529802 0.528927 0.529802 0.529802 0.450509 0.529802 0.529802 0.529802 0.529802 0.529802 0.529802 0.45 0.529802 0.529802 0.468215 0.529802 0.529802 0.529802 0.529802 0.529802 0.529802 0.529802 0.529802 0.529802 0.529802 0.529802 0.529802 0.529802 0.529802 0.529802 0.529802 0.529802 0.529802 0.529802 0.529802 0.529802 0.529802 0.529802 0.529802 0.529802 0.529802 0.529802 0.529802 0.529802 0.529802 0.529802 0.529802 0.529802 0.529802 0.529802 0.529802 0.529802 0.529802 0.529802 0.529802 0.529802 0.529802 0.529802 0.529802 0.529802 0.529802 0.529802 0.529802 0.529802 0.529802 0.529802 0.529802 0.529802 0.529802 0.529802 0.529802 0.529802 0.529802 0.529802 0.529802 0.529802 0.529802 0.529802 0.529802 0.529802 0.529802 0.529802 0.529802 0.529802 0.529802 0.529802 0.529802 0.529802 0.529802 0.529802 0.529802 0.529802 0.529802 0.529802 0.529802 0.529802 0.529802 0.529802 0.529802 0.529802 0.529802 0.529802 0.529802 0.529802 0.529802 0.529802 0.529802 0.529802 0.529802 0.529802 0.529802 0.529802 0.529802 0.529802 0.529802 0.529802 0.529802 0.529802 0.529802 0.529802 0.529802 0.529802 0.529802 0.529802 0.529802 0.529802 0.529802 0.450098 0.529802 0.529802 0.529802 0.529802 0.529802 0.529802 0.529802 0.529802 0.529802 0.464551 0.529802 0.529802 0.529802 0.529802 0.529802 0.529802 0.529802 0.529802 0.529802 0.450067 0.529802 0.529802 0.529802 0.529802 0.529802 0.529802 0.529802 0.529802 0.529802 0.45 0.529802 0.529802 0.529802 0.529802 0.529802 0.529802 0.529802 0.529802 0.529802 0.45 0.529802 0.529802 0.529802 0.529802 0.529802 0.529802 0.529802 0.529802 0.529802 0.450138 0.529802 0.529802 0.529802 0.529802 0.529802 0.529802 0.529802 0.529802 0.529802 0.45 0.529802 0.529802 0.529802 0.529802 0.529802 0.529802 0.529802 0.529802 0.529802 0.450422 0.529802 0.529802 0.529802 0.529802 0.529802 0.529802 0.529802 0.529802 0.529802 0.450062 0.529802 0.529802 0.529802 0.529802 0.529802 0.529802 0.529802 0.529802 0.529802 0.45 0.529802 0.529802 0.529802 0.45001 0.529802 0.529802 0.518507 0.529802 0.529802 0.529802 0.529802 0.529802 0.529802 0.45 0.529802 0.529802 0.45059 0.529802 0.529802 0.529802 0.529802 0.529802 0.529802 0.45 0.529802 0.529802 0.529439 0.529802 0.529802 0.529802 0.529802 0.529802 0.529802 0.46245 0.529802 0.529802 0.528747 0.529802 0.529802 0.529802 0.529802 0.529802 0.529802 0.46252 0.529802 0.529802 0.45 0.529802 0.529802 0.529802 0.529802 0.529802 0.529802 0.456204 0.529802 0.529802 0.529414 0.529802 0.529802 0.529802 0.529802 0.529802 0.529802 0.450062 0.529802 0.529802 0.524418 0.529802 0.529802 0.529802 0.529802 0.529802 0.529802 0.458488 0.529802 0.529802 0.45 0.529802 0.529802 0.529802 0.529802 0.529802 0.529802 0.52598 0.529802 0.529802 0.471372 0.529802 0.529802 0.529802 0.529802 0.529802 0.529802 0.45 0.529802 0.529802 0.45 0.529802 0.529802 0.529802 0.529802 0.529802 0.529802 0.529802 0.529802 0.529802 0.529802 0.529802 0.529802 0.529802 0.529802 0.529802 0.529802 0.529802 0.529802 0.529802 0.529802 0.529802 0.529802 0.529802 0.529802 0.529802 0.529802 0.529802 0.529802 0.529802 0.529802 0.529802 0.529802 0.529802 0.529802 0.529802 0.529802 0.529802 0.529802 0.529802 0.529802 0.529802 0.529802 0.529802 0.529802 0.529802 0.529802 0.529802 0.529802 0.529802 0.529802 0.529802 0.529802 0.529802 0.529802 0.529802 0.529802 0.529802 0.529802 0.529802 0.529802 0.529802 0.529802 0.529802 0.529802 0.529802 0.529802 0.529802 0.529802 0.529802 0.529802 0.529802 0.529802 0.529802 0.529802 0.529802 0.529802 0.529802 0.529802 0.529802 0.529802 0.529802 0.529802 0.529802 0.529802 0.529802 0.529802 0.529802 0.529802 0.529802 0.529802 0.529802 0.529802 0.529802 0.529802 0.529802 0.529802 0.529802 0.529802 0.529802 0.529802 0.529802 0.529802 0.529802 0.529802 0.529802 0.529802 0.529802 0.529802 0.529802 0.529802 0.529802 0.529802 0.45 0.529802 0.529802 0.529802 0.529802 0.529802 0.529802 0.529802 0.529802 0.529802 0.463406 0.529802 0.529802 0.529802 0.529802 0.529802 0.529802 0.529802 0.529802 0.529802 0.512287 0.529802 0.529802 0.529802 0.529802 0.529802 0.529802 0.529802 0.529802 0.529802 0.463481 0.529802 0.529802 0.529802 0.529802 0.529802 0.529802 0.529802 0.529802 0.529802 0.46364 0.529802 0.529802 0.529802 0.529802 0.529802 0.529802 0.529802 0.529802 0.529802 0.450026 0.529802 0.529802 0.529802 0.529802 0.529802 0.529802 0.529802 0.529802 0.529802 0.45 0.529802 0.529802 0.529802 0.529802 0.529802 0.529802 0.529802 0.529802 0.529802 0.45 0.529802 0.529802 0.529802 0.529802 0.529802 0.529802 0.529802 0.529802 0.529802 0.518884 0.529802 0.529802 0.529802 0.529802 0.529802 0.529802 0.529802 0.529802 0.529802 0.499915 0.529802 0.529802 0.529802 0.529802 0.529802 0.529802 0.529802 0.529802 0.529802 0.450155 0.529802 0.529802 0.529802 0.529802 0.529802 0.529802 0.529802 0.529802 0.529802 0.461988 0.529802 0.529802 0.529802 0.529802 0.529802 0.529802 0.529802 0.529802 0.529802 0.450004 0.529802 0.529802 0.529802 0.529802 0.529802 0.529802 0.529802 0.529802 0.529802 0.450008 0.529802 0.529802 0.529802 0.529802 0.529802 0.529802 0.529802 0.529802 0.529802 0.45 0.529802 0.529802 0.529802 0.529802 0.529802 0.529802 0.529802 0.529802 0.529802 0.450082 0.529802 0.529802 0.529802 0.529802 0.529802 0.529802 0.529802 0.529802 0.529802 0.45 0.529802 0.529802 0.529802 0.529802 0.529802 0.529802 0.529802 0.529802 0.529802 0.503593 0.529802 0.529802 0.529802 0.529802 0.529802 0.529802 0.529802 0.529802 0.529802 0.45 0.529802 0.529802 0.529802 0.529802 0.529802 0.529802 0.529802 0.529802 0.529802 0.458172 0.529802 0.529802 0.529802 0.529688 0.529802 0.529802 0.45 0.529802 0.529802 0.529802 0.529802 0.529802 0.529802 0.464826 0.529802 0.529802 0.45 0.529802 0.529802 0.529802 0.529802 0.529802 0.529802 0.45 0.529802 0.529802 0.45 0.529802 0.529802 0.529802 0.529802 0.529802 0.529802 0.528485 0.529802 0.529802 0.529283 0.529802 0.529802 0.529802 0.529802 0.529802 0.529802 0.451339 0.529802 0.529802 0.529612 0.529802 0.529802 0.529802 0.529802 0.529802 0.529802 0.518085 0.529802 0.529802 0.45 0.529802 0.529802 0.529802 0.529802 0.529802 0.529802 0.506336 0.529802 0.529802 0.52233 0.529802 0.529802 0.529802 0.529802 0.529802 0.529802 0.45 0.529802 0.529802 0.485897 0.529802 0.529802 0.529802 0.529802 0.529802 0.529802 0.520267 0.529802 0.529802 0.45 0.529802 0.529802 0.529802 0.529802 0.529802 0.529802 0.454045 0.529802 0.529802 0.519512 0.529802 0.529802 0.529802 0.529802 0.529802 0.529802 0.529802 0.529802 0.529802 0.529802 0.529802 0.529802 0.529802 0.529802 0.529802 0.529802 0.529802 0.529802 0.529802 0.529802 0.529802 0.529802 0.529802 0.529802 0.529802 0.529802 0.529802 0.529802 0.529802 0.529802 0.529802 0.529802 0.529802 0.529802 0.529802 0.529802 0.529802 0.529802 0.529802 0.529802 0.529802 0.529802 0.529802 0.529802 0.529802 0.529802 0.529802 0.529802 0.529802 0.529802 0.529802 0.529802 0.529802 0.529802 0.529802 0.529802 0.529802 0.529802 0.529802 0.529802 0.529802 0.529802 0.529802 0.529802 0.529802 0.529802 0.529802 0.529802 0.529802 0.529802 0.529802 0.529802 0.529802 0.529802 0.529802 0.529802 0.529802 0.529802 0.529802 0.529802 0.529802 0.529802 0.529802 0.529802 0.529802 0.529802 0.529802 0.529802 0.529802 0.529802 0.529802 0.529802 0.529802 0.529802 0.529802 0.529802 0.529802 0.529802 0.529802 0.529802 0.529802 0.529802 0.529802 0.529802 0.529802 0.529802 0.529802 0.529802 0.529802 0.529802 0.529802 0.529802 0.452775 0.529802 0.529802 0.529802 0.529802 0.529802 0.529802 0.529802 0.529802 0.529802 0.45 0.529802 0.529802 0.529802 0.529802 0.529802 0.529802 0.529802 0.529802 0.529802 0.45 0.529802 0.529802 0.529802 0.529802 0.529802 0.529802 0.529802 0.529802 0.529802 0.527803 0.529802 0.529802 0.529802 0.529802 0.529802 0.529802 0.529802 0.529802 0.529802 0.45 0.529802 0.529802 0.529802 0.529802 0.529802 0.529802 0.529802 0.529802 0.529802 0.45 0.529802 0.529802 0.529802 0.529802 0.529802 0.529802 0.529802 0.529802 0.529802 0.528176 0.529802 0.529802 0.529802 0.529802 0.529802 0.529802 0.529802 0.529802 0.529802 0.45 0.529802 0.529802 0.529802 0.529802 0.529802 0.529802 0.529802 0.529802 0.529802 0.472494 0.529802 0.529802 0.529802 0.529802 0.529802 0.529802 0.529802 0.529802 0.529802 0.45 0.529802 0.529802 0.529802 0.450024 0.529802 0.529802 0.527463 0.529802 0.529802 0.529802 0.529802 0.529802 0.529802 0.468436 0.529802 0.529802 0.45 0.529802 0.529802 0.529802 0.529802 0.529802 0.529802 0.45 0.529802 0.529802 0.488625 0.529802 0.529802 0.529802 0.529802 0.529802 0.529802 0.450005 0.529802 0.529802 0.528874 0.529802 0.529802 0.529802 0.529802 0.529802 0.529802 0.45 0.529802 0.529802 0.52639 0.529802 0.529802 0.529802 0.529802 0.529802 0.529802 0.452051 0.529802 0.529802 0.523265 0.529802 0.529802 0.529802 0.529802 0.529802 0.529802 0.45 0.529802 0.529802 0.45 0.529802 0.529802 0.529802 0.529802 0.529802 0.529802 0.45 0.529802 0.529802 0.450001 0.529802 0.529802 0.529802 0.529802 0.529802 0.529802 0.45 0.529802 0.529802 0.456426 0.529802 0.529802 0.529802 0.529802 0.529802 0.529802 0.45 0.529802 0.529802 0.45155 0.529802 0.529802 0.529802 0.529802 0.529802 0.529802 0.529802 0.529802 0.529802 0.529802 0.529802 0.529802 0.529802 0.529802 0.529802 0.529802 0.529802 0.529802 0.529802 0.529802 0.529802 0.529802 0.529802 0.529802 0.529802 0.529802 0.529802 0.529802 0.529802 0.529802 0.529802 0.529802 0.529802 0.529802 0.529802 0.529802 0.529802 0.529802 0.529802 0.529802 0.529802 0.529802 0.529802 0.529802 0.529802 0.529802 0.529802 0.529802 0.529802 0.529802 0.529802 0.529802 0.529802 0.529802 0.529802 0.529802 0.529802 0.529802 0.529802 0.529802 0.529802 0.529802 0.529802 0.529802 0.529802 0.529802 0.529802 0.529802 0.529802 0.529802 0.529802 0.529802 0.529802 0.529802 0.529802 0.529802 0.529802 0.529802 0.529802 0.529802 0.529802 0.529802 0.529802 0.529802 0.529802 0.529802 0.529802 0.529802 0.529802 0.529802 0.529802 0.529802 0.529802 0.529802 0.529802 0.529802 0.529802 0.529802 0.529802 0.529802 0.529802 0.529802 0.529802 0.529802 0.529802 0.529802 0.529802 0.529802 0.529802 0.529802 0.529802 0.529802 0.45 0.529802 0.529802 0.529802 0.529802 0.529802 0.529802 0.529802 0.529802 0.529802 0.45 0.529802 0.529802 0.529802 0.529802 0.529802 0.529802 0.529802 0.529802 0.529802 0.45 0.529802 0.529802 0.529802 0.529802 0.529802 0.529802 0.529802 0.529802 0.529802 0.45 0.529802 0.529802 0.529802 0.529802 0.529802 0.529802 0.529802 0.529802 0.529802 0.459739 0.529802 0.529802 0.529802 0.529802 0.529802 0.529802 0.529802 0.529802 0.529802 0.476303 0.529802 0.529802 0.529802 0.529802 0.529802 0.529802 0.529802 0.529802 0.529802 0.529504 0.529802 0.529802 0.529802 0.529802 0.529802 0.529802 0.529802 0.529802 0.529802 0.451223 0.529802 0.529802 0.529802 0.529802 0.529802 0.529802 0.529802 0.529802 0.529802 0.45 0.529802 0.529802 0.529802 0.529802 0.529802 0.529802 0.529802 0.529802 0.529802 0.45 0.529802 0.529802 0.529802 0.497689 0.529802 0.529802 0.528845 0.529802 0.529802 0.529802 0.529802 0.529802 0.529802 0.502259 0.529802 0.529802 0.528588 0.529802 0.529802 0.529802 0.529802 0.529802 0.529802 0.52957 0.529802 0.529802 0.528598 0.529802 0.529802 0.529802 0.529802 0.529802 0.529802 0.453679 0.529802 0.529802 0.45 0.529802 0.529802 0.529802 0.529802 0.529802 0.529802 0.450073 0.529802 0.529802 0.450037 0.529802 0.529802 0.529802 0.529802 0.529802 0.529802 0.450611 0.529802 0.529802 0.453855 0.529802 0.529802 0.529802 0.529802 0.529802 0.529802 0.451781 0.529802 0.529802 0.512496 0.529802 0.529802 0.529802 0.529802 0.529802 0.529802 0.450059 0.529802 0.529802 0.450056 0.529802 0.529802 0.529802 0.529802 0.529802 0.529802 0.519767 0.529802 0.529802 0.506671 0.529802 0.529802 0.529802 0.529802 0.529802 0.529802 0.528409 0.529802 0.529802 0.450182 0.529802 0.529802 0.529802 0.529802 0.529802 0.529802 0.529802 0.529802 0.529802 0.529802 0.529802 0.529802 0.529802 0.529802 0.529802 0.529802 0.529802 0.529802 0.529802 0.529802 0.529802 0.529802 0.529802 0.529802 0.529802 0.529802 0.529802 0.529802 0.529802 0.529802 0.529802 0.529802 0.529802 0.529802 0.529802 0.529802 0.529802 0.529802 0.529802 0.529802 0.529802 0.529802 0.529802 0.529802 0.529802 0.529802 0.529802 0.529802 0.529802 0.529802 0.529802 0.529802 0.529802 0.529802 0.529802 0.529802 0.529802 0.529802 0.529802 0.529802 0.529802 0.529802 0.529802 0.529802 0.529802 0.529802 0.529802 0.529802 0.529802 0.529802 0.529802 0.529802 0.529802 0.529802 0.529802 0.529802 0.529802 0.529802 0.529802 0.529802 0.529802 0.529802 0.529802 0.529802 0.529802 0.529802 0.529802 0.529802 0.529802 0.529802 0.529802 0.529802 0.529802 0.529802 0.529802 0.529802 0.529802 0.529802 0.529802 0.529802 0.529802 0.529802 0.529802 0.529802 0.529802 0.529802 0.529802 0.529802 0.529802 0.529802 0.529802 0.529802 0.450002 0.529802 0.529802 0.529802 0.529802 0.529802 0.529802 0.529802 0.529802 0.529802 0.508945 0.529802 0.529802 0.529802 0.529802 0.529802 0.529802 0.529802 0.529802 0.529802 0.476848 0.529802 0.529802 0.529802 0.529802 0.529802 0.529802 0.529802 0.529802 0.529802 0.505874 0.529802 0.529802 0.529802 0.529802 0.529802 0.529802 0.529802 0.529802 0.529802 0.450044 0.529802 0.529802 0.529802 0.529802 0.529802 0.529802 0.529802 0.529802 0.529802 0.450004 0.529802 0.529802 0.529802 0.529802 0.529802 0.529802 0.529802 0.529802 0.529802 0.450001 0.529802 0.529802 0.529802 0.529802 0.529802 0.529802 0.529802 0.529802 0.529802 0.450191 0.529802 0.529802 0.529802 0.529802 0.529802 0.529802 0.529802 0.529802 0.529802 0.476831 0.529802 0.529802 0.529802 0.529802 0.529802 0.529802 0.529802 0.529802 0.529802 0.45 0.529802 0.529802 0.529802 0.529802 0.529802 0.529802 0.529802 0.529802 0.529802 0.45 0.529802 0.529802 0.529802 0.529802 0.529802 0.529802 0.529802 0.529802 0.529802 0.45 0.529802 0.529802 0.529802 0.529802 0.529802 0.529802 0.529802 0.529802 0.529802 0.451028 0.529802 0.529802 0.529802 0.529802 0.529802 0.529802 0.529802 0.529802 0.529802 0.45 0.529802 0.529802 0.529802 0.529802 0.529802 0.529802 0.529802 0.529802 0.529802 0.528585 0.529802 0.529802 0.529802 0.529802 0.529802 0.529802 0.529802 0.529802 0.529802 0.450017 0.529802 0.529802 0.529802 0.529802 0.529802 0.529802 0.529802 0.529802 0.529802 0.450179 0.529802 0.529802 0.529802 0.529802 0.529802 0.529802 0.529802 0.529802 0.529802 0.45 0.529802 0.529802 0.529802 0.529802 0.529802 0.529802 0.529802 0.529802 0.529802 0.45012 0.529802 0.529802 0.529802 0.529802 0.529802 0.529802 0.529802 0.529802 0.529802 0.45 0.529802 0.529802 0.529802 0.452259 0.529802 0.529802 0.523484 0.529802 0.529802 0.529802 0.529802 0.529802 0.529802 0.452551 0.529802 0.529802 0.45002 0.529802 0.529802 0.529802 0.529802 0.529802 0.529802 0.529597 0.529802 0.529802 0.453058 0.529802 0.529802 0.529802 0.529802 0.529802 0.529802 0.450023 0.529802 0.529802 0.450031 0.529802 0.529802 0.529802 0.529802 0.529802 0.529802 0.450022 0.529802 0.529802 0.451084 0.529802 0.529802 0.529802 0.529802 0.529802 0.529802 0.45 0.529802 0.529802 0.45014 0.529802 0.529802 0.529802 0.529802 0.529802 0.529802 0.450121 0.529802 0.529802 0.45 0.529802 0.529802 0.529802 0.529802 0.529802 0.529802 0.45008 0.529802 0.529802 0.45 0.529802 0.529802 0.529802 0.529802 0.529802 0.529802 0.45 0.529802 0.529802 0.521888 0.529802 0.529802 0.529802 0.529802 0.529802 0.529802 0.523724 0.529802 0.529802 0.450707 0.529802 0.529802 0.529802 0.529802 0.529802 0.529802 0.529802 0.529802 0.529802 0.529802 0.529802 0.529802 0.529802 0.529802 0.529802 0.529802 0.529802 0.529802 0.529802 0.529802 0.529802 0.529802 0.529802 0.529802 0.529802 0.529802 0.529802 0.529802 0.529802 0.529802 0.529802 0.529802 0.529802 0.529802 0.529802 0.529802 0.529802 0.529802 0.529802 0.529802 0.529802 0.529802 0.529802 0.529802 0.529802 0.529802 0.529802 0.529802 0.529802 0.529802 0.529802 0.529802 0.529802 0.529802 0.529802 0.529802 0.529802 0.529802 0.529802 0.529802 0.529802 0.529802 0.529802 0.529802 0.529802 0.529802 0.529802 0.529802 0.529802 0.529802 0.529802 0.529802 0.529802 0.529802 0.529802 0.529802 0.529802 0.529802 0.529802 0.529802 0.529802 0.529802 0.529802 0.529802 0.529802 0.529802 0.529802 0.529802 0.529802 0.529802 0.529802 0.529802 0.529802 0.529802 0.529802 0.529802 0.529802 0.529802 0.529802 0.529802 0.529802 0.529802 0.529802 0.529802 0.529802 0.529802 0.529802 0.529802 0.529802 0.529802 0.529802 0.529802 0.529434 0.529802 0.529802 0.529802 0.529802 0.529802 0.529802 0.529802 0.529802 0.529802 0.52872 0.529802 0.529802 0.529802 0.529802 0.529802 0.529802 0.529802 0.529802 0.529802 0.450012 0.529802 0.529802 0.529802 0.529802 0.529802 0.529802 0.529802 0.529802 0.529802 0.515385 0.529802 0.529802 0.529802 0.529802 0.529802 0.529802 0.529802 0.529802 0.529802 0.452907 0.529802 0.529802 0.529802 0.529802 0.529802 0.529802 0.529802 0.529802 0.529802 0.45 0.529802 0.529802 0.529802 0.529802 0.529802 0.529802 0.529802 0.529802 0.529802 0.471591 0.529802 0.529802 0.529802 0.529802 0.529802 0.529802 0.529802 0.529802 0.529802 0.450099 0.529802 0.529802 0.529802 0.529802 0.529802 0.529802 0.529802 0.529802 0.529802 0.497539 0.529802 0.529802 0.529802 0.529802 0.529802 0.529802 0.529802 0.529802 0.529802 0.45 0.529802 0.529802 0.529802 0.526411 0.529802 0.529802 0.519521 0.529802 0.529802 0.529802 0.529802 0.529802 0.529802 0.45 0.529802 0.529802 0.514008 0.529802 0.529802 0.529802 0.529802 0.529802 0.529802 0.462613 0.529802 0.529802 0.456789 0.529802 0.529802 0.529802 0.529802 0.529802 0.529802 0.470359 0.529802 0.529802 0.527328 0.529802 0.529802 0.529802 0.529802 0.529802 0.529802 0.45 0.529802 0.529802 0.470827 0.529802 0.529802 0.529802 0.529802 0.529802 0.529802 0.509475 0.529802 0.529802 0.450013 0.529802 0.529802 0.529802 0.529802 0.529802 0.529802 0.461853 0.529802 0.529802 0.45 0.529802 0.529802 0.529802 0.529802 0.529802 0.529802 0.451118 0.529802 0.529802 0.527861 0.529802 0.529802 0.529802 0.529802 0.529802 0.529802 0.45 0.529802 0.529802 0.450027 0.529802 0.529802 0.529802 0.529802 0.529802 0.529802 0.505805 0.529802 0.529802 0.45 0.529802 0.529802 0.529802 0.529802 0.529802 0.529802 0.529802 0.529802 0.529802 0.529802 0.529802 0.529802 0.529802 0.529802 0.529802 0.529802 0.529802 0.529802 0.529802 0.529802 0.529802 0.529802 0.529802 0.529802 0.529802 0.529802 0.529802 0.529802 0.529802 0.529802 0.529802 0.529802 0.529802 0.529802 0.529802 0.529802 0.529802 0.529802 0.529802 0.529802 0.529802 0.529802 0.529802 0.529802 0.529802 0.529802 0.529802 0.529802 0.529802 0.529802 0.529802 0.529802 0.529802 0.529802 0.529802 0.529802 0.529802 0.529802 0.529802 0.529802 0.529802 0.529802 0.529802 0.529802 0.529802 0.529802 0.529802 0.529802 0.529802 0.529802 0.529802 0.529802 0.529802 0.529802 0.529802 0.529802 0.529802 0.529802 0.529802 0.529802 0.529802 0.529802 0.529802 0.529802 0.529802 0.529802 0.529802 0.529802 0.529802 0.529802 0.529802 0.529802 0.529802 0.529802 0.529802 0.529802 0.529802 0.529802 0.529802 0.529802 0.529802 0.529802 0.529802 0.529802 0.529802 0.529802 0.529802 0.529802 0.529802 0.529802 0.529802 0.529802 0.45 0.529802 0.529802 0.529802 0.529802 0.529802 0.529802 0.529802 0.529802 0.529802 0.45 0.529802 0.529802 0.529802 0.529802 0.529802 0.529802 0.529802 0.529802 0.529802 0.45002 0.529802 0.529802 0.529802 0.529802 0.529802 0.529802 0.529802 0.529802 0.529802 0.45 0.529802 0.529802 0.529802 0.529802 0.529802 0.529802 0.529802 0.529802 0.529802 0.45 0.529802 0.529802 0.529802 0.529802 0.529802 0.529802 0.529802 0.529802 0.529802 0.450085 0.529802 0.529802 0.529802 0.529802 0.529802 0.529802 0.529802 0.529802 0.529802 0.45 0.529802 0.529802 0.529802 0.529802 0.529802 0.529802 0.529802 0.529802 0.529802 0.466969 0.529802 0.529802 0.529802 0.529802 0.529802 0.529802 0.529802 0.529802 0.529802 0.529258 0.529802 0.529802 0.529802 0.529802 0.529802 0.529802 0.529802 0.529802 0.529802 0.517336 0.529802 0.529802 0.529802 0.523665 0.529802 0.529802 0.453315 0.529802 0.529802 0.529802 0.529802 0.529802 0.529802 0.496192 0.529802 0.529802 0.452312 0.529802 0.529802 0.529802 0.529802 0.529802 0.529802 0.47033 0.529802 0.529802 0.451723 0.529802 0.529802 0.529802 0.529802 0.529802 0.529802 0.45 0.529802 0.529802 0.507806 0.529802 0.529802 0.529802 0.529802 0.529802 0.529802 0.450047 0.529802 0.529802 0.450095 0.529802 0.529802 0.529802 0.529802 0.529802 0.529802 0.518046 0.529802 0.529802 0.450001 0.529802 0.529802 0.529802 0.529802 0.529802 0.529802 0.45 0.529802 0.529802 0.450978 0.529802 0.529802 0.529802 0.529802 0.529802 0.529802 0.496413 0.529802 0.529802 0.527953 0.529802 0.529802 0.529802 0.529802 0.529802 0.529802 0.498595 0.529802 0.529802 0.450001 0.529802 0.529802 0.529802 0.529802 0.529802 0.529802 0.479806 0.529802 0.529802 0.52548 0.529802 0.529802 0.529802 0.529802 0.529802 0.529802 0.529802 0.529802 0.529802 0.529802 0.529802 0.529802 0.529802 0.529802 0.529802 0.529802 0.529802 0.529802 0.529802 0.529802 0.529802 0.529802 0.529802 0.529802 0.529802 0.529802 0.529802 0.529802 0.529802 0.529802 0.529802 0.529802 0.529802 0.529802 0.529802 0.529802 0.529802 0.529802 0.529802 0.529802 0.529802 0.529802 0.529802 0.529802 0.529802 0.529802 0.529802 0.529802 0.529802 0.529802 0.529802 0.529802 0.529802 0.529802 0.529802 0.529802 0.529802 0.529802 0.529802 0.529802 0.529802 0.529802 0.529802 0.529802 0.529802 0.529802 0.529802 0.529802 0.529802 0.529802 0.529802 0.529802 0.529802 0.529802 0.529802 0.529802 0.529802 0.529802 0.529802 0.529802 0.529802 0.529802 0.529802 0.529802 0.529802 0.529802 0.529802 0.529802 0.529802 0.529802 0.529802 0.529802 0.529802 0.529802 0.529802 0.529802 0.529802 0.529802 0.529802 0.529802 0.529802 0.529802 0.529802 0.529802 0.529802 0.529802 0.529802 0.529802 0.529802 0.529802 0.529802 0.529802 0.450008 0.529802 0.529802 0.529802 0.529802 0.529802 0.529802 0.529802 0.529802 0.529802 0.529739 0.529802 0.529802 0.529802 0.529802 0.529802 0.529802 0.529802 0.529802 0.529802 0.458579 0.529802 0.529802 0.529802 0.529802 0.529802 0.529802 0.529802 0.529802 0.529802 0.450715 0.529802 0.529802 0.529802 0.529802 0.529802 0.529802 0.529802 0.529802 0.529802 0.450002 0.529802 0.529802 0.529802 0.529802 0.529802 0.529802 0.529802 0.529802 0.529802 0.45 0.529802 0.529802 0.529802 0.529802 0.529802 0.529802 0.529802 0.529802 0.529802 0.450257 0.529802 0.529802 0.529802 0.529802 0.529802 0.529802 0.529802 0.529802 0.529802 0.45 0.529802 0.529802 0.529802 0.529802 0.529802 0.529802 0.529802 0.529802 0.529802 0.45 0.529802 0.529802 0.529802 0.529802 0.529802 0.529802 0.529802 0.529802 0.529802 0.45 0.529802 0.529802 0.529802 0.529802 0.529802 0.529802 0.529802 0.529802 0.529802 0.451692 0.529802 0.529802 0.529802 0.529802 0.529802 0.529802 0.529802 0.529802 0.529802 0.450028 0.529802 0.529802 0.529802 0.529802 0.529802 0.529802 0.529802 0.529802 0.529802 0.459491 0.529802 0.529802 0.529802 0.529802 0.529802 0.529802 0.529802 0.529802 0.529802 0.450001 0.529802 0.529802 0.529802 0.529802 0.529802 0.529802 0.529802 0.529802 0.529802 0.482759 0.529802 0.529802 0.529802 0.529802 0.529802 0.529802 0.529802 0.529802 0.529802 0.52937 0.529802 0.529802 0.529802 0.529802 0.529802 0.529802 0.529802 0.529802 0.529802 0.45 0.529802 0.529802 0.529802 0.529802 0.529802 0.529802 0.529802 0.529802 0.529802 0.451391 0.529802 0.529802 0.529802 0.529802 0.529802 0.529802 0.529802 0.529802 0.529802 0.529353 0.529802 0.529802 0.529802 0.529802 0.529802 0.529802 0.529802 0.529802 0.529802 0.524914 0.529802 0.529802 0.529802 0.52766 0.529802 0.529802 0.450003 0.529802 0.529802 0.529802 0.529802 0.529802 0.529802 0.45 0.529802 0.529802 0.450005 0.529802 0.529802 0.529802 0.529802 0.529802 0.529802 0.45 0.529802 0.529802 0.511148 0.529802 0.529802 0.529802 0.529802 0.529802 0.529802 0.45 0.529802 0.529802 0.525923 0.529802 0.529802 0.529802 0.529802 0.529802 0.529802 0.519713 0.529802 0.529802 0.525006 0.529802 0.529802 0.529802 0.529802 0.529802 0.529802 0.45 0.529802 0.529802 0.528457 0.529802 0.529802 0.529802 0.529802 0.529802 0.529802 0.45 0.529802 0.529802 0.485269 0.529802 0.529802 0.529802 0.529802 0.529802 0.529802 0.45001 0.529802 0.529802 0.450011 0.529802 0.529802 0.529802 0.529802 0.529802 0.529802 0.507819 0.529802 0.529802 0.45 0.529802 0.529802 0.529802 0.529802 0.529802 0.529802 0.450571 0.529802 0.529802 0.520487 0.529802 0.529802 0.529802 0.529802 0.529802 0.529802 0.529802 0.529802 0.529802 0.529802 0.529802 0.529802 0.529802 0.529802 0.529802 0.529802 0.529802 0.529802 0.529802 0.529802 0.529802 0.529802 0.529802 0.529802 0.529802 0.529802 0.529802 0.529802 0.529802 0.529802 0.529802 0.529802 0.529802 0.529802 0.529802 0.529802 0.529802 0.529802 0.529802 0.529802 0.529802 0.529802 0.529802 0.529802 0.529802 0.529802 0.529802 0.529802 0.529802 0.529802 0.529802 0.529802 0.529802 0.529802 0.529802 0.529802 0.529802 0.529802 0.529802 0.529802 0.529802 0.529802 0.529802 0.529802 0.529802 0.529802 0.529802 0.529802 0.529802 0.529802 0.529802 0.529802 0.529802 0.529802 0.529802 0.529802 0.529802 0.529802 0.529802 0.529802 0.529802 0.529802 0.529802 0.529802 0.529802 0.529802 0.529802 0.529802 0.529802 0.529802 0.529802 0.529802 0.529802 0.529802 0.529802 0.529802 0.529802 0.529802 0.529802 0.529802 0.529802 0.529802 0.529802 0.529802 0.529802 0.529802 0.529802 0.529802 0.529802 0.529802 0.529802 0.529802 0.451726 0.529802 0.529802 0.529802 0.529802 0.529802 0.529802 0.529802 0.529802 0.529802 0.512972 0.529802 0.529802 0.529802 0.529802 0.529802 0.529802 0.529802 0.529802 0.529802 0.45 0.529802 0.529802 0.529802 0.529802 0.529802 0.529802 0.529802 0.529802 0.529802 0.519331 0.529802 0.529802 0.529802 0.529802 0.529802 0.529802 0.529802 0.529802 0.529802 0.45016 0.529802 0.529802 0.529802 0.529802 0.529802 0.529802 0.529802 0.529802 0.529802 0.455655 0.529802 0.529802 0.529802 0.529802 0.529802 0.529802 0.529802 0.529802 0.529802 0.473854 0.529802 0.529802 0.529802 0.529802 0.529802 0.529802 0.529802 0.529802 0.529802 0.45 0.529802 0.529802 0.529802 0.529802 0.529802 0.529802 0.529802 0.529802 0.529802 0.450047 0.529802 0.529802 0.529802 0.529802 0.529802 0.529802 0.529802 0.529802 0.529802 0.473431 0.529802 0.529802 0.529802 0.51589 0.529802 0.529802 0.47855 0.529802 0.529802 0.529802 0.529802 0.529802 0.529802 0.450198 0.529802 0.529802 0.501302 0.529802 0.529802 0.529802 0.529802 0.529802 0.529802 0.464509 0.529802 0.529802 0.450064 0.529802 0.529802 0.529802 0.529802 0.529802 0.529802 0.529202 0.529802 0.529802 0.523833 0.529802 0.529802 0.529802 0.529802 0.529802 0.529802 0.450006 0.529802 0.529802 0.527937 0.529802 0.529802 0.529802 0.529802 0.529802 0.529802 0.45 0.529802 0.529802 0.454931 0.529802 0.529802 0.529802 0.529802 0.529802 0.529802 0.52955 0.529802 0.529802 0.527303 0.529802 0.529802 0.529802 0.529802 0.529802 0.529802 0.457618 0.529802 0.529802 0.463014 0.529802 0.529802 0.529802 0.529802 0.529802 0.529802 0.527828 0.529802 0.529802 0.45 0.529802 0.529802 0.529802 0.529802 0.529802 0.529802 0.526857 0.529802 0.529802 0.454548 0.529802 0.529802 0.529802 0.529802 0.529802 0.529802 0.529802 0.529802 0.529802 0.529802 0.529802 0.529802 0.529802 0.529802 0.529802 0.529802 0.529802 0.529802 0.529802 0.529802 0.529802 0.529802 0.529802 0.529802 0.529802 0.529802 0.529802 0.529802 0.529802 0.529802 0.529802 0.529802 0.529802 0.529802 0.529802 0.529802 0.529802 0.529802 0.529802 0.529802 0.529802 0.529802 0.529802 0.529802 0.529802 0.529802 0.529802 0.529802 0.529802 0.529802 0.529802 0.529802 0.529802 0.529802 0.529802 0.529802 0.529802 0.529802 0.529802 0.529802 0.529802 0.529802 0.529802 0.529802 0.529802 0.529802 0.529802 0.529802 0.529802 0.529802 0.529802 0.529802 0.529802 0.529802 0.529802 0.529802 0.529802 0.529802 0.529802 0.529802 0.529802 0.529802 0.529802 0.529802 0.529802 0.529802 0.529802 0.529802 0.529802 0.529802 0.529802 0.529802 0.529802 0.529802 0.529802 0.529802 0.529802 0.529802 0.529802 0.529802 0.529802 0.529802 0.529802 0.529802 0.529802 0.529802 0.529802 0.529802 0.529802 0.529802 0.529802 0.529802 0.462344 0.529802 0.529802 0.529802 0.529802 0.529802 0.529802 0.529802 0.529802 0.529802 0.504916 0.529802 0.529802 0.529802 0.529802 0.529802 0.529802 0.529802 0.529802 0.529802 0.48292 0.529802 0.529802 0.529802 0.529802 0.529802 0.529802 0.529802 0.529802 0.529802 0.479015 0.529802 0.529802 0.529802 0.529802 0.529802 0.529802 0.529802 0.529802 0.529802 0.529715 0.529802 0.529802 0.529802 0.529802 0.529802 0.529802 0.529802 0.529802 0.529802 0.475394 0.529802 0.529802 0.529802 0.529802 0.529802 0.529802 0.529802 0.529802 0.529802 0.450284 0.529802 0.529802 0.529802 0.529802 0.529802 0.529802 0.529802 0.529802 0.529802 0.45 0.529802 0.529802 0.529802 0.529802 0.529802 0.529802 0.529802 0.529802 0.529802 0.525734 0.529802 0.529802 0.529802 0.529802 0.529802 0.529802 0.529802 0.529802 0.529802 0.525534 0.529802 0.529802 0.529802 0.450156 0.529802 0.529802 0.456357 0.529802 0.529802 0.529802 0.529802 0.529802 0.529802 0.480947 0.529802 0.529802 0.450001 0.529802 0.529802 0.529802 0.529802 0.529802 0.529802 0.4501 0.529802 0.529802 0.450016 0.529802 0.529802 0.529802 0.529802 0.529802 0.529802 0.527828 0.529802 0.529802 0.528234 0.529802 0.529802 0.529802 0.529802 0.529802 0.529802 0.45 0.529802 0.529802 0.528583 0.529802 0.529802 0.529802 0.529802 0.529802 0.529802 0.483068 0.529802 0.529802 0.45 0.529802 0.529802 0.529802 0.529802 0.529802 0.529802 0.450572 0.529802 0.529802 0.450096 0.529802 0.529802 0.529802 0.529802 0.529802 0.529802 0.450004 0.529802 0.529802 0.528441 0.529802 0.529802 0.529802 0.529802 0.529802 0.529802 0.527538 0.529802 0.529802 0.45 0.529802 0.529802 0.529802 0.529802 0.529802 0.529802 0.450002 0.529802 0.529802 0.485631 0.529802 0.529802 0.529802 0.529802 0.529802 0.529802 0.529802 0.529802 0.529802 0.529802 0.529802 0.529802 0.529802 0.529802 0.529802 0.529802 0.529802 0.529802 0.529802 0.529802 0.529802 0.529802 0.529802 0.529802 0.529802 0.529802 0.529802 0.529802 0.529802 0.529802 0.529802 0.529802 0.529802 0.529802 0.529802 0.529802 0.529802 0.529802 0.529802 0.529802 0.529802 0.529802 0.529802 0.529802 0.529802 0.529802 0.529802 0.529802 0.529802 0.529802 0.529802 0.529802 0.529802 0.529802 0.529802 0.529802 0.529802 0.529802 0.529802 0.529802 0.529802 0.529802 0.529802 0.529802 0.529802 0.529802 0.529802 0.529802 0.529802 0.529802 0.529802 0.529802 0.529802 0.529802 0.529802 0.529802 0.529802 0.529802 0.529802 0.529802 0.529802 0.529802 0.529802 0.529802 0.529802 0.529802 0.529802 0.529802 0.529802 0.529802 0.529802 0.529802 0.529802 0.529802 0.529802 0.529802 0.529802 0.529802 0.529802 0.529802 0.529802 0.529802 0.529802 0.529802 0.529802 0.529802 0.529802 0.529802 0.529802 0.529802 0.529802 0.529802 0.45 0.529802 0.529802 0.529802 0.529802 0.529802 0.529802 0.529802 0.529802 0.529802 0.45 0.529802 0.529802 0.529802 0.529802 0.529802 0.529802 0.529802 0.529802 0.529802 0.497146 0.529802 0.529802 0.529802 0.529802 0.529802 0.529802 0.529802 0.529802 0.529802 0.45 0.529802 0.529802 0.529802 0.529802 0.529802 0.529802 0.529802 0.529802 0.529802 0.517226 0.529802 0.529802 0.529802 0.529802 0.529802 0.529802 0.529802 0.529802 0.529802 0.529299 0.529802 0.529802 0.529802 0.529802 0.529802 0.529802 0.529802 0.529802 0.529802 0.453912 0.529802 0.529802 0.529802 0.529802 0.529802 0.529802 0.529802 0.529802 0.529802 0.450002 0.529802 0.529802 0.529802 0.529802 0.529802 0.529802 0.529802 0.529802 0.529802 0.45 0.529802 0.529802 0.529802 0.529802 0.529802 0.529802 0.529802 0.529802 0.529802 0.528554 0.529802 0.529802 0.529802 0.529802 0.529802 0.529802 0.529802 0.529802 0.529802 0.478651 0.529802 0.529802 0.529802 0.529802 0.529802 0.529802 0.529802 0.529802 0.529802 0.488936 0.529802 0.529802 0.529802 0.529802 0.529802 0.529802 0.529802 0.529802 0.529802 0.453443 0.529802 0.529802 0.529802 0.529802 0.529802 0.529802 0.529802 0.529802 0.529802 0.49643 0.529802 0.529802 0.529802 0.529802 0.529802 0.529802 0.529802 0.529802 0.529802 0.45 0.529802 0.529802 0.529802 0.529802 0.529802 0.529802 0.529802 0.529802 0.529802 0.45 0.529802 0.529802 0.529802 0.529802 0.529802 0.529802 0.529802 0.529802 0.529802 0.45003 0.529802 0.529802 0.529802 0.529802 0.529802 0.529802 0.529802 0.529802 0.529802 0.521224 0.529802 0.529802 0.529802 0.529802 0.529802 0.529802 0.529802 0.529802 0.529802 0.450001 0.529802 0.529802 0.529802 0.529802 0.529802 0.529802 0.529802 0.529802 0.529802 0.450002 0.529802 0.529802 0.529802 0.503301 0.529802 0.529802 0.523311 0.529802 0.529802 0.529802 0.529802 0.529802 0.529802 0.52965 0.529802 0.529802 0.45 0.529802 0.529802 0.529802 0.529802 0.529802 0.529802 0.450024 0.529802 0.529802 0.45 0.529802 0.529802 0.529802 0.529802 0.529802 0.529802 0.45 0.529802 0.529802 0.450025 0.529802 0.529802 0.529802 0.529802 0.529802 0.529802 0.45 0.529802 0.529802 0.529168 0.529802 0.529802 0.529802 0.529802 0.529802 0.529802 0.504815 0.529802 0.529802 0.528187 0.529802 0.529802 0.529802 0.529802 0.529802 0.529802 0.512517 0.529802 0.529802 0.450174 0.529802 0.529802 0.529802 0.529802 0.529802 0.529802 0.529411 0.529802 0.529802 0.45 0.529802 0.529802 0.529802 0.529802 0.529802 0.529802 0.451209 0.529802 0.529802 0.509139 0.529802 0.529802 0.529802 0.529802 0.529802 0.529802 0.52904 0.529802 0.529802 0.520391 0.529802 0.529802 0.529802 0.529802 0.529802 0.529802 0.529802 0.529802 0.529802 0.529802 0.529802 0.529802 0.529802 0.529802 0.529802 0.529802 0.529802 0.529802 0.529802 0.529802 0.529802 0.529802 0.529802 0.529802 0.529802 0.529802 0.529802 0.529802 0.529802 0.529802 0.529802 0.529802 0.529802 0.529802 0.529802 0.529802 0.529802 0.529802 0.529802 0.529802 0.529802 0.529802 0.529802 0.529802 0.529802 0.529802 0.529802 0.529802 0.529802 0.529802 0.529802 0.529802 0.529802 0.529802 0.529802 0.529802 0.529802 0.529802 0.529802 0.529802 0.529802 0.529802 0.529802 0.529802 0.529802 0.529802 0.529802 0.529802 0.529802 0.529802 0.529802 0.529802 0.529802 0.529802 0.529802 0.529802 0.529802 0.529802 0.529802 0.529802 0.529802 0.529802 0.529802 0.529802 0.529802 0.529802 0.529802 0.529802 0.529802 0.529802 0.529802 0.529802 0.529802 0.529802 0.529802 0.529802 0.529802 0.529802 0.529802 0.529802 0.529802 0.529802 0.529802 0.529802 0.529802 0.529802 0.529802 0.529802 0.529802 0.529802 0.529802 0.529802 0.45 0.529802 0.529802 0.529802 0.529802 0.529802 0.529802 0.529802 0.529802 0.529802 0.528299 0.529802 0.529802 0.529802 0.529802 0.529802 0.529802 0.529802 0.529802 0.529802 0.45 0.529802 0.529802 0.529802 0.529802 0.529802 0.529802 0.529802 0.529802 0.529802 0.521063 0.529802 0.529802 0.529802 0.529802 0.529802 0.529802 0.529802 0.529802 0.529802 0.529623 0.529802 0.529802 0.529802 0.529802 0.529802 0.529802 0.529802 0.529802 0.529802 0.518121 0.529802 0.529802 0.529802 0.529802 0.529802 0.529802 0.529802 0.529802 0.529802 0.526253 0.529802 0.529802 0.529802 0.529802 0.529802 0.529802 0.529802 0.529802 0.529802 0.506689 0.529802 0.529802 0.529802 0.529802 0.529802 0.529802 0.529802 0.529802 0.529802 0.452797 0.529802 0.529802 0.529802 0.529802 0.529802 0.529802 0.529802 0.529802 0.529802 0.45 0.529802 0.529802 0.529802 0.45 0.529802 0.529802 0.46141 0.529802 0.529802 0.529802 0.529802 0.529802 0.529802 0.45 0.529802 0.529802 0.45 0.529802 0.529802 0.529802 0.529802 0.529802 0.529802 0.45 0.529802 0.529802 0.529165 0.529802 0.529802 0.529802 0.529802 0.529802 0.529802 0.450583 0.529802 0.529802 0.45 0.529802 0.529802 0.529802 0.529802 0.529802 0.529802 0.45 0.529802 0.529802 0.496421 0.529802 0.529802 0.529802 0.529802 0.529802 0.529802 0.45 0.529802 0.529802 0.489405 0.529802 0.529802 0.529802 0.529802 0.529802 0.529802 0.45 0.529802 0.529802 0.45 0.529802 0.529802 0.529802 0.529802 0.529802 0.529802 0.506033 0.529802 0.529802 0.45 0.529802 0.529802 0.529802 0.529802 0.529802 0.529802 0.466422 0.529802 0.529802 0.45 0.529802 0.529802 0.529802 0.529802 0.529802 0.529802 0.507031 0.529802 0.529802 0.528066 0.529802 0.529802 0.529802 0.529802 0.529802 0.529802 0.529802 0.529802 0.529802 0.529802 0.529802 0.529802 0.529802 0.529802 0.529802 0.529802 0.529802 0.529802 0.529802 0.529802 0.529802 0.529802 0.529802 0.529802 0.529802 0.529802 0.529802 0.529802 0.529802 0.529802 0.529802 0.529802 0.529802 0.529802 0.529802 0.529802 0.529802 0.529802 0.529802 0.529802 0.529802 0.529802 0.529802 0.529802 0.529802 0.529802 0.529802 0.529802 0.529802 0.529802 0.529802 0.529802 0.529802 0.529802 0.529802 0.529802 0.529802 0.529802 0.529802 0.529802 0.529802 0.529802 0.529802 0.529802 0.529802 0.529802 0.529802 0.529802 0.529802 0.529802 0.529802 0.529802 0.529802 0.529802 0.529802 0.529802 0.529802 0.529802 0.529802 0.529802 0.529802 0.529802 0.529802 0.529802 0.529802 0.529802 0.529802 0.529802 0.529802 0.529802 0.529802 0.529802 0.529802 0.529802 0.529802 0.529802 0.529802 0.529802 0.529802 0.529802 0.529802 0.529802 0.529802 0.529802 0.529802 0.529802 0.529802 0.529802 0.529802 0.529802 0.529802 0.529802 0.478545 0.529802 0.529802 0.529802 0.529802 0.529802 0.529802 0.529802 0.529802 0.529802 0.45 0.529802 0.529802 0.529802 0.529802 0.529802 0.529802 0.529802 0.529802 0.529802 0.450004 0.529802 0.529802 0.529802 0.529802 0.529802 0.529802 0.529802 0.529802 0.529802 0.45466 0.529802 0.529802 0.529802 0.529802 0.529802 0.529802 0.529802 0.529802 0.529802 0.450045 0.529802 0.529802 0.529802 0.529802 0.529802 0.529802 0.529802 0.529802 0.529802 0.47996 0.529802 0.529802 0.529802 0.529802 0.529802 0.529802 0.529802 0.529802 0.529802 0.450366 0.529802 0.529802 0.529802 0.529802 0.529802 0.529802 0.529802 0.529802 0.529802 0.45 0.529802 0.529802 0.529802 0.529802 0.529802 0.529802 0.529802 0.529802 0.529802 0.452644 0.529802 0.529802 0.529802 0.529802 0.529802 0.529802 0.529802 0.529802 0.529802 0.451897 0.529802 0.529802 0.529802 0.529597 0.529802 0.529802 0.500908 0.529802 0.529802 0.529802 0.529802 0.529802 0.529802 0.45 0.529802 0.529802 0.45 0.529802 0.529802 0.529802 0.529802 0.529802 0.529802 0.503894 0.529802 0.529802 0.45 0.529802 0.529802 0.529802 0.529802 0.529802 0.529802 0.45 0.529802 0.529802 0.450273 0.529802 0.529802 0.529802 0.529802 0.529802 0.529802 0.45 0.529802 0.529802 0.450078 0.529802 0.529802 0.529802 0.529802 0.529802 0.529802 0.456887 0.529802 0.529802 0.498402 0.529802 0.529802 0.529802 0.529802 0.529802 0.529802 0.45 0.529802 0.529802 0.509792 0.529802 0.529802 0.529802 0.529802 0.529802 0.529802 0.45 0.529802 0.529802 0.52908 0.529802 0.529802 0.529802 0.529802 0.529802 0.529802 0.453545 0.529802 0.529802 0.450002 0.529802 0.529802 0.529802 0.529802 0.529802 0.529802 0.450009 0.529802 0.529802 0.45 0.529802 0.529802 0.529802 0.529802 0.529802 0.529802 0.529802 0.529802 0.529802 0.529802 0.529802 0.529802 0.529802 0.529802 0.529802 0.529802 0.529802 0.529802 0.529802 0.529802 0.529802 0.529802 0.529802 0.529802 0.529802 0.529802 0.529802 0.529802 0.529802 0.529802 0.529802 0.529802 0.529802 0.529802 0.529802 0.529802 0.529802 0.529802 0.529802 0.529802 0.529802 0.529802 0.529802 0.529802 0.529802 0.529802 0.529802 0.529802 0.529802 0.529802 0.529802 0.529802 0.529802 0.529802 0.529802 0.529802 0.529802 0.529802 0.529802 0.529802 0.529802 0.529802 0.529802 0.529802 0.529802 0.529802 0.529802 0.529802 0.529802 0.529802 0.529802 0.529802 0.529802 0.529802 0.529802 0.529802 0.529802 0.529802 0.529802 0.529802 0.529802 0.529802 0.529802 0.529802 0.529802 0.529802 0.529802 0.529802 0.529802 0.529802 0.529802 0.529802 0.529802 0.529802 0.529802 0.529802 0.529802 0.529802 0.529802 0.529802 0.529802 0.529802 0.529802 0.529802 0.529802 0.529802 0.529802 0.529802 0.529802 0.529802 0.529802 0.529802 0.488379 0.529802 0.529802 0.529802 0.529802 0.529802 0.529802 0.529802 0.529802 0.529802 0.453301 0.529802 0.529802 0.529802 0.529802 0.529802 0.529802 0.529802 0.529802 0.529802 0.450121 0.529802 0.529802 0.529802 0.529802 0.529802 0.529802 0.529802 0.529802 0.529802 0.45 0.529802 0.529802 0.529802 0.529802 0.529802 0.529802 0.529802 0.529802 0.529802 0.528425 0.529802 0.529802 0.529802 0.529802 0.529802 0.529802 0.529802 0.529802 0.529802 0.46414 0.529802 0.529802 0.529802 0.529802 0.529802 0.529802 0.529802 0.529802 0.529802 0.45738 0.529802 0.529802 0.529802 0.529802 0.529802 0.529802 0.529802 0.529802 0.529802 0.529166 0.529802 0.529802 0.529802 0.529802 0.529802 0.529802 0.529802 0.529802 0.529802 0.452505 0.529802 0.529802 0.529802 0.529802 0.529802 0.529802 0.529802 0.529802 0.529802 0.45 0.529802 0.529802 0.529802 0.529802 0.529802 0.529802 0.529802 0.529802 0.529802 0.451363 0.529802 0.529802 0.529802 0.529802 0.529802 0.529802 0.529802 0.529802 0.529802 0.45 0.529802 0.529802 0.529802 0.529802 0.529802 0.529802 0.529802 0.529802 0.529802 0.527567 0.529802 0.529802 0.529802 0.529802 0.529802 0.529802 0.529802 0.529802 0.529802 0.45 0.529802 0.529802 0.529802 0.529802 0.529802 0.529802 0.529802 0.529802 0.529802 0.511601 0.529802 0.529802 0.529802 0.529802 0.529802 0.529802 0.529802 0.529802 0.529802 0.450057 0.529802 0.529802 0.529802 0.529802 0.529802 0.529802 0.529802 0.529802 0.529802 0.519377 0.529802 0.529802 0.529802 0.529802 0.529802 0.529802 0.529802 0.529802 0.529802 0.45 0.529802 0.529802 0.529802 0.529802 0.529802 0.529802 0.529802 0.529802 0.529802 0.529177 0.529802 0.529802 0.529802 0.529802 0.529802 0.529802 0.529802 0.529802 0.529802 0.509319 0.529802 0.529802 0.529802 0.455915 0.529802 0.529802 0.450071 0.529802 0.529802 0.529802 0.529802 0.529802 0.529802 0.520382 0.529802 0.529802 0.45 0.529802 0.529802 0.529802 0.529802 0.529802 0.529802 0.483896 0.529802 0.529802 0.45 0.529802 0.529802 0.529802 0.529802 0.529802 0.529802 0.450036 0.529802 0.529802 0.450285 0.529802 0.529802 0.529802 0.529802 0.529802 0.529802 0.529457 0.529802 0.529802 0.45 0.529802 0.529802 0.529802 0.529802 0.529802 0.529802 0.484777 0.529802 0.529802 0.450258 0.529802 0.529802 0.529802 0.529802 0.529802 0.529802 0.450011 0.529802 0.529802 0.45 0.529802 0.529802 0.529802 0.529802 0.529802 0.529802 0.457248 0.529802 0.529802 0.474824 0.529802 0.529802 0.529802 0.529802 0.529802 0.529802 0.450013 0.529802 0.529802 0.450629 0.529802 0.529802 0.529802 0.529802 0.529802 0.529802 0.450003 0.529802 0.529802 0.526928 0.529802 0.529802 0.529802 0.529802 0.529802 0.529802 0.529802 0.529802 0.529802 0.529802 0.529802 0.529802 0.529802 0.529802 0.529802 0.529802 0.529802 0.529802 0.529802 0.529802 0.529802 0.529802 0.529802 0.529802 0.529802 0.529802 0.529802 0.529802 0.529802 0.529802 0.529802 0.529802 0.529802 0.529802 0.529802 0.529802 0.529802 0.529802 0.529802 0.529802 0.529802 0.529802 0.529802 0.529802 0.529802 0.529802 0.529802 0.529802 0.529802 0.529802 0.529802 0.529802 0.529802 0.529802 0.529802 0.529802 0.529802 0.529802 0.529802 0.529802 0.529802 0.529802 0.529802 0.529802 0.529802 0.529802 0.529802 0.529802 0.529802 0.529802 0.529802 0.529802 0.529802 0.529802 0.529802 0.529802 0.529802 0.529802 0.529802 0.529802 0.529802 0.529802 0.529802 0.529802 0.529802 0.529802 0.529802 0.529802 0.529802 0.529802 0.529802 0.529802 0.529802 0.529802 0.529802 0.529802 0.529802 0.529802 0.529802 0.529802 0.529802 0.529802 0.529802 0.529802 0.529802 0.529802 0.529802 0.529802 0.529802 0.529802 0.529802 0.529802 0.516642 0.529802 0.529802 0.529802 0.529802 0.529802 0.529802 0.529802 0.529802 0.529802 0.508196 0.529802 0.529802 0.529802 0.529802 0.529802 0.529802 0.529802 0.529802 0.529802 0.45 0.529802 0.529802 0.529802 0.529802 0.529802 0.529802 0.529802 0.529802 0.529802 0.528168 0.529802 0.529802 0.529802 0.529802 0.529802 0.529802 0.529802 0.529802 0.529802 0.456737 0.529802 0.529802 0.529802 0.529802 0.529802 0.529802 0.529802 0.529802 0.529802 0.450226 0.529802 0.529802 0.529802 0.529802 0.529802 0.529802 0.529802 0.529802 0.529802 0.522728 0.529802 0.529802 0.529802 0.529802 0.529802 0.529802 0.529802 0.529802 0.529802 0.45 0.529802 0.529802 0.529802 0.529802 0.529802 0.529802 0.529802 0.529802 0.529802 0.528931 0.529802 0.529802 0.529802 0.529802 0.529802 0.529802 0.529802 0.529802 0.529802 0.527091 0.529802 0.529802 0.529802 0.460673 0.529802 0.529802 0.518078 0.529802 0.529802 0.529802 0.529802 0.529802 0.529802 0.45 0.529802 0.529802 0.452985 0.529802 0.529802 0.529802 0.529802 0.529802 0.529802 0.450053 0.529802 0.529802 0.45 0.529802 0.529802 0.529802 0.529802 0.529802 0.529802 0.45 0.529802 0.529802 0.463645 0.529802 0.529802 0.529802 0.529802 0.529802 0.529802 0.528524 0.529802 0.529802 0.45 0.529802 0.529802 0.529802 0.529802 0.529802 0.529802 0.520467 0.529802 0.529802 0.455163 0.529802 0.529802 0.529802 0.529802 0.529802 0.529802 0.519618 0.529802 0.529802 0.480958 0.529802 0.529802 0.529802 0.529802 0.529802 0.529802 0.524767 0.529802 0.529802 0.498021 0.529802 0.529802 0.529802 0.529802 0.529802 0.529802 0.45 0.529802 0.529802 0.51625 0.529802 0.529802 0.529802 0.529802 0.529802 0.529802 0.450073 0.529802 0.529802 0.45 0.529802 0.529802 0.529802 0.529802 0.529802 0.529802 0.529802 0.529802 0.529802 0.529802 0.529802 0.529802 0.529802 0.529802 0.529802 0.529802 0.529802 0.529802 0.529802 0.529802 0.529802 0.529802 0.529802 0.529802 0.529802 0.529802 0.529802 0.529802 0.529802 0.529802 0.529802 0.529802 0.529802 0.529802 0.529802 0.529802 0.529802 0.529802 0.529802 0.529802 0.529802 0.529802 0.529802 0.529802 0.529802 0.529802 0.529802 0.529802 0.529802 0.529802 0.529802 0.529802 0.529802 0.529802 0.529802 0.529802 0.529802 0.529802 0.529802 0.529802 0.529802 0.529802 0.529802 0.529802 0.529802 0.529802 0.529802 0.529802 0.529802 0.529802 0.529802 0.529802 0.529802 0.529802 0.529802 0.529802 0.529802 0.529802 0.529802 0.529802 0.529802 0.529802 0.529802 0.529802 0.529802 0.529802 0.529802 0.529802 0.529802 0.529802 0.529802 0.529802 0.529802 0.529802 0.529802 0.529802 0.529802 0.529802 0.529802 0.529802 0.529802 0.529802 0.529802 0.529802 0.529802 0.529802 0.529802 0.529802 0.529802 0.529802 0.529802 0.529802 0.529276 0.529802 0.529802 0.529802 0.529802 0.529802 0.529802 0.529802 0.529802 0.529802 0.508292 0.529802 0.529802 0.529802 0.529802 0.529802 0.529802 0.529802 0.529802 0.529802 0.450204 0.529802 0.529802 0.529802 0.529802 0.529802 0.529802 0.529802 0.529802 0.529802 0.450441 0.529802 0.529802 0.529802 0.529802 0.529802 0.529802 0.529802 0.529802 0.529802 0.450002 0.529802 0.529802 0.529802 0.529802 0.529802 0.529802 0.529802 0.529802 0.529802 0.45024 0.529802 0.529802 0.529802 0.529802 0.529802 0.529802 0.529802 0.529802 0.529802 0.502915 0.529802 0.529802 0.529802 0.529802 0.529802 0.529802 0.529802 0.529802 0.529802 0.521638 0.529802 0.529802 0.529802 0.529802 0.529802 0.529802 0.529802 0.529802 0.529802 0.450021 0.529802 0.529802 0.529802 0.529802 0.529802 0.529802 0.529802 0.529802 0.529802 0.45 0.529802 0.529802 0.529802 0.45 0.529802 0.529802 0.528315 0.529802 0.529802 0.529802 0.529802 0.529802 0.529802 0.451394 0.529802 0.529802 0.529634 0.529802 0.529802 0.529802 0.529802 0.529802 0.529802 0.45 0.529802 0.529802 0.52307 0.529802 0.529802 0.529802 0.529802 0.529802 0.529802 0.45 0.529802 0.529802 0.529253 0.529802 0.529802 0.529802 0.529802 0.529802 0.529802 0.484109 0.529802 0.529802 0.450014 0.529802 0.529802 0.529802 0.529802 0.529802 0.529802 0.502019 0.529802 0.529802 0.45 0.529802 0.529802 0.529802 0.529802 0.529802 0.529802 0.450025 0.529802 0.529802 0.45 0.529802 0.529802 0.529802 0.529802 0.529802 0.529802 0.450649 0.529802 0.529802 0.528842 0.529802 0.529802 0.529802 0.529802 0.529802 0.529802 0.450355 0.529802 0.529802 0.45 0.529802 0.529802 0.529802 0.529802 0.529802 0.529802 0.450004 0.529802 0.529802 0.45 0.529802 0.529802 0.529802 0.529802 0.529802 0.529802 0.529802 0.529802 0.529802 0.529802 0.529802 0.529802 0.529802 0.529802 0.529802 0.529802 0.529802 0.529802 0.529802 0.529802 0.529802 0.529802 0.529802 0.529802 0.529802 0.529802 0.529802 0.529802 0.529802 0.529802 0.529802 0.529802 0.529802 0.529802 0.529802 0.529802 0.529802 0.529802 0.529802 0.529802 0.529802 0.529802 0.529802 0.529802 0.529802 0.529802 0.529802 0.529802 0.529802 0.529802 0.529802 0.529802 0.529802 0.529802 0.529802 0.529802 0.529802 0.529802 0.529802 0.529802 0.529802 0.529802 0.529802 0.529802 0.529802 0.529802 0.529802 0.529802 0.529802 0.529802 0.529802 0.529802 0.529802 0.529802 0.529802 0.529802 0.529802 0.529802 0.529802 0.529802 0.529802 0.529802 0.529802 0.529802 0.529802 0.529802 0.529802 0.529802 0.529802 0.529802 0.529802 0.529802 0.529802 0.529802 0.529802 0.529802 0.529802 0.529802 0.529802 0.529802 0.529802 0.529802 0.529802 0.529802 0.529802 0.529802 0.529802 0.529802 0.529802 0.529802 0.529802 0.529802 0.524614 0.529802 0.529802 0.529802 0.529802 0.529802 0.529802 0.529802 0.529802 0.529802 0.457416 0.529802 0.529802 0.529802 0.529802 0.529802 0.529802 0.529802 0.529802 0.529802 0.52958 0.529802 0.529802 0.529802 0.529802 0.529802 0.529802 0.529802 0.529802 0.529802 0.507599 0.529802 0.529802 0.529802 0.529802 0.529802 0.529802 0.529802 0.529802 0.529802 0.45 0.529802 0.529802 0.529802 0.529802 0.529802 0.529802 0.529802 0.529802 0.529802 0.450001 0.529802 0.529802 0.529802 0.529802 0.529802 0.529802 0.529802 0.529802 0.529802 0.450013 0.529802 0.529802 0.529802 0.529802 0.529802 0.529802 0.529802 0.529802 0.529802 0.45 0.529802 0.529802 0.529802 0.529802 0.529802 0.529802 0.529802 0.529802 0.529802 0.450129 0.529802 0.529802 0.529802 0.529802 0.529802 0.529802 0.529802 0.529802 0.529802 0.528851 0.529802 0.529802 
0.539753 0.539753 0.539753 0.539753 0.539753 0.539753 0.539753 0.496461 0.539753 0.539753 0.539753 0.539753 0.539753 0.539753 0.539753 0.539753 0.539753 0.44 0.539753 0.539753 0.539753 0.539753 0.539753 0.539753 0.539753 0.539753 0.539753 0.440003 0.539753 0.539753 0.539753 0.539753 0.539753 0.539753 0.539753 0.539753 0.539753 0.539383 0.539753 0.539753 0.539753 0.539753 0.539753 0.539753 0.539753 0.539753 0.539753 0.440248 0.539753 0.539753 0.539753 0.539753 0.539753 0.539753 0.539753 0.539753 0.539753 0.440021 0.539753 0.539753 0.539753 0.539753 0.539753 0.539753 0.539753 0.539753 0.539753 0.440037 0.539753 0.539753 0.539753 0.539753 0.539753 0.539753 0.539753 0.539753 0.539753 0.539145 0.539753 0.539753 0.539753 0.539753 0.539753 0.539753 0.539753 0.539753 0.539753 0.536965 0.539753 0.539753 0.539753 0.539753 0.539753 0.539753 0.539753 0.539753 0.539753 0.440038 0.539753 0.539753 0.539753 0.514861 0.539753 0.539753 0.44 0.539753 0.539753 0.539753 0.539753 0.539753 0.539753 0.484659 0.539753 0.539753 0.462512 0.539753 0.539753 0.539753 0.539753 0.539753 0.539753 0.440195 0.539753 0.539753 0.440002 0.539753 0.539753 0.539753 0.539753 0.539753 0.539753 0.536173 0.539753 0.539753 0.44 0.539753 0.539753 0.539753 0.539753 0.539753 0.539753 0.534311 0.539753 0.539753 0.450772 0.539753 0.539753 0.539753 0.539753 0.539753 0.539753 0.535094 0.539753 0.539753 0.440027 0.539753 0.539753 0.539753 0.539753 0.539753 0.539753 0.440509 0.539753 0.539753 0.440086 0.539753 0.539753 0.539753 0.539753 0.539753 0.539753 0.444975 0.539753 0.539753 0.44 0.539753 0.539753 0.539753 0.539753 0.539753 0.539753 0.539328 0.539753 0.539753 0.535934 0.539753 0.539753 0.539753 0.539753 0.539753 0.539753 0.44 0.539753 0.539753 0.440001 0.539753 0.539753 0.539753 0.539753 0.539753 0.539753 0.539753 0.539753 0.539753 0.539753 0.539753 0.539753 0.539753 0.539753 0.539753 0.539753 0.539753 0.539753 0.539753 0.539753 0.539753 0.539753 0.539753 0.539753 0.539753 0.539753 0.539753 0.539753 0.539753 0.539753 0.539753 0.539753 0.539753 0.539753 0.539753 0.539753 0.539753 0.539753 0.539753 0.539753 0.539753 0.539753 0.539753 0.539753 0.539753 0.539753 0.539753 0.539753 0.539753 0.539753 0.539753 0.539753 0.539753 0.539753 0.539753 0.539753 0.539753 0.539753 0.539753 0.539753 0.539753 0.539753 0.539753 0.539753 0.539753 0.539753 0.539753 0.539753 0.539753 0.539753 0.539753 0.539753 0.539753 0.539753 0.539753 0.539753 0.539753 0.539753 0.539753 0.539753 0.539753 0.539753 0.539753 0.539753 0.539753 0.539753 0.539753 0.539753 0.539753 0.539753 0.539753 0.539753 0.539753 0.539753 0.539753 0.539753 0.539753 0.539753 0.539753 0.539753 0.539753 0.539753 0.539753 0.539753 0.539753 0.539753 0.539753 0.539753 0.539753 0.539753 0.539753 0.539753 0.44 0.539753 0.539753 0.539753 0.539753 0.539753 0.539753 0.539753 0.539753 0.539753 0.529064 0.539753 0.539753 0.539753 0.539753 0.539753 0.539753 0.539753 0.539753 0.539753 0.44 0.539753 0.539753 0.539753 0.539753 0.539753 0.539753 0.539753 0.539753 0.539753 0.44 0.539753 0.539753 0.539753 0.539753 0.539753 0.539753 0.539753 0.539753 0.539753 0.535662 0.539753 0.539753 0.539753 0.539753 0.539753 0.539753 0.539753 0.539753 0.539753 0.462611 0.539753 0.539753 0.539753 0.539753 0.539753 0.539753 0.539753 0.539753 0.539753 0.44 0.539753 0.539753 0.539753 0.539753 0.539753 0.539753 0.539753 0.539753 0.539753 0.458189 0.539753 0.539753 0.539753 0.539753 0.539753 0.539753 0.539753 0.539753 0.539753 0.539662 0.539753 0.539753 0.539753 0.539753 0.539753 0.539753 0.539753 0.539753 0.539753 0.538968 0.539753 0.539753 0.539753 0.481585 0.539753 0.539753 0.475902 0.539753 0.539753 0.539753 0.539753 0.539753 0.539753 0.44 0.539753 0.539753 0.440037 0.539753 0.539753 0.539753 0.539753 0.539753 0.539753 0.450643 0.539753 0.539753 0.51274 0.539753 0.539753 0.539753 0.539753 0.539753 0.539753 0.440706 0.539753 0.539753 0.484454 0.539753 0.539753 0.539753 0.539753 0.539753 0.539753 0.44 0.539753 0.539753 0.507783 0.539753 0.539753 0.539753 0.539753 0.539753 0.539753 0.537476 0.539753 0.539753 0.534412 0.539753 0.539753 0.539753 0.539753 0.539753 0.539753 0.44 0.539753 0.539753 0.440046 0.539753 0.539753 0.539753 0.539753 0.539753 0.539753 0.44 0.539753 0.539753 0.44 0.539753 0.539753 0.539753 0.539753 0.539753 0.539753 0.518331 0.539753 0.539753 0.497107 0.539753 0.539753 0.539753 0.539753 0.539753 0.539753 0.44 0.539753 0.539753 0.440015 0.539753 0.539753 0.539753 0.539753 0.539753 0.539753 0.539753 0.539753 0.539753 0.539753 0.539753 0.539753 0.539753 0.539753 0.539753 0.539753 0.539753 0.539753 0.539753 0.539753 0.539753 0.539753 0.539753 0.539753 0.539753 0.539753 0.539753 0.539753 0.539753 0.539753 0.539753 0.539753 0.539753 0.539753 0.539753 0.539753 0.539753 0.539753 0.539753 0.539753 0.539753 0.539753 0.539753 0.539753 0.539753 0.539753 0.539753 0.539753 0.539753 0.539753 0.539753 0.539753 0.539753 0.539753 0.539753 0.539753 0.539753 0.539753 0.539753 0.539753 0.539753 0.539753 0.539753 0.539753 0.539753 0.539753 0.539753 0.539753 0.539753 0.539753 0.539753 0.539753 0.539753 0.539753 0.539753 0.539753 0.539753 0.539753 0.539753 0.539753 0.539753 0.539753 0.539753 0.539753 0.539753 0.539753 0.539753 0.539753 0.539753 0.539753 0.539753 0.539753 0.539753 0.539753 0.539753 0.539753 0.539753 0.539753 0.539753 0.539753 0.539753 0.539753 0.539753 0.539753 0.539753 0.539753 0.539753 0.539753 0.539753 0.539753 0.539753 0.539753 0.44001 0.539753 0.539753 0.539753 0.539753 0.539753 0.539753 0.539753 0.539753 0.539753 0.44 0.539753 0.539753 0.539753 0.539753 0.539753 0.539753 0.539753 0.539753 0.539753 0.44 0.539753 0.539753 0.539753 0.539753 0.539753 0.539753 0.539753 0.539753 0.539753 0.440053 0.539753 0.539753 0.539753 0.539753 0.539753 0.539753 0.539753 0.539753 0.539753 0.521297 0.539753 0.539753 0.539753 0.539753 0.539753 0.539753 0.539753 0.539753 0.539753 0.539484 0.539753 0.539753 0.539753 0.539753 0.539753 0.539753 0.539753 0.539753 0.539753 0.441137 0.539753 0.539753 0.539753 0.539753 0.539753 0.539753 0.539753 0.539753 0.539753 0.508534 0.539753 0.539753 0.539753 0.539753 0.539753 0.539753 0.539753 0.539753 0.539753 0.44 0.539753 0.539753 0.539753 0.539753 0.539753 0.539753 0.539753 0.539753 0.539753 0.440328 0.539753 0.539753 0.539753 0.44 0.539753 0.539753 0.441415 0.539753 0.539753 0.539753 0.539753 0.539753 0.539753 0.446388 0.539753 0.539753 0.440021 0.539753 0.539753 0.539753 0.539753 0.539753 0.539753 0.533185 0.539753 0.539753 0.518364 0.539753 0.539753 0.539753 0.539753 0.539753 0.539753 0.521393 0.539753 0.539753 0.538396 0.539753 0.539753 0.539753 0.539753 0.539753 0.539753 0.49473 0.539753 0.539753 0.44 0.539753 0.539753 0.539753 0.539753 0.539753 0.539753 0.44 0.539753 0.539753 0.443334 0.539753 0.539753 0.539753 0.539753 0.539753 0.539753 0.440336 0.539753 0.539753 0.44 0.539753 0.539753 0.539753 0.539753 0.539753 0.539753 0.539244 0.539753 0.539753 0.440114 0.539753 0.539753 0.539753 0.539753 0.539753 0.539753 0.44 0.539753 0.539753 0.44 0.539753 0.539753 0.539753 0.539753 0.539753 0.539753 0.44 0.539753 0.539753 0.512079 0.539753 0.539753 0.539753 0.539753 0.539753 0.539753 0.539753 0.539753 0.539753 0.539753 0.539753 0.539753 0.539753 0.539753 0.539753 0.539753 0.539753 0.539753 0.539753 0.539753 0.539753 0.539753 0.539753 0.539753 0.539753 0.539753 0.539753 0.539753 0.539753 0.539753 0.539753 0.539753 0.539753 0.539753 0.539753 0.539753 0.539753 0.539753 0.539753 0.539753 0.539753 0.539753 0.539753 0.539753 0.539753 0.539753 0.539753 0.539753 0.539753 0.539753 0.539753 0.539753 0.539753 0.539753 0.539753 0.539753 0.539753 0.539753 0.539753 0.539753 0.539753 0.539753 0.539753 0.539753 0.539753 0.539753 0.539753 0.539753 0.539753 0.539753 0.539753 0.539753 0.539753 0.539753 0.539753 0.539753 0.539753 0.539753 0.539753 0.539753 0.539753 0.539753 0.539753 0.539753 0.539753 0.539753 0.539753 0.539753 0.539753 0.539753 0.539753 0.539753 0.539753 0.539753 0.539753 0.539753 0.539753 0.539753 0.539753 0.539753 0.539753 0.539753 0.539753 0.539753 0.539753 0.539753 0.539753 0.539753 0.539753 0.539753 0.539753 0.539753 0.526984 0.539753 0.539753 0.539753 0.539753 0.539753 0.539753 0.539753 0.539753 0.539753 0.52243 0.539753 0.539753 0.539753 0.539753 0.539753 0.539753 0.539753 0.539753 0.539753 0.44 0.539753 0.539753 0.539753 0.539753 0.539753 0.539753 0.539753 0.539753 0.539753 0.442368 0.539753 0.539753 0.539753 0.539753 0.539753 0.539753 0.539753 0.539753 0.539753 0.52072 0.539753 0.539753 0.539753 0.539753 0.539753 0.539753 0.539753 0.539753 0.539753 0.533251 0.539753 0.539753 0.539753 0.539753 0.539753 0.539753 0.539753 0.539753 0.539753 0.494105 0.539753 0.539753 0.539753 0.539753 0.539753 0.539753 0.539753 0.539753 0.539753 0.535512 0.539753 0.539753 0.539753 0.539753 0.539753 0.539753 0.539753 0.539753 0.539753 0.44 0.539753 0.539753 0.539753 0.539753 0.539753 0.539753 0.539753 0.539753 0.539753 0.536537 0.539753 0.539753 0.539753 0.539753 0.539753 0.539753 0.539753 0.539753 0.539753 0.445241 0.539753 0.539753 0.539753 0.539753 0.539753 0.539753 0.539753 0.539753 0.539753 0.44 0.539753 0.539753 0.539753 0.539753 0.539753 0.539753 0.539753 0.539753 0.539753 0.440001 0.539753 0.539753 0.539753 0.539753 0.539753 0.539753 0.539753 0.539753 0.539753 0.44 0.539753 0.539753 0.539753 0.539753 0.539753 0.539753 0.539753 0.539753 0.539753 0.44 0.539753 0.539753 0.539753 0.539753 0.539753 0.539753 0.539753 0.539753 0.539753 0.518037 0.539753 0.539753 0.539753 0.539753 0.539753 0.539753 0.539753 0.539753 0.539753 0.476048 0.539753 0.539753 0.539753 0.539753 0.539753 0.539753 0.539753 0.539753 0.539753 0.44 0.539753 0.539753 0.539753 0.539753 0.539753 0.539753 0.539753 0.539753 0.539753 0.44 0.539753 0.539753 0.539753 0.539753 0.539753 0.539753 0.539753 0.539753 0.539753 0.440102 0.539753 0.539753 0.539753 0.44 0.539753 0.539753 0.45255 0.539753 0.539753 0.539753 0.539753 0.539753 0.539753 0.442962 0.539753 0.539753 0.44103 0.539753 0.539753 0.539753 0.539753 0.539753 0.539753 0.440002 0.539753 0.539753 0.440004 0.539753 0.539753 0.539753 0.539753 0.539753 0.539753 0.44 0.539753 0.539753 0.44 0.539753 0.539753 0.539753 0.539753 0.539753 0.539753 0.440264 0.539753 0.539753 0.445939 0.539753 0.539753 0.539753 0.539753 0.539753 0.539753 0.44 0.539753 0.539753 0.44 0.539753 0.539753 0.539753 0.539753 0.539753 0.539753 0.44 0.539753 0.539753 0.44 0.539753 0.539753 0.539753 0.539753 0.539753 0.539753 0.44 0.539753 0.539753 0.44 0.539753 0.539753 0.539753 0.539753 0.539753 0.539753 0.538757 0.539753 0.539753 0.440324 0.539753 0.539753 0.539753 0.539753 0.539753 0.539753 0.440016 0.539753 0.539753 0.440199 0.539753 0.539753 0.539753 0.539753 0.539753 0.539753 0.539753 0.539753 0.539753 0.539753 0.539753 0.539753 0.539753 0.539753 0.539753 0.539753 0.539753 0.539753 0.539753 0.539753 0.539753 0.539753 0.539753 0.539753 0.539753 0.539753 0.539753 0.539753 0.539753 0.539753 0.539753 0.539753 0.539753 0.539753 0.539753 0.539753 0.539753 0.539753 0.539753 0.539753 0.539753 0.539753 0.539753 0.539753 0.539753 0.539753 0.539753 0.539753 0.539753 0.539753 0.539753 0.539753 0.539753 0.539753 0.539753 0.539753 0.539753 0.539753 0.539753 0.539753 0.539753 0.539753 0.539753 0.539753 0.539753 0.539753 0.539753 0.539753 0.539753 0.539753 0.539753 0.539753 0.539753 0.539753 0.539753 0.539753 0.539753 0.539753 0.539753 0.539753 0.539753 0.539753 0.539753 0.539753 0.539753 0.539753 0.539753 0.539753 0.539753 0.539753 0.539753 0.539753 0.539753 0.539753 0.539753 0.539753 0.539753 0.539753 0.539753 0.539753 0.539753 0.539753 0.539753 0.539753 0.539753 0.539753 0.539753 0.539753 0.539753 0.539753 0.539753 0.539753 0.44 0.539753 0.539753 0.539753 0.539753 0.539753 0.539753 0.539753 0.539753 0.539753 0.525816 0.539753 0.539753 0.539753 0.539753 0.539753 0.539753 0.539753 0.539753 0.539753 0.44 0.539753 0.539753 0.539753 0.539753 0.539753 0.539753 0.539753 0.539753 0.539753 0.532786 0.539753 0.539753 0.539753 0.539753 0.539753 0.539753 0.539753 0.539753 0.539753 0.440003 0.539753 0.539753 0.539753 0.539753 0.539753 0.539753 0.539753 0.539753 0.539753 0.44 0.539753 0.539753 0.539753 0.539753 0.539753 0.539753 0.539753 0.539753 0.539753 0.45869 0.539753 0.539753 0.539753 0.539753 0.539753 0.539753 0.539753 0.539753 0.539753 0.534153 0.539753 0.539753 0.539753 0.539753 0.539753 0.539753 0.539753 0.539753 0.539753 0.447896 0.539753 0.539753 0.539753 0.539753 0.539753 0.539753 0.539753 0.539753 0.539753 0.440821 0.539753 0.539753 0.539753 0.44 0.539753 0.539753 0.534197 0.539753 0.539753 0.539753 0.539753 0.539753 0.539753 0.444885 0.539753 0.539753 0.539504 0.539753 0.539753 0.539753 0.539753 0.539753 0.539753 0.440061 0.539753 0.539753 0.44 0.539753 0.539753 0.539753 0.539753 0.539753 0.539753 0.44 0.539753 0.539753 0.44 0.539753 0.539753 0.539753 0.539753 0.539753 0.539753 0.44 0.539753 0.539753 0.440003 0.539753 0.539753 0.539753 0.539753 0.539753 0.539753 0.44 0.539753 0.539753 0.44 0.539753 0.539753 0.539753 0.539753 0.539753 0.539753 0.44 0.539753 0.539753 0.515835 0.539753 0.539753 0.539753 0.539753 0.539753 0.539753 0.44 0.539753 0.539753 0.497748 0.539753 0.539753 0.539753 0.539753 0.539753 0.539753 0.537094 0.539753 0.539753 0.44 0.539753 0.539753 0.539753 0.539753 0.539753 0.539753 0.538385 0.539753 0.539753 0.44 0.539753 0.539753 0.539753 0.539753 0.539753 0.539753 0.539753 0.539753 0.539753 0.539753 0.539753 0.539753 0.539753 0.539753 0.539753 0.539753 0.539753 0.539753 0.539753 0.539753 0.539753 0.539753 0.539753 0.539753 0.539753 0.539753 0.539753 0.539753 0.539753 0.539753 0.539753 0.539753 0.539753 0.539753 0.539753 0.539753 0.539753 0.539753 0.539753 0.539753 0.539753 0.539753 0.539753 0.539753 0.539753 0.539753 0.539753 0.539753 0.539753 0.539753 0.539753 0.539753 0.539753 0.539753 0.539753 0.539753 0.539753 0.539753 0.539753 0.539753 0.539753 0.539753 0.539753 0.539753 0.539753 0.539753 0.539753 0.539753 0.539753 0.539753 0.539753 0.539753 0.539753 0.539753 0.539753 0.539753 0.539753 0.539753 0.539753 0.539753 0.539753 0.539753 0.539753 0.539753 0.539753 0.539753 0.539753 0.539753 0.539753 0.539753 0.539753 0.539753 0.539753 0.539753 0.539753 0.539753 0.539753 0.539753 0.539753 0.539753 0.539753 0.539753 0.539753 0.539753 0.539753 0.539753 0.539753 0.539753 0.539753 0.539753 0.539753 0.539753 0.44 0.539753 0.539753 0.539753 0.539753 0.539753 0.539753 0.539753 0.539753 0.539753 0.539383 0.539753 0.539753 0.539753 0.539753 0.539753 0.539753 0.539753 0.539753 0.539753 0.440006 0.539753 0.539753 0.539753 0.539753 0.539753 0.539753 0.539753 0.539753 0.539753 0.44 0.539753 0.539753 0.539753 0.539753 0.539753 0.539753 0.539753 0.539753 0.539753 0.532344 0.539753 0.539753 0.539753 0.539753 0.539753 0.539753 0.539753 0.539753 0.539753 0.44 0.539753 0.539753 0.539753 0.539753 0.539753 0.539753 0.539753 0.539753 0.539753 0.44 0.539753 0.539753 0.539753 0.539753 0.539753 0.539753 0.539753 0.539753 0.539753 0.525965 0.539753 0.539753 0.539753 0.539753 0.539753 0.539753 0.539753 0.539753 0.539753 0.44 0.539753 0.539753 0.539753 0.539753 0.539753 0.539753 0.539753 0.539753 0.539753 0.44004 0.539753 0.539753 0.539753 0.44 0.539753 0.539753 0.44069 0.539753 0.539753 0.539753 0.539753 0.539753 0.539753 0.440016 0.539753 0.539753 0.440003 0.539753 0.539753 0.539753 0.539753 0.539753 0.539753 0.44 0.539753 0.539753 0.44 0.539753 0.539753 0.539753 0.539753 0.539753 0.539753 0.495226 0.539753 0.539753 0.44 0.539753 0.539753 0.539753 0.539753 0.539753 0.539753 0.538491 0.539753 0.539753 0.447071 0.539753 0.539753 0.539753 0.539753 0.539753 0.539753 0.441749 0.539753 0.539753 0.44 0.539753 0.539753 0.539753 0.539753 0.539753 0.539753 0.539347 0.539753 0.539753 0.533398 0.539753 0.539753 0.539753 0.539753 0.539753 0.539753 0.440001 0.539753 0.539753 0.527274 0.539753 0.539753 0.539753 0.539753 0.539753 0.539753 0.52723 0.539753 0.539753 0.502262 0.539753 0.539753 0.539753 0.539753 0.539753 0.539753 0.44 0.539753 0.539753 0.53818 0.539753 0.539753 0.539753 0.539753 0.539753 0.539753 0.539753 0.539753 0.539753 0.539753 0.539753 0.539753 0.539753 0.539753 0.539753 0.539753 0.539753 0.539753 0.539753 0.539753 0.539753 0.539753 0.539753 0.539753 0.539753 0.539753 0.539753 0.539753 0.539753 0.539753 0.539753 0.539753 0.539753 0.539753 0.539753 0.539753 0.539753 0.539753 0.539753 0.539753 0.539753 0.539753 0.539753 0.539753 0.539753 0.539753 0.539753 0.539753 0.539753 0.539753 0.539753 0.539753 0.539753 0.539753 0.539753 0.539753 0.539753 0.539753 0.539753 0.539753 0.539753 0.539753 0.539753 0.539753 0.539753 0.539753 0.539753 0.539753 0.539753 0.539753 0.539753 0.539753 0.539753 0.539753 0.539753 0.539753 0.539753 0.539753 0.539753 0.539753 0.539753 0.539753 0.539753 0.539753 0.539753 0.539753 0.539753 0.539753 0.539753 0.539753 0.539753 0.539753 0.539753 0.539753 0.539753 0.539753 0.539753 0.539753 0.539753 0.539753 0.539753 0.539753 0.539753 0.539753 0.539753 0.539753 0.539753 0.539753 0.539753 0.539753 0.539753 0.539753 0.536967 0.539753 0.539753 0.539753 0.539753 0.539753 0.539753 0.539753 0.539753 0.539753 0.532734 0.539753 0.539753 0.539753 0.539753 0.539753 0.539753 0.539753 0.539753 0.539753 0.440905 0.539753 0.539753 0.539753 0.539753 0.539753 0.539753 0.539753 0.539753 0.539753 0.44 0.539753 0.539753 0.539753 0.539753 0.539753 0.539753 0.539753 0.539753 0.539753 0.440047 0.539753 0.539753 0.539753 0.539753 0.539753 0.539753 0.539753 0.539753 0.539753 0.44 0.539753 0.539753 0.539753 0.539753 0.539753 0.539753 0.539753 0.539753 0.539753 0.533193 0.539753 0.539753 0.539753 0.539753 0.539753 0.539753 0.539753 0.539753 0.539753 0.531612 0.539753 0.539753 0.539753 0.539753 0.539753 0.539753 0.539753 0.539753 0.539753 0.44 0.539753 0.539753 0.539753 0.539753 0.539753 0.539753 0.539753 0.539753 0.539753 0.440178 0.539753 0.539753 0.539753 0.539753 0.539753 0.539753 0.539753 0.539753 0.539753 0.440001 0.539753 0.539753 0.539753 0.539753 0.539753 0.539753 0.539753 0.539753 0.539753 0.52338 0.539753 0.539753 0.539753 0.539753 0.539753 0.539753 0.539753 0.539753 0.539753 0.525395 0.539753 0.539753 0.539753 0.539753 0.539753 0.539753 0.539753 0.539753 0.539753 0.440003 0.539753 0.539753 0.539753 0.539753 0.539753 0.539753 0.539753 0.539753 0.539753 0.457296 0.539753 0.539753 0.539753 0.539753 0.539753 0.539753 0.539753 0.539753 0.539753 0.539349 0.539753 0.539753 0.539753 0.539753 0.539753 0.539753 0.539753 0.539753 0.539753 0.44 0.539753 0.539753 0.539753 0.539753 0.539753 0.539753 0.539753 0.539753 0.539753 0.440007 0.539753 0.539753 0.539753 0.539753 0.539753 0.539753 0.539753 0.539753 0.539753 0.440001 0.539753 0.539753 0.539753 0.539753 0.539753 0.539753 0.539753 0.539753 0.539753 0.440099 0.539753 0.539753 0.539753 0.441545 0.539753 0.539753 0.534041 0.539753 0.539753 0.539753 0.539753 0.539753 0.539753 0.539286 0.539753 0.539753 0.44 0.539753 0.539753 0.539753 0.539753 0.539753 0.539753 0.440622 0.539753 0.539753 0.473943 0.539753 0.539753 0.539753 0.539753 0.539753 0.539753 0.441531 0.539753 0.539753 0.44 0.539753 0.539753 0.539753 0.539753 0.539753 0.539753 0.511608 0.539753 0.539753 0.440011 0.539753 0.539753 0.539753 0.539753 0.539753 0.539753 0.440001 0.539753 0.539753 0.44 0.539753 0.539753 0.539753 0.539753 0.539753 0.539753 0.440001 0.539753 0.539753 0.446669 0.539753 0.539753 0.539753 0.539753 0.539753 0.539753 0.44059 0.539753 0.539753 0.535955 0.539753 0.539753 0.539753 0.539753 0.539753 0.539753 0.44 0.539753 0.539753 0.524985 0.539753 0.539753 0.539753 0.539753 0.539753 0.539753 0.440009 0.539753 0.539753 0.441344 0.539753 0.539753 0.539753 0.539753 0.539753 0.539753 0.539753 0.539753 0.539753 0.539753 0.539753 0.539753 0.539753 0.539753 0.539753 0.539753 0.539753 0.539753 0.539753 0.539753 0.539753 0.539753 0.539753 0.539753 0.539753 0.539753 0.539753 0.539753 0.539753 0.539753 0.539753 0.539753 0.539753 0.539753 0.539753 0.539753 0.539753 0.539753 0.539753 0.539753 0.539753 0.539753 0.539753 0.539753 0.539753 0.539753 0.539753 0.539753 0.539753 0.539753 0.539753 0.539753 0.539753 0.539753 0.539753 0.539753 0.539753 0.539753 0.539753 0.539753 0.539753 0.539753 0.539753 0.539753 0.539753 0.539753 0.539753 0.539753 0.539753 0.539753 0.539753 0.539753 0.539753 0.539753 0.539753 0.539753 0.539753 0.539753 0.539753 0.539753 0.539753 0.539753 0.539753 0.539753 0.539753 0.539753 0.539753 0.539753 0.539753 0.539753 0.539753 0.539753 0.539753 0.539753 0.539753 0.539753 0.539753 0.539753 0.539753 0.539753 0.539753 0.539753 0.539753 0.539753 0.539753 0.539753 0.539753 0.539753 0.539753 0.539753 0.539753 0.539753 0.440025 0.539753 0.539753 0.539753 0.539753 0.539753 0.539753 0.539753 0.539753 0.539753 0.532718 0.539753 0.539753 0.539753 0.539753 0.539753 0.539753 0.539753 0.539753 0.539753 0.454472 0.539753 0.539753 0.539753 0.539753 0.539753 0.539753 0.539753 0.539753 0.539753 0.440111 0.539753 0.539753 0.539753 0.539753 0.539753 0.539753 0.539753 0.539753 0.539753 0.475029 0.539753 0.539753 0.539753 0.539753 0.539753 0.539753 0.539753 0.539753 0.539753 0.539172 0.539753 0.539753 0.539753 0.539753 0.539753 0.539753 0.539753 0.539753 0.539753 0.44 0.539753 0.539753 0.539753 0.539753 0.539753 0.539753 0.539753 0.539753 0.539753 0.539391 0.539753 0.539753 0.539753 0.539753 0.539753 0.539753 0.539753 0.539753 0.539753 0.440001 0.539753 0.539753 0.539753 0.539753 0.539753 0.539753 0.539753 0.539753 0.539753 0.44 0.539753 0.539753 0.539753 0.44 0.539753 0.539753 0.539627 0.539753 0.539753 0.539753 0.539753 0.539753 0.539753 0.444464 0.539753 0.539753 0.44024 0.539753 0.539753 0.539753 0.539753 0.539753 0.539753 0.442185 0.539753 0.539753 0.44 0.539753 0.539753 0.539753 0.539753 0.539753 0.539753 0.44 0.539753 0.539753 0.479961 0.539753 0.539753 0.539753 0.539753 0.539753 0.539753 0.52818 0.539753 0.539753 0.538109 0.539753 0.539753 0.539753 0.539753 0.539753 0.539753 0.536203 0.539753 0.539753 0.44 0.539753 0.539753 0.539753 0.539753 0.539753 0.539753 0.44 0.539753 0.539753 0.44 0.539753 0.539753 0.539753 0.539753 0.539753 0.539753 0.44 0.539753 0.539753 0.444273 0.539753 0.539753 0.539753 0.539753 0.539753 0.539753 0.44 0.539753 0.539753 0.44 0.539753 0.539753 0.539753 0.539753 0.539753 0.539753 0.502888 0.539753 0.539753 0.440152 0.539753 0.539753 0.539753 0.539753 0.539753 0.539753 0.539753 0.539753 0.539753 0.539753 0.539753 0.539753 0.539753 0.539753 0.539753 0.539753 0.539753 0.539753 0.539753 0.539753 0.539753 0.539753 0.539753 0.539753 0.539753 0.539753 0.539753 0.539753 0.539753 0.539753 0.539753 0.539753 0.539753 0.539753 0.539753 0.539753 0.539753 0.539753 0.539753 0.539753 0.539753 0.539753 0.539753 0.539753 0.539753 0.539753 0.539753 0.539753 0.539753 0.539753 0.539753 0.539753 0.539753 0.539753 0.539753 0.539753 0.539753 0.539753 0.539753 0.539753 0.539753 0.539753 0.539753 0.539753 0.539753 0.539753 0.539753 0.539753 0.539753 0.539753 0.539753 0.539753 0.539753 0.539753 0.539753 0.539753 0.539753 0.539753 0.539753 0.539753 0.539753 0.539753 0.539753 0.539753 0.539753 0.539753 0.539753 0.539753 0.539753 0.539753 0.539753 0.539753 0.539753 0.539753 0.539753 0.539753 0.539753 0.539753 0.539753 0.539753 0.539753 0.539753 0.539753 0.539753 0.539753 0.539753 0.539753 0.539753 0.539753 0.539753 0.539753 0.539753 0.44 0.539753 0.539753 0.539753 0.539753 0.539753 0.539753 0.539753 0.539753 0.539753 0.534599 0.539753 0.539753 0.539753 0.539753 0.539753 0.539753 0.539753 0.539753 0.539753 0.539254 0.539753 0.539753 0.539753 0.539753 0.539753 0.539753 0.539753 0.539753 0.539753 0.44028 0.539753 0.539753 0.539753 0.539753 0.539753 0.539753 0.539753 0.539753 0.539753 0.44 0.539753 0.539753 0.539753 0.539753 0.539753 0.539753 0.539753 0.539753 0.539753 0.44 0.539753 0.539753 0.539753 0.539753 0.539753 0.539753 0.539753 0.539753 0.539753 0.539179 0.539753 0.539753 0.539753 0.539753 0.539753 0.539753 0.539753 0.539753 0.539753 0.44 0.539753 0.539753 0.539753 0.539753 0.539753 0.539753 0.539753 0.539753 0.539753 0.44 0.539753 0.539753 0.539753 0.539753 0.539753 0.539753 0.539753 0.539753 0.539753 0.44 0.539753 0.539753 0.539753 0.514313 0.539753 0.539753 0.539452 0.539753 0.539753 0.539753 0.539753 0.539753 0.539753 0.538176 0.539753 0.539753 0.539635 0.539753 0.539753 0.539753 0.539753 0.539753 0.539753 0.440119 0.539753 0.539753 0.44 0.539753 0.539753 0.539753 0.539753 0.539753 0.539753 0.539653 0.539753 0.539753 0.466624 0.539753 0.539753 0.539753 0.539753 0.539753 0.539753 0.440009 0.539753 0.539753 0.538701 0.539753 0.539753 0.539753 0.539753 0.539753 0.539753 0.44 0.539753 0.539753 0.44 0.539753 0.539753 0.539753 0.539753 0.539753 0.539753 0.536943 0.539753 0.539753 0.538388 0.539753 0.539753 0.539753 0.539753 0.539753 0.539753 0.440167 0.539753 0.539753 0.44 0.539753 0.539753 0.539753 0.539753 0.539753 0.539753 0.448242 0.539753 0.539753 0.44 0.539753 0.539753 0.539753 0.539753 0.539753 0.539753 0.440241 0.539753 0.539753 0.44 0.539753 0.539753 0.539753 0.539753 0.539753 0.539753 0.539753 0.539753 0.539753 0.539753 0.539753 0.539753 0.539753 0.539753 0.539753 0.539753 0.539753 0.539753 0.539753 0.539753 0.539753 0.539753 0.539753 0.539753 0.539753 0.539753 0.539753 0.539753 0.539753 0.539753 0.539753 0.539753 0.539753 0.539753 0.539753 0.539753 0.539753 0.539753 0.539753 0.539753 0.539753 0.539753 0.539753 0.539753 0.539753 0.539753 0.539753 0.539753 0.539753 0.539753 0.539753 0.539753 0.539753 0.539753 0.539753 0.539753 0.539753 0.539753 0.539753 0.539753 0.539753 0.539753 0.539753 0.539753 0.539753 0.539753 0.539753 0.539753 0.539753 0.539753 0.539753 0.539753 0.539753 0.539753 0.539753 0.539753 0.539753 0.539753 0.539753 0.539753 0.539753 0.539753 0.539753 0.539753 0.539753 0.539753 0.539753 0.539753 0.539753 0.539753 0.539753 0.539753 0.539753 0.539753 0.539753 0.539753 0.539753 0.539753 0.539753 0.539753 0.539753 0.539753 0.539753 0.539753 0.539753 0.539753 0.539753 0.539753 0.539753 0.539753 0.539753 0.539753 0.515254 0.539753 0.539753 0.539753 0.539753 0.539753 0.539753 0.539753 0.539753 0.539753 0.528619 0.539753 0.539753 0.539753 0.539753 0.539753 0.539753 0.539753 0.539753 0.539753 0.440001 0.539753 0.539753 0.539753 0.539753 0.539753 0.539753 0.539753 0.539753 0.539753 0.440316 0.539753 0.539753 0.539753 0.539753 0.539753 0.539753 0.539753 0.539753 0.539753 0.440001 0.539753 0.539753 0.539753 0.539753 0.539753 0.539753 0.539753 0.539753 0.539753 0.44004 0.539753 0.539753 0.539753 0.539753 0.539753 0.539753 0.539753 0.539753 0.539753 0.51534 0.539753 0.539753 0.539753 0.539753 0.539753 0.539753 0.539753 0.539753 0.539753 0.440001 0.539753 0.539753 0.539753 0.539753 0.539753 0.539753 0.539753 0.539753 0.539753 0.44 0.539753 0.539753 0.539753 0.539753 0.539753 0.539753 0.539753 0.539753 0.539753 0.448817 0.539753 0.539753 0.539753 0.539753 0.539753 0.539753 0.539753 0.539753 0.539753 0.44 0.539753 0.539753 0.539753 0.539753 0.539753 0.539753 0.539753 0.539753 0.539753 0.441658 0.539753 0.539753 0.539753 0.539753 0.539753 0.539753 0.539753 0.539753 0.539753 0.44 0.539753 0.539753 0.539753 0.539753 0.539753 0.539753 0.539753 0.539753 0.539753 0.44 0.539753 0.539753 0.539753 0.539753 0.539753 0.539753 0.539753 0.539753 0.539753 0.440001 0.539753 0.539753 0.539753 0.539753 0.539753 0.539753 0.539753 0.539753 0.539753 0.51851 0.539753 0.539753 0.539753 0.539753 0.539753 0.539753 0.539753 0.539753 0.539753 0.44 0.539753 0.539753 0.539753 0.539753 0.539753 0.539753 0.539753 0.539753 0.539753 0.44 0.539753 0.539753 0.539753 0.539753 0.539753 0.539753 0.539753 0.539753 0.539753 0.440004 0.539753 0.539753 0.539753 0.539753 0.539753 0.539753 0.539753 0.539753 0.539753 0.477327 0.539753 0.539753 0.539753 0.473727 0.539753 0.539753 0.440399 0.539753 0.539753 0.539753 0.539753 0.539753 0.539753 0.440021 0.539753 0.539753 0.473422 0.539753 0.539753 0.539753 0.539753 0.539753 0.539753 0.440002 0.539753 0.539753 0.539445 0.539753 0.539753 0.539753 0.539753 0.539753 0.539753 0.536596 0.539753 0.539753 0.519638 0.539753 0.539753 0.539753 0.539753 0.539753 0.539753 0.44 0.539753 0.539753 0.538868 0.539753 0.539753 0.539753 0.539753 0.539753 0.539753 0.538998 0.539753 0.539753 0.538684 0.539753 0.539753 0.539753 0.539753 0.539753 0.539753 0.440681 0.539753 0.539753 0.450797 0.539753 0.539753 0.539753 0.539753 0.539753 0.539753 0.44 0.539753 0.539753 0.440071 0.539753 0.539753 0.539753 0.539753 0.539753 0.539753 0.53706 0.539753 0.539753 0.516526 0.539753 0.539753 0.539753 0.539753 0.539753 0.539753 0.536267 0.539753 0.539753 0.465747 0.539753 0.539753 0.539753 0.539753 0.539753 0.539753 0.539753 0.539753 0.539753 0.539753 0.539753 0.539753 0.539753 0.539753 0.539753 0.539753 0.539753 0.539753 0.539753 0.539753 0.539753 0.539753 0.539753 0.539753 0.539753 0.539753 0.539753 0.539753 0.539753 0.539753 0.539753 0.539753 0.539753 0.539753 0.539753 0.539753 0.539753 0.539753 0.539753 0.539753 0.539753 0.539753 0.539753 0.539753 0.539753 0.539753 0.539753 0.539753 0.539753 0.539753 0.539753 0.539753 0.539753 0.539753 0.539753 0.539753 0.539753 0.539753 0.539753 0.539753 0.539753 0.539753 0.539753 0.539753 0.539753 0.539753 0.539753 0.539753 0.539753 0.539753 0.539753 0.539753 0.539753 0.539753 0.539753 0.539753 0.539753 0.539753 0.539753 0.539753 0.539753 0.539753 0.539753 0.539753 0.539753 0.539753 0.539753 0.539753 0.539753 0.539753 0.539753 0.539753 0.539753 0.539753 0.539753 0.539753 0.539753 0.539753 0.539753 0.539753 0.539753 0.539753 0.539753 0.539753 0.539753 0.539753 0.539753 0.539753 0.539753 0.539753 0.539753 0.539753 0.457226 0.539753 0.539753 0.539753 0.539753 0.539753 0.539753 0.539753 0.539753 0.539753 0.447609 0.539753 0.539753 0.539753 0.539753 0.539753 0.539753 0.539753 0.539753 0.539753 0.44 0.539753 0.539753 0.539753 0.539753 0.539753 0.539753 0.539753 0.539753 0.539753 0.44 0.539753 0.539753 0.539753 0.539753 0.539753 0.539753 0.539753 0.539753 0.539753 0.440003 0.539753 0.539753 0.539753 0.539753 0.539753 0.539753 0.539753 0.539753 0.539753 0.44 0.539753 0.539753 0.539753 0.539753 0.539753 0.539753 0.539753 0.539753 0.539753 0.538021 0.539753 0.539753 0.539753 0.539753 0.539753 0.539753 0.539753 0.539753 0.539753 0.475205 0.539753 0.539753 0.539753 0.539753 0.539753 0.539753 0.539753 0.539753 0.539753 0.44 0.539753 0.539753 0.539753 0.539753 0.539753 0.539753 0.539753 0.539753 0.539753 0.539347 0.539753 0.539753 0.539753 0.461526 0.539753 0.539753 0.44017 0.539753 0.539753 0.539753 0.539753 0.539753 0.539753 0.529933 0.539753 0.539753 0.535802 0.539753 0.539753 0.539753 0.539753 0.539753 0.539753 0.440008 0.539753 0.539753 0.440113 0.539753 0.539753 0.539753 0.539753 0.539753 0.539753 0.48794 0.539753 0.539753 0.537619 0.539753 0.539753 0.539753 0.539753 0.539753 0.539753 0.44 0.539753 0.539753 0.440001 0.539753 0.539753 0.539753 0.539753 0.539753 0.539753 0.44 0.539753 0.539753 0.44 0.539753 0.539753 0.539753 0.539753 0.539753 0.539753 0.44 0.539753 0.539753 0.44 0.539753 0.539753 0.539753 0.539753 0.539753 0.539753 0.440713 0.539753 0.539753 0.44 0.539753 0.539753 0.539753 0.539753 0.539753 0.539753 0.44 0.539753 0.539753 0.539026 0.539753 0.539753 0.539753 0.539753 0.539753 0.539753 0.44 0.539753 0.539753 0.512891 0.539753 0.539753 0.539753 0.539753 0.539753 0.539753 0.539753 0.539753 0.539753 0.539753 0.539753 0.539753 0.539753 0.539753 0.539753 0.539753 0.539753 0.539753 0.539753 0.539753 0.539753 0.539753 0.539753 0.539753 0.539753 0.539753 0.539753 0.539753 0.539753 0.539753 0.539753 0.539753 0.539753 0.539753 0.539753 0.539753 0.539753 0.539753 0.539753 0.539753 0.539753 0.539753 0.539753 0.539753 0.539753 0.539753 0.539753 0.539753 0.539753 0.539753 0.539753 0.539753 0.539753 0.539753 0.539753 0.539753 0.539753 0.539753 0.539753 0.539753 0.539753 0.539753 0.539753 0.539753 0.539753 0.539753 0.539753 0.539753 0.539753 0.539753 0.539753 0.539753 0.539753 0.539753 0.539753 0.539753 0.539753 0.539753 0.539753 0.539753 0.539753 0.539753 0.539753 0.539753 0.539753 0.539753 0.539753 0.539753 0.539753 0.539753 0.539753 0.539753 0.539753 0.539753 0.539753 0.539753 0.539753 0.539753 0.539753 0.539753 0.539753 0.539753 0.539753 0.539753 0.539753 0.539753 0.539753 0.539753 0.539753 0.539753 0.539753 0.539753 0.44 0.539753 0.539753 0.539753 0.539753 0.539753 0.539753 0.539753 0.539753 0.539753 0.508325 0.539753 0.539753 0.539753 0.539753 0.539753 0.539753 0.539753 0.539753 0.539753 0.534089 0.539753 0.539753 0.539753 0.539753 0.539753 0.539753 0.539753 0.539753 0.539753 0.53097 0.539753 0.539753 0.539753 0.539753 0.539753 0.539753 0.539753 0.539753 0.539753 0.441857 0.539753 0.539753 0.539753 0.539753 0.539753 0.539753 0.539753 0.539753 0.539753 0.539442 0.539753 0.539753 0.539753 0.539753 0.539753 0.539753 0.539753 0.539753 0.539753 0.535251 0.539753 0.539753 0.539753 0.539753 0.539753 0.539753 0.539753 0.539753 0.539753 0.44019 0.539753 0.539753 0.539753 0.539753 0.539753 0.539753 0.539753 0.539753 0.539753 0.539238 0.539753 0.539753 0.539753 0.539753 0.539753 0.539753 0.539753 0.539753 0.539753 0.44 0.539753 0.539753 0.539753 0.44 0.539753 0.539753 0.44 0.539753 0.539753 0.539753 0.539753 0.539753 0.539753 0.440005 0.539753 0.539753 0.44 0.539753 0.539753 0.539753 0.539753 0.539753 0.539753 0.491333 0.539753 0.539753 0.531688 0.539753 0.539753 0.539753 0.539753 0.539753 0.539753 0.537602 0.539753 0.539753 0.53964 0.539753 0.539753 0.539753 0.539753 0.539753 0.539753 0.440002 0.539753 0.539753 0.538438 0.539753 0.539753 0.539753 0.539753 0.539753 0.539753 0.440015 0.539753 0.539753 0.513249 0.539753 0.539753 0.539753 0.539753 0.539753 0.539753 0.44 0.539753 0.539753 0.44 0.539753 0.539753 0.539753 0.539753 0.539753 0.539753 0.44 0.539753 0.539753 0.532454 0.539753 0.539753 0.539753 0.539753 0.539753 0.539753 0.44 0.539753 0.539753 0.44 0.539753 0.539753 0.539753 0.539753 0.539753 0.539753 0.479471 0.539753 0.539753 0.441915 0.539753 0.539753 0.539753 0.539753 0.539753 0.539753 0.539753 0.539753 0.539753 0.539753 0.539753 0.539753 0.539753 0.539753 0.539753 0.539753 0.539753 0.539753 0.539753 0.539753 0.539753 0.539753 0.539753 0.539753 0.539753 0.539753 0.539753 0.539753 0.539753 0.539753 0.539753 0.539753 0.539753 0.539753 0.539753 0.539753 0.539753 0.539753 0.539753 0.539753 0.539753 0.539753 0.539753 0.539753 0.539753 0.539753 0.539753 0.539753 0.539753 0.539753 0.539753 0.539753 0.539753 0.539753 0.539753 0.539753 0.539753 0.539753 0.539753 0.539753 0.539753 0.539753 0.539753 0.539753 0.539753 0.539753 0.539753 0.539753 0.539753 0.539753 0.539753 0.539753 0.539753 0.539753 0.539753 0.539753 0.539753 0.539753 0.539753 0.539753 0.539753 0.539753 0.539753 0.539753 0.539753 0.539753 0.539753 0.539753 0.539753 0.539753 0.539753 0.539753 0.539753 0.539753 0.539753 0.539753 0.539753 0.539753 0.539753 0.539753 0.539753 0.539753 0.539753 0.539753 0.539753 0.539753 0.539753 0.539753 0.539753 0.539753 0.539753 0.539753 0.449785 0.539753 0.539753 0.539753 0.539753 0.539753 0.539753 0.539753 0.539753 0.539753 0.49238 0.539753 0.539753 0.539753 0.539753 0.539753 0.539753 0.539753 0.539753 0.539753 0.44 0.539753 0.539753 0.539753 0.539753 0.539753 0.539753 0.539753 0.539753 0.539753 0.520732 0.539753 0.539753 0.539753 0.539753 0.539753 0.539753 0.539753 0.539753 0.539753 0.44 0.539753 0.539753 0.539753 0.539753 0.539753 0.539753 0.539753 0.539753 0.539753 0.440124 0.539753 0.539753 0.539753 0.539753 0.539753 0.539753 0.539753 0.539753 0.539753 0.483503 0.539753 0.539753 0.539753 0.539753 0.539753 0.539753 0.539753 0.539753 0.539753 0.537979 0.539753 0.539753 0.539753 0.539753 0.539753 0.539753 0.539753 0.539753 0.539753 0.466765 0.539753 0.539753 0.539753 0.539753 0.539753 0.539753 0.539753 0.539753 0.539753 0.440048 0.539753 0.539753 0.539753 0.539753 0.539753 0.539753 0.539753 0.539753 0.539753 0.456559 0.539753 0.539753 0.539753 0.539753 0.539753 0.539753 0.539753 0.539753 0.539753 0.539043 0.539753 0.539753 0.539753 0.539753 0.539753 0.539753 0.539753 0.539753 0.539753 0.461779 0.539753 0.539753 0.539753 0.539753 0.539753 0.539753 0.539753 0.539753 0.539753 0.456086 0.539753 0.539753 0.539753 0.539753 0.539753 0.539753 0.539753 0.539753 0.539753 0.450365 0.539753 0.539753 0.539753 0.539753 0.539753 0.539753 0.539753 0.539753 0.539753 0.440006 0.539753 0.539753 0.539753 0.539753 0.539753 0.539753 0.539753 0.539753 0.539753 0.442805 0.539753 0.539753 0.539753 0.539753 0.539753 0.539753 0.539753 0.539753 0.539753 0.44 0.539753 0.539753 0.539753 0.539753 0.539753 0.539753 0.539753 0.539753 0.539753 0.44 0.539753 0.539753 0.539753 0.539753 0.539753 0.539753 0.539753 0.539753 0.539753 0.440106 0.539753 0.539753 0.539753 0.534685 0.539753 0.539753 0.44001 0.539753 0.539753 0.539753 0.539753 0.539753 0.539753 0.44 0.539753 0.539753 0.440317 0.539753 0.539753 0.539753 0.539753 0.539753 0.539753 0.521829 0.539753 0.539753 0.501026 0.539753 0.539753 0.539753 0.539753 0.539753 0.539753 0.44 0.539753 0.539753 0.491202 0.539753 0.539753 0.539753 0.539753 0.539753 0.539753 0.536472 0.539753 0.539753 0.44 0.539753 0.539753 0.539753 0.539753 0.539753 0.539753 0.440001 0.539753 0.539753 0.445599 0.539753 0.539753 0.539753 0.539753 0.539753 0.539753 0.518819 0.539753 0.539753 0.516431 0.539753 0.539753 0.539753 0.539753 0.539753 0.539753 0.533801 0.539753 0.539753 0.44 0.539753 0.539753 0.539753 0.539753 0.539753 0.539753 0.531751 0.539753 0.539753 0.440274 0.539753 0.539753 0.539753 0.539753 0.539753 0.539753 0.44 0.539753 0.539753 0.458118 0.539753 0.539753 0.539753 0.539753 0.539753 0.539753 0.539753 0.539753 0.539753 0.539753 0.539753 0.539753 0.539753 0.539753 0.539753 0.539753 0.539753 0.539753 0.539753 0.539753 0.539753 0.539753 0.539753 0.539753 0.539753 0.539753 0.539753 0.539753 0.539753 0.539753 0.539753 0.539753 0.539753 0.539753 0.539753 0.539753 0.539753 0.539753 0.539753 0.539753 0.539753 0.539753 0.539753 0.539753 0.539753 0.539753 0.539753 0.539753 0.539753 0.539753 0.539753 0.539753 0.539753 0.539753 0.539753 0.539753 0.539753 0.539753 0.539753 0.539753 0.539753 0.539753 0.539753 0.539753 0.539753 0.539753 0.539753 0.539753 0.539753 0.539753 0.539753 0.539753 0.539753 0.539753 0.539753 0.539753 0.539753 0.539753 0.539753 0.539753 0.539753 0.539753 0.539753 0.539753 0.539753 0.539753 0.539753 0.539753 0.539753 0.539753 0.539753 0.539753 0.539753 0.539753 0.539753 0.539753 0.539753 0.539753 0.539753 0.539753 0.539753 0.539753 0.539753 0.539753 0.539753 0.539753 0.539753 0.539753 0.539753 0.539753 0.539753 0.539753 0.459287 0.539753 0.539753 0.539753 0.539753 0.539753 0.539753 0.539753 0.539753 0.539753 0.440001 0.539753 0.539753 0.539753 0.539753 0.539753 0.539753 0.539753 0.539753 0.539753 0.446403 0.539753 0.539753 0.539753 0.539753 0.539753 0.539753 0.539753 0.539753 0.539753 0.44 0.539753 0.539753 0.539753 0.539753 0.539753 0.539753 0.539753 0.539753 0.539753 0.539102 0.539753 0.539753 0.539753 0.539753 0.539753 0.539753 0.539753 0.539753 0.539753 0.455656 0.539753 0.539753 0.539753 0.539753 0.539753 0.539753 0.539753 0.539753 0.539753 0.539271 0.539753 0.539753 0.539753 0.539753 0.539753 0.539753 0.539753 0.539753 0.539753 0.537905 0.539753 0.539753 0.539753 0.539753 0.539753 0.539753 0.539753 0.539753 0.539753 0.440004 0.539753 0.539753 0.539753 0.539753 0.539753 0.539753 0.539753 0.539753 0.539753 0.53876 0.539753 0.539753 0.539753 0.440013 0.539753 0.539753 0.44 0.539753 0.539753 0.539753 0.539753 0.539753 0.539753 0.44 0.539753 0.539753 0.537724 0.539753 0.539753 0.539753 0.539753 0.539753 0.539753 0.440001 0.539753 0.539753 0.44 0.539753 0.539753 0.539753 0.539753 0.539753 0.539753 0.532938 0.539753 0.539753 0.44 0.539753 0.539753 0.539753 0.539753 0.539753 0.539753 0.440406 0.539753 0.539753 0.444184 0.539753 0.539753 0.539753 0.539753 0.539753 0.539753 0.44 0.539753 0.539753 0.539509 0.539753 0.539753 0.539753 0.539753 0.539753 0.539753 0.459432 0.539753 0.539753 0.445943 0.539753 0.539753 0.539753 0.539753 0.539753 0.539753 0.537122 0.539753 0.539753 0.496657 0.539753 0.539753 0.539753 0.539753 0.539753 0.539753 0.538454 0.539753 0.539753 0.44058 0.539753 0.539753 0.539753 0.539753 0.539753 0.539753 0.44 0.539753 0.539753 0.460174 0.539753 0.539753 0.539753 0.539753 0.539753 0.539753 0.539753 0.539753 0.539753 0.539753 0.539753 0.539753 0.539753 0.539753 0.539753 0.539753 0.539753 0.539753 0.539753 0.539753 0.539753 0.539753 0.539753 0.539753 0.539753 0.539753 0.539753 0.539753 0.539753 0.539753 0.539753 0.539753 0.539753 0.539753 0.539753 0.539753 0.539753 0.539753 0.539753 0.539753 0.539753 0.539753 0.539753 0.539753 0.539753 0.539753 0.539753 0.539753 0.539753 0.539753 0.539753 0.539753 0.539753 0.539753 0.539753 0.539753 0.539753 0.539753 0.539753 0.539753 0.539753 0.539753 0.539753 0.539753 0.539753 0.539753 0.539753 0.539753 0.539753 0.539753 0.539753 0.539753 0.539753 0.539753 0.539753 0.539753 0.539753 0.539753 0.539753 0.539753 0.539753 0.539753 0.539753 0.539753 0.539753 0.539753 0.539753 0.539753 0.539753 0.539753 0.539753 0.539753 0.539753 0.539753 0.539753 0.539753 0.539753 0.539753 0.539753 0.539753 0.539753 0.539753 0.539753 0.539753 0.539753 0.539753 0.539753 0.539753 0.539753 0.539753 0.539753 0.539753 0.440178 0.539753 0.539753 0.539753 0.539753 0.539753 0.539753 0.539753 0.539753 0.539753 0.456853 0.539753 0.539753 0.539753 0.539753 0.539753 0.539753 0.539753 0.539753 0.539753 0.440076 0.539753 0.539753 0.539753 0.539753 0.539753 0.539753 0.539753 0.539753 0.539753 0.44 0.539753 0.539753 0.539753 0.539753 0.539753 0.539753 0.539753 0.539753 0.539753 0.44 0.539753 0.539753 0.539753 0.539753 0.539753 0.539753 0.539753 0.539753 0.539753 0.44016 0.539753 0.539753 0.539753 0.539753 0.539753 0.539753 0.539753 0.539753 0.539753 0.44 0.539753 0.539753 0.539753 0.539753 0.539753 0.539753 0.539753 0.539753 0.539753 0.440551 0.539753 0.539753 0.539753 0.539753 0.539753 0.539753 0.539753 0.539753 0.539753 0.440163 0.539753 0.539753 0.539753 0.539753 0.539753 0.539753 0.539753 0.539753 0.539753 0.44 0.539753 0.539753 0.539753 0.440014 0.539753 0.539753 0.52608 0.539753 0.539753 0.539753 0.539753 0.539753 0.539753 0.44 0.539753 0.539753 0.440646 0.539753 0.539753 0.539753 0.539753 0.539753 0.539753 0.44 0.539753 0.539753 0.539285 0.539753 0.539753 0.539753 0.539753 0.539753 0.539753 0.454632 0.539753 0.539753 0.538114 0.539753 0.539753 0.539753 0.539753 0.539753 0.539753 0.455824 0.539753 0.539753 0.44 0.539753 0.539753 0.539753 0.539753 0.539753 0.539753 0.447694 0.539753 0.539753 0.539278 0.539753 0.539753 0.539753 0.539753 0.539753 0.539753 0.440083 0.539753 0.539753 0.532459 0.539753 0.539753 0.539753 0.539753 0.539753 0.539753 0.450246 0.539753 0.539753 0.44 0.539753 0.539753 0.539753 0.539753 0.539753 0.539753 0.533798 0.539753 0.539753 0.466909 0.539753 0.539753 0.539753 0.539753 0.539753 0.539753 0.44 0.539753 0.539753 0.44 0.539753 0.539753 0.539753 0.539753 0.539753 0.539753 0.539753 0.539753 0.539753 0.539753 0.539753 0.539753 0.539753 0.539753 0.539753 0.539753 0.539753 0.539753 0.539753 0.539753 0.539753 0.539753 0.539753 0.539753 0.539753 0.539753 0.539753 0.539753 0.539753 0.539753 0.539753 0.539753 0.539753 0.539753 0.539753 0.539753 0.539753 0.539753 0.539753 0.539753 0.539753 0.539753 0.539753 0.539753 0.539753 0.539753 0.539753 0.539753 0.539753 0.539753 0.539753 0.539753 0.539753 0.539753 0.539753 0.539753 0.539753 0.539753 0.539753 0.539753 0.539753 0.539753 0.539753 0.539753 0.539753 0.539753 0.539753 0.539753 0.539753 0.539753 0.539753 0.539753 0.539753 0.539753 0.539753 0.539753 0.539753 0.539753 0.539753 0.539753 0.539753 0.539753 0.539753 0.539753 0.539753 0.539753 0.539753 0.539753 0.539753 0.539753 0.539753 0.539753 0.539753 0.539753 0.539753 0.539753 0.539753 0.539753 0.539753 0.539753 0.539753 0.539753 0.539753 0.539753 0.539753 0.539753 0.539753 0.539753 0.539753 0.539753 0.539753 0.539753 0.44 0.539753 0.539753 0.539753 0.539753 0.539753 0.539753 0.539753 0.539753 0.539753 0.457054 0.539753 0.539753 0.539753 0.539753 0.539753 0.539753 0.539753 0.539753 0.539753 0.51973 0.539753 0.539753 0.539753 0.539753 0.539753 0.539753 0.539753 0.539753 0.539753 0.461992 0.539753 0.539753 0.539753 0.539753 0.539753 0.539753 0.539753 0.539753 0.539753 0.456197 0.539753 0.539753 0.539753 0.539753 0.539753 0.539753 0.539753 0.539753 0.539753 0.44005 0.539753 0.539753 0.539753 0.539753 0.539753 0.539753 0.539753 0.539753 0.539753 0.44 0.539753 0.539753 0.539753 0.539753 0.539753 0.539753 0.539753 0.539753 0.539753 0.44 0.539753 0.539753 0.539753 0.539753 0.539753 0.539753 0.539753 0.539753 0.539753 0.525411 0.539753 0.539753 0.539753 0.539753 0.539753 0.539753 0.539753 0.539753 0.539753 0.505698 0.539753 0.539753 0.539753 0.539753 0.539753 0.539753 0.539753 0.539753 0.539753 0.440182 0.539753 0.539753 0.539753 0.539753 0.539753 0.539753 0.539753 0.539753 0.539753 0.457288 0.539753 0.539753 0.539753 0.539753 0.539753 0.539753 0.539753 0.539753 0.539753 0.440005 0.539753 0.539753 0.539753 0.539753 0.539753 0.539753 0.539753 0.539753 0.539753 0.44001 0.539753 0.539753 0.539753 0.539753 0.539753 0.539753 0.539753 0.539753 0.539753 0.44 0.539753 0.539753 0.539753 0.539753 0.539753 0.539753 0.539753 0.539753 0.539753 0.440092 0.539753 0.539753 0.539753 0.539753 0.539753 0.539753 0.539753 0.539753 0.539753 0.44 0.539753 0.539753 0.539753 0.539753 0.539753 0.539753 0.539753 0.539753 0.539753 0.503893 0.539753 0.539753 0.539753 0.539753 0.539753 0.539753 0.539753 0.539753 0.539753 0.44 0.539753 0.539753 0.539753 0.539753 0.539753 0.539753 0.539753 0.539753 0.539753 0.45024 0.539753 0.539753 0.539753 0.539617 0.539753 0.539753 0.44 0.539753 0.539753 0.539753 0.539753 0.539753 0.539753 0.457812 0.539753 0.539753 0.44 0.539753 0.539753 0.539753 0.539753 0.539753 0.539753 0.44 0.539753 0.539753 0.44 0.539753 0.539753 0.539753 0.539753 0.539753 0.539753 0.538206 0.539753 0.539753 0.53912 0.539753 0.539753 0.539753 0.539753 0.539753 0.539753 0.441812 0.539753 0.539753 0.539517 0.539753 0.539753 0.539753 0.539753 0.539753 0.539753 0.524781 0.539753 0.539753 0.44 0.539753 0.539753 0.539753 0.539753 0.539753 0.539753 0.509789 0.539753 0.539753 0.531434 0.539753 0.539753 0.539753 0.539753 0.539753 0.539753 0.44 0.539753 0.539753 0.486497 0.539753 0.539753 0.539753 0.539753 0.539753 0.539753 0.527965 0.539753 0.539753 0.44 0.539753 0.539753 0.539753 0.539753 0.539753 0.539753 0.444756 0.539753 0.539753 0.52637 0.539753 0.539753 0.539753 0.539753 0.539753 0.539753 0.539753 0.539753 0.539753 0.539753 0.539753 0.539753 0.539753 0.539753 0.539753 0.539753 0.539753 0.539753 0.539753 0.539753 0.539753 0.539753 0.539753 0.539753 0.539753 0.539753 0.539753 0.539753 0.539753 0.539753 0.539753 0.539753 0.539753 0.539753 0.539753 0.539753 0.539753 0.539753 0.539753 0.539753 0.539753 0.539753 0.539753 0.539753 0.539753 0.539753 0.539753 0.539753 0.539753 0.539753 0.539753 0.539753 0.539753 0.539753 0.539753 0.539753 0.539753 0.539753 0.539753 0.539753 0.539753 0.539753 0.539753 0.539753 0.539753 0.539753 0.539753 0.539753 0.539753 0.539753 0.539753 0.539753 0.539753 0.539753 0.539753 0.539753 0.539753 0.539753 0.539753 0.539753 0.539753 0.539753 0.539753 0.539753 0.539753 0.539753 0.539753 0.539753 0.539753 0.539753 0.539753 0.539753 0.539753 0.539753 0.539753 0.539753 0.539753 0.539753 0.539753 0.539753 0.539753 0.539753 0.539753 0.539753 0.539753 0.539753 0.539753 0.539753 0.539753 0.539753 0.539753 0.539753 0.443307 0.539753 0.539753 0.539753 0.539753 0.539753 0.539753 0.539753 0.539753 0.539753 0.44 0.539753 0.539753 0.539753 0.539753 0.539753 0.539753 0.539753 0.539753 0.539753 0.44 0.539753 0.539753 0.539753 0.539753 0.539753 0.539753 0.539753 0.539753 0.539753 0.537301 0.539753 0.539753 0.539753 0.539753 0.539753 0.539753 0.539753 0.539753 0.539753 0.44 0.539753 0.539753 0.539753 0.539753 0.539753 0.539753 0.539753 0.539753 0.539753 0.44 0.539753 0.539753 0.539753 0.539753 0.539753 0.539753 0.539753 0.539753 0.539753 0.53733 0.539753 0.539753 0.539753 0.539753 0.539753 0.539753 0.539753 0.539753 0.539753 0.44 0.539753 0.539753 0.539753 0.539753 0.539753 0.539753 0.539753 0.539753 0.539753 0.466914 0.539753 0.539753 0.539753 0.539753 0.539753 0.539753 0.539753 0.539753 0.539753 0.44 0.539753 0.539753 0.539753 0.440032 0.539753 0.539753 0.536617 0.539753 0.539753 0.539753 0.539753 0.539753 0.539753 0.463066 0.539753 0.539753 0.44 0.539753 0.539753 0.539753 0.539753 0.539753 0.539753 0.44 0.539753 0.539753 0.485173 0.539753 0.539753 0.539753 0.539753 0.539753 0.539753 0.440007 0.539753 0.539753 0.538578 0.539753 0.539753 0.539753 0.539753 0.539753 0.539753 0.44 0.539753 0.539753 0.534816 0.539753 0.539753 0.539753 0.539753 0.539753 0.539753 0.442298 0.539753 0.539753 0.532316 0.539753 0.539753 0.539753 0.539753 0.539753 0.539753 0.44 0.539753 0.539753 0.44 0.539753 0.539753 0.539753 0.539753 0.539753 0.539753 0.44 0.539753 0.539753 0.440001 0.539753 0.539753 0.539753 0.539753 0.539753 0.539753 0.44 0.539753 0.539753 0.447551 0.539753 0.539753 0.539753 0.539753 0.539753 0.539753 0.44 0.539753 0.539753 0.441882 0.539753 0.539753 0.539753 0.539753 0.539753 0.539753 0.539753 0.539753 0.539753 0.539753 0.539753 0.539753 0.539753 0.539753 0.539753 0.539753 0.539753 0.539753 0.539753 0.539753 0.539753 0.539753 0.539753 0.539753 0.539753 0.539753 0.539753 0.539753 0.539753 0.539753 0.539753 0.539753 0.539753 0.539753 0.539753 0.539753 0.539753 0.539753 0.539753 0.539753 0.539753 0.539753 0.539753 0.539753 0.539753 0.539753 0.539753 0.539753 0.539753 0.539753 0.539753 0.539753 0.539753 0.539753 0.539753 0.539753 0.539753 0.539753 0.539753 0.539753 0.539753 0.539753 0.539753 0.539753 0.539753 0.539753 0.539753 0.539753 0.539753 0.539753 0.539753 0.539753 0.539753 0.539753 0.539753 0.539753 0.539753 0.539753 0.539753 0.539753 0.539753 0.539753 0.539753 0.539753 0.539753 0.539753 0.539753 0.539753 0.539753 0.539753 0.539753 0.539753 0.539753 0.539753 0.539753 0.539753 0.539753 0.539753 0.539753 0.539753 0.539753 0.539753 0.539753 0.539753 0.539753 0.539753 0.539753 0.539753 0.539753 0.539753 0.539753 0.539753 0.44 0.539753 0.539753 0.539753 0.539753 0.539753 0.539753 0.539753 0.539753 0.539753 0.44 0.539753 0.539753 0.539753 0.539753 0.539753 0.539753 0.539753 0.539753 0.539753 0.44 0.539753 0.539753 0.539753 0.539753 0.539753 0.539753 0.539753 0.539753 0.539753 0.44 0.539753 0.539753 0.539753 0.539753 0.539753 0.539753 0.539753 0.539753 0.539753 0.45041 0.539753 0.539753 0.539753 0.539753 0.539753 0.539753 0.539753 0.539753 0.539753 0.478939 0.539753 0.539753 0.539753 0.539753 0.539753 0.539753 0.539753 0.539753 0.539753 0.53939 0.539753 0.539753 0.539753 0.539753 0.539753 0.539753 0.539753 0.539753 0.539753 0.441644 0.539753 0.539753 0.539753 0.539753 0.539753 0.539753 0.539753 0.539753 0.539753 0.44 0.539753 0.539753 0.539753 0.539753 0.539753 0.539753 0.539753 0.539753 0.539753 0.44 0.539753 0.539753 0.539753 0.4962 0.539753 0.539753 0.538597 0.539753 0.539753 0.539753 0.539753 0.539753 0.539753 0.506958 0.539753 0.539753 0.538381 0.539753 0.539753 0.539753 0.539753 0.539753 0.539753 0.539474 0.539753 0.539753 0.538351 0.539753 0.539753 0.539753 0.539753 0.539753 0.539753 0.444433 0.539753 0.539753 0.44 0.539753 0.539753 0.539753 0.539753 0.539753 0.539753 0.440092 0.539753 0.539753 0.440045 0.539753 0.539753 0.539753 0.539753 0.539753 0.539753 0.440748 0.539753 0.539753 0.444654 0.539753 0.539753 0.539753 0.539753 0.539753 0.539753 0.442202 0.539753 0.539753 0.518665 0.539753 0.539753 0.539753 0.539753 0.539753 0.539753 0.440075 0.539753 0.539753 0.44006 0.539753 0.539753 0.539753 0.539753 0.539753 0.539753 0.527585 0.539753 0.539753 0.513367 0.539753 0.539753 0.539753 0.539753 0.539753 0.539753 0.538189 0.539753 0.539753 0.440219 0.539753 0.539753 0.539753 0.539753 0.539753 0.539753 0.539753 0.539753 0.539753 0.539753 0.539753 0.539753 0.539753 0.539753 0.539753 0.539753 0.539753 0.539753 0.539753 0.539753 0.539753 0.539753 0.539753 0.539753 0.539753 0.539753 0.539753 0.539753 0.539753 0.539753 0.539753 0.539753 0.539753 0.539753 0.539753 0.539753 0.539753 0.539753 0.539753 0.539753 0.539753 0.539753 0.539753 0.539753 0.539753 0.539753 0.539753 0.539753 0.539753 0.539753 0.539753 0.539753 0.539753 0.539753 0.539753 0.539753 0.539753 0.539753 0.539753 0.539753 0.539753 0.539753 0.539753 0.539753 0.539753 0.539753 0.539753 0.539753 0.539753 0.539753 0.539753 0.539753 0.539753 0.539753 0.539753 0.539753 0.539753 0.539753 0.539753 0.539753 0.539753 0.539753 0.539753 0.539753 0.539753 0.539753 0.539753 0.539753 0.539753 0.539753 0.539753 0.539753 0.539753 0.539753 0.539753 0.539753 0.539753 0.539753 0.539753 0.539753 0.539753 0.539753 0.539753 0.539753 0.539753 0.539753 0.539753 0.539753 0.539753 0.539753 0.539753 0.539753 0.440003 0.539753 0.539753 0.539753 0.539753 0.539753 0.539753 0.539753 0.539753 0.539753 0.514315 0.539753 0.539753 0.539753 0.539753 0.539753 0.539753 0.539753 0.539753 0.539753 0.478337 0.539753 0.539753 0.539753 0.539753 0.539753 0.539753 0.539753 0.539753 0.539753 0.511245 0.539753 0.539753 0.539753 0.539753 0.539753 0.539753 0.539753 0.539753 0.539753 0.440052 0.539753 0.539753 0.539753 0.539753 0.539753 0.539753 0.539753 0.539753 0.539753 0.440007 0.539753 0.539753 0.539753 0.539753 0.539753 0.539753 0.539753 0.539753 0.539753 0.440001 0.539753 0.539753 0.539753 0.539753 0.539753 0.539753 0.539753 0.539753 0.539753 0.440276 0.539753 0.539753 0.539753 0.539753 0.539753 0.539753 0.539753 0.539753 0.539753 0.475342 0.539753 0.539753 0.539753 0.539753 0.539753 0.539753 0.539753 0.539753 0.539753 0.44 0.539753 0.539753 0.539753 0.539753 0.539753 0.539753 0.539753 0.539753 0.539753 0.44 0.539753 0.539753 0.539753 0.539753 0.539753 0.539753 0.539753 0.539753 0.539753 0.44 0.539753 0.539753 0.539753 0.539753 0.539753 0.539753 0.539753 0.539753 0.539753 0.441782 0.539753 0.539753 0.539753 0.539753 0.539753 0.539753 0.539753 0.539753 0.539753 0.44 0.539753 0.539753 0.539753 0.539753 0.539753 0.539753 0.539753 0.539753 0.539753 0.538211 0.539753 0.539753 0.539753 0.539753 0.539753 0.539753 0.539753 0.539753 0.539753 0.440019 0.539753 0.539753 0.539753 0.539753 0.539753 0.539753 0.539753 0.539753 0.539753 0.440201 0.539753 0.539753 0.539753 0.539753 0.539753 0.539753 0.539753 0.539753 0.539753 0.44 0.539753 0.539753 0.539753 0.539753 0.539753 0.539753 0.539753 0.539753 0.539753 0.440124 0.539753 0.539753 0.539753 0.539753 0.539753 0.539753 0.539753 0.539753 0.539753 0.44 0.539753 0.539753 0.539753 0.442334 0.539753 0.539753 0.532075 0.539753 0.539753 0.539753 0.539753 0.539753 0.539753 0.442813 0.539753 0.539753 0.440037 0.539753 0.539753 0.539753 0.539753 0.539753 0.539753 0.539476 0.539753 0.539753 0.44356 0.539753 0.539753 0.539753 0.539753 0.539753 0.539753 0.440026 0.539753 0.539753 0.440035 0.539753 0.539753 0.539753 0.539753 0.539753 0.539753 0.440028 0.539753 0.539753 0.44138 0.539753 0.539753 0.539753 0.539753 0.539753 0.539753 0.44 0.539753 0.539753 0.440167 0.539753 0.539753 0.539753 0.539753 0.539753 0.539753 0.440167 0.539753 0.539753 0.44 0.539753 0.539753 0.539753 0.539753 0.539753 0.539753 0.440087 0.539753 0.539753 0.44 0.539753 0.539753 0.539753 0.539753 0.539753 0.539753 0.440001 0.539753 0.539753 0.529706 0.539753 0.539753 0.539753 0.539753 0.539753 0.539753 0.532061 0.539753 0.539753 0.440783 0.539753 0.539753 0.539753 0.539753 0.539753 0.539753 0.539753 0.539753 0.539753 0.539753 0.539753 0.539753 0.539753 0.539753 0.539753 0.539753 0.539753 0.539753 0.539753 0.539753 0.539753 0.539753 0.539753 0.539753 0.539753 0.539753 0.539753 0.539753 0.539753 0.539753 0.539753 0.539753 0.539753 0.539753 0.539753 0.539753 0.539753 0.539753 0.539753 0.539753 0.539753 0.539753 0.539753 0.539753 0.539753 0.539753 0.539753 0.539753 0.539753 0.539753 0.539753 0.539753 0.539753 0.539753 0.539753 0.539753 0.539753 0.539753 0.539753 0.539753 0.539753 0.539753 0.539753 0.539753 0.539753 0.539753 0.539753 0.539753 0.539753 0.539753 0.539753 0.539753 0.539753 0.539753 0.539753 0.539753 0.539753 0.539753 0.539753 0.539753 0.539753 0.539753 0.539753 0.539753 0.539753 0.539753 0.539753 0.539753 0.539753 0.539753 0.539753 0.539753 0.539753 0.539753 0.539753 0.539753 0.539753 0.539753 0.539753 0.539753 0.539753 0.539753 0.539753 0.539753 0.539753 0.539753 0.539753 0.539753 0.539753 0.539753 0.539753 0.539753 0.539339 0.539753 0.539753 0.539753 0.539753 0.539753 0.539753 0.539753 0.539753 0.539753 0.538425 0.539753 0.539753 0.539753 0.539753 0.539753 0.539753 0.539753 0.539753 0.539753 0.440015 0.539753 0.539753 0.539753 0.539753 0.539753 0.539753 0.539753 0.539753 0.539753 0.523317 0.539753 0.539753 0.539753 0.539753 0.539753 0.539753 0.539753 0.539753 0.539753 0.443578 0.539753 0.539753 0.539753 0.539753 0.539753 0.539753 0.539753 0.539753 0.539753 0.44 0.539753 0.539753 0.539753 0.539753 0.539753 0.539753 0.539753 0.539753 0.539753 0.464148 0.539753 0.539753 0.539753 0.539753 0.539753 0.539753 0.539753 0.539753 0.539753 0.440108 0.539753 0.539753 0.539753 0.539753 0.539753 0.539753 0.539753 0.539753 0.539753 0.500724 0.539753 0.539753 0.539753 0.539753 0.539753 0.539753 0.539753 0.539753 0.539753 0.44 0.539753 0.539753 0.539753 0.534922 0.539753 0.539753 0.526049 0.539753 0.539753 0.539753 0.539753 0.539753 0.539753 0.44 0.539753 0.539753 0.52194 0.539753 0.539753 0.539753 0.539753 0.539753 0.539753 0.455307 0.539753 0.539753 0.44909 0.539753 0.539753 0.539753 0.539753 0.539753 0.539753 0.464379 0.539753 0.539753 0.536731 0.539753 0.539753 0.539753 0.539753 0.539753 0.539753 0.44 0.539753 0.539753 0.468191 0.539753 0.539753 0.539753 0.539753 0.539753 0.539753 0.509475 0.539753 0.539753 0.44002 0.539753 0.539753 0.539753 0.539753 0.539753 0.539753 0.45441 0.539753 0.539753 0.44 0.539753 0.539753 0.539753 0.539753 0.539753 0.539753 0.441281 0.539753 0.539753 0.537464 0.539753 0.539753 0.539753 0.539753 0.539753 0.539753 0.44 0.539753 0.539753 0.440029 0.539753 0.539753 0.539753 0.539753 0.539753 0.539753 0.505506 0.539753 0.539753 0.44 0.539753 0.539753 0.539753 0.539753 0.539753 0.539753 0.539753 0.539753 0.539753 0.539753 0.539753 0.539753 0.539753 0.539753 0.539753 0.539753 0.539753 0.539753 0.539753 0.539753 0.539753 0.539753 0.539753 0.539753 0.539753 0.539753 0.539753 0.539753 0.539753 0.539753 0.539753 0.539753 0.539753 0.539753 0.539753 0.539753 0.539753 0.539753 0.539753 0.539753 0.539753 0.539753 0.539753 0.539753 0.539753 0.539753 0.539753 0.539753 0.539753 0.539753 0.539753 0.539753 0.539753 0.539753 0.539753 0.539753 0.539753 0.539753 0.539753 0.539753 0.539753 0.539753 0.539753 0.539753 0.539753 0.539753 0.539753 0.539753 0.539753 0.539753 0.539753 0.539753 0.539753 0.539753 0.539753 0.539753 0.539753 0.539753 0.539753 0.539753 0.539753 0.539753 0.539753 0.539753 0.539753 0.539753 0.539753 0.539753 0.539753 0.539753 0.539753 0.539753 0.539753 0.539753 0.539753 0.539753 0.539753 0.539753 0.539753 0.539753 0.539753 0.539753 0.539753 0.539753 0.539753 0.539753 0.539753 0.539753 0.539753 0.539753 0.539753 0.539753 0.44 0.539753 0.539753 0.539753 0.539753 0.539753 0.539753 0.539753 0.539753 0.539753 0.44 0.539753 0.539753 0.539753 0.539753 0.539753 0.539753 0.539753 0.539753 0.539753 0.440039 0.539753 0.539753 0.539753 0.539753 0.539753 0.539753 0.539753 0.539753 0.539753 0.44 0.539753 0.539753 0.539753 0.539753 0.539753 0.539753 0.539753 0.539753 0.539753 0.44 0.539753 0.539753 0.539753 0.539753 0.539753 0.539753 0.539753 0.539753 0.539753 0.440109 0.539753 0.539753 0.539753 0.539753 0.539753 0.539753 0.539753 0.539753 0.539753 0.44 0.539753 0.539753 0.539753 0.539753 0.539753 0.539753 0.539753 0.539753 0.539753 0.464056 0.539753 0.539753 0.539753 0.539753 0.539753 0.539753 0.539753 0.539753 0.539753 0.539084 0.539753 0.539753 0.539753 0.539753 0.539753 0.539753 0.539753 0.539753 0.539753 0.523316 0.539753 0.539753 0.539753 0.53254 0.539753 0.539753 0.444211 0.539753 0.539753 0.539753 0.539753 0.539753 0.539753 0.498261 0.539753 0.539753 0.44291 0.539753 0.539753 0.539753 0.539753 0.539753 0.539753 0.46496 0.539753 0.539753 0.442619 0.539753 0.539753 0.539753 0.539753 0.539753 0.539753 0.44 0.539753 0.539753 0.512025 0.539753 0.539753 0.539753 0.539753 0.539753 0.539753 0.440051 0.539753 0.539753 0.440126 0.539753 0.539753 0.539753 0.539753 0.539753 0.539753 0.524905 0.539753 0.539753 0.440001 0.539753 0.539753 0.539753 0.539753 0.539753 0.539753 0.44 0.539753 0.539753 0.44124 0.539753 0.539753 0.539753 0.539753 0.539753 0.539753 0.494924 0.539753 0.539753 0.537479 0.539753 0.539753 0.539753 0.539753 0.539753 0.539753 0.503966 0.539753 0.539753 0.440001 0.539753 0.539753 0.539753 0.539753 0.539753 0.539753 0.478026 0.539753 0.539753 0.534221 0.539753 0.539753 0.539753 0.539753 0.539753 0.539753 0.539753 0.539753 0.539753 0.539753 0.539753 0.539753 0.539753 0.539753 0.539753 0.539753 0.539753 0.539753 0.539753 0.539753 0.539753 0.539753 0.539753 0.539753 0.539753 0.539753 0.539753 0.539753 0.539753 0.539753 0.539753 0.539753 0.539753 0.539753 0.539753 0.539753 0.539753 0.539753 0.539753 0.539753 0.539753 0.539753 0.539753 0.539753 0.539753 0.539753 0.539753 0.539753 0.539753 0.539753 0.539753 0.539753 0.539753 0.539753 0.539753 0.539753 0.539753 0.539753 0.539753 0.539753 0.539753 0.539753 0.539753 0.539753 0.539753 0.539753 0.539753 0.539753 0.539753 0.539753 0.539753 0.539753 0.539753 0.539753 0.539753 0.539753 0.539753 0.539753 0.539753 0.539753 0.539753 0.539753 0.539753 0.539753 0.539753 0.539753 0.539753 0.539753 0.539753 0.539753 0.539753 0.539753 0.539753 0.539753 0.539753 0.539753 0.539753 0.539753 0.539753 0.539753 0.539753 0.539753 0.539753 0.539753 0.539753 0.539753 0.539753 0.539753 0.539753 0.539753 0.539753 0.539753 0.44001 0.539753 0.539753 0.539753 0.539753 0.539753 0.539753 0.539753 0.539753 0.539753 0.539663 0.539753 0.539753 0.539753 0.539753 0.539753 0.539753 0.539753 0.539753 0.539753 0.449052 0.539753 0.539753 0.539753 0.539753 0.539753 0.539753 0.539753 0.539753 0.539753 0.440746 0.539753 0.539753 0.539753 0.539753 0.539753 0.539753 0.539753 0.539753 0.539753 0.440008 0.539753 0.539753 0.539753 0.539753 0.539753 0.539753 0.539753 0.539753 0.539753 0.44 0.539753 0.539753 0.539753 0.539753 0.539753 0.539753 0.539753 0.539753 0.539753 0.440288 0.539753 0.539753 0.539753 0.539753 0.539753 0.539753 0.539753 0.539753 0.539753 0.44 0.539753 0.539753 0.539753 0.539753 0.539753 0.539753 0.539753 0.539753 0.539753 0.44 0.539753 0.539753 0.539753 0.539753 0.539753 0.539753 0.539753 0.539753 0.539753 0.44 0.539753 0.539753 0.539753 0.539753 0.539753 0.539753 0.539753 0.539753 0.539753 0.44249 0.539753 0.539753 0.539753 0.539753 0.539753 0.539753 0.539753 0.539753 0.539753 0.440049 0.539753 0.539753 0.539753 0.539753 0.539753 0.539753 0.539753 0.539753 0.539753 0.451065 0.539753 0.539753 0.539753 0.539753 0.539753 0.539753 0.539753 0.539753 0.539753 0.440001 0.539753 0.539753 0.539753 0.539753 0.539753 0.539753 0.539753 0.539753 0.539753 0.481861 0.539753 0.539753 0.539753 0.539753 0.539753 0.539753 0.539753 0.539753 0.539753 0.53915 0.539753 0.539753 0.539753 0.539753 0.539753 0.539753 0.539753 0.539753 0.539753 0.44 0.539753 0.539753 0.539753 0.539753 0.539753 0.539753 0.539753 0.539753 0.539753 0.441598 0.539753 0.539753 0.539753 0.539753 0.539753 0.539753 0.539753 0.539753 0.539753 0.539208 0.539753 0.539753 0.539753 0.539753 0.539753 0.539753 0.539753 0.539753 0.539753 0.533851 0.539753 0.539753 0.539753 0.536656 0.539753 0.539753 0.440003 0.539753 0.539753 0.539753 0.539753 0.539753 0.539753 0.44 0.539753 0.539753 0.440007 0.539753 0.539753 0.539753 0.539753 0.539753 0.539753 0.44 0.539753 0.539753 0.515611 0.539753 0.539753 0.539753 0.539753 0.539753 0.539753 0.44 0.539753 0.539753 0.534919 0.539753 0.539753 0.539753 0.539753 0.539753 0.539753 0.528588 0.539753 0.539753 0.533431 0.539753 0.539753 0.539753 0.539753 0.539753 0.539753 0.44 0.539753 0.539753 0.538161 0.539753 0.539753 0.539753 0.539753 0.539753 0.539753 0.440001 0.539753 0.539753 0.49064 0.539753 0.539753 0.539753 0.539753 0.539753 0.539753 0.440014 0.539753 0.539753 0.440013 0.539753 0.539753 0.539753 0.539753 0.539753 0.539753 0.510455 0.539753 0.539753 0.44 0.539753 0.539753 0.539753 0.539753 0.539753 0.539753 0.440679 0.539753 0.539753 0.5275 0.539753 0.539753 0.539753 0.539753 0.539753 0.539753 0.539753 0.539753 0.539753 0.539753 0.539753 0.539753 0.539753 0.539753 0.539753 0.539753 0.539753 0.539753 0.539753 0.539753 0.539753 0.539753 0.539753 0.539753 0.539753 0.539753 0.539753 0.539753 0.539753 0.539753 0.539753 0.539753 0.539753 0.539753 0.539753 0.539753 0.539753 0.539753 0.539753 0.539753 0.539753 0.539753 0.539753 0.539753 0.539753 0.539753 0.539753 0.539753 0.539753 0.539753 0.539753 0.539753 0.539753 0.539753 0.539753 0.539753 0.539753 0.539753 0.539753 0.539753 0.539753 0.539753 0.539753 0.539753 0.539753 0.539753 0.539753 0.539753 0.539753 0.539753 0.539753 0.539753 0.539753 0.539753 0.539753 0.539753 0.539753 0.539753 0.539753 0.539753 0.539753 0.539753 0.539753 0.539753 0.539753 0.539753 0.539753 0.539753 0.539753 0.539753 0.539753 0.539753 0.539753 0.539753 0.539753 0.539753 0.539753 0.539753 0.539753 0.539753 0.539753 0.539753 0.539753 0.539753 0.539753 0.539753 0.539753 0.539753 0.539753 0.539753 0.539753 0.539753 0.441909 0.539753 0.539753 0.539753 0.539753 0.539753 0.539753 0.539753 0.539753 0.539753 0.516942 0.539753 0.539753 0.539753 0.539753 0.539753 0.539753 0.539753 0.539753 0.539753 0.44 0.539753 0.539753 0.539753 0.539753 0.539753 0.539753 0.539753 0.539753 0.539753 0.527263 0.539753 0.539753 0.539753 0.539753 0.539753 0.539753 0.539753 0.539753 0.539753 0.440176 0.539753 0.539753 0.539753 0.539753 0.539753 0.539753 0.539753 0.539753 0.539753 0.447614 0.539753 0.539753 0.539753 0.539753 0.539753 0.539753 0.539753 0.539753 0.539753 0.467685 0.539753 0.539753 0.539753 0.539753 0.539753 0.539753 0.539753 0.539753 0.539753 0.44 0.539753 0.539753 0.539753 0.539753 0.539753 0.539753 0.539753 0.539753 0.539753 0.440055 0.539753 0.539753 0.539753 0.539753 0.539753 0.539753 0.539753 0.539753 0.539753 0.466125 0.539753 0.539753 0.539753 0.523463 0.539753 0.539753 0.480905 0.539753 0.539753 0.539753 0.539753 0.539753 0.539753 0.440335 0.539753 0.539753 0.503372 0.539753 0.539753 0.539753 0.539753 0.539753 0.539753 0.45669 0.539753 0.539753 0.44012 0.539753 0.539753 0.539753 0.539753 0.539753 0.539753 0.539029 0.539753 0.539753 0.532987 0.539753 0.539753 0.539753 0.539753 0.539753 0.539753 0.440008 0.539753 0.539753 0.537304 0.539753 0.539753 0.539753 0.539753 0.539753 0.539753 0.44 0.539753 0.539753 0.447358 0.539753 0.539753 0.539753 0.539753 0.539753 0.539753 0.539436 0.539753 0.539753 0.536669 0.539753 0.539753 0.539753 0.539753 0.539753 0.539753 0.4498 0.539753 0.539753 0.455571 0.539753 0.539753 0.539753 0.539753 0.539753 0.539753 0.537194 0.539753 0.539753 0.44 0.539753 0.539753 0.539753 0.539753 0.539753 0.539753 0.536223 0.539753 0.539753 0.445112 0.539753 0.539753 0.539753 0.539753 0.539753 0.539753 0.539753 0.539753 0.539753 0.539753 0.539753 0.539753 0.539753 0.539753 0.539753 0.539753 0.539753 0.539753 0.539753 0.539753 0.539753 0.539753 0.539753 0.539753 0.539753 0.539753 0.539753 0.539753 0.539753 0.539753 0.539753 0.539753 0.539753 0.539753 0.539753 0.539753 0.539753 0.539753 0.539753 0.539753 0.539753 0.539753 0.539753 0.539753 0.539753 0.539753 0.539753 0.539753 0.539753 0.539753 0.539753 0.539753 0.539753 0.539753 0.539753 0.539753 0.539753 0.539753 0.539753 0.539753 0.539753 0.539753 0.539753 0.539753 0.539753 0.539753 0.539753 0.539753 0.539753 0.539753 0.539753 0.539753 0.539753 0.539753 0.539753 0.539753 0.539753 0.539753 0.539753 0.539753 0.539753 0.539753 0.539753 0.539753 0.539753 0.539753 0.539753 0.539753 0.539753 0.539753 0.539753 0.539753 0.539753 0.539753 0.539753 0.539753 0.539753 0.539753 0.539753 0.539753 0.539753 0.539753 0.539753 0.539753 0.539753 0.539753 0.539753 0.539753 0.539753 0.539753 0.539753 0.539753 0.456973 0.539753 0.539753 0.539753 0.539753 0.539753 0.539753 0.539753 0.539753 0.539753 0.508368 0.539753 0.539753 0.539753 0.539753 0.539753 0.539753 0.539753 0.539753 0.539753 0.48262 0.539753 0.539753 0.539753 0.539753 0.539753 0.539753 0.539753 0.539753 0.539753 0.474085 0.539753 0.539753 0.539753 0.539753 0.539753 0.539753 0.539753 0.539753 0.539753 0.539644 0.539753 0.539753 0.539753 0.539753 0.539753 0.539753 0.539753 0.539753 0.539753 0.477749 0.539753 0.539753 0.539753 0.539753 0.539753 0.539753 0.539753 0.539753 0.539753 0.440374 0.539753 0.539753 0.539753 0.539753 0.539753 0.539753 0.539753 0.539753 0.539753 0.44 0.539753 0.539753 0.539753 0.539753 0.539753 0.539753 0.539753 0.539753 0.539753 0.533552 0.539753 0.539753 0.539753 0.539753 0.539753 0.539753 0.539753 0.539753 0.539753 0.535033 0.539753 0.539753 0.539753 0.440246 0.539753 0.539753 0.449499 0.539753 0.539753 0.539753 0.539753 0.539753 0.539753 0.482436 0.539753 0.539753 0.440002 0.539753 0.539753 0.539753 0.539753 0.539753 0.539753 0.440143 0.539753 0.539753 0.440018 0.539753 0.539753 0.539753 0.539753 0.539753 0.539753 0.537431 0.539753 0.539753 0.537702 0.539753 0.539753 0.539753 0.539753 0.539753 0.539753 0.44 0.539753 0.539753 0.538287 0.539753 0.539753 0.539753 0.539753 0.539753 0.539753 0.480155 0.539753 0.539753 0.44 0.539753 0.539753 0.539753 0.539753 0.539753 0.539753 0.440779 0.539753 0.539753 0.440143 0.539753 0.539753 0.539753 0.539753 0.539753 0.539753 0.440006 0.539753 0.539753 0.53802 0.539753 0.539753 0.539753 0.539753 0.539753 0.539753 0.537141 0.539753 0.539753 0.44 0.539753 0.539753 0.539753 0.539753 0.539753 0.539753 0.440003 0.539753 0.539753 0.486825 0.539753 0.539753 0.539753 0.539753 0.539753 0.539753 0.539753 0.539753 0.539753 0.539753 0.539753 0.539753 0.539753 0.539753 0.539753 0.539753 0.539753 0.539753 0.539753 0.539753 0.539753 0.539753 0.539753 0.539753 0.539753 0.539753 0.539753 0.539753 0.539753 0.539753 0.539753 0.539753 0.539753 0.539753 0.539753 0.539753 0.539753 0.539753 0.539753 0.539753 0.539753 0.539753 0.539753 0.539753 0.539753 0.539753 0.539753 0.539753 0.539753 0.539753 0.539753 0.539753 0.539753 0.539753 0.539753 0.539753 0.539753 0.539753 0.539753 0.539753 0.539753 0.539753 0.539753 0.539753 0.539753 0.539753 0.539753 0.539753 0.539753 0.539753 0.539753 0.539753 0.539753 0.539753 0.539753 0.539753 0.539753 0.539753 0.539753 0.539753 0.539753 0.539753 0.539753 0.539753 0.539753 0.539753 0.539753 0.539753 0.539753 0.539753 0.539753 0.539753 0.539753 0.539753 0.539753 0.539753 0.539753 0.539753 0.539753 0.539753 0.539753 0.539753 0.539753 0.539753 0.539753 0.539753 0.539753 0.539753 0.539753 0.539753 0.539753 0.539753 0.44 0.539753 0.539753 0.539753 0.539753 0.539753 0.539753 0.539753 0.539753 0.539753 0.44 0.539753 0.539753 0.539753 0.539753 0.539753 0.539753 0.539753 0.539753 0.539753 0.498926 0.539753 0.539753 0.539753 0.539753 0.539753 0.539753 0.539753 0.539753 0.539753 0.44 0.539753 0.539753 0.539753 0.539753 0.539753 0.539753 0.539753 0.539753 0.539753 0.523578 0.539753 0.539753 0.539753 0.539753 0.539753 0.539753 0.539753 0.539753 0.539753 0.539066 0.539753 0.539753 0.539753 0.539753 0.539753 0.539753 0.539753 0.539753 0.539753 0.444545 0.539753 0.539753 0.539753 0.539753 0.539753 0.539753 0.539753 0.539753 0.539753 0.440002 0.539753 0.539753 0.539753 0.539753 0.539753 0.539753 0.539753 0.539753 0.539753 0.44 0.539753 0.539753 0.539753 0.539753 0.539753 0.539753 0.539753 0.539753 0.539753 0.538222 0.539753 0.539753 0.539753 0.539753 0.539753 0.539753 0.539753 0.539753 0.539753 0.477163 0.539753 0.539753 0.539753 0.539753 0.539753 0.539753 0.539753 0.539753 0.539753 0.492121 0.539753 0.539753 0.539753 0.539753 0.539753 0.539753 0.539753 0.539753 0.539753 0.443916 0.539753 0.539753 0.539753 0.539753 0.539753 0.539753 0.539753 0.539753 0.539753 0.497624 0.539753 0.539753 0.539753 0.539753 0.539753 0.539753 0.539753 0.539753 0.539753 0.44 0.539753 0.539753 0.539753 0.539753 0.539753 0.539753 0.539753 0.539753 0.539753 0.44 0.539753 0.539753 0.539753 0.539753 0.539753 0.539753 0.539753 0.539753 0.539753 0.440039 0.539753 0.539753 0.539753 0.539753 0.539753 0.539753 0.539753 0.539753 0.539753 0.52965 0.539753 0.539753 0.539753 0.539753 0.539753 0.539753 0.539753 0.539753 0.539753 0.440002 0.539753 0.539753 0.539753 0.539753 0.539753 0.539753 0.539753 0.539753 0.539753 0.440003 0.539753 0.539753 0.539753 0.50752 0.539753 0.539753 0.532465 0.539753 0.539753 0.539753 0.539753 0.539753 0.539753 0.53957 0.539753 0.539753 0.44 0.539753 0.539753 0.539753 0.539753 0.539753 0.539753 0.440027 0.539753 0.539753 0.44 0.539753 0.539753 0.539753 0.539753 0.539753 0.539753 0.44 0.539753 0.539753 0.44003 0.539753 0.539753 0.539753 0.539753 0.539753 0.539753 0.44 0.539753 0.539753 0.539039 0.539753 0.539753 0.539753 0.539753 0.539753 0.539753 0.508 0.539753 0.539753 0.53774 0.539753 0.539753 0.539753 0.539753 0.539753 0.539753 0.51996 0.539753 0.539753 0.440236 0.539753 0.539753 0.539753 0.539753 0.539753 0.539753 0.539227 0.539753 0.539753 0.44 0.539753 0.539753 0.539753 0.539753 0.539753 0.539753 0.441504 0.539753 0.539753 0.516582 0.539753 0.539753 0.539753 0.539753 0.539753 0.539753 0.538368 0.539753 0.539753 0.528089 0.539753 0.539753 0.539753 0.539753 0.539753 0.539753 0.539753 0.539753 0.539753 0.539753 0.539753 0.539753 0.539753 0.539753 0.539753 0.539753 0.539753 0.539753 0.539753 0.539753 0.539753 0.539753 0.539753 0.539753 0.539753 0.539753 0.539753 0.539753 0.539753 0.539753 0.539753 0.539753 0.539753 0.539753 0.539753 0.539753 0.539753 0.539753 0.539753 0.539753 0.539753 0.539753 0.539753 0.539753 0.539753 0.539753 0.539753 0.539753 0.539753 0.539753 0.539753 0.539753 0.539753 0.539753 0.539753 0.539753 0.539753 0.539753 0.539753 0.539753 0.539753 0.539753 0.539753 0.539753 0.539753 0.539753 0.539753 0.539753 0.539753 0.539753 0.539753 0.539753 0.539753 0.539753 0.539753 0.539753 0.539753 0.539753 0.539753 0.539753 0.539753 0.539753 0.539753 0.539753 0.539753 0.539753 0.539753 0.539753 0.539753 0.539753 0.539753 0.539753 0.539753 0.539753 0.539753 0.539753 0.539753 0.539753 0.539753 0.539753 0.539753 0.539753 0.539753 0.539753 0.539753 0.539753 0.539753 0.539753 0.539753 0.539753 0.539753 0.539753 0.44 0.539753 0.539753 0.539753 0.539753 0.539753 0.539753 0.539753 0.539753 0.539753 0.537826 0.539753 0.539753 0.539753 0.539753 0.539753 0.539753 0.539753 0.539753 0.539753 0.44 0.539753 0.539753 0.539753 0.539753 0.539753 0.539753 0.539753 0.539753 0.539753 0.529574 0.539753 0.539753 0.539753 0.539753 0.539753 0.539753 0.539753 0.539753 0.539753 0.539538 0.539753 0.539753 0.539753 0.539753 0.539753 0.539753 0.539753 0.539753 0.539753 0.526996 0.539753 0.539753 0.539753 0.539753 0.539753 0.539753 0.539753 0.539753 0.539753 0.534844 0.539753 0.539753 0.539753 0.539753 0.539753 0.539753 0.539753 0.539753 0.539753 0.50609 0.539753 0.539753 0.539753 0.539753 0.539753 0.539753 0.539753 0.539753 0.539753 0.443987 0.539753 0.539753 0.539753 0.539753 0.539753 0.539753 0.539753 0.539753 0.539753 0.44 0.539753 0.539753 0.539753 0.44 0.539753 0.539753 0.451911 0.539753 0.539753 0.539753 0.539753 0.539753 0.539753 0.44 0.539753 0.539753 0.44 0.539753 0.539753 0.539753 0.539753 0.539753 0.539753 0.44 0.539753 0.539753 0.538918 0.539753 0.539753 0.539753 0.539753 0.539753 0.539753 0.440802 0.539753 0.539753 0.44 0.539753 0.539753 0.539753 0.539753 0.539753 0.539753 0.44 0.539753 0.539753 0.49464 0.539753 0.539753 0.539753 0.539753 0.539753 0.539753 0.44 0.539753 0.539753 0.490894 0.539753 0.539753 0.539753 0.539753 0.539753 0.539753 0.44 0.539753 0.539753 0.44 0.539753 0.539753 0.539753 0.539753 0.539753 0.539753 0.508103 0.539753 0.539753 0.44 0.539753 0.539753 0.539753 0.539753 0.539753 0.539753 0.460253 0.539753 0.539753 0.44 0.539753 0.539753 0.539753 0.539753 0.539753 0.539753 0.512612 0.539753 0.539753 0.53722 0.539753 0.539753 0.539753 0.539753 0.539753 0.539753 0.539753 0.539753 0.539753 0.539753 0.539753 0.539753 0.539753 0.539753 0.539753 0.539753 0.539753 0.539753 0.539753 0.539753 0.539753 0.539753 0.539753 0.539753 0.539753 0.539753 0.539753 0.539753 0.539753 0.539753 0.539753 0.539753 0.539753 0.539753 0.539753 0.539753 0.539753 0.539753 0.539753 0.539753 0.539753 0.539753 0.539753 0.539753 0.539753 0.539753 0.539753 0.539753 0.539753 0.539753 0.539753 0.539753 0.539753 0.539753 0.539753 0.539753 0.539753 0.539753 0.539753 0.539753 0.539753 0.539753 0.539753 0.539753 0.539753 0.539753 0.539753 0.539753 0.539753 0.539753 0.539753 0.539753 0.539753 0.539753 0.539753 0.539753 0.539753 0.539753 0.539753 0.539753 0.539753 0.539753 0.539753 0.539753 0.539753 0.539753 0.539753 0.539753 0.539753 0.539753 0.539753 0.539753 0.539753 0.539753 0.539753 0.539753 0.539753 0.539753 0.539753 0.539753 0.539753 0.539753 0.539753 0.539753 0.539753 0.539753 0.539753 0.539753 0.539753 0.539753 0.539753 0.539753 0.475909 0.539753 0.539753 0.539753 0.539753 0.539753 0.539753 0.539753 0.539753 0.539753 0.44 0.539753 0.539753 0.539753 0.539753 0.539753 0.539753 0.539753 0.539753 0.539753 0.440005 0.539753 0.539753 0.539753 0.539753 0.539753 0.539753 0.539753 0.539753 0.539753 0.445294 0.539753 0.539753 0.539753 0.539753 0.539753 0.539753 0.539753 0.539753 0.539753 0.440072 0.539753 0.539753 0.539753 0.539753 0.539753 0.539753 0.539753 0.539753 0.539753 0.475261 0.539753 0.539753 0.539753 0.539753 0.539753 0.539753 0.539753 0.539753 0.539753 0.440503 0.539753 0.539753 0.539753 0.539753 0.539753 0.539753 0.539753 0.539753 0.539753 0.44 0.539753 0.539753 0.539753 0.539753 0.539753 0.539753 0.539753 0.539753 0.539753 0.443146 0.539753 0.539753 0.539753 0.539753 0.539753 0.539753 0.539753 0.539753 0.539753 0.442793 0.539753 0.539753 0.539753 0.539501 0.539753 0.539753 0.500309 0.539753 0.539753 0.539753 0.539753 0.539753 0.539753 0.44 0.539753 0.539753 0.44 0.539753 0.539753 0.539753 0.539753 0.539753 0.539753 0.508357 0.539753 0.539753 0.44 0.539753 0.539753 0.539753 0.539753 0.539753 0.539753 0.44 0.539753 0.539753 0.440426 0.539753 0.539753 0.539753 0.539753 0.539753 0.539753 0.44 0.539753 0.539753 0.44009 0.539753 0.539753 0.539753 0.539753 0.539753 0.539753 0.447891 0.539753 0.539753 0.493472 0.539753 0.539753 0.539753 0.539753 0.539753 0.539753 0.44 0.539753 0.539753 0.515772 0.539753 0.539753 0.539753 0.539753 0.539753 0.539753 0.44 0.539753 0.539753 0.538847 0.539753 0.539753 0.539753 0.539753 0.539753 0.539753 0.444179 0.539753 0.539753 0.440003 0.539753 0.539753 0.539753 0.539753 0.539753 0.539753 0.44001 0.539753 0.539753 0.44 0.539753 0.539753 0.539753 0.539753 0.539753 0.539753 0.539753 0.539753 0.539753 0.539753 0.539753 0.539753 0.539753 0.539753 0.539753 0.539753 0.539753 0.539753 0.539753 0.539753 0.539753 0.539753 0.539753 0.539753 0.539753 0.539753 0.539753 0.539753 0.539753 0.539753 0.539753 0.539753 0.539753 0.539753 0.539753 0.539753 0.539753 0.539753 0.539753 0.539753 0.539753 0.539753 0.539753 0.539753 0.539753 0.539753 0.539753 0.539753 0.539753 0.539753 0.539753 0.539753 0.539753 0.539753 0.539753 0.539753 0.539753 0.539753 0.539753 0.539753 0.539753 0.539753 0.539753 0.539753 0.539753 0.539753 0.539753 0.539753 0.539753 0.539753 0.539753 0.539753 0.539753 0.539753 0.539753 0.539753 0.539753 0.539753 0.539753 0.539753 0.539753 0.539753 0.539753 0.539753 0.539753 0.539753 0.539753 0.539753 0.539753 0.539753 0.539753 0.539753 0.539753 0.539753 0.539753 0.539753 0.539753 0.539753 0.539753 0.539753 0.539753 0.539753 0.539753 0.539753 0.539753 0.539753 0.539753 0.539753 0.539753 0.539753 0.539753 0.539753 0.49016 0.539753 0.539753 0.539753 0.539753 0.539753 0.539753 0.539753 0.539753 0.539753 0.443775 0.539753 0.539753 0.539753 0.539753 0.539753 0.539753 0.539753 0.539753 0.539753 0.440139 0.539753 0.539753 0.539753 0.539753 0.539753 0.539753 0.539753 0.539753 0.539753 0.44 0.539753 0.539753 0.539753 0.539753 0.539753 0.539753 0.539753 0.539753 0.539753 0.538092 0.539753 0.539753 0.539753 0.539753 0.539753 0.539753 0.539753 0.539753 0.539753 0.456566 0.539753 0.539753 0.539753 0.539753 0.539753 0.539753 0.539753 0.539753 0.539753 0.449448 0.539753 0.539753 0.539753 0.539753 0.539753 0.539753 0.539753 0.539753 0.539753 0.538982 0.539753 0.539753 0.539753 0.539753 0.539753 0.539753 0.539753 0.539753 0.539753 0.443351 0.539753 0.539753 0.539753 0.539753 0.539753 0.539753 0.539753 0.539753 0.539753 0.44 0.539753 0.539753 0.539753 0.539753 0.539753 0.539753 0.539753 0.539753 0.539753 0.441738 0.539753 0.539753 0.539753 0.539753 0.539753 0.539753 0.539753 0.539753 0.539753 0.44 0.539753 0.539753 0.539753 0.539753 0.539753 0.539753 0.539753 0.539753 0.539753 0.537193 0.539753 0.539753 0.539753 0.539753 0.539753 0.539753 0.539753 0.539753 0.539753 0.44 0.539753 0.539753 0.539753 0.539753 0.539753 0.539753 0.539753 0.539753 0.539753 0.517384 0.539753 0.539753 0.539753 0.539753 0.539753 0.539753 0.539753 0.539753 0.539753 0.440059 0.539753 0.539753 0.539753 0.539753 0.539753 0.539753 0.539753 0.539753 0.539753 0.526683 0.539753 0.539753 0.539753 0.539753 0.539753 0.539753 0.539753 0.539753 0.539753 0.44 0.539753 0.539753 0.539753 0.539753 0.539753 0.539753 0.539753 0.539753 0.539753 0.538957 0.539753 0.539753 0.539753 0.539753 0.539753 0.539753 0.539753 0.539753 0.539753 0.515488 0.539753 0.539753 0.539753 0.446978 0.539753 0.539753 0.440079 0.539753 0.539753 0.539753 0.539753 0.539753 0.539753 0.527688 0.539753 0.539753 0.44 0.539753 0.539753 0.539753 0.539753 0.539753 0.539753 0.482407 0.539753 0.539753 0.44 0.539753 0.539753 0.539753 0.539753 0.539753 0.539753 0.440038 0.539753 0.539753 0.440438 0.539753 0.539753 0.539753 0.539753 0.539753 0.539753 0.539224 0.539753 0.539753 0.44 0.539753 0.539753 0.539753 0.539753 0.539753 0.539753 0.484177 0.539753 0.539753 0.440412 0.539753 0.539753 0.539753 0.539753 0.539753 0.539753 0.440013 0.539753 0.539753 0.44 0.539753 0.539753 0.539753 0.539753 0.539753 0.539753 0.448311 0.539753 0.539753 0.467661 0.539753 0.539753 0.539753 0.539753 0.539753 0.539753 0.440014 0.539753 0.539753 0.440793 0.539753 0.539753 0.539753 0.539753 0.539753 0.539753 0.440004 0.539753 0.539753 0.536295 0.539753 0.539753 0.539753 0.539753 0.539753 0.539753 0.539753 0.539753 0.539753 0.539753 0.539753 0.539753 0.539753 0.539753 0.539753 0.539753 0.539753 0.539753 0.539753 0.539753 0.539753 0.539753 0.539753 0.539753 0.539753 0.539753 0.539753 0.539753 0.539753 0.539753 0.539753 0.539753 0.539753 0.539753 0.539753 0.539753 0.539753 0.539753 0.539753 0.539753 0.539753 0.539753 0.539753 0.539753 0.539753 0.539753 0.539753 0.539753 0.539753 0.539753 0.539753 0.539753 0.539753 0.539753 0.539753 0.539753 0.539753 0.539753 0.539753 0.539753 0.539753 0.539753 0.539753 0.539753 0.539753 0.539753 0.539753 0.539753 0.539753 0.539753 0.539753 0.539753 0.539753 0.539753 0.539753 0.539753 0.539753 0.539753 0.539753 0.539753 0.539753 0.539753 0.539753 0.539753 0.539753 0.539753 0.539753 0.539753 0.539753 0.539753 0.539753 0.539753 0.539753 0.539753 0.539753 0.539753 0.539753 0.539753 0.539753 0.539753 0.539753 0.539753 0.539753 0.539753 0.539753 0.539753 0.539753 0.539753 0.539753 0.539753 0.539753 0.539753 0.519827 0.539753 0.539753 0.539753 0.539753 0.539753 0.539753 0.539753 0.539753 0.539753 0.512895 0.539753 0.539753 0.539753 0.539753 0.539753 0.539753 0.539753 0.539753 0.539753 0.44 0.539753 0.539753 0.539753 0.539753 0.539753 0.539753 0.539753 0.539753 0.539753 0.537604 0.539753 0.539753 0.539753 0.539753 0.539753 0.539753 0.539753 0.539753 0.539753 0.447334 0.539753 0.539753 0.539753 0.539753 0.539753 0.539753 0.539753 0.539753 0.539753 0.440235 0.539753 0.539753 0.539753 0.539753 0.539753 0.539753 0.539753 0.539753 0.539753 0.529891 0.539753 0.539753 0.539753 0.539753 0.539753 0.539753 0.539753 0.539753 0.539753 0.44 0.539753 0.539753 0.539753 0.539753 0.539753 0.539753 0.539753 0.539753 0.539753 0.538698 0.539753 0.539753 0.539753 0.539753 0.539753 0.539753 0.539753 0.539753 0.539753 0.536796 0.539753 0.539753 0.539753 0.456704 0.539753 0.539753 0.52254 0.539753 0.539753 0.539753 0.539753 0.539753 0.539753 0.44 0.539753 0.539753 0.445542 0.539753 0.539753 0.539753 0.539753 0.539753 0.539753 0.440062 0.539753 0.539753 0.44 0.539753 0.539753 0.539753 0.539753 0.539753 0.539753 0.44 0.539753 0.539753 0.460732 0.539753 0.539753 0.539753 0.539753 0.539753 0.539753 0.538228 0.539753 0.539753 0.440001 0.539753 0.539753 0.539753 0.539753 0.539753 0.539753 0.526818 0.539753 0.539753 0.446288 0.539753 0.539753 0.539753 0.539753 0.539753 0.539753 0.525969 0.539753 0.539753 0.484143 0.539753 0.539753 0.539753 0.539753 0.539753 0.539753 0.533435 0.539753 0.539753 0.50224 0.539753 0.539753 0.539753 0.539753 0.539753 0.539753 0.44 0.539753 0.539753 0.519435 0.539753 0.539753 0.539753 0.539753 0.539753 0.539753 0.440087 0.539753 0.539753 0.44 0.539753 0.539753 0.539753 0.539753 0.539753 0.539753 0.539753 0.539753 0.539753 0.539753 0.539753 0.539753 0.539753 0.539753 0.539753 0.539753 0.539753 0.539753 0.539753 0.539753 0.539753 0.539753 0.539753 0.539753 0.539753 0.539753 0.539753 0.539753 0.539753 0.539753 0.539753 0.539753 0.539753 0.539753 0.539753 0.539753 0.539753 0.539753 0.539753 0.539753 0.539753 0.539753 0.539753 0.539753 0.539753 0.539753 0.539753 0.539753 0.539753 0.539753 0.539753 0.539753 0.539753 0.539753 0.539753 0.539753 0.539753 0.539753 0.539753 0.539753 0.539753 0.539753 0.539753 0.539753 0.539753 0.539753 0.539753 0.539753 0.539753 0.539753 0.539753 0.539753 0.539753 0.539753 0.539753 0.539753 0.539753 0.539753 0.539753 0.539753 0.539753 0.539753 0.539753 0.539753 0.539753 0.539753 0.539753 0.539753 0.539753 0.539753 0.539753 0.539753 0.539753 0.539753 0.539753 0.539753 0.539753 0.539753 0.539753 0.539753 0.539753 0.539753 0.539753 0.539753 0.539753 0.539753 0.539753 0.539753 0.539753 0.539753 0.539753 0.539753 0.539056 0.539753 0.539753 0.539753 0.539753 0.539753 0.539753 0.539753 0.539753 0.539753 0.513221 0.539753 0.539753 0.539753 0.539753 0.539753 0.539753 0.539753 0.539753 0.539753 0.440275 0.539753 0.539753 0.539753 0.539753 0.539753 0.539753 0.539753 0.539753 0.539753 0.440604 0.539753 0.539753 0.539753 0.539753 0.539753 0.539753 0.539753 0.539753 0.539753 0.440003 0.539753 0.539753 0.539753 0.539753 0.539753 0.539753 0.539753 0.539753 0.539753 0.440284 0.539753 0.539753 0.539753 0.539753 0.539753 0.539753 0.539753 0.539753 0.539753 0.504696 0.539753 0.539753 0.539753 0.539753 0.539753 0.539753 0.539753 0.539753 0.539753 0.530379 0.539753 0.539753 0.539753 0.539753 0.539753 0.539753 0.539753 0.539753 0.539753 0.440022 0.539753 0.539753 0.539753 0.539753 0.539753 0.539753 0.539753 0.539753 0.539753 0.44 0.539753 0.539753 0.539753 0.44 0.539753 0.539753 0.537869 0.539753 0.539753 0.539753 0.539753 0.539753 0.539753 0.441502 0.539753 0.539753 0.539554 0.539753 0.539753 0.539753 0.539753 0.539753 0.539753 0.44 0.539753 0.539753 0.531407 0.539753 0.539753 0.539753 0.539753 0.539753 0.539753 0.44 0.539753 0.539753 0.53908 0.539753 0.539753 0.539753 0.539753 0.539753 0.539753 0.479179 0.539753 0.539753 0.440016 0.539753 0.539753 0.539753 0.539753 0.539753 0.539753 0.502916 0.539753 0.539753 0.44 0.539753 0.539753 0.539753 0.539753 0.539753 0.539753 0.440037 0.539753 0.539753 0.44 0.539753 0.539753 0.539753 0.539753 0.539753 0.539753 0.440982 0.539753 0.539753 0.538609 0.539753 0.539753 0.539753 0.539753 0.539753 0.539753 0.44044 0.539753 0.539753 0.44 0.539753 0.539753 0.539753 0.539753 0.539753 0.539753 0.440005 0.539753 0.539753 0.44 0.539753 0.539753 0.539753 0.539753 0.539753 0.539753 0.539753 0.539753 0.539753 0.539753 0.539753 0.539753 0.539753 0.539753 0.539753 0.539753 0.539753 0.539753 0.539753 0.539753 0.539753 0.539753 0.539753 0.539753 0.539753 0.539753 0.539753 0.539753 0.539753 0.539753 0.539753 0.539753 0.539753 0.539753 0.539753 0.539753 0.539753 0.539753 0.539753 0.539753 0.539753 0.539753 0.539753 0.539753 0.539753 0.539753 0.539753 0.539753 0.539753 0.539753 0.539753 0.539753 0.539753 0.539753 0.539753 0.539753 0.539753 0.539753 0.539753 0.539753 0.539753 0.539753 0.539753 0.539753 0.539753 0.539753 0.539753 0.539753 0.539753 0.539753 0.539753 0.539753 0.539753 0.539753 0.539753 0.539753 0.539753 0.539753 0.539753 0.539753 0.539753 0.539753 0.539753 0.539753 0.539753 0.539753 0.539753 0.539753 0.539753 0.539753 0.539753 0.539753 0.539753 0.539753 0.539753 0.539753 0.539753 0.539753 0.539753 0.539753 0.539753 0.539753 0.539753 0.539753 0.539753 0.539753 0.539753 0.539753 0.539753 0.539753 0.539753 0.539753 0.532188 0.539753 0.539753 0.539753 0.539753 0.539753 0.539753 0.539753 0.539753 0.539753 0.452262 0.539753 0.539753 0.539753 0.539753 0.539753 0.539753 0.539753 0.539753 0.539753 0.539466 0.539753 0.539753 0.539753 0.539753 0.539753 0.539753 0.539753 0.539753 0.539753 0.512753 0.539753 0.539753 0.539753 0.539753 0.539753 0.539753 0.539753 0.539753 0.539753 0.44 0.539753 0.539753 0.539753 0.539753 0.539753 0.539753 0.539753 0.539753 0.539753 0.440001 0.539753 0.539753 0.539753 0.539753 0.539753 0.539753 0.539753 0.539753 0.539753 0.440018 0.539753 0.539753 0.539753 0.539753 0.539753 0.539753 0.539753 0.539753 0.539753 0.44 0.539753 0.539753 0.539753 0.539753 0.539753 0.539753 0.539753 0.539753 0.539753 0.440179 0.539753 0.539753 0.539753 0.539753 0.539753 0.539753 0.539753 0.539753 0.539753 0.538319 0.539753 0.539753 
0.549703 0.549703 0.549703 0.549703 0.549703 0.549703 0.549703 0.495862 0.549703 0.549703 0.549703 0.549703 0.549703 0.549703 0.549703 0.549703 0.549703 0.43 0.549703 0.549703 0.549703 0.549703 0.549703 0.549703 0.549703 0.549703 0.549703 0.430003 0.549703 0.549703 0.549703 0.549703 0.549703 0.549703 0.549703 0.549703 0.549703 0.549287 0.549703 0.549703 0.549703 0.549703 0.549703 0.549703 0.549703 0.549703 0.549703 0.430258 0.549703 0.549703 0.549703 0.549703 0.549703 0.549703 0.549703 0.549703 0.549703 0.430022 0.549703 0.549703 0.549703 0.549703 0.549703 0.549703 0.549703 0.549703 0.549703 0.430051 0.549703 0.549703 0.549703 0.549703 0.549703 0.549703 0.549703 0.549703 0.549703 0.548961 0.549703 0.549703 0.549703 0.549703 0.549703 0.549703 0.549703 0.549703 0.549703 0.546368 0.549703 0.549703 0.549703 0.549703 0.549703 0.549703 0.549703 0.549703 0.549703 0.430043 0.549703 0.549703 0.549703 0.52103 0.549703 0.549703 0.43 0.549703 0.549703 0.549703 0.549703 0.549703 0.549703 0.484659 0.549703 0.549703 0.459599 0.549703 0.549703 0.549703 0.549703 0.549703 0.549703 0.43022 0.549703 0.549703 0.430002 0.549703 0.549703 0.549703 0.549703 0.549703 0.549703 0.54511 0.549703 0.549703 0.43 0.549703 0.549703 0.549703 0.549703 0.549703 0.549703 0.543512 0.549703 0.549703 0.443198 0.549703 0.549703 0.549703 0.549703 0.549703 0.549703 0.543904 0.549703 0.549703 0.430034 0.549703 0.549703 0.549703 0.549703 0.549703 0.549703 0.430538 0.549703 0.549703 0.430162 0.549703 0.549703 0.549703 0.549703 0.549703 0.549703 0.435821 0.549703 0.549703 0.43 0.549703 0.549703 0.549703 0.549703 0.549703 0.549703 0.549183 0.549703 0.549703 0.54493 0.549703 0.549703 0.549703 0.549703 0.549703 0.549703 0.43 0.549703 0.549703 0.430001 0.549703 0.549703 0.549703 0.549703 0.549703 0.549703 0.549703 0.549703 0.549703 0.549703 0.549703 0.549703 0.549703 0.549703 0.549703 0.549703 0.549703 0.549703 0.549703 0.549703 0.549703 0.549703 0.549703 0.549703 0.549703 0.549703 0.549703 0.549703 0.549703 0.549703 0.549703 0.549703 0.549703 0.549703 0.549703 0.549703 0.549703 0.549703 0.549703 0.549703 0.549703 0.549703 0.549703 0.549703 0.549703 0.549703 0.549703 0.549703 0.549703 0.549703 0.549703 0.549703 0.549703 0.549703 0.549703 0.549703 0.549703 0.549703 0.549703 0.549703 0.549703 0.549703 0.549703 0.549703 0.549703 0.549703 0.549703 0.549703 0.549703 0.549703 0.549703 0.549703 0.549703 0.549703 0.549703 0.549703 0.549703 0.549703 0.549703 0.549703 0.549703 0.549703 0.549703 0.549703 0.549703 0.549703 0.549703 0.549703 0.549703 0.549703 0.549703 0.549703 0.549703 0.549703 0.549703 0.549703 0.549703 0.549703 0.549703 0.549703 0.549703 0.549703 0.549703 0.549703 0.549703 0.549703 0.549703 0.549703 0.549703 0.549703 0.549703 0.549703 0.43 0.549703 0.549703 0.549703 0.549703 0.549703 0.549703 0.549703 0.549703 0.549703 0.535044 0.549703 0.549703 0.549703 0.549703 0.549703 0.549703 0.549703 0.549703 0.549703 0.43 0.549703 0.549703 0.549703 0.549703 0.549703 0.549703 0.549703 0.549703 0.549703 0.43 0.549703 0.549703 0.549703 0.549703 0.549703 0.549703 0.549703 0.549703 0.549703 0.544908 0.549703 0.549703 0.549703 0.549703 0.549703 0.549703 0.549703 0.549703 0.549703 0.458392 0.549703 0.549703 0.549703 0.549703 0.549703 0.549703 0.549703 0.549703 0.549703 0.43 0.549703 0.549703 0.549703 0.549703 0.549703 0.549703 0.549703 0.549703 0.549703 0.449379 0.549703 0.549703 0.549703 0.549703 0.549703 0.549703 0.549703 0.549703 0.549703 0.549582 0.549703 0.549703 0.549703 0.549703 0.549703 0.549703 0.549703 0.549703 0.549703 0.54872 0.549703 0.549703 0.549703 0.479804 0.549703 0.549703 0.46955 0.549703 0.549703 0.549703 0.549703 0.549703 0.549703 0.43 0.549703 0.549703 0.430041 0.549703 0.549703 0.549703 0.549703 0.549703 0.549703 0.441314 0.549703 0.549703 0.517202 0.549703 0.549703 0.549703 0.549703 0.549703 0.549703 0.430851 0.549703 0.549703 0.479992 0.549703 0.549703 0.549703 0.549703 0.549703 0.549703 0.43 0.549703 0.549703 0.512002 0.549703 0.549703 0.549703 0.549703 0.549703 0.549703 0.547123 0.549703 0.549703 0.543658 0.549703 0.549703 0.549703 0.549703 0.549703 0.549703 0.43 0.549703 0.549703 0.430049 0.549703 0.549703 0.549703 0.549703 0.549703 0.549703 0.43 0.549703 0.549703 0.43 0.549703 0.549703 0.549703 0.549703 0.549703 0.549703 0.524858 0.549703 0.549703 0.494471 0.549703 0.549703 0.549703 0.549703 0.549703 0.549703 0.43 0.549703 0.549703 0.430016 0.549703 0.549703 0.549703 0.549703 0.549703 0.549703 0.549703 0.549703 0.549703 0.549703 0.549703 0.549703 0.549703 0.549703 0.549703 0.549703 0.549703 0.549703 0.549703 0.549703 0.549703 0.549703 0.549703 0.549703 0.549703 0.549703 0.549703 0.549703 0.549703 0.549703 0.549703 0.549703 0.549703 0.549703 0.549703 0.549703 0.549703 0.549703 0.549703 0.549703 0.549703 0.549703 0.549703 0.549703 0.549703 0.549703 0.549703 0.549703 0.549703 0.549703 0.549703 0.549703 0.549703 0.549703 0.549703 0.549703 0.549703 0.549703 0.549703 0.549703 0.549703 0.549703 0.549703 0.549703 0.549703 0.549703 0.549703 0.549703 0.549703 0.549703 0.549703 0.549703 0.549703 0.549703 0.549703 0.549703 0.549703 0.549703 0.549703 0.549703 0.549703 0.549703 0.549703 0.549703 0.549703 0.549703 0.549703 0.549703 0.549703 0.549703 0.549703 0.549703 0.549703 0.549703 0.549703 0.549703 0.549703 0.549703 0.549703 0.549703 0.549703 0.549703 0.549703 0.549703 0.549703 0.549703 0.549703 0.549703 0.549703 0.549703 0.549703 0.549703 0.430016 0.549703 0.549703 0.549703 0.549703 0.549703 0.549703 0.549703 0.549703 0.549703 0.43 0.549703 0.549703 0.549703 0.549703 0.549703 0.549703 0.549703 0.549703 0.549703 0.43 0.549703 0.549703 0.549703 0.549703 0.549703 0.549703 0.549703 0.549703 0.549703 0.430055 0.549703 0.549703 0.549703 0.549703 0.549703 0.549703 0.549703 0.549703 0.549703 0.52874 0.549703 0.549703 0.549703 0.549703 0.549703 0.549703 0.549703 0.549703 0.549703 0.54937 0.549703 0.549703 0.549703 0.549703 0.549703 0.549703 0.549703 0.549703 0.549703 0.431244 0.549703 0.549703 0.549703 0.549703 0.549703 0.549703 0.549703 0.549703 0.549703 0.515548 0.549703 0.549703 0.549703 0.549703 0.549703 0.549703 0.549703 0.549703 0.549703 0.43 0.549703 0.549703 0.549703 0.549703 0.549703 0.549703 0.549703 0.549703 0.549703 0.430391 0.549703 0.549703 0.549703 0.43 0.549703 0.549703 0.431578 0.549703 0.549703 0.549703 0.549703 0.549703 0.549703 0.437962 0.549703 0.549703 0.430041 0.549703 0.549703 0.549703 0.549703 0.549703 0.549703 0.541428 0.549703 0.549703 0.523735 0.549703 0.549703 0.549703 0.549703 0.549703 0.549703 0.529434 0.549703 0.549703 0.547999 0.549703 0.549703 0.549703 0.549703 0.549703 0.549703 0.49473 0.549703 0.549703 0.43 0.549703 0.549703 0.549703 0.549703 0.549703 0.549703 0.43 0.549703 0.549703 0.434088 0.549703 0.549703 0.549703 0.549703 0.549703 0.549703 0.430457 0.549703 0.549703 0.43 0.549703 0.549703 0.549703 0.549703 0.549703 0.549703 0.549099 0.549703 0.549703 0.430119 0.549703 0.549703 0.549703 0.549703 0.549703 0.549703 0.43 0.549703 0.549703 0.43 0.549703 0.549703 0.549703 0.549703 0.549703 0.549703 0.43 0.549703 0.549703 0.518059 0.549703 0.549703 0.549703 0.549703 0.549703 0.549703 0.549703 0.549703 0.549703 0.549703 0.549703 0.549703 0.549703 0.549703 0.549703 0.549703 0.549703 0.549703 0.549703 0.549703 0.549703 0.549703 0.549703 0.549703 0.549703 0.549703 0.549703 0.549703 0.549703 0.549703 0.549703 0.549703 0.549703 0.549703 0.549703 0.549703 0.549703 0.549703 0.549703 0.549703 0.549703 0.549703 0.549703 0.549703 0.549703 0.549703 0.549703 0.549703 0.549703 0.549703 0.549703 0.549703 0.549703 0.549703 0.549703 0.549703 0.549703 0.549703 0.549703 0.549703 0.549703 0.549703 0.549703 0.549703 0.549703 0.549703 0.549703 0.549703 0.549703 0.549703 0.549703 0.549703 0.549703 0.549703 0.549703 0.549703 0.549703 0.549703 0.549703 0.549703 0.549703 0.549703 0.549703 0.549703 0.549703 0.549703 0.549703 0.549703 0.549703 0.549703 0.549703 0.549703 0.549703 0.549703 0.549703 0.549703 0.549703 0.549703 0.549703 0.549703 0.549703 0.549703 0.549703 0.549703 0.549703 0.549703 0.549703 0.549703 0.549703 0.549703 0.549703 0.549703 0.534147 0.549703 0.549703 0.549703 0.549703 0.549703 0.549703 0.549703 0.549703 0.549703 0.530004 0.549703 0.549703 0.549703 0.549703 0.549703 0.549703 0.549703 0.549703 0.549703 0.43 0.549703 0.549703 0.549703 0.549703 0.549703 0.549703 0.549703 0.549703 0.549703 0.43308 0.549703 0.549703 0.549703 0.549703 0.549703 0.549703 0.549703 0.549703 0.549703 0.524433 0.549703 0.549703 0.549703 0.549703 0.549703 0.549703 0.549703 0.549703 0.549703 0.542452 0.549703 0.549703 0.549703 0.549703 0.549703 0.549703 0.549703 0.549703 0.549703 0.492324 0.549703 0.549703 0.549703 0.549703 0.549703 0.549703 0.549703 0.549703 0.549703 0.545066 0.549703 0.549703 0.549703 0.549703 0.549703 0.549703 0.549703 0.549703 0.549703 0.43 0.549703 0.549703 0.549703 0.549703 0.549703 0.549703 0.549703 0.549703 0.549703 0.545738 0.549703 0.549703 0.549703 0.549703 0.549703 0.549703 0.549703 0.549703 0.549703 0.435773 0.549703 0.549703 0.549703 0.549703 0.549703 0.549703 0.549703 0.549703 0.549703 0.43 0.549703 0.549703 0.549703 0.549703 0.549703 0.549703 0.549703 0.549703 0.549703 0.430001 0.549703 0.549703 0.549703 0.549703 0.549703 0.549703 0.549703 0.549703 0.549703 0.43 0.549703 0.549703 0.549703 0.549703 0.549703 0.549703 0.549703 0.549703 0.549703 0.43 0.549703 0.549703 0.549703 0.549703 0.549703 0.549703 0.549703 0.549703 0.549703 0.52505 0.549703 0.549703 0.549703 0.549703 0.549703 0.549703 0.549703 0.549703 0.549703 0.478684 0.549703 0.549703 0.549703 0.549703 0.549703 0.549703 0.549703 0.549703 0.549703 0.43 0.549703 0.549703 0.549703 0.549703 0.549703 0.549703 0.549703 0.549703 0.549703 0.43 0.549703 0.549703 0.549703 0.549703 0.549703 0.549703 0.549703 0.549703 0.549703 0.430118 0.549703 0.549703 0.549703 0.43 0.549703 0.549703 0.448087 0.549703 0.549703 0.549703 0.549703 0.549703 0.549703 0.434025 0.549703 0.549703 0.431105 0.549703 0.549703 0.549703 0.549703 0.549703 0.549703 0.430003 0.549703 0.549703 0.430005 0.549703 0.549703 0.549703 0.549703 0.549703 0.549703 0.43 0.549703 0.549703 0.43 0.549703 0.549703 0.549703 0.549703 0.549703 0.549703 0.430283 0.549703 0.549703 0.436271 0.549703 0.549703 0.549703 0.549703 0.549703 0.549703 0.43 0.549703 0.549703 0.43 0.549703 0.549703 0.549703 0.549703 0.549703 0.549703 0.43 0.549703 0.549703 0.43 0.549703 0.549703 0.549703 0.549703 0.549703 0.549703 0.43 0.549703 0.549703 0.43 0.549703 0.549703 0.549703 0.549703 0.549703 0.549703 0.548562 0.549703 0.549703 0.430351 0.549703 0.549703 0.549703 0.549703 0.549703 0.549703 0.430021 0.549703 0.549703 0.430205 0.549703 0.549703 0.549703 0.549703 0.549703 0.549703 0.549703 0.549703 0.549703 0.549703 0.549703 0.549703 0.549703 0.549703 0.549703 0.549703 0.549703 0.549703 0.549703 0.549703 0.549703 0.549703 0.549703 0.549703 0.549703 0.549703 0.549703 0.549703 0.549703 0.549703 0.549703 0.549703 0.549703 0.549703 0.549703 0.549703 0.549703 0.549703 0.549703 0.549703 0.549703 0.549703 0.549703 0.549703 0.549703 0.549703 0.549703 0.549703 0.549703 0.549703 0.549703 0.549703 0.549703 0.549703 0.549703 0.549703 0.549703 0.549703 0.549703 0.549703 0.549703 0.549703 0.549703 0.549703 0.549703 0.549703 0.549703 0.549703 0.549703 0.549703 0.549703 0.549703 0.549703 0.549703 0.549703 0.549703 0.549703 0.549703 0.549703 0.549703 0.549703 0.549703 0.549703 0.549703 0.549703 0.549703 0.549703 0.549703 0.549703 0.549703 0.549703 0.549703 0.549703 0.549703 0.549703 0.549703 0.549703 0.549703 0.549703 0.549703 0.549703 0.549703 0.549703 0.549703 0.549703 0.549703 0.549703 0.549703 0.549703 0.549703 0.549703 0.549703 0.43 0.549703 0.549703 0.549703 0.549703 0.549703 0.549703 0.549703 0.549703 0.549703 0.53396 0.549703 0.549703 0.549703 0.549703 0.549703 0.549703 0.549703 0.549703 0.549703 0.43 0.549703 0.549703 0.549703 0.549703 0.549703 0.549703 0.549703 0.549703 0.549703 0.540604 0.549703 0.549703 0.549703 0.549703 0.549703 0.549703 0.549703 0.549703 0.549703 0.430004 0.549703 0.549703 0.549703 0.549703 0.549703 0.549703 0.549703 0.549703 0.549703 0.43 0.549703 0.549703 0.549703 0.549703 0.549703 0.549703 0.549703 0.549703 0.549703 0.451117 0.549703 0.549703 0.549703 0.549703 0.549703 0.549703 0.549703 0.549703 0.549703 0.541595 0.549703 0.549703 0.549703 0.549703 0.549703 0.549703 0.549703 0.549703 0.549703 0.439304 0.549703 0.549703 0.549703 0.549703 0.549703 0.549703 0.549703 0.549703 0.549703 0.430858 0.549703 0.549703 0.549703 0.43 0.549703 0.549703 0.541055 0.549703 0.549703 0.549703 0.549703 0.549703 0.549703 0.43526 0.549703 0.549703 0.549368 0.549703 0.549703 0.549703 0.549703 0.549703 0.549703 0.430065 0.549703 0.549703 0.43 0.549703 0.549703 0.549703 0.549703 0.549703 0.549703 0.43 0.549703 0.549703 0.43 0.549703 0.549703 0.549703 0.549703 0.549703 0.549703 0.43 0.549703 0.549703 0.430004 0.549703 0.549703 0.549703 0.549703 0.549703 0.549703 0.43 0.549703 0.549703 0.43 0.549703 0.549703 0.549703 0.549703 0.549703 0.549703 0.43 0.549703 0.549703 0.523534 0.549703 0.549703 0.549703 0.549703 0.549703 0.549703 0.43 0.549703 0.549703 0.500103 0.549703 0.549703 0.549703 0.549703 0.549703 0.549703 0.546799 0.549703 0.549703 0.43 0.549703 0.549703 0.549703 0.549703 0.549703 0.549703 0.548106 0.549703 0.549703 0.43 0.549703 0.549703 0.549703 0.549703 0.549703 0.549703 0.549703 0.549703 0.549703 0.549703 0.549703 0.549703 0.549703 0.549703 0.549703 0.549703 0.549703 0.549703 0.549703 0.549703 0.549703 0.549703 0.549703 0.549703 0.549703 0.549703 0.549703 0.549703 0.549703 0.549703 0.549703 0.549703 0.549703 0.549703 0.549703 0.549703 0.549703 0.549703 0.549703 0.549703 0.549703 0.549703 0.549703 0.549703 0.549703 0.549703 0.549703 0.549703 0.549703 0.549703 0.549703 0.549703 0.549703 0.549703 0.549703 0.549703 0.549703 0.549703 0.549703 0.549703 0.549703 0.549703 0.549703 0.549703 0.549703 0.549703 0.549703 0.549703 0.549703 0.549703 0.549703 0.549703 0.549703 0.549703 0.549703 0.549703 0.549703 0.549703 0.549703 0.549703 0.549703 0.549703 0.549703 0.549703 0.549703 0.549703 0.549703 0.549703 0.549703 0.549703 0.549703 0.549703 0.549703 0.549703 0.549703 0.549703 0.549703 0.549703 0.549703 0.549703 0.549703 0.549703 0.549703 0.549703 0.549703 0.549703 0.549703 0.549703 0.549703 0.549703 0.549703 0.549703 0.43 0.549703 0.549703 0.549703 0.549703 0.549703 0.549703 0.549703 0.549703 0.549703 0.549176 0.549703 0.549703 0.549703 0.549703 0.549703 0.549703 0.549703 0.549703 0.549703 0.430006 0.549703 0.549703 0.549703 0.549703 0.549703 0.549703 0.549703 0.549703 0.549703 0.43 0.549703 0.549703 0.549703 0.549703 0.549703 0.549703 0.549703 0.549703 0.549703 0.541153 0.549703 0.549703 0.549703 0.549703 0.549703 0.549703 0.549703 0.549703 0.549703 0.43 0.549703 0.549703 0.549703 0.549703 0.549703 0.549703 0.549703 0.549703 0.549703 0.43 0.549703 0.549703 0.549703 0.549703 0.549703 0.549703 0.549703 0.549703 0.549703 0.533408 0.549703 0.549703 0.549703 0.549703 0.549703 0.549703 0.549703 0.549703 0.549703 0.43 0.549703 0.549703 0.549703 0.549703 0.549703 0.549703 0.549703 0.549703 0.549703 0.430054 0.549703 0.549703 0.549703 0.43 0.549703 0.549703 0.43077 0.549703 0.549703 0.549703 0.549703 0.549703 0.549703 0.43002 0.549703 0.549703 0.430003 0.549703 0.549703 0.549703 0.549703 0.549703 0.549703 0.43 0.549703 0.549703 0.43 0.549703 0.549703 0.549703 0.549703 0.549703 0.549703 0.49642 0.549703 0.549703 0.43 0.549703 0.549703 0.549703 0.549703 0.549703 0.549703 0.548095 0.549703 0.549703 0.438019 0.549703 0.549703 0.549703 0.549703 0.549703 0.549703 0.432196 0.549703 0.549703 0.43 0.549703 0.549703 0.549703 0.549703 0.549703 0.549703 0.549252 0.549703 0.549703 0.542335 0.549703 0.549703 0.549703 0.549703 0.549703 0.549703 0.430001 0.549703 0.549703 0.53397 0.549703 0.549703 0.549703 0.549703 0.549703 0.549703 0.535567 0.549703 0.549703 0.507416 0.549703 0.549703 0.549703 0.549703 0.549703 0.549703 0.43 0.549703 0.549703 0.547648 0.549703 0.549703 0.549703 0.549703 0.549703 0.549703 0.549703 0.549703 0.549703 0.549703 0.549703 0.549703 0.549703 0.549703 0.549703 0.549703 0.549703 0.549703 0.549703 0.549703 0.549703 0.549703 0.549703 0.549703 0.549703 0.549703 0.549703 0.549703 0.549703 0.549703 0.549703 0.549703 0.549703 0.549703 0.549703 0.549703 0.549703 0.549703 0.549703 0.549703 0.549703 0.549703 0.549703 0.549703 0.549703 0.549703 0.549703 0.549703 0.549703 0.549703 0.549703 0.549703 0.549703 0.549703 0.549703 0.549703 0.549703 0.549703 0.549703 0.549703 0.549703 0.549703 0.549703 0.549703 0.549703 0.549703 0.549703 0.549703 0.549703 0.549703 0.549703 0.549703 0.549703 0.549703 0.549703 0.549703 0.549703 0.549703 0.549703 0.549703 0.549703 0.549703 0.549703 0.549703 0.549703 0.549703 0.549703 0.549703 0.549703 0.549703 0.549703 0.549703 0.549703 0.549703 0.549703 0.549703 0.549703 0.549703 0.549703 0.549703 0.549703 0.549703 0.549703 0.549703 0.549703 0.549703 0.549703 0.549703 0.549703 0.549703 0.549703 0.549703 0.546121 0.549703 0.549703 0.549703 0.549703 0.549703 0.549703 0.549703 0.549703 0.549703 0.54116 0.549703 0.549703 0.549703 0.549703 0.549703 0.549703 0.549703 0.549703 0.549703 0.431237 0.549703 0.549703 0.549703 0.549703 0.549703 0.549703 0.549703 0.549703 0.549703 0.43 0.549703 0.549703 0.549703 0.549703 0.549703 0.549703 0.549703 0.549703 0.549703 0.430081 0.549703 0.549703 0.549703 0.549703 0.549703 0.549703 0.549703 0.549703 0.549703 0.43 0.549703 0.549703 0.549703 0.549703 0.549703 0.549703 0.549703 0.549703 0.549703 0.541619 0.549703 0.549703 0.549703 0.549703 0.549703 0.549703 0.549703 0.549703 0.549703 0.540353 0.549703 0.549703 0.549703 0.549703 0.549703 0.549703 0.549703 0.549703 0.549703 0.43 0.549703 0.549703 0.549703 0.549703 0.549703 0.549703 0.549703 0.549703 0.549703 0.430202 0.549703 0.549703 0.549703 0.549703 0.549703 0.549703 0.549703 0.549703 0.549703 0.430001 0.549703 0.549703 0.549703 0.549703 0.549703 0.549703 0.549703 0.549703 0.549703 0.52831 0.549703 0.549703 0.549703 0.549703 0.549703 0.549703 0.549703 0.549703 0.549703 0.530549 0.549703 0.549703 0.549703 0.549703 0.549703 0.549703 0.549703 0.549703 0.549703 0.430004 0.549703 0.549703 0.549703 0.549703 0.549703 0.549703 0.549703 0.549703 0.549703 0.451127 0.549703 0.549703 0.549703 0.549703 0.549703 0.549703 0.549703 0.549703 0.549703 0.549242 0.549703 0.549703 0.549703 0.549703 0.549703 0.549703 0.549703 0.549703 0.549703 0.43 0.549703 0.549703 0.549703 0.549703 0.549703 0.549703 0.549703 0.549703 0.549703 0.430009 0.549703 0.549703 0.549703 0.549703 0.549703 0.549703 0.549703 0.549703 0.549703 0.430001 0.549703 0.549703 0.549703 0.549703 0.549703 0.549703 0.549703 0.549703 0.549703 0.430113 0.549703 0.549703 0.549703 0.431719 0.549703 0.549703 0.542851 0.549703 0.549703 0.549703 0.549703 0.549703 0.549703 0.549141 0.549703 0.549703 0.43 0.549703 0.549703 0.549703 0.549703 0.549703 0.549703 0.431019 0.549703 0.549703 0.47103 0.549703 0.549703 0.549703 0.549703 0.549703 0.549703 0.432128 0.549703 0.549703 0.43 0.549703 0.549703 0.549703 0.549703 0.549703 0.549703 0.512803 0.549703 0.549703 0.430012 0.549703 0.549703 0.549703 0.549703 0.549703 0.549703 0.430001 0.549703 0.549703 0.43 0.549703 0.549703 0.549703 0.549703 0.549703 0.549703 0.430001 0.549703 0.549703 0.43709 0.549703 0.549703 0.549703 0.549703 0.549703 0.549703 0.430744 0.549703 0.549703 0.543887 0.549703 0.549703 0.549703 0.549703 0.549703 0.549703 0.43 0.549703 0.549703 0.533576 0.549703 0.549703 0.549703 0.549703 0.549703 0.549703 0.430013 0.549703 0.549703 0.431551 0.549703 0.549703 0.549703 0.549703 0.549703 0.549703 0.549703 0.549703 0.549703 0.549703 0.549703 0.549703 0.549703 0.549703 0.549703 0.549703 0.549703 0.549703 0.549703 0.549703 0.549703 0.549703 0.549703 0.549703 0.549703 0.549703 0.549703 0.549703 0.549703 0.549703 0.549703 0.549703 0.549703 0.549703 0.549703 0.549703 0.549703 0.549703 0.549703 0.549703 0.549703 0.549703 0.549703 0.549703 0.549703 0.549703 0.549703 0.549703 0.549703 0.549703 0.549703 0.549703 0.549703 0.549703 0.549703 0.549703 0.549703 0.549703 0.549703 0.549703 0.549703 0.549703 0.549703 0.549703 0.549703 0.549703 0.549703 0.549703 0.549703 0.549703 0.549703 0.549703 0.549703 0.549703 0.549703 0.549703 0.549703 0.549703 0.549703 0.549703 0.549703 0.549703 0.549703 0.549703 0.549703 0.549703 0.549703 0.549703 0.549703 0.549703 0.549703 0.549703 0.549703 0.549703 0.549703 0.549703 0.549703 0.549703 0.549703 0.549703 0.549703 0.549703 0.549703 0.549703 0.549703 0.549703 0.549703 0.549703 0.549703 0.549703 0.549703 0.549703 0.430059 0.549703 0.549703 0.549703 0.549703 0.549703 0.549703 0.549703 0.549703 0.549703 0.540291 0.549703 0.549703 0.549703 0.549703 0.549703 0.549703 0.549703 0.549703 0.549703 0.445597 0.549703 0.549703 0.549703 0.549703 0.549703 0.549703 0.549703 0.549703 0.549703 0.430118 0.549703 0.549703 0.549703 0.549703 0.549703 0.549703 0.549703 0.549703 0.549703 0.475926 0.549703 0.549703 0.549703 0.549703 0.549703 0.549703 0.549703 0.549703 0.549703 0.549051 0.549703 0.549703 0.549703 0.549703 0.549703 0.549703 0.549703 0.549703 0.549703 0.43 0.549703 0.549703 0.549703 0.549703 0.549703 0.549703 0.549703 0.549703 0.549703 0.54929 0.549703 0.549703 0.549703 0.549703 0.549703 0.549703 0.549703 0.549703 0.549703 0.430001 0.549703 0.549703 0.549703 0.549703 0.549703 0.549703 0.549703 0.549703 0.549703 0.43 0.549703 0.549703 0.549703 0.43 0.549703 0.549703 0.549537 0.549703 0.549703 0.549703 0.549703 0.549703 0.549703 0.435097 0.549703 0.549703 0.430289 0.549703 0.549703 0.549703 0.549703 0.549703 0.549703 0.432631 0.549703 0.549703 0.43 0.549703 0.549703 0.549703 0.549703 0.549703 0.549703 0.43 0.549703 0.549703 0.475262 0.549703 0.549703 0.549703 0.549703 0.549703 0.549703 0.535486 0.549703 0.549703 0.547713 0.549703 0.549703 0.549703 0.549703 0.549703 0.549703 0.54557 0.549703 0.549703 0.43 0.549703 0.549703 0.549703 0.549703 0.549703 0.549703 0.43 0.549703 0.549703 0.43 0.549703 0.549703 0.549703 0.549703 0.549703 0.549703 0.43 0.549703 0.549703 0.435336 0.549703 0.549703 0.549703 0.549703 0.549703 0.549703 0.43 0.549703 0.549703 0.43 0.549703 0.549703 0.549703 0.549703 0.549703 0.549703 0.507818 0.549703 0.549703 0.430201 0.549703 0.549703 0.549703 0.549703 0.549703 0.549703 0.549703 0.549703 0.549703 0.549703 0.549703 0.549703 0.549703 0.549703 0.549703 0.549703 0.549703 0.549703 0.549703 0.549703 0.549703 0.549703 0.549703 0.549703 0.549703 0.549703 0.549703 0.549703 0.549703 0.549703 0.549703 0.549703 0.549703 0.549703 0.549703 0.549703 0.549703 0.549703 0.549703 0.549703 0.549703 0.549703 0.549703 0.549703 0.549703 0.549703 0.549703 0.549703 0.549703 0.549703 0.549703 0.549703 0.549703 0.549703 0.549703 0.549703 0.549703 0.549703 0.549703 0.549703 0.549703 0.549703 0.549703 0.549703 0.549703 0.549703 0.549703 0.549703 0.549703 0.549703 0.549703 0.549703 0.549703 0.549703 0.549703 0.549703 0.549703 0.549703 0.549703 0.549703 0.549703 0.549703 0.549703 0.549703 0.549703 0.549703 0.549703 0.549703 0.549703 0.549703 0.549703 0.549703 0.549703 0.549703 0.549703 0.549703 0.549703 0.549703 0.549703 0.549703 0.549703 0.549703 0.549703 0.549703 0.549703 0.549703 0.549703 0.549703 0.549703 0.549703 0.549703 0.549703 0.43 0.549703 0.549703 0.549703 0.549703 0.549703 0.549703 0.549703 0.549703 0.549703 0.543846 0.549703 0.549703 0.549703 0.549703 0.549703 0.549703 0.549703 0.549703 0.549703 0.54907 0.549703 0.549703 0.549703 0.549703 0.549703 0.549703 0.549703 0.549703 0.549703 0.43037 0.549703 0.549703 0.549703 0.549703 0.549703 0.549703 0.549703 0.549703 0.549703 0.43 0.549703 0.549703 0.549703 0.549703 0.549703 0.549703 0.549703 0.549703 0.549703 0.43 0.549703 0.549703 0.549703 0.549703 0.549703 0.549703 0.549703 0.549703 0.549703 0.549015 0.549703 0.549703 0.549703 0.549703 0.549703 0.549703 0.549703 0.549703 0.549703 0.43 0.549703 0.549703 0.549703 0.549703 0.549703 0.549703 0.549703 0.549703 0.549703 0.43 0.549703 0.549703 0.549703 0.549703 0.549703 0.549703 0.549703 0.549703 0.549703 0.43 0.549703 0.549703 0.549703 0.516093 0.549703 0.549703 0.549351 0.549703 0.549703 0.549703 0.549703 0.549703 0.549703 0.547992 0.549703 0.549703 0.549568 0.549703 0.549703 0.549703 0.549703 0.549703 0.549703 0.430134 0.549703 0.549703 0.43 0.549703 0.549703 0.549703 0.549703 0.549703 0.549703 0.549582 0.549703 0.549703 0.462405 0.549703 0.549703 0.549703 0.549703 0.549703 0.549703 0.43001 0.549703 0.549703 0.548547 0.549703 0.549703 0.549703 0.549703 0.549703 0.549703 0.43 0.549703 0.549703 0.43 0.549703 0.549703 0.549703 0.549703 0.549703 0.549703 0.546272 0.549703 0.549703 0.547991 0.549703 0.549703 0.549703 0.549703 0.549703 0.549703 0.430193 0.549703 0.549703 0.43 0.549703 0.549703 0.549703 0.549703 0.549703 0.549703 0.438805 0.549703 0.549703 0.43 0.549703 0.549703 0.549703 0.549703 0.549703 0.549703 0.430293 0.549703 0.549703 0.43 0.549703 0.549703 0.549703 0.549703 0.549703 0.549703 0.549703 0.549703 0.549703 0.549703 0.549703 0.549703 0.549703 0.549703 0.549703 0.549703 0.549703 0.549703 0.549703 0.549703 0.549703 0.549703 0.549703 0.549703 0.549703 0.549703 0.549703 0.549703 0.549703 0.549703 0.549703 0.549703 0.549703 0.549703 0.549703 0.549703 0.549703 0.549703 0.549703 0.549703 0.549703 0.549703 0.549703 0.549703 0.549703 0.549703 0.549703 0.549703 0.549703 0.549703 0.549703 0.549703 0.549703 0.549703 0.549703 0.549703 0.549703 0.549703 0.549703 0.549703 0.549703 0.549703 0.549703 0.549703 0.549703 0.549703 0.549703 0.549703 0.549703 0.549703 0.549703 0.549703 0.549703 0.549703 0.549703 0.549703 0.549703 0.549703 0.549703 0.549703 0.549703 0.549703 0.549703 0.549703 0.549703 0.549703 0.549703 0.549703 0.549703 0.549703 0.549703 0.549703 0.549703 0.549703 0.549703 0.549703 0.549703 0.549703 0.549703 0.549703 0.549703 0.549703 0.549703 0.549703 0.549703 0.549703 0.549703 0.549703 0.549703 0.549703 0.549703 0.549703 0.519716 0.549703 0.549703 0.549703 0.549703 0.549703 0.549703 0.549703 0.549703 0.549703 0.537359 0.549703 0.549703 0.549703 0.549703 0.549703 0.549703 0.549703 0.549703 0.549703 0.430001 0.549703 0.549703 0.549703 0.549703 0.549703 0.549703 0.549703 0.549703 0.549703 0.430344 0.549703 0.549703 0.549703 0.549703 0.549703 0.549703 0.549703 0.549703 0.549703 0.430002 0.549703 0.549703 0.549703 0.549703 0.549703 0.549703 0.549703 0.549703 0.549703 0.430043 0.549703 0.549703 0.549703 0.549703 0.549703 0.549703 0.549703 0.549703 0.549703 0.52004 0.549703 0.549703 0.549703 0.549703 0.549703 0.549703 0.549703 0.549703 0.549703 0.430001 0.549703 0.549703 0.549703 0.549703 0.549703 0.549703 0.549703 0.549703 0.549703 0.43 0.549703 0.549703 0.549703 0.549703 0.549703 0.549703 0.549703 0.549703 0.549703 0.440776 0.549703 0.549703 0.549703 0.549703 0.549703 0.549703 0.549703 0.549703 0.549703 0.43 0.549703 0.549703 0.549703 0.549703 0.549703 0.549703 0.549703 0.549703 0.549703 0.431725 0.549703 0.549703 0.549703 0.549703 0.549703 0.549703 0.549703 0.549703 0.549703 0.43 0.549703 0.549703 0.549703 0.549703 0.549703 0.549703 0.549703 0.549703 0.549703 0.43 0.549703 0.549703 0.549703 0.549703 0.549703 0.549703 0.549703 0.549703 0.549703 0.430002 0.549703 0.549703 0.549703 0.549703 0.549703 0.549703 0.549703 0.549703 0.549703 0.525523 0.549703 0.549703 0.549703 0.549703 0.549703 0.549703 0.549703 0.549703 0.549703 0.43 0.549703 0.549703 0.549703 0.549703 0.549703 0.549703 0.549703 0.549703 0.549703 0.43 0.549703 0.549703 0.549703 0.549703 0.549703 0.549703 0.549703 0.549703 0.549703 0.430004 0.549703 0.549703 0.549703 0.549703 0.549703 0.549703 0.549703 0.549703 0.549703 0.476429 0.549703 0.549703 0.549703 0.474326 0.549703 0.549703 0.430429 0.549703 0.549703 0.549703 0.549703 0.549703 0.549703 0.430025 0.549703 0.549703 0.46896 0.549703 0.549703 0.549703 0.549703 0.549703 0.549703 0.430002 0.549703 0.549703 0.549291 0.549703 0.549703 0.549703 0.549703 0.549703 0.549703 0.546032 0.549703 0.549703 0.523607 0.549703 0.549703 0.549703 0.549703 0.549703 0.549703 0.43 0.549703 0.549703 0.548673 0.549703 0.549703 0.549703 0.549703 0.549703 0.549703 0.548853 0.549703 0.549703 0.548263 0.549703 0.549703 0.549703 0.549703 0.549703 0.549703 0.430865 0.549703 0.549703 0.442979 0.549703 0.549703 0.549703 0.549703 0.549703 0.549703 0.43 0.549703 0.549703 0.430074 0.549703 0.549703 0.549703 0.549703 0.549703 0.549703 0.546056 0.549703 0.549703 0.517126 0.549703 0.549703 0.549703 0.549703 0.549703 0.549703 0.54587 0.549703 0.549703 0.461047 0.549703 0.549703 0.549703 0.549703 0.549703 0.549703 0.549703 0.549703 0.549703 0.549703 0.549703 0.549703 0.549703 0.549703 0.549703 0.549703 0.549703 0.549703 0.549703 0.549703 0.549703 0.549703 0.549703 0.549703 0.549703 0.549703 0.549703 0.549703 0.549703 0.549703 0.549703 0.549703 0.549703 0.549703 0.549703 0.549703 0.549703 0.549703 0.549703 0.549703 0.549703 0.549703 0.549703 0.549703 0.549703 0.549703 0.549703 0.549703 0.549703 0.549703 0.549703 0.549703 0.549703 0.549703 0.549703 0.549703 0.549703 0.549703 0.549703 0.549703 0.549703 0.549703 0.549703 0.549703 0.549703 0.549703 0.549703 0.549703 0.549703 0.549703 0.549703 0.549703 0.549703 0.549703 0.549703 0.549703 0.549703 0.549703 0.549703 0.549703 0.549703 0.549703 0.549703 0.549703 0.549703 0.549703 0.549703 0.549703 0.549703 0.549703 0.549703 0.549703 0.549703 0.549703 0.549703 0.549703 0.549703 0.549703 0.549703 0.549703 0.549703 0.549703 0.549703 0.549703 0.549703 0.549703 0.549703 0.549703 0.549703 0.549703 0.549703 0.549703 0.450063 0.549703 0.549703 0.549703 0.549703 0.549703 0.549703 0.549703 0.549703 0.549703 0.440913 0.549703 0.549703 0.549703 0.549703 0.549703 0.549703 0.549703 0.549703 0.549703 0.43 0.549703 0.549703 0.549703 0.549703 0.549703 0.549703 0.549703 0.549703 0.549703 0.43 0.549703 0.549703 0.549703 0.549703 0.549703 0.549703 0.549703 0.549703 0.549703 0.430004 0.549703 0.549703 0.549703 0.549703 0.549703 0.549703 0.549703 0.549703 0.549703 0.43 0.549703 0.549703 0.549703 0.549703 0.549703 0.549703 0.549703 0.549703 0.549703 0.547743 0.549703 0.549703 0.549703 0.549703 0.549703 0.549703 0.549703 0.549703 0.549703 0.475505 0.549703 0.549703 0.549703 0.549703 0.549703 0.549703 0.549703 0.549703 0.549703 0.43 0.549703 0.549703 0.549703 0.549703 0.549703 0.549703 0.549703 0.549703 0.549703 0.549211 0.549703 0.549703 0.549703 0.45319 0.549703 0.549703 0.43019 0.549703 0.549703 0.549703 0.549703 0.549703 0.549703 0.535913 0.549703 0.549703 0.545004 0.549703 0.549703 0.549703 0.549703 0.549703 0.549703 0.430009 0.549703 0.549703 0.430118 0.549703 0.549703 0.549703 0.549703 0.549703 0.549703 0.48764 0.549703 0.549703 0.547022 0.549703 0.549703 0.549703 0.549703 0.549703 0.549703 0.43 0.549703 0.549703 0.430001 0.549703 0.549703 0.549703 0.549703 0.549703 0.549703 0.43 0.549703 0.549703 0.43 0.549703 0.549703 0.549703 0.549703 0.549703 0.549703 0.43 0.549703 0.549703 0.43 0.549703 0.549703 0.549703 0.549703 0.549703 0.549703 0.430798 0.549703 0.549703 0.43 0.549703 0.549703 0.549703 0.549703 0.549703 0.549703 0.43 0.549703 0.549703 0.548936 0.549703 0.549703 0.549703 0.549703 0.549703 0.549703 0.43 0.549703 0.549703 0.515804 0.549703 0.549703 0.549703 0.549703 0.549703 0.549703 0.549703 0.549703 0.549703 0.549703 0.549703 0.549703 0.549703 0.549703 0.549703 0.549703 0.549703 0.549703 0.549703 0.549703 0.549703 0.549703 0.549703 0.549703 0.549703 0.549703 0.549703 0.549703 0.549703 0.549703 0.549703 0.549703 0.549703 0.549703 0.549703 0.549703 0.549703 0.549703 0.549703 0.549703 0.549703 0.549703 0.549703 0.549703 0.549703 0.549703 0.549703 0.549703 0.549703 0.549703 0.549703 0.549703 0.549703 0.549703 0.549703 0.549703 0.549703 0.549703 0.549703 0.549703 0.549703 0.549703 0.549703 0.549703 0.549703 0.549703 0.549703 0.549703 0.549703 0.549703 0.549703 0.549703 0.549703 0.549703 0.549703 0.549703 0.549703 0.549703 0.549703 0.549703 0.549703 0.549703 0.549703 0.549703 0.549703 0.549703 0.549703 0.549703 0.549703 0.549703 0.549703 0.549703 0.549703 0.549703 0.549703 0.549703 0.549703 0.549703 0.549703 0.549703 0.549703 0.549703 0.549703 0.549703 0.549703 0.549703 0.549703 0.549703 0.549703 0.549703 0.549703 0.549703 0.43 0.549703 0.549703 0.549703 0.549703 0.549703 0.549703 0.549703 0.549703 0.549703 0.513478 0.549703 0.549703 0.549703 0.549703 0.549703 0.549703 0.549703 0.549703 0.549703 0.542757 0.549703 0.549703 0.549703 0.549703 0.549703 0.549703 0.549703 0.549703 0.549703 0.539114 0.549703 0.549703 0.549703 0.549703 0.549703 0.549703 0.549703 0.549703 0.549703 0.431946 0.549703 0.549703 0.549703 0.549703 0.549703 0.549703 0.549703 0.549703 0.549703 0.549328 0.549703 0.549703 0.549703 0.549703 0.549703 0.549703 0.549703 0.549703 0.549703 0.543292 0.549703 0.549703 0.549703 0.549703 0.549703 0.549703 0.549703 0.549703 0.549703 0.430234 0.549703 0.549703 0.549703 0.549703 0.549703 0.549703 0.549703 0.549703 0.549703 0.54911 0.549703 0.549703 0.549703 0.549703 0.549703 0.549703 0.549703 0.549703 0.549703 0.43 0.549703 0.549703 0.549703 0.43 0.549703 0.549703 0.43 0.549703 0.549703 0.549703 0.549703 0.549703 0.549703 0.430006 0.549703 0.549703 0.43 0.549703 0.549703 0.549703 0.549703 0.549703 0.549703 0.491932 0.549703 0.549703 0.540025 0.549703 0.549703 0.549703 0.549703 0.549703 0.549703 0.547368 0.549703 0.549703 0.549565 0.549703 0.549703 0.549703 0.549703 0.549703 0.549703 0.430002 0.549703 0.549703 0.548125 0.549703 0.549703 0.549703 0.549703 0.549703 0.549703 0.430016 0.549703 0.549703 0.518402 0.549703 0.549703 0.549703 0.549703 0.549703 0.549703 0.43 0.549703 0.549703 0.43 0.549703 0.549703 0.549703 0.549703 0.549703 0.549703 0.43 0.549703 0.549703 0.540696 0.549703 0.549703 0.549703 0.549703 0.549703 0.549703 0.43 0.549703 0.549703 0.43 0.549703 0.549703 0.549703 0.549703 0.549703 0.549703 0.48007 0.549703 0.549703 0.432548 0.549703 0.549703 0.549703 0.549703 0.549703 0.549703 0.549703 0.549703 0.549703 0.549703 0.549703 0.549703 0.549703 0.549703 0.549703 0.549703 0.549703 0.549703 0.549703 0.549703 0.549703 0.549703 0.549703 0.549703 0.549703 0.549703 0.549703 0.549703 0.549703 0.549703 0.549703 0.549703 0.549703 0.549703 0.549703 0.549703 0.549703 0.549703 0.549703 0.549703 0.549703 0.549703 0.549703 0.549703 0.549703 0.549703 0.549703 0.549703 0.549703 0.549703 0.549703 0.549703 0.549703 0.549703 0.549703 0.549703 0.549703 0.549703 0.549703 0.549703 0.549703 0.549703 0.549703 0.549703 0.549703 0.549703 0.549703 0.549703 0.549703 0.549703 0.549703 0.549703 0.549703 0.549703 0.549703 0.549703 0.549703 0.549703 0.549703 0.549703 0.549703 0.549703 0.549703 0.549703 0.549703 0.549703 0.549703 0.549703 0.549703 0.549703 0.549703 0.549703 0.549703 0.549703 0.549703 0.549703 0.549703 0.549703 0.549703 0.549703 0.549703 0.549703 0.549703 0.549703 0.549703 0.549703 0.549703 0.549703 0.549703 0.549703 0.549703 0.549703 0.441359 0.549703 0.549703 0.549703 0.549703 0.549703 0.549703 0.549703 0.549703 0.549703 0.493869 0.549703 0.549703 0.549703 0.549703 0.549703 0.549703 0.549703 0.549703 0.549703 0.43 0.549703 0.549703 0.549703 0.549703 0.549703 0.549703 0.549703 0.549703 0.549703 0.520432 0.549703 0.549703 0.549703 0.549703 0.549703 0.549703 0.549703 0.549703 0.549703 0.43 0.549703 0.549703 0.549703 0.549703 0.549703 0.549703 0.549703 0.549703 0.549703 0.43017 0.549703 0.549703 0.549703 0.549703 0.549703 0.549703 0.549703 0.549703 0.549703 0.482904 0.549703 0.549703 0.549703 0.549703 0.549703 0.549703 0.549703 0.549703 0.549703 0.547447 0.549703 0.549703 0.549703 0.549703 0.549703 0.549703 0.549703 0.549703 0.549703 0.464129 0.549703 0.549703 0.549703 0.549703 0.549703 0.549703 0.549703 0.549703 0.549703 0.430051 0.549703 0.549703 0.549703 0.549703 0.549703 0.549703 0.549703 0.549703 0.549703 0.448415 0.549703 0.549703 0.549703 0.549703 0.549703 0.549703 0.549703 0.549703 0.549703 0.548869 0.549703 0.549703 0.549703 0.549703 0.549703 0.549703 0.549703 0.549703 0.549703 0.454205 0.549703 0.549703 0.549703 0.549703 0.549703 0.549703 0.549703 0.549703 0.549703 0.448045 0.549703 0.549703 0.549703 0.549703 0.549703 0.549703 0.549703 0.549703 0.549703 0.444386 0.549703 0.549703 0.549703 0.549703 0.549703 0.549703 0.549703 0.549703 0.549703 0.430007 0.549703 0.549703 0.549703 0.549703 0.549703 0.549703 0.549703 0.549703 0.549703 0.433517 0.549703 0.549703 0.549703 0.549703 0.549703 0.549703 0.549703 0.549703 0.549703 0.43 0.549703 0.549703 0.549703 0.549703 0.549703 0.549703 0.549703 0.549703 0.549703 0.43 0.549703 0.549703 0.549703 0.549703 0.549703 0.549703 0.549703 0.549703 0.549703 0.43015 0.549703 0.549703 0.549703 0.54384 0.549703 0.549703 0.430013 0.549703 0.549703 0.549703 0.549703 0.549703 0.549703 0.43 0.549703 0.549703 0.43038 0.549703 0.549703 0.549703 0.549703 0.549703 0.549703 0.529403 0.549703 0.549703 0.500129 0.549703 0.549703 0.549703 0.549703 0.549703 0.549703 0.43 0.549703 0.549703 0.495664 0.549703 0.549703 0.549703 0.549703 0.549703 0.549703 0.545626 0.549703 0.549703 0.43 0.549703 0.549703 0.549703 0.549703 0.549703 0.549703 0.430001 0.549703 0.549703 0.435996 0.549703 0.549703 0.549703 0.549703 0.549703 0.549703 0.523519 0.549703 0.549703 0.52065 0.549703 0.549703 0.549703 0.549703 0.549703 0.549703 0.542676 0.549703 0.549703 0.43 0.549703 0.549703 0.549703 0.549703 0.549703 0.549703 0.541039 0.549703 0.549703 0.430296 0.549703 0.549703 0.549703 0.549703 0.549703 0.549703 0.43 0.549703 0.549703 0.449693 0.549703 0.549703 0.549703 0.549703 0.549703 0.549703 0.549703 0.549703 0.549703 0.549703 0.549703 0.549703 0.549703 0.549703 0.549703 0.549703 0.549703 0.549703 0.549703 0.549703 0.549703 0.549703 0.549703 0.549703 0.549703 0.549703 0.549703 0.549703 0.549703 0.549703 0.549703 0.549703 0.549703 0.549703 0.549703 0.549703 0.549703 0.549703 0.549703 0.549703 0.549703 0.549703 0.549703 0.549703 0.549703 0.549703 0.549703 0.549703 0.549703 0.549703 0.549703 0.549703 0.549703 0.549703 0.549703 0.549703 0.549703 0.549703 0.549703 0.549703 0.549703 0.549703 0.549703 0.549703 0.549703 0.549703 0.549703 0.549703 0.549703 0.549703 0.549703 0.549703 0.549703 0.549703 0.549703 0.549703 0.549703 0.549703 0.549703 0.549703 0.549703 0.549703 0.549703 0.549703 0.549703 0.549703 0.549703 0.549703 0.549703 0.549703 0.549703 0.549703 0.549703 0.549703 0.549703 0.549703 0.549703 0.549703 0.549703 0.549703 0.549703 0.549703 0.549703 0.549703 0.549703 0.549703 0.549703 0.549703 0.549703 0.549703 0.549703 0.549703 0.455835 0.549703 0.549703 0.549703 0.549703 0.549703 0.549703 0.549703 0.549703 0.549703 0.430002 0.549703 0.549703 0.549703 0.549703 0.549703 0.549703 0.549703 0.549703 0.549703 0.437037 0.549703 0.549703 0.549703 0.549703 0.549703 0.549703 0.549703 0.549703 0.549703 0.43 0.549703 0.549703 0.549703 0.549703 0.549703 0.549703 0.549703 0.549703 0.549703 0.548995 0.549703 0.549703 0.549703 0.549703 0.549703 0.549703 0.549703 0.549703 0.549703 0.450957 0.549703 0.549703 0.549703 0.549703 0.549703 0.549703 0.549703 0.549703 0.549703 0.549098 0.549703 0.549703 0.549703 0.549703 0.549703 0.549703 0.549703 0.549703 0.549703 0.54753 0.549703 0.549703 0.549703 0.549703 0.549703 0.549703 0.549703 0.549703 0.549703 0.430006 0.549703 0.549703 0.549703 0.549703 0.549703 0.549703 0.549703 0.549703 0.549703 0.548606 0.549703 0.549703 0.549703 0.430014 0.549703 0.549703 0.43 0.549703 0.549703 0.549703 0.549703 0.549703 0.549703 0.43 0.549703 0.549703 0.547053 0.549703 0.549703 0.549703 0.549703 0.549703 0.549703 0.430001 0.549703 0.549703 0.43 0.549703 0.549703 0.549703 0.549703 0.549703 0.549703 0.541747 0.549703 0.549703 0.43 0.549703 0.549703 0.549703 0.549703 0.549703 0.549703 0.430439 0.549703 0.549703 0.434856 0.549703 0.549703 0.549703 0.549703 0.549703 0.549703 0.43 0.549703 0.549703 0.549401 0.549703 0.549703 0.549703 0.549703 0.549703 0.549703 0.451288 0.549703 0.549703 0.436891 0.549703 0.549703 0.549703 0.549703 0.549703 0.549703 0.546591 0.549703 0.549703 0.500876 0.549703 0.549703 0.549703 0.549703 0.549703 0.549703 0.548057 0.549703 0.549703 0.430724 0.549703 0.549703 0.549703 0.549703 0.549703 0.549703 0.430001 0.549703 0.549703 0.454005 0.549703 0.549703 0.549703 0.549703 0.549703 0.549703 0.549703 0.549703 0.549703 0.549703 0.549703 0.549703 0.549703 0.549703 0.549703 0.549703 0.549703 0.549703 0.549703 0.549703 0.549703 0.549703 0.549703 0.549703 0.549703 0.549703 0.549703 0.549703 0.549703 0.549703 0.549703 0.549703 0.549703 0.549703 0.549703 0.549703 0.549703 0.549703 0.549703 0.549703 0.549703 0.549703 0.549703 0.549703 0.549703 0.549703 0.549703 0.549703 0.549703 0.549703 0.549703 0.549703 0.549703 0.549703 0.549703 0.549703 0.549703 0.549703 0.549703 0.549703 0.549703 0.549703 0.549703 0.549703 0.549703 0.549703 0.549703 0.549703 0.549703 0.549703 0.549703 0.549703 0.549703 0.549703 0.549703 0.549703 0.549703 0.549703 0.549703 0.549703 0.549703 0.549703 0.549703 0.549703 0.549703 0.549703 0.549703 0.549703 0.549703 0.549703 0.549703 0.549703 0.549703 0.549703 0.549703 0.549703 0.549703 0.549703 0.549703 0.549703 0.549703 0.549703 0.549703 0.549703 0.549703 0.549703 0.549703 0.549703 0.549703 0.549703 0.549703 0.549703 0.430207 0.549703 0.549703 0.549703 0.549703 0.549703 0.549703 0.549703 0.549703 0.549703 0.448812 0.549703 0.549703 0.549703 0.549703 0.549703 0.549703 0.549703 0.549703 0.549703 0.430084 0.549703 0.549703 0.549703 0.549703 0.549703 0.549703 0.549703 0.549703 0.549703 0.430001 0.549703 0.549703 0.549703 0.549703 0.549703 0.549703 0.549703 0.549703 0.549703 0.43 0.549703 0.549703 0.549703 0.549703 0.549703 0.549703 0.549703 0.549703 0.549703 0.430172 0.549703 0.549703 0.549703 0.549703 0.549703 0.549703 0.549703 0.549703 0.549703 0.43 0.549703 0.549703 0.549703 0.549703 0.549703 0.549703 0.549703 0.549703 0.549703 0.430606 0.549703 0.549703 0.549703 0.549703 0.549703 0.549703 0.549703 0.549703 0.549703 0.430169 0.549703 0.549703 0.549703 0.549703 0.549703 0.549703 0.549703 0.549703 0.549703 0.43 0.549703 0.549703 0.549703 0.430016 0.549703 0.549703 0.533654 0.549703 0.549703 0.549703 0.549703 0.549703 0.549703 0.43 0.549703 0.549703 0.430721 0.549703 0.549703 0.549703 0.549703 0.549703 0.549703 0.43 0.549703 0.549703 0.54909 0.549703 0.549703 0.549703 0.549703 0.549703 0.549703 0.449933 0.549703 0.549703 0.547667 0.549703 0.549703 0.549703 0.549703 0.549703 0.549703 0.447783 0.549703 0.549703 0.43 0.549703 0.549703 0.549703 0.549703 0.549703 0.549703 0.438195 0.549703 0.549703 0.549149 0.549703 0.549703 0.549703 0.549703 0.549703 0.549703 0.43009 0.549703 0.549703 0.539765 0.549703 0.549703 0.549703 0.549703 0.549703 0.549703 0.441654 0.549703 0.549703 0.43 0.549703 0.549703 0.549703 0.549703 0.549703 0.549703 0.542735 0.549703 0.549703 0.467509 0.549703 0.549703 0.549703 0.549703 0.549703 0.549703 0.43 0.549703 0.549703 0.43 0.549703 0.549703 0.549703 0.549703 0.549703 0.549703 0.549703 0.549703 0.549703 0.549703 0.549703 0.549703 0.549703 0.549703 0.549703 0.549703 0.549703 0.549703 0.549703 0.549703 0.549703 0.549703 0.549703 0.549703 0.549703 0.549703 0.549703 0.549703 0.549703 0.549703 0.549703 0.549703 0.549703 0.549703 0.549703 0.549703 0.549703 0.549703 0.549703 0.549703 0.549703 0.549703 0.549703 0.549703 0.549703 0.549703 0.549703 0.549703 0.549703 0.549703 0.549703 0.549703 0.549703 0.549703 0.549703 0.549703 0.549703 0.549703 0.549703 0.549703 0.549703 0.549703 0.549703 0.549703 0.549703 0.549703 0.549703 0.549703 0.549703 0.549703 0.549703 0.549703 0.549703 0.549703 0.549703 0.549703 0.549703 0.549703 0.549703 0.549703 0.549703 0.549703 0.549703 0.549703 0.549703 0.549703 0.549703 0.549703 0.549703 0.549703 0.549703 0.549703 0.549703 0.549703 0.549703 0.549703 0.549703 0.549703 0.549703 0.549703 0.549703 0.549703 0.549703 0.549703 0.549703 0.549703 0.549703 0.549703 0.549703 0.549703 0.549703 0.549703 0.43 0.549703 0.549703 0.549703 0.549703 0.549703 0.549703 0.549703 0.549703 0.549703 0.450527 0.549703 0.549703 0.549703 0.549703 0.549703 0.549703 0.549703 0.549703 0.549703 0.523182 0.549703 0.549703 0.549703 0.549703 0.549703 0.549703 0.549703 0.549703 0.549703 0.458278 0.549703 0.549703 0.549703 0.549703 0.549703 0.549703 0.549703 0.549703 0.549703 0.446909 0.549703 0.549703 0.549703 0.549703 0.549703 0.549703 0.549703 0.549703 0.549703 0.430054 0.549703 0.549703 0.549703 0.549703 0.549703 0.549703 0.549703 0.549703 0.549703 0.43 0.549703 0.549703 0.549703 0.549703 0.549703 0.549703 0.549703 0.549703 0.549703 0.43 0.549703 0.549703 0.549703 0.549703 0.549703 0.549703 0.549703 0.549703 0.549703 0.533343 0.549703 0.549703 0.549703 0.549703 0.549703 0.549703 0.549703 0.549703 0.549703 0.510628 0.549703 0.549703 0.549703 0.549703 0.549703 0.549703 0.549703 0.549703 0.549703 0.430207 0.549703 0.549703 0.549703 0.549703 0.549703 0.549703 0.549703 0.549703 0.549703 0.452826 0.549703 0.549703 0.549703 0.549703 0.549703 0.549703 0.549703 0.549703 0.549703 0.430007 0.549703 0.549703 0.549703 0.549703 0.549703 0.549703 0.549703 0.549703 0.549703 0.430012 0.549703 0.549703 0.549703 0.549703 0.549703 0.549703 0.549703 0.549703 0.549703 0.43 0.549703 0.549703 0.549703 0.549703 0.549703 0.549703 0.549703 0.549703 0.549703 0.430105 0.549703 0.549703 0.549703 0.549703 0.549703 0.549703 0.549703 0.549703 0.549703 0.43 0.549703 0.549703 0.549703 0.549703 0.549703 0.549703 0.549703 0.549703 0.549703 0.507345 0.549703 0.549703 0.549703 0.549703 0.549703 0.549703 0.549703 0.549703 0.549703 0.43 0.549703 0.549703 0.549703 0.549703 0.549703 0.549703 0.549703 0.549703 0.549703 0.442199 0.549703 0.549703 0.549703 0.549503 0.549703 0.549703 0.43 0.549703 0.549703 0.549703 0.549703 0.549703 0.549703 0.451643 0.549703 0.549703 0.43 0.549703 0.549703 0.549703 0.549703 0.549703 0.549703 0.43 0.549703 0.549703 0.43 0.549703 0.549703 0.549703 0.549703 0.549703 0.549703 0.54776 0.549703 0.549703 0.548924 0.549703 0.549703 0.549703 0.549703 0.549703 0.549703 0.432314 0.549703 0.549703 0.549421 0.549703 0.549703 0.549703 0.549703 0.549703 0.549703 0.531476 0.549703 0.549703 0.43 0.549703 0.549703 0.549703 0.549703 0.549703 0.549703 0.515958 0.549703 0.549703 0.539475 0.549703 0.549703 0.549703 0.549703 0.549703 0.549703 0.43 0.549703 0.549703 0.48386 0.549703 0.549703 0.549703 0.549703 0.549703 0.549703 0.535128 0.549703 0.549703 0.43 0.549703 0.549703 0.549703 0.549703 0.549703 0.549703 0.435652 0.549703 0.549703 0.534706 0.549703 0.549703 0.549703 0.549703 0.549703 0.549703 0.549703 0.549703 0.549703 0.549703 0.549703 0.549703 0.549703 0.549703 0.549703 0.549703 0.549703 0.549703 0.549703 0.549703 0.549703 0.549703 0.549703 0.549703 0.549703 0.549703 0.549703 0.549703 0.549703 0.549703 0.549703 0.549703 0.549703 0.549703 0.549703 0.549703 0.549703 0.549703 0.549703 0.549703 0.549703 0.549703 0.549703 0.549703 0.549703 0.549703 0.549703 0.549703 0.549703 0.549703 0.549703 0.549703 0.549703 0.549703 0.549703 0.549703 0.549703 0.549703 0.549703 0.549703 0.549703 0.549703 0.549703 0.549703 0.549703 0.549703 0.549703 0.549703 0.549703 0.549703 0.549703 0.549703 0.549703 0.549703 0.549703 0.549703 0.549703 0.549703 0.549703 0.549703 0.549703 0.549703 0.549703 0.549703 0.549703 0.549703 0.549703 0.549703 0.549703 0.549703 0.549703 0.549703 0.549703 0.549703 0.549703 0.549703 0.549703 0.549703 0.549703 0.549703 0.549703 0.549703 0.549703 0.549703 0.549703 0.549703 0.549703 0.549703 0.549703 0.549703 0.549703 0.549703 0.433585 0.549703 0.549703 0.549703 0.549703 0.549703 0.549703 0.549703 0.549703 0.549703 0.43 0.549703 0.549703 0.549703 0.549703 0.549703 0.549703 0.549703 0.549703 0.549703 0.43 0.549703 0.549703 0.549703 0.549703 0.549703 0.549703 0.549703 0.549703 0.549703 0.546769 0.549703 0.549703 0.549703 0.549703 0.549703 0.549703 0.549703 0.549703 0.549703 0.43 0.549703 0.549703 0.549703 0.549703 0.549703 0.549703 0.549703 0.549703 0.549703 0.43 0.549703 0.549703 0.549703 0.549703 0.549703 0.549703 0.549703 0.549703 0.549703 0.546933 0.549703 0.549703 0.549703 0.549703 0.549703 0.549703 0.549703 0.549703 0.549703 0.43 0.549703 0.549703 0.549703 0.549703 0.549703 0.549703 0.549703 0.549703 0.549703 0.46176 0.549703 0.549703 0.549703 0.549703 0.549703 0.549703 0.549703 0.549703 0.549703 0.43 0.549703 0.549703 0.549703 0.430055 0.549703 0.549703 0.546019 0.549703 0.549703 0.549703 0.549703 0.549703 0.549703 0.458847 0.549703 0.549703 0.43 0.549703 0.549703 0.549703 0.549703 0.549703 0.549703 0.43 0.549703 0.549703 0.479593 0.549703 0.549703 0.549703 0.549703 0.549703 0.549703 0.430008 0.549703 0.549703 0.548383 0.549703 0.549703 0.549703 0.549703 0.549703 0.549703 0.43 0.549703 0.549703 0.543326 0.549703 0.549703 0.549703 0.549703 0.549703 0.549703 0.434725 0.549703 0.549703 0.541605 0.549703 0.549703 0.549703 0.549703 0.549703 0.549703 0.43 0.549703 0.549703 0.43 0.549703 0.549703 0.549703 0.549703 0.549703 0.549703 0.43 0.549703 0.549703 0.430002 0.549703 0.549703 0.549703 0.549703 0.549703 0.549703 0.43 0.549703 0.549703 0.44197 0.549703 0.549703 0.549703 0.549703 0.549703 0.549703 0.43 0.549703 0.549703 0.432215 0.549703 0.549703 0.549703 0.549703 0.549703 0.549703 0.549703 0.549703 0.549703 0.549703 0.549703 0.549703 0.549703 0.549703 0.549703 0.549703 0.549703 0.549703 0.549703 0.549703 0.549703 0.549703 0.549703 0.549703 0.549703 0.549703 0.549703 0.549703 0.549703 0.549703 0.549703 0.549703 0.549703 0.549703 0.549703 0.549703 0.549703 0.549703 0.549703 0.549703 0.549703 0.549703 0.549703 0.549703 0.549703 0.549703 0.549703 0.549703 0.549703 0.549703 0.549703 0.549703 0.549703 0.549703 0.549703 0.549703 0.549703 0.549703 0.549703 0.549703 0.549703 0.549703 0.549703 0.549703 0.549703 0.549703 0.549703 0.549703 0.549703 0.549703 0.549703 0.549703 0.549703 0.549703 0.549703 0.549703 0.549703 0.549703 0.549703 0.549703 0.549703 0.549703 0.549703 0.549703 0.549703 0.549703 0.549703 0.549703 0.549703 0.549703 0.549703 0.549703 0.549703 0.549703 0.549703 0.549703 0.549703 0.549703 0.549703 0.549703 0.549703 0.549703 0.549703 0.549703 0.549703 0.549703 0.549703 0.549703 0.549703 0.549703 0.549703 0.549703 0.43 0.549703 0.549703 0.549703 0.549703 0.549703 0.549703 0.549703 0.549703 0.549703 0.43 0.549703 0.549703 0.549703 0.549703 0.549703 0.549703 0.549703 0.549703 0.549703 0.43 0.549703 0.549703 0.549703 0.549703 0.549703 0.549703 0.549703 0.549703 0.549703 0.43 0.549703 0.549703 0.549703 0.549703 0.549703 0.549703 0.549703 0.549703 0.549703 0.441819 0.549703 0.549703 0.549703 0.549703 0.549703 0.549703 0.549703 0.549703 0.549703 0.481294 0.549703 0.549703 0.549703 0.549703 0.549703 0.549703 0.549703 0.549703 0.549703 0.549216 0.549703 0.549703 0.549703 0.549703 0.549703 0.549703 0.549703 0.549703 0.549703 0.432208 0.549703 0.549703 0.549703 0.549703 0.549703 0.549703 0.549703 0.549703 0.549703 0.43 0.549703 0.549703 0.549703 0.549703 0.549703 0.549703 0.549703 0.549703 0.549703 0.43 0.549703 0.549703 0.549703 0.4965 0.549703 0.549703 0.548424 0.549703 0.549703 0.549703 0.549703 0.549703 0.549703 0.510672 0.549703 0.549703 0.547935 0.549703 0.549703 0.549703 0.549703 0.549703 0.549703 0.549379 0.549703 0.549703 0.547954 0.549703 0.549703 0.549703 0.549703 0.549703 0.549703 0.43483 0.549703 0.549703 0.43 0.549703 0.549703 0.549703 0.549703 0.549703 0.549703 0.430097 0.549703 0.549703 0.430051 0.549703 0.549703 0.549703 0.549703 0.549703 0.549703 0.430804 0.549703 0.549703 0.435218 0.549703 0.549703 0.549703 0.549703 0.549703 0.549703 0.432409 0.549703 0.549703 0.525016 0.549703 0.549703 0.549703 0.549703 0.549703 0.549703 0.43008 0.549703 0.549703 0.430062 0.549703 0.549703 0.549703 0.549703 0.549703 0.549703 0.533754 0.549703 0.549703 0.514561 0.549703 0.549703 0.549703 0.549703 0.549703 0.549703 0.547969 0.549703 0.549703 0.430271 0.549703 0.549703 0.549703 0.549703 0.549703 0.549703 0.549703 0.549703 0.549703 0.549703 0.549703 0.549703 0.549703 0.549703 0.549703 0.549703 0.549703 0.549703 0.549703 0.549703 0.549703 0.549703 0.549703 0.549703 0.549703 0.549703 0.549703 0.549703 0.549703 0.549703 0.549703 0.549703 0.549703 0.549703 0.549703 0.549703 0.549703 0.549703 0.549703 0.549703 0.549703 0.549703 0.549703 0.549703 0.549703 0.549703 0.549703 0.549703 0.549703 0.549703 0.549703 0.549703 0.549703 0.549703 0.549703 0.549703 0.549703 0.549703 0.549703 0.549703 0.549703 0.549703 0.549703 0.549703 0.549703 0.549703 0.549703 0.549703 0.549703 0.549703 0.549703 0.549703 0.549703 0.549703 0.549703 0.549703 0.549703 0.549703 0.549703 0.549703 0.549703 0.549703 0.549703 0.549703 0.549703 0.549703 0.549703 0.549703 0.549703 0.549703 0.549703 0.549703 0.549703 0.549703 0.549703 0.549703 0.549703 0.549703 0.549703 0.549703 0.549703 0.549703 0.549703 0.549703 0.549703 0.549703 0.549703 0.549703 0.549703 0.549703 0.549703 0.549703 0.430004 0.549703 0.549703 0.549703 0.549703 0.549703 0.549703 0.549703 0.549703 0.549703 0.521758 0.549703 0.549703 0.549703 0.549703 0.549703 0.549703 0.549703 0.549703 0.549703 0.470405 0.549703 0.549703 0.549703 0.549703 0.549703 0.549703 0.549703 0.549703 0.549703 0.517596 0.549703 0.549703 0.549703 0.549703 0.549703 0.549703 0.549703 0.549703 0.549703 0.430085 0.549703 0.549703 0.549703 0.549703 0.549703 0.549703 0.549703 0.549703 0.549703 0.430008 0.549703 0.549703 0.549703 0.549703 0.549703 0.549703 0.549703 0.549703 0.549703 0.430001 0.549703 0.549703 0.549703 0.549703 0.549703 0.549703 0.549703 0.549703 0.549703 0.430317 0.549703 0.549703 0.549703 0.549703 0.549703 0.549703 0.549703 0.549703 0.549703 0.473272 0.549703 0.549703 0.549703 0.549703 0.549703 0.549703 0.549703 0.549703 0.549703 0.43 0.549703 0.549703 0.549703 0.549703 0.549703 0.549703 0.549703 0.549703 0.549703 0.43 0.549703 0.549703 0.549703 0.549703 0.549703 0.549703 0.549703 0.549703 0.549703 0.43 0.549703 0.549703 0.549703 0.549703 0.549703 0.549703 0.549703 0.549703 0.549703 0.432029 0.549703 0.549703 0.549703 0.549703 0.549703 0.549703 0.549703 0.549703 0.549703 0.43 0.549703 0.549703 0.549703 0.549703 0.549703 0.549703 0.549703 0.549703 0.549703 0.547916 0.549703 0.549703 0.549703 0.549703 0.549703 0.549703 0.549703 0.549703 0.549703 0.430027 0.549703 0.549703 0.549703 0.549703 0.549703 0.549703 0.549703 0.549703 0.549703 0.430207 0.549703 0.549703 0.549703 0.549703 0.549703 0.549703 0.549703 0.549703 0.549703 0.43 0.549703 0.549703 0.549703 0.549703 0.549703 0.549703 0.549703 0.549703 0.549703 0.430159 0.549703 0.549703 0.549703 0.549703 0.549703 0.549703 0.549703 0.549703 0.549703 0.43 0.549703 0.549703 0.549703 0.432968 0.549703 0.549703 0.540501 0.549703 0.549703 0.549703 0.549703 0.549703 0.549703 0.433127 0.549703 0.549703 0.43005 0.549703 0.549703 0.549703 0.549703 0.549703 0.549703 0.549375 0.549703 0.549703 0.434006 0.549703 0.549703 0.549703 0.549703 0.549703 0.549703 0.430028 0.549703 0.549703 0.430038 0.549703 0.549703 0.549703 0.549703 0.549703 0.549703 0.430032 0.549703 0.549703 0.431693 0.549703 0.549703 0.549703 0.549703 0.549703 0.549703 0.43 0.549703 0.549703 0.430176 0.549703 0.549703 0.549703 0.549703 0.549703 0.549703 0.430189 0.549703 0.549703 0.43 0.549703 0.549703 0.549703 0.549703 0.549703 0.549703 0.430111 0.549703 0.549703 0.43 0.549703 0.549703 0.549703 0.549703 0.549703 0.549703 0.430001 0.549703 0.549703 0.53549 0.549703 0.549703 0.549703 0.549703 0.549703 0.549703 0.540205 0.549703 0.549703 0.43099 0.549703 0.549703 0.549703 0.549703 0.549703 0.549703 0.549703 0.549703 0.549703 0.549703 0.549703 0.549703 0.549703 0.549703 0.549703 0.549703 0.549703 0.549703 0.549703 0.549703 0.549703 0.549703 0.549703 0.549703 0.549703 0.549703 0.549703 0.549703 0.549703 0.549703 0.549703 0.549703 0.549703 0.549703 0.549703 0.549703 0.549703 0.549703 0.549703 0.549703 0.549703 0.549703 0.549703 0.549703 0.549703 0.549703 0.549703 0.549703 0.549703 0.549703 0.549703 0.549703 0.549703 0.549703 0.549703 0.549703 0.549703 0.549703 0.549703 0.549703 0.549703 0.549703 0.549703 0.549703 0.549703 0.549703 0.549703 0.549703 0.549703 0.549703 0.549703 0.549703 0.549703 0.549703 0.549703 0.549703 0.549703 0.549703 0.549703 0.549703 0.549703 0.549703 0.549703 0.549703 0.549703 0.549703 0.549703 0.549703 0.549703 0.549703 0.549703 0.549703 0.549703 0.549703 0.549703 0.549703 0.549703 0.549703 0.549703 0.549703 0.549703 0.549703 0.549703 0.549703 0.549703 0.549703 0.549703 0.549703 0.549703 0.549703 0.549703 0.549703 0.549185 0.549703 0.549703 0.549703 0.549703 0.549703 0.549703 0.549703 0.549703 0.549703 0.548051 0.549703 0.549703 0.549703 0.549703 0.549703 0.549703 0.549703 0.549703 0.549703 0.430016 0.549703 0.549703 0.549703 0.549703 0.549703 0.549703 0.549703 0.549703 0.549703 0.527536 0.549703 0.549703 0.549703 0.549703 0.549703 0.549703 0.549703 0.549703 0.549703 0.435538 0.549703 0.549703 0.549703 0.549703 0.549703 0.549703 0.549703 0.549703 0.549703 0.43 0.549703 0.549703 0.549703 0.549703 0.549703 0.549703 0.549703 0.549703 0.549703 0.457979 0.549703 0.549703 0.549703 0.549703 0.549703 0.549703 0.549703 0.549703 0.549703 0.430117 0.549703 0.549703 0.549703 0.549703 0.549703 0.549703 0.549703 0.549703 0.549703 0.497539 0.549703 0.549703 0.549703 0.549703 0.549703 0.549703 0.549703 0.549703 0.549703 0.43 0.549703 0.549703 0.549703 0.544289 0.549703 0.549703 0.534193 0.549703 0.549703 0.549703 0.549703 0.549703 0.549703 0.43 0.549703 0.549703 0.528798 0.549703 0.549703 0.549703 0.549703 0.549703 0.549703 0.447489 0.549703 0.549703 0.44035 0.549703 0.549703 0.549703 0.549703 0.549703 0.549703 0.45821 0.549703 0.549703 0.546019 0.549703 0.549703 0.549703 0.549703 0.549703 0.549703 0.43 0.549703 0.549703 0.46184 0.549703 0.549703 0.549703 0.549703 0.549703 0.549703 0.512927 0.549703 0.549703 0.430024 0.549703 0.549703 0.549703 0.549703 0.549703 0.549703 0.445473 0.549703 0.549703 0.43 0.549703 0.549703 0.549703 0.549703 0.549703 0.549703 0.431371 0.549703 0.549703 0.546991 0.549703 0.549703 0.549703 0.549703 0.549703 0.549703 0.43 0.549703 0.549703 0.430033 0.549703 0.549703 0.549703 0.549703 0.549703 0.549703 0.509219 0.549703 0.549703 0.43 0.549703 0.549703 0.549703 0.549703 0.549703 0.549703 0.549703 0.549703 0.549703 0.549703 0.549703 0.549703 0.549703 0.549703 0.549703 0.549703 0.549703 0.549703 0.549703 0.549703 0.549703 0.549703 0.549703 0.549703 0.549703 0.549703 0.549703 0.549703 0.549703 0.549703 0.549703 0.549703 0.549703 0.549703 0.549703 0.549703 0.549703 0.549703 0.549703 0.549703 0.549703 0.549703 0.549703 0.549703 0.549703 0.549703 0.549703 0.549703 0.549703 0.549703 0.549703 0.549703 0.549703 0.549703 0.549703 0.549703 0.549703 0.549703 0.549703 0.549703 0.549703 0.549703 0.549703 0.549703 0.549703 0.549703 0.549703 0.549703 0.549703 0.549703 0.549703 0.549703 0.549703 0.549703 0.549703 0.549703 0.549703 0.549703 0.549703 0.549703 0.549703 0.549703 0.549703 0.549703 0.549703 0.549703 0.549703 0.549703 0.549703 0.549703 0.549703 0.549703 0.549703 0.549703 0.549703 0.549703 0.549703 0.549703 0.549703 0.549703 0.549703 0.549703 0.549703 0.549703 0.549703 0.549703 0.549703 0.549703 0.549703 0.549703 0.549703 0.549703 0.43 0.549703 0.549703 0.549703 0.549703 0.549703 0.549703 0.549703 0.549703 0.549703 0.43 0.549703 0.549703 0.549703 0.549703 0.549703 0.549703 0.549703 0.549703 0.549703 0.430042 0.549703 0.549703 0.549703 0.549703 0.549703 0.549703 0.549703 0.549703 0.549703 0.43 0.549703 0.549703 0.549703 0.549703 0.549703 0.549703 0.549703 0.549703 0.549703 0.43 0.549703 0.549703 0.549703 0.549703 0.549703 0.549703 0.549703 0.549703 0.549703 0.430238 0.549703 0.549703 0.549703 0.549703 0.549703 0.549703 0.549703 0.549703 0.549703 0.43 0.549703 0.549703 0.549703 0.549703 0.549703 0.549703 0.549703 0.549703 0.549703 0.458475 0.549703 0.549703 0.549703 0.549703 0.549703 0.549703 0.549703 0.549703 0.549703 0.548921 0.549703 0.549703 0.549703 0.549703 0.549703 0.549703 0.549703 0.549703 0.549703 0.531907 0.549703 0.549703 0.549703 0.541131 0.549703 0.549703 0.434631 0.549703 0.549703 0.549703 0.549703 0.549703 0.549703 0.503191 0.549703 0.549703 0.433664 0.549703 0.549703 0.549703 0.549703 0.549703 0.549703 0.458433 0.549703 0.549703 0.433253 0.549703 0.549703 0.549703 0.549703 0.549703 0.549703 0.43 0.549703 0.549703 0.517809 0.549703 0.549703 0.549703 0.549703 0.549703 0.549703 0.430052 0.549703 0.549703 0.430147 0.549703 0.549703 0.549703 0.549703 0.549703 0.549703 0.531432 0.549703 0.549703 0.430001 0.549703 0.549703 0.549703 0.549703 0.549703 0.549703 0.43 0.549703 0.549703 0.431553 0.549703 0.549703 0.549703 0.549703 0.549703 0.549703 0.496705 0.549703 0.549703 0.547033 0.549703 0.549703 0.549703 0.549703 0.549703 0.549703 0.510824 0.549703 0.549703 0.430001 0.549703 0.549703 0.549703 0.549703 0.549703 0.549703 0.473096 0.549703 0.549703 0.542888 0.549703 0.549703 0.549703 0.549703 0.549703 0.549703 0.549703 0.549703 0.549703 0.549703 0.549703 0.549703 0.549703 0.549703 0.549703 0.549703 0.549703 0.549703 0.549703 0.549703 0.549703 0.549703 0.549703 0.549703 0.549703 0.549703 0.549703 0.549703 0.549703 0.549703 0.549703 0.549703 0.549703 0.549703 0.549703 0.549703 0.549703 0.549703 0.549703 0.549703 0.549703 0.549703 0.549703 0.549703 0.549703 0.549703 0.549703 0.549703 0.549703 0.549703 0.549703 0.549703 0.549703 0.549703 0.549703 0.549703 0.549703 0.549703 0.549703 0.549703 0.549703 0.549703 0.549703 0.549703 0.549703 0.549703 0.549703 0.549703 0.549703 0.549703 0.549703 0.549703 0.549703 0.549703 0.549703 0.549703 0.549703 0.549703 0.549703 0.549703 0.549703 0.549703 0.549703 0.549703 0.549703 0.549703 0.549703 0.549703 0.549703 0.549703 0.549703 0.549703 0.549703 0.549703 0.549703 0.549703 0.549703 0.549703 0.549703 0.549703 0.549703 0.549703 0.549703 0.549703 0.549703 0.549703 0.549703 0.549703 0.549703 0.549703 0.549703 0.549703 0.430012 0.549703 0.549703 0.549703 0.549703 0.549703 0.549703 0.549703 0.549703 0.549703 0.549579 0.549703 0.549703 0.549703 0.549703 0.549703 0.549703 0.549703 0.549703 0.549703 0.442356 0.549703 0.549703 0.549703 0.549703 0.549703 0.549703 0.549703 0.549703 0.549703 0.43093 0.549703 0.549703 0.549703 0.549703 0.549703 0.549703 0.549703 0.549703 0.549703 0.430008 0.549703 0.549703 0.549703 0.549703 0.549703 0.549703 0.549703 0.549703 0.549703 0.43 0.549703 0.549703 0.549703 0.549703 0.549703 0.549703 0.549703 0.549703 0.549703 0.430321 0.549703 0.549703 0.549703 0.549703 0.549703 0.549703 0.549703 0.549703 0.549703 0.43 0.549703 0.549703 0.549703 0.549703 0.549703 0.549703 0.549703 0.549703 0.549703 0.43 0.549703 0.549703 0.549703 0.549703 0.549703 0.549703 0.549703 0.549703 0.549703 0.43 0.549703 0.549703 0.549703 0.549703 0.549703 0.549703 0.549703 0.549703 0.549703 0.433289 0.549703 0.549703 0.549703 0.549703 0.549703 0.549703 0.549703 0.549703 0.549703 0.430055 0.549703 0.549703 0.549703 0.549703 0.549703 0.549703 0.549703 0.549703 0.549703 0.444051 0.549703 0.549703 0.549703 0.549703 0.549703 0.549703 0.549703 0.549703 0.549703 0.430002 0.549703 0.549703 0.549703 0.549703 0.549703 0.549703 0.549703 0.549703 0.549703 0.474848 0.549703 0.549703 0.549703 0.549703 0.549703 0.549703 0.549703 0.549703 0.549703 0.548987 0.549703 0.549703 0.549703 0.549703 0.549703 0.549703 0.549703 0.549703 0.549703 0.43 0.549703 0.549703 0.549703 0.549703 0.549703 0.549703 0.549703 0.549703 0.549703 0.432019 0.549703 0.549703 0.549703 0.549703 0.549703 0.549703 0.549703 0.549703 0.549703 0.549013 0.549703 0.549703 0.549703 0.549703 0.549703 0.549703 0.549703 0.549703 0.549703 0.541891 0.549703 0.549703 0.549703 0.545857 0.549703 0.549703 0.430004 0.549703 0.549703 0.549703 0.549703 0.549703 0.549703 0.43 0.549703 0.549703 0.430007 0.549703 0.549703 0.549703 0.549703 0.549703 0.549703 0.43 0.549703 0.549703 0.519324 0.549703 0.549703 0.549703 0.549703 0.549703 0.549703 0.43 0.549703 0.549703 0.543586 0.549703 0.549703 0.549703 0.549703 0.549703 0.549703 0.535602 0.549703 0.549703 0.541576 0.549703 0.549703 0.549703 0.549703 0.549703 0.549703 0.43 0.549703 0.549703 0.54766 0.549703 0.549703 0.549703 0.549703 0.549703 0.549703 0.430001 0.549703 0.549703 0.496809 0.549703 0.549703 0.549703 0.549703 0.549703 0.549703 0.430015 0.549703 0.549703 0.43002 0.549703 0.549703 0.549703 0.549703 0.549703 0.549703 0.511649 0.549703 0.549703 0.43 0.549703 0.549703 0.549703 0.549703 0.549703 0.549703 0.4308 0.549703 0.549703 0.533852 0.549703 0.549703 0.549703 0.549703 0.549703 0.549703 0.549703 0.549703 0.549703 0.549703 0.549703 0.549703 0.549703 0.549703 0.549703 0.549703 0.549703 0.549703 0.549703 0.549703 0.549703 0.549703 0.549703 0.549703 0.549703 0.549703 0.549703 0.549703 0.549703 0.549703 0.549703 0.549703 0.549703 0.549703 0.549703 0.549703 0.549703 0.549703 0.549703 0.549703 0.549703 0.549703 0.549703 0.549703 0.549703 0.549703 0.549703 0.549703 0.549703 0.549703 0.549703 0.549703 0.549703 0.549703 0.549703 0.549703 0.549703 0.549703 0.549703 0.549703 0.549703 0.549703 0.549703 0.549703 0.549703 0.549703 0.549703 0.549703 0.549703 0.549703 0.549703 0.549703 0.549703 0.549703 0.549703 0.549703 0.549703 0.549703 0.549703 0.549703 0.549703 0.549703 0.549703 0.549703 0.549703 0.549703 0.549703 0.549703 0.549703 0.549703 0.549703 0.549703 0.549703 0.549703 0.549703 0.549703 0.549703 0.549703 0.549703 0.549703 0.549703 0.549703 0.549703 0.549703 0.549703 0.549703 0.549703 0.549703 0.549703 0.549703 0.549703 0.549703 0.432054 0.549703 0.549703 0.549703 0.549703 0.549703 0.549703 0.549703 0.549703 0.549703 0.521641 0.549703 0.549703 0.549703 0.549703 0.549703 0.549703 0.549703 0.549703 0.549703 0.43 0.549703 0.549703 0.549703 0.549703 0.549703 0.549703 0.549703 0.549703 0.549703 0.536003 0.549703 0.549703 0.549703 0.549703 0.549703 0.549703 0.549703 0.549703 0.549703 0.430198 0.549703 0.549703 0.549703 0.549703 0.549703 0.549703 0.549703 0.549703 0.549703 0.438248 0.549703 0.549703 0.549703 0.549703 0.549703 0.549703 0.549703 0.549703 0.549703 0.463972 0.549703 0.549703 0.549703 0.549703 0.549703 0.549703 0.549703 0.549703 0.549703 0.43 0.549703 0.549703 0.549703 0.549703 0.549703 0.549703 0.549703 0.549703 0.549703 0.430069 0.549703 0.549703 0.549703 0.549703 0.549703 0.549703 0.549703 0.549703 0.549703 0.460755 0.549703 0.549703 0.549703 0.529815 0.549703 0.549703 0.482686 0.549703 0.549703 0.549703 0.549703 0.549703 0.549703 0.430364 0.549703 0.549703 0.504566 0.549703 0.549703 0.549703 0.549703 0.549703 0.549703 0.447444 0.549703 0.549703 0.430134 0.549703 0.549703 0.549703 0.549703 0.549703 0.549703 0.548834 0.549703 0.549703 0.54123 0.549703 0.549703 0.549703 0.549703 0.549703 0.549703 0.430009 0.549703 0.549703 0.546458 0.549703 0.549703 0.549703 0.549703 0.549703 0.549703 0.43 0.549703 0.549703 0.439659 0.549703 0.549703 0.549703 0.549703 0.549703 0.549703 0.549308 0.549703 0.549703 0.545916 0.549703 0.549703 0.549703 0.549703 0.549703 0.549703 0.442637 0.549703 0.549703 0.45379 0.549703 0.549703 0.549703 0.549703 0.549703 0.549703 0.546349 0.549703 0.549703 0.43 0.549703 0.549703 0.549703 0.549703 0.549703 0.549703 0.545871 0.549703 0.549703 0.435614 0.549703 0.549703 0.549703 0.549703 0.549703 0.549703 0.549703 0.549703 0.549703 0.549703 0.549703 0.549703 0.549703 0.549703 0.549703 0.549703 0.549703 0.549703 0.549703 0.549703 0.549703 0.549703 0.549703 0.549703 0.549703 0.549703 0.549703 0.549703 0.549703 0.549703 0.549703 0.549703 0.549703 0.549703 0.549703 0.549703 0.549703 0.549703 0.549703 0.549703 0.549703 0.549703 0.549703 0.549703 0.549703 0.549703 0.549703 0.549703 0.549703 0.549703 0.549703 0.549703 0.549703 0.549703 0.549703 0.549703 0.549703 0.549703 0.549703 0.549703 0.549703 0.549703 0.549703 0.549703 0.549703 0.549703 0.549703 0.549703 0.549703 0.549703 0.549703 0.549703 0.549703 0.549703 0.549703 0.549703 0.549703 0.549703 0.549703 0.549703 0.549703 0.549703 0.549703 0.549703 0.549703 0.549703 0.549703 0.549703 0.549703 0.549703 0.549703 0.549703 0.549703 0.549703 0.549703 0.549703 0.549703 0.549703 0.549703 0.549703 0.549703 0.549703 0.549703 0.549703 0.549703 0.549703 0.549703 0.549703 0.549703 0.549703 0.549703 0.549703 0.45961 0.549703 0.549703 0.549703 0.549703 0.549703 0.549703 0.549703 0.549703 0.549703 0.511281 0.549703 0.549703 0.549703 0.549703 0.549703 0.549703 0.549703 0.549703 0.549703 0.478401 0.549703 0.549703 0.549703 0.549703 0.549703 0.549703 0.549703 0.549703 0.549703 0.474684 0.549703 0.549703 0.549703 0.549703 0.549703 0.549703 0.549703 0.549703 0.549703 0.549569 0.549703 0.549703 0.549703 0.549703 0.549703 0.549703 0.549703 0.549703 0.549703 0.474297 0.549703 0.549703 0.549703 0.549703 0.549703 0.549703 0.549703 0.549703 0.549703 0.430405 0.549703 0.549703 0.549703 0.549703 0.549703 0.549703 0.549703 0.549703 0.549703 0.43 0.549703 0.549703 0.549703 0.549703 0.549703 0.549703 0.549703 0.549703 0.549703 0.54222 0.549703 0.549703 0.549703 0.549703 0.549703 0.549703 0.549703 0.549703 0.549703 0.544321 0.549703 0.549703 0.549703 0.430293 0.549703 0.549703 0.441073 0.549703 0.549703 0.549703 0.549703 0.549703 0.549703 0.480655 0.549703 0.549703 0.430003 0.549703 0.549703 0.549703 0.549703 0.549703 0.549703 0.430199 0.549703 0.549703 0.43002 0.549703 0.549703 0.549703 0.549703 0.549703 0.549703 0.54693 0.549703 0.549703 0.5472 0.549703 0.549703 0.549703 0.549703 0.549703 0.549703 0.43 0.549703 0.549703 0.547841 0.549703 0.549703 0.549703 0.549703 0.549703 0.549703 0.481349 0.549703 0.549703 0.43 0.549703 0.549703 0.549703 0.549703 0.549703 0.549703 0.430818 0.549703 0.549703 0.430279 0.549703 0.549703 0.549703 0.549703 0.549703 0.549703 0.430006 0.549703 0.549703 0.547574 0.549703 0.549703 0.549703 0.549703 0.549703 0.549703 0.546544 0.549703 0.549703 0.43 0.549703 0.549703 0.549703 0.549703 0.549703 0.549703 0.430003 0.549703 0.549703 0.489462 0.549703 0.549703 0.549703 0.549703 0.549703 0.549703 0.549703 0.549703 0.549703 0.549703 0.549703 0.549703 0.549703 0.549703 0.549703 0.549703 0.549703 0.549703 0.549703 0.549703 0.549703 0.549703 0.549703 0.549703 0.549703 0.549703 0.549703 0.549703 0.549703 0.549703 0.549703 0.549703 0.549703 0.549703 0.549703 0.549703 0.549703 0.549703 0.549703 0.549703 0.549703 0.549703 0.549703 0.549703 0.549703 0.549703 0.549703 0.549703 0.549703 0.549703 0.549703 0.549703 0.549703 0.549703 0.549703 0.549703 0.549703 0.549703 0.549703 0.549703 0.549703 0.549703 0.549703 0.549703 0.549703 0.549703 0.549703 0.549703 0.549703 0.549703 0.549703 0.549703 0.549703 0.549703 0.549703 0.549703 0.549703 0.549703 0.549703 0.549703 0.549703 0.549703 0.549703 0.549703 0.549703 0.549703 0.549703 0.549703 0.549703 0.549703 0.549703 0.549703 0.549703 0.549703 0.549703 0.549703 0.549703 0.549703 0.549703 0.549703 0.549703 0.549703 0.549703 0.549703 0.549703 0.549703 0.549703 0.549703 0.549703 0.549703 0.549703 0.549703 0.43 0.549703 0.549703 0.549703 0.549703 0.549703 0.549703 0.549703 0.549703 0.549703 0.43 0.549703 0.549703 0.549703 0.549703 0.549703 0.549703 0.549703 0.549703 0.549703 0.495474 0.549703 0.549703 0.549703 0.549703 0.549703 0.549703 0.549703 0.549703 0.549703 0.43 0.549703 0.549703 0.549703 0.549703 0.549703 0.549703 0.549703 0.549703 0.549703 0.531722 0.549703 0.549703 0.549703 0.549703 0.549703 0.549703 0.549703 0.549703 0.549703 0.548846 0.549703 0.549703 0.549703 0.549703 0.549703 0.549703 0.549703 0.549703 0.549703 0.435077 0.549703 0.549703 0.549703 0.549703 0.549703 0.549703 0.549703 0.549703 0.549703 0.430003 0.549703 0.549703 0.549703 0.549703 0.549703 0.549703 0.549703 0.549703 0.549703 0.43 0.549703 0.549703 0.549703 0.549703 0.549703 0.549703 0.549703 0.549703 0.549703 0.547776 0.549703 0.549703 0.549703 0.549703 0.549703 0.549703 0.549703 0.549703 0.549703 0.472233 0.549703 0.549703 0.549703 0.549703 0.549703 0.549703 0.549703 0.549703 0.549703 0.49034 0.549703 0.549703 0.549703 0.549703 0.549703 0.549703 0.549703 0.549703 0.549703 0.434549 0.549703 0.549703 0.549703 0.549703 0.549703 0.549703 0.549703 0.549703 0.549703 0.494439 0.549703 0.549703 0.549703 0.549703 0.549703 0.549703 0.549703 0.549703 0.549703 0.43 0.549703 0.549703 0.549703 0.549703 0.549703 0.549703 0.549703 0.549703 0.549703 0.43 0.549703 0.549703 0.549703 0.549703 0.549703 0.549703 0.549703 0.549703 0.549703 0.430043 0.549703 0.549703 0.549703 0.549703 0.549703 0.549703 0.549703 0.549703 0.549703 0.537468 0.549703 0.549703 0.549703 0.549703 0.549703 0.549703 0.549703 0.549703 0.549703 0.430002 0.549703 0.549703 0.549703 0.549703 0.549703 0.549703 0.549703 0.549703 0.549703 0.430003 0.549703 0.549703 0.549703 0.513101 0.549703 0.549703 0.539908 0.549703 0.549703 0.549703 0.549703 0.549703 0.549703 0.549495 0.549703 0.549703 0.43 0.549703 0.549703 0.549703 0.549703 0.549703 0.549703 0.430031 0.549703 0.549703 0.43 0.549703 0.549703 0.549703 0.549703 0.549703 0.549703 0.43 0.549703 0.549703 0.430034 0.549703 0.549703 0.549703 0.549703 0.549703 0.549703 0.43 0.549703 0.549703 0.548832 0.549703 0.549703 0.549703 0.549703 0.549703 0.549703 0.509489 0.549703 0.549703 0.547107 0.549703 0.549703 0.549703 0.549703 0.549703 0.549703 0.526311 0.549703 0.549703 0.430278 0.549703 0.549703 0.549703 0.549703 0.549703 0.549703 0.54902 0.549703 0.549703 0.43 0.549703 0.549703 0.549703 0.549703 0.549703 0.549703 0.432453 0.549703 0.549703 0.522162 0.549703 0.549703 0.549703 0.549703 0.549703 0.549703 0.548161 0.549703 0.549703 0.535532 0.549703 0.549703 0.549703 0.549703 0.549703 0.549703 0.549703 0.549703 0.549703 0.549703 0.549703 0.549703 0.549703 0.549703 0.549703 0.549703 0.549703 0.549703 0.549703 0.549703 0.549703 0.549703 0.549703 0.549703 0.549703 0.549703 0.549703 0.549703 0.549703 0.549703 0.549703 0.549703 0.549703 0.549703 0.549703 0.549703 0.549703 0.549703 0.549703 0.549703 0.549703 0.549703 0.549703 0.549703 0.549703 0.549703 0.549703 0.549703 0.549703 0.549703 0.549703 0.549703 0.549703 0.549703 0.549703 0.549703 0.549703 0.549703 0.549703 0.549703 0.549703 0.549703 0.549703 0.549703 0.549703 0.549703 0.549703 0.549703 0.549703 0.549703 0.549703 0.549703 0.549703 0.549703 0.549703 0.549703 0.549703 0.549703 0.549703 0.549703 0.549703 0.549703 0.549703 0.549703 0.549703 0.549703 0.549703 0.549703 0.549703 0.549703 0.549703 0.549703 0.549703 0.549703 0.549703 0.549703 0.549703 0.549703 0.549703 0.549703 0.549703 0.549703 0.549703 0.549703 0.549703 0.549703 0.549703 0.549703 0.549703 0.549703 0.549703 0.549703 0.43 0.549703 0.549703 0.549703 0.549703 0.549703 0.549703 0.549703 0.549703 0.549703 0.547512 0.549703 0.549703 0.549703 0.549703 0.549703 0.549703 0.549703 0.549703 0.549703 0.43 0.549703 0.549703 0.549703 0.549703 0.549703 0.549703 0.549703 0.549703 0.549703 0.538314 0.549703 0.549703 0.549703 0.549703 0.549703 0.549703 0.549703 0.549703 0.549703 0.549467 0.549703 0.549703 0.549703 0.549703 0.549703 0.549703 0.549703 0.549703 0.549703 0.534695 0.549703 0.549703 0.549703 0.549703 0.549703 0.549703 0.549703 0.549703 0.549703 0.544247 0.549703 0.549703 0.549703 0.549703 0.549703 0.549703 0.549703 0.549703 0.549703 0.51079 0.549703 0.549703 0.549703 0.549703 0.549703 0.549703 0.549703 0.549703 0.549703 0.434433 0.549703 0.549703 0.549703 0.549703 0.549703 0.549703 0.549703 0.549703 0.549703 0.43 0.549703 0.549703 0.549703 0.43 0.549703 0.549703 0.444469 0.549703 0.549703 0.549703 0.549703 0.549703 0.549703 0.43 0.549703 0.549703 0.43 0.549703 0.549703 0.549703 0.549703 0.549703 0.549703 0.43 0.549703 0.549703 0.54881 0.549703 0.549703 0.549703 0.549703 0.549703 0.549703 0.430844 0.549703 0.549703 0.43 0.549703 0.549703 0.549703 0.549703 0.549703 0.549703 0.43 0.549703 0.549703 0.495835 0.549703 0.549703 0.549703 0.549703 0.549703 0.549703 0.43 0.549703 0.549703 0.492383 0.549703 0.549703 0.549703 0.549703 0.549703 0.549703 0.43 0.549703 0.549703 0.43 0.549703 0.549703 0.549703 0.549703 0.549703 0.549703 0.510739 0.549703 0.549703 0.43 0.549703 0.549703 0.549703 0.549703 0.549703 0.549703 0.451916 0.549703 0.549703 0.43 0.549703 0.549703 0.549703 0.549703 0.549703 0.549703 0.514101 0.549703 0.549703 0.546718 0.549703 0.549703 0.549703 0.549703 0.549703 0.549703 0.549703 0.549703 0.549703 0.549703 0.549703 0.549703 0.549703 0.549703 0.549703 0.549703 0.549703 0.549703 0.549703 0.549703 0.549703 0.549703 0.549703 0.549703 0.549703 0.549703 0.549703 0.549703 0.549703 0.549703 0.549703 0.549703 0.549703 0.549703 0.549703 0.549703 0.549703 0.549703 0.549703 0.549703 0.549703 0.549703 0.549703 0.549703 0.549703 0.549703 0.549703 0.549703 0.549703 0.549703 0.549703 0.549703 0.549703 0.549703 0.549703 0.549703 0.549703 0.549703 0.549703 0.549703 0.549703 0.549703 0.549703 0.549703 0.549703 0.549703 0.549703 0.549703 0.549703 0.549703 0.549703 0.549703 0.549703 0.549703 0.549703 0.549703 0.549703 0.549703 0.549703 0.549703 0.549703 0.549703 0.549703 0.549703 0.549703 0.549703 0.549703 0.549703 0.549703 0.549703 0.549703 0.549703 0.549703 0.549703 0.549703 0.549703 0.549703 0.549703 0.549703 0.549703 0.549703 0.549703 0.549703 0.549703 0.549703 0.549703 0.549703 0.549703 0.549703 0.549703 0.549703 0.549703 0.469929 0.549703 0.549703 0.549703 0.549703 0.549703 0.549703 0.549703 0.549703 0.549703 0.43 0.549703 0.549703 0.549703 0.549703 0.549703 0.549703 0.549703 0.549703 0.549703 0.430006 0.549703 0.549703 0.549703 0.549703 0.549703 0.549703 0.549703 0.549703 0.549703 0.435668 0.549703 0.549703 0.549703 0.549703 0.549703 0.549703 0.549703 0.549703 0.549703 0.430107 0.549703 0.549703 0.549703 0.549703 0.549703 0.549703 0.549703 0.549703 0.549703 0.468565 0.549703 0.549703 0.549703 0.549703 0.549703 0.549703 0.549703 0.549703 0.549703 0.430598 0.549703 0.549703 0.549703 0.549703 0.549703 0.549703 0.549703 0.549703 0.549703 0.43 0.549703 0.549703 0.549703 0.549703 0.549703 0.549703 0.549703 0.549703 0.549703 0.433379 0.549703 0.549703 0.549703 0.549703 0.549703 0.549703 0.549703 0.549703 0.549703 0.433504 0.549703 0.549703 0.549703 0.549426 0.549703 0.549703 0.501503 0.549703 0.549703 0.549703 0.549703 0.549703 0.549703 0.43 0.549703 0.549703 0.43 0.549703 0.549703 0.549703 0.549703 0.549703 0.549703 0.513056 0.549703 0.549703 0.43 0.549703 0.549703 0.549703 0.549703 0.549703 0.549703 0.43 0.549703 0.549703 0.430497 0.549703 0.549703 0.549703 0.549703 0.549703 0.549703 0.43 0.549703 0.549703 0.430107 0.549703 0.549703 0.549703 0.549703 0.549703 0.549703 0.440318 0.549703 0.549703 0.492575 0.549703 0.549703 0.549703 0.549703 0.549703 0.549703 0.43 0.549703 0.549703 0.520925 0.549703 0.549703 0.549703 0.549703 0.549703 0.549703 0.43 0.549703 0.549703 0.5486 0.549703 0.549703 0.549703 0.549703 0.549703 0.549703 0.43485 0.549703 0.549703 0.430003 0.549703 0.549703 0.549703 0.549703 0.549703 0.549703 0.430012 0.549703 0.549703 0.43 0.549703 0.549703 0.549703 0.549703 0.549703 0.549703 0.549703 0.549703 0.549703 0.549703 0.549703 0.549703 0.549703 0.549703 0.549703 0.549703 0.549703 0.549703 0.549703 0.549703 0.549703 0.549703 0.549703 0.549703 0.549703 0.549703 0.549703 0.549703 0.549703 0.549703 0.549703 0.549703 0.549703 0.549703 0.549703 0.549703 0.549703 0.549703 0.549703 0.549703 0.549703 0.549703 0.549703 0.549703 0.549703 0.549703 0.549703 0.549703 0.549703 0.549703 0.549703 0.549703 0.549703 0.549703 0.549703 0.549703 0.549703 0.549703 0.549703 0.549703 0.549703 0.549703 0.549703 0.549703 0.549703 0.549703 0.549703 0.549703 0.549703 0.549703 0.549703 0.549703 0.549703 0.549703 0.549703 0.549703 0.549703 0.549703 0.549703 0.549703 0.549703 0.549703 0.549703 0.549703 0.549703 0.549703 0.549703 0.549703 0.549703 0.549703 0.549703 0.549703 0.549703 0.549703 0.549703 0.549703 0.549703 0.549703 0.549703 0.549703 0.549703 0.549703 0.549703 0.549703 0.549703 0.549703 0.549703 0.549703 0.549703 0.549703 0.549703 0.549703 0.49046 0.549703 0.549703 0.549703 0.549703 0.549703 0.549703 0.549703 0.549703 0.549703 0.434573 0.549703 0.549703 0.549703 0.549703 0.549703 0.549703 0.549703 0.549703 0.549703 0.430144 0.549703 0.549703 0.549703 0.549703 0.549703 0.549703 0.549703 0.549703 0.549703 0.43 0.549703 0.549703 0.549703 0.549703 0.549703 0.549703 0.549703 0.549703 0.549703 0.54776 0.549703 0.549703 0.549703 0.549703 0.549703 0.549703 0.549703 0.549703 0.549703 0.44926 0.549703 0.549703 0.549703 0.549703 0.549703 0.549703 0.549703 0.549703 0.549703 0.441304 0.549703 0.549703 0.549703 0.549703 0.549703 0.549703 0.549703 0.549703 0.549703 0.548828 0.549703 0.549703 0.549703 0.549703 0.549703 0.549703 0.549703 0.549703 0.549703 0.433883 0.549703 0.549703 0.549703 0.549703 0.549703 0.549703 0.549703 0.549703 0.549703 0.43 0.549703 0.549703 0.549703 0.549703 0.549703 0.549703 0.549703 0.549703 0.549703 0.432184 0.549703 0.549703 0.549703 0.549703 0.549703 0.549703 0.549703 0.549703 0.549703 0.43 0.549703 0.549703 0.549703 0.549703 0.549703 0.549703 0.549703 0.549703 0.549703 0.546661 0.549703 0.549703 0.549703 0.549703 0.549703 0.549703 0.549703 0.549703 0.549703 0.43 0.549703 0.549703 0.549703 0.549703 0.549703 0.549703 0.549703 0.549703 0.549703 0.524398 0.549703 0.549703 0.549703 0.549703 0.549703 0.549703 0.549703 0.549703 0.549703 0.43006 0.549703 0.549703 0.549703 0.549703 0.549703 0.549703 0.549703 0.549703 0.549703 0.533034 0.549703 0.549703 0.549703 0.549703 0.549703 0.549703 0.549703 0.549703 0.549703 0.43 0.549703 0.549703 0.549703 0.549703 0.549703 0.549703 0.549703 0.549703 0.549703 0.548738 0.549703 0.549703 0.549703 0.549703 0.549703 0.549703 0.549703 0.549703 0.549703 0.518401 0.549703 0.549703 0.549703 0.440999 0.549703 0.549703 0.430098 0.549703 0.549703 0.549703 0.549703 0.549703 0.549703 0.535131 0.549703 0.549703 0.43 0.549703 0.549703 0.549703 0.549703 0.549703 0.549703 0.488759 0.549703 0.549703 0.43 0.549703 0.549703 0.549703 0.549703 0.549703 0.549703 0.430045 0.549703 0.549703 0.430518 0.549703 0.549703 0.549703 0.549703 0.549703 0.549703 0.549087 0.549703 0.549703 0.43 0.549703 0.549703 0.549703 0.549703 0.549703 0.549703 0.485372 0.549703 0.549703 0.430497 0.549703 0.549703 0.549703 0.549703 0.549703 0.549703 0.430014 0.549703 0.549703 0.43 0.549703 0.549703 0.549703 0.549703 0.549703 0.549703 0.440379 0.549703 0.549703 0.464209 0.549703 0.549703 0.549703 0.549703 0.549703 0.549703 0.430017 0.549703 0.549703 0.430872 0.549703 0.549703 0.549703 0.549703 0.549703 0.549703 0.430006 0.549703 0.549703 0.545583 0.549703 0.549703 0.549703 0.549703 0.549703 0.549703 0.549703 0.549703 0.549703 0.549703 0.549703 0.549703 0.549703 0.549703 0.549703 0.549703 0.549703 0.549703 0.549703 0.549703 0.549703 0.549703 0.549703 0.549703 0.549703 0.549703 0.549703 0.549703 0.549703 0.549703 0.549703 0.549703 0.549703 0.549703 0.549703 0.549703 0.549703 0.549703 0.549703 0.549703 0.549703 0.549703 0.549703 0.549703 0.549703 0.549703 0.549703 0.549703 0.549703 0.549703 0.549703 0.549703 0.549703 0.549703 0.549703 0.549703 0.549703 0.549703 0.549703 0.549703 0.549703 0.549703 0.549703 0.549703 0.549703 0.549703 0.549703 0.549703 0.549703 0.549703 0.549703 0.549703 0.549703 0.549703 0.549703 0.549703 0.549703 0.549703 0.549703 0.549703 0.549703 0.549703 0.549703 0.549703 0.549703 0.549703 0.549703 0.549703 0.549703 0.549703 0.549703 0.549703 0.549703 0.549703 0.549703 0.549703 0.549703 0.549703 0.549703 0.549703 0.549703 0.549703 0.549703 0.549703 0.549703 0.549703 0.549703 0.549703 0.549703 0.549703 0.549703 0.549703 0.525408 0.549703 0.549703 0.549703 0.549703 0.549703 0.549703 0.549703 0.549703 0.549703 0.519065 0.549703 0.549703 0.549703 0.549703 0.549703 0.549703 0.549703 0.549703 0.549703 0.43 0.549703 0.549703 0.549703 0.549703 0.549703 0.549703 0.549703 0.549703 0.549703 0.54723 0.549703 0.549703 0.549703 0.549703 0.549703 0.549703 0.549703 0.549703 0.549703 0.437968 0.549703 0.549703 0.549703 0.549703 0.549703 0.549703 0.549703 0.549703 0.549703 0.430306 0.549703 0.549703 0.549703 0.549703 0.549703 0.549703 0.549703 0.549703 0.549703 0.537464 0.549703 0.549703 0.549703 0.549703 0.549703 0.549703 0.549703 0.549703 0.549703 0.43 0.549703 0.549703 0.549703 0.549703 0.549703 0.549703 0.549703 0.549703 0.549703 0.548384 0.549703 0.549703 0.549703 0.549703 0.549703 0.549703 0.549703 0.549703 0.549703 0.546322 0.549703 0.549703 0.549703 0.454349 0.549703 0.549703 0.527003 0.549703 0.549703 0.549703 0.549703 0.549703 0.549703 0.43 0.549703 0.549703 0.436605 0.549703 0.549703 0.549703 0.549703 0.549703 0.549703 0.430079 0.549703 0.549703 0.43 0.549703 0.549703 0.549703 0.549703 0.549703 0.549703 0.43 0.549703 0.549703 0.456269 0.549703 0.549703 0.549703 0.549703 0.549703 0.549703 0.547933 0.549703 0.549703 0.430001 0.549703 0.549703 0.549703 0.549703 0.549703 0.549703 0.532798 0.549703 0.549703 0.438144 0.549703 0.549703 0.549703 0.549703 0.549703 0.549703 0.534113 0.549703 0.549703 0.48678 0.549703 0.549703 0.549703 0.549703 0.549703 0.549703 0.541946 0.549703 0.549703 0.50822 0.549703 0.549703 0.549703 0.549703 0.549703 0.549703 0.43 0.549703 0.549703 0.525604 0.549703 0.549703 0.549703 0.549703 0.549703 0.549703 0.43009 0.549703 0.549703 0.43 0.549703 0.549703 0.549703 0.549703 0.549703 0.549703 0.549703 0.549703 0.549703 0.549703 0.549703 0.549703 0.549703 0.549703 0.549703 0.549703 0.549703 0.549703 0.549703 0.549703 0.549703 0.549703 0.549703 0.549703 0.549703 0.549703 0.549703 0.549703 0.549703 0.549703 0.549703 0.549703 0.549703 0.549703 0.549703 0.549703 0.549703 0.549703 0.549703 0.549703 0.549703 0.549703 0.549703 0.549703 0.549703 0.549703 0.549703 0.549703 0.549703 0.549703 0.549703 0.549703 0.549703 0.549703 0.549703 0.549703 0.549703 0.549703 0.549703 0.549703 0.549703 0.549703 0.549703 0.549703 0.549703 0.549703 0.549703 0.549703 0.549703 0.549703 0.549703 0.549703 0.549703 0.549703 0.549703 0.549703 0.549703 0.549703 0.549703 0.549703 0.549703 0.549703 0.549703 0.549703 0.549703 0.549703 0.549703 0.549703 0.549703 0.549703 0.549703 0.549703 0.549703 0.549703 0.549703 0.549703 0.549703 0.549703 0.549703 0.549703 0.549703 0.549703 0.549703 0.549703 0.549703 0.549703 0.549703 0.549703 0.549703 0.549703 0.549703 0.549703 0.548809 0.549703 0.549703 0.549703 0.549703 0.549703 0.549703 0.549703 0.549703 0.549703 0.517684 0.549703 0.549703 0.549703 0.549703 0.549703 0.549703 0.549703 0.549703 0.549703 0.43028 0.549703 0.549703 0.549703 0.549703 0.549703 0.549703 0.549703 0.549703 0.549703 0.430788 0.549703 0.549703 0.549703 0.549703 0.549703 0.549703 0.549703 0.549703 0.549703 0.430003 0.549703 0.549703 0.549703 0.549703 0.549703 0.549703 0.549703 0.549703 0.549703 0.430491 0.549703 0.549703 0.549703 0.549703 0.549703 0.549703 0.549703 0.549703 0.549703 0.506477 0.549703 0.549703 0.549703 0.549703 0.549703 0.549703 0.549703 0.549703 0.549703 0.538197 0.549703 0.549703 0.549703 0.549703 0.549703 0.549703 0.549703 0.549703 0.549703 0.43004 0.549703 0.549703 0.549703 0.549703 0.549703 0.549703 0.549703 0.549703 0.549703 0.43 0.549703 0.549703 0.549703 0.43 0.549703 0.549703 0.54707 0.549703 0.549703 0.549703 0.549703 0.549703 0.549703 0.431686 0.549703 0.549703 0.54947 0.549703 0.549703 0.549703 0.549703 0.549703 0.549703 0.43 0.549703 0.549703 0.540216 0.549703 0.549703 0.549703 0.549703 0.549703 0.549703 0.43 0.549703 0.549703 0.548907 0.549703 0.549703 0.549703 0.549703 0.549703 0.549703 0.477984 0.549703 0.549703 0.43002 0.549703 0.549703 0.549703 0.549703 0.549703 0.549703 0.504405 0.549703 0.549703 0.43 0.549703 0.549703 0.549703 0.549703 0.549703 0.549703 0.430049 0.549703 0.549703 0.43 0.549703 0.549703 0.549703 0.549703 0.549703 0.549703 0.431001 0.549703 0.549703 0.548212 0.549703 0.549703 0.549703 0.549703 0.549703 0.549703 0.430603 0.549703 0.549703 0.43 0.549703 0.549703 0.549703 0.549703 0.549703 0.549703 0.430005 0.549703 0.549703 0.43 0.549703 0.549703 0.549703 0.549703 0.549703 0.549703 0.549703 0.549703 0.549703 0.549703 0.549703 0.549703 0.549703 0.549703 0.549703 0.549703 0.549703 0.549703 0.549703 0.549703 0.549703 0.549703 0.549703 0.549703 0.549703 0.549703 0.549703 0.549703 0.549703 0.549703 0.549703 0.549703 0.549703 0.549703 0.549703 0.549703 0.549703 0.549703 0.549703 0.549703 0.549703 0.549703 0.549703 0.549703 0.549703 0.549703 0.549703 0.549703 0.549703 0.549703 0.549703 0.549703 0.549703 0.549703 0.549703 0.549703 0.549703 0.549703 0.549703 0.549703 0.549703 0.549703 0.549703 0.549703 0.549703 0.549703 0.549703 0.549703 0.549703 0.549703 0.549703 0.549703 0.549703 0.549703 0.549703 0.549703 0.549703 0.549703 0.549703 0.549703 0.549703 0.549703 0.549703 0.549703 0.549703 0.549703 0.549703 0.549703 0.549703 0.549703 0.549703 0.549703 0.549703 0.549703 0.549703 0.549703 0.549703 0.549703 0.549703 0.549703 0.549703 0.549703 0.549703 0.549703 0.549703 0.549703 0.549703 0.549703 0.549703 0.549703 0.549703 0.549703 0.539494 0.549703 0.549703 0.549703 0.549703 0.549703 0.549703 0.549703 0.549703 0.549703 0.443522 0.549703 0.549703 0.549703 0.549703 0.549703 0.549703 0.549703 0.549703 0.549703 0.549386 0.549703 0.549703 0.549703 0.549703 0.549703 0.549703 0.549703 0.549703 0.549703 0.519449 0.549703 0.549703 0.549703 0.549703 0.549703 0.549703 0.549703 0.549703 0.549703 0.43 0.549703 0.549703 0.549703 0.549703 0.549703 0.549703 0.549703 0.549703 0.549703 0.430001 0.549703 0.549703 0.549703 0.549703 0.549703 0.549703 0.549703 0.549703 0.549703 0.430027 0.549703 0.549703 0.549703 0.549703 0.549703 0.549703 0.549703 0.549703 0.549703 0.43 0.549703 0.549703 0.549703 0.549703 0.549703 0.549703 0.549703 0.549703 0.549703 0.430207 0.549703 0.549703 0.549703 0.549703 0.549703 0.549703 0.549703 0.549703 0.549703 0.548024 0.549703 0.549703 
0.559654 0.559654 0.559654 0.559654 0.559654 0.559654 0.559654 0.498217 0.559654 0.559654 0.559654 0.559654 0.559654 0.559654 0.559654 0.559654 0.559654 0.42 0.559654 0.559654 0.559654 0.559654 0.559654 0.559654 0.559654 0.559654 0.559654 0.420003 0.559654 0.559654 0.559654 0.559654 0.559654 0.559654 0.559654 0.559654 0.559654 0.559142 0.559654 0.559654 0.559654 0.559654 0.559654 0.559654 0.559654 0.559654 0.559654 0.420263 0.559654 0.559654 0.559654 0.559654 0.559654 0.559654 0.559654 0.559654 0.559654 0.420024 0.559654 0.559654 0.559654 0.559654 0.559654 0.559654 0.559654 0.559654 0.559654 0.420058 0.559654 0.559654 0.559654 0.559654 0.559654 0.559654 0.559654 0.559654 0.559654 0.558787 0.559654 0.559654 0.559654 0.559654 0.559654 0.559654 0.559654 0.559654 0.559654 0.555419 0.559654 0.559654 0.559654 0.559654 0.559654 0.559654 0.559654 0.559654 0.559654 0.420046 0.559654 0.559654 0.559654 0.524999 0.559654 0.559654 0.42 0.559654 0.559654 0.559654 0.559654 0.559654 0.559654 0.481474 0.559654 0.559654 0.458701 0.559654 0.559654 0.559654 0.559654 0.559654 0.559654 0.420264 0.559654 0.559654 0.420003 0.559654 0.559654 0.559654 0.559654 0.559654 0.559654 0.553984 0.559654 0.559654 0.42 0.559654 0.559654 0.559654 0.559654 0.559654 0.559654 0.552253 0.559654 0.559654 0.436184 0.559654 0.559654 0.559654 0.559654 0.559654 0.559654 0.552841 0.559654 0.559654 0.420039 0.559654 0.559654 0.559654 0.559654 0.559654 0.559654 0.420711 0.559654 0.559654 0.420172 0.559654 0.559654 0.559654 0.559654 0.559654 0.559654 0.427889 0.559654 0.559654 0.42 0.559654 0.559654 0.559654 0.559654 0.559654 0.559654 0.559081 0.559654 0.559654 0.554259 0.559654 0.559654 0.559654 0.559654 0.559654 0.559654 0.42 0.559654 0.559654 0.420001 0.559654 0.559654 0.559654 0.559654 0.559654 0.559654 0.559654 0.559654 0.559654 0.559654 0.559654 0.559654 0.559654 0.559654 0.559654 0.559654 0.559654 0.559654 0.559654 0.559654 0.559654 0.559654 0.559654 0.559654 0.559654 0.559654 0.559654 0.559654 0.559654 0.559654 0.559654 0.559654 0.559654 0.559654 0.559654 0.559654 0.559654 0.559654 0.559654 0.559654 0.559654 0.559654 0.559654 0.559654 0.559654 0.559654 0.559654 0.559654 0.559654 0.559654 0.559654 0.559654 0.559654 0.559654 0.559654 0.559654 0.559654 0.559654 0.559654 0.559654 0.559654 0.559654 0.559654 0.559654 0.559654 0.559654 0.559654 0.559654 0.559654 0.559654 0.559654 0.559654 0.559654 0.559654 0.559654 0.559654 0.559654 0.559654 0.559654 0.559654 0.559654 0.559654 0.559654 0.559654 0.559654 0.559654 0.559654 0.559654 0.559654 0.559654 0.559654 0.559654 0.559654 0.559654 0.559654 0.559654 0.559654 0.559654 0.559654 0.559654 0.559654 0.559654 0.559654 0.559654 0.559654 0.559654 0.559654 0.559654 0.559654 0.559654 0.559654 0.559654 0.42 0.559654 0.559654 0.559654 0.559654 0.559654 0.559654 0.559654 0.559654 0.559654 0.540197 0.559654 0.559654 0.559654 0.559654 0.559654 0.559654 0.559654 0.559654 0.559654 0.42 0.559654 0.559654 0.559654 0.559654 0.559654 0.559654 0.559654 0.559654 0.559654 0.42 0.559654 0.559654 0.559654 0.559654 0.559654 0.559654 0.559654 0.559654 0.559654 0.55431 0.559654 0.559654 0.559654 0.559654 0.559654 0.559654 0.559654 0.559654 0.559654 0.452608 0.559654 0.559654 0.559654 0.559654 0.559654 0.559654 0.559654 0.559654 0.559654 0.42 0.559654 0.559654 0.559654 0.559654 0.559654 0.559654 0.559654 0.559654 0.559654 0.442683 0.559654 0.559654 0.559654 0.559654 0.559654 0.559654 0.559654 0.559654 0.559654 0.559492 0.559654 0.559654 0.559654 0.559654 0.559654 0.559654 0.559654 0.559654 0.559654 0.558557 0.559654 0.559654 0.559654 0.475585 0.559654 0.559654 0.466637 0.559654 0.559654 0.559654 0.559654 0.559654 0.559654 0.42 0.559654 0.559654 0.420044 0.559654 0.559654 0.559654 0.559654 0.559654 0.559654 0.434009 0.559654 0.559654 0.521664 0.559654 0.559654 0.559654 0.559654 0.559654 0.559654 0.420959 0.559654 0.559654 0.478211 0.559654 0.559654 0.559654 0.559654 0.559654 0.559654 0.42 0.559654 0.559654 0.517583 0.559654 0.559654 0.559654 0.559654 0.559654 0.559654 0.556845 0.559654 0.559654 0.553126 0.559654 0.559654 0.559654 0.559654 0.559654 0.559654 0.42 0.559654 0.559654 0.420056 0.559654 0.559654 0.559654 0.559654 0.559654 0.559654 0.42 0.559654 0.559654 0.42 0.559654 0.559654 0.559654 0.559654 0.559654 0.559654 0.529558 0.559654 0.559654 0.497107 0.559654 0.559654 0.559654 0.559654 0.559654 0.559654 0.42 0.559654 0.559654 0.420017 0.559654 0.559654 0.559654 0.559654 0.559654 0.559654 0.559654 0.559654 0.559654 0.559654 0.559654 0.559654 0.559654 0.559654 0.559654 0.559654 0.559654 0.559654 0.559654 0.559654 0.559654 0.559654 0.559654 0.559654 0.559654 0.559654 0.559654 0.559654 0.559654 0.559654 0.559654 0.559654 0.559654 0.559654 0.559654 0.559654 0.559654 0.559654 0.559654 0.559654 0.559654 0.559654 0.559654 0.559654 0.559654 0.559654 0.559654 0.559654 0.559654 0.559654 0.559654 0.559654 0.559654 0.559654 0.559654 0.559654 0.559654 0.559654 0.559654 0.559654 0.559654 0.559654 0.559654 0.559654 0.559654 0.559654 0.559654 0.559654 0.559654 0.559654 0.559654 0.559654 0.559654 0.559654 0.559654 0.559654 0.559654 0.559654 0.559654 0.559654 0.559654 0.559654 0.559654 0.559654 0.559654 0.559654 0.559654 0.559654 0.559654 0.559654 0.559654 0.559654 0.559654 0.559654 0.559654 0.559654 0.559654 0.559654 0.559654 0.559654 0.559654 0.559654 0.559654 0.559654 0.559654 0.559654 0.559654 0.559654 0.559654 0.559654 0.559654 0.559654 0.420018 0.559654 0.559654 0.559654 0.559654 0.559654 0.559654 0.559654 0.559654 0.559654 0.42 0.559654 0.559654 0.559654 0.559654 0.559654 0.559654 0.559654 0.559654 0.559654 0.42 0.559654 0.559654 0.559654 0.559654 0.559654 0.559654 0.559654 0.559654 0.559654 0.420067 0.559654 0.559654 0.559654 0.559654 0.559654 0.559654 0.559654 0.559654 0.559654 0.532192 0.559654 0.559654 0.559654 0.559654 0.559654 0.559654 0.559654 0.559654 0.559654 0.559242 0.559654 0.559654 0.559654 0.559654 0.559654 0.559654 0.559654 0.559654 0.559654 0.421691 0.559654 0.559654 0.559654 0.559654 0.559654 0.559654 0.559654 0.559654 0.559654 0.52001 0.559654 0.559654 0.559654 0.559654 0.559654 0.559654 0.559654 0.559654 0.559654 0.42 0.559654 0.559654 0.559654 0.559654 0.559654 0.559654 0.559654 0.559654 0.559654 0.42043 0.559654 0.559654 0.559654 0.42 0.559654 0.559654 0.421841 0.559654 0.559654 0.559654 0.559654 0.559654 0.559654 0.428494 0.559654 0.559654 0.420051 0.559654 0.559654 0.559654 0.559654 0.559654 0.559654 0.54887 0.559654 0.559654 0.529105 0.559654 0.559654 0.559654 0.559654 0.559654 0.559654 0.535414 0.559654 0.559654 0.557578 0.559654 0.559654 0.559654 0.559654 0.559654 0.559654 0.49443 0.559654 0.559654 0.420001 0.559654 0.559654 0.559654 0.559654 0.559654 0.559654 0.42 0.559654 0.559654 0.425213 0.559654 0.559654 0.559654 0.559654 0.559654 0.559654 0.420501 0.559654 0.559654 0.42 0.559654 0.559654 0.559654 0.559654 0.559654 0.559654 0.55897 0.559654 0.559654 0.420123 0.559654 0.559654 0.559654 0.559654 0.559654 0.559654 0.42 0.559654 0.559654 0.42 0.559654 0.559654 0.559654 0.559654 0.559654 0.559654 0.42 0.559654 0.559654 0.523843 0.559654 0.559654 0.559654 0.559654 0.559654 0.559654 0.559654 0.559654 0.559654 0.559654 0.559654 0.559654 0.559654 0.559654 0.559654 0.559654 0.559654 0.559654 0.559654 0.559654 0.559654 0.559654 0.559654 0.559654 0.559654 0.559654 0.559654 0.559654 0.559654 0.559654 0.559654 0.559654 0.559654 0.559654 0.559654 0.559654 0.559654 0.559654 0.559654 0.559654 0.559654 0.559654 0.559654 0.559654 0.559654 0.559654 0.559654 0.559654 0.559654 0.559654 0.559654 0.559654 0.559654 0.559654 0.559654 0.559654 0.559654 0.559654 0.559654 0.559654 0.559654 0.559654 0.559654 0.559654 0.559654 0.559654 0.559654 0.559654 0.559654 0.559654 0.559654 0.559654 0.559654 0.559654 0.559654 0.559654 0.559654 0.559654 0.559654 0.559654 0.559654 0.559654 0.559654 0.559654 0.559654 0.559654 0.559654 0.559654 0.559654 0.559654 0.559654 0.559654 0.559654 0.559654 0.559654 0.559654 0.559654 0.559654 0.559654 0.559654 0.559654 0.559654 0.559654 0.559654 0.559654 0.559654 0.559654 0.559654 0.559654 0.559654 0.559654 0.559654 0.542079 0.559654 0.559654 0.559654 0.559654 0.559654 0.559654 0.559654 0.559654 0.559654 0.535787 0.559654 0.559654 0.559654 0.559654 0.559654 0.559654 0.559654 0.559654 0.559654 0.42 0.559654 0.559654 0.559654 0.559654 0.559654 0.559654 0.559654 0.559654 0.559654 0.423713 0.559654 0.559654 0.559654 0.559654 0.559654 0.559654 0.559654 0.559654 0.559654 0.530217 0.559654 0.559654 0.559654 0.559654 0.559654 0.559654 0.559654 0.559654 0.559654 0.550789 0.559654 0.559654 0.559654 0.559654 0.559654 0.559654 0.559654 0.559654 0.559654 0.497024 0.559654 0.559654 0.559654 0.559654 0.559654 0.559654 0.559654 0.559654 0.559654 0.55422 0.559654 0.559654 0.559654 0.559654 0.559654 0.559654 0.559654 0.559654 0.559654 0.42 0.559654 0.559654 0.559654 0.559654 0.559654 0.559654 0.559654 0.559654 0.559654 0.554613 0.559654 0.559654 0.559654 0.559654 0.559654 0.559654 0.559654 0.559654 0.559654 0.427347 0.559654 0.559654 0.559654 0.559654 0.559654 0.559654 0.559654 0.559654 0.559654 0.42 0.559654 0.559654 0.559654 0.559654 0.559654 0.559654 0.559654 0.559654 0.559654 0.420001 0.559654 0.559654 0.559654 0.559654 0.559654 0.559654 0.559654 0.559654 0.559654 0.42 0.559654 0.559654 0.559654 0.559654 0.559654 0.559654 0.559654 0.559654 0.559654 0.42 0.559654 0.559654 0.559654 0.559654 0.559654 0.559654 0.559654 0.559654 0.559654 0.52998 0.559654 0.559654 0.559654 0.559654 0.559654 0.559654 0.559654 0.559654 0.559654 0.479284 0.559654 0.559654 0.559654 0.559654 0.559654 0.559654 0.559654 0.559654 0.559654 0.42 0.559654 0.559654 0.559654 0.559654 0.559654 0.559654 0.559654 0.559654 0.559654 0.420001 0.559654 0.559654 0.559654 0.559654 0.559654 0.559654 0.559654 0.559654 0.559654 0.420124 0.559654 0.559654 0.559654 0.42 0.559654 0.559654 0.441074 0.559654 0.559654 0.559654 0.559654 0.559654 0.559654 0.425782 0.559654 0.559654 0.4214 0.559654 0.559654 0.559654 0.559654 0.559654 0.559654 0.420003 0.559654 0.559654 0.420005 0.559654 0.559654 0.559654 0.559654 0.559654 0.559654 0.42 0.559654 0.559654 0.42 0.559654 0.559654 0.559654 0.559654 0.559654 0.559654 0.420294 0.559654 0.559654 0.427761 0.559654 0.559654 0.559654 0.559654 0.559654 0.559654 0.42 0.559654 0.559654 0.42 0.559654 0.559654 0.559654 0.559654 0.559654 0.559654 0.42 0.559654 0.559654 0.42 0.559654 0.559654 0.559654 0.559654 0.559654 0.559654 0.42 0.559654 0.559654 0.42 0.559654 0.559654 0.559654 0.559654 0.559654 0.559654 0.55806 0.559654 0.559654 0.420404 0.559654 0.559654 0.559654 0.559654 0.559654 0.559654 0.420024 0.559654 0.559654 0.420238 0.559654 0.559654 0.559654 0.559654 0.559654 0.559654 0.559654 0.559654 0.559654 0.559654 0.559654 0.559654 0.559654 0.559654 0.559654 0.559654 0.559654 0.559654 0.559654 0.559654 0.559654 0.559654 0.559654 0.559654 0.559654 0.559654 0.559654 0.559654 0.559654 0.559654 0.559654 0.559654 0.559654 0.559654 0.559654 0.559654 0.559654 0.559654 0.559654 0.559654 0.559654 0.559654 0.559654 0.559654 0.559654 0.559654 0.559654 0.559654 0.559654 0.559654 0.559654 0.559654 0.559654 0.559654 0.559654 0.559654 0.559654 0.559654 0.559654 0.559654 0.559654 0.559654 0.559654 0.559654 0.559654 0.559654 0.559654 0.559654 0.559654 0.559654 0.559654 0.559654 0.559654 0.559654 0.559654 0.559654 0.559654 0.559654 0.559654 0.559654 0.559654 0.559654 0.559654 0.559654 0.559654 0.559654 0.559654 0.559654 0.559654 0.559654 0.559654 0.559654 0.559654 0.559654 0.559654 0.559654 0.559654 0.559654 0.559654 0.559654 0.559654 0.559654 0.559654 0.559654 0.559654 0.559654 0.559654 0.559654 0.559654 0.559654 0.559654 0.559654 0.42 0.559654 0.559654 0.559654 0.559654 0.559654 0.559654 0.559654 0.559654 0.559654 0.541892 0.559654 0.559654 0.559654 0.559654 0.559654 0.559654 0.559654 0.559654 0.559654 0.42 0.559654 0.559654 0.559654 0.559654 0.559654 0.559654 0.559654 0.559654 0.559654 0.548046 0.559654 0.559654 0.559654 0.559654 0.559654 0.559654 0.559654 0.559654 0.559654 0.420005 0.559654 0.559654 0.559654 0.559654 0.559654 0.559654 0.559654 0.559654 0.559654 0.42 0.559654 0.559654 0.559654 0.559654 0.559654 0.559654 0.559654 0.559654 0.559654 0.443299 0.559654 0.559654 0.559654 0.559654 0.559654 0.559654 0.559654 0.559654 0.559654 0.549838 0.559654 0.559654 0.559654 0.559654 0.559654 0.559654 0.559654 0.559654 0.559654 0.431486 0.559654 0.559654 0.559654 0.559654 0.559654 0.559654 0.559654 0.559654 0.559654 0.42119 0.559654 0.559654 0.559654 0.42 0.559654 0.559654 0.549646 0.559654 0.559654 0.559654 0.559654 0.559654 0.559654 0.425893 0.559654 0.559654 0.559283 0.559654 0.559654 0.559654 0.559654 0.559654 0.559654 0.420069 0.559654 0.559654 0.42 0.559654 0.559654 0.559654 0.559654 0.559654 0.559654 0.42 0.559654 0.559654 0.42 0.559654 0.559654 0.559654 0.559654 0.559654 0.559654 0.42 0.559654 0.559654 0.420004 0.559654 0.559654 0.559654 0.559654 0.559654 0.559654 0.42 0.559654 0.559654 0.42 0.559654 0.559654 0.559654 0.559654 0.559654 0.559654 0.42 0.559654 0.559654 0.530392 0.559654 0.559654 0.559654 0.559654 0.559654 0.559654 0.42 0.559654 0.559654 0.498322 0.559654 0.559654 0.559654 0.559654 0.559654 0.559654 0.556267 0.559654 0.559654 0.42 0.559654 0.559654 0.559654 0.559654 0.559654 0.559654 0.557774 0.559654 0.559654 0.42 0.559654 0.559654 0.559654 0.559654 0.559654 0.559654 0.559654 0.559654 0.559654 0.559654 0.559654 0.559654 0.559654 0.559654 0.559654 0.559654 0.559654 0.559654 0.559654 0.559654 0.559654 0.559654 0.559654 0.559654 0.559654 0.559654 0.559654 0.559654 0.559654 0.559654 0.559654 0.559654 0.559654 0.559654 0.559654 0.559654 0.559654 0.559654 0.559654 0.559654 0.559654 0.559654 0.559654 0.559654 0.559654 0.559654 0.559654 0.559654 0.559654 0.559654 0.559654 0.559654 0.559654 0.559654 0.559654 0.559654 0.559654 0.559654 0.559654 0.559654 0.559654 0.559654 0.559654 0.559654 0.559654 0.559654 0.559654 0.559654 0.559654 0.559654 0.559654 0.559654 0.559654 0.559654 0.559654 0.559654 0.559654 0.559654 0.559654 0.559654 0.559654 0.559654 0.559654 0.559654 0.559654 0.559654 0.559654 0.559654 0.559654 0.559654 0.559654 0.559654 0.559654 0.559654 0.559654 0.559654 0.559654 0.559654 0.559654 0.559654 0.559654 0.559654 0.559654 0.559654 0.559654 0.559654 0.559654 0.559654 0.559654 0.559654 0.559654 0.559654 0.42 0.559654 0.559654 0.559654 0.559654 0.559654 0.559654 0.559654 0.559654 0.559654 0.559054 0.559654 0.559654 0.559654 0.559654 0.559654 0.559654 0.559654 0.559654 0.559654 0.420007 0.559654 0.559654 0.559654 0.559654 0.559654 0.559654 0.559654 0.559654 0.559654 0.42 0.559654 0.559654 0.559654 0.559654 0.559654 0.559654 0.559654 0.559654 0.559654 0.550028 0.559654 0.559654 0.559654 0.559654 0.559654 0.559654 0.559654 0.559654 0.559654 0.42 0.559654 0.559654 0.559654 0.559654 0.559654 0.559654 0.559654 0.559654 0.559654 0.42 0.559654 0.559654 0.559654 0.559654 0.559654 0.559654 0.559654 0.559654 0.559654 0.541107 0.559654 0.559654 0.559654 0.559654 0.559654 0.559654 0.559654 0.559654 0.559654 0.42 0.559654 0.559654 0.559654 0.559654 0.559654 0.559654 0.559654 0.559654 0.559654 0.420055 0.559654 0.559654 0.559654 0.42 0.559654 0.559654 0.42085 0.559654 0.559654 0.559654 0.559654 0.559654 0.559654 0.420026 0.559654 0.559654 0.420003 0.559654 0.559654 0.559654 0.559654 0.559654 0.559654 0.42 0.559654 0.559654 0.42 0.559654 0.559654 0.559654 0.559654 0.559654 0.559654 0.493235 0.559654 0.559654 0.42 0.559654 0.559654 0.559654 0.559654 0.559654 0.559654 0.557698 0.559654 0.559654 0.428492 0.559654 0.559654 0.559654 0.559654 0.559654 0.559654 0.42295 0.559654 0.559654 0.42 0.559654 0.559654 0.559654 0.559654 0.559654 0.559654 0.559144 0.559654 0.559654 0.55133 0.559654 0.559654 0.559654 0.559654 0.559654 0.559654 0.420001 0.559654 0.559654 0.541276 0.559654 0.559654 0.559654 0.559654 0.559654 0.559654 0.541918 0.559654 0.559654 0.513396 0.559654 0.559654 0.559654 0.559654 0.559654 0.559654 0.42 0.559654 0.559654 0.557175 0.559654 0.559654 0.559654 0.559654 0.559654 0.559654 0.559654 0.559654 0.559654 0.559654 0.559654 0.559654 0.559654 0.559654 0.559654 0.559654 0.559654 0.559654 0.559654 0.559654 0.559654 0.559654 0.559654 0.559654 0.559654 0.559654 0.559654 0.559654 0.559654 0.559654 0.559654 0.559654 0.559654 0.559654 0.559654 0.559654 0.559654 0.559654 0.559654 0.559654 0.559654 0.559654 0.559654 0.559654 0.559654 0.559654 0.559654 0.559654 0.559654 0.559654 0.559654 0.559654 0.559654 0.559654 0.559654 0.559654 0.559654 0.559654 0.559654 0.559654 0.559654 0.559654 0.559654 0.559654 0.559654 0.559654 0.559654 0.559654 0.559654 0.559654 0.559654 0.559654 0.559654 0.559654 0.559654 0.559654 0.559654 0.559654 0.559654 0.559654 0.559654 0.559654 0.559654 0.559654 0.559654 0.559654 0.559654 0.559654 0.559654 0.559654 0.559654 0.559654 0.559654 0.559654 0.559654 0.559654 0.559654 0.559654 0.559654 0.559654 0.559654 0.559654 0.559654 0.559654 0.559654 0.559654 0.559654 0.559654 0.559654 0.559654 0.559654 0.559654 0.555648 0.559654 0.559654 0.559654 0.559654 0.559654 0.559654 0.559654 0.559654 0.559654 0.549496 0.559654 0.559654 0.559654 0.559654 0.559654 0.559654 0.559654 0.559654 0.559654 0.421322 0.559654 0.559654 0.559654 0.559654 0.559654 0.559654 0.559654 0.559654 0.559654 0.42 0.559654 0.559654 0.559654 0.559654 0.559654 0.559654 0.559654 0.559654 0.559654 0.420084 0.559654 0.559654 0.559654 0.559654 0.559654 0.559654 0.559654 0.559654 0.559654 0.42 0.559654 0.559654 0.559654 0.559654 0.559654 0.559654 0.559654 0.559654 0.559654 0.550556 0.559654 0.559654 0.559654 0.559654 0.559654 0.559654 0.559654 0.559654 0.559654 0.549093 0.559654 0.559654 0.559654 0.559654 0.559654 0.559654 0.559654 0.559654 0.559654 0.42 0.559654 0.559654 0.559654 0.559654 0.559654 0.559654 0.559654 0.559654 0.559654 0.420209 0.559654 0.559654 0.559654 0.559654 0.559654 0.559654 0.559654 0.559654 0.559654 0.420001 0.559654 0.559654 0.559654 0.559654 0.559654 0.559654 0.559654 0.559654 0.559654 0.533464 0.559654 0.559654 0.559654 0.559654 0.559654 0.559654 0.559654 0.559654 0.559654 0.536129 0.559654 0.559654 0.559654 0.559654 0.559654 0.559654 0.559654 0.559654 0.559654 0.420005 0.559654 0.559654 0.559654 0.559654 0.559654 0.559654 0.559654 0.559654 0.559654 0.443964 0.559654 0.559654 0.559654 0.559654 0.559654 0.559654 0.559654 0.559654 0.559654 0.559121 0.559654 0.559654 0.559654 0.559654 0.559654 0.559654 0.559654 0.559654 0.559654 0.42 0.559654 0.559654 0.559654 0.559654 0.559654 0.559654 0.559654 0.559654 0.559654 0.420011 0.559654 0.559654 0.559654 0.559654 0.559654 0.559654 0.559654 0.559654 0.559654 0.420001 0.559654 0.559654 0.559654 0.559654 0.559654 0.559654 0.559654 0.559654 0.559654 0.42012 0.559654 0.559654 0.559654 0.421997 0.559654 0.559654 0.552097 0.559654 0.559654 0.559654 0.559654 0.559654 0.559654 0.559034 0.559654 0.559654 0.42 0.559654 0.559654 0.559654 0.559654 0.559654 0.559654 0.421085 0.559654 0.559654 0.473943 0.559654 0.559654 0.559654 0.559654 0.559654 0.559654 0.422273 0.559654 0.559654 0.42 0.559654 0.559654 0.559654 0.559654 0.559654 0.559654 0.517022 0.559654 0.559654 0.420012 0.559654 0.559654 0.559654 0.559654 0.559654 0.559654 0.420001 0.559654 0.559654 0.42 0.559654 0.559654 0.559654 0.559654 0.559654 0.559654 0.420002 0.559654 0.559654 0.427936 0.559654 0.559654 0.559654 0.559654 0.559654 0.559654 0.420834 0.559654 0.559654 0.552312 0.559654 0.559654 0.559654 0.559654 0.559654 0.559654 0.42 0.559654 0.559654 0.540739 0.559654 0.559654 0.559654 0.559654 0.559654 0.559654 0.420014 0.559654 0.559654 0.42168 0.559654 0.559654 0.559654 0.559654 0.559654 0.559654 0.559654 0.559654 0.559654 0.559654 0.559654 0.559654 0.559654 0.559654 0.559654 0.559654 0.559654 0.559654 0.559654 0.559654 0.559654 0.559654 0.559654 0.559654 0.559654 0.559654 0.559654 0.559654 0.559654 0.559654 0.559654 0.559654 0.559654 0.559654 0.559654 0.559654 0.559654 0.559654 0.559654 0.559654 0.559654 0.559654 0.559654 0.559654 0.559654 0.559654 0.559654 0.559654 0.559654 0.559654 0.559654 0.559654 0.559654 0.559654 0.559654 0.559654 0.559654 0.559654 0.559654 0.559654 0.559654 0.559654 0.559654 0.559654 0.559654 0.559654 0.559654 0.559654 0.559654 0.559654 0.559654 0.559654 0.559654 0.559654 0.559654 0.559654 0.559654 0.559654 0.559654 0.559654 0.559654 0.559654 0.559654 0.559654 0.559654 0.559654 0.559654 0.559654 0.559654 0.559654 0.559654 0.559654 0.559654 0.559654 0.559654 0.559654 0.559654 0.559654 0.559654 0.559654 0.559654 0.559654 0.559654 0.559654 0.559654 0.559654 0.559654 0.559654 0.559654 0.559654 0.559654 0.559654 0.420072 0.559654 0.559654 0.559654 0.559654 0.559654 0.559654 0.559654 0.559654 0.559654 0.548223 0.559654 0.559654 0.559654 0.559654 0.559654 0.559654 0.559654 0.559654 0.559654 0.440668 0.559654 0.559654 0.559654 0.559654 0.559654 0.559654 0.559654 0.559654 0.559654 0.420147 0.559654 0.559654 0.559654 0.559654 0.559654 0.559654 0.559654 0.559654 0.559654 0.473013 0.559654 0.559654 0.559654 0.559654 0.559654 0.559654 0.559654 0.559654 0.559654 0.558844 0.559654 0.559654 0.559654 0.559654 0.559654 0.559654 0.559654 0.559654 0.559654 0.42 0.559654 0.559654 0.559654 0.559654 0.559654 0.559654 0.559654 0.559654 0.559654 0.559176 0.559654 0.559654 0.559654 0.559654 0.559654 0.559654 0.559654 0.559654 0.559654 0.420001 0.559654 0.559654 0.559654 0.559654 0.559654 0.559654 0.559654 0.559654 0.559654 0.42 0.559654 0.559654 0.559654 0.42 0.559654 0.559654 0.559478 0.559654 0.559654 0.559654 0.559654 0.559654 0.559654 0.426855 0.559654 0.559654 0.420322 0.559654 0.559654 0.559654 0.559654 0.559654 0.559654 0.423006 0.559654 0.559654 0.42 0.559654 0.559654 0.559654 0.559654 0.559654 0.559654 0.42 0.559654 0.559654 0.478175 0.559654 0.559654 0.559654 0.559654 0.559654 0.559654 0.543997 0.559654 0.559654 0.557316 0.559654 0.559654 0.559654 0.559654 0.559654 0.559654 0.554858 0.559654 0.559654 0.42 0.559654 0.559654 0.559654 0.559654 0.559654 0.559654 0.42 0.559654 0.559654 0.42 0.559654 0.559654 0.559654 0.559654 0.559654 0.559654 0.42 0.559654 0.559654 0.426232 0.559654 0.559654 0.559654 0.559654 0.559654 0.559654 0.42 0.559654 0.559654 0.42 0.559654 0.559654 0.559654 0.559654 0.559654 0.559654 0.51127 0.559654 0.559654 0.42033 0.559654 0.559654 0.559654 0.559654 0.559654 0.559654 0.559654 0.559654 0.559654 0.559654 0.559654 0.559654 0.559654 0.559654 0.559654 0.559654 0.559654 0.559654 0.559654 0.559654 0.559654 0.559654 0.559654 0.559654 0.559654 0.559654 0.559654 0.559654 0.559654 0.559654 0.559654 0.559654 0.559654 0.559654 0.559654 0.559654 0.559654 0.559654 0.559654 0.559654 0.559654 0.559654 0.559654 0.559654 0.559654 0.559654 0.559654 0.559654 0.559654 0.559654 0.559654 0.559654 0.559654 0.559654 0.559654 0.559654 0.559654 0.559654 0.559654 0.559654 0.559654 0.559654 0.559654 0.559654 0.559654 0.559654 0.559654 0.559654 0.559654 0.559654 0.559654 0.559654 0.559654 0.559654 0.559654 0.559654 0.559654 0.559654 0.559654 0.559654 0.559654 0.559654 0.559654 0.559654 0.559654 0.559654 0.559654 0.559654 0.559654 0.559654 0.559654 0.559654 0.559654 0.559654 0.559654 0.559654 0.559654 0.559654 0.559654 0.559654 0.559654 0.559654 0.559654 0.559654 0.559654 0.559654 0.559654 0.559654 0.559654 0.559654 0.559654 0.559654 0.42 0.559654 0.559654 0.559654 0.559654 0.559654 0.559654 0.559654 0.559654 0.559654 0.553047 0.559654 0.559654 0.559654 0.559654 0.559654 0.559654 0.559654 0.559654 0.559654 0.558886 0.559654 0.559654 0.559654 0.559654 0.559654 0.559654 0.559654 0.559654 0.559654 0.420499 0.559654 0.559654 0.559654 0.559654 0.559654 0.559654 0.559654 0.559654 0.559654 0.42 0.559654 0.559654 0.559654 0.559654 0.559654 0.559654 0.559654 0.559654 0.559654 0.42 0.559654 0.559654 0.559654 0.559654 0.559654 0.559654 0.559654 0.559654 0.559654 0.558879 0.559654 0.559654 0.559654 0.559654 0.559654 0.559654 0.559654 0.559654 0.559654 0.42 0.559654 0.559654 0.559654 0.559654 0.559654 0.559654 0.559654 0.559654 0.559654 0.42 0.559654 0.559654 0.559654 0.559654 0.559654 0.559654 0.559654 0.559654 0.559654 0.42 0.559654 0.559654 0.559654 0.522263 0.559654 0.559654 0.559266 0.559654 0.559654 0.559654 0.559654 0.559654 0.559654 0.557659 0.559654 0.559654 0.559493 0.559654 0.559654 0.559654 0.559654 0.559654 0.559654 0.420153 0.559654 0.559654 0.42 0.559654 0.559654 0.559654 0.559654 0.559654 0.559654 0.559512 0.559654 0.559654 0.461211 0.559654 0.559654 0.559654 0.559654 0.559654 0.559654 0.42001 0.559654 0.559654 0.558352 0.559654 0.559654 0.559654 0.559654 0.559654 0.559654 0.42 0.559654 0.559654 0.42 0.559654 0.559654 0.559654 0.559654 0.559654 0.559654 0.555708 0.559654 0.559654 0.557771 0.559654 0.559654 0.559654 0.559654 0.559654 0.559654 0.420202 0.559654 0.559654 0.42 0.559654 0.559654 0.559654 0.559654 0.559654 0.559654 0.429701 0.559654 0.559654 0.42 0.559654 0.559654 0.559654 0.559654 0.559654 0.559654 0.420303 0.559654 0.559654 0.42 0.559654 0.559654 0.559654 0.559654 0.559654 0.559654 0.559654 0.559654 0.559654 0.559654 0.559654 0.559654 0.559654 0.559654 0.559654 0.559654 0.559654 0.559654 0.559654 0.559654 0.559654 0.559654 0.559654 0.559654 0.559654 0.559654 0.559654 0.559654 0.559654 0.559654 0.559654 0.559654 0.559654 0.559654 0.559654 0.559654 0.559654 0.559654 0.559654 0.559654 0.559654 0.559654 0.559654 0.559654 0.559654 0.559654 0.559654 0.559654 0.559654 0.559654 0.559654 0.559654 0.559654 0.559654 0.559654 0.559654 0.559654 0.559654 0.559654 0.559654 0.559654 0.559654 0.559654 0.559654 0.559654 0.559654 0.559654 0.559654 0.559654 0.559654 0.559654 0.559654 0.559654 0.559654 0.559654 0.559654 0.559654 0.559654 0.559654 0.559654 0.559654 0.559654 0.559654 0.559654 0.559654 0.559654 0.559654 0.559654 0.559654 0.559654 0.559654 0.559654 0.559654 0.559654 0.559654 0.559654 0.559654 0.559654 0.559654 0.559654 0.559654 0.559654 0.559654 0.559654 0.559654 0.559654 0.559654 0.559654 0.559654 0.559654 0.559654 0.559654 0.521205 0.559654 0.559654 0.559654 0.559654 0.559654 0.559654 0.559654 0.559654 0.559654 0.545602 0.559654 0.559654 0.559654 0.559654 0.559654 0.559654 0.559654 0.559654 0.559654 0.420001 0.559654 0.559654 0.559654 0.559654 0.559654 0.559654 0.559654 0.559654 0.559654 0.420403 0.559654 0.559654 0.559654 0.559654 0.559654 0.559654 0.559654 0.559654 0.559654 0.420002 0.559654 0.559654 0.559654 0.559654 0.559654 0.559654 0.559654 0.559654 0.559654 0.420047 0.559654 0.559654 0.559654 0.559654 0.559654 0.559654 0.559654 0.559654 0.559654 0.52562 0.559654 0.559654 0.559654 0.559654 0.559654 0.559654 0.559654 0.559654 0.559654 0.420001 0.559654 0.559654 0.559654 0.559654 0.559654 0.559654 0.559654 0.559654 0.559654 0.42 0.559654 0.559654 0.559654 0.559654 0.559654 0.559654 0.559654 0.559654 0.559654 0.432736 0.559654 0.559654 0.559654 0.559654 0.559654 0.559654 0.559654 0.559654 0.559654 0.42 0.559654 0.559654 0.559654 0.559654 0.559654 0.559654 0.559654 0.559654 0.559654 0.421909 0.559654 0.559654 0.559654 0.559654 0.559654 0.559654 0.559654 0.559654 0.559654 0.42 0.559654 0.559654 0.559654 0.559654 0.559654 0.559654 0.559654 0.559654 0.559654 0.42 0.559654 0.559654 0.559654 0.559654 0.559654 0.559654 0.559654 0.559654 0.559654 0.420002 0.559654 0.559654 0.559654 0.559654 0.559654 0.559654 0.559654 0.559654 0.559654 0.528437 0.559654 0.559654 0.559654 0.559654 0.559654 0.559654 0.559654 0.559654 0.559654 0.42 0.559654 0.559654 0.559654 0.559654 0.559654 0.559654 0.559654 0.559654 0.559654 0.42 0.559654 0.559654 0.559654 0.559654 0.559654 0.559654 0.559654 0.559654 0.559654 0.420005 0.559654 0.559654 0.559654 0.559654 0.559654 0.559654 0.559654 0.559654 0.559654 0.47221 0.559654 0.559654 0.559654 0.472837 0.559654 0.559654 0.420466 0.559654 0.559654 0.559654 0.559654 0.559654 0.559654 0.42003 0.559654 0.559654 0.461654 0.559654 0.559654 0.559654 0.559654 0.559654 0.559654 0.420002 0.559654 0.559654 0.559146 0.559654 0.559654 0.559654 0.559654 0.559654 0.559654 0.555559 0.559654 0.559654 0.524802 0.559654 0.559654 0.559654 0.559654 0.559654 0.559654 0.420001 0.559654 0.559654 0.558426 0.559654 0.559654 0.559654 0.559654 0.559654 0.559654 0.558646 0.559654 0.559654 0.557985 0.559654 0.559654 0.559654 0.559654 0.559654 0.559654 0.421019 0.559654 0.559654 0.435047 0.559654 0.559654 0.559654 0.559654 0.559654 0.559654 0.42 0.559654 0.559654 0.420085 0.559654 0.559654 0.559654 0.559654 0.559654 0.559654 0.555492 0.559654 0.559654 0.516526 0.559654 0.559654 0.559654 0.559654 0.559654 0.559654 0.555272 0.559654 0.559654 0.455068 0.559654 0.559654 0.559654 0.559654 0.559654 0.559654 0.559654 0.559654 0.559654 0.559654 0.559654 0.559654 0.559654 0.559654 0.559654 0.559654 0.559654 0.559654 0.559654 0.559654 0.559654 0.559654 0.559654 0.559654 0.559654 0.559654 0.559654 0.559654 0.559654 0.559654 0.559654 0.559654 0.559654 0.559654 0.559654 0.559654 0.559654 0.559654 0.559654 0.559654 0.559654 0.559654 0.559654 0.559654 0.559654 0.559654 0.559654 0.559654 0.559654 0.559654 0.559654 0.559654 0.559654 0.559654 0.559654 0.559654 0.559654 0.559654 0.559654 0.559654 0.559654 0.559654 0.559654 0.559654 0.559654 0.559654 0.559654 0.559654 0.559654 0.559654 0.559654 0.559654 0.559654 0.559654 0.559654 0.559654 0.559654 0.559654 0.559654 0.559654 0.559654 0.559654 0.559654 0.559654 0.559654 0.559654 0.559654 0.559654 0.559654 0.559654 0.559654 0.559654 0.559654 0.559654 0.559654 0.559654 0.559654 0.559654 0.559654 0.559654 0.559654 0.559654 0.559654 0.559654 0.559654 0.559654 0.559654 0.559654 0.559654 0.559654 0.559654 0.559654 0.44249 0.559654 0.559654 0.559654 0.559654 0.559654 0.559654 0.559654 0.559654 0.559654 0.432038 0.559654 0.559654 0.559654 0.559654 0.559654 0.559654 0.559654 0.559654 0.559654 0.42 0.559654 0.559654 0.559654 0.559654 0.559654 0.559654 0.559654 0.559654 0.559654 0.42 0.559654 0.559654 0.559654 0.559654 0.559654 0.559654 0.559654 0.559654 0.559654 0.420004 0.559654 0.559654 0.559654 0.559654 0.559654 0.559654 0.559654 0.559654 0.559654 0.42 0.559654 0.559654 0.559654 0.559654 0.559654 0.559654 0.559654 0.559654 0.559654 0.557109 0.559654 0.559654 0.559654 0.559654 0.559654 0.559654 0.559654 0.559654 0.559654 0.468342 0.559654 0.559654 0.559654 0.559654 0.559654 0.559654 0.559654 0.559654 0.559654 0.42 0.559654 0.559654 0.559654 0.559654 0.559654 0.559654 0.559654 0.559654 0.559654 0.559121 0.559654 0.559654 0.559654 0.445747 0.559654 0.559654 0.420304 0.559654 0.559654 0.559654 0.559654 0.559654 0.559654 0.541067 0.559654 0.559654 0.553941 0.559654 0.559654 0.559654 0.559654 0.559654 0.559654 0.42001 0.559654 0.559654 0.420154 0.559654 0.559654 0.559654 0.559654 0.559654 0.559654 0.486151 0.559654 0.559654 0.55649 0.559654 0.559654 0.559654 0.559654 0.559654 0.559654 0.42 0.559654 0.559654 0.420001 0.559654 0.559654 0.559654 0.559654 0.559654 0.559654 0.42 0.559654 0.559654 0.42 0.559654 0.559654 0.559654 0.559654 0.559654 0.559654 0.420001 0.559654 0.559654 0.42 0.559654 0.559654 0.559654 0.559654 0.559654 0.559654 0.420837 0.559654 0.559654 0.42 0.559654 0.559654 0.559654 0.559654 0.559654 0.559654 0.42 0.559654 0.559654 0.558741 0.559654 0.559654 0.559654 0.559654 0.559654 0.559654 0.42 0.559654 0.559654 0.516403 0.559654 0.559654 0.559654 0.559654 0.559654 0.559654 0.559654 0.559654 0.559654 0.559654 0.559654 0.559654 0.559654 0.559654 0.559654 0.559654 0.559654 0.559654 0.559654 0.559654 0.559654 0.559654 0.559654 0.559654 0.559654 0.559654 0.559654 0.559654 0.559654 0.559654 0.559654 0.559654 0.559654 0.559654 0.559654 0.559654 0.559654 0.559654 0.559654 0.559654 0.559654 0.559654 0.559654 0.559654 0.559654 0.559654 0.559654 0.559654 0.559654 0.559654 0.559654 0.559654 0.559654 0.559654 0.559654 0.559654 0.559654 0.559654 0.559654 0.559654 0.559654 0.559654 0.559654 0.559654 0.559654 0.559654 0.559654 0.559654 0.559654 0.559654 0.559654 0.559654 0.559654 0.559654 0.559654 0.559654 0.559654 0.559654 0.559654 0.559654 0.559654 0.559654 0.559654 0.559654 0.559654 0.559654 0.559654 0.559654 0.559654 0.559654 0.559654 0.559654 0.559654 0.559654 0.559654 0.559654 0.559654 0.559654 0.559654 0.559654 0.559654 0.559654 0.559654 0.559654 0.559654 0.559654 0.559654 0.559654 0.559654 0.559654 0.559654 0.559654 0.42 0.559654 0.559654 0.559654 0.559654 0.559654 0.559654 0.559654 0.559654 0.559654 0.51693 0.559654 0.559654 0.559654 0.559654 0.559654 0.559654 0.559654 0.559654 0.559654 0.551809 0.559654 0.559654 0.559654 0.559654 0.559654 0.559654 0.559654 0.559654 0.559654 0.547258 0.559654 0.559654 0.559654 0.559654 0.559654 0.559654 0.559654 0.559654 0.559654 0.422393 0.559654 0.559654 0.559654 0.559654 0.559654 0.559654 0.559654 0.559654 0.559654 0.559243 0.559654 0.559654 0.559654 0.559654 0.559654 0.559654 0.559654 0.559654 0.559654 0.552396 0.559654 0.559654 0.559654 0.559654 0.559654 0.559654 0.559654 0.559654 0.559654 0.420246 0.559654 0.559654 0.559654 0.559654 0.559654 0.559654 0.559654 0.559654 0.559654 0.558796 0.559654 0.559654 0.559654 0.559654 0.559654 0.559654 0.559654 0.559654 0.559654 0.42 0.559654 0.559654 0.559654 0.42 0.559654 0.559654 0.42 0.559654 0.559654 0.559654 0.559654 0.559654 0.559654 0.420008 0.559654 0.559654 0.42 0.559654 0.559654 0.559654 0.559654 0.559654 0.559654 0.492829 0.559654 0.559654 0.548616 0.559654 0.559654 0.559654 0.559654 0.559654 0.559654 0.557106 0.559654 0.559654 0.559498 0.559654 0.559654 0.559654 0.559654 0.559654 0.559654 0.420002 0.559654 0.559654 0.557862 0.559654 0.559654 0.559654 0.559654 0.559654 0.559654 0.420019 0.559654 0.559654 0.525098 0.559654 0.559654 0.559654 0.559654 0.559654 0.559654 0.42 0.559654 0.559654 0.42 0.559654 0.559654 0.559654 0.559654 0.559654 0.559654 0.42 0.559654 0.559654 0.54884 0.559654 0.559654 0.559654 0.559654 0.559654 0.559654 0.42 0.559654 0.559654 0.42 0.559654 0.559654 0.559654 0.559654 0.559654 0.559654 0.47829 0.559654 0.559654 0.422881 0.559654 0.559654 0.559654 0.559654 0.559654 0.559654 0.559654 0.559654 0.559654 0.559654 0.559654 0.559654 0.559654 0.559654 0.559654 0.559654 0.559654 0.559654 0.559654 0.559654 0.559654 0.559654 0.559654 0.559654 0.559654 0.559654 0.559654 0.559654 0.559654 0.559654 0.559654 0.559654 0.559654 0.559654 0.559654 0.559654 0.559654 0.559654 0.559654 0.559654 0.559654 0.559654 0.559654 0.559654 0.559654 0.559654 0.559654 0.559654 0.559654 0.559654 0.559654 0.559654 0.559654 0.559654 0.559654 0.559654 0.559654 0.559654 0.559654 0.559654 0.559654 0.559654 0.559654 0.559654 0.559654 0.559654 0.559654 0.559654 0.559654 0.559654 0.559654 0.559654 0.559654 0.559654 0.559654 0.559654 0.559654 0.559654 0.559654 0.559654 0.559654 0.559654 0.559654 0.559654 0.559654 0.559654 0.559654 0.559654 0.559654 0.559654 0.559654 0.559654 0.559654 0.559654 0.559654 0.559654 0.559654 0.559654 0.559654 0.559654 0.559654 0.559654 0.559654 0.559654 0.559654 0.559654 0.559654 0.559654 0.559654 0.559654 0.559654 0.559654 0.432113 0.559654 0.559654 0.559654 0.559654 0.559654 0.559654 0.559654 0.559654 0.559654 0.49565 0.559654 0.559654 0.559654 0.559654 0.559654 0.559654 0.559654 0.559654 0.559654 0.42 0.559654 0.559654 0.559654 0.559654 0.559654 0.559654 0.559654 0.559654 0.559654 0.527874 0.559654 0.559654 0.559654 0.559654 0.559654 0.559654 0.559654 0.559654 0.559654 0.42 0.559654 0.559654 0.559654 0.559654 0.559654 0.559654 0.559654 0.559654 0.559654 0.420199 0.559654 0.559654 0.559654 0.559654 0.559654 0.559654 0.559654 0.559654 0.559654 0.483204 0.559654 0.559654 0.559654 0.559654 0.559654 0.559654 0.559654 0.559654 0.559654 0.556814 0.559654 0.559654 0.559654 0.559654 0.559654 0.559654 0.559654 0.559654 0.559654 0.456823 0.559654 0.559654 0.559654 0.559654 0.559654 0.559654 0.559654 0.559654 0.559654 0.420055 0.559654 0.559654 0.559654 0.559654 0.559654 0.559654 0.559654 0.559654 0.559654 0.440078 0.559654 0.559654 0.559654 0.559654 0.559654 0.559654 0.559654 0.559654 0.559654 0.558607 0.559654 0.559654 0.559654 0.559654 0.559654 0.559654 0.559654 0.559654 0.559654 0.447042 0.559654 0.559654 0.559654 0.559654 0.559654 0.559654 0.559654 0.559654 0.559654 0.439454 0.559654 0.559654 0.559654 0.559654 0.559654 0.559654 0.559654 0.559654 0.559654 0.434983 0.559654 0.559654 0.559654 0.559654 0.559654 0.559654 0.559654 0.559654 0.559654 0.420008 0.559654 0.559654 0.559654 0.559654 0.559654 0.559654 0.559654 0.559654 0.559654 0.423795 0.559654 0.559654 0.559654 0.559654 0.559654 0.559654 0.559654 0.559654 0.559654 0.42 0.559654 0.559654 0.559654 0.559654 0.559654 0.559654 0.559654 0.559654 0.559654 0.42 0.559654 0.559654 0.559654 0.559654 0.559654 0.559654 0.559654 0.559654 0.559654 0.420161 0.559654 0.559654 0.559654 0.552431 0.559654 0.559654 0.420015 0.559654 0.559654 0.559654 0.559654 0.559654 0.559654 0.42 0.559654 0.559654 0.420534 0.559654 0.559654 0.559654 0.559654 0.559654 0.559654 0.535572 0.559654 0.559654 0.501909 0.559654 0.559654 0.559654 0.559654 0.559654 0.559654 0.42 0.559654 0.559654 0.500818 0.559654 0.559654 0.559654 0.559654 0.559654 0.559654 0.554678 0.559654 0.559654 0.42 0.559654 0.559654 0.559654 0.559654 0.559654 0.559654 0.420001 0.559654 0.559654 0.426594 0.559654 0.559654 0.559654 0.559654 0.559654 0.559654 0.529499 0.559654 0.559654 0.52602 0.559654 0.559654 0.559654 0.559654 0.559654 0.559654 0.551485 0.559654 0.559654 0.42 0.559654 0.559654 0.559654 0.559654 0.559654 0.559654 0.549465 0.559654 0.559654 0.420359 0.559654 0.559654 0.559654 0.559654 0.559654 0.559654 0.42 0.559654 0.559654 0.441761 0.559654 0.559654 0.559654 0.559654 0.559654 0.559654 0.559654 0.559654 0.559654 0.559654 0.559654 0.559654 0.559654 0.559654 0.559654 0.559654 0.559654 0.559654 0.559654 0.559654 0.559654 0.559654 0.559654 0.559654 0.559654 0.559654 0.559654 0.559654 0.559654 0.559654 0.559654 0.559654 0.559654 0.559654 0.559654 0.559654 0.559654 0.559654 0.559654 0.559654 0.559654 0.559654 0.559654 0.559654 0.559654 0.559654 0.559654 0.559654 0.559654 0.559654 0.559654 0.559654 0.559654 0.559654 0.559654 0.559654 0.559654 0.559654 0.559654 0.559654 0.559654 0.559654 0.559654 0.559654 0.559654 0.559654 0.559654 0.559654 0.559654 0.559654 0.559654 0.559654 0.559654 0.559654 0.559654 0.559654 0.559654 0.559654 0.559654 0.559654 0.559654 0.559654 0.559654 0.559654 0.559654 0.559654 0.559654 0.559654 0.559654 0.559654 0.559654 0.559654 0.559654 0.559654 0.559654 0.559654 0.559654 0.559654 0.559654 0.559654 0.559654 0.559654 0.559654 0.559654 0.559654 0.559654 0.559654 0.559654 0.559654 0.559654 0.559654 0.559654 0.448529 0.559654 0.559654 0.559654 0.559654 0.559654 0.559654 0.559654 0.559654 0.559654 0.420002 0.559654 0.559654 0.559654 0.559654 0.559654 0.559654 0.559654 0.559654 0.559654 0.428445 0.559654 0.559654 0.559654 0.559654 0.559654 0.559654 0.559654 0.559654 0.559654 0.42 0.559654 0.559654 0.559654 0.559654 0.559654 0.559654 0.559654 0.559654 0.559654 0.558881 0.559654 0.559654 0.559654 0.559654 0.559654 0.559654 0.559654 0.559654 0.559654 0.443794 0.559654 0.559654 0.559654 0.559654 0.559654 0.559654 0.559654 0.559654 0.559654 0.559008 0.559654 0.559654 0.559654 0.559654 0.559654 0.559654 0.559654 0.559654 0.559654 0.556897 0.559654 0.559654 0.559654 0.559654 0.559654 0.559654 0.559654 0.559654 0.559654 0.420006 0.559654 0.559654 0.559654 0.559654 0.559654 0.559654 0.559654 0.559654 0.559654 0.558411 0.559654 0.559654 0.559654 0.420015 0.559654 0.559654 0.42 0.559654 0.559654 0.559654 0.559654 0.559654 0.559654 0.42 0.559654 0.559654 0.556489 0.559654 0.559654 0.559654 0.559654 0.559654 0.559654 0.420001 0.559654 0.559654 0.42 0.559654 0.559654 0.559654 0.559654 0.559654 0.559654 0.54999 0.559654 0.559654 0.42 0.559654 0.559654 0.559654 0.559654 0.559654 0.559654 0.420568 0.559654 0.559654 0.42586 0.559654 0.559654 0.559654 0.559654 0.559654 0.559654 0.42 0.559654 0.559654 0.559331 0.559654 0.559654 0.559654 0.559654 0.559654 0.559654 0.442951 0.559654 0.559654 0.4283 0.559654 0.559654 0.559654 0.559654 0.559654 0.559654 0.556089 0.559654 0.559654 0.502365 0.559654 0.559654 0.559654 0.559654 0.559654 0.559654 0.557761 0.559654 0.559654 0.420809 0.559654 0.559654 0.559654 0.559654 0.559654 0.559654 0.420001 0.559654 0.559654 0.452516 0.559654 0.559654 0.559654 0.559654 0.559654 0.559654 0.559654 0.559654 0.559654 0.559654 0.559654 0.559654 0.559654 0.559654 0.559654 0.559654 0.559654 0.559654 0.559654 0.559654 0.559654 0.559654 0.559654 0.559654 0.559654 0.559654 0.559654 0.559654 0.559654 0.559654 0.559654 0.559654 0.559654 0.559654 0.559654 0.559654 0.559654 0.559654 0.559654 0.559654 0.559654 0.559654 0.559654 0.559654 0.559654 0.559654 0.559654 0.559654 0.559654 0.559654 0.559654 0.559654 0.559654 0.559654 0.559654 0.559654 0.559654 0.559654 0.559654 0.559654 0.559654 0.559654 0.559654 0.559654 0.559654 0.559654 0.559654 0.559654 0.559654 0.559654 0.559654 0.559654 0.559654 0.559654 0.559654 0.559654 0.559654 0.559654 0.559654 0.559654 0.559654 0.559654 0.559654 0.559654 0.559654 0.559654 0.559654 0.559654 0.559654 0.559654 0.559654 0.559654 0.559654 0.559654 0.559654 0.559654 0.559654 0.559654 0.559654 0.559654 0.559654 0.559654 0.559654 0.559654 0.559654 0.559654 0.559654 0.559654 0.559654 0.559654 0.559654 0.559654 0.420231 0.559654 0.559654 0.559654 0.559654 0.559654 0.559654 0.559654 0.559654 0.559654 0.44088 0.559654 0.559654 0.559654 0.559654 0.559654 0.559654 0.559654 0.559654 0.559654 0.420098 0.559654 0.559654 0.559654 0.559654 0.559654 0.559654 0.559654 0.559654 0.559654 0.420001 0.559654 0.559654 0.559654 0.559654 0.559654 0.559654 0.559654 0.559654 0.559654 0.42 0.559654 0.559654 0.559654 0.559654 0.559654 0.559654 0.559654 0.559654 0.559654 0.420187 0.559654 0.559654 0.559654 0.559654 0.559654 0.559654 0.559654 0.559654 0.559654 0.42 0.559654 0.559654 0.559654 0.559654 0.559654 0.559654 0.559654 0.559654 0.559654 0.420702 0.559654 0.559654 0.559654 0.559654 0.559654 0.559654 0.559654 0.559654 0.559654 0.420225 0.559654 0.559654 0.559654 0.559654 0.559654 0.559654 0.559654 0.559654 0.559654 0.42 0.559654 0.559654 0.559654 0.420018 0.559654 0.559654 0.540668 0.559654 0.559654 0.559654 0.559654 0.559654 0.559654 0.42 0.559654 0.559654 0.42077 0.559654 0.559654 0.559654 0.559654 0.559654 0.559654 0.42 0.559654 0.559654 0.558989 0.559654 0.559654 0.559654 0.559654 0.559654 0.559654 0.443075 0.559654 0.559654 0.557434 0.559654 0.559654 0.559654 0.559654 0.559654 0.559654 0.442 0.559654 0.559654 0.42 0.559654 0.559654 0.559654 0.559654 0.559654 0.559654 0.429685 0.559654 0.559654 0.559004 0.559654 0.559654 0.559654 0.559654 0.559654 0.559654 0.420131 0.559654 0.559654 0.548574 0.559654 0.559654 0.559654 0.559654 0.559654 0.559654 0.434348 0.559654 0.559654 0.42 0.559654 0.559654 0.559654 0.559654 0.559654 0.559654 0.551672 0.559654 0.559654 0.462809 0.559654 0.559654 0.559654 0.559654 0.559654 0.559654 0.42 0.559654 0.559654 0.420001 0.559654 0.559654 0.559654 0.559654 0.559654 0.559654 0.559654 0.559654 0.559654 0.559654 0.559654 0.559654 0.559654 0.559654 0.559654 0.559654 0.559654 0.559654 0.559654 0.559654 0.559654 0.559654 0.559654 0.559654 0.559654 0.559654 0.559654 0.559654 0.559654 0.559654 0.559654 0.559654 0.559654 0.559654 0.559654 0.559654 0.559654 0.559654 0.559654 0.559654 0.559654 0.559654 0.559654 0.559654 0.559654 0.559654 0.559654 0.559654 0.559654 0.559654 0.559654 0.559654 0.559654 0.559654 0.559654 0.559654 0.559654 0.559654 0.559654 0.559654 0.559654 0.559654 0.559654 0.559654 0.559654 0.559654 0.559654 0.559654 0.559654 0.559654 0.559654 0.559654 0.559654 0.559654 0.559654 0.559654 0.559654 0.559654 0.559654 0.559654 0.559654 0.559654 0.559654 0.559654 0.559654 0.559654 0.559654 0.559654 0.559654 0.559654 0.559654 0.559654 0.559654 0.559654 0.559654 0.559654 0.559654 0.559654 0.559654 0.559654 0.559654 0.559654 0.559654 0.559654 0.559654 0.559654 0.559654 0.559654 0.559654 0.559654 0.559654 0.559654 0.42 0.559654 0.559654 0.559654 0.559654 0.559654 0.559654 0.559654 0.559654 0.559654 0.444 0.559654 0.559654 0.559654 0.559654 0.559654 0.559654 0.559654 0.559654 0.559654 0.528763 0.559654 0.559654 0.559654 0.559654 0.559654 0.559654 0.559654 0.559654 0.559654 0.45058 0.559654 0.559654 0.559654 0.559654 0.559654 0.559654 0.559654 0.559654 0.559654 0.438483 0.559654 0.559654 0.559654 0.559654 0.559654 0.559654 0.559654 0.559654 0.559654 0.420056 0.559654 0.559654 0.559654 0.559654 0.559654 0.559654 0.559654 0.559654 0.559654 0.42 0.559654 0.559654 0.559654 0.559654 0.559654 0.559654 0.559654 0.559654 0.559654 0.42 0.559654 0.559654 0.559654 0.559654 0.559654 0.559654 0.559654 0.559654 0.559654 0.540201 0.559654 0.559654 0.559654 0.559654 0.559654 0.559654 0.559654 0.559654 0.559654 0.511823 0.559654 0.559654 0.559654 0.559654 0.559654 0.559654 0.559654 0.559654 0.559654 0.420238 0.559654 0.559654 0.559654 0.559654 0.559654 0.559654 0.559654 0.559654 0.559654 0.447245 0.559654 0.559654 0.559654 0.559654 0.559654 0.559654 0.559654 0.559654 0.559654 0.420008 0.559654 0.559654 0.559654 0.559654 0.559654 0.559654 0.559654 0.559654 0.559654 0.420015 0.559654 0.559654 0.559654 0.559654 0.559654 0.559654 0.559654 0.559654 0.559654 0.42 0.559654 0.559654 0.559654 0.559654 0.559654 0.559654 0.559654 0.559654 0.559654 0.420119 0.559654 0.559654 0.559654 0.559654 0.559654 0.559654 0.559654 0.559654 0.559654 0.42 0.559654 0.559654 0.559654 0.559654 0.559654 0.559654 0.559654 0.559654 0.559654 0.505565 0.559654 0.559654 0.559654 0.559654 0.559654 0.559654 0.559654 0.559654 0.559654 0.42 0.559654 0.559654 0.559654 0.559654 0.559654 0.559654 0.559654 0.559654 0.559654 0.433863 0.559654 0.559654 0.559654 0.559423 0.559654 0.559654 0.42 0.559654 0.559654 0.559654 0.559654 0.559654 0.559654 0.442706 0.559654 0.559654 0.42 0.559654 0.559654 0.559654 0.559654 0.559654 0.559654 0.42 0.559654 0.559654 0.42 0.559654 0.559654 0.559654 0.559654 0.559654 0.559654 0.557314 0.559654 0.559654 0.558705 0.559654 0.559654 0.559654 0.559654 0.559654 0.559654 0.422666 0.559654 0.559654 0.55932 0.559654 0.559654 0.559654 0.559654 0.559654 0.559654 0.539813 0.559654 0.559654 0.42 0.559654 0.559654 0.559654 0.559654 0.559654 0.559654 0.516855 0.559654 0.559654 0.547407 0.559654 0.559654 0.559654 0.559654 0.559654 0.559654 0.42 0.559654 0.559654 0.485055 0.559654 0.559654 0.559654 0.559654 0.559654 0.559654 0.544375 0.559654 0.559654 0.42 0.559654 0.559654 0.559654 0.559654 0.559654 0.559654 0.426498 0.559654 0.559654 0.543297 0.559654 0.559654 0.559654 0.559654 0.559654 0.559654 0.559654 0.559654 0.559654 0.559654 0.559654 0.559654 0.559654 0.559654 0.559654 0.559654 0.559654 0.559654 0.559654 0.559654 0.559654 0.559654 0.559654 0.559654 0.559654 0.559654 0.559654 0.559654 0.559654 0.559654 0.559654 0.559654 0.559654 0.559654 0.559654 0.559654 0.559654 0.559654 0.559654 0.559654 0.559654 0.559654 0.559654 0.559654 0.559654 0.559654 0.559654 0.559654 0.559654 0.559654 0.559654 0.559654 0.559654 0.559654 0.559654 0.559654 0.559654 0.559654 0.559654 0.559654 0.559654 0.559654 0.559654 0.559654 0.559654 0.559654 0.559654 0.559654 0.559654 0.559654 0.559654 0.559654 0.559654 0.559654 0.559654 0.559654 0.559654 0.559654 0.559654 0.559654 0.559654 0.559654 0.559654 0.559654 0.559654 0.559654 0.559654 0.559654 0.559654 0.559654 0.559654 0.559654 0.559654 0.559654 0.559654 0.559654 0.559654 0.559654 0.559654 0.559654 0.559654 0.559654 0.559654 0.559654 0.559654 0.559654 0.559654 0.559654 0.559654 0.559654 0.559654 0.559654 0.424058 0.559654 0.559654 0.559654 0.559654 0.559654 0.559654 0.559654 0.559654 0.559654 0.42 0.559654 0.559654 0.559654 0.559654 0.559654 0.559654 0.559654 0.559654 0.559654 0.42 0.559654 0.559654 0.559654 0.559654 0.559654 0.559654 0.559654 0.559654 0.559654 0.555821 0.559654 0.559654 0.559654 0.559654 0.559654 0.559654 0.559654 0.559654 0.559654 0.42 0.559654 0.559654 0.559654 0.559654 0.559654 0.559654 0.559654 0.559654 0.559654 0.42 0.559654 0.559654 0.559654 0.559654 0.559654 0.559654 0.559654 0.559654 0.559654 0.556601 0.559654 0.559654 0.559654 0.559654 0.559654 0.559654 0.559654 0.559654 0.559654 0.42 0.559654 0.559654 0.559654 0.559654 0.559654 0.559654 0.559654 0.559654 0.559654 0.455064 0.559654 0.559654 0.559654 0.559654 0.559654 0.559654 0.559654 0.559654 0.559654 0.42 0.559654 0.559654 0.559654 0.420071 0.559654 0.559654 0.554829 0.559654 0.559654 0.559654 0.559654 0.559654 0.559654 0.453063 0.559654 0.559654 0.42 0.559654 0.559654 0.559654 0.559654 0.559654 0.559654 0.42 0.559654 0.559654 0.479293 0.559654 0.559654 0.559654 0.559654 0.559654 0.559654 0.420009 0.559654 0.559654 0.558136 0.559654 0.559654 0.559654 0.559654 0.559654 0.559654 0.42 0.559654 0.559654 0.552853 0.559654 0.559654 0.559654 0.559654 0.559654 0.559654 0.425198 0.559654 0.559654 0.550116 0.559654 0.559654 0.559654 0.559654 0.559654 0.559654 0.42 0.559654 0.559654 0.42 0.559654 0.559654 0.559654 0.559654 0.559654 0.559654 0.42 0.559654 0.559654 0.420002 0.559654 0.559654 0.559654 0.559654 0.559654 0.559654 0.42 0.559654 0.559654 0.434272 0.559654 0.559654 0.559654 0.559654 0.559654 0.559654 0.42 0.559654 0.559654 0.422547 0.559654 0.559654 0.559654 0.559654 0.559654 0.559654 0.559654 0.559654 0.559654 0.559654 0.559654 0.559654 0.559654 0.559654 0.559654 0.559654 0.559654 0.559654 0.559654 0.559654 0.559654 0.559654 0.559654 0.559654 0.559654 0.559654 0.559654 0.559654 0.559654 0.559654 0.559654 0.559654 0.559654 0.559654 0.559654 0.559654 0.559654 0.559654 0.559654 0.559654 0.559654 0.559654 0.559654 0.559654 0.559654 0.559654 0.559654 0.559654 0.559654 0.559654 0.559654 0.559654 0.559654 0.559654 0.559654 0.559654 0.559654 0.559654 0.559654 0.559654 0.559654 0.559654 0.559654 0.559654 0.559654 0.559654 0.559654 0.559654 0.559654 0.559654 0.559654 0.559654 0.559654 0.559654 0.559654 0.559654 0.559654 0.559654 0.559654 0.559654 0.559654 0.559654 0.559654 0.559654 0.559654 0.559654 0.559654 0.559654 0.559654 0.559654 0.559654 0.559654 0.559654 0.559654 0.559654 0.559654 0.559654 0.559654 0.559654 0.559654 0.559654 0.559654 0.559654 0.559654 0.559654 0.559654 0.559654 0.559654 0.559654 0.559654 0.559654 0.559654 0.42 0.559654 0.559654 0.559654 0.559654 0.559654 0.559654 0.559654 0.559654 0.559654 0.42 0.559654 0.559654 0.559654 0.559654 0.559654 0.559654 0.559654 0.559654 0.559654 0.42 0.559654 0.559654 0.559654 0.559654 0.559654 0.559654 0.559654 0.559654 0.559654 0.42 0.559654 0.559654 0.559654 0.559654 0.559654 0.559654 0.559654 0.559654 0.559654 0.432823 0.559654 0.559654 0.559654 0.559654 0.559654 0.559654 0.559654 0.559654 0.559654 0.478939 0.559654 0.559654 0.559654 0.559654 0.559654 0.559654 0.559654 0.559654 0.559654 0.559095 0.559654 0.559654 0.559654 0.559654 0.559654 0.559654 0.559654 0.559654 0.559654 0.423617 0.559654 0.559654 0.559654 0.559654 0.559654 0.559654 0.559654 0.559654 0.559654 0.42 0.559654 0.559654 0.559654 0.559654 0.559654 0.559654 0.559654 0.559654 0.559654 0.42 0.559654 0.559654 0.559654 0.499685 0.559654 0.559654 0.558279 0.559654 0.559654 0.559654 0.559654 0.559654 0.559654 0.517199 0.559654 0.559654 0.557538 0.559654 0.559654 0.559654 0.559654 0.559654 0.559654 0.559258 0.559654 0.559654 0.557058 0.559654 0.559654 0.559654 0.559654 0.559654 0.559654 0.425725 0.559654 0.559654 0.42 0.559654 0.559654 0.559654 0.559654 0.559654 0.559654 0.420117 0.559654 0.559654 0.42007 0.559654 0.559654 0.559654 0.559654 0.559654 0.559654 0.420874 0.559654 0.559654 0.425889 0.559654 0.559654 0.559654 0.559654 0.559654 0.559654 0.422761 0.559654 0.559654 0.530996 0.559654 0.559654 0.559654 0.559654 0.559654 0.559654 0.420088 0.559654 0.559654 0.420069 0.559654 0.559654 0.559654 0.559654 0.559654 0.559654 0.54106 0.559654 0.559654 0.520541 0.559654 0.559654 0.559654 0.559654 0.559654 0.559654 0.557774 0.559654 0.559654 0.420291 0.559654 0.559654 0.559654 0.559654 0.559654 0.559654 0.559654 0.559654 0.559654 0.559654 0.559654 0.559654 0.559654 0.559654 0.559654 0.559654 0.559654 0.559654 0.559654 0.559654 0.559654 0.559654 0.559654 0.559654 0.559654 0.559654 0.559654 0.559654 0.559654 0.559654 0.559654 0.559654 0.559654 0.559654 0.559654 0.559654 0.559654 0.559654 0.559654 0.559654 0.559654 0.559654 0.559654 0.559654 0.559654 0.559654 0.559654 0.559654 0.559654 0.559654 0.559654 0.559654 0.559654 0.559654 0.559654 0.559654 0.559654 0.559654 0.559654 0.559654 0.559654 0.559654 0.559654 0.559654 0.559654 0.559654 0.559654 0.559654 0.559654 0.559654 0.559654 0.559654 0.559654 0.559654 0.559654 0.559654 0.559654 0.559654 0.559654 0.559654 0.559654 0.559654 0.559654 0.559654 0.559654 0.559654 0.559654 0.559654 0.559654 0.559654 0.559654 0.559654 0.559654 0.559654 0.559654 0.559654 0.559654 0.559654 0.559654 0.559654 0.559654 0.559654 0.559654 0.559654 0.559654 0.559654 0.559654 0.559654 0.559654 0.559654 0.559654 0.559654 0.420005 0.559654 0.559654 0.559654 0.559654 0.559654 0.559654 0.559654 0.559654 0.559654 0.520861 0.559654 0.559654 0.559654 0.559654 0.559654 0.559654 0.559654 0.559654 0.559654 0.463242 0.559654 0.559654 0.559654 0.559654 0.559654 0.559654 0.559654 0.559654 0.559654 0.521565 0.559654 0.559654 0.559654 0.559654 0.559654 0.559654 0.559654 0.559654 0.559654 0.420088 0.559654 0.559654 0.559654 0.559654 0.559654 0.559654 0.559654 0.559654 0.559654 0.420009 0.559654 0.559654 0.559654 0.559654 0.559654 0.559654 0.559654 0.559654 0.559654 0.420002 0.559654 0.559654 0.559654 0.559654 0.559654 0.559654 0.559654 0.559654 0.559654 0.420334 0.559654 0.559654 0.559654 0.559654 0.559654 0.559654 0.559654 0.559654 0.559654 0.46881 0.559654 0.559654 0.559654 0.559654 0.559654 0.559654 0.559654 0.559654 0.559654 0.42 0.559654 0.559654 0.559654 0.559654 0.559654 0.559654 0.559654 0.559654 0.559654 0.42 0.559654 0.559654 0.559654 0.559654 0.559654 0.559654 0.559654 0.559654 0.559654 0.42 0.559654 0.559654 0.559654 0.559654 0.559654 0.559654 0.559654 0.559654 0.559654 0.422158 0.559654 0.559654 0.559654 0.559654 0.559654 0.559654 0.559654 0.559654 0.559654 0.42 0.559654 0.559654 0.559654 0.559654 0.559654 0.559654 0.559654 0.559654 0.559654 0.557282 0.559654 0.559654 0.559654 0.559654 0.559654 0.559654 0.559654 0.559654 0.559654 0.420033 0.559654 0.559654 0.559654 0.559654 0.559654 0.559654 0.559654 0.559654 0.559654 0.420248 0.559654 0.559654 0.559654 0.559654 0.559654 0.559654 0.559654 0.559654 0.559654 0.42 0.559654 0.559654 0.559654 0.559654 0.559654 0.559654 0.559654 0.559654 0.559654 0.420208 0.559654 0.559654 0.559654 0.559654 0.559654 0.559654 0.559654 0.559654 0.559654 0.42 0.559654 0.559654 0.559654 0.423601 0.559654 0.559654 0.544963 0.559654 0.559654 0.559654 0.559654 0.559654 0.559654 0.423374 0.559654 0.559654 0.42006 0.559654 0.559654 0.559654 0.559654 0.559654 0.559654 0.559254 0.559654 0.559654 0.42438 0.559654 0.559654 0.559654 0.559654 0.559654 0.559654 0.420031 0.559654 0.559654 0.420048 0.559654 0.559654 0.559654 0.559654 0.559654 0.559654 0.420034 0.559654 0.559654 0.422114 0.559654 0.559654 0.559654 0.559654 0.559654 0.559654 0.42 0.559654 0.559654 0.420206 0.559654 0.559654 0.559654 0.559654 0.559654 0.559654 0.420216 0.559654 0.559654 0.42 0.559654 0.559654 0.559654 0.559654 0.559654 0.559654 0.420116 0.559654 0.559654 0.42 0.559654 0.559654 0.559654 0.559654 0.559654 0.559654 0.420001 0.559654 0.559654 0.544081 0.559654 0.559654 0.559654 0.559654 0.559654 0.559654 0.548716 0.559654 0.559654 0.421065 0.559654 0.559654 0.559654 0.559654 0.559654 0.559654 0.559654 0.559654 0.559654 0.559654 0.559654 0.559654 0.559654 0.559654 0.559654 0.559654 0.559654 0.559654 0.559654 0.559654 0.559654 0.559654 0.559654 0.559654 0.559654 0.559654 0.559654 0.559654 0.559654 0.559654 0.559654 0.559654 0.559654 0.559654 0.559654 0.559654 0.559654 0.559654 0.559654 0.559654 0.559654 0.559654 0.559654 0.559654 0.559654 0.559654 0.559654 0.559654 0.559654 0.559654 0.559654 0.559654 0.559654 0.559654 0.559654 0.559654 0.559654 0.559654 0.559654 0.559654 0.559654 0.559654 0.559654 0.559654 0.559654 0.559654 0.559654 0.559654 0.559654 0.559654 0.559654 0.559654 0.559654 0.559654 0.559654 0.559654 0.559654 0.559654 0.559654 0.559654 0.559654 0.559654 0.559654 0.559654 0.559654 0.559654 0.559654 0.559654 0.559654 0.559654 0.559654 0.559654 0.559654 0.559654 0.559654 0.559654 0.559654 0.559654 0.559654 0.559654 0.559654 0.559654 0.559654 0.559654 0.559654 0.559654 0.559654 0.559654 0.559654 0.559654 0.559654 0.559654 0.559071 0.559654 0.559654 0.559654 0.559654 0.559654 0.559654 0.559654 0.559654 0.559654 0.557856 0.559654 0.559654 0.559654 0.559654 0.559654 0.559654 0.559654 0.559654 0.559654 0.420017 0.559654 0.559654 0.559654 0.559654 0.559654 0.559654 0.559654 0.559654 0.559654 0.533705 0.559654 0.559654 0.559654 0.559654 0.559654 0.559654 0.559654 0.559654 0.559654 0.426433 0.559654 0.559654 0.559654 0.559654 0.559654 0.559654 0.559654 0.559654 0.559654 0.42 0.559654 0.559654 0.559654 0.559654 0.559654 0.559654 0.559654 0.559654 0.559654 0.452399 0.559654 0.559654 0.559654 0.559654 0.559654 0.559654 0.559654 0.559654 0.559654 0.420147 0.559654 0.559654 0.559654 0.559654 0.559654 0.559654 0.559654 0.559654 0.559654 0.499894 0.559654 0.559654 0.559654 0.559654 0.559654 0.559654 0.559654 0.559654 0.559654 0.42 0.559654 0.559654 0.559654 0.55334 0.559654 0.559654 0.542011 0.559654 0.559654 0.559654 0.559654 0.559654 0.559654 0.42 0.559654 0.559654 0.535656 0.559654 0.559654 0.559654 0.559654 0.559654 0.559654 0.438335 0.559654 0.559654 0.430947 0.559654 0.559654 0.559654 0.559654 0.559654 0.559654 0.449967 0.559654 0.559654 0.554687 0.559654 0.559654 0.559654 0.559654 0.559654 0.559654 0.42 0.559654 0.559654 0.45977 0.559654 0.559654 0.559654 0.559654 0.559654 0.559654 0.516641 0.559654 0.559654 0.420027 0.559654 0.559654 0.559654 0.559654 0.559654 0.559654 0.43831 0.559654 0.559654 0.42 0.559654 0.559654 0.559654 0.559654 0.559654 0.559654 0.421467 0.559654 0.559654 0.55657 0.559654 0.559654 0.559654 0.559654 0.559654 0.559654 0.42 0.559654 0.559654 0.420035 0.559654 0.559654 0.559654 0.559654 0.559654 0.559654 0.514373 0.559654 0.559654 0.42 0.559654 0.559654 0.559654 0.559654 0.559654 0.559654 0.559654 0.559654 0.559654 0.559654 0.559654 0.559654 0.559654 0.559654 0.559654 0.559654 0.559654 0.559654 0.559654 0.559654 0.559654 0.559654 0.559654 0.559654 0.559654 0.559654 0.559654 0.559654 0.559654 0.559654 0.559654 0.559654 0.559654 0.559654 0.559654 0.559654 0.559654 0.559654 0.559654 0.559654 0.559654 0.559654 0.559654 0.559654 0.559654 0.559654 0.559654 0.559654 0.559654 0.559654 0.559654 0.559654 0.559654 0.559654 0.559654 0.559654 0.559654 0.559654 0.559654 0.559654 0.559654 0.559654 0.559654 0.559654 0.559654 0.559654 0.559654 0.559654 0.559654 0.559654 0.559654 0.559654 0.559654 0.559654 0.559654 0.559654 0.559654 0.559654 0.559654 0.559654 0.559654 0.559654 0.559654 0.559654 0.559654 0.559654 0.559654 0.559654 0.559654 0.559654 0.559654 0.559654 0.559654 0.559654 0.559654 0.559654 0.559654 0.559654 0.559654 0.559654 0.559654 0.559654 0.559654 0.559654 0.559654 0.559654 0.559654 0.559654 0.559654 0.559654 0.559654 0.559654 0.42 0.559654 0.559654 0.559654 0.559654 0.559654 0.559654 0.559654 0.559654 0.559654 0.42 0.559654 0.559654 0.559654 0.559654 0.559654 0.559654 0.559654 0.559654 0.559654 0.420044 0.559654 0.559654 0.559654 0.559654 0.559654 0.559654 0.559654 0.559654 0.559654 0.42 0.559654 0.559654 0.559654 0.559654 0.559654 0.559654 0.559654 0.559654 0.559654 0.42 0.559654 0.559654 0.559654 0.559654 0.559654 0.559654 0.559654 0.559654 0.559654 0.420264 0.559654 0.559654 0.559654 0.559654 0.559654 0.559654 0.559654 0.559654 0.559654 0.42 0.559654 0.559654 0.559654 0.559654 0.559654 0.559654 0.559654 0.559654 0.559654 0.452496 0.559654 0.559654 0.559654 0.559654 0.559654 0.559654 0.559654 0.559654 0.559654 0.558737 0.559654 0.559654 0.559654 0.559654 0.559654 0.559654 0.559654 0.559654 0.559654 0.538603 0.559654 0.559654 0.559654 0.55046 0.559654 0.559654 0.42558 0.559654 0.559654 0.559654 0.559654 0.559654 0.559654 0.506104 0.559654 0.559654 0.424137 0.559654 0.559654 0.559654 0.559654 0.559654 0.559654 0.453503 0.559654 0.559654 0.423627 0.559654 0.559654 0.559654 0.559654 0.559654 0.559654 0.42 0.559654 0.559654 0.518109 0.559654 0.559654 0.559654 0.559654 0.559654 0.559654 0.420056 0.559654 0.559654 0.420222 0.559654 0.559654 0.559654 0.559654 0.559654 0.559654 0.536802 0.559654 0.559654 0.420002 0.559654 0.559654 0.559654 0.559654 0.559654 0.559654 0.42 0.559654 0.559654 0.421643 0.559654 0.559654 0.559654 0.559654 0.559654 0.559654 0.49906 0.559654 0.559654 0.55668 0.559654 0.559654 0.559654 0.559654 0.559654 0.559654 0.516194 0.559654 0.559654 0.420001 0.559654 0.559654 0.559654 0.559654 0.559654 0.559654 0.465653 0.559654 0.559654 0.551884 0.559654 0.559654 0.559654 0.559654 0.559654 0.559654 0.559654 0.559654 0.559654 0.559654 0.559654 0.559654 0.559654 0.559654 0.559654 0.559654 0.559654 0.559654 0.559654 0.559654 0.559654 0.559654 0.559654 0.559654 0.559654 0.559654 0.559654 0.559654 0.559654 0.559654 0.559654 0.559654 0.559654 0.559654 0.559654 0.559654 0.559654 0.559654 0.559654 0.559654 0.559654 0.559654 0.559654 0.559654 0.559654 0.559654 0.559654 0.559654 0.559654 0.559654 0.559654 0.559654 0.559654 0.559654 0.559654 0.559654 0.559654 0.559654 0.559654 0.559654 0.559654 0.559654 0.559654 0.559654 0.559654 0.559654 0.559654 0.559654 0.559654 0.559654 0.559654 0.559654 0.559654 0.559654 0.559654 0.559654 0.559654 0.559654 0.559654 0.559654 0.559654 0.559654 0.559654 0.559654 0.559654 0.559654 0.559654 0.559654 0.559654 0.559654 0.559654 0.559654 0.559654 0.559654 0.559654 0.559654 0.559654 0.559654 0.559654 0.559654 0.559654 0.559654 0.559654 0.559654 0.559654 0.559654 0.559654 0.559654 0.559654 0.559654 0.559654 0.559654 0.420016 0.559654 0.559654 0.559654 0.559654 0.559654 0.559654 0.559654 0.559654 0.559654 0.559516 0.559654 0.559654 0.559654 0.559654 0.559654 0.559654 0.559654 0.559654 0.559654 0.43402 0.559654 0.559654 0.559654 0.559654 0.559654 0.559654 0.559654 0.559654 0.559654 0.421066 0.559654 0.559654 0.559654 0.559654 0.559654 0.559654 0.559654 0.559654 0.559654 0.420009 0.559654 0.559654 0.559654 0.559654 0.559654 0.559654 0.559654 0.559654 0.559654 0.42 0.559654 0.559654 0.559654 0.559654 0.559654 0.559654 0.559654 0.559654 0.559654 0.4204 0.559654 0.559654 0.559654 0.559654 0.559654 0.559654 0.559654 0.559654 0.559654 0.42 0.559654 0.559654 0.559654 0.559654 0.559654 0.559654 0.559654 0.559654 0.559654 0.42 0.559654 0.559654 0.559654 0.559654 0.559654 0.559654 0.559654 0.559654 0.559654 0.42 0.559654 0.559654 0.559654 0.559654 0.559654 0.559654 0.559654 0.559654 0.559654 0.424 0.559654 0.559654 0.559654 0.559654 0.559654 0.559654 0.559654 0.559654 0.559654 0.420068 0.559654 0.559654 0.559654 0.559654 0.559654 0.559654 0.559654 0.559654 0.559654 0.438071 0.559654 0.559654 0.559654 0.559654 0.559654 0.559654 0.559654 0.559654 0.559654 0.420002 0.559654 0.559654 0.559654 0.559654 0.559654 0.559654 0.559654 0.559654 0.559654 0.468868 0.559654 0.559654 0.559654 0.559654 0.559654 0.559654 0.559654 0.559654 0.559654 0.558754 0.559654 0.559654 0.559654 0.559654 0.559654 0.559654 0.559654 0.559654 0.559654 0.42 0.559654 0.559654 0.559654 0.559654 0.559654 0.559654 0.559654 0.559654 0.559654 0.422214 0.559654 0.559654 0.559654 0.559654 0.559654 0.559654 0.559654 0.559654 0.559654 0.558839 0.559654 0.559654 0.559654 0.559654 0.559654 0.559654 0.559654 0.559654 0.559654 0.550559 0.559654 0.559654 0.559654 0.555436 0.559654 0.559654 0.420005 0.559654 0.559654 0.559654 0.559654 0.559654 0.559654 0.42 0.559654 0.559654 0.420009 0.559654 0.559654 0.559654 0.559654 0.559654 0.559654 0.42 0.559654 0.559654 0.524905 0.559654 0.559654 0.559654 0.559654 0.559654 0.559654 0.42 0.559654 0.559654 0.552788 0.559654 0.559654 0.559654 0.559654 0.559654 0.559654 0.541582 0.559654 0.559654 0.549818 0.559654 0.559654 0.559654 0.559654 0.559654 0.559654 0.42 0.559654 0.559654 0.557327 0.559654 0.559654 0.559654 0.559654 0.559654 0.559654 0.420001 0.559654 0.559654 0.498298 0.559654 0.559654 0.559654 0.559654 0.559654 0.559654 0.42002 0.559654 0.559654 0.420034 0.559654 0.559654 0.559654 0.559654 0.559654 0.559654 0.518001 0.559654 0.559654 0.42 0.559654 0.559654 0.559654 0.559654 0.559654 0.559654 0.421062 0.559654 0.559654 0.540021 0.559654 0.559654 0.559654 0.559654 0.559654 0.559654 0.559654 0.559654 0.559654 0.559654 0.559654 0.559654 0.559654 0.559654 0.559654 0.559654 0.559654 0.559654 0.559654 0.559654 0.559654 0.559654 0.559654 0.559654 0.559654 0.559654 0.559654 0.559654 0.559654 0.559654 0.559654 0.559654 0.559654 0.559654 0.559654 0.559654 0.559654 0.559654 0.559654 0.559654 0.559654 0.559654 0.559654 0.559654 0.559654 0.559654 0.559654 0.559654 0.559654 0.559654 0.559654 0.559654 0.559654 0.559654 0.559654 0.559654 0.559654 0.559654 0.559654 0.559654 0.559654 0.559654 0.559654 0.559654 0.559654 0.559654 0.559654 0.559654 0.559654 0.559654 0.559654 0.559654 0.559654 0.559654 0.559654 0.559654 0.559654 0.559654 0.559654 0.559654 0.559654 0.559654 0.559654 0.559654 0.559654 0.559654 0.559654 0.559654 0.559654 0.559654 0.559654 0.559654 0.559654 0.559654 0.559654 0.559654 0.559654 0.559654 0.559654 0.559654 0.559654 0.559654 0.559654 0.559654 0.559654 0.559654 0.559654 0.559654 0.559654 0.559654 0.559654 0.559654 0.422274 0.559654 0.559654 0.559654 0.559654 0.559654 0.559654 0.559654 0.559654 0.559654 0.528655 0.559654 0.559654 0.559654 0.559654 0.559654 0.559654 0.559654 0.559654 0.559654 0.42 0.559654 0.559654 0.559654 0.559654 0.559654 0.559654 0.559654 0.559654 0.559654 0.544429 0.559654 0.559654 0.559654 0.559654 0.559654 0.559654 0.559654 0.559654 0.559654 0.420299 0.559654 0.559654 0.559654 0.559654 0.559654 0.559654 0.559654 0.559654 0.559654 0.429911 0.559654 0.559654 0.559654 0.559654 0.559654 0.559654 0.559654 0.559654 0.559654 0.456153 0.559654 0.559654 0.559654 0.559654 0.559654 0.559654 0.559654 0.559654 0.559654 0.42 0.559654 0.559654 0.559654 0.559654 0.559654 0.559654 0.559654 0.559654 0.559654 0.420083 0.559654 0.559654 0.559654 0.559654 0.559654 0.559654 0.559654 0.559654 0.559654 0.456536 0.559654 0.559654 0.559654 0.538325 0.559654 0.559654 0.483584 0.559654 0.559654 0.559654 0.559654 0.559654 0.559654 0.420485 0.559654 0.559654 0.509265 0.559654 0.559654 0.559654 0.559654 0.559654 0.559654 0.440917 0.559654 0.559654 0.420165 0.559654 0.559654 0.559654 0.559654 0.559654 0.559654 0.558671 0.559654 0.559654 0.550167 0.559654 0.559654 0.559654 0.559654 0.559654 0.559654 0.420012 0.559654 0.559654 0.555926 0.559654 0.559654 0.559654 0.559654 0.559654 0.559654 0.42 0.559654 0.559654 0.430991 0.559654 0.559654 0.559654 0.559654 0.559654 0.559654 0.559144 0.559654 0.559654 0.555384 0.559654 0.559654 0.559654 0.559654 0.559654 0.559654 0.435779 0.559654 0.559654 0.446216 0.559654 0.559654 0.559654 0.559654 0.559654 0.559654 0.555595 0.559654 0.559654 0.42 0.559654 0.559654 0.559654 0.559654 0.559654 0.559654 0.555117 0.559654 0.559654 0.425947 0.559654 0.559654 0.559654 0.559654 0.559654 0.559654 0.559654 0.559654 0.559654 0.559654 0.559654 0.559654 0.559654 0.559654 0.559654 0.559654 0.559654 0.559654 0.559654 0.559654 0.559654 0.559654 0.559654 0.559654 0.559654 0.559654 0.559654 0.559654 0.559654 0.559654 0.559654 0.559654 0.559654 0.559654 0.559654 0.559654 0.559654 0.559654 0.559654 0.559654 0.559654 0.559654 0.559654 0.559654 0.559654 0.559654 0.559654 0.559654 0.559654 0.559654 0.559654 0.559654 0.559654 0.559654 0.559654 0.559654 0.559654 0.559654 0.559654 0.559654 0.559654 0.559654 0.559654 0.559654 0.559654 0.559654 0.559654 0.559654 0.559654 0.559654 0.559654 0.559654 0.559654 0.559654 0.559654 0.559654 0.559654 0.559654 0.559654 0.559654 0.559654 0.559654 0.559654 0.559654 0.559654 0.559654 0.559654 0.559654 0.559654 0.559654 0.559654 0.559654 0.559654 0.559654 0.559654 0.559654 0.559654 0.559654 0.559654 0.559654 0.559654 0.559654 0.559654 0.559654 0.559654 0.559654 0.559654 0.559654 0.559654 0.559654 0.559654 0.559654 0.453826 0.559654 0.559654 0.559654 0.559654 0.559654 0.559654 0.559654 0.559654 0.559654 0.515251 0.559654 0.559654 0.559654 0.559654 0.559654 0.559654 0.559654 0.559654 0.559654 0.474949 0.559654 0.559654 0.559654 0.559654 0.559654 0.559654 0.559654 0.559654 0.559654 0.473196 0.559654 0.559654 0.559654 0.559654 0.559654 0.559654 0.559654 0.559654 0.559654 0.559514 0.559654 0.559654 0.559654 0.559654 0.559654 0.559654 0.559654 0.559654 0.559654 0.471661 0.559654 0.559654 0.559654 0.559654 0.559654 0.559654 0.559654 0.559654 0.559654 0.420444 0.559654 0.559654 0.559654 0.559654 0.559654 0.559654 0.559654 0.559654 0.559654 0.42 0.559654 0.559654 0.559654 0.559654 0.559654 0.559654 0.559654 0.559654 0.559654 0.551656 0.559654 0.559654 0.559654 0.559654 0.559654 0.559654 0.559654 0.559654 0.559654 0.553373 0.559654 0.559654 0.559654 0.420317 0.559654 0.559654 0.432481 0.559654 0.559654 0.559654 0.559654 0.559654 0.559654 0.482436 0.559654 0.559654 0.420003 0.559654 0.559654 0.559654 0.559654 0.559654 0.559654 0.420295 0.559654 0.559654 0.420027 0.559654 0.559654 0.559654 0.559654 0.559654 0.559654 0.556555 0.559654 0.559654 0.556868 0.559654 0.559654 0.559654 0.559654 0.559654 0.559654 0.42 0.559654 0.559654 0.557509 0.559654 0.559654 0.559654 0.559654 0.559654 0.559654 0.482838 0.559654 0.559654 0.42 0.559654 0.559654 0.559654 0.559654 0.559654 0.559654 0.420873 0.559654 0.559654 0.420474 0.559654 0.559654 0.559654 0.559654 0.559654 0.559654 0.420008 0.559654 0.559654 0.557242 0.559654 0.559654 0.559654 0.559654 0.559654 0.559654 0.555745 0.559654 0.559654 0.42 0.559654 0.559654 0.559654 0.559654 0.559654 0.559654 0.420003 0.559654 0.559654 0.491242 0.559654 0.559654 0.559654 0.559654 0.559654 0.559654 0.559654 0.559654 0.559654 0.559654 0.559654 0.559654 0.559654 0.559654 0.559654 0.559654 0.559654 0.559654 0.559654 0.559654 0.559654 0.559654 0.559654 0.559654 0.559654 0.559654 0.559654 0.559654 0.559654 0.559654 0.559654 0.559654 0.559654 0.559654 0.559654 0.559654 0.559654 0.559654 0.559654 0.559654 0.559654 0.559654 0.559654 0.559654 0.559654 0.559654 0.559654 0.559654 0.559654 0.559654 0.559654 0.559654 0.559654 0.559654 0.559654 0.559654 0.559654 0.559654 0.559654 0.559654 0.559654 0.559654 0.559654 0.559654 0.559654 0.559654 0.559654 0.559654 0.559654 0.559654 0.559654 0.559654 0.559654 0.559654 0.559654 0.559654 0.559654 0.559654 0.559654 0.559654 0.559654 0.559654 0.559654 0.559654 0.559654 0.559654 0.559654 0.559654 0.559654 0.559654 0.559654 0.559654 0.559654 0.559654 0.559654 0.559654 0.559654 0.559654 0.559654 0.559654 0.559654 0.559654 0.559654 0.559654 0.559654 0.559654 0.559654 0.559654 0.559654 0.559654 0.559654 0.559654 0.42 0.559654 0.559654 0.559654 0.559654 0.559654 0.559654 0.559654 0.559654 0.559654 0.42 0.559654 0.559654 0.559654 0.559654 0.559654 0.559654 0.559654 0.559654 0.559654 0.499188 0.559654 0.559654 0.559654 0.559654 0.559654 0.559654 0.559654 0.559654 0.559654 0.42 0.559654 0.559654 0.559654 0.559654 0.559654 0.559654 0.559654 0.559654 0.559654 0.540059 0.559654 0.559654 0.559654 0.559654 0.559654 0.559654 0.559654 0.559654 0.559654 0.558673 0.559654 0.559654 0.559654 0.559654 0.559654 0.559654 0.559654 0.559654 0.559654 0.425876 0.559654 0.559654 0.559654 0.559654 0.559654 0.559654 0.559654 0.559654 0.559654 0.420003 0.559654 0.559654 0.559654 0.559654 0.559654 0.559654 0.559654 0.559654 0.559654 0.42 0.559654 0.559654 0.559654 0.559654 0.559654 0.559654 0.559654 0.559654 0.559654 0.557401 0.559654 0.559654 0.559654 0.559654 0.559654 0.559654 0.559654 0.559654 0.559654 0.467079 0.559654 0.559654 0.559654 0.559654 0.559654 0.559654 0.559654 0.559654 0.559654 0.492121 0.559654 0.559654 0.559654 0.559654 0.559654 0.559654 0.559654 0.559654 0.559654 0.427106 0.559654 0.559654 0.559654 0.559654 0.559654 0.559654 0.559654 0.559654 0.559654 0.497075 0.559654 0.559654 0.559654 0.559654 0.559654 0.559654 0.559654 0.559654 0.559654 0.42 0.559654 0.559654 0.559654 0.559654 0.559654 0.559654 0.559654 0.559654 0.559654 0.42 0.559654 0.559654 0.559654 0.559654 0.559654 0.559654 0.559654 0.559654 0.559654 0.420048 0.559654 0.559654 0.559654 0.559654 0.559654 0.559654 0.559654 0.559654 0.559654 0.545711 0.559654 0.559654 0.559654 0.559654 0.559654 0.559654 0.559654 0.559654 0.559654 0.420003 0.559654 0.559654 0.559654 0.559654 0.559654 0.559654 0.559654 0.559654 0.559654 0.420003 0.559654 0.559654 0.559654 0.519081 0.559654 0.559654 0.547949 0.559654 0.559654 0.559654 0.559654 0.559654 0.559654 0.55942 0.559654 0.559654 0.42 0.559654 0.559654 0.559654 0.559654 0.559654 0.559654 0.420041 0.559654 0.559654 0.42 0.559654 0.559654 0.559654 0.559654 0.559654 0.559654 0.42 0.559654 0.559654 0.420041 0.559654 0.559654 0.559654 0.559654 0.559654 0.559654 0.42 0.559654 0.559654 0.558637 0.559654 0.559654 0.559654 0.559654 0.559654 0.559654 0.508295 0.559654 0.559654 0.556633 0.559654 0.559654 0.559654 0.559654 0.559654 0.559654 0.53053 0.559654 0.559654 0.420451 0.559654 0.559654 0.559654 0.559654 0.559654 0.559654 0.558891 0.559654 0.559654 0.42 0.559654 0.559654 0.559654 0.559654 0.559654 0.559654 0.423401 0.559654 0.559654 0.527946 0.559654 0.559654 0.559654 0.559654 0.559654 0.559654 0.557715 0.559654 0.559654 0.543573 0.559654 0.559654 0.559654 0.559654 0.559654 0.559654 0.559654 0.559654 0.559654 0.559654 0.559654 0.559654 0.559654 0.559654 0.559654 0.559654 0.559654 0.559654 0.559654 0.559654 0.559654 0.559654 0.559654 0.559654 0.559654 0.559654 0.559654 0.559654 0.559654 0.559654 0.559654 0.559654 0.559654 0.559654 0.559654 0.559654 0.559654 0.559654 0.559654 0.559654 0.559654 0.559654 0.559654 0.559654 0.559654 0.559654 0.559654 0.559654 0.559654 0.559654 0.559654 0.559654 0.559654 0.559654 0.559654 0.559654 0.559654 0.559654 0.559654 0.559654 0.559654 0.559654 0.559654 0.559654 0.559654 0.559654 0.559654 0.559654 0.559654 0.559654 0.559654 0.559654 0.559654 0.559654 0.559654 0.559654 0.559654 0.559654 0.559654 0.559654 0.559654 0.559654 0.559654 0.559654 0.559654 0.559654 0.559654 0.559654 0.559654 0.559654 0.559654 0.559654 0.559654 0.559654 0.559654 0.559654 0.559654 0.559654 0.559654 0.559654 0.559654 0.559654 0.559654 0.559654 0.559654 0.559654 0.559654 0.559654 0.559654 0.559654 0.559654 0.559654 0.42 0.559654 0.559654 0.559654 0.559654 0.559654 0.559654 0.559654 0.559654 0.559654 0.557066 0.559654 0.559654 0.559654 0.559654 0.559654 0.559654 0.559654 0.559654 0.559654 0.42 0.559654 0.559654 0.559654 0.559654 0.559654 0.559654 0.559654 0.559654 0.559654 0.546246 0.559654 0.559654 0.559654 0.559654 0.559654 0.559654 0.559654 0.559654 0.559654 0.559366 0.559654 0.559654 0.559654 0.559654 0.559654 0.559654 0.559654 0.559654 0.559654 0.542938 0.559654 0.559654 0.559654 0.559654 0.559654 0.559654 0.559654 0.559654 0.559654 0.553683 0.559654 0.559654 0.559654 0.559654 0.559654 0.559654 0.559654 0.559654 0.559654 0.513145 0.559654 0.559654 0.559654 0.559654 0.559654 0.559654 0.559654 0.559654 0.559654 0.424935 0.559654 0.559654 0.559654 0.559654 0.559654 0.559654 0.559654 0.559654 0.559654 0.42 0.559654 0.559654 0.559654 0.42 0.559654 0.559654 0.438888 0.559654 0.559654 0.559654 0.559654 0.559654 0.559654 0.42 0.559654 0.559654 0.42 0.559654 0.559654 0.559654 0.559654 0.559654 0.559654 0.42 0.559654 0.559654 0.558696 0.559654 0.559654 0.559654 0.559654 0.559654 0.559654 0.42089 0.559654 0.559654 0.42 0.559654 0.559654 0.559654 0.559654 0.559654 0.559654 0.42 0.559654 0.559654 0.495835 0.559654 0.559654 0.559654 0.559654 0.559654 0.559654 0.42 0.559654 0.559654 0.492383 0.559654 0.559654 0.559654 0.559654 0.559654 0.559654 0.42 0.559654 0.559654 0.42 0.559654 0.559654 0.559654 0.559654 0.559654 0.559654 0.516719 0.559654 0.559654 0.42 0.559654 0.559654 0.559654 0.559654 0.559654 0.559654 0.446763 0.559654 0.559654 0.42 0.559654 0.559654 0.559654 0.559654 0.559654 0.559654 0.519254 0.559654 0.559654 0.556186 0.559654 0.559654 0.559654 0.559654 0.559654 0.559654 0.559654 0.559654 0.559654 0.559654 0.559654 0.559654 0.559654 0.559654 0.559654 0.559654 0.559654 0.559654 0.559654 0.559654 0.559654 0.559654 0.559654 0.559654 0.559654 0.559654 0.559654 0.559654 0.559654 0.559654 0.559654 0.559654 0.559654 0.559654 0.559654 0.559654 0.559654 0.559654 0.559654 0.559654 0.559654 0.559654 0.559654 0.559654 0.559654 0.559654 0.559654 0.559654 0.559654 0.559654 0.559654 0.559654 0.559654 0.559654 0.559654 0.559654 0.559654 0.559654 0.559654 0.559654 0.559654 0.559654 0.559654 0.559654 0.559654 0.559654 0.559654 0.559654 0.559654 0.559654 0.559654 0.559654 0.559654 0.559654 0.559654 0.559654 0.559654 0.559654 0.559654 0.559654 0.559654 0.559654 0.559654 0.559654 0.559654 0.559654 0.559654 0.559654 0.559654 0.559654 0.559654 0.559654 0.559654 0.559654 0.559654 0.559654 0.559654 0.559654 0.559654 0.559654 0.559654 0.559654 0.559654 0.559654 0.559654 0.559654 0.559654 0.559654 0.559654 0.559654 0.559654 0.559654 0.466477 0.559654 0.559654 0.559654 0.559654 0.559654 0.559654 0.559654 0.559654 0.559654 0.42 0.559654 0.559654 0.559654 0.559654 0.559654 0.559654 0.559654 0.559654 0.559654 0.420007 0.559654 0.559654 0.559654 0.559654 0.559654 0.559654 0.559654 0.559654 0.559654 0.426514 0.559654 0.559654 0.559654 0.559654 0.559654 0.559654 0.559654 0.559654 0.559654 0.420118 0.559654 0.559654 0.559654 0.559654 0.559654 0.559654 0.559654 0.559654 0.559654 0.464346 0.559654 0.559654 0.559654 0.559654 0.559654 0.559654 0.559654 0.559654 0.559654 0.420648 0.559654 0.559654 0.559654 0.559654 0.559654 0.559654 0.559654 0.559654 0.559654 0.42 0.559654 0.559654 0.559654 0.559654 0.559654 0.559654 0.559654 0.559654 0.559654 0.424442 0.559654 0.559654 0.559654 0.559654 0.559654 0.559654 0.559654 0.559654 0.559654 0.424303 0.559654 0.559654 0.559654 0.559318 0.559654 0.559654 0.496133 0.559654 0.559654 0.559654 0.559654 0.559654 0.559654 0.42 0.559654 0.559654 0.42 0.559654 0.559654 0.559654 0.559654 0.559654 0.559654 0.516242 0.559654 0.559654 0.42 0.559654 0.559654 0.559654 0.559654 0.559654 0.559654 0.42 0.559654 0.559654 0.420553 0.559654 0.559654 0.559654 0.559654 0.559654 0.559654 0.42 0.559654 0.559654 0.420125 0.559654 0.559654 0.559654 0.559654 0.559654 0.559654 0.431443 0.559654 0.559654 0.492575 0.559654 0.559654 0.559654 0.559654 0.559654 0.559654 0.42 0.559654 0.559654 0.526079 0.559654 0.559654 0.559654 0.559654 0.559654 0.559654 0.42 0.559654 0.559654 0.558247 0.559654 0.559654 0.559654 0.559654 0.559654 0.559654 0.426514 0.559654 0.559654 0.420003 0.559654 0.559654 0.559654 0.559654 0.559654 0.559654 0.420014 0.559654 0.559654 0.42 0.559654 0.559654 0.559654 0.559654 0.559654 0.559654 0.559654 0.559654 0.559654 0.559654 0.559654 0.559654 0.559654 0.559654 0.559654 0.559654 0.559654 0.559654 0.559654 0.559654 0.559654 0.559654 0.559654 0.559654 0.559654 0.559654 0.559654 0.559654 0.559654 0.559654 0.559654 0.559654 0.559654 0.559654 0.559654 0.559654 0.559654 0.559654 0.559654 0.559654 0.559654 0.559654 0.559654 0.559654 0.559654 0.559654 0.559654 0.559654 0.559654 0.559654 0.559654 0.559654 0.559654 0.559654 0.559654 0.559654 0.559654 0.559654 0.559654 0.559654 0.559654 0.559654 0.559654 0.559654 0.559654 0.559654 0.559654 0.559654 0.559654 0.559654 0.559654 0.559654 0.559654 0.559654 0.559654 0.559654 0.559654 0.559654 0.559654 0.559654 0.559654 0.559654 0.559654 0.559654 0.559654 0.559654 0.559654 0.559654 0.559654 0.559654 0.559654 0.559654 0.559654 0.559654 0.559654 0.559654 0.559654 0.559654 0.559654 0.559654 0.559654 0.559654 0.559654 0.559654 0.559654 0.559654 0.559654 0.559654 0.559654 0.559654 0.559654 0.559654 0.49224 0.559654 0.559654 0.559654 0.559654 0.559654 0.559654 0.559654 0.559654 0.559654 0.42471 0.559654 0.559654 0.559654 0.559654 0.559654 0.559654 0.559654 0.559654 0.559654 0.420163 0.559654 0.559654 0.559654 0.559654 0.559654 0.559654 0.559654 0.559654 0.559654 0.42 0.559654 0.559654 0.559654 0.559654 0.559654 0.559654 0.559654 0.559654 0.559654 0.557363 0.559654 0.559654 0.559654 0.559654 0.559654 0.559654 0.559654 0.559654 0.559654 0.443477 0.559654 0.559654 0.559654 0.559654 0.559654 0.559654 0.559654 0.559654 0.559654 0.432713 0.559654 0.559654 0.559654 0.559654 0.559654 0.559654 0.559654 0.559654 0.559654 0.558707 0.559654 0.559654 0.559654 0.559654 0.559654 0.559654 0.559654 0.559654 0.559654 0.424831 0.559654 0.559654 0.559654 0.559654 0.559654 0.559654 0.559654 0.559654 0.559654 0.42 0.559654 0.559654 0.559654 0.559654 0.559654 0.559654 0.559654 0.559654 0.559654 0.422247 0.559654 0.559654 0.559654 0.559654 0.559654 0.559654 0.559654 0.559654 0.559654 0.42 0.559654 0.559654 0.559654 0.559654 0.559654 0.559654 0.559654 0.559654 0.559654 0.555471 0.559654 0.559654 0.559654 0.559654 0.559654 0.559654 0.559654 0.559654 0.559654 0.420001 0.559654 0.559654 0.559654 0.559654 0.559654 0.559654 0.559654 0.559654 0.559654 0.528367 0.559654 0.559654 0.559654 0.559654 0.559654 0.559654 0.559654 0.559654 0.559654 0.420064 0.559654 0.559654 0.559654 0.559654 0.559654 0.559654 0.559654 0.559654 0.559654 0.540197 0.559654 0.559654 0.559654 0.559654 0.559654 0.559654 0.559654 0.559654 0.559654 0.42 0.559654 0.559654 0.559654 0.559654 0.559654 0.559654 0.559654 0.559654 0.559654 0.558564 0.559654 0.559654 0.559654 0.559654 0.559654 0.559654 0.559654 0.559654 0.559654 0.524929 0.559654 0.559654 0.559654 0.433693 0.559654 0.559654 0.420102 0.559654 0.559654 0.559654 0.559654 0.559654 0.559654 0.542145 0.559654 0.559654 0.42 0.559654 0.559654 0.559654 0.559654 0.559654 0.559654 0.48479 0.559654 0.559654 0.42 0.559654 0.559654 0.559654 0.559654 0.559654 0.559654 0.420057 0.559654 0.559654 0.420545 0.559654 0.559654 0.559654 0.559654 0.559654 0.559654 0.558942 0.559654 0.559654 0.42 0.559654 0.559654 0.559654 0.559654 0.559654 0.559654 0.482735 0.559654 0.559654 0.42067 0.559654 0.559654 0.559654 0.559654 0.559654 0.559654 0.420015 0.559654 0.559654 0.42 0.559654 0.559654 0.559654 0.559654 0.559654 0.559654 0.431711 0.559654 0.559654 0.456391 0.559654 0.559654 0.559654 0.559654 0.559654 0.559654 0.420027 0.559654 0.559654 0.421046 0.559654 0.559654 0.559654 0.559654 0.559654 0.559654 0.420007 0.559654 0.559654 0.554985 0.559654 0.559654 0.559654 0.559654 0.559654 0.559654 0.559654 0.559654 0.559654 0.559654 0.559654 0.559654 0.559654 0.559654 0.559654 0.559654 0.559654 0.559654 0.559654 0.559654 0.559654 0.559654 0.559654 0.559654 0.559654 0.559654 0.559654 0.559654 0.559654 0.559654 0.559654 0.559654 0.559654 0.559654 0.559654 0.559654 0.559654 0.559654 0.559654 0.559654 0.559654 0.559654 0.559654 0.559654 0.559654 0.559654 0.559654 0.559654 0.559654 0.559654 0.559654 0.559654 0.559654 0.559654 0.559654 0.559654 0.559654 0.559654 0.559654 0.559654 0.559654 0.559654 0.559654 0.559654 0.559654 0.559654 0.559654 0.559654 0.559654 0.559654 0.559654 0.559654 0.559654 0.559654 0.559654 0.559654 0.559654 0.559654 0.559654 0.559654 0.559654 0.559654 0.559654 0.559654 0.559654 0.559654 0.559654 0.559654 0.559654 0.559654 0.559654 0.559654 0.559654 0.559654 0.559654 0.559654 0.559654 0.559654 0.559654 0.559654 0.559654 0.559654 0.559654 0.559654 0.559654 0.559654 0.559654 0.559654 0.559654 0.559654 0.559654 0.559654 0.531935 0.559654 0.559654 0.559654 0.559654 0.559654 0.559654 0.559654 0.559654 0.559654 0.516995 0.559654 0.559654 0.559654 0.559654 0.559654 0.559654 0.559654 0.559654 0.559654 0.42 0.559654 0.559654 0.559654 0.559654 0.559654 0.559654 0.559654 0.559654 0.559654 0.556476 0.559654 0.559654 0.559654 0.559654 0.559654 0.559654 0.559654 0.559654 0.559654 0.429457 0.559654 0.559654 0.559654 0.559654 0.559654 0.559654 0.559654 0.559654 0.559654 0.420327 0.559654 0.559654 0.559654 0.559654 0.559654 0.559654 0.559654 0.559654 0.559654 0.544322 0.559654 0.559654 0.559654 0.559654 0.559654 0.559654 0.559654 0.559654 0.559654 0.42 0.559654 0.559654 0.559654 0.559654 0.559654 0.559654 0.559654 0.559654 0.559654 0.557938 0.559654 0.559654 0.559654 0.559654 0.559654 0.559654 0.559654 0.559654 0.559654 0.555876 0.559654 0.559654 0.559654 0.449887 0.559654 0.559654 0.532583 0.559654 0.559654 0.559654 0.559654 0.559654 0.559654 0.42 0.559654 0.559654 0.427796 0.559654 0.559654 0.559654 0.559654 0.559654 0.559654 0.420081 0.559654 0.559654 0.42 0.559654 0.559654 0.559654 0.559654 0.559654 0.559654 0.42 0.559654 0.559654 0.450899 0.559654 0.559654 0.559654 0.559654 0.559654 0.559654 0.557261 0.559654 0.559654 0.420001 0.559654 0.559654 0.559654 0.559654 0.559654 0.559654 0.540839 0.559654 0.559654 0.43113 0.559654 0.559654 0.559654 0.559654 0.559654 0.559654 0.542356 0.559654 0.559654 0.48618 0.559654 0.559654 0.559654 0.559654 0.559654 0.559654 0.550821 0.559654 0.559654 0.511672 0.559654 0.559654 0.559654 0.559654 0.559654 0.559654 0.42 0.559654 0.559654 0.533645 0.559654 0.559654 0.559654 0.559654 0.559654 0.559654 0.420104 0.559654 0.559654 0.42 0.559654 0.559654 0.559654 0.559654 0.559654 0.559654 0.559654 0.559654 0.559654 0.559654 0.559654 0.559654 0.559654 0.559654 0.559654 0.559654 0.559654 0.559654 0.559654 0.559654 0.559654 0.559654 0.559654 0.559654 0.559654 0.559654 0.559654 0.559654 0.559654 0.559654 0.559654 0.559654 0.559654 0.559654 0.559654 0.559654 0.559654 0.559654 0.559654 0.559654 0.559654 0.559654 0.559654 0.559654 0.559654 0.559654 0.559654 0.559654 0.559654 0.559654 0.559654 0.559654 0.559654 0.559654 0.559654 0.559654 0.559654 0.559654 0.559654 0.559654 0.559654 0.559654 0.559654 0.559654 0.559654 0.559654 0.559654 0.559654 0.559654 0.559654 0.559654 0.559654 0.559654 0.559654 0.559654 0.559654 0.559654 0.559654 0.559654 0.559654 0.559654 0.559654 0.559654 0.559654 0.559654 0.559654 0.559654 0.559654 0.559654 0.559654 0.559654 0.559654 0.559654 0.559654 0.559654 0.559654 0.559654 0.559654 0.559654 0.559654 0.559654 0.559654 0.559654 0.559654 0.559654 0.559654 0.559654 0.559654 0.559654 0.559654 0.559654 0.559654 0.558589 0.559654 0.559654 0.559654 0.559654 0.559654 0.559654 0.559654 0.559654 0.559654 0.521136 0.559654 0.559654 0.559654 0.559654 0.559654 0.559654 0.559654 0.559654 0.559654 0.420294 0.559654 0.559654 0.559654 0.559654 0.559654 0.559654 0.559654 0.559654 0.559654 0.421101 0.559654 0.559654 0.559654 0.559654 0.559654 0.559654 0.559654 0.559654 0.559654 0.420004 0.559654 0.559654 0.559654 0.559654 0.559654 0.559654 0.559654 0.559654 0.559654 0.420912 0.559654 0.559654 0.559654 0.559654 0.559654 0.559654 0.559654 0.559654 0.559654 0.509113 0.559654 0.559654 0.559654 0.559654 0.559654 0.559654 0.559654 0.559654 0.559654 0.544177 0.559654 0.559654 0.559654 0.559654 0.559654 0.559654 0.559654 0.559654 0.559654 0.420045 0.559654 0.559654 0.559654 0.559654 0.559654 0.559654 0.559654 0.559654 0.559654 0.42 0.559654 0.559654 0.559654 0.42 0.559654 0.559654 0.55665 0.559654 0.559654 0.559654 0.559654 0.559654 0.559654 0.421881 0.559654 0.559654 0.559385 0.559654 0.559654 0.559654 0.559654 0.559654 0.559654 0.42 0.559654 0.559654 0.547659 0.559654 0.559654 0.559654 0.559654 0.559654 0.559654 0.42 0.559654 0.559654 0.558743 0.559654 0.559654 0.559654 0.559654 0.559654 0.559654 0.473285 0.559654 0.559654 0.420022 0.559654 0.559654 0.559654 0.559654 0.559654 0.559654 0.50676 0.559654 0.559654 0.42 0.559654 0.559654 0.559654 0.559654 0.559654 0.559654 0.420055 0.559654 0.559654 0.42 0.559654 0.559654 0.559654 0.559654 0.559654 0.559654 0.421067 0.559654 0.559654 0.557934 0.559654 0.559654 0.559654 0.559654 0.559654 0.559654 0.420704 0.559654 0.559654 0.42 0.559654 0.559654 0.559654 0.559654 0.559654 0.559654 0.420007 0.559654 0.559654 0.42 0.559654 0.559654 0.559654 0.559654 0.559654 0.559654 0.559654 0.559654 0.559654 0.559654 0.559654 0.559654 0.559654 0.559654 0.559654 0.559654 0.559654 0.559654 0.559654 0.559654 0.559654 0.559654 0.559654 0.559654 0.559654 0.559654 0.559654 0.559654 0.559654 0.559654 0.559654 0.559654 0.559654 0.559654 0.559654 0.559654 0.559654 0.559654 0.559654 0.559654 0.559654 0.559654 0.559654 0.559654 0.559654 0.559654 0.559654 0.559654 0.559654 0.559654 0.559654 0.559654 0.559654 0.559654 0.559654 0.559654 0.559654 0.559654 0.559654 0.559654 0.559654 0.559654 0.559654 0.559654 0.559654 0.559654 0.559654 0.559654 0.559654 0.559654 0.559654 0.559654 0.559654 0.559654 0.559654 0.559654 0.559654 0.559654 0.559654 0.559654 0.559654 0.559654 0.559654 0.559654 0.559654 0.559654 0.559654 0.559654 0.559654 0.559654 0.559654 0.559654 0.559654 0.559654 0.559654 0.559654 0.559654 0.559654 0.559654 0.559654 0.559654 0.559654 0.559654 0.559654 0.559654 0.559654 0.559654 0.559654 0.559654 0.559654 0.559654 0.559654 0.54886 0.559654 0.559654 0.559654 0.559654 0.559654 0.559654 0.559654 0.559654 0.559654 0.434781 0.559654 0.559654 0.559654 0.559654 0.559654 0.559654 0.559654 0.559654 0.559654 0.559279 0.559654 0.559654 0.559654 0.559654 0.559654 0.559654 0.559654 0.559654 0.559654 0.526892 0.559654 0.559654 0.559654 0.559654 0.559654 0.559654 0.559654 0.559654 0.559654 0.42 0.559654 0.559654 0.559654 0.559654 0.559654 0.559654 0.559654 0.559654 0.559654 0.420001 0.559654 0.559654 0.559654 0.559654 0.559654 0.559654 0.559654 0.559654 0.559654 0.420033 0.559654 0.559654 0.559654 0.559654 0.559654 0.559654 0.559654 0.559654 0.559654 0.42 0.559654 0.559654 0.559654 0.559654 0.559654 0.559654 0.559654 0.559654 0.559654 0.420228 0.559654 0.559654 0.559654 0.559654 0.559654 0.559654 0.559654 0.559654 0.559654 0.557828 0.559654 0.559654 
0.569604 0.569604 0.569604 0.569604 0.569604 0.569604 0.569604 0.495032 0.569604 0.569604 0.569604 0.569604 0.569604 0.569604 0.569604 0.569604 0.569604 0.41 0.569604 0.569604 0.569604 0.569604 0.569604 0.569604 0.569604 0.569604 0.569604 0.410003 0.569604 0.569604 0.569604 0.569604 0.569604 0.569604 0.569604 0.569604 0.569604 0.568923 0.569604 0.569604 0.569604 0.569604 0.569604 0.569604 0.569604 0.569604 0.569604 0.410334 0.569604 0.569604 0.569604 0.569604 0.569604 0.569604 0.569604 0.569604 0.569604 0.410027 0.569604 0.569604 0.569604 0.569604 0.569604 0.569604 0.569604 0.569604 0.569604 0.410063 0.569604 0.569604 0.569604 0.569604 0.569604 0.569604 0.569604 0.569604 0.569604 0.568642 0.569604 0.569604 0.569604 0.569604 0.569604 0.569604 0.569604 0.569604 0.569604 0.564973 0.569604 0.569604 0.569604 0.569604 0.569604 0.569604 0.569604 0.569604 0.569604 0.41005 0.569604 0.569604 0.569604 0.529218 0.569604 0.569604 0.41 0.569604 0.569604 0.569604 0.569604 0.569604 0.569604 0.478837 0.569604 0.569604 0.449892 0.569604 0.569604 0.569604 0.569604 0.569604 0.569604 0.41029 0.569604 0.569604 0.410004 0.569604 0.569604 0.569604 0.569604 0.569604 0.569604 0.563231 0.569604 0.569604 0.41 0.569604 0.569604 0.569604 0.569604 0.569604 0.569604 0.561128 0.569604 0.569604 0.427133 0.569604 0.569604 0.569604 0.569604 0.569604 0.569604 0.562169 0.569604 0.569604 0.410043 0.569604 0.569604 0.569604 0.569604 0.569604 0.569604 0.41084 0.569604 0.569604 0.410193 0.569604 0.569604 0.569604 0.569604 0.569604 0.569604 0.4186 0.569604 0.569604 0.41 0.569604 0.569604 0.569604 0.569604 0.569604 0.569604 0.56896 0.569604 0.569604 0.563884 0.569604 0.569604 0.569604 0.569604 0.569604 0.569604 0.41 0.569604 0.569604 0.410001 0.569604 0.569604 0.569604 0.569604 0.569604 0.569604 0.569604 0.569604 0.569604 0.569604 0.569604 0.569604 0.569604 0.569604 0.569604 0.569604 0.569604 0.569604 0.569604 0.569604 0.569604 0.569604 0.569604 0.569604 0.569604 0.569604 0.569604 0.569604 0.569604 0.569604 0.569604 0.569604 0.569604 0.569604 0.569604 0.569604 0.569604 0.569604 0.569604 0.569604 0.569604 0.569604 0.569604 0.569604 0.569604 0.569604 0.569604 0.569604 0.569604 0.569604 0.569604 0.569604 0.569604 0.569604 0.569604 0.569604 0.569604 0.569604 0.569604 0.569604 0.569604 0.569604 0.569604 0.569604 0.569604 0.569604 0.569604 0.569604 0.569604 0.569604 0.569604 0.569604 0.569604 0.569604 0.569604 0.569604 0.569604 0.569604 0.569604 0.569604 0.569604 0.569604 0.569604 0.569604 0.569604 0.569604 0.569604 0.569604 0.569604 0.569604 0.569604 0.569604 0.569604 0.569604 0.569604 0.569604 0.569604 0.569604 0.569604 0.569604 0.569604 0.569604 0.569604 0.569604 0.569604 0.569604 0.569604 0.569604 0.569604 0.569604 0.569604 0.569604 0.41 0.569604 0.569604 0.569604 0.569604 0.569604 0.569604 0.569604 0.569604 0.569604 0.547771 0.569604 0.569604 0.569604 0.569604 0.569604 0.569604 0.569604 0.569604 0.569604 0.41 0.569604 0.569604 0.569604 0.569604 0.569604 0.569604 0.569604 0.569604 0.569604 0.41 0.569604 0.569604 0.569604 0.569604 0.569604 0.569604 0.569604 0.569604 0.569604 0.563185 0.569604 0.569604 0.569604 0.569604 0.569604 0.569604 0.569604 0.569604 0.569604 0.448895 0.569604 0.569604 0.569604 0.569604 0.569604 0.569604 0.569604 0.569604 0.569604 0.41 0.569604 0.569604 0.569604 0.569604 0.569604 0.569604 0.569604 0.569604 0.569604 0.435241 0.569604 0.569604 0.569604 0.569604 0.569604 0.569604 0.569604 0.569604 0.569604 0.569417 0.569604 0.569604 0.569604 0.569604 0.569604 0.569604 0.569604 0.569604 0.569604 0.568362 0.569604 0.569604 0.569604 0.473516 0.569604 0.569604 0.462923 0.569604 0.569604 0.569604 0.569604 0.569604 0.569604 0.41 0.569604 0.569604 0.410047 0.569604 0.569604 0.569604 0.569604 0.569604 0.569604 0.425498 0.569604 0.569604 0.526127 0.569604 0.569604 0.569604 0.569604 0.569604 0.569604 0.411003 0.569604 0.569604 0.477612 0.569604 0.569604 0.569604 0.569604 0.569604 0.569604 0.41 0.569604 0.569604 0.519072 0.569604 0.569604 0.569604 0.569604 0.569604 0.569604 0.566372 0.569604 0.569604 0.562794 0.569604 0.569604 0.569604 0.569604 0.569604 0.569604 0.41 0.569604 0.569604 0.410061 0.569604 0.569604 0.569604 0.569604 0.569604 0.569604 0.41 0.569604 0.569604 0.41 0.569604 0.569604 0.569604 0.569604 0.569604 0.569604 0.536254 0.569604 0.569604 0.496808 0.569604 0.569604 0.569604 0.569604 0.569604 0.569604 0.410001 0.569604 0.569604 0.410023 0.569604 0.569604 0.569604 0.569604 0.569604 0.569604 0.569604 0.569604 0.569604 0.569604 0.569604 0.569604 0.569604 0.569604 0.569604 0.569604 0.569604 0.569604 0.569604 0.569604 0.569604 0.569604 0.569604 0.569604 0.569604 0.569604 0.569604 0.569604 0.569604 0.569604 0.569604 0.569604 0.569604 0.569604 0.569604 0.569604 0.569604 0.569604 0.569604 0.569604 0.569604 0.569604 0.569604 0.569604 0.569604 0.569604 0.569604 0.569604 0.569604 0.569604 0.569604 0.569604 0.569604 0.569604 0.569604 0.569604 0.569604 0.569604 0.569604 0.569604 0.569604 0.569604 0.569604 0.569604 0.569604 0.569604 0.569604 0.569604 0.569604 0.569604 0.569604 0.569604 0.569604 0.569604 0.569604 0.569604 0.569604 0.569604 0.569604 0.569604 0.569604 0.569604 0.569604 0.569604 0.569604 0.569604 0.569604 0.569604 0.569604 0.569604 0.569604 0.569604 0.569604 0.569604 0.569604 0.569604 0.569604 0.569604 0.569604 0.569604 0.569604 0.569604 0.569604 0.569604 0.569604 0.569604 0.569604 0.569604 0.569604 0.569604 0.569604 0.569604 0.410021 0.569604 0.569604 0.569604 0.569604 0.569604 0.569604 0.569604 0.569604 0.569604 0.41 0.569604 0.569604 0.569604 0.569604 0.569604 0.569604 0.569604 0.569604 0.569604 0.41 0.569604 0.569604 0.569604 0.569604 0.569604 0.569604 0.569604 0.569604 0.569604 0.410081 0.569604 0.569604 0.569604 0.569604 0.569604 0.569604 0.569604 0.569604 0.569604 0.537773 0.569604 0.569604 0.569604 0.569604 0.569604 0.569604 0.569604 0.569604 0.569604 0.569078 0.569604 0.569604 0.569604 0.569604 0.569604 0.569604 0.569604 0.569604 0.569604 0.412004 0.569604 0.569604 0.569604 0.569604 0.569604 0.569604 0.569604 0.569604 0.569604 0.522365 0.569604 0.569604 0.569604 0.569604 0.569604 0.569604 0.569604 0.569604 0.569604 0.41 0.569604 0.569604 0.569604 0.569604 0.569604 0.569604 0.569604 0.569604 0.569604 0.410443 0.569604 0.569604 0.569604 0.41 0.569604 0.569604 0.411907 0.569604 0.569604 0.569604 0.569604 0.569604 0.569604 0.419026 0.569604 0.569604 0.410057 0.569604 0.569604 0.569604 0.569604 0.569604 0.569604 0.556569 0.569604 0.569604 0.533075 0.569604 0.569604 0.569604 0.569604 0.569604 0.569604 0.542857 0.569604 0.569604 0.567246 0.569604 0.569604 0.569604 0.569604 0.569604 0.569604 0.497615 0.569604 0.569604 0.410001 0.569604 0.569604 0.569604 0.569604 0.569604 0.569604 0.41 0.569604 0.569604 0.41546 0.569604 0.569604 0.569604 0.569604 0.569604 0.569604 0.41056 0.569604 0.569604 0.41 0.569604 0.569604 0.569604 0.569604 0.569604 0.569604 0.568797 0.569604 0.569604 0.410127 0.569604 0.569604 0.569604 0.569604 0.569604 0.569604 0.41 0.569604 0.569604 0.41 0.569604 0.569604 0.569604 0.569604 0.569604 0.569604 0.41 0.569604 0.569604 0.529213 0.569604 0.569604 0.569604 0.569604 0.569604 0.569604 0.569604 0.569604 0.569604 0.569604 0.569604 0.569604 0.569604 0.569604 0.569604 0.569604 0.569604 0.569604 0.569604 0.569604 0.569604 0.569604 0.569604 0.569604 0.569604 0.569604 0.569604 0.569604 0.569604 0.569604 0.569604 0.569604 0.569604 0.569604 0.569604 0.569604 0.569604 0.569604 0.569604 0.569604 0.569604 0.569604 0.569604 0.569604 0.569604 0.569604 0.569604 0.569604 0.569604 0.569604 0.569604 0.569604 0.569604 0.569604 0.569604 0.569604 0.569604 0.569604 0.569604 0.569604 0.569604 0.569604 0.569604 0.569604 0.569604 0.569604 0.569604 0.569604 0.569604 0.569604 0.569604 0.569604 0.569604 0.569604 0.569604 0.569604 0.569604 0.569604 0.569604 0.569604 0.569604 0.569604 0.569604 0.569604 0.569604 0.569604 0.569604 0.569604 0.569604 0.569604 0.569604 0.569604 0.569604 0.569604 0.569604 0.569604 0.569604 0.569604 0.569604 0.569604 0.569604 0.569604 0.569604 0.569604 0.569604 0.569604 0.569604 0.569604 0.569604 0.569604 0.569604 0.569604 0.550322 0.569604 0.569604 0.569604 0.569604 0.569604 0.569604 0.569604 0.569604 0.569604 0.544597 0.569604 0.569604 0.569604 0.569604 0.569604 0.569604 0.569604 0.569604 0.569604 0.41 0.569604 0.569604 0.569604 0.569604 0.569604 0.569604 0.569604 0.569604 0.569604 0.414311 0.569604 0.569604 0.569604 0.569604 0.569604 0.569604 0.569604 0.569604 0.569604 0.53766 0.569604 0.569604 0.569604 0.569604 0.569604 0.569604 0.569604 0.569604 0.569604 0.559893 0.569604 0.569604 0.569604 0.569604 0.569604 0.569604 0.569604 0.569604 0.569604 0.498218 0.569604 0.569604 0.569604 0.569604 0.569604 0.569604 0.569604 0.569604 0.569604 0.563823 0.569604 0.569604 0.569604 0.569604 0.569604 0.569604 0.569604 0.569604 0.569604 0.41 0.569604 0.569604 0.569604 0.569604 0.569604 0.569604 0.569604 0.569604 0.569604 0.563665 0.569604 0.569604 0.569604 0.569604 0.569604 0.569604 0.569604 0.569604 0.569604 0.418146 0.569604 0.569604 0.569604 0.569604 0.569604 0.569604 0.569604 0.569604 0.569604 0.41 0.569604 0.569604 0.569604 0.569604 0.569604 0.569604 0.569604 0.569604 0.569604 0.410001 0.569604 0.569604 0.569604 0.569604 0.569604 0.569604 0.569604 0.569604 0.569604 0.41 0.569604 0.569604 0.569604 0.569604 0.569604 0.569604 0.569604 0.569604 0.569604 0.41 0.569604 0.569604 0.569604 0.569604 0.569604 0.569604 0.569604 0.569604 0.569604 0.536332 0.569604 0.569604 0.569604 0.569604 0.569604 0.569604 0.569604 0.569604 0.569604 0.475314 0.569604 0.569604 0.569604 0.569604 0.569604 0.569604 0.569604 0.569604 0.569604 0.41 0.569604 0.569604 0.569604 0.569604 0.569604 0.569604 0.569604 0.569604 0.569604 0.410001 0.569604 0.569604 0.569604 0.569604 0.569604 0.569604 0.569604 0.569604 0.569604 0.41014 0.569604 0.569604 0.569604 0.41 0.569604 0.569604 0.432482 0.569604 0.569604 0.569604 0.569604 0.569604 0.569604 0.416284 0.569604 0.569604 0.411459 0.569604 0.569604 0.569604 0.569604 0.569604 0.569604 0.410003 0.569604 0.569604 0.410007 0.569604 0.569604 0.569604 0.569604 0.569604 0.569604 0.41 0.569604 0.569604 0.41 0.569604 0.569604 0.569604 0.569604 0.569604 0.569604 0.410311 0.569604 0.569604 0.420598 0.569604 0.569604 0.569604 0.569604 0.569604 0.569604 0.41 0.569604 0.569604 0.41 0.569604 0.569604 0.569604 0.569604 0.569604 0.569604 0.41 0.569604 0.569604 0.41 0.569604 0.569604 0.569604 0.569604 0.569604 0.569604 0.41 0.569604 0.569604 0.41 0.569604 0.569604 0.569604 0.569604 0.569604 0.569604 0.567865 0.569604 0.569604 0.410453 0.569604 0.569604 0.569604 0.569604 0.569604 0.569604 0.410027 0.569604 0.569604 0.410261 0.569604 0.569604 0.569604 0.569604 0.569604 0.569604 0.569604 0.569604 0.569604 0.569604 0.569604 0.569604 0.569604 0.569604 0.569604 0.569604 0.569604 0.569604 0.569604 0.569604 0.569604 0.569604 0.569604 0.569604 0.569604 0.569604 0.569604 0.569604 0.569604 0.569604 0.569604 0.569604 0.569604 0.569604 0.569604 0.569604 0.569604 0.569604 0.569604 0.569604 0.569604 0.569604 0.569604 0.569604 0.569604 0.569604 0.569604 0.569604 0.569604 0.569604 0.569604 0.569604 0.569604 0.569604 0.569604 0.569604 0.569604 0.569604 0.569604 0.569604 0.569604 0.569604 0.569604 0.569604 0.569604 0.569604 0.569604 0.569604 0.569604 0.569604 0.569604 0.569604 0.569604 0.569604 0.569604 0.569604 0.569604 0.569604 0.569604 0.569604 0.569604 0.569604 0.569604 0.569604 0.569604 0.569604 0.569604 0.569604 0.569604 0.569604 0.569604 0.569604 0.569604 0.569604 0.569604 0.569604 0.569604 0.569604 0.569604 0.569604 0.569604 0.569604 0.569604 0.569604 0.569604 0.569604 0.569604 0.569604 0.569604 0.569604 0.569604 0.569604 0.41 0.569604 0.569604 0.569604 0.569604 0.569604 0.569604 0.569604 0.569604 0.569604 0.548243 0.569604 0.569604 0.569604 0.569604 0.569604 0.569604 0.569604 0.569604 0.569604 0.41 0.569604 0.569604 0.569604 0.569604 0.569604 0.569604 0.569604 0.569604 0.569604 0.555978 0.569604 0.569604 0.569604 0.569604 0.569604 0.569604 0.569604 0.569604 0.569604 0.410006 0.569604 0.569604 0.569604 0.569604 0.569604 0.569604 0.569604 0.569604 0.569604 0.41 0.569604 0.569604 0.569604 0.569604 0.569604 0.569604 0.569604 0.569604 0.569604 0.437515 0.569604 0.569604 0.569604 0.569604 0.569604 0.569604 0.569604 0.569604 0.569604 0.557537 0.569604 0.569604 0.569604 0.569604 0.569604 0.569604 0.569604 0.569604 0.569604 0.422677 0.569604 0.569604 0.569604 0.569604 0.569604 0.569604 0.569604 0.569604 0.569604 0.411257 0.569604 0.569604 0.569604 0.41 0.569604 0.569604 0.55779 0.569604 0.569604 0.569604 0.569604 0.569604 0.569604 0.41629 0.569604 0.569604 0.569162 0.569604 0.569604 0.569604 0.569604 0.569604 0.569604 0.410077 0.569604 0.569604 0.41 0.569604 0.569604 0.569604 0.569604 0.569604 0.569604 0.41 0.569604 0.569604 0.41 0.569604 0.569604 0.569604 0.569604 0.569604 0.569604 0.41 0.569604 0.569604 0.410004 0.569604 0.569604 0.569604 0.569604 0.569604 0.569604 0.41 0.569604 0.569604 0.41 0.569604 0.569604 0.569604 0.569604 0.569604 0.569604 0.41 0.569604 0.569604 0.537088 0.569604 0.569604 0.569604 0.569604 0.569604 0.569604 0.41 0.569604 0.569604 0.499517 0.569604 0.569604 0.569604 0.569604 0.569604 0.569604 0.565893 0.569604 0.569604 0.41 0.569604 0.569604 0.569604 0.569604 0.569604 0.569604 0.567495 0.569604 0.569604 0.41 0.569604 0.569604 0.569604 0.569604 0.569604 0.569604 0.569604 0.569604 0.569604 0.569604 0.569604 0.569604 0.569604 0.569604 0.569604 0.569604 0.569604 0.569604 0.569604 0.569604 0.569604 0.569604 0.569604 0.569604 0.569604 0.569604 0.569604 0.569604 0.569604 0.569604 0.569604 0.569604 0.569604 0.569604 0.569604 0.569604 0.569604 0.569604 0.569604 0.569604 0.569604 0.569604 0.569604 0.569604 0.569604 0.569604 0.569604 0.569604 0.569604 0.569604 0.569604 0.569604 0.569604 0.569604 0.569604 0.569604 0.569604 0.569604 0.569604 0.569604 0.569604 0.569604 0.569604 0.569604 0.569604 0.569604 0.569604 0.569604 0.569604 0.569604 0.569604 0.569604 0.569604 0.569604 0.569604 0.569604 0.569604 0.569604 0.569604 0.569604 0.569604 0.569604 0.569604 0.569604 0.569604 0.569604 0.569604 0.569604 0.569604 0.569604 0.569604 0.569604 0.569604 0.569604 0.569604 0.569604 0.569604 0.569604 0.569604 0.569604 0.569604 0.569604 0.569604 0.569604 0.569604 0.569604 0.569604 0.569604 0.569604 0.569604 0.569604 0.569604 0.41 0.569604 0.569604 0.569604 0.569604 0.569604 0.569604 0.569604 0.569604 0.569604 0.568947 0.569604 0.569604 0.569604 0.569604 0.569604 0.569604 0.569604 0.569604 0.569604 0.410009 0.569604 0.569604 0.569604 0.569604 0.569604 0.569604 0.569604 0.569604 0.569604 0.41 0.569604 0.569604 0.569604 0.569604 0.569604 0.569604 0.569604 0.569604 0.569604 0.559317 0.569604 0.569604 0.569604 0.569604 0.569604 0.569604 0.569604 0.569604 0.569604 0.41 0.569604 0.569604 0.569604 0.569604 0.569604 0.569604 0.569604 0.569604 0.569604 0.41 0.569604 0.569604 0.569604 0.569604 0.569604 0.569604 0.569604 0.569604 0.569604 0.546037 0.569604 0.569604 0.569604 0.569604 0.569604 0.569604 0.569604 0.569604 0.569604 0.41 0.569604 0.569604 0.569604 0.569604 0.569604 0.569604 0.569604 0.569604 0.569604 0.410074 0.569604 0.569604 0.569604 0.41 0.569604 0.569604 0.411023 0.569604 0.569604 0.569604 0.569604 0.569604 0.569604 0.410031 0.569604 0.569604 0.410004 0.569604 0.569604 0.569604 0.569604 0.569604 0.569604 0.41 0.569604 0.569604 0.41 0.569604 0.569604 0.569604 0.569604 0.569604 0.569604 0.493535 0.569604 0.569604 0.41 0.569604 0.569604 0.569604 0.569604 0.569604 0.569604 0.567402 0.569604 0.569604 0.421186 0.569604 0.569604 0.569604 0.569604 0.569604 0.569604 0.413169 0.569604 0.569604 0.41 0.569604 0.569604 0.569604 0.569604 0.569604 0.569604 0.569054 0.569604 0.569604 0.560766 0.569604 0.569604 0.569604 0.569604 0.569604 0.569604 0.410002 0.569604 0.569604 0.549094 0.569604 0.569604 0.569604 0.569604 0.569604 0.569604 0.550509 0.569604 0.569604 0.517615 0.569604 0.569604 0.569604 0.569604 0.569604 0.569604 0.41 0.569604 0.569604 0.566673 0.569604 0.569604 0.569604 0.569604 0.569604 0.569604 0.569604 0.569604 0.569604 0.569604 0.569604 0.569604 0.569604 0.569604 0.569604 0.569604 0.569604 0.569604 0.569604 0.569604 0.569604 0.569604 0.569604 0.569604 0.569604 0.569604 0.569604 0.569604 0.569604 0.569604 0.569604 0.569604 0.569604 0.569604 0.569604 0.569604 0.569604 0.569604 0.569604 0.569604 0.569604 0.569604 0.569604 0.569604 0.569604 0.569604 0.569604 0.569604 0.569604 0.569604 0.569604 0.569604 0.569604 0.569604 0.569604 0.569604 0.569604 0.569604 0.569604 0.569604 0.569604 0.569604 0.569604 0.569604 0.569604 0.569604 0.569604 0.569604 0.569604 0.569604 0.569604 0.569604 0.569604 0.569604 0.569604 0.569604 0.569604 0.569604 0.569604 0.569604 0.569604 0.569604 0.569604 0.569604 0.569604 0.569604 0.569604 0.569604 0.569604 0.569604 0.569604 0.569604 0.569604 0.569604 0.569604 0.569604 0.569604 0.569604 0.569604 0.569604 0.569604 0.569604 0.569604 0.569604 0.569604 0.569604 0.569604 0.569604 0.569604 0.569604 0.569604 0.569604 0.565116 0.569604 0.569604 0.569604 0.569604 0.569604 0.569604 0.569604 0.569604 0.569604 0.558698 0.569604 0.569604 0.569604 0.569604 0.569604 0.569604 0.569604 0.569604 0.569604 0.411443 0.569604 0.569604 0.569604 0.569604 0.569604 0.569604 0.569604 0.569604 0.569604 0.41 0.569604 0.569604 0.569604 0.569604 0.569604 0.569604 0.569604 0.569604 0.569604 0.410087 0.569604 0.569604 0.569604 0.569604 0.569604 0.569604 0.569604 0.569604 0.569604 0.41 0.569604 0.569604 0.569604 0.569604 0.569604 0.569604 0.569604 0.569604 0.569604 0.559802 0.569604 0.569604 0.569604 0.569604 0.569604 0.569604 0.569604 0.569604 0.569604 0.557237 0.569604 0.569604 0.569604 0.569604 0.569604 0.569604 0.569604 0.569604 0.569604 0.41 0.569604 0.569604 0.569604 0.569604 0.569604 0.569604 0.569604 0.569604 0.569604 0.410223 0.569604 0.569604 0.569604 0.569604 0.569604 0.569604 0.569604 0.569604 0.569604 0.410002 0.569604 0.569604 0.569604 0.569604 0.569604 0.569604 0.569604 0.569604 0.569604 0.541504 0.569604 0.569604 0.569604 0.569604 0.569604 0.569604 0.569604 0.569604 0.569604 0.543703 0.569604 0.569604 0.569604 0.569604 0.569604 0.569604 0.569604 0.569604 0.569604 0.410005 0.569604 0.569604 0.569604 0.569604 0.569604 0.569604 0.569604 0.569604 0.569604 0.437984 0.569604 0.569604 0.569604 0.569604 0.569604 0.569604 0.569604 0.569604 0.569604 0.569007 0.569604 0.569604 0.569604 0.569604 0.569604 0.569604 0.569604 0.569604 0.569604 0.41 0.569604 0.569604 0.569604 0.569604 0.569604 0.569604 0.569604 0.569604 0.569604 0.410012 0.569604 0.569604 0.569604 0.569604 0.569604 0.569604 0.569604 0.569604 0.569604 0.410001 0.569604 0.569604 0.569604 0.569604 0.569604 0.569604 0.569604 0.569604 0.569604 0.410145 0.569604 0.569604 0.569604 0.412311 0.569604 0.569604 0.561343 0.569604 0.569604 0.569604 0.569604 0.569604 0.569604 0.568771 0.569604 0.569604 0.41 0.569604 0.569604 0.569604 0.569604 0.569604 0.569604 0.411292 0.569604 0.569604 0.47103 0.569604 0.569604 0.569604 0.569604 0.569604 0.569604 0.412907 0.569604 0.569604 0.41 0.569604 0.569604 0.569604 0.569604 0.569604 0.569604 0.519658 0.569604 0.569604 0.410014 0.569604 0.569604 0.569604 0.569604 0.569604 0.569604 0.410001 0.569604 0.569604 0.41 0.569604 0.569604 0.569604 0.569604 0.569604 0.569604 0.410002 0.569604 0.569604 0.418999 0.569604 0.569604 0.569604 0.569604 0.569604 0.569604 0.410904 0.569604 0.569604 0.56098 0.569604 0.569604 0.569604 0.569604 0.569604 0.569604 0.41 0.569604 0.569604 0.546908 0.569604 0.569604 0.569604 0.569604 0.569604 0.569604 0.410018 0.569604 0.569604 0.411958 0.569604 0.569604 0.569604 0.569604 0.569604 0.569604 0.569604 0.569604 0.569604 0.569604 0.569604 0.569604 0.569604 0.569604 0.569604 0.569604 0.569604 0.569604 0.569604 0.569604 0.569604 0.569604 0.569604 0.569604 0.569604 0.569604 0.569604 0.569604 0.569604 0.569604 0.569604 0.569604 0.569604 0.569604 0.569604 0.569604 0.569604 0.569604 0.569604 0.569604 0.569604 0.569604 0.569604 0.569604 0.569604 0.569604 0.569604 0.569604 0.569604 0.569604 0.569604 0.569604 0.569604 0.569604 0.569604 0.569604 0.569604 0.569604 0.569604 0.569604 0.569604 0.569604 0.569604 0.569604 0.569604 0.569604 0.569604 0.569604 0.569604 0.569604 0.569604 0.569604 0.569604 0.569604 0.569604 0.569604 0.569604 0.569604 0.569604 0.569604 0.569604 0.569604 0.569604 0.569604 0.569604 0.569604 0.569604 0.569604 0.569604 0.569604 0.569604 0.569604 0.569604 0.569604 0.569604 0.569604 0.569604 0.569604 0.569604 0.569604 0.569604 0.569604 0.569604 0.569604 0.569604 0.569604 0.569604 0.569604 0.569604 0.569604 0.569604 0.569604 0.410083 0.569604 0.569604 0.569604 0.569604 0.569604 0.569604 0.569604 0.569604 0.569604 0.554919 0.569604 0.569604 0.569604 0.569604 0.569604 0.569604 0.569604 0.569604 0.569604 0.433505 0.569604 0.569604 0.569604 0.569604 0.569604 0.569604 0.569604 0.569604 0.569604 0.410155 0.569604 0.569604 0.569604 0.569604 0.569604 0.569604 0.569604 0.569604 0.569604 0.468794 0.569604 0.569604 0.569604 0.569604 0.569604 0.569604 0.569604 0.569604 0.569604 0.568699 0.569604 0.569604 0.569604 0.569604 0.569604 0.569604 0.569604 0.569604 0.569604 0.41 0.569604 0.569604 0.569604 0.569604 0.569604 0.569604 0.569604 0.569604 0.569604 0.569031 0.569604 0.569604 0.569604 0.569604 0.569604 0.569604 0.569604 0.569604 0.569604 0.410001 0.569604 0.569604 0.569604 0.569604 0.569604 0.569604 0.569604 0.569604 0.569604 0.41 0.569604 0.569604 0.569604 0.41 0.569604 0.569604 0.569388 0.569604 0.569604 0.569604 0.569604 0.569604 0.569604 0.418114 0.569604 0.569604 0.410617 0.569604 0.569604 0.569604 0.569604 0.569604 0.569604 0.413338 0.569604 0.569604 0.41 0.569604 0.569604 0.569604 0.569604 0.569604 0.569604 0.41 0.569604 0.569604 0.475539 0.569604 0.569604 0.569604 0.569604 0.569604 0.569604 0.54771 0.569604 0.569604 0.567109 0.569604 0.569604 0.569604 0.569604 0.569604 0.569604 0.564412 0.569604 0.569604 0.41 0.569604 0.569604 0.569604 0.569604 0.569604 0.569604 0.41 0.569604 0.569604 0.410001 0.569604 0.569604 0.569604 0.569604 0.569604 0.569604 0.41 0.569604 0.569604 0.41718 0.569604 0.569604 0.569604 0.569604 0.569604 0.569604 0.41 0.569604 0.569604 0.41 0.569604 0.569604 0.569604 0.569604 0.569604 0.569604 0.509489 0.569604 0.569604 0.410344 0.569604 0.569604 0.569604 0.569604 0.569604 0.569604 0.569604 0.569604 0.569604 0.569604 0.569604 0.569604 0.569604 0.569604 0.569604 0.569604 0.569604 0.569604 0.569604 0.569604 0.569604 0.569604 0.569604 0.569604 0.569604 0.569604 0.569604 0.569604 0.569604 0.569604 0.569604 0.569604 0.569604 0.569604 0.569604 0.569604 0.569604 0.569604 0.569604 0.569604 0.569604 0.569604 0.569604 0.569604 0.569604 0.569604 0.569604 0.569604 0.569604 0.569604 0.569604 0.569604 0.569604 0.569604 0.569604 0.569604 0.569604 0.569604 0.569604 0.569604 0.569604 0.569604 0.569604 0.569604 0.569604 0.569604 0.569604 0.569604 0.569604 0.569604 0.569604 0.569604 0.569604 0.569604 0.569604 0.569604 0.569604 0.569604 0.569604 0.569604 0.569604 0.569604 0.569604 0.569604 0.569604 0.569604 0.569604 0.569604 0.569604 0.569604 0.569604 0.569604 0.569604 0.569604 0.569604 0.569604 0.569604 0.569604 0.569604 0.569604 0.569604 0.569604 0.569604 0.569604 0.569604 0.569604 0.569604 0.569604 0.569604 0.569604 0.569604 0.569604 0.41 0.569604 0.569604 0.569604 0.569604 0.569604 0.569604 0.569604 0.569604 0.569604 0.561473 0.569604 0.569604 0.569604 0.569604 0.569604 0.569604 0.569604 0.569604 0.569604 0.568573 0.569604 0.569604 0.569604 0.569604 0.569604 0.569604 0.569604 0.569604 0.569604 0.41062 0.569604 0.569604 0.569604 0.569604 0.569604 0.569604 0.569604 0.569604 0.569604 0.41 0.569604 0.569604 0.569604 0.569604 0.569604 0.569604 0.569604 0.569604 0.569604 0.41 0.569604 0.569604 0.569604 0.569604 0.569604 0.569604 0.569604 0.569604 0.569604 0.56875 0.569604 0.569604 0.569604 0.569604 0.569604 0.569604 0.569604 0.569604 0.569604 0.41 0.569604 0.569604 0.569604 0.569604 0.569604 0.569604 0.569604 0.569604 0.569604 0.41 0.569604 0.569604 0.569604 0.569604 0.569604 0.569604 0.569604 0.569604 0.569604 0.41 0.569604 0.569604 0.569604 0.527843 0.569604 0.569604 0.569176 0.569604 0.569604 0.569604 0.569604 0.569604 0.569604 0.567426 0.569604 0.569604 0.569417 0.569604 0.569604 0.569604 0.569604 0.569604 0.569604 0.410173 0.569604 0.569604 0.41 0.569604 0.569604 0.569604 0.569604 0.569604 0.569604 0.569432 0.569604 0.569604 0.462992 0.569604 0.569604 0.569604 0.569604 0.569604 0.569604 0.410012 0.569604 0.569604 0.568168 0.569604 0.569604 0.569604 0.569604 0.569604 0.569604 0.41 0.569604 0.569604 0.41 0.569604 0.569604 0.569604 0.569604 0.569604 0.569604 0.564862 0.569604 0.569604 0.567439 0.569604 0.569604 0.569604 0.569604 0.569604 0.569604 0.410214 0.569604 0.569604 0.41 0.569604 0.569604 0.569604 0.569604 0.569604 0.569604 0.420335 0.569604 0.569604 0.41 0.569604 0.569604 0.569604 0.569604 0.569604 0.569604 0.410333 0.569604 0.569604 0.41 0.569604 0.569604 0.569604 0.569604 0.569604 0.569604 0.569604 0.569604 0.569604 0.569604 0.569604 0.569604 0.569604 0.569604 0.569604 0.569604 0.569604 0.569604 0.569604 0.569604 0.569604 0.569604 0.569604 0.569604 0.569604 0.569604 0.569604 0.569604 0.569604 0.569604 0.569604 0.569604 0.569604 0.569604 0.569604 0.569604 0.569604 0.569604 0.569604 0.569604 0.569604 0.569604 0.569604 0.569604 0.569604 0.569604 0.569604 0.569604 0.569604 0.569604 0.569604 0.569604 0.569604 0.569604 0.569604 0.569604 0.569604 0.569604 0.569604 0.569604 0.569604 0.569604 0.569604 0.569604 0.569604 0.569604 0.569604 0.569604 0.569604 0.569604 0.569604 0.569604 0.569604 0.569604 0.569604 0.569604 0.569604 0.569604 0.569604 0.569604 0.569604 0.569604 0.569604 0.569604 0.569604 0.569604 0.569604 0.569604 0.569604 0.569604 0.569604 0.569604 0.569604 0.569604 0.569604 0.569604 0.569604 0.569604 0.569604 0.569604 0.569604 0.569604 0.569604 0.569604 0.569604 0.569604 0.569604 0.569604 0.569604 0.569604 0.569604 0.569604 0.526785 0.569604 0.569604 0.569604 0.569604 0.569604 0.569604 0.569604 0.569604 0.569604 0.553045 0.569604 0.569604 0.569604 0.569604 0.569604 0.569604 0.569604 0.569604 0.569604 0.410002 0.569604 0.569604 0.569604 0.569604 0.569604 0.569604 0.569604 0.569604 0.569604 0.410427 0.569604 0.569604 0.569604 0.569604 0.569604 0.569604 0.569604 0.569604 0.569604 0.410002 0.569604 0.569604 0.569604 0.569604 0.569604 0.569604 0.569604 0.569604 0.569604 0.410084 0.569604 0.569604 0.569604 0.569604 0.569604 0.569604 0.569604 0.569604 0.569604 0.530774 0.569604 0.569604 0.569604 0.569604 0.569604 0.569604 0.569604 0.569604 0.569604 0.410001 0.569604 0.569604 0.569604 0.569604 0.569604 0.569604 0.569604 0.569604 0.569604 0.41 0.569604 0.569604 0.569604 0.569604 0.569604 0.569604 0.569604 0.569604 0.569604 0.425162 0.569604 0.569604 0.569604 0.569604 0.569604 0.569604 0.569604 0.569604 0.569604 0.41 0.569604 0.569604 0.569604 0.569604 0.569604 0.569604 0.569604 0.569604 0.569604 0.412262 0.569604 0.569604 0.569604 0.569604 0.569604 0.569604 0.569604 0.569604 0.569604 0.41 0.569604 0.569604 0.569604 0.569604 0.569604 0.569604 0.569604 0.569604 0.569604 0.41 0.569604 0.569604 0.569604 0.569604 0.569604 0.569604 0.569604 0.569604 0.569604 0.410003 0.569604 0.569604 0.569604 0.569604 0.569604 0.569604 0.569604 0.569604 0.569604 0.533136 0.569604 0.569604 0.569604 0.569604 0.569604 0.569604 0.569604 0.569604 0.569604 0.41 0.569604 0.569604 0.569604 0.569604 0.569604 0.569604 0.569604 0.569604 0.569604 0.41 0.569604 0.569604 0.569604 0.569604 0.569604 0.569604 0.569604 0.569604 0.569604 0.410005 0.569604 0.569604 0.569604 0.569604 0.569604 0.569604 0.569604 0.569604 0.569604 0.467991 0.569604 0.569604 0.569604 0.471057 0.569604 0.569604 0.410518 0.569604 0.569604 0.569604 0.569604 0.569604 0.569604 0.410052 0.569604 0.569604 0.455302 0.569604 0.569604 0.569604 0.569604 0.569604 0.569604 0.410003 0.569604 0.569604 0.569056 0.569604 0.569604 0.569604 0.569604 0.569604 0.569604 0.564887 0.569604 0.569604 0.530971 0.569604 0.569604 0.569604 0.569604 0.569604 0.569604 0.410001 0.569604 0.569604 0.568178 0.569604 0.569604 0.569604 0.569604 0.569604 0.569604 0.568524 0.569604 0.569604 0.567722 0.569604 0.569604 0.569604 0.569604 0.569604 0.569604 0.411297 0.569604 0.569604 0.429264 0.569604 0.569604 0.569604 0.569604 0.569604 0.569604 0.41 0.569604 0.569604 0.41009 0.569604 0.569604 0.569604 0.569604 0.569604 0.569604 0.564738 0.569604 0.569604 0.520989 0.569604 0.569604 0.569604 0.569604 0.569604 0.569604 0.564601 0.569604 0.569604 0.451098 0.569604 0.569604 0.569604 0.569604 0.569604 0.569604 0.569604 0.569604 0.569604 0.569604 0.569604 0.569604 0.569604 0.569604 0.569604 0.569604 0.569604 0.569604 0.569604 0.569604 0.569604 0.569604 0.569604 0.569604 0.569604 0.569604 0.569604 0.569604 0.569604 0.569604 0.569604 0.569604 0.569604 0.569604 0.569604 0.569604 0.569604 0.569604 0.569604 0.569604 0.569604 0.569604 0.569604 0.569604 0.569604 0.569604 0.569604 0.569604 0.569604 0.569604 0.569604 0.569604 0.569604 0.569604 0.569604 0.569604 0.569604 0.569604 0.569604 0.569604 0.569604 0.569604 0.569604 0.569604 0.569604 0.569604 0.569604 0.569604 0.569604 0.569604 0.569604 0.569604 0.569604 0.569604 0.569604 0.569604 0.569604 0.569604 0.569604 0.569604 0.569604 0.569604 0.569604 0.569604 0.569604 0.569604 0.569604 0.569604 0.569604 0.569604 0.569604 0.569604 0.569604 0.569604 0.569604 0.569604 0.569604 0.569604 0.569604 0.569604 0.569604 0.569604 0.569604 0.569604 0.569604 0.569604 0.569604 0.569604 0.569604 0.569604 0.569604 0.569604 0.434153 0.569604 0.569604 0.569604 0.569604 0.569604 0.569604 0.569604 0.569604 0.569604 0.423102 0.569604 0.569604 0.569604 0.569604 0.569604 0.569604 0.569604 0.569604 0.569604 0.41 0.569604 0.569604 0.569604 0.569604 0.569604 0.569604 0.569604 0.569604 0.569604 0.410001 0.569604 0.569604 0.569604 0.569604 0.569604 0.569604 0.569604 0.569604 0.569604 0.410008 0.569604 0.569604 0.569604 0.569604 0.569604 0.569604 0.569604 0.569604 0.569604 0.41 0.569604 0.569604 0.569604 0.569604 0.569604 0.569604 0.569604 0.569604 0.569604 0.566608 0.569604 0.569604 0.569604 0.569604 0.569604 0.569604 0.569604 0.569604 0.569604 0.461179 0.569604 0.569604 0.569604 0.569604 0.569604 0.569604 0.569604 0.569604 0.569604 0.41 0.569604 0.569604 0.569604 0.569604 0.569604 0.569604 0.569604 0.569604 0.569604 0.569025 0.569604 0.569604 0.569604 0.437929 0.569604 0.569604 0.41032 0.569604 0.569604 0.569604 0.569604 0.569604 0.569604 0.547763 0.569604 0.569604 0.563095 0.569604 0.569604 0.569604 0.569604 0.569604 0.569604 0.410015 0.569604 0.569604 0.41017 0.569604 0.569604 0.569604 0.569604 0.569604 0.569604 0.487345 0.569604 0.569604 0.566069 0.569604 0.569604 0.569604 0.569604 0.569604 0.569604 0.41 0.569604 0.569604 0.410001 0.569604 0.569604 0.569604 0.569604 0.569604 0.569604 0.41 0.569604 0.569604 0.41 0.569604 0.569604 0.569604 0.569604 0.569604 0.569604 0.410001 0.569604 0.569604 0.41 0.569604 0.569604 0.569604 0.569604 0.569604 0.569604 0.410908 0.569604 0.569604 0.41 0.569604 0.569604 0.569604 0.569604 0.569604 0.569604 0.41 0.569604 0.569604 0.568557 0.569604 0.569604 0.569604 0.569604 0.569604 0.569604 0.41 0.569604 0.569604 0.519589 0.569604 0.569604 0.569604 0.569604 0.569604 0.569604 0.569604 0.569604 0.569604 0.569604 0.569604 0.569604 0.569604 0.569604 0.569604 0.569604 0.569604 0.569604 0.569604 0.569604 0.569604 0.569604 0.569604 0.569604 0.569604 0.569604 0.569604 0.569604 0.569604 0.569604 0.569604 0.569604 0.569604 0.569604 0.569604 0.569604 0.569604 0.569604 0.569604 0.569604 0.569604 0.569604 0.569604 0.569604 0.569604 0.569604 0.569604 0.569604 0.569604 0.569604 0.569604 0.569604 0.569604 0.569604 0.569604 0.569604 0.569604 0.569604 0.569604 0.569604 0.569604 0.569604 0.569604 0.569604 0.569604 0.569604 0.569604 0.569604 0.569604 0.569604 0.569604 0.569604 0.569604 0.569604 0.569604 0.569604 0.569604 0.569604 0.569604 0.569604 0.569604 0.569604 0.569604 0.569604 0.569604 0.569604 0.569604 0.569604 0.569604 0.569604 0.569604 0.569604 0.569604 0.569604 0.569604 0.569604 0.569604 0.569604 0.569604 0.569604 0.569604 0.569604 0.569604 0.569604 0.569604 0.569604 0.569604 0.569604 0.569604 0.569604 0.569604 0.569604 0.41 0.569604 0.569604 0.569604 0.569604 0.569604 0.569604 0.569604 0.569604 0.569604 0.524236 0.569604 0.569604 0.569604 0.569604 0.569604 0.569604 0.569604 0.569604 0.569604 0.5604 0.569604 0.569604 0.569604 0.569604 0.569604 0.569604 0.569604 0.569604 0.569604 0.555402 0.569604 0.569604 0.569604 0.569604 0.569604 0.569604 0.569604 0.569604 0.569604 0.412514 0.569604 0.569604 0.569604 0.569604 0.569604 0.569604 0.569604 0.569604 0.569604 0.569158 0.569604 0.569604 0.569604 0.569604 0.569604 0.569604 0.569604 0.569604 0.569604 0.560639 0.569604 0.569604 0.569604 0.569604 0.569604 0.569604 0.569604 0.569604 0.569604 0.410253 0.569604 0.569604 0.569604 0.569604 0.569604 0.569604 0.569604 0.569604 0.569604 0.568675 0.569604 0.569604 0.569604 0.569604 0.569604 0.569604 0.569604 0.569604 0.569604 0.41 0.569604 0.569604 0.569604 0.41 0.569604 0.569604 0.41 0.569604 0.569604 0.569604 0.569604 0.569604 0.569604 0.41001 0.569604 0.569604 0.41 0.569604 0.569604 0.569604 0.569604 0.569604 0.569604 0.493727 0.569604 0.569604 0.557945 0.569604 0.569604 0.569604 0.569604 0.569604 0.569604 0.566753 0.569604 0.569604 0.569431 0.569604 0.569604 0.569604 0.569604 0.569604 0.569604 0.410002 0.569604 0.569604 0.567615 0.569604 0.569604 0.569604 0.569604 0.569604 0.569604 0.410022 0.569604 0.569604 0.529798 0.569604 0.569604 0.569604 0.569604 0.569604 0.569604 0.41 0.569604 0.569604 0.41 0.569604 0.569604 0.569604 0.569604 0.569604 0.569604 0.41 0.569604 0.569604 0.558207 0.569604 0.569604 0.569604 0.569604 0.569604 0.569604 0.41 0.569604 0.569604 0.41 0.569604 0.569604 0.569604 0.569604 0.569604 0.569604 0.47829 0.569604 0.569604 0.413035 0.569604 0.569604 0.569604 0.569604 0.569604 0.569604 0.569604 0.569604 0.569604 0.569604 0.569604 0.569604 0.569604 0.569604 0.569604 0.569604 0.569604 0.569604 0.569604 0.569604 0.569604 0.569604 0.569604 0.569604 0.569604 0.569604 0.569604 0.569604 0.569604 0.569604 0.569604 0.569604 0.569604 0.569604 0.569604 0.569604 0.569604 0.569604 0.569604 0.569604 0.569604 0.569604 0.569604 0.569604 0.569604 0.569604 0.569604 0.569604 0.569604 0.569604 0.569604 0.569604 0.569604 0.569604 0.569604 0.569604 0.569604 0.569604 0.569604 0.569604 0.569604 0.569604 0.569604 0.569604 0.569604 0.569604 0.569604 0.569604 0.569604 0.569604 0.569604 0.569604 0.569604 0.569604 0.569604 0.569604 0.569604 0.569604 0.569604 0.569604 0.569604 0.569604 0.569604 0.569604 0.569604 0.569604 0.569604 0.569604 0.569604 0.569604 0.569604 0.569604 0.569604 0.569604 0.569604 0.569604 0.569604 0.569604 0.569604 0.569604 0.569604 0.569604 0.569604 0.569604 0.569604 0.569604 0.569604 0.569604 0.569604 0.569604 0.569604 0.569604 0.423777 0.569604 0.569604 0.569604 0.569604 0.569604 0.569604 0.569604 0.569604 0.569604 0.494752 0.569604 0.569604 0.569604 0.569604 0.569604 0.569604 0.569604 0.569604 0.569604 0.41 0.569604 0.569604 0.569604 0.569604 0.569604 0.569604 0.569604 0.569604 0.569604 0.534888 0.569604 0.569604 0.569604 0.569604 0.569604 0.569604 0.569604 0.569604 0.569604 0.41 0.569604 0.569604 0.569604 0.569604 0.569604 0.569604 0.569604 0.569604 0.569604 0.410236 0.569604 0.569604 0.569604 0.569604 0.569604 0.569604 0.569604 0.569604 0.569604 0.481423 0.569604 0.569604 0.569604 0.569604 0.569604 0.569604 0.569604 0.569604 0.569604 0.566417 0.569604 0.569604 0.569604 0.569604 0.569604 0.569604 0.569604 0.569604 0.569604 0.449965 0.569604 0.569604 0.569604 0.569604 0.569604 0.569604 0.569604 0.569604 0.569604 0.410059 0.569604 0.569604 0.569604 0.569604 0.569604 0.569604 0.569604 0.569604 0.569604 0.43322 0.569604 0.569604 0.569604 0.569604 0.569604 0.569604 0.569604 0.569604 0.569604 0.568359 0.569604 0.569604 0.569604 0.569604 0.569604 0.569604 0.569604 0.569604 0.569604 0.439344 0.569604 0.569604 0.569604 0.569604 0.569604 0.569604 0.569604 0.569604 0.569604 0.433102 0.569604 0.569604 0.569604 0.569604 0.569604 0.569604 0.569604 0.569604 0.569604 0.427165 0.569604 0.569604 0.569604 0.569604 0.569604 0.569604 0.569604 0.569604 0.569604 0.410011 0.569604 0.569604 0.569604 0.569604 0.569604 0.569604 0.569604 0.569604 0.569604 0.41492 0.569604 0.569604 0.569604 0.569604 0.569604 0.569604 0.569604 0.569604 0.569604 0.41 0.569604 0.569604 0.569604 0.569604 0.569604 0.569604 0.569604 0.569604 0.569604 0.41 0.569604 0.569604 0.569604 0.569604 0.569604 0.569604 0.569604 0.569604 0.569604 0.410168 0.569604 0.569604 0.569604 0.561368 0.569604 0.569604 0.410018 0.569604 0.569604 0.569604 0.569604 0.569604 0.569604 0.41 0.569604 0.569604 0.410547 0.569604 0.569604 0.569604 0.569604 0.569604 0.569604 0.541741 0.569604 0.569604 0.506609 0.569604 0.569604 0.569604 0.569604 0.569604 0.569604 0.41 0.569604 0.569604 0.500518 0.569604 0.569604 0.569604 0.569604 0.569604 0.569604 0.564114 0.569604 0.569604 0.41 0.569604 0.569604 0.569604 0.569604 0.569604 0.569604 0.410001 0.569604 0.569604 0.418351 0.569604 0.569604 0.569604 0.569604 0.569604 0.569604 0.535079 0.569604 0.569604 0.532189 0.569604 0.569604 0.569604 0.569604 0.569604 0.569604 0.560774 0.569604 0.569604 0.41 0.569604 0.569604 0.569604 0.569604 0.569604 0.569604 0.557708 0.569604 0.569604 0.41038 0.569604 0.569604 0.569604 0.569604 0.569604 0.569604 0.41 0.569604 0.569604 0.435234 0.569604 0.569604 0.569604 0.569604 0.569604 0.569604 0.569604 0.569604 0.569604 0.569604 0.569604 0.569604 0.569604 0.569604 0.569604 0.569604 0.569604 0.569604 0.569604 0.569604 0.569604 0.569604 0.569604 0.569604 0.569604 0.569604 0.569604 0.569604 0.569604 0.569604 0.569604 0.569604 0.569604 0.569604 0.569604 0.569604 0.569604 0.569604 0.569604 0.569604 0.569604 0.569604 0.569604 0.569604 0.569604 0.569604 0.569604 0.569604 0.569604 0.569604 0.569604 0.569604 0.569604 0.569604 0.569604 0.569604 0.569604 0.569604 0.569604 0.569604 0.569604 0.569604 0.569604 0.569604 0.569604 0.569604 0.569604 0.569604 0.569604 0.569604 0.569604 0.569604 0.569604 0.569604 0.569604 0.569604 0.569604 0.569604 0.569604 0.569604 0.569604 0.569604 0.569604 0.569604 0.569604 0.569604 0.569604 0.569604 0.569604 0.569604 0.569604 0.569604 0.569604 0.569604 0.569604 0.569604 0.569604 0.569604 0.569604 0.569604 0.569604 0.569604 0.569604 0.569604 0.569604 0.569604 0.569604 0.569604 0.569604 0.569604 0.569604 0.569604 0.448229 0.569604 0.569604 0.569604 0.569604 0.569604 0.569604 0.569604 0.569604 0.569604 0.410003 0.569604 0.569604 0.569604 0.569604 0.569604 0.569604 0.569604 0.569604 0.569604 0.41957 0.569604 0.569604 0.569604 0.569604 0.569604 0.569604 0.569604 0.569604 0.569604 0.41 0.569604 0.569604 0.569604 0.569604 0.569604 0.569604 0.569604 0.569604 0.569604 0.568707 0.569604 0.569604 0.569604 0.569604 0.569604 0.569604 0.569604 0.569604 0.569604 0.435551 0.569604 0.569604 0.569604 0.569604 0.569604 0.569604 0.569604 0.569604 0.569604 0.568913 0.569604 0.569604 0.569604 0.569604 0.569604 0.569604 0.569604 0.569604 0.569604 0.566395 0.569604 0.569604 0.569604 0.569604 0.569604 0.569604 0.569604 0.569604 0.569604 0.410006 0.569604 0.569604 0.569604 0.569604 0.569604 0.569604 0.569604 0.569604 0.569604 0.568192 0.569604 0.569604 0.569604 0.410021 0.569604 0.569604 0.41 0.569604 0.569604 0.569604 0.569604 0.569604 0.569604 0.41 0.569604 0.569604 0.566136 0.569604 0.569604 0.569604 0.569604 0.569604 0.569604 0.410002 0.569604 0.569604 0.41 0.569604 0.569604 0.569604 0.569604 0.569604 0.569604 0.559236 0.569604 0.569604 0.41 0.569604 0.569604 0.569604 0.569604 0.569604 0.569604 0.410588 0.569604 0.569604 0.417269 0.569604 0.569604 0.569604 0.569604 0.569604 0.569604 0.41 0.569604 0.569604 0.569157 0.569604 0.569604 0.569604 0.569604 0.569604 0.569604 0.433956 0.569604 0.569604 0.419632 0.569604 0.569604 0.569604 0.569604 0.569604 0.569604 0.56581 0.569604 0.569604 0.506828 0.569604 0.569604 0.569604 0.569604 0.569604 0.569604 0.567409 0.569604 0.569604 0.410923 0.569604 0.569604 0.569604 0.569604 0.569604 0.569604 0.410001 0.569604 0.569604 0.446733 0.569604 0.569604 0.569604 0.569604 0.569604 0.569604 0.569604 0.569604 0.569604 0.569604 0.569604 0.569604 0.569604 0.569604 0.569604 0.569604 0.569604 0.569604 0.569604 0.569604 0.569604 0.569604 0.569604 0.569604 0.569604 0.569604 0.569604 0.569604 0.569604 0.569604 0.569604 0.569604 0.569604 0.569604 0.569604 0.569604 0.569604 0.569604 0.569604 0.569604 0.569604 0.569604 0.569604 0.569604 0.569604 0.569604 0.569604 0.569604 0.569604 0.569604 0.569604 0.569604 0.569604 0.569604 0.569604 0.569604 0.569604 0.569604 0.569604 0.569604 0.569604 0.569604 0.569604 0.569604 0.569604 0.569604 0.569604 0.569604 0.569604 0.569604 0.569604 0.569604 0.569604 0.569604 0.569604 0.569604 0.569604 0.569604 0.569604 0.569604 0.569604 0.569604 0.569604 0.569604 0.569604 0.569604 0.569604 0.569604 0.569604 0.569604 0.569604 0.569604 0.569604 0.569604 0.569604 0.569604 0.569604 0.569604 0.569604 0.569604 0.569604 0.569604 0.569604 0.569604 0.569604 0.569604 0.569604 0.569604 0.569604 0.569604 0.569604 0.569604 0.41027 0.569604 0.569604 0.569604 0.569604 0.569604 0.569604 0.569604 0.569604 0.569604 0.432637 0.569604 0.569604 0.569604 0.569604 0.569604 0.569604 0.569604 0.569604 0.569604 0.410129 0.569604 0.569604 0.569604 0.569604 0.569604 0.569604 0.569604 0.569604 0.569604 0.410001 0.569604 0.569604 0.569604 0.569604 0.569604 0.569604 0.569604 0.569604 0.569604 0.41 0.569604 0.569604 0.569604 0.569604 0.569604 0.569604 0.569604 0.569604 0.569604 0.410243 0.569604 0.569604 0.569604 0.569604 0.569604 0.569604 0.569604 0.569604 0.569604 0.41 0.569604 0.569604 0.569604 0.569604 0.569604 0.569604 0.569604 0.569604 0.569604 0.410765 0.569604 0.569604 0.569604 0.569604 0.569604 0.569604 0.569604 0.569604 0.569604 0.410296 0.569604 0.569604 0.569604 0.569604 0.569604 0.569604 0.569604 0.569604 0.569604 0.41 0.569604 0.569604 0.569604 0.410028 0.569604 0.569604 0.549259 0.569604 0.569604 0.569604 0.569604 0.569604 0.569604 0.41 0.569604 0.569604 0.410878 0.569604 0.569604 0.569604 0.569604 0.569604 0.569604 0.41 0.569604 0.569604 0.568852 0.569604 0.569604 0.569604 0.569604 0.569604 0.569604 0.435501 0.569604 0.569604 0.567261 0.569604 0.569604 0.569604 0.569604 0.569604 0.569604 0.43319 0.569604 0.569604 0.41 0.569604 0.569604 0.569604 0.569604 0.569604 0.569604 0.420356 0.569604 0.569604 0.568809 0.569604 0.569604 0.569604 0.569604 0.569604 0.569604 0.410144 0.569604 0.569604 0.55757 0.569604 0.569604 0.569604 0.569604 0.569604 0.569604 0.42749 0.569604 0.569604 0.41 0.569604 0.569604 0.569604 0.569604 0.569604 0.569604 0.559915 0.569604 0.569604 0.45884 0.569604 0.569604 0.569604 0.569604 0.569604 0.569604 0.41 0.569604 0.569604 0.410001 0.569604 0.569604 0.569604 0.569604 0.569604 0.569604 0.569604 0.569604 0.569604 0.569604 0.569604 0.569604 0.569604 0.569604 0.569604 0.569604 0.569604 0.569604 0.569604 0.569604 0.569604 0.569604 0.569604 0.569604 0.569604 0.569604 0.569604 0.569604 0.569604 0.569604 0.569604 0.569604 0.569604 0.569604 0.569604 0.569604 0.569604 0.569604 0.569604 0.569604 0.569604 0.569604 0.569604 0.569604 0.569604 0.569604 0.569604 0.569604 0.569604 0.569604 0.569604 0.569604 0.569604 0.569604 0.569604 0.569604 0.569604 0.569604 0.569604 0.569604 0.569604 0.569604 0.569604 0.569604 0.569604 0.569604 0.569604 0.569604 0.569604 0.569604 0.569604 0.569604 0.569604 0.569604 0.569604 0.569604 0.569604 0.569604 0.569604 0.569604 0.569604 0.569604 0.569604 0.569604 0.569604 0.569604 0.569604 0.569604 0.569604 0.569604 0.569604 0.569604 0.569604 0.569604 0.569604 0.569604 0.569604 0.569604 0.569604 0.569604 0.569604 0.569604 0.569604 0.569604 0.569604 0.569604 0.569604 0.569604 0.569604 0.569604 0.569604 0.569604 0.41 0.569604 0.569604 0.569604 0.569604 0.569604 0.569604 0.569604 0.569604 0.569604 0.437142 0.569604 0.569604 0.569604 0.569604 0.569604 0.569604 0.569604 0.569604 0.569604 0.53529 0.569604 0.569604 0.569604 0.569604 0.569604 0.569604 0.569604 0.569604 0.569604 0.44565 0.569604 0.569604 0.569604 0.569604 0.569604 0.569604 0.569604 0.569604 0.569604 0.429379 0.569604 0.569604 0.569604 0.569604 0.569604 0.569604 0.569604 0.569604 0.569604 0.410059 0.569604 0.569604 0.569604 0.569604 0.569604 0.569604 0.569604 0.569604 0.569604 0.41 0.569604 0.569604 0.569604 0.569604 0.569604 0.569604 0.569604 0.569604 0.569604 0.41 0.569604 0.569604 0.569604 0.569604 0.569604 0.569604 0.569604 0.569604 0.569604 0.547215 0.569604 0.569604 0.569604 0.569604 0.569604 0.569604 0.569604 0.569604 0.569604 0.515008 0.569604 0.569604 0.569604 0.569604 0.569604 0.569604 0.569604 0.569604 0.569604 0.410265 0.569604 0.569604 0.569604 0.569604 0.569604 0.569604 0.569604 0.569604 0.569604 0.440894 0.569604 0.569604 0.569604 0.569604 0.569604 0.569604 0.569604 0.569604 0.569604 0.410009 0.569604 0.569604 0.569604 0.569604 0.569604 0.569604 0.569604 0.569604 0.569604 0.410016 0.569604 0.569604 0.569604 0.569604 0.569604 0.569604 0.569604 0.569604 0.569604 0.41 0.569604 0.569604 0.569604 0.569604 0.569604 0.569604 0.569604 0.569604 0.569604 0.41016 0.569604 0.569604 0.569604 0.569604 0.569604 0.569604 0.569604 0.569604 0.569604 0.41 0.569604 0.569604 0.569604 0.569604 0.569604 0.569604 0.569604 0.569604 0.569604 0.509017 0.569604 0.569604 0.569604 0.569604 0.569604 0.569604 0.569604 0.569604 0.569604 0.41 0.569604 0.569604 0.569604 0.569604 0.569604 0.569604 0.569604 0.569604 0.569604 0.427694 0.569604 0.569604 0.569604 0.569352 0.569604 0.569604 0.41 0.569604 0.569604 0.569604 0.569604 0.569604 0.569604 0.435543 0.569604 0.569604 0.41 0.569604 0.569604 0.569604 0.569604 0.569604 0.569604 0.41 0.569604 0.569604 0.41 0.569604 0.569604 0.569604 0.569604 0.569604 0.569604 0.566602 0.569604 0.569604 0.568498 0.569604 0.569604 0.569604 0.569604 0.569604 0.569604 0.413087 0.569604 0.569604 0.569206 0.569604 0.569604 0.569604 0.569604 0.569604 0.569604 0.548324 0.569604 0.569604 0.41 0.569604 0.569604 0.569604 0.569604 0.569604 0.569604 0.522639 0.569604 0.569604 0.555225 0.569604 0.569604 0.569604 0.569604 0.569604 0.569604 0.41 0.569604 0.569604 0.490635 0.569604 0.569604 0.569604 0.569604 0.569604 0.569604 0.552519 0.569604 0.569604 0.41 0.569604 0.569604 0.569604 0.569604 0.569604 0.569604 0.416918 0.569604 0.569604 0.55046 0.569604 0.569604 0.569604 0.569604 0.569604 0.569604 0.569604 0.569604 0.569604 0.569604 0.569604 0.569604 0.569604 0.569604 0.569604 0.569604 0.569604 0.569604 0.569604 0.569604 0.569604 0.569604 0.569604 0.569604 0.569604 0.569604 0.569604 0.569604 0.569604 0.569604 0.569604 0.569604 0.569604 0.569604 0.569604 0.569604 0.569604 0.569604 0.569604 0.569604 0.569604 0.569604 0.569604 0.569604 0.569604 0.569604 0.569604 0.569604 0.569604 0.569604 0.569604 0.569604 0.569604 0.569604 0.569604 0.569604 0.569604 0.569604 0.569604 0.569604 0.569604 0.569604 0.569604 0.569604 0.569604 0.569604 0.569604 0.569604 0.569604 0.569604 0.569604 0.569604 0.569604 0.569604 0.569604 0.569604 0.569604 0.569604 0.569604 0.569604 0.569604 0.569604 0.569604 0.569604 0.569604 0.569604 0.569604 0.569604 0.569604 0.569604 0.569604 0.569604 0.569604 0.569604 0.569604 0.569604 0.569604 0.569604 0.569604 0.569604 0.569604 0.569604 0.569604 0.569604 0.569604 0.569604 0.569604 0.569604 0.569604 0.569604 0.569604 0.569604 0.414857 0.569604 0.569604 0.569604 0.569604 0.569604 0.569604 0.569604 0.569604 0.569604 0.41 0.569604 0.569604 0.569604 0.569604 0.569604 0.569604 0.569604 0.569604 0.569604 0.41 0.569604 0.569604 0.569604 0.569604 0.569604 0.569604 0.569604 0.569604 0.569604 0.565223 0.569604 0.569604 0.569604 0.569604 0.569604 0.569604 0.569604 0.569604 0.569604 0.41 0.569604 0.569604 0.569604 0.569604 0.569604 0.569604 0.569604 0.569604 0.569604 0.41 0.569604 0.569604 0.569604 0.569604 0.569604 0.569604 0.569604 0.569604 0.569604 0.566204 0.569604 0.569604 0.569604 0.569604 0.569604 0.569604 0.569604 0.569604 0.569604 0.41 0.569604 0.569604 0.569604 0.569604 0.569604 0.569604 0.569604 0.569604 0.569604 0.452151 0.569604 0.569604 0.569604 0.569604 0.569604 0.569604 0.569604 0.569604 0.569604 0.41 0.569604 0.569604 0.569604 0.41009 0.569604 0.569604 0.563983 0.569604 0.569604 0.569604 0.569604 0.569604 0.569604 0.450427 0.569604 0.569604 0.41 0.569604 0.569604 0.569604 0.569604 0.569604 0.569604 0.41 0.569604 0.569604 0.48019 0.569604 0.569604 0.569604 0.569604 0.569604 0.569604 0.41001 0.569604 0.569604 0.567941 0.569604 0.569604 0.569604 0.569604 0.569604 0.569604 0.41 0.569604 0.569604 0.562007 0.569604 0.569604 0.569604 0.569604 0.569604 0.569604 0.415831 0.569604 0.569604 0.559482 0.569604 0.569604 0.569604 0.569604 0.569604 0.569604 0.41 0.569604 0.569604 0.41 0.569604 0.569604 0.569604 0.569604 0.569604 0.569604 0.41 0.569604 0.569604 0.410002 0.569604 0.569604 0.569604 0.569604 0.569604 0.569604 0.41 0.569604 0.569604 0.425604 0.569604 0.569604 0.569604 0.569604 0.569604 0.569604 0.41 0.569604 0.569604 0.412731 0.569604 0.569604 0.569604 0.569604 0.569604 0.569604 0.569604 0.569604 0.569604 0.569604 0.569604 0.569604 0.569604 0.569604 0.569604 0.569604 0.569604 0.569604 0.569604 0.569604 0.569604 0.569604 0.569604 0.569604 0.569604 0.569604 0.569604 0.569604 0.569604 0.569604 0.569604 0.569604 0.569604 0.569604 0.569604 0.569604 0.569604 0.569604 0.569604 0.569604 0.569604 0.569604 0.569604 0.569604 0.569604 0.569604 0.569604 0.569604 0.569604 0.569604 0.569604 0.569604 0.569604 0.569604 0.569604 0.569604 0.569604 0.569604 0.569604 0.569604 0.569604 0.569604 0.569604 0.569604 0.569604 0.569604 0.569604 0.569604 0.569604 0.569604 0.569604 0.569604 0.569604 0.569604 0.569604 0.569604 0.569604 0.569604 0.569604 0.569604 0.569604 0.569604 0.569604 0.569604 0.569604 0.569604 0.569604 0.569604 0.569604 0.569604 0.569604 0.569604 0.569604 0.569604 0.569604 0.569604 0.569604 0.569604 0.569604 0.569604 0.569604 0.569604 0.569604 0.569604 0.569604 0.569604 0.569604 0.569604 0.569604 0.569604 0.569604 0.569604 0.41 0.569604 0.569604 0.569604 0.569604 0.569604 0.569604 0.569604 0.569604 0.569604 0.410001 0.569604 0.569604 0.569604 0.569604 0.569604 0.569604 0.569604 0.569604 0.569604 0.41 0.569604 0.569604 0.569604 0.569604 0.569604 0.569604 0.569604 0.569604 0.569604 0.41 0.569604 0.569604 0.569604 0.569604 0.569604 0.569604 0.569604 0.569604 0.569604 0.423827 0.569604 0.569604 0.569604 0.569604 0.569604 0.569604 0.569604 0.569604 0.569604 0.477159 0.569604 0.569604 0.569604 0.569604 0.569604 0.569604 0.569604 0.569604 0.569604 0.568994 0.569604 0.569604 0.569604 0.569604 0.569604 0.569604 0.569604 0.569604 0.569604 0.413801 0.569604 0.569604 0.569604 0.569604 0.569604 0.569604 0.569604 0.569604 0.569604 0.41 0.569604 0.569604 0.569604 0.569604 0.569604 0.569604 0.569604 0.569604 0.569604 0.41 0.569604 0.569604 0.569604 0.502598 0.569604 0.569604 0.568032 0.569604 0.569604 0.569604 0.569604 0.569604 0.569604 0.520913 0.569604 0.569604 0.567305 0.569604 0.569604 0.569604 0.569604 0.569604 0.569604 0.569144 0.569604 0.569604 0.566839 0.569604 0.569604 0.569604 0.569604 0.569604 0.569604 0.416323 0.569604 0.569604 0.41 0.569604 0.569604 0.569604 0.569604 0.569604 0.569604 0.410129 0.569604 0.569604 0.410095 0.569604 0.569604 0.569604 0.569604 0.569604 0.569604 0.410905 0.569604 0.569604 0.416263 0.569604 0.569604 0.569604 0.569604 0.569604 0.569604 0.413182 0.569604 0.569604 0.534448 0.569604 0.569604 0.569604 0.569604 0.569604 0.569604 0.410094 0.569604 0.569604 0.410074 0.569604 0.569604 0.569604 0.569604 0.569604 0.569604 0.549396 0.569604 0.569604 0.52524 0.569604 0.569604 0.569604 0.569604 0.569604 0.569604 0.567496 0.569604 0.569604 0.41033 0.569604 0.569604 0.569604 0.569604 0.569604 0.569604 0.569604 0.569604 0.569604 0.569604 0.569604 0.569604 0.569604 0.569604 0.569604 0.569604 0.569604 0.569604 0.569604 0.569604 0.569604 0.569604 0.569604 0.569604 0.569604 0.569604 0.569604 0.569604 0.569604 0.569604 0.569604 0.569604 0.569604 0.569604 0.569604 0.569604 0.569604 0.569604 0.569604 0.569604 0.569604 0.569604 0.569604 0.569604 0.569604 0.569604 0.569604 0.569604 0.569604 0.569604 0.569604 0.569604 0.569604 0.569604 0.569604 0.569604 0.569604 0.569604 0.569604 0.569604 0.569604 0.569604 0.569604 0.569604 0.569604 0.569604 0.569604 0.569604 0.569604 0.569604 0.569604 0.569604 0.569604 0.569604 0.569604 0.569604 0.569604 0.569604 0.569604 0.569604 0.569604 0.569604 0.569604 0.569604 0.569604 0.569604 0.569604 0.569604 0.569604 0.569604 0.569604 0.569604 0.569604 0.569604 0.569604 0.569604 0.569604 0.569604 0.569604 0.569604 0.569604 0.569604 0.569604 0.569604 0.569604 0.569604 0.569604 0.569604 0.569604 0.569604 0.569604 0.569604 0.410006 0.569604 0.569604 0.569604 0.569604 0.569604 0.569604 0.569604 0.569604 0.569604 0.526644 0.569604 0.569604 0.569604 0.569604 0.569604 0.569604 0.569604 0.569604 0.569604 0.463242 0.569604 0.569604 0.569604 0.569604 0.569604 0.569604 0.569604 0.569604 0.569604 0.520966 0.569604 0.569604 0.569604 0.569604 0.569604 0.569604 0.569604 0.569604 0.569604 0.410093 0.569604 0.569604 0.569604 0.569604 0.569604 0.569604 0.569604 0.569604 0.569604 0.410009 0.569604 0.569604 0.569604 0.569604 0.569604 0.569604 0.569604 0.569604 0.569604 0.410002 0.569604 0.569604 0.569604 0.569604 0.569604 0.569604 0.569604 0.569604 0.569604 0.410424 0.569604 0.569604 0.569604 0.569604 0.569604 0.569604 0.569604 0.569604 0.569604 0.46411 0.569604 0.569604 0.569604 0.569604 0.569604 0.569604 0.569604 0.569604 0.569604 0.41 0.569604 0.569604 0.569604 0.569604 0.569604 0.569604 0.569604 0.569604 0.569604 0.41 0.569604 0.569604 0.569604 0.569604 0.569604 0.569604 0.569604 0.569604 0.569604 0.41 0.569604 0.569604 0.569604 0.569604 0.569604 0.569604 0.569604 0.569604 0.569604 0.412342 0.569604 0.569604 0.569604 0.569604 0.569604 0.569604 0.569604 0.569604 0.569604 0.41 0.569604 0.569604 0.569604 0.569604 0.569604 0.569604 0.569604 0.569604 0.569604 0.566885 0.569604 0.569604 0.569604 0.569604 0.569604 0.569604 0.569604 0.569604 0.569604 0.410043 0.569604 0.569604 0.569604 0.569604 0.569604 0.569604 0.569604 0.569604 0.569604 0.410263 0.569604 0.569604 0.569604 0.569604 0.569604 0.569604 0.569604 0.569604 0.569604 0.41 0.569604 0.569604 0.569604 0.569604 0.569604 0.569604 0.569604 0.569604 0.569604 0.410245 0.569604 0.569604 0.569604 0.569604 0.569604 0.569604 0.569604 0.569604 0.569604 0.41 0.569604 0.569604 0.569604 0.413775 0.569604 0.569604 0.553389 0.569604 0.569604 0.569604 0.569604 0.569604 0.569604 0.413707 0.569604 0.569604 0.410064 0.569604 0.569604 0.569604 0.569604 0.569604 0.569604 0.56908 0.569604 0.569604 0.414754 0.569604 0.569604 0.569604 0.569604 0.569604 0.569604 0.41004 0.569604 0.569604 0.410056 0.569604 0.569604 0.569604 0.569604 0.569604 0.569604 0.410037 0.569604 0.569604 0.412393 0.569604 0.569604 0.569604 0.569604 0.569604 0.569604 0.41 0.569604 0.569604 0.410213 0.569604 0.569604 0.569604 0.569604 0.569604 0.569604 0.410236 0.569604 0.569604 0.41 0.569604 0.569604 0.569604 0.569604 0.569604 0.569604 0.410149 0.569604 0.569604 0.41 0.569604 0.569604 0.569604 0.569604 0.569604 0.569604 0.410001 0.569604 0.569604 0.552122 0.569604 0.569604 0.569604 0.569604 0.569604 0.569604 0.557917 0.569604 0.569604 0.411117 0.569604 0.569604 0.569604 0.569604 0.569604 0.569604 0.569604 0.569604 0.569604 0.569604 0.569604 0.569604 0.569604 0.569604 0.569604 0.569604 0.569604 0.569604 0.569604 0.569604 0.569604 0.569604 0.569604 0.569604 0.569604 0.569604 0.569604 0.569604 0.569604 0.569604 0.569604 0.569604 0.569604 0.569604 0.569604 0.569604 0.569604 0.569604 0.569604 0.569604 0.569604 0.569604 0.569604 0.569604 0.569604 0.569604 0.569604 0.569604 0.569604 0.569604 0.569604 0.569604 0.569604 0.569604 0.569604 0.569604 0.569604 0.569604 0.569604 0.569604 0.569604 0.569604 0.569604 0.569604 0.569604 0.569604 0.569604 0.569604 0.569604 0.569604 0.569604 0.569604 0.569604 0.569604 0.569604 0.569604 0.569604 0.569604 0.569604 0.569604 0.569604 0.569604 0.569604 0.569604 0.569604 0.569604 0.569604 0.569604 0.569604 0.569604 0.569604 0.569604 0.569604 0.569604 0.569604 0.569604 0.569604 0.569604 0.569604 0.569604 0.569604 0.569604 0.569604 0.569604 0.569604 0.569604 0.569604 0.569604 0.569604 0.569604 0.569604 0.569604 0.568917 0.569604 0.569604 0.569604 0.569604 0.569604 0.569604 0.569604 0.569604 0.569604 0.567577 0.569604 0.569604 0.569604 0.569604 0.569604 0.569604 0.569604 0.569604 0.569604 0.410017 0.569604 0.569604 0.569604 0.569604 0.569604 0.569604 0.569604 0.569604 0.569604 0.539874 0.569604 0.569604 0.569604 0.569604 0.569604 0.569604 0.569604 0.569604 0.569604 0.417693 0.569604 0.569604 0.569604 0.569604 0.569604 0.569604 0.569604 0.569604 0.569604 0.41 0.569604 0.569604 0.569604 0.569604 0.569604 0.569604 0.569604 0.569604 0.569604 0.450618 0.569604 0.569604 0.569604 0.569604 0.569604 0.569604 0.569604 0.569604 0.569604 0.410153 0.569604 0.569604 0.569604 0.569604 0.569604 0.569604 0.569604 0.569604 0.569604 0.499894 0.569604 0.569604 0.569604 0.569604 0.569604 0.569604 0.569604 0.569604 0.569604 0.41 0.569604 0.569604 0.569604 0.562392 0.569604 0.569604 0.549174 0.569604 0.569604 0.569604 0.569604 0.569604 0.569604 0.41 0.569604 0.569604 0.542183 0.569604 0.569604 0.569604 0.569604 0.569604 0.569604 0.430636 0.569604 0.569604 0.422705 0.569604 0.569604 0.569604 0.569604 0.569604 0.569604 0.442149 0.569604 0.569604 0.564214 0.569604 0.569604 0.569604 0.569604 0.569604 0.569604 0.41 0.569604 0.569604 0.457415 0.569604 0.569604 0.569604 0.569604 0.569604 0.569604 0.523947 0.569604 0.569604 0.41005 0.569604 0.569604 0.569604 0.569604 0.569604 0.569604 0.430166 0.569604 0.569604 0.41 0.569604 0.569604 0.569604 0.569604 0.569604 0.569604 0.411526 0.569604 0.569604 0.566275 0.569604 0.569604 0.569604 0.569604 0.569604 0.569604 0.41 0.569604 0.569604 0.410041 0.569604 0.569604 0.569604 0.569604 0.569604 0.569604 0.520156 0.569604 0.569604 0.41 0.569604 0.569604 0.569604 0.569604 0.569604 0.569604 0.569604 0.569604 0.569604 0.569604 0.569604 0.569604 0.569604 0.569604 0.569604 0.569604 0.569604 0.569604 0.569604 0.569604 0.569604 0.569604 0.569604 0.569604 0.569604 0.569604 0.569604 0.569604 0.569604 0.569604 0.569604 0.569604 0.569604 0.569604 0.569604 0.569604 0.569604 0.569604 0.569604 0.569604 0.569604 0.569604 0.569604 0.569604 0.569604 0.569604 0.569604 0.569604 0.569604 0.569604 0.569604 0.569604 0.569604 0.569604 0.569604 0.569604 0.569604 0.569604 0.569604 0.569604 0.569604 0.569604 0.569604 0.569604 0.569604 0.569604 0.569604 0.569604 0.569604 0.569604 0.569604 0.569604 0.569604 0.569604 0.569604 0.569604 0.569604 0.569604 0.569604 0.569604 0.569604 0.569604 0.569604 0.569604 0.569604 0.569604 0.569604 0.569604 0.569604 0.569604 0.569604 0.569604 0.569604 0.569604 0.569604 0.569604 0.569604 0.569604 0.569604 0.569604 0.569604 0.569604 0.569604 0.569604 0.569604 0.569604 0.569604 0.569604 0.569604 0.569604 0.569604 0.569604 0.41 0.569604 0.569604 0.569604 0.569604 0.569604 0.569604 0.569604 0.569604 0.569604 0.41 0.569604 0.569604 0.569604 0.569604 0.569604 0.569604 0.569604 0.569604 0.569604 0.410068 0.569604 0.569604 0.569604 0.569604 0.569604 0.569604 0.569604 0.569604 0.569604 0.41 0.569604 0.569604 0.569604 0.569604 0.569604 0.569604 0.569604 0.569604 0.569604 0.41 0.569604 0.569604 0.569604 0.569604 0.569604 0.569604 0.569604 0.569604 0.569604 0.410281 0.569604 0.569604 0.569604 0.569604 0.569604 0.569604 0.569604 0.569604 0.569604 0.41 0.569604 0.569604 0.569604 0.569604 0.569604 0.569604 0.569604 0.569604 0.569604 0.447125 0.569604 0.569604 0.569604 0.569604 0.569604 0.569604 0.569604 0.569604 0.569604 0.568609 0.569604 0.569604 0.569604 0.569604 0.569604 0.569604 0.569604 0.569604 0.569604 0.545461 0.569604 0.569604 0.569604 0.55897 0.569604 0.569604 0.415827 0.569604 0.569604 0.569604 0.569604 0.569604 0.569604 0.507885 0.569604 0.569604 0.414891 0.569604 0.569604 0.569604 0.569604 0.569604 0.569604 0.448132 0.569604 0.569604 0.4141 0.569604 0.569604 0.569604 0.569604 0.569604 0.569604 0.41 0.569604 0.569604 0.520464 0.569604 0.569604 0.569604 0.569604 0.569604 0.569604 0.410058 0.569604 0.569604 0.410231 0.569604 0.569604 0.569604 0.569604 0.569604 0.569604 0.545228 0.569604 0.569604 0.410002 0.569604 0.569604 0.569604 0.569604 0.569604 0.569604 0.41 0.569604 0.569604 0.411863 0.569604 0.569604 0.569604 0.569604 0.569604 0.569604 0.501129 0.569604 0.569604 0.566328 0.569604 0.569604 0.569604 0.569604 0.569604 0.569604 0.521565 0.569604 0.569604 0.410001 0.569604 0.569604 0.569604 0.569604 0.569604 0.569604 0.461684 0.569604 0.569604 0.560221 0.569604 0.569604 0.569604 0.569604 0.569604 0.569604 0.569604 0.569604 0.569604 0.569604 0.569604 0.569604 0.569604 0.569604 0.569604 0.569604 0.569604 0.569604 0.569604 0.569604 0.569604 0.569604 0.569604 0.569604 0.569604 0.569604 0.569604 0.569604 0.569604 0.569604 0.569604 0.569604 0.569604 0.569604 0.569604 0.569604 0.569604 0.569604 0.569604 0.569604 0.569604 0.569604 0.569604 0.569604 0.569604 0.569604 0.569604 0.569604 0.569604 0.569604 0.569604 0.569604 0.569604 0.569604 0.569604 0.569604 0.569604 0.569604 0.569604 0.569604 0.569604 0.569604 0.569604 0.569604 0.569604 0.569604 0.569604 0.569604 0.569604 0.569604 0.569604 0.569604 0.569604 0.569604 0.569604 0.569604 0.569604 0.569604 0.569604 0.569604 0.569604 0.569604 0.569604 0.569604 0.569604 0.569604 0.569604 0.569604 0.569604 0.569604 0.569604 0.569604 0.569604 0.569604 0.569604 0.569604 0.569604 0.569604 0.569604 0.569604 0.569604 0.569604 0.569604 0.569604 0.569604 0.569604 0.569604 0.569604 0.569604 0.569604 0.569604 0.569604 0.410017 0.569604 0.569604 0.569604 0.569604 0.569604 0.569604 0.569604 0.569604 0.569604 0.569445 0.569604 0.569604 0.569604 0.569604 0.569604 0.569604 0.569604 0.569604 0.569604 0.431107 0.569604 0.569604 0.569604 0.569604 0.569604 0.569604 0.569604 0.569604 0.569604 0.411329 0.569604 0.569604 0.569604 0.569604 0.569604 0.569604 0.569604 0.569604 0.569604 0.410011 0.569604 0.569604 0.569604 0.569604 0.569604 0.569604 0.569604 0.569604 0.569604 0.41 0.569604 0.569604 0.569604 0.569604 0.569604 0.569604 0.569604 0.569604 0.569604 0.410485 0.569604 0.569604 0.569604 0.569604 0.569604 0.569604 0.569604 0.569604 0.569604 0.41 0.569604 0.569604 0.569604 0.569604 0.569604 0.569604 0.569604 0.569604 0.569604 0.41 0.569604 0.569604 0.569604 0.569604 0.569604 0.569604 0.569604 0.569604 0.569604 0.41 0.569604 0.569604 0.569604 0.569604 0.569604 0.569604 0.569604 0.569604 0.569604 0.414122 0.569604 0.569604 0.569604 0.569604 0.569604 0.569604 0.569604 0.569604 0.569604 0.410075 0.569604 0.569604 0.569604 0.569604 0.569604 0.569604 0.569604 0.569604 0.569604 0.429403 0.569604 0.569604 0.569604 0.569604 0.569604 0.569604 0.569604 0.569604 0.569604 0.410002 0.569604 0.569604 0.569604 0.569604 0.569604 0.569604 0.569604 0.569604 0.569604 0.470062 0.569604 0.569604 0.569604 0.569604 0.569604 0.569604 0.569604 0.569604 0.569604 0.568401 0.569604 0.569604 0.569604 0.569604 0.569604 0.569604 0.569604 0.569604 0.569604 0.41 0.569604 0.569604 0.569604 0.569604 0.569604 0.569604 0.569604 0.569604 0.569604 0.412447 0.569604 0.569604 0.569604 0.569604 0.569604 0.569604 0.569604 0.569604 0.569604 0.568465 0.569604 0.569604 0.569604 0.569604 0.569604 0.569604 0.569604 0.569604 0.569604 0.5593 0.569604 0.569604 0.569604 0.564591 0.569604 0.569604 0.410006 0.569604 0.569604 0.569604 0.569604 0.569604 0.569604 0.41 0.569604 0.569604 0.410009 0.569604 0.569604 0.569604 0.569604 0.569604 0.569604 0.41 0.569604 0.569604 0.52726 0.569604 0.569604 0.569604 0.569604 0.569604 0.569604 0.41 0.569604 0.569604 0.561597 0.569604 0.569604 0.569604 0.569604 0.569604 0.569604 0.548887 0.569604 0.569604 0.558755 0.569604 0.569604 0.569604 0.569604 0.569604 0.569604 0.41 0.569604 0.569604 0.566656 0.569604 0.569604 0.569604 0.569604 0.569604 0.569604 0.410001 0.569604 0.569604 0.500367 0.569604 0.569604 0.569604 0.569604 0.569604 0.569604 0.410023 0.569604 0.569604 0.410038 0.569604 0.569604 0.569604 0.569604 0.569604 0.569604 0.523784 0.569604 0.569604 0.41 0.569604 0.569604 0.569604 0.569604 0.569604 0.569604 0.411226 0.569604 0.569604 0.548165 0.569604 0.569604 0.569604 0.569604 0.569604 0.569604 0.569604 0.569604 0.569604 0.569604 0.569604 0.569604 0.569604 0.569604 0.569604 0.569604 0.569604 0.569604 0.569604 0.569604 0.569604 0.569604 0.569604 0.569604 0.569604 0.569604 0.569604 0.569604 0.569604 0.569604 0.569604 0.569604 0.569604 0.569604 0.569604 0.569604 0.569604 0.569604 0.569604 0.569604 0.569604 0.569604 0.569604 0.569604 0.569604 0.569604 0.569604 0.569604 0.569604 0.569604 0.569604 0.569604 0.569604 0.569604 0.569604 0.569604 0.569604 0.569604 0.569604 0.569604 0.569604 0.569604 0.569604 0.569604 0.569604 0.569604 0.569604 0.569604 0.569604 0.569604 0.569604 0.569604 0.569604 0.569604 0.569604 0.569604 0.569604 0.569604 0.569604 0.569604 0.569604 0.569604 0.569604 0.569604 0.569604 0.569604 0.569604 0.569604 0.569604 0.569604 0.569604 0.569604 0.569604 0.569604 0.569604 0.569604 0.569604 0.569604 0.569604 0.569604 0.569604 0.569604 0.569604 0.569604 0.569604 0.569604 0.569604 0.569604 0.569604 0.569604 0.569604 0.569604 0.412411 0.569604 0.569604 0.569604 0.569604 0.569604 0.569604 0.569604 0.569604 0.569604 0.534025 0.569604 0.569604 0.569604 0.569604 0.569604 0.569604 0.569604 0.569604 0.569604 0.41 0.569604 0.569604 0.569604 0.569604 0.569604 0.569604 0.569604 0.569604 0.569604 0.551443 0.569604 0.569604 0.569604 0.569604 0.569604 0.569604 0.569604 0.569604 0.569604 0.410374 0.569604 0.569604 0.569604 0.569604 0.569604 0.569604 0.569604 0.569604 0.569604 0.420509 0.569604 0.569604 0.569604 0.569604 0.569604 0.569604 0.569604 0.569604 0.569604 0.44858 0.569604 0.569604 0.569604 0.569604 0.569604 0.569604 0.569604 0.569604 0.569604 0.41 0.569604 0.569604 0.569604 0.569604 0.569604 0.569604 0.569604 0.569604 0.569604 0.410094 0.569604 0.569604 0.569604 0.569604 0.569604 0.569604 0.569604 0.569604 0.569604 0.451382 0.569604 0.569604 0.569604 0.545339 0.569604 0.569604 0.487553 0.569604 0.569604 0.569604 0.569604 0.569604 0.569604 0.410526 0.569604 0.569604 0.504803 0.569604 0.569604 0.569604 0.569604 0.569604 0.569604 0.432042 0.569604 0.569604 0.410255 0.569604 0.569604 0.569604 0.569604 0.569604 0.569604 0.568526 0.569604 0.569604 0.55733 0.569604 0.569604 0.569604 0.569604 0.569604 0.569604 0.410019 0.569604 0.569604 0.56548 0.569604 0.569604 0.569604 0.569604 0.569604 0.569604 0.41 0.569604 0.569604 0.422951 0.569604 0.569604 0.569604 0.569604 0.569604 0.569604 0.569023 0.569604 0.569604 0.564488 0.569604 0.569604 0.569604 0.569604 0.569604 0.569604 0.427038 0.569604 0.569604 0.437221 0.569604 0.569604 0.569604 0.569604 0.569604 0.569604 0.56447 0.569604 0.569604 0.41 0.569604 0.569604 0.569604 0.569604 0.569604 0.569604 0.564764 0.569604 0.569604 0.417206 0.569604 0.569604 0.569604 0.569604 0.569604 0.569604 0.569604 0.569604 0.569604 0.569604 0.569604 0.569604 0.569604 0.569604 0.569604 0.569604 0.569604 0.569604 0.569604 0.569604 0.569604 0.569604 0.569604 0.569604 0.569604 0.569604 0.569604 0.569604 0.569604 0.569604 0.569604 0.569604 0.569604 0.569604 0.569604 0.569604 0.569604 0.569604 0.569604 0.569604 0.569604 0.569604 0.569604 0.569604 0.569604 0.569604 0.569604 0.569604 0.569604 0.569604 0.569604 0.569604 0.569604 0.569604 0.569604 0.569604 0.569604 0.569604 0.569604 0.569604 0.569604 0.569604 0.569604 0.569604 0.569604 0.569604 0.569604 0.569604 0.569604 0.569604 0.569604 0.569604 0.569604 0.569604 0.569604 0.569604 0.569604 0.569604 0.569604 0.569604 0.569604 0.569604 0.569604 0.569604 0.569604 0.569604 0.569604 0.569604 0.569604 0.569604 0.569604 0.569604 0.569604 0.569604 0.569604 0.569604 0.569604 0.569604 0.569604 0.569604 0.569604 0.569604 0.569604 0.569604 0.569604 0.569604 0.569604 0.569604 0.569604 0.569604 0.569604 0.569604 0.45119 0.569604 0.569604 0.569604 0.569604 0.569604 0.569604 0.569604 0.569604 0.569604 0.520831 0.569604 0.569604 0.569604 0.569604 0.569604 0.569604 0.569604 0.569604 0.569604 0.472879 0.569604 0.569604 0.569604 0.569604 0.569604 0.569604 0.569604 0.569604 0.569604 0.47001 0.569604 0.569604 0.569604 0.569604 0.569604 0.569604 0.569604 0.569604 0.569604 0.569443 0.569604 0.569604 0.569604 0.569604 0.569604 0.569604 0.569604 0.569604 0.569604 0.465492 0.569604 0.569604 0.569604 0.569604 0.569604 0.569604 0.569604 0.569604 0.569604 0.410468 0.569604 0.569604 0.569604 0.569604 0.569604 0.569604 0.569604 0.569604 0.569604 0.41 0.569604 0.569604 0.569604 0.569604 0.569604 0.569604 0.569604 0.569604 0.569604 0.56076 0.569604 0.569604 0.569604 0.569604 0.569604 0.569604 0.569604 0.569604 0.569604 0.562248 0.569604 0.569604 0.569604 0.410407 0.569604 0.569604 0.425176 0.569604 0.569604 0.569604 0.569604 0.569604 0.569604 0.479799 0.569604 0.569604 0.410004 0.569604 0.569604 0.569604 0.569604 0.569604 0.569604 0.41031 0.569604 0.569604 0.41003 0.569604 0.569604 0.569604 0.569604 0.569604 0.569604 0.566159 0.569604 0.569604 0.566494 0.569604 0.569604 0.569604 0.569604 0.569604 0.569604 0.41 0.569604 0.569604 0.567156 0.569604 0.569604 0.569604 0.569604 0.569604 0.569604 0.479653 0.569604 0.569604 0.41 0.569604 0.569604 0.569604 0.569604 0.569604 0.569604 0.410915 0.569604 0.569604 0.41057 0.569604 0.569604 0.569604 0.569604 0.569604 0.569604 0.410008 0.569604 0.569604 0.566946 0.569604 0.569604 0.569604 0.569604 0.569604 0.569604 0.565392 0.569604 0.569604 0.41 0.569604 0.569604 0.569604 0.569604 0.569604 0.569604 0.410004 0.569604 0.569604 0.495942 0.569604 0.569604 0.569604 0.569604 0.569604 0.569604 0.569604 0.569604 0.569604 0.569604 0.569604 0.569604 0.569604 0.569604 0.569604 0.569604 0.569604 0.569604 0.569604 0.569604 0.569604 0.569604 0.569604 0.569604 0.569604 0.569604 0.569604 0.569604 0.569604 0.569604 0.569604 0.569604 0.569604 0.569604 0.569604 0.569604 0.569604 0.569604 0.569604 0.569604 0.569604 0.569604 0.569604 0.569604 0.569604 0.569604 0.569604 0.569604 0.569604 0.569604 0.569604 0.569604 0.569604 0.569604 0.569604 0.569604 0.569604 0.569604 0.569604 0.569604 0.569604 0.569604 0.569604 0.569604 0.569604 0.569604 0.569604 0.569604 0.569604 0.569604 0.569604 0.569604 0.569604 0.569604 0.569604 0.569604 0.569604 0.569604 0.569604 0.569604 0.569604 0.569604 0.569604 0.569604 0.569604 0.569604 0.569604 0.569604 0.569604 0.569604 0.569604 0.569604 0.569604 0.569604 0.569604 0.569604 0.569604 0.569604 0.569604 0.569604 0.569604 0.569604 0.569604 0.569604 0.569604 0.569604 0.569604 0.569604 0.569604 0.569604 0.569604 0.569604 0.41 0.569604 0.569604 0.569604 0.569604 0.569604 0.569604 0.569604 0.569604 0.569604 0.41 0.569604 0.569604 0.569604 0.569604 0.569604 0.569604 0.569604 0.569604 0.569604 0.498589 0.569604 0.569604 0.569604 0.569604 0.569604 0.569604 0.569604 0.569604 0.569604 0.41 0.569604 0.569604 0.569604 0.569604 0.569604 0.569604 0.569604 0.569604 0.569604 0.547501 0.569604 0.569604 0.569604 0.569604 0.569604 0.569604 0.569604 0.569604 0.569604 0.568426 0.569604 0.569604 0.569604 0.569604 0.569604 0.569604 0.569604 0.569604 0.569604 0.416721 0.569604 0.569604 0.569604 0.569604 0.569604 0.569604 0.569604 0.569604 0.569604 0.410003 0.569604 0.569604 0.569604 0.569604 0.569604 0.569604 0.569604 0.569604 0.569604 0.41 0.569604 0.569604 0.569604 0.569604 0.569604 0.569604 0.569604 0.569604 0.569604 0.567069 0.569604 0.569604 0.569604 0.569604 0.569604 0.569604 0.569604 0.569604 0.569604 0.465885 0.569604 0.569604 0.569604 0.569604 0.569604 0.569604 0.569604 0.569604 0.569604 0.495306 0.569604 0.569604 0.569604 0.569604 0.569604 0.569604 0.569604 0.569604 0.569604 0.419944 0.569604 0.569604 0.569604 0.569604 0.569604 0.569604 0.569604 0.569604 0.569604 0.491921 0.569604 0.569604 0.569604 0.569604 0.569604 0.569604 0.569604 0.569604 0.569604 0.41 0.569604 0.569604 0.569604 0.569604 0.569604 0.569604 0.569604 0.569604 0.569604 0.41 0.569604 0.569604 0.569604 0.569604 0.569604 0.569604 0.569604 0.569604 0.569604 0.410057 0.569604 0.569604 0.569604 0.569604 0.569604 0.569604 0.569604 0.569604 0.569604 0.552724 0.569604 0.569604 0.569604 0.569604 0.569604 0.569604 0.569604 0.569604 0.569604 0.410003 0.569604 0.569604 0.569604 0.569604 0.569604 0.569604 0.569604 0.569604 0.569604 0.410005 0.569604 0.569604 0.569604 0.520861 0.569604 0.569604 0.553319 0.569604 0.569604 0.569604 0.569604 0.569604 0.569604 0.56933 0.569604 0.569604 0.41 0.569604 0.569604 0.569604 0.569604 0.569604 0.569604 0.410045 0.569604 0.569604 0.41 0.569604 0.569604 0.569604 0.569604 0.569604 0.569604 0.41 0.569604 0.569604 0.410046 0.569604 0.569604 0.569604 0.569604 0.569604 0.569604 0.41 0.569604 0.569604 0.568359 0.569604 0.569604 0.569604 0.569604 0.569604 0.569604 0.506514 0.569604 0.569604 0.565962 0.569604 0.569604 0.569604 0.569604 0.569604 0.569604 0.532885 0.569604 0.569604 0.410477 0.569604 0.569604 0.569604 0.569604 0.569604 0.569604 0.568746 0.569604 0.569604 0.41 0.569604 0.569604 0.569604 0.569604 0.569604 0.569604 0.414072 0.569604 0.569604 0.535109 0.569604 0.569604 0.569604 0.569604 0.569604 0.569604 0.567495 0.569604 0.569604 0.546758 0.569604 0.569604 0.569604 0.569604 0.569604 0.569604 0.569604 0.569604 0.569604 0.569604 0.569604 0.569604 0.569604 0.569604 0.569604 0.569604 0.569604 0.569604 0.569604 0.569604 0.569604 0.569604 0.569604 0.569604 0.569604 0.569604 0.569604 0.569604 0.569604 0.569604 0.569604 0.569604 0.569604 0.569604 0.569604 0.569604 0.569604 0.569604 0.569604 0.569604 0.569604 0.569604 0.569604 0.569604 0.569604 0.569604 0.569604 0.569604 0.569604 0.569604 0.569604 0.569604 0.569604 0.569604 0.569604 0.569604 0.569604 0.569604 0.569604 0.569604 0.569604 0.569604 0.569604 0.569604 0.569604 0.569604 0.569604 0.569604 0.569604 0.569604 0.569604 0.569604 0.569604 0.569604 0.569604 0.569604 0.569604 0.569604 0.569604 0.569604 0.569604 0.569604 0.569604 0.569604 0.569604 0.569604 0.569604 0.569604 0.569604 0.569604 0.569604 0.569604 0.569604 0.569604 0.569604 0.569604 0.569604 0.569604 0.569604 0.569604 0.569604 0.569604 0.569604 0.569604 0.569604 0.569604 0.569604 0.569604 0.569604 0.569604 0.569604 0.569604 0.41 0.569604 0.569604 0.569604 0.569604 0.569604 0.569604 0.569604 0.569604 0.569604 0.566593 0.569604 0.569604 0.569604 0.569604 0.569604 0.569604 0.569604 0.569604 0.569604 0.41 0.569604 0.569604 0.569604 0.569604 0.569604 0.569604 0.569604 0.569604 0.569604 0.553689 0.569604 0.569604 0.569604 0.569604 0.569604 0.569604 0.569604 0.569604 0.569604 0.569307 0.569604 0.569604 0.569604 0.569604 0.569604 0.569604 0.569604 0.569604 0.569604 0.55087 0.569604 0.569604 0.569604 0.569604 0.569604 0.569604 0.569604 0.569604 0.569604 0.562929 0.569604 0.569604 0.569604 0.569604 0.569604 0.569604 0.569604 0.569604 0.569604 0.516058 0.569604 0.569604 0.569604 0.569604 0.569604 0.569604 0.569604 0.569604 0.569604 0.416425 0.569604 0.569604 0.569604 0.569604 0.569604 0.569604 0.569604 0.569604 0.569604 0.41 0.569604 0.569604 0.569604 0.41 0.569604 0.569604 0.430956 0.569604 0.569604 0.569604 0.569604 0.569604 0.569604 0.41 0.569604 0.569604 0.410001 0.569604 0.569604 0.569604 0.569604 0.569604 0.569604 0.41 0.569604 0.569604 0.568567 0.569604 0.569604 0.569604 0.569604 0.569604 0.569604 0.41098 0.569604 0.569604 0.41 0.569604 0.569604 0.569604 0.569604 0.569604 0.569604 0.41 0.569604 0.569604 0.499804 0.569604 0.569604 0.569604 0.569604 0.569604 0.569604 0.41 0.569604 0.569604 0.496352 0.569604 0.569604 0.569604 0.569604 0.569604 0.569604 0.41 0.569604 0.569604 0.41 0.569604 0.569604 0.569604 0.569604 0.569604 0.569604 0.521872 0.569604 0.569604 0.41 0.569604 0.569604 0.569604 0.569604 0.569604 0.569604 0.440979 0.569604 0.569604 0.41 0.569604 0.569604 0.569604 0.569604 0.569604 0.569604 0.519254 0.569604 0.569604 0.565515 0.569604 0.569604 0.569604 0.569604 0.569604 0.569604 0.569604 0.569604 0.569604 0.569604 0.569604 0.569604 0.569604 0.569604 0.569604 0.569604 0.569604 0.569604 0.569604 0.569604 0.569604 0.569604 0.569604 0.569604 0.569604 0.569604 0.569604 0.569604 0.569604 0.569604 0.569604 0.569604 0.569604 0.569604 0.569604 0.569604 0.569604 0.569604 0.569604 0.569604 0.569604 0.569604 0.569604 0.569604 0.569604 0.569604 0.569604 0.569604 0.569604 0.569604 0.569604 0.569604 0.569604 0.569604 0.569604 0.569604 0.569604 0.569604 0.569604 0.569604 0.569604 0.569604 0.569604 0.569604 0.569604 0.569604 0.569604 0.569604 0.569604 0.569604 0.569604 0.569604 0.569604 0.569604 0.569604 0.569604 0.569604 0.569604 0.569604 0.569604 0.569604 0.569604 0.569604 0.569604 0.569604 0.569604 0.569604 0.569604 0.569604 0.569604 0.569604 0.569604 0.569604 0.569604 0.569604 0.569604 0.569604 0.569604 0.569604 0.569604 0.569604 0.569604 0.569604 0.569604 0.569604 0.569604 0.569604 0.569604 0.569604 0.569604 0.569604 0.569604 0.463564 0.569604 0.569604 0.569604 0.569604 0.569604 0.569604 0.569604 0.569604 0.569604 0.41 0.569604 0.569604 0.569604 0.569604 0.569604 0.569604 0.569604 0.569604 0.569604 0.410015 0.569604 0.569604 0.569604 0.569604 0.569604 0.569604 0.569604 0.569604 0.569604 0.41837 0.569604 0.569604 0.569604 0.569604 0.569604 0.569604 0.569604 0.569604 0.569604 0.410144 0.569604 0.569604 0.569604 0.569604 0.569604 0.569604 0.569604 0.569604 0.569604 0.460377 0.569604 0.569604 0.569604 0.569604 0.569604 0.569604 0.569604 0.569604 0.569604 0.410697 0.569604 0.569604 0.569604 0.569604 0.569604 0.569604 0.569604 0.569604 0.569604 0.41 0.569604 0.569604 0.569604 0.569604 0.569604 0.569604 0.569604 0.569604 0.569604 0.415505 0.569604 0.569604 0.569604 0.569604 0.569604 0.569604 0.569604 0.569604 0.569604 0.414749 0.569604 0.569604 0.569604 0.569239 0.569604 0.569604 0.496133 0.569604 0.569604 0.569604 0.569604 0.569604 0.569604 0.41 0.569604 0.569604 0.41 0.569604 0.569604 0.569604 0.569604 0.569604 0.569604 0.522769 0.569604 0.569604 0.41 0.569604 0.569604 0.569604 0.569604 0.569604 0.569604 0.41 0.569604 0.569604 0.410633 0.569604 0.569604 0.569604 0.569604 0.569604 0.569604 0.41 0.569604 0.569604 0.410136 0.569604 0.569604 0.569604 0.569604 0.569604 0.569604 0.422932 0.569604 0.569604 0.48939 0.569604 0.569604 0.569604 0.569604 0.569604 0.569604 0.41 0.569604 0.569604 0.528715 0.569604 0.569604 0.569604 0.569604 0.569604 0.569604 0.41 0.569604 0.569604 0.568027 0.569604 0.569604 0.569604 0.569604 0.569604 0.569604 0.417462 0.569604 0.569604 0.410003 0.569604 0.569604 0.569604 0.569604 0.569604 0.569604 0.410015 0.569604 0.569604 0.41 0.569604 0.569604 0.569604 0.569604 0.569604 0.569604 0.569604 0.569604 0.569604 0.569604 0.569604 0.569604 0.569604 0.569604 0.569604 0.569604 0.569604 0.569604 0.569604 0.569604 0.569604 0.569604 0.569604 0.569604 0.569604 0.569604 0.569604 0.569604 0.569604 0.569604 0.569604 0.569604 0.569604 0.569604 0.569604 0.569604 0.569604 0.569604 0.569604 0.569604 0.569604 0.569604 0.569604 0.569604 0.569604 0.569604 0.569604 0.569604 0.569604 0.569604 0.569604 0.569604 0.569604 0.569604 0.569604 0.569604 0.569604 0.569604 0.569604 0.569604 0.569604 0.569604 0.569604 0.569604 0.569604 0.569604 0.569604 0.569604 0.569604 0.569604 0.569604 0.569604 0.569604 0.569604 0.569604 0.569604 0.569604 0.569604 0.569604 0.569604 0.569604 0.569604 0.569604 0.569604 0.569604 0.569604 0.569604 0.569604 0.569604 0.569604 0.569604 0.569604 0.569604 0.569604 0.569604 0.569604 0.569604 0.569604 0.569604 0.569604 0.569604 0.569604 0.569604 0.569604 0.569604 0.569604 0.569604 0.569604 0.569604 0.569604 0.569604 0.569604 0.488271 0.569604 0.569604 0.569604 0.569604 0.569604 0.569604 0.569604 0.569604 0.569604 0.414894 0.569604 0.569604 0.569604 0.569604 0.569604 0.569604 0.569604 0.569604 0.569604 0.410187 0.569604 0.569604 0.569604 0.569604 0.569604 0.569604 0.569604 0.569604 0.569604 0.41 0.569604 0.569604 0.569604 0.569604 0.569604 0.569604 0.569604 0.569604 0.569604 0.566729 0.569604 0.569604 0.569604 0.569604 0.569604 0.569604 0.569604 0.569604 0.569604 0.438106 0.569604 0.569604 0.569604 0.569604 0.569604 0.569604 0.569604 0.569604 0.569604 0.423008 0.569604 0.569604 0.569604 0.569604 0.569604 0.569604 0.569604 0.569604 0.569604 0.568562 0.569604 0.569604 0.569604 0.569604 0.569604 0.569604 0.569604 0.569604 0.569604 0.416091 0.569604 0.569604 0.569604 0.569604 0.569604 0.569604 0.569604 0.569604 0.569604 0.41 0.569604 0.569604 0.569604 0.569604 0.569604 0.569604 0.569604 0.569604 0.569604 0.412383 0.569604 0.569604 0.569604 0.569604 0.569604 0.569604 0.569604 0.569604 0.569604 0.41 0.569604 0.569604 0.569604 0.569604 0.569604 0.569604 0.569604 0.569604 0.569604 0.565157 0.569604 0.569604 0.569604 0.569604 0.569604 0.569604 0.569604 0.569604 0.569604 0.410001 0.569604 0.569604 0.569604 0.569604 0.569604 0.569604 0.569604 0.569604 0.569604 0.53128 0.569604 0.569604 0.569604 0.569604 0.569604 0.569604 0.569604 0.569604 0.569604 0.410069 0.569604 0.569604 0.569604 0.569604 0.569604 0.569604 0.569604 0.569604 0.569604 0.547211 0.569604 0.569604 0.569604 0.569604 0.569604 0.569604 0.569604 0.569604 0.569604 0.41 0.569604 0.569604 0.569604 0.569604 0.569604 0.569604 0.569604 0.569604 0.569604 0.568331 0.569604 0.569604 0.569604 0.569604 0.569604 0.569604 0.569604 0.569604 0.569604 0.531624 0.569604 0.569604 0.569604 0.425652 0.569604 0.569604 0.410121 0.569604 0.569604 0.569604 0.569604 0.569604 0.569604 0.549451 0.569604 0.569604 0.41 0.569604 0.569604 0.569604 0.569604 0.569604 0.569604 0.47986 0.569604 0.569604 0.41 0.569604 0.569604 0.569604 0.569604 0.569604 0.569604 0.410062 0.569604 0.569604 0.410555 0.569604 0.569604 0.569604 0.569604 0.569604 0.569604 0.568769 0.569604 0.569604 0.41 0.569604 0.569604 0.569604 0.569604 0.569604 0.569604 0.479822 0.569604 0.569604 0.410694 0.569604 0.569604 0.569604 0.569604 0.569604 0.569604 0.410018 0.569604 0.569604 0.41 0.569604 0.569604 0.569604 0.569604 0.569604 0.569604 0.426131 0.569604 0.569604 0.452677 0.569604 0.569604 0.569604 0.569604 0.569604 0.569604 0.41003 0.569604 0.569604 0.411136 0.569604 0.569604 0.569604 0.569604 0.569604 0.569604 0.410007 0.569604 0.569604 0.56409 0.569604 0.569604 0.569604 0.569604 0.569604 0.569604 0.569604 0.569604 0.569604 0.569604 0.569604 0.569604 0.569604 0.569604 0.569604 0.569604 0.569604 0.569604 0.569604 0.569604 0.569604 0.569604 0.569604 0.569604 0.569604 0.569604 0.569604 0.569604 0.569604 0.569604 0.569604 0.569604 0.569604 0.569604 0.569604 0.569604 0.569604 0.569604 0.569604 0.569604 0.569604 0.569604 0.569604 0.569604 0.569604 0.569604 0.569604 0.569604 0.569604 0.569604 0.569604 0.569604 0.569604 0.569604 0.569604 0.569604 0.569604 0.569604 0.569604 0.569604 0.569604 0.569604 0.569604 0.569604 0.569604 0.569604 0.569604 0.569604 0.569604 0.569604 0.569604 0.569604 0.569604 0.569604 0.569604 0.569604 0.569604 0.569604 0.569604 0.569604 0.569604 0.569604 0.569604 0.569604 0.569604 0.569604 0.569604 0.569604 0.569604 0.569604 0.569604 0.569604 0.569604 0.569604 0.569604 0.569604 0.569604 0.569604 0.569604 0.569604 0.569604 0.569604 0.569604 0.569604 0.569604 0.569604 0.569604 0.569604 0.569604 0.569604 0.569604 0.569604 0.536634 0.569604 0.569604 0.569604 0.569604 0.569604 0.569604 0.569604 0.569604 0.569604 0.51935 0.569604 0.569604 0.569604 0.569604 0.569604 0.569604 0.569604 0.569604 0.569604 0.41 0.569604 0.569604 0.569604 0.569604 0.569604 0.569604 0.569604 0.569604 0.569604 0.565878 0.569604 0.569604 0.569604 0.569604 0.569604 0.569604 0.569604 0.569604 0.569604 0.421759 0.569604 0.569604 0.569604 0.569604 0.569604 0.569604 0.569604 0.569604 0.569604 0.410377 0.569604 0.569604 0.569604 0.569604 0.569604 0.569604 0.569604 0.569604 0.569604 0.552363 0.569604 0.569604 0.569604 0.569604 0.569604 0.569604 0.569604 0.569604 0.569604 0.41 0.569604 0.569604 0.569604 0.569604 0.569604 0.569604 0.569604 0.569604 0.569604 0.567754 0.569604 0.569604 0.569604 0.569604 0.569604 0.569604 0.569604 0.569604 0.569604 0.565344 0.569604 0.569604 0.569604 0.443191 0.569604 0.569604 0.540282 0.569604 0.569604 0.569604 0.569604 0.569604 0.569604 0.41 0.569604 0.569604 0.419285 0.569604 0.569604 0.569604 0.569604 0.569604 0.569604 0.410093 0.569604 0.569604 0.41 0.569604 0.569604 0.569604 0.569604 0.569604 0.569604 0.41 0.569604 0.569604 0.449118 0.569604 0.569604 0.569604 0.569604 0.569604 0.569604 0.566864 0.569604 0.569604 0.410001 0.569604 0.569604 0.569604 0.569604 0.569604 0.569604 0.548879 0.569604 0.569604 0.422793 0.569604 0.569604 0.569604 0.569604 0.569604 0.569604 0.54993 0.569604 0.569604 0.489094 0.569604 0.569604 0.569604 0.569604 0.569604 0.569604 0.559872 0.569604 0.569604 0.515891 0.569604 0.569604 0.569604 0.569604 0.569604 0.569604 0.41 0.569604 0.569604 0.541087 0.569604 0.569604 0.569604 0.569604 0.569604 0.569604 0.41013 0.569604 0.569604 0.41 0.569604 0.569604 0.569604 0.569604 0.569604 0.569604 0.569604 0.569604 0.569604 0.569604 0.569604 0.569604 0.569604 0.569604 0.569604 0.569604 0.569604 0.569604 0.569604 0.569604 0.569604 0.569604 0.569604 0.569604 0.569604 0.569604 0.569604 0.569604 0.569604 0.569604 0.569604 0.569604 0.569604 0.569604 0.569604 0.569604 0.569604 0.569604 0.569604 0.569604 0.569604 0.569604 0.569604 0.569604 0.569604 0.569604 0.569604 0.569604 0.569604 0.569604 0.569604 0.569604 0.569604 0.569604 0.569604 0.569604 0.569604 0.569604 0.569604 0.569604 0.569604 0.569604 0.569604 0.569604 0.569604 0.569604 0.569604 0.569604 0.569604 0.569604 0.569604 0.569604 0.569604 0.569604 0.569604 0.569604 0.569604 0.569604 0.569604 0.569604 0.569604 0.569604 0.569604 0.569604 0.569604 0.569604 0.569604 0.569604 0.569604 0.569604 0.569604 0.569604 0.569604 0.569604 0.569604 0.569604 0.569604 0.569604 0.569604 0.569604 0.569604 0.569604 0.569604 0.569604 0.569604 0.569604 0.569604 0.569604 0.569604 0.569604 0.569604 0.569604 0.568342 0.569604 0.569604 0.569604 0.569604 0.569604 0.569604 0.569604 0.569604 0.569604 0.523491 0.569604 0.569604 0.569604 0.569604 0.569604 0.569604 0.569604 0.569604 0.569604 0.410374 0.569604 0.569604 0.569604 0.569604 0.569604 0.569604 0.569604 0.569604 0.569604 0.411349 0.569604 0.569604 0.569604 0.569604 0.569604 0.569604 0.569604 0.569604 0.569604 0.410005 0.569604 0.569604 0.569604 0.569604 0.569604 0.569604 0.569604 0.569604 0.569604 0.411309 0.569604 0.569604 0.569604 0.569604 0.569604 0.569604 0.569604 0.569604 0.569604 0.510894 0.569604 0.569604 0.569604 0.569604 0.569604 0.569604 0.569604 0.569604 0.569604 0.550872 0.569604 0.569604 0.569604 0.569604 0.569604 0.569604 0.569604 0.569604 0.569604 0.410054 0.569604 0.569604 0.569604 0.569604 0.569604 0.569604 0.569604 0.569604 0.569604 0.41 0.569604 0.569604 0.569604 0.41 0.569604 0.569604 0.566354 0.569604 0.569604 0.569604 0.569604 0.569604 0.569604 0.412114 0.569604 0.569604 0.569295 0.569604 0.569604 0.569604 0.569604 0.569604 0.569604 0.41 0.569604 0.569604 0.556711 0.569604 0.569604 0.569604 0.569604 0.569604 0.569604 0.41 0.569604 0.569604 0.568481 0.569604 0.569604 0.569604 0.569604 0.569604 0.569604 0.471796 0.569604 0.569604 0.410023 0.569604 0.569604 0.569604 0.569604 0.569604 0.569604 0.507955 0.569604 0.569604 0.41 0.569604 0.569604 0.569604 0.569604 0.569604 0.569604 0.410057 0.569604 0.569604 0.41 0.569604 0.569604 0.569604 0.569604 0.569604 0.569604 0.411287 0.569604 0.569604 0.56762 0.569604 0.569604 0.569604 0.569604 0.569604 0.569604 0.410739 0.569604 0.569604 0.41 0.569604 0.569604 0.569604 0.569604 0.569604 0.569604 0.410007 0.569604 0.569604 0.41 0.569604 0.569604 0.569604 0.569604 0.569604 0.569604 0.569604 0.569604 0.569604 0.569604 0.569604 0.569604 0.569604 0.569604 0.569604 0.569604 0.569604 0.569604 0.569604 0.569604 0.569604 0.569604 0.569604 0.569604 0.569604 0.569604 0.569604 0.569604 0.569604 0.569604 0.569604 0.569604 0.569604 0.569604 0.569604 0.569604 0.569604 0.569604 0.569604 0.569604 0.569604 0.569604 0.569604 0.569604 0.569604 0.569604 0.569604 0.569604 0.569604 0.569604 0.569604 0.569604 0.569604 0.569604 0.569604 0.569604 0.569604 0.569604 0.569604 0.569604 0.569604 0.569604 0.569604 0.569604 0.569604 0.569604 0.569604 0.569604 0.569604 0.569604 0.569604 0.569604 0.569604 0.569604 0.569604 0.569604 0.569604 0.569604 0.569604 0.569604 0.569604 0.569604 0.569604 0.569604 0.569604 0.569604 0.569604 0.569604 0.569604 0.569604 0.569604 0.569604 0.569604 0.569604 0.569604 0.569604 0.569604 0.569604 0.569604 0.569604 0.569604 0.569604 0.569604 0.569604 0.569604 0.569604 0.569604 0.569604 0.569604 0.569604 0.569604 0.569604 0.556559 0.569604 0.569604 0.569604 0.569604 0.569604 0.569604 0.569604 0.569604 0.569604 0.427207 0.569604 0.569604 0.569604 0.569604 0.569604 0.569604 0.569604 0.569604 0.569604 0.569142 0.569604 0.569604 0.569604 0.569604 0.569604 0.569604 0.569604 0.569604 0.569604 0.532675 0.569604 0.569604 0.569604 0.569604 0.569604 0.569604 0.569604 0.569604 0.569604 0.41 0.569604 0.569604 0.569604 0.569604 0.569604 0.569604 0.569604 0.569604 0.569604 0.410002 0.569604 0.569604 0.569604 0.569604 0.569604 0.569604 0.569604 0.569604 0.569604 0.410035 0.569604 0.569604 0.569604 0.569604 0.569604 0.569604 0.569604 0.569604 0.569604 0.41 0.569604 0.569604 0.569604 0.569604 0.569604 0.569604 0.569604 0.569604 0.569604 0.410242 0.569604 0.569604 0.569604 0.569604 0.569604 0.569604 0.569604 0.569604 0.569604 0.567496 0.569604 0.569604 
0.579555 0.579555 0.579555 0.579555 0.579555 0.579555 0.579555 0.499962 0.579555 0.579555 0.579555 0.579555 0.579555 0.579555 0.579555 0.579555 0.579555 0.4 0.579555 0.579555 0.579555 0.579555 0.579555 0.579555 0.579555 0.579555 0.579555 0.400003 0.579555 0.579555 0.579555 0.579555 0.579555 0.579555 0.579555 0.579555 0.579555 0.578778 0.579555 0.579555 0.579555 0.579555 0.579555 0.579555 0.579555 0.579555 0.579555 0.400344 0.579555 0.579555 0.579555 0.579555 0.579555 0.579555 0.579555 0.579555 0.579555 0.400029 0.579555 0.579555 0.579555 0.579555 0.579555 0.579555 0.579555 0.579555 0.579555 0.400089 0.579555 0.579555 0.579555 0.579555 0.579555 0.579555 0.579555 0.579555 0.579555 0.578479 0.579555 0.579555 0.579555 0.579555 0.579555 0.579555 0.579555 0.579555 0.579555 0.57464 0.579555 0.579555 0.579555 0.579555 0.579555 0.579555 0.579555 0.579555 0.579555 0.400052 0.579555 0.579555 0.579555 0.536381 0.579555 0.579555 0.4 0.579555 0.579555 0.579555 0.579555 0.579555 0.579555 0.479437 0.579555 0.579555 0.44354 0.579555 0.579555 0.579555 0.579555 0.579555 0.579555 0.400356 0.579555 0.579555 0.400004 0.579555 0.579555 0.579555 0.579555 0.579555 0.579555 0.572385 0.579555 0.579555 0.4 0.579555 0.579555 0.579555 0.579555 0.579555 0.579555 0.570564 0.579555 0.579555 0.419201 0.579555 0.579555 0.579555 0.579555 0.579555 0.579555 0.571571 0.579555 0.579555 0.400051 0.579555 0.579555 0.579555 0.579555 0.579555 0.579555 0.400892 0.579555 0.579555 0.400226 0.579555 0.579555 0.579555 0.579555 0.579555 0.579555 0.414381 0.579555 0.579555 0.4 0.579555 0.579555 0.579555 0.579555 0.579555 0.579555 0.578824 0.579555 0.579555 0.573464 0.579555 0.579555 0.579555 0.579555 0.579555 0.579555 0.4 0.579555 0.579555 0.400001 0.579555 0.579555 0.579555 0.579555 0.579555 0.579555 0.579555 0.579555 0.579555 0.579555 0.579555 0.579555 0.579555 0.579555 0.579555 0.579555 0.579555 0.579555 0.579555 0.579555 0.579555 0.579555 0.579555 0.579555 0.579555 0.579555 0.579555 0.579555 0.579555 0.579555 0.579555 0.579555 0.579555 0.579555 0.579555 0.579555 0.579555 0.579555 0.579555 0.579555 0.579555 0.579555 0.579555 0.579555 0.579555 0.579555 0.579555 0.579555 0.579555 0.579555 0.579555 0.579555 0.579555 0.579555 0.579555 0.579555 0.579555 0.579555 0.579555 0.579555 0.579555 0.579555 0.579555 0.579555 0.579555 0.579555 0.579555 0.579555 0.579555 0.579555 0.579555 0.579555 0.579555 0.579555 0.579555 0.579555 0.579555 0.579555 0.579555 0.579555 0.579555 0.579555 0.579555 0.579555 0.579555 0.579555 0.579555 0.579555 0.579555 0.579555 0.579555 0.579555 0.579555 0.579555 0.579555 0.579555 0.579555 0.579555 0.579555 0.579555 0.579555 0.579555 0.579555 0.579555 0.579555 0.579555 0.579555 0.579555 0.579555 0.579555 0.579555 0.579555 0.4 0.579555 0.579555 0.579555 0.579555 0.579555 0.579555 0.579555 0.579555 0.579555 0.554629 0.579555 0.579555 0.579555 0.579555 0.579555 0.579555 0.579555 0.579555 0.579555 0.4 0.579555 0.579555 0.579555 0.579555 0.579555 0.579555 0.579555 0.579555 0.579555 0.4 0.579555 0.579555 0.579555 0.579555 0.579555 0.579555 0.579555 0.579555 0.579555 0.572181 0.579555 0.579555 0.579555 0.579555 0.579555 0.579555 0.579555 0.579555 0.579555 0.444676 0.579555 0.579555 0.579555 0.579555 0.579555 0.579555 0.579555 0.579555 0.579555 0.4 0.579555 0.579555 0.579555 0.579555 0.579555 0.579555 0.579555 0.579555 0.579555 0.427798 0.579555 0.579555 0.579555 0.579555 0.579555 0.579555 0.579555 0.579555 0.579555 0.579332 0.579555 0.579555 0.579555 0.579555 0.579555 0.579555 0.579555 0.579555 0.579555 0.578084 0.579555 0.579555 0.579555 0.472027 0.579555 0.579555 0.461435 0.579555 0.579555 0.579555 0.579555 0.579555 0.579555 0.4 0.579555 0.579555 0.400048 0.579555 0.579555 0.579555 0.579555 0.579555 0.579555 0.418484 0.579555 0.579555 0.531707 0.579555 0.579555 0.579555 0.579555 0.579555 0.579555 0.401044 0.579555 0.579555 0.473393 0.579555 0.579555 0.579555 0.579555 0.579555 0.579555 0.4 0.579555 0.579555 0.518472 0.579555 0.579555 0.579555 0.579555 0.579555 0.579555 0.575975 0.579555 0.579555 0.572292 0.579555 0.579555 0.579555 0.579555 0.579555 0.579555 0.4 0.579555 0.579555 0.400067 0.579555 0.579555 0.579555 0.579555 0.579555 0.579555 0.4 0.579555 0.579555 0.4 0.579555 0.579555 0.579555 0.579555 0.579555 0.579555 0.542423 0.579555 0.579555 0.492838 0.579555 0.579555 0.579555 0.579555 0.579555 0.579555 0.400001 0.579555 0.579555 0.400028 0.579555 0.579555 0.579555 0.579555 0.579555 0.579555 0.579555 0.579555 0.579555 0.579555 0.579555 0.579555 0.579555 0.579555 0.579555 0.579555 0.579555 0.579555 0.579555 0.579555 0.579555 0.579555 0.579555 0.579555 0.579555 0.579555 0.579555 0.579555 0.579555 0.579555 0.579555 0.579555 0.579555 0.579555 0.579555 0.579555 0.579555 0.579555 0.579555 0.579555 0.579555 0.579555 0.579555 0.579555 0.579555 0.579555 0.579555 0.579555 0.579555 0.579555 0.579555 0.579555 0.579555 0.579555 0.579555 0.579555 0.579555 0.579555 0.579555 0.579555 0.579555 0.579555 0.579555 0.579555 0.579555 0.579555 0.579555 0.579555 0.579555 0.579555 0.579555 0.579555 0.579555 0.579555 0.579555 0.579555 0.579555 0.579555 0.579555 0.579555 0.579555 0.579555 0.579555 0.579555 0.579555 0.579555 0.579555 0.579555 0.579555 0.579555 0.579555 0.579555 0.579555 0.579555 0.579555 0.579555 0.579555 0.579555 0.579555 0.579555 0.579555 0.579555 0.579555 0.579555 0.579555 0.579555 0.579555 0.579555 0.579555 0.579555 0.579555 0.579555 0.400023 0.579555 0.579555 0.579555 0.579555 0.579555 0.579555 0.579555 0.579555 0.579555 0.4 0.579555 0.579555 0.579555 0.579555 0.579555 0.579555 0.579555 0.579555 0.579555 0.4 0.579555 0.579555 0.579555 0.579555 0.579555 0.579555 0.579555 0.579555 0.579555 0.400091 0.579555 0.579555 0.579555 0.579555 0.579555 0.579555 0.579555 0.579555 0.579555 0.545346 0.579555 0.579555 0.579555 0.579555 0.579555 0.579555 0.579555 0.579555 0.579555 0.578994 0.579555 0.579555 0.579555 0.579555 0.579555 0.579555 0.579555 0.579555 0.579555 0.402199 0.579555 0.579555 0.579555 0.579555 0.579555 0.579555 0.579555 0.579555 0.579555 0.526584 0.579555 0.579555 0.579555 0.579555 0.579555 0.579555 0.579555 0.579555 0.579555 0.4 0.579555 0.579555 0.579555 0.579555 0.579555 0.579555 0.579555 0.579555 0.579555 0.400513 0.579555 0.579555 0.579555 0.4 0.579555 0.579555 0.402471 0.579555 0.579555 0.579555 0.579555 0.579555 0.579555 0.410435 0.579555 0.579555 0.400059 0.579555 0.579555 0.579555 0.579555 0.579555 0.579555 0.56461 0.579555 0.579555 0.536788 0.579555 0.579555 0.579555 0.579555 0.579555 0.579555 0.54987 0.579555 0.579555 0.576893 0.579555 0.579555 0.579555 0.579555 0.579555 0.579555 0.497016 0.579555 0.579555 0.400001 0.579555 0.579555 0.579555 0.579555 0.579555 0.579555 0.4 0.579555 0.579555 0.405756 0.579555 0.579555 0.579555 0.579555 0.579555 0.579555 0.400587 0.579555 0.579555 0.4 0.579555 0.579555 0.579555 0.579555 0.579555 0.579555 0.578564 0.579555 0.579555 0.400137 0.579555 0.579555 0.579555 0.579555 0.579555 0.579555 0.4 0.579555 0.579555 0.4 0.579555 0.579555 0.579555 0.579555 0.579555 0.579555 0.4 0.579555 0.579555 0.537031 0.579555 0.579555 0.579555 0.579555 0.579555 0.579555 0.579555 0.579555 0.579555 0.579555 0.579555 0.579555 0.579555 0.579555 0.579555 0.579555 0.579555 0.579555 0.579555 0.579555 0.579555 0.579555 0.579555 0.579555 0.579555 0.579555 0.579555 0.579555 0.579555 0.579555 0.579555 0.579555 0.579555 0.579555 0.579555 0.579555 0.579555 0.579555 0.579555 0.579555 0.579555 0.579555 0.579555 0.579555 0.579555 0.579555 0.579555 0.579555 0.579555 0.579555 0.579555 0.579555 0.579555 0.579555 0.579555 0.579555 0.579555 0.579555 0.579555 0.579555 0.579555 0.579555 0.579555 0.579555 0.579555 0.579555 0.579555 0.579555 0.579555 0.579555 0.579555 0.579555 0.579555 0.579555 0.579555 0.579555 0.579555 0.579555 0.579555 0.579555 0.579555 0.579555 0.579555 0.579555 0.579555 0.579555 0.579555 0.579555 0.579555 0.579555 0.579555 0.579555 0.579555 0.579555 0.579555 0.579555 0.579555 0.579555 0.579555 0.579555 0.579555 0.579555 0.579555 0.579555 0.579555 0.579555 0.579555 0.579555 0.579555 0.579555 0.579555 0.579555 0.559426 0.579555 0.579555 0.579555 0.579555 0.579555 0.579555 0.579555 0.579555 0.579555 0.550948 0.579555 0.579555 0.579555 0.579555 0.579555 0.579555 0.579555 0.579555 0.579555 0.4 0.579555 0.579555 0.579555 0.579555 0.579555 0.579555 0.579555 0.579555 0.579555 0.404875 0.579555 0.579555 0.579555 0.579555 0.579555 0.579555 0.579555 0.579555 0.579555 0.545592 0.579555 0.579555 0.579555 0.579555 0.579555 0.579555 0.579555 0.579555 0.579555 0.569329 0.579555 0.579555 0.579555 0.579555 0.579555 0.579555 0.579555 0.579555 0.579555 0.496148 0.579555 0.579555 0.579555 0.579555 0.579555 0.579555 0.579555 0.579555 0.579555 0.573189 0.579555 0.579555 0.579555 0.579555 0.579555 0.579555 0.579555 0.579555 0.579555 0.4 0.579555 0.579555 0.579555 0.579555 0.579555 0.579555 0.579555 0.579555 0.579555 0.572474 0.579555 0.579555 0.579555 0.579555 0.579555 0.579555 0.579555 0.579555 0.579555 0.409209 0.579555 0.579555 0.579555 0.579555 0.579555 0.579555 0.579555 0.579555 0.579555 0.4 0.579555 0.579555 0.579555 0.579555 0.579555 0.579555 0.579555 0.579555 0.579555 0.400001 0.579555 0.579555 0.579555 0.579555 0.579555 0.579555 0.579555 0.579555 0.579555 0.4 0.579555 0.579555 0.579555 0.579555 0.579555 0.579555 0.579555 0.579555 0.579555 0.4 0.579555 0.579555 0.579555 0.579555 0.579555 0.579555 0.579555 0.579555 0.579555 0.542312 0.579555 0.579555 0.579555 0.579555 0.579555 0.579555 0.579555 0.579555 0.579555 0.471601 0.579555 0.579555 0.579555 0.579555 0.579555 0.579555 0.579555 0.579555 0.579555 0.4 0.579555 0.579555 0.579555 0.579555 0.579555 0.579555 0.579555 0.579555 0.579555 0.400001 0.579555 0.579555 0.579555 0.579555 0.579555 0.579555 0.579555 0.579555 0.579555 0.400159 0.579555 0.579555 0.579555 0.4 0.579555 0.579555 0.424442 0.579555 0.579555 0.579555 0.579555 0.579555 0.579555 0.407616 0.579555 0.579555 0.401496 0.579555 0.579555 0.579555 0.579555 0.579555 0.579555 0.400003 0.579555 0.579555 0.400007 0.579555 0.579555 0.579555 0.579555 0.579555 0.579555 0.4 0.579555 0.579555 0.4 0.579555 0.579555 0.579555 0.579555 0.579555 0.579555 0.400332 0.579555 0.579555 0.412355 0.579555 0.579555 0.579555 0.579555 0.579555 0.579555 0.4 0.579555 0.579555 0.4 0.579555 0.579555 0.579555 0.579555 0.579555 0.579555 0.4 0.579555 0.579555 0.4 0.579555 0.579555 0.579555 0.579555 0.579555 0.579555 0.4 0.579555 0.579555 0.4 0.579555 0.579555 0.579555 0.579555 0.579555 0.579555 0.577301 0.579555 0.579555 0.400648 0.579555 0.579555 0.579555 0.579555 0.579555 0.579555 0.400031 0.579555 0.579555 0.400272 0.579555 0.579555 0.579555 0.579555 0.579555 0.579555 0.579555 0.579555 0.579555 0.579555 0.579555 0.579555 0.579555 0.579555 0.579555 0.579555 0.579555 0.579555 0.579555 0.579555 0.579555 0.579555 0.579555 0.579555 0.579555 0.579555 0.579555 0.579555 0.579555 0.579555 0.579555 0.579555 0.579555 0.579555 0.579555 0.579555 0.579555 0.579555 0.579555 0.579555 0.579555 0.579555 0.579555 0.579555 0.579555 0.579555 0.579555 0.579555 0.579555 0.579555 0.579555 0.579555 0.579555 0.579555 0.579555 0.579555 0.579555 0.579555 0.579555 0.579555 0.579555 0.579555 0.579555 0.579555 0.579555 0.579555 0.579555 0.579555 0.579555 0.579555 0.579555 0.579555 0.579555 0.579555 0.579555 0.579555 0.579555 0.579555 0.579555 0.579555 0.579555 0.579555 0.579555 0.579555 0.579555 0.579555 0.579555 0.579555 0.579555 0.579555 0.579555 0.579555 0.579555 0.579555 0.579555 0.579555 0.579555 0.579555 0.579555 0.579555 0.579555 0.579555 0.579555 0.579555 0.579555 0.579555 0.579555 0.579555 0.579555 0.579555 0.579555 0.579555 0.4 0.579555 0.579555 0.579555 0.579555 0.579555 0.579555 0.579555 0.579555 0.579555 0.555257 0.579555 0.579555 0.579555 0.579555 0.579555 0.579555 0.579555 0.579555 0.579555 0.4 0.579555 0.579555 0.579555 0.579555 0.579555 0.579555 0.579555 0.579555 0.579555 0.564489 0.579555 0.579555 0.579555 0.579555 0.579555 0.579555 0.579555 0.579555 0.579555 0.400006 0.579555 0.579555 0.579555 0.579555 0.579555 0.579555 0.579555 0.579555 0.579555 0.4 0.579555 0.579555 0.579555 0.579555 0.579555 0.579555 0.579555 0.579555 0.579555 0.430819 0.579555 0.579555 0.579555 0.579555 0.579555 0.579555 0.579555 0.579555 0.579555 0.565355 0.579555 0.579555 0.579555 0.579555 0.579555 0.579555 0.579555 0.579555 0.579555 0.417306 0.579555 0.579555 0.579555 0.579555 0.579555 0.579555 0.579555 0.579555 0.579555 0.401337 0.579555 0.579555 0.579555 0.4 0.579555 0.579555 0.566727 0.579555 0.579555 0.579555 0.579555 0.579555 0.579555 0.406923 0.579555 0.579555 0.579048 0.579555 0.579555 0.579555 0.579555 0.579555 0.579555 0.400099 0.579555 0.579555 0.4 0.579555 0.579555 0.579555 0.579555 0.579555 0.579555 0.4 0.579555 0.579555 0.4 0.579555 0.579555 0.579555 0.579555 0.579555 0.579555 0.4 0.579555 0.579555 0.400005 0.579555 0.579555 0.579555 0.579555 0.579555 0.579555 0.4 0.579555 0.579555 0.4 0.579555 0.579555 0.579555 0.579555 0.579555 0.579555 0.4 0.579555 0.579555 0.542018 0.579555 0.579555 0.579555 0.579555 0.579555 0.579555 0.4 0.579555 0.579555 0.50243 0.579555 0.579555 0.579555 0.579555 0.579555 0.579555 0.575391 0.579555 0.579555 0.4 0.579555 0.579555 0.579555 0.579555 0.579555 0.579555 0.577233 0.579555 0.579555 0.4 0.579555 0.579555 0.579555 0.579555 0.579555 0.579555 0.579555 0.579555 0.579555 0.579555 0.579555 0.579555 0.579555 0.579555 0.579555 0.579555 0.579555 0.579555 0.579555 0.579555 0.579555 0.579555 0.579555 0.579555 0.579555 0.579555 0.579555 0.579555 0.579555 0.579555 0.579555 0.579555 0.579555 0.579555 0.579555 0.579555 0.579555 0.579555 0.579555 0.579555 0.579555 0.579555 0.579555 0.579555 0.579555 0.579555 0.579555 0.579555 0.579555 0.579555 0.579555 0.579555 0.579555 0.579555 0.579555 0.579555 0.579555 0.579555 0.579555 0.579555 0.579555 0.579555 0.579555 0.579555 0.579555 0.579555 0.579555 0.579555 0.579555 0.579555 0.579555 0.579555 0.579555 0.579555 0.579555 0.579555 0.579555 0.579555 0.579555 0.579555 0.579555 0.579555 0.579555 0.579555 0.579555 0.579555 0.579555 0.579555 0.579555 0.579555 0.579555 0.579555 0.579555 0.579555 0.579555 0.579555 0.579555 0.579555 0.579555 0.579555 0.579555 0.579555 0.579555 0.579555 0.579555 0.579555 0.579555 0.579555 0.579555 0.579555 0.579555 0.579555 0.4 0.579555 0.579555 0.579555 0.579555 0.579555 0.579555 0.579555 0.579555 0.579555 0.578826 0.579555 0.579555 0.579555 0.579555 0.579555 0.579555 0.579555 0.579555 0.579555 0.400011 0.579555 0.579555 0.579555 0.579555 0.579555 0.579555 0.579555 0.579555 0.579555 0.4 0.579555 0.579555 0.579555 0.579555 0.579555 0.579555 0.579555 0.579555 0.579555 0.567828 0.579555 0.579555 0.579555 0.579555 0.579555 0.579555 0.579555 0.579555 0.579555 0.4 0.579555 0.579555 0.579555 0.579555 0.579555 0.579555 0.579555 0.579555 0.579555 0.4 0.579555 0.579555 0.579555 0.579555 0.579555 0.579555 0.579555 0.579555 0.579555 0.552895 0.579555 0.579555 0.579555 0.579555 0.579555 0.579555 0.579555 0.579555 0.579555 0.4 0.579555 0.579555 0.579555 0.579555 0.579555 0.579555 0.579555 0.579555 0.579555 0.400084 0.579555 0.579555 0.579555 0.4 0.579555 0.579555 0.401041 0.579555 0.579555 0.579555 0.579555 0.579555 0.579555 0.400033 0.579555 0.579555 0.400004 0.579555 0.579555 0.579555 0.579555 0.579555 0.579555 0.4 0.579555 0.579555 0.4 0.579555 0.579555 0.579555 0.579555 0.579555 0.579555 0.49118 0.579555 0.579555 0.4 0.579555 0.579555 0.579555 0.579555 0.579555 0.579555 0.577218 0.579555 0.579555 0.41194 0.579555 0.579555 0.579555 0.579555 0.579555 0.579555 0.403353 0.579555 0.579555 0.4 0.579555 0.579555 0.579555 0.579555 0.579555 0.579555 0.578953 0.579555 0.579555 0.569192 0.579555 0.579555 0.579555 0.579555 0.579555 0.579555 0.400002 0.579555 0.579555 0.555446 0.579555 0.579555 0.579555 0.579555 0.579555 0.579555 0.556678 0.579555 0.579555 0.518809 0.579555 0.579555 0.579555 0.579555 0.579555 0.579555 0.4 0.579555 0.579555 0.576299 0.579555 0.579555 0.579555 0.579555 0.579555 0.579555 0.579555 0.579555 0.579555 0.579555 0.579555 0.579555 0.579555 0.579555 0.579555 0.579555 0.579555 0.579555 0.579555 0.579555 0.579555 0.579555 0.579555 0.579555 0.579555 0.579555 0.579555 0.579555 0.579555 0.579555 0.579555 0.579555 0.579555 0.579555 0.579555 0.579555 0.579555 0.579555 0.579555 0.579555 0.579555 0.579555 0.579555 0.579555 0.579555 0.579555 0.579555 0.579555 0.579555 0.579555 0.579555 0.579555 0.579555 0.579555 0.579555 0.579555 0.579555 0.579555 0.579555 0.579555 0.579555 0.579555 0.579555 0.579555 0.579555 0.579555 0.579555 0.579555 0.579555 0.579555 0.579555 0.579555 0.579555 0.579555 0.579555 0.579555 0.579555 0.579555 0.579555 0.579555 0.579555 0.579555 0.579555 0.579555 0.579555 0.579555 0.579555 0.579555 0.579555 0.579555 0.579555 0.579555 0.579555 0.579555 0.579555 0.579555 0.579555 0.579555 0.579555 0.579555 0.579555 0.579555 0.579555 0.579555 0.579555 0.579555 0.579555 0.579555 0.579555 0.579555 0.579555 0.579555 0.574695 0.579555 0.579555 0.579555 0.579555 0.579555 0.579555 0.579555 0.579555 0.579555 0.567635 0.579555 0.579555 0.579555 0.579555 0.579555 0.579555 0.579555 0.579555 0.579555 0.401564 0.579555 0.579555 0.579555 0.579555 0.579555 0.579555 0.579555 0.579555 0.579555 0.4 0.579555 0.579555 0.579555 0.579555 0.579555 0.579555 0.579555 0.579555 0.579555 0.400094 0.579555 0.579555 0.579555 0.579555 0.579555 0.579555 0.579555 0.579555 0.579555 0.4 0.579555 0.579555 0.579555 0.579555 0.579555 0.579555 0.579555 0.579555 0.579555 0.568138 0.579555 0.579555 0.579555 0.579555 0.579555 0.579555 0.579555 0.579555 0.579555 0.565978 0.579555 0.579555 0.579555 0.579555 0.579555 0.579555 0.579555 0.579555 0.579555 0.4 0.579555 0.579555 0.579555 0.579555 0.579555 0.579555 0.579555 0.579555 0.579555 0.400239 0.579555 0.579555 0.579555 0.579555 0.579555 0.579555 0.579555 0.579555 0.579555 0.400003 0.579555 0.579555 0.579555 0.579555 0.579555 0.579555 0.579555 0.579555 0.579555 0.54881 0.579555 0.579555 0.579555 0.579555 0.579555 0.579555 0.579555 0.579555 0.579555 0.550399 0.579555 0.579555 0.579555 0.579555 0.579555 0.579555 0.579555 0.579555 0.579555 0.400005 0.579555 0.579555 0.579555 0.579555 0.579555 0.579555 0.579555 0.579555 0.579555 0.435071 0.579555 0.579555 0.579555 0.579555 0.579555 0.579555 0.579555 0.579555 0.579555 0.57887 0.579555 0.579555 0.579555 0.579555 0.579555 0.579555 0.579555 0.579555 0.579555 0.4 0.579555 0.579555 0.579555 0.579555 0.579555 0.579555 0.579555 0.579555 0.579555 0.400013 0.579555 0.579555 0.579555 0.579555 0.579555 0.579555 0.579555 0.579555 0.579555 0.400001 0.579555 0.579555 0.579555 0.579555 0.579555 0.579555 0.579555 0.579555 0.579555 0.400151 0.579555 0.579555 0.579555 0.402558 0.579555 0.579555 0.570153 0.579555 0.579555 0.579555 0.579555 0.579555 0.579555 0.578587 0.579555 0.579555 0.4 0.579555 0.579555 0.579555 0.579555 0.579555 0.579555 0.401856 0.579555 0.579555 0.470132 0.579555 0.579555 0.579555 0.579555 0.579555 0.579555 0.403239 0.579555 0.579555 0.4 0.579555 0.579555 0.579555 0.579555 0.579555 0.579555 0.522294 0.579555 0.579555 0.400015 0.579555 0.579555 0.579555 0.579555 0.579555 0.579555 0.400001 0.579555 0.579555 0.4 0.579555 0.579555 0.579555 0.579555 0.579555 0.579555 0.400002 0.579555 0.579555 0.410189 0.579555 0.579555 0.579555 0.579555 0.579555 0.579555 0.401183 0.579555 0.579555 0.56979 0.579555 0.579555 0.579555 0.579555 0.579555 0.579555 0.4 0.579555 0.579555 0.549545 0.579555 0.579555 0.579555 0.579555 0.579555 0.579555 0.400019 0.579555 0.579555 0.402191 0.579555 0.579555 0.579555 0.579555 0.579555 0.579555 0.579555 0.579555 0.579555 0.579555 0.579555 0.579555 0.579555 0.579555 0.579555 0.579555 0.579555 0.579555 0.579555 0.579555 0.579555 0.579555 0.579555 0.579555 0.579555 0.579555 0.579555 0.579555 0.579555 0.579555 0.579555 0.579555 0.579555 0.579555 0.579555 0.579555 0.579555 0.579555 0.579555 0.579555 0.579555 0.579555 0.579555 0.579555 0.579555 0.579555 0.579555 0.579555 0.579555 0.579555 0.579555 0.579555 0.579555 0.579555 0.579555 0.579555 0.579555 0.579555 0.579555 0.579555 0.579555 0.579555 0.579555 0.579555 0.579555 0.579555 0.579555 0.579555 0.579555 0.579555 0.579555 0.579555 0.579555 0.579555 0.579555 0.579555 0.579555 0.579555 0.579555 0.579555 0.579555 0.579555 0.579555 0.579555 0.579555 0.579555 0.579555 0.579555 0.579555 0.579555 0.579555 0.579555 0.579555 0.579555 0.579555 0.579555 0.579555 0.579555 0.579555 0.579555 0.579555 0.579555 0.579555 0.579555 0.579555 0.579555 0.579555 0.579555 0.579555 0.579555 0.579555 0.579555 0.400104 0.579555 0.579555 0.579555 0.579555 0.579555 0.579555 0.579555 0.579555 0.579555 0.563511 0.579555 0.579555 0.579555 0.579555 0.579555 0.579555 0.579555 0.579555 0.579555 0.42536 0.579555 0.579555 0.579555 0.579555 0.579555 0.579555 0.579555 0.579555 0.579555 0.400159 0.579555 0.579555 0.579555 0.579555 0.579555 0.579555 0.579555 0.579555 0.579555 0.466439 0.579555 0.579555 0.579555 0.579555 0.579555 0.579555 0.579555 0.579555 0.579555 0.578545 0.579555 0.579555 0.579555 0.579555 0.579555 0.579555 0.579555 0.579555 0.579555 0.4 0.579555 0.579555 0.579555 0.579555 0.579555 0.579555 0.579555 0.579555 0.579555 0.578929 0.579555 0.579555 0.579555 0.579555 0.579555 0.579555 0.579555 0.579555 0.579555 0.400001 0.579555 0.579555 0.579555 0.579555 0.579555 0.579555 0.579555 0.579555 0.579555 0.4 0.579555 0.579555 0.579555 0.4 0.579555 0.579555 0.579303 0.579555 0.579555 0.579555 0.579555 0.579555 0.579555 0.409305 0.579555 0.579555 0.400739 0.579555 0.579555 0.579555 0.579555 0.579555 0.579555 0.403585 0.579555 0.579555 0.4 0.579555 0.579555 0.579555 0.579555 0.579555 0.579555 0.4 0.579555 0.579555 0.472626 0.579555 0.579555 0.579555 0.579555 0.579555 0.579555 0.555528 0.579555 0.579555 0.576734 0.579555 0.579555 0.579555 0.579555 0.579555 0.579555 0.573779 0.579555 0.579555 0.4 0.579555 0.579555 0.579555 0.579555 0.579555 0.579555 0.4 0.579555 0.579555 0.400001 0.579555 0.579555 0.579555 0.579555 0.579555 0.579555 0.4 0.579555 0.579555 0.408589 0.579555 0.579555 0.579555 0.579555 0.579555 0.579555 0.4 0.579555 0.579555 0.4 0.579555 0.579555 0.579555 0.579555 0.579555 0.579555 0.514189 0.579555 0.579555 0.400403 0.579555 0.579555 0.579555 0.579555 0.579555 0.579555 0.579555 0.579555 0.579555 0.579555 0.579555 0.579555 0.579555 0.579555 0.579555 0.579555 0.579555 0.579555 0.579555 0.579555 0.579555 0.579555 0.579555 0.579555 0.579555 0.579555 0.579555 0.579555 0.579555 0.579555 0.579555 0.579555 0.579555 0.579555 0.579555 0.579555 0.579555 0.579555 0.579555 0.579555 0.579555 0.579555 0.579555 0.579555 0.579555 0.579555 0.579555 0.579555 0.579555 0.579555 0.579555 0.579555 0.579555 0.579555 0.579555 0.579555 0.579555 0.579555 0.579555 0.579555 0.579555 0.579555 0.579555 0.579555 0.579555 0.579555 0.579555 0.579555 0.579555 0.579555 0.579555 0.579555 0.579555 0.579555 0.579555 0.579555 0.579555 0.579555 0.579555 0.579555 0.579555 0.579555 0.579555 0.579555 0.579555 0.579555 0.579555 0.579555 0.579555 0.579555 0.579555 0.579555 0.579555 0.579555 0.579555 0.579555 0.579555 0.579555 0.579555 0.579555 0.579555 0.579555 0.579555 0.579555 0.579555 0.579555 0.579555 0.579555 0.579555 0.579555 0.579555 0.579555 0.4 0.579555 0.579555 0.579555 0.579555 0.579555 0.579555 0.579555 0.579555 0.579555 0.570719 0.579555 0.579555 0.579555 0.579555 0.579555 0.579555 0.579555 0.579555 0.579555 0.5784 0.579555 0.579555 0.579555 0.579555 0.579555 0.579555 0.579555 0.579555 0.579555 0.400653 0.579555 0.579555 0.579555 0.579555 0.579555 0.579555 0.579555 0.579555 0.579555 0.4 0.579555 0.579555 0.579555 0.579555 0.579555 0.579555 0.579555 0.579555 0.579555 0.4 0.579555 0.579555 0.579555 0.579555 0.579555 0.579555 0.579555 0.579555 0.579555 0.578622 0.579555 0.579555 0.579555 0.579555 0.579555 0.579555 0.579555 0.579555 0.579555 0.4 0.579555 0.579555 0.579555 0.579555 0.579555 0.579555 0.579555 0.579555 0.579555 0.4 0.579555 0.579555 0.579555 0.579555 0.579555 0.579555 0.579555 0.579555 0.579555 0.4 0.579555 0.579555 0.579555 0.530198 0.579555 0.579555 0.579081 0.579555 0.579555 0.579555 0.579555 0.579555 0.579555 0.577052 0.579555 0.579555 0.579351 0.579555 0.579555 0.579555 0.579555 0.579555 0.579555 0.400184 0.579555 0.579555 0.4 0.579555 0.579555 0.579555 0.579555 0.579555 0.579555 0.579379 0.579555 0.579555 0.458062 0.579555 0.579555 0.579555 0.579555 0.579555 0.579555 0.400014 0.579555 0.579555 0.577855 0.579555 0.579555 0.579555 0.579555 0.579555 0.579555 0.4 0.579555 0.579555 0.4 0.579555 0.579555 0.579555 0.579555 0.579555 0.579555 0.574016 0.579555 0.579555 0.577176 0.579555 0.579555 0.579555 0.579555 0.579555 0.579555 0.400251 0.579555 0.579555 0.4 0.579555 0.579555 0.579555 0.579555 0.579555 0.579555 0.410968 0.579555 0.579555 0.4 0.579555 0.579555 0.579555 0.579555 0.579555 0.579555 0.400356 0.579555 0.579555 0.4 0.579555 0.579555 0.579555 0.579555 0.579555 0.579555 0.579555 0.579555 0.579555 0.579555 0.579555 0.579555 0.579555 0.579555 0.579555 0.579555 0.579555 0.579555 0.579555 0.579555 0.579555 0.579555 0.579555 0.579555 0.579555 0.579555 0.579555 0.579555 0.579555 0.579555 0.579555 0.579555 0.579555 0.579555 0.579555 0.579555 0.579555 0.579555 0.579555 0.579555 0.579555 0.579555 0.579555 0.579555 0.579555 0.579555 0.579555 0.579555 0.579555 0.579555 0.579555 0.579555 0.579555 0.579555 0.579555 0.579555 0.579555 0.579555 0.579555 0.579555 0.579555 0.579555 0.579555 0.579555 0.579555 0.579555 0.579555 0.579555 0.579555 0.579555 0.579555 0.579555 0.579555 0.579555 0.579555 0.579555 0.579555 0.579555 0.579555 0.579555 0.579555 0.579555 0.579555 0.579555 0.579555 0.579555 0.579555 0.579555 0.579555 0.579555 0.579555 0.579555 0.579555 0.579555 0.579555 0.579555 0.579555 0.579555 0.579555 0.579555 0.579555 0.579555 0.579555 0.579555 0.579555 0.579555 0.579555 0.579555 0.579555 0.579555 0.579555 0.579555 0.531715 0.579555 0.579555 0.579555 0.579555 0.579555 0.579555 0.579555 0.579555 0.579555 0.56192 0.579555 0.579555 0.579555 0.579555 0.579555 0.579555 0.579555 0.579555 0.579555 0.400002 0.579555 0.579555 0.579555 0.579555 0.579555 0.579555 0.579555 0.579555 0.579555 0.400456 0.579555 0.579555 0.579555 0.579555 0.579555 0.579555 0.579555 0.579555 0.579555 0.400002 0.579555 0.579555 0.579555 0.579555 0.579555 0.579555 0.579555 0.579555 0.579555 0.400094 0.579555 0.579555 0.579555 0.579555 0.579555 0.579555 0.579555 0.579555 0.579555 0.536754 0.579555 0.579555 0.579555 0.579555 0.579555 0.579555 0.579555 0.579555 0.579555 0.400001 0.579555 0.579555 0.579555 0.579555 0.579555 0.579555 0.579555 0.579555 0.579555 0.4 0.579555 0.579555 0.579555 0.579555 0.579555 0.579555 0.579555 0.579555 0.579555 0.417856 0.579555 0.579555 0.579555 0.579555 0.579555 0.579555 0.579555 0.579555 0.579555 0.4 0.579555 0.579555 0.579555 0.579555 0.579555 0.579555 0.579555 0.579555 0.579555 0.40306 0.579555 0.579555 0.579555 0.579555 0.579555 0.579555 0.579555 0.579555 0.579555 0.4 0.579555 0.579555 0.579555 0.579555 0.579555 0.579555 0.579555 0.579555 0.579555 0.4 0.579555 0.579555 0.579555 0.579555 0.579555 0.579555 0.579555 0.579555 0.579555 0.400003 0.579555 0.579555 0.579555 0.579555 0.579555 0.579555 0.579555 0.579555 0.579555 0.534034 0.579555 0.579555 0.579555 0.579555 0.579555 0.579555 0.579555 0.579555 0.579555 0.4 0.579555 0.579555 0.579555 0.579555 0.579555 0.579555 0.579555 0.579555 0.579555 0.4 0.579555 0.579555 0.579555 0.579555 0.579555 0.579555 0.579555 0.579555 0.579555 0.400006 0.579555 0.579555 0.579555 0.579555 0.579555 0.579555 0.579555 0.579555 0.579555 0.465922 0.579555 0.579555 0.579555 0.466357 0.579555 0.579555 0.400553 0.579555 0.579555 0.579555 0.579555 0.579555 0.579555 0.400059 0.579555 0.579555 0.452117 0.579555 0.579555 0.579555 0.579555 0.579555 0.579555 0.400003 0.579555 0.579555 0.578872 0.579555 0.579555 0.579555 0.579555 0.579555 0.579555 0.574042 0.579555 0.579555 0.538277 0.579555 0.579555 0.579555 0.579555 0.579555 0.579555 0.400001 0.579555 0.579555 0.577931 0.579555 0.579555 0.579555 0.579555 0.579555 0.579555 0.578379 0.579555 0.579555 0.577249 0.579555 0.579555 0.579555 0.579555 0.579555 0.579555 0.40163 0.579555 0.579555 0.420327 0.579555 0.579555 0.579555 0.579555 0.579555 0.579555 0.4 0.579555 0.579555 0.400097 0.579555 0.579555 0.579555 0.579555 0.579555 0.579555 0.574385 0.579555 0.579555 0.528807 0.579555 0.579555 0.579555 0.579555 0.579555 0.579555 0.573967 0.579555 0.579555 0.448185 0.579555 0.579555 0.579555 0.579555 0.579555 0.579555 0.579555 0.579555 0.579555 0.579555 0.579555 0.579555 0.579555 0.579555 0.579555 0.579555 0.579555 0.579555 0.579555 0.579555 0.579555 0.579555 0.579555 0.579555 0.579555 0.579555 0.579555 0.579555 0.579555 0.579555 0.579555 0.579555 0.579555 0.579555 0.579555 0.579555 0.579555 0.579555 0.579555 0.579555 0.579555 0.579555 0.579555 0.579555 0.579555 0.579555 0.579555 0.579555 0.579555 0.579555 0.579555 0.579555 0.579555 0.579555 0.579555 0.579555 0.579555 0.579555 0.579555 0.579555 0.579555 0.579555 0.579555 0.579555 0.579555 0.579555 0.579555 0.579555 0.579555 0.579555 0.579555 0.579555 0.579555 0.579555 0.579555 0.579555 0.579555 0.579555 0.579555 0.579555 0.579555 0.579555 0.579555 0.579555 0.579555 0.579555 0.579555 0.579555 0.579555 0.579555 0.579555 0.579555 0.579555 0.579555 0.579555 0.579555 0.579555 0.579555 0.579555 0.579555 0.579555 0.579555 0.579555 0.579555 0.579555 0.579555 0.579555 0.579555 0.579555 0.579555 0.579555 0.579555 0.42699 0.579555 0.579555 0.579555 0.579555 0.579555 0.579555 0.579555 0.579555 0.579555 0.414165 0.579555 0.579555 0.579555 0.579555 0.579555 0.579555 0.579555 0.579555 0.579555 0.4 0.579555 0.579555 0.579555 0.579555 0.579555 0.579555 0.579555 0.579555 0.579555 0.400001 0.579555 0.579555 0.579555 0.579555 0.579555 0.579555 0.579555 0.579555 0.579555 0.400009 0.579555 0.579555 0.579555 0.579555 0.579555 0.579555 0.579555 0.579555 0.579555 0.4 0.579555 0.579555 0.579555 0.579555 0.579555 0.579555 0.579555 0.579555 0.579555 0.57601 0.579555 0.579555 0.579555 0.579555 0.579555 0.579555 0.579555 0.579555 0.579555 0.456025 0.579555 0.579555 0.579555 0.579555 0.579555 0.579555 0.579555 0.579555 0.579555 0.4 0.579555 0.579555 0.579555 0.579555 0.579555 0.579555 0.579555 0.579555 0.579555 0.578941 0.579555 0.579555 0.579555 0.430915 0.579555 0.579555 0.400334 0.579555 0.579555 0.579555 0.579555 0.579555 0.579555 0.553743 0.579555 0.579555 0.572563 0.579555 0.579555 0.579555 0.579555 0.579555 0.579555 0.400017 0.579555 0.579555 0.400175 0.579555 0.579555 0.579555 0.579555 0.579555 0.579555 0.4897 0.579555 0.579555 0.575471 0.579555 0.579555 0.579555 0.579555 0.579555 0.579555 0.4 0.579555 0.579555 0.400002 0.579555 0.579555 0.579555 0.579555 0.579555 0.579555 0.4 0.579555 0.579555 0.4 0.579555 0.579555 0.579555 0.579555 0.579555 0.579555 0.400001 0.579555 0.579555 0.4 0.579555 0.579555 0.579555 0.579555 0.579555 0.579555 0.400957 0.579555 0.579555 0.4 0.579555 0.579555 0.579555 0.579555 0.579555 0.579555 0.4 0.579555 0.579555 0.578412 0.579555 0.579555 0.579555 0.579555 0.579555 0.579555 0.4 0.579555 0.579555 0.524288 0.579555 0.579555 0.579555 0.579555 0.579555 0.579555 0.579555 0.579555 0.579555 0.579555 0.579555 0.579555 0.579555 0.579555 0.579555 0.579555 0.579555 0.579555 0.579555 0.579555 0.579555 0.579555 0.579555 0.579555 0.579555 0.579555 0.579555 0.579555 0.579555 0.579555 0.579555 0.579555 0.579555 0.579555 0.579555 0.579555 0.579555 0.579555 0.579555 0.579555 0.579555 0.579555 0.579555 0.579555 0.579555 0.579555 0.579555 0.579555 0.579555 0.579555 0.579555 0.579555 0.579555 0.579555 0.579555 0.579555 0.579555 0.579555 0.579555 0.579555 0.579555 0.579555 0.579555 0.579555 0.579555 0.579555 0.579555 0.579555 0.579555 0.579555 0.579555 0.579555 0.579555 0.579555 0.579555 0.579555 0.579555 0.579555 0.579555 0.579555 0.579555 0.579555 0.579555 0.579555 0.579555 0.579555 0.579555 0.579555 0.579555 0.579555 0.579555 0.579555 0.579555 0.579555 0.579555 0.579555 0.579555 0.579555 0.579555 0.579555 0.579555 0.579555 0.579555 0.579555 0.579555 0.579555 0.579555 0.579555 0.579555 0.579555 0.579555 0.579555 0.4 0.579555 0.579555 0.579555 0.579555 0.579555 0.579555 0.579555 0.579555 0.579555 0.527149 0.579555 0.579555 0.579555 0.579555 0.579555 0.579555 0.579555 0.579555 0.579555 0.567974 0.579555 0.579555 0.579555 0.579555 0.579555 0.579555 0.579555 0.579555 0.579555 0.564454 0.579555 0.579555 0.579555 0.579555 0.579555 0.579555 0.579555 0.579555 0.579555 0.402888 0.579555 0.579555 0.579555 0.579555 0.579555 0.579555 0.579555 0.579555 0.579555 0.579057 0.579555 0.579555 0.579555 0.579555 0.579555 0.579555 0.579555 0.579555 0.579555 0.569576 0.579555 0.579555 0.579555 0.579555 0.579555 0.579555 0.579555 0.579555 0.579555 0.400268 0.579555 0.579555 0.579555 0.579555 0.579555 0.579555 0.579555 0.579555 0.579555 0.578379 0.579555 0.579555 0.579555 0.579555 0.579555 0.579555 0.579555 0.579555 0.579555 0.4 0.579555 0.579555 0.579555 0.4 0.579555 0.579555 0.4 0.579555 0.579555 0.579555 0.579555 0.579555 0.579555 0.40001 0.579555 0.579555 0.4 0.579555 0.579555 0.579555 0.579555 0.579555 0.579555 0.497441 0.579555 0.579555 0.566882 0.579555 0.579555 0.579555 0.579555 0.579555 0.579555 0.576307 0.579555 0.579555 0.57936 0.579555 0.579555 0.579555 0.579555 0.579555 0.579555 0.400003 0.579555 0.579555 0.577419 0.579555 0.579555 0.579555 0.579555 0.579555 0.579555 0.400025 0.579555 0.579555 0.537496 0.579555 0.579555 0.579555 0.579555 0.579555 0.579555 0.4 0.579555 0.579555 0.4 0.579555 0.579555 0.579555 0.579555 0.579555 0.579555 0.4 0.579555 0.579555 0.56645 0.579555 0.579555 0.579555 0.579555 0.579555 0.579555 0.4 0.579555 0.579555 0.4 0.579555 0.579555 0.579555 0.579555 0.579555 0.579555 0.482003 0.579555 0.579555 0.403409 0.579555 0.579555 0.579555 0.579555 0.579555 0.579555 0.579555 0.579555 0.579555 0.579555 0.579555 0.579555 0.579555 0.579555 0.579555 0.579555 0.579555 0.579555 0.579555 0.579555 0.579555 0.579555 0.579555 0.579555 0.579555 0.579555 0.579555 0.579555 0.579555 0.579555 0.579555 0.579555 0.579555 0.579555 0.579555 0.579555 0.579555 0.579555 0.579555 0.579555 0.579555 0.579555 0.579555 0.579555 0.579555 0.579555 0.579555 0.579555 0.579555 0.579555 0.579555 0.579555 0.579555 0.579555 0.579555 0.579555 0.579555 0.579555 0.579555 0.579555 0.579555 0.579555 0.579555 0.579555 0.579555 0.579555 0.579555 0.579555 0.579555 0.579555 0.579555 0.579555 0.579555 0.579555 0.579555 0.579555 0.579555 0.579555 0.579555 0.579555 0.579555 0.579555 0.579555 0.579555 0.579555 0.579555 0.579555 0.579555 0.579555 0.579555 0.579555 0.579555 0.579555 0.579555 0.579555 0.579555 0.579555 0.579555 0.579555 0.579555 0.579555 0.579555 0.579555 0.579555 0.579555 0.579555 0.579555 0.579555 0.579555 0.579555 0.579555 0.579555 0.416078 0.579555 0.579555 0.579555 0.579555 0.579555 0.579555 0.579555 0.579555 0.579555 0.49029 0.579555 0.579555 0.579555 0.579555 0.579555 0.579555 0.579555 0.579555 0.579555 0.4 0.579555 0.579555 0.579555 0.579555 0.579555 0.579555 0.579555 0.579555 0.579555 0.539818 0.579555 0.579555 0.579555 0.579555 0.579555 0.579555 0.579555 0.579555 0.579555 0.4 0.579555 0.579555 0.579555 0.579555 0.579555 0.579555 0.579555 0.579555 0.579555 0.40027 0.579555 0.579555 0.579555 0.579555 0.579555 0.579555 0.579555 0.579555 0.579555 0.485137 0.579555 0.579555 0.579555 0.579555 0.579555 0.579555 0.579555 0.579555 0.579555 0.576043 0.579555 0.579555 0.579555 0.579555 0.579555 0.579555 0.579555 0.579555 0.579555 0.446513 0.579555 0.579555 0.579555 0.579555 0.579555 0.579555 0.579555 0.579555 0.579555 0.400063 0.579555 0.579555 0.579555 0.579555 0.579555 0.579555 0.579555 0.579555 0.579555 0.42724 0.579555 0.579555 0.579555 0.579555 0.579555 0.579555 0.579555 0.579555 0.579555 0.578176 0.579555 0.579555 0.579555 0.579555 0.579555 0.579555 0.579555 0.579555 0.579555 0.433175 0.579555 0.579555 0.579555 0.579555 0.579555 0.579555 0.579555 0.579555 0.579555 0.424228 0.579555 0.579555 0.579555 0.579555 0.579555 0.579555 0.579555 0.579555 0.579555 0.421382 0.579555 0.579555 0.579555 0.579555 0.579555 0.579555 0.579555 0.579555 0.579555 0.400014 0.579555 0.579555 0.579555 0.579555 0.579555 0.579555 0.579555 0.579555 0.579555 0.405183 0.579555 0.579555 0.579555 0.579555 0.579555 0.579555 0.579555 0.579555 0.579555 0.4 0.579555 0.579555 0.579555 0.579555 0.579555 0.579555 0.579555 0.579555 0.579555 0.4 0.579555 0.579555 0.579555 0.579555 0.579555 0.579555 0.579555 0.579555 0.579555 0.400183 0.579555 0.579555 0.579555 0.570243 0.579555 0.579555 0.400022 0.579555 0.579555 0.579555 0.579555 0.579555 0.579555 0.4 0.579555 0.579555 0.400597 0.579555 0.579555 0.579555 0.579555 0.579555 0.579555 0.54571 0.579555 0.579555 0.511071 0.579555 0.579555 0.579555 0.579555 0.579555 0.579555 0.4 0.579555 0.579555 0.505217 0.579555 0.579555 0.579555 0.579555 0.579555 0.579555 0.573315 0.579555 0.579555 0.4 0.579555 0.579555 0.579555 0.579555 0.579555 0.579555 0.400002 0.579555 0.579555 0.410108 0.579555 0.579555 0.579555 0.579555 0.579555 0.579555 0.539298 0.579555 0.579555 0.53756 0.579555 0.579555 0.579555 0.579555 0.579555 0.579555 0.56977 0.579555 0.579555 0.4 0.579555 0.579555 0.579555 0.579555 0.579555 0.579555 0.566997 0.579555 0.579555 0.400525 0.579555 0.579555 0.579555 0.579555 0.579555 0.579555 0.4 0.579555 0.579555 0.42766 0.579555 0.579555 0.579555 0.579555 0.579555 0.579555 0.579555 0.579555 0.579555 0.579555 0.579555 0.579555 0.579555 0.579555 0.579555 0.579555 0.579555 0.579555 0.579555 0.579555 0.579555 0.579555 0.579555 0.579555 0.579555 0.579555 0.579555 0.579555 0.579555 0.579555 0.579555 0.579555 0.579555 0.579555 0.579555 0.579555 0.579555 0.579555 0.579555 0.579555 0.579555 0.579555 0.579555 0.579555 0.579555 0.579555 0.579555 0.579555 0.579555 0.579555 0.579555 0.579555 0.579555 0.579555 0.579555 0.579555 0.579555 0.579555 0.579555 0.579555 0.579555 0.579555 0.579555 0.579555 0.579555 0.579555 0.579555 0.579555 0.579555 0.579555 0.579555 0.579555 0.579555 0.579555 0.579555 0.579555 0.579555 0.579555 0.579555 0.579555 0.579555 0.579555 0.579555 0.579555 0.579555 0.579555 0.579555 0.579555 0.579555 0.579555 0.579555 0.579555 0.579555 0.579555 0.579555 0.579555 0.579555 0.579555 0.579555 0.579555 0.579555 0.579555 0.579555 0.579555 0.579555 0.579555 0.579555 0.579555 0.579555 0.579555 0.579555 0.579555 0.4433 0.579555 0.579555 0.579555 0.579555 0.579555 0.579555 0.579555 0.579555 0.579555 0.400003 0.579555 0.579555 0.579555 0.579555 0.579555 0.579555 0.579555 0.579555 0.579555 0.410044 0.579555 0.579555 0.579555 0.579555 0.579555 0.579555 0.579555 0.579555 0.579555 0.4 0.579555 0.579555 0.579555 0.579555 0.579555 0.579555 0.579555 0.579555 0.579555 0.5785 0.579555 0.579555 0.579555 0.579555 0.579555 0.579555 0.579555 0.579555 0.579555 0.426811 0.579555 0.579555 0.579555 0.579555 0.579555 0.579555 0.579555 0.579555 0.579555 0.578784 0.579555 0.579555 0.579555 0.579555 0.579555 0.579555 0.579555 0.579555 0.579555 0.575949 0.579555 0.579555 0.579555 0.579555 0.579555 0.579555 0.579555 0.579555 0.579555 0.400007 0.579555 0.579555 0.579555 0.579555 0.579555 0.579555 0.579555 0.579555 0.579555 0.577817 0.579555 0.579555 0.579555 0.400022 0.579555 0.579555 0.4 0.579555 0.579555 0.579555 0.579555 0.579555 0.579555 0.4 0.579555 0.579555 0.575425 0.579555 0.579555 0.579555 0.579555 0.579555 0.579555 0.400002 0.579555 0.579555 0.4 0.579555 0.579555 0.579555 0.579555 0.579555 0.579555 0.568111 0.579555 0.579555 0.4 0.579555 0.579555 0.579555 0.579555 0.579555 0.579555 0.400672 0.579555 0.579555 0.408022 0.579555 0.579555 0.579555 0.579555 0.579555 0.579555 0.4 0.579555 0.579555 0.579029 0.579555 0.579555 0.579555 0.579555 0.579555 0.579555 0.426942 0.579555 0.579555 0.410266 0.579555 0.579555 0.579555 0.579555 0.579555 0.579555 0.575413 0.579555 0.579555 0.505339 0.579555 0.579555 0.579555 0.579555 0.579555 0.579555 0.577235 0.579555 0.579555 0.401397 0.579555 0.579555 0.579555 0.579555 0.579555 0.579555 0.400001 0.579555 0.579555 0.440753 0.579555 0.579555 0.579555 0.579555 0.579555 0.579555 0.579555 0.579555 0.579555 0.579555 0.579555 0.579555 0.579555 0.579555 0.579555 0.579555 0.579555 0.579555 0.579555 0.579555 0.579555 0.579555 0.579555 0.579555 0.579555 0.579555 0.579555 0.579555 0.579555 0.579555 0.579555 0.579555 0.579555 0.579555 0.579555 0.579555 0.579555 0.579555 0.579555 0.579555 0.579555 0.579555 0.579555 0.579555 0.579555 0.579555 0.579555 0.579555 0.579555 0.579555 0.579555 0.579555 0.579555 0.579555 0.579555 0.579555 0.579555 0.579555 0.579555 0.579555 0.579555 0.579555 0.579555 0.579555 0.579555 0.579555 0.579555 0.579555 0.579555 0.579555 0.579555 0.579555 0.579555 0.579555 0.579555 0.579555 0.579555 0.579555 0.579555 0.579555 0.579555 0.579555 0.579555 0.579555 0.579555 0.579555 0.579555 0.579555 0.579555 0.579555 0.579555 0.579555 0.579555 0.579555 0.579555 0.579555 0.579555 0.579555 0.579555 0.579555 0.579555 0.579555 0.579555 0.579555 0.579555 0.579555 0.579555 0.579555 0.579555 0.579555 0.579555 0.579555 0.400302 0.579555 0.579555 0.579555 0.579555 0.579555 0.579555 0.579555 0.579555 0.579555 0.425474 0.579555 0.579555 0.579555 0.579555 0.579555 0.579555 0.579555 0.579555 0.579555 0.40014 0.579555 0.579555 0.579555 0.579555 0.579555 0.579555 0.579555 0.579555 0.579555 0.400001 0.579555 0.579555 0.579555 0.579555 0.579555 0.579555 0.579555 0.579555 0.579555 0.4 0.579555 0.579555 0.579555 0.579555 0.579555 0.579555 0.579555 0.579555 0.579555 0.400279 0.579555 0.579555 0.579555 0.579555 0.579555 0.579555 0.579555 0.579555 0.579555 0.4 0.579555 0.579555 0.579555 0.579555 0.579555 0.579555 0.579555 0.579555 0.579555 0.400804 0.579555 0.579555 0.579555 0.579555 0.579555 0.579555 0.579555 0.579555 0.579555 0.400337 0.579555 0.579555 0.579555 0.579555 0.579555 0.579555 0.579555 0.579555 0.579555 0.4 0.579555 0.579555 0.579555 0.400034 0.579555 0.579555 0.552711 0.579555 0.579555 0.579555 0.579555 0.579555 0.579555 0.4 0.579555 0.579555 0.401051 0.579555 0.579555 0.579555 0.579555 0.579555 0.579555 0.4 0.579555 0.579555 0.578557 0.579555 0.579555 0.579555 0.579555 0.579555 0.579555 0.427802 0.579555 0.579555 0.576887 0.579555 0.579555 0.579555 0.579555 0.579555 0.579555 0.426332 0.579555 0.579555 0.4 0.579555 0.579555 0.579555 0.579555 0.579555 0.579555 0.411765 0.579555 0.579555 0.57868 0.579555 0.579555 0.579555 0.579555 0.579555 0.579555 0.400211 0.579555 0.579555 0.565611 0.579555 0.579555 0.579555 0.579555 0.579555 0.579555 0.421321 0.579555 0.579555 0.400001 0.579555 0.579555 0.579555 0.579555 0.579555 0.579555 0.569161 0.579555 0.579555 0.457646 0.579555 0.579555 0.579555 0.579555 0.579555 0.579555 0.4 0.579555 0.579555 0.400001 0.579555 0.579555 0.579555 0.579555 0.579555 0.579555 0.579555 0.579555 0.579555 0.579555 0.579555 0.579555 0.579555 0.579555 0.579555 0.579555 0.579555 0.579555 0.579555 0.579555 0.579555 0.579555 0.579555 0.579555 0.579555 0.579555 0.579555 0.579555 0.579555 0.579555 0.579555 0.579555 0.579555 0.579555 0.579555 0.579555 0.579555 0.579555 0.579555 0.579555 0.579555 0.579555 0.579555 0.579555 0.579555 0.579555 0.579555 0.579555 0.579555 0.579555 0.579555 0.579555 0.579555 0.579555 0.579555 0.579555 0.579555 0.579555 0.579555 0.579555 0.579555 0.579555 0.579555 0.579555 0.579555 0.579555 0.579555 0.579555 0.579555 0.579555 0.579555 0.579555 0.579555 0.579555 0.579555 0.579555 0.579555 0.579555 0.579555 0.579555 0.579555 0.579555 0.579555 0.579555 0.579555 0.579555 0.579555 0.579555 0.579555 0.579555 0.579555 0.579555 0.579555 0.579555 0.579555 0.579555 0.579555 0.579555 0.579555 0.579555 0.579555 0.579555 0.579555 0.579555 0.579555 0.579555 0.579555 0.579555 0.579555 0.579555 0.579555 0.579555 0.4 0.579555 0.579555 0.579555 0.579555 0.579555 0.579555 0.579555 0.579555 0.579555 0.430128 0.579555 0.579555 0.579555 0.579555 0.579555 0.579555 0.579555 0.579555 0.579555 0.54127 0.579555 0.579555 0.579555 0.579555 0.579555 0.579555 0.579555 0.579555 0.579555 0.437951 0.579555 0.579555 0.579555 0.579555 0.579555 0.579555 0.579555 0.579555 0.579555 0.42168 0.579555 0.579555 0.579555 0.579555 0.579555 0.579555 0.579555 0.579555 0.579555 0.400063 0.579555 0.579555 0.579555 0.579555 0.579555 0.579555 0.579555 0.579555 0.579555 0.4 0.579555 0.579555 0.579555 0.579555 0.579555 0.579555 0.579555 0.579555 0.579555 0.4 0.579555 0.579555 0.579555 0.579555 0.579555 0.579555 0.579555 0.579555 0.579555 0.553384 0.579555 0.579555 0.579555 0.579555 0.579555 0.579555 0.579555 0.579555 0.579555 0.519707 0.579555 0.579555 0.579555 0.579555 0.579555 0.579555 0.579555 0.579555 0.579555 0.400332 0.579555 0.579555 0.579555 0.579555 0.579555 0.579555 0.579555 0.579555 0.579555 0.435313 0.579555 0.579555 0.579555 0.579555 0.579555 0.579555 0.579555 0.579555 0.579555 0.400011 0.579555 0.579555 0.579555 0.579555 0.579555 0.579555 0.579555 0.579555 0.579555 0.400017 0.579555 0.579555 0.579555 0.579555 0.579555 0.579555 0.579555 0.579555 0.579555 0.4 0.579555 0.579555 0.579555 0.579555 0.579555 0.579555 0.579555 0.579555 0.579555 0.400177 0.579555 0.579555 0.579555 0.579555 0.579555 0.579555 0.579555 0.579555 0.579555 0.4 0.579555 0.579555 0.579555 0.579555 0.579555 0.579555 0.579555 0.579555 0.579555 0.509616 0.579555 0.579555 0.579555 0.579555 0.579555 0.579555 0.579555 0.579555 0.579555 0.4 0.579555 0.579555 0.579555 0.579555 0.579555 0.579555 0.579555 0.579555 0.579555 0.419762 0.579555 0.579555 0.579555 0.579285 0.579555 0.579555 0.4 0.579555 0.579555 0.579555 0.579555 0.579555 0.579555 0.426439 0.579555 0.579555 0.4 0.579555 0.579555 0.579555 0.579555 0.579555 0.579555 0.4 0.579555 0.579555 0.4 0.579555 0.579555 0.579555 0.579555 0.579555 0.579555 0.576249 0.579555 0.579555 0.578384 0.579555 0.579555 0.579555 0.579555 0.579555 0.579555 0.403201 0.579555 0.579555 0.579126 0.579555 0.579555 0.579555 0.579555 0.579555 0.579555 0.556142 0.579555 0.579555 0.4 0.579555 0.579555 0.579555 0.579555 0.579555 0.579555 0.529166 0.579555 0.579555 0.563651 0.579555 0.579555 0.579555 0.579555 0.579555 0.579555 0.4 0.579555 0.579555 0.485936 0.579555 0.579555 0.579555 0.579555 0.579555 0.579555 0.559046 0.579555 0.579555 0.4 0.579555 0.579555 0.579555 0.579555 0.579555 0.579555 0.408043 0.579555 0.579555 0.558605 0.579555 0.579555 0.579555 0.579555 0.579555 0.579555 0.579555 0.579555 0.579555 0.579555 0.579555 0.579555 0.579555 0.579555 0.579555 0.579555 0.579555 0.579555 0.579555 0.579555 0.579555 0.579555 0.579555 0.579555 0.579555 0.579555 0.579555 0.579555 0.579555 0.579555 0.579555 0.579555 0.579555 0.579555 0.579555 0.579555 0.579555 0.579555 0.579555 0.579555 0.579555 0.579555 0.579555 0.579555 0.579555 0.579555 0.579555 0.579555 0.579555 0.579555 0.579555 0.579555 0.579555 0.579555 0.579555 0.579555 0.579555 0.579555 0.579555 0.579555 0.579555 0.579555 0.579555 0.579555 0.579555 0.579555 0.579555 0.579555 0.579555 0.579555 0.579555 0.579555 0.579555 0.579555 0.579555 0.579555 0.579555 0.579555 0.579555 0.579555 0.579555 0.579555 0.579555 0.579555 0.579555 0.579555 0.579555 0.579555 0.579555 0.579555 0.579555 0.579555 0.579555 0.579555 0.579555 0.579555 0.579555 0.579555 0.579555 0.579555 0.579555 0.579555 0.579555 0.579555 0.579555 0.579555 0.579555 0.579555 0.579555 0.579555 0.579555 0.579555 0.405861 0.579555 0.579555 0.579555 0.579555 0.579555 0.579555 0.579555 0.579555 0.579555 0.4 0.579555 0.579555 0.579555 0.579555 0.579555 0.579555 0.579555 0.579555 0.579555 0.4 0.579555 0.579555 0.579555 0.579555 0.579555 0.579555 0.579555 0.579555 0.579555 0.574469 0.579555 0.579555 0.579555 0.579555 0.579555 0.579555 0.579555 0.579555 0.579555 0.4 0.579555 0.579555 0.579555 0.579555 0.579555 0.579555 0.579555 0.579555 0.579555 0.4 0.579555 0.579555 0.579555 0.579555 0.579555 0.579555 0.579555 0.579555 0.579555 0.575807 0.579555 0.579555 0.579555 0.579555 0.579555 0.579555 0.579555 0.579555 0.579555 0.4 0.579555 0.579555 0.579555 0.579555 0.579555 0.579555 0.579555 0.579555 0.579555 0.447221 0.579555 0.579555 0.579555 0.579555 0.579555 0.579555 0.579555 0.579555 0.579555 0.4 0.579555 0.579555 0.579555 0.400098 0.579555 0.579555 0.573312 0.579555 0.579555 0.579555 0.579555 0.579555 0.579555 0.445273 0.579555 0.579555 0.4 0.579555 0.579555 0.579555 0.579555 0.579555 0.579555 0.4 0.579555 0.579555 0.47989 0.579555 0.579555 0.579555 0.579555 0.579555 0.579555 0.400012 0.579555 0.579555 0.577588 0.579555 0.579555 0.579555 0.579555 0.579555 0.579555 0.4 0.579555 0.579555 0.570518 0.579555 0.579555 0.579555 0.579555 0.579555 0.579555 0.406429 0.579555 0.579555 0.566496 0.579555 0.579555 0.579555 0.579555 0.579555 0.579555 0.4 0.579555 0.579555 0.4 0.579555 0.579555 0.579555 0.579555 0.579555 0.579555 0.4 0.579555 0.579555 0.400002 0.579555 0.579555 0.579555 0.579555 0.579555 0.579555 0.4 0.579555 0.579555 0.419077 0.579555 0.579555 0.579555 0.579555 0.579555 0.579555 0.4 0.579555 0.579555 0.403204 0.579555 0.579555 0.579555 0.579555 0.579555 0.579555 0.579555 0.579555 0.579555 0.579555 0.579555 0.579555 0.579555 0.579555 0.579555 0.579555 0.579555 0.579555 0.579555 0.579555 0.579555 0.579555 0.579555 0.579555 0.579555 0.579555 0.579555 0.579555 0.579555 0.579555 0.579555 0.579555 0.579555 0.579555 0.579555 0.579555 0.579555 0.579555 0.579555 0.579555 0.579555 0.579555 0.579555 0.579555 0.579555 0.579555 0.579555 0.579555 0.579555 0.579555 0.579555 0.579555 0.579555 0.579555 0.579555 0.579555 0.579555 0.579555 0.579555 0.579555 0.579555 0.579555 0.579555 0.579555 0.579555 0.579555 0.579555 0.579555 0.579555 0.579555 0.579555 0.579555 0.579555 0.579555 0.579555 0.579555 0.579555 0.579555 0.579555 0.579555 0.579555 0.579555 0.579555 0.579555 0.579555 0.579555 0.579555 0.579555 0.579555 0.579555 0.579555 0.579555 0.579555 0.579555 0.579555 0.579555 0.579555 0.579555 0.579555 0.579555 0.579555 0.579555 0.579555 0.579555 0.579555 0.579555 0.579555 0.579555 0.579555 0.579555 0.579555 0.579555 0.4 0.579555 0.579555 0.579555 0.579555 0.579555 0.579555 0.579555 0.579555 0.579555 0.400001 0.579555 0.579555 0.579555 0.579555 0.579555 0.579555 0.579555 0.579555 0.579555 0.4 0.579555 0.579555 0.579555 0.579555 0.579555 0.579555 0.579555 0.579555 0.579555 0.4 0.579555 0.579555 0.579555 0.579555 0.579555 0.579555 0.579555 0.579555 0.579555 0.415236 0.579555 0.579555 0.579555 0.579555 0.579555 0.579555 0.579555 0.579555 0.579555 0.476261 0.579555 0.579555 0.579555 0.579555 0.579555 0.579555 0.579555 0.579555 0.579555 0.57888 0.579555 0.579555 0.579555 0.579555 0.579555 0.579555 0.579555 0.579555 0.579555 0.404221 0.579555 0.579555 0.579555 0.579555 0.579555 0.579555 0.579555 0.579555 0.579555 0.4 0.579555 0.579555 0.579555 0.579555 0.579555 0.579555 0.579555 0.579555 0.579555 0.4 0.579555 0.579555 0.579555 0.501404 0.579555 0.579555 0.577753 0.579555 0.579555 0.579555 0.579555 0.579555 0.579555 0.520613 0.579555 0.579555 0.576952 0.579555 0.579555 0.579555 0.579555 0.579555 0.579555 0.579054 0.579555 0.579555 0.576418 0.579555 0.579555 0.579555 0.579555 0.579555 0.579555 0.407034 0.579555 0.579555 0.4 0.579555 0.579555 0.579555 0.579555 0.579555 0.579555 0.400159 0.579555 0.579555 0.400104 0.579555 0.579555 0.579555 0.579555 0.579555 0.579555 0.400946 0.579555 0.579555 0.406935 0.579555 0.579555 0.579555 0.579555 0.579555 0.579555 0.403684 0.579555 0.579555 0.541891 0.579555 0.579555 0.579555 0.579555 0.579555 0.579555 0.400103 0.579555 0.579555 0.400076 0.579555 0.579555 0.579555 0.579555 0.579555 0.579555 0.554767 0.579555 0.579555 0.529459 0.579555 0.579555 0.579555 0.579555 0.579555 0.579555 0.577022 0.579555 0.579555 0.400357 0.579555 0.579555 0.579555 0.579555 0.579555 0.579555 0.579555 0.579555 0.579555 0.579555 0.579555 0.579555 0.579555 0.579555 0.579555 0.579555 0.579555 0.579555 0.579555 0.579555 0.579555 0.579555 0.579555 0.579555 0.579555 0.579555 0.579555 0.579555 0.579555 0.579555 0.579555 0.579555 0.579555 0.579555 0.579555 0.579555 0.579555 0.579555 0.579555 0.579555 0.579555 0.579555 0.579555 0.579555 0.579555 0.579555 0.579555 0.579555 0.579555 0.579555 0.579555 0.579555 0.579555 0.579555 0.579555 0.579555 0.579555 0.579555 0.579555 0.579555 0.579555 0.579555 0.579555 0.579555 0.579555 0.579555 0.579555 0.579555 0.579555 0.579555 0.579555 0.579555 0.579555 0.579555 0.579555 0.579555 0.579555 0.579555 0.579555 0.579555 0.579555 0.579555 0.579555 0.579555 0.579555 0.579555 0.579555 0.579555 0.579555 0.579555 0.579555 0.579555 0.579555 0.579555 0.579555 0.579555 0.579555 0.579555 0.579555 0.579555 0.579555 0.579555 0.579555 0.579555 0.579555 0.579555 0.579555 0.579555 0.579555 0.579555 0.579555 0.579555 0.400006 0.579555 0.579555 0.579555 0.579555 0.579555 0.579555 0.579555 0.579555 0.579555 0.531344 0.579555 0.579555 0.579555 0.579555 0.579555 0.579555 0.579555 0.579555 0.579555 0.457073 0.579555 0.579555 0.579555 0.579555 0.579555 0.579555 0.579555 0.579555 0.579555 0.52612 0.579555 0.579555 0.579555 0.579555 0.579555 0.579555 0.579555 0.579555 0.579555 0.400098 0.579555 0.579555 0.579555 0.579555 0.579555 0.579555 0.579555 0.579555 0.579555 0.40001 0.579555 0.579555 0.579555 0.579555 0.579555 0.579555 0.579555 0.579555 0.579555 0.400002 0.579555 0.579555 0.579555 0.579555 0.579555 0.579555 0.579555 0.579555 0.579555 0.400437 0.579555 0.579555 0.579555 0.579555 0.579555 0.579555 0.579555 0.579555 0.579555 0.463213 0.579555 0.579555 0.579555 0.579555 0.579555 0.579555 0.579555 0.579555 0.579555 0.4 0.579555 0.579555 0.579555 0.579555 0.579555 0.579555 0.579555 0.579555 0.579555 0.400001 0.579555 0.579555 0.579555 0.579555 0.579555 0.579555 0.579555 0.579555 0.579555 0.4 0.579555 0.579555 0.579555 0.579555 0.579555 0.579555 0.579555 0.579555 0.579555 0.402537 0.579555 0.579555 0.579555 0.579555 0.579555 0.579555 0.579555 0.579555 0.579555 0.4 0.579555 0.579555 0.579555 0.579555 0.579555 0.579555 0.579555 0.579555 0.579555 0.576465 0.579555 0.579555 0.579555 0.579555 0.579555 0.579555 0.579555 0.579555 0.579555 0.400047 0.579555 0.579555 0.579555 0.579555 0.579555 0.579555 0.579555 0.579555 0.579555 0.400318 0.579555 0.579555 0.579555 0.579555 0.579555 0.579555 0.579555 0.579555 0.579555 0.4 0.579555 0.579555 0.579555 0.579555 0.579555 0.579555 0.579555 0.579555 0.579555 0.400297 0.579555 0.579555 0.579555 0.579555 0.579555 0.579555 0.579555 0.579555 0.579555 0.4 0.579555 0.579555 0.579555 0.404149 0.579555 0.579555 0.560963 0.579555 0.579555 0.579555 0.579555 0.579555 0.579555 0.404461 0.579555 0.579555 0.400094 0.579555 0.579555 0.579555 0.579555 0.579555 0.579555 0.578944 0.579555 0.579555 0.405352 0.579555 0.579555 0.579555 0.579555 0.579555 0.579555 0.400044 0.579555 0.579555 0.400061 0.579555 0.579555 0.579555 0.579555 0.579555 0.579555 0.400041 0.579555 0.579555 0.4026 0.579555 0.579555 0.579555 0.579555 0.579555 0.579555 0.4 0.579555 0.579555 0.400229 0.579555 0.579555 0.579555 0.579555 0.579555 0.579555 0.400262 0.579555 0.579555 0.4 0.579555 0.579555 0.579555 0.579555 0.579555 0.579555 0.400155 0.579555 0.579555 0.4 0.579555 0.579555 0.579555 0.579555 0.579555 0.579555 0.400001 0.579555 0.579555 0.560632 0.579555 0.579555 0.579555 0.579555 0.579555 0.579555 0.565616 0.579555 0.579555 0.401413 0.579555 0.579555 0.579555 0.579555 0.579555 0.579555 0.579555 0.579555 0.579555 0.579555 0.579555 0.579555 0.579555 0.579555 0.579555 0.579555 0.579555 0.579555 0.579555 0.579555 0.579555 0.579555 0.579555 0.579555 0.579555 0.579555 0.579555 0.579555 0.579555 0.579555 0.579555 0.579555 0.579555 0.579555 0.579555 0.579555 0.579555 0.579555 0.579555 0.579555 0.579555 0.579555 0.579555 0.579555 0.579555 0.579555 0.579555 0.579555 0.579555 0.579555 0.579555 0.579555 0.579555 0.579555 0.579555 0.579555 0.579555 0.579555 0.579555 0.579555 0.579555 0.579555 0.579555 0.579555 0.579555 0.579555 0.579555 0.579555 0.579555 0.579555 0.579555 0.579555 0.579555 0.579555 0.579555 0.579555 0.579555 0.579555 0.579555 0.579555 0.579555 0.579555 0.579555 0.579555 0.579555 0.579555 0.579555 0.579555 0.579555 0.579555 0.579555 0.579555 0.579555 0.579555 0.579555 0.579555 0.579555 0.579555 0.579555 0.579555 0.579555 0.579555 0.579555 0.579555 0.579555 0.579555 0.579555 0.579555 0.579555 0.579555 0.579555 0.579555 0.57878 0.579555 0.579555 0.579555 0.579555 0.579555 0.579555 0.579555 0.579555 0.579555 0.577282 0.579555 0.579555 0.579555 0.579555 0.579555 0.579555 0.579555 0.579555 0.579555 0.400021 0.579555 0.579555 0.579555 0.579555 0.579555 0.579555 0.579555 0.579555 0.579555 0.546888 0.579555 0.579555 0.579555 0.579555 0.579555 0.579555 0.579555 0.579555 0.579555 0.408589 0.579555 0.579555 0.579555 0.579555 0.579555 0.579555 0.579555 0.579555 0.579555 0.4 0.579555 0.579555 0.579555 0.579555 0.579555 0.579555 0.579555 0.579555 0.579555 0.446904 0.579555 0.579555 0.579555 0.579555 0.579555 0.579555 0.579555 0.579555 0.579555 0.400176 0.579555 0.579555 0.579555 0.579555 0.579555 0.579555 0.579555 0.579555 0.579555 0.501383 0.579555 0.579555 0.579555 0.579555 0.579555 0.579555 0.579555 0.579555 0.579555 0.4 0.579555 0.579555 0.579555 0.570983 0.579555 0.579555 0.555343 0.579555 0.579555 0.579555 0.579555 0.579555 0.579555 0.4 0.579555 0.579555 0.548352 0.579555 0.579555 0.579555 0.579555 0.579555 0.579555 0.422596 0.579555 0.579555 0.416353 0.579555 0.579555 0.579555 0.579555 0.579555 0.579555 0.433723 0.579555 0.579555 0.57255 0.579555 0.579555 0.579555 0.579555 0.579555 0.579555 0.4 0.579555 0.579555 0.453701 0.579555 0.579555 0.579555 0.579555 0.579555 0.579555 0.526302 0.579555 0.579555 0.400052 0.579555 0.579555 0.579555 0.579555 0.579555 0.579555 0.422348 0.579555 0.579555 0.4 0.579555 0.579555 0.579555 0.579555 0.579555 0.579555 0.40171 0.579555 0.579555 0.575773 0.579555 0.579555 0.579555 0.579555 0.579555 0.579555 0.4 0.579555 0.579555 0.400045 0.579555 0.579555 0.579555 0.579555 0.579555 0.579555 0.520456 0.579555 0.579555 0.4 0.579555 0.579555 0.579555 0.579555 0.579555 0.579555 0.579555 0.579555 0.579555 0.579555 0.579555 0.579555 0.579555 0.579555 0.579555 0.579555 0.579555 0.579555 0.579555 0.579555 0.579555 0.579555 0.579555 0.579555 0.579555 0.579555 0.579555 0.579555 0.579555 0.579555 0.579555 0.579555 0.579555 0.579555 0.579555 0.579555 0.579555 0.579555 0.579555 0.579555 0.579555 0.579555 0.579555 0.579555 0.579555 0.579555 0.579555 0.579555 0.579555 0.579555 0.579555 0.579555 0.579555 0.579555 0.579555 0.579555 0.579555 0.579555 0.579555 0.579555 0.579555 0.579555 0.579555 0.579555 0.579555 0.579555 0.579555 0.579555 0.579555 0.579555 0.579555 0.579555 0.579555 0.579555 0.579555 0.579555 0.579555 0.579555 0.579555 0.579555 0.579555 0.579555 0.579555 0.579555 0.579555 0.579555 0.579555 0.579555 0.579555 0.579555 0.579555 0.579555 0.579555 0.579555 0.579555 0.579555 0.579555 0.579555 0.579555 0.579555 0.579555 0.579555 0.579555 0.579555 0.579555 0.579555 0.579555 0.579555 0.579555 0.579555 0.579555 0.579555 0.4 0.579555 0.579555 0.579555 0.579555 0.579555 0.579555 0.579555 0.579555 0.579555 0.4 0.579555 0.579555 0.579555 0.579555 0.579555 0.579555 0.579555 0.579555 0.579555 0.400074 0.579555 0.579555 0.579555 0.579555 0.579555 0.579555 0.579555 0.579555 0.579555 0.4 0.579555 0.579555 0.579555 0.579555 0.579555 0.579555 0.579555 0.579555 0.579555 0.4 0.579555 0.579555 0.579555 0.579555 0.579555 0.579555 0.579555 0.579555 0.579555 0.400323 0.579555 0.579555 0.579555 0.579555 0.579555 0.579555 0.579555 0.579555 0.579555 0.4 0.579555 0.579555 0.579555 0.579555 0.579555 0.579555 0.579555 0.579555 0.579555 0.44394 0.579555 0.579555 0.579555 0.579555 0.579555 0.579555 0.579555 0.579555 0.579555 0.578455 0.579555 0.579555 0.579555 0.579555 0.579555 0.579555 0.579555 0.579555 0.579555 0.552319 0.579555 0.579555 0.579555 0.568172 0.579555 0.579555 0.407895 0.579555 0.579555 0.579555 0.579555 0.579555 0.579555 0.50908 0.579555 0.579555 0.405204 0.579555 0.579555 0.579555 0.579555 0.579555 0.579555 0.444419 0.579555 0.579555 0.404433 0.579555 0.579555 0.579555 0.579555 0.579555 0.579555 0.4 0.579555 0.579555 0.520764 0.579555 0.579555 0.579555 0.579555 0.579555 0.579555 0.400064 0.579555 0.579555 0.400241 0.579555 0.579555 0.579555 0.579555 0.579555 0.579555 0.552391 0.579555 0.579555 0.400002 0.579555 0.579555 0.579555 0.579555 0.579555 0.579555 0.4 0.579555 0.579555 0.402083 0.579555 0.579555 0.579555 0.579555 0.579555 0.579555 0.497416 0.579555 0.579555 0.575881 0.579555 0.579555 0.579555 0.579555 0.579555 0.579555 0.51921 0.579555 0.579555 0.400002 0.579555 0.579555 0.579555 0.579555 0.579555 0.579555 0.456313 0.579555 0.579555 0.568888 0.579555 0.579555 0.579555 0.579555 0.579555 0.579555 0.579555 0.579555 0.579555 0.579555 0.579555 0.579555 0.579555 0.579555 0.579555 0.579555 0.579555 0.579555 0.579555 0.579555 0.579555 0.579555 0.579555 0.579555 0.579555 0.579555 0.579555 0.579555 0.579555 0.579555 0.579555 0.579555 0.579555 0.579555 0.579555 0.579555 0.579555 0.579555 0.579555 0.579555 0.579555 0.579555 0.579555 0.579555 0.579555 0.579555 0.579555 0.579555 0.579555 0.579555 0.579555 0.579555 0.579555 0.579555 0.579555 0.579555 0.579555 0.579555 0.579555 0.579555 0.579555 0.579555 0.579555 0.579555 0.579555 0.579555 0.579555 0.579555 0.579555 0.579555 0.579555 0.579555 0.579555 0.579555 0.579555 0.579555 0.579555 0.579555 0.579555 0.579555 0.579555 0.579555 0.579555 0.579555 0.579555 0.579555 0.579555 0.579555 0.579555 0.579555 0.579555 0.579555 0.579555 0.579555 0.579555 0.579555 0.579555 0.579555 0.579555 0.579555 0.579555 0.579555 0.579555 0.579555 0.579555 0.579555 0.579555 0.579555 0.579555 0.579555 0.579555 0.579555 0.400018 0.579555 0.579555 0.579555 0.579555 0.579555 0.579555 0.579555 0.579555 0.579555 0.57937 0.579555 0.579555 0.579555 0.579555 0.579555 0.579555 0.579555 0.579555 0.579555 0.423066 0.579555 0.579555 0.579555 0.579555 0.579555 0.579555 0.579555 0.579555 0.579555 0.40183 0.579555 0.579555 0.579555 0.579555 0.579555 0.579555 0.579555 0.579555 0.579555 0.400012 0.579555 0.579555 0.579555 0.579555 0.579555 0.579555 0.579555 0.579555 0.579555 0.4 0.579555 0.579555 0.579555 0.579555 0.579555 0.579555 0.579555 0.579555 0.579555 0.400516 0.579555 0.579555 0.579555 0.579555 0.579555 0.579555 0.579555 0.579555 0.579555 0.4 0.579555 0.579555 0.579555 0.579555 0.579555 0.579555 0.579555 0.579555 0.579555 0.4 0.579555 0.579555 0.579555 0.579555 0.579555 0.579555 0.579555 0.579555 0.579555 0.4 0.579555 0.579555 0.579555 0.579555 0.579555 0.579555 0.579555 0.579555 0.579555 0.404384 0.579555 0.579555 0.579555 0.579555 0.579555 0.579555 0.579555 0.579555 0.579555 0.400086 0.579555 0.579555 0.579555 0.579555 0.579555 0.579555 0.579555 0.579555 0.579555 0.421363 0.579555 0.579555 0.579555 0.579555 0.579555 0.579555 0.579555 0.579555 0.579555 0.400003 0.579555 0.579555 0.579555 0.579555 0.579555 0.579555 0.579555 0.579555 0.579555 0.467993 0.579555 0.579555 0.579555 0.579555 0.579555 0.579555 0.579555 0.579555 0.579555 0.578153 0.579555 0.579555 0.579555 0.579555 0.579555 0.579555 0.579555 0.579555 0.579555 0.4 0.579555 0.579555 0.579555 0.579555 0.579555 0.579555 0.579555 0.579555 0.579555 0.402592 0.579555 0.579555 0.579555 0.579555 0.579555 0.579555 0.579555 0.579555 0.579555 0.578281 0.579555 0.579555 0.579555 0.579555 0.579555 0.579555 0.579555 0.579555 0.579555 0.568351 0.579555 0.579555 0.579555 0.574027 0.579555 0.579555 0.400006 0.579555 0.579555 0.579555 0.579555 0.579555 0.579555 0.4 0.579555 0.579555 0.400012 0.579555 0.579555 0.579555 0.579555 0.579555 0.579555 0.4 0.579555 0.579555 0.530445 0.579555 0.579555 0.579555 0.579555 0.579555 0.579555 0.4 0.579555 0.579555 0.570534 0.579555 0.579555 0.579555 0.579555 0.579555 0.579555 0.557479 0.579555 0.579555 0.566061 0.579555 0.579555 0.579555 0.579555 0.579555 0.579555 0.4 0.579555 0.579555 0.576303 0.579555 0.579555 0.579555 0.579555 0.579555 0.579555 0.400001 0.579555 0.579555 0.500367 0.579555 0.579555 0.579555 0.579555 0.579555 0.579555 0.400026 0.579555 0.579555 0.400041 0.579555 0.579555 0.579555 0.579555 0.579555 0.579555 0.523185 0.579555 0.579555 0.4 0.579555 0.579555 0.579555 0.579555 0.579555 0.579555 0.401275 0.579555 0.579555 0.554692 0.579555 0.579555 0.579555 0.579555 0.579555 0.579555 0.579555 0.579555 0.579555 0.579555 0.579555 0.579555 0.579555 0.579555 0.579555 0.579555 0.579555 0.579555 0.579555 0.579555 0.579555 0.579555 0.579555 0.579555 0.579555 0.579555 0.579555 0.579555 0.579555 0.579555 0.579555 0.579555 0.579555 0.579555 0.579555 0.579555 0.579555 0.579555 0.579555 0.579555 0.579555 0.579555 0.579555 0.579555 0.579555 0.579555 0.579555 0.579555 0.579555 0.579555 0.579555 0.579555 0.579555 0.579555 0.579555 0.579555 0.579555 0.579555 0.579555 0.579555 0.579555 0.579555 0.579555 0.579555 0.579555 0.579555 0.579555 0.579555 0.579555 0.579555 0.579555 0.579555 0.579555 0.579555 0.579555 0.579555 0.579555 0.579555 0.579555 0.579555 0.579555 0.579555 0.579555 0.579555 0.579555 0.579555 0.579555 0.579555 0.579555 0.579555 0.579555 0.579555 0.579555 0.579555 0.579555 0.579555 0.579555 0.579555 0.579555 0.579555 0.579555 0.579555 0.579555 0.579555 0.579555 0.579555 0.579555 0.579555 0.579555 0.579555 0.579555 0.579555 0.402574 0.579555 0.579555 0.579555 0.579555 0.579555 0.579555 0.579555 0.579555 0.579555 0.537478 0.579555 0.579555 0.579555 0.579555 0.579555 0.579555 0.579555 0.579555 0.579555 0.4 0.579555 0.579555 0.579555 0.579555 0.579555 0.579555 0.579555 0.579555 0.579555 0.559483 0.579555 0.579555 0.579555 0.579555 0.579555 0.579555 0.579555 0.579555 0.579555 0.400454 0.579555 0.579555 0.579555 0.579555 0.579555 0.579555 0.579555 0.579555 0.579555 0.411918 0.579555 0.579555 0.579555 0.579555 0.579555 0.579555 0.579555 0.579555 0.579555 0.44651 0.579555 0.579555 0.579555 0.579555 0.579555 0.579555 0.579555 0.579555 0.579555 0.4 0.579555 0.579555 0.579555 0.579555 0.579555 0.579555 0.579555 0.579555 0.579555 0.400111 0.579555 0.579555 0.579555 0.579555 0.579555 0.579555 0.579555 0.579555 0.579555 0.445599 0.579555 0.579555 0.579555 0.549053 0.579555 0.579555 0.486656 0.579555 0.579555 0.579555 0.579555 0.579555 0.579555 0.400601 0.579555 0.579555 0.505402 0.579555 0.579555 0.579555 0.579555 0.579555 0.579555 0.426462 0.579555 0.579555 0.400296 0.579555 0.579555 0.579555 0.579555 0.579555 0.579555 0.578363 0.579555 0.579555 0.565756 0.579555 0.579555 0.579555 0.579555 0.579555 0.579555 0.40002 0.579555 0.579555 0.575127 0.579555 0.579555 0.579555 0.579555 0.579555 0.579555 0.4 0.579555 0.579555 0.414359 0.579555 0.579555 0.579555 0.579555 0.579555 0.579555 0.578902 0.579555 0.579555 0.573539 0.579555 0.579555 0.579555 0.579555 0.579555 0.579555 0.421458 0.579555 0.579555 0.429522 0.579555 0.579555 0.579555 0.579555 0.579555 0.579555 0.573624 0.579555 0.579555 0.4 0.579555 0.579555 0.579555 0.579555 0.579555 0.579555 0.57401 0.579555 0.579555 0.408102 0.579555 0.579555 0.579555 0.579555 0.579555 0.579555 0.579555 0.579555 0.579555 0.579555 0.579555 0.579555 0.579555 0.579555 0.579555 0.579555 0.579555 0.579555 0.579555 0.579555 0.579555 0.579555 0.579555 0.579555 0.579555 0.579555 0.579555 0.579555 0.579555 0.579555 0.579555 0.579555 0.579555 0.579555 0.579555 0.579555 0.579555 0.579555 0.579555 0.579555 0.579555 0.579555 0.579555 0.579555 0.579555 0.579555 0.579555 0.579555 0.579555 0.579555 0.579555 0.579555 0.579555 0.579555 0.579555 0.579555 0.579555 0.579555 0.579555 0.579555 0.579555 0.579555 0.579555 0.579555 0.579555 0.579555 0.579555 0.579555 0.579555 0.579555 0.579555 0.579555 0.579555 0.579555 0.579555 0.579555 0.579555 0.579555 0.579555 0.579555 0.579555 0.579555 0.579555 0.579555 0.579555 0.579555 0.579555 0.579555 0.579555 0.579555 0.579555 0.579555 0.579555 0.579555 0.579555 0.579555 0.579555 0.579555 0.579555 0.579555 0.579555 0.579555 0.579555 0.579555 0.579555 0.579555 0.579555 0.579555 0.579555 0.579555 0.579555 0.579555 0.445609 0.579555 0.579555 0.579555 0.579555 0.579555 0.579555 0.579555 0.579555 0.579555 0.523744 0.579555 0.579555 0.579555 0.579555 0.579555 0.579555 0.579555 0.579555 0.579555 0.471098 0.579555 0.579555 0.579555 0.579555 0.579555 0.579555 0.579555 0.579555 0.579555 0.469113 0.579555 0.579555 0.579555 0.579555 0.579555 0.579555 0.579555 0.579555 0.579555 0.579341 0.579555 0.579555 0.579555 0.579555 0.579555 0.579555 0.579555 0.579555 0.579555 0.464298 0.579555 0.579555 0.579555 0.579555 0.579555 0.579555 0.579555 0.579555 0.579555 0.400482 0.579555 0.579555 0.579555 0.579555 0.579555 0.579555 0.579555 0.579555 0.579555 0.4 0.579555 0.579555 0.579555 0.579555 0.579555 0.579555 0.579555 0.579555 0.579555 0.569186 0.579555 0.579555 0.579555 0.579555 0.579555 0.579555 0.579555 0.579555 0.579555 0.57049 0.579555 0.579555 0.579555 0.400443 0.579555 0.579555 0.417733 0.579555 0.579555 0.579555 0.579555 0.579555 0.579555 0.47773 0.579555 0.579555 0.400004 0.579555 0.579555 0.579555 0.579555 0.579555 0.579555 0.400372 0.579555 0.579555 0.400035 0.579555 0.579555 0.579555 0.579555 0.579555 0.579555 0.575561 0.579555 0.579555 0.57618 0.579555 0.579555 0.579555 0.579555 0.579555 0.579555 0.4 0.579555 0.579555 0.576592 0.579555 0.579555 0.579555 0.579555 0.579555 0.579555 0.479353 0.579555 0.579555 0.4 0.579555 0.579555 0.579555 0.579555 0.579555 0.579555 0.401005 0.579555 0.579555 0.400611 0.579555 0.579555 0.579555 0.579555 0.579555 0.579555 0.40001 0.579555 0.579555 0.576651 0.579555 0.579555 0.579555 0.579555 0.579555 0.579555 0.574638 0.579555 0.579555 0.4 0.579555 0.579555 0.579555 0.579555 0.579555 0.579555 0.400004 0.579555 0.579555 0.499911 0.579555 0.579555 0.579555 0.579555 0.579555 0.579555 0.579555 0.579555 0.579555 0.579555 0.579555 0.579555 0.579555 0.579555 0.579555 0.579555 0.579555 0.579555 0.579555 0.579555 0.579555 0.579555 0.579555 0.579555 0.579555 0.579555 0.579555 0.579555 0.579555 0.579555 0.579555 0.579555 0.579555 0.579555 0.579555 0.579555 0.579555 0.579555 0.579555 0.579555 0.579555 0.579555 0.579555 0.579555 0.579555 0.579555 0.579555 0.579555 0.579555 0.579555 0.579555 0.579555 0.579555 0.579555 0.579555 0.579555 0.579555 0.579555 0.579555 0.579555 0.579555 0.579555 0.579555 0.579555 0.579555 0.579555 0.579555 0.579555 0.579555 0.579555 0.579555 0.579555 0.579555 0.579555 0.579555 0.579555 0.579555 0.579555 0.579555 0.579555 0.579555 0.579555 0.579555 0.579555 0.579555 0.579555 0.579555 0.579555 0.579555 0.579555 0.579555 0.579555 0.579555 0.579555 0.579555 0.579555 0.579555 0.579555 0.579555 0.579555 0.579555 0.579555 0.579555 0.579555 0.579555 0.579555 0.579555 0.579555 0.579555 0.579555 0.579555 0.579555 0.4 0.579555 0.579555 0.579555 0.579555 0.579555 0.579555 0.579555 0.579555 0.579555 0.4 0.579555 0.579555 0.579555 0.579555 0.579555 0.579555 0.579555 0.579555 0.579555 0.500077 0.579555 0.579555 0.579555 0.579555 0.579555 0.579555 0.579555 0.579555 0.579555 0.4 0.579555 0.579555 0.579555 0.579555 0.579555 0.579555 0.579555 0.579555 0.579555 0.554197 0.579555 0.579555 0.579555 0.579555 0.579555 0.579555 0.579555 0.579555 0.579555 0.578304 0.579555 0.579555 0.579555 0.579555 0.579555 0.579555 0.579555 0.579555 0.579555 0.407319 0.579555 0.579555 0.579555 0.579555 0.579555 0.579555 0.579555 0.579555 0.579555 0.400003 0.579555 0.579555 0.579555 0.579555 0.579555 0.579555 0.579555 0.579555 0.579555 0.4 0.579555 0.579555 0.579555 0.579555 0.579555 0.579555 0.579555 0.579555 0.579555 0.576716 0.579555 0.579555 0.579555 0.579555 0.579555 0.579555 0.579555 0.579555 0.579555 0.465585 0.579555 0.579555 0.579555 0.579555 0.579555 0.579555 0.579555 0.579555 0.579555 0.496795 0.579555 0.579555 0.579555 0.579555 0.579555 0.579555 0.579555 0.579555 0.579555 0.412125 0.579555 0.579555 0.579555 0.579555 0.579555 0.579555 0.579555 0.579555 0.579555 0.493116 0.579555 0.579555 0.579555 0.579555 0.579555 0.579555 0.579555 0.579555 0.579555 0.4 0.579555 0.579555 0.579555 0.579555 0.579555 0.579555 0.579555 0.579555 0.579555 0.4 0.579555 0.579555 0.579555 0.579555 0.579555 0.579555 0.579555 0.579555 0.579555 0.400058 0.579555 0.579555 0.579555 0.579555 0.579555 0.579555 0.579555 0.579555 0.579555 0.560423 0.579555 0.579555 0.579555 0.579555 0.579555 0.579555 0.579555 0.579555 0.579555 0.400004 0.579555 0.579555 0.579555 0.579555 0.579555 0.579555 0.579555 0.579555 0.579555 0.400006 0.579555 0.579555 0.579555 0.522931 0.579555 0.579555 0.561745 0.579555 0.579555 0.579555 0.579555 0.579555 0.579555 0.579229 0.579555 0.579555 0.4 0.579555 0.579555 0.579555 0.579555 0.579555 0.579555 0.400056 0.579555 0.579555 0.4 0.579555 0.579555 0.579555 0.579555 0.579555 0.579555 0.4 0.579555 0.579555 0.400051 0.579555 0.579555 0.579555 0.579555 0.579555 0.579555 0.4 0.579555 0.579555 0.578214 0.579555 0.579555 0.579555 0.579555 0.579555 0.579555 0.509427 0.579555 0.579555 0.574299 0.579555 0.579555 0.579555 0.579555 0.579555 0.579555 0.538669 0.579555 0.579555 0.400539 0.579555 0.579555 0.579555 0.579555 0.579555 0.579555 0.578583 0.579555 0.579555 0.4 0.579555 0.579555 0.579555 0.579555 0.579555 0.579555 0.404187 0.579555 0.579555 0.539571 0.579555 0.579555 0.579555 0.579555 0.579555 0.579555 0.5772 0.579555 0.579555 0.555001 0.579555 0.579555 0.579555 0.579555 0.579555 0.579555 0.579555 0.579555 0.579555 0.579555 0.579555 0.579555 0.579555 0.579555 0.579555 0.579555 0.579555 0.579555 0.579555 0.579555 0.579555 0.579555 0.579555 0.579555 0.579555 0.579555 0.579555 0.579555 0.579555 0.579555 0.579555 0.579555 0.579555 0.579555 0.579555 0.579555 0.579555 0.579555 0.579555 0.579555 0.579555 0.579555 0.579555 0.579555 0.579555 0.579555 0.579555 0.579555 0.579555 0.579555 0.579555 0.579555 0.579555 0.579555 0.579555 0.579555 0.579555 0.579555 0.579555 0.579555 0.579555 0.579555 0.579555 0.579555 0.579555 0.579555 0.579555 0.579555 0.579555 0.579555 0.579555 0.579555 0.579555 0.579555 0.579555 0.579555 0.579555 0.579555 0.579555 0.579555 0.579555 0.579555 0.579555 0.579555 0.579555 0.579555 0.579555 0.579555 0.579555 0.579555 0.579555 0.579555 0.579555 0.579555 0.579555 0.579555 0.579555 0.579555 0.579555 0.579555 0.579555 0.579555 0.579555 0.579555 0.579555 0.579555 0.579555 0.579555 0.579555 0.579555 0.579555 0.579555 0.4 0.579555 0.579555 0.579555 0.579555 0.579555 0.579555 0.579555 0.579555 0.579555 0.576146 0.579555 0.579555 0.579555 0.579555 0.579555 0.579555 0.579555 0.579555 0.579555 0.4 0.579555 0.579555 0.579555 0.579555 0.579555 0.579555 0.579555 0.579555 0.579555 0.562026 0.579555 0.579555 0.579555 0.579555 0.579555 0.579555 0.579555 0.579555 0.579555 0.579217 0.579555 0.579555 0.579555 0.579555 0.579555 0.579555 0.579555 0.579555 0.579555 0.55624 0.579555 0.579555 0.579555 0.579555 0.579555 0.579555 0.579555 0.579555 0.579555 0.572083 0.579555 0.579555 0.579555 0.579555 0.579555 0.579555 0.579555 0.579555 0.579555 0.514569 0.579555 0.579555 0.579555 0.579555 0.579555 0.579555 0.579555 0.579555 0.579555 0.409119 0.579555 0.579555 0.579555 0.579555 0.579555 0.579555 0.579555 0.579555 0.579555 0.4 0.579555 0.579555 0.579555 0.4 0.579555 0.579555 0.423024 0.579555 0.579555 0.579555 0.579555 0.579555 0.579555 0.400001 0.579555 0.579555 0.400001 0.579555 0.579555 0.579555 0.579555 0.579555 0.579555 0.4 0.579555 0.579555 0.578394 0.579555 0.579555 0.579555 0.579555 0.579555 0.579555 0.40103 0.579555 0.579555 0.4 0.579555 0.579555 0.579555 0.579555 0.579555 0.579555 0.4 0.579555 0.579555 0.500403 0.579555 0.579555 0.579555 0.579555 0.579555 0.579555 0.4 0.579555 0.579555 0.494571 0.579555 0.579555 0.579555 0.579555 0.579555 0.579555 0.4 0.579555 0.579555 0.4 0.579555 0.579555 0.579555 0.579555 0.579555 0.579555 0.524509 0.579555 0.579555 0.4 0.579555 0.579555 0.579555 0.579555 0.579555 0.579555 0.434627 0.579555 0.579555 0.4 0.579555 0.579555 0.579555 0.579555 0.579555 0.579555 0.523717 0.579555 0.579555 0.575141 0.579555 0.579555 0.579555 0.579555 0.579555 0.579555 0.579555 0.579555 0.579555 0.579555 0.579555 0.579555 0.579555 0.579555 0.579555 0.579555 0.579555 0.579555 0.579555 0.579555 0.579555 0.579555 0.579555 0.579555 0.579555 0.579555 0.579555 0.579555 0.579555 0.579555 0.579555 0.579555 0.579555 0.579555 0.579555 0.579555 0.579555 0.579555 0.579555 0.579555 0.579555 0.579555 0.579555 0.579555 0.579555 0.579555 0.579555 0.579555 0.579555 0.579555 0.579555 0.579555 0.579555 0.579555 0.579555 0.579555 0.579555 0.579555 0.579555 0.579555 0.579555 0.579555 0.579555 0.579555 0.579555 0.579555 0.579555 0.579555 0.579555 0.579555 0.579555 0.579555 0.579555 0.579555 0.579555 0.579555 0.579555 0.579555 0.579555 0.579555 0.579555 0.579555 0.579555 0.579555 0.579555 0.579555 0.579555 0.579555 0.579555 0.579555 0.579555 0.579555 0.579555 0.579555 0.579555 0.579555 0.579555 0.579555 0.579555 0.579555 0.579555 0.579555 0.579555 0.579555 0.579555 0.579555 0.579555 0.579555 0.579555 0.579555 0.579555 0.579555 0.460927 0.579555 0.579555 0.579555 0.579555 0.579555 0.579555 0.579555 0.579555 0.579555 0.4 0.579555 0.579555 0.579555 0.579555 0.579555 0.579555 0.579555 0.579555 0.579555 0.400015 0.579555 0.579555 0.579555 0.579555 0.579555 0.579555 0.579555 0.579555 0.579555 0.410796 0.579555 0.579555 0.579555 0.579555 0.579555 0.579555 0.579555 0.579555 0.579555 0.400151 0.579555 0.579555 0.579555 0.579555 0.579555 0.579555 0.579555 0.579555 0.579555 0.457464 0.579555 0.579555 0.579555 0.579555 0.579555 0.579555 0.579555 0.579555 0.579555 0.400793 0.579555 0.579555 0.579555 0.579555 0.579555 0.579555 0.579555 0.579555 0.579555 0.4 0.579555 0.579555 0.579555 0.579555 0.579555 0.579555 0.579555 0.579555 0.579555 0.405952 0.579555 0.579555 0.579555 0.579555 0.579555 0.579555 0.579555 0.579555 0.579555 0.405347 0.579555 0.579555 0.579555 0.579149 0.579555 0.579555 0.496732 0.579555 0.579555 0.579555 0.579555 0.579555 0.579555 0.4 0.579555 0.579555 0.4 0.579555 0.579555 0.579555 0.579555 0.579555 0.579555 0.523963 0.579555 0.579555 0.4 0.579555 0.579555 0.579555 0.579555 0.579555 0.579555 0.4 0.579555 0.579555 0.400769 0.579555 0.579555 0.579555 0.579555 0.579555 0.579555 0.4 0.579555 0.579555 0.400199 0.579555 0.579555 0.579555 0.579555 0.579555 0.579555 0.414421 0.579555 0.579555 0.490287 0.579555 0.579555 0.579555 0.579555 0.579555 0.579555 0.4 0.579555 0.579555 0.534499 0.579555 0.579555 0.579555 0.579555 0.579555 0.579555 0.4 0.579555 0.579555 0.577832 0.579555 0.579555 0.579555 0.579555 0.579555 0.579555 0.410156 0.579555 0.579555 0.400004 0.579555 0.579555 0.579555 0.579555 0.579555 0.579555 0.400015 0.579555 0.579555 0.4 0.579555 0.579555 0.579555 0.579555 0.579555 0.579555 0.579555 0.579555 0.579555 0.579555 0.579555 0.579555 0.579555 0.579555 0.579555 0.579555 0.579555 0.579555 0.579555 0.579555 0.579555 0.579555 0.579555 0.579555 0.579555 0.579555 0.579555 0.579555 0.579555 0.579555 0.579555 0.579555 0.579555 0.579555 0.579555 0.579555 0.579555 0.579555 0.579555 0.579555 0.579555 0.579555 0.579555 0.579555 0.579555 0.579555 0.579555 0.579555 0.579555 0.579555 0.579555 0.579555 0.579555 0.579555 0.579555 0.579555 0.579555 0.579555 0.579555 0.579555 0.579555 0.579555 0.579555 0.579555 0.579555 0.579555 0.579555 0.579555 0.579555 0.579555 0.579555 0.579555 0.579555 0.579555 0.579555 0.579555 0.579555 0.579555 0.579555 0.579555 0.579555 0.579555 0.579555 0.579555 0.579555 0.579555 0.579555 0.579555 0.579555 0.579555 0.579555 0.579555 0.579555 0.579555 0.579555 0.579555 0.579555 0.579555 0.579555 0.579555 0.579555 0.579555 0.579555 0.579555 0.579555 0.579555 0.579555 0.579555 0.579555 0.579555 0.579555 0.579555 0.489465 0.579555 0.579555 0.579555 0.579555 0.579555 0.579555 0.579555 0.579555 0.579555 0.40534 0.579555 0.579555 0.579555 0.579555 0.579555 0.579555 0.579555 0.579555 0.579555 0.400219 0.579555 0.579555 0.579555 0.579555 0.579555 0.579555 0.579555 0.579555 0.579555 0.4 0.579555 0.579555 0.579555 0.579555 0.579555 0.579555 0.579555 0.579555 0.579555 0.576198 0.579555 0.579555 0.579555 0.579555 0.579555 0.579555 0.579555 0.579555 0.579555 0.430288 0.579555 0.579555 0.579555 0.579555 0.579555 0.579555 0.579555 0.579555 0.579555 0.415565 0.579555 0.579555 0.579555 0.579555 0.579555 0.579555 0.579555 0.579555 0.579555 0.5783 0.579555 0.579555 0.579555 0.579555 0.579555 0.579555 0.579555 0.579555 0.579555 0.406689 0.579555 0.579555 0.579555 0.579555 0.579555 0.579555 0.579555 0.579555 0.579555 0.4 0.579555 0.579555 0.579555 0.579555 0.579555 0.579555 0.579555 0.579555 0.579555 0.402885 0.579555 0.579555 0.579555 0.579555 0.579555 0.579555 0.579555 0.579555 0.579555 0.4 0.579555 0.579555 0.579555 0.579555 0.579555 0.579555 0.579555 0.579555 0.579555 0.574783 0.579555 0.579555 0.579555 0.579555 0.579555 0.579555 0.579555 0.579555 0.579555 0.400001 0.579555 0.579555 0.579555 0.579555 0.579555 0.579555 0.579555 0.579555 0.579555 0.537632 0.579555 0.579555 0.579555 0.579555 0.579555 0.579555 0.579555 0.579555 0.579555 0.400075 0.579555 0.579555 0.579555 0.579555 0.579555 0.579555 0.579555 0.579555 0.579555 0.555029 0.579555 0.579555 0.579555 0.579555 0.579555 0.579555 0.579555 0.579555 0.579555 0.4 0.579555 0.579555 0.579555 0.579555 0.579555 0.579555 0.579555 0.579555 0.579555 0.578098 0.579555 0.579555 0.579555 0.579555 0.579555 0.579555 0.579555 0.579555 0.579555 0.538483 0.579555 0.579555 0.579555 0.417141 0.579555 0.579555 0.400136 0.579555 0.579555 0.579555 0.579555 0.579555 0.579555 0.556614 0.579555 0.579555 0.4 0.579555 0.579555 0.579555 0.579555 0.579555 0.579555 0.478665 0.579555 0.579555 0.4 0.579555 0.579555 0.579555 0.579555 0.579555 0.579555 0.40007 0.579555 0.579555 0.400656 0.579555 0.579555 0.579555 0.579555 0.579555 0.579555 0.578615 0.579555 0.579555 0.4 0.579555 0.579555 0.579555 0.579555 0.579555 0.579555 0.480421 0.579555 0.579555 0.400765 0.579555 0.579555 0.579555 0.579555 0.579555 0.579555 0.400018 0.579555 0.579555 0.4 0.579555 0.579555 0.579555 0.579555 0.579555 0.579555 0.41809 0.579555 0.579555 0.447978 0.579555 0.579555 0.579555 0.579555 0.579555 0.579555 0.400037 0.579555 0.579555 0.401319 0.579555 0.579555 0.579555 0.579555 0.579555 0.579555 0.400008 0.579555 0.579555 0.573194 0.579555 0.579555 0.579555 0.579555 0.579555 0.579555 0.579555 0.579555 0.579555 0.579555 0.579555 0.579555 0.579555 0.579555 0.579555 0.579555 0.579555 0.579555 0.579555 0.579555 0.579555 0.579555 0.579555 0.579555 0.579555 0.579555 0.579555 0.579555 0.579555 0.579555 0.579555 0.579555 0.579555 0.579555 0.579555 0.579555 0.579555 0.579555 0.579555 0.579555 0.579555 0.579555 0.579555 0.579555 0.579555 0.579555 0.579555 0.579555 0.579555 0.579555 0.579555 0.579555 0.579555 0.579555 0.579555 0.579555 0.579555 0.579555 0.579555 0.579555 0.579555 0.579555 0.579555 0.579555 0.579555 0.579555 0.579555 0.579555 0.579555 0.579555 0.579555 0.579555 0.579555 0.579555 0.579555 0.579555 0.579555 0.579555 0.579555 0.579555 0.579555 0.579555 0.579555 0.579555 0.579555 0.579555 0.579555 0.579555 0.579555 0.579555 0.579555 0.579555 0.579555 0.579555 0.579555 0.579555 0.579555 0.579555 0.579555 0.579555 0.579555 0.579555 0.579555 0.579555 0.579555 0.579555 0.579555 0.579555 0.579555 0.579555 0.579555 0.579555 0.539819 0.579555 0.579555 0.579555 0.579555 0.579555 0.579555 0.579555 0.579555 0.579555 0.523063 0.579555 0.579555 0.579555 0.579555 0.579555 0.579555 0.579555 0.579555 0.579555 0.4 0.579555 0.579555 0.579555 0.579555 0.579555 0.579555 0.579555 0.579555 0.579555 0.575526 0.579555 0.579555 0.579555 0.579555 0.579555 0.579555 0.579555 0.579555 0.579555 0.413827 0.579555 0.579555 0.579555 0.579555 0.579555 0.579555 0.579555 0.579555 0.579555 0.400484 0.579555 0.579555 0.579555 0.579555 0.579555 0.579555 0.579555 0.579555 0.579555 0.560606 0.579555 0.579555 0.579555 0.579555 0.579555 0.579555 0.579555 0.579555 0.579555 0.4 0.579555 0.579555 0.579555 0.579555 0.579555 0.579555 0.579555 0.579555 0.579555 0.577492 0.579555 0.579555 0.579555 0.579555 0.579555 0.579555 0.579555 0.579555 0.579555 0.574947 0.579555 0.579555 0.579555 0.435492 0.579555 0.579555 0.547295 0.579555 0.579555 0.579555 0.579555 0.579555 0.579555 0.4 0.579555 0.579555 0.409758 0.579555 0.579555 0.579555 0.579555 0.579555 0.579555 0.40011 0.579555 0.579555 0.4 0.579555 0.579555 0.579555 0.579555 0.579555 0.579555 0.4 0.579555 0.579555 0.441955 0.579555 0.579555 0.579555 0.579555 0.579555 0.579555 0.576301 0.579555 0.579555 0.400001 0.579555 0.579555 0.579555 0.579555 0.579555 0.579555 0.555893 0.579555 0.579555 0.414368 0.579555 0.579555 0.579555 0.579555 0.579555 0.579555 0.558172 0.579555 0.579555 0.492007 0.579555 0.579555 0.579555 0.579555 0.579555 0.579555 0.568747 0.579555 0.579555 0.52059 0.579555 0.579555 0.579555 0.579555 0.579555 0.579555 0.4 0.579555 0.579555 0.547067 0.579555 0.579555 0.579555 0.579555 0.579555 0.579555 0.400138 0.579555 0.579555 0.4 0.579555 0.579555 0.579555 0.579555 0.579555 0.579555 0.579555 0.579555 0.579555 0.579555 0.579555 0.579555 0.579555 0.579555 0.579555 0.579555 0.579555 0.579555 0.579555 0.579555 0.579555 0.579555 0.579555 0.579555 0.579555 0.579555 0.579555 0.579555 0.579555 0.579555 0.579555 0.579555 0.579555 0.579555 0.579555 0.579555 0.579555 0.579555 0.579555 0.579555 0.579555 0.579555 0.579555 0.579555 0.579555 0.579555 0.579555 0.579555 0.579555 0.579555 0.579555 0.579555 0.579555 0.579555 0.579555 0.579555 0.579555 0.579555 0.579555 0.579555 0.579555 0.579555 0.579555 0.579555 0.579555 0.579555 0.579555 0.579555 0.579555 0.579555 0.579555 0.579555 0.579555 0.579555 0.579555 0.579555 0.579555 0.579555 0.579555 0.579555 0.579555 0.579555 0.579555 0.579555 0.579555 0.579555 0.579555 0.579555 0.579555 0.579555 0.579555 0.579555 0.579555 0.579555 0.579555 0.579555 0.579555 0.579555 0.579555 0.579555 0.579555 0.579555 0.579555 0.579555 0.579555 0.579555 0.579555 0.579555 0.579555 0.579555 0.579555 0.579555 0.578046 0.579555 0.579555 0.579555 0.579555 0.579555 0.579555 0.579555 0.579555 0.579555 0.522892 0.579555 0.579555 0.579555 0.579555 0.579555 0.579555 0.579555 0.579555 0.579555 0.400406 0.579555 0.579555 0.579555 0.579555 0.579555 0.579555 0.579555 0.579555 0.579555 0.401392 0.579555 0.579555 0.579555 0.579555 0.579555 0.579555 0.579555 0.579555 0.579555 0.400005 0.579555 0.579555 0.579555 0.579555 0.579555 0.579555 0.579555 0.579555 0.579555 0.401372 0.579555 0.579555 0.579555 0.579555 0.579555 0.579555 0.579555 0.579555 0.579555 0.510594 0.579555 0.579555 0.579555 0.579555 0.579555 0.579555 0.579555 0.579555 0.579555 0.559747 0.579555 0.579555 0.579555 0.579555 0.579555 0.579555 0.579555 0.579555 0.579555 0.400076 0.579555 0.579555 0.579555 0.579555 0.579555 0.579555 0.579555 0.579555 0.579555 0.4 0.579555 0.579555 0.579555 0.4 0.579555 0.579555 0.576022 0.579555 0.579555 0.579555 0.579555 0.579555 0.579555 0.402334 0.579555 0.579555 0.57921 0.579555 0.579555 0.579555 0.579555 0.579555 0.579555 0.4 0.579555 0.579555 0.564643 0.579555 0.579555 0.579555 0.579555 0.579555 0.579555 0.4 0.579555 0.579555 0.578286 0.579555 0.579555 0.579555 0.579555 0.579555 0.579555 0.474151 0.579555 0.579555 0.400024 0.579555 0.579555 0.579555 0.579555 0.579555 0.579555 0.507355 0.579555 0.579555 0.4 0.579555 0.579555 0.579555 0.579555 0.579555 0.579555 0.400058 0.579555 0.579555 0.4 0.579555 0.579555 0.579555 0.579555 0.579555 0.579555 0.401362 0.579555 0.579555 0.577268 0.579555 0.579555 0.579555 0.579555 0.579555 0.579555 0.400818 0.579555 0.579555 0.4 0.579555 0.579555 0.579555 0.579555 0.579555 0.579555 0.40001 0.579555 0.579555 0.4 0.579555 0.579555 0.579555 0.579555 0.579555 0.579555 0.579555 0.579555 0.579555 0.579555 0.579555 0.579555 0.579555 0.579555 0.579555 0.579555 0.579555 0.579555 0.579555 0.579555 0.579555 0.579555 0.579555 0.579555 0.579555 0.579555 0.579555 0.579555 0.579555 0.579555 0.579555 0.579555 0.579555 0.579555 0.579555 0.579555 0.579555 0.579555 0.579555 0.579555 0.579555 0.579555 0.579555 0.579555 0.579555 0.579555 0.579555 0.579555 0.579555 0.579555 0.579555 0.579555 0.579555 0.579555 0.579555 0.579555 0.579555 0.579555 0.579555 0.579555 0.579555 0.579555 0.579555 0.579555 0.579555 0.579555 0.579555 0.579555 0.579555 0.579555 0.579555 0.579555 0.579555 0.579555 0.579555 0.579555 0.579555 0.579555 0.579555 0.579555 0.579555 0.579555 0.579555 0.579555 0.579555 0.579555 0.579555 0.579555 0.579555 0.579555 0.579555 0.579555 0.579555 0.579555 0.579555 0.579555 0.579555 0.579555 0.579555 0.579555 0.579555 0.579555 0.579555 0.579555 0.579555 0.579555 0.579555 0.579555 0.579555 0.579555 0.579555 0.579555 0.563255 0.579555 0.579555 0.579555 0.579555 0.579555 0.579555 0.579555 0.579555 0.579555 0.42068 0.579555 0.579555 0.579555 0.579555 0.579555 0.579555 0.579555 0.579555 0.579555 0.579052 0.579555 0.579555 0.579555 0.579555 0.579555 0.579555 0.579555 0.579555 0.579555 0.53503 0.579555 0.579555 0.579555 0.579555 0.579555 0.579555 0.579555 0.579555 0.579555 0.4 0.579555 0.579555 0.579555 0.579555 0.579555 0.579555 0.579555 0.579555 0.579555 0.400002 0.579555 0.579555 0.579555 0.579555 0.579555 0.579555 0.579555 0.579555 0.579555 0.400038 0.579555 0.579555 0.579555 0.579555 0.579555 0.579555 0.579555 0.579555 0.579555 0.4 0.579555 0.579555 0.579555 0.579555 0.579555 0.579555 0.579555 0.579555 0.579555 0.400281 0.579555 0.579555 0.579555 0.579555 0.579555 0.579555 0.579555 0.579555 0.579555 0.577217 0.579555 0.579555 
0.589505 0.589505 0.589505 0.589505 0.589505 0.589505 0.589505 0.500859 0.589505 0.589505 0.589505 0.589505 0.589505 0.589505 0.589505 0.589505 0.589505 0.39 0.589505 0.589505 0.589505 0.589505 0.589505 0.589505 0.589505 0.589505 0.589505 0.390004 0.589505 0.589505 0.589505 0.589505 0.589505 0.589505 0.589505 0.589505 0.589505 0.588624 0.589505 0.589505 0.589505 0.589505 0.589505 0.589505 0.589505 0.589505 0.589505 0.390349 0.589505 0.589505 0.589505 0.589505 0.589505 0.589505 0.589505 0.589505 0.589505 0.390032 0.589505 0.589505 0.589505 0.589505 0.589505 0.589505 0.589505 0.589505 0.589505 0.390096 0.589505 0.589505 0.589505 0.589505 0.589505 0.589505 0.589505 0.589505 0.589505 0.588325 0.589505 0.589505 0.589505 0.589505 0.589505 0.589505 0.589505 0.589505 0.589505 0.584108 0.589505 0.589505 0.589505 0.589505 0.589505 0.589505 0.589505 0.589505 0.589505 0.390055 0.589505 0.589505 0.589505 0.544313 0.589505 0.589505 0.39 0.589505 0.589505 0.589505 0.589505 0.589505 0.589505 0.476523 0.589505 0.589505 0.436682 0.589505 0.589505 0.589505 0.589505 0.589505 0.589505 0.390416 0.589505 0.589505 0.390005 0.589505 0.589505 0.589505 0.589505 0.589505 0.589505 0.581194 0.589505 0.589505 0.39 0.589505 0.589505 0.589505 0.589505 0.589505 0.589505 0.580032 0.589505 0.589505 0.411895 0.589505 0.589505 0.589505 0.589505 0.589505 0.589505 0.581008 0.589505 0.589505 0.390056 0.589505 0.589505 0.589505 0.589505 0.589505 0.589505 0.390959 0.589505 0.589505 0.390247 0.589505 0.589505 0.589505 0.589505 0.589505 0.589505 0.405277 0.589505 0.589505 0.39 0.589505 0.589505 0.589505 0.589505 0.589505 0.589505 0.588722 0.589505 0.589505 0.582866 0.589505 0.589505 0.589505 0.589505 0.589505 0.589505 0.39 0.589505 0.589505 0.390002 0.589505 0.589505 0.589505 0.589505 0.589505 0.589505 0.589505 0.589505 0.589505 0.589505 0.589505 0.589505 0.589505 0.589505 0.589505 0.589505 0.589505 0.589505 0.589505 0.589505 0.589505 0.589505 0.589505 0.589505 0.589505 0.589505 0.589505 0.589505 0.589505 0.589505 0.589505 0.589505 0.589505 0.589505 0.589505 0.589505 0.589505 0.589505 0.589505 0.589505 0.589505 0.589505 0.589505 0.589505 0.589505 0.589505 0.589505 0.589505 0.589505 0.589505 0.589505 0.589505 0.589505 0.589505 0.589505 0.589505 0.589505 0.589505 0.589505 0.589505 0.589505 0.589505 0.589505 0.589505 0.589505 0.589505 0.589505 0.589505 0.589505 0.589505 0.589505 0.589505 0.589505 0.589505 0.589505 0.589505 0.589505 0.589505 0.589505 0.589505 0.589505 0.589505 0.589505 0.589505 0.589505 0.589505 0.589505 0.589505 0.589505 0.589505 0.589505 0.589505 0.589505 0.589505 0.589505 0.589505 0.589505 0.589505 0.589505 0.589505 0.589505 0.589505 0.589505 0.589505 0.589505 0.589505 0.589505 0.589505 0.589505 0.589505 0.589505 0.589505 0.39 0.589505 0.589505 0.589505 0.589505 0.589505 0.589505 0.589505 0.589505 0.589505 0.562328 0.589505 0.589505 0.589505 0.589505 0.589505 0.589505 0.589505 0.589505 0.589505 0.39 0.589505 0.589505 0.589505 0.589505 0.589505 0.589505 0.589505 0.589505 0.589505 0.39 0.589505 0.589505 0.589505 0.589505 0.589505 0.589505 0.589505 0.589505 0.589505 0.58151 0.589505 0.589505 0.589505 0.589505 0.589505 0.589505 0.589505 0.589505 0.589505 0.440213 0.589505 0.589505 0.589505 0.589505 0.589505 0.589505 0.589505 0.589505 0.589505 0.39 0.589505 0.589505 0.589505 0.589505 0.589505 0.589505 0.589505 0.589505 0.589505 0.418644 0.589505 0.589505 0.589505 0.589505 0.589505 0.589505 0.589505 0.589505 0.589505 0.589266 0.589505 0.589505 0.589505 0.589505 0.589505 0.589505 0.589505 0.589505 0.589505 0.587805 0.589505 0.589505 0.589505 0.468313 0.589505 0.589505 0.453617 0.589505 0.589505 0.589505 0.589505 0.589505 0.589505 0.39 0.589505 0.589505 0.390053 0.589505 0.589505 0.589505 0.589505 0.589505 0.589505 0.412904 0.589505 0.589505 0.538059 0.589505 0.589505 0.589505 0.589505 0.589505 0.589505 0.391091 0.589505 0.589505 0.470207 0.589505 0.589505 0.589505 0.589505 0.589505 0.589505 0.39 0.589505 0.589505 0.524824 0.589505 0.589505 0.589505 0.589505 0.589505 0.589505 0.585341 0.589505 0.589505 0.581446 0.589505 0.589505 0.589505 0.589505 0.589505 0.589505 0.39 0.589505 0.589505 0.390077 0.589505 0.589505 0.589505 0.589505 0.589505 0.589505 0.39 0.589505 0.589505 0.39 0.589505 0.589505 0.589505 0.589505 0.589505 0.589505 0.549119 0.589505 0.589505 0.494327 0.589505 0.589505 0.589505 0.589505 0.589505 0.589505 0.390001 0.589505 0.589505 0.39003 0.589505 0.589505 0.589505 0.589505 0.589505 0.589505 0.589505 0.589505 0.589505 0.589505 0.589505 0.589505 0.589505 0.589505 0.589505 0.589505 0.589505 0.589505 0.589505 0.589505 0.589505 0.589505 0.589505 0.589505 0.589505 0.589505 0.589505 0.589505 0.589505 0.589505 0.589505 0.589505 0.589505 0.589505 0.589505 0.589505 0.589505 0.589505 0.589505 0.589505 0.589505 0.589505 0.589505 0.589505 0.589505 0.589505 0.589505 0.589505 0.589505 0.589505 0.589505 0.589505 0.589505 0.589505 0.589505 0.589505 0.589505 0.589505 0.589505 0.589505 0.589505 0.589505 0.589505 0.589505 0.589505 0.589505 0.589505 0.589505 0.589505 0.589505 0.589505 0.589505 0.589505 0.589505 0.589505 0.589505 0.589505 0.589505 0.589505 0.589505 0.589505 0.589505 0.589505 0.589505 0.589505 0.589505 0.589505 0.589505 0.589505 0.589505 0.589505 0.589505 0.589505 0.589505 0.589505 0.589505 0.589505 0.589505 0.589505 0.589505 0.589505 0.589505 0.589505 0.589505 0.589505 0.589505 0.589505 0.589505 0.589505 0.589505 0.589505 0.589505 0.39004 0.589505 0.589505 0.589505 0.589505 0.589505 0.589505 0.589505 0.589505 0.589505 0.39 0.589505 0.589505 0.589505 0.589505 0.589505 0.589505 0.589505 0.589505 0.589505 0.39 0.589505 0.589505 0.589505 0.589505 0.589505 0.589505 0.589505 0.589505 0.589505 0.390111 0.589505 0.589505 0.589505 0.589505 0.589505 0.589505 0.589505 0.589505 0.589505 0.552205 0.589505 0.589505 0.589505 0.589505 0.589505 0.589505 0.589505 0.589505 0.589505 0.588904 0.589505 0.589505 0.589505 0.589505 0.589505 0.589505 0.589505 0.589505 0.589505 0.392447 0.589505 0.589505 0.589505 0.589505 0.589505 0.589505 0.589505 0.589505 0.589505 0.530298 0.589505 0.589505 0.589505 0.589505 0.589505 0.589505 0.589505 0.589505 0.589505 0.39 0.589505 0.589505 0.589505 0.589505 0.589505 0.589505 0.589505 0.589505 0.589505 0.390536 0.589505 0.589505 0.589505 0.39 0.589505 0.589505 0.392691 0.589505 0.589505 0.589505 0.589505 0.589505 0.589505 0.401233 0.589505 0.589505 0.390062 0.589505 0.589505 0.589505 0.589505 0.589505 0.589505 0.570779 0.589505 0.589505 0.540502 0.589505 0.589505 0.589505 0.589505 0.589505 0.589505 0.557688 0.589505 0.589505 0.58673 0.589505 0.589505 0.589505 0.589505 0.589505 0.589505 0.502799 0.589505 0.589505 0.390001 0.589505 0.589505 0.589505 0.589505 0.589505 0.589505 0.39 0.589505 0.589505 0.396946 0.589505 0.589505 0.589505 0.589505 0.589505 0.589505 0.390613 0.589505 0.589505 0.39 0.589505 0.589505 0.589505 0.589505 0.589505 0.589505 0.588474 0.589505 0.589505 0.390144 0.589505 0.589505 0.589505 0.589505 0.589505 0.589505 0.39 0.589505 0.589505 0.39 0.589505 0.589505 0.589505 0.589505 0.589505 0.589505 0.39 0.589505 0.589505 0.542402 0.589505 0.589505 0.589505 0.589505 0.589505 0.589505 0.589505 0.589505 0.589505 0.589505 0.589505 0.589505 0.589505 0.589505 0.589505 0.589505 0.589505 0.589505 0.589505 0.589505 0.589505 0.589505 0.589505 0.589505 0.589505 0.589505 0.589505 0.589505 0.589505 0.589505 0.589505 0.589505 0.589505 0.589505 0.589505 0.589505 0.589505 0.589505 0.589505 0.589505 0.589505 0.589505 0.589505 0.589505 0.589505 0.589505 0.589505 0.589505 0.589505 0.589505 0.589505 0.589505 0.589505 0.589505 0.589505 0.589505 0.589505 0.589505 0.589505 0.589505 0.589505 0.589505 0.589505 0.589505 0.589505 0.589505 0.589505 0.589505 0.589505 0.589505 0.589505 0.589505 0.589505 0.589505 0.589505 0.589505 0.589505 0.589505 0.589505 0.589505 0.589505 0.589505 0.589505 0.589505 0.589505 0.589505 0.589505 0.589505 0.589505 0.589505 0.589505 0.589505 0.589505 0.589505 0.589505 0.589505 0.589505 0.589505 0.589505 0.589505 0.589505 0.589505 0.589505 0.589505 0.589505 0.589505 0.589505 0.589505 0.589505 0.589505 0.589505 0.589505 0.566589 0.589505 0.589505 0.589505 0.589505 0.589505 0.589505 0.589505 0.589505 0.589505 0.558647 0.589505 0.589505 0.589505 0.589505 0.589505 0.589505 0.589505 0.589505 0.589505 0.39 0.589505 0.589505 0.589505 0.589505 0.589505 0.589505 0.589505 0.589505 0.589505 0.395137 0.589505 0.589505 0.589505 0.589505 0.589505 0.589505 0.589505 0.589505 0.589505 0.550291 0.589505 0.589505 0.589505 0.589505 0.589505 0.589505 0.589505 0.589505 0.589505 0.577261 0.589505 0.589505 0.589505 0.589505 0.589505 0.589505 0.589505 0.589505 0.589505 0.496748 0.589505 0.589505 0.589505 0.589505 0.589505 0.589505 0.589505 0.589505 0.589505 0.582815 0.589505 0.589505 0.589505 0.589505 0.589505 0.589505 0.589505 0.589505 0.589505 0.39 0.589505 0.589505 0.589505 0.589505 0.589505 0.589505 0.589505 0.589505 0.589505 0.582001 0.589505 0.589505 0.589505 0.589505 0.589505 0.589505 0.589505 0.589505 0.589505 0.400468 0.589505 0.589505 0.589505 0.589505 0.589505 0.589505 0.589505 0.589505 0.589505 0.39 0.589505 0.589505 0.589505 0.589505 0.589505 0.589505 0.589505 0.589505 0.589505 0.390001 0.589505 0.589505 0.589505 0.589505 0.589505 0.589505 0.589505 0.589505 0.589505 0.39 0.589505 0.589505 0.589505 0.589505 0.589505 0.589505 0.589505 0.589505 0.589505 0.39 0.589505 0.589505 0.589505 0.589505 0.589505 0.589505 0.589505 0.589505 0.589505 0.548095 0.589505 0.589505 0.589505 0.589505 0.589505 0.589505 0.589505 0.589505 0.589505 0.468416 0.589505 0.589505 0.589505 0.589505 0.589505 0.589505 0.589505 0.589505 0.589505 0.39 0.589505 0.589505 0.589505 0.589505 0.589505 0.589505 0.589505 0.589505 0.589505 0.390001 0.589505 0.589505 0.589505 0.589505 0.589505 0.589505 0.589505 0.589505 0.589505 0.390164 0.589505 0.589505 0.589505 0.39 0.589505 0.589505 0.419071 0.589505 0.589505 0.589505 0.589505 0.589505 0.589505 0.398089 0.589505 0.589505 0.391508 0.589505 0.589505 0.589505 0.589505 0.589505 0.589505 0.390003 0.589505 0.589505 0.39001 0.589505 0.589505 0.589505 0.589505 0.589505 0.589505 0.39 0.589505 0.589505 0.39 0.589505 0.589505 0.589505 0.589505 0.589505 0.589505 0.390395 0.589505 0.589505 0.402801 0.589505 0.589505 0.589505 0.589505 0.589505 0.589505 0.39 0.589505 0.589505 0.39 0.589505 0.589505 0.589505 0.589505 0.589505 0.589505 0.39 0.589505 0.589505 0.39 0.589505 0.589505 0.589505 0.589505 0.589505 0.589505 0.39 0.589505 0.589505 0.39 0.589505 0.589505 0.589505 0.589505 0.589505 0.589505 0.587068 0.589505 0.589505 0.390762 0.589505 0.589505 0.589505 0.589505 0.589505 0.589505 0.390036 0.589505 0.589505 0.3904 0.589505 0.589505 0.589505 0.589505 0.589505 0.589505 0.589505 0.589505 0.589505 0.589505 0.589505 0.589505 0.589505 0.589505 0.589505 0.589505 0.589505 0.589505 0.589505 0.589505 0.589505 0.589505 0.589505 0.589505 0.589505 0.589505 0.589505 0.589505 0.589505 0.589505 0.589505 0.589505 0.589505 0.589505 0.589505 0.589505 0.589505 0.589505 0.589505 0.589505 0.589505 0.589505 0.589505 0.589505 0.589505 0.589505 0.589505 0.589505 0.589505 0.589505 0.589505 0.589505 0.589505 0.589505 0.589505 0.589505 0.589505 0.589505 0.589505 0.589505 0.589505 0.589505 0.589505 0.589505 0.589505 0.589505 0.589505 0.589505 0.589505 0.589505 0.589505 0.589505 0.589505 0.589505 0.589505 0.589505 0.589505 0.589505 0.589505 0.589505 0.589505 0.589505 0.589505 0.589505 0.589505 0.589505 0.589505 0.589505 0.589505 0.589505 0.589505 0.589505 0.589505 0.589505 0.589505 0.589505 0.589505 0.589505 0.589505 0.589505 0.589505 0.589505 0.589505 0.589505 0.589505 0.589505 0.589505 0.589505 0.589505 0.589505 0.589505 0.589505 0.39 0.589505 0.589505 0.589505 0.589505 0.589505 0.589505 0.589505 0.589505 0.589505 0.562563 0.589505 0.589505 0.589505 0.589505 0.589505 0.589505 0.589505 0.589505 0.589505 0.39 0.589505 0.589505 0.589505 0.589505 0.589505 0.589505 0.589505 0.589505 0.589505 0.572063 0.589505 0.589505 0.589505 0.589505 0.589505 0.589505 0.589505 0.589505 0.589505 0.390007 0.589505 0.589505 0.589505 0.589505 0.589505 0.589505 0.589505 0.589505 0.589505 0.39 0.589505 0.589505 0.589505 0.589505 0.589505 0.589505 0.589505 0.589505 0.589505 0.425239 0.589505 0.589505 0.589505 0.589505 0.589505 0.589505 0.589505 0.589505 0.589505 0.573287 0.589505 0.589505 0.589505 0.589505 0.589505 0.589505 0.589505 0.589505 0.589505 0.41061 0.589505 0.589505 0.589505 0.589505 0.589505 0.589505 0.589505 0.589505 0.589505 0.391386 0.589505 0.589505 0.589505 0.39 0.589505 0.589505 0.574871 0.589505 0.589505 0.589505 0.589505 0.589505 0.589505 0.398256 0.589505 0.589505 0.588933 0.589505 0.589505 0.589505 0.589505 0.589505 0.589505 0.390101 0.589505 0.589505 0.39 0.589505 0.589505 0.589505 0.589505 0.589505 0.589505 0.39 0.589505 0.589505 0.39 0.589505 0.589505 0.589505 0.589505 0.589505 0.589505 0.39 0.589505 0.589505 0.390005 0.589505 0.589505 0.589505 0.589505 0.589505 0.589505 0.39 0.589505 0.589505 0.39 0.589505 0.589505 0.589505 0.589505 0.589505 0.589505 0.39 0.589505 0.589505 0.549591 0.589505 0.589505 0.589505 0.589505 0.589505 0.589505 0.39 0.589505 0.589505 0.505066 0.589505 0.589505 0.589505 0.589505 0.589505 0.589505 0.584918 0.589505 0.589505 0.39 0.589505 0.589505 0.589505 0.589505 0.589505 0.589505 0.586937 0.589505 0.589505 0.39 0.589505 0.589505 0.589505 0.589505 0.589505 0.589505 0.589505 0.589505 0.589505 0.589505 0.589505 0.589505 0.589505 0.589505 0.589505 0.589505 0.589505 0.589505 0.589505 0.589505 0.589505 0.589505 0.589505 0.589505 0.589505 0.589505 0.589505 0.589505 0.589505 0.589505 0.589505 0.589505 0.589505 0.589505 0.589505 0.589505 0.589505 0.589505 0.589505 0.589505 0.589505 0.589505 0.589505 0.589505 0.589505 0.589505 0.589505 0.589505 0.589505 0.589505 0.589505 0.589505 0.589505 0.589505 0.589505 0.589505 0.589505 0.589505 0.589505 0.589505 0.589505 0.589505 0.589505 0.589505 0.589505 0.589505 0.589505 0.589505 0.589505 0.589505 0.589505 0.589505 0.589505 0.589505 0.589505 0.589505 0.589505 0.589505 0.589505 0.589505 0.589505 0.589505 0.589505 0.589505 0.589505 0.589505 0.589505 0.589505 0.589505 0.589505 0.589505 0.589505 0.589505 0.589505 0.589505 0.589505 0.589505 0.589505 0.589505 0.589505 0.589505 0.589505 0.589505 0.589505 0.589505 0.589505 0.589505 0.589505 0.589505 0.589505 0.589505 0.589505 0.39 0.589505 0.589505 0.589505 0.589505 0.589505 0.589505 0.589505 0.589505 0.589505 0.588697 0.589505 0.589505 0.589505 0.589505 0.589505 0.589505 0.589505 0.589505 0.589505 0.390013 0.589505 0.589505 0.589505 0.589505 0.589505 0.589505 0.589505 0.589505 0.589505 0.39 0.589505 0.589505 0.589505 0.589505 0.589505 0.589505 0.589505 0.589505 0.589505 0.576568 0.589505 0.589505 0.589505 0.589505 0.589505 0.589505 0.589505 0.589505 0.589505 0.39 0.589505 0.589505 0.589505 0.589505 0.589505 0.589505 0.589505 0.589505 0.589505 0.39 0.589505 0.589505 0.589505 0.589505 0.589505 0.589505 0.589505 0.589505 0.589505 0.559909 0.589505 0.589505 0.589505 0.589505 0.589505 0.589505 0.589505 0.589505 0.589505 0.39 0.589505 0.589505 0.589505 0.589505 0.589505 0.589505 0.589505 0.589505 0.589505 0.390091 0.589505 0.589505 0.589505 0.39 0.589505 0.589505 0.391261 0.589505 0.589505 0.589505 0.589505 0.589505 0.589505 0.390035 0.589505 0.589505 0.390004 0.589505 0.589505 0.589505 0.589505 0.589505 0.589505 0.39 0.589505 0.589505 0.39 0.589505 0.589505 0.589505 0.589505 0.589505 0.589505 0.494093 0.589505 0.589505 0.39 0.589505 0.589505 0.589505 0.589505 0.589505 0.589505 0.586886 0.589505 0.589505 0.407971 0.589505 0.589505 0.589505 0.589505 0.589505 0.589505 0.393727 0.589505 0.589505 0.39 0.589505 0.589505 0.589505 0.589505 0.589505 0.589505 0.588832 0.589505 0.589505 0.578244 0.589505 0.589505 0.589505 0.589505 0.589505 0.589505 0.390002 0.589505 0.589505 0.562142 0.589505 0.589505 0.589505 0.589505 0.589505 0.589505 0.563536 0.589505 0.589505 0.524593 0.589505 0.589505 0.589505 0.589505 0.589505 0.589505 0.39 0.589505 0.589505 0.585985 0.589505 0.589505 0.589505 0.589505 0.589505 0.589505 0.589505 0.589505 0.589505 0.589505 0.589505 0.589505 0.589505 0.589505 0.589505 0.589505 0.589505 0.589505 0.589505 0.589505 0.589505 0.589505 0.589505 0.589505 0.589505 0.589505 0.589505 0.589505 0.589505 0.589505 0.589505 0.589505 0.589505 0.589505 0.589505 0.589505 0.589505 0.589505 0.589505 0.589505 0.589505 0.589505 0.589505 0.589505 0.589505 0.589505 0.589505 0.589505 0.589505 0.589505 0.589505 0.589505 0.589505 0.589505 0.589505 0.589505 0.589505 0.589505 0.589505 0.589505 0.589505 0.589505 0.589505 0.589505 0.589505 0.589505 0.589505 0.589505 0.589505 0.589505 0.589505 0.589505 0.589505 0.589505 0.589505 0.589505 0.589505 0.589505 0.589505 0.589505 0.589505 0.589505 0.589505 0.589505 0.589505 0.589505 0.589505 0.589505 0.589505 0.589505 0.589505 0.589505 0.589505 0.589505 0.589505 0.589505 0.589505 0.589505 0.589505 0.589505 0.589505 0.589505 0.589505 0.589505 0.589505 0.589505 0.589505 0.589505 0.589505 0.589505 0.589505 0.589505 0.584274 0.589505 0.589505 0.589505 0.589505 0.589505 0.589505 0.589505 0.589505 0.589505 0.576145 0.589505 0.589505 0.589505 0.589505 0.589505 0.589505 0.589505 0.589505 0.589505 0.392128 0.589505 0.589505 0.589505 0.589505 0.589505 0.589505 0.589505 0.589505 0.589505 0.39 0.589505 0.589505 0.589505 0.589505 0.589505 0.589505 0.589505 0.589505 0.589505 0.390096 0.589505 0.589505 0.589505 0.589505 0.589505 0.589505 0.589505 0.589505 0.589505 0.39 0.589505 0.589505 0.589505 0.589505 0.589505 0.589505 0.589505 0.589505 0.589505 0.576806 0.589505 0.589505 0.589505 0.589505 0.589505 0.589505 0.589505 0.589505 0.589505 0.574853 0.589505 0.589505 0.589505 0.589505 0.589505 0.589505 0.589505 0.589505 0.589505 0.39 0.589505 0.589505 0.589505 0.589505 0.589505 0.589505 0.589505 0.589505 0.589505 0.390276 0.589505 0.589505 0.589505 0.589505 0.589505 0.589505 0.589505 0.589505 0.589505 0.390003 0.589505 0.589505 0.589505 0.589505 0.589505 0.589505 0.589505 0.589505 0.589505 0.55479 0.589505 0.589505 0.589505 0.589505 0.589505 0.589505 0.589505 0.589505 0.589505 0.558331 0.589505 0.589505 0.589505 0.589505 0.589505 0.589505 0.589505 0.589505 0.589505 0.390006 0.589505 0.589505 0.589505 0.589505 0.589505 0.589505 0.589505 0.589505 0.589505 0.427373 0.589505 0.589505 0.589505 0.589505 0.589505 0.589505 0.589505 0.589505 0.589505 0.588775 0.589505 0.589505 0.589505 0.589505 0.589505 0.589505 0.589505 0.589505 0.589505 0.39 0.589505 0.589505 0.589505 0.589505 0.589505 0.589505 0.589505 0.589505 0.589505 0.390014 0.589505 0.589505 0.589505 0.589505 0.589505 0.589505 0.589505 0.589505 0.589505 0.390001 0.589505 0.589505 0.589505 0.589505 0.589505 0.589505 0.589505 0.589505 0.589505 0.390158 0.589505 0.589505 0.589505 0.392955 0.589505 0.589505 0.57909 0.589505 0.589505 0.589505 0.589505 0.589505 0.589505 0.588459 0.589505 0.589505 0.39 0.589505 0.589505 0.589505 0.589505 0.589505 0.589505 0.391916 0.589505 0.589505 0.474595 0.589505 0.589505 0.589505 0.589505 0.589505 0.589505 0.393993 0.589505 0.589505 0.39 0.589505 0.589505 0.589505 0.589505 0.589505 0.589505 0.52899 0.589505 0.589505 0.390015 0.589505 0.589505 0.589505 0.589505 0.589505 0.589505 0.390001 0.589505 0.589505 0.39 0.589505 0.589505 0.589505 0.589505 0.589505 0.589505 0.390002 0.589505 0.589505 0.401763 0.589505 0.589505 0.589505 0.589505 0.589505 0.589505 0.391445 0.589505 0.589505 0.578215 0.589505 0.589505 0.589505 0.589505 0.589505 0.589505 0.39 0.589505 0.589505 0.554698 0.589505 0.589505 0.589505 0.589505 0.589505 0.589505 0.390022 0.589505 0.589505 0.392313 0.589505 0.589505 0.589505 0.589505 0.589505 0.589505 0.589505 0.589505 0.589505 0.589505 0.589505 0.589505 0.589505 0.589505 0.589505 0.589505 0.589505 0.589505 0.589505 0.589505 0.589505 0.589505 0.589505 0.589505 0.589505 0.589505 0.589505 0.589505 0.589505 0.589505 0.589505 0.589505 0.589505 0.589505 0.589505 0.589505 0.589505 0.589505 0.589505 0.589505 0.589505 0.589505 0.589505 0.589505 0.589505 0.589505 0.589505 0.589505 0.589505 0.589505 0.589505 0.589505 0.589505 0.589505 0.589505 0.589505 0.589505 0.589505 0.589505 0.589505 0.589505 0.589505 0.589505 0.589505 0.589505 0.589505 0.589505 0.589505 0.589505 0.589505 0.589505 0.589505 0.589505 0.589505 0.589505 0.589505 0.589505 0.589505 0.589505 0.589505 0.589505 0.589505 0.589505 0.589505 0.589505 0.589505 0.589505 0.589505 0.589505 0.589505 0.589505 0.589505 0.589505 0.589505 0.589505 0.589505 0.589505 0.589505 0.589505 0.589505 0.589505 0.589505 0.589505 0.589505 0.589505 0.589505 0.589505 0.589505 0.589505 0.589505 0.589505 0.589505 0.390112 0.589505 0.589505 0.589505 0.589505 0.589505 0.589505 0.589505 0.589505 0.589505 0.56821 0.589505 0.589505 0.589505 0.589505 0.589505 0.589505 0.589505 0.589505 0.589505 0.419577 0.589505 0.589505 0.589505 0.589505 0.589505 0.589505 0.589505 0.589505 0.589505 0.390226 0.589505 0.589505 0.589505 0.589505 0.589505 0.589505 0.589505 0.589505 0.589505 0.460656 0.589505 0.589505 0.589505 0.589505 0.589505 0.589505 0.589505 0.589505 0.589505 0.58835 0.589505 0.589505 0.589505 0.589505 0.589505 0.589505 0.589505 0.589505 0.589505 0.39 0.589505 0.589505 0.589505 0.589505 0.589505 0.589505 0.589505 0.589505 0.589505 0.588845 0.589505 0.589505 0.589505 0.589505 0.589505 0.589505 0.589505 0.589505 0.589505 0.390001 0.589505 0.589505 0.589505 0.589505 0.589505 0.589505 0.589505 0.589505 0.589505 0.39 0.589505 0.589505 0.589505 0.39 0.589505 0.589505 0.589232 0.589505 0.589505 0.589505 0.589505 0.589505 0.589505 0.400879 0.589505 0.589505 0.39084 0.589505 0.589505 0.589505 0.589505 0.589505 0.589505 0.393938 0.589505 0.589505 0.39 0.589505 0.589505 0.589505 0.589505 0.589505 0.589505 0.39 0.589505 0.589505 0.472626 0.589505 0.589505 0.589505 0.589505 0.589505 0.589505 0.563672 0.589505 0.589505 0.586402 0.589505 0.589505 0.589505 0.589505 0.589505 0.589505 0.582883 0.589505 0.589505 0.39 0.589505 0.589505 0.589505 0.589505 0.589505 0.589505 0.39 0.589505 0.589505 0.390001 0.589505 0.589505 0.589505 0.589505 0.589505 0.589505 0.39 0.589505 0.589505 0.399153 0.589505 0.589505 0.589505 0.589505 0.589505 0.589505 0.39 0.589505 0.589505 0.39 0.589505 0.589505 0.589505 0.589505 0.589505 0.589505 0.514488 0.589505 0.589505 0.390423 0.589505 0.589505 0.589505 0.589505 0.589505 0.589505 0.589505 0.589505 0.589505 0.589505 0.589505 0.589505 0.589505 0.589505 0.589505 0.589505 0.589505 0.589505 0.589505 0.589505 0.589505 0.589505 0.589505 0.589505 0.589505 0.589505 0.589505 0.589505 0.589505 0.589505 0.589505 0.589505 0.589505 0.589505 0.589505 0.589505 0.589505 0.589505 0.589505 0.589505 0.589505 0.589505 0.589505 0.589505 0.589505 0.589505 0.589505 0.589505 0.589505 0.589505 0.589505 0.589505 0.589505 0.589505 0.589505 0.589505 0.589505 0.589505 0.589505 0.589505 0.589505 0.589505 0.589505 0.589505 0.589505 0.589505 0.589505 0.589505 0.589505 0.589505 0.589505 0.589505 0.589505 0.589505 0.589505 0.589505 0.589505 0.589505 0.589505 0.589505 0.589505 0.589505 0.589505 0.589505 0.589505 0.589505 0.589505 0.589505 0.589505 0.589505 0.589505 0.589505 0.589505 0.589505 0.589505 0.589505 0.589505 0.589505 0.589505 0.589505 0.589505 0.589505 0.589505 0.589505 0.589505 0.589505 0.589505 0.589505 0.589505 0.589505 0.589505 0.589505 0.39 0.589505 0.589505 0.589505 0.589505 0.589505 0.589505 0.589505 0.589505 0.589505 0.579965 0.589505 0.589505 0.589505 0.589505 0.589505 0.589505 0.589505 0.589505 0.589505 0.588216 0.589505 0.589505 0.589505 0.589505 0.589505 0.589505 0.589505 0.589505 0.589505 0.390754 0.589505 0.589505 0.589505 0.589505 0.589505 0.589505 0.589505 0.589505 0.589505 0.39 0.589505 0.589505 0.589505 0.589505 0.589505 0.589505 0.589505 0.589505 0.589505 0.39 0.589505 0.589505 0.589505 0.589505 0.589505 0.589505 0.589505 0.589505 0.589505 0.588438 0.589505 0.589505 0.589505 0.589505 0.589505 0.589505 0.589505 0.589505 0.589505 0.39 0.589505 0.589505 0.589505 0.589505 0.589505 0.589505 0.589505 0.589505 0.589505 0.39 0.589505 0.589505 0.589505 0.589505 0.589505 0.589505 0.589505 0.589505 0.589505 0.39 0.589505 0.589505 0.589505 0.536178 0.589505 0.589505 0.588991 0.589505 0.589505 0.589505 0.589505 0.589505 0.589505 0.58652 0.589505 0.589505 0.589271 0.589505 0.589505 0.589505 0.589505 0.589505 0.589505 0.390217 0.589505 0.589505 0.39 0.589505 0.589505 0.589505 0.589505 0.589505 0.589505 0.589316 0.589505 0.589505 0.458661 0.589505 0.589505 0.589505 0.589505 0.589505 0.589505 0.390016 0.589505 0.589505 0.587607 0.589505 0.589505 0.589505 0.589505 0.589505 0.589505 0.39 0.589505 0.589505 0.39 0.589505 0.589505 0.589505 0.589505 0.589505 0.589505 0.583383 0.589505 0.589505 0.586969 0.589505 0.589505 0.589505 0.589505 0.589505 0.589505 0.390255 0.589505 0.589505 0.39 0.589505 0.589505 0.589505 0.589505 0.589505 0.589505 0.40168 0.589505 0.589505 0.39 0.589505 0.589505 0.589505 0.589505 0.589505 0.589505 0.3904 0.589505 0.589505 0.39 0.589505 0.589505 0.589505 0.589505 0.589505 0.589505 0.589505 0.589505 0.589505 0.589505 0.589505 0.589505 0.589505 0.589505 0.589505 0.589505 0.589505 0.589505 0.589505 0.589505 0.589505 0.589505 0.589505 0.589505 0.589505 0.589505 0.589505 0.589505 0.589505 0.589505 0.589505 0.589505 0.589505 0.589505 0.589505 0.589505 0.589505 0.589505 0.589505 0.589505 0.589505 0.589505 0.589505 0.589505 0.589505 0.589505 0.589505 0.589505 0.589505 0.589505 0.589505 0.589505 0.589505 0.589505 0.589505 0.589505 0.589505 0.589505 0.589505 0.589505 0.589505 0.589505 0.589505 0.589505 0.589505 0.589505 0.589505 0.589505 0.589505 0.589505 0.589505 0.589505 0.589505 0.589505 0.589505 0.589505 0.589505 0.589505 0.589505 0.589505 0.589505 0.589505 0.589505 0.589505 0.589505 0.589505 0.589505 0.589505 0.589505 0.589505 0.589505 0.589505 0.589505 0.589505 0.589505 0.589505 0.589505 0.589505 0.589505 0.589505 0.589505 0.589505 0.589505 0.589505 0.589505 0.589505 0.589505 0.589505 0.589505 0.589505 0.589505 0.589505 0.536178 0.589505 0.589505 0.589505 0.589505 0.589505 0.589505 0.589505 0.589505 0.589505 0.569618 0.589505 0.589505 0.589505 0.589505 0.589505 0.589505 0.589505 0.589505 0.589505 0.390002 0.589505 0.589505 0.589505 0.589505 0.589505 0.589505 0.589505 0.589505 0.589505 0.390488 0.589505 0.589505 0.589505 0.589505 0.589505 0.589505 0.589505 0.589505 0.589505 0.390003 0.589505 0.589505 0.589505 0.589505 0.589505 0.589505 0.589505 0.589505 0.589505 0.390098 0.589505 0.589505 0.589505 0.589505 0.589505 0.589505 0.589505 0.589505 0.589505 0.535559 0.589505 0.589505 0.589505 0.589505 0.589505 0.589505 0.589505 0.589505 0.589505 0.390001 0.589505 0.589505 0.589505 0.589505 0.589505 0.589505 0.589505 0.589505 0.589505 0.39 0.589505 0.589505 0.589505 0.589505 0.589505 0.589505 0.589505 0.589505 0.589505 0.409345 0.589505 0.589505 0.589505 0.589505 0.589505 0.589505 0.589505 0.589505 0.589505 0.39 0.589505 0.589505 0.589505 0.589505 0.589505 0.589505 0.589505 0.589505 0.589505 0.393205 0.589505 0.589505 0.589505 0.589505 0.589505 0.589505 0.589505 0.589505 0.589505 0.39 0.589505 0.589505 0.589505 0.589505 0.589505 0.589505 0.589505 0.589505 0.589505 0.39 0.589505 0.589505 0.589505 0.589505 0.589505 0.589505 0.589505 0.589505 0.589505 0.390003 0.589505 0.589505 0.589505 0.589505 0.589505 0.589505 0.589505 0.589505 0.589505 0.541047 0.589505 0.589505 0.589505 0.589505 0.589505 0.589505 0.589505 0.589505 0.589505 0.39 0.589505 0.589505 0.589505 0.589505 0.589505 0.589505 0.589505 0.589505 0.589505 0.39 0.589505 0.589505 0.589505 0.589505 0.589505 0.589505 0.589505 0.589505 0.589505 0.390006 0.589505 0.589505 0.589505 0.589505 0.589505 0.589505 0.589505 0.589505 0.589505 0.459942 0.589505 0.589505 0.589505 0.462138 0.589505 0.589505 0.390609 0.589505 0.589505 0.589505 0.589505 0.589505 0.589505 0.390063 0.589505 0.589505 0.446137 0.589505 0.589505 0.589505 0.589505 0.589505 0.589505 0.390004 0.589505 0.589505 0.588751 0.589505 0.589505 0.589505 0.589505 0.589505 0.589505 0.583444 0.589505 0.589505 0.544256 0.589505 0.589505 0.589505 0.589505 0.589505 0.589505 0.390001 0.589505 0.589505 0.587333 0.589505 0.589505 0.589505 0.589505 0.589505 0.589505 0.588196 0.589505 0.589505 0.586917 0.589505 0.589505 0.589505 0.589505 0.589505 0.589505 0.39172 0.589505 0.589505 0.414347 0.589505 0.589505 0.589505 0.589505 0.589505 0.589505 0.39 0.589505 0.589505 0.390111 0.589505 0.589505 0.589505 0.589505 0.589505 0.589505 0.583322 0.589505 0.589505 0.534976 0.589505 0.589505 0.589505 0.589505 0.589505 0.589505 0.583521 0.589505 0.589505 0.442815 0.589505 0.589505 0.589505 0.589505 0.589505 0.589505 0.589505 0.589505 0.589505 0.589505 0.589505 0.589505 0.589505 0.589505 0.589505 0.589505 0.589505 0.589505 0.589505 0.589505 0.589505 0.589505 0.589505 0.589505 0.589505 0.589505 0.589505 0.589505 0.589505 0.589505 0.589505 0.589505 0.589505 0.589505 0.589505 0.589505 0.589505 0.589505 0.589505 0.589505 0.589505 0.589505 0.589505 0.589505 0.589505 0.589505 0.589505 0.589505 0.589505 0.589505 0.589505 0.589505 0.589505 0.589505 0.589505 0.589505 0.589505 0.589505 0.589505 0.589505 0.589505 0.589505 0.589505 0.589505 0.589505 0.589505 0.589505 0.589505 0.589505 0.589505 0.589505 0.589505 0.589505 0.589505 0.589505 0.589505 0.589505 0.589505 0.589505 0.589505 0.589505 0.589505 0.589505 0.589505 0.589505 0.589505 0.589505 0.589505 0.589505 0.589505 0.589505 0.589505 0.589505 0.589505 0.589505 0.589505 0.589505 0.589505 0.589505 0.589505 0.589505 0.589505 0.589505 0.589505 0.589505 0.589505 0.589505 0.589505 0.589505 0.589505 0.589505 0.589505 0.418322 0.589505 0.589505 0.589505 0.589505 0.589505 0.589505 0.589505 0.589505 0.589505 0.405573 0.589505 0.589505 0.589505 0.589505 0.589505 0.589505 0.589505 0.589505 0.589505 0.39 0.589505 0.589505 0.589505 0.589505 0.589505 0.589505 0.589505 0.589505 0.589505 0.390001 0.589505 0.589505 0.589505 0.589505 0.589505 0.589505 0.589505 0.589505 0.589505 0.390009 0.589505 0.589505 0.589505 0.589505 0.589505 0.589505 0.589505 0.589505 0.589505 0.39 0.589505 0.589505 0.589505 0.589505 0.589505 0.589505 0.589505 0.589505 0.589505 0.585696 0.589505 0.589505 0.589505 0.589505 0.589505 0.589505 0.589505 0.589505 0.589505 0.452312 0.589505 0.589505 0.589505 0.589505 0.589505 0.589505 0.589505 0.589505 0.589505 0.39 0.589505 0.589505 0.589505 0.589505 0.589505 0.589505 0.589505 0.589505 0.589505 0.588845 0.589505 0.589505 0.589505 0.422672 0.589505 0.589505 0.390341 0.589505 0.589505 0.589505 0.589505 0.589505 0.589505 0.560601 0.589505 0.589505 0.581438 0.589505 0.589505 0.589505 0.589505 0.589505 0.589505 0.390019 0.589505 0.589505 0.390179 0.589505 0.589505 0.589505 0.589505 0.589505 0.589505 0.493152 0.589505 0.589505 0.585074 0.589505 0.589505 0.589505 0.589505 0.589505 0.589505 0.39 0.589505 0.589505 0.390002 0.589505 0.589505 0.589505 0.589505 0.589505 0.589505 0.39 0.589505 0.589505 0.39 0.589505 0.589505 0.589505 0.589505 0.589505 0.589505 0.390001 0.589505 0.589505 0.39 0.589505 0.589505 0.589505 0.589505 0.589505 0.589505 0.391204 0.589505 0.589505 0.39 0.589505 0.589505 0.589505 0.589505 0.589505 0.589505 0.39 0.589505 0.589505 0.588249 0.589505 0.589505 0.589505 0.589505 0.589505 0.589505 0.39 0.589505 0.589505 0.531146 0.589505 0.589505 0.589505 0.589505 0.589505 0.589505 0.589505 0.589505 0.589505 0.589505 0.589505 0.589505 0.589505 0.589505 0.589505 0.589505 0.589505 0.589505 0.589505 0.589505 0.589505 0.589505 0.589505 0.589505 0.589505 0.589505 0.589505 0.589505 0.589505 0.589505 0.589505 0.589505 0.589505 0.589505 0.589505 0.589505 0.589505 0.589505 0.589505 0.589505 0.589505 0.589505 0.589505 0.589505 0.589505 0.589505 0.589505 0.589505 0.589505 0.589505 0.589505 0.589505 0.589505 0.589505 0.589505 0.589505 0.589505 0.589505 0.589505 0.589505 0.589505 0.589505 0.589505 0.589505 0.589505 0.589505 0.589505 0.589505 0.589505 0.589505 0.589505 0.589505 0.589505 0.589505 0.589505 0.589505 0.589505 0.589505 0.589505 0.589505 0.589505 0.589505 0.589505 0.589505 0.589505 0.589505 0.589505 0.589505 0.589505 0.589505 0.589505 0.589505 0.589505 0.589505 0.589505 0.589505 0.589505 0.589505 0.589505 0.589505 0.589505 0.589505 0.589505 0.589505 0.589505 0.589505 0.589505 0.589505 0.589505 0.589505 0.589505 0.589505 0.39 0.589505 0.589505 0.589505 0.589505 0.589505 0.589505 0.589505 0.589505 0.589505 0.532303 0.589505 0.589505 0.589505 0.589505 0.589505 0.589505 0.589505 0.589505 0.589505 0.576783 0.589505 0.589505 0.589505 0.589505 0.589505 0.589505 0.589505 0.589505 0.589505 0.572494 0.589505 0.589505 0.589505 0.589505 0.589505 0.589505 0.589505 0.589505 0.589505 0.392968 0.589505 0.589505 0.589505 0.589505 0.589505 0.589505 0.589505 0.589505 0.589505 0.58899 0.589505 0.589505 0.589505 0.589505 0.589505 0.589505 0.589505 0.589505 0.589505 0.57868 0.589505 0.589505 0.589505 0.589505 0.589505 0.589505 0.589505 0.589505 0.589505 0.390307 0.589505 0.589505 0.589505 0.589505 0.589505 0.589505 0.589505 0.589505 0.589505 0.588196 0.589505 0.589505 0.589505 0.589505 0.589505 0.589505 0.589505 0.589505 0.589505 0.39 0.589505 0.589505 0.589505 0.39 0.589505 0.589505 0.39 0.589505 0.589505 0.589505 0.589505 0.589505 0.589505 0.390011 0.589505 0.589505 0.39 0.589505 0.589505 0.589505 0.589505 0.589505 0.589505 0.501154 0.589505 0.589505 0.575986 0.589505 0.589505 0.589505 0.589505 0.589505 0.589505 0.585805 0.589505 0.589505 0.589281 0.589505 0.589505 0.589505 0.589505 0.589505 0.589505 0.390003 0.589505 0.589505 0.587045 0.589505 0.589505 0.589505 0.589505 0.589505 0.589505 0.39003 0.589505 0.589505 0.54265 0.589505 0.589505 0.589505 0.589505 0.589505 0.589505 0.39 0.589505 0.589505 0.39 0.589505 0.589505 0.589505 0.589505 0.589505 0.589505 0.39 0.589505 0.589505 0.574875 0.589505 0.589505 0.589505 0.589505 0.589505 0.589505 0.39 0.589505 0.589505 0.39 0.589505 0.589505 0.589505 0.589505 0.589505 0.589505 0.482602 0.589505 0.589505 0.393973 0.589505 0.589505 0.589505 0.589505 0.589505 0.589505 0.589505 0.589505 0.589505 0.589505 0.589505 0.589505 0.589505 0.589505 0.589505 0.589505 0.589505 0.589505 0.589505 0.589505 0.589505 0.589505 0.589505 0.589505 0.589505 0.589505 0.589505 0.589505 0.589505 0.589505 0.589505 0.589505 0.589505 0.589505 0.589505 0.589505 0.589505 0.589505 0.589505 0.589505 0.589505 0.589505 0.589505 0.589505 0.589505 0.589505 0.589505 0.589505 0.589505 0.589505 0.589505 0.589505 0.589505 0.589505 0.589505 0.589505 0.589505 0.589505 0.589505 0.589505 0.589505 0.589505 0.589505 0.589505 0.589505 0.589505 0.589505 0.589505 0.589505 0.589505 0.589505 0.589505 0.589505 0.589505 0.589505 0.589505 0.589505 0.589505 0.589505 0.589505 0.589505 0.589505 0.589505 0.589505 0.589505 0.589505 0.589505 0.589505 0.589505 0.589505 0.589505 0.589505 0.589505 0.589505 0.589505 0.589505 0.589505 0.589505 0.589505 0.589505 0.589505 0.589505 0.589505 0.589505 0.589505 0.589505 0.589505 0.589505 0.589505 0.589505 0.589505 0.589505 0.40922 0.589505 0.589505 0.589505 0.589505 0.589505 0.589505 0.589505 0.589505 0.589505 0.490889 0.589505 0.589505 0.589505 0.589505 0.589505 0.589505 0.589505 0.589505 0.589505 0.39 0.589505 0.589505 0.589505 0.589505 0.589505 0.589505 0.589505 0.589505 0.589505 0.541012 0.589505 0.589505 0.589505 0.589505 0.589505 0.589505 0.589505 0.589505 0.589505 0.39 0.589505 0.589505 0.589505 0.589505 0.589505 0.589505 0.589505 0.589505 0.589505 0.39028 0.589505 0.589505 0.589505 0.589505 0.589505 0.589505 0.589505 0.589505 0.589505 0.489836 0.589505 0.589505 0.589505 0.589505 0.589505 0.589505 0.589505 0.589505 0.589505 0.585764 0.589505 0.589505 0.589505 0.589505 0.589505 0.589505 0.589505 0.589505 0.589505 0.438695 0.589505 0.589505 0.589505 0.589505 0.589505 0.589505 0.589505 0.589505 0.589505 0.390067 0.589505 0.589505 0.589505 0.589505 0.589505 0.589505 0.589505 0.589505 0.589505 0.419934 0.589505 0.589505 0.589505 0.589505 0.589505 0.589505 0.589505 0.589505 0.589505 0.588012 0.589505 0.589505 0.589505 0.589505 0.589505 0.589505 0.589505 0.589505 0.589505 0.424179 0.589505 0.589505 0.589505 0.589505 0.589505 0.589505 0.589505 0.589505 0.589505 0.420514 0.589505 0.589505 0.589505 0.589505 0.589505 0.589505 0.589505 0.589505 0.589505 0.412572 0.589505 0.589505 0.589505 0.589505 0.589505 0.589505 0.589505 0.589505 0.589505 0.390015 0.589505 0.589505 0.589505 0.589505 0.589505 0.589505 0.589505 0.589505 0.589505 0.395461 0.589505 0.589505 0.589505 0.589505 0.589505 0.589505 0.589505 0.589505 0.589505 0.39 0.589505 0.589505 0.589505 0.589505 0.589505 0.589505 0.589505 0.589505 0.589505 0.39 0.589505 0.589505 0.589505 0.589505 0.589505 0.589505 0.589505 0.589505 0.589505 0.390217 0.589505 0.589505 0.589505 0.578387 0.589505 0.589505 0.390027 0.589505 0.589505 0.589505 0.589505 0.589505 0.589505 0.39 0.589505 0.589505 0.390606 0.589505 0.589505 0.589505 0.589505 0.589505 0.589505 0.551291 0.589505 0.589505 0.511671 0.589505 0.589505 0.589505 0.589505 0.589505 0.589505 0.39 0.589505 0.589505 0.507287 0.589505 0.589505 0.589505 0.589505 0.589505 0.589505 0.581983 0.589505 0.589505 0.39 0.589505 0.589505 0.589505 0.589505 0.589505 0.589505 0.390002 0.589505 0.589505 0.401682 0.589505 0.589505 0.589505 0.589505 0.589505 0.589505 0.545082 0.589505 0.589505 0.544418 0.589505 0.589505 0.589505 0.589505 0.589505 0.589505 0.578971 0.589505 0.589505 0.39 0.589505 0.589505 0.589505 0.589505 0.589505 0.589505 0.576048 0.589505 0.589505 0.390548 0.589505 0.589505 0.589505 0.589505 0.589505 0.589505 0.39 0.589505 0.589505 0.419417 0.589505 0.589505 0.589505 0.589505 0.589505 0.589505 0.589505 0.589505 0.589505 0.589505 0.589505 0.589505 0.589505 0.589505 0.589505 0.589505 0.589505 0.589505 0.589505 0.589505 0.589505 0.589505 0.589505 0.589505 0.589505 0.589505 0.589505 0.589505 0.589505 0.589505 0.589505 0.589505 0.589505 0.589505 0.589505 0.589505 0.589505 0.589505 0.589505 0.589505 0.589505 0.589505 0.589505 0.589505 0.589505 0.589505 0.589505 0.589505 0.589505 0.589505 0.589505 0.589505 0.589505 0.589505 0.589505 0.589505 0.589505 0.589505 0.589505 0.589505 0.589505 0.589505 0.589505 0.589505 0.589505 0.589505 0.589505 0.589505 0.589505 0.589505 0.589505 0.589505 0.589505 0.589505 0.589505 0.589505 0.589505 0.589505 0.589505 0.589505 0.589505 0.589505 0.589505 0.589505 0.589505 0.589505 0.589505 0.589505 0.589505 0.589505 0.589505 0.589505 0.589505 0.589505 0.589505 0.589505 0.589505 0.589505 0.589505 0.589505 0.589505 0.589505 0.589505 0.589505 0.589505 0.589505 0.589505 0.589505 0.589505 0.589505 0.589505 0.589505 0.4427 0.589505 0.589505 0.589505 0.589505 0.589505 0.589505 0.589505 0.589505 0.589505 0.390004 0.589505 0.589505 0.589505 0.589505 0.589505 0.589505 0.589505 0.589505 0.589505 0.402226 0.589505 0.589505 0.589505 0.589505 0.589505 0.589505 0.589505 0.589505 0.589505 0.39 0.589505 0.589505 0.589505 0.589505 0.589505 0.589505 0.589505 0.589505 0.589505 0.588372 0.589505 0.589505 0.589505 0.589505 0.589505 0.589505 0.589505 0.589505 0.589505 0.419112 0.589505 0.589505 0.589505 0.589505 0.589505 0.589505 0.589505 0.589505 0.589505 0.588683 0.589505 0.589505 0.589505 0.589505 0.589505 0.589505 0.589505 0.589505 0.589505 0.585686 0.589505 0.589505 0.589505 0.589505 0.589505 0.589505 0.589505 0.589505 0.589505 0.390007 0.589505 0.589505 0.589505 0.589505 0.589505 0.589505 0.589505 0.589505 0.589505 0.58757 0.589505 0.589505 0.589505 0.390022 0.589505 0.589505 0.39 0.589505 0.589505 0.589505 0.589505 0.589505 0.589505 0.39 0.589505 0.589505 0.584827 0.589505 0.589505 0.589505 0.589505 0.589505 0.589505 0.390002 0.589505 0.589505 0.39 0.589505 0.589505 0.589505 0.589505 0.589505 0.589505 0.576537 0.589505 0.589505 0.39 0.589505 0.589505 0.589505 0.589505 0.589505 0.589505 0.390774 0.589505 0.589505 0.399597 0.589505 0.589505 0.589505 0.589505 0.589505 0.589505 0.39 0.589505 0.589505 0.588949 0.589505 0.589505 0.589505 0.589505 0.589505 0.589505 0.419368 0.589505 0.589505 0.401214 0.589505 0.589505 0.589505 0.589505 0.589505 0.589505 0.58466 0.589505 0.589505 0.507408 0.589505 0.589505 0.589505 0.589505 0.589505 0.589505 0.586922 0.589505 0.589505 0.391463 0.589505 0.589505 0.589505 0.589505 0.589505 0.589505 0.390001 0.589505 0.589505 0.438972 0.589505 0.589505 0.589505 0.589505 0.589505 0.589505 0.589505 0.589505 0.589505 0.589505 0.589505 0.589505 0.589505 0.589505 0.589505 0.589505 0.589505 0.589505 0.589505 0.589505 0.589505 0.589505 0.589505 0.589505 0.589505 0.589505 0.589505 0.589505 0.589505 0.589505 0.589505 0.589505 0.589505 0.589505 0.589505 0.589505 0.589505 0.589505 0.589505 0.589505 0.589505 0.589505 0.589505 0.589505 0.589505 0.589505 0.589505 0.589505 0.589505 0.589505 0.589505 0.589505 0.589505 0.589505 0.589505 0.589505 0.589505 0.589505 0.589505 0.589505 0.589505 0.589505 0.589505 0.589505 0.589505 0.589505 0.589505 0.589505 0.589505 0.589505 0.589505 0.589505 0.589505 0.589505 0.589505 0.589505 0.589505 0.589505 0.589505 0.589505 0.589505 0.589505 0.589505 0.589505 0.589505 0.589505 0.589505 0.589505 0.589505 0.589505 0.589505 0.589505 0.589505 0.589505 0.589505 0.589505 0.589505 0.589505 0.589505 0.589505 0.589505 0.589505 0.589505 0.589505 0.589505 0.589505 0.589505 0.589505 0.589505 0.589505 0.589505 0.589505 0.390369 0.589505 0.589505 0.589505 0.589505 0.589505 0.589505 0.589505 0.589505 0.589505 0.416964 0.589505 0.589505 0.589505 0.589505 0.589505 0.589505 0.589505 0.589505 0.589505 0.390159 0.589505 0.589505 0.589505 0.589505 0.589505 0.589505 0.589505 0.589505 0.589505 0.390001 0.589505 0.589505 0.589505 0.589505 0.589505 0.589505 0.589505 0.589505 0.589505 0.39 0.589505 0.589505 0.589505 0.589505 0.589505 0.589505 0.589505 0.589505 0.589505 0.390323 0.589505 0.589505 0.589505 0.589505 0.589505 0.589505 0.589505 0.589505 0.589505 0.39 0.589505 0.589505 0.589505 0.589505 0.589505 0.589505 0.589505 0.589505 0.589505 0.390819 0.589505 0.589505 0.589505 0.589505 0.589505 0.589505 0.589505 0.589505 0.589505 0.3904 0.589505 0.589505 0.589505 0.589505 0.589505 0.589505 0.589505 0.589505 0.589505 0.39 0.589505 0.589505 0.589505 0.390039 0.589505 0.589505 0.559569 0.589505 0.589505 0.589505 0.589505 0.589505 0.589505 0.39 0.589505 0.589505 0.391196 0.589505 0.589505 0.589505 0.589505 0.589505 0.589505 0.39 0.589505 0.589505 0.588362 0.589505 0.589505 0.589505 0.589505 0.589505 0.589505 0.426905 0.589505 0.589505 0.586534 0.589505 0.589505 0.589505 0.589505 0.589505 0.589505 0.420962 0.589505 0.589505 0.39 0.589505 0.589505 0.589505 0.589505 0.589505 0.589505 0.404602 0.589505 0.589505 0.588485 0.589505 0.589505 0.589505 0.589505 0.589505 0.589505 0.390221 0.589505 0.589505 0.574279 0.589505 0.589505 0.589505 0.589505 0.589505 0.589505 0.415341 0.589505 0.589505 0.390001 0.589505 0.589505 0.589505 0.589505 0.589505 0.589505 0.578527 0.589505 0.589505 0.45034 0.589505 0.589505 0.589505 0.589505 0.589505 0.589505 0.39 0.589505 0.589505 0.390001 0.589505 0.589505 0.589505 0.589505 0.589505 0.589505 0.589505 0.589505 0.589505 0.589505 0.589505 0.589505 0.589505 0.589505 0.589505 0.589505 0.589505 0.589505 0.589505 0.589505 0.589505 0.589505 0.589505 0.589505 0.589505 0.589505 0.589505 0.589505 0.589505 0.589505 0.589505 0.589505 0.589505 0.589505 0.589505 0.589505 0.589505 0.589505 0.589505 0.589505 0.589505 0.589505 0.589505 0.589505 0.589505 0.589505 0.589505 0.589505 0.589505 0.589505 0.589505 0.589505 0.589505 0.589505 0.589505 0.589505 0.589505 0.589505 0.589505 0.589505 0.589505 0.589505 0.589505 0.589505 0.589505 0.589505 0.589505 0.589505 0.589505 0.589505 0.589505 0.589505 0.589505 0.589505 0.589505 0.589505 0.589505 0.589505 0.589505 0.589505 0.589505 0.589505 0.589505 0.589505 0.589505 0.589505 0.589505 0.589505 0.589505 0.589505 0.589505 0.589505 0.589505 0.589505 0.589505 0.589505 0.589505 0.589505 0.589505 0.589505 0.589505 0.589505 0.589505 0.589505 0.589505 0.589505 0.589505 0.589505 0.589505 0.589505 0.589505 0.589505 0.39 0.589505 0.589505 0.589505 0.589505 0.589505 0.589505 0.589505 0.589505 0.589505 0.421319 0.589505 0.589505 0.589505 0.589505 0.589505 0.589505 0.589505 0.589505 0.589505 0.54685 0.589505 0.589505 0.589505 0.589505 0.589505 0.589505 0.589505 0.589505 0.589505 0.435038 0.589505 0.589505 0.589505 0.589505 0.589505 0.589505 0.589505 0.589505 0.589505 0.415153 0.589505 0.589505 0.589505 0.589505 0.589505 0.589505 0.589505 0.589505 0.589505 0.390067 0.589505 0.589505 0.589505 0.589505 0.589505 0.589505 0.589505 0.589505 0.589505 0.39 0.589505 0.589505 0.589505 0.589505 0.589505 0.589505 0.589505 0.589505 0.589505 0.39 0.589505 0.589505 0.589505 0.589505 0.589505 0.589505 0.589505 0.589505 0.589505 0.561424 0.589505 0.589505 0.589505 0.589505 0.589505 0.589505 0.589505 0.589505 0.589505 0.525491 0.589505 0.589505 0.589505 0.589505 0.589505 0.589505 0.589505 0.589505 0.589505 0.390341 0.589505 0.589505 0.589505 0.589505 0.589505 0.589505 0.589505 0.589505 0.589505 0.429333 0.589505 0.589505 0.589505 0.589505 0.589505 0.589505 0.589505 0.589505 0.589505 0.390011 0.589505 0.589505 0.589505 0.589505 0.589505 0.589505 0.589505 0.589505 0.589505 0.390018 0.589505 0.589505 0.589505 0.589505 0.589505 0.589505 0.589505 0.589505 0.589505 0.39 0.589505 0.589505 0.589505 0.589505 0.589505 0.589505 0.589505 0.589505 0.589505 0.390207 0.589505 0.589505 0.589505 0.589505 0.589505 0.589505 0.589505 0.589505 0.589505 0.39 0.589505 0.589505 0.589505 0.589505 0.589505 0.589505 0.589505 0.589505 0.589505 0.51333 0.589505 0.589505 0.589505 0.589505 0.589505 0.589505 0.589505 0.589505 0.589505 0.39 0.589505 0.589505 0.589505 0.589505 0.589505 0.589505 0.589505 0.589505 0.589505 0.410825 0.589505 0.589505 0.589505 0.58919 0.589505 0.589505 0.39 0.589505 0.589505 0.589505 0.589505 0.589505 0.589505 0.418103 0.589505 0.589505 0.39 0.589505 0.589505 0.589505 0.589505 0.589505 0.589505 0.39 0.589505 0.589505 0.39 0.589505 0.589505 0.589505 0.589505 0.589505 0.589505 0.585987 0.589505 0.589505 0.588188 0.589505 0.589505 0.589505 0.589505 0.589505 0.589505 0.39348 0.589505 0.589505 0.58903 0.589505 0.589505 0.589505 0.589505 0.589505 0.589505 0.564568 0.589505 0.589505 0.39 0.589505 0.589505 0.589505 0.589505 0.589505 0.589505 0.533135 0.589505 0.589505 0.571795 0.589505 0.589505 0.589505 0.589505 0.589505 0.589505 0.39 0.589505 0.589505 0.485337 0.589505 0.589505 0.589505 0.589505 0.589505 0.589505 0.566352 0.589505 0.589505 0.39 0.589505 0.589505 0.589505 0.589505 0.589505 0.589505 0.398842 0.589505 0.589505 0.566537 0.589505 0.589505 0.589505 0.589505 0.589505 0.589505 0.589505 0.589505 0.589505 0.589505 0.589505 0.589505 0.589505 0.589505 0.589505 0.589505 0.589505 0.589505 0.589505 0.589505 0.589505 0.589505 0.589505 0.589505 0.589505 0.589505 0.589505 0.589505 0.589505 0.589505 0.589505 0.589505 0.589505 0.589505 0.589505 0.589505 0.589505 0.589505 0.589505 0.589505 0.589505 0.589505 0.589505 0.589505 0.589505 0.589505 0.589505 0.589505 0.589505 0.589505 0.589505 0.589505 0.589505 0.589505 0.589505 0.589505 0.589505 0.589505 0.589505 0.589505 0.589505 0.589505 0.589505 0.589505 0.589505 0.589505 0.589505 0.589505 0.589505 0.589505 0.589505 0.589505 0.589505 0.589505 0.589505 0.589505 0.589505 0.589505 0.589505 0.589505 0.589505 0.589505 0.589505 0.589505 0.589505 0.589505 0.589505 0.589505 0.589505 0.589505 0.589505 0.589505 0.589505 0.589505 0.589505 0.589505 0.589505 0.589505 0.589505 0.589505 0.589505 0.589505 0.589505 0.589505 0.589505 0.589505 0.589505 0.589505 0.589505 0.589505 0.589505 0.589505 0.39782 0.589505 0.589505 0.589505 0.589505 0.589505 0.589505 0.589505 0.589505 0.589505 0.39 0.589505 0.589505 0.589505 0.589505 0.589505 0.589505 0.589505 0.589505 0.589505 0.39 0.589505 0.589505 0.589505 0.589505 0.589505 0.589505 0.589505 0.589505 0.589505 0.583798 0.589505 0.589505 0.589505 0.589505 0.589505 0.589505 0.589505 0.589505 0.589505 0.39 0.589505 0.589505 0.589505 0.589505 0.589505 0.589505 0.589505 0.589505 0.589505 0.39 0.589505 0.589505 0.589505 0.589505 0.589505 0.589505 0.589505 0.589505 0.589505 0.585243 0.589505 0.589505 0.589505 0.589505 0.589505 0.589505 0.589505 0.589505 0.589505 0.39 0.589505 0.589505 0.589505 0.589505 0.589505 0.589505 0.589505 0.589505 0.589505 0.438225 0.589505 0.589505 0.589505 0.589505 0.589505 0.589505 0.589505 0.589505 0.589505 0.39 0.589505 0.589505 0.589505 0.390117 0.589505 0.589505 0.582839 0.589505 0.589505 0.589505 0.589505 0.589505 0.589505 0.440574 0.589505 0.589505 0.39 0.589505 0.589505 0.589505 0.589505 0.589505 0.589505 0.39 0.589505 0.589505 0.478696 0.589505 0.589505 0.589505 0.589505 0.589505 0.589505 0.390013 0.589505 0.589505 0.587142 0.589505 0.589505 0.589505 0.589505 0.589505 0.589505 0.39 0.589505 0.589505 0.579258 0.589505 0.589505 0.589505 0.589505 0.589505 0.589505 0.397228 0.589505 0.589505 0.575433 0.589505 0.589505 0.589505 0.589505 0.589505 0.589505 0.39 0.589505 0.589505 0.39 0.589505 0.589505 0.589505 0.589505 0.589505 0.589505 0.39 0.589505 0.589505 0.390002 0.589505 0.589505 0.589505 0.589505 0.589505 0.589505 0.39 0.589505 0.589505 0.410267 0.589505 0.589505 0.589505 0.589505 0.589505 0.589505 0.39 0.589505 0.589505 0.393388 0.589505 0.589505 0.589505 0.589505 0.589505 0.589505 0.589505 0.589505 0.589505 0.589505 0.589505 0.589505 0.589505 0.589505 0.589505 0.589505 0.589505 0.589505 0.589505 0.589505 0.589505 0.589505 0.589505 0.589505 0.589505 0.589505 0.589505 0.589505 0.589505 0.589505 0.589505 0.589505 0.589505 0.589505 0.589505 0.589505 0.589505 0.589505 0.589505 0.589505 0.589505 0.589505 0.589505 0.589505 0.589505 0.589505 0.589505 0.589505 0.589505 0.589505 0.589505 0.589505 0.589505 0.589505 0.589505 0.589505 0.589505 0.589505 0.589505 0.589505 0.589505 0.589505 0.589505 0.589505 0.589505 0.589505 0.589505 0.589505 0.589505 0.589505 0.589505 0.589505 0.589505 0.589505 0.589505 0.589505 0.589505 0.589505 0.589505 0.589505 0.589505 0.589505 0.589505 0.589505 0.589505 0.589505 0.589505 0.589505 0.589505 0.589505 0.589505 0.589505 0.589505 0.589505 0.589505 0.589505 0.589505 0.589505 0.589505 0.589505 0.589505 0.589505 0.589505 0.589505 0.589505 0.589505 0.589505 0.589505 0.589505 0.589505 0.589505 0.589505 0.39 0.589505 0.589505 0.589505 0.589505 0.589505 0.589505 0.589505 0.589505 0.589505 0.390001 0.589505 0.589505 0.589505 0.589505 0.589505 0.589505 0.589505 0.589505 0.589505 0.39 0.589505 0.589505 0.589505 0.589505 0.589505 0.589505 0.589505 0.589505 0.589505 0.39 0.589505 0.589505 0.589505 0.589505 0.589505 0.589505 0.589505 0.589505 0.589505 0.406899 0.589505 0.589505 0.589505 0.589505 0.589505 0.589505 0.589505 0.589505 0.589505 0.48023 0.589505 0.589505 0.589505 0.589505 0.589505 0.589505 0.589505 0.589505 0.589505 0.588784 0.589505 0.589505 0.589505 0.589505 0.589505 0.589505 0.589505 0.589505 0.589505 0.394469 0.589505 0.589505 0.589505 0.589505 0.589505 0.589505 0.589505 0.589505 0.589505 0.39 0.589505 0.589505 0.589505 0.589505 0.589505 0.589505 0.589505 0.589505 0.589505 0.39 0.589505 0.589505 0.589505 0.500209 0.589505 0.589505 0.5874 0.589505 0.589505 0.589505 0.589505 0.589505 0.589505 0.522968 0.589505 0.589505 0.586506 0.589505 0.589505 0.589505 0.589505 0.589505 0.589505 0.588925 0.589505 0.589505 0.586155 0.589505 0.589505 0.589505 0.589505 0.589505 0.589505 0.397313 0.589505 0.589505 0.39 0.589505 0.589505 0.589505 0.589505 0.589505 0.589505 0.39023 0.589505 0.589505 0.390109 0.589505 0.589505 0.589505 0.589505 0.589505 0.589505 0.391017 0.589505 0.589505 0.397688 0.589505 0.589505 0.589505 0.589505 0.589505 0.589505 0.393931 0.589505 0.589505 0.548905 0.589505 0.589505 0.589505 0.589505 0.589505 0.589505 0.39013 0.589505 0.589505 0.390085 0.589505 0.589505 0.589505 0.589505 0.589505 0.589505 0.56193 0.589505 0.589505 0.53483 0.589505 0.589505 0.589505 0.589505 0.589505 0.589505 0.586815 0.589505 0.589505 0.390375 0.589505 0.589505 0.589505 0.589505 0.589505 0.589505 0.589505 0.589505 0.589505 0.589505 0.589505 0.589505 0.589505 0.589505 0.589505 0.589505 0.589505 0.589505 0.589505 0.589505 0.589505 0.589505 0.589505 0.589505 0.589505 0.589505 0.589505 0.589505 0.589505 0.589505 0.589505 0.589505 0.589505 0.589505 0.589505 0.589505 0.589505 0.589505 0.589505 0.589505 0.589505 0.589505 0.589505 0.589505 0.589505 0.589505 0.589505 0.589505 0.589505 0.589505 0.589505 0.589505 0.589505 0.589505 0.589505 0.589505 0.589505 0.589505 0.589505 0.589505 0.589505 0.589505 0.589505 0.589505 0.589505 0.589505 0.589505 0.589505 0.589505 0.589505 0.589505 0.589505 0.589505 0.589505 0.589505 0.589505 0.589505 0.589505 0.589505 0.589505 0.589505 0.589505 0.589505 0.589505 0.589505 0.589505 0.589505 0.589505 0.589505 0.589505 0.589505 0.589505 0.589505 0.589505 0.589505 0.589505 0.589505 0.589505 0.589505 0.589505 0.589505 0.589505 0.589505 0.589505 0.589505 0.589505 0.589505 0.589505 0.589505 0.589505 0.589505 0.589505 0.390008 0.589505 0.589505 0.589505 0.589505 0.589505 0.589505 0.589505 0.589505 0.589505 0.537127 0.589505 0.589505 0.589505 0.589505 0.589505 0.589505 0.589505 0.589505 0.589505 0.457672 0.589505 0.589505 0.589505 0.589505 0.589505 0.589505 0.589505 0.589505 0.589505 0.529572 0.589505 0.589505 0.589505 0.589505 0.589505 0.589505 0.589505 0.589505 0.589505 0.390119 0.589505 0.589505 0.589505 0.589505 0.589505 0.589505 0.589505 0.589505 0.589505 0.390013 0.589505 0.589505 0.589505 0.589505 0.589505 0.589505 0.589505 0.589505 0.589505 0.390003 0.589505 0.589505 0.589505 0.589505 0.589505 0.589505 0.589505 0.589505 0.589505 0.390463 0.589505 0.589505 0.589505 0.589505 0.589505 0.589505 0.589505 0.589505 0.589505 0.462913 0.589505 0.589505 0.589505 0.589505 0.589505 0.589505 0.589505 0.589505 0.589505 0.39 0.589505 0.589505 0.589505 0.589505 0.589505 0.589505 0.589505 0.589505 0.589505 0.390001 0.589505 0.589505 0.589505 0.589505 0.589505 0.589505 0.589505 0.589505 0.589505 0.39 0.589505 0.589505 0.589505 0.589505 0.589505 0.589505 0.589505 0.589505 0.589505 0.392799 0.589505 0.589505 0.589505 0.589505 0.589505 0.589505 0.589505 0.589505 0.589505 0.39 0.589505 0.589505 0.589505 0.589505 0.589505 0.589505 0.589505 0.589505 0.589505 0.586245 0.589505 0.589505 0.589505 0.589505 0.589505 0.589505 0.589505 0.589505 0.589505 0.39005 0.589505 0.589505 0.589505 0.589505 0.589505 0.589505 0.589505 0.589505 0.589505 0.390353 0.589505 0.589505 0.589505 0.589505 0.589505 0.589505 0.589505 0.589505 0.589505 0.39 0.589505 0.589505 0.589505 0.589505 0.589505 0.589505 0.589505 0.589505 0.589505 0.390382 0.589505 0.589505 0.589505 0.589505 0.589505 0.589505 0.589505 0.589505 0.589505 0.39 0.589505 0.589505 0.589505 0.394545 0.589505 0.589505 0.569554 0.589505 0.589505 0.589505 0.589505 0.589505 0.589505 0.395306 0.589505 0.589505 0.390107 0.589505 0.589505 0.589505 0.589505 0.589505 0.589505 0.588854 0.589505 0.589505 0.396926 0.589505 0.589505 0.589505 0.589505 0.589505 0.589505 0.390056 0.589505 0.589505 0.390065 0.589505 0.589505 0.589505 0.589505 0.589505 0.589505 0.390042 0.589505 0.589505 0.393197 0.589505 0.589505 0.589505 0.589505 0.589505 0.589505 0.39 0.589505 0.589505 0.390292 0.589505 0.589505 0.589505 0.589505 0.589505 0.589505 0.390278 0.589505 0.589505 0.39 0.589505 0.589505 0.589505 0.589505 0.589505 0.589505 0.390192 0.589505 0.589505 0.39 0.589505 0.589505 0.589505 0.589505 0.589505 0.589505 0.390001 0.589505 0.589505 0.569507 0.589505 0.589505 0.589505 0.589505 0.589505 0.589505 0.573434 0.589505 0.589505 0.391534 0.589505 0.589505 0.589505 0.589505 0.589505 0.589505 0.589505 0.589505 0.589505 0.589505 0.589505 0.589505 0.589505 0.589505 0.589505 0.589505 0.589505 0.589505 0.589505 0.589505 0.589505 0.589505 0.589505 0.589505 0.589505 0.589505 0.589505 0.589505 0.589505 0.589505 0.589505 0.589505 0.589505 0.589505 0.589505 0.589505 0.589505 0.589505 0.589505 0.589505 0.589505 0.589505 0.589505 0.589505 0.589505 0.589505 0.589505 0.589505 0.589505 0.589505 0.589505 0.589505 0.589505 0.589505 0.589505 0.589505 0.589505 0.589505 0.589505 0.589505 0.589505 0.589505 0.589505 0.589505 0.589505 0.589505 0.589505 0.589505 0.589505 0.589505 0.589505 0.589505 0.589505 0.589505 0.589505 0.589505 0.589505 0.589505 0.589505 0.589505 0.589505 0.589505 0.589505 0.589505 0.589505 0.589505 0.589505 0.589505 0.589505 0.589505 0.589505 0.589505 0.589505 0.589505 0.589505 0.589505 0.589505 0.589505 0.589505 0.589505 0.589505 0.589505 0.589505 0.589505 0.589505 0.589505 0.589505 0.589505 0.589505 0.589505 0.589505 0.589505 0.588617 0.589505 0.589505 0.589505 0.589505 0.589505 0.589505 0.589505 0.589505 0.589505 0.586861 0.589505 0.589505 0.589505 0.589505 0.589505 0.589505 0.589505 0.589505 0.589505 0.390023 0.589505 0.589505 0.589505 0.589505 0.589505 0.589505 0.589505 0.589505 0.589505 0.553239 0.589505 0.589505 0.589505 0.589505 0.589505 0.589505 0.589505 0.589505 0.589505 0.399779 0.589505 0.589505 0.589505 0.589505 0.589505 0.589505 0.589505 0.589505 0.589505 0.39 0.589505 0.589505 0.589505 0.589505 0.589505 0.589505 0.589505 0.589505 0.589505 0.442442 0.589505 0.589505 0.589505 0.589505 0.589505 0.589505 0.589505 0.589505 0.589505 0.390186 0.589505 0.589505 0.589505 0.589505 0.589505 0.589505 0.589505 0.589505 0.589505 0.505845 0.589505 0.589505 0.589505 0.589505 0.589505 0.589505 0.589505 0.589505 0.589505 0.39 0.589505 0.589505 0.589505 0.580087 0.589505 0.589505 0.563161 0.589505 0.589505 0.589505 0.589505 0.589505 0.589505 0.39 0.589505 0.589505 0.553506 0.589505 0.589505 0.589505 0.589505 0.589505 0.589505 0.414451 0.589505 0.589505 0.40878 0.589505 0.589505 0.589505 0.589505 0.589505 0.589505 0.425905 0.589505 0.589505 0.581546 0.589505 0.589505 0.589505 0.589505 0.589505 0.589505 0.39 0.589505 0.589505 0.453102 0.589505 0.589505 0.589505 0.589505 0.589505 0.589505 0.529215 0.589505 0.589505 0.390054 0.589505 0.589505 0.589505 0.589505 0.589505 0.589505 0.416368 0.589505 0.589505 0.39 0.589505 0.589505 0.589505 0.589505 0.589505 0.589505 0.391811 0.589505 0.589505 0.585376 0.589505 0.589505 0.589505 0.589505 0.589505 0.589505 0.39 0.589505 0.589505 0.390052 0.589505 0.589505 0.589505 0.589505 0.589505 0.589505 0.527619 0.589505 0.589505 0.39 0.589505 0.589505 0.589505 0.589505 0.589505 0.589505 0.589505 0.589505 0.589505 0.589505 0.589505 0.589505 0.589505 0.589505 0.589505 0.589505 0.589505 0.589505 0.589505 0.589505 0.589505 0.589505 0.589505 0.589505 0.589505 0.589505 0.589505 0.589505 0.589505 0.589505 0.589505 0.589505 0.589505 0.589505 0.589505 0.589505 0.589505 0.589505 0.589505 0.589505 0.589505 0.589505 0.589505 0.589505 0.589505 0.589505 0.589505 0.589505 0.589505 0.589505 0.589505 0.589505 0.589505 0.589505 0.589505 0.589505 0.589505 0.589505 0.589505 0.589505 0.589505 0.589505 0.589505 0.589505 0.589505 0.589505 0.589505 0.589505 0.589505 0.589505 0.589505 0.589505 0.589505 0.589505 0.589505 0.589505 0.589505 0.589505 0.589505 0.589505 0.589505 0.589505 0.589505 0.589505 0.589505 0.589505 0.589505 0.589505 0.589505 0.589505 0.589505 0.589505 0.589505 0.589505 0.589505 0.589505 0.589505 0.589505 0.589505 0.589505 0.589505 0.589505 0.589505 0.589505 0.589505 0.589505 0.589505 0.589505 0.589505 0.589505 0.589505 0.589505 0.39 0.589505 0.589505 0.589505 0.589505 0.589505 0.589505 0.589505 0.589505 0.589505 0.39 0.589505 0.589505 0.589505 0.589505 0.589505 0.589505 0.589505 0.589505 0.589505 0.390077 0.589505 0.589505 0.589505 0.589505 0.589505 0.589505 0.589505 0.589505 0.589505 0.39 0.589505 0.589505 0.589505 0.589505 0.589505 0.589505 0.589505 0.589505 0.589505 0.39 0.589505 0.589505 0.589505 0.589505 0.589505 0.589505 0.589505 0.589505 0.589505 0.390477 0.589505 0.589505 0.589505 0.589505 0.589505 0.589505 0.589505 0.589505 0.589505 0.39 0.589505 0.589505 0.589505 0.589505 0.589505 0.589505 0.589505 0.589505 0.589505 0.438569 0.589505 0.589505 0.589505 0.589505 0.589505 0.589505 0.589505 0.589505 0.589505 0.588207 0.589505 0.589505 0.589505 0.589505 0.589505 0.589505 0.589505 0.589505 0.589505 0.5579 0.589505 0.589505 0.589505 0.57684 0.589505 0.589505 0.399304 0.589505 0.589505 0.589505 0.589505 0.589505 0.589505 0.50701 0.589505 0.589505 0.395325 0.589505 0.589505 0.589505 0.589505 0.589505 0.589505 0.441234 0.589505 0.589505 0.394906 0.589505 0.589505 0.589505 0.589505 0.589505 0.589505 0.39 0.589505 0.589505 0.523677 0.589505 0.589505 0.589505 0.589505 0.589505 0.589505 0.390066 0.589505 0.589505 0.39028 0.589505 0.589505 0.589505 0.589505 0.589505 0.589505 0.560209 0.589505 0.589505 0.390003 0.589505 0.589505 0.589505 0.589505 0.589505 0.589505 0.39 0.589505 0.589505 0.392129 0.589505 0.589505 0.589505 0.589505 0.589505 0.589505 0.500601 0.589505 0.589505 0.585284 0.589505 0.589505 0.589505 0.589505 0.589505 0.589505 0.525906 0.589505 0.589505 0.390002 0.589505 0.589505 0.589505 0.589505 0.589505 0.589505 0.451614 0.589505 0.589505 0.577556 0.589505 0.589505 0.589505 0.589505 0.589505 0.589505 0.589505 0.589505 0.589505 0.589505 0.589505 0.589505 0.589505 0.589505 0.589505 0.589505 0.589505 0.589505 0.589505 0.589505 0.589505 0.589505 0.589505 0.589505 0.589505 0.589505 0.589505 0.589505 0.589505 0.589505 0.589505 0.589505 0.589505 0.589505 0.589505 0.589505 0.589505 0.589505 0.589505 0.589505 0.589505 0.589505 0.589505 0.589505 0.589505 0.589505 0.589505 0.589505 0.589505 0.589505 0.589505 0.589505 0.589505 0.589505 0.589505 0.589505 0.589505 0.589505 0.589505 0.589505 0.589505 0.589505 0.589505 0.589505 0.589505 0.589505 0.589505 0.589505 0.589505 0.589505 0.589505 0.589505 0.589505 0.589505 0.589505 0.589505 0.589505 0.589505 0.589505 0.589505 0.589505 0.589505 0.589505 0.589505 0.589505 0.589505 0.589505 0.589505 0.589505 0.589505 0.589505 0.589505 0.589505 0.589505 0.589505 0.589505 0.589505 0.589505 0.589505 0.589505 0.589505 0.589505 0.589505 0.589505 0.589505 0.589505 0.589505 0.589505 0.589505 0.589505 0.589505 0.589505 0.390023 0.589505 0.589505 0.589505 0.589505 0.589505 0.589505 0.589505 0.589505 0.589505 0.589295 0.589505 0.589505 0.589505 0.589505 0.589505 0.589505 0.589505 0.589505 0.589505 0.414823 0.589505 0.589505 0.589505 0.589505 0.589505 0.589505 0.589505 0.589505 0.589505 0.391945 0.589505 0.589505 0.589505 0.589505 0.589505 0.589505 0.589505 0.589505 0.589505 0.390013 0.589505 0.589505 0.589505 0.589505 0.589505 0.589505 0.589505 0.589505 0.589505 0.39 0.589505 0.589505 0.589505 0.589505 0.589505 0.589505 0.589505 0.589505 0.589505 0.390679 0.589505 0.589505 0.589505 0.589505 0.589505 0.589505 0.589505 0.589505 0.589505 0.39 0.589505 0.589505 0.589505 0.589505 0.589505 0.589505 0.589505 0.589505 0.589505 0.39 0.589505 0.589505 0.589505 0.589505 0.589505 0.589505 0.589505 0.589505 0.589505 0.39 0.589505 0.589505 0.589505 0.589505 0.589505 0.589505 0.589505 0.589505 0.589505 0.394663 0.589505 0.589505 0.589505 0.589505 0.589505 0.589505 0.589505 0.589505 0.589505 0.390095 0.589505 0.589505 0.589505 0.589505 0.589505 0.589505 0.589505 0.589505 0.589505 0.412695 0.589505 0.589505 0.589505 0.589505 0.589505 0.589505 0.589505 0.589505 0.589505 0.390003 0.589505 0.589505 0.589505 0.589505 0.589505 0.589505 0.589505 0.589505 0.589505 0.469187 0.589505 0.589505 0.589505 0.589505 0.589505 0.589505 0.589505 0.589505 0.589505 0.58798 0.589505 0.589505 0.589505 0.589505 0.589505 0.589505 0.589505 0.589505 0.589505 0.39 0.589505 0.589505 0.589505 0.589505 0.589505 0.589505 0.589505 0.589505 0.589505 0.392966 0.589505 0.589505 0.589505 0.589505 0.589505 0.589505 0.589505 0.589505 0.589505 0.588062 0.589505 0.589505 0.589505 0.589505 0.589505 0.589505 0.589505 0.589505 0.589505 0.576283 0.589505 0.589505 0.589505 0.583393 0.589505 0.589505 0.390006 0.589505 0.589505 0.589505 0.589505 0.589505 0.589505 0.39 0.589505 0.589505 0.390013 0.589505 0.589505 0.589505 0.589505 0.589505 0.589505 0.39 0.589505 0.589505 0.536797 0.589505 0.589505 0.589505 0.589505 0.589505 0.589505 0.39 0.589505 0.589505 0.578871 0.589505 0.589505 0.589505 0.589505 0.589505 0.589505 0.565623 0.589505 0.589505 0.574304 0.589505 0.589505 0.589505 0.589505 0.589505 0.589505 0.39 0.589505 0.589505 0.585857 0.589505 0.589505 0.589505 0.589505 0.589505 0.589505 0.390001 0.589505 0.589505 0.502148 0.589505 0.589505 0.589505 0.589505 0.589505 0.589505 0.390027 0.589505 0.589505 0.390051 0.589505 0.589505 0.589505 0.589505 0.589505 0.589505 0.528969 0.589505 0.589505 0.39 0.589505 0.589505 0.589505 0.589505 0.589505 0.589505 0.39142 0.589505 0.589505 0.561219 0.589505 0.589505 0.589505 0.589505 0.589505 0.589505 0.589505 0.589505 0.589505 0.589505 0.589505 0.589505 0.589505 0.589505 0.589505 0.589505 0.589505 0.589505 0.589505 0.589505 0.589505 0.589505 0.589505 0.589505 0.589505 0.589505 0.589505 0.589505 0.589505 0.589505 0.589505 0.589505 0.589505 0.589505 0.589505 0.589505 0.589505 0.589505 0.589505 0.589505 0.589505 0.589505 0.589505 0.589505 0.589505 0.589505 0.589505 0.589505 0.589505 0.589505 0.589505 0.589505 0.589505 0.589505 0.589505 0.589505 0.589505 0.589505 0.589505 0.589505 0.589505 0.589505 0.589505 0.589505 0.589505 0.589505 0.589505 0.589505 0.589505 0.589505 0.589505 0.589505 0.589505 0.589505 0.589505 0.589505 0.589505 0.589505 0.589505 0.589505 0.589505 0.589505 0.589505 0.589505 0.589505 0.589505 0.589505 0.589505 0.589505 0.589505 0.589505 0.589505 0.589505 0.589505 0.589505 0.589505 0.589505 0.589505 0.589505 0.589505 0.589505 0.589505 0.589505 0.589505 0.589505 0.589505 0.589505 0.589505 0.589505 0.589505 0.589505 0.589505 0.392695 0.589505 0.589505 0.589505 0.589505 0.589505 0.589505 0.589505 0.589505 0.589505 0.543058 0.589505 0.589505 0.589505 0.589505 0.589505 0.589505 0.589505 0.589505 0.589505 0.39 0.589505 0.589505 0.589505 0.589505 0.589505 0.589505 0.589505 0.589505 0.589505 0.56601 0.589505 0.589505 0.589505 0.589505 0.589505 0.589505 0.589505 0.589505 0.589505 0.390525 0.589505 0.589505 0.589505 0.589505 0.589505 0.589505 0.589505 0.589505 0.589505 0.403326 0.589505 0.589505 0.589505 0.589505 0.589505 0.589505 0.589505 0.589505 0.589505 0.439496 0.589505 0.589505 0.589505 0.589505 0.589505 0.589505 0.589505 0.589505 0.589505 0.39 0.589505 0.589505 0.589505 0.589505 0.589505 0.589505 0.589505 0.589505 0.589505 0.390118 0.589505 0.589505 0.589505 0.589505 0.589505 0.589505 0.589505 0.589505 0.589505 0.445899 0.589505 0.589505 0.589505 0.552766 0.589505 0.589505 0.487553 0.589505 0.589505 0.589505 0.589505 0.589505 0.589505 0.390703 0.589505 0.589505 0.508854 0.589505 0.589505 0.589505 0.589505 0.589505 0.589505 0.418888 0.589505 0.589505 0.390307 0.589505 0.589505 0.589505 0.589505 0.589505 0.589505 0.588167 0.589505 0.589505 0.574807 0.589505 0.589505 0.589505 0.589505 0.589505 0.589505 0.390021 0.589505 0.589505 0.584563 0.589505 0.589505 0.589505 0.589505 0.589505 0.589505 0.39 0.589505 0.589505 0.407196 0.589505 0.589505 0.589505 0.589505 0.589505 0.589505 0.588773 0.589505 0.589505 0.583119 0.589505 0.589505 0.589505 0.589505 0.589505 0.589505 0.413314 0.589505 0.589505 0.421948 0.589505 0.589505 0.589505 0.589505 0.589505 0.589505 0.582912 0.589505 0.589505 0.39 0.589505 0.589505 0.589505 0.589505 0.589505 0.589505 0.583257 0.589505 0.589505 0.399591 0.589505 0.589505 0.589505 0.589505 0.589505 0.589505 0.589505 0.589505 0.589505 0.589505 0.589505 0.589505 0.589505 0.589505 0.589505 0.589505 0.589505 0.589505 0.589505 0.589505 0.589505 0.589505 0.589505 0.589505 0.589505 0.589505 0.589505 0.589505 0.589505 0.589505 0.589505 0.589505 0.589505 0.589505 0.589505 0.589505 0.589505 0.589505 0.589505 0.589505 0.589505 0.589505 0.589505 0.589505 0.589505 0.589505 0.589505 0.589505 0.589505 0.589505 0.589505 0.589505 0.589505 0.589505 0.589505 0.589505 0.589505 0.589505 0.589505 0.589505 0.589505 0.589505 0.589505 0.589505 0.589505 0.589505 0.589505 0.589505 0.589505 0.589505 0.589505 0.589505 0.589505 0.589505 0.589505 0.589505 0.589505 0.589505 0.589505 0.589505 0.589505 0.589505 0.589505 0.589505 0.589505 0.589505 0.589505 0.589505 0.589505 0.589505 0.589505 0.589505 0.589505 0.589505 0.589505 0.589505 0.589505 0.589505 0.589505 0.589505 0.589505 0.589505 0.589505 0.589505 0.589505 0.589505 0.589505 0.589505 0.589505 0.589505 0.589505 0.589505 0.442696 0.589505 0.589505 0.589505 0.589505 0.589505 0.589505 0.589505 0.589505 0.589505 0.52693 0.589505 0.589505 0.589505 0.589505 0.589505 0.589505 0.589505 0.589505 0.589505 0.471996 0.589505 0.589505 0.589505 0.589505 0.589505 0.589505 0.589505 0.589505 0.589505 0.468215 0.589505 0.589505 0.589505 0.589505 0.589505 0.589505 0.589505 0.589505 0.589505 0.589262 0.589505 0.589505 0.589505 0.589505 0.589505 0.589505 0.589505 0.589505 0.589505 0.45648 0.589505 0.589505 0.589505 0.589505 0.589505 0.589505 0.589505 0.589505 0.589505 0.390548 0.589505 0.589505 0.589505 0.589505 0.589505 0.589505 0.589505 0.589505 0.589505 0.39 0.589505 0.589505 0.589505 0.589505 0.589505 0.589505 0.589505 0.589505 0.589505 0.577429 0.589505 0.589505 0.589505 0.589505 0.589505 0.589505 0.589505 0.589505 0.589505 0.579486 0.589505 0.589505 0.589505 0.390506 0.589505 0.589505 0.408444 0.589505 0.589505 0.589505 0.589505 0.589505 0.589505 0.47743 0.589505 0.589505 0.390004 0.589505 0.589505 0.589505 0.589505 0.589505 0.589505 0.390425 0.589505 0.589505 0.390038 0.589505 0.589505 0.589505 0.589505 0.589505 0.589505 0.585164 0.589505 0.589505 0.585827 0.589505 0.589505 0.589505 0.589505 0.589505 0.589505 0.39 0.589505 0.589505 0.586195 0.589505 0.589505 0.589505 0.589505 0.589505 0.589505 0.478159 0.589505 0.589505 0.39 0.589505 0.589505 0.589505 0.589505 0.589505 0.589505 0.391337 0.589505 0.589505 0.390655 0.589505 0.589505 0.589505 0.589505 0.589505 0.589505 0.390011 0.589505 0.589505 0.586431 0.589505 0.589505 0.589505 0.589505 0.589505 0.589505 0.583885 0.589505 0.589505 0.39 0.589505 0.589505 0.589505 0.589505 0.589505 0.589505 0.390004 0.589505 0.589505 0.497556 0.589505 0.589505 0.589505 0.589505 0.589505 0.589505 0.589505 0.589505 0.589505 0.589505 0.589505 0.589505 0.589505 0.589505 0.589505 0.589505 0.589505 0.589505 0.589505 0.589505 0.589505 0.589505 0.589505 0.589505 0.589505 0.589505 0.589505 0.589505 0.589505 0.589505 0.589505 0.589505 0.589505 0.589505 0.589505 0.589505 0.589505 0.589505 0.589505 0.589505 0.589505 0.589505 0.589505 0.589505 0.589505 0.589505 0.589505 0.589505 0.589505 0.589505 0.589505 0.589505 0.589505 0.589505 0.589505 0.589505 0.589505 0.589505 0.589505 0.589505 0.589505 0.589505 0.589505 0.589505 0.589505 0.589505 0.589505 0.589505 0.589505 0.589505 0.589505 0.589505 0.589505 0.589505 0.589505 0.589505 0.589505 0.589505 0.589505 0.589505 0.589505 0.589505 0.589505 0.589505 0.589505 0.589505 0.589505 0.589505 0.589505 0.589505 0.589505 0.589505 0.589505 0.589505 0.589505 0.589505 0.589505 0.589505 0.589505 0.589505 0.589505 0.589505 0.589505 0.589505 0.589505 0.589505 0.589505 0.589505 0.589505 0.589505 0.589505 0.589505 0.39 0.589505 0.589505 0.589505 0.589505 0.589505 0.589505 0.589505 0.589505 0.589505 0.39 0.589505 0.589505 0.589505 0.589505 0.589505 0.589505 0.589505 0.589505 0.589505 0.500975 0.589505 0.589505 0.589505 0.589505 0.589505 0.589505 0.589505 0.589505 0.589505 0.39 0.589505 0.589505 0.589505 0.589505 0.589505 0.589505 0.589505 0.589505 0.589505 0.561211 0.589505 0.589505 0.589505 0.589505 0.589505 0.589505 0.589505 0.589505 0.589505 0.588176 0.589505 0.589505 0.589505 0.589505 0.589505 0.589505 0.589505 0.589505 0.589505 0.397953 0.589505 0.589505 0.589505 0.589505 0.589505 0.589505 0.589505 0.589505 0.589505 0.390003 0.589505 0.589505 0.589505 0.589505 0.589505 0.589505 0.589505 0.589505 0.589505 0.39 0.589505 0.589505 0.589505 0.589505 0.589505 0.589505 0.589505 0.589505 0.589505 0.586214 0.589505 0.589505 0.589505 0.589505 0.589505 0.589505 0.589505 0.589505 0.589505 0.460214 0.589505 0.589505 0.589505 0.589505 0.589505 0.589505 0.589505 0.589505 0.589505 0.497693 0.589505 0.589505 0.589505 0.589505 0.589505 0.589505 0.589505 0.589505 0.589505 0.403981 0.589505 0.589505 0.589505 0.589505 0.589505 0.589505 0.589505 0.589505 0.589505 0.491627 0.589505 0.589505 0.589505 0.589505 0.589505 0.589505 0.589505 0.589505 0.589505 0.39 0.589505 0.589505 0.589505 0.589505 0.589505 0.589505 0.589505 0.589505 0.589505 0.39 0.589505 0.589505 0.589505 0.589505 0.589505 0.589505 0.589505 0.589505 0.589505 0.390067 0.589505 0.589505 0.589505 0.589505 0.589505 0.589505 0.589505 0.589505 0.589505 0.568122 0.589505 0.589505 0.589505 0.589505 0.589505 0.589505 0.589505 0.589505 0.589505 0.390005 0.589505 0.589505 0.589505 0.589505 0.589505 0.589505 0.589505 0.589505 0.589505 0.390006 0.589505 0.589505 0.589505 0.528085 0.589505 0.589505 0.569443 0.589505 0.589505 0.589505 0.589505 0.589505 0.589505 0.589153 0.589505 0.589505 0.39 0.589505 0.589505 0.589505 0.589505 0.589505 0.589505 0.390063 0.589505 0.589505 0.39 0.589505 0.589505 0.589505 0.589505 0.589505 0.589505 0.39 0.589505 0.589505 0.390053 0.589505 0.589505 0.589505 0.589505 0.589505 0.589505 0.39 0.589505 0.589505 0.587981 0.589505 0.589505 0.589505 0.589505 0.589505 0.589505 0.51234 0.589505 0.589505 0.583735 0.589505 0.589505 0.589505 0.589505 0.589505 0.589505 0.545365 0.589505 0.589505 0.390629 0.589505 0.589505 0.589505 0.589505 0.589505 0.589505 0.588336 0.589505 0.589505 0.39 0.589505 0.589505 0.589505 0.589505 0.589505 0.589505 0.395082 0.589505 0.589505 0.541352 0.589505 0.589505 0.589505 0.589505 0.589505 0.589505 0.586886 0.589505 0.589505 0.559931 0.589505 0.589505 0.589505 0.589505 0.589505 0.589505 0.589505 0.589505 0.589505 0.589505 0.589505 0.589505 0.589505 0.589505 0.589505 0.589505 0.589505 0.589505 0.589505 0.589505 0.589505 0.589505 0.589505 0.589505 0.589505 0.589505 0.589505 0.589505 0.589505 0.589505 0.589505 0.589505 0.589505 0.589505 0.589505 0.589505 0.589505 0.589505 0.589505 0.589505 0.589505 0.589505 0.589505 0.589505 0.589505 0.589505 0.589505 0.589505 0.589505 0.589505 0.589505 0.589505 0.589505 0.589505 0.589505 0.589505 0.589505 0.589505 0.589505 0.589505 0.589505 0.589505 0.589505 0.589505 0.589505 0.589505 0.589505 0.589505 0.589505 0.589505 0.589505 0.589505 0.589505 0.589505 0.589505 0.589505 0.589505 0.589505 0.589505 0.589505 0.589505 0.589505 0.589505 0.589505 0.589505 0.589505 0.589505 0.589505 0.589505 0.589505 0.589505 0.589505 0.589505 0.589505 0.589505 0.589505 0.589505 0.589505 0.589505 0.589505 0.589505 0.589505 0.589505 0.589505 0.589505 0.589505 0.589505 0.589505 0.589505 0.589505 0.589505 0.589505 0.39 0.589505 0.589505 0.589505 0.589505 0.589505 0.589505 0.589505 0.589505 0.589505 0.585927 0.589505 0.589505 0.589505 0.589505 0.589505 0.589505 0.589505 0.589505 0.589505 0.39 0.589505 0.589505 0.589505 0.589505 0.589505 0.589505 0.589505 0.589505 0.589505 0.570617 0.589505 0.589505 0.589505 0.589505 0.589505 0.589505 0.589505 0.589505 0.589505 0.589164 0.589505 0.589505 0.589505 0.589505 0.589505 0.589505 0.589505 0.589505 0.589505 0.564577 0.589505 0.589505 0.589505 0.589505 0.589505 0.589505 0.589505 0.589505 0.589505 0.58102 0.589505 0.589505 0.589505 0.589505 0.589505 0.589505 0.589505 0.589505 0.589505 0.519268 0.589505 0.589505 0.589505 0.589505 0.589505 0.589505 0.589505 0.589505 0.589505 0.400451 0.589505 0.589505 0.589505 0.589505 0.589505 0.589505 0.589505 0.589505 0.589505 0.39 0.589505 0.589505 0.589505 0.39 0.589505 0.589505 0.414284 0.589505 0.589505 0.589505 0.589505 0.589505 0.589505 0.390001 0.589505 0.589505 0.390001 0.589505 0.589505 0.589505 0.589505 0.589505 0.589505 0.39 0.589505 0.589505 0.588231 0.589505 0.589505 0.589505 0.589505 0.589505 0.589505 0.391069 0.589505 0.589505 0.39 0.589505 0.589505 0.589505 0.589505 0.589505 0.589505 0.39 0.589505 0.589505 0.495941 0.589505 0.589505 0.589505 0.589505 0.589505 0.589505 0.39 0.589505 0.589505 0.490602 0.589505 0.589505 0.589505 0.589505 0.589505 0.589505 0.39 0.589505 0.589505 0.39 0.589505 0.589505 0.589505 0.589505 0.589505 0.589505 0.528478 0.589505 0.589505 0.39 0.589505 0.589505 0.589505 0.589505 0.589505 0.589505 0.430914 0.589505 0.589505 0.39 0.589505 0.589505 0.589505 0.589505 0.589505 0.589505 0.526902 0.589505 0.589505 0.584744 0.589505 0.589505 0.589505 0.589505 0.589505 0.589505 0.589505 0.589505 0.589505 0.589505 0.589505 0.589505 0.589505 0.589505 0.589505 0.589505 0.589505 0.589505 0.589505 0.589505 0.589505 0.589505 0.589505 0.589505 0.589505 0.589505 0.589505 0.589505 0.589505 0.589505 0.589505 0.589505 0.589505 0.589505 0.589505 0.589505 0.589505 0.589505 0.589505 0.589505 0.589505 0.589505 0.589505 0.589505 0.589505 0.589505 0.589505 0.589505 0.589505 0.589505 0.589505 0.589505 0.589505 0.589505 0.589505 0.589505 0.589505 0.589505 0.589505 0.589505 0.589505 0.589505 0.589505 0.589505 0.589505 0.589505 0.589505 0.589505 0.589505 0.589505 0.589505 0.589505 0.589505 0.589505 0.589505 0.589505 0.589505 0.589505 0.589505 0.589505 0.589505 0.589505 0.589505 0.589505 0.589505 0.589505 0.589505 0.589505 0.589505 0.589505 0.589505 0.589505 0.589505 0.589505 0.589505 0.589505 0.589505 0.589505 0.589505 0.589505 0.589505 0.589505 0.589505 0.589505 0.589505 0.589505 0.589505 0.589505 0.589505 0.589505 0.589505 0.589505 0.456228 0.589505 0.589505 0.589505 0.589505 0.589505 0.589505 0.589505 0.589505 0.589505 0.39 0.589505 0.589505 0.589505 0.589505 0.589505 0.589505 0.589505 0.589505 0.589505 0.390017 0.589505 0.589505 0.589505 0.589505 0.589505 0.589505 0.589505 0.589505 0.589505 0.401987 0.589505 0.589505 0.589505 0.589505 0.589505 0.589505 0.589505 0.589505 0.589505 0.390156 0.589505 0.589505 0.589505 0.589505 0.589505 0.589505 0.589505 0.589505 0.589505 0.44989 0.589505 0.589505 0.589505 0.589505 0.589505 0.589505 0.589505 0.589505 0.589505 0.391055 0.589505 0.589505 0.589505 0.589505 0.589505 0.589505 0.589505 0.589505 0.589505 0.39 0.589505 0.589505 0.589505 0.589505 0.589505 0.589505 0.589505 0.589505 0.589505 0.396623 0.589505 0.589505 0.589505 0.589505 0.589505 0.589505 0.589505 0.589505 0.589505 0.395721 0.589505 0.589505 0.589505 0.589064 0.589505 0.589505 0.499645 0.589505 0.589505 0.589505 0.589505 0.589505 0.589505 0.39 0.589505 0.589505 0.39 0.589505 0.589505 0.589505 0.589505 0.589505 0.589505 0.528425 0.589505 0.589505 0.39 0.589505 0.589505 0.589505 0.589505 0.589505 0.589505 0.39 0.589505 0.589505 0.390813 0.589505 0.589505 0.589505 0.589505 0.589505 0.589505 0.39 0.589505 0.589505 0.390232 0.589505 0.589505 0.589505 0.589505 0.589505 0.589505 0.405175 0.589505 0.589505 0.490287 0.589505 0.589505 0.589505 0.589505 0.589505 0.589505 0.39 0.589505 0.589505 0.541026 0.589505 0.589505 0.589505 0.589505 0.589505 0.589505 0.39 0.589505 0.589505 0.587648 0.589505 0.589505 0.589505 0.589505 0.589505 0.589505 0.40116 0.589505 0.589505 0.390004 0.589505 0.589505 0.589505 0.589505 0.589505 0.589505 0.390017 0.589505 0.589505 0.39 0.589505 0.589505 0.589505 0.589505 0.589505 0.589505 0.589505 0.589505 0.589505 0.589505 0.589505 0.589505 0.589505 0.589505 0.589505 0.589505 0.589505 0.589505 0.589505 0.589505 0.589505 0.589505 0.589505 0.589505 0.589505 0.589505 0.589505 0.589505 0.589505 0.589505 0.589505 0.589505 0.589505 0.589505 0.589505 0.589505 0.589505 0.589505 0.589505 0.589505 0.589505 0.589505 0.589505 0.589505 0.589505 0.589505 0.589505 0.589505 0.589505 0.589505 0.589505 0.589505 0.589505 0.589505 0.589505 0.589505 0.589505 0.589505 0.589505 0.589505 0.589505 0.589505 0.589505 0.589505 0.589505 0.589505 0.589505 0.589505 0.589505 0.589505 0.589505 0.589505 0.589505 0.589505 0.589505 0.589505 0.589505 0.589505 0.589505 0.589505 0.589505 0.589505 0.589505 0.589505 0.589505 0.589505 0.589505 0.589505 0.589505 0.589505 0.589505 0.589505 0.589505 0.589505 0.589505 0.589505 0.589505 0.589505 0.589505 0.589505 0.589505 0.589505 0.589505 0.589505 0.589505 0.589505 0.589505 0.589505 0.589505 0.589505 0.589505 0.589505 0.490065 0.589505 0.589505 0.589505 0.589505 0.589505 0.589505 0.589505 0.589505 0.589505 0.397408 0.589505 0.589505 0.589505 0.589505 0.589505 0.589505 0.589505 0.589505 0.589505 0.390309 0.589505 0.589505 0.589505 0.589505 0.589505 0.589505 0.589505 0.589505 0.589505 0.39 0.589505 0.589505 0.589505 0.589505 0.589505 0.589505 0.589505 0.589505 0.589505 0.585919 0.589505 0.589505 0.589505 0.589505 0.589505 0.589505 0.589505 0.589505 0.589505 0.422589 0.589505 0.589505 0.589505 0.589505 0.589505 0.589505 0.589505 0.589505 0.589505 0.406411 0.589505 0.589505 0.589505 0.589505 0.589505 0.589505 0.589505 0.589505 0.589505 0.588155 0.589505 0.589505 0.589505 0.589505 0.589505 0.589505 0.589505 0.589505 0.589505 0.397322 0.589505 0.589505 0.589505 0.589505 0.589505 0.589505 0.589505 0.589505 0.589505 0.39 0.589505 0.589505 0.589505 0.589505 0.589505 0.589505 0.589505 0.589505 0.589505 0.393039 0.589505 0.589505 0.589505 0.589505 0.589505 0.589505 0.589505 0.589505 0.589505 0.39 0.589505 0.589505 0.589505 0.589505 0.589505 0.589505 0.589505 0.589505 0.589505 0.584337 0.589505 0.589505 0.589505 0.589505 0.589505 0.589505 0.589505 0.589505 0.589505 0.390001 0.589505 0.589505 0.589505 0.589505 0.589505 0.589505 0.589505 0.589505 0.589505 0.544938 0.589505 0.589505 0.589505 0.589505 0.589505 0.589505 0.589505 0.589505 0.589505 0.390081 0.589505 0.589505 0.589505 0.589505 0.589505 0.589505 0.589505 0.589505 0.589505 0.563272 0.589505 0.589505 0.589505 0.589505 0.589505 0.589505 0.589505 0.589505 0.589505 0.39 0.589505 0.589505 0.589505 0.589505 0.589505 0.589505 0.589505 0.589505 0.589505 0.587925 0.589505 0.589505 0.589505 0.589505 0.589505 0.589505 0.589505 0.589505 0.589505 0.538782 0.589505 0.589505 0.589505 0.413428 0.589505 0.589505 0.390145 0.589505 0.589505 0.589505 0.589505 0.589505 0.589505 0.564758 0.589505 0.589505 0.39 0.589505 0.589505 0.589505 0.589505 0.589505 0.589505 0.476596 0.589505 0.589505 0.39 0.589505 0.589505 0.589505 0.589505 0.589505 0.589505 0.390072 0.589505 0.589505 0.390697 0.589505 0.589505 0.589505 0.589505 0.589505 0.589505 0.588508 0.589505 0.589505 0.39 0.589505 0.589505 0.589505 0.589505 0.589505 0.589505 0.482202 0.589505 0.589505 0.390804 0.589505 0.589505 0.589505 0.589505 0.589505 0.589505 0.390019 0.589505 0.589505 0.39 0.589505 0.589505 0.589505 0.589505 0.589505 0.589505 0.410647 0.589505 0.589505 0.441451 0.589505 0.589505 0.589505 0.589505 0.589505 0.589505 0.39004 0.589505 0.589505 0.391434 0.589505 0.589505 0.589505 0.589505 0.589505 0.589505 0.39001 0.589505 0.589505 0.582692 0.589505 0.589505 0.589505 0.589505 0.589505 0.589505 0.589505 0.589505 0.589505 0.589505 0.589505 0.589505 0.589505 0.589505 0.589505 0.589505 0.589505 0.589505 0.589505 0.589505 0.589505 0.589505 0.589505 0.589505 0.589505 0.589505 0.589505 0.589505 0.589505 0.589505 0.589505 0.589505 0.589505 0.589505 0.589505 0.589505 0.589505 0.589505 0.589505 0.589505 0.589505 0.589505 0.589505 0.589505 0.589505 0.589505 0.589505 0.589505 0.589505 0.589505 0.589505 0.589505 0.589505 0.589505 0.589505 0.589505 0.589505 0.589505 0.589505 0.589505 0.589505 0.589505 0.589505 0.589505 0.589505 0.589505 0.589505 0.589505 0.589505 0.589505 0.589505 0.589505 0.589505 0.589505 0.589505 0.589505 0.589505 0.589505 0.589505 0.589505 0.589505 0.589505 0.589505 0.589505 0.589505 0.589505 0.589505 0.589505 0.589505 0.589505 0.589505 0.589505 0.589505 0.589505 0.589505 0.589505 0.589505 0.589505 0.589505 0.589505 0.589505 0.589505 0.589505 0.589505 0.589505 0.589505 0.589505 0.589505 0.589505 0.589505 0.589505 0.589505 0.547262 0.589505 0.589505 0.589505 0.589505 0.589505 0.589505 0.589505 0.589505 0.589505 0.525418 0.589505 0.589505 0.589505 0.589505 0.589505 0.589505 0.589505 0.589505 0.589505 0.39 0.589505 0.589505 0.589505 0.589505 0.589505 0.589505 0.589505 0.589505 0.589505 0.585105 0.589505 0.589505 0.589505 0.589505 0.589505 0.589505 0.589505 0.589505 0.589505 0.405401 0.589505 0.589505 0.589505 0.589505 0.589505 0.589505 0.589505 0.589505 0.589505 0.390547 0.589505 0.589505 0.589505 0.589505 0.589505 0.589505 0.589505 0.589505 0.589505 0.569894 0.589505 0.589505 0.589505 0.589505 0.589505 0.589505 0.589505 0.589505 0.589505 0.39 0.589505 0.589505 0.589505 0.589505 0.589505 0.589505 0.589505 0.589505 0.589505 0.587178 0.589505 0.589505 0.589505 0.589505 0.589505 0.589505 0.589505 0.589505 0.589505 0.584615 0.589505 0.589505 0.589505 0.426683 0.589505 0.589505 0.552449 0.589505 0.589505 0.589505 0.589505 0.589505 0.589505 0.39 0.589505 0.589505 0.400707 0.589505 0.589505 0.589505 0.589505 0.589505 0.589505 0.390118 0.589505 0.589505 0.39 0.589505 0.589505 0.589505 0.589505 0.589505 0.589505 0.39 0.589505 0.589505 0.439319 0.589505 0.589505 0.589505 0.589505 0.589505 0.589505 0.585854 0.589505 0.589505 0.390001 0.589505 0.589505 0.589505 0.589505 0.589505 0.589505 0.560112 0.589505 0.589505 0.406794 0.589505 0.589505 0.589505 0.589505 0.589505 0.589505 0.566317 0.589505 0.589505 0.490518 0.589505 0.589505 0.589505 0.589505 0.589505 0.589505 0.577743 0.589505 0.589505 0.522079 0.589505 0.589505 0.589505 0.589505 0.589505 0.589505 0.39 0.589505 0.589505 0.555108 0.589505 0.589505 0.589505 0.589505 0.589505 0.589505 0.390146 0.589505 0.589505 0.39 0.589505 0.589505 0.589505 0.589505 0.589505 0.589505 0.589505 0.589505 0.589505 0.589505 0.589505 0.589505 0.589505 0.589505 0.589505 0.589505 0.589505 0.589505 0.589505 0.589505 0.589505 0.589505 0.589505 0.589505 0.589505 0.589505 0.589505 0.589505 0.589505 0.589505 0.589505 0.589505 0.589505 0.589505 0.589505 0.589505 0.589505 0.589505 0.589505 0.589505 0.589505 0.589505 0.589505 0.589505 0.589505 0.589505 0.589505 0.589505 0.589505 0.589505 0.589505 0.589505 0.589505 0.589505 0.589505 0.589505 0.589505 0.589505 0.589505 0.589505 0.589505 0.589505 0.589505 0.589505 0.589505 0.589505 0.589505 0.589505 0.589505 0.589505 0.589505 0.589505 0.589505 0.589505 0.589505 0.589505 0.589505 0.589505 0.589505 0.589505 0.589505 0.589505 0.589505 0.589505 0.589505 0.589505 0.589505 0.589505 0.589505 0.589505 0.589505 0.589505 0.589505 0.589505 0.589505 0.589505 0.589505 0.589505 0.589505 0.589505 0.589505 0.589505 0.589505 0.589505 0.589505 0.589505 0.589505 0.589505 0.589505 0.589505 0.589505 0.589505 0.587925 0.589505 0.589505 0.589505 0.589505 0.589505 0.589505 0.589505 0.589505 0.589505 0.524673 0.589505 0.589505 0.589505 0.589505 0.589505 0.589505 0.589505 0.589505 0.589505 0.390432 0.589505 0.589505 0.589505 0.589505 0.589505 0.589505 0.589505 0.589505 0.589505 0.391813 0.589505 0.589505 0.589505 0.589505 0.589505 0.589505 0.589505 0.589505 0.589505 0.390006 0.589505 0.589505 0.589505 0.589505 0.589505 0.589505 0.589505 0.589505 0.589505 0.391427 0.589505 0.589505 0.589505 0.589505 0.589505 0.589505 0.589505 0.589505 0.589505 0.512083 0.589505 0.589505 0.589505 0.589505 0.589505 0.589505 0.589505 0.589505 0.589505 0.568258 0.589505 0.589505 0.589505 0.589505 0.589505 0.589505 0.589505 0.589505 0.589505 0.390079 0.589505 0.589505 0.589505 0.589505 0.589505 0.589505 0.589505 0.589505 0.589505 0.39 0.589505 0.589505 0.589505 0.39 0.589505 0.589505 0.585548 0.589505 0.589505 0.589505 0.589505 0.589505 0.589505 0.392612 0.589505 0.589505 0.58912 0.589505 0.589505 0.589505 0.589505 0.589505 0.589505 0.39 0.589505 0.589505 0.573234 0.589505 0.589505 0.589505 0.589505 0.589505 0.589505 0.39 0.589505 0.589505 0.588079 0.589505 0.589505 0.589505 0.589505 0.589505 0.589505 0.475932 0.589505 0.589505 0.390026 0.589505 0.589505 0.589505 0.589505 0.589505 0.589505 0.512285 0.589505 0.589505 0.39 0.589505 0.589505 0.589505 0.589505 0.589505 0.589505 0.390061 0.589505 0.589505 0.39 0.589505 0.589505 0.589505 0.589505 0.589505 0.589505 0.391464 0.589505 0.589505 0.587084 0.589505 0.589505 0.589505 0.589505 0.589505 0.589505 0.390851 0.589505 0.589505 0.39 0.589505 0.589505 0.589505 0.589505 0.589505 0.589505 0.390012 0.589505 0.589505 0.39 0.589505 0.589505 0.589505 0.589505 0.589505 0.589505 0.589505 0.589505 0.589505 0.589505 0.589505 0.589505 0.589505 0.589505 0.589505 0.589505 0.589505 0.589505 0.589505 0.589505 0.589505 0.589505 0.589505 0.589505 0.589505 0.589505 0.589505 0.589505 0.589505 0.589505 0.589505 0.589505 0.589505 0.589505 0.589505 0.589505 0.589505 0.589505 0.589505 0.589505 0.589505 0.589505 0.589505 0.589505 0.589505 0.589505 0.589505 0.589505 0.589505 0.589505 0.589505 0.589505 0.589505 0.589505 0.589505 0.589505 0.589505 0.589505 0.589505 0.589505 0.589505 0.589505 0.589505 0.589505 0.589505 0.589505 0.589505 0.589505 0.589505 0.589505 0.589505 0.589505 0.589505 0.589505 0.589505 0.589505 0.589505 0.589505 0.589505 0.589505 0.589505 0.589505 0.589505 0.589505 0.589505 0.589505 0.589505 0.589505 0.589505 0.589505 0.589505 0.589505 0.589505 0.589505 0.589505 0.589505 0.589505 0.589505 0.589505 0.589505 0.589505 0.589505 0.589505 0.589505 0.589505 0.589505 0.589505 0.589505 0.589505 0.589505 0.589505 0.589505 0.570829 0.589505 0.589505 0.589505 0.589505 0.589505 0.589505 0.589505 0.589505 0.589505 0.414511 0.589505 0.589505 0.589505 0.589505 0.589505 0.589505 0.589505 0.589505 0.589505 0.588951 0.589505 0.589505 0.589505 0.589505 0.589505 0.589505 0.589505 0.589505 0.589505 0.537667 0.589505 0.589505 0.589505 0.589505 0.589505 0.589505 0.589505 0.589505 0.589505 0.39 0.589505 0.589505 0.589505 0.589505 0.589505 0.589505 0.589505 0.589505 0.589505 0.390003 0.589505 0.589505 0.589505 0.589505 0.589505 0.589505 0.589505 0.589505 0.589505 0.39004 0.589505 0.589505 0.589505 0.589505 0.589505 0.589505 0.589505 0.589505 0.589505 0.39 0.589505 0.589505 0.589505 0.589505 0.589505 0.589505 0.589505 0.589505 0.589505 0.390343 0.589505 0.589505 0.589505 0.589505 0.589505 0.589505 0.589505 0.589505 0.589505 0.586744 0.589505 0.589505 

</Matrix>
   <Matrix name="ratesHistory" type="complete" rows="11" columns="10000" multiplier="1.0">
   0 0 0 0 0 0 0 0 0 0 0 0 0 0 0 0 0 0 0 0 0 0 0 0 0 0 0 0 0 0 0 0 0 0 0 0 0 0 0 0 0 0 0 0 0 0 0 0 0 0 0 0 0 0 0 0 0 0 0 0 0 0 0 0 0 0 0 0 0 0 0 0 0 0 0 0 0 0 0 0 0 0 0 0 0 0 0 0 0 0 0 0 0 0 0 0 0 0 0 0 0 0 0 0 0 0 0 0 0 0 0 0 0 0 0 0 0 0 0 0 0 0 0 0 0 0 0 0 0 0 0 0 0 0 0 0 0 0 0 0 0 0 0 0 0 0 0 0 0 0 0 0 0 0 0 0 0 0 0 0 0 0 0 0 0 0 0 0 0 0 0 0 0 0 0 0 0 0 0 0 0 0 0 0 0 0 0 0 0 0 0 0 0 0 0 0 0 0 0 0 0 0 0 0 0 0 0 0 0 0 0 0 0 0 0 0 0 0 0 0 0 0 0 0 0 0 0 0 0 0 0 0 0 0 0 0 0 0 0 0 0 0 0 0 0 0 0 0 0 0 0 0 0 0 0 0 0 0 0 0 0 0 0 0 0 0 0 0 0 0 0 0 0 0 0 0 0 0 0 0 0 0 0 0 0 0 0 0 0 0 0 0 0 0 0 0 0 0 0 0 0 0 0 0 0 0 0 0 0 0 0 0 0 0 0 0 0 0 0 0 0 0 0 0 0 0 0 0 0 0 0 0 0 0 0 0 0 0 0 0 0 0 0 0 0 0 0 0 0 0 0 0 0 0 0 0 0 0 0 0 0 0 0 0 0 0 0 0 0 0 0 0 0 0 0 0 0 0 0 0 0 0 0 0 0 0 0 0 0 0 0 0 0 0 0 0 0 0 0 0 0 0 0 0 0 0 0 0 0 0 0 0 0 0 0 0 0 0 0 0 0 0 0 0 0 0 0 0 0 0 0 0 0 0 0 0 0 0 0 0 0 0 0 0 0 0 0 0 0 0 0 0 0 0 0 0 0 0 0 0 0 0 0 0 0 0 0 0 0 0 0 0 0 0 0 0 0 0 0 0 0 0 0 0 0 0 0 0 0 0 0 0 0 0 0 0 0 0 0 0 0 0 0 0 0 0 0 0 0 0 0 0 0 0 0 0 0 0 0 0 0 0 0 0 0 0 0 0 0 0 0 0 0 0 0 0 0 0 0 0 0 0 0 0 0 0 0 0 0 0 0 0 0 0 0 0 0 0 0 0 0 0 0 0 0 0 0 0 0 0 0 0 0 0 0 0 0 0 0 0 0 0 0 0 0 0 0 0 0 0 0 0 0 0 0 0 0 0 0 0 0 0 0 0 0 0 0 0 0 0 0 0 0 0 0 0 0 0 0 0 0 0 0 0 0 0 0 0 0 0 0 0 0 0 0 0 0 0 0 0 0 0 0 0 0 0 0 0 0 0 0 0 0 0 0 0 0 0 0 0 0 0 0 0 0 0 0 0 0 0 0 0 0 0 0 0 0 0 0 0 0 0 0 0 0 0 0 0 0 0 0 0 0 0 0 0 0 0 0 0 0 0 0 0 0 0 0 0 0 0 0 0 0 0 0 0 0 0 0 0 0 0 0 0 0 0 0 0 0 0 0 0 0 0 0 0 0 0 0 0 0 0 0 0 0 0 0 0 0 0 0 0 0 0 0 0 0 0 0 0 0 0 0 0 0 0 0 0 0 0 0 0 0 0 0 0 0 0 0 0 0 0 0 0 0 0 0 0 0 0 0 0 0 0 0 0 0 0 0 0 0 0 0 0 0 0 0 0 0 0 0 0 0 0 0 0 0 0 0 0 0 0 0 0 0 0 0 0 0 0 0 0 0 0 0 0 0 0 0 0 0 0 0 0 0 0 0 0 0 0 0 0 0 0 0 0 0 0 0 0 0 0 0 0 0 0 0 0 0 0 0 0 0 0 0 0 0 0 0 0 0 0 0 0 0 0 0 0 0 0 0 0 0 0 0 0 0 0 0 0 0 0 0 0 0 0 0 0 0 0 0 0 0 0 0 0 0 0 0 0 0 0 0 0 0 0 0 0 0 0 0 0 0 0 0 0 0 0 0 0 0 0 0 0 0 0 0 0 0 0 0 0 0 0 0 0 0 0 0 0 0 0 0 0 0 0 0 0 0 0 0 0 0 0 0 0 0 0 0 0 0 0 0 0 0 0 0 0 0 0 0 0 0 0 0 0 0 0 0 0 0 0 0 0 0 0 0 0 0 0 0 0 0 0 0 0 0 0 0 0 0 0 0 0 0 0 0 0 0 0 0 0 0 0 0 0 0 0 0 0 0 0 0 0 0 0 0 0 0 0 0 0 0 0 0 0 0 0 0 0 0 0 0 0 0 0 0 0 0 0 0 0 0 0 0 0 0 0 0 0 0 0 0 0 0 0 0 0 0 0 0 0 0 0 0 0 0 0 0 0 0 0 0 0 0 0 0 0 0 0 0 0 0 0 0 0 0 0 0 0 0 0 0 0 0 0 0 0 0 0 0 0 0 0 0 0 0 0 0 0 0 0 0 0 0 0 0 0 0 0 0 0 0 0 0 0 0 0 0 0 0 0 0 0 0 0 0 0 0 0 0 0 0 0 0 0 0 0 0 0 0 0 0 0 0 0 0 0 0 0 0 0 0 0 0 0 0 0 0 0 0 0 0 0 0 0 0 0 0 0 0 0 0 0 0 0 0 0 0 0 0 0 0 0 0 0 0 0 0 0 0 0 0 0 0 0 0 0 0 0 0 0 0 0 0 0 0 0 0 0 0 0 0 0 0 0 0 0 0 0 0 0 0 0 0 0 0 0 0 0 0 0 0 0 0 0 0 0 0 0 0 0 0 0 0 0 0 0 0 0 0 0 0 0 0 0 0 0 0 0 0 0 0 0 0 0 0 0 0 0 0 0 0 0 0 0 0 0 0 0 0 0 0 0 0 0 0 0 0 0 0 0 0 0 0 0 0 0 0 0 0 0 0 0 0 0 0 0 0 0 0 0 0 0 0 0 0 0 0 0 0 0 0 0 0 0 0 0 0 0 0 0 0 0 0 0 0 0 0 0 0 0 0 0 0 0 0 0 0 0 0 0 0 0 0 0 0 0 0 0 0 0 0 0 0 0 0 0 0 0 0 0 0 0 0 0 0 0 0 0 0 0 0 0 0 0 0 0 0 0 0 0 0 0 0 0 0 0 0 0 0 0 0 0 0 0 0 0 0 0 0 0 0 0 0 0 0 0 0 0 0 0 0 0 0 0 0 0 0 0 0 0 0 0 0 0 0 0 0 0 0 0 0 0 0 0 0 0 0 0 0 0 0 0 0 0 0 0 0 0 0 0 0 0 0 0 0 0 0 0 0 0 0 0 0 0 0 0 0 0 0 0 0 0 0 0 0 0 0 0 0 0 0 0 0 0 0 0 0 0 0 0 0 0 0 0 0 0 0 0 0 0 0 0 0 0 0 0 0 0 0 0 0 0 0 0 0 0 0 0 0 0 0 0 0 0 0 0 0 0 0 0 0 0 0 0 0 0 0 0 0 0 0 0 0 0 0 0 0 0 0 0 0 0 0 0 0 0 0 0 0 0 0 0 0 0 0 0 0 0 0 0 0 0 0 0 0 0 0 0 0 0 0 0 0 0 0 0 0 0 0 0 0 0 0 0 0 0 0 0 0 0 0 0 0 0 0 0 0 0 0 0 0 0 0 0 0 0 0 0 0 0 0 0 0 0 0 0 0 0 0 0 0 0 0 0 0 0 0 0 0 0 0 0 0 0 0 0 0 0 0 0 0 0 0 0 0 0 0 0 0 0 0 0 0 0 0 0 0 0 0 0 0 0 0 0 0 0 0 0 0 0 0 0 0 0 0 0 0 0 0 0 0 0 0 0 0 0 0 0 0 0 0 0 0 0 0 0 0 0 0 0 0 0 0 0 0 0 0 0 0 0 0 0 0 0 0 0 0 0 0 0 0 0 0 0 0 0 0 0 0 0 0 0 0 0 0 0 0 0 0 0 0 0 0 0 0 0 0 0 0 0 0 0 0 0 0 0 0 0 0 0 0 0 0 0 0 0 0 0 0 0 0 0 0 0 0 0 0 0 0 0 0 0 0 0 0 0 0 0 0 0 0 0 0 0 0 0 0 0 0 0 0 0 0 0 0 0 0 0 0 0 0 0 0 0 0 0 0 0 0 0 0 0 0 0 0 0 0 0 0 0 0 0 0 0 0 0 0 0 0 0 0 0 0 0 0 0 0 0 0 0 0 0 0 0 0 0 0 0 0 0 0 0 0 0 0 0 0 0 0 0 0 0 0 0 0 0 0 0 0 0 0 0 0 0 0 0 0 0 0 0 0 0 0 0 0 0 0 0 0 0 0 0 0 0 0 0 0 0 0 0 0 0 0 0 0 0 0 0 0 0 0 0 0 0 0 0 0 0 0 0 0 0 0 0 0 0 0 0 0 0 0 0 0 0 0 0 0 0 0 0 0 0 0 0 0 0 0 0 0 0 0 0 0 0 0 0 0 0 0 0 0 0 0 0 0 0 0 0 0 0 0 0 0 0 0 0 0 0 0 0 0 0 0 0 0 0 0 0 0 0 0 0 0 0 0 0 0 0 0 0 0 0 0 0 0 0 0 0 0 0 0 0 0 0 0 0 0 0 0 0 0 0 0 0 0 0 0 0 0 0 0 0 0 0 0 0 0 0 0 0 0 0 0 0 0 0 0 0 0 0 0 0 0 0 0 0 0 0 0 0 0 0 0 0 0 0 0 0 0 0 0 0 0 0 0 0 0 0 0 0 0 0 0 0 0 0 0 0 0 0 0 0 0 0 0 0 0 0 0 0 0 0 0 0 0 0 0 0 0 0 0 0 0 0 0 0 0 0 0 0 0 0 0 0 0 0 0 0 0 0 0 0 0 0 0 0 0 0 0 0 0 0 0 0 0 0 0 0 0 0 0 0 0 0 0 0 0 0 0 0 0 0 0 0 0 0 0 0 0 0 0 0 0 0 0 0 0 0 0 0 0 0 0 0 0 0 0 0 0 0 0 0 0 0 0 0 0 0 0 0 0 0 0 0 0 0 0 0 0 0 0 0 0 0 0 0 0 0 0 0 0 0 0 0 0 0 0 0 0 0 0 0 0 0 0 0 0 0 0 0 0 0 0 0 0 0 0 0 0 0 0 0 0 0 0 0 0 0 0 0 0 0 0 0 0 0 0 0 0 0 0 0 0 0 0 0 0 0 0 0 0 0 0 0 0 0 0 0 0 0 0 0 0 0 0 0 0 0 0 0 0 0 0 0 0 0 0 0 0 0 0 0 0 0 0 0 0 0 0 0 0 0 0 0 0 0 0 0 0 0 0 0 0 0 0 0 0 0 0 0 0 0 0 0 0 0 0 0 0 0 0 0 0 0 0 0 0 0 0 0 0 0 0 0 0 0 0 0 0 0 0 0 0 0 0 0 0 0 0 0 0 0 0 0 0 0 0 0 0 0 0 0 0 0 0 0 0 0 0 0 0 0 0 0 0 0 0 0 0 0 0 0 0 0 0 0 0 0 0 0 0 0 0 0 0 0 0 0 0 0 0 0 0 0 0 0 0 0 0 0 0 0 0 0 0 0 0 0 0 0 0 0 0 0 0 0 0 0 0 0 0 0 0 0 0 0 0 0 0 0 0 0 0 0 0 0 0 0 0 0 0 0 0 0 0 0 0 0 0 0 0 0 0 0 0 0 0 0 0 0 0 0 0 0 0 0 0 0 0 0 0 0 0 0 0 0 0 0 0 0 0 0 0 0 0 0 0 0 0 0 0 0 0 0 0 0 0 0 0 0 0 0 0 0 0 0 0 0 0 0 0 0 0 0 0 0 0 0 0 0 0 0 0 0 0 0 0 0 0 0 0 0 0 0 0 0 0 0 0 0 0 0 0 0 0 0 0 0 0 0 0 0 0 0 0 0 0 0 0 0 0 0 0 0 0 0 0 0 0 0 0 0 0 0 0 0 0 0 0 0 0 0 0 0 0 0 0 0 0 0 0 0 0 0 0 0 0 0 0 0 0 0 0 0 0 0 0 0 0 0 0 0 0 0 0 0 0 0 0 0 0 0 0 0 0 0 0 0 0 0 0 0 0 0 0 0 0 0 0 0 0 0 0 0 0 0 0 0 0 0 0 0 0 0 0 0 0 0 0 0 0 0 0 0 0 0 0 0 0 0 0 0 0 0 0 0 0 0 0 0 0 0 0 0 0 0 0 0 0 0 0 0 0 0 0 0 0 0 0 0 0 0 0 0 0 0 0 0 0 0 0 0 0 0 0 0 0 0 0 0 0 0 0 0 0 0 0 0 0 0 0 0 0 0 0 0 0 0 0 0 0 0 0 0 0 0 0 0 0 0 0 0 0 0 0 0 0 0 0 0 0 0 0 0 0 0 0 0 0 0 0 0 0 0 0 0 0 0 0 0 0 0 0 0 0 0 0 0 0 0 0 0 0 0 0 0 0 0 0 0 0 0 0 0 0 0 0 0 0 0 0 0 0 0 0 0 0 0 0 0 0 0 0 0 0 0 0 0 0 0 0 0 0 0 0 0 0 0 0 0 0 0 0 0 0 0 0 0 0 0 0 0 0 0 0 0 0 0 0 0 0 0 0 0 0 0 0 0 0 0 0 0 0 0 0 0 0 0 0 0 0 0 0 0 0 0 0 0 0 0 0 0 0 0 0 0 0 0 0 0 0 0 0 0 0 0 0 0 0 0 0 0 0 0 0 0 0 0 0 0 0 0 0 0 0 0 0 0 0 0 0 0 0 0 0 0 0 0 0 0 0 0 0 0 0 0 0 0 0 0 0 0 0 0 0 0 0 0 0 0 0 0 0 0 0 0 0 0 0 0 0 0 0 0 0 0 0 0 0 0 0 0 0 0 0 0 0 0 0 0 0 0 0 0 0 0 0 0 0 0 0 0 0 0 0 0 0 0 0 0 0 0 0 0 0 0 0 0 0 0 0 0 0 0 0 0 0 0 0 0 0 0 0 0 0 0 0 0 0 0 0 0 0 0 0 0 0 0 0 0 0 0 0 0 0 0 0 0 0 0 0 0 0 0 0 0 0 0 0 0 0 0 0 0 0 0 0 0 0 0 0 0 0 0 0 0 0 0 0 0 0 0 0 0 0 0 0 0 0 0 0 0 0 0 0 0 0 0 0 0 0 0 0 0 0 0 0 0 0 0 0 0 0 0 0 0 0 0 0 0 0 0 0 0 0 0 0 0 0 0 0 0 0 0 0 0 0 0 0 0 0 0 0 0 0 0 0 0 0 0 0 0 0 0 0 0 0 0 0 0 0 0 0 0 0 0 0 0 0 0 0 0 0 0 0 0 0 0 0 0 0 0 0 0 0 0 0 0 0 0 0 0 0 0 0 0 0 0 0 0 0 0 0 0 0 0 0 0 0 0 0 0 0 0 0 0 0 0 0 0 0 0 0 0 0 0 0 0 0 0 0 0 0 0 0 0 0 0 0 0 0 0 0 0 0 0 0 0 0 0 0 0 0 0 0 0 0 0 0 0 0 0 0 0 0 0 0 0 0 0 0 0 0 0 0 0 0 0 0 0 0 0 0 0 0 0 0 0 0 0 0 0 0 0 0 0 0 0 0 0 0 0 0 0 0 0 0 0 0 0 0 0 0 0 0 0 0 0 0 0 0 0 0 0 0 0 0 0 0 0 0 0 0 0 0 0 0 0 0 0 0 0 0 0 0 0 0 0 0 0 0 0 0 0 0 0 0 0 0 0 0 0 0 0 0 0 0 0 0 0 0 0 0 0 0 0 0 0 0 0 0 0 0 0 0 0 0 0 0 0 0 0 0 0 0 0 0 0 0 0 0 0 0 0 0 0 0 0 0 0 0 0 0 0 0 0 0 0 0 0 0 0 0 0 0 0 0 0 0 0 0 0 0 0 0 0 0 0 0 0 0 0 0 0 0 0 0 0 0 0 0 0 0 0 0 0 0 0 0 0 0 0 0 0 0 0 0 0 0 0 0 0 0 0 0 0 0 0 0 0 0 0 0 0 0 0 0 0 0 0 0 0 0 0 0 0 0 0 0 0 0 0 0 0 0 0 0 0 0 0 0 0 0 0 0 0 0 0 0 0 0 0 0 0 0 0 0 0 0 0 0 0 0 0 0 0 0 0 0 0 0 0 0 0 0 0 0 0 0 0 0 0 0 0 0 0 0 0 0 0 0 0 0 0 0 0 0 0 0 0 0 0 0 0 0 0 0 0 0 0 0 0 0 0 0 0 0 0 0 0 0 0 0 0 0 0 0 0 0 0 0 0 0 0 0 0 0 0 0 0 0 0 0 0 0 0 0 0 0 0 0 0 0 0 0 0 0 0 0 0 0 0 0 0 0 0 0 0 0 0 0 0 0 0 0 0 0 0 0 0 0 0 0 0 0 0 0 0 0 0 0 0 0 0 0 0 0 0 0 0 0 0 0 0 0 0 0 0 0 0 0 0 0 0 0 0 0 0 0 0 0 0 0 0 0 0 0 0 0 0 0 0 0 0 0 0 0 0 0 0 0 0 0 0 0 0 0 0 0 0 0 0 0 0 0 0 0 0 0 0 0 0 0 0 0 0 0 0 0 0 0 0 0 0 0 0 0 0 0 0 0 0 0 0 0 0 0 0 0 0 0 0 0 0 0 0 0 0 0 0 0 0 0 0 0 0 0 0 0 0 0 0 0 0 0 0 0 0 0 0 0 0 0 0 0 0 0 0 0 0 0 0 0 0 0 0 0 0 0 0 0 0 0 0 0 0 0 0 0 0 0 0 0 0 0 0 0 0 0 0 0 0 0 0 0 0 0 0 0 0 0 0 0 0 0 0 0 0 0 0 0 0 0 0 0 0 0 0 0 0 0 0 0 0 0 0 0 0 0 0 0 0 0 0 0 0 0 0 0 0 0 0 0 0 0 0 0 0 0 0 0 0 0 0 0 0 0 0 0 0 0 0 0 0 0 0 0 0 0 0 0 0 0 0 0 0 0 0 0 0 0 0 0 0 0 0 0 0 0 0 0 0 0 0 0 0 0 0 0 0 0 0 0 0 0 0 0 0 0 0 0 0 0 0 0 0 0 0 0 0 0 0 0 0 0 0 0 0 0 0 0 0 0 0 0 0 0 0 0 0 0 0 0 0 0 0 0 0 0 0 0 0 0 0 0 0 0 0 0 0 0 0 0 0 0 0 0 0 0 0 0 0 0 0 0 0 0 0 0 0 0 0 0 0 0 0 0 0 0 0 0 0 0 0 0 0 0 0 0 0 0 0 0 0 0 0 0 0 0 0 0 0 0 0 0 0 0 0 0 0 0 0 0 0 0 0 0 0 0 0 0 0 0 0 0 0 0 0 0 0 0 0 0 0 0 0 0 0 0 0 0 0 0 0 0 0 0 0 0 0 0 0 0 0 0 0 0 0 0 0 0 0 0 0 0 0 0 0 0 0 0 0 0 0 0 0 0 0 0 0 0 0 0 0 0 0 0 0 0 0 0 0 0 0 0 0 0 0 0 0 0 0 0 0 0 0 0 0 0 0 0 0 0 0 0 0 0 0 0 0 0 0 0 0 0 0 0 0 0 0 0 0 0 0 0 0 0 0 0 0 0 0 0 0 0 0 0 0 0 0 0 0 0 0 0 0 0 0 0 0 0 0 0 0 0 0 0 0 0 0 0 0 0 0 0 0 0 0 0 0 0 0 0 0 0 0 0 0 0 0 0 0 0 0 0 0 0 0 0 0 0 0 0 0 0 0 0 0 0 0 0 0 0 0 0 0 0 0 0 0 0 0 0 0 0 0 0 0 0 0 0 0 0 0 0 0 0 0 0 0 0 0 0 0 0 0 0 0 0 0 0 0 0 0 0 0 0 0 0 0 0 0 0 0 0 0 0 0 0 0 0 0 0 0 0 0 0 0 0 0 0 0 0 0 0 0 0 0 0 0 0 0 0 0 0 0 0 0 0 0 0 0 0 0 0 0 0 0 0 0 0 0 0 0 0 0 0 0 0 0 0 0 0 0 0 0 0 0 0 0 0 0 0 0 0 0 0 0 0 0 0 0 0 0 0 0 0 0 0 0 0 0 0 0 0 0 0 0 0 0 0 0 0 0 0 0 0 0 0 0 0 0 0 0 0 0 0 0 0 0 0 0 0 0 0 0 0 0 0 0 0 0 0 0 0 0 0 0 0 0 0 0 0 0 0 0 0 0 0 0 0 0 0 0 0 0 0 0 0 0 0 0 0 0 0 0 0 0 0 0 0 0 0 0 0 0 0 0 0 0 0 0 0 0 0 0 0 0 0 0 0 0 0 0 0 0 0 0 0 0 0 0 0 0 0 0 0 0 0 0 0 0 0 0 0 0 0 0 0 0 0 0 0 0 0 0 0 0 0 0 0 0 0 0 0 0 0 0 0 0 0 0 0 0 0 0 0 0 0 0 0 0 0 0 0 0 0 0 0 0 0 0 0 0 0 0 0 0 0 0 0 0 0 0 0 0 0 0 0 0 0 0 0 0 0 0 0 0 0 0 0 0 0 0 0 0 0 0 0 0 0 0 0 0 0 0 0 0 0 0 0 0 0 0 0 0 0 0 0 0 0 0 0 0 0 0 0 0 0 0 0 0 0 0 0 0 0 0 0 0 0 0 0 0 0 0 0 0 0 0 0 0 0 0 0 0 0 0 0 0 0 0 0 0 0 0 0 0 0 0 0 0 0 0 0 0 0 0 0 0 0 0 0 0 0 0 0 0 0 0 0 0 0 0 0 0 0 0 0 0 0 0 0 0 0 0 0 0 0 0 0 0 0 0 0 0 0 0 0 0 0 0 0 0 0 0 0 0 0 0 0 0 0 0 0 0 0 0 0 0 0 0 0 0 0 0 0 0 0 0 0 0 0 0 0 0 0 0 0 0 0 0 0 0 0 0 0 0 0 0 0 0 0 0 0 0 0 0 0 0 0 0 0 0 0 0 0 0 0 0 0 0 0 0 0 0 0 0 0 0 0 0 0 0 0 0 0 0 0 0 0 0 0 0 0 0 0 0 0 0 0 0 0 0 0 0 0 0 0 0 0 0 0 0 0 0 0 0 0 0 0 0 0 0 0 0 0 0 0 0 0 0 0 0 0 0 0 0 0 0 0 0 0 0 0 0 0 0 0 0 0 0 0 0 0 0 0 0 0 0 0 0 0 0 0 0 0 0 0 0 0 0 0 0 0 0 0 0 0 0 0 0 0 0 0 0 0 0 0 0 0 0 0 0 0 0 0 0 0 0 0 0 0 0 0 0 0 0 0 0 0 0 0 0 0 0 0 0 0 0 0 0 0 0 0 0 0 0 0 0 0 0 0 0 0 0 0 0 0 0 0 0 0 0 0 0 0 0 0 0 0 0 0 0 0 0 0 0 0 0 0 0 0 0 0 0 0 0 0 0 0 0 0 0 0 0 0 0 0 0 0 0 0 0 0 0 0 0 0 0 0 0 0 0 0 0 0 0 0 0 0 0 0 0 0 0 0 0 0 0 0 0 0 0 0 0 0 0 0 0 0 0 0 0 0 0 0 0 0 0 0 0 0 0 0 0 0 0 0 0 0 0 0 0 0 0 0 0 0 0 0 0 0 0 0 0 0 0 0 0 0 0 0 0 0 0 0 0 0 0 0 0 0 0 0 0 0 0 0 0 0 0 0 0 0 0 0 0 0 0 0 0 0 0 0 0 0 0 0 0 0 0 0 0 0 0 0 0 0 0 0 0 0 0 0 0 0 0 0 0 0 0 0 0 0 0 0 0 0 0 0 0 0 0 0 0 0 0 0 0 0 0 0 0 0 0 0 0 0 0 0 0 0 0 0 0 0 0 0 0 0 0 0 0 0 0 0 0 0 0 0 0 0 0 0 0 0 0 0 0 0 0 0 0 0 0 0 0 0 0 0 0 0 0 0 0 0 0 0 0 0 0 0 0 0 0 0 0 0 0 0 0 0 0 0 0 0 0 0 0 0 0 0 0 0 0 0 0 0 0 0 0 0 0 0 0 0 0 0 0 0 0 0 0 0 0 0 0 0 0 0 0 0 0 0 0 0 0 0 0 0 0 0 0 0 0 0 0 0 0 0 0 0 0 0 0 0 0 0 0 0 0 0 0 0 0 0 0 0 0 0 0 0 0 0 0 0 0 0 0 0 0 0 0 0 0 0 0 0 0 0 0 0 0 0 0 0 0 0 0 0 0 0 0 0 0 0 0 0 0 0 0 0 0 0 0 0 0 0 0 0 0 0 0 0 0 0 0 0 0 0 0 0 0 0 0 0 0 0 0 0 0 0 0 0 0 0 0 0 0 0 0 0 0 0 0 0 0 0 0 0 0 0 0 0 0 0 0 0 0 0 0 0 0 0 0 0 0 0 0 0 0 0 0 0 0 0 0 0 0 0 0 0 0 0 0 0 0 0 0 0 0 0 0 0 0 0 0 0 0 0 0 0 0 0 0 0 0 0 0 0 0 0 0 0 0 0 0 0 0 0 0 0 0 0 0 0 0 0 0 0 0 0 0 0 0 0 0 0 0 0 0 0 0 0 0 0 0 0 0 0 0 0 0 0 0 0 0 0 0 0 0 0 0 0 0 0 0 0 0 0 0 0 0 0 0 0 0 0 0 0 0 0 0 0 0 0 0 0 0 0 0 0 0 0 0 0 0 0 0 0 0 0 0 0 0 0 0 0 0 0 0 0 0 0 0 0 0 0 0 0 0 0 0 0 0 0 0 0 0 0 0 0 0 0 0 0 0 0 0 0 0 0 0 0 0 0 0 0 0 0 0 0 0 0 0 0 0 0 0 0 0 0 0 0 0 0 0 0 0 0 0 0 0 0 0 0 0 0 0 0 0 0 0 0 0 0 0 0 0 0 0 0 0 0 0 0 0 0 0 0 0 0 0 0 0 0 0 0 0 0 0 0 0 0 0 0 0 0 0 0 0 0 0 0 0 0 0 0 0 0 0 0 0 0 0 0 0 0 0 0 0 0 0 0 0 0 0 0 0 0 0 0 0 0 0 0 0 0 0 0 0 0 0 0 0 0 0 0 0 0 0 0 0 0 0 0 0 0 0 0 0 0 0 0 0 0 0 0 0 0 0 0 0 0 0 0 0 0 0 0 0 0 0 0 0 0 0 0 0 0 0 0 0 0 0 0 0 0 0 0 0 0 0 0 0 0 0 0 0 0 0 0 0 0 0 0 0 0 0 0 0 0 0 0 0 0 0 0 0 0 0 0 0 0 0 0 0 0 0 0 0 0 0 0 0 0 0 0 0 0 0 0 0 0 0 0 0 0 0 0 0 0 0 0 0 0 0 0 0 0 0 0 0 0 0 0 0 0 0 0 0 0 0 0 0 0 0 0 0 0 0 0 0 0 0 0 0 0 0 0 0 0 0 0 0 0 0 0 0 0 0 0 0 0 0 0 0 0 0 0 0 0 0 0 0 0 0 0 0 0 0 0 0 0 0 0 0 0 0 0 0 0 0 0 0 0 0 0 0 0 0 0 0 0 0 0 0 0 0 0 0 0 0 0 0 0 0 0 0 0 0 0 0 0 0 0 0 0 0 0 0 0 0 0 0 0 0 0 0 0 0 0 0 0 0 0 0 0 0 0 0 0 0 0 0 0 0 0 0 0 0 0 0 0 0 0 0 0 0 0 0 0 0 0 0 0 0 0 0 0 0 0 0 0 0 0 0 0 0 0 0 0 0 0 0 0 0 0 0 0 0 0 0 0 0 0 0 0 0 0 0 0 0 0 0 0 0 0 0 0 0 0 0 0 0 0 0 0 0 0 0 0 0 0 0 0 0 0 0 0 0 0 0 0 0 0 0 0 0 0 0 0 0 0 0 0 0 0 0 0 0 0 0 0 0 0 0 0 0 0 0 0 0 0 0 0 0 0 0 0 0 0 0 0 0 0 0 0 0 0 0 0 0 0 0 0 0 0 0 0 0 0 0 0 0 0 0 0 0 0 0 0 0 0 0 0 0 0 0 0 0 0 0 0 0 0 0 0 0 0 0 0 0 0 0 0 0 0 0 0 0 0 0 0 0 0 0 0 0 0 0 0 0 0 0 0 0 0 0 0 0 0 0 0 0 0 0 0 0 0 0 0 0 0 0 0 0 0 0 0 0 0 0 0 0 0 0 0 0 0 0 0 0 0 0 0 0 0 0 0 0 0 0 0 0 0 0 0 0 0 0 0 0 0 0 0 0 0 0 0 0 0 0 0 0 0 0 0 0 0 0 0 0 0 0 0 0 0 0 0 0 0 0 0 0 0 0 0 0 0 0 0 0 0 0 0 0 0 0 0 0 0 0 0 0 0 0 0 0 0 0 0 0 0 0 0 0 0 0 0 0 0 0 0 0 0 0 0 0 0 0 0 0 0 0 0 0 0 0 0 0 0 0 0 0 0 0 0 0 0 0 0 0 0 0 0 0 0 0 0 0 0 0 0 0 0 0 0 0 0 0 0 0 0 0 0 0 0 0 0 0 0 0 0 0 0 0 0 0 0 0 0 0 0 0 0 0 0 0 0 0 0 0 0 0 0 0 0 0 0 0 0 0 0 0 0 0 0 0 0 0 0 0 0 0 0 0 0 0 0 0 0 0 0 0 0 0 0 0 0 0 0 0 0 0 0 0 0 0 0 0 0 0 0 0 0 0 0 0 0 0 0 0 0 0 0 0 0 0 0 0 0 0 0 0 0 0 0 0 0 0 0 0 0 0 0 0 0 0 0 0 0 0 0 0 0 0 0 0 0 0 0 0 0 0 0 0 0 0 0 0 0 0 0 0 0 0 0 0 0 0 0 0 0 0 0 0 0 0 0 0 0 0 0 0 0 0 0 0 0 0 0 0 0 0 0 0 0 0 0 0 0 0 0 0 0 0 0 0 0 0 0 0 0 0 0 0 0 0 0 0 0 0 0 0 0 0 0 0 0 0 0 0 0 0 0 0 0 0 0 0 0 0 0 0 0 0 0 0 0 0 0 0 0 0 0 0 0 0 0 0 0 0 0 0 0 0 0 0 0 0 0 0 0 0 0 0 0 0 0 0 0 0 0 0 0 0 0 0 0 0 0 0 0 0 0 0 0 0 0 0 0 0 0 0 0 0 0 0 0 0 0 0 0 0 0 0 0 0 0 0 0 0 0 0 0 0 0 0 0 0 0 0 0 0 0 0 0 0 0 0 0 0 0 0 0 0 0 0 0 0 0 0 0 0 0 0 0 0 0 0 0 0 0 0 0 0 0 0 0 0 0 0 0 0 0 0 0 0 0 0 0 0 0 0 0 0 0 0 0 0 0 0 0 0 0 0 0 0 0 0 0 0 0 0 0 0 0 0 0 0 0 0 0 0 0 0 0 0 0 0 0 0 0 0 0 0 0 0 0 0 0 0 0 0 0 0 0 0 0 0 0 0 0 0 0 0 0 0 0 0 0 0 0 0 0 0 0 0 0 0 0 0 0 0 0 0 0 0 0 0 0 0 0 0 0 0 0 0 0 0 0 0 0 0 0 0 0 0 0 0 0 0 0 0 0 0 0 0 0 0 0 0 0 0 0 0 0 0 0 0 0 0 0 0 0 0 0 0 0 0 0 0 0 0 0 0 0 0 0 0 0 0 0 0 0 0 0 0 0 0 0 0 0 0 0 0 0 0 0 0 0 0 0 0 0 0 0 0 0 0 0 0 0 0 0 0 0 0 0 0 0 0 0 0 0 0 0 0 0 0 0 0 0 0 0 0 0 0 0 0 0 0 0 0 0 0 0 0 0 0 0 0 0 0 0 0 0 0 0 0 0 0 0 0 0 0 0 0 0 0 0 0 0 0 0 0 0 0 0 0 0 0 0 0 0 0 0 0 0 0 0 0 0 0 0 0 0 0 0 0 0 0 0 0 0 0 0 0 0 0 0 0 0 0 0 0 0 0 0 0 0 0 0 0 0 0 0 0 0 0 0 0 0 0 0 0 0 0 0 0 0 0 0 0 0 0 0 0 0 0 0 0 0 0 0 0 0 0 0 0 0 0 0 0 0 0 0 0 0 0 0 0 0 0 0 0 0 0 0 0 0 0 0 0 0 0 0 0 0 0 0 0 0 0 0 0 0 0 0 0 0 0 0 0 0 0 0 0 0 0 0 0 0 0 0 0 0 0 0 0 0 0 0 0 0 0 0 0 0 0 0 0 0 0 0 0 0 0 0 0 0 0 0 0 0 0 0 0 0 0 0 0 0 0 0 0 0 0 0 0 0 0 0 0 0 0 0 0 0 0 0 0 0 0 0 0 0 0 0 0 0 0 0 0 0 0 0 0 0 0 0 0 0 0 0 0 0 0 0 0 0 0 0 0 0 0 0 0 0 0 0 0 0 0 0 0 0 0 0 0 0 0 0 0 0 0 0 0 0 0 0 0 0 0 0 0 0 0 0 0 0 0 0 0 0 0 0 0 0 0 0 0 0 0 0 0 0 0 0 0 0 0 0 0 0 0 0 0 0 0 0 0 0 0 0 0 0 0 0 0 0 0 0 0 0 0 0 0 0 0 0 0 0 0 0 0 0 0 0 0 0 0 0 0 0 0 0 0 0 0 0 0 0 0 0 0 0 0 0 0 0 0 0 0 0 0 0 0 0 0 0 0 0 0 0 0 0 0 0 0 0 0 0 0 0 0 0 0 0 0 0 0 0 0 0 0 0 0 0 0 0 0 0 0 0 0 0 0 0 0 0 0 0 0 0 0 0 0 0 0 0 0 0 0 0 0 0 0 0 0 0 0 0 0 0 0 0 0 0 0 0 0 0 0 0 0 0 0 0 0 0 0 0 0 0 0 0 0 0 0 0 0 0 0 0 0 0 0 0 0 0 0 0 0 0 0 0 0 0 0 0 0 0 0 0 0 0 0 0 0 0 0 0 0 0 0 0 0 0 0 0 0 0 0 0 0 0 0 0 0 0 0 0 0 0 0 0 0 0 0 0 0 0 0 0 0 0 0 0 0 0 0 0 0 0 0 0 0 0 0 0 0 0 0 0 0 0 0 0 0 0 0 0 0 0 0 0 0 0 0 0 0 0 0 0 0 0 0 0 0 0 0 0 0 0 0 0 0 0 0 0 0 0 0 0 0 0 0 0 0 0 0 0 0 0 0 0 0 0 0 0 0 0 0 0 0 0 0 0 0 0 0 0 0 0 0 0 0 0 0 0 0 0 0 0 0 0 0 0 0 0 0 0 0 0 0 0 0 0 0 0 0 0 0 0 0 0 0 0 0 0 0 0 0 0 0 0 0 0 0 0 0 0 0 0 0 0 0 0 0 0 0 0 0 0 0 0 0 0 0 0 0 0 0 0 0 0 0 0 0 0 0 0 0 0 0 0 0 0 0 0 0 0 0 0 0 0 0 0 0 0 0 0 0 0 0 0 0 0 0 0 0 0 0 0 0 0 0 0 0 0 0 0 0 0 0 0 0 0 0 0 0 0 0 0 0 0 0 0 0 0 0 0 0 0 0 0 0 0 0 0 0 0 0 0 0 0 0 0 0 0 0 0 0 0 0 0 0 0 0 0 0 0 0 0 0 0 0 0 0 0 0 0 0 0 0 0 0 0 0 0 0 0 0 0 0 0 0 0 0 0 0 0 0 0 0 0 0 0 0 0 0 0 0 0 0 0 0 0 0 0 0 0 0 0 0 0 0 0 0 0 0 0 0 0 0 0 0 0 0 0 0 0 0 0 0 0 0 0 0 0 0 0 0 0 0 0 0 0 0 0 0 0 0 0 0 0 0 0 0 0 0 0 0 0 0 0 0 0 0 0 0 0 0 0 0 0 0 0 0 0 0 0 0 0 0 0 0 0 0 0 0 0 0 0 0 0 0 0 0 0 0 0 0 0 0 0 0 0 0 0 0 0 0 0 0 0 0 0 0 0 0 0 0 0 0 0 0 0 0 0 0 0 0 0 0 0 0 0 0 0 0 0 0 0 0 0 0 0 0 0 0 0 0 0 0 0 0 0 0 0 0 0 0 0 0 0 0 0 0 0 0 0 0 0 0 0 0 0 0 0 0 0 0 0 0 0 0 0 0 0 0 0 0 0 0 0 0 0 0 0 0 0 0 0 0 0 0 0 0 0 0 0 0 0 0 0 0 0 0 0 0 0 0 0 0 0 0 0 0 0 0 0 0 0 0 0 0 0 0 0 0 0 0 0 0 0 0 0 0 0 0 0 0 0 0 0 0 0 0 0 0 0 0 0 0 0 0 0 0 0 0 0 0 0 0 0 0 0 0 0 0 0 0 0 0 0 0 0 0 0 0 0 0 0 0 0 0 0 0 0 0 0 0 0 0 0 0 0 0 0 0 0 0 0 0 0 0 0 0 0 0 0 0 0 0 0 0 0 0 0 0 0 0 0 0 0 0 0 0 0 0 0 0 0 0 0 0 0 0 0 0 0 0 0 0 0 0 0 0 0 0 0 0 0 0 0 0 0 0 0 0 0 0 0 0 0 0 0 0 0 0 0 0 0 0 0 0 0 0 0 0 0 0 0 0 0 0 0 0 0 0 0 0 0 0 0 0 0 0 0 0 0 0 0 0 0 0 0 0 0 0 0 0 0 0 0 0 0 0 0 0 0 0 0 0 0 0 0 0 0 0 0 0 0 0 0 0 0 0 0 0 0 0 0 0 0 0 0 0 0 0 0 0 0 0 0 0 0 0 0 0 0 0 0 0 0 0 0 0 0 0 0 0 0 0 0 0 0 0 0 0 0 0 0 0 0 0 0 0 0 0 0 0 0 0 0 0 0 0 0 0 0 0 0 0 0 0 0 0 0 0 0 0 0 0 0 0 0 0 0 0 0 0 0 0 0 0 0 0 0 0 0 0 0 0 0 0 0 0 0 0 0 0 0 0 0 0 0 0 0 0 0 0 0 0 0 0 0 0 0 0 0 0 0 0 0 0 0 0 0 0 0 0 0 0 0 0 0 0 0 0 0 0 0 0 0 0 0 0 0 0 0 0 0 0 0 0 0 0 0 0 0 0 0 0 0 0 0 0 0 0 0 0 0 0 0 0 0 0 0 0 0 0 0 0 0 0 0 0 0 0 0 0 0 0 0 0 0 0 0 0 0 0 0 0 0 0 0 0 0 0 0 0 0 0 0 0 0 0 0 0 0 0 0 0 0 0 0 0 0 0 0 0 0 0 0 0 0 0 0 0 0 0 0 0 0 0 0 0 0 0 0 0 0 0 0 0 0 0 0 0 0 0 0 0 0 0 0 0 0 0 0 0 0 0 0 0 0 0 0 0 0 0 0 0 0 0 0 0 0 0 0 0 0 0 0 0 0 0 0 0 0 0 0 0 0 0 0 0 0 0 0 0 0 0 0 0 0 0 0 0 0 0 0 0 0 0 0 0 0 0 0 0 0 0 0 0 0 0 0 0 0 0 0 0 0 0 0 0 0 0 0 0 0 0 0 0 0 0 0 0 0 0 0 0 0 0 0 0 0 0 0 0 0 0 0 0 0 0 0 0 0 0 0 0 0 0 0 0 0 0 0 0 0 0 0 0 0 0 0 0 0 0 0 0 0 0 0 0 0 0 0 0 0 0 0 0 0 0 0 0 0 0 0 0 0 0 0 0 0 0 0 0 0 0 0 0 0 0 0 0 0 0 0 0 0 0 0 0 0 0 0 0 0 0 0 0 0 0 0 0 0 0 0 0 0 0 0 0 0 0 0 0 0 0 0 0 0 0 0 0 0 0 0 0 0 0 0 0 0 0 0 0 0 0 0 0 0 0 0 0 0 0 0 0 0 0 0 0 0 0 0 0 0 0 0 0 0 0 0 0 0 0 0 0 0 0 0 0 0 0 0 0 0 0 0 0 0 0 0 0 0 0 0 0 0 0 0 0 0 0 0 0 0 0 0 0 0 0 0 0 0 0 0 0 0 0 0 0 0 0 0 0 0 0 0 0 0 0 0 0 0 0 0 0 0 0 0 0 0 0 0 0 0 0 0 0 0 0 0 0 0 0 0 0 0 0 0 0 0 0 0 0 0 0 0 0 0 0 0 0 0 0 0 0 0 0 0 0 0 0 0 0 0 0 0 0 0 0 0 0 0 0 0 0 0 0 0 0 0 0 0 0 0 0 0 0 0 0 0 0 0 0 0 0 0 0 0 0 0 0 0 0 0 0 0 0 0 0 0 0 0 0 0 0 0 0 0 0 0 0 0 0 0 0 0 0 0 0 0 0 0 0 0 0 0 0 0 0 0 0 0 0 0 0 0 0 0 0 0 0 0 0 0 0 0 0 0 0 0 0 0 0 0 0 0 0 0 0 0 0 0 0 0 0 0 0 0 0 0 0 0 0 0 0 0 0 0 0 0 0 0 0 0 0 0 0 0 0 0 0 0 0 0 0 0 0 0 0 0 0 0 0 0 0 0 0 0 0 0 0 0 0 0 0 0 0 0 0 0 0 0 0 0 0 0 0 0 0 0 0 0 0 0 0 0 0 0 0 0 0 0 0 0 0 0 0 0 0 0 0 0 0 0 0 0 0 0 0 0 0 0 0 0 0 0 0 0 0 0 0 0 0 0 0 0 0 0 0 0 0 0 0 0 0 0 0 0 0 0 0 0 0 0 0 0 0 0 0 0 0 0 0 0 0 0 0 0 0 0 0 0 0 0 0 0 0 0 0 0 0 0 0 0 0 0 0 0 0 0 0 0 0 0 0 0 0 0 0 0 0 0 0 0 0 0 0 0 0 0 0 0 0 0 0 0 0 0 0 0 0 0 0 0 0 0 0 0 0 0 0 0 0 0 0 0 0 0 0 0 0 0 0 0 0 0 0 0 0 0 0 0 0 0 0 0 0 0 0 0 0 0 0 0 0 0 0 0 0 0 0 0 0 0 0 0 0 0 0 0 0 0 0 0 0 0 0 0 0 0 0 0 0 0 0 0 0 0 0 0 0 0 0 0 0 0 0 0 0 0 0 0 0 0 0 0 0 0 0 0 0 0 0 0 0 0 0 0 0 0 0 0 0 0 0 0 0 0 0 0 0 0 0 0 0 0 0 0 0 0 0 0 0 0 0 0 0 0 0 0 0 0 0 0 0 0 0 0 0 0 0 0 0 0 0 0 0 0 0 0 0 0 0 0 0 0 0 0 0 0 0 0 0 0 0 0 0 0 0 0 0 0 0 0 0 0 0 0 0 0 0 0 0 0 0 0 0 0 0 0 0 0 0 0 0 0 0 0 0 0 0 0 0 0 0 0 0 0 0 0 0 0 0 0 0 0 0 0 0 0 0 0 0 0 0 0 0 0 0 0 0 0 0 0 0 0 0 0 0 0 0 0 0 0 0 0 0 0 0 0 0 0 0 0 0 0 0 0 0 0 0 0 0 0 0 0 0 0 0 0 0 0 0 0 0 0 0 0 0 0 0 0 0 0 0 0 0 0 0 0 0 0 0 0 0 0 0 0 0 0 0 0 0 0 0 0 0 0 0 0 0 0 0 0 0 0 0 0 0 0 0 0 0 0 0 0 0 0 0 0 0 0 0 0 0 0 0 0 0 0 0 0 0 0 0 0 0 0 0 0 0 0 0 0 0 0 0 0 0 0 0 0 0 0 0 0 0 0 0 0 0 0 0 0 0 0 0 0 0 0 0 0 0 0 0 0 0 0 0 0 0 0 0 0 0 0 0 0 0 0 0 0 0 0 0 0 0 0 0 0 0 0 0 0 0 0 0 0 0 0 0 0 0 0 0 0 0 0 0 0 0 0 0 0 0 0 0 0 0 0 0 0 0 0 0 0 0 0 0 0 0 0 0 0 0 0 0 0 0 0 0 0 0 0 0 0 0 0 0 0 0 0 0 0 0 0 0 0 0 0 0 0 0 0 0 0 0 0 0 0 0 0 0 0 0 0 0 0 0 0 0 0 0 0 0 0 0 0 0 0 0 0 0 0 0 0 0 0 0 0 0 0 0 0 0 0 0 0 0 0 0 0 0 0 0 0 0 0 0 0 0 0 0 0 0 0 0 0 0 0 0 0 0 0 0 0 0 0 0 0 0 0 0 0 0 0 0 0 0 0 0 0 0 0 0 0 0 0 0 0 0 0 0 0 0 0 0 0 0 0 0 0 0 0 0 0 0 0 0 0 0 0 0 0 0 0 0 0 0 0 0 0 0 0 0 0 0 0 0 0 0 0 0 0 0 0 0 0 0 0 0 0 0 0 0 0 0 0 0 0 0 0 0 0 0 0 0 0 0 0 0 0 0 0 0 0 0 0 0 0 0 0 0 0 0 0 0 0 0 0 0 0 0 0 0 0 0 0 0 0 0 0 0 0 0 0 0 0 0 0 0 0 0 0 0 0 0 0 0 0 0 0 0 0 0 
0 0 0 0 0 0 0 0.9 0 0 0 0 0 0 0 0 0 5.64 0 0 0 0 0 0 0 0 0 3.07 0 0 0 0 0 0 0 0 0 0.15 0 0 0 0 0 0 0 0 0 2.2 0 0 0 0 0 0 0 0 0 2.5 0 0 0 0 0 0 0 0 0 2.36 0 0 0 0 0 0 0 0 0 0.21 0 0 0 0 0 0 0 0 0 0.53 0 0 0 0 0 0 0 0 0 2.34 0 0 0 0.77 0 0 5 0 0 0 0 0 0 1.13 0 0 1.14 0 0 0 0 0 0 1.97 0 0 2.9 0 0 0 0 0 0 0.45 0 0 3.72 0 0 0 0 0 0 0.49 0 0 1.34 0 0 0 0 0 0 0.48 0 0 2.24 0 0 0 0 0 0 1.9 0 0 2.19 0 0 0 0 0 0 1.52 0 0 3.65 0 0 0 0 0 0 0.18 0 0 0.43 0 0 0 0 0 0 4.22 0 0 3.12 0 0 0 0 0 0 0 0 0 0 0 0 0 0 0 0 0 0 0 0 0 0 0 0 0 0 0 0 0 0 0 0 0 0 0 0 0 0 0 0 0 0 0 0 0 0 0 0 0 0 0 0 0 0 0 0 0 0 0 0 0 0 0 0 0 0 0 0 0 0 0 0 0 0 0 0 0 0 0 0 0 0 0 0 0 0 0 0 0 0 0 0 0 0 0 0 0 0 0 0 0 0 0 0 0 0 0 0 0 0 0 0 4.34 0 0 0 0 0 0 0 0 0 0.63 0 0 0 0 0 0 0 0 0 3.38 0 0 0 0 0 0 0 0 0 3.8 0 0 0 0 0 0 0 0 0 0.54 0 0 0 0 0 0 0 0 0 1.32 0 0 0 0 0 0 0 0 0 4.32 0 0 0 0 0 0 0 0 0 1.32 0 0 0 0 0 0 0 0 0 0.06 0 0 0 0 0 0 0 0 0 0.21 0 0 0 1.01 0 0 1.06 0 0 0 0 0 0 3.49 0 0 2.37 0 0 0 0 0 0 1.34 0 0 0.88 0 0 0 0 0 0 1.8 0 0 0.91 0 0 0 0 0 0 4.36 0 0 0.96 0 0 0 0 0 0 0.4 0 0 0.54 0 0 0 0 0 0 4.51 0 0 2.29 0 0 0 0 0 0 4.1 0 0 3.23 0 0 0 0 0 0 0.85 0 0 0.83 0 0 0 0 0 0 3.13 0 0 2.5 0 0 0 0 0 0 0 0 0 0 0 0 0 0 0 0 0 0 0 0 0 0 0 0 0 0 0 0 0 0 0 0 0 0 0 0 0 0 0 0 0 0 0 0 0 0 0 0 0 0 0 0 0 0 0 0 0 0 0 0 0 0 0 0 0 0 0 0 0 0 0 0 0 0 0 0 0 0 0 0 0 0 0 0 0 0 0 0 0 0 0 0 0 0 0 0 0 0 0 0 0 0 0 0 0 0 0 0 0 0 0 0 2.47 0 0 0 0 0 0 0 0 0 4.91 0 0 0 0 0 0 0 0 0 5 0 0 0 0 0 0 0 0 0 2.29 0 0 0 0 0 0 0 0 0 0.78 0 0 0 0 0 0 0 0 0 0.17 0 0 0 0 0 0 0 0 0 1.85 0 0 0 0 0 0 0 0 0 0.91 0 0 0 0 0 0 0 0 0 5.85 0 0 0 0 0 0 0 0 0 1.93 0 0 0 4.63 0 0 1.8 0 0 0 0 0 0 1.41 0 0 2.35 0 0 0 0 0 0 0.52 0 0 0.78 0 0 0 0 0 0 0.71 0 0 0.32 0 0 0 0 0 0 0.98 0 0 3.08 0 0 0 0 0 0 3.81 0 0 1.55 0 0 0 0 0 0 1.96 0 0 3.99 0 0 0 0 0 0 0.14 0 0 2.26 0 0 0 0 0 0 4.8 0 0 4.54 0 0 0 0 0 0 4.72 0 0 0.82 0 0 0 0 0 0 0 0 0 0 0 0 0 0 0 0 0 0 0 0 0 0 0 0 0 0 0 0 0 0 0 0 0 0 0 0 0 0 0 0 0 0 0 0 0 0 0 0 0 0 0 0 0 0 0 0 0 0 0 0 0 0 0 0 0 0 0 0 0 0 0 0 0 0 0 0 0 0 0 0 0 0 0 0 0 0 0 0 0 0 0 0 0 0 0 0 0 0 0 0 0 0 0 0 0 0 0 0 0 0 0 0 0.66 0 0 0 0 0 0 0 0 0 0.64 0 0 0 0 0 0 0 0 0 3.28 0 0 0 0 0 0 0 0 0 1.66 0 0 0 0 0 0 0 0 0 0.78 0 0 0 0 0 0 0 0 0 0.5 0 0 0 0 0 0 0 0 0 1.07 0 0 0 0 0 0 0 0 0 0.57 0 0 0 0 0 0 0 0 0 3.24 0 0 0 0 0 0 0 0 0 0.43 0 0 0 0 0 0 0 0 0 1.48 0 0 0 0 0 0 0 0 0 5.29 0 0 0 0 0 0 0 0 0 3.15 0 0 0 0 0 0 0 0 0 4.13 0 0 0 0 0 0 0 0 0 4.28 0 0 0 0 0 0 0 0 0 0.76 0 0 0 0 0 0 0 0 0 1.08 0 0 0 0 0 0 0 0 0 3.37 0 0 0 0 0 0 0 0 0 3.19 0 0 0 0 0 0 0 0 0 2.18 0 0 0 4.5 0 0 1.34 0 0 0 0 0 0 1.54 0 0 1.78 0 0 0 0 0 0 2.68 0 0 2.62 0 0 0 0 0 0 3.82 0 0 5.44 0 0 0 0 0 0 2.03 0 0 1.43 0 0 0 0 0 0 4.56 0 0 4.25 0 0 0 0 0 0 3.69 0 0 5.06 0 0 0 0 0 0 3.2 0 0 4.18 0 0 0 0 0 0 0.26 0 0 1.96 0 0 0 0 0 0 2.39 0 0 2.17 0 0 0 0 0 0 0 0 0 0 0 0 0 0 0 0 0 0 0 0 0 0 0 0 0 0 0 0 0 0 0 0 0 0 0 0 0 0 0 0 0 0 0 0 0 0 0 0 0 0 0 0 0 0 0 0 0 0 0 0 0 0 0 0 0 0 0 0 0 0 0 0 0 0 0 0 0 0 0 0 0 0 0 0 0 0 0 0 0 0 0 0 0 0 0 0 0 0 0 0 0 0 0 0 0 0 0 0 0 0 0 0 3.17 0 0 0 0 0 0 0 0 0 0.73 0 0 0 0 0 0 0 0 0 4.9 0 0 0 0 0 0 0 0 0 0.47 0 0 0 0 0 0 0 0 0 2.77 0 0 0 0 0 0 0 0 0 5.31 0 0 0 0 0 0 0 0 0 1.02 0 0 0 0 0 0 0 0 0 0.6 0 0 0 0 0 0 0 0 0 1.26 0 0 0 0 0 0 0 0 0 1.8 0 0 0 3.67 0 0 0.62 0 0 0 0 0 0 1.56 0 0 0.08 0 0 0 0 0 0 2.19 0 0 4.37 0 0 0 0 0 0 5 0 0 3.32 0 0 0 0 0 0 4.53 0 0 2.83 0 0 0 0 0 0 4.52 0 0 4.78 0 0 0 0 0 0 5.16 0 0 0.86 0 0 0 0 0 0 3.13 0 0 0.97 0 0 0 0 0 0 0.42 0 0 5.13 0 0 0 0 0 0 0.32 0 0 3.68 0 0 0 0 0 0 0 0 0 0 0 0 0 0 0 0 0 0 0 0 0 0 0 0 0 0 0 0 0 0 0 0 0 0 0 0 0 0 0 0 0 0 0 0 0 0 0 0 0 0 0 0 0 0 0 0 0 0 0 0 0 0 0 0 0 0 0 0 0 0 0 0 0 0 0 0 0 0 0 0 0 0 0 0 0 0 0 0 0 0 0 0 0 0 0 0 0 0 0 0 0 0 0 0 0 0 0 0 0 0 0 0 3.95 0 0 0 0 0 0 0 0 0 0.19 0 0 0 0 0 0 0 0 0 2.78 0 0 0 0 0 0 0 0 0 4.69 0 0 0 0 0 0 0 0 0 0.57 0 0 0 0 0 0 0 0 0 3.84 0 0 0 0 0 0 0 0 0 3.26 0 0 0 0 0 0 0 0 0 0.77 0 0 0 0 0 0 0 0 0 4.61 0 0 0 0 0 0 0 0 0 2.24 0 0 0 3.64 0 0 1.98 0 0 0 0 0 0 2.57 0 0 2.78 0 0 0 0 0 0 3.41 0 0 3.27 0 0 0 0 0 0 0.92 0 0 4.13 0 0 0 0 0 0 0.27 0 0 1.37 0 0 0 0 0 0 1.69 0 0 3.97 0 0 0 0 0 0 0.13 0 0 0.46 0 0 0 0 0 0 2.87 0 0 0.79 0 0 0 0 0 0 0.58 0 0 0.96 0 0 0 0 0 0 3.66 0 0 0.34 0 0 0 0 0 0 0 0 0 0 0 0 0 0 0 0 0 0 0 0 0 0 0 0 0 0 0 0 0 0 0 0 0 0 0 0 0 0 0 0 0 0 0 0 0 0 0 0 0 0 0 0 0 0 0 0 0 0 0 0 0 0 0 0 0 0 0 0 0 0 0 0 0 0 0 0 0 0 0 0 0 0 0 0 0 0 0 0 0 0 0 0 0 0 0 0 0 0 0 0 0 0 0 0 0 0 0 0 0 0 0 0 0.36 0 0 0 0 0 0 0 0 0 0.5 0 0 0 0 0 0 0 0 0 1.71 0 0 0 0 0 0 0 0 0 3.82 0 0 0 0 0 0 0 0 0 2.26 0 0 0 0 0 0 0 0 0 5.18 0 0 0 0 0 0 0 0 0 0.48 0 0 0 0 0 0 0 0 0 0.68 0 0 0 0 0 0 0 0 0 4.48 0 0 0 0 0 0 0 0 0 2.16 0 0 0 0 0 0 0 0 0 2.87 0 0 0 0 0 0 0 0 0 0.69 0 0 0 0 0 0 0 0 0 0.57 0 0 0 0 0 0 0 0 0 2.92 0 0 0 0 0 0 0 0 0 1.34 0 0 0 0 0 0 0 0 0 0.21 0 0 0 0 0 0 0 0 0 3.62 0 0 0 0 0 0 0 0 0 2.72 0 0 0 0 0 0 0 0 0 3.14 0 0 0 0 0 0 0 0 0 2.08 0 0 0 1.7 0 0 0.56 0 0 0 0 0 0 0.12 0 0 3.45 0 0 0 0 0 0 1.94 0 0 1.1 0 0 0 0 0 0 1.69 0 0 3.6 0 0 0 0 0 0 0.8 0 0 2.35 0 0 0 0 0 0 3.03 0 0 3.58 0 0 0 0 0 0 2.82 0 0 1.43 0 0 0 0 0 0 1.75 0 0 0.56 0 0 0 0 0 0 5.03 0 0 0.72 0 0 0 0 0 0 2.56 0 0 1.76 0 0 0 0 0 0 0 0 0 0 0 0 0 0 0 0 0 0 0 0 0 0 0 0 0 0 0 0 0 0 0 0 0 0 0 0 0 0 0 0 0 0 0 0 0 0 0 0 0 0 0 0 0 0 0 0 0 0 0 0 0 0 0 0 0 0 0 0 0 0 0 0 0 0 0 0 0 0 0 0 0 0 0 0 0 0 0 0 0 0 0 0 0 0 0 0 0 0 0 0 0 0 0 0 0 0 0 0 0 0 0 0 2.4 0 0 0 0 0 0 0 0 0 0.51 0 0 0 0 0 0 0 0 0 1.34 0 0 0 0 0 0 0 0 0 2.15 0 0 0 0 0 0 0 0 0 1.21 0 0 0 0 0 0 0 0 0 0.17 0 0 0 0 0 0 0 0 0 4.08 0 0 0 0 0 0 0 0 0 0.12 0 0 0 0 0 0 0 0 0 2.92 0 0 0 0 0 0 0 0 0 5.11 0 0 0 5.17 0 0 0.07 0 0 0 0 0 0 1.48 0 0 2.1 0 0 0 0 0 0 1.56 0 0 4.32 0 0 0 0 0 0 3.77 0 0 1.09 0 0 0 0 0 0 0.69 0 0 0.3 0 0 0 0 0 0 0.42 0 0 4.93 0 0 0 0 0 0 3.53 0 0 3.08 0 0 0 0 0 0 4.82 0 0 1.6 0 0 0 0 0 0 4.96 0 0 4.17 0 0 0 0 0 0 0.97 0 0 2.18 0 0 0 0 0 0 0 0 0 0 0 0 0 0 0 0 0 0 0 0 0 0 0 0 0 0 0 0 0 0 0 0 0 0 0 0 0 0 0 0 0 0 0 0 0 0 0 0 0 0 0 0 0 0 0 0 0 0 0 0 0 0 0 0 0 0 0 0 0 0 0 0 0 0 0 0 0 0 0 0 0 0 0 0 0 0 0 0 0 0 0 0 0 0 0 0 0 0 0 0 0 0 0 0 0 0 0 0 0 0 0 0 3.12 0 0 0 0 0 0 0 0 0 0.46 0 0 0 0 0 0 0 0 0 0.24 0 0 0 0 0 0 0 0 0 2.05 0 0 0 0 0 0 0 0 0 4 0 0 0 0 0 0 0 0 0 3.73 0 0 0 0 0 0 0 0 0 0.21 0 0 0 0 0 0 0 0 0 4.91 0 0 0 0 0 0 0 0 0 3.4 0 0 0 0 0 0 0 0 0 4.81 0 0 0 0.71 0 0 0.13 0 0 0 0 0 0 0.36 0 0 0.06 0 0 0 0 0 0 2.22 0 0 3.63 0 0 0 0 0 0 0.03 0 0 1.18 0 0 0 0 0 0 2.78 0 0 0.3 0 0 0 0 0 0 4.09 0 0 4.68 0 0 0 0 0 0 0.36 0 0 0.3 0 0 0 0 0 0 2.11 0 0 5.25 0 0 0 0 0 0 1.47 0 0 4.61 0 0 0 0 0 0 2.03 0 0 5.37 0 0 0 0 0 0 0 0 0 0 0 0 0 0 0 0 0 0 0 0 0 0 0 0 0 0 0 0 0 0 0 0 0 0 0 0 0 0 0 0 0 0 0 0 0 0 0 0 0 0 0 0 0 0 0 0 0 0 0 0 0 0 0 0 0 0 0 0 0 0 0 0 0 0 0 0 0 0 0 0 0 0 0 0 0 0 0 0 0 0 0 0 0 0 0 0 0 0 0 0 0 0 0 0 0 0 0 0 0 0 0 0 0.87 0 0 0 0 0 0 0 0 0 0.72 0 0 0 0 0 0 0 0 0 2.99 0 0 0 0 0 0 0 0 0 1.86 0 0 0 0 0 0 0 0 0 2.74 0 0 0 0 0 0 0 0 0 2.39 0 0 0 0 0 0 0 0 0 0.69 0 0 0 0 0 0 0 0 0 3.16 0 0 0 0 0 0 0 0 0 4.98 0 0 0 0 0 0 0 0 0 1.34 0 0 0 0 0 0 0 0 0 4.2 0 0 0 0 0 0 0 0 0 1.61 0 0 0 0 0 0 0 0 0 3.45 0 0 0 0 0 0 0 0 0 4.7 0 0 0 0 0 0 0 0 0 2.89 0 0 0 0 0 0 0 0 0 0.78 0 0 0 0 0 0 0 0 0 3.66 0 0 0 0 0 0 0 0 0 5.58 0 0 0 0 0 0 0 0 0 2.87 0 0 0 0 0 0 0 0 0 1.08 0 0 0 1.18 0 0 1.98 0 0 0 0 0 0 2.41 0 0 1.12 0 0 0 0 0 0 2.88 0 0 0.17 0 0 0 0 0 0 0.49 0 0 0.82 0 0 0 0 0 0 3.05 0 0 0.33 0 0 0 0 0 0 0.27 0 0 0.3 0 0 0 0 0 0 1.86 0 0 1.15 0 0 0 0 0 0 4.7 0 0 2.27 0 0 0 0 0 0 0.45 0 0 0.69 0 0 0 0 0 0 0.34 0 0 1.02 0 0 0 0 0 0 0 0 0 0 0 0 0 0 0 0 0 0 0 0 0 0 0 0 0 0 0 0 0 0 0 0 0 0 0 0 0 0 0 0 0 0 0 0 0 0 0 0 0 0 0 0 0 0 0 0 0 0 0 0 0 0 0 0 0 0 0 0 0 0 0 0 0 0 0 0 0 0 0 0 0 0 0 0 0 0 0 0 0 0 0 0 0 0 0 0 0 0 0 0 0 0 0 0 0 0 0 0 0 0 0 0 1.48 0 0 0 0 0 0 0 0 0 1.48 0 0 0 0 0 0 0 0 0 3.88 0 0 0 0 0 0 0 0 0 3.23 0 0 0 0 0 0 0 0 0 2.63 0 0 0 0 0 0 0 0 0 4.06 0 0 0 0 0 0 0 0 0 0.31 0 0 0 0 0 0 0 0 0 1.06 0 0 0 0 0 0 0 0 0 3.99 0 0 0 0 0 0 0 0 0 0.16 0 0 0 1.22 0 0 2.32 0 0 0 0 0 0 0.63 0 0 0.46 0 0 0 0 0 0 2.74 0 0 2.04 0 0 0 0 0 0 0.95 0 0 0.31 0 0 0 0 0 0 4.17 0 0 3 0 0 0 0 0 0 3.14 0 0 3.7 0 0 0 0 0 0 3 0 0 4.12 0 0 0 0 0 0 1.86 0 0 4.15 0 0 0 0 0 0 3.96 0 0 0.23 0 0 0 0 0 0 3.59 0 0 0.88 0 0 0 0 0 0 0 0 0 0 0 0 0 0 0 0 0 0 0 0 0 0 0 0 0 0 0 0 0 0 0 0 0 0 0 0 0 0 0 0 0 0 0 0 0 0 0 0 0 0 0 0 0 0 0 0 0 0 0 0 0 0 0 0 0 0 0 0 0 0 0 0 0 0 0 0 0 0 0 0 0 0 0 0 0 0 0 0 0 0 0 0 0 0 0 0 0 0 0 0 0 0 0 0 0 0 0 0 0 0 0 0 5.2 0 0 0 0 0 0 0 0 0 0.81 0 0 0 0 0 0 0 0 0 0.46 0 0 0 0 0 0 0 0 0 0.49 0 0 0 0 0 0 0 0 0 1.64 0 0 0 0 0 0 0 0 0 0.07 0 0 0 0 0 0 0 0 0 0.45 0 0 0 0 0 0 0 0 0 2.05 0 0 0 0 0 0 0 0 0 0.14 0 0 0 0 0 0 0 0 0 4.85 0 0 0 5.08 0 0 3.06 0 0 0 0 0 0 2.57 0 0 5.02 0 0 0 0 0 0 1.06 0 0 0.59 0 0 0 0 0 0 0.45 0 0 0.05 0 0 0 0 0 0 2.85 0 0 0.27 0 0 0 0 0 0 2.49 0 0 0.84 0 0 0 0 0 0 3.35 0 0 3.54 0 0 0 0 0 0 5.56 0 0 0.62 0 0 0 0 0 0 3.96 0 0 5.7 0 0 0 0 0 0 1.04 0 0 1.67 0 0 0 0 0 0 0 0 0 0 0 0 0 0 0 0 0 0 0 0 0 0 0 0 0 0 0 0 0 0 0 0 0 0 0 0 0 0 0 0 0 0 0 0 0 0 0 0 0 0 0 0 0 0 0 0 0 0 0 0 0 0 0 0 0 0 0 0 0 0 0 0 0 0 0 0 0 0 0 0 0 0 0 0 0 0 0 0 0 0 0 0 0 0 0 0 0 0 0 0 0 0 0 0 0 0 0 0 0 0 0 0 1.36 0 0 0 0 0 0 0 0 0 0.98 0 0 0 0 0 0 0 0 0 3.7 0 0 0 0 0 0 0 0 0 0.64 0 0 0 0 0 0 0 0 0 3.78 0 0 0 0 0 0 0 0 0 2.1 0 0 0 0 0 0 0 0 0 1.21 0 0 0 0 0 0 0 0 0 0.32 0 0 0 0 0 0 0 0 0 1.12 0 0 0 0 0 0 0 0 0 2.22 0 0 0 0 0 0 0 0 0 1.23 0 0 0 0 0 0 0 0 0 0.28 0 0 0 0 0 0 0 0 0 1.32 0 0 0 0 0 0 0 0 0 1.35 0 0 0 0 0 0 0 0 0 1.47 0 0 0 0 0 0 0 0 0 2.61 0 0 0 0 0 0 0 0 0 1.56 0 0 0 0 0 0 0 0 0 6.18 0 0 0 0 0 0 0 0 0 3.38 0 0 0 0 0 0 0 0 0 2.23 0 0 0 0.52 0 0 2.53 0 0 0 0 0 0 3.7 0 0 1.87 0 0 0 0 0 0 0.8 0 0 0.95 0 0 0 0 0 0 3.38 0 0 0.9 0 0 0 0 0 0 0.47 0 0 4.37 0 0 0 0 0 0 2.99 0 0 1.49 0 0 0 0 0 0 0.81 0 0 0.84 0 0 0 0 0 0 0.4 0 0 3.74 0 0 0 0 0 0 0.56 0 0 2.01 0 0 0 0 0 0 5.43 0 0 1.24 0 0 0 0 0 0 0 0 0 0 0 0 0 0 0 0 0 0 0 0 0 0 0 0 0 0 0 0 0 0 0 0 0 0 0 0 0 0 0 0 0 0 0 0 0 0 0 0 0 0 0 0 0 0 0 0 0 0 0 0 0 0 0 0 0 0 0 0 0 0 0 0 0 0 0 0 0 0 0 0 0 0 0 0 0 0 0 0 0 0 0 0 0 0 0 0 0 0 0 0 0 0 0 0 0 0 0 0 0 0 0 0 1.15 0 0 0 0 0 0 0 0 0 2.86 0 0 0 0 0 0 0 0 0 1.45 0 0 0 0 0 0 0 0 0 3.25 0 0 0 0 0 0 0 0 0 0.27 0 0 0 0 0 0 0 0 0 1.25 0 0 0 0 0 0 0 0 0 0.21 0 0 0 0 0 0 0 0 0 0.38 0 0 0 0 0 0 0 0 0 2.57 0 0 0 0 0 0 0 0 0 0.25 0 0 0 2.38 0 0 4.13 0 0 0 0 0 0 5.86 0 0 0.36 0 0 0 0 0 0 2.98 0 0 3.9 0 0 0 0 0 0 0.42 0 0 4.42 0 0 0 0 0 0 1.88 0 0 1.54 0 0 0 0 0 0 4.06 0 0 0.09 0 0 0 0 0 0 1.34 0 0 1.51 0 0 0 0 0 0 0.42 0 0 0.98 0 0 0 0 0 0 0.33 0 0 1.86 0 0 0 0 0 0 3.16 0 0 1.19 0 0 0 0 0 0 0 0 0 0 0 0 0 0 0 0 0 0 0 0 0 0 0 0 0 0 0 0 0 0 0 0 0 0 0 0 0 0 0 0 0 0 0 0 0 0 0 0 0 0 0 0 0 0 0 0 0 0 0 0 0 0 0 0 0 0 0 0 0 0 0 0 0 0 0 0 0 0 0 0 0 0 0 0 0 0 0 0 0 0 0 0 0 0 0 0 0 0 0 0 0 0 0 0 0 0 0 0 0 0 0 0 2.03 0 0 0 0 0 0 0 0 0 1.21 0 0 0 0 0 0 0 0 0 2.23 0 0 0 0 0 0 0 0 0 3.26 0 0 0 0 0 0 0 0 0 4.19 0 0 0 0 0 0 0 0 0 2.21 0 0 0 0 0 0 0 0 0 3.86 0 0 0 0 0 0 0 0 0 1.84 0 0 0 0 0 0 0 0 0 2.1 0 0 0 0 0 0 0 0 0 4.5 0 0 0 2.45 0 0 0.79 0 0 0 0 0 0 4.16 0 0 1.93 0 0 0 0 0 0 3.73 0 0 0.18 0 0 0 0 0 0 1.18 0 0 0.33 0 0 0 0 0 0 1.3 0 0 5.38 0 0 0 0 0 0 1.33 0 0 0.17 0 0 0 0 0 0 2.19 0 0 0.66 0 0 0 0 0 0 1.33 0 0 3.2 0 0 0 0 0 0 0.39 0 0 1.22 0 0 0 0 0 0 5.15 0 0 2.97 0 0 0 0 0 0 0 0 0 0 0 0 0 0 0 0 0 0 0 0 0 0 0 0 0 0 0 0 0 0 0 0 0 0 0 0 0 0 0 0 0 0 0 0 0 0 0 0 0 0 0 0 0 0 0 0 0 0 0 0 0 0 0 0 0 0 0 0 0 0 0 0 0 0 0 0 0 0 0 0 0 0 0 0 0 0 0 0 0 0 0 0 0 0 0 0 0 0 0 0 0 0 0 0 0 0 0 0 0 0 0 0 3.71 0 0 0 0 0 0 0 0 0 1.21 0 0 0 0 0 0 0 0 0 0.86 0 0 0 0 0 0 0 0 0 1.35 0 0 0 0 0 0 0 0 0 1.18 0 0 0 0 0 0 0 0 0 2.32 0 0 0 0 0 0 0 0 0 4.5 0 0 0 0 0 0 0 0 0 5.41 0 0 0 0 0 0 0 0 0 0.66 0 0 0 0 0 0 0 0 0 0.87 0 0 0 0 0 0 0 0 0 2.07 0 0 0 0 0 0 0 0 0 1.17 0 0 0 0 0 0 0 0 0 2.71 0 0 0 0 0 0 0 0 0 2.55 0 0 0 0 0 0 0 0 0 5.5 0 0 0 0 0 0 0 0 0 2.07 0 0 0 0 0 0 0 0 0 3.72 0 0 0 0 0 0 0 0 0 0.85 0 0 0 0 0 0 0 0 0 4 0 0 0 0 0 0 0 0 0 1.26 0 0 0 0.06 0 0 3.4 0 0 0 0 0 0 1.14 0 0 3.46 0 0 0 0 0 0 3.76 0 0 4.07 0 0 0 0 0 0 0.33 0 0 0.19 0 0 0 0 0 0 1.57 0 0 0.14 0 0 0 0 0 0 0.66 0 0 5.54 0 0 0 0 0 0 0.88 0 0 0.64 0 0 0 0 0 0 3.69 0 0 0.98 0 0 0 0 0 0 0.62 0 0 3.57 0 0 0 0 0 0 1.44 0 0 0.58 0 0 0 0 0 0 0 0 0 0 0 0 0 0 0 0 0 0 0 0 0 0 0 0 0 0 0 0 0 0 0 0 0 0 0 0 0 0 0 0 0 0 0 0 0 0 0 0 0 0 0 0 0 0 0 0 0 0 0 0 0 0 0 0 0 0 0 0 0 0 0 0 0 0 0 0 0 0 0 0 0 0 0 0 0 0 0 0 0 0 0 0 0 0 0 0 0 0 0 0 0 0 0 0 0 0 0 0 0 0 0 0 1.47 0 0 0 0 0 0 0 0 0 3.88 0 0 0 0 0 0 0 0 0 3.91 0 0 0 0 0 0 0 0 0 0.32 0 0 0 0 0 0 0 0 0 3.72 0 0 0 0 0 0 0 0 0 4.09 0 0 0 0 0 0 0 0 0 0.37 0 0 0 0 0 0 0 0 0 3.65 0 0 0 0 0 0 0 0 0 1.17 0 0 0 0 0 0 0 0 0 6.3 0 0 0 2.33 0 0 0.47 0 0 0 0 0 0 1.28 0 0 4.24 0 0 0 0 0 0 3.38 0 0 0.94 0 0 0 0 0 0 2.59 0 0 0.29 0 0 0 0 0 0 4.26 0 0 0.47 0 0 0 0 0 0 1.82 0 0 0.47 0 0 0 0 0 0 5.26 0 0 5.35 0 0 0 0 0 0 4.32 0 0 2.84 0 0 0 0 0 0 5.34 0 0 1.41 0 0 0 0 0 0 3.65 0 0 1.61 0 0 0 0 0 0 0 0 0 0 0 0 0 0 0 0 0 0 0 0 0 0 0 0 0 0 0 0 0 0 0 0 0 0 0 0 0 0 0 0 0 0 0 0 0 0 0 0 0 0 0 0 0 0 0 0 0 0 0 0 0 0 0 0 0 0 0 0 0 0 0 0 0 0 0 0 0 0 0 0 0 0 0 0 0 0 0 0 0 0 0 0 0 0 0 0 0 0 0 0 0 0 0 0 0 0 0 0 0 0 0 0 4.43 0 0 0 0 0 0 0 0 0 3.1 0 0 0 0 0 0 0 0 0 4.63 0 0 0 0 0 0 0 0 0 3.21 0 0 0 0 0 0 0 0 0 1.2 0 0 0 0 0 0 0 0 0 1.08 0 0 0 0 0 0 0 0 0 0.17 0 0 0 0 0 0 0 0 0 1.58 0 0 0 0 0 0 0 0 0 4.67 0 0 0 0 0 0 0 0 0 5.01 0 0 0 0.96 0 0 0.4 0 0 0 0 0 0 0.87 0 0 0.29 0 0 0 0 0 0 0.17 0 0 0.36 0 0 0 0 0 0 1.43 0 0 4.29 0 0 0 0 0 0 2 0 0 2.38 0 0 0 0 0 0 2.11 0 0 1.55 0 0 0 0 0 0 1.78 0 0 0.66 0 0 0 0 0 0 2.46 0 0 2.14 0 0 0 0 0 0 0.63 0 0 0.89 0 0 0 0 0 0 0.37 0 0 2.06 0 0 0 0 0 0 0 0 0 0 0 0 0 0 0 0 0 0 0 0 0 0 0 0 0 0 0 0 0 0 0 0 0 0 0 0 0 0 0 0 0 0 0 0 0 0 0 0 0 0 0 0 0 0 0 0 0 0 0 0 0 0 0 0 0 0 0 0 0 0 0 0 0 0 0 0 0 0 0 0 0 0 0 0 0 0 0 0 0 0 0 0 0 0 0 0 0 0 0 0 0 0 0 0 0 0 0 0 0 0 0 0 2.74 0 0 0 0 0 0 0 0 0 0.84 0 0 0 0 0 0 0 0 0 1.22 0 0 0 0 0 0 0 0 0 0.94 0 0 0 0 0 0 0 0 0 2.12 0 0 0 0 0 0 0 0 0 2.75 0 0 0 0 0 0 0 0 0 2.92 0 0 0 0 0 0 0 0 0 2 0 0 0 0 0 0 0 0 0 1.11 0 0 0 0 0 0 0 0 0 3.17 0 0 0 0 0 0 0 0 0 3.16 0 0 0 0 0 0 0 0 0 3.49 0 0 0 0 0 0 0 0 0 1.74 0 0 0 0 0 0 0 0 0 3.83 0 0 0 0 0 0 0 0 0 0.35 0 0 0 0 0 0 0 0 0 2.37 0 0 0 0 0 0 0 0 0 1.98 0 0 0 0 0 0 0 0 0 4.24 0 0 0 0 0 0 0 0 0 2.16 0 0 0 0 0 0 0 0 0 3.73 0 0 0 1.77 0 0 0.72 0 0 0 0 0 0 1.39 0 0 2.48 0 0 0 0 0 0 0.14 0 0 1.43 0 0 0 0 0 0 2.36 0 0 2.32 0 0 0 0 0 0 2.37 0 0 1.68 0 0 0 0 0 0 4.06 0 0 2.13 0 0 0 0 0 0 2.19 0 0 4.04 0 0 0 0 0 0 2.12 0 0 3.93 0 0 0 0 0 0 3.16 0 0 0.67 0 0 0 0 0 0 0.63 0 0 1.85 0 0 0 0 0 0 0 0 0 0 0 0 0 0 0 0 0 0 0 0 0 0 0 0 0 0 0 0 0 0 0 0 0 0 0 0 0 0 0 0 0 0 0 0 0 0 0 0 0 0 0 0 0 0 0 0 0 0 0 0 0 0 0 0 0 0 0 0 0 0 0 0 0 0 0 0 0 0 0 0 0 0 0 0 0 0 0 0 0 0 0 0 0 0 0 0 0 0 0 0 0 0 0 0 0 0 0 0 0 0 0 0 0.17 0 0 0 0 0 0 0 0 0 0.37 0 0 0 0 0 0 0 0 0 2.57 0 0 0 0 0 0 0 0 0 0.82 0 0 0 0 0 0 0 0 0 1.49 0 0 0 0 0 0 0 0 0 4.93 0 0 0 0 0 0 0 0 0 1.19 0 0 0 0 0 0 0 0 0 2.05 0 0 0 0 0 0 0 0 0 0.91 0 0 0 0 0 0 0 0 0 5.84 0 0 0 0.46 0 0 0.75 0 0 0 0 0 0 3.27 0 0 0.58 0 0 0 0 0 0 1.34 0 0 1.39 0 0 0 0 0 0 1.31 0 0 0.42 0 0 0 0 0 0 3.96 0 0 1.14 0 0 0 0 0 0 0.79 0 0 2.62 0 0 0 0 0 0 1.22 0 0 3.7 0 0 0 0 0 0 1.68 0 0 0.32 0 0 0 0 0 0 3.4 0 0 2.6 0 0 0 0 0 0 0.9 0 0 4.37 0 0 0 0 0 0 0 0 0 0 0 0 0 0 0 0 0 0 0 0 0 0 0 0 0 0 0 0 0 0 0 0 0 0 0 0 0 0 0 0 0 0 0 0 0 0 0 0 0 0 0 0 0 0 0 0 0 0 0 0 0 0 0 0 0 0 0 0 0 0 0 0 0 0 0 0 0 0 0 0 0 0 0 0 0 0 0 0 0 0 0 0 0 0 0 0 0 0 0 0 0 0 0 0 0 0 0 0 0 0 0 0 4.76 0 0 0 0 0 0 0 0 0 4.97 0 0 0 0 0 0 0 0 0 2.49 0 0 0 0 0 0 0 0 0 3.59 0 0 0 0 0 0 0 0 0 3.2 0 0 0 0 0 0 0 0 0 2.26 0 0 0 0 0 0 0 0 0 3.31 0 0 0 0 0 0 0 0 0 1.23 0 0 0 0 0 0 0 0 0 0.3 0 0 0 0 0 0 0 0 0 0.79 0 0 0 0.56 0 0 1.74 0 0 0 0 0 0 1.03 0 0 1.54 0 0 0 0 0 0 1.43 0 0 1.58 0 0 0 0 0 0 3.31 0 0 0.85 0 0 0 0 0 0 2.23 0 0 2.3 0 0 0 0 0 0 0.72 0 0 2.9 0 0 0 0 0 0 5.42 0 0 1.82 0 0 0 0 0 0 0.95 0 0 0.38 0 0 0 0 0 0 0.89 0 0 2.89 0 0 0 0 0 0 1.09 0 0 0.5 0 0 0 0 0 0 0 0 0 0 0 0 0 0 0 0 0 0 0 0 0 0 0 0 0 0 0 0 0 0 0 0 0 0 0 0 0 0 0 0 0 0 0 0 0 0 0 0 0 0 0 0 0 0 0 0 0 0 0 0 0 0 0 0 0 0 0 0 0 0 0 0 0 0 0 0 0 0 0 0 0 0 0 0 0 0 0 0 0 0 0 0 0 0 0 0 0 0 0 0 0 0 0 0 0 0 0 0 0 0 0 0 2.51 0 0 0 0 0 0 0 0 0 0.07 0 0 0 0 0 0 0 0 0 1.44 0 0 0 0 0 0 0 0 0 1.69 0 0 0 0 0 0 0 0 0 2.71 0 0 0 0 0 0 0 0 0 3.77 0 0 0 0 0 0 0 0 0 1.9 0 0 0 0 0 0 0 0 0 3.05 0 0 0 0 0 0 0 0 0 3.85 0 0 0 0 0 0 0 0 0 4.77 0 0 0 0 0 0 0 0 0 1.7 0 0 0 0 0 0 0 0 0 2.35 0 0 0 0 0 0 0 0 0 1.27 0 0 0 0 0 0 0 0 0 2.83 0 0 0 0 0 0 0 0 0 1.13 0 0 0 0 0 0 0 0 0 0.17 0 0 0 0 0 0 0 0 0 3.71 0 0 0 0 0 0 0 0 0 1.71 0 0 0 0 0 0 0 0 0 0.2 0 0 0 0 0 0 0 0 0 0.52 0 0 0 0.4 0 0 2.67 0 0 0 0 0 0 4.17 0 0 2.78 0 0 0 0 0 0 3.56 0 0 0.78 0 0 0 0 0 0 3.99 0 0 0.44 0 0 0 0 0 0 0.71 0 0 0.56 0 0 0 0 0 0 3.51 0 0 0.34 0 0 0 0 0 0 3.09 0 0 1.17 0 0 0 0 0 0 2.61 0 0 2.4 0 0 0 0 0 0 0.78 0 0 4.45 0 0 0 0 0 0 1.84 0 0 0.7 0 0 0 0 0 0 0 0 0 0 0 0 0 0 0 0 0 0 0 0 0 0 0 0 0 0 0 0 0 0 0 0 0 0 0 0 0 0 0 0 0 0 0 0 0 0 0 0 0 0 0 0 0 0 0 0 0 0 0 0 0 0 0 0 0 0 0 0 0 0 0 0 0 0 0 0 0 0 0 0 0 0 0 0 0 0 0 0 0 0 0 0 0 0 0 0 0 0 0 0 0 0 0 0 0 0 0 0 0 0 0 0 1.6 0 0 0 0 0 0 0 0 0 0.77 0 0 0 0 0 0 0 0 0 3.97 0 0 0 0 0 0 0 0 0 0.7 0 0 0 0 0 0 0 0 0 2.09 0 0 0 0 0 0 0 0 0 1.34 0 0 0 0 0 0 0 0 0 0.99 0 0 0 0 0 0 0 0 0 4.31 0 0 0 0 0 0 0 0 0 2.36 0 0 0 0 0 0 0 0 0 1.07 0 0 0 0.61 0 0 1.07 0 0 0 0 0 0 1.9 0 0 0.92 0 0 0 0 0 0 1.3 0 0 2.16 0 0 0 0 0 0 0.28 0 0 0.68 0 0 0 0 0 0 2.67 0 0 0.36 0 0 0 0 0 0 3.97 0 0 1.42 0 0 0 0 0 0 0.1 0 0 0.45 0 0 0 0 0 0 1.37 0 0 1.31 0 0 0 0 0 0 0.39 0 0 3.47 0 0 0 0 0 0 0.39 0 0 1.68 0 0 0 0 0 0 0 0 0 0 0 0 0 0 0 0 0 0 0 0 0 0 0 0 0 0 0 0 0 0 0 0 0 0 0 0 0 0 0 0 0 0 0 0 0 0 0 0 0 0 0 0 0 0 0 0 0 0 0 0 0 0 0 0 0 0 0 0 0 0 0 0 0 0 0 0 0 0 0 0 0 0 0 0 0 0 0 0 0 0 0 0 0 0 0 0 0 0 0 0 0 0 0 0 0 0 0 0 0 0 0 0 1.21 0 0 0 0 0 0 0 0 0 0.91 0 0 0 0 0 0 0 0 0 1.05 0 0 0 0 0 0 0 0 0 1.14 0 0 0 0 0 0 0 0 0 0.08 0 0 0 0 0 0 0 0 0 1.06 0 0 0 0 0 0 0 0 0 1.9 0 0 0 0 0 0 0 0 0 3.5 0 0 0 0 0 0 0 0 0 0.48 0 0 0 0 0 0 0 0 0 0.51 0 0 0 1.99 0 0 1.37 0 0 0 0 0 0 1.05 0 0 2.88 0 0 0 0 0 0 2.13 0 0 2.46 0 0 0 0 0 0 0.34 0 0 0.43 0 0 0 0 0 0 4.18 0 0 0.35 0 0 0 0 0 0 1.17 0 0 3.65 0 0 0 0 0 0 1.82 0 0 2.09 0 0 0 0 0 0 2.87 0 0 0.34 0 0 0 0 0 0 0.42 0 0 3.69 0 0 0 0 0 0 3.02 0 0 0.98 0 0 0 0 0 0 0 0 0 0 0 0 0 0 0 0 0 0 0 0 0 0 0 0 0 0 0 0 0 0 0 0 0 0 0 0 0 0 0 0 0 0 0 0 0 0 0 0 0 0 0 0 0 0 0 0 0 0 0 0 0 0 0 0 0 0 0 0 0 0 0 0 0 0 0 0 0 0 0 0 0 0 0 0 0 0 0 0 0 0 0 0 0 0 0 0 0 0 0 0 0 0 0 0 0 0 0 0 0 0 0 0 3.82 0 0 0 0 0 0 0 0 0 3.55 0 0 0 0 0 0 0 0 0 0.8 0 0 0 0 0 0 0 0 0 4.62 0 0 0 0 0 0 0 0 0 0.8 0 0 0 0 0 0 0 0 0 0.19 0 0 0 0 0 0 0 0 0 1.47 0 0 0 0 0 0 0 0 0 2.79 0 0 0 0 0 0 0 0 0 4.28 0 0 0 0 0 0 0 0 0 0.3 0 0 0 0 0 0 0 0 0 1 0 0 0 0 0 0 0 0 0 0.99 0 0 0 0 0 0 0 0 0 1.56 0 0 0 0 0 0 0 0 0 0.89 0 0 0 0 0 0 0 0 0 4.57 0 0 0 0 0 0 0 0 0 5.35 0 0 0 0 0 0 0 0 0 2.51 0 0 0 0 0 0 0 0 0 0.52 0 0 0 0 0 0 0 0 0 2.93 0 0 0 0 0 0 0 0 0 2.72 0 0 0 0.86 0 0 0.57 0 0 0 0 0 0 0.08 0 0 3.46 0 0 0 0 0 0 2.43 0 0 4.62 0 0 0 0 0 0 3.97 0 0 2.37 0 0 0 0 0 0 4 0 0 0.31 0 0 0 0 0 0 0.86 0 0 0.38 0 0 0 0 0 0 0.73 0 0 1.99 0 0 0 0 0 0 0.21 0 0 4.16 0 0 0 0 0 0 1.65 0 0 0.77 0 0 0 0 0 0 0.23 0 0 0.57 0 0 0 0 0 0 0 0 0 0 0 0 0 0 0 0 0 0 0 0 0 0 0 0 0 0 0 0 0 0 0 0 0 0 0 0 0 0 0 0 0 0 0 0 0 0 0 0 0 0 0 0 0 0 0 0 0 0 0 0 0 0 0 0 0 0 0 0 0 0 0 0 0 0 0 0 0 0 0 0 0 0 0 0 0 0 0 0 0 0 0 0 0 0 0 0 0 0 0 0 0 0 0 0 0 0 0 0 0 0 0 0 4.39 0 0 0 0 0 0 0 0 0 0.24 0 0 0 0 0 0 0 0 0 4.46 0 0 0 0 0 0 0 0 0 0.66 0 0 0 0 0 0 0 0 0 0.14 0 0 0 0 0 0 0 0 0 0.59 0 0 0 0 0 0 0 0 0 0.51 0 0 0 0 0 0 0 0 0 0.89 0 0 0 0 0 0 0 0 0 1.5 0 0 0 0 0 0 0 0 0 3.74 0 0 0 3.94 0 0 1.33 0 0 0 0 0 0 3.4 0 0 3.17 0 0 0 0 0 0 4.08 0 0 0.27 0 0 0 0 0 0 1.9 0 0 4.36 0 0 0 0 0 0 3.71 0 0 0.89 0 0 0 0 0 0 4.75 0 0 1.04 0 0 0 0 0 0 4.5 0 0 6.19 0 0 0 0 0 0 0.81 0 0 4.19 0 0 0 0 0 0 1.19 0 0 3.4 0 0 0 0 0 0 0.82 0 0 0.43 0 0 0 0 0 0 0 0 0 0 0 0 0 0 0 0 0 0 0 0 0 0 0 0 0 0 0 0 0 0 0 0 0 0 0 0 0 0 0 0 0 0 0 0 0 0 0 0 0 0 0 0 0 0 0 0 0 0 0 0 0 0 0 0 0 0 0 0 0 0 0 0 0 0 0 0 0 0 0 0 0 0 0 0 0 0 0 0 0 0 0 0 0 0 0 0 0 0 0 0 0 0 0 0 0 0 0 0 0 0 0 0 1.06 0 0 0 0 0 0 0 0 0 3.68 0 0 0 0 0 0 0 0 0 2.84 0 0 0 0 0 0 0 0 0 1.38 0 0 0 0 0 0 0 0 0 2.3 0 0 0 0 0 0 0 0 0 1.06 0 0 0 0 0 0 0 0 0 2.06 0 0 0 0 0 0 0 0 0 3.27 0 0 0 0 0 0 0 0 0 1.6 0 0 0 0 0 0 0 0 0 1.58 0 0 0 0.09 0 0 0.93 0 0 0 0 0 0 4.03 0 0 5.68 0 0 0 0 0 0 0.84 0 0 4.65 0 0 0 0 0 0 3.51 0 0 2.03 0 0 0 0 0 0 4.33 0 0 2.29 0 0 0 0 0 0 1.35 0 0 0.78 0 0 0 0 0 0 3.15 0 0 0.73 0 0 0 0 0 0 4.15 0 0 0.3 0 0 0 0 0 0 1.56 0 0 2.79 0 0 0 0 0 0 2.49 0 0 3.58 0 0 0 0 0 0 0 0 0 0 0 0 0 0 0 0 0 0 0 0 0 0 0 0 0 0 0 0 0 0 0 0 0 0 0 0 0 0 0 0 0 0 0 0 0 0 0 0 0 0 0 0 0 0 0 0 0 0 0 0 0 0 0 0 0 0 0 0 0 0 0 0 0 0 0 0 0 0 0 0 0 0 0 0 0 0 0 0 0 0 0 0 0 0 0 0 0 0 0 0 0 0 0 0 0 0 0 0 0 0 0 0 1.09 0 0 0 0 0 0 0 0 0 1.65 0 0 0 0 0 0 0 0 0 1.99 0 0 0 0 0 0 0 0 0 4.43 0 0 0 0 0 0 0 0 0 0.39 0 0 0 0 0 0 0 0 0 1.44 0 0 0 0 0 0 0 0 0 1.38 0 0 0 0 0 0 0 0 0 0.22 0 0 0 0 0 0 0 0 0 1.51 0 0 0 0 0 0 0 0 0 3.84 0 0 0 0 0 0 0 0 0 1.6 0 0 0 0 0 0 0 0 0 3.67 0 0 0 0 0 0 0 0 0 0.41 0 0 0 0 0 0 0 0 0 3.06 0 0 0 0 0 0 0 0 0 0.77 0 0 0 0 0 0 0 0 0 2.33 0 0 0 0 0 0 0 0 0 0.73 0 0 0 0 0 0 0 0 0 5.3 0 0 0 0 0 0 0 0 0 0.22 0 0 0 0 0 0 0 0 0 0.88 0 0 0 1.57 0 0 2.05 0 0 0 0 0 0 0.73 0 0 3.2 0 0 0 0 0 0 1.17 0 0 3.97 0 0 0 0 0 0 2.33 0 0 1.88 0 0 0 0 0 0 0.15 0 0 5.39 0 0 0 0 0 0 1.02 0 0 1.97 0 0 0 0 0 0 2.72 0 0 5.33 0 0 0 0 0 0 1.56 0 0 1.09 0 0 0 0 0 0 2.38 0 0 1.75 0 0 0 0 0 0 2.7 0 0 0.51 0 0 0 0 0 0 0 0 0 0 0 0 0 0 0 0 0 0 0 0 0 0 0 0 0 0 0 0 0 0 0 0 0 0 0 0 0 0 0 0 0 0 0 0 0 0 0 0 0 0 0 0 0 0 0 0 0 0 0 0 0 0 0 0 0 0 0 0 0 0 0 0 0 0 0 0 0 0 0 0 0 0 0 0 0 0 0 0 0 0 0 0 0 0 0 0 0 0 0 0 0 0 0 0 0 0 0 0 0 0 0 0 0.68 0 0 0 0 0 0 0 0 0 0.79 0 0 0 0 0 0 0 0 0 3.3 0 0 0 0 0 0 0 0 0 0.34 0 0 0 0 0 0 0 0 0 1.35 0 0 0 0 0 0 0 0 0 1.98 0 0 0 0 0 0 0 0 0 0.64 0 0 0 0 0 0 0 0 0 3.48 0 0 0 0 0 0 0 0 0 0.25 0 0 0 0 0 0 0 0 0 0.45 0 0 0 1.28 0 0 0.79 0 0 0 0 0 0 4.37 0 0 1.49 0 0 0 0 0 0 2.18 0 0 4.36 0 0 0 0 0 0 4.51 0 0 1.21 0 0 0 0 0 0 0.33 0 0 2.93 0 0 0 0 0 0 0.66 0 0 1.45 0 0 0 0 0 0 0.76 0 0 1.03 0 0 0 0 0 0 0.59 0 0 0.86 0 0 0 0 0 0 4.65 0 0 0.67 0 0 0 0 0 0 2.01 0 0 3.28 0 0 0 0 0 0 0 0 0 0 0 0 0 0 0 0 0 0 0 0 0 0 0 0 0 0 0 0 0 0 0 0 0 0 0 0 0 0 0 0 0 0 0 0 0 0 0 0 0 0 0 0 0 0 0 0 0 0 0 0 0 0 0 0 0 0 0 0 0 0 0 0 0 0 0 0 0 0 0 0 0 0 0 0 0 0 0 0 0 0 0 0 0 0 0 0 0 0 0 0 0 0 0 0 0 0 0 0 0 0 0 0 0.17 0 0 0 0 0 0 0 0 0 0.84 0 0 0 0 0 0 0 0 0 1.82 0 0 0 0 0 0 0 0 0 1.88 0 0 0 0 0 0 0 0 0 2.96 0 0 0 0 0 0 0 0 0 1.91 0 0 0 0 0 0 0 0 0 0.88 0 0 0 0 0 0 0 0 0 0.53 0 0 0 0 0 0 0 0 0 2.26 0 0 0 0 0 0 0 0 0 5.19 0 0 0 3.51 0 0 0.31 0 0 0 0 0 0 1.86 0 0 0.09 0 0 0 0 0 0 5.1 0 0 0.57 0 0 0 0 0 0 5.98 0 0 0.2 0 0 0 0 0 0 1.06 0 0 2.39 0 0 0 0 0 0 0.85 0 0 5.22 0 0 0 0 0 0 2.21 0 0 3.67 0 0 0 0 0 0 1.78 0 0 0.31 0 0 0 0 0 0 1.83 0 0 4.21 0 0 0 0 0 0 2.58 0 0 3.38 0 0 0 0 0 0 0 0 0 0 0 0 0 0 0 0 0 0 0 0 0 0 0 0 0 0 0 0 0 0 0 0 0 0 0 0 0 0 0 0 0 0 0 0 0 0 0 0 0 0 0 0 0 0 0 0 0 0 0 0 0 0 0 0 0 0 0 0 0 0 0 0 0 0 0 0 0 0 0 0 0 0 0 0 0 0 0 0 0 0 0 0 0 0 0 0 0 0 0 0 0 0 0 0 0 0 0 0 0 0 0 0 0.61 0 0 0 0 0 0 0 0 0 1.34 0 0 0 0 0 0 0 0 0 0.15 0 0 0 0 0 0 0 0 0 0.86 0 0 0 0 0 0 0 0 0 5.04 0 0 0 0 0 0 0 0 0 3.1 0 0 0 0 0 0 0 0 0 2.42 0 0 0 0 0 0 0 0 0 4.87 0 0 0 0 0 0 0 0 0 1.95 0 0 0 0 0 0 0 0 0 0.3 0 0 
0 0 0 0 0 0 0 0.97 0 0 0 0 0 0 0 0 0 5.71 0 0 0 0 0 0 0 0 0 2.83 0 0 0 0 0 0 0 0 0 0.16 0 0 0 0 0 0 0 0 0 1.96 0 0 0 0 0 0 0 0 0 2.58 0 0 0 0 0 0 0 0 0 2.36 0 0 0 0 0 0 0 0 0 0.23 0 0 0 0 0 0 0 0 0 0.44 0 0 0 0 0 0 0 0 0 2.38 0 0 0 0.88 0 0 4.88 0 0 0 0 0 0 1.14 0 0 1.15 0 0 0 0 0 0 2.18 0 0 2.8 0 0 0 0 0 0 0.43 0 0 3.62 0 0 0 0 0 0 0.52 0 0 1.49 0 0 0 0 0 0 0.51 0 0 2.36 0 0 0 0 0 0 1.91 0 0 2.1 0 0 0 0 0 0 1.4 0 0 3.78 0 0 0 0 0 0 0.19 0 0 0.6 0 0 0 0 0 0 3.73 0 0 2.92 0 0 0 0 0 0 0 0 0 0 0 0 0 0 0 0 0 0 0 0 0 0 0 0 0 0 0 0 0 0 0 0 0 0 0 0 0 0 0 0 0 0 0 0 0 0 0 0 0 0 0 0 0 0 0 0 0 0 0 0 0 0 0 0 0 0 0 0 0 0 0 0 0 0 0 0 0 0 0 0 0 0 0 0 0 0 0 0 0 0 0 0 0 0 0 0 0 0 0 0 0 0 0 0 0 0 0 0 0 0 0 0 4.48 0 0 0 0 0 0 0 0 0 0.72 0 0 0 0 0 0 0 0 0 3.52 0 0 0 0 0 0 0 0 0 3.7 0 0 0 0 0 0 0 0 0 0.51 0 0 0 0 0 0 0 0 0 1.25 0 0 0 0 0 0 0 0 0 4.46 0 0 0 0 0 0 0 0 0 1.25 0 0 0 0 0 0 0 0 0 0.04 0 0 0 0 0 0 0 0 0 0.23 0 0 0 1.11 0 0 1.05 0 0 0 0 0 0 3.42 0 0 2.24 0 0 0 0 0 0 1.49 0 0 0.65 0 0 0 0 0 0 1.88 0 0 0.93 0 0 0 0 0 0 4.8 0 0 0.8 0 0 0 0 0 0 0.37 0 0 0.55 0 0 0 0 0 0 4.73 0 0 2.11 0 0 0 0 0 0 4.16 0 0 3.15 0 0 0 0 0 0 0.65 0 0 0.92 0 0 0 0 0 0 3.05 0 0 2.36 0 0 0 0 0 0 0 0 0 0 0 0 0 0 0 0 0 0 0 0 0 0 0 0 0 0 0 0 0 0 0 0 0 0 0 0 0 0 0 0 0 0 0 0 0 0 0 0 0 0 0 0 0 0 0 0 0 0 0 0 0 0 0 0 0 0 0 0 0 0 0 0 0 0 0 0 0 0 0 0 0 0 0 0 0 0 0 0 0 0 0 0 0 0 0 0 0 0 0 0 0 0 0 0 0 0 0 0 0 0 0 0 2.42 0 0 0 0 0 0 0 0 0 4.73 0 0 0 0 0 0 0 0 0 4.85 0 0 0 0 0 0 0 0 0 2.22 0 0 0 0 0 0 0 0 0 0.81 0 0 0 0 0 0 0 0 0 0.09 0 0 0 0 0 0 0 0 0 1.83 0 0 0 0 0 0 0 0 0 0.79 0 0 0 0 0 0 0 0 0 6.21 0 0 0 0 0 0 0 0 0 2.09 0 0 0 4.72 0 0 1.6 0 0 0 0 0 0 1.43 0 0 2.48 0 0 0 0 0 0 0.61 0 0 0.77 0 0 0 0 0 0 0.85 0 0 0.29 0 0 0 0 0 0 0.99 0 0 3.08 0 0 0 0 0 0 3.5 0 0 1.59 0 0 0 0 0 0 2.04 0 0 3.63 0 0 0 0 0 0 0.22 0 0 2.03 0 0 0 0 0 0 4.65 0 0 4.27 0 0 0 0 0 0 4.62 0 0 0.9 0 0 0 0 0 0 0 0 0 0 0 0 0 0 0 0 0 0 0 0 0 0 0 0 0 0 0 0 0 0 0 0 0 0 0 0 0 0 0 0 0 0 0 0 0 0 0 0 0 0 0 0 0 0 0 0 0 0 0 0 0 0 0 0 0 0 0 0 0 0 0 0 0 0 0 0 0 0 0 0 0 0 0 0 0 0 0 0 0 0 0 0 0 0 0 0 0 0 0 0 0 0 0 0 0 0 0 0 0 0 0 0 0.62 0 0 0 0 0 0 0 0 0 0.69 0 0 0 0 0 0 0 0 0 3.34 0 0 0 0 0 0 0 0 0 1.58 0 0 0 0 0 0 0 0 0 0.73 0 0 0 0 0 0 0 0 0 0.58 0 0 0 0 0 0 0 0 0 0.96 0 0 0 0 0 0 0 0 0 0.51 0 0 0 0 0 0 0 0 0 3.27 0 0 0 0 0 0 0 0 0 0.39 0 0 0 0 0 0 0 0 0 1.43 0 0 0 0 0 0 0 0 0 5.44 0 0 0 0 0 0 0 0 0 3.05 0 0 0 0 0 0 0 0 0 4.44 0 0 0 0 0 0 0 0 0 4.24 0 0 0 0 0 0 0 0 0 0.78 0 0 0 0 0 0 0 0 0 1.15 0 0 0 0 0 0 0 0 0 3.6 0 0 0 0 0 0 0 0 0 3.15 0 0 0 0 0 0 0 0 0 2.17 0 0 0 4.55 0 0 1.4 0 0 0 0 0 0 1.59 0 0 1.75 0 0 0 0 0 0 2.73 0 0 2.66 0 0 0 0 0 0 3.68 0 0 5.35 0 0 0 0 0 0 2.09 0 0 1.53 0 0 0 0 0 0 4.5 0 0 4.09 0 0 0 0 0 0 3.59 0 0 5.02 0 0 0 0 0 0 3.48 0 0 4.14 0 0 0 0 0 0 0.3 0 0 1.87 0 0 0 0 0 0 2.5 0 0 2.03 0 0 0 0 0 0 0 0 0 0 0 0 0 0 0 0 0 0 0 0 0 0 0 0 0 0 0 0 0 0 0 0 0 0 0 0 0 0 0 0 0 0 0 0 0 0 0 0 0 0 0 0 0 0 0 0 0 0 0 0 0 0 0 0 0 0 0 0 0 0 0 0 0 0 0 0 0 0 0 0 0 0 0 0 0 0 0 0 0 0 0 0 0 0 0 0 0 0 0 0 0 0 0 0 0 0 0 0 0 0 0 0 3.17 0 0 0 0 0 0 0 0 0 0.68 0 0 0 0 0 0 0 0 0 4.93 0 0 0 0 0 0 0 0 0 0.63 0 0 0 0 0 0 0 0 0 2.64 0 0 0 0 0 0 0 0 0 5.44 0 0 0 0 0 0 0 0 0 1.3 0 0 0 0 0 0 0 0 0 0.52 0 0 0 0 0 0 0 0 0 1.5 0 0 0 0 0 0 0 0 0 1.75 0 0 0 3.43 0 0 0.52 0 0 0 0 0 0 1.45 0 0 0.16 0 0 0 0 0 0 2.2 0 0 4.51 0 0 0 0 0 0 5.36 0 0 3.46 0 0 0 0 0 0 4.57 0 0 2.81 0 0 0 0 0 0 4.3 0 0 5.06 0 0 0 0 0 0 5.16 0 0 0.79 0 0 0 0 0 0 3.25 0 0 0.84 0 0 0 0 0 0 0.34 0 0 5.18 0 0 0 0 0 0 0.34 0 0 4.01 0 0 0 0 0 0 0 0 0 0 0 0 0 0 0 0 0 0 0 0 0 0 0 0 0 0 0 0 0 0 0 0 0 0 0 0 0 0 0 0 0 0 0 0 0 0 0 0 0 0 0 0 0 0 0 0 0 0 0 0 0 0 0 0 0 0 0 0 0 0 0 0 0 0 0 0 0 0 0 0 0 0 0 0 0 0 0 0 0 0 0 0 0 0 0 0 0 0 0 0 0 0 0 0 0 0 0 0 0 0 0 0 3.73 0 0 0 0 0 0 0 0 0 0.09 0 0 0 0 0 0 0 0 0 2.79 0 0 0 0 0 0 0 0 0 4.68 0 0 0 0 0 0 0 0 0 0.63 0 0 0 0 0 0 0 0 0 3.79 0 0 0 0 0 0 0 0 0 3.44 0 0 0 0 0 0 0 0 0 0.65 0 0 0 0 0 0 0 0 0 4.61 0 0 0 0 0 0 0 0 0 2.47 0 0 0 3.54 0 0 2 0 0 0 0 0 0 2.37 0 0 2.82 0 0 0 0 0 0 3.14 0 0 3.24 0 0 0 0 0 0 0.92 0 0 4.17 0 0 0 0 0 0 0.33 0 0 1.45 0 0 0 0 0 0 1.76 0 0 4.35 0 0 0 0 0 0 0.15 0 0 0.66 0 0 0 0 0 0 2.92 0 0 0.65 0 0 0 0 0 0 0.8 0 0 0.85 0 0 0 0 0 0 3.74 0 0 0.31 0 0 0 0 0 0 0 0 0 0 0 0 0 0 0 0 0 0 0 0 0 0 0 0 0 0 0 0 0 0 0 0 0 0 0 0 0 0 0 0 0 0 0 0 0 0 0 0 0 0 0 0 0 0 0 0 0 0 0 0 0 0 0 0 0 0 0 0 0 0 0 0 0 0 0 0 0 0 0 0 0 0 0 0 0 0 0 0 0 0 0 0 0 0 0 0 0 0 0 0 0 0 0 0 0 0 0 0 0 0 0 0 0.49 0 0 0 0 0 0 0 0 0 0.6 0 0 0 0 0 0 0 0 0 1.88 0 0 0 0 0 0 0 0 0 3.83 0 0 0 0 0 0 0 0 0 2.21 0 0 0 0 0 0 0 0 0 5.18 0 0 0 0 0 0 0 0 0 0.65 0 0 0 0 0 0 0 0 0 0.5 0 0 0 0 0 0 0 0 0 4.71 0 0 0 0 0 0 0 0 0 2.01 0 0 0 0 0 0 0 0 0 3.12 0 0 0 0 0 0 0 0 0 0.79 0 0 0 0 0 0 0 0 0 0.68 0 0 0 0 0 0 0 0 0 2.86 0 0 0 0 0 0 0 0 0 1.46 0 0 0 0 0 0 0 0 0 0.16 0 0 0 0 0 0 0 0 0 3.7 0 0 0 0 0 0 0 0 0 2.66 0 0 0 0 0 0 0 0 0 2.96 0 0 0 0 0 0 0 0 0 2.16 0 0 0 1.69 0 0 0.44 0 0 0 0 0 0 0.14 0 0 3.53 0 0 0 0 0 0 1.73 0 0 1.09 0 0 0 0 0 0 1.72 0 0 3.9 0 0 0 0 0 0 0.77 0 0 2.6 0 0 0 0 0 0 2.99 0 0 3.78 0 0 0 0 0 0 2.96 0 0 1.75 0 0 0 0 0 0 1.83 0 0 0.41 0 0 0 0 0 0 4.96 0 0 0.82 0 0 0 0 0 0 2.68 0 0 1.71 0 0 0 0 0 0 0 0 0 0 0 0 0 0 0 0 0 0 0 0 0 0 0 0 0 0 0 0 0 0 0 0 0 0 0 0 0 0 0 0 0 0 0 0 0 0 0 0 0 0 0 0 0 0 0 0 0 0 0 0 0 0 0 0 0 0 0 0 0 0 0 0 0 0 0 0 0 0 0 0 0 0 0 0 0 0 0 0 0 0 0 0 0 0 0 0 0 0 0 0 0 0 0 0 0 0 0 0 0 0 0 0 2.35 0 0 0 0 0 0 0 0 0 0.53 0 0 0 0 0 0 0 0 0 1.23 0 0 0 0 0 0 0 0 0 2.22 0 0 0 0 0 0 0 0 0 1.11 0 0 0 0 0 0 0 0 0 0.16 0 0 0 0 0 0 0 0 0 3.98 0 0 0 0 0 0 0 0 0 0.16 0 0 0 0 0 0 0 0 0 3.18 0 0 0 0 0 0 0 0 0 4.98 0 0 0 5.33 0 0 0.08 0 0 0 0 0 0 1.64 0 0 1.97 0 0 0 0 0 0 1.53 0 0 4.44 0 0 0 0 0 0 3.57 0 0 1.05 0 0 0 0 0 0 0.69 0 0 0.3 0 0 0 0 0 0 0.47 0 0 5.18 0 0 0 0 0 0 3.39 0 0 3.08 0 0 0 0 0 0 4.81 0 0 1.43 0 0 0 0 0 0 4.64 0 0 4.07 0 0 0 0 0 0 0.86 0 0 2.17 0 0 0 0 0 0 0 0 0 0 0 0 0 0 0 0 0 0 0 0 0 0 0 0 0 0 0 0 0 0 0 0 0 0 0 0 0 0 0 0 0 0 0 0 0 0 0 0 0 0 0 0 0 0 0 0 0 0 0 0 0 0 0 0 0 0 0 0 0 0 0 0 0 0 0 0 0 0 0 0 0 0 0 0 0 0 0 0 0 0 0 0 0 0 0 0 0 0 0 0 0 0 0 0 0 0 0 0 0 0 0 0 3.06 0 0 0 0 0 0 0 0 0 0.62 0 0 0 0 0 0 0 0 0 0.16 0 0 0 0 0 0 0 0 0 2.1 0 0 0 0 0 0 0 0 0 3.94 0 0 0 0 0 0 0 0 0 3.64 0 0 0 0 0 0 0 0 0 0.23 0 0 0 0 0 0 0 0 0 5.01 0 0 0 0 0 0 0 0 0 3.23 0 0 0 0 0 0 0 0 0 4.96 0 0 0 0.84 0 0 0.15 0 0 0 0 0 0 0.31 0 0 0.1 0 0 0 0 0 0 2.1 0 0 3.31 0 0 0 0 0 0 0.09 0 0 1.07 0 0 0 0 0 0 2.55 0 0 0.35 0 0 0 0 0 0 4.2 0 0 4.65 0 0 0 0 0 0 0.31 0 0 0.37 0 0 0 0 0 0 2.22 0 0 5.03 0 0 0 0 0 0 1.66 0 0 4.35 0 0 0 0 0 0 2.1 0 0 5.35 0 0 0 0 0 0 0 0 0 0 0 0 0 0 0 0 0 0 0 0 0 0 0 0 0 0 0 0 0 0 0 0 0 0 0 0 0 0 0 0 0 0 0 0 0 0 0 0 0 0 0 0 0 0 0 0 0 0 0 0 0 0 0 0 0 0 0 0 0 0 0 0 0 0 0 0 0 0 0 0 0 0 0 0 0 0 0 0 0 0 0 0 0 0 0 0 0 0 0 0 0 0 0 0 0 0 0 0 0 0 0 0 0.81 0 0 0 0 0 0 0 0 0 0.65 0 0 0 0 0 0 0 0 0 2.95 0 0 0 0 0 0 0 0 0 2.12 0 0 0 0 0 0 0 0 0 2.95 0 0 0 0 0 0 0 0 0 2.47 0 0 0 0 0 0 0 0 0 0.83 0 0 0 0 0 0 0 0 0 3.04 0 0 0 0 0 0 0 0 0 4.81 0 0 0 0 0 0 0 0 0 1.44 0 0 0 0 0 0 0 0 0 3.88 0 0 0 0 0 0 0 0 0 1.73 0 0 0 0 0 0 0 0 0 3.51 0 0 0 0 0 0 0 0 0 4.52 0 0 0 0 0 0 0 0 0 2.81 0 0 0 0 0 0 0 0 0 0.7 0 0 0 0 0 0 0 0 0 3.61 0 0 0 0 0 0 0 0 0 5.5 0 0 0 0 0 0 0 0 0 2.69 0 0 0 0 0 0 0 0 0 1.17 0 0 0 1.12 0 0 1.88 0 0 0 0 0 0 2.45 0 0 1.06 0 0 0 0 0 0 2.78 0 0 0.13 0 0 0 0 0 0 0.43 0 0 0.8 0 0 0 0 0 0 3.06 0 0 0.25 0 0 0 0 0 0 0.22 0 0 0.29 0 0 0 0 0 0 1.77 0 0 1.44 0 0 0 0 0 0 4.79 0 0 2.44 0 0 0 0 0 0 0.42 0 0 0.79 0 0 0 0 0 0 0.52 0 0 1.25 0 0 0 0 0 0 0 0 0 0 0 0 0 0 0 0 0 0 0 0 0 0 0 0 0 0 0 0 0 0 0 0 0 0 0 0 0 0 0 0 0 0 0 0 0 0 0 0 0 0 0 0 0 0 0 0 0 0 0 0 0 0 0 0 0 0 0 0 0 0 0 0 0 0 0 0 0 0 0 0 0 0 0 0 0 0 0 0 0 0 0 0 0 0 0 0 0 0 0 0 0 0 0 0 0 0 0 0 0 0 0 0 1.21 0 0 0 0 0 0 0 0 0 1.36 0 0 0 0 0 0 0 0 0 3.96 0 0 0 0 0 0 0 0 0 3.1 0 0 0 0 0 0 0 0 0 2.78 0 0 0 0 0 0 0 0 0 4.24 0 0 0 0 0 0 0 0 0 0.37 0 0 0 0 0 0 0 0 0 1.32 0 0 0 0 0 0 0 0 0 3.94 0 0 0 0 0 0 0 0 0 0.09 0 0 0 1.09 0 0 2.06 0 0 0 0 0 0 0.69 0 0 0.46 0 0 0 0 0 0 2.64 0 0 2.25 0 0 0 0 0 0 1.08 0 0 0.44 0 0 0 0 0 0 4.27 0 0 3.24 0 0 0 0 0 0 3.51 0 0 3.93 0 0 0 0 0 0 3.09 0 0 4.1 0 0 0 0 0 0 1.76 0 0 3.75 0 0 0 0 0 0 3.67 0 0 0.26 0 0 0 0 0 0 3.47 0 0 0.88 0 0 0 0 0 0 0 0 0 0 0 0 0 0 0 0 0 0 0 0 0 0 0 0 0 0 0 0 0 0 0 0 0 0 0 0 0 0 0 0 0 0 0 0 0 0 0 0 0 0 0 0 0 0 0 0 0 0 0 0 0 0 0 0 0 0 0 0 0 0 0 0 0 0 0 0 0 0 0 0 0 0 0 0 0 0 0 0 0 0 0 0 0 0 0 0 0 0 0 0 0 0 0 0 0 0 0 0 0 0 0 0 5.02 0 0 0 0 0 0 0 0 0 0.9 0 0 0 0 0 0 0 0 0 0.46 0 0 0 0 0 0 0 0 0 0.65 0 0 0 0 0 0 0 0 0 1.65 0 0 0 0 0 0 0 0 0 0.09 0 0 0 0 0 0 0 0 0 0.49 0 0 0 0 0 0 0 0 0 2.05 0 0 0 0 0 0 0 0 0 0.19 0 0 0 0 0 0 0 0 0 4.82 0 0 0 5.03 0 0 3.32 0 0 0 0 0 0 2.84 0 0 5.29 0 0 0 0 0 0 0.91 0 0 0.54 0 0 0 0 0 0 0.37 0 0 0.06 0 0 0 0 0 0 2.83 0 0 0.28 0 0 0 0 0 0 2.45 0 0 0.88 0 0 0 0 0 0 3.19 0 0 3.31 0 0 0 0 0 0 5.58 0 0 0.52 0 0 0 0 0 0 3.93 0 0 5.59 0 0 0 0 0 0 1.18 0 0 1.73 0 0 0 0 0 0 0 0 0 0 0 0 0 0 0 0 0 0 0 0 0 0 0 0 0 0 0 0 0 0 0 0 0 0 0 0 0 0 0 0 0 0 0 0 0 0 0 0 0 0 0 0 0 0 0 0 0 0 0 0 0 0 0 0 0 0 0 0 0 0 0 0 0 0 0 0 0 0 0 0 0 0 0 0 0 0 0 0 0 0 0 0 0 0 0 0 0 0 0 0 0 0 0 0 0 0 0 0 0 0 0 0 1.62 0 0 0 0 0 0 0 0 0 1.02 0 0 0 0 0 0 0 0 0 3.68 0 0 0 0 0 0 0 0 0 0.81 0 0 0 0 0 0 0 0 0 3.53 0 0 0 0 0 0 0 0 0 2.22 0 0 0 0 0 0 0 0 0 1.05 0 0 0 0 0 0 0 0 0 0.34 0 0 0 0 0 0 0 0 0 1.16 0 0 0 0 0 0 0 0 0 2.17 0 0 0 0 0 0 0 0 0 1.2 0 0 0 0 0 0 0 0 0 0.19 0 0 0 0 0 0 0 0 0 1.36 0 0 0 0 0 0 0 0 0 1.42 0 0 0 0 0 0 0 0 0 1.48 0 0 0 0 0 0 0 0 0 2.86 0 0 0 0 0 0 0 0 0 1.59 0 0 0 0 0 0 0 0 0 6.07 0 0 0 0 0 0 0 0 0 3.52 0 0 0 0 0 0 0 0 0 2.06 0 0 0 0.53 0 0 2.68 0 0 0 0 0 0 3.5 0 0 2.08 0 0 0 0 0 0 0.8 0 0 0.99 0 0 0 0 0 0 3.58 0 0 1.11 0 0 0 0 0 0 0.49 0 0 4.45 0 0 0 0 0 0 2.86 0 0 1.62 0 0 0 0 0 0 0.75 0 0 0.67 0 0 0 0 0 0 0.48 0 0 3.68 0 0 0 0 0 0 0.5 0 0 2.04 0 0 0 0 0 0 5.35 0 0 1.1 0 0 0 0 0 0 0 0 0 0 0 0 0 0 0 0 0 0 0 0 0 0 0 0 0 0 0 0 0 0 0 0 0 0 0 0 0 0 0 0 0 0 0 0 0 0 0 0 0 0 0 0 0 0 0 0 0 0 0 0 0 0 0 0 0 0 0 0 0 0 0 0 0 0 0 0 0 0 0 0 0 0 0 0 0 0 0 0 0 0 0 0 0 0 0 0 0 0 0 0 0 0 0 0 0 0 0 0 0 0 0 0 1.35 0 0 0 0 0 0 0 0 0 3.05 0 0 0 0 0 0 0 0 0 1.5 0 0 0 0 0 0 0 0 0 3.39 0 0 0 0 0 0 0 0 0 0.25 0 0 0 0 0 0 0 0 0 1.27 0 0 0 0 0 0 0 0 0 0.19 0 0 0 0 0 0 0 0 0 0.33 0 0 0 0 0 0 0 0 0 2.85 0 0 0 0 0 0 0 0 0 0.38 0 0 0 2.49 0 0 4.09 0 0 0 0 0 0 5.84 0 0 0.35 0 0 0 0 0 0 2.93 0 0 3.87 0 0 0 0 0 0 0.6 0 0 4.57 0 0 0 0 0 0 2.13 0 0 1.7 0 0 0 0 0 0 3.8 0 0 0.12 0 0 0 0 0 0 1.18 0 0 1.73 0 0 0 0 0 0 0.46 0 0 0.86 0 0 0 0 0 0 0.2 0 0 1.79 0 0 0 0 0 0 3.13 0 0 1.17 0 0 0 0 0 0 0 0 0 0 0 0 0 0 0 0 0 0 0 0 0 0 0 0 0 0 0 0 0 0 0 0 0 0 0 0 0 0 0 0 0 0 0 0 0 0 0 0 0 0 0 0 0 0 0 0 0 0 0 0 0 0 0 0 0 0 0 0 0 0 0 0 0 0 0 0 0 0 0 0 0 0 0 0 0 0 0 0 0 0 0 0 0 0 0 0 0 0 0 0 0 0 0 0 0 0 0 0 0 0 0 0 2.26 0 0 0 0 0 0 0 0 0 1.39 0 0 0 0 0 0 0 0 0 2.12 0 0 0 0 0 0 0 0 0 2.98 0 0 0 0 0 0 0 0 0 4.37 0 0 0 0 0 0 0 0 0 2.1 0 0 0 0 0 0 0 0 0 4 0 0 0 0 0 0 0 0 0 1.85 0 0 0 0 0 0 0 0 0 2.27 0 0 0 0 0 0 0 0 0 4.59 0 0 0 2.53 0 0 0.63 0 0 0 0 0 0 4.24 0 0 2.03 0 0 0 0 0 0 3.98 0 0 0.17 0 0 0 0 0 0 1.4 0 0 0.29 0 0 0 0 0 0 1.33 0 0 5.34 0 0 0 0 0 0 1.58 0 0 0.16 0 0 0 0 0 0 2.23 0 0 0.53 0 0 0 0 0 0 1.53 0 0 3.33 0 0 0 0 0 0 0.59 0 0 1.12 0 0 0 0 0 0 4.96 0 0 3.05 0 0 0 0 0 0 0 0 0 0 0 0 0 0 0 0 0 0 0 0 0 0 0 0 0 0 0 0 0 0 0 0 0 0 0 0 0 0 0 0 0 0 0 0 0 0 0 0 0 0 0 0 0 0 0 0 0 0 0 0 0 0 0 0 0 0 0 0 0 0 0 0 0 0 0 0 0 0 0 0 0 0 0 0 0 0 0 0 0 0 0 0 0 0 0 0 0 0 0 0 0 0 0 0 0 0 0 0 0 0 0 0 3.86 0 0 0 0 0 0 0 0 0 1.37 0 0 0 0 0 0 0 0 0 0.76 0 0 0 0 0 0 0 0 0 1.17 0 0 0 0 0 0 0 0 0 1.23 0 0 0 0 0 0 0 0 0 2.41 0 0 0 0 0 0 0 0 0 4.36 0 0 0 0 0 0 0 0 0 5.43 0 0 0 0 0 0 0 0 0 0.83 0 0 0 0 0 0 0 0 0 0.84 0 0 0 0 0 0 0 0 0 2.12 0 0 0 0 0 0 0 0 0 1.33 0 0 0 0 0 0 0 0 0 2.67 0 0 0 0 0 0 0 0 0 2.44 0 0 0 0 0 0 0 0 0 5.19 0 0 0 0 0 0 0 0 0 2.21 0 0 0 0 0 0 0 0 0 3.6 0 0 0 0 0 0 0 0 0 0.94 0 0 0 0 0 0 0 0 0 4.11 0 0 0 0 0 0 0 0 0 1.28 0 0 0 0.11 0 0 3.2 0 0 0 0 0 0 1.14 0 0 3.15 0 0 0 0 0 0 3.47 0 0 3.91 0 0 0 0 0 0 0.37 0 0 0.24 0 0 0 0 0 0 1.8 0 0 0.14 0 0 0 0 0 0 0.73 0 0 5.76 0 0 0 0 0 0 0.95 0 0 0.5 0 0 0 0 0 0 4.03 0 0 1.1 0 0 0 0 0 0 0.76 0 0 3.26 0 0 0 0 0 0 1.45 0 0 0.71 0 0 0 0 0 0 0 0 0 0 0 0 0 0 0 0 0 0 0 0 0 0 0 0 0 0 0 0 0 0 0 0 0 0 0 0 0 0 0 0 0 0 0 0 0 0 0 0 0 0 0 0 0 0 0 0 0 0 0 0 0 0 0 0 0 0 0 0 0 0 0 0 0 0 0 0 0 0 0 0 0 0 0 0 0 0 0 0 0 0 0 0 0 0 0 0 0 0 0 0 0 0 0 0 0 0 0 0 0 0 0 0 1.56 0 0 0 0 0 0 0 0 0 4.09 0 0 0 0 0 0 0 0 0 3.94 0 0 0 0 0 0 0 0 0 0.43 0 0 0 0 0 0 0 0 0 3.82 0 0 0 0 0 0 0 0 0 4.1 0 0 0 0 0 0 0 0 0 0.32 0 0 0 0 0 0 0 0 0 3.73 0 0 0 0 0 0 0 0 0 1.11 0 0 0 0 0 0 0 0 0 6.17 0 0 0 2.33 0 0 0.36 0 0 0 0 0 0 1.15 0 0 4.14 0 0 0 0 0 0 3.23 0 0 0.96 0 0 0 0 0 0 2.5 0 0 0.32 0 0 0 0 0 0 3.77 0 0 0.47 0 0 0 0 0 0 1.63 0 0 0.44 0 0 0 0 0 0 5.03 0 0 5.21 0 0 0 0 0 0 4.45 0 0 2.96 0 0 0 0 0 0 5.01 0 0 1.4 0 0 0 0 0 0 3.52 0 0 1.69 0 0 0 0 0 0 0 0 0 0 0 0 0 0 0 0 0 0 0 0 0 0 0 0 0 0 0 0 0 0 0 0 0 0 0 0 0 0 0 0 0 0 0 0 0 0 0 0 0 0 0 0 0 0 0 0 0 0 0 0 0 0 0 0 0 0 0 0 0 0 0 0 0 0 0 0 0 0 0 0 0 0 0 0 0 0 0 0 0 0 0 0 0 0 0 0 0 0 0 0 0 0 0 0 0 0 0 0 0 0 0 0 4.18 0 0 0 0 0 0 0 0 0 3.15 0 0 0 0 0 0 0 0 0 4.4 0 0 0 0 0 0 0 0 0 3.12 0 0 0 0 0 0 0 0 0 1.57 0 0 0 0 0 0 0 0 0 1.19 0 0 0 0 0 0 0 0 0 0.15 0 0 0 0 0 0 0 0 0 1.85 0 0 0 0 0 0 0 0 0 4.69 0 0 0 0 0 0 0 0 0 4.95 0 0 0 0.93 0 0 0.23 0 0 0 0 0 0 0.84 0 0 0.29 0 0 0 0 0 0 0.09 0 0 0.3 0 0 0 0 0 0 1.44 0 0 4.4 0 0 0 0 0 0 2.27 0 0 2.33 0 0 0 0 0 0 1.9 0 0 1.5 0 0 0 0 0 0 1.54 0 0 0.67 0 0 0 0 0 0 2.12 0 0 2.16 0 0 0 0 0 0 0.66 0 0 0.8 0 0 0 0 0 0 0.34 0 0 1.99 0 0 0 0 0 0 0 0 0 0 0 0 0 0 0 0 0 0 0 0 0 0 0 0 0 0 0 0 0 0 0 0 0 0 0 0 0 0 0 0 0 0 0 0 0 0 0 0 0 0 0 0 0 0 0 0 0 0 0 0 0 0 0 0 0 0 0 0 0 0 0 0 0 0 0 0 0 0 0 0 0 0 0 0 0 0 0 0 0 0 0 0 0 0 0 0 0 0 0 0 0 0 0 0 0 0 0 0 0 0 0 0 2.79 0 0 0 0 0 0 0 0 0 0.71 0 0 0 0 0 0 0 0 0 1.17 0 0 0 0 0 0 0 0 0 0.82 0 0 0 0 0 0 0 0 0 2.28 0 0 0 0 0 0 0 0 0 2.57 0 0 0 0 0 0 0 0 0 2.82 0 0 0 0 0 0 0 0 0 2.01 0 0 0 0 0 0 0 0 0 1.16 0 0 0 0 0 0 0 0 0 3.25 0 0 0 0 0 0 0 0 0 3.01 0 0 0 0 0 0 0 0 0 3.61 0 0 0 0 0 0 0 0 0 1.71 0 0 0 0 0 0 0 0 0 3.82 0 0 0 0 0 0 0 0 0 0.32 0 0 0 0 0 0 0 0 0 2.48 0 0 0 0 0 0 0 0 0 2.01 0 0 0 0 0 0 0 0 0 4.04 0 0 0 0 0 0 0 0 0 1.95 0 0 0 0 0 0 0 0 0 3.37 0 0 0 1.64 0 0 0.43 0 0 0 0 0 0 1.68 0 0 2.51 0 0 0 0 0 0 0.09 0 0 1.59 0 0 0 0 0 0 2.19 0 0 2.34 0 0 0 0 0 0 2.36 0 0 1.83 0 0 0 0 0 0 4.18 0 0 2.05 0 0 0 0 0 0 2.21 0 0 4.19 0 0 0 0 0 0 2.15 0 0 3.72 0 0 0 0 0 0 2.96 0 0 0.59 0 0 0 0 0 0 0.6 0 0 1.81 0 0 0 0 0 0 0 0 0 0 0 0 0 0 0 0 0 0 0 0 0 0 0 0 0 0 0 0 0 0 0 0 0 0 0 0 0 0 0 0 0 0 0 0 0 0 0 0 0 0 0 0 0 0 0 0 0 0 0 0 0 0 0 0 0 0 0 0 0 0 0 0 0 0 0 0 0 0 0 0 0 0 0 0 0 0 0 0 0 0 0 0 0 0 0 0 0 0 0 0 0 0 0 0 0 0 0 0 0 0 0 0 0.2 0 0 0 0 0 0 0 0 0 0.26 0 0 0 0 0 0 0 0 0 2.57 0 0 0 0 0 0 0 0 0 0.74 0 0 0 0 0 0 0 0 0 1.56 0 0 0 0 0 0 0 0 0 4.84 0 0 0 0 0 0 0 0 0 1.11 0 0 0 0 0 0 0 0 0 2.19 0 0 0 0 0 0 0 0 0 0.87 0 0 0 0 0 0 0 0 0 5.65 0 0 0 0.48 0 0 0.69 0 0 0 0 0 0 3.22 0 0 0.72 0 0 0 0 0 0 1.33 0 0 1.43 0 0 0 0 0 0 1.22 0 0 0.45 0 0 0 0 0 0 4.21 0 0 1.2 0 0 0 0 0 0 0.88 0 0 2.51 0 0 0 0 0 0 1.33 0 0 3.61 0 0 0 0 0 0 1.62 0 0 0.39 0 0 0 0 0 0 3.23 0 0 2.21 0 0 0 0 0 0 0.88 0 0 4.38 0 0 0 0 0 0 0 0 0 0 0 0 0 0 0 0 0 0 0 0 0 0 0 0 0 0 0 0 0 0 0 0 0 0 0 0 0 0 0 0 0 0 0 0 0 0 0 0 0 0 0 0 0 0 0 0 0 0 0 0 0 0 0 0 0 0 0 0 0 0 0 0 0 0 0 0 0 0 0 0 0 0 0 0 0 0 0 0 0 0 0 0 0 0 0 0 0 0 0 0 0 0 0 0 0 0 0 0 0 0 0 0 4.67 0 0 0 0 0 0 0 0 0 4.91 0 0 0 0 0 0 0 0 0 2.48 0 0 0 0 0 0 0 0 0 3.7 0 0 0 0 0 0 0 0 0 3.22 0 0 0 0 0 0 0 0 0 2.22 0 0 0 0 0 0 0 0 0 3.28 0 0 0 0 0 0 0 0 0 1.2 0 0 0 0 0 0 0 0 0 0.21 0 0 0 0 0 0 0 0 0 0.64 0 0 0 0.66 0 0 1.41 0 0 0 0 0 0 0.9 0 0 1.58 0 0 0 0 0 0 1.15 0 0 1.81 0 0 0 0 0 0 3.2 0 0 0.8 0 0 0 0 0 0 2.18 0 0 2.09 0 0 0 0 0 0 0.75 0 0 2.9 0 0 0 0 0 0 5.35 0 0 1.65 0 0 0 0 0 0 1.03 0 0 0.46 0 0 0 0 0 0 0.87 0 0 2.85 0 0 0 0 0 0 1.08 0 0 0.45 0 0 0 0 0 0 0 0 0 0 0 0 0 0 0 0 0 0 0 0 0 0 0 0 0 0 0 0 0 0 0 0 0 0 0 0 0 0 0 0 0 0 0 0 0 0 0 0 0 0 0 0 0 0 0 0 0 0 0 0 0 0 0 0 0 0 0 0 0 0 0 0 0 0 0 0 0 0 0 0 0 0 0 0 0 0 0 0 0 0 0 0 0 0 0 0 0 0 0 0 0 0 0 0 0 0 0 0 0 0 0 0 2.56 0 0 0 0 0 0 0 0 0 0.04 0 0 0 0 0 0 0 0 0 1.34 0 0 0 0 0 0 0 0 0 1.86 0 0 0 0 0 0 0 0 0 2.7 0 0 0 0 0 0 0 0 0 3.62 0 0 0 0 0 0 0 0 0 1.91 0 0 0 0 0 0 0 0 0 3.35 0 0 0 0 0 0 0 0 0 3.64 0 0 0 0 0 0 0 0 0 5.2 0 0 0 0 0 0 0 0 0 1.85 0 0 0 0 0 0 0 0 0 2.28 0 0 0 0 0 0 0 0 0 1.39 0 0 0 0 0 0 0 0 0 2.83 0 0 0 0 0 0 0 0 0 1.03 0 0 0 0 0 0 0 0 0 0.22 0 0 0 0 0 0 0 0 0 3.57 0 0 0 0 0 0 0 0 0 1.65 0 0 0 0 0 0 0 0 0 0.17 0 0 0 0 0 0 0 0 0 0.58 0 0 0 0.46 0 0 2.73 0 0 0 0 0 0 4.32 0 0 2.54 0 0 0 0 0 0 3.75 0 0 0.73 0 0 0 0 0 0 3.64 0 0 0.56 0 0 0 0 0 0 0.71 0 0 0.54 0 0 0 0 0 0 3.81 0 0 0.34 0 0 0 0 0 0 3.06 0 0 1.05 0 0 0 0 0 0 2.65 0 0 2.42 0 0 0 0 0 0 0.83 0 0 4.56 0 0 0 0 0 0 1.76 0 0 0.65 0 0 0 0 0 0 0 0 0 0 0 0 0 0 0 0 0 0 0 0 0 0 0 0 0 0 0 0 0 0 0 0 0 0 0 0 0 0 0 0 0 0 0 0 0 0 0 0 0 0 0 0 0 0 0 0 0 0 0 0 0 0 0 0 0 0 0 0 0 0 0 0 0 0 0 0 0 0 0 0 0 0 0 0 0 0 0 0 0 0 0 0 0 0 0 0 0 0 0 0 0 0 0 0 0 0 0 0 0 0 0 0 1.55 0 0 0 0 0 0 0 0 0 0.68 0 0 0 0 0 0 0 0 0 3.72 0 0 0 0 0 0 0 0 0 0.7 0 0 0 0 0 0 0 0 0 1.99 0 0 0 0 0 0 0 0 0 1.44 0 0 0 0 0 0 0 0 0 1.12 0 0 0 0 0 0 0 0 0 4.49 0 0 0 0 0 0 0 0 0 2.32 0 0 0 0 0 0 0 0 0 1.17 0 0 0 0.79 0 0 0.98 0 0 0 0 0 0 2.2 0 0 0.97 0 0 0 0 0 0 1.18 0 0 2.23 0 0 0 0 0 0 0.16 0 0 0.57 0 0 0 0 0 0 2.45 0 0 0.42 0 0 0 0 0 0 4.01 0 0 1.63 0 0 0 0 0 0 0.15 0 0 0.41 0 0 0 0 0 0 1.43 0 0 1.3 0 0 0 0 0 0 0.41 0 0 3.66 0 0 0 0 0 0 0.42 0 0 1.42 0 0 0 0 0 0 0 0 0 0 0 0 0 0 0 0 0 0 0 0 0 0 0 0 0 0 0 0 0 0 0 0 0 0 0 0 0 0 0 0 0 0 0 0 0 0 0 0 0 0 0 0 0 0 0 0 0 0 0 0 0 0 0 0 0 0 0 0 0 0 0 0 0 0 0 0 0 0 0 0 0 0 0 0 0 0 0 0 0 0 0 0 0 0 0 0 0 0 0 0 0 0 0 0 0 0 0 0 0 0 0 0 1.39 0 0 0 0 0 0 0 0 0 0.74 0 0 0 0 0 0 0 0 0 1.03 0 0 0 0 0 0 0 0 0 1.11 0 0 0 0 0 0 0 0 0 0.06 0 0 0 0 0 0 0 0 0 1.12 0 0 0 0 0 0 0 0 0 2.02 0 0 0 0 0 0 0 0 0 3.76 0 0 0 0 0 0 0 0 0 0.44 0 0 0 0 0 0 0 0 0 0.56 0 0 0 2.05 0 0 1.45 0 0 0 0 0 0 1 0 0 2.88 0 0 0 0 0 0 2.04 0 0 2.38 0 0 0 0 0 0 0.42 0 0 0.28 0 0 0 0 0 0 4.19 0 0 0.37 0 0 0 0 0 0 0.94 0 0 3.32 0 0 0 0 0 0 1.84 0 0 2.33 0 0 0 0 0 0 2.49 0 0 0.34 0 0 0 0 0 0 0.41 0 0 3.76 0 0 0 0 0 0 2.72 0 0 0.99 0 0 0 0 0 0 0 0 0 0 0 0 0 0 0 0 0 0 0 0 0 0 0 0 0 0 0 0 0 0 0 0 0 0 0 0 0 0 0 0 0 0 0 0 0 0 0 0 0 0 0 0 0 0 0 0 0 0 0 0 0 0 0 0 0 0 0 0 0 0 0 0 0 0 0 0 0 0 0 0 0 0 0 0 0 0 0 0 0 0 0 0 0 0 0 0 0 0 0 0 0 0 0 0 0 0 0 0 0 0 0 0 3.67 0 0 0 0 0 0 0 0 0 3.7 0 0 0 0 0 0 0 0 0 0.96 0 0 0 0 0 0 0 0 0 4.9 0 0 0 0 0 0 0 0 0 0.61 0 0 0 0 0 0 0 0 0 0.28 0 0 0 0 0 0 0 0 0 1.52 0 0 0 0 0 0 0 0 0 2.9 0 0 0 0 0 0 0 0 0 4.29 0 0 0 0 0 0 0 0 0 0.32 0 0 0 0 0 0 0 0 0 1.05 0 0 0 0 0 0 0 0 0 0.95 0 0 0 0 0 0 0 0 0 1.59 0 0 0 0 0 0 0 0 0 1.02 0 0 0 0 0 0 0 0 0 5.01 0 0 0 0 0 0 0 0 0 5.62 0 0 0 0 0 0 0 0 0 2.14 0 0 0 0 0 0 0 0 0 0.69 0 0 0 0 0 0 0 0 0 2.82 0 0 0 0 0 0 0 0 0 2.75 0 0 0 0.82 0 0 0.67 0 0 0 0 0 0 0.09 0 0 3.68 0 0 0 0 0 0 2.29 0 0 5.02 0 0 0 0 0 0 4.25 0 0 2.51 0 0 0 0 0 0 3.89 0 0 0.25 0 0 0 0 0 0 0.85 0 0 0.38 0 0 0 0 0 0 0.74 0 0 2.09 0 0 0 0 0 0 0.21 0 0 4.2 0 0 0 0 0 0 1.71 0 0 0.9 0 0 0 0 0 0 0.29 0 0 0.67 0 0 0 0 0 0 0 0 0 0 0 0 0 0 0 0 0 0 0 0 0 0 0 0 0 0 0 0 0 0 0 0 0 0 0 0 0 0 0 0 0 0 0 0 0 0 0 0 0 0 0 0 0 0 0 0 0 0 0 0 0 0 0 0 0 0 0 0 0 0 0 0 0 0 0 0 0 0 0 0 0 0 0 0 0 0 0 0 0 0 0 0 0 0 0 0 0 0 0 0 0 0 0 0 0 0 0 0 0 0 0 0 4.41 0 0 0 0 0 0 0 0 0 0.42 0 0 0 0 0 0 0 0 0 4.27 0 0 0 0 0 0 0 0 0 0.61 0 0 0 0 0 0 0 0 0 0.09 0 0 0 0 0 0 0 0 0 0.64 0 0 0 0 0 0 0 0 0 0.47 0 0 0 0 0 0 0 0 0 0.97 0 0 0 0 0 0 0 0 0 1.44 0 0 0 0 0 0 0 0 0 3.71 0 0 0 3.72 0 0 1.52 0 0 0 0 0 0 3.03 0 0 3.16 0 0 0 0 0 0 4.09 0 0 0.22 0 0 0 0 0 0 1.68 0 0 4.49 0 0 0 0 0 0 3.92 0 0 0.99 0 0 0 0 0 0 4.96 0 0 0.98 0 0 0 0 0 0 4.32 0 0 6.19 0 0 0 0 0 0 0.87 0 0 4.08 0 0 0 0 0 0 1.26 0 0 3.39 0 0 0 0 0 0 0.94 0 0 0.4 0 0 0 0 0 0 0 0 0 0 0 0 0 0 0 0 0 0 0 0 0 0 0 0 0 0 0 0 0 0 0 0 0 0 0 0 0 0 0 0 0 0 0 0 0 0 0 0 0 0 0 0 0 0 0 0 0 0 0 0 0 0 0 0 0 0 0 0 0 0 0 0 0 0 0 0 0 0 0 0 0 0 0 0 0 0 0 0 0 0 0 0 0 0 0 0 0 0 0 0 0 0 0 0 0 0 0 0 0 0 0 0 0.96 0 0 0 0 0 0 0 0 0 3.67 0 0 0 0 0 0 0 0 0 2.54 0 0 0 0 0 0 0 0 0 1.52 0 0 0 0 0 0 0 0 0 2.24 0 0 0 0 0 0 0 0 0 1.21 0 0 0 0 0 0 0 0 0 1.83 0 0 0 0 0 0 0 0 0 3.38 0 0 0 0 0 0 0 0 0 1.72 0 0 0 0 0 0 0 0 0 1.62 0 0 0 0.13 0 0 0.93 0 0 0 0 0 0 3.8 0 0 5.51 0 0 0 0 0 0 0.88 0 0 5.06 0 0 0 0 0 0 3.42 0 0 2.1 0 0 0 0 0 0 4.57 0 0 2.22 0 0 0 0 0 0 1.39 0 0 0.89 0 0 0 0 0 0 3.27 0 0 0.8 0 0 0 0 0 0 3.97 0 0 0.3 0 0 0 0 0 0 1.36 0 0 2.91 0 0 0 0 0 0 2.4 0 0 3.86 0 0 0 0 0 0 0 0 0 0 0 0 0 0 0 0 0 0 0 0 0 0 0 0 0 0 0 0 0 0 0 0 0 0 0 0 0 0 0 0 0 0 0 0 0 0 0 0 0 0 0 0 0 0 0 0 0 0 0 0 0 0 0 0 0 0 0 0 0 0 0 0 0 0 0 0 0 0 0 0 0 0 0 0 0 0 0 0 0 0 0 0 0 0 0 0 0 0 0 0 0 0 0 0 0 0 0 0 0 0 0 0 0.86 0 0 0 0 0 0 0 0 0 1.53 0 0 0 0 0 0 0 0 0 2.04 0 0 0 0 0 0 0 0 0 4.54 0 0 0 0 0 0 0 0 0 0.33 0 0 0 0 0 0 0 0 0 1.26 0 0 0 0 0 0 0 0 0 1.33 0 0 0 0 0 0 0 0 0 0.26 0 0 0 0 0 0 0 0 0 1.66 0 0 0 0 0 0 0 0 0 3.73 0 0 0 0 0 0 0 0 0 1.69 0 0 0 0 0 0 0 0 0 3.47 0 0 0 0 0 0 0 0 0 0.32 0 0 0 0 0 0 0 0 0 3.05 0 0 0 0 0 0 0 0 0 0.84 0 0 0 0 0 0 0 0 0 2.21 0 0 0 0 0 0 0 0 0 0.69 0 0 0 0 0 0 0 0 0 5.19 0 0 0 0 0 0 0 0 0 0.14 0 0 0 0 0 0 0 0 0 0.81 0 0 0 1.53 0 0 2.31 0 0 0 0 0 0 0.64 0 0 3.37 0 0 0 0 0 0 0.94 0 0 3.96 0 0 0 0 0 0 2.37 0 0 1.95 0 0 0 0 0 0 0.19 0 0 5.53 0 0 0 0 0 0 1.12 0 0 1.95 0 0 0 0 0 0 2.56 0 0 5.23 0 0 0 0 0 0 1.35 0 0 1.11 0 0 0 0 0 0 2.49 0 0 1.79 0 0 0 0 0 0 2.78 0 0 0.44 0 0 0 0 0 0 0 0 0 0 0 0 0 0 0 0 0 0 0 0 0 0 0 0 0 0 0 0 0 0 0 0 0 0 0 0 0 0 0 0 0 0 0 0 0 0 0 0 0 0 0 0 0 0 0 0 0 0 0 0 0 0 0 0 0 0 0 0 0 0 0 0 0 0 0 0 0 0 0 0 0 0 0 0 0 0 0 0 0 0 0 0 0 0 0 0 0 0 0 0 0 0 0 0 0 0 0 0 0 0 0 0 0.7 0 0 0 0 0 0 0 0 0 0.74 0 0 0 0 0 0 0 0 0 3.26 0 0 0 0 0 0 0 0 0 0.38 0 0 0 0 0 0 0 0 0 1.41 0 0 0 0 0 0 0 0 0 2.01 0 0 0 0 0 0 0 0 0 0.65 0 0 0 0 0 0 0 0 0 3.24 0 0 0 0 0 0 0 0 0 0.36 0 0 0 0 0 0 0 0 0 0.55 0 0 0 1.39 0 0 0.71 0 0 0 0 0 0 4.51 0 0 1.5 0 0 0 0 0 0 2.22 0 0 4.49 0 0 0 0 0 0 4.44 0 0 1.24 0 0 0 0 0 0 0.35 0 0 3.07 0 0 0 0 0 0 0.7 0 0 1.58 0 0 0 0 0 0 0.65 0 0 1.38 0 0 0 0 0 0 0.51 0 0 0.98 0 0 0 0 0 0 4.81 0 0 0.74 0 0 0 0 0 0 2.23 0 0 3.26 0 0 0 0 0 0 0 0 0 0 0 0 0 0 0 0 0 0 0 0 0 0 0 0 0 0 0 0 0 0 0 0 0 0 0 0 0 0 0 0 0 0 0 0 0 0 0 0 0 0 0 0 0 0 0 0 0 0 0 0 0 0 0 0 0 0 0 0 0 0 0 0 0 0 0 0 0 0 0 0 0 0 0 0 0 0 0 0 0 0 0 0 0 0 0 0 0 0 0 0 0 0 0 0 0 0 0 0 0 0 0 0 0.22 0 0 0 0 0 0 0 0 0 0.86 0 0 0 0 0 0 0 0 0 2.18 0 0 0 0 0 0 0 0 0 1.9 0 0 0 0 0 0 0 0 0 2.8 0 0 0 0 0 0 0 0 0 1.91 0 0 0 0 0 0 0 0 0 0.74 0 0 0 0 0 0 0 0 0 0.57 0 0 0 0 0 0 0 0 0 2.53 0 0 0 0 0 0 0 0 0 5.04 0 0 0 3.54 0 0 0.42 0 0 0 0 0 0 1.94 0 0 0.1 0 0 0 0 0 0 5.1 0 0 0.68 0 0 0 0 0 0 5.95 0 0 0.15 0 0 0 0 0 0 0.98 0 0 2.58 0 0 0 0 0 0 0.91 0 0 5.03 0 0 0 0 0 0 2.62 0 0 3.75 0 0 0 0 0 0 1.83 0 0 0.26 0 0 0 0 0 0 1.96 0 0 4.11 0 0 0 0 0 0 2.71 0 0 3.49 0 0 0 0 0 0 0 0 0 0 0 0 0 0 0 0 0 0 0 0 0 0 0 0 0 0 0 0 0 0 0 0 0 0 0 0 0 0 0 0 0 0 0 0 0 0 0 0 0 0 0 0 0 0 0 0 0 0 0 0 0 0 0 0 0 0 0 0 0 0 0 0 0 0 0 0 0 0 0 0 0 0 0 0 0 0 0 0 0 0 0 0 0 0 0 0 0 0 0 0 0 0 0 0 0 0 0 0 0 0 0 0 0.54 0 0 0 0 0 0 0 0 0 1.46 0 0 0 0 0 0 0 0 0 0.11 0 0 0 0 0 0 0 0 0 0.92 0 0 0 0 0 0 0 0 0 5.17 0 0 0 0 0 0 0 0 0 2.9 0 0 0 0 0 0 0 0 0 2.42 0 0 0 0 0 0 0 0 0 5.05 0 0 0 0 0 0 0 0 0 2.25 0 0 0 0 0 0 0 0 0 0.22 0 0 
0 0 0 0 0 0 0 0.93 0 0 0 0 0 0 0 0 0 5.44 0 0 0 0 0 0 0 0 0 2.58 0 0 0 0 0 0 0 0 0 0.18 0 0 0 0 0 0 0 0 0 2.04 0 0 0 0 0 0 0 0 0 2.27 0 0 0 0 0 0 0 0 0 2.31 0 0 0 0 0 0 0 0 0 0.2 0 0 0 0 0 0 0 0 0 0.26 0 0 0 0 0 0 0 0 0 2.37 0 0 0 0.62 0 0 4.89 0 0 0 0 0 0 0.91 0 0 1.1 0 0 0 0 0 0 1.96 0 0 2.87 0 0 0 0 0 0 0.37 0 0 3.51 0 0 0 0 0 0 0.52 0 0 1.5 0 0 0 0 0 0 0.55 0 0 2.52 0 0 0 0 0 0 1.85 0 0 2.18 0 0 0 0 0 0 1.59 0 0 4.14 0 0 0 0 0 0 0.15 0 0 0.43 0 0 0 0 0 0 4.28 0 0 2.79 0 0 0 0 0 0 0 0 0 0 0 0 0 0 0 0 0 0 0 0 0 0 0 0 0 0 0 0 0 0 0 0 0 0 0 0 0 0 0 0 0 0 0 0 0 0 0 0 0 0 0 0 0 0 0 0 0 0 0 0 0 0 0 0 0 0 0 0 0 0 0 0 0 0 0 0 0 0 0 0 0 0 0 0 0 0 0 0 0 0 0 0 0 0 0 0 0 0 0 0 0 0 0 0 0 0 0 0 0 0 0 0 4.19 0 0 0 0 0 0 0 0 0 0.59 0 0 0 0 0 0 0 0 0 3.28 0 0 0 0 0 0 0 0 0 3.74 0 0 0 0 0 0 0 0 0 0.45 0 0 0 0 0 0 0 0 0 1.31 0 0 0 0 0 0 0 0 0 4.42 0 0 0 0 0 0 0 0 0 1.15 0 0 0 0 0 0 0 0 0 0.05 0 0 0 0 0 0 0 0 0 0.19 0 0 0 0.88 0 0 1.05 0 0 0 0 0 0 3.07 0 0 2.54 0 0 0 0 0 0 1.3 0 0 0.97 0 0 0 0 0 0 1.84 0 0 1.03 0 0 0 0 0 0 4.4 0 0 0.82 0 0 0 0 0 0 0.39 0 0 0.53 0 0 0 0 0 0 4.62 0 0 2.31 0 0 0 0 0 0 4.19 0 0 3.32 0 0 0 0 0 0 0.82 0 0 1.12 0 0 0 0 0 0 3.27 0 0 2.68 0 0 0 0 0 0 0 0 0 0 0 0 0 0 0 0 0 0 0 0 0 0 0 0 0 0 0 0 0 0 0 0 0 0 0 0 0 0 0 0 0 0 0 0 0 0 0 0 0 0 0 0 0 0 0 0 0 0 0 0 0 0 0 0 0 0 0 0 0 0 0 0 0 0 0 0 0 0 0 0 0 0 0 0 0 0 0 0 0 0 0 0 0 0 0 0 0 0 0 0 0 0 0 0 0 0 0 0 0 0 0 0 2.74 0 0 0 0 0 0 0 0 0 4.64 0 0 0 0 0 0 0 0 0 4.98 0 0 0 0 0 0 0 0 0 2.23 0 0 0 0 0 0 0 0 0 0.81 0 0 0 0 0 0 0 0 0 0.14 0 0 0 0 0 0 0 0 0 1.59 0 0 0 0 0 0 0 0 0 0.96 0 0 0 0 0 0 0 0 0 6.15 0 0 0 0 0 0 0 0 0 2.02 0 0 0 4.69 0 0 1.64 0 0 0 0 0 0 1.4 0 0 2.75 0 0 0 0 0 0 0.62 0 0 0.64 0 0 0 0 0 0 0.64 0 0 0.31 0 0 0 0 0 0 0.91 0 0 3.13 0 0 0 0 0 0 3.34 0 0 1.66 0 0 0 0 0 0 2.25 0 0 3.65 0 0 0 0 0 0 0.1 0 0 2.1 0 0 0 0 0 0 4.86 0 0 4.1 0 0 0 0 0 0 4.6 0 0 0.75 0 0 0 0 0 0 0 0 0 0 0 0 0 0 0 0 0 0 0 0 0 0 0 0 0 0 0 0 0 0 0 0 0 0 0 0 0 0 0 0 0 0 0 0 0 0 0 0 0 0 0 0 0 0 0 0 0 0 0 0 0 0 0 0 0 0 0 0 0 0 0 0 0 0 0 0 0 0 0 0 0 0 0 0 0 0 0 0 0 0 0 0 0 0 0 0 0 0 0 0 0 0 0 0 0 0 0 0 0 0 0 0 0.72 0 0 0 0 0 0 0 0 0 0.73 0 0 0 0 0 0 0 0 0 3.31 0 0 0 0 0 0 0 0 0 1.6 0 0 0 0 0 0 0 0 0 0.71 0 0 0 0 0 0 0 0 0 0.58 0 0 0 0 0 0 0 0 0 0.97 0 0 0 0 0 0 0 0 0 0.42 0 0 0 0 0 0 0 0 0 3.54 0 0 0 0 0 0 0 0 0 0.49 0 0 0 0 0 0 0 0 0 1.55 0 0 0 0 0 0 0 0 0 5.48 0 0 0 0 0 0 0 0 0 2.99 0 0 0 0 0 0 0 0 0 4.46 0 0 0 0 0 0 0 0 0 4.51 0 0 0 0 0 0 0 0 0 0.82 0 0 0 0 0 0 0 0 0 1.17 0 0 0 0 0 0 0 0 0 3.57 0 0 0 0 0 0 0 0 0 3.09 0 0 0 0 0 0 0 0 0 2.21 0 0 0 4.69 0 0 1.22 0 0 0 0 0 0 1.53 0 0 1.74 0 0 0 0 0 0 2.8 0 0 2.87 0 0 0 0 0 0 3.55 0 0 5.54 0 0 0 0 0 0 2.38 0 0 1.36 0 0 0 0 0 0 4.45 0 0 4.32 0 0 0 0 0 0 3.49 0 0 5.17 0 0 0 0 0 0 3.56 0 0 4.23 0 0 0 0 0 0 0.27 0 0 2 0 0 0 0 0 0 2.49 0 0 1.95 0 0 0 0 0 0 0 0 0 0 0 0 0 0 0 0 0 0 0 0 0 0 0 0 0 0 0 0 0 0 0 0 0 0 0 0 0 0 0 0 0 0 0 0 0 0 0 0 0 0 0 0 0 0 0 0 0 0 0 0 0 0 0 0 0 0 0 0 0 0 0 0 0 0 0 0 0 0 0 0 0 0 0 0 0 0 0 0 0 0 0 0 0 0 0 0 0 0 0 0 0 0 0 0 0 0 0 0 0 0 0 0 3.26 0 0 0 0 0 0 0 0 0 0.65 0 0 0 0 0 0 0 0 0 4.97 0 0 0 0 0 0 0 0 0 0.59 0 0 0 0 0 0 0 0 0 2.89 0 0 0 0 0 0 0 0 0 5.65 0 0 0 0 0 0 0 0 0 1.31 0 0 0 0 0 0 0 0 0 0.52 0 0 0 0 0 0 0 0 0 1.49 0 0 0 0 0 0 0 0 0 1.88 0 0 0 3.46 0 0 0.56 0 0 0 0 0 0 1.55 0 0 0.09 0 0 0 0 0 0 2.44 0 0 4.09 0 0 0 0 0 0 5.45 0 0 3.51 0 0 0 0 0 0 4.43 0 0 2.82 0 0 0 0 0 0 4.36 0 0 4.87 0 0 0 0 0 0 5.27 0 0 0.73 0 0 0 0 0 0 3.69 0 0 0.95 0 0 0 0 0 0 0.47 0 0 5.07 0 0 0 0 0 0 0.35 0 0 3.78 0 0 0 0 0 0 0 0 0 0 0 0 0 0 0 0 0 0 0 0 0 0 0 0 0 0 0 0 0 0 0 0 0 0 0 0 0 0 0 0 0 0 0 0 0 0 0 0 0 0 0 0 0 0 0 0 0 0 0 0 0 0 0 0 0 0 0 0 0 0 0 0 0 0 0 0 0 0 0 0 0 0 0 0 0 0 0 0 0 0 0 0 0 0 0 0 0 0 0 0 0 0 0 0 0 0 0 0 0 0 0 0 3.66 0 0 0 0 0 0 0 0 0 0.12 0 0 0 0 0 0 0 0 0 2.67 0 0 0 0 0 0 0 0 0 4.76 0 0 0 0 0 0 0 0 0 0.52 0 0 0 0 0 0 0 0 0 3.63 0 0 0 0 0 0 0 0 0 3.41 0 0 0 0 0 0 0 0 0 0.7 0 0 0 0 0 0 0 0 0 4.55 0 0 0 0 0 0 0 0 0 2.36 0 0 0 3.43 0 0 1.9 0 0 0 0 0 0 2.4 0 0 2.72 0 0 0 0 0 0 3.42 0 0 3.13 0 0 0 0 0 0 1.02 0 0 4.07 0 0 0 0 0 0 0.28 0 0 1.63 0 0 0 0 0 0 1.68 0 0 3.95 0 0 0 0 0 0 0.14 0 0 0.47 0 0 0 0 0 0 2.95 0 0 0.69 0 0 0 0 0 0 0.76 0 0 0.84 0 0 0 0 0 0 3.68 0 0 0.28 0 0 0 0 0 0 0 0 0 0 0 0 0 0 0 0 0 0 0 0 0 0 0 0 0 0 0 0 0 0 0 0 0 0 0 0 0 0 0 0 0 0 0 0 0 0 0 0 0 0 0 0 0 0 0 0 0 0 0 0 0 0 0 0 0 0 0 0 0 0 0 0 0 0 0 0 0 0 0 0 0 0 0 0 0 0 0 0 0 0 0 0 0 0 0 0 0 0 0 0 0 0 0 0 0 0 0 0 0 0 0 0 0.4 0 0 0 0 0 0 0 0 0 0.56 0 0 0 0 0 0 0 0 0 1.82 0 0 0 0 0 0 0 0 0 3.64 0 0 0 0 0 0 0 0 0 2.44 0 0 0 0 0 0 0 0 0 5.32 0 0 0 0 0 0 0 0 0 0.47 0 0 0 0 0 0 0 0 0 0.6 0 0 0 0 0 0 0 0 0 4.28 0 0 0 0 0 0 0 0 0 2 0 0 0 0 0 0 0 0 0 2.88 0 0 0 0 0 0 0 0 0 0.73 0 0 0 0 0 0 0 0 0 0.65 0 0 0 0 0 0 0 0 0 2.9 0 0 0 0 0 0 0 0 0 1.12 0 0 0 0 0 0 0 0 0 0.1 0 0 0 0 0 0 0 0 0 3.76 0 0 0 0 0 0 0 0 0 2.52 0 0 0 0 0 0 0 0 0 3.09 0 0 0 0 0 0 0 0 0 2.13 0 0 0 1.76 0 0 0.59 0 0 0 0 0 0 0.22 0 0 3.57 0 0 0 0 0 0 1.98 0 0 1.15 0 0 0 0 0 0 1.65 0 0 3.79 0 0 0 0 0 0 0.85 0 0 2.62 0 0 0 0 0 0 3.26 0 0 3.88 0 0 0 0 0 0 3.02 0 0 1.63 0 0 0 0 0 0 1.99 0 0 0.52 0 0 0 0 0 0 5.08 0 0 0.55 0 0 0 0 0 0 2.53 0 0 1.68 0 0 0 0 0 0 0 0 0 0 0 0 0 0 0 0 0 0 0 0 0 0 0 0 0 0 0 0 0 0 0 0 0 0 0 0 0 0 0 0 0 0 0 0 0 0 0 0 0 0 0 0 0 0 0 0 0 0 0 0 0 0 0 0 0 0 0 0 0 0 0 0 0 0 0 0 0 0 0 0 0 0 0 0 0 0 0 0 0 0 0 0 0 0 0 0 0 0 0 0 0 0 0 0 0 0 0 0 0 0 0 0 2.46 0 0 0 0 0 0 0 0 0 0.52 0 0 0 0 0 0 0 0 0 1.56 0 0 0 0 0 0 0 0 0 2.04 0 0 0 0 0 0 0 0 0 1.07 0 0 0 0 0 0 0 0 0 0.23 0 0 0 0 0 0 0 0 0 4.02 0 0 0 0 0 0 0 0 0 0.17 0 0 0 0 0 0 0 0 0 3.06 0 0 0 0 0 0 0 0 0 4.99 0 0 0 5.3 0 0 0.09 0 0 0 0 0 0 1.43 0 0 1.92 0 0 0 0 0 0 1.64 0 0 4.61 0 0 0 0 0 0 3.54 0 0 1.07 0 0 0 0 0 0 0.65 0 0 0.33 0 0 0 0 0 0 0.45 0 0 5.18 0 0 0 0 0 0 3.34 0 0 3.1 0 0 0 0 0 0 4.72 0 0 1.56 0 0 0 0 0 0 4.91 0 0 4.48 0 0 0 0 0 0 0.95 0 0 2.04 0 0 0 0 0 0 0 0 0 0 0 0 0 0 0 0 0 0 0 0 0 0 0 0 0 0 0 0 0 0 0 0 0 0 0 0 0 0 0 0 0 0 0 0 0 0 0 0 0 0 0 0 0 0 0 0 0 0 0 0 0 0 0 0 0 0 0 0 0 0 0 0 0 0 0 0 0 0 0 0 0 0 0 0 0 0 0 0 0 0 0 0 0 0 0 0 0 0 0 0 0 0 0 0 0 0 0 0 0 0 0 0 3.13 0 0 0 0 0 0 0 0 0 0.61 0 0 0 0 0 0 0 0 0 0.16 0 0 0 0 0 0 0 0 0 2.03 0 0 0 0 0 0 0 0 0 4.07 0 0 0 0 0 0 0 0 0 3.71 0 0 0 0 0 0 0 0 0 0.17 0 0 0 0 0 0 0 0 0 4.94 0 0 0 0 0 0 0 0 0 3.46 0 0 0 0 0 0 0 0 0 4.51 0 0 0 0.81 0 0 0.13 0 0 0 0 0 0 0.28 0 0 0.05 0 0 0 0 0 0 2.06 0 0 3.38 0 0 0 0 0 0 0.01 0 0 1.28 0 0 0 0 0 0 2.72 0 0 0.26 0 0 0 0 0 0 3.92 0 0 4.62 0 0 0 0 0 0 0.53 0 0 0.35 0 0 0 0 0 0 2.03 0 0 5.12 0 0 0 0 0 0 1.29 0 0 4.37 0 0 0 0 0 0 1.88 0 0 5.12 0 0 0 0 0 0 0 0 0 0 0 0 0 0 0 0 0 0 0 0 0 0 0 0 0 0 0 0 0 0 0 0 0 0 0 0 0 0 0 0 0 0 0 0 0 0 0 0 0 0 0 0 0 0 0 0 0 0 0 0 0 0 0 0 0 0 0 0 0 0 0 0 0 0 0 0 0 0 0 0 0 0 0 0 0 0 0 0 0 0 0 0 0 0 0 0 0 0 0 0 0 0 0 0 0 0 0 0 0 0 0 0 0.81 0 0 0 0 0 0 0 0 0 0.66 0 0 0 0 0 0 0 0 0 2.91 0 0 0 0 0 0 0 0 0 1.91 0 0 0 0 0 0 0 0 0 2.86 0 0 0 0 0 0 0 0 0 2.33 0 0 0 0 0 0 0 0 0 0.87 0 0 0 0 0 0 0 0 0 2.99 0 0 0 0 0 0 0 0 0 4.99 0 0 0 0 0 0 0 0 0 1.38 0 0 0 0 0 0 0 0 0 3.99 0 0 0 0 0 0 0 0 0 1.56 0 0 0 0 0 0 0 0 0 3.62 0 0 0 0 0 0 0 0 0 4.86 0 0 0 0 0 0 0 0 0 2.92 0 0 0 0 0 0 0 0 0 0.73 0 0 0 0 0 0 0 0 0 3.55 0 0 0 0 0 0 0 0 0 5.57 0 0 0 0 0 0 0 0 0 2.9 0 0 0 0 0 0 0 0 0 1.08 0 0 0 1.07 0 0 2.07 0 0 0 0 0 0 2.34 0 0 1.1 0 0 0 0 0 0 2.91 0 0 0.12 0 0 0 0 0 0 0.44 0 0 0.72 0 0 0 0 0 0 3.11 0 0 0.18 0 0 0 0 0 0 0.16 0 0 0.28 0 0 0 0 0 0 2.17 0 0 1.49 0 0 0 0 0 0 4.87 0 0 2.21 0 0 0 0 0 0 0.37 0 0 0.64 0 0 0 0 0 0 0.48 0 0 1.19 0 0 0 0 0 0 0 0 0 0 0 0 0 0 0 0 0 0 0 0 0 0 0 0 0 0 0 0 0 0 0 0 0 0 0 0 0 0 0 0 0 0 0 0 0 0 0 0 0 0 0 0 0 0 0 0 0 0 0 0 0 0 0 0 0 0 0 0 0 0 0 0 0 0 0 0 0 0 0 0 0 0 0 0 0 0 0 0 0 0 0 0 0 0 0 0 0 0 0 0 0 0 0 0 0 0 0 0 0 0 0 0 1.23 0 0 0 0 0 0 0 0 0 1.45 0 0 0 0 0 0 0 0 0 3.83 0 0 0 0 0 0 0 0 0 2.94 0 0 0 0 0 0 0 0 0 2.77 0 0 0 0 0 0 0 0 0 4.31 0 0 0 0 0 0 0 0 0 0.21 0 0 0 0 0 0 0 0 0 1.11 0 0 0 0 0 0 0 0 0 3.85 0 0 0 0 0 0 0 0 0 0.23 0 0 0 1.31 0 0 2.27 0 0 0 0 0 0 0.64 0 0 0.49 0 0 0 0 0 0 2.67 0 0 2.31 0 0 0 0 0 0 1.05 0 0 0.36 0 0 0 0 0 0 4.22 0 0 2.9 0 0 0 0 0 0 3.38 0 0 3.64 0 0 0 0 0 0 3.1 0 0 4.04 0 0 0 0 0 0 1.79 0 0 3.44 0 0 0 0 0 0 3.73 0 0 0.26 0 0 0 0 0 0 3.62 0 0 0.67 0 0 0 0 0 0 0 0 0 0 0 0 0 0 0 0 0 0 0 0 0 0 0 0 0 0 0 0 0 0 0 0 0 0 0 0 0 0 0 0 0 0 0 0 0 0 0 0 0 0 0 0 0 0 0 0 0 0 0 0 0 0 0 0 0 0 0 0 0 0 0 0 0 0 0 0 0 0 0 0 0 0 0 0 0 0 0 0 0 0 0 0 0 0 0 0 0 0 0 0 0 0 0 0 0 0 0 0 0 0 0 0 5.03 0 0 0 0 0 0 0 0 0 0.93 0 0 0 0 0 0 0 0 0 0.58 0 0 0 0 0 0 0 0 0 0.54 0 0 0 0 0 0 0 0 0 1.62 0 0 0 0 0 0 0 0 0 0.13 0 0 0 0 0 0 0 0 0 0.44 0 0 0 0 0 0 0 0 0 2.05 0 0 0 0 0 0 0 0 0 0.19 0 0 0 0 0 0 0 0 0 4.58 0 0 0 5.06 0 0 3.14 0 0 0 0 0 0 2.71 0 0 5.21 0 0 0 0 0 0 0.88 0 0 0.58 0 0 0 0 0 0 0.4 0 0 0.07 0 0 0 0 0 0 3.01 0 0 0.29 0 0 0 0 0 0 2.65 0 0 0.76 0 0 0 0 0 0 3.36 0 0 3.4 0 0 0 0 0 0 5.66 0 0 0.57 0 0 0 0 0 0 3.66 0 0 5.82 0 0 0 0 0 0 1.17 0 0 1.64 0 0 0 0 0 0 0 0 0 0 0 0 0 0 0 0 0 0 0 0 0 0 0 0 0 0 0 0 0 0 0 0 0 0 0 0 0 0 0 0 0 0 0 0 0 0 0 0 0 0 0 0 0 0 0 0 0 0 0 0 0 0 0 0 0 0 0 0 0 0 0 0 0 0 0 0 0 0 0 0 0 0 0 0 0 0 0 0 0 0 0 0 0 0 0 0 0 0 0 0 0 0 0 0 0 0 0 0 0 0 0 0 1.31 0 0 0 0 0 0 0 0 0 0.94 0 0 0 0 0 0 0 0 0 4.12 0 0 0 0 0 0 0 0 0 0.78 0 0 0 0 0 0 0 0 0 3.79 0 0 0 0 0 0 0 0 0 2.24 0 0 0 0 0 0 0 0 0 0.93 0 0 0 0 0 0 0 0 0 0.42 0 0 0 0 0 0 0 0 0 1.22 0 0 0 0 0 0 0 0 0 2.41 0 0 0 0 0 0 0 0 0 1.37 0 0 0 0 0 0 0 0 0 0.22 0 0 0 0 0 0 0 0 0 1.33 0 0 0 0 0 0 0 0 0 1.29 0 0 0 0 0 0 0 0 0 1.23 0 0 0 0 0 0 0 0 0 2.7 0 0 0 0 0 0 0 0 0 1.56 0 0 0 0 0 0 0 0 0 6.29 0 0 0 0 0 0 0 0 0 3.73 0 0 0 0 0 0 0 0 0 2.08 0 0 0 0.48 0 0 2.36 0 0 0 0 0 0 3.51 0 0 1.84 0 0 0 0 0 0 0.8 0 0 0.9 0 0 0 0 0 0 3.32 0 0 0.92 0 0 0 0 0 0 0.43 0 0 4.51 0 0 0 0 0 0 2.89 0 0 1.27 0 0 0 0 0 0 0.8 0 0 0.7 0 0 0 0 0 0 0.52 0 0 3.84 0 0 0 0 0 0 0.56 0 0 1.89 0 0 0 0 0 0 5.49 0 0 1.28 0 0 0 0 0 0 0 0 0 0 0 0 0 0 0 0 0 0 0 0 0 0 0 0 0 0 0 0 0 0 0 0 0 0 0 0 0 0 0 0 0 0 0 0 0 0 0 0 0 0 0 0 0 0 0 0 0 0 0 0 0 0 0 0 0 0 0 0 0 0 0 0 0 0 0 0 0 0 0 0 0 0 0 0 0 0 0 0 0 0 0 0 0 0 0 0 0 0 0 0 0 0 0 0 0 0 0 0 0 0 0 0 1.32 0 0 0 0 0 0 0 0 0 2.82 0 0 0 0 0 0 0 0 0 1.54 0 0 0 0 0 0 0 0 0 3.19 0 0 0 0 0 0 0 0 0 0.16 0 0 0 0 0 0 0 0 0 1.18 0 0 0 0 0 0 0 0 0 0.17 0 0 0 0 0 0 0 0 0 0.33 0 0 0 0 0 0 0 0 0 2.81 0 0 0 0 0 0 0 0 0 0.19 0 0 0 2.6 0 0 4.35 0 0 0 0 0 0 5.53 0 0 0.38 0 0 0 0 0 0 3.01 0 0 3.45 0 0 0 0 0 0 0.45 0 0 4.68 0 0 0 0 0 0 2.1 0 0 1.6 0 0 0 0 0 0 3.84 0 0 0.1 0 0 0 0 0 0 1.23 0 0 1.67 0 0 0 0 0 0 0.37 0 0 0.95 0 0 0 0 0 0 0.29 0 0 1.83 0 0 0 0 0 0 3.09 0 0 1.21 0 0 0 0 0 0 0 0 0 0 0 0 0 0 0 0 0 0 0 0 0 0 0 0 0 0 0 0 0 0 0 0 0 0 0 0 0 0 0 0 0 0 0 0 0 0 0 0 0 0 0 0 0 0 0 0 0 0 0 0 0 0 0 0 0 0 0 0 0 0 0 0 0 0 0 0 0 0 0 0 0 0 0 0 0 0 0 0 0 0 0 0 0 0 0 0 0 0 0 0 0 0 0 0 0 0 0 0 0 0 0 0 2.1 0 0 0 0 0 0 0 0 0 1.16 0 0 0 0 0 0 0 0 0 2.13 0 0 0 0 0 0 0 0 0 3.17 0 0 0 0 0 0 0 0 0 4.09 0 0 0 0 0 0 0 0 0 1.99 0 0 0 0 0 0 0 0 0 4.01 0 0 0 0 0 0 0 0 0 1.94 0 0 0 0 0 0 0 0 0 2.21 0 0 0 0 0 0 0 0 0 4.57 0 0 0 2.55 0 0 0.68 0 0 0 0 0 0 4.47 0 0 1.71 0 0 0 0 0 0 3.79 0 0 0.22 0 0 0 0 0 0 1.25 0 0 0.34 0 0 0 0 0 0 1.21 0 0 5.28 0 0 0 0 0 0 1.54 0 0 0.17 0 0 0 0 0 0 2.28 0 0 0.55 0 0 0 0 0 0 1.37 0 0 3.13 0 0 0 0 0 0 0.54 0 0 1.16 0 0 0 0 0 0 5.02 0 0 3.34 0 0 0 0 0 0 0 0 0 0 0 0 0 0 0 0 0 0 0 0 0 0 0 0 0 0 0 0 0 0 0 0 0 0 0 0 0 0 0 0 0 0 0 0 0 0 0 0 0 0 0 0 0 0 0 0 0 0 0 0 0 0 0 0 0 0 0 0 0 0 0 0 0 0 0 0 0 0 0 0 0 0 0 0 0 0 0 0 0 0 0 0 0 0 0 0 0 0 0 0 0 0 0 0 0 0 0 0 0 0 0 0 3.79 0 0 0 0 0 0 0 0 0 1.42 0 0 0 0 0 0 0 0 0 0.77 0 0 0 0 0 0 0 0 0 1.27 0 0 0 0 0 0 0 0 0 1.31 0 0 0 0 0 0 0 0 0 2.41 0 0 0 0 0 0 0 0 0 4.49 0 0 0 0 0 0 0 0 0 5.47 0 0 0 0 0 0 0 0 0 0.61 0 0 0 0 0 0 0 0 0 0.91 0 0 0 0 0 0 0 0 0 1.94 0 0 0 0 0 0 0 0 0 1.34 0 0 0 0 0 0 0 0 0 2.58 0 0 0 0 0 0 0 0 0 2.73 0 0 0 0 0 0 0 0 0 5.29 0 0 0 0 0 0 0 0 0 2.18 0 0 0 0 0 0 0 0 0 3.69 0 0 0 0 0 0 0 0 0 0.73 0 0 0 0 0 0 0 0 0 4.13 0 0 0 0 0 0 0 0 0 1.52 0 0 0 0.06 0 0 3.66 0 0 0 0 0 0 1.46 0 0 3.56 0 0 0 0 0 0 3.63 0 0 3.95 0 0 0 0 0 0 0.36 0 0 0.17 0 0 0 0 0 0 1.64 0 0 0.08 0 0 0 0 0 0 0.74 0 0 5.74 0 0 0 0 0 0 0.83 0 0 0.63 0 0 0 0 0 0 3.84 0 0 1.01 0 0 0 0 0 0 0.68 0 0 3.44 0 0 0 0 0 0 1.72 0 0 0.76 0 0 0 0 0 0 0 0 0 0 0 0 0 0 0 0 0 0 0 0 0 0 0 0 0 0 0 0 0 0 0 0 0 0 0 0 0 0 0 0 0 0 0 0 0 0 0 0 0 0 0 0 0 0 0 0 0 0 0 0 0 0 0 0 0 0 0 0 0 0 0 0 0 0 0 0 0 0 0 0 0 0 0 0 0 0 0 0 0 0 0 0 0 0 0 0 0 0 0 0 0 0 0 0 0 0 0 0 0 0 0 0 1.6 0 0 0 0 0 0 0 0 0 3.74 0 0 0 0 0 0 0 0 0 3.81 0 0 0 0 0 0 0 0 0 0.42 0 0 0 0 0 0 0 0 0 3.67 0 0 0 0 0 0 0 0 0 4.19 0 0 0 0 0 0 0 0 0 0.44 0 0 0 0 0 0 0 0 0 3.61 0 0 0 0 0 0 0 0 0 1.12 0 0 0 0 0 0 0 0 0 6.47 0 0 0 2.39 0 0 0.31 0 0 0 0 0 0 1.33 0 0 4.34 0 0 0 0 0 0 3.29 0 0 1.03 0 0 0 0 0 0 2.83 0 0 0.3 0 0 0 0 0 0 3.99 0 0 0.55 0 0 0 0 0 0 1.51 0 0 0.48 0 0 0 0 0 0 5.19 0 0 5.28 0 0 0 0 0 0 4.21 0 0 2.85 0 0 0 0 0 0 5.29 0 0 1.44 0 0 0 0 0 0 3.56 0 0 1.64 0 0 0 0 0 0 0 0 0 0 0 0 0 0 0 0 0 0 0 0 0 0 0 0 0 0 0 0 0 0 0 0 0 0 0 0 0 0 0 0 0 0 0 0 0 0 0 0 0 0 0 0 0 0 0 0 0 0 0 0 0 0 0 0 0 0 0 0 0 0 0 0 0 0 0 0 0 0 0 0 0 0 0 0 0 0 0 0 0 0 0 0 0 0 0 0 0 0 0 0 0 0 0 0 0 0 0 0 0 0 0 0 4.45 0 0 0 0 0 0 0 0 0 3.31 0 0 0 0 0 0 0 0 0 4.28 0 0 0 0 0 0 0 0 0 3.25 0 0 0 0 0 0 0 0 0 1.42 0 0 0 0 0 0 0 0 0 1.05 0 0 0 0 0 0 0 0 0 0.09 0 0 0 0 0 0 0 0 0 1.65 0 0 0 0 0 0 0 0 0 4.59 0 0 0 0 0 0 0 0 0 5.12 0 0 0 0.93 0 0 0.23 0 0 0 0 0 0 0.89 0 0 0.33 0 0 0 0 0 0 0.12 0 0 0.32 0 0 0 0 0 0 1.59 0 0 4.38 0 0 0 0 0 0 2.27 0 0 2.22 0 0 0 0 0 0 1.8 0 0 1.4 0 0 0 0 0 0 1.63 0 0 0.93 0 0 0 0 0 0 2.35 0 0 2.52 0 0 0 0 0 0 0.71 0 0 0.82 0 0 0 0 0 0 0.35 0 0 1.94 0 0 0 0 0 0 0 0 0 0 0 0 0 0 0 0 0 0 0 0 0 0 0 0 0 0 0 0 0 0 0 0 0 0 0 0 0 0 0 0 0 0 0 0 0 0 0 0 0 0 0 0 0 0 0 0 0 0 0 0 0 0 0 0 0 0 0 0 0 0 0 0 0 0 0 0 0 0 0 0 0 0 0 0 0 0 0 0 0 0 0 0 0 0 0 0 0 0 0 0 0 0 0 0 0 0 0 0 0 0 0 0 2.8 0 0 0 0 0 0 0 0 0 0.77 0 0 0 0 0 0 0 0 0 1.02 0 0 0 0 0 0 0 0 0 0.91 0 0 0 0 0 0 0 0 0 2.41 0 0 0 0 0 0 0 0 0 2.66 0 0 0 0 0 0 0 0 0 3.2 0 0 0 0 0 0 0 0 0 1.96 0 0 0 0 0 0 0 0 0 1.12 0 0 0 0 0 0 0 0 0 3.1 0 0 0 0 0 0 0 0 0 3.53 0 0 0 0 0 0 0 0 0 3.52 0 0 0 0 0 0 0 0 0 1.64 0 0 0 0 0 0 0 0 0 3.84 0 0 0 0 0 0 0 0 0 0.33 0 0 0 0 0 0 0 0 0 2.32 0 0 0 0 0 0 0 0 0 2.02 0 0 0 0 0 0 0 0 0 4.3 0 0 0 0 0 0 0 0 0 2.22 0 0 0 0 0 0 0 0 0 3.6 0 0 0 1.42 0 0 0.56 0 0 0 0 0 0 1.84 0 0 2.25 0 0 0 0 0 0 0.16 0 0 1.66 0 0 0 0 0 0 2.75 0 0 2.26 0 0 0 0 0 0 2.39 0 0 1.67 0 0 0 0 0 0 3.98 0 0 2.05 0 0 0 0 0 0 1.95 0 0 4.08 0 0 0 0 0 0 2.22 0 0 4.08 0 0 0 0 0 0 3.15 0 0 0.53 0 0 0 0 0 0 0.49 0 0 1.81 0 0 0 0 0 0 0 0 0 0 0 0 0 0 0 0 0 0 0 0 0 0 0 0 0 0 0 0 0 0 0 0 0 0 0 0 0 0 0 0 0 0 0 0 0 0 0 0 0 0 0 0 0 0 0 0 0 0 0 0 0 0 0 0 0 0 0 0 0 0 0 0 0 0 0 0 0 0 0 0 0 0 0 0 0 0 0 0 0 0 0 0 0 0 0 0 0 0 0 0 0 0 0 0 0 0 0 0 0 0 0 0 0.18 0 0 0 0 0 0 0 0 0 0.27 0 0 0 0 0 0 0 0 0 2.4 0 0 0 0 0 0 0 0 0 0.78 0 0 0 0 0 0 0 0 0 1.57 0 0 0 0 0 0 0 0 0 4.7 0 0 0 0 0 0 0 0 0 1.2 0 0 0 0 0 0 0 0 0 2.07 0 0 0 0 0 0 0 0 0 1.01 0 0 0 0 0 0 0 0 0 5.95 0 0 0 0.54 0 0 0.64 0 0 0 0 0 0 3.27 0 0 0.94 0 0 0 0 0 0 1.53 0 0 1.37 0 0 0 0 0 0 0.95 0 0 0.41 0 0 0 0 0 0 3.92 0 0 1.16 0 0 0 0 0 0 0.84 0 0 2.34 0 0 0 0 0 0 1.36 0 0 3.6 0 0 0 0 0 0 1.78 0 0 0.43 0 0 0 0 0 0 3.07 0 0 2.3 0 0 0 0 0 0 0.74 0 0 4.32 0 0 0 0 0 0 0 0 0 0 0 0 0 0 0 0 0 0 0 0 0 0 0 0 0 0 0 0 0 0 0 0 0 0 0 0 0 0 0 0 0 0 0 0 0 0 0 0 0 0 0 0 0 0 0 0 0 0 0 0 0 0 0 0 0 0 0 0 0 0 0 0 0 0 0 0 0 0 0 0 0 0 0 0 0 0 0 0 0 0 0 0 0 0 0 0 0 0 0 0 0 0 0 0 0 0 0 0 0 0 0 0 4.78 0 0 0 0 0 0 0 0 0 5.01 0 0 0 0 0 0 0 0 0 2.27 0 0 0 0 0 0 0 0 0 3.55 0 0 0 0 0 0 0 0 0 3.25 0 0 0 0 0 0 0 0 0 2.04 0 0 0 0 0 0 0 0 0 3.34 0 0 0 0 0 0 0 0 0 1.19 0 0 0 0 0 0 0 0 0 0.16 0 0 0 0 0 0 0 0 0 0.79 0 0 0 0.48 0 0 1.54 0 0 0 0 0 0 1.04 0 0 1.65 0 0 0 0 0 0 1.05 0 0 1.66 0 0 0 0 0 0 3.13 0 0 0.79 0 0 0 0 0 0 2.31 0 0 2.16 0 0 0 0 0 0 0.56 0 0 2.89 0 0 0 0 0 0 5.42 0 0 1.79 0 0 0 0 0 0 0.89 0 0 0.37 0 0 0 0 0 0 0.89 0 0 3.08 0 0 0 0 0 0 1.13 0 0 0.51 0 0 0 0 0 0 0 0 0 0 0 0 0 0 0 0 0 0 0 0 0 0 0 0 0 0 0 0 0 0 0 0 0 0 0 0 0 0 0 0 0 0 0 0 0 0 0 0 0 0 0 0 0 0 0 0 0 0 0 0 0 0 0 0 0 0 0 0 0 0 0 0 0 0 0 0 0 0 0 0 0 0 0 0 0 0 0 0 0 0 0 0 0 0 0 0 0 0 0 0 0 0 0 0 0 0 0 0 0 0 0 0 2.57 0 0 0 0 0 0 0 0 0 0.06 0 0 0 0 0 0 0 0 0 1.29 0 0 0 0 0 0 0 0 0 1.86 0 0 0 0 0 0 0 0 0 2.88 0 0 0 0 0 0 0 0 0 3.7 0 0 0 0 0 0 0 0 0 2.04 0 0 0 0 0 0 0 0 0 3.2 0 0 0 0 0 0 0 0 0 3.84 0 0 0 0 0 0 0 0 0 5.19 0 0 0 0 0 0 0 0 0 1.55 0 0 0 0 0 0 0 0 0 2.25 0 0 0 0 0 0 0 0 0 1.47 0 0 0 0 0 0 0 0 0 3 0 0 0 0 0 0 0 0 0 0.93 0 0 0 0 0 0 0 0 0 0.17 0 0 0 0 0 0 0 0 0 3.46 0 0 0 0 0 0 0 0 0 1.78 0 0 0 0 0 0 0 0 0 0.26 0 0 0 0 0 0 0 0 0 0.57 0 0 0 0.36 0 0 2.68 0 0 0 0 0 0 4.16 0 0 2.58 0 0 0 0 0 0 3.55 0 0 0.86 0 0 0 0 0 0 3.8 0 0 0.5 0 0 0 0 0 0 0.68 0 0 0.52 0 0 0 0 0 0 3.91 0 0 0.36 0 0 0 0 0 0 3.17 0 0 0.92 0 0 0 0 0 0 2.38 0 0 2.62 0 0 0 0 0 0 0.91 0 0 4.42 0 0 0 0 0 0 1.85 0 0 0.67 0 0 0 0 0 0 0 0 0 0 0 0 0 0 0 0 0 0 0 0 0 0 0 0 0 0 0 0 0 0 0 0 0 0 0 0 0 0 0 0 0 0 0 0 0 0 0 0 0 0 0 0 0 0 0 0 0 0 0 0 0 0 0 0 0 0 0 0 0 0 0 0 0 0 0 0 0 0 0 0 0 0 0 0 0 0 0 0 0 0 0 0 0 0 0 0 0 0 0 0 0 0 0 0 0 0 0 0 0 0 0 0 1.72 0 0 0 0 0 0 0 0 0 0.86 0 0 0 0 0 0 0 0 0 3.9 0 0 0 0 0 0 0 0 0 0.66 0 0 0 0 0 0 0 0 0 2.07 0 0 0 0 0 0 0 0 0 1.42 0 0 0 0 0 0 0 0 0 1.29 0 0 0 0 0 0 0 0 0 4.65 0 0 0 0 0 0 0 0 0 2.21 0 0 0 0 0 0 0 0 0 1.21 0 0 0 0.8 0 0 1.26 0 0 0 0 0 0 2 0 0 0.93 0 0 0 0 0 0 1.21 0 0 2.2 0 0 0 0 0 0 0.26 0 0 0.58 0 0 0 0 0 0 2.84 0 0 0.37 0 0 0 0 0 0 4.09 0 0 1.4 0 0 0 0 0 0 0.19 0 0 0.5 0 0 0 0 0 0 1.35 0 0 1.17 0 0 0 0 0 0 0.33 0 0 3.48 0 0 0 0 0 0 0.45 0 0 1.4 0 0 0 0 0 0 0 0 0 0 0 0 0 0 0 0 0 0 0 0 0 0 0 0 0 0 0 0 0 0 0 0 0 0 0 0 0 0 0 0 0 0 0 0 0 0 0 0 0 0 0 0 0 0 0 0 0 0 0 0 0 0 0 0 0 0 0 0 0 0 0 0 0 0 0 0 0 0 0 0 0 0 0 0 0 0 0 0 0 0 0 0 0 0 0 0 0 0 0 0 0 0 0 0 0 0 0 0 0 0 0 0 1.31 0 0 0 0 0 0 0 0 0 0.98 0 0 0 0 0 0 0 0 0 1.1 0 0 0 0 0 0 0 0 0 1.04 0 0 0 0 0 0 0 0 0 0.09 0 0 0 0 0 0 0 0 0 1.15 0 0 0 0 0 0 0 0 0 1.93 0 0 0 0 0 0 0 0 0 3.8 0 0 0 0 0 0 0 0 0 0.58 0 0 0 0 0 0 0 0 0 0.51 0 0 0 2.11 0 0 1.33 0 0 0 0 0 0 1.06 0 0 2.74 0 0 0 0 0 0 2.17 0 0 2.43 0 0 0 0 0 0 0.46 0 0 0.35 0 0 0 0 0 0 4.35 0 0 0.3 0 0 0 0 0 0 1.01 0 0 3.56 0 0 0 0 0 0 1.78 0 0 2 0 0 0 0 0 0 2.67 0 0 0.29 0 0 0 0 0 0 0.47 0 0 3.5 0 0 0 0 0 0 2.76 0 0 1.08 0 0 0 0 0 0 0 0 0 0 0 0 0 0 0 0 0 0 0 0 0 0 0 0 0 0 0 0 0 0 0 0 0 0 0 0 0 0 0 0 0 0 0 0 0 0 0 0 0 0 0 0 0 0 0 0 0 0 0 0 0 0 0 0 0 0 0 0 0 0 0 0 0 0 0 0 0 0 0 0 0 0 0 0 0 0 0 0 0 0 0 0 0 0 0 0 0 0 0 0 0 0 0 0 0 0 0 0 0 0 0 0 3.67 0 0 0 0 0 0 0 0 0 3.92 0 0 0 0 0 0 0 0 0 0.93 0 0 0 0 0 0 0 0 0 4.86 0 0 0 0 0 0 0 0 0 0.8 0 0 0 0 0 0 0 0 0 0.2 0 0 0 0 0 0 0 0 0 1.43 0 0 0 0 0 0 0 0 0 2.83 0 0 0 0 0 0 0 0 0 4.34 0 0 0 0 0 0 0 0 0 0.36 0 0 0 0 0 0 0 0 0 1.18 0 0 0 0 0 0 0 0 0 0.98 0 0 0 0 0 0 0 0 0 1.53 0 0 0 0 0 0 0 0 0 0.95 0 0 0 0 0 0 0 0 0 4.47 0 0 0 0 0 0 0 0 0 5.35 0 0 0 0 0 0 0 0 0 2.47 0 0 0 0 0 0 0 0 0 0.7 0 0 0 0 0 0 0 0 0 2.81 0 0 0 0 0 0 0 0 0 2.73 0 0 0 0.95 0 0 0.6 0 0 0 0 0 0 0.11 0 0 3.52 0 0 0 0 0 0 2.35 0 0 4.65 0 0 0 0 0 0 4.21 0 0 2.25 0 0 0 0 0 0 3.91 0 0 0.19 0 0 0 0 0 0 0.87 0 0 0.37 0 0 0 0 0 0 0.87 0 0 1.95 0 0 0 0 0 0 0.14 0 0 4.27 0 0 0 0 0 0 1.69 0 0 0.78 0 0 0 0 0 0 0.31 0 0 0.66 0 0 0 0 0 0 0 0 0 0 0 0 0 0 0 0 0 0 0 0 0 0 0 0 0 0 0 0 0 0 0 0 0 0 0 0 0 0 0 0 0 0 0 0 0 0 0 0 0 0 0 0 0 0 0 0 0 0 0 0 0 0 0 0 0 0 0 0 0 0 0 0 0 0 0 0 0 0 0 0 0 0 0 0 0 0 0 0 0 0 0 0 0 0 0 0 0 0 0 0 0 0 0 0 0 0 0 0 0 0 0 0 4.25 0 0 0 0 0 0 0 0 0 0.41 0 0 0 0 0 0 0 0 0 4.44 0 0 0 0 0 0 0 0 0 0.73 0 0 0 0 0 0 0 0 0 0.13 0 0 0 0 0 0 0 0 0 0.77 0 0 0 0 0 0 0 0 0 0.46 0 0 0 0 0 0 0 0 0 0.62 0 0 0 0 0 0 0 0 0 1.67 0 0 0 0 0 0 0 0 0 3.49 0 0 0 3.68 0 0 1.3 0 0 0 0 0 0 3.15 0 0 3.19 0 0 0 0 0 0 3.96 0 0 0.25 0 0 0 0 0 0 1.85 0 0 4.47 0 0 0 0 0 0 3.52 0 0 0.91 0 0 0 0 0 0 4.52 0 0 1.04 0 0 0 0 0 0 4.25 0 0 5.8 0 0 0 0 0 0 0.88 0 0 4.09 0 0 0 0 0 0 1.2 0 0 3.3 0 0 0 0 0 0 0.86 0 0 0.3 0 0 0 0 0 0 0 0 0 0 0 0 0 0 0 0 0 0 0 0 0 0 0 0 0 0 0 0 0 0 0 0 0 0 0 0 0 0 0 0 0 0 0 0 0 0 0 0 0 0 0 0 0 0 0 0 0 0 0 0 0 0 0 0 0 0 0 0 0 0 0 0 0 0 0 0 0 0 0 0 0 0 0 0 0 0 0 0 0 0 0 0 0 0 0 0 0 0 0 0 0 0 0 0 0 0 0 0 0 0 0 0 1.17 0 0 0 0 0 0 0 0 0 3.7 0 0 0 0 0 0 0 0 0 2.61 0 0 0 0 0 0 0 0 0 1.48 0 0 0 0 0 0 0 0 0 2.44 0 0 0 0 0 0 0 0 0 1.06 0 0 0 0 0 0 0 0 0 1.95 0 0 0 0 0 0 0 0 0 3.55 0 0 0 0 0 0 0 0 0 1.49 0 0 0 0 0 0 0 0 0 1.62 0 0 0 0.15 0 0 0.93 0 0 0 0 0 0 3.87 0 0 5.55 0 0 0 0 0 0 1 0 0 4.73 0 0 0 0 0 0 3.38 0 0 1.86 0 0 0 0 0 0 4.37 0 0 2.03 0 0 0 0 0 0 1.39 0 0 1.09 0 0 0 0 0 0 3.24 0 0 0.92 0 0 0 0 0 0 4.23 0 0 0.18 0 0 0 0 0 0 1.62 0 0 2.74 0 0 0 0 0 0 2.59 0 0 3.74 0 0 0 0 0 0 0 0 0 0 0 0 0 0 0 0 0 0 0 0 0 0 0 0 0 0 0 0 0 0 0 0 0 0 0 0 0 0 0 0 0 0 0 0 0 0 0 0 0 0 0 0 0 0 0 0 0 0 0 0 0 0 0 0 0 0 0 0 0 0 0 0 0 0 0 0 0 0 0 0 0 0 0 0 0 0 0 0 0 0 0 0 0 0 0 0 0 0 0 0 0 0 0 0 0 0 0 0 0 0 0 0 1.08 0 0 0 0 0 0 0 0 0 1.6 0 0 0 0 0 0 0 0 0 2.26 0 0 0 0 0 0 0 0 0 4.47 0 0 0 0 0 0 0 0 0 0.38 0 0 0 0 0 0 0 0 0 1.27 0 0 0 0 0 0 0 0 0 1.56 0 0 0 0 0 0 0 0 0 0.26 0 0 0 0 0 0 0 0 0 1.56 0 0 0 0 0 0 0 0 0 3.71 0 0 0 0 0 0 0 0 0 1.65 0 0 0 0 0 0 0 0 0 3.62 0 0 0 0 0 0 0 0 0 0.4 0 0 0 0 0 0 0 0 0 2.97 0 0 0 0 0 0 0 0 0 0.73 0 0 0 0 0 0 0 0 0 2.2 0 0 0 0 0 0 0 0 0 0.64 0 0 0 0 0 0 0 0 0 5.35 0 0 0 0 0 0 0 0 0 0.28 0 0 0 0 0 0 0 0 0 0.82 0 0 0 1.35 0 0 2.36 0 0 0 0 0 0 0.57 0 0 3.22 0 0 0 0 0 0 1 0 0 3.74 0 0 0 0 0 0 2.31 0 0 2.03 0 0 0 0 0 0 0.19 0 0 5.45 0 0 0 0 0 0 1.07 0 0 2.05 0 0 0 0 0 0 2.78 0 0 5.37 0 0 0 0 0 0 1.24 0 0 1.24 0 0 0 0 0 0 2.62 0 0 1.78 0 0 0 0 0 0 2.69 0 0 0.42 0 0 0 0 0 0 0 0 0 0 0 0 0 0 0 0 0 0 0 0 0 0 0 0 0 0 0 0 0 0 0 0 0 0 0 0 0 0 0 0 0 0 0 0 0 0 0 0 0 0 0 0 0 0 0 0 0 0 0 0 0 0 0 0 0 0 0 0 0 0 0 0 0 0 0 0 0 0 0 0 0 0 0 0 0 0 0 0 0 0 0 0 0 0 0 0 0 0 0 0 0 0 0 0 0 0 0 0 0 0 0 0 0.84 0 0 0 0 0 0 0 0 0 0.91 0 0 0 0 0 0 0 0 0 3.2 0 0 0 0 0 0 0 0 0 0.41 0 0 0 0 0 0 0 0 0 1.35 0 0 0 0 0 0 0 0 0 2.02 0 0 0 0 0 0 0 0 0 0.63 0 0 0 0 0 0 0 0 0 3.26 0 0 0 0 0 0 0 0 0 0.23 0 0 0 0 0 0 0 0 0 0.34 0 0 0 1.34 0 0 0.63 0 0 0 0 0 0 4.27 0 0 1.71 0 0 0 0 0 0 2.21 0 0 4.36 0 0 0 0 0 0 4.57 0 0 1.32 0 0 0 0 0 0 0.33 0 0 3.05 0 0 0 0 0 0 0.57 0 0 1.34 0 0 0 0 0 0 0.66 0 0 0.97 0 0 0 0 0 0 0.47 0 0 1 0 0 0 0 0 0 4.64 0 0 0.76 0 0 0 0 0 0 2.39 0 0 3.45 0 0 0 0 0 0 0 0 0 0 0 0 0 0 0 0 0 0 0 0 0 0 0 0 0 0 0 0 0 0 0 0 0 0 0 0 0 0 0 0 0 0 0 0 0 0 0 0 0 0 0 0 0 0 0 0 0 0 0 0 0 0 0 0 0 0 0 0 0 0 0 0 0 0 0 0 0 0 0 0 0 0 0 0 0 0 0 0 0 0 0 0 0 0 0 0 0 0 0 0 0 0 0 0 0 0 0 0 0 0 0 0 0.22 0 0 0 0 0 0 0 0 0 0.82 0 0 0 0 0 0 0 0 0 2.1 0 0 0 0 0 0 0 0 0 1.89 0 0 0 0 0 0 0 0 0 2.65 0 0 0 0 0 0 0 0 0 2 0 0 0 0 0 0 0 0 0 0.91 0 0 0 0 0 0 0 0 0 0.57 0 0 0 0 0 0 0 0 0 2.43 0 0 0 0 0 0 0 0 0 5.04 0 0 0 4.11 0 0 0.33 0 0 0 0 0 0 1.51 0 0 0.1 0 0 0 0 0 0 4.83 0 0 0.64 0 0 0 0 0 0 5.97 0 0 0.29 0 0 0 0 0 0 1.08 0 0 2.48 0 0 0 0 0 0 0.96 0 0 5.25 0 0 0 0 0 0 2.42 0 0 3.65 0 0 0 0 0 0 1.74 0 0 0.32 0 0 0 0 0 0 1.86 0 0 4.29 0 0 0 0 0 0 2.71 0 0 3.55 0 0 0 0 0 0 0 0 0 0 0 0 0 0 0 0 0 0 0 0 0 0 0 0 0 0 0 0 0 0 0 0 0 0 0 0 0 0 0 0 0 0 0 0 0 0 0 0 0 0 0 0 0 0 0 0 0 0 0 0 0 0 0 0 0 0 0 0 0 0 0 0 0 0 0 0 0 0 0 0 0 0 0 0 0 0 0 0 0 0 0 0 0 0 0 0 0 0 0 0 0 0 0 0 0 0 0 0 0 0 0 0 0.58 0 0 0 0 0 0 0 0 0 1.36 0 0 0 0 0 0 0 0 0 0.11 0 0 0 0 0 0 0 0 0 0.86 0 0 0 0 0 0 0 0 0 5.15 0 0 0 0 0 0 0 0 0 2.92 0 0 0 0 0 0 0 0 0 2.6 0 0 0 0 0 0 0 0 0 4.79 0 0 0 0 0 0 0 0 0 2.06 0 0 0 0 0 0 0 0 0 0.3 0 0 
0 0 0 0 0 0 0 1.05 0 0 0 0 0 0 0 0 0 5.55 0 0 0 0 0 0 0 0 0 2.84 0 0 0 0 0 0 0 0 0 0.12 0 0 0 0 0 0 0 0 0 1.91 0 0 0 0 0 0 0 0 0 2.51 0 0 0 0 0 0 0 0 0 2.36 0 0 0 0 0 0 0 0 0 0.16 0 0 0 0 0 0 0 0 0 0.38 0 0 0 0 0 0 0 0 0 2.15 0 0 0 0.82 0 0 4.96 0 0 0 0 0 0 0.96 0 0 1.39 0 0 0 0 0 0 2.06 0 0 2.83 0 0 0 0 0 0 0.48 0 0 3.56 0 0 0 0 0 0 0.6 0 0 1.22 0 0 0 0 0 0 0.44 0 0 2.45 0 0 0 0 0 0 1.97 0 0 2.17 0 0 0 0 0 0 1.46 0 0 3.94 0 0 0 0 0 0 0.13 0 0 0.43 0 0 0 0 0 0 4.14 0 0 3.04 0 0 0 0 0 0 0 0 0 0 0 0 0 0 0 0 0 0 0 0 0 0 0 0 0 0 0 0 0 0 0 0 0 0 0 0 0 0 0 0 0 0 0 0 0 0 0 0 0 0 0 0 0 0 0 0 0 0 0 0 0 0 0 0 0 0 0 0 0 0 0 0 0 0 0 0 0 0 0 0 0 0 0 0 0 0 0 0 0 0 0 0 0 0 0 0 0 0 0 0 0 0 0 0 0 0 0 0 0 0 0 0 4.43 0 0 0 0 0 0 0 0 0 0.63 0 0 0 0 0 0 0 0 0 3.27 0 0 0 0 0 0 0 0 0 3.99 0 0 0 0 0 0 0 0 0 0.47 0 0 0 0 0 0 0 0 0 1.07 0 0 0 0 0 0 0 0 0 4.26 0 0 0 0 0 0 0 0 0 1.23 0 0 0 0 0 0 0 0 0 0.06 0 0 0 0 0 0 0 0 0 0.27 0 0 0 1.18 0 0 1.14 0 0 0 0 0 0 3.43 0 0 2.62 0 0 0 0 0 0 1.3 0 0 0.87 0 0 0 0 0 0 1.74 0 0 1.24 0 0 0 0 0 0 4.43 0 0 0.93 0 0 0 0 0 0 0.42 0 0 0.55 0 0 0 0 0 0 4.8 0 0 2.46 0 0 0 0 0 0 4.33 0 0 2.94 0 0 0 0 0 0 0.78 0 0 0.83 0 0 0 0 0 0 3.22 0 0 2.43 0 0 0 0 0 0 0 0 0 0 0 0 0 0 0 0 0 0 0 0 0 0 0 0 0 0 0 0 0 0 0 0 0 0 0 0 0 0 0 0 0 0 0 0 0 0 0 0 0 0 0 0 0 0 0 0 0 0 0 0 0 0 0 0 0 0 0 0 0 0 0 0 0 0 0 0 0 0 0 0 0 0 0 0 0 0 0 0 0 0 0 0 0 0 0 0 0 0 0 0 0 0 0 0 0 0 0 0 0 0 0 0 2.6 0 0 0 0 0 0 0 0 0 4.77 0 0 0 0 0 0 0 0 0 4.98 0 0 0 0 0 0 0 0 0 2.28 0 0 0 0 0 0 0 0 0 0.73 0 0 0 0 0 0 0 0 0 0.11 0 0 0 0 0 0 0 0 0 1.89 0 0 0 0 0 0 0 0 0 0.81 0 0 0 0 0 0 0 0 0 6.32 0 0 0 0 0 0 0 0 0 2.02 0 0 0 4.58 0 0 1.82 0 0 0 0 0 0 1.52 0 0 2.32 0 0 0 0 0 0 0.54 0 0 0.86 0 0 0 0 0 0 0.8 0 0 0.37 0 0 0 0 0 0 1 0 0 3.14 0 0 0 0 0 0 3.7 0 0 1.77 0 0 0 0 0 0 2.04 0 0 3.48 0 0 0 0 0 0 0.23 0 0 2.09 0 0 0 0 0 0 4.57 0 0 4.18 0 0 0 0 0 0 4.44 0 0 0.89 0 0 0 0 0 0 0 0 0 0 0 0 0 0 0 0 0 0 0 0 0 0 0 0 0 0 0 0 0 0 0 0 0 0 0 0 0 0 0 0 0 0 0 0 0 0 0 0 0 0 0 0 0 0 0 0 0 0 0 0 0 0 0 0 0 0 0 0 0 0 0 0 0 0 0 0 0 0 0 0 0 0 0 0 0 0 0 0 0 0 0 0 0 0 0 0 0 0 0 0 0 0 0 0 0 0 0 0 0 0 0 0 0.75 0 0 0 0 0 0 0 0 0 0.74 0 0 0 0 0 0 0 0 0 3.2 0 0 0 0 0 0 0 0 0 1.6 0 0 0 0 0 0 0 0 0 0.83 0 0 0 0 0 0 0 0 0 0.64 0 0 0 0 0 0 0 0 0 0.97 0 0 0 0 0 0 0 0 0 0.51 0 0 0 0 0 0 0 0 0 3.7 0 0 0 0 0 0 0 0 0 0.47 0 0 0 0 0 0 0 0 0 1.53 0 0 0 0 0 0 0 0 0 5.53 0 0 0 0 0 0 0 0 0 2.91 0 0 0 0 0 0 0 0 0 4.37 0 0 0 0 0 0 0 0 0 4.11 0 0 0 0 0 0 0 0 0 0.78 0 0 0 0 0 0 0 0 0 1.03 0 0 0 0 0 0 0 0 0 3.47 0 0 0 0 0 0 0 0 0 3.15 0 0 0 0 0 0 0 0 0 2.06 0 0 0 4.53 0 0 1.26 0 0 0 0 0 0 1.6 0 0 1.71 0 0 0 0 0 0 3.2 0 0 2.69 0 0 0 0 0 0 3.72 0 0 5.27 0 0 0 0 0 0 1.8 0 0 1.62 0 0 0 0 0 0 4.46 0 0 4.36 0 0 0 0 0 0 3.5 0 0 5.05 0 0 0 0 0 0 3.44 0 0 4.17 0 0 0 0 0 0 0.27 0 0 2.03 0 0 0 0 0 0 2.48 0 0 2 0 0 0 0 0 0 0 0 0 0 0 0 0 0 0 0 0 0 0 0 0 0 0 0 0 0 0 0 0 0 0 0 0 0 0 0 0 0 0 0 0 0 0 0 0 0 0 0 0 0 0 0 0 0 0 0 0 0 0 0 0 0 0 0 0 0 0 0 0 0 0 0 0 0 0 0 0 0 0 0 0 0 0 0 0 0 0 0 0 0 0 0 0 0 0 0 0 0 0 0 0 0 0 0 0 0 0 0 0 0 0 0 3.46 0 0 0 0 0 0 0 0 0 0.7 0 0 0 0 0 0 0 0 0 4.85 0 0 0 0 0 0 0 0 0 0.61 0 0 0 0 0 0 0 0 0 2.78 0 0 0 0 0 0 0 0 0 5.44 0 0 0 0 0 0 0 0 0 1.33 0 0 0 0 0 0 0 0 0 0.47 0 0 0 0 0 0 0 0 0 1.51 0 0 0 0 0 0 0 0 0 1.8 0 0 0 3.38 0 0 0.46 0 0 0 0 0 0 1.54 0 0 0.12 0 0 0 0 0 0 2.31 0 0 4.25 0 0 0 0 0 0 5.33 0 0 3.39 0 0 0 0 0 0 4.65 0 0 2.57 0 0 0 0 0 0 4.37 0 0 5.21 0 0 0 0 0 0 5.01 0 0 0.85 0 0 0 0 0 0 3.78 0 0 0.99 0 0 0 0 0 0 0.43 0 0 4.93 0 0 0 0 0 0 0.26 0 0 3.79 0 0 0 0 0 0 0 0 0 0 0 0 0 0 0 0 0 0 0 0 0 0 0 0 0 0 0 0 0 0 0 0 0 0 0 0 0 0 0 0 0 0 0 0 0 0 0 0 0 0 0 0 0 0 0 0 0 0 0 0 0 0 0 0 0 0 0 0 0 0 0 0 0 0 0 0 0 0 0 0 0 0 0 0 0 0 0 0 0 0 0 0 0 0 0 0 0 0 0 0 0 0 0 0 0 0 0 0 0 0 0 0 3.74 0 0 0 0 0 0 0 0 0 0.14 0 0 0 0 0 0 0 0 0 2.46 0 0 0 0 0 0 0 0 0 4.91 0 0 0 0 0 0 0 0 0 0.47 0 0 0 0 0 0 0 0 0 3.8 0 0 0 0 0 0 0 0 0 3.2 0 0 0 0 0 0 0 0 0 0.66 0 0 0 0 0 0 0 0 0 4.6 0 0 0 0 0 0 0 0 0 2.3 0 0 0 3.43 0 0 1.66 0 0 0 0 0 0 2.5 0 0 2.75 0 0 0 0 0 0 3.04 0 0 3.09 0 0 0 0 0 0 0.89 0 0 4.08 0 0 0 0 0 0 0.32 0 0 1.31 0 0 0 0 0 0 1.68 0 0 4.06 0 0 0 0 0 0 0.21 0 0 0.55 0 0 0 0 0 0 2.95 0 0 0.59 0 0 0 0 0 0 0.61 0 0 0.95 0 0 0 0 0 0 3.76 0 0 0.35 0 0 0 0 0 0 0 0 0 0 0 0 0 0 0 0 0 0 0 0 0 0 0 0 0 0 0 0 0 0 0 0 0 0 0 0 0 0 0 0 0 0 0 0 0 0 0 0 0 0 0 0 0 0 0 0 0 0 0 0 0 0 0 0 0 0 0 0 0 0 0 0 0 0 0 0 0 0 0 0 0 0 0 0 0 0 0 0 0 0 0 0 0 0 0 0 0 0 0 0 0 0 0 0 0 0 0 0 0 0 0 0 0.38 0 0 0 0 0 0 0 0 0 0.67 0 0 0 0 0 0 0 0 0 1.71 0 0 0 0 0 0 0 0 0 3.59 0 0 0 0 0 0 0 0 0 2.35 0 0 0 0 0 0 0 0 0 5.02 0 0 0 0 0 0 0 0 0 0.53 0 0 0 0 0 0 0 0 0 0.63 0 0 0 0 0 0 0 0 0 4.55 0 0 0 0 0 0 0 0 0 2.22 0 0 0 0 0 0 0 0 0 2.95 0 0 0 0 0 0 0 0 0 0.65 0 0 0 0 0 0 0 0 0 0.67 0 0 0 0 0 0 0 0 0 2.54 0 0 0 0 0 0 0 0 0 1.3 0 0 0 0 0 0 0 0 0 0.2 0 0 0 0 0 0 0 0 0 3.54 0 0 0 0 0 0 0 0 0 2.59 0 0 0 0 0 0 0 0 0 3 0 0 0 0 0 0 0 0 0 2.12 0 0 0 1.68 0 0 0.54 0 0 0 0 0 0 0.13 0 0 3.45 0 0 0 0 0 0 1.8 0 0 1.07 0 0 0 0 0 0 1.72 0 0 3.72 0 0 0 0 0 0 0.93 0 0 2.73 0 0 0 0 0 0 2.98 0 0 3.69 0 0 0 0 0 0 2.81 0 0 1.3 0 0 0 0 0 0 1.84 0 0 0.32 0 0 0 0 0 0 4.99 0 0 0.68 0 0 0 0 0 0 2.49 0 0 1.73 0 0 0 0 0 0 0 0 0 0 0 0 0 0 0 0 0 0 0 0 0 0 0 0 0 0 0 0 0 0 0 0 0 0 0 0 0 0 0 0 0 0 0 0 0 0 0 0 0 0 0 0 0 0 0 0 0 0 0 0 0 0 0 0 0 0 0 0 0 0 0 0 0 0 0 0 0 0 0 0 0 0 0 0 0 0 0 0 0 0 0 0 0 0 0 0 0 0 0 0 0 0 0 0 0 0 0 0 0 0 0 0 2.3 0 0 0 0 0 0 0 0 0 0.6 0 0 0 0 0 0 0 0 0 1.24 0 0 0 0 0 0 0 0 0 2.12 0 0 0 0 0 0 0 0 0 1.08 0 0 0 0 0 0 0 0 0 0.22 0 0 0 0 0 0 0 0 0 3.77 0 0 0 0 0 0 0 0 0 0.15 0 0 0 0 0 0 0 0 0 3.18 0 0 0 0 0 0 0 0 0 5.07 0 0 0 5.27 0 0 0.05 0 0 0 0 0 0 1.47 0 0 2.01 0 0 0 0 0 0 1.79 0 0 4.36 0 0 0 0 0 0 3.79 0 0 1.08 0 0 0 0 0 0 0.64 0 0 0.31 0 0 0 0 0 0 0.41 0 0 5.06 0 0 0 0 0 0 3.21 0 0 3.04 0 0 0 0 0 0 4.63 0 0 1.58 0 0 0 0 0 0 4.67 0 0 4.68 0 0 0 0 0 0 0.84 0 0 2.06 0 0 0 0 0 0 0 0 0 0 0 0 0 0 0 0 0 0 0 0 0 0 0 0 0 0 0 0 0 0 0 0 0 0 0 0 0 0 0 0 0 0 0 0 0 0 0 0 0 0 0 0 0 0 0 0 0 0 0 0 0 0 0 0 0 0 0 0 0 0 0 0 0 0 0 0 0 0 0 0 0 0 0 0 0 0 0 0 0 0 0 0 0 0 0 0 0 0 0 0 0 0 0 0 0 0 0 0 0 0 0 0 3.16 0 0 0 0 0 0 0 0 0 0.4 0 0 0 0 0 0 0 0 0 0.17 0 0 0 0 0 0 0 0 0 1.89 0 0 0 0 0 0 0 0 0 4.1 0 0 0 0 0 0 0 0 0 3.52 0 0 0 0 0 0 0 0 0 0.15 0 0 0 0 0 0 0 0 0 4.83 0 0 0 0 0 0 0 0 0 3.38 0 0 0 0 0 0 0 0 0 4.76 0 0 0 0.86 0 0 0.17 0 0 0 0 0 0 0.3 0 0 0.07 0 0 0 0 0 0 2.07 0 0 3.5 0 0 0 0 0 0 0.07 0 0 1.08 0 0 0 0 0 0 2.65 0 0 0.19 0 0 0 0 0 0 4.12 0 0 4.32 0 0 0 0 0 0 0.43 0 0 0.23 0 0 0 0 0 0 1.93 0 0 5.13 0 0 0 0 0 0 1.35 0 0 4.73 0 0 0 0 0 0 2.1 0 0 5.22 0 0 0 0 0 0 0 0 0 0 0 0 0 0 0 0 0 0 0 0 0 0 0 0 0 0 0 0 0 0 0 0 0 0 0 0 0 0 0 0 0 0 0 0 0 0 0 0 0 0 0 0 0 0 0 0 0 0 0 0 0 0 0 0 0 0 0 0 0 0 0 0 0 0 0 0 0 0 0 0 0 0 0 0 0 0 0 0 0 0 0 0 0 0 0 0 0 0 0 0 0 0 0 0 0 0 0 0 0 0 0 0 0.85 0 0 0 0 0 0 0 0 0 0.59 0 0 0 0 0 0 0 0 0 3 0 0 0 0 0 0 0 0 0 2.08 0 0 0 0 0 0 0 0 0 2.9 0 0 0 0 0 0 0 0 0 2.15 0 0 0 0 0 0 0 0 0 0.88 0 0 0 0 0 0 0 0 0 3.03 0 0 0 0 0 0 0 0 0 5.03 0 0 0 0 0 0 0 0 0 1.45 0 0 0 0 0 0 0 0 0 4.08 0 0 0 0 0 0 0 0 0 1.88 0 0 0 0 0 0 0 0 0 3.67 0 0 0 0 0 0 0 0 0 5.17 0 0 0 0 0 0 0 0 0 3.14 0 0 0 0 0 0 0 0 0 0.81 0 0 0 0 0 0 0 0 0 4.05 0 0 0 0 0 0 0 0 0 5.75 0 0 0 0 0 0 0 0 0 2.54 0 0 0 0 0 0 0 0 0 1.04 0 0 0 1.09 0 0 1.88 0 0 0 0 0 0 2.48 0 0 1.14 0 0 0 0 0 0 2.99 0 0 0.11 0 0 0 0 0 0 0.4 0 0 0.73 0 0 0 0 0 0 3.11 0 0 0.24 0 0 0 0 0 0 0.27 0 0 0.3 0 0 0 0 0 0 1.93 0 0 1.42 0 0 0 0 0 0 4.63 0 0 2.05 0 0 0 0 0 0 0.45 0 0 0.85 0 0 0 0 0 0 0.39 0 0 1.23 0 0 0 0 0 0 0 0 0 0 0 0 0 0 0 0 0 0 0 0 0 0 0 0 0 0 0 0 0 0 0 0 0 0 0 0 0 0 0 0 0 0 0 0 0 0 0 0 0 0 0 0 0 0 0 0 0 0 0 0 0 0 0 0 0 0 0 0 0 0 0 0 0 0 0 0 0 0 0 0 0 0 0 0 0 0 0 0 0 0 0 0 0 0 0 0 0 0 0 0 0 0 0 0 0 0 0 0 0 0 0 0 1.27 0 0 0 0 0 0 0 0 0 1.37 0 0 0 0 0 0 0 0 0 3.56 0 0 0 0 0 0 0 0 0 3.24 0 0 0 0 0 0 0 0 0 2.69 0 0 0 0 0 0 0 0 0 4.1 0 0 0 0 0 0 0 0 0 0.34 0 0 0 0 0 0 0 0 0 1.05 0 0 0 0 0 0 0 0 0 4 0 0 0 0 0 0 0 0 0 0.17 0 0 0 1.18 0 0 1.96 0 0 0 0 0 0 0.62 0 0 0.5 0 0 0 0 0 0 2.44 0 0 2.3 0 0 0 0 0 0 1.04 0 0 0.38 0 0 0 0 0 0 4.21 0 0 2.7 0 0 0 0 0 0 3.72 0 0 3.57 0 0 0 0 0 0 3.39 0 0 4.1 0 0 0 0 0 0 1.9 0 0 3.95 0 0 0 0 0 0 4.05 0 0 0.22 0 0 0 0 0 0 3.62 0 0 0.83 0 0 0 0 0 0 0 0 0 0 0 0 0 0 0 0 0 0 0 0 0 0 0 0 0 0 0 0 0 0 0 0 0 0 0 0 0 0 0 0 0 0 0 0 0 0 0 0 0 0 0 0 0 0 0 0 0 0 0 0 0 0 0 0 0 0 0 0 0 0 0 0 0 0 0 0 0 0 0 0 0 0 0 0 0 0 0 0 0 0 0 0 0 0 0 0 0 0 0 0 0 0 0 0 0 0 0 0 0 0 0 0 5.42 0 0 0 0 0 0 0 0 0 0.86 0 0 0 0 0 0 0 0 0 0.64 0 0 0 0 0 0 0 0 0 0.64 0 0 0 0 0 0 0 0 0 1.68 0 0 0 0 0 0 0 0 0 0.23 0 0 0 0 0 0 0 0 0 0.49 0 0 0 0 0 0 0 0 0 2 0 0 0 0 0 0 0 0 0 0.23 0 0 0 0 0 0 0 0 0 4.64 0 0 0 4.91 0 0 3.15 0 0 0 0 0 0 2.69 0 0 5.09 0 0 0 0 0 0 1.06 0 0 0.73 0 0 0 0 0 0 0.24 0 0 0.04 0 0 0 0 0 0 2.69 0 0 0.36 0 0 0 0 0 0 2.34 0 0 0.77 0 0 0 0 0 0 3.18 0 0 3.24 0 0 0 0 0 0 5.41 0 0 0.55 0 0 0 0 0 0 4 0 0 5.63 0 0 0 0 0 0 1.04 0 0 1.62 0 0 0 0 0 0 0 0 0 0 0 0 0 0 0 0 0 0 0 0 0 0 0 0 0 0 0 0 0 0 0 0 0 0 0 0 0 0 0 0 0 0 0 0 0 0 0 0 0 0 0 0 0 0 0 0 0 0 0 0 0 0 0 0 0 0 0 0 0 0 0 0 0 0 0 0 0 0 0 0 0 0 0 0 0 0 0 0 0 0 0 0 0 0 0 0 0 0 0 0 0 0 0 0 0 0 0 0 0 0 0 0 1.31 0 0 0 0 0 0 0 0 0 1 0 0 0 0 0 0 0 0 0 4.16 0 0 0 0 0 0 0 0 0 0.7 0 0 0 0 0 0 0 0 0 3.6 0 0 0 0 0 0 0 0 0 2.19 0 0 0 0 0 0 0 0 0 1.03 0 0 0 0 0 0 0 0 0 0.36 0 0 0 0 0 0 0 0 0 1.11 0 0 0 0 0 0 0 0 0 2.39 0 0 0 0 0 0 0 0 0 1.34 0 0 0 0 0 0 0 0 0 0.21 0 0 0 0 0 0 0 0 0 1.09 0 0 0 0 0 0 0 0 0 1.28 0 0 0 0 0 0 0 0 0 1.38 0 0 0 0 0 0 0 0 0 2.69 0 0 0 0 0 0 0 0 0 1.65 0 0 0 0 0 0 0 0 0 6.25 0 0 0 0 0 0 0 0 0 3.43 0 0 0 0 0 0 0 0 0 2.22 0 0 0 0.56 0 0 2.7 0 0 0 0 0 0 3.51 0 0 2.06 0 0 0 0 0 0 0.67 0 0 0.86 0 0 0 0 0 0 3.57 0 0 1.21 0 0 0 0 0 0 0.37 0 0 4.47 0 0 0 0 0 0 2.96 0 0 1.75 0 0 0 0 0 0 0.82 0 0 0.59 0 0 0 0 0 0 0.67 0 0 3.79 0 0 0 0 0 0 0.56 0 0 1.96 0 0 0 0 0 0 5.35 0 0 1.39 0 0 0 0 0 0 0 0 0 0 0 0 0 0 0 0 0 0 0 0 0 0 0 0 0 0 0 0 0 0 0 0 0 0 0 0 0 0 0 0 0 0 0 0 0 0 0 0 0 0 0 0 0 0 0 0 0 0 0 0 0 0 0 0 0 0 0 0 0 0 0 0 0 0 0 0 0 0 0 0 0 0 0 0 0 0 0 0 0 0 0 0 0 0 0 0 0 0 0 0 0 0 0 0 0 0 0 0 0 0 0 0 1.15 0 0 0 0 0 0 0 0 0 2.86 0 0 0 0 0 0 0 0 0 1.45 0 0 0 0 0 0 0 0 0 3.39 0 0 0 0 0 0 0 0 0 0.21 0 0 0 0 0 0 0 0 0 1.44 0 0 0 0 0 0 0 0 0 0.16 0 0 0 0 0 0 0 0 0 0.41 0 0 0 0 0 0 0 0 0 2.78 0 0 0 0 0 0 0 0 0 0.25 0 0 0 2.57 0 0 4.22 0 0 0 0 0 0 5.56 0 0 0.36 0 0 0 0 0 0 2.87 0 0 3.49 0 0 0 0 0 0 0.67 0 0 4.36 0 0 0 0 0 0 1.88 0 0 1.39 0 0 0 0 0 0 4.03 0 0 0.13 0 0 0 0 0 0 1.23 0 0 1.25 0 0 0 0 0 0 0.43 0 0 0.99 0 0 0 0 0 0 0.29 0 0 1.91 0 0 0 0 0 0 2.97 0 0 1.25 0 0 0 0 0 0 0 0 0 0 0 0 0 0 0 0 0 0 0 0 0 0 0 0 0 0 0 0 0 0 0 0 0 0 0 0 0 0 0 0 0 0 0 0 0 0 0 0 0 0 0 0 0 0 0 0 0 0 0 0 0 0 0 0 0 0 0 0 0 0 0 0 0 0 0 0 0 0 0 0 0 0 0 0 0 0 0 0 0 0 0 0 0 0 0 0 0 0 0 0 0 0 0 0 0 0 0 0 0 0 0 0 2.16 0 0 0 0 0 0 0 0 0 1.3 0 0 0 0 0 0 0 0 0 2.32 0 0 0 0 0 0 0 0 0 2.96 0 0 0 0 0 0 0 0 0 4.14 0 0 0 0 0 0 0 0 0 2.02 0 0 0 0 0 0 0 0 0 3.97 0 0 0 0 0 0 0 0 0 1.88 0 0 0 0 0 0 0 0 0 2.25 0 0 0 0 0 0 0 0 0 4.79 0 0 0 2.47 0 0 0.68 0 0 0 0 0 0 4.47 0 0 1.77 0 0 0 0 0 0 3.76 0 0 0.11 0 0 0 0 0 0 1.36 0 0 0.27 0 0 0 0 0 0 1.3 0 0 5.12 0 0 0 0 0 0 1.33 0 0 0.22 0 0 0 0 0 0 2.12 0 0 0.49 0 0 0 0 0 0 1.27 0 0 3.33 0 0 0 0 0 0 0.46 0 0 1.18 0 0 0 0 0 0 4.99 0 0 3.03 0 0 0 0 0 0 0 0 0 0 0 0 0 0 0 0 0 0 0 0 0 0 0 0 0 0 0 0 0 0 0 0 0 0 0 0 0 0 0 0 0 0 0 0 0 0 0 0 0 0 0 0 0 0 0 0 0 0 0 0 0 0 0 0 0 0 0 0 0 0 0 0 0 0 0 0 0 0 0 0 0 0 0 0 0 0 0 0 0 0 0 0 0 0 0 0 0 0 0 0 0 0 0 0 0 0 0 0 0 0 0 0 4.15 0 0 0 0 0 0 0 0 0 1.16 0 0 0 0 0 0 0 0 0 0.76 0 0 0 0 0 0 0 0 0 1.31 0 0 0 0 0 0 0 0 0 1.38 0 0 0 0 0 0 0 0 0 2.27 0 0 0 0 0 0 0 0 0 4.78 0 0 0 0 0 0 0 0 0 5.48 0 0 0 0 0 0 0 0 0 0.61 0 0 0 0 0 0 0 0 0 1.03 0 0 0 0 0 0 0 0 0 2.1 0 0 0 0 0 0 0 0 0 1.37 0 0 0 0 0 0 0 0 0 2.75 0 0 0 0 0 0 0 0 0 2.51 0 0 0 0 0 0 0 0 0 5.47 0 0 0 0 0 0 0 0 0 2.16 0 0 0 0 0 0 0 0 0 3.58 0 0 0 0 0 0 0 0 0 0.97 0 0 0 0 0 0 0 0 0 4.43 0 0 0 0 0 0 0 0 0 1.55 0 0 0 0.07 0 0 3.62 0 0 0 0 0 0 1.41 0 0 3.27 0 0 0 0 0 0 3.69 0 0 4.13 0 0 0 0 0 0 0.3 0 0 0.25 0 0 0 0 0 0 1.85 0 0 0.08 0 0 0 0 0 0 0.7 0 0 5.84 0 0 0 0 0 0 0.73 0 0 0.69 0 0 0 0 0 0 3.94 0 0 1.05 0 0 0 0 0 0 0.58 0 0 3.4 0 0 0 0 0 0 1.46 0 0 0.65 0 0 0 0 0 0 0 0 0 0 0 0 0 0 0 0 0 0 0 0 0 0 0 0 0 0 0 0 0 0 0 0 0 0 0 0 0 0 0 0 0 0 0 0 0 0 0 0 0 0 0 0 0 0 0 0 0 0 0 0 0 0 0 0 0 0 0 0 0 0 0 0 0 0 0 0 0 0 0 0 0 0 0 0 0 0 0 0 0 0 0 0 0 0 0 0 0 0 0 0 0 0 0 0 0 0 0 0 0 0 0 0 1.63 0 0 0 0 0 0 0 0 0 3.75 0 0 0 0 0 0 0 0 0 3.84 0 0 0 0 0 0 0 0 0 0.43 0 0 0 0 0 0 0 0 0 3.52 0 0 0 0 0 0 0 0 0 3.82 0 0 0 0 0 0 0 0 0 0.34 0 0 0 0 0 0 0 0 0 3.39 0 0 0 0 0 0 0 0 0 1.24 0 0 0 0 0 0 0 0 0 6.26 0 0 0 2.37 0 0 0.51 0 0 0 0 0 0 1.1 0 0 4.07 0 0 0 0 0 0 3.26 0 0 1.12 0 0 0 0 0 0 2.76 0 0 0.25 0 0 0 0 0 0 4.12 0 0 0.46 0 0 0 0 0 0 1.59 0 0 0.79 0 0 0 0 0 0 5.08 0 0 5.51 0 0 0 0 0 0 4.3 0 0 2.86 0 0 0 0 0 0 5.34 0 0 1.38 0 0 0 0 0 0 3.68 0 0 1.69 0 0 0 0 0 0 0 0 0 0 0 0 0 0 0 0 0 0 0 0 0 0 0 0 0 0 0 0 0 0 0 0 0 0 0 0 0 0 0 0 0 0 0 0 0 0 0 0 0 0 0 0 0 0 0 0 0 0 0 0 0 0 0 0 0 0 0 0 0 0 0 0 0 0 0 0 0 0 0 0 0 0 0 0 0 0 0 0 0 0 0 0 0 0 0 0 0 0 0 0 0 0 0 0 0 0 0 0 0 0 0 0 4.35 0 0 0 0 0 0 0 0 0 3.1 0 0 0 0 0 0 0 0 0 4.44 0 0 0 0 0 0 0 0 0 3.16 0 0 0 0 0 0 0 0 0 1.29 0 0 0 0 0 0 0 0 0 1.17 0 0 0 0 0 0 0 0 0 0.19 0 0 0 0 0 0 0 0 0 1.87 0 0 0 0 0 0 0 0 0 4.67 0 0 0 0 0 0 0 0 0 4.98 0 0 0 0.92 0 0 0.26 0 0 0 0 0 0 0.97 0 0 0.39 0 0 0 0 0 0 0.13 0 0 0.33 0 0 0 0 0 0 1.66 0 0 4.5 0 0 0 0 0 0 2.44 0 0 2.24 0 0 0 0 0 0 1.68 0 0 1.6 0 0 0 0 0 0 1.65 0 0 0.81 0 0 0 0 0 0 2.11 0 0 2.22 0 0 0 0 0 0 0.71 0 0 0.89 0 0 0 0 0 0 0.34 0 0 2.12 0 0 0 0 0 0 0 0 0 0 0 0 0 0 0 0 0 0 0 0 0 0 0 0 0 0 0 0 0 0 0 0 0 0 0 0 0 0 0 0 0 0 0 0 0 0 0 0 0 0 0 0 0 0 0 0 0 0 0 0 0 0 0 0 0 0 0 0 0 0 0 0 0 0 0 0 0 0 0 0 0 0 0 0 0 0 0 0 0 0 0 0 0 0 0 0 0 0 0 0 0 0 0 0 0 0 0 0 0 0 0 0 2.67 0 0 0 0 0 0 0 0 0 0.95 0 0 0 0 0 0 0 0 0 1.07 0 0 0 0 0 0 0 0 0 0.74 0 0 0 0 0 0 0 0 0 2.33 0 0 0 0 0 0 0 0 0 2.68 0 0 0 0 0 0 0 0 0 2.85 0 0 0 0 0 0 0 0 0 2.07 0 0 0 0 0 0 0 0 0 1.07 0 0 0 0 0 0 0 0 0 3.21 0 0 0 0 0 0 0 0 0 3.31 0 0 0 0 0 0 0 0 0 3.59 0 0 0 0 0 0 0 0 0 1.89 0 0 0 0 0 0 0 0 0 3.89 0 0 0 0 0 0 0 0 0 0.32 0 0 0 0 0 0 0 0 0 2.63 0 0 0 0 0 0 0 0 0 2.07 0 0 0 0 0 0 0 0 0 4.23 0 0 0 0 0 0 0 0 0 2.14 0 0 0 0 0 0 0 0 0 3.26 0 0 0 1.81 0 0 0.57 0 0 0 0 0 0 1.68 0 0 2.42 0 0 0 0 0 0 0.07 0 0 1.55 0 0 0 0 0 0 2.75 0 0 2.32 0 0 0 0 0 0 2.35 0 0 1.72 0 0 0 0 0 0 3.91 0 0 2.02 0 0 0 0 0 0 2.12 0 0 4.22 0 0 0 0 0 0 2.13 0 0 3.9 0 0 0 0 0 0 2.95 0 0 0.71 0 0 0 0 0 0 0.61 0 0 1.71 0 0 0 0 0 0 0 0 0 0 0 0 0 0 0 0 0 0 0 0 0 0 0 0 0 0 0 0 0 0 0 0 0 0 0 0 0 0 0 0 0 0 0 0 0 0 0 0 0 0 0 0 0 0 0 0 0 0 0 0 0 0 0 0 0 0 0 0 0 0 0 0 0 0 0 0 0 0 0 0 0 0 0 0 0 0 0 0 0 0 0 0 0 0 0 0 0 0 0 0 0 0 0 0 0 0 0 0 0 0 0 0 0.15 0 0 0 0 0 0 0 0 0 0.33 0 0 0 0 0 0 0 0 0 2.4 0 0 0 0 0 0 0 0 0 0.62 0 0 0 0 0 0 0 0 0 1.58 0 0 0 0 0 0 0 0 0 4.85 0 0 0 0 0 0 0 0 0 1.17 0 0 0 0 0 0 0 0 0 2.21 0 0 0 0 0 0 0 0 0 0.95 0 0 0 0 0 0 0 0 0 5.88 0 0 0 0.47 0 0 0.64 0 0 0 0 0 0 3.29 0 0 0.72 0 0 0 0 0 0 1.1 0 0 1.4 0 0 0 0 0 0 1.37 0 0 0.47 0 0 0 0 0 0 4.25 0 0 1.2 0 0 0 0 0 0 0.77 0 0 2.47 0 0 0 0 0 0 1.28 0 0 3.5 0 0 0 0 0 0 1.84 0 0 0.44 0 0 0 0 0 0 3.32 0 0 2.47 0 0 0 0 0 0 0.9 0 0 4.51 0 0 0 0 0 0 0 0 0 0 0 0 0 0 0 0 0 0 0 0 0 0 0 0 0 0 0 0 0 0 0 0 0 0 0 0 0 0 0 0 0 0 0 0 0 0 0 0 0 0 0 0 0 0 0 0 0 0 0 0 0 0 0 0 0 0 0 0 0 0 0 0 0 0 0 0 0 0 0 0 0 0 0 0 0 0 0 0 0 0 0 0 0 0 0 0 0 0 0 0 0 0 0 0 0 0 0 0 0 0 0 0 4.69 0 0 0 0 0 0 0 0 0 5.02 0 0 0 0 0 0 0 0 0 2.4 0 0 0 0 0 0 0 0 0 3.42 0 0 0 0 0 0 0 0 0 3.23 0 0 0 0 0 0 0 0 0 2.13 0 0 0 0 0 0 0 0 0 3.28 0 0 0 0 0 0 0 0 0 1.26 0 0 0 0 0 0 0 0 0 0.18 0 0 0 0 0 0 0 0 0 0.61 0 0 0 0.62 0 0 1.54 0 0 0 0 0 0 0.8 0 0 1.59 0 0 0 0 0 0 1.2 0 0 1.58 0 0 0 0 0 0 3.18 0 0 0.91 0 0 0 0 0 0 2.27 0 0 2.04 0 0 0 0 0 0 0.76 0 0 2.83 0 0 0 0 0 0 5.38 0 0 1.72 0 0 0 0 0 0 0.91 0 0 0.34 0 0 0 0 0 0 1.05 0 0 2.93 0 0 0 0 0 0 1.05 0 0 0.62 0 0 0 0 0 0 0 0 0 0 0 0 0 0 0 0 0 0 0 0 0 0 0 0 0 0 0 0 0 0 0 0 0 0 0 0 0 0 0 0 0 0 0 0 0 0 0 0 0 0 0 0 0 0 0 0 0 0 0 0 0 0 0 0 0 0 0 0 0 0 0 0 0 0 0 0 0 0 0 0 0 0 0 0 0 0 0 0 0 0 0 0 0 0 0 0 0 0 0 0 0 0 0 0 0 0 0 0 0 0 0 0 2.52 0 0 0 0 0 0 0 0 0 0.01 0 0 0 0 0 0 0 0 0 1.37 0 0 0 0 0 0 0 0 0 1.79 0 0 0 0 0 0 0 0 0 2.8 0 0 0 0 0 0 0 0 0 3.78 0 0 0 0 0 0 0 0 0 2.02 0 0 0 0 0 0 0 0 0 3.12 0 0 0 0 0 0 0 0 0 3.54 0 0 0 0 0 0 0 0 0 4.93 0 0 0 0 0 0 0 0 0 1.59 0 0 0 0 0 0 0 0 0 2.6 0 0 0 0 0 0 0 0 0 1.27 0 0 0 0 0 0 0 0 0 3.06 0 0 0 0 0 0 0 0 0 1.17 0 0 0 0 0 0 0 0 0 0.21 0 0 0 0 0 0 0 0 0 3.64 0 0 0 0 0 0 0 0 0 1.6 0 0 0 0 0 0 0 0 0 0.14 0 0 0 0 0 0 0 0 0 0.53 0 0 0 0.43 0 0 2.73 0 0 0 0 0 0 4.29 0 0 2.69 0 0 0 0 0 0 3.43 0 0 0.83 0 0 0 0 0 0 3.7 0 0 0.53 0 0 0 0 0 0 0.61 0 0 0.57 0 0 0 0 0 0 3.68 0 0 0.34 0 0 0 0 0 0 2.91 0 0 1.03 0 0 0 0 0 0 2.48 0 0 2.57 0 0 0 0 0 0 0.83 0 0 4.37 0 0 0 0 0 0 1.86 0 0 0.64 0 0 0 0 0 0 0 0 0 0 0 0 0 0 0 0 0 0 0 0 0 0 0 0 0 0 0 0 0 0 0 0 0 0 0 0 0 0 0 0 0 0 0 0 0 0 0 0 0 0 0 0 0 0 0 0 0 0 0 0 0 0 0 0 0 0 0 0 0 0 0 0 0 0 0 0 0 0 0 0 0 0 0 0 0 0 0 0 0 0 0 0 0 0 0 0 0 0 0 0 0 0 0 0 0 0 0 0 0 0 0 0 1.75 0 0 0 0 0 0 0 0 0 0.79 0 0 0 0 0 0 0 0 0 3.97 0 0 0 0 0 0 0 0 0 0.69 0 0 0 0 0 0 0 0 0 2.01 0 0 0 0 0 0 0 0 0 1.6 0 0 0 0 0 0 0 0 0 1.23 0 0 0 0 0 0 0 0 0 4.49 0 0 0 0 0 0 0 0 0 2.15 0 0 0 0 0 0 0 0 0 1.15 0 0 0 0.73 0 0 1.12 0 0 0 0 0 0 2.02 0 0 0.77 0 0 0 0 0 0 1.35 0 0 2.17 0 0 0 0 0 0 0.21 0 0 0.45 0 0 0 0 0 0 2.64 0 0 0.42 0 0 0 0 0 0 3.86 0 0 1.44 0 0 0 0 0 0 0.09 0 0 0.38 0 0 0 0 0 0 1.36 0 0 1.35 0 0 0 0 0 0 0.46 0 0 3.48 0 0 0 0 0 0 0.56 0 0 1.48 0 0 0 0 0 0 0 0 0 0 0 0 0 0 0 0 0 0 0 0 0 0 0 0 0 0 0 0 0 0 0 0 0 0 0 0 0 0 0 0 0 0 0 0 0 0 0 0 0 0 0 0 0 0 0 0 0 0 0 0 0 0 0 0 0 0 0 0 0 0 0 0 0 0 0 0 0 0 0 0 0 0 0 0 0 0 0 0 0 0 0 0 0 0 0 0 0 0 0 0 0 0 0 0 0 0 0 0 0 0 0 0 1.26 0 0 0 0 0 0 0 0 0 0.81 0 0 0 0 0 0 0 0 0 1.06 0 0 0 0 0 0 0 0 0 1.09 0 0 0 0 0 0 0 0 0 0 0 0 0 0 0 0 0 0 0 1.19 0 0 0 0 0 0 0 0 0 1.93 0 0 0 0 0 0 0 0 0 3.93 0 0 0 0 0 0 0 0 0 0.55 0 0 0 0 0 0 0 0 0 0.53 0 0 0 2.03 0 0 1.55 0 0 0 0 0 0 1.22 0 0 2.87 0 0 0 0 0 0 2.15 0 0 2.42 0 0 0 0 0 0 0.37 0 0 0.38 0 0 0 0 0 0 4.35 0 0 0.29 0 0 0 0 0 0 1.13 0 0 3.6 0 0 0 0 0 0 1.86 0 0 2.25 0 0 0 0 0 0 2.98 0 0 0.4 0 0 0 0 0 0 0.39 0 0 3.58 0 0 0 0 0 0 2.74 0 0 1.1 0 0 0 0 0 0 0 0 0 0 0 0 0 0 0 0 0 0 0 0 0 0 0 0 0 0 0 0 0 0 0 0 0 0 0 0 0 0 0 0 0 0 0 0 0 0 0 0 0 0 0 0 0 0 0 0 0 0 0 0 0 0 0 0 0 0 0 0 0 0 0 0 0 0 0 0 0 0 0 0 0 0 0 0 0 0 0 0 0 0 0 0 0 0 0 0 0 0 0 0 0 0 0 0 0 0 0 0 0 0 0 0 3.5 0 0 0 0 0 0 0 0 0 3.72 0 0 0 0 0 0 0 0 0 1.05 0 0 0 0 0 0 0 0 0 4.81 0 0 0 0 0 0 0 0 0 0.61 0 0 0 0 0 0 0 0 0 0.15 0 0 0 0 0 0 0 0 0 1.6 0 0 0 0 0 0 0 0 0 2.72 0 0 0 0 0 0 0 0 0 4.22 0 0 0 0 0 0 0 0 0 0.35 0 0 0 0 0 0 0 0 0 1.18 0 0 0 0 0 0 0 0 0 1.12 0 0 0 0 0 0 0 0 0 1.43 0 0 0 0 0 0 0 0 0 0.92 0 0 0 0 0 0 0 0 0 4.61 0 0 0 0 0 0 0 0 0 5.33 0 0 0 0 0 0 0 0 0 2.44 0 0 0 0 0 0 0 0 0 0.65 0 0 0 0 0 0 0 0 0 2.82 0 0 0 0 0 0 0 0 0 2.8 0 0 0 0.9 0 0 0.54 0 0 0 0 0 0 0.1 0 0 3.72 0 0 0 0 0 0 2.38 0 0 4.7 0 0 0 0 0 0 4.23 0 0 2.35 0 0 0 0 0 0 3.81 0 0 0.18 0 0 0 0 0 0 0.9 0 0 0.36 0 0 0 0 0 0 0.79 0 0 2.11 0 0 0 0 0 0 0.16 0 0 4.22 0 0 0 0 0 0 1.75 0 0 0.84 0 0 0 0 0 0 0.21 0 0 0.74 0 0 0 0 0 0 0 0 0 0 0 0 0 0 0 0 0 0 0 0 0 0 0 0 0 0 0 0 0 0 0 0 0 0 0 0 0 0 0 0 0 0 0 0 0 0 0 0 0 0 0 0 0 0 0 0 0 0 0 0 0 0 0 0 0 0 0 0 0 0 0 0 0 0 0 0 0 0 0 0 0 0 0 0 0 0 0 0 0 0 0 0 0 0 0 0 0 0 0 0 0 0 0 0 0 0 0 0 0 0 0 0 4.39 0 0 0 0 0 0 0 0 0 0.32 0 0 0 0 0 0 0 0 0 4.41 0 0 0 0 0 0 0 0 0 0.59 0 0 0 0 0 0 0 0 0 0.06 0 0 0 0 0 0 0 0 0 0.78 0 0 0 0 0 0 0 0 0 0.54 0 0 0 0 0 0 0 0 0 0.84 0 0 0 0 0 0 0 0 0 1.8 0 0 0 0 0 0 0 0 0 3.82 0 0 0 3.6 0 0 1.17 0 0 0 0 0 0 3.45 0 0 3.22 0 0 0 0 0 0 4.06 0 0 0.22 0 0 0 0 0 0 2.04 0 0 4.55 0 0 0 0 0 0 3.63 0 0 0.99 0 0 0 0 0 0 5.09 0 0 0.96 0 0 0 0 0 0 4.56 0 0 6.09 0 0 0 0 0 0 0.87 0 0 4.34 0 0 0 0 0 0 1.26 0 0 3.28 0 0 0 0 0 0 0.75 0 0 0.38 0 0 0 0 0 0 0 0 0 0 0 0 0 0 0 0 0 0 0 0 0 0 0 0 0 0 0 0 0 0 0 0 0 0 0 0 0 0 0 0 0 0 0 0 0 0 0 0 0 0 0 0 0 0 0 0 0 0 0 0 0 0 0 0 0 0 0 0 0 0 0 0 0 0 0 0 0 0 0 0 0 0 0 0 0 0 0 0 0 0 0 0 0 0 0 0 0 0 0 0 0 0 0 0 0 0 0 0 0 0 0 0 1.24 0 0 0 0 0 0 0 0 0 3.44 0 0 0 0 0 0 0 0 0 2.7 0 0 0 0 0 0 0 0 0 1.51 0 0 0 0 0 0 0 0 0 2.14 0 0 0 0 0 0 0 0 0 1.03 0 0 0 0 0 0 0 0 0 1.84 0 0 0 0 0 0 0 0 0 3.31 0 0 0 0 0 0 0 0 0 1.52 0 0 0 0 0 0 0 0 0 1.67 0 0 0 0.1 0 0 0.83 0 0 0 0 0 0 3.7 0 0 5.47 0 0 0 0 0 0 0.77 0 0 4.91 0 0 0 0 0 0 3.41 0 0 1.9 0 0 0 0 0 0 4.37 0 0 2.2 0 0 0 0 0 0 1.46 0 0 0.93 0 0 0 0 0 0 3.23 0 0 0.8 0 0 0 0 0 0 4.17 0 0 0.22 0 0 0 0 0 0 1.68 0 0 2.69 0 0 0 0 0 0 2.71 0 0 3.78 0 0 0 0 0 0 0 0 0 0 0 0 0 0 0 0 0 0 0 0 0 0 0 0 0 0 0 0 0 0 0 0 0 0 0 0 0 0 0 0 0 0 0 0 0 0 0 0 0 0 0 0 0 0 0 0 0 0 0 0 0 0 0 0 0 0 0 0 0 0 0 0 0 0 0 0 0 0 0 0 0 0 0 0 0 0 0 0 0 0 0 0 0 0 0 0 0 0 0 0 0 0 0 0 0 0 0 0 0 0 0 0 1.02 0 0 0 0 0 0 0 0 0 1.41 0 0 0 0 0 0 0 0 0 2.16 0 0 0 0 0 0 0 0 0 4.55 0 0 0 0 0 0 0 0 0 0.27 0 0 0 0 0 0 0 0 0 1.14 0 0 0 0 0 0 0 0 0 1.33 0 0 0 0 0 0 0 0 0 0.22 0 0 0 0 0 0 0 0 0 1.59 0 0 0 0 0 0 0 0 0 3.8 0 0 0 0 0 0 0 0 0 1.85 0 0 0 0 0 0 0 0 0 3.66 0 0 0 0 0 0 0 0 0 0.51 0 0 0 0 0 0 0 0 0 3.21 0 0 0 0 0 0 0 0 0 0.84 0 0 0 0 0 0 0 0 0 2.14 0 0 0 0 0 0 0 0 0 0.68 0 0 0 0 0 0 0 0 0 5.25 0 0 0 0 0 0 0 0 0 0.28 0 0 0 0 0 0 0 0 0 0.78 0 0 0 1.34 0 0 2.14 0 0 0 0 0 0 0.7 0 0 3.42 0 0 0 0 0 0 1.11 0 0 3.92 0 0 0 0 0 0 2.19 0 0 1.93 0 0 0 0 0 0 0.14 0 0 5.51 0 0 0 0 0 0 0.97 0 0 1.89 0 0 0 0 0 0 2.31 0 0 5.29 0 0 0 0 0 0 1.59 0 0 1.11 0 0 0 0 0 0 2.43 0 0 1.99 0 0 0 0 0 0 2.65 0 0 0.47 0 0 0 0 0 0 0 0 0 0 0 0 0 0 0 0 0 0 0 0 0 0 0 0 0 0 0 0 0 0 0 0 0 0 0 0 0 0 0 0 0 0 0 0 0 0 0 0 0 0 0 0 0 0 0 0 0 0 0 0 0 0 0 0 0 0 0 0 0 0 0 0 0 0 0 0 0 0 0 0 0 0 0 0 0 0 0 0 0 0 0 0 0 0 0 0 0 0 0 0 0 0 0 0 0 0 0 0 0 0 0 0 0.67 0 0 0 0 0 0 0 0 0 0.88 0 0 0 0 0 0 0 0 0 3.27 0 0 0 0 0 0 0 0 0 0.36 0 0 0 0 0 0 0 0 0 1.53 0 0 0 0 0 0 0 0 0 1.92 0 0 0 0 0 0 0 0 0 0.52 0 0 0 0 0 0 0 0 0 3.31 0 0 0 0 0 0 0 0 0 0.26 0 0 0 0 0 0 0 0 0 0.41 0 0 0 1.26 0 0 0.68 0 0 0 0 0 0 4.07 0 0 1.54 0 0 0 0 0 0 2.29 0 0 4.46 0 0 0 0 0 0 4.39 0 0 1.3 0 0 0 0 0 0 0.34 0 0 3.12 0 0 0 0 0 0 0.71 0 0 1.49 0 0 0 0 0 0 0.64 0 0 1.03 0 0 0 0 0 0 0.62 0 0 0.88 0 0 0 0 0 0 4.6 0 0 0.77 0 0 0 0 0 0 2.28 0 0 3.12 0 0 0 0 0 0 0 0 0 0 0 0 0 0 0 0 0 0 0 0 0 0 0 0 0 0 0 0 0 0 0 0 0 0 0 0 0 0 0 0 0 0 0 0 0 0 0 0 0 0 0 0 0 0 0 0 0 0 0 0 0 0 0 0 0 0 0 0 0 0 0 0 0 0 0 0 0 0 0 0 0 0 0 0 0 0 0 0 0 0 0 0 0 0 0 0 0 0 0 0 0 0 0 0 0 0 0 0 0 0 0 0 0.25 0 0 0 0 0 0 0 0 0 0.82 0 0 0 0 0 0 0 0 0 2.2 0 0 0 0 0 0 0 0 0 1.81 0 0 0 0 0 0 0 0 0 2.81 0 0 0 0 0 0 0 0 0 2.14 0 0 0 0 0 0 0 0 0 0.99 0 0 0 0 0 0 0 0 0 0.79 0 0 0 0 0 0 0 0 0 2.4 0 0 0 0 0 0 0 0 0 5.36 0 0 0 3.61 0 0 0.36 0 0 0 0 0 0 1.69 0 0 0.12 0 0 0 0 0 0 5.28 0 0 0.49 0 0 0 0 0 0 5.92 0 0 0.22 0 0 0 0 0 0 1.08 0 0 2.4 0 0 0 0 0 0 0.86 0 0 4.95 0 0 0 0 0 0 2.36 0 0 3.58 0 0 0 0 0 0 1.89 0 0 0.29 0 0 0 0 0 0 2.03 0 0 4.36 0 0 0 0 0 0 2.67 0 0 3.29 0 0 0 0 0 0 0 0 0 0 0 0 0 0 0 0 0 0 0 0 0 0 0 0 0 0 0 0 0 0 0 0 0 0 0 0 0 0 0 0 0 0 0 0 0 0 0 0 0 0 0 0 0 0 0 0 0 0 0 0 0 0 0 0 0 0 0 0 0 0 0 0 0 0 0 0 0 0 0 0 0 0 0 0 0 0 0 0 0 0 0 0 0 0 0 0 0 0 0 0 0 0 0 0 0 0 0 0 0 0 0 0 0.5 0 0 0 0 0 0 0 0 0 1.38 0 0 0 0 0 0 0 0 0 0.13 0 0 0 0 0 0 0 0 0 0.69 0 0 0 0 0 0 0 0 0 5.19 0 0 0 0 0 0 0 0 0 3.02 0 0 0 0 0 0 0 0 0 2.45 0 0 0 0 0 0 0 0 0 4.98 0 0 0 0 0 0 0 0 0 2.18 0 0 0 0 0 0 0 0 0 0.34 0 0 
0 0 0 0 0 0 0 0.93 0 0 0 0 0 0 0 0 0 5.57 0 0 0 0 0 0 0 0 0 2.88 0 0 0 0 0 0 0 0 0 0.15 0 0 0 0 0 0 0 0 0 2.01 0 0 0 0 0 0 0 0 0 2.4 0 0 0 0 0 0 0 0 0 2.23 0 0 0 0 0 0 0 0 0 0.23 0 0 0 0 0 0 0 0 0 0.4 0 0 0 0 0 0 0 0 0 2.61 0 0 0 0.92 0 0 5.01 0 0 0 0 0 0 1.05 0 0 1.38 0 0 0 0 0 0 2.14 0 0 2.66 0 0 0 0 0 0 0.54 0 0 3.57 0 0 0 0 0 0 0.51 0 0 1.34 0 0 0 0 0 0 0.53 0 0 2.42 0 0 0 0 0 0 1.81 0 0 2.29 0 0 0 0 0 0 1.55 0 0 3.97 0 0 0 0 0 0 0.18 0 0 0.39 0 0 0 0 0 0 4.06 0 0 3.05 0 0 0 0 0 0 0 0 0 0 0 0 0 0 0 0 0 0 0 0 0 0 0 0 0 0 0 0 0 0 0 0 0 0 0 0 0 0 0 0 0 0 0 0 0 0 0 0 0 0 0 0 0 0 0 0 0 0 0 0 0 0 0 0 0 0 0 0 0 0 0 0 0 0 0 0 0 0 0 0 0 0 0 0 0 0 0 0 0 0 0 0 0 0 0 0 0 0 0 0 0 0 0 0 0 0 0 0 0 0 0 0 4.22 0 0 0 0 0 0 0 0 0 0.66 0 0 0 0 0 0 0 0 0 3.18 0 0 0 0 0 0 0 0 0 3.87 0 0 0 0 0 0 0 0 0 0.43 0 0 0 0 0 0 0 0 0 1.15 0 0 0 0 0 0 0 0 0 4.22 0 0 0 0 0 0 0 0 0 1.35 0 0 0 0 0 0 0 0 0 0.05 0 0 0 0 0 0 0 0 0 0.28 0 0 0 1.12 0 0 1.2 0 0 0 0 0 0 3.43 0 0 2.18 0 0 0 0 0 0 1.4 0 0 0.72 0 0 0 0 0 0 1.92 0 0 1.11 0 0 0 0 0 0 4.48 0 0 0.85 0 0 0 0 0 0 0.37 0 0 0.46 0 0 0 0 0 0 4.85 0 0 2.69 0 0 0 0 0 0 4.42 0 0 3.42 0 0 0 0 0 0 0.79 0 0 1.04 0 0 0 0 0 0 3.24 0 0 2.52 0 0 0 0 0 0 0 0 0 0 0 0 0 0 0 0 0 0 0 0 0 0 0 0 0 0 0 0 0 0 0 0 0 0 0 0 0 0 0 0 0 0 0 0 0 0 0 0 0 0 0 0 0 0 0 0 0 0 0 0 0 0 0 0 0 0 0 0 0 0 0 0 0 0 0 0 0 0 0 0 0 0 0 0 0 0 0 0 0 0 0 0 0 0 0 0 0 0 0 0 0 0 0 0 0 0 0 0 0 0 0 0 2.72 0 0 0 0 0 0 0 0 0 4.78 0 0 0 0 0 0 0 0 0 4.89 0 0 0 0 0 0 0 0 0 2.27 0 0 0 0 0 0 0 0 0 0.58 0 0 0 0 0 0 0 0 0 0.09 0 0 0 0 0 0 0 0 0 1.75 0 0 0 0 0 0 0 0 0 0.86 0 0 0 0 0 0 0 0 0 6.03 0 0 0 0 0 0 0 0 0 1.83 0 0 0 4.77 0 0 1.81 0 0 0 0 0 0 1.51 0 0 2.41 0 0 0 0 0 0 0.5 0 0 0.83 0 0 0 0 0 0 0.72 0 0 0.26 0 0 0 0 0 0 0.96 0 0 3.23 0 0 0 0 0 0 3.83 0 0 1.42 0 0 0 0 0 0 1.78 0 0 3.7 0 0 0 0 0 0 0.21 0 0 2.35 0 0 0 0 0 0 4.68 0 0 4.06 0 0 0 0 0 0 4.51 0 0 0.83 0 0 0 0 0 0 0 0 0 0 0 0 0 0 0 0 0 0 0 0 0 0 0 0 0 0 0 0 0 0 0 0 0 0 0 0 0 0 0 0 0 0 0 0 0 0 0 0 0 0 0 0 0 0 0 0 0 0 0 0 0 0 0 0 0 0 0 0 0 0 0 0 0 0 0 0 0 0 0 0 0 0 0 0 0 0 0 0 0 0 0 0 0 0 0 0 0 0 0 0 0 0 0 0 0 0 0 0 0 0 0 0 0.64 0 0 0 0 0 0 0 0 0 0.86 0 0 0 0 0 0 0 0 0 3.38 0 0 0 0 0 0 0 0 0 1.68 0 0 0 0 0 0 0 0 0 0.74 0 0 0 0 0 0 0 0 0 0.46 0 0 0 0 0 0 0 0 0 0.89 0 0 0 0 0 0 0 0 0 0.38 0 0 0 0 0 0 0 0 0 3.36 0 0 0 0 0 0 0 0 0 0.43 0 0 0 0 0 0 0 0 0 1.45 0 0 0 0 0 0 0 0 0 5.59 0 0 0 0 0 0 0 0 0 2.84 0 0 0 0 0 0 0 0 0 4.34 0 0 0 0 0 0 0 0 0 4.46 0 0 0 0 0 0 0 0 0 0.8 0 0 0 0 0 0 0 0 0 1.06 0 0 0 0 0 0 0 0 0 3.36 0 0 0 0 0 0 0 0 0 3.21 0 0 0 0 0 0 0 0 0 2.16 0 0 0 4.56 0 0 1.51 0 0 0 0 0 0 1.69 0 0 1.86 0 0 0 0 0 0 2.96 0 0 2.75 0 0 0 0 0 0 3.78 0 0 5.78 0 0 0 0 0 0 2.11 0 0 1.46 0 0 0 0 0 0 4.74 0 0 3.95 0 0 0 0 0 0 3.43 0 0 5 0 0 0 0 0 0 3.45 0 0 4.06 0 0 0 0 0 0 0.25 0 0 1.96 0 0 0 0 0 0 2.46 0 0 2.12 0 0 0 0 0 0 0 0 0 0 0 0 0 0 0 0 0 0 0 0 0 0 0 0 0 0 0 0 0 0 0 0 0 0 0 0 0 0 0 0 0 0 0 0 0 0 0 0 0 0 0 0 0 0 0 0 0 0 0 0 0 0 0 0 0 0 0 0 0 0 0 0 0 0 0 0 0 0 0 0 0 0 0 0 0 0 0 0 0 0 0 0 0 0 0 0 0 0 0 0 0 0 0 0 0 0 0 0 0 0 0 0 3.37 0 0 0 0 0 0 0 0 0 0.73 0 0 0 0 0 0 0 0 0 4.84 0 0 0 0 0 0 0 0 0 0.53 0 0 0 0 0 0 0 0 0 2.69 0 0 0 0 0 0 0 0 0 5.8 0 0 0 0 0 0 0 0 0 1.44 0 0 0 0 0 0 0 0 0 0.55 0 0 0 0 0 0 0 0 0 1.41 0 0 0 0 0 0 0 0 0 1.79 0 0 0 3.53 0 0 0.47 0 0 0 0 0 0 1.42 0 0 0.12 0 0 0 0 0 0 2.16 0 0 4.06 0 0 0 0 0 0 5.34 0 0 3.43 0 0 0 0 0 0 4.46 0 0 2.79 0 0 0 0 0 0 4.41 0 0 4.95 0 0 0 0 0 0 4.95 0 0 0.8 0 0 0 0 0 0 3.44 0 0 0.98 0 0 0 0 0 0 0.39 0 0 5.04 0 0 0 0 0 0 0.29 0 0 3.86 0 0 0 0 0 0 0 0 0 0 0 0 0 0 0 0 0 0 0 0 0 0 0 0 0 0 0 0 0 0 0 0 0 0 0 0 0 0 0 0 0 0 0 0 0 0 0 0 0 0 0 0 0 0 0 0 0 0 0 0 0 0 0 0 0 0 0 0 0 0 0 0 0 0 0 0 0 0 0 0 0 0 0 0 0 0 0 0 0 0 0 0 0 0 0 0 0 0 0 0 0 0 0 0 0 0 0 0 0 0 0 0 3.7 0 0 0 0 0 0 0 0 0 0.2 0 0 0 0 0 0 0 0 0 2.69 0 0 0 0 0 0 0 0 0 4.78 0 0 0 0 0 0 0 0 0 0.67 0 0 0 0 0 0 0 0 0 3.66 0 0 0 0 0 0 0 0 0 3.18 0 0 0 0 0 0 0 0 0 0.69 0 0 0 0 0 0 0 0 0 4.64 0 0 0 0 0 0 0 0 0 2.25 0 0 0 3.32 0 0 1.85 0 0 0 0 0 0 2.55 0 0 2.71 0 0 0 0 0 0 3.17 0 0 3.14 0 0 0 0 0 0 1.07 0 0 4.09 0 0 0 0 0 0 0.31 0 0 1.55 0 0 0 0 0 0 1.59 0 0 3.8 0 0 0 0 0 0 0.17 0 0 0.58 0 0 0 0 0 0 2.82 0 0 0.62 0 0 0 0 0 0 0.52 0 0 0.97 0 0 0 0 0 0 3.77 0 0 0.38 0 0 0 0 0 0 0 0 0 0 0 0 0 0 0 0 0 0 0 0 0 0 0 0 0 0 0 0 0 0 0 0 0 0 0 0 0 0 0 0 0 0 0 0 0 0 0 0 0 0 0 0 0 0 0 0 0 0 0 0 0 0 0 0 0 0 0 0 0 0 0 0 0 0 0 0 0 0 0 0 0 0 0 0 0 0 0 0 0 0 0 0 0 0 0 0 0 0 0 0 0 0 0 0 0 0 0 0 0 0 0 0 0.45 0 0 0 0 0 0 0 0 0 0.49 0 0 0 0 0 0 0 0 0 1.88 0 0 0 0 0 0 0 0 0 3.76 0 0 0 0 0 0 0 0 0 2.23 0 0 0 0 0 0 0 0 0 4.88 0 0 0 0 0 0 0 0 0 0.62 0 0 0 0 0 0 0 0 0 0.55 0 0 0 0 0 0 0 0 0 4.29 0 0 0 0 0 0 0 0 0 2 0 0 0 0 0 0 0 0 0 2.9 0 0 0 0 0 0 0 0 0 0.77 0 0 0 0 0 0 0 0 0 0.86 0 0 0 0 0 0 0 0 0 2.73 0 0 0 0 0 0 0 0 0 1.21 0 0 0 0 0 0 0 0 0 0.11 0 0 0 0 0 0 0 0 0 3.45 0 0 0 0 0 0 0 0 0 2.59 0 0 0 0 0 0 0 0 0 2.91 0 0 0 0 0 0 0 0 0 2.51 0 0 0 1.65 0 0 0.54 0 0 0 0 0 0 0.24 0 0 3.61 0 0 0 0 0 0 1.91 0 0 1.15 0 0 0 0 0 0 1.7 0 0 3.73 0 0 0 0 0 0 0.86 0 0 2.53 0 0 0 0 0 0 3.02 0 0 3.65 0 0 0 0 0 0 3.06 0 0 1.39 0 0 0 0 0 0 1.99 0 0 0.46 0 0 0 0 0 0 5.2 0 0 0.71 0 0 0 0 0 0 2.59 0 0 1.71 0 0 0 0 0 0 0 0 0 0 0 0 0 0 0 0 0 0 0 0 0 0 0 0 0 0 0 0 0 0 0 0 0 0 0 0 0 0 0 0 0 0 0 0 0 0 0 0 0 0 0 0 0 0 0 0 0 0 0 0 0 0 0 0 0 0 0 0 0 0 0 0 0 0 0 0 0 0 0 0 0 0 0 0 0 0 0 0 0 0 0 0 0 0 0 0 0 0 0 0 0 0 0 0 0 0 0 0 0 0 0 0 2.48 0 0 0 0 0 0 0 0 0 0.67 0 0 0 0 0 0 0 0 0 1.25 0 0 0 0 0 0 0 0 0 2.2 0 0 0 0 0 0 0 0 0 1.06 0 0 0 0 0 0 0 0 0 0.22 0 0 0 0 0 0 0 0 0 4.01 0 0 0 0 0 0 0 0 0 0.15 0 0 0 0 0 0 0 0 0 2.77 0 0 0 0 0 0 0 0 0 5.21 0 0 0 5.16 0 0 0.05 0 0 0 0 0 0 1.63 0 0 2.1 0 0 0 0 0 0 1.85 0 0 4.35 0 0 0 0 0 0 3.6 0 0 1.05 0 0 0 0 0 0 0.65 0 0 0.43 0 0 0 0 0 0 0.53 0 0 5.18 0 0 0 0 0 0 3.24 0 0 3.25 0 0 0 0 0 0 4.71 0 0 1.48 0 0 0 0 0 0 4.81 0 0 4.4 0 0 0 0 0 0 0.93 0 0 2.02 0 0 0 0 0 0 0 0 0 0 0 0 0 0 0 0 0 0 0 0 0 0 0 0 0 0 0 0 0 0 0 0 0 0 0 0 0 0 0 0 0 0 0 0 0 0 0 0 0 0 0 0 0 0 0 0 0 0 0 0 0 0 0 0 0 0 0 0 0 0 0 0 0 0 0 0 0 0 0 0 0 0 0 0 0 0 0 0 0 0 0 0 0 0 0 0 0 0 0 0 0 0 0 0 0 0 0 0 0 0 0 0 3.29 0 0 0 0 0 0 0 0 0 0.39 0 0 0 0 0 0 0 0 0 0.18 0 0 0 0 0 0 0 0 0 1.92 0 0 0 0 0 0 0 0 0 3.92 0 0 0 0 0 0 0 0 0 3.64 0 0 0 0 0 0 0 0 0 0.23 0 0 0 0 0 0 0 0 0 5 0 0 0 0 0 0 0 0 0 3.29 0 0 0 0 0 0 0 0 0 4.6 0 0 0 0.87 0 0 0.07 0 0 0 0 0 0 0.4 0 0 0.04 0 0 0 0 0 0 2.24 0 0 3.42 0 0 0 0 0 0 0.07 0 0 1.3 0 0 0 0 0 0 2.39 0 0 0.25 0 0 0 0 0 0 4.18 0 0 4.37 0 0 0 0 0 0 0.41 0 0 0.29 0 0 0 0 0 0 2.24 0 0 5.11 0 0 0 0 0 0 1.41 0 0 4.38 0 0 0 0 0 0 2.02 0 0 5.46 0 0 0 0 0 0 0 0 0 0 0 0 0 0 0 0 0 0 0 0 0 0 0 0 0 0 0 0 0 0 0 0 0 0 0 0 0 0 0 0 0 0 0 0 0 0 0 0 0 0 0 0 0 0 0 0 0 0 0 0 0 0 0 0 0 0 0 0 0 0 0 0 0 0 0 0 0 0 0 0 0 0 0 0 0 0 0 0 0 0 0 0 0 0 0 0 0 0 0 0 0 0 0 0 0 0 0 0 0 0 0 0 0.71 0 0 0 0 0 0 0 0 0 0.65 0 0 0 0 0 0 0 0 0 2.81 0 0 0 0 0 0 0 0 0 1.96 0 0 0 0 0 0 0 0 0 2.97 0 0 0 0 0 0 0 0 0 2.38 0 0 0 0 0 0 0 0 0 0.76 0 0 0 0 0 0 0 0 0 2.85 0 0 0 0 0 0 0 0 0 5.1 0 0 0 0 0 0 0 0 0 1.36 0 0 0 0 0 0 0 0 0 4.07 0 0 0 0 0 0 0 0 0 1.83 0 0 0 0 0 0 0 0 0 3.5 0 0 0 0 0 0 0 0 0 4.76 0 0 0 0 0 0 0 0 0 2.75 0 0 0 0 0 0 0 0 0 0.87 0 0 0 0 0 0 0 0 0 3.95 0 0 0 0 0 0 0 0 0 5.45 0 0 0 0 0 0 0 0 0 2.8 0 0 0 0 0 0 0 0 0 1.07 0 0 0 1.11 0 0 1.87 0 0 0 0 0 0 2.4 0 0 1.16 0 0 0 0 0 0 2.73 0 0 0.14 0 0 0 0 0 0 0.44 0 0 0.78 0 0 0 0 0 0 3.25 0 0 0.24 0 0 0 0 0 0 0.23 0 0 0.22 0 0 0 0 0 0 1.71 0 0 1.46 0 0 0 0 0 0 4.98 0 0 2.33 0 0 0 0 0 0 0.38 0 0 0.95 0 0 0 0 0 0 0.5 0 0 1.24 0 0 0 0 0 0 0 0 0 0 0 0 0 0 0 0 0 0 0 0 0 0 0 0 0 0 0 0 0 0 0 0 0 0 0 0 0 0 0 0 0 0 0 0 0 0 0 0 0 0 0 0 0 0 0 0 0 0 0 0 0 0 0 0 0 0 0 0 0 0 0 0 0 0 0 0 0 0 0 0 0 0 0 0 0 0 0 0 0 0 0 0 0 0 0 0 0 0 0 0 0 0 0 0 0 0 0 0 0 0 0 0 1.21 0 0 0 0 0 0 0 0 0 1.45 0 0 0 0 0 0 0 0 0 3.85 0 0 0 0 0 0 0 0 0 3.32 0 0 0 0 0 0 0 0 0 2.86 0 0 0 0 0 0 0 0 0 4.35 0 0 0 0 0 0 0 0 0 0.44 0 0 0 0 0 0 0 0 0 1.03 0 0 0 0 0 0 0 0 0 3.97 0 0 0 0 0 0 0 0 0 0.13 0 0 0 1.35 0 0 1.98 0 0 0 0 0 0 0.58 0 0 0.48 0 0 0 0 0 0 2.56 0 0 2.01 0 0 0 0 0 0 0.95 0 0 0.39 0 0 0 0 0 0 4.23 0 0 3.09 0 0 0 0 0 0 3.31 0 0 3.61 0 0 0 0 0 0 3.05 0 0 4.14 0 0 0 0 0 0 1.84 0 0 3.54 0 0 0 0 0 0 3.88 0 0 0.16 0 0 0 0 0 0 3.74 0 0 0.87 0 0 0 0 0 0 0 0 0 0 0 0 0 0 0 0 0 0 0 0 0 0 0 0 0 0 0 0 0 0 0 0 0 0 0 0 0 0 0 0 0 0 0 0 0 0 0 0 0 0 0 0 0 0 0 0 0 0 0 0 0 0 0 0 0 0 0 0 0 0 0 0 0 0 0 0 0 0 0 0 0 0 0 0 0 0 0 0 0 0 0 0 0 0 0 0 0 0 0 0 0 0 0 0 0 0 0 0 0 0 0 0 5.01 0 0 0 0 0 0 0 0 0 0.85 0 0 0 0 0 0 0 0 0 0.48 0 0 0 0 0 0 0 0 0 0.69 0 0 0 0 0 0 0 0 0 1.74 0 0 0 0 0 0 0 0 0 0.11 0 0 0 0 0 0 0 0 0 0.59 0 0 0 0 0 0 0 0 0 2.08 0 0 0 0 0 0 0 0 0 0.18 0 0 0 0 0 0 0 0 0 4.98 0 0 0 4.9 0 0 3.17 0 0 0 0 0 0 2.55 0 0 5.15 0 0 0 0 0 0 1.04 0 0 0.46 0 0 0 0 0 0 0.39 0 0 0.09 0 0 0 0 0 0 2.87 0 0 0.33 0 0 0 0 0 0 2.56 0 0 0.89 0 0 0 0 0 0 3.1 0 0 3.31 0 0 0 0 0 0 5.58 0 0 0.63 0 0 0 0 0 0 3.98 0 0 5.64 0 0 0 0 0 0 0.95 0 0 1.64 0 0 0 0 0 0 0 0 0 0 0 0 0 0 0 0 0 0 0 0 0 0 0 0 0 0 0 0 0 0 0 0 0 0 0 0 0 0 0 0 0 0 0 0 0 0 0 0 0 0 0 0 0 0 0 0 0 0 0 0 0 0 0 0 0 0 0 0 0 0 0 0 0 0 0 0 0 0 0 0 0 0 0 0 0 0 0 0 0 0 0 0 0 0 0 0 0 0 0 0 0 0 0 0 0 0 0 0 0 0 0 0 1.38 0 0 0 0 0 0 0 0 0 0.98 0 0 0 0 0 0 0 0 0 3.71 0 0 0 0 0 0 0 0 0 0.83 0 0 0 0 0 0 0 0 0 3.9 0 0 0 0 0 0 0 0 0 1.98 0 0 0 0 0 0 0 0 0 1.02 0 0 0 0 0 0 0 0 0 0.3 0 0 0 0 0 0 0 0 0 1.25 0 0 0 0 0 0 0 0 0 2.31 0 0 0 0 0 0 0 0 0 1.25 0 0 0 0 0 0 0 0 0 0.22 0 0 0 0 0 0 0 0 0 1.09 0 0 0 0 0 0 0 0 0 1.13 0 0 0 0 0 0 0 0 0 1.34 0 0 0 0 0 0 0 0 0 2.45 0 0 0 0 0 0 0 0 0 1.61 0 0 0 0 0 0 0 0 0 5.97 0 0 0 0 0 0 0 0 0 3.38 0 0 0 0 0 0 0 0 0 2.2 0 0 0 0.5 0 0 2.68 0 0 0 0 0 0 3.3 0 0 2.19 0 0 0 0 0 0 0.62 0 0 0.92 0 0 0 0 0 0 3.46 0 0 0.83 0 0 0 0 0 0 0.46 0 0 4.29 0 0 0 0 0 0 3.06 0 0 1.58 0 0 0 0 0 0 0.71 0 0 1.04 0 0 0 0 0 0 0.56 0 0 3.57 0 0 0 0 0 0 0.73 0 0 2.08 0 0 0 0 0 0 5.34 0 0 1.34 0 0 0 0 0 0 0 0 0 0 0 0 0 0 0 0 0 0 0 0 0 0 0 0 0 0 0 0 0 0 0 0 0 0 0 0 0 0 0 0 0 0 0 0 0 0 0 0 0 0 0 0 0 0 0 0 0 0 0 0 0 0 0 0 0 0 0 0 0 0 0 0 0 0 0 0 0 0 0 0 0 0 0 0 0 0 0 0 0 0 0 0 0 0 0 0 0 0 0 0 0 0 0 0 0 0 0 0 0 0 0 0 1.29 0 0 0 0 0 0 0 0 0 2.82 0 0 0 0 0 0 0 0 0 1.35 0 0 0 0 0 0 0 0 0 3.37 0 0 0 0 0 0 0 0 0 0.16 0 0 0 0 0 0 0 0 0 1.34 0 0 0 0 0 0 0 0 0 0.17 0 0 0 0 0 0 0 0 0 0.33 0 0 0 0 0 0 0 0 0 2.61 0 0 0 0 0 0 0 0 0 0.21 0 0 0 2.53 0 0 4.2 0 0 0 0 0 0 5.67 0 0 0.41 0 0 0 0 0 0 2.93 0 0 3.74 0 0 0 0 0 0 0.6 0 0 4.54 0 0 0 0 0 0 1.81 0 0 1.52 0 0 0 0 0 0 4.01 0 0 0.13 0 0 0 0 0 0 1.23 0 0 1.53 0 0 0 0 0 0 0.37 0 0 0.99 0 0 0 0 0 0 0.38 0 0 1.94 0 0 0 0 0 0 2.99 0 0 1.37 0 0 0 0 0 0 0 0 0 0 0 0 0 0 0 0 0 0 0 0 0 0 0 0 0 0 0 0 0 0 0 0 0 0 0 0 0 0 0 0 0 0 0 0 0 0 0 0 0 0 0 0 0 0 0 0 0 0 0 0 0 0 0 0 0 0 0 0 0 0 0 0 0 0 0 0 0 0 0 0 0 0 0 0 0 0 0 0 0 0 0 0 0 0 0 0 0 0 0 0 0 0 0 0 0 0 0 0 0 0 0 0 1.92 0 0 0 0 0 0 0 0 0 1.34 0 0 0 0 0 0 0 0 0 2.27 0 0 0 0 0 0 0 0 0 3.19 0 0 0 0 0 0 0 0 0 4.29 0 0 0 0 0 0 0 0 0 2.13 0 0 0 0 0 0 0 0 0 3.99 0 0 0 0 0 0 0 0 0 1.84 0 0 0 0 0 0 0 0 0 1.88 0 0 0 0 0 0 0 0 0 4.54 0 0 0 2.44 0 0 0.67 0 0 0 0 0 0 4.57 0 0 1.98 0 0 0 0 0 0 3.84 0 0 0.19 0 0 0 0 0 0 1.35 0 0 0.43 0 0 0 0 0 0 1.27 0 0 5.36 0 0 0 0 0 0 1.42 0 0 0.17 0 0 0 0 0 0 2.14 0 0 0.63 0 0 0 0 0 0 1.39 0 0 3.34 0 0 0 0 0 0 0.65 0 0 1.16 0 0 0 0 0 0 4.82 0 0 3.26 0 0 0 0 0 0 0 0 0 0 0 0 0 0 0 0 0 0 0 0 0 0 0 0 0 0 0 0 0 0 0 0 0 0 0 0 0 0 0 0 0 0 0 0 0 0 0 0 0 0 0 0 0 0 0 0 0 0 0 0 0 0 0 0 0 0 0 0 0 0 0 0 0 0 0 0 0 0 0 0 0 0 0 0 0 0 0 0 0 0 0 0 0 0 0 0 0 0 0 0 0 0 0 0 0 0 0 0 0 0 0 0 3.93 0 0 0 0 0 0 0 0 0 1.25 0 0 0 0 0 0 0 0 0 0.68 0 0 0 0 0 0 0 0 0 1.05 0 0 0 0 0 0 0 0 0 1.32 0 0 0 0 0 0 0 0 0 2.12 0 0 0 0 0 0 0 0 0 4.61 0 0 0 0 0 0 0 0 0 5.59 0 0 0 0 0 0 0 0 0 0.74 0 0 0 0 0 0 0 0 0 0.78 0 0 0 0 0 0 0 0 0 2.1 0 0 0 0 0 0 0 0 0 1.17 0 0 0 0 0 0 0 0 0 2.6 0 0 0 0 0 0 0 0 0 2.57 0 0 0 0 0 0 0 0 0 5.46 0 0 0 0 0 0 0 0 0 2.27 0 0 0 0 0 0 0 0 0 3.76 0 0 0 0 0 0 0 0 0 0.99 0 0 0 0 0 0 0 0 0 4.02 0 0 0 0 0 0 0 0 0 1.36 0 0 0 0.06 0 0 3.48 0 0 0 0 0 0 1.29 0 0 3.59 0 0 0 0 0 0 3.62 0 0 3.7 0 0 0 0 0 0 0.29 0 0 0.2 0 0 0 0 0 0 1.62 0 0 0.11 0 0 0 0 0 0 0.73 0 0 5.41 0 0 0 0 0 0 0.88 0 0 0.49 0 0 0 0 0 0 3.59 0 0 0.98 0 0 0 0 0 0 0.66 0 0 3.26 0 0 0 0 0 0 1.55 0 0 0.72 0 0 0 0 0 0 0 0 0 0 0 0 0 0 0 0 0 0 0 0 0 0 0 0 0 0 0 0 0 0 0 0 0 0 0 0 0 0 0 0 0 0 0 0 0 0 0 0 0 0 0 0 0 0 0 0 0 0 0 0 0 0 0 0 0 0 0 0 0 0 0 0 0 0 0 0 0 0 0 0 0 0 0 0 0 0 0 0 0 0 0 0 0 0 0 0 0 0 0 0 0 0 0 0 0 0 0 0 0 0 0 0 1.6 0 0 0 0 0 0 0 0 0 3.92 0 0 0 0 0 0 0 0 0 3.66 0 0 0 0 0 0 0 0 0 0.39 0 0 0 0 0 0 0 0 0 3.72 0 0 0 0 0 0 0 0 0 4.21 0 0 0 0 0 0 0 0 0 0.48 0 0 0 0 0 0 0 0 0 3.55 0 0 0 0 0 0 0 0 0 1.21 0 0 0 0 0 0 0 0 0 6.29 0 0 0 2.3 0 0 0.48 0 0 0 0 0 0 1.2 0 0 4.09 0 0 0 0 0 0 3.18 0 0 1.12 0 0 0 0 0 0 2.49 0 0 0.3 0 0 0 0 0 0 3.98 0 0 0.59 0 0 0 0 0 0 1.73 0 0 0.5 0 0 0 0 0 0 5.29 0 0 5.21 0 0 0 0 0 0 4.23 0 0 3.02 0 0 0 0 0 0 5.24 0 0 1.47 0 0 0 0 0 0 3.5 0 0 1.68 0 0 0 0 0 0 0 0 0 0 0 0 0 0 0 0 0 0 0 0 0 0 0 0 0 0 0 0 0 0 0 0 0 0 0 0 0 0 0 0 0 0 0 0 0 0 0 0 0 0 0 0 0 0 0 0 0 0 0 0 0 0 0 0 0 0 0 0 0 0 0 0 0 0 0 0 0 0 0 0 0 0 0 0 0 0 0 0 0 0 0 0 0 0 0 0 0 0 0 0 0 0 0 0 0 0 0 0 0 0 0 0 4.38 0 0 0 0 0 0 0 0 0 3.13 0 0 0 0 0 0 0 0 0 4.46 0 0 0 0 0 0 0 0 0 3.27 0 0 0 0 0 0 0 0 0 1.56 0 0 0 0 0 0 0 0 0 0.91 0 0 0 0 0 0 0 0 0 0.14 0 0 0 0 0 0 0 0 0 1.64 0 0 0 0 0 0 0 0 0 4.54 0 0 0 0 0 0 0 0 0 4.94 0 0 0 1.05 0 0 0.27 0 0 0 0 0 0 0.83 0 0 0.24 0 0 0 0 0 0 0.11 0 0 0.27 0 0 0 0 0 0 1.54 0 0 4.44 0 0 0 0 0 0 2.16 0 0 2.31 0 0 0 0 0 0 1.83 0 0 1.53 0 0 0 0 0 0 1.64 0 0 0.76 0 0 0 0 0 0 2.19 0 0 2.43 0 0 0 0 0 0 0.65 0 0 0.73 0 0 0 0 0 0 0.25 0 0 2.05 0 0 0 0 0 0 0 0 0 0 0 0 0 0 0 0 0 0 0 0 0 0 0 0 0 0 0 0 0 0 0 0 0 0 0 0 0 0 0 0 0 0 0 0 0 0 0 0 0 0 0 0 0 0 0 0 0 0 0 0 0 0 0 0 0 0 0 0 0 0 0 0 0 0 0 0 0 0 0 0 0 0 0 0 0 0 0 0 0 0 0 0 0 0 0 0 0 0 0 0 0 0 0 0 0 0 0 0 0 0 0 0 2.69 0 0 0 0 0 0 0 0 0 0.8 0 0 0 0 0 0 0 0 0 0.95 0 0 0 0 0 0 0 0 0 0.8 0 0 0 0 0 0 0 0 0 2.31 0 0 0 0 0 0 0 0 0 2.47 0 0 0 0 0 0 0 0 0 3.23 0 0 0 0 0 0 0 0 0 1.91 0 0 0 0 0 0 0 0 0 1.05 0 0 0 0 0 0 0 0 0 3.34 0 0 0 0 0 0 0 0 0 3.38 0 0 0 0 0 0 0 0 0 3.7 0 0 0 0 0 0 0 0 0 1.54 0 0 0 0 0 0 0 0 0 3.78 0 0 0 0 0 0 0 0 0 0.34 0 0 0 0 0 0 0 0 0 2.5 0 0 0 0 0 0 0 0 0 2.13 0 0 0 0 0 0 0 0 0 4.19 0 0 0 0 0 0 0 0 0 2.43 0 0 0 0 0 0 0 0 0 3.69 0 0 0 1.93 0 0 0.57 0 0 0 0 0 0 1.72 0 0 2.18 0 0 0 0 0 0 0.15 0 0 1.61 0 0 0 0 0 0 2.45 0 0 2.46 0 0 0 0 0 0 2.36 0 0 1.7 0 0 0 0 0 0 3.89 0 0 2.1 0 0 0 0 0 0 2.01 0 0 4.21 0 0 0 0 0 0 2.34 0 0 4.01 0 0 0 0 0 0 2.95 0 0 0.65 0 0 0 0 0 0 0.6 0 0 1.93 0 0 0 0 0 0 0 0 0 0 0 0 0 0 0 0 0 0 0 0 0 0 0 0 0 0 0 0 0 0 0 0 0 0 0 0 0 0 0 0 0 0 0 0 0 0 0 0 0 0 0 0 0 0 0 0 0 0 0 0 0 0 0 0 0 0 0 0 0 0 0 0 0 0 0 0 0 0 0 0 0 0 0 0 0 0 0 0 0 0 0 0 0 0 0 0 0 0 0 0 0 0 0 0 0 0 0 0 0 0 0 0 0.11 0 0 0 0 0 0 0 0 0 0.3 0 0 0 0 0 0 0 0 0 2.49 0 0 0 0 0 0 0 0 0 0.64 0 0 0 0 0 0 0 0 0 1.56 0 0 0 0 0 0 0 0 0 4.82 0 0 0 0 0 0 0 0 0 1.32 0 0 0 0 0 0 0 0 0 2.29 0 0 0 0 0 0 0 0 0 0.89 0 0 0 0 0 0 0 0 0 5.7 0 0 0 0.58 0 0 0.74 0 0 0 0 0 0 3.46 0 0 0.64 0 0 0 0 0 0 1.31 0 0 1.34 0 0 0 0 0 0 1.23 0 0 0.42 0 0 0 0 0 0 3.95 0 0 1.09 0 0 0 0 0 0 1 0 0 2.32 0 0 0 0 0 0 1.32 0 0 3.59 0 0 0 0 0 0 1.8 0 0 0.35 0 0 0 0 0 0 3.2 0 0 2.49 0 0 0 0 0 0 1.01 0 0 4.29 0 0 0 0 0 0 0 0 0 0 0 0 0 0 0 0 0 0 0 0 0 0 0 0 0 0 0 0 0 0 0 0 0 0 0 0 0 0 0 0 0 0 0 0 0 0 0 0 0 0 0 0 0 0 0 0 0 0 0 0 0 0 0 0 0 0 0 0 0 0 0 0 0 0 0 0 0 0 0 0 0 0 0 0 0 0 0 0 0 0 0 0 0 0 0 0 0 0 0 0 0 0 0 0 0 0 0 0 0 0 0 0 4.54 0 0 0 0 0 0 0 0 0 5.08 0 0 0 0 0 0 0 0 0 2.16 0 0 0 0 0 0 0 0 0 3.34 0 0 0 0 0 0 0 0 0 3.3 0 0 0 0 0 0 0 0 0 2.12 0 0 0 0 0 0 0 0 0 3.47 0 0 0 0 0 0 0 0 0 1.1 0 0 0 0 0 0 0 0 0 0.21 0 0 0 0 0 0 0 0 0 0.77 0 0 0 0.53 0 0 1.51 0 0 0 0 0 0 0.93 0 0 1.58 0 0 0 0 0 0 1.2 0 0 1.51 0 0 0 0 0 0 3.33 0 0 0.85 0 0 0 0 0 0 2.43 0 0 2.08 0 0 0 0 0 0 0.72 0 0 2.86 0 0 0 0 0 0 5.44 0 0 1.72 0 0 0 0 0 0 1.05 0 0 0.38 0 0 0 0 0 0 0.8 0 0 2.8 0 0 0 0 0 0 1.06 0 0 0.55 0 0 0 0 0 0 0 0 0 0 0 0 0 0 0 0 0 0 0 0 0 0 0 0 0 0 0 0 0 0 0 0 0 0 0 0 0 0 0 0 0 0 0 0 0 0 0 0 0 0 0 0 0 0 0 0 0 0 0 0 0 0 0 0 0 0 0 0 0 0 0 0 0 0 0 0 0 0 0 0 0 0 0 0 0 0 0 0 0 0 0 0 0 0 0 0 0 0 0 0 0 0 0 0 0 0 0 0 0 0 0 0 2.51 0 0 0 0 0 0 0 0 0 0.07 0 0 0 0 0 0 0 0 0 1.62 0 0 0 0 0 0 0 0 0 2.08 0 0 0 0 0 0 0 0 0 2.36 0 0 0 0 0 0 0 0 0 3.67 0 0 0 0 0 0 0 0 0 2.08 0 0 0 0 0 0 0 0 0 3.23 0 0 0 0 0 0 0 0 0 3.68 0 0 0 0 0 0 0 0 0 5.02 0 0 0 0 0 0 0 0 0 1.53 0 0 0 0 0 0 0 0 0 2.14 0 0 0 0 0 0 0 0 0 1.41 0 0 0 0 0 0 0 0 0 2.94 0 0 0 0 0 0 0 0 0 1.03 0 0 0 0 0 0 0 0 0 0.25 0 0 0 0 0 0 0 0 0 3.44 0 0 0 0 0 0 0 0 0 1.76 0 0 0 0 0 0 0 0 0 0.18 0 0 0 0 0 0 0 0 0 0.52 0 0 0 0.51 0 0 2.81 0 0 0 0 0 0 4.19 0 0 2.54 0 0 0 0 0 0 3.44 0 0 0.84 0 0 0 0 0 0 3.88 0 0 0.51 0 0 0 0 0 0 0.53 0 0 0.59 0 0 0 0 0 0 3.63 0 0 0.3 0 0 0 0 0 0 2.83 0 0 0.8 0 0 0 0 0 0 2.43 0 0 2.54 0 0 0 0 0 0 0.91 0 0 4.7 0 0 0 0 0 0 1.87 0 0 0.71 0 0 0 0 0 0 0 0 0 0 0 0 0 0 0 0 0 0 0 0 0 0 0 0 0 0 0 0 0 0 0 0 0 0 0 0 0 0 0 0 0 0 0 0 0 0 0 0 0 0 0 0 0 0 0 0 0 0 0 0 0 0 0 0 0 0 0 0 0 0 0 0 0 0 0 0 0 0 0 0 0 0 0 0 0 0 0 0 0 0 0 0 0 0 0 0 0 0 0 0 0 0 0 0 0 0 0 0 0 0 0 0 1.78 0 0 0 0 0 0 0 0 0 0.86 0 0 0 0 0 0 0 0 0 3.86 0 0 0 0 0 0 0 0 0 0.64 0 0 0 0 0 0 0 0 0 2.19 0 0 0 0 0 0 0 0 0 1.37 0 0 0 0 0 0 0 0 0 1.24 0 0 0 0 0 0 0 0 0 4.65 0 0 0 0 0 0 0 0 0 2.3 0 0 0 0 0 0 0 0 0 1.31 0 0 0 0.67 0 0 0.92 0 0 0 0 0 0 1.83 0 0 0.93 0 0 0 0 0 0 1.35 0 0 1.98 0 0 0 0 0 0 0.21 0 0 0.48 0 0 0 0 0 0 2.49 0 0 0.43 0 0 0 0 0 0 3.92 0 0 1.33 0 0 0 0 0 0 0.14 0 0 0.43 0 0 0 0 0 0 1.35 0 0 1.32 0 0 0 0 0 0 0.43 0 0 3.59 0 0 0 0 0 0 0.43 0 0 1.59 0 0 0 0 0 0 0 0 0 0 0 0 0 0 0 0 0 0 0 0 0 0 0 0 0 0 0 0 0 0 0 0 0 0 0 0 0 0 0 0 0 0 0 0 0 0 0 0 0 0 0 0 0 0 0 0 0 0 0 0 0 0 0 0 0 0 0 0 0 0 0 0 0 0 0 0 0 0 0 0 0 0 0 0 0 0 0 0 0 0 0 0 0 0 0 0 0 0 0 0 0 0 0 0 0 0 0 0 0 0 0 0 1.2 0 0 0 0 0 0 0 0 0 0.88 0 0 0 0 0 0 0 0 0 1.01 0 0 0 0 0 0 0 0 0 1.18 0 0 0 0 0 0 0 0 0 0.06 0 0 0 0 0 0 0 0 0 0.92 0 0 0 0 0 0 0 0 0 1.9 0 0 0 0 0 0 0 0 0 3.67 0 0 0 0 0 0 0 0 0 0.65 0 0 0 0 0 0 0 0 0 0.39 0 0 0 1.9 0 0 1.28 0 0 0 0 0 0 0.95 0 0 2.84 0 0 0 0 0 0 2.02 0 0 2.53 0 0 0 0 0 0 0.35 0 0 0.4 0 0 0 0 0 0 4.37 0 0 0.3 0 0 0 0 0 0 1.1 0 0 3.37 0 0 0 0 0 0 1.76 0 0 2.01 0 0 0 0 0 0 2.53 0 0 0.36 0 0 0 0 0 0 0.35 0 0 3.86 0 0 0 0 0 0 2.7 0 0 0.96 0 0 0 0 0 0 0 0 0 0 0 0 0 0 0 0 0 0 0 0 0 0 0 0 0 0 0 0 0 0 0 0 0 0 0 0 0 0 0 0 0 0 0 0 0 0 0 0 0 0 0 0 0 0 0 0 0 0 0 0 0 0 0 0 0 0 0 0 0 0 0 0 0 0 0 0 0 0 0 0 0 0 0 0 0 0 0 0 0 0 0 0 0 0 0 0 0 0 0 0 0 0 0 0 0 0 0 0 0 0 0 0 3.64 0 0 0 0 0 0 0 0 0 3.63 0 0 0 0 0 0 0 0 0 0.94 0 0 0 0 0 0 0 0 0 4.89 0 0 0 0 0 0 0 0 0 0.75 0 0 0 0 0 0 0 0 0 0.26 0 0 0 0 0 0 0 0 0 1.57 0 0 0 0 0 0 0 0 0 2.79 0 0 0 0 0 0 0 0 0 4.16 0 0 0 0 0 0 0 0 0 0.32 0 0 0 0 0 0 0 0 0 1.05 0 0 0 0 0 0 0 0 0 0.89 0 0 0 0 0 0 0 0 0 1.62 0 0 0 0 0 0 0 0 0 0.96 0 0 0 0 0 0 0 0 0 4.39 0 0 0 0 0 0 0 0 0 5.54 0 0 0 0 0 0 0 0 0 2.29 0 0 0 0 0 0 0 0 0 0.59 0 0 0 0 0 0 0 0 0 2.78 0 0 0 0 0 0 0 0 0 2.79 0 0 0 0.85 0 0 0.48 0 0 0 0 0 0 0.08 0 0 3.63 0 0 0 0 0 0 2.43 0 0 4.82 0 0 0 0 0 0 4.54 0 0 2.37 0 0 0 0 0 0 3.7 0 0 0.16 0 0 0 0 0 0 0.89 0 0 0.37 0 0 0 0 0 0 0.68 0 0 1.96 0 0 0 0 0 0 0.22 0 0 4.39 0 0 0 0 0 0 1.7 0 0 0.68 0 0 0 0 0 0 0.44 0 0 0.66 0 0 0 0 0 0 0 0 0 0 0 0 0 0 0 0 0 0 0 0 0 0 0 0 0 0 0 0 0 0 0 0 0 0 0 0 0 0 0 0 0 0 0 0 0 0 0 0 0 0 0 0 0 0 0 0 0 0 0 0 0 0 0 0 0 0 0 0 0 0 0 0 0 0 0 0 0 0 0 0 0 0 0 0 0 0 0 0 0 0 0 0 0 0 0 0 0 0 0 0 0 0 0 0 0 0 0 0 0 0 0 0 4.35 0 0 0 0 0 0 0 0 0 0.38 0 0 0 0 0 0 0 0 0 4.61 0 0 0 0 0 0 0 0 0 0.58 0 0 0 0 0 0 0 0 0 0.09 0 0 0 0 0 0 0 0 0 0.53 0 0 0 0 0 0 0 0 0 0.57 0 0 0 0 0 0 0 0 0 1.02 0 0 0 0 0 0 0 0 0 1.46 0 0 0 0 0 0 0 0 0 3.93 0 0 0 3.83 0 0 1.61 0 0 0 0 0 0 3.49 0 0 3.06 0 0 0 0 0 0 3.88 0 0 0.27 0 0 0 0 0 0 1.75 0 0 4.54 0 0 0 0 0 0 3.74 0 0 1.06 0 0 0 0 0 0 4.8 0 0 0.95 0 0 0 0 0 0 4.31 0 0 5.81 0 0 0 0 0 0 0.93 0 0 4.24 0 0 0 0 0 0 1.24 0 0 3.27 0 0 0 0 0 0 0.79 0 0 0.48 0 0 0 0 0 0 0 0 0 0 0 0 0 0 0 0 0 0 0 0 0 0 0 0 0 0 0 0 0 0 0 0 0 0 0 0 0 0 0 0 0 0 0 0 0 0 0 0 0 0 0 0 0 0 0 0 0 0 0 0 0 0 0 0 0 0 0 0 0 0 0 0 0 0 0 0 0 0 0 0 0 0 0 0 0 0 0 0 0 0 0 0 0 0 0 0 0 0 0 0 0 0 0 0 0 0 0 0 0 0 0 0 1.09 0 0 0 0 0 0 0 0 0 3.52 0 0 0 0 0 0 0 0 0 2.66 0 0 0 0 0 0 0 0 0 1.57 0 0 0 0 0 0 0 0 0 2.1 0 0 0 0 0 0 0 0 0 1.17 0 0 0 0 0 0 0 0 0 1.83 0 0 0 0 0 0 0 0 0 3.37 0 0 0 0 0 0 0 0 0 1.61 0 0 0 0 0 0 0 0 0 1.51 0 0 0 0.11 0 0 1.02 0 0 0 0 0 0 4.08 0 0 5.61 0 0 0 0 0 0 0.84 0 0 4.9 0 0 0 0 0 0 3.5 0 0 1.81 0 0 0 0 0 0 4.37 0 0 2.24 0 0 0 0 0 0 1.49 0 0 1.18 0 0 0 0 0 0 3.16 0 0 0.77 0 0 0 0 0 0 4.14 0 0 0.26 0 0 0 0 0 0 1.57 0 0 2.71 0 0 0 0 0 0 2.66 0 0 3.53 0 0 0 0 0 0 0 0 0 0 0 0 0 0 0 0 0 0 0 0 0 0 0 0 0 0 0 0 0 0 0 0 0 0 0 0 0 0 0 0 0 0 0 0 0 0 0 0 0 0 0 0 0 0 0 0 0 0 0 0 0 0 0 0 0 0 0 0 0 0 0 0 0 0 0 0 0 0 0 0 0 0 0 0 0 0 0 0 0 0 0 0 0 0 0 0 0 0 0 0 0 0 0 0 0 0 0 0 0 0 0 0 0.94 0 0 0 0 0 0 0 0 0 1.62 0 0 0 0 0 0 0 0 0 2.17 0 0 0 0 0 0 0 0 0 4.3 0 0 0 0 0 0 0 0 0 0.32 0 0 0 0 0 0 0 0 0 1.33 0 0 0 0 0 0 0 0 0 1.36 0 0 0 0 0 0 0 0 0 0.22 0 0 0 0 0 0 0 0 0 1.52 0 0 0 0 0 0 0 0 0 3.78 0 0 0 0 0 0 0 0 0 1.66 0 0 0 0 0 0 0 0 0 3.45 0 0 0 0 0 0 0 0 0 0.34 0 0 0 0 0 0 0 0 0 3.15 0 0 0 0 0 0 0 0 0 0.78 0 0 0 0 0 0 0 0 0 2.58 0 0 0 0 0 0 0 0 0 0.69 0 0 0 0 0 0 0 0 0 5.33 0 0 0 0 0 0 0 0 0 0.25 0 0 0 0 0 0 0 0 0 0.76 0 0 0 1.48 0 0 2.32 0 0 0 0 0 0 0.69 0 0 3.22 0 0 0 0 0 0 1.05 0 0 4.11 0 0 0 0 0 0 2.49 0 0 1.81 0 0 0 0 0 0 0.26 0 0 5.51 0 0 0 0 0 0 1.02 0 0 1.81 0 0 0 0 0 0 2.5 0 0 5.21 0 0 0 0 0 0 1.48 0 0 1.3 0 0 0 0 0 0 2.6 0 0 1.8 0 0 0 0 0 0 2.68 0 0 0.43 0 0 0 0 0 0 0 0 0 0 0 0 0 0 0 0 0 0 0 0 0 0 0 0 0 0 0 0 0 0 0 0 0 0 0 0 0 0 0 0 0 0 0 0 0 0 0 0 0 0 0 0 0 0 0 0 0 0 0 0 0 0 0 0 0 0 0 0 0 0 0 0 0 0 0 0 0 0 0 0 0 0 0 0 0 0 0 0 0 0 0 0 0 0 0 0 0 0 0 0 0 0 0 0 0 0 0 0 0 0 0 0 0.89 0 0 0 0 0 0 0 0 0 0.83 0 0 0 0 0 0 0 0 0 3.39 0 0 0 0 0 0 0 0 0 0.41 0 0 0 0 0 0 0 0 0 1.58 0 0 0 0 0 0 0 0 0 2.28 0 0 0 0 0 0 0 0 0 0.7 0 0 0 0 0 0 0 0 0 3.08 0 0 0 0 0 0 0 0 0 0.26 0 0 0 0 0 0 0 0 0 0.3 0 0 0 1.14 0 0 0.84 0 0 0 0 0 0 4.41 0 0 1.32 0 0 0 0 0 0 2.28 0 0 4.52 0 0 0 0 0 0 4.33 0 0 1.1 0 0 0 0 0 0 0.3 0 0 3.02 0 0 0 0 0 0 0.75 0 0 1.47 0 0 0 0 0 0 0.75 0 0 0.89 0 0 0 0 0 0 0.56 0 0 0.85 0 0 0 0 0 0 4.67 0 0 0.89 0 0 0 0 0 0 2.21 0 0 3.41 0 0 0 0 0 0 0 0 0 0 0 0 0 0 0 0 0 0 0 0 0 0 0 0 0 0 0 0 0 0 0 0 0 0 0 0 0 0 0 0 0 0 0 0 0 0 0 0 0 0 0 0 0 0 0 0 0 0 0 0 0 0 0 0 0 0 0 0 0 0 0 0 0 0 0 0 0 0 0 0 0 0 0 0 0 0 0 0 0 0 0 0 0 0 0 0 0 0 0 0 0 0 0 0 0 0 0 0 0 0 0 0 0.25 0 0 0 0 0 0 0 0 0 0.82 0 0 0 0 0 0 0 0 0 1.94 0 0 0 0 0 0 0 0 0 1.8 0 0 0 0 0 0 0 0 0 2.61 0 0 0 0 0 0 0 0 0 2.02 0 0 0 0 0 0 0 0 0 0.94 0 0 0 0 0 0 0 0 0 0.55 0 0 0 0 0 0 0 0 0 2.56 0 0 0 0 0 0 0 0 0 5.33 0 0 0 3.66 0 0 0.37 0 0 0 0 0 0 1.87 0 0 0.08 0 0 0 0 0 0 5.24 0 0 0.6 0 0 0 0 0 0 5.71 0 0 0.21 0 0 0 0 0 0 1.18 0 0 2.52 0 0 0 0 0 0 0.97 0 0 4.98 0 0 0 0 0 0 2.24 0 0 3.41 0 0 0 0 0 0 1.68 0 0 0.26 0 0 0 0 0 0 1.91 0 0 4.31 0 0 0 0 0 0 2.69 0 0 3.44 0 0 0 0 0 0 0 0 0 0 0 0 0 0 0 0 0 0 0 0 0 0 0 0 0 0 0 0 0 0 0 0 0 0 0 0 0 0 0 0 0 0 0 0 0 0 0 0 0 0 0 0 0 0 0 0 0 0 0 0 0 0 0 0 0 0 0 0 0 0 0 0 0 0 0 0 0 0 0 0 0 0 0 0 0 0 0 0 0 0 0 0 0 0 0 0 0 0 0 0 0 0 0 0 0 0 0 0 0 0 0 0 0.67 0 0 0 0 0 0 0 0 0 1.19 0 0 0 0 0 0 0 0 0 0.14 0 0 0 0 0 0 0 0 0 0.81 0 0 0 0 0 0 0 0 0 5.21 0 0 0 0 0 0 0 0 0 2.86 0 0 0 0 0 0 0 0 0 2.37 0 0 0 0 0 0 0 0 0 4.54 0 0 0 0 0 0 0 0 0 2 0 0 0 0 0 0 0 0 0 0.4 0 0 
0 0 0 0 0 0 0 1.02 0 0 0 0 0 0 0 0 0 5.68 0 0 0 0 0 0 0 0 0 2.99 0 0 0 0 0 0 0 0 0 0.11 0 0 0 0 0 0 0 0 0 2.26 0 0 0 0 0 0 0 0 0 2.56 0 0 0 0 0 0 0 0 0 2.22 0 0 0 0 0 0 0 0 0 0.22 0 0 0 0 0 0 0 0 0 0.42 0 0 0 0 0 0 0 0 0 2.39 0 0 0 0.76 0 0 4.88 0 0 0 0 0 0 1 0 0 1.1 0 0 0 0 0 0 2.11 0 0 2.91 0 0 0 0 0 0 0.52 0 0 3.52 0 0 0 0 0 0 0.47 0 0 1.33 0 0 0 0 0 0 0.54 0 0 2.33 0 0 0 0 0 0 2.09 0 0 1.93 0 0 0 0 0 0 1.52 0 0 3.79 0 0 0 0 0 0 0.18 0 0 0.51 0 0 0 0 0 0 4.06 0 0 3.11 0 0 0 0 0 0 0 0 0 0 0 0 0 0 0 0 0 0 0 0 0 0 0 0 0 0 0 0 0 0 0 0 0 0 0 0 0 0 0 0 0 0 0 0 0 0 0 0 0 0 0 0 0 0 0 0 0 0 0 0 0 0 0 0 0 0 0 0 0 0 0 0 0 0 0 0 0 0 0 0 0 0 0 0 0 0 0 0 0 0 0 0 0 0 0 0 0 0 0 0 0 0 0 0 0 0 0 0 0 0 0 0 4.51 0 0 0 0 0 0 0 0 0 0.77 0 0 0 0 0 0 0 0 0 3.35 0 0 0 0 0 0 0 0 0 3.72 0 0 0 0 0 0 0 0 0 0.46 0 0 0 0 0 0 0 0 0 1.15 0 0 0 0 0 0 0 0 0 4.53 0 0 0 0 0 0 0 0 0 1.46 0 0 0 0 0 0 0 0 0 0.08 0 0 0 0 0 0 0 0 0 0.27 0 0 0 1.06 0 0 1.25 0 0 0 0 0 0 3.45 0 0 2.42 0 0 0 0 0 0 1.56 0 0 0.84 0 0 0 0 0 0 1.82 0 0 1.16 0 0 0 0 0 0 4.57 0 0 0.85 0 0 0 0 0 0 0.33 0 0 0.46 0 0 0 0 0 0 4.49 0 0 2.46 0 0 0 0 0 0 4.28 0 0 3.14 0 0 0 0 0 0 0.74 0 0 1.09 0 0 0 0 0 0 3.13 0 0 2.73 0 0 0 0 0 0 0 0 0 0 0 0 0 0 0 0 0 0 0 0 0 0 0 0 0 0 0 0 0 0 0 0 0 0 0 0 0 0 0 0 0 0 0 0 0 0 0 0 0 0 0 0 0 0 0 0 0 0 0 0 0 0 0 0 0 0 0 0 0 0 0 0 0 0 0 0 0 0 0 0 0 0 0 0 0 0 0 0 0 0 0 0 0 0 0 0 0 0 0 0 0 0 0 0 0 0 0 0 0 0 0 0 2.35 0 0 0 0 0 0 0 0 0 4.72 0 0 0 0 0 0 0 0 0 5.04 0 0 0 0 0 0 0 0 0 2.57 0 0 0 0 0 0 0 0 0 0.68 0 0 0 0 0 0 0 0 0 0.14 0 0 0 0 0 0 0 0 0 1.87 0 0 0 0 0 0 0 0 0 0.71 0 0 0 0 0 0 0 0 0 6.01 0 0 0 0 0 0 0 0 0 1.96 0 0 0 4.61 0 0 1.8 0 0 0 0 0 0 1.41 0 0 2.15 0 0 0 0 0 0 0.61 0 0 0.8 0 0 0 0 0 0 0.63 0 0 0.35 0 0 0 0 0 0 1 0 0 3.08 0 0 0 0 0 0 3.69 0 0 1.54 0 0 0 0 0 0 1.85 0 0 3.49 0 0 0 0 0 0 0.18 0 0 2.37 0 0 0 0 0 0 4.55 0 0 4.33 0 0 0 0 0 0 4.69 0 0 0.77 0 0 0 0 0 0 0 0 0 0 0 0 0 0 0 0 0 0 0 0 0 0 0 0 0 0 0 0 0 0 0 0 0 0 0 0 0 0 0 0 0 0 0 0 0 0 0 0 0 0 0 0 0 0 0 0 0 0 0 0 0 0 0 0 0 0 0 0 0 0 0 0 0 0 0 0 0 0 0 0 0 0 0 0 0 0 0 0 0 0 0 0 0 0 0 0 0 0 0 0 0 0 0 0 0 0 0 0 0 0 0 0 0.7 0 0 0 0 0 0 0 0 0 0.67 0 0 0 0 0 0 0 0 0 3.37 0 0 0 0 0 0 0 0 0 1.55 0 0 0 0 0 0 0 0 0 0.87 0 0 0 0 0 0 0 0 0 0.47 0 0 0 0 0 0 0 0 0 1.06 0 0 0 0 0 0 0 0 0 0.37 0 0 0 0 0 0 0 0 0 3.53 0 0 0 0 0 0 0 0 0 0.47 0 0 0 0 0 0 0 0 0 1.6 0 0 0 0 0 0 0 0 0 5.51 0 0 0 0 0 0 0 0 0 3.06 0 0 0 0 0 0 0 0 0 4.32 0 0 0 0 0 0 0 0 0 4.17 0 0 0 0 0 0 0 0 0 0.71 0 0 0 0 0 0 0 0 0 0.91 0 0 0 0 0 0 0 0 0 3.6 0 0 0 0 0 0 0 0 0 3.1 0 0 0 0 0 0 0 0 0 2.19 0 0 0 4.58 0 0 1.16 0 0 0 0 0 0 1.48 0 0 1.93 0 0 0 0 0 0 2.75 0 0 2.69 0 0 0 0 0 0 3.95 0 0 5.47 0 0 0 0 0 0 2.16 0 0 1.68 0 0 0 0 0 0 4.76 0 0 4.32 0 0 0 0 0 0 3.3 0 0 5.14 0 0 0 0 0 0 3.36 0 0 4.3 0 0 0 0 0 0 0.23 0 0 2.1 0 0 0 0 0 0 2.39 0 0 2.35 0 0 0 0 0 0 0 0 0 0 0 0 0 0 0 0 0 0 0 0 0 0 0 0 0 0 0 0 0 0 0 0 0 0 0 0 0 0 0 0 0 0 0 0 0 0 0 0 0 0 0 0 0 0 0 0 0 0 0 0 0 0 0 0 0 0 0 0 0 0 0 0 0 0 0 0 0 0 0 0 0 0 0 0 0 0 0 0 0 0 0 0 0 0 0 0 0 0 0 0 0 0 0 0 0 0 0 0 0 0 0 0 3.22 0 0 0 0 0 0 0 0 0 0.62 0 0 0 0 0 0 0 0 0 4.91 0 0 0 0 0 0 0 0 0 0.65 0 0 0 0 0 0 0 0 0 2.66 0 0 0 0 0 0 0 0 0 5.61 0 0 0 0 0 0 0 0 0 1.33 0 0 0 0 0 0 0 0 0 0.68 0 0 0 0 0 0 0 0 0 1.43 0 0 0 0 0 0 0 0 0 2.05 0 0 0 3.39 0 0 0.72 0 0 0 0 0 0 1.66 0 0 0.17 0 0 0 0 0 0 2.43 0 0 4.26 0 0 0 0 0 0 5.38 0 0 3.28 0 0 0 0 0 0 4.26 0 0 2.68 0 0 0 0 0 0 4.49 0 0 4.98 0 0 0 0 0 0 5.19 0 0 0.66 0 0 0 0 0 0 3.34 0 0 0.92 0 0 0 0 0 0 0.3 0 0 4.9 0 0 0 0 0 0 0.29 0 0 3.82 0 0 0 0 0 0 0 0 0 0 0 0 0 0 0 0 0 0 0 0 0 0 0 0 0 0 0 0 0 0 0 0 0 0 0 0 0 0 0 0 0 0 0 0 0 0 0 0 0 0 0 0 0 0 0 0 0 0 0 0 0 0 0 0 0 0 0 0 0 0 0 0 0 0 0 0 0 0 0 0 0 0 0 0 0 0 0 0 0 0 0 0 0 0 0 0 0 0 0 0 0 0 0 0 0 0 0 0 0 0 0 0 3.68 0 0 0 0 0 0 0 0 0 0.24 0 0 0 0 0 0 0 0 0 2.85 0 0 0 0 0 0 0 0 0 4.78 0 0 0 0 0 0 0 0 0 0.54 0 0 0 0 0 0 0 0 0 3.84 0 0 0 0 0 0 0 0 0 3.5 0 0 0 0 0 0 0 0 0 0.68 0 0 0 0 0 0 0 0 0 4.81 0 0 0 0 0 0 0 0 0 2.21 0 0 0 3.77 0 0 1.92 0 0 0 0 0 0 2.41 0 0 2.92 0 0 0 0 0 0 3.32 0 0 3.31 0 0 0 0 0 0 0.96 0 0 4.1 0 0 0 0 0 0 0.35 0 0 1.5 0 0 0 0 0 0 1.63 0 0 4.25 0 0 0 0 0 0 0.11 0 0 0.52 0 0 0 0 0 0 3.02 0 0 0.73 0 0 0 0 0 0 0.6 0 0 0.81 0 0 0 0 0 0 3.77 0 0 0.4 0 0 0 0 0 0 0 0 0 0 0 0 0 0 0 0 0 0 0 0 0 0 0 0 0 0 0 0 0 0 0 0 0 0 0 0 0 0 0 0 0 0 0 0 0 0 0 0 0 0 0 0 0 0 0 0 0 0 0 0 0 0 0 0 0 0 0 0 0 0 0 0 0 0 0 0 0 0 0 0 0 0 0 0 0 0 0 0 0 0 0 0 0 0 0 0 0 0 0 0 0 0 0 0 0 0 0 0 0 0 0 0 0.48 0 0 0 0 0 0 0 0 0 0.59 0 0 0 0 0 0 0 0 0 1.68 0 0 0 0 0 0 0 0 0 3.87 0 0 0 0 0 0 0 0 0 2.06 0 0 0 0 0 0 0 0 0 5.13 0 0 0 0 0 0 0 0 0 0.59 0 0 0 0 0 0 0 0 0 0.55 0 0 0 0 0 0 0 0 0 4.53 0 0 0 0 0 0 0 0 0 2.12 0 0 0 0 0 0 0 0 0 2.85 0 0 0 0 0 0 0 0 0 0.82 0 0 0 0 0 0 0 0 0 0.81 0 0 0 0 0 0 0 0 0 2.73 0 0 0 0 0 0 0 0 0 1.24 0 0 0 0 0 0 0 0 0 0.13 0 0 0 0 0 0 0 0 0 3.52 0 0 0 0 0 0 0 0 0 2.5 0 0 0 0 0 0 0 0 0 3.03 0 0 0 0 0 0 0 0 0 2.21 0 0 0 1.79 0 0 0.54 0 0 0 0 0 0 0.18 0 0 3.49 0 0 0 0 0 0 1.65 0 0 1.1 0 0 0 0 0 0 1.58 0 0 3.74 0 0 0 0 0 0 0.96 0 0 2.81 0 0 0 0 0 0 2.84 0 0 3.78 0 0 0 0 0 0 2.92 0 0 1.64 0 0 0 0 0 0 1.81 0 0 0.64 0 0 0 0 0 0 5.31 0 0 0.57 0 0 0 0 0 0 2.42 0 0 1.76 0 0 0 0 0 0 0 0 0 0 0 0 0 0 0 0 0 0 0 0 0 0 0 0 0 0 0 0 0 0 0 0 0 0 0 0 0 0 0 0 0 0 0 0 0 0 0 0 0 0 0 0 0 0 0 0 0 0 0 0 0 0 0 0 0 0 0 0 0 0 0 0 0 0 0 0 0 0 0 0 0 0 0 0 0 0 0 0 0 0 0 0 0 0 0 0 0 0 0 0 0 0 0 0 0 0 0 0 0 0 0 0 2.06 0 0 0 0 0 0 0 0 0 0.67 0 0 0 0 0 0 0 0 0 1.47 0 0 0 0 0 0 0 0 0 2.33 0 0 0 0 0 0 0 0 0 0.97 0 0 0 0 0 0 0 0 0 0.15 0 0 0 0 0 0 0 0 0 4.21 0 0 0 0 0 0 0 0 0 0.12 0 0 0 0 0 0 0 0 0 2.96 0 0 0 0 0 0 0 0 0 5.19 0 0 0 5.08 0 0 0.1 0 0 0 0 0 0 1.57 0 0 2 0 0 0 0 0 0 1.63 0 0 4.21 0 0 0 0 0 0 3.93 0 0 1.17 0 0 0 0 0 0 0.69 0 0 0.35 0 0 0 0 0 0 0.43 0 0 4.76 0 0 0 0 0 0 3.4 0 0 3.14 0 0 0 0 0 0 4.73 0 0 1.48 0 0 0 0 0 0 4.78 0 0 4.25 0 0 0 0 0 0 0.82 0 0 2 0 0 0 0 0 0 0 0 0 0 0 0 0 0 0 0 0 0 0 0 0 0 0 0 0 0 0 0 0 0 0 0 0 0 0 0 0 0 0 0 0 0 0 0 0 0 0 0 0 0 0 0 0 0 0 0 0 0 0 0 0 0 0 0 0 0 0 0 0 0 0 0 0 0 0 0 0 0 0 0 0 0 0 0 0 0 0 0 0 0 0 0 0 0 0 0 0 0 0 0 0 0 0 0 0 0 0 0 0 0 0 0 3.26 0 0 0 0 0 0 0 0 0 0.46 0 0 0 0 0 0 0 0 0 0.22 0 0 0 0 0 0 0 0 0 1.9 0 0 0 0 0 0 0 0 0 3.87 0 0 0 0 0 0 0 0 0 4.01 0 0 0 0 0 0 0 0 0 0.2 0 0 0 0 0 0 0 0 0 5.02 0 0 0 0 0 0 0 0 0 3.49 0 0 0 0 0 0 0 0 0 4.42 0 0 0 0.94 0 0 0.12 0 0 0 0 0 0 0.22 0 0 0.05 0 0 0 0 0 0 2.2 0 0 3.3 0 0 0 0 0 0 0.06 0 0 1.15 0 0 0 0 0 0 2.67 0 0 0.19 0 0 0 0 0 0 4.26 0 0 4.36 0 0 0 0 0 0 0.44 0 0 0.35 0 0 0 0 0 0 2.11 0 0 5.34 0 0 0 0 0 0 1.59 0 0 4.55 0 0 0 0 0 0 1.99 0 0 5.26 0 0 0 0 0 0 0 0 0 0 0 0 0 0 0 0 0 0 0 0 0 0 0 0 0 0 0 0 0 0 0 0 0 0 0 0 0 0 0 0 0 0 0 0 0 0 0 0 0 0 0 0 0 0 0 0 0 0 0 0 0 0 0 0 0 0 0 0 0 0 0 0 0 0 0 0 0 0 0 0 0 0 0 0 0 0 0 0 0 0 0 0 0 0 0 0 0 0 0 0 0 0 0 0 0 0 0 0 0 0 0 0 0.84 0 0 0 0 0 0 0 0 0 0.55 0 0 0 0 0 0 0 0 0 3.01 0 0 0 0 0 0 0 0 0 2.1 0 0 0 0 0 0 0 0 0 2.83 0 0 0 0 0 0 0 0 0 2.45 0 0 0 0 0 0 0 0 0 0.83 0 0 0 0 0 0 0 0 0 3.1 0 0 0 0 0 0 0 0 0 4.93 0 0 0 0 0 0 0 0 0 1.37 0 0 0 0 0 0 0 0 0 4.17 0 0 0 0 0 0 0 0 0 1.95 0 0 0 0 0 0 0 0 0 3.74 0 0 0 0 0 0 0 0 0 4.56 0 0 0 0 0 0 0 0 0 2.72 0 0 0 0 0 0 0 0 0 0.71 0 0 0 0 0 0 0 0 0 3.85 0 0 0 0 0 0 0 0 0 5.66 0 0 0 0 0 0 0 0 0 2.8 0 0 0 0 0 0 0 0 0 1.03 0 0 0 0.98 0 0 2.08 0 0 0 0 0 0 2.43 0 0 1.16 0 0 0 0 0 0 2.77 0 0 0.19 0 0 0 0 0 0 0.41 0 0 0.86 0 0 0 0 0 0 3.15 0 0 0.23 0 0 0 0 0 0 0.18 0 0 0.36 0 0 0 0 0 0 1.78 0 0 1.35 0 0 0 0 0 0 4.68 0 0 2.46 0 0 0 0 0 0 0.51 0 0 0.98 0 0 0 0 0 0 0.35 0 0 1.17 0 0 0 0 0 0 0 0 0 0 0 0 0 0 0 0 0 0 0 0 0 0 0 0 0 0 0 0 0 0 0 0 0 0 0 0 0 0 0 0 0 0 0 0 0 0 0 0 0 0 0 0 0 0 0 0 0 0 0 0 0 0 0 0 0 0 0 0 0 0 0 0 0 0 0 0 0 0 0 0 0 0 0 0 0 0 0 0 0 0 0 0 0 0 0 0 0 0 0 0 0 0 0 0 0 0 0 0 0 0 0 0 1.3 0 0 0 0 0 0 0 0 0 1.27 0 0 0 0 0 0 0 0 0 3.84 0 0 0 0 0 0 0 0 0 3.11 0 0 0 0 0 0 0 0 0 2.69 0 0 0 0 0 0 0 0 0 4.06 0 0 0 0 0 0 0 0 0 0.29 0 0 0 0 0 0 0 0 0 0.99 0 0 0 0 0 0 0 0 0 3.85 0 0 0 0 0 0 0 0 0 0.17 0 0 0 1.4 0 0 2.15 0 0 0 0 0 0 0.77 0 0 0.47 0 0 0 0 0 0 2.57 0 0 2.38 0 0 0 0 0 0 1.01 0 0 0.42 0 0 0 0 0 0 4.06 0 0 3.12 0 0 0 0 0 0 3.29 0 0 3.83 0 0 0 0 0 0 3.21 0 0 3.96 0 0 0 0 0 0 1.91 0 0 3.7 0 0 0 0 0 0 3.62 0 0 0.1 0 0 0 0 0 0 3.47 0 0 0.9 0 0 0 0 0 0 0 0 0 0 0 0 0 0 0 0 0 0 0 0 0 0 0 0 0 0 0 0 0 0 0 0 0 0 0 0 0 0 0 0 0 0 0 0 0 0 0 0 0 0 0 0 0 0 0 0 0 0 0 0 0 0 0 0 0 0 0 0 0 0 0 0 0 0 0 0 0 0 0 0 0 0 0 0 0 0 0 0 0 0 0 0 0 0 0 0 0 0 0 0 0 0 0 0 0 0 0 0 0 0 0 0 5.24 0 0 0 0 0 0 0 0 0 0.81 0 0 0 0 0 0 0 0 0 0.56 0 0 0 0 0 0 0 0 0 0.62 0 0 0 0 0 0 0 0 0 1.9 0 0 0 0 0 0 0 0 0 0.14 0 0 0 0 0 0 0 0 0 0.63 0 0 0 0 0 0 0 0 0 2.02 0 0 0 0 0 0 0 0 0 0.16 0 0 0 0 0 0 0 0 0 4.76 0 0 0 5.11 0 0 3.21 0 0 0 0 0 0 2.71 0 0 5.09 0 0 0 0 0 0 0.98 0 0 0.6 0 0 0 0 0 0 0.26 0 0 0.07 0 0 0 0 0 0 3.13 0 0 0.31 0 0 0 0 0 0 2.65 0 0 0.81 0 0 0 0 0 0 3.19 0 0 3.52 0 0 0 0 0 0 5.93 0 0 0.61 0 0 0 0 0 0 3.91 0 0 5.73 0 0 0 0 0 0 0.98 0 0 1.57 0 0 0 0 0 0 0 0 0 0 0 0 0 0 0 0 0 0 0 0 0 0 0 0 0 0 0 0 0 0 0 0 0 0 0 0 0 0 0 0 0 0 0 0 0 0 0 0 0 0 0 0 0 0 0 0 0 0 0 0 0 0 0 0 0 0 0 0 0 0 0 0 0 0 0 0 0 0 0 0 0 0 0 0 0 0 0 0 0 0 0 0 0 0 0 0 0 0 0 0 0 0 0 0 0 0 0 0 0 0 0 0 1.41 0 0 0 0 0 0 0 0 0 0.95 0 0 0 0 0 0 0 0 0 3.6 0 0 0 0 0 0 0 0 0 1.01 0 0 0 0 0 0 0 0 0 3.88 0 0 0 0 0 0 0 0 0 2.01 0 0 0 0 0 0 0 0 0 1.02 0 0 0 0 0 0 0 0 0 0.4 0 0 0 0 0 0 0 0 0 1.09 0 0 0 0 0 0 0 0 0 2.48 0 0 0 0 0 0 0 0 0 1.38 0 0 0 0 0 0 0 0 0 0.21 0 0 0 0 0 0 0 0 0 1.33 0 0 0 0 0 0 0 0 0 1.37 0 0 0 0 0 0 0 0 0 1.23 0 0 0 0 0 0 0 0 0 2.72 0 0 0 0 0 0 0 0 0 1.55 0 0 0 0 0 0 0 0 0 5.99 0 0 0 0 0 0 0 0 0 3.4 0 0 0 0 0 0 0 0 0 2.02 0 0 0 0.48 0 0 2.51 0 0 0 0 0 0 3.65 0 0 1.96 0 0 0 0 0 0 0.67 0 0 1.03 0 0 0 0 0 0 3.34 0 0 0.84 0 0 0 0 0 0 0.48 0 0 4.48 0 0 0 0 0 0 3.11 0 0 1.65 0 0 0 0 0 0 0.83 0 0 0.85 0 0 0 0 0 0 0.53 0 0 3.61 0 0 0 0 0 0 0.45 0 0 2.14 0 0 0 0 0 0 5.11 0 0 1.41 0 0 0 0 0 0 0 0 0 0 0 0 0 0 0 0 0 0 0 0 0 0 0 0 0 0 0 0 0 0 0 0 0 0 0 0 0 0 0 0 0 0 0 0 0 0 0 0 0 0 0 0 0 0 0 0 0 0 0 0 0 0 0 0 0 0 0 0 0 0 0 0 0 0 0 0 0 0 0 0 0 0 0 0 0 0 0 0 0 0 0 0 0 0 0 0 0 0 0 0 0 0 0 0 0 0 0 0 0 0 0 0 1.12 0 0 0 0 0 0 0 0 0 2.71 0 0 0 0 0 0 0 0 0 1.57 0 0 0 0 0 0 0 0 0 3.54 0 0 0 0 0 0 0 0 0 0.13 0 0 0 0 0 0 0 0 0 1.17 0 0 0 0 0 0 0 0 0 0.21 0 0 0 0 0 0 0 0 0 0.34 0 0 0 0 0 0 0 0 0 2.58 0 0 0 0 0 0 0 0 0 0.19 0 0 0 2.65 0 0 3.99 0 0 0 0 0 0 5.44 0 0 0.44 0 0 0 0 0 0 2.88 0 0 3.59 0 0 0 0 0 0 0.54 0 0 4.52 0 0 0 0 0 0 2.07 0 0 1.56 0 0 0 0 0 0 3.78 0 0 0.13 0 0 0 0 0 0 1.38 0 0 1.5 0 0 0 0 0 0 0.4 0 0 0.85 0 0 0 0 0 0 0.35 0 0 1.82 0 0 0 0 0 0 2.91 0 0 1.24 0 0 0 0 0 0 0 0 0 0 0 0 0 0 0 0 0 0 0 0 0 0 0 0 0 0 0 0 0 0 0 0 0 0 0 0 0 0 0 0 0 0 0 0 0 0 0 0 0 0 0 0 0 0 0 0 0 0 0 0 0 0 0 0 0 0 0 0 0 0 0 0 0 0 0 0 0 0 0 0 0 0 0 0 0 0 0 0 0 0 0 0 0 0 0 0 0 0 0 0 0 0 0 0 0 0 0 0 0 0 0 0 2.09 0 0 0 0 0 0 0 0 0 1.37 0 0 0 0 0 0 0 0 0 2.32 0 0 0 0 0 0 0 0 0 2.87 0 0 0 0 0 0 0 0 0 4.34 0 0 0 0 0 0 0 0 0 2.24 0 0 0 0 0 0 0 0 0 3.8 0 0 0 0 0 0 0 0 0 1.98 0 0 0 0 0 0 0 0 0 2.35 0 0 0 0 0 0 0 0 0 4.58 0 0 0 2.52 0 0 0.67 0 0 0 0 0 0 4.35 0 0 1.93 0 0 0 0 0 0 3.8 0 0 0.23 0 0 0 0 0 0 1.17 0 0 0.37 0 0 0 0 0 0 1.37 0 0 5.36 0 0 0 0 0 0 1.61 0 0 0.16 0 0 0 0 0 0 2.33 0 0 0.69 0 0 0 0 0 0 1.43 0 0 3.16 0 0 0 0 0 0 0.52 0 0 0.98 0 0 0 0 0 0 4.5 0 0 3.19 0 0 0 0 0 0 0 0 0 0 0 0 0 0 0 0 0 0 0 0 0 0 0 0 0 0 0 0 0 0 0 0 0 0 0 0 0 0 0 0 0 0 0 0 0 0 0 0 0 0 0 0 0 0 0 0 0 0 0 0 0 0 0 0 0 0 0 0 0 0 0 0 0 0 0 0 0 0 0 0 0 0 0 0 0 0 0 0 0 0 0 0 0 0 0 0 0 0 0 0 0 0 0 0 0 0 0 0 0 0 0 0 3.89 0 0 0 0 0 0 0 0 0 1.26 0 0 0 0 0 0 0 0 0 0.88 0 0 0 0 0 0 0 0 0 1.13 0 0 0 0 0 0 0 0 0 1.55 0 0 0 0 0 0 0 0 0 2.41 0 0 0 0 0 0 0 0 0 4.46 0 0 0 0 0 0 0 0 0 5.62 0 0 0 0 0 0 0 0 0 0.64 0 0 0 0 0 0 0 0 0 0.82 0 0 0 0 0 0 0 0 0 2.11 0 0 0 0 0 0 0 0 0 1.16 0 0 0 0 0 0 0 0 0 2.51 0 0 0 0 0 0 0 0 0 2.56 0 0 0 0 0 0 0 0 0 5.36 0 0 0 0 0 0 0 0 0 2.23 0 0 0 0 0 0 0 0 0 3.67 0 0 0 0 0 0 0 0 0 0.88 0 0 0 0 0 0 0 0 0 4.19 0 0 0 0 0 0 0 0 0 1.37 0 0 0 0.14 0 0 3.85 0 0 0 0 0 0 1.24 0 0 3.64 0 0 0 0 0 0 3.8 0 0 4.06 0 0 0 0 0 0 0.37 0 0 0.23 0 0 0 0 0 0 1.61 0 0 0.11 0 0 0 0 0 0 0.73 0 0 5.55 0 0 0 0 0 0 0.76 0 0 0.63 0 0 0 0 0 0 3.72 0 0 1.09 0 0 0 0 0 0 0.7 0 0 3.49 0 0 0 0 0 0 1.51 0 0 0.6 0 0 0 0 0 0 0 0 0 0 0 0 0 0 0 0 0 0 0 0 0 0 0 0 0 0 0 0 0 0 0 0 0 0 0 0 0 0 0 0 0 0 0 0 0 0 0 0 0 0 0 0 0 0 0 0 0 0 0 0 0 0 0 0 0 0 0 0 0 0 0 0 0 0 0 0 0 0 0 0 0 0 0 0 0 0 0 0 0 0 0 0 0 0 0 0 0 0 0 0 0 0 0 0 0 0 0 0 0 0 0 0 1.71 0 0 0 0 0 0 0 0 0 3.64 0 0 0 0 0 0 0 0 0 4 0 0 0 0 0 0 0 0 0 0.4 0 0 0 0 0 0 0 0 0 3.71 0 0 0 0 0 0 0 0 0 4.29 0 0 0 0 0 0 0 0 0 0.35 0 0 0 0 0 0 0 0 0 3.42 0 0 0 0 0 0 0 0 0 1.19 0 0 0 0 0 0 0 0 0 6.07 0 0 0 2.13 0 0 0.42 0 0 0 0 0 0 1.15 0 0 4.27 0 0 0 0 0 0 3.36 0 0 1.21 0 0 0 0 0 0 2.74 0 0 0.23 0 0 0 0 0 0 4.06 0 0 0.58 0 0 0 0 0 0 1.33 0 0 0.45 0 0 0 0 0 0 5.33 0 0 5.1 0 0 0 0 0 0 4.42 0 0 2.82 0 0 0 0 0 0 4.88 0 0 1.21 0 0 0 0 0 0 3.46 0 0 1.68 0 0 0 0 0 0 0 0 0 0 0 0 0 0 0 0 0 0 0 0 0 0 0 0 0 0 0 0 0 0 0 0 0 0 0 0 0 0 0 0 0 0 0 0 0 0 0 0 0 0 0 0 0 0 0 0 0 0 0 0 0 0 0 0 0 0 0 0 0 0 0 0 0 0 0 0 0 0 0 0 0 0 0 0 0 0 0 0 0 0 0 0 0 0 0 0 0 0 0 0 0 0 0 0 0 0 0 0 0 0 0 0 4.43 0 0 0 0 0 0 0 0 0 3.06 0 0 0 0 0 0 0 0 0 4.22 0 0 0 0 0 0 0 0 0 3.19 0 0 0 0 0 0 0 0 0 1.43 0 0 0 0 0 0 0 0 0 0.92 0 0 0 0 0 0 0 0 0 0.21 0 0 0 0 0 0 0 0 0 1.59 0 0 0 0 0 0 0 0 0 4.39 0 0 0 0 0 0 0 0 0 4.85 0 0 0 0.99 0 0 0.21 0 0 0 0 0 0 0.87 0 0 0.37 0 0 0 0 0 0 0.11 0 0 0.35 0 0 0 0 0 0 1.65 0 0 4.47 0 0 0 0 0 0 2.37 0 0 2.33 0 0 0 0 0 0 1.98 0 0 1.59 0 0 0 0 0 0 1.76 0 0 0.75 0 0 0 0 0 0 2.38 0 0 2.52 0 0 0 0 0 0 0.76 0 0 0.96 0 0 0 0 0 0 0.25 0 0 1.99 0 0 0 0 0 0 0 0 0 0 0 0 0 0 0 0 0 0 0 0 0 0 0 0 0 0 0 0 0 0 0 0 0 0 0 0 0 0 0 0 0 0 0 0 0 0 0 0 0 0 0 0 0 0 0 0 0 0 0 0 0 0 0 0 0 0 0 0 0 0 0 0 0 0 0 0 0 0 0 0 0 0 0 0 0 0 0 0 0 0 0 0 0 0 0 0 0 0 0 0 0 0 0 0 0 0 0 0 0 0 0 0 2.65 0 0 0 0 0 0 0 0 0 0.68 0 0 0 0 0 0 0 0 0 1.36 0 0 0 0 0 0 0 0 0 0.75 0 0 0 0 0 0 0 0 0 2.07 0 0 0 0 0 0 0 0 0 2.73 0 0 0 0 0 0 0 0 0 2.98 0 0 0 0 0 0 0 0 0 2.03 0 0 0 0 0 0 0 0 0 1.07 0 0 0 0 0 0 0 0 0 3.16 0 0 0 0 0 0 0 0 0 3.33 0 0 0 0 0 0 0 0 0 3.44 0 0 0 0 0 0 0 0 0 1.73 0 0 0 0 0 0 0 0 0 3.79 0 0 0 0 0 0 0 0 0 0.3 0 0 0 0 0 0 0 0 0 2.3 0 0 0 0 0 0 0 0 0 2.38 0 0 0 0 0 0 0 0 0 4.07 0 0 0 0 0 0 0 0 0 2.06 0 0 0 0 0 0 0 0 0 3.28 0 0 0 1.57 0 0 0.59 0 0 0 0 0 0 1.69 0 0 2.22 0 0 0 0 0 0 0.12 0 0 1.63 0 0 0 0 0 0 2.53 0 0 2.45 0 0 0 0 0 0 2.39 0 0 1.69 0 0 0 0 0 0 4.07 0 0 2.29 0 0 0 0 0 0 2.14 0 0 4.59 0 0 0 0 0 0 2.12 0 0 3.72 0 0 0 0 0 0 3.08 0 0 0.78 0 0 0 0 0 0 0.62 0 0 1.76 0 0 0 0 0 0 0 0 0 0 0 0 0 0 0 0 0 0 0 0 0 0 0 0 0 0 0 0 0 0 0 0 0 0 0 0 0 0 0 0 0 0 0 0 0 0 0 0 0 0 0 0 0 0 0 0 0 0 0 0 0 0 0 0 0 0 0 0 0 0 0 0 0 0 0 0 0 0 0 0 0 0 0 0 0 0 0 0 0 0 0 0 0 0 0 0 0 0 0 0 0 0 0 0 0 0 0 0 0 0 0 0 0.19 0 0 0 0 0 0 0 0 0 0.34 0 0 0 0 0 0 0 0 0 2.73 0 0 0 0 0 0 0 0 0 0.85 0 0 0 0 0 0 0 0 0 1.37 0 0 0 0 0 0 0 0 0 4.88 0 0 0 0 0 0 0 0 0 1.24 0 0 0 0 0 0 0 0 0 2.29 0 0 0 0 0 0 0 0 0 1.11 0 0 0 0 0 0 0 0 0 5.85 0 0 0 0.43 0 0 0.62 0 0 0 0 0 0 3.35 0 0 0.72 0 0 0 0 0 0 1.35 0 0 1.45 0 0 0 0 0 0 1.24 0 0 0.45 0 0 0 0 0 0 3.87 0 0 1.25 0 0 0 0 0 0 0.88 0 0 2.43 0 0 0 0 0 0 1.48 0 0 3.62 0 0 0 0 0 0 1.9 0 0 0.38 0 0 0 0 0 0 3.15 0 0 2.44 0 0 0 0 0 0 0.87 0 0 4.19 0 0 0 0 0 0 0 0 0 0 0 0 0 0 0 0 0 0 0 0 0 0 0 0 0 0 0 0 0 0 0 0 0 0 0 0 0 0 0 0 0 0 0 0 0 0 0 0 0 0 0 0 0 0 0 0 0 0 0 0 0 0 0 0 0 0 0 0 0 0 0 0 0 0 0 0 0 0 0 0 0 0 0 0 0 0 0 0 0 0 0 0 0 0 0 0 0 0 0 0 0 0 0 0 0 0 0 0 0 0 0 0 4.74 0 0 0 0 0 0 0 0 0 4.9 0 0 0 0 0 0 0 0 0 2.45 0 0 0 0 0 0 0 0 0 3.53 0 0 0 0 0 0 0 0 0 3.07 0 0 0 0 0 0 0 0 0 1.84 0 0 0 0 0 0 0 0 0 3.38 0 0 0 0 0 0 0 0 0 1.21 0 0 0 0 0 0 0 0 0 0.2 0 0 0 0 0 0 0 0 0 0.57 0 0 0 0.57 0 0 1.64 0 0 0 0 0 0 0.82 0 0 1.54 0 0 0 0 0 0 1.26 0 0 1.57 0 0 0 0 0 0 3.38 0 0 0.78 0 0 0 0 0 0 2.59 0 0 2.14 0 0 0 0 0 0 0.74 0 0 2.99 0 0 0 0 0 0 5.29 0 0 1.69 0 0 0 0 0 0 0.94 0 0 0.37 0 0 0 0 0 0 0.72 0 0 3 0 0 0 0 0 0 1.18 0 0 0.56 0 0 0 0 0 0 0 0 0 0 0 0 0 0 0 0 0 0 0 0 0 0 0 0 0 0 0 0 0 0 0 0 0 0 0 0 0 0 0 0 0 0 0 0 0 0 0 0 0 0 0 0 0 0 0 0 0 0 0 0 0 0 0 0 0 0 0 0 0 0 0 0 0 0 0 0 0 0 0 0 0 0 0 0 0 0 0 0 0 0 0 0 0 0 0 0 0 0 0 0 0 0 0 0 0 0 0 0 0 0 0 0 2.52 0 0 0 0 0 0 0 0 0 0.09 0 0 0 0 0 0 0 0 0 1.27 0 0 0 0 0 0 0 0 0 1.78 0 0 0 0 0 0 0 0 0 2.87 0 0 0 0 0 0 0 0 0 3.66 0 0 0 0 0 0 0 0 0 2.07 0 0 0 0 0 0 0 0 0 3.3 0 0 0 0 0 0 0 0 0 3.53 0 0 0 0 0 0 0 0 0 5.14 0 0 0 0 0 0 0 0 0 1.53 0 0 0 0 0 0 0 0 0 2.35 0 0 0 0 0 0 0 0 0 1.29 0 0 0 0 0 0 0 0 0 2.77 0 0 0 0 0 0 0 0 0 1.29 0 0 0 0 0 0 0 0 0 0.2 0 0 0 0 0 0 0 0 0 3.83 0 0 0 0 0 0 0 0 0 1.64 0 0 0 0 0 0 0 0 0 0.23 0 0 0 0 0 0 0 0 0 0.63 0 0 0 0.47 0 0 2.69 0 0 0 0 0 0 4.23 0 0 2.78 0 0 0 0 0 0 3.6 0 0 0.87 0 0 0 0 0 0 3.94 0 0 0.56 0 0 0 0 0 0 0.71 0 0 0.62 0 0 0 0 0 0 3.58 0 0 0.39 0 0 0 0 0 0 3.16 0 0 0.76 0 0 0 0 0 0 2.59 0 0 2.33 0 0 0 0 0 0 0.96 0 0 4.64 0 0 0 0 0 0 1.85 0 0 0.75 0 0 0 0 0 0 0 0 0 0 0 0 0 0 0 0 0 0 0 0 0 0 0 0 0 0 0 0 0 0 0 0 0 0 0 0 0 0 0 0 0 0 0 0 0 0 0 0 0 0 0 0 0 0 0 0 0 0 0 0 0 0 0 0 0 0 0 0 0 0 0 0 0 0 0 0 0 0 0 0 0 0 0 0 0 0 0 0 0 0 0 0 0 0 0 0 0 0 0 0 0 0 0 0 0 0 0 0 0 0 0 0 1.82 0 0 0 0 0 0 0 0 0 0.83 0 0 0 0 0 0 0 0 0 3.94 0 0 0 0 0 0 0 0 0 0.55 0 0 0 0 0 0 0 0 0 2.14 0 0 0 0 0 0 0 0 0 1.57 0 0 0 0 0 0 0 0 0 1.13 0 0 0 0 0 0 0 0 0 4.42 0 0 0 0 0 0 0 0 0 2.21 0 0 0 0 0 0 0 0 0 1.2 0 0 0 0.75 0 0 0.94 0 0 0 0 0 0 2.09 0 0 0.96 0 0 0 0 0 0 1.54 0 0 2.21 0 0 0 0 0 0 0.23 0 0 0.61 0 0 0 0 0 0 2.79 0 0 0.48 0 0 0 0 0 0 4.05 0 0 1.34 0 0 0 0 0 0 0.16 0 0 0.46 0 0 0 0 0 0 1.3 0 0 1.06 0 0 0 0 0 0 0.48 0 0 3.41 0 0 0 0 0 0 0.33 0 0 1.61 0 0 0 0 0 0 0 0 0 0 0 0 0 0 0 0 0 0 0 0 0 0 0 0 0 0 0 0 0 0 0 0 0 0 0 0 0 0 0 0 0 0 0 0 0 0 0 0 0 0 0 0 0 0 0 0 0 0 0 0 0 0 0 0 0 0 0 0 0 0 0 0 0 0 0 0 0 0 0 0 0 0 0 0 0 0 0 0 0 0 0 0 0 0 0 0 0 0 0 0 0 0 0 0 0 0 0 0 0 0 0 0 0.91 0 0 0 0 0 0 0 0 0 0.9 0 0 0 0 0 0 0 0 0 1.15 0 0 0 0 0 0 0 0 0 0.98 0 0 0 0 0 0 0 0 0 0.07 0 0 0 0 0 0 0 0 0 1.12 0 0 0 0 0 0 0 0 0 2.08 0 0 0 0 0 0 0 0 0 3.67 0 0 0 0 0 0 0 0 0 0.56 0 0 0 0 0 0 0 0 0 0.45 0 0 0 2.01 0 0 1.41 0 0 0 0 0 0 1.06 0 0 2.67 0 0 0 0 0 0 1.98 0 0 2.53 0 0 0 0 0 0 0.39 0 0 0.39 0 0 0 0 0 0 4.26 0 0 0.37 0 0 0 0 0 0 0.96 0 0 3.54 0 0 0 0 0 0 2.04 0 0 1.83 0 0 0 0 0 0 2.84 0 0 0.37 0 0 0 0 0 0 0.42 0 0 3.73 0 0 0 0 0 0 2.81 0 0 0.91 0 0 0 0 0 0 0 0 0 0 0 0 0 0 0 0 0 0 0 0 0 0 0 0 0 0 0 0 0 0 0 0 0 0 0 0 0 0 0 0 0 0 0 0 0 0 0 0 0 0 0 0 0 0 0 0 0 0 0 0 0 0 0 0 0 0 0 0 0 0 0 0 0 0 0 0 0 0 0 0 0 0 0 0 0 0 0 0 0 0 0 0 0 0 0 0 0 0 0 0 0 0 0 0 0 0 0 0 0 0 0 0 3.57 0 0 0 0 0 0 0 0 0 3.73 0 0 0 0 0 0 0 0 0 1.12 0 0 0 0 0 0 0 0 0 4.86 0 0 0 0 0 0 0 0 0 0.62 0 0 0 0 0 0 0 0 0 0.25 0 0 0 0 0 0 0 0 0 1.6 0 0 0 0 0 0 0 0 0 2.73 0 0 0 0 0 0 0 0 0 4.24 0 0 0 0 0 0 0 0 0 0.37 0 0 0 0 0 0 0 0 0 1.18 0 0 0 0 0 0 0 0 0 1.06 0 0 0 0 0 0 0 0 0 1.57 0 0 0 0 0 0 0 0 0 1.11 0 0 0 0 0 0 0 0 0 4.76 0 0 0 0 0 0 0 0 0 5.48 0 0 0 0 0 0 0 0 0 2.43 0 0 0 0 0 0 0 0 0 0.65 0 0 0 0 0 0 0 0 0 2.79 0 0 0 0 0 0 0 0 0 2.81 0 0 0 0.79 0 0 0.68 0 0 0 0 0 0 0.07 0 0 3.76 0 0 0 0 0 0 2.45 0 0 4.59 0 0 0 0 0 0 4.45 0 0 2.45 0 0 0 0 0 0 3.82 0 0 0.24 0 0 0 0 0 0 0.95 0 0 0.43 0 0 0 0 0 0 0.75 0 0 2.03 0 0 0 0 0 0 0.24 0 0 4.04 0 0 0 0 0 0 1.5 0 0 0.79 0 0 0 0 0 0 0.24 0 0 0.68 0 0 0 0 0 0 0 0 0 0 0 0 0 0 0 0 0 0 0 0 0 0 0 0 0 0 0 0 0 0 0 0 0 0 0 0 0 0 0 0 0 0 0 0 0 0 0 0 0 0 0 0 0 0 0 0 0 0 0 0 0 0 0 0 0 0 0 0 0 0 0 0 0 0 0 0 0 0 0 0 0 0 0 0 0 0 0 0 0 0 0 0 0 0 0 0 0 0 0 0 0 0 0 0 0 0 0 0 0 0 0 0 4.24 0 0 0 0 0 0 0 0 0 0.31 0 0 0 0 0 0 0 0 0 4.39 0 0 0 0 0 0 0 0 0 0.55 0 0 0 0 0 0 0 0 0 0.06 0 0 0 0 0 0 0 0 0 0.66 0 0 0 0 0 0 0 0 0 0.42 0 0 0 0 0 0 0 0 0 0.83 0 0 0 0 0 0 0 0 0 1.63 0 0 0 0 0 0 0 0 0 4 0 0 0 4.16 0 0 1.32 0 0 0 0 0 0 3.19 0 0 2.96 0 0 0 0 0 0 3.96 0 0 0.13 0 0 0 0 0 0 2.03 0 0 4.49 0 0 0 0 0 0 3.66 0 0 0.96 0 0 0 0 0 0 4.65 0 0 0.95 0 0 0 0 0 0 4.38 0 0 6 0 0 0 0 0 0 0.91 0 0 3.8 0 0 0 0 0 0 1.4 0 0 3.21 0 0 0 0 0 0 0.95 0 0 0.39 0 0 0 0 0 0 0 0 0 0 0 0 0 0 0 0 0 0 0 0 0 0 0 0 0 0 0 0 0 0 0 0 0 0 0 0 0 0 0 0 0 0 0 0 0 0 0 0 0 0 0 0 0 0 0 0 0 0 0 0 0 0 0 0 0 0 0 0 0 0 0 0 0 0 0 0 0 0 0 0 0 0 0 0 0 0 0 0 0 0 0 0 0 0 0 0 0 0 0 0 0 0 0 0 0 0 0 0 0 0 0 0 1.23 0 0 0 0 0 0 0 0 0 3.85 0 0 0 0 0 0 0 0 0 2.75 0 0 0 0 0 0 0 0 0 1.66 0 0 0 0 0 0 0 0 0 2.06 0 0 0 0 0 0 0 0 0 1.27 0 0 0 0 0 0 0 0 0 1.89 0 0 0 0 0 0 0 0 0 3.27 0 0 0 0 0 0 0 0 0 1.74 0 0 0 0 0 0 0 0 0 1.55 0 0 0 0.07 0 0 0.96 0 0 0 0 0 0 4.06 0 0 5.48 0 0 0 0 0 0 0.83 0 0 4.9 0 0 0 0 0 0 3.35 0 0 1.94 0 0 0 0 0 0 4.16 0 0 2.18 0 0 0 0 0 0 1.33 0 0 1.03 0 0 0 0 0 0 3.35 0 0 0.81 0 0 0 0 0 0 4.53 0 0 0.27 0 0 0 0 0 0 1.56 0 0 2.93 0 0 0 0 0 0 2.57 0 0 3.73 0 0 0 0 0 0 0 0 0 0 0 0 0 0 0 0 0 0 0 0 0 0 0 0 0 0 0 0 0 0 0 0 0 0 0 0 0 0 0 0 0 0 0 0 0 0 0 0 0 0 0 0 0 0 0 0 0 0 0 0 0 0 0 0 0 0 0 0 0 0 0 0 0 0 0 0 0 0 0 0 0 0 0 0 0 0 0 0 0 0 0 0 0 0 0 0 0 0 0 0 0 0 0 0 0 0 0 0 0 0 0 0 0.99 0 0 0 0 0 0 0 0 0 1.53 0 0 0 0 0 0 0 0 0 2.38 0 0 0 0 0 0 0 0 0 4.28 0 0 0 0 0 0 0 0 0 0.32 0 0 0 0 0 0 0 0 0 1.31 0 0 0 0 0 0 0 0 0 1.38 0 0 0 0 0 0 0 0 0 0.19 0 0 0 0 0 0 0 0 0 1.6 0 0 0 0 0 0 0 0 0 3.86 0 0 0 0 0 0 0 0 0 1.63 0 0 0 0 0 0 0 0 0 3.51 0 0 0 0 0 0 0 0 0 0.4 0 0 0 0 0 0 0 0 0 3.28 0 0 0 0 0 0 0 0 0 0.71 0 0 0 0 0 0 0 0 0 2.58 0 0 0 0 0 0 0 0 0 0.75 0 0 0 0 0 0 0 0 0 5.41 0 0 0 0 0 0 0 0 0 0.25 0 0 0 0 0 0 0 0 0 0.9 0 0 0 1.23 0 0 2.16 0 0 0 0 0 0 0.68 0 0 3.46 0 0 0 0 0 0 0.75 0 0 4.14 0 0 0 0 0 0 2.33 0 0 1.92 0 0 0 0 0 0 0.17 0 0 5.68 0 0 0 0 0 0 0.96 0 0 1.91 0 0 0 0 0 0 2.78 0 0 5.32 0 0 0 0 0 0 1.36 0 0 1.12 0 0 0 0 0 0 2.5 0 0 1.92 0 0 0 0 0 0 2.49 0 0 0.45 0 0 0 0 0 0 0 0 0 0 0 0 0 0 0 0 0 0 0 0 0 0 0 0 0 0 0 0 0 0 0 0 0 0 0 0 0 0 0 0 0 0 0 0 0 0 0 0 0 0 0 0 0 0 0 0 0 0 0 0 0 0 0 0 0 0 0 0 0 0 0 0 0 0 0 0 0 0 0 0 0 0 0 0 0 0 0 0 0 0 0 0 0 0 0 0 0 0 0 0 0 0 0 0 0 0 0 0 0 0 0 0 0.79 0 0 0 0 0 0 0 0 0 0.76 0 0 0 0 0 0 0 0 0 3.21 0 0 0 0 0 0 0 0 0 0.34 0 0 0 0 0 0 0 0 0 1.57 0 0 0 0 0 0 0 0 0 1.94 0 0 0 0 0 0 0 0 0 0.67 0 0 0 0 0 0 0 0 0 3.46 0 0 0 0 0 0 0 0 0 0.31 0 0 0 0 0 0 0 0 0 0.38 0 0 0 1.08 0 0 0.84 0 0 0 0 0 0 4.12 0 0 1.48 0 0 0 0 0 0 2.18 0 0 4.38 0 0 0 0 0 0 4.35 0 0 1.16 0 0 0 0 0 0 0.3 0 0 2.83 0 0 0 0 0 0 0.77 0 0 1.38 0 0 0 0 0 0 0.62 0 0 0.91 0 0 0 0 0 0 0.58 0 0 0.77 0 0 0 0 0 0 4.54 0 0 0.76 0 0 0 0 0 0 2.48 0 0 3.42 0 0 0 0 0 0 0 0 0 0 0 0 0 0 0 0 0 0 0 0 0 0 0 0 0 0 0 0 0 0 0 0 0 0 0 0 0 0 0 0 0 0 0 0 0 0 0 0 0 0 0 0 0 0 0 0 0 0 0 0 0 0 0 0 0 0 0 0 0 0 0 0 0 0 0 0 0 0 0 0 0 0 0 0 0 0 0 0 0 0 0 0 0 0 0 0 0 0 0 0 0 0 0 0 0 0 0 0 0 0 0 0 0.27 0 0 0 0 0 0 0 0 0 0.84 0 0 0 0 0 0 0 0 0 2.38 0 0 0 0 0 0 0 0 0 1.78 0 0 0 0 0 0 0 0 0 2.86 0 0 0 0 0 0 0 0 0 1.76 0 0 0 0 0 0 0 0 0 0.94 0 0 0 0 0 0 0 0 0 0.65 0 0 0 0 0 0 0 0 0 2.17 0 0 0 0 0 0 0 0 0 5.23 0 0 0 3.57 0 0 0.47 0 0 0 0 0 0 1.78 0 0 0.09 0 0 0 0 0 0 4.82 0 0 0.54 0 0 0 0 0 0 6.11 0 0 0.21 0 0 0 0 0 0 1.04 0 0 2.42 0 0 0 0 0 0 0.95 0 0 5.18 0 0 0 0 0 0 2.23 0 0 3.47 0 0 0 0 0 0 2.16 0 0 0.35 0 0 0 0 0 0 1.8 0 0 4.2 0 0 0 0 0 0 2.73 0 0 3.53 0 0 0 0 0 0 0 0 0 0 0 0 0 0 0 0 0 0 0 0 0 0 0 0 0 0 0 0 0 0 0 0 0 0 0 0 0 0 0 0 0 0 0 0 0 0 0 0 0 0 0 0 0 0 0 0 0 0 0 0 0 0 0 0 0 0 0 0 0 0 0 0 0 0 0 0 0 0 0 0 0 0 0 0 0 0 0 0 0 0 0 0 0 0 0 0 0 0 0 0 0 0 0 0 0 0 0 0 0 0 0 0 0.69 0 0 0 0 0 0 0 0 0 1.45 0 0 0 0 0 0 0 0 0 0.08 0 0 0 0 0 0 0 0 0 0.73 0 0 0 0 0 0 0 0 0 5.38 0 0 0 0 0 0 0 0 0 2.85 0 0 0 0 0 0 0 0 0 2.28 0 0 0 0 0 0 0 0 0 5.09 0 0 0 0 0 0 0 0 0 2.09 0 0 0 0 0 0 0 0 0 0.3 0 0 
0 0 0 0 0 0 0 0.92 0 0 0 0 0 0 0 0 0 5.68 0 0 0 0 0 0 0 0 0 2.86 0 0 0 0 0 0 0 0 0 0.18 0 0 0 0 0 0 0 0 0 2.38 0 0 0 0 0 0 0 0 0 2.57 0 0 0 0 0 0 0 0 0 2.31 0 0 0 0 0 0 0 0 0 0.21 0 0 0 0 0 0 0 0 0 0.5 0 0 0 0 0 0 0 0 0 2.48 0 0 0 0.86 0 0 4.96 0 0 0 0 0 0 1.11 0 0 1.03 0 0 0 0 0 0 2.02 0 0 2.82 0 0 0 0 0 0 0.53 0 0 3.61 0 0 0 0 0 0 0.55 0 0 1.29 0 0 0 0 0 0 0.52 0 0 2.39 0 0 0 0 0 0 1.79 0 0 2.26 0 0 0 0 0 0 1.36 0 0 4.07 0 0 0 0 0 0 0.12 0 0 0.44 0 0 0 0 0 0 4.04 0 0 3.05 0 0 0 0 0 0 0 0 0 0 0 0 0 0 0 0 0 0 0 0 0 0 0 0 0 0 0 0 0 0 0 0 0 0 0 0 0 0 0 0 0 0 0 0 0 0 0 0 0 0 0 0 0 0 0 0 0 0 0 0 0 0 0 0 0 0 0 0 0 0 0 0 0 0 0 0 0 0 0 0 0 0 0 0 0 0 0 0 0 0 0 0 0 0 0 0 0 0 0 0 0 0 0 0 0 0 0 0 0 0 0 0 4.42 0 0 0 0 0 0 0 0 0 0.81 0 0 0 0 0 0 0 0 0 3.21 0 0 0 0 0 0 0 0 0 4.1 0 0 0 0 0 0 0 0 0 0.42 0 0 0 0 0 0 0 0 0 1.22 0 0 0 0 0 0 0 0 0 4.38 0 0 0 0 0 0 0 0 0 1.27 0 0 0 0 0 0 0 0 0 0.1 0 0 0 0 0 0 0 0 0 0.2 0 0 0 1.15 0 0 1.1 0 0 0 0 0 0 3.44 0 0 2.5 0 0 0 0 0 0 1.31 0 0 0.84 0 0 0 0 0 0 1.87 0 0 1.06 0 0 0 0 0 0 4.26 0 0 0.79 0 0 0 0 0 0 0.29 0 0 0.4 0 0 0 0 0 0 4.45 0 0 2.34 0 0 0 0 0 0 4.55 0 0 3.3 0 0 0 0 0 0 0.83 0 0 0.91 0 0 0 0 0 0 3.13 0 0 2.66 0 0 0 0 0 0 0 0 0 0 0 0 0 0 0 0 0 0 0 0 0 0 0 0 0 0 0 0 0 0 0 0 0 0 0 0 0 0 0 0 0 0 0 0 0 0 0 0 0 0 0 0 0 0 0 0 0 0 0 0 0 0 0 0 0 0 0 0 0 0 0 0 0 0 0 0 0 0 0 0 0 0 0 0 0 0 0 0 0 0 0 0 0 0 0 0 0 0 0 0 0 0 0 0 0 0 0 0 0 0 0 0 2.48 0 0 0 0 0 0 0 0 0 4.83 0 0 0 0 0 0 0 0 0 5 0 0 0 0 0 0 0 0 0 2.24 0 0 0 0 0 0 0 0 0 0.88 0 0 0 0 0 0 0 0 0 0.16 0 0 0 0 0 0 0 0 0 1.63 0 0 0 0 0 0 0 0 0 0.84 0 0 0 0 0 0 0 0 0 5.94 0 0 0 0 0 0 0 0 0 2.04 0 0 0 4.65 0 0 1.72 0 0 0 0 0 0 1.6 0 0 2.26 0 0 0 0 0 0 0.68 0 0 0.8 0 0 0 0 0 0 0.77 0 0 0.36 0 0 0 0 0 0 1.01 0 0 2.97 0 0 0 0 0 0 3.95 0 0 1.47 0 0 0 0 0 0 2.02 0 0 3.62 0 0 0 0 0 0 0.16 0 0 2.41 0 0 0 0 0 0 4.73 0 0 4.41 0 0 0 0 0 0 4.62 0 0 0.78 0 0 0 0 0 0 0 0 0 0 0 0 0 0 0 0 0 0 0 0 0 0 0 0 0 0 0 0 0 0 0 0 0 0 0 0 0 0 0 0 0 0 0 0 0 0 0 0 0 0 0 0 0 0 0 0 0 0 0 0 0 0 0 0 0 0 0 0 0 0 0 0 0 0 0 0 0 0 0 0 0 0 0 0 0 0 0 0 0 0 0 0 0 0 0 0 0 0 0 0 0 0 0 0 0 0 0 0 0 0 0 0 0.64 0 0 0 0 0 0 0 0 0 0.78 0 0 0 0 0 0 0 0 0 3.22 0 0 0 0 0 0 0 0 0 1.57 0 0 0 0 0 0 0 0 0 0.78 0 0 0 0 0 0 0 0 0 0.6 0 0 0 0 0 0 0 0 0 0.83 0 0 0 0 0 0 0 0 0 0.48 0 0 0 0 0 0 0 0 0 3.55 0 0 0 0 0 0 0 0 0 0.53 0 0 0 0 0 0 0 0 0 1.41 0 0 0 0 0 0 0 0 0 5.73 0 0 0 0 0 0 0 0 0 3.21 0 0 0 0 0 0 0 0 0 4.61 0 0 0 0 0 0 0 0 0 4.49 0 0 0 0 0 0 0 0 0 0.82 0 0 0 0 0 0 0 0 0 0.98 0 0 0 0 0 0 0 0 0 3.52 0 0 0 0 0 0 0 0 0 2.86 0 0 0 0 0 0 0 0 0 2.35 0 0 0 4.65 0 0 1.29 0 0 0 0 0 0 1.39 0 0 1.7 0 0 0 0 0 0 3.08 0 0 2.77 0 0 0 0 0 0 3.61 0 0 5.6 0 0 0 0 0 0 2.25 0 0 1.42 0 0 0 0 0 0 4.89 0 0 4.25 0 0 0 0 0 0 3.59 0 0 5.34 0 0 0 0 0 0 3.39 0 0 4.16 0 0 0 0 0 0 0.39 0 0 1.99 0 0 0 0 0 0 2.44 0 0 2.07 0 0 0 0 0 0 0 0 0 0 0 0 0 0 0 0 0 0 0 0 0 0 0 0 0 0 0 0 0 0 0 0 0 0 0 0 0 0 0 0 0 0 0 0 0 0 0 0 0 0 0 0 0 0 0 0 0 0 0 0 0 0 0 0 0 0 0 0 0 0 0 0 0 0 0 0 0 0 0 0 0 0 0 0 0 0 0 0 0 0 0 0 0 0 0 0 0 0 0 0 0 0 0 0 0 0 0 0 0 0 0 0 3.32 0 0 0 0 0 0 0 0 0 0.64 0 0 0 0 0 0 0 0 0 4.73 0 0 0 0 0 0 0 0 0 0.68 0 0 0 0 0 0 0 0 0 2.63 0 0 0 0 0 0 0 0 0 5.48 0 0 0 0 0 0 0 0 0 1.35 0 0 0 0 0 0 0 0 0 0.61 0 0 0 0 0 0 0 0 0 1.35 0 0 0 0 0 0 0 0 0 1.68 0 0 0 3.59 0 0 0.57 0 0 0 0 0 0 1.57 0 0 0.09 0 0 0 0 0 0 2.43 0 0 4.04 0 0 0 0 0 0 5.34 0 0 3.37 0 0 0 0 0 0 4.55 0 0 2.93 0 0 0 0 0 0 4.33 0 0 4.96 0 0 0 0 0 0 5.35 0 0 0.72 0 0 0 0 0 0 3.43 0 0 1.06 0 0 0 0 0 0 0.4 0 0 5.18 0 0 0 0 0 0 0.32 0 0 3.59 0 0 0 0 0 0 0 0 0 0 0 0 0 0 0 0 0 0 0 0 0 0 0 0 0 0 0 0 0 0 0 0 0 0 0 0 0 0 0 0 0 0 0 0 0 0 0 0 0 0 0 0 0 0 0 0 0 0 0 0 0 0 0 0 0 0 0 0 0 0 0 0 0 0 0 0 0 0 0 0 0 0 0 0 0 0 0 0 0 0 0 0 0 0 0 0 0 0 0 0 0 0 0 0 0 0 0 0 0 0 0 0 3.76 0 0 0 0 0 0 0 0 0 0.15 0 0 0 0 0 0 0 0 0 2.73 0 0 0 0 0 0 0 0 0 4.9 0 0 0 0 0 0 0 0 0 0.53 0 0 0 0 0 0 0 0 0 3.54 0 0 0 0 0 0 0 0 0 3.28 0 0 0 0 0 0 0 0 0 0.66 0 0 0 0 0 0 0 0 0 4.8 0 0 0 0 0 0 0 0 0 2.56 0 0 0 3.57 0 0 1.92 0 0 0 0 0 0 2.35 0 0 2.75 0 0 0 0 0 0 3.35 0 0 3.1 0 0 0 0 0 0 1.11 0 0 4.16 0 0 0 0 0 0 0.35 0 0 1.62 0 0 0 0 0 0 1.54 0 0 3.91 0 0 0 0 0 0 0.13 0 0 0.51 0 0 0 0 0 0 3.02 0 0 0.69 0 0 0 0 0 0 0.75 0 0 0.77 0 0 0 0 0 0 4.03 0 0 0.38 0 0 0 0 0 0 0 0 0 0 0 0 0 0 0 0 0 0 0 0 0 0 0 0 0 0 0 0 0 0 0 0 0 0 0 0 0 0 0 0 0 0 0 0 0 0 0 0 0 0 0 0 0 0 0 0 0 0 0 0 0 0 0 0 0 0 0 0 0 0 0 0 0 0 0 0 0 0 0 0 0 0 0 0 0 0 0 0 0 0 0 0 0 0 0 0 0 0 0 0 0 0 0 0 0 0 0 0 0 0 0 0 0.38 0 0 0 0 0 0 0 0 0 0.6 0 0 0 0 0 0 0 0 0 1.91 0 0 0 0 0 0 0 0 0 3.73 0 0 0 0 0 0 0 0 0 2.49 0 0 0 0 0 0 0 0 0 5.2 0 0 0 0 0 0 0 0 0 0.52 0 0 0 0 0 0 0 0 0 0.55 0 0 0 0 0 0 0 0 0 4.52 0 0 0 0 0 0 0 0 0 2.33 0 0 0 0 0 0 0 0 0 2.93 0 0 0 0 0 0 0 0 0 0.81 0 0 0 0 0 0 0 0 0 0.79 0 0 0 0 0 0 0 0 0 2.66 0 0 0 0 0 0 0 0 0 1.3 0 0 0 0 0 0 0 0 0 0.15 0 0 0 0 0 0 0 0 0 3.74 0 0 0 0 0 0 0 0 0 2.57 0 0 0 0 0 0 0 0 0 2.95 0 0 0 0 0 0 0 0 0 2.33 0 0 0 1.71 0 0 0.46 0 0 0 0 0 0 0.13 0 0 3.46 0 0 0 0 0 0 1.95 0 0 0.9 0 0 0 0 0 0 1.82 0 0 3.82 0 0 0 0 0 0 0.85 0 0 2.69 0 0 0 0 0 0 2.99 0 0 3.73 0 0 0 0 0 0 2.82 0 0 1.52 0 0 0 0 0 0 1.9 0 0 0.59 0 0 0 0 0 0 4.94 0 0 0.7 0 0 0 0 0 0 2.67 0 0 1.84 0 0 0 0 0 0 0 0 0 0 0 0 0 0 0 0 0 0 0 0 0 0 0 0 0 0 0 0 0 0 0 0 0 0 0 0 0 0 0 0 0 0 0 0 0 0 0 0 0 0 0 0 0 0 0 0 0 0 0 0 0 0 0 0 0 0 0 0 0 0 0 0 0 0 0 0 0 0 0 0 0 0 0 0 0 0 0 0 0 0 0 0 0 0 0 0 0 0 0 0 0 0 0 0 0 0 0 0 0 0 0 0 2.23 0 0 0 0 0 0 0 0 0 0.64 0 0 0 0 0 0 0 0 0 1.18 0 0 0 0 0 0 0 0 0 2.09 0 0 0 0 0 0 0 0 0 1.1 0 0 0 0 0 0 0 0 0 0.24 0 0 0 0 0 0 0 0 0 3.91 0 0 0 0 0 0 0 0 0 0.14 0 0 0 0 0 0 0 0 0 3.07 0 0 0 0 0 0 0 0 0 4.87 0 0 0 5.3 0 0 0.03 0 0 0 0 0 0 1.39 0 0 2.07 0 0 0 0 0 0 1.66 0 0 4.29 0 0 0 0 0 0 3.81 0 0 0.9 0 0 0 0 0 0 0.58 0 0 0.35 0 0 0 0 0 0 0.45 0 0 5.22 0 0 0 0 0 0 3.54 0 0 3.04 0 0 0 0 0 0 4.78 0 0 1.51 0 0 0 0 0 0 4.9 0 0 4.37 0 0 0 0 0 0 0.88 0 0 1.84 0 0 0 0 0 0 0 0 0 0 0 0 0 0 0 0 0 0 0 0 0 0 0 0 0 0 0 0 0 0 0 0 0 0 0 0 0 0 0 0 0 0 0 0 0 0 0 0 0 0 0 0 0 0 0 0 0 0 0 0 0 0 0 0 0 0 0 0 0 0 0 0 0 0 0 0 0 0 0 0 0 0 0 0 0 0 0 0 0 0 0 0 0 0 0 0 0 0 0 0 0 0 0 0 0 0 0 0 0 0 0 0 3.4 0 0 0 0 0 0 0 0 0 0.47 0 0 0 0 0 0 0 0 0 0.22 0 0 0 0 0 0 0 0 0 1.84 0 0 0 0 0 0 0 0 0 3.95 0 0 0 0 0 0 0 0 0 3.74 0 0 0 0 0 0 0 0 0 0.17 0 0 0 0 0 0 0 0 0 4.91 0 0 0 0 0 0 0 0 0 3.5 0 0 0 0 0 0 0 0 0 4.57 0 0 0 0.76 0 0 0.09 0 0 0 0 0 0 0.32 0 0 0.07 0 0 0 0 0 0 2.16 0 0 3.25 0 0 0 0 0 0 0.06 0 0 1.04 0 0 0 0 0 0 2.68 0 0 0.23 0 0 0 0 0 0 4.07 0 0 4.37 0 0 0 0 0 0 0.41 0 0 0.25 0 0 0 0 0 0 2.27 0 0 5.17 0 0 0 0 0 0 1.51 0 0 4.38 0 0 0 0 0 0 2.28 0 0 5.24 0 0 0 0 0 0 0 0 0 0 0 0 0 0 0 0 0 0 0 0 0 0 0 0 0 0 0 0 0 0 0 0 0 0 0 0 0 0 0 0 0 0 0 0 0 0 0 0 0 0 0 0 0 0 0 0 0 0 0 0 0 0 0 0 0 0 0 0 0 0 0 0 0 0 0 0 0 0 0 0 0 0 0 0 0 0 0 0 0 0 0 0 0 0 0 0 0 0 0 0 0 0 0 0 0 0 0 0 0 0 0 0 0.95 0 0 0 0 0 0 0 0 0 0.61 0 0 0 0 0 0 0 0 0 2.9 0 0 0 0 0 0 0 0 0 1.97 0 0 0 0 0 0 0 0 0 2.99 0 0 0 0 0 0 0 0 0 2.42 0 0 0 0 0 0 0 0 0 0.79 0 0 0 0 0 0 0 0 0 2.93 0 0 0 0 0 0 0 0 0 5.18 0 0 0 0 0 0 0 0 0 1.37 0 0 0 0 0 0 0 0 0 4.05 0 0 0 0 0 0 0 0 0 1.78 0 0 0 0 0 0 0 0 0 3.51 0 0 0 0 0 0 0 0 0 4.56 0 0 0 0 0 0 0 0 0 2.81 0 0 0 0 0 0 0 0 0 0.9 0 0 0 0 0 0 0 0 0 3.77 0 0 0 0 0 0 0 0 0 5.62 0 0 0 0 0 0 0 0 0 2.65 0 0 0 0 0 0 0 0 0 1.15 0 0 0 1.05 0 0 2.05 0 0 0 0 0 0 2.38 0 0 1.31 0 0 0 0 0 0 2.89 0 0 0.18 0 0 0 0 0 0 0.38 0 0 0.96 0 0 0 0 0 0 3 0 0 0.27 0 0 0 0 0 0 0.24 0 0 0.29 0 0 0 0 0 0 1.81 0 0 1.36 0 0 0 0 0 0 4.92 0 0 2.25 0 0 0 0 0 0 0.41 0 0 1.02 0 0 0 0 0 0 0.42 0 0 1.23 0 0 0 0 0 0 0 0 0 0 0 0 0 0 0 0 0 0 0 0 0 0 0 0 0 0 0 0 0 0 0 0 0 0 0 0 0 0 0 0 0 0 0 0 0 0 0 0 0 0 0 0 0 0 0 0 0 0 0 0 0 0 0 0 0 0 0 0 0 0 0 0 0 0 0 0 0 0 0 0 0 0 0 0 0 0 0 0 0 0 0 0 0 0 0 0 0 0 0 0 0 0 0 0 0 0 0 0 0 0 0 0 1.33 0 0 0 0 0 0 0 0 0 1.47 0 0 0 0 0 0 0 0 0 3.73 0 0 0 0 0 0 0 0 0 3.26 0 0 0 0 0 0 0 0 0 2.77 0 0 0 0 0 0 0 0 0 4.15 0 0 0 0 0 0 0 0 0 0.43 0 0 0 0 0 0 0 0 0 1.3 0 0 0 0 0 0 0 0 0 4.13 0 0 0 0 0 0 0 0 0 0.1 0 0 0 1.32 0 0 1.86 0 0 0 0 0 0 0.81 0 0 0.52 0 0 0 0 0 0 2.65 0 0 2.05 0 0 0 0 0 0 1.05 0 0 0.4 0 0 0 0 0 0 4.54 0 0 3.1 0 0 0 0 0 0 3.4 0 0 3.68 0 0 0 0 0 0 3.01 0 0 4.17 0 0 0 0 0 0 2.04 0 0 3.9 0 0 0 0 0 0 3.87 0 0 0.23 0 0 0 0 0 0 3.39 0 0 0.98 0 0 0 0 0 0 0 0 0 0 0 0 0 0 0 0 0 0 0 0 0 0 0 0 0 0 0 0 0 0 0 0 0 0 0 0 0 0 0 0 0 0 0 0 0 0 0 0 0 0 0 0 0 0 0 0 0 0 0 0 0 0 0 0 0 0 0 0 0 0 0 0 0 0 0 0 0 0 0 0 0 0 0 0 0 0 0 0 0 0 0 0 0 0 0 0 0 0 0 0 0 0 0 0 0 0 0 0 0 0 0 0 5.18 0 0 0 0 0 0 0 0 0 0.88 0 0 0 0 0 0 0 0 0 0.5 0 0 0 0 0 0 0 0 0 0.62 0 0 0 0 0 0 0 0 0 1.63 0 0 0 0 0 0 0 0 0 0.09 0 0 0 0 0 0 0 0 0 0.49 0 0 0 0 0 0 0 0 0 2.24 0 0 0 0 0 0 0 0 0 0.31 0 0 0 0 0 0 0 0 0 4.58 0 0 0 4.94 0 0 3.12 0 0 0 0 0 0 2.52 0 0 5.38 0 0 0 0 0 0 0.97 0 0 0.57 0 0 0 0 0 0 0.28 0 0 0.05 0 0 0 0 0 0 2.78 0 0 0.28 0 0 0 0 0 0 2.48 0 0 0.73 0 0 0 0 0 0 3.18 0 0 3.2 0 0 0 0 0 0 5.59 0 0 0.62 0 0 0 0 0 0 4.13 0 0 5.89 0 0 0 0 0 0 1.06 0 0 1.68 0 0 0 0 0 0 0 0 0 0 0 0 0 0 0 0 0 0 0 0 0 0 0 0 0 0 0 0 0 0 0 0 0 0 0 0 0 0 0 0 0 0 0 0 0 0 0 0 0 0 0 0 0 0 0 0 0 0 0 0 0 0 0 0 0 0 0 0 0 0 0 0 0 0 0 0 0 0 0 0 0 0 0 0 0 0 0 0 0 0 0 0 0 0 0 0 0 0 0 0 0 0 0 0 0 0 0 0 0 0 0 0 1.54 0 0 0 0 0 0 0 0 0 0.94 0 0 0 0 0 0 0 0 0 4.02 0 0 0 0 0 0 0 0 0 0.68 0 0 0 0 0 0 0 0 0 3.49 0 0 0 0 0 0 0 0 0 2.09 0 0 0 0 0 0 0 0 0 0.99 0 0 0 0 0 0 0 0 0 0.43 0 0 0 0 0 0 0 0 0 1.31 0 0 0 0 0 0 0 0 0 2.39 0 0 0 0 0 0 0 0 0 1.4 0 0 0 0 0 0 0 0 0 0.28 0 0 0 0 0 0 0 0 0 1.3 0 0 0 0 0 0 0 0 0 1.43 0 0 0 0 0 0 0 0 0 1.58 0 0 0 0 0 0 0 0 0 2.68 0 0 0 0 0 0 0 0 0 1.71 0 0 0 0 0 0 0 0 0 6.09 0 0 0 0 0 0 0 0 0 3.79 0 0 0 0 0 0 0 0 0 2.25 0 0 0 0.57 0 0 2.5 0 0 0 0 0 0 3.63 0 0 1.81 0 0 0 0 0 0 0.76 0 0 0.94 0 0 0 0 0 0 3.53 0 0 0.81 0 0 0 0 0 0 0.5 0 0 4.35 0 0 0 0 0 0 3.01 0 0 1.58 0 0 0 0 0 0 0.77 0 0 0.8 0 0 0 0 0 0 0.54 0 0 3.71 0 0 0 0 0 0 0.59 0 0 1.96 0 0 0 0 0 0 5.12 0 0 1.36 0 0 0 0 0 0 0 0 0 0 0 0 0 0 0 0 0 0 0 0 0 0 0 0 0 0 0 0 0 0 0 0 0 0 0 0 0 0 0 0 0 0 0 0 0 0 0 0 0 0 0 0 0 0 0 0 0 0 0 0 0 0 0 0 0 0 0 0 0 0 0 0 0 0 0 0 0 0 0 0 0 0 0 0 0 0 0 0 0 0 0 0 0 0 0 0 0 0 0 0 0 0 0 0 0 0 0 0 0 0 0 0 1.31 0 0 0 0 0 0 0 0 0 2.91 0 0 0 0 0 0 0 0 0 1.43 0 0 0 0 0 0 0 0 0 3.36 0 0 0 0 0 0 0 0 0 0.14 0 0 0 0 0 0 0 0 0 1.3 0 0 0 0 0 0 0 0 0 0.1 0 0 0 0 0 0 0 0 0 0.43 0 0 0 0 0 0 0 0 0 2.86 0 0 0 0 0 0 0 0 0 0.23 0 0 0 2.7 0 0 4.07 0 0 0 0 0 0 5.63 0 0 0.41 0 0 0 0 0 0 2.89 0 0 3.53 0 0 0 0 0 0 0.61 0 0 4.73 0 0 0 0 0 0 1.84 0 0 1.49 0 0 0 0 0 0 3.6 0 0 0.06 0 0 0 0 0 0 1.4 0 0 1.43 0 0 0 0 0 0 0.39 0 0 0.95 0 0 0 0 0 0 0.3 0 0 1.91 0 0 0 0 0 0 3.09 0 0 1.05 0 0 0 0 0 0 0 0 0 0 0 0 0 0 0 0 0 0 0 0 0 0 0 0 0 0 0 0 0 0 0 0 0 0 0 0 0 0 0 0 0 0 0 0 0 0 0 0 0 0 0 0 0 0 0 0 0 0 0 0 0 0 0 0 0 0 0 0 0 0 0 0 0 0 0 0 0 0 0 0 0 0 0 0 0 0 0 0 0 0 0 0 0 0 0 0 0 0 0 0 0 0 0 0 0 0 0 0 0 0 0 0 2.12 0 0 0 0 0 0 0 0 0 1.36 0 0 0 0 0 0 0 0 0 2.2 0 0 0 0 0 0 0 0 0 3.14 0 0 0 0 0 0 0 0 0 4.27 0 0 0 0 0 0 0 0 0 2.2 0 0 0 0 0 0 0 0 0 3.69 0 0 0 0 0 0 0 0 0 1.89 0 0 0 0 0 0 0 0 0 1.98 0 0 0 0 0 0 0 0 0 4.62 0 0 0 2.54 0 0 0.71 0 0 0 0 0 0 4.25 0 0 2 0 0 0 0 0 0 3.79 0 0 0.12 0 0 0 0 0 0 1.28 0 0 0.26 0 0 0 0 0 0 1.22 0 0 5.09 0 0 0 0 0 0 1.42 0 0 0.18 0 0 0 0 0 0 2.03 0 0 0.54 0 0 0 0 0 0 1.31 0 0 3.19 0 0 0 0 0 0 0.52 0 0 1.17 0 0 0 0 0 0 5.1 0 0 3.08 0 0 0 0 0 0 0 0 0 0 0 0 0 0 0 0 0 0 0 0 0 0 0 0 0 0 0 0 0 0 0 0 0 0 0 0 0 0 0 0 0 0 0 0 0 0 0 0 0 0 0 0 0 0 0 0 0 0 0 0 0 0 0 0 0 0 0 0 0 0 0 0 0 0 0 0 0 0 0 0 0 0 0 0 0 0 0 0 0 0 0 0 0 0 0 0 0 0 0 0 0 0 0 0 0 0 0 0 0 0 0 0 3.84 0 0 0 0 0 0 0 0 0 1.26 0 0 0 0 0 0 0 0 0 0.79 0 0 0 0 0 0 0 0 0 1.34 0 0 0 0 0 0 0 0 0 1.41 0 0 0 0 0 0 0 0 0 2.5 0 0 0 0 0 0 0 0 0 4.29 0 0 0 0 0 0 0 0 0 5.41 0 0 0 0 0 0 0 0 0 0.72 0 0 0 0 0 0 0 0 0 0.96 0 0 0 0 0 0 0 0 0 2.08 0 0 0 0 0 0 0 0 0 1.21 0 0 0 0 0 0 0 0 0 2.8 0 0 0 0 0 0 0 0 0 2.43 0 0 0 0 0 0 0 0 0 5.42 0 0 0 0 0 0 0 0 0 2.21 0 0 0 0 0 0 0 0 0 3.52 0 0 0 0 0 0 0 0 0 1.06 0 0 0 0 0 0 0 0 0 4.3 0 0 0 0 0 0 0 0 0 1.4 0 0 0 0.08 0 0 3.55 0 0 0 0 0 0 1.48 0 0 3.42 0 0 0 0 0 0 3.73 0 0 4.13 0 0 0 0 0 0 0.37 0 0 0.25 0 0 0 0 0 0 1.67 0 0 0.12 0 0 0 0 0 0 0.6 0 0 5.66 0 0 0 0 0 0 0.97 0 0 0.64 0 0 0 0 0 0 3.91 0 0 0.96 0 0 0 0 0 0 0.46 0 0 3.77 0 0 0 0 0 0 1.52 0 0 0.57 0 0 0 0 0 0 0 0 0 0 0 0 0 0 0 0 0 0 0 0 0 0 0 0 0 0 0 0 0 0 0 0 0 0 0 0 0 0 0 0 0 0 0 0 0 0 0 0 0 0 0 0 0 0 0 0 0 0 0 0 0 0 0 0 0 0 0 0 0 0 0 0 0 0 0 0 0 0 0 0 0 0 0 0 0 0 0 0 0 0 0 0 0 0 0 0 0 0 0 0 0 0 0 0 0 0 0 0 0 0 0 0 1.62 0 0 0 0 0 0 0 0 0 3.87 0 0 0 0 0 0 0 0 0 3.66 0 0 0 0 0 0 0 0 0 0.5 0 0 0 0 0 0 0 0 0 3.81 0 0 0 0 0 0 0 0 0 4.12 0 0 0 0 0 0 0 0 0 0.32 0 0 0 0 0 0 0 0 0 3.5 0 0 0 0 0 0 0 0 0 1.27 0 0 0 0 0 0 0 0 0 5.96 0 0 0 2.19 0 0 0.54 0 0 0 0 0 0 1.22 0 0 4.13 0 0 0 0 0 0 3.42 0 0 1.01 0 0 0 0 0 0 2.7 0 0 0.27 0 0 0 0 0 0 4.19 0 0 0.38 0 0 0 0 0 0 1.62 0 0 0.58 0 0 0 0 0 0 5.17 0 0 5.28 0 0 0 0 0 0 4.23 0 0 2.94 0 0 0 0 0 0 5.23 0 0 1.34 0 0 0 0 0 0 3.67 0 0 1.68 0 0 0 0 0 0 0 0 0 0 0 0 0 0 0 0 0 0 0 0 0 0 0 0 0 0 0 0 0 0 0 0 0 0 0 0 0 0 0 0 0 0 0 0 0 0 0 0 0 0 0 0 0 0 0 0 0 0 0 0 0 0 0 0 0 0 0 0 0 0 0 0 0 0 0 0 0 0 0 0 0 0 0 0 0 0 0 0 0 0 0 0 0 0 0 0 0 0 0 0 0 0 0 0 0 0 0 0 0 0 0 0 4.41 0 0 0 0 0 0 0 0 0 3.01 0 0 0 0 0 0 0 0 0 4.28 0 0 0 0 0 0 0 0 0 3.24 0 0 0 0 0 0 0 0 0 1.49 0 0 0 0 0 0 0 0 0 1.08 0 0 0 0 0 0 0 0 0 0.15 0 0 0 0 0 0 0 0 0 1.43 0 0 0 0 0 0 0 0 0 4.6 0 0 0 0 0 0 0 0 0 4.83 0 0 0 0.89 0 0 0.18 0 0 0 0 0 0 0.74 0 0 0.35 0 0 0 0 0 0 0.15 0 0 0.49 0 0 0 0 0 0 1.51 0 0 4.29 0 0 0 0 0 0 2.15 0 0 2.16 0 0 0 0 0 0 1.94 0 0 1.56 0 0 0 0 0 0 1.67 0 0 0.77 0 0 0 0 0 0 2.29 0 0 2.31 0 0 0 0 0 0 0.69 0 0 0.77 0 0 0 0 0 0 0.23 0 0 2.15 0 0 0 0 0 0 0 0 0 0 0 0 0 0 0 0 0 0 0 0 0 0 0 0 0 0 0 0 0 0 0 0 0 0 0 0 0 0 0 0 0 0 0 0 0 0 0 0 0 0 0 0 0 0 0 0 0 0 0 0 0 0 0 0 0 0 0 0 0 0 0 0 0 0 0 0 0 0 0 0 0 0 0 0 0 0 0 0 0 0 0 0 0 0 0 0 0 0 0 0 0 0 0 0 0 0 0 0 0 0 0 0 2.63 0 0 0 0 0 0 0 0 0 1.03 0 0 0 0 0 0 0 0 0 1.3 0 0 0 0 0 0 0 0 0 0.86 0 0 0 0 0 0 0 0 0 2.46 0 0 0 0 0 0 0 0 0 2.6 0 0 0 0 0 0 0 0 0 2.76 0 0 0 0 0 0 0 0 0 2.18 0 0 0 0 0 0 0 0 0 1.16 0 0 0 0 0 0 0 0 0 3.3 0 0 0 0 0 0 0 0 0 3.16 0 0 0 0 0 0 0 0 0 3.53 0 0 0 0 0 0 0 0 0 1.84 0 0 0 0 0 0 0 0 0 3.77 0 0 0 0 0 0 0 0 0 0.43 0 0 0 0 0 0 0 0 0 2.35 0 0 0 0 0 0 0 0 0 2.03 0 0 0 0 0 0 0 0 0 4.25 0 0 0 0 0 0 0 0 0 2 0 0 0 0 0 0 0 0 0 3.44 0 0 0 1.57 0 0 0.84 0 0 0 0 0 0 1.73 0 0 2.27 0 0 0 0 0 0 0.15 0 0 1.66 0 0 0 0 0 0 2.46 0 0 2.26 0 0 0 0 0 0 2.58 0 0 1.64 0 0 0 0 0 0 3.91 0 0 2.08 0 0 0 0 0 0 2.1 0 0 4.47 0 0 0 0 0 0 2.37 0 0 3.76 0 0 0 0 0 0 3.06 0 0 0.57 0 0 0 0 0 0 0.58 0 0 1.93 0 0 0 0 0 0 0 0 0 0 0 0 0 0 0 0 0 0 0 0 0 0 0 0 0 0 0 0 0 0 0 0 0 0 0 0 0 0 0 0 0 0 0 0 0 0 0 0 0 0 0 0 0 0 0 0 0 0 0 0 0 0 0 0 0 0 0 0 0 0 0 0 0 0 0 0 0 0 0 0 0 0 0 0 0 0 0 0 0 0 0 0 0 0 0 0 0 0 0 0 0 0 0 0 0 0 0 0 0 0 0 0 0.14 0 0 0 0 0 0 0 0 0 0.23 0 0 0 0 0 0 0 0 0 2.63 0 0 0 0 0 0 0 0 0 0.76 0 0 0 0 0 0 0 0 0 1.51 0 0 0 0 0 0 0 0 0 4.71 0 0 0 0 0 0 0 0 0 1.21 0 0 0 0 0 0 0 0 0 2.08 0 0 0 0 0 0 0 0 0 0.92 0 0 0 0 0 0 0 0 0 5.56 0 0 0 0.5 0 0 0.65 0 0 0 0 0 0 3.39 0 0 0.72 0 0 0 0 0 0 1.52 0 0 1.58 0 0 0 0 0 0 1.39 0 0 0.56 0 0 0 0 0 0 4.17 0 0 1.07 0 0 0 0 0 0 0.87 0 0 2.46 0 0 0 0 0 0 1.3 0 0 3.66 0 0 0 0 0 0 1.89 0 0 0.36 0 0 0 0 0 0 3.26 0 0 2.5 0 0 0 0 0 0 0.81 0 0 4.27 0 0 0 0 0 0 0 0 0 0 0 0 0 0 0 0 0 0 0 0 0 0 0 0 0 0 0 0 0 0 0 0 0 0 0 0 0 0 0 0 0 0 0 0 0 0 0 0 0 0 0 0 0 0 0 0 0 0 0 0 0 0 0 0 0 0 0 0 0 0 0 0 0 0 0 0 0 0 0 0 0 0 0 0 0 0 0 0 0 0 0 0 0 0 0 0 0 0 0 0 0 0 0 0 0 0 0 0 0 0 0 0 4.93 0 0 0 0 0 0 0 0 0 5.03 0 0 0 0 0 0 0 0 0 2.53 0 0 0 0 0 0 0 0 0 3.47 0 0 0 0 0 0 0 0 0 3.22 0 0 0 0 0 0 0 0 0 2.11 0 0 0 0 0 0 0 0 0 3.08 0 0 0 0 0 0 0 0 0 1.23 0 0 0 0 0 0 0 0 0 0.22 0 0 0 0 0 0 0 0 0 0.73 0 0 0 0.44 0 0 1.5 0 0 0 0 0 0 0.9 0 0 1.62 0 0 0 0 0 0 1.18 0 0 1.66 0 0 0 0 0 0 3.14 0 0 0.99 0 0 0 0 0 0 2.42 0 0 1.93 0 0 0 0 0 0 0.8 0 0 2.74 0 0 0 0 0 0 5.4 0 0 1.9 0 0 0 0 0 0 0.92 0 0 0.33 0 0 0 0 0 0 0.8 0 0 3.18 0 0 0 0 0 0 1.32 0 0 0.51 0 0 0 0 0 0 0 0 0 0 0 0 0 0 0 0 0 0 0 0 0 0 0 0 0 0 0 0 0 0 0 0 0 0 0 0 0 0 0 0 0 0 0 0 0 0 0 0 0 0 0 0 0 0 0 0 0 0 0 0 0 0 0 0 0 0 0 0 0 0 0 0 0 0 0 0 0 0 0 0 0 0 0 0 0 0 0 0 0 0 0 0 0 0 0 0 0 0 0 0 0 0 0 0 0 0 0 0 0 0 0 0 2.45 0 0 0 0 0 0 0 0 0 0.04 0 0 0 0 0 0 0 0 0 1.4 0 0 0 0 0 0 0 0 0 1.83 0 0 0 0 0 0 0 0 0 2.68 0 0 0 0 0 0 0 0 0 3.53 0 0 0 0 0 0 0 0 0 1.92 0 0 0 0 0 0 0 0 0 3.09 0 0 0 0 0 0 0 0 0 3.7 0 0 0 0 0 0 0 0 0 5.17 0 0 0 0 0 0 0 0 0 1.55 0 0 0 0 0 0 0 0 0 2.22 0 0 0 0 0 0 0 0 0 1.23 0 0 0 0 0 0 0 0 0 2.99 0 0 0 0 0 0 0 0 0 1.23 0 0 0 0 0 0 0 0 0 0.26 0 0 0 0 0 0 0 0 0 3.49 0 0 0 0 0 0 0 0 0 1.77 0 0 0 0 0 0 0 0 0 0.21 0 0 0 0 0 0 0 0 0 0.56 0 0 0 0.36 0 0 2.8 0 0 0 0 0 0 4.16 0 0 2.59 0 0 0 0 0 0 3.59 0 0 0.79 0 0 0 0 0 0 3.81 0 0 0.47 0 0 0 0 0 0 0.77 0 0 0.61 0 0 0 0 0 0 3.67 0 0 0.32 0 0 0 0 0 0 3.02 0 0 0.95 0 0 0 0 0 0 2.39 0 0 2.21 0 0 0 0 0 0 0.75 0 0 4.68 0 0 0 0 0 0 1.72 0 0 0.76 0 0 0 0 0 0 0 0 0 0 0 0 0 0 0 0 0 0 0 0 0 0 0 0 0 0 0 0 0 0 0 0 0 0 0 0 0 0 0 0 0 0 0 0 0 0 0 0 0 0 0 0 0 0 0 0 0 0 0 0 0 0 0 0 0 0 0 0 0 0 0 0 0 0 0 0 0 0 0 0 0 0 0 0 0 0 0 0 0 0 0 0 0 0 0 0 0 0 0 0 0 0 0 0 0 0 0 0 0 0 0 0 1.75 0 0 0 0 0 0 0 0 0 0.71 0 0 0 0 0 0 0 0 0 3.79 0 0 0 0 0 0 0 0 0 0.59 0 0 0 0 0 0 0 0 0 1.88 0 0 0 0 0 0 0 0 0 1.4 0 0 0 0 0 0 0 0 0 1.35 0 0 0 0 0 0 0 0 0 4.51 0 0 0 0 0 0 0 0 0 2.21 0 0 0 0 0 0 0 0 0 1.15 0 0 0 0.58 0 0 0.97 0 0 0 0 0 0 1.85 0 0 0.83 0 0 0 0 0 0 1.26 0 0 2.08 0 0 0 0 0 0 0.2 0 0 0.52 0 0 0 0 0 0 2.47 0 0 0.4 0 0 0 0 0 0 4.12 0 0 1.44 0 0 0 0 0 0 0.2 0 0 0.4 0 0 0 0 0 0 1.28 0 0 1.33 0 0 0 0 0 0 0.46 0 0 3.53 0 0 0 0 0 0 0.46 0 0 1.68 0 0 0 0 0 0 0 0 0 0 0 0 0 0 0 0 0 0 0 0 0 0 0 0 0 0 0 0 0 0 0 0 0 0 0 0 0 0 0 0 0 0 0 0 0 0 0 0 0 0 0 0 0 0 0 0 0 0 0 0 0 0 0 0 0 0 0 0 0 0 0 0 0 0 0 0 0 0 0 0 0 0 0 0 0 0 0 0 0 0 0 0 0 0 0 0 0 0 0 0 0 0 0 0 0 0 0 0 0 0 0 0 1.22 0 0 0 0 0 0 0 0 0 0.86 0 0 0 0 0 0 0 0 0 1.12 0 0 0 0 0 0 0 0 0 1.05 0 0 0 0 0 0 0 0 0 0.02 0 0 0 0 0 0 0 0 0 1.09 0 0 0 0 0 0 0 0 0 2.04 0 0 0 0 0 0 0 0 0 3.64 0 0 0 0 0 0 0 0 0 0.41 0 0 0 0 0 0 0 0 0 0.5 0 0 0 2.12 0 0 1.43 0 0 0 0 0 0 0.94 0 0 2.7 0 0 0 0 0 0 1.89 0 0 2.34 0 0 0 0 0 0 0.34 0 0 0.32 0 0 0 0 0 0 4.57 0 0 0.32 0 0 0 0 0 0 0.95 0 0 3.68 0 0 0 0 0 0 1.98 0 0 1.77 0 0 0 0 0 0 2.61 0 0 0.32 0 0 0 0 0 0 0.47 0 0 3.75 0 0 0 0 0 0 2.98 0 0 0.94 0 0 0 0 0 0 0 0 0 0 0 0 0 0 0 0 0 0 0 0 0 0 0 0 0 0 0 0 0 0 0 0 0 0 0 0 0 0 0 0 0 0 0 0 0 0 0 0 0 0 0 0 0 0 0 0 0 0 0 0 0 0 0 0 0 0 0 0 0 0 0 0 0 0 0 0 0 0 0 0 0 0 0 0 0 0 0 0 0 0 0 0 0 0 0 0 0 0 0 0 0 0 0 0 0 0 0 0 0 0 0 0 3.61 0 0 0 0 0 0 0 0 0 3.67 0 0 0 0 0 0 0 0 0 0.87 0 0 0 0 0 0 0 0 0 4.93 0 0 0 0 0 0 0 0 0 0.6 0 0 0 0 0 0 0 0 0 0.21 0 0 0 0 0 0 0 0 0 1.53 0 0 0 0 0 0 0 0 0 2.83 0 0 0 0 0 0 0 0 0 4.04 0 0 0 0 0 0 0 0 0 0.34 0 0 0 0 0 0 0 0 0 1.19 0 0 0 0 0 0 0 0 0 0.94 0 0 0 0 0 0 0 0 0 1.32 0 0 0 0 0 0 0 0 0 0.91 0 0 0 0 0 0 0 0 0 4.59 0 0 0 0 0 0 0 0 0 5.69 0 0 0 0 0 0 0 0 0 2.36 0 0 0 0 0 0 0 0 0 0.61 0 0 0 0 0 0 0 0 0 2.72 0 0 0 0 0 0 0 0 0 2.82 0 0 0 0.77 0 0 0.63 0 0 0 0 0 0 0.07 0 0 3.4 0 0 0 0 0 0 2.27 0 0 4.75 0 0 0 0 0 0 4.63 0 0 2.31 0 0 0 0 0 0 3.92 0 0 0.23 0 0 0 0 0 0 1.04 0 0 0.38 0 0 0 0 0 0 0.85 0 0 1.79 0 0 0 0 0 0 0.16 0 0 4.2 0 0 0 0 0 0 1.5 0 0 0.78 0 0 0 0 0 0 0.37 0 0 0.63 0 0 0 0 0 0 0 0 0 0 0 0 0 0 0 0 0 0 0 0 0 0 0 0 0 0 0 0 0 0 0 0 0 0 0 0 0 0 0 0 0 0 0 0 0 0 0 0 0 0 0 0 0 0 0 0 0 0 0 0 0 0 0 0 0 0 0 0 0 0 0 0 0 0 0 0 0 0 0 0 0 0 0 0 0 0 0 0 0 0 0 0 0 0 0 0 0 0 0 0 0 0 0 0 0 0 0 0 0 0 0 0 4.41 0 0 0 0 0 0 0 0 0 0.37 0 0 0 0 0 0 0 0 0 4.5 0 0 0 0 0 0 0 0 0 0.64 0 0 0 0 0 0 0 0 0 0.12 0 0 0 0 0 0 0 0 0 0.61 0 0 0 0 0 0 0 0 0 0.41 0 0 0 0 0 0 0 0 0 0.92 0 0 0 0 0 0 0 0 0 1.61 0 0 0 0 0 0 0 0 0 3.57 0 0 0 3.64 0 0 1.21 0 0 0 0 0 0 2.94 0 0 3.17 0 0 0 0 0 0 4.19 0 0 0.14 0 0 0 0 0 0 2.01 0 0 4.51 0 0 0 0 0 0 3.7 0 0 1 0 0 0 0 0 0 4.73 0 0 1 0 0 0 0 0 0 4.26 0 0 6.26 0 0 0 0 0 0 0.77 0 0 4 0 0 0 0 0 0 1.19 0 0 2.94 0 0 0 0 0 0 0.81 0 0 0.4 0 0 0 0 0 0 0 0 0 0 0 0 0 0 0 0 0 0 0 0 0 0 0 0 0 0 0 0 0 0 0 0 0 0 0 0 0 0 0 0 0 0 0 0 0 0 0 0 0 0 0 0 0 0 0 0 0 0 0 0 0 0 0 0 0 0 0 0 0 0 0 0 0 0 0 0 0 0 0 0 0 0 0 0 0 0 0 0 0 0 0 0 0 0 0 0 0 0 0 0 0 0 0 0 0 0 0 0 0 0 0 0 1.12 0 0 0 0 0 0 0 0 0 3.75 0 0 0 0 0 0 0 0 0 2.62 0 0 0 0 0 0 0 0 0 1.52 0 0 0 0 0 0 0 0 0 2.24 0 0 0 0 0 0 0 0 0 1.15 0 0 0 0 0 0 0 0 0 2 0 0 0 0 0 0 0 0 0 3.14 0 0 0 0 0 0 0 0 0 1.48 0 0 0 0 0 0 0 0 0 1.53 0 0 0 0.13 0 0 1.2 0 0 0 0 0 0 3.86 0 0 5.27 0 0 0 0 0 0 0.89 0 0 4.84 0 0 0 0 0 0 3.28 0 0 1.98 0 0 0 0 0 0 4.37 0 0 2.17 0 0 0 0 0 0 1.47 0 0 1 0 0 0 0 0 0 3.08 0 0 0.81 0 0 0 0 0 0 4 0 0 0.33 0 0 0 0 0 0 1.4 0 0 3.11 0 0 0 0 0 0 2.53 0 0 3.75 0 0 0 0 0 0 0 0 0 0 0 0 0 0 0 0 0 0 0 0 0 0 0 0 0 0 0 0 0 0 0 0 0 0 0 0 0 0 0 0 0 0 0 0 0 0 0 0 0 0 0 0 0 0 0 0 0 0 0 0 0 0 0 0 0 0 0 0 0 0 0 0 0 0 0 0 0 0 0 0 0 0 0 0 0 0 0 0 0 0 0 0 0 0 0 0 0 0 0 0 0 0 0 0 0 0 0 0 0 0 0 0 0.94 0 0 0 0 0 0 0 0 0 1.83 0 0 0 0 0 0 0 0 0 2.16 0 0 0 0 0 0 0 0 0 4.25 0 0 0 0 0 0 0 0 0 0.35 0 0 0 0 0 0 0 0 0 1.22 0 0 0 0 0 0 0 0 0 1.43 0 0 0 0 0 0 0 0 0 0.15 0 0 0 0 0 0 0 0 0 1.5 0 0 0 0 0 0 0 0 0 3.62 0 0 0 0 0 0 0 0 0 1.96 0 0 0 0 0 0 0 0 0 3.54 0 0 0 0 0 0 0 0 0 0.54 0 0 0 0 0 0 0 0 0 2.98 0 0 0 0 0 0 0 0 0 0.86 0 0 0 0 0 0 0 0 0 2.43 0 0 0 0 0 0 0 0 0 0.7 0 0 0 0 0 0 0 0 0 5.3 0 0 0 0 0 0 0 0 0 0.21 0 0 0 0 0 0 0 0 0 0.74 0 0 0 1.31 0 0 2.4 0 0 0 0 0 0 0.71 0 0 3.05 0 0 0 0 0 0 1.14 0 0 3.99 0 0 0 0 0 0 2.24 0 0 2.1 0 0 0 0 0 0 0.18 0 0 5.54 0 0 0 0 0 0 1.09 0 0 1.79 0 0 0 0 0 0 2.54 0 0 5.46 0 0 0 0 0 0 1.44 0 0 1.35 0 0 0 0 0 0 2.26 0 0 1.79 0 0 0 0 0 0 2.87 0 0 0.42 0 0 0 0 0 0 0 0 0 0 0 0 0 0 0 0 0 0 0 0 0 0 0 0 0 0 0 0 0 0 0 0 0 0 0 0 0 0 0 0 0 0 0 0 0 0 0 0 0 0 0 0 0 0 0 0 0 0 0 0 0 0 0 0 0 0 0 0 0 0 0 0 0 0 0 0 0 0 0 0 0 0 0 0 0 0 0 0 0 0 0 0 0 0 0 0 0 0 0 0 0 0 0 0 0 0 0 0 0 0 0 0 0.74 0 0 0 0 0 0 0 0 0 1.07 0 0 0 0 0 0 0 0 0 3.42 0 0 0 0 0 0 0 0 0 0.46 0 0 0 0 0 0 0 0 0 1.42 0 0 0 0 0 0 0 0 0 2.14 0 0 0 0 0 0 0 0 0 0.72 0 0 0 0 0 0 0 0 0 3.17 0 0 0 0 0 0 0 0 0 0.37 0 0 0 0 0 0 0 0 0 0.37 0 0 0 1.16 0 0 0.79 0 0 0 0 0 0 4.21 0 0 1.46 0 0 0 0 0 0 2.51 0 0 4.45 0 0 0 0 0 0 4.47 0 0 1.2 0 0 0 0 0 0 0.44 0 0 2.94 0 0 0 0 0 0 0.63 0 0 1.29 0 0 0 0 0 0 0.61 0 0 1.02 0 0 0 0 0 0 0.53 0 0 0.88 0 0 0 0 0 0 4.72 0 0 0.63 0 0 0 0 0 0 2.21 0 0 3.38 0 0 0 0 0 0 0 0 0 0 0 0 0 0 0 0 0 0 0 0 0 0 0 0 0 0 0 0 0 0 0 0 0 0 0 0 0 0 0 0 0 0 0 0 0 0 0 0 0 0 0 0 0 0 0 0 0 0 0 0 0 0 0 0 0 0 0 0 0 0 0 0 0 0 0 0 0 0 0 0 0 0 0 0 0 0 0 0 0 0 0 0 0 0 0 0 0 0 0 0 0 0 0 0 0 0 0 0 0 0 0 0 0.25 0 0 0 0 0 0 0 0 0 0.88 0 0 0 0 0 0 0 0 0 2.21 0 0 0 0 0 0 0 0 0 1.69 0 0 0 0 0 0 0 0 0 2.79 0 0 0 0 0 0 0 0 0 1.64 0 0 0 0 0 0 0 0 0 0.91 0 0 0 0 0 0 0 0 0 0.77 0 0 0 0 0 0 0 0 0 2.39 0 0 0 0 0 0 0 0 0 5.02 0 0 0 3.63 0 0 0.36 0 0 0 0 0 0 1.77 0 0 0.09 0 0 0 0 0 0 4.89 0 0 0.68 0 0 0 0 0 0 6.22 0 0 0.2 0 0 0 0 0 0 1.17 0 0 2.51 0 0 0 0 0 0 0.92 0 0 5.19 0 0 0 0 0 0 2.35 0 0 3.78 0 0 0 0 0 0 1.95 0 0 0.29 0 0 0 0 0 0 1.88 0 0 4.07 0 0 0 0 0 0 2.59 0 0 3.52 0 0 0 0 0 0 0 0 0 0 0 0 0 0 0 0 0 0 0 0 0 0 0 0 0 0 0 0 0 0 0 0 0 0 0 0 0 0 0 0 0 0 0 0 0 0 0 0 0 0 0 0 0 0 0 0 0 0 0 0 0 0 0 0 0 0 0 0 0 0 0 0 0 0 0 0 0 0 0 0 0 0 0 0 0 0 0 0 0 0 0 0 0 0 0 0 0 0 0 0 0 0 0 0 0 0 0 0 0 0 0 0 0.43 0 0 0 0 0 0 0 0 0 1.45 0 0 0 0 0 0 0 0 0 0.13 0 0 0 0 0 0 0 0 0 0.68 0 0 0 0 0 0 0 0 0 5.22 0 0 0 0 0 0 0 0 0 3 0 0 0 0 0 0 0 0 0 2.36 0 0 0 0 0 0 0 0 0 4.84 0 0 0 0 0 0 0 0 0 2.15 0 0 0 0 0 0 0 0 0 0.23 0 0 
0 0 0 0 0 0 0 1.11 0 0 0 0 0 0 0 0 0 5.48 0 0 0 0 0 0 0 0 0 2.9 0 0 0 0 0 0 0 0 0 0.25 0 0 0 0 0 0 0 0 0 1.94 0 0 0 0 0 0 0 0 0 2.48 0 0 0 0 0 0 0 0 0 2.39 0 0 0 0 0 0 0 0 0 0.18 0 0 0 0 0 0 0 0 0 0.37 0 0 0 0 0 0 0 0 0 2.42 0 0 0 0.85 0 0 4.95 0 0 0 0 0 0 1.09 0 0 1.46 0 0 0 0 0 0 2.11 0 0 2.6 0 0 0 0 0 0 0.46 0 0 3.42 0 0 0 0 0 0 0.53 0 0 1.5 0 0 0 0 0 0 0.44 0 0 2.39 0 0 0 0 0 0 1.84 0 0 2.14 0 0 0 0 0 0 1.55 0 0 4 0 0 0 0 0 0 0.15 0 0 0.34 0 0 0 0 0 0 4.18 0 0 2.87 0 0 0 0 0 0 0 0 0 0 0 0 0 0 0 0 0 0 0 0 0 0 0 0 0 0 0 0 0 0 0 0 0 0 0 0 0 0 0 0 0 0 0 0 0 0 0 0 0 0 0 0 0 0 0 0 0 0 0 0 0 0 0 0 0 0 0 0 0 0 0 0 0 0 0 0 0 0 0 0 0 0 0 0 0 0 0 0 0 0 0 0 0 0 0 0 0 0 0 0 0 0 0 0 0 0 0 0 0 0 0 0 4.49 0 0 0 0 0 0 0 0 0 0.67 0 0 0 0 0 0 0 0 0 3.52 0 0 0 0 0 0 0 0 0 3.73 0 0 0 0 0 0 0 0 0 0.53 0 0 0 0 0 0 0 0 0 1.13 0 0 0 0 0 0 0 0 0 4.44 0 0 0 0 0 0 0 0 0 1.32 0 0 0 0 0 0 0 0 0 0.07 0 0 0 0 0 0 0 0 0 0.23 0 0 0 1.07 0 0 1.13 0 0 0 0 0 0 3.2 0 0 2.44 0 0 0 0 0 0 1.42 0 0 0.84 0 0 0 0 0 0 2.02 0 0 1.02 0 0 0 0 0 0 4.41 0 0 0.95 0 0 0 0 0 0 0.38 0 0 0.32 0 0 0 0 0 0 4.46 0 0 2.37 0 0 0 0 0 0 4.2 0 0 3.33 0 0 0 0 0 0 0.73 0 0 1.01 0 0 0 0 0 0 3.09 0 0 2.35 0 0 0 0 0 0 0 0 0 0 0 0 0 0 0 0 0 0 0 0 0 0 0 0 0 0 0 0 0 0 0 0 0 0 0 0 0 0 0 0 0 0 0 0 0 0 0 0 0 0 0 0 0 0 0 0 0 0 0 0 0 0 0 0 0 0 0 0 0 0 0 0 0 0 0 0 0 0 0 0 0 0 0 0 0 0 0 0 0 0 0 0 0 0 0 0 0 0 0 0 0 0 0 0 0 0 0 0 0 0 0 0 2.49 0 0 0 0 0 0 0 0 0 4.44 0 0 0 0 0 0 0 0 0 5.06 0 0 0 0 0 0 0 0 0 2.21 0 0 0 0 0 0 0 0 0 0.79 0 0 0 0 0 0 0 0 0 0.2 0 0 0 0 0 0 0 0 0 1.69 0 0 0 0 0 0 0 0 0 0.92 0 0 0 0 0 0 0 0 0 6.2 0 0 0 0 0 0 0 0 0 2.23 0 0 0 4.81 0 0 1.95 0 0 0 0 0 0 1.6 0 0 2.35 0 0 0 0 0 0 0.66 0 0 0.86 0 0 0 0 0 0 0.68 0 0 0.32 0 0 0 0 0 0 0.89 0 0 2.96 0 0 0 0 0 0 3.92 0 0 1.73 0 0 0 0 0 0 1.97 0 0 3.6 0 0 0 0 0 0 0.21 0 0 2.44 0 0 0 0 0 0 4.64 0 0 4.18 0 0 0 0 0 0 4.34 0 0 0.8 0 0 0 0 0 0 0 0 0 0 0 0 0 0 0 0 0 0 0 0 0 0 0 0 0 0 0 0 0 0 0 0 0 0 0 0 0 0 0 0 0 0 0 0 0 0 0 0 0 0 0 0 0 0 0 0 0 0 0 0 0 0 0 0 0 0 0 0 0 0 0 0 0 0 0 0 0 0 0 0 0 0 0 0 0 0 0 0 0 0 0 0 0 0 0 0 0 0 0 0 0 0 0 0 0 0 0 0 0 0 0 0 0.61 0 0 0 0 0 0 0 0 0 0.54 0 0 0 0 0 0 0 0 0 3.17 0 0 0 0 0 0 0 0 0 1.58 0 0 0 0 0 0 0 0 0 0.68 0 0 0 0 0 0 0 0 0 0.49 0 0 0 0 0 0 0 0 0 0.96 0 0 0 0 0 0 0 0 0 0.35 0 0 0 0 0 0 0 0 0 3.5 0 0 0 0 0 0 0 0 0 0.5 0 0 0 0 0 0 0 0 0 1.53 0 0 0 0 0 0 0 0 0 5.32 0 0 0 0 0 0 0 0 0 3.13 0 0 0 0 0 0 0 0 0 4.41 0 0 0 0 0 0 0 0 0 4.47 0 0 0 0 0 0 0 0 0 0.75 0 0 0 0 0 0 0 0 0 1.14 0 0 0 0 0 0 0 0 0 3.33 0 0 0 0 0 0 0 0 0 3.23 0 0 0 0 0 0 0 0 0 2.19 0 0 0 4.89 0 0 1.43 0 0 0 0 0 0 1.61 0 0 1.97 0 0 0 0 0 0 2.83 0 0 2.57 0 0 0 0 0 0 3.73 0 0 5.5 0 0 0 0 0 0 2.18 0 0 1.3 0 0 0 0 0 0 4.74 0 0 4.35 0 0 0 0 0 0 3.39 0 0 4.86 0 0 0 0 0 0 3.42 0 0 4.25 0 0 0 0 0 0 0.23 0 0 2 0 0 0 0 0 0 2.45 0 0 2.13 0 0 0 0 0 0 0 0 0 0 0 0 0 0 0 0 0 0 0 0 0 0 0 0 0 0 0 0 0 0 0 0 0 0 0 0 0 0 0 0 0 0 0 0 0 0 0 0 0 0 0 0 0 0 0 0 0 0 0 0 0 0 0 0 0 0 0 0 0 0 0 0 0 0 0 0 0 0 0 0 0 0 0 0 0 0 0 0 0 0 0 0 0 0 0 0 0 0 0 0 0 0 0 0 0 0 0 0 0 0 0 0 3.24 0 0 0 0 0 0 0 0 0 0.75 0 0 0 0 0 0 0 0 0 4.86 0 0 0 0 0 0 0 0 0 0.64 0 0 0 0 0 0 0 0 0 2.75 0 0 0 0 0 0 0 0 0 5.36 0 0 0 0 0 0 0 0 0 1.22 0 0 0 0 0 0 0 0 0 0.66 0 0 0 0 0 0 0 0 0 1.46 0 0 0 0 0 0 0 0 0 1.95 0 0 0 3.43 0 0 0.62 0 0 0 0 0 0 1.65 0 0 0.15 0 0 0 0 0 0 2.3 0 0 4.4 0 0 0 0 0 0 5.21 0 0 3.26 0 0 0 0 0 0 4.2 0 0 2.96 0 0 0 0 0 0 4.32 0 0 5.03 0 0 0 0 0 0 5.39 0 0 0.73 0 0 0 0 0 0 3.31 0 0 0.96 0 0 0 0 0 0 0.34 0 0 5.12 0 0 0 0 0 0 0.29 0 0 3.85 0 0 0 0 0 0 0 0 0 0 0 0 0 0 0 0 0 0 0 0 0 0 0 0 0 0 0 0 0 0 0 0 0 0 0 0 0 0 0 0 0 0 0 0 0 0 0 0 0 0 0 0 0 0 0 0 0 0 0 0 0 0 0 0 0 0 0 0 0 0 0 0 0 0 0 0 0 0 0 0 0 0 0 0 0 0 0 0 0 0 0 0 0 0 0 0 0 0 0 0 0 0 0 0 0 0 0 0 0 0 0 0 3.64 0 0 0 0 0 0 0 0 0 0.13 0 0 0 0 0 0 0 0 0 2.53 0 0 0 0 0 0 0 0 0 4.95 0 0 0 0 0 0 0 0 0 0.45 0 0 0 0 0 0 0 0 0 3.61 0 0 0 0 0 0 0 0 0 3.36 0 0 0 0 0 0 0 0 0 0.82 0 0 0 0 0 0 0 0 0 4.74 0 0 0 0 0 0 0 0 0 2.16 0 0 0 3.63 0 0 1.79 0 0 0 0 0 0 2.38 0 0 2.97 0 0 0 0 0 0 3.35 0 0 3.09 0 0 0 0 0 0 0.99 0 0 4.22 0 0 0 0 0 0 0.3 0 0 1.31 0 0 0 0 0 0 1.75 0 0 3.9 0 0 0 0 0 0 0.1 0 0 0.41 0 0 0 0 0 0 2.86 0 0 0.65 0 0 0 0 0 0 0.57 0 0 0.85 0 0 0 0 0 0 3.8 0 0 0.39 0 0 0 0 0 0 0 0 0 0 0 0 0 0 0 0 0 0 0 0 0 0 0 0 0 0 0 0 0 0 0 0 0 0 0 0 0 0 0 0 0 0 0 0 0 0 0 0 0 0 0 0 0 0 0 0 0 0 0 0 0 0 0 0 0 0 0 0 0 0 0 0 0 0 0 0 0 0 0 0 0 0 0 0 0 0 0 0 0 0 0 0 0 0 0 0 0 0 0 0 0 0 0 0 0 0 0 0 0 0 0 0 0.4 0 0 0 0 0 0 0 0 0 0.47 0 0 0 0 0 0 0 0 0 1.85 0 0 0 0 0 0 0 0 0 3.89 0 0 0 0 0 0 0 0 0 2.46 0 0 0 0 0 0 0 0 0 5.06 0 0 0 0 0 0 0 0 0 0.46 0 0 0 0 0 0 0 0 0 0.62 0 0 0 0 0 0 0 0 0 4.47 0 0 0 0 0 0 0 0 0 2.21 0 0 0 0 0 0 0 0 0 2.82 0 0 0 0 0 0 0 0 0 0.63 0 0 0 0 0 0 0 0 0 0.67 0 0 0 0 0 0 0 0 0 2.88 0 0 0 0 0 0 0 0 0 1.23 0 0 0 0 0 0 0 0 0 0.14 0 0 0 0 0 0 0 0 0 3.75 0 0 0 0 0 0 0 0 0 2.61 0 0 0 0 0 0 0 0 0 2.97 0 0 0 0 0 0 0 0 0 2.11 0 0 0 1.69 0 0 0.46 0 0 0 0 0 0 0.28 0 0 3.52 0 0 0 0 0 0 1.76 0 0 1.1 0 0 0 0 0 0 1.57 0 0 4.04 0 0 0 0 0 0 0.91 0 0 2.59 0 0 0 0 0 0 2.94 0 0 3.65 0 0 0 0 0 0 3.12 0 0 1.48 0 0 0 0 0 0 1.94 0 0 0.56 0 0 0 0 0 0 4.96 0 0 0.76 0 0 0 0 0 0 2.41 0 0 1.71 0 0 0 0 0 0 0 0 0 0 0 0 0 0 0 0 0 0 0 0 0 0 0 0 0 0 0 0 0 0 0 0 0 0 0 0 0 0 0 0 0 0 0 0 0 0 0 0 0 0 0 0 0 0 0 0 0 0 0 0 0 0 0 0 0 0 0 0 0 0 0 0 0 0 0 0 0 0 0 0 0 0 0 0 0 0 0 0 0 0 0 0 0 0 0 0 0 0 0 0 0 0 0 0 0 0 0 0 0 0 0 0 2.25 0 0 0 0 0 0 0 0 0 0.73 0 0 0 0 0 0 0 0 0 1.3 0 0 0 0 0 0 0 0 0 2.3 0 0 0 0 0 0 0 0 0 1.15 0 0 0 0 0 0 0 0 0 0.18 0 0 0 0 0 0 0 0 0 4.27 0 0 0 0 0 0 0 0 0 0.18 0 0 0 0 0 0 0 0 0 3.05 0 0 0 0 0 0 0 0 0 5.21 0 0 0 5.32 0 0 0.1 0 0 0 0 0 0 1.45 0 0 1.7 0 0 0 0 0 0 1.68 0 0 4.56 0 0 0 0 0 0 3.73 0 0 1.09 0 0 0 0 0 0 0.87 0 0 0.24 0 0 0 0 0 0 0.37 0 0 5.17 0 0 0 0 0 0 3.51 0 0 3.12 0 0 0 0 0 0 4.81 0 0 1.5 0 0 0 0 0 0 4.71 0 0 4.45 0 0 0 0 0 0 1.06 0 0 2.21 0 0 0 0 0 0 0 0 0 0 0 0 0 0 0 0 0 0 0 0 0 0 0 0 0 0 0 0 0 0 0 0 0 0 0 0 0 0 0 0 0 0 0 0 0 0 0 0 0 0 0 0 0 0 0 0 0 0 0 0 0 0 0 0 0 0 0 0 0 0 0 0 0 0 0 0 0 0 0 0 0 0 0 0 0 0 0 0 0 0 0 0 0 0 0 0 0 0 0 0 0 0 0 0 0 0 0 0 0 0 0 0 3.19 0 0 0 0 0 0 0 0 0 0.59 0 0 0 0 0 0 0 0 0 0.31 0 0 0 0 0 0 0 0 0 1.85 0 0 0 0 0 0 0 0 0 3.89 0 0 0 0 0 0 0 0 0 3.61 0 0 0 0 0 0 0 0 0 0.16 0 0 0 0 0 0 0 0 0 4.99 0 0 0 0 0 0 0 0 0 3.46 0 0 0 0 0 0 0 0 0 4.7 0 0 0 0.79 0 0 0.1 0 0 0 0 0 0 0.26 0 0 0.07 0 0 0 0 0 0 2.15 0 0 3.31 0 0 0 0 0 0 0.08 0 0 0.94 0 0 0 0 0 0 2.55 0 0 0.22 0 0 0 0 0 0 4.24 0 0 4.61 0 0 0 0 0 0 0.48 0 0 0.32 0 0 0 0 0 0 2.24 0 0 5.22 0 0 0 0 0 0 1.57 0 0 4.77 0 0 0 0 0 0 2.08 0 0 5.3 0 0 0 0 0 0 0 0 0 0 0 0 0 0 0 0 0 0 0 0 0 0 0 0 0 0 0 0 0 0 0 0 0 0 0 0 0 0 0 0 0 0 0 0 0 0 0 0 0 0 0 0 0 0 0 0 0 0 0 0 0 0 0 0 0 0 0 0 0 0 0 0 0 0 0 0 0 0 0 0 0 0 0 0 0 0 0 0 0 0 0 0 0 0 0 0 0 0 0 0 0 0 0 0 0 0 0 0 0 0 0 0 0.79 0 0 0 0 0 0 0 0 0 0.68 0 0 0 0 0 0 0 0 0 2.81 0 0 0 0 0 0 0 0 0 2.12 0 0 0 0 0 0 0 0 0 3.04 0 0 0 0 0 0 0 0 0 2.05 0 0 0 0 0 0 0 0 0 0.81 0 0 0 0 0 0 0 0 0 2.98 0 0 0 0 0 0 0 0 0 5.04 0 0 0 0 0 0 0 0 0 1.33 0 0 0 0 0 0 0 0 0 4.09 0 0 0 0 0 0 0 0 0 1.67 0 0 0 0 0 0 0 0 0 3.64 0 0 0 0 0 0 0 0 0 4.44 0 0 0 0 0 0 0 0 0 2.96 0 0 0 0 0 0 0 0 0 0.83 0 0 0 0 0 0 0 0 0 3.58 0 0 0 0 0 0 0 0 0 5.46 0 0 0 0 0 0 0 0 0 2.88 0 0 0 0 0 0 0 0 0 1.15 0 0 0 1.06 0 0 1.99 0 0 0 0 0 0 2.14 0 0 1.25 0 0 0 0 0 0 2.81 0 0 0.1 0 0 0 0 0 0 0.44 0 0 0.76 0 0 0 0 0 0 3.06 0 0 0.27 0 0 0 0 0 0 0.15 0 0 0.28 0 0 0 0 0 0 1.71 0 0 1.22 0 0 0 0 0 0 4.83 0 0 2.39 0 0 0 0 0 0 0.46 0 0 0.84 0 0 0 0 0 0 0.44 0 0 1.14 0 0 0 0 0 0 0 0 0 0 0 0 0 0 0 0 0 0 0 0 0 0 0 0 0 0 0 0 0 0 0 0 0 0 0 0 0 0 0 0 0 0 0 0 0 0 0 0 0 0 0 0 0 0 0 0 0 0 0 0 0 0 0 0 0 0 0 0 0 0 0 0 0 0 0 0 0 0 0 0 0 0 0 0 0 0 0 0 0 0 0 0 0 0 0 0 0 0 0 0 0 0 0 0 0 0 0 0 0 0 0 0 1.4 0 0 0 0 0 0 0 0 0 1.48 0 0 0 0 0 0 0 0 0 3.64 0 0 0 0 0 0 0 0 0 3.22 0 0 0 0 0 0 0 0 0 2.44 0 0 0 0 0 0 0 0 0 4.05 0 0 0 0 0 0 0 0 0 0.39 0 0 0 0 0 0 0 0 0 1.3 0 0 0 0 0 0 0 0 0 3.84 0 0 0 0 0 0 0 0 0 0.11 0 0 0 1.35 0 0 2.19 0 0 0 0 0 0 0.73 0 0 0.48 0 0 0 0 0 0 2.4 0 0 2.19 0 0 0 0 0 0 0.96 0 0 0.36 0 0 0 0 0 0 4.37 0 0 3 0 0 0 0 0 0 3.4 0 0 3.9 0 0 0 0 0 0 3.34 0 0 4.15 0 0 0 0 0 0 1.94 0 0 3.84 0 0 0 0 0 0 3.9 0 0 0.22 0 0 0 0 0 0 3.64 0 0 0.89 0 0 0 0 0 0 0 0 0 0 0 0 0 0 0 0 0 0 0 0 0 0 0 0 0 0 0 0 0 0 0 0 0 0 0 0 0 0 0 0 0 0 0 0 0 0 0 0 0 0 0 0 0 0 0 0 0 0 0 0 0 0 0 0 0 0 0 0 0 0 0 0 0 0 0 0 0 0 0 0 0 0 0 0 0 0 0 0 0 0 0 0 0 0 0 0 0 0 0 0 0 0 0 0 0 0 0 0 0 0 0 0 5.19 0 0 0 0 0 0 0 0 0 0.69 0 0 0 0 0 0 0 0 0 0.57 0 0 0 0 0 0 0 0 0 0.62 0 0 0 0 0 0 0 0 0 1.85 0 0 0 0 0 0 0 0 0 0.09 0 0 0 0 0 0 0 0 0 0.61 0 0 0 0 0 0 0 0 0 2.32 0 0 0 0 0 0 0 0 0 0.15 0 0 0 0 0 0 0 0 0 4.82 0 0 0 5.14 0 0 3.32 0 0 0 0 0 0 2.58 0 0 5.05 0 0 0 0 0 0 0.97 0 0 0.44 0 0 0 0 0 0 0.33 0 0 0.05 0 0 0 0 0 0 3.01 0 0 0.27 0 0 0 0 0 0 2.46 0 0 0.83 0 0 0 0 0 0 3 0 0 3.37 0 0 0 0 0 0 5.39 0 0 0.43 0 0 0 0 0 0 3.8 0 0 5.84 0 0 0 0 0 0 1 0 0 1.81 0 0 0 0 0 0 0 0 0 0 0 0 0 0 0 0 0 0 0 0 0 0 0 0 0 0 0 0 0 0 0 0 0 0 0 0 0 0 0 0 0 0 0 0 0 0 0 0 0 0 0 0 0 0 0 0 0 0 0 0 0 0 0 0 0 0 0 0 0 0 0 0 0 0 0 0 0 0 0 0 0 0 0 0 0 0 0 0 0 0 0 0 0 0 0 0 0 0 0 0 0 0 0 0 0 0 0 0 0 0 0 0 1.4 0 0 0 0 0 0 0 0 0 1.03 0 0 0 0 0 0 0 0 0 3.82 0 0 0 0 0 0 0 0 0 0.71 0 0 0 0 0 0 0 0 0 3.53 0 0 0 0 0 0 0 0 0 2.05 0 0 0 0 0 0 0 0 0 1.06 0 0 0 0 0 0 0 0 0 0.35 0 0 0 0 0 0 0 0 0 1.28 0 0 0 0 0 0 0 0 0 2.46 0 0 0 0 0 0 0 0 0 1.28 0 0 0 0 0 0 0 0 0 0.27 0 0 0 0 0 0 0 0 0 1.34 0 0 0 0 0 0 0 0 0 1.25 0 0 0 0 0 0 0 0 0 1.35 0 0 0 0 0 0 0 0 0 2.44 0 0 0 0 0 0 0 0 0 1.47 0 0 0 0 0 0 0 0 0 6.25 0 0 0 0 0 0 0 0 0 3.51 0 0 0 0 0 0 0 0 0 2.31 0 0 0 0.52 0 0 2.45 0 0 0 0 0 0 3.54 0 0 2.22 0 0 0 0 0 0 0.76 0 0 0.83 0 0 0 0 0 0 3.41 0 0 1.01 0 0 0 0 0 0 0.41 0 0 4.61 0 0 0 0 0 0 2.87 0 0 1.39 0 0 0 0 0 0 0.79 0 0 0.76 0 0 0 0 0 0 0.45 0 0 3.6 0 0 0 0 0 0 0.61 0 0 2.14 0 0 0 0 0 0 5.27 0 0 1.26 0 0 0 0 0 0 0 0 0 0 0 0 0 0 0 0 0 0 0 0 0 0 0 0 0 0 0 0 0 0 0 0 0 0 0 0 0 0 0 0 0 0 0 0 0 0 0 0 0 0 0 0 0 0 0 0 0 0 0 0 0 0 0 0 0 0 0 0 0 0 0 0 0 0 0 0 0 0 0 0 0 0 0 0 0 0 0 0 0 0 0 0 0 0 0 0 0 0 0 0 0 0 0 0 0 0 0 0 0 0 0 0 1.01 0 0 0 0 0 0 0 0 0 2.71 0 0 0 0 0 0 0 0 0 1.47 0 0 0 0 0 0 0 0 0 3.51 0 0 0 0 0 0 0 0 0 0.21 0 0 0 0 0 0 0 0 0 1.39 0 0 0 0 0 0 0 0 0 0.11 0 0 0 0 0 0 0 0 0 0.39 0 0 0 0 0 0 0 0 0 2.91 0 0 0 0 0 0 0 0 0 0.25 0 0 0 2.34 0 0 4.18 0 0 0 0 0 0 5.65 0 0 0.33 0 0 0 0 0 0 2.81 0 0 3.9 0 0 0 0 0 0 0.46 0 0 4.6 0 0 0 0 0 0 2.15 0 0 1.43 0 0 0 0 0 0 3.68 0 0 0.21 0 0 0 0 0 0 1.49 0 0 1.44 0 0 0 0 0 0 0.29 0 0 0.84 0 0 0 0 0 0 0.33 0 0 1.86 0 0 0 0 0 0 3.13 0 0 1.22 0 0 0 0 0 0 0 0 0 0 0 0 0 0 0 0 0 0 0 0 0 0 0 0 0 0 0 0 0 0 0 0 0 0 0 0 0 0 0 0 0 0 0 0 0 0 0 0 0 0 0 0 0 0 0 0 0 0 0 0 0 0 0 0 0 0 0 0 0 0 0 0 0 0 0 0 0 0 0 0 0 0 0 0 0 0 0 0 0 0 0 0 0 0 0 0 0 0 0 0 0 0 0 0 0 0 0 0 0 0 0 0 2.04 0 0 0 0 0 0 0 0 0 1.39 0 0 0 0 0 0 0 0 0 2.08 0 0 0 0 0 0 0 0 0 3.38 0 0 0 0 0 0 0 0 0 4.24 0 0 0 0 0 0 0 0 0 1.98 0 0 0 0 0 0 0 0 0 3.8 0 0 0 0 0 0 0 0 0 1.96 0 0 0 0 0 0 0 0 0 1.94 0 0 0 0 0 0 0 0 0 4.9 0 0 0 2.27 0 0 0.57 0 0 0 0 0 0 4.38 0 0 1.87 0 0 0 0 0 0 3.79 0 0 0.17 0 0 0 0 0 0 1.33 0 0 0.21 0 0 0 0 0 0 1.46 0 0 5.29 0 0 0 0 0 0 1.56 0 0 0.23 0 0 0 0 0 0 2.22 0 0 0.51 0 0 0 0 0 0 1.28 0 0 3.25 0 0 0 0 0 0 0.61 0 0 1.14 0 0 0 0 0 0 5.12 0 0 2.86 0 0 0 0 0 0 0 0 0 0 0 0 0 0 0 0 0 0 0 0 0 0 0 0 0 0 0 0 0 0 0 0 0 0 0 0 0 0 0 0 0 0 0 0 0 0 0 0 0 0 0 0 0 0 0 0 0 0 0 0 0 0 0 0 0 0 0 0 0 0 0 0 0 0 0 0 0 0 0 0 0 0 0 0 0 0 0 0 0 0 0 0 0 0 0 0 0 0 0 0 0 0 0 0 0 0 0 0 0 0 0 0 3.88 0 0 0 0 0 0 0 0 0 1.28 0 0 0 0 0 0 0 0 0 0.74 0 0 0 0 0 0 0 0 0 1.18 0 0 0 0 0 0 0 0 0 1.51 0 0 0 0 0 0 0 0 0 2.52 0 0 0 0 0 0 0 0 0 4.65 0 0 0 0 0 0 0 0 0 5.4 0 0 0 0 0 0 0 0 0 0.71 0 0 0 0 0 0 0 0 0 0.89 0 0 0 0 0 0 0 0 0 2.1 0 0 0 0 0 0 0 0 0 1.25 0 0 0 0 0 0 0 0 0 2.57 0 0 0 0 0 0 0 0 0 2.74 0 0 0 0 0 0 0 0 0 5.55 0 0 0 0 0 0 0 0 0 2.03 0 0 0 0 0 0 0 0 0 3.59 0 0 0 0 0 0 0 0 0 0.88 0 0 0 0 0 0 0 0 0 4.32 0 0 0 0 0 0 0 0 0 1.24 0 0 0 0.06 0 0 3.47 0 0 0 0 0 0 1.3 0 0 3.43 0 0 0 0 0 0 3.82 0 0 3.9 0 0 0 0 0 0 0.45 0 0 0.24 0 0 0 0 0 0 1.64 0 0 0.14 0 0 0 0 0 0 0.58 0 0 5.39 0 0 0 0 0 0 0.78 0 0 0.65 0 0 0 0 0 0 3.8 0 0 0.79 0 0 0 0 0 0 0.62 0 0 3.62 0 0 0 0 0 0 1.64 0 0 0.7 0 0 0 0 0 0 0 0 0 0 0 0 0 0 0 0 0 0 0 0 0 0 0 0 0 0 0 0 0 0 0 0 0 0 0 0 0 0 0 0 0 0 0 0 0 0 0 0 0 0 0 0 0 0 0 0 0 0 0 0 0 0 0 0 0 0 0 0 0 0 0 0 0 0 0 0 0 0 0 0 0 0 0 0 0 0 0 0 0 0 0 0 0 0 0 0 0 0 0 0 0 0 0 0 0 0 0 0 0 0 0 0 1.53 0 0 0 0 0 0 0 0 0 4.07 0 0 0 0 0 0 0 0 0 3.86 0 0 0 0 0 0 0 0 0 0.42 0 0 0 0 0 0 0 0 0 3.6 0 0 0 0 0 0 0 0 0 4.26 0 0 0 0 0 0 0 0 0 0.35 0 0 0 0 0 0 0 0 0 3.48 0 0 0 0 0 0 0 0 0 1.1 0 0 0 0 0 0 0 0 0 6.18 0 0 0 2.16 0 0 0.48 0 0 0 0 0 0 1.09 0 0 4.5 0 0 0 0 0 0 3.21 0 0 0.97 0 0 0 0 0 0 2.57 0 0 0.23 0 0 0 0 0 0 4.05 0 0 0.48 0 0 0 0 0 0 1.57 0 0 0.43 0 0 0 0 0 0 5.41 0 0 5.43 0 0 0 0 0 0 4.26 0 0 2.93 0 0 0 0 0 0 5.33 0 0 1.44 0 0 0 0 0 0 3.56 0 0 1.78 0 0 0 0 0 0 0 0 0 0 0 0 0 0 0 0 0 0 0 0 0 0 0 0 0 0 0 0 0 0 0 0 0 0 0 0 0 0 0 0 0 0 0 0 0 0 0 0 0 0 0 0 0 0 0 0 0 0 0 0 0 0 0 0 0 0 0 0 0 0 0 0 0 0 0 0 0 0 0 0 0 0 0 0 0 0 0 0 0 0 0 0 0 0 0 0 0 0 0 0 0 0 0 0 0 0 0 0 0 0 0 0 4.5 0 0 0 0 0 0 0 0 0 3 0 0 0 0 0 0 0 0 0 4.24 0 0 0 0 0 0 0 0 0 3.39 0 0 0 0 0 0 0 0 0 1.49 0 0 0 0 0 0 0 0 0 1.06 0 0 0 0 0 0 0 0 0 0.12 0 0 0 0 0 0 0 0 0 1.78 0 0 0 0 0 0 0 0 0 4.55 0 0 0 0 0 0 0 0 0 4.95 0 0 0 0.9 0 0 0.27 0 0 0 0 0 0 0.87 0 0 0.26 0 0 0 0 0 0 0.14 0 0 0.25 0 0 0 0 0 0 1.58 0 0 4.58 0 0 0 0 0 0 2.24 0 0 2.12 0 0 0 0 0 0 2.08 0 0 1.66 0 0 0 0 0 0 1.64 0 0 0.88 0 0 0 0 0 0 2.37 0 0 2.39 0 0 0 0 0 0 0.6 0 0 0.83 0 0 0 0 0 0 0.29 0 0 2.04 0 0 0 0 0 0 0 0 0 0 0 0 0 0 0 0 0 0 0 0 0 0 0 0 0 0 0 0 0 0 0 0 0 0 0 0 0 0 0 0 0 0 0 0 0 0 0 0 0 0 0 0 0 0 0 0 0 0 0 0 0 0 0 0 0 0 0 0 0 0 0 0 0 0 0 0 0 0 0 0 0 0 0 0 0 0 0 0 0 0 0 0 0 0 0 0 0 0 0 0 0 0 0 0 0 0 0 0 0 0 0 0 2.79 0 0 0 0 0 0 0 0 0 0.78 0 0 0 0 0 0 0 0 0 1 0 0 0 0 0 0 0 0 0 1.02 0 0 0 0 0 0 0 0 0 2.37 0 0 0 0 0 0 0 0 0 2.8 0 0 0 0 0 0 0 0 0 3.11 0 0 0 0 0 0 0 0 0 1.9 0 0 0 0 0 0 0 0 0 1.17 0 0 0 0 0 0 0 0 0 3.06 0 0 0 0 0 0 0 0 0 2.93 0 0 0 0 0 0 0 0 0 3.46 0 0 0 0 0 0 0 0 0 1.78 0 0 0 0 0 0 0 0 0 4.11 0 0 0 0 0 0 0 0 0 0.35 0 0 0 0 0 0 0 0 0 2.27 0 0 0 0 0 0 0 0 0 2.2 0 0 0 0 0 0 0 0 0 4.24 0 0 0 0 0 0 0 0 0 2.05 0 0 0 0 0 0 0 0 0 3.54 0 0 0 1.79 0 0 0.59 0 0 0 0 0 0 1.68 0 0 2.43 0 0 0 0 0 0 0.21 0 0 1.66 0 0 0 0 0 0 2.29 0 0 2.31 0 0 0 0 0 0 2.47 0 0 1.71 0 0 0 0 0 0 4 0 0 2.33 0 0 0 0 0 0 2.15 0 0 4.11 0 0 0 0 0 0 2.07 0 0 3.97 0 0 0 0 0 0 3.33 0 0 0.63 0 0 0 0 0 0 0.47 0 0 1.99 0 0 0 0 0 0 0 0 0 0 0 0 0 0 0 0 0 0 0 0 0 0 0 0 0 0 0 0 0 0 0 0 0 0 0 0 0 0 0 0 0 0 0 0 0 0 0 0 0 0 0 0 0 0 0 0 0 0 0 0 0 0 0 0 0 0 0 0 0 0 0 0 0 0 0 0 0 0 0 0 0 0 0 0 0 0 0 0 0 0 0 0 0 0 0 0 0 0 0 0 0 0 0 0 0 0 0 0 0 0 0 0 0.19 0 0 0 0 0 0 0 0 0 0.29 0 0 0 0 0 0 0 0 0 2.68 0 0 0 0 0 0 0 0 0 0.76 0 0 0 0 0 0 0 0 0 1.45 0 0 0 0 0 0 0 0 0 4.76 0 0 0 0 0 0 0 0 0 1.06 0 0 0 0 0 0 0 0 0 2.35 0 0 0 0 0 0 0 0 0 1 0 0 0 0 0 0 0 0 0 5.94 0 0 0 0.5 0 0 0.7 0 0 0 0 0 0 3.25 0 0 0.74 0 0 0 0 0 0 1.34 0 0 1.39 0 0 0 0 0 0 1.35 0 0 0.38 0 0 0 0 0 0 4.15 0 0 1.08 0 0 0 0 0 0 0.69 0 0 2.13 0 0 0 0 0 0 1.38 0 0 3.63 0 0 0 0 0 0 1.97 0 0 0.3 0 0 0 0 0 0 3.35 0 0 2.35 0 0 0 0 0 0 0.78 0 0 4.43 0 0 0 0 0 0 0 0 0 0 0 0 0 0 0 0 0 0 0 0 0 0 0 0 0 0 0 0 0 0 0 0 0 0 0 0 0 0 0 0 0 0 0 0 0 0 0 0 0 0 0 0 0 0 0 0 0 0 0 0 0 0 0 0 0 0 0 0 0 0 0 0 0 0 0 0 0 0 0 0 0 0 0 0 0 0 0 0 0 0 0 0 0 0 0 0 0 0 0 0 0 0 0 0 0 0 0 0 0 0 0 0 4.7 0 0 0 0 0 0 0 0 0 4.75 0 0 0 0 0 0 0 0 0 2.12 0 0 0 0 0 0 0 0 0 3.8 0 0 0 0 0 0 0 0 0 3.03 0 0 0 0 0 0 0 0 0 2.17 0 0 0 0 0 0 0 0 0 3.32 0 0 0 0 0 0 0 0 0 1.2 0 0 0 0 0 0 0 0 0 0.16 0 0 0 0 0 0 0 0 0 0.72 0 0 0 0.58 0 0 1.73 0 0 0 0 0 0 0.94 0 0 1.54 0 0 0 0 0 0 1.2 0 0 1.62 0 0 0 0 0 0 3.11 0 0 0.92 0 0 0 0 0 0 2.52 0 0 2.28 0 0 0 0 0 0 0.59 0 0 2.92 0 0 0 0 0 0 5.23 0 0 1.75 0 0 0 0 0 0 0.93 0 0 0.33 0 0 0 0 0 0 0.8 0 0 3.05 0 0 0 0 0 0 1.14 0 0 0.6 0 0 0 0 0 0 0 0 0 0 0 0 0 0 0 0 0 0 0 0 0 0 0 0 0 0 0 0 0 0 0 0 0 0 0 0 0 0 0 0 0 0 0 0 0 0 0 0 0 0 0 0 0 0 0 0 0 0 0 0 0 0 0 0 0 0 0 0 0 0 0 0 0 0 0 0 0 0 0 0 0 0 0 0 0 0 0 0 0 0 0 0 0 0 0 0 0 0 0 0 0 0 0 0 0 0 0 0 0 0 0 0 2.62 0 0 0 0 0 0 0 0 0 0.06 0 0 0 0 0 0 0 0 0 1.1 0 0 0 0 0 0 0 0 0 1.72 0 0 0 0 0 0 0 0 0 2.57 0 0 0 0 0 0 0 0 0 3.5 0 0 0 0 0 0 0 0 0 1.91 0 0 0 0 0 0 0 0 0 3.34 0 0 0 0 0 0 0 0 0 3.84 0 0 0 0 0 0 0 0 0 5.19 0 0 0 0 0 0 0 0 0 1.85 0 0 0 0 0 0 0 0 0 2.34 0 0 0 0 0 0 0 0 0 1.44 0 0 0 0 0 0 0 0 0 2.78 0 0 0 0 0 0 0 0 0 0.96 0 0 0 0 0 0 0 0 0 0.33 0 0 0 0 0 0 0 0 0 3.62 0 0 0 0 0 0 0 0 0 1.74 0 0 0 0 0 0 0 0 0 0.34 0 0 0 0 0 0 0 0 0 0.55 0 0 0 0.48 0 0 2.65 0 0 0 0 0 0 4.3 0 0 2.73 0 0 0 0 0 0 3.39 0 0 0.92 0 0 0 0 0 0 3.64 0 0 0.54 0 0 0 0 0 0 0.69 0 0 0.52 0 0 0 0 0 0 3.64 0 0 0.44 0 0 0 0 0 0 2.99 0 0 0.93 0 0 0 0 0 0 2.49 0 0 2.44 0 0 0 0 0 0 0.78 0 0 4.44 0 0 0 0 0 0 1.8 0 0 0.62 0 0 0 0 0 0 0 0 0 0 0 0 0 0 0 0 0 0 0 0 0 0 0 0 0 0 0 0 0 0 0 0 0 0 0 0 0 0 0 0 0 0 0 0 0 0 0 0 0 0 0 0 0 0 0 0 0 0 0 0 0 0 0 0 0 0 0 0 0 0 0 0 0 0 0 0 0 0 0 0 0 0 0 0 0 0 0 0 0 0 0 0 0 0 0 0 0 0 0 0 0 0 0 0 0 0 0 0 0 0 0 0 1.83 0 0 0 0 0 0 0 0 0 0.8 0 0 0 0 0 0 0 0 0 4.12 0 0 0 0 0 0 0 0 0 0.71 0 0 0 0 0 0 0 0 0 1.93 0 0 0 0 0 0 0 0 0 1.58 0 0 0 0 0 0 0 0 0 1.33 0 0 0 0 0 0 0 0 0 4.68 0 0 0 0 0 0 0 0 0 2.26 0 0 0 0 0 0 0 0 0 1.19 0 0 0 0.71 0 0 0.86 0 0 0 0 0 0 2.03 0 0 1.16 0 0 0 0 0 0 1.47 0 0 1.9 0 0 0 0 0 0 0.18 0 0 0.7 0 0 0 0 0 0 2.31 0 0 0.37 0 0 0 0 0 0 3.94 0 0 1.37 0 0 0 0 0 0 0.15 0 0 0.49 0 0 0 0 0 0 1.45 0 0 1.49 0 0 0 0 0 0 0.53 0 0 3.49 0 0 0 0 0 0 0.33 0 0 1.45 0 0 0 0 0 0 0 0 0 0 0 0 0 0 0 0 0 0 0 0 0 0 0 0 0 0 0 0 0 0 0 0 0 0 0 0 0 0 0 0 0 0 0 0 0 0 0 0 0 0 0 0 0 0 0 0 0 0 0 0 0 0 0 0 0 0 0 0 0 0 0 0 0 0 0 0 0 0 0 0 0 0 0 0 0 0 0 0 0 0 0 0 0 0 0 0 0 0 0 0 0 0 0 0 0 0 0 0 0 0 0 0 1.09 0 0 0 0 0 0 0 0 0 0.79 0 0 0 0 0 0 0 0 0 1.07 0 0 0 0 0 0 0 0 0 1.11 0 0 0 0 0 0 0 0 0 0.06 0 0 0 0 0 0 0 0 0 1.24 0 0 0 0 0 0 0 0 0 2.12 0 0 0 0 0 0 0 0 0 3.92 0 0 0 0 0 0 0 0 0 0.49 0 0 0 0 0 0 0 0 0 0.53 0 0 0 1.9 0 0 1.31 0 0 0 0 0 0 1.09 0 0 2.85 0 0 0 0 0 0 2.2 0 0 2.43 0 0 0 0 0 0 0.35 0 0 0.34 0 0 0 0 0 0 4.37 0 0 0.33 0 0 0 0 0 0 1.11 0 0 3.65 0 0 0 0 0 0 2.03 0 0 1.89 0 0 0 0 0 0 2.75 0 0 0.3 0 0 0 0 0 0 0.33 0 0 3.78 0 0 0 0 0 0 2.8 0 0 0.83 0 0 0 0 0 0 0 0 0 0 0 0 0 0 0 0 0 0 0 0 0 0 0 0 0 0 0 0 0 0 0 0 0 0 0 0 0 0 0 0 0 0 0 0 0 0 0 0 0 0 0 0 0 0 0 0 0 0 0 0 0 0 0 0 0 0 0 0 0 0 0 0 0 0 0 0 0 0 0 0 0 0 0 0 0 0 0 0 0 0 0 0 0 0 0 0 0 0 0 0 0 0 0 0 0 0 0 0 0 0 0 0 3.73 0 0 0 0 0 0 0 0 0 3.93 0 0 0 0 0 0 0 0 0 1.02 0 0 0 0 0 0 0 0 0 4.83 0 0 0 0 0 0 0 0 0 0.68 0 0 0 0 0 0 0 0 0 0.27 0 0 0 0 0 0 0 0 0 1.52 0 0 0 0 0 0 0 0 0 3.17 0 0 0 0 0 0 0 0 0 4.41 0 0 0 0 0 0 0 0 0 0.32 0 0 0 0 0 0 0 0 0 1.04 0 0 0 0 0 0 0 0 0 0.89 0 0 0 0 0 0 0 0 0 1.3 0 0 0 0 0 0 0 0 0 1.19 0 0 0 0 0 0 0 0 0 4.33 0 0 0 0 0 0 0 0 0 5.42 0 0 0 0 0 0 0 0 0 2.3 0 0 0 0 0 0 0 0 0 0.71 0 0 0 0 0 0 0 0 0 2.8 0 0 0 0 0 0 0 0 0 2.63 0 0 0 0.94 0 0 0.8 0 0 0 0 0 0 0.1 0 0 3.66 0 0 0 0 0 0 2.39 0 0 4.62 0 0 0 0 0 0 4.29 0 0 2.4 0 0 0 0 0 0 3.96 0 0 0.29 0 0 0 0 0 0 1.06 0 0 0.44 0 0 0 0 0 0 0.92 0 0 2.11 0 0 0 0 0 0 0.18 0 0 4.15 0 0 0 0 0 0 1.56 0 0 0.7 0 0 0 0 0 0 0.25 0 0 0.89 0 0 0 0 0 0 0 0 0 0 0 0 0 0 0 0 0 0 0 0 0 0 0 0 0 0 0 0 0 0 0 0 0 0 0 0 0 0 0 0 0 0 0 0 0 0 0 0 0 0 0 0 0 0 0 0 0 0 0 0 0 0 0 0 0 0 0 0 0 0 0 0 0 0 0 0 0 0 0 0 0 0 0 0 0 0 0 0 0 0 0 0 0 0 0 0 0 0 0 0 0 0 0 0 0 0 0 0 0 0 0 0 4.18 0 0 0 0 0 0 0 0 0 0.38 0 0 0 0 0 0 0 0 0 4.43 0 0 0 0 0 0 0 0 0 0.68 0 0 0 0 0 0 0 0 0 0.03 0 0 0 0 0 0 0 0 0 0.64 0 0 0 0 0 0 0 0 0 0.46 0 0 0 0 0 0 0 0 0 0.9 0 0 0 0 0 0 0 0 0 1.42 0 0 0 0 0 0 0 0 0 3.8 0 0 0 3.81 0 0 1.36 0 0 0 0 0 0 3.15 0 0 3.05 0 0 0 0 0 0 4.39 0 0 0.16 0 0 0 0 0 0 1.9 0 0 4.43 0 0 0 0 0 0 3.86 0 0 0.86 0 0 0 0 0 0 4.82 0 0 0.86 0 0 0 0 0 0 4.55 0 0 5.85 0 0 0 0 0 0 0.81 0 0 4.19 0 0 0 0 0 0 1.22 0 0 3.03 0 0 0 0 0 0 1 0 0 0.44 0 0 0 0 0 0 0 0 0 0 0 0 0 0 0 0 0 0 0 0 0 0 0 0 0 0 0 0 0 0 0 0 0 0 0 0 0 0 0 0 0 0 0 0 0 0 0 0 0 0 0 0 0 0 0 0 0 0 0 0 0 0 0 0 0 0 0 0 0 0 0 0 0 0 0 0 0 0 0 0 0 0 0 0 0 0 0 0 0 0 0 0 0 0 0 0 0 0 0 0 0 0 0 0 0 0 0 0 0 0 0 0 1.1 0 0 0 0 0 0 0 0 0 3.55 0 0 0 0 0 0 0 0 0 2.31 0 0 0 0 0 0 0 0 0 1.38 0 0 0 0 0 0 0 0 0 2.11 0 0 0 0 0 0 0 0 0 1.14 0 0 0 0 0 0 0 0 0 2 0 0 0 0 0 0 0 0 0 3.17 0 0 0 0 0 0 0 0 0 1.48 0 0 0 0 0 0 0 0 0 1.63 0 0 0 0.08 0 0 1 0 0 0 0 0 0 3.96 0 0 5.36 0 0 0 0 0 0 0.74 0 0 4.9 0 0 0 0 0 0 3.39 0 0 1.92 0 0 0 0 0 0 4.26 0 0 2.24 0 0 0 0 0 0 1.42 0 0 1.11 0 0 0 0 0 0 3.38 0 0 0.91 0 0 0 0 0 0 4.24 0 0 0.25 0 0 0 0 0 0 1.5 0 0 3.31 0 0 0 0 0 0 2.68 0 0 3.97 0 0 0 0 0 0 0 0 0 0 0 0 0 0 0 0 0 0 0 0 0 0 0 0 0 0 0 0 0 0 0 0 0 0 0 0 0 0 0 0 0 0 0 0 0 0 0 0 0 0 0 0 0 0 0 0 0 0 0 0 0 0 0 0 0 0 0 0 0 0 0 0 0 0 0 0 0 0 0 0 0 0 0 0 0 0 0 0 0 0 0 0 0 0 0 0 0 0 0 0 0 0 0 0 0 0 0 0 0 0 0 0 1.14 0 0 0 0 0 0 0 0 0 1.78 0 0 0 0 0 0 0 0 0 2.12 0 0 0 0 0 0 0 0 0 4.45 0 0 0 0 0 0 0 0 0 0.43 0 0 0 0 0 0 0 0 0 1.2 0 0 0 0 0 0 0 0 0 1.7 0 0 0 0 0 0 0 0 0 0.18 0 0 0 0 0 0 0 0 0 1.45 0 0 0 0 0 0 0 0 0 4.11 0 0 0 0 0 0 0 0 0 1.83 0 0 0 0 0 0 0 0 0 3.19 0 0 0 0 0 0 0 0 0 0.31 0 0 0 0 0 0 0 0 0 3.05 0 0 0 0 0 0 0 0 0 0.9 0 0 0 0 0 0 0 0 0 2.39 0 0 0 0 0 0 0 0 0 0.71 0 0 0 0 0 0 0 0 0 5.45 0 0 0 0 0 0 0 0 0 0.26 0 0 0 0 0 0 0 0 0 0.73 0 0 0 1.37 0 0 2.16 0 0 0 0 0 0 0.69 0 0 3.46 0 0 0 0 0 0 1.18 0 0 4.05 0 0 0 0 0 0 2.37 0 0 2.28 0 0 0 0 0 0 0.21 0 0 5.74 0 0 0 0 0 0 1.1 0 0 2.12 0 0 0 0 0 0 2.5 0 0 5.34 0 0 0 0 0 0 1.21 0 0 1.13 0 0 0 0 0 0 2.45 0 0 1.9 0 0 0 0 0 0 2.78 0 0 0.49 0 0 0 0 0 0 0 0 0 0 0 0 0 0 0 0 0 0 0 0 0 0 0 0 0 0 0 0 0 0 0 0 0 0 0 0 0 0 0 0 0 0 0 0 0 0 0 0 0 0 0 0 0 0 0 0 0 0 0 0 0 0 0 0 0 0 0 0 0 0 0 0 0 0 0 0 0 0 0 0 0 0 0 0 0 0 0 0 0 0 0 0 0 0 0 0 0 0 0 0 0 0 0 0 0 0 0 0 0 0 0 0 0.83 0 0 0 0 0 0 0 0 0 0.92 0 0 0 0 0 0 0 0 0 3.42 0 0 0 0 0 0 0 0 0 0.42 0 0 0 0 0 0 0 0 0 1.34 0 0 0 0 0 0 0 0 0 2 0 0 0 0 0 0 0 0 0 0.63 0 0 0 0 0 0 0 0 0 3.18 0 0 0 0 0 0 0 0 0 0.22 0 0 0 0 0 0 0 0 0 0.4 0 0 0 1.27 0 0 0.66 0 0 0 0 0 0 4.22 0 0 1.42 0 0 0 0 0 0 2.24 0 0 4.53 0 0 0 0 0 0 4.7 0 0 1.06 0 0 0 0 0 0 0.35 0 0 2.94 0 0 0 0 0 0 0.63 0 0 1.4 0 0 0 0 0 0 0.67 0 0 0.9 0 0 0 0 0 0 0.5 0 0 0.85 0 0 0 0 0 0 4.84 0 0 0.68 0 0 0 0 0 0 2.11 0 0 3.41 0 0 0 0 0 0 0 0 0 0 0 0 0 0 0 0 0 0 0 0 0 0 0 0 0 0 0 0 0 0 0 0 0 0 0 0 0 0 0 0 0 0 0 0 0 0 0 0 0 0 0 0 0 0 0 0 0 0 0 0 0 0 0 0 0 0 0 0 0 0 0 0 0 0 0 0 0 0 0 0 0 0 0 0 0 0 0 0 0 0 0 0 0 0 0 0 0 0 0 0 0 0 0 0 0 0 0 0 0 0 0 0 0.27 0 0 0 0 0 0 0 0 0 0.92 0 0 0 0 0 0 0 0 0 1.92 0 0 0 0 0 0 0 0 0 1.73 0 0 0 0 0 0 0 0 0 2.7 0 0 0 0 0 0 0 0 0 1.65 0 0 0 0 0 0 0 0 0 0.94 0 0 0 0 0 0 0 0 0 0.73 0 0 0 0 0 0 0 0 0 2.28 0 0 0 0 0 0 0 0 0 4.96 0 0 0 3.74 0 0 0.3 0 0 0 0 0 0 1.74 0 0 0.1 0 0 0 0 0 0 5.36 0 0 0.5 0 0 0 0 0 0 6.19 0 0 0.28 0 0 0 0 0 0 1.05 0 0 2.61 0 0 0 0 0 0 0.96 0 0 4.98 0 0 0 0 0 0 2.52 0 0 3.72 0 0 0 0 0 0 1.75 0 0 0.31 0 0 0 0 0 0 2.06 0 0 4.02 0 0 0 0 0 0 2.76 0 0 3.65 0 0 0 0 0 0 0 0 0 0 0 0 0 0 0 0 0 0 0 0 0 0 0 0 0 0 0 0 0 0 0 0 0 0 0 0 0 0 0 0 0 0 0 0 0 0 0 0 0 0 0 0 0 0 0 0 0 0 0 0 0 0 0 0 0 0 0 0 0 0 0 0 0 0 0 0 0 0 0 0 0 0 0 0 0 0 0 0 0 0 0 0 0 0 0 0 0 0 0 0 0 0 0 0 0 0 0 0 0 0 0 0 0.66 0 0 0 0 0 0 0 0 0 1.33 0 0 0 0 0 0 0 0 0 0.17 0 0 0 0 0 0 0 0 0 0.78 0 0 0 0 0 0 0 0 0 5.31 0 0 0 0 0 0 0 0 0 2.68 0 0 0 0 0 0 0 0 0 2.53 0 0 0 0 0 0 0 0 0 4.91 0 0 0 0 0 0 0 0 0 2.21 0 0 0 0 0 0 0 0 0 0.32 0 0 
0 0 0 0 0 0 0 0.82 0 0 0 0 0 0 0 0 0 5.76 0 0 0 0 0 0 0 0 0 2.95 0 0 0 0 0 0 0 0 0 0.18 0 0 0 0 0 0 0 0 0 2.28 0 0 0 0 0 0 0 0 0 2.51 0 0 0 0 0 0 0 0 0 2.11 0 0 0 0 0 0 0 0 0 0.2 0 0 0 0 0 0 0 0 0 0.32 0 0 0 0 0 0 0 0 0 2.5 0 0 0 0.7 0 0 4.89 0 0 0 0 0 0 0.98 0 0 1.25 0 0 0 0 0 0 1.95 0 0 2.84 0 0 0 0 0 0 0.48 0 0 3.35 0 0 0 0 0 0 0.41 0 0 1.36 0 0 0 0 0 0 0.42 0 0 2.31 0 0 0 0 0 0 1.99 0 0 2.07 0 0 0 0 0 0 1.15 0 0 4.08 0 0 0 0 0 0 0.17 0 0 0.36 0 0 0 0 0 0 4.13 0 0 3.05 0 0 0 0 0 0 0 0 0 0 0 0 0 0 0 0 0 0 0 0 0 0 0 0 0 0 0 0 0 0 0 0 0 0 0 0 0 0 0 0 0 0 0 0 0 0 0 0 0 0 0 0 0 0 0 0 0 0 0 0 0 0 0 0 0 0 0 0 0 0 0 0 0 0 0 0 0 0 0 0 0 0 0 0 0 0 0 0 0 0 0 0 0 0 0 0 0 0 0 0 0 0 0 0 0 0 0 0 0 0 0 0 4.35 0 0 0 0 0 0 0 0 0 0.72 0 0 0 0 0 0 0 0 0 3.41 0 0 0 0 0 0 0 0 0 3.77 0 0 0 0 0 0 0 0 0 0.51 0 0 0 0 0 0 0 0 0 1.15 0 0 0 0 0 0 0 0 0 4.65 0 0 0 0 0 0 0 0 0 1.32 0 0 0 0 0 0 0 0 0 0.09 0 0 0 0 0 0 0 0 0 0.29 0 0 0 1.05 0 0 1.05 0 0 0 0 0 0 3.49 0 0 2.63 0 0 0 0 0 0 1.29 0 0 0.79 0 0 0 0 0 0 2.03 0 0 1.15 0 0 0 0 0 0 4.37 0 0 1.02 0 0 0 0 0 0 0.35 0 0 0.39 0 0 0 0 0 0 4.5 0 0 2.34 0 0 0 0 0 0 4.25 0 0 3.24 0 0 0 0 0 0 0.76 0 0 1.14 0 0 0 0 0 0 3.19 0 0 2.38 0 0 0 0 0 0 0 0 0 0 0 0 0 0 0 0 0 0 0 0 0 0 0 0 0 0 0 0 0 0 0 0 0 0 0 0 0 0 0 0 0 0 0 0 0 0 0 0 0 0 0 0 0 0 0 0 0 0 0 0 0 0 0 0 0 0 0 0 0 0 0 0 0 0 0 0 0 0 0 0 0 0 0 0 0 0 0 0 0 0 0 0 0 0 0 0 0 0 0 0 0 0 0 0 0 0 0 0 0 0 0 0 2.56 0 0 0 0 0 0 0 0 0 4.73 0 0 0 0 0 0 0 0 0 4.89 0 0 0 0 0 0 0 0 0 2.26 0 0 0 0 0 0 0 0 0 0.67 0 0 0 0 0 0 0 0 0 0.09 0 0 0 0 0 0 0 0 0 1.77 0 0 0 0 0 0 0 0 0 0.85 0 0 0 0 0 0 0 0 0 6.21 0 0 0 0 0 0 0 0 0 1.94 0 0 0 4.69 0 0 1.59 0 0 0 0 0 0 1.43 0 0 2.57 0 0 0 0 0 0 0.63 0 0 0.87 0 0 0 0 0 0 0.71 0 0 0.33 0 0 0 0 0 0 1.02 0 0 3.12 0 0 0 0 0 0 3.86 0 0 1.7 0 0 0 0 0 0 2.1 0 0 3.49 0 0 0 0 0 0 0.26 0 0 2.27 0 0 0 0 0 0 4.68 0 0 4.39 0 0 0 0 0 0 4.73 0 0 0.65 0 0 0 0 0 0 0 0 0 0 0 0 0 0 0 0 0 0 0 0 0 0 0 0 0 0 0 0 0 0 0 0 0 0 0 0 0 0 0 0 0 0 0 0 0 0 0 0 0 0 0 0 0 0 0 0 0 0 0 0 0 0 0 0 0 0 0 0 0 0 0 0 0 0 0 0 0 0 0 0 0 0 0 0 0 0 0 0 0 0 0 0 0 0 0 0 0 0 0 0 0 0 0 0 0 0 0 0 0 0 0 0 0.49 0 0 0 0 0 0 0 0 0 0.75 0 0 0 0 0 0 0 0 0 3.25 0 0 0 0 0 0 0 0 0 1.59 0 0 0 0 0 0 0 0 0 0.64 0 0 0 0 0 0 0 0 0 0.41 0 0 0 0 0 0 0 0 0 1.07 0 0 0 0 0 0 0 0 0 0.43 0 0 0 0 0 0 0 0 0 3.41 0 0 0 0 0 0 0 0 0 0.54 0 0 0 0 0 0 0 0 0 1.48 0 0 0 0 0 0 0 0 0 5.49 0 0 0 0 0 0 0 0 0 3.14 0 0 0 0 0 0 0 0 0 4.32 0 0 0 0 0 0 0 0 0 4.53 0 0 0 0 0 0 0 0 0 0.77 0 0 0 0 0 0 0 0 0 1.13 0 0 0 0 0 0 0 0 0 3.62 0 0 0 0 0 0 0 0 0 3.33 0 0 0 0 0 0 0 0 0 2.16 0 0 0 4.24 0 0 1.37 0 0 0 0 0 0 1.44 0 0 2.05 0 0 0 0 0 0 2.88 0 0 2.77 0 0 0 0 0 0 3.51 0 0 5.52 0 0 0 0 0 0 2.14 0 0 1.39 0 0 0 0 0 0 4.61 0 0 4.19 0 0 0 0 0 0 3.41 0 0 5.04 0 0 0 0 0 0 3.45 0 0 4.22 0 0 0 0 0 0 0.41 0 0 1.77 0 0 0 0 0 0 2.45 0 0 2.25 0 0 0 0 0 0 0 0 0 0 0 0 0 0 0 0 0 0 0 0 0 0 0 0 0 0 0 0 0 0 0 0 0 0 0 0 0 0 0 0 0 0 0 0 0 0 0 0 0 0 0 0 0 0 0 0 0 0 0 0 0 0 0 0 0 0 0 0 0 0 0 0 0 0 0 0 0 0 0 0 0 0 0 0 0 0 0 0 0 0 0 0 0 0 0 0 0 0 0 0 0 0 0 0 0 0 0 0 0 0 0 0 3.53 0 0 0 0 0 0 0 0 0 0.71 0 0 0 0 0 0 0 0 0 4.72 0 0 0 0 0 0 0 0 0 0.58 0 0 0 0 0 0 0 0 0 2.7 0 0 0 0 0 0 0 0 0 5.48 0 0 0 0 0 0 0 0 0 1.27 0 0 0 0 0 0 0 0 0 0.65 0 0 0 0 0 0 0 0 0 1.2 0 0 0 0 0 0 0 0 0 1.92 0 0 0 3.55 0 0 0.52 0 0 0 0 0 0 1.57 0 0 0.14 0 0 0 0 0 0 2.13 0 0 4.09 0 0 0 0 0 0 5.1 0 0 3.37 0 0 0 0 0 0 4.44 0 0 2.86 0 0 0 0 0 0 4.39 0 0 4.9 0 0 0 0 0 0 5.16 0 0 0.82 0 0 0 0 0 0 3.42 0 0 0.9 0 0 0 0 0 0 0.39 0 0 5.02 0 0 0 0 0 0 0.28 0 0 3.8 0 0 0 0 0 0 0 0 0 0 0 0 0 0 0 0 0 0 0 0 0 0 0 0 0 0 0 0 0 0 0 0 0 0 0 0 0 0 0 0 0 0 0 0 0 0 0 0 0 0 0 0 0 0 0 0 0 0 0 0 0 0 0 0 0 0 0 0 0 0 0 0 0 0 0 0 0 0 0 0 0 0 0 0 0 0 0 0 0 0 0 0 0 0 0 0 0 0 0 0 0 0 0 0 0 0 0 0 0 0 0 0 3.51 0 0 0 0 0 0 0 0 0 0.15 0 0 0 0 0 0 0 0 0 2.52 0 0 0 0 0 0 0 0 0 4.87 0 0 0 0 0 0 0 0 0 0.58 0 0 0 0 0 0 0 0 0 3.96 0 0 0 0 0 0 0 0 0 3.24 0 0 0 0 0 0 0 0 0 0.72 0 0 0 0 0 0 0 0 0 4.82 0 0 0 0 0 0 0 0 0 2.28 0 0 0 3.53 0 0 2.17 0 0 0 0 0 0 2.52 0 0 2.82 0 0 0 0 0 0 3.45 0 0 3.22 0 0 0 0 0 0 1.08 0 0 3.89 0 0 0 0 0 0 0.22 0 0 1.54 0 0 0 0 0 0 1.78 0 0 3.88 0 0 0 0 0 0 0.12 0 0 0.59 0 0 0 0 0 0 3 0 0 0.75 0 0 0 0 0 0 0.76 0 0 0.96 0 0 0 0 0 0 3.69 0 0 0.34 0 0 0 0 0 0 0 0 0 0 0 0 0 0 0 0 0 0 0 0 0 0 0 0 0 0 0 0 0 0 0 0 0 0 0 0 0 0 0 0 0 0 0 0 0 0 0 0 0 0 0 0 0 0 0 0 0 0 0 0 0 0 0 0 0 0 0 0 0 0 0 0 0 0 0 0 0 0 0 0 0 0 0 0 0 0 0 0 0 0 0 0 0 0 0 0 0 0 0 0 0 0 0 0 0 0 0 0 0 0 0 0 0.36 0 0 0 0 0 0 0 0 0 0.52 0 0 0 0 0 0 0 0 0 1.85 0 0 0 0 0 0 0 0 0 4.02 0 0 0 0 0 0 0 0 0 2.33 0 0 0 0 0 0 0 0 0 5.31 0 0 0 0 0 0 0 0 0 0.6 0 0 0 0 0 0 0 0 0 0.55 0 0 0 0 0 0 0 0 0 4.7 0 0 0 0 0 0 0 0 0 2.18 0 0 0 0 0 0 0 0 0 2.7 0 0 0 0 0 0 0 0 0 0.69 0 0 0 0 0 0 0 0 0 0.73 0 0 0 0 0 0 0 0 0 2.8 0 0 0 0 0 0 0 0 0 1.1 0 0 0 0 0 0 0 0 0 0.17 0 0 0 0 0 0 0 0 0 3.67 0 0 0 0 0 0 0 0 0 2.59 0 0 0 0 0 0 0 0 0 2.88 0 0 0 0 0 0 0 0 0 2.35 0 0 0 1.73 0 0 0.54 0 0 0 0 0 0 0.22 0 0 3.3 0 0 0 0 0 0 1.59 0 0 1.03 0 0 0 0 0 0 1.68 0 0 3.82 0 0 0 0 0 0 0.91 0 0 2.66 0 0 0 0 0 0 3.1 0 0 3.6 0 0 0 0 0 0 3.09 0 0 1.46 0 0 0 0 0 0 1.71 0 0 0.54 0 0 0 0 0 0 5.08 0 0 0.91 0 0 0 0 0 0 2.72 0 0 1.74 0 0 0 0 0 0 0 0 0 0 0 0 0 0 0 0 0 0 0 0 0 0 0 0 0 0 0 0 0 0 0 0 0 0 0 0 0 0 0 0 0 0 0 0 0 0 0 0 0 0 0 0 0 0 0 0 0 0 0 0 0 0 0 0 0 0 0 0 0 0 0 0 0 0 0 0 0 0 0 0 0 0 0 0 0 0 0 0 0 0 0 0 0 0 0 0 0 0 0 0 0 0 0 0 0 0 0 0 0 0 0 0 2.14 0 0 0 0 0 0 0 0 0 0.57 0 0 0 0 0 0 0 0 0 1.38 0 0 0 0 0 0 0 0 0 2.42 0 0 0 0 0 0 0 0 0 1.08 0 0 0 0 0 0 0 0 0 0.19 0 0 0 0 0 0 0 0 0 4.18 0 0 0 0 0 0 0 0 0 0.12 0 0 0 0 0 0 0 0 0 3.09 0 0 0 0 0 0 0 0 0 4.98 0 0 0 5.52 0 0 0.09 0 0 0 0 0 0 1.46 0 0 1.85 0 0 0 0 0 0 1.73 0 0 4.28 0 0 0 0 0 0 3.8 0 0 1.1 0 0 0 0 0 0 0.65 0 0 0.34 0 0 0 0 0 0 0.43 0 0 5.03 0 0 0 0 0 0 3.36 0 0 3.16 0 0 0 0 0 0 4.95 0 0 1.43 0 0 0 0 0 0 5.02 0 0 4.28 0 0 0 0 0 0 0.83 0 0 1.97 0 0 0 0 0 0 0 0 0 0 0 0 0 0 0 0 0 0 0 0 0 0 0 0 0 0 0 0 0 0 0 0 0 0 0 0 0 0 0 0 0 0 0 0 0 0 0 0 0 0 0 0 0 0 0 0 0 0 0 0 0 0 0 0 0 0 0 0 0 0 0 0 0 0 0 0 0 0 0 0 0 0 0 0 0 0 0 0 0 0 0 0 0 0 0 0 0 0 0 0 0 0 0 0 0 0 0 0 0 0 0 0 3.16 0 0 0 0 0 0 0 0 0 0.46 0 0 0 0 0 0 0 0 0 0.21 0 0 0 0 0 0 0 0 0 2.07 0 0 0 0 0 0 0 0 0 4.06 0 0 0 0 0 0 0 0 0 3.71 0 0 0 0 0 0 0 0 0 0.16 0 0 0 0 0 0 0 0 0 4.98 0 0 0 0 0 0 0 0 0 3.09 0 0 0 0 0 0 0 0 0 4.61 0 0 0 0.92 0 0 0.11 0 0 0 0 0 0 0.34 0 0 0.05 0 0 0 0 0 0 2.25 0 0 3.35 0 0 0 0 0 0 0.01 0 0 1.18 0 0 0 0 0 0 2.57 0 0 0.31 0 0 0 0 0 0 4.1 0 0 4.56 0 0 0 0 0 0 0.48 0 0 0.28 0 0 0 0 0 0 2.05 0 0 5.16 0 0 0 0 0 0 1.57 0 0 4.62 0 0 0 0 0 0 2.13 0 0 5.16 0 0 0 0 0 0 0 0 0 0 0 0 0 0 0 0 0 0 0 0 0 0 0 0 0 0 0 0 0 0 0 0 0 0 0 0 0 0 0 0 0 0 0 0 0 0 0 0 0 0 0 0 0 0 0 0 0 0 0 0 0 0 0 0 0 0 0 0 0 0 0 0 0 0 0 0 0 0 0 0 0 0 0 0 0 0 0 0 0 0 0 0 0 0 0 0 0 0 0 0 0 0 0 0 0 0 0 0 0 0 0 0 0.82 0 0 0 0 0 0 0 0 0 0.53 0 0 0 0 0 0 0 0 0 2.82 0 0 0 0 0 0 0 0 0 2.09 0 0 0 0 0 0 0 0 0 2.9 0 0 0 0 0 0 0 0 0 2.26 0 0 0 0 0 0 0 0 0 0.77 0 0 0 0 0 0 0 0 0 2.88 0 0 0 0 0 0 0 0 0 4.9 0 0 0 0 0 0 0 0 0 1.31 0 0 0 0 0 0 0 0 0 3.93 0 0 0 0 0 0 0 0 0 1.53 0 0 0 0 0 0 0 0 0 3.51 0 0 0 0 0 0 0 0 0 4.74 0 0 0 0 0 0 0 0 0 2.94 0 0 0 0 0 0 0 0 0 0.97 0 0 0 0 0 0 0 0 0 3.78 0 0 0 0 0 0 0 0 0 5.6 0 0 0 0 0 0 0 0 0 2.85 0 0 0 0 0 0 0 0 0 1.07 0 0 0 1.17 0 0 2.06 0 0 0 0 0 0 2.31 0 0 1.11 0 0 0 0 0 0 2.73 0 0 0.22 0 0 0 0 0 0 0.48 0 0 0.69 0 0 0 0 0 0 2.97 0 0 0.27 0 0 0 0 0 0 0.18 0 0 0.38 0 0 0 0 0 0 1.68 0 0 1.48 0 0 0 0 0 0 4.74 0 0 2.33 0 0 0 0 0 0 0.33 0 0 0.65 0 0 0 0 0 0 0.43 0 0 1.1 0 0 0 0 0 0 0 0 0 0 0 0 0 0 0 0 0 0 0 0 0 0 0 0 0 0 0 0 0 0 0 0 0 0 0 0 0 0 0 0 0 0 0 0 0 0 0 0 0 0 0 0 0 0 0 0 0 0 0 0 0 0 0 0 0 0 0 0 0 0 0 0 0 0 0 0 0 0 0 0 0 0 0 0 0 0 0 0 0 0 0 0 0 0 0 0 0 0 0 0 0 0 0 0 0 0 0 0 0 0 0 0 1.3 0 0 0 0 0 0 0 0 0 1.48 0 0 0 0 0 0 0 0 0 3.76 0 0 0 0 0 0 0 0 0 3.14 0 0 0 0 0 0 0 0 0 2.73 0 0 0 0 0 0 0 0 0 4.1 0 0 0 0 0 0 0 0 0 0.42 0 0 0 0 0 0 0 0 0 1.19 0 0 0 0 0 0 0 0 0 3.85 0 0 0 0 0 0 0 0 0 0.09 0 0 0 1.29 0 0 2.21 0 0 0 0 0 0 0.77 0 0 0.4 0 0 0 0 0 0 2.54 0 0 2.4 0 0 0 0 0 0 0.92 0 0 0.42 0 0 0 0 0 0 4.26 0 0 3.01 0 0 0 0 0 0 3.65 0 0 3.62 0 0 0 0 0 0 3.24 0 0 3.91 0 0 0 0 0 0 2 0 0 3.51 0 0 0 0 0 0 3.95 0 0 0.18 0 0 0 0 0 0 3.81 0 0 0.83 0 0 0 0 0 0 0 0 0 0 0 0 0 0 0 0 0 0 0 0 0 0 0 0 0 0 0 0 0 0 0 0 0 0 0 0 0 0 0 0 0 0 0 0 0 0 0 0 0 0 0 0 0 0 0 0 0 0 0 0 0 0 0 0 0 0 0 0 0 0 0 0 0 0 0 0 0 0 0 0 0 0 0 0 0 0 0 0 0 0 0 0 0 0 0 0 0 0 0 0 0 0 0 0 0 0 0 0 0 0 0 0 5.08 0 0 0 0 0 0 0 0 0 0.9 0 0 0 0 0 0 0 0 0 0.67 0 0 0 0 0 0 0 0 0 0.5 0 0 0 0 0 0 0 0 0 1.66 0 0 0 0 0 0 0 0 0 0.12 0 0 0 0 0 0 0 0 0 0.52 0 0 0 0 0 0 0 0 0 2.2 0 0 0 0 0 0 0 0 0 0.3 0 0 0 0 0 0 0 0 0 4.91 0 0 0 5.09 0 0 3.27 0 0 0 0 0 0 2.91 0 0 5.08 0 0 0 0 0 0 0.87 0 0 0.52 0 0 0 0 0 0 0.37 0 0 0.06 0 0 0 0 0 0 2.91 0 0 0.23 0 0 0 0 0 0 2.49 0 0 0.66 0 0 0 0 0 0 3.25 0 0 3.53 0 0 0 0 0 0 5.73 0 0 0.61 0 0 0 0 0 0 3.98 0 0 5.75 0 0 0 0 0 0 0.87 0 0 1.66 0 0 0 0 0 0 0 0 0 0 0 0 0 0 0 0 0 0 0 0 0 0 0 0 0 0 0 0 0 0 0 0 0 0 0 0 0 0 0 0 0 0 0 0 0 0 0 0 0 0 0 0 0 0 0 0 0 0 0 0 0 0 0 0 0 0 0 0 0 0 0 0 0 0 0 0 0 0 0 0 0 0 0 0 0 0 0 0 0 0 0 0 0 0 0 0 0 0 0 0 0 0 0 0 0 0 0 0 0 0 0 0 1.34 0 0 0 0 0 0 0 0 0 1.16 0 0 0 0 0 0 0 0 0 3.83 0 0 0 0 0 0 0 0 0 0.82 0 0 0 0 0 0 0 0 0 3.98 0 0 0 0 0 0 0 0 0 2.06 0 0 0 0 0 0 0 0 0 0.87 0 0 0 0 0 0 0 0 0 0.34 0 0 0 0 0 0 0 0 0 1.12 0 0 0 0 0 0 0 0 0 2.39 0 0 0 0 0 0 0 0 0 1.23 0 0 0 0 0 0 0 0 0 0.22 0 0 0 0 0 0 0 0 0 1.24 0 0 0 0 0 0 0 0 0 1.47 0 0 0 0 0 0 0 0 0 1.22 0 0 0 0 0 0 0 0 0 2.53 0 0 0 0 0 0 0 0 0 1.72 0 0 0 0 0 0 0 0 0 6.2 0 0 0 0 0 0 0 0 0 3.53 0 0 0 0 0 0 0 0 0 2.21 0 0 0 0.53 0 0 2.43 0 0 0 0 0 0 3.6 0 0 2 0 0 0 0 0 0 0.86 0 0 0.84 0 0 0 0 0 0 3.62 0 0 0.83 0 0 0 0 0 0 0.47 0 0 4.39 0 0 0 0 0 0 3 0 0 1.39 0 0 0 0 0 0 0.85 0 0 0.8 0 0 0 0 0 0 0.51 0 0 3.71 0 0 0 0 0 0 0.45 0 0 1.82 0 0 0 0 0 0 5.44 0 0 1.33 0 0 0 0 0 0 0 0 0 0 0 0 0 0 0 0 0 0 0 0 0 0 0 0 0 0 0 0 0 0 0 0 0 0 0 0 0 0 0 0 0 0 0 0 0 0 0 0 0 0 0 0 0 0 0 0 0 0 0 0 0 0 0 0 0 0 0 0 0 0 0 0 0 0 0 0 0 0 0 0 0 0 0 0 0 0 0 0 0 0 0 0 0 0 0 0 0 0 0 0 0 0 0 0 0 0 0 0 0 0 0 0 1.18 0 0 0 0 0 0 0 0 0 2.83 0 0 0 0 0 0 0 0 0 1.62 0 0 0 0 0 0 0 0 0 3.33 0 0 0 0 0 0 0 0 0 0.24 0 0 0 0 0 0 0 0 0 1.45 0 0 0 0 0 0 0 0 0 0.16 0 0 0 0 0 0 0 0 0 0.37 0 0 0 0 0 0 0 0 0 2.79 0 0 0 0 0 0 0 0 0 0.34 0 0 0 2.67 0 0 4.36 0 0 0 0 0 0 5.21 0 0 0.45 0 0 0 0 0 0 3.03 0 0 3.65 0 0 0 0 0 0 0.53 0 0 4.64 0 0 0 0 0 0 1.91 0 0 1.54 0 0 0 0 0 0 3.67 0 0 0.16 0 0 0 0 0 0 1.29 0 0 1.57 0 0 0 0 0 0 0.35 0 0 1.05 0 0 0 0 0 0 0.21 0 0 1.62 0 0 0 0 0 0 3 0 0 1.23 0 0 0 0 0 0 0 0 0 0 0 0 0 0 0 0 0 0 0 0 0 0 0 0 0 0 0 0 0 0 0 0 0 0 0 0 0 0 0 0 0 0 0 0 0 0 0 0 0 0 0 0 0 0 0 0 0 0 0 0 0 0 0 0 0 0 0 0 0 0 0 0 0 0 0 0 0 0 0 0 0 0 0 0 0 0 0 0 0 0 0 0 0 0 0 0 0 0 0 0 0 0 0 0 0 0 0 0 0 0 0 0 2.07 0 0 0 0 0 0 0 0 0 1.3 0 0 0 0 0 0 0 0 0 2.26 0 0 0 0 0 0 0 0 0 2.96 0 0 0 0 0 0 0 0 0 4.32 0 0 0 0 0 0 0 0 0 2.05 0 0 0 0 0 0 0 0 0 3.91 0 0 0 0 0 0 0 0 0 2.04 0 0 0 0 0 0 0 0 0 2.03 0 0 0 0 0 0 0 0 0 4.44 0 0 0 2.34 0 0 0.88 0 0 0 0 0 0 4.31 0 0 1.79 0 0 0 0 0 0 3.91 0 0 0.3 0 0 0 0 0 0 1.34 0 0 0.34 0 0 0 0 0 0 1.28 0 0 5.14 0 0 0 0 0 0 1.43 0 0 0.16 0 0 0 0 0 0 1.95 0 0 0.63 0 0 0 0 0 0 1.24 0 0 2.89 0 0 0 0 0 0 0.46 0 0 1.04 0 0 0 0 0 0 5.08 0 0 3.22 0 0 0 0 0 0 0 0 0 0 0 0 0 0 0 0 0 0 0 0 0 0 0 0 0 0 0 0 0 0 0 0 0 0 0 0 0 0 0 0 0 0 0 0 0 0 0 0 0 0 0 0 0 0 0 0 0 0 0 0 0 0 0 0 0 0 0 0 0 0 0 0 0 0 0 0 0 0 0 0 0 0 0 0 0 0 0 0 0 0 0 0 0 0 0 0 0 0 0 0 0 0 0 0 0 0 0 0 0 0 0 0 3.85 0 0 0 0 0 0 0 0 0 1.29 0 0 0 0 0 0 0 0 0 0.77 0 0 0 0 0 0 0 0 0 1.34 0 0 0 0 0 0 0 0 0 1.34 0 0 0 0 0 0 0 0 0 2.4 0 0 0 0 0 0 0 0 0 4.82 0 0 0 0 0 0 0 0 0 5.44 0 0 0 0 0 0 0 0 0 0.76 0 0 0 0 0 0 0 0 0 0.83 0 0 0 0 0 0 0 0 0 1.95 0 0 0 0 0 0 0 0 0 1.21 0 0 0 0 0 0 0 0 0 2.62 0 0 0 0 0 0 0 0 0 2.63 0 0 0 0 0 0 0 0 0 5.43 0 0 0 0 0 0 0 0 0 2.18 0 0 0 0 0 0 0 0 0 3.58 0 0 0 0 0 0 0 0 0 0.98 0 0 0 0 0 0 0 0 0 4.07 0 0 0 0 0 0 0 0 0 1.36 0 0 0 0.05 0 0 3.74 0 0 0 0 0 0 1.51 0 0 3.41 0 0 0 0 0 0 3.75 0 0 4.09 0 0 0 0 0 0 0.33 0 0 0.14 0 0 0 0 0 0 1.86 0 0 0.08 0 0 0 0 0 0 0.65 0 0 5.59 0 0 0 0 0 0 0.74 0 0 0.59 0 0 0 0 0 0 3.8 0 0 1.17 0 0 0 0 0 0 0.74 0 0 3.23 0 0 0 0 0 0 1.47 0 0 0.62 0 0 0 0 0 0 0 0 0 0 0 0 0 0 0 0 0 0 0 0 0 0 0 0 0 0 0 0 0 0 0 0 0 0 0 0 0 0 0 0 0 0 0 0 0 0 0 0 0 0 0 0 0 0 0 0 0 0 0 0 0 0 0 0 0 0 0 0 0 0 0 0 0 0 0 0 0 0 0 0 0 0 0 0 0 0 0 0 0 0 0 0 0 0 0 0 0 0 0 0 0 0 0 0 0 0 0 0 0 0 0 0 1.49 0 0 0 0 0 0 0 0 0 3.85 0 0 0 0 0 0 0 0 0 3.84 0 0 0 0 0 0 0 0 0 0.46 0 0 0 0 0 0 0 0 0 3.76 0 0 0 0 0 0 0 0 0 4.01 0 0 0 0 0 0 0 0 0 0.35 0 0 0 0 0 0 0 0 0 3.65 0 0 0 0 0 0 0 0 0 1.18 0 0 0 0 0 0 0 0 0 6.04 0 0 0 2.3 0 0 0.44 0 0 0 0 0 0 1.19 0 0 4.28 0 0 0 0 0 0 3.25 0 0 1.01 0 0 0 0 0 0 2.58 0 0 0.33 0 0 0 0 0 0 4.18 0 0 0.58 0 0 0 0 0 0 1.58 0 0 0.71 0 0 0 0 0 0 5.21 0 0 4.99 0 0 0 0 0 0 4.09 0 0 2.92 0 0 0 0 0 0 5.07 0 0 1.26 0 0 0 0 0 0 3.67 0 0 1.62 0 0 0 0 0 0 0 0 0 0 0 0 0 0 0 0 0 0 0 0 0 0 0 0 0 0 0 0 0 0 0 0 0 0 0 0 0 0 0 0 0 0 0 0 0 0 0 0 0 0 0 0 0 0 0 0 0 0 0 0 0 0 0 0 0 0 0 0 0 0 0 0 0 0 0 0 0 0 0 0 0 0 0 0 0 0 0 0 0 0 0 0 0 0 0 0 0 0 0 0 0 0 0 0 0 0 0 0 0 0 0 0 4.24 0 0 0 0 0 0 0 0 0 2.98 0 0 0 0 0 0 0 0 0 4.3 0 0 0 0 0 0 0 0 0 3.06 0 0 0 0 0 0 0 0 0 1.43 0 0 0 0 0 0 0 0 0 1.03 0 0 0 0 0 0 0 0 0 0.14 0 0 0 0 0 0 0 0 0 1.64 0 0 0 0 0 0 0 0 0 4.44 0 0 0 0 0 0 0 0 0 4.93 0 0 0 1.04 0 0 0.29 0 0 0 0 0 0 1.01 0 0 0.33 0 0 0 0 0 0 0.1 0 0 0.36 0 0 0 0 0 0 1.55 0 0 4.63 0 0 0 0 0 0 2.08 0 0 2.27 0 0 0 0 0 0 2.03 0 0 1.56 0 0 0 0 0 0 1.61 0 0 0.68 0 0 0 0 0 0 2.29 0 0 2.56 0 0 0 0 0 0 0.8 0 0 0.85 0 0 0 0 0 0 0.38 0 0 2.1 0 0 0 0 0 0 0 0 0 0 0 0 0 0 0 0 0 0 0 0 0 0 0 0 0 0 0 0 0 0 0 0 0 0 0 0 0 0 0 0 0 0 0 0 0 0 0 0 0 0 0 0 0 0 0 0 0 0 0 0 0 0 0 0 0 0 0 0 0 0 0 0 0 0 0 0 0 0 0 0 0 0 0 0 0 0 0 0 0 0 0 0 0 0 0 0 0 0 0 0 0 0 0 0 0 0 0 0 0 0 0 0 2.95 0 0 0 0 0 0 0 0 0 0.83 0 0 0 0 0 0 0 0 0 1.24 0 0 0 0 0 0 0 0 0 0.81 0 0 0 0 0 0 0 0 0 2.39 0 0 0 0 0 0 0 0 0 2.63 0 0 0 0 0 0 0 0 0 2.69 0 0 0 0 0 0 0 0 0 2.22 0 0 0 0 0 0 0 0 0 1.03 0 0 0 0 0 0 0 0 0 3.18 0 0 0 0 0 0 0 0 0 3.1 0 0 0 0 0 0 0 0 0 3.51 0 0 0 0 0 0 0 0 0 1.77 0 0 0 0 0 0 0 0 0 4.01 0 0 0 0 0 0 0 0 0 0.36 0 0 0 0 0 0 0 0 0 2.41 0 0 0 0 0 0 0 0 0 1.98 0 0 0 0 0 0 0 0 0 4.01 0 0 0 0 0 0 0 0 0 1.99 0 0 0 0 0 0 0 0 0 3.7 0 0 0 1.66 0 0 0.67 0 0 0 0 0 0 1.54 0 0 2.08 0 0 0 0 0 0 0.17 0 0 1.58 0 0 0 0 0 0 2.4 0 0 2.38 0 0 0 0 0 0 2.42 0 0 1.76 0 0 0 0 0 0 4.17 0 0 2.19 0 0 0 0 0 0 2.11 0 0 4.2 0 0 0 0 0 0 2.33 0 0 4.11 0 0 0 0 0 0 3.07 0 0 0.58 0 0 0 0 0 0 0.66 0 0 1.7 0 0 0 0 0 0 0 0 0 0 0 0 0 0 0 0 0 0 0 0 0 0 0 0 0 0 0 0 0 0 0 0 0 0 0 0 0 0 0 0 0 0 0 0 0 0 0 0 0 0 0 0 0 0 0 0 0 0 0 0 0 0 0 0 0 0 0 0 0 0 0 0 0 0 0 0 0 0 0 0 0 0 0 0 0 0 0 0 0 0 0 0 0 0 0 0 0 0 0 0 0 0 0 0 0 0 0 0 0 0 0 0 0.17 0 0 0 0 0 0 0 0 0 0.3 0 0 0 0 0 0 0 0 0 2.46 0 0 0 0 0 0 0 0 0 0.71 0 0 0 0 0 0 0 0 0 1.51 0 0 0 0 0 0 0 0 0 4.73 0 0 0 0 0 0 0 0 0 1.13 0 0 0 0 0 0 0 0 0 2.13 0 0 0 0 0 0 0 0 0 0.95 0 0 0 0 0 0 0 0 0 5.87 0 0 0 0.57 0 0 0.76 0 0 0 0 0 0 3.49 0 0 0.76 0 0 0 0 0 0 1.37 0 0 1.25 0 0 0 0 0 0 1.41 0 0 0.6 0 0 0 0 0 0 3.94 0 0 1.13 0 0 0 0 0 0 0.92 0 0 2.55 0 0 0 0 0 0 1.35 0 0 3.68 0 0 0 0 0 0 1.78 0 0 0.39 0 0 0 0 0 0 3.42 0 0 2.42 0 0 0 0 0 0 0.99 0 0 4.47 0 0 0 0 0 0 0 0 0 0 0 0 0 0 0 0 0 0 0 0 0 0 0 0 0 0 0 0 0 0 0 0 0 0 0 0 0 0 0 0 0 0 0 0 0 0 0 0 0 0 0 0 0 0 0 0 0 0 0 0 0 0 0 0 0 0 0 0 0 0 0 0 0 0 0 0 0 0 0 0 0 0 0 0 0 0 0 0 0 0 0 0 0 0 0 0 0 0 0 0 0 0 0 0 0 0 0 0 0 0 0 0 4.72 0 0 0 0 0 0 0 0 0 4.75 0 0 0 0 0 0 0 0 0 2.37 0 0 0 0 0 0 0 0 0 3.54 0 0 0 0 0 0 0 0 0 3.29 0 0 0 0 0 0 0 0 0 2.03 0 0 0 0 0 0 0 0 0 3.31 0 0 0 0 0 0 0 0 0 1.11 0 0 0 0 0 0 0 0 0 0.19 0 0 0 0 0 0 0 0 0 0.72 0 0 0 0.47 0 0 1.36 0 0 0 0 0 0 0.96 0 0 1.69 0 0 0 0 0 0 1.13 0 0 1.68 0 0 0 0 0 0 3.37 0 0 0.99 0 0 0 0 0 0 2.37 0 0 2.27 0 0 0 0 0 0 0.7 0 0 2.86 0 0 0 0 0 0 5.51 0 0 1.75 0 0 0 0 0 0 1.13 0 0 0.37 0 0 0 0 0 0 1.08 0 0 2.87 0 0 0 0 0 0 1.2 0 0 0.56 0 0 0 0 0 0 0 0 0 0 0 0 0 0 0 0 0 0 0 0 0 0 0 0 0 0 0 0 0 0 0 0 0 0 0 0 0 0 0 0 0 0 0 0 0 0 0 0 0 0 0 0 0 0 0 0 0 0 0 0 0 0 0 0 0 0 0 0 0 0 0 0 0 0 0 0 0 0 0 0 0 0 0 0 0 0 0 0 0 0 0 0 0 0 0 0 0 0 0 0 0 0 0 0 0 0 0 0 0 0 0 0 2.58 0 0 0 0 0 0 0 0 0 0.07 0 0 0 0 0 0 0 0 0 1.37 0 0 0 0 0 0 0 0 0 1.61 0 0 0 0 0 0 0 0 0 2.61 0 0 0 0 0 0 0 0 0 3.84 0 0 0 0 0 0 0 0 0 2.08 0 0 0 0 0 0 0 0 0 3.19 0 0 0 0 0 0 0 0 0 3.79 0 0 0 0 0 0 0 0 0 5 0 0 0 0 0 0 0 0 0 1.72 0 0 0 0 0 0 0 0 0 2.25 0 0 0 0 0 0 0 0 0 1.37 0 0 0 0 0 0 0 0 0 2.77 0 0 0 0 0 0 0 0 0 1.07 0 0 0 0 0 0 0 0 0 0.27 0 0 0 0 0 0 0 0 0 3.49 0 0 0 0 0 0 0 0 0 1.82 0 0 0 0 0 0 0 0 0 0.22 0 0 0 0 0 0 0 0 0 0.5 0 0 0 0.41 0 0 2.86 0 0 0 0 0 0 4.03 0 0 2.48 0 0 0 0 0 0 3.48 0 0 0.89 0 0 0 0 0 0 3.61 0 0 0.52 0 0 0 0 0 0 0.57 0 0 0.69 0 0 0 0 0 0 3.99 0 0 0.33 0 0 0 0 0 0 3.05 0 0 1 0 0 0 0 0 0 2.44 0 0 2.44 0 0 0 0 0 0 1.02 0 0 4.4 0 0 0 0 0 0 2 0 0 0.74 0 0 0 0 0 0 0 0 0 0 0 0 0 0 0 0 0 0 0 0 0 0 0 0 0 0 0 0 0 0 0 0 0 0 0 0 0 0 0 0 0 0 0 0 0 0 0 0 0 0 0 0 0 0 0 0 0 0 0 0 0 0 0 0 0 0 0 0 0 0 0 0 0 0 0 0 0 0 0 0 0 0 0 0 0 0 0 0 0 0 0 0 0 0 0 0 0 0 0 0 0 0 0 0 0 0 0 0 0 0 0 0 1.8 0 0 0 0 0 0 0 0 0 0.88 0 0 0 0 0 0 0 0 0 3.82 0 0 0 0 0 0 0 0 0 0.63 0 0 0 0 0 0 0 0 0 1.92 0 0 0 0 0 0 0 0 0 1.43 0 0 0 0 0 0 0 0 0 1.07 0 0 0 0 0 0 0 0 0 4.52 0 0 0 0 0 0 0 0 0 2.18 0 0 0 0 0 0 0 0 0 1.22 0 0 0 0.87 0 0 1.03 0 0 0 0 0 0 1.93 0 0 0.98 0 0 0 0 0 0 1.21 0 0 2.03 0 0 0 0 0 0 0.2 0 0 0.59 0 0 0 0 0 0 2.79 0 0 0.33 0 0 0 0 0 0 3.64 0 0 1.43 0 0 0 0 0 0 0.15 0 0 0.5 0 0 0 0 0 0 1.21 0 0 1.34 0 0 0 0 0 0 0.48 0 0 3.41 0 0 0 0 0 0 0.46 0 0 1.51 0 0 0 0 0 0 0 0 0 0 0 0 0 0 0 0 0 0 0 0 0 0 0 0 0 0 0 0 0 0 0 0 0 0 0 0 0 0 0 0 0 0 0 0 0 0 0 0 0 0 0 0 0 0 0 0 0 0 0 0 0 0 0 0 0 0 0 0 0 0 0 0 0 0 0 0 0 0 0 0 0 0 0 0 0 0 0 0 0 0 0 0 0 0 0 0 0 0 0 0 0 0 0 0 0 0 0 0 0 0 0 0 1.21 0 0 0 0 0 0 0 0 0 0.9 0 0 0 0 0 0 0 0 0 1.06 0 0 0 0 0 0 0 0 0 1.03 0 0 0 0 0 0 0 0 0 0.12 0 0 0 0 0 0 0 0 0 1.04 0 0 0 0 0 0 0 0 0 2.21 0 0 0 0 0 0 0 0 0 3.74 0 0 0 0 0 0 0 0 0 0.59 0 0 0 0 0 0 0 0 0 0.61 0 0 0 2.05 0 0 1.32 0 0 0 0 0 0 1.07 0 0 2.95 0 0 0 0 0 0 1.96 0 0 2.4 0 0 0 0 0 0 0.42 0 0 0.31 0 0 0 0 0 0 4.31 0 0 0.41 0 0 0 0 0 0 1.01 0 0 3.72 0 0 0 0 0 0 1.9 0 0 2.03 0 0 0 0 0 0 2.51 0 0 0.3 0 0 0 0 0 0 0.46 0 0 3.76 0 0 0 0 0 0 2.9 0 0 0.86 0 0 0 0 0 0 0 0 0 0 0 0 0 0 0 0 0 0 0 0 0 0 0 0 0 0 0 0 0 0 0 0 0 0 0 0 0 0 0 0 0 0 0 0 0 0 0 0 0 0 0 0 0 0 0 0 0 0 0 0 0 0 0 0 0 0 0 0 0 0 0 0 0 0 0 0 0 0 0 0 0 0 0 0 0 0 0 0 0 0 0 0 0 0 0 0 0 0 0 0 0 0 0 0 0 0 0 0 0 0 0 0 3.65 0 0 0 0 0 0 0 0 0 3.54 0 0 0 0 0 0 0 0 0 0.95 0 0 0 0 0 0 0 0 0 5.02 0 0 0 0 0 0 0 0 0 0.73 0 0 0 0 0 0 0 0 0 0.15 0 0 0 0 0 0 0 0 0 1.58 0 0 0 0 0 0 0 0 0 3.29 0 0 0 0 0 0 0 0 0 4.45 0 0 0 0 0 0 0 0 0 0.33 0 0 0 0 0 0 0 0 0 1.01 0 0 0 0 0 0 0 0 0 0.95 0 0 0 0 0 0 0 0 0 1.35 0 0 0 0 0 0 0 0 0 0.96 0 0 0 0 0 0 0 0 0 4.34 0 0 0 0 0 0 0 0 0 5.52 0 0 0 0 0 0 0 0 0 2.57 0 0 0 0 0 0 0 0 0 0.66 0 0 0 0 0 0 0 0 0 2.73 0 0 0 0 0 0 0 0 0 2.64 0 0 0 0.93 0 0 0.59 0 0 0 0 0 0 0.12 0 0 3.39 0 0 0 0 0 0 2.25 0 0 4.59 0 0 0 0 0 0 4.09 0 0 2.36 0 0 0 0 0 0 3.88 0 0 0.18 0 0 0 0 0 0 0.9 0 0 0.6 0 0 0 0 0 0 0.78 0 0 1.96 0 0 0 0 0 0 0.2 0 0 4.23 0 0 0 0 0 0 1.86 0 0 0.84 0 0 0 0 0 0 0.3 0 0 0.61 0 0 0 0 0 0 0 0 0 0 0 0 0 0 0 0 0 0 0 0 0 0 0 0 0 0 0 0 0 0 0 0 0 0 0 0 0 0 0 0 0 0 0 0 0 0 0 0 0 0 0 0 0 0 0 0 0 0 0 0 0 0 0 0 0 0 0 0 0 0 0 0 0 0 0 0 0 0 0 0 0 0 0 0 0 0 0 0 0 0 0 0 0 0 0 0 0 0 0 0 0 0 0 0 0 0 0 0 0 0 0 0 4.29 0 0 0 0 0 0 0 0 0 0.37 0 0 0 0 0 0 0 0 0 4.24 0 0 0 0 0 0 0 0 0 0.6 0 0 0 0 0 0 0 0 0 0.1 0 0 0 0 0 0 0 0 0 0.8 0 0 0 0 0 0 0 0 0 0.48 0 0 0 0 0 0 0 0 0 1.05 0 0 0 0 0 0 0 0 0 1.31 0 0 0 0 0 0 0 0 0 4.11 0 0 0 3.88 0 0 1.36 0 0 0 0 0 0 3.13 0 0 3.03 0 0 0 0 0 0 4.11 0 0 0.21 0 0 0 0 0 0 2 0 0 4.64 0 0 0 0 0 0 3.71 0 0 0.98 0 0 0 0 0 0 5 0 0 1.06 0 0 0 0 0 0 4.45 0 0 6.01 0 0 0 0 0 0 0.91 0 0 4.03 0 0 0 0 0 0 1.25 0 0 3.51 0 0 0 0 0 0 0.84 0 0 0.34 0 0 0 0 0 0 0 0 0 0 0 0 0 0 0 0 0 0 0 0 0 0 0 0 0 0 0 0 0 0 0 0 0 0 0 0 0 0 0 0 0 0 0 0 0 0 0 0 0 0 0 0 0 0 0 0 0 0 0 0 0 0 0 0 0 0 0 0 0 0 0 0 0 0 0 0 0 0 0 0 0 0 0 0 0 0 0 0 0 0 0 0 0 0 0 0 0 0 0 0 0 0 0 0 0 0 0 0 0 0 0 0 1.09 0 0 0 0 0 0 0 0 0 3.7 0 0 0 0 0 0 0 0 0 2.72 0 0 0 0 0 0 0 0 0 1.33 0 0 0 0 0 0 0 0 0 2.32 0 0 0 0 0 0 0 0 0 1.1 0 0 0 0 0 0 0 0 0 1.89 0 0 0 0 0 0 0 0 0 3.14 0 0 0 0 0 0 0 0 0 1.63 0 0 0 0 0 0 0 0 0 1.58 0 0 0 0.1 0 0 0.98 0 0 0 0 0 0 3.92 0 0 5.46 0 0 0 0 0 0 0.96 0 0 4.83 0 0 0 0 0 0 3.27 0 0 1.83 0 0 0 0 0 0 4.22 0 0 1.96 0 0 0 0 0 0 1.42 0 0 0.97 0 0 0 0 0 0 3.15 0 0 0.78 0 0 0 0 0 0 4.26 0 0 0.23 0 0 0 0 0 0 1.31 0 0 2.72 0 0 0 0 0 0 2.74 0 0 3.65 0 0 0 0 0 0 0 0 0 0 0 0 0 0 0 0 0 0 0 0 0 0 0 0 0 0 0 0 0 0 0 0 0 0 0 0 0 0 0 0 0 0 0 0 0 0 0 0 0 0 0 0 0 0 0 0 0 0 0 0 0 0 0 0 0 0 0 0 0 0 0 0 0 0 0 0 0 0 0 0 0 0 0 0 0 0 0 0 0 0 0 0 0 0 0 0 0 0 0 0 0 0 0 0 0 0 0 0 0 0 0 0 0.96 0 0 0 0 0 0 0 0 0 1.63 0 0 0 0 0 0 0 0 0 2.07 0 0 0 0 0 0 0 0 0 4.16 0 0 0 0 0 0 0 0 0 0.4 0 0 0 0 0 0 0 0 0 1.35 0 0 0 0 0 0 0 0 0 1.32 0 0 0 0 0 0 0 0 0 0.28 0 0 0 0 0 0 0 0 0 1.58 0 0 0 0 0 0 0 0 0 3.86 0 0 0 0 0 0 0 0 0 1.61 0 0 0 0 0 0 0 0 0 3.35 0 0 0 0 0 0 0 0 0 0.34 0 0 0 0 0 0 0 0 0 3.04 0 0 0 0 0 0 0 0 0 0.75 0 0 0 0 0 0 0 0 0 2.34 0 0 0 0 0 0 0 0 0 0.65 0 0 0 0 0 0 0 0 0 5.52 0 0 0 0 0 0 0 0 0 0.26 0 0 0 0 0 0 0 0 0 0.72 0 0 0 1.42 0 0 2.2 0 0 0 0 0 0 0.7 0 0 3.46 0 0 0 0 0 0 1.04 0 0 3.92 0 0 0 0 0 0 2.32 0 0 1.88 0 0 0 0 0 0 0.19 0 0 5.52 0 0 0 0 0 0 0.98 0 0 1.94 0 0 0 0 0 0 2.84 0 0 5.27 0 0 0 0 0 0 1.37 0 0 1.17 0 0 0 0 0 0 2.33 0 0 1.78 0 0 0 0 0 0 2.63 0 0 0.49 0 0 0 0 0 0 0 0 0 0 0 0 0 0 0 0 0 0 0 0 0 0 0 0 0 0 0 0 0 0 0 0 0 0 0 0 0 0 0 0 0 0 0 0 0 0 0 0 0 0 0 0 0 0 0 0 0 0 0 0 0 0 0 0 0 0 0 0 0 0 0 0 0 0 0 0 0 0 0 0 0 0 0 0 0 0 0 0 0 0 0 0 0 0 0 0 0 0 0 0 0 0 0 0 0 0 0 0 0 0 0 0 0.89 0 0 0 0 0 0 0 0 0 0.87 0 0 0 0 0 0 0 0 0 3.55 0 0 0 0 0 0 0 0 0 0.33 0 0 0 0 0 0 0 0 0 1.36 0 0 0 0 0 0 0 0 0 1.87 0 0 0 0 0 0 0 0 0 0.61 0 0 0 0 0 0 0 0 0 3.36 0 0 0 0 0 0 0 0 0 0.28 0 0 0 0 0 0 0 0 0 0.35 0 0 0 1.34 0 0 0.71 0 0 0 0 0 0 4.25 0 0 1.62 0 0 0 0 0 0 2.18 0 0 4.36 0 0 0 0 0 0 4.54 0 0 1.3 0 0 0 0 0 0 0.41 0 0 2.96 0 0 0 0 0 0 0.71 0 0 1.41 0 0 0 0 0 0 0.61 0 0 0.9 0 0 0 0 0 0 0.53 0 0 0.83 0 0 0 0 0 0 4.71 0 0 0.77 0 0 0 0 0 0 2.3 0 0 3.3 0 0 0 0 0 0 0 0 0 0 0 0 0 0 0 0 0 0 0 0 0 0 0 0 0 0 0 0 0 0 0 0 0 0 0 0 0 0 0 0 0 0 0 0 0 0 0 0 0 0 0 0 0 0 0 0 0 0 0 0 0 0 0 0 0 0 0 0 0 0 0 0 0 0 0 0 0 0 0 0 0 0 0 0 0 0 0 0 0 0 0 0 0 0 0 0 0 0 0 0 0 0 0 0 0 0 0 0 0 0 0 0 0.3 0 0 0 0 0 0 0 0 0 1.02 0 0 0 0 0 0 0 0 0 2.07 0 0 0 0 0 0 0 0 0 2.02 0 0 0 0 0 0 0 0 0 2.8 0 0 0 0 0 0 0 0 0 1.96 0 0 0 0 0 0 0 0 0 1.01 0 0 0 0 0 0 0 0 0 0.53 0 0 0 0 0 0 0 0 0 2.14 0 0 0 0 0 0 0 0 0 5.33 0 0 0 3.76 0 0 0.32 0 0 0 0 0 0 1.75 0 0 0.09 0 0 0 0 0 0 5.05 0 0 0.64 0 0 0 0 0 0 5.88 0 0 0.23 0 0 0 0 0 0 0.92 0 0 2.64 0 0 0 0 0 0 1.02 0 0 5.12 0 0 0 0 0 0 2.68 0 0 3.75 0 0 0 0 0 0 1.93 0 0 0.33 0 0 0 0 0 0 1.92 0 0 4.23 0 0 0 0 0 0 2.47 0 0 3.47 0 0 0 0 0 0 0 0 0 0 0 0 0 0 0 0 0 0 0 0 0 0 0 0 0 0 0 0 0 0 0 0 0 0 0 0 0 0 0 0 0 0 0 0 0 0 0 0 0 0 0 0 0 0 0 0 0 0 0 0 0 0 0 0 0 0 0 0 0 0 0 0 0 0 0 0 0 0 0 0 0 0 0 0 0 0 0 0 0 0 0 0 0 0 0 0 0 0 0 0 0 0 0 0 0 0 0 0 0 0 0 0 0.73 0 0 0 0 0 0 0 0 0 1.26 0 0 0 0 0 0 0 0 0 0.1 0 0 0 0 0 0 0 0 0 0.92 0 0 0 0 0 0 0 0 0 5.43 0 0 0 0 0 0 0 0 0 2.91 0 0 0 0 0 0 0 0 0 2.47 0 0 0 0 0 0 0 0 0 4.73 0 0 0 0 0 0 0 0 0 2.04 0 0 0 0 0 0 0 0 0 0.29 0 0 
0 0 0 0 0 0 0 0.97 0 0 0 0 0 0 0 0 0 5.88 0 0 0 0 0 0 0 0 0 2.91 0 0 0 0 0 0 0 0 0 0.19 0 0 0 0 0 0 0 0 0 2.37 0 0 0 0 0 0 0 0 0 2.47 0 0 0 0 0 0 0 0 0 2.32 0 0 0 0 0 0 0 0 0 0.19 0 0 0 0 0 0 0 0 0 0.4 0 0 0 0 0 0 0 0 0 2.51 0 0 0 0.64 0 0 5 0 0 0 0 0 0 1.1 0 0 1.28 0 0 0 0 0 0 1.97 0 0 2.81 0 0 0 0 0 0 0.54 0 0 3.45 0 0 0 0 0 0 0.4 0 0 1.31 0 0 0 0 0 0 0.41 0 0 2.4 0 0 0 0 0 0 1.95 0 0 2.14 0 0 0 0 0 0 1.51 0 0 4.05 0 0 0 0 0 0 0.12 0 0 0.42 0 0 0 0 0 0 4.07 0 0 2.92 0 0 0 0 0 0 0 0 0 0 0 0 0 0 0 0 0 0 0 0 0 0 0 0 0 0 0 0 0 0 0 0 0 0 0 0 0 0 0 0 0 0 0 0 0 0 0 0 0 0 0 0 0 0 0 0 0 0 0 0 0 0 0 0 0 0 0 0 0 0 0 0 0 0 0 0 0 0 0 0 0 0 0 0 0 0 0 0 0 0 0 0 0 0 0 0 0 0 0 0 0 0 0 0 0 0 0 0 0 0 0 0 4.65 0 0 0 0 0 0 0 0 0 0.66 0 0 0 0 0 0 0 0 0 3.39 0 0 0 0 0 0 0 0 0 3.87 0 0 0 0 0 0 0 0 0 0.44 0 0 0 0 0 0 0 0 0 1.16 0 0 0 0 0 0 0 0 0 4.53 0 0 0 0 0 0 0 0 0 1.52 0 0 0 0 0 0 0 0 0 0.05 0 0 0 0 0 0 0 0 0 0.29 0 0 0 1.13 0 0 1.35 0 0 0 0 0 0 3.54 0 0 2.39 0 0 0 0 0 0 1.21 0 0 0.75 0 0 0 0 0 0 2.01 0 0 1.11 0 0 0 0 0 0 4.49 0 0 0.75 0 0 0 0 0 0 0.43 0 0 0.48 0 0 0 0 0 0 4.58 0 0 2.27 0 0 0 0 0 0 4.31 0 0 3.16 0 0 0 0 0 0 0.73 0 0 0.95 0 0 0 0 0 0 3.28 0 0 2.48 0 0 0 0 0 0 0 0 0 0 0 0 0 0 0 0 0 0 0 0 0 0 0 0 0 0 0 0 0 0 0 0 0 0 0 0 0 0 0 0 0 0 0 0 0 0 0 0 0 0 0 0 0 0 0 0 0 0 0 0 0 0 0 0 0 0 0 0 0 0 0 0 0 0 0 0 0 0 0 0 0 0 0 0 0 0 0 0 0 0 0 0 0 0 0 0 0 0 0 0 0 0 0 0 0 0 0 0 0 0 0 0 2.18 0 0 0 0 0 0 0 0 0 4.94 0 0 0 0 0 0 0 0 0 5.13 0 0 0 0 0 0 0 0 0 2.15 0 0 0 0 0 0 0 0 0 0.72 0 0 0 0 0 0 0 0 0 0.1 0 0 0 0 0 0 0 0 0 1.73 0 0 0 0 0 0 0 0 0 0.87 0 0 0 0 0 0 0 0 0 6.05 0 0 0 0 0 0 0 0 0 2.13 0 0 0 4.68 0 0 1.75 0 0 0 0 0 0 1.53 0 0 2.5 0 0 0 0 0 0 0.76 0 0 0.87 0 0 0 0 0 0 0.65 0 0 0.2 0 0 0 0 0 0 0.78 0 0 2.9 0 0 0 0 0 0 3.76 0 0 1.46 0 0 0 0 0 0 2.11 0 0 3.54 0 0 0 0 0 0 0.1 0 0 2.33 0 0 0 0 0 0 4.5 0 0 4.49 0 0 0 0 0 0 4.42 0 0 0.8 0 0 0 0 0 0 0 0 0 0 0 0 0 0 0 0 0 0 0 0 0 0 0 0 0 0 0 0 0 0 0 0 0 0 0 0 0 0 0 0 0 0 0 0 0 0 0 0 0 0 0 0 0 0 0 0 0 0 0 0 0 0 0 0 0 0 0 0 0 0 0 0 0 0 0 0 0 0 0 0 0 0 0 0 0 0 0 0 0 0 0 0 0 0 0 0 0 0 0 0 0 0 0 0 0 0 0 0 0 0 0 0 0.7 0 0 0 0 0 0 0 0 0 0.66 0 0 0 0 0 0 0 0 0 3.27 0 0 0 0 0 0 0 0 0 1.72 0 0 0 0 0 0 0 0 0 0.83 0 0 0 0 0 0 0 0 0 0.64 0 0 0 0 0 0 0 0 0 0.98 0 0 0 0 0 0 0 0 0 0.34 0 0 0 0 0 0 0 0 0 3.39 0 0 0 0 0 0 0 0 0 0.38 0 0 0 0 0 0 0 0 0 1.45 0 0 0 0 0 0 0 0 0 5.58 0 0 0 0 0 0 0 0 0 3.02 0 0 0 0 0 0 0 0 0 4.4 0 0 0 0 0 0 0 0 0 4.2 0 0 0 0 0 0 0 0 0 0.78 0 0 0 0 0 0 0 0 0 1.11 0 0 0 0 0 0 0 0 0 3.49 0 0 0 0 0 0 0 0 0 3.2 0 0 0 0 0 0 0 0 0 2.39 0 0 0 4.53 0 0 1.2 0 0 0 0 0 0 1.62 0 0 2.23 0 0 0 0 0 0 2.96 0 0 2.46 0 0 0 0 0 0 3.91 0 0 5.49 0 0 0 0 0 0 1.96 0 0 1.63 0 0 0 0 0 0 4.73 0 0 4.34 0 0 0 0 0 0 3.71 0 0 5.26 0 0 0 0 0 0 3.33 0 0 4.38 0 0 0 0 0 0 0.26 0 0 1.86 0 0 0 0 0 0 2.38 0 0 1.84 0 0 0 0 0 0 0 0 0 0 0 0 0 0 0 0 0 0 0 0 0 0 0 0 0 0 0 0 0 0 0 0 0 0 0 0 0 0 0 0 0 0 0 0 0 0 0 0 0 0 0 0 0 0 0 0 0 0 0 0 0 0 0 0 0 0 0 0 0 0 0 0 0 0 0 0 0 0 0 0 0 0 0 0 0 0 0 0 0 0 0 0 0 0 0 0 0 0 0 0 0 0 0 0 0 0 0 0 0 0 0 0 3.3 0 0 0 0 0 0 0 0 0 0.69 0 0 0 0 0 0 0 0 0 4.73 0 0 0 0 0 0 0 0 0 0.67 0 0 0 0 0 0 0 0 0 2.79 0 0 0 0 0 0 0 0 0 5.52 0 0 0 0 0 0 0 0 0 1.21 0 0 0 0 0 0 0 0 0 0.64 0 0 0 0 0 0 0 0 0 1.27 0 0 0 0 0 0 0 0 0 2 0 0 0 3.63 0 0 0.62 0 0 0 0 0 0 1.44 0 0 0.14 0 0 0 0 0 0 2.54 0 0 4.19 0 0 0 0 0 0 5.12 0 0 3.43 0 0 0 0 0 0 4.53 0 0 3 0 0 0 0 0 0 4.42 0 0 5.04 0 0 0 0 0 0 5.12 0 0 0.67 0 0 0 0 0 0 3.46 0 0 0.91 0 0 0 0 0 0 0.38 0 0 5.22 0 0 0 0 0 0 0.3 0 0 3.92 0 0 0 0 0 0 0 0 0 0 0 0 0 0 0 0 0 0 0 0 0 0 0 0 0 0 0 0 0 0 0 0 0 0 0 0 0 0 0 0 0 0 0 0 0 0 0 0 0 0 0 0 0 0 0 0 0 0 0 0 0 0 0 0 0 0 0 0 0 0 0 0 0 0 0 0 0 0 0 0 0 0 0 0 0 0 0 0 0 0 0 0 0 0 0 0 0 0 0 0 0 0 0 0 0 0 0 0 0 0 0 0 3.73 0 0 0 0 0 0 0 0 0 0.16 0 0 0 0 0 0 0 0 0 2.53 0 0 0 0 0 0 0 0 0 4.71 0 0 0 0 0 0 0 0 0 0.55 0 0 0 0 0 0 0 0 0 3.73 0 0 0 0 0 0 0 0 0 3.6 0 0 0 0 0 0 0 0 0 0.71 0 0 0 0 0 0 0 0 0 4.47 0 0 0 0 0 0 0 0 0 2.32 0 0 0 3.51 0 0 1.75 0 0 0 0 0 0 2.61 0 0 2.93 0 0 0 0 0 0 3.4 0 0 3.14 0 0 0 0 0 0 0.9 0 0 3.95 0 0 0 0 0 0 0.32 0 0 1.14 0 0 0 0 0 0 1.66 0 0 3.93 0 0 0 0 0 0 0.15 0 0 0.5 0 0 0 0 0 0 3.04 0 0 0.73 0 0 0 0 0 0 0.72 0 0 0.78 0 0 0 0 0 0 4 0 0 0.31 0 0 0 0 0 0 0 0 0 0 0 0 0 0 0 0 0 0 0 0 0 0 0 0 0 0 0 0 0 0 0 0 0 0 0 0 0 0 0 0 0 0 0 0 0 0 0 0 0 0 0 0 0 0 0 0 0 0 0 0 0 0 0 0 0 0 0 0 0 0 0 0 0 0 0 0 0 0 0 0 0 0 0 0 0 0 0 0 0 0 0 0 0 0 0 0 0 0 0 0 0 0 0 0 0 0 0 0 0 0 0 0 0.36 0 0 0 0 0 0 0 0 0 0.58 0 0 0 0 0 0 0 0 0 1.59 0 0 0 0 0 0 0 0 0 3.57 0 0 0 0 0 0 0 0 0 2.53 0 0 0 0 0 0 0 0 0 5.25 0 0 0 0 0 0 0 0 0 0.56 0 0 0 0 0 0 0 0 0 0.53 0 0 0 0 0 0 0 0 0 4.71 0 0 0 0 0 0 0 0 0 2.05 0 0 0 0 0 0 0 0 0 2.79 0 0 0 0 0 0 0 0 0 0.77 0 0 0 0 0 0 0 0 0 0.64 0 0 0 0 0 0 0 0 0 2.83 0 0 0 0 0 0 0 0 0 1.34 0 0 0 0 0 0 0 0 0 0.11 0 0 0 0 0 0 0 0 0 3.99 0 0 0 0 0 0 0 0 0 2.68 0 0 0 0 0 0 0 0 0 3.12 0 0 0 0 0 0 0 0 0 2.34 0 0 0 1.65 0 0 0.52 0 0 0 0 0 0 0.16 0 0 3.3 0 0 0 0 0 0 1.97 0 0 0.84 0 0 0 0 0 0 1.54 0 0 3.73 0 0 0 0 0 0 0.73 0 0 2.76 0 0 0 0 0 0 2.96 0 0 3.9 0 0 0 0 0 0 3.01 0 0 1.41 0 0 0 0 0 0 1.72 0 0 0.59 0 0 0 0 0 0 5.13 0 0 0.81 0 0 0 0 0 0 2.44 0 0 1.85 0 0 0 0 0 0 0 0 0 0 0 0 0 0 0 0 0 0 0 0 0 0 0 0 0 0 0 0 0 0 0 0 0 0 0 0 0 0 0 0 0 0 0 0 0 0 0 0 0 0 0 0 0 0 0 0 0 0 0 0 0 0 0 0 0 0 0 0 0 0 0 0 0 0 0 0 0 0 0 0 0 0 0 0 0 0 0 0 0 0 0 0 0 0 0 0 0 0 0 0 0 0 0 0 0 0 0 0 0 0 0 0 2.3 0 0 0 0 0 0 0 0 0 0.83 0 0 0 0 0 0 0 0 0 1.22 0 0 0 0 0 0 0 0 0 1.95 0 0 0 0 0 0 0 0 0 1.22 0 0 0 0 0 0 0 0 0 0.23 0 0 0 0 0 0 0 0 0 3.81 0 0 0 0 0 0 0 0 0 0.09 0 0 0 0 0 0 0 0 0 3.2 0 0 0 0 0 0 0 0 0 4.99 0 0 0 5.38 0 0 0.06 0 0 0 0 0 0 1.41 0 0 1.88 0 0 0 0 0 0 1.67 0 0 4.45 0 0 0 0 0 0 3.55 0 0 1 0 0 0 0 0 0 0.62 0 0 0.32 0 0 0 0 0 0 0.49 0 0 4.96 0 0 0 0 0 0 3.4 0 0 3.27 0 0 0 0 0 0 4.73 0 0 1.59 0 0 0 0 0 0 4.66 0 0 4.48 0 0 0 0 0 0 0.99 0 0 2.15 0 0 0 0 0 0 0 0 0 0 0 0 0 0 0 0 0 0 0 0 0 0 0 0 0 0 0 0 0 0 0 0 0 0 0 0 0 0 0 0 0 0 0 0 0 0 0 0 0 0 0 0 0 0 0 0 0 0 0 0 0 0 0 0 0 0 0 0 0 0 0 0 0 0 0 0 0 0 0 0 0 0 0 0 0 0 0 0 0 0 0 0 0 0 0 0 0 0 0 0 0 0 0 0 0 0 0 0 0 0 0 0 3.27 0 0 0 0 0 0 0 0 0 0.46 0 0 0 0 0 0 0 0 0 0.22 0 0 0 0 0 0 0 0 0 1.88 0 0 0 0 0 0 0 0 0 3.93 0 0 0 0 0 0 0 0 0 3.69 0 0 0 0 0 0 0 0 0 0.22 0 0 0 0 0 0 0 0 0 4.88 0 0 0 0 0 0 0 0 0 3.44 0 0 0 0 0 0 0 0 0 4.66 0 0 0 0.77 0 0 0.1 0 0 0 0 0 0 0.4 0 0 0.08 0 0 0 0 0 0 2.07 0 0 3.34 0 0 0 0 0 0 0.04 0 0 0.98 0 0 0 0 0 0 2.56 0 0 0.27 0 0 0 0 0 0 4.24 0 0 4.37 0 0 0 0 0 0 0.43 0 0 0.24 0 0 0 0 0 0 2.41 0 0 5.02 0 0 0 0 0 0 1.55 0 0 4.62 0 0 0 0 0 0 2.02 0 0 5.08 0 0 0 0 0 0 0 0 0 0 0 0 0 0 0 0 0 0 0 0 0 0 0 0 0 0 0 0 0 0 0 0 0 0 0 0 0 0 0 0 0 0 0 0 0 0 0 0 0 0 0 0 0 0 0 0 0 0 0 0 0 0 0 0 0 0 0 0 0 0 0 0 0 0 0 0 0 0 0 0 0 0 0 0 0 0 0 0 0 0 0 0 0 0 0 0 0 0 0 0 0 0 0 0 0 0 0 0 0 0 0 0 0.84 0 0 0 0 0 0 0 0 0 0.66 0 0 0 0 0 0 0 0 0 2.85 0 0 0 0 0 0 0 0 0 2.07 0 0 0 0 0 0 0 0 0 2.82 0 0 0 0 0 0 0 0 0 2.43 0 0 0 0 0 0 0 0 0 1.04 0 0 0 0 0 0 0 0 0 3.04 0 0 0 0 0 0 0 0 0 5.05 0 0 0 0 0 0 0 0 0 1.42 0 0 0 0 0 0 0 0 0 4.04 0 0 0 0 0 0 0 0 0 1.82 0 0 0 0 0 0 0 0 0 3.34 0 0 0 0 0 0 0 0 0 4.83 0 0 0 0 0 0 0 0 0 3.02 0 0 0 0 0 0 0 0 0 0.71 0 0 0 0 0 0 0 0 0 3.84 0 0 0 0 0 0 0 0 0 5.43 0 0 0 0 0 0 0 0 0 2.82 0 0 0 0 0 0 0 0 0 1.23 0 0 0 1.15 0 0 1.98 0 0 0 0 0 0 2.41 0 0 1.23 0 0 0 0 0 0 2.82 0 0 0.15 0 0 0 0 0 0 0.42 0 0 0.77 0 0 0 0 0 0 3.21 0 0 0.42 0 0 0 0 0 0 0.22 0 0 0.32 0 0 0 0 0 0 1.9 0 0 1.23 0 0 0 0 0 0 5.03 0 0 2.21 0 0 0 0 0 0 0.52 0 0 0.76 0 0 0 0 0 0 0.37 0 0 1.2 0 0 0 0 0 0 0 0 0 0 0 0 0 0 0 0 0 0 0 0 0 0 0 0 0 0 0 0 0 0 0 0 0 0 0 0 0 0 0 0 0 0 0 0 0 0 0 0 0 0 0 0 0 0 0 0 0 0 0 0 0 0 0 0 0 0 0 0 0 0 0 0 0 0 0 0 0 0 0 0 0 0 0 0 0 0 0 0 0 0 0 0 0 0 0 0 0 0 0 0 0 0 0 0 0 0 0 0 0 0 0 0 1.44 0 0 0 0 0 0 0 0 0 1.43 0 0 0 0 0 0 0 0 0 3.54 0 0 0 0 0 0 0 0 0 3.24 0 0 0 0 0 0 0 0 0 2.67 0 0 0 0 0 0 0 0 0 4.34 0 0 0 0 0 0 0 0 0 0.31 0 0 0 0 0 0 0 0 0 1.13 0 0 0 0 0 0 0 0 0 3.76 0 0 0 0 0 0 0 0 0 0.11 0 0 0 1.39 0 0 2.34 0 0 0 0 0 0 0.72 0 0 0.53 0 0 0 0 0 0 2.49 0 0 2.4 0 0 0 0 0 0 0.88 0 0 0.35 0 0 0 0 0 0 4.34 0 0 3.22 0 0 0 0 0 0 3.45 0 0 3.65 0 0 0 0 0 0 2.87 0 0 3.87 0 0 0 0 0 0 1.73 0 0 3.61 0 0 0 0 0 0 3.79 0 0 0.2 0 0 0 0 0 0 3.58 0 0 0.72 0 0 0 0 0 0 0 0 0 0 0 0 0 0 0 0 0 0 0 0 0 0 0 0 0 0 0 0 0 0 0 0 0 0 0 0 0 0 0 0 0 0 0 0 0 0 0 0 0 0 0 0 0 0 0 0 0 0 0 0 0 0 0 0 0 0 0 0 0 0 0 0 0 0 0 0 0 0 0 0 0 0 0 0 0 0 0 0 0 0 0 0 0 0 0 0 0 0 0 0 0 0 0 0 0 0 0 0 0 0 0 0 5.29 0 0 0 0 0 0 0 0 0 0.81 0 0 0 0 0 0 0 0 0 0.54 0 0 0 0 0 0 0 0 0 0.63 0 0 0 0 0 0 0 0 0 1.92 0 0 0 0 0 0 0 0 0 0.05 0 0 0 0 0 0 0 0 0 0.49 0 0 0 0 0 0 0 0 0 2.04 0 0 0 0 0 0 0 0 0 0.22 0 0 0 0 0 0 0 0 0 4.58 0 0 0 5.32 0 0 3.32 0 0 0 0 0 0 2.7 0 0 5.26 0 0 0 0 0 0 0.87 0 0 0.49 0 0 0 0 0 0 0.39 0 0 0.08 0 0 0 0 0 0 3.05 0 0 0.34 0 0 0 0 0 0 2.36 0 0 0.81 0 0 0 0 0 0 3.27 0 0 3.46 0 0 0 0 0 0 5.42 0 0 0.59 0 0 0 0 0 0 3.98 0 0 5.38 0 0 0 0 0 0 0.98 0 0 1.59 0 0 0 0 0 0 0 0 0 0 0 0 0 0 0 0 0 0 0 0 0 0 0 0 0 0 0 0 0 0 0 0 0 0 0 0 0 0 0 0 0 0 0 0 0 0 0 0 0 0 0 0 0 0 0 0 0 0 0 0 0 0 0 0 0 0 0 0 0 0 0 0 0 0 0 0 0 0 0 0 0 0 0 0 0 0 0 0 0 0 0 0 0 0 0 0 0 0 0 0 0 0 0 0 0 0 0 0 0 0 0 0 1.28 0 0 0 0 0 0 0 0 0 0.98 0 0 0 0 0 0 0 0 0 3.88 0 0 0 0 0 0 0 0 0 0.96 0 0 0 0 0 0 0 0 0 3.82 0 0 0 0 0 0 0 0 0 2.28 0 0 0 0 0 0 0 0 0 0.83 0 0 0 0 0 0 0 0 0 0.29 0 0 0 0 0 0 0 0 0 1.35 0 0 0 0 0 0 0 0 0 2.42 0 0 0 0 0 0 0 0 0 1.31 0 0 0 0 0 0 0 0 0 0.2 0 0 0 0 0 0 0 0 0 1.49 0 0 0 0 0 0 0 0 0 1.13 0 0 0 0 0 0 0 0 0 1.46 0 0 0 0 0 0 0 0 0 2.58 0 0 0 0 0 0 0 0 0 1.71 0 0 0 0 0 0 0 0 0 6.17 0 0 0 0 0 0 0 0 0 3.57 0 0 0 0 0 0 0 0 0 2.06 0 0 0 0.62 0 0 2.38 0 0 0 0 0 0 3.57 0 0 2.27 0 0 0 0 0 0 0.79 0 0 0.98 0 0 0 0 0 0 3.47 0 0 0.93 0 0 0 0 0 0 0.56 0 0 4.23 0 0 0 0 0 0 2.98 0 0 1.41 0 0 0 0 0 0 0.78 0 0 0.72 0 0 0 0 0 0 0.47 0 0 3.9 0 0 0 0 0 0 0.5 0 0 2.13 0 0 0 0 0 0 5.06 0 0 1.39 0 0 0 0 0 0 0 0 0 0 0 0 0 0 0 0 0 0 0 0 0 0 0 0 0 0 0 0 0 0 0 0 0 0 0 0 0 0 0 0 0 0 0 0 0 0 0 0 0 0 0 0 0 0 0 0 0 0 0 0 0 0 0 0 0 0 0 0 0 0 0 0 0 0 0 0 0 0 0 0 0 0 0 0 0 0 0 0 0 0 0 0 0 0 0 0 0 0 0 0 0 0 0 0 0 0 0 0 0 0 0 0 1.02 0 0 0 0 0 0 0 0 0 2.86 0 0 0 0 0 0 0 0 0 1.35 0 0 0 0 0 0 0 0 0 3.56 0 0 0 0 0 0 0 0 0 0.16 0 0 0 0 0 0 0 0 0 1.34 0 0 0 0 0 0 0 0 0 0.12 0 0 0 0 0 0 0 0 0 0.28 0 0 0 0 0 0 0 0 0 3.02 0 0 0 0 0 0 0 0 0 0.27 0 0 0 2.75 0 0 4.16 0 0 0 0 0 0 5.69 0 0 0.42 0 0 0 0 0 0 2.95 0 0 3.73 0 0 0 0 0 0 0.59 0 0 4.44 0 0 0 0 0 0 1.88 0 0 1.41 0 0 0 0 0 0 3.54 0 0 0.08 0 0 0 0 0 0 1.33 0 0 1.5 0 0 0 0 0 0 0.46 0 0 0.93 0 0 0 0 0 0 0.31 0 0 1.95 0 0 0 0 0 0 3.05 0 0 1.06 0 0 0 0 0 0 0 0 0 0 0 0 0 0 0 0 0 0 0 0 0 0 0 0 0 0 0 0 0 0 0 0 0 0 0 0 0 0 0 0 0 0 0 0 0 0 0 0 0 0 0 0 0 0 0 0 0 0 0 0 0 0 0 0 0 0 0 0 0 0 0 0 0 0 0 0 0 0 0 0 0 0 0 0 0 0 0 0 0 0 0 0 0 0 0 0 0 0 0 0 0 0 0 0 0 0 0 0 0 0 0 0 1.95 0 0 0 0 0 0 0 0 0 1.42 0 0 0 0 0 0 0 0 0 2.16 0 0 0 0 0 0 0 0 0 3.2 0 0 0 0 0 0 0 0 0 4.41 0 0 0 0 0 0 0 0 0 2.02 0 0 0 0 0 0 0 0 0 3.98 0 0 0 0 0 0 0 0 0 2.2 0 0 0 0 0 0 0 0 0 1.96 0 0 0 0 0 0 0 0 0 4.65 0 0 0 2.37 0 0 0.72 0 0 0 0 0 0 4.33 0 0 1.82 0 0 0 0 0 0 3.83 0 0 0.23 0 0 0 0 0 0 1.03 0 0 0.33 0 0 0 0 0 0 1.2 0 0 5.45 0 0 0 0 0 0 1.3 0 0 0.23 0 0 0 0 0 0 2.27 0 0 0.56 0 0 0 0 0 0 1.23 0 0 3.21 0 0 0 0 0 0 0.43 0 0 1.31 0 0 0 0 0 0 4.88 0 0 3.11 0 0 0 0 0 0 0 0 0 0 0 0 0 0 0 0 0 0 0 0 0 0 0 0 0 0 0 0 0 0 0 0 0 0 0 0 0 0 0 0 0 0 0 0 0 0 0 0 0 0 0 0 0 0 0 0 0 0 0 0 0 0 0 0 0 0 0 0 0 0 0 0 0 0 0 0 0 0 0 0 0 0 0 0 0 0 0 0 0 0 0 0 0 0 0 0 0 0 0 0 0 0 0 0 0 0 0 0 0 0 0 0 4.1 0 0 0 0 0 0 0 0 0 1.46 0 0 0 0 0 0 0 0 0 0.79 0 0 0 0 0 0 0 0 0 1.1 0 0 0 0 0 0 0 0 0 1.26 0 0 0 0 0 0 0 0 0 2.43 0 0 0 0 0 0 0 0 0 4.61 0 0 0 0 0 0 0 0 0 5.38 0 0 0 0 0 0 0 0 0 0.63 0 0 0 0 0 0 0 0 0 0.78 0 0 0 0 0 0 0 0 0 2.28 0 0 0 0 0 0 0 0 0 1.23 0 0 0 0 0 0 0 0 0 2.83 0 0 0 0 0 0 0 0 0 2.72 0 0 0 0 0 0 0 0 0 5.26 0 0 0 0 0 0 0 0 0 2.08 0 0 0 0 0 0 0 0 0 3.75 0 0 0 0 0 0 0 0 0 0.87 0 0 0 0 0 0 0 0 0 3.87 0 0 0 0 0 0 0 0 0 1.48 0 0 0 0.11 0 0 3.51 0 0 0 0 0 0 1.4 0 0 3.34 0 0 0 0 0 0 3.8 0 0 4.06 0 0 0 0 0 0 0.28 0 0 0.23 0 0 0 0 0 0 1.71 0 0 0.11 0 0 0 0 0 0 0.59 0 0 5.48 0 0 0 0 0 0 0.86 0 0 0.62 0 0 0 0 0 0 3.98 0 0 1.02 0 0 0 0 0 0 0.69 0 0 3.24 0 0 0 0 0 0 1.53 0 0 0.64 0 0 0 0 0 0 0 0 0 0 0 0 0 0 0 0 0 0 0 0 0 0 0 0 0 0 0 0 0 0 0 0 0 0 0 0 0 0 0 0 0 0 0 0 0 0 0 0 0 0 0 0 0 0 0 0 0 0 0 0 0 0 0 0 0 0 0 0 0 0 0 0 0 0 0 0 0 0 0 0 0 0 0 0 0 0 0 0 0 0 0 0 0 0 0 0 0 0 0 0 0 0 0 0 0 0 0 0 0 0 0 0 1.37 0 0 0 0 0 0 0 0 0 3.59 0 0 0 0 0 0 0 0 0 3.98 0 0 0 0 0 0 0 0 0 0.44 0 0 0 0 0 0 0 0 0 3.64 0 0 0 0 0 0 0 0 0 4.19 0 0 0 0 0 0 0 0 0 0.41 0 0 0 0 0 0 0 0 0 3.43 0 0 0 0 0 0 0 0 0 1.49 0 0 0 0 0 0 0 0 0 6.2 0 0 0 2.16 0 0 0.38 0 0 0 0 0 0 1.17 0 0 4.09 0 0 0 0 0 0 3.34 0 0 1.04 0 0 0 0 0 0 2.73 0 0 0.37 0 0 0 0 0 0 4.01 0 0 0.55 0 0 0 0 0 0 1.53 0 0 0.52 0 0 0 0 0 0 5.22 0 0 5.24 0 0 0 0 0 0 4.3 0 0 3.03 0 0 0 0 0 0 5.12 0 0 1.46 0 0 0 0 0 0 3.62 0 0 1.78 0 0 0 0 0 0 0 0 0 0 0 0 0 0 0 0 0 0 0 0 0 0 0 0 0 0 0 0 0 0 0 0 0 0 0 0 0 0 0 0 0 0 0 0 0 0 0 0 0 0 0 0 0 0 0 0 0 0 0 0 0 0 0 0 0 0 0 0 0 0 0 0 0 0 0 0 0 0 0 0 0 0 0 0 0 0 0 0 0 0 0 0 0 0 0 0 0 0 0 0 0 0 0 0 0 0 0 0 0 0 0 0 4.25 0 0 0 0 0 0 0 0 0 3.16 0 0 0 0 0 0 0 0 0 4.39 0 0 0 0 0 0 0 0 0 3.13 0 0 0 0 0 0 0 0 0 1.4 0 0 0 0 0 0 0 0 0 0.86 0 0 0 0 0 0 0 0 0 0.11 0 0 0 0 0 0 0 0 0 1.73 0 0 0 0 0 0 0 0 0 4.66 0 0 0 0 0 0 0 0 0 4.96 0 0 0 1.04 0 0 0.33 0 0 0 0 0 0 0.92 0 0 0.37 0 0 0 0 0 0 0.16 0 0 0.28 0 0 0 0 0 0 1.71 0 0 4.53 0 0 0 0 0 0 1.94 0 0 2.39 0 0 0 0 0 0 1.94 0 0 1.54 0 0 0 0 0 0 1.73 0 0 0.71 0 0 0 0 0 0 2.1 0 0 2.28 0 0 0 0 0 0 0.7 0 0 0.8 0 0 0 0 0 0 0.24 0 0 2.17 0 0 0 0 0 0 0 0 0 0 0 0 0 0 0 0 0 0 0 0 0 0 0 0 0 0 0 0 0 0 0 0 0 0 0 0 0 0 0 0 0 0 0 0 0 0 0 0 0 0 0 0 0 0 0 0 0 0 0 0 0 0 0 0 0 0 0 0 0 0 0 0 0 0 0 0 0 0 0 0 0 0 0 0 0 0 0 0 0 0 0 0 0 0 0 0 0 0 0 0 0 0 0 0 0 0 0 0 0 0 0 0 2.56 0 0 0 0 0 0 0 0 0 0.78 0 0 0 0 0 0 0 0 0 0.98 0 0 0 0 0 0 0 0 0 0.88 0 0 0 0 0 0 0 0 0 2.14 0 0 0 0 0 0 0 0 0 2.52 0 0 0 0 0 0 0 0 0 2.81 0 0 0 0 0 0 0 0 0 2.11 0 0 0 0 0 0 0 0 0 1.01 0 0 0 0 0 0 0 0 0 3.19 0 0 0 0 0 0 0 0 0 3.17 0 0 0 0 0 0 0 0 0 3.61 0 0 0 0 0 0 0 0 0 1.72 0 0 0 0 0 0 0 0 0 3.9 0 0 0 0 0 0 0 0 0 0.25 0 0 0 0 0 0 0 0 0 2.46 0 0 0 0 0 0 0 0 0 2.06 0 0 0 0 0 0 0 0 0 4.31 0 0 0 0 0 0 0 0 0 1.91 0 0 0 0 0 0 0 0 0 3.4 0 0 0 1.65 0 0 0.57 0 0 0 0 0 0 1.52 0 0 2.23 0 0 0 0 0 0 0.1 0 0 1.41 0 0 0 0 0 0 2.24 0 0 2.41 0 0 0 0 0 0 2.61 0 0 1.58 0 0 0 0 0 0 4 0 0 1.96 0 0 0 0 0 0 2.18 0 0 4.15 0 0 0 0 0 0 2.05 0 0 3.88 0 0 0 0 0 0 3.04 0 0 0.53 0 0 0 0 0 0 0.65 0 0 1.85 0 0 0 0 0 0 0 0 0 0 0 0 0 0 0 0 0 0 0 0 0 0 0 0 0 0 0 0 0 0 0 0 0 0 0 0 0 0 0 0 0 0 0 0 0 0 0 0 0 0 0 0 0 0 0 0 0 0 0 0 0 0 0 0 0 0 0 0 0 0 0 0 0 0 0 0 0 0 0 0 0 0 0 0 0 0 0 0 0 0 0 0 0 0 0 0 0 0 0 0 0 0 0 0 0 0 0 0 0 0 0 0 0.2 0 0 0 0 0 0 0 0 0 0.36 0 0 0 0 0 0 0 0 0 2.54 0 0 0 0 0 0 0 0 0 0.75 0 0 0 0 0 0 0 0 0 1.46 0 0 0 0 0 0 0 0 0 4.86 0 0 0 0 0 0 0 0 0 1.16 0 0 0 0 0 0 0 0 0 2.26 0 0 0 0 0 0 0 0 0 0.84 0 0 0 0 0 0 0 0 0 6.05 0 0 0 0.49 0 0 0.65 0 0 0 0 0 0 3.11 0 0 0.81 0 0 0 0 0 0 1.38 0 0 1.33 0 0 0 0 0 0 1.35 0 0 0.51 0 0 0 0 0 0 3.99 0 0 1.02 0 0 0 0 0 0 0.9 0 0 2.48 0 0 0 0 0 0 1.23 0 0 3.86 0 0 0 0 0 0 1.88 0 0 0.35 0 0 0 0 0 0 3.13 0 0 2.33 0 0 0 0 0 0 0.7 0 0 4.52 0 0 0 0 0 0 0 0 0 0 0 0 0 0 0 0 0 0 0 0 0 0 0 0 0 0 0 0 0 0 0 0 0 0 0 0 0 0 0 0 0 0 0 0 0 0 0 0 0 0 0 0 0 0 0 0 0 0 0 0 0 0 0 0 0 0 0 0 0 0 0 0 0 0 0 0 0 0 0 0 0 0 0 0 0 0 0 0 0 0 0 0 0 0 0 0 0 0 0 0 0 0 0 0 0 0 0 0 0 0 0 0 4.73 0 0 0 0 0 0 0 0 0 5.12 0 0 0 0 0 0 0 0 0 2.45 0 0 0 0 0 0 0 0 0 3.73 0 0 0 0 0 0 0 0 0 3.25 0 0 0 0 0 0 0 0 0 1.81 0 0 0 0 0 0 0 0 0 3.34 0 0 0 0 0 0 0 0 0 1.2 0 0 0 0 0 0 0 0 0 0.27 0 0 0 0 0 0 0 0 0 0.79 0 0 0 0.56 0 0 1.43 0 0 0 0 0 0 1.07 0 0 1.85 0 0 0 0 0 0 1.11 0 0 1.62 0 0 0 0 0 0 3.28 0 0 0.9 0 0 0 0 0 0 2.48 0 0 2.04 0 0 0 0 0 0 0.65 0 0 2.79 0 0 0 0 0 0 5.65 0 0 2.01 0 0 0 0 0 0 0.89 0 0 0.42 0 0 0 0 0 0 0.73 0 0 2.9 0 0 0 0 0 0 1.17 0 0 0.56 0 0 0 0 0 0 0 0 0 0 0 0 0 0 0 0 0 0 0 0 0 0 0 0 0 0 0 0 0 0 0 0 0 0 0 0 0 0 0 0 0 0 0 0 0 0 0 0 0 0 0 0 0 0 0 0 0 0 0 0 0 0 0 0 0 0 0 0 0 0 0 0 0 0 0 0 0 0 0 0 0 0 0 0 0 0 0 0 0 0 0 0 0 0 0 0 0 0 0 0 0 0 0 0 0 0 0 0 0 0 0 0 2.41 0 0 0 0 0 0 0 0 0 0.07 0 0 0 0 0 0 0 0 0 1.39 0 0 0 0 0 0 0 0 0 1.86 0 0 0 0 0 0 0 0 0 2.69 0 0 0 0 0 0 0 0 0 3.75 0 0 0 0 0 0 0 0 0 1.8 0 0 0 0 0 0 0 0 0 3.09 0 0 0 0 0 0 0 0 0 3.58 0 0 0 0 0 0 0 0 0 5.17 0 0 0 0 0 0 0 0 0 1.71 0 0 0 0 0 0 0 0 0 2.29 0 0 0 0 0 0 0 0 0 1.44 0 0 0 0 0 0 0 0 0 2.88 0 0 0 0 0 0 0 0 0 0.96 0 0 0 0 0 0 0 0 0 0.21 0 0 0 0 0 0 0 0 0 3.73 0 0 0 0 0 0 0 0 0 1.66 0 0 0 0 0 0 0 0 0 0.25 0 0 0 0 0 0 0 0 0 0.64 0 0 0 0.43 0 0 2.91 0 0 0 0 0 0 4.07 0 0 2.75 0 0 0 0 0 0 3.55 0 0 0.75 0 0 0 0 0 0 3.65 0 0 0.6 0 0 0 0 0 0 0.62 0 0 0.61 0 0 0 0 0 0 3.92 0 0 0.37 0 0 0 0 0 0 3.02 0 0 0.94 0 0 0 0 0 0 2.62 0 0 2.27 0 0 0 0 0 0 0.78 0 0 4.78 0 0 0 0 0 0 1.82 0 0 0.74 0 0 0 0 0 0 0 0 0 0 0 0 0 0 0 0 0 0 0 0 0 0 0 0 0 0 0 0 0 0 0 0 0 0 0 0 0 0 0 0 0 0 0 0 0 0 0 0 0 0 0 0 0 0 0 0 0 0 0 0 0 0 0 0 0 0 0 0 0 0 0 0 0 0 0 0 0 0 0 0 0 0 0 0 0 0 0 0 0 0 0 0 0 0 0 0 0 0 0 0 0 0 0 0 0 0 0 0 0 0 0 0 1.85 0 0 0 0 0 0 0 0 0 0.79 0 0 0 0 0 0 0 0 0 3.86 0 0 0 0 0 0 0 0 0 0.74 0 0 0 0 0 0 0 0 0 1.94 0 0 0 0 0 0 0 0 0 1.43 0 0 0 0 0 0 0 0 0 1.29 0 0 0 0 0 0 0 0 0 4.47 0 0 0 0 0 0 0 0 0 2.31 0 0 0 0 0 0 0 0 0 0.99 0 0 0 0.87 0 0 0.97 0 0 0 0 0 0 1.88 0 0 0.88 0 0 0 0 0 0 1.33 0 0 2.25 0 0 0 0 0 0 0.23 0 0 0.5 0 0 0 0 0 0 2.57 0 0 0.41 0 0 0 0 0 0 3.74 0 0 1.3 0 0 0 0 0 0 0.16 0 0 0.36 0 0 0 0 0 0 1.38 0 0 1.33 0 0 0 0 0 0 0.45 0 0 3.28 0 0 0 0 0 0 0.46 0 0 1.42 0 0 0 0 0 0 0 0 0 0 0 0 0 0 0 0 0 0 0 0 0 0 0 0 0 0 0 0 0 0 0 0 0 0 0 0 0 0 0 0 0 0 0 0 0 0 0 0 0 0 0 0 0 0 0 0 0 0 0 0 0 0 0 0 0 0 0 0 0 0 0 0 0 0 0 0 0 0 0 0 0 0 0 0 0 0 0 0 0 0 0 0 0 0 0 0 0 0 0 0 0 0 0 0 0 0 0 0 0 0 0 0 1.1 0 0 0 0 0 0 0 0 0 0.89 0 0 0 0 0 0 0 0 0 0.97 0 0 0 0 0 0 0 0 0 1.03 0 0 0 0 0 0 0 0 0 0.08 0 0 0 0 0 0 0 0 0 1.35 0 0 0 0 0 0 0 0 0 1.95 0 0 0 0 0 0 0 0 0 3.72 0 0 0 0 0 0 0 0 0 0.61 0 0 0 0 0 0 0 0 0 0.51 0 0 0 1.96 0 0 1.55 0 0 0 0 0 0 1.01 0 0 2.71 0 0 0 0 0 0 1.99 0 0 2.45 0 0 0 0 0 0 0.35 0 0 0.33 0 0 0 0 0 0 4.13 0 0 0.35 0 0 0 0 0 0 1.04 0 0 3.58 0 0 0 0 0 0 1.68 0 0 2.02 0 0 0 0 0 0 2.74 0 0 0.25 0 0 0 0 0 0 0.46 0 0 3.82 0 0 0 0 0 0 2.72 0 0 1.08 0 0 0 0 0 0 0 0 0 0 0 0 0 0 0 0 0 0 0 0 0 0 0 0 0 0 0 0 0 0 0 0 0 0 0 0 0 0 0 0 0 0 0 0 0 0 0 0 0 0 0 0 0 0 0 0 0 0 0 0 0 0 0 0 0 0 0 0 0 0 0 0 0 0 0 0 0 0 0 0 0 0 0 0 0 0 0 0 0 0 0 0 0 0 0 0 0 0 0 0 0 0 0 0 0 0 0 0 0 0 0 0 3.94 0 0 0 0 0 0 0 0 0 3.86 0 0 0 0 0 0 0 0 0 0.97 0 0 0 0 0 0 0 0 0 4.79 0 0 0 0 0 0 0 0 0 0.71 0 0 0 0 0 0 0 0 0 0.16 0 0 0 0 0 0 0 0 0 1.57 0 0 0 0 0 0 0 0 0 3.04 0 0 0 0 0 0 0 0 0 4.24 0 0 0 0 0 0 0 0 0 0.39 0 0 0 0 0 0 0 0 0 1.2 0 0 0 0 0 0 0 0 0 0.97 0 0 0 0 0 0 0 0 0 1.38 0 0 0 0 0 0 0 0 0 1.05 0 0 0 0 0 0 0 0 0 4.56 0 0 0 0 0 0 0 0 0 5.53 0 0 0 0 0 0 0 0 0 2.29 0 0 0 0 0 0 0 0 0 0.66 0 0 0 0 0 0 0 0 0 2.65 0 0 0 0 0 0 0 0 0 2.73 0 0 0 0.81 0 0 0.66 0 0 0 0 0 0 0.07 0 0 3.43 0 0 0 0 0 0 2.33 0 0 4.7 0 0 0 0 0 0 4.22 0 0 2.57 0 0 0 0 0 0 3.94 0 0 0.26 0 0 0 0 0 0 0.9 0 0 0.41 0 0 0 0 0 0 0.73 0 0 1.9 0 0 0 0 0 0 0.27 0 0 4.37 0 0 0 0 0 0 1.51 0 0 0.94 0 0 0 0 0 0 0.31 0 0 0.82 0 0 0 0 0 0 0 0 0 0 0 0 0 0 0 0 0 0 0 0 0 0 0 0 0 0 0 0 0 0 0 0 0 0 0 0 0 0 0 0 0 0 0 0 0 0 0 0 0 0 0 0 0 0 0 0 0 0 0 0 0 0 0 0 0 0 0 0 0 0 0 0 0 0 0 0 0 0 0 0 0 0 0 0 0 0 0 0 0 0 0 0 0 0 0 0 0 0 0 0 0 0 0 0 0 0 0 0 0 0 0 0 4.38 0 0 0 0 0 0 0 0 0 0.25 0 0 0 0 0 0 0 0 0 4.41 0 0 0 0 0 0 0 0 0 0.57 0 0 0 0 0 0 0 0 0 0.01 0 0 0 0 0 0 0 0 0 0.6 0 0 0 0 0 0 0 0 0 0.52 0 0 0 0 0 0 0 0 0 0.83 0 0 0 0 0 0 0 0 0 1.44 0 0 0 0 0 0 0 0 0 3.69 0 0 0 3.84 0 0 1.45 0 0 0 0 0 0 3.09 0 0 3.1 0 0 0 0 0 0 4.27 0 0 0.2 0 0 0 0 0 0 2.04 0 0 4.62 0 0 0 0 0 0 3.76 0 0 1.16 0 0 0 0 0 0 4.69 0 0 1.14 0 0 0 0 0 0 4.41 0 0 5.86 0 0 0 0 0 0 0.86 0 0 3.93 0 0 0 0 0 0 1.13 0 0 3.35 0 0 0 0 0 0 0.89 0 0 0.35 0 0 0 0 0 0 0 0 0 0 0 0 0 0 0 0 0 0 0 0 0 0 0 0 0 0 0 0 0 0 0 0 0 0 0 0 0 0 0 0 0 0 0 0 0 0 0 0 0 0 0 0 0 0 0 0 0 0 0 0 0 0 0 0 0 0 0 0 0 0 0 0 0 0 0 0 0 0 0 0 0 0 0 0 0 0 0 0 0 0 0 0 0 0 0 0 0 0 0 0 0 0 0 0 0 0 0 0 0 0 0 0 1.17 0 0 0 0 0 0 0 0 0 3.7 0 0 0 0 0 0 0 0 0 2.53 0 0 0 0 0 0 0 0 0 1.46 0 0 0 0 0 0 0 0 0 2.39 0 0 0 0 0 0 0 0 0 1.33 0 0 0 0 0 0 0 0 0 1.72 0 0 0 0 0 0 0 0 0 3.29 0 0 0 0 0 0 0 0 0 1.56 0 0 0 0 0 0 0 0 0 1.66 0 0 0 0.09 0 0 0.9 0 0 0 0 0 0 4.32 0 0 5.53 0 0 0 0 0 0 0.84 0 0 4.67 0 0 0 0 0 0 3.32 0 0 2.02 0 0 0 0 0 0 4.18 0 0 2.07 0 0 0 0 0 0 1.54 0 0 1 0 0 0 0 0 0 3.35 0 0 0.74 0 0 0 0 0 0 4.52 0 0 0.22 0 0 0 0 0 0 1.49 0 0 2.86 0 0 0 0 0 0 2.55 0 0 3.69 0 0 0 0 0 0 0 0 0 0 0 0 0 0 0 0 0 0 0 0 0 0 0 0 0 0 0 0 0 0 0 0 0 0 0 0 0 0 0 0 0 0 0 0 0 0 0 0 0 0 0 0 0 0 0 0 0 0 0 0 0 0 0 0 0 0 0 0 0 0 0 0 0 0 0 0 0 0 0 0 0 0 0 0 0 0 0 0 0 0 0 0 0 0 0 0 0 0 0 0 0 0 0 0 0 0 0 0 0 0 0 0 0.98 0 0 0 0 0 0 0 0 0 1.36 0 0 0 0 0 0 0 0 0 1.9 0 0 0 0 0 0 0 0 0 4.17 0 0 0 0 0 0 0 0 0 0.29 0 0 0 0 0 0 0 0 0 1.34 0 0 0 0 0 0 0 0 0 1.52 0 0 0 0 0 0 0 0 0 0.18 0 0 0 0 0 0 0 0 0 1.57 0 0 0 0 0 0 0 0 0 3.87 0 0 0 0 0 0 0 0 0 1.81 0 0 0 0 0 0 0 0 0 3.92 0 0 0 0 0 0 0 0 0 0.37 0 0 0 0 0 0 0 0 0 3.14 0 0 0 0 0 0 0 0 0 0.69 0 0 0 0 0 0 0 0 0 2.36 0 0 0 0 0 0 0 0 0 0.61 0 0 0 0 0 0 0 0 0 5.18 0 0 0 0 0 0 0 0 0 0.21 0 0 0 0 0 0 0 0 0 0.99 0 0 0 1.13 0 0 2.29 0 0 0 0 0 0 0.62 0 0 3.63 0 0 0 0 0 0 1.07 0 0 3.62 0 0 0 0 0 0 2.52 0 0 2.03 0 0 0 0 0 0 0.13 0 0 5.91 0 0 0 0 0 0 0.94 0 0 2.04 0 0 0 0 0 0 2.61 0 0 5.33 0 0 0 0 0 0 1.32 0 0 1.26 0 0 0 0 0 0 2.45 0 0 1.86 0 0 0 0 0 0 2.56 0 0 0.39 0 0 0 0 0 0 0 0 0 0 0 0 0 0 0 0 0 0 0 0 0 0 0 0 0 0 0 0 0 0 0 0 0 0 0 0 0 0 0 0 0 0 0 0 0 0 0 0 0 0 0 0 0 0 0 0 0 0 0 0 0 0 0 0 0 0 0 0 0 0 0 0 0 0 0 0 0 0 0 0 0 0 0 0 0 0 0 0 0 0 0 0 0 0 0 0 0 0 0 0 0 0 0 0 0 0 0 0 0 0 0 0 0.68 0 0 0 0 0 0 0 0 0 0.92 0 0 0 0 0 0 0 0 0 3.6 0 0 0 0 0 0 0 0 0 0.36 0 0 0 0 0 0 0 0 0 1.41 0 0 0 0 0 0 0 0 0 1.96 0 0 0 0 0 0 0 0 0 0.45 0 0 0 0 0 0 0 0 0 3.13 0 0 0 0 0 0 0 0 0 0.31 0 0 0 0 0 0 0 0 0 0.32 0 0 0 1.46 0 0 0.81 0 0 0 0 0 0 4.62 0 0 1.5 0 0 0 0 0 0 2.3 0 0 4.37 0 0 0 0 0 0 4.24 0 0 1.09 0 0 0 0 0 0 0.37 0 0 3.28 0 0 0 0 0 0 0.85 0 0 1.33 0 0 0 0 0 0 0.62 0 0 1.05 0 0 0 0 0 0 0.51 0 0 0.95 0 0 0 0 0 0 4.65 0 0 0.63 0 0 0 0 0 0 2.3 0 0 3.38 0 0 0 0 0 0 0 0 0 0 0 0 0 0 0 0 0 0 0 0 0 0 0 0 0 0 0 0 0 0 0 0 0 0 0 0 0 0 0 0 0 0 0 0 0 0 0 0 0 0 0 0 0 0 0 0 0 0 0 0 0 0 0 0 0 0 0 0 0 0 0 0 0 0 0 0 0 0 0 0 0 0 0 0 0 0 0 0 0 0 0 0 0 0 0 0 0 0 0 0 0 0 0 0 0 0 0 0 0 0 0 0 0.15 0 0 0 0 0 0 0 0 0 0.94 0 0 0 0 0 0 0 0 0 2.11 0 0 0 0 0 0 0 0 0 1.64 0 0 0 0 0 0 0 0 0 2.78 0 0 0 0 0 0 0 0 0 1.98 0 0 0 0 0 0 0 0 0 0.95 0 0 0 0 0 0 0 0 0 0.58 0 0 0 0 0 0 0 0 0 2.47 0 0 0 0 0 0 0 0 0 5.09 0 0 0 3.52 0 0 0.38 0 0 0 0 0 0 1.71 0 0 0.1 0 0 0 0 0 0 4.86 0 0 0.57 0 0 0 0 0 0 6.06 0 0 0.24 0 0 0 0 0 0 0.94 0 0 2.6 0 0 0 0 0 0 0.82 0 0 5.07 0 0 0 0 0 0 2.51 0 0 3.67 0 0 0 0 0 0 1.88 0 0 0.22 0 0 0 0 0 0 2.07 0 0 4.16 0 0 0 0 0 0 2.55 0 0 2.96 0 0 0 0 0 0 0 0 0 0 0 0 0 0 0 0 0 0 0 0 0 0 0 0 0 0 0 0 0 0 0 0 0 0 0 0 0 0 0 0 0 0 0 0 0 0 0 0 0 0 0 0 0 0 0 0 0 0 0 0 0 0 0 0 0 0 0 0 0 0 0 0 0 0 0 0 0 0 0 0 0 0 0 0 0 0 0 0 0 0 0 0 0 0 0 0 0 0 0 0 0 0 0 0 0 0 0 0 0 0 0 0 0.67 0 0 0 0 0 0 0 0 0 1.24 0 0 0 0 0 0 0 0 0 0.12 0 0 0 0 0 0 0 0 0 0.91 0 0 0 0 0 0 0 0 0 5.13 0 0 0 0 0 0 0 0 0 2.8 0 0 0 0 0 0 0 0 0 2.51 0 0 0 0 0 0 0 0 0 4.9 0 0 0 0 0 0 0 0 0 1.96 0 0 0 0 0 0 0 0 0 0.38 0 0 

</Matrix>
   <Matrix name="burstinessHist" type="complete" rows="1" columns="1000" multiplier="1.0">
   1945 2085 2127 2151 2120 2049 2125 2158 2144 2157 2115 2157 2121 2131 2149 2095 2143 2074 2092 2103 2158 2149 2139 2133 2142 2203 2161 2138 2101 2139 2104 2094 2142 2119 2122 2164 2102 2135 2148 2134 2097 2169 2143 2155 2156 2128 2202 2150 2104 2122 2147 2002 2119 2105 2134 2124 2124 2160 2097 2091 2140 2127 2151 2102 2138 2085 2176 2141 2118 2107 2095 2111 2032 2103 2134 2131 2072 2155 2102 2130 2069 2084 2140 2194 2116 2127 2082 2149 2106 2147 2066 2128 2084 2169 2142 2141 2145 2120 2106 2071 2113 2143 2166 2090 2178 2189 2147 2110 2188 2099 2138 2123 2102 2157 2134 2123 2121 2113 2131 2109 2113 2138 2146 2106 2065 2075 2094 2132 2153 2126 2100 2061 2174 2121 2120 2158 2093 2163 2133 2079 2095 2137 2131 2146 2183 2140 2129 2121 2110 2165 2106 2162 2119 2078 2134 2091 2055 2138 2163 2146 2153 2125 2106 2128 2116 2118 2151 2135 2105 2111 2115 2112 2107 2132 2160 2152 2093 2082 2068 2173 2097 2158 2119 2086 2168 2115 2146 2123 2141 2161 2141 2145 2155 2129 2133 2116 2141 2109 2179 2112 2140 2156 2108 2075 2135 2191 2128 2129 2155 2113 2150 2070 2164 2204 2058 2105 2120 2120 2173 2166 2163 2164 2152 2106 2076 2167 2093 2111 2049 2142 2126 2188 2128 2136 2143 2130 2124 2127 2137 2142 2137 2079 2125 2101 2115 2090 2118 2174 2046 2094 2116 2117 2089 2111 2158 2181 2141 2138 2098 2122 2131 2132 2176 2153 2115 2099 2150 2088 2125 2098 2137 2134 2147 2091 2106 2122 2125 2096 2175 2090 2088 2101 2161 2119 2113 2109 2155 2170 2135 2167 2151 2099 2141 2093 2125 2070 2111 2197 2115 2096 2159 2106 2145 2155 2118 2107 2136 2088 2168 2112 2149 2092 2089 2128 2143 2156 2119 2150 2147 2091 2128 2125 2129 2140 2106 2172 2145 2075 2117 2099 2108 2163 2086 2148 2075 2121 2172 2212 2084 2128 2165 2175 2160 2087 2131 2166 2135 2091 2098 2123 2085 2119 2118 2194 2149 2095 2112 2146 2086 2077 2047 2075 2206 2148 2093 2183 2112 2190 2118 2137 2129 2126 2180 2052 2110 2104 2104 2161 2116 2113 2118 2085 2075 2122 2158 2114 2144 2145 2116 2145 2191 2115 2138 2137 2094 2118 2139 2121 2153 2126 2202 2098 2156 2117 2210 2174 2114 2122 2177 2145 2075 2170 2129 2124 2142 2089 2089 2089 2092 2179 2077 2145 2117 2091 2132 2146 2141 2129 2113 2049 2105 2093 2114 2105 2088 2175 2072 2118 2056 2113 2092 2101 2136 2082 2070 2149 2162 2069 2145 2109 2188 2079 2083 2069 2160 2106 2115 2090 2113 2118 2123 2078 2075 2102 2123 2117 2165 2071 2193 2109 2117 2105 2138 2163 2142 2167 2135 2122 2159 2136 2153 2147 2124 2197 2107 2133 2136 2128 2117 2112 2131 2147 2125 2101 2170 2090 2096 2174 2100 2102 2138 2044 2172 2099 2120 2123 2090 2158 2154 2112 2142 2105 2099 2125 2197 2084 2135 2196 2124 2158 2121 2101 2082 2182 2120 2149 2114 2153 2089 2123 2152 2102 2099 2147 2196 2119 2121 2161 2133 2114 2120 2118 2150 2187 2138 2127 2127 2124 2133 2128 2091 2149 2117 2143 2127 2086 2153 2121 2182 2202 2053 2148 2082 2149 2167 2107 2155 2183 2137 2183 2039 2108 2160 2121 2126 2168 2091 2220 2178 2140 2130 2135 2138 2134 2167 2075 2146 2122 2141 2084 2108 2147 2137 2144 2124 2121 2102 2148 2099 2148 2214 2093 2137 2106 2213 2107 2120 2122 2099 2123 2095 2102 2137 2187 2143 2145 2207 2145 2142 2116 2126 2084 2098 2053 2133 2100 2054 2159 2252 2089 2126 2174 2094 2062 2135 2149 2082 2088 2085 2062 2038 2158 2081 2172 2111 2109 2080 2097 2116 2121 2150 2188 2162 2130 2112 2109 2146 2211 2108 2154 2225 2159 2082 2114 2160 2073 2109 2156 2179 2159 2140 2155 2104 2143 2109 2120 2119 2133 2167 2169 2140 2125 2159 2167 2188 2084 2182 2117 2100 2138 2118 2112 2155 2146 2109 2113 2104 2085 2109 2155 2139 2041 2132 2109 2137 2120 2171 2135 2185 2075 2105 2177 2119 2153 2105 2098 2167 2129 2153 2154 2193 2150 2193 2092 2128 2182 2071 2127 2116 2110 2169 2150 2130 2103 2134 2166 2129 2151 2155 2106 2135 2066 2147 2115 2144 2130 2133 2208 2141 2130 2140 2089 2139 2137 2118 2089 2160 2147 2145 2219 2079 2107 2142 2125 2147 2074 2068 2097 2116 2132 2124 2117 2118 2123 2121 2140 2129 2083 2121 2134 2174 2141 2121 2168 2155 2068 2139 2114 2147 2146 2160 2151 2155 2107 2117 2111 2139 2155 2166 2126 2170 2100 2032 2162 2176 2099 2103 2194 2117 2137 2094 2141 2173 2143 2092 2185 2120 2111 2107 2094 2127 2163 2150 2115 2075 2075 2136 2156 2125 2116 2140 2112 2101 2086 2115 2126 2173 2131 2147 2160 2073 2097 2088 2147 2177 2114 2101 2132 2151 2105 2129 2116 2118 2096 2121 2179 2142 2156 2152 2152 2122 2057 2129 2126 2068 2171 2091 2109 2125 2143 2196 2118 2129 2138 2134 2166 2162 2053 2156 2127 2165 2156 2111 2112 2178 2142 2106 2086 2170 2086 2137 2110 2156 2164 2111 2111 2121 2144 2135 2154 2100 2109 2158 2106 2095 2124 2129 2140 2203 2095 2110 2153 2160 2072 2153 2140 2164 2089 2150 2088 2141 2139 2094 2162 2081 2124 2175 2121 2186 2129 2116 2141 2100 2132 2208 2120 2115 2111 2145 2110 2082 2123 2139 2156 2087 2155 2098 2181 2078 2116 2087 2138 2126 2128 2109 2111 2097 2165 2167 2147 2153 2086 2101 2066 2047 2180 2135 2131 2113 2080 2083 2117 2138 2139 2189 2179 2114 2187 2081 2088 2177 2151 2119 2089 2197 2154 2148 2158 2110 2145 2078 2126 2170 2128 2117 2117 2125 2134 2077 2117 
</Matrix>
   <Matrix name="spikesHistory" type="complete" rows="1" columns="100000" multiplier="1.0">
   0 0 0 0 0 2 8 7 15 24 25 26 25 21 16 14 15 19 23 17 26 13 17 30 19 24 30 19 25 19 20 20 18 20 16 18 22 24 21 15 26 34 21 14 12 25 19 22 14 19 21 18 22 15 24 25 17 17 26 18 20 16 31 21 15 22 32 18 15 24 22 19 22 23 23 22 22 23 22 20 23 15 22 16 30 24 21 19 22 20 15 28 17 23 20 27 21 22 17 29 25 20 21 22 12 20 17 12 24 26 15 21 28 19 24 26 25 17 17 15 18 17 15 30 21 21 19 22 25 32 22 20 21 33 26 18 20 16 16 29 27 25 23 16 21 22 18 22 20 24 14 20 26 26 19 24 27 13 22 26 20 16 15 24 16 22 24 30 19 15 25 17 15 15 23 25 25 19 21 16 20 23 20 17 22 21 18 19 20 25 20 20 20 23 17 13 27 16 21 19 21 24 23 27 23 15 22 23 9 25 16 19 19 25 28 25 24 22 27 33 12 25 21 26 18 23 23 21 28 21 20 22 13 22 28 23 21 19 18 18 20 26 26 17 16 18 33 17 21 20 25 32 25 20 25 18 14 23 18 18 17 24 18 15 17 25 26 25 23 25 23 17 28 16 16 23 32 24 24 22 22 15 18 17 20 14 15 16 30 15 19 24 15 25 20 17 17 25 23 16 19 21 24 22 24 19 18 20 18 26 25 20 25 23 20 21 21 24 22 14 28 20 10 19 24 20 16 23 36 21 21 22 17 26 18 19 27 22 18 16 19 14 16 24 27 28 24 21 36 12 22 23 25 19 32 18 21 14 27 27 22 23 25 25 26 16 22 20 22 21 21 24 22 18 19 20 25 18 22 17 18 22 22 15 23 25 26 22 27 17 25 20 21 14 16 33 22 16 21 20 13 18 25 20 21 27 26 28 21 15 16 14 28 26 28 24 22 16 20 19 23 19 23 24 20 17 25 20 15 23 23 20 25 24 17 25 15 29 26 21 19 20 14 29 23 29 33 14 24 20 13 10 21 19 17 21 13 17 19 25 18 24 21 19 22 16 16 21 25 18 19 26 23 27 22 20 26 22 14 17 22 25 14 16 28 20 19 21 28 33 21 17 26 26 21 25 21 20 22 18 19 29 17 29 21 15 23 10 22 20 31 23 16 21 18 22 15 26 27 15 21 22 21 17 25 23 21 29 24 23 18 16 20 24 13 26 13 16 17 19 17 21 15 23 18 24 26 23 13 17 19 28 22 25 10 18 24 24 17 16 22 20 25 18 22 24 13 15 17 25 19 25 28 22 25 16 27 13 18 25 22 27 24 19 23 12 19 17 20 17 22 22 21 13 14 22 17 24 29 19 20 25 41 16 18 22 26 17 21 21 15 24 23 19 26 25 23 22 17 15 22 18 25 27 25 23 18 20 20 23 17 13 29 23 21 29 20 29 14 28 23 26 20 20 29 19 24 26 22 16 18 19 18 20 22 16 15 22 12 23 20 26 22 23 22 30 20 10 27 20 22 20 14 21 18 24 21 26 22 17 23 17 17 20 24 26 21 18 20 18 15 18 15 11 23 25 32 25 23 19 24 30 25 24 23 22 22 17 22 17 17 28 26 21 16 19 23 28 12 18 16 27 25 15 21 23 17 31 14 19 23 16 21 18 20 31 24 24 17 24 18 21 30 19 20 24 22 12 25 25 22 21 25 14 26 35 27 26 11 27 21 20 28 18 20 19 24 18 20 22 20 24 26 21 21 15 18 20 20 20 35 19 16 27 17 17 24 18 17 28 29 16 21 14 25 24 21 26 21 18 24 15 22 20 19 30 24 25 16 21 16 21 15 20 22 23 20 30 16 26 23 23 21 23 21 15 19 20 16 25 20 24 21 28 25 24 24 25 26 23 18 32 28 22 17 28 13 22 18 27 25 21 19 22 30 15 25 18 16 21 21 24 18 15 27 15 16 18 13 25 16 27 17 17 23 23 25 24 17 21 21 16 25 24 27 18 15 29 16 21 23 25 26 17 18 28 20 23 17 25 22 22 24 11 28 28 21 13 20 28 11 26 22 25 25 23 22 16 20 24 21 28 18 24 18 24 25 24 22 21 20 26 18 20 23 20 21 20 28 19 17 29 29 20 18 23 20 31 26 21 18 24 17 18 20 21 14 25 19 20 20 22 22 21 36 23 13 17 30 26 17 15 18 24 32 18 29 16 25 26 16 20 24 18 13 23 19 21 23 32 17 20 20 21 25 23 21 17 17 16 14 19 20 15 22 18 29 16 19 27 13 27 26 25 12 17 21 20 14 27 27 20 20 17 20 26 15 20 22 20 21 24 18 26 24 10 20 18 22 22 18 28 26 25 22 27 22 24 26 22 18 18 21 25 23 16 18 22 25 25 16 16 22 20 27 18 18 12 27 40 26 18 19 17 24 22 24 28 15 22 34 24 19 21 12 22 16 19 27 12 22 20 31 26 25 17 18 18 19 18 27 17 24 23 28 20 22 24 16 19 25 29 24 29 25 22 26 12 27 18 33 25 12 19 18 16 19 16 20 28 23 20 28 15 16 26 20 25 22 23 17 21 25 16 22 13 21 18 26 23 17 17 26 22 18 20 24 18 14 19 23 26 20 24 20 19 28 15 16 23 25 23 19 27 21 19 20 21 22 24 22 22 25 21 16 20 21 19 22 23 17 26 30 26 25 27 14 22 23 23 20 20 11 21 21 26 22 11 29 26 28 23 21 13 17 18 21 24 13 29 17 19 17 25 19 27 16 21 34 24 17 24 27 22 23 27 23 16 13 17 23 14 31 25 26 22 28 24 27 19 24 17 21 15 21 26 18 19 21 22 18 14 23 14 23 19 25 26 21 23 29 23 23 27 20 17 24 19 20 20 20 21 27 21 22 24 17 17 11 19 19 23 19 24 20 22 21 19 22 20 20 14 20 34 22 18 14 30 21 23 19 27 26 22 20 17 12 17 27 23 18 20 20 28 17 20 23 20 20 21 20 24 22 26 14 22 22 32 14 20 20 20 16 21 22 25 20 25 24 18 16 21 23 19 26 19 24 19 19 28 16 19 20 21 15 23 26 18 23 16 20 22 25 13 21 22 30 20 24 23 26 27 24 21 26 21 14 22 18 22 25 23 11 22 32 33 21 15 21 16 18 18 24 29 16 27 22 25 17 13 13 21 23 17 12 26 16 27 19 20 23 22 28 15 18 22 25 9 16 32 21 23 17 31 26 19 13 22 22 24 21 19 23 18 22 24 27 23 30 23 25 24 20 27 31 22 18 28 22 21 18 19 18 27 18 24 20 25 14 23 30 20 23 27 22 14 17 27 15 21 19 20 14 29 19 24 25 18 27 16 22 14 20 24 19 17 21 21 36 23 18 19 17 21 17 15 23 21 22 28 21 19 23 12 19 25 27 18 13 29 24 16 26 19 15 23 24 17 21 25 21 22 28 23 28 19 26 20 24 28 18 10 17 15 25 17 13 19 24 21 25 17 20 18 16 21 26 20 26 15 28 29 23 21 12 21 17 19 27 17 28 22 24 18 17 26 20 15 14 21 27 21 26 18 21 20 20 26 25 17 22 23 17 18 17 22 30 22 27 18 23 21 23 16 21 17 26 23 24 22 18 16 26 33 19 27 20 30 22 11 19 14 20 19 15 16 17 33 23 24 23 12 18 21 23 19 31 26 18 25 22 20 23 18 23 28 29 16 19 18 19 11 20 19 19 14 33 22 19 22 27 19 19 18 26 20 20 32 20 18 21 37 23 16 24 29 28 20 23 17 23 23 21 18 19 22 20 25 23 28 25 23 19 17 18 16 26 17 20 15 21 20 28 25 17 24 18 25 32 27 15 17 24 22 19 20 17 28 22 14 17 23 16 17 21 25 24 21 17 23 11 21 27 21 23 25 14 20 12 21 22 25 19 32 20 21 20 18 27 18 26 15 19 14 18 30 18 17 26 15 22 25 25 17 19 22 19 21 24 24 21 25 23 21 21 23 18 22 24 22 16 18 15 17 24 13 13 14 27 25 21 23 17 20 24 16 21 14 24 20 21 20 30 13 14 20 22 17 22 20 11 25 19 10 13 21 25 13 31 24 24 30 26 31 18 14 19 22 17 20 10 24 14 27 22 36 25 20 18 26 22 27 23 17 16 18 18 23 25 13 25 25 21 16 28 20 22 17 20 17 20 25 15 22 19 21 32 31 18 21 15 13 18 21 23 24 16 26 18 19 21 25 30 23 28 17 20 20 18 14 27 24 20 20 33 14 15 21 18 20 19 18 27 20 25 24 21 18 20 25 26 20 20 13 25 23 22 19 13 22 19 24 14 17 19 18 28 29 15 22 26 17 20 20 14 20 22 20 23 18 22 20 26 18 26 23 20 19 18 24 16 15 24 24 14 25 19 23 24 23 23 22 18 30 20 25 21 24 18 27 18 27 22 18 27 25 12 19 17 28 19 22 17 20 23 25 19 24 22 23 22 20 21 19 20 18 18 14 19 29 26 25 18 16 27 28 23 15 23 26 24 24 20 20 20 27 11 22 25 26 31 18 23 17 22 20 28 27 19 18 19 23 21 24 15 21 14 31 26 14 24 25 15 22 21 12 24 25 18 22 21 15 20 23 21 24 26 22 28 27 19 27 16 17 20 14 30 15 23 20 27 21 18 27 27 24 21 20 16 20 23 14 20 31 14 19 28 14 15 24 21 26 22 29 22 24 23 22 18 15 20 17 26 17 21 18 18 29 15 26 23 15 15 23 23 23 16 21 16 36 27 25 20 28 28 25 17 19 19 17 27 23 15 27 22 19 25 24 21 10 32 20 14 19 21 17 19 23 20 33 28 20 19 22 16 27 36 25 15 12 21 26 26 17 18 27 13 19 22 22 22 22 15 17 15 19 27 24 25 21 20 24 17 21 24 21 27 17 22 18 23 25 27 17 32 24 20 20 22 16 15 15 27 21 28 25 13 19 29 24 17 17 20 20 16 22 23 18 10 24 28 19 17 32 16 21 15 20 22 21 18 30 17 25 24 14 25 26 14 25 25 15 17 34 33 17 28 20 13 19 18 26 19 22 22 32 20 18 22 18 23 21 22 29 21 22 29 26 25 18 16 22 20 17 20 25 18 25 22 26 25 12 18 28 20 19 26 17 28 28 21 23 17 22 15 25 25 22 19 12 19 22 21 23 22 25 21 19 20 17 21 24 24 21 15 22 27 24 20 24 21 18 23 30 17 27 22 24 19 15 17 28 17 24 22 22 25 24 28 17 24 24 18 19 20 19 16 25 15 20 23 18 20 20 27 17 17 22 15 16 38 25 24 16 18 19 16 26 18 19 29 25 25 23 26 18 18 26 23 21 21 14 20 25 24 22 20 19 25 18 23 20 30 24 18 22 20 15 14 20 21 19 21 22 18 26 19 21 16 25 20 19 23 25 22 28 21 17 26 22 15 26 24 22 23 23 20 22 23 24 22 18 19 29 20 18 19 18 23 22 23 30 21 24 31 19 17 23 23 12 23 25 25 22 21 28 24 24 21 21 22 14 16 19 31 21 17 19 24 26 25 20 23 15 18 19 19 20 19 14 20 28 27 15 18 22 21 15 12 21 26 14 23 24 24 14 24 22 26 27 27 23 18 21 15 25 13 25 12 25 19 23 18 23 37 24 22 23 20 19 19 23 18 22 23 27 24 15 28 22 20 22 26 18 24 15 21 22 20 25 21 27 21 16 21 25 26 16 21 30 29 20 28 24 23 19 21 22 18 18 16 15 22 23 31 25 31 27 22 20 15 23 29 17 21 17 31 17 18 26 15 22 19 26 21 24 22 19 28 21 20 27 22 16 27 18 23 28 24 23 24 27 25 17 22 27 18 19 34 19 23 32 22 19 30 24 16 18 21 23 25 24 18 17 26 29 31 21 23 14 19 19 17 20 22 24 26 17 22 24 23 18 32 23 19 21 21 17 27 22 27 21 16 20 18 28 16 23 16 23 19 20 16 27 24 14 13 21 30 17 22 25 32 28 14 20 17 16 19 29 19 22 16 19 25 17 21 24 30 23 19 21 16 14 23 17 13 25 21 24 19 19 21 23 16 20 15 18 16 22 18 28 18 20 17 28 19 18 18 15 26 25 21 24 23 13 22 24 23 19 19 20 25 24 22 20 20 20 27 32 20 14 24 22 17 20 27 21 16 19 22 19 22 25 21 33 26 23 23 25 19 27 22 23 17 20 22 26 22 18 19 23 26 19 22 25 18 24 20 18 30 23 22 22 29 21 20 24 16 27 18 15 11 26 21 20 23 26 10 28 16 23 17 22 15 26 31 13 22 19 23 18 16 14 26 20 23 24 19 24 24 21 26 21 18 27 18 17 29 20 21 20 14 14 22 25 20 23 27 29 26 19 22 17 16 19 27 22 17 20 20 25 25 21 20 13 22 18 19 26 17 18 28 26 14 21 18 22 29 19 22 38 20 24 23 16 16 21 18 21 23 17 24 20 18 21 18 15 16 13 22 16 20 23 26 30 23 21 21 22 22 16 16 20 26 22 16 14 18 20 25 24 19 31 17 29 28 19 14 21 28 22 20 17 20 28 17 22 19 25 14 25 20 14 21 20 25 20 20 28 23 19 24 23 24 22 25 22 31 18 20 20 14 22 24 20 24 20 20 22 19 22 23 26 23 15 19 27 16 24 17 21 22 12 20 29 24 12 17 23 30 20 18 23 24 23 28 14 24 18 18 22 26 22 23 20 19 30 26 21 15 18 14 16 17 19 18 14 19 24 27 23 36 20 12 24 22 24 26 16 16 14 22 21 20 25 25 18 29 22 20 19 21 24 21 28 24 28 21 21 22 19 15 18 21 22 23 18 32 22 16 22 20 22 20 15 26 15 28 17 26 20 20 24 21 24 18 11 24 27 17 28 16 23 29 21 21 18 16 21 18 21 23 27 24 19 22 17 23 19 9 19 24 22 27 25 21 18 27 18 26 21 16 18 19 24 24 24 18 22 21 17 26 21 25 21 19 29 17 14 24 16 24 23 18 22 12 22 21 15 20 17 17 23 20 14 24 24 23 25 27 23 22 21 19 26 27 20 21 18 26 24 17 18 23 22 29 17 21 16 23 22 22 24 20 26 24 30 22 22 20 20 16 13 21 20 20 14 22 18 27 21 28 18 20 23 18 20 23 20 11 17 21 17 16 22 22 20 31 17 19 22 15 21 22 16 20 26 27 18 16 21 23 19 25 22 25 17 24 21 20 24 14 21 19 21 17 32 21 22 25 19 21 22 18 16 25 24 27 23 28 14 31 16 20 11 25 20 18 20 26 21 28 21 19 25 23 23 21 19 30 28 17 25 24 20 16 13 21 29 26 23 21 27 25 16 16 28 17 27 20 16 13 17 32 20 15 20 22 25 19 18 29 17 20 18 29 22 23 19 11 19 27 22 23 27 20 28 18 25 21 23 21 25 19 27 23 19 25 21 21 17 13 19 22 23 21 25 20 26 20 20 18 33 17 23 19 25 24 24 21 16 15 24 27 25 32 22 26 23 15 11 15 28 19 24 18 13 26 26 26 24 10 27 28 20 14 21 16 23 16 20 17 26 26 19 18 14 17 17 18 18 19 27 19 28 22 18 21 18 15 17 21 22 25 20 21 25 19 27 23 22 24 23 15 27 21 22 30 30 18 20 22 19 24 32 27 27 17 22 18 22 12 24 20 22 18 26 17 19 14 21 20 25 21 19 15 21 19 19 19 20 28 17 27 19 27 23 24 14 16 20 18 27 14 19 22 7 20 27 20 18 21 23 24 18 25 21 16 22 22 22 22 21 21 19 28 16 18 23 18 22 19 20 25 15 23 27 25 27 20 21 26 19 43 17 23 21 12 14 21 18 15 25 16 21 32 19 17 18 17 23 16 20 21 24 22 17 24 29 23 19 26 29 27 24 19 26 21 13 17 24 36 27 28 28 24 21 16 13 20 23 29 12 15 20 27 26 25 14 20 22 13 27 22 20 23 20 23 23 13 19 23 27 26 22 25 24 19 26 21 24 16 30 28 22 19 21 21 26 16 18 28 21 26 17 15 16 17 22 24 27 36 24 12 15 19 15 20 24 25 19 23 20 20 20 16 27 19 23 22 21 14 18 22 21 11 12 23 21 23 28 23 15 17 19 20 27 18 24 26 24 22 28 23 22 21 24 23 17 21 22 19 19 23 32 20 21 20 25 11 25 27 18 18 14 17 18 28 18 19 25 24 17 21 25 23 16 19 27 16 15 21 28 20 20 24 29 19 22 27 20 23 23 19 20 18 29 26 19 25 19 12 22 27 16 20 19 17 14 30 20 18 24 21 16 29 20 15 24 36 26 23 26 16 26 17 22 19 17 23 21 23 26 16 15 18 19 17 27 17 24 23 31 17 18 18 21 22 19 17 23 22 21 16 25 24 19 28 14 21 25 22 27 18 27 10 13 20 25 13 20 14 35 27 23 26 24 19 21 20 24 25 24 28 22 18 19 25 20 23 15 22 14 27 18 18 14 18 21 32 28 22 24 18 27 27 15 13 15 25 29 22 25 20 21 24 22 24 29 24 25 28 19 19 16 23 24 19 30 23 19 27 16 23 23 22 20 22 20 16 25 24 22 27 17 21 23 16 20 26 11 23 20 16 26 22 25 19 15 23 15 17 26 19 26 19 18 23 21 19 11 27 23 15 20 26 16 25 26 14 21 20 21 22 28 26 25 13 22 26 23 29 19 20 14 24 18 24 25 16 13 28 19 22 22 15 15 27 25 19 24 21 18 29 17 29 15 19 19 25 25 31 21 21 20 27 22 21 24 22 19 16 28 16 27 19 21 22 18 25 18 27 12 26 25 21 25 21 15 21 16 16 24 17 25 23 21 25 22 20 18 22 17 30 26 21 24 18 16 17 33 23 18 24 15 24 21 22 32 22 23 21 20 16 23 14 20 27 21 18 15 21 21 28 19 22 20 18 19 25 26 16 24 14 19 22 17 21 21 18 31 23 21 17 16 18 19 19 24 28 16 25 17 20 13 28 20 25 11 22 22 25 21 17 20 30 24 14 28 26 17 24 29 11 24 16 18 12 26 24 24 23 26 24 15 24 21 23 21 21 23 20 21 20 18 26 23 18 22 17 29 20 22 22 10 14 28 9 24 19 22 19 27 23 19 24 19 25 20 14 19 19 18 21 12 27 21 22 24 22 16 24 21 27 19 24 26 23 14 31 20 22 25 24 20 22 19 26 16 24 20 14 22 17 13 29 24 19 22 22 25 20 20 27 24 23 24 27 27 21 25 19 21 15 16 21 27 15 24 28 23 26 16 18 22 22 20 18 29 16 31 21 23 27 12 18 28 17 19 22 23 23 16 25 22 15 23 21 21 22 24 26 27 20 21 16 20 14 26 17 22 37 14 19 23 15 21 13 22 24 28 26 16 23 21 20 25 21 29 22 18 29 19 26 21 21 17 15 25 24 24 20 22 25 25 23 16 23 23 24 21 26 27 17 17 22 25 32 19 18 24 23 16 22 13 17 27 30 20 22 15 23 26 18 21 22 31 21 16 14 23 15 16 18 23 19 23 27 25 22 23 17 22 11 21 19 17 25 19 17 32 17 16 20 27 9 21 22 24 26 19 38 20 15 28 26 26 31 21 21 17 17 23 19 20 20 17 28 14 25 22 17 28 21 27 16 18 19 22 25 25 24 13 24 21 23 19 23 23 17 20 22 20 17 19 20 24 13 24 31 13 26 17 22 27 20 19 24 22 28 33 18 20 19 22 24 22 15 29 15 19 17 22 32 19 25 20 23 29 21 16 20 28 13 22 20 27 23 23 22 17 25 17 21 17 21 23 14 24 21 23 22 18 24 26 27 18 28 18 17 25 24 28 19 17 22 15 25 21 21 26 20 19 23 15 22 16 22 22 20 31 17 24 12 26 19 15 20 22 24 17 14 24 26 23 15 18 24 20 20 21 27 21 17 24 22 22 17 19 21 25 21 19 24 26 25 24 17 18 23 29 24 26 23 15 16 16 24 24 24 19 23 23 24 19 18 16 22 19 17 28 24 29 24 18 20 27 24 24 25 26 28 15 23 19 25 21 18 25 22 32 17 20 18 18 22 22 29 22 38 23 24 22 12 18 17 12 17 19 26 24 18 17 24 18 26 16 17 27 27 21 19 17 22 23 16 32 25 20 21 27 25 19 11 20 18 24 20 31 21 22 19 15 25 24 15 20 20 17 28 23 21 29 15 20 23 24 22 17 20 26 19 24 22 22 17 35 24 21 14 17 19 27 19 21 16 23 26 22 22 20 18 20 16 21 20 23 19 17 29 30 26 16 28 25 12 14 22 23 28 20 29 23 16 24 14 15 27 18 15 12 23 19 16 26 20 21 15 31 24 15 18 26 20 21 20 23 20 23 25 15 22 21 25 22 26 17 20 32 34 15 16 27 23 15 20 29 20 20 37 29 22 24 21 22 23 33 24 21 18 18 31 24 20 22 29 21 29 21 16 25 19 26 14 28 17 16 19 28 34 23 25 27 17 18 35 24 19 26 21 16 13 21 14 23 28 19 18 18 21 26 29 15 29 20 24 12 14 19 23 22 17 16 29 24 19 22 15 24 16 28 19 19 22 21 27 19 22 20 27 25 18 29 17 28 22 22 22 14 18 18 18 25 24 16 18 18 20 25 19 26 16 23 18 20 23 22 22 17 23 23 24 22 23 23 21 24 24 26 26 23 24 21 16 22 24 22 14 14 23 26 26 19 21 23 28 22 20 22 27 19 17 17 18 28 22 20 25 25 22 24 32 20 26 11 19 33 10 24 19 20 24 14 20 20 14 17 16 16 18 23 33 27 21 22 18 16 15 24 26 26 16 23 20 18 21 20 25 29 28 23 19 31 20 28 24 25 16 20 17 16 19 17 30 24 21 19 24 12 25 22 29 22 18 23 23 23 13 21 15 20 14 20 19 22 14 24 26 25 16 21 25 15 24 21 19 13 28 15 19 25 13 23 22 22 19 19 27 25 25 19 18 15 21 24 17 16 21 22 18 13 17 29 23 18 21 24 22 19 20 22 22 18 21 23 20 25 27 13 18 23 29 25 24 19 26 16 22 25 22 22 27 19 19 16 18 16 13 21 17 17 22 35 22 21 23 19 17 20 23 18 24 23 26 22 24 28 21 22 19 20 25 18 17 24 22 25 27 17 20 26 20 15 25 20 21 23 21 20 21 25 17 21 22 28 18 21 25 22 18 14 24 32 14 18 19 19 31 30 19 18 16 27 19 17 24 23 15 21 23 25 24 24 24 28 21 22 15 21 21 32 23 16 24 23 23 17 29 26 20 20 28 18 21 23 23 16 18 18 24 18 25 15 29 16 22 22 17 19 23 23 17 18 18 22 24 26 19 25 22 18 23 21 16 19 26 12 18 17 23 20 22 27 20 21 31 24 20 33 25 20 22 26 17 20 21 10 18 29 16 23 20 28 17 23 21 16 16 25 16 22 11 18 29 21 13 17 17 18 10 14 22 27 23 20 30 18 25 17 19 11 28 15 17 19 27 20 20 14 18 27 12 20 25 19 21 28 17 24 20 15 22 21 24 13 25 17 24 17 27 23 20 23 20 24 22 14 15 21 22 26 19 22 14 23 16 22 11 19 24 19 21 16 27 22 29 16 18 17 19 17 17 18 26 14 26 19 22 20 20 23 21 25 23 23 21 21 17 22 23 17 18 24 16 27 21 14 24 29 19 17 23 16 12 19 25 16 23 15 20 21 21 26 15 22 20 26 18 23 20 30 16 21 24 20 27 19 20 30 15 22 20 16 22 23 16 22 19 23 17 27 26 23 23 18 29 26 17 22 17 22 24 20 15 27 15 23 25 16 25 23 19 21 22 18 30 20 18 21 20 24 17 19 21 25 23 30 16 24 26 24 18 27 19 12 24 22 28 9 18 21 23 15 28 19 21 19 24 21 26 17 17 18 26 27 20 21 30 15 16 18 24 18 15 27 25 22 20 26 15 22 24 29 13 31 25 17 22 16 26 23 16 22 22 22 21 30 22 17 18 18 17 23 13 24 26 22 17 23 21 13 20 18 21 26 22 21 16 14 18 25 19 25 25 13 24 20 19 19 24 17 32 15 20 20 19 22 21 34 14 26 19 21 26 18 16 11 29 11 21 28 23 20 29 18 18 21 19 23 16 19 20 31 22 18 22 19 19 19 21 23 18 25 19 19 22 29 20 28 29 24 26 17 15 17 26 18 23 19 15 17 31 26 23 29 27 21 22 25 22 22 20 10 28 27 16 15 25 16 27 22 23 21 18 22 25 24 21 22 14 28 15 24 21 27 20 21 25 22 17 21 23 17 29 19 19 14 18 24 22 20 24 20 22 21 24 25 17 23 22 26 19 18 17 22 18 20 21 20 20 29 23 26 23 23 24 22 19 26 21 21 32 21 27 16 20 21 18 21 18 24 17 12 14 29 23 27 19 18 18 19 20 24 20 23 13 25 21 19 26 17 17 25 21 16 13 27 27 14 35 23 24 14 22 20 21 11 27 25 23 23 22 16 19 20 16 13 27 17 27 25 31 18 15 19 21 28 25 17 20 24 18 14 20 23 23 29 21 21 23 24 19 32 15 14 31 19 26 26 23 20 25 14 22 20 18 26 21 20 17 20 22 22 16 19 24 20 20 17 18 14 17 23 22 19 21 25 21 25 18 23 15 19 26 27 18 20 28 21 17 21 18 22 19 17 17 18 24 18 18 27 20 16 25 29 19 29 19 16 18 18 25 19 26 22 22 24 38 26 23 17 11 21 22 20 22 26 21 26 19 11 19 28 25 19 25 21 15 18 23 23 16 28 15 28 21 20 25 23 24 24 13 20 21 27 14 20 25 31 19 23 16 24 31 22 23 26 13 24 25 25 23 19 18 29 21 28 20 16 24 25 18 26 17 28 21 23 14 19 21 20 22 22 22 22 15 13 24 23 23 15 23 16 17 28 22 19 21 26 27 23 27 17 25 28 21 20 28 29 18 18 20 21 15 18 27 22 22 19 20 22 22 13 18 28 25 23 20 14 26 22 23 13 16 31 26 22 21 16 22 19 25 17 18 18 13 23 21 23 21 22 25 16 12 30 24 24 14 14 20 27 20 14 17 16 25 25 21 26 23 22 25 24 20 21 19 20 22 20 20 19 19 23 16 12 32 18 14 20 12 19 19 24 16 19 28 24 25 28 9 17 27 13 24 25 26 28 17 24 23 26 20 21 21 24 19 32 20 25 22 20 16 15 16 25 22 20 22 19 23 20 21 16 23 26 16 23 20 27 22 22 20 15 19 19 27 18 25 18 22 14 25 19 21 20 22 24 20 15 19 18 19 28 15 28 22 20 31 16 19 22 17 15 16 23 19 22 24 19 24 18 29 22 23 19 27 18 18 20 25 12 21 27 23 21 23 14 22 24 24 27 25 27 19 14 19 20 19 26 18 16 21 24 24 20 23 22 24 18 14 18 20 36 24 29 18 21 21 15 22 27 21 18 19 25 21 20 22 21 21 19 31 23 21 22 24 17 21 22 17 21 24 23 17 17 26 23 20 23 13 17 22 19 20 24 19 23 27 22 30 31 16 15 19 25 18 22 19 20 22 23 18 22 20 15 17 23 25 24 18 24 19 25 18 21 29 21 24 19 20 24 20 27 27 22 25 19 22 18 25 23 20 17 21 26 17 24 15 16 20 21 24 23 25 25 27 20 15 18 20 22 15 25 22 21 24 28 14 12 23 20 19 27 21 22 25 17 19 26 17 26 20 24 25 22 21 17 23 23 21 21 15 26 13 20 25 25 23 21 22 15 23 27 19 17 23 21 14 19 15 25 29 21 23 22 19 18 22 13 21 25 14 20 20 22 20 19 18 23 21 21 22 15 22 27 23 29 24 15 21 19 19 28 17 24 34 32 13 24 19 19 14 29 25 26 28 10 22 16 16 20 23 23 22 20 21 20 19 21 28 13 21 18 21 22 17 21 25 20 21 32 28 22 23 19 24 25 21 21 19 23 24 30 28 16 18 18 14 25 25 15 17 19 17 22 24 29 25 24 26 25 30 24 19 24 20 19 22 24 13 21 25 19 24 16 24 20 19 14 15 28 18 19 20 35 19 23 21 18 24 29 21 25 16 26 17 25 15 22 25 22 24 25 24 18 18 25 19 25 19 23 19 15 24 26 19 26 22 25 25 17 18 20 15 25 23 14 17 23 30 30 27 15 24 21 27 21 16 15 16 25 26 26 19 20 18 20 29 19 24 15 20 20 14 21 18 13 21 19 26 24 16 30 25 22 21 23 15 24 29 22 22 27 17 20 18 15 21 14 21 21 15 16 26 25 17 15 12 26 16 19 20 24 28 20 17 25 30 9 21 21 27 24 29 20 22 22 29 18 19 25 13 14 20 16 12 16 27 16 20 32 18 25 18 24 23 24 15 15 21 26 19 14 30 23 28 20 18 21 24 23 13 27 21 19 26 26 25 20 21 20 31 25 21 22 24 20 21 22 11 15 19 26 20 30 22 26 29 24 25 18 23 19 12 19 21 19 25 22 14 18 17 18 21 27 29 18 16 24 29 21 21 19 26 18 24 20 14 23 15 25 20 26 22 18 23 20 19 19 33 29 23 21 16 22 22 19 17 30 18 25 18 20 20 20 19 20 27 16 13 27 24 19 21 16 22 14 24 15 30 20 12 25 23 20 21 23 20 27 17 18 22 18 16 21 22 14 19 22 17 21 19 16 28 26 14 16 22 20 30 19 18 21 15 21 24 31 19 22 20 23 19 26 21 20 17 22 26 15 17 17 20 23 21 26 20 16 25 25 23 30 20 18 31 20 22 22 23 26 22 19 20 20 19 14 25 27 25 18 17 23 27 18 16 14 30 20 27 23 17 24 28 16 25 21 28 24 21 16 22 22 18 25 16 23 21 25 29 10 19 20 17 27 19 24 18 29 18 16 29 16 21 22 18 26 20 24 20 23 28 23 15 23 19 21 29 28 22 27 23 23 14 19 20 32 21 13 23 22 28 13 17 25 15 27 18 18 33 21 22 9 21 23 16 29 21 24 18 22 21 23 16 21 30 22 27 25 11 21 24 19 28 14 17 23 23 19 31 19 32 20 20 18 22 20 24 16 23 16 21 23 26 21 23 21 17 32 29 24 24 26 21 17 20 26 22 20 24 18 18 18 19 23 19 19 9 26 12 20 24 31 22 17 24 21 24 17 26 21 28 21 25 17 15 17 24 20 27 29 19 19 26 22 8 26 25 18 16 24 21 24 21 23 18 27 17 14 21 18 20 21 21 33 23 13 16 27 16 21 16 18 22 24 21 23 22 40 28 20 28 15 12 15 17 23 23 21 33 19 19 22 16 24 17 27 23 23 14 21 24 17 26 18 18 18 17 24 29 18 21 20 24 21 25 19 25 26 19 29 23 21 19 26 16 16 16 29 19 17 29 24 20 19 22 20 24 27 12 22 14 23 25 20 22 18 21 19 19 17 24 15 30 18 17 18 29 20 19 25 22 20 16 21 18 15 25 18 32 30 21 25 21 26 19 27 21 19 20 18 12 18 21 21 24 17 25 25 18 20 14 13 18 17 17 23 26 30 30 26 22 25 19 10 21 30 20 18 14 23 26 28 16 23 15 13 23 18 23 20 33 23 22 19 23 17 16 20 18 18 20 19 24 12 17 27 26 24 28 21 26 29 23 18 20 21 13 23 22 14 21 18 16 29 29 17 27 22 26 24 19 18 21 24 19 22 23 17 18 19 19 31 26 33 18 18 18 19 23 29 28 17 13 18 19 20 25 25 28 29 23 18 22 9 13 20 22 24 15 26 18 21 27 19 21 17 17 24 13 19 17 24 32 13 21 19 18 26 20 27 27 24 19 19 22 19 28 25 17 14 19 26 13 19 29 23 17 19 18 18 18 13 21 12 25 17 21 25 18 20 16 26 14 21 25 20 16 24 19 15 24 9 21 18 26 28 18 22 18 22 17 25 27 19 27 15 16 19 21 25 34 25 19 16 20 26 24 19 21 22 17 23 17 26 22 26 22 16 29 24 13 24 18 16 19 19 30 33 32 18 18 24 22 20 13 19 24 16 24 20 20 23 29 19 23 19 31 16 22 16 13 23 25 23 21 23 14 17 15 21 14 28 15 26 21 16 23 28 19 25 21 11 20 17 21 13 22 22 21 16 22 20 24 26 25 24 17 22 21 22 21 17 25 14 25 10 23 15 23 19 17 23 24 14 19 17 26 17 22 11 25 17 22 24 23 23 20 20 23 16 17 18 19 16 24 17 28 15 20 11 16 23 25 15 18 28 21 16 22 37 17 21 21 17 21 16 20 21 21 18 26 16 27 21 26 18 23 19 19 24 25 15 12 18 29 16 24 23 25 25 23 22 16 33 25 15 22 20 22 23 15 25 17 24 19 19 25 17 23 27 27 21 21 19 24 20 17 16 23 24 27 25 26 27 22 22 12 21 17 24 27 18 20 21 16 18 18 19 13 20 26 15 19 23 22 26 16 21 17 22 21 29 26 29 21 30 20 18 21 19 21 21 20 22 22 19 27 20 21 16 17 20 18 23 20 21 16 27 20 16 14 20 15 25 21 24 17 25 19 18 21 18 19 18 19 31 25 16 23 15 19 18 17 22 19 21 22 21 20 18 24 15 27 33 22 18 31 25 18 22 31 18 19 19 20 29 18 25 17 27 17 30 26 19 24 18 25 28 20 18 17 22 18 15 23 18 25 21 24 19 19 27 20 19 20 17 20 22 17 12 26 21 26 18 22 22 18 24 32 30 20 29 13 24 23 23 18 16 25 20 23 20 13 19 20 16 29 24 17 23 28 17 16 20 18 20 19 20 18 21 20 23 12 19 28 22 18 23 31 26 20 26 25 30 24 17 23 18 21 27 13 17 23 24 20 24 19 21 26 18 20 20 20 16 13 21 28 13 31 16 17 23 25 25 22 20 24 20 12 20 16 27 18 27 22 23 20 17 16 23 15 22 19 22 32 29 24 24 26 16 19 21 22 22 21 20 25 23 16 27 27 29 22 23 22 15 21 19 20 18 21 28 15 20 18 23 21 20 32 14 29 21 16 16 18 23 17 28 29 19 17 18 13 18 30 23 21 14 19 27 23 29 15 17 19 15 19 26 20 31 18 15 21 22 16 20 17 18 16 19 24 17 27 27 14 21 21 13 26 22 23 16 23 18 24 21 22 24 21 12 18 23 28 19 15 18 21 26 17 13 21 26 33 14 24 23 27 22 17 27 21 20 18 17 21 19 22 19 23 20 23 21 21 28 18 19 20 24 20 19 23 24 21 19 20 22 19 24 16 25 21 24 21 21 23 19 22 16 26 28 24 21 24 18 19 26 20 24 21 20 18 18 23 21 27 22 25 35 17 15 19 20 22 18 23 24 21 19 22 24 17 15 22 15 24 20 24 28 23 14 28 21 25 22 24 21 18 26 27 18 23 13 28 26 21 15 24 14 16 28 20 21 19 33 21 20 14 29 18 23 20 23 18 23 28 21 22 12 18 19 23 22 25 19 27 17 24 23 19 22 19 23 21 16 22 20 18 16 23 23 20 21 30 28 18 26 17 14 23 19 21 17 18 19 18 13 19 21 22 26 21 27 27 17 26 20 16 16 20 14 24 28 20 22 19 22 20 21 21 17 25 17 26 33 22 15 21 28 24 24 13 18 24 13 23 17 28 25 20 20 23 19 26 21 23 20 21 24 18 17 19 28 24 16 30 20 20 20 27 20 26 24 15 26 10 22 17 29 18 18 12 23 16 25 17 19 23 30 20 25 25 23 24 21 15 10 27 21 16 19 20 18 20 25 20 24 19 22 30 24 24 21 24 31 22 21 15 22 30 22 22 22 12 22 23 21 13 24 18 20 19 21 24 24 23 19 22 19 19 24 23 28 25 24 17 22 26 19 21 21 26 24 17 24 15 20 16 13 27 17 21 15 23 20 19 22 21 15 22 22 23 16 19 24 17 22 24 20 19 19 19 26 31 22 19 20 16 19 22 18 16 25 17 23 28 20 19 12 19 23 20 23 24 24 19 27 21 16 14 29 21 28 24 19 27 22 13 24 16 24 20 14 19 17 19 19 14 24 24 14 21 27 15 23 14 18 25 20 24 26 24 25 20 26 18 25 16 22 11 22 30 15 17 22 20 25 16 27 13 26 15 27 20 23 19 23 18 28 20 12 20 20 13 21 21 26 22 23 17 16 16 25 17 26 24 26 20 17 19 19 18 25 30 18 15 15 15 19 22 22 23 20 32 22 28 19 21 21 22 16 29 17 24 15 18 20 24 19 23 18 22 21 22 23 16 17 16 17 14 18 27 18 15 22 24 28 29 22 18 24 18 28 15 25 19 22 24 24 20 19 21 14 27 20 19 17 23 18 33 22 28 15 21 26 16 22 21 23 22 19 24 25 29 24 23 24 24 19 31 26 18 19 21 23 20 16 20 12 16 16 29 18 29 19 21 21 29 25 12 24 17 15 21 21 19 13 21 19 18 28 17 32 19 19 30 24 28 13 28 22 17 25 16 17 25 25 19 21 28 19 18 25 19 14 20 20 22 21 26 25 14 28 23 25 28 12 22 22 19 15 31 21 22 20 19 18 21 19 24 21 22 18 25 19 27 16 26 16 22 22 25 28 25 20 21 24 22 20 23 26 23 21 15 26 28 19 20 31 29 21 21 18 23 20 21 22 18 17 27 30 17 27 18 20 24 33 27 21 22 23 20 34 24 22 24 17 20 21 17 30 19 20 19 19 26 20 24 23 29 25 23 16 24 25 20 20 17 22 27 19 26 17 25 20 16 21 22 17 15 25 15 21 17 12 21 27 18 21 25 18 17 20 18 24 15 27 20 33 14 21 28 22 22 18 19 29 20 11 25 21 23 18 29 15 21 15 20 23 15 27 23 16 20 28 15 22 30 17 22 21 27 20 17 16 23 14 25 33 21 17 24 22 23 16 23 22 17 22 20 21 20 14 28 26 20 21 28 21 19 22 18 22 18 20 15 24 17 20 16 23 27 25 13 25 18 26 14 23 24 21 16 25 15 22 29 20 24 22 24 24 25 20 20 20 23 15 16 26 24 16 20 16 29 17 21 24 19 26 19 21 25 17 20 21 15 16 23 23 20 26 25 16 18 22 28 20 30 15 26 13 23 21 32 19 22 16 26 22 19 23 21 23 22 18 22 23 17 10 27 13 20 25 25 14 29 27 28 19 18 16 25 24 18 25 21 25 25 27 17 17 23 13 22 20 25 21 26 27 23 16 21 10 21 28 25 22 26 21 17 20 15 18 16 21 22 25 16 27 25 24 16 17 13 17 15 33 27 23 25 27 20 24 20 20 18 16 18 20 17 19 25 28 23 23 19 19 22 14 25 21 17 22 22 19 24 17 21 24 18 20 19 26 33 21 27 18 12 20 16 19 29 13 18 23 24 30 21 20 21 14 21 14 18 16 25 23 22 24 21 23 17 12 21 22 24 23 14 20 15 26 24 22 24 21 28 22 24 25 18 12 20 19 27 21 19 27 17 21 22 27 23 22 19 19 23 21 21 19 22 16 14 24 27 24 17 22 24 22 27 26 22 28 22 15 18 12 18 19 16 24 23 27 17 18 15 24 21 23 20 13 18 25 22 27 34 19 21 25 21 18 16 30 24 21 17 17 17 23 26 17 19 21 23 19 23 22 22 29 23 17 21 24 20 27 27 30 23 28 21 19 29 20 16 19 21 25 20 23 15 18 16 23 20 25 24 18 25 24 22 17 19 21 22 19 18 13 20 15 21 27 14 24 28 21 18 23 22 27 31 25 14 18 24 28 21 17 19 19 24 24 31 20 21 17 28 17 17 27 22 19 15 13 22 24 14 29 29 27 23 20 18 19 17 23 15 17 18 31 13 19 13 27 21 26 16 22 14 24 20 20 20 13 21 15 25 17 18 25 17 29 26 27 20 21 15 22 24 29 23 21 28 19 23 23 18 24 26 19 17 12 23 25 17 28 21 27 19 17 17 20 18 22 13 31 27 20 26 26 26 23 19 14 20 24 31 10 22 25 23 24 20 21 24 20 15 22 25 24 21 15 12 16 21 27 15 23 22 22 16 27 12 29 17 22 30 19 17 20 25 27 19 20 28 19 24 18 17 17 20 25 19 14 24 18 20 22 24 14 17 25 27 26 22 25 29 24 21 23 27 26 17 21 26 18 33 23 23 21 17 21 22 15 18 27 24 21 19 21 11 15 28 15 13 21 14 17 32 29 19 26 14 23 17 22 32 16 26 21 19 20 18 15 14 23 24 22 17 18 24 22 26 21 19 23 21 26 23 24 20 19 30 26 12 20 17 8 19 30 20 21 21 18 23 20 23 19 20 25 23 22 13 16 19 13 27 23 26 15 25 17 21 23 20 13 19 19 16 21 24 23 19 25 17 27 21 20 19 18 21 16 25 29 26 20 14 19 20 19 22 26 18 15 26 27 30 27 26 19 15 21 21 18 25 26 23 22 13 15 23 27 19 22 26 24 28 20 15 14 20 21 25 23 16 17 25 24 29 24 17 25 20 20 20 19 16 24 14 17 27 21 15 25 19 22 18 20 23 20 19 29 25 24 21 18 23 23 21 21 18 15 19 20 29 18 20 21 15 20 25 30 23 20 22 18 14 23 23 10 22 23 18 15 23 20 16 36 27 29 17 16 23 18 28 19 21 19 21 18 20 19 19 19 30 21 21 21 23 24 23 12 28 11 26 22 21 16 16 16 18 20 12 15 30 24 23 19 24 16 24 26 28 17 20 19 25 25 12 18 14 19 20 20 21 28 19 31 24 24 23 22 23 20 23 21 24 18 27 20 17 23 27 26 15 22 24 17 19 18 16 14 23 26 20 27 22 26 20 20 15 18 23 17 22 21 18 28 19 20 23 27 20 25 29 30 16 32 18 17 24 17 21 23 24 16 15 23 19 18 14 14 18 21 19 27 26 23 26 16 22 20 15 20 35 21 18 17 24 24 27 19 33 19 24 24 26 18 11 18 24 18 14 17 22 31 22 24 26 24 21 18 29 29 24 24 25 29 26 19 16 20 20 14 31 17 15 28 27 17 21 16 15 18 21 17 18 19 26 25 24 16 23 24 22 26 20 16 23 22 18 22 25 25 22 30 26 14 19 22 17 18 21 24 25 16 24 19 27 25 19 18 21 28 21 13 16 17 21 24 20 18 15 31 25 15 19 25 23 20 25 19 28 18 24 22 19 26 23 19 24 20 18 21 24 20 34 12 23 29 17 20 21 24 17 33 19 27 14 27 21 21 23 27 15 19 14 25 29 20 23 15 28 15 21 24 19 14 26 25 24 25 24 19 26 12 16 24 23 21 22 22 12 26 28 19 21 17 23 21 23 17 20 25 24 19 16 19 26 21 26 24 21 16 19 22 22 17 16 28 19 25 19 17 20 26 24 20 22 22 25 23 21 24 28 23 22 16 23 23 24 20 23 18 21 20 20 19 26 17 21 13 23 22 23 23 24 25 22 18 22 16 21 24 27 15 30 22 19 16 21 26 17 23 19 19 24 17 28 25 28 19 14 20 22 19 24 26 26 27 22 17 29 25 16 18 23 21 33 18 21 23 22 23 30 11 20 20 18 18 25 20 23 18 15 25 16 21 15 30 28 24 22 16 29 18 20 18 20 24 29 17 15 11 24 20 11 18 21 29 20 28 22 19 17 21 22 23 29 22 18 23 30 23 20 22 13 18 31 17 30 18 18 20 22 30 22 22 15 24 20 19 19 29 19 25 22 25 14 27 16 19 21 20 22 17 13 17 22 20 25 24 28 20 22 14 15 28 13 19 21 20 27 22 19 21 22 20 33 15 26 21 19 33 18 25 26 24 32 23 19 23 18 19 32 22 24 22 23 18 16 23 16 12 20 25 20 28 27 19 10 26 18 24 19 20 21 14 23 21 16 24 16 24 28 19 29 16 13 22 25 17 18 26 19 16 27 17 22 21 23 18 18 22 24 25 23 19 22 16 23 25 22 16 19 28 22 21 29 24 21 21 23 19 21 26 25 21 18 18 19 23 25 17 27 13 12 21 28 20 22 22 14 31 18 22 19 16 27 12 15 12 22 33 16 27 24 14 24 25 15 20 19 32 19 17 26 19 16 25 21 20 20 15 18 23 19 20 20 27 19 21 31 17 19 20 28 23 22 17 16 27 24 23 18 18 18 25 21 17 20 20 17 22 16 29 19 16 20 26 21 18 18 20 23 17 21 21 27 22 14 18 18 19 15 16 21 22 16 31 22 26 14 23 20 23 23 23 26 18 24 23 23 17 19 18 31 21 26 20 24 24 20 15 17 22 19 21 19 15 21 22 24 15 21 19 18 32 14 23 24 18 20 16 23 23 21 23 20 19 15 18 17 30 27 25 17 16 14 17 22 16 32 17 20 16 18 30 21 21 24 23 19 20 19 20 23 19 14 19 21 19 27 23 23 21 16 18 26 20 18 20 17 26 21 24 24 18 20 28 22 18 20 22 21 23 29 21 21 14 17 28 23 24 16 25 25 22 19 24 29 26 22 25 17 18 21 17 29 15 24 23 26 22 13 17 15 19 31 19 23 17 21 32 22 19 12 33 17 22 19 17 19 19 18 26 23 19 23 22 16 23 24 28 28 17 26 24 15 19 20 5 21 21 21 19 27 21 26 32 18 23 20 23 32 17 14 23 22 25 19 20 29 19 16 20 18 23 19 28 28 27 20 22 24 27 22 25 29 19 18 26 21 26 14 25 19 17 15 18 20 19 20 24 17 21 21 21 24 22 23 14 22 18 23 22 19 18 30 27 26 17 21 15 25 17 19 19 20 16 16 22 32 21 23 19 15 15 22 23 17 23 29 19 17 26 21 21 23 29 13 19 27 19 18 24 21 24 21 25 27 13 21 18 18 26 18 24 24 28 16 24 20 21 22 20 13 18 28 26 12 16 16 24 23 20 26 21 25 16 22 19 24 15 27 19 24 17 22 22 24 23 22 19 28 31 19 16 22 21 21 21 19 23 19 27 24 18 27 18 25 25 22 25 22 17 23 19 27 23 29 24 24 18 23 27 17 17 24 20 22 29 19 23 10 22 26 20 14 24 23 27 22 20 16 20 16 22 17 22 18 23 19 27 18 15 16 19 27 29 16 19 19 15 23 27 21 17 20 24 31 18 27 14 18 21 22 24 21 23 22 19 9 17 20 21 19 12 21 26 19 16 20 14 21 15 28 23 23 24 13 14 27 22 20 33 28 24 24 25 14 20 17 21 18 17 19 31 23 22 25 22 22 22 20 22 23 27 19 23 24 11 23 19 21 27 29 20 24 17 24 19 27 16 21 29 18 23 20 19 24 22 19 13 23 21 28 15 26 19 19 17 26 19 30 16 21 18 19 20 18 27 19 25 17 21 28 18 25 19 20 23 16 18 18 23 20 19 25 20 16 12 30 23 26 24 21 25 15 22 28 15 15 34 24 26 17 23 24 28 20 22 21 21 22 19 22 23 21 26 19 23 27 26 28 18 18 20 18 18 30 29 30 16 29 21 27 26 22 18 18 25 21 24 21 22 22 20 27 26 16 26 30 20 19 20 27 20 18 21 30 22 23 23 21 15 20 25 26 24 22 16 12 24 22 12 18 22 22 20 23 24 25 20 30 18 29 23 23 26 13 22 18 15 28 22 27 20 20 31 20 20 21 30 26 20 25 19 23 16 19 25 15 17 15 32 16 25 28 29 22 24 26 26 13 20 25 18 20 19 20 26 24 23 21 19 17 20 25 23 27 14 29 20 27 17 27 22 27 21 16 23 25 19 21 23 21 21 20 25 22 18 13 27 22 26 17 15 30 21 14 23 23 25 12 30 18 20 15 19 14 21 24 21 14 30 19 33 28 23 22 29 15 20 23 16 18 27 19 21 23 25 24 19 21 13 19 7 20 25 31 28 31 19 24 19 24 17 17 26 15 26 23 14 26 17 21 16 16 28 19 19 30 20 23 14 24 27 16 24 22 24 26 20 26 13 13 24 15 22 21 23 15 13 24 23 13 18 27 21 30 24 24 16 20 16 21 22 29 25 14 21 15 15 25 20 21 21 26 22 26 26 27 20 16 20 27 14 17 30 28 16 13 21 22 21 24 20 22 24 22 33 14 19 25 15 31 25 13 22 14 27 24 29 18 21 24 24 19 18 23 24 21 26 19 18 24 19 26 14 17 15 18 18 22 23 24 18 18 21 20 27 21 26 25 26 18 24 25 20 19 26 23 19 26 19 17 19 24 26 25 24 13 14 28 14 22 25 24 22 23 26 17 22 23 15 15 23 23 23 23 25 20 27 24 20 24 22 14 19 25 22 16 16 27 22 29 23 18 17 27 19 22 24 21 17 30 29 21 21 25 18 23 22 16 21 20 19 18 28 27 13 22 22 30 25 24 24 21 25 23 19 20 26 26 18 21 18 18 30 24 14 21 24 17 21 20 26 29 21 20 14 24 19 16 28 20 25 21 18 30 20 24 13 20 21 19 19 15 20 24 18 15 23 24 19 23 26 22 17 21 16 21 15 21 23 21 17 29 18 23 19 27 16 20 21 26 26 23 29 27 27 14 8 20 31 15 27 18 25 25 21 19 18 20 21 16 17 23 18 19 17 25 20 23 21 26 26 18 30 24 17 25 19 16 18 20 21 18 21 18 19 23 23 23 25 25 21 25 19 16 20 20 21 23 20 20 24 16 22 22 15 21 25 18 18 16 26 22 19 22 21 27 21 23 21 26 19 23 23 25 28 18 28 21 22 13 23 17 17 25 21 21 21 28 20 23 20 18 22 29 22 20 24 21 22 25 25 19 20 17 19 20 19 28 34 21 16 14 9 19 26 35 23 22 19 23 16 20 16 12 21 28 19 14 26 24 20 18 27 16 25 25 17 21 18 15 16 25 18 34 17 18 17 23 27 14 22 30 17 13 24 20 21 22 21 23 18 23 23 30 18 18 22 20 20 24 21 26 27 23 21 22 25 23 15 25 21 20 30 14 21 21 29 27 20 18 18 14 17 23 21 28 15 21 18 20 14 19 19 29 24 20 14 26 27 27 17 21 12 19 28 19 21 19 20 16 29 19 22 31 20 21 27 27 17 15 18 27 14 22 25 12 29 23 21 19 25 12 23 22 24 18 19 22 30 24 22 15 25 19 11 30 33 22 14 18 20 24 18 16 22 12 22 27 18 27 22 19 22 29 11 14 24 19 14 15 20 19 20 25 22 21 35 21 19 15 22 22 14 22 23 25 25 23 18 22 21 25 24 21 27 20 23 15 20 21 23 21 27 16 24 14 19 20 24 10 22 21 19 16 20 23 23 34 18 17 19 24 21 25 25 15 33 11 33 18 21 26 22 21 27 13 15 25 19 24 17 23 27 19 22 22 31 23 25 30 26 18 18 16 24 23 25 21 16 29 14 14 21 22 15 27 25 23 25 22 18 31 15 23 21 23 13 25 31 14 22 19 34 12 25 14 15 30 31 20 12 13 25 23 19 24 25 24 16 12 16 26 25 19 27 25 17 29 12 26 21 23 17 18 24 24 16 26 17 30 19 16 25 23 21 22 12 20 23 24 18 25 18 19 17 29 18 31 19 16 22 18 18 31 23 21 16 25 23 21 17 18 22 20 26 19 22 26 18 19 12 14 14 30 27 19 18 26 18 12 26 29 18 21 24 18 21 22 17 16 29 21 27 26 14 30 22 30 25 21 24 25 21 18 19 23 22 21 16 23 26 17 14 21 21 28 23 19 28 20 21 17 23 21 22 22 27 24 24 19 21 18 19 21 23 22 19 30 26 26 19 23 13 25 23 26 13 28 23 23 14 14 21 21 22 23 17 18 13 23 26 21 22 20 20 24 11 20 24 21 23 17 22 20 25 22 25 20 20 24 14 25 21 26 23 18 19 21 13 21 29 27 18 27 28 20 21 23 18 20 17 14 27 14 20 23 28 18 19 30 21 21 19 26 17 22 23 29 20 28 17 25 18 22 23 19 12 22 19 23 23 19 26 18 17 23 16 23 22 20 19 19 19 21 25 25 22 24 25 22 29 19 18 21 21 15 17 26 26 16 22 23 21 29 23 19 19 19 14 21 22 20 20 19 21 21 21 25 23 25 17 19 17 20 17 18 19 26 24 22 15 20 23 29 21 19 24 25 15 20 23 26 19 25 22 24 14 15 24 25 15 19 15 22 26 26 22 24 20 17 26 21 26 17 20 22 21 22 14 19 24 25 22 15 34 20 20 19 15 21 24 19 16 22 23 25 17 20 21 22 25 14 18 19 19 31 26 24 26 19 16 22 29 26 18 25 16 16 22 21 16 21 29 22 22 28 25 11 12 20 26 22 22 21 21 21 15 27 21 21 20 21 28 23 15 28 22 21 17 20 29 24 25 28 12 22 17 19 17 18 12 27 16 33 22 19 16 23 23 22 15 24 24 23 23 25 17 17 25 24 21 22 17 17 21 14 17 18 21 23 17 19 24 24 14 26 21 20 21 26 28 16 17 26 14 24 18 20 23 19 27 27 31 29 15 23 16 23 19 22 22 26 19 20 21 24 28 16 24 24 22 23 13 26 19 19 24 14 14 24 24 25 20 19 21 21 12 25 23 23 14 23 17 32 20 19 28 27 18 23 16 25 24 20 16 29 17 24 25 20 28 25 15 15 11 24 21 28 24 22 19 21 23 20 21 18 22 22 24 23 22 28 21 17 13 21 14 14 17 29 21 27 25 15 17 22 17 15 26 20 25 24 24 12 22 33 20 21 21 23 22 18 20 12 31 17 16 21 23 20 20 18 24 25 17 26 13 20 20 23 19 16 22 18 25 33 24 22 20 19 20 15 27 23 12 16 28 21 19 24 29 19 19 18 20 20 21 21 21 17 26 19 24 27 30 25 24 23 20 23 18 17 17 20 27 15 9 26 22 23 18 27 19 29 17 18 18 19 13 25 25 17 21 21 20 29 17 19 21 22 26 26 17 27 24 23 22 17 17 25 24 19 20 19 21 19 20 25 28 20 25 19 15 18 14 25 18 23 26 21 19 21 22 21 20 21 21 24 22 28 20 22 16 25 16 20 23 20 22 18 17 26 29 16 14 22 25 23 25 26 23 18 23 24 24 14 13 22 26 21 24 19 22 18 25 19 15 22 24 26 26 30 19 19 14 18 17 26 24 28 21 15 23 32 16 24 20 16 20 19 21 22 25 17 24 17 33 23 16 14 20 31 20 18 30 19 30 18 21 19 19 26 27 20 20 13 28 21 23 30 17 23 21 25 13 29 18 18 22 26 21 22 18 15 13 24 24 32 21 25 29 14 18 19 17 28 23 25 20 26 22 21 26 14 13 25 14 29 24 17 22 23 8 17 19 24 25 17 31 23 24 23 30 18 20 15 22 25 24 14 21 28 27 25 26 20 9 16 17 25 23 22 21 23 21 23 20 15 25 18 23 18 21 25 25 21 17 27 17 19 17 17 18 17 22 17 22 16 13 20 22 20 19 23 22 25 25 17 24 20 20 23 21 32 13 30 30 20 22 23 22 25 17 16 23 24 18 26 16 19 34 20 15 27 19 22 17 25 22 26 17 27 21 19 26 17 18 17 18 26 22 21 15 26 17 29 17 25 29 18 17 18 25 18 15 14 14 21 23 30 22 21 21 23 19 23 14 13 27 19 21 23 32 33 22 12 22 19 28 22 17 28 21 16 20 23 27 23 16 18 14 19 19 21 29 23 21 26 18 26 28 19 18 16 21 19 11 26 18 22 20 18 28 22 24 23 26 18 15 20 20 22 16 22 28 24 25 17 32 14 18 16 25 18 26 17 26 25 23 13 23 17 23 18 26 14 19 24 24 16 21 14 28 17 21 19 15 17 16 31 20 26 23 20 18 27 16 25 17 26 31 15 19 18 26 15 24 20 22 23 22 20 21 21 16 23 13 21 21 14 24 14 20 18 16 33 22 28 21 16 18 13 19 27 24 21 18 25 24 19 20 18 24 16 19 32 21 15 21 23 24 22 21 26 23 21 21 15 18 23 12 21 24 16 19 20 21 20 22 20 31 20 26 19 20 25 17 22 20 25 21 18 20 31 23 23 15 14 28 22 24 22 14 25 17 19 21 29 16 23 17 28 16 14 20 15 24 28 22 21 22 16 22 22 17 15 15 20 19 26 16 16 28 20 26 15 19 24 19 24 13 23 15 23 26 27 18 23 23 26 23 13 20 21 21 26 17 22 18 17 19 17 25 19 22 13 22 23 20 20 23 17 20 24 17 27 23 24 15 21 16 25 27 20 22 14 27 32 18 21 31 21 12 24 18 19 25 15 26 23 22 27 20 22 21 19 17 21 24 15 16 18 20 20 15 26 23 20 26 17 17 18 15 15 17 31 30 25 23 28 25 18 13 16 18 17 24 19 11 20 25 23 14 17 19 20 18 21 24 20 30 24 30 22 21 16 25 22 15 22 19 20 21 24 23 14 22 20 19 25 27 27 20 13 17 19 21 19 14 24 21 27 11 30 19 24 23 28 17 19 25 22 22 19 17 20 19 27 22 21 26 23 21 23 13 21 19 20 26 20 26 23 23 19 26 27 22 31 16 31 14 16 22 16 21 25 23 32 20 18 24 11 20 26 16 23 26 27 15 21 18 21 22 24 22 29 18 12 19 17 24 18 29 20 18 19 20 11 30 16 13 16 17 27 24 24 25 15 27 25 20 21 31 17 21 21 14 22 22 22 22 17 12 25 22 13 27 27 20 24 26 26 21 23 28 19 21 22 24 17 21 26 22 28 27 19 19 18 18 21 9 27 26 26 24 18 18 22 21 23 24 23 15 18 17 22 18 22 21 21 18 28 22 20 14 17 22 29 13 26 28 24 23 21 26 28 28 27 16 18 21 19 11 21 22 31 22 25 18 13 21 32 21 24 19 30 26 19 19 18 23 19 24 18 18 22 18 21 25 21 18 28 22 20 20 23 20 25 18 25 21 14 27 26 23 22 30 17 18 28 24 25 19 18 19 18 18 17 17 30 27 16 30 22 14 15 27 22 18 30 21 26 16 15 16 15 25 17 17 17 18 24 22 18 19 17 22 26 25 25 12 19 23 16 19 22 29 18 15 17 23 14 19 23 27 14 22 19 28 22 25 20 20 17 20 17 20 18 31 21 26 33 28 27 23 16 29 17 16 15 20 21 22 13 24 23 21 21 16 19 23 26 24 15 26 23 29 24 24 19 16 19 23 20 16 21 20 19 23 14 15 26 16 20 24 22 17 15 20 24 22 25 22 35 20 21 7 21 19 24 15 25 23 21 21 15 28 19 20 19 16 18 22 16 23 24 23 26 20 22 14 16 26 20 33 21 22 22 21 19 22 15 23 22 21 21 26 20 30 15 27 20 22 24 30 14 19 23 22 20 17 16 22 22 21 18 16 22 16 17 19 32 16 19 16 25 24 26 15 25 13 18 21 20 21 28 22 19 23 25 16 18 26 27 21 22 26 21 26 17 15 24 23 21 19 21 16 21 19 15 23 21 16 22 22 24 23 21 26 19 25 25 15 17 17 20 12 23 18 17 25 22 17 21 25 19 19 20 14 17 14 24 15 23 27 18 27 19 28 25 16 26 13 30 25 23 31 21 18 18 23 21 20 23 24 29 19 19 24 22 16 26 22 19 29 21 21 17 17 22 23 22 19 24 12 33 18 21 17 30 30 21 22 19 22 17 24 29 20 31 17 19 18 22 30 15 25 17 24 18 16 21 26 24 17 25 26 16 14 21 21 22 14 14 19 24 25 28 25 14 26 15 25 17 33 18 15 26 25 22 19 22 26 27 12 29 19 19 23 21 28 27 21 20 23 21 18 20 25 21 15 26 21 24 21 21 22 18 22 30 24 20 19 18 36 23 18 27 19 17 18 19 20 25 23 21 24 34 30 26 18 21 25 24 19 26 19 27 15 15 23 12 26 23 16 15 20 32 20 14 26 24 16 21 25 17 20 25 17 13 21 21 21 22 24 24 15 11 21 28 17 15 20 22 24 20 15 16 14 23 31 18 23 21 24 19 22 22 25 20 27 24 17 17 17 21 21 20 20 20 23 23 16 20 25 25 24 11 18 22 19 17 20 19 16 19 27 28 19 19 23 15 26 18 30 18 12 24 23 27 23 18 20 24 27 25 19 19 17 22 21 19 26 12 25 17 28 19 23 20 17 12 29 29 23 24 21 13 24 18 26 26 19 19 20 25 18 15 31 18 25 17 14 14 20 33 27 22 19 27 21 30 18 17 18 25 19 23 25 16 22 29 15 22 23 18 19 25 24 19 27 17 25 14 21 27 21 19 24 27 24 23 18 27 22 22 13 18 15 22 18 18 15 22 21 19 25 23 26 18 21 35 16 14 20 20 20 22 22 23 26 29 24 24 16 19 17 22 24 28 20 21 17 24 22 25 18 15 23 24 26 13 22 23 22 26 17 29 29 17 18 14 21 25 17 19 29 25 22 20 21 17 24 23 28 20 25 19 27 19 23 22 18 23 28 23 26 20 18 20 20 19 21 23 24 27 16 27 23 19 18 18 23 25 23 19 17 21 15 20 19 25 20 26 19 20 20 18 16 22 26 21 21 31 16 22 22 24 26 15 24 19 20 16 19 24 17 23 13 19 22 27 16 15 19 15 22 22 24 15 18 18 17 18 25 37 12 13 26 20 24 23 29 28 21 25 23 18 23 18 17 23 21 30 13 20 24 16 20 22 24 28 20 14 20 19 24 19 24 20 20 19 17 22 20 27 23 18 14 18 33 20 18 23 22 16 20 20 22 20 22 27 25 24 24 28 19 27 29 23 19 12 24 16 27 15 22 19 25 25 13 19 22 25 20 23 32 22 26 19 30 23 10 21 21 12 20 30 19 26 21 24 25 15 18 13 20 22 20 26 29 23 21 28 20 19 20 28 23 26 22 23 19 18 21 26 24 19 27 17 21 14 25 18 25 26 25 16 22 26 19 22 28 18 28 20 24 12 20 24 20 19 22 25 26 21 16 29 18 20 22 19 25 22 17 19 20 29 23 25 17 22 16 25 21 24 16 14 22 21 28 18 16 28 26 21 18 22 18 17 18 17 15 22 25 19 24 18 16 23 20 26 15 27 28 18 20 26 30 25 24 20 19 18 28 15 21 32 14 16 16 21 17 26 22 23 21 17 22 22 29 18 19 24 20 25 15 25 18 18 16 22 23 21 22 21 22 25 14 19 15 23 29 25 14 14 13 25 23 16 23 26 25 22 26 15 14 13 29 24 14 23 26 18 16 22 16 23 21 20 31 21 24 15 22 26 19 23 19 16 14 29 27 24 16 16 23 17 25 23 10 19 18 22 22 26 21 16 30 21 16 15 15 29 17 17 14 36 24 22 29 18 27 21 14 31 17 18 17 18 23 14 27 24 22 23 17 20 11 28 18 14 20 22 18 17 15 21 30 23 20 28 27 30 20 22 18 18 12 14 25 19 22 17 16 21 18 21 24 16 23 28 21 12 15 17 25 20 20 27 23 24 23 27 24 15 28 23 18 27 12 15 21 23 23 21 15 19 21 20 24 24 30 23 16 13 29 23 21 24 18 17 20 20 27 16 16 21 31 16 33 21 23 22 16 25 21 23 24 22 25 17 17 22 20 30 18 10 22 23 25 18 23 21 28 24 23 32 19 16 23 28 19 25 16 23 22 25 26 23 12 20 29 26 18 12 17 18 25 24 24 26 17 24 23 17 16 22 23 21 21 28 23 16 13 23 14 24 21 19 22 23 18 32 17 15 25 25 21 31 22 21 19 24 10 18 17 22 20 23 30 18 14 29 14 15 29 22 21 17 19 23 30 20 17 22 20 24 18 17 24 19 19 30 23 14 20 19 30 17 18 25 18 20 22 26 24 22 19 26 20 23 15 22 17 23 21 26 21 29 17 20 18 24 17 17 29 27 19 22 18 23 21 17 24 15 22 22 26 19 26 17 23 24 23 23 21 19 22 15 21 25 22 24 21 18 22 18 21 16 27 29 26 17 22 20 19 25 18 17 18 21 19 21 20 23 24 19 30 21 22 23 18 25 20 22 31 22 16 24 15 22 18 27 15 26 26 22 25 18 25 14 22 32 29 18 19 12 19 17 26 27 21 13 19 26 23 19 19 24 20 24 19 24 18 25 24 20 22 25 30 24 20 16 12 24 21 14 30 14 26 17 20 24 18 20 28 13 29 23 19 16 16 33 22 16 24 26 12 23 26 17 23 25 22 21 22 13 27 29 25 17 19 16 20 16 27 22 23 27 22 25 21 16 20 22 23 20 20 20 27 19 20 19 23 30 18 27 16 17 20 18 9 17 24 22 25 22 30 36 25 23 21 26 20 18 27 24 26 18 21 20 17 27 24 25 17 17 28 22 21 25 24 23 17 24 20 20 27 11 30 31 27 22 17 23 23 24 22 16 11 19 18 25 26 20 20 21 31 25 25 26 24 23 28 20 22 17 22 16 18 15 21 19 24 20 19 14 17 29 22 24 20 28 25 15 29 23 16 13 19 26 25 15 24 19 17 20 31 27 19 21 21 15 15 11 17 24 33 25 24 17 18 24 22 20 16 22 15 21 19 21 23 23 21 24 18 33 21 33 16 23 19 19 26 19 24 19 21 20 17 21 24 15 26 22 20 21 23 19 18 18 16 27 25 25 20 24 23 30 16 18 16 23 19 16 17 22 24 27 16 26 23 16 23 33 25 32 22 19 19 23 19 21 24 27 16 20 31 17 13 19 19 23 26 18 19 20 22 24 19 18 19 21 20 20 20 26 23 26 21 25 22 26 21 18 15 21 28 25 28 16 23 15 26 20 22 18 20 20 21 20 15 24 23 27 23 22 22 23 26 22 19 18 17 16 24 31 16 25 14 22 22 24 19 20 21 20 20 27 30 23 15 15 24 27 28 22 18 18 19 27 25 20 21 25 19 21 26 24 15 26 25 21 28 13 13 16 17 22 18 21 21 23 15 19 27 16 18 29 20 25 22 21 25 21 29 15 13 18 20 18 25 18 21 14 28 14 24 23 22 32 33 18 17 16 19 21 20 15 21 23 26 26 20 18 22 15 27 23 17 27 20 25 21 20 16 23 19 25 22 26 18 22 25 27 20 22 18 26 19 21 23 12 25 18 18 21 20 24 17 16 20 24 29 20 20 22 23 23 11 16 22 26 27 25 18 22 19 27 28 10 18 25 16 28 19 22 23 24 21 18 13 26 17 22 24 23 20 17 26 12 27 19 27 17 29 16 22 22 18 19 25 18 16 23 15 13 24 18 18 22 21 19 21 20 26 34 22 24 16 20 18 18 19 20 21 21 25 30 20 21 33 16 25 20 21 17 13 18 31 32 28 20 21 13 15 21 26 25 21 24 13 25 19 19 22 27 21 15 24 21 24 17 21 22 17 16 15 18 24 25 22 20 24 25 23 27 20 23 17 23 18 15 22 24 20 22 18 30 23 21 27 20 24 27 21 23 16 21 28 19 24 24 13 21 26 16 23 16 21 26 23 16 31 19 21 21 36 17 22 19 19 20 21 27 13 24 23 18 15 31 23 14 28 14 24 22 16 23 23 20 30 26 16 25 20 20 20 25 25 18 18 25 22 15 27 20 24 17 20 20 17 20 23 23 21 19 21 23 26 29 25 23 12 30 20 27 23 23 17 17 24 14 19 22 25 22 24 18 14 20 30 28 24 17 19 12 15 24 14 22 19 17 22 14 21 24 24 21 25 25 16 16 18 20 20 19 26 28 24 14 19 26 24 21 18 17 24 18 25 33 23 23 16 29 14 20 19 27 23 17 23 25 26 20 12 24 28 23 22 16 17 21 16 23 25 26 17 30 19 24 29 17 18 8 23 17 21 23 21 21 22 23 13 21 22 21 18 24 22 19 22 28 27 20 19 24 13 23 29 24 24 20 23 21 23 20 31 21 31 23 24 29 16 25 20 13 30 17 23 15 16 16 26 22 21 22 19 25 17 31 24 21 19 26 20 26 22 14 26 30 21 15 25 26 17 21 20 24 15 16 21 24 13 32 20 24 22 16 20 22 20 18 13 16 17 19 23 15 18 30 21 19 26 26 26 21 25 28 15 24 23 20 17 18 23 17 19 16 31 26 20 27 16 21 25 24 17 23 15 24 17 30 17 16 23 19 24 31 21 14 21 21 21 21 24 17 26 28 21 22 21 27 21 31 23 17 22 19 16 17 18 17 27 25 14 16 27 23 23 16 23 16 15 16 25 28 21 24 24 21 16 23 13 30 15 22 24 28 26 17 29 17 14 18 18 20 21 25 24 23 27 24 19 18 14 24 21 15 21 23 23 24 14 19 27 23 23 21 16 30 27 27 21 26 16 26 21 21 18 14 13 24 21 14 20 29 23 28 15 22 14 16 15 21 16 24 17 14 26 19 24 20 23 25 15 22 27 18 24 11 25 21 23 15 28 29 16 25 21 24 28 19 25 22 17 10 17 12 23 13 24 27 27 13 20 20 20 30 31 19 20 10 21 18 31 31 26 14 21 12 12 13 17 19 24 28 16 22 22 19 19 25 18 22 30 22 22 18 21 22 18 15 24 24 19 18 17 23 19 23 25 24 21 23 24 21 24 17 26 22 30 23 24 17 24 15 13 22 17 23 20 28 21 25 20 18 22 25 25 21 22 20 19 27 20 19 18 19 17 22 19 22 29 19 21 34 17 23 20 19 22 19 24 16 18 26 20 31 17 20 19 20 21 19 16 40 18 18 22 27 21 20 28 17 14 25 23 17 19 12 22 25 15 17 26 12 23 22 25 22 29 21 19 21 19 24 14 26 24 18 23 14 20 26 24 19 15 29 19 23 17 14 22 13 21 19 21 19 15 32 25 13 21 29 22 21 24 20 15 22 19 14 29 19 20 22 20 26 13 22 21 15 20 34 20 20 19 26 18 27 21 18 30 35 19 14 24 24 22 9 22 25 15 15 18 20 23 17 21 27 23 22 15 23 19 19 23 23 15 14 20 25 28 20 16 12 26 27 29 29 17 18 22 28 22 25 19 27 25 22 27 20 24 15 26 29 26 15 22 20 22 19 16 20 20 34 16 20 26 17 27 23 18 24 14 16 23 17 10 15 21 34 15 21 14 24 23 16 15 18 15 27 25 21 16 13 23 14 25 14 22 28 17 25 21 22 13 22 16 18 25 14 16 21 23 19 18 22 18 25 32 23 16 15 15 19 13 16 20 21 24 16 21 31 23 14 22 24 21 14 13 25 18 32 26 16 23 22 14 16 29 23 27 15 17 27 21 20 21 16 18 28 21 20 20 19 24 26 24 25 21 18 22 20 17 16 22 20 25 28 17 17 18 24 13 23 24 26 19 15 24 18 19 22 19 11 29 21 26 29 23 17 21 25 21 18 29 32 13 26 22 20 21 25 18 23 21 23 25 21 18 17 32 25 16 16 19 21 21 27 23 21 20 21 30 17 18 22 19 20 25 26 25 19 20 21 24 14 28 25 28 18 19 16 23 20 23 16 27 23 17 26 17 18 23 20 24 25 20 19 21 28 23 15 15 21 25 20 15 19 29 22 17 18 27 19 21 23 27 18 27 21 22 20 18 29 17 18 23 13 23 25 27 25 25 27 18 14 17 25 24 22 25 19 16 22 24 24 35 28 20 17 21 22 19 18 26 23 15 30 25 23 12 20 15 21 24 24 24 28 23 20 27 20 21 16 25 16 25 27 25 31 19 22 18 25 24 7 20 17 27 24 20 21 20 22 23 28 15 29 22 14 17 23 19 26 19 22 17 18 16 21 25 23 21 22 25 23 19 21 16 20 23 13 22 17 20 28 27 29 19 30 26 20 20 19 25 22 20 17 27 18 19 23 25 20 20 24 20 26 22 15 23 15 26 16 18 19 31 17 15 22 26 23 15 22 19 24 23 21 23 21 24 21 20 25 20 19 9 19 17 20 18 23 27 26 19 19 21 23 19 21 19 22 15 17 25 22 18 26 18 17 20 20 13 25 28 24 25 21 24 24 17 18 28 29 19 18 25 24 26 18 32 21 27 26 24 22 22 26 19 14 24 28 17 21 18 21 29 18 21 25 21 23 26 20 33 22 21 20 21 22 17 20 19 16 18 29 20 19 21 21 23 17 26 22 23 20 25 20 15 27 20 21 20 22 21 31 15 17 18 15 17 21 16 20 32 21 28 27 24 19 23 19 25 15 24 21 25 21 28 22 13 16 19 18 25 23 24 28 27 19 15 20 24 26 17 17 17 27 20 26 10 22 10 27 24 20 22 15 30 19 18 22 18 20 18 21 23 21 19 34 18 24 15 19 18 27 31 21 15 25 22 22 17 19 21 21 25 25 25 19 19 27 15 23 26 16 26 19 20 22 25 16 16 17 26 22 29 23 19 23 21 23 17 21 27 18 24 18 29 21 17 17 22 17 24 26 15 30 21 21 24 15 19 15 19 26 21 14 22 19 25 20 16 17 20 24 16 25 23 23 21 23 23 24 10 20 19 22 22 24 23 23 27 13 20 20 26 17 22 23 19 25 17 16 16 20 22 23 20 28 23 23 19 27 13 18 24 22 23 26 18 31 12 19 14 30 21 24 37 19 21 23 17 28 21 23 25 30 26 14 14 21 19 23 17 31 16 25 20 20 25 19 25 22 23 16 19 26 22 26 27 17 21 24 22 18 20 12 29 15 23 24 25 18 15 19 20 30 23 18 22 30 14 16 18 21 17 24 18 29 21 17 32 19 20 22 15 21 20 22 20 19 19 22 24 16 14 19 16 26 25 11 20 25 26 23 14 21 25 19 22 30 13 20 28 22 23 16 19 29 24 27 15 24 15 16 23 20 21 20 23 8 19 13 18 27 21 25 24 20 21 16 22 12 35 24 23 16 23 25 19 21 22 20 13 17 20 23 31 26 19 15 21 17 14 30 21 17 19 22 23 25 22 25 25 25 22 21 19 20 17 22 23 29 21 23 17 16 24 28 37 18 21 16 20 15 24 29 19 26 23 12 21 28 17 12 21 15 31 16 21 23 16 21 28 23 17 21 26 25 23 21 17 22 20 19 22 17 16 24 15 29 17 20 28 15 26 20 19 23 21 19 19 21 26 19 25 19 25 22 25 15 16 20 20 20 23 23 31 14 23 12 23 25 23 18 19 23 22 18 32 22 24 11 25 16 19 26 14 21 14 15 25 26 10 11 16 22 33 18 17 21 22 22 18 24 19 26 24 27 15 24 15 26 24 24 31 22 18 31 26 22 16 19 18 25 23 22 28 27 14 20 28 18 20 24 17 26 19 15 24 22 23 16 22 22 28 24 22 15 26 20 18 16 12 24 19 20 24 26 21 14 25 19 25 16 19 20 31 34 21 29 19 27 30 24 23 18 23 18 24 18 13 16 23 17 23 19 22 19 13 23 23 22 22 27 22 18 15 22 30 25 26 21 19 21 20 25 27 14 28 17 21 17 23 28 15 25 24 22 22 23 17 17 16 15 23 20 23 24 25 22 25 11 24 14 24 21 22 26 21 28 20 25 23 23 10 17 24 17 17 24 27 19 21 23 20 15 16 21 32 25 25 22 28 16 21 23 22 28 29 18 27 28 19 27 15 16 20 18 16 21 18 17 29 22 23 18 21 32 22 21 23 17 21 17 23 15 20 17 21 30 18 18 27 23 17 18 15 20 21 16 27 23 27 24 30 18 22 30 15 30 13 18 26 27 21 25 18 21 21 17 20 27 11 21 24 21 21 23 15 19 23 17 17 21 31 20 22 22 22 20 12 20 20 25 30 18 20 19 19 24 24 16 19 16 22 28 32 9 19 20 20 15 20 30 18 24 26 14 16 24 26 15 33 24 13 24 26 24 23 24 17 19 17 11 27 23 20 26 18 26 19 17 19 24 17 20 16 19 20 19 21 29 17 21 22 22 26 29 19 22 18 20 22 21 18 27 18 24 18 23 21 20 22 26 26 25 19 35 21 14 27 16 22 18 22 15 22 19 17 26 17 23 17 23 17 19 14 15 21 17 24 20 24 26 19 21 20 16 15 24 25 23 27 22 29 21 16 19 18 18 20 27 28 21 17 24 16 22 17 24 22 23 22 21 16 21 13 23 27 23 15 19 27 24 17 23 31 22 19 20 26 20 18 20 16 20 34 18 21 21 25 20 24 20 21 23 22 24 22 16 15 18 26 20 24 17 24 22 17 20 20 17 30 16 21 23 20 19 27 20 28 27 22 32 27 17 26 20 17 25 17 18 15 20 25 17 26 22 14 21 19 28 19 20 17 22 30 16 21 20 20 22 18 32 19 15 17 29 16 20 24 23 25 15 20 23 20 25 18 20 18 19 20 28 24 16 9 18 20 15 23 27 29 23 16 22 26 19 20 15 21 25 25 17 22 21 25 19 22 17 17 26 21 23 19 24 15 18 21 19 25 25 17 20 20 13 29 18 20 22 18 23 22 20 26 16 18 18 16 22 20 18 25 31 25 25 25 22 22 20 24 20 15 21 19 17 17 22 18 28 20 22 20 29 14 26 29 24 16 27 15 19 18 16 22 26 16 14 28 27 20 25 13 31 26 14 27 17 18 22 20 23 20 27 26 11 19 27 24 25 20 16 20 22 19 9 22 19 15 21 27 24 20 27 16 19 19 22 20 18 22 24 25 22 20 15 24 11 25 23 21 21 22 24 22 24 20 28 19 16 17 26 26 21 18 29 23 18 18 23 22 15 26 21 20 16 29 21 18 19 13 25 22 25 26 29 17 22 25 19 20 23 20 17 26 28 23 28 19 17 32 13 21 16 22 22 12 21 25 24 25 24 18 16 13 21 22 18 24 19 17 13 24 30 17 16 18 22 28 18 21 29 21 21 20 18 14 16 20 19 23 23 22 27 18 19 21 21 26 25 13 25 14 24 21 18 19 22 22 14 21 34 23 24 26 13 22 19 18 20 27 23 17 18 31 22 20 20 19 21 16 17 27 21 24 21 18 29 26 25 21 22 17 18 28 23 20 16 17 22 13 28 32 20 29 21 31 22 18 16 25 28 23 19 26 14 16 24 23 25 21 26 26 12 20 22 27 25 20 23 29 25 24 23 17 24 19 21 20 16 33 29 26 24 28 20 27 21 20 13 21 15 17 28 23 26 26 21 20 19 19 17 26 17 24 26 17 29 33 12 13 25 23 20 19 22 23 19 20 19 20 18 14 17 15 23 25 25 23 23 22 24 21 14 21 26 19 16 23 22 18 22 24 21 21 23 21 28 18 26 21 19 23 23 15 24 23 15 19 22 29 22 19 22 19 15 24 16 22 21 16 25 27 20 30 20 22 16 16 22 18 23 26 23 24 19 25 13 20 22 14 20 25 24 17 31 26 21 32 24 30 30 14 14 13 20 21 19 32 18 21 22 21 19 27 14 17 29 15 15 16 16 25 30 23 15 35 18 24 26 19 21 17 28 28 23 20 21 21 21 23 14 20 20 21 23 19 32 19 18 19 19 32 22 17 17 27 17 23 18 29 21 15 16 24 23 21 22 24 19 18 29 25 22 20 11 20 24 23 21 13 17 21 23 22 20 21 26 23 20 16 17 19 23 28 17 21 26 17 18 10 23 29 18 29 27 13 23 19 23 26 17 29 28 19 16 21 24 23 21 23 22 24 19 18 31 19 13 19 20 34 15 17 12 20 30 22 29 17 12 20 21 18 25 15 17 16 28 18 22 20 27 19 21 22 19 11 20 27 24 17 22 18 23 18 25 27 15 21 27 24 24 20 19 23 23 21 19 21 18 17 24 29 16 20 21 29 18 25 20 25 27 26 21 24 17 17 17 19 15 26 14 19 17 15 23 23 20 23 21 22 23 20 16 19 17 19 24 19 25 24 21 24 22 21 18 23 20 18 20 24 20 17 16 21 23 30 21 20 22 14 15 21 19 20 18 20 23 18 24 19 20 23 23 20 19 27 13 20 18 18 28 21 22 15 17 23 12 23 19 11 23 17 22 16 26 9 20 17 20 18 20 21 24 18 19 21 24 18 13 24 24 14 27 17 19 25 23 16 25 24 16 27 10 15 30 16 21 27 29 22 24 25 17 16 20 18 26 17 20 25 27 23 25 24 21 23 20 23 27 25 22 22 17 23 25 20 17 20 32 23 23 25 21 10 25 21 17 17 27 26 18 13 17 26 18 25 10 18 22 18 19 27 30 19 24 20 9 24 23 25 25 25 24 22 19 22 20 35 27 23 17 17 21 30 24 26 8 20 17 28 32 21 18 23 25 26 15 16 28 30 16 22 18 19 28 19 30 17 23 28 16 19 28 24 29 19 24 18 23 17 14 22 22 18 24 28 17 20 21 27 21 23 20 19 20 22 27 15 25 19 22 10 23 23 16 14 29 25 20 23 19 21 23 22 16 21 18 23 20 16 21 21 19 26 30 16 20 15 18 23 18 21 18 23 14 29 18 20 25 18 25 22 16 16 26 22 18 16 20 21 20 20 20 16 23 25 24 21 17 17 22 26 22 24 22 28 20 19 17 29 26 19 21 20 25 18 23 18 20 20 22 17 16 23 19 27 21 25 25 30 23 20 18 24 16 14 16 24 20 24 20 15 15 19 23 18 29 19 35 13 22 24 29 18 22 21 16 22 26 27 20 22 25 25 16 16 25 32 13 19 24 25 22 13 14 23 21 22 25 16 23 19 24 15 14 19 27 15 20 27 25 19 16 27 19 26 20 18 20 23 24 25 20 23 23 15 26 20 29 16 26 21 19 29 22 20 29 24 25 17 29 17 15 19 28 18 30 23 17 24 28 17 28 18 22 21 22 24 17 17 20 31 25 23 20 17 18 23 18 21 16 28 20 19 20 18 18 29 19 19 18 31 18 25 22 20 16 28 25 20 25 20 16 26 24 29 23 17 26 19 15 22 20 19 22 19 20 26 28 22 15 24 22 31 11 23 15 21 31 26 22 22 22 17 21 16 26 25 19 26 18 21 20 19 24 20 23 16 20 20 22 21 14 19 13 21 18 22 24 14 27 16 31 26 13 23 16 28 19 15 23 22 20 23 18 27 18 22 15 18 24 14 23 28 22 21 24 20 19 19 17 22 21 24 22 21 20 17 21 20 20 25 19 21 21 26 14 32 20 19 23 21 19 29 26 24 23 19 16 22 17 26 12 20 25 19 24 18 24 19 14 21 18 21 25 23 15 27 26 12 24 17 26 23 19 24 19 25 21 14 21 24 26 19 16 16 22 17 30 20 16 21 22 17 24 21 26 18 27 20 16 21 16 20 18 22 20 23 21 15 20 14 25 17 27 29 19 20 21 24 23 14 22 18 25 17 20 15 25 28 26 22 16 25 23 18 24 31 18 25 28 23 19 31 22 16 18 27 23 20 18 24 38 23 16 25 20 16 19 21 23 18 20 21 23 10 24 33 20 27 16 26 16 18 24 22 13 23 24 25 18 15 23 18 18 28 19 29 20 16 30 25 29 13 23 24 19 26 25 21 18 24 11 24 27 23 21 22 23 17 15 25 20 19 20 16 25 26 19 31 19 22 22 16 18 21 25 27 16 25 22 21 19 16 20 16 24 29 18 16 27 16 17 18 19 22 25 25 20 20 19 17 17 24 19 27 24 15 16 21 23 29 23 24 21 15 32 26 17 20 17 18 20 28 19 20 23 23 21 19 25 14 28 30 22 20 17 19 26 21 27 16 13 10 25 24 17 23 27 24 19 24 13 23 29 22 19 27 14 24 14 24 24 21 23 23 16 20 21 28 23 22 19 18 20 12 27 22 28 19 19 22 23 23 12 24 24 23 24 22 20 22 16 15 20 21 21 23 19 33 22 27 18 22 22 21 18 20 18 24 25 17 18 22 22 25 22 26 21 24 18 24 22 33 19 21 25 27 20 16 27 13 24 19 20 22 25 20 20 25 16 24 20 22 21 25 17 20 19 17 19 20 20 20 18 12 25 13 25 21 26 27 19 25 23 26 20 27 26 12 17 25 20 25 19 25 16 16 24 19 25 21 14 14 21 28 20 24 28 27 14 19 18 23 26 19 27 23 16 17 18 26 15 17 19 17 26 20 19 23 26 24 20 22 26 23 17 17 25 22 19 17 21 17 23 21 22 15 22 16 21 24 18 23 32 32 13 31 32 22 20 24 18 29 26 20 15 23 22 16 30 24 21 23 13 14 22 21 29 26 13 22 26 19 19 23 20 14 24 26 25 24 18 23 13 24 17 26 18 23 20 19 29 22 19 24 22 21 20 21 19 24 18 20 27 16 23 14 26 23 15 17 24 12 14 28 21 24 26 23 22 18 27 20 27 22 21 15 16 23 27 19 24 18 18 21 29 16 24 25 25 23 23 13 21 26 22 21 19 19 19 23 17 25 33 21 22 17 12 21 23 19 21 23 31 17 22 18 19 18 25 18 26 23 26 13 27 26 21 23 16 17 23 24 25 10 27 27 24 18 22 30 23 20 22 22 25 20 22 28 23 17 28 18 20 19 23 24 25 22 16 22 18 27 28 17 25 20 20 21 26 21 16 19 15 24 21 23 16 27 19 22 23 15 32 25 29 21 15 19 15 18 23 23 24 14 25 20 16 14 15 27 25 23 20 18 21 24 18 19 20 26 22 23 23 18 26 30 23 16 27 23 25 27 16 28 22 14 24 26 18 22 18 22 29 15 18 29 23 21 24 18 19 20 34 16 22 18 24 19 28 23 25 18 22 21 18 21 18 18 20 22 21 18 24 20 23 24 20 18 18 17 26 24 21 27 20 17 25 13 18 26 26 22 25 18 26 18 30 17 20 20 27 25 19 27 16 21 21 19 20 17 20 26 18 19 23 24 19 21 18 16 19 23 24 23 27 19 23 24 23 12 24 22 20 22 25 20 20 20 25 23 17 24 23 19 14 16 23 24 25 22 20 21 16 22 23 15 24 19 29 22 28 29 18 18 15 29 31 20 15 16 25 17 27 20 24 13 19 30 29 14 22 18 15 17 23 18 32 17 17 26 16 16 17 21 20 24 21 29 30 19 23 21 14 19 24 22 21 21 31 21 19 18 26 15 22 22 16 21 25 24 24 19 15 16 20 22 22 16 25 20 30 25 21 27 24 33 20 26 13 27 20 23 17 24 18 16 21 26 22 24 28 20 16 20 23 31 24 24 22 19 25 22 16 18 22 27 31 25 20 19 25 20 13 20 15 15 17 33 27 30 24 20 25 11 21 29 25 14 17 24 19 21 19 25 15 18 15 28 22 27 23 19 26 15 21 19 14 25 14 25 27 19 20 17 21 18 28 25 17 25 34 24 16 23 15 19 16 20 27 33 18 25 21 18 20 25 20 13 20 27 20 16 20 21 21 18 16 22 24 26 16 25 23 34 20 19 28 12 28 23 21 24 23 17 28 24 33 21 25 18 15 19 23 16 28 28 22 22 25 26 20 27 12 24 14 20 24 18 21 24 19 18 26 16 19 28 17 21 23 23 23 17 19 17 17 18 20 20 21 22 33 17 16 38 15 22 19 21 14 16 14 18 22 21 34 23 18 26 20 24 20 17 20 21 18 24 26 32 18 22 21 27 16 22 20 24 18 21 22 27 22 20 21 22 27 27 24 24 30 20 17 17 22 22 20 21 24 20 16 17 25 19 18 23 23 21 16 23 16 24 20 22 26 22 26 15 19 25 26 18 27 17 17 17 29 20 15 15 20 22 21 19 16 29 18 21 28 21 24 24 19 19 20 17 19 28 19 23 20 22 21 19 21 18 27 19 12 22 23 19 24 21 20 25 26 14 18 17 19 14 25 18 16 22 15 21 21 26 24 17 26 30 17 21 22 24 16 17 19 15 19 20 24 24 24 20 17 16 24 22 19 16 14 20 27 18 20 20 30 21 20 27 18 19 28 18 18 15 27 26 22 20 21 22 22 21 29 18 20 22 19 24 26 25 16 27 20 27 13 24 25 23 20 25 25 24 11 19 19 20 20 25 20 16 20 23 25 16 23 32 21 29 21 28 18 19 27 19 16 27 24 28 21 14 23 15 17 28 26 20 22 26 18 22 23 18 22 26 20 19 14 24 37 27 20 21 24 11 15 22 25 20 24 21 22 17 18 20 22 19 20 18 21 21 20 23 23 19 18 20 21 22 21 19 28 26 22 15 19 20 25 24 20 18 18 23 18 22 25 23 25 24 23 23 21 23 16 18 25 23 23 22 19 22 30 21 24 30 16 16 20 17 20 23 20 21 17 27 17 27 16 28 20 21 11 31 19 23 22 19 16 18 18 19 22 21 31 17 22 18 23 21 21 16 20 21 16 19 23 26 23 23 21 21 23 17 27 18 19 11 29 25 25 28 18 25 15 24 20 25 17 23 23 30 21 25 15 23 20 14 23 23 29 18 17 22 29 21 19 26 16 16 22 22 17 17 22 26 26 17 22 25 19 11 21 19 23 22 24 18 24 17 20 21 21 20 22 15 17 22 27 21 27 20 25 25 18 25 28 22 25 28 20 11 35 21 25 21 28 20 20 20 17 27 16 22 15 22 19 16 16 21 24 31 15 32 21 21 26 18 27 22 19 36 29 22 21 19 25 16 25 18 15 20 21 34 18 22 20 18 15 31 17 20 13 19 28 28 23 27 20 21 11 22 26 19 21 22 21 15 16 26 25 10 27 23 23 22 22 24 21 15 25 14 21 32 29 26 27 18 25 30 27 17 21 18 19 18 27 19 12 19 27 11 19 22 22 27 33 18 18 18 20 17 18 16 20 20 27 27 15 34 19 20 28 17 15 13 31 27 21 22 19 23 23 21 22 17 17 24 24 27 15 20 27 20 20 20 24 17 24 12 18 29 16 28 27 17 28 20 20 15 13 21 27 21 19 26 18 9 25 18 18 17 21 24 21 15 21 24 17 24 23 19 21 22 26 24 18 24 13 26 25 20 19 25 17 20 15 21 25 23 21 24 23 30 24 15 21 26 22 18 23 20 15 27 21 18 23 23 28 22 18 19 22 14 21 28 13 22 21 24 28 19 26 25 19 13 14 16 25 16 23 16 24 18 30 18 20 20 19 16 25 16 18 25 26 31 22 20 25 22 22 15 25 18 17 33 20 28 12 22 17 23 26 21 23 20 20 30 20 26 19 22 16 23 16 29 21 26 19 26 19 21 27 23 17 23 17 28 19 21 22 20 27 22 16 32 19 21 17 22 16 27 32 17 23 16 21 22 28 18 11 34 21 29 17 21 20 17 20 18 26 32 12 16 23 18 20 22 26 21 25 15 23 15 21 25 24 20 20 15 21 21 20 14 19 24 35 21 17 26 23 20 21 16 31 25 29 19 25 17 16 18 19 16 24 27 24 16 22 22 22 22 24 23 12 21 18 14 27 29 27 22 17 20 18 22 26 23 16 17 23 15 12 23 29 31 12 26 28 22 16 27 12 16 28 28 25 24 32 21 19 19 24 24 17 16 24 25 19 16 27 17 25 22 15 28 20 26 14 21 22 23 26 12 21 16 19 26 24 15 21 21 29 25 20 14 23 23 22 21 16 24 16 12 15 24 25 22 22 25 21 15 26 23 25 12 21 23 16 17 22 23 20 23 19 25 13 14 20 22 19 22 24 24 19 28 18 25 23 29 18 19 14 26 15 25 15 17 22 18 22 27 14 21 17 22 23 26 20 19 25 18 17 21 22 18 24 20 12 17 24 20 18 16 15 24 31 21 26 22 22 30 21 21 21 20 21 20 26 18 27 16 20 23 18 18 16 16 23 25 17 18 18 23 24 24 18 23 17 17 20 20 28 23 26 18 25 12 14 29 21 18 16 29 20 15 21 26 28 20 21 29 19 30 14 24 17 20 18 22 17 21 20 12 19 18 18 23 21 25 20 18 24 19 23 19 18 22 22 22 18 14 26 29 24 23 25 16 25 17 26 22 22 16 28 16 19 17 25 27 20 27 26 19 26 17 27 15 27 25 14 13 17 21 18 23 23 20 24 27 11 13 23 21 28 33 11 21 26 24 10 21 22 17 42 23 32 21 19 17 28 20 25 18 19 21 21 14 35 18 22 17 21 21 21 25 30 25 32 15 21 20 20 21 16 25 18 22 26 23 18 26 19 20 15 27 11 34 13 27 15 22 22 21 26 24 18 22 30 27 16 19 29 23 31 29 19 17 15 22 23 30 31 19 29 25 20 26 14 19 13 31 19 21 24 28 18 26 20 28 20 23 22 17 16 19 22 18 22 23 23 23 24 23 21 20 21 25 20 23 17 20 20 19 25 30 29 23 21 16 20 24 20 29 14 18 31 21 27 20 18 20 20 19 19 20 15 21 18 21 26 17 14 24 25 20 25 24 22 24 23 20 24 15 26 22 22 22 21 14 28 20 26 31 20 19 26 17 24 31 15 16 19 17 18 22 15 25 15 29 19 23 26 18 19 24 26 14 27 21 24 16 22 24 14 21 17 17 13 27 18 27 16 18 29 21 17 16 29 16 19 25 25 18 23 24 22 18 22 20 21 23 16 21 20 21 33 14 22 19 21 18 23 28 30 18 30 15 29 11 14 23 18 27 19 17 27 17 15 18 20 25 23 28 12 30 19 17 15 29 15 21 22 14 27 21 21 26 22 29 30 20 25 26 24 20 23 21 23 25 21 27 19 11 14 25 21 22 29 24 14 22 19 17 23 27 16 21 13 20 21 15 20 26 26 22 17 24 15 20 26 24 21 17 20 16 23 22 24 25 23 18 22 27 24 25 27 25 17 14 14 23 19 19 32 21 26 25 22 25 16 14 21 21 30 21 24 20 18 16 25 20 24 14 24 18 20 28 20 18 27 16 23 29 27 22 21 24 21 19 23 16 22 23 17 25 21 23 19 21 23 21 20 28 20 27 14 19 15 23 25 21 28 20 23 27 23 19 19 21 25 23 19 23 22 20 14 20 19 28 19 21 21 16 25 23 26 22 23 20 20 17 23 31 18 22 20 20 23 26 23 21 17 25 20 17 15 27 21 18 20 19 27 20 25 23 16 23 19 19 20 23 23 28 20 23 17 20 25 23 23 17 16 18 21 22 19 16 21 14 16 18 28 14 26 18 18 22 24 22 18 21 30 22 23 15 24 21 26 22 19 21 23 19 20 22 23 17 18 26 24 16 18 26 23 12 22 20 16 17 25 30 14 31 21 15 20 31 21 20 18 23 21 21 26 14 18 27 19 17 21 15 25 23 23 21 17 24 21 18 21 19 20 27 20 19 26 15 24 31 19 22 20 31 22 21 26 20 22 18 19 18 22 25 17 27 19 18 30 32 25 18 22 21 24 21 22 21 19 25 21 25 17 23 22 25 26 20 22 16 22 21 18 23 13 22 19 34 25 21 20 10 15 12 22 18 26 20 23 24 23 29 21 24 14 21 16 23 19 26 24 17 18 24 30 16 13 27 15 22 26 22 22 11 22 23 18 26 20 19 24 23 15 20 17 21 21 23 20 22 22 11 16 13 21 16 23 18 23 14 26 36 23 19 17 29 25 20 15 18 20 25 23 22 17 23 21 16 12 27 27 23 14 25 22 19 23 21 22 21 18 22 29 18 19 23 22 23 15 25 25 19 16 24 21 21 20 27 21 20 17 24 18 15 16 21 18 33 18 15 18 15 25 27 20 24 20 21 26 20 22 29 17 18 17 27 19 18 21 26 23 19 23 25 22 22 19 18 19 13 30 25 20 25 23 14 25 28 21 18 23 22 14 20 26 18 20 16 26 22 25 23 18 30 29 27 19 22 20 20 22 30 16 18 21 12 24 20 26 19 30 19 21 13 32 25 23 27 24 23 26 10 18 22 25 16 26 24 22 23 26 20 23 15 18 30 22 24 17 25 28 24 19 16 25 26 21 31 20 19 26 24 18 20 24 17 23 20 27 20 11 28 18 20 27 25 21 20 23 31 21 21 20 17 30 19 20 12 20 20 29 30 25 23 24 16 17 26 17 22 16 20 17 29 27 22 17 30 21 24 22 20 20 22 21 21 21 17 25 23 18 27 29 20 23 25 27 26 23 22 26 21 16 27 23 26 15 18 18 20 25 15 16 26 21 25 18 18 27 18 16 21 18 23 25 23 22 18 19 27 19 17 24 14 24 24 15 24 15 15 21 23 10 25 19 19 23 17 20 22 16 22 22 20 22 14 19 19 30 24 27 25 15 18 26 24 16 13 26 23 17 16 16 23 19 17 31 24 15 20 28 31 19 18 14 24 18 18 27 15 21 25 27 20 17 22 22 29 16 20 22 17 22 13 20 25 17 25 16 26 18 19 14 25 27 17 20 25 24 15 17 22 17 25 21 19 24 29 24 26 12 20 22 19 23 23 36 21 12 22 34 14 23 25 24 19 17 20 31 24 19 24 18 19 19 18 15 19 21 14 14 26 19 21 16 22 24 13 19 20 26 24 24 20 16 19 17 21 25 17 27 24 16 22 24 26 22 24 22 20 21 21 21 22 16 18 26 19 29 26 20 24 21 16 26 21 18 17 17 28 12 12 20 25 23 21 32 25 22 14 21 16 23 21 16 17 24 17 21 22 18 29 27 16 18 9 15 22 29 20 25 19 25 25 18 23 22 21 31 14 22 15 14 17 25 19 27 16 18 22 23 20 23 25 22 24 18 16 11 24 23 21 17 16 26 28 18 17 20 20 19 22 19 24 25 27 30 20 23 15 15 28 14 24 23 17 22 31 23 27 19 28 26 24 16 20 19 25 22 17 13 22 23 30 19 17 23 22 33 24 23 17 32 18 24 16 17 33 27 19 19 20 24 14 23 28 22 21 29 21 27 19 24 20 15 25 17 23 19 25 13 23 29 18 17 25 26 18 20 20 21 23 19 18 26 25 29 12 15 24 17 24 21 15 18 26 23 19 23 23 16 21 17 20 20 19 17 23 17 26 22 27 20 21 31 17 20 16 17 22 24 23 20 15 14 20 23 19 23 20 15 20 24 22 21 28 18 19 29 22 17 29 16 24 28 19 21 21 29 26 16 17 21 17 19 29 21 24 26 18 21 24 29 22 32 21 16 19 29 24 20 22 14 14 21 20 19 25 25 23 16 13 21 23 24 17 21 27 22 21 20 27 26 25 15 19 26 25 21 18 25 27 19 20 23 21 19 21 24 16 19 16 28 30 23 22 19 22 18 25 17 25 22 13 21 17 23 21 24 19 32 15 25 20 23 21 21 13 20 22 27 18 29 28 23 18 17 27 20 19 24 14 20 17 20 27 12 23 26 23 19 25 22 16 22 15 17 15 19 24 23 19 21 18 17 26 22 18 16 21 26 29 27 30 22 20 29 18 28 19 15 24 20 17 24 16 23 24 21 24 30 20 15 26 24 19 27 29 23 22 24 22 26 30 18 25 18 22 23 28 17 21 21 10 23 13 27 24 23 24 31 16 19 23 19 26 29 16 16 23 16 21 12 25 18 18 22 21 22 25 19 17 20 31 20 21 28 21 15 21 21 22 28 27 23 16 28 18 26 19 26 23 22 27 31 17 24 16 21 14 28 17 21 27 21 14 33 15 18 15 20 16 33 29 23 26 24 26 15 29 20 28 21 27 12 23 18 21 16 24 22 28 23 20 21 18 27 23 18 27 16 16 18 33 15 19 20 24 18 17 25 19 20 25 22 17 19 19 18 25 19 17 21 20 28 24 22 28 19 18 25 14 20 25 27 19 20 14 20 21 11 22 29 19 19 20 19 19 20 24 17 27 29 20 20 24 28 23 17 24 22 21 25 22 19 17 20 19 13 29 25 17 23 17 16 17 23 25 28 20 24 23 24 30 29 19 18 24 20 21 23 13 30 36 26 31 20 15 14 24 23 19 23 23 24 24 20 22 21 17 30 18 27 19 12 23 27 25 24 27 20 18 20 21 26 18 21 20 25 20 22 15 19 22 19 18 24 23 24 15 27 25 19 26 18 21 22 23 16 28 20 21 25 17 21 23 21 16 22 25 20 25 19 23 24 17 18 21 22 19 16 27 15 23 22 22 35 24 17 25 23 20 14 15 19 29 23 22 22 23 22 20 17 21 24 16 19 27 26 30 20 17 28 20 30 21 17 17 20 21 10 27 23 31 27 16 30 19 15 24 19 18 19 29 28 23 25 19 14 18 22 14 23 21 27 22 24 19 23 14 20 21 16 24 16 23 22 19 19 19 20 26 21 22 28 11 22 27 19 12 22 20 34 21 26 25 12 19 21 28 16 26 22 20 20 16 38 17 19 21 17 19 24 21 16 10 20 19 26 15 12 22 20 15 20 28 26 21 24 28 16 18 31 13 21 25 14 27 36 19 25 17 21 18 18 25 21 19 16 12 25 18 22 29 18 24 19 24 20 16 25 22 16 17 24 19 14 20 20 24 25 19 26 20 26 23 22 18 10 21 23 19 22 21 26 20 24 28 20 22 9 19 22 21 26 27 22 23 21 18 16 20 22 21 22 23 23 15 16 21 21 24 25 25 25 21 22 19 16 16 22 14 15 23 23 18 14 24 24 21 21 19 28 18 25 25 17 15 27 15 23 22 17 23 17 24 20 23 25 16 22 26 24 17 16 9 20 20 23 21 25 25 25 22 22 19 20 17 22 24 21 25 25 26 27 26 16 17 22 16 20 25 21 19 17 26 30 28 24 11 17 28 16 16 28 19 24 30 30 18 17 33 22 20 17 15 17 13 19 30 18 23 24 23 24 24 20 26 25 25 24 23 26 21 21 24 16 18 21 27 18 20 28 21 18 15 30 29 17 16 18 18 23 28 21 23 23 27 24 26 17 24 26 24 25 17 24 19 20 17 17 41 17 18 23 17 18 17 26 16 20 15 19 21 23 17 16 24 24 17 28 18 24 22 16 20 22 17 14 15 16 13 23 19 23 26 20 14 20 16 24 19 17 20 20 22 30 18 27 16 17 23 22 19 19 28 30 17 19 17 21 18 19 21 26 26 22 26 13 11 27 19 24 34 25 21 17 25 24 19 20 22 22 18 23 22 29 21 27 24 28 20 23 22 23 20 16 19 25 21 24 20 21 16 25 22 24 21 25 23 19 20 30 24 21 17 20 16 24 33 24 14 20 17 18 28 17 19 26 26 12 29 18 19 21 25 17 22 19 23 27 22 21 23 21 27 22 19 22 28 20 17 13 19 20 25 28 21 27 14 16 17 14 20 23 16 23 21 18 23 15 23 20 14 17 27 21 13 15 24 19 20 17 17 25 23 22 19 18 33 23 19 18 18 21 23 14 20 17 21 21 22 24 22 23 23 14 21 20 29 21 14 16 23 19 21 28 28 9 14 28 28 19 17 22 17 19 18 25 21 25 23 20 22 18 21 14 26 23 15 13 13 18 20 21 24 17 21 22 17 22 18 17 19 23 20 21 17 26 14 30 24 17 15 14 25 18 16 28 25 19 17 18 21 26 18 28 22 20 18 20 24 14 22 17 26 20 21 20 20 26 16 18 14 11 23 21 19 20 20 17 14 26 25 26 15 22 22 24 31 22 15 23 27 22 19 25 17 28 24 22 32 19 16 19 23 16 20 31 21 28 27 19 21 12 29 22 17 21 16 22 18 20 26 22 24 29 20 22 18 26 23 26 22 20 21 30 21 24 28 16 16 25 20 25 19 18 21 27 22 22 15 16 20 17 21 23 30 17 12 16 27 25 23 25 19 33 29 24 21 16 18 20 17 21 14 29 19 21 22 21 25 20 20 16 28 11 15 26 23 22 20 17 22 28 28 19 28 18 31 18 19 22 24 21 23 23 22 24 29 16 19 19 19 19 17 15 26 28 13 18 21 25 19 17 24 25 15 12 11 25 23 24 19 25 27 19 23 25 23 25 14 22 28 27 23 17 19 20 15 19 16 27 22 21 20 19 23 25 20 21 20 23 18 29 20 32 20 20 21 24 19 25 19 19 20 24 20 10 19 24 12 25 25 18 24 26 15 30 24 27 29 14 18 22 24 22 19 24 16 20 23 26 19 26 31 26 24 25 22 27 23 13 12 24 20 15 19 23 27 17 28 22 19 28 22 23 24 20 14 24 24 21 13 23 17 27 17 23 22 23 18 24 31 17 18 23 28 19 24 28 15 20 21 24 31 14 22 19 26 21 24 23 23 27 15 24 14 26 27 16 18 23 15 18 20 18 30 20 18 26 20 22 24 21 23 25 26 17 20 15 24 26 15 20 19 15 23 21 19 25 18 22 19 16 18 16 25 26 20 19 21 25 18 29 26 22 27 19 27 27 18 20 21 21 21 18 16 19 27 29 19 17 16 11 20 22 18 25 26 18 25 24 18 20 16 16 27 21 23 22 27 21 23 26 26 21 20 28 21 30 22 20 14 17 13 32 20 17 24 26 15 26 15 23 16 11 24 28 25 22 22 21 24 20 23 18 20 22 21 23 20 20 22 17 21 30 18 29 20 22 15 29 29 20 21 21 18 19 28 18 24 29 17 21 19 26 21 17 23 24 25 24 20 19 20 15 22 25 21 10 28 24 25 26 16 26 21 20 20 28 17 12 24 20 25 25 14 23 19 17 24 24 23 28 33 18 17 21 23 16 20 20 12 24 19 23 21 22 26 25 23 29 24 15 20 21 23 32 20 20 22 18 21 16 21 29 18 20 16 16 23 30 29 28 14 16 21 18 19 16 26 30 26 20 21 29 20 25 25 23 31 21 15 21 23 17 20 21 21 17 15 32 23 24 22 17 22 17 14 25 19 18 19 17 10 20 23 17 21 23 19 17 27 18 23 16 12 18 23 24 25 24 22 24 17 14 22 26 16 27 31 26 24 26 22 18 29 16 19 18 16 18 12 25 19 15 17 25 17 21 21 15 33 15 19 25 13 14 25 25 21 22 26 22 24 24 28 21 25 25 19 25 19 24 25 18 20 14 28 18 21 27 11 19 21 21 26 22 21 23 19 30 25 24 9 22 23 24 27 21 28 17 22 29 23 15 20 22 21 27 24 23 21 20 20 25 12 18 24 18 19 30 18 15 24 23 22 26 20 22 15 24 21 19 17 21 20 16 24 25 22 21 20 19 29 20 25 20 25 15 18 9 21 20 21 22 16 18 23 25 17 19 18 33 22 26 19 21 19 20 31 11 27 20 23 13 29 34 10 21 23 19 20 18 22 21 28 23 13 20 26 31 28 22 21 25 22 18 18 26 24 24 12 28 15 19 23 18 21 24 19 22 26 21 22 14 19 25 18 21 22 17 20 29 22 26 22 18 26 22 27 19 11 17 17 26 21 22 25 32 28 14 27 20 20 14 21 22 26 26 23 25 33 18 20 22 26 18 16 15 28 23 21 18 16 26 30 19 18 19 21 23 16 29 25 27 15 20 23 18 20 17 19 19 23 22 21 21 20 15 19 31 23 24 24 27 23 10 21 30 13 15 15 20 21 17 29 16 18 19 21 18 24 19 18 19 22 24 31 18 25 18 22 26 20 11 22 25 24 23 18 19 19 13 26 27 17 21 15 12 16 17 23 18 20 26 24 17 23 16 21 28 22 14 26 19 17 24 20 21 19 19 17 18 25 29 22 17 20 21 25 29 30 15 19 21 14 24 28 20 16 20 29 22 25 23 31 24 17 19 32 14 22 27 17 25 16 26 21 27 26 25 13 20 30 19 17 17 24 22 22 21 18 32 27 15 29 21 21 24 16 25 18 24 22 26 20 13 20 20 22 16 24 29 17 26 20 19 24 24 26 17 22 15 19 15 20 25 21 22 22 19 18 21 22 18 26 17 32 19 20 19 28 21 25 18 22 15 28 19 12 20 31 14 20 27 20 25 23 25 22 13 11 15 27 16 21 16 20 21 28 22 27 16 15 21 24 23 23 17 28 26 24 21 19 16 17 21 21 18 36 24 19 24 21 15 23 26 34 25 17 14 17 23 27 19 20 28 26 18 26 23 21 24 19 17 24 12 27 19 27 25 20 21 24 21 21 23 17 18 25 18 25 24 27 27 14 19 20 19 26 18 20 19 24 25 14 28 21 21 27 20 21 14 16 18 19 22 25 22 18 30 26 21 14 21 17 31 22 24 18 28 19 18 21 26 19 19 27 24 22 27 20 12 21 14 28 19 19 16 22 23 24 30 25 19 20 28 28 15 10 17 19 18 14 18 36 28 15 22 24 17 27 29 21 18 17 23 22 12 15 28 18 23 21 15 19 19 20 18 23 29 20 30 25 18 24 18 17 23 21 16 17 18 23 21 17 31 19 24 23 24 19 18 17 22 23 29 30 21 13 10 19 19 22 23 22 13 21 21 23 20 18 22 18 19 17 22 27 22 24 23 20 26 16 13 15 19 15 20 19 25 20 21 22 31 25 16 24 22 18 22 20 17 22 18 16 27 21 22 23 16 32 20 21 20 24 28 19 19 17 23 21 20 21 24 24 23 15 17 15 28 26 23 15 17 19 23 17 17 29 16 29 28 20 28 13 26 27 14 20 17 19 19 20 24 29 21 18 22 23 23 11 21 29 22 15 20 21 22 25 25 25 20 25 17 21 27 22 20 31 20 26 21 25 25 23 23 23 22 22 15 21 19 29 24 20 23 23 17 22 15 19 21 23 24 18 13 21 13 26 17 12 19 19 20 23 23 21 21 19 20 13 18 16 22 29 30 19 22 15 15 21 19 21 19 24 20 24 11 18 29 23 22 30 20 17 16 22 19 16 22 18 19 21 22 16 28 23 19 28 16 21 17 25 21 26 18 14 30 19 25 24 24 25 23 13 11 15 28 27 13 26 27 15 30 19 18 30 15 16 19 20 26 21 35 19 25 22 20 25 16 27 23 20 27 22 20 12 16 21 20 23 17 15 17 18 19 20 27 15 24 16 19 21 24 17 22 21 21 32 17 26 35 19 31 17 22 24 14 24 19 22 21 23 21 20 34 17 23 22 19 21 23 26 23 25 22 21 22 28 21 12 16 22 15 25 20 15 21 20 22 30 28 10 27 24 19 31 22 22 12 17 19 23 15 21 22 18 12 22 16 23 25 18 27 16 18 22 21 21 28 26 27 24 20 16 17 20 20 18 18 25 18 16 17 26 21 17 18 28 16 26 22 17 15 19 25 23 22 19 21 26 24 18 31 25 27 18 15 23 28 16 25 14 21 21 14 23 17 24 16 20 22 19 17 21 21 23 27 24 20 17 25 24 21 20 9 25 20 22 19 22 20 18 23 14 21 14 23 21 17 21 21 26 19 19 27 29 20 22 16 20 20 16 22 20 24 25 24 25 20 16 28 19 30 14 15 23 21 25 21 21 22 18 21 22 18 20 19 12 17 24 21 21 16 19 18 20 21 31 17 25 21 22 22 16 25 25 19 15 21 17 27 23 23 20 21 20 22 25 14 17 29 20 17 30 26 23 23 27 18 21 23 11 20 20 24 24 19 19 20 18 25 18 21 19 27 24 24 28 32 16 19 18 18 21 22 20 18 22 26 25 15 15 19 23 25 27 19 23 15 22 17 23 28 21 22 26 20 22 24 20 27 23 16 23 21 20 33 26 27 24 26 20 13 25 24 23 19 16 15 20 25 19 21 21 23 23 17 35 22 22 17 20 21 20 20 19 29 21 22 26 24 29 24 17 23 20 24 23 23 19 18 19 22 28 30 18 21 26 27 22 24 14 8 19 25 19 27 22 21 27 29 20 15 29 23 15 21 16 21 24 22 15 19 23 20 22 21 29 20 32 13 23 22 20 17 15 21 19 23 18 22 12 25 21 25 18 23 22 19 23 24 26 17 15 21 25 17 25 18 21 19 17 25 17 25 22 19 28 21 19 19 19 10 21 20 11 17 23 19 20 24 25 17 26 20 17 27 17 25 20 19 23 23 23 15 24 18 18 26 22 14 16 25 26 19 18 20 22 19 23 21 17 32 18 15 24 20 14 21 22 27 18 17 22 23 20 22 19 29 25 25 14 15 14 20 18 26 14 18 15 13 17 16 19 24 26 26 21 25 21 22 30 20 15 26 10 15 25 31 24 18 16 17 17 21 23 22 14 20 19 23 19 18 28 20 16 24 12 23 28 23 21 19 24 24 18 22 15 21 22 15 24 18 24 18 24 18 23 25 23 17 18 20 19 22 18 29 23 25 28 28 21 21 26 19 19 23 22 22 17 10 17 19 27 31 24 18 16 27 24 18 18 19 18 20 22 21 16 16 31 22 12 27 21 20 23 25 13 18 22 25 25 23 17 17 12 13 27 12 15 21 26 15 19 19 15 32 21 17 28 23 17 17 22 19 17 26 23 17 22 17 31 12 29 21 19 26 25 29 28 23 26 25 26 21 24 18 16 20 21 18 25 18 29 13 22 23 22 12 28 17 19 21 24 27 17 15 21 27 26 20 20 18 25 21 13 19 26 27 22 17 21 25 28 22 24 17 19 25 21 16 26 16 21 17 22 30 29 18 15 24 21 25 18 29 22 16 17 22 18 27 16 29 29 18 17 29 23 24 22 20 19 21 24 17 16 19 19 18 15 18 22 20 18 17 20 21 24 16 20 26 21 22 20 25 15 28 16 16 19 22 20 30 17 22 15 19 27 16 17 19 27 14 17 18 24 28 23 20 20 29 18 12 29 26 25 27 23 17 22 21 24 22 32 16 21 24 24 27 15 13 22 19 17 17 25 14 23 22 33 20 22 20 22 23 20 22 16 18 24 14 25 18 19 26 27 28 18 27 17 18 25 26 22 17 25 27 10 20 21 21 20 18 18 23 29 26 22 14 19 17 21 16 24 26 21 26 18 24 23 17 23 26 20 17 24 18 25 31 13 28 26 26 22 24 18 21 15 17 18 17 20 22 26 17 16 10 26 19 18 22 22 21 24 17 15 18 23 21 18 24 18 21 27 20 23 17 23 21 20 22 27 14 19 16 22 18 20 27 30 19 18 20 22 18 22 22 22 27 21 21 28 14 27 14 26 15 29 28 20 22 22 22 23 19 19 14 18 22 19 29 18 19 17 30 23 24 21 26 12 18 14 35 19 24 18 18 29 25 21 21 18 16 20 20 27 27 18 23 22 19 22 20 25 18 19 16 23 18 18 17 22 23 15 24 16 17 16 28 21 27 20 24 23 22 18 21 16 19 22 22 26 16 19 26 31 17 30 25 21 24 18 29 20 17 27 30 18 21 21 23 14 27 14 22 22 26 27 19 32 23 21 19 24 18 20 34 14 17 19 12 22 27 22 26 23 21 22 17 13 20 20 35 13 13 23 15 17 22 14 22 19 24 20 27 26 18 23 17 25 26 28 21 21 24 23 16 17 18 22 23 20 27 20 21 18 25 16 28 21 21 21 22 23 18 17 24 19 15 20 24 29 26 25 20 23 29 24 24 21 16 15 28 20 24 22 25 17 18 13 23 17 24 27 24 23 27 19 21 19 25 23 22 13 20 24 18 23 23 15 25 19 19 21 21 30 22 21 19 15 24 23 26 21 27 17 33 18 23 24 14 16 26 17 24 16 16 30 17 29 13 20 30 20 28 21 21 22 23 20 22 24 19 27 20 21 22 33 29 20 21 19 12 15 17 23 20 16 24 25 19 25 17 27 22 27 21 21 24 19 21 23 15 32 21 23 22 22 13 22 19 20 19 25 17 21 27 16 26 24 20 19 25 20 21 20 31 29 19 20 20 25 15 23 21 24 19 24 16 31 15 28 23 21 23 18 25 28 21 23 20 18 25 26 24 21 21 24 12 18 18 20 19 24 19 20 22 17 27 18 17 28 25 16 24 26 21 18 24 20 18 24 25 19 27 17 16 22 33 27 22 20 17 31 18 24 20 19 22 15 23 23 24 26 19 16 26 24 23 21 19 28 16 13 25 19 27 25 19 20 22 18 19 20 19 24 22 22 30 25 21 25 19 12 20 22 16 22 12 27 26 20 19 23 16 23 15 19 16 16 17 20 21 17 31 19 32 20 22 23 23 27 20 28 19 18 32 28 26 23 19 17 17 23 12 17 19 23 23 20 30 29 29 16 15 19 22 24 23 16 23 27 16 13 26 15 27 23 17 24 19 18 23 13 25 18 20 25 19 31 25 22 24 22 24 20 19 15 15 22 21 26 21 20 23 22 22 21 26 20 16 31 19 18 24 20 28 14 21 18 21 17 27 20 15 16 26 23 28 18 21 18 20 27 24 20 17 15 20 22 23 20 21 24 14 24 20 21 20 16 18 25 14 18 26 19 27 13 19 17 26 21 21 17 20 18 23 23 17 25 20 31 18 21 18 22 24 16 38 18 23 24 21 24 15 14 26 13 24 21 26 17 29 19 14 19 23 15 21 17 17 23 21 25 22 28 13 21 14 25 22 17 31 21 26 21 21 28 26 10 26 21 23 28 21 25 16 25 18 22 17 15 20 28 16 19 20 20 13 14 19 22 24 23 14 16 24 18 21 23 25 20 29 18 14 32 21 22 39 17 12 20 26 19 27 16 18 25 22 24 16 26 30 24 29 28 18 27 17 25 18 18 25 25 22 17 23 27 21 18 15 20 28 18 20 23 22 16 20 25 21 23 20 17 12 22 17 19 22 21 22 16 25 26 22 20 26 22 18 19 23 19 23 16 27 24 22 17 18 18 22 17 29 24 24 22 20 17 17 27 18 28 25 24 16 25 26 15 19 23 26 21 15 16 21 23 18 26 19 21 25 28 21 21 22 12 18 12 18 16 18 24 33 13 21 20 19 24 14 23 27 17 29 20 13 21 21 15 16 14 24 24 22 21 22 19 23 29 19 18 26 23 16 22 28 24 28 19 19 16 24 22 22 25 18 14 22 17 27 24 24 29 16 23 14 19 23 19 24 23 23 23 13 24 24 28 23 21 23 14 22 28 20 26 29 30 13 18 19 20 14 30 21 20 17 15 32 24 26 26 18 17 17 23 25 16 22 25 25 24 27 25 18 26 28 26 15 16 32 17 25 15 29 22 18 17 17 25 22 25 29 18 19 21 26 21 22 22 16 16 22 17 21 24 22 20 23 20 29 21 15 20 20 19 26 20 24 24 17 18 20 21 21 17 30 19 30 19 27 21 23 23 28 22 21 25 26 17 22 17 32 32 11 22 21 27 18 30 17 23 27 25 19 25 16 19 14 20 22 18 20 38 21 11 22 22 18 16 31 17 26 23 24 19 23 24 18 15 25 17 25 29 21 22 24 21 21 18 31 18 19 17 22 22 26 28 15 21 15 24 29 23 26 25 14 21 14 18 17 23 25 17 24 23 25 25 30 24 19 21 21 20 18 18 26 28 12 26 15 22 16 33 20 20 22 18 19 17 22 26 19 13 31 20 19 21 26 22 22 25 18 15 23 21 21 19 21 22 23 21 24 26 22 16 15 11 21 18 18 15 22 20 19 21 25 25 26 18 23 30 18 30 19 20 22 26 23 19 20 21 23 24 15 16 22 20 20 26 17 18 18 20 25 19 25 22 27 19 20 19 21 29 16 20 18 20 23 20 22 18 19 23 29 23 31 18 19 21 25 22 15 19 22 18 21 23 16 19 19 27 23 16 18 13 18 23 22 28 29 15 27 22 21 26 22 22 17 28 22 19 20 20 29 24 18 18 23 24 20 21 14 27 17 20 21 32 21 17 27 19 18 24 25 18 16 13 21 19 12 21 21 27 23 20 28 14 26 27 22 18 17 28 25 20 24 15 20 25 24 20 22 22 21 15 15 20 19 15 26 21 22 26 20 28 26 23 14 14 21 14 23 22 16 19 25 20 23 28 27 14 21 15 27 15 22 17 17 22 23 27 21 33 16 20 20 18 27 19 19 16 25 16 17 16 15 23 20 30 24 29 17 16 14 15 29 25 31 21 22 17 24 14 26 25 21 14 25 24 21 26 20 21 22 21 23 23 23 17 28 16 19 26 22 18 21 19 26 21 19 25 31 25 21 25 13 19 22 17 26 27 20 26 23 28 26 27 16 27 21 15 16 17 21 22 25 21 20 24 18 18 15 16 15 30 20 29 18 21 21 13 15 25 24 18 23 22 21 13 30 32 14 24 15 26 30 17 20 18 16 17 23 18 15 19 26 18 23 18 24 23 24 14 18 24 20 20 29 24 30 18 23 23 17 22 20 17 15 18 26 21 19 25 20 16 27 15 20 18 18 22 19 19 33 19 23 16 16 30 19 22 25 23 23 16 30 18 17 22 17 16 26 26 16 16 24 22 21 24 26 21 18 13 22 26 28 21 16 20 21 20 14 16 26 23 18 27 22 19 22 24 19 22 16 19 17 18 23 26 14 20 28 10 26 19 17 17 20 21 24 21 29 16 25 21 23 18 18 17 21 23 23 17 25 15 21 15 27 26 19 20 32 19 25 18 18 22 17 28 19 26 20 19 22 20 19 21 21 27 24 15 22 23 15 31 18 19 23 20 25 20 24 25 20 19 19 19 17 29 20 26 22 27 21 29 11 20 19 23 19 15 21 26 20 20 26 18 28 31 23 24 16 21 22 23 21 23 26 15 27 23 14 22 21 8 20 21 19 19 22 29 16 24 28 16 24 22 13 15 20 28 18 20 30 26 19 24 23 18 17 18 23 22 19 30 21 15 23 15 20 27 16 28 12 20 25 26 24 19 25 16 20 20 16 25 13 24 29 25 26 19 15 15 30 25 11 27 16 14 22 27 19 23 18 27 17 17 27 16 22 21 20 29 24 16 20 24 23 19 22 18 17 17 17 20 22 21 27 15 31 18 25 16 21 22 20 19 19 20 25 26 17 20 26 23 17 15 21 22 25 14 21 18 21 20 29 19 19 20 16 32 19 22 16 17 21 20 21 17 16 17 28 18 21 25 24 17 34 22 22 19 18 29 27 24 25 16 27 17 21 22 27 20 19 26 26 25 28 21 20 19 27 17 16 17 29 22 22 24 19 17 22 27 22 16 22 27 27 19 18 21 21 20 21 17 27 22 20 24 15 24 21 18 23 26 26 29 21 11 22 19 23 17 24 21 24 12 19 26 26 12 22 18 22 19 17 26 18 21 12 17 31 21 26 20 22 26 21 12 17 24 24 24 24 24 25 15 12 23 18 32 24 25 25 20 26 21 27 17 25 18 12 27 25 18 17 14 23 24 18 22 25 31 22 24 19 22 20 27 18 15 26 29 14 32 23 19 19 16 25 16 17 26 21 26 17 22 25 14 21 29 27 21 25 15 36 21 25 20 26 20 18 27 27 29 24 26 24 18 25 21 30 23 20 20 18 17 26 20 13 20 17 21 22 14 20 19 13 23 21 11 28 24 28 15 25 25 23 18 26 27 20 19 26 16 24 16 17 15 28 26 16 23 24 17 15 19 23 22 26 30 21 23 16 17 23 17 19 14 24 31 16 16 20 19 32 16 23 26 18 14 18 16 30 24 30 31 20 20 25 18 24 23 23 17 16 18 15 27 14 19 21 19 19 22 22 20 29 22 17 18 21 21 21 23 36 21 26 22 25 19 22 15 16 22 23 20 21 21 18 17 25 21 25 24 19 16 12 21 21 26 23 19 19 22 15 19 20 14 23 21 14 32 28 23 23 19 22 16 29 21 27 12 14 21 22 21 11 23 20 28 20 18 21 12 14 24 18 25 20 21 16 24 20 21 16 16 18 20 28 30 18 23 18 24 21 22 18 24 17 14 24 20 15 28 18 21 18 16 25 19 28 18 33 22 21 15 20 21 16 23 20 16 19 20 22 19 19 14 20 27 25 23 25 13 21 27 23 25 20 13 17 27 20 23 25 25 23 27 20 20 22 22 14 25 19 24 12 17 25 27 15 15 11 20 23 23 20 25 27 15 27 32 19 21 23 24 25 21 24 22 24 21 18 16 22 19 23 23 18 17 25 20 20 19 23 23 21 23 13 20 21 25 26 22 26 19 17 25 22 15 24 19 17 22 24 21 19 16 20 21 23 24 22 13 28 19 20 20 31 24 16 18 25 25 24 22 23 18 27 21 19 21 23 21 25 18 25 20 24 24 23 22 20 21 22 14 27 21 14 19 27 21 24 30 22 25 20 17 25 16 19 16 23 22 27 17 16 13 22 25 19 18 19 21 22 12 29 29 23 20 26 15 27 25 17 25 23 21 23 25 20 17 21 22 26 23 23 20 13 24 11 24 13 24 24 22 22 17 21 17 19 21 19 18 23 21 23 21 31 26 21 15 27 19 17 22 27 22 26 21 23 18 23 20 24 26 22 22 17 21 19 20 19 21 15 23 19 17 15 25 29 25 23 29 17 19 21 19 25 25 22 20 22 24 16 18 18 19 16 27 20 26 16 19 20 10 18 26 15 29 27 18 19 17 31 15 29 27 23 21 14 20 28 16 18 23 20 12 21 13 27 28 17 23 18 25 23 28 20 22 21 31 24 26 17 21 23 17 21 21 20 30 18 22 21 24 25 18 19 20 19 20 19 21 19 20 12 23 24 19 16 23 25 15 21 16 21 20 16 28 20 22 19 23 25 24 26 25 14 18 23 18 25 15 18 23 17 18 23 22 22 27 24 23 23 8 17 27 30 22 20 19 21 20 27 23 13 24 20 26 11 26 19 19 21 18 31 21 17 25 18 23 19 19 22 14 32 15 18 31 22 21 23 18 23 24 22 12 24 23 18 17 32 25 22 13 21 25 27 20 13 17 18 18 23 18 23 29 17 26 25 29 22 23 21 17 23 15 23 28 17 23 23 25 26 21 30 19 16 24 27 24 18 27 20 20 27 27 21 25 21 22 22 24 19 22 19 19 18 24 15 13 17 23 24 20 20 18 20 25 26 25 13 13 19 21 21 28 22 14 21 12 19 17 18 37 27 21 16 23 19 18 17 29 21 20 15 20 16 21 25 22 15 19 21 16 25 26 22 20 29 28 22 22 9 23 18 25 21 19 24 21 22 13 19 20 19 26 27 41 21 15 19 15 24 29 22 20 20 16 25 22 19 21 25 16 29 18 19 22 18 23 20 19 22 17 16 18 15 21 20 18 19 25 19 23 20 24 20 15 26 20 23 20 12 31 29 19 23 25 23 25 22 25 26 28 23 18 20 26 19 19 19 16 23 27 16 23 20 21 23 24 17 20 24 22 20 21 21 26 17 24 18 19 14 15 23 15 21 19 24 21 16 17 28 18 17 19 23 18 28 19 17 22 19 27 20 22 20 20 19 20 25 16 26 24 19 16 28 18 15 20 21 19 26 15 24 24 17 29 18 17 22 23 12 21 26 17 18 22 29 27 19 13 17 28 19 23 19 22 17 26 12 15 19 29 23 27 28 17 18 14 24 20 20 25 17 24 24 30 20 15 23 16 24 19 20 23 20 21 20 22 21 27 14 15 23 20 20 18 21 19 17 22 19 24 20 29 18 16 32 17 24 22 16 26 20 26 26 21 24 16 22 22 23 25 15 19 27 21 19 29 24 24 24 20 25 30 19 15 21 23 25 21 20 24 14 23 25 28 20 19 24 19 27 28 14 23 15 16 19 25 24 20 17 23 29 13 23 21 29 18 22 26 20 21 23 19 19 20 19 13 18 24 28 27 23 26 22 14 32 25 20 16 25 20 21 28 20 20 25 22 20 23 18 20 16 21 23 22 18 30 28 21 21 24 14 19 20 17 18 19 23 19 36 14 21 19 19 21 19 12 30 24 24 23 9 24 23 24 27 15 17 14 18 19 18 24 15 17 21 17 24 18 23 19 23 26 22 20 21 24 18 12 16 25 17 23 22 30 22 27 24 29 23 21 23 19 26 21 20 26 24 26 24 25 19 24 16 27 20 19 19 16 22 29 25 22 20 15 21 23 21 25 23 19 25 14 33 17 21 21 31 23 24 23 21 12 18 13 27 23 18 21 15 23 18 19 20 17 21 33 26 13 25 25 19 20 25 14 20 23 22 23 18 21 20 23 18 28 20 16 19 16 25 17 13 13 28 25 23 25 28 25 16 21 21 15 23 27 25 21 28 23 24 21 20 25 18 17 17 23 28 16 19 24 24 19 24 16 18 13 15 16 22 23 22 20 22 16 21 24 19 15 24 25 23 16 26 11 17 15 32 17 20 24 24 21 19 25 32 22 25 20 25 19 24 19 20 17 25 26 21 24 21 16 21 22 18 16 19 16 25 25 25 32 15 26 24 24 19 26 19 19 21 24 19 26 17 19 32 23 19 22 24 29 21 26 26 18 18 23 11 19 22 21 19 21 24 18 19 20 19 12 17 25 15 17 20 25 17 26 26 14 25 25 18 17 25 11 16 23 25 14 27 15 23 22 19 18 19 20 30 22 20 23 13 27 22 17 23 14 28 14 30 18 25 16 21 26 16 20 24 20 22 14 24 26 21 24 29 21 17 25 12 19 22 19 25 20 16 35 21 21 31 26 20 20 22 15 16 28 17 17 28 22 29 22 21 21 18 28 25 18 25 26 12 21 17 24 24 23 25 21 21 21 15 22 16 31 23 23 23 15 20 19 23 14 24 22 19 20 38 13 26 29 13 19 24 19 29 15 15 19 25 15 22 24 29 19 21 25 19 18 24 21 25 20 21 22 20 19 22 29 22 20 18 21 16 23 19 16 26 16 31 20 15 26 25 29 24 28 21 26 18 23 17 21 17 20 23 15 20 16 24 27 24 21 23 16 22 21 20 24 19 22 20 22 19 21 21 23 18 19 29 22 25 17 20 22 28 22 13 25 24 29 22 20 26 20 24 20 18 19 23 24 23 21 28 22 28 23 19 18 26 19 16 29 13 21 25 17 21 28 23 23 26 21 17 23 16 17 19 19 16 22 18 28 21 14 20 32 14 28 22 21 15 22 23 16 17 21 25 27 18 17 25 20 23 23 25 13 21 35 14 21 23 30 19 20 19 19 24 25 20 17 24 27 18 12 20 22 21 21 25 20 19 22 19 22 21 17 24 30 29 20 19 23 23 26 23 13 25 21 22 22 19 25 18 26 19 22 23 15 19 30 25 24 33 24 20 19 19 23 15 21 19 17 23 23 20 20 25 22 17 19 22 25 15 15 27 18 13 25 25 22 35 24 20 21 18 26 18 27 19 14 19 27 26 20 31 15 26 23 19 23 22 21 28 21 16 21 22 21 18 10 21 20 20 20 25 20 22 19 22 24 27 25 29 20 16 19 21 13 21 25 26 24 21 22 30 19 19 29 10 24 15 18 25 24 30 13 25 18 14 23 22 18 24 25 30 21 15 32 15 23 23 25 30 25 22 15 26 17 17 26 15 21 25 19 24 26 17 26 19 21 18 22 13 23 27 27 22 22 28 17 20 27 22 26 27 23 22 28 18 27 7 25 17 19 12 20 22 31 19 20 21 25 17 23 21 16 29 18 28 22 22 17 18 22 23 18 18 23 14 26 27 23 24 15 21 28 20 17 25 20 27 24 14 21 21 20 23 16 24 21 25 23 36 20 17 27 20 18 18 15 25 23 21 24 26 19 24 16 22 18 17 19 23 19 27 21 25 19 17 30 19 23 20 16 32 20 18 20 22 25 36 17 27 16 19 19 26 20 17 25 23 18 26 20 26 15 19 26 25 21 23 20 20 15 22 26 26 19 17 15 21 13 20 26 28 30 35 21 22 20 22 22 17 29 12 20 21 22 19 15 19 25 16 16 20 18 20 23 25 21 18 19 15 17 16 21 19 20 11 22 27 16 16 23 23 34 20 16 30 15 22 23 22 18 19 10 26 31 18 22 20 26 13 31 21 19 19 18 27 22 14 22 27 22 22 29 24 22 15 21 21 24 26 27 20 17 20 15 21 25 16 25 26 20 27 18 22 19 22 24 22 20 23 21 15 16 19 26 23 22 19 23 26 19 27 16 28 11 17 16 23 20 20 18 27 23 23 18 17 23 14 21 18 30 20 25 27 22 28 18 22 19 20 18 30 21 21 22 24 22 23 21 21 17 17 22 23 12 17 17 28 27 15 20 14 24 26 28 13 18 17 15 15 33 17 28 25 20 16 26 20 25 22 23 19 18 15 19 27 19 30 34 22 25 16 16 23 23 14 18 25 30 23 21 25 14 20 20 33 19 24 15 19 12 15 6 20 18 22 19 23 23 23 23 19 21 20 20 27 24 21 19 21 10 20 21 23 27 22 23 21 22 17 20 27 17 30 18 19 18 20 22 19 15 17 21 25 21 30 21 23 19 24 19 23 19 23 17 23 21 29 21 18 19 17 19 21 32 24 26 13 25 16 19 25 23 20 24 23 24 15 29 19 23 15 15 20 25 19 25 22 26 26 23 22 20 20 21 26 22 15 16 22 22 18 19 24 25 19 19 20 23 22 25 21 18 18 18 25 24 11 18 17 29 23 23 21 24 24 25 22 14 20 19 22 21 17 20 22 23 19 17 24 28 23 19 19 22 23 16 23 22 21 20 21 28 12 21 16 25 18 33 18 21 26 26 15 18 25 19 25 12 28 24 14 21 22 19 20 26 26 28 15 23 15 17 20 17 16 25 22 23 24 28 22 22 17 17 19 16 18 25 26 11 23 22 25 14 18 16 25 22 23 20 18 20 20 26 19 23 18 22 25 16 16 24 23 18 19 20 16 17 21 15 22 25 19 18 21 16 19 24 30 20 21 18 16 21 26 17 14 16 20 20 19 24 19 32 14 22 22 20 26 30 28 21 19 25 21 25 24 25 23 19 23 19 27 21 13 15 19 22 20 24 22 22 22 28 17 25 27 17 26 15 22 21 22 20 27 19 14 23 18 22 15 14 27 29 23 25 21 18 22 24 30 22 21 13 19 17 25 20 14 15 18 20 22 15 23 18 18 25 15 30 31 26 22 19 20 16 24 20 22 22 15 22 17 17 21 15 27 23 28 31 33 14 24 16 19 25 19 33 21 15 19 19 19 23 19 18 19 19 15 23 24 23 21 24 23 29 20 13 20 20 21 16 23 35 20 25 23 31 26 17 18 25 23 21 24 31 21 28 25 19 22 23 20 27 22 17 18 24 17 14 29 26 25 18 17 26 14 27 23 22 22 22 23 26 24 15 29 18 19 29 18 21 21 20 23 19 22 21 10 28 22 23 21 15 18 12 24 31 27 27 22 24 17 20 18 22 27 22 19 19 26 25 12 15 11 21 34 19 24 24 30 21 18 23 16 17 21 19 17 24 16 12 36 24 24 25 14 19 20 28 21 27 26 14 21 16 21 27 19 25 23 18 22 24 28 23 27 15 21 26 20 23 21 12 26 19 15 26 17 20 20 22 21 15 18 28 14 21 25 20 25 25 24 23 17 16 21 24 21 21 22 20 22 28 24 24 26 17 21 21 19 17 31 21 20 19 12 24 15 26 23 26 21 20 22 22 23 21 20 18 13 21 25 18 17 17 20 18 26 26 19 29 22 17 24 10 20 21 24 21 26 23 21 20 17 22 21 16 22 30 26 21 21 25 14 22 20 22 11 20 24 23 18 20 23 21 15 21 17 14 29 18 27 16 12 26 24 23 19 16 22 23 26 24 21 19 17 20 24 25 18 23 20 18 22 19 19 31 24 22 21 22 20 26 23 21 24 23 21 16 28 16 23 21 17 21 31 29 19 22 17 17 17 14 19 19 19 32 22 25 16 20 16 18 21 26 20 18 28 15 23 26 19 26 21 27 16 24 25 28 18 23 26 22 23 18 13 19 23 27 23 21 22 15 22 24 13 19 27 26 25 16 19 16 21 24 23 22 25 29 14 17 26 22 21 17 27 27 28 19 21 19 22 21 18 19 23 19 18 18 20 22 33 18 18 18 19 17 18 22 16 27 24 17 21 18 25 22 25 20 19 22 23 16 25 19 22 19 23 23 26 19 21 25 22 18 22 19 23 19 19 25 17 21 16 26 21 14 17 22 29 29 26 16 17 19 16 25 16 20 22 20 23 20 16 28 18 21 17 27 20 31 28 25 27 17 15 26 20 13 25 19 27 20 36 23 21 23 9 17 25 26 19 28 33 24 26 21 19 18 21 24 21 22 18 19 24 24 20 23 21 13 16 23 19 19 15 27 30 28 24 17 17 14 18 26 16 27 27 20 24 22 20 20 24 22 21 22 20 20 20 12 26 25 24 20 16 26 22 22 26 21 21 22 16 23 17 22 17 31 17 24 17 23 18 31 21 20 20 23 22 12 21 21 15 25 16 20 25 18 21 31 17 20 25 15 19 19 20 21 16 20 22 24 30 24 23 18 19 21 21 22 20 27 25 9 14 17 24 21 28 18 21 23 24 24 21 28 17 18 22 22 22 22 20 17 21 17 12 21 31 22 17 27 20 18 19 16 19 23 19 26 25 16 28 30 23 16 27 26 19 18 21 28 23 19 21 17 23 14 27 18 28 31 18 21 23 23 32 23 21 17 22 27 30 25 21 19 16 19 17 20 17 24 24 32 22 30 15 14 28 18 21 29 22 29 21 18 28 17 23 29 26 27 14 22 26 20 20 19 20 22 22 15 26 22 32 18 20 16 23 18 24 25 25 20 15 14 21 20 14 19 30 13 25 26 11 15 26 23 19 26 21 21 20 19 25 18 18 18 25 23 22 21 20 16 17 13 23 19 16 25 25 24 23 19 26 15 22 19 25 20 22 22 19 17 20 25 21 17 16 20 23 25 30 16 24 23 17 20 39 13 20 15 16 23 25 21 23 27 26 21 14 22 19 19 22 19 16 16 22 21 33 22 20 18 18 22 17 21 19 23 21 24 15 22 28 16 17 23 24 28 29 19 17 22 21 26 18 36 19 24 28 19 27 17 14 19 19 25 16 16 22 15 18 20 25 27 21 27 20 15 21 24 22 19 32 24 21 13 23 22 22 18 14 16 20 20 14 17 22 21 25 22 26 24 21 33 16 18 20 22 16 28 27 19 19 18 28 16 31 19 27 19 12 24 22 19 20 13 20 19 23 20 27 18 24 23 19 19 26 28 16 22 19 17 23 19 18 21 27 15 26 21 23 20 18 15 27 23 21 21 21 21 23 25 25 16 17 27 22 22 11 21 23 18 20 20 17 23 16 19 35 19 22 32 26 20 18 34 23 14 24 23 13 19 14 23 20 25 26 22 21 13 13 21 22 20 23 23 20 27 18 27 24 9 16 24 23 27 21 20 19 15 14 19 17 23 18 24 21 16 24 22 23 22 21 24 22 29 12 24 18 15 14 22 17 27 22 25 25 20 21 29 16 20 24 18 19 20 31 21 15 27 16 19 16 20 14 22 19 17 19 23 26 22 27 23 23 20 21 28 17 17 24 16 26 23 15 23 23 24 17 13 28 23 25 19 21 24 32 25 19 25 29 26 31 21 14 17 24 18 26 17 26 22 31 25 22 20 30 19 19 13 24 18 15 26 20 25 19 18 19 20 17 23 20 19 15 18 21 22 21 25 31 24 28 20 32 18 16 21 25 23 11 28 19 17 21 12 22 18 18 27 23 29 27 15 15 25 17 28 16 20 23 25 18 21 19 25 20 22 22 27 32 16 25 22 22 21 23 25 11 15 21 24 23 20 20 24 17 23 24 20 19 22 23 15 26 24 22 21 21 18 22 20 25 31 23 24 11 17 22 21 20 23 19 20 27 26 20 19 21 31 20 21 21 20 22 20 23 15 22 22 21 22 25 23 23 11 20 26 16 22 24 30 20 17 19 22 22 20 17 20 20 27 22 18 13 16 14 20 27 27 24 24 16 30 19 15 17 14 25 13 22 28 24 21 21 16 20 24 19 22 26 22 22 17 17 27 24 29 22 24 21 20 25 26 21 17 26 31 19 19 19 20 27 18 16 16 18 24 20 27 19 19 21 23 19 17 21 19 24 28 21 22 22 31 16 27 24 10 34 18 19 26 20 19 16 26 24 29 17 21 25 24 19 16 14 22 22 18 24 17 29 25 16 18 18 23 20 21 20 26 24 20 18 18 23 22 18 14 26 21 26 17 19 18 23 26 25 22 16 27 26 18 27 21 16 20 19 22 19 15 22 22 16 17 17 24 26 19 18 23 20 22 25 23 30 21 26 13 21 23 20 19 16 19 25 17 20 18 24 21 22 22 21 22 22 24 20 15 22 24 26 18 18 18 22 16 14 23 30 14 29 25 17 24 17 18 22 19 16 28 21 24 18 14 23 32 27 24 21 16 27 14 23 17 23 15 22 25 28 20 17 12 24 20 18 22 18 13 21 30 18 26 27 14 17 31 28 19 16 16 15 23 25 24 20 15 31 18 32 25 26 16 17 25 19 25 19 33 19 19 19 21 16 19 26 26 22 29 24 16 19 15 14 8 24 21 22 19 19 19 26 14 20 19 17 18 21 17 20 27 26 22 15 26 15 15 21 21 18 26 24 25 25 16 32 18 21 18 16 14 24 27 21 17 24 17 24 19 23 17 15 30 17 23 16 27 25 18 29 23 24 21 15 22 12 23 21 21 22 15 20 26 22 18 20 29 19 23 25 17 24 30 13 23 22 18 17 26 19 22 22 24 29 22 21 19 19 21 26 15 20 15 27 25 27 18 22 22 15 17 22 20 19 17 23 24 20 25 25 29 18 21 21 23 24 24 21 19 16 19 22 23 26 22 16 25 23 14 18 23 21 19 22 18 26 21 13 21 20 17 22 27 18 22 25 18 25 21 18 23 21 25 25 23 22 15 27 20 23 26 27 22 16 22 19 18 28 22 29 24 17 19 20 18 17 25 26 21 14 14 24 28 16 16 14 23 22 32 19 23 26 17 23 25 17 21 24 21 16 20 22 17 23 26 18 24 27 18 25 21 24 27 20 21 18 30 17 17 23 34 21 16 24 22 21 13 18 25 22 25 13 21 18 17 24 17 20 21 20 27 15 23 25 22 14 23 24 21 20 22 24 21 23 25 23 20 16 27 24 25 16 20 8 18 31 18 23 23 25 30 19 14 19 18 32 23 22 22 21 18 12 23 25 21 26 20 25 21 24 13 29 20 22 17 16 22 32 21 22 24 16 28 26 17 22 20 19 26 20 25 24 27 17 12 28 23 19 15 27 23 25 22 23 19 26 23 19 26 19 23 24 25 19 14 26 16 19 20 18 21 19 28 21 20 25 19 29 25 22 25 14 16 20 22 19 24 17 24 17 18 16 19 32 28 19 23 17 20 21 22 28 16 21 21 27 21 15 24 23 21 17 15 30 18 32 15 23 23 21 21 18 14 17 22 21 24 19 25 21 13 26 18 14 20 24 14 24 21 20 18 34 27 18 20 22 18 27 21 22 28 15 28 18 19 21 15 18 17 21 21 27 29 20 19 20 14 23 23 18 28 19 24 26 20 14 30 21 24 24 20 21 20 24 27 16 20 22 21 16 27 18 17 20 18 28 18 20 28 21 22 21 11 19 25 19 21 24 19 24 25 17 26 17 17 17 31 26 22 19 18 23 18 22 24 20 22 23 27 18 14 23 22 18 15 22 21 18 24 20 21 31 20 24 24 28 25 19 13 26 28 26 29 15 34 21 27 20 18 27 26 16 29 17 28 20 14 20 13 20 21 18 20 24 20 26 20 15 17 19 20 18 26 29 22 21 27 19 19 21 21 22 14 23 18 27 26 21 13 17 22 21 17 20 18 31 23 18 26 22 19 26 20 19 23 24 28 23 20 18 27 22 29 22 22 16 20 24 25 23 30 25 17 28 20 14 23 18 21 20 29 35 12 17 23 23 18 22 20 25 20 24 24 22 17 13 22 26 16 18 16 26 24 20 22 28 17 20 23 19 19 13 24 15 25 22 21 17 24 24 28 19 17 18 24 31 20 21 23 25 22 19 18 19 16 31 16 24 26 28 17 17 18 21 29 18 21 17 23 19 25 12 26 14 22 26 17 24 27 20 12 24 23 16 23 27 16 23 21 28 15 20 22 21 20 17 15 23 20 29 21 32 17 19 27 16 33 16 17 19 29 16 18 21 18 23 23 19 25 25 23 22 18 21 12 28 21 19 18 14 31 14 23 16 30 19 25 18 26 15 22 16 18 21 11 14 26 25 24 22 25 25 20 21 20 27 21 19 19 21 22 16 17 18 18 25 18 19 24 21 29 21 22 14 27 14 20 16 22 34 27 18 20 26 19 21 30 20 16 30 21 21 10 21 19 29 21 16 21 26 26 21 11 18 28 18 25 22 15 21 22 28 17 29 19 16 22 27 19 20 21 19 29 27 18 28 19 19 22 21 23 18 17 26 23 21 24 21 17 19 10 16 23 22 18 27 18 19 15 23 17 14 27 18 31 20 13 23 23 24 25 26 28 21 23 17 21 16 23 27 22 21 24 13 22 34 27 25 14 21 19 13 22 14 17 17 25 20 26 24 22 21 24 13 20 18 19 20 25 24 15 15 21 21 23 20 26 15 27 13 18 17 20 28 22 20 13 18 23 26 27 20 28 16 24 14 25 21 27 19 22 25 22 28 23 12 22 23 17 20 27 20 22 23 22 27 28 15 16 24 21 31 26 19 22 16 24 21 15 24 22 19 22 26 24 17 30 19 24 29 19 15 22 23 30 17 27 24 21 20 13 40 17 21 26 20 21 26 19 23 23 22 19 24 20 24 13 29 20 23 20 29 14 13 21 20 21 18 19 22 18 30 21 17 17 26 23 26 21 28 15 18 14 30 17 17 20 24 25 25 18 11 26 22 18 16 17 19 18 24 15 13 22 28 20 26 20 30 20 12 16 22 18 18 25 30 27 11 26 19 21 23 24 24 19 23 27 23 22 26 15 26 26 23 22 23 21 20 18 16 18 31 26 17 25 24 28 19 23 22 19 20 22 15 16 25 21 24 25 25 18 17 17 25 23 21 14 27 23 12 20 19 16 25 18 16 24 15 17 24 17 18 8 21 24 25 27 31 24 22 29 12 26 13 21 20 30 15 20 28 15 19 29 24 26 22 22 21 18 22 20 19 25 17 34 11 23 16 21 19 27 16 20 31 22 22 28 26 24 25 15 21 20 19 22 21 18 18 25 16 17 19 29 14 21 16 16 18 19 24 19 13 28 21 32 18 15 24 24 20 18 18 21 29 24 14 28 26 18 27 19 23 23 19 21 22 23 33 18 17 14 12 18 22 21 16 15 28 26 23 22 18 13 27 23 25 22 21 20 16 20 29 13 31 19 22 20 26 23 21 19 22 15 14 20 19 28 22 25 12 18 20 29 21 28 13 35 22 27 21 21 23 25 12 17 27 16 29 23 25 36 23 25 22 23 23 24 15 18 21 12 20 30 24 22 28 24 18 13 25 27 17 28 29 27 19 15 21 22 28 18 23 18 24 19 20 24 21 17 23 25 13 17 25 23 14 24 25 26 24 20 13 28 20 23 24 16 22 21 24 14 17 22 22 18 24 24 22 19 26 18 24 22 32 19 24 18 17 22 21 23 17 20 32 26 26 15 28 29 20 23 18 22 15 16 19 35 25 20 24 16 29 25 25 17 20 20 19 20 16 15 17 17 20 22 21 23 22 20 27 20 26 15 19 20 22 12 23 15 26 26 23 27 15 26 23 17 17 20 18 24 33 19 16 18 19 29 31 14 12 23 22 25 34 31 20 20 22 18 22 21 17 20 24 20 22 11 16 22 23 22 19 17 16 12 23 26 22 24 24 12 27 19 26 34 19 26 18 29 24 19 17 26 14 18 12 21 20 22 15 18 15 27 16 30 20 17 22 24 23 25 19 15 21 12 24 28 24 20 20 27 16 19 22 13 18 22 19 18 24 19 16 21 22 16 20 23 21 24 26 19 24 18 18 24 28 20 23 16 24 23 22 18 20 23 22 17 23 22 22 24 19 19 16 18 15 28 21 24 20 18 20 24 20 17 22 17 22 21 19 20 16 20 37 17 22 17 25 25 25 19 14 21 16 22 23 25 24 12 17 36 26 19 25 23 15 27 16 17 23 18 24 24 16 23 26 17 18 16 18 25 19 24 16 19 22 23 28 19 12 19 30 16 24 19 24 32 22 20 23 18 13 30 18 19 25 19 22 18 27 18 27 25 21 22 18 16 23 24 14 25 21 20 19 23 20 27 14 19 27 24 20 25 27 24 15 21 13 16 20 15 17 20 29 22 16 30 23 15 16 16 13 17 22 23 26 18 29 20 18 21 15 28 18 22 23 21 21 26 21 21 19 21 17 22 12 22 18 17 31 26 23 18 17 21 31 22 15 25 30 24 24 15 17 21 25 23 28 22 25 18 16 19 25 15 18 26 14 23 19 28 29 19 20 23 18 28 29 22 13 15 22 19 20 17 31 15 24 21 31 23 13 23 16 17 18 24 26 18 18 21 17 29 23 26 22 22 16 14 19 29 18 19 22 14 26 28 12 11 25 29 20 28 18 25 23 19 15 23 21 30 30 23 18 23 17 23 25 15 21 29 20 28 21 20 16 17 21 21 30 10 12 16 30 27 22 25 24 27 13 17 21 30 16 16 23 26 32 18 15 22 19 24 20 16 16 20 19 26 15 27 16 20 20 21 17 16 20 22 19 23 25 19 26 13 14 19 26 25 22 26 24 25 25 26 21 19 23 21 18 28 25 24 19 26 16 16 22 22 20 21 16 22 19 23 21 30 17 26 25 16 22 12 31 20 17 25 20 21 13 19 23 15 22 24 14 25 21 21 16 25 20 33 24 19 21 27 31 21 23 9 22 15 23 18 22 29 25 22 24 23 24 19 28 27 18 21 26 19 19 18 18 18 10 37 18 31 17 18 22 23 19 21 19 21 19 12 19 18 27 17 22 18 21 16 18 18 19 18 17 26 21 27 20 18 23 25 17 22 23 24 21 16 24 17 19 12 19 18 21 19 19 18 26 26 26 21 28 21 17 21 20 23 18 27 22 21 23 18 24 27 13 18 34 24 24 17 15 20 22 21 28 19 22 20 25 18 23 17 22 28 22 20 29 16 23 38 23 19 25 15 18 23 15 15 23 15 22 21 22 19 21 21 21 15 18 20 22 23 24 19 19 34 15 19 18 29 20 16 22 26 17 33 19 17 20 13 23 24 26 18 23 25 24 20 12 19 22 25 20 28 31 19 19 21 19 14 21 26 21 23 24 14 25 17 22 18 26 23 22 24 22 24 31 13 18 21 15 13 24 15 21 29 24 27 21 18 25 14 22 19 27 17 21 29 24 22 25 18 15 25 22 19 32 29 23 21 21 15 20 23 15 17 22 18 21 17 16 23 16 21 24 28 20 22 16 19 29 24 21 14 18 18 28 15 16 34 19 21 17 27 16 20 14 21 28 21 17 15 24 22 22 28 26 22 20 23 19 18 22 24 34 27 12 18 12 23 22 20 23 28 18 21 20 28 18 21 19 20 12 27 14 18 21 20 24 24 25 23 21 16 20 23 20 17 23 21 23 17 15 16 23 18 23 30 24 16 21 19 17 15 26 21 27 16 18 21 18 18 28 22 30 23 26 24 18 25 27 30 13 21 20 18 22 15 21 25 29 17 15 24 28 27 22 14 20 20 20 24 15 22 16 24 23 25 22 15 29 23 20 19 22 22 21 24 24 14 12 25 22 24 22 15 17 15 23 26 22 23 23 17 23 17 16 21 26 25 20 17 14 23 23 21 21 23 23 25 20 27 23 28 17 20 16 16 20 25 22 20 22 18 22 24 16 30 15 31 20 21 25 15 13 25 16 29 22 20 18 22 29 19 16 29 22 26 18 19 26 24 17 23 30 19 20 22 31 18 18 19 24 21 26 16 21 27 22 21 29 27 27 33 18 16 25 23 26 21 21 20 13 20 22 19 29 27 21 20 18 26 16 14 13 26 17 27 14 22 23 16 17 24 23 22 21 30 30 20 26 27 23 23 15 25 9 23 17 19 24 28 26 18 26 23 15 19 23 18 27 23 17 29 15 27 25 27 21 22 29 15 24 18 17 18 20 28 24 21 21 26 19 16 26 20 22 25 28 20 17 24 26 26 17 23 25 32 19 26 26 22 16 30 31 22 18 13 27 25 21 25 20 13 23 25 16 20 17 28 27 25 19 17 25 15 21 14 28 28 15 31 26 18 24 15 21 20 31 17 34 26 18 16 25 16 14 28 22 13 21 28 19 19 24 21 16 25 16 17 16 18 22 12 28 20 18 17 22 23 21 21 27 19 23 26 14 20 24 10 19 24 22 20 25 23 21 23 26 25 20 17 23 25 19 21 20 20 20 24 11 22 22 17 25 22 27 17 20 12 21 22 20 24 15 24 18 21 15 22 17 21 25 22 22 24 18 26 16 19 22 23 19 22 18 27 18 21 23 31 19 26 21 28 14 22 18 17 19 25 21 20 22 19 32 25 16 25 18 28 19 24 15 25 18 21 21 24 21 16 22 28 25 20 24 18 27 14 21 21 30 15 24 19 19 26 21 20 19 23 23 21 31 23 25 13 23 20 20 14 21 18 33 25 21 22 14 16 28 24 16 23 19 16 19 23 30 18 20 14 15 24 15 29 16 28 11 27 19 28 23 13 14 20 24 18 25 14 34 30 15 26 22 18 28 18 14 19 22 20 21 32 19 17 23 26 21 19 14 21 17 23 18 27 18 21 19 23 22 25 20 17 26 13 26 16 24 18 17 20 18 20 30 23 21 20 21 21 24 23 24 23 21 26 21 23 15 22 24 19 26 22 24 28 16 23 20 19 15 22 26 21 20 20 19 23 29 18 17 20 17 24 21 16 27 25 32 24 28 20 20 33 20 20 21 21 17 24 26 22 27 26 24 13 20 17 25 12 27 26 23 21 20 23 23 17 26 25 20 21 18 18 21 17 32 21 16 23 26 14 25 27 14 22 25 21 23 17 24 25 18 27 19 16 35 24 25 19 27 22 22 21 21 32 26 21 24 15 27 23 19 21 34 21 23 28 20 26 19 19 15 19 14 22 20 27 26 17 23 23 19 21 26 19 20 13 19 20 27 11 22 28 20 13 17 21 25 16 23 31 24 19 29 17 20 20 21 16 25 25 16 27 21 18 19 27 27 21 15 21 22 18 18 23 29 24 17 22 24 18 15 24 26 13 22 22 20 20 24 18 25 25 23 19 22 20 26 26 22 30 21 12 25 24 23 27 17 16 21 20 21 31 25 19 23 23 28 20 29 24 21 25 19 21 19 17 22 24 20 19 21 21 18 32 22 24 16 16 19 26 24 20 20 22 13 24 13 15 22 27 25 27 20 22 23 14 19 25 27 18 21 24 15 17 26 25 23 16 12 20 16 29 28 22 13 32 20 22 19 23 17 18 22 19 24 19 18 23 22 18 18 24 24 24 15 20 17 13 21 29 22 19 22 17 17 16 26 17 16 26 23 17 28 12 21 24 27 22 14 20 11 23 25 19 17 21 17 22 25 20 24 32 19 17 24 16 24 23 27 23 18 18 20 27 19 19 27 21 10 13 19 17 23 24 21 18 22 34 27 27 19 19 21 12 12 18 23 26 18 22 24 23 15 32 22 23 18 32 21 25 25 24 20 19 21 18 25 24 18 21 17 21 12 20 26 29 28 26 17 24 27 10 26 25 26 20 26 22 17 21 27 21 24 23 28 16 17 19 24 24 22 20 21 23 24 21 21 21 22 22 20 19 15 25 14 24 19 23 22 15 15 22 26 29 12 26 15 14 36 23 17 17 27 19 22 24 12 19 14 26 16 25 25 18 20 20 22 24 20 20 23 16 21 19 21 25 19 22 18 23 23 28 19 19 13 28 19 18 17 22 19 26 29 20 23 14 20 21 22 23 29 17 24 26 21 20 17 21 19 22 20 21 19 25 20 33 16 21 18 22 19 18 21 18 28 25 19 32 19 22 19 26 20 25 14 22 26 21 18 27 28 15 24 16 21 20 21 26 21 33 21 24 26 21 29 22 21 28 17 22 23 15 21 20 23 19 29 25 23 20 18 19 17 23 25 20 20 30 24 16 23 11 23 26 27 17 24 31 21 16 14 21 23 27 17 28 18 25 25 19 25 14 17 27 15 25 13 22 25 22 26 23 23 25 15 20 15 23 18 18 22 23 25 22 13 29 22 16 17 20 25 27 26 20 26 11 24 16 22 27 27 21 29 25 21 22 23 20 19 10 22 16 20 24 20 22 27 17 25 15 18 25 24 21 26 16 26 19 19 21 15 13 20 14 23 19 23 27 35 18 25 19 23 22 26 26 21 19 16 19 19 22 27 18 22 22 14 25 25 22 29 24 26 16 18 18 19 22 20 18 22 13 25 19 29 29 17 18 26 24 15 19 19 23 19 10 27 18 13 23 21 26 25 25 15 14 20 20 18 20 24 23 21 20 18 14 21 24 24 21 29 23 15 20 18 27 16 15 21 21 16 18 17 28 20 22 17 21 26 27 19 24 18 21 15 24 24 20 19 22 27 19 24 23 29 16 21 22 16 20 15 20 24 22 26 27 29 19 22 19 18 14 21 24 26 19 23 23 26 25 17 19 19 30 14 13 29 19 21 23 23 16 18 22 16 16 23 25 19 22 21 15 18 24 21 18 23 19 16 15 25 28 21 24 21 21 26 17 19 19 23 20 20 21 26 15 19 20 25 17 17 17 26 18 25 26 16 18 28 20 27 21 27 20 21 22 20 20 22 22 21 11 21 29 16 18 25 22 15 26 28 25 17 20 19 23 18 19 21 22 15 21 21 19 19 21 24 27 18 11 16 25 21 18 23 25 16 15 23 17 22 31 22 20 20 26 20 25 21 17 17 29 19 26 25 18 17 21 16 28 23 18 13 21 23 26 25 22 23 18 23 18 30 23 23 16 20 26 22 26 17 19 20 18 20 19 13 18 12 23 23 30 18 23 25 20 18 19 22 27 21 17 18 22 16 20 36 15 28 15 23 34 24 22 24 22 18 18 22 19 18 22 16 20 22 18 21 22 17 16 20 20 22 19 38 20 17 19 24 19 20 31 27 23 18 13 20 19 31 16 18 19 15 18 26 20 24 20 36 15 26 16 18 21 24 20 12 22 24 22 23 21 21 17 15 24 22 23 15 22 23 23 19 15 20 25 24 21 24 20 15 18 24 19 28 23 28 24 18 23 25 19 30 20 17 14 24 18 26 26 16 17 21 20 24 24 18 16 15 28 26 15 32 17 21 28 22 24 25 21 14 26 20 19 21 18 21 19 29 23 27 18 19 26 17 18 17 31 21 21 13 20 26 21 18 20 21 20 24 16 21 29 24 29 22 18 14 14 17 13 21 19 20 21 25 21 15 25 22 22 21 20 25 18 14 29 19 21 22 15 25 19 15 15 20 18 20 25 24 22 22 24 20 23 20 29 18 19 14 23 24 26 16 23 21 27 26 26 16 23 21 25 29 16 17 26 14 28 19 20 24 18 22 18 29 21 24 22 21 21 22 22 17 15 25 20 23 21 23 22 15 25 16 25 17 15 25 25 18 14 25 20 22 23 10 18 20 13 18 26 29 21 27 26 26 16 22 28 22 19 22 18 23 22 19 29 30 20 18 22 18 16 27 26 23 17 11 21 21 23 30 14 23 22 25 22 22 25 18 19 21 16 31 25 17 13 19 26 19 15 27 28 25 22 17 19 18 31 24 21 22 30 16 27 19 19 26 18 20 26 20 28 20 20 21 26 27 18 21 20 25 22 21 26 17 20 19 25 19 22 36 24 27 23 17 16 21 25 20 18 23 24 20 25 30 19 18 23 17 28 37 25 16 15 21 14 19 27 24 15 20 14 19 23 26 22 28 11 27 18 30 19 22 20 22 14 22 28 20 20 25 17 28 19 18 28 24 16 19 20 19 18 22 17 23 20 19 21 17 20 24 25 19 21 23 28 21 25 18 15 23 24 23 19 16 28 36 20 21 27 16 30 25 27 13 25 27 15 16 18 22 22 26 31 14 29 21 26 21 15 23 24 18 24 16 21 24 23 19 14 25 14 21 26 24 19 14 17 16 20 22 22 18 24 20 21 31 27 17 31 18 26 21 16 21 24 22 18 23 16 24 22 21 21 32 10 17 15 26 23 22 21 18 27 23 31 20 20 25 15 25 26 20 19 21 23 23 20 19 23 21 24 12 15 23 21 13 21 19 17 21 19 22 28 18 21 28 17 16 16 24 23 26 26 20 19 19 26 19 23 12 16 19 22 22 28 20 25 16 12 17 26 14 25 18 24 23 21 23 24 25 18 19 27 22 34 26 26 21 16 23 15 11 14 20 14 12 20 25 21 27 23 23 19 18 16 25 21 21 22 20 24 15 24 18 22 14 22 24 13 23 19 21 32 26 25 19 29 23 23 26 13 15 19 17 16 20 19 20 24 21 18 18 30 19 20 21 25 28 26 22 27 12 18 27 19 21 21 27 31 22 28 18 23 22 19 16 17 8 24 20 25 19 23 18 22 14 27 26 20 29 21 20 16 27 19 19 18 16 24 25 29 16 16 20 23 23 22 20 21 27 17 31 29 23 16 22 19 27 26 21 16 30 19 19 20 22 19 27 19 34 20 21 21 17 30 18 17 25 32 24 15 24 19 18 12 20 19 19 25 26 16 26 17 20 19 21 23 26 18 32 13 23 19 21 22 20 30 16 20 23 17 22 21 21 16 28 18 19 16 23 22 20 20 12 22 22 17 13 20 21 29 27 20 21 19 20 18 21 23 22 29 24 16 28 22 27 14 20 19 23 23 16 26 18 20 17 23 21 27 13 14 14 16 25 26 19 21 19 18 21 19 20 25 12 25 17 19 23 24 13 20 21 18 19 17 23 19 24 27 21 27 19 20 19 22 25 19 11 12 19 22 28 24 25 17 26 24 32 23 24 24 15 21 18 33 26 18 14 22 18 14 24 27 26 21 16 25 15 23 18 26 29 16 25 24 21 27 18 21 13 27 19 17 22 18 8 26 26 15 25 18 26 28 22 15 20 20 23 14 19 19 10 19 22 26 27 13 19 24 15 19 22 21 28 14 15 18 15 21 22 26 19 20 20 16 17 18 20 29 19 26 22 20 24 19 22 26 20 20 24 14 23 23 25 17 23 17 27 32 21 23 19 23 23 12 32 19 18 15 26 18 25 29 16 23 22 21 20 16 28 17 26 22 24 17 27 18 20 15 13 11 19 25 15 22 22 20 21 19 28 21 26 17 27 21 15 21 19 18 24 20 22 20 28 26 14 18 21 22 22 21 11 21 19 20 17 18 13 23 19 25 22 25 16 23 15 24 16 26 25 31 29 19 21 23 15 23 17 21 18 16 13 23 19 24 17 13 21 27 13 17 18 22 15 17 26 23 17 23 25 15 19 17 27 20 15 16 22 27 18 32 19 27 23 20 17 21 19 17 28 11 17 26 23 18 19 26 18 21 19 20 22 25 22 21 19 18 22 25 23 20 10 20 17 33 22 26 11 20 18 14 25 21 25 19 25 26 19 25 15 14 18 25 22 21 19 13 29 19 20 14 16 26 24 17 15 27 18 19 24 19 17 29 23 17 24 18 22 26 23 25 23 18 18 14 16 21 29 23 26 22 30 22 25 15 20 24 17 23 23 28 19 23 21 18 18 18 20 24 31 21 25 20 14 20 34 26 24 17 26 23 31 15 16 21 23 28 21 21 33 19 22 28 25 30 20 20 25 19 22 16 17 23 17 17 16 21 29 28 19 20 14 19 17 26 22 19 27 32 17 19 18 20 25 18 18 14 30 29 23 14 25 18 17 16 30 20 15 23 20 25 19 24 29 28 24 25 20 28 19 21 21 21 16 22 23 17 15 25 21 18 22 19 24 23 22 23 24 20 15 22 25 25 20 20 20 22 27 23 17 17 20 23 19 24 28 17 24 20 25 20 19 20 22 25 23 23 25 24 24 19 18 19 18 13 29 28 20 28 15 14 21 26 26 28 22 21 25 16 20 21 24 37 22 18 25 16 21 23 21 25 20 25 26 20 18 20 27 19 14 27 24 15 14 18 29 23 21 15 23 24 19 23 19 23 17 22 24 16 29 17 25 27 24 20 25 16 23 19 19 22 15 21 22 33 18 9 24 20 26 22 27 17 27 23 18 16 14 27 19 21 19 22 18 21 24 24 20 24 13 14 21 23 17 26 20 18 19 23 15 16 18 25 15 21 23 21 31 29 26 20 20 22 14 21 20 15 17 33 22 19 15 20 18 24 21 19 18 19 21 22 25 23 20 24 23 19 21 17 33 28 17 19 19 21 24 23 21 21 27 14 18 20 22 27 16 19 17 24 24 20 25 27 18 20 24 21 21 17 21 22 18 27 26 16 21 22 17 18 21 20 29 25 23 17 24 21 21 21 22 31 20 16 28 13 21 24 15 23 24 23 24 26 23 27 20 14 25 25 24 28 21 23 17 26 18 22 18 27 21 18 24 17 22 20 18 17 30 29 25 30 10 22 23 24 19 29 23 17 27 16 15 19 22 12 23 26 21 26 19 20 17 22 25 18 26 17 16 25 20 28 23 23 20 16 23 22 23 19 17 21 19 16 22 26 25 20 19 23 20 20 18 20 25 14 19 30 28 22 18 18 24 23 21 21 20 14 17 28 24 14 17 22 23 20 17 22 27 30 18 27 23 18 16 17 27 22 19 16 24 16 18 16 23 17 26 24 23 21 17 27 32 15 21 27 25 21 20 23 21 19 21 23 24 21 19 23 25 19 20 28 19 24 16 25 22 30 17 28 23 17 23 18 20 23 37 19 19 26 27 18 14 17 17 16 21 26 16 24 28 29 25 26 23 31 25 18 24 18 24 13 16 17 22 16 26 22 22 26 14 22 23 23 21 31 15 25 30 12 22 32 19 30 17 23 13 17 20 19 25 23 22 24 21 32 33 26 16 27 16 17 25 19 19 22 27 17 22 13 21 20 22 24 15 21 30 13 27 8 26 19 23 23 20 19 24 26 19 23 21 11 25 23 23 23 31 21 24 19 28 22 26 22 24 19 13 19 24 26 26 11 18 21 28 22 15 22 17 17 17 20 27 20 17 25 18 14 24 23 19 21 23 22 19 20 19 17 19 26 21 16 20 22 17 17 31 20 23 21 24 12 23 21 19 24 18 23 23 39 14 15 21 30 23 19 31 19 17 21 13 22 25 24 20 21 24 23 18 24 22 25 25 16 25 21 25 25 14 31 20 16 27 30 23 16 22 19 19 19 18 21 16 21 20 23 23 23 25 16 14 19 24 26 19 29 23 23 29 20 15 14 25 13 26 21 20 21 20 23 23 22 23 19 20 22 23 22 26 17 15 16 28 25 15 25 12 28 27 23 24 20 18 18 13 23 28 21 21 18 20 26 20 23 15 18 22 34 24 16 27 17 27 16 17 28 12 21 22 28 19 27 16 21 19 26 25 22 17 19 21 24 18 26 19 20 26 21 24 23 17 24 20 25 23 19 20 20 19 20 17 19 23 11 23 22 22 31 17 26 17 20 18 27 16 21 27 25 29 24 17 21 15 16 20 22 19 19 20 30 24 31 20 20 21 24 23 26 16 11 14 12 21 22 22 27 22 17 18 25 30 23 28 31 20 17 16 19 15 25 20 25 18 18 27 25 15 18 20 17 20 17 25 21 21 26 24 24 20 16 28 13 17 13 25 21 25 17 29 20 17 22 25 23 29 32 20 20 23 25 13 26 18 21 25 23 20 15 22 19 34 23 23 21 23 12 25 21 27 27 21 11 24 24 15 19 15 23 26 13 24 20 19 24 18 24 19 20 25 19 21 22 26 19 23 13 24 24 22 20 26 23 20 26 17 15 25 17 21 20 20 23 27 24 15 22 16 24 17 21 22 19 11 18 23 24 24 11 25 17 26 31 18 19 21 21 16 17 26 28 21 27 22 20 25 22 19 18 23 23 18 24 21 27 26 24 17 23 17 19 23 19 19 27 26 20 21 19 24 22 24 29 28 21 16 14 22 21 20 19 17 21 30 27 26 17 31 15 30 24 26 21 15 21 24 29 23 23 25 18 16 18 22 27 25 25 22 21 27 18 20 31 19 14 27 16 26 16 16 19 25 21 20 20 14 25 14 24 21 24 17 19 21 26 29 21 20 18 21 29 19 25 19 18 12 19 27 23 22 28 19 13 21 17 23 18 21 18 25 16 17 23 27 21 22 20 26 17 28 22 26 17 18 17 18 28 13 22 16 14 19 21 23 22 20 21 20 14 17 16 26 13 14 23 19 16 20 31 21 12 24 17 22 19 23 26 20 19 25 21 19 19 22 17 25 28 18 18 27 21 13 19 23 17 24 22 17 15 21 30 24 19 20 29 20 25 15 17 12 17 15 26 29 18 26 19 15 25 29 22 22 21 19 18 30 25 13 19 20 23 18 30 22 23 15 22 32 15 19 25 14 16 19 20 13 23 25 27 37 23 29 10 24 20 19 17 23 18 22 21 26 22 17 21 18 19 19 21 28 20 18 19 22 20 21 21 25 27 19 19 23 18 22 20 18 26 20 24 21 20 23 26 18 21 24 19 18 22 19 20 24 17 17 19 25 14 30 15 23 22 12 17 23 26 24 20 20 22 25 19 17 12 26 17 14 31 19 20 12 23 11 22 24 20 28 22 17 16 30 22 14 23 23 30 29 17 16 21 23 18 24 21 14 23 20 22 29 31 22 12 25 21 15 26 24 20 21 22 23 21 19 23 23 24 19 26 29 25 9 18 21 30 19 21 19 23 25 25 18 26 13 21 20 16 20 18 24 26 28 22 31 11 15 24 25 17 7 14 24 23 16 20 24 22 19 26 20 18 17 22 17 20 18 15 13 23 20 23 23 18 21 25 24 22 21 22 25 25 24 24 22 21 21 31 19 22 32 28 21 26 24 23 20 13 11 16 21 28 27 15 25 22 25 16 22 16 19 21 30 28 20 12 22 26 21 22 12 18 17 16 27 22 24 18 22 17 19 20 22 30 13 17 18 27 22 25 17 22 20 19 16 23 24 13 18 22 19 22 34 25 24 18 18 26 24 14 16 22 20 26 20 21 21 23 19 25 21 26 21 13 26 19 21 16 31 22 31 17 27 23 23 19 26 23 18 22 19 28 20 26 17 18 15 18 29 19 21 21 19 23 29 21 26 27 17 20 32 29 16 23 24 20 16 20 22 20 18 25 19 25 18 26 19 14 19 24 20 10 27 21 18 20 22 22 17 22 24 17 22 17 23 28 22 23 28 15 24 18 14 13 19 26 28 23 20 30 24 19 23 25 22 16 10 22 16 24 14 25 24 19 24 22 20 17 23 18 26 18 23 13 25 17 19 29 13 29 20 32 26 34 20 16 21 22 18 25 16 21 14 26 30 19 21 30 22 21 21 16 19 11 20 17 31 21 22 22 22 22 26 20 18 24 27 24 14 17 22 24 27 25 18 14 21 27 19 30 23 20 25 17 22 24 19 21 12 15 23 15 14 21 18 23 27 23 19 20 20 21 25 20 14 22 23 25 30 23 22 27 27 15 20 28 20 26 19 23 20 20 21 21 24 23 14 27 22 21 22 32 19 26 23 22 15 23 18 15 18 17 23 27 20 15 18 17 24 22 19 27 24 30 19 15 24 19 16 12 16 20 19 22 17 26 27 30 26 14 19 23 22 18 12 31 25 11 22 15 20 25 21 16 25 16 20 24 22 25 18 20 14 26 23 28 27 21 19 28 17 29 12 15 19 18 18 24 21 18 23 22 22 19 21 25 24 20 20 21 15 17 22 19 18 16 22 24 24 18 17 29 19 26 19 14 22 15 24 23 31 22 24 19 21 20 30 13 28 21 22 18 32 18 18 16 22 26 23 20 24 24 17 22 21 22 15 26 23 15 22 24 18 21 25 14 26 30 22 13 17 16 18 18 15 24 22 21 20 23 24 21 18 23 15 17 30 20 32 22 14 28 19 22 25 26 23 31 21 18 20 15 18 20 26 19 24 18 23 17 21 22 16 24 23 31 19 18 19 18 17 12 24 26 19 29 23 20 14 18 24 20 17 19 24 21 19 17 16 11 33 14 13 25 23 21 22 23 18 36 23 19 18 16 20 21 24 24 20 22 10 23 15 29 21 22 22 23 16 17 19 22 18 26 19 19 25 14 33 19 30 18 18 18 25 13 17 16 19 24 18 31 16 24 15 26 21 23 15 29 11 19 19 19 20 16 23 20 24 22 27 24 28 14 23 25 18 18 24 18 20 10 24 22 17 19 16 17 19 25 24 20 18 22 27 24 27 24 23 21 20 24 19 29 19 18 11 30 21 22 17 18 17 20 22 23 22 16 18 20 24 18 22 20 20 23 20 23 23 28 24 21 28 21 25 18 19 17 20 25 26 20 23 31 19 26 31 22 17 19 18 21 23 27 11 20 22 21 28 23 21 17 26 21 19 18 14 21 22 20 26 22 19 22 24 16 19 23 21 18 18 25 21 12 21 15 25 23 24 17 24 22 24 23 24 17 22 16 26 9 19 23 16 21 19 23 21 24 26 30 19 19 18 19 25 14 17 22 26 17 16 13 26 26 25 23 24 16 20 20 24 22 18 27 28 24 24 14 21 18 27 15 23 36 23 27 14 15 26 16 19 20 26 28 18 14 24 25 17 14 17 30 26 22 16 26 25 21 24 14 18 23 26 25 23 27 22 29 27 28 21 17 21 23 20 14 17 17 28 22 18 24 25 23 18 24 14 18 19 20 25 27 16 12 30 24 32 14 18 19 27 14 28 23 13 22 20 21 22 16 26 20 24 31 16 22 21 15 25 13 21 16 26 21 16 25 21 26 27 23 23 24 20 17 19 14 29 26 13 19 23 23 13 20 22 17 22 21 23 18 23 24 21 18 26 27 17 18 17 23 24 21 26 24 18 26 21 22 26 21 24 21 25 22 12 22 20 19 23 23 24 34 23 10 27 27 19 20 24 23 16 19 19 20 24 25 15 18 18 27 26 12 21 14 16 21 25 20 17 26 24 31 32 22 22 22 17 18 16 24 25 11 25 17 14 24 26 25 22 27 32 26 23 14 19 17 20 21 30 20 22 22 24 26 21 20 19 27 19 28 23 16 21 24 19 21 19 20 20 20 22 19 25 28 17 15 21 30 25 13 21 20 25 28 22 17 17 20 8 19 18 21 21 24 21 20 21 17 26 20 22 26 27 29 11 16 14 30 21 22 13 31 20 19 17 17 20 24 21 19 19 18 38 35 18 18 20 22 19 32 23 17 23 24 16 23 21 15 29 17 25 26 22 22 19 21 29 19 26 25 15 13 17 28 24 13 19 19 22 20 23 20 15 23 27 24 17 25 33 20 13 20 17 21 24 21 17 20 30 16 12 24 14 19 15 29 19 26 22 19 17 26 14 18 22 31 24 28 16 18 21 20 21 30 28 22 21 25 19 26 16 22 19 27 19 23 16 23 14 22 20 19 19 25 20 21 23 23 20 30 24 20 26 13 17 26 20 19 18 16 23 29 28 15 31 19 21 20 20 23 30 12 18 20 24 16 17 17 30 26 21 29 21 14 19 20 24 23 13 21 15 19 18 20 23 22 20 21 17 27 23 22 12 22 27 13 26 27 23 21 23 34 25 20 25 19 19 24 19 26 17 22 16 22 19 23 16 23 26 21 26 15 17 21 24 17 20 18 18 32 20 14 27 25 20 17 24 26 17 20 21 25 27 25 14 20 31 22 26 24 18 18 18 18 18 25 24 19 15 22 22 20 20 16 24 22 24 24 25 32 18 24 17 26 30 24 14 17 29 32 21 21 16 14 16 18 16 17 27 30 16 18 19 25 16 22 21 20 20 22 27 20 23 26 21 25 25 25 22 22 18 27 24 19 20 22 22 25 14 20 16 20 16 22 24 16 25 21 16 24 15 24 21 17 14 15 19 30 27 15 27 32 30 26 23 16 20 19 14 16 31 29 25 23 21 34 22 19 19 17 30 20 21 17 27 20 17 21 15 16 22 23 26 15 24 28 23 28 27 21 25 18 20 17 24 25 23 18 25 26 20 22 23 18 26 23 18 23 18 23 21 24 21 22 19 27 21 19 23 24 29 27 21 25 20 20 20 16 24 11 24 19 29 23 35 26 13 17 17 19 17 21 25 31 22 20 21 21 21 23 20 14 16 13 21 26 16 17 21 19 25 15 18 23 25 28 21 19 29 28 15 19 19 16 29 16 25 21 14 27 31 23 19 19 17 22 22 24 20 21 24 20 20 23 12 16 22 33 28 18 20 22 21 24 21 16 16 29 19 18 22 20 25 21 23 22 22 19 17 24 14 23 18 29 26 16 28 17 12 23 25 14 18 33 18 19 16 22 26 23 23 25 19 21 27 32 14 21 19 22 19 25 19 27 22 22 25 24 26 22 24 16 14 20 16 25 21 25 25 26 21 22 18 18 19 19 16 15 27 20 19 22 17 27 32 22 15 20 22 27 19 24 21 16 12 19 25 21 27 20 21 24 17 18 24 20 19 21 22 30 17 26 22 20 18 28 18 18 22 20 14 23 23 20 20 19 21 18 31 24 18 20 23 27 24 27 26 16 23 16 34 21 24 21 27 21 15 25 25 22 33 18 30 21 22 23 30 23 27 20 22 18 22 10 26 22 15 21 25 19 21 17 24 19 14 21 23 14 24 18 28 20 20 18 18 26 24 20 24 18 23 27 16 19 19 17 15 22 17 29 26 16 23 29 28 20 23 13 18 26 15 20 21 27 15 17 18 21 20 21 17 14 26 19 14 19 23 22 22 30 23 18 23 21 28 20 17 15 25 21 21 19 28 21 25 10 23 23 18 15 15 20 16 17 25 24 22 17 25 25 10 17 25 27 19 18 23 30 17 21 14 24 19 20 18 20 19 21 22 23 19 14 25 26 19 17 17 23 18 18 17 25 23 21 30 16 15 23 19 21 23 26 20 26 24 16 20 25 14 27 25 19 28 20 16 19 27 20 19 21 31 20 22 22 20 25 16 25 19 20 25 20 24 22 24 23 17 32 24 15 22 14 24 33 19 14 20 19 27 28 27 21 23 23 16 21 19 25 19 24 25 30 16 23 15 15 15 22 18 26 14 16 17 20 21 23 23 25 30 20 22 19 15 22 19 16 23 19 21 20 20 23 28 25 27 21 18 16 23 22 21 23 18 17 26 18 25 16 17 21 16 24 18 22 23 20 19 17 19 25 25 20 23 21 18 23 18 18 22 25 23 28 24 19 18 20 15 16 21 28 20 17 23 23 28 24 16 30 20 25 12 25 22 25 26 26 20 28 21 19 23 14 21 14 28 18 18 26 19 25 25 16 24 23 17 27 21 25 19 17 14 18 22 20 24 19 23 15 22 24 23 20 15 24 18 27 24 20 26 20 23 24 21 22 12 24 23 18 20 27 19 19 27 21 18 24 25 16 27 18 21 25 14 20 25 21 22 17 20 21 19 23 29 28 25 25 24 15 22 24 24 20 14 14 14 23 25 24 21 18 23 16 23 25 10 28 20 23 19 18 21 18 19 30 25 28 28 20 18 24 25 20 22 22 21 16 25 23 19 14 25 24 14 22 19 19 24 24 16 25 26 22 22 21 15 20 17 22 27 27 12 10 25 22 18 21 21 24 17 31 21 27 28 18 24 17 27 23 20 24 18 19 18 20 17 17 26 23 28 15 20 21 24 19 16 24 21 26 16 24 23 23 25 12 26 13 23 36 28 13 23 24 23 19 20 17 20 24 17 20 19 23 30 20 28 18 21 22 21 25 21 16 12 20 17 21 24 25 23 16 26 21 18 20 19 20 25 16 11 22 23 22 22 26 30 20 24 21 15 20 26 24 19 18 21 19 23 16 24 29 23 15 21 26 26 27 12 22 24 19 23 25 19 19 24 16 26 23 24 21 27 29 27 17 20 24 19 18 20 19 14 19 19 40 19 20 24 24 20 23 21 23 30 19 19 18 24 29 24 22 15 26 17 22 11 20 25 19 20 26 14 27 26 22 19 26 17 27 20 17 29 27 20 27 21 21 26 14 20 13 22 16 21 27 20 24 21 15 21 23 21 24 21 24 17 27 19 12 20 21 11 19 17 23 22 18 21 19 20 24 25 18 24 19 30 23 18 16 25 32 21 20 16 24 25 15 17 23 22 17 17 19 32 27 20 25 24 29 15 17 14 24 27 12 28 19 26 21 20 25 30 20 23 26 20 13 27 20 25 17 23 27 20 15 16 17 24 17 23 24 22 24 17 29 33 22 21 17 21 22 24 22 22 17 15 33 22 25 21 24 27 21 20 22 18 25 22 29 19 21 28 27 27 27 20 24 17 18 25 18 26 15 21 21 24 18 25 15 29 26 22 22 19 24 16 22 21 26 21 26 21 22 17 20 27 15 19 30 28 25 26 19 20 20 18 22 16 16 18 23 22 23 20 20 18 17 15 14 22 20 28 17 18 19 23 14 21 21 28 22 17 25 16 17 16 24 19 19 30 22 20 21 29 16 10 28 18 26 19 15 19 34 17 21 21 21 13 24 21 21 23 31 22 24 20 10 26 26 20 29 18 21 14 32 26 20 20 16 19 16 19 28 21 22 19 14 25 18 15 11 26 25 25 24 8 21 17 22 20 22 28 27 24 26 19 19 21 22 26 23 22 29 24 21 25 21 21 24 26 14 28 18 29 13 21 18 30 16 17 18 22 23 18 21 16 31 23 27 20 28 24 25 23 22 23 19 17 23 15 24 17 23 20 22 16 18 18 24 19 23 29 25 15 14 20 20 27 21 25 16 20 26 15 26 32 24 17 23 22 17 20 31 20 25 12 24 18 20 19 27 17 15 32 21 28 26 24 23 18 17 22 25 18 18 23 20 20 20 19 20 24 18 23 16 21 31 21 25 17 24 16 23 25 21 26 20 22 17 19 21 11 15 14 22 18 15 23 23 22 24 25 25 19 23 12 16 22 18 27 24 18 23 22 23 17 22 27 29 28 23 24 16 22 22 24 25 17 12 20 24 21 28 20 18 22 21 19 19 19 30 22 21 17 28 28 21 30 26 25 26 20 26 19 20 18 14 30 25 15 26 19 21 15 20 20 26 23 22 22 14 27 23 21 22 21 26 21 16 28 28 15 32 17 16 20 29 21 24 22 19 25 30 27 23 21 18 17 30 19 24 17 22 24 26 21 20 28 21 22 22 18 26 25 27 22 21 21 25 22 25 24 18 21 26 18 15 17 25 27 31 23 27 15 22 25 19 21 22 14 12 21 16 16 27 17 28 19 22 12 23 25 20 27 20 25 21 21 21 13 21 26 19 20 19 18 32 15 18 19 18 31 30 19 17 13 19 21 24 19 24 30 19 22 19 27 32 15 24 17 26 20 21 26 17 27 27 25 23 18 19 20 17 19 24 18 23 28 23 27 15 24 10 21 29 17 22 20 22 16 26 23 26 21 12 26 24 14 17 16 30 21 20 20 26 23 18 25 36 29 20 35 25 21 15 20 24 24 25 17 20 19 19 16 23 20 14 26 25 17 21 23 20 19 19 24 15 15 13 20 34 23 18 22 15 27 18 18 18 21 24 22 19 26 22 29 15 20 20 21 32 18 12 20 25 22 10 26 17 17 18 18 19 33 19 28 25 20 19 21 22 16 19 22 10 23 17 24 24 22 18 21 28 26 24 21 24 22 25 23 19 13 21 30 27 20 27 31 25 17 17 25 25 21 16 16 20 22 22 23 20 18 24 24 23 17 21 23 22 18 27 22 19 16 21 23 22 24 22 27 22 21 22 18 18 25 19 21 21 27 22 27 20 22 11 23 15 25 21 25 27 23 21 14 32 23 24 21 18 20 19 15 32 23 21 24 20 17 23 27 19 17 18 26 24 17 15 24 28 24 29 26 16 17 20 19 12 28 23 23 21 14 14 23 30 24 17 17 16 18 24 21 19 20 14 21 19 27 18 22 20 21 29 16 19 14 19 26 21 21 24 20 26 15 25 24 22 23 23 20 17 27 26 22 18 18 30 23 26 24 17 16 24 29 18 25 22 19 11 18 25 21 23 18 20 18 20 21 26 19 24 20 20 17 24 22 20 17 26 27 26 21 19 19 24 22 25 23 24 20 27 20 31 26 23 23 27 16 29 17 30 24 25 19 21 20 17 25 23 20 26 21 23 15 13 15 17 22 27 24 15 31 27 21 23 16 16 17 15 23 16 29 26 16 23 22 21 23 20 13 21 22 28 26 28 13 19 20 23 21 21 30 21 23 26 26 20 23 19 17 21 21 21 23 20 14 20 21 17 18 22 25 27 16 22 20 20 22 23 29 25 21 24 23 21 23 21 24 20 21 25 16 23 18 19 22 20 22 27 20 23 20 23 19 24 17 24 17 19 19 23 25 20 28 22 24 25 23 16 25 27 16 21 20 16 15 26 26 32 21 16 22 23 22 14 14 16 23 20 23 27 19 20 26 16 26 26 16 16 17 20 18 21 22 32 16 15 21 27 18 16 23 20 13 26 28 22 20 15 15 18 18 30 23 19 23 25 20 19 20 24 22 15 22 26 25 24 22 21 27 20 12 22 18 22 20 21 20 25 9 19 13 24 19 19 16 17 20 17 21 35 25 18 27 10 27 23 18 20 15 23 24 25 22 17 25 22 17 20 18 17 24 19 28 13 24 20 16 32 19 22 17 25 18 16 26 26 15 20 16 20 19 24 16 29 17 28 19 22 21 28 24 20 22 25 20 28 28 22 22 19 16 25 27 20 29 19 24 22 30 28 25 25 24 15 25 20 21 26 20 23 19 20 11 16 19 13 31 31 16 19 15 24 23 26 29 21 20 21 12 22 30 21 23 22 26 18 23 20 26 19 23 24 19 22 16 26 18 21 24 26 22 30 19 16 16 17 22 22 30 13 20 20 25 26 18 18 22 19 21 17 22 30 16 17 21 24 25 21 23 25 22 18 20 19 25 17 10 17 23 30 20 12 15 15 29 19 18 24 16 23 17 23 31 27 26 19 24 24 30 20 18 20 22 19 23 29 19 20 22 29 18 14 24 22 21 23 18 16 18 19 19 20 29 26 16 25 13 17 22 18 12 19 17 20 20 26 19 16 20 31 19 24 23 22 25 20 25 23 21 28 24 18 28 30 13 22 24 19 20 22 19 26 20 23 23 20 21 22 14 24 22 18 23 27 10 28 23 13 24 23 18 26 24 20 20 21 26 15 17 25 17 21 23 22 17 15 21 27 25 22 23 17 17 25 26 33 18 24 17 18 19 20 22 16 14 26 22 25 21 31 22 25 23 14 21 28 19 21 19 20 29 26 13 24 14 27 23 16 24 21 16 33 17 17 23 21 15 20 18 21 22 23 15 13 24 22 20 19 22 20 28 23 17 26 29 25 26 24 24 29 12 18 27 16 22 19 20 19 20 21 18 18 27 27 17 29 20 18 26 16 29 23 19 27 20 23 24 19 19 28 23 31 23 17 21 13 28 23 15 20 26 19 22 21 17 17 20 17 19 23 25 23 15 26 20 18 24 25 23 28 20 19 22 19 25 15 22 22 22 26 28 20 25 11 17 19 20 23 22 30 19 27 24 19 16 18 17 18 22 16 17 18 21 17 20 18 25 20 22 12 25 22 21 28 17 10 20 19 25 25 16 19 23 15 32 20 21 21 13 25 26 22 33 17 16 23 20 17 24 23 19 12 33 22 12 12 21 21 25 22 20 24 24 21 24 21 25 23 27 19 12 21 18 22 20 14 17 18 13 22 27 16 20 20 27 24 18 16 22 17 22 20 26 25 27 23 18 20 19 19 22 24 27 23 19 23 19 19 18 32 18 22 14 16 24 24 14 17 19 19 21 26 25 22 30 23 24 9 11 23 21 21 19 26 22 24 23 29 21 23 18 20 13 25 21 22 24 15 23 17 25 20 17 18 15 19 22 20 23 17 25 22 16 29 21 30 15 22 18 23 20 23 27 18 19 26 22 18 20 27 25 15 15 16 21 19 31 25 17 19 31 19 21 26 16 22 10 25 20 16 22 22 22 21 20 32 23 21 27 16 17 18 20 20 20 25 24 25 26 25 18 18 22 22 20 21 22 23 17 16 22 23 14 22 19 27 26 24 14 21 31 22 15 20 18 19 27 27 14 18 18 15 10 22 18 20 18 22 22 18 16 16 24 24 26 20 24 20 20 24 18 21 25 19 17 26 23 12 23 33 23 15 15 17 36 16 22 17 27 17 25 13 31 17 19 18 18 32 19 24 18 16 19 19 26 11 22 21 19 20 19 18 22 15 20 21 15 28 15 17 11 26 22 21 24 26 23 15 20 25 23 19 14 15 20 21 23 24 27 23 18 20 17 26 22 17 23 24 25 16 13 24 19 20 21 23 26 22 25 26 26 18 24 18 19 27 26 19 13 19 24 22 26 26 25 19 28 27 21 21 21 17 33 19 22 14 27 25 20 17 13 18 22 19 26 28 23 22 20 25 16 23 16 24 17 20 29 26 15 20 26 19 31 14 27 20 21 23 23 27 27 27 17 14 22 25 20 18 27 24 25 24 22 18 22 21 19 24 28 25 29 19 21 25 15 24 16 20 14 25 21 26 21 15 20 23 22 21 23 27 16 20 22 31 26 20 20 27 23 16 17 18 23 15 16 22 18 17 22 19 17 22 16 29 13 24 20 22 23 21 22 14 19 28 21 18 19 26 32 30 17 14 19 16 16 19 24 13 26 12 19 19 13 25 20 26 24 17 20 23 21 23 26 28 25 25 17 27 21 21 17 24 17 21 19 23 22 16 19 21 27 20 24 16 29 28 22 19 15 26 24 27 23 20 12 17 31 16 16 23 11 20 10 19 29 24 23 20 19 18 25 17 27 15 19 32 14 19 22 25 18 14 25 15 32 18 26 23 18 23 16 23 23 21 22 26 22 24 19 22 14 17 19 18 29 24 21 22 24 19 24 20 31 18 20 26 27 21 16 24 12 24 18 21 19 32 25 24 17 18 21 16 27 19 19 24 15 21 20 24 18 22 12 27 21 17 14 19 28 25 22 23 20 27 27 21 16 25 20 18 23 22 24 31 24 25 18 19 12 32 19 24 17 22 14 20 24 17 21 19 37 16 20 20 19 19 20 23 32 14 24 18 23 32 18 19 18 14 16 21 22 23 24 19 15 26 24 22 24 10 24 17 27 28 24 33 22 17 16 13 29 21 26 16 18 22 15 25 20 32 17 22 26 17 9 18 21 30 19 14 26 16 22 21 16 24 22 26 19 25 20 26 20 18 23 19 18 20 22 20 20 26 18 22 16 36 27 20 17 17 33 18 19 20 16 27 18 26 19 27 23 14 24 20 16 19 18 23 25 26 22 21 18 19 23 21 19 20 20 24 23 22 22 28 17 27 22 23 22 18 19 29 16 21 24 13 29 25 15 22 14 12 18 18 26 33 30 18 29 23 21 19 24 17 22 14 21 16 25 17 18 23 20 23 25 17 23 18 19 20 14 20 22 19 19 17 20 22 22 20 22 14 21 19 24 19 25 21 23 25 20 21 14 20 30 26 10 20 18 23 21 20 25 24 13 21 15 21 20 17 21 17 24 22 21 16 21 27 15 26 18 23 14 29 20 22 29 14 19 26 24 16 26 30 20 21 12 20 27 25 22 24 22 24 16 26 18 18 17 24 24 25 20 15 19 23 21 17 21 24 21 24 25 22 17 19 19 22 22 25 27 15 24 25 30 21 16 21 29 16 21 15 24 28 15 28 16 24 28 16 28 21 20 19 22 20 15 23 19 17 23 26 23 18 25 18 20 25 28 20 25 18 25 18 22 20 23 22 18 23 22 22 23 29 27 22 21 15 22 21 22 14 18 18 23 20 20 27 15 23 14 25 22 29 20 22 24 15 19 27 29 28 26 22 25 16 19 31 20 22 26 24 20 21 18 18 15 30 23 16 23 27 16 28 20 23 17 19 19 27 19 28 15 19 15 17 14 21 22 21 25 26 19 20 22 25 21 23 19 19 25 28 31 18 22 25 21 21 19 17 17 21 25 28 20 20 23 19 20 15 23 23 29 16 25 15 20 19 25 23 22 27 19 26 19 21 18 15 25 16 16 22 24 30 17 19 21 25 22 32 13 16 21 23 25 14 18 16 22 11 27 29 20 17 23 16 24 16 27 23 21 18 17 22 21 30 20 22 18 20 14 22 22 21 25 23 18 25 19 16 24 33 24 27 18 22 25 15 26 17 26 23 23 26 15 18 23 21 25 26 29 18 22 17 20 24 21 21 24 20 13 13 23 20 28 24 25 22 24 25 21 24 23 24 27 22 16 19 21 19 12 20 33 26 28 19 14 26 16 21 20 19 17 23 22 23 31 18 23 17 16 22 18 25 14 27 20 17 13 31 23 17 18 27 27 17 17 17 18 20 23 21 17 28 22 10 20 24 25 15 21 33 17 23 19 21 20 21 19 19 19 10 22 23 16 19 26 18 14 26 19 21 30 16 20 15 25 20 20 19 20 24 23 24 21 27 24 16 26 27 23 16 30 20 32 23 23 15 21 18 22 27 22 21 21 16 21 25 28 23 18 21 21 15 17 21 22 22 14 17 18 30 25 24 16 29 20 22 16 16 19 21 23 27 25 22 19 23 18 19 17 20 19 19 26 20 15 16 32 23 21 20 26 23 16 19 20 13 23 26 21 21 30 18 17 20 21 16 21 14 16 25 17 16 26 21 15 21 32 25 22 26 17 23 18 21 10 12 21 17 23 22 17 19 24 16 19 21 19 20 26 28 20 25 18 24 33 19 19 23 25 22 19 13 17 20 18 16 16 19 23 25 15 27 20 22 23 17 22 20 18 18 20 27 28 15 22 20 20 24 21 21 17 13 18 12 15 20 30 27 31 13 20 28 18 18 22 18 20 23 19 19 19 22 18 20 22 22 15 25 17 22 14 24 27 22 17 26 16 28 19 25 17 19 24 19 30 25 21 24 19 20 22 17 19 16 26 19 25 20 21 20 20 16 24 26 21 24 24 17 20 25 24 22 24 24 20 24 17 18 16 24 24 18 28 21 31 28 22 15 21 20 20 23 17 21 31 16 18 26 24 21 18 20 22 24 23 20 16 22 16 14 15 20 24 14 20 18 23 26 26 30 18 20 19 14 20 21 18 20 18 24 20 18 20 15 17 20 17 20 24 31 16 18 26 32 16 26 21 22 21 20 18 18 27 23 21 26 27 18 22 18 27 18 19 15 14 18 23 27 18 15 22 23 20 25 20 27 19 15 20 14 21 14 27 31 27 16 24 14 18 19 20 20 33 21 23 28 24 22 18 18 22 26 19 18 23 19 22 19 20 24 16 17 19 18 21 25 21 23 31 17 21 20 28 18 31 21 18 22 25 18 24 15 22 15 19 30 27 18 15 30 23 22 18 20 24 21 21 19 21 12 13 20 24 26 21 18 13 17 21 24 25 26 27 22 19 26 17 23 22 18 16 22 23 17 22 24 16 20 21 20 21 23 26 20 27 18 23 24 16 18 19 27 16 19 19 21 18 21 28 25 22 16 25 23 22 13 24 18 19 21 17 29 21 20 21 21 20 22 26 20 13 20 29 19 25 18 23 10 16 15 24 20 15 14 24 27 23 22 28 24 25 24 24 23 14 18 23 24 17 19 18 25 25 18 23 21 27 22 31 25 19 16 16 24 26 25 20 20 16 26 17 21 13 17 30 27 23 25 27 20 19 18 18 17 18 19 22 24 29 18 19 21 22 21 25 16 25 10 23 18 22 18 22 31 17 30 15 20 23 22 17 12 15 23 25 16 13 26 24 20 18 23 18 23 19 25 19 14 21 23 20 22 24 28 30 18 23 23 25 22 20 16 24 24 21 20 19 30 22 25 23 14 17 16 15 23 27 28 21 22 16 27 21 16 17 24 21 22 18 25 23 25 16 19 15 20 18 21 23 27 25 19 17 20 17 19 22 25 28 24 25 17 19 17 14 25 14 18 26 18 15 28 25 14 22 13 16 17 16 25 30 17 16 20 24 20 27 23 25 27 15 17 24 23 23 23 22 29 20 29 21 18 15 22 23 16 24 22 10 27 15 25 17 25 23 15 19 23 23 25 21 25 24 19 20 22 16 20 20 24 20 18 30 20 20 21 25 24 17 27 20 15 22 17 16 21 25 18 29 29 25 25 27 15 22 14 24 22 18 26 23 32 22 18 22 24 18 26 18 24 24 22 31 26 24 14 22 24 21 22 20 20 23 16 31 20 19 22 18 21 15 22 19 21 15 35 27 16 14 21 15 18 21 28 19 31 21 24 24 17 15 20 22 28 17 24 20 20 17 17 13 18 27 29 23 21 28 16 21 23 22 22 17 26 10 27 14 22 21 22 21 15 24 17 21 19 21 20 26 21 18 19 22 22 27 23 27 23 20 18 16 18 25 12 14 20 23 20 25 12 20 24 29 16 17 12 25 22 23 25 22 13 30 21 26 17 22 22 28 19 17 21 21 23 20 17 21 20 19 19 22 13 20 19 22 14 18 22 17 23 23 27 20 25 18 17 18 16 25 21 19 26 17 20 22 15 14 24 26 19 21 22 29 22 19 19 25 20 27 33 22 22 26 11 31 14 19 17 14 13 23 18 26 22 25 25 22 21 27 25 23 22 19 25 16 21 14 16 17 22 25 16 27 24 22 23 20 24 21 31 22 23 13 23 22 16 31 26 12 22 20 21 26 20 20 21 24 12 29 15 21 20 27 19 24 23 18 28 18 22 16 16 14 20 24 19 23 21 21 23 16 20 19 27 26 13 16 13 22 23 24 21 13 24 25 23 16 27 24 19 19 15 14 25 25 25 18 13 15 25 24 29 22 21 12 26 19 19 18 22 25 20 25 20 20 22 15 26 21 22 18 15 19 20 18 12 20 29 20 22 21 19 19 23 19 20 18 20 22 21 15 25 25 18 16 28 16 25 17 27 20 17 22 26 28 21 22 17 19 23 25 21 22 23 13 24 25 14 20 29 23 14 19 23 22 28 27 19 29 24 19 24 22 21 28 14 18 22 21 17 17 15 23 24 21 21 23 16 11 24 22 20 19 11 27 27 18 26 25 19 25 29 17 24 24 19 21 17 15 17 25 21 17 19 27 19 14 25 17 24 22 27 23 20 30 20 18 16 17 17 20 24 26 26 18 15 22 23 21 29 29 13 22 26 17 16 20 15 17 29 23 19 22 19 18 32 24 22 13 21 30 20 20 21 27 20 14 18 19 26 18 24 26 22 16 21 29 25 21 16 21 16 26 20 21 17 24 16 27 21 27 31 17 20 15 20 21 17 19 24 16 28 15 18 16 21 19 20 22 25 20 23 17 16 23 16 24 24 17 13 19 25 21 14 22 23 25 25 31 32 13 20 13 18 18 17 29 13 13 28 24 20 28 20 16 24 23 17 19 29 23 22 24 18 18 16 28 19 18 21 14 24 14 22 22 19 16 20 24 27 23 16 25 18 26 23 19 20 23 19 21 23 16 20 25 30 23 24 20 20 20 16 17 15 23 21 17 26 28 20 18 18 22 20 16 18 17 24 21 25 17 26 22 20 23 25 16 19 22 19 18 34 21 22 27 17 22 19 26 20 21 18 17 18 16 20 20 21 26 22 25 17 18 27 22 20 18 20 25 20 24 26 27 18 22 20 20 23 12 12 21 18 22 29 21 15 26 21 25 23 25 14 25 26 16 28 23 20 18 22 21 27 25 13 20 22 24 22 25 23 23 24 21 22 20 14 28 16 16 21 22 21 20 25 19 23 24 29 17 15 21 22 21 33 21 25 15 20 30 21 16 22 20 19 26 21 17 25 20 18 22 21 21 28 21 21 20 22 25 23 25 22 21 20 24 26 18 20 18 20 16 21 12 19 16 14 22 28 23 13 29 20 22 26 18 14 21 25 23 20 23 27 19 25 24 28 14 21 27 18 18 23 11 27 18 19 16 23 22 22 30 29 26 20 23 25 16 13 22 11 20 21 23 14 12 21 23 20 26 23 21 20 25 12 17 18 18 18 29 22 13 20 14 20 26 17 26 25 26 25 14 22 20 14 23 19 16 19 14 26 24 25 29 26 11 21 17 13 24 17 26 18 20 26 22 18 18 19 24 24 20 14 24 15 24 17 19 20 20 23 20 22 20 16 21 25 24 19 23 18 22 15 13 17 20 24 20 20 18 25 19 24 22 22 20 20 21 19 15 20 22 26 15 16 21 25 33 22 30 16 21 27 23 18 21 20 14 24 23 16 30 19 25 22 18 19 17 26 24 22 21 21 17 28 17 16 17 22 19 27 19 30 27 18 21 18 27 18 23 21 22 23 22 19 22 24 30 27 22 19 27 21 20 21 21 15 18 22 18 25 26 20 16 24 28 17 20 18 22 25 21 23 31 17 13 26 22 16 26 26 10 16 20 26 14 21 22 31 23 22 19 23 20 21 16 32 20 24 27 18 18 23 24 26 25 18 26 18 19 15 20 17 22 27 17 21 19 26 20 12 32 20 28 21 25 14 26 24 17 29 21 24 21 14 23 22 24 28 18 23 24 18 22 18 21 19 16 24 12 20 23 20 20 21 27 18 26 28 19 24 29 20 24 22 30 25 23 27 17 26 26 19 20 22 19 29 21 16 21 16 23 16 20 19 23 26 16 11 29 29 26 29 21 28 23 12 22 19 20 21 34 13 23 19 17 17 25 13 12 24 21 21 25 17 28 28 17 24 25 14 25 16 24 21 19 15 16 17 23 16 26 22 22 33 12 12 23 24 16 20 15 20 25 16 21 21 21 22 22 19 15 16 22 26 15 26 26 21 22 16 22 24 18 20 16 19 24 27 27 26 27 20 24 15 24 19 20 16 18 21 19 22 11 21 20 23 27 25 24 17 21 15 28 16 18 21 26 23 24 31 15 18 18 17 19 15 29 17 22 15 23 15 13 22 30 19 16 21 19 21 27 17 21 23 15 25 26 22 23 21 21 20 15 19 22 16 24 28 28 25 25 17 34 17 19 27 18 22 18 14 17 28 23 21 22 23 29 29 24 23 18 10 16 23 26 23 21 22 8 34 12 24 15 17 18 25 21 25 25 17 18 17 21 19 24 22 24 25 27 23 22 19 17 21 16 21 25 29 20 23 20 19 27 18 15 17 23 22 24 26 30 22 29 16 32 19 19 17 16 24 16 16 18 18 22 24 18 16 26 24 21 26 21 23 13 25 22 24 18 19 22 14 23 25 19 20 18 18 21 24 22 19 17 22 25 18 24 21 21 31 29 17 13 20 18 20 26 22 26 19 16 15 19 20 27 27 21 26 26 16 22 13 22 25 23 19 19 19 19 26 15 24 23 20 28 18 27 23 18 25 24 13 16 22 16 22 30 17 15 19 27 31 19 17 27 26 18 27 28 17 24 26 26 19 20 28 24 20 20 24 20 24 22 26 19 26 14 26 25 18 26 22 14 20 21 15 17 28 24 27 21 23 19 23 29 21 20 20 19 17 23 27 16 20 24 21 20 24 30 17 25 16 24 17 21 25 17 16 14 25 23 24 25 22 23 25 19 24 17 26 21 21 28 24 21 24 20 17 27 16 21 23 18 21 19 23 25 20 11 26 25 31 15 26 13 18 24 21 21 18 18 17 27 29 25 17 14 25 21 12 21 19 25 19 23 16 21 31 17 18 15 18 14 20 27 27 20 23 23 30 27 19 13 19 21 27 19 18 19 25 32 24 14 21 19 13 13 28 10 21 27 15 22 22 25 20 12 28 22 23 18 17 8 24 20 26 17 10 23 27 18 13 17 19 26 19 17 27 21 27 19 25 24 32 30 23 22 19 22 22 23 18 19 26 17 21 22 27 24 17 14 20 18 23 16 20 23 20 26 26 18 20 16 16 18 17 35 19 14 19 22 17 30 21 21 23 15 18 28 17 17 17 24 22 24 25 25 24 17 19 28 30 18 13 17 21 13 21 23 23 22 11 20 27 17 14 23 29 24 26 25 20 22 24 26 20 25 17 25 17 21 24 20 19 13 24 22 15 26 17 21 16 21 22 22 34 22 8 20 19 19 20 14 24 20 15 20 31 21 15 18 28 21 18 26 17 22 21 23 28 16 15 14 26 14 12 16 28 13 21 23 27 26 16 19 21 31 20 24 15 15 17 18 26 24 18 23 15 18 17 20 24 17 26 18 15 22 26 17 21 23 24 19 27 14 26 26 28 14 21 29 16 18 14 16 20 23 26 20 19 19 24 13 22 21 22 25 24 20 27 28 23 23 21 23 17 18 23 16 26 20 15 30 19 23 21 31 17 28 19 17 26 21 27 14 25 25 21 17 19 24 23 18 28 17 26 18 27 14 28 25 25 25 14 21 20 20 22 19 25 18 14 16 19 30 29 23 15 24 22 13 21 15 21 31 26 23 30 18 17 20 24 26 22 23 27 15 20 20 16 18 24 26 23 19 20 15 28 15 27 23 30 18 23 29 23 15 18 19 17 22 22 22 20 20 16 23 27 19 19 16 27 15 18 23 24 22 17 18 19 14 21 18 20 26 27 17 24 11 20 20 26 21 29 21 25 21 21 20 25 24 17 18 22 29 22 23 17 13 28 25 19 16 21 31 18 22 18 17 18 17 12 15 19 20 26 23 23 20 16 15 31 22 16 22 22 23 26 28 25 17 21 19 17 20 17 18 21 27 21 24 18 24 17 19 22 24 31 21 24 15 32 26 16 22 19 27 21 24 18 17 25 17 16 19 20 19 16 21 22 19 26 20 23 20 24 24 24 19 21 21 23 15 28 19 16 19 20 13 24 21 20 15 20 22 27 25 25 20 12 28 21 21 30 17 20 17 16 21 20 18 29 18 17 24 22 22 28 24 25 21 27 24 31 19 19 29 28 26 23 21 21 19 20 18 14 23 26 21 23 25 23 29 17 25 18 20 14 24 25 15 22 19 22 15 14 17 22 24 22 18 19 21 15 22 26 16 28 18 20 22 21 16 18 22 25 23 23 19 21 22 30 22 15 17 17 27 30 12 12 13 18 28 28 7 27 29 31 23 20 19 20 24 30 16 18 22 19 17 21 22 19 23 17 15 25 17 22 24 24 17 37 29 17 24 16 16 20 25 17 7 22 30 25 17 21 24 15 29 21 16 15 28 17 27 13 25 20 19 19 31 16 22 24 12 13 19 18 21 26 21 21 21 23 20 22 15 21 23 17 24 18 27 22 18 31 21 21 27 16 18 24 17 15 26 22 22 27 22 23 15 18 15 20 25 22 17 16 26 19 18 28 21 16 22 18 24 15 18 18 20 28 18 16 19 25 18 20 25 20 23 23 24 34 15 17 14 23 20 15 18 23 24 30 19 20 25 19 17 22 25 25 22 27 11 21 14 24 23 20 21 22 23 26 17 20 26 18 24 23 28 25 26 25 9 14 20 25 22 21 20 25 24 19 20 15 26 21 17 24 27 26 19 27 12 23 25 24 20 14 20 19 20 27 23 26 18 20 17 17 21 36 17 21 23 21 22 19 23 24 25 16 15 22 27 21 16 30 18 22 21 23 22 20 17 24 20 19 26 16 13 22 15 18 25 22 19 20 24 23 22 25 22 16 22 24 19 31 25 20 8 11 28 22 20 29 25 22 14 25 28 15 16 19 17 24 16 19 21 27 22 22 17 33 23 19 29 19 21 28 22 10 17 22 24 24 30 18 12 26 12 24 29 22 17 21 22 19 15 23 27 28 25 25 26 21 29 20 22 20 17 18 13 31 17 25 22 21 30 21 16 20 19 17 23 24 29 23 25 15 16 17 19 24 19 19 21 21 25 21 16 12 24 24 15 24 24 19 25 26 22 16 27 20 18 21 19 17 22 22 18 20 23 28 25 23 20 34 19 15 26 15 19 24 20 23 24 20 21 19 10 26 17 17 20 25 15 30 14 22 17 24 21 18 25 24 18 18 17 22 16 22 18 19 22 16 21 21 14 19 18 24 21 14 24 18 23 24 21 27 28 15 26 21 15 17 24 18 21 25 24 22 15 23 25 23 17 19 23 15 11 25 19 25 22 23 20 11 23 28 29 14 18 17 22 23 26 18 20 31 19 18 24 20 22 17 20 27 20 24 25 17 23 16 28 22 20 13 26 25 13 27 17 20 19 17 25 18 27 18 17 24 23 22 22 20 22 25 20 31 23 24 27 24 15 26 16 12 23 19 14 18 23 28 26 17 24 25 14 17 19 15 21 21 17 21 19 21 21 12 21 16 18 17 25 17 25 20 16 23 29 22 18 15 24 24 18 23 27 26 21 12 19 25 20 19 15 27 24 15 20 16 25 18 25 15 18 24 20 17 19 22 19 27 23 23 19 20 26 27 15 17 22 15 21 29 27 26 33 22 23 16 21 18 30 26 22 16 20 19 19 17 16 18 13 17 23 23 27 22 20 20 22 24 23 15 17 12 23 22 35 14 12 11 22 14 32 19 19 24 21 20 29 20 18 19 31 27 25 19 19 18 18 24 24 27 18 18 23 23 20 20 20 21 15 22 18 21 22 21 23 18 28 17 21 13 28 27 21 21 22 25 21 29 25 20 20 20 18 21 18 19 16 33 20 22 25 22 22 17 23 17 17 25 25 25 20 33 27 23 20 17 16 11 20 12 21 15 23 30 32 24 25 12 17 20 17 19 22 24 20 26 19 18 24 25 20 23 23 21 19 23 26 29 22 11 29 19 20 15 16 17 25 29 21 14 11 30 18 25 25 27 24 26 21 18 13 19 20 18 13 18 20 18 17 26 20 29 19 24 23 25 24 10 27 23 24 21 28 22 23 12 26 23 18 28 14 23 25 23 20 16 19 27 25 18 17 15 29 22 22 21 29 18 17 12 18 17 26 27 23 23 18 27 25 20 22 17 19 20 29 19 16 20 23 20 13 23 30 19 30 22 12 20 28 19 18 21 17 28 19 22 15 23 18 27 27 18 17 16 17 23 26 18 20 20 21 27 17 14 22 19 29 22 10 22 23 20 31 22 18 21 25 28 31 17 22 22 25 25 26 23 23 26 20 23 23 22 21 20 15 25 21 26 22 23 23 10 28 30 15 18 16 26 24 16 20 25 25 22 19 16 16 24 17 27 18 23 20 23 21 27 21 17 25 16 24 28 21 27 15 18 24 14 20 23 22 18 18 19 20 29 23 15 32 20 24 19 29 17 23 19 18 19 24 13 18 21 23 16 27 25 20 23 22 19 19 20 18 22 20 16 21 21 18 19 17 23 24 16 26 13 24 25 33 16 20 19 22 14 27 15 25 21 29 29 12 22 23 26 24 13 27 28 17 18 20 27 12 21 18 22 22 26 17 21 18 20 27 21 26 19 23 13 28 14 24 28 17 25 19 22 22 9 21 21 23 18 17 14 17 20 26 29 23 15 17 16 26 19 22 17 17 20 22 19 23 26 25 17 19 15 25 20 29 22 19 15 17 19 23 25 17 24 19 26 16 18 25 15 23 16 23 21 18 29 25 23 23 19 23 23 19 23 18 18 28 18 23 24 23 27 24 19 18 19 24 20 19 24 20 24 15 20 19 26 19 22 23 32 28 25 19 20 19 21 24 20 17 24 20 27 19 29 26 31 20 16 28 23 22 18 23 27 19 28 18 28 23 17 15 27 14 30 21 31 21 20 20 22 22 23 17 22 19 23 23 21 19 16 19 24 18 22 23 24 19 30 21 22 14 17 25 23 17 19 16 24 15 16 22 15 26 33 21 17 34 17 24 17 25 23 19 21 21 16 23 22 20 24 19 27 27 26 20 30 22 21 22 20 14 20 21 24 25 11 25 20 24 18 12 30 18 18 21 16 33 21 21 19 15 30 26 21 19 23 17 22 26 16 20 20 14 25 24 24 15 20 24 14 18 23 24 20 18 16 19 19 20 32 27 18 23 14 19 20 25 27 22 20 22 30 17 27 22 18 22 27 24 19 15 16 16 23 15 14 18 25 17 17 18 19 37 18 28 24 14 17 21 19 22 11 19 20 26 27 24 32 27 26 15 25 16 20 22 23 19 23 14 20 20 24 27 20 19 14 10 24 33 19 17 23 32 22 28 21 20 20 14 23 16 22 22 25 24 24 16 19 22 16 31 17 16 16 14 24 21 17 22 17 21 16 23 19 29 20 22 18 23 27 17 18 18 17 22 17 22 19 21 21 19 23 30 16 21 18 24 13 26 30 20 25 26 26 22 21 21 17 23 24 17 19 22 16 20 27 14 15 25 22 27 21 21 25 17 11 30 20 21 18 26 28 24 16 32 21 20 33 26 23 22 24 24 15 25 29 18 22 18 19 17 19 24 15 17 14 17 23 21 14 24 25 16 22 19 28 22 22 24 10 21 19 22 23 26 14 22 19 24 28 13 15 22 18 19 26 30 25 23 26 19 21 28 24 19 20 16 16 21 26 21 18 17 35 23 26 18 18 20 20 24 19 20 24 27 24 18 11 22 21 18 24 21 20 21 17 22 23 28 21 25 26 17 20 23 19 23 26 15 22 23 21 21 22 23 16 32 21 23 21 21 26 16 21 13 20 19 22 11 23 25 33 20 32 27 13 15 31 15 24 26 28 24 20 20 24 14 24 24 21 23 22 20 27 11 25 29 18 30 18 22 22 24 21 17 18 26 23 25 22 16 23 21 23 26 28 23 22 26 16 13 21 18 18 21 18 22 23 18 25 21 21 21 20 24 22 16 28 21 19 15 16 22 29 26 29 27 14 25 16 20 15 30 24 27 23 15 11 25 21 18 22 23 20 17 15 20 24 29 19 23 24 31 21 18 27 16 29 17 30 18 32 18 18 20 25 25 17 19 19 21 20 23 19 24 20 22 16 19 22 14 16 28 25 18 17 26 16 26 22 24 16 26 20 25 24 17 17 22 23 17 19 18 19 31 23 22 18 26 18 24 22 30 22 18 22 28 23 10 18 17 17 21 23 23 19 26 18 22 20 22 18 25 22 18 23 22 22 20 29 19 18 21 24 26 18 22 18 30 25 18 20 19 31 22 21 28 16 20 34 19 19 13 20 21 15 21 26 27 25 20 17 26 22 26 17 24 18 19 22 26 24 20 17 16 23 28 23 19 22 25 21 17 20 22 22 17 29 21 21 25 10 23 27 19 14 24 19 21 20 17 16 28 19 29 25 30 17 17 28 16 19 25 23 20 26 22 14 20 16 31 21 26 18 26 20 24 24 17 24 18 25 30 19 21 22 22 17 19 26 20 27 24 15 25 25 21 17 17 31 25 20 20 23 19 22 27 20 26 21 24 21 20 27 25 22 14 25 22 19 18 18 19 17 20 17 16 23 22 18 23 14 20 22 23 22 23 21 21 20 17 21 24 21 24 23 20 14 16 24 19 14 22 21 16 27 17 17 31 15 26 22 20 18 22 18 22 29 26 15 26 17 23 24 23 22 21 32 24 25 11 26 28 25 25 21 26 29 16 17 22 17 19 25 24 20 21 19 26 19 23 22 24 24 13 20 22 20 29 18 19 22 18 22 28 18 21 23 19 16 24 19 25 17 15 23 18 27 20 17 24 23 23 25 18 18 20 23 23 20 22 23 20 22 22 28 27 17 25 20 24 23 21 23 23 26 22 22 22 23 18 18 13 19 19 23 21 25 15 16 16 14 23 21 25 18 23 23 33 18 22 26 25 16 28 15 20 20 22 18 20 18 24 24 19 23 20 20 28 16 21 31 22 23 20 25 19 18 17 20 16 10 13 26 20 26 23 33 19 24 26 26 24 24 17 23 21 16 20 22 30 24 16 23 23 17 28 20 21 24 19 25 14 29 30 20 22 20 22 16 21 18 21 19 26 23 22 18 21 19 20 29 24 35 21 19 21 26 25 19 28 23 17 16 24 24 18 25 16 20 22 19 17 24 20 23 17 13 19 22 22 21 24 25 26 22 17 16 21 29 16 18 26 20 26 20 19 18 21 17 23 21 23 21 24 11 27 32 27 28 17 24 17 17 21 30 17 18 20 16 19 22 15 20 34 22 22 24 18 21 24 21 22 30 22 21 19 14 26 24 21 15 26 17 18 16 31 22 18 25 24 22 20 14 20 22 21 21 17 19 19 29 23 16 20 14 22 25 20 16 21 23 12 27 16 31 28 23 28 19 15 25 22 22 28 22 16 17 22 19 25 16 24 27 26 25 23 24 18 18 26 28 21 20 15 22 18 30 23 13 17 23 23 24 17 21 25 22 19 29 19 21 32 22 21 21 35 16 19 22 24 17 23 13 24 16 26 14 16 25 16 22 12 23 17 16 26 29 12 15 37 21 25 23 24 19 19 25 22 13 23 29 16 24 23 14 18 19 24 30 16 18 22 22 23 15 31 16 28 28 23 19 24 17 19 22 27 18 22 15 19 15 20 20 35 31 15 16 18 17 26 22 26 19 20 22 30 23 28 23 15 22 19 26 22 25 18 23 30 22 27 18 22 24 19 24 15 19 25 18 24 28 23 22 21 19 23 27 24 14 21 20 23 20 23 17 33 24 19 17 14 22 24 19 17 20 22 25 19 18 20 15 19 14 26 25 13 25 17 17 17 20 23 16 21 23 16 27 31 34 20 24 19 20 23 24 20 17 25 30 19 15 24 26 23 18 22 18 23 36 7 23 25 27 14 13 23 25 16 17 21 23 23 24 12 31 23 15 19 20 18 18 32 29 23 9 19 24 18 18 22 27 19 23 20 18 24 23 22 23 14 19 23 18 23 20 12 26 15 23 26 21 26 20 22 32 19 25 14 14 16 16 32 26 19 23 26 28 19 22 27 23 22 11 14 24 28 20 18 23 21 22 22 20 21 20 27 17 27 22 20 18 27 29 27 25 19 22 22 14 21 18 29 28 27 16 13 20 26 28 21 18 25 22 24 27 20 20 13 22 22 21 16 18 29 14 14 19 15 20 23 24 27 23 22 16 23 19 25 25 26 19 32 20 23 20 26 16 23 22 18 26 28 32 16 25 18 28 33 18 25 17 20 15 30 22 15 24 12 32 15 17 23 20 24 32 28 22 22 19 18 24 24 31 23 24 17 33 18 15 18 19 21 20 12 18 21 21 24 28 25 12 27 18 15 18 31 20 20 21 20 14 24 21 17 16 18 21 21 26 22 17 24 21 20 20 26 23 21 18 24 16 25 14 20 20 23 21 28 19 17 22 25 19 16 26 22 15 20 21 24 16 24 20 18 20 22 17 23 15 20 19 32 17 18 24 19 25 18 26 22 20 14 30 32 25 21 23 24 17 28 17 20 15 13 26 21 16 16 16 17 21 16 22 24 16 23 25 15 29 26 30 23 19 32 11 22 24 26 17 20 28 23 20 27 23 24 22 16 24 17 20 24 25 21 28 22 24 18 19 15 27 12 15 20 26 9 23 22 28 25 29 14 21 19 18 16 21 21 23 23 19 20 25 15 14 21 28 32 20 18 21 26 22 17 17 18 20 19 25 24 25 22 29 19 32 20 23 23 20 23 23 16 14 14 26 23 19 24 24 29 25 22 28 19 13 21 21 30 23 15 21 14 20 22 16 25 28 21 24 21 30 14 24 20 21 20 16 18 29 20 23 21 33 23 23 21 13 21 15 21 19 21 17 22 19 20 23 21 29 18 15 25 12 12 25 19 24 23 31 27 25 25 12 16 20 24 17 23 14 22 31 19 15 23 18 18 23 20 24 17 21 20 23 30 26 22 23 19 28 22 30 23 31 24 16 24 22 18 18 19 17 20 18 29 22 24 26 21 17 16 27 20 26 22 25 19 24 22 21 17 23 23 20 21 18 20 23 20 22 24 25 26 18 15 23 19 24 27 19 27 20 24 24 19 16 14 27 16 19 14 22 20 18 20 19 22 19 17 20 20 16 25 27 21 23 24 21 24 21 24 22 18 22 21 31 19 15 21 18 22 27 21 21 20 23 16 29 19 19 20 23 23 21 17 31 28 15 24 14 21 22 19 21 14 28 22 20 18 24 17 19 24 25 23 21 21 22 20 18 18 24 16 32 16 25 21 22 18 17 19 22 19 25 17 25 16 21 20 18 16 23 24 25 26 24 17 17 21 26 15 25 18 29 19 21 17 22 21 13 23 24 20 21 23 28 25 19 23 23 27 24 19 24 22 15 20 26 27 19 22 18 18 17 16 13 23 34 24 19 20 19 21 27 22 31 23 21 15 25 16 22 25 23 21 18 24 19 28 14 19 20 14 15 19 27 18 31 16 23 23 19 21 19 25 25 16 21 16 22 14 28 19 20 29 21 18 25 18 16 25 29 21 14 20 14 18 29 15 21 19 26 22 31 16 16 29 16 19 16 22 26 17 22 20 23 24 20 22 25 22 19 30 16 20 19 23 26 25 27 18 13 19 21 25 12 22 16 19 30 21 20 22 15 25 20 14 23 24 19 16 19 18 27 18 23 21 20 22 16 24 26 23 24 21 17 24 19 17 27 21 20 27 27 17 18 30 13 20 20 20 15 23 24 19 20 19 15 33 20 22 24 22 20 22 21 21 24 22 26 19 25 11 24 18 32 25 16 25 12 17 29 21 18 19 16 25 22 29 28 22 21 25 25 21 29 17 17 24 14 35 20 20 22 19 27 21 17 22 14 17 22 17 22 27 18 18 18 27 31 18 18 23 27 29 25 22 22 27 16 21 16 18 29 22 16 28 23 24 18 22 19 20 24 25 21 24 24 20 18 25 20 19 21 27 15 21 20 23 16 17 18 17 13 32 23 16 23 24 24 26 14 23 15 29 20 19 25 21 14 25 21 21 22 26 33 21 21 15 20 30 19 15 12 31 31 23 17 20 19 25 13 27 19 22 23 14 21 21 18 25 20 21 17 26 15 24 18 24 20 22 21 24 20 18 17 21 25 20 20 19 21 12 23 22 23 12 20 32 26 23 23 22 20 19 13 24 23 24 26 16 24 25 22 16 15 20 14 20 24 25 21 23 23 21 26 22 20 19 17 21 28 16 19 21 28 19 15 27 19 22 22 21 22 16 16 21 20 24 25 22 21 20 21 18 32 17 26 20 26 28 20 24 16 18 28 27 24 17 21 20 24 17 19 23 23 30 15 21 19 17 20 29 20 16 28 22 15 19 22 22 22 14 19 21 20 18 22 25 33 20 16 26 29 20 14 20 23 19 18 26 19 18 18 24 23 23 24 18 21 15 23 19 23 26 21 21 19 23 20 17 17 20 21 17 27 13 15 16 19 21 24 18 20 25 27 16 20 20 20 21 19 31 28 23 28 18 21 16 24 17 13 22 24 24 28 25 19 20 27 26 14 16 26 23 20 20 21 20 17 27 20 31 28 18 25 19 15 26 23 24 16 23 19 19 26 27 23 16 25 22 28 23 20 19 24 24 24 22 23 20 22 21 16 18 28 26 32 16 20 18 20 17 24 14 24 21 24 22 28 15 18 13 14 23 24 25 24 29 20 20 18 15 20 23 18 19 22 24 26 19 21 23 35 21 26 23 17 22 18 30 22 26 24 16 22 22 19 21 13 28 19 21 19 29 18 23 17 13 20 19 22 25 21 20 21 21 22 26 25 25 19 21 23 20 17 14 17 27 17 16 16 21 21 14 20 28 17 24 16 27 18 15 23 13 26 26 20 24 24 20 23 25 30 17 16 24 20 16 17 23 19 29 14 18 20 20 27 21 20 21 23 18 19 23 26 18 14 10 33 25 20 15 29 23 18 27 23 25 19 17 27 23 22 22 24 19 21 21 15 12 28 19 17 27 22 15 19 25 22 16 18 17 20 18 30 14 18 27 15 22 16 19 19 21 18 24 23 29 23 24 22 15 21 21 19 21 23 16 28 21 22 21 27 14 17 23 28 16 27 15 22 26 28 24 24 19 13 16 23 25 32 16 19 22 17 18 23 22 17 19 18 26 11 27 26 20 20 23 17 22 28 14 19 28 22 17 21 18 18 21 18 14 27 26 21 21 19 17 26 25 27 30 23 19 17 20 26 14 19 22 26 20 21 21 15 24 18 21 24 24 19 11 20 21 18 29 21 31 25 18 26 17 17 17 18 27 17 15 31 28 16 32 18 29 24 30 24 26 23 23 19 22 19 19 18 24 28 17 15 23 21 33 32 26 16 12 14 27 29 23 21 18 28 20 21 18 13 19 22 16 31 28 28 23 21 20 21 22 21 20 25 23 13 21 17 21 23 27 27 18 16 21 15 16 15 33 18 23 22 17 23 29 22 23 26 24 23 25 16 21 16 23 28 22 17 23 18 18 20 22 20 23 16 14 35 24 21 13 16 29 28 29 18 26 23 20 14 24 20 25 18 18 14 23 22 15 30 17 33 30 22 16 21 27 19 25 17 24 16 27 16 21 21 21 20 19 16 18 15 20 17 18 16 20 18 24 26 21 26 16 20 17 21 24 27 18 18 17 10 27 21 29 21 23 19 20 22 20 26 17 27 17 19 24 23 24 18 21 19 19 28 20 22 31 22 22 26 19 18 21 21 28 24 22 22 17 27 26 21 20 19 18 15 21 20 26 14 29 16 15 22 24 23 10 16 22 26 23 27 20 20 18 25 20 18 24 15 26 14 24 24 23 26 21 13 18 15 10 26 23 24 25 20 27 17 19 19 16 26 19 24 19 13 20 20 25 18 15 19 28 15 23 20 18 24 25 17 22 24 23 21 29 19 30 20 17 20 21 19 12 24 18 19 19 26 19 21 15 17 17 23 16 19 24 25 15 32 21 24 22 18 15 21 18 23 27 23 24 16 26 19 23 20 21 27 22 21 16 19 18 32 18 26 24 24 19 19 24 22 22 25 26 15 14 19 27 27 17 31 18 22 14 20 21 22 26 22 31 17 13 21 21 27 22 25 20 28 25 14 18 23 22 17 15 19 20 19 22 20 25 14 23 25 22 19 26 16 19 19 31 17 23 12 25 24 28 24 21 15 22 15 17 15 19 22 19 21 19 21 22 18 19 21 19 28 19 13 15 22 27 21 17 15 27 27 26 16 18 14 27 17 19 17 15 21 17 16 17 21 20 19 19 30 20 24 21 25 20 15 26 20 18 25 19 22 26 20 17 19 29 16 19 26 24 19 31 24 9 23 10 26 18 21 19 20 26 19 16 24 18 24 22 20 23 21 19 25 24 23 22 13 25 16 17 26 16 21 28 23 26 20 16 21 22 21 25 18 26 23 23 25 22 25 22 21 18 13 19 25 22 29 23 25 21 21 25 18 21 21 21 21 19 20 25 26 21 19 11 18 19 21 32 19 20 25 24 22 23 21 22 18 31 34 16 22 21 18 25 28 21 17 19 17 25 29 19 21 21 28 23 24 24 23 28 19 23 21 13 29 18 20 22 24 20 19 21 22 18 28 28 20 20 18 15 21 18 24 19 24 25 22 21 25 22 19 17 19 21 15 28 16 22 13 22 21 24 22 28 16 22 19 23 17 16 19 23 19 19 17 32 29 16 17 16 22 17 29 20 23 16 22 22 22 21 20 21 23 21 23 19 18 20 23 21 27 16 20 19 24 21 27 20 17 25 21 18 25 20 20 15 20 25 26 26 24 23 18 27 23 17 19 22 22 19 19 29 17 21 15 20 15 23 19 20 24 20 23 22 24 16 26 28 19 27 20 17 16 18 22 20 15 20 20 20 15 28 26 22 20 22 16 25 30 22 15 24 22 26 25 18 17 20 22 22 27 32 22 27 18 16 21 15 22 27 25 17 26 21 22 21 16 22 19 22 17 25 15 22 25 23 19 22 12 17 17 25 23 14 30 17 16 11 20 17 16 28 15 26 21 24 23 18 26 19 14 25 18 17 19 18 28 27 21 21 22 25 22 21 22 26 21 19 16 19 12 23 30 26 14 26 30 28 19 19 26 29 20 12 21 25 18 25 20 21 15 14 27 23 23 16 22 24 22 25 27 26 29 27 22 20 14 25 20 18 25 21 21 14 19 18 22 23 16 28 18 24 26 21 13 17 20 23 12 17 19 22 24 22 20 27 23 23 28 18 22 22 15 25 20 18 22 16 21 17 24 17 20 16 21 27 19 20 23 24 17 16 19 22 19 18 17 24 16 17 28 22 16 25 24 17 16 23 16 24 18 18 22 17 36 22 20 18 23 14 20 21 15 16 24 18 20 21 24 24 22 23 20 23 24 27 21 16 22 19 28 20 21 17 21 20 25 20 20 31 23 17 19 32 18 16 10 28 21 24 22 25 24 22 24 22 18 13 15 15 25 33 26 31 19 22 24 19 18 21 15 25 24 23 26 27 13 31 31 15 17 18 12 28 15 22 22 23 32 29 18 25 21 22 10 23 19 22 25 13 27 26 19 27 15 19 35 20 29 23 26 21 20 24 22 16 19 24 19 24 20 18 22 23 27 11 20 25 28 26 15 22 19 20 26 22 19 18 23 23 21 27 21 25 18 20 25 19 24 16 23 20 22 15 18 17 18 22 25 15 23 27 25 21 19 20 16 24 21 20 19 17 24 21 21 25 25 18 28 19 18 21 20 17 29 20 16 21 25 23 24 23 22 19 22 27 21 20 27 30 19 22 21 19 19 26 18 21 19 28 21 24 23 25 19 18 24 20 21 18 31 16 23 18 25 12 13 15 25 25 25 23 30 24 28 20 16 21 21 25 24 20 26 8 30 29 13 12 20 18 24 21 23 30 17 19 19 16 20 16 35 30 25 21 21 20 21 17 18 19 30 19 14 26 23 24 18 15 19 18 25 18 22 12 26 24 20 17 31 22 32 26 11 15 17 25 19 29 30 19 20 22 19 21 22 33 15 12 19 13 24 29 23 21 9 20 14 21 21 30 19 24 27 17 26 15 23 20 17 27 21 23 17 26 23 17 21 28 26 16 21 21 19 18 23 19 25 22 21 18 21 22 18 24 17 19 18 17 23 26 23 15 30 23 18 20 19 27 22 15 26 19 16 20 21 23 23 31 18 19 17 18 19 25 34 31 21 21 25 20 24 16 22 16 19 27 15 29 16 15 33 30 19 21 21 19 20 22 22 24 22 22 25 20 20 20 21 14 23 24 22 16 25 24 28 21 26 26 21 20 22 19 25 13 21 26 15 16 19 20 25 17 14 21 26 27 19 22 21 18 24 17 20 21 16 23 20 15 22 17 21 23 28 21 32 20 19 23 15 23 12 24 12 23 24 15 21 30 21 27 18 21 22 24 17 23 27 26 19 13 16 22 20 23 27 24 16 24 24 21 18 29 21 23 21 22 28 16 12 24 21 18 19 24 22 18 26 17 18 21 10 17 25 26 15 26 25 17 16 28 21 17 18 17 26 15 19 19 26 22 26 20 24 19 24 21 15 21 25 27 21 20 18 23 15 24 24 18 22 28 16 22 20 27 20 23 19 14 20 15 18 23 18 25 27 26 20 11 16 21 29 29 22 12 27 21 15 18 29 26 29 17 23 20 18 19 22 21 18 15 22 25 16 17 20 18 21 23 33 25 22 20 21 19 23 26 17 19 25 17 20 20 20 25 18 22 22 20 27 23 25 25 19 22 24 17 24 16 26 20 18 27 23 20 21 15 16 20 23 18 21 15 17 23 20 18 21 16 23 22 29 25 25 18 20 21 20 24 21 20 25 22 18 15 19 20 23 17 18 22 24 13 27 24 21 28 24 22 18 18 19 21 16 19 24 24 23 20 12 25 21 19 21 25 23 18 34 16 24 16 15 21 21 13 25 15 26 13 28 18 29 23 24 14 21 17 22 34 27 18 17 19 19 28 22 16 21 18 19 20 16 20 15 20 22 19 23 25 29 22 19 29 29 27 23 21 21 27 19 16 18 19 22 21 22 18 22 14 29 21 17 20 22 23 24 15 24 23 29 27 22 26 21 18 20 22 27 27 24 24 14 23 37 21 16 27 15 22 20 18 26 37 15 19 23 19 22 18 15 18 22 27 26 20 24 16 25 22 26 19 23 22 24 15 14 23 26 30 21 20 17 17 23 25 23 17 25 18 26 23 24 23 23 23 23 20 25 21 26 14 22 25 21 35 27 15 23 15 24 22 19 20 36 23 21 19 18 22 18 29 28 25 21 27 19 34 29 21 10 22 16 16 19 10 19 32 27 20 25 26 24 21 14 11 18 18 18 25 25 22 15 30 20 20 13 14 22 28 16 20 22 35 17 23 19 23 21 22 15 17 11 18 27 22 22 13 21 10 25 22 26 23 15 22 14 24 24 23 25 20 26 18 23 20 18 29 14 19 26 24 16 20 22 14 15 20 13 12 19 24 17 23 25 27 19 18 22 20 19 22 23 14 24 28 20 15 23 26 25 24 23 22 20 20 18 30 22 28 17 27 21 23 15 14 20 17 19 11 24 19 25 21 19 30 33 16 29 29 18 25 19 11 9 28 15 25 20 23 21 16 27 26 22 22 23 20 17 18 28 19 25 22 19 17 21 18 19 22 14 24 24 22 19 25 26 25 18 13 20 23 21 26 20 18 34 24 23 31 18 23 25 20 15 26 19 22 25 15 20 16 19 28 17 25 28 23 28 19 24 17 19 28 17 19 16 21 23 17 25 18 18 27 24 24 23 22 25 31 18 26 17 14 18 29 22 19 21 22 22 22 22 10 24 24 23 15 28 21 19 17 14 17 28 15 23 30 23 23 23 32 17 22 18 18 31 23 29 19 24 24 27 19 26 22 17 18 13 35 23 30 12 20 25 23 24 21 35 15 19 17 18 18 32 33 20 20 13 15 18 26 19 27 29 22 19 19 21 24 19 18 13 23 14 12 22 24 17 29 26 16 22 18 15 29 26 17 14 22 21 27 29 18 27 13 24 29 15 28 15 20 19 21 24 15 18 24 21 15 16 30 19 22 28 30 12 20 17 29 23 23 22 21 24 17 22 23 28 20 20 22 31 26 19 23 21 24 21 20 20 27 16 15 25 18 29 19 19 30 22 18 25 27 25 20 22 23 20 19 23 24 25 20 25 22 20 11 21 21 17 24 20 16 26 29 25 23 24 22 23 23 21 24 13 17 23 16 19 27 22 18 24 23 22 14 21 19 18 28 16 15 27 29 20 19 16 23 20 25 24 22 11 21 21 21 23 21 18 29 18 25 28 30 24 18 14 19 24 17 20 16 25 18 18 25 17 23 33 26 21 18 20 22 29 22 27 19 17 30 20 19 28 27 20 22 24 19 24 22 23 17 19 15 17 21 21 27 26 24 30 22 24 20 23 21 14 11 17 26 21 24 23 26 24 19 32 24 20 20 24 21 21 17 27 23 20 23 24 18 17 20 25 20 18 23 14 18 24 20 17 21 24 18 18 21 21 21 15 24 24 15 23 17 33 21 15 28 19 19 11 20 18 19 23 20 27 21 28 12 28 24 16 18 22 20 20 22 15 15 19 26 18 16 20 17 25 16 17 14 22 16 19 21 26 21 17 17 20 27 25 24 24 17 32 26 24 25 13 16 11 25 29 23 28 19 26 22 23 14 24 16 22 21 19 22 23 13 33 18 22 16 25 15 18 30 14 22 19 22 17 27 22 18 13 17 33 19 22 21 20 23 20 12 32 23 22 18 16 17 33 18 17 24 21 28 26 20 25 17 17 22 26 13 20 24 16 26 27 20 19 19 24 19 16 17 19 22 26 18 17 18 16 27 22 29 19 19 15 20 20 19 30 23 23 19 27 21 13 18 19 24 24 21 24 26 24 16 16 19 20 20 26 19 21 19 22 19 17 23 25 27 22 16 25 19 18 18 21 15 21 13 25 19 20 25 26 16 23 20 18 28 19 19 24 25 22 20 22 14 19 19 18 23 24 20 17 23 21 23 23 20 28 18 21 28 23 24 12 17 26 28 24 28 20 25 22 20 25 20 25 20 24 22 18 22 21 26 21 24 14 28 29 17 22 23 17 21 19 21 27 18 26 23 21 19 23 27 22 29 28 18 17 14 25 20 16 25 24 25 22 14 26 23 15 26 16 13 30 17 21 20 22 29 19 26 32 13 23 20 21 19 15 20 17 21 23 24 20 22 20 25 15 17 27 25 23 23 22 21 17 17 23 28 26 24 17 24 23 17 25 19 27 21 15 25 19 26 14 19 21 20 16 14 26 20 17 25 18 23 25 21 20 18 19 19 21 26 19 20 28 26 21 23 23 15 27 16 17 15 19 22 18 19 23 23 14 19 21 20 20 25 20 22 21 22 28 15 25 27 16 24 25 16 23 22 33 18 21 23 23 15 26 19 19 17 21 20 26 15 15 20 25 27 25 14 22 26 29 27 17 28 16 25 19 18 28 31 17 11 20 21 26 22 22 19 19 24 21 21 30 18 22 27 15 21 26 20 13 27 21 20 29 21 16 24 17 20 24 22 17 18 20 17 30 23 19 28 16 19 21 23 22 21 22 22 18 26 29 15 19 13 20 26 27 17 28 24 23 21 25 26 27 28 17 16 32 20 17 21 22 17 18 24 21 28 18 17 17 16 30 17 20 17 19 21 29 13 26 12 23 23 30 18 20 20 30 21 30 23 22 22 16 22 25 21 14 20 17 21 22 22 18 18 18 21 17 20 26 23 26 18 14 24 20 18 22 21 20 15 24 19 28 21 27 22 23 21 24 26 21 17 19 26 18 27 19 25 22 20 25 25 23 24 18 27 21 20 15 20 24 30 18 24 24 19 18 14 20 29 19 20 18 17 27 20 18 20 17 33 18 29 20 23 17 18 22 9 17 20 24 28 17 21 27 11 22 22 27 18 28 19 14 26 24 19 31 31 23 21 22 20 16 19 17 16 23 27 33 20 19 20 30 21 23 23 17 20 20 16 25 23 31 13 24 21 25 21 22 18 16 21 16 24 23 24 17 23 22 15 17 25 27 21 16 24 30 19 20 24 21 26 16 19 16 30 23 18 19 24 26 19 16 23 20 20 17 23 20 25 24 24 28 20 18 23 26 19 21 18 18 14 21 22 17 22 30 18 26 20 22 17 17 26 33 24 18 24 32 16 18 12 15 25 19 16 16 26 21 12 25 13 26 18 23 20 19 16 24 23 18 17 17 21 21 27 27 17 17 24 22 26 25 13 27 20 15 26 25 24 20 19 27 18 23 19 19 24 21 17 22 15 27 28 16 23 15 18 18 23 16 28 30 19 17 19 17 21 26 23 17 28 18 15 22 19 19 18 23 17 26 28 17 16 15 18 23 25 32 25 20 29 21 22 19 19 16 21 16 27 14 20 22 15 20 28 20 18 20 30 29 25 25 20 25 13 22 19 18 25 15 21 23 24 15 23 26 17 14 24 16 20 21 25 25 26 20 13 17 10 23 26 16 22 20 21 25 22 18 18 23 24 19 19 28 24 25 22 19 16 31 22 26 24 18 22 20 21 24 22 26 22 25 25 22 18 20 17 27 19 19 19 16 18 13 22 32 20 25 24 33 17 12 23 31 13 16 27 18 24 23 19 26 11 24 16 21 26 26 19 20 16 25 20 23 22 24 31 21 21 17 12 18 25 27 25 22 23 18 17 12 20 18 21 27 18 18 22 20 30 19 20 19 17 23 28 26 24 22 19 26 15 22 21 18 26 26 19 25 26 27 19 21 28 27 22 23 25 20 19 16 20 23 16 19 21 27 21 24 18 22 18 21 14 21 31 25 23 18 27 16 16 17 21 21 27 26 16 19 28 22 19 24 29 19 19 20 11 20 15 20 23 18 24 30 28 19 19 19 13 21 24 17 20 21 24 24 29 23 22 18 20 19 24 19 25 20 27 18 25 24 25 25 17 15 22 27 21 16 19 22 25 24 17 23 18 17 23 31 28 12 18 19 20 24 18 17 15 14 31 25 16 16 21 18 18 22 24 21 19 14 20 24 31 20 13 20 28 20 16 19 16 21 17 16 26 21 24 22 17 15 25 23 23 26 18 25 20 21 23 26 16 14 23 14 25 28 17 20 32 24 23 27 17 23 17 27 19 15 32 29 21 17 13 21 25 16 29 23 20 13 22 14 22 27 18 28 16 26 20 12 26 22 17 16 21 21 24 16 24 27 17 20 19 23 22 27 15 26 23 25 15 21 19 22 24 21 23 19 22 20 19 17 12 24 26 19 17 23 20 24 14 23 25 24 23 18 24 16 10 20 27 22 25 26 27 23 19 21 29 23 20 24 21 23 14 20 25 33 20 22 22 20 14 17 24 24 26 25 23 26 28 25 17 23 19 21 20 17 20 26 13 27 29 30 19 21 15 15 20 18 15 27 20 25 22 13 20 27 22 30 13 17 23 34 20 21 19 22 25 14 17 20 22 20 19 20 23 23 20 17 17 17 29 27 20 25 10 23 25 23 13 28 21 20 22 16 17 20 26 29 14 24 20 22 21 15 28 21 28 28 16 20 14 19 28 28 23 32 22 20 28 20 24 18 22 16 23 25 19 22 24 25 21 26 18 19 15 17 22 16 30 17 21 25 29 18 30 22 25 19 24 14 13 22 21 26 23 22 20 19 19 18 20 23 25 25 17 27 24 21 29 24 21 10 20 20 26 23 19 19 20 25 29 27 23 33 22 24 11 22 18 19 19 19 28 25 27 28 22 25 25 17 19 24 24 21 18 16 17 26 20 26 24 21 28 23 18 20 18 25 22 18 22 16 22 19 23 23 33 22 22 16 19 24 21 18 20 20 26 17 24 19 33 19 24 22 12 20 19 19 19 16 23 24 23 16 25 23 28 29 20 15 16 23 22 18 24 15 17 15 24 21 20 18 33 17 24 22 22 24 22 15 15 21 20 20 18 25 23 26 24 15 22 26 21 23 26 19 21 21 21 21 18 12 21 20 22 22 22 20 29 19 22 21 23 25 25 17 16 21 20 23 30 25 25 21 26 15 21 18 16 12 20 14 15 17 21 29 26 23 19 18 19 23 23 9 20 23 21 20 21 26 25 21 22 27 14 16 18 26 21 20 31 24 21 19 9 20 24 21 19 27 19 22 21 20 33 20 26 27 25 20 22 26 22 16 16 18 20 21 14 29 21 20 21 20 20 16 23 22 19 26 26 25 24 18 21 13 34 23 27 29 7 17 26 22 17 16 16 20 21 14 27 13 31 23 20 25 25 26 17 17 29 26 22 29 23 18 22 17 16 18 21 19 25 20 25 27 31 14 20 26 26 20 20 23 12 18 20 23 21 24 22 23 20 21 24 26 23 20 24 26 19 24 23 23 23 20 18 18 19 30 16 20 22 27 19 24 31 20 23 19 28 22 20 24 11 23 15 24 17 23 17 24 27 25 21 27 19 10 22 18 24 24 15 14 20 26 27 17 21 24 22 25 33 25 18 21 17 26 20 28 21 19 22 11 22 19 20 19 23 23 19 19 29 24 14 21 26 24 13 14 23 20 18 22 18 23 25 23 17 25 13 28 28 22 16 17 20 20 20 24 20 28 27 13 24 13 21 31 22 20 19 26 23 18 20 27 23 26 24 13 25 23 21 18 25 16 28 21 15 24 16 15 19 21 20 24 23 23 23 34 25 16 33 16 18 18 23 23 23 15 15 22 21 16 15 18 21 20 21 28 11 23 21 24 33 19 24 14 24 20 22 16 15 26 19 16 26 24 27 17 21 17 27 14 18 17 18 23 21 19 25 18 20 14 14 27 16 25 23 27 25 21 22 26 18 19 19 23 21 24 32 25 19 26 21 21 22 31 27 21 18 16 21 27 20 19 20 22 18 23 25 25 19 21 19 26 22 20 13 22 25 13 21 18 31 19 20 24 18 19 22 23 20 21 20 23 21 22 34 27 13 23 23 23 20 21 24 22 13 21 21 21 24 22 16 21 23 24 22 14 20 14 24 21 18 28 13 22 19 22 22 20 25 24 23 28 18 22 19 20 18 32 17 22 33 25 14 12 20 16 21 28 24 19 13 15 28 23 20 21 25 19 19 27 14 22 21 29 22 17 17 25 27 27 12 23 27 18 17 20 28 21 27 21 12 30 14 24 25 25 12 23 18 23 26 27 26 19 7 17 25 14 24 18 29 16 18 27 27 19 25 19 15 24 17 17 21 24 24 30 23 17 22 31 21 17 21 18 17 25 24 18 26 17 24 19 17 21 22 10 16 21 22 17 23 21 16 20 22 22 22 25 22 26 17 18 22 17 18 18 28 23 15 18 20 18 22 16 23 16 22 17 18 20 28 21 27 24 21 23 17 18 19 22 24 17 21 12 26 22 22 27 34 28 19 20 24 19 18 23 17 18 21 29 15 19 26 22 22 24 21 24 20 25 19 23 23 25 22 17 34 15 21 19 18 21 23 28 25 17 17 14 16 23 24 27 20 23 20 31 26 16 27 19 22 19 23 16 19 32 19 24 24 27 20 22 28 30 22 33 20 18 23 20 17 19 25 18 22 21 27 21 30 21 14 14 25 18 23 24 22 22 24 21 21 20 18 25 25 21 24 20 17 24 16 16 22 20 27 24 23 21 24 21 18 22 21 22 17 23 23 27 26 20 17 23 26 23 24 18 14 27 22 24 16 27 22 22 18 19 18 18 26 19 29 21 21 18 27 22 27 28 25 23 20 15 18 19 22 23 19 27 20 26 25 19 15 32 21 22 21 22 18 16 25 31 18 27 23 19 16 27 17 21 30 24 26 20 22 12 21 20 27 24 26 21 20 22 18 27 28 25 18 24 22 29 23 23 18 20 26 20 16 20 23 22 25 16 26 20 18 16 23 14 23 20 22 23 17 22 21 23 28 19 20 19 20 22 20 13 20 24 14 28 21 18 22 18 15 28 20 21 22 17 26 25 27 20 18 26 25 17 16 19 14 19 23 26 18 16 24 12 19 21 23 26 18 30 20 26 19 22 27 17 21 19 15 15 22 23 25 18 15 28 16 18 30 14 23 23 21 24 23 28 18 19 18 18 24 21 24 27 15 9 23 23 19 22 25 24 27 22 28 12 24 16 21 20 27 17 15 21 18 19 18 24 28 27 26 16 15 18 27 17 22 29 22 30 19 19 17 19 20 28 26 14 28 26 15 30 15 22 20 25 19 22 37 17 23 16 8 18 27 23 27 16 20 18 25 20 19 20 14 20 28 26 17 17 19 19 22 20 17 21 24 21 17 23 31 23 20 19 20 27 27 19 25 23 16 15 19 16 19 16 25 18 23 20 15 25 21 26 22 22 19 21 27 23 16 26 24 26 22 21 23 31 20 20 18 17 24 22 14 18 27 20 23 26 24 10 20 26 16 14 25 16 26 28 22 19 28 25 19 20 24 26 24 17 20 20 23 24 29 19 19 12 19 22 28 20 19 21 22 26 30 25 24 23 18 25 26 19 19 17 15 18 22 23 20 25 21 36 14 24 17 16 18 27 21 20 28 17 18 22 15 27 17 14 21 23 19 19 27 21 19 21 26 28 27 24 22 19 17 15 16 19 20 26 17 26 13 17 24 24 29 19 24 20 15 27 26 27 23 13 26 19 16 22 19 15 23 16 21 24 17 28 19 23 28 24 19 23 21 17 23 17 19 27 23 16 17 20 18 23 24 27 23 24 32 23 24 19 14 33 24 22 21 29 17 22 24 19 26 22 21 15 29 17 22 15 22 20 20 12 20 26 27 26 21 23 28 28 25 25 18 19 20 16 24 17 19 13 19 18 27 15 29 23 24 15 16 12 15 15 19 21 21 15 28 25 25 19 25 18 22 22 24 23 29 20 19 21 15 23 19 18 20 34 15 22 29 18 21 30 21 29 21 11 22 22 13 14 27 19 19 24 19 26 25 15 22 19 20 25 20 30 23 23 19 21 22 26 16 23 26 23 13 16 16 23 18 27 22 22 14 25 16 21 19 16 21 25 20 29 20 25 30 27 15 22 15 21 23 18 28 18 17 28 19 29 13 21 22 16 24 16 14 19 18 26 24 17 14 17 28 24 20 26 24 16 23 14 29 20 29 22 23 18 20 23 19 17 19 26 19 22 22 32 24 23 16 16 15 15 17 19 23 16 19 22 26 25 15 20 23 25 26 22 29 22 20 15 25 26 17 22 19 18 13 24 21 22 19 19 13 19 19 23 19 27 22 22 24 26 20 18 23 21 20 22 19 17 20 17 20 15 26 15 23 22 22 17 17 23 22 29 18 21 20 22 25 22 19 23 12 24 19 21 25 28 17 18 21 29 27 20 25 32 11 21 18 13 30 28 16 18 18 22 22 18 28 21 22 21 22 23 20 20 21 18 28 27 15 31 29 17 18 21 22 17 14 29 24 16 20 11 17 19 22 24 29 22 8 24 25 23 23 17 24 24 24 26 27 20 22 26 22 22 17 24 16 19 25 16 25 21 27 22 10 24 29 20 18 15 15 31 26 13 23 14 24 21 30 17 22 33 21 15 18 22 20 24 19 28 30 18 17 27 20 20 23 17 28 20 17 26 26 24 20 18 14 27 20 26 12 18 18 21 21 24 30 29 21 16 22 23 16 21 24 20 16 19 22 22 22 31 23 21 14 20 18 21 26 23 19 25 22 19 25 23 15 23 20 9 19 29 15 11 28 19 26 20 27 21 17 24 17 25 22 27 17 16 21 17 14 28 17 28 17 21 15 24 34 17 29 21 33 27 17 19 7 19 25 21 19 23 20 33 18 27 26 12 21 17 20 21 19 20 19 21 32 20 14 20 19 22 25 19 22 23 26 25 22 17 25 18 24 21 20 27 17 17 19 17 23 24 20 20 17 32 22 17 21 20 23 21 22 20 25 21 25 21 17 25 16 28 13 22 24 24 19 22 27 22 19 23 16 18 26 14 28 18 24 24 26 16 21 29 18 20 24 17 17 23 24 27 25 20 20 24 17 14 22 30 14 27 23 22 16 19 27 21 34 21 21 16 17 21 19 15 21 20 27 16 25 32 15 22 23 28 23 19 15 22 24 17 22 20 24 23 16 32 14 19 18 25 19 26 14 25 19 21 20 12 16 23 21 29 26 15 19 22 25 25 23 26 16 15 26 20 22 25 20 23 24 18 22 21 18 26 17 17 20 22 22 14 19 25 23 22 23 18 22 25 23 11 11 20 30 18 26 21 19 23 22 38 22 17 22 21 15 28 17 21 18 28 18 25 16 20 19 14 20 22 24 12 24 22 20 21 20 12 24 15 19 18 21 28 21 29 14 24 25 22 15 24 17 15 22 18 29 18 19 24 28 15 15 23 15 33 23 24 28 20 22 20 20 21 19 26 21 20 21 27 25 16 24 19 19 23 25 12 32 21 17 29 22 22 24 23 20 19 17 18 26 22 13 19 27 17 19 28 19 10 24 15 19 11 26 15 22 18 23 13 19 27 22 20 21 18 22 14 19 28 26 31 26 22 20 24 21 12 21 24 25 18 22 24 19 20 28 25 22 25 26 18 16 14 27 23 25 19 21 19 15 17 23 24 22 24 24 23 24 17 14 25 18 20 30 18 25 21 25 25 22 20 22 31 24 21 23 17 16 31 28 28 15 25 18 29 17 22 17 25 11 24 24 24 29 24 22 15 25 15 13 22 15 16 27 21 30 16 22 22 24 22 23 20 21 28 19 20 18 23 28 19 24 27 20 22 25 21 19 28 22 17 20 23 21 10 22 26 18 14 20 22 20 14 27 20 21 22 13 12 22 25 18 25 22 27 26 22 23 21 25 12 22 23 24 31 22 24 27 18 21 17 19 20 20 23 17 13 21 29 20 16 17 24 14 18 23 24 26 28 20 27 24 22 17 22 24 21 11 18 20 22 19 19 26 24 32 15 16 21 32 23 18 21 16 20 17 27 33 17 23 20 22 22 18 13 15 23 22 24 38 18 18 22 24 18 26 30 23 18 24 20 20 23 23 27 22 25 22 14 22 18 28 19 22 25 16 21 22 23 32 18 21 24 12 14 19 21 29 25 18 30 28 14 27 14 16 14 18 34 18 23 33 20 22 23 10 22 18 33 17 26 24 24 25 24 18 23 19 16 22 25 30 24 31 12 16 21 16 25 24 20 26 30 23 25 22 28 16 22 20 16 28 18 26 25 20 31 12 28 19 22 26 17 20 16 23 22 33 20 26 20 31 19 22 14 25 21 27 27 19 20 21 29 19 31 18 16 13 21 17 20 22 21 18 20 29 20 18 21 15 17 21 40 17 10 21 18 18 22 23 26 15 27 26 24 23 23 26 18 11 30 25 21 27 30 21 14 32 15 24 24 16 23 20 18 25 20 19 27 23 16 16 20 19 22 30 22 14 13 25 14 26 29 32 22 18 24 15 16 21 28 22 30 23 21 17 12 27 16 24 22 19 21 19 18 19 21 16 25 21 26 22 17 25 10 24 12 14 18 27 21 13 17 18 24 18 24 17 23 26 16 23 18 22 17 24 24 12 15 23 27 19 17 20 22 16 20 16 30 25 17 24 18 20 20 22 16 21 19 25 23 23 17 32 16 16 22 22 24 24 24 24 25 23 21 20 14 15 24 27 20 15 18 17 24 16 27 15 22 25 9 23 19 29 25 24 24 21 22 28 28 20 20 17 22 20 14 21 20 27 20 22 28 24 25 20 22 18 18 27 22 21 22 20 21 11 20 12 24 25 26 13 22 26 26 26 30 23 23 21 19 17 14 23 22 28 21 31 21 22 20 17 14 31 22 25 19 14 23 21 21 18 19 11 17 22 19 27 21 15 23 19 27 14 25 19 13 21 22 28 16 23 20 17 15 17 23 18 24 24 26 28 20 17 22 21 23 17 25 24 18 26 18 16 23 34 21 15 16 25 24 15 26 24 21 15 17 23 20 21 19 17 17 27 16 22 16 22 27 24 21 28 24 23 21 27 14 22 24 18 22 20 19 27 25 20 14 14 19 21 7 18 26 24 31 15 23 20 24 18 28 25 18 27 21 22 16 15 22 31 16 26 22 22 21 24 23 20 30 19 24 22 21 25 26 21 27 22 19 21 29 20 19 20 20 15 21 19 25 20 14 16 20 23 25 14 21 16 24 18 28 18 20 24 23 30 23 15 26 14 20 21 26 27 19 27 19 28 22 18 23 19 24 17 20 21 16 22 27 18 26 25 20 20 18 19 24 27 18 28 21 14 18 18 17 28 24 19 20 26 17 22 32 19 18 18 25 23 24 25 23 20 21 16 25 17 23 21 21 25 18 19 19 26 16 31 20 22 15 22 25 24 19 30 15 21 26 15 20 20 28 21 23 22 22 16 29 27 26 36 15 19 23 15 28 24 13 24 26 24 19 23 13 21 16 21 15 25 24 19 26 21 18 20 23 19 20 21 23 24 24 16 29 26 12 21 28 21 17 25 23 24 21 23 26 16 17 24 24 19 18 15 22 17 27 28 22 23 22 26 18 21 29 11 19 22 27 19 24 22 20 26 16 18 20 29 28 20 20 12 17 24 22 26 20 21 26 22 22 21 19 19 26 23 19 20 16 21 18 25 19 18 20 21 27 21 21 15 17 15 27 26 21 19 16 24 25 21 20 25 19 27 20 17 20 16 16 20 22 22 26 18 19 26 20 25 25 22 25 23 23 16 27 17 24 19 18 13 24 18 12 17 25 20 15 23 21 20 22 17 23 21 21 19 22 17 17 26 18 25 27 24 21 21 22 19 32 27 18 23 18 23 19 17 19 21 20 23 26 22 24 25 19 22 27 22 29 20 23 21 14 18 14 20 20 27 21 13 30 21 21 22 21 29 22 30 21 25 23 22 25 26 18 22 23 16 30 22 28 19 26 21 22 17 12 15 13 24 23 20 25 27 30 19 15 14 29 25 15 25 12 21 24 24 21 28 27 26 17 14 18 20 30 24 20 16 19 26 11 30 27 21 18 25 27 17 28 23 19 21 27 28 19 24 19 26 14 14 22 30 22 29 21 20 24 26 20 22 19 16 10 22 20 22 28 25 19 25 18 21 22 28 18 20 31 27 15 21 19 18 25 22 15 23 23 18 21 27 16 14 23 22 23 20 23 23 22 35 21 18 25 21 24 15 22 22 17 21 24 23 22 20 17 17 25 19 21 28 22 23 15 25 20 20 20 16 30 28 20 30 13 22 13 21 16 16 14 23 18 16 26 25 27 21 13 21 15 20 27 28 21 29 23 26 21 19 21 20 30 20 22 21 18 19 22 23 26 15 15 26 21 28 21 21 25 28 20 24 20 21 15 24 20 23 20 23 24 25 14 25 17 21 24 17 23 22 23 24 19 16 26 27 27 15 22 23 16 17 22 16 30 18 25 31 30 19 18 12 20 20 21 22 23 20 21 23 26 22 18 33 26 18 21 23 18 29 27 24 11 29 24 28 20 15 17 24 24 25 28 22 15 21 18 17 23 27 20 22 19 19 19 17 21 10 17 15 25 18 27 27 24 20 25 18 17 28 26 25 23 17 24 31 27 19 21 27 29 25 13 22 27 19 8 26 20 19 19 22 28 25 17 15 20 19 26 25 25 12 25 32 21 12 15 19 16 21 26 26 18 22 20 22 16 19 21 22 21 21 17 23 18 18 24 25 14 18 20 17 25 18 28 27 20 21 18 21 21 20 25 21 23 20 23 24 14 18 15 16 18 20 25 19 21 16 25 19 21 17 21 19 23 18 23 19 23 16 19 20 22 24 23 16 25 26 21 19 18 18 24 24 17 24 18 15 20 21 23 29 18 19 19 23 25 17 20 22 16 21 23 18 20 25 21 20 29 21 21 25 22 30 21 21 26 21 13 24 23 20 16 22 11 22 24 22 17 21 24 23 26 12 25 17 18 26 14 18 19 20 14 28 25 25 18 20 24 24 20 16 23 23 21 25 21 23 19 24 22 15 28 28 19 10 17 23 21 20 17 21 18 25 19 27 23 20 21 29 25 19 21 24 22 23 14 19 20 18 17 22 25 23 14 21 23 20 19 17 12 21 28 23 22 29 23 20 23 24 21 16 22 24 24 29 14 24 17 18 17 21 21 20 21 23 24 22 18 19 26 25 19 22 16 23 13 18 26 27 18 17 18 20 20 16 21 29 21 27 20 20 18 21 20 27 25 16 27 25 27 15 24 26 23 22 19 18 23 19 23 22 21 16 21 19 28 26 18 22 30 25 21 15 19 21 20 31 28 18 28 21 23 21 20 28 23 18 18 27 32 18 19 17 12 23 27 25 21 33 27 14 23 19 11 22 22 24 25 14 16 24 16 16 17 14 25 20 23 14 24 23 20 14 19 19 17 27 25 28 17 27 19 25 11 23 20 14 22 29 26 26 22 25 19 26 24 21 22 21 25 17 21 21 16 22 22 14 24 14 19 26 24 19 27 18 19 15 19 18 20 31 29 25 30 22 18 27 19 19 22 15 17 14 20 21 29 19 34 15 22 15 28 22 18 24 19 19 20 21 19 31 30 20 17 25 16 27 29 17 26 25 25 23 20 16 19 21 16 16 28 21 19 17 21 19 22 21 20 15 19 23 20 28 22 16 21 19 22 21 19 27 21 26 23 13 29 23 25 16 24 20 17 13 22 19 29 23 25 25 29 22 24 13 17 17 24 23 21 18 22 19 22 17 21 17 21 25 18 34 26 23 11 21 15 25 21 18 17 18 23 24 23 19 24 18 18 24 18 26 32 17 24 23 25 34 22 27 17 30 23 16 19 22 23 29 27 24 24 18 22 18 22 18 25 21 20 15 21 18 26 16 18 26 20 32 22 19 28 17 25 20 29 27 16 20 22 25 22 24 23 26 21 20 21 21 24 16 18 14 28 23 19 23 16 21 25 39 19 22 18 17 15 20 19 16 24 21 19 20 16 18 25 27 25 17 14 26 20 25 16 19 23 18 17 36 25 23 22 16 22 11 23 18 25 11 25 24 26 22 15 18 14 27 15 17 26 24 25 20 20 36 22 13 19 20 19 25 23 21 21 25 25 17 11 26 18 19 25 23 17 19 20 19 22 17 21 27 16 20 17 21 19 23 21 15 23 21 14 24 25 16 22 20 21 24 17 21 22 21 25 35 16 18 21 17 20 26 19 19 29 19 21 22 18 19 15 19 20 32 20 24 18 15 21 24 16 26 19 19 26 23 27 18 24 22 23 24 24 25 18 18 21 27 29 24 17 26 21 26 15 21 20 27 20 30 18 29 24 29 21 24 19 19 14 27 21 13 20 19 25 25 23 29 20 21 25 20 16 22 29 27 22 26 15 24 23 15 22 22 27 27 20 16 21 23 21 22 15 27 19 22 18 15 19 16 23 24 18 27 36 18 22 27 18 29 26 19 30 14 17 29 25 23 19 21 22 25 9 19 14 23 37 21 26 18 24 25 22 19 23 25 21 23 26 26 20 16 23 19 20 24 14 34 26 29 20 21 15 17 25 23 22 21 26 21 27 23 23 16 14 22 21 27 17 18 31 19 20 26 27 22 21 17 26 22 16 16 20 21 19 22 21 21 23 17 14 24 28 30 28 18 18 22 23 21 24 18 29 19 30 13 28 24 23 23 26 17 14 16 18 18 17 30 25 19 24 23 16 16 23 27 25 22 27 31 22 10 19 22 22 21 21 26 27 18 20 25 17 16 17 22 17 27 24 32 26 12 26 24 16 19 27 15 21 14 17 28 16 23 20 26 20 22 13 22 13 28 20 25 28 20 26 20 19 24 15 16 16 23 26 15 27 18 27 20 23 22 23 24 19 20 22 28 23 30 26 13 25 24 16 15 19 24 26 23 27 27 20 20 13 21 16 16 24 18 30 23 17 24 20 18 34 27 26 24 26 18 17 25 22 28 16 20 18 16 14 16 24 19 22 20 15 19 22 21 20 21 23 17 15 24 22 15 19 29 24 26 25 23 20 21 17 25 31 18 21 28 29 24 21 17 18 14 17 27 21 22 16 27 19 22 30 26 17 18 19 22 15 21 20 21 23 26 30 22 26 18 20 20 17 21 26 15 28 15 15 22 26 16 24 11 15 26 22 25 17 29 20 25 19 20 22 21 29 16 33 19 22 20 21 26 18 19 18 15 34 19 21 33 24 17 28 25 19 35 23 15 20 16 21 24 25 22 26 16 25 14 22 23 27 14 15 30 24 19 18 27 23 19 19 24 16 20 19 19 24 10 22 20 13 24 28 15 23 12 11 19 14 20 17 24 23 19 24 22 22 22 22 21 22 18 30 25 20 23 22 31 18 21 21 23 15 16 25 32 24 22 24 18 24 20 14 14 23 27 17 13 19 18 17 26 19 21 26 19 16 24 20 27 17 23 26 21 19 17 23 16 26 24 18 16 17 21 20 17 23 14 28 28 17 27 20 26 26 29 17 20 33 17 24 36 24 10 24 23 23 15 22 20 21 16 22 22 25 19 17 20 20 18 22 16 28 21 28 17 24 26 21 17 21 25 20 19 20 17 24 23 28 25 17 20 17 23 28 32 22 20 22 14 21 19 23 31 29 17 16 18 21 18 17 16 21 26 30 25 22 24 23 24 27 20 22 16 18 24 23 17 21 24 16 23 19 19 20 24 15 18 21 23 22 31 23 16 17 27 22 22 26 23 24 11 20 20 25 22 21 24 17 18 14 24 23 24 27 17 27 21 26 17 22 17 29 27 18 14 11 25 18 24 22 23 20 23 13 17 8 24 29 21 21 29 27 22 18 19 24 21 26 17 10 19 20 19 17 23 29 24 19 26 23 26 25 21 26 13 21 15 20 20 35 19 20 16 20 20 26 21 20 20 27 19 22 26 19 23 26 22 19 21 27 18 14 16 25 26 27 16 23 23 20 20 19 24 23 15 26 31 18 27 22 23 18 23 28 20 22 15 17 19 22 23 23 25 33 29 27 21 22 18 18 17 24 18 18 27 15 36 23 20 31 12 28 12 16 22 21 22 22 21 20 18 22 14 12 21 13 21 22 24 24 22 20 23 23 20 32 13 23 25 19 19 13 11 26 19 19 25 20 25 24 19 21 16 27 17 19 24 20 26 25 21 12 20 25 26 23 18 22 20 18 15 20 24 19 26 15 22 23 19 27 29 23 25 17 24 28 13 15 18 22 15 21 15 19 23 22 12 21 27 25 19 21 24 19 21 17 20 20 27 16 26 20 22 20 26 27 23 18 19 18 16 11 22 27 23 30 24 22 22 21 17 29 21 20 18 16 14 18 21 17 25 21 21 24 24 18 19 27 19 30 15 19 20 21 21 23 23 19 24 27 19 26 28 23 30 21 23 31 15 25 15 20 23 20 17 10 32 9 25 20 28 20 15 19 22 23 22 23 19 13 20 18 19 28 23 20 26 22 22 24 27 14 19 18 17 29 21 25 25 20 25 17 22 29 14 20 24 18 16 20 27 20 18 24 19 24 18 23 19 18 16 18 16 25 17 19 27 33 23 19 16 19 15 23 18 22 21 22 23 27 24 23 18 15 20 19 27 20 22 24 18 25 17 18 21 23 20 26 24 15 25 24 22 22 15 21 25 24 21 18 19 20 28 27 26 17 20 29 17 19 28 22 22 21 19 23 18 23 18 27 17 18 16 22 21 18 22 29 30 21 26 20 19 23 25 14 17 25 11 18 20 22 34 21 21 21 19 32 30 20 29 25 18 22 28 20 18 22 15 23 18 24 15 24 15 28 18 13 21 23 18 19 26 18 26 17 15 28 18 11 22 21 24 25 15 33 10 19 22 24 19 27 19 30 19 20 19 11 25 24 25 25 23 17 17 25 29 22 19 17 22 33 22 20 21 13 25 25 18 18 26 31 29 21 22 18 21 23 17 21 20 20 21 22 25 20 28 26 19 26 22 17 18 21 22 28 18 19 27 21 22 17 26 23 12 20 19 22 21 19 27 17 19 21 25 16 17 16 26 22 19 19 15 21 30 20 26 13 27 21 30 22 14 28 17 22 30 27 19 23 16 15 20 16 13 21 20 26 13 20 22 16 22 21 22 20 11 25 28 23 20 17 15 15 21 16 21 25 21 17 24 22 26 22 22 16 26 23 21 21 27 14 21 14 30 29 15 16 28 20 20 22 22 14 18 14 32 26 22 25 24 16 23 24 19 19 26 19 24 21 20 24 22 21 20 22 21 25 20 11 21 25 22 18 23 20 26 18 18 26 13 28 25 18 16 24 25 22 16 17 22 23 23 19 20 27 21 18 17 19 21 26 21 31 12 22 20 17 22 20 28 13 18 18 19 22 14 26 21 13 19 23 20 16 27 24 22 19 17 15 23 28 21 26 21 30 25 22 16 17 21 22 19 13 23 16 28 17 26 27 16 19 24 19 18 24 26 28 25 23 20 20 23 16 27 25 24 21 16 22 22 26 29 18 17 29 22 23 22 23 20 19 21 28 20 26 25 22 24 17 16 20 18 21 23 17 15 28 19 19 25 20 22 25 19 18 20 18 20 31 22 26 15 22 24 23 17 24 16 27 15 30 21 26 14 18 18 19 21 21 20 21 20 21 24 26 25 10 20 22 24 20 20 24 23 20 27 23 25 23 13 20 23 22 15 16 23 17 26 20 19 30 26 27 30 15 20 22 14 17 20 15 29 24 16 24 23 17 26 23 13 16 20 15 17 20 25 15 27 26 25 25 31 26 20 19 22 21 23 23 15 19 20 26 24 24 23 20 26 26 25 18 20 22 16 21 15 19 20 31 17 24 16 23 22 17 22 14 12 23 27 25 30 18 27 18 16 18 16 25 21 19 21 19 19 20 25 25 21 18 23 21 16 23 32 18 25 15 15 21 16 29 24 25 22 29 16 27 25 18 16 25 23 22 19 21 17 32 17 24 23 15 22 21 18 23 25 29 23 21 25 20 17 21 18 25 22 23 26 20 18 26 21 14 17 20 25 19 22 26 22 28 20 24 19 22 21 16 29 21 27 19 25 26 26 16 19 19 16 18 21 21 17 23 22 20 25 24 28 16 24 19 21 14 30 20 24 28 21 25 15 17 19 24 16 26 22 25 25 18 24 19 21 23 20 16 20 15 19 22 19 12 20 25 22 16 22 16 21 19 24 24 27 29 30 23 15 18 20 19 17 26 13 16 25 26 17 20 18 25 19 12 20 20 23 29 28 20 19 27 18 20 22 23 24 20 25 22 28 27 21 28 20 20 18 26 20 18 21 17 18 22 18 20 22 23 19 18 26 28 17 13 29 23 29 20 20 26 22 17 19 25 27 19 15 16 28 25 26 25 27 17 19 24 25 25 15 18 29 17 21 28 16 13 19 23 25 26 18 27 28 20 19 21 20 17 13 20 14 26 19 19 18 29 11 20 25 25 15 20 13 23 26 18 17 29 34 19 24 17 21 24 22 22 24 26 30 19 23 20 17 24 19 18 25 16 15 15 13 24 19 20 20 17 16 21 19 18 24 21 18 17 18 27 26 20 17 14 28 18 17 22 21 21 27 24 16 21 12 21 25 14 19 13 25 25 16 17 9 23 19 15 20 23 20 31 22 23 29 21 22 34 25 19 15 20 17 18 23 24 20 21 19 20 24 26 25 20 25 17 23 25 17 18 22 21 16 21 23 21 11 30 28 33 14 21 25 11 29 24 20 31 16 23 29 27 20 18 26 17 14 15 20 26 31 19 20 24 27 19 16 19 22 24 21 22 22 32 19 26 21 22 21 23 21 21 16 22 21 23 25 29 19 22 21 25 27 17 17 14 26 23 22 27 19 27 19 16 21 18 20 25 20 19 16 16 23 23 28 23 24 15 22 17 22 28 15 20 17 15 21 25 24 25 24 25 14 20 19 16 23 29 15 18 26 26 23 20 20 19 24 22 22 23 17 25 22 17 25 23 13 20 28 19 19 26 27 23 28 16 22 14 19 23 20 27 26 22 18 17 28 23 21 16 17 16 29 21 17 19 25 13 26 23 17 24 21 21 28 25 19 23 21 18 15 26 24 27 21 16 19 23 27 18 21 22 27 21 28 19 21 16 30 13 28 25 22 18 28 11 27 26 22 10 22 19 22 17 18 15 22 20 21 19 22 20 16 23 16 21 21 21 14 12 26 20 17 20 20 22 21 22 20 21 23 27 32 24 23 24 21 26 23 19 15 26 18 18 31 23 24 19 12 24 21 16 21 15 17 24 18 9 37 27 22 18 23 17 26 22 24 17 26 13 20 26 19 23 27 21 23 20 22 24 22 18 19 23 22 22 24 21 17 12 18 25 20 20 22 17 25 17 24 31 13 26 14 8 13 27 25 16 23 22 27 22 31 19 23 19 27 37 20 11 18 21 17 22 23 27 17 32 23 16 24 16 21 21 33 24 22 19 21 23 27 23 15 26 20 17 23 18 20 22 23 17 24 27 23 25 22 27 26 21 27 19 26 20 18 20 32 25 13 33 27 27 22 19 21 19 21 25 23 15 18 30 23 19 16 21 17 24 27 11 21 21 20 21 28 18 27 17 26 25 21 22 28 14 29 19 25 25 21 22 22 15 18 30 31 19 22 15 20 31 16 15 21 21 32 23 21 21 20 23 16 16 13 21 25 12 24 14 24 16 19 21 21 18 15 19 28 19 26 24 15 23 26 17 25 22 21 18 20 19 28 18 17 20 28 18 19 18 32 24 17 18 18 18 25 17 20 29 23 22 19 23 24 19 16 15 18 11 15 20 23 25 22 35 21 21 25 19 18 24 24 25 26 21 24 32 27 15 11 25 19 24 24 27 17 22 26 23 23 24 30 24 22 21 12 16 19 14 18 19 22 30 24 15 20 17 24 23 18 20 17 22 23 14 27 25 22 23 20 21 23 17 24 28 17 18 12 20 35 19 18 20 15 23 24 28 31 21 19 27 24 17 16 20 22 24 21 22 18 27 14 23 23 13 24 17 16 20 23 26 17 23 20 19 14 19 26 19 29 23 21 21 18 22 26 27 12 25 25 19 28 21 24 28 22 25 18 18 21 18 15 27 25 25 22 26 24 23 15 11 20 27 20 24 16 31 21 26 23 20 25 18 14 17 20 19 30 26 18 17 15 17 22 14 26 21 20 26 23 22 17 26 21 18 25 27 22 14 21 10 25 17 28 20 23 18 19 28 20 18 23 14 22 24 22 19 24 30 18 19 18 19 21 30 22 18 16 16 28 17 23 29 15 22 20 21 24 18 16 19 20 20 17 20 25 17 23 24 18 30 25 26 21 16 21 18 21 20 17 25 20 21 27 23 28 23 31 24 18 23 23 15 20 23 20 27 26 25 21 15 15 15 25 28 20 20 21 16 24 25 24 24 21 20 22 20 20 25 22 29 17 28 19 19 19 17 21 22 22 18 28 28 27 19 15 24 27 18 23 23 15 26 28 16 17 24 14 30 23 23 34 20 12 22 24 21 18 15 22 12 26 34 18 20 22 15 20 21 25 22 26 24 38 23 26 25 23 24 16 26 19 17 15 17 20 18 23 28 18 26 23 22 15 24 23 17 30 26 17 19 20 15 17 28 19 14 27 23 24 15 22 25 14 17 19 20 20 21 23 24 19 18 20 19 15 16 15 17 26 24 22 23 29 25 22 12 25 26 23 20 9 18 24 19 27 15 26 28 23 15 27 21 37 20 16 25 25 17 19 21 17 21 20 20 17 25 20 23 22 25 20 23 12 22 21 16 26 27 36 22 18 18 23 23 20 17 21 24 27 20 28 23 18 12 21 24 17 25 16 15 22 26 27 25 25 26 17 19 26 20 19 21 30 18 16 25 22 21 23 24 29 17 14 22 20 18 20 23 27 15 20 14 29 18 23 25 16 25 23 17 23 24 19 29 20 16 15 20 25 30 17 9 25 21 23 22 18 20 13 23 13 25 29 21 30 21 19 21 28 21 21 18 17 24 27 17 18 13 27 21 24 23 17 22 23 26 20 25 19 22 17 22 22 19 18 21 26 27 15 13 13 25 33 22 25 18 28 22 22 31 15 26 18 17 16 17 16 19 17 17 15 19 20 27 17 23 29 25 25 26 20 19 21 23 17 17 30 22 21 13 19 26 25 20 16 29 15 20 15 19 33 20 27 22 28 24 23 19 27 19 17 17 19 27 16 22 27 22 20 22 23 17 19 18 18 20 26 16 22 21 19 19 22 18 23 22 20 17 28 14 15 19 15 29 24 22 18 15 21 20 28 19 15 19 21 26 25 12 23 24 23 22 27 21 18 19 23 23 19 26 15 25 18 19 25 16 30 21 27 26 11 19 32 25 14 20 31 21 15 23 7 21 26 19 25 17 27 21 20 26 20 26 26 17 23 20 16 20 18 28 23 17 19 16 16 25 19 33 17 23 25 19 20 23 23 15 30 14 17 16 14 13 27 25 27 17 24 31 19 23 13 21 28 15 23 18 22 21 28 19 16 17 19 21 28 16 18 32 27 19 24 25 19 25 20 24 21 18 27 17 14 26 26 22 18 14 21 25 29 17 23 18 16 14 23 27 19 27 19 18 15 24 22 18 29 25 28 22 21 19 17 17 22 21 17 25 21 20 20 18 22 22 20 37 27 19 31 15 18 20 14 24 15 28 19 21 20 12 19 22 20 27 19 22 17 17 28 19 16 26 18 24 18 19 19 32 18 29 20 22 18 17 25 15 17 17 25 21 25 17 18 21 19 24 13 30 16 21 21 17 26 25 25 15 20 23 18 19 17 21 23 18 25 15 14 20 20 22 23 33 23 21 24 19 26 21 22 15 26 19 19 19 15 20 19 20 20 28 28 24 20 14 21 20 25 26 18 20 22 22 22 20 19 19 29 11 25 26 20 19 15 20 21 15 10 30 20 32 22 23 26 20 25 23 20 23 28 15 15 20 18 21 22 22 21 20 19 16 30 21 25 16 18 24 13 31 15 21 21 25 14 19 25 22 23 15 20 25 24 16 18 18 22 17 25 20 21 16 22 31 27 20 16 18 22 15 16 20 25 25 23 22 20 22 20 26 26 12 19 16 30 20 24 17 31 34 19 19 17 26 18 19 16 21 20 20 26 24 16 20 19 28 24 21 22 28 17 29 15 21 22 14 21 22 25 18 27 25 17 27 22 17 23 25 20 19 17 26 15 28 18 16 22 21 23 19 18 21 17 24 22 20 18 15 25 18 17 18 20 20 19 22 23 22 24 16 18 21 16 22 22 29 17 21 31 19 18 20 29 20 28 20 18 22 26 23 20 21 21 27 18 22 29 23 16 17 28 24 11 17 20 27 22 23 24 19 25 20 27 24 25 18 29 18 25 21 23 17 17 19 17 22 10 28 26 23 11 18 22 22 19 21 28 25 19 23 24 13 24 17 15 21 29 24 21 30 18 26 22 19 20 31 18 24 22 16 22 17 21 18 23 29 18 21 19 27 19 19 22 16 23 26 21 20 26 24 23 26 26 18 29 21 24 29 17 24 21 24 21 20 28 20 29 22 23 20 21 21 28 23 25 25 22 23 16 24 26 19 19 19 25 24 18 17 22 20 21 23 20 19 13 20 20 14 21 29 22 29 19 20 23 30 22 13 17 20 16 33 21 20 21 17 25 21 18 20 22 25 32 18 20 20 25 20 20 16 24 28 24 23 13 25 21 20 17 20 24 18 19 24 11 18 17 22 23 22 21 27 18 21 24 23 18 24 20 26 24 19 27 17 26 20 31 21 18 19 23 12 21 14 28 25 26 32 28 29 17 28 19 13 19 19 31 21 9 26 21 17 18 17 18 17 22 20 25 21 23 21 19 23 30 22 22 20 20 15 17 26 22 20 24 37 24 28 22 14 29 20 29 14 21 26 26 20 18 18 11 13 21 26 19 14 24 21 19 31 29 22 28 18 24 28 22 20 21 15 23 22 15 26 25 22 17 17 26 11 25 22 19 19 30 18 22 18 16 19 24 27 21 20 19 29 17 28 27 19 21 22 20 22 17 14 26 20 24 20 26 22 25 22 20 14 18 25 21 22 25 26 23 22 22 19 29 15 22 19 21 24 13 26 29 22 17 26 17 22 24 19 21 30 24 37 22 15 21 21 25 17 27 25 15 21 20 22 19 27 29 22 17 24 15 18 20 33 26 32 25 23 24 22 27 17 24 15 20 22 19 22 20 34 25 21 16 16 26 18 25 20 24 25 20 16 16 25 20 25 30 20 18 24 16 14 20 26 24 27 29 12 19 23 24 16 21 24 16 22 21 17 27 24 20 22 26 27 20 21 22 20 22 23 23 25 18 23 21 26 21 35 20 23 20 28 27 21 18 15 17 17 17 28 25 17 26 26 16 21 18 27 22 22 16 19 23 13 26 25 25 24 19 20 24 20 28 19 14 20 18 8 21 23 23 22 17 20 28 24 19 17 18 29 22 21 21 24 26 23 14 15 25 24 16 11 21 26 21 26 26 15 22 26 17 24 24 21 22 26 15 20 21 32 20 19 23 17 30 19 28 24 29 22 15 21 15 21 22 24 22 22 22 18 23 29 23 13 25 20 12 21 19 25 19 20 24 22 21 18 19 19 27 24 22 21 18 28 16 22 19 19 19 31 22 27 20 20 29 24 19 18 15 17 23 24 24 25 19 16 21 18 15 22 23 26 22 17 19 32 24 26 16 16 14 28 20 20 21 26 14 26 20 21 24 21 26 14 22 23 19 17 19 25 30 20 23 18 24 16 28 20 18 10 27 27 19 20 10 33 19 28 20 30 25 17 22 15 26 22 18 20 25 15 15 20 21 21 26 21 25 22 15 18 21 19 22 23 24 19 17 23 23 17 27 20 21 20 19 19 23 28 29 19 20 20 18 19 14 20 29 20 15 22 17 21 29 22 20 26 19 18 21 24 14 15 19 20 30 20 23 16 21 20 22 17 20 28 34 11 25 16 27 24 21 19 19 27 18 21 24 23 18 17 17 15 22 18 15 24 18 20 26 26 27 29 20 19 20 16 29 21 15 21 19 26 18 18 27 24 14 24 20 28 33 14 21 15 19 19 25 24 28 26 32 17 20 15 23 18 27 20 27 27 16 23 20 21 22 23 16 23 17 24 16 27 22 15 26 20 18 22 16 24 28 14 18 20 26 21 28 30 24 22 22 26 17 19 17 30 25 25 24 14 18 17 24 20 20 21 22 18 20 16 15 16 23 18 16 16 24 23 19 20 26 21 24 24 21 19 19 20 15 26 26 21 20 24 21 18 14 21 16 20 15 24 21 34 18 19 15 24 21 13 19 21 16 17 25 17 20 20 14 25 30 13 21 28 25 19 18 22 25 18 19 15 17 19 27 21 22 32 27 16 21 21 17 18 17 16 14 28 22 16 23 23 15 23 19 17 25 13 21 22 28 21 12 18 24 21 22 33 23 29 15 21 25 23 20 22 13 21 28 25 20 28 22 9 20 17 23 24 18 26 28 22 25 18 11 20 25 13 21 25 32 17 29 18 18 14 16 22 26 16 25 24 20 20 20 29 14 17 15 29 20 22 23 26 25 26 17 24 15 17 19 29 13 18 15 21 26 26 21 24 26 16 23 25 20 26 18 19 20 22 19 18 18 17 16 18 25 18 18 26 26 25 23 20 11 20 31 21 21 25 17 18 19 17 18 12 24 15 26 28 22 15 15 24 15 26 17 21 21 20 21 16 24 22 26 12 16 25 15 28 18 23 20 25 17 30 18 20 23 20 14 30 26 22 17 16 16 17 21 18 23 18 27 27 15 26 16 23 24 20 17 30 12 20 24 18 22 21 15 18 19 22 25 17 19 20 23 31 18 24 18 20 15 21 23 26 21 17 19 17 30 17 11 19 18 20 24 14 29 22 25 18 26 21 20 17 15 24 20 21 18 21 23 16 28 22 22 18 30 29 24 27 21 23 31 24 24 19 20 25 16 27 22 15 18 19 27 21 16 17 18 25 28 15 33 17 23 18 25 20 28 23 20 30 15 23 24 25 19 15 21 12 16 24 21 24 26 20 12 24 24 22 22 32 21 22 22 22 15 27 19 23 30 20 21 21 23 22 18 18 16 27 12 18 17 22 21 12 23 13 25 36 18 19 10 19 12 20 18 23 21 25 26 19 25 27 21 19 24 22 13 22 30 15 28 17 14 24 14 19 29 21 25 22 22 18 21 22 24 21 19 25 21 28 26 27 15 17 19 22 12 25 19 19 22 24 18 15 16 17 20 22 17 20 28 19 27 24 23 19 35 17 17 15 21 24 20 27 21 23 22 27 22 13 25 22 14 21 19 17 22 25 24 28 21 21 18 21 11 23 26 23 16 24 13 12 24 22 21 17 16 16 28 19 30 17 24 17 29 19 21 17 16 18 27 19 31 17 20 23 20 23 16 21 18 24 20 22 23 15 24 13 13 18 20 13 24 20 17 15 18 18 21 18 27 19 18 24 8 17 22 28 23 16 24 23 20 22 23 28 23 16 23 30 22 26 26 25 32 17 17 19 19 25 19 26 25 24 14 28 19 19 22 19 28 32 25 19 33 25 21 23 17 21 16 19 17 22 20 22 25 15 20 23 23 25 19 11 19 15 24 24 26 20 27 31 20 16 24 13 21 28 19 17 14 21 20 21 21 17 23 19 30 19 24 18 23 23 12 21 26 23 20 21 30 23 13 31 18 18 22 27 13 15 27 24 16 24 22 20 27 19 33 17 26 22 18 27 23 21 20 20 26 22 24 21 29 19 16 31 16 24 27 24 26 24 27 23 26 25 19 18 18 20 29 25 23 20 29 18 26 16 16 17 24 30 18 16 18 30 21 30 24 24 28 30 31 15 22 24 30 22 25 18 19 13 22 23 11 33 18 19 27 22 22 25 15 23 23 19 23 18 26 21 30 28 23 25 17 15 9 29 24 18 18 22 21 19 28 27 8 18 15 19 23 19 20 24 29 20 24 17 12 16 21 12 24 24 26 38 19 20 17 24 16 23 25 22 14 22 26 21 21 16 19 21 29 21 21 21 15 29 29 8 20 24 18 20 20 14 21 26 26 21 23 24 29 20 14 20 25 20 13 25 23 25 20 21 18 23 25 16 18 18 22 24 16 18 25 20 22 19 30 25 28 22 22 25 22 19 19 14 21 22 16 23 23 19 19 16 23 24 26 23 20 20 25 18 20 20 18 24 25 20 22 14 18 38 19 17 29 19 16 20 20 23 20 22 30 21 20 22 12 24 17 25 16 21 21 21 18 23 19 15 17 23 18 18 18 22 16 26 20 31 17 22 26 22 14 16 28 21 27 19 24 28 14 18 22 19 24 18 28 23 26 20 23 18 15 24 22 12 31 20 27 20 22 23 19 27 22 25 18 18 23 24 16 23 21 20 25 16 24 12 22 24 21 18 24 28 22 22 25 17 18 19 27 21 26 25 15 20 25 20 22 17 33 25 21 20 22 16 20 17 18 26 20 24 17 23 26 20 16 23 21 29 14 24 22 16 21 20 21 23 25 19 32 23 18 22 26 21 23 26 10 24 21 17 25 26 23 19 15 18 26 20 21 22 25 22 25 18 26 21 16 17 20 36 20 22 29 20 26 24 23 23 24 18 16 28 16 23 24 24 19 23 14 29 21 20 20 22 14 29 23 17 15 22 17 31 23 22 22 13 17 24 26 21 21 13 17 24 21 23 16 14 27 37 27 19 18 24 26 21 16 18 34 16 28 21 19 20 16 19 24 23 16 19 23 21 13 21 19 27 18 22 14 22 16 18 21 22 24 29 16 22 24 22 27 15 16 20 22 26 16 26 18 17 21 16 23 27 23 22 15 14 13 22 22 31 22 20 16 22 23 19 24 22 28 24 22 20 18 21 16 18 28 26 17 16 23 13 14 20 18 27 25 17 21 15 26 22 24 17 16 20 19 19 15 23 21 13 20 25 18 21 21 24 24 13 28 21 18 15 24 18 18 27 15 21 21 25 16 22 20 14 24 21 19 25 23 18 17 23 21 24 31 18 21 18 29 18 19 16 22 20 20 22 20 18 24 17 25 22 21 26 13 21 25 22 19 16 19 20 21 20 22 18 13 28 15 25 30 17 33 18 15 19 17 28 20 25 18 25 29 17 21 19 26 23 17 18 18 23 24 28 27 29 23 20 18 13 20 20 21 20 22 24 27 24 22 27 17 22 30 15 18 23 20 26 20 21 22 21 17 27 17 21 25 21 26 23 15 18 21 22 22 15 21 23 19 28 19 27 15 17 16 22 24 23 19 31 30 20 16 14 17 16 25 27 18 23 19 18 19 27 14 28 27 33 23 23 19 16 18 25 20 23 21 23 24 15 26 18 22 18 18 27 18 17 22 24 19 20 23 22 19 21 27 21 23 17 16 14 27 20 23 29 24 20 23 15 22 24 19 23 19 20 24 23 25 29 19 21 15 20 17 23 19 23 22 29 26 22 18 25 23 23 23 17 20 15 17 29 14 18 22 24 24 25 30 20 21 23 27 17 28 24 17 12 20 21 29 26 29 21 21 21 14 19 13 14 23 22 27 26 27 21 22 14 17 19 21 25 21 18 20 27 20 17 17 18 22 21 19 18 22 13 23 26 22 24 16 22 21 17 22 15 29 16 21 24 31 13 21 28 15 20 14 21 20 17 17 14 26 22 22 20 22 16 17 32 19 21 23 17 11 18 15 27 27 20 26 29 20 26 21 19 17 23 26 20 18 16 20 25 16 20 31 20 26 21 28 29 15 34 12 21 27 20 20 11 20 21 21 17 25 25 19 26 21 23 18 28 19 23 16 21 13 13 21 19 25 21 21 18 21 18 20 7 25 19 26 17 20 35 14 23 22 19 22 20 27 15 19 24 22 23 17 21 26 27 18 24 21 16 21 22 31 22 19 16 27 20 19 11 15 18 16 29 22 28 16 26 23 22 27 16 24 17 13 16 5 22 23 9 29 21 28 29 26 18 24 17 24 17 24 14 24 23 21 18 18 29 13 17 21 14 19 20 21 29 24 27 22 17 20 21 16 19 25 22 19 23 14 33 17 19 22 15 26 21 22 16 17 23 23 23 28 14 21 22 14 18 22 19 28 19 18 19 21 23 27 16 26 21 20 25 17 15 21 27 28 20 14 23 25 23 18 18 18 14 18 22 24 17 17 18 26 23 18 23 38 21 26 19 17 21 21 17 20 26 22 23 23 21 15 19 15 19 17 20 22 13 18 22 33 26 22 16 20 21 22 16 25 17 20 20 20 21 16 29 15 12 30 22 19 19 23 25 21 25 19 15 12 23 22 22 20 23 29 29 13 27 27 13 17 16 21 24 16 22 19 22 14 23 14 23 30 20 20 23 23 19 27 19 18 14 22 18 26 27 20 16 19 17 25 21 15 20 18 23 24 21 20 21 14 21 26 20 17 15 18 23 21 26 20 22 25 22 20 24 24 23 19 20 21 21 24 18 22 14 13 20 21 25 17 28 25 24 23 17 24 19 15 29 21 24 23 25 17 23 25 19 20 18 18 19 20 21 23 23 25 17 19 23 19 15 19 24 26 17 22 17 12 15 23 16 24 20 25 15 19 16 23 28 17 16 13 20 12 20 30 19 16 24 21 20 12 21 19 14 21 20 23 21 15 28 17 22 24 9 22 24 29 18 25 19 24 19 20 18 19 28 27 17 26 26 22 26 25 26 19 23 21 17 26 16 27 20 25 16 20 19 17 18 24 19 25 13 17 21 20 22 26 20 28 24 15 28 26 16 25 24 20 20 16 26 33 16 23 16 24 11 22 19 17 20 15 19 19 13 23 26 21 26 18 27 26 23 14 23 20 26 22 26 27 24 18 18 18 24 27 23 20 25 25 17 26 26 16 21 25 19 23 18 18 28 24 23 18 25 24 26 16 19 16 21 13 20 21 24 30 27 18 21 15 20 14 18 19 17 26 32 30 25 21 18 14 13 26 27 20 16 26 19 19 24 21 18 21 14 20 18 20 23 17 17 18 17 29 23 26 18 15 20 20 22 20 19 18 23 20 25 17 22 19 13 27 18 31 15 23 19 25 26 22 16 25 25 21 21 15 13 22 19 24 19 27 22 21 19 18 22 26 24 24 22 25 12 19 23 23 31 17 25 18 28 27 23 22 21 16 17 18 23 20 17 26 18 28 18 26 20 26 17 31 28 15 22 27 22 22 25 12 25 23 24 22 26 17 16 21 20 16 24 18 25 27 24 23 18 24 21 20 14 19 21 21 23 21 19 33 19 14 24 35 33 20 15 17 18 21 18 28 24 13 18 24 26 20 25 13 19 26 27 19 26 21 20 31 20 19 18 20 18 17 21 20 14 21 17 20 27 24 27 18 19 27 13 13 29 17 20 22 28 21 13 27 17 19 26 18 16 29 23 17 21 21 25 20 11 26 13 31 17 17 20 15 34 23 23 23 25 26 22 17 19 18 25 27 19 18 27 21 18 15 25 26 24 22 16 18 27 18 20 21 24 19 22 17 24 19 32 19 23 15 29 23 28 11 22 34 22 19 16 24 21 15 13 19 22 27 20 29 16 22 25 26 22 27 19 17 14 24 19 19 20 19 16 20 26 28 24 24 21 20 19 25 23 25 25 22 16 19 17 18 14 24 28 22 13 26 30 18 23 13 14 21 17 21 21 20 21 25 21 23 16 20 15 30 15 23 26 35 17 17 15 20 29 18 21 22 22 21 21 17 18 23 17 29 13 25 27 24 18 17 21 26 16 29 22 23 18 16 17 20 20 18 23 12 25 18 20 20 21 28 20 18 22 26 16 24 24 22 27 16 27 20 19 25 29 16 25 16 17 17 17 27 20 26 22 23 17 12 17 20 16 23 21 24 21 22 23 25 17 26 16 20 17 23 17 18 18 21 22 18 14 23 19 27 21 28 21 21 18 20 15 25 25 20 24 19 27 23 28 25 22 18 17 15 16 16 22 28 23 25 24 22 16 22 18 20 16 16 14 18 32 22 16 18 18 20 14 22 25 20 26 20 23 20 17 20 20 19 23 13 30 24 25 12 26 18 17 19 20 20 23 9 24 20 30 15 19 26 18 17 20 29 25 19 20 14 19 31 15 20 21 14 31 18 24 15 11 22 29 10 21 16 26 26 23 16 24 20 20 24 21 23 26 22 23 21 20 15 15 15 18 24 21 25 23 18 34 23 23 21 15 23 28 20 16 17 25 29 23 22 36 20 19 17 16 18 24 13 19 24 21 26 26 25 19 20 22 17 17 19 14 21 21 18 24 19 17 23 24 24 27 15 28 13 23 24 24 14 18 22 20 22 29 20 27 26 19 22 17 25 23 20 27 17 21 20 22 26 19 13 20 21 22 26 27 13 18 23 15 23 17 28 25 23 15 21 24 19 22 29 24 17 16 24 21 18 15 31 20 22 24 14 20 16 20 29 25 24 20 21 25 25 23 22 18 21 21 20 21 21 19 25 24 22 19 20 18 15 23 15 14 26 21 19 21 22 22 23 20 23 13 20 25 23 35 16 21 14 21 21 23 19 21 31 20 28 27 20 29 26 26 29 20 17 20 23 16 15 25 19 20 27 23 24 26 16 33 23 23 22 17 14 30 16 30 15 25 21 31 18 20 16 21 21 16 22 13 18 18 32 18 16 21 18 16 28 19 20 22 17 16 21 20 20 19 26 22 23 15 19 14 22 24 25 29 16 21 31 23 20 19 19 22 23 24 21 27 16 21 9 27 16 18 22 22 21 33 17 17 20 22 16 24 24 27 20 26 21 12 22 17 25 20 32 14 25 30 16 21 25 19 26 21 15 29 17 22 31 20 25 26 22 29 27 13 25 18 24 34 27 30 23 21 12 15 19 16 18 18 21 19 20 24 18 13 19 19 26 21 27 22 19 18 27 25 23 16 28 24 16 17 18 24 18 20 18 18 26 20 23 19 29 23 24 20 25 17 26 20 23 25 28 22 24 22 24 25 20 25 20 28 17 19 22 28 22 16 26 24 19 14 26 23 19 27 20 36 25 22 17 24 15 20 23 21 22 23 21 25 28 23 19 15 18 26 28 13 16 24 19 26 16 23 20 24 23 18 22 20 26 19 23 14 32 14 25 30 21 27 18 22 12 18 15 29 30 18 22 20 23 24 25 21 15 19 28 18 18 23 21 14 22 29 20 21 18 28 23 24 25 14 26 17 22 26 24 19 21 19 19 17 22 16 21 26 27 13 18 28 20 18 24 25 20 25 12 23 18 17 26 24 18 23 22 21 18 14 25 18 26 22 23 31 24 25 26 24 13 22 23 16 25 23 24 21 17 22 19 18 28 25 20 17 21 34 16 25 18 25 31 19 18 22 22 23 25 18 18 11 20 31 19 27 16 17 22 25 18 24 18 29 32 19 19 29 22 23 22 24 15 23 23 23 17 16 32 28 12 23 21 13 17 21 28 23 13 17 21 21 20 15 14 27 28 27 20 18 18 28 22 12 16 22 19 28 19 16 25 21 23 20 30 18 18 29 24 27 21 22 16 18 22 23 19 23 23 19 20 16 21 23 15 22 25 18 23 16 22 21 29 22 28 19 15 25 19 16 27 22 27 21 23 18 24 21 17 14 20 20 23 26 32 17 20 32 22 21 24 19 17 19 25 22 13 21 20 22 25 24 22 18 21 23 27 15 21 17 22 21 18 23 21 23 19 16 23 18 17 24 19 31 18 22 18 9 18 19 24 30 16 23 14 12 23 18 31 18 28 20 21 24 23 21 26 20 22 20 20 22 24 14 24 20 16 21 26 23 21 20 20 27 17 27 14 27 12 18 20 25 16 24 17 22 20 26 26 15 30 18 20 21 18 18 22 20 36 21 27 13 19 23 24 25 13 26 17 18 19 32 23 18 21 21 20 12 19 31 20 20 21 25 25 13 17 27 22 17 26 20 19 22 16 34 19 15 22 18 23 20 22 22 16 19 19 22 13 23 25 24 23 11 19 18 21 21 17 23 23 28 30 26 21 26 18 23 25 15 16 28 17 23 24 20 21 22 24 12 14 25 18 15 27 26 26 19 16 26 25 18 24 22 24 25 21 16 28 20 22 20 17 21 23 24 19 24 26 13 29 20 17 24 35 18 23 20 26 15 20 15 24 19 17 24 15 18 18 18 22 17 28 28 17 15 22 18 29 27 18 27 27 24 27 20 27 14 19 15 26 16 26 26 21 24 31 27 22 18 19 13 22 22 21 18 24 18 20 28 15 29 19 25 19 18 20 20 18 16 11 34 32 19 23 16 26 20 25 27 27 26 20 27 24 26 22 19 19 19 23 21 15 22 21 22 20 20 21 29 20 29 19 19 23 20 22 19 21 26 29 30 30 22 23 16 28 22 20 24 25 31 20 16 21 21 26 26 17 16 15 25 17 24 24 27 24 15 24 24 13 26 23 14 25 20 24 27 25 16 24 24 22 28 21 20 22 33 16 17 13 25 26 21 18 18 20 20 11 35 20 21 19 21 17 21 23 28 14 15 21 19 17 19 28 21 23 18 18 21 18 20 21 20 29 21 24 24 16 26 29 24 23 20 23 22 22 21 18 22 16 26 21 23 25 22 20 21 23 25 24 18 21 21 15 21 16 13 16 20 19 19 25 17 21 20 25 14 16 24 17 21 22 21 21 15 21 26 21 32 19 19 28 22 21 24 17 26 18 25 28 20 21 20 22 21 15 24 27 23 24 17 15 19 28 23 15 26 19 22 19 17 18 27 26 26 24 25 24 22 31 27 23 22 24 18 21 23 19 22 19 23 23 25 26 15 16 12 21 32 21 29 18 22 24 29 23 16 16 20 18 19 30 24 20 18 26 22 19 27 18 20 15 25 23 23 15 19 21 25 28 17 23 23 19 24 18 19 24 20 26 22 24 22 19 24 17 22 20 18 18 20 15 21 18 21 24 21 22 23 20 21 28 21 16 17 22 25 21 26 25 29 28 26 19 16 15 18 20 22 20 24 30 21 26 21 26 19 13 25 23 28 22 25 24 24 23 18 21 19 23 23 29 23 21 20 28 21 19 20 26 25 19 24 19 20 22 23 22 19 12 19 26 24 25 23 23 21 29 20 18 18 21 29 21 27 23 16 24 24 26 29 21 21 19 36 27 17 18 22 21 16 19 25 15 27 25 19 29 21 20 23 32 27 19 17 21 26 24 15 23 25 16 26 23 20 14 18 25 21 20 18 19 19 19 15 17 22 24 19 27 16 20 16 20 13 19 19 23 28 24 25 26 25 14 18 26 16 24 25 22 18 28 22 20 25 28 25 21 23 19 23 20 16 17 24 24 14 15 28 30 22 17 17 29 15 25 17 22 25 18 17 23 23 25 28 18 19 22 28 23 26 31 10 22 30 20 29 22 19 18 31 22 17 20 26 21 15 24 22 15 21 23 25 20 14 18 15 18 23 20 25 24 26 12 21 28 19 21 25 17 22 21 26 13 12 18 17 22 19 25 19 24 25 19 18 19 18 19 13 21 24 23 25 25 25 21 27 22 17 17 24 15 18 22 28 26 17 10 24 15 20 20 20 31 20 11 22 25 22 16 22 16 19 23 21 22 23 29 19 21 19 19 26 27 18 18 22 24 22 21 18 19 20 27 20 23 28 23 21 25 21 26 26 17 22 17 18 14 23 21 22 20 24 18 15 14 22 20 28 21 26 26 20 19 18 20 27 15 19 16 26 17 15 20 26 19 16 27 18 24 15 23 24 24 21 23 27 25 25 18 21 28 18 24 16 19 25 26 23 22 18 17 23 22 15 18 17 26 18 10 19 20 26 24 19 25 20 16 20 33 30 18 19 19 21 24 23 14 24 21 25 23 22 29 17 20 12 24 20 20 23 17 30 19 14 26 25 19 13 25 31 16 14 20 23 19 15 23 20 22 24 31 23 18 25 18 23 21 19 22 20 26 23 31 21 23 22 24 30 19 21 17 21 17 29 19 23 13 22 17 24 18 24 23 16 23 18 19 19 15 21 27 34 17 19 20 18 30 18 23 17 30 23 26 21 18 28 29 20 24 17 20 23 24 20 21 21 20 18 15 13 19 19 23 19 24 20 25 23 19 21 22 24 23 19 19 21 21 21 22 21 18 20 23 25 24 15 24 19 20 17 20 26 28 23 21 23 11 20 16 25 26 25 16 20 22 27 21 18 23 20 21 20 26 14 20 20 23 12 24 20 20 23 20 25 22 23 18 25 23 16 19 19 22 22 21 21 26 25 13 18 16 19 14 31 20 27 16 12 17 25 26 20 17 23 13 20 16 18 18 24 25 18 21 18 21 21 13 18 18 21 22 20 18 25 22 25 19 20 21 24 17 27 26 25 25 24 17 25 20 23 17 20 19 21 29 22 22 25 35 18 23 17 18 24 31 16 13 24 23 14 25 25 22 26 14 24 14 21 16 26 25 21 24 23 24 18 21 19 22 18 15 19 19 21 19 27 21 22 20 17 20 22 27 18 21 16 22 25 20 22 20 21 28 20 17 25 22 18 22 16 14 25 22 22 19 22 22 18 28 28 18 20 21 27 25 20 26 23 20 13 27 14 28 25 12 25 21 27 18 21 19 22 23 21 22 24 24 22 23 20 24 16 22 17 19 22 24 20 17 22 14 27 24 21 22 23 23 23 17 25 33 26 21 22 25 27 22 26 17 23 17 27 23 16 21 16 23 21 19 18 15 20 22 30 23 16 23 24 16 23 15 27 22 24 28 22 23 22 22 17 16 28 14 21 24 27 15 17 25 19 29 25 20 25 22 20 20 21 24 18 17 15 17 17 20 18 25 21 15 22 15 25 19 28 21 24 35 20 25 26 21 18 23 19 23 22 23 32 20 23 23 19 23 24 18 30 16 22 25 24 21 25 22 17 27 15 28 22 25 16 16 10 30 22 33 22 26 28 16 35 17 19 20 24 16 19 22 18 20 23 25 22 20 21 18 26 29 19 23 34 22 20 12 18 21 26 24 20 18 21 21 15 24 22 16 19 16 32 24 20 15 26 22 18 20 21 19 22 19 28 18 28 17 22 22 20 25 20 10 18 20 17 15 22 24 22 26 19 28 20 26 28 14 22 17 18 23 22 20 23 21 22 19 18 23 22 25 23 25 24 28 18 23 23 19 24 29 26 21 26 18 19 18 26 26 27 29 22 12 17 22 25 23 20 15 23 29 18 23 33 14 20 20 15 16 18 23 27 17 21 27 19 20 21 21 25 22 15 19 17 23 20 18 16 25 23 22 15 30 28 19 15 27 24 25 26 28 21 22 28 21 20 23 11 19 24 21 23 23 23 17 23 21 18 23 25 29 16 24 19 23 24 25 29 23 24 15 22 24 16 17 21 19 22 15 25 16 18 35 14 20 17 13 18 20 26 25 26 25 21 24 22 19 21 17 17 23 16 21 22 24 22 19 18 21 20 25 22 23 18 18 21 29 21 23 17 27 29 19 24 24 18 25 22 24 22 20 24 23 25 16 29 15 23 23 13 24 21 27 21 21 14 24 18 23 27 17 25 23 20 22 19 14 22 15 14 35 21 23 25 22 19 35 23 20 19 20 18 25 25 17 19 29 22 19 30 21 10 12 25 12 20 33 28 21 11 23 17 24 26 28 24 18 23 24 23 16 18 24 14 26 25 17 14 21 15 20 23 23 18 28 17 24 17 19 28 13 18 19 17 23 27 22 20 24 24 22 25 18 26 22 22 18 17 21 21 25 27 23 12 11 21 14 18 15 28 24 18 19 22 21 29 12 23 19 11 19 26 13 25 18 16 22 22 31 25 21 21 21 21 24 18 26 24 22 26 20 23 27 20 33 21 21 24 14 20 23 21 17 26 20 22 19 27 18 21 13 30 23 19 26 17 24 19 16 24 16 17 27 18 25 22 26 23 18 23 25 18 14 28 30 23 25 25 22 16 18 22 20 15 22 13 25 20 14 26 19 26 14 18 33 25 21 32 31 21 16 12 12 20 20 26 29 17 15 15 21 27 25 18 22 13 18 26 18 24 18 29 30 27 28 19 21 17 25 29 23 23 26 20 25 17 26 11 26 15 20 19 20 26 17 17 24 25 21 22 26 18 26 22 22 18 25 25 23 15 19 22 28 17 20 17 27 26 19 25 23 17 20 22 21 25 16 23 19 20 28 18 19 22 15 22 16 20 16 22 20 26 17 23 23 16 24 13 21 16 26 17 25 18 19 19 25 17 17 21 18 25 22 25 24 26 22 17 19 21 17 15 25 24 24 24 14 29 22 15 25 22 21 14 17 27 29 24 25 16 19 21 24 26 22 18 21 20 22 17 19 31 19 25 20 9 24 24 24 27 18 15 21 25 25 19 18 31 21 29 31 11 20 28 25 22 15 21 16 17 23 24 17 24 24 20 25 24 24 25 17 17 23 19 19 15 18 17 18 21 13 29 17 27 16 14 22 19 26 25 27 19 19 26 15 28 20 17 23 21 18 36 21 25 22 19 17 18 23 21 15 18 21 21 20 22 19 18 24 28 14 20 28 21 20 23 17 25 20 20 20 26 21 25 29 22 29 16 21 16 15 19 16 20 23 22 21 23 16 17 28 21 25 23 20 21 26 20 22 12 23 20 22 25 26 20 24 15 28 18 29 24 22 14 19 13 36 24 21 22 30 21 23 15 18 16 18 19 25 19 15 28 17 25 20 16 14 26 21 17 20 24 24 28 28 22 26 19 16 17 20 23 22 32 20 25 19 21 19 15 17 20 21 23 24 24 14 13 20 21 18 25 19 16 17 21 18 20 19 30 28 22 21 20 32 24 14 25 27 18 25 15 23 30 20 20 15 26 17 19 17 20 21 17 23 19 25 29 28 18 18 29 19 19 21 23 18 12 25 25 19 23 17 27 19 17 26 23 20 18 18 28 25 21 24 19 17 20 22 27 17 19 22 25 20 17 25 24 21 25 26 12 19 22 23 13 16 22 26 32 26 19 15 23 22 18 28 15 22 24 18 24 22 24 30 11 20 26 23 16 25 23 21 23 18 13 21 30 18 38 14 19 23 24 14 18 23 24 24 28 24 24 24 19 22 18 24 21 21 16 19 24 23 26 21 31 22 30 21 13 23 19 25 18 22 15 27 32 25 16 19 21 23 23 25 20 22 12 30 19 21 20 20 27 23 13 20 16 16 17 22 23 17 14 33 18 27 20 25 20 20 22 29 18 24 23 16 23 19 19 21 21 21 26 17 24 21 22 23 9 22 30 18 16 23 19 27 22 23 23 20 34 30 26 22 23 21 23 21 19 23 15 21 24 32 25 18 25 23 23 28 19 19 18 10 20 20 19 18 18 19 14 21 24 20 22 23 23 18 21 25 20 22 26 21 29 26 20 16 36 19 18 24 11 24 15 13 24 23 23 26 17 19 26 22 15 20 22 20 30 17 24 24 27 29 21 26 21 17 19 14 25 20 24 25 26 26 17 24 31 23 13 18 18 20 22 26 24 22 24 17 22 28 19 25 21 16 28 13 18 15 17 24 20 23 23 21 14 27 22 22 19 25 15 26 23 20 24 23 18 24 17 23 27 20 21 16 27 17 22 26 28 21 22 15 20 20 14 13 21 25 18 23 27 25 20 29 13 31 26 26 17 18 20 16 23 25 24 20 16 18 26 24 25 14 22 25 24 18 21 25 20 17 18 21 22 17 21 14 25 22 20 23 26 18 17 19 32 21 31 17 19 19 20 18 23 20 22 24 18 22 17 26 26 21 14 23 16 28 25 28 27 20 14 21 18 18 15 21 29 19 23 20 24 20 19 20 26 23 15 14 28 20 15 25 19 23 28 17 19 27 23 16 23 22 28 27 18 14 22 15 28 23 22 25 26 21 19 19 19 21 24 24 16 21 20 24 24 10 33 22 23 28 25 27 12 18 14 24 28 22 26 29 20 25 22 20 23 19 24 19 26 18 35 20 24 27 20 24 15 20 13 15 21 19 26 24 24 23 25 23 30 23 15 29 25 25 19 22 22 23 17 19 17 22 24 18 20 11 25 16 20 22 21 24 23 23 23 25 18 22 15 21 21 15 23 21 26 16 32 18 25 18 11 28 18 20 19 28 17 26 22 16 22 19 19 25 20 18 24 23 19 25 17 23 24 26 23 21 21 18 15 20 22 14 20 29 19 15 17 26 17 31 26 23 23 18 17 27 27 29 16 17 24 18 23 22 21 21 19 18 19 22 15 18 16 21 33 20 24 20 24 22 24 17 22 19 27 16 21 21 24 22 28 20 21 23 29 38 22 22 18 20 16 11 13 28 26 28 18 29 23 15 24 19 31 12 23 20 19 24 30 20 22 20 25 23 24 18 19 26 28 16 27 20 24 27 24 15 24 25 20 24 15 19 30 30 23 17 19 25 21 22 28 24 23 27 20 16 15 19 29 25 21 25 17 20 24 24 20 16 18 15 24 23 21 20 24 24 26 16 27 14 24 12 30 23 22 20 25 20 18 26 24 18 20 20 25 20 23 25 22 21 20 23 13 19 26 19 25 15 27 20 27 23 19 20 16 26 21 27 28 20 20 20 18 33 22 13 16 30 11 16 23 22 26 26 20 21 13 22 25 25 28 28 20 25 25 25 16 17 23 20 15 21 19 22 21 22 24 21 12 23 18 19 20 15 22 15 17 13 20 22 19 25 20 25 25 21 16 16 28 20 22 20 21 22 23 24 19 20 19 14 20 24 23 27 18 22 22 23 17 26 18 15 21 21 12 28 29 27 24 17 18 27 16 21 28 19 20 9 31 18 21 21 19 24 22 22 24 20 28 15 18 27 21 24 19 17 24 12 33 25 21 21 17 22 26 19 24 20 19 12 22 16 18 26 24 23 21 19 24 17 19 24 25 16 22 29 15 22 32 18 22 23 23 26 19 26 24 17 21 25 25 17 23 23 23 21 19 34 19 25 14 29 31 22 21 18 20 24 25 25 19 22 22 19 24 25 21 25 21 18 18 26 17 24 24 19 17 25 27 22 29 20 20 18 14 21 15 14 22 17 23 18 21 21 21 23 21 25 21 21 19 26 21 18 24 18 26 19 26 18 21 14 25 30 22 13 26 18 15 20 20 27 27 16 19 25 19 27 17 17 26 23 23 21 19 20 19 25 14 19 28 25 20 15 14 26 23 21 27 25 27 21 37 21 31 16 18 18 22 20 17 15 21 19 24 18 18 19 20 19 16 24 24 24 15 18 19 25 23 16 28 23 20 23 28 23 20 14 25 22 17 30 23 18 19 29 25 29 22 15 16 21 17 18 29 25 29 20 23 15 21 27 17 13 14 29 17 24 21 22 19 17 23 19 22 21 21 30 16 27 23 20 16 18 23 28 29 20 21 28 22 22 20 23 17 21 28 15 22 22 16 14 13 33 18 23 20 23 18 17 15 25 28 27 17 15 12 19 23 19 31 15 17 19 11 22 15 23 24 20 20 21 27 18 20 18 18 12 20 24 23 27 22 19 25 18 18 29 25 19 19 18 16 20 25 27 28 16 24 22 25 13 18 28 21 17 16 18 21 23 24 32 25 21 20 25 22 18 25 27 25 17 22 18 12 22 24 18 34 17 19 22 27 23 24 27 16 20 23 19 22 24 22 19 17 8 15 20 24 17 36 29 22 15 31 23 22 13 17 26 20 20 19 21 14 22 21 23 21 25 22 21 24 23 20 17 18 25 21 19 17 16 27 18 16 11 19 22 21 20 27 26 21 23 29 22 22 18 17 31 29 13 18 21 18 29 14 15 26 21 14 20 21 23 22 25 34 20 17 20 16 21 20 15 21 23 31 13 16 27 20 20 19 18 27 23 22 19 22 14 24 28 23 23 12 25 24 21 32 22 19 29 16 20 15 29 16 19 22 21 17 20 26 13 26 17 26 23 24 35 23 14 22 21 21 20 25 27 17 13 22 19 16 19 16 27 19 25 21 16 18 16 28 18 26 25 15 31 20 25 22 15 16 21 22 16 24 27 20 19 23 16 30 22 22 26 23 20 20 20 21 27 19 17 29 23 14 21 21 22 24 20 23 20 28 20 24 22 16 28 23 30 16 21 19 17 29 17 22 17 21 23 22 19 15 20 20 16 15 16 27 20 26 21 18 18 26 20 31 17 16 25 17 20 25 20 18 21 16 17 23 23 21 28 20 27 19 17 23 18 19 20 20 19 23 22 21 23 19 16 33 27 17 29 28 19 15 19 20 24 19 21 25 17 15 19 20 22 23 24 20 19 21 30 23 25 21 14 23 22 33 21 16 29 9 27 17 16 28 25 18 17 27 23 14 22 21 22 17 22 27 19 25 20 21 25 16 28 23 20 23 25 27 17 21 22 24 23 29 25 15 20 22 22 25 16 19 14 17 22 25 28 14 25 21 22 24 18 21 15 23 25 25 25 16 21 19 22 18 21 27 22 21 19 22 25 16 31 26 18 20 16 23 18 16 26 19 23 22 26 11 20 25 15 28 25 28 27 27 23 17 15 18 25 30 15 20 29 24 25 17 22 16 29 21 18 21 18 21 19 20 31 24 25 18 23 16 17 22 17 29 20 21 17 16 34 25 30 21 26 22 13 22 16 20 21 29 21 21 21 19 27 20 18 19 19 26 27 21 21 14 24 21 21 24 27 26 17 24 14 21 17 22 25 24 25 21 17 23 23 13 29 20 15 17 27 17 23 24 12 16 13 25 16 13 26 19 20 23 20 21 24 12 23 21 28 23 22 16 17 24 24 25 22 22 14 24 28 23 15 18 26 13 22 18 23 20 30 20 29 23 18 12 13 20 23 28 20 25 26 13 22 30 26 15 12 21 24 29 19 21 20 22 20 12 21 26 27 18 25 20 17 10 28 23 17 23 29 15 26 11 22 21 22 22 26 25 23 18 18 19 27 20 26 21 17 22 19 20 28 24 27 23 28 10 19 18 25 23 17 29 20 27 20 23 20 15 18 25 15 21 22 18 20 23 15 17 23 25 18 15 16 19 23 17 25 18 23 24 21 20 24 16 26 17 33 25 19 22 24 16 24 20 21 25 19 14 23 34 16 17 24 25 17 23 18 29 16 28 27 26 25 19 16 16 21 33 20 16 18 18 26 23 17 19 25 31 17 29 28 31 17 15 13 23 26 21 20 24 23 20 19 21 22 29 17 26 13 16 25 17 19 17 22 22 27 18 20 19 17 19 18 22 21 33 15 16 18 18 22 21 29 25 24 23 25 16 24 21 13 24 19 28 16 19 18 22 14 24 15 12 21 21 21 15 15 15 21 20 17 22 16 29 27 21 20 22 18 21 17 25 17 25 29 21 17 15 17 21 22 23 23 22 21 22 26 23 30 19 18 20 22 27 18 16 19 19 19 29 17 24 16 22 25 15 19 13 20 20 18 19 24 30 20 24 16 13 22 24 20 16 22 17 13 27 26 14 20 27 26 22 21 20 20 22 24 16 23 17 18 14 31 21 17 16 22 23 20 19 21 23 22 25 27 26 25 15 18 31 23 22 20 20 20 20 19 23 22 24 18 17 24 27 21 20 10 15 13 23 24 21 24 22 20 20 21 24 25 19 23 16 24 22 22 22 28 20 27 22 31 20 18 13 18 13 14 20 26 21 16 17 23 25 27 26 23 19 19 24 15 28 26 20 25 13 33 20 28 9 18 24 19 12 20 25 21 19 25 23 19 21 14 20 17 19 18 19 14 22 26 27 27 27 28 19 30 16 23 19 18 18 23 29 25 21 17 17 16 21 22 24 28 15 24 11 17 37 23 26 27 10 22 17 30 20 17 15 24 23 21 14 25 30 24 26 20 9 14 28 20 17 21 25 22 24 27 23 18 28 14 23 17 28 27 16 24 23 15 15 23 22 22 14 31 21 19 25 17 27 22 22 22 20 22 14 27 19 21 20 26 8 26 31 29 30 21 17 29 28 26 14 20 27 17 13 30 27 19 17 14 18 24 16 14 20 23 22 28 18 25 25 17 22 26 22 23 22 23 29 22 15 20 27 28 20 19 24 19 19 22 26 12 26 17 28 28 16 20 19 19 11 21 17 28 22 20 21 23 28 25 21 22 23 21 24 15 19 19 18 18 20 19 28 17 21 21 25 20 25 11 23 23 16 28 18 22 20 19 27 21 16 27 22 25 21 20 22 24 19 30 19 21 22 16 25 18 25 21 20 15 14 19 16 25 18 26 22 21 18 26 21 24 17 18 29 24 12 24 20 18 18 26 14 21 17 19 20 14 18 23 15 24 12 21 27 23 20 18 23 15 18 19 32 26 22 26 19 23 22 16 10 24 24 13 18 31 21 17 13 27 20 33 23 25 18 19 17 22 22 20 23 21 13 17 15 22 23 20 23 19 23 19 26 22 22 23 19 20 21 23 22 18 21 17 10 21 23 19 21 25 25 17 18 20 19 16 28 30 21 26 19 24 24 20 22 17 24 17 35 25 19 17 17 15 16 29 20 20 22 22 20 18 21 18 26 24 25 25 19 18 9 24 23 23 27 24 23 18 18 17 23 21 25 24 22 14 20 20 27 21 27 22 19 21 19 19 30 24 26 18 11 23 13 23 28 18 16 24 22 21 19 26 16 21 25 18 17 13 18 19 25 25 18 31 27 17 18 17 24 21 21 18 19 17 19 23 26 19 21 29 22 19 20 14 23 18 30 21 26 16 18 24 17 21 11 27 15 28 17 20 24 22 19 26 19 33 15 18 17 20 18 21 24 24 18 23 20 19 28 21 17 21 23 17 19 26 13 25 18 27 27 26 22 22 22 11 19 20 19 20 27 24 29 19 23 21 26 18 26 17 20 21 25 22 16 20 22 20 29 21 19 28 16 20 21 36 19 23 16 36 18 19 23 25 25 20 15 27 21 21 23 14 21 27 15 26 14 24 20 29 19 25 17 25 19 19 20 22 19 21 23 19 26 22 14 18 20 19 23 37 24 28 18 16 22 22 21 14 29 16 17 22 17 21 17 24 20 21 18 26 17 17 26 25 17 23 20 21 19 29 17 16 26 21 21 22 15 26 13 24 14 26 23 24 22 20 20 20 21 28 27 14 20 24 22 23 20 25 23 18 20 25 10 22 21 28 27 19 21 16 23 25 16 22 19 24 23 23 27 15 26 23 17 29 19 16 20 29 21 18 25 18 23 16 24 18 19 40 16 14 12 18 27 23 23 20 24 27 17 21 21 10 20 18 28 13 20 25 19 27 18 17 21 21 20 26 21 29 16 20 20 14 20 21 30 26 19 27 21 22 23 22 17 19 29 19 23 21 20 22 24 15 18 18 22 28 25 20 13 30 24 26 18 18 11 22 19 18 22 24 24 18 23 26 25 28 12 20 18 18 18 22 21 23 22 23 30 26 19 14 8 21 26 19 24 23 24 11 18 21 21 19 21 22 27 26 24 24 20 17 15 22 20 21 28 36 15 19 25 19 23 20 24 17 27 33 21 14 23 25 21 25 24 14 31 21 24 21 22 23 21 16 23 14 23 22 19 20 30 24 25 33 18 25 21 27 13 15 27 24 20 21 23 30 18 26 26 19 20 21 19 16 15 31 16 14 26 19 19 10 33 14 26 22 21 18 21 19 21 22 20 27 23 27 23 27 22 16 23 24 21 21 21 18 19 21 27 21 24 20 24 13 19 30 36 19 15 20 22 19 17 20 21 22 22 21 24 23 14 16 27 16 41 19 21 15 20 20 25 25 22 27 20 24 24 17 25 14 14 24 19 21 31 14 16 25 20 28 22 29 22 22 21 17 13 20 25 24 21 31 23 16 17 27 25 26 19 28 24 22 19 22 23 21 18 25 25 22 20 23 23 19 16 31 20 23 20 23 22 23 23 24 19 22 23 17 13 17 13 21 28 14 30 21 22 25 20 23 19 27 17 21 30 26 17 31 20 21 21 18 16 20 19 22 22 19 17 23 23 25 19 24 17 25 20 24 16 24 24 15 30 23 27 21 22 17 21 22 23 23 14 21 30 22 22 23 18 20 23 21 19 12 16 21 24 18 17 18 20 10 17 26 25 24 28 20 15 27 19 22 24 23 16 22 17 23 21 22 18 23 26 21 9 24 14 13 23 28 20 20 15 20 20 16 27 25 23 15 22 25 24 20 30 26 15 26 21 22 22 26 14 20 20 15 22 13 19 18 20 27 22 19 34 20 22 15 18 22 29 20 20 21 22 22 16 18 20 29 22 22 19 21 17 22 25 22 24 16 25 16 21 23 21 23 18 20 20 20 21 17 19 29 23 18 23 16 21 16 22 21 17 19 13 21 26 36 22 18 18 14 15 18 20 20 24 26 26 18 17 22 33 16 25 18 19 32 22 13 15 26 21 19 19 23 24 15 23 16 24 21 21 15 23 20 18 29 21 22 22 21 25 24 17 21 24 24 24 26 22 18 25 26 19 13 21 19 26 25 18 33 27 23 16 22 22 18 28 25 20 27 17 25 19 21 24 15 23 30 21 12 25 20 22 26 24 19 22 17 24 27 34 28 24 14 18 26 29 15 20 27 18 19 16 18 28 18 27 23 29 23 15 20 32 26 25 13 22 23 17 20 23 21 19 23 25 24 23 14 22 12 15 17 18 16 23 28 21 26 25 16 19 23 25 20 23 21 24 14 27 18 19 18 24 20 22 24 24 22 18 19 24 26 19 25 18 23 18 13 18 16 23 26 17 20 19 24 18 28 21 19 29 24 22 25 19 19 25 18 16 30 25 25 19 18 22 23 18 19 21 19 20 25 28 15 21 21 25 26 19 21 29 21 25 20 22 19 26 13 20 21 20 22 25 26 21 19 20 24 20 13 21 22 16 20 28 22 17 24 26 24 14 22 13 16 24 10 24 28 22 19 10 22 29 19 22 28 16 26 21 12 24 17 23 21 24 25 14 9 25 26 25 26 23 16 25 29 16 19 29 12 17 24 25 22 27 27 22 22 29 15 18 28 23 19 30 20 26 18 23 20 26 20 21 20 28 27 24 15 21 26 17 15 24 18 28 23 27 19 20 25 17 17 20 23 18 26 33 26 15 23 19 20 20 26 21 27 26 14 16 17 18 20 19 11 18 19 24 25 27 21 17 26 13 17 24 22 25 21 15 19 16 20 24 24 22 23 13 23 22 26 21 27 24 18 15 13 25 14 17 24 22 17 17 24 21 27 19 18 20 23 19 20 24 17 26 13 20 13 24 18 23 19 24 20 17 16 22 25 15 29 29 22 15 21 15 26 18 18 20 28 32 22 18 25 19 23 20 30 20 21 18 29 23 16 22 21 27 28 21 14 12 23 21 25 23 24 24 21 18 13 23 22 19 24 27 24 28 20 17 18 17 21 24 28 10 20 30 28 21 23 22 18 25 9 24 21 17 16 32 28 23 25 23 19 22 24 23 28 20 24 23 17 22 18 17 23 14 14 20 23 26 22 24 23 17 24 22 24 27 14 19 18 14 18 21 22 20 17 23 20 22 29 24 18 21 18 17 18 18 22 19 19 11 26 29 19 23 24 21 21 18 17 19 17 24 19 23 18 20 16 20 21 32 16 21 23 18 21 19 27 32 19 22 21 18 21 32 15 19 27 16 21 21 22 25 25 16 25 15 26 20 19 22 23 23 30 23 20 24 24 22 21 23 22 20 22 15 28 27 25 18 27 11 18 25 21 24 20 24 29 18 20 21 27 14 22 14 25 19 21 20 20 23 18 30 18 15 26 25 22 22 20 15 23 30 23 19 19 30 31 14 31 23 21 12 20 16 20 14 27 19 16 22 17 29 24 21 13 16 25 25 21 22 21 26 21 19 30 23 30 17 23 19 19 16 31 21 27 35 24 14 24 22 21 23 21 25 23 26 12 24 23 20 18 21 26 18 19 15 18 21 9 26 14 26 24 25 26 16 22 16 24 22 21 13 21 16 29 27 22 30 17 17 31 12 16 21 18 20 14 14 27 23 25 21 14 27 25 22 23 26 31 20 19 18 14 30 20 17 20 17 27 17 20 14 28 18 25 21 29 25 31 17 15 19 18 28 22 25 17 22 24 18 21 27 21 16 16 16 27 22 25 21 20 27 23 21 16 19 21 23 23 18 24 12 25 29 19 18 25 25 23 36 15 17 18 22 26 26 21 25 27 22 20 15 26 28 20 23 24 23 19 18 28 18 18 25 21 18 19 19 19 26 17 27 17 22 25 21 16 20 25 16 22 17 12 21 18 25 17 19 19 23 21 26 20 16 24 25 18 17 23 27 17 29 19 22 20 23 22 17 26 26 14 24 31 23 19 21 11 30 15 18 25 18 23 24 22 17 20 15 29 19 18 20 24 29 17 20 22 11 19 22 24 19 23 30 21 20 22 23 16 25 21 25 21 27 22 15 17 19 17 23 15 25 27 26 25 24 17 19 20 27 22 18 26 26 18 27 20 26 18 21 24 24 24 27 21 19 20 26 19 18 20 24 21 24 18 26 26 24 24 31 18 23 22 19 28 26 29 24 17 23 24 15 14 18 24 21 21 26 20 23 23 25 28 24 21 14 23 13 24 25 36 19 23 22 22 17 19 17 14 28 19 12 28 30 31 22 25 25 19 17 18 25 28 23 16 18 17 27 20 27 24 12 27 17 32 20 24 18 26 30 20 19 21 20 18 24 26 19 16 16 19 22 24 19 24 16 18 21 23 15 20 30 21 30 23 13 20 15 26 17 30 30 13 29 28 14 19 20 30 20 22 18 19 20 21 23 17 21 23 22 16 16 26 29 25 17 19 28 28 18 21 20 20 16 24 19 22 27 26 11 21 19 16 26 20 29 18 19 21 22 15 20 30 24 19 16 23 18 24 31 23 17 22 24 17 25 20 23 22 26 16 17 19 35 13 17 23 27 23 28 23 16 23 11 20 26 22 24 17 24 15 29 23 24 18 18 21 19 16 28 24 16 31 27 24 29 23 18 17 22 23 29 23 16 34 22 32 16 24 26 18 19 18 16 24 20 16 32 25 20 24 22 15 22 20 27 27 24 20 16 25 12 23 24 19 16 32 12 15 22 19 28 16 23 19 34 28 23 21 32 22 16 25 14 13 28 19 13 19 22 24 19 24 21 26 23 15 31 23 21 26 21 16 21 21 27 23 21 19 21 28 20 22 21 19 21 17 18 18 20 17 18 21 25 24 24 19 17 22 20 25 24 17 25 29 21 24 18 23 17 17 27 17 19 29 25 16 15 22 22 18 19 11 22 28 22 20 27 17 21 22 31 21 21 16 28 15 25 17 24 18 27 21 18 16 26 23 25 11 23 17 24 18 22 20 18 18 15 20 17 20 24 30 19 22 18 30 19 17 18 15 26 28 20 23 22 21 24 21 18 18 22 26 17 12 17 19 19 26 17 16 19 26 18 23 24 27 20 19 18 26 20 23 17 23 14 29 19 15 35 13 24 20 19 29 26 21 26 29 17 17 21 9 28 26 16 22 26 20 30 18 20 32 21 18 10 15 24 18 19 21 18 25 26 25 31 18 26 19 23 19 20 22 29 20 29 12 22 18 13 21 16 24 34 24 27 17 22 23 13 21 17 26 23 21 22 20 22 21 17 23 20 18 23 23 30 15 26 20 18 27 18 16 24 20 21 17 24 19 23 23 21 23 28 18 22 22 23 22 32 19 30 21 15 19 23 18 17 21 23 19 13 21 24 29 14 29 17 16 14 26 15 22 26 17 23 25 22 20 19 28 26 23 23 20 19 29 22 24 17 24 22 23 18 24 28 14 34 26 26 17 24 20 28 14 25 28 27 20 17 20 28 23 19 19 17 26 29 17 19 23 19 17 16 23 21 20 22 15 14 17 19 22 25 19 19 20 23 20 18 31 29 17 17 25 21 28 18 19 14 30 11 16 17 29 16 28 13 18 13 23 17 24 14 29 23 17 22 18 22 24 13 22 14 19 19 24 21 23 23 13 28 20 24 21 24 19 15 24 22 26 23 29 19 17 20 25 22 18 22 15 18 13 22 22 23 27 16 15 21 28 19 19 28 19 22 27 22 30 23 20 20 16 23 17 26 14 22 23 21 22 16 26 22 22 15 16 18 19 30 19 17 20 19 19 18 24 30 18 25 26 18 9 29 20 19 17 26 15 26 22 16 27 21 14 18 23 18 16 23 23 29 19 25 26 27 31 24 13 45 19 28 17 21 20 17 22 18 18 23 19 19 28 23 23 19 20 17 22 26 15 18 19 21 21 17 25 13 27 24 20 24 19 17 25 24 21 21 18 39 16 22 22 20 16 18 25 24 20 19 22 27 18 21 28 15 21 24 15 14 21 21 22 20 14 22 20 22 20 26 19 15 14 28 18 19 13 22 14 28 29 24 24 22 16 21 20 27 13 18 24 21 28 25 21 18 20 26 27 15 25 17 24 21 27 25 18 20 14 24 19 24 25 25 22 14 35 18 29 17 23 21 23 23 20 29 32 16 18 11 20 21 12 31 16 16 22 33 25 15 24 16 26 23 24 30 19 18 26 18 17 19 17 18 29 14 20 16 15 26 19 27 24 24 21 16 19 22 22 16 18 19 22 24 20 20 10 26 15 25 19 17 29 20 19 19 23 11 25 22 26 23 23 21 31 17 20 28 27 21 19 26 31 19 25 19 21 13 19 17 19 31 20 20 17 21 19 21 18 17 25 29 28 19 21 17 16 21 34 31 19 24 12 16 23 13 22 29 23 18 18 15 28 26 17 21 23 21 23 16 29 14 25 12 26 23 32 21 19 17 21 18 23 22 24 23 24 24 19 16 25 33 25 22 31 24 18 15 13 19 26 26 19 21 22 33 21 13 24 18 22 17 26 21 21 17 23 14 23 19 18 23 21 25 21 25 19 28 20 19 20 32 20 25 20 32 23 27 21 15 18 21 19 28 24 17 29 14 14 21 19 19 16 23 16 24 25 26 23 24 18 19 19 23 21 17 18 24 34 8 19 16 19 22 25 18 19 24 30 17 19 23 18 23 21 24 24 22 23 18 21 29 17 20 26 17 32 19 23 27 27 18 24 28 27 14 29 25 24 16 18 19 19 24 21 19 25 22 23 18 14 20 25 17 21 28 20 24 18 33 21 31 17 20 14 19 28 17 24 20 25 23 19 17 24 23 22 27 24 16 21 24 24 20 21 22 17 24 15 13 20 19 20 20 23 17 31 26 19 19 20 26 16 17 22 22 20 22 23 26 23 17 29 23 20 18 21 21 22 21 12 17 22 22 22 24 22 15 23 29 22 16 22 19 23 22 23 20 18 21 18 15 27 16 19 15 16 21 20 19 22 16 21 26 22 14 27 28 29 23 24 22 17 19 24 18 22 21 20 17 21 28 27 22 25 21 28 19 24 27 24 19 15 26 23 24 26 18 19 24 18 16 21 21 24 23 30 13 22 19 20 19 21 15 22 19 17 18 17 23 25 26 27 22 19 14 20 18 17 21 17 15 27 18 15 26 21 24 24 26 24 23 21 19 17 28 15 21 19 22 20 19 20 20 19 18 19 21 26 35 22 18 27 20 23 16 22 21 19 21 16 33 33 18 21 22 19 22 30 22 20 20 20 17 28 13 24 16 28 18 28 14 23 20 18 24 22 13 14 28 21 17 19 25 26 20 30 22 23 18 18 23 24 19 20 19 14 14 18 18 10 16 26 31 20 26 30 21 25 22 12 19 21 25 19 18 18 17 28 20 23 24 20 29 22 28 18 23 21 19 20 26 18 22 12 18 21 26 20 27 32 29 16 24 21 18 24 16 22 27 22 24 18 19 22 27 19 21 23 23 20 20 18 16 15 21 25 20 22 19 23 16 18 17 19 22 33 22 18 30 22 20 17 18 19 20 16 26 19 20 27 30 25 27 28 18 19 26 28 15 16 15 22 20 26 18 32 30 16 10 22 22 19 20 20 28 21 21 25 22 20 15 30 15 23 19 31 24 19 12 33 16 33 21 23 17 17 22 16 23 21 23 27 21 16 24 20 28 21 21 22 23 16 27 26 20 25 16 24 18 23 19 16 20 19 19 23 20 26 25 19 21 21 27 16 21 27 19 19 26 22 27 14 22 27 17 24 19 17 30 17 21 19 31 22 22 18 13 21 18 15 26 22 16 22 28 21 19 21 16 21 17 20 19 32 18 18 25 25 22 20 20 28 17 33 18 21 28 26 15 21 21 14 22 14 22 18 23 21 21 21 19 26 21 17 27 14 23 27 29 27 13 17 20 25 21 25 17 21 20 20 25 23 20 23 21 21 32 19 19 22 22 24 13 24 21 22 21 26 20 24 19 20 21 18 24 23 23 24 17 25 22 21 19 17 20 23 26 23 18 23 23 20 26 20 21 19 22 20 17 25 26 28 11 27 28 24 11 19 23 21 16 34 17 22 25 12 19 21 15 22 25 22 22 16 21 29 30 18 24 22 33 17 27 15 20 23 25 21 15 14 23 17 27 27 22 24 20 25 21 19 19 19 31 13 26 28 20 22 22 14 13 23 25 26 23 22 17 17 22 20 24 19 21 26 19 25 27 20 17 28 23 29 25 21 15 20 27 21 23 24 22 18 16 20 17 21 19 21 28 17 17 23 24 18 17 34 17 15 28 20 23 20 20 26 25 19 22 18 27 19 30 20 24 15 30 25 21 22 20 19 16 23 23 22 20 19 22 21 27 16 20 18 34 17 23 19 19 19 20 19 21 22 17 31 27 20 15 26 25 16 23 19 16 20 24 27 16 21 18 24 23 22 28 23 22 22 14 24 18 10 20 24 30 15 24 13 23 16 31 16 18 10 23 22 18 19 19 21 12 32 19 21 18 17 20 27 19 22 23 18 22 26 14 21 30 28 20 23 21 21 23 25 23 20 29 17 20 22 13 27 24 15 19 27 13 17 21 20 19 17 22 22 20 22 30 15 26 24 19 20 20 27 19 25 19 10 26 25 27 23 18 20 13 23 14 29 32 15 22 24 25 29 22 16 28 20 19 12 29 22 23 17 18 22 23 16 26 19 22 22 15 24 21 25 15 41 23 18 21 22 24 20 22 20 27 19 19 29 26 13 15 18 25 29 25 18 16 19 15 19 23 18 24 22 23 20 21 23 16 19 19 24 20 19 29 27 21 12 22 24 13 15 19 24 20 25 12 27 25 29 25 19 18 21 21 21 31 19 23 20 25 17 15 29 23 21 16 23 17 21 27 16 28 25 17 15 22 35 18 19 22 17 23 26 24 15 21 23 10 16 26 19 18 16 25 19 27 24 19 22 16 21 26 18 18 27 17 19 26 20 22 21 16 16 12 20 22 24 16 26 32 18 24 27 19 18 19 17 18 12 20 19 15 15 27 17 15 26 27 26 22 19 17 22 24 24 18 12 19 21 22 18 27 17 23 16 19 18 26 25 23 16 19 29 16 21 20 21 28 25 18 27 22 25 24 14 20 24 26 14 20 23 17 23 25 11 27 22 20 16 21 18 31 20 18 24 16 20 20 34 17 21 18 15 20 21 19 25 17 20 16 23 22 25 27 30 20 19 22 26 25 22 18 20 22 19 19 19 20 27 28 28 14 24 19 23 19 17 25 27 26 24 18 17 19 26 18 30 19 21 27 18 21 24 22 19 17 23 30 25 23 17 23 14 22 25 20 14 22 13 30 27 23 19 26 24 21 21 23 21 28 24 19 15 18 22 15 13 24 13 11 18 20 23 27 27 18 21 26 19 23 26 21 14 28 24 20 16 24 23 22 14 20 20 27 24 22 9 15 18 23 29 20 14 24 23 25 23 16 26 26 13 19 26 25 28 22 25 26 23 18 12 19 27 29 18 19 21 20 15 26 19 22 10 27 19 20 25 15 22 24 16 23 24 25 24 24 16 18 26 20 16 26 17 25 21 21 26 22 19 21 27 19 25 17 26 22 16 21 27 18 16 21 29 27 27 24 21 17 25 27 24 19 27 14 24 25 18 25 11 19 23 27 26 17 22 18 21 18 13 24 25 18 22 18 17 22 26 26 21 16 17 17 23 20 20 19 18 22 23 14 29 31 19 24 21 15 23 22 18 19 23 21 23 29 17 16 22 21 18 22 17 31 17 23 21 31 23 17 24 22 16 24 21 11 29 19 17 19 24 21 14 20 22 21 21 23 16 20 26 27 16 18 26 25 24 20 16 20 32 18 27 15 20 18 24 16 28 17 20 24 23 17 22 26 17 20 24 25 16 21 23 24 20 22 26 10 21 24 21 18 23 25 22 18 25 22 25 26 29 29 17 21 22 25 17 20 23 14 18 21 28 20 23 19 23 19 22 21 27 24 27 22 19 22 19 17 19 18 24 20 10 30 23 20 26 23 20 23 20 11 23 13 21 21 19 28 20 24 23 23 25 19 22 23 21 26 18 24 20 19 22 24 15 22 21 26 16 18 20 19 19 25 22 16 15 23 22 21 19 24 24 23 34 26 19 20 25 20 18 29 18 26 24 16 23 18 24 24 17 28 24 20 21 15 25 25 19 21 13 26 20 12 27 34 23 28 17 17 15 22 27 15 22 24 23 22 25 15 16 17 23 29 30 18 23 21 28 23 21 22 20 15 17 29 26 23 17 25 16 26 29 22 15 19 20 22 22 26 26 27 19 24 29 29 17 26 21 17 21 21 16 22 21 16 25 22 19 18 23 22 21 16 27 23 27 24 20 24 17 30 24 19 17 22 18 19 22 31 17 19 21 25 24 30 25 17 16 26 24 21 24 18 19 18 24 22 22 23 19 23 23 18 20 29 22 20 20 15 24 31 15 20 15 29 23 22 19 24 19 25 17 20 22 23 20 21 24 13 24 23 23 18 23 26 17 14 24 25 18 26 24 20 19 25 15 24 20 26 20 22 15 21 23 23 19 19 34 23 15 19 24 19 12 22 16 21 24 22 38 24 19 16 17 31 16 28 24 22 22 22 31 32 21 25 17 17 24 19 20 18 21 16 17 22 16 24 12 22 18 21 22 22 19 28 23 29 22 20 22 24 21 26 15 18 25 24 18 24 23 24 22 20 14 21 25 11 22 29 23 21 21 19 16 31 18 21 22 10 32 12 17 28 25 23 15 21 17 16 21 21 23 17 22 24 24 20 18 17 35 23 19 24 22 28 20 16 19 23 24 25 17 24 14 22 24 18 22 30 18 23 25 24 20 24 23 12 17 17 31 19 26 24 27 26 19 24 19 10 16 19 25 22 21 29 18 21 27 18 23 17 26 19 17 23 20 22 19 17 15 15 23 27 27 17 23 25 18 25 23 26 19 26 19 22 19 19 21 32 26 18 24 25 16 18 24 17 22 27 21 20 27 14 18 18 16 32 23 25 20 18 22 22 19 19 30 22 26 19 19 26 22 21 23 19 13 25 26 21 17 20 24 17 17 20 21 19 24 24 26 19 16 19 29 18 20 19 23 24 18 26 13 21 20 16 18 28 22 23 31 21 24 22 11 16 25 20 24 15 23 19 21 20 31 19 24 26 24 22 11 23 24 21 24 18 18 14 22 9 24 19 21 22 21 29 20 11 18 19 27 23 23 23 14 21 21 19 26 19 20 13 25 16 27 26 25 25 25 28 25 25 18 18 20 23 19 18 22 17 16 19 24 21 22 23 33 21 15 15 21 16 24 14 24 16 24 23 24 14 28 15 24 17 22 18 19 29 22 26 13 22 23 28 16 23 26 23 15 17 22 26 25 20 17 31 35 19 20 28 21 25 11 19 27 18 11 20 18 31 31 18 19 15 20 21 19 25 20 22 24 23 19 11 23 21 22 32 20 19 17 24 23 23 15 26 28 16 18 27 18 21 15 21 13 19 17 28 25 20 34 24 21 27 21 23 14 20 22 25 16 25 18 25 15 18 22 22 23 24 11 25 23 19 25 26 22 20 20 21 18 17 21 27 24 20 21 17 13 21 19 30 21 19 15 21 25 20 17 29 29 20 16 25 23 25 28 20 27 23 24 21 18 28 25 17 17 27 17 27 31 22 25 21 32 12 22 18 24 17 15 23 27 29 27 22 21 21 14 24 22 24 20 18 21 19 17 28 24 18 19 18 21 25 19 25 33 20 13 19 26 18 18 19 13 20 20 25 26 22 25 19 23 15 19 12 13 19 24 13 14 27 20 18 29 19 31 19 21 19 18 29 14 16 25 22 14 20 20 22 19 22 16 22 15 19 24 9 23 20 18 24 30 21 10 20 23 16 16 17 24 19 29 22 26 27 15 20 23 19 25 21 28 21 21 28 18 21 19 22 23 27 22 22 22 21 19 20 20 19 26 15 30 20 18 18 23 25 20 15 24 20 24 27 14 22 18 23 27 22 17 26 19 21 20 26 24 22 14 22 26 27 22 20 16 20 15 20 20 23 21 30 20 21 21 20 20 22 27 15 15 22 22 20 21 19 17 19 17 18 22 25 12 33 16 29 27 24 25 17 21 18 18 18 19 25 18 18 19 14 25 13 21 19 18 29 12 25 20 21 22 24 27 22 19 26 16 18 17 30 23 19 27 20 16 27 21 29 24 21 19 13 20 23 16 25 22 26 27 19 20 19 24 21 15 15 13 22 21 26 28 23 18 16 20 29 24 22 24 28 30 22 25 10 21 17 23 19 23 24 19 18 16 21 18 20 19 40 14 23 26 19 17 21 24 22 17 18 19 29 32 15 24 21 24 15 19 21 21 24 23 21 26 23 17 20 19 30 20 26 18 21 17 26 27 23 18 20 13 20 23 29 21 26 21 28 19 14 19 19 24 23 23 18 23 22 17 25 23 23 12 33 19 25 22 17 23 30 18 17 28 17 26 15 26 21 26 25 22 14 18 17 27 18 16 20 29 15 29 17 26 26 25 21 20 27 11 20 18 19 15 28 24 20 21 31 25 11 19 27 29 18 21 16 26 20 20 18 27 21 26 17 29 24 21 21 16 21 16 26 22 22 15 26 23 19 22 23 26 23 19 28 20 25 18 23 17 21 11 18 33 21 18 19 25 16 18 22 23 20 26 19 23 19 15 22 25 20 22 22 30 20 23 20 22 24 22 18 30 26 26 17 21 18 22 17 28 20 27 25 14 16 21 27 26 15 28 23 13 26 18 24 19 16 19 25 30 23 17 26 28 28 24 24 17 25 25 20 16 21 20 29 16 11 25 22 19 31 21 18 24 21 20 21 17 27 25 27 23 28 19 21 13 18 15 16 23 17 20 17 24 37 23 16 19 25 24 17 20 16 22 26 22 14 17 23 19 15 33 18 19 12 23 22 27 21 19 19 24 18 25 25 33 23 21 28 20 18 23 25 26 20 24 20 23 20 18 22 28 31 19 17 21 28 22 30 12 27 27 17 22 24 24 16 32 21 24 20 20 22 25 24 20 17 20 31 24 17 23 21 18 16 21 19 31 20 29 24 19 17 24 30 20 21 14 25 15 26 26 30 25 31 19 23 23 20 15 17 16 17 29 18 26 28 16 29 13 16 15 12 28 25 21 14 24 17 18 22 13 19 23 25 17 28 27 22 25 14 13 16 23 22 17 25 14 18 22 22 21 28 22 20 21 21 20 22 21 19 19 29 19 24 24 24 17 16 25 13 18 20 19 24 20 19 19 15 17 22 18 20 15 22 22 18 30 18 15 22 17 16 22 26 20 21 18 16 22 22 16 26 26 27 16 25 13 20 27 31 20 23 17 18 20 19 25 34 26 25 28 11 18 29 20 27 16 20 32 16 14 21 16 30 20 23 21 15 30 19 20 25 18 19 20 18 26 21 24 21 22 17 20 19 26 28 27 20 21 22 21 18 16 24 21 20 15 22 16 18 22 28 22 28 26 15 17 29 20 24 17 28 16 22 21 21 27 15 22 14 24 16 23 13 31 14 14 26 29 17 22 15 16 22 16 18 20 21 22 24 24 14 21 19 21 15 23 24 20 18 24 23 39 20 19 24 24 19 26 15 21 21 18 26 26 15 20 26 12 24 22 24 32 21 22 28 16 14 25 17 19 23 31 11 20 27 20 16 22 21 15 21 18 27 23 13 21 17 22 24 28 26 27 19 20 19 27 19 17 21 23 19 22 19 29 26 25 20 26 20 20 16 15 25 20 16 22 27 25 20 11 24 25 18 26 16 19 23 21 18 36 17 17 20 23 33 22 30 18 21 21 21 20 16 15 27 17 24 16 22 25 18 18 16 20 30 24 22 19 17 16 20 27 19 22 24 24 23 14 20 31 23 23 25 22 18 24 19 23 20 23 18 20 17 24 22 21 23 21 25 20 23 18 12 18 34 31 22 11 14 15 19 21 22 22 28 30 20 17 18 19 20 18 16 25 18 16 30 23 22 22 16 28 24 19 26 22 16 22 22 22 24 26 18 24 25 22 32 11 22 13 14 21 31 25 29 25 18 18 22 21 22 26 17 19 20 17 21 21 23 15 18 24 19 19 29 17 22 26 21 21 19 29 21 22 27 20 18 29 14 16 31 19 14 24 23 26 31 23 17 15 14 14 19 21 25 18 29 23 16 22 26 30 22 24 22 23 27 12 19 19 17 25 24 21 23 31 19 15 19 23 18 23 24 19 18 23 26 17 30 22 27 24 27 23 23 21 18 27 15 17 16 14 20 24 16 16 27 12 26 19 22 23 21 21 21 19 22 17 20 27 14 21 22 19 28 20 18 22 28 13 18 24 21 26 24 19 23 17 11 22 30 23 29 25 19 22 19 27 20 23 17 16 22 17 15 18 16 25 22 22 23 17 19 20 16 15 20 27 18 29 25 19 18 16 27 22 25 19 28 18 20 16 23 19 16 26 15 17 22 19 22 21 27 23 14 14 21 20 24 22 24 16 22 21 24 23 17 18 16 20 17 19 22 22 21 21 23 24 22 23 17 20 20 23 20 23 21 14 18 22 22 22 30 18 27 13 20 24 22 28 24 24 15 17 16 13 19 25 20 16 16 17 23 25 20 22 23 19 17 12 26 26 14 26 28 17 18 19 19 22 20 26 25 14 26 17 28 19 17 30 17 17 24 28 23 25 22 25 20 22 19 24 24 21 21 28 14 21 19 17 10 12 18 26 19 20 16 25 23 23 27 15 21 17 17 21 22 19 13 22 15 18 24 23 20 18 17 23 28 20 24 21 18 21 18 27 20 19 27 24 16 24 27 15 21 14 19 11 16 19 24 26 15 21 20 16 30 16 13 28 14 25 25 25 24 22 20 22 21 21 32 25 20 22 20 20 18 23 18 21 21 27 29 20 24 20 21 17 21 22 20 27 20 17 17 29 20 19 26 19 19 25 17 32 21 19 22 16 24 22 24 16 17 24 20 11 31 25 22 22 26 18 18 33 15 19 22 16 19 23 18 23 20 24 11 21 28 22 21 24 30 24 19 22 28 29 18 34 18 21 23 20 17 20 24 18 23 16 26 20 19 17 13 18 18 23 24 24 14 21 26 24 21 24 24 21 26 13 17 28 23 19 16 15 18 22 17 17 22 16 30 23 21 15 17 31 17 26 17 24 19 21 16 10 19 20 20 14 28 23 19 28 25 21 25 19 22 22 24 19 20 23 22 20 14 21 23 21 17 19 18 26 19 19 23 19 22 19 20 24 27 15 24 20 20 23 18 19 17 20 25 24 25 16 19 26 21 27 19 12 19 32 26 15 27 17 22 14 14 26 19 15 29 32 27 18 20 25 20 27 13 23 15 20 27 25 18 17 26 27 22 25 22 24 23 18 34 16 18 26 25 21 19 27 10 12 21 25 26 24 24 14 24 34 27 16 21 18 22 27 28 23 21 14 25 28 19 25 20 25 19 18 22 24 20 28 25 21 20 20 21 22 14 18 24 23 18 13 18 17 21 22 21 21 14 14 21 20 26 21 23 24 23 26 13 20 25 18 21 22 27 18 27 18 25 17 12 26 18 22 25 25 24 20 25 17 18 30 20 13 22 23 23 21 13 26 18 19 26 31 23 22 9 19 26 32 20 22 21 23 20 14 13 17 23 15 23 21 16 26 21 18 19 14 24 13 31 27 23 21 29 21 20 17 24 24 21 26 26 16 10 14 22 25 17 21 31 26 20 22 21 18 29 28 17 22 17 15 22 17 22 28 21 24 18 16 25 23 23 17 27 17 22 14 19 20 16 11 22 24 14 28 28 19 25 14 36 22 24 21 26 28 23 22 13 18 27 17 18 24 16 22 23 24 24 14 26 31 23 26 23 15 16 16 16 26 22 19 17 21 27 22 22 17 26 20 14 26 14 31 23 25 24 18 29 14 21 24 25 20 25 16 23 22 21 27 24 15 14 25 20 22 13 19 23 22 19 28 12 12 21 23 30 28 21 17 22 20 25 19 23 26 24 16 28 29 19 21 14 17 25 18 23 22 17 24 20 18 22 17 22 29 18 23 24 17 23 16 17 24 18 15 20 29 10 26 18 24 25 16 14 20 19 26 23 20 29 25 19 23 19 19 15 23 19 21 20 24 20 19 21 29 15 17 17 24 20 17 19 26 26 22 24 27 25 22 30 17 17 27 24 18 15 17 28 25 20 19 21 25 15 21 23 23 19 26 22 28 23 17 19 31 25 25 13 17 26 25 15 22 20 16 19 19 18 15 24 23 18 17 22 14 25 23 25 26 14 18 16 18 18 23 38 16 15 14 21 23 27 24 16 24 21 16 20 22 16 23 26 22 19 17 26 20 19 22 28 35 20 22 23 14 11 19 26 19 25 21 19 27 19 18 27 24 18 26 22 24 17 17 18 22 19 19 14 21 25 21 21 28 19 31 19 18 23 23 20 17 20 24 22 23 29 19 27 15 22 18 20 23 19 18 17 17 19 13 29 13 28 19 17 25 21 23 25 19 28 18 26 21 28 33 15 23 23 30 21 17 23 19 17 21 32 28 26 22 19 22 19 23 14 27 8 23 19 27 30 28 21 20 17 9 23 24 27 33 27 17 24 17 14 19 33 21 13 17 31 13 20 19 14 21 17 27 19 19 19 24 19 24 26 21 32 18 14 25 22 17 17 19 16 27 19 29 18 15 25 24 24 22 18 29 23 19 27 24 25 22 15 20 22 25 18 15 19 29 19 27 21 23 9 19 19 14 24 28 14 22 14 26 20 24 18 22 18 21 25 21 21 26 24 16 28 21 25 22 22 20 13 23 25 23 25 15 14 16 18 29 23 26 21 13 33 22 21 23 20 23 23 21 21 19 19 13 24 21 12 20 23 34 18 27 19 23 25 22 22 15 24 25 18 17 20 21 22 21 27 19 19 19 18 30 26 22 17 15 17 28 23 21 21 17 23 17 20 18 25 25 13 25 25 22 26 27 24 26 14 20 19 20 27 27 20 17 14 25 12 34 29 30 22 17 17 20 18 18 20 15 19 20 22 23 18 24 16 17 14 21 16 19 19 17 26 17 17 18 18 20 27 19 25 29 15 16 25 23 15 21 20 28 23 20 18 25 24 21 18 24 21 27 21 16 15 24 15 25 13 27 25 19 22 16 20 13 23 24 21 22 23 20 16 24 15 26 21 17 32 28 19 21 21 22 20 26 22 16 18 17 16 24 20 23 15 21 29 19 26 28 25 23 17 18 25 28 23 16 21 17 22 26 37 23 19 21 23 19 20 22 30 23 27 25 12 25 32 23 17 15 17 18 13 25 24 20 24 21 18 21 20 15 28 23 18 18 19 23 19 22 18 26 19 17 23 23 15 16 25 20 17 21 34 18 24 25 19 15 20 22 15 18 23 14 22 20 26 29 16 20 21 25 20 18 17 17 20 20 31 22 28 17 23 23 19 26 12 25 21 20 18 21 17 22 20 16 17 18 22 25 29 20 26 21 22 23 19 24 16 22 25 21 22 16 28 19 11 31 32 24 16 21 23 23 16 25 20 23 11 21 20 21 26 20 23 27 21 17 25 23 18 22 21 25 28 20 21 22 16 20 27 19 14 16 19 22 19 18 28 20 27 20 21 26 23 22 17 20 22 26 19 24 23 14 22 19 14 21 27 23 19 23 19 24 31 28 19 25 20 18 23 19 15 25 23 17 22 13 29 21 22 24 23 20 20 19 27 18 23 15 28 28 22 27 20 22 21 18 21 13 14 21 25 24 26 19 14 31 20 26 23 23 23 18 27 21 24 15 18 29 18 31 27 21 19 27 21 16 27 21 25 23 14 20 21 17 22 25 27 30 20 21 10 20 31 21 24 19 19 20 18 17 26 25 22 22 12 23 21 23 30 31 25 20 13 19 21 14 20 23 17 18 23 19 24 20 21 22 13 27 16 14 18 32 24 20 21 25 23 25 21 19 23 18 22 21 27 29 19 21 19 19 15 25 20 13 24 25 27 22 22 28 24 24 19 23 19 28 31 23 23 14 19 28 16 19 15 18 22 26 21 21 17 25 18 31 18 19 21 22 19 15 23 18 17 19 30 20 18 19 28 27 21 21 24 26 19 22 19 16 12 29 16 21 19 30 28 20 20 24 27 22 20 18 25 17 12 24 24 23 14 24 17 28 22 23 22 26 23 19 22 15 21 16 17 14 19 31 20 17 21 21 22 24 23 21 21 21 16 14 21 25 20 29 20 24 25 23 24 11 24 27 29 19 21 14 17 26 22 21 18 24 17 21 23 16 19 24 15 21 22 19 28 22 29 20 19 26 21 20 24 26 16 23 19 19 23 20 20 15 28 25 30 21 24 30 19 23 21 23 25 17 18 27 17 21 21 24 19 24 23 20 27 20 15 23 14 20 25 29 27 17 26 26 28 23 23 35 22 20 25 19 17 14 22 18 23 20 16 21 19 24 28 24 21 13 14 27 27 23 23 17 23 21 22 21 22 32 20 26 32 28 15 23 16 14 21 16 15 23 15 22 21 19 22 19 23 22 15 22 22 14 19 25 26 15 25 16 27 27 14 23 21 23 23 24 30 28 16 19 21 23 20 18 29 23 18 22 22 27 24 21 21 23 20 21 23 11 17 16 25 28 23 24 32 18 19 22 26 16 26 23 14 15 20 29 16 18 19 24 16 13 33 19 17 29 20 19 31 22 22 16 26 16 19 15 22 21 18 17 18 29 25 26 21 21 22 13 21 16 26 24 27 26 21 33 18 20 23 27 18 23 17 26 15 19 16 21 19 18 17 19 27 18 13 21 21 25 17 12 14 29 24 18 20 23 22 18 19 26 20 23 24 26 25 22 27 23 14 15 24 26 21 17 27 18 20 16 18 27 15 32 16 22 22 20 24 22 20 15 26 13 32 16 28 22 24 22 17 23 19 27 25 30 17 16 25 11 14 22 18 23 22 23 18 18 15 22 17 24 19 23 15 14 19 23 20 22 21 20 15 18 30 20 23 18 16 24 25 15 28 18 25 24 18 23 24 13 23 24 21 20 18 21 20 27 24 25 14 20 24 16 17 14 26 18 24 21 19 19 13 31 24 16 16 23 21 23 22 23 18 28 26 21 25 21 23 19 25 24 19 20 12 26 30 24 17 21 29 24 26 22 17 15 29 28 30 17 21 15 13 35 16 24 25 18 28 24 19 16 23 17 14 28 20 20 21 19 20 29 18 20 21 24 17 23 22 22 22 20 27 18 20 19 18 21 21 18 20 27 19 22 28 19 15 25 17 24 19 20 20 20 28 34 26 21 16 18 24 25 18 23 21 24 19 16 31 28 18 17 24 14 20 19 23 19 20 22 22 13 21 21 13 21 21 12 21 17 16 19 21 25 12 24 27 17 19 24 30 18 29 23 19 23 24 26 22 20 21 23 26 18 19 21 19 26 17 21 34 20 21 15 21 21 17 26 19 26 13 20 21 18 23 30 18 26 21 14 21 20 15 21 21 16 29 23 24 24 23 17 23 20 25 22 20 24 31 28 23 23 21 18 15 23 23 25 22 23 22 24 22 17 24 20 13 26 24 19 18 23 16 21 32 27 14 21 21 26 15 19 32 23 20 21 19 25 18 15 21 24 36 24 19 22 11 19 26 20 24 19 17 31 22 25 22 14 17 17 15 21 30 16 24 20 16 23 12 22 27 19 25 17 17 22 28 25 28 18 18 26 27 21 24 22 22 24 21 16 21 20 24 19 24 26 16 21 14 24 25 19 18 20 15 15 27 22 16 25 26 18 20 23 27 15 17 18 22 16 21 18 16 26 19 25 23 23 24 22 26 19 24 19 31 17 25 18 21 26 18 22 30 16 17 26 23 20 30 25 15 18 19 19 28 25 28 13 30 18 23 20 17 18 23 19 26 14 20 24 19 30 30 25 15 18 25 17 29 18 21 28 24 24 21 25 18 18 19 23 19 17 32 28 28 14 21 23 19 19 19 28 14 28 23 24 22 18 21 26 20 22 15 20 23 20 23 22 14 21 25 14 25 24 20 15 29 20 24 20 23 27 26 30 21 20 16 25 26 23 20 17 19 16 25 21 22 26 18 12 19 24 20 25 13 28 17 25 26 15 18 24 24 24 14 25 22 25 13 20 17 22 22 21 18 22 18 27 30 16 16 23 26 15 20 23 26 22 21 22 30 24 15 25 19 26 22 17 26 20 19 19 27 16 20 20 16 17 32 16 24 16 30 29 21 17 15 22 24 23 20 27 23 20 20 21 20 30 18 28 14 18 18 23 24 17 19 25 23 21 24 39 23 21 20 16 22 20 17 23 14 16 12 21 26 21 24 20 20 19 25 19 31 19 28 27 23 18 24 28 19 21 26 22 13 15 24 16 27 28 17 16 26 26 23 28 17 27 19 25 13 24 21 21 21 22 17 19 11 24 21 21 19 13 20 19 31 20 20 24 27 20 25 21 19 20 24 24 28 25 24 24 24 23 17 25 20 25 22 17 20 21 22 20 23 20 21 17 25 24 20 25 24 19 15 25 29 26 26 30 15 23 16 25 19 19 26 17 24 14 18 25 27 15 22 16 22 19 24 14 22 17 30 12 23 26 12 18 16 21 18 23 25 20 19 25 21 22 14 17 26 21 26 19 13 18 24 22 38 19 25 17 19 24 18 22 20 21 30 13 16 28 25 19 23 22 25 18 21 28 22 18 19 20 16 14 22 17 21 20 24 21 15 24 18 24 13 22 19 21 23 32 19 14 22 16 22 31 21 22 31 19 28 24 18 14 29 26 22 23 22 15 17 19 23 18 29 16 24 21 21 12 15 25 20 20 29 16 32 24 19 23 15 18 16 18 20 22 13 18 30 29 15 23 18 21 29 21 25 26 20 15 22 24 21 21 18 11 18 19 26 24 23 29 22 20 23 20 28 22 27 12 20 29 15 20 15 22 23 25 16 23 17 19 19 13 20 24 22 21 19 32 15 27 33 22 15 22 15 21 24 19 26 14 26 31 17 17 20 23 21 19 16 18 22 34 27 17 17 24 29 22 23 31 20 18 23 18 18 20 19 24 18 23 20 17 26 16 20 27 15 22 26 17 15 20 18 16 20 20 25 18 14 25 14 37 18 23 15 14 21 24 24 19 20 17 25 21 25 25 20 25 25 26 15 18 20 25 25 20 18 20 24 23 24 23 26 22 24 11 15 29 17 21 16 25 23 20 17 20 27 15 28 18 21 32 18 18 19 20 24 26 28 19 19 20 19 18 16 27 19 24 10 15 25 26 28 13 16 28 26 24 16 21 9 19 26 18 28 16 19 26 23 17 18 26 11 25 22 36 25 29 18 18 21 22 12 22 18 26 26 25 19 24 14 23 21 18 20 17 19 22 22 14 14 15 21 23 19 29 33 19 24 17 22 24 21 23 15 24 24 17 24 26 27 19 24 24 29 24 18 16 21 16 26 21 24 18 20 17 26 26 25 21 26 28 23 24 18 19 17 20 19 14 26 20 23 20 25 16 26 20 26 25 16 19 24 20 19 18 21 18 16 25 21 19 25 21 20 25 20 26 16 19 20 23 19 19 29 19 30 28 20 28 21 20 19 20 20 33 16 24 16 12 20 25 14 31 24 29 16 29 13 30 23 21 30 24 20 30 18 19 21 18 12 24 21 22 17 22 24 17 28 23 21 32 26 20 16 23 21 21 21 25 22 18 22 27 19 16 18 21 23 28 26 19 30 19 25 27 19 10 23 20 24 13 31 23 20 14 25 17 16 29 24 23 18 27 25 18 23 19 15 26 26 17 26 18 14 25 24 26 21 14 27 21 20 23 25 26 23 35 14 25 20 11 24 29 23 21 27 26 16 16 27 17 19 18 21 18 20 18 12 21 19 22 25 22 22 22 19 23 28 23 19 19 23 26 23 26 18 26 17 25 25 17 23 18 27 23 21 14 17 25 26 18 19 26 27 16 21 21 27 22 15 15 28 17 25 23 21 33 16 18 22 23 16 21 16 23 19 19 19 17 13 22 30 14 29 28 16 16 20 16 21 22 21 27 23 22 20 27 23 22 18 21 20 25 22 24 18 22 23 17 18 18 21 21 24 23 24 10 22 30 19 17 25 16 17 27 21 19 21 18 24 22 27 13 26 26 16 24 24 23 25 23 26 20 18 12 24 18 25 20 26 17 17 22 31 14 21 29 18 24 20 24 21 22 26 19 15 30 24 26 20 22 13 18 27 26 23 23 25 14 18 19 26 18 25 21 24 27 23 22 23 24 20 19 30 23 25 28 20 14 18 27 20 18 25 23 20 16 24 16 21 26 21 26 15 24 12 19 17 32 23 20 21 25 23 19 16 16 28 26 19 16 26 16 24 24 21 18 25 25 27 24 25 16 18 21 28 9 21 32 21 25 14 18 23 17 23 16 21 24 12 30 14 26 24 22 18 22 25 17 29 22 28 20 20 20 10 20 30 19 23 17 21 24 19 20 22 28 26 20 19 23 22 22 21 17 27 29 18 21 23 17 21 23 18 24 26 24 29 16 23 19 18 15 15 15 19 15 21 33 22 20 22 21 22 17 14 19 25 22 23 18 25 14 18 18 23 19 17 23 24 24 22 24 16 16 17 21 18 29 19 26 19 12 17 21 16 16 21 18 17 20 19 25 21 22 22 13 31 21 24 17 26 16 18 11 24 24 21 21 25 15 17 19 21 18 31 21 24 20 13 18 21 13 17 23 22 22 27 29 15 24 13 18 19 21 23 23 16 24 28 17 21 18 21 20 25 26 11 20 18 20 23 18 20 23 29 23 19 16 19 18 19 21 18 27 20 15 25 17 21 26 19 21 15 26 22 26 28 21 14 20 27 16 18 21 15 32 26 25 22 18 23 14 23 15 23 17 19 18 20 35 15 28 21 21 26 18 27 25 25 28 15 17 23 19 24 15 23 19 24 30 20 24 26 29 22 20 20 16 20 28 24 15 16 22 25 24 16 30 20 20 10 17 30 32 15 22 19 20 11 21 28 20 21 20 23 20 25 28 27 26 8 18 21 29 22 14 17 13 24 31 30 20 31 17 24 15 23 29 22 21 12 16 24 26 20 19 19 22 27 14 22 20 19 16 20 30 19 30 17 24 21 27 24 26 17 19 23 27 19 22 24 19 28 13 16 23 22 21 23 21 23 20 20 23 23 20 21 17 25 21 19 24 21 23 21 20 18 19 23 42 20 22 17 20 16 21 27 31 14 24 18 22 20 16 24 25 22 24 18 26 20 22 23 25 28 30 14 19 27 19 26 20 20 24 15 15 18 26 25 13 20 18 23 21 16 18 17 19 29 21 24 17 17 27 23 22 20 19 21 14 27 23 17 23 30 21 23 26 20 22 23 18 21 21 19 22 24 19 20 28 21 22 21 19 16 18 24 25 31 15 26 20 24 19 22 23 21 16 23 26 18 21 18 22 16 24 33 29 12 21 24 18 17 21 17 32 21 19 19 14 22 16 24 32 20 20 19 12 20 17 20 19 26 17 16 26 14 19 29 22 24 22 16 23 23 20 15 17 17 16 18 17 24 18 29 23 38 18 20 7 25 24 18 21 21 20 21 18 19 18 18 20 25 28 19 24 20 17 21 29 22 18 19 15 24 23 24 34 18 27 22 22 28 19 14 13 12 24 24 21 23 24 23 27 13 28 16 19 16 21 30 20 20 16 18 22 13 26 20 24 28 20 17 31 26 29 17 13 17 26 18 18 31 24 28 21 19 24 28 21 18 20 15 19 28 20 19 24 16 29 20 22 20 18 24 18 32 35 22 25 22 23 23 24 16 22 26 21 26 17 22 16 18 21 16 18 16 26 18 24 15 24 27 24 18 21 26 18 24 15 37 31 21 22 22 17 24 18 21 17 31 26 16 20 24 21 11 25 19 21 23 28 31 21 22 24 16 28 21 14 22 21 24 22 18 32 16 20 22 23 17 26 35 18 20 27 30 21 19 24 20 10 23 18 19 16 28 14 22 12 22 33 27 20 21 32 29 10 20 20 24 27 26 27 18 15 17 18 22 16 18 21 13 22 17 25 24 28 19 21 26 25 31 19 23 29 22 16 13 19 17 20 26 23 20 23 25 26 21 14 14 21 27 22 18 25 17 24 20 11 23 18 18 27 12 22 17 23 22 25 20 18 27 28 11 18 17 19 17 25 19 19 19 25 25 20 23 20 19 12 29 24 19 21 19 21 21 21 25 22 20 20 20 28 18 18 15 25 18 24 16 27 18 29 24 24 18 27 14 31 25 14 24 20 24 18 29 22 21 27 20 22 19 25 12 19 26 19 14 25 20 20 20 25 23 13 24 20 23 29 26 20 23 26 18 16 18 23 19 19 23 17 20 16 24 21 21 12 29 25 28 23 30 17 34 14 21 19 20 14 21 14 20 21 24 10 25 17 23 22 25 19 27 18 27 27 14 19 27 20 19 20 33 23 26 21 16 19 19 20 27 15 21 25 18 29 21 14 16 23 28 21 23 16 20 18 22 20 21 24 26 22 15 26 14 29 16 21 17 19 20 24 19 21 23 29 18 14 15 24 26 19 21 28 17 21 17 18 22 24 21 28 22 17 22 24 19 16 19 23 19 28 15 16 20 22 28 17 20 18 18 15 23 15 26 26 22 28 22 14 35 18 19 22 16 20 20 24 17 33 20 13 26 19 24 25 24 21 26 19 22 18 19 20 33 25 12 19 16 15 20 25 24 19 23 16 23 23 25 23 13 22 16 22 17 15 21 24 21 18 25 23 24 19 15 20 18 20 17 22 18 21 24 19 25 21 23 19 21 25 18 18 26 21 23 28 17 22 28 27 24 23 23 15 33 17 18 29 22 30 19 19 21 26 17 27 17 25 15 17 23 22 15 27 23 20 15 24 25 27 12 23 22 13 26 22 24 25 18 18 16 23 22 19 15 16 26 24 28 27 27 17 12 18 19 28 17 23 24 20 23 17 20 19 18 25 18 18 27 30 21 30 30 14 23 19 16 19 21 33 18 24 26 25 20 30 23 21 29 16 22 24 23 20 24 21 24 17 19 18 28 24 19 28 15 24 29 19 28 19 26 25 23 22 24 20 16 20 24 17 21 21 24 19 19 27 21 20 17 22 19 26 22 20 18 21 12 19 11 28 27 23 28 23 19 23 30 18 18 26 19 24 19 15 17 32 21 21 20 20 18 26 22 17 16 19 19 17 25 20 27 22 17 24 18 25 22 25 26 25 22 20 27 20 24 16 19 18 23 32 18 11 10 26 27 21 15 18 23 13 21 22 25 20 23 28 32 21 24 25 28 13 19 25 19 20 24 18 21 31 13 24 21 17 23 17 21 16 23 17 30 28 22 29 18 17 20 23 29 20 17 18 30 29 19 13 24 16 18 28 21 27 18 20 18 24 12 17 26 21 22 14 22 31 13 18 14 19 17 21 13 26 25 24 24 20 19 22 21 19 23 21 16 20 21 19 20 25 23 26 17 21 19 23 16 20 20 17 12 25 15 18 23 22 21 26 26 28 23 21 27 23 12 16 29 22 24 27 27 31 22 25 20 23 17 19 17 17 21 23 21 20 16 29 18 27 15 17 26 19 19 23 16 21 27 17 27 35 23 23 12 27 23 17 22 28 21 25 27 19 25 17 21 24 19 24 20 26 20 18 16 29 20 23 20 26 22 20 17 15 20 26 29 23 23 19 26 15 25 20 20 18 25 23 24 9 24 22 26 29 33 19 11 22 23 28 21 21 23 22 19 18 19 27 23 16 12 16 26 31 26 26 24 19 32 16 25 23 19 21 14 21 19 27 22 19 23 13 24 22 15 29 27 28 21 24 19 17 21 26 13 18 18 19 28 14 23 22 23 25 20 24 28 27 27 16 24 17 20 16 25 18 24 19 24 12 15 22 20 23 29 18 24 22 18 19 23 8 33 21 14 21 16 17 20 24 17 28 13 23 18 30 20 19 23 19 14 30 26 23 16 23 23 21 20 24 21 25 15 19 16 23 22 20 23 25 15 13 28 24 19 28 19 18 23 23 26 19 21 19 22 35 15 13 21 23 19 23 20 16 24 22 25 24 20 20 19 22 22 27 20 21 23 26 22 16 25 26 25 15 19 25 22 13 20 23 24 18 29 22 19 27 14 18 16 21 12 21 25 23 22 22 18 24 20 21 17 24 27 27 19 25 17 15 22 16 17 24 22 16 19 24 18 18 26 17 19 32 26 17 27 25 20 16 22 14 18 25 22 26 20 22 23 21 23 15 16 23 22 22 21 17 14 24 32 21 20 20 17 20 26 19 21 22 18 38 19 19 26 21 19 21 21 17 18 12 20 21 21 23 13 21 21 27 17 22 23 25 27 17 21 19 21 21 18 25 21 16 14 27 29 27 18 16 20 20 22 24 9 19 25 22 18 20 23 29 22 22 22 17 20 16 25 10 23 32 22 21 19 13 26 19 22 18 18 14 20 24 24 33 17 16 22 25 15 16 23 18 19 19 20 21 23 27 26 20 24 30 26 23 27 26 16 19 15 18 20 14 24 24 19 20 24 15 11 21 17 18 15 16 33 25 16 26 24 23 20 15 20 24 16 18 27 22 26 24 20 21 25 26 23 22 12 16 19 22 28 27 19 17 18 22 19 21 29 29 16 20 20 18 18 14 21 14 18 21 22 19 28 22 27 21 27 15 24 20 22 15 26 34 21 20 17 25 12 17 24 22 17 18 25 25 29 26 21 16 22 24 22 21 21 22 22 25 16 20 22 23 21 22 18 25 18 24 21 20 18 22 27 23 16 17 20 16 30 20 15 15 30 24 26 17 30 16 21 18 19 20 22 15 22 17 22 25 20 20 25 31 22 15 22 28 21 22 19 22 20 20 19 22 22 16 11 17 20 21 23 15 21 26 23 21 20 15 24 19 16 26 28 14 11 28 24 25 25 21 25 25 32 19 18 25 21 16 21 18 20 25 19 26 22 26 16 20 22 20 25 20 24 22 20 28 27 25 23 21 20 19 19 26 21 24 20 19 24 14 21 31 22 20 18 27 26 17 23 22 20 17 32 25 30 19 26 18 17 24 18 20 19 23 17 22 22 31 27 26 14 12 25 20 25 13 34 19 26 20 16 24 27 18 26 24 27 19 21 21 20 16 19 20 13 15 20 13 21 27 25 20 23 28 24 15 21 25 24 19 25 18 28 23 26 19 24 18 12 28 25 21 19 24 26 23 32 20 20 18 28 18 18 18 18 25 18 18 22 27 17 15 18 24 22 18 20 22 17 25 22 21 17 20 29 25 24 20 17 22 18 19 29 17 19 21 21 23 26 18 27 22 27 25 21 28 18 17 25 14 20 19 19 32 24 31 21 20 19 26 20 21 16 23 16 37 18 19 20 18 21 19 24 19 28 21 22 12 24 25 21 15 18 25 17 10 24 22 13 18 23 18 22 18 23 24 25 22 23 13 25 21 22 33 21 19 23 20 20 31 18 18 17 22 27 21 19 27 19 15 22 20 16 15 26 19 18 23 19 18 16 27 24 22 19 21 19 27 21 19 20 18 28 20 30 19 12 20 12 15 23 31 19 37 19 27 22 25 15 19 21 19 16 21 24 17 20 25 24 16 17 19 22 22 27 24 23 18 18 26 21 17 18 20 16 27 21 23 19 18 24 23 22 24 20 27 18 19 24 17 22 23 22 16 23 21 27 22 18 27 24 22 25 15 13 13 20 18 27 28 24 19 12 17 22 25 19 24 17 23 24 10 23 23 27 21 23 15 15 12 18 16 26 19 23 27 21 29 31 19 15 20 11 22 16 19 32 19 27 20 26 22 22 30 26 11 19 23 15 20 20 23 22 22 20 27 21 31 25 26 14 21 17 28 13 23 19 12 23 20 21 18 20 17 18 29 23 22 20 20 17 15 12 22 15 28 14 19 26 21 15 29 16 16 19 22 23 28 28 13 18 15 21 20 21 16 28 20 34 25 20 19 15 21 20 26 20 19 14 25 27 15 15 12 14 33 23 19 23 15 21 25 22 18 22 19 21 19 22 18 15 20 24 25 29 21 26 20 23 27 25 22 20 19 18 21 17 24 25 21 24 25 18 24 16 14 19 21 24 19 15 17 24 19 27 19 29 18 26 16 23 27 14 21 24 11 27 20 21 21 16 24 18 21 19 18 27 17 34 24 18 24 17 19 27 23 22 27 22 23 17 14 19 28 19 27 17 16 25 23 21 24 16 23 22 18 29 14 13 20 32 30 23 28 19 21 23 25 8 23 22 19 23 24 27 18 19 15 24 20 16 33 21 20 20 19 14 26 20 21 32 37 20 17 17 25 23 18 26 26 27 13 25 25 26 26 22 30 26 16 16 21 19 11 20 25 18 21 21 15 21 27 24 21 20 13 27 16 24 21 21 25 34 15 22 24 20 25 15 16 22 31 20 23 21 13 18 19 21 30 26 17 21 16 16 20 24 21 17 20 26 19 31 19 18 23 17 25 22 26 20 17 20 24 18 30 29 18 22 15 22 16 19 26 22 20 20 26 21 18 19 18 11 22 15 19 24 24 28 15 21 20 26 21 20 13 25 21 20 21 25 21 24 22 29 29 24 18 25 13 24 18 27 20 19 23 15 20 21 19 19 20 21 16 24 35 22 16 22 28 20 20 18 19 22 22 18 26 23 22 25 13 19 22 23 14 15 19 31 26 21 20 19 13 25 20 25 27 21 22 20 25 20 17 24 16 25 19 24 24 22 21 20 12 19 20 22 23 17 26 16 24 23 22 25 23 24 25 23 25 27 28 20 22 21 18 24 27 27 19 25 21 15 22 14 22 26 22 23 21 29 25 19 21 22 20 20 18 22 26 27 23 22 10 22 24 14 16 18 19 16 30 17 23 25 19 20 17 20 16 24 18 14 11 21 26 19 24 19 24 21 21 14 18 18 17 26 16 20 25 18 26 26 20 32 26 16 13 27 22 22 20 20 14 26 24 30 16 22 25 10 24 27 24 22 15 17 16 31 16 23 22 22 28 25 21 24 22 16 22 15 26 26 16 24 23 25 25 15 24 17 23 20 27 24 17 22 13 24 20 22 23 17 24 21 14 13 13 23 21 20 22 20 19 23 28 38 26 27 28 18 13 14 24 23 17 20 22 26 22 12 17 27 28 26 16 21 22 19 21 15 16 16 24 18 25 21 20 17 25 27 20 26 23 32 25 23 19 19 24 15 24 10 15 18 30 22 22 10 23 20 28 19 22 18 23 28 15 28 22 17 19 22 29 20 22 19 24 19 23 24 17 19 22 20 29 17 27 24 12 18 15 25 18 16 34 22 21 29 21 18 24 17 16 17 19 27 19 15 23 20 18 32 25 15 25 14 19 22 19 21 21 23 13 13 17 23 26 24 30 25 26 16 27 20 21 13 34 19 25 21 23 15 13 23 14 20 25 13 22 22 25 17 25 16 20 26 16 25 17 22 20 22 20 22 23 16 24 21 22 22 21 20 20 21 20 19 13 32 24 17 26 18 20 22 18 15 26 20 18 22 18 18 25 22 21 13 26 26 27 22 20 18 28 18 30 24 21 20 22 24 26 18 17 17 22 26 26 12 26 22 22 22 17 18 22 24 26 19 21 12 23 21 21 20 26 23 16 14 20 31 28 18 13 21 19 26 13 23 23 22 21 12 24 17 16 26 19 14 24 22 19 13 21 20 18 22 19 17 26 19 18 17 28 21 22 14 20 20 24 23 16 15 24 27 19 12 22 23 18 20 17 20 26 19 16 26 18 21 29 20 22 24 31 17 22 22 25 22 29 19 26 26 16 23 14 21 20 25 13 23 16 22 17 17 23 22 20 17 27 19 15 20 26 18 28 18 21 25 24 35 18 24 17 18 24 16 18 19 20 28 16 20 16 27 22 25 19 21 10 15 22 26 19 21 13 17 26 23 18 22 22 21 14 33 22 13 23 21 24 16 25 30 22 29 24 23 24 20 22 19 26 14 20 16 15 20 14 23 26 16 22 23 32 19 18 34 19 24 19 26 30 19 25 22 15 23 25 27 20 20 29 29 21 19 21 19 21 16 30 14 14 24 31 17 23 22 23 24 14 23 15 16 17 26 24 14 20 27 17 22 18 23 26 19 20 24 27 21 24 12 17 24 27 20 24 22 16 26 22 26 26 21 17 25 22 16 15 19 14 17 16 34 23 17 24 14 32 21 23 18 18 24 22 27 21 26 14 19 25 19 16 22 20 29 19 17 18 17 23 20 26 22 25 23 23 13 30 21 20 31 22 19 17 23 27 22 17 25 27 16 21 25 15 25 21 20 25 17 20 18 22 18 31 17 22 17 24 16 21 24 23 23 20 36 27 21 20 16 23 30 22 19 17 31 16 14 23 19 18 19 15 25 21 29 22 19 27 17 14 24 23 15 21 24 28 27 21 20 21 21 27 26 25 11 15 20 14 22 30 23 18 28 25 24 25 23 20 21 16 25 18 29 28 17 23 19 19 22 21 17 21 9 33 13 23 19 22 19 30 22 18 21 16 24 24 19 19 15 18 32 21 16 14 14 22 29 25 24 30 26 23 22 20 29 21 13 19 24 27 17 17 17 27 13 27 26 27 16 20 19 23 27 21 22 21 27 22 20 16 12 28 20 26 22 17 26 15 26 24 21 19 23 19 18 20 27 22 22 23 18 26 19 23 21 28 22 27 20 14 15 25 15 23 23 25 28 24 26 18 22 22 28 20 23 21 21 19 17 24 17 31 27 20 21 17 22 20 21 27 22 26 25 34 22 27 22 15 16 17 28 21 20 29 15 28 27 20 16 10 13 25 24 17 22 26 19 20 23 20 24 21 22 19 13 25 20 17 21 19 15 17 23 23 22 23 33 24 30 15 14 21 25 32 17 20 21 16 15 14 25 21 19 22 24 21 20 18 17 19 18 25 26 22 19 32 21 16 15 18 23 19 29 26 21 18 19 22 28 26 19 15 19 16 21 17 20 31 26 15 24 23 20 19 26 23 19 16 24 14 18 22 23 22 27 30 26 27 18 18 17 18 19 19 27 27 26 27 19 22 20 19 20 31 25 18 20 19 22 26 22 15 20 23 21 27 12 25 14 23 20 23 22 19 16 31 24 23 17 19 28 18 24 27 28 25 13 20 22 30 16 15 26 23 17 22 16 21 13 17 16 25 25 22 22 27 23 18 27 19 20 17 27 24 20 16 13 23 25 26 14 20 31 23 24 17 33 17 19 29 28 24 20 21 21 23 23 18 18 19 15 20 27 23 14 23 15 11 18 19 16 17 24 20 21 17 30 17 19 22 20 15 25 23 20 24 13 17 23 20 21 22 14 20 32 20 24 19 16 17 18 17 22 24 17 19 29 17 19 28 19 23 18 27 17 22 17 26 28 21 18 22 19 19 22 21 20 16 14 26 28 22 23 14 22 27 25 15 17 25 18 23 19 20 21 23 20 24 14 17 18 16 34 23 19 24 20 15 15 20 25 18 18 28 22 23 28 18 14 24 24 25 22 15 16 20 17 20 26 25 21 22 15 21 22 19 25 23 16 22 30 17 25 24 18 24 26 16 22 17 21 16 21 21 32 19 24 16 27 23 18 19 20 16 19 18 26 23 18 25 17 18 24 23 23 23 15 20 20 23 22 20 12 22 14 27 28 27 15 20 18 19 20 20 18 21 21 18 23 22 20 25 22 20 19 19 11 17 18 28 19 20 22 17 17 15 20 26 22 24 21 16 23 19 24 18 27 19 28 26 15 19 24 31 14 23 15 25 24 22 24 21 23 16 19 21 30 20 20 22 16 23 14 18 23 21 23 25 22 20 25 23 21 18 23 20 17 32 20 16 20 19 12 20 23 14 20 15 24 22 21 25 21 24 22 22 19 27 19 23 30 28 26 12 17 17 25 17 25 21 21 26 28 17 22 19 19 30 17 23 37 19 19 16 16 20 23 29 16 20 16 18 21 22 22 26 20 24 21 24 23 17 26 28 26 25 18 19 26 29 16 13 28 18 25 18 20 36 29 18 19 29 18 23 18 19 16 16 9 25 27 25 11 20 28 22 26 23 20 12 27 17 28 18 20 27 21 31 25 20 14 17 20 18 22 17 22 18 23 20 22 16 30 19 20 25 22 24 18 26 14 25 16 20 25 14 18 34 27 23 17 25 22 23 20 20 23 16 30 20 18 17 31 13 27 12 19 20 21 24 23 18 30 28 39 27 21 18 21 17 25 22 20 17 18 15 25 22 28 20 20 19 22 23 21 21 23 30 27 27 23 20 23 25 15 21 23 24 26 23 16 22 29 14 18 24 20 27 19 17 21 21 20 16 20 21 19 16 31 12 27 26 21 19 16 18 25 29 19 16 25 22 19 26 28 21 18 21 23 16 21 18 23 26 12 19 21 24 19 25 22 11 16 22 23 29 13 27 21 23 21 18 18 26 19 28 22 23 19 16 21 31 20 26 23 25 23 19 23 23 22 21 19 25 19 18 14 21 18 15 23 20 19 25 21 22 14 18 22 21 13 22 29 24 18 23 25 19 20 19 24 23 30 18 23 24 21 26 22 24 11 27 11 23 17 19 27 18 15 21 14 19 19 31 20 19 22 19 24 15 25 21 26 19 23 14 20 15 22 22 14 25 24 29 24 18 20 21 19 12 24 18 14 25 21 24 19 22 20 21 24 29 23 21 19 21 15 26 32 22 21 15 24 12 22 20 15 13 28 22 31 23 20 25 22 20 33 23 24 19 22 19 20 34 9 23 23 24 25 14 23 24 19 19 24 20 16 20 18 17 24 14 23 14 22 14 17 18 28 20 20 20 16 25 18 31 27 19 25 26 32 16 20 22 26 22 19 22 20 17 25 26 28 27 23 10 24 20 15 21 13 28 17 18 32 20 20 21 18 21 15 27 18 23 18 17 19 24 18 20 21 16 26 24 18 22 32 19 27 28 22 22 15 19 26 25 19 16 17 24 27 20 21 15 22 30 23 22 17 17 27 20 20 14 27 30 14 29 19 16 16 24 13 28 31 30 14 30 15 24 17 22 32 26 22 23 19 20 20 18 20 16 19 17 23 32 25 33 20 25 24 22 14 25 27 28 24 23 23 19 14 18 23 14 15 26 22 21 22 19 23 12 18 22 20 17 19 27 26 21 16 19 24 23 28 20 20 20 20 18 16 29 20 23 22 23 19 25 21 19 18 21 21 18 15 24 20 24 19 20 20 24 23 18 18 28 27 25 16 24 28 17 28 18 25 22 22 27 24 13 33 17 24 25 17 10 23 18 14 17 18 23 14 32 20 19 24 26 21 32 16 17 31 22 14 25 11 24 24 19 22 17 17 20 14 22 15 29 22 22 21 21 20 16 18 19 18 19 17 21 25 15 22 32 20 20 25 31 21 16 22 24 22 20 16 24 28 19 23 20 26 18 28 16 26 29 16 20 24 20 21 19 15 23 35 16 22 19 17 13 24 22 24 25 23 23 22 24 22 15 25 16 19 21 20 20 27 22 19 17 22 20 26 20 31 18 17 19 22 21 23 18 13 26 17 16 19 16 13 18 36 21 20 27 23 22 27 33 16 22 22 19 19 30 15 17 20 28 23 23 13 26 25 18 14 21 21 20 21 21 22 20 26 23 13 26 20 27 18 17 24 17 19 18 25 19 17 20 18 24 22 20 18 26 24 21 24 14 29 17 23 22 22 11 20 21 23 24 27 21 16 17 25 18 23 25 21 22 14 16 23 20 16 18 16 24 25 19 23 20 18 29 27 26 21 18 20 23 18 31 18 29 21 16 17 23 22 18 28 18 19 20 18 17 18 20 16 30 20 16 22 28 24 19 22 28 32 16 25 30 24 15 21 20 16 24 22 21 23 24 27 30 21 17 22 14 19 21 25 22 21 20 23 30 12 22 19 15 23 17 19 19 23 26 23 20 22 22 14 24 27 13 21 19 21 24 19 26 28 29 20 24 16 13 20 16 21 20 21 22 22 17 22 21 23 11 17 19 28 27 25 18 13 25 19 22 22 26 17 16 18 21 27 25 27 20 21 17 23 19 19 25 19 22 20 23 16 26 22 19 14 23 26 31 19 26 23 21 24 21 18 22 25 24 17 16 17 24 23 27 13 16 14 20 24 16 16 26 20 22 17 23 25 30 17 15 18 21 19 21 27 14 18 25 23 21 28 15 22 25 11 16 24 22 24 21 29 15 18 17 22 19 19 25 26 17 22 18 22 19 23 23 20 16 23 16 28 17 14 26 27 24 22 21 22 15 25 23 29 25 18 22 28 25 25 17 23 19 18 14 21 25 23 14 20 24 15 20 18 20 17 17 27 18 24 25 25 24 14 18 15 29 23 24 23 24 23 13 19 15 23 19 19 20 19 23 20 22 13 18 21 21 18 21 24 30 23 22 24 20 17 10 13 24 22 26 29 18 29 26 22 20 23 21 11 16 20 21 19 24 16 21 22 28 27 20 22 24 20 27 31 20 24 15 22 25 18 21 26 12 21 30 30 29 17 20 15 18 16 24 26 16 26 21 26 17 18 20 23 17 20 25 19 26 22 26 14 18 25 15 29 32 19 34 27 25 26 21 19 15 25 23 27 16 22 25 24 12 26 13 20 28 18 20 21 24 23 16 19 24 21 23 34 19 19 18 19 17 19 25 27 21 16 28 36 16 23 19 19 13 22 18 20 23 24 27 26 26 22 19 17 22 19 20 17 26 18 26 21 23 22 29 21 14 17 21 22 27 31 15 18 18 31 29 18 17 14 16 20 25 17 22 21 31 15 20 18 20 21 20 28 18 29 24 21 30 20 20 14 14 23 27 16 20 20 15 18 22 26 16 19 23 21 16 27 24 24 19 23 25 22 16 27 21 24 25 20 24 20 27 20 22 20 22 24 25 16 16 24 19 25 18 31 23 21 21 29 25 21 29 15 18 21 20 20 31 25 13 21 22 20 15 13 20 26 34 17 40 17 24 26 14 23 16 15 25 23 17 25 31 21 26 28 24 20 28 20 22 20 19 20 29 15 14 17 25 27 12 27 24 20 18 16 29 19 22 23 21 26 17 22 19 19 16 16 20 22 22 26 24 28 26 14 21 18 23 25 21 17 16 27 19 17 22 21 24 26 26 25 21 21 15 18 26 29 13 23 18 14 19 17 20 12 22 24 25 25 29 18 20 24 29 27 21 24 27 15 26 21 19 19 20 20 19 24 18 23 22 14 21 24 22 25 21 22 18 20 15 21 17 18 16 23 19 27 23 23 20 18 23 23 29 13 29 23 26 20 23 24 26 23 23 22 16 19 22 28 19 26 22 18 25 24 12 24 28 17 15 20 19 24 25 16 24 28 22 22 27 13 25 28 17 15 19 18 16 30 28 20 21 25 29 17 24 21 17 19 13 23 28 19 28 28 14 19 22 27 15 18 22 25 20 28 15 27 23 27 20 24 20 20 15 24 23 25 27 11 24 18 21 25 19 19 26 28 16 23 29 16 16 14 31 15 22 26 17 24 25 24 19 19 17 23 18 11 27 15 23 17 31 21 28 22 27 17 29 19 17 18 23 20 20 26 25 19 17 27 25 22 19 20 20 18 17 23 23 21 18 19 19 18 22 17 22 23 25 23 26 33 19 23 22 22 17 25 19 19 24 19 20 18 24 31 28 17 25 19 14 31 16 32 19 25 16 23 20 21 20 23 21 20 12 27 23 25 18 17 19 21 20 22 22 23 20 21 28 27 34 19 16 20 18 17 17 21 22 18 20 18 17 21 17 30 21 18 20 22 19 24 19 17 28 13 28 23 26 18 20 18 25 21 24 18 21 27 23 22 17 15 24 18 23 25 23 22 21 25 22 28 27 21 22 25 11 21 24 23 20 21 22 12 19 23 18 20 18 19 24 23 19 18 18 23 21 26 19 19 15 23 23 19 18 26 25 20 17 16 21 25 24 23 12 22 20 18 20 16 12 21 21 28 17 27 18 21 28 26 22 18 19 19 23 25 19 23 20 25 20 16 25 30 16 21 15 21 24 23 21 21 21 15 21 21 11 22 17 20 26 22 25 30 18 27 17 24 20 15 22 23 15 14 26 17 13 26 21 18 22 26 16 16 28 18 12 17 24 15 29 24 17 17 25 14 19 21 21 24 21 24 17 28 26 19 20 22 22 14 17 15 21 27 28 26 20 27 20 22 30 13 19 20 26 19 20 21 12 17 22 21 20 20 19 18 27 38 17 19 24 17 16 15 19 23 20 13 15 23 21 15 28 19 25 16 22 22 23 18 27 18 16 20 25 24 17 23 29 22 28 28 21 19 23 32 9 25 15 23 20 23 32 31 23 17 20 21 20 14 18 22 22 20 18 22 26 24 17 31 21 24 16 30 27 26 17 16 15 32 22 16 26 25 15 15 18 25 21 25 21 19 25 28 18 23 21 23 20 22 18 20 29 16 17 22 28 22 22 24 22 15 23 16 23 18 16 12 16 27 27 22 24 22 21 19 24 22 21 21 19 26 23 23 17 32 21 12 17 26 22 13 21 19 29 14 13 26 23 23 25 24 16 16 23 28 21 19 21 28 20 14 17 20 16 15 22 27 17 22 20 24 21 25 26 15 25 22 18 23 16 18 20 21 22 29 18 21 18 25 17 13 22 20 16 22 18 26 21 25 19 31 19 20 21 18 24 13 17 20 16 21 22 17 20 28 26 20 21 16 23 19 15 20 24 13 26 23 29 26 17 16 23 23 24 17 17 17 22 18 25 22 18 18 26 20 21 22 19 27 20 27 19 20 18 16 18 25 22 21 20 23 21 30 20 27 22 19 22 22 19 14 22 27 27 23 20 22 19 22 19 19 29 20 24 17 21 23 13 12 28 23 25 22 22 24 26 19 17 27 20 21 16 20 26 15 27 20 25 19 21 19 24 30 21 24 20 13 27 21 14 23 25 20 21 22 24 20 19 24 22 32 17 22 21 24 29 24 18 19 22 15 26 25 17 19 14 27 21 29 22 22 26 14 25 25 21 18 24 20 25 19 13 22 16 18 24 26 17 32 20 15 23 25 15 23 19 19 24 21 18 19 15 18 25 17 19 17 22 25 18 15 19 20 17 19 16 17 17 22 16 21 21 18 26 26 22 23 29 26 15 13 15 25 31 19 19 13 26 27 20 14 20 24 22 21 22 24 18 22 17 23 23 30 17 22 22 22 26 16 14 22 27 21 27 28 28 22 25 18 14 18 16 26 22 19 30 23 19 20 20 21 17 25 16 25 19 22 17 21 22 22 10 25 19 23 30 17 16 24 19 25 16 21 22 14 32 20 20 22 12 26 25 25 28 16 25 12 15 15 22 25 25 21 21 20 12 22 21 25 22 20 31 19 20 14 19 19 30 22 26 15 20 22 31 23 18 16 26 19 22 20 16 24 24 16 20 23 13 32 23 25 20 21 18 19 20 15 30 19 25 24 19 26 25 21 21 22 17 14 21 20 19 21 17 21 24 20 20 20 27 23 24 26 14 19 21 13 22 29 25 26 16 22 26 22 25 37 16 23 21 27 22 23 24 19 23 27 13 22 26 30 10 27 13 16 19 14 18 17 23 32 18 27 24 21 23 20 24 18 23 17 19 28 20 22 21 20 20 18 24 17 22 23 18 21 27 24 26 18 18 19 23 21 19 23 15 18 18 19 24 28 16 22 22 20 21 20 24 19 18 21 18 25 19 17 20 29 23 18 18 22 18 24 31 25 22 19 24 14 17 22 24 28 21 17 22 25 21 16 16 15 18 18 24 22 16 25 27 24 21 21 23 25 23 25 17 16 22 37 16 16 20 26 24 28 18 21 20 21 18 18 23 35 20 16 28 25 16 18 14 18 23 18 19 34 27 22 23 24 22 25 21 21 16 27 28 18 16 20 20 19 30 23 15 21 16 20 25 19 20 19 23 23 26 33 16 24 22 15 20 22 20 30 15 22 20 18 27 17 21 29 24 16 24 29 30 18 24 20 24 20 23 32 15 17 27 23 20 24 23 24 18 25 18 21 21 18 18 19 23 34 34 19 23 17 23 25 16 14 16 16 27 31 25 16 20 19 21 23 20 20 22 12 15 23 23 33 29 25 29 24 13 20 26 27 19 23 18 32 25 24 13 28 14 21 19 16 30 15 29 27 32 29 25 22 16 19 24 29 21 18 18 21 18 19 27 17 16 23 28 18 21 18 18 21 22 15 21 15 22 21 28 19 19 18 25 27 23 25 23 17 16 23 21 17 20 27 19 22 24 22 22 23 18 25 26 20 19 27 12 23 22 23 18 18 14 25 20 15 23 29 18 28 17 23 12 20 16 25 15 14 11 19 18 20 26 20 16 29 27 23 26 18 22 17 21 25 28 26 20 18 25 21 27 20 21 17 13 17 28 20 26 28 28 23 17 19 20 17 22 17 27 20 21 29 26 17 26 25 25 18 13 21 18 27 11 18 22 31 23 9 16 20 16 24 24 23 28 23 25 19 17 22 27 18 27 18 28 22 20 20 27 23 15 31 16 26 19 23 12 22 14 19 20 15 24 20 17 26 27 18 12 24 24 25 24 22 22 18 21 22 17 19 17 17 25 24 24 23 30 22 19 19 24 21 12 16 19 20 21 24 23 24 19 27 17 17 26 20 20 19 26 23 23 21 15 20 21 14 27 27 19 35 20 22 17 19 17 32 25 28 20 19 20 15 17 26 14 26 22 29 14 24 19 15 23 20 22 23 25 17 17 23 27 23 22 27 18 20 19 17 13 27 33 27 20 19 19 17 13 24 23 28 25 21 19 17 32 22 20 15 22 21 16 25 22 18 23 21 29 16 18 19 18 20 28 12 24 18 27 23 19 15 23 12 33 16 22 20 22 27 14 24 23 21 22 12 23 14 19 26 23 18 16 32 25 19 26 21 24 12 16 17 28 22 18 22 29 24 18 15 28 25 16 20 20 22 17 21 31 18 18 19 30 23 21 18 24 24 23 27 19 22 19 24 19 23 14 24 27 15 27 26 18 31 25 26 22 16 23 17 19 27 17 17 22 22 21 20 30 22 21 28 18 21 26 18 20 13 23 19 10 25 11 22 15 16 33 27 16 20 23 17 25 23 30 19 14 31 29 28 23 21 22 18 26 21 23 26 21 21 15 22 20 18 26 17 16 14 31 31 18 21 16 25 23 18 20 19 27 21 18 18 19 17 31 27 19 17 26 21 21 28 21 28 18 20 22 26 18 13 20 18 21 28 18 23 13 22 29 22 24 24 20 24 32 26 17 23 25 15 20 22 19 19 22 18 23 23 21 23 15 18 22 22 20 13 33 25 20 16 29 16 24 23 24 17 25 19 23 22 19 39 23 23 25 13 16 20 29 26 24 31 19 20 15 34 14 17 22 21 18 29 15 23 23 21 29 22 31 13 20 19 14 27 22 13 16 22 21 27 20 19 31 25 25 20 24 22 14 24 24 20 24 21 20 22 29 24 18 18 28 21 23 13 24 18 18 20 19 25 22 27 22 25 18 24 15 18 19 18 20 22 22 16 17 21 13 18 21 20 14 24 24 23 19 20 24 20 25 21 22 20 15 21 20 21 23 30 24 20 18 20 33 17 15 19 26 20 21 15 18 19 20 15 19 19 24 21 26 18 28 25 18 19 12 18 22 22 15 15 25 24 24 20 25 20 15 20 11 22 23 19 21 16 18 21 19 18 26 24 19 19 20 21 28 28 32 21 24 20 18 19 15 19 19 19 23 20 28 28 24 24 25 19 22 20 25 25 22 11 20 19 11 26 23 19 30 18 11 24 15 30 17 18 16 14 18 20 31 19 15 22 32 24 16 12 22 18 27 24 19 26 21 22 21 32 18 20 18 29 19 20 25 21 21 16 19 16 21 25 22 20 26 26 18 20 34 20 31 23 22 21 11 17 22 25 20 31 27 17 22 13 29 29 20 28 17 17 21 30 19 18 18 28 19 15 16 16 23 20 25 24 22 25 18 12 30 24 22 21 24 20 28 14 25 26 27 22 13 21 25 29 14 19 20 23 31 20 14 29 16 24 21 22 19 31 20 23 27 21 22 15 26 23 13 23 19 18 21 23 23 16 26 13 27 24 21 32 16 21 26 29 24 28 19 17 21 25 19 12 23 22 14 31 23 21 23 12 10 11 23 20 16 24 26 18 16 21 11 20 27 17 31 20 31 25 28 21 11 24 15 22 26 25 23 24 22 19 30 20 34 24 20 19 26 13 17 21 19 20 25 27 18 14 21 16 23 24 33 21 15 24 22 28 13 21 27 17 13 22 25 20 25 16 24 16 23 23 21 27 18 19 24 21 26 25 18 18 16 25 29 22 18 25 17 34 19 23 21 22 19 22 24 20 15 23 26 15 16 20 25 17 18 24 23 32 15 21 19 20 23 22 25 21 22 24 23 27 19 21 21 21 22 16 24 19 25 32 18 22 21 21 26 25 22 14 17 22 23 18 23 25 29 28 28 21 28 20 15 24 17 22 25 24 16 20 19 25 29 27 22 16 25 21 26 25 25 15 15 18 23 18 24 13 21 18 21 19 26 29 14 22 19 27 23 24 19 19 19 20 23 22 25 19 14 24 18 17 30 25 29 19 16 21 13 19 23 24 17 28 21 22 13 20 27 27 27 21 12 27 22 17 18 28 16 24 20 13 22 19 20 26 20 23 22 26 28 25 31 23 13 19 20 19 27 20 21 26 15 23 19 19 21 26 22 25 12 21 26 25 18 16 14 20 21 29 23 15 28 25 16 20 18 14 22 32 13 13 26 27 17 20 17 18 14 18 22 27 25 18 22 22 20 18 26 20 13 17 18 23 20 28 25 24 20 18 16 24 20 32 20 28 19 13 19 20 18 24 28 17 22 21 21 17 21 19 20 26 18 27 17 25 23 19 23 23 33 18 18 20 21 20 16 29 20 18 16 13 25 22 22 24 20 27 19 24 15 17 29 20 20 25 22 17 23 22 24 21 15 16 16 20 28 28 22 25 9 21 24 22 27 16 22 14 27 28 16 21 20 23 20 25 35 29 20 15 19 24 16 19 9 17 26 13 16 29 21 16 22 22 22 26 16 19 21 24 32 19 18 19 19 24 29 22 20 22 17 28 26 23 18 21 31 19 21 20 14 30 16 29 23 25 18 17 15 18 21 21 25 27 22 23 23 23 16 19 19 23 19 22 24 23 28 23 15 13 23 24 21 20 11 21 26 23 25 25 20 23 20 21 18 19 24 22 20 21 23 27 29 25 36 22 17 25 19 24 26 18 21 25 8 24 26 22 21 22 18 24 20 34 20 21 27 22 17 20 25 23 21 24 23 22 15 22 20 15 17 27 17 19 19 21 24 16 25 16 25 21 20 24 17 19 18 24 31 20 17 22 22 16 21 28 18 21 13 18 24 21 18 22 22 25 24 31 18 25 20 26 27 24 25 21 16 26 23 26 24 25 21 25 15 15 19 22 32 18 22 17 12 21 22 21 22 17 22 23 21 24 16 15 23 21 23 27 25 19 20 25 28 29 27 22 28 17 11 16 23 17 13 24 23 19 21 21 25 22 21 24 27 23 19 19 12 25 24 26 16 23 32 15 19 19 25 25 13 21 16 15 18 21 27 22 23 18 20 19 20 19 20 26 14 23 23 17 17 26 15 28 17 30 22 21 15 15 24 23 20 19 20 22 22 19 22 24 28 20 18 14 18 20 23 30 23 22 21 21 17 30 20 18 22 21 19 25 14 21 20 20 15 19 25 22 19 25 22 21 27 23 16 24 17 18 18 22 25 16 20 11 14 31 23 24 21 24 29 19 32 21 20 24 23 35 9 22 10 19 14 21 25 22 15 20 16 18 20 15 24 20 23 14 25 24 17 27 14 12 21 14 26 21 22 27 27 16 18 15 23 21 25 26 29 22 18 20 19 24 22 21 18 23 20 25 14 21 24 22 25 22 27 19 22 23 16 27 15 15 17 17 26 24 21 29 27 34 22 17 24 22 16 23 16 27 17 22 13 26 11 19 18 23 26 25 20 20 28 18 20 19 22 21 21 22 16 26 18 18 24 26 32 17 19 25 21 26 21 29 25 21 16 26 28 19 21 20 19 18 20 15 21 19 23 27 22 32 14 19 21 20 19 18 24 25 29 24 26 24 27 25 19 23 20 21 23 15 24 21 23 24 18 15 21 25 24 17 12 27 20 22 15 27 19 23 16 18 23 22 25 25 19 28 21 24 30 17 19 20 19 21 24 25 20 17 23 16 21 14 18 28 25 20 18 20 27 20 17 16 15 16 25 25 16 18 24 21 19 16 30 21 18 16 14 26 37 19 16 18 20 21 16 22 20 24 21 12 21 21 19 29 25 25 17 22 23 20 18 18 18 18 23 18 22 30 19 20 20 21 22 26 16 29 24 19 18 19 18 20 28 28 18 19 23 31 25 21 23 24 22 22 17 21 20 22 25 19 18 23 22 18 21 13 25 22 23 18 19 17 23 23 15 20 24 16 18 18 20 21 17 29 16 35 18 27 21 12 20 22 27 29 17 22 21 22 21 17 23 25 23 23 14 22 28 22 15 31 19 15 15 16 21 23 28 27 21 21 16 24 23 19 23 24 20 22 18 26 26 16 22 28 20 17 18 21 21 24 16 23 20 16 15 25 21 18 20 26 35 20 23 20 17 24 18 17 24 22 23 21 26 18 20 20 27 23 25 20 16 20 21 20 18 22 22 19 26 19 20 25 32 24 20 20 25 14 15 24 15 33 23 20 16 25 19 32 19 20 17 16 14 21 24 17 17 22 13 22 26 26 29 18 18 21 22 16 22 13 14 21 26 23 20 19 19 24 22 24 17 22 23 27 23 32 20 19 17 25 12 19 23 22 22 18 17 24 24 20 23 29 24 18 18 24 21 19 19 22 25 21 17 19 21 21 17 14 13 22 19 28 26 15 18 18 17 24 18 23 20 19 25 19 16 33 21 23 24 23 17 22 24 28 22 26 27 17 22 23 14 16 25 20 24 21 31 16 18 28 17 22 23 23 25 24 25 16 22 21 18 20 18 20 23 19 29 24 25 31 21 21 21 15 21 22 25 19 30 22 22 25 20 26 19 25 24 24 23 24 14 18 21 24 23 22 17 26 20 21 14 25 21 29 19 23 17 18 29 18 16 19 23 19 18 20 23 19 30 17 18 16 23 21 24 26 23 25 27 34 21 30 21 18 25 27 16 26 22 25 16 15 15 28 25 26 24 22 20 13 26 18 29 19 18 18 22 19 27 24 28 25 17 19 18 24 24 22 21 17 25 15 23 26 23 20 22 16 19 18 21 21 15 27 15 22 30 15 18 26 20 16 26 18 23 14 19 20 12 26 28 28 24 24 22 18 19 20 21 21 16 18 23 26 21 18 26 20 29 24 18 19 24 25 16 29 18 13 27 31 30 17 20 24 15 22 24 15 27 16 25 21 18 19 16 14 24 18 27 23 29 17 21 20 21 12 27 24 24 25 17 28 23 12 19 18 24 21 20 27 25 14 17 21 26 20 20 21 14 18 24 19 25 21 22 17 26 24 16 20 18 20 22 23 15 21 21 19 18 21 22 26 14 31 21 21 23 14 20 17 18 19 27 21 23 20 28 30 28 21 22 28 19 19 19 22 25 21 22 18 17 24 17 32 28 22 21 19 24 18 22 20 26 28 23 23 27 16 21 16 16 12 24 19 16 19 19 19 23 25 16 16 19 26 21 20 23 20 14 23 20 18 17 26 21 11 31 19 16 18 27 25 23 21 20 14 15 19 20 23 11 22 27 24 18 18 20 16 22 20 21 20 22 36 19 18 28 21 26 16 29 21 25 16 16 11 25 22 17 18 19 17 25 26 25 11 28 20 24 29 24 25 26 27 23 19 13 18 17 23 22 25 24 28 27 18 22 23 19 16 12 19 29 27 25 22 22 26 30 17 29 14 26 16 35 17 22 18 15 21 22 17 29 13 27 14 14 24 11 18 31 16 23 18 26 22 29 28 17 9 22 19 21 22 25 14 20 15 25 21 21 16 20 17 19 21 20 27 20 21 27 27 25 20 15 23 18 23 22 23 17 25 20 28 19 26 21 23 20 26 16 19 23 18 26 24 21 18 22 21 29 17 17 26 28 23 18 12 26 16 20 27 31 22 24 14 20 29 24 19 22 23 22 25 16 20 18 34 24 16 26 25 16 24 21 9 23 26 15 19 18 26 24 21 17 19 27 15 20 28 16 21 23 25 12 18 24 22 26 33 18 24 17 21 31 16 20 25 16 19 20 26 22 23 26 19 21 18 16 22 19 21 23 28 21 19 22 21 20 25 22 22 28 30 21 26 21 22 24 15 27 19 19 17 17 17 28 27 20 15 22 12 21 20 19 16 17 26 24 19 24 19 17 17 31 30 28 19 14 17 25 26 15 20 19 14 28 24 19 32 19 15 22 26 15 22 21 17 20 22 17 29 17 17 28 23 18 17 27 15 19 27 25 17 21 15 15 27 28 20 25 22 23 20 28 27 20 21 24 15 26 22 18 24 25 25 26 19 18 22 21 29 15 21 32 19 16 28 23 18 18 26 17 28 22 24 22 22 25 15 18 21 12 17 28 17 18 22 28 22 26 20 23 18 29 24 20 19 23 18 14 22 21 31 15 20 24 19 26 19 22 20 24 17 28 27 20 20 22 22 26 25 19 21 14 20 24 19 18 27 27 22 18 21 16 19 20 26 19 16 20 18 23 19 25 19 27 32 25 23 21 16 23 22 19 12 25 17 26 20 17 24 19 26 25 23 21 19 20 16 18 17 20 28 19 18 19 18 14 33 20 20 16 22 25 21 17 26 16 24 21 17 19 25 24 14 18 26 22 14 18 31 14 19 22 20 26 21 21 15 25 18 9 16 22 25 18 28 27 22 23 22 15 23 22 24 18 22 24 24 21 17 18 22 22 24 22 20 22 21 23 10 24 18 24 17 17 28 20 18 27 27 10 27 26 20 18 16 20 25 17 25 26 19 26 14 29 27 22 23 17 18 21 21 29 23 20 19 17 25 18 17 21 11 21 15 24 13 24 21 21 29 22 24 20 18 14 18 24 17 26 20 16 16 27 13 26 20 22 27 27 31 18 14 26 22 26 21 18 20 32 16 19 29 17 20 28 18 23 18 25 21 20 24 14 27 29 15 23 12 25 12 19 20 31 23 24 22 24 24 23 18 29 18 22 22 20 17 19 21 23 20 18 18 24 20 22 23 20 28 26 15 14 23 25 15 30 24 17 22 20 21 30 15 20 28 17 18 19 20 25 18 32 13 22 26 22 20 20 26 17 21 24 21 20 18 27 17 33 32 22 19 14 20 29 20 21 21 24 17 20 14 26 25 32 27 15 22 19 15 24 18 18 11 19 25 22 18 25 22 23 19 16 21 22 14 28 25 26 19 22 24 18 16 20 16 25 14 18 27 24 25 24 15 19 21 20 19 23 16 20 23 14 24 22 13 16 21 19 23 31 19 27 21 22 22 19 20 21 20 17 31 23 20 27 26 19 22 19 17 18 17 17 33 18 23 18 24 23 18 30 27 19 14 16 16 21 19 17 20 20 27 22 18 24 22 14 21 19 17 22 22 25 19 27 27 25 20 13 15 14 26 22 16 18 22 13 31 22 17 22 15 24 25 19 24 27 27 22 25 16 16 23 14 27 24 17 18 24 19 24 22 18 19 22 20 19 26 18 20 31 23 17 19 28 18 23 20 21 16 14 30 20 19 23 35 21 18 18 28 17 20 28 23 26 21 29 25 20 10 17 19 20 22 21 20 22 24 24 23 18 29 24 10 19 17 20 17 20 23 23 25 25 16 23 18 18 21 13 20 26 22 24 23 18 20 17 23 25 32 21 19 20 17 27 18 27 18 19 22 25 32 22 19 16 23 20 18 22 17 13 29 21 22 23 27 27 16 19 13 22 19 18 26 20 21 23 20 27 24 18 16 18 16 24 24 23 19 16 24 23 14 26 18 30 27 21 13 22 26 27 22 20 22 21 26 30 19 22 13 20 21 19 22 19 19 18 28 17 20 24 20 17 29 19 26 21 25 20 29 18 21 19 13 24 24 29 20 21 14 21 22 15 26 19 26 35 13 32 17 25 22 15 20 18 21 24 18 18 14 14 15 25 18 24 26 18 21 24 20 21 27 20 19 23 23 19 22 20 24 35 17 19 18 25 19 19 30 23 22 17 19 17 24 27 18 18 23 25 23 16 22 18 22 26 24 18 19 24 32 20 22 20 24 16 18 17 22 24 21 17 22 32 23 18 22 25 30 20 15 16 22 18 16 17 19 21 26 27 16 20 22 23 21 18 21 26 25 21 18 21 19 23 19 20 21 27 25 26 20 26 19 14 23 27 21 19 16 26 21 26 18 20 24 22 13 24 24 24 15 18 22 29 20 27 17 26 26 18 21 17 25 17 26 16 23 20 24 17 23 20 21 28 16 24 23 18 19 16 21 27 18 22 21 20 24 18 15 24 19 28 24 23 18 23 21 16 23 20 18 22 20 25 21 29 24 25 16 29 18 21 27 17 27 19 16 19 18 15 22 22 21 25 15 27 29 27 18 28 19 19 21 16 20 27 35 23 26 21 21 33 23 28 18 20 20 25 25 22 16 30 22 23 24 25 21 20 22 14 18 17 16 20 26 24 29 16 26 16 26 35 26 7 20 20 22 30 27 23 20 12 16 20 20 23 22 16 17 20 23 36 22 22 24 22 28 29 24 14 18 19 16 22 15 16 13 24 21 19 26 26 24 22 22 21 23 20 21 24 22 19 16 21 21 26 19 13 23 18 32 31 15 22 21 19 19 27 20 18 26 12 26 19 19 17 30 22 18 20 19 13 20 16 25 25 17 18 16 15 25 16 25 17 21 28 18 27 20 19 22 26 25 19 16 18 14 25 16 17 22 20 21 17 25 19 25 22 24 13 24 18 14 18 23 24 22 23 16 19 17 16 25 22 20 35 23 19 16 22 19 18 25 19 20 20 22 26 25 23 21 22 21 22 19 29 23 25 27 22 19 25 14 22 13 23 20 33 23 24 16 28 23 21 17 21 15 20 21 23 20 18 23 20 17 22 28 21 23 19 19 24 20 21 17 20 32 17 21 26 27 17 20 22 19 19 19 28 22 19 20 16 24 17 19 23 16 14 19 21 22 31 21 28 21 24 15 19 22 22 17 23 29 23 17 24 16 23 30 21 21 29 22 29 25 25 19 26 21 21 26 16 14 19 27 25 25 20 21 23 16 22 21 20 28 24 21 21 18 19 29 32 14 20 20 14 22 27 21 17 21 19 25 24 18 22 13 26 20 24 18 19 25 25 20 24 33 18 11 23 16 19 25 23 18 28 27 23 25 18 17 13 20 15 24 33 18 26 24 21 21 19 28 18 19 26 17 15 15 31 14 24 14 28 18 20 31 18 21 16 16 22 20 23 25 18 25 17 27 23 21 22 23 17 17 23 27 29 19 19 17 16 29 22 23 20 25 26 21 20 31 23 20 21 13 27 17 24 23 22 17 27 26 22 18 17 22 24 25 17 20 25 17 25 22 17 18 27 19 21 29 31 15 20 22 14 23 19 18 16 21 19 27 21 18 13 23 25 23 18 21 26 29 16 15 18 19 14 19 21 24 25 29 25 27 19 29 19 12 22 24 23 19 19 25 20 15 20 21 26 27 25 24 22 16 13 24 25 17 18 19 22 22 13 17 22 20 22 30 19 15 18 27 16 21 14 21 17 26 15 29 21 10 26 24 14 18 25 25 25 21 24 25 17 24 20 15 18 23 23 24 15 18 21 16 24 23 23 15 21 24 19 21 20 24 20 25 19 32 17 22 15 19 15 24 19 31 29 18 23 19 24 28 19 27 30 19 26 17 22 16 24 25 19 17 32 18 19 27 27 18 18 24 25 24 23 20 21 32 21 14 13 26 20 27 17 22 23 19 25 16 27 17 31 15 26 17 22 17 19 15 24 20 23 16 20 28 17 32 19 23 15 21 22 19 24 20 25 21 17 10 22 27 16 24 17 25 24 15 17 19 19 17 24 24 25 18 19 16 17 24 26 20 15 19 20 31 26 17 19 24 24 20 21 26 15 17 26 30 26 25 24 23 10 20 22 16 26 27 20 23 15 29 15 14 31 19 21 27 16 23 23 18 20 28 24 22 23 22 23 23 21 20 23 25 26 23 27 30 20 23 15 12 23 26 17 28 18 22 18 15 26 22 19 17 18 22 23 26 22 13 30 16 24 19 27 27 22 20 24 24 25 14 26 18 31 21 23 27 15 32 21 22 29 17 21 18 16 31 20 22 21 28 19 27 19 23 13 15 17 17 22 17 27 18 17 25 25 27 15 24 19 23 23 20 18 19 27 17 23 23 25 19 21 21 26 12 20 15 17 30 23 21 27 23 18 18 24 27 22 28 28 19 21 22 23 19 16 24 24 13 13 27 16 24 21 19 22 27 19 15 22 29 19 28 22 25 19 25 17 25 32 13 23 17 15 17 21 16 27 18 22 17 18 11 23 25 23 31 22 14 27 15 10 27 27 24 15 19 19 26 20 19 23 27 26 20 16 18 26 20 15 29 19 21 22 20 18 17 27 23 29 24 18 13 27 15 20 21 27 18 28 19 30 16 15 19 21 21 16 24 14 15 27 18 23 14 20 34 26 27 22 15 22 15 21 18 18 26 20 23 14 16 15 18 22 19 21 19 16 14 30 26 23 24 22 20 18 25 18 18 20 20 23 27 23 27 23 21 21 21 23 18 15 20 25 24 25 29 24 25 16 16 25 23 27 22 18 30 19 20 20 18 16 21 27 22 14 20 25 21 25 22 19 19 22 23 27 24 19 23 23 28 21 22 21 15 20 17 23 21 20 26 24 15 29 28 18 24 15 34 20 18 16 20 24 30 17 20 26 16 20 14 19 14 23 27 21 27 19 25 20 26 27 15 27 16 24 20 19 18 22 24 14 24 15 21 22 26 19 16 24 19 18 32 17 22 16 26 17 19 20 25 21 17 20 23 16 22 28 22 27 16 19 15 23 15 20 32 23 20 20 15 17 24 20 14 24 13 29 23 18 20 20 24 14 23 23 27 23 16 21 17 32 20 19 18 17 19 23 27 22 20 27 23 17 18 15 21 20 24 16 21 21 19 19 19 19 15 23 22 22 18 25 26 23 22 20 23 23 19 14 12 27 28 21 23 19 16 11 25 22 14 26 28 18 19 14 29 20 13 26 14 15 19 34 20 20 18 20 20 26 21 30 24 22 22 21 18 23 19 21 17 26 19 24 28 18 25 25 20 16 21 26 28 17 21 22 30 19 28 24 28 22 9 20 24 19 24 20 22 27 17 26 16 12 23 23 29 28 27 21 20 27 16 31 17 31 17 18 14 14 17 24 27 19 18 22 25 16 26 19 22 27 15 20 26 29 31 19 21 19 16 29 23 26 9 24 20 16 25 21 15 20 20 19 20 27 23 15 22 31 23 23 24 13 16 19 22 29 17 16 12 19 22 40 19 21 20 20 32 16 18 21 24 15 17 25 25 22 25 21 23 16 25 24 22 20 21 24 19 28 28 17 20 15 28 17 21 19 13 25 30 18 15 28 24 24 26 26 25 19 25 23 6 20 14 16 19 19 23 27 20 22 18 20 21 27 22 24 20 21 14 29 25 19 18 26 26 21 19 18 17 18 18 25 26 22 19 13 26 19 17 22 20 20 19 15 33 23 19 23 25 18 30 24 20 23 21 16 19 24 27 18 20 15 25 17 23 27 18 24 23 20 24 27 11 15 26 21 28 14 17 23 18 16 18 17 12 32 15 25 17 22 15 21 25 30 28 17 18 27 18 26 21 24 20 22 18 14 22 16 26 24 24 19 17 22 21 29 23 19 23 27 23 26 20 20 29 17 29 21 19 23 15 19 23 17 22 30 16 29 15 24 18 17 27 15 16 28 21 22 30 26 15 23 14 25 17 21 21 28 19 16 24 18 24 20 21 12 20 27 14 29 27 26 11 16 25 13 18 23 16 30 23 21 29 30 24 23 18 21 25 19 19 15 17 25 29 22 14 25 23 20 17 19 14 17 17 17 24 19 23 23 16 21 33 21 22 23 23 16 24 16 27 18 12 19 21 17 28 16 11 24 25 19 16 27 24 27 20 26 25 18 18 20 26 24 15 22 29 12 18 23 17 23 19 15 22 23 18 18 28 26 24 15 23 20 19 19 19 24 24 16 20 20 27 31 19 21 16 12 21 24 31 31 19 16 30 13 24 16 18 23 23 17 28 23 24 19 21 20 21 20 17 22 18 27 24 19 19 24 21 21 13 13 21 16 34 11 15 24 29 27 27 19 14 23 14 18 21 27 28 20 21 25 27 15 21 12 23 13 21 29 21 26 24 12 20 21 22 20 22 26 18 26 28 27 16 23 15 24 17 24 18 22 24 17 23 22 15 21 27 22 18 25 26 13 23 22 21 19 18 18 27 23 24 27 17 16 28 18 26 22 21 23 29 28 26 23 22 21 23 22 20 29 16 23 21 16 25 22 24 28 20 23 28 24 27 19 18 15 18 19 20 25 24 24 25 20 22 18 20 27 26 19 19 18 23 23 21 24 29 18 21 33 22 21 23 22 23 24 19 27 20 25 22 16 14 18 31 18 25 27 17 19 16 22 24 18 23 25 17 17 14 23 28 12 23 27 15 20 18 12 21 16 21 22 25 23 22 24 20 19 20 28 24 34 20 18 20 29 16 21 23 14 20 22 20 25 23 16 17 33 15 23 23 20 19 14 17 22 16 27 21 23 16 17 16 19 23 18 30 13 25 16 20 21 18 20 25 24 26 24 29 16 17 17 30 31 17 27 30 21 15 16 26 18 20 29 23 21 26 15 20 25 21 18 23 20 22 17 22 25 27 21 20 24 18 21 18 24 26 15 20 18 26 18 15 25 14 21 20 16 17 18 28 15 21 21 30 24 28 15 15 25 19 18 19 17 24 23 21 20 21 27 29 23 25 23 14 24 28 21 29 17 30 20 23 27 19 15 18 17 23 15 23 27 22 17 17 21 17 22 22 18 21 21 15 16 20 20 35 11 27 31 28 20 28 18 21 21 28 21 19 20 22 22 26 20 21 21 28 23 29 19 24 25 20 24 22 31 16 16 23 22 20 26 26 18 27 19 27 20 20 17 23 24 20 30 15 25 25 16 15 25 19 23 20 14 16 30 27 20 19 29 30 16 19 30 20 20 31 25 17 21 16 16 28 25 27 20 22 18 15 25 27 24 26 15 22 22 29 21 20 16 18 19 30 29 19 19 19 20 16 21 22 25 15 21 22 20 13 20 23 27 16 16 21 21 20 21 17 20 19 30 20 27 22 16 19 20 19 24 21 27 23 21 17 20 16 23 20 22 19 18 15 26 21 28 17 10 23 22 27 34 25 18 23 23 25 24 20 15 21 21 23 20 19 19 22 21 18 34 23 16 28 15 24 16 32 24 25 19 22 21 12 19 19 23 21 18 24 20 14 23 25 12 20 22 8 26 24 22 21 15 19 20 19 25 23 24 19 20 25 24 13 24 27 20 19 17 27 22 21 22 21 31 18 16 29 27 18 15 14 22 22 20 16 19 22 24 26 18 23 21 23 22 18 17 25 15 20 19 24 13 18 21 18 24 22 25 19 21 15 22 21 27 18 18 26 27 21 24 22 22 26 24 23 23 24 21 17 17 19 20 12 21 21 28 29 22 25 23 27 22 22 27 17 20 15 17 20 22 21 23 18 25 19 21 24 23 14 20 25 25 21 23 18 25 23 23 21 17 29 24 23 29 17 20 19 19 19 20 15 27 20 20 24 22 20 31 21 26 18 21 21 21 19 21 18 14 26 16 11 22 27 26 26 20 25 17 20 21 20 16 20 30 17 20 27 15 20 17 15 14 23 31 19 25 19 21 23 15 22 22 22 15 29 17 20 28 25 28 27 19 18 17 26 20 16 25 21 20 16 20 20 22 25 20 24 25 21 17 25 18 11 28 22 24 19 20 28 26 25 18 19 22 14 20 19 26 25 20 20 18 21 20 24 22 29 13 14 22 30 15 18 17 24 24 22 17 23 19 17 18 20 18 27 24 26 20 24 22 29 17 25 19 21 17 28 20 19 14 27 20 18 22 27 29 19 24 24 14 21 23 16 24 29 29 21 24 20 15 22 25 21 22 16 28 19 25 17 24 17 21 21 30 17 24 22 31 26 19 18 21 14 13 21 25 24 22 21 23 24 20 21 20 19 19 25 19 17 13 26 25 17 22 24 18 11 20 21 22 23 22 21 24 19 22 27 22 21 18 24 30 19 18 24 20 21 22 21 31 27 20 19 25 23 32 18 14 24 18 18 28 25 20 27 25 20 19 24 24 24 19 11 30 26 19 16 22 24 25 23 29 25 25 23 17 25 27 26 20 19 22 28 23 23 24 22 18 16 20 21 25 18 20 22 27 22 21 30 19 15 20 18 16 23 14 18 22 15 23 21 26 19 21 24 32 19 20 25 22 23 28 25 21 21 17 22 31 22 22 25 19 21 17 28 27 22 21 23 15 24 22 15 29 15 18 19 21 15 16 19 27 25 15 23 33 22 27 24 22 18 22 18 21 17 20 20 26 24 12 33 16 18 19 26 19 24 13 15 21 21 15 21 15 21 22 22 25 15 11 20 26 24 25 19 21 18 20 26 9 21 25 13 24 27 24 18 23 20 21 19 21 18 25 22 18 21 33 26 22 15 22 19 12 24 20 38 17 19 18 24 20 24 22 25 16 21 21 25 19 26 24 14 33 21 20 19 20 18 22 18 19 21 16 27 17 17 18 18 16 22 19 20 28 28 19 29 20 19 16 20 27 28 19 27 21 16 19 27 17 19 24 18 15 27 22 18 25 16 17 23 21 16 21 16 17 30 19 20 28 27 16 26 25 23 19 22 21 28 13 22 26 23 24 24 25 20 18 13 24 20 21 21 33 26 18 23 20 24 20 19 13 19 23 21 24 21 23 28 18 30 14 18 28 14 18 22 22 26 21 21 19 26 21 19 28 27 22 15 19 12 15 30 24 25 15 17 17 21 28 23 24 22 19 21 10 17 18 13 26 19 25 13 13 29 20 22 19 15 19 24 20 20 14 30 23 22 14 30 18 14 28 22 29 16 28 23 19 24 18 27 17 22 20 23 25 27 18 16 19 24 22 23 23 26 14 14 28 25 25 13 24 25 19 18 24 24 14 13 20 27 21 18 31 24 15 22 19 31 18 21 23 21 27 17 24 20 16 25 19 24 18 29 19 29 25 24 22 25 24 23 18 17 23 22 20 24 29 20 23 24 21 18 26 21 15 19 17 21 36 24 22 28 20 22 23 23 24 16 16 19 19 20 22 16 24 22 18 22 21 20 25 27 20 20 17 9 19 15 22 16 24 30 20 22 20 19 22 17 29 19 18 22 20 21 25 19 23 18 29 24 17 24 21 28 31 29 16 22 13 26 23 27 21 21 15 22 17 21 24 23 16 23 20 14 29 30 21 16 15 25 17 22 24 17 23 25 12 24 20 24 27 20 17 16 21 21 16 18 15 10 15 25 29 24 30 26 24 11 25 17 21 29 26 16 21 24 17 26 20 20 17 22 15 11 17 20 25 19 20 15 22 19 24 26 17 16 21 33 23 19 20 21 19 16 20 21 24 20 27 29 21 21 18 23 19 20 35 26 12 11 18 18 19 27 22 20 25 14 21 21 21 24 19 24 15 27 25 18 19 21 20 24 21 20 18 35 14 24 17 25 28 24 20 14 22 25 16 11 16 22 16 11 26 20 20 26 14 21 32 19 17 28 22 16 16 23 18 26 16 23 20 23 18 17 19 22 15 26 26 34 27 15 18 25 24 15 18 22 15 23 22 19 21 18 28 27 24 21 16 24 25 16 14 16 18 24 25 18 26 17 19 25 25 25 18 26 16 17 19 30 23 23 20 18 21 30 15 22 26 17 22 16 17 19 14 21 20 20 23 23 14 15 24 23 28 20 22 23 18 17 26 19 19 27 22 24 20 28 20 20 18 24 23 17 24 23 33 15 22 18 19 22 26 23 17 19 20 20 19 17 26 24 18 27 19 22 23 28 26 22 25 24 20 17 19 22 13 24 18 23 21 20 10 29 29 20 22 26 21 21 14 24 24 17 26 19 21 30 19 21 23 19 25 18 21 28 26 25 17 29 24 18 16 23 18 15 17 24 21 18 25 27 19 13 18 21 18 18 20 21 23 15 20 20 25 19 22 26 13 23 23 21 27 18 17 23 17 25 26 30 22 16 17 21 31 19 21 24 15 24 28 20 22 23 26 17 21 27 23 22 23 20 24 25 27 20 16 19 19 25 21 27 16 19 24 17 13 20 18 17 15 30 27 31 17 25 30 22 16 22 14 24 19 12 17 15 24 24 24 16 21 29 28 20 20 27 21 19 10 22 19 26 23 27 21 27 23 22 19 21 27 14 22 28 29 24 16 21 12 23 15 24 22 23 18 26 23 18 17 18 23 36 18 23 22 23 23 21 16 16 21 29 22 22 19 20 23 27 24 19 21 17 27 17 22 24 19 14 15 30 21 19 24 25 27 16 23 19 18 22 16 17 23 18 17 23 23 23 20 15 22 28 19 20 16 21 19 25 20 33 21 21 15 17 25 21 20 21 25 15 18 13 20 23 29 29 16 23 24 22 22 15 17 19 20 23 20 19 25 27 17 21 8 25 27 16 25 17 21 19 19 15 18 16 30 14 28 30 29 16 28 16 15 30 20 27 27 20 24 28 14 15 16 24 17 21 18 14 20 25 21 24 28 28 20 19 20 25 21 20 21 26 21 18 23 12 20 21 22 21 16 25 24 19 29 32 27 26 14 26 23 18 25 23 22 21 26 19 13 22 26 13 15 19 24 33 30 24 21 25 24 22 16 27 20 27 15 23 25 20 20 16 14 17 17 32 21 18 20 19 27 15 18 29 20 16 28 14 24 22 26 29 21 20 16 23 18 24 20 23 14 24 23 10 14 21 24 22 26 19 26 24 24 25 12 19 22 24 16 21 18 20 28 19 23 18 13 15 21 21 23 16 18 27 28 29 14 21 16 21 23 25 27 20 20 15 19 17 17 23 23 26 22 27 24 21 20 16 30 17 23 23 18 24 22 15 19 15 18 19 20 22 27 16 22 22 17 28 24 17 22 25 14 29 15 26 17 22 16 25 19 22 22 26 29 17 23 12 19 33 23 20 16 17 25 19 22 18 22 24 24 16 19 23 16 24 18 30 22 34 17 29 21 18 23 23 25 21 17 12 20 29 15 29 23 23 31 24 24 21 20 24 17 23 21 31 21 20 17 26 35 13 16 27 22 23 18 22 22 25 24 16 28 20 17 24 18 15 18 19 21 25 25 29 22 22 19 24 17 19 18 21 29 18 22 19 29 20 17 17 26 27 11 20 19 24 36 23 21 20 18 22 17 26 16 20 19 23 20 16 17 35 24 22 25 23 20 28 13 17 22 18 13 22 18 24 31 22 14 16 23 26 20 14 10 16 24 16 22 15 23 18 22 24 16 22 22 19 19 23 21 26 18 22 18 28 18 15 22 27 15 28 21 28 22 17 20 19 23 22 29 26 23 14 14 21 28 13 20 17 29 21 24 16 20 25 15 17 24 22 21 24 19 20 30 12 19 24 25 16 22 21 18 24 21 24 14 17 32 24 19 28 15 19 14 19 25 22 27 20 16 25 18 23 23 19 20 22 24 26 19 15 21 18 18 24 20 19 27 26 14 19 11 22 25 25 16 35 20 17 29 16 21 18 23 17 21 19 23 28 13 24 20 34 29 18 21 23 21 28 12 17 22 22 18 29 21 28 17 19 18 17 24 23 20 15 22 18 19 29 17 25 33 26 19 23 13 27 25 23 19 21 21 24 16 25 21 21 25 25 15 17 20 18 21 25 22 18 22 19 19 24 19 21 32 23 25 14 22 13 14 17 22 17 19 23 25 17 20 26 15 27 28 15 24 18 19 35 20 21 19 24 20 13 21 28 22 15 22 19 24 24 15 22 25 17 20 22 17 19 11 19 19 19 22 23 32 25 22 15 16 17 13 14 21 23 18 22 26 22 21 27 17 26 27 10 30 14 24 19 17 18 20 22 21 14 16 18 30 20 25 20 22 20 19 22 19 20 21 28 15 17 17 36 12 25 24 26 25 20 20 18 17 26 26 14 28 20 19 31 26 21 27 16 21 20 15 18 21 22 20 18 21 18 25 28 16 22 24 29 25 20 22 22 14 27 23 15 23 21 19 26 18 19 27 24 36 21 20 17 19 8 16 22 28 31 16 20 27 10 16 15 20 19 23 19 33 21 21 19 15 33 21 15 24 31 11 18 10 21 19 29 25 22 18 28 23 21 15 23 21 13 18 24 23 22 21 21 16 29 21 16 20 24 15 19 22 31 33 27 22 24 22 18 19 20 24 15 27 22 26 20 25 18 27 20 20 28 20 18 22 19 22 16 18 17 16 28 20 22 14 23 29 25 14 23 22 23 19 20 17 20 21 15 22 28 29 26 18 15 19 16 14 22 27 25 35 21 17 21 26 17 21 18 20 22 21 26 31 22 14 17 19 26 27 15 23 20 19 28 28 20 17 16 20 25 20 35 21 29 22 21 17 18 17 20 18 14 22 16 28 27 21 14 25 23 25 24 19 27 17 21 21 24 27 13 27 19 21 20 18 21 23 24 19 21 22 21 16 27 26 23 19 16 19 23 27 23 15 17 16 14 15 29 21 29 18 25 16 23 24 21 20 22 20 19 24 13 19 13 24 20 14 23 23 23 21 18 21 20 26 29 20 15 21 32 22 14 22 24 23 23 18 23 20 30 23 19 22 12 27 23 20 22 18 22 26 26 17 25 23 15 18 16 32 28 20 15 30 20 20 11 23 23 14 19 16 16 25 24 18 27 24 15 16 25 27 17 23 27 20 21 17 24 30 18 23 21 22 31 20 17 22 17 19 22 18 15 26 24 21 23 14 20 31 24 20 23 21 19 21 17 32 22 18 34 14 25 16 26 24 31 17 25 17 13 27 17 18 18 19 25 15 26 21 22 18 15 14 24 19 22 18 23 20 14 13 15 27 16 25 28 21 21 24 23 21 17 22 25 24 23 23 26 17 30 22 20 14 29 20 13 23 15 14 21 18 16 19 20 21 18 26 18 19 25 28 24 21 15 22 22 19 27 20 27 30 11 18 13 29 20 28 23 13 18 15 23 23 20 15 16 29 17 27 23 21 22 21 25 16 14 15 19 26 21 20 20 11 18 24 21 24 15 20 29 16 23 17 28 25 28 23 23 27 23 21 16 22 19 18 15 18 19 21 22 15 23 26 22 22 17 24 24 20 22 23 15 17 32 24 20 23 22 19 27 18 25 26 17 20 17 26 23 10 21 16 24 27 23 27 33 17 22 20 16 15 21 21 35 21 25 30 16 25 17 18 26 16 14 22 15 23 23 21 26 20 15 23 21 18 21 16 21 20 23 21 19 21 21 29 24 21 21 21 26 28 19 19 16 18 27 18 22 18 32 17 22 22 17 15 21 11 26 20 17 31 19 16 32 31 24 22 28 20 16 27 18 18 24 25 28 19 27 17 18 19 21 24 25 23 17 18 24 22 19 20 32 16 14 20 32 27 23 22 29 16 21 20 22 30 23 19 22 21 24 20 24 16 26 22 21 25 20 21 18 19 25 21 18 13 19 16 22 25 27 30 20 14 24 12 18 29 19 25 16 27 22 23 23 16 22 19 24 19 25 22 19 21 24 19 17 22 15 18 23 27 24 27 27 29 24 20 20 14 21 22 26 13 23 11 20 23 22 28 19 16 27 25 23 30 15 30 18 24 26 22 19 25 23 25 20 14 34 18 18 22 27 21 17 21 26 18 26 21 24 21 20 16 18 22 17 24 18 23 26 25 21 22 20 18 23 19 20 30 23 17 21 27 29 19 19 20 16 17 16 18 21 22 18 24 24 28 13 28 25 25 16 20 17 19 21 17 20 15 26 16 20 25 26 31 25 25 21 25 18 19 27 16 23 17 26 26 21 22 22 21 16 27 19 24 25 20 21 21 22 30 25 15 25 19 22 22 21 15 21 26 21 21 23 26 23 25 24 21 11 23 25 19 13 24 34 19 20 22 25 18 20 21 26 21 25 19 18 20 20 13 18 20 23 23 19 28 15 19 21 24 13 20 17 29 26 31 15 19 24 19 17 15 25 22 17 21 26 23 20 24 21 23 28 29 33 17 19 21 25 25 28 16 22 23 18 25 20 23 14 25 32 21 17 14 16 17 21 24 24 23 19 19 22 20 24 18 16 18 33 22 26 21 19 24 22 21 26 28 14 21 20 19 15 16 15 24 23 34 21 25 23 22 16 19 24 27 11 22 24 25 21 16 14 25 32 27 19 23 20 28 22 22 20 19 18 20 23 24 19 25 26 22 22 22 19 21 22 19 14 18 16 18 25 22 19 9 15 20 18 19 19 21 17 27 20 19 25 24 16 22 18 26 19 17 24 22 18 15 20 20 29 22 24 20 17 25 14 24 15 20 23 15 21 19 22 29 22 23 22 23 27 16 28 24 22 22 21 19 25 15 18 23 17 16 16 23 15 24 28 19 19 27 22 26 15 25 19 18 17 19 17 24 23 24 22 14 24 27 24 15 18 17 19 23 21 25 21 22 24 17 16 27 17 9 26 18 22 18 19 20 29 15 24 23 21 17 24 20 22 14 25 20 19 16 26 15 21 32 30 25 24 21 24 18 17 17 20 31 11 27 19 28 19 18 22 15 19 29 17 34 22 17 17 18 27 19 25 24 18 23 16 19 12 16 15 25 30 13 31 22 26 26 20 14 21 22 19 29 27 16 20 20 25 23 19 22 19 24 26 18 15 19 22 22 15 20 19 15 23 26 18 18 26 15 28 25 16 25 19 17 22 25 22 15 19 21 19 17 20 19 15 21 15 22 21 25 18 15 20 26 25 28 19 19 17 18 14 17 26 23 14 16 20 15 18 20 25 21 25 24 22 21 19 21 22 24 21 20 15 18 22 24 16 11 17 24 21 15 20 30 30 16 22 17 19 18 19 23 27 24 20 22 21 20 19 19 18 20 23 16 24 19 22 22 16 17 20 26 25 18 15 16 14 16 18 23 16 21 21 17 28 16 20 19 24 13 24 27 19 22 15 17 24 18 15 25 23 24 22 20 27 23 23 20 23 25 20 21 24 22 18 25 22 20 27 18 22 18 23 20 27 29 25 22 15 28 18 17 28 21 23 28 21 30 13 22 20 20 24 25 16 25 19 14 15 27 23 23 21 27 24 18 16 23 24 23 22 18 24 16 16 28 20 13 23 29 18 32 21 24 30 26 20 13 26 23 18 16 21 24 22 19 25 16 29 16 27 19 18 21 28 20 18 19 14 25 25 15 22 32 17 20 27 18 25 24 13 18 33 19 26 18 21 24 16 19 25 22 17 23 22 24 25 24 17 20 22 14 23 18 20 25 15 23 25 16 20 18 17 19 28 16 22 19 34 22 25 19 10 24 20 23 21 20 20 21 26 26 19 19 13 20 26 16 25 20 27 31 24 18 25 13 12 22 11 19 14 26 20 14 20 23 25 27 20 25 25 28 22 24 26 19 18 24 27 20 28 27 17 25 18 25 23 15 17 21 21 23 29 30 21 26 18 22 20 27 31 13 21 22 18 25 23 13 24 14 21 23 26 16 22 24 28 30 30 24 18 27 30 23 23 11 24 28 22 27 21 20 18 28 14 25 17 22 26 22 20 23 17 19 15 11 21 14 26 15 18 21 25 19 17 28 28 19 23 16 23 34 18 21 14 18 15 24 22 20 18 28 20 22 20 17 29 21 17 20 23 18 22 16 22 13 20 27 25 18 22 17 19 15 31 20 17 24 28 21 17 13 19 15 18 22 26 27 18 22 20 25 12 18 20 18 27 21 28 17 26 22 21 17 11 26 23 12 19 26 22 23 21 18 19 26 21 18 22 19 20 19 24 23 26 28 25 22 28 17 16 14 18 20 22 28 25 18 31 28 22 19 19 23 26 28 20 15 18 19 18 24 15 19 22 27 29 21 22 22 23 20 20 22 23 22 21 23 17 26 21 17 14 22 17 18 23 19 22 25 26 23 28 21 22 18 23 13 30 23 17 17 22 22 17 26 30 17 22 15 20 16 16 19 17 22 16 20 21 26 25 19 22 18 26 22 12 25 24 16 17 22 19 18 18 22 21 22 28 24 25 20 13 17 21 25 20 21 23 19 15 13 29 18 22 26 26 15 19 13 17 13 18 21 20 17 21 26 18 20 15 30 32 23 14 17 25 20 29 24 17 20 21 26 24 24 19 26 16 19 17 23 17 24 22 16 19 17 25 18 13 19 17 18 24 21 19 20 25 30 24 28 23 19 16 23 21 21 19 15 12 29 20 26 25 22 24 17 23 25 19 16 23 31 14 17 19 21 15 14 20 24 31 25 21 22 33 22 18 20 20 29 21 22 23 17 17 30 22 19 9 20 18 21 18 18 20 14 20 25 36 25 15 27 15 21 15 23 17 20 20 20 25 17 19 20 23 16 15 26 22 19 24 13 28 22 19 18 29 21 29 11 14 17 27 29 22 19 19 19 16 29 23 24 27 19 19 22 31 26 20 20 22 22 19 15 16 20 24 28 20 21 20 24 13 19 15 16 23 21 23 30 21 21 25 23 21 21 22 18 24 23 18 20 17 18 12 21 26 22 17 17 19 19 18 23 20 24 23 21 21 22 27 20 23 24 15 22 18 18 21 27 18 31 28 21 22 19 20 15 32 23 21 14 23 24 13 19 16 17 33 25 22 24 20 20 15 19 26 16 20 23 27 24 16 29 11 23 14 26 27 22 18 17 25 15 22 23 23 14 24 22 26 17 27 16 23 25 22 22 25 22 19 23 22 26 20 23 19 11 22 22 25 24 25 29 16 20 20 19 15 28 27 15 19 24 22 17 18 28 28 23 22 20 21 18 28 23 19 17 20 25 24 24 19 18 19 15 18 22 22 12 23 21 24 21 30 26 18 21 24 15 21 19 19 28 14 21 23 19 30 17 21 15 28 26 16 19 14 19 23 19 27 14 20 32 20 21 32 24 15 17 13 22 29 23 21 23 16 21 20 32 20 21 19 26 18 22 18 22 24 17 35 20 24 21 11 26 30 19 28 18 21 17 28 12 21 27 18 31 22 19 21 21 25 14 24 21 25 18 21 23 22 21 26 21 31 22 23 34 26 14 15 24 21 16 27 17 17 22 20 21 26 26 21 16 25 19 27 24 27 21 19 18 15 19 19 22 14 20 18 22 25 30 21 29 20 23 24 13 20 22 20 24 22 22 23 24 12 28 21 21 22 26 21 20 25 20 17 30 24 27 21 21 22 15 22 21 25 23 26 21 21 23 16 29 20 17 15 27 18 28 22 26 29 18 24 27 24 22 17 20 21 18 25 20 26 18 14 30 19 18 20 14 23 22 18 23 19 25 22 24 21 27 24 28 19 23 20 30 17 27 26 29 23 15 18 12 22 18 21 16 25 24 16 27 17 22 36 25 24 23 18 20 17 18 19 27 27 24 29 24 21 13 19 15 21 22 26 25 22 12 19 28 30 15 24 20 26 15 29 16 13 17 23 23 23 15 32 25 20 24 21 28 18 18 24 23 22 15 25 20 32 25 22 20 24 16 20 16 26 23 22 14 20 16 8 20 20 23 24 25 25 26 20 21 21 23 22 13 16 24 24 16 23 17 20 25 16 17 21 30 15 17 27 19 17 23 14 30 19 25 21 21 23 18 28 25 19 22 17 26 18 27 27 30 21 13 23 20 33 18 27 15 20 20 17 24 23 24 22 23 24 18 13 27 20 23 27 19 22 27 20 19 20 19 18 27 19 27 24 10 23 18 22 22 22 22 17 23 20 24 14 17 24 19 23 30 30 26 24 23 10 19 19 22 25 32 20 22 23 17 26 23 20 30 20 26 21 17 16 22 30 27 27 17 21 19 17 19 15 22 29 18 30 27 20 14 26 11 23 25 18 19 18 18 25 22 21 22 27 29 15 25 26 14 17 18 20 18 19 27 23 29 15 21 22 20 25 21 22 20 29 22 20 23 23 20 20 21 29 31 22 21 23 20 19 26 25 20 27 18 22 19 21 21 16 18 18 26 22 17 15 27 21 22 19 21 19 18 20 21 13 21 19 26 18 28 15 16 21 24 20 19 19 23 27 19 19 20 18 23 16 21 21 26 19 16 17 19 18 17 24 21 28 28 27 16 19 25 20 20 22 28 34 18 19 14 25 15 28 21 21 24 19 21 17 20 19 21 21 15 22 20 15 22 19 26 23 16 28 24 18 18 24 21 22 15 16 17 26 27 19 26 14 19 22 24 17 27 22 33 25 13 26 23 15 17 23 24 20 17 15 28 21 19 25 14 16 20 28 28 24 21 26 23 13 19 25 24 18 20 20 16 26 16 20 26 22 21 24 15 18 15 23 21 21 16 25 18 20 27 26 23 17 13 20 18 20 22 26 21 23 19 21 19 20 10 22 16 22 24 19 25 17 17 23 19 17 30 20 28 27 15 22 30 21 20 18 26 30 15 15 19 27 28 18 21 15 27 24 21 19 19 17 25 34 24 16 18 23 24 23 16 20 30 28 17 20 29 25 24 25 20 28 21 32 18 20 26 26 20 18 18 21 19 22 26 24 23 20 22 23 16 26 19 23 19 9 17 12 20 20 23 24 16 20 24 22 24 26 30 21 25 23 26 21 18 13 17 24 20 24 30 31 21 26 20 13 21 14 21 20 24 16 19 24 25 23 18 22 25 20 32 23 24 14 23 13 20 25 25 21 21 23 17 18 25 25 21 23 22 31 17 15 27 12 27 22 14 20 27 20 24 25 24 19 12 26 26 29 19 19 19 27 20 21 27 18 21 17 27 24 27 21 24 23 16 21 19 23 19 26 24 22 15 22 23 23 16 23 24 14 19 16 20 22 22 25 25 27 15 21 33 22 14 27 12 18 20 22 18 19 22 20 17 23 21 19 22 25 27 25 20 20 16 16 18 21 20 19 11 15 30 24 18 19 18 17 25 21 26 17 16 23 15 25 20 21 23 16 26 16 14 26 17 27 20 25 20 21 34 28 17 24 20 22 16 18 19 20 22 21 23 26 23 28 13 25 17 19 21 25 23 21 21 21 30 24 20 11 20 26 24 23 24 26 20 26 14 20 20 22 21 24 21 22 17 26 17 23 26 28 21 15 17 17 21 24 28 20 20 21 22 23 25 19 21 23 18 22 15 12 14 23 20 21 28 22 27 18 20 23 19 19 23 26 18 16 16 24 35 18 14 17 24 13 30 17 15 27 22 22 18 22 22 30 17 29 18 17 24 14 24 15 19 19 21 20 17 25 25 20 14 23 21 20 21 16 21 22 15 20 20 27 25 20 19 24 17 21 23 28 19 22 23 15 18 33 20 25 20 19 23 20 29 18 30 26 20 19 28 24 29 22 22 12 21 25 31 25 20 21 22 21 21 28 26 23 19 27 21 23 20 21 16 20 20 20 27 31 19 18 21 16 13 24 24 24 25 23 28 16 15 21 17 10 26 25 19 19 17 26 24 24 20 31 16 19 23 22 25 25 25 26 14 21 25 24 20 22 24 17 32 15 19 26 24 20 20 25 22 20 18 18 24 23 28 18 15 19 29 28 21 12 19 24 26 25 11 11 33 24 31 25 22 22 17 25 29 15 22 22 19 23 20 26 15 16 26 23 25 15 29 20 20 27 21 19 17 30 20 20 18 11 30 20 27 13 15 27 20 28 20 20 28 19 20 20 23 28 13 15 22 15 17 19 15 18 26 21 15 33 19 22 16 21 23 27 20 20 19 19 27 17 13 25 19 19 31 28 28 19 19 26 21 20 19 26 28 22 24 20 22 25 24 16 18 19 24 26 12 18 20 27 27 23 25 24 22 19 23 20 31 18 19 31 25 23 22 19 16 21 19 25 20 20 21 23 25 21 20 23 16 33 21 20 20 20 15 17 29 23 20 19 9 22 19 15 27 17 27 26 21 22 20 20 19 31 19 20 25 26 21 17 17 30 24 14 19 18 17 24 26 18 20 20 17 24 26 26 31 26 18 19 22 26 16 21 16 14 25 12 29 28 16 17 26 22 25 16 20 19 14 17 19 24 28 27 18 27 23 29 16 23 16 22 18 19 15 19 27 14 20 31 24 21 25 18 31 20 23 21 25 22 29 22 16 24 17 19 18 29 21 21 22 19 20 24 20 14 21 26 21 17 25 23 19 24 24 32 21 27 22 26 20 23 20 17 16 21 24 28 16 27 24 15 26 18 23 21 21 26 17 11 19 22 18 20 21 30 27 23 23 21 20 20 11 29 21 16 30 14 23 22 14 18 19 37 22 19 18 19 20 15 23 20 33 20 25 29 26 19 27 19 19 27 22 22 18 24 28 31 16 14 18 23 25 20 22 22 16 18 31 20 28 16 21 19 16 33 16 21 31 16 26 20 21 19 18 27 16 20 17 28 17 22 22 22 18 15 18 22 23 18 20 28 24 20 18 26 20 18 19 21 13 28 17 19 18 12 20 19 20 20 26 18 19 25 22 19 19 26 30 14 28 26 16 21 23 29 27 18 27 17 12 17 12 26 38 16 15 17 27 25 21 21 20 23 22 16 21 24 19 25 27 32 21 27 11 22 26 29 18 23 16 28 21 18 9 17 21 16 25 22 19 21 27 18 12 17 23 21 18 22 24 19 22 17 12 17 17 24 27 19 24 27 23 25 23 22 16 19 21 27 18 18 29 25 20 24 23 24 21 24 25 19 15 22 19 24 17 21 22 17 16 32 18 19 21 22 26 21 19 17 12 24 21 26 23 19 18 25 20 15 24 18 19 28 20 15 21 23 12 22 16 22 23 18 18 20 20 23 24 16 27 21 28 18 18 30 24 24 26 18 13 24 14 23 20 18 23 30 25 23 17 22 16 20 16 23 20 19 21 25 12 21 18 21 24 16 22 21 25 24 16 18 18 18 25 19 18 29 28 22 25 18 24 25 20 19 23 20 22 15 19 28 17 21 20 21 21 20 23 20 30 24 19 33 24 21 12 29 20 26 18 23 13 20 18 26 19 18 19 20 32 23 20 21 18 21 20 17 16 20 20 24 33 18 19 15 29 20 13 23 23 24 22 24 19 30 19 17 23 31 25 24 17 28 18 25 21 15 18 23 15 22 16 20 19 23 15 16 24 29 19 16 16 22 21 19 30 21 22 20 19 24 16 23 18 13 29 14 19 26 30 26 17 19 17 24 15 21 22 29 27 25 18 23 22 32 29 27 27 22 29 19 21 22 20 26 25 26 24 24 22 23 26 25 24 15 19 24 21 20 17 18 23 25 19 17 19 23 24 20 19 18 21 23 18 21 24 15 21 20 22 22 21 19 14 22 15 23 27 25 17 23 19 25 18 18 26 15 22 19 29 25 34 20 19 21 17 18 30 12 23 19 23 23 18 17 20 21 28 17 18 16 20 20 26 16 15 25 18 23 22 30 21 14 27 24 27 22 18 18 20 25 27 21 18 22 24 23 19 18 20 28 27 22 26 21 23 24 11 26 21 20 21 18 39 22 31 23 19 15 22 22 16 29 16 20 23 19 19 25 18 20 22 15 19 26 17 19 14 24 26 20 23 21 13 27 16 15 30 21 20 26 21 21 25 23 19 13 17 23 24 20 18 18 24 17 29 20 21 25 20 24 21 16 16 25 20 22 22 32 25 20 26 12 22 20 31 31 23 18 14 17 13 22 21 19 30 14 30 20 25 21 15 23 18 13 22 25 25 12 20 21 26 23 13 18 19 24 19 15 23 26 17 18 16 15 28 20 21 27 22 23 22 24 15 22 28 15 23 24 21 26 19 24 20 19 26 22 21 24 24 15 21 20 25 24 23 19 15 21 17 10 22 10 14 22 16 18 16 26 25 23 19 18 21 21 22 24 26 22 18 12 26 16 23 27 15 16 27 24 19 23 14 22 25 28 24 19 24 27 34 23 18 31 23 20 20 18 26 16 20 23 30 22 20 21 27 25 16 20 24 30 17 25 20 16 20 15 25 25 15 26 16 29 14 25 16 23 21 19 26 28 20 18 22 20 25 21 17 14 20 26 25 24 23 16 20 20 15 22 27 21 16 29 33 19 22 16 14 22 26 16 23 20 31 24 18 16 20 20 11 21 32 18 20 12 20 23 22 22 19 15 24 15 19 27 18 20 20 34 23 23 19 17 18 31 16 15 13 15 18 24 22 22 19 20 20 24 22 28 20 20 20 18 21 30 20 12 20 28 20 28 29 29 18 25 24 24 19 26 16 16 31 25 19 16 23 21 23 20 21 24 28 15 24 22 18 23 19 16 23 23 24 17 31 17 25 22 17 32 19 17 23 27 17 22 23 17 19 22 20 19 22 27 22 26 19 12 18 25 22 18 19 24 22 34 23 21 17 22 16 17 26 16 21 25 27 23 17 18 18 21 15 19 19 19 27 12 24 17 16 20 24 24 28 22 21 25 27 18 14 26 23 19 17 24 27 34 18 18 30 17 22 25 18 21 20 17 19 26 18 12 22 28 10 22 28 20 23 25 28 17 28 23 17 22 23 31 18 15 14 29 22 19 19 21 19 14 21 20 26 18 32 14 19 25 23 30 24 9 24 30 22 21 20 23 22 22 22 19 19 18 17 19 17 25 22 29 29 16 21 15 22 20 17 20 27 20 20 15 21 19 16 23 22 22 23 15 13 19 26 22 24 28 16 23 17 19 27 16 18 19 14 22 21 13 29 15 21 16 21 22 26 22 21 15 12 25 22 19 25 18 17 22 23 17 20 26 19 23 17 17 18 23 20 23 18 21 19 23 23 20 21 25 21 22 23 29 18 18 24 33 24 20 26 30 24 26 22 17 27 20 16 22 18 20 22 13 21 20 30 25 17 28 16 16 21 27 15 22 19 15 23 26 27 21 19 33 22 19 29 22 11 25 17 12 26 18 22 22 21 22 16 19 24 22 24 23 18 17 25 14 19 25 20 23 21 17 14 14 
</Matrix>
   <Matrix name="xloc" type="complete" rows="1" columns="10000" multiplier="1.0">
   0 1 2 3 4 5 6 7 8 9 10 11 12 13 14 15 16 17 18 19 20 21 22 23 24 25 26 27 28 29 30 31 32 33 34 35 36 37 38 39 40 41 42 43 44 45 46 47 48 49 50 51 52 53 54 55 56 57 58 59 60 61 62 63 64 65 66 67 68 69 70 71 72 73 74 75 76 77 78 79 80 81 82 83 84 85 86 87 88 89 90 91 92 93 94 95 96 97 98 99 0 1 2 3 4 5 6 7 8 9 10 11 12 13 14 15 16 17 18 19 20 21 22 23 24 25 26 27 28 29 30 31 32 33 34 35 36 37 38 39 40 41 42 43 44 45 46 47 48 49 50 51 52 53 54 55 56 57 58 59 60 61 62 63 64 65 66 67 68 69 70 71 72 73 74 75 76 77 78 79 80 81 82 83 84 85 86 87 88 89 90 91 92 93 94 95 96 97 98 99 0 1 2 3 4 5 6 7 8 9 10 11 12 13 14 15 16 17 18 19 20 21 22 23 24 25 26 27 28 29 30 31 32 33 34 35 36 37 38 39 40 41 42 43 44 45 46 47 48 49 50 51 52 53 54 55 56 57 58 59 60 61 62 63 64 65 66 67 68 69 70 71 72 73 74 75 76 77 78 79 80 81 82 83 84 85 86 87 88 89 90 91 92 93 94 95 96 97 98 99 0 1 2 3 4 5 6 7 8 9 10 11 12 13 14 15 16 17 18 19 20 21 22 23 24 25 26 27 28 29 30 31 32 33 34 35 36 37 38 39 40 41 42 43 44 45 46 47 48 49 50 51 52 53 54 55 56 57 58 59 60 61 62 63 64 65 66 67 68 69 70 71 72 73 74 75 76 77 78 79 80 81 82 83 84 85 86 87 88 89 90 91 92 93 94 95 96 97 98 99 0 1 2 3 4 5 6 7 8 9 10 11 12 13 14 15 16 17 18 19 20 21 22 23 24 25 26 27 28 29 30 31 32 33 34 35 36 37 38 39 40 41 42 43 44 45 46 47 48 49 50 51 52 53 54 55 56 57 58 59 60 61 62 63 64 65 66 67 68 69 70 71 72 73 74 75 76 77 78 79 80 81 82 83 84 85 86 87 88 89 90 91 92 93 94 95 96 97 98 99 0 1 2 3 4 5 6 7 8 9 10 11 12 13 14 15 16 17 18 19 20 21 22 23 24 25 26 27 28 29 30 31 32 33 34 35 36 37 38 39 40 41 42 43 44 45 46 47 48 49 50 51 52 53 54 55 56 57 58 59 60 61 62 63 64 65 66 67 68 69 70 71 72 73 74 75 76 77 78 79 80 81 82 83 84 85 86 87 88 89 90 91 92 93 94 95 96 97 98 99 0 1 2 3 4 5 6 7 8 9 10 11 12 13 14 15 16 17 18 19 20 21 22 23 24 25 26 27 28 29 30 31 32 33 34 35 36 37 38 39 40 41 42 43 44 45 46 47 48 49 50 51 52 53 54 55 56 57 58 59 60 61 62 63 64 65 66 67 68 69 70 71 72 73 74 75 76 77 78 79 80 81 82 83 84 85 86 87 88 89 90 91 92 93 94 95 96 97 98 99 0 1 2 3 4 5 6 7 8 9 10 11 12 13 14 15 16 17 18 19 20 21 22 23 24 25 26 27 28 29 30 31 32 33 34 35 36 37 38 39 40 41 42 43 44 45 46 47 48 49 50 51 52 53 54 55 56 57 58 59 60 61 62 63 64 65 66 67 68 69 70 71 72 73 74 75 76 77 78 79 80 81 82 83 84 85 86 87 88 89 90 91 92 93 94 95 96 97 98 99 0 1 2 3 4 5 6 7 8 9 10 11 12 13 14 15 16 17 18 19 20 21 22 23 24 25 26 27 28 29 30 31 32 33 34 35 36 37 38 39 40 41 42 43 44 45 46 47 48 49 50 51 52 53 54 55 56 57 58 59 60 61 62 63 64 65 66 67 68 69 70 71 72 73 74 75 76 77 78 79 80 81 82 83 84 85 86 87 88 89 90 91 92 93 94 95 96 97 98 99 0 1 2 3 4 5 6 7 8 9 10 11 12 13 14 15 16 17 18 19 20 21 22 23 24 25 26 27 28 29 30 31 32 33 34 35 36 37 38 39 40 41 42 43 44 45 46 47 48 49 50 51 52 53 54 55 56 57 58 59 60 61 62 63 64 65 66 67 68 69 70 71 72 73 74 75 76 77 78 79 80 81 82 83 84 85 86 87 88 89 90 91 92 93 94 95 96 97 98 99 0 1 2 3 4 5 6 7 8 9 10 11 12 13 14 15 16 17 18 19 20 21 22 23 24 25 26 27 28 29 30 31 32 33 34 35 36 37 38 39 40 41 42 43 44 45 46 47 48 49 50 51 52 53 54 55 56 57 58 59 60 61 62 63 64 65 66 67 68 69 70 71 72 73 74 75 76 77 78 79 80 81 82 83 84 85 86 87 88 89 90 91 92 93 94 95 96 97 98 99 0 1 2 3 4 5 6 7 8 9 10 11 12 13 14 15 16 17 18 19 20 21 22 23 24 25 26 27 28 29 30 31 32 33 34 35 36 37 38 39 40 41 42 43 44 45 46 47 48 49 50 51 52 53 54 55 56 57 58 59 60 61 62 63 64 65 66 67 68 69 70 71 72 73 74 75 76 77 78 79 80 81 82 83 84 85 86 87 88 89 90 91 92 93 94 95 96 97 98 99 0 1 2 3 4 5 6 7 8 9 10 11 12 13 14 15 16 17 18 19 20 21 22 23 24 25 26 27 28 29 30 31 32 33 34 35 36 37 38 39 40 41 42 43 44 45 46 47 48 49 50 51 52 53 54 55 56 57 58 59 60 61 62 63 64 65 66 67 68 69 70 71 72 73 74 75 76 77 78 79 80 81 82 83 84 85 86 87 88 89 90 91 92 93 94 95 96 97 98 99 0 1 2 3 4 5 6 7 8 9 10 11 12 13 14 15 16 17 18 19 20 21 22 23 24 25 26 27 28 29 30 31 32 33 34 35 36 37 38 39 40 41 42 43 44 45 46 47 48 49 50 51 52 53 54 55 56 57 58 59 60 61 62 63 64 65 66 67 68 69 70 71 72 73 74 75 76 77 78 79 80 81 82 83 84 85 86 87 88 89 90 91 92 93 94 95 96 97 98 99 0 1 2 3 4 5 6 7 8 9 10 11 12 13 14 15 16 17 18 19 20 21 22 23 24 25 26 27 28 29 30 31 32 33 34 35 36 37 38 39 40 41 42 43 44 45 46 47 48 49 50 51 52 53 54 55 56 57 58 59 60 61 62 63 64 65 66 67 68 69 70 71 72 73 74 75 76 77 78 79 80 81 82 83 84 85 86 87 88 89 90 91 92 93 94 95 96 97 98 99 0 1 2 3 4 5 6 7 8 9 10 11 12 13 14 15 16 17 18 19 20 21 22 23 24 25 26 27 28 29 30 31 32 33 34 35 36 37 38 39 40 41 42 43 44 45 46 47 48 49 50 51 52 53 54 55 56 57 58 59 60 61 62 63 64 65 66 67 68 69 70 71 72 73 74 75 76 77 78 79 80 81 82 83 84 85 86 87 88 89 90 91 92 93 94 95 96 97 98 99 0 1 2 3 4 5 6 7 8 9 10 11 12 13 14 15 16 17 18 19 20 21 22 23 24 25 26 27 28 29 30 31 32 33 34 35 36 37 38 39 40 41 42 43 44 45 46 47 48 49 50 51 52 53 54 55 56 57 58 59 60 61 62 63 64 65 66 67 68 69 70 71 72 73 74 75 76 77 78 79 80 81 82 83 84 85 86 87 88 89 90 91 92 93 94 95 96 97 98 99 0 1 2 3 4 5 6 7 8 9 10 11 12 13 14 15 16 17 18 19 20 21 22 23 24 25 26 27 28 29 30 31 32 33 34 35 36 37 38 39 40 41 42 43 44 45 46 47 48 49 50 51 52 53 54 55 56 57 58 59 60 61 62 63 64 65 66 67 68 69 70 71 72 73 74 75 76 77 78 79 80 81 82 83 84 85 86 87 88 89 90 91 92 93 94 95 96 97 98 99 0 1 2 3 4 5 6 7 8 9 10 11 12 13 14 15 16 17 18 19 20 21 22 23 24 25 26 27 28 29 30 31 32 33 34 35 36 37 38 39 40 41 42 43 44 45 46 47 48 49 50 51 52 53 54 55 56 57 58 59 60 61 62 63 64 65 66 67 68 69 70 71 72 73 74 75 76 77 78 79 80 81 82 83 84 85 86 87 88 89 90 91 92 93 94 95 96 97 98 99 0 1 2 3 4 5 6 7 8 9 10 11 12 13 14 15 16 17 18 19 20 21 22 23 24 25 26 27 28 29 30 31 32 33 34 35 36 37 38 39 40 41 42 43 44 45 46 47 48 49 50 51 52 53 54 55 56 57 58 59 60 61 62 63 64 65 66 67 68 69 70 71 72 73 74 75 76 77 78 79 80 81 82 83 84 85 86 87 88 89 90 91 92 93 94 95 96 97 98 99 0 1 2 3 4 5 6 7 8 9 10 11 12 13 14 15 16 17 18 19 20 21 22 23 24 25 26 27 28 29 30 31 32 33 34 35 36 37 38 39 40 41 42 43 44 45 46 47 48 49 50 51 52 53 54 55 56 57 58 59 60 61 62 63 64 65 66 67 68 69 70 71 72 73 74 75 76 77 78 79 80 81 82 83 84 85 86 87 88 89 90 91 92 93 94 95 96 97 98 99 0 1 2 3 4 5 6 7 8 9 10 11 12 13 14 15 16 17 18 19 20 21 22 23 24 25 26 27 28 29 30 31 32 33 34 35 36 37 38 39 40 41 42 43 44 45 46 47 48 49 50 51 52 53 54 55 56 57 58 59 60 61 62 63 64 65 66 67 68 69 70 71 72 73 74 75 76 77 78 79 80 81 82 83 84 85 86 87 88 89 90 91 92 93 94 95 96 97 98 99 0 1 2 3 4 5 6 7 8 9 10 11 12 13 14 15 16 17 18 19 20 21 22 23 24 25 26 27 28 29 30 31 32 33 34 35 36 37 38 39 40 41 42 43 44 45 46 47 48 49 50 51 52 53 54 55 56 57 58 59 60 61 62 63 64 65 66 67 68 69 70 71 72 73 74 75 76 77 78 79 80 81 82 83 84 85 86 87 88 89 90 91 92 93 94 95 96 97 98 99 0 1 2 3 4 5 6 7 8 9 10 11 12 13 14 15 16 17 18 19 20 21 22 23 24 25 26 27 28 29 30 31 32 33 34 35 36 37 38 39 40 41 42 43 44 45 46 47 48 49 50 51 52 53 54 55 56 57 58 59 60 61 62 63 64 65 66 67 68 69 70 71 72 73 74 75 76 77 78 79 80 81 82 83 84 85 86 87 88 89 90 91 92 93 94 95 96 97 98 99 0 1 2 3 4 5 6 7 8 9 10 11 12 13 14 15 16 17 18 19 20 21 22 23 24 25 26 27 28 29 30 31 32 33 34 35 36 37 38 39 40 41 42 43 44 45 46 47 48 49 50 51 52 53 54 55 56 57 58 59 60 61 62 63 64 65 66 67 68 69 70 71 72 73 74 75 76 77 78 79 80 81 82 83 84 85 86 87 88 89 90 91 92 93 94 95 96 97 98 99 0 1 2 3 4 5 6 7 8 9 10 11 12 13 14 15 16 17 18 19 20 21 22 23 24 25 26 27 28 29 30 31 32 33 34 35 36 37 38 39 40 41 42 43 44 45 46 47 48 49 50 51 52 53 54 55 56 57 58 59 60 61 62 63 64 65 66 67 68 69 70 71 72 73 74 75 76 77 78 79 80 81 82 83 84 85 86 87 88 89 90 91 92 93 94 95 96 97 98 99 0 1 2 3 4 5 6 7 8 9 10 11 12 13 14 15 16 17 18 19 20 21 22 23 24 25 26 27 28 29 30 31 32 33 34 35 36 37 38 39 40 41 42 43 44 45 46 47 48 49 50 51 52 53 54 55 56 57 58 59 60 61 62 63 64 65 66 67 68 69 70 71 72 73 74 75 76 77 78 79 80 81 82 83 84 85 86 87 88 89 90 91 92 93 94 95 96 97 98 99 0 1 2 3 4 5 6 7 8 9 10 11 12 13 14 15 16 17 18 19 20 21 22 23 24 25 26 27 28 29 30 31 32 33 34 35 36 37 38 39 40 41 42 43 44 45 46 47 48 49 50 51 52 53 54 55 56 57 58 59 60 61 62 63 64 65 66 67 68 69 70 71 72 73 74 75 76 77 78 79 80 81 82 83 84 85 86 87 88 89 90 91 92 93 94 95 96 97 98 99 0 1 2 3 4 5 6 7 8 9 10 11 12 13 14 15 16 17 18 19 20 21 22 23 24 25 26 27 28 29 30 31 32 33 34 35 36 37 38 39 40 41 42 43 44 45 46 47 48 49 50 51 52 53 54 55 56 57 58 59 60 61 62 63 64 65 66 67 68 69 70 71 72 73 74 75 76 77 78 79 80 81 82 83 84 85 86 87 88 89 90 91 92 93 94 95 96 97 98 99 0 1 2 3 4 5 6 7 8 9 10 11 12 13 14 15 16 17 18 19 20 21 22 23 24 25 26 27 28 29 30 31 32 33 34 35 36 37 38 39 40 41 42 43 44 45 46 47 48 49 50 51 52 53 54 55 56 57 58 59 60 61 62 63 64 65 66 67 68 69 70 71 72 73 74 75 76 77 78 79 80 81 82 83 84 85 86 87 88 89 90 91 92 93 94 95 96 97 98 99 0 1 2 3 4 5 6 7 8 9 10 11 12 13 14 15 16 17 18 19 20 21 22 23 24 25 26 27 28 29 30 31 32 33 34 35 36 37 38 39 40 41 42 43 44 45 46 47 48 49 50 51 52 53 54 55 56 57 58 59 60 61 62 63 64 65 66 67 68 69 70 71 72 73 74 75 76 77 78 79 80 81 82 83 84 85 86 87 88 89 90 91 92 93 94 95 96 97 98 99 0 1 2 3 4 5 6 7 8 9 10 11 12 13 14 15 16 17 18 19 20 21 22 23 24 25 26 27 28 29 30 31 32 33 34 35 36 37 38 39 40 41 42 43 44 45 46 47 48 49 50 51 52 53 54 55 56 57 58 59 60 61 62 63 64 65 66 67 68 69 70 71 72 73 74 75 76 77 78 79 80 81 82 83 84 85 86 87 88 89 90 91 92 93 94 95 96 97 98 99 0 1 2 3 4 5 6 7 8 9 10 11 12 13 14 15 16 17 18 19 20 21 22 23 24 25 26 27 28 29 30 31 32 33 34 35 36 37 38 39 40 41 42 43 44 45 46 47 48 49 50 51 52 53 54 55 56 57 58 59 60 61 62 63 64 65 66 67 68 69 70 71 72 73 74 75 76 77 78 79 80 81 82 83 84 85 86 87 88 89 90 91 92 93 94 95 96 97 98 99 0 1 2 3 4 5 6 7 8 9 10 11 12 13 14 15 16 17 18 19 20 21 22 23 24 25 26 27 28 29 30 31 32 33 34 35 36 37 38 39 40 41 42 43 44 45 46 47 48 49 50 51 52 53 54 55 56 57 58 59 60 61 62 63 64 65 66 67 68 69 70 71 72 73 74 75 76 77 78 79 80 81 82 83 84 85 86 87 88 89 90 91 92 93 94 95 96 97 98 99 0 1 2 3 4 5 6 7 8 9 10 11 12 13 14 15 16 17 18 19 20 21 22 23 24 25 26 27 28 29 30 31 32 33 34 35 36 37 38 39 40 41 42 43 44 45 46 47 48 49 50 51 52 53 54 55 56 57 58 59 60 61 62 63 64 65 66 67 68 69 70 71 72 73 74 75 76 77 78 79 80 81 82 83 84 85 86 87 88 89 90 91 92 93 94 95 96 97 98 99 0 1 2 3 4 5 6 7 8 9 10 11 12 13 14 15 16 17 18 19 20 21 22 23 24 25 26 27 28 29 30 31 32 33 34 35 36 37 38 39 40 41 42 43 44 45 46 47 48 49 50 51 52 53 54 55 56 57 58 59 60 61 62 63 64 65 66 67 68 69 70 71 72 73 74 75 76 77 78 79 80 81 82 83 84 85 86 87 88 89 90 91 92 93 94 95 96 97 98 99 0 1 2 3 4 5 6 7 8 9 10 11 12 13 14 15 16 17 18 19 20 21 22 23 24 25 26 27 28 29 30 31 32 33 34 35 36 37 38 39 40 41 42 43 44 45 46 47 48 49 50 51 52 53 54 55 56 57 58 59 60 61 62 63 64 65 66 67 68 69 70 71 72 73 74 75 76 77 78 79 80 81 82 83 84 85 86 87 88 89 90 91 92 93 94 95 96 97 98 99 0 1 2 3 4 5 6 7 8 9 10 11 12 13 14 15 16 17 18 19 20 21 22 23 24 25 26 27 28 29 30 31 32 33 34 35 36 37 38 39 40 41 42 43 44 45 46 47 48 49 50 51 52 53 54 55 56 57 58 59 60 61 62 63 64 65 66 67 68 69 70 71 72 73 74 75 76 77 78 79 80 81 82 83 84 85 86 87 88 89 90 91 92 93 94 95 96 97 98 99 0 1 2 3 4 5 6 7 8 9 10 11 12 13 14 15 16 17 18 19 20 21 22 23 24 25 26 27 28 29 30 31 32 33 34 35 36 37 38 39 40 41 42 43 44 45 46 47 48 49 50 51 52 53 54 55 56 57 58 59 60 61 62 63 64 65 66 67 68 69 70 71 72 73 74 75 76 77 78 79 80 81 82 83 84 85 86 87 88 89 90 91 92 93 94 95 96 97 98 99 0 1 2 3 4 5 6 7 8 9 10 11 12 13 14 15 16 17 18 19 20 21 22 23 24 25 26 27 28 29 30 31 32 33 34 35 36 37 38 39 40 41 42 43 44 45 46 47 48 49 50 51 52 53 54 55 56 57 58 59 60 61 62 63 64 65 66 67 68 69 70 71 72 73 74 75 76 77 78 79 80 81 82 83 84 85 86 87 88 89 90 91 92 93 94 95 96 97 98 99 0 1 2 3 4 5 6 7 8 9 10 11 12 13 14 15 16 17 18 19 20 21 22 23 24 25 26 27 28 29 30 31 32 33 34 35 36 37 38 39 40 41 42 43 44 45 46 47 48 49 50 51 52 53 54 55 56 57 58 59 60 61 62 63 64 65 66 67 68 69 70 71 72 73 74 75 76 77 78 79 80 81 82 83 84 85 86 87 88 89 90 91 92 93 94 95 96 97 98 99 0 1 2 3 4 5 6 7 8 9 10 11 12 13 14 15 16 17 18 19 20 21 22 23 24 25 26 27 28 29 30 31 32 33 34 35 36 37 38 39 40 41 42 43 44 45 46 47 48 49 50 51 52 53 54 55 56 57 58 59 60 61 62 63 64 65 66 67 68 69 70 71 72 73 74 75 76 77 78 79 80 81 82 83 84 85 86 87 88 89 90 91 92 93 94 95 96 97 98 99 0 1 2 3 4 5 6 7 8 9 10 11 12 13 14 15 16 17 18 19 20 21 22 23 24 25 26 27 28 29 30 31 32 33 34 35 36 37 38 39 40 41 42 43 44 45 46 47 48 49 50 51 52 53 54 55 56 57 58 59 60 61 62 63 64 65 66 67 68 69 70 71 72 73 74 75 76 77 78 79 80 81 82 83 84 85 86 87 88 89 90 91 92 93 94 95 96 97 98 99 0 1 2 3 4 5 6 7 8 9 10 11 12 13 14 15 16 17 18 19 20 21 22 23 24 25 26 27 28 29 30 31 32 33 34 35 36 37 38 39 40 41 42 43 44 45 46 47 48 49 50 51 52 53 54 55 56 57 58 59 60 61 62 63 64 65 66 67 68 69 70 71 72 73 74 75 76 77 78 79 80 81 82 83 84 85 86 87 88 89 90 91 92 93 94 95 96 97 98 99 0 1 2 3 4 5 6 7 8 9 10 11 12 13 14 15 16 17 18 19 20 21 22 23 24 25 26 27 28 29 30 31 32 33 34 35 36 37 38 39 40 41 42 43 44 45 46 47 48 49 50 51 52 53 54 55 56 57 58 59 60 61 62 63 64 65 66 67 68 69 70 71 72 73 74 75 76 77 78 79 80 81 82 83 84 85 86 87 88 89 90 91 92 93 94 95 96 97 98 99 0 1 2 3 4 5 6 7 8 9 10 11 12 13 14 15 16 17 18 19 20 21 22 23 24 25 26 27 28 29 30 31 32 33 34 35 36 37 38 39 40 41 42 43 44 45 46 47 48 49 50 51 52 53 54 55 56 57 58 59 60 61 62 63 64 65 66 67 68 69 70 71 72 73 74 75 76 77 78 79 80 81 82 83 84 85 86 87 88 89 90 91 92 93 94 95 96 97 98 99 0 1 2 3 4 5 6 7 8 9 10 11 12 13 14 15 16 17 18 19 20 21 22 23 24 25 26 27 28 29 30 31 32 33 34 35 36 37 38 39 40 41 42 43 44 45 46 47 48 49 50 51 52 53 54 55 56 57 58 59 60 61 62 63 64 65 66 67 68 69 70 71 72 73 74 75 76 77 78 79 80 81 82 83 84 85 86 87 88 89 90 91 92 93 94 95 96 97 98 99 0 1 2 3 4 5 6 7 8 9 10 11 12 13 14 15 16 17 18 19 20 21 22 23 24 25 26 27 28 29 30 31 32 33 34 35 36 37 38 39 40 41 42 43 44 45 46 47 48 49 50 51 52 53 54 55 56 57 58 59 60 61 62 63 64 65 66 67 68 69 70 71 72 73 74 75 76 77 78 79 80 81 82 83 84 85 86 87 88 89 90 91 92 93 94 95 96 97 98 99 0 1 2 3 4 5 6 7 8 9 10 11 12 13 14 15 16 17 18 19 20 21 22 23 24 25 26 27 28 29 30 31 32 33 34 35 36 37 38 39 40 41 42 43 44 45 46 47 48 49 50 51 52 53 54 55 56 57 58 59 60 61 62 63 64 65 66 67 68 69 70 71 72 73 74 75 76 77 78 79 80 81 82 83 84 85 86 87 88 89 90 91 92 93 94 95 96 97 98 99 0 1 2 3 4 5 6 7 8 9 10 11 12 13 14 15 16 17 18 19 20 21 22 23 24 25 26 27 28 29 30 31 32 33 34 35 36 37 38 39 40 41 42 43 44 45 46 47 48 49 50 51 52 53 54 55 56 57 58 59 60 61 62 63 64 65 66 67 68 69 70 71 72 73 74 75 76 77 78 79 80 81 82 83 84 85 86 87 88 89 90 91 92 93 94 95 96 97 98 99 0 1 2 3 4 5 6 7 8 9 10 11 12 13 14 15 16 17 18 19 20 21 22 23 24 25 26 27 28 29 30 31 32 33 34 35 36 37 38 39 40 41 42 43 44 45 46 47 48 49 50 51 52 53 54 55 56 57 58 59 60 61 62 63 64 65 66 67 68 69 70 71 72 73 74 75 76 77 78 79 80 81 82 83 84 85 86 87 88 89 90 91 92 93 94 95 96 97 98 99 0 1 2 3 4 5 6 7 8 9 10 11 12 13 14 15 16 17 18 19 20 21 22 23 24 25 26 27 28 29 30 31 32 33 34 35 36 37 38 39 40 41 42 43 44 45 46 47 48 49 50 51 52 53 54 55 56 57 58 59 60 61 62 63 64 65 66 67 68 69 70 71 72 73 74 75 76 77 78 79 80 81 82 83 84 85 86 87 88 89 90 91 92 93 94 95 96 97 98 99 0 1 2 3 4 5 6 7 8 9 10 11 12 13 14 15 16 17 18 19 20 21 22 23 24 25 26 27 28 29 30 31 32 33 34 35 36 37 38 39 40 41 42 43 44 45 46 47 48 49 50 51 52 53 54 55 56 57 58 59 60 61 62 63 64 65 66 67 68 69 70 71 72 73 74 75 76 77 78 79 80 81 82 83 84 85 86 87 88 89 90 91 92 93 94 95 96 97 98 99 0 1 2 3 4 5 6 7 8 9 10 11 12 13 14 15 16 17 18 19 20 21 22 23 24 25 26 27 28 29 30 31 32 33 34 35 36 37 38 39 40 41 42 43 44 45 46 47 48 49 50 51 52 53 54 55 56 57 58 59 60 61 62 63 64 65 66 67 68 69 70 71 72 73 74 75 76 77 78 79 80 81 82 83 84 85 86 87 88 89 90 91 92 93 94 95 96 97 98 99 0 1 2 3 4 5 6 7 8 9 10 11 12 13 14 15 16 17 18 19 20 21 22 23 24 25 26 27 28 29 30 31 32 33 34 35 36 37 38 39 40 41 42 43 44 45 46 47 48 49 50 51 52 53 54 55 56 57 58 59 60 61 62 63 64 65 66 67 68 69 70 71 72 73 74 75 76 77 78 79 80 81 82 83 84 85 86 87 88 89 90 91 92 93 94 95 96 97 98 99 0 1 2 3 4 5 6 7 8 9 10 11 12 13 14 15 16 17 18 19 20 21 22 23 24 25 26 27 28 29 30 31 32 33 34 35 36 37 38 39 40 41 42 43 44 45 46 47 48 49 50 51 52 53 54 55 56 57 58 59 60 61 62 63 64 65 66 67 68 69 70 71 72 73 74 75 76 77 78 79 80 81 82 83 84 85 86 87 88 89 90 91 92 93 94 95 96 97 98 99 0 1 2 3 4 5 6 7 8 9 10 11 12 13 14 15 16 17 18 19 20 21 22 23 24 25 26 27 28 29 30 31 32 33 34 35 36 37 38 39 40 41 42 43 44 45 46 47 48 49 50 51 52 53 54 55 56 57 58 59 60 61 62 63 64 65 66 67 68 69 70 71 72 73 74 75 76 77 78 79 80 81 82 83 84 85 86 87 88 89 90 91 92 93 94 95 96 97 98 99 0 1 2 3 4 5 6 7 8 9 10 11 12 13 14 15 16 17 18 19 20 21 22 23 24 25 26 27 28 29 30 31 32 33 34 35 36 37 38 39 40 41 42 43 44 45 46 47 48 49 50 51 52 53 54 55 56 57 58 59 60 61 62 63 64 65 66 67 68 69 70 71 72 73 74 75 76 77 78 79 80 81 82 83 84 85 86 87 88 89 90 91 92 93 94 95 96 97 98 99 0 1 2 3 4 5 6 7 8 9 10 11 12 13 14 15 16 17 18 19 20 21 22 23 24 25 26 27 28 29 30 31 32 33 34 35 36 37 38 39 40 41 42 43 44 45 46 47 48 49 50 51 52 53 54 55 56 57 58 59 60 61 62 63 64 65 66 67 68 69 70 71 72 73 74 75 76 77 78 79 80 81 82 83 84 85 86 87 88 89 90 91 92 93 94 95 96 97 98 99 0 1 2 3 4 5 6 7 8 9 10 11 12 13 14 15 16 17 18 19 20 21 22 23 24 25 26 27 28 29 30 31 32 33 34 35 36 37 38 39 40 41 42 43 44 45 46 47 48 49 50 51 52 53 54 55 56 57 58 59 60 61 62 63 64 65 66 67 68 69 70 71 72 73 74 75 76 77 78 79 80 81 82 83 84 85 86 87 88 89 90 91 92 93 94 95 96 97 98 99 0 1 2 3 4 5 6 7 8 9 10 11 12 13 14 15 16 17 18 19 20 21 22 23 24 25 26 27 28 29 30 31 32 33 34 35 36 37 38 39 40 41 42 43 44 45 46 47 48 49 50 51 52 53 54 55 56 57 58 59 60 61 62 63 64 65 66 67 68 69 70 71 72 73 74 75 76 77 78 79 80 81 82 83 84 85 86 87 88 89 90 91 92 93 94 95 96 97 98 99 0 1 2 3 4 5 6 7 8 9 10 11 12 13 14 15 16 17 18 19 20 21 22 23 24 25 26 27 28 29 30 31 32 33 34 35 36 37 38 39 40 41 42 43 44 45 46 47 48 49 50 51 52 53 54 55 56 57 58 59 60 61 62 63 64 65 66 67 68 69 70 71 72 73 74 75 76 77 78 79 80 81 82 83 84 85 86 87 88 89 90 91 92 93 94 95 96 97 98 99 0 1 2 3 4 5 6 7 8 9 10 11 12 13 14 15 16 17 18 19 20 21 22 23 24 25 26 27 28 29 30 31 32 33 34 35 36 37 38 39 40 41 42 43 44 45 46 47 48 49 50 51 52 53 54 55 56 57 58 59 60 61 62 63 64 65 66 67 68 69 70 71 72 73 74 75 76 77 78 79 80 81 82 83 84 85 86 87 88 89 90 91 92 93 94 95 96 97 98 99 0 1 2 3 4 5 6 7 8 9 10 11 12 13 14 15 16 17 18 19 20 21 22 23 24 25 26 27 28 29 30 31 32 33 34 35 36 37 38 39 40 41 42 43 44 45 46 47 48 49 50 51 52 53 54 55 56 57 58 59 60 61 62 63 64 65 66 67 68 69 70 71 72 73 74 75 76 77 78 79 80 81 82 83 84 85 86 87 88 89 90 91 92 93 94 95 96 97 98 99 0 1 2 3 4 5 6 7 8 9 10 11 12 13 14 15 16 17 18 19 20 21 22 23 24 25 26 27 28 29 30 31 32 33 34 35 36 37 38 39 40 41 42 43 44 45 46 47 48 49 50 51 52 53 54 55 56 57 58 59 60 61 62 63 64 65 66 67 68 69 70 71 72 73 74 75 76 77 78 79 80 81 82 83 84 85 86 87 88 89 90 91 92 93 94 95 96 97 98 99 0 1 2 3 4 5 6 7 8 9 10 11 12 13 14 15 16 17 18 19 20 21 22 23 24 25 26 27 28 29 30 31 32 33 34 35 36 37 38 39 40 41 42 43 44 45 46 47 48 49 50 51 52 53 54 55 56 57 58 59 60 61 62 63 64 65 66 67 68 69 70 71 72 73 74 75 76 77 78 79 80 81 82 83 84 85 86 87 88 89 90 91 92 93 94 95 96 97 98 99 0 1 2 3 4 5 6 7 8 9 10 11 12 13 14 15 16 17 18 19 20 21 22 23 24 25 26 27 28 29 30 31 32 33 34 35 36 37 38 39 40 41 42 43 44 45 46 47 48 49 50 51 52 53 54 55 56 57 58 59 60 61 62 63 64 65 66 67 68 69 70 71 72 73 74 75 76 77 78 79 80 81 82 83 84 85 86 87 88 89 90 91 92 93 94 95 96 97 98 99 0 1 2 3 4 5 6 7 8 9 10 11 12 13 14 15 16 17 18 19 20 21 22 23 24 25 26 27 28 29 30 31 32 33 34 35 36 37 38 39 40 41 42 43 44 45 46 47 48 49 50 51 52 53 54 55 56 57 58 59 60 61 62 63 64 65 66 67 68 69 70 71 72 73 74 75 76 77 78 79 80 81 82 83 84 85 86 87 88 89 90 91 92 93 94 95 96 97 98 99 0 1 2 3 4 5 6 7 8 9 10 11 12 13 14 15 16 17 18 19 20 21 22 23 24 25 26 27 28 29 30 31 32 33 34 35 36 37 38 39 40 41 42 43 44 45 46 47 48 49 50 51 52 53 54 55 56 57 58 59 60 61 62 63 64 65 66 67 68 69 70 71 72 73 74 75 76 77 78 79 80 81 82 83 84 85 86 87 88 89 90 91 92 93 94 95 96 97 98 99 0 1 2 3 4 5 6 7 8 9 10 11 12 13 14 15 16 17 18 19 20 21 22 23 24 25 26 27 28 29 30 31 32 33 34 35 36 37 38 39 40 41 42 43 44 45 46 47 48 49 50 51 52 53 54 55 56 57 58 59 60 61 62 63 64 65 66 67 68 69 70 71 72 73 74 75 76 77 78 79 80 81 82 83 84 85 86 87 88 89 90 91 92 93 94 95 96 97 98 99 0 1 2 3 4 5 6 7 8 9 10 11 12 13 14 15 16 17 18 19 20 21 22 23 24 25 26 27 28 29 30 31 32 33 34 35 36 37 38 39 40 41 42 43 44 45 46 47 48 49 50 51 52 53 54 55 56 57 58 59 60 61 62 63 64 65 66 67 68 69 70 71 72 73 74 75 76 77 78 79 80 81 82 83 84 85 86 87 88 89 90 91 92 93 94 95 96 97 98 99 0 1 2 3 4 5 6 7 8 9 10 11 12 13 14 15 16 17 18 19 20 21 22 23 24 25 26 27 28 29 30 31 32 33 34 35 36 37 38 39 40 41 42 43 44 45 46 47 48 49 50 51 52 53 54 55 56 57 58 59 60 61 62 63 64 65 66 67 68 69 70 71 72 73 74 75 76 77 78 79 80 81 82 83 84 85 86 87 88 89 90 91 92 93 94 95 96 97 98 99 0 1 2 3 4 5 6 7 8 9 10 11 12 13 14 15 16 17 18 19 20 21 22 23 24 25 26 27 28 29 30 31 32 33 34 35 36 37 38 39 40 41 42 43 44 45 46 47 48 49 50 51 52 53 54 55 56 57 58 59 60 61 62 63 64 65 66 67 68 69 70 71 72 73 74 75 76 77 78 79 80 81 82 83 84 85 86 87 88 89 90 91 92 93 94 95 96 97 98 99 0 1 2 3 4 5 6 7 8 9 10 11 12 13 14 15 16 17 18 19 20 21 22 23 24 25 26 27 28 29 30 31 32 33 34 35 36 37 38 39 40 41 42 43 44 45 46 47 48 49 50 51 52 53 54 55 56 57 58 59 60 61 62 63 64 65 66 67 68 69 70 71 72 73 74 75 76 77 78 79 80 81 82 83 84 85 86 87 88 89 90 91 92 93 94 95 96 97 98 99 0 1 2 3 4 5 6 7 8 9 10 11 12 13 14 15 16 17 18 19 20 21 22 23 24 25 26 27 28 29 30 31 32 33 34 35 36 37 38 39 40 41 42 43 44 45 46 47 48 49 50 51 52 53 54 55 56 57 58 59 60 61 62 63 64 65 66 67 68 69 70 71 72 73 74 75 76 77 78 79 80 81 82 83 84 85 86 87 88 89 90 91 92 93 94 95 96 97 98 99 0 1 2 3 4 5 6 7 8 9 10 11 12 13 14 15 16 17 18 19 20 21 22 23 24 25 26 27 28 29 30 31 32 33 34 35 36 37 38 39 40 41 42 43 44 45 46 47 48 49 50 51 52 53 54 55 56 57 58 59 60 61 62 63 64 65 66 67 68 69 70 71 72 73 74 75 76 77 78 79 80 81 82 83 84 85 86 87 88 89 90 91 92 93 94 95 96 97 98 99 0 1 2 3 4 5 6 7 8 9 10 11 12 13 14 15 16 17 18 19 20 21 22 23 24 25 26 27 28 29 30 31 32 33 34 35 36 37 38 39 40 41 42 43 44 45 46 47 48 49 50 51 52 53 54 55 56 57 58 59 60 61 62 63 64 65 66 67 68 69 70 71 72 73 74 75 76 77 78 79 80 81 82 83 84 85 86 87 88 89 90 91 92 93 94 95 96 97 98 99 0 1 2 3 4 5 6 7 8 9 10 11 12 13 14 15 16 17 18 19 20 21 22 23 24 25 26 27 28 29 30 31 32 33 34 35 36 37 38 39 40 41 42 43 44 45 46 47 48 49 50 51 52 53 54 55 56 57 58 59 60 61 62 63 64 65 66 67 68 69 70 71 72 73 74 75 76 77 78 79 80 81 82 83 84 85 86 87 88 89 90 91 92 93 94 95 96 97 98 99 0 1 2 3 4 5 6 7 8 9 10 11 12 13 14 15 16 17 18 19 20 21 22 23 24 25 26 27 28 29 30 31 32 33 34 35 36 37 38 39 40 41 42 43 44 45 46 47 48 49 50 51 52 53 54 55 56 57 58 59 60 61 62 63 64 65 66 67 68 69 70 71 72 73 74 75 76 77 78 79 80 81 82 83 84 85 86 87 88 89 90 91 92 93 94 95 96 97 98 99 0 1 2 3 4 5 6 7 8 9 10 11 12 13 14 15 16 17 18 19 20 21 22 23 24 25 26 27 28 29 30 31 32 33 34 35 36 37 38 39 40 41 42 43 44 45 46 47 48 49 50 51 52 53 54 55 56 57 58 59 60 61 62 63 64 65 66 67 68 69 70 71 72 73 74 75 76 77 78 79 80 81 82 83 84 85 86 87 88 89 90 91 92 93 94 95 96 97 98 99 0 1 2 3 4 5 6 7 8 9 10 11 12 13 14 15 16 17 18 19 20 21 22 23 24 25 26 27 28 29 30 31 32 33 34 35 36 37 38 39 40 41 42 43 44 45 46 47 48 49 50 51 52 53 54 55 56 57 58 59 60 61 62 63 64 65 66 67 68 69 70 71 72 73 74 75 76 77 78 79 80 81 82 83 84 85 86 87 88 89 90 91 92 93 94 95 96 97 98 99 0 1 2 3 4 5 6 7 8 9 10 11 12 13 14 15 16 17 18 19 20 21 22 23 24 25 26 27 28 29 30 31 32 33 34 35 36 37 38 39 40 41 42 43 44 45 46 47 48 49 50 51 52 53 54 55 56 57 58 59 60 61 62 63 64 65 66 67 68 69 70 71 72 73 74 75 76 77 78 79 80 81 82 83 84 85 86 87 88 89 90 91 92 93 94 95 96 97 98 99 0 1 2 3 4 5 6 7 8 9 10 11 12 13 14 15 16 17 18 19 20 21 22 23 24 25 26 27 28 29 30 31 32 33 34 35 36 37 38 39 40 41 42 43 44 45 46 47 48 49 50 51 52 53 54 55 56 57 58 59 60 61 62 63 64 65 66 67 68 69 70 71 72 73 74 75 76 77 78 79 80 81 82 83 84 85 86 87 88 89 90 91 92 93 94 95 96 97 98 99 0 1 2 3 4 5 6 7 8 9 10 11 12 13 14 15 16 17 18 19 20 21 22 23 24 25 26 27 28 29 30 31 32 33 34 35 36 37 38 39 40 41 42 43 44 45 46 47 48 49 50 51 52 53 54 55 56 57 58 59 60 61 62 63 64 65 66 67 68 69 70 71 72 73 74 75 76 77 78 79 80 81 82 83 84 85 86 87 88 89 90 91 92 93 94 95 96 97 98 99 0 1 2 3 4 5 6 7 8 9 10 11 12 13 14 15 16 17 18 19 20 21 22 23 24 25 26 27 28 29 30 31 32 33 34 35 36 37 38 39 40 41 42 43 44 45 46 47 48 49 50 51 52 53 54 55 56 57 58 59 60 61 62 63 64 65 66 67 68 69 70 71 72 73 74 75 76 77 78 79 80 81 82 83 84 85 86 87 88 89 90 91 92 93 94 95 96 97 98 99 0 1 2 3 4 5 6 7 8 9 10 11 12 13 14 15 16 17 18 19 20 21 22 23 24 25 26 27 28 29 30 31 32 33 34 35 36 37 38 39 40 41 42 43 44 45 46 47 48 49 50 51 52 53 54 55 56 57 58 59 60 61 62 63 64 65 66 67 68 69 70 71 72 73 74 75 76 77 78 79 80 81 82 83 84 85 86 87 88 89 90 91 92 93 94 95 96 97 98 99 0 1 2 3 4 5 6 7 8 9 10 11 12 13 14 15 16 17 18 19 20 21 22 23 24 25 26 27 28 29 30 31 32 33 34 35 36 37 38 39 40 41 42 43 44 45 46 47 48 49 50 51 52 53 54 55 56 57 58 59 60 61 62 63 64 65 66 67 68 69 70 71 72 73 74 75 76 77 78 79 80 81 82 83 84 85 86 87 88 89 90 91 92 93 94 95 96 97 98 99 0 1 2 3 4 5 6 7 8 9 10 11 12 13 14 15 16 17 18 19 20 21 22 23 24 25 26 27 28 29 30 31 32 33 34 35 36 37 38 39 40 41 42 43 44 45 46 47 48 49 50 51 52 53 54 55 56 57 58 59 60 61 62 63 64 65 66 67 68 69 70 71 72 73 74 75 76 77 78 79 80 81 82 83 84 85 86 87 88 89 90 91 92 93 94 95 96 97 98 99 0 1 2 3 4 5 6 7 8 9 10 11 12 13 14 15 16 17 18 19 20 21 22 23 24 25 26 27 28 29 30 31 32 33 34 35 36 37 38 39 40 41 42 43 44 45 46 47 48 49 50 51 52 53 54 55 56 57 58 59 60 61 62 63 64 65 66 67 68 69 70 71 72 73 74 75 76 77 78 79 80 81 82 83 84 85 86 87 88 89 90 91 92 93 94 95 96 97 98 99 0 1 2 3 4 5 6 7 8 9 10 11 12 13 14 15 16 17 18 19 20 21 22 23 24 25 26 27 28 29 30 31 32 33 34 35 36 37 38 39 40 41 42 43 44 45 46 47 48 49 50 51 52 53 54 55 56 57 58 59 60 61 62 63 64 65 66 67 68 69 70 71 72 73 74 75 76 77 78 79 80 81 82 83 84 85 86 87 88 89 90 91 92 93 94 95 96 97 98 99 0 1 2 3 4 5 6 7 8 9 10 11 12 13 14 15 16 17 18 19 20 21 22 23 24 25 26 27 28 29 30 31 32 33 34 35 36 37 38 39 40 41 42 43 44 45 46 47 48 49 50 51 52 53 54 55 56 57 58 59 60 61 62 63 64 65 66 67 68 69 70 71 72 73 74 75 76 77 78 79 80 81 82 83 84 85 86 87 88 89 90 91 92 93 94 95 96 97 98 99 0 1 2 3 4 5 6 7 8 9 10 11 12 13 14 15 16 17 18 19 20 21 22 23 24 25 26 27 28 29 30 31 32 33 34 35 36 37 38 39 40 41 42 43 44 45 46 47 48 49 50 51 52 53 54 55 56 57 58 59 60 61 62 63 64 65 66 67 68 69 70 71 72 73 74 75 76 77 78 79 80 81 82 83 84 85 86 87 88 89 90 91 92 93 94 95 96 97 98 99 0 1 2 3 4 5 6 7 8 9 10 11 12 13 14 15 16 17 18 19 20 21 22 23 24 25 26 27 28 29 30 31 32 33 34 35 36 37 38 39 40 41 42 43 44 45 46 47 48 49 50 51 52 53 54 55 56 57 58 59 60 61 62 63 64 65 66 67 68 69 70 71 72 73 74 75 76 77 78 79 80 81 82 83 84 85 86 87 88 89 90 91 92 93 94 95 96 97 98 99 0 1 2 3 4 5 6 7 8 9 10 11 12 13 14 15 16 17 18 19 20 21 22 23 24 25 26 27 28 29 30 31 32 33 34 35 36 37 38 39 40 41 42 43 44 45 46 47 48 49 50 51 52 53 54 55 56 57 58 59 60 61 62 63 64 65 66 67 68 69 70 71 72 73 74 75 76 77 78 79 80 81 82 83 84 85 86 87 88 89 90 91 92 93 94 95 96 97 98 99 0 1 2 3 4 5 6 7 8 9 10 11 12 13 14 15 16 17 18 19 20 21 22 23 24 25 26 27 28 29 30 31 32 33 34 35 36 37 38 39 40 41 42 43 44 45 46 47 48 49 50 51 52 53 54 55 56 57 58 59 60 61 62 63 64 65 66 67 68 69 70 71 72 73 74 75 76 77 78 79 80 81 82 83 84 85 86 87 88 89 90 91 92 93 94 95 96 97 98 99 0 1 2 3 4 5 6 7 8 9 10 11 12 13 14 15 16 17 18 19 20 21 22 23 24 25 26 27 28 29 30 31 32 33 34 35 36 37 38 39 40 41 42 43 44 45 46 47 48 49 50 51 52 53 54 55 56 57 58 59 60 61 62 63 64 65 66 67 68 69 70 71 72 73 74 75 76 77 78 79 80 81 82 83 84 85 86 87 88 89 90 91 92 93 94 95 96 97 98 99 0 1 2 3 4 5 6 7 8 9 10 11 12 13 14 15 16 17 18 19 20 21 22 23 24 25 26 27 28 29 30 31 32 33 34 35 36 37 38 39 40 41 42 43 44 45 46 47 48 49 50 51 52 53 54 55 56 57 58 59 60 61 62 63 64 65 66 67 68 69 70 71 72 73 74 75 76 77 78 79 80 81 82 83 84 85 86 87 88 89 90 91 92 93 94 95 96 97 98 99 0 1 2 3 4 5 6 7 8 9 10 11 12 13 14 15 16 17 18 19 20 21 22 23 24 25 26 27 28 29 30 31 32 33 34 35 36 37 38 39 40 41 42 43 44 45 46 47 48 49 50 51 52 53 54 55 56 57 58 59 60 61 62 63 64 65 66 67 68 69 70 71 72 73 74 75 76 77 78 79 80 81 82 83 84 85 86 87 88 89 90 91 92 93 94 95 96 97 98 99 0 1 2 3 4 5 6 7 8 9 10 11 12 13 14 15 16 17 18 19 20 21 22 23 24 25 26 27 28 29 30 31 32 33 34 35 36 37 38 39 40 41 42 43 44 45 46 47 48 49 50 51 52 53 54 55 56 57 58 59 60 61 62 63 64 65 66 67 68 69 70 71 72 73 74 75 76 77 78 79 80 81 82 83 84 85 86 87 88 89 90 91 92 93 94 95 96 97 98 99 0 1 2 3 4 5 6 7 8 9 10 11 12 13 14 15 16 17 18 19 20 21 22 23 24 25 26 27 28 29 30 31 32 33 34 35 36 37 38 39 40 41 42 43 44 45 46 47 48 49 50 51 52 53 54 55 56 57 58 59 60 61 62 63 64 65 66 67 68 69 70 71 72 73 74 75 76 77 78 79 80 81 82 83 84 85 86 87 88 89 90 91 92 93 94 95 96 97 98 99 
</Matrix>
   <Matrix name="yloc" type="complete" rows="1" columns="10000" multiplier="1.0">
   0 0 0 0 0 0 0 0 0 0 0 0 0 0 0 0 0 0 0 0 0 0 0 0 0 0 0 0 0 0 0 0 0 0 0 0 0 0 0 0 0 0 0 0 0 0 0 0 0 0 0 0 0 0 0 0 0 0 0 0 0 0 0 0 0 0 0 0 0 0 0 0 0 0 0 0 0 0 0 0 0 0 0 0 0 0 0 0 0 0 0 0 0 0 0 0 0 0 0 0 1 1 1 1 1 1 1 1 1 1 1 1 1 1 1 1 1 1 1 1 1 1 1 1 1 1 1 1 1 1 1 1 1 1 1 1 1 1 1 1 1 1 1 1 1 1 1 1 1 1 1 1 1 1 1 1 1 1 1 1 1 1 1 1 1 1 1 1 1 1 1 1 1 1 1 1 1 1 1 1 1 1 1 1 1 1 1 1 1 1 1 1 1 1 1 1 1 1 1 1 2 2 2 2 2 2 2 2 2 2 2 2 2 2 2 2 2 2 2 2 2 2 2 2 2 2 2 2 2 2 2 2 2 2 2 2 2 2 2 2 2 2 2 2 2 2 2 2 2 2 2 2 2 2 2 2 2 2 2 2 2 2 2 2 2 2 2 2 2 2 2 2 2 2 2 2 2 2 2 2 2 2 2 2 2 2 2 2 2 2 2 2 2 2 2 2 2 2 2 2 3 3 3 3 3 3 3 3 3 3 3 3 3 3 3 3 3 3 3 3 3 3 3 3 3 3 3 3 3 3 3 3 3 3 3 3 3 3 3 3 3 3 3 3 3 3 3 3 3 3 3 3 3 3 3 3 3 3 3 3 3 3 3 3 3 3 3 3 3 3 3 3 3 3 3 3 3 3 3 3 3 3 3 3 3 3 3 3 3 3 3 3 3 3 3 3 3 3 3 3 4 4 4 4 4 4 4 4 4 4 4 4 4 4 4 4 4 4 4 4 4 4 4 4 4 4 4 4 4 4 4 4 4 4 4 4 4 4 4 4 4 4 4 4 4 4 4 4 4 4 4 4 4 4 4 4 4 4 4 4 4 4 4 4 4 4 4 4 4 4 4 4 4 4 4 4 4 4 4 4 4 4 4 4 4 4 4 4 4 4 4 4 4 4 4 4 4 4 4 4 5 5 5 5 5 5 5 5 5 5 5 5 5 5 5 5 5 5 5 5 5 5 5 5 5 5 5 5 5 5 5 5 5 5 5 5 5 5 5 5 5 5 5 5 5 5 5 5 5 5 5 5 5 5 5 5 5 5 5 5 5 5 5 5 5 5 5 5 5 5 5 5 5 5 5 5 5 5 5 5 5 5 5 5 5 5 5 5 5 5 5 5 5 5 5 5 5 5 5 5 6 6 6 6 6 6 6 6 6 6 6 6 6 6 6 6 6 6 6 6 6 6 6 6 6 6 6 6 6 6 6 6 6 6 6 6 6 6 6 6 6 6 6 6 6 6 6 6 6 6 6 6 6 6 6 6 6 6 6 6 6 6 6 6 6 6 6 6 6 6 6 6 6 6 6 6 6 6 6 6 6 6 6 6 6 6 6 6 6 6 6 6 6 6 6 6 6 6 6 6 7 7 7 7 7 7 7 7 7 7 7 7 7 7 7 7 7 7 7 7 7 7 7 7 7 7 7 7 7 7 7 7 7 7 7 7 7 7 7 7 7 7 7 7 7 7 7 7 7 7 7 7 7 7 7 7 7 7 7 7 7 7 7 7 7 7 7 7 7 7 7 7 7 7 7 7 7 7 7 7 7 7 7 7 7 7 7 7 7 7 7 7 7 7 7 7 7 7 7 7 8 8 8 8 8 8 8 8 8 8 8 8 8 8 8 8 8 8 8 8 8 8 8 8 8 8 8 8 8 8 8 8 8 8 8 8 8 8 8 8 8 8 8 8 8 8 8 8 8 8 8 8 8 8 8 8 8 8 8 8 8 8 8 8 8 8 8 8 8 8 8 8 8 8 8 8 8 8 8 8 8 8 8 8 8 8 8 8 8 8 8 8 8 8 8 8 8 8 8 8 9 9 9 9 9 9 9 9 9 9 9 9 9 9 9 9 9 9 9 9 9 9 9 9 9 9 9 9 9 9 9 9 9 9 9 9 9 9 9 9 9 9 9 9 9 9 9 9 9 9 9 9 9 9 9 9 9 9 9 9 9 9 9 9 9 9 9 9 9 9 9 9 9 9 9 9 9 9 9 9 9 9 9 9 9 9 9 9 9 9 9 9 9 9 9 9 9 9 9 9 10 10 10 10 10 10 10 10 10 10 10 10 10 10 10 10 10 10 10 10 10 10 10 10 10 10 10 10 10 10 10 10 10 10 10 10 10 10 10 10 10 10 10 10 10 10 10 10 10 10 10 10 10 10 10 10 10 10 10 10 10 10 10 10 10 10 10 10 10 10 10 10 10 10 10 10 10 10 10 10 10 10 10 10 10 10 10 10 10 10 10 10 10 10 10 10 10 10 10 10 11 11 11 11 11 11 11 11 11 11 11 11 11 11 11 11 11 11 11 11 11 11 11 11 11 11 11 11 11 11 11 11 11 11 11 11 11 11 11 11 11 11 11 11 11 11 11 11 11 11 11 11 11 11 11 11 11 11 11 11 11 11 11 11 11 11 11 11 11 11 11 11 11 11 11 11 11 11 11 11 11 11 11 11 11 11 11 11 11 11 11 11 11 11 11 11 11 11 11 11 12 12 12 12 12 12 12 12 12 12 12 12 12 12 12 12 12 12 12 12 12 12 12 12 12 12 12 12 12 12 12 12 12 12 12 12 12 12 12 12 12 12 12 12 12 12 12 12 12 12 12 12 12 12 12 12 12 12 12 12 12 12 12 12 12 12 12 12 12 12 12 12 12 12 12 12 12 12 12 12 12 12 12 12 12 12 12 12 12 12 12 12 12 12 12 12 12 12 12 12 13 13 13 13 13 13 13 13 13 13 13 13 13 13 13 13 13 13 13 13 13 13 13 13 13 13 13 13 13 13 13 13 13 13 13 13 13 13 13 13 13 13 13 13 13 13 13 13 13 13 13 13 13 13 13 13 13 13 13 13 13 13 13 13 13 13 13 13 13 13 13 13 13 13 13 13 13 13 13 13 13 13 13 13 13 13 13 13 13 13 13 13 13 13 13 13 13 13 13 13 14 14 14 14 14 14 14 14 14 14 14 14 14 14 14 14 14 14 14 14 14 14 14 14 14 14 14 14 14 14 14 14 14 14 14 14 14 14 14 14 14 14 14 14 14 14 14 14 14 14 14 14 14 14 14 14 14 14 14 14 14 14 14 14 14 14 14 14 14 14 14 14 14 14 14 14 14 14 14 14 14 14 14 14 14 14 14 14 14 14 14 14 14 14 14 14 14 14 14 14 15 15 15 15 15 15 15 15 15 15 15 15 15 15 15 15 15 15 15 15 15 15 15 15 15 15 15 15 15 15 15 15 15 15 15 15 15 15 15 15 15 15 15 15 15 15 15 15 15 15 15 15 15 15 15 15 15 15 15 15 15 15 15 15 15 15 15 15 15 15 15 15 15 15 15 15 15 15 15 15 15 15 15 15 15 15 15 15 15 15 15 15 15 15 15 15 15 15 15 15 16 16 16 16 16 16 16 16 16 16 16 16 16 16 16 16 16 16 16 16 16 16 16 16 16 16 16 16 16 16 16 16 16 16 16 16 16 16 16 16 16 16 16 16 16 16 16 16 16 16 16 16 16 16 16 16 16 16 16 16 16 16 16 16 16 16 16 16 16 16 16 16 16 16 16 16 16 16 16 16 16 16 16 16 16 16 16 16 16 16 16 16 16 16 16 16 16 16 16 16 17 17 17 17 17 17 17 17 17 17 17 17 17 17 17 17 17 17 17 17 17 17 17 17 17 17 17 17 17 17 17 17 17 17 17 17 17 17 17 17 17 17 17 17 17 17 17 17 17 17 17 17 17 17 17 17 17 17 17 17 17 17 17 17 17 17 17 17 17 17 17 17 17 17 17 17 17 17 17 17 17 17 17 17 17 17 17 17 17 17 17 17 17 17 17 17 17 17 17 17 18 18 18 18 18 18 18 18 18 18 18 18 18 18 18 18 18 18 18 18 18 18 18 18 18 18 18 18 18 18 18 18 18 18 18 18 18 18 18 18 18 18 18 18 18 18 18 18 18 18 18 18 18 18 18 18 18 18 18 18 18 18 18 18 18 18 18 18 18 18 18 18 18 18 18 18 18 18 18 18 18 18 18 18 18 18 18 18 18 18 18 18 18 18 18 18 18 18 18 18 19 19 19 19 19 19 19 19 19 19 19 19 19 19 19 19 19 19 19 19 19 19 19 19 19 19 19 19 19 19 19 19 19 19 19 19 19 19 19 19 19 19 19 19 19 19 19 19 19 19 19 19 19 19 19 19 19 19 19 19 19 19 19 19 19 19 19 19 19 19 19 19 19 19 19 19 19 19 19 19 19 19 19 19 19 19 19 19 19 19 19 19 19 19 19 19 19 19 19 19 20 20 20 20 20 20 20 20 20 20 20 20 20 20 20 20 20 20 20 20 20 20 20 20 20 20 20 20 20 20 20 20 20 20 20 20 20 20 20 20 20 20 20 20 20 20 20 20 20 20 20 20 20 20 20 20 20 20 20 20 20 20 20 20 20 20 20 20 20 20 20 20 20 20 20 20 20 20 20 20 20 20 20 20 20 20 20 20 20 20 20 20 20 20 20 20 20 20 20 20 21 21 21 21 21 21 21 21 21 21 21 21 21 21 21 21 21 21 21 21 21 21 21 21 21 21 21 21 21 21 21 21 21 21 21 21 21 21 21 21 21 21 21 21 21 21 21 21 21 21 21 21 21 21 21 21 21 21 21 21 21 21 21 21 21 21 21 21 21 21 21 21 21 21 21 21 21 21 21 21 21 21 21 21 21 21 21 21 21 21 21 21 21 21 21 21 21 21 21 21 22 22 22 22 22 22 22 22 22 22 22 22 22 22 22 22 22 22 22 22 22 22 22 22 22 22 22 22 22 22 22 22 22 22 22 22 22 22 22 22 22 22 22 22 22 22 22 22 22 22 22 22 22 22 22 22 22 22 22 22 22 22 22 22 22 22 22 22 22 22 22 22 22 22 22 22 22 22 22 22 22 22 22 22 22 22 22 22 22 22 22 22 22 22 22 22 22 22 22 22 23 23 23 23 23 23 23 23 23 23 23 23 23 23 23 23 23 23 23 23 23 23 23 23 23 23 23 23 23 23 23 23 23 23 23 23 23 23 23 23 23 23 23 23 23 23 23 23 23 23 23 23 23 23 23 23 23 23 23 23 23 23 23 23 23 23 23 23 23 23 23 23 23 23 23 23 23 23 23 23 23 23 23 23 23 23 23 23 23 23 23 23 23 23 23 23 23 23 23 23 24 24 24 24 24 24 24 24 24 24 24 24 24 24 24 24 24 24 24 24 24 24 24 24 24 24 24 24 24 24 24 24 24 24 24 24 24 24 24 24 24 24 24 24 24 24 24 24 24 24 24 24 24 24 24 24 24 24 24 24 24 24 24 24 24 24 24 24 24 24 24 24 24 24 24 24 24 24 24 24 24 24 24 24 24 24 24 24 24 24 24 24 24 24 24 24 24 24 24 24 25 25 25 25 25 25 25 25 25 25 25 25 25 25 25 25 25 25 25 25 25 25 25 25 25 25 25 25 25 25 25 25 25 25 25 25 25 25 25 25 25 25 25 25 25 25 25 25 25 25 25 25 25 25 25 25 25 25 25 25 25 25 25 25 25 25 25 25 25 25 25 25 25 25 25 25 25 25 25 25 25 25 25 25 25 25 25 25 25 25 25 25 25 25 25 25 25 25 25 25 26 26 26 26 26 26 26 26 26 26 26 26 26 26 26 26 26 26 26 26 26 26 26 26 26 26 26 26 26 26 26 26 26 26 26 26 26 26 26 26 26 26 26 26 26 26 26 26 26 26 26 26 26 26 26 26 26 26 26 26 26 26 26 26 26 26 26 26 26 26 26 26 26 26 26 26 26 26 26 26 26 26 26 26 26 26 26 26 26 26 26 26 26 26 26 26 26 26 26 26 27 27 27 27 27 27 27 27 27 27 27 27 27 27 27 27 27 27 27 27 27 27 27 27 27 27 27 27 27 27 27 27 27 27 27 27 27 27 27 27 27 27 27 27 27 27 27 27 27 27 27 27 27 27 27 27 27 27 27 27 27 27 27 27 27 27 27 27 27 27 27 27 27 27 27 27 27 27 27 27 27 27 27 27 27 27 27 27 27 27 27 27 27 27 27 27 27 27 27 27 28 28 28 28 28 28 28 28 28 28 28 28 28 28 28 28 28 28 28 28 28 28 28 28 28 28 28 28 28 28 28 28 28 28 28 28 28 28 28 28 28 28 28 28 28 28 28 28 28 28 28 28 28 28 28 28 28 28 28 28 28 28 28 28 28 28 28 28 28 28 28 28 28 28 28 28 28 28 28 28 28 28 28 28 28 28 28 28 28 28 28 28 28 28 28 28 28 28 28 28 29 29 29 29 29 29 29 29 29 29 29 29 29 29 29 29 29 29 29 29 29 29 29 29 29 29 29 29 29 29 29 29 29 29 29 29 29 29 29 29 29 29 29 29 29 29 29 29 29 29 29 29 29 29 29 29 29 29 29 29 29 29 29 29 29 29 29 29 29 29 29 29 29 29 29 29 29 29 29 29 29 29 29 29 29 29 29 29 29 29 29 29 29 29 29 29 29 29 29 29 30 30 30 30 30 30 30 30 30 30 30 30 30 30 30 30 30 30 30 30 30 30 30 30 30 30 30 30 30 30 30 30 30 30 30 30 30 30 30 30 30 30 30 30 30 30 30 30 30 30 30 30 30 30 30 30 30 30 30 30 30 30 30 30 30 30 30 30 30 30 30 30 30 30 30 30 30 30 30 30 30 30 30 30 30 30 30 30 30 30 30 30 30 30 30 30 30 30 30 30 31 31 31 31 31 31 31 31 31 31 31 31 31 31 31 31 31 31 31 31 31 31 31 31 31 31 31 31 31 31 31 31 31 31 31 31 31 31 31 31 31 31 31 31 31 31 31 31 31 31 31 31 31 31 31 31 31 31 31 31 31 31 31 31 31 31 31 31 31 31 31 31 31 31 31 31 31 31 31 31 31 31 31 31 31 31 31 31 31 31 31 31 31 31 31 31 31 31 31 31 32 32 32 32 32 32 32 32 32 32 32 32 32 32 32 32 32 32 32 32 32 32 32 32 32 32 32 32 32 32 32 32 32 32 32 32 32 32 32 32 32 32 32 32 32 32 32 32 32 32 32 32 32 32 32 32 32 32 32 32 32 32 32 32 32 32 32 32 32 32 32 32 32 32 32 32 32 32 32 32 32 32 32 32 32 32 32 32 32 32 32 32 32 32 32 32 32 32 32 32 33 33 33 33 33 33 33 33 33 33 33 33 33 33 33 33 33 33 33 33 33 33 33 33 33 33 33 33 33 33 33 33 33 33 33 33 33 33 33 33 33 33 33 33 33 33 33 33 33 33 33 33 33 33 33 33 33 33 33 33 33 33 33 33 33 33 33 33 33 33 33 33 33 33 33 33 33 33 33 33 33 33 33 33 33 33 33 33 33 33 33 33 33 33 33 33 33 33 33 33 34 34 34 34 34 34 34 34 34 34 34 34 34 34 34 34 34 34 34 34 34 34 34 34 34 34 34 34 34 34 34 34 34 34 34 34 34 34 34 34 34 34 34 34 34 34 34 34 34 34 34 34 34 34 34 34 34 34 34 34 34 34 34 34 34 34 34 34 34 34 34 34 34 34 34 34 34 34 34 34 34 34 34 34 34 34 34 34 34 34 34 34 34 34 34 34 34 34 34 34 35 35 35 35 35 35 35 35 35 35 35 35 35 35 35 35 35 35 35 35 35 35 35 35 35 35 35 35 35 35 35 35 35 35 35 35 35 35 35 35 35 35 35 35 35 35 35 35 35 35 35 35 35 35 35 35 35 35 35 35 35 35 35 35 35 35 35 35 35 35 35 35 35 35 35 35 35 35 35 35 35 35 35 35 35 35 35 35 35 35 35 35 35 35 35 35 35 35 35 35 36 36 36 36 36 36 36 36 36 36 36 36 36 36 36 36 36 36 36 36 36 36 36 36 36 36 36 36 36 36 36 36 36 36 36 36 36 36 36 36 36 36 36 36 36 36 36 36 36 36 36 36 36 36 36 36 36 36 36 36 36 36 36 36 36 36 36 36 36 36 36 36 36 36 36 36 36 36 36 36 36 36 36 36 36 36 36 36 36 36 36 36 36 36 36 36 36 36 36 36 37 37 37 37 37 37 37 37 37 37 37 37 37 37 37 37 37 37 37 37 37 37 37 37 37 37 37 37 37 37 37 37 37 37 37 37 37 37 37 37 37 37 37 37 37 37 37 37 37 37 37 37 37 37 37 37 37 37 37 37 37 37 37 37 37 37 37 37 37 37 37 37 37 37 37 37 37 37 37 37 37 37 37 37 37 37 37 37 37 37 37 37 37 37 37 37 37 37 37 37 38 38 38 38 38 38 38 38 38 38 38 38 38 38 38 38 38 38 38 38 38 38 38 38 38 38 38 38 38 38 38 38 38 38 38 38 38 38 38 38 38 38 38 38 38 38 38 38 38 38 38 38 38 38 38 38 38 38 38 38 38 38 38 38 38 38 38 38 38 38 38 38 38 38 38 38 38 38 38 38 38 38 38 38 38 38 38 38 38 38 38 38 38 38 38 38 38 38 38 38 39 39 39 39 39 39 39 39 39 39 39 39 39 39 39 39 39 39 39 39 39 39 39 39 39 39 39 39 39 39 39 39 39 39 39 39 39 39 39 39 39 39 39 39 39 39 39 39 39 39 39 39 39 39 39 39 39 39 39 39 39 39 39 39 39 39 39 39 39 39 39 39 39 39 39 39 39 39 39 39 39 39 39 39 39 39 39 39 39 39 39 39 39 39 39 39 39 39 39 39 40 40 40 40 40 40 40 40 40 40 40 40 40 40 40 40 40 40 40 40 40 40 40 40 40 40 40 40 40 40 40 40 40 40 40 40 40 40 40 40 40 40 40 40 40 40 40 40 40 40 40 40 40 40 40 40 40 40 40 40 40 40 40 40 40 40 40 40 40 40 40 40 40 40 40 40 40 40 40 40 40 40 40 40 40 40 40 40 40 40 40 40 40 40 40 40 40 40 40 40 41 41 41 41 41 41 41 41 41 41 41 41 41 41 41 41 41 41 41 41 41 41 41 41 41 41 41 41 41 41 41 41 41 41 41 41 41 41 41 41 41 41 41 41 41 41 41 41 41 41 41 41 41 41 41 41 41 41 41 41 41 41 41 41 41 41 41 41 41 41 41 41 41 41 41 41 41 41 41 41 41 41 41 41 41 41 41 41 41 41 41 41 41 41 41 41 41 41 41 41 42 42 42 42 42 42 42 42 42 42 42 42 42 42 42 42 42 42 42 42 42 42 42 42 42 42 42 42 42 42 42 42 42 42 42 42 42 42 42 42 42 42 42 42 42 42 42 42 42 42 42 42 42 42 42 42 42 42 42 42 42 42 42 42 42 42 42 42 42 42 42 42 42 42 42 42 42 42 42 42 42 42 42 42 42 42 42 42 42 42 42 42 42 42 42 42 42 42 42 42 43 43 43 43 43 43 43 43 43 43 43 43 43 43 43 43 43 43 43 43 43 43 43 43 43 43 43 43 43 43 43 43 43 43 43 43 43 43 43 43 43 43 43 43 43 43 43 43 43 43 43 43 43 43 43 43 43 43 43 43 43 43 43 43 43 43 43 43 43 43 43 43 43 43 43 43 43 43 43 43 43 43 43 43 43 43 43 43 43 43 43 43 43 43 43 43 43 43 43 43 44 44 44 44 44 44 44 44 44 44 44 44 44 44 44 44 44 44 44 44 44 44 44 44 44 44 44 44 44 44 44 44 44 44 44 44 44 44 44 44 44 44 44 44 44 44 44 44 44 44 44 44 44 44 44 44 44 44 44 44 44 44 44 44 44 44 44 44 44 44 44 44 44 44 44 44 44 44 44 44 44 44 44 44 44 44 44 44 44 44 44 44 44 44 44 44 44 44 44 44 45 45 45 45 45 45 45 45 45 45 45 45 45 45 45 45 45 45 45 45 45 45 45 45 45 45 45 45 45 45 45 45 45 45 45 45 45 45 45 45 45 45 45 45 45 45 45 45 45 45 45 45 45 45 45 45 45 45 45 45 45 45 45 45 45 45 45 45 45 45 45 45 45 45 45 45 45 45 45 45 45 45 45 45 45 45 45 45 45 45 45 45 45 45 45 45 45 45 45 45 46 46 46 46 46 46 46 46 46 46 46 46 46 46 46 46 46 46 46 46 46 46 46 46 46 46 46 46 46 46 46 46 46 46 46 46 46 46 46 46 46 46 46 46 46 46 46 46 46 46 46 46 46 46 46 46 46 46 46 46 46 46 46 46 46 46 46 46 46 46 46 46 46 46 46 46 46 46 46 46 46 46 46 46 46 46 46 46 46 46 46 46 46 46 46 46 46 46 46 46 47 47 47 47 47 47 47 47 47 47 47 47 47 47 47 47 47 47 47 47 47 47 47 47 47 47 47 47 47 47 47 47 47 47 47 47 47 47 47 47 47 47 47 47 47 47 47 47 47 47 47 47 47 47 47 47 47 47 47 47 47 47 47 47 47 47 47 47 47 47 47 47 47 47 47 47 47 47 47 47 47 47 47 47 47 47 47 47 47 47 47 47 47 47 47 47 47 47 47 47 48 48 48 48 48 48 48 48 48 48 48 48 48 48 48 48 48 48 48 48 48 48 48 48 48 48 48 48 48 48 48 48 48 48 48 48 48 48 48 48 48 48 48 48 48 48 48 48 48 48 48 48 48 48 48 48 48 48 48 48 48 48 48 48 48 48 48 48 48 48 48 48 48 48 48 48 48 48 48 48 48 48 48 48 48 48 48 48 48 48 48 48 48 48 48 48 48 48 48 48 49 49 49 49 49 49 49 49 49 49 49 49 49 49 49 49 49 49 49 49 49 49 49 49 49 49 49 49 49 49 49 49 49 49 49 49 49 49 49 49 49 49 49 49 49 49 49 49 49 49 49 49 49 49 49 49 49 49 49 49 49 49 49 49 49 49 49 49 49 49 49 49 49 49 49 49 49 49 49 49 49 49 49 49 49 49 49 49 49 49 49 49 49 49 49 49 49 49 49 49 50 50 50 50 50 50 50 50 50 50 50 50 50 50 50 50 50 50 50 50 50 50 50 50 50 50 50 50 50 50 50 50 50 50 50 50 50 50 50 50 50 50 50 50 50 50 50 50 50 50 50 50 50 50 50 50 50 50 50 50 50 50 50 50 50 50 50 50 50 50 50 50 50 50 50 50 50 50 50 50 50 50 50 50 50 50 50 50 50 50 50 50 50 50 50 50 50 50 50 50 51 51 51 51 51 51 51 51 51 51 51 51 51 51 51 51 51 51 51 51 51 51 51 51 51 51 51 51 51 51 51 51 51 51 51 51 51 51 51 51 51 51 51 51 51 51 51 51 51 51 51 51 51 51 51 51 51 51 51 51 51 51 51 51 51 51 51 51 51 51 51 51 51 51 51 51 51 51 51 51 51 51 51 51 51 51 51 51 51 51 51 51 51 51 51 51 51 51 51 51 52 52 52 52 52 52 52 52 52 52 52 52 52 52 52 52 52 52 52 52 52 52 52 52 52 52 52 52 52 52 52 52 52 52 52 52 52 52 52 52 52 52 52 52 52 52 52 52 52 52 52 52 52 52 52 52 52 52 52 52 52 52 52 52 52 52 52 52 52 52 52 52 52 52 52 52 52 52 52 52 52 52 52 52 52 52 52 52 52 52 52 52 52 52 52 52 52 52 52 52 53 53 53 53 53 53 53 53 53 53 53 53 53 53 53 53 53 53 53 53 53 53 53 53 53 53 53 53 53 53 53 53 53 53 53 53 53 53 53 53 53 53 53 53 53 53 53 53 53 53 53 53 53 53 53 53 53 53 53 53 53 53 53 53 53 53 53 53 53 53 53 53 53 53 53 53 53 53 53 53 53 53 53 53 53 53 53 53 53 53 53 53 53 53 53 53 53 53 53 53 54 54 54 54 54 54 54 54 54 54 54 54 54 54 54 54 54 54 54 54 54 54 54 54 54 54 54 54 54 54 54 54 54 54 54 54 54 54 54 54 54 54 54 54 54 54 54 54 54 54 54 54 54 54 54 54 54 54 54 54 54 54 54 54 54 54 54 54 54 54 54 54 54 54 54 54 54 54 54 54 54 54 54 54 54 54 54 54 54 54 54 54 54 54 54 54 54 54 54 54 55 55 55 55 55 55 55 55 55 55 55 55 55 55 55 55 55 55 55 55 55 55 55 55 55 55 55 55 55 55 55 55 55 55 55 55 55 55 55 55 55 55 55 55 55 55 55 55 55 55 55 55 55 55 55 55 55 55 55 55 55 55 55 55 55 55 55 55 55 55 55 55 55 55 55 55 55 55 55 55 55 55 55 55 55 55 55 55 55 55 55 55 55 55 55 55 55 55 55 55 56 56 56 56 56 56 56 56 56 56 56 56 56 56 56 56 56 56 56 56 56 56 56 56 56 56 56 56 56 56 56 56 56 56 56 56 56 56 56 56 56 56 56 56 56 56 56 56 56 56 56 56 56 56 56 56 56 56 56 56 56 56 56 56 56 56 56 56 56 56 56 56 56 56 56 56 56 56 56 56 56 56 56 56 56 56 56 56 56 56 56 56 56 56 56 56 56 56 56 56 57 57 57 57 57 57 57 57 57 57 57 57 57 57 57 57 57 57 57 57 57 57 57 57 57 57 57 57 57 57 57 57 57 57 57 57 57 57 57 57 57 57 57 57 57 57 57 57 57 57 57 57 57 57 57 57 57 57 57 57 57 57 57 57 57 57 57 57 57 57 57 57 57 57 57 57 57 57 57 57 57 57 57 57 57 57 57 57 57 57 57 57 57 57 57 57 57 57 57 57 58 58 58 58 58 58 58 58 58 58 58 58 58 58 58 58 58 58 58 58 58 58 58 58 58 58 58 58 58 58 58 58 58 58 58 58 58 58 58 58 58 58 58 58 58 58 58 58 58 58 58 58 58 58 58 58 58 58 58 58 58 58 58 58 58 58 58 58 58 58 58 58 58 58 58 58 58 58 58 58 58 58 58 58 58 58 58 58 58 58 58 58 58 58 58 58 58 58 58 58 59 59 59 59 59 59 59 59 59 59 59 59 59 59 59 59 59 59 59 59 59 59 59 59 59 59 59 59 59 59 59 59 59 59 59 59 59 59 59 59 59 59 59 59 59 59 59 59 59 59 59 59 59 59 59 59 59 59 59 59 59 59 59 59 59 59 59 59 59 59 59 59 59 59 59 59 59 59 59 59 59 59 59 59 59 59 59 59 59 59 59 59 59 59 59 59 59 59 59 59 60 60 60 60 60 60 60 60 60 60 60 60 60 60 60 60 60 60 60 60 60 60 60 60 60 60 60 60 60 60 60 60 60 60 60 60 60 60 60 60 60 60 60 60 60 60 60 60 60 60 60 60 60 60 60 60 60 60 60 60 60 60 60 60 60 60 60 60 60 60 60 60 60 60 60 60 60 60 60 60 60 60 60 60 60 60 60 60 60 60 60 60 60 60 60 60 60 60 60 60 61 61 61 61 61 61 61 61 61 61 61 61 61 61 61 61 61 61 61 61 61 61 61 61 61 61 61 61 61 61 61 61 61 61 61 61 61 61 61 61 61 61 61 61 61 61 61 61 61 61 61 61 61 61 61 61 61 61 61 61 61 61 61 61 61 61 61 61 61 61 61 61 61 61 61 61 61 61 61 61 61 61 61 61 61 61 61 61 61 61 61 61 61 61 61 61 61 61 61 61 62 62 62 62 62 62 62 62 62 62 62 62 62 62 62 62 62 62 62 62 62 62 62 62 62 62 62 62 62 62 62 62 62 62 62 62 62 62 62 62 62 62 62 62 62 62 62 62 62 62 62 62 62 62 62 62 62 62 62 62 62 62 62 62 62 62 62 62 62 62 62 62 62 62 62 62 62 62 62 62 62 62 62 62 62 62 62 62 62 62 62 62 62 62 62 62 62 62 62 62 63 63 63 63 63 63 63 63 63 63 63 63 63 63 63 63 63 63 63 63 63 63 63 63 63 63 63 63 63 63 63 63 63 63 63 63 63 63 63 63 63 63 63 63 63 63 63 63 63 63 63 63 63 63 63 63 63 63 63 63 63 63 63 63 63 63 63 63 63 63 63 63 63 63 63 63 63 63 63 63 63 63 63 63 63 63 63 63 63 63 63 63 63 63 63 63 63 63 63 63 64 64 64 64 64 64 64 64 64 64 64 64 64 64 64 64 64 64 64 64 64 64 64 64 64 64 64 64 64 64 64 64 64 64 64 64 64 64 64 64 64 64 64 64 64 64 64 64 64 64 64 64 64 64 64 64 64 64 64 64 64 64 64 64 64 64 64 64 64 64 64 64 64 64 64 64 64 64 64 64 64 64 64 64 64 64 64 64 64 64 64 64 64 64 64 64 64 64 64 64 65 65 65 65 65 65 65 65 65 65 65 65 65 65 65 65 65 65 65 65 65 65 65 65 65 65 65 65 65 65 65 65 65 65 65 65 65 65 65 65 65 65 65 65 65 65 65 65 65 65 65 65 65 65 65 65 65 65 65 65 65 65 65 65 65 65 65 65 65 65 65 65 65 65 65 65 65 65 65 65 65 65 65 65 65 65 65 65 65 65 65 65 65 65 65 65 65 65 65 65 66 66 66 66 66 66 66 66 66 66 66 66 66 66 66 66 66 66 66 66 66 66 66 66 66 66 66 66 66 66 66 66 66 66 66 66 66 66 66 66 66 66 66 66 66 66 66 66 66 66 66 66 66 66 66 66 66 66 66 66 66 66 66 66 66 66 66 66 66 66 66 66 66 66 66 66 66 66 66 66 66 66 66 66 66 66 66 66 66 66 66 66 66 66 66 66 66 66 66 66 67 67 67 67 67 67 67 67 67 67 67 67 67 67 67 67 67 67 67 67 67 67 67 67 67 67 67 67 67 67 67 67 67 67 67 67 67 67 67 67 67 67 67 67 67 67 67 67 67 67 67 67 67 67 67 67 67 67 67 67 67 67 67 67 67 67 67 67 67 67 67 67 67 67 67 67 67 67 67 67 67 67 67 67 67 67 67 67 67 67 67 67 67 67 67 67 67 67 67 67 68 68 68 68 68 68 68 68 68 68 68 68 68 68 68 68 68 68 68 68 68 68 68 68 68 68 68 68 68 68 68 68 68 68 68 68 68 68 68 68 68 68 68 68 68 68 68 68 68 68 68 68 68 68 68 68 68 68 68 68 68 68 68 68 68 68 68 68 68 68 68 68 68 68 68 68 68 68 68 68 68 68 68 68 68 68 68 68 68 68 68 68 68 68 68 68 68 68 68 68 69 69 69 69 69 69 69 69 69 69 69 69 69 69 69 69 69 69 69 69 69 69 69 69 69 69 69 69 69 69 69 69 69 69 69 69 69 69 69 69 69 69 69 69 69 69 69 69 69 69 69 69 69 69 69 69 69 69 69 69 69 69 69 69 69 69 69 69 69 69 69 69 69 69 69 69 69 69 69 69 69 69 69 69 69 69 69 69 69 69 69 69 69 69 69 69 69 69 69 69 70 70 70 70 70 70 70 70 70 70 70 70 70 70 70 70 70 70 70 70 70 70 70 70 70 70 70 70 70 70 70 70 70 70 70 70 70 70 70 70 70 70 70 70 70 70 70 70 70 70 70 70 70 70 70 70 70 70 70 70 70 70 70 70 70 70 70 70 70 70 70 70 70 70 70 70 70 70 70 70 70 70 70 70 70 70 70 70 70 70 70 70 70 70 70 70 70 70 70 70 71 71 71 71 71 71 71 71 71 71 71 71 71 71 71 71 71 71 71 71 71 71 71 71 71 71 71 71 71 71 71 71 71 71 71 71 71 71 71 71 71 71 71 71 71 71 71 71 71 71 71 71 71 71 71 71 71 71 71 71 71 71 71 71 71 71 71 71 71 71 71 71 71 71 71 71 71 71 71 71 71 71 71 71 71 71 71 71 71 71 71 71 71 71 71 71 71 71 71 71 72 72 72 72 72 72 72 72 72 72 72 72 72 72 72 72 72 72 72 72 72 72 72 72 72 72 72 72 72 72 72 72 72 72 72 72 72 72 72 72 72 72 72 72 72 72 72 72 72 72 72 72 72 72 72 72 72 72 72 72 72 72 72 72 72 72 72 72 72 72 72 72 72 72 72 72 72 72 72 72 72 72 72 72 72 72 72 72 72 72 72 72 72 72 72 72 72 72 72 72 73 73 73 73 73 73 73 73 73 73 73 73 73 73 73 73 73 73 73 73 73 73 73 73 73 73 73 73 73 73 73 73 73 73 73 73 73 73 73 73 73 73 73 73 73 73 73 73 73 73 73 73 73 73 73 73 73 73 73 73 73 73 73 73 73 73 73 73 73 73 73 73 73 73 73 73 73 73 73 73 73 73 73 73 73 73 73 73 73 73 73 73 73 73 73 73 73 73 73 73 74 74 74 74 74 74 74 74 74 74 74 74 74 74 74 74 74 74 74 74 74 74 74 74 74 74 74 74 74 74 74 74 74 74 74 74 74 74 74 74 74 74 74 74 74 74 74 74 74 74 74 74 74 74 74 74 74 74 74 74 74 74 74 74 74 74 74 74 74 74 74 74 74 74 74 74 74 74 74 74 74 74 74 74 74 74 74 74 74 74 74 74 74 74 74 74 74 74 74 74 75 75 75 75 75 75 75 75 75 75 75 75 75 75 75 75 75 75 75 75 75 75 75 75 75 75 75 75 75 75 75 75 75 75 75 75 75 75 75 75 75 75 75 75 75 75 75 75 75 75 75 75 75 75 75 75 75 75 75 75 75 75 75 75 75 75 75 75 75 75 75 75 75 75 75 75 75 75 75 75 75 75 75 75 75 75 75 75 75 75 75 75 75 75 75 75 75 75 75 75 76 76 76 76 76 76 76 76 76 76 76 76 76 76 76 76 76 76 76 76 76 76 76 76 76 76 76 76 76 76 76 76 76 76 76 76 76 76 76 76 76 76 76 76 76 76 76 76 76 76 76 76 76 76 76 76 76 76 76 76 76 76 76 76 76 76 76 76 76 76 76 76 76 76 76 76 76 76 76 76 76 76 76 76 76 76 76 76 76 76 76 76 76 76 76 76 76 76 76 76 77 77 77 77 77 77 77 77 77 77 77 77 77 77 77 77 77 77 77 77 77 77 77 77 77 77 77 77 77 77 77 77 77 77 77 77 77 77 77 77 77 77 77 77 77 77 77 77 77 77 77 77 77 77 77 77 77 77 77 77 77 77 77 77 77 77 77 77 77 77 77 77 77 77 77 77 77 77 77 77 77 77 77 77 77 77 77 77 77 77 77 77 77 77 77 77 77 77 77 77 78 78 78 78 78 78 78 78 78 78 78 78 78 78 78 78 78 78 78 78 78 78 78 78 78 78 78 78 78 78 78 78 78 78 78 78 78 78 78 78 78 78 78 78 78 78 78 78 78 78 78 78 78 78 78 78 78 78 78 78 78 78 78 78 78 78 78 78 78 78 78 78 78 78 78 78 78 78 78 78 78 78 78 78 78 78 78 78 78 78 78 78 78 78 78 78 78 78 78 78 79 79 79 79 79 79 79 79 79 79 79 79 79 79 79 79 79 79 79 79 79 79 79 79 79 79 79 79 79 79 79 79 79 79 79 79 79 79 79 79 79 79 79 79 79 79 79 79 79 79 79 79 79 79 79 79 79 79 79 79 79 79 79 79 79 79 79 79 79 79 79 79 79 79 79 79 79 79 79 79 79 79 79 79 79 79 79 79 79 79 79 79 79 79 79 79 79 79 79 79 80 80 80 80 80 80 80 80 80 80 80 80 80 80 80 80 80 80 80 80 80 80 80 80 80 80 80 80 80 80 80 80 80 80 80 80 80 80 80 80 80 80 80 80 80 80 80 80 80 80 80 80 80 80 80 80 80 80 80 80 80 80 80 80 80 80 80 80 80 80 80 80 80 80 80 80 80 80 80 80 80 80 80 80 80 80 80 80 80 80 80 80 80 80 80 80 80 80 80 80 81 81 81 81 81 81 81 81 81 81 81 81 81 81 81 81 81 81 81 81 81 81 81 81 81 81 81 81 81 81 81 81 81 81 81 81 81 81 81 81 81 81 81 81 81 81 81 81 81 81 81 81 81 81 81 81 81 81 81 81 81 81 81 81 81 81 81 81 81 81 81 81 81 81 81 81 81 81 81 81 81 81 81 81 81 81 81 81 81 81 81 81 81 81 81 81 81 81 81 81 82 82 82 82 82 82 82 82 82 82 82 82 82 82 82 82 82 82 82 82 82 82 82 82 82 82 82 82 82 82 82 82 82 82 82 82 82 82 82 82 82 82 82 82 82 82 82 82 82 82 82 82 82 82 82 82 82 82 82 82 82 82 82 82 82 82 82 82 82 82 82 82 82 82 82 82 82 82 82 82 82 82 82 82 82 82 82 82 82 82 82 82 82 82 82 82 82 82 82 82 83 83 83 83 83 83 83 83 83 83 83 83 83 83 83 83 83 83 83 83 83 83 83 83 83 83 83 83 83 83 83 83 83 83 83 83 83 83 83 83 83 83 83 83 83 83 83 83 83 83 83 83 83 83 83 83 83 83 83 83 83 83 83 83 83 83 83 83 83 83 83 83 83 83 83 83 83 83 83 83 83 83 83 83 83 83 83 83 83 83 83 83 83 83 83 83 83 83 83 83 84 84 84 84 84 84 84 84 84 84 84 84 84 84 84 84 84 84 84 84 84 84 84 84 84 84 84 84 84 84 84 84 84 84 84 84 84 84 84 84 84 84 84 84 84 84 84 84 84 84 84 84 84 84 84 84 84 84 84 84 84 84 84 84 84 84 84 84 84 84 84 84 84 84 84 84 84 84 84 84 84 84 84 84 84 84 84 84 84 84 84 84 84 84 84 84 84 84 84 84 85 85 85 85 85 85 85 85 85 85 85 85 85 85 85 85 85 85 85 85 85 85 85 85 85 85 85 85 85 85 85 85 85 85 85 85 85 85 85 85 85 85 85 85 85 85 85 85 85 85 85 85 85 85 85 85 85 85 85 85 85 85 85 85 85 85 85 85 85 85 85 85 85 85 85 85 85 85 85 85 85 85 85 85 85 85 85 85 85 85 85 85 85 85 85 85 85 85 85 85 86 86 86 86 86 86 86 86 86 86 86 86 86 86 86 86 86 86 86 86 86 86 86 86 86 86 86 86 86 86 86 86 86 86 86 86 86 86 86 86 86 86 86 86 86 86 86 86 86 86 86 86 86 86 86 86 86 86 86 86 86 86 86 86 86 86 86 86 86 86 86 86 86 86 86 86 86 86 86 86 86 86 86 86 86 86 86 86 86 86 86 86 86 86 86 86 86 86 86 86 87 87 87 87 87 87 87 87 87 87 87 87 87 87 87 87 87 87 87 87 87 87 87 87 87 87 87 87 87 87 87 87 87 87 87 87 87 87 87 87 87 87 87 87 87 87 87 87 87 87 87 87 87 87 87 87 87 87 87 87 87 87 87 87 87 87 87 87 87 87 87 87 87 87 87 87 87 87 87 87 87 87 87 87 87 87 87 87 87 87 87 87 87 87 87 87 87 87 87 87 88 88 88 88 88 88 88 88 88 88 88 88 88 88 88 88 88 88 88 88 88 88 88 88 88 88 88 88 88 88 88 88 88 88 88 88 88 88 88 88 88 88 88 88 88 88 88 88 88 88 88 88 88 88 88 88 88 88 88 88 88 88 88 88 88 88 88 88 88 88 88 88 88 88 88 88 88 88 88 88 88 88 88 88 88 88 88 88 88 88 88 88 88 88 88 88 88 88 88 88 89 89 89 89 89 89 89 89 89 89 89 89 89 89 89 89 89 89 89 89 89 89 89 89 89 89 89 89 89 89 89 89 89 89 89 89 89 89 89 89 89 89 89 89 89 89 89 89 89 89 89 89 89 89 89 89 89 89 89 89 89 89 89 89 89 89 89 89 89 89 89 89 89 89 89 89 89 89 89 89 89 89 89 89 89 89 89 89 89 89 89 89 89 89 89 89 89 89 89 89 90 90 90 90 90 90 90 90 90 90 90 90 90 90 90 90 90 90 90 90 90 90 90 90 90 90 90 90 90 90 90 90 90 90 90 90 90 90 90 90 90 90 90 90 90 90 90 90 90 90 90 90 90 90 90 90 90 90 90 90 90 90 90 90 90 90 90 90 90 90 90 90 90 90 90 90 90 90 90 90 90 90 90 90 90 90 90 90 90 90 90 90 90 90 90 90 90 90 90 90 91 91 91 91 91 91 91 91 91 91 91 91 91 91 91 91 91 91 91 91 91 91 91 91 91 91 91 91 91 91 91 91 91 91 91 91 91 91 91 91 91 91 91 91 91 91 91 91 91 91 91 91 91 91 91 91 91 91 91 91 91 91 91 91 91 91 91 91 91 91 91 91 91 91 91 91 91 91 91 91 91 91 91 91 91 91 91 91 91 91 91 91 91 91 91 91 91 91 91 91 92 92 92 92 92 92 92 92 92 92 92 92 92 92 92 92 92 92 92 92 92 92 92 92 92 92 92 92 92 92 92 92 92 92 92 92 92 92 92 92 92 92 92 92 92 92 92 92 92 92 92 92 92 92 92 92 92 92 92 92 92 92 92 92 92 92 92 92 92 92 92 92 92 92 92 92 92 92 92 92 92 92 92 92 92 92 92 92 92 92 92 92 92 92 92 92 92 92 92 92 93 93 93 93 93 93 93 93 93 93 93 93 93 93 93 93 93 93 93 93 93 93 93 93 93 93 93 93 93 93 93 93 93 93 93 93 93 93 93 93 93 93 93 93 93 93 93 93 93 93 93 93 93 93 93 93 93 93 93 93 93 93 93 93 93 93 93 93 93 93 93 93 93 93 93 93 93 93 93 93 93 93 93 93 93 93 93 93 93 93 93 93 93 93 93 93 93 93 93 93 94 94 94 94 94 94 94 94 94 94 94 94 94 94 94 94 94 94 94 94 94 94 94 94 94 94 94 94 94 94 94 94 94 94 94 94 94 94 94 94 94 94 94 94 94 94 94 94 94 94 94 94 94 94 94 94 94 94 94 94 94 94 94 94 94 94 94 94 94 94 94 94 94 94 94 94 94 94 94 94 94 94 94 94 94 94 94 94 94 94 94 94 94 94 94 94 94 94 94 94 95 95 95 95 95 95 95 95 95 95 95 95 95 95 95 95 95 95 95 95 95 95 95 95 95 95 95 95 95 95 95 95 95 95 95 95 95 95 95 95 95 95 95 95 95 95 95 95 95 95 95 95 95 95 95 95 95 95 95 95 95 95 95 95 95 95 95 95 95 95 95 95 95 95 95 95 95 95 95 95 95 95 95 95 95 95 95 95 95 95 95 95 95 95 95 95 95 95 95 95 96 96 96 96 96 96 96 96 96 96 96 96 96 96 96 96 96 96 96 96 96 96 96 96 96 96 96 96 96 96 96 96 96 96 96 96 96 96 96 96 96 96 96 96 96 96 96 96 96 96 96 96 96 96 96 96 96 96 96 96 96 96 96 96 96 96 96 96 96 96 96 96 96 96 96 96 96 96 96 96 96 96 96 96 96 96 96 96 96 96 96 96 96 96 96 96 96 96 96 96 97 97 97 97 97 97 97 97 97 97 97 97 97 97 97 97 97 97 97 97 97 97 97 97 97 97 97 97 97 97 97 97 97 97 97 97 97 97 97 97 97 97 97 97 97 97 97 97 97 97 97 97 97 97 97 97 97 97 97 97 97 97 97 97 97 97 97 97 97 97 97 97 97 97 97 97 97 97 97 97 97 97 97 97 97 97 97 97 97 97 97 97 97 97 97 97 97 97 97 97 98 98 98 98 98 98 98 98 98 98 98 98 98 98 98 98 98 98 98 98 98 98 98 98 98 98 98 98 98 98 98 98 98 98 98 98 98 98 98 98 98 98 98 98 98 98 98 98 98 98 98 98 98 98 98 98 98 98 98 98 98 98 98 98 98 98 98 98 98 98 98 98 98 98 98 98 98 98 98 98 98 98 98 98 98 98 98 98 98 98 98 98 98 98 98 98 98 98 98 98 99 99 99 99 99 99 99 99 99 99 99 99 99 99 99 99 99 99 99 99 99 99 99 99 99 99 99 99 99 99 99 99 99 99 99 99 99 99 99 99 99 99 99 99 99 99 99 99 99 99 99 99 99 99 99 99 99 99 99 99 99 99 99 99 99 99 99 99 99 99 99 99 99 99 99 99 99 99 99 99 99 99 99 99 99 99 99 99 99 99 99 99 99 99 99 99 99 99 99 99 
</Matrix>
   <Matrix name="neuronTypes" type="complete" rows="1" columns="10000" multiplier="1.0">
   2 2 1 2 2 2 2 2 2 2 2 2 1 2 2 2 2 2 2 2 2 2 1 2 2 2 2 2 2 2 2 2 1 2 2 2 2 2 2 2 2 2 1 2 2 2 2 2 2 2 2 2 1 2 2 2 2 2 2 2 2 2 1 2 2 2 2 2 2 2 2 2 1 2 2 2 2 2 2 2 2 2 1 2 2 2 2 2 2 2 2 2 1 2 2 2 2 2 2 2 2 2 2 2 2 2 2 2 2 2 2 2 2 2 2 2 2 2 2 2 2 2 2 2 2 2 2 2 2 2 2 2 2 2 2 2 2 2 2 2 2 2 2 2 2 2 2 2 2 2 2 2 2 2 2 2 2 2 2 2 2 2 2 2 2 2 2 2 2 2 2 2 2 2 2 2 2 2 2 2 2 2 2 2 2 2 2 2 2 2 2 2 2 2 2 2 2 2 2 2 2 2 2 2 2 1 2 2 1 2 2 2 2 2 2 1 2 2 1 2 2 2 2 2 2 1 2 2 1 2 2 2 2 2 2 1 2 2 1 2 2 2 2 2 2 1 2 2 1 2 2 2 2 2 2 1 2 2 1 2 2 2 2 2 2 1 2 2 1 2 2 2 2 2 2 1 2 2 1 2 2 2 2 2 2 1 2 2 1 2 2 2 2 2 2 1 2 2 1 2 2 2 1 2 2 2 2 2 2 2 2 2 1 2 2 2 2 2 2 2 2 2 1 2 2 2 2 2 2 2 2 2 1 2 2 2 2 2 2 2 2 2 1 2 2 2 2 2 2 2 2 2 1 2 2 2 2 2 2 2 2 2 1 2 2 2 2 2 2 2 2 2 1 2 2 2 2 2 2 2 2 2 1 2 2 2 2 2 2 2 2 2 1 2 2 2 2 2 2 2 2 2 2 2 2 2 2 2 2 2 2 2 2 2 2 2 2 2 2 2 2 2 2 2 2 2 2 2 2 2 2 2 2 2 2 2 2 2 2 2 2 2 2 2 2 2 2 2 2 2 2 2 2 2 2 2 2 2 2 2 2 2 2 2 2 2 2 2 2 2 2 2 2 2 2 2 2 2 2 2 2 2 2 2 2 2 2 2 2 2 2 2 2 2 2 2 2 2 2 2 2 2 2 2 2 1 2 2 1 2 2 2 2 2 2 1 2 2 1 2 2 2 2 2 2 1 2 2 1 2 2 2 2 2 2 1 2 2 1 2 2 2 2 2 2 1 2 2 1 2 2 2 2 2 2 1 2 2 1 2 2 2 2 2 2 1 2 2 1 2 2 2 2 2 2 1 2 2 1 2 2 2 2 2 2 1 2 2 1 2 2 2 2 2 2 1 2 2 1 2 2 2 1 2 2 2 2 2 2 2 2 2 1 2 2 2 2 2 2 2 2 2 1 2 2 2 2 2 2 2 2 2 1 2 2 2 2 2 2 2 2 2 1 2 2 2 2 2 2 2 2 2 1 2 2 2 2 2 2 2 2 2 1 2 2 2 2 2 2 2 2 2 1 2 2 2 2 2 2 2 2 2 1 2 2 2 2 2 2 2 2 2 1 2 2 2 2 2 2 2 2 2 2 2 2 2 2 2 2 2 2 2 2 2 2 2 2 2 2 2 2 2 2 2 2 2 2 2 2 2 2 2 2 2 2 2 2 2 2 2 2 2 2 2 2 2 2 2 2 2 2 2 2 2 2 2 2 2 2 2 2 2 2 2 2 2 2 2 2 2 2 2 2 2 2 2 2 2 2 2 2 2 2 2 2 2 2 2 2 2 2 2 2 2 2 2 2 2 2 2 2 2 2 2 2 1 2 2 1 2 2 2 2 2 2 1 2 2 1 2 2 2 2 2 2 1 2 2 1 2 2 2 2 2 2 1 2 2 1 2 2 2 2 2 2 1 2 2 1 2 2 2 2 2 2 1 2 2 1 2 2 2 2 2 2 1 2 2 1 2 2 2 2 2 2 1 2 2 1 2 2 2 2 2 2 1 2 2 1 2 2 2 2 2 2 1 2 2 1 2 2 2 1 2 2 2 2 2 2 2 2 2 1 2 2 2 2 2 2 2 2 2 1 2 2 2 2 2 2 2 2 2 1 2 2 2 2 2 2 2 2 2 1 2 2 2 2 2 2 2 2 2 1 2 2 2 2 2 2 2 2 2 1 2 2 2 2 2 2 2 2 2 1 2 2 2 2 2 2 2 2 2 1 2 2 2 2 2 2 2 2 2 1 2 2 2 2 2 2 2 2 2 2 2 2 2 2 2 1 2 2 2 2 2 2 2 2 2 1 2 2 2 2 2 2 2 2 2 1 2 2 2 2 2 2 2 2 2 1 2 2 2 2 2 2 2 2 2 1 2 2 2 2 2 2 2 2 2 1 2 2 2 2 2 2 2 2 2 1 2 2 2 2 2 2 2 2 2 1 2 2 2 2 2 2 2 2 2 1 2 2 2 2 2 2 2 2 2 1 2 2 2 2 2 2 2 2 2 2 2 2 2 2 2 2 2 2 2 2 2 2 2 2 2 2 2 2 2 2 2 2 2 2 2 2 2 2 2 2 2 2 2 2 2 2 2 2 2 2 2 2 2 2 2 2 2 2 2 2 2 2 2 2 2 2 2 2 2 2 2 2 2 2 2 2 2 2 2 2 2 2 2 2 2 2 2 2 2 2 2 2 2 2 2 2 2 2 2 2 2 2 2 1 2 2 1 2 2 2 2 2 2 1 2 2 1 2 2 2 2 2 2 1 2 2 1 2 2 2 2 2 2 1 2 2 1 2 2 2 2 2 2 1 2 2 1 2 2 2 2 2 2 1 2 2 1 2 2 2 2 2 2 1 2 2 1 2 2 2 2 2 2 1 2 2 1 2 2 2 2 2 2 1 2 2 1 2 2 2 2 2 2 1 2 2 1 2 2 2 2 2 2 2 2 2 2 2 2 1 2 2 2 2 2 2 2 2 2 1 2 2 2 2 2 2 2 2 2 1 2 2 2 2 2 2 2 2 2 1 2 2 2 2 2 2 2 2 2 1 2 2 2 2 2 2 2 2 2 1 2 2 2 2 2 2 2 2 2 1 2 2 2 2 2 2 2 2 2 1 2 2 2 2 2 2 2 2 2 1 2 2 2 2 2 2 2 2 2 1 2 2 2 2 2 2 2 2 2 2 2 2 2 2 2 2 2 2 2 2 2 2 2 2 2 2 2 2 2 2 2 2 2 2 2 2 2 2 2 2 2 2 2 2 2 2 2 2 2 2 2 2 2 2 2 2 2 2 2 2 2 2 2 2 2 2 2 2 2 2 2 2 2 2 2 2 2 2 2 2 2 2 2 2 2 2 2 2 2 2 2 2 2 2 2 2 2 2 2 2 2 2 2 1 2 2 1 2 2 2 2 2 2 1 2 2 1 2 2 2 2 2 2 1 2 2 1 2 2 2 2 2 2 1 2 2 1 2 2 2 2 2 2 1 2 2 1 2 2 2 2 2 2 1 2 2 1 2 2 2 2 2 2 1 2 2 1 2 2 2 2 2 2 1 2 2 1 2 2 2 2 2 2 1 2 2 1 2 2 2 2 2 2 1 2 2 1 2 2 2 2 2 2 2 2 2 2 2 2 1 2 2 2 2 2 2 2 2 2 1 2 2 2 2 2 2 2 2 2 1 2 2 2 2 2 2 2 2 2 1 2 2 2 2 2 2 2 2 2 1 2 2 2 2 2 2 2 2 2 1 2 2 2 2 2 2 2 2 2 1 2 2 2 2 2 2 2 2 2 1 2 2 2 2 2 2 2 2 2 1 2 2 2 2 2 2 2 2 2 1 2 2 2 2 2 2 2 2 2 2 2 2 2 2 2 2 2 2 2 2 2 2 2 2 2 2 2 2 2 2 2 2 2 2 2 2 2 2 2 2 2 2 2 2 2 2 2 2 2 2 2 2 2 2 2 2 2 2 2 2 2 2 2 2 2 2 2 2 2 2 2 2 2 2 2 2 2 2 2 2 2 2 2 2 2 2 2 2 2 2 2 2 2 2 2 2 2 2 2 2 2 2 2 1 2 2 1 2 2 2 2 2 2 1 2 2 1 2 2 2 2 2 2 1 2 2 1 2 2 2 2 2 2 1 2 2 1 2 2 2 2 2 2 1 2 2 1 2 2 2 2 2 2 1 2 2 1 2 2 2 2 2 2 1 2 2 1 2 2 2 2 2 2 1 2 2 1 2 2 2 2 2 2 1 2 2 1 2 2 2 2 2 2 1 2 2 1 2 2 2 2 2 2 2 2 2 2 2 2 1 2 2 2 2 2 2 2 2 2 1 2 2 2 2 2 2 2 2 2 1 2 2 2 2 2 2 2 2 2 1 2 2 2 2 2 2 2 2 2 1 2 2 2 2 2 2 2 2 2 1 2 2 2 2 2 2 2 2 2 1 2 2 2 2 2 2 2 2 2 1 2 2 2 2 2 2 2 2 2 1 2 2 2 2 2 2 2 2 2 1 2 2 2 1 2 2 2 2 2 2 2 2 2 1 2 2 2 2 2 2 2 2 2 1 2 2 2 2 2 2 2 2 2 1 2 2 2 2 2 2 2 2 2 1 2 2 2 2 2 2 2 2 2 1 2 2 2 2 2 2 2 2 2 1 2 2 2 2 2 2 2 2 2 1 2 2 2 2 2 2 2 2 2 1 2 2 2 2 2 2 2 2 2 1 2 2 2 2 2 2 2 2 2 2 2 2 2 2 2 2 2 2 2 2 2 2 2 2 2 2 2 2 2 2 2 2 2 2 2 2 2 2 2 2 2 2 2 2 2 2 2 2 2 2 2 2 2 2 2 2 2 2 2 2 2 2 2 2 2 2 2 2 2 2 2 2 2 2 2 2 2 2 2 2 2 2 2 2 2 2 2 2 2 2 2 2 2 2 2 2 2 2 2 2 2 2 2 2 2 2 2 2 2 2 2 2 1 2 2 1 2 2 2 2 2 2 1 2 2 1 2 2 2 2 2 2 1 2 2 1 2 2 2 2 2 2 1 2 2 1 2 2 2 2 2 2 1 2 2 1 2 2 2 2 2 2 1 2 2 1 2 2 2 2 2 2 1 2 2 1 2 2 2 2 2 2 1 2 2 1 2 2 2 2 2 2 1 2 2 1 2 2 2 2 2 2 1 2 2 1 2 2 2 1 2 2 2 2 2 2 2 2 2 1 2 2 2 2 2 2 2 2 2 1 2 2 2 2 2 2 2 2 2 1 2 2 2 2 2 2 2 2 2 1 2 2 2 2 2 2 2 2 2 1 2 2 2 2 2 2 2 2 2 1 2 2 2 2 2 2 2 2 2 1 2 2 2 2 2 2 2 2 2 1 2 2 2 2 2 2 2 2 2 1 2 2 2 2 2 2 2 2 2 2 2 2 2 2 2 2 2 2 2 2 2 2 2 2 2 2 2 2 2 2 2 2 2 2 2 2 2 2 2 2 2 2 2 2 2 2 2 2 2 2 2 2 2 2 2 2 2 2 2 2 2 2 2 2 2 2 2 2 2 2 2 2 2 2 2 2 2 2 2 2 2 2 2 2 2 2 2 2 2 2 2 2 2 2 2 2 2 2 2 2 2 2 2 2 2 2 2 2 2 2 2 2 1 2 2 1 2 2 2 2 2 2 1 2 2 1 2 2 2 2 2 2 1 2 2 1 2 2 2 2 2 2 1 2 2 1 2 2 2 2 2 2 1 2 2 1 2 2 2 2 2 2 1 2 2 1 2 2 2 2 2 2 1 2 2 1 2 2 2 2 2 2 1 2 2 1 2 2 2 2 2 2 1 2 2 1 2 2 2 2 2 2 1 2 2 1 2 2 2 1 2 2 2 2 2 2 2 2 2 1 2 2 2 2 2 2 2 2 2 1 2 2 2 2 2 2 2 2 2 1 2 2 2 2 2 2 2 2 2 1 2 2 2 2 2 2 2 2 2 1 2 2 2 2 2 2 2 2 2 1 2 2 2 2 2 2 2 2 2 1 2 2 2 2 2 2 2 2 2 1 2 2 2 2 2 2 2 2 2 1 2 2 2 2 2 2 2 2 2 2 2 2 2 2 2 2 2 2 2 2 2 2 2 2 2 2 2 2 2 2 2 2 2 2 2 2 2 2 2 2 2 2 2 2 2 2 2 2 2 2 2 2 2 2 2 2 2 2 2 2 2 2 2 2 2 2 2 2 2 2 2 2 2 2 2 2 2 2 2 2 2 2 2 2 2 2 2 2 2 2 2 2 2 2 2 2 2 2 2 2 2 2 2 2 2 2 2 2 2 2 2 2 1 2 2 1 2 2 2 2 2 2 1 2 2 1 2 2 2 2 2 2 1 2 2 1 2 2 2 2 2 2 1 2 2 1 2 2 2 2 2 2 1 2 2 1 2 2 2 2 2 2 1 2 2 1 2 2 2 2 2 2 1 2 2 1 2 2 2 2 2 2 1 2 2 1 2 2 2 2 2 2 1 2 2 1 2 2 2 2 2 2 1 2 2 1 2 2 2 1 2 2 2 2 2 2 2 2 2 1 2 2 2 2 2 2 2 2 2 1 2 2 2 2 2 2 2 2 2 1 2 2 2 2 2 2 2 2 2 1 2 2 2 2 2 2 2 2 2 1 2 2 2 2 2 2 2 2 2 1 2 2 2 2 2 2 2 2 2 1 2 2 2 2 2 2 2 2 2 1 2 2 2 2 2 2 2 2 2 1 2 2 2 2 2 2 2 2 2 2 2 2 2 2 2 1 2 2 2 2 2 2 2 2 2 1 2 2 2 2 2 2 2 2 2 1 2 2 2 2 2 2 2 2 2 1 2 2 2 2 2 2 2 2 2 1 2 2 2 2 2 2 2 2 2 1 2 2 2 2 2 2 2 2 2 1 2 2 2 2 2 2 2 2 2 1 2 2 2 2 2 2 2 2 2 1 2 2 2 2 2 2 2 2 2 1 2 2 2 2 2 2 2 2 2 2 2 2 2 2 2 2 2 2 2 2 2 2 2 2 2 2 2 2 2 2 2 2 2 2 2 2 2 2 2 2 2 2 2 2 2 2 2 2 2 2 2 2 2 2 2 2 2 2 2 2 2 2 2 2 2 2 2 2 2 2 2 2 2 2 2 2 2 2 2 2 2 2 2 2 2 2 2 2 2 2 2 2 2 2 2 2 2 2 2 2 2 2 2 1 2 2 1 2 2 2 2 2 2 1 2 2 1 2 2 2 2 2 2 1 2 2 1 2 2 2 2 2 2 1 2 2 1 2 2 2 2 2 2 1 2 2 1 2 2 2 2 2 2 1 2 2 1 2 2 2 2 2 2 1 2 2 1 2 2 2 2 2 2 1 2 2 1 2 2 2 2 2 2 1 2 2 1 2 2 2 2 2 2 1 2 2 1 2 2 2 2 2 2 2 2 2 2 2 2 1 2 2 2 2 2 2 2 2 2 1 2 2 2 2 2 2 2 2 2 1 2 2 2 2 2 2 2 2 2 1 2 2 2 2 2 2 2 2 2 1 2 2 2 2 2 2 2 2 2 1 2 2 2 2 2 2 2 2 2 1 2 2 2 2 2 2 2 2 2 1 2 2 2 2 2 2 2 2 2 1 2 2 2 2 2 2 2 2 2 1 2 2 2 2 2 2 2 2 2 2 2 2 2 2 2 2 2 2 2 2 2 2 2 2 2 2 2 2 2 2 2 2 2 2 2 2 2 2 2 2 2 2 2 2 2 2 2 2 2 2 2 2 2 2 2 2 2 2 2 2 2 2 2 2 2 2 2 2 2 2 2 2 2 2 2 2 2 2 2 2 2 2 2 2 2 2 2 2 2 2 2 2 2 2 2 2 2 2 2 2 2 2 2 1 2 2 1 2 2 2 2 2 2 1 2 2 1 2 2 2 2 2 2 1 2 2 1 2 2 2 2 2 2 1 2 2 1 2 2 2 2 2 2 1 2 2 1 2 2 2 2 2 2 1 2 2 1 2 2 2 2 2 2 1 2 2 1 2 2 2 2 2 2 1 2 2 1 2 2 2 2 2 2 1 2 2 1 2 2 2 2 2 2 1 2 2 1 2 2 2 2 2 2 2 2 2 2 2 2 1 2 2 2 2 2 2 2 2 2 1 2 2 2 2 2 2 2 2 2 1 2 2 2 2 2 2 2 2 2 1 2 2 2 2 2 2 2 2 2 1 2 2 2 2 2 2 2 2 2 1 2 2 2 2 2 2 2 2 2 1 2 2 2 2 2 2 2 2 2 1 2 2 2 2 2 2 2 2 2 1 2 2 2 2 2 2 2 2 2 1 2 2 2 2 2 2 2 2 2 2 2 2 2 2 2 2 2 2 2 2 2 2 2 2 2 2 2 2 2 2 2 2 2 2 2 2 2 2 2 2 2 2 2 2 2 2 2 2 2 2 2 2 2 2 2 2 2 2 2 2 2 2 2 2 2 2 2 2 2 2 2 2 2 2 2 2 2 2 2 2 2 2 2 2 2 2 2 2 2 2 2 2 2 2 2 2 2 2 2 2 2 2 2 1 2 2 1 2 2 2 2 2 2 1 2 2 1 2 2 2 2 2 2 1 2 2 1 2 2 2 2 2 2 1 2 2 1 2 2 2 2 2 2 1 2 2 1 2 2 2 2 2 2 1 2 2 1 2 2 2 2 2 2 1 2 2 1 2 2 2 2 2 2 1 2 2 1 2 2 2 2 2 2 1 2 2 1 2 2 2 2 2 2 1 2 2 1 2 2 2 2 2 2 2 2 2 2 2 2 1 2 2 2 2 2 2 2 2 2 1 2 2 2 2 2 2 2 2 2 1 2 2 2 2 2 2 2 2 2 1 2 2 2 2 2 2 2 2 2 1 2 2 2 2 2 2 2 2 2 1 2 2 2 2 2 2 2 2 2 1 2 2 2 2 2 2 2 2 2 1 2 2 2 2 2 2 2 2 2 1 2 2 2 2 2 2 2 2 2 1 2 2 2 1 2 2 2 2 2 2 2 2 2 1 2 2 2 2 2 2 2 2 2 1 2 2 2 2 2 2 2 2 2 1 2 2 2 2 2 2 2 2 2 1 2 2 2 2 2 2 2 2 2 1 2 2 2 2 2 2 2 2 2 1 2 2 2 2 2 2 2 2 2 1 2 2 2 2 2 2 2 2 2 1 2 2 2 2 2 2 2 2 2 1 2 2 2 2 2 2 2 2 2 2 2 2 2 2 2 2 2 2 2 2 2 2 2 2 2 2 2 2 2 2 2 2 2 2 2 2 2 2 2 2 2 2 2 2 2 2 2 2 2 2 2 2 2 2 2 2 2 2 2 2 2 2 2 2 2 2 2 2 2 2 2 2 2 2 2 2 2 2 2 2 2 2 2 2 2 2 2 2 2 2 2 2 2 2 2 2 2 2 2 2 2 2 2 2 2 2 2 2 2 2 2 2 1 2 2 1 2 2 2 2 2 2 1 2 2 1 2 2 2 2 2 2 1 2 2 1 2 2 2 2 2 2 1 2 2 1 2 2 2 2 2 2 1 2 2 1 2 2 2 2 2 2 1 2 2 1 2 2 2 2 2 2 1 2 2 1 2 2 2 2 2 2 1 2 2 1 2 2 2 2 2 2 1 2 2 1 2 2 2 2 2 2 1 2 2 1 2 2 2 1 2 2 2 2 2 2 2 2 2 1 2 2 2 2 2 2 2 2 2 1 2 2 2 2 2 2 2 2 2 1 2 2 2 2 2 2 2 2 2 1 2 2 2 2 2 2 2 2 2 1 2 2 2 2 2 2 2 2 2 1 2 2 2 2 2 2 2 2 2 1 2 2 2 2 2 2 2 2 2 1 2 2 2 2 2 2 2 2 2 1 2 2 2 2 2 2 2 2 2 2 2 2 2 2 2 2 2 2 2 2 2 2 2 2 2 2 2 2 2 2 2 2 2 2 2 2 2 2 2 2 2 2 2 2 2 2 2 2 2 2 2 2 2 2 2 2 2 2 2 2 2 2 2 2 2 2 2 2 2 2 2 2 2 2 2 2 2 2 2 2 2 2 2 2 2 2 2 2 2 2 2 2 2 2 2 2 2 2 2 2 2 2 2 2 2 2 2 2 2 2 2 2 1 2 2 1 2 2 2 2 2 2 1 2 2 1 2 2 2 2 2 2 1 2 2 1 2 2 2 2 2 2 1 2 2 1 2 2 2 2 2 2 1 2 2 1 2 2 2 2 2 2 1 2 2 1 2 2 2 2 2 2 1 2 2 1 2 2 2 2 2 2 1 2 2 1 2 2 2 2 2 2 1 2 2 1 2 2 2 2 2 2 1 2 2 1 2 2 2 1 2 2 2 2 2 2 2 2 2 1 2 2 2 2 2 2 2 2 2 1 2 2 2 2 2 2 2 2 2 1 2 2 2 2 2 2 2 2 2 1 2 2 2 2 2 2 2 2 2 1 2 2 2 2 2 2 2 2 2 1 2 2 2 2 2 2 2 2 2 1 2 2 2 2 2 2 2 2 2 1 2 2 2 2 2 2 2 2 2 1 2 2 2 2 2 2 2 2 2 2 2 2 2 2 2 2 2 2 2 2 2 2 2 2 2 2 2 2 2 2 2 2 2 2 2 2 2 2 2 2 2 2 2 2 2 2 2 2 2 2 2 2 2 2 2 2 2 2 2 2 2 2 2 2 2 2 2 2 2 2 2 2 2 2 2 2 2 2 2 2 2 2 2 2 2 2 2 2 2 2 2 2 2 2 2 2 2 2 2 2 2 2 2 2 2 2 2 2 2 2 2 2 1 2 2 1 2 2 2 2 2 2 1 2 2 1 2 2 2 2 2 2 1 2 2 1 2 2 2 2 2 2 1 2 2 1 2 2 2 2 2 2 1 2 2 1 2 2 2 2 2 2 1 2 2 1 2 2 2 2 2 2 1 2 2 1 2 2 2 2 2 2 1 2 2 1 2 2 2 2 2 2 1 2 2 1 2 2 2 2 2 2 1 2 2 1 2 2 2 1 2 2 2 2 2 2 2 2 2 1 2 2 2 2 2 2 2 2 2 1 2 2 2 2 2 2 2 2 2 1 2 2 2 2 2 2 2 2 2 1 2 2 2 2 2 2 2 2 2 1 2 2 2 2 2 2 2 2 2 1 2 2 2 2 2 2 2 2 2 1 2 2 2 2 2 2 2 2 2 1 2 2 2 2 2 2 2 2 2 1 2 2 2 2 2 2 2 2 2 2 2 2 2 2 2 1 2 2 2 2 2 2 2 2 2 1 2 2 2 2 2 2 2 2 2 1 2 2 2 2 2 2 2 2 2 1 2 2 2 2 2 2 2 2 2 1 2 2 2 2 2 2 2 2 2 1 2 2 2 2 2 2 2 2 2 1 2 2 2 2 2 2 2 2 2 1 2 2 2 2 2 2 2 2 2 1 2 2 2 2 2 2 2 2 2 1 2 2 2 2 2 2 2 2 2 2 2 2 2 2 2 2 2 2 2 2 2 2 2 2 2 2 2 2 2 2 2 2 2 2 2 2 2 2 2 2 2 2 2 2 2 2 2 2 2 2 2 2 2 2 2 2 2 2 2 2 2 2 2 2 2 2 2 2 2 2 2 2 2 2 2 2 2 2 2 2 2 2 2 2 2 2 2 2 2 2 2 2 2 2 2 2 2 2 2 2 2 2 2 1 2 2 1 2 2 2 2 2 2 1 2 2 1 2 2 2 2 2 2 1 2 2 1 2 2 2 2 2 2 1 2 2 1 2 2 2 2 2 2 1 2 2 1 2 2 2 2 2 2 1 2 2 1 2 2 2 2 2 2 1 2 2 1 2 2 2 2 2 2 1 2 2 1 2 2 2 2 2 2 1 2 2 1 2 2 2 2 2 2 1 2 2 1 2 2 2 2 2 2 2 2 2 2 2 2 1 2 2 2 2 2 2 2 2 2 1 2 2 2 2 2 2 2 2 2 1 2 2 2 2 2 2 2 2 2 1 2 2 2 2 2 2 2 2 2 1 2 2 2 2 2 2 2 2 2 1 2 2 2 2 2 2 2 2 2 1 2 2 2 2 2 2 2 2 2 1 2 2 2 2 2 2 2 2 2 1 2 2 2 2 2 2 2 2 2 1 2 2 2 2 2 2 2 2 2 2 2 2 2 2 2 2 2 2 2 2 2 2 2 2 2 2 2 2 2 2 2 2 2 2 2 2 2 2 2 2 2 2 2 2 2 2 2 2 2 2 2 2 2 2 2 2 2 2 2 2 2 2 2 2 2 2 2 2 2 2 2 2 2 2 2 2 2 2 2 2 2 2 2 2 2 2 2 2 2 2 2 2 2 2 2 2 2 2 2 2 2 2 2 1 2 2 1 2 2 2 2 2 2 1 2 2 1 2 2 2 2 2 2 1 2 2 1 2 2 2 2 2 2 1 2 2 1 2 2 2 2 2 2 1 2 2 1 2 2 2 2 2 2 1 2 2 1 2 2 2 2 2 2 1 2 2 1 2 2 2 2 2 2 1 2 2 1 2 2 2 2 2 2 1 2 2 1 2 2 2 2 2 2 1 2 2 1 2 2 2 2 2 2 2 2 2 2 2 2 1 2 2 2 2 2 2 2 2 2 1 2 2 2 2 2 2 2 2 2 1 2 2 2 2 2 2 2 2 2 1 2 2 2 2 2 2 2 2 2 1 2 2 2 2 2 2 2 2 2 1 2 2 2 2 2 2 2 2 2 1 2 2 2 2 2 2 2 2 2 1 2 2 2 2 2 2 2 2 2 1 2 2 2 2 2 2 2 2 2 1 2 2 2 2 2 2 2 2 2 2 2 2 2 2 2 2 2 2 2 2 2 2 2 2 2 2 2 2 2 2 2 2 2 2 2 2 2 2 2 2 2 2 2 2 2 2 2 2 2 2 2 2 2 2 2 2 2 2 2 2 2 2 2 2 2 2 2 2 2 2 2 2 2 2 2 2 2 2 2 2 2 2 2 2 2 2 2 2 2 2 2 2 2 2 2 2 2 2 2 2 2 2 2 1 2 2 1 2 2 2 2 2 2 1 2 2 1 2 2 2 2 2 2 1 2 2 1 2 2 2 2 2 2 1 2 2 1 2 2 2 2 2 2 1 2 2 1 2 2 2 2 2 2 1 2 2 1 2 2 2 2 2 2 1 2 2 1 2 2 2 2 2 2 1 2 2 1 2 2 2 2 2 2 1 2 2 1 2 2 2 2 2 2 1 2 2 1 2 2 2 2 2 2 2 2 2 2 2 2 1 2 2 2 2 2 2 2 2 2 1 2 2 2 2 2 2 2 2 2 1 2 2 2 2 2 2 2 2 2 1 2 2 2 2 2 2 2 2 2 1 2 2 2 2 2 2 2 2 2 1 2 2 2 2 2 2 2 2 2 1 2 2 2 2 2 2 2 2 2 1 2 2 2 2 2 2 2 2 2 1 2 2 2 2 2 2 2 2 2 1 2 2 2 1 2 2 2 2 2 2 2 2 2 1 2 2 2 2 2 2 2 2 2 1 2 2 2 2 2 2 2 2 2 1 2 2 2 2 2 2 2 2 2 1 2 2 2 2 2 2 2 2 2 1 2 2 2 2 2 2 2 2 2 1 2 2 2 2 2 2 2 2 2 1 2 2 2 2 2 2 2 2 2 1 2 2 2 2 2 2 2 2 2 1 2 2 2 2 2 2 2 2 2 2 2 2 2 2 2 2 2 2 2 2 2 2 2 2 2 2 2 2 2 2 2 2 2 2 2 2 2 2 2 2 2 2 2 2 2 2 2 2 2 2 2 2 2 2 2 2 2 2 2 2 2 2 2 2 2 2 2 2 2 2 2 2 2 2 2 2 2 2 2 2 2 2 2 2 2 2 2 2 2 2 2 2 2 2 2 2 2 2 2 2 2 2 2 2 2 2 2 2 2 2 2 2 1 2 2 1 2 2 2 2 2 2 1 2 2 1 2 2 2 2 2 2 1 2 2 1 2 2 2 2 2 2 1 2 2 1 2 2 2 2 2 2 1 2 2 1 2 2 2 2 2 2 1 2 2 1 2 2 2 2 2 2 1 2 2 1 2 2 2 2 2 2 1 2 2 1 2 2 2 2 2 2 1 2 2 1 2 2 2 2 2 2 1 2 2 1 2 2 2 1 2 2 2 2 2 2 2 2 2 1 2 2 2 2 2 2 2 2 2 1 2 2 2 2 2 2 2 2 2 1 2 2 2 2 2 2 2 2 2 1 2 2 2 2 2 2 2 2 2 1 2 2 2 2 2 2 2 2 2 1 2 2 2 2 2 2 2 2 2 1 2 2 2 2 2 2 2 2 2 1 2 2 2 2 2 2 2 2 2 1 2 2 2 2 2 2 2 2 2 2 2 2 2 2 2 2 2 2 2 2 2 2 2 2 2 2 2 2 2 2 2 2 2 2 2 2 2 2 2 2 2 2 2 2 2 2 2 2 2 2 2 2 2 2 2 2 2 2 2 2 2 2 2 2 2 2 2 2 2 2 2 2 2 2 2 2 2 2 2 2 2 2 2 2 2 2 2 2 2 2 2 2 2 2 2 2 2 2 2 2 2 2 2 2 2 2 2 2 2 2 2 2 1 2 2 1 2 2 2 2 2 2 1 2 2 1 2 2 2 2 2 2 1 2 2 1 2 2 2 2 2 2 1 2 2 1 2 2 2 2 2 2 1 2 2 1 2 2 2 2 2 2 1 2 2 1 2 2 2 2 2 2 1 2 2 1 2 2 2 2 2 2 1 2 2 1 2 2 2 2 2 2 1 2 2 1 2 2 2 2 2 2 1 2 2 1 2 2 2 1 2 2 2 2 2 2 2 2 2 1 2 2 2 2 2 2 2 2 2 1 2 2 2 2 2 2 2 2 2 1 2 2 2 2 2 2 2 2 2 1 2 2 2 2 2 2 2 2 2 1 2 2 2 2 2 2 2 2 2 1 2 2 2 2 2 2 2 2 2 1 2 2 2 2 2 2 2 2 2 1 2 2 2 2 2 2 2 2 2 1 2 2 2 2 2 2 2 2 2 2 2 2 2 2 2 2 2 2 2 2 2 2 2 2 2 2 2 2 2 2 2 2 2 2 2 2 2 2 2 2 2 2 2 2 2 2 2 2 2 2 2 2 2 2 2 2 2 2 2 2 2 2 2 2 2 2 2 2 2 2 2 2 2 2 2 2 2 2 2 2 2 2 2 2 2 2 2 2 2 2 2 2 2 2 2 2 2 2 2 2 2 2 2 2 2 2 2 2 2 2 2 2 1 2 2 1 2 2 2 2 2 2 1 2 2 1 2 2 2 2 2 2 1 2 2 1 2 2 2 2 2 2 1 2 2 1 2 2 2 2 2 2 1 2 2 1 2 2 2 2 2 2 1 2 2 1 2 2 2 2 2 2 1 2 2 1 2 2 2 2 2 2 1 2 2 1 2 2 2 2 2 2 1 2 2 1 2 2 2 2 2 2 1 2 2 1 2 2 2 1 2 2 2 2 2 2 2 2 2 1 2 2 2 2 2 2 2 2 2 1 2 2 2 2 2 2 2 2 2 1 2 2 2 2 2 2 2 2 2 1 2 2 2 2 2 2 2 2 2 1 2 2 2 2 2 2 2 2 2 1 2 2 2 2 2 2 2 2 2 1 2 2 2 2 2 2 2 2 2 1 2 2 2 2 2 2 2 2 2 1 2 2 2 2 2 2 2 2 2 2 2 2 2 2 2 1 2 2 2 2 2 2 2 2 2 1 2 2 2 2 2 2 2 2 2 1 2 2 2 2 2 2 2 2 2 1 2 2 2 2 2 2 2 2 2 1 2 2 2 2 2 2 2 2 2 1 2 2 2 2 2 2 2 2 2 1 2 2 2 2 2 2 2 2 2 1 2 2 2 2 2 2 2 2 2 1 2 2 2 2 2 2 2 2 2 1 2 2 2 2 2 2 2 2 2 2 2 2 2 2 2 2 2 2 2 2 2 2 2 2 2 2 2 2 2 2 2 2 2 2 2 2 2 2 2 2 2 2 2 2 2 2 2 2 2 2 2 2 2 2 2 2 2 2 2 2 2 2 2 2 2 2 2 2 2 2 2 2 2 2 2 2 2 2 2 2 2 2 2 2 2 2 2 2 2 2 2 2 2 2 2 2 2 2 2 2 2 2 2 1 2 2 1 2 2 2 2 2 2 1 2 2 1 2 2 2 2 2 2 1 2 2 1 2 2 2 2 2 2 1 2 2 1 2 2 2 2 2 2 1 2 2 1 2 2 2 2 2 2 1 2 2 1 2 2 2 2 2 2 1 2 2 1 2 2 2 2 2 2 1 2 2 1 2 2 2 2 2 2 1 2 2 1 2 2 2 2 2 2 1 2 2 1 2 2 2 2 2 2 2 2 2 2 2 2 1 2 2 2 2 2 2 2 2 2 1 2 2 2 2 2 2 2 2 2 1 2 2 2 2 2 2 2 2 2 1 2 2 2 2 2 2 2 2 2 1 2 2 2 2 2 2 2 2 2 1 2 2 2 2 2 2 2 2 2 1 2 2 2 2 2 2 2 2 2 1 2 2 2 2 2 2 2 2 2 1 2 2 2 2 2 2 2 2 2 1 2 2 2 2 2 2 2 2 2 2 2 2 2 2 2 2 2 2 2 2 2 2 2 2 2 2 2 2 2 2 2 2 2 2 2 2 2 2 2 2 2 2 2 2 2 2 2 2 2 2 2 2 2 2 2 2 2 2 2 2 2 2 2 2 2 2 2 2 2 2 2 2 2 2 2 2 2 2 2 2 2 2 2 2 2 2 2 2 2 2 2 2 2 2 2 2 2 2 2 2 2 2 2 1 2 2 1 2 2 2 2 2 2 1 2 2 1 2 2 2 2 2 2 1 2 2 1 2 2 2 2 2 2 1 2 2 1 2 2 2 2 2 2 1 2 2 1 2 2 2 2 2 2 1 2 2 1 2 2 2 2 2 2 1 2 2 1 2 2 2 2 2 2 1 2 2 1 2 2 2 2 2 2 1 2 2 1 2 2 2 2 2 2 1 2 2 1 2 2 2 2 2 2 2 2 2 2 2 2 1 2 2 2 2 2 2 2 2 2 1 2 2 2 2 2 2 2 2 2 1 2 2 2 2 2 2 2 2 2 1 2 2 2 2 2 2 2 2 2 1 2 2 2 2 2 2 2 2 2 1 2 2 2 2 2 2 2 2 2 1 2 2 2 2 2 2 2 2 2 1 2 2 2 2 2 2 2 2 2 1 2 2 2 2 2 2 2 2 2 1 2 2 2 2 2 2 2 2 2 2 2 2 2 2 2 2 2 2 2 2 2 2 2 2 2 2 2 2 2 2 2 2 2 2 2 2 2 2 2 2 2 2 2 2 2 2 2 2 2 2 2 2 2 2 2 2 2 2 2 2 2 2 2 2 2 2 2 2 2 2 2 2 2 2 2 2 2 2 2 2 2 2 2 2 2 2 2 2 2 2 2 2 2 2 2 2 2 2 2 2 2 2 2 1 2 2 1 2 2 2 2 2 2 1 2 2 1 2 2 2 2 2 2 1 2 2 1 2 2 2 2 2 2 1 2 2 1 2 2 2 2 2 2 1 2 2 1 2 2 2 2 2 2 1 2 2 1 2 2 2 2 2 2 1 2 2 1 2 2 2 2 2 2 1 2 2 1 2 2 2 2 2 2 1 2 2 1 2 2 2 2 2 2 1 2 2 1 2 2 2 2 2 2 2 2 2 2 2 2 1 2 2 2 2 2 2 2 2 2 1 2 2 2 2 2 2 2 2 2 1 2 2 2 2 2 2 2 2 2 1 2 2 2 2 2 2 2 2 2 1 2 2 2 2 2 2 2 2 2 1 2 2 2 2 2 2 2 2 2 1 2 2 2 2 2 2 2 2 2 1 2 2 2 2 2 2 2 2 2 1 2 2 2 2 2 2 2 2 2 1 2 2 2 1 2 2 2 2 2 2 2 2 2 1 2 2 2 2 2 2 2 2 2 1 2 2 2 2 2 2 2 2 2 1 2 2 2 2 2 2 2 2 2 1 2 2 2 2 2 2 2 2 2 1 2 2 2 2 2 2 2 2 2 1 2 2 2 2 2 2 2 2 2 1 2 2 2 2 2 2 2 2 2 1 2 2 2 2 2 2 2 2 2 1 2 2 2 2 2 2 2 2 2 2 2 2 2 2 2 2 2 2 2 2 2 2 2 2 2 2 2 2 2 2 2 2 2 2 2 2 2 2 2 2 2 2 2 2 2 2 2 2 2 2 2 2 2 2 2 2 2 2 2 2 2 2 2 2 2 2 2 2 2 2 2 2 2 2 2 2 2 2 2 2 2 2 2 2 2 2 2 2 2 2 2 2 2 2 2 2 2 2 2 2 2 2 2 2 2 2 2 2 2 2 2 2 1 2 2 1 2 2 2 2 2 2 1 2 2 1 2 2 2 2 2 2 1 2 2 1 2 2 2 2 2 2 1 2 2 1 2 2 2 2 2 2 1 2 2 1 2 2 2 2 2 2 1 2 2 1 2 2 2 2 2 2 1 2 2 1 2 2 2 2 2 2 1 2 2 1 2 2 2 2 2 2 1 2 2 1 2 2 2 2 2 2 1 2 2 1 2 2 2 1 2 2 2 2 2 2 2 2 2 1 2 2 2 2 2 2 2 2 2 1 2 2 2 2 2 2 2 2 2 1 2 2 2 2 2 2 2 2 2 1 2 2 2 2 2 2 2 2 2 1 2 2 2 2 2 2 2 2 2 1 2 2 2 2 2 2 2 2 2 1 2 2 2 2 2 2 2 2 2 1 2 2 2 2 2 2 2 2 2 1 2 2 2 2 2 2 2 2 2 2 2 2 2 2 2 2 2 2 2 2 2 2 2 2 2 2 2 2 2 2 2 2 2 2 2 2 2 2 2 2 2 2 2 2 2 2 2 2 2 2 2 2 2 2 2 2 2 2 2 2 2 2 2 2 2 2 2 2 2 2 2 2 2 2 2 2 2 2 2 2 2 2 2 2 2 2 2 2 2 2 2 2 2 2 2 2 2 2 2 2 2 2 2 2 2 2 2 2 2 2 2 2 1 2 2 1 2 2 2 2 2 2 1 2 2 1 2 2 2 2 2 2 1 2 2 1 2 2 2 2 2 2 1 2 2 1 2 2 2 2 2 2 1 2 2 1 2 2 2 2 2 2 1 2 2 1 2 2 2 2 2 2 1 2 2 1 2 2 2 2 2 2 1 2 2 1 2 2 2 2 2 2 1 2 2 1 2 2 2 2 2 2 1 2 2 1 2 2 2 1 2 2 2 2 2 2 2 2 2 1 2 2 2 2 2 2 2 2 2 1 2 2 2 2 2 2 2 2 2 1 2 2 2 2 2 2 2 2 2 1 2 2 2 2 2 2 2 2 2 1 2 2 2 2 2 2 2 2 2 1 2 2 2 2 2 2 2 2 2 1 2 2 2 2 2 2 2 2 2 1 2 2 2 2 2 2 2 2 2 1 2 2 2 2 2 2 2 2 2 2 2 2 2 2 2 2 2 2 2 2 2 2 2 2 2 2 2 2 2 2 2 2 2 2 2 2 2 2 2 2 2 2 2 2 2 2 2 2 2 2 2 2 2 2 2 2 2 2 2 2 2 2 2 2 2 2 2 2 2 2 2 2 2 2 2 2 2 2 2 2 2 2 2 2 2 2 2 2 2 2 2 2 2 2 2 2 2 2 2 2 2 2 2 2 2 2 2 2 2 2 2 2 1 2 2 1 2 2 2 2 2 2 1 2 2 1 2 2 2 2 2 2 1 2 2 1 2 2 2 2 2 2 1 2 2 1 2 2 2 2 2 2 1 2 2 1 2 2 2 2 2 2 1 2 2 1 2 2 2 2 2 2 1 2 2 1 2 2 2 2 2 2 1 2 2 1 2 2 2 2 2 2 1 2 2 1 2 2 2 2 2 2 1 2 2 1 2 2 2 1 2 2 2 2 2 2 2 2 2 1 2 2 2 2 2 2 2 2 2 1 2 2 2 2 2 2 2 2 2 1 2 2 2 2 2 2 2 2 2 1 2 2 2 2 2 2 2 2 2 1 2 2 2 2 2 2 2 2 2 1 2 2 2 2 2 2 2 2 2 1 2 2 2 2 2 2 2 2 2 1 2 2 2 2 2 2 2 2 2 1 2 2 2 2 2 2 2 2 2 2 2 2 2 2 2 1 2 2 2 2 2 2 2 2 2 1 2 2 2 2 2 2 2 2 2 1 2 2 2 2 2 2 2 2 2 1 2 2 2 2 2 2 2 2 2 1 2 2 2 2 2 2 2 2 2 1 2 2 2 2 2 2 2 2 2 1 2 2 2 2 2 2 2 2 2 1 2 2 2 2 2 2 2 2 2 1 2 2 2 2 2 2 2 2 2 1 2 2 2 2 2 2 2 2 2 2 2 2 2 2 2 2 2 2 2 2 2 2 2 2 2 2 2 2 2 2 2 2 2 2 2 2 2 2 2 2 2 2 2 2 2 2 2 2 2 2 2 2 2 2 2 2 2 2 2 2 2 2 2 2 2 2 2 2 2 2 2 2 2 2 2 2 2 2 2 2 2 2 2 2 2 2 2 2 2 2 2 2 2 2 2 2 2 2 2 2 2 2 2 1 2 2 1 2 2 2 2 2 2 1 2 2 1 2 2 2 2 2 2 1 2 2 1 2 2 2 2 2 2 1 2 2 1 2 2 2 2 2 2 1 2 2 1 2 2 2 2 2 2 1 2 2 1 2 2 2 2 2 2 1 2 2 1 2 2 2 2 2 2 1 2 2 1 2 2 2 2 2 2 1 2 2 1 2 2 2 2 2 2 1 2 2 1 2 2 2 2 2 2 2 2 2 2 2 2 1 2 2 2 2 2 2 2 2 2 1 2 2 2 2 2 2 2 2 2 1 2 2 2 2 2 2 2 2 2 1 2 2 2 2 2 2 2 2 2 1 2 2 2 2 2 2 2 2 2 1 2 2 2 2 2 2 2 2 2 1 2 2 2 2 2 2 2 2 2 1 2 2 2 2 2 2 2 2 2 1 2 2 2 2 2 2 2 2 2 1 2 2 2 2 2 2 2 2 2 2 2 2 2 2 2 2 2 2 2 2 2 2 2 2 2 2 2 2 2 2 2 2 2 2 2 2 2 2 2 2 2 2 2 2 2 2 2 2 2 2 2 2 2 2 2 2 2 2 2 2 2 2 2 2 2 2 2 2 2 2 2 2 2 2 2 2 2 2 2 2 2 2 2 2 2 2 2 2 2 2 2 2 2 2 2 2 2 2 2 2 2 2 2 1 2 2 1 2 2 2 2 2 2 1 2 2 1 2 2 2 2 2 2 1 2 2 1 2 2 2 2 2 2 1 2 2 1 2 2 2 2 2 2 1 2 2 1 2 2 2 2 2 2 1 2 2 1 2 2 2 2 2 2 1 2 2 1 2 2 2 2 2 2 1 2 2 1 2 2 2 2 2 2 1 2 2 1 2 2 2 2 2 2 1 2 2 1 2 2 2 2 2 2 2 2 2 2 2 2 1 2 2 2 2 2 2 2 2 2 1 2 2 2 2 2 2 2 2 2 1 2 2 2 2 2 2 2 2 2 1 2 2 2 2 2 2 2 2 2 1 2 2 2 2 2 2 2 2 2 1 2 2 2 2 2 2 2 2 2 1 2 2 2 2 2 2 2 2 2 1 2 2 2 2 2 2 2 2 2 1 2 2 2 2 2 2 2 2 2 1 2 2 2 2 2 2 2 2 2 2 2 2 2 2 2 2 2 2 2 2 2 2 2 2 2 2 2 2 2 2 2 2 2 2 2 2 2 2 2 2 2 2 2 2 2 2 2 2 2 2 2 2 2 2 2 2 2 2 2 2 2 2 2 2 2 2 2 2 2 2 2 2 2 2 2 2 2 2 2 2 2 2 2 2 2 2 2 2 2 2 2 2 2 2 2 2 2 2 2 2 2 2 2 1 2 2 1 2 2 2 2 2 2 1 2 2 1 2 2 2 2 2 2 1 2 2 1 2 2 2 2 2 2 1 2 2 1 2 2 2 2 2 2 1 2 2 1 2 2 2 2 2 2 1 2 2 1 2 2 2 2 2 2 1 2 2 1 2 2 2 2 2 2 1 2 2 1 2 2 2 2 2 2 1 2 2 1 2 2 2 2 2 2 1 2 2 1 2 2 2 2 2 2 2 2 2 2 2 2 1 2 2 2 2 2 2 2 2 2 1 2 2 2 2 2 2 2 2 2 1 2 2 2 2 2 2 2 2 2 1 2 2 2 2 2 2 2 2 2 1 2 2 2 2 2 2 2 2 2 1 2 2 2 2 2 2 2 2 2 1 2 2 2 2 2 2 2 2 2 1 2 2 2 2 2 2 2 2 2 1 2 2 2 2 2 2 2 2 2 1 2 
</Matrix>
   <Matrix name="starterNeurons" type="complete" rows="1" columns="1000" multiplier="1.0">
   7 17 27 37 47 57 67 77 87 97 101 104 111 114 121 124 131 134 141 144 151 154 161 164 171 174 181 184 191 194 307 317 327 337 347 357 367 377 387 397 401 404 411 414 421 424 431 434 441 444 451 454 461 464 471 474 481 484 491 494 607 617 627 637 647 657 667 677 687 697 701 704 711 714 721 724 731 734 741 744 751 754 761 764 771 774 781 784 791 794 907 917 927 937 947 957 967 977 987 997 1007 1017 1027 1037 1047 1057 1067 1077 1087 1097 1101 1104 1111 1114 1121 1124 1131 1134 1141 1144 1151 1154 1161 1164 1171 1174 1181 1184 1191 1194 1307 1317 1327 1337 1347 1357 1367 1377 1387 1397 1401 1404 1411 1414 1421 1424 1431 1434 1441 1444 1451 1454 1461 1464 1471 1474 1481 1484 1491 1494 1607 1617 1627 1637 1647 1657 1667 1677 1687 1697 1701 1704 1711 1714 1721 1724 1731 1734 1741 1744 1751 1754 1761 1764 1771 1774 1781 1784 1791 1794 1907 1917 1927 1937 1947 1957 1967 1977 1987 1997 2007 2017 2027 2037 2047 2057 2067 2077 2087 2097 2101 2104 2111 2114 2121 2124 2131 2134 2141 2144 2151 2154 2161 2164 2171 2174 2181 2184 2191 2194 2307 2317 2327 2337 2347 2357 2367 2377 2387 2397 2401 2404 2411 2414 2421 2424 2431 2434 2441 2444 2451 2454 2461 2464 2471 2474 2481 2484 2491 2494 2607 2617 2627 2637 2647 2657 2667 2677 2687 2697 2701 2704 2711 2714 2721 2724 2731 2734 2741 2744 2751 2754 2761 2764 2771 2774 2781 2784 2791 2794 2907 2917 2927 2937 2947 2957 2967 2977 2987 2997 3007 3017 3027 3037 3047 3057 3067 3077 3087 3097 3101 3104 3111 3114 3121 3124 3131 3134 3141 3144 3151 3154 3161 3164 3171 3174 3181 3184 3191 3194 3307 3317 3327 3337 3347 3357 3367 3377 3387 3397 3401 3404 3411 3414 3421 3424 3431 3434 3441 3444 3451 3454 3461 3464 3471 3474 3481 3484 3491 3494 3607 3617 3627 3637 3647 3657 3667 3677 3687 3697 3701 3704 3711 3714 3721 3724 3731 3734 3741 3744 3751 3754 3761 3764 3771 3774 3781 3784 3791 3794 3907 3917 3927 3937 3947 3957 3967 3977 3987 3997 4007 4017 4027 4037 4047 4057 4067 4077 4087 4097 4101 4104 4111 4114 4121 4124 4131 4134 4141 4144 4151 4154 4161 4164 4171 4174 4181 4184 4191 4194 4307 4317 4327 4337 4347 4357 4367 4377 4387 4397 4401 4404 4411 4414 4421 4424 4431 4434 4441 4444 4451 4454 4461 4464 4471 4474 4481 4484 4491 4494 4607 4617 4627 4637 4647 4657 4667 4677 4687 4697 4701 4704 4711 4714 4721 4724 4731 4734 4741 4744 4751 4754 4761 4764 4771 4774 4781 4784 4791 4794 4907 4917 4927 4937 4947 4957 4967 4977 4987 4997 5007 5017 5027 5037 5047 5057 5067 5077 5087 5097 5101 5104 5111 5114 5121 5124 5131 5134 5141 5144 5151 5154 5161 5164 5171 5174 5181 5184 5191 5194 5307 5317 5327 5337 5347 5357 5367 5377 5387 5397 5401 5404 5411 5414 5421 5424 5431 5434 5441 5444 5451 5454 5461 5464 5471 5474 5481 5484 5491 5494 5607 5617 5627 5637 5647 5657 5667 5677 5687 5697 5701 5704 5711 5714 5721 5724 5731 5734 5741 5744 5751 5754 5761 5764 5771 5774 5781 5784 5791 5794 5907 5917 5927 5937 5947 5957 5967 5977 5987 5997 6007 6017 6027 6037 6047 6057 6067 6077 6087 6097 6101 6104 6111 6114 6121 6124 6131 6134 6141 6144 6151 6154 6161 6164 6171 6174 6181 6184 6191 6194 6307 6317 6327 6337 6347 6357 6367 6377 6387 6397 6401 6404 6411 6414 6421 6424 6431 6434 6441 6444 6451 6454 6461 6464 6471 6474 6481 6484 6491 6494 6607 6617 6627 6637 6647 6657 6667 6677 6687 6697 6701 6704 6711 6714 6721 6724 6731 6734 6741 6744 6751 6754 6761 6764 6771 6774 6781 6784 6791 6794 6907 6917 6927 6937 6947 6957 6967 6977 6987 6997 7007 7017 7027 7037 7047 7057 7067 7077 7087 7097 7101 7104 7111 7114 7121 7124 7131 7134 7141 7144 7151 7154 7161 7164 7171 7174 7181 7184 7191 7194 7307 7317 7327 7337 7347 7357 7367 7377 7387 7397 7401 7404 7411 7414 7421 7424 7431 7434 7441 7444 7451 7454 7461 7464 7471 7474 7481 7484 7491 7494 7607 7617 7627 7637 7647 7657 7667 7677 7687 7697 7701 7704 7711 7714 7721 7724 7731 7734 7741 7744 7751 7754 7761 7764 7771 7774 7781 7784 7791 7794 7907 7917 7927 7937 7947 7957 7967 7977 7987 7997 8007 8017 8027 8037 8047 8057 8067 8077 8087 8097 8101 8104 8111 8114 8121 8124 8131 8134 8141 8144 8151 8154 8161 8164 8171 8174 8181 8184 8191 8194 8307 8317 8327 8337 8347 8357 8367 8377 8387 8397 8401 8404 8411 8414 8421 8424 8431 8434 8441 8444 8451 8454 8461 8464 8471 8474 8481 8484 8491 8494 8607 8617 8627 8637 8647 8657 8667 8677 8687 8697 8701 8704 8711 8714 8721 8724 8731 8734 8741 8744 8751 8754 8761 8764 8771 8774 8781 8784 8791 8794 8907 8917 8927 8937 8947 8957 8967 8977 8987 8997 9007 9017 9027 9037 9047 9057 9067 9077 9087 9097 9101 9104 9111 9114 9121 9124 9131 9134 9141 9144 9151 9154 9161 9164 9171 9174 9181 9184 9191 9194 9307 9317 9327 9337 9347 9357 9367 9377 9387 9397 9401 9404 9411 9414 9421 9424 9431 9434 9441 9444 9451 9454 9461 9464 9471 9474 9481 9484 9491 9494 9607 9617 9627 9637 9647 9657 9667 9677 9687 9697 9701 9704 9711 9714 9721 9724 9731 9734 9741 9744 9751 9754 9761 9764 9771 9774 9781 9784 9791 9794 9907 9917 9927 9937 9947 9957 9967 9977 9987 9997 
</Matrix>
   <Matrix name="neuronThresh" type="complete" rows="1" columns="10000" multiplier="1.0">
   0.015 0.015 0.015 0.015 0.015 0.015 0.015 0.0136439 0.015 0.015 0.015 0.015 0.015 0.015 0.015 0.015 0.015 0.0135698 0.015 0.015 0.015 0.015 0.015 0.015 0.015 0.015 0.015 0.0136035 0.015 0.015 0.015 0.015 0.015 0.015 0.015 0.015 0.015 0.0136481 0.015 0.015 0.015 0.015 0.015 0.015 0.015 0.015 0.015 0.0136154 0.015 0.015 0.015 0.015 0.015 0.015 0.015 0.015 0.015 0.0135983 0.015 0.015 0.015 0.015 0.015 0.015 0.015 0.015 0.015 0.0136005 0.015 0.015 0.015 0.015 0.015 0.015 0.015 0.015 0.015 0.0136454 0.015 0.015 0.015 0.015 0.015 0.015 0.015 0.015 0.015 0.013621 0.015 0.015 0.015 0.015 0.015 0.015 0.015 0.015 0.015 0.0136163 0.015 0.015 0.015 0.0136306 0.015 0.015 0.0135787 0.015 0.015 0.015 0.015 0.015 0.015 0.013637 0.015 0.015 0.0136354 0.015 0.015 0.015 0.015 0.015 0.015 0.0136048 0.015 0.015 0.0135841 0.015 0.015 0.015 0.015 0.015 0.015 0.0136373 0.015 0.015 0.0135667 0.015 0.015 0.015 0.015 0.015 0.015 0.0136506 0.015 0.015 0.013629 0.015 0.015 0.015 0.015 0.015 0.015 0.0136295 0.015 0.015 0.0135911 0.015 0.015 0.015 0.015 0.015 0.015 0.0136282 0.015 0.015 0.0136164 0.015 0.015 0.015 0.015 0.015 0.015 0.0136093 0.015 0.015 0.0135955 0.015 0.015 0.015 0.015 0.015 0.015 0.0136397 0.015 0.015 0.0136323 0.015 0.015 0.015 0.015 0.015 0.015 0.0135837 0.015 0.015 0.0135764 0.015 0.015 0.015 0.015 0.015 0.015 0.015 0.015 0.015 0.015 0.015 0.015 0.015 0.015 0.015 0.015 0.015 0.015 0.015 0.015 0.015 0.015 0.015 0.015 0.015 0.015 0.015 0.015 0.015 0.015 0.015 0.015 0.015 0.015 0.015 0.015 0.015 0.015 0.015 0.015 0.015 0.015 0.015 0.015 0.015 0.015 0.015 0.015 0.015 0.015 0.015 0.015 0.015 0.015 0.015 0.015 0.015 0.015 0.015 0.015 0.015 0.015 0.015 0.015 0.015 0.015 0.015 0.015 0.015 0.015 0.015 0.015 0.015 0.015 0.015 0.015 0.015 0.015 0.015 0.015 0.015 0.015 0.015 0.015 0.015 0.015 0.015 0.015 0.015 0.015 0.015 0.015 0.015 0.015 0.015 0.015 0.015 0.015 0.015 0.015 0.015 0.015 0.015 0.015 0.015 0.015 0.015 0.015 0.015 0.015 0.015 0.015 0.0135665 0.015 0.015 0.015 0.015 0.015 0.015 0.015 0.015 0.015 0.0136164 0.015 0.015 0.015 0.015 0.015 0.015 0.015 0.015 0.015 0.0135824 0.015 0.015 0.015 0.015 0.015 0.015 0.015 0.015 0.015 0.013596 0.015 0.015 0.015 0.015 0.015 0.015 0.015 0.015 0.015 0.0136212 0.015 0.015 0.015 0.015 0.015 0.015 0.015 0.015 0.015 0.0136442 0.015 0.015 0.015 0.015 0.015 0.015 0.015 0.015 0.015 0.0135722 0.015 0.015 0.015 0.015 0.015 0.015 0.015 0.015 0.015 0.0136065 0.015 0.015 0.015 0.015 0.015 0.015 0.015 0.015 0.015 0.0136511 0.015 0.015 0.015 0.015 0.015 0.015 0.015 0.015 0.015 0.0136527 0.015 0.015 0.015 0.0136073 0.015 0.015 0.0135995 0.015 0.015 0.015 0.015 0.015 0.015 0.0135721 0.015 0.015 0.0135816 0.015 0.015 0.015 0.015 0.015 0.015 0.0136014 0.015 0.015 0.013628 0.015 0.015 0.015 0.015 0.015 0.015 0.0136155 0.015 0.015 0.0136116 0.015 0.015 0.015 0.015 0.015 0.015 0.0135663 0.015 0.015 0.0136303 0.015 0.015 0.015 0.015 0.015 0.015 0.0136347 0.015 0.015 0.0136512 0.015 0.015 0.015 0.015 0.015 0.015 0.0135853 0.015 0.015 0.0135961 0.015 0.015 0.015 0.015 0.015 0.015 0.01359 0.015 0.015 0.0135908 0.015 0.015 0.015 0.015 0.015 0.015 0.0136246 0.015 0.015 0.0136541 0.015 0.015 0.015 0.015 0.015 0.015 0.0135781 0.015 0.015 0.0136152 0.015 0.015 0.015 0.015 0.015 0.015 0.015 0.015 0.015 0.015 0.015 0.015 0.015 0.015 0.015 0.015 0.015 0.015 0.015 0.015 0.015 0.015 0.015 0.015 0.015 0.015 0.015 0.015 0.015 0.015 0.015 0.015 0.015 0.015 0.015 0.015 0.015 0.015 0.015 0.015 0.015 0.015 0.015 0.015 0.015 0.015 0.015 0.015 0.015 0.015 0.015 0.015 0.015 0.015 0.015 0.015 0.015 0.015 0.015 0.015 0.015 0.015 0.015 0.015 0.015 0.015 0.015 0.015 0.015 0.015 0.015 0.015 0.015 0.015 0.015 0.015 0.015 0.015 0.015 0.015 0.015 0.015 0.015 0.015 0.015 0.015 0.015 0.015 0.015 0.015 0.015 0.015 0.015 0.015 0.015 0.015 0.015 0.015 0.015 0.015 0.015 0.015 0.015 0.015 0.015 0.015 0.015 0.015 0.015 0.015 0.015 0.015 0.0136191 0.015 0.015 0.015 0.015 0.015 0.015 0.015 0.015 0.015 0.0135718 0.015 0.015 0.015 0.015 0.015 0.015 0.015 0.015 0.015 0.013576 0.015 0.015 0.015 0.015 0.015 0.015 0.015 0.015 0.015 0.013586 0.015 0.015 0.015 0.015 0.015 0.015 0.015 0.015 0.015 0.0136109 0.015 0.015 0.015 0.015 0.015 0.015 0.015 0.015 0.015 0.0136463 0.015 0.015 0.015 0.015 0.015 0.015 0.015 0.015 0.015 0.0135989 0.015 0.015 0.015 0.015 0.015 0.015 0.015 0.015 0.015 0.0136193 0.015 0.015 0.015 0.015 0.015 0.015 0.015 0.015 0.015 0.0135652 0.015 0.015 0.015 0.015 0.015 0.015 0.015 0.015 0.015 0.0136276 0.015 0.015 0.015 0.0135667 0.015 0.015 0.0136325 0.015 0.015 0.015 0.015 0.015 0.015 0.0136098 0.015 0.015 0.0136002 0.015 0.015 0.015 0.015 0.015 0.015 0.0136319 0.015 0.015 0.0136328 0.015 0.015 0.015 0.015 0.015 0.015 0.0136487 0.015 0.015 0.0136318 0.015 0.015 0.015 0.015 0.015 0.015 0.0136247 0.015 0.015 0.0135822 0.015 0.015 0.015 0.015 0.015 0.015 0.0135936 0.015 0.015 0.0136344 0.015 0.015 0.015 0.015 0.015 0.015 0.0136209 0.015 0.015 0.0135754 0.015 0.015 0.015 0.015 0.015 0.015 0.0136483 0.015 0.015 0.013618 0.015 0.015 0.015 0.015 0.015 0.015 0.0135754 0.015 0.015 0.0135851 0.015 0.015 0.015 0.015 0.015 0.015 0.0135741 0.015 0.015 0.0136358 0.015 0.015 0.015 0.015 0.015 0.015 0.015 0.015 0.015 0.015 0.015 0.015 0.015 0.015 0.015 0.015 0.015 0.015 0.015 0.015 0.015 0.015 0.015 0.015 0.015 0.015 0.015 0.015 0.015 0.015 0.015 0.015 0.015 0.015 0.015 0.015 0.015 0.015 0.015 0.015 0.015 0.015 0.015 0.015 0.015 0.015 0.015 0.015 0.015 0.015 0.015 0.015 0.015 0.015 0.015 0.015 0.015 0.015 0.015 0.015 0.015 0.015 0.015 0.015 0.015 0.015 0.015 0.015 0.015 0.015 0.015 0.015 0.015 0.015 0.015 0.015 0.015 0.015 0.015 0.015 0.015 0.015 0.015 0.015 0.015 0.015 0.015 0.015 0.015 0.015 0.015 0.015 0.015 0.015 0.015 0.015 0.015 0.015 0.015 0.015 0.015 0.015 0.015 0.015 0.015 0.015 0.015 0.015 0.015 0.015 0.015 0.015 0.0136168 0.015 0.015 0.015 0.015 0.015 0.015 0.015 0.015 0.015 0.0136395 0.015 0.015 0.015 0.015 0.015 0.015 0.015 0.015 0.015 0.0135833 0.015 0.015 0.015 0.015 0.015 0.015 0.015 0.015 0.015 0.0135932 0.015 0.015 0.015 0.015 0.015 0.015 0.015 0.015 0.015 0.0136517 0.015 0.015 0.015 0.015 0.015 0.015 0.015 0.015 0.015 0.0136159 0.015 0.015 0.015 0.015 0.015 0.015 0.015 0.015 0.015 0.0136364 0.015 0.015 0.015 0.015 0.015 0.015 0.015 0.015 0.015 0.0136426 0.015 0.015 0.015 0.015 0.015 0.015 0.015 0.015 0.015 0.0135883 0.015 0.015 0.015 0.015 0.015 0.015 0.015 0.015 0.015 0.0136479 0.015 0.015 0.015 0.015 0.015 0.015 0.015 0.015 0.015 0.013627 0.015 0.015 0.015 0.015 0.015 0.015 0.015 0.015 0.015 0.0135715 0.015 0.015 0.015 0.015 0.015 0.015 0.015 0.015 0.015 0.0135862 0.015 0.015 0.015 0.015 0.015 0.015 0.015 0.015 0.015 0.01357 0.015 0.015 0.015 0.015 0.015 0.015 0.015 0.015 0.015 0.0135834 0.015 0.015 0.015 0.015 0.015 0.015 0.015 0.015 0.015 0.0136515 0.015 0.015 0.015 0.015 0.015 0.015 0.015 0.015 0.015 0.0136177 0.015 0.015 0.015 0.015 0.015 0.015 0.015 0.015 0.015 0.0135865 0.015 0.015 0.015 0.015 0.015 0.015 0.015 0.015 0.015 0.0135739 0.015 0.015 0.015 0.015 0.015 0.015 0.015 0.015 0.015 0.01359 0.015 0.015 0.015 0.0135804 0.015 0.015 0.0135991 0.015 0.015 0.015 0.015 0.015 0.015 0.0135935 0.015 0.015 0.0136291 0.015 0.015 0.015 0.015 0.015 0.015 0.0135784 0.015 0.015 0.0136097 0.015 0.015 0.015 0.015 0.015 0.015 0.0135885 0.015 0.015 0.0135748 0.015 0.015 0.015 0.015 0.015 0.015 0.0135889 0.015 0.015 0.0135947 0.015 0.015 0.015 0.015 0.015 0.015 0.0135815 0.015 0.015 0.0135767 0.015 0.015 0.015 0.015 0.015 0.015 0.0135934 0.015 0.015 0.0135799 0.015 0.015 0.015 0.015 0.015 0.015 0.0135986 0.015 0.015 0.0135849 0.015 0.015 0.015 0.015 0.015 0.015 0.0136255 0.015 0.015 0.0136105 0.015 0.015 0.015 0.015 0.015 0.015 0.0135859 0.015 0.015 0.0136134 0.015 0.015 0.015 0.015 0.015 0.015 0.015 0.015 0.015 0.015 0.015 0.015 0.015 0.015 0.015 0.015 0.015 0.015 0.015 0.015 0.015 0.015 0.015 0.015 0.015 0.015 0.015 0.015 0.015 0.015 0.015 0.015 0.015 0.015 0.015 0.015 0.015 0.015 0.015 0.015 0.015 0.015 0.015 0.015 0.015 0.015 0.015 0.015 0.015 0.015 0.015 0.015 0.015 0.015 0.015 0.015 0.015 0.015 0.015 0.015 0.015 0.015 0.015 0.015 0.015 0.015 0.015 0.015 0.015 0.015 0.015 0.015 0.015 0.015 0.015 0.015 0.015 0.015 0.015 0.015 0.015 0.015 0.015 0.015 0.015 0.015 0.015 0.015 0.015 0.015 0.015 0.015 0.015 0.015 0.015 0.015 0.015 0.015 0.015 0.015 0.015 0.015 0.015 0.015 0.015 0.015 0.015 0.015 0.015 0.015 0.015 0.015 0.0136023 0.015 0.015 0.015 0.015 0.015 0.015 0.015 0.015 0.015 0.0136455 0.015 0.015 0.015 0.015 0.015 0.015 0.015 0.015 0.015 0.0135768 0.015 0.015 0.015 0.015 0.015 0.015 0.015 0.015 0.015 0.0136461 0.015 0.015 0.015 0.015 0.015 0.015 0.015 0.015 0.015 0.0135967 0.015 0.015 0.015 0.015 0.015 0.015 0.015 0.015 0.015 0.0135663 0.015 0.015 0.015 0.015 0.015 0.015 0.015 0.015 0.015 0.0136306 0.015 0.015 0.015 0.015 0.015 0.015 0.015 0.015 0.015 0.0136231 0.015 0.015 0.015 0.015 0.015 0.015 0.015 0.015 0.015 0.0136204 0.015 0.015 0.015 0.015 0.015 0.015 0.015 0.015 0.015 0.0135932 0.015 0.015 0.015 0.0135899 0.015 0.015 0.0136315 0.015 0.015 0.015 0.015 0.015 0.015 0.0136336 0.015 0.015 0.0136529 0.015 0.015 0.015 0.015 0.015 0.015 0.0135919 0.015 0.015 0.0135714 0.015 0.015 0.015 0.015 0.015 0.015 0.0135698 0.015 0.015 0.0136031 0.015 0.015 0.015 0.015 0.015 0.015 0.0135743 0.015 0.015 0.0136103 0.015 0.015 0.015 0.015 0.015 0.015 0.0135671 0.015 0.015 0.01357 0.015 0.015 0.015 0.015 0.015 0.015 0.0135735 0.015 0.015 0.0136487 0.015 0.015 0.015 0.015 0.015 0.015 0.0136001 0.015 0.015 0.0136311 0.015 0.015 0.015 0.015 0.015 0.015 0.0136271 0.015 0.015 0.0135719 0.015 0.015 0.015 0.015 0.015 0.015 0.0136449 0.015 0.015 0.0135903 0.015 0.015 0.015 0.015 0.015 0.015 0.015 0.015 0.015 0.015 0.015 0.015 0.015 0.015 0.015 0.015 0.015 0.015 0.015 0.015 0.015 0.015 0.015 0.015 0.015 0.015 0.015 0.015 0.015 0.015 0.015 0.015 0.015 0.015 0.015 0.015 0.015 0.015 0.015 0.015 0.015 0.015 0.015 0.015 0.015 0.015 0.015 0.015 0.015 0.015 0.015 0.015 0.015 0.015 0.015 0.015 0.015 0.015 0.015 0.015 0.015 0.015 0.015 0.015 0.015 0.015 0.015 0.015 0.015 0.015 0.015 0.015 0.015 0.015 0.015 0.015 0.015 0.015 0.015 0.015 0.015 0.015 0.015 0.015 0.015 0.015 0.015 0.015 0.015 0.015 0.015 0.015 0.015 0.015 0.015 0.015 0.015 0.015 0.015 0.015 0.015 0.015 0.015 0.015 0.015 0.015 0.015 0.015 0.015 0.015 0.015 0.015 0.0135781 0.015 0.015 0.015 0.015 0.015 0.015 0.015 0.015 0.015 0.0136525 0.015 0.015 0.015 0.015 0.015 0.015 0.015 0.015 0.015 0.0135883 0.015 0.015 0.015 0.015 0.015 0.015 0.015 0.015 0.015 0.0135735 0.015 0.015 0.015 0.015 0.015 0.015 0.015 0.015 0.015 0.0136496 0.015 0.015 0.015 0.015 0.015 0.015 0.015 0.015 0.015 0.0135822 0.015 0.015 0.015 0.015 0.015 0.015 0.015 0.015 0.015 0.013591 0.015 0.015 0.015 0.015 0.015 0.015 0.015 0.015 0.015 0.0136099 0.015 0.015 0.015 0.015 0.015 0.015 0.015 0.015 0.015 0.0135862 0.015 0.015 0.015 0.015 0.015 0.015 0.015 0.015 0.015 0.0136015 0.015 0.015 0.015 0.0135812 0.015 0.015 0.0136026 0.015 0.015 0.015 0.015 0.015 0.015 0.0135905 0.015 0.015 0.0135932 0.015 0.015 0.015 0.015 0.015 0.015 0.0135881 0.015 0.015 0.0136003 0.015 0.015 0.015 0.015 0.015 0.015 0.0136094 0.015 0.015 0.0135652 0.015 0.015 0.015 0.015 0.015 0.015 0.0136292 0.015 0.015 0.0136164 0.015 0.015 0.015 0.015 0.015 0.015 0.0136356 0.015 0.015 0.0135875 0.015 0.015 0.015 0.015 0.015 0.015 0.0136458 0.015 0.015 0.0136522 0.015 0.015 0.015 0.015 0.015 0.015 0.0136062 0.015 0.015 0.0136246 0.015 0.015 0.015 0.015 0.015 0.015 0.013618 0.015 0.015 0.0136066 0.015 0.015 0.015 0.015 0.015 0.015 0.0135857 0.015 0.015 0.0136504 0.015 0.015 0.015 0.015 0.015 0.015 0.015 0.015 0.015 0.015 0.015 0.015 0.015 0.015 0.015 0.015 0.015 0.015 0.015 0.015 0.015 0.015 0.015 0.015 0.015 0.015 0.015 0.015 0.015 0.015 0.015 0.015 0.015 0.015 0.015 0.015 0.015 0.015 0.015 0.015 0.015 0.015 0.015 0.015 0.015 0.015 0.015 0.015 0.015 0.015 0.015 0.015 0.015 0.015 0.015 0.015 0.015 0.015 0.015 0.015 0.015 0.015 0.015 0.015 0.015 0.015 0.015 0.015 0.015 0.015 0.015 0.015 0.015 0.015 0.015 0.015 0.015 0.015 0.015 0.015 0.015 0.015 0.015 0.015 0.015 0.015 0.015 0.015 0.015 0.015 0.015 0.015 0.015 0.015 0.015 0.015 0.015 0.015 0.015 0.015 0.015 0.015 0.015 0.015 0.015 0.015 0.015 0.015 0.015 0.015 0.015 0.015 0.0136305 0.015 0.015 0.015 0.015 0.015 0.015 0.015 0.015 0.015 0.0136223 0.015 0.015 0.015 0.015 0.015 0.015 0.015 0.015 0.015 0.0136281 0.015 0.015 0.015 0.015 0.015 0.015 0.015 0.015 0.015 0.0135701 0.015 0.015 0.015 0.015 0.015 0.015 0.015 0.015 0.015 0.0136152 0.015 0.015 0.015 0.015 0.015 0.015 0.015 0.015 0.015 0.0135663 0.015 0.015 0.015 0.015 0.015 0.015 0.015 0.015 0.015 0.0136424 0.015 0.015 0.015 0.015 0.015 0.015 0.015 0.015 0.015 0.0136266 0.015 0.015 0.015 0.015 0.015 0.015 0.015 0.015 0.015 0.0135793 0.015 0.015 0.015 0.015 0.015 0.015 0.015 0.015 0.015 0.0136263 0.015 0.015 0.015 0.015 0.015 0.015 0.015 0.015 0.015 0.0135857 0.015 0.015 0.015 0.015 0.015 0.015 0.015 0.015 0.015 0.0136177 0.015 0.015 0.015 0.015 0.015 0.015 0.015 0.015 0.015 0.0136474 0.015 0.015 0.015 0.015 0.015 0.015 0.015 0.015 0.015 0.0136012 0.015 0.015 0.015 0.015 0.015 0.015 0.015 0.015 0.015 0.0136052 0.015 0.015 0.015 0.015 0.015 0.015 0.015 0.015 0.015 0.0136536 0.015 0.015 0.015 0.015 0.015 0.015 0.015 0.015 0.015 0.0135678 0.015 0.015 0.015 0.015 0.015 0.015 0.015 0.015 0.015 0.0136157 0.015 0.015 0.015 0.015 0.015 0.015 0.015 0.015 0.015 0.0135737 0.015 0.015 0.015 0.015 0.015 0.015 0.015 0.015 0.015 0.0136244 0.015 0.015 0.015 0.0136031 0.015 0.015 0.0136475 0.015 0.015 0.015 0.015 0.015 0.015 0.013635 0.015 0.015 0.0135685 0.015 0.015 0.015 0.015 0.015 0.015 0.0136091 0.015 0.015 0.013602 0.015 0.015 0.015 0.015 0.015 0.015 0.0136109 0.015 0.015 0.0135876 0.015 0.015 0.015 0.015 0.015 0.015 0.013634 0.015 0.015 0.0135847 0.015 0.015 0.015 0.015 0.015 0.015 0.0136079 0.015 0.015 0.0135732 0.015 0.015 0.015 0.015 0.015 0.015 0.0135959 0.015 0.015 0.0136265 0.015 0.015 0.015 0.015 0.015 0.015 0.0135942 0.015 0.015 0.0136175 0.015 0.015 0.015 0.015 0.015 0.015 0.0135663 0.015 0.015 0.0136432 0.015 0.015 0.015 0.015 0.015 0.015 0.0136181 0.015 0.015 0.0136339 0.015 0.015 0.015 0.015 0.015 0.015 0.015 0.015 0.015 0.015 0.015 0.015 0.015 0.015 0.015 0.015 0.015 0.015 0.015 0.015 0.015 0.015 0.015 0.015 0.015 0.015 0.015 0.015 0.015 0.015 0.015 0.015 0.015 0.015 0.015 0.015 0.015 0.015 0.015 0.015 0.015 0.015 0.015 0.015 0.015 0.015 0.015 0.015 0.015 0.015 0.015 0.015 0.015 0.015 0.015 0.015 0.015 0.015 0.015 0.015 0.015 0.015 0.015 0.015 0.015 0.015 0.015 0.015 0.015 0.015 0.015 0.015 0.015 0.015 0.015 0.015 0.015 0.015 0.015 0.015 0.015 0.015 0.015 0.015 0.015 0.015 0.015 0.015 0.015 0.015 0.015 0.015 0.015 0.015 0.015 0.015 0.015 0.015 0.015 0.015 0.015 0.015 0.015 0.015 0.015 0.015 0.015 0.015 0.015 0.015 0.015 0.015 0.0135842 0.015 0.015 0.015 0.015 0.015 0.015 0.015 0.015 0.015 0.013611 0.015 0.015 0.015 0.015 0.015 0.015 0.015 0.015 0.015 0.0136368 0.015 0.015 0.015 0.015 0.015 0.015 0.015 0.015 0.015 0.0136017 0.015 0.015 0.015 0.015 0.015 0.015 0.015 0.015 0.015 0.0136376 0.015 0.015 0.015 0.015 0.015 0.015 0.015 0.015 0.015 0.0136318 0.015 0.015 0.015 0.015 0.015 0.015 0.015 0.015 0.015 0.013591 0.015 0.015 0.015 0.015 0.015 0.015 0.015 0.015 0.015 0.0136528 0.015 0.015 0.015 0.015 0.015 0.015 0.015 0.015 0.015 0.0136094 0.015 0.015 0.015 0.015 0.015 0.015 0.015 0.015 0.015 0.013568 0.015 0.015 0.015 0.0135655 0.015 0.015 0.0136531 0.015 0.015 0.015 0.015 0.015 0.015 0.0136342 0.015 0.015 0.0136031 0.015 0.015 0.015 0.015 0.015 0.015 0.0136292 0.015 0.015 0.0135821 0.015 0.015 0.015 0.015 0.015 0.015 0.0135824 0.015 0.015 0.0136304 0.015 0.015 0.015 0.015 0.015 0.015 0.0136332 0.015 0.015 0.0136433 0.015 0.015 0.015 0.015 0.015 0.015 0.0136171 0.015 0.015 0.0135735 0.015 0.015 0.015 0.015 0.015 0.015 0.0135893 0.015 0.015 0.0136051 0.015 0.015 0.015 0.015 0.015 0.015 0.013582 0.015 0.015 0.0136068 0.015 0.015 0.015 0.015 0.015 0.015 0.0135806 0.015 0.015 0.0135881 0.015 0.015 0.015 0.015 0.015 0.015 0.0136176 0.015 0.015 0.0136202 0.015 0.015 0.015 0.015 0.015 0.015 0.015 0.015 0.015 0.015 0.015 0.015 0.015 0.015 0.015 0.015 0.015 0.015 0.015 0.015 0.015 0.015 0.015 0.015 0.015 0.015 0.015 0.015 0.015 0.015 0.015 0.015 0.015 0.015 0.015 0.015 0.015 0.015 0.015 0.015 0.015 0.015 0.015 0.015 0.015 0.015 0.015 0.015 0.015 0.015 0.015 0.015 0.015 0.015 0.015 0.015 0.015 0.015 0.015 0.015 0.015 0.015 0.015 0.015 0.015 0.015 0.015 0.015 0.015 0.015 0.015 0.015 0.015 0.015 0.015 0.015 0.015 0.015 0.015 0.015 0.015 0.015 0.015 0.015 0.015 0.015 0.015 0.015 0.015 0.015 0.015 0.015 0.015 0.015 0.015 0.015 0.015 0.015 0.015 0.015 0.015 0.015 0.015 0.015 0.015 0.015 0.015 0.015 0.015 0.015 0.015 0.015 0.0135745 0.015 0.015 0.015 0.015 0.015 0.015 0.015 0.015 0.015 0.0136485 0.015 0.015 0.015 0.015 0.015 0.015 0.015 0.015 0.015 0.0136352 0.015 0.015 0.015 0.015 0.015 0.015 0.015 0.015 0.015 0.0135995 0.015 0.015 0.015 0.015 0.015 0.015 0.015 0.015 0.015 0.0135862 0.015 0.015 0.015 0.015 0.015 0.015 0.015 0.015 0.015 0.0135945 0.015 0.015 0.015 0.015 0.015 0.015 0.015 0.015 0.015 0.013633 0.015 0.015 0.015 0.015 0.015 0.015 0.015 0.015 0.015 0.0135739 0.015 0.015 0.015 0.015 0.015 0.015 0.015 0.015 0.015 0.0135901 0.015 0.015 0.015 0.015 0.015 0.015 0.015 0.015 0.015 0.0135657 0.015 0.015 0.015 0.013639 0.015 0.015 0.0136477 0.015 0.015 0.015 0.015 0.015 0.015 0.0136231 0.015 0.015 0.0136467 0.015 0.015 0.015 0.015 0.015 0.015 0.013596 0.015 0.015 0.0135796 0.015 0.015 0.015 0.015 0.015 0.015 0.0136545 0.015 0.015 0.0136038 0.015 0.015 0.015 0.015 0.015 0.015 0.0135816 0.015 0.015 0.0136424 0.015 0.015 0.015 0.015 0.015 0.015 0.013573 0.015 0.015 0.0135776 0.015 0.015 0.015 0.015 0.015 0.015 0.0136374 0.015 0.015 0.0136389 0.015 0.015 0.015 0.015 0.015 0.015 0.0135928 0.015 0.015 0.0135724 0.015 0.015 0.015 0.015 0.015 0.015 0.0136396 0.015 0.015 0.0135655 0.015 0.015 0.015 0.015 0.015 0.015 0.0136109 0.015 0.015 0.013566 0.015 0.015 0.015 0.015 0.015 0.015 0.015 0.015 0.015 0.015 0.015 0.015 0.015 0.015 0.015 0.015 0.015 0.015 0.015 0.015 0.015 0.015 0.015 0.015 0.015 0.015 0.015 0.015 0.015 0.015 0.015 0.015 0.015 0.015 0.015 0.015 0.015 0.015 0.015 0.015 0.015 0.015 0.015 0.015 0.015 0.015 0.015 0.015 0.015 0.015 0.015 0.015 0.015 0.015 0.015 0.015 0.015 0.015 0.015 0.015 0.015 0.015 0.015 0.015 0.015 0.015 0.015 0.015 0.015 0.015 0.015 0.015 0.015 0.015 0.015 0.015 0.015 0.015 0.015 0.015 0.015 0.015 0.015 0.015 0.015 0.015 0.015 0.015 0.015 0.015 0.015 0.015 0.015 0.015 0.015 0.015 0.015 0.015 0.015 0.015 0.015 0.015 0.015 0.015 0.015 0.015 0.015 0.015 0.015 0.015 0.015 0.015 0.013613 0.015 0.015 0.015 0.015 0.015 0.015 0.015 0.015 0.015 0.0136146 0.015 0.015 0.015 0.015 0.015 0.015 0.015 0.015 0.015 0.0136069 0.015 0.015 0.015 0.015 0.015 0.015 0.015 0.015 0.015 0.0136048 0.015 0.015 0.015 0.015 0.015 0.015 0.015 0.015 0.015 0.0135872 0.015 0.015 0.015 0.015 0.015 0.015 0.015 0.015 0.015 0.013592 0.015 0.015 0.015 0.015 0.015 0.015 0.015 0.015 0.015 0.0136473 0.015 0.015 0.015 0.015 0.015 0.015 0.015 0.015 0.015 0.0136018 0.015 0.015 0.015 0.015 0.015 0.015 0.015 0.015 0.015 0.0135673 0.015 0.015 0.015 0.015 0.015 0.015 0.015 0.015 0.015 0.013596 0.015 0.015 0.015 0.015 0.015 0.015 0.015 0.015 0.015 0.0135738 0.015 0.015 0.015 0.015 0.015 0.015 0.015 0.015 0.015 0.0136237 0.015 0.015 0.015 0.015 0.015 0.015 0.015 0.015 0.015 0.0135799 0.015 0.015 0.015 0.015 0.015 0.015 0.015 0.015 0.015 0.0135692 0.015 0.015 0.015 0.015 0.015 0.015 0.015 0.015 0.015 0.0136 0.015 0.015 0.015 0.015 0.015 0.015 0.015 0.015 0.015 0.013629 0.015 0.015 0.015 0.015 0.015 0.015 0.015 0.015 0.015 0.0135874 0.015 0.015 0.015 0.015 0.015 0.015 0.015 0.015 0.015 0.0135655 0.015 0.015 0.015 0.015 0.015 0.015 0.015 0.015 0.015 0.0136144 0.015 0.015 0.015 0.015 0.015 0.015 0.015 0.015 0.015 0.0136465 0.015 0.015 0.015 0.0136326 0.015 0.015 0.0135902 0.015 0.015 0.015 0.015 0.015 0.015 0.0136015 0.015 0.015 0.0136438 0.015 0.015 0.015 0.015 0.015 0.015 0.0136047 0.015 0.015 0.0136465 0.015 0.015 0.015 0.015 0.015 0.015 0.0136493 0.015 0.015 0.0136258 0.015 0.015 0.015 0.015 0.015 0.015 0.0135986 0.015 0.015 0.0136469 0.015 0.015 0.015 0.015 0.015 0.015 0.0136411 0.015 0.015 0.0136498 0.015 0.015 0.015 0.015 0.015 0.015 0.0136273 0.015 0.015 0.0136108 0.015 0.015 0.015 0.015 0.015 0.015 0.0135813 0.015 0.015 0.0136007 0.015 0.015 0.015 0.015 0.015 0.015 0.0136381 0.015 0.015 0.0136387 0.015 0.015 0.015 0.015 0.015 0.015 0.0136176 0.015 0.015 0.0136183 0.015 0.015 0.015 0.015 0.015 0.015 0.015 0.015 0.015 0.015 0.015 0.015 0.015 0.015 0.015 0.015 0.015 0.015 0.015 0.015 0.015 0.015 0.015 0.015 0.015 0.015 0.015 0.015 0.015 0.015 0.015 0.015 0.015 0.015 0.015 0.015 0.015 0.015 0.015 0.015 0.015 0.015 0.015 0.015 0.015 0.015 0.015 0.015 0.015 0.015 0.015 0.015 0.015 0.015 0.015 0.015 0.015 0.015 0.015 0.015 0.015 0.015 0.015 0.015 0.015 0.015 0.015 0.015 0.015 0.015 0.015 0.015 0.015 0.015 0.015 0.015 0.015 0.015 0.015 0.015 0.015 0.015 0.015 0.015 0.015 0.015 0.015 0.015 0.015 0.015 0.015 0.015 0.015 0.015 0.015 0.015 0.015 0.015 0.015 0.015 0.015 0.015 0.015 0.015 0.015 0.015 0.015 0.015 0.015 0.015 0.015 0.015 0.0136414 0.015 0.015 0.015 0.015 0.015 0.015 0.015 0.015 0.015 0.0136194 0.015 0.015 0.015 0.015 0.015 0.015 0.015 0.015 0.015 0.0135881 0.015 0.015 0.015 0.015 0.015 0.015 0.015 0.015 0.015 0.013597 0.015 0.015 0.015 0.015 0.015 0.015 0.015 0.015 0.015 0.0135776 0.015 0.015 0.015 0.015 0.015 0.015 0.015 0.015 0.015 0.0135887 0.015 0.015 0.015 0.015 0.015 0.015 0.015 0.015 0.015 0.0136312 0.015 0.015 0.015 0.015 0.015 0.015 0.015 0.015 0.015 0.0136002 0.015 0.015 0.015 0.015 0.015 0.015 0.015 0.015 0.015 0.0135683 0.015 0.015 0.015 0.015 0.015 0.015 0.015 0.015 0.015 0.0136432 0.015 0.015 0.015 0.0136404 0.015 0.015 0.0136121 0.015 0.015 0.015 0.015 0.015 0.015 0.0136209 0.015 0.015 0.0136371 0.015 0.015 0.015 0.015 0.015 0.015 0.0136185 0.015 0.015 0.0136052 0.015 0.015 0.015 0.015 0.015 0.015 0.0136254 0.015 0.015 0.013649 0.015 0.015 0.015 0.015 0.015 0.015 0.0135885 0.015 0.015 0.013575 0.015 0.015 0.015 0.015 0.015 0.015 0.0135907 0.015 0.015 0.0135911 0.015 0.015 0.015 0.015 0.015 0.015 0.0135959 0.015 0.015 0.0135757 0.015 0.015 0.015 0.015 0.015 0.015 0.0136036 0.015 0.015 0.0135691 0.015 0.015 0.015 0.015 0.015 0.015 0.0135669 0.015 0.015 0.0136425 0.015 0.015 0.015 0.015 0.015 0.015 0.013592 0.015 0.015 0.0136541 0.015 0.015 0.015 0.015 0.015 0.015 0.015 0.015 0.015 0.015 0.015 0.015 0.015 0.015 0.015 0.015 0.015 0.015 0.015 0.015 0.015 0.015 0.015 0.015 0.015 0.015 0.015 0.015 0.015 0.015 0.015 0.015 0.015 0.015 0.015 0.015 0.015 0.015 0.015 0.015 0.015 0.015 0.015 0.015 0.015 0.015 0.015 0.015 0.015 0.015 0.015 0.015 0.015 0.015 0.015 0.015 0.015 0.015 0.015 0.015 0.015 0.015 0.015 0.015 0.015 0.015 0.015 0.015 0.015 0.015 0.015 0.015 0.015 0.015 0.015 0.015 0.015 0.015 0.015 0.015 0.015 0.015 0.015 0.015 0.015 0.015 0.015 0.015 0.015 0.015 0.015 0.015 0.015 0.015 0.015 0.015 0.015 0.015 0.015 0.015 0.015 0.015 0.015 0.015 0.015 0.015 0.015 0.015 0.015 0.015 0.015 0.015 0.013567 0.015 0.015 0.015 0.015 0.015 0.015 0.015 0.015 0.015 0.0136484 0.015 0.015 0.015 0.015 0.015 0.015 0.015 0.015 0.015 0.0136455 0.015 0.015 0.015 0.015 0.015 0.015 0.015 0.015 0.015 0.0136122 0.015 0.015 0.015 0.015 0.015 0.015 0.015 0.015 0.015 0.0136299 0.015 0.015 0.015 0.015 0.015 0.015 0.015 0.015 0.015 0.0136453 0.015 0.015 0.015 0.015 0.015 0.015 0.015 0.015 0.015 0.0136263 0.015 0.015 0.015 0.015 0.015 0.015 0.015 0.015 0.015 0.0135928 0.015 0.015 0.015 0.015 0.015 0.015 0.015 0.015 0.015 0.0136501 0.015 0.015 0.015 0.015 0.015 0.015 0.015 0.015 0.015 0.0135707 0.015 0.015 0.015 0.0135721 0.015 0.015 0.0135888 0.015 0.015 0.015 0.015 0.015 0.015 0.013582 0.015 0.015 0.0135752 0.015 0.015 0.015 0.015 0.015 0.015 0.0136293 0.015 0.015 0.0136396 0.015 0.015 0.015 0.015 0.015 0.015 0.0136227 0.015 0.015 0.013652 0.015 0.015 0.015 0.015 0.015 0.015 0.0135982 0.015 0.015 0.0136476 0.015 0.015 0.015 0.015 0.015 0.015 0.013617 0.015 0.015 0.0136331 0.015 0.015 0.015 0.015 0.015 0.015 0.0135878 0.015 0.015 0.0135927 0.015 0.015 0.015 0.015 0.015 0.015 0.0135657 0.015 0.015 0.0136126 0.015 0.015 0.015 0.015 0.015 0.015 0.0135805 0.015 0.015 0.0135713 0.015 0.015 0.015 0.015 0.015 0.015 0.0136094 0.015 0.015 0.0136331 0.015 0.015 0.015 0.015 0.015 0.015 0.015 0.015 0.015 0.015 0.015 0.015 0.015 0.015 0.015 0.015 0.015 0.015 0.015 0.015 0.015 0.015 0.015 0.015 0.015 0.015 0.015 0.015 0.015 0.015 0.015 0.015 0.015 0.015 0.015 0.015 0.015 0.015 0.015 0.015 0.015 0.015 0.015 0.015 0.015 0.015 0.015 0.015 0.015 0.015 0.015 0.015 0.015 0.015 0.015 0.015 0.015 0.015 0.015 0.015 0.015 0.015 0.015 0.015 0.015 0.015 0.015 0.015 0.015 0.015 0.015 0.015 0.015 0.015 0.015 0.015 0.015 0.015 0.015 0.015 0.015 0.015 0.015 0.015 0.015 0.015 0.015 0.015 0.015 0.015 0.015 0.015 0.015 0.015 0.015 0.015 0.015 0.015 0.015 0.015 0.015 0.015 0.015 0.015 0.015 0.015 0.015 0.015 0.015 0.015 0.015 0.015 0.0136124 0.015 0.015 0.015 0.015 0.015 0.015 0.015 0.015 0.015 0.013635 0.015 0.015 0.015 0.015 0.015 0.015 0.015 0.015 0.015 0.0135843 0.015 0.015 0.015 0.015 0.015 0.015 0.015 0.015 0.015 0.0136217 0.015 0.015 0.015 0.015 0.015 0.015 0.015 0.015 0.015 0.0135662 0.015 0.015 0.015 0.015 0.015 0.015 0.015 0.015 0.015 0.013625 0.015 0.015 0.015 0.015 0.015 0.015 0.015 0.015 0.015 0.0136448 0.015 0.015 0.015 0.015 0.015 0.015 0.015 0.015 0.015 0.0136264 0.015 0.015 0.015 0.015 0.015 0.015 0.015 0.015 0.015 0.0136062 0.015 0.015 0.015 0.015 0.015 0.015 0.015 0.015 0.015 0.0136178 0.015 0.015 0.015 0.015 0.015 0.015 0.015 0.015 0.015 0.0136385 0.015 0.015 0.015 0.015 0.015 0.015 0.015 0.015 0.015 0.0136514 0.015 0.015 0.015 0.015 0.015 0.015 0.015 0.015 0.015 0.0135974 0.015 0.015 0.015 0.015 0.015 0.015 0.015 0.015 0.015 0.0136326 0.015 0.015 0.015 0.015 0.015 0.015 0.015 0.015 0.015 0.0136216 0.015 0.015 0.015 0.015 0.015 0.015 0.015 0.015 0.015 0.0136088 0.015 0.015 0.015 0.015 0.015 0.015 0.015 0.015 0.015 0.0136249 0.015 0.015 0.015 0.015 0.015 0.015 0.015 0.015 0.015 0.0135655 0.015 0.015 0.015 0.015 0.015 0.015 0.015 0.015 0.015 0.0135941 0.015 0.015 0.015 0.015 0.015 0.015 0.015 0.015 0.015 0.0135894 0.015 0.015 0.015 0.0136477 0.015 0.015 0.0136014 0.015 0.015 0.015 0.015 0.015 0.015 0.0135948 0.015 0.015 0.0135871 0.015 0.015 0.015 0.015 0.015 0.015 0.0136219 0.015 0.015 0.0136249 0.015 0.015 0.015 0.015 0.015 0.015 0.0135929 0.015 0.015 0.0136207 0.015 0.015 0.015 0.015 0.015 0.015 0.013648 0.015 0.015 0.0135809 0.015 0.015 0.015 0.015 0.015 0.015 0.0136053 0.015 0.015 0.0136364 0.015 0.015 0.015 0.015 0.015 0.015 0.0136111 0.015 0.015 0.0136396 0.015 0.015 0.015 0.015 0.015 0.015 0.0136146 0.015 0.015 0.0135876 0.015 0.015 0.015 0.015 0.015 0.015 0.0136523 0.015 0.015 0.0136077 0.015 0.015 0.015 0.015 0.015 0.015 0.0135661 0.015 0.015 0.0136257 0.015 0.015 0.015 0.015 0.015 0.015 0.015 0.015 0.015 0.015 0.015 0.015 0.015 0.015 0.015 0.015 0.015 0.015 0.015 0.015 0.015 0.015 0.015 0.015 0.015 0.015 0.015 0.015 0.015 0.015 0.015 0.015 0.015 0.015 0.015 0.015 0.015 0.015 0.015 0.015 0.015 0.015 0.015 0.015 0.015 0.015 0.015 0.015 0.015 0.015 0.015 0.015 0.015 0.015 0.015 0.015 0.015 0.015 0.015 0.015 0.015 0.015 0.015 0.015 0.015 0.015 0.015 0.015 0.015 0.015 0.015 0.015 0.015 0.015 0.015 0.015 0.015 0.015 0.015 0.015 0.015 0.015 0.015 0.015 0.015 0.015 0.015 0.015 0.015 0.015 0.015 0.015 0.015 0.015 0.015 0.015 0.015 0.015 0.015 0.015 0.015 0.015 0.015 0.015 0.015 0.015 0.015 0.015 0.015 0.015 0.015 0.015 0.0136236 0.015 0.015 0.015 0.015 0.015 0.015 0.015 0.015 0.015 0.0135985 0.015 0.015 0.015 0.015 0.015 0.015 0.015 0.015 0.015 0.0136323 0.015 0.015 0.015 0.015 0.015 0.015 0.015 0.015 0.015 0.0135897 0.015 0.015 0.015 0.015 0.015 0.015 0.015 0.015 0.015 0.0136507 0.015 0.015 0.015 0.015 0.015 0.015 0.015 0.015 0.015 0.0136119 0.015 0.015 0.015 0.015 0.015 0.015 0.015 0.015 0.015 0.0136382 0.015 0.015 0.015 0.015 0.015 0.015 0.015 0.015 0.015 0.0136466 0.015 0.015 0.015 0.015 0.015 0.015 0.015 0.015 0.015 0.0135798 0.015 0.015 0.015 0.015 0.015 0.015 0.015 0.015 0.015 0.013641 0.015 0.015 0.015 0.0135994 0.015 0.015 0.0135803 0.015 0.015 0.015 0.015 0.015 0.015 0.0135692 0.015 0.015 0.0136486 0.015 0.015 0.015 0.015 0.015 0.015 0.0135867 0.015 0.015 0.013587 0.015 0.015 0.015 0.015 0.015 0.015 0.0136229 0.015 0.015 0.0135685 0.015 0.015 0.015 0.015 0.015 0.015 0.0136036 0.015 0.015 0.0136002 0.015 0.015 0.015 0.015 0.015 0.015 0.013588 0.015 0.015 0.013651 0.015 0.015 0.015 0.015 0.015 0.015 0.0135977 0.015 0.015 0.0136358 0.015 0.015 0.015 0.015 0.015 0.015 0.0136549 0.015 0.015 0.0136462 0.015 0.015 0.015 0.015 0.015 0.015 0.0136374 0.015 0.015 0.0136148 0.015 0.015 0.015 0.015 0.015 0.015 0.0135872 0.015 0.015 0.0136069 0.015 0.015 0.015 0.015 0.015 0.015 0.015 0.015 0.015 0.015 0.015 0.015 0.015 0.015 0.015 0.015 0.015 0.015 0.015 0.015 0.015 0.015 0.015 0.015 0.015 0.015 0.015 0.015 0.015 0.015 0.015 0.015 0.015 0.015 0.015 0.015 0.015 0.015 0.015 0.015 0.015 0.015 0.015 0.015 0.015 0.015 0.015 0.015 0.015 0.015 0.015 0.015 0.015 0.015 0.015 0.015 0.015 0.015 0.015 0.015 0.015 0.015 0.015 0.015 0.015 0.015 0.015 0.015 0.015 0.015 0.015 0.015 0.015 0.015 0.015 0.015 0.015 0.015 0.015 0.015 0.015 0.015 0.015 0.015 0.015 0.015 0.015 0.015 0.015 0.015 0.015 0.015 0.015 0.015 0.015 0.015 0.015 0.015 0.015 0.015 0.015 0.015 0.015 0.015 0.015 0.015 0.015 0.015 0.015 0.015 0.015 0.015 0.0135841 0.015 0.015 0.015 0.015 0.015 0.015 0.015 0.015 0.015 0.0136224 0.015 0.015 0.015 0.015 0.015 0.015 0.015 0.015 0.015 0.0135951 0.015 0.015 0.015 0.015 0.015 0.015 0.015 0.015 0.015 0.0135984 0.015 0.015 0.015 0.015 0.015 0.015 0.015 0.015 0.015 0.0135768 0.015 0.015 0.015 0.015 0.015 0.015 0.015 0.015 0.015 0.0136253 0.015 0.015 0.015 0.015 0.015 0.015 0.015 0.015 0.015 0.0135686 0.015 0.015 0.015 0.015 0.015 0.015 0.015 0.015 0.015 0.0136265 0.015 0.015 0.015 0.015 0.015 0.015 0.015 0.015 0.015 0.0136199 0.015 0.015 0.015 0.015 0.015 0.015 0.015 0.015 0.015 0.0135661 0.015 0.015 0.015 0.0135838 0.015 0.015 0.0136151 0.015 0.015 0.015 0.015 0.015 0.015 0.0135877 0.015 0.015 0.0136204 0.015 0.015 0.015 0.015 0.015 0.015 0.0135884 0.015 0.015 0.013641 0.015 0.015 0.015 0.015 0.015 0.015 0.0136045 0.015 0.015 0.0136437 0.015 0.015 0.015 0.015 0.015 0.015 0.0136312 0.015 0.015 0.0135688 0.015 0.015 0.015 0.015 0.015 0.015 0.0135958 0.015 0.015 0.0136484 0.015 0.015 0.015 0.015 0.015 0.015 0.0136213 0.015 0.015 0.0136323 0.015 0.015 0.015 0.015 0.015 0.015 0.0136057 0.015 0.015 0.0135891 0.015 0.015 0.015 0.015 0.015 0.015 0.0136272 0.015 0.015 0.0136081 0.015 0.015 0.015 0.015 0.015 0.015 0.0135667 0.015 0.015 0.0135856 0.015 0.015 0.015 0.015 0.015 0.015 0.015 0.015 0.015 0.015 0.015 0.015 0.015 0.015 0.015 0.015 0.015 0.015 0.015 0.015 0.015 0.015 0.015 0.015 0.015 0.015 0.015 0.015 0.015 0.015 0.015 0.015 0.015 0.015 0.015 0.015 0.015 0.015 0.015 0.015 0.015 0.015 0.015 0.015 0.015 0.015 0.015 0.015 0.015 0.015 0.015 0.015 0.015 0.015 0.015 0.015 0.015 0.015 0.015 0.015 0.015 0.015 0.015 0.015 0.015 0.015 0.015 0.015 0.015 0.015 0.015 0.015 0.015 0.015 0.015 0.015 0.015 0.015 0.015 0.015 0.015 0.015 0.015 0.015 0.015 0.015 0.015 0.015 0.015 0.015 0.015 0.015 0.015 0.015 0.015 0.015 0.015 0.015 0.015 0.015 0.015 0.015 0.015 0.015 0.015 0.015 0.015 0.015 0.015 0.015 0.015 0.015 0.0135879 0.015 0.015 0.015 0.015 0.015 0.015 0.015 0.015 0.015 0.0136325 0.015 0.015 0.015 0.015 0.015 0.015 0.015 0.015 0.015 0.0136138 0.015 0.015 0.015 0.015 0.015 0.015 0.015 0.015 0.015 0.0136151 0.015 0.015 0.015 0.015 0.015 0.015 0.015 0.015 0.015 0.0136111 0.015 0.015 0.015 0.015 0.015 0.015 0.015 0.015 0.015 0.013609 0.015 0.015 0.015 0.015 0.015 0.015 0.015 0.015 0.015 0.0135658 0.015 0.015 0.015 0.015 0.015 0.015 0.015 0.015 0.015 0.013573 0.015 0.015 0.015 0.015 0.015 0.015 0.015 0.015 0.015 0.0136225 0.015 0.015 0.015 0.015 0.015 0.015 0.015 0.015 0.015 0.0136241 0.015 0.015 0.015 0.015 0.015 0.015 0.015 0.015 0.015 0.0136251 0.015 0.015 0.015 0.015 0.015 0.015 0.015 0.015 0.015 0.0136188 0.015 0.015 0.015 0.015 0.015 0.015 0.015 0.015 0.015 0.0136089 0.015 0.015 0.015 0.015 0.015 0.015 0.015 0.015 0.015 0.0135937 0.015 0.015 0.015 0.015 0.015 0.015 0.015 0.015 0.015 0.0135714 0.015 0.015 0.015 0.015 0.015 0.015 0.015 0.015 0.015 0.0136056 0.015 0.015 0.015 0.015 0.015 0.015 0.015 0.015 0.015 0.0135934 0.015 0.015 0.015 0.015 0.015 0.015 0.015 0.015 0.015 0.0136488 0.015 0.015 0.015 0.015 0.015 0.015 0.015 0.015 0.015 0.0135853 0.015 0.015 0.015 0.015 0.015 0.015 0.015 0.015 0.015 0.0136192 0.015 0.015 0.015 0.0136442 0.015 0.015 0.013597 0.015 0.015 0.015 0.015 0.015 0.015 0.0136154 0.015 0.015 0.0135689 0.015 0.015 0.015 0.015 0.015 0.015 0.0135853 0.015 0.015 0.0135747 0.015 0.015 0.015 0.015 0.015 0.015 0.0136317 0.015 0.015 0.0136333 0.015 0.015 0.015 0.015 0.015 0.015 0.0136205 0.015 0.015 0.0136479 0.015 0.015 0.015 0.015 0.015 0.015 0.0136126 0.015 0.015 0.013571 0.015 0.015 0.015 0.015 0.015 0.015 0.0136539 0.015 0.015 0.0136401 0.015 0.015 0.015 0.015 0.015 0.015 0.013587 0.015 0.015 0.0136131 0.015 0.015 0.015 0.015 0.015 0.015 0.0136398 0.015 0.015 0.0135997 0.015 0.015 0.015 0.015 0.015 0.015 0.013608 0.015 0.015 0.0136521 0.015 0.015 0.015 0.015 0.015 0.015 0.015 0.015 0.015 0.015 0.015 0.015 0.015 0.015 0.015 0.015 0.015 0.015 0.015 0.015 0.015 0.015 0.015 0.015 0.015 0.015 0.015 0.015 0.015 0.015 0.015 0.015 0.015 0.015 0.015 0.015 0.015 0.015 0.015 0.015 0.015 0.015 0.015 0.015 0.015 0.015 0.015 0.015 0.015 0.015 0.015 0.015 0.015 0.015 0.015 0.015 0.015 0.015 0.015 0.015 0.015 0.015 0.015 0.015 0.015 0.015 0.015 0.015 0.015 0.015 0.015 0.015 0.015 0.015 0.015 0.015 0.015 0.015 0.015 0.015 0.015 0.015 0.015 0.015 0.015 0.015 0.015 0.015 0.015 0.015 0.015 0.015 0.015 0.015 0.015 0.015 0.015 0.015 0.015 0.015 0.015 0.015 0.015 0.015 0.015 0.015 0.015 0.015 0.015 0.015 0.015 0.015 0.0136244 0.015 0.015 0.015 0.015 0.015 0.015 0.015 0.015 0.015 0.0135812 0.015 0.015 0.015 0.015 0.015 0.015 0.015 0.015 0.015 0.0135881 0.015 0.015 0.015 0.015 0.015 0.015 0.015 0.015 0.015 0.0136304 0.015 0.015 0.015 0.015 0.015 0.015 0.015 0.015 0.015 0.0135945 0.015 0.015 0.015 0.015 0.015 0.015 0.015 0.015 0.015 0.0135793 0.015 0.015 0.015 0.015 0.015 0.015 0.015 0.015 0.015 0.0136501 0.015 0.015 0.015 0.015 0.015 0.015 0.015 0.015 0.015 0.0135769 0.015 0.015 0.015 0.015 0.015 0.015 0.015 0.015 0.015 0.013633 0.015 0.015 0.015 0.015 0.015 0.015 0.015 0.015 0.015 0.0135652 0.015 0.015 0.015 0.0136156 0.015 0.015 0.0136342 0.015 0.015 0.015 0.015 0.015 0.015 0.0136316 0.015 0.015 0.0135694 0.015 0.015 0.015 0.015 0.015 0.015 0.0136027 0.015 0.015 0.0136151 0.015 0.015 0.015 0.015 0.015 0.015 0.013582 0.015 0.015 0.0136492 0.015 0.015 0.015 0.015 0.015 0.015 0.0135882 0.015 0.015 0.013652 0.015 0.015 0.015 0.015 0.015 0.015 0.0135998 0.015 0.015 0.0136421 0.015 0.015 0.015 0.015 0.015 0.015 0.0135712 0.015 0.015 0.0135772 0.015 0.015 0.015 0.015 0.015 0.015 0.0135785 0.015 0.015 0.0136115 0.015 0.015 0.015 0.015 0.015 0.015 0.0135733 0.015 0.015 0.0136139 0.015 0.015 0.015 0.015 0.015 0.015 0.0135879 0.015 0.015 0.0136246 0.015 0.015 0.015 0.015 0.015 0.015 0.015 0.015 0.015 0.015 0.015 0.015 0.015 0.015 0.015 0.015 0.015 0.015 0.015 0.015 0.015 0.015 0.015 0.015 0.015 0.015 0.015 0.015 0.015 0.015 0.015 0.015 0.015 0.015 0.015 0.015 0.015 0.015 0.015 0.015 0.015 0.015 0.015 0.015 0.015 0.015 0.015 0.015 0.015 0.015 0.015 0.015 0.015 0.015 0.015 0.015 0.015 0.015 0.015 0.015 0.015 0.015 0.015 0.015 0.015 0.015 0.015 0.015 0.015 0.015 0.015 0.015 0.015 0.015 0.015 0.015 0.015 0.015 0.015 0.015 0.015 0.015 0.015 0.015 0.015 0.015 0.015 0.015 0.015 0.015 0.015 0.015 0.015 0.015 0.015 0.015 0.015 0.015 0.015 0.015 0.015 0.015 0.015 0.015 0.015 0.015 0.015 0.015 0.015 0.015 0.015 0.015 0.0135666 0.015 0.015 0.015 0.015 0.015 0.015 0.015 0.015 0.015 0.0135805 0.015 0.015 0.015 0.015 0.015 0.015 0.015 0.015 0.015 0.0135802 0.015 0.015 0.015 0.015 0.015 0.015 0.015 0.015 0.015 0.0135832 0.015 0.015 0.015 0.015 0.015 0.015 0.015 0.015 0.015 0.0136353 0.015 0.015 0.015 0.015 0.015 0.015 0.015 0.015 0.015 0.0136344 0.015 0.015 0.015 0.015 0.015 0.015 0.015 0.015 0.015 0.0136419 0.015 0.015 0.015 0.015 0.015 0.015 0.015 0.015 0.015 0.0136345 0.015 0.015 0.015 0.015 0.015 0.015 0.015 0.015 0.015 0.0135711 0.015 0.015 0.015 0.015 0.015 0.015 0.015 0.015 0.015 0.0135774 0.015 0.015 0.015 0.0136502 0.015 0.015 0.0136437 0.015 0.015 0.015 0.015 0.015 0.015 0.0136401 0.015 0.015 0.0136493 0.015 0.015 0.015 0.015 0.015 0.015 0.0136355 0.015 0.015 0.0136227 0.015 0.015 0.015 0.015 0.015 0.015 0.0136087 0.015 0.015 0.0135828 0.015 0.015 0.015 0.015 0.015 0.015 0.0135958 0.015 0.015 0.0135977 0.015 0.015 0.015 0.015 0.015 0.015 0.0136041 0.015 0.015 0.0136115 0.015 0.015 0.015 0.015 0.015 0.015 0.0136178 0.015 0.015 0.0136357 0.015 0.015 0.015 0.015 0.015 0.015 0.0136001 0.015 0.015 0.0136009 0.015 0.015 0.015 0.015 0.015 0.015 0.0136328 0.015 0.015 0.0136493 0.015 0.015 0.015 0.015 0.015 0.015 0.0136299 0.015 0.015 0.0136088 0.015 0.015 0.015 0.015 0.015 0.015 0.015 0.015 0.015 0.015 0.015 0.015 0.015 0.015 0.015 0.015 0.015 0.015 0.015 0.015 0.015 0.015 0.015 0.015 0.015 0.015 0.015 0.015 0.015 0.015 0.015 0.015 0.015 0.015 0.015 0.015 0.015 0.015 0.015 0.015 0.015 0.015 0.015 0.015 0.015 0.015 0.015 0.015 0.015 0.015 0.015 0.015 0.015 0.015 0.015 0.015 0.015 0.015 0.015 0.015 0.015 0.015 0.015 0.015 0.015 0.015 0.015 0.015 0.015 0.015 0.015 0.015 0.015 0.015 0.015 0.015 0.015 0.015 0.015 0.015 0.015 0.015 0.015 0.015 0.015 0.015 0.015 0.015 0.015 0.015 0.015 0.015 0.015 0.015 0.015 0.015 0.015 0.015 0.015 0.015 0.015 0.015 0.015 0.015 0.015 0.015 0.015 0.015 0.015 0.015 0.015 0.015 0.0135875 0.015 0.015 0.015 0.015 0.015 0.015 0.015 0.015 0.015 0.0136429 0.015 0.015 0.015 0.015 0.015 0.015 0.015 0.015 0.015 0.0136424 0.015 0.015 0.015 0.015 0.015 0.015 0.015 0.015 0.015 0.0136207 0.015 0.015 0.015 0.015 0.015 0.015 0.015 0.015 0.015 0.013615 0.015 0.015 0.015 0.015 0.015 0.015 0.015 0.015 0.015 0.013609 0.015 0.015 0.015 0.015 0.015 0.015 0.015 0.015 0.015 0.0135939 0.015 0.015 0.015 0.015 0.015 0.015 0.015 0.015 0.015 0.0136144 0.015 0.015 0.015 0.015 0.015 0.015 0.015 0.015 0.015 0.0136197 0.015 0.015 0.015 0.015 0.015 0.015 0.015 0.015 0.015 0.0136076 0.015 0.015 0.015 0.015 0.015 0.015 0.015 0.015 0.015 0.0136063 0.015 0.015 0.015 0.015 0.015 0.015 0.015 0.015 0.015 0.0135935 0.015 0.015 0.015 0.015 0.015 0.015 0.015 0.015 0.015 0.0136276 0.015 0.015 0.015 0.015 0.015 0.015 0.015 0.015 0.015 0.0135728 0.015 0.015 0.015 0.015 0.015 0.015 0.015 0.015 0.015 0.0136401 0.015 0.015 0.015 0.015 0.015 0.015 0.015 0.015 0.015 0.0135996 0.015 0.015 0.015 0.015 0.015 0.015 0.015 0.015 0.015 0.0136137 0.015 0.015 0.015 0.015 0.015 0.015 0.015 0.015 0.015 0.0135705 0.015 0.015 0.015 0.015 0.015 0.015 0.015 0.015 0.015 0.0135881 0.015 0.015 0.015 0.015 0.015 0.015 0.015 0.015 0.015 0.0135942 0.015 0.015 0.015 0.0135932 0.015 0.015 0.0136517 0.015 0.015 0.015 0.015 0.015 0.015 0.0136258 0.015 0.015 0.0136155 0.015 0.015 0.015 0.015 0.015 0.015 0.0136465 0.015 0.015 0.0136282 0.015 0.015 0.015 0.015 0.015 0.015 0.0136141 0.015 0.015 0.0136102 0.015 0.015 0.015 0.015 0.015 0.015 0.0136028 0.015 0.015 0.0136355 0.015 0.015 0.015 0.015 0.015 0.015 0.0135673 0.015 0.015 0.0136006 0.015 0.015 0.015 0.015 0.015 0.015 0.0136135 0.015 0.015 0.0135846 0.015 0.015 0.015 0.015 0.015 0.015 0.0135914 0.015 0.015 0.0135816 0.015 0.015 0.015 0.015 0.015 0.015 0.0136046 0.015 0.015 0.0136378 0.015 0.015 0.015 0.015 0.015 0.015 0.0136316 0.015 0.015 0.0136058 0.015 0.015 0.015 0.015 0.015 0.015 0.015 0.015 0.015 0.015 0.015 0.015 0.015 0.015 0.015 0.015 0.015 0.015 0.015 0.015 0.015 0.015 0.015 0.015 0.015 0.015 0.015 0.015 0.015 0.015 0.015 0.015 0.015 0.015 0.015 0.015 0.015 0.015 0.015 0.015 0.015 0.015 0.015 0.015 0.015 0.015 0.015 0.015 0.015 0.015 0.015 0.015 0.015 0.015 0.015 0.015 0.015 0.015 0.015 0.015 0.015 0.015 0.015 0.015 0.015 0.015 0.015 0.015 0.015 0.015 0.015 0.015 0.015 0.015 0.015 0.015 0.015 0.015 0.015 0.015 0.015 0.015 0.015 0.015 0.015 0.015 0.015 0.015 0.015 0.015 0.015 0.015 0.015 0.015 0.015 0.015 0.015 0.015 0.015 0.015 0.015 0.015 0.015 0.015 0.015 0.015 0.015 0.015 0.015 0.015 0.015 0.015 0.0136393 0.015 0.015 0.015 0.015 0.015 0.015 0.015 0.015 0.015 0.013641 0.015 0.015 0.015 0.015 0.015 0.015 0.015 0.015 0.015 0.0136089 0.015 0.015 0.015 0.015 0.015 0.015 0.015 0.015 0.015 0.0136435 0.015 0.015 0.015 0.015 0.015 0.015 0.015 0.015 0.015 0.0136206 0.015 0.015 0.015 0.015 0.015 0.015 0.015 0.015 0.015 0.0135798 0.015 0.015 0.015 0.015 0.015 0.015 0.015 0.015 0.015 0.0136374 0.015 0.015 0.015 0.015 0.015 0.015 0.015 0.015 0.015 0.0135946 0.015 0.015 0.015 0.015 0.015 0.015 0.015 0.015 0.015 0.0136509 0.015 0.015 0.015 0.015 0.015 0.015 0.015 0.015 0.015 0.0135696 0.015 0.015 0.015 0.013646 0.015 0.015 0.0136289 0.015 0.015 0.015 0.015 0.015 0.015 0.013582 0.015 0.015 0.0136141 0.015 0.015 0.015 0.015 0.015 0.015 0.0136091 0.015 0.015 0.0136333 0.015 0.015 0.015 0.015 0.015 0.015 0.0136397 0.015 0.015 0.0136304 0.015 0.015 0.015 0.015 0.015 0.015 0.0135809 0.015 0.015 0.0136357 0.015 0.015 0.015 0.015 0.015 0.015 0.0136094 0.015 0.015 0.0136151 0.015 0.015 0.015 0.015 0.015 0.015 0.0136118 0.015 0.015 0.0135833 0.015 0.015 0.015 0.015 0.015 0.015 0.0136297 0.015 0.015 0.0136281 0.015 0.015 0.015 0.015 0.015 0.015 0.013599 0.015 0.015 0.0136186 0.015 0.015 0.015 0.015 0.015 0.015 0.0136122 0.015 0.015 0.0135732 0.015 0.015 0.015 0.015 0.015 0.015 0.015 0.015 0.015 0.015 0.015 0.015 0.015 0.015 0.015 0.015 0.015 0.015 0.015 0.015 0.015 0.015 0.015 0.015 0.015 0.015 0.015 0.015 0.015 0.015 0.015 0.015 0.015 0.015 0.015 0.015 0.015 0.015 0.015 0.015 0.015 0.015 0.015 0.015 0.015 0.015 0.015 0.015 0.015 0.015 0.015 0.015 0.015 0.015 0.015 0.015 0.015 0.015 0.015 0.015 0.015 0.015 0.015 0.015 0.015 0.015 0.015 0.015 0.015 0.015 0.015 0.015 0.015 0.015 0.015 0.015 0.015 0.015 0.015 0.015 0.015 0.015 0.015 0.015 0.015 0.015 0.015 0.015 0.015 0.015 0.015 0.015 0.015 0.015 0.015 0.015 0.015 0.015 0.015 0.015 0.015 0.015 0.015 0.015 0.015 0.015 0.015 0.015 0.015 0.015 0.015 0.015 0.013582 0.015 0.015 0.015 0.015 0.015 0.015 0.015 0.015 0.015 0.0135715 0.015 0.015 0.015 0.015 0.015 0.015 0.015 0.015 0.015 0.0135815 0.015 0.015 0.015 0.015 0.015 0.015 0.015 0.015 0.015 0.0135774 0.015 0.015 0.015 0.015 0.015 0.015 0.015 0.015 0.015 0.0135897 0.015 0.015 0.015 0.015 0.015 0.015 0.015 0.015 0.015 0.0136093 0.015 0.015 0.015 0.015 0.015 0.015 0.015 0.015 0.015 0.0135832 0.015 0.015 0.015 0.015 0.015 0.015 0.015 0.015 0.015 0.0136475 0.015 0.015 0.015 0.015 0.015 0.015 0.015 0.015 0.015 0.0136405 0.015 0.015 0.015 0.015 0.015 0.015 0.015 0.015 0.015 0.0136138 0.015 0.015 0.015 0.013648 0.015 0.015 0.0136301 0.015 0.015 0.015 0.015 0.015 0.015 0.0136036 0.015 0.015 0.0135942 0.015 0.015 0.015 0.015 0.015 0.015 0.0136349 0.015 0.015 0.0136025 0.015 0.015 0.015 0.015 0.015 0.015 0.0135976 0.015 0.015 0.0136457 0.015 0.015 0.015 0.015 0.015 0.015 0.0136146 0.015 0.015 0.013611 0.015 0.015 0.015 0.015 0.015 0.015 0.0136134 0.015 0.015 0.0136039 0.015 0.015 0.015 0.015 0.015 0.015 0.0135699 0.015 0.015 0.0136289 0.015 0.015 0.015 0.015 0.015 0.015 0.0136165 0.015 0.015 0.0136385 0.015 0.015 0.015 0.015 0.015 0.015 0.0136132 0.015 0.015 0.0135964 0.015 0.015 0.015 0.015 0.015 0.015 0.0136477 0.015 0.015 0.0136425 0.015 0.015 0.015 0.015 0.015 0.015 0.015 0.015 0.015 0.015 0.015 0.015 0.015 0.015 0.015 0.015 0.015 0.015 0.015 0.015 0.015 0.015 0.015 0.015 0.015 0.015 0.015 0.015 0.015 0.015 0.015 0.015 0.015 0.015 0.015 0.015 0.015 0.015 0.015 0.015 0.015 0.015 0.015 0.015 0.015 0.015 0.015 0.015 0.015 0.015 0.015 0.015 0.015 0.015 0.015 0.015 0.015 0.015 0.015 0.015 0.015 0.015 0.015 0.015 0.015 0.015 0.015 0.015 0.015 0.015 0.015 0.015 0.015 0.015 0.015 0.015 0.015 0.015 0.015 0.015 0.015 0.015 0.015 0.015 0.015 0.015 0.015 0.015 0.015 0.015 0.015 0.015 0.015 0.015 0.015 0.015 0.015 0.015 0.015 0.015 0.015 0.015 0.015 0.015 0.015 0.015 0.015 0.015 0.015 0.015 0.015 0.015 0.013596 0.015 0.015 0.015 0.015 0.015 0.015 0.015 0.015 0.015 0.0136506 0.015 0.015 0.015 0.015 0.015 0.015 0.015 0.015 0.015 0.0136176 0.015 0.015 0.015 0.015 0.015 0.015 0.015 0.015 0.015 0.0135957 0.015 0.015 0.015 0.015 0.015 0.015 0.015 0.015 0.015 0.0135805 0.015 0.015 0.015 0.015 0.015 0.015 0.015 0.015 0.015 0.0135966 0.015 0.015 0.015 0.015 0.015 0.015 0.015 0.015 0.015 0.0135941 0.015 0.015 0.015 0.015 0.015 0.015 0.015 0.015 0.015 0.0136076 0.015 0.015 0.015 0.015 0.015 0.015 0.015 0.015 0.015 0.0135682 0.015 0.015 0.015 0.015 0.015 0.015 0.015 0.015 0.015 0.0135697 0.015 0.015 0.015 0.015 0.015 0.015 0.015 0.015 0.015 0.0136077 0.015 0.015 0.015 0.015 0.015 0.015 0.015 0.015 0.015 0.0136146 0.015 0.015 0.015 0.015 0.015 0.015 0.015 0.015 0.015 0.01363 0.015 0.015 0.015 0.015 0.015 0.015 0.015 0.015 0.015 0.0136082 0.015 0.015 0.015 0.015 0.015 0.015 0.015 0.015 0.015 0.0136495 0.015 0.015 0.015 0.015 0.015 0.015 0.015 0.015 0.015 0.013631 0.015 0.015 0.015 0.015 0.015 0.015 0.015 0.015 0.015 0.0135871 0.015 0.015 0.015 0.015 0.015 0.015 0.015 0.015 0.015 0.0136194 0.015 0.015 0.015 0.015 0.015 0.015 0.015 0.015 0.015 0.0136495 0.015 0.015 0.015 0.015 0.015 0.015 0.015 0.015 0.015 0.0136447 0.015 0.015 0.015 0.0136317 0.015 0.015 0.0135868 0.015 0.015 0.015 0.015 0.015 0.015 0.0135737 0.015 0.015 0.0136139 0.015 0.015 0.015 0.015 0.015 0.015 0.0135724 0.015 0.015 0.0136095 0.015 0.015 0.015 0.015 0.015 0.015 0.0135656 0.015 0.015 0.0136322 0.015 0.015 0.015 0.015 0.015 0.015 0.0136349 0.015 0.015 0.013616 0.015 0.015 0.015 0.015 0.015 0.015 0.0135806 0.015 0.015 0.0136375 0.015 0.015 0.015 0.015 0.015 0.015 0.0135943 0.015 0.015 0.0136362 0.015 0.015 0.015 0.015 0.015 0.015 0.0136141 0.015 0.015 0.0136129 0.015 0.015 0.015 0.015 0.015 0.015 0.0136182 0.015 0.015 0.0135679 0.015 0.015 0.015 0.015 0.015 0.015 0.0136205 0.015 0.015 0.0136288 0.015 0.015 0.015 0.015 0.015 0.015 0.015 0.015 0.015 0.015 0.015 0.015 0.015 0.015 0.015 0.015 0.015 0.015 0.015 0.015 0.015 0.015 0.015 0.015 0.015 0.015 0.015 0.015 0.015 0.015 0.015 0.015 0.015 0.015 0.015 0.015 0.015 0.015 0.015 0.015 0.015 0.015 0.015 0.015 0.015 0.015 0.015 0.015 0.015 0.015 0.015 0.015 0.015 0.015 0.015 0.015 0.015 0.015 0.015 0.015 0.015 0.015 0.015 0.015 0.015 0.015 0.015 0.015 0.015 0.015 0.015 0.015 0.015 0.015 0.015 0.015 0.015 0.015 0.015 0.015 0.015 0.015 0.015 0.015 0.015 0.015 0.015 0.015 0.015 0.015 0.015 0.015 0.015 0.015 0.015 0.015 0.015 0.015 0.015 0.015 0.015 0.015 0.015 0.015 0.015 0.015 0.015 0.015 0.015 0.015 0.015 0.015 0.0136149 0.015 0.015 0.015 0.015 0.015 0.015 0.015 0.015 0.015 0.0136098 0.015 0.015 0.015 0.015 0.015 0.015 0.015 0.015 0.015 0.013581 0.015 0.015 0.015 0.015 0.015 0.015 0.015 0.015 0.015 0.0136131 0.015 0.015 0.015 0.015 0.015 0.015 0.015 0.015 0.015 0.0136228 0.015 0.015 0.015 0.015 0.015 0.015 0.015 0.015 0.015 0.0136156 0.015 0.015 0.015 0.015 0.015 0.015 0.015 0.015 0.015 0.0136009 0.015 0.015 0.015 0.015 0.015 0.015 0.015 0.015 0.015 0.0135702 0.015 0.015 0.015 0.015 0.015 0.015 0.015 0.015 0.015 0.0136057 0.015 0.015 0.015 0.015 0.015 0.015 0.015 0.015 0.015 0.0136125 0.015 0.015 0.015 0.013628 0.015 0.015 0.0136332 0.015 0.015 0.015 0.015 0.015 0.015 0.0136117 0.015 0.015 0.0136102 0.015 0.015 0.015 0.015 0.015 0.015 0.013631 0.015 0.015 0.013603 0.015 0.015 0.015 0.015 0.015 0.015 0.0136453 0.015 0.015 0.0136402 0.015 0.015 0.015 0.015 0.015 0.015 0.0135841 0.015 0.015 0.0136498 0.015 0.015 0.015 0.015 0.015 0.015 0.0135841 0.015 0.015 0.0136391 0.015 0.015 0.015 0.015 0.015 0.015 0.0136477 0.015 0.015 0.0136385 0.015 0.015 0.015 0.015 0.015 0.015 0.0136284 0.015 0.015 0.0136087 0.015 0.015 0.015 0.015 0.015 0.015 0.0136277 0.015 0.015 0.0135914 0.015 0.015 0.015 0.015 0.015 0.015 0.0136363 0.015 0.015 0.0135939 0.015 0.015 0.015 0.015 0.015 0.015 0.015 0.015 0.015 0.015 0.015 0.015 0.015 0.015 0.015 0.015 0.015 0.015 0.015 0.015 0.015 0.015 0.015 0.015 0.015 0.015 0.015 0.015 0.015 0.015 0.015 0.015 0.015 0.015 0.015 0.015 0.015 0.015 0.015 0.015 0.015 0.015 0.015 0.015 0.015 0.015 0.015 0.015 0.015 0.015 0.015 0.015 0.015 0.015 0.015 0.015 0.015 0.015 0.015 0.015 0.015 0.015 0.015 0.015 0.015 0.015 0.015 0.015 0.015 0.015 0.015 0.015 0.015 0.015 0.015 0.015 0.015 0.015 0.015 0.015 0.015 0.015 0.015 0.015 0.015 0.015 0.015 0.015 0.015 0.015 0.015 0.015 0.015 0.015 0.015 0.015 0.015 0.015 0.015 0.015 0.015 0.015 0.015 0.015 0.015 0.015 0.015 0.015 0.015 0.015 0.015 0.015 0.0136221 0.015 0.015 0.015 0.015 0.015 0.015 0.015 0.015 0.015 0.0136232 0.015 0.015 0.015 0.015 0.015 0.015 0.015 0.015 0.015 0.0136341 0.015 0.015 0.015 0.015 0.015 0.015 0.015 0.015 0.015 0.0136185 0.015 0.015 0.015 0.015 0.015 0.015 0.015 0.015 0.015 0.0136543 0.015 0.015 0.015 0.015 0.015 0.015 0.015 0.015 0.015 0.0136125 0.015 0.015 0.015 0.015 0.015 0.015 0.015 0.015 0.015 0.0135941 0.015 0.015 0.015 0.015 0.015 0.015 0.015 0.015 0.015 0.0135715 0.015 0.015 0.015 0.015 0.015 0.015 0.015 0.015 0.015 0.0136199 0.015 0.015 0.015 0.015 0.015 0.015 0.015 0.015 0.015 0.0136258 0.015 0.015 0.015 0.0135938 0.015 0.015 0.0136314 0.015 0.015 0.015 0.015 0.015 0.015 0.0136361 0.015 0.015 0.0135983 0.015 0.015 0.015 0.015 0.015 0.015 0.0136148 0.015 0.015 0.0136111 0.015 0.015 0.015 0.015 0.015 0.015 0.0136447 0.015 0.015 0.0136533 0.015 0.015 0.015 0.015 0.015 0.015 0.0135735 0.015 0.015 0.0136338 0.015 0.015 0.015 0.015 0.015 0.015 0.0136362 0.015 0.015 0.0136026 0.015 0.015 0.015 0.015 0.015 0.015 0.0136289 0.015 0.015 0.0136099 0.015 0.015 0.015 0.015 0.015 0.015 0.0136053 0.015 0.015 0.0136232 0.015 0.015 0.015 0.015 0.015 0.015 0.0136388 0.015 0.015 0.013596 0.015 0.015 0.015 0.015 0.015 0.015 0.013596 0.015 0.015 0.0136103 0.015 0.015 0.015 0.015 0.015 0.015 0.015 0.015 0.015 0.015 0.015 0.015 0.015 0.015 0.015 0.015 0.015 0.015 0.015 0.015 0.015 0.015 0.015 0.015 0.015 0.015 0.015 0.015 0.015 0.015 0.015 0.015 0.015 0.015 0.015 0.015 0.015 0.015 0.015 0.015 0.015 0.015 0.015 0.015 0.015 0.015 0.015 0.015 0.015 0.015 0.015 0.015 0.015 0.015 0.015 0.015 0.015 0.015 0.015 0.015 0.015 0.015 0.015 0.015 0.015 0.015 0.015 0.015 0.015 0.015 0.015 0.015 0.015 0.015 0.015 0.015 0.015 0.015 0.015 0.015 0.015 0.015 0.015 0.015 0.015 0.015 0.015 0.015 0.015 0.015 0.015 0.015 0.015 0.015 0.015 0.015 0.015 0.015 0.015 0.015 0.015 0.015 0.015 0.015 0.015 0.015 0.015 0.015 0.015 0.015 0.015 0.015 0.0135776 0.015 0.015 0.015 0.015 0.015 0.015 0.015 0.015 0.015 0.0135801 0.015 0.015 0.015 0.015 0.015 0.015 0.015 0.015 0.015 0.0136461 0.015 0.015 0.015 0.015 0.015 0.015 0.015 0.015 0.015 0.013578 0.015 0.015 0.015 0.015 0.015 0.015 0.015 0.015 0.015 0.0136438 0.015 0.015 0.015 0.015 0.015 0.015 0.015 0.015 0.015 0.0136302 0.015 0.015 0.015 0.015 0.015 0.015 0.015 0.015 0.015 0.0136071 0.015 0.015 0.015 0.015 0.015 0.015 0.015 0.015 0.015 0.0135991 0.015 0.015 0.015 0.015 0.015 0.015 0.015 0.015 0.015 0.013568 0.015 0.015 0.015 0.015 0.015 0.015 0.015 0.015 0.015 0.0136288 0.015 0.015 0.015 0.015 0.015 0.015 0.015 0.015 0.015 0.0136285 0.015 0.015 0.015 0.015 0.015 0.015 0.015 0.015 0.015 0.0136358 0.015 0.015 0.015 0.015 0.015 0.015 0.015 0.015 0.015 0.0136362 0.015 0.015 0.015 0.015 0.015 0.015 0.015 0.015 0.015 0.0136339 0.015 0.015 0.015 0.015 0.015 0.015 0.015 0.015 0.015 0.0135852 0.015 0.015 0.015 0.015 0.015 0.015 0.015 0.015 0.015 0.0135663 0.015 0.015 0.015 0.015 0.015 0.015 0.015 0.015 0.015 0.013587 0.015 0.015 0.015 0.015 0.015 0.015 0.015 0.015 0.015 0.0136351 0.015 0.015 0.015 0.015 0.015 0.015 0.015 0.015 0.015 0.0136122 0.015 0.015 0.015 0.015 0.015 0.015 0.015 0.015 0.015 0.0135801 0.015 0.015 0.015 0.0136098 0.015 0.015 0.0136424 0.015 0.015 0.015 0.015 0.015 0.015 0.013652 0.015 0.015 0.0136019 0.015 0.015 0.015 0.015 0.015 0.015 0.0136176 0.015 0.015 0.0135673 0.015 0.015 0.015 0.015 0.015 0.015 0.0135688 0.015 0.015 0.0135846 0.015 0.015 0.015 0.015 0.015 0.015 0.0135686 0.015 0.015 0.0136384 0.015 0.015 0.015 0.015 0.015 0.015 0.0136074 0.015 0.015 0.0136524 0.015 0.015 0.015 0.015 0.015 0.015 0.0136543 0.015 0.015 0.0136265 0.015 0.015 0.015 0.015 0.015 0.015 0.0136477 0.015 0.015 0.0135707 0.015 0.015 0.015 0.015 0.015 0.015 0.0136129 0.015 0.015 0.013612 0.015 0.015 0.015 0.015 0.015 0.015 0.0136362 0.015 0.015 0.0136096 0.015 0.015 0.015 0.015 0.015 0.015 0.015 0.015 0.015 0.015 0.015 0.015 0.015 0.015 0.015 0.015 0.015 0.015 0.015 0.015 0.015 0.015 0.015 0.015 0.015 0.015 0.015 0.015 0.015 0.015 0.015 0.015 0.015 0.015 0.015 0.015 0.015 0.015 0.015 0.015 0.015 0.015 0.015 0.015 0.015 0.015 0.015 0.015 0.015 0.015 0.015 0.015 0.015 0.015 0.015 0.015 0.015 0.015 0.015 0.015 0.015 0.015 0.015 0.015 0.015 0.015 0.015 0.015 0.015 0.015 0.015 0.015 0.015 0.015 0.015 0.015 0.015 0.015 0.015 0.015 0.015 0.015 0.015 0.015 0.015 0.015 0.015 0.015 0.015 0.015 0.015 0.015 0.015 0.015 0.015 0.015 0.015 0.015 0.015 0.015 0.015 0.015 0.015 0.015 0.015 0.015 0.015 0.015 0.015 0.015 0.015 0.015 0.0135905 0.015 0.015 0.015 0.015 0.015 0.015 0.015 0.015 0.015 0.0136219 0.015 0.015 0.015 0.015 0.015 0.015 0.015 0.015 0.015 0.0135696 0.015 0.015 0.015 0.015 0.015 0.015 0.015 0.015 0.015 0.0136119 0.015 0.015 0.015 0.015 0.015 0.015 0.015 0.015 0.015 0.0136448 0.015 0.015 0.015 0.015 0.015 0.015 0.015 0.015 0.015 0.0136536 0.015 0.015 0.015 0.015 0.015 0.015 0.015 0.015 0.015 0.0136475 0.015 0.015 0.015 0.015 0.015 0.015 0.015 0.015 0.015 0.0136251 0.015 0.015 0.015 0.015 0.015 0.015 0.015 0.015 0.015 0.0135963 0.015 0.015 0.015 0.015 0.015 0.015 0.015 0.015 0.015 0.0135654 0.015 0.015 0.015 0.0135683 0.015 0.015 0.0136093 0.015 0.015 0.015 0.015 0.015 0.015 0.0135937 0.015 0.015 0.0136078 0.015 0.015 0.015 0.015 0.015 0.015 0.0135824 0.015 0.015 0.0136364 0.015 0.015 0.015 0.015 0.015 0.015 0.0136009 0.015 0.015 0.0135859 0.015 0.015 0.015 0.015 0.015 0.015 0.0135921 0.015 0.015 0.0136221 0.015 0.015 0.015 0.015 0.015 0.015 0.0135737 0.015 0.015 0.0136422 0.015 0.015 0.015 0.015 0.015 0.015 0.0135786 0.015 0.015 0.0135672 0.015 0.015 0.015 0.015 0.015 0.015 0.0136523 0.015 0.015 0.0135807 0.015 0.015 0.015 0.015 0.015 0.015 0.013636 0.015 0.015 0.0135789 0.015 0.015 0.015 0.015 0.015 0.015 0.0136473 0.015 0.015 0.0136355 0.015 0.015 0.015 0.015 0.015 0.015 0.015 0.015 0.015 0.015 0.015 0.015 0.015 0.015 0.015 0.015 0.015 0.015 0.015 0.015 0.015 0.015 0.015 0.015 0.015 0.015 0.015 0.015 0.015 0.015 0.015 0.015 0.015 0.015 0.015 0.015 0.015 0.015 0.015 0.015 0.015 0.015 0.015 0.015 0.015 0.015 0.015 0.015 0.015 0.015 0.015 0.015 0.015 0.015 0.015 0.015 0.015 0.015 0.015 0.015 0.015 0.015 0.015 0.015 0.015 0.015 0.015 0.015 0.015 0.015 0.015 0.015 0.015 0.015 0.015 0.015 0.015 0.015 0.015 0.015 0.015 0.015 0.015 0.015 0.015 0.015 0.015 0.015 0.015 0.015 0.015 0.015 0.015 0.015 0.015 0.015 0.015 0.015 0.015 0.015 0.015 0.015 0.015 0.015 0.015 0.015 0.015 0.015 0.015 0.015 0.015 0.015 0.0136053 0.015 0.015 0.015 0.015 0.015 0.015 0.015 0.015 0.015 0.0135666 0.015 0.015 0.015 0.015 0.015 0.015 0.015 0.015 0.015 0.0135823 0.015 0.015 0.015 0.015 0.015 0.015 0.015 0.015 0.015 0.0135971 0.015 0.015 0.015 0.015 0.015 0.015 0.015 0.015 0.015 0.013593 0.015 0.015 0.015 0.015 0.015 0.015 0.015 0.015 0.015 0.0136306 0.015 0.015 0.015 0.015 0.015 0.015 0.015 0.015 0.015 0.013597 0.015 0.015 0.015 0.015 0.015 0.015 0.015 0.015 0.015 0.0136032 0.015 0.015 0.015 0.015 0.015 0.015 0.015 0.015 0.015 0.013619 0.015 0.015 0.015 0.015 0.015 0.015 0.015 0.015 0.015 0.013609 0.015 0.015 0.015 0.0136496 0.015 0.015 0.013614 0.015 0.015 0.015 0.015 0.015 0.015 0.0135777 0.015 0.015 0.0135729 0.015 0.015 0.015 0.015 0.015 0.015 0.0136468 0.015 0.015 0.0135802 0.015 0.015 0.015 0.015 0.015 0.015 0.0135833 0.015 0.015 0.0136108 0.015 0.015 0.015 0.015 0.015 0.015 0.0135699 0.015 0.015 0.0136236 0.015 0.015 0.015 0.015 0.015 0.015 0.0136326 0.015 0.015 0.013645 0.015 0.015 0.015 0.015 0.015 0.015 0.0135779 0.015 0.015 0.0136411 0.015 0.015 0.015 0.015 0.015 0.015 0.0135855 0.015 0.015 0.0136362 0.015 0.015 0.015 0.015 0.015 0.015 0.0136348 0.015 0.015 0.0136131 0.015 0.015 0.015 0.015 0.015 0.015 0.0136004 0.015 0.015 0.0135761 0.015 0.015 0.015 0.015 0.015 0.015 0.015 0.015 0.015 0.015 0.015 0.015 0.015 0.015 0.015 0.015 0.015 0.015 0.015 0.015 0.015 0.015 0.015 0.015 0.015 0.015 0.015 0.015 0.015 0.015 0.015 0.015 0.015 0.015 0.015 0.015 0.015 0.015 0.015 0.015 0.015 0.015 0.015 0.015 0.015 0.015 0.015 0.015 0.015 0.015 0.015 0.015 0.015 0.015 0.015 0.015 0.015 0.015 0.015 0.015 0.015 0.015 0.015 0.015 0.015 0.015 0.015 0.015 0.015 0.015 0.015 0.015 0.015 0.015 0.015 0.015 0.015 0.015 0.015 0.015 0.015 0.015 0.015 0.015 0.015 0.015 0.015 0.015 0.015 0.015 0.015 0.015 0.015 0.015 0.015 0.015 0.015 0.015 0.015 0.015 0.015 0.015 0.015 0.015 0.015 0.015 0.015 0.015 0.015 0.015 0.015 0.015 0.0136513 0.015 0.015 0.015 0.015 0.015 0.015 0.015 0.015 0.015 0.0136345 0.015 0.015 0.015 0.015 0.015 0.015 0.015 0.015 0.015 0.0136092 0.015 0.015 0.015 0.015 0.015 0.015 0.015 0.015 0.015 0.0135852 0.015 0.015 0.015 0.015 0.015 0.015 0.015 0.015 0.015 0.0136328 0.015 0.015 0.015 0.015 0.015 0.015 0.015 0.015 0.015 0.0136158 0.015 0.015 0.015 0.015 0.015 0.015 0.015 0.015 0.015 0.0136315 0.015 0.015 0.015 0.015 0.015 0.015 0.015 0.015 0.015 0.0136545 0.015 0.015 0.015 0.015 0.015 0.015 0.015 0.015 0.015 0.0136256 0.015 0.015 0.015 0.015 0.015 0.015 0.015 0.015 0.015 0.0135744 0.015 0.015 0.015 0.015 0.015 0.015 0.015 0.015 0.015 0.0136342 0.015 0.015 0.015 0.015 0.015 0.015 0.015 0.015 0.015 0.0135942 0.015 0.015 0.015 0.015 0.015 0.015 0.015 0.015 0.015 0.0136418 0.015 0.015 0.015 0.015 0.015 0.015 0.015 0.015 0.015 0.0136067 0.015 0.015 0.015 0.015 0.015 0.015 0.015 0.015 0.015 0.0136512 0.015 0.015 0.015 0.015 0.015 0.015 0.015 0.015 0.015 0.0135982 0.015 0.015 0.015 0.015 0.015 0.015 0.015 0.015 0.015 0.0136493 0.015 0.015 0.015 0.015 0.015 0.015 0.015 0.015 0.015 0.0135692 0.015 0.015 0.015 0.015 0.015 0.015 0.015 0.015 0.015 0.013649 0.015 0.015 0.015 0.015 0.015 0.015 0.015 0.015 0.015 0.0136272 0.015 0.015 0.015 0.0136301 0.015 0.015 0.0136062 0.015 0.015 0.015 0.015 0.015 0.015 0.013649 0.015 0.015 0.0136019 0.015 0.015 0.015 0.015 0.015 0.015 0.0136327 0.015 0.015 0.0135833 0.015 0.015 0.015 0.015 0.015 0.015 0.0136064 0.015 0.015 0.013611 0.015 0.015 0.015 0.015 0.015 0.015 0.0136379 0.015 0.015 0.0135722 0.015 0.015 0.015 0.015 0.015 0.015 0.0136422 0.015 0.015 0.0136189 0.015 0.015 0.015 0.015 0.015 0.015 0.0135815 0.015 0.015 0.0135765 0.015 0.015 0.015 0.015 0.015 0.015 0.0136034 0.015 0.015 0.0136061 0.015 0.015 0.015 0.015 0.015 0.015 0.0136115 0.015 0.015 0.0136232 0.015 0.015 0.015 0.015 0.015 0.015 0.0135863 0.015 0.015 0.0136455 0.015 0.015 0.015 0.015 0.015 0.015 0.015 0.015 0.015 0.015 0.015 0.015 0.015 0.015 0.015 0.015 0.015 0.015 0.015 0.015 0.015 0.015 0.015 0.015 0.015 0.015 0.015 0.015 0.015 0.015 0.015 0.015 0.015 0.015 0.015 0.015 0.015 0.015 0.015 0.015 0.015 0.015 0.015 0.015 0.015 0.015 0.015 0.015 0.015 0.015 0.015 0.015 0.015 0.015 0.015 0.015 0.015 0.015 0.015 0.015 0.015 0.015 0.015 0.015 0.015 0.015 0.015 0.015 0.015 0.015 0.015 0.015 0.015 0.015 0.015 0.015 0.015 0.015 0.015 0.015 0.015 0.015 0.015 0.015 0.015 0.015 0.015 0.015 0.015 0.015 0.015 0.015 0.015 0.015 0.015 0.015 0.015 0.015 0.015 0.015 0.015 0.015 0.015 0.015 0.015 0.015 0.015 0.015 0.015 0.015 0.015 0.015 0.0136445 0.015 0.015 0.015 0.015 0.015 0.015 0.015 0.015 0.015 0.0136199 0.015 0.015 0.015 0.015 0.015 0.015 0.015 0.015 0.015 0.0136045 0.015 0.015 0.015 0.015 0.015 0.015 0.015 0.015 0.015 0.013632 0.015 0.015 0.015 0.015 0.015 0.015 0.015 0.015 0.015 0.0136169 0.015 0.015 0.015 0.015 0.015 0.015 0.015 0.015 0.015 0.013609 0.015 0.015 0.015 0.015 0.015 0.015 0.015 0.015 0.015 0.0136216 0.015 0.015 0.015 0.015 0.015 0.015 0.015 0.015 0.015 0.0135987 0.015 0.015 0.015 0.015 0.015 0.015 0.015 0.015 0.015 0.0136463 0.015 0.015 0.015 0.015 0.015 0.015 0.015 0.015 0.015 0.0136256 0.015 0.015 0.015 0.0136175 0.015 0.015 0.0136355 0.015 0.015 0.015 0.015 0.015 0.015 0.0135712 0.015 0.015 0.0136376 0.015 0.015 0.015 0.015 0.015 0.015 0.0136166 0.015 0.015 0.0135856 0.015 0.015 0.015 0.015 0.015 0.015 0.0135863 0.015 0.015 0.0136418 0.015 0.015 0.015 0.015 0.015 0.015 0.013643 0.015 0.015 0.0135833 0.015 0.015 0.015 0.015 0.015 0.015 0.0136492 0.015 0.015 0.0135993 0.015 0.015 0.015 0.015 0.015 0.015 0.0136493 0.015 0.015 0.0136323 0.015 0.015 0.015 0.015 0.015 0.015 0.0136292 0.015 0.015 0.0136372 0.015 0.015 0.015 0.015 0.015 0.015 0.0135745 0.015 0.015 0.0136117 0.015 0.015 0.015 0.015 0.015 0.015 0.0136033 0.015 0.015 0.0135882 0.015 0.015 0.015 0.015 0.015 0.015 0.015 0.015 0.015 0.015 0.015 0.015 0.015 0.015 0.015 0.015 0.015 0.015 0.015 0.015 0.015 0.015 0.015 0.015 0.015 0.015 0.015 0.015 0.015 0.015 0.015 0.015 0.015 0.015 0.015 0.015 0.015 0.015 0.015 0.015 0.015 0.015 0.015 0.015 0.015 0.015 0.015 0.015 0.015 0.015 0.015 0.015 0.015 0.015 0.015 0.015 0.015 0.015 0.015 0.015 0.015 0.015 0.015 0.015 0.015 0.015 0.015 0.015 0.015 0.015 0.015 0.015 0.015 0.015 0.015 0.015 0.015 0.015 0.015 0.015 0.015 0.015 0.015 0.015 0.015 0.015 0.015 0.015 0.015 0.015 0.015 0.015 0.015 0.015 0.015 0.015 0.015 0.015 0.015 0.015 0.015 0.015 0.015 0.015 0.015 0.015 0.015 0.015 0.015 0.015 0.015 0.015 0.0136293 0.015 0.015 0.015 0.015 0.015 0.015 0.015 0.015 0.015 0.0136515 0.015 0.015 0.015 0.015 0.015 0.015 0.015 0.015 0.015 0.0136258 0.015 0.015 0.015 0.015 0.015 0.015 0.015 0.015 0.015 0.0135963 0.015 0.015 0.015 0.015 0.015 0.015 0.015 0.015 0.015 0.0135969 0.015 0.015 0.015 0.015 0.015 0.015 0.015 0.015 0.015 0.0136248 0.015 0.015 0.015 0.015 0.015 0.015 0.015 0.015 0.015 0.013648 0.015 0.015 0.015 0.015 0.015 0.015 0.015 0.015 0.015 0.0136501 0.015 0.015 0.015 0.015 0.015 0.015 0.015 0.015 0.015 0.0135988 0.015 0.015 0.015 0.015 0.015 0.015 0.015 0.015 0.015 0.0135737 0.015 0.015 0.015 0.0135931 0.015 0.015 0.0136355 0.015 0.015 0.015 0.015 0.015 0.015 0.0135913 0.015 0.015 0.0136458 0.015 0.015 0.015 0.015 0.015 0.015 0.0135789 0.015 0.015 0.0136346 0.015 0.015 0.015 0.015 0.015 0.015 0.013566 0.015 0.015 0.0136298 0.015 0.015 0.015 0.015 0.015 0.015 0.0136034 0.015 0.015 0.0135817 0.015 0.015 0.015 0.015 0.015 0.015 0.0136166 0.015 0.015 0.0135755 0.015 0.015 0.015 0.015 0.015 0.015 0.0136005 0.015 0.015 0.013592 0.015 0.015 0.015 0.015 0.015 0.015 0.0136171 0.015 0.015 0.013643 0.015 0.015 0.015 0.015 0.015 0.015 0.0136038 0.015 0.015 0.0135838 0.015 0.015 0.015 0.015 0.015 0.015 0.0136126 0.015 0.015 0.0135964 0.015 0.015 0.015 0.015 0.015 0.015 0.015 0.015 0.015 0.015 0.015 0.015 0.015 0.015 0.015 0.015 0.015 0.015 0.015 0.015 0.015 0.015 0.015 0.015 0.015 0.015 0.015 0.015 0.015 0.015 0.015 0.015 0.015 0.015 0.015 0.015 0.015 0.015 0.015 0.015 0.015 0.015 0.015 0.015 0.015 0.015 0.015 0.015 0.015 0.015 0.015 0.015 0.015 0.015 0.015 0.015 0.015 0.015 0.015 0.015 0.015 0.015 0.015 0.015 0.015 0.015 0.015 0.015 0.015 0.015 0.015 0.015 0.015 0.015 0.015 0.015 0.015 0.015 0.015 0.015 0.015 0.015 0.015 0.015 0.015 0.015 0.015 0.015 0.015 0.015 0.015 0.015 0.015 0.015 0.015 0.015 0.015 0.015 0.015 0.015 0.015 0.015 0.015 0.015 0.015 0.015 0.015 0.015 0.015 0.015 0.015 0.015 0.0136435 0.015 0.015 0.015 0.015 0.015 0.015 0.015 0.015 0.015 0.0136139 0.015 0.015 0.015 0.015 0.015 0.015 0.015 0.015 0.015 0.0136501 0.015 0.015 0.015 0.015 0.015 0.015 0.015 0.015 0.015 0.0136399 0.015 0.015 0.015 0.015 0.015 0.015 0.015 0.015 0.015 0.0135692 0.015 0.015 0.015 0.015 0.015 0.015 0.015 0.015 0.015 0.0135925 0.015 0.015 0.015 0.015 0.015 0.015 0.015 0.015 0.015 0.0135926 0.015 0.015 0.015 0.015 0.015 0.015 0.015 0.015 0.015 0.0135786 0.015 0.015 0.015 0.015 0.015 0.015 0.015 0.015 0.015 0.0135944 0.015 0.015 0.015 0.015 0.015 0.015 0.015 0.015 0.015 0.0136373 0.015 0.015 
</Matrix>
   <Matrix name="Tsim" type="complete" rows="1" columns="1" multiplier="1.0">
   100
</Matrix>
   <Matrix name="simulationEndTime" type="complete" rows="1" columns="1" multiplier="1.0">
   1000
</Matrix>
</SimState>
