<?xml version="1.0" standalone="no"?>
<!-- State output file for the DCT growth modeling-->
<SimState>
   <Matrix name="radiiHistory" type="complete" rows="3" columns="10000" multiplier="1.0">
   0.4 0.4 0.4 0.4 0.4 0.4 0.4 0.4 0.4 0.4 0.4 0.4 0.4 0.4 0.4 0.4 0.4 0.4 0.4 0.4 0.4 0.4 0.4 0.4 0.4 0.4 0.4 0.4 0.4 0.4 0.4 0.4 0.4 0.4 0.4 0.4 0.4 0.4 0.4 0.4 0.4 0.4 0.4 0.4 0.4 0.4 0.4 0.4 0.4 0.4 0.4 0.4 0.4 0.4 0.4 0.4 0.4 0.4 0.4 0.4 0.4 0.4 0.4 0.4 0.4 0.4 0.4 0.4 0.4 0.4 0.4 0.4 0.4 0.4 0.4 0.4 0.4 0.4 0.4 0.4 0.4 0.4 0.4 0.4 0.4 0.4 0.4 0.4 0.4 0.4 0.4 0.4 0.4 0.4 0.4 0.4 0.4 0.4 0.4 0.4 0.4 0.4 0.4 0.4 0.4 0.4 0.4 0.4 0.4 0.4 0.4 0.4 0.4 0.4 0.4 0.4 0.4 0.4 0.4 0.4 0.4 0.4 0.4 0.4 0.4 0.4 0.4 0.4 0.4 0.4 0.4 0.4 0.4 0.4 0.4 0.4 0.4 0.4 0.4 0.4 0.4 0.4 0.4 0.4 0.4 0.4 0.4 0.4 0.4 0.4 0.4 0.4 0.4 0.4 0.4 0.4 0.4 0.4 0.4 0.4 0.4 0.4 0.4 0.4 0.4 0.4 0.4 0.4 0.4 0.4 0.4 0.4 0.4 0.4 0.4 0.4 0.4 0.4 0.4 0.4 0.4 0.4 0.4 0.4 0.4 0.4 0.4 0.4 0.4 0.4 0.4 0.4 0.4 0.4 0.4 0.4 0.4 0.4 0.4 0.4 0.4 0.4 0.4 0.4 0.4 0.4 0.4 0.4 0.4 0.4 0.4 0.4 0.4 0.4 0.4 0.4 0.4 0.4 0.4 0.4 0.4 0.4 0.4 0.4 0.4 0.4 0.4 0.4 0.4 0.4 0.4 0.4 0.4 0.4 0.4 0.4 0.4 0.4 0.4 0.4 0.4 0.4 0.4 0.4 0.4 0.4 0.4 0.4 0.4 0.4 0.4 0.4 0.4 0.4 0.4 0.4 0.4 0.4 0.4 0.4 0.4 0.4 0.4 0.4 0.4 0.4 0.4 0.4 0.4 0.4 0.4 0.4 0.4 0.4 0.4 0.4 0.4 0.4 0.4 0.4 0.4 0.4 0.4 0.4 0.4 0.4 0.4 0.4 0.4 0.4 0.4 0.4 0.4 0.4 0.4 0.4 0.4 0.4 0.4 0.4 0.4 0.4 0.4 0.4 0.4 0.4 0.4 0.4 0.4 0.4 0.4 0.4 0.4 0.4 0.4 0.4 0.4 0.4 0.4 0.4 0.4 0.4 0.4 0.4 0.4 0.4 0.4 0.4 0.4 0.4 0.4 0.4 0.4 0.4 0.4 0.4 0.4 0.4 0.4 0.4 0.4 0.4 0.4 0.4 0.4 0.4 0.4 0.4 0.4 0.4 0.4 0.4 0.4 0.4 0.4 0.4 0.4 0.4 0.4 0.4 0.4 0.4 0.4 0.4 0.4 0.4 0.4 0.4 0.4 0.4 0.4 0.4 0.4 0.4 0.4 0.4 0.4 0.4 0.4 0.4 0.4 0.4 0.4 0.4 0.4 0.4 0.4 0.4 0.4 0.4 0.4 0.4 0.4 0.4 0.4 0.4 0.4 0.4 0.4 0.4 0.4 0.4 0.4 0.4 0.4 0.4 0.4 0.4 0.4 0.4 0.4 0.4 0.4 0.4 0.4 0.4 0.4 0.4 0.4 0.4 0.4 0.4 0.4 0.4 0.4 0.4 0.4 0.4 0.4 0.4 0.4 0.4 0.4 0.4 0.4 0.4 0.4 0.4 0.4 0.4 0.4 0.4 0.4 0.4 0.4 0.4 0.4 0.4 0.4 0.4 0.4 0.4 0.4 0.4 0.4 0.4 0.4 0.4 0.4 0.4 0.4 0.4 0.4 0.4 0.4 0.4 0.4 0.4 0.4 0.4 0.4 0.4 0.4 0.4 0.4 0.4 0.4 0.4 0.4 0.4 0.4 0.4 0.4 0.4 0.4 0.4 0.4 0.4 0.4 0.4 0.4 0.4 0.4 0.4 0.4 0.4 0.4 0.4 0.4 0.4 0.4 0.4 0.4 0.4 0.4 0.4 0.4 0.4 0.4 0.4 0.4 0.4 0.4 0.4 0.4 0.4 0.4 0.4 0.4 0.4 0.4 0.4 0.4 0.4 0.4 0.4 0.4 0.4 0.4 0.4 0.4 0.4 0.4 0.4 0.4 0.4 0.4 0.4 0.4 0.4 0.4 0.4 0.4 0.4 0.4 0.4 0.4 0.4 0.4 0.4 0.4 0.4 0.4 0.4 0.4 0.4 0.4 0.4 0.4 0.4 0.4 0.4 0.4 0.4 0.4 0.4 0.4 0.4 0.4 0.4 0.4 0.4 0.4 0.4 0.4 0.4 0.4 0.4 0.4 0.4 0.4 0.4 0.4 0.4 0.4 0.4 0.4 0.4 0.4 0.4 0.4 0.4 0.4 0.4 0.4 0.4 0.4 0.4 0.4 0.4 0.4 0.4 0.4 0.4 0.4 0.4 0.4 0.4 0.4 0.4 0.4 0.4 0.4 0.4 0.4 0.4 0.4 0.4 0.4 0.4 0.4 0.4 0.4 0.4 0.4 0.4 0.4 0.4 0.4 0.4 0.4 0.4 0.4 0.4 0.4 0.4 0.4 0.4 0.4 0.4 0.4 0.4 0.4 0.4 0.4 0.4 0.4 0.4 0.4 0.4 0.4 0.4 0.4 0.4 0.4 0.4 0.4 0.4 0.4 0.4 0.4 0.4 0.4 0.4 0.4 0.4 0.4 0.4 0.4 0.4 0.4 0.4 0.4 0.4 0.4 0.4 0.4 0.4 0.4 0.4 0.4 0.4 0.4 0.4 0.4 0.4 0.4 0.4 0.4 0.4 0.4 0.4 0.4 0.4 0.4 0.4 0.4 0.4 0.4 0.4 0.4 0.4 0.4 0.4 0.4 0.4 0.4 0.4 0.4 0.4 0.4 0.4 0.4 0.4 0.4 0.4 0.4 0.4 0.4 0.4 0.4 0.4 0.4 0.4 0.4 0.4 0.4 0.4 0.4 0.4 0.4 0.4 0.4 0.4 0.4 0.4 0.4 0.4 0.4 0.4 0.4 0.4 0.4 0.4 0.4 0.4 0.4 0.4 0.4 0.4 0.4 0.4 0.4 0.4 0.4 0.4 0.4 0.4 0.4 0.4 0.4 0.4 0.4 0.4 0.4 0.4 0.4 0.4 0.4 0.4 0.4 0.4 0.4 0.4 0.4 0.4 0.4 0.4 0.4 0.4 0.4 0.4 0.4 0.4 0.4 0.4 0.4 0.4 0.4 0.4 0.4 0.4 0.4 0.4 0.4 0.4 0.4 0.4 0.4 0.4 0.4 0.4 0.4 0.4 0.4 0.4 0.4 0.4 0.4 0.4 0.4 0.4 0.4 0.4 0.4 0.4 0.4 0.4 0.4 0.4 0.4 0.4 0.4 0.4 0.4 0.4 0.4 0.4 0.4 0.4 0.4 0.4 0.4 0.4 0.4 0.4 0.4 0.4 0.4 0.4 0.4 0.4 0.4 0.4 0.4 0.4 0.4 0.4 0.4 0.4 0.4 0.4 0.4 0.4 0.4 0.4 0.4 0.4 0.4 0.4 0.4 0.4 0.4 0.4 0.4 0.4 0.4 0.4 0.4 0.4 0.4 0.4 0.4 0.4 0.4 0.4 0.4 0.4 0.4 0.4 0.4 0.4 0.4 0.4 0.4 0.4 0.4 0.4 0.4 0.4 0.4 0.4 0.4 0.4 0.4 0.4 0.4 0.4 0.4 0.4 0.4 0.4 0.4 0.4 0.4 0.4 0.4 0.4 0.4 0.4 0.4 0.4 0.4 0.4 0.4 0.4 0.4 0.4 0.4 0.4 0.4 0.4 0.4 0.4 0.4 0.4 0.4 0.4 0.4 0.4 0.4 0.4 0.4 0.4 0.4 0.4 0.4 0.4 0.4 0.4 0.4 0.4 0.4 0.4 0.4 0.4 0.4 0.4 0.4 0.4 0.4 0.4 0.4 0.4 0.4 0.4 0.4 0.4 0.4 0.4 0.4 0.4 0.4 0.4 0.4 0.4 0.4 0.4 0.4 0.4 0.4 0.4 0.4 0.4 0.4 0.4 0.4 0.4 0.4 0.4 0.4 0.4 0.4 0.4 0.4 0.4 0.4 0.4 0.4 0.4 0.4 0.4 0.4 0.4 0.4 0.4 0.4 0.4 0.4 0.4 0.4 0.4 0.4 0.4 0.4 0.4 0.4 0.4 0.4 0.4 0.4 0.4 0.4 0.4 0.4 0.4 0.4 0.4 0.4 0.4 0.4 0.4 0.4 0.4 0.4 0.4 0.4 0.4 0.4 0.4 0.4 0.4 0.4 0.4 0.4 0.4 0.4 0.4 0.4 0.4 0.4 0.4 0.4 0.4 0.4 0.4 0.4 0.4 0.4 0.4 0.4 0.4 0.4 0.4 0.4 0.4 0.4 0.4 0.4 0.4 0.4 0.4 0.4 0.4 0.4 0.4 0.4 0.4 0.4 0.4 0.4 0.4 0.4 0.4 0.4 0.4 0.4 0.4 0.4 0.4 0.4 0.4 0.4 0.4 0.4 0.4 0.4 0.4 0.4 0.4 0.4 0.4 0.4 0.4 0.4 0.4 0.4 0.4 0.4 0.4 0.4 0.4 0.4 0.4 0.4 0.4 0.4 0.4 0.4 0.4 0.4 0.4 0.4 0.4 0.4 0.4 0.4 0.4 0.4 0.4 0.4 0.4 0.4 0.4 0.4 0.4 0.4 0.4 0.4 0.4 0.4 0.4 0.4 0.4 0.4 0.4 0.4 0.4 0.4 0.4 0.4 0.4 0.4 0.4 0.4 0.4 0.4 0.4 0.4 0.4 0.4 0.4 0.4 0.4 0.4 0.4 0.4 0.4 0.4 0.4 0.4 0.4 0.4 0.4 0.4 0.4 0.4 0.4 0.4 0.4 0.4 0.4 0.4 0.4 0.4 0.4 0.4 0.4 0.4 0.4 0.4 0.4 0.4 0.4 0.4 0.4 0.4 0.4 0.4 0.4 0.4 0.4 0.4 0.4 0.4 0.4 0.4 0.4 0.4 0.4 0.4 0.4 0.4 0.4 0.4 0.4 0.4 0.4 0.4 0.4 0.4 0.4 0.4 0.4 0.4 0.4 0.4 0.4 0.4 0.4 0.4 0.4 0.4 0.4 0.4 0.4 0.4 0.4 0.4 0.4 0.4 0.4 0.4 0.4 0.4 0.4 0.4 0.4 0.4 0.4 0.4 0.4 0.4 0.4 0.4 0.4 0.4 0.4 0.4 0.4 0.4 0.4 0.4 0.4 0.4 0.4 0.4 0.4 0.4 0.4 0.4 0.4 0.4 0.4 0.4 0.4 0.4 0.4 0.4 0.4 0.4 0.4 0.4 0.4 0.4 0.4 0.4 0.4 0.4 0.4 0.4 0.4 0.4 0.4 0.4 0.4 0.4 0.4 0.4 0.4 0.4 0.4 0.4 0.4 0.4 0.4 0.4 0.4 0.4 0.4 0.4 0.4 0.4 0.4 0.4 0.4 0.4 0.4 0.4 0.4 0.4 0.4 0.4 0.4 0.4 0.4 0.4 0.4 0.4 0.4 0.4 0.4 0.4 0.4 0.4 0.4 0.4 0.4 0.4 0.4 0.4 0.4 0.4 0.4 0.4 0.4 0.4 0.4 0.4 0.4 0.4 0.4 0.4 0.4 0.4 0.4 0.4 0.4 0.4 0.4 0.4 0.4 0.4 0.4 0.4 0.4 0.4 0.4 0.4 0.4 0.4 0.4 0.4 0.4 0.4 0.4 0.4 0.4 0.4 0.4 0.4 0.4 0.4 0.4 0.4 0.4 0.4 0.4 0.4 0.4 0.4 0.4 0.4 0.4 0.4 0.4 0.4 0.4 0.4 0.4 0.4 0.4 0.4 0.4 0.4 0.4 0.4 0.4 0.4 0.4 0.4 0.4 0.4 0.4 0.4 0.4 0.4 0.4 0.4 0.4 0.4 0.4 0.4 0.4 0.4 0.4 0.4 0.4 0.4 0.4 0.4 0.4 0.4 0.4 0.4 0.4 0.4 0.4 0.4 0.4 0.4 0.4 0.4 0.4 0.4 0.4 0.4 0.4 0.4 0.4 0.4 0.4 0.4 0.4 0.4 0.4 0.4 0.4 0.4 0.4 0.4 0.4 0.4 0.4 0.4 0.4 0.4 0.4 0.4 0.4 0.4 0.4 0.4 0.4 0.4 0.4 0.4 0.4 0.4 0.4 0.4 0.4 0.4 0.4 0.4 0.4 0.4 0.4 0.4 0.4 0.4 0.4 0.4 0.4 0.4 0.4 0.4 0.4 0.4 0.4 0.4 0.4 0.4 0.4 0.4 0.4 0.4 0.4 0.4 0.4 0.4 0.4 0.4 0.4 0.4 0.4 0.4 0.4 0.4 0.4 0.4 0.4 0.4 0.4 0.4 0.4 0.4 0.4 0.4 0.4 0.4 0.4 0.4 0.4 0.4 0.4 0.4 0.4 0.4 0.4 0.4 0.4 0.4 0.4 0.4 0.4 0.4 0.4 0.4 0.4 0.4 0.4 0.4 0.4 0.4 0.4 0.4 0.4 0.4 0.4 0.4 0.4 0.4 0.4 0.4 0.4 0.4 0.4 0.4 0.4 0.4 0.4 0.4 0.4 0.4 0.4 0.4 0.4 0.4 0.4 0.4 0.4 0.4 0.4 0.4 0.4 0.4 0.4 0.4 0.4 0.4 0.4 0.4 0.4 0.4 0.4 0.4 0.4 0.4 0.4 0.4 0.4 0.4 0.4 0.4 0.4 0.4 0.4 0.4 0.4 0.4 0.4 0.4 0.4 0.4 0.4 0.4 0.4 0.4 0.4 0.4 0.4 0.4 0.4 0.4 0.4 0.4 0.4 0.4 0.4 0.4 0.4 0.4 0.4 0.4 0.4 0.4 0.4 0.4 0.4 0.4 0.4 0.4 0.4 0.4 0.4 0.4 0.4 0.4 0.4 0.4 0.4 0.4 0.4 0.4 0.4 0.4 0.4 0.4 0.4 0.4 0.4 0.4 0.4 0.4 0.4 0.4 0.4 0.4 0.4 0.4 0.4 0.4 0.4 0.4 0.4 0.4 0.4 0.4 0.4 0.4 0.4 0.4 0.4 0.4 0.4 0.4 0.4 0.4 0.4 0.4 0.4 0.4 0.4 0.4 0.4 0.4 0.4 0.4 0.4 0.4 0.4 0.4 0.4 0.4 0.4 0.4 0.4 0.4 0.4 0.4 0.4 0.4 0.4 0.4 0.4 0.4 0.4 0.4 0.4 0.4 0.4 0.4 0.4 0.4 0.4 0.4 0.4 0.4 0.4 0.4 0.4 0.4 0.4 0.4 0.4 0.4 0.4 0.4 0.4 0.4 0.4 0.4 0.4 0.4 0.4 0.4 0.4 0.4 0.4 0.4 0.4 0.4 0.4 0.4 0.4 0.4 0.4 0.4 0.4 0.4 0.4 0.4 0.4 0.4 0.4 0.4 0.4 0.4 0.4 0.4 0.4 0.4 0.4 0.4 0.4 0.4 0.4 0.4 0.4 0.4 0.4 0.4 0.4 0.4 0.4 0.4 0.4 0.4 0.4 0.4 0.4 0.4 0.4 0.4 0.4 0.4 0.4 0.4 0.4 0.4 0.4 0.4 0.4 0.4 0.4 0.4 0.4 0.4 0.4 0.4 0.4 0.4 0.4 0.4 0.4 0.4 0.4 0.4 0.4 0.4 0.4 0.4 0.4 0.4 0.4 0.4 0.4 0.4 0.4 0.4 0.4 0.4 0.4 0.4 0.4 0.4 0.4 0.4 0.4 0.4 0.4 0.4 0.4 0.4 0.4 0.4 0.4 0.4 0.4 0.4 0.4 0.4 0.4 0.4 0.4 0.4 0.4 0.4 0.4 0.4 0.4 0.4 0.4 0.4 0.4 0.4 0.4 0.4 0.4 0.4 0.4 0.4 0.4 0.4 0.4 0.4 0.4 0.4 0.4 0.4 0.4 0.4 0.4 0.4 0.4 0.4 0.4 0.4 0.4 0.4 0.4 0.4 0.4 0.4 0.4 0.4 0.4 0.4 0.4 0.4 0.4 0.4 0.4 0.4 0.4 0.4 0.4 0.4 0.4 0.4 0.4 0.4 0.4 0.4 0.4 0.4 0.4 0.4 0.4 0.4 0.4 0.4 0.4 0.4 0.4 0.4 0.4 0.4 0.4 0.4 0.4 0.4 0.4 0.4 0.4 0.4 0.4 0.4 0.4 0.4 0.4 0.4 0.4 0.4 0.4 0.4 0.4 0.4 0.4 0.4 0.4 0.4 0.4 0.4 0.4 0.4 0.4 0.4 0.4 0.4 0.4 0.4 0.4 0.4 0.4 0.4 0.4 0.4 0.4 0.4 0.4 0.4 0.4 0.4 0.4 0.4 0.4 0.4 0.4 0.4 0.4 0.4 0.4 0.4 0.4 0.4 0.4 0.4 0.4 0.4 0.4 0.4 0.4 0.4 0.4 0.4 0.4 0.4 0.4 0.4 0.4 0.4 0.4 0.4 0.4 0.4 0.4 0.4 0.4 0.4 0.4 0.4 0.4 0.4 0.4 0.4 0.4 0.4 0.4 0.4 0.4 0.4 0.4 0.4 0.4 0.4 0.4 0.4 0.4 0.4 0.4 0.4 0.4 0.4 0.4 0.4 0.4 0.4 0.4 0.4 0.4 0.4 0.4 0.4 0.4 0.4 0.4 0.4 0.4 0.4 0.4 0.4 0.4 0.4 0.4 0.4 0.4 0.4 0.4 0.4 0.4 0.4 0.4 0.4 0.4 0.4 0.4 0.4 0.4 0.4 0.4 0.4 0.4 0.4 0.4 0.4 0.4 0.4 0.4 0.4 0.4 0.4 0.4 0.4 0.4 0.4 0.4 0.4 0.4 0.4 0.4 0.4 0.4 0.4 0.4 0.4 0.4 0.4 0.4 0.4 0.4 0.4 0.4 0.4 0.4 0.4 0.4 0.4 0.4 0.4 0.4 0.4 0.4 0.4 0.4 0.4 0.4 0.4 0.4 0.4 0.4 0.4 0.4 0.4 0.4 0.4 0.4 0.4 0.4 0.4 0.4 0.4 0.4 0.4 0.4 0.4 0.4 0.4 0.4 0.4 0.4 0.4 0.4 0.4 0.4 0.4 0.4 0.4 0.4 0.4 0.4 0.4 0.4 0.4 0.4 0.4 0.4 0.4 0.4 0.4 0.4 0.4 0.4 0.4 0.4 0.4 0.4 0.4 0.4 0.4 0.4 0.4 0.4 0.4 0.4 0.4 0.4 0.4 0.4 0.4 0.4 0.4 0.4 0.4 0.4 0.4 0.4 0.4 0.4 0.4 0.4 0.4 0.4 0.4 0.4 0.4 0.4 0.4 0.4 0.4 0.4 0.4 0.4 0.4 0.4 0.4 0.4 0.4 0.4 0.4 0.4 0.4 0.4 0.4 0.4 0.4 0.4 0.4 0.4 0.4 0.4 0.4 0.4 0.4 0.4 0.4 0.4 0.4 0.4 0.4 0.4 0.4 0.4 0.4 0.4 0.4 0.4 0.4 0.4 0.4 0.4 0.4 0.4 0.4 0.4 0.4 0.4 0.4 0.4 0.4 0.4 0.4 0.4 0.4 0.4 0.4 0.4 0.4 0.4 0.4 0.4 0.4 0.4 0.4 0.4 0.4 0.4 0.4 0.4 0.4 0.4 0.4 0.4 0.4 0.4 0.4 0.4 0.4 0.4 0.4 0.4 0.4 0.4 0.4 0.4 0.4 0.4 0.4 0.4 0.4 0.4 0.4 0.4 0.4 0.4 0.4 0.4 0.4 0.4 0.4 0.4 0.4 0.4 0.4 0.4 0.4 0.4 0.4 0.4 0.4 0.4 0.4 0.4 0.4 0.4 0.4 0.4 0.4 0.4 0.4 0.4 0.4 0.4 0.4 0.4 0.4 0.4 0.4 0.4 0.4 0.4 0.4 0.4 0.4 0.4 0.4 0.4 0.4 0.4 0.4 0.4 0.4 0.4 0.4 0.4 0.4 0.4 0.4 0.4 0.4 0.4 0.4 0.4 0.4 0.4 0.4 0.4 0.4 0.4 0.4 0.4 0.4 0.4 0.4 0.4 0.4 0.4 0.4 0.4 0.4 0.4 0.4 0.4 0.4 0.4 0.4 0.4 0.4 0.4 0.4 0.4 0.4 0.4 0.4 0.4 0.4 0.4 0.4 0.4 0.4 0.4 0.4 0.4 0.4 0.4 0.4 0.4 0.4 0.4 0.4 0.4 0.4 0.4 0.4 0.4 0.4 0.4 0.4 0.4 0.4 0.4 0.4 0.4 0.4 0.4 0.4 0.4 0.4 0.4 0.4 0.4 0.4 0.4 0.4 0.4 0.4 0.4 0.4 0.4 0.4 0.4 0.4 0.4 0.4 0.4 0.4 0.4 0.4 0.4 0.4 0.4 0.4 0.4 0.4 0.4 0.4 0.4 0.4 0.4 0.4 0.4 0.4 0.4 0.4 0.4 0.4 0.4 0.4 0.4 0.4 0.4 0.4 0.4 0.4 0.4 0.4 0.4 0.4 0.4 0.4 0.4 0.4 0.4 0.4 0.4 0.4 0.4 0.4 0.4 0.4 0.4 0.4 0.4 0.4 0.4 0.4 0.4 0.4 0.4 0.4 0.4 0.4 0.4 0.4 0.4 0.4 0.4 0.4 0.4 0.4 0.4 0.4 0.4 0.4 0.4 0.4 0.4 0.4 0.4 0.4 0.4 0.4 0.4 0.4 0.4 0.4 0.4 0.4 0.4 0.4 0.4 0.4 0.4 0.4 0.4 0.4 0.4 0.4 0.4 0.4 0.4 0.4 0.4 0.4 0.4 0.4 0.4 0.4 0.4 0.4 0.4 0.4 0.4 0.4 0.4 0.4 0.4 0.4 0.4 0.4 0.4 0.4 0.4 0.4 0.4 0.4 0.4 0.4 0.4 0.4 0.4 0.4 0.4 0.4 0.4 0.4 0.4 0.4 0.4 0.4 0.4 0.4 0.4 0.4 0.4 0.4 0.4 0.4 0.4 0.4 0.4 0.4 0.4 0.4 0.4 0.4 0.4 0.4 0.4 0.4 0.4 0.4 0.4 0.4 0.4 0.4 0.4 0.4 0.4 0.4 0.4 0.4 0.4 0.4 0.4 0.4 0.4 0.4 0.4 0.4 0.4 0.4 0.4 0.4 0.4 0.4 0.4 0.4 0.4 0.4 0.4 0.4 0.4 0.4 0.4 0.4 0.4 0.4 0.4 0.4 0.4 0.4 0.4 0.4 0.4 0.4 0.4 0.4 0.4 0.4 0.4 0.4 0.4 0.4 0.4 0.4 0.4 0.4 0.4 0.4 0.4 0.4 0.4 0.4 0.4 0.4 0.4 0.4 0.4 0.4 0.4 0.4 0.4 0.4 0.4 0.4 0.4 0.4 0.4 0.4 0.4 0.4 0.4 0.4 0.4 0.4 0.4 0.4 0.4 0.4 0.4 0.4 0.4 0.4 0.4 0.4 0.4 0.4 0.4 0.4 0.4 0.4 0.4 0.4 0.4 0.4 0.4 0.4 0.4 0.4 0.4 0.4 0.4 0.4 0.4 0.4 0.4 0.4 0.4 0.4 0.4 0.4 0.4 0.4 0.4 0.4 0.4 0.4 0.4 0.4 0.4 0.4 0.4 0.4 0.4 0.4 0.4 0.4 0.4 0.4 0.4 0.4 0.4 0.4 0.4 0.4 0.4 0.4 0.4 0.4 0.4 0.4 0.4 0.4 0.4 0.4 0.4 0.4 0.4 0.4 0.4 0.4 0.4 0.4 0.4 0.4 0.4 0.4 0.4 0.4 0.4 0.4 0.4 0.4 0.4 0.4 0.4 0.4 0.4 0.4 0.4 0.4 0.4 0.4 0.4 0.4 0.4 0.4 0.4 0.4 0.4 0.4 0.4 0.4 0.4 0.4 0.4 0.4 0.4 0.4 0.4 0.4 0.4 0.4 0.4 0.4 0.4 0.4 0.4 0.4 0.4 0.4 0.4 0.4 0.4 0.4 0.4 0.4 0.4 0.4 0.4 0.4 0.4 0.4 0.4 0.4 0.4 0.4 0.4 0.4 0.4 0.4 0.4 0.4 0.4 0.4 0.4 0.4 0.4 0.4 0.4 0.4 0.4 0.4 0.4 0.4 0.4 0.4 0.4 0.4 0.4 0.4 0.4 0.4 0.4 0.4 0.4 0.4 0.4 0.4 0.4 0.4 0.4 0.4 0.4 0.4 0.4 0.4 0.4 0.4 0.4 0.4 0.4 0.4 0.4 0.4 0.4 0.4 0.4 0.4 0.4 0.4 0.4 0.4 0.4 0.4 0.4 0.4 0.4 0.4 0.4 0.4 0.4 0.4 0.4 0.4 0.4 0.4 0.4 0.4 0.4 0.4 0.4 0.4 0.4 0.4 0.4 0.4 0.4 0.4 0.4 0.4 0.4 0.4 0.4 0.4 0.4 0.4 0.4 0.4 0.4 0.4 0.4 0.4 0.4 0.4 0.4 0.4 0.4 0.4 0.4 0.4 0.4 0.4 0.4 0.4 0.4 0.4 0.4 0.4 0.4 0.4 0.4 0.4 0.4 0.4 0.4 0.4 0.4 0.4 0.4 0.4 0.4 0.4 0.4 0.4 0.4 0.4 0.4 0.4 0.4 0.4 0.4 0.4 0.4 0.4 0.4 0.4 0.4 0.4 0.4 0.4 0.4 0.4 0.4 0.4 0.4 0.4 0.4 0.4 0.4 0.4 0.4 0.4 0.4 0.4 0.4 0.4 0.4 0.4 0.4 0.4 0.4 0.4 0.4 0.4 0.4 0.4 0.4 0.4 0.4 0.4 0.4 0.4 0.4 0.4 0.4 0.4 0.4 0.4 0.4 0.4 0.4 0.4 0.4 0.4 0.4 0.4 0.4 0.4 0.4 0.4 0.4 0.4 0.4 0.4 0.4 0.4 0.4 0.4 0.4 0.4 0.4 0.4 0.4 0.4 0.4 0.4 0.4 0.4 0.4 0.4 0.4 0.4 0.4 0.4 0.4 0.4 0.4 0.4 0.4 0.4 0.4 0.4 0.4 0.4 0.4 0.4 0.4 0.4 0.4 0.4 0.4 0.4 0.4 0.4 0.4 0.4 0.4 0.4 0.4 0.4 0.4 0.4 0.4 0.4 0.4 0.4 0.4 0.4 0.4 0.4 0.4 0.4 0.4 0.4 0.4 0.4 0.4 0.4 0.4 0.4 0.4 0.4 0.4 0.4 0.4 0.4 0.4 0.4 0.4 0.4 0.4 0.4 0.4 0.4 0.4 0.4 0.4 0.4 0.4 0.4 0.4 0.4 0.4 0.4 0.4 0.4 0.4 0.4 0.4 0.4 0.4 0.4 0.4 0.4 0.4 0.4 0.4 0.4 0.4 0.4 0.4 0.4 0.4 0.4 0.4 0.4 0.4 0.4 0.4 0.4 0.4 0.4 0.4 0.4 0.4 0.4 0.4 0.4 0.4 0.4 0.4 0.4 0.4 0.4 0.4 0.4 0.4 0.4 0.4 0.4 0.4 0.4 0.4 0.4 0.4 0.4 0.4 0.4 0.4 0.4 0.4 0.4 0.4 0.4 0.4 0.4 0.4 0.4 0.4 0.4 0.4 0.4 0.4 0.4 0.4 0.4 0.4 0.4 0.4 0.4 0.4 0.4 0.4 0.4 0.4 0.4 0.4 0.4 0.4 0.4 0.4 0.4 0.4 0.4 0.4 0.4 0.4 0.4 0.4 0.4 0.4 0.4 0.4 0.4 0.4 0.4 0.4 0.4 0.4 0.4 0.4 0.4 0.4 0.4 0.4 0.4 0.4 0.4 0.4 0.4 0.4 0.4 0.4 0.4 0.4 0.4 0.4 0.4 0.4 0.4 0.4 0.4 0.4 0.4 0.4 0.4 0.4 0.4 0.4 0.4 0.4 0.4 0.4 0.4 0.4 0.4 0.4 0.4 0.4 0.4 0.4 0.4 0.4 0.4 0.4 0.4 0.4 0.4 0.4 0.4 0.4 0.4 0.4 0.4 0.4 0.4 0.4 0.4 0.4 0.4 0.4 0.4 0.4 0.4 0.4 0.4 0.4 0.4 0.4 0.4 0.4 0.4 0.4 0.4 0.4 0.4 0.4 0.4 0.4 0.4 0.4 0.4 0.4 0.4 0.4 0.4 0.4 0.4 0.4 0.4 0.4 0.4 0.4 0.4 0.4 0.4 0.4 0.4 0.4 0.4 0.4 0.4 0.4 0.4 0.4 0.4 0.4 0.4 0.4 0.4 0.4 0.4 0.4 0.4 0.4 0.4 0.4 0.4 0.4 0.4 0.4 0.4 0.4 0.4 0.4 0.4 0.4 0.4 0.4 0.4 0.4 0.4 0.4 0.4 0.4 0.4 0.4 0.4 0.4 0.4 0.4 0.4 0.4 0.4 0.4 0.4 0.4 0.4 0.4 0.4 0.4 0.4 0.4 0.4 0.4 0.4 0.4 0.4 0.4 0.4 0.4 0.4 0.4 0.4 0.4 0.4 0.4 0.4 0.4 0.4 0.4 0.4 0.4 0.4 0.4 0.4 0.4 0.4 0.4 0.4 0.4 0.4 0.4 0.4 0.4 0.4 0.4 0.4 0.4 0.4 0.4 0.4 0.4 0.4 0.4 0.4 0.4 0.4 0.4 0.4 0.4 0.4 0.4 0.4 0.4 0.4 0.4 0.4 0.4 0.4 0.4 0.4 0.4 0.4 0.4 0.4 0.4 0.4 0.4 0.4 0.4 0.4 0.4 0.4 0.4 0.4 0.4 0.4 0.4 0.4 0.4 0.4 0.4 0.4 0.4 0.4 0.4 0.4 0.4 0.4 0.4 0.4 0.4 0.4 0.4 0.4 0.4 0.4 0.4 0.4 0.4 0.4 0.4 0.4 0.4 0.4 0.4 0.4 0.4 0.4 0.4 0.4 0.4 0.4 0.4 0.4 0.4 0.4 0.4 0.4 0.4 0.4 0.4 0.4 0.4 0.4 0.4 0.4 0.4 0.4 0.4 0.4 0.4 0.4 0.4 0.4 0.4 0.4 0.4 0.4 0.4 0.4 0.4 0.4 0.4 0.4 0.4 0.4 0.4 0.4 0.4 0.4 0.4 0.4 0.4 0.4 0.4 0.4 0.4 0.4 0.4 0.4 0.4 0.4 0.4 0.4 0.4 0.4 0.4 0.4 0.4 0.4 0.4 0.4 0.4 0.4 0.4 0.4 0.4 0.4 0.4 0.4 0.4 0.4 0.4 0.4 0.4 0.4 0.4 0.4 0.4 0.4 0.4 0.4 0.4 0.4 0.4 0.4 0.4 0.4 0.4 0.4 0.4 0.4 0.4 0.4 0.4 0.4 0.4 0.4 0.4 0.4 0.4 0.4 0.4 0.4 0.4 0.4 0.4 0.4 0.4 0.4 0.4 0.4 0.4 0.4 0.4 0.4 0.4 0.4 0.4 0.4 0.4 0.4 0.4 0.4 0.4 0.4 0.4 0.4 0.4 0.4 0.4 0.4 0.4 0.4 0.4 0.4 0.4 0.4 0.4 0.4 0.4 0.4 0.4 0.4 0.4 0.4 0.4 0.4 0.4 0.4 0.4 0.4 0.4 0.4 0.4 0.4 0.4 0.4 0.4 0.4 0.4 0.4 0.4 0.4 0.4 0.4 0.4 0.4 0.4 0.4 0.4 0.4 0.4 0.4 0.4 0.4 0.4 0.4 0.4 0.4 0.4 0.4 0.4 0.4 0.4 0.4 0.4 0.4 0.4 0.4 0.4 0.4 0.4 0.4 0.4 0.4 0.4 0.4 0.4 0.4 0.4 0.4 0.4 0.4 0.4 0.4 0.4 0.4 0.4 0.4 0.4 0.4 0.4 0.4 0.4 0.4 0.4 0.4 0.4 0.4 0.4 0.4 0.4 0.4 0.4 0.4 0.4 0.4 0.4 0.4 0.4 0.4 0.4 0.4 0.4 0.4 0.4 0.4 0.4 0.4 0.4 0.4 0.4 0.4 0.4 0.4 0.4 0.4 0.4 0.4 0.4 0.4 0.4 0.4 0.4 0.4 0.4 0.4 0.4 0.4 0.4 0.4 0.4 0.4 0.4 0.4 0.4 0.4 0.4 0.4 0.4 0.4 0.4 0.4 0.4 0.4 0.4 0.4 0.4 0.4 0.4 0.4 0.4 0.4 0.4 0.4 0.4 0.4 0.4 0.4 0.4 0.4 0.4 0.4 0.4 0.4 0.4 0.4 0.4 0.4 0.4 0.4 0.4 0.4 0.4 0.4 0.4 0.4 0.4 0.4 0.4 0.4 0.4 0.4 0.4 0.4 0.4 0.4 0.4 0.4 0.4 0.4 0.4 0.4 0.4 0.4 0.4 0.4 0.4 0.4 0.4 0.4 0.4 0.4 0.4 0.4 0.4 0.4 0.4 0.4 0.4 0.4 0.4 0.4 0.4 0.4 0.4 0.4 0.4 0.4 0.4 0.4 0.4 0.4 0.4 0.4 0.4 0.4 0.4 0.4 0.4 0.4 0.4 0.4 0.4 0.4 0.4 0.4 0.4 0.4 0.4 0.4 0.4 0.4 0.4 0.4 0.4 0.4 0.4 0.4 0.4 0.4 0.4 0.4 0.4 0.4 0.4 0.4 0.4 0.4 0.4 0.4 0.4 0.4 0.4 0.4 0.4 0.4 0.4 0.4 0.4 0.4 0.4 0.4 0.4 0.4 0.4 0.4 0.4 0.4 0.4 0.4 0.4 0.4 0.4 0.4 0.4 0.4 0.4 0.4 0.4 0.4 0.4 0.4 0.4 0.4 0.4 0.4 0.4 0.4 0.4 0.4 0.4 0.4 0.4 0.4 0.4 0.4 0.4 0.4 0.4 0.4 0.4 0.4 0.4 0.4 0.4 0.4 0.4 0.4 0.4 0.4 0.4 0.4 0.4 0.4 0.4 0.4 0.4 0.4 0.4 0.4 0.4 0.4 0.4 0.4 0.4 0.4 0.4 0.4 0.4 0.4 0.4 0.4 0.4 0.4 0.4 0.4 0.4 0.4 0.4 0.4 0.4 0.4 0.4 0.4 0.4 0.4 0.4 0.4 0.4 0.4 0.4 0.4 0.4 0.4 0.4 0.4 0.4 0.4 0.4 0.4 0.4 0.4 0.4 0.4 0.4 0.4 0.4 0.4 0.4 0.4 0.4 0.4 0.4 0.4 0.4 0.4 0.4 0.4 0.4 0.4 0.4 0.4 0.4 0.4 0.4 0.4 0.4 0.4 0.4 0.4 0.4 0.4 0.4 0.4 0.4 0.4 0.4 0.4 0.4 0.4 0.4 0.4 0.4 0.4 0.4 0.4 0.4 0.4 0.4 0.4 0.4 0.4 0.4 0.4 0.4 0.4 0.4 0.4 0.4 0.4 0.4 0.4 0.4 0.4 0.4 0.4 0.4 0.4 0.4 0.4 0.4 0.4 0.4 0.4 0.4 0.4 0.4 0.4 0.4 0.4 0.4 0.4 0.4 0.4 0.4 0.4 0.4 0.4 0.4 0.4 0.4 0.4 0.4 0.4 0.4 0.4 0.4 0.4 0.4 0.4 0.4 0.4 0.4 0.4 0.4 0.4 0.4 0.4 0.4 0.4 0.4 0.4 0.4 0.4 0.4 0.4 0.4 0.4 0.4 0.4 0.4 0.4 0.4 0.4 0.4 0.4 0.4 0.4 0.4 0.4 0.4 0.4 0.4 0.4 0.4 0.4 0.4 0.4 0.4 0.4 0.4 0.4 0.4 0.4 0.4 0.4 0.4 0.4 0.4 0.4 0.4 0.4 0.4 0.4 0.4 0.4 0.4 0.4 0.4 0.4 0.4 0.4 0.4 0.4 0.4 0.4 0.4 0.4 0.4 0.4 0.4 0.4 0.4 0.4 0.4 0.4 0.4 0.4 0.4 0.4 0.4 0.4 0.4 0.4 0.4 0.4 0.4 0.4 0.4 0.4 0.4 0.4 0.4 0.4 0.4 0.4 0.4 0.4 0.4 0.4 0.4 0.4 0.4 0.4 0.4 0.4 0.4 0.4 0.4 0.4 0.4 0.4 0.4 0.4 0.4 0.4 0.4 0.4 0.4 0.4 0.4 0.4 0.4 0.4 0.4 0.4 0.4 0.4 0.4 0.4 0.4 0.4 0.4 0.4 0.4 0.4 0.4 0.4 0.4 0.4 0.4 0.4 0.4 0.4 0.4 0.4 0.4 0.4 0.4 0.4 0.4 0.4 0.4 0.4 0.4 0.4 0.4 0.4 0.4 0.4 0.4 0.4 0.4 0.4 0.4 0.4 0.4 0.4 0.4 0.4 0.4 0.4 0.4 0.4 0.4 0.4 0.4 0.4 0.4 0.4 0.4 0.4 0.4 0.4 0.4 0.4 0.4 0.4 0.4 0.4 0.4 0.4 0.4 0.4 0.4 0.4 0.4 0.4 0.4 0.4 0.4 0.4 0.4 0.4 0.4 0.4 0.4 0.4 0.4 0.4 0.4 0.4 0.4 0.4 0.4 0.4 0.4 0.4 0.4 0.4 0.4 0.4 0.4 0.4 0.4 0.4 0.4 0.4 0.4 0.4 0.4 0.4 0.4 0.4 0.4 0.4 0.4 0.4 0.4 0.4 0.4 0.4 0.4 0.4 0.4 0.4 0.4 0.4 0.4 0.4 0.4 0.4 0.4 0.4 0.4 0.4 0.4 0.4 0.4 0.4 0.4 0.4 0.4 0.4 0.4 0.4 0.4 0.4 0.4 0.4 0.4 0.4 0.4 0.4 0.4 0.4 0.4 0.4 0.4 0.4 0.4 0.4 0.4 0.4 0.4 0.4 0.4 0.4 0.4 0.4 0.4 0.4 0.4 0.4 0.4 0.4 0.4 0.4 0.4 0.4 0.4 0.4 0.4 0.4 0.4 0.4 0.4 0.4 0.4 0.4 0.4 0.4 0.4 0.4 0.4 0.4 0.4 0.4 0.4 0.4 0.4 0.4 0.4 0.4 0.4 0.4 0.4 0.4 0.4 0.4 0.4 0.4 0.4 0.4 0.4 0.4 0.4 0.4 0.4 0.4 0.4 0.4 0.4 0.4 0.4 0.4 0.4 0.4 0.4 0.4 0.4 0.4 0.4 0.4 0.4 0.4 0.4 0.4 0.4 0.4 0.4 0.4 0.4 0.4 0.4 0.4 0.4 0.4 0.4 0.4 0.4 0.4 0.4 0.4 0.4 0.4 0.4 0.4 0.4 0.4 0.4 0.4 0.4 0.4 0.4 0.4 0.4 0.4 0.4 0.4 0.4 0.4 0.4 0.4 0.4 0.4 0.4 0.4 0.4 0.4 0.4 0.4 0.4 0.4 0.4 0.4 0.4 0.4 0.4 0.4 0.4 0.4 0.4 0.4 0.4 0.4 0.4 0.4 0.4 0.4 0.4 0.4 0.4 0.4 0.4 0.4 0.4 0.4 0.4 0.4 0.4 0.4 0.4 0.4 0.4 0.4 0.4 0.4 0.4 0.4 0.4 0.4 0.4 0.4 0.4 0.4 0.4 0.4 0.4 0.4 0.4 0.4 0.4 0.4 0.4 0.4 0.4 0.4 0.4 0.4 0.4 0.4 0.4 0.4 0.4 0.4 0.4 0.4 0.4 0.4 0.4 0.4 0.4 0.4 0.4 0.4 0.4 0.4 0.4 0.4 0.4 0.4 0.4 0.4 0.4 0.4 0.4 0.4 0.4 0.4 0.4 0.4 0.4 0.4 0.4 0.4 0.4 0.4 0.4 0.4 0.4 0.4 0.4 0.4 0.4 0.4 0.4 0.4 0.4 0.4 0.4 0.4 0.4 0.4 0.4 0.4 0.4 0.4 0.4 0.4 0.4 0.4 0.4 0.4 0.4 0.4 0.4 0.4 0.4 0.4 0.4 0.4 0.4 0.4 0.4 0.4 0.4 0.4 0.4 0.4 0.4 0.4 0.4 0.4 0.4 0.4 0.4 0.4 0.4 0.4 0.4 0.4 0.4 0.4 0.4 0.4 0.4 0.4 0.4 0.4 0.4 0.4 0.4 0.4 0.4 0.4 0.4 0.4 0.4 0.4 0.4 0.4 0.4 0.4 0.4 0.4 0.4 0.4 0.4 0.4 0.4 0.4 0.4 0.4 0.4 0.4 0.4 0.4 0.4 0.4 0.4 0.4 0.4 0.4 0.4 0.4 0.4 0.4 0.4 0.4 0.4 0.4 0.4 0.4 0.4 0.4 0.4 0.4 0.4 0.4 0.4 0.4 0.4 0.4 0.4 0.4 0.4 0.4 0.4 0.4 0.4 0.4 0.4 0.4 0.4 0.4 0.4 0.4 0.4 0.4 0.4 0.4 0.4 0.4 0.4 0.4 0.4 0.4 0.4 0.4 0.4 0.4 0.4 0.4 0.4 0.4 0.4 0.4 0.4 0.4 0.4 0.4 0.4 0.4 0.4 0.4 0.4 0.4 0.4 0.4 0.4 0.4 0.4 0.4 0.4 0.4 0.4 0.4 0.4 0.4 0.4 0.4 0.4 0.4 0.4 0.4 0.4 0.4 0.4 0.4 0.4 0.4 0.4 0.4 0.4 0.4 0.4 0.4 0.4 0.4 0.4 0.4 0.4 0.4 0.4 0.4 0.4 0.4 0.4 0.4 0.4 0.4 0.4 0.4 0.4 0.4 0.4 0.4 0.4 0.4 0.4 0.4 0.4 0.4 0.4 0.4 0.4 0.4 0.4 0.4 0.4 0.4 0.4 0.4 0.4 0.4 0.4 0.4 0.4 0.4 0.4 0.4 0.4 0.4 0.4 0.4 0.4 0.4 0.4 0.4 0.4 0.4 0.4 0.4 0.4 0.4 0.4 0.4 0.4 0.4 0.4 0.4 0.4 0.4 0.4 0.4 0.4 0.4 0.4 0.4 0.4 0.4 0.4 0.4 0.4 0.4 0.4 0.4 0.4 0.4 0.4 0.4 0.4 0.4 0.4 0.4 0.4 0.4 0.4 0.4 0.4 0.4 0.4 0.4 0.4 0.4 0.4 0.4 0.4 0.4 0.4 0.4 0.4 0.4 0.4 0.4 0.4 0.4 0.4 0.4 0.4 0.4 0.4 0.4 0.4 0.4 0.4 0.4 0.4 0.4 0.4 0.4 0.4 0.4 0.4 0.4 0.4 0.4 0.4 0.4 0.4 0.4 0.4 0.4 0.4 0.4 0.4 0.4 0.4 0.4 0.4 0.4 0.4 0.4 0.4 0.4 0.4 0.4 0.4 0.4 0.4 0.4 0.4 0.4 0.4 0.4 0.4 0.4 0.4 0.4 0.4 0.4 0.4 0.4 0.4 0.4 0.4 0.4 0.4 0.4 0.4 0.4 0.4 0.4 0.4 0.4 0.4 0.4 0.4 0.4 0.4 0.4 0.4 0.4 0.4 0.4 0.4 0.4 0.4 0.4 0.4 0.4 0.4 0.4 0.4 0.4 0.4 0.4 0.4 0.4 0.4 0.4 0.4 0.4 0.4 0.4 0.4 0.4 0.4 0.4 0.4 0.4 0.4 0.4 0.4 0.4 0.4 0.4 0.4 0.4 0.4 0.4 0.4 0.4 0.4 0.4 0.4 0.4 0.4 0.4 0.4 0.4 0.4 0.4 0.4 0.4 0.4 0.4 0.4 0.4 0.4 0.4 0.4 0.4 0.4 0.4 0.4 0.4 0.4 0.4 0.4 0.4 0.4 0.4 0.4 0.4 0.4 0.4 0.4 0.4 0.4 0.4 0.4 0.4 0.4 0.4 0.4 0.4 0.4 0.4 0.4 0.4 0.4 0.4 0.4 0.4 0.4 0.4 0.4 0.4 0.4 0.4 0.4 0.4 0.4 0.4 0.4 0.4 0.4 0.4 0.4 0.4 0.4 0.4 0.4 0.4 0.4 0.4 0.4 0.4 0.4 0.4 0.4 0.4 0.4 0.4 0.4 0.4 0.4 0.4 0.4 0.4 0.4 0.4 0.4 0.4 0.4 0.4 0.4 0.4 0.4 0.4 0.4 0.4 0.4 0.4 0.4 0.4 0.4 0.4 0.4 0.4 0.4 0.4 0.4 0.4 0.4 0.4 0.4 0.4 0.4 0.4 0.4 0.4 0.4 0.4 0.4 0.4 0.4 0.4 0.4 0.4 0.4 0.4 0.4 0.4 0.4 0.4 0.4 0.4 0.4 0.4 0.4 0.4 0.4 0.4 0.4 0.4 0.4 0.4 0.4 0.4 0.4 0.4 0.4 0.4 0.4 0.4 0.4 0.4 0.4 0.4 0.4 0.4 0.4 0.4 0.4 0.4 0.4 0.4 0.4 0.4 0.4 0.4 0.4 0.4 0.4 0.4 0.4 0.4 0.4 0.4 0.4 0.4 0.4 0.4 0.4 0.4 0.4 0.4 0.4 0.4 0.4 0.4 0.4 0.4 0.4 0.4 0.4 0.4 0.4 0.4 0.4 0.4 0.4 0.4 0.4 0.4 0.4 0.4 0.4 0.4 0.4 0.4 0.4 0.4 0.4 0.4 0.4 0.4 0.4 0.4 0.4 0.4 0.4 0.4 0.4 0.4 0.4 0.4 0.4 0.4 0.4 0.4 0.4 0.4 0.4 0.4 0.4 0.4 0.4 0.4 0.4 0.4 0.4 0.4 0.4 0.4 0.4 0.4 0.4 0.4 0.4 0.4 0.4 0.4 0.4 0.4 0.4 0.4 0.4 0.4 0.4 0.4 0.4 0.4 0.4 0.4 0.4 0.4 0.4 0.4 0.4 0.4 0.4 0.4 0.4 0.4 0.4 0.4 0.4 0.4 0.4 0.4 0.4 0.4 0.4 0.4 0.4 0.4 0.4 0.4 0.4 0.4 0.4 0.4 0.4 0.4 0.4 0.4 0.4 0.4 0.4 0.4 0.4 0.4 0.4 0.4 0.4 0.4 0.4 0.4 0.4 0.4 0.4 0.4 0.4 0.4 0.4 0.4 0.4 0.4 0.4 0.4 0.4 0.4 0.4 0.4 0.4 0.4 0.4 0.4 0.4 0.4 0.4 0.4 0.4 0.4 0.4 0.4 0.4 0.4 0.4 0.4 0.4 0.4 0.4 0.4 0.4 0.4 0.4 0.4 0.4 0.4 0.4 0.4 0.4 0.4 0.4 0.4 0.4 0.4 0.4 0.4 0.4 0.4 0.4 0.4 0.4 0.4 0.4 0.4 0.4 0.4 0.4 0.4 0.4 0.4 0.4 0.4 0.4 0.4 0.4 0.4 0.4 0.4 0.4 0.4 0.4 0.4 0.4 0.4 0.4 0.4 0.4 0.4 0.4 0.4 0.4 0.4 0.4 0.4 0.4 0.4 0.4 0.4 0.4 0.4 0.4 0.4 0.4 0.4 0.4 0.4 0.4 0.4 0.4 0.4 0.4 0.4 0.4 0.4 0.4 0.4 0.4 0.4 0.4 0.4 0.4 0.4 0.4 0.4 0.4 0.4 0.4 0.4 0.4 0.4 0.4 0.4 0.4 0.4 0.4 0.4 0.4 0.4 0.4 0.4 0.4 0.4 0.4 0.4 0.4 0.4 0.4 0.4 0.4 0.4 0.4 0.4 0.4 0.4 0.4 0.4 0.4 0.4 0.4 0.4 0.4 0.4 0.4 0.4 0.4 0.4 0.4 0.4 0.4 0.4 0.4 0.4 0.4 0.4 0.4 0.4 0.4 0.4 0.4 0.4 0.4 0.4 0.4 0.4 0.4 0.4 0.4 0.4 0.4 0.4 0.4 0.4 0.4 0.4 0.4 0.4 0.4 0.4 0.4 0.4 0.4 0.4 0.4 0.4 0.4 0.4 0.4 0.4 0.4 0.4 0.4 0.4 0.4 0.4 0.4 0.4 0.4 0.4 0.4 0.4 0.4 0.4 0.4 0.4 0.4 0.4 0.4 0.4 0.4 0.4 0.4 0.4 0.4 0.4 0.4 0.4 0.4 0.4 0.4 0.4 0.4 0.4 0.4 0.4 0.4 0.4 0.4 0.4 0.4 0.4 0.4 0.4 0.4 0.4 0.4 0.4 0.4 0.4 0.4 0.4 0.4 0.4 0.4 0.4 0.4 0.4 0.4 0.4 0.4 0.4 0.4 0.4 0.4 0.4 0.4 0.4 0.4 0.4 0.4 0.4 0.4 0.4 0.4 0.4 0.4 0.4 0.4 0.4 0.4 0.4 0.4 0.4 0.4 0.4 0.4 0.4 0.4 0.4 0.4 0.4 0.4 0.4 0.4 0.4 0.4 0.4 0.4 0.4 0.4 0.4 0.4 0.4 0.4 0.4 0.4 0.4 0.4 0.4 0.4 0.4 0.4 0.4 0.4 0.4 0.4 0.4 0.4 0.4 0.4 0.4 0.4 0.4 0.4 0.4 0.4 0.4 0.4 0.4 0.4 0.4 0.4 0.4 0.4 0.4 0.4 0.4 0.4 0.4 0.4 0.4 0.4 0.4 0.4 0.4 0.4 0.4 0.4 0.4 0.4 0.4 0.4 0.4 0.4 0.4 0.4 0.4 0.4 0.4 0.4 0.4 0.4 0.4 0.4 0.4 0.4 0.4 0.4 0.4 0.4 0.4 0.4 0.4 0.4 0.4 0.4 0.4 0.4 0.4 0.4 0.4 0.4 0.4 0.4 0.4 0.4 0.4 0.4 0.4 0.4 0.4 0.4 0.4 0.4 0.4 0.4 0.4 0.4 0.4 0.4 0.4 0.4 0.4 0.4 0.4 0.4 0.4 0.4 0.4 0.4 0.4 0.4 0.4 0.4 0.4 0.4 0.4 0.4 0.4 0.4 0.4 0.4 0.4 0.4 0.4 0.4 0.4 0.4 0.4 0.4 0.4 0.4 0.4 0.4 0.4 0.4 0.4 0.4 0.4 0.4 0.4 0.4 0.4 0.4 0.4 0.4 0.4 0.4 0.4 0.4 0.4 0.4 0.4 0.4 0.4 0.4 0.4 0.4 0.4 0.4 0.4 0.4 0.4 0.4 0.4 0.4 0.4 0.4 0.4 0.4 0.4 0.4 0.4 0.4 0.4 0.4 0.4 0.4 0.4 0.4 0.4 0.4 0.4 0.4 0.4 0.4 0.4 0.4 0.4 0.4 0.4 0.4 0.4 0.4 0.4 0.4 0.4 0.4 0.4 0.4 0.4 0.4 0.4 0.4 0.4 0.4 0.4 0.4 0.4 0.4 0.4 0.4 0.4 0.4 0.4 0.4 0.4 0.4 0.4 0.4 0.4 0.4 0.4 0.4 0.4 0.4 0.4 0.4 0.4 0.4 0.4 0.4 0.4 0.4 0.4 0.4 0.4 0.4 0.4 0.4 0.4 0.4 0.4 0.4 0.4 0.4 0.4 0.4 0.4 0.4 0.4 0.4 0.4 0.4 0.4 0.4 0.4 0.4 0.4 0.4 0.4 0.4 0.4 0.4 0.4 0.4 0.4 0.4 0.4 0.4 0.4 0.4 0.4 0.4 0.4 0.4 0.4 0.4 0.4 0.4 0.4 0.4 0.4 0.4 0.4 0.4 0.4 0.4 0.4 0.4 0.4 0.4 0.4 0.4 0.4 0.4 0.4 0.4 0.4 0.4 0.4 0.4 0.4 0.4 0.4 0.4 0.4 0.4 0.4 0.4 0.4 0.4 0.4 0.4 0.4 0.4 0.4 0.4 0.4 0.4 0.4 0.4 0.4 0.4 0.4 0.4 0.4 0.4 0.4 0.4 0.4 0.4 0.4 0.4 0.4 0.4 0.4 0.4 0.4 0.4 0.4 0.4 0.4 0.4 0.4 0.4 0.4 0.4 0.4 0.4 0.4 0.4 0.4 0.4 0.4 0.4 0.4 0.4 0.4 0.4 0.4 0.4 0.4 0.4 0.4 0.4 0.4 0.4 0.4 0.4 0.4 0.4 0.4 0.4 0.4 0.4 0.4 0.4 0.4 0.4 0.4 0.4 0.4 0.4 0.4 0.4 0.4 0.4 0.4 0.4 0.4 0.4 0.4 0.4 0.4 0.4 0.4 0.4 0.4 0.4 0.4 0.4 0.4 0.4 0.4 0.4 0.4 0.4 0.4 0.4 0.4 0.4 0.4 0.4 0.4 0.4 0.4 0.4 0.4 0.4 0.4 0.4 0.4 0.4 0.4 0.4 0.4 0.4 0.4 0.4 0.4 0.4 0.4 0.4 0.4 0.4 0.4 0.4 0.4 0.4 0.4 0.4 0.4 0.4 0.4 0.4 0.4 0.4 0.4 0.4 0.4 0.4 0.4 0.4 0.4 0.4 0.4 0.4 0.4 0.4 0.4 0.4 0.4 0.4 0.4 0.4 0.4 0.4 0.4 0.4 0.4 0.4 0.4 0.4 0.4 0.4 0.4 0.4 0.4 0.4 0.4 0.4 0.4 0.4 0.4 0.4 0.4 0.4 0.4 0.4 0.4 0.4 0.4 0.4 0.4 0.4 0.4 0.4 0.4 0.4 0.4 0.4 0.4 0.4 0.4 0.4 0.4 0.4 0.4 0.4 0.4 0.4 0.4 0.4 0.4 0.4 0.4 0.4 0.4 0.4 0.4 0.4 0.4 0.4 0.4 0.4 0.4 0.4 0.4 0.4 0.4 0.4 0.4 0.4 0.4 0.4 0.4 0.4 0.4 0.4 0.4 0.4 0.4 0.4 0.4 0.4 0.4 0.4 0.4 0.4 0.4 0.4 0.4 0.4 0.4 0.4 0.4 0.4 0.4 0.4 0.4 0.4 0.4 0.4 0.4 0.4 0.4 0.4 0.4 0.4 0.4 0.4 0.4 0.4 0.4 0.4 0.4 0.4 0.4 0.4 0.4 0.4 0.4 0.4 0.4 0.4 0.4 0.4 0.4 0.4 0.4 0.4 0.4 0.4 0.4 0.4 0.4 0.4 0.4 0.4 0.4 0.4 0.4 0.4 0.4 0.4 0.4 0.4 0.4 0.4 0.4 0.4 0.4 0.4 0.4 0.4 0.4 0.4 0.4 0.4 0.4 0.4 0.4 0.4 0.4 0.4 0.4 0.4 0.4 0.4 0.4 0.4 0.4 0.4 0.4 0.4 0.4 0.4 0.4 0.4 0.4 0.4 0.4 0.4 0.4 0.4 0.4 0.4 0.4 0.4 0.4 0.4 0.4 0.4 0.4 0.4 0.4 0.4 0.4 0.4 0.4 0.4 0.4 0.4 0.4 0.4 0.4 0.4 0.4 0.4 0.4 0.4 0.4 0.4 0.4 0.4 0.4 0.4 0.4 0.4 0.4 0.4 0.4 0.4 0.4 0.4 0.4 0.4 0.4 0.4 0.4 0.4 0.4 0.4 0.4 0.4 0.4 0.4 0.4 0.4 0.4 0.4 0.4 0.4 0.4 0.4 0.4 0.4 0.4 0.4 0.4 0.4 0.4 0.4 0.4 0.4 0.4 0.4 0.4 0.4 0.4 0.4 0.4 0.4 0.4 0.4 0.4 0.4 0.4 0.4 0.4 0.4 0.4 0.4 0.4 0.4 0.4 0.4 0.4 0.4 0.4 0.4 0.4 0.4 0.4 0.4 0.4 0.4 0.4 0.4 0.4 0.4 0.4 0.4 0.4 0.4 0.4 0.4 0.4 0.4 0.4 0.4 0.4 0.4 0.4 0.4 0.4 0.4 0.4 0.4 0.4 0.4 0.4 0.4 0.4 0.4 0.4 0.4 0.4 0.4 0.4 0.4 0.4 0.4 0.4 0.4 0.4 0.4 0.4 0.4 0.4 0.4 0.4 0.4 0.4 0.4 0.4 0.4 0.4 0.4 0.4 0.4 0.4 0.4 0.4 0.4 0.4 0.4 0.4 0.4 0.4 0.4 0.4 0.4 0.4 0.4 0.4 0.4 0.4 0.4 0.4 0.4 0.4 0.4 0.4 0.4 0.4 0.4 0.4 0.4 0.4 0.4 0.4 0.4 0.4 0.4 0.4 0.4 0.4 0.4 0.4 0.4 0.4 0.4 0.4 0.4 0.4 0.4 0.4 0.4 0.4 0.4 0.4 0.4 0.4 0.4 0.4 0.4 0.4 0.4 0.4 0.4 0.4 0.4 0.4 0.4 0.4 0.4 0.4 0.4 0.4 0.4 0.4 0.4 0.4 0.4 0.4 0.4 0.4 0.4 0.4 0.4 0.4 0.4 0.4 0.4 0.4 0.4 0.4 0.4 0.4 0.4 0.4 0.4 0.4 0.4 0.4 0.4 0.4 0.4 0.4 0.4 0.4 0.4 0.4 0.4 0.4 0.4 0.4 0.4 0.4 0.4 0.4 0.4 0.4 0.4 0.4 0.4 0.4 0.4 0.4 0.4 0.4 0.4 0.4 0.4 0.4 0.4 0.4 0.4 0.4 0.4 0.4 0.4 0.4 0.4 0.4 0.4 0.4 0.4 0.4 0.4 0.4 0.4 0.4 0.4 0.4 0.4 0.4 0.4 0.4 0.4 0.4 0.4 0.4 0.4 0.4 0.4 0.4 0.4 0.4 0.4 0.4 0.4 0.4 0.4 0.4 0.4 0.4 0.4 0.4 0.4 0.4 0.4 0.4 0.4 0.4 0.4 0.4 0.4 0.4 0.4 0.4 0.4 0.4 0.4 0.4 0.4 0.4 0.4 0.4 0.4 0.4 0.4 0.4 0.4 0.4 0.4 0.4 0.4 0.4 0.4 0.4 0.4 0.4 0.4 0.4 0.4 0.4 0.4 0.4 0.4 0.4 0.4 0.4 0.4 0.4 0.4 0.4 0.4 0.4 0.4 0.4 0.4 0.4 0.4 0.4 0.4 0.4 0.4 0.4 0.4 0.4 0.4 0.4 0.4 0.4 0.4 0.4 0.4 0.4 0.4 0.4 0.4 0.4 0.4 0.4 0.4 0.4 0.4 0.4 0.4 0.4 0.4 0.4 0.4 0.4 0.4 0.4 0.4 0.4 0.4 0.4 0.4 0.4 0.4 0.4 0.4 0.4 0.4 0.4 0.4 0.4 0.4 0.4 0.4 0.4 0.4 0.4 0.4 0.4 0.4 0.4 0.4 0.4 0.4 0.4 0.4 0.4 0.4 0.4 0.4 0.4 0.4 0.4 0.4 0.4 0.4 0.4 0.4 0.4 0.4 0.4 0.4 0.4 0.4 0.4 0.4 0.4 0.4 0.4 0.4 0.4 0.4 0.4 0.4 0.4 0.4 0.4 0.4 0.4 0.4 0.4 0.4 0.4 0.4 0.4 0.4 0.4 0.4 0.4 0.4 0.4 0.4 0.4 0.4 0.4 0.4 0.4 0.4 0.4 0.4 0.4 0.4 0.4 0.4 0.4 0.4 0.4 0.4 0.4 0.4 0.4 0.4 0.4 0.4 0.4 0.4 0.4 0.4 0.4 0.4 0.4 0.4 0.4 0.4 0.4 0.4 0.4 0.4 0.4 0.4 0.4 0.4 0.4 0.4 0.4 0.4 0.4 0.4 0.4 0.4 0.4 0.4 0.4 0.4 0.4 0.4 0.4 0.4 0.4 0.4 0.4 0.4 0.4 0.4 0.4 0.4 0.4 0.4 0.4 0.4 0.4 0.4 0.4 0.4 0.4 0.4 0.4 0.4 0.4 0.4 0.4 0.4 0.4 0.4 0.4 0.4 0.4 0.4 0.4 0.4 0.4 0.4 0.4 0.4 0.4 0.4 0.4 0.4 0.4 0.4 0.4 0.4 0.4 0.4 0.4 0.4 0.4 0.4 0.4 0.4 0.4 0.4 0.4 0.4 0.4 0.4 0.4 0.4 0.4 0.4 0.4 0.4 0.4 0.4 0.4 0.4 0.4 0.4 0.4 0.4 0.4 0.4 0.4 0.4 0.4 0.4 0.4 0.4 0.4 0.4 0.4 0.4 0.4 0.4 0.4 0.4 0.4 0.4 0.4 0.4 0.4 0.4 0.4 0.4 0.4 0.4 0.4 0.4 0.4 0.4 0.4 0.4 0.4 0.4 0.4 0.4 0.4 0.4 0.4 0.4 0.4 0.4 0.4 0.4 0.4 0.4 0.4 0.4 0.4 0.4 0.4 0.4 0.4 0.4 0.4 0.4 0.4 0.4 0.4 0.4 0.4 0.4 0.4 0.4 0.4 0.4 0.4 0.4 0.4 0.4 0.4 0.4 0.4 0.4 0.4 0.4 0.4 0.4 0.4 0.4 0.4 0.4 0.4 0.4 0.4 0.4 0.4 0.4 0.4 0.4 0.4 0.4 0.4 0.4 0.4 0.4 0.4 0.4 0.4 0.4 0.4 0.4 0.4 0.4 0.4 0.4 0.4 0.4 0.4 0.4 0.4 0.4 0.4 0.4 0.4 0.4 0.4 0.4 0.4 0.4 0.4 0.4 0.4 0.4 0.4 0.4 0.4 0.4 0.4 0.4 0.4 0.4 0.4 0.4 0.4 0.4 0.4 0.4 0.4 0.4 0.4 0.4 0.4 0.4 0.4 0.4 0.4 0.4 0.4 0.4 0.4 0.4 0.4 0.4 0.4 0.4 0.4 0.4 0.4 0.4 0.4 0.4 0.4 0.4 0.4 0.4 0.4 0.4 0.4 0.4 0.4 0.4 0.4 0.4 0.4 0.4 0.4 0.4 0.4 0.4 0.4 0.4 0.4 0.4 0.4 0.4 0.4 0.4 0.4 0.4 0.4 0.4 0.4 0.4 0.4 0.4 0.4 0.4 0.4 0.4 0.4 0.4 0.4 0.4 0.4 0.4 0.4 0.4 0.4 0.4 0.4 0.4 0.4 0.4 0.4 0.4 0.4 0.4 0.4 0.4 0.4 0.4 0.4 0.4 0.4 0.4 0.4 0.4 0.4 0.4 0.4 0.4 0.4 0.4 0.4 0.4 0.4 0.4 0.4 0.4 0.4 0.4 0.4 0.4 0.4 0.4 0.4 0.4 0.4 0.4 0.4 0.4 0.4 0.4 0.4 0.4 0.4 0.4 0.4 0.4 0.4 0.4 0.4 0.4 0.4 0.4 0.4 0.4 0.4 0.4 0.4 0.4 0.4 0.4 0.4 0.4 0.4 0.4 0.4 0.4 0.4 0.4 0.4 0.4 0.4 0.4 0.4 0.4 0.4 0.4 0.4 0.4 0.4 0.4 0.4 0.4 0.4 0.4 0.4 0.4 0.4 0.4 0.4 0.4 0.4 0.4 0.4 0.4 0.4 0.4 0.4 0.4 0.4 0.4 0.4 0.4 0.4 0.4 0.4 0.4 0.4 0.4 0.4 0.4 0.4 0.4 0.4 0.4 0.4 0.4 0.4 0.4 0.4 0.4 0.4 0.4 0.4 0.4 0.4 0.4 0.4 0.4 0.4 0.4 0.4 0.4 0.4 0.4 0.4 0.4 0.4 0.4 0.4 0.4 0.4 0.4 0.4 0.4 0.4 0.4 0.4 0.4 0.4 0.4 0.4 0.4 0.4 0.4 0.4 0.4 0.4 0.4 0.4 0.4 0.4 0.4 0.4 0.4 0.4 0.4 0.4 0.4 0.4 0.4 0.4 0.4 0.4 0.4 0.4 0.4 0.4 0.4 0.4 0.4 0.4 0.4 0.4 0.4 0.4 0.4 0.4 0.4 0.4 0.4 0.4 0.4 0.4 0.4 0.4 0.4 0.4 0.4 0.4 0.4 0.4 0.4 0.4 0.4 0.4 0.4 0.4 0.4 0.4 0.4 0.4 0.4 0.4 0.4 0.4 0.4 0.4 0.4 0.4 0.4 0.4 0.4 0.4 0.4 0.4 0.4 0.4 0.4 0.4 0.4 0.4 0.4 0.4 0.4 0.4 0.4 0.4 0.4 0.4 0.4 0.4 0.4 0.4 0.4 0.4 0.4 0.4 0.4 0.4 0.4 0.4 0.4 0.4 0.4 0.4 0.4 0.4 0.4 0.4 0.4 0.4 0.4 0.4 0.4 0.4 0.4 0.4 0.4 0.4 0.4 0.4 0.4 0.4 0.4 0.4 0.4 0.4 0.4 0.4 0.4 0.4 0.4 0.4 0.4 0.4 0.4 0.4 0.4 0.4 0.4 0.4 0.4 0.4 0.4 0.4 0.4 0.4 0.4 0.4 0.4 0.4 0.4 0.4 0.4 0.4 0.4 0.4 0.4 0.4 0.4 0.4 0.4 0.4 0.4 0.4 0.4 0.4 0.4 0.4 0.4 0.4 0.4 0.4 0.4 0.4 0.4 0.4 0.4 0.4 0.4 0.4 0.4 0.4 0.4 0.4 0.4 0.4 0.4 0.4 0.4 0.4 0.4 0.4 0.4 0.4 0.4 0.4 0.4 0.4 0.4 0.4 0.4 0.4 0.4 0.4 0.4 0.4 0.4 0.4 0.4 0.4 0.4 0.4 0.4 0.4 0.4 0.4 0.4 0.4 0.4 0.4 0.4 0.4 0.4 0.4 0.4 0.4 0.4 0.4 0.4 0.4 0.4 0.4 0.4 0.4 0.4 0.4 0.4 0.4 0.4 0.4 0.4 0.4 0.4 0.4 0.4 0.4 0.4 0.4 0.4 0.4 0.4 0.4 0.4 0.4 0.4 0.4 0.4 0.4 0.4 0.4 0.4 0.4 0.4 0.4 0.4 0.4 0.4 0.4 0.4 0.4 0.4 0.4 0.4 0.4 0.4 0.4 0.4 0.4 0.4 0.4 0.4 0.4 0.4 0.4 0.4 0.4 0.4 0.4 0.4 0.4 0.4 0.4 0.4 0.4 0.4 0.4 0.4 0.4 0.4 0.4 0.4 0.4 0.4 0.4 0.4 0.4 0.4 0.4 0.4 0.4 0.4 0.4 0.4 0.4 0.4 0.4 0.4 0.4 0.4 0.4 0.4 0.4 0.4 0.4 0.4 0.4 0.4 0.4 0.4 0.4 0.4 0.4 0.4 0.4 0.4 0.4 0.4 0.4 0.4 0.4 0.4 0.4 0.4 0.4 0.4 0.4 0.4 0.4 0.4 0.4 0.4 0.4 0.4 0.4 0.4 0.4 0.4 0.4 0.4 0.4 0.4 0.4 0.4 0.4 0.4 0.4 0.4 0.4 0.4 0.4 0.4 0.4 0.4 0.4 0.4 0.4 0.4 0.4 0.4 0.4 0.4 0.4 0.4 0.4 0.4 0.4 0.4 0.4 0.4 0.4 0.4 0.4 0.4 0.4 0.4 0.4 0.4 0.4 0.4 0.4 0.4 0.4 0.4 0.4 0.4 0.4 0.4 0.4 0.4 0.4 0.4 0.4 0.4 0.4 0.4 0.4 0.4 0.4 0.4 0.4 0.4 0.4 0.4 0.4 0.4 0.4 0.4 0.4 0.4 0.4 0.4 0.4 0.4 0.4 0.4 0.4 0.4 0.4 0.4 0.4 0.4 0.4 0.4 0.4 0.4 0.4 0.4 0.4 0.4 0.4 0.4 0.4 0.4 0.4 0.4 0.4 0.4 0.4 0.4 0.4 0.4 0.4 0.4 0.4 0.4 0.4 0.4 0.4 0.4 0.4 0.4 0.4 0.4 0.4 0.4 0.4 0.4 0.4 0.4 0.4 0.4 0.4 0.4 0.4 0.4 0.4 0.4 0.4 0.4 0.4 0.4 0.4 0.4 0.4 0.4 0.4 0.4 0.4 0.4 0.4 0.4 0.4 0.4 0.4 0.4 0.4 0.4 0.4 0.4 0.4 0.4 0.4 0.4 0.4 0.4 0.4 0.4 0.4 0.4 0.4 0.4 0.4 0.4 0.4 0.4 0.4 0.4 0.4 0.4 0.4 0.4 0.4 0.4 0.4 0.4 0.4 0.4 0.4 0.4 0.4 0.4 0.4 0.4 0.4 0.4 0.4 0.4 0.4 0.4 0.4 0.4 0.4 0.4 0.4 0.4 0.4 0.4 0.4 0.4 0.4 0.4 0.4 0.4 0.4 0.4 0.4 0.4 0.4 0.4 0.4 0.4 0.4 0.4 0.4 0.4 0.4 0.4 0.4 0.4 0.4 0.4 0.4 0.4 0.4 0.4 0.4 0.4 0.4 0.4 0.4 0.4 0.4 0.4 0.4 0.4 0.4 0.4 0.4 0.4 0.4 0.4 0.4 0.4 0.4 0.4 0.4 0.4 0.4 0.4 0.4 0.4 0.4 0.4 0.4 0.4 0.4 0.4 0.4 0.4 0.4 0.4 0.4 0.4 0.4 0.4 0.4 0.4 0.4 0.4 0.4 0.4 0.4 0.4 0.4 0.4 0.4 0.4 0.4 0.4 0.4 0.4 0.4 0.4 0.4 0.4 0.4 0.4 0.4 0.4 0.4 0.4 0.4 0.4 0.4 0.4 0.4 0.4 0.4 0.4 0.4 0.4 0.4 0.4 0.4 0.4 0.4 0.4 0.4 0.4 0.4 0.4 0.4 0.4 0.4 0.4 0.4 0.4 0.4 0.4 0.4 0.4 0.4 0.4 0.4 0.4 0.4 0.4 0.4 0.4 0.4 0.4 0.4 0.4 0.4 0.4 0.4 0.4 0.4 0.4 0.4 0.4 0.4 0.4 0.4 0.4 0.4 0.4 0.4 0.4 0.4 0.4 0.4 0.4 0.4 0.4 0.4 0.4 0.4 0.4 0.4 0.4 0.4 0.4 0.4 0.4 0.4 0.4 0.4 0.4 0.4 0.4 0.4 0.4 0.4 0.4 0.4 0.4 0.4 0.4 0.4 0.4 0.4 0.4 0.4 0.4 0.4 0.4 0.4 0.4 0.4 0.4 0.4 0.4 0.4 0.4 0.4 0.4 0.4 0.4 0.4 0.4 0.4 0.4 0.4 0.4 0.4 0.4 0.4 0.4 0.4 0.4 0.4 0.4 0.4 0.4 0.4 0.4 0.4 0.4 0.4 0.4 0.4 0.4 0.4 0.4 0.4 0.4 0.4 0.4 0.4 0.4 0.4 0.4 0.4 0.4 0.4 0.4 0.4 0.4 0.4 0.4 0.4 0.4 0.4 0.4 0.4 0.4 0.4 0.4 0.4 0.4 0.4 0.4 0.4 0.4 0.4 0.4 0.4 0.4 0.4 0.4 0.4 0.4 0.4 0.4 0.4 0.4 0.4 0.4 0.4 0.4 0.4 0.4 0.4 0.4 0.4 0.4 0.4 0.4 0.4 0.4 0.4 0.4 0.4 0.4 0.4 0.4 0.4 0.4 0.4 0.4 0.4 0.4 0.4 0.4 0.4 0.4 0.4 0.4 0.4 0.4 0.4 0.4 0.4 0.4 0.4 0.4 0.4 0.4 0.4 0.4 0.4 0.4 0.4 0.4 0.4 0.4 0.4 0.4 0.4 0.4 0.4 0.4 0.4 0.4 0.4 0.4 0.4 0.4 0.4 0.4 0.4 0.4 0.4 0.4 0.4 0.4 0.4 0.4 0.4 0.4 0.4 0.4 0.4 0.4 0.4 0.4 0.4 0.4 0.4 0.4 0.4 0.4 0.4 0.4 0.4 0.4 0.4 0.4 0.4 0.4 0.4 0.4 0.4 0.4 0.4 0.4 0.4 0.4 0.4 0.4 0.4 0.4 0.4 0.4 0.4 0.4 0.4 0.4 0.4 0.4 0.4 0.4 0.4 0.4 0.4 0.4 0.4 0.4 0.4 0.4 0.4 0.4 0.4 0.4 0.4 0.4 0.4 0.4 0.4 0.4 0.4 0.4 0.4 0.4 0.4 0.4 0.4 0.4 0.4 0.4 0.4 0.4 0.4 0.4 0.4 0.4 0.4 0.4 0.4 0.4 0.4 0.4 0.4 0.4 0.4 0.4 0.4 0.4 0.4 0.4 0.4 0.4 0.4 0.4 0.4 0.4 0.4 0.4 0.4 0.4 0.4 0.4 0.4 0.4 0.4 0.4 0.4 0.4 0.4 0.4 0.4 0.4 0.4 0.4 0.4 0.4 0.4 0.4 0.4 0.4 0.4 0.4 0.4 0.4 0.4 0.4 0.4 0.4 0.4 0.4 0.4 0.4 0.4 0.4 0.4 0.4 0.4 0.4 0.4 0.4 0.4 0.4 0.4 0.4 0.4 0.4 0.4 0.4 0.4 0.4 0.4 0.4 0.4 0.4 0.4 0.4 0.4 0.4 0.4 0.4 0.4 0.4 0.4 0.4 0.4 0.4 0.4 0.4 0.4 0.4 0.4 0.4 0.4 0.4 0.4 0.4 0.4 0.4 0.4 0.4 0.4 0.4 0.4 0.4 0.4 0.4 0.4 0.4 0.4 0.4 0.4 0.4 0.4 0.4 0.4 0.4 0.4 0.4 0.4 0.4 0.4 0.4 0.4 0.4 0.4 0.4 0.4 0.4 0.4 0.4 0.4 0.4 0.4 0.4 0.4 0.4 0.4 0.4 0.4 0.4 0.4 0.4 0.4 0.4 0.4 0.4 0.4 0.4 0.4 0.4 0.4 0.4 0.4 0.4 0.4 0.4 0.4 0.4 0.4 0.4 0.4 0.4 0.4 0.4 0.4 0.4 0.4 0.4 0.4 0.4 0.4 0.4 0.4 0.4 0.4 0.4 0.4 0.4 0.4 0.4 0.4 0.4 0.4 0.4 0.4 0.4 0.4 0.4 0.4 0.4 0.4 0.4 0.4 0.4 0.4 0.4 0.4 0.4 0.4 0.4 0.4 0.4 0.4 0.4 0.4 0.4 0.4 0.4 0.4 0.4 0.4 0.4 0.4 0.4 0.4 0.4 0.4 0.4 0.4 0.4 0.4 0.4 0.4 0.4 0.4 0.4 0.4 0.4 0.4 0.4 0.4 0.4 0.4 0.4 0.4 0.4 0.4 0.4 0.4 0.4 0.4 0.4 0.4 0.4 0.4 0.4 0.4 0.4 0.4 0.4 0.4 0.4 0.4 0.4 0.4 0.4 0.4 0.4 0.4 0.4 0.4 0.4 0.4 0.4 0.4 0.4 0.4 0.4 0.4 0.4 0.4 0.4 0.4 0.4 0.4 0.4 0.4 0.4 0.4 0.4 0.4 0.4 0.4 0.4 0.4 0.4 0.4 0.4 0.4 0.4 0.4 0.4 0.4 0.4 0.4 0.4 0.4 0.4 0.4 0.4 0.4 0.4 0.4 0.4 0.4 0.4 0.4 0.4 0.4 0.4 0.4 0.4 0.4 0.4 0.4 0.4 0.4 0.4 0.4 0.4 0.4 0.4 0.4 0.4 0.4 0.4 0.4 0.4 0.4 0.4 0.4 0.4 0.4 0.4 0.4 0.4 0.4 0.4 0.4 0.4 0.4 0.4 0.4 0.4 0.4 0.4 0.4 0.4 0.4 0.4 0.4 0.4 0.4 0.4 0.4 0.4 0.4 0.4 0.4 0.4 0.4 0.4 0.4 0.4 0.4 0.4 0.4 0.4 0.4 0.4 0.4 0.4 0.4 0.4 0.4 0.4 0.4 0.4 0.4 0.4 0.4 0.4 0.4 0.4 0.4 0.4 0.4 0.4 0.4 0.4 0.4 0.4 0.4 0.4 0.4 0.4 0.4 0.4 0.4 0.4 0.4 0.4 0.4 0.4 0.4 0.4 0.4 0.4 0.4 0.4 0.4 0.4 0.4 0.4 0.4 0.4 0.4 0.4 0.4 0.4 0.4 0.4 0.4 0.4 0.4 0.4 0.4 0.4 0.4 0.4 0.4 0.4 0.4 0.4 0.4 0.4 0.4 0.4 0.4 0.4 0.4 0.4 0.4 0.4 0.4 0.4 0.4 0.4 0.4 0.4 0.4 0.4 0.4 0.4 0.4 0.4 0.4 0.4 0.4 0.4 0.4 0.4 0.4 0.4 0.4 0.4 0.4 0.4 0.4 0.4 0.4 0.4 0.4 0.4 0.4 0.4 0.4 0.4 0.4 0.4 0.4 0.4 0.4 0.4 0.4 0.4 0.4 0.4 0.4 0.4 0.4 0.4 0.4 0.4 0.4 0.4 0.4 0.4 0.4 0.4 0.4 0.4 0.4 0.4 0.4 0.4 0.4 0.4 0.4 0.4 0.4 0.4 0.4 0.4 0.4 0.4 0.4 0.4 0.4 0.4 0.4 0.4 0.4 0.4 0.4 0.4 0.4 0.4 0.4 0.4 0.4 0.4 0.4 0.4 0.4 0.4 0.4 0.4 0.4 0.4 0.4 0.4 0.4 0.4 0.4 0.4 0.4 0.4 0.4 0.4 0.4 0.4 0.4 0.4 0.4 0.4 0.4 0.4 0.4 0.4 0.4 0.4 0.4 0.4 0.4 0.4 0.4 0.4 0.4 0.4 0.4 0.4 0.4 0.4 0.4 0.4 0.4 0.4 0.4 0.4 0.4 0.4 0.4 0.4 0.4 0.4 0.4 0.4 0.4 0.4 0.4 0.4 0.4 0.4 0.4 0.4 0.4 0.4 0.4 0.4 0.4 0.4 0.4 0.4 0.4 0.4 0.4 0.4 0.4 0.4 0.4 0.4 0.4 0.4 0.4 0.4 0.4 0.4 0.4 0.4 0.4 0.4 0.4 0.4 0.4 0.4 0.4 0.4 0.4 0.4 0.4 0.4 0.4 0.4 0.4 0.4 0.4 0.4 0.4 0.4 0.4 0.4 0.4 0.4 0.4 0.4 0.4 0.4 0.4 0.4 0.4 0.4 0.4 0.4 0.4 0.4 0.4 0.4 0.4 0.4 0.4 0.4 0.4 0.4 0.4 0.4 0.4 0.4 0.4 0.4 0.4 0.4 0.4 0.4 0.4 0.4 0.4 0.4 0.4 0.4 0.4 0.4 0.4 0.4 0.4 0.4 0.4 0.4 0.4 0.4 0.4 0.4 0.4 0.4 0.4 0.4 0.4 0.4 0.4 0.4 0.4 0.4 0.4 0.4 0.4 0.4 0.4 0.4 0.4 0.4 0.4 0.4 0.4 0.4 0.4 0.4 0.4 0.4 0.4 0.4 0.4 0.4 0.4 0.4 0.4 0.4 0.4 0.4 0.4 0.4 0.4 0.4 0.4 0.4 0.4 0.4 0.4 0.4 0.4 0.4 0.4 0.4 0.4 0.4 0.4 0.4 0.4 0.4 0.4 0.4 0.4 0.4 0.4 0.4 0.4 0.4 0.4 0.4 0.4 0.4 0.4 0.4 0.4 0.4 0.4 0.4 0.4 0.4 0.4 0.4 0.4 0.4 0.4 0.4 0.4 0.4 0.4 0.4 0.4 0.4 0.4 0.4 0.4 0.4 0.4 0.4 0.4 0.4 0.4 0.4 0.4 0.4 0.4 0.4 0.4 0.4 0.4 0.4 0.4 0.4 0.4 0.4 0.4 0.4 0.4 0.4 0.4 0.4 0.4 0.4 0.4 0.4 0.4 0.4 0.4 0.4 0.4 0.4 0.4 0.4 0.4 0.4 0.4 0.4 0.4 0.4 0.4 0.4 0.4 0.4 0.4 0.4 0.4 0.4 0.4 0.4 0.4 0.4 0.4 0.4 0.4 0.4 0.4 0.4 0.4 0.4 0.4 0.4 0.4 0.4 0.4 0.4 0.4 0.4 0.4 0.4 0.4 0.4 0.4 0.4 0.4 0.4 0.4 0.4 0.4 0.4 0.4 0.4 0.4 0.4 0.4 0.4 0.4 0.4 0.4 0.4 0.4 0.4 0.4 0.4 0.4 0.4 0.4 0.4 0.4 0.4 0.4 0.4 0.4 0.4 0.4 0.4 0.4 0.4 0.4 0.4 0.4 0.4 0.4 0.4 0.4 0.4 0.4 0.4 0.4 0.4 0.4 0.4 0.4 0.4 0.4 0.4 0.4 0.4 0.4 0.4 0.4 0.4 0.4 0.4 0.4 0.4 0.4 0.4 0.4 0.4 0.4 0.4 0.4 0.4 0.4 0.4 0.4 0.4 0.4 0.4 0.4 0.4 0.4 0.4 0.4 0.4 0.4 0.4 0.4 0.4 0.4 0.4 0.4 0.4 0.4 0.4 0.4 0.4 0.4 0.4 0.4 0.4 0.4 0.4 0.4 0.4 0.4 0.4 0.4 0.4 0.4 0.4 0.4 0.4 0.4 0.4 0.4 0.4 0.4 0.4 0.4 0.4 0.4 0.4 0.4 0.4 0.4 0.4 0.4 0.4 0.4 0.4 0.4 0.4 0.4 0.4 0.4 0.4 0.4 0.4 0.4 0.4 0.4 0.4 0.4 0.4 0.4 0.4 0.4 0.4 0.4 0.4 0.4 0.4 0.4 0.4 0.4 0.4 0.4 0.4 0.4 0.4 0.4 0.4 0.4 0.4 0.4 0.4 0.4 0.4 0.4 0.4 0.4 0.4 0.4 0.4 0.4 0.4 0.4 0.4 0.4 0.4 0.4 0.4 0.4 0.4 0.4 0.4 0.4 0.4 0.4 0.4 0.4 0.4 0.4 0.4 0.4 0.4 0.4 0.4 0.4 0.4 0.4 0.4 0.4 0.4 0.4 0.4 0.4 0.4 0.4 0.4 0.4 0.4 0.4 0.4 0.4 0.4 0.4 0.4 0.4 0.4 0.4 0.4 0.4 0.4 0.4 0.4 0.4 0.4 0.4 0.4 0.4 0.4 0.4 0.4 0.4 0.4 0.4 0.4 0.4 0.4 0.4 0.4 0.4 0.4 0.4 0.4 0.4 0.4 0.4 0.4 0.4 0.4 0.4 0.4 0.4 0.4 0.4 0.4 0.4 0.4 0.4 0.4 0.4 0.4 0.4 0.4 0.4 0.4 0.4 0.4 0.4 0.4 0.4 0.4 0.4 0.4 0.4 0.4 0.4 0.4 0.4 0.4 0.4 0.4 0.4 0.4 0.4 0.4 0.4 0.4 0.4 0.4 0.4 0.4 0.4 0.4 0.4 0.4 0.4 0.4 0.4 0.4 0.4 0.4 0.4 0.4 0.4 0.4 0.4 0.4 0.4 0.4 0.4 0.4 0.4 0.4 0.4 0.4 0.4 0.4 0.4 0.4 0.4 0.4 0.4 0.4 0.4 0.4 0.4 0.4 0.4 0.4 0.4 0.4 0.4 0.4 0.4 0.4 0.4 0.4 0.4 0.4 0.4 0.4 0.4 0.4 0.4 0.4 0.4 0.4 0.4 0.4 0.4 0.4 0.4 0.4 0.4 0.4 0.4 0.4 0.4 0.4 0.4 0.4 0.4 0.4 0.4 0.4 0.4 0.4 0.4 0.4 0.4 0.4 0.4 0.4 0.4 0.4 0.4 0.4 0.4 0.4 0.4 0.4 0.4 0.4 0.4 0.4 0.4 0.4 0.4 0.4 0.4 0.4 0.4 0.4 0.4 0.4 0.4 0.4 0.4 0.4 0.4 0.4 0.4 0.4 0.4 0.4 0.4 0.4 0.4 0.4 0.4 0.4 0.4 0.4 0.4 0.4 0.4 0.4 0.4 0.4 0.4 0.4 0.4 0.4 0.4 0.4 0.4 0.4 0.4 0.4 0.4 0.4 0.4 0.4 0.4 0.4 0.4 0.4 0.4 0.4 0.4 0.4 0.4 0.4 0.4 0.4 0.4 0.4 0.4 0.4 0.4 0.4 0.4 0.4 0.4 0.4 0.4 0.4 0.4 0.4 0.4 0.4 0.4 0.4 0.4 0.4 0.4 0.4 0.4 0.4 0.4 0.4 0.4 0.4 0.4 0.4 0.4 0.4 0.4 0.4 0.4 0.4 0.4 0.4 0.4 0.4 0.4 0.4 0.4 0.4 0.4 0.4 0.4 0.4 0.4 0.4 0.4 0.4 0.4 0.4 0.4 0.4 0.4 0.4 0.4 0.4 0.4 0.4 0.4 0.4 0.4 0.4 0.4 0.4 0.4 0.4 0.4 0.4 0.4 0.4 0.4 0.4 0.4 0.4 0.4 0.4 0.4 0.4 0.4 0.4 0.4 0.4 0.4 0.4 0.4 0.4 0.4 0.4 0.4 0.4 0.4 0.4 0.4 0.4 0.4 0.4 0.4 0.4 0.4 0.4 0.4 0.4 0.4 0.4 0.4 0.4 0.4 0.4 0.4 0.4 0.4 0.4 0.4 0.4 0.4 0.4 0.4 0.4 0.4 0.4 0.4 0.4 0.4 0.4 0.4 0.4 0.4 0.4 0.4 0.4 0.4 0.4 0.4 0.4 0.4 0.4 0.4 0.4 0.4 0.4 0.4 0.4 0.4 0.4 0.4 0.4 0.4 0.4 0.4 0.4 0.4 0.4 0.4 0.4 0.4 0.4 0.4 0.4 0.4 0.4 0.4 0.4 0.4 0.4 0.4 0.4 0.4 0.4 0.4 0.4 0.4 0.4 0.4 0.4 0.4 0.4 0.4 0.4 0.4 0.4 0.4 0.4 0.4 0.4 0.4 0.4 0.4 0.4 0.4 0.4 0.4 0.4 0.4 0.4 0.4 0.4 0.4 0.4 0.4 0.4 0.4 0.4 0.4 0.4 0.4 0.4 0.4 0.4 0.4 0.4 0.4 0.4 0.4 0.4 0.4 0.4 0.4 0.4 0.4 0.4 0.4 0.4 0.4 0.4 0.4 0.4 0.4 0.4 0.4 0.4 0.4 0.4 0.4 0.4 0.4 0.4 0.4 0.4 0.4 0.4 0.4 0.4 0.4 0.4 0.4 0.4 0.4 0.4 0.4 0.4 0.4 0.4 0.4 0.4 0.4 0.4 0.4 0.4 0.4 0.4 0.4 0.4 0.4 0.4 0.4 0.4 0.4 0.4 0.4 0.4 0.4 0.4 0.4 0.4 0.4 0.4 0.4 0.4 0.4 0.4 0.4 0.4 0.4 0.4 0.4 0.4 0.4 0.4 0.4 0.4 0.4 0.4 0.4 0.4 0.4 0.4 0.4 0.4 0.4 0.4 0.4 0.4 0.4 0.4 0.4 0.4 0.4 0.4 0.4 0.4 0.4 0.4 0.4 0.4 0.4 0.4 0.4 0.4 0.4 0.4 0.4 0.4 0.4 0.4 0.4 0.4 0.4 0.4 0.4 0.4 0.4 0.4 0.4 0.4 0.4 0.4 0.4 0.4 0.4 0.4 0.4 0.4 0.4 0.4 0.4 0.4 0.4 0.4 0.4 0.4 0.4 0.4 0.4 0.4 0.4 0.4 0.4 0.4 0.4 0.4 0.4 0.4 0.4 0.4 0.4 0.4 0.4 0.4 0.4 0.4 0.4 0.4 0.4 0.4 0.4 0.4 0.4 0.4 0.4 0.4 0.4 0.4 0.4 0.4 0.4 0.4 0.4 0.4 0.4 0.4 0.4 0.4 0.4 0.4 0.4 0.4 0.4 0.4 0.4 0.4 0.4 0.4 0.4 0.4 0.4 0.4 0.4 0.4 0.4 0.4 0.4 0.4 0.4 0.4 0.4 0.4 0.4 0.4 0.4 0.4 0.4 0.4 0.4 0.4 0.4 0.4 0.4 0.4 0.4 0.4 0.4 0.4 0.4 0.4 0.4 0.4 0.4 0.4 0.4 0.4 0.4 0.4 0.4 0.4 0.4 0.4 0.4 0.4 0.4 0.4 0.4 0.4 0.4 0.4 0.4 0.4 0.4 0.4 0.4 0.4 0.4 0.4 0.4 0.4 0.4 0.4 0.4 0.4 0.4 0.4 0.4 0.4 0.4 0.4 0.4 0.4 0.4 0.4 0.4 0.4 0.4 0.4 0.4 0.4 0.4 0.4 0.4 0.4 
0.409951 0.409951 0.409951 0.409951 0.409951 0.409951 0.409951 0.402913 0.409951 0.409951 0.409951 0.409951 0.409951 0.409951 0.409951 0.409951 0.409951 0.39 0.409951 0.409951 0.409951 0.409951 0.409951 0.409951 0.409951 0.409951 0.409951 0.39 0.409951 0.409951 0.409951 0.409951 0.409951 0.409951 0.409951 0.409951 0.409951 0.409879 0.409951 0.409951 0.409951 0.409951 0.409951 0.409951 0.409951 0.409951 0.409951 0.390015 0.409951 0.409951 0.409951 0.409951 0.409951 0.409951 0.409951 0.409951 0.409951 0.390002 0.409951 0.409951 0.409951 0.409951 0.409951 0.409951 0.409951 0.409951 0.409951 0.390006 0.409951 0.409951 0.409951 0.409951 0.409951 0.409951 0.409951 0.409951 0.409951 0.409827 0.409951 0.409951 0.409951 0.409951 0.409951 0.409951 0.409951 0.409951 0.409951 0.408875 0.409951 0.409951 0.409951 0.409951 0.409951 0.409951 0.409951 0.409951 0.409951 0.390006 0.409951 0.409951 0.409951 0.40598 0.409951 0.409951 0.39 0.409951 0.409951 0.409951 0.409951 0.409951 0.409951 0.396286 0.409951 0.409951 0.396031 0.409951 0.409951 0.409951 0.409951 0.409951 0.409951 0.390059 0.409951 0.409951 0.39 0.409951 0.409951 0.409951 0.409951 0.409951 0.409951 0.409289 0.409951 0.409951 0.39 0.409951 0.409951 0.409951 0.409951 0.409951 0.409951 0.409104 0.409951 0.409951 0.392301 0.409951 0.409951 0.409951 0.409951 0.409951 0.409951 0.409154 0.409951 0.409951 0.390012 0.409951 0.409951 0.409951 0.409951 0.409951 0.409951 0.39009 0.409951 0.409951 0.390016 0.409951 0.409951 0.409951 0.409951 0.409951 0.409951 0.390846 0.409951 0.409951 0.39 0.409951 0.409951 0.409951 0.409951 0.409951 0.409951 0.409855 0.409951 0.409951 0.409366 0.409951 0.409951 0.409951 0.409951 0.409951 0.409951 0.39 0.409951 0.409951 0.39 0.409951 0.409951 0.409951 0.409951 0.409951 0.409951 0.409951 0.409951 0.409951 0.409951 0.409951 0.409951 0.409951 0.409951 0.409951 0.409951 0.409951 0.409951 0.409951 0.409951 0.409951 0.409951 0.409951 0.409951 0.409951 0.409951 0.409951 0.409951 0.409951 0.409951 0.409951 0.409951 0.409951 0.409951 0.409951 0.409951 0.409951 0.409951 0.409951 0.409951 0.409951 0.409951 0.409951 0.409951 0.409951 0.409951 0.409951 0.409951 0.409951 0.409951 0.409951 0.409951 0.409951 0.409951 0.409951 0.409951 0.409951 0.409951 0.409951 0.409951 0.409951 0.409951 0.409951 0.409951 0.409951 0.409951 0.409951 0.409951 0.409951 0.409951 0.409951 0.409951 0.409951 0.409951 0.409951 0.409951 0.409951 0.409951 0.409951 0.409951 0.409951 0.409951 0.409951 0.409951 0.409951 0.409951 0.409951 0.409951 0.409951 0.409951 0.409951 0.409951 0.409951 0.409951 0.409951 0.409951 0.409951 0.409951 0.409951 0.409951 0.409951 0.409951 0.409951 0.409951 0.409951 0.409951 0.409951 0.409951 0.409951 0.409951 0.409951 0.409951 0.39 0.409951 0.409951 0.409951 0.409951 0.409951 0.409951 0.409951 0.409951 0.409951 0.408041 0.409951 0.409951 0.409951 0.409951 0.409951 0.409951 0.409951 0.409951 0.409951 0.39 0.409951 0.409951 0.409951 0.409951 0.409951 0.409951 0.409951 0.409951 0.409951 0.39 0.409951 0.409951 0.409951 0.409951 0.409951 0.409951 0.409951 0.409951 0.409951 0.40881 0.409951 0.409951 0.409951 0.409951 0.409951 0.409951 0.409951 0.409951 0.409951 0.392557 0.409951 0.409951 0.409951 0.409951 0.409951 0.409951 0.409951 0.409951 0.409951 0.39 0.409951 0.409951 0.409951 0.409951 0.409951 0.409951 0.409951 0.409951 0.409951 0.392557 0.409951 0.409951 0.409951 0.409951 0.409951 0.409951 0.409951 0.409951 0.409951 0.409929 0.409951 0.409951 0.409951 0.409951 0.409951 0.409951 0.409951 0.409951 0.409951 0.409827 0.409951 0.409951 0.409951 0.3997 0.409951 0.409951 0.398219 0.409951 0.409951 0.409951 0.409951 0.409951 0.409951 0.39 0.409951 0.409951 0.390005 0.409951 0.409951 0.409951 0.409951 0.409951 0.409951 0.392301 0.409951 0.409951 0.403452 0.409951 0.409951 0.409951 0.409951 0.409951 0.409951 0.390163 0.409951 0.409951 0.402636 0.409951 0.409951 0.409951 0.409951 0.409951 0.409951 0.39 0.409951 0.409951 0.401194 0.409951 0.409951 0.409951 0.409951 0.409951 0.409951 0.409468 0.409951 0.409951 0.40881 0.409951 0.409951 0.409951 0.409951 0.409951 0.409951 0.39 0.409951 0.409951 0.390009 0.409951 0.409951 0.409951 0.409951 0.409951 0.409951 0.39 0.409951 0.409951 0.39 0.409951 0.409951 0.409951 0.409951 0.409951 0.409951 0.404219 0.409951 0.409951 0.404699 0.409951 0.409951 0.409951 0.409951 0.409951 0.409951 0.39 0.409951 0.409951 0.390002 0.409951 0.409951 0.409951 0.409951 0.409951 0.409951 0.409951 0.409951 0.409951 0.409951 0.409951 0.409951 0.409951 0.409951 0.409951 0.409951 0.409951 0.409951 0.409951 0.409951 0.409951 0.409951 0.409951 0.409951 0.409951 0.409951 0.409951 0.409951 0.409951 0.409951 0.409951 0.409951 0.409951 0.409951 0.409951 0.409951 0.409951 0.409951 0.409951 0.409951 0.409951 0.409951 0.409951 0.409951 0.409951 0.409951 0.409951 0.409951 0.409951 0.409951 0.409951 0.409951 0.409951 0.409951 0.409951 0.409951 0.409951 0.409951 0.409951 0.409951 0.409951 0.409951 0.409951 0.409951 0.409951 0.409951 0.409951 0.409951 0.409951 0.409951 0.409951 0.409951 0.409951 0.409951 0.409951 0.409951 0.409951 0.409951 0.409951 0.409951 0.409951 0.409951 0.409951 0.409951 0.409951 0.409951 0.409951 0.409951 0.409951 0.409951 0.409951 0.409951 0.409951 0.409951 0.409951 0.409951 0.409951 0.409951 0.409951 0.409951 0.409951 0.409951 0.409951 0.409951 0.409951 0.409951 0.409951 0.409951 0.409951 0.409951 0.409951 0.409951 0.390003 0.409951 0.409951 0.409951 0.409951 0.409951 0.409951 0.409951 0.409951 0.409951 0.39 0.409951 0.409951 0.409951 0.409951 0.409951 0.409951 0.409951 0.409951 0.409951 0.39 0.409951 0.409951 0.409951 0.409951 0.409951 0.409951 0.409951 0.409951 0.409951 0.390009 0.409951 0.409951 0.409951 0.409951 0.409951 0.409951 0.409951 0.409951 0.409951 0.405784 0.409951 0.409951 0.409951 0.409951 0.409951 0.409951 0.409951 0.409951 0.409951 0.409863 0.409951 0.409951 0.409951 0.409951 0.409951 0.409951 0.409951 0.409951 0.409951 0.390121 0.409951 0.409951 0.409951 0.409951 0.409951 0.409951 0.409951 0.409951 0.409951 0.402636 0.409951 0.409951 0.409951 0.409951 0.409951 0.409951 0.409951 0.409951 0.409951 0.39 0.409951 0.409951 0.409951 0.409951 0.409951 0.409951 0.409951 0.409951 0.409951 0.390075 0.409951 0.409951 0.409951 0.39 0.409951 0.409951 0.390163 0.409951 0.409951 0.409951 0.409951 0.409951 0.409951 0.391574 0.409951 0.409951 0.390006 0.409951 0.409951 0.409951 0.409951 0.409951 0.409951 0.408937 0.409951 0.409951 0.405784 0.409951 0.409951 0.409951 0.409951 0.409951 0.409951 0.407014 0.409951 0.409951 0.409667 0.409951 0.409951 0.409951 0.409951 0.409951 0.409951 0.400599 0.409951 0.409951 0.39 0.409951 0.409951 0.409951 0.409951 0.409951 0.409951 0.39 0.409951 0.409951 0.390711 0.409951 0.409951 0.409951 0.409951 0.409951 0.409951 0.390063 0.409951 0.409951 0.39 0.409951 0.409951 0.409951 0.409951 0.409951 0.409951 0.409886 0.409951 0.409951 0.39001 0.409951 0.409951 0.409951 0.409951 0.409951 0.409951 0.39 0.409951 0.409951 0.39 0.409951 0.409951 0.409951 0.409951 0.409951 0.409951 0.39 0.409951 0.409951 0.40493 0.409951 0.409951 0.409951 0.409951 0.409951 0.409951 0.409951 0.409951 0.409951 0.409951 0.409951 0.409951 0.409951 0.409951 0.409951 0.409951 0.409951 0.409951 0.409951 0.409951 0.409951 0.409951 0.409951 0.409951 0.409951 0.409951 0.409951 0.409951 0.409951 0.409951 0.409951 0.409951 0.409951 0.409951 0.409951 0.409951 0.409951 0.409951 0.409951 0.409951 0.409951 0.409951 0.409951 0.409951 0.409951 0.409951 0.409951 0.409951 0.409951 0.409951 0.409951 0.409951 0.409951 0.409951 0.409951 0.409951 0.409951 0.409951 0.409951 0.409951 0.409951 0.409951 0.409951 0.409951 0.409951 0.409951 0.409951 0.409951 0.409951 0.409951 0.409951 0.409951 0.409951 0.409951 0.409951 0.409951 0.409951 0.409951 0.409951 0.409951 0.409951 0.409951 0.409951 0.409951 0.409951 0.409951 0.409951 0.409951 0.409951 0.409951 0.409951 0.409951 0.409951 0.409951 0.409951 0.409951 0.409951 0.409951 0.409951 0.409951 0.409951 0.409951 0.409951 0.409951 0.409951 0.409951 0.409951 0.409951 0.409951 0.409951 0.409951 0.409951 0.407699 0.409951 0.409951 0.409951 0.409951 0.409951 0.409951 0.409951 0.409951 0.409951 0.407932 0.409951 0.409951 0.409951 0.409951 0.409951 0.409951 0.409951 0.409951 0.409951 0.39 0.409951 0.409951 0.409951 0.409951 0.409951 0.409951 0.409951 0.409951 0.409951 0.390374 0.409951 0.409951 0.409951 0.409951 0.409951 0.409951 0.409951 0.409951 0.409951 0.405784 0.409951 0.409951 0.409951 0.409951 0.409951 0.409951 0.409951 0.409951 0.409951 0.409051 0.409951 0.409951 0.409951 0.409951 0.409951 0.409951 0.409951 0.409951 0.409951 0.39793 0.409951 0.409951 0.409951 0.409951 0.409951 0.409951 0.409951 0.409951 0.409951 0.408591 0.409951 0.409951 0.409951 0.409951 0.409951 0.409951 0.409951 0.409951 0.409951 0.39 0.409951 0.409951 0.409951 0.409951 0.409951 0.409951 0.409951 0.409951 0.409951 0.409366 0.409951 0.409951 0.409951 0.409951 0.409951 0.409951 0.409951 0.409951 0.409951 0.391063 0.409951 0.409951 0.409951 0.409951 0.409951 0.409951 0.409951 0.409951 0.409951 0.39 0.409951 0.409951 0.409951 0.409951 0.409951 0.409951 0.409951 0.409951 0.409951 0.39 0.409951 0.409951 0.409951 0.409951 0.409951 0.409951 0.409951 0.409951 0.409951 0.39 0.409951 0.409951 0.409951 0.409951 0.409951 0.409951 0.409951 0.409951 0.409951 0.39 0.409951 0.409951 0.409951 0.409951 0.409951 0.409951 0.409951 0.409951 0.409951 0.406169 0.409951 0.409951 0.409951 0.409951 0.409951 0.409951 0.409951 0.409951 0.409951 0.397645 0.409951 0.409951 0.409951 0.409951 0.409951 0.409951 0.409951 0.409951 0.409951 0.39 0.409951 0.409951 0.409951 0.409951 0.409951 0.409951 0.409951 0.409951 0.409951 0.39 0.409951 0.409951 0.409951 0.409951 0.409951 0.409951 0.409951 0.409951 0.409951 0.390017 0.409951 0.409951 0.409951 0.39 0.409951 0.409951 0.392301 0.409951 0.409951 0.409951 0.409951 0.409951 0.409951 0.390754 0.409951 0.409951 0.390184 0.409951 0.409951 0.409951 0.409951 0.409951 0.409951 0.390001 0.409951 0.409951 0.390001 0.409951 0.409951 0.409951 0.409951 0.409951 0.409951 0.39 0.409951 0.409951 0.39 0.409951 0.409951 0.409951 0.409951 0.409951 0.409951 0.390041 0.409951 0.409951 0.391409 0.409951 0.409951 0.409951 0.409951 0.409951 0.409951 0.39 0.409951 0.409951 0.39 0.409951 0.409951 0.409951 0.409951 0.409951 0.409951 0.39 0.409951 0.409951 0.39 0.409951 0.409951 0.409951 0.409951 0.409951 0.409951 0.39 0.409951 0.409951 0.39 0.409951 0.409951 0.409951 0.409951 0.409951 0.409951 0.409767 0.409951 0.409951 0.390063 0.409951 0.409951 0.409951 0.409951 0.409951 0.409951 0.390005 0.409951 0.409951 0.390018 0.409951 0.409951 0.409951 0.409951 0.409951 0.409951 0.409951 0.409951 0.409951 0.409951 0.409951 0.409951 0.409951 0.409951 0.409951 0.409951 0.409951 0.409951 0.409951 0.409951 0.409951 0.409951 0.409951 0.409951 0.409951 0.409951 0.409951 0.409951 0.409951 0.409951 0.409951 0.409951 0.409951 0.409951 0.409951 0.409951 0.409951 0.409951 0.409951 0.409951 0.409951 0.409951 0.409951 0.409951 0.409951 0.409951 0.409951 0.409951 0.409951 0.409951 0.409951 0.409951 0.409951 0.409951 0.409951 0.409951 0.409951 0.409951 0.409951 0.409951 0.409951 0.409951 0.409951 0.409951 0.409951 0.409951 0.409951 0.409951 0.409951 0.409951 0.409951 0.409951 0.409951 0.409951 0.409951 0.409951 0.409951 0.409951 0.409951 0.409951 0.409951 0.409951 0.409951 0.409951 0.409951 0.409951 0.409951 0.409951 0.409951 0.409951 0.409951 0.409951 0.409951 0.409951 0.409951 0.409951 0.409951 0.409951 0.409951 0.409951 0.409951 0.409951 0.409951 0.409951 0.409951 0.409951 0.409951 0.409951 0.409951 0.409951 0.409951 0.409951 0.39 0.409951 0.409951 0.409951 0.409951 0.409951 0.409951 0.409951 0.409951 0.409951 0.406696 0.409951 0.409951 0.409951 0.409951 0.409951 0.409951 0.409951 0.409951 0.409951 0.39 0.409951 0.409951 0.409951 0.409951 0.409951 0.409951 0.409951 0.409951 0.409951 0.409202 0.409951 0.409951 0.409951 0.409951 0.409951 0.409951 0.409951 0.409951 0.409951 0.39 0.409951 0.409951 0.409951 0.409951 0.409951 0.409951 0.409951 0.409951 0.409951 0.39 0.409951 0.409951 0.409951 0.409951 0.409951 0.409951 0.409951 0.409951 0.409951 0.399401 0.409951 0.409951 0.409951 0.409951 0.409951 0.409951 0.409951 0.409951 0.409951 0.408337 0.409951 0.409951 0.409951 0.409951 0.409951 0.409951 0.409951 0.409951 0.409951 0.393473 0.409951 0.409951 0.409951 0.409951 0.409951 0.409951 0.409951 0.409951 0.409951 0.390163 0.409951 0.409951 0.409951 0.39 0.409951 0.409951 0.408144 0.409951 0.409951 0.409951 0.409951 0.409951 0.409951 0.390671 0.409951 0.409951 0.40992 0.409951 0.409951 0.409951 0.409951 0.409951 0.409951 0.390016 0.409951 0.409951 0.39 0.409951 0.409951 0.409951 0.409951 0.409951 0.409951 0.39 0.409951 0.409951 0.39 0.409951 0.409951 0.409951 0.409951 0.409951 0.409951 0.39 0.409951 0.409951 0.39 0.409951 0.409951 0.409951 0.409951 0.409951 0.409951 0.39 0.409951 0.409951 0.39 0.409951 0.409951 0.409951 0.409951 0.409951 0.409951 0.39 0.409951 0.409951 0.403969 0.409951 0.409951 0.409951 0.409951 0.409951 0.409951 0.39 0.409951 0.409951 0.400898 0.409951 0.409951 0.409951 0.409951 0.409951 0.409951 0.409402 0.409951 0.409951 0.39 0.409951 0.409951 0.409951 0.409951 0.409951 0.409951 0.409667 0.409951 0.409951 0.39 0.409951 0.409951 0.409951 0.409951 0.409951 0.409951 0.409951 0.409951 0.409951 0.409951 0.409951 0.409951 0.409951 0.409951 0.409951 0.409951 0.409951 0.409951 0.409951 0.409951 0.409951 0.409951 0.409951 0.409951 0.409951 0.409951 0.409951 0.409951 0.409951 0.409951 0.409951 0.409951 0.409951 0.409951 0.409951 0.409951 0.409951 0.409951 0.409951 0.409951 0.409951 0.409951 0.409951 0.409951 0.409951 0.409951 0.409951 0.409951 0.409951 0.409951 0.409951 0.409951 0.409951 0.409951 0.409951 0.409951 0.409951 0.409951 0.409951 0.409951 0.409951 0.409951 0.409951 0.409951 0.409951 0.409951 0.409951 0.409951 0.409951 0.409951 0.409951 0.409951 0.409951 0.409951 0.409951 0.409951 0.409951 0.409951 0.409951 0.409951 0.409951 0.409951 0.409951 0.409951 0.409951 0.409951 0.409951 0.409951 0.409951 0.409951 0.409951 0.409951 0.409951 0.409951 0.409951 0.409951 0.409951 0.409951 0.409951 0.409951 0.409951 0.409951 0.409951 0.409951 0.409951 0.409951 0.409951 0.409951 0.409951 0.409951 0.409951 0.409951 0.39 0.409951 0.409951 0.409951 0.409951 0.409951 0.409951 0.409951 0.409951 0.409951 0.409846 0.409951 0.409951 0.409951 0.409951 0.409951 0.409951 0.409951 0.409951 0.409951 0.39 0.409951 0.409951 0.409951 0.409951 0.409951 0.409951 0.409951 0.409951 0.409951 0.39 0.409951 0.409951 0.409951 0.409951 0.409951 0.409951 0.409951 0.409951 0.409951 0.408591 0.409951 0.409951 0.409951 0.409951 0.409951 0.409951 0.409951 0.409951 0.409951 0.39 0.409951 0.409951 0.409951 0.409951 0.409951 0.409951 0.409951 0.409951 0.409951 0.39 0.409951 0.409951 0.409951 0.409951 0.409951 0.409951 0.409951 0.409951 0.409951 0.40598 0.409951 0.409951 0.409951 0.409951 0.409951 0.409951 0.409951 0.409951 0.409951 0.39 0.409951 0.409951 0.409951 0.409951 0.409951 0.409951 0.409951 0.409951 0.409951 0.390012 0.409951 0.409951 0.409951 0.39 0.409951 0.409951 0.390056 0.409951 0.409951 0.409951 0.409951 0.409951 0.409951 0.390002 0.409951 0.409951 0.39 0.409951 0.409951 0.409951 0.409951 0.409951 0.409951 0.39 0.409951 0.409951 0.39 0.409951 0.409951 0.409951 0.409951 0.409951 0.409951 0.402355 0.409951 0.409951 0.39 0.409951 0.409951 0.409951 0.409951 0.409951 0.409951 0.409753 0.409951 0.409951 0.391959 0.409951 0.409951 0.409951 0.409951 0.409951 0.409951 0.390313 0.409951 0.409951 0.39 0.409951 0.409951 0.409951 0.409951 0.409951 0.409951 0.409892 0.409951 0.409951 0.409246 0.409951 0.409951 0.409951 0.409951 0.409951 0.409951 0.39 0.409951 0.409951 0.405581 0.409951 0.409951 0.409951 0.409951 0.409951 0.409951 0.408511 0.409951 0.409951 0.401194 0.409951 0.409951 0.409951 0.409951 0.409951 0.409951 0.39 0.409951 0.409951 0.409626 0.409951 0.409951 0.409951 0.409951 0.409951 0.409951 0.409951 0.409951 0.409951 0.409951 0.409951 0.409951 0.409951 0.409951 0.409951 0.409951 0.409951 0.409951 0.409951 0.409951 0.409951 0.409951 0.409951 0.409951 0.409951 0.409951 0.409951 0.409951 0.409951 0.409951 0.409951 0.409951 0.409951 0.409951 0.409951 0.409951 0.409951 0.409951 0.409951 0.409951 0.409951 0.409951 0.409951 0.409951 0.409951 0.409951 0.409951 0.409951 0.409951 0.409951 0.409951 0.409951 0.409951 0.409951 0.409951 0.409951 0.409951 0.409951 0.409951 0.409951 0.409951 0.409951 0.409951 0.409951 0.409951 0.409951 0.409951 0.409951 0.409951 0.409951 0.409951 0.409951 0.409951 0.409951 0.409951 0.409951 0.409951 0.409951 0.409951 0.409951 0.409951 0.409951 0.409951 0.409951 0.409951 0.409951 0.409951 0.409951 0.409951 0.409951 0.409951 0.409951 0.409951 0.409951 0.409951 0.409951 0.409951 0.409951 0.409951 0.409951 0.409951 0.409951 0.409951 0.409951 0.409951 0.409951 0.409951 0.409951 0.409951 0.409951 0.409951 0.409951 0.409579 0.409951 0.409951 0.409951 0.409951 0.409951 0.409951 0.409951 0.409951 0.409951 0.409051 0.409951 0.409951 0.409951 0.409951 0.409951 0.409951 0.409951 0.409951 0.409951 0.390279 0.409951 0.409951 0.409951 0.409951 0.409951 0.409951 0.409951 0.409951 0.409951 0.39 0.409951 0.409951 0.409951 0.409951 0.409951 0.409951 0.409951 0.409951 0.409951 0.39001 0.409951 0.409951 0.409951 0.409951 0.409951 0.409951 0.409951 0.409951 0.409951 0.39 0.409951 0.409951 0.409951 0.409951 0.409951 0.409951 0.409951 0.409951 0.409951 0.409154 0.409951 0.409951 0.409951 0.409951 0.409951 0.409951 0.409951 0.409951 0.409951 0.407443 0.409951 0.409951 0.409951 0.409951 0.409951 0.409951 0.409951 0.409951 0.409951 0.39 0.409951 0.409951 0.409951 0.409951 0.409951 0.409951 0.409951 0.409951 0.409951 0.390019 0.409951 0.409951 0.409951 0.409951 0.409951 0.409951 0.409951 0.409951 0.409951 0.39 0.409951 0.409951 0.409951 0.409951 0.409951 0.409951 0.409951 0.409951 0.409951 0.407306 0.409951 0.409951 0.409951 0.409951 0.409951 0.409951 0.409951 0.409951 0.409951 0.408591 0.409951 0.409951 0.409951 0.409951 0.409951 0.409951 0.409951 0.409951 0.409951 0.39 0.409951 0.409951 0.409951 0.409951 0.409951 0.409951 0.409951 0.409951 0.409951 0.392301 0.409951 0.409951 0.409951 0.409951 0.409951 0.409951 0.409951 0.409951 0.409951 0.409827 0.409951 0.409951 0.409951 0.409951 0.409951 0.409951 0.409951 0.409951 0.409951 0.39 0.409951 0.409951 0.409951 0.409951 0.409951 0.409951 0.409951 0.409951 0.409951 0.390001 0.409951 0.409951 0.409951 0.409951 0.409951 0.409951 0.409951 0.409951 0.409951 0.39 0.409951 0.409951 0.409951 0.409951 0.409951 0.409951 0.409951 0.409951 0.409951 0.390031 0.409951 0.409951 0.409951 0.390295 0.409951 0.409951 0.408668 0.409951 0.409951 0.409951 0.409951 0.409951 0.409951 0.409899 0.409951 0.409951 0.39 0.409951 0.409951 0.409951 0.409951 0.409951 0.409951 0.390071 0.409951 0.409951 0.397087 0.409951 0.409951 0.409951 0.409951 0.409951 0.409951 0.390313 0.409951 0.409951 0.39 0.409951 0.409951 0.409951 0.409951 0.409951 0.409951 0.405371 0.409951 0.409951 0.390006 0.409951 0.409951 0.409951 0.409951 0.409951 0.409951 0.39 0.409951 0.409951 0.39 0.409951 0.409951 0.409951 0.409951 0.409951 0.409951 0.39 0.409951 0.409951 0.391409 0.409951 0.409951 0.409951 0.409951 0.409951 0.409951 0.39022 0.409951 0.409951 0.408668 0.409951 0.409951 0.409951 0.409951 0.409951 0.409951 0.39 0.409951 0.409951 0.406858 0.409951 0.409951 0.409951 0.409951 0.409951 0.409951 0.390002 0.409951 0.409951 0.390207 0.409951 0.409951 0.409951 0.409951 0.409951 0.409951 0.409951 0.409951 0.409951 0.409951 0.409951 0.409951 0.409951 0.409951 0.409951 0.409951 0.409951 0.409951 0.409951 0.409951 0.409951 0.409951 0.409951 0.409951 0.409951 0.409951 0.409951 0.409951 0.409951 0.409951 0.409951 0.409951 0.409951 0.409951 0.409951 0.409951 0.409951 0.409951 0.409951 0.409951 0.409951 0.409951 0.409951 0.409951 0.409951 0.409951 0.409951 0.409951 0.409951 0.409951 0.409951 0.409951 0.409951 0.409951 0.409951 0.409951 0.409951 0.409951 0.409951 0.409951 0.409951 0.409951 0.409951 0.409951 0.409951 0.409951 0.409951 0.409951 0.409951 0.409951 0.409951 0.409951 0.409951 0.409951 0.409951 0.409951 0.409951 0.409951 0.409951 0.409951 0.409951 0.409951 0.409951 0.409951 0.409951 0.409951 0.409951 0.409951 0.409951 0.409951 0.409951 0.409951 0.409951 0.409951 0.409951 0.409951 0.409951 0.409951 0.409951 0.409951 0.409951 0.409951 0.409951 0.409951 0.409951 0.409951 0.409951 0.409951 0.409951 0.409951 0.409951 0.409951 0.390005 0.409951 0.409951 0.409951 0.409951 0.409951 0.409951 0.409951 0.409951 0.409951 0.408996 0.409951 0.409951 0.409951 0.409951 0.409951 0.409951 0.409951 0.409951 0.409951 0.392301 0.409951 0.409951 0.409951 0.409951 0.409951 0.409951 0.409951 0.409951 0.409951 0.39002 0.409951 0.409951 0.409951 0.409951 0.409951 0.409951 0.409951 0.409951 0.409951 0.394419 0.409951 0.409951 0.409951 0.409951 0.409951 0.409951 0.409951 0.409951 0.409951 0.409863 0.409951 0.409951 0.409951 0.409951 0.409951 0.409951 0.409951 0.409951 0.409951 0.39 0.409951 0.409951 0.409951 0.409951 0.409951 0.409951 0.409951 0.409951 0.409951 0.409899 0.409951 0.409951 0.409951 0.409951 0.409951 0.409951 0.409951 0.409951 0.409951 0.39 0.409951 0.409951 0.409951 0.409951 0.409951 0.409951 0.409951 0.409951 0.409951 0.39 0.409951 0.409951 0.409951 0.39 0.409951 0.409951 0.409925 0.409951 0.409951 0.409951 0.409951 0.409951 0.409951 0.391063 0.409951 0.409951 0.390027 0.409951 0.409951 0.409951 0.409951 0.409951 0.409951 0.390671 0.409951 0.409951 0.39 0.409951 0.409951 0.409951 0.409951 0.409951 0.409951 0.39 0.409951 0.409951 0.397364 0.409951 0.409951 0.409951 0.409951 0.409951 0.409951 0.407306 0.409951 0.409951 0.409705 0.409951 0.409951 0.409951 0.409951 0.409951 0.409951 0.409402 0.409951 0.409951 0.39 0.409951 0.409951 0.409951 0.409951 0.409951 0.409951 0.39 0.409951 0.409951 0.39 0.409951 0.409951 0.409951 0.409951 0.409951 0.409951 0.39 0.409951 0.409951 0.390532 0.409951 0.409951 0.409951 0.409951 0.409951 0.409951 0.39 0.409951 0.409951 0.39 0.409951 0.409951 0.409951 0.409951 0.409951 0.409951 0.400898 0.409951 0.409951 0.390017 0.409951 0.409951 0.409951 0.409951 0.409951 0.409951 0.409951 0.409951 0.409951 0.409951 0.409951 0.409951 0.409951 0.409951 0.409951 0.409951 0.409951 0.409951 0.409951 0.409951 0.409951 0.409951 0.409951 0.409951 0.409951 0.409951 0.409951 0.409951 0.409951 0.409951 0.409951 0.409951 0.409951 0.409951 0.409951 0.409951 0.409951 0.409951 0.409951 0.409951 0.409951 0.409951 0.409951 0.409951 0.409951 0.409951 0.409951 0.409951 0.409951 0.409951 0.409951 0.409951 0.409951 0.409951 0.409951 0.409951 0.409951 0.409951 0.409951 0.409951 0.409951 0.409951 0.409951 0.409951 0.409951 0.409951 0.409951 0.409951 0.409951 0.409951 0.409951 0.409951 0.409951 0.409951 0.409951 0.409951 0.409951 0.409951 0.409951 0.409951 0.409951 0.409951 0.409951 0.409951 0.409951 0.409951 0.409951 0.409951 0.409951 0.409951 0.409951 0.409951 0.409951 0.409951 0.409951 0.409951 0.409951 0.409951 0.409951 0.409951 0.409951 0.409951 0.409951 0.409951 0.409951 0.409951 0.409951 0.409951 0.409951 0.409951 0.409951 0.409951 0.39 0.409951 0.409951 0.409951 0.409951 0.409951 0.409951 0.409951 0.409951 0.409951 0.409246 0.409951 0.409951 0.409951 0.409951 0.409951 0.409951 0.409951 0.409951 0.409951 0.409793 0.409951 0.409951 0.409951 0.409951 0.409951 0.409951 0.409951 0.409951 0.409951 0.390037 0.409951 0.409951 0.409951 0.409951 0.409951 0.409951 0.409951 0.409951 0.409951 0.39 0.409951 0.409951 0.409951 0.409951 0.409951 0.409951 0.409951 0.409951 0.409951 0.39 0.409951 0.409951 0.409951 0.409951 0.409951 0.409951 0.409951 0.409951 0.409951 0.409827 0.409951 0.409951 0.409951 0.409951 0.409951 0.409951 0.409951 0.409951 0.409951 0.39 0.409951 0.409951 0.409951 0.409951 0.409951 0.409951 0.409951 0.409951 0.409951 0.39 0.409951 0.409951 0.409951 0.409951 0.409951 0.409951 0.409951 0.409951 0.409951 0.39 0.409951 0.409951 0.409951 0.407014 0.409951 0.409951 0.409892 0.409951 0.409951 0.409951 0.409951 0.409951 0.409951 0.409579 0.409951 0.409951 0.409929 0.409951 0.409951 0.409951 0.409951 0.409951 0.409951 0.390013 0.409951 0.409951 0.39 0.409951 0.409951 0.409951 0.409951 0.409951 0.409951 0.409941 0.409951 0.409951 0.39507 0.409951 0.409951 0.409951 0.409951 0.409951 0.409951 0.39 0.409951 0.409951 0.409705 0.409951 0.409951 0.409951 0.409951 0.409951 0.409951 0.39 0.409951 0.409951 0.39 0.409951 0.409951 0.409951 0.409951 0.409951 0.409951 0.409579 0.409951 0.409951 0.409705 0.409951 0.409951 0.409951 0.409951 0.409951 0.409951 0.390026 0.409951 0.409951 0.39 0.409951 0.409951 0.409951 0.409951 0.409951 0.409951 0.391125 0.409951 0.409951 0.39 0.409951 0.409951 0.409951 0.409951 0.409951 0.409951 0.390041 0.409951 0.409951 0.39 0.409951 0.409951 0.409951 0.409951 0.409951 0.409951 0.409951 0.409951 0.409951 0.409951 0.409951 0.409951 0.409951 0.409951 0.409951 0.409951 0.409951 0.409951 0.409951 0.409951 0.409951 0.409951 0.409951 0.409951 0.409951 0.409951 0.409951 0.409951 0.409951 0.409951 0.409951 0.409951 0.409951 0.409951 0.409951 0.409951 0.409951 0.409951 0.409951 0.409951 0.409951 0.409951 0.409951 0.409951 0.409951 0.409951 0.409951 0.409951 0.409951 0.409951 0.409951 0.409951 0.409951 0.409951 0.409951 0.409951 0.409951 0.409951 0.409951 0.409951 0.409951 0.409951 0.409951 0.409951 0.409951 0.409951 0.409951 0.409951 0.409951 0.409951 0.409951 0.409951 0.409951 0.409951 0.409951 0.409951 0.409951 0.409951 0.409951 0.409951 0.409951 0.409951 0.409951 0.409951 0.409951 0.409951 0.409951 0.409951 0.409951 0.409951 0.409951 0.409951 0.409951 0.409951 0.409951 0.409951 0.409951 0.409951 0.409951 0.409951 0.409951 0.409951 0.409951 0.409951 0.409951 0.409951 0.409951 0.409951 0.409951 0.409951 0.409951 0.409951 0.403714 0.409951 0.409951 0.409951 0.409951 0.409951 0.409951 0.409951 0.409951 0.409951 0.406858 0.409951 0.409951 0.409951 0.409951 0.409951 0.409951 0.409951 0.409951 0.409951 0.39 0.409951 0.409951 0.409951 0.409951 0.409951 0.409951 0.409951 0.409951 0.409951 0.390114 0.409951 0.409951 0.409951 0.409951 0.409951 0.409951 0.409951 0.409951 0.409951 0.390001 0.409951 0.409951 0.409951 0.409951 0.409951 0.409951 0.409951 0.409951 0.409951 0.390005 0.409951 0.409951 0.409951 0.409951 0.409951 0.409951 0.409951 0.409951 0.409951 0.407306 0.409951 0.409951 0.409951 0.409951 0.409951 0.409951 0.409951 0.409951 0.409951 0.39 0.409951 0.409951 0.409951 0.409951 0.409951 0.409951 0.409951 0.409951 0.409951 0.39 0.409951 0.409951 0.409951 0.409951 0.409951 0.409951 0.409951 0.409951 0.409951 0.392301 0.409951 0.409951 0.409951 0.409951 0.409951 0.409951 0.409951 0.409951 0.409951 0.39 0.409951 0.409951 0.409951 0.409951 0.409951 0.409951 0.409951 0.409951 0.409951 0.390502 0.409951 0.409951 0.409951 0.409951 0.409951 0.409951 0.409951 0.409951 0.409951 0.39 0.409951 0.409951 0.409951 0.409951 0.409951 0.409951 0.409951 0.409951 0.409951 0.39 0.409951 0.409951 0.409951 0.409951 0.409951 0.409951 0.409951 0.409951 0.409951 0.39 0.409951 0.409951 0.409951 0.409951 0.409951 0.409951 0.409951 0.409951 0.409951 0.405784 0.409951 0.409951 0.409951 0.409951 0.409951 0.409951 0.409951 0.409951 0.409951 0.39 0.409951 0.409951 0.409951 0.409951 0.409951 0.409951 0.409951 0.409951 0.409951 0.39 0.409951 0.409951 0.409951 0.409951 0.409951 0.409951 0.409951 0.409951 0.409951 0.39 0.409951 0.409951 0.409951 0.409951 0.409951 0.409951 0.409951 0.409951 0.409951 0.397645 0.409951 0.409951 0.409951 0.39507 0.409951 0.409951 0.390056 0.409951 0.409951 0.409951 0.409951 0.409951 0.409951 0.390004 0.409951 0.409951 0.396548 0.409951 0.409951 0.409951 0.409951 0.409951 0.409951 0.39 0.409951 0.409951 0.409863 0.409951 0.409951 0.409951 0.409951 0.409951 0.409951 0.409104 0.409951 0.409951 0.40493 0.409951 0.409951 0.409951 0.409951 0.409951 0.409951 0.39 0.409951 0.409951 0.409647 0.409951 0.409951 0.409951 0.409951 0.409951 0.409951 0.409753 0.409951 0.409951 0.409705 0.409951 0.409951 0.409951 0.409951 0.409951 0.409951 0.390114 0.409951 0.409951 0.395781 0.409951 0.409951 0.409951 0.409951 0.409951 0.409951 0.39 0.409951 0.409951 0.39001 0.409951 0.409951 0.409951 0.409951 0.409951 0.409951 0.409289 0.409951 0.409951 0.407306 0.409951 0.409951 0.409951 0.409951 0.409951 0.409951 0.409626 0.409951 0.409951 0.399401 0.409951 0.409951 0.409951 0.409951 0.409951 0.409951 0.409951 0.409951 0.409951 0.409951 0.409951 0.409951 0.409951 0.409951 0.409951 0.409951 0.409951 0.409951 0.409951 0.409951 0.409951 0.409951 0.409951 0.409951 0.409951 0.409951 0.409951 0.409951 0.409951 0.409951 0.409951 0.409951 0.409951 0.409951 0.409951 0.409951 0.409951 0.409951 0.409951 0.409951 0.409951 0.409951 0.409951 0.409951 0.409951 0.409951 0.409951 0.409951 0.409951 0.409951 0.409951 0.409951 0.409951 0.409951 0.409951 0.409951 0.409951 0.409951 0.409951 0.409951 0.409951 0.409951 0.409951 0.409951 0.409951 0.409951 0.409951 0.409951 0.409951 0.409951 0.409951 0.409951 0.409951 0.409951 0.409951 0.409951 0.409951 0.409951 0.409951 0.409951 0.409951 0.409951 0.409951 0.409951 0.409951 0.409951 0.409951 0.409951 0.409951 0.409951 0.409951 0.409951 0.409951 0.409951 0.409951 0.409951 0.409951 0.409951 0.409951 0.409951 0.409951 0.409951 0.409951 0.409951 0.409951 0.409951 0.409951 0.409951 0.409951 0.409951 0.409951 0.409951 0.391063 0.409951 0.409951 0.409951 0.409951 0.409951 0.409951 0.409951 0.409951 0.409951 0.391063 0.409951 0.409951 0.409951 0.409951 0.409951 0.409951 0.409951 0.409951 0.409951 0.39 0.409951 0.409951 0.409951 0.409951 0.409951 0.409951 0.409951 0.409951 0.409951 0.39 0.409951 0.409951 0.409951 0.409951 0.409951 0.409951 0.409951 0.409951 0.409951 0.390001 0.409951 0.409951 0.409951 0.409951 0.409951 0.409951 0.409951 0.409951 0.409951 0.39 0.409951 0.409951 0.409951 0.409951 0.409951 0.409951 0.409951 0.409951 0.409951 0.409687 0.409951 0.409951 0.409951 0.409951 0.409951 0.409951 0.409951 0.409951 0.409951 0.398219 0.409951 0.409951 0.409951 0.409951 0.409951 0.409951 0.409951 0.409951 0.409951 0.39 0.409951 0.409951 0.409951 0.409951 0.409951 0.409951 0.409951 0.409951 0.409951 0.409871 0.409951 0.409951 0.409951 0.394216 0.409951 0.409951 0.390007 0.409951 0.409951 0.409951 0.409951 0.409951 0.409951 0.408041 0.409951 0.409951 0.409246 0.409951 0.409951 0.409951 0.409951 0.409951 0.409951 0.390001 0.409951 0.409951 0.390039 0.409951 0.409951 0.409951 0.409951 0.409951 0.409951 0.401489 0.409951 0.409951 0.409687 0.409951 0.409951 0.409951 0.409951 0.409951 0.409951 0.39 0.409951 0.409951 0.39 0.409951 0.409951 0.409951 0.409951 0.409951 0.409951 0.39 0.409951 0.409951 0.39 0.409951 0.409951 0.409951 0.409951 0.409951 0.409951 0.39 0.409951 0.409951 0.39 0.409951 0.409951 0.409951 0.409951 0.409951 0.409951 0.390114 0.409951 0.409951 0.39 0.409951 0.409951 0.409951 0.409951 0.409951 0.409951 0.39 0.409951 0.409951 0.409805 0.409951 0.409951 0.409951 0.409951 0.409951 0.409951 0.39 0.409951 0.409951 0.403452 0.409951 0.409951 0.409951 0.409951 0.409951 0.409951 0.409951 0.409951 0.409951 0.409951 0.409951 0.409951 0.409951 0.409951 0.409951 0.409951 0.409951 0.409951 0.409951 0.409951 0.409951 0.409951 0.409951 0.409951 0.409951 0.409951 0.409951 0.409951 0.409951 0.409951 0.409951 0.409951 0.409951 0.409951 0.409951 0.409951 0.409951 0.409951 0.409951 0.409951 0.409951 0.409951 0.409951 0.409951 0.409951 0.409951 0.409951 0.409951 0.409951 0.409951 0.409951 0.409951 0.409951 0.409951 0.409951 0.409951 0.409951 0.409951 0.409951 0.409951 0.409951 0.409951 0.409951 0.409951 0.409951 0.409951 0.409951 0.409951 0.409951 0.409951 0.409951 0.409951 0.409951 0.409951 0.409951 0.409951 0.409951 0.409951 0.409951 0.409951 0.409951 0.409951 0.409951 0.409951 0.409951 0.409951 0.409951 0.409951 0.409951 0.409951 0.409951 0.409951 0.409951 0.409951 0.409951 0.409951 0.409951 0.409951 0.409951 0.409951 0.409951 0.409951 0.409951 0.409951 0.409951 0.409951 0.409951 0.409951 0.409951 0.409951 0.409951 0.409951 0.39 0.409951 0.409951 0.409951 0.409951 0.409951 0.409951 0.409951 0.409951 0.409951 0.405154 0.409951 0.409951 0.409951 0.409951 0.409951 0.409951 0.409951 0.409951 0.409951 0.409246 0.409951 0.409951 0.409951 0.409951 0.409951 0.409951 0.409951 0.409951 0.409951 0.409104 0.409951 0.409951 0.409951 0.409951 0.409951 0.409951 0.409951 0.409951 0.409951 0.390421 0.409951 0.409951 0.409951 0.409951 0.409951 0.409951 0.409951 0.409951 0.409951 0.409925 0.409951 0.409951 0.409951 0.409951 0.409951 0.409951 0.409951 0.409951 0.409951 0.409289 0.409951 0.409951 0.409951 0.409951 0.409951 0.409951 0.409951 0.409951 0.409951 0.390037 0.409951 0.409951 0.409951 0.409951 0.409951 0.409951 0.409951 0.409951 0.409951 0.409886 0.409951 0.409951 0.409951 0.409951 0.409951 0.409951 0.409951 0.409951 0.409951 0.39 0.409951 0.409951 0.409951 0.39 0.409951 0.409951 0.39 0.409951 0.409951 0.409951 0.409951 0.409951 0.409951 0.390002 0.409951 0.409951 0.39 0.409951 0.409951 0.409951 0.409951 0.409951 0.409951 0.398219 0.409951 0.409951 0.408426 0.409951 0.409951 0.409951 0.409951 0.409951 0.409951 0.409289 0.409951 0.409951 0.409933 0.409951 0.409951 0.409951 0.409951 0.409951 0.409951 0.39 0.409951 0.409951 0.409753 0.409951 0.409951 0.409951 0.409951 0.409951 0.409951 0.390003 0.409951 0.409951 0.404462 0.409951 0.409951 0.409951 0.409951 0.409951 0.409951 0.39 0.409951 0.409951 0.39 0.409951 0.409951 0.409951 0.409951 0.409951 0.409951 0.39 0.409951 0.409951 0.408144 0.409951 0.409951 0.409951 0.409951 0.409951 0.409951 0.39 0.409951 0.409951 0.39 0.409951 0.409951 0.409951 0.409951 0.409951 0.409951 0.398806 0.409951 0.409951 0.390353 0.409951 0.409951 0.409951 0.409951 0.409951 0.409951 0.409951 0.409951 0.409951 0.409951 0.409951 0.409951 0.409951 0.409951 0.409951 0.409951 0.409951 0.409951 0.409951 0.409951 0.409951 0.409951 0.409951 0.409951 0.409951 0.409951 0.409951 0.409951 0.409951 0.409951 0.409951 0.409951 0.409951 0.409951 0.409951 0.409951 0.409951 0.409951 0.409951 0.409951 0.409951 0.409951 0.409951 0.409951 0.409951 0.409951 0.409951 0.409951 0.409951 0.409951 0.409951 0.409951 0.409951 0.409951 0.409951 0.409951 0.409951 0.409951 0.409951 0.409951 0.409951 0.409951 0.409951 0.409951 0.409951 0.409951 0.409951 0.409951 0.409951 0.409951 0.409951 0.409951 0.409951 0.409951 0.409951 0.409951 0.409951 0.409951 0.409951 0.409951 0.409951 0.409951 0.409951 0.409951 0.409951 0.409951 0.409951 0.409951 0.409951 0.409951 0.409951 0.409951 0.409951 0.409951 0.409951 0.409951 0.409951 0.409951 0.409951 0.409951 0.409951 0.409951 0.409951 0.409951 0.409951 0.409951 0.409951 0.409951 0.409951 0.409951 0.409951 0.409951 0.392068 0.409951 0.409951 0.409951 0.409951 0.409951 0.409951 0.409951 0.409951 0.409951 0.400599 0.409951 0.409951 0.409951 0.409951 0.409951 0.409951 0.409951 0.409951 0.409951 0.39 0.409951 0.409951 0.409951 0.409951 0.409951 0.409951 0.409951 0.409951 0.409951 0.407932 0.409951 0.409951 0.409951 0.409951 0.409951 0.409951 0.409951 0.409951 0.409951 0.39 0.409951 0.409951 0.409951 0.409951 0.409951 0.409951 0.409951 0.409951 0.409951 0.390027 0.409951 0.409951 0.409951 0.409951 0.409951 0.409951 0.409951 0.409951 0.409951 0.394419 0.409951 0.409951 0.409951 0.409951 0.409951 0.409951 0.409951 0.409951 0.409951 0.409667 0.409951 0.409951 0.409951 0.409951 0.409951 0.409951 0.409951 0.409951 0.409951 0.396548 0.409951 0.409951 0.409951 0.409951 0.409951 0.409951 0.409951 0.409951 0.409951 0.390013 0.409951 0.409951 0.409951 0.409951 0.409951 0.409951 0.409951 0.409951 0.409951 0.39402 0.409951 0.409951 0.409951 0.409951 0.409951 0.409951 0.409951 0.409951 0.409951 0.409737 0.409951 0.409951 0.409951 0.409951 0.409951 0.409951 0.409951 0.409951 0.409951 0.392557 0.409951 0.409951 0.409951 0.409951 0.409951 0.409951 0.409951 0.409951 0.409951 0.392182 0.409951 0.409951 0.409951 0.409951 0.409951 0.409951 0.409951 0.409951 0.409951 0.391125 0.409951 0.409951 0.409951 0.409951 0.409951 0.409951 0.409951 0.409951 0.409951 0.390001 0.409951 0.409951 0.409951 0.409951 0.409951 0.409951 0.409951 0.409951 0.409951 0.390671 0.409951 0.409951 0.409951 0.409951 0.409951 0.409951 0.409951 0.409951 0.409951 0.39 0.409951 0.409951 0.409951 0.409951 0.409951 0.409951 0.409951 0.409951 0.409951 0.39 0.409951 0.409951 0.409951 0.409951 0.409951 0.409951 0.409951 0.409951 0.409951 0.390012 0.409951 0.409951 0.409951 0.408937 0.409951 0.409951 0.390002 0.409951 0.409951 0.409951 0.409951 0.409951 0.409951 0.39 0.409951 0.409951 0.390108 0.409951 0.409951 0.409951 0.409951 0.409951 0.409951 0.405371 0.409951 0.409951 0.401489 0.409951 0.409951 0.409951 0.409951 0.409951 0.409951 0.39 0.409951 0.409951 0.402913 0.409951 0.409951 0.409951 0.409951 0.409951 0.409951 0.409202 0.409951 0.409951 0.39 0.409951 0.409951 0.409951 0.409951 0.409951 0.409951 0.39 0.409951 0.409951 0.391004 0.409951 0.409951 0.409951 0.409951 0.409951 0.409951 0.405154 0.409951 0.409951 0.404462 0.409951 0.409951 0.409951 0.409951 0.409951 0.409951 0.409468 0.409951 0.409951 0.39 0.409951 0.409951 0.409951 0.409951 0.409951 0.409951 0.408668 0.409951 0.409951 0.390047 0.409951 0.409951 0.409951 0.409951 0.409951 0.409951 0.39 0.409951 0.409951 0.393831 0.409951 0.409951 0.409951 0.409951 0.409951 0.409951 0.409951 0.409951 0.409951 0.409951 0.409951 0.409951 0.409951 0.409951 0.409951 0.409951 0.409951 0.409951 0.409951 0.409951 0.409951 0.409951 0.409951 0.409951 0.409951 0.409951 0.409951 0.409951 0.409951 0.409951 0.409951 0.409951 0.409951 0.409951 0.409951 0.409951 0.409951 0.409951 0.409951 0.409951 0.409951 0.409951 0.409951 0.409951 0.409951 0.409951 0.409951 0.409951 0.409951 0.409951 0.409951 0.409951 0.409951 0.409951 0.409951 0.409951 0.409951 0.409951 0.409951 0.409951 0.409951 0.409951 0.409951 0.409951 0.409951 0.409951 0.409951 0.409951 0.409951 0.409951 0.409951 0.409951 0.409951 0.409951 0.409951 0.409951 0.409951 0.409951 0.409951 0.409951 0.409951 0.409951 0.409951 0.409951 0.409951 0.409951 0.409951 0.409951 0.409951 0.409951 0.409951 0.409951 0.409951 0.409951 0.409951 0.409951 0.409951 0.409951 0.409951 0.409951 0.409951 0.409951 0.409951 0.409951 0.409951 0.409951 0.409951 0.409951 0.409951 0.409951 0.409951 0.409951 0.395781 0.409951 0.409951 0.409951 0.409951 0.409951 0.409951 0.409951 0.409951 0.409951 0.39 0.409951 0.409951 0.409951 0.409951 0.409951 0.409951 0.409951 0.409951 0.409951 0.391259 0.409951 0.409951 0.409951 0.409951 0.409951 0.409951 0.409951 0.409951 0.409951 0.39 0.409951 0.409951 0.409951 0.409951 0.409951 0.409951 0.409951 0.409951 0.409951 0.409753 0.409951 0.409951 0.409951 0.409951 0.409951 0.409951 0.409951 0.409951 0.409951 0.393649 0.409951 0.409951 0.409951 0.409951 0.409951 0.409951 0.409951 0.409951 0.409951 0.409827 0.409951 0.409951 0.409951 0.409951 0.409951 0.409951 0.409951 0.409951 0.409951 0.409527 0.409951 0.409951 0.409951 0.409951 0.409951 0.409951 0.409951 0.409951 0.409951 0.390002 0.409951 0.409951 0.409951 0.409951 0.409951 0.409951 0.409951 0.409951 0.409951 0.40978 0.409951 0.409951 0.409951 0.390005 0.409951 0.409951 0.39 0.409951 0.409951 0.409951 0.409951 0.409951 0.409951 0.39 0.409951 0.409951 0.409579 0.409951 0.409951 0.409951 0.409951 0.409951 0.409951 0.39 0.409951 0.409951 0.39 0.409951 0.409951 0.409951 0.409951 0.409951 0.409951 0.409402 0.409951 0.409951 0.39 0.409951 0.409951 0.409951 0.409951 0.409951 0.409951 0.390101 0.409951 0.409951 0.390754 0.409951 0.409951 0.409951 0.409951 0.409951 0.409951 0.39 0.409951 0.409951 0.409915 0.409951 0.409951 0.409951 0.409951 0.409951 0.409951 0.392301 0.409951 0.409951 0.390896 0.409951 0.409951 0.409951 0.409951 0.409951 0.409951 0.409402 0.409951 0.409951 0.400599 0.409951 0.409951 0.409951 0.409951 0.409951 0.409951 0.409647 0.409951 0.409951 0.390114 0.409951 0.409951 0.409951 0.409951 0.409951 0.409951 0.39 0.409951 0.409951 0.394846 0.409951 0.409951 0.409951 0.409951 0.409951 0.409951 0.409951 0.409951 0.409951 0.409951 0.409951 0.409951 0.409951 0.409951 0.409951 0.409951 0.409951 0.409951 0.409951 0.409951 0.409951 0.409951 0.409951 0.409951 0.409951 0.409951 0.409951 0.409951 0.409951 0.409951 0.409951 0.409951 0.409951 0.409951 0.409951 0.409951 0.409951 0.409951 0.409951 0.409951 0.409951 0.409951 0.409951 0.409951 0.409951 0.409951 0.409951 0.409951 0.409951 0.409951 0.409951 0.409951 0.409951 0.409951 0.409951 0.409951 0.409951 0.409951 0.409951 0.409951 0.409951 0.409951 0.409951 0.409951 0.409951 0.409951 0.409951 0.409951 0.409951 0.409951 0.409951 0.409951 0.409951 0.409951 0.409951 0.409951 0.409951 0.409951 0.409951 0.409951 0.409951 0.409951 0.409951 0.409951 0.409951 0.409951 0.409951 0.409951 0.409951 0.409951 0.409951 0.409951 0.409951 0.409951 0.409951 0.409951 0.409951 0.409951 0.409951 0.409951 0.409951 0.409951 0.409951 0.409951 0.409951 0.409951 0.409951 0.409951 0.409951 0.409951 0.409951 0.409951 0.390041 0.409951 0.409951 0.409951 0.409951 0.409951 0.409951 0.409951 0.409951 0.409951 0.394419 0.409951 0.409951 0.409951 0.409951 0.409951 0.409951 0.409951 0.409951 0.409951 0.390012 0.409951 0.409951 0.409951 0.409951 0.409951 0.409951 0.409951 0.409951 0.409951 0.39 0.409951 0.409951 0.409951 0.409951 0.409951 0.409951 0.409951 0.409951 0.409951 0.39 0.409951 0.409951 0.409951 0.409951 0.409951 0.409951 0.409951 0.409951 0.409951 0.390014 0.409951 0.409951 0.409951 0.409951 0.409951 0.409951 0.409951 0.409951 0.409951 0.39 0.409951 0.409951 0.409951 0.409951 0.409951 0.409951 0.409951 0.409951 0.409951 0.390129 0.409951 0.409951 0.409951 0.409951 0.409951 0.409951 0.409951 0.409951 0.409951 0.390027 0.409951 0.409951 0.409951 0.409951 0.409951 0.409951 0.409951 0.409951 0.409951 0.39 0.409951 0.409951 0.409951 0.390003 0.409951 0.409951 0.405581 0.409951 0.409951 0.409951 0.409951 0.409951 0.409951 0.39 0.409951 0.409951 0.390075 0.409951 0.409951 0.409951 0.409951 0.409951 0.409951 0.39 0.409951 0.409951 0.409855 0.409951 0.409951 0.409951 0.409951 0.409951 0.409951 0.39507 0.409951 0.409951 0.409647 0.409951 0.409951 0.409951 0.409951 0.409951 0.409951 0.392837 0.409951 0.409951 0.39 0.409951 0.409951 0.409951 0.409951 0.409951 0.409951 0.392426 0.409951 0.409951 0.409863 0.409951 0.409951 0.409951 0.409951 0.409951 0.409951 0.390016 0.409951 0.409951 0.407699 0.409951 0.409951 0.409951 0.409951 0.409951 0.409951 0.392426 0.409951 0.409951 0.39 0.409951 0.409951 0.409951 0.409951 0.409951 0.409951 0.409498 0.409951 0.409951 0.394216 0.409951 0.409951 0.409951 0.409951 0.409951 0.409951 0.39 0.409951 0.409951 0.39 0.409951 0.409951 0.409951 0.409951 0.409951 0.409951 0.409951 0.409951 0.409951 0.409951 0.409951 0.409951 0.409951 0.409951 0.409951 0.409951 0.409951 0.409951 0.409951 0.409951 0.409951 0.409951 0.409951 0.409951 0.409951 0.409951 0.409951 0.409951 0.409951 0.409951 0.409951 0.409951 0.409951 0.409951 0.409951 0.409951 0.409951 0.409951 0.409951 0.409951 0.409951 0.409951 0.409951 0.409951 0.409951 0.409951 0.409951 0.409951 0.409951 0.409951 0.409951 0.409951 0.409951 0.409951 0.409951 0.409951 0.409951 0.409951 0.409951 0.409951 0.409951 0.409951 0.409951 0.409951 0.409951 0.409951 0.409951 0.409951 0.409951 0.409951 0.409951 0.409951 0.409951 0.409951 0.409951 0.409951 0.409951 0.409951 0.409951 0.409951 0.409951 0.409951 0.409951 0.409951 0.409951 0.409951 0.409951 0.409951 0.409951 0.409951 0.409951 0.409951 0.409951 0.409951 0.409951 0.409951 0.409951 0.409951 0.409951 0.409951 0.409951 0.409951 0.409951 0.409951 0.409951 0.409951 0.409951 0.409951 0.409951 0.409951 0.409951 0.409951 0.39 0.409951 0.409951 0.409951 0.409951 0.409951 0.409951 0.409951 0.409951 0.409951 0.394419 0.409951 0.409951 0.409951 0.409951 0.409951 0.409951 0.409951 0.409951 0.409951 0.403969 0.409951 0.409951 0.409951 0.409951 0.409951 0.409951 0.409951 0.409951 0.409951 0.392182 0.409951 0.409951 0.409951 0.409951 0.409951 0.409951 0.409951 0.409951 0.409951 0.39507 0.409951 0.409951 0.409951 0.409951 0.409951 0.409951 0.409951 0.409951 0.409951 0.390007 0.409951 0.409951 0.409951 0.409951 0.409951 0.409951 0.409951 0.409951 0.409951 0.39 0.409951 0.409951 0.409951 0.409951 0.409951 0.409951 0.409951 0.409951 0.409951 0.39 0.409951 0.409951 0.409951 0.409951 0.409951 0.409951 0.409951 0.409951 0.409951 0.407699 0.409951 0.409951 0.409951 0.409951 0.409951 0.409951 0.409951 0.409951 0.409951 0.403714 0.409951 0.409951 0.409951 0.409951 0.409951 0.409951 0.409951 0.409951 0.409951 0.390033 0.409951 0.409951 0.409951 0.409951 0.409951 0.409951 0.409951 0.409951 0.409951 0.395301 0.409951 0.409951 0.409951 0.409951 0.409951 0.409951 0.409951 0.409951 0.409951 0.390001 0.409951 0.409951 0.409951 0.409951 0.409951 0.409951 0.409951 0.409951 0.409951 0.390002 0.409951 0.409951 0.409951 0.409951 0.409951 0.409951 0.409951 0.409951 0.409951 0.39 0.409951 0.409951 0.409951 0.409951 0.409951 0.409951 0.409951 0.409951 0.409951 0.390033 0.409951 0.409951 0.409951 0.409951 0.409951 0.409951 0.409951 0.409951 0.409951 0.39 0.409951 0.409951 0.409951 0.409951 0.409951 0.409951 0.409951 0.409951 0.409951 0.404219 0.409951 0.409951 0.409951 0.409951 0.409951 0.409951 0.409951 0.409951 0.409951 0.39 0.409951 0.409951 0.409951 0.409951 0.409951 0.409951 0.409951 0.409951 0.409951 0.393473 0.409951 0.409951 0.409951 0.409929 0.409951 0.409951 0.39 0.409951 0.409951 0.409951 0.409951 0.409951 0.409951 0.396031 0.409951 0.409951 0.39 0.409951 0.409951 0.409951 0.409951 0.409951 0.409951 0.39 0.409951 0.409951 0.39 0.409951 0.409951 0.409951 0.409951 0.409951 0.409951 0.409647 0.409951 0.409951 0.409846 0.409951 0.409951 0.409951 0.409951 0.409951 0.409951 0.390634 0.409951 0.409951 0.409886 0.409951 0.409951 0.409951 0.409951 0.409951 0.409951 0.407699 0.409951 0.409951 0.39 0.409951 0.409951 0.409951 0.409951 0.409951 0.409951 0.403452 0.409951 0.409951 0.407932 0.409951 0.409951 0.409951 0.409951 0.409951 0.409951 0.39 0.409951 0.409951 0.400599 0.409951 0.409951 0.409951 0.409951 0.409951 0.409951 0.408144 0.409951 0.409951 0.39 0.409951 0.409951 0.409951 0.409951 0.409951 0.409951 0.391332 0.409951 0.409951 0.408511 0.409951 0.409951 0.409951 0.409951 0.409951 0.409951 0.409951 0.409951 0.409951 0.409951 0.409951 0.409951 0.409951 0.409951 0.409951 0.409951 0.409951 0.409951 0.409951 0.409951 0.409951 0.409951 0.409951 0.409951 0.409951 0.409951 0.409951 0.409951 0.409951 0.409951 0.409951 0.409951 0.409951 0.409951 0.409951 0.409951 0.409951 0.409951 0.409951 0.409951 0.409951 0.409951 0.409951 0.409951 0.409951 0.409951 0.409951 0.409951 0.409951 0.409951 0.409951 0.409951 0.409951 0.409951 0.409951 0.409951 0.409951 0.409951 0.409951 0.409951 0.409951 0.409951 0.409951 0.409951 0.409951 0.409951 0.409951 0.409951 0.409951 0.409951 0.409951 0.409951 0.409951 0.409951 0.409951 0.409951 0.409951 0.409951 0.409951 0.409951 0.409951 0.409951 0.409951 0.409951 0.409951 0.409951 0.409951 0.409951 0.409951 0.409951 0.409951 0.409951 0.409951 0.409951 0.409951 0.409951 0.409951 0.409951 0.409951 0.409951 0.409951 0.409951 0.409951 0.409951 0.409951 0.409951 0.409951 0.409951 0.409951 0.409951 0.409951 0.409951 0.391125 0.409951 0.409951 0.409951 0.409951 0.409951 0.409951 0.409951 0.409951 0.409951 0.39 0.409951 0.409951 0.409951 0.409951 0.409951 0.409951 0.409951 0.409951 0.409951 0.39 0.409951 0.409951 0.409951 0.409951 0.409951 0.409951 0.409951 0.409951 0.409951 0.409667 0.409951 0.409951 0.409951 0.409951 0.409951 0.409951 0.409951 0.409951 0.409951 0.39 0.409951 0.409951 0.409951 0.409951 0.409951 0.409951 0.409951 0.409951 0.409951 0.39 0.409951 0.409951 0.409951 0.409951 0.409951 0.409951 0.409951 0.409951 0.409951 0.409554 0.409951 0.409951 0.409951 0.409951 0.409951 0.409951 0.409951 0.409951 0.409951 0.39 0.409951 0.409951 0.409951 0.409951 0.409951 0.409951 0.409951 0.409951 0.409951 0.395301 0.409951 0.409951 0.409951 0.409951 0.409951 0.409951 0.409951 0.409951 0.409951 0.39 0.409951 0.409951 0.409951 0.390007 0.409951 0.409951 0.409202 0.409951 0.409951 0.409951 0.409951 0.409951 0.409951 0.393142 0.409951 0.409951 0.39 0.409951 0.409951 0.409951 0.409951 0.409951 0.409951 0.39 0.409951 0.409951 0.401781 0.409951 0.409951 0.409951 0.409951 0.409951 0.409951 0.390001 0.409951 0.409951 0.409721 0.409951 0.409951 0.409951 0.409951 0.409951 0.409951 0.39 0.409951 0.409951 0.409202 0.409951 0.409951 0.409951 0.409951 0.409951 0.409951 0.390145 0.409951 0.409951 0.409202 0.409951 0.409951 0.409951 0.409951 0.409951 0.409951 0.39 0.409951 0.409951 0.39 0.409951 0.409951 0.409951 0.409951 0.409951 0.409951 0.39 0.409951 0.409951 0.39 0.409951 0.409951 0.409951 0.409951 0.409951 0.409951 0.39 0.409951 0.409951 0.391574 0.409951 0.409951 0.409951 0.409951 0.409951 0.409951 0.39 0.409951 0.409951 0.390502 0.409951 0.409951 0.409951 0.409951 0.409951 0.409951 0.409951 0.409951 0.409951 0.409951 0.409951 0.409951 0.409951 0.409951 0.409951 0.409951 0.409951 0.409951 0.409951 0.409951 0.409951 0.409951 0.409951 0.409951 0.409951 0.409951 0.409951 0.409951 0.409951 0.409951 0.409951 0.409951 0.409951 0.409951 0.409951 0.409951 0.409951 0.409951 0.409951 0.409951 0.409951 0.409951 0.409951 0.409951 0.409951 0.409951 0.409951 0.409951 0.409951 0.409951 0.409951 0.409951 0.409951 0.409951 0.409951 0.409951 0.409951 0.409951 0.409951 0.409951 0.409951 0.409951 0.409951 0.409951 0.409951 0.409951 0.409951 0.409951 0.409951 0.409951 0.409951 0.409951 0.409951 0.409951 0.409951 0.409951 0.409951 0.409951 0.409951 0.409951 0.409951 0.409951 0.409951 0.409951 0.409951 0.409951 0.409951 0.409951 0.409951 0.409951 0.409951 0.409951 0.409951 0.409951 0.409951 0.409951 0.409951 0.409951 0.409951 0.409951 0.409951 0.409951 0.409951 0.409951 0.409951 0.409951 0.409951 0.409951 0.409951 0.409951 0.409951 0.409951 0.39 0.409951 0.409951 0.409951 0.409951 0.409951 0.409951 0.409951 0.409951 0.409951 0.39 0.409951 0.409951 0.409951 0.409951 0.409951 0.409951 0.409951 0.409951 0.409951 0.39 0.409951 0.409951 0.409951 0.409951 0.409951 0.409951 0.409951 0.409951 0.409951 0.39 0.409951 0.409951 0.409951 0.409951 0.409951 0.409951 0.409951 0.409951 0.409951 0.39463 0.409951 0.409951 0.409951 0.409951 0.409951 0.409951 0.409951 0.409951 0.409951 0.397645 0.409951 0.409951 0.409951 0.409951 0.409951 0.409951 0.409951 0.409951 0.409951 0.409863 0.409951 0.409951 0.409951 0.409951 0.409951 0.409951 0.409951 0.409951 0.409951 0.390598 0.409951 0.409951 0.409951 0.409951 0.409951 0.409951 0.409951 0.409951 0.409951 0.39 0.409951 0.409951 0.409951 0.409951 0.409951 0.409951 0.409951 0.409951 0.409951 0.39 0.409951 0.409951 0.409951 0.401194 0.409951 0.409951 0.409468 0.409951 0.409951 0.409951 0.409951 0.409951 0.409951 0.403714 0.409951 0.409951 0.409721 0.409951 0.409951 0.409951 0.409951 0.409951 0.409951 0.409863 0.409951 0.409951 0.409579 0.409951 0.409951 0.409951 0.409951 0.409951 0.409951 0.391409 0.409951 0.409951 0.39 0.409951 0.409951 0.409951 0.409951 0.409951 0.409951 0.390049 0.409951 0.409951 0.390005 0.409951 0.409951 0.409951 0.409951 0.409951 0.409951 0.390026 0.409951 0.409951 0.390711 0.409951 0.409951 0.409951 0.409951 0.409951 0.409951 0.390184 0.409951 0.409951 0.407699 0.409951 0.409951 0.409951 0.409951 0.409951 0.409951 0.390003 0.409951 0.409951 0.390021 0.409951 0.409951 0.409951 0.409951 0.409951 0.409951 0.408041 0.409951 0.409951 0.403185 0.409951 0.409951 0.409951 0.409951 0.409951 0.409951 0.409554 0.409951 0.409951 0.390035 0.409951 0.409951 0.409951 0.409951 0.409951 0.409951 0.409951 0.409951 0.409951 0.409951 0.409951 0.409951 0.409951 0.409951 0.409951 0.409951 0.409951 0.409951 0.409951 0.409951 0.409951 0.409951 0.409951 0.409951 0.409951 0.409951 0.409951 0.409951 0.409951 0.409951 0.409951 0.409951 0.409951 0.409951 0.409951 0.409951 0.409951 0.409951 0.409951 0.409951 0.409951 0.409951 0.409951 0.409951 0.409951 0.409951 0.409951 0.409951 0.409951 0.409951 0.409951 0.409951 0.409951 0.409951 0.409951 0.409951 0.409951 0.409951 0.409951 0.409951 0.409951 0.409951 0.409951 0.409951 0.409951 0.409951 0.409951 0.409951 0.409951 0.409951 0.409951 0.409951 0.409951 0.409951 0.409951 0.409951 0.409951 0.409951 0.409951 0.409951 0.409951 0.409951 0.409951 0.409951 0.409951 0.409951 0.409951 0.409951 0.409951 0.409951 0.409951 0.409951 0.409951 0.409951 0.409951 0.409951 0.409951 0.409951 0.409951 0.409951 0.409951 0.409951 0.409951 0.409951 0.409951 0.409951 0.409951 0.409951 0.409951 0.409951 0.409951 0.409951 0.390001 0.409951 0.409951 0.409951 0.409951 0.409951 0.409951 0.409951 0.409951 0.409951 0.404462 0.409951 0.409951 0.409951 0.409951 0.409951 0.409951 0.409951 0.409951 0.409951 0.394216 0.409951 0.409951 0.409951 0.409951 0.409951 0.409951 0.409951 0.409951 0.409951 0.401781 0.409951 0.409951 0.409951 0.409951 0.409951 0.409951 0.409951 0.409951 0.409951 0.390024 0.409951 0.409951 0.409951 0.409951 0.409951 0.409951 0.409951 0.409951 0.409951 0.390001 0.409951 0.409951 0.409951 0.409951 0.409951 0.409951 0.409951 0.409951 0.409951 0.39 0.409951 0.409951 0.409951 0.409951 0.409951 0.409951 0.409951 0.409951 0.409951 0.390049 0.409951 0.409951 0.409951 0.409951 0.409951 0.409951 0.409951 0.409951 0.409951 0.396815 0.409951 0.409951 0.409951 0.409951 0.409951 0.409951 0.409951 0.409951 0.409951 0.39 0.409951 0.409951 0.409951 0.409951 0.409951 0.409951 0.409951 0.409951 0.409951 0.39 0.409951 0.409951 0.409951 0.409951 0.409951 0.409951 0.409951 0.409951 0.409951 0.39 0.409951 0.409951 0.409951 0.409951 0.409951 0.409951 0.409951 0.409951 0.409951 0.390233 0.409951 0.409951 0.409951 0.409951 0.409951 0.409951 0.409951 0.409951 0.409951 0.39 0.409951 0.409951 0.409951 0.409951 0.409951 0.409951 0.409951 0.409951 0.409951 0.409603 0.409951 0.409951 0.409951 0.409951 0.409951 0.409951 0.409951 0.409951 0.409951 0.390005 0.409951 0.409951 0.409951 0.409951 0.409951 0.409951 0.409951 0.409951 0.409951 0.390056 0.409951 0.409951 0.409951 0.409951 0.409951 0.409951 0.409951 0.409951 0.409951 0.39 0.409951 0.409951 0.409951 0.409951 0.409951 0.409951 0.409951 0.409951 0.409951 0.390019 0.409951 0.409951 0.409951 0.409951 0.409951 0.409951 0.409951 0.409951 0.409951 0.39 0.409951 0.409951 0.409951 0.390195 0.409951 0.409951 0.406858 0.409951 0.409951 0.409951 0.409951 0.409951 0.409951 0.391757 0.409951 0.409951 0.390003 0.409951 0.409951 0.409951 0.409951 0.409951 0.409951 0.409886 0.409951 0.409951 0.391409 0.409951 0.409951 0.409951 0.409951 0.409951 0.409951 0.390006 0.409951 0.409951 0.390007 0.409951 0.409951 0.409951 0.409951 0.409951 0.409951 0.390005 0.409951 0.409951 0.390333 0.409951 0.409951 0.409951 0.409951 0.409951 0.409951 0.39 0.409951 0.409951 0.390023 0.409951 0.409951 0.409951 0.409951 0.409951 0.409951 0.390016 0.409951 0.409951 0.39 0.409951 0.409951 0.409951 0.409951 0.409951 0.409951 0.390024 0.409951 0.409951 0.39 0.409951 0.409951 0.409951 0.409951 0.409951 0.409951 0.39 0.409951 0.409951 0.407574 0.409951 0.409951 0.409951 0.409951 0.409951 0.409951 0.408041 0.409951 0.409951 0.390121 0.409951 0.409951 0.409951 0.409951 0.409951 0.409951 0.409951 0.409951 0.409951 0.409951 0.409951 0.409951 0.409951 0.409951 0.409951 0.409951 0.409951 0.409951 0.409951 0.409951 0.409951 0.409951 0.409951 0.409951 0.409951 0.409951 0.409951 0.409951 0.409951 0.409951 0.409951 0.409951 0.409951 0.409951 0.409951 0.409951 0.409951 0.409951 0.409951 0.409951 0.409951 0.409951 0.409951 0.409951 0.409951 0.409951 0.409951 0.409951 0.409951 0.409951 0.409951 0.409951 0.409951 0.409951 0.409951 0.409951 0.409951 0.409951 0.409951 0.409951 0.409951 0.409951 0.409951 0.409951 0.409951 0.409951 0.409951 0.409951 0.409951 0.409951 0.409951 0.409951 0.409951 0.409951 0.409951 0.409951 0.409951 0.409951 0.409951 0.409951 0.409951 0.409951 0.409951 0.409951 0.409951 0.409951 0.409951 0.409951 0.409951 0.409951 0.409951 0.409951 0.409951 0.409951 0.409951 0.409951 0.409951 0.409951 0.409951 0.409951 0.409951 0.409951 0.409951 0.409951 0.409951 0.409951 0.409951 0.409951 0.409951 0.409951 0.409951 0.409951 0.409863 0.409951 0.409951 0.409951 0.409951 0.409951 0.409951 0.409951 0.409951 0.409951 0.409554 0.409951 0.409951 0.409951 0.409951 0.409951 0.409951 0.409951 0.409951 0.409951 0.390002 0.409951 0.409951 0.409951 0.409951 0.409951 0.409951 0.409951 0.409951 0.409951 0.40493 0.409951 0.409951 0.409951 0.409951 0.409951 0.409951 0.409951 0.409951 0.409951 0.391004 0.409951 0.409951 0.409951 0.409951 0.409951 0.409951 0.409951 0.409951 0.409951 0.39 0.409951 0.409951 0.409951 0.409951 0.409951 0.409951 0.409951 0.409951 0.409951 0.394846 0.409951 0.409951 0.409951 0.409951 0.409951 0.409951 0.409951 0.409951 0.409951 0.390037 0.409951 0.409951 0.409951 0.409951 0.409951 0.409951 0.409951 0.409951 0.409951 0.402636 0.409951 0.409951 0.409951 0.409951 0.409951 0.409951 0.409951 0.409951 0.409951 0.39 0.409951 0.409951 0.409951 0.409246 0.409951 0.409951 0.406352 0.409951 0.409951 0.409951 0.409951 0.409951 0.409951 0.39 0.409951 0.409951 0.408511 0.409951 0.409951 0.409951 0.409951 0.409951 0.409951 0.392301 0.409951 0.409951 0.391757 0.409951 0.409951 0.409951 0.409951 0.409951 0.409951 0.392694 0.409951 0.409951 0.409402 0.409951 0.409951 0.409951 0.409951 0.409951 0.409951 0.39 0.409951 0.409951 0.396031 0.409951 0.409951 0.409951 0.409951 0.409951 0.409951 0.405581 0.409951 0.409951 0.390001 0.409951 0.409951 0.409951 0.409951 0.409951 0.409951 0.394216 0.409951 0.409951 0.39 0.409951 0.409951 0.409951 0.409951 0.409951 0.409951 0.390333 0.409951 0.409951 0.409667 0.409951 0.409951 0.409951 0.409951 0.409951 0.409951 0.39 0.409951 0.409951 0.390001 0.409951 0.409951 0.409951 0.409951 0.409951 0.409951 0.402913 0.409951 0.409951 0.39 0.409951 0.409951 0.409951 0.409951 0.409951 0.409951 0.409951 0.409951 0.409951 0.409951 0.409951 0.409951 0.409951 0.409951 0.409951 0.409951 0.409951 0.409951 0.409951 0.409951 0.409951 0.409951 0.409951 0.409951 0.409951 0.409951 0.409951 0.409951 0.409951 0.409951 0.409951 0.409951 0.409951 0.409951 0.409951 0.409951 0.409951 0.409951 0.409951 0.409951 0.409951 0.409951 0.409951 0.409951 0.409951 0.409951 0.409951 0.409951 0.409951 0.409951 0.409951 0.409951 0.409951 0.409951 0.409951 0.409951 0.409951 0.409951 0.409951 0.409951 0.409951 0.409951 0.409951 0.409951 0.409951 0.409951 0.409951 0.409951 0.409951 0.409951 0.409951 0.409951 0.409951 0.409951 0.409951 0.409951 0.409951 0.409951 0.409951 0.409951 0.409951 0.409951 0.409951 0.409951 0.409951 0.409951 0.409951 0.409951 0.409951 0.409951 0.409951 0.409951 0.409951 0.409951 0.409951 0.409951 0.409951 0.409951 0.409951 0.409951 0.409951 0.409951 0.409951 0.409951 0.409951 0.409951 0.409951 0.409951 0.409951 0.409951 0.409951 0.409951 0.39 0.409951 0.409951 0.409951 0.409951 0.409951 0.409951 0.409951 0.409951 0.409951 0.39 0.409951 0.409951 0.409951 0.409951 0.409951 0.409951 0.409951 0.409951 0.409951 0.390003 0.409951 0.409951 0.409951 0.409951 0.409951 0.409951 0.409951 0.409951 0.409951 0.39 0.409951 0.409951 0.409951 0.409951 0.409951 0.409951 0.409951 0.409951 0.409951 0.39 0.409951 0.409951 0.409951 0.409951 0.409951 0.409951 0.409951 0.409951 0.409951 0.39001 0.409951 0.409951 0.409951 0.409951 0.409951 0.409951 0.409951 0.409951 0.409951 0.39 0.409951 0.409951 0.409951 0.409951 0.409951 0.409951 0.409951 0.409951 0.409951 0.39402 0.409951 0.409951 0.409951 0.409951 0.409951 0.409951 0.409951 0.409951 0.409951 0.409705 0.409951 0.409951 0.409951 0.409951 0.409951 0.409951 0.409951 0.409951 0.409951 0.405581 0.409951 0.409951 0.409951 0.408668 0.409951 0.409951 0.390233 0.409951 0.409951 0.409951 0.409951 0.409951 0.409951 0.399102 0.409951 0.409951 0.390754 0.409951 0.409951 0.409951 0.409951 0.409951 0.409951 0.391409 0.409951 0.409951 0.390598 0.409951 0.409951 0.409951 0.409951 0.409951 0.409951 0.39 0.409951 0.409951 0.404219 0.409951 0.409951 0.409951 0.409951 0.409951 0.409951 0.390012 0.409951 0.409951 0.390008 0.409951 0.409951 0.409951 0.409951 0.409951 0.409951 0.406858 0.409951 0.409951 0.39 0.409951 0.409951 0.409951 0.409951 0.409951 0.409951 0.39 0.409951 0.409951 0.390145 0.409951 0.409951 0.409951 0.409951 0.409951 0.409951 0.401489 0.409951 0.409951 0.409527 0.409951 0.409951 0.409951 0.409951 0.409951 0.409951 0.403185 0.409951 0.409951 0.39 0.409951 0.409951 0.409951 0.409951 0.409951 0.409951 0.397364 0.409951 0.409951 0.409051 0.409951 0.409951 0.409951 0.409951 0.409951 0.409951 0.409951 0.409951 0.409951 0.409951 0.409951 0.409951 0.409951 0.409951 0.409951 0.409951 0.409951 0.409951 0.409951 0.409951 0.409951 0.409951 0.409951 0.409951 0.409951 0.409951 0.409951 0.409951 0.409951 0.409951 0.409951 0.409951 0.409951 0.409951 0.409951 0.409951 0.409951 0.409951 0.409951 0.409951 0.409951 0.409951 0.409951 0.409951 0.409951 0.409951 0.409951 0.409951 0.409951 0.409951 0.409951 0.409951 0.409951 0.409951 0.409951 0.409951 0.409951 0.409951 0.409951 0.409951 0.409951 0.409951 0.409951 0.409951 0.409951 0.409951 0.409951 0.409951 0.409951 0.409951 0.409951 0.409951 0.409951 0.409951 0.409951 0.409951 0.409951 0.409951 0.409951 0.409951 0.409951 0.409951 0.409951 0.409951 0.409951 0.409951 0.409951 0.409951 0.409951 0.409951 0.409951 0.409951 0.409951 0.409951 0.409951 0.409951 0.409951 0.409951 0.409951 0.409951 0.409951 0.409951 0.409951 0.409951 0.409951 0.409951 0.409951 0.409951 0.409951 0.409951 0.409951 0.409951 0.390002 0.409951 0.409951 0.409951 0.409951 0.409951 0.409951 0.409951 0.409951 0.409951 0.409925 0.409951 0.409951 0.409951 0.409951 0.409951 0.409951 0.409951 0.409951 0.409951 0.391332 0.409951 0.409951 0.409951 0.409951 0.409951 0.409951 0.409951 0.409951 0.409951 0.390313 0.409951 0.409951 0.409951 0.409951 0.409951 0.409951 0.409951 0.409951 0.409951 0.390001 0.409951 0.409951 0.409951 0.409951 0.409951 0.409951 0.409951 0.409951 0.409951 0.39 0.409951 0.409951 0.409951 0.409951 0.409951 0.409951 0.409951 0.409951 0.409951 0.39009 0.409951 0.409951 0.409951 0.409951 0.409951 0.409951 0.409951 0.409951 0.409951 0.39 0.409951 0.409951 0.409951 0.409951 0.409951 0.409951 0.409951 0.409951 0.409951 0.39 0.409951 0.409951 0.409951 0.409951 0.409951 0.409951 0.409951 0.409951 0.409951 0.39 0.409951 0.409951 0.409951 0.409951 0.409951 0.409951 0.409951 0.409951 0.409951 0.390295 0.409951 0.409951 0.409951 0.409951 0.409951 0.409951 0.409951 0.409951 0.409951 0.390006 0.409951 0.409951 0.409951 0.409951 0.409951 0.409951 0.409951 0.409951 0.409951 0.393304 0.409951 0.409951 0.409951 0.409951 0.409951 0.409951 0.409951 0.409951 0.409951 0.39 0.409951 0.409951 0.409951 0.409951 0.409951 0.409951 0.409951 0.409951 0.409951 0.396286 0.409951 0.409951 0.409951 0.409951 0.409951 0.409951 0.409951 0.409951 0.409951 0.409863 0.409951 0.409951 0.409951 0.409951 0.409951 0.409951 0.409951 0.409951 0.409951 0.39 0.409951 0.409951 0.409951 0.409951 0.409951 0.409951 0.409951 0.409951 0.409951 0.390279 0.409951 0.409951 0.409951 0.409951 0.409951 0.409951 0.409951 0.409951 0.409951 0.409837 0.409951 0.409951 0.409951 0.409951 0.409951 0.409951 0.409951 0.409951 0.409951 0.408937 0.409951 0.409951 0.409951 0.409468 0.409951 0.409951 0.390001 0.409951 0.409951 0.409951 0.409951 0.409951 0.409951 0.39 0.409951 0.409951 0.39 0.409951 0.409951 0.409951 0.409951 0.409951 0.409951 0.39 0.409951 0.409951 0.405784 0.409951 0.409951 0.409951 0.409951 0.409951 0.409951 0.39 0.409951 0.409951 0.409329 0.409951 0.409951 0.409951 0.409951 0.409951 0.409951 0.407014 0.409951 0.409951 0.408668 0.409951 0.409951 0.409951 0.409951 0.409951 0.409951 0.39 0.409951 0.409951 0.409626 0.409951 0.409951 0.409951 0.409951 0.409951 0.409951 0.39 0.409951 0.409951 0.395301 0.409951 0.409951 0.409951 0.409951 0.409951 0.409951 0.390001 0.409951 0.409951 0.390005 0.409951 0.409951 0.409951 0.409951 0.409951 0.409951 0.405784 0.409951 0.409951 0.39 0.409951 0.409951 0.409951 0.409951 0.409951 0.409951 0.390129 0.409951 0.409951 0.407163 0.409951 0.409951 0.409951 0.409951 0.409951 0.409951 0.409951 0.409951 0.409951 0.409951 0.409951 0.409951 0.409951 0.409951 0.409951 0.409951 0.409951 0.409951 0.409951 0.409951 0.409951 0.409951 0.409951 0.409951 0.409951 0.409951 0.409951 0.409951 0.409951 0.409951 0.409951 0.409951 0.409951 0.409951 0.409951 0.409951 0.409951 0.409951 0.409951 0.409951 0.409951 0.409951 0.409951 0.409951 0.409951 0.409951 0.409951 0.409951 0.409951 0.409951 0.409951 0.409951 0.409951 0.409951 0.409951 0.409951 0.409951 0.409951 0.409951 0.409951 0.409951 0.409951 0.409951 0.409951 0.409951 0.409951 0.409951 0.409951 0.409951 0.409951 0.409951 0.409951 0.409951 0.409951 0.409951 0.409951 0.409951 0.409951 0.409951 0.409951 0.409951 0.409951 0.409951 0.409951 0.409951 0.409951 0.409951 0.409951 0.409951 0.409951 0.409951 0.409951 0.409951 0.409951 0.409951 0.409951 0.409951 0.409951 0.409951 0.409951 0.409951 0.409951 0.409951 0.409951 0.409951 0.409951 0.409951 0.409951 0.409951 0.409951 0.409951 0.409951 0.390532 0.409951 0.409951 0.409951 0.409951 0.409951 0.409951 0.409951 0.409951 0.409951 0.40598 0.409951 0.409951 0.409951 0.409951 0.409951 0.409951 0.409951 0.409951 0.409951 0.39 0.409951 0.409951 0.409951 0.409951 0.409951 0.409951 0.409951 0.409951 0.409951 0.407163 0.409951 0.409951 0.409951 0.409951 0.409951 0.409951 0.409951 0.409951 0.409951 0.390029 0.409951 0.409951 0.409951 0.409951 0.409951 0.409951 0.409951 0.409951 0.409951 0.392301 0.409951 0.409951 0.409951 0.409951 0.409951 0.409951 0.409951 0.409951 0.409951 0.4003 0.409951 0.409951 0.409951 0.409951 0.409951 0.409951 0.409951 0.409951 0.409951 0.39 0.409951 0.409951 0.409951 0.409951 0.409951 0.409951 0.409951 0.409951 0.409951 0.390006 0.409951 0.409951 0.409951 0.409951 0.409951 0.409951 0.409951 0.409951 0.409951 0.39793 0.409951 0.409951 0.409951 0.408243 0.409951 0.409951 0.39793 0.409951 0.409951 0.409951 0.409951 0.409951 0.409951 0.39009 0.409951 0.409951 0.402355 0.409951 0.409951 0.409951 0.409951 0.409951 0.409951 0.392837 0.409951 0.409951 0.390019 0.409951 0.409951 0.409951 0.409951 0.409951 0.409951 0.409737 0.409951 0.409951 0.407443 0.409951 0.409951 0.409951 0.409951 0.409951 0.409951 0.390001 0.409951 0.409951 0.409579 0.409951 0.409951 0.409951 0.409951 0.409951 0.409951 0.39 0.409951 0.409951 0.391489 0.409951 0.409951 0.409951 0.409951 0.409951 0.409951 0.40991 0.409951 0.409951 0.409289 0.409951 0.409951 0.409951 0.409951 0.409951 0.409951 0.391959 0.409951 0.409951 0.392694 0.409951 0.409951 0.409951 0.409951 0.409951 0.409951 0.409498 0.409951 0.409951 0.39 0.409951 0.409951 0.409951 0.409951 0.409951 0.409951 0.409498 0.409951 0.409951 0.390333 0.409951 0.409951 0.409951 0.409951 0.409951 0.409951 0.409951 0.409951 0.409951 0.409951 0.409951 0.409951 0.409951 0.409951 0.409951 0.409951 0.409951 0.409951 0.409951 0.409951 0.409951 0.409951 0.409951 0.409951 0.409951 0.409951 0.409951 0.409951 0.409951 0.409951 0.409951 0.409951 0.409951 0.409951 0.409951 0.409951 0.409951 0.409951 0.409951 0.409951 0.409951 0.409951 0.409951 0.409951 0.409951 0.409951 0.409951 0.409951 0.409951 0.409951 0.409951 0.409951 0.409951 0.409951 0.409951 0.409951 0.409951 0.409951 0.409951 0.409951 0.409951 0.409951 0.409951 0.409951 0.409951 0.409951 0.409951 0.409951 0.409951 0.409951 0.409951 0.409951 0.409951 0.409951 0.409951 0.409951 0.409951 0.409951 0.409951 0.409951 0.409951 0.409951 0.409951 0.409951 0.409951 0.409951 0.409951 0.409951 0.409951 0.409951 0.409951 0.409951 0.409951 0.409951 0.409951 0.409951 0.409951 0.409951 0.409951 0.409951 0.409951 0.409951 0.409951 0.409951 0.409951 0.409951 0.409951 0.409951 0.409951 0.409951 0.409951 0.409951 0.394419 0.409951 0.409951 0.409951 0.409951 0.409951 0.409951 0.409951 0.409951 0.409951 0.402636 0.409951 0.409951 0.409951 0.409951 0.409951 0.409951 0.409951 0.409951 0.409951 0.398511 0.409951 0.409951 0.409951 0.409951 0.409951 0.409951 0.409951 0.409951 0.409951 0.396031 0.409951 0.409951 0.409951 0.409951 0.409951 0.409951 0.409951 0.409951 0.409951 0.40992 0.409951 0.409951 0.409951 0.409951 0.409951 0.409951 0.409951 0.409951 0.409951 0.398219 0.409951 0.409951 0.409951 0.409951 0.409951 0.409951 0.409951 0.409951 0.409951 0.39009 0.409951 0.409951 0.409951 0.409951 0.409951 0.409951 0.409951 0.409951 0.409951 0.39 0.409951 0.409951 0.409951 0.409951 0.409951 0.409951 0.409951 0.409951 0.409951 0.409154 0.409951 0.409951 0.409951 0.409951 0.409951 0.409951 0.409951 0.409951 0.409951 0.408996 0.409951 0.409951 0.409951 0.390052 0.409951 0.409951 0.391959 0.409951 0.409951 0.409951 0.409951 0.409951 0.409951 0.398511 0.409951 0.409951 0.39 0.409951 0.409951 0.409951 0.409951 0.409951 0.409951 0.390023 0.409951 0.409951 0.390003 0.409951 0.409951 0.409951 0.409951 0.409951 0.409951 0.409626 0.409951 0.409951 0.409366 0.409951 0.409951 0.409951 0.409951 0.409951 0.409951 0.39 0.409951 0.409951 0.409603 0.409951 0.409951 0.409951 0.409951 0.409951 0.409951 0.395301 0.409951 0.409951 0.39 0.409951 0.409951 0.409951 0.409951 0.409951 0.409951 0.390145 0.409951 0.409951 0.390029 0.409951 0.409951 0.409951 0.409951 0.409951 0.409951 0.39 0.409951 0.409951 0.409626 0.409951 0.409951 0.409951 0.409951 0.409951 0.409951 0.409402 0.409951 0.409951 0.39 0.409951 0.409951 0.409951 0.409951 0.409951 0.409951 0.39 0.409951 0.409951 0.400599 0.409951 0.409951 0.409951 0.409951 0.409951 0.409951 0.409951 0.409951 0.409951 0.409951 0.409951 0.409951 0.409951 0.409951 0.409951 0.409951 0.409951 0.409951 0.409951 0.409951 0.409951 0.409951 0.409951 0.409951 0.409951 0.409951 0.409951 0.409951 0.409951 0.409951 0.409951 0.409951 0.409951 0.409951 0.409951 0.409951 0.409951 0.409951 0.409951 0.409951 0.409951 0.409951 0.409951 0.409951 0.409951 0.409951 0.409951 0.409951 0.409951 0.409951 0.409951 0.409951 0.409951 0.409951 0.409951 0.409951 0.409951 0.409951 0.409951 0.409951 0.409951 0.409951 0.409951 0.409951 0.409951 0.409951 0.409951 0.409951 0.409951 0.409951 0.409951 0.409951 0.409951 0.409951 0.409951 0.409951 0.409951 0.409951 0.409951 0.409951 0.409951 0.409951 0.409951 0.409951 0.409951 0.409951 0.409951 0.409951 0.409951 0.409951 0.409951 0.409951 0.409951 0.409951 0.409951 0.409951 0.409951 0.409951 0.409951 0.409951 0.409951 0.409951 0.409951 0.409951 0.409951 0.409951 0.409951 0.409951 0.409951 0.409951 0.409951 0.409951 0.39 0.409951 0.409951 0.409951 0.409951 0.409951 0.409951 0.409951 0.409951 0.409951 0.39 0.409951 0.409951 0.409951 0.409951 0.409951 0.409951 0.409951 0.409951 0.409951 0.405371 0.409951 0.409951 0.409951 0.409951 0.409951 0.409951 0.409951 0.409951 0.409951 0.39 0.409951 0.409951 0.409951 0.409951 0.409951 0.409951 0.409951 0.409951 0.409951 0.405371 0.409951 0.409951 0.409951 0.409951 0.409951 0.409951 0.409951 0.409951 0.409951 0.409846 0.409951 0.409951 0.409951 0.409951 0.409951 0.409951 0.409951 0.409951 0.409951 0.391125 0.409951 0.409951 0.409951 0.409951 0.409951 0.409951 0.409951 0.409951 0.409951 0.39 0.409951 0.409951 0.409951 0.409951 0.409951 0.409951 0.409951 0.409951 0.409951 0.39 0.409951 0.409951 0.409951 0.409951 0.409951 0.409951 0.409951 0.409951 0.409951 0.409705 0.409951 0.409951 0.409951 0.409951 0.409951 0.409951 0.409951 0.409951 0.409951 0.4 0.409951 0.409951 0.409951 0.409951 0.409951 0.409951 0.409951 0.409951 0.409951 0.4003 0.409951 0.409951 0.409951 0.409951 0.409951 0.409951 0.409951 0.409951 0.409951 0.390671 0.409951 0.409951 0.409951 0.409951 0.409951 0.409951 0.409951 0.409951 0.409951 0.403185 0.409951 0.409951 0.409951 0.409951 0.409951 0.409951 0.409951 0.409951 0.409951 0.39 0.409951 0.409951 0.409951 0.409951 0.409951 0.409951 0.409951 0.409951 0.409951 0.39 0.409951 0.409951 0.409951 0.409951 0.409951 0.409951 0.409951 0.409951 0.409951 0.390002 0.409951 0.409951 0.409951 0.409951 0.409951 0.409951 0.409951 0.409951 0.409951 0.408937 0.409951 0.409951 0.409951 0.409951 0.409951 0.409951 0.409951 0.409951 0.409951 0.39 0.409951 0.409951 0.409951 0.409951 0.409951 0.409951 0.409951 0.409951 0.409951 0.390001 0.409951 0.409951 0.409951 0.403969 0.409951 0.409951 0.408591 0.409951 0.409951 0.409951 0.409951 0.409951 0.409951 0.40992 0.409951 0.409951 0.39 0.409951 0.409951 0.409951 0.409951 0.409951 0.409951 0.390004 0.409951 0.409951 0.39 0.409951 0.409951 0.409951 0.409951 0.409951 0.409951 0.39 0.409951 0.409951 0.390005 0.409951 0.409951 0.409951 0.409951 0.409951 0.409951 0.39 0.409951 0.409951 0.409687 0.409951 0.409951 0.409951 0.409951 0.409951 0.409951 0.403969 0.409951 0.409951 0.409527 0.409951 0.409951 0.409951 0.409951 0.409951 0.409951 0.406696 0.409951 0.409951 0.390052 0.409951 0.409951 0.409951 0.409951 0.409951 0.409951 0.409827 0.409951 0.409951 0.39 0.409951 0.409951 0.409951 0.409951 0.409951 0.409951 0.390397 0.409951 0.409951 0.40598 0.409951 0.409951 0.409951 0.409951 0.409951 0.409951 0.409805 0.409951 0.409951 0.408591 0.409951 0.409951 0.409951 0.409951 0.409951 0.409951 0.409951 0.409951 0.409951 0.409951 0.409951 0.409951 0.409951 0.409951 0.409951 0.409951 0.409951 0.409951 0.409951 0.409951 0.409951 0.409951 0.409951 0.409951 0.409951 0.409951 0.409951 0.409951 0.409951 0.409951 0.409951 0.409951 0.409951 0.409951 0.409951 0.409951 0.409951 0.409951 0.409951 0.409951 0.409951 0.409951 0.409951 0.409951 0.409951 0.409951 0.409951 0.409951 0.409951 0.409951 0.409951 0.409951 0.409951 0.409951 0.409951 0.409951 0.409951 0.409951 0.409951 0.409951 0.409951 0.409951 0.409951 0.409951 0.409951 0.409951 0.409951 0.409951 0.409951 0.409951 0.409951 0.409951 0.409951 0.409951 0.409951 0.409951 0.409951 0.409951 0.409951 0.409951 0.409951 0.409951 0.409951 0.409951 0.409951 0.409951 0.409951 0.409951 0.409951 0.409951 0.409951 0.409951 0.409951 0.409951 0.409951 0.409951 0.409951 0.409951 0.409951 0.409951 0.409951 0.409951 0.409951 0.409951 0.409951 0.409951 0.409951 0.409951 0.409951 0.409951 0.409951 0.409951 0.39 0.409951 0.409951 0.409951 0.409951 0.409951 0.409951 0.409951 0.409951 0.409951 0.409793 0.409951 0.409951 0.409951 0.409951 0.409951 0.409951 0.409951 0.409951 0.409951 0.39 0.409951 0.409951 0.409951 0.409951 0.409951 0.409951 0.409951 0.409951 0.409951 0.407699 0.409951 0.409951 0.409951 0.409951 0.409951 0.409951 0.409951 0.409951 0.409951 0.409886 0.409951 0.409951 0.409951 0.409951 0.409951 0.409951 0.409951 0.409951 0.409951 0.408426 0.409951 0.409951 0.409951 0.409951 0.409951 0.409951 0.409951 0.409951 0.409951 0.408996 0.409951 0.409951 0.409951 0.409951 0.409951 0.409951 0.409951 0.409951 0.409951 0.403185 0.409951 0.409951 0.409951 0.409951 0.409951 0.409951 0.409951 0.409951 0.409951 0.390949 0.409951 0.409951 0.409951 0.409951 0.409951 0.409951 0.409951 0.409951 0.409951 0.39 0.409951 0.409951 0.409951 0.39 0.409951 0.409951 0.392426 0.409951 0.409951 0.409951 0.409951 0.409951 0.409951 0.39 0.409951 0.409951 0.39 0.409951 0.409951 0.409951 0.409951 0.409951 0.409951 0.39 0.409951 0.409951 0.409753 0.409951 0.409951 0.409951 0.409951 0.409951 0.409951 0.39009 0.409951 0.409951 0.39 0.409951 0.409951 0.409951 0.409951 0.409951 0.409951 0.39 0.409951 0.409951 0.403185 0.409951 0.409951 0.409951 0.409951 0.409951 0.409951 0.39 0.409951 0.409951 0.398806 0.409951 0.409951 0.409951 0.409951 0.409951 0.409951 0.39 0.409951 0.409951 0.39 0.409951 0.409951 0.409951 0.409951 0.409951 0.409951 0.405154 0.409951 0.409951 0.39 0.409951 0.409951 0.409951 0.409951 0.409951 0.409951 0.394846 0.409951 0.409951 0.39 0.409951 0.409951 0.409951 0.409951 0.409951 0.409951 0.40493 0.409951 0.409951 0.409366 0.409951 0.409951 0.409951 0.409951 0.409951 0.409951 0.409951 0.409951 0.409951 0.409951 0.409951 0.409951 0.409951 0.409951 0.409951 0.409951 0.409951 0.409951 0.409951 0.409951 0.409951 0.409951 0.409951 0.409951 0.409951 0.409951 0.409951 0.409951 0.409951 0.409951 0.409951 0.409951 0.409951 0.409951 0.409951 0.409951 0.409951 0.409951 0.409951 0.409951 0.409951 0.409951 0.409951 0.409951 0.409951 0.409951 0.409951 0.409951 0.409951 0.409951 0.409951 0.409951 0.409951 0.409951 0.409951 0.409951 0.409951 0.409951 0.409951 0.409951 0.409951 0.409951 0.409951 0.409951 0.409951 0.409951 0.409951 0.409951 0.409951 0.409951 0.409951 0.409951 0.409951 0.409951 0.409951 0.409951 0.409951 0.409951 0.409951 0.409951 0.409951 0.409951 0.409951 0.409951 0.409951 0.409951 0.409951 0.409951 0.409951 0.409951 0.409951 0.409951 0.409951 0.409951 0.409951 0.409951 0.409951 0.409951 0.409951 0.409951 0.409951 0.409951 0.409951 0.409951 0.409951 0.409951 0.409951 0.409951 0.409951 0.409951 0.409951 0.409951 0.398219 0.409951 0.409951 0.409951 0.409951 0.409951 0.409951 0.409951 0.409951 0.409951 0.39 0.409951 0.409951 0.409951 0.409951 0.409951 0.409951 0.409951 0.409951 0.409951 0.39 0.409951 0.409951 0.409951 0.409951 0.409951 0.409951 0.409951 0.409951 0.409951 0.391856 0.409951 0.409951 0.409951 0.409951 0.409951 0.409951 0.409951 0.409951 0.409951 0.390008 0.409951 0.409951 0.409951 0.409951 0.409951 0.409951 0.409951 0.409951 0.409951 0.398219 0.409951 0.409951 0.409951 0.409951 0.409951 0.409951 0.409951 0.409951 0.409951 0.390035 0.409951 0.409951 0.409951 0.409951 0.409951 0.409951 0.409951 0.409951 0.409951 0.39 0.409951 0.409951 0.409951 0.409951 0.409951 0.409951 0.409951 0.409951 0.409951 0.390532 0.409951 0.409951 0.409951 0.409951 0.409951 0.409951 0.409951 0.409951 0.409951 0.390598 0.409951 0.409951 0.409951 0.409915 0.409951 0.409951 0.40207 0.409951 0.409951 0.409951 0.409951 0.409951 0.409951 0.39 0.409951 0.409951 0.39 0.409951 0.409951 0.409951 0.409951 0.409951 0.409951 0.404462 0.409951 0.409951 0.39 0.409951 0.409951 0.409951 0.409951 0.409951 0.409951 0.39 0.409951 0.409951 0.390041 0.409951 0.409951 0.409951 0.409951 0.409951 0.409951 0.39 0.409951 0.409951 0.390009 0.409951 0.409951 0.409951 0.409951 0.409951 0.409951 0.392182 0.409951 0.409951 0.405784 0.409951 0.409951 0.409951 0.409951 0.409951 0.409951 0.39 0.409951 0.409951 0.406696 0.409951 0.409951 0.409951 0.409951 0.409951 0.409951 0.39 0.409951 0.409951 0.409705 0.409951 0.409951 0.409951 0.409951 0.409951 0.409951 0.390671 0.409951 0.409951 0.39 0.409951 0.409951 0.409951 0.409951 0.409951 0.409951 0.390003 0.409951 0.409951 0.39 0.409951 0.409951 0.409951 0.409951 0.409951 0.409951 0.409951 0.409951 0.409951 0.409951 0.409951 0.409951 0.409951 0.409951 0.409951 0.409951 0.409951 0.409951 0.409951 0.409951 0.409951 0.409951 0.409951 0.409951 0.409951 0.409951 0.409951 0.409951 0.409951 0.409951 0.409951 0.409951 0.409951 0.409951 0.409951 0.409951 0.409951 0.409951 0.409951 0.409951 0.409951 0.409951 0.409951 0.409951 0.409951 0.409951 0.409951 0.409951 0.409951 0.409951 0.409951 0.409951 0.409951 0.409951 0.409951 0.409951 0.409951 0.409951 0.409951 0.409951 0.409951 0.409951 0.409951 0.409951 0.409951 0.409951 0.409951 0.409951 0.409951 0.409951 0.409951 0.409951 0.409951 0.409951 0.409951 0.409951 0.409951 0.409951 0.409951 0.409951 0.409951 0.409951 0.409951 0.409951 0.409951 0.409951 0.409951 0.409951 0.409951 0.409951 0.409951 0.409951 0.409951 0.409951 0.409951 0.409951 0.409951 0.409951 0.409951 0.409951 0.409951 0.409951 0.409951 0.409951 0.409951 0.409951 0.409951 0.409951 0.409951 0.409951 0.409951 0.409951 0.397364 0.409951 0.409951 0.409951 0.409951 0.409951 0.409951 0.409951 0.409951 0.409951 0.390397 0.409951 0.409951 0.409951 0.409951 0.409951 0.409951 0.409951 0.409951 0.409951 0.390052 0.409951 0.409951 0.409951 0.409951 0.409951 0.409951 0.409951 0.409951 0.409951 0.39 0.409951 0.409951 0.409951 0.409951 0.409951 0.409951 0.409951 0.409951 0.409951 0.409498 0.409951 0.409951 0.409951 0.409951 0.409951 0.409951 0.409951 0.409951 0.409951 0.391332 0.409951 0.409951 0.409951 0.409951 0.409951 0.409951 0.409951 0.409951 0.409951 0.391856 0.409951 0.409951 0.409951 0.409951 0.409951 0.409951 0.409951 0.409951 0.409951 0.409816 0.409951 0.409951 0.409951 0.409951 0.409951 0.409951 0.409951 0.409951 0.409951 0.390896 0.409951 0.409951 0.409951 0.409951 0.409951 0.409951 0.409951 0.409951 0.409951 0.39 0.409951 0.409951 0.409951 0.409951 0.409951 0.409951 0.409951 0.409951 0.409951 0.390532 0.409951 0.409951 0.409951 0.409951 0.409951 0.409951 0.409951 0.409951 0.409951 0.39 0.409951 0.409951 0.409951 0.409951 0.409951 0.409951 0.409951 0.409951 0.409951 0.409436 0.409951 0.409951 0.409951 0.409951 0.409951 0.409951 0.409951 0.409951 0.409951 0.39 0.409951 0.409951 0.409951 0.409951 0.409951 0.409951 0.409951 0.409951 0.409951 0.40598 0.409951 0.409951 0.409951 0.409951 0.409951 0.409951 0.409951 0.409951 0.409951 0.390007 0.409951 0.409951 0.409951 0.409951 0.409951 0.409951 0.409951 0.409951 0.409951 0.406696 0.409951 0.409951 0.409951 0.409951 0.409951 0.409951 0.409951 0.409951 0.409951 0.39 0.409951 0.409951 0.409951 0.409951 0.409951 0.409951 0.409951 0.409951 0.409951 0.409816 0.409951 0.409951 0.409951 0.409951 0.409951 0.409951 0.409951 0.409951 0.409951 0.403452 0.409951 0.409951 0.409951 0.390634 0.409951 0.409951 0.390037 0.409951 0.409951 0.409951 0.409951 0.409951 0.409951 0.406696 0.409951 0.409951 0.39 0.409951 0.409951 0.409951 0.409951 0.409951 0.409951 0.395301 0.409951 0.409951 0.39 0.409951 0.409951 0.409951 0.409951 0.409951 0.409951 0.390007 0.409951 0.409951 0.390101 0.409951 0.409951 0.409951 0.409951 0.409951 0.409951 0.409879 0.409951 0.409951 0.39 0.409951 0.409951 0.409951 0.409951 0.409951 0.409951 0.399401 0.409951 0.409951 0.390059 0.409951 0.409951 0.409951 0.409951 0.409951 0.409951 0.390001 0.409951 0.409951 0.39 0.409951 0.409951 0.409951 0.409951 0.409951 0.409951 0.390671 0.409951 0.409951 0.397364 0.409951 0.409951 0.409951 0.409951 0.409951 0.409951 0.390005 0.409951 0.409951 0.39022 0.409951 0.409951 0.409951 0.409951 0.409951 0.409951 0.390001 0.409951 0.409951 0.408996 0.409951 0.409951 0.409951 0.409951 0.409951 0.409951 0.409951 0.409951 0.409951 0.409951 0.409951 0.409951 0.409951 0.409951 0.409951 0.409951 0.409951 0.409951 0.409951 0.409951 0.409951 0.409951 0.409951 0.409951 0.409951 0.409951 0.409951 0.409951 0.409951 0.409951 0.409951 0.409951 0.409951 0.409951 0.409951 0.409951 0.409951 0.409951 0.409951 0.409951 0.409951 0.409951 0.409951 0.409951 0.409951 0.409951 0.409951 0.409951 0.409951 0.409951 0.409951 0.409951 0.409951 0.409951 0.409951 0.409951 0.409951 0.409951 0.409951 0.409951 0.409951 0.409951 0.409951 0.409951 0.409951 0.409951 0.409951 0.409951 0.409951 0.409951 0.409951 0.409951 0.409951 0.409951 0.409951 0.409951 0.409951 0.409951 0.409951 0.409951 0.409951 0.409951 0.409951 0.409951 0.409951 0.409951 0.409951 0.409951 0.409951 0.409951 0.409951 0.409951 0.409951 0.409951 0.409951 0.409951 0.409951 0.409951 0.409951 0.409951 0.409951 0.409951 0.409951 0.409951 0.409951 0.409951 0.409951 0.409951 0.409951 0.409951 0.409951 0.409951 0.407443 0.409951 0.409951 0.409951 0.409951 0.409951 0.409951 0.409951 0.409951 0.409951 0.405581 0.409951 0.409951 0.409951 0.409951 0.409951 0.409951 0.409951 0.409951 0.409951 0.39 0.409951 0.409951 0.409951 0.409951 0.409951 0.409951 0.409951 0.409951 0.409951 0.409626 0.409951 0.409951 0.409951 0.409951 0.409951 0.409951 0.409951 0.409951 0.409951 0.392182 0.409951 0.409951 0.409951 0.409951 0.409951 0.409951 0.409951 0.409951 0.409951 0.390056 0.409951 0.409951 0.409951 0.409951 0.409951 0.409951 0.409951 0.409951 0.409951 0.407932 0.409951 0.409951 0.409951 0.409951 0.409951 0.409951 0.409951 0.409951 0.409951 0.39 0.409951 0.409951 0.409951 0.409951 0.409951 0.409951 0.409951 0.409951 0.409951 0.40978 0.409951 0.409951 0.409951 0.409951 0.409951 0.409951 0.409951 0.409951 0.409951 0.409289 0.409951 0.409951 0.409951 0.393142 0.409951 0.409951 0.405581 0.409951 0.409951 0.409951 0.409951 0.409951 0.409951 0.39 0.409951 0.409951 0.391004 0.409951 0.409951 0.409951 0.409951 0.409951 0.409951 0.390017 0.409951 0.409951 0.39 0.409951 0.409951 0.409951 0.409951 0.409951 0.409951 0.39 0.409951 0.409951 0.394419 0.409951 0.409951 0.409951 0.409951 0.409951 0.409951 0.409647 0.409951 0.409951 0.39 0.409951 0.409951 0.409951 0.409951 0.409951 0.409951 0.407699 0.409951 0.409951 0.391259 0.409951 0.409951 0.409951 0.409951 0.409951 0.409951 0.406169 0.409951 0.409951 0.399102 0.409951 0.409951 0.409951 0.409951 0.409951 0.409951 0.408426 0.409951 0.409951 0.403969 0.409951 0.409951 0.409951 0.409951 0.409951 0.409951 0.39 0.409951 0.409951 0.407574 0.409951 0.409951 0.409951 0.409951 0.409951 0.409951 0.390047 0.409951 0.409951 0.39 0.409951 0.409951 0.409951 0.409951 0.409951 0.409951 0.409951 0.409951 0.409951 0.409951 0.409951 0.409951 0.409951 0.409951 0.409951 0.409951 0.409951 0.409951 0.409951 0.409951 0.409951 0.409951 0.409951 0.409951 0.409951 0.409951 0.409951 0.409951 0.409951 0.409951 0.409951 0.409951 0.409951 0.409951 0.409951 0.409951 0.409951 0.409951 0.409951 0.409951 0.409951 0.409951 0.409951 0.409951 0.409951 0.409951 0.409951 0.409951 0.409951 0.409951 0.409951 0.409951 0.409951 0.409951 0.409951 0.409951 0.409951 0.409951 0.409951 0.409951 0.409951 0.409951 0.409951 0.409951 0.409951 0.409951 0.409951 0.409951 0.409951 0.409951 0.409951 0.409951 0.409951 0.409951 0.409951 0.409951 0.409951 0.409951 0.409951 0.409951 0.409951 0.409951 0.409951 0.409951 0.409951 0.409951 0.409951 0.409951 0.409951 0.409951 0.409951 0.409951 0.409951 0.409951 0.409951 0.409951 0.409951 0.409951 0.409951 0.409951 0.409951 0.409951 0.409951 0.409951 0.409951 0.409951 0.409951 0.409951 0.409951 0.409951 0.409951 0.409951 0.409863 0.409951 0.409951 0.409951 0.409951 0.409951 0.409951 0.409951 0.409951 0.409951 0.404462 0.409951 0.409951 0.409951 0.409951 0.409951 0.409951 0.409951 0.409951 0.409951 0.390145 0.409951 0.409951 0.409951 0.409951 0.409951 0.409951 0.409951 0.409951 0.409951 0.390101 0.409951 0.409951 0.409951 0.409951 0.409951 0.409951 0.409951 0.409951 0.409951 0.39 0.409951 0.409951 0.409951 0.409951 0.409951 0.409951 0.409951 0.409951 0.409951 0.390085 0.409951 0.409951 0.409951 0.409951 0.409951 0.409951 0.409951 0.409951 0.409951 0.403452 0.409951 0.409951 0.409951 0.409951 0.409951 0.409951 0.409951 0.409951 0.409951 0.408875 0.409951 0.409951 0.409951 0.409951 0.409951 0.409951 0.409951 0.409951 0.409951 0.39001 0.409951 0.409951 0.409951 0.409951 0.409951 0.409951 0.409951 0.409951 0.409951 0.39 0.409951 0.409951 0.409951 0.39 0.409951 0.409951 0.409687 0.409951 0.409951 0.409951 0.409951 0.409951 0.409951 0.390114 0.409951 0.409951 0.409915 0.409951 0.409951 0.409951 0.409951 0.409951 0.409951 0.39 0.409951 0.409951 0.408591 0.409951 0.409951 0.409951 0.409951 0.409951 0.409951 0.39 0.409951 0.409951 0.409837 0.409951 0.409951 0.409951 0.409951 0.409951 0.409951 0.398219 0.409951 0.409951 0.390005 0.409951 0.409951 0.409951 0.409951 0.409951 0.409951 0.404219 0.409951 0.409951 0.39 0.409951 0.409951 0.409951 0.409951 0.409951 0.409951 0.390014 0.409951 0.409951 0.39 0.409951 0.409951 0.409951 0.409951 0.409951 0.409951 0.390184 0.409951 0.409951 0.409687 0.409951 0.409951 0.409951 0.409951 0.409951 0.409951 0.390137 0.409951 0.409951 0.39 0.409951 0.409951 0.409951 0.409951 0.409951 0.409951 0.390002 0.409951 0.409951 0.39 0.409951 0.409951 0.409951 0.409951 0.409951 0.409951 0.409951 0.409951 0.409951 0.409951 0.409951 0.409951 0.409951 0.409951 0.409951 0.409951 0.409951 0.409951 0.409951 0.409951 0.409951 0.409951 0.409951 0.409951 0.409951 0.409951 0.409951 0.409951 0.409951 0.409951 0.409951 0.409951 0.409951 0.409951 0.409951 0.409951 0.409951 0.409951 0.409951 0.409951 0.409951 0.409951 0.409951 0.409951 0.409951 0.409951 0.409951 0.409951 0.409951 0.409951 0.409951 0.409951 0.409951 0.409951 0.409951 0.409951 0.409951 0.409951 0.409951 0.409951 0.409951 0.409951 0.409951 0.409951 0.409951 0.409951 0.409951 0.409951 0.409951 0.409951 0.409951 0.409951 0.409951 0.409951 0.409951 0.409951 0.409951 0.409951 0.409951 0.409951 0.409951 0.409951 0.409951 0.409951 0.409951 0.409951 0.409951 0.409951 0.409951 0.409951 0.409951 0.409951 0.409951 0.409951 0.409951 0.409951 0.409951 0.409951 0.409951 0.409951 0.409951 0.409951 0.409951 0.409951 0.409951 0.409951 0.409951 0.409951 0.409951 0.409951 0.409951 0.409951 0.408243 0.409951 0.409951 0.409951 0.409951 0.409951 0.409951 0.409951 0.409951 0.409951 0.392301 0.409951 0.409951 0.409951 0.409951 0.409951 0.409951 0.409951 0.409951 0.409951 0.409879 0.409951 0.409951 0.409951 0.409951 0.409951 0.409951 0.409951 0.409951 0.409951 0.403969 0.409951 0.409951 0.409951 0.409951 0.409951 0.409951 0.409951 0.409951 0.409951 0.39 0.409951 0.409951 0.409951 0.409951 0.409951 0.409951 0.409951 0.409951 0.409951 0.39 0.409951 0.409951 0.409951 0.409951 0.409951 0.409951 0.409951 0.409951 0.409951 0.390004 0.409951 0.409951 0.409951 0.409951 0.409951 0.409951 0.409951 0.409951 0.409951 0.39 0.409951 0.409951 0.409951 0.409951 0.409951 0.409951 0.409951 0.409951 0.409951 0.390067 0.409951 0.409951 0.409951 0.409951 0.409951 0.409951 0.409951 0.409951 0.409951 0.409705 0.409951 0.409951 
0.419901 0.419901 0.419901 0.419901 0.419901 0.419901 0.419901 0.403811 0.419901 0.419901 0.419901 0.419901 0.419901 0.419901 0.419901 0.419901 0.419901 0.38 0.419901 0.419901 0.419901 0.419901 0.419901 0.419901 0.419901 0.419901 0.419901 0.38 0.419901 0.419901 0.419901 0.419901 0.419901 0.419901 0.419901 0.419901 0.419901 0.41975 0.419901 0.419901 0.419901 0.419901 0.419901 0.419901 0.419901 0.419901 0.419901 0.380078 0.419901 0.419901 0.419901 0.419901 0.419901 0.419901 0.419901 0.419901 0.419901 0.380004 0.419901 0.419901 0.419901 0.419901 0.419901 0.419901 0.419901 0.419901 0.419901 0.380011 0.419901 0.419901 0.419901 0.419901 0.419901 0.419901 0.419901 0.419901 0.419901 0.419632 0.419901 0.419901 0.419901 0.419901 0.419901 0.419901 0.419901 0.419901 0.419901 0.418204 0.419901 0.419901 0.419901 0.419901 0.419901 0.419901 0.419901 0.419901 0.419901 0.380012 0.419901 0.419901 0.419901 0.409432 0.419901 0.419901 0.38 0.419901 0.419901 0.419901 0.419901 0.419901 0.419901 0.392317 0.419901 0.419901 0.391812 0.419901 0.419901 0.419901 0.419901 0.419901 0.419901 0.380076 0.419901 0.419901 0.380001 0.419901 0.419901 0.419901 0.419901 0.419901 0.419901 0.418655 0.419901 0.419901 0.38 0.419901 0.419901 0.419901 0.419901 0.419901 0.419901 0.418041 0.419901 0.419901 0.383306 0.419901 0.419901 0.419901 0.419901 0.419901 0.419901 0.41815 0.419901 0.419901 0.380017 0.419901 0.419901 0.419901 0.419901 0.419901 0.419901 0.380175 0.419901 0.419901 0.380043 0.419901 0.419901 0.419901 0.419901 0.419901 0.419901 0.382509 0.419901 0.419901 0.38 0.419901 0.419901 0.419901 0.419901 0.419901 0.419901 0.419701 0.419901 0.419901 0.417703 0.419901 0.419901 0.419901 0.419901 0.419901 0.419901 0.38 0.419901 0.419901 0.38 0.419901 0.419901 0.419901 0.419901 0.419901 0.419901 0.419901 0.419901 0.419901 0.419901 0.419901 0.419901 0.419901 0.419901 0.419901 0.419901 0.419901 0.419901 0.419901 0.419901 0.419901 0.419901 0.419901 0.419901 0.419901 0.419901 0.419901 0.419901 0.419901 0.419901 0.419901 0.419901 0.419901 0.419901 0.419901 0.419901 0.419901 0.419901 0.419901 0.419901 0.419901 0.419901 0.419901 0.419901 0.419901 0.419901 0.419901 0.419901 0.419901 0.419901 0.419901 0.419901 0.419901 0.419901 0.419901 0.419901 0.419901 0.419901 0.419901 0.419901 0.419901 0.419901 0.419901 0.419901 0.419901 0.419901 0.419901 0.419901 0.419901 0.419901 0.419901 0.419901 0.419901 0.419901 0.419901 0.419901 0.419901 0.419901 0.419901 0.419901 0.419901 0.419901 0.419901 0.419901 0.419901 0.419901 0.419901 0.419901 0.419901 0.419901 0.419901 0.419901 0.419901 0.419901 0.419901 0.419901 0.419901 0.419901 0.419901 0.419901 0.419901 0.419901 0.419901 0.419901 0.419901 0.419901 0.419901 0.419901 0.419901 0.419901 0.419901 0.419901 0.38 0.419901 0.419901 0.419901 0.419901 0.419901 0.419901 0.419901 0.419901 0.419901 0.414899 0.419901 0.419901 0.419901 0.419901 0.419901 0.419901 0.419901 0.419901 0.419901 0.38 0.419901 0.419901 0.419901 0.419901 0.419901 0.419901 0.419901 0.419901 0.419901 0.38 0.419901 0.419901 0.419901 0.419901 0.419901 0.419901 0.419901 0.419901 0.419901 0.417805 0.419901 0.419901 0.419901 0.419901 0.419901 0.419901 0.419901 0.419901 0.419901 0.386206 0.419901 0.419901 0.419901 0.419901 0.419901 0.419901 0.419901 0.419901 0.419901 0.38 0.419901 0.419901 0.419901 0.419901 0.419901 0.419901 0.419901 0.419901 0.419901 0.386206 0.419901 0.419901 0.419901 0.419901 0.419901 0.419901 0.419901 0.419901 0.419901 0.419866 0.419901 0.419901 0.419901 0.419901 0.419901 0.419901 0.419901 0.419901 0.419901 0.419632 0.419901 0.419901 0.419901 0.396515 0.419901 0.419901 0.39673 0.419901 0.419901 0.419901 0.419901 0.419901 0.419901 0.38 0.419901 0.419901 0.380017 0.419901 0.419901 0.419901 0.419901 0.419901 0.419901 0.383306 0.419901 0.419901 0.41127 0.419901 0.419901 0.419901 0.419901 0.419901 0.419901 0.380265 0.419901 0.419901 0.404706 0.419901 0.419901 0.419901 0.419901 0.419901 0.419901 0.38 0.419901 0.419901 0.406565 0.419901 0.419901 0.419901 0.419901 0.419901 0.419901 0.419022 0.419901 0.419901 0.41755 0.419901 0.419901 0.419901 0.419901 0.419901 0.419901 0.38 0.419901 0.419901 0.380034 0.419901 0.419901 0.419901 0.419901 0.419901 0.419901 0.38 0.419901 0.419901 0.38 0.419901 0.419901 0.419901 0.419901 0.419901 0.419901 0.412037 0.419901 0.419901 0.407054 0.419901 0.419901 0.419901 0.419901 0.419901 0.419901 0.38 0.419901 0.419901 0.380008 0.419901 0.419901 0.419901 0.419901 0.419901 0.419901 0.419901 0.419901 0.419901 0.419901 0.419901 0.419901 0.419901 0.419901 0.419901 0.419901 0.419901 0.419901 0.419901 0.419901 0.419901 0.419901 0.419901 0.419901 0.419901 0.419901 0.419901 0.419901 0.419901 0.419901 0.419901 0.419901 0.419901 0.419901 0.419901 0.419901 0.419901 0.419901 0.419901 0.419901 0.419901 0.419901 0.419901 0.419901 0.419901 0.419901 0.419901 0.419901 0.419901 0.419901 0.419901 0.419901 0.419901 0.419901 0.419901 0.419901 0.419901 0.419901 0.419901 0.419901 0.419901 0.419901 0.419901 0.419901 0.419901 0.419901 0.419901 0.419901 0.419901 0.419901 0.419901 0.419901 0.419901 0.419901 0.419901 0.419901 0.419901 0.419901 0.419901 0.419901 0.419901 0.419901 0.419901 0.419901 0.419901 0.419901 0.419901 0.419901 0.419901 0.419901 0.419901 0.419901 0.419901 0.419901 0.419901 0.419901 0.419901 0.419901 0.419901 0.419901 0.419901 0.419901 0.419901 0.419901 0.419901 0.419901 0.419901 0.419901 0.419901 0.419901 0.419901 0.419901 0.380007 0.419901 0.419901 0.419901 0.419901 0.419901 0.419901 0.419901 0.419901 0.419901 0.38 0.419901 0.419901 0.419901 0.419901 0.419901 0.419901 0.419901 0.419901 0.419901 0.38 0.419901 0.419901 0.419901 0.419901 0.419901 0.419901 0.419901 0.419901 0.419901 0.380022 0.419901 0.419901 0.419901 0.419901 0.419901 0.419901 0.419901 0.419901 0.419901 0.410937 0.419901 0.419901 0.419901 0.419901 0.419901 0.419901 0.419901 0.419901 0.419901 0.419779 0.419901 0.419901 0.419901 0.419901 0.419901 0.419901 0.419901 0.419901 0.419901 0.380258 0.419901 0.419901 0.419901 0.419901 0.419901 0.419901 0.419901 0.419901 0.419901 0.408217 0.419901 0.419901 0.419901 0.419901 0.419901 0.419901 0.419901 0.419901 0.419901 0.38 0.419901 0.419901 0.419901 0.419901 0.419901 0.419901 0.419901 0.419901 0.419901 0.380104 0.419901 0.419901 0.419901 0.38 0.419901 0.419901 0.380695 0.419901 0.419901 0.419901 0.419901 0.419901 0.419901 0.382983 0.419901 0.419901 0.380009 0.419901 0.419901 0.419901 0.419901 0.419901 0.419901 0.41718 0.419901 0.419901 0.411763 0.419901 0.419901 0.419901 0.419901 0.419901 0.419901 0.411233 0.419901 0.419901 0.419389 0.419901 0.419901 0.419901 0.419901 0.419901 0.419901 0.400899 0.419901 0.419901 0.38 0.419901 0.419901 0.419901 0.419901 0.419901 0.419901 0.38 0.419901 0.419901 0.381275 0.419901 0.419901 0.419901 0.419901 0.419901 0.419901 0.380102 0.419901 0.419901 0.38 0.419901 0.419901 0.419901 0.419901 0.419901 0.419901 0.419702 0.419901 0.419901 0.380052 0.419901 0.419901 0.419901 0.419901 0.419901 0.419901 0.38 0.419901 0.419901 0.38 0.419901 0.419901 0.419901 0.419901 0.419901 0.419901 0.38 0.419901 0.419901 0.407843 0.419901 0.419901 0.419901 0.419901 0.419901 0.419901 0.419901 0.419901 0.419901 0.419901 0.419901 0.419901 0.419901 0.419901 0.419901 0.419901 0.419901 0.419901 0.419901 0.419901 0.419901 0.419901 0.419901 0.419901 0.419901 0.419901 0.419901 0.419901 0.419901 0.419901 0.419901 0.419901 0.419901 0.419901 0.419901 0.419901 0.419901 0.419901 0.419901 0.419901 0.419901 0.419901 0.419901 0.419901 0.419901 0.419901 0.419901 0.419901 0.419901 0.419901 0.419901 0.419901 0.419901 0.419901 0.419901 0.419901 0.419901 0.419901 0.419901 0.419901 0.419901 0.419901 0.419901 0.419901 0.419901 0.419901 0.419901 0.419901 0.419901 0.419901 0.419901 0.419901 0.419901 0.419901 0.419901 0.419901 0.419901 0.419901 0.419901 0.419901 0.419901 0.419901 0.419901 0.419901 0.419901 0.419901 0.419901 0.419901 0.419901 0.419901 0.419901 0.419901 0.419901 0.419901 0.419901 0.419901 0.419901 0.419901 0.419901 0.419901 0.419901 0.419901 0.419901 0.419901 0.419901 0.419901 0.419901 0.419901 0.419901 0.419901 0.419901 0.419901 0.415843 0.419901 0.419901 0.419901 0.419901 0.419901 0.419901 0.419901 0.419901 0.419901 0.415238 0.419901 0.419901 0.419901 0.419901 0.419901 0.419901 0.419901 0.419901 0.419901 0.38 0.419901 0.419901 0.419901 0.419901 0.419901 0.419901 0.419901 0.419901 0.419901 0.380972 0.419901 0.419901 0.419901 0.419901 0.419901 0.419901 0.419901 0.419901 0.419901 0.41248 0.419901 0.419901 0.419901 0.419901 0.419901 0.419901 0.419901 0.419901 0.419901 0.417562 0.419901 0.419901 0.419901 0.419901 0.419901 0.419901 0.419901 0.419901 0.419901 0.399125 0.419901 0.419901 0.419901 0.419901 0.419901 0.419901 0.419901 0.419901 0.419901 0.417587 0.419901 0.419901 0.419901 0.419901 0.419901 0.419901 0.419901 0.419901 0.419901 0.38 0.419901 0.419901 0.419901 0.419901 0.419901 0.419901 0.419901 0.419901 0.419901 0.418865 0.419901 0.419901 0.419901 0.419901 0.419901 0.419901 0.419901 0.419901 0.419901 0.382472 0.419901 0.419901 0.419901 0.419901 0.419901 0.419901 0.419901 0.419901 0.419901 0.38 0.419901 0.419901 0.419901 0.419901 0.419901 0.419901 0.419901 0.419901 0.419901 0.38 0.419901 0.419901 0.419901 0.419901 0.419901 0.419901 0.419901 0.419901 0.419901 0.38 0.419901 0.419901 0.419901 0.419901 0.419901 0.419901 0.419901 0.419901 0.419901 0.38 0.419901 0.419901 0.419901 0.419901 0.419901 0.419901 0.419901 0.419901 0.419901 0.411953 0.419901 0.419901 0.419901 0.419901 0.419901 0.419901 0.419901 0.419901 0.419901 0.393426 0.419901 0.419901 0.419901 0.419901 0.419901 0.419901 0.419901 0.419901 0.419901 0.38 0.419901 0.419901 0.419901 0.419901 0.419901 0.419901 0.419901 0.419901 0.419901 0.38 0.419901 0.419901 0.419901 0.419901 0.419901 0.419901 0.419901 0.419901 0.419901 0.380035 0.419901 0.419901 0.419901 0.38 0.419901 0.419901 0.383965 0.419901 0.419901 0.419901 0.419901 0.419901 0.419901 0.381318 0.419901 0.419901 0.380404 0.419901 0.419901 0.419901 0.419901 0.419901 0.419901 0.380001 0.419901 0.419901 0.380002 0.419901 0.419901 0.419901 0.419901 0.419901 0.419901 0.38 0.419901 0.419901 0.38 0.419901 0.419901 0.419901 0.419901 0.419901 0.419901 0.38007 0.419901 0.419901 0.382207 0.419901 0.419901 0.419901 0.419901 0.419901 0.419901 0.38 0.419901 0.419901 0.38 0.419901 0.419901 0.419901 0.419901 0.419901 0.419901 0.38 0.419901 0.419901 0.38 0.419901 0.419901 0.419901 0.419901 0.419901 0.419901 0.38 0.419901 0.419901 0.38 0.419901 0.419901 0.419901 0.419901 0.419901 0.419901 0.419471 0.419901 0.419901 0.38017 0.419901 0.419901 0.419901 0.419901 0.419901 0.419901 0.380007 0.419901 0.419901 0.380059 0.419901 0.419901 0.419901 0.419901 0.419901 0.419901 0.419901 0.419901 0.419901 0.419901 0.419901 0.419901 0.419901 0.419901 0.419901 0.419901 0.419901 0.419901 0.419901 0.419901 0.419901 0.419901 0.419901 0.419901 0.419901 0.419901 0.419901 0.419901 0.419901 0.419901 0.419901 0.419901 0.419901 0.419901 0.419901 0.419901 0.419901 0.419901 0.419901 0.419901 0.419901 0.419901 0.419901 0.419901 0.419901 0.419901 0.419901 0.419901 0.419901 0.419901 0.419901 0.419901 0.419901 0.419901 0.419901 0.419901 0.419901 0.419901 0.419901 0.419901 0.419901 0.419901 0.419901 0.419901 0.419901 0.419901 0.419901 0.419901 0.419901 0.419901 0.419901 0.419901 0.419901 0.419901 0.419901 0.419901 0.419901 0.419901 0.419901 0.419901 0.419901 0.419901 0.419901 0.419901 0.419901 0.419901 0.419901 0.419901 0.419901 0.419901 0.419901 0.419901 0.419901 0.419901 0.419901 0.419901 0.419901 0.419901 0.419901 0.419901 0.419901 0.419901 0.419901 0.419901 0.419901 0.419901 0.419901 0.419901 0.419901 0.419901 0.419901 0.419901 0.38 0.419901 0.419901 0.419901 0.419901 0.419901 0.419901 0.419901 0.419901 0.419901 0.414139 0.419901 0.419901 0.419901 0.419901 0.419901 0.419901 0.419901 0.419901 0.419901 0.38 0.419901 0.419901 0.419901 0.419901 0.419901 0.419901 0.419901 0.419901 0.419901 0.417242 0.419901 0.419901 0.419901 0.419901 0.419901 0.419901 0.419901 0.419901 0.419901 0.380002 0.419901 0.419901 0.419901 0.419901 0.419901 0.419901 0.419901 0.419901 0.419901 0.38 0.419901 0.419901 0.419901 0.419901 0.419901 0.419901 0.419901 0.419901 0.419901 0.392238 0.419901 0.419901 0.419901 0.419901 0.419901 0.419901 0.419901 0.419901 0.419901 0.417274 0.419901 0.419901 0.419901 0.419901 0.419901 0.419901 0.419901 0.419901 0.419901 0.384421 0.419901 0.419901 0.419901 0.419901 0.419901 0.419901 0.419901 0.419901 0.419901 0.380383 0.419901 0.419901 0.419901 0.38 0.419901 0.419901 0.417081 0.419901 0.419901 0.419901 0.419901 0.419901 0.419901 0.381931 0.419901 0.419901 0.419792 0.419901 0.419901 0.419901 0.419901 0.419901 0.419901 0.380031 0.419901 0.419901 0.38 0.419901 0.419901 0.419901 0.419901 0.419901 0.419901 0.38 0.419901 0.419901 0.38 0.419901 0.419901 0.419901 0.419901 0.419901 0.419901 0.38 0.419901 0.419901 0.380001 0.419901 0.419901 0.419901 0.419901 0.419901 0.419901 0.38 0.419901 0.419901 0.38 0.419901 0.419901 0.419901 0.419901 0.419901 0.419901 0.38 0.419901 0.419901 0.40955 0.419901 0.419901 0.419901 0.419901 0.419901 0.419901 0.38 0.419901 0.419901 0.40536 0.419901 0.419901 0.419901 0.419901 0.419901 0.419901 0.419028 0.419901 0.419901 0.38 0.419901 0.419901 0.419901 0.419901 0.419901 0.419901 0.419293 0.419901 0.419901 0.38 0.419901 0.419901 0.419901 0.419901 0.419901 0.419901 0.419901 0.419901 0.419901 0.419901 0.419901 0.419901 0.419901 0.419901 0.419901 0.419901 0.419901 0.419901 0.419901 0.419901 0.419901 0.419901 0.419901 0.419901 0.419901 0.419901 0.419901 0.419901 0.419901 0.419901 0.419901 0.419901 0.419901 0.419901 0.419901 0.419901 0.419901 0.419901 0.419901 0.419901 0.419901 0.419901 0.419901 0.419901 0.419901 0.419901 0.419901 0.419901 0.419901 0.419901 0.419901 0.419901 0.419901 0.419901 0.419901 0.419901 0.419901 0.419901 0.419901 0.419901 0.419901 0.419901 0.419901 0.419901 0.419901 0.419901 0.419901 0.419901 0.419901 0.419901 0.419901 0.419901 0.419901 0.419901 0.419901 0.419901 0.419901 0.419901 0.419901 0.419901 0.419901 0.419901 0.419901 0.419901 0.419901 0.419901 0.419901 0.419901 0.419901 0.419901 0.419901 0.419901 0.419901 0.419901 0.419901 0.419901 0.419901 0.419901 0.419901 0.419901 0.419901 0.419901 0.419901 0.419901 0.419901 0.419901 0.419901 0.419901 0.419901 0.419901 0.419901 0.419901 0.38 0.419901 0.419901 0.419901 0.419901 0.419901 0.419901 0.419901 0.419901 0.419901 0.419761 0.419901 0.419901 0.419901 0.419901 0.419901 0.419901 0.419901 0.419901 0.419901 0.380001 0.419901 0.419901 0.419901 0.419901 0.419901 0.419901 0.419901 0.419901 0.419901 0.38 0.419901 0.419901 0.419901 0.419901 0.419901 0.419901 0.419901 0.419901 0.419901 0.416632 0.419901 0.419901 0.419901 0.419901 0.419901 0.419901 0.419901 0.419901 0.419901 0.38 0.419901 0.419901 0.419901 0.419901 0.419901 0.419901 0.419901 0.419901 0.419901 0.38 0.419901 0.419901 0.419901 0.419901 0.419901 0.419901 0.419901 0.419901 0.419901 0.413798 0.419901 0.419901 0.419901 0.419901 0.419901 0.419901 0.419901 0.419901 0.419901 0.38 0.419901 0.419901 0.419901 0.419901 0.419901 0.419901 0.419901 0.419901 0.419901 0.380015 0.419901 0.419901 0.419901 0.38 0.419901 0.419901 0.380105 0.419901 0.419901 0.419901 0.419901 0.419901 0.419901 0.380007 0.419901 0.419901 0.380001 0.419901 0.419901 0.419901 0.419901 0.419901 0.419901 0.38 0.419901 0.419901 0.38 0.419901 0.419901 0.419901 0.419901 0.419901 0.419901 0.40471 0.419901 0.419901 0.38 0.419901 0.419901 0.419901 0.419901 0.419901 0.419901 0.4194 0.419901 0.419901 0.383219 0.419901 0.419901 0.419901 0.419901 0.419901 0.419901 0.380521 0.419901 0.419901 0.38 0.419901 0.419901 0.419901 0.419901 0.419901 0.419901 0.419771 0.419901 0.419901 0.416945 0.419901 0.419901 0.419901 0.419901 0.419901 0.419901 0.38 0.419901 0.419901 0.413399 0.419901 0.419901 0.419901 0.419901 0.419901 0.419901 0.413881 0.419901 0.419901 0.405413 0.419901 0.419901 0.419901 0.419901 0.419901 0.419901 0.38 0.419901 0.419901 0.419312 0.419901 0.419901 0.419901 0.419901 0.419901 0.419901 0.419901 0.419901 0.419901 0.419901 0.419901 0.419901 0.419901 0.419901 0.419901 0.419901 0.419901 0.419901 0.419901 0.419901 0.419901 0.419901 0.419901 0.419901 0.419901 0.419901 0.419901 0.419901 0.419901 0.419901 0.419901 0.419901 0.419901 0.419901 0.419901 0.419901 0.419901 0.419901 0.419901 0.419901 0.419901 0.419901 0.419901 0.419901 0.419901 0.419901 0.419901 0.419901 0.419901 0.419901 0.419901 0.419901 0.419901 0.419901 0.419901 0.419901 0.419901 0.419901 0.419901 0.419901 0.419901 0.419901 0.419901 0.419901 0.419901 0.419901 0.419901 0.419901 0.419901 0.419901 0.419901 0.419901 0.419901 0.419901 0.419901 0.419901 0.419901 0.419901 0.419901 0.419901 0.419901 0.419901 0.419901 0.419901 0.419901 0.419901 0.419901 0.419901 0.419901 0.419901 0.419901 0.419901 0.419901 0.419901 0.419901 0.419901 0.419901 0.419901 0.419901 0.419901 0.419901 0.419901 0.419901 0.419901 0.419901 0.419901 0.419901 0.419901 0.419901 0.419901 0.419901 0.419901 0.418683 0.419901 0.419901 0.419901 0.419901 0.419901 0.419901 0.419901 0.419901 0.419901 0.417388 0.419901 0.419901 0.419901 0.419901 0.419901 0.419901 0.419901 0.419901 0.419901 0.38038 0.419901 0.419901 0.419901 0.419901 0.419901 0.419901 0.419901 0.419901 0.419901 0.38 0.419901 0.419901 0.419901 0.419901 0.419901 0.419901 0.419901 0.419901 0.419901 0.380024 0.419901 0.419901 0.419901 0.419901 0.419901 0.419901 0.419901 0.419901 0.419901 0.38 0.419901 0.419901 0.419901 0.419901 0.419901 0.419901 0.419901 0.419901 0.419901 0.416972 0.419901 0.419901 0.419901 0.419901 0.419901 0.419901 0.419901 0.419901 0.419901 0.416494 0.419901 0.419901 0.419901 0.419901 0.419901 0.419901 0.419901 0.419901 0.419901 0.38 0.419901 0.419901 0.419901 0.419901 0.419901 0.419901 0.419901 0.419901 0.419901 0.380066 0.419901 0.419901 0.419901 0.419901 0.419901 0.419901 0.419901 0.419901 0.419901 0.38 0.419901 0.419901 0.419901 0.419901 0.419901 0.419901 0.419901 0.419901 0.419901 0.412886 0.419901 0.419901 0.419901 0.419901 0.419901 0.419901 0.419901 0.419901 0.419901 0.416034 0.419901 0.419901 0.419901 0.419901 0.419901 0.419901 0.419901 0.419901 0.419901 0.38 0.419901 0.419901 0.419901 0.419901 0.419901 0.419901 0.419901 0.419901 0.419901 0.383492 0.419901 0.419901 0.419901 0.419901 0.419901 0.419901 0.419901 0.419901 0.419901 0.419698 0.419901 0.419901 0.419901 0.419901 0.419901 0.419901 0.419901 0.419901 0.419901 0.38 0.419901 0.419901 0.419901 0.419901 0.419901 0.419901 0.419901 0.419901 0.419901 0.380002 0.419901 0.419901 0.419901 0.419901 0.419901 0.419901 0.419901 0.419901 0.419901 0.38 0.419901 0.419901 0.419901 0.419901 0.419901 0.419901 0.419901 0.419901 0.419901 0.38005 0.419901 0.419901 0.419901 0.380609 0.419901 0.419901 0.417996 0.419901 0.419901 0.419901 0.419901 0.419901 0.419901 0.419784 0.419901 0.419901 0.38 0.419901 0.419901 0.419901 0.419901 0.419901 0.419901 0.380318 0.419901 0.419901 0.394451 0.419901 0.419901 0.419901 0.419901 0.419901 0.419901 0.380576 0.419901 0.419901 0.38 0.419901 0.419901 0.419901 0.419901 0.419901 0.419901 0.41135 0.419901 0.419901 0.380007 0.419901 0.419901 0.419901 0.419901 0.419901 0.419901 0.38 0.419901 0.419901 0.38 0.419901 0.419901 0.419901 0.419901 0.419901 0.419901 0.380001 0.419901 0.419901 0.381628 0.419901 0.419901 0.419901 0.419901 0.419901 0.419901 0.380356 0.419901 0.419901 0.418104 0.419901 0.419901 0.419901 0.419901 0.419901 0.419901 0.38 0.419901 0.419901 0.411788 0.419901 0.419901 0.419901 0.419901 0.419901 0.419901 0.380003 0.419901 0.419901 0.380486 0.419901 0.419901 0.419901 0.419901 0.419901 0.419901 0.419901 0.419901 0.419901 0.419901 0.419901 0.419901 0.419901 0.419901 0.419901 0.419901 0.419901 0.419901 0.419901 0.419901 0.419901 0.419901 0.419901 0.419901 0.419901 0.419901 0.419901 0.419901 0.419901 0.419901 0.419901 0.419901 0.419901 0.419901 0.419901 0.419901 0.419901 0.419901 0.419901 0.419901 0.419901 0.419901 0.419901 0.419901 0.419901 0.419901 0.419901 0.419901 0.419901 0.419901 0.419901 0.419901 0.419901 0.419901 0.419901 0.419901 0.419901 0.419901 0.419901 0.419901 0.419901 0.419901 0.419901 0.419901 0.419901 0.419901 0.419901 0.419901 0.419901 0.419901 0.419901 0.419901 0.419901 0.419901 0.419901 0.419901 0.419901 0.419901 0.419901 0.419901 0.419901 0.419901 0.419901 0.419901 0.419901 0.419901 0.419901 0.419901 0.419901 0.419901 0.419901 0.419901 0.419901 0.419901 0.419901 0.419901 0.419901 0.419901 0.419901 0.419901 0.419901 0.419901 0.419901 0.419901 0.419901 0.419901 0.419901 0.419901 0.419901 0.419901 0.419901 0.419901 0.380011 0.419901 0.419901 0.419901 0.419901 0.419901 0.419901 0.419901 0.419901 0.419901 0.417871 0.419901 0.419901 0.419901 0.419901 0.419901 0.419901 0.419901 0.419901 0.419901 0.386322 0.419901 0.419901 0.419901 0.419901 0.419901 0.419901 0.419901 0.419901 0.419901 0.380033 0.419901 0.419901 0.419901 0.419901 0.419901 0.419901 0.419901 0.419901 0.419901 0.391234 0.419901 0.419901 0.419901 0.419901 0.419901 0.419901 0.419901 0.419901 0.419901 0.419735 0.419901 0.419901 0.419901 0.419901 0.419901 0.419901 0.419901 0.419901 0.419901 0.38 0.419901 0.419901 0.419901 0.419901 0.419901 0.419901 0.419901 0.419901 0.419901 0.41977 0.419901 0.419901 0.419901 0.419901 0.419901 0.419901 0.419901 0.419901 0.419901 0.38 0.419901 0.419901 0.419901 0.419901 0.419901 0.419901 0.419901 0.419901 0.419901 0.38 0.419901 0.419901 0.419901 0.38 0.419901 0.419901 0.419845 0.419901 0.419901 0.419901 0.419901 0.419901 0.419901 0.381484 0.419901 0.419901 0.380086 0.419901 0.419901 0.419901 0.419901 0.419901 0.419901 0.38147 0.419901 0.419901 0.38 0.419901 0.419901 0.419901 0.419901 0.419901 0.419901 0.38 0.419901 0.419901 0.395875 0.419901 0.419901 0.419901 0.419901 0.419901 0.419901 0.414612 0.419901 0.419901 0.419409 0.419901 0.419901 0.419901 0.419901 0.419901 0.419901 0.418604 0.419901 0.419901 0.38 0.419901 0.419901 0.419901 0.419901 0.419901 0.419901 0.38 0.419901 0.419901 0.38 0.419901 0.419901 0.419901 0.419901 0.419901 0.419901 0.38 0.419901 0.419901 0.381941 0.419901 0.419901 0.419901 0.419901 0.419901 0.419901 0.38 0.419901 0.419901 0.38 0.419901 0.419901 0.419901 0.419901 0.419901 0.419901 0.404867 0.419901 0.419901 0.380035 0.419901 0.419901 0.419901 0.419901 0.419901 0.419901 0.419901 0.419901 0.419901 0.419901 0.419901 0.419901 0.419901 0.419901 0.419901 0.419901 0.419901 0.419901 0.419901 0.419901 0.419901 0.419901 0.419901 0.419901 0.419901 0.419901 0.419901 0.419901 0.419901 0.419901 0.419901 0.419901 0.419901 0.419901 0.419901 0.419901 0.419901 0.419901 0.419901 0.419901 0.419901 0.419901 0.419901 0.419901 0.419901 0.419901 0.419901 0.419901 0.419901 0.419901 0.419901 0.419901 0.419901 0.419901 0.419901 0.419901 0.419901 0.419901 0.419901 0.419901 0.419901 0.419901 0.419901 0.419901 0.419901 0.419901 0.419901 0.419901 0.419901 0.419901 0.419901 0.419901 0.419901 0.419901 0.419901 0.419901 0.419901 0.419901 0.419901 0.419901 0.419901 0.419901 0.419901 0.419901 0.419901 0.419901 0.419901 0.419901 0.419901 0.419901 0.419901 0.419901 0.419901 0.419901 0.419901 0.419901 0.419901 0.419901 0.419901 0.419901 0.419901 0.419901 0.419901 0.419901 0.419901 0.419901 0.419901 0.419901 0.419901 0.419901 0.419901 0.419901 0.38 0.419901 0.419901 0.419901 0.419901 0.419901 0.419901 0.419901 0.419901 0.419901 0.41739 0.419901 0.419901 0.419901 0.419901 0.419901 0.419901 0.419901 0.419901 0.419901 0.419664 0.419901 0.419901 0.419901 0.419901 0.419901 0.419901 0.419901 0.419901 0.419901 0.380064 0.419901 0.419901 0.419901 0.419901 0.419901 0.419901 0.419901 0.419901 0.419901 0.38 0.419901 0.419901 0.419901 0.419901 0.419901 0.419901 0.419901 0.419901 0.419901 0.38 0.419901 0.419901 0.419901 0.419901 0.419901 0.419901 0.419901 0.419901 0.419901 0.419632 0.419901 0.419901 0.419901 0.419901 0.419901 0.419901 0.419901 0.419901 0.419901 0.38 0.419901 0.419901 0.419901 0.419901 0.419901 0.419901 0.419901 0.419901 0.419901 0.38 0.419901 0.419901 0.419901 0.419901 0.419901 0.419901 0.419901 0.419901 0.419901 0.38 0.419901 0.419901 0.419901 0.411476 0.419901 0.419901 0.419771 0.419901 0.419901 0.419901 0.419901 0.419901 0.419901 0.419266 0.419901 0.419901 0.419839 0.419901 0.419901 0.419901 0.419901 0.419901 0.419901 0.38004 0.419901 0.419901 0.38 0.419901 0.419901 0.419901 0.419901 0.419901 0.419901 0.419856 0.419901 0.419901 0.393 0.419901 0.419901 0.419901 0.419901 0.419901 0.419901 0.380002 0.419901 0.419901 0.419308 0.419901 0.419901 0.419901 0.419901 0.419901 0.419901 0.38 0.419901 0.419901 0.38 0.419901 0.419901 0.419901 0.419901 0.419901 0.419901 0.419266 0.419901 0.419901 0.419258 0.419901 0.419901 0.419901 0.419901 0.419901 0.419901 0.380039 0.419901 0.419901 0.38 0.419901 0.419901 0.419901 0.419901 0.419901 0.419901 0.381499 0.419901 0.419901 0.38 0.419901 0.419901 0.419901 0.419901 0.419901 0.419901 0.380068 0.419901 0.419901 0.38 0.419901 0.419901 0.419901 0.419901 0.419901 0.419901 0.419901 0.419901 0.419901 0.419901 0.419901 0.419901 0.419901 0.419901 0.419901 0.419901 0.419901 0.419901 0.419901 0.419901 0.419901 0.419901 0.419901 0.419901 0.419901 0.419901 0.419901 0.419901 0.419901 0.419901 0.419901 0.419901 0.419901 0.419901 0.419901 0.419901 0.419901 0.419901 0.419901 0.419901 0.419901 0.419901 0.419901 0.419901 0.419901 0.419901 0.419901 0.419901 0.419901 0.419901 0.419901 0.419901 0.419901 0.419901 0.419901 0.419901 0.419901 0.419901 0.419901 0.419901 0.419901 0.419901 0.419901 0.419901 0.419901 0.419901 0.419901 0.419901 0.419901 0.419901 0.419901 0.419901 0.419901 0.419901 0.419901 0.419901 0.419901 0.419901 0.419901 0.419901 0.419901 0.419901 0.419901 0.419901 0.419901 0.419901 0.419901 0.419901 0.419901 0.419901 0.419901 0.419901 0.419901 0.419901 0.419901 0.419901 0.419901 0.419901 0.419901 0.419901 0.419901 0.419901 0.419901 0.419901 0.419901 0.419901 0.419901 0.419901 0.419901 0.419901 0.419901 0.419901 0.408867 0.419901 0.419901 0.419901 0.419901 0.419901 0.419901 0.419901 0.419901 0.419901 0.414676 0.419901 0.419901 0.419901 0.419901 0.419901 0.419901 0.419901 0.419901 0.419901 0.38 0.419901 0.419901 0.419901 0.419901 0.419901 0.419901 0.419901 0.419901 0.419901 0.380138 0.419901 0.419901 0.419901 0.419901 0.419901 0.419901 0.419901 0.419901 0.419901 0.380001 0.419901 0.419901 0.419901 0.419901 0.419901 0.419901 0.419901 0.419901 0.419901 0.380008 0.419901 0.419901 0.419901 0.419901 0.419901 0.419901 0.419901 0.419901 0.419901 0.412005 0.419901 0.419901 0.419901 0.419901 0.419901 0.419901 0.419901 0.419901 0.419901 0.38 0.419901 0.419901 0.419901 0.419901 0.419901 0.419901 0.419901 0.419901 0.419901 0.38 0.419901 0.419901 0.419901 0.419901 0.419901 0.419901 0.419901 0.419901 0.419901 0.383634 0.419901 0.419901 0.419901 0.419901 0.419901 0.419901 0.419901 0.419901 0.419901 0.38 0.419901 0.419901 0.419901 0.419901 0.419901 0.419901 0.419901 0.419901 0.419901 0.380749 0.419901 0.419901 0.419901 0.419901 0.419901 0.419901 0.419901 0.419901 0.419901 0.38 0.419901 0.419901 0.419901 0.419901 0.419901 0.419901 0.419901 0.419901 0.419901 0.38 0.419901 0.419901 0.419901 0.419901 0.419901 0.419901 0.419901 0.419901 0.419901 0.380001 0.419901 0.419901 0.419901 0.419901 0.419901 0.419901 0.419901 0.419901 0.419901 0.412947 0.419901 0.419901 0.419901 0.419901 0.419901 0.419901 0.419901 0.419901 0.419901 0.38 0.419901 0.419901 0.419901 0.419901 0.419901 0.419901 0.419901 0.419901 0.419901 0.38 0.419901 0.419901 0.419901 0.419901 0.419901 0.419901 0.419901 0.419901 0.419901 0.380001 0.419901 0.419901 0.419901 0.419901 0.419901 0.419901 0.419901 0.419901 0.419901 0.392946 0.419901 0.419901 0.419901 0.391618 0.419901 0.419901 0.380157 0.419901 0.419901 0.419901 0.419901 0.419901 0.419901 0.380008 0.419901 0.419901 0.394767 0.419901 0.419901 0.419901 0.419901 0.419901 0.419901 0.380001 0.419901 0.419901 0.419756 0.419901 0.419901 0.419901 0.419901 0.419901 0.419901 0.418471 0.419901 0.419901 0.4103 0.419901 0.419901 0.419901 0.419901 0.419901 0.419901 0.38 0.419901 0.419901 0.419428 0.419901 0.419901 0.419901 0.419901 0.419901 0.419901 0.419569 0.419901 0.419901 0.419426 0.419901 0.419901 0.419901 0.419901 0.419901 0.419901 0.380309 0.419901 0.419901 0.387113 0.419901 0.419901 0.419901 0.419901 0.419901 0.419901 0.38 0.419901 0.419901 0.380013 0.419901 0.419901 0.419901 0.419901 0.419901 0.419901 0.418691 0.419901 0.419901 0.412886 0.419901 0.419901 0.419901 0.419901 0.419901 0.419901 0.418563 0.419901 0.419901 0.393049 0.419901 0.419901 0.419901 0.419901 0.419901 0.419901 0.419901 0.419901 0.419901 0.419901 0.419901 0.419901 0.419901 0.419901 0.419901 0.419901 0.419901 0.419901 0.419901 0.419901 0.419901 0.419901 0.419901 0.419901 0.419901 0.419901 0.419901 0.419901 0.419901 0.419901 0.419901 0.419901 0.419901 0.419901 0.419901 0.419901 0.419901 0.419901 0.419901 0.419901 0.419901 0.419901 0.419901 0.419901 0.419901 0.419901 0.419901 0.419901 0.419901 0.419901 0.419901 0.419901 0.419901 0.419901 0.419901 0.419901 0.419901 0.419901 0.419901 0.419901 0.419901 0.419901 0.419901 0.419901 0.419901 0.419901 0.419901 0.419901 0.419901 0.419901 0.419901 0.419901 0.419901 0.419901 0.419901 0.419901 0.419901 0.419901 0.419901 0.419901 0.419901 0.419901 0.419901 0.419901 0.419901 0.419901 0.419901 0.419901 0.419901 0.419901 0.419901 0.419901 0.419901 0.419901 0.419901 0.419901 0.419901 0.419901 0.419901 0.419901 0.419901 0.419901 0.419901 0.419901 0.419901 0.419901 0.419901 0.419901 0.419901 0.419901 0.419901 0.419901 0.385483 0.419901 0.419901 0.419901 0.419901 0.419901 0.419901 0.419901 0.419901 0.419901 0.383131 0.419901 0.419901 0.419901 0.419901 0.419901 0.419901 0.419901 0.419901 0.419901 0.38 0.419901 0.419901 0.419901 0.419901 0.419901 0.419901 0.419901 0.419901 0.419901 0.38 0.419901 0.419901 0.419901 0.419901 0.419901 0.419901 0.419901 0.419901 0.419901 0.380002 0.419901 0.419901 0.419901 0.419901 0.419901 0.419901 0.419901 0.419901 0.419901 0.38 0.419901 0.419901 0.419901 0.419901 0.419901 0.419901 0.419901 0.419901 0.419901 0.41924 0.419901 0.419901 0.419901 0.419901 0.419901 0.419901 0.419901 0.419901 0.419901 0.390776 0.419901 0.419901 0.419901 0.419901 0.419901 0.419901 0.419901 0.419901 0.419901 0.38 0.419901 0.419901 0.419901 0.419901 0.419901 0.419901 0.419901 0.419901 0.419901 0.419787 0.419901 0.419901 0.419901 0.39158 0.419901 0.419901 0.380042 0.419901 0.419901 0.419901 0.419901 0.419901 0.419901 0.415347 0.419901 0.419901 0.418492 0.419901 0.419901 0.419901 0.419901 0.419901 0.419901 0.380002 0.419901 0.419901 0.38005 0.419901 0.419901 0.419901 0.419901 0.419901 0.419901 0.399134 0.419901 0.419901 0.419015 0.419901 0.419901 0.419901 0.419901 0.419901 0.419901 0.38 0.419901 0.419901 0.38 0.419901 0.419901 0.419901 0.419901 0.419901 0.419901 0.38 0.419901 0.419901 0.38 0.419901 0.419901 0.419901 0.419901 0.419901 0.419901 0.38 0.419901 0.419901 0.38 0.419901 0.419901 0.419901 0.419901 0.419901 0.419901 0.380321 0.419901 0.419901 0.38 0.419901 0.419901 0.419901 0.419901 0.419901 0.419901 0.38 0.419901 0.419901 0.419572 0.419901 0.419901 0.419901 0.419901 0.419901 0.419901 0.38 0.419901 0.419901 0.406904 0.419901 0.419901 0.419901 0.419901 0.419901 0.419901 0.419901 0.419901 0.419901 0.419901 0.419901 0.419901 0.419901 0.419901 0.419901 0.419901 0.419901 0.419901 0.419901 0.419901 0.419901 0.419901 0.419901 0.419901 0.419901 0.419901 0.419901 0.419901 0.419901 0.419901 0.419901 0.419901 0.419901 0.419901 0.419901 0.419901 0.419901 0.419901 0.419901 0.419901 0.419901 0.419901 0.419901 0.419901 0.419901 0.419901 0.419901 0.419901 0.419901 0.419901 0.419901 0.419901 0.419901 0.419901 0.419901 0.419901 0.419901 0.419901 0.419901 0.419901 0.419901 0.419901 0.419901 0.419901 0.419901 0.419901 0.419901 0.419901 0.419901 0.419901 0.419901 0.419901 0.419901 0.419901 0.419901 0.419901 0.419901 0.419901 0.419901 0.419901 0.419901 0.419901 0.419901 0.419901 0.419901 0.419901 0.419901 0.419901 0.419901 0.419901 0.419901 0.419901 0.419901 0.419901 0.419901 0.419901 0.419901 0.419901 0.419901 0.419901 0.419901 0.419901 0.419901 0.419901 0.419901 0.419901 0.419901 0.419901 0.419901 0.419901 0.419901 0.419901 0.38 0.419901 0.419901 0.419901 0.419901 0.419901 0.419901 0.419901 0.419901 0.419901 0.408067 0.419901 0.419901 0.419901 0.419901 0.419901 0.419901 0.419901 0.419901 0.419901 0.418492 0.419901 0.419901 0.419901 0.419901 0.419901 0.419901 0.419901 0.419901 0.419901 0.416922 0.419901 0.419901 0.419901 0.419901 0.419901 0.419901 0.419901 0.419901 0.419901 0.380818 0.419901 0.419901 0.419901 0.419901 0.419901 0.419901 0.419901 0.419901 0.419901 0.41984 0.419901 0.419901 0.419901 0.419901 0.419901 0.419901 0.419901 0.419901 0.419901 0.418393 0.419901 0.419901 0.419901 0.419901 0.419901 0.419901 0.419901 0.419901 0.419901 0.380073 0.419901 0.419901 0.419901 0.419901 0.419901 0.419901 0.419901 0.419901 0.419901 0.419732 0.419901 0.419901 0.419901 0.419901 0.419901 0.419901 0.419901 0.419901 0.419901 0.38 0.419901 0.419901 0.419901 0.38 0.419901 0.419901 0.38 0.419901 0.419901 0.419901 0.419901 0.419901 0.419901 0.380002 0.419901 0.419901 0.38 0.419901 0.419901 0.419901 0.419901 0.419901 0.419901 0.400855 0.419901 0.419901 0.417235 0.419901 0.419901 0.419901 0.419901 0.419901 0.419901 0.418842 0.419901 0.419901 0.419862 0.419901 0.419901 0.419901 0.419901 0.419901 0.419901 0.380001 0.419901 0.419901 0.41949 0.419901 0.419901 0.419901 0.419901 0.419901 0.419901 0.380006 0.419901 0.419901 0.407915 0.419901 0.419901 0.419901 0.419901 0.419901 0.419901 0.38 0.419901 0.419901 0.38 0.419901 0.419901 0.419901 0.419901 0.419901 0.419901 0.38 0.419901 0.419901 0.417081 0.419901 0.419901 0.419901 0.419901 0.419901 0.419901 0.38 0.419901 0.419901 0.38 0.419901 0.419901 0.419901 0.419901 0.419901 0.419901 0.393876 0.419901 0.419901 0.3806 0.419901 0.419901 0.419901 0.419901 0.419901 0.419901 0.419901 0.419901 0.419901 0.419901 0.419901 0.419901 0.419901 0.419901 0.419901 0.419901 0.419901 0.419901 0.419901 0.419901 0.419901 0.419901 0.419901 0.419901 0.419901 0.419901 0.419901 0.419901 0.419901 0.419901 0.419901 0.419901 0.419901 0.419901 0.419901 0.419901 0.419901 0.419901 0.419901 0.419901 0.419901 0.419901 0.419901 0.419901 0.419901 0.419901 0.419901 0.419901 0.419901 0.419901 0.419901 0.419901 0.419901 0.419901 0.419901 0.419901 0.419901 0.419901 0.419901 0.419901 0.419901 0.419901 0.419901 0.419901 0.419901 0.419901 0.419901 0.419901 0.419901 0.419901 0.419901 0.419901 0.419901 0.419901 0.419901 0.419901 0.419901 0.419901 0.419901 0.419901 0.419901 0.419901 0.419901 0.419901 0.419901 0.419901 0.419901 0.419901 0.419901 0.419901 0.419901 0.419901 0.419901 0.419901 0.419901 0.419901 0.419901 0.419901 0.419901 0.419901 0.419901 0.419901 0.419901 0.419901 0.419901 0.419901 0.419901 0.419901 0.419901 0.419901 0.419901 0.419901 0.382541 0.419901 0.419901 0.419901 0.419901 0.419901 0.419901 0.419901 0.419901 0.419901 0.4 0.419901 0.419901 0.419901 0.419901 0.419901 0.419901 0.419901 0.419901 0.419901 0.38 0.419901 0.419901 0.419901 0.419901 0.419901 0.419901 0.419901 0.419901 0.419901 0.413086 0.419901 0.419901 0.419901 0.419901 0.419901 0.419901 0.419901 0.419901 0.419901 0.38 0.419901 0.419901 0.419901 0.419901 0.419901 0.419901 0.419901 0.419901 0.419901 0.38004 0.419901 0.419901 0.419901 0.419901 0.419901 0.419901 0.419901 0.419901 0.419901 0.392931 0.419901 0.419901 0.419901 0.419901 0.419901 0.419901 0.419901 0.419901 0.419901 0.419293 0.419901 0.419901 0.419901 0.419901 0.419901 0.419901 0.419901 0.419901 0.419901 0.392085 0.419901 0.419901 0.419901 0.419901 0.419901 0.419901 0.419901 0.419901 0.419901 0.380031 0.419901 0.419901 0.419901 0.419901 0.419901 0.419901 0.419901 0.419901 0.419901 0.38865 0.419901 0.419901 0.419901 0.419901 0.419901 0.419901 0.419901 0.419901 0.419901 0.419584 0.419901 0.419901 0.419901 0.419901 0.419901 0.419901 0.419901 0.419901 0.419901 0.384625 0.419901 0.419901 0.419901 0.419901 0.419901 0.419901 0.419901 0.419901 0.419901 0.383671 0.419901 0.419901 0.419901 0.419901 0.419901 0.419901 0.419901 0.419901 0.419901 0.382188 0.419901 0.419901 0.419901 0.419901 0.419901 0.419901 0.419901 0.419901 0.419901 0.380002 0.419901 0.419901 0.419901 0.419901 0.419901 0.419901 0.419901 0.419901 0.419901 0.381235 0.419901 0.419901 0.419901 0.419901 0.419901 0.419901 0.419901 0.419901 0.419901 0.38 0.419901 0.419901 0.419901 0.419901 0.419901 0.419901 0.419901 0.419901 0.419901 0.38 0.419901 0.419901 0.419901 0.419901 0.419901 0.419901 0.419901 0.419901 0.419901 0.380047 0.419901 0.419901 0.419901 0.417812 0.419901 0.419901 0.380003 0.419901 0.419901 0.419901 0.419901 0.419901 0.419901 0.38 0.419901 0.419901 0.380138 0.419901 0.419901 0.419901 0.419901 0.419901 0.419901 0.410741 0.419901 0.419901 0.401789 0.419901 0.419901 0.419901 0.419901 0.419901 0.419901 0.38 0.419901 0.419901 0.399728 0.419901 0.419901 0.419901 0.419901 0.419901 0.419901 0.418306 0.419901 0.419901 0.38 0.419901 0.419901 0.419901 0.419901 0.419901 0.419901 0.38 0.419901 0.419901 0.381477 0.419901 0.419901 0.419901 0.419901 0.419901 0.419901 0.411505 0.419901 0.419901 0.412036 0.419901 0.419901 0.419901 0.419901 0.419901 0.419901 0.418622 0.419901 0.419901 0.38 0.419901 0.419901 0.419901 0.419901 0.419901 0.419901 0.417719 0.419901 0.419901 0.380086 0.419901 0.419901 0.419901 0.419901 0.419901 0.419901 0.38 0.419901 0.419901 0.390918 0.419901 0.419901 0.419901 0.419901 0.419901 0.419901 0.419901 0.419901 0.419901 0.419901 0.419901 0.419901 0.419901 0.419901 0.419901 0.419901 0.419901 0.419901 0.419901 0.419901 0.419901 0.419901 0.419901 0.419901 0.419901 0.419901 0.419901 0.419901 0.419901 0.419901 0.419901 0.419901 0.419901 0.419901 0.419901 0.419901 0.419901 0.419901 0.419901 0.419901 0.419901 0.419901 0.419901 0.419901 0.419901 0.419901 0.419901 0.419901 0.419901 0.419901 0.419901 0.419901 0.419901 0.419901 0.419901 0.419901 0.419901 0.419901 0.419901 0.419901 0.419901 0.419901 0.419901 0.419901 0.419901 0.419901 0.419901 0.419901 0.419901 0.419901 0.419901 0.419901 0.419901 0.419901 0.419901 0.419901 0.419901 0.419901 0.419901 0.419901 0.419901 0.419901 0.419901 0.419901 0.419901 0.419901 0.419901 0.419901 0.419901 0.419901 0.419901 0.419901 0.419901 0.419901 0.419901 0.419901 0.419901 0.419901 0.419901 0.419901 0.419901 0.419901 0.419901 0.419901 0.419901 0.419901 0.419901 0.419901 0.419901 0.419901 0.419901 0.419901 0.387963 0.419901 0.419901 0.419901 0.419901 0.419901 0.419901 0.419901 0.419901 0.419901 0.38 0.419901 0.419901 0.419901 0.419901 0.419901 0.419901 0.419901 0.419901 0.419901 0.382208 0.419901 0.419901 0.419901 0.419901 0.419901 0.419901 0.419901 0.419901 0.419901 0.38 0.419901 0.419901 0.419901 0.419901 0.419901 0.419901 0.419901 0.419901 0.419901 0.419533 0.419901 0.419901 0.419901 0.419901 0.419901 0.419901 0.419901 0.419901 0.419901 0.386953 0.419901 0.419901 0.419901 0.419901 0.419901 0.419901 0.419901 0.419901 0.419901 0.419673 0.419901 0.419901 0.419901 0.419901 0.419901 0.419901 0.419901 0.419901 0.419901 0.419174 0.419901 0.419901 0.419901 0.419901 0.419901 0.419901 0.419901 0.419901 0.419901 0.380002 0.419901 0.419901 0.419901 0.419901 0.419901 0.419901 0.419901 0.419901 0.419901 0.419307 0.419901 0.419901 0.419901 0.380008 0.419901 0.419901 0.38 0.419901 0.419901 0.419901 0.419901 0.419901 0.419901 0.38 0.419901 0.419901 0.419182 0.419901 0.419901 0.419901 0.419901 0.419901 0.419901 0.38 0.419901 0.419901 0.38 0.419901 0.419901 0.419901 0.419901 0.419901 0.419901 0.417739 0.419901 0.419901 0.38 0.419901 0.419901 0.419901 0.419901 0.419901 0.419901 0.380124 0.419901 0.419901 0.381049 0.419901 0.419901 0.419901 0.419901 0.419901 0.419901 0.38 0.419901 0.419901 0.419814 0.419901 0.419901 0.419901 0.419901 0.419901 0.419901 0.387371 0.419901 0.419901 0.381143 0.419901 0.419901 0.419901 0.419901 0.419901 0.419901 0.418649 0.419901 0.419901 0.404569 0.419901 0.419901 0.419901 0.419901 0.419901 0.419901 0.419484 0.419901 0.419901 0.380287 0.419901 0.419901 0.419901 0.419901 0.419901 0.419901 0.38 0.419901 0.419901 0.390147 0.419901 0.419901 0.419901 0.419901 0.419901 0.419901 0.419901 0.419901 0.419901 0.419901 0.419901 0.419901 0.419901 0.419901 0.419901 0.419901 0.419901 0.419901 0.419901 0.419901 0.419901 0.419901 0.419901 0.419901 0.419901 0.419901 0.419901 0.419901 0.419901 0.419901 0.419901 0.419901 0.419901 0.419901 0.419901 0.419901 0.419901 0.419901 0.419901 0.419901 0.419901 0.419901 0.419901 0.419901 0.419901 0.419901 0.419901 0.419901 0.419901 0.419901 0.419901 0.419901 0.419901 0.419901 0.419901 0.419901 0.419901 0.419901 0.419901 0.419901 0.419901 0.419901 0.419901 0.419901 0.419901 0.419901 0.419901 0.419901 0.419901 0.419901 0.419901 0.419901 0.419901 0.419901 0.419901 0.419901 0.419901 0.419901 0.419901 0.419901 0.419901 0.419901 0.419901 0.419901 0.419901 0.419901 0.419901 0.419901 0.419901 0.419901 0.419901 0.419901 0.419901 0.419901 0.419901 0.419901 0.419901 0.419901 0.419901 0.419901 0.419901 0.419901 0.419901 0.419901 0.419901 0.419901 0.419901 0.419901 0.419901 0.419901 0.419901 0.419901 0.380052 0.419901 0.419901 0.419901 0.419901 0.419901 0.419901 0.419901 0.419901 0.419901 0.386177 0.419901 0.419901 0.419901 0.419901 0.419901 0.419901 0.419901 0.419901 0.419901 0.380037 0.419901 0.419901 0.419901 0.419901 0.419901 0.419901 0.419901 0.419901 0.419901 0.38 0.419901 0.419901 0.419901 0.419901 0.419901 0.419901 0.419901 0.419901 0.419901 0.38 0.419901 0.419901 0.419901 0.419901 0.419901 0.419901 0.419901 0.419901 0.419901 0.380041 0.419901 0.419901 0.419901 0.419901 0.419901 0.419901 0.419901 0.419901 0.419901 0.38 0.419901 0.419901 0.419901 0.419901 0.419901 0.419901 0.419901 0.419901 0.419901 0.38025 0.419901 0.419901 0.419901 0.419901 0.419901 0.419901 0.419901 0.419901 0.419901 0.380037 0.419901 0.419901 0.419901 0.419901 0.419901 0.419901 0.419901 0.419901 0.419901 0.38 0.419901 0.419901 0.419901 0.380005 0.419901 0.419901 0.413621 0.419901 0.419901 0.419901 0.419901 0.419901 0.419901 0.38 0.419901 0.419901 0.380116 0.419901 0.419901 0.419901 0.419901 0.419901 0.419901 0.38 0.419901 0.419901 0.419719 0.419901 0.419901 0.419901 0.419901 0.419901 0.419901 0.386734 0.419901 0.419901 0.419369 0.419901 0.419901 0.419901 0.419901 0.419901 0.419901 0.385263 0.419901 0.419901 0.38 0.419901 0.419901 0.419901 0.419901 0.419901 0.419901 0.383024 0.419901 0.419901 0.419735 0.419901 0.419901 0.419901 0.419901 0.419901 0.419901 0.380028 0.419901 0.419901 0.416574 0.419901 0.419901 0.419901 0.419901 0.419901 0.419901 0.383225 0.419901 0.419901 0.38 0.419901 0.419901 0.419901 0.419901 0.419901 0.419901 0.417924 0.419901 0.419901 0.390764 0.419901 0.419901 0.419901 0.419901 0.419901 0.419901 0.38 0.419901 0.419901 0.38 0.419901 0.419901 0.419901 0.419901 0.419901 0.419901 0.419901 0.419901 0.419901 0.419901 0.419901 0.419901 0.419901 0.419901 0.419901 0.419901 0.419901 0.419901 0.419901 0.419901 0.419901 0.419901 0.419901 0.419901 0.419901 0.419901 0.419901 0.419901 0.419901 0.419901 0.419901 0.419901 0.419901 0.419901 0.419901 0.419901 0.419901 0.419901 0.419901 0.419901 0.419901 0.419901 0.419901 0.419901 0.419901 0.419901 0.419901 0.419901 0.419901 0.419901 0.419901 0.419901 0.419901 0.419901 0.419901 0.419901 0.419901 0.419901 0.419901 0.419901 0.419901 0.419901 0.419901 0.419901 0.419901 0.419901 0.419901 0.419901 0.419901 0.419901 0.419901 0.419901 0.419901 0.419901 0.419901 0.419901 0.419901 0.419901 0.419901 0.419901 0.419901 0.419901 0.419901 0.419901 0.419901 0.419901 0.419901 0.419901 0.419901 0.419901 0.419901 0.419901 0.419901 0.419901 0.419901 0.419901 0.419901 0.419901 0.419901 0.419901 0.419901 0.419901 0.419901 0.419901 0.419901 0.419901 0.419901 0.419901 0.419901 0.419901 0.419901 0.419901 0.38 0.419901 0.419901 0.419901 0.419901 0.419901 0.419901 0.419901 0.419901 0.419901 0.386379 0.419901 0.419901 0.419901 0.419901 0.419901 0.419901 0.419901 0.419901 0.419901 0.410138 0.419901 0.419901 0.419901 0.419901 0.419901 0.419901 0.419901 0.419901 0.419901 0.387482 0.419901 0.419901 0.419901 0.419901 0.419901 0.419901 0.419901 0.419901 0.419901 0.38909 0.419901 0.419901 0.419901 0.419901 0.419901 0.419901 0.419901 0.419901 0.419901 0.380011 0.419901 0.419901 0.419901 0.419901 0.419901 0.419901 0.419901 0.419901 0.419901 0.38 0.419901 0.419901 0.419901 0.419901 0.419901 0.419901 0.419901 0.419901 0.419901 0.38 0.419901 0.419901 0.419901 0.419901 0.419901 0.419901 0.419901 0.419901 0.419901 0.412398 0.419901 0.419901 0.419901 0.419901 0.419901 0.419901 0.419901 0.419901 0.419901 0.408176 0.419901 0.419901 0.419901 0.419901 0.419901 0.419901 0.419901 0.419901 0.419901 0.380057 0.419901 0.419901 0.419901 0.419901 0.419901 0.419901 0.419901 0.419901 0.419901 0.387727 0.419901 0.419901 0.419901 0.419901 0.419901 0.419901 0.419901 0.419901 0.419901 0.380002 0.419901 0.419901 0.419901 0.419901 0.419901 0.419901 0.419901 0.419901 0.419901 0.380005 0.419901 0.419901 0.419901 0.419901 0.419901 0.419901 0.419901 0.419901 0.419901 0.38 0.419901 0.419901 0.419901 0.419901 0.419901 0.419901 0.419901 0.419901 0.419901 0.380047 0.419901 0.419901 0.419901 0.419901 0.419901 0.419901 0.419901 0.419901 0.419901 0.38 0.419901 0.419901 0.419901 0.419901 0.419901 0.419901 0.419901 0.419901 0.419901 0.406 0.419901 0.419901 0.419901 0.419901 0.419901 0.419901 0.419901 0.419901 0.419901 0.38 0.419901 0.419901 0.419901 0.419901 0.419901 0.419901 0.419901 0.419901 0.419901 0.386615 0.419901 0.419901 0.419901 0.419834 0.419901 0.419901 0.38 0.419901 0.419901 0.419901 0.419901 0.419901 0.419901 0.392061 0.419901 0.419901 0.38 0.419901 0.419901 0.419901 0.419901 0.419901 0.419901 0.38 0.419901 0.419901 0.38 0.419901 0.419901 0.419901 0.419901 0.419901 0.419901 0.419201 0.419901 0.419901 0.419639 0.419901 0.419901 0.419901 0.419901 0.419901 0.419901 0.380797 0.419901 0.419901 0.419772 0.419901 0.419901 0.419901 0.419901 0.419901 0.419901 0.414395 0.419901 0.419901 0.38 0.419901 0.419901 0.419901 0.419901 0.419901 0.419901 0.404941 0.419901 0.419901 0.416983 0.419901 0.419901 0.419901 0.419901 0.419901 0.419901 0.38 0.419901 0.419901 0.397686 0.419901 0.419901 0.419901 0.419901 0.419901 0.419901 0.414313 0.419901 0.419901 0.38 0.419901 0.419901 0.419901 0.419901 0.419901 0.419901 0.382592 0.419901 0.419901 0.415524 0.419901 0.419901 0.419901 0.419901 0.419901 0.419901 0.419901 0.419901 0.419901 0.419901 0.419901 0.419901 0.419901 0.419901 0.419901 0.419901 0.419901 0.419901 0.419901 0.419901 0.419901 0.419901 0.419901 0.419901 0.419901 0.419901 0.419901 0.419901 0.419901 0.419901 0.419901 0.419901 0.419901 0.419901 0.419901 0.419901 0.419901 0.419901 0.419901 0.419901 0.419901 0.419901 0.419901 0.419901 0.419901 0.419901 0.419901 0.419901 0.419901 0.419901 0.419901 0.419901 0.419901 0.419901 0.419901 0.419901 0.419901 0.419901 0.419901 0.419901 0.419901 0.419901 0.419901 0.419901 0.419901 0.419901 0.419901 0.419901 0.419901 0.419901 0.419901 0.419901 0.419901 0.419901 0.419901 0.419901 0.419901 0.419901 0.419901 0.419901 0.419901 0.419901 0.419901 0.419901 0.419901 0.419901 0.419901 0.419901 0.419901 0.419901 0.419901 0.419901 0.419901 0.419901 0.419901 0.419901 0.419901 0.419901 0.419901 0.419901 0.419901 0.419901 0.419901 0.419901 0.419901 0.419901 0.419901 0.419901 0.419901 0.419901 0.419901 0.419901 0.381796 0.419901 0.419901 0.419901 0.419901 0.419901 0.419901 0.419901 0.419901 0.419901 0.38 0.419901 0.419901 0.419901 0.419901 0.419901 0.419901 0.419901 0.419901 0.419901 0.38 0.419901 0.419901 0.419901 0.419901 0.419901 0.419901 0.419901 0.419901 0.419901 0.419034 0.419901 0.419901 0.419901 0.419901 0.419901 0.419901 0.419901 0.419901 0.419901 0.38 0.419901 0.419901 0.419901 0.419901 0.419901 0.419901 0.419901 0.419901 0.419901 0.38 0.419901 0.419901 0.419901 0.419901 0.419901 0.419901 0.419901 0.419901 0.419901 0.419221 0.419901 0.419901 0.419901 0.419901 0.419901 0.419901 0.419901 0.419901 0.419901 0.38 0.419901 0.419901 0.419901 0.419901 0.419901 0.419901 0.419901 0.419901 0.419901 0.392115 0.419901 0.419901 0.419901 0.419901 0.419901 0.419901 0.419901 0.419901 0.419901 0.38 0.419901 0.419901 0.419901 0.380014 0.419901 0.419901 0.418781 0.419901 0.419901 0.419901 0.419901 0.419901 0.419901 0.388923 0.419901 0.419901 0.38 0.419901 0.419901 0.419901 0.419901 0.419901 0.419901 0.38 0.419901 0.419901 0.402975 0.419901 0.419901 0.419901 0.419901 0.419901 0.419901 0.380004 0.419901 0.419901 0.419389 0.419901 0.419901 0.419901 0.419901 0.419901 0.419901 0.38 0.419901 0.419901 0.418403 0.419901 0.419901 0.419901 0.419901 0.419901 0.419901 0.380591 0.419901 0.419901 0.41853 0.419901 0.419901 0.419901 0.419901 0.419901 0.419901 0.38 0.419901 0.419901 0.38 0.419901 0.419901 0.419901 0.419901 0.419901 0.419901 0.38 0.419901 0.419901 0.380001 0.419901 0.419901 0.419901 0.419901 0.419901 0.419901 0.38 0.419901 0.419901 0.383238 0.419901 0.419901 0.419901 0.419901 0.419901 0.419901 0.38 0.419901 0.419901 0.380815 0.419901 0.419901 0.419901 0.419901 0.419901 0.419901 0.419901 0.419901 0.419901 0.419901 0.419901 0.419901 0.419901 0.419901 0.419901 0.419901 0.419901 0.419901 0.419901 0.419901 0.419901 0.419901 0.419901 0.419901 0.419901 0.419901 0.419901 0.419901 0.419901 0.419901 0.419901 0.419901 0.419901 0.419901 0.419901 0.419901 0.419901 0.419901 0.419901 0.419901 0.419901 0.419901 0.419901 0.419901 0.419901 0.419901 0.419901 0.419901 0.419901 0.419901 0.419901 0.419901 0.419901 0.419901 0.419901 0.419901 0.419901 0.419901 0.419901 0.419901 0.419901 0.419901 0.419901 0.419901 0.419901 0.419901 0.419901 0.419901 0.419901 0.419901 0.419901 0.419901 0.419901 0.419901 0.419901 0.419901 0.419901 0.419901 0.419901 0.419901 0.419901 0.419901 0.419901 0.419901 0.419901 0.419901 0.419901 0.419901 0.419901 0.419901 0.419901 0.419901 0.419901 0.419901 0.419901 0.419901 0.419901 0.419901 0.419901 0.419901 0.419901 0.419901 0.419901 0.419901 0.419901 0.419901 0.419901 0.419901 0.419901 0.419901 0.419901 0.419901 0.38 0.419901 0.419901 0.419901 0.419901 0.419901 0.419901 0.419901 0.419901 0.419901 0.38 0.419901 0.419901 0.419901 0.419901 0.419901 0.419901 0.419901 0.419901 0.419901 0.38 0.419901 0.419901 0.419901 0.419901 0.419901 0.419901 0.419901 0.419901 0.419901 0.38 0.419901 0.419901 0.419901 0.419901 0.419901 0.419901 0.419901 0.419901 0.419901 0.385263 0.419901 0.419901 0.419901 0.419901 0.419901 0.419901 0.419901 0.419901 0.419901 0.392491 0.419901 0.419901 0.419901 0.419901 0.419901 0.419901 0.419901 0.419901 0.419901 0.419742 0.419901 0.419901 0.419901 0.419901 0.419901 0.419901 0.419901 0.419901 0.419901 0.380719 0.419901 0.419901 0.419901 0.419901 0.419901 0.419901 0.419901 0.419901 0.419901 0.38 0.419901 0.419901 0.419901 0.419901 0.419901 0.419901 0.419901 0.419901 0.419901 0.38 0.419901 0.419901 0.419901 0.403264 0.419901 0.419901 0.419273 0.419901 0.419901 0.419901 0.419901 0.419901 0.419901 0.408176 0.419901 0.419901 0.419443 0.419901 0.419901 0.419901 0.419901 0.419901 0.419901 0.419779 0.419901 0.419901 0.419284 0.419901 0.419901 0.419901 0.419901 0.419901 0.419901 0.382741 0.419901 0.419901 0.38 0.419901 0.419901 0.419901 0.419901 0.419901 0.419901 0.380059 0.419901 0.419901 0.380012 0.419901 0.419901 0.419901 0.419901 0.419901 0.419901 0.380116 0.419901 0.419901 0.38166 0.419901 0.419901 0.419901 0.419901 0.419901 0.419901 0.380938 0.419901 0.419901 0.415272 0.419901 0.419901 0.419901 0.419901 0.419901 0.419901 0.380027 0.419901 0.419901 0.38004 0.419901 0.419901 0.419901 0.419901 0.419901 0.419901 0.415739 0.419901 0.419901 0.408556 0.419901 0.419901 0.419901 0.419901 0.419901 0.419901 0.41918 0.419901 0.419901 0.380087 0.419901 0.419901 0.419901 0.419901 0.419901 0.419901 0.419901 0.419901 0.419901 0.419901 0.419901 0.419901 0.419901 0.419901 0.419901 0.419901 0.419901 0.419901 0.419901 0.419901 0.419901 0.419901 0.419901 0.419901 0.419901 0.419901 0.419901 0.419901 0.419901 0.419901 0.419901 0.419901 0.419901 0.419901 0.419901 0.419901 0.419901 0.419901 0.419901 0.419901 0.419901 0.419901 0.419901 0.419901 0.419901 0.419901 0.419901 0.419901 0.419901 0.419901 0.419901 0.419901 0.419901 0.419901 0.419901 0.419901 0.419901 0.419901 0.419901 0.419901 0.419901 0.419901 0.419901 0.419901 0.419901 0.419901 0.419901 0.419901 0.419901 0.419901 0.419901 0.419901 0.419901 0.419901 0.419901 0.419901 0.419901 0.419901 0.419901 0.419901 0.419901 0.419901 0.419901 0.419901 0.419901 0.419901 0.419901 0.419901 0.419901 0.419901 0.419901 0.419901 0.419901 0.419901 0.419901 0.419901 0.419901 0.419901 0.419901 0.419901 0.419901 0.419901 0.419901 0.419901 0.419901 0.419901 0.419901 0.419901 0.419901 0.419901 0.419901 0.419901 0.380001 0.419901 0.419901 0.419901 0.419901 0.419901 0.419901 0.419901 0.419901 0.419901 0.411476 0.419901 0.419901 0.419901 0.419901 0.419901 0.419901 0.419901 0.419901 0.419901 0.389517 0.419901 0.419901 0.419901 0.419901 0.419901 0.419901 0.419901 0.419901 0.419901 0.406711 0.419901 0.419901 0.419901 0.419901 0.419901 0.419901 0.419901 0.419901 0.419901 0.380033 0.419901 0.419901 0.419901 0.419901 0.419901 0.419901 0.419901 0.419901 0.419901 0.380002 0.419901 0.419901 0.419901 0.419901 0.419901 0.419901 0.419901 0.419901 0.419901 0.380001 0.419901 0.419901 0.419901 0.419901 0.419901 0.419901 0.419901 0.419901 0.419901 0.380096 0.419901 0.419901 0.419901 0.419901 0.419901 0.419901 0.419901 0.419901 0.419901 0.392352 0.419901 0.419901 0.419901 0.419901 0.419901 0.419901 0.419901 0.419901 0.419901 0.38 0.419901 0.419901 0.419901 0.419901 0.419901 0.419901 0.419901 0.419901 0.419901 0.38 0.419901 0.419901 0.419901 0.419901 0.419901 0.419901 0.419901 0.419901 0.419901 0.38 0.419901 0.419901 0.419901 0.419901 0.419901 0.419901 0.419901 0.419901 0.419901 0.380512 0.419901 0.419901 0.419901 0.419901 0.419901 0.419901 0.419901 0.419901 0.419901 0.38 0.419901 0.419901 0.419901 0.419901 0.419901 0.419901 0.419901 0.419901 0.419901 0.419271 0.419901 0.419901 0.419901 0.419901 0.419901 0.419901 0.419901 0.419901 0.419901 0.380008 0.419901 0.419901 0.419901 0.419901 0.419901 0.419901 0.419901 0.419901 0.419901 0.380102 0.419901 0.419901 0.419901 0.419901 0.419901 0.419901 0.419901 0.419901 0.419901 0.38 0.419901 0.419901 0.419901 0.419901 0.419901 0.419901 0.419901 0.419901 0.419901 0.380086 0.419901 0.419901 0.419901 0.419901 0.419901 0.419901 0.419901 0.419901 0.419901 0.38 0.419901 0.419901 0.419901 0.380616 0.419901 0.419901 0.416225 0.419901 0.419901 0.419901 0.419901 0.419901 0.419901 0.38209 0.419901 0.419901 0.380005 0.419901 0.419901 0.419901 0.419901 0.419901 0.419901 0.419801 0.419901 0.419901 0.381973 0.419901 0.419901 0.419901 0.419901 0.419901 0.419901 0.380022 0.419901 0.419901 0.380014 0.419901 0.419901 0.419901 0.419901 0.419901 0.419901 0.380011 0.419901 0.419901 0.380469 0.419901 0.419901 0.419901 0.419901 0.419901 0.419901 0.38 0.419901 0.419901 0.380059 0.419901 0.419901 0.419901 0.419901 0.419901 0.419901 0.38003 0.419901 0.419901 0.38 0.419901 0.419901 0.419901 0.419901 0.419901 0.419901 0.380044 0.419901 0.419901 0.38 0.419901 0.419901 0.419901 0.419901 0.419901 0.419901 0.38 0.419901 0.419901 0.415999 0.419901 0.419901 0.419901 0.419901 0.419901 0.419901 0.416377 0.419901 0.419901 0.380275 0.419901 0.419901 0.419901 0.419901 0.419901 0.419901 0.419901 0.419901 0.419901 0.419901 0.419901 0.419901 0.419901 0.419901 0.419901 0.419901 0.419901 0.419901 0.419901 0.419901 0.419901 0.419901 0.419901 0.419901 0.419901 0.419901 0.419901 0.419901 0.419901 0.419901 0.419901 0.419901 0.419901 0.419901 0.419901 0.419901 0.419901 0.419901 0.419901 0.419901 0.419901 0.419901 0.419901 0.419901 0.419901 0.419901 0.419901 0.419901 0.419901 0.419901 0.419901 0.419901 0.419901 0.419901 0.419901 0.419901 0.419901 0.419901 0.419901 0.419901 0.419901 0.419901 0.419901 0.419901 0.419901 0.419901 0.419901 0.419901 0.419901 0.419901 0.419901 0.419901 0.419901 0.419901 0.419901 0.419901 0.419901 0.419901 0.419901 0.419901 0.419901 0.419901 0.419901 0.419901 0.419901 0.419901 0.419901 0.419901 0.419901 0.419901 0.419901 0.419901 0.419901 0.419901 0.419901 0.419901 0.419901 0.419901 0.419901 0.419901 0.419901 0.419901 0.419901 0.419901 0.419901 0.419901 0.419901 0.419901 0.419901 0.419901 0.419901 0.419901 0.4197 0.419901 0.419901 0.419901 0.419901 0.419901 0.419901 0.419901 0.419901 0.419901 0.419321 0.419901 0.419901 0.419901 0.419901 0.419901 0.419901 0.419901 0.419901 0.419901 0.380003 0.419901 0.419901 0.419901 0.419901 0.419901 0.419901 0.419901 0.419901 0.419901 0.411457 0.419901 0.419901 0.419901 0.419901 0.419901 0.419901 0.419901 0.419901 0.419901 0.381676 0.419901 0.419901 0.419901 0.419901 0.419901 0.419901 0.419901 0.419901 0.419901 0.38 0.419901 0.419901 0.419901 0.419901 0.419901 0.419901 0.419901 0.419901 0.419901 0.391661 0.419901 0.419901 0.419901 0.419901 0.419901 0.419901 0.419901 0.419901 0.419901 0.380053 0.419901 0.419901 0.419901 0.419901 0.419901 0.419901 0.419901 0.419901 0.419901 0.40635 0.419901 0.419901 0.419901 0.419901 0.419901 0.419901 0.419901 0.419901 0.419901 0.38 0.419901 0.419901 0.419901 0.4184 0.419901 0.419901 0.413657 0.419901 0.419901 0.419901 0.419901 0.419901 0.419901 0.38 0.419901 0.419901 0.415369 0.419901 0.419901 0.419901 0.419901 0.419901 0.419901 0.384728 0.419901 0.419901 0.383166 0.419901 0.419901 0.419901 0.419901 0.419901 0.419901 0.38691 0.419901 0.419901 0.418691 0.419901 0.419901 0.419901 0.419901 0.419901 0.419901 0.38 0.419901 0.419901 0.39066 0.419901 0.419901 0.419901 0.419901 0.419901 0.419901 0.409033 0.419901 0.419901 0.380004 0.419901 0.419901 0.419901 0.419901 0.419901 0.419901 0.386643 0.419901 0.419901 0.38 0.419901 0.419901 0.419901 0.419901 0.419901 0.419901 0.380806 0.419901 0.419901 0.419166 0.419901 0.419901 0.419901 0.419901 0.419901 0.419901 0.38 0.419901 0.419901 0.380015 0.419901 0.419901 0.419901 0.419901 0.419901 0.419901 0.406365 0.419901 0.419901 0.38 0.419901 0.419901 0.419901 0.419901 0.419901 0.419901 0.419901 0.419901 0.419901 0.419901 0.419901 0.419901 0.419901 0.419901 0.419901 0.419901 0.419901 0.419901 0.419901 0.419901 0.419901 0.419901 0.419901 0.419901 0.419901 0.419901 0.419901 0.419901 0.419901 0.419901 0.419901 0.419901 0.419901 0.419901 0.419901 0.419901 0.419901 0.419901 0.419901 0.419901 0.419901 0.419901 0.419901 0.419901 0.419901 0.419901 0.419901 0.419901 0.419901 0.419901 0.419901 0.419901 0.419901 0.419901 0.419901 0.419901 0.419901 0.419901 0.419901 0.419901 0.419901 0.419901 0.419901 0.419901 0.419901 0.419901 0.419901 0.419901 0.419901 0.419901 0.419901 0.419901 0.419901 0.419901 0.419901 0.419901 0.419901 0.419901 0.419901 0.419901 0.419901 0.419901 0.419901 0.419901 0.419901 0.419901 0.419901 0.419901 0.419901 0.419901 0.419901 0.419901 0.419901 0.419901 0.419901 0.419901 0.419901 0.419901 0.419901 0.419901 0.419901 0.419901 0.419901 0.419901 0.419901 0.419901 0.419901 0.419901 0.419901 0.419901 0.419901 0.419901 0.38 0.419901 0.419901 0.419901 0.419901 0.419901 0.419901 0.419901 0.419901 0.419901 0.38 0.419901 0.419901 0.419901 0.419901 0.419901 0.419901 0.419901 0.419901 0.419901 0.380005 0.419901 0.419901 0.419901 0.419901 0.419901 0.419901 0.419901 0.419901 0.419901 0.38 0.419901 0.419901 0.419901 0.419901 0.419901 0.419901 0.419901 0.419901 0.419901 0.38 0.419901 0.419901 0.419901 0.419901 0.419901 0.419901 0.419901 0.419901 0.419901 0.380024 0.419901 0.419901 0.419901 0.419901 0.419901 0.419901 0.419901 0.419901 0.419901 0.38 0.419901 0.419901 0.419901 0.419901 0.419901 0.419901 0.419901 0.419901 0.419901 0.38865 0.419901 0.419901 0.419901 0.419901 0.419901 0.419901 0.419901 0.419901 0.419901 0.419531 0.419901 0.419901 0.419901 0.419901 0.419901 0.419901 0.419901 0.419901 0.419901 0.413512 0.419901 0.419901 0.419901 0.416366 0.419901 0.419901 0.381807 0.419901 0.419901 0.419901 0.419901 0.419901 0.419901 0.402016 0.419901 0.419901 0.381352 0.419901 0.419901 0.419901 0.419901 0.419901 0.419901 0.38719 0.419901 0.419901 0.380752 0.419901 0.419901 0.419901 0.419901 0.419901 0.419901 0.38 0.419901 0.419901 0.409589 0.419901 0.419901 0.419901 0.419901 0.419901 0.419901 0.380029 0.419901 0.419901 0.380037 0.419901 0.419901 0.419901 0.419901 0.419901 0.419901 0.41321 0.419901 0.419901 0.38 0.419901 0.419901 0.419901 0.419901 0.419901 0.419901 0.38 0.419901 0.419901 0.380542 0.419901 0.419901 0.419901 0.419901 0.419901 0.419901 0.400591 0.419901 0.419901 0.418773 0.419901 0.419901 0.419901 0.419901 0.419901 0.419901 0.406899 0.419901 0.419901 0.380001 0.419901 0.419901 0.419901 0.419901 0.419901 0.419901 0.395009 0.419901 0.419901 0.41834 0.419901 0.419901 0.419901 0.419901 0.419901 0.419901 0.419901 0.419901 0.419901 0.419901 0.419901 0.419901 0.419901 0.419901 0.419901 0.419901 0.419901 0.419901 0.419901 0.419901 0.419901 0.419901 0.419901 0.419901 0.419901 0.419901 0.419901 0.419901 0.419901 0.419901 0.419901 0.419901 0.419901 0.419901 0.419901 0.419901 0.419901 0.419901 0.419901 0.419901 0.419901 0.419901 0.419901 0.419901 0.419901 0.419901 0.419901 0.419901 0.419901 0.419901 0.419901 0.419901 0.419901 0.419901 0.419901 0.419901 0.419901 0.419901 0.419901 0.419901 0.419901 0.419901 0.419901 0.419901 0.419901 0.419901 0.419901 0.419901 0.419901 0.419901 0.419901 0.419901 0.419901 0.419901 0.419901 0.419901 0.419901 0.419901 0.419901 0.419901 0.419901 0.419901 0.419901 0.419901 0.419901 0.419901 0.419901 0.419901 0.419901 0.419901 0.419901 0.419901 0.419901 0.419901 0.419901 0.419901 0.419901 0.419901 0.419901 0.419901 0.419901 0.419901 0.419901 0.419901 0.419901 0.419901 0.419901 0.419901 0.419901 0.419901 0.419901 0.419901 0.380004 0.419901 0.419901 0.419901 0.419901 0.419901 0.419901 0.419901 0.419901 0.419901 0.419862 0.419901 0.419901 0.419901 0.419901 0.419901 0.419901 0.419901 0.419901 0.419901 0.383634 0.419901 0.419901 0.419901 0.419901 0.419901 0.419901 0.419901 0.419901 0.419901 0.380428 0.419901 0.419901 0.419901 0.419901 0.419901 0.419901 0.419901 0.419901 0.419901 0.380001 0.419901 0.419901 0.419901 0.419901 0.419901 0.419901 0.419901 0.419901 0.419901 0.38 0.419901 0.419901 0.419901 0.419901 0.419901 0.419901 0.419901 0.419901 0.419901 0.380175 0.419901 0.419901 0.419901 0.419901 0.419901 0.419901 0.419901 0.419901 0.419901 0.38 0.419901 0.419901 0.419901 0.419901 0.419901 0.419901 0.419901 0.419901 0.419901 0.38 0.419901 0.419901 0.419901 0.419901 0.419901 0.419901 0.419901 0.419901 0.419901 0.38 0.419901 0.419901 0.419901 0.419901 0.419901 0.419901 0.419901 0.419901 0.419901 0.380417 0.419901 0.419901 0.419901 0.419901 0.419901 0.419901 0.419901 0.419901 0.419901 0.380015 0.419901 0.419901 0.419901 0.419901 0.419901 0.419901 0.419901 0.419901 0.419901 0.385061 0.419901 0.419901 0.419901 0.419901 0.419901 0.419901 0.419901 0.419901 0.419901 0.380001 0.419901 0.419901 0.419901 0.419901 0.419901 0.419901 0.419901 0.419901 0.419901 0.395389 0.419901 0.419901 0.419901 0.419901 0.419901 0.419901 0.419901 0.419901 0.419901 0.41968 0.419901 0.419901 0.419901 0.419901 0.419901 0.419901 0.419901 0.419901 0.419901 0.38 0.419901 0.419901 0.419901 0.419901 0.419901 0.419901 0.419901 0.419901 0.419901 0.380675 0.419901 0.419901 0.419901 0.419901 0.419901 0.419901 0.419901 0.419901 0.419901 0.4197 0.419901 0.419901 0.419901 0.419901 0.419901 0.419901 0.419901 0.419901 0.419901 0.417448 0.419901 0.419901 0.419901 0.418714 0.419901 0.419901 0.380002 0.419901 0.419901 0.419901 0.419901 0.419901 0.419901 0.38 0.419901 0.419901 0.380002 0.419901 0.419901 0.419901 0.419901 0.419901 0.419901 0.38 0.419901 0.419901 0.41248 0.419901 0.419901 0.419901 0.419901 0.419901 0.419901 0.38 0.419901 0.419901 0.417996 0.419901 0.419901 0.419901 0.419901 0.419901 0.419901 0.414027 0.419901 0.419901 0.417477 0.419901 0.419901 0.419901 0.419901 0.419901 0.419901 0.38 0.419901 0.419901 0.419252 0.419901 0.419901 0.419901 0.419901 0.419901 0.419901 0.38 0.419901 0.419901 0.393812 0.419901 0.419901 0.419901 0.419901 0.419901 0.419901 0.380002 0.419901 0.419901 0.380009 0.419901 0.419901 0.419901 0.419901 0.419901 0.419901 0.410483 0.419901 0.419901 0.38 0.419901 0.419901 0.419901 0.419901 0.419901 0.419901 0.380336 0.419901 0.419901 0.414981 0.419901 0.419901 0.419901 0.419901 0.419901 0.419901 0.419901 0.419901 0.419901 0.419901 0.419901 0.419901 0.419901 0.419901 0.419901 0.419901 0.419901 0.419901 0.419901 0.419901 0.419901 0.419901 0.419901 0.419901 0.419901 0.419901 0.419901 0.419901 0.419901 0.419901 0.419901 0.419901 0.419901 0.419901 0.419901 0.419901 0.419901 0.419901 0.419901 0.419901 0.419901 0.419901 0.419901 0.419901 0.419901 0.419901 0.419901 0.419901 0.419901 0.419901 0.419901 0.419901 0.419901 0.419901 0.419901 0.419901 0.419901 0.419901 0.419901 0.419901 0.419901 0.419901 0.419901 0.419901 0.419901 0.419901 0.419901 0.419901 0.419901 0.419901 0.419901 0.419901 0.419901 0.419901 0.419901 0.419901 0.419901 0.419901 0.419901 0.419901 0.419901 0.419901 0.419901 0.419901 0.419901 0.419901 0.419901 0.419901 0.419901 0.419901 0.419901 0.419901 0.419901 0.419901 0.419901 0.419901 0.419901 0.419901 0.419901 0.419901 0.419901 0.419901 0.419901 0.419901 0.419901 0.419901 0.419901 0.419901 0.419901 0.419901 0.419901 0.419901 0.381243 0.419901 0.419901 0.419901 0.419901 0.419901 0.419901 0.419901 0.419901 0.419901 0.413423 0.419901 0.419901 0.419901 0.419901 0.419901 0.419901 0.419901 0.419901 0.419901 0.38 0.419901 0.419901 0.419901 0.419901 0.419901 0.419901 0.419901 0.419901 0.419901 0.414326 0.419901 0.419901 0.419901 0.419901 0.419901 0.419901 0.419901 0.419901 0.419901 0.380081 0.419901 0.419901 0.419901 0.419901 0.419901 0.419901 0.419901 0.419901 0.419901 0.383634 0.419901 0.419901 0.419901 0.419901 0.419901 0.419901 0.419901 0.419901 0.419901 0.396848 0.419901 0.419901 0.419901 0.419901 0.419901 0.419901 0.419901 0.419901 0.419901 0.38 0.419901 0.419901 0.419901 0.419901 0.419901 0.419901 0.419901 0.419901 0.419901 0.380013 0.419901 0.419901 0.419901 0.419901 0.419901 0.419901 0.419901 0.419901 0.419901 0.393231 0.419901 0.419901 0.419901 0.413823 0.419901 0.419901 0.39853 0.419901 0.419901 0.419901 0.419901 0.419901 0.419901 0.380105 0.419901 0.419901 0.403253 0.419901 0.419901 0.419901 0.419901 0.419901 0.419901 0.387907 0.419901 0.419901 0.380031 0.419901 0.419901 0.419901 0.419901 0.419901 0.419901 0.419609 0.419901 0.419901 0.416034 0.419901 0.419901 0.419901 0.419901 0.419901 0.419901 0.380004 0.419901 0.419901 0.418981 0.419901 0.419901 0.419901 0.419901 0.419901 0.419901 0.38 0.419901 0.419901 0.381936 0.419901 0.419901 0.419901 0.419901 0.419901 0.419901 0.419789 0.419901 0.419901 0.418725 0.419901 0.419901 0.419901 0.419901 0.419901 0.419901 0.383368 0.419901 0.419901 0.385531 0.419901 0.419901 0.419901 0.419901 0.419901 0.419901 0.418934 0.419901 0.419901 0.38 0.419901 0.419901 0.419901 0.419901 0.419901 0.419901 0.418901 0.419901 0.419901 0.381822 0.419901 0.419901 0.419901 0.419901 0.419901 0.419901 0.419901 0.419901 0.419901 0.419901 0.419901 0.419901 0.419901 0.419901 0.419901 0.419901 0.419901 0.419901 0.419901 0.419901 0.419901 0.419901 0.419901 0.419901 0.419901 0.419901 0.419901 0.419901 0.419901 0.419901 0.419901 0.419901 0.419901 0.419901 0.419901 0.419901 0.419901 0.419901 0.419901 0.419901 0.419901 0.419901 0.419901 0.419901 0.419901 0.419901 0.419901 0.419901 0.419901 0.419901 0.419901 0.419901 0.419901 0.419901 0.419901 0.419901 0.419901 0.419901 0.419901 0.419901 0.419901 0.419901 0.419901 0.419901 0.419901 0.419901 0.419901 0.419901 0.419901 0.419901 0.419901 0.419901 0.419901 0.419901 0.419901 0.419901 0.419901 0.419901 0.419901 0.419901 0.419901 0.419901 0.419901 0.419901 0.419901 0.419901 0.419901 0.419901 0.419901 0.419901 0.419901 0.419901 0.419901 0.419901 0.419901 0.419901 0.419901 0.419901 0.419901 0.419901 0.419901 0.419901 0.419901 0.419901 0.419901 0.419901 0.419901 0.419901 0.419901 0.419901 0.419901 0.419901 0.386177 0.419901 0.419901 0.419901 0.419901 0.419901 0.419901 0.419901 0.419901 0.419901 0.409163 0.419901 0.419901 0.419901 0.419901 0.419901 0.419901 0.419901 0.419901 0.419901 0.397614 0.419901 0.419901 0.419901 0.419901 0.419901 0.419901 0.419901 0.419901 0.419901 0.392845 0.419901 0.419901 0.419901 0.419901 0.419901 0.419901 0.419901 0.419901 0.419901 0.419849 0.419901 0.419901 0.419901 0.419901 0.419901 0.419901 0.419901 0.419901 0.419901 0.394767 0.419901 0.419901 0.419901 0.419901 0.419901 0.419901 0.419901 0.419901 0.419901 0.380134 0.419901 0.419901 0.419901 0.419901 0.419901 0.419901 0.419901 0.419901 0.419901 0.38 0.419901 0.419901 0.419901 0.419901 0.419901 0.419901 0.419901 0.419901 0.419901 0.418483 0.419901 0.419901 0.419901 0.419901 0.419901 0.419901 0.419901 0.419901 0.419901 0.417664 0.419901 0.419901 0.419901 0.380089 0.419901 0.419901 0.383219 0.419901 0.419901 0.419901 0.419901 0.419901 0.419901 0.398511 0.419901 0.419901 0.380001 0.419901 0.419901 0.419901 0.419901 0.419901 0.419901 0.380062 0.419901 0.419901 0.380008 0.419901 0.419901 0.419901 0.419901 0.419901 0.419901 0.419028 0.419901 0.419901 0.419104 0.419901 0.419901 0.419901 0.419901 0.419901 0.419901 0.38 0.419901 0.419901 0.419157 0.419901 0.419901 0.419901 0.419901 0.419901 0.419901 0.397081 0.419901 0.419901 0.38 0.419901 0.419901 0.419901 0.419901 0.419901 0.419901 0.380274 0.419901 0.419901 0.380036 0.419901 0.419901 0.419901 0.419901 0.419901 0.419901 0.380003 0.419901 0.419901 0.419252 0.419901 0.419901 0.419901 0.419901 0.419901 0.419901 0.418838 0.419901 0.419901 0.38 0.419901 0.419901 0.419901 0.419901 0.419901 0.419901 0.380001 0.419901 0.419901 0.400899 0.419901 0.419901 0.419901 0.419901 0.419901 0.419901 0.419901 0.419901 0.419901 0.419901 0.419901 0.419901 0.419901 0.419901 0.419901 0.419901 0.419901 0.419901 0.419901 0.419901 0.419901 0.419901 0.419901 0.419901 0.419901 0.419901 0.419901 0.419901 0.419901 0.419901 0.419901 0.419901 0.419901 0.419901 0.419901 0.419901 0.419901 0.419901 0.419901 0.419901 0.419901 0.419901 0.419901 0.419901 0.419901 0.419901 0.419901 0.419901 0.419901 0.419901 0.419901 0.419901 0.419901 0.419901 0.419901 0.419901 0.419901 0.419901 0.419901 0.419901 0.419901 0.419901 0.419901 0.419901 0.419901 0.419901 0.419901 0.419901 0.419901 0.419901 0.419901 0.419901 0.419901 0.419901 0.419901 0.419901 0.419901 0.419901 0.419901 0.419901 0.419901 0.419901 0.419901 0.419901 0.419901 0.419901 0.419901 0.419901 0.419901 0.419901 0.419901 0.419901 0.419901 0.419901 0.419901 0.419901 0.419901 0.419901 0.419901 0.419901 0.419901 0.419901 0.419901 0.419901 0.419901 0.419901 0.419901 0.419901 0.419901 0.419901 0.419901 0.419901 0.38 0.419901 0.419901 0.419901 0.419901 0.419901 0.419901 0.419901 0.419901 0.419901 0.38 0.419901 0.419901 0.419901 0.419901 0.419901 0.419901 0.419901 0.419901 0.419901 0.406565 0.419901 0.419901 0.419901 0.419901 0.419901 0.419901 0.419901 0.419901 0.419901 0.38 0.419901 0.419901 0.419901 0.419901 0.419901 0.419901 0.419901 0.419901 0.419901 0.413613 0.419901 0.419901 0.419901 0.419901 0.419901 0.419901 0.419901 0.419901 0.419901 0.419584 0.419901 0.419901 0.419901 0.419901 0.419901 0.419901 0.419901 0.419901 0.419901 0.381971 0.419901 0.419901 0.419901 0.419901 0.419901 0.419901 0.419901 0.419901 0.419901 0.380001 0.419901 0.419901 0.419901 0.419901 0.419901 0.419901 0.419901 0.419901 0.419901 0.38 0.419901 0.419901 0.419901 0.419901 0.419901 0.419901 0.419901 0.419901 0.419901 0.419372 0.419901 0.419901 0.419901 0.419901 0.419901 0.419901 0.419901 0.419901 0.419901 0.398511 0.419901 0.419901 0.419901 0.419901 0.419901 0.419901 0.419901 0.419901 0.419901 0.401789 0.419901 0.419901 0.419901 0.419901 0.419901 0.419901 0.419901 0.419901 0.419901 0.381235 0.419901 0.419901 0.419901 0.419901 0.419901 0.419901 0.419901 0.419901 0.419901 0.402586 0.419901 0.419901 0.419901 0.419901 0.419901 0.419901 0.419901 0.419901 0.419901 0.38 0.419901 0.419901 0.419901 0.419901 0.419901 0.419901 0.419901 0.419901 0.419901 0.38 0.419901 0.419901 0.419901 0.419901 0.419901 0.419901 0.419901 0.419901 0.419901 0.380024 0.419901 0.419901 0.419901 0.419901 0.419901 0.419901 0.419901 0.419901 0.419901 0.416243 0.419901 0.419901 0.419901 0.419901 0.419901 0.419901 0.419901 0.419901 0.419901 0.380001 0.419901 0.419901 0.419901 0.419901 0.419901 0.419901 0.419901 0.419901 0.419901 0.380001 0.419901 0.419901 0.419901 0.408899 0.419901 0.419901 0.416165 0.419901 0.419901 0.419901 0.419901 0.419901 0.419901 0.419836 0.419901 0.419901 0.38 0.419901 0.419901 0.419901 0.419901 0.419901 0.419901 0.380012 0.419901 0.419901 0.38 0.419901 0.419901 0.419901 0.419901 0.419901 0.419901 0.38 0.419901 0.419901 0.380008 0.419901 0.419901 0.419901 0.419901 0.419901 0.419901 0.38 0.419901 0.419901 0.419467 0.419901 0.419901 0.419901 0.419901 0.419901 0.419901 0.408188 0.419901 0.419901 0.419054 0.419901 0.419901 0.419901 0.419901 0.419901 0.419901 0.413223 0.419901 0.419901 0.380081 0.419901 0.419901 0.419901 0.419901 0.419901 0.419901 0.419654 0.419901 0.419901 0.38 0.419901 0.419901 0.419901 0.419901 0.419901 0.419901 0.380675 0.419901 0.419901 0.408893 0.419901 0.419901 0.419901 0.419901 0.419901 0.419901 0.419526 0.419901 0.419901 0.416165 0.419901 0.419901 0.419901 0.419901 0.419901 0.419901 0.419901 0.419901 0.419901 0.419901 0.419901 0.419901 0.419901 0.419901 0.419901 0.419901 0.419901 0.419901 0.419901 0.419901 0.419901 0.419901 0.419901 0.419901 0.419901 0.419901 0.419901 0.419901 0.419901 0.419901 0.419901 0.419901 0.419901 0.419901 0.419901 0.419901 0.419901 0.419901 0.419901 0.419901 0.419901 0.419901 0.419901 0.419901 0.419901 0.419901 0.419901 0.419901 0.419901 0.419901 0.419901 0.419901 0.419901 0.419901 0.419901 0.419901 0.419901 0.419901 0.419901 0.419901 0.419901 0.419901 0.419901 0.419901 0.419901 0.419901 0.419901 0.419901 0.419901 0.419901 0.419901 0.419901 0.419901 0.419901 0.419901 0.419901 0.419901 0.419901 0.419901 0.419901 0.419901 0.419901 0.419901 0.419901 0.419901 0.419901 0.419901 0.419901 0.419901 0.419901 0.419901 0.419901 0.419901 0.419901 0.419901 0.419901 0.419901 0.419901 0.419901 0.419901 0.419901 0.419901 0.419901 0.419901 0.419901 0.419901 0.419901 0.419901 0.419901 0.419901 0.419901 0.419901 0.38 0.419901 0.419901 0.419901 0.419901 0.419901 0.419901 0.419901 0.419901 0.419901 0.419195 0.419901 0.419901 0.419901 0.419901 0.419901 0.419901 0.419901 0.419901 0.419901 0.38 0.419901 0.419901 0.419901 0.419901 0.419901 0.419901 0.419901 0.419901 0.419901 0.415941 0.419901 0.419901 0.419901 0.419901 0.419901 0.419901 0.419901 0.419901 0.419901 0.419801 0.419901 0.419901 0.419901 0.419901 0.419901 0.419901 0.419901 0.419901 0.419901 0.416358 0.419901 0.419901 0.419901 0.419901 0.419901 0.419901 0.419901 0.419901 0.419901 0.418197 0.419901 0.419901 0.419901 0.419901 0.419901 0.419901 0.419901 0.419901 0.419901 0.404083 0.419901 0.419901 0.419901 0.419901 0.419901 0.419901 0.419901 0.419901 0.419901 0.382281 0.419901 0.419901 0.419901 0.419901 0.419901 0.419901 0.419901 0.419901 0.419901 0.38 0.419901 0.419901 0.419901 0.38 0.419901 0.419901 0.383272 0.419901 0.419901 0.419901 0.419901 0.419901 0.419901 0.38 0.419901 0.419901 0.38 0.419901 0.419901 0.419901 0.419901 0.419901 0.419901 0.38 0.419901 0.419901 0.419569 0.419901 0.419901 0.419901 0.419901 0.419901 0.419901 0.380422 0.419901 0.419901 0.38 0.419901 0.419901 0.419901 0.419901 0.419901 0.419901 0.38 0.419901 0.419901 0.403485 0.419901 0.419901 0.419901 0.419901 0.419901 0.419901 0.38 0.419901 0.419901 0.399405 0.419901 0.419901 0.419901 0.419901 0.419901 0.419901 0.38 0.419901 0.419901 0.38 0.419901 0.419901 0.419901 0.419901 0.419901 0.419901 0.408867 0.419901 0.419901 0.38 0.419901 0.419901 0.419901 0.419901 0.419901 0.419901 0.388319 0.419901 0.419901 0.38 0.419901 0.419901 0.419901 0.419901 0.419901 0.419901 0.406711 0.419901 0.419901 0.418835 0.419901 0.419901 0.419901 0.419901 0.419901 0.419901 0.419901 0.419901 0.419901 0.419901 0.419901 0.419901 0.419901 0.419901 0.419901 0.419901 0.419901 0.419901 0.419901 0.419901 0.419901 0.419901 0.419901 0.419901 0.419901 0.419901 0.419901 0.419901 0.419901 0.419901 0.419901 0.419901 0.419901 0.419901 0.419901 0.419901 0.419901 0.419901 0.419901 0.419901 0.419901 0.419901 0.419901 0.419901 0.419901 0.419901 0.419901 0.419901 0.419901 0.419901 0.419901 0.419901 0.419901 0.419901 0.419901 0.419901 0.419901 0.419901 0.419901 0.419901 0.419901 0.419901 0.419901 0.419901 0.419901 0.419901 0.419901 0.419901 0.419901 0.419901 0.419901 0.419901 0.419901 0.419901 0.419901 0.419901 0.419901 0.419901 0.419901 0.419901 0.419901 0.419901 0.419901 0.419901 0.419901 0.419901 0.419901 0.419901 0.419901 0.419901 0.419901 0.419901 0.419901 0.419901 0.419901 0.419901 0.419901 0.419901 0.419901 0.419901 0.419901 0.419901 0.419901 0.419901 0.419901 0.419901 0.419901 0.419901 0.419901 0.419901 0.419901 0.419901 0.399413 0.419901 0.419901 0.419901 0.419901 0.419901 0.419901 0.419901 0.419901 0.419901 0.38 0.419901 0.419901 0.419901 0.419901 0.419901 0.419901 0.419901 0.419901 0.419901 0.380002 0.419901 0.419901 0.419901 0.419901 0.419901 0.419901 0.419901 0.419901 0.419901 0.382702 0.419901 0.419901 0.419901 0.419901 0.419901 0.419901 0.419901 0.419901 0.419901 0.38002 0.419901 0.419901 0.419901 0.419901 0.419901 0.419901 0.419901 0.419901 0.419901 0.392639 0.419901 0.419901 0.419901 0.419901 0.419901 0.419901 0.419901 0.419901 0.419901 0.380171 0.419901 0.419901 0.419901 0.419901 0.419901 0.419901 0.419901 0.419901 0.419901 0.38 0.419901 0.419901 0.419901 0.419901 0.419901 0.419901 0.419901 0.419901 0.419901 0.380794 0.419901 0.419901 0.419901 0.419901 0.419901 0.419901 0.419901 0.419901 0.419901 0.381071 0.419901 0.419901 0.419901 0.419808 0.419901 0.419901 0.404139 0.419901 0.419901 0.419901 0.419901 0.419901 0.419901 0.38 0.419901 0.419901 0.38 0.419901 0.419901 0.419901 0.419901 0.419901 0.419901 0.407915 0.419901 0.419901 0.38 0.419901 0.419901 0.419901 0.419901 0.419901 0.419901 0.38 0.419901 0.419901 0.380068 0.419901 0.419901 0.419901 0.419901 0.419901 0.419901 0.38 0.419901 0.419901 0.380022 0.419901 0.419901 0.419901 0.419901 0.419901 0.419901 0.383939 0.419901 0.419901 0.408969 0.419901 0.419901 0.419901 0.419901 0.419901 0.419901 0.38 0.419901 0.419901 0.412066 0.419901 0.419901 0.419901 0.419901 0.419901 0.419901 0.38 0.419901 0.419901 0.419409 0.419901 0.419901 0.419901 0.419901 0.419901 0.419901 0.382739 0.419901 0.419901 0.380001 0.419901 0.419901 0.419901 0.419901 0.419901 0.419901 0.380007 0.419901 0.419901 0.38 0.419901 0.419901 0.419901 0.419901 0.419901 0.419901 0.419901 0.419901 0.419901 0.419901 0.419901 0.419901 0.419901 0.419901 0.419901 0.419901 0.419901 0.419901 0.419901 0.419901 0.419901 0.419901 0.419901 0.419901 0.419901 0.419901 0.419901 0.419901 0.419901 0.419901 0.419901 0.419901 0.419901 0.419901 0.419901 0.419901 0.419901 0.419901 0.419901 0.419901 0.419901 0.419901 0.419901 0.419901 0.419901 0.419901 0.419901 0.419901 0.419901 0.419901 0.419901 0.419901 0.419901 0.419901 0.419901 0.419901 0.419901 0.419901 0.419901 0.419901 0.419901 0.419901 0.419901 0.419901 0.419901 0.419901 0.419901 0.419901 0.419901 0.419901 0.419901 0.419901 0.419901 0.419901 0.419901 0.419901 0.419901 0.419901 0.419901 0.419901 0.419901 0.419901 0.419901 0.419901 0.419901 0.419901 0.419901 0.419901 0.419901 0.419901 0.419901 0.419901 0.419901 0.419901 0.419901 0.419901 0.419901 0.419901 0.419901 0.419901 0.419901 0.419901 0.419901 0.419901 0.419901 0.419901 0.419901 0.419901 0.419901 0.419901 0.419901 0.419901 0.401333 0.419901 0.419901 0.419901 0.419901 0.419901 0.419901 0.419901 0.419901 0.419901 0.381195 0.419901 0.419901 0.419901 0.419901 0.419901 0.419901 0.419901 0.419901 0.419901 0.380091 0.419901 0.419901 0.419901 0.419901 0.419901 0.419901 0.419901 0.419901 0.419901 0.38 0.419901 0.419901 0.419901 0.419901 0.419901 0.419901 0.419901 0.419901 0.419901 0.419146 0.419901 0.419901 0.419901 0.419901 0.419901 0.419901 0.419901 0.419901 0.419901 0.384805 0.419901 0.419901 0.419901 0.419901 0.419901 0.419901 0.419901 0.419901 0.419901 0.384282 0.419901 0.419901 0.419901 0.419901 0.419901 0.419901 0.419901 0.419901 0.419901 0.419583 0.419901 0.419901 0.419901 0.419901 0.419901 0.419901 0.419901 0.419901 0.419901 0.38127 0.419901 0.419901 0.419901 0.419901 0.419901 0.419901 0.419901 0.419901 0.419901 0.38 0.419901 0.419901 0.419901 0.419901 0.419901 0.419901 0.419901 0.419901 0.419901 0.380845 0.419901 0.419901 0.419901 0.419901 0.419901 0.419901 0.419901 0.419901 0.419901 0.38 0.419901 0.419901 0.419901 0.419901 0.419901 0.419901 0.419901 0.419901 0.419901 0.419104 0.419901 0.419901 0.419901 0.419901 0.419901 0.419901 0.419901 0.419901 0.419901 0.38 0.419901 0.419901 0.419901 0.419901 0.419901 0.419901 0.419901 0.419901 0.419901 0.410442 0.419901 0.419901 0.419901 0.419901 0.419901 0.419901 0.419901 0.419901 0.419901 0.380021 0.419901 0.419901 0.419901 0.419901 0.419901 0.419901 0.419901 0.419901 0.419901 0.414002 0.419901 0.419901 0.419901 0.419901 0.419901 0.419901 0.419901 0.419901 0.419901 0.38 0.419901 0.419901 0.419901 0.419901 0.419901 0.419901 0.419901 0.419901 0.419901 0.419702 0.419901 0.419901 0.419901 0.419901 0.419901 0.419901 0.419901 0.419901 0.419901 0.408606 0.419901 0.419901 0.419901 0.381432 0.419901 0.419901 0.380044 0.419901 0.419901 0.419901 0.419901 0.419901 0.419901 0.414628 0.419901 0.419901 0.38 0.419901 0.419901 0.419901 0.419901 0.419901 0.419901 0.397081 0.419901 0.419901 0.38 0.419901 0.419901 0.419901 0.419901 0.419901 0.419901 0.380012 0.419901 0.419901 0.380168 0.419901 0.419901 0.419901 0.419901 0.419901 0.419901 0.419725 0.419901 0.419901 0.38 0.419901 0.419901 0.419901 0.419901 0.419901 0.419901 0.395949 0.419901 0.419901 0.380126 0.419901 0.419901 0.419901 0.419901 0.419901 0.419901 0.380002 0.419901 0.419901 0.38 0.419901 0.419901 0.419901 0.419901 0.419901 0.419901 0.382853 0.419901 0.419901 0.394179 0.419901 0.419901 0.419901 0.419901 0.419901 0.419901 0.380008 0.419901 0.419901 0.380393 0.419901 0.419901 0.419901 0.419901 0.419901 0.419901 0.380001 0.419901 0.419901 0.418324 0.419901 0.419901 0.419901 0.419901 0.419901 0.419901 0.419901 0.419901 0.419901 0.419901 0.419901 0.419901 0.419901 0.419901 0.419901 0.419901 0.419901 0.419901 0.419901 0.419901 0.419901 0.419901 0.419901 0.419901 0.419901 0.419901 0.419901 0.419901 0.419901 0.419901 0.419901 0.419901 0.419901 0.419901 0.419901 0.419901 0.419901 0.419901 0.419901 0.419901 0.419901 0.419901 0.419901 0.419901 0.419901 0.419901 0.419901 0.419901 0.419901 0.419901 0.419901 0.419901 0.419901 0.419901 0.419901 0.419901 0.419901 0.419901 0.419901 0.419901 0.419901 0.419901 0.419901 0.419901 0.419901 0.419901 0.419901 0.419901 0.419901 0.419901 0.419901 0.419901 0.419901 0.419901 0.419901 0.419901 0.419901 0.419901 0.419901 0.419901 0.419901 0.419901 0.419901 0.419901 0.419901 0.419901 0.419901 0.419901 0.419901 0.419901 0.419901 0.419901 0.419901 0.419901 0.419901 0.419901 0.419901 0.419901 0.419901 0.419901 0.419901 0.419901 0.419901 0.419901 0.419901 0.419901 0.419901 0.419901 0.419901 0.419901 0.419901 0.419901 0.414606 0.419901 0.419901 0.419901 0.419901 0.419901 0.419901 0.419901 0.419901 0.419901 0.412108 0.419901 0.419901 0.419901 0.419901 0.419901 0.419901 0.419901 0.419901 0.419901 0.38 0.419901 0.419901 0.419901 0.419901 0.419901 0.419901 0.419901 0.419901 0.419901 0.419153 0.419901 0.419901 0.419901 0.419901 0.419901 0.419901 0.419901 0.419901 0.419901 0.383756 0.419901 0.419901 0.419901 0.419901 0.419901 0.419901 0.419901 0.419901 0.419901 0.380102 0.419901 0.419901 0.419901 0.419901 0.419901 0.419901 0.419901 0.419901 0.419901 0.41575 0.419901 0.419901 0.419901 0.419901 0.419901 0.419901 0.419901 0.419901 0.419901 0.38 0.419901 0.419901 0.419901 0.419901 0.419901 0.419901 0.419901 0.419901 0.419901 0.419359 0.419901 0.419901 0.419901 0.419901 0.419901 0.419901 0.419901 0.419901 0.419901 0.418029 0.419901 0.419901 0.419901 0.384899 0.419901 0.419901 0.412594 0.419901 0.419901 0.419901 0.419901 0.419901 0.419901 0.38 0.419901 0.419901 0.381953 0.419901 0.419901 0.419901 0.419901 0.419901 0.419901 0.38003 0.419901 0.419901 0.38 0.419901 0.419901 0.419901 0.419901 0.419901 0.419901 0.38 0.419901 0.419901 0.38825 0.419901 0.419901 0.419901 0.419901 0.419901 0.419901 0.41925 0.419901 0.419901 0.38 0.419901 0.419901 0.419901 0.419901 0.419901 0.419901 0.414862 0.419901 0.419901 0.381857 0.419901 0.419901 0.419901 0.419901 0.419901 0.419901 0.413987 0.419901 0.419901 0.390958 0.419901 0.419901 0.419901 0.419901 0.419901 0.419901 0.417422 0.419901 0.419901 0.404569 0.419901 0.419901 0.419901 0.419901 0.419901 0.419901 0.38 0.419901 0.419901 0.414101 0.419901 0.419901 0.419901 0.419901 0.419901 0.419901 0.380059 0.419901 0.419901 0.38 0.419901 0.419901 0.419901 0.419901 0.419901 0.419901 0.419901 0.419901 0.419901 0.419901 0.419901 0.419901 0.419901 0.419901 0.419901 0.419901 0.419901 0.419901 0.419901 0.419901 0.419901 0.419901 0.419901 0.419901 0.419901 0.419901 0.419901 0.419901 0.419901 0.419901 0.419901 0.419901 0.419901 0.419901 0.419901 0.419901 0.419901 0.419901 0.419901 0.419901 0.419901 0.419901 0.419901 0.419901 0.419901 0.419901 0.419901 0.419901 0.419901 0.419901 0.419901 0.419901 0.419901 0.419901 0.419901 0.419901 0.419901 0.419901 0.419901 0.419901 0.419901 0.419901 0.419901 0.419901 0.419901 0.419901 0.419901 0.419901 0.419901 0.419901 0.419901 0.419901 0.419901 0.419901 0.419901 0.419901 0.419901 0.419901 0.419901 0.419901 0.419901 0.419901 0.419901 0.419901 0.419901 0.419901 0.419901 0.419901 0.419901 0.419901 0.419901 0.419901 0.419901 0.419901 0.419901 0.419901 0.419901 0.419901 0.419901 0.419901 0.419901 0.419901 0.419901 0.419901 0.419901 0.419901 0.419901 0.419901 0.419901 0.419901 0.419901 0.419901 0.41968 0.419901 0.419901 0.419901 0.419901 0.419901 0.419901 0.419901 0.419901 0.419901 0.408432 0.419901 0.419901 0.419901 0.419901 0.419901 0.419901 0.419901 0.419901 0.419901 0.380162 0.419901 0.419901 0.419901 0.419901 0.419901 0.419901 0.419901 0.419901 0.419901 0.380191 0.419901 0.419901 0.419901 0.419901 0.419901 0.419901 0.419901 0.419901 0.419901 0.380001 0.419901 0.419901 0.419901 0.419901 0.419901 0.419901 0.419901 0.419901 0.419901 0.380169 0.419901 0.419901 0.419901 0.419901 0.419901 0.419901 0.419901 0.419901 0.419901 0.409979 0.419901 0.419901 0.419901 0.419901 0.419901 0.419901 0.419901 0.419901 0.419901 0.417466 0.419901 0.419901 0.419901 0.419901 0.419901 0.419901 0.419901 0.419901 0.419901 0.380012 0.419901 0.419901 0.419901 0.419901 0.419901 0.419901 0.419901 0.419901 0.419901 0.38 0.419901 0.419901 0.419901 0.38 0.419901 0.419901 0.419089 0.419901 0.419901 0.419901 0.419901 0.419901 0.419901 0.380185 0.419901 0.419901 0.419825 0.419901 0.419901 0.419901 0.419901 0.419901 0.419901 0.38 0.419901 0.419901 0.416034 0.419901 0.419901 0.419901 0.419901 0.419901 0.419901 0.38 0.419901 0.419901 0.419716 0.419901 0.419901 0.419901 0.419901 0.419901 0.419901 0.398818 0.419901 0.419901 0.380006 0.419901 0.419901 0.419901 0.419901 0.419901 0.419901 0.406855 0.419901 0.419901 0.38 0.419901 0.419901 0.419901 0.419901 0.419901 0.419901 0.380015 0.419901 0.419901 0.38 0.419901 0.419901 0.419901 0.419901 0.419901 0.419901 0.38032 0.419901 0.419901 0.419453 0.419901 0.419901 0.419901 0.419901 0.419901 0.419901 0.380199 0.419901 0.419901 0.38 0.419901 0.419901 0.419901 0.419901 0.419901 0.419901 0.380002 0.419901 0.419901 0.38 0.419901 0.419901 0.419901 0.419901 0.419901 0.419901 0.419901 0.419901 0.419901 0.419901 0.419901 0.419901 0.419901 0.419901 0.419901 0.419901 0.419901 0.419901 0.419901 0.419901 0.419901 0.419901 0.419901 0.419901 0.419901 0.419901 0.419901 0.419901 0.419901 0.419901 0.419901 0.419901 0.419901 0.419901 0.419901 0.419901 0.419901 0.419901 0.419901 0.419901 0.419901 0.419901 0.419901 0.419901 0.419901 0.419901 0.419901 0.419901 0.419901 0.419901 0.419901 0.419901 0.419901 0.419901 0.419901 0.419901 0.419901 0.419901 0.419901 0.419901 0.419901 0.419901 0.419901 0.419901 0.419901 0.419901 0.419901 0.419901 0.419901 0.419901 0.419901 0.419901 0.419901 0.419901 0.419901 0.419901 0.419901 0.419901 0.419901 0.419901 0.419901 0.419901 0.419901 0.419901 0.419901 0.419901 0.419901 0.419901 0.419901 0.419901 0.419901 0.419901 0.419901 0.419901 0.419901 0.419901 0.419901 0.419901 0.419901 0.419901 0.419901 0.419901 0.419901 0.419901 0.419901 0.419901 0.419901 0.419901 0.419901 0.419901 0.419901 0.419901 0.417052 0.419901 0.419901 0.419901 0.419901 0.419901 0.419901 0.419901 0.419901 0.419901 0.383492 0.419901 0.419901 0.419901 0.419901 0.419901 0.419901 0.419901 0.419901 0.419901 0.419783 0.419901 0.419901 0.419901 0.419901 0.419901 0.419901 0.419901 0.419901 0.419901 0.406324 0.419901 0.419901 0.419901 0.419901 0.419901 0.419901 0.419901 0.419901 0.419901 0.38 0.419901 0.419901 0.419901 0.419901 0.419901 0.419901 0.419901 0.419901 0.419901 0.38 0.419901 0.419901 0.419901 0.419901 0.419901 0.419901 0.419901 0.419901 0.419901 0.380008 0.419901 0.419901 0.419901 0.419901 0.419901 0.419901 0.419901 0.419901 0.419901 0.38 0.419901 0.419901 0.419901 0.419901 0.419901 0.419901 0.419901 0.419901 0.419901 0.380078 0.419901 0.419901 0.419901 0.419901 0.419901 0.419901 0.419901 0.419901 0.419901 0.419521 0.419901 0.419901 

</Matrix>
   <Matrix name="ratesHistory" type="complete" rows="3" columns="10000" multiplier="1.0">
   0 0 0 0 0 0 0 0 0 0 0 0 0 0 0 0 0 0 0 0 0 0 0 0 0 0 0 0 0 0 0 0 0 0 0 0 0 0 0 0 0 0 0 0 0 0 0 0 0 0 0 0 0 0 0 0 0 0 0 0 0 0 0 0 0 0 0 0 0 0 0 0 0 0 0 0 0 0 0 0 0 0 0 0 0 0 0 0 0 0 0 0 0 0 0 0 0 0 0 0 0 0 0 0 0 0 0 0 0 0 0 0 0 0 0 0 0 0 0 0 0 0 0 0 0 0 0 0 0 0 0 0 0 0 0 0 0 0 0 0 0 0 0 0 0 0 0 0 0 0 0 0 0 0 0 0 0 0 0 0 0 0 0 0 0 0 0 0 0 0 0 0 0 0 0 0 0 0 0 0 0 0 0 0 0 0 0 0 0 0 0 0 0 0 0 0 0 0 0 0 0 0 0 0 0 0 0 0 0 0 0 0 0 0 0 0 0 0 0 0 0 0 0 0 0 0 0 0 0 0 0 0 0 0 0 0 0 0 0 0 0 0 0 0 0 0 0 0 0 0 0 0 0 0 0 0 0 0 0 0 0 0 0 0 0 0 0 0 0 0 0 0 0 0 0 0 0 0 0 0 0 0 0 0 0 0 0 0 0 0 0 0 0 0 0 0 0 0 0 0 0 0 0 0 0 0 0 0 0 0 0 0 0 0 0 0 0 0 0 0 0 0 0 0 0 0 0 0 0 0 0 0 0 0 0 0 0 0 0 0 0 0 0 0 0 0 0 0 0 0 0 0 0 0 0 0 0 0 0 0 0 0 0 0 0 0 0 0 0 0 0 0 0 0 0 0 0 0 0 0 0 0 0 0 0 0 0 0 0 0 0 0 0 0 0 0 0 0 0 0 0 0 0 0 0 0 0 0 0 0 0 0 0 0 0 0 0 0 0 0 0 0 0 0 0 0 0 0 0 0 0 0 0 0 0 0 0 0 0 0 0 0 0 0 0 0 0 0 0 0 0 0 0 0 0 0 0 0 0 0 0 0 0 0 0 0 0 0 0 0 0 0 0 0 0 0 0 0 0 0 0 0 0 0 0 0 0 0 0 0 0 0 0 0 0 0 0 0 0 0 0 0 0 0 0 0 0 0 0 0 0 0 0 0 0 0 0 0 0 0 0 0 0 0 0 0 0 0 0 0 0 0 0 0 0 0 0 0 0 0 0 0 0 0 0 0 0 0 0 0 0 0 0 0 0 0 0 0 0 0 0 0 0 0 0 0 0 0 0 0 0 0 0 0 0 0 0 0 0 0 0 0 0 0 0 0 0 0 0 0 0 0 0 0 0 0 0 0 0 0 0 0 0 0 0 0 0 0 0 0 0 0 0 0 0 0 0 0 0 0 0 0 0 0 0 0 0 0 0 0 0 0 0 0 0 0 0 0 0 0 0 0 0 0 0 0 0 0 0 0 0 0 0 0 0 0 0 0 0 0 0 0 0 0 0 0 0 0 0 0 0 0 0 0 0 0 0 0 0 0 0 0 0 0 0 0 0 0 0 0 0 0 0 0 0 0 0 0 0 0 0 0 0 0 0 0 0 0 0 0 0 0 0 0 0 0 0 0 0 0 0 0 0 0 0 0 0 0 0 0 0 0 0 0 0 0 0 0 0 0 0 0 0 0 0 0 0 0 0 0 0 0 0 0 0 0 0 0 0 0 0 0 0 0 0 0 0 0 0 0 0 0 0 0 0 0 0 0 0 0 0 0 0 0 0 0 0 0 0 0 0 0 0 0 0 0 0 0 0 0 0 0 0 0 0 0 0 0 0 0 0 0 0 0 0 0 0 0 0 0 0 0 0 0 0 0 0 0 0 0 0 0 0 0 0 0 0 0 0 0 0 0 0 0 0 0 0 0 0 0 0 0 0 0 0 0 0 0 0 0 0 0 0 0 0 0 0 0 0 0 0 0 0 0 0 0 0 0 0 0 0 0 0 0 0 0 0 0 0 0 0 0 0 0 0 0 0 0 0 0 0 0 0 0 0 0 0 0 0 0 0 0 0 0 0 0 0 0 0 0 0 0 0 0 0 0 0 0 0 0 0 0 0 0 0 0 0 0 0 0 0 0 0 0 0 0 0 0 0 0 0 0 0 0 0 0 0 0 0 0 0 0 0 0 0 0 0 0 0 0 0 0 0 0 0 0 0 0 0 0 0 0 0 0 0 0 0 0 0 0 0 0 0 0 0 0 0 0 0 0 0 0 0 0 0 0 0 0 0 0 0 0 0 0 0 0 0 0 0 0 0 0 0 0 0 0 0 0 0 0 0 0 0 0 0 0 0 0 0 0 0 0 0 0 0 0 0 0 0 0 0 0 0 0 0 0 0 0 0 0 0 0 0 0 0 0 0 0 0 0 0 0 0 0 0 0 0 0 0 0 0 0 0 0 0 0 0 0 0 0 0 0 0 0 0 0 0 0 0 0 0 0 0 0 0 0 0 0 0 0 0 0 0 0 0 0 0 0 0 0 0 0 0 0 0 0 0 0 0 0 0 0 0 0 0 0 0 0 0 0 0 0 0 0 0 0 0 0 0 0 0 0 0 0 0 0 0 0 0 0 0 0 0 0 0 0 0 0 0 0 0 0 0 0 0 0 0 0 0 0 0 0 0 0 0 0 0 0 0 0 0 0 0 0 0 0 0 0 0 0 0 0 0 0 0 0 0 0 0 0 0 0 0 0 0 0 0 0 0 0 0 0 0 0 0 0 0 0 0 0 0 0 0 0 0 0 0 0 0 0 0 0 0 0 0 0 0 0 0 0 0 0 0 0 0 0 0 0 0 0 0 0 0 0 0 0 0 0 0 0 0 0 0 0 0 0 0 0 0 0 0 0 0 0 0 0 0 0 0 0 0 0 0 0 0 0 0 0 0 0 0 0 0 0 0 0 0 0 0 0 0 0 0 0 0 0 0 0 0 0 0 0 0 0 0 0 0 0 0 0 0 0 0 0 0 0 0 0 0 0 0 0 0 0 0 0 0 0 0 0 0 0 0 0 0 0 0 0 0 0 0 0 0 0 0 0 0 0 0 0 0 0 0 0 0 0 0 0 0 0 0 0 0 0 0 0 0 0 0 0 0 0 0 0 0 0 0 0 0 0 0 0 0 0 0 0 0 0 0 0 0 0 0 0 0 0 0 0 0 0 0 0 0 0 0 0 0 0 0 0 0 0 0 0 0 0 0 0 0 0 0 0 0 0 0 0 0 0 0 0 0 0 0 0 0 0 0 0 0 0 0 0 0 0 0 0 0 0 0 0 0 0 0 0 0 0 0 0 0 0 0 0 0 0 0 0 0 0 0 0 0 0 0 0 0 0 0 0 0 0 0 0 0 0 0 0 0 0 0 0 0 0 0 0 0 0 0 0 0 0 0 0 0 0 0 0 0 0 0 0 0 0 0 0 0 0 0 0 0 0 0 0 0 0 0 0 0 0 0 0 0 0 0 0 0 0 0 0 0 0 0 0 0 0 0 0 0 0 0 0 0 0 0 0 0 0 0 0 0 0 0 0 0 0 0 0 0 0 0 0 0 0 0 0 0 0 0 0 0 0 0 0 0 0 0 0 0 0 0 0 0 0 0 0 0 0 0 0 0 0 0 0 0 0 0 0 0 0 0 0 0 0 0 0 0 0 0 0 0 0 0 0 0 0 0 0 0 0 0 0 0 0 0 0 0 0 0 0 0 0 0 0 0 0 0 0 0 0 0 0 0 0 0 0 0 0 0 0 0 0 0 0 0 0 0 0 0 0 0 0 0 0 0 0 0 0 0 0 0 0 0 0 0 0 0 0 0 0 0 0 0 0 0 0 0 0 0 0 0 0 0 0 0 0 0 0 0 0 0 0 0 0 0 0 0 0 0 0 0 0 0 0 0 0 0 0 0 0 0 0 0 0 0 0 0 0 0 0 0 0 0 0 0 0 0 0 0 0 0 0 0 0 0 0 0 0 0 0 0 0 0 0 0 0 0 0 0 0 0 0 0 0 0 0 0 0 0 0 0 0 0 0 0 0 0 0 0 0 0 0 0 0 0 0 0 0 0 0 0 0 0 0 0 0 0 0 0 0 0 0 0 0 0 0 0 0 0 0 0 0 0 0 0 0 0 0 0 0 0 0 0 0 0 0 0 0 0 0 0 0 0 0 0 0 0 0 0 0 0 0 0 0 0 0 0 0 0 0 0 0 0 0 0 0 0 0 0 0 0 0 0 0 0 0 0 0 0 0 0 0 0 0 0 0 0 0 0 0 0 0 0 0 0 0 0 0 0 0 0 0 0 0 0 0 0 0 0 0 0 0 0 0 0 0 0 0 0 0 0 0 0 0 0 0 0 0 0 0 0 0 0 0 0 0 0 0 0 0 0 0 0 0 0 0 0 0 0 0 0 0 0 0 0 0 0 0 0 0 0 0 0 0 0 0 0 0 0 0 0 0 0 0 0 0 0 0 0 0 0 0 0 0 0 0 0 0 0 0 0 0 0 0 0 0 0 0 0 0 0 0 0 0 0 0 0 0 0 0 0 0 0 0 0 0 0 0 0 0 0 0 0 0 0 0 0 0 0 0 0 0 0 0 0 0 0 0 0 0 0 0 0 0 0 0 0 0 0 0 0 0 0 0 0 0 0 0 0 0 0 0 0 0 0 0 0 0 0 0 0 0 0 0 0 0 0 0 0 0 0 0 0 0 0 0 0 0 0 0 0 0 0 0 0 0 0 0 0 0 0 0 0 0 0 0 0 0 0 0 0 0 0 0 0 0 0 0 0 0 0 0 0 0 0 0 0 0 0 0 0 0 0 0 0 0 0 0 0 0 0 0 0 0 0 0 0 0 0 0 0 0 0 0 0 0 0 0 0 0 0 0 0 0 0 0 0 0 0 0 0 0 0 0 0 0 0 0 0 0 0 0 0 0 0 0 0 0 0 0 0 0 0 0 0 0 0 0 0 0 0 0 0 0 0 0 0 0 0 0 0 0 0 0 0 0 0 0 0 0 0 0 0 0 0 0 0 0 0 0 0 0 0 0 0 0 0 0 0 0 0 0 0 0 0 0 0 0 0 0 0 0 0 0 0 0 0 0 0 0 0 0 0 0 0 0 0 0 0 0 0 0 0 0 0 0 0 0 0 0 0 0 0 0 0 0 0 0 0 0 0 0 0 0 0 0 0 0 0 0 0 0 0 0 0 0 0 0 0 0 0 0 0 0 0 0 0 0 0 0 0 0 0 0 0 0 0 0 0 0 0 0 0 0 0 0 0 0 0 0 0 0 0 0 0 0 0 0 0 0 0 0 0 0 0 0 0 0 0 0 0 0 0 0 0 0 0 0 0 0 0 0 0 0 0 0 0 0 0 0 0 0 0 0 0 0 0 0 0 0 0 0 0 0 0 0 0 0 0 0 0 0 0 0 0 0 0 0 0 0 0 0 0 0 0 0 0 0 0 0 0 0 0 0 0 0 0 0 0 0 0 0 0 0 0 0 0 0 0 0 0 0 0 0 0 0 0 0 0 0 0 0 0 0 0 0 0 0 0 0 0 0 0 0 0 0 0 0 0 0 0 0 0 0 0 0 0 0 0 0 0 0 0 0 0 0 0 0 0 0 0 0 0 0 0 0 0 0 0 0 0 0 0 0 0 0 0 0 0 0 0 0 0 0 0 0 0 0 0 0 0 0 0 0 0 0 0 0 0 0 0 0 0 0 0 0 0 0 0 0 0 0 0 0 0 0 0 0 0 0 0 0 0 0 0 0 0 0 0 0 0 0 0 0 0 0 0 0 0 0 0 0 0 0 0 0 0 0 0 0 0 0 0 0 0 0 0 0 0 0 0 0 0 0 0 0 0 0 0 0 0 0 0 0 0 0 0 0 0 0 0 0 0 0 0 0 0 0 0 0 0 0 0 0 0 0 0 0 0 0 0 0 0 0 0 0 0 0 0 0 0 0 0 0 0 0 0 0 0 0 0 0 0 0 0 0 0 0 0 0 0 0 0 0 0 0 0 0 0 0 0 0 0 0 0 0 0 0 0 0 0 0 0 0 0 0 0 0 0 0 0 0 0 0 0 0 0 0 0 0 0 0 0 0 0 0 0 0 0 0 0 0 0 0 0 0 0 0 0 0 0 0 0 0 0 0 0 0 0 0 0 0 0 0 0 0 0 0 0 0 0 0 0 0 0 0 0 0 0 0 0 0 0 0 0 0 0 0 0 0 0 0 0 0 0 0 0 0 0 0 0 0 0 0 0 0 0 0 0 0 0 0 0 0 0 0 0 0 0 0 0 0 0 0 0 0 0 0 0 0 0 0 0 0 0 0 0 0 0 0 0 0 0 0 0 0 0 0 0 0 0 0 0 0 0 0 0 0 0 0 0 0 0 0 0 0 0 0 0 0 0 0 0 0 0 0 0 0 0 0 0 0 0 0 0 0 0 0 0 0 0 0 0 0 0 0 0 0 0 0 0 0 0 0 0 0 0 0 0 0 0 0 0 0 0 0 0 0 0 0 0 0 0 0 0 0 0 0 0 0 0 0 0 0 0 0 0 0 0 0 0 0 0 0 0 0 0 0 0 0 0 0 0 0 0 0 0 0 0 0 0 0 0 0 0 0 0 0 0 0 0 0 0 0 0 0 0 0 0 0 0 0 0 0 0 0 0 0 0 0 0 0 0 0 0 0 0 0 0 0 0 0 0 0 0 0 0 0 0 0 0 0 0 0 0 0 0 0 0 0 0 0 0 0 0 0 0 0 0 0 0 0 0 0 0 0 0 0 0 0 0 0 0 0 0 0 0 0 0 0 0 0 0 0 0 0 0 0 0 0 0 0 0 0 0 0 0 0 0 0 0 0 0 0 0 0 0 0 0 0 0 0 0 0 0 0 0 0 0 0 0 0 0 0 0 0 0 0 0 0 0 0 0 0 0 0 0 0 0 0 0 0 0 0 0 0 0 0 0 0 0 0 0 0 0 0 0 0 0 0 0 0 0 0 0 0 0 0 0 0 0 0 0 0 0 0 0 0 0 0 0 0 0 0 0 0 0 0 0 0 0 0 0 0 0 0 0 0 0 0 0 0 0 0 0 0 0 0 0 0 0 0 0 0 0 0 0 0 0 0 0 0 0 0 0 0 0 0 0 0 0 0 0 0 0 0 0 0 0 0 0 0 0 0 0 0 0 0 0 0 0 0 0 0 0 0 0 0 0 0 0 0 0 0 0 0 0 0 0 0 0 0 0 0 0 0 0 0 0 0 0 0 0 0 0 0 0 0 0 0 0 0 0 0 0 0 0 0 0 0 0 0 0 0 0 0 0 0 0 0 0 0 0 0 0 0 0 0 0 0 0 0 0 0 0 0 0 0 0 0 0 0 0 0 0 0 0 0 0 0 0 0 0 0 0 0 0 0 0 0 0 0 0 0 0 0 0 0 0 0 0 0 0 0 0 0 0 0 0 0 0 0 0 0 0 0 0 0 0 0 0 0 0 0 0 0 0 0 0 0 0 0 0 0 0 0 0 0 0 0 0 0 0 0 0 0 0 0 0 0 0 0 0 0 0 0 0 0 0 0 0 0 0 0 0 0 0 0 0 0 0 0 0 0 0 0 0 0 0 0 0 0 0 0 0 0 0 0 0 0 0 0 0 0 0 0 0 0 0 0 0 0 0 0 0 0 0 0 0 0 0 0 0 0 0 0 0 0 0 0 0 0 0 0 0 0 0 0 0 0 0 0 0 0 0 0 0 0 0 0 0 0 0 0 0 0 0 0 0 0 0 0 0 0 0 0 0 0 0 0 0 0 0 0 0 0 0 0 0 0 0 0 0 0 0 0 0 0 0 0 0 0 0 0 0 0 0 0 0 0 0 0 0 0 0 0 0 0 0 0 0 0 0 0 0 0 0 0 0 0 0 0 0 0 0 0 0 0 0 0 0 0 0 0 0 0 0 0 0 0 0 0 0 0 0 0 0 0 0 0 0 0 0 0 0 0 0 0 0 0 0 0 0 0 0 0 0 0 0 0 0 0 0 0 0 0 0 0 0 0 0 0 0 0 0 0 0 0 0 0 0 0 0 0 0 0 0 0 0 0 0 0 0 0 0 0 0 0 0 0 0 0 0 0 0 0 0 0 0 0 0 0 0 0 0 0 0 0 0 0 0 0 0 0 0 0 0 0 0 0 0 0 0 0 0 0 0 0 0 0 0 0 0 0 0 0 0 0 0 0 0 0 0 0 0 0 0 0 0 0 0 0 0 0 0 0 0 0 0 0 0 0 0 0 0 0 0 0 0 0 0 0 0 0 0 0 0 0 0 0 0 0 0 0 0 0 0 0 0 0 0 0 0 0 0 0 0 0 0 0 0 0 0 0 0 0 0 0 0 0 0 0 0 0 0 0 0 0 0 0 0 0 0 0 0 0 0 0 0 0 0 0 0 0 0 0 0 0 0 0 0 0 0 0 0 0 0 0 0 0 0 0 0 0 0 0 0 0 0 0 0 0 0 0 0 0 0 0 0 0 0 0 0 0 0 0 0 0 0 0 0 0 0 0 0 0 0 0 0 0 0 0 0 0 0 0 0 0 0 0 0 0 0 0 0 0 0 0 0 0 0 0 0 0 0 0 0 0 0 0 0 0 0 0 0 0 0 0 0 0 0 0 0 0 0 0 0 0 0 0 0 0 0 0 0 0 0 0 0 0 0 0 0 0 0 0 0 0 0 0 0 0 0 0 0 0 0 0 0 0 0 0 0 0 0 0 0 0 0 0 0 0 0 0 0 0 0 0 0 0 0 0 0 0 0 0 0 0 0 0 0 0 0 0 0 0 0 0 0 0 0 0 0 0 0 0 0 0 0 0 0 0 0 0 0 0 0 0 0 0 0 0 0 0 0 0 0 0 0 0 0 0 0 0 0 0 0 0 0 0 0 0 0 0 0 0 0 0 0 0 0 0 0 0 0 0 0 0 0 0 0 0 0 0 0 0 0 0 0 0 0 0 0 0 0 0 0 0 0 0 0 0 0 0 0 0 0 0 0 0 0 0 0 0 0 0 0 0 0 0 0 0 0 0 0 0 0 0 0 0 0 0 0 0 0 0 0 0 0 0 0 0 0 0 0 0 0 0 0 0 0 0 0 0 0 0 0 0 0 0 0 0 0 0 0 0 0 0 0 0 0 0 0 0 0 0 0 0 0 0 0 0 0 0 0 0 0 0 0 0 0 0 0 0 0 0 0 0 0 0 0 0 0 0 0 0 0 0 0 0 0 0 0 0 0 0 0 0 0 0 0 0 0 0 0 0 0 0 0 0 0 0 0 0 0 0 0 0 0 0 0 0 0 0 0 0 0 0 0 0 0 0 0 0 0 0 0 0 0 0 0 0 0 0 0 0 0 0 0 0 0 0 0 0 0 0 0 0 0 0 0 0 0 0 0 0 0 0 0 0 0 0 0 0 0 0 0 0 0 0 0 0 0 0 0 0 0 0 0 0 0 0 0 0 0 0 0 0 0 0 0 0 0 0 0 0 0 0 0 0 0 0 0 0 0 0 0 0 0 0 0 0 0 0 0 0 0 0 0 0 0 0 0 0 0 0 0 0 0 0 0 0 0 0 0 0 0 0 0 0 0 0 0 0 0 0 0 0 0 0 0 0 0 0 0 0 0 0 0 0 0 0 0 0 0 0 0 0 0 0 0 0 0 0 0 0 0 0 0 0 0 0 0 0 0 0 0 0 0 0 0 0 0 0 0 0 0 0 0 0 0 0 0 0 0 0 0 0 0 0 0 0 0 0 0 0 0 0 0 0 0 0 0 0 0 0 0 0 0 0 0 0 0 0 0 0 0 0 0 0 0 0 0 0 0 0 0 0 0 0 0 0 0 0 0 0 0 0 0 0 0 0 0 0 0 0 0 0 0 0 0 0 0 0 0 0 0 0 0 0 0 0 0 0 0 0 0 0 0 0 0 0 0 0 0 0 0 0 0 0 0 0 0 0 0 0 0 0 0 0 0 0 0 0 0 0 0 0 0 0 0 0 0 0 0 0 0 0 0 0 0 0 0 0 0 0 0 0 0 0 0 0 0 0 0 0 0 0 0 0 0 0 0 0 0 0 0 0 0 0 0 0 0 0 0 0 0 0 0 0 0 0 0 0 0 0 0 0 0 0 0 0 0 0 0 0 0 0 0 0 0 0 0 0 0 0 0 0 0 0 0 0 0 0 0 0 0 0 0 0 0 0 0 0 0 0 0 0 0 0 0 0 0 0 0 0 0 0 0 0 0 0 0 0 0 0 0 0 0 0 0 0 0 0 0 0 0 0 0 0 0 0 0 0 0 0 0 0 0 0 0 0 0 0 0 0 0 0 0 0 0 0 0 0 0 0 0 0 0 0 0 0 0 0 0 0 0 0 0 0 0 0 0 0 0 0 0 0 0 0 0 0 0 0 0 0 0 0 0 0 0 0 0 0 0 0 0 0 0 0 0 0 0 0 0 0 0 0 0 0 0 0 0 0 0 0 0 0 0 0 0 0 0 0 0 0 0 0 0 0 0 0 0 0 0 0 0 0 0 0 0 0 0 0 0 0 0 0 0 0 0 0 0 0 0 0 0 0 0 0 0 0 0 0 0 0 0 0 0 0 0 0 0 0 0 0 0 0 0 0 0 0 0 0 0 0 0 0 0 0 0 0 0 0 0 0 0 0 0 0 0 0 0 0 0 0 0 0 0 0 0 0 0 0 0 0 0 0 0 0 0 0 0 0 0 0 0 0 0 0 0 0 0 0 0 0 0 0 0 0 0 0 0 0 0 0 0 0 0 0 0 0 0 0 0 0 0 0 0 0 0 0 0 0 0 0 0 0 0 0 0 0 0 0 0 0 0 0 0 0 0 0 0 0 0 0 0 0 0 0 0 0 0 0 0 0 0 0 0 0 0 0 0 0 0 0 0 0 0 0 0 0 0 0 0 0 0 0 0 0 0 0 0 0 0 0 0 0 0 0 0 0 0 0 0 0 0 0 0 0 0 0 0 0 0 0 0 0 0 0 0 0 0 0 0 0 0 0 0 0 0 0 0 0 0 0 0 0 0 0 0 0 0 0 0 0 0 0 0 0 0 0 0 0 0 0 0 0 0 0 0 0 0 0 0 0 0 0 0 0 0 0 0 0 0 0 0 0 0 0 0 0 0 0 0 0 0 0 0 0 0 0 0 0 0 0 0 0 0 0 0 0 0 0 0 0 0 0 0 0 0 0 0 0 0 0 0 0 0 0 0 0 0 0 0 0 0 0 0 0 0 0 0 0 0 0 0 0 0 0 0 0 0 0 0 0 0 0 0 0 0 0 0 0 0 0 0 0 0 0 0 0 0 0 0 0 0 0 0 0 0 0 0 0 0 0 0 0 0 0 0 0 0 0 0 0 0 0 0 0 0 0 0 0 0 0 0 0 0 0 0 0 0 0 0 0 0 0 0 0 0 0 0 0 0 0 0 0 0 0 0 0 0 0 0 0 0 0 0 0 0 0 0 0 0 0 0 0 0 0 0 0 0 0 0 0 0 0 0 0 0 0 0 0 0 0 0 0 0 0 0 0 0 0 0 0 0 0 0 0 0 0 0 0 0 0 0 0 0 0 0 0 0 0 0 0 0 0 0 0 0 0 0 0 0 0 0 0 0 0 0 0 0 0 0 0 0 0 0 0 0 0 0 0 0 0 0 0 0 0 0 0 0 0 0 0 0 0 0 0 0 0 0 0 0 0 0 0 0 0 0 0 0 0 0 0 0 0 0 0 0 0 0 0 0 0 0 0 0 0 0 0 0 0 0 0 0 0 0 0 0 0 0 0 0 0 0 0 0 0 0 0 0 0 0 0 0 0 0 0 0 0 0 0 0 0 0 0 0 0 0 0 0 0 0 0 0 0 0 0 0 0 0 0 0 0 0 0 0 0 0 0 0 0 0 0 0 0 0 0 0 0 0 0 0 0 0 0 0 0 0 0 0 0 0 0 0 0 0 0 0 0 0 0 0 0 0 0 0 0 0 0 0 0 0 0 0 0 0 0 0 0 0 0 0 0 0 0 0 0 0 0 0 0 0 0 0 0 0 0 0 0 0 0 0 0 0 0 0 0 0 0 0 0 0 0 0 0 0 0 0 0 0 0 0 0 0 0 0 0 0 0 0 0 0 0 0 0 0 0 0 0 0 0 0 0 0 0 0 0 0 0 0 0 0 0 0 0 0 0 0 0 0 0 0 0 0 0 0 0 0 0 0 0 0 0 0 0 0 0 0 0 0 0 0 0 0 0 0 0 0 0 0 0 0 0 0 0 0 0 0 0 0 0 0 0 0 0 0 0 0 0 0 0 0 0 0 0 0 0 0 0 0 0 0 0 0 0 0 0 0 0 0 0 0 0 0 0 0 0 0 0 0 0 0 0 0 0 0 0 0 0 0 0 0 0 0 0 0 0 0 0 0 0 0 0 0 0 0 0 0 0 0 0 0 0 0 0 0 0 0 0 0 0 0 0 0 0 0 0 0 0 0 0 0 0 0 0 0 0 0 0 0 0 0 0 0 0 0 0 0 0 0 0 0 0 0 0 0 0 0 0 0 0 0 0 0 0 0 0 0 0 0 0 0 0 0 0 0 0 0 0 0 0 0 0 0 0 0 0 0 0 0 0 0 0 0 0 0 0 0 0 0 0 0 0 0 0 0 0 0 0 0 0 0 0 0 0 0 0 0 0 0 0 0 0 0 0 0 0 0 0 0 0 0 0 0 0 0 0 0 0 0 0 0 0 0 0 0 0 0 0 0 0 0 0 0 0 0 0 0 0 0 0 0 0 0 0 0 0 0 0 0 0 0 0 0 0 0 0 0 0 0 0 0 0 0 0 0 0 0 0 0 0 0 0 0 0 0 0 0 0 0 0 0 0 0 0 0 0 0 0 0 0 0 0 0 0 0 0 0 0 0 0 0 0 0 0 0 0 0 0 0 0 0 0 0 0 0 0 0 0 0 0 0 0 0 0 0 0 0 0 0 0 0 0 0 0 0 0 0 0 0 0 0 0 0 0 0 0 0 0 0 0 0 0 0 0 0 0 0 0 0 0 0 0 0 0 0 0 0 0 0 0 0 0 0 0 0 0 0 0 0 0 0 0 0 0 0 0 0 0 0 0 0 0 0 0 0 0 0 0 0 0 0 0 0 0 0 0 0 0 0 0 0 0 0 0 0 0 0 0 0 0 0 0 0 0 0 0 0 0 0 0 0 0 0 0 0 0 0 0 0 0 0 0 0 0 0 0 0 0 0 0 0 0 0 0 0 0 0 0 0 0 0 0 0 0 0 0 0 0 0 0 0 0 0 0 0 0 0 0 0 0 0 0 0 0 0 0 0 0 0 0 0 0 0 0 0 0 0 0 0 0 0 0 0 0 0 0 0 0 0 0 0 0 0 0 0 0 0 0 0 0 0 0 0 0 0 0 0 0 0 0 0 0 0 0 0 0 0 0 0 0 0 0 0 0 0 0 0 0 0 0 0 0 0 0 0 0 0 0 0 0 0 0 0 0 0 0 0 0 0 0 0 0 0 0 0 0 0 0 0 0 0 0 0 0 0 0 0 0 0 0 0 0 0 0 0 0 0 0 0 0 0 0 0 0 0 0 0 0 0 0 0 0 0 0 0 0 0 0 0 0 0 0 0 0 0 0 0 0 0 0 0 0 0 0 0 0 0 0 0 0 0 0 0 0 0 0 0 0 0 0 0 0 0 0 0 0 0 0 0 0 0 0 0 0 0 0 0 0 0 0 0 0 0 0 0 0 0 0 0 0 0 0 0 0 0 0 0 0 0 0 0 0 0 0 0 0 0 0 0 0 0 0 0 0 0 0 0 0 0 0 0 0 0 0 0 0 0 0 0 0 0 0 0 0 0 0 0 0 0 0 0 0 0 0 0 0 0 0 0 0 0 0 0 0 0 0 0 0 0 0 0 0 0 0 0 0 0 0 0 0 0 0 0 0 0 0 0 0 0 0 0 0 0 0 0 0 0 0 0 0 0 0 0 0 0 0 0 0 0 0 0 0 0 0 0 0 0 0 0 0 0 0 0 0 0 0 0 0 0 0 0 0 0 0 0 0 0 0 0 0 0 0 0 0 0 0 0 0 0 0 0 0 0 0 0 0 0 0 0 0 0 0 0 0 0 0 0 0 0 0 0 0 0 0 0 0 0 0 0 0 0 0 0 0 0 0 0 0 0 0 0 0 0 0 0 0 0 0 0 0 0 0 0 0 0 0 0 0 0 0 0 0 0 0 0 0 0 0 0 0 0 0 0 0 0 0 0 0 0 0 0 0 0 0 0 0 0 0 0 0 0 0 0 0 0 0 0 0 0 0 0 0 0 0 0 0 0 0 0 0 0 0 0 0 0 0 0 0 0 0 0 0 0 0 0 0 0 0 0 0 0 0 0 0 0 0 0 0 0 0 0 0 0 0 0 0 0 0 0 0 0 0 0 0 0 0 0 0 0 0 0 0 0 0 0 0 0 0 0 0 0 0 0 0 0 0 0 0 0 0 0 0 0 0 0 0 0 0 0 0 0 0 0 0 0 0 0 0 0 0 0 0 0 0 0 0 0 0 0 0 0 0 0 0 0 0 0 0 0 0 0 0 0 0 0 0 0 0 0 0 0 0 0 0 0 0 0 0 0 0 0 0 0 0 0 0 0 0 0 0 0 0 0 0 0 0 0 0 0 0 0 0 0 0 0 0 0 0 0 0 0 0 0 0 0 0 0 0 0 0 0 0 0 0 0 0 0 0 0 0 0 0 0 0 0 0 0 0 0 0 0 0 0 0 0 0 0 0 0 0 0 0 0 0 0 0 0 0 0 0 0 0 0 0 0 0 0 0 0 0 0 0 0 0 0 0 0 0 0 0 0 0 0 0 0 0 0 0 0 0 0 0 0 0 0 0 0 0 0 0 0 0 0 0 0 0 0 0 0 0 0 0 0 0 0 0 0 0 0 0 0 0 0 0 0 0 0 0 0 0 0 0 0 0 0 0 0 0 0 0 0 0 0 0 0 0 0 0 0 0 0 0 0 0 0 0 0 0 0 0 0 0 0 0 0 0 0 0 0 0 0 0 0 0 0 0 0 0 0 0 0 0 0 0 0 0 0 0 0 0 0 0 0 0 0 0 0 0 0 0 0 0 0 0 0 0 0 0 0 0 0 0 0 0 0 0 0 0 0 0 0 0 0 0 0 0 0 0 0 0 0 0 0 0 0 0 0 0 0 0 0 0 0 0 0 0 0 0 0 0 0 0 0 0 0 0 0 0 0 0 0 0 0 0 0 0 0 0 0 0 0 0 0 0 0 0 0 0 0 0 0 0 0 0 0 0 0 0 0 0 0 0 0 0 0 0 0 0 0 0 0 0 0 0 0 0 0 0 0 0 0 0 0 0 0 0 0 0 0 0 0 0 0 0 0 0 0 0 0 0 0 0 0 0 0 0 0 0 0 0 0 0 0 0 0 0 0 0 0 0 0 0 0 0 0 0 0 0 0 0 0 0 0 0 0 0 0 0 0 0 0 0 0 0 0 0 0 0 0 0 0 0 0 0 0 0 0 0 0 0 0 0 0 0 0 0 0 0 0 0 0 0 0 0 0 0 0 0 0 0 0 0 0 0 0 0 0 0 0 0 0 0 0 0 0 0 0 0 0 0 0 0 0 0 0 0 0 0 0 0 0 0 0 0 0 0 0 0 0 0 0 0 0 0 0 0 0 0 0 0 0 0 0 0 0 0 0 0 0 0 0 0 0 0 0 0 0 0 0 0 0 0 0 0 0 0 0 0 0 0 0 0 0 0 0 0 0 0 0 0 0 0 0 0 0 0 0 0 0 0 0 0 0 0 0 0 0 0 0 0 0 0 0 0 0 0 0 0 0 0 0 0 0 0 0 0 0 0 0 0 0 0 0 0 0 0 0 0 0 0 0 0 0 0 0 0 0 0 0 0 0 0 0 0 0 0 0 0 0 0 0 0 0 0 0 0 0 0 0 0 0 0 0 0 0 0 0 0 0 0 0 0 0 0 0 0 0 0 0 0 0 0 0 0 0 0 0 0 0 0 0 0 0 0 0 0 0 0 0 0 0 0 0 0 0 0 0 0 0 0 0 0 0 0 0 0 0 0 0 0 0 0 0 0 0 0 0 0 0 0 0 0 0 0 0 0 0 0 0 0 0 0 0 0 0 0 0 0 0 0 0 0 0 0 0 0 0 0 0 0 0 0 0 0 0 0 0 0 0 0 0 0 0 0 0 0 0 0 0 0 0 0 0 0 0 0 0 0 0 0 0 0 0 0 0 0 0 0 0 0 0 0 0 0 0 0 0 0 0 0 0 0 0 0 0 0 0 0 0 0 0 0 0 0 0 0 0 0 0 0 0 0 0 0 0 0 0 0 0 0 0 0 0 0 0 0 0 0 0 0 0 0 0 0 0 0 0 0 0 0 0 0 0 0 0 0 0 0 0 0 0 0 0 0 0 0 0 0 0 0 0 0 0 0 0 0 0 0 0 0 0 0 0 0 0 0 0 0 0 0 0 0 0 0 0 0 0 0 0 0 0 0 0 0 0 0 0 0 0 0 0 0 0 0 0 0 0 0 0 0 0 0 0 0 0 0 0 0 0 0 0 0 0 0 0 0 0 0 0 0 0 0 0 0 0 0 0 0 0 0 0 0 0 0 0 0 0 0 0 0 0 0 0 0 0 0 0 0 0 0 0 0 0 0 0 0 0 0 0 0 0 0 0 0 0 0 0 0 0 0 0 0 0 0 0 0 0 0 0 0 0 0 0 0 0 0 0 0 0 0 0 0 0 0 0 0 0 0 0 0 0 0 0 0 0 0 0 0 0 0 0 0 0 0 0 0 0 0 0 0 0 0 0 0 0 0 0 0 0 0 0 0 0 0 0 0 0 0 0 0 0 0 0 0 0 0 0 0 0 0 0 0 0 0 0 0 0 0 0 0 0 0 0 0 0 0 0 0 0 0 0 0 0 0 0 0 0 0 0 0 0 0 0 0 0 0 0 0 0 0 0 0 0 0 0 0 0 0 0 0 0 0 0 0 0 0 0 0 0 0 0 0 0 0 0 0 0 0 0 0 0 0 0 0 0 0 0 0 0 0 0 0 0 0 0 0 0 0 0 0 0 0 0 0 0 0 0 0 0 0 0 0 0 0 0 0 0 0 0 0 0 0 0 0 0 0 0 0 0 0 0 0 0 0 0 0 0 0 0 0 0 0 0 0 0 0 0 0 0 0 0 0 0 0 0 0 0 0 0 0 0 0 0 0 0 0 0 0 0 0 0 0 0 0 0 0 0 0 0 0 0 0 0 0 0 0 0 0 0 0 0 0 0 0 0 0 0 0 0 0 0 0 0 0 0 0 0 0 0 0 0 0 0 0 0 0 0 0 0 0 0 0 0 0 0 0 0 0 0 0 0 0 0 0 0 0 0 0 0 0 0 0 0 0 0 0 0 0 0 0 0 0 0 0 0 0 0 0 0 0 0 0 0 0 0 0 0 0 0 0 0 0 0 0 0 0 0 0 0 0 0 0 0 0 0 0 0 0 0 0 0 0 0 0 0 0 0 0 0 0 0 0 0 0 0 0 0 0 0 0 0 0 0 0 0 0 0 0 0 0 0 0 0 0 0 0 0 0 0 0 0 0 0 0 0 0 0 0 0 0 0 0 0 0 0 0 0 0 0 0 0 0 0 0 0 0 0 0 0 0 0 0 0 0 0 0 0 0 0 0 0 0 0 0 0 0 0 0 0 0 0 0 0 0 0 0 0 0 0 0 0 0 0 0 0 0 0 0 0 0 0 0 0 0 0 0 0 0 0 0 0 0 0 0 0 0 0 0 0 0 0 0 0 0 0 0 0 0 0 0 0 0 0 0 0 0 0 0 0 0 0 0 0 0 0 0 0 0 0 0 0 0 0 0 0 0 0 0 0 0 0 0 0 0 0 0 0 0 0 0 0 0 0 0 0 0 0 0 0 0 0 0 0 0 0 0 0 0 0 0 0 0 0 0 0 0 0 0 0 0 0 0 0 0 0 0 0 0 0 0 0 0 0 0 0 0 0 0 0 0 0 0 0 0 0 0 0 0 0 0 0 0 0 0 0 0 0 0 0 0 0 0 0 0 0 0 0 0 0 0 0 0 0 0 0 0 0 0 0 0 0 0 0 0 0 0 0 0 0 0 0 0 0 0 0 0 0 0 0 0 0 0 0 0 0 0 0 0 0 0 0 0 0 0 0 0 0 0 0 0 0 0 0 0 0 0 0 0 0 0 0 0 0 0 0 0 0 0 0 0 0 0 0 0 0 0 0 0 0 0 0 0 0 0 0 0 0 0 0 0 0 0 0 0 0 0 0 0 0 0 0 0 0 0 0 0 0 0 0 0 0 0 0 0 0 0 0 0 0 0 0 0 0 0 0 0 0 0 0 0 0 0 0 0 0 0 0 0 0 0 0 0 0 0 0 0 0 0 0 0 0 0 0 0 0 0 0 0 0 0 0 0 0 0 0 0 0 0 0 0 0 0 0 0 0 0 0 0 0 0 0 0 0 0 0 0 0 0 0 0 0 0 0 0 0 0 0 0 0 0 0 0 0 0 0 0 0 0 0 0 0 0 0 0 0 0 0 0 0 0 0 0 0 0 0 0 0 0 0 0 0 0 0 0 0 0 0 0 0 0 0 0 0 0 0 0 0 0 0 0 0 0 0 0 0 0 0 0 0 0 0 0 0 0 0 0 0 0 0 0 0 0 0 0 0 0 0 0 0 0 0 0 0 0 0 0 0 0 0 0 0 0 0 0 0 0 0 0 0 0 0 0 0 0 0 0 0 0 0 0 0 0 0 0 0 0 0 0 0 0 0 0 0 0 0 0 0 0 0 0 0 0 0 0 0 0 0 0 0 0 0 0 0 0 0 0 0 0 0 0 0 0 0 0 0 0 0 0 0 0 0 0 0 0 0 0 0 0 0 0 0 0 0 0 0 0 0 0 0 0 0 0 0 0 0 0 0 0 0 0 0 0 0 0 0 0 0 0 0 0 0 0 0 0 0 0 0 0 0 0 0 0 0 0 0 0 0 0 0 0 0 0 0 0 0 0 0 0 0 0 0 0 0 0 0 0 0 0 0 0 0 0 0 0 0 0 0 0 0 0 0 0 0 0 0 0 0 0 0 0 0 0 0 0 0 0 0 0 0 0 0 0 0 0 0 0 0 0 0 0 0 0 0 0 0 0 0 0 0 0 0 0 0 0 0 0 0 0 0 0 0 0 0 0 0 0 0 0 0 0 0 0 0 0 0 0 0 0 0 0 0 0 0 0 0 0 0 0 0 0 0 0 0 0 0 0 0 0 0 0 0 0 0 0 0 0 0 0 0 0 0 0 0 0 0 0 0 0 0 0 0 0 0 0 0 0 0 0 0 0 0 0 0 0 0 0 0 0 0 0 0 0 0 0 0 0 0 0 0 0 0 0 0 0 0 0 0 0 0 0 0 0 0 0 0 0 0 0 0 0 0 0 0 0 0 0 0 0 0 0 0 0 0 0 0 0 0 0 0 0 0 0 0 0 0 0 0 0 0 0 0 0 0 0 0 0 0 0 0 0 0 0 0 0 0 0 0 0 0 0 0 0 0 0 0 0 0 0 0 0 0 0 0 0 0 0 0 0 0 0 0 0 0 0 0 0 0 0 0 0 0 0 0 0 0 0 0 0 0 0 0 0 0 0 0 0 0 0 0 0 0 0 0 0 0 0 0 0 0 0 0 0 0 0 0 0 0 0 0 0 0 0 0 0 0 0 0 0 0 0 0 0 0 0 0 0 0 0 0 0 0 0 0 0 0 0 0 0 0 0 0 0 0 0 0 0 0 0 0 0 0 0 0 0 0 0 0 0 0 0 0 0 0 0 0 0 0 0 0 0 0 0 0 0 0 0 0 0 0 0 0 0 0 0 0 0 0 0 0 0 0 0 0 0 0 0 0 0 0 0 0 0 0 0 0 0 0 0 0 0 0 0 0 0 0 0 0 0 0 0 0 0 0 0 0 0 0 0 0 0 0 0 0 0 0 0 0 0 0 0 0 0 0 0 0 0 0 0 0 0 0 0 0 0 0 0 0 0 0 0 0 0 0 0 0 0 0 0 0 0 0 0 0 0 0 0 0 0 0 0 0 0 0 0 0 0 0 0 0 0 0 0 0 0 0 0 0 0 0 0 0 0 0 0 0 0 0 0 0 0 0 0 0 0 0 0 0 0 0 0 0 0 0 0 0 0 0 0 0 0 0 0 0 0 0 0 0 0 0 0 0 0 0 0 0 0 0 0 0 0 0 0 0 0 0 0 0 0 0 0 0 0 0 0 0 0 0 0 0 0 0 0 0 0 0 0 0 0 0 0 0 0 0 0 0 0 0 0 0 0 0 0 0 0 0 0 0 0 0 0 0 0 0 0 0 0 0 0 0 0 0 0 0 0 0 0 0 0 0 0 0 0 0 0 0 0 0 0 0 0 0 0 0 0 0 0 0 0 0 0 0 0 0 0 0 0 0 0 0 0 0 0 0 0 0 0 0 0 0 0 0 0 0 0 0 0 0 0 0 0 0 0 0 0 0 0 0 0 0 0 0 0 0 0 0 0 0 0 0 0 0 0 0 0 0 0 0 0 0 0 0 0 0 0 0 0 0 0 0 0 0 0 0 0 0 0 0 0 0 0 0 0 0 0 0 0 0 0 0 0 0 0 0 0 0 0 0 0 0 0 0 0 0 0 0 0 0 0 0 0 0 0 0 0 0 0 0 0 0 0 0 0 0 0 0 0 0 0 0 0 0 0 0 0 0 0 0 0 0 0 0 0 0 0 0 0 0 0 0 0 0 0 0 0 0 0 0 0 0 0 0 0 0 0 0 0 0 0 0 0 0 0 0 0 0 0 0 0 0 0 0 0 0 0 0 0 0 0 0 0 0 0 0 0 0 0 0 0 0 0 0 0 0 0 0 0 0 0 0 0 0 0 0 0 0 0 0 0 0 0 0 0 0 0 0 0 0 0 0 0 0 0 0 0 0 0 0 0 0 0 0 0 0 0 0 0 0 0 0 0 0 0 0 0 0 0 0 0 0 0 0 0 0 0 0 0 0 0 0 0 0 0 0 0 0 0 0 0 0 0 0 0 0 0 0 0 0 0 0 0 0 0 0 0 0 0 0 0 0 0 0 0 0 0 0 0 0 0 0 0 0 0 0 0 0 0 0 0 0 0 0 0 0 0 0 0 0 0 0 0 0 0 0 0 0 0 0 0 0 0 0 0 0 0 0 0 0 0 0 0 0 0 0 0 0 0 0 0 0 0 0 0 0 0 0 0 0 0 0 0 0 0 0 0 0 0 0 0 0 0 0 0 0 0 0 0 0 0 0 0 0 0 0 0 0 0 0 0 0 0 0 0 0 0 0 0 0 0 0 0 0 0 0 0 0 0 0 0 0 0 0 0 0 0 0 0 0 0 0 0 0 0 0 0 0 0 0 0 0 0 0 0 0 0 0 0 0 0 0 0 0 0 0 0 0 0 0 0 0 0 0 0 0 0 0 0 0 0 0 0 0 0 0 0 0 0 0 0 0 0 0 0 0 0 0 0 0 0 0 0 0 0 0 0 0 0 0 0 0 0 0 0 0 0 0 0 0 0 0 0 0 0 0 0 0 0 0 0 0 0 0 0 0 0 0 0 0 0 0 0 0 0 0 0 0 0 0 0 0 0 0 0 0 0 0 0 0 0 0 0 0 0 0 0 0 0 0 0 0 0 0 0 0 0 0 0 0 0 0 0 0 0 0 0 0 0 0 0 0 0 0 0 0 0 0 0 0 0 0 0 0 0 0 0 0 0 0 0 0 0 0 0 0 0 0 0 0 0 0 0 0 0 0 0 0 0 0 0 0 0 0 0 0 0 0 0 0 0 0 0 0 0 0 0 0 0 0 0 0 0 0 0 0 0 0 0 0 0 0 0 0 0 0 0 0 0 0 0 0 0 0 0 0 0 0 0 0 0 0 0 0 0 0 0 0 0 0 0 0 0 0 0 0 0 0 0 0 0 0 0 0 0 0 0 0 0 0 0 0 0 0 0 0 0 0 0 0 0 0 0 0 0 0 0 0 0 0 0 0 0 0 0 0 0 0 0 0 0 0 0 0 0 0 0 0 0 0 0 0 0 0 0 0 0 0 0 0 0 0 0 0 0 0 0 0 0 0 0 0 0 0 0 0 0 0 0 0 0 0 0 0 0 0 0 0 0 0 0 0 0 0 0 0 0 0 0 0 0 0 0 0 0 0 0 0 0 0 0 0 0 0 0 0 0 0 0 0 0 0 0 0 0 0 0 0 0 0 0 0 0 0 0 0 0 0 0 0 0 0 0 0 0 0 0 0 0 0 0 
0 0 0 0 0 0 0 0.9 0 0 0 0 0 0 0 0 0 5.64 0 0 0 0 0 0 0 0 0 3.07 0 0 0 0 0 0 0 0 0 0.15 0 0 0 0 0 0 0 0 0 2.2 0 0 0 0 0 0 0 0 0 2.5 0 0 0 0 0 0 0 0 0 2.36 0 0 0 0 0 0 0 0 0 0.21 0 0 0 0 0 0 0 0 0 0.53 0 0 0 0 0 0 0 0 0 2.34 0 0 0 0.77 0 0 5 0 0 0 0 0 0 1.13 0 0 1.14 0 0 0 0 0 0 1.97 0 0 2.9 0 0 0 0 0 0 0.45 0 0 3.72 0 0 0 0 0 0 0.49 0 0 1.34 0 0 0 0 0 0 0.48 0 0 2.24 0 0 0 0 0 0 1.9 0 0 2.19 0 0 0 0 0 0 1.52 0 0 3.65 0 0 0 0 0 0 0.18 0 0 0.43 0 0 0 0 0 0 4.22 0 0 3.12 0 0 0 0 0 0 0 0 0 0 0 0 0 0 0 0 0 0 0 0 0 0 0 0 0 0 0 0 0 0 0 0 0 0 0 0 0 0 0 0 0 0 0 0 0 0 0 0 0 0 0 0 0 0 0 0 0 0 0 0 0 0 0 0 0 0 0 0 0 0 0 0 0 0 0 0 0 0 0 0 0 0 0 0 0 0 0 0 0 0 0 0 0 0 0 0 0 0 0 0 0 0 0 0 0 0 0 0 0 0 0 0 4.34 0 0 0 0 0 0 0 0 0 0.63 0 0 0 0 0 0 0 0 0 3.38 0 0 0 0 0 0 0 0 0 3.8 0 0 0 0 0 0 0 0 0 0.54 0 0 0 0 0 0 0 0 0 1.32 0 0 0 0 0 0 0 0 0 4.32 0 0 0 0 0 0 0 0 0 1.32 0 0 0 0 0 0 0 0 0 0.06 0 0 0 0 0 0 0 0 0 0.21 0 0 0 1.01 0 0 1.06 0 0 0 0 0 0 3.49 0 0 2.37 0 0 0 0 0 0 1.34 0 0 0.88 0 0 0 0 0 0 1.8 0 0 0.91 0 0 0 0 0 0 4.36 0 0 0.96 0 0 0 0 0 0 0.4 0 0 0.54 0 0 0 0 0 0 4.51 0 0 2.29 0 0 0 0 0 0 4.1 0 0 3.23 0 0 0 0 0 0 0.85 0 0 0.83 0 0 0 0 0 0 3.13 0 0 2.5 0 0 0 0 0 0 0 0 0 0 0 0 0 0 0 0 0 0 0 0 0 0 0 0 0 0 0 0 0 0 0 0 0 0 0 0 0 0 0 0 0 0 0 0 0 0 0 0 0 0 0 0 0 0 0 0 0 0 0 0 0 0 0 0 0 0 0 0 0 0 0 0 0 0 0 0 0 0 0 0 0 0 0 0 0 0 0 0 0 0 0 0 0 0 0 0 0 0 0 0 0 0 0 0 0 0 0 0 0 0 0 0 2.47 0 0 0 0 0 0 0 0 0 4.91 0 0 0 0 0 0 0 0 0 5 0 0 0 0 0 0 0 0 0 2.29 0 0 0 0 0 0 0 0 0 0.78 0 0 0 0 0 0 0 0 0 0.17 0 0 0 0 0 0 0 0 0 1.85 0 0 0 0 0 0 0 0 0 0.91 0 0 0 0 0 0 0 0 0 5.85 0 0 0 0 0 0 0 0 0 1.93 0 0 0 4.63 0 0 1.8 0 0 0 0 0 0 1.41 0 0 2.35 0 0 0 0 0 0 0.52 0 0 0.78 0 0 0 0 0 0 0.71 0 0 0.32 0 0 0 0 0 0 0.98 0 0 3.08 0 0 0 0 0 0 3.81 0 0 1.55 0 0 0 0 0 0 1.96 0 0 3.99 0 0 0 0 0 0 0.14 0 0 2.26 0 0 0 0 0 0 4.8 0 0 4.54 0 0 0 0 0 0 4.72 0 0 0.82 0 0 0 0 0 0 0 0 0 0 0 0 0 0 0 0 0 0 0 0 0 0 0 0 0 0 0 0 0 0 0 0 0 0 0 0 0 0 0 0 0 0 0 0 0 0 0 0 0 0 0 0 0 0 0 0 0 0 0 0 0 0 0 0 0 0 0 0 0 0 0 0 0 0 0 0 0 0 0 0 0 0 0 0 0 0 0 0 0 0 0 0 0 0 0 0 0 0 0 0 0 0 0 0 0 0 0 0 0 0 0 0 0.66 0 0 0 0 0 0 0 0 0 0.64 0 0 0 0 0 0 0 0 0 3.28 0 0 0 0 0 0 0 0 0 1.66 0 0 0 0 0 0 0 0 0 0.78 0 0 0 0 0 0 0 0 0 0.5 0 0 0 0 0 0 0 0 0 1.07 0 0 0 0 0 0 0 0 0 0.57 0 0 0 0 0 0 0 0 0 3.24 0 0 0 0 0 0 0 0 0 0.43 0 0 0 0 0 0 0 0 0 1.48 0 0 0 0 0 0 0 0 0 5.29 0 0 0 0 0 0 0 0 0 3.15 0 0 0 0 0 0 0 0 0 4.13 0 0 0 0 0 0 0 0 0 4.28 0 0 0 0 0 0 0 0 0 0.76 0 0 0 0 0 0 0 0 0 1.08 0 0 0 0 0 0 0 0 0 3.37 0 0 0 0 0 0 0 0 0 3.19 0 0 0 0 0 0 0 0 0 2.18 0 0 0 4.5 0 0 1.34 0 0 0 0 0 0 1.54 0 0 1.78 0 0 0 0 0 0 2.68 0 0 2.62 0 0 0 0 0 0 3.82 0 0 5.44 0 0 0 0 0 0 2.03 0 0 1.43 0 0 0 0 0 0 4.56 0 0 4.25 0 0 0 0 0 0 3.69 0 0 5.06 0 0 0 0 0 0 3.2 0 0 4.18 0 0 0 0 0 0 0.26 0 0 1.96 0 0 0 0 0 0 2.39 0 0 2.17 0 0 0 0 0 0 0 0 0 0 0 0 0 0 0 0 0 0 0 0 0 0 0 0 0 0 0 0 0 0 0 0 0 0 0 0 0 0 0 0 0 0 0 0 0 0 0 0 0 0 0 0 0 0 0 0 0 0 0 0 0 0 0 0 0 0 0 0 0 0 0 0 0 0 0 0 0 0 0 0 0 0 0 0 0 0 0 0 0 0 0 0 0 0 0 0 0 0 0 0 0 0 0 0 0 0 0 0 0 0 0 0 3.17 0 0 0 0 0 0 0 0 0 0.73 0 0 0 0 0 0 0 0 0 4.9 0 0 0 0 0 0 0 0 0 0.47 0 0 0 0 0 0 0 0 0 2.77 0 0 0 0 0 0 0 0 0 5.31 0 0 0 0 0 0 0 0 0 1.02 0 0 0 0 0 0 0 0 0 0.6 0 0 0 0 0 0 0 0 0 1.26 0 0 0 0 0 0 0 0 0 1.8 0 0 0 3.67 0 0 0.62 0 0 0 0 0 0 1.56 0 0 0.08 0 0 0 0 0 0 2.19 0 0 4.37 0 0 0 0 0 0 5 0 0 3.32 0 0 0 0 0 0 4.53 0 0 2.83 0 0 0 0 0 0 4.52 0 0 4.78 0 0 0 0 0 0 5.16 0 0 0.86 0 0 0 0 0 0 3.13 0 0 0.97 0 0 0 0 0 0 0.42 0 0 5.13 0 0 0 0 0 0 0.32 0 0 3.68 0 0 0 0 0 0 0 0 0 0 0 0 0 0 0 0 0 0 0 0 0 0 0 0 0 0 0 0 0 0 0 0 0 0 0 0 0 0 0 0 0 0 0 0 0 0 0 0 0 0 0 0 0 0 0 0 0 0 0 0 0 0 0 0 0 0 0 0 0 0 0 0 0 0 0 0 0 0 0 0 0 0 0 0 0 0 0 0 0 0 0 0 0 0 0 0 0 0 0 0 0 0 0 0 0 0 0 0 0 0 0 0 3.95 0 0 0 0 0 0 0 0 0 0.19 0 0 0 0 0 0 0 0 0 2.78 0 0 0 0 0 0 0 0 0 4.69 0 0 0 0 0 0 0 0 0 0.57 0 0 0 0 0 0 0 0 0 3.84 0 0 0 0 0 0 0 0 0 3.26 0 0 0 0 0 0 0 0 0 0.77 0 0 0 0 0 0 0 0 0 4.61 0 0 0 0 0 0 0 0 0 2.24 0 0 0 3.64 0 0 1.98 0 0 0 0 0 0 2.57 0 0 2.78 0 0 0 0 0 0 3.41 0 0 3.27 0 0 0 0 0 0 0.92 0 0 4.13 0 0 0 0 0 0 0.27 0 0 1.37 0 0 0 0 0 0 1.69 0 0 3.97 0 0 0 0 0 0 0.13 0 0 0.46 0 0 0 0 0 0 2.87 0 0 0.79 0 0 0 0 0 0 0.58 0 0 0.96 0 0 0 0 0 0 3.66 0 0 0.34 0 0 0 0 0 0 0 0 0 0 0 0 0 0 0 0 0 0 0 0 0 0 0 0 0 0 0 0 0 0 0 0 0 0 0 0 0 0 0 0 0 0 0 0 0 0 0 0 0 0 0 0 0 0 0 0 0 0 0 0 0 0 0 0 0 0 0 0 0 0 0 0 0 0 0 0 0 0 0 0 0 0 0 0 0 0 0 0 0 0 0 0 0 0 0 0 0 0 0 0 0 0 0 0 0 0 0 0 0 0 0 0 0.36 0 0 0 0 0 0 0 0 0 0.5 0 0 0 0 0 0 0 0 0 1.71 0 0 0 0 0 0 0 0 0 3.82 0 0 0 0 0 0 0 0 0 2.26 0 0 0 0 0 0 0 0 0 5.18 0 0 0 0 0 0 0 0 0 0.48 0 0 0 0 0 0 0 0 0 0.68 0 0 0 0 0 0 0 0 0 4.48 0 0 0 0 0 0 0 0 0 2.16 0 0 0 0 0 0 0 0 0 2.87 0 0 0 0 0 0 0 0 0 0.69 0 0 0 0 0 0 0 0 0 0.57 0 0 0 0 0 0 0 0 0 2.92 0 0 0 0 0 0 0 0 0 1.34 0 0 0 0 0 0 0 0 0 0.21 0 0 0 0 0 0 0 0 0 3.62 0 0 0 0 0 0 0 0 0 2.72 0 0 0 0 0 0 0 0 0 3.14 0 0 0 0 0 0 0 0 0 2.08 0 0 0 1.7 0 0 0.56 0 0 0 0 0 0 0.12 0 0 3.45 0 0 0 0 0 0 1.94 0 0 1.1 0 0 0 0 0 0 1.69 0 0 3.6 0 0 0 0 0 0 0.8 0 0 2.35 0 0 0 0 0 0 3.03 0 0 3.58 0 0 0 0 0 0 2.82 0 0 1.43 0 0 0 0 0 0 1.75 0 0 0.56 0 0 0 0 0 0 5.03 0 0 0.72 0 0 0 0 0 0 2.56 0 0 1.76 0 0 0 0 0 0 0 0 0 0 0 0 0 0 0 0 0 0 0 0 0 0 0 0 0 0 0 0 0 0 0 0 0 0 0 0 0 0 0 0 0 0 0 0 0 0 0 0 0 0 0 0 0 0 0 0 0 0 0 0 0 0 0 0 0 0 0 0 0 0 0 0 0 0 0 0 0 0 0 0 0 0 0 0 0 0 0 0 0 0 0 0 0 0 0 0 0 0 0 0 0 0 0 0 0 0 0 0 0 0 0 0 2.4 0 0 0 0 0 0 0 0 0 0.51 0 0 0 0 0 0 0 0 0 1.34 0 0 0 0 0 0 0 0 0 2.15 0 0 0 0 0 0 0 0 0 1.21 0 0 0 0 0 0 0 0 0 0.17 0 0 0 0 0 0 0 0 0 4.08 0 0 0 0 0 0 0 0 0 0.12 0 0 0 0 0 0 0 0 0 2.92 0 0 0 0 0 0 0 0 0 5.11 0 0 0 5.17 0 0 0.07 0 0 0 0 0 0 1.48 0 0 2.1 0 0 0 0 0 0 1.56 0 0 4.32 0 0 0 0 0 0 3.77 0 0 1.09 0 0 0 0 0 0 0.69 0 0 0.3 0 0 0 0 0 0 0.42 0 0 4.93 0 0 0 0 0 0 3.53 0 0 3.08 0 0 0 0 0 0 4.82 0 0 1.6 0 0 0 0 0 0 4.96 0 0 4.17 0 0 0 0 0 0 0.97 0 0 2.18 0 0 0 0 0 0 0 0 0 0 0 0 0 0 0 0 0 0 0 0 0 0 0 0 0 0 0 0 0 0 0 0 0 0 0 0 0 0 0 0 0 0 0 0 0 0 0 0 0 0 0 0 0 0 0 0 0 0 0 0 0 0 0 0 0 0 0 0 0 0 0 0 0 0 0 0 0 0 0 0 0 0 0 0 0 0 0 0 0 0 0 0 0 0 0 0 0 0 0 0 0 0 0 0 0 0 0 0 0 0 0 0 3.12 0 0 0 0 0 0 0 0 0 0.46 0 0 0 0 0 0 0 0 0 0.24 0 0 0 0 0 0 0 0 0 2.05 0 0 0 0 0 0 0 0 0 4 0 0 0 0 0 0 0 0 0 3.73 0 0 0 0 0 0 0 0 0 0.21 0 0 0 0 0 0 0 0 0 4.91 0 0 0 0 0 0 0 0 0 3.4 0 0 0 0 0 0 0 0 0 4.81 0 0 0 0.71 0 0 0.13 0 0 0 0 0 0 0.36 0 0 0.06 0 0 0 0 0 0 2.22 0 0 3.63 0 0 0 0 0 0 0.03 0 0 1.18 0 0 0 0 0 0 2.78 0 0 0.3 0 0 0 0 0 0 4.09 0 0 4.68 0 0 0 0 0 0 0.36 0 0 0.3 0 0 0 0 0 0 2.11 0 0 5.25 0 0 0 0 0 0 1.47 0 0 4.61 0 0 0 0 0 0 2.03 0 0 5.37 0 0 0 0 0 0 0 0 0 0 0 0 0 0 0 0 0 0 0 0 0 0 0 0 0 0 0 0 0 0 0 0 0 0 0 0 0 0 0 0 0 0 0 0 0 0 0 0 0 0 0 0 0 0 0 0 0 0 0 0 0 0 0 0 0 0 0 0 0 0 0 0 0 0 0 0 0 0 0 0 0 0 0 0 0 0 0 0 0 0 0 0 0 0 0 0 0 0 0 0 0 0 0 0 0 0 0 0 0 0 0 0 0.87 0 0 0 0 0 0 0 0 0 0.72 0 0 0 0 0 0 0 0 0 2.99 0 0 0 0 0 0 0 0 0 1.86 0 0 0 0 0 0 0 0 0 2.74 0 0 0 0 0 0 0 0 0 2.39 0 0 0 0 0 0 0 0 0 0.69 0 0 0 0 0 0 0 0 0 3.16 0 0 0 0 0 0 0 0 0 4.98 0 0 0 0 0 0 0 0 0 1.34 0 0 0 0 0 0 0 0 0 4.2 0 0 0 0 0 0 0 0 0 1.61 0 0 0 0 0 0 0 0 0 3.45 0 0 0 0 0 0 0 0 0 4.7 0 0 0 0 0 0 0 0 0 2.89 0 0 0 0 0 0 0 0 0 0.78 0 0 0 0 0 0 0 0 0 3.66 0 0 0 0 0 0 0 0 0 5.58 0 0 0 0 0 0 0 0 0 2.87 0 0 0 0 0 0 0 0 0 1.08 0 0 0 1.18 0 0 1.98 0 0 0 0 0 0 2.41 0 0 1.12 0 0 0 0 0 0 2.88 0 0 0.17 0 0 0 0 0 0 0.49 0 0 0.82 0 0 0 0 0 0 3.05 0 0 0.33 0 0 0 0 0 0 0.27 0 0 0.3 0 0 0 0 0 0 1.86 0 0 1.15 0 0 0 0 0 0 4.7 0 0 2.27 0 0 0 0 0 0 0.45 0 0 0.69 0 0 0 0 0 0 0.34 0 0 1.02 0 0 0 0 0 0 0 0 0 0 0 0 0 0 0 0 0 0 0 0 0 0 0 0 0 0 0 0 0 0 0 0 0 0 0 0 0 0 0 0 0 0 0 0 0 0 0 0 0 0 0 0 0 0 0 0 0 0 0 0 0 0 0 0 0 0 0 0 0 0 0 0 0 0 0 0 0 0 0 0 0 0 0 0 0 0 0 0 0 0 0 0 0 0 0 0 0 0 0 0 0 0 0 0 0 0 0 0 0 0 0 0 1.48 0 0 0 0 0 0 0 0 0 1.48 0 0 0 0 0 0 0 0 0 3.88 0 0 0 0 0 0 0 0 0 3.23 0 0 0 0 0 0 0 0 0 2.63 0 0 0 0 0 0 0 0 0 4.06 0 0 0 0 0 0 0 0 0 0.31 0 0 0 0 0 0 0 0 0 1.06 0 0 0 0 0 0 0 0 0 3.99 0 0 0 0 0 0 0 0 0 0.16 0 0 0 1.22 0 0 2.32 0 0 0 0 0 0 0.63 0 0 0.46 0 0 0 0 0 0 2.74 0 0 2.04 0 0 0 0 0 0 0.95 0 0 0.31 0 0 0 0 0 0 4.17 0 0 3 0 0 0 0 0 0 3.14 0 0 3.7 0 0 0 0 0 0 3 0 0 4.12 0 0 0 0 0 0 1.86 0 0 4.15 0 0 0 0 0 0 3.96 0 0 0.23 0 0 0 0 0 0 3.59 0 0 0.88 0 0 0 0 0 0 0 0 0 0 0 0 0 0 0 0 0 0 0 0 0 0 0 0 0 0 0 0 0 0 0 0 0 0 0 0 0 0 0 0 0 0 0 0 0 0 0 0 0 0 0 0 0 0 0 0 0 0 0 0 0 0 0 0 0 0 0 0 0 0 0 0 0 0 0 0 0 0 0 0 0 0 0 0 0 0 0 0 0 0 0 0 0 0 0 0 0 0 0 0 0 0 0 0 0 0 0 0 0 0 0 0 5.2 0 0 0 0 0 0 0 0 0 0.81 0 0 0 0 0 0 0 0 0 0.46 0 0 0 0 0 0 0 0 0 0.49 0 0 0 0 0 0 0 0 0 1.64 0 0 0 0 0 0 0 0 0 0.07 0 0 0 0 0 0 0 0 0 0.45 0 0 0 0 0 0 0 0 0 2.05 0 0 0 0 0 0 0 0 0 0.14 0 0 0 0 0 0 0 0 0 4.85 0 0 0 5.08 0 0 3.06 0 0 0 0 0 0 2.57 0 0 5.02 0 0 0 0 0 0 1.06 0 0 0.59 0 0 0 0 0 0 0.45 0 0 0.05 0 0 0 0 0 0 2.85 0 0 0.27 0 0 0 0 0 0 2.49 0 0 0.84 0 0 0 0 0 0 3.35 0 0 3.54 0 0 0 0 0 0 5.56 0 0 0.62 0 0 0 0 0 0 3.96 0 0 5.7 0 0 0 0 0 0 1.04 0 0 1.67 0 0 0 0 0 0 0 0 0 0 0 0 0 0 0 0 0 0 0 0 0 0 0 0 0 0 0 0 0 0 0 0 0 0 0 0 0 0 0 0 0 0 0 0 0 0 0 0 0 0 0 0 0 0 0 0 0 0 0 0 0 0 0 0 0 0 0 0 0 0 0 0 0 0 0 0 0 0 0 0 0 0 0 0 0 0 0 0 0 0 0 0 0 0 0 0 0 0 0 0 0 0 0 0 0 0 0 0 0 0 0 0 1.36 0 0 0 0 0 0 0 0 0 0.98 0 0 0 0 0 0 0 0 0 3.7 0 0 0 0 0 0 0 0 0 0.64 0 0 0 0 0 0 0 0 0 3.78 0 0 0 0 0 0 0 0 0 2.1 0 0 0 0 0 0 0 0 0 1.21 0 0 0 0 0 0 0 0 0 0.32 0 0 0 0 0 0 0 0 0 1.12 0 0 0 0 0 0 0 0 0 2.22 0 0 0 0 0 0 0 0 0 1.23 0 0 0 0 0 0 0 0 0 0.28 0 0 0 0 0 0 0 0 0 1.32 0 0 0 0 0 0 0 0 0 1.35 0 0 0 0 0 0 0 0 0 1.47 0 0 0 0 0 0 0 0 0 2.61 0 0 0 0 0 0 0 0 0 1.56 0 0 0 0 0 0 0 0 0 6.18 0 0 0 0 0 0 0 0 0 3.38 0 0 0 0 0 0 0 0 0 2.23 0 0 0 0.52 0 0 2.53 0 0 0 0 0 0 3.7 0 0 1.87 0 0 0 0 0 0 0.8 0 0 0.95 0 0 0 0 0 0 3.38 0 0 0.9 0 0 0 0 0 0 0.47 0 0 4.37 0 0 0 0 0 0 2.99 0 0 1.49 0 0 0 0 0 0 0.81 0 0 0.84 0 0 0 0 0 0 0.4 0 0 3.74 0 0 0 0 0 0 0.56 0 0 2.01 0 0 0 0 0 0 5.43 0 0 1.24 0 0 0 0 0 0 0 0 0 0 0 0 0 0 0 0 0 0 0 0 0 0 0 0 0 0 0 0 0 0 0 0 0 0 0 0 0 0 0 0 0 0 0 0 0 0 0 0 0 0 0 0 0 0 0 0 0 0 0 0 0 0 0 0 0 0 0 0 0 0 0 0 0 0 0 0 0 0 0 0 0 0 0 0 0 0 0 0 0 0 0 0 0 0 0 0 0 0 0 0 0 0 0 0 0 0 0 0 0 0 0 0 1.15 0 0 0 0 0 0 0 0 0 2.86 0 0 0 0 0 0 0 0 0 1.45 0 0 0 0 0 0 0 0 0 3.25 0 0 0 0 0 0 0 0 0 0.27 0 0 0 0 0 0 0 0 0 1.25 0 0 0 0 0 0 0 0 0 0.21 0 0 0 0 0 0 0 0 0 0.38 0 0 0 0 0 0 0 0 0 2.57 0 0 0 0 0 0 0 0 0 0.25 0 0 0 2.38 0 0 4.13 0 0 0 0 0 0 5.86 0 0 0.36 0 0 0 0 0 0 2.98 0 0 3.9 0 0 0 0 0 0 0.42 0 0 4.42 0 0 0 0 0 0 1.88 0 0 1.54 0 0 0 0 0 0 4.06 0 0 0.09 0 0 0 0 0 0 1.34 0 0 1.51 0 0 0 0 0 0 0.42 0 0 0.98 0 0 0 0 0 0 0.33 0 0 1.86 0 0 0 0 0 0 3.16 0 0 1.19 0 0 0 0 0 0 0 0 0 0 0 0 0 0 0 0 0 0 0 0 0 0 0 0 0 0 0 0 0 0 0 0 0 0 0 0 0 0 0 0 0 0 0 0 0 0 0 0 0 0 0 0 0 0 0 0 0 0 0 0 0 0 0 0 0 0 0 0 0 0 0 0 0 0 0 0 0 0 0 0 0 0 0 0 0 0 0 0 0 0 0 0 0 0 0 0 0 0 0 0 0 0 0 0 0 0 0 0 0 0 0 0 2.03 0 0 0 0 0 0 0 0 0 1.21 0 0 0 0 0 0 0 0 0 2.23 0 0 0 0 0 0 0 0 0 3.26 0 0 0 0 0 0 0 0 0 4.19 0 0 0 0 0 0 0 0 0 2.21 0 0 0 0 0 0 0 0 0 3.86 0 0 0 0 0 0 0 0 0 1.84 0 0 0 0 0 0 0 0 0 2.1 0 0 0 0 0 0 0 0 0 4.5 0 0 0 2.45 0 0 0.79 0 0 0 0 0 0 4.16 0 0 1.93 0 0 0 0 0 0 3.73 0 0 0.18 0 0 0 0 0 0 1.18 0 0 0.33 0 0 0 0 0 0 1.3 0 0 5.38 0 0 0 0 0 0 1.33 0 0 0.17 0 0 0 0 0 0 2.19 0 0 0.66 0 0 0 0 0 0 1.33 0 0 3.2 0 0 0 0 0 0 0.39 0 0 1.22 0 0 0 0 0 0 5.15 0 0 2.97 0 0 0 0 0 0 0 0 0 0 0 0 0 0 0 0 0 0 0 0 0 0 0 0 0 0 0 0 0 0 0 0 0 0 0 0 0 0 0 0 0 0 0 0 0 0 0 0 0 0 0 0 0 0 0 0 0 0 0 0 0 0 0 0 0 0 0 0 0 0 0 0 0 0 0 0 0 0 0 0 0 0 0 0 0 0 0 0 0 0 0 0 0 0 0 0 0 0 0 0 0 0 0 0 0 0 0 0 0 0 0 0 3.71 0 0 0 0 0 0 0 0 0 1.21 0 0 0 0 0 0 0 0 0 0.86 0 0 0 0 0 0 0 0 0 1.35 0 0 0 0 0 0 0 0 0 1.18 0 0 0 0 0 0 0 0 0 2.32 0 0 0 0 0 0 0 0 0 4.5 0 0 0 0 0 0 0 0 0 5.41 0 0 0 0 0 0 0 0 0 0.66 0 0 0 0 0 0 0 0 0 0.87 0 0 0 0 0 0 0 0 0 2.07 0 0 0 0 0 0 0 0 0 1.17 0 0 0 0 0 0 0 0 0 2.71 0 0 0 0 0 0 0 0 0 2.55 0 0 0 0 0 0 0 0 0 5.5 0 0 0 0 0 0 0 0 0 2.07 0 0 0 0 0 0 0 0 0 3.72 0 0 0 0 0 0 0 0 0 0.85 0 0 0 0 0 0 0 0 0 4 0 0 0 0 0 0 0 0 0 1.26 0 0 0 0.06 0 0 3.4 0 0 0 0 0 0 1.14 0 0 3.46 0 0 0 0 0 0 3.76 0 0 4.07 0 0 0 0 0 0 0.33 0 0 0.19 0 0 0 0 0 0 1.57 0 0 0.14 0 0 0 0 0 0 0.66 0 0 5.54 0 0 0 0 0 0 0.88 0 0 0.64 0 0 0 0 0 0 3.69 0 0 0.98 0 0 0 0 0 0 0.62 0 0 3.57 0 0 0 0 0 0 1.44 0 0 0.58 0 0 0 0 0 0 0 0 0 0 0 0 0 0 0 0 0 0 0 0 0 0 0 0 0 0 0 0 0 0 0 0 0 0 0 0 0 0 0 0 0 0 0 0 0 0 0 0 0 0 0 0 0 0 0 0 0 0 0 0 0 0 0 0 0 0 0 0 0 0 0 0 0 0 0 0 0 0 0 0 0 0 0 0 0 0 0 0 0 0 0 0 0 0 0 0 0 0 0 0 0 0 0 0 0 0 0 0 0 0 0 0 1.47 0 0 0 0 0 0 0 0 0 3.88 0 0 0 0 0 0 0 0 0 3.91 0 0 0 0 0 0 0 0 0 0.32 0 0 0 0 0 0 0 0 0 3.72 0 0 0 0 0 0 0 0 0 4.09 0 0 0 0 0 0 0 0 0 0.37 0 0 0 0 0 0 0 0 0 3.65 0 0 0 0 0 0 0 0 0 1.17 0 0 0 0 0 0 0 0 0 6.3 0 0 0 2.33 0 0 0.47 0 0 0 0 0 0 1.28 0 0 4.24 0 0 0 0 0 0 3.38 0 0 0.94 0 0 0 0 0 0 2.59 0 0 0.29 0 0 0 0 0 0 4.26 0 0 0.47 0 0 0 0 0 0 1.82 0 0 0.47 0 0 0 0 0 0 5.26 0 0 5.35 0 0 0 0 0 0 4.32 0 0 2.84 0 0 0 0 0 0 5.34 0 0 1.41 0 0 0 0 0 0 3.65 0 0 1.61 0 0 0 0 0 0 0 0 0 0 0 0 0 0 0 0 0 0 0 0 0 0 0 0 0 0 0 0 0 0 0 0 0 0 0 0 0 0 0 0 0 0 0 0 0 0 0 0 0 0 0 0 0 0 0 0 0 0 0 0 0 0 0 0 0 0 0 0 0 0 0 0 0 0 0 0 0 0 0 0 0 0 0 0 0 0 0 0 0 0 0 0 0 0 0 0 0 0 0 0 0 0 0 0 0 0 0 0 0 0 0 0 4.43 0 0 0 0 0 0 0 0 0 3.1 0 0 0 0 0 0 0 0 0 4.63 0 0 0 0 0 0 0 0 0 3.21 0 0 0 0 0 0 0 0 0 1.2 0 0 0 0 0 0 0 0 0 1.08 0 0 0 0 0 0 0 0 0 0.17 0 0 0 0 0 0 0 0 0 1.58 0 0 0 0 0 0 0 0 0 4.67 0 0 0 0 0 0 0 0 0 5.01 0 0 0 0.96 0 0 0.4 0 0 0 0 0 0 0.87 0 0 0.29 0 0 0 0 0 0 0.17 0 0 0.36 0 0 0 0 0 0 1.43 0 0 4.29 0 0 0 0 0 0 2 0 0 2.38 0 0 0 0 0 0 2.11 0 0 1.55 0 0 0 0 0 0 1.78 0 0 0.66 0 0 0 0 0 0 2.46 0 0 2.14 0 0 0 0 0 0 0.63 0 0 0.89 0 0 0 0 0 0 0.37 0 0 2.06 0 0 0 0 0 0 0 0 0 0 0 0 0 0 0 0 0 0 0 0 0 0 0 0 0 0 0 0 0 0 0 0 0 0 0 0 0 0 0 0 0 0 0 0 0 0 0 0 0 0 0 0 0 0 0 0 0 0 0 0 0 0 0 0 0 0 0 0 0 0 0 0 0 0 0 0 0 0 0 0 0 0 0 0 0 0 0 0 0 0 0 0 0 0 0 0 0 0 0 0 0 0 0 0 0 0 0 0 0 0 0 0 2.74 0 0 0 0 0 0 0 0 0 0.84 0 0 0 0 0 0 0 0 0 1.22 0 0 0 0 0 0 0 0 0 0.94 0 0 0 0 0 0 0 0 0 2.12 0 0 0 0 0 0 0 0 0 2.75 0 0 0 0 0 0 0 0 0 2.92 0 0 0 0 0 0 0 0 0 2 0 0 0 0 0 0 0 0 0 1.11 0 0 0 0 0 0 0 0 0 3.17 0 0 0 0 0 0 0 0 0 3.16 0 0 0 0 0 0 0 0 0 3.49 0 0 0 0 0 0 0 0 0 1.74 0 0 0 0 0 0 0 0 0 3.83 0 0 0 0 0 0 0 0 0 0.35 0 0 0 0 0 0 0 0 0 2.37 0 0 0 0 0 0 0 0 0 1.98 0 0 0 0 0 0 0 0 0 4.24 0 0 0 0 0 0 0 0 0 2.16 0 0 0 0 0 0 0 0 0 3.73 0 0 0 1.77 0 0 0.72 0 0 0 0 0 0 1.39 0 0 2.48 0 0 0 0 0 0 0.14 0 0 1.43 0 0 0 0 0 0 2.36 0 0 2.32 0 0 0 0 0 0 2.37 0 0 1.68 0 0 0 0 0 0 4.06 0 0 2.13 0 0 0 0 0 0 2.19 0 0 4.04 0 0 0 0 0 0 2.12 0 0 3.93 0 0 0 0 0 0 3.16 0 0 0.67 0 0 0 0 0 0 0.63 0 0 1.85 0 0 0 0 0 0 0 0 0 0 0 0 0 0 0 0 0 0 0 0 0 0 0 0 0 0 0 0 0 0 0 0 0 0 0 0 0 0 0 0 0 0 0 0 0 0 0 0 0 0 0 0 0 0 0 0 0 0 0 0 0 0 0 0 0 0 0 0 0 0 0 0 0 0 0 0 0 0 0 0 0 0 0 0 0 0 0 0 0 0 0 0 0 0 0 0 0 0 0 0 0 0 0 0 0 0 0 0 0 0 0 0 0.17 0 0 0 0 0 0 0 0 0 0.37 0 0 0 0 0 0 0 0 0 2.57 0 0 0 0 0 0 0 0 0 0.82 0 0 0 0 0 0 0 0 0 1.49 0 0 0 0 0 0 0 0 0 4.93 0 0 0 0 0 0 0 0 0 1.19 0 0 0 0 0 0 0 0 0 2.05 0 0 0 0 0 0 0 0 0 0.91 0 0 0 0 0 0 0 0 0 5.84 0 0 0 0.46 0 0 0.75 0 0 0 0 0 0 3.27 0 0 0.58 0 0 0 0 0 0 1.34 0 0 1.39 0 0 0 0 0 0 1.31 0 0 0.42 0 0 0 0 0 0 3.96 0 0 1.14 0 0 0 0 0 0 0.79 0 0 2.62 0 0 0 0 0 0 1.22 0 0 3.7 0 0 0 0 0 0 1.68 0 0 0.32 0 0 0 0 0 0 3.4 0 0 2.6 0 0 0 0 0 0 0.9 0 0 4.37 0 0 0 0 0 0 0 0 0 0 0 0 0 0 0 0 0 0 0 0 0 0 0 0 0 0 0 0 0 0 0 0 0 0 0 0 0 0 0 0 0 0 0 0 0 0 0 0 0 0 0 0 0 0 0 0 0 0 0 0 0 0 0 0 0 0 0 0 0 0 0 0 0 0 0 0 0 0 0 0 0 0 0 0 0 0 0 0 0 0 0 0 0 0 0 0 0 0 0 0 0 0 0 0 0 0 0 0 0 0 0 0 4.76 0 0 0 0 0 0 0 0 0 4.97 0 0 0 0 0 0 0 0 0 2.49 0 0 0 0 0 0 0 0 0 3.59 0 0 0 0 0 0 0 0 0 3.2 0 0 0 0 0 0 0 0 0 2.26 0 0 0 0 0 0 0 0 0 3.31 0 0 0 0 0 0 0 0 0 1.23 0 0 0 0 0 0 0 0 0 0.3 0 0 0 0 0 0 0 0 0 0.79 0 0 0 0.56 0 0 1.74 0 0 0 0 0 0 1.03 0 0 1.54 0 0 0 0 0 0 1.43 0 0 1.58 0 0 0 0 0 0 3.31 0 0 0.85 0 0 0 0 0 0 2.23 0 0 2.3 0 0 0 0 0 0 0.72 0 0 2.9 0 0 0 0 0 0 5.42 0 0 1.82 0 0 0 0 0 0 0.95 0 0 0.38 0 0 0 0 0 0 0.89 0 0 2.89 0 0 0 0 0 0 1.09 0 0 0.5 0 0 0 0 0 0 0 0 0 0 0 0 0 0 0 0 0 0 0 0 0 0 0 0 0 0 0 0 0 0 0 0 0 0 0 0 0 0 0 0 0 0 0 0 0 0 0 0 0 0 0 0 0 0 0 0 0 0 0 0 0 0 0 0 0 0 0 0 0 0 0 0 0 0 0 0 0 0 0 0 0 0 0 0 0 0 0 0 0 0 0 0 0 0 0 0 0 0 0 0 0 0 0 0 0 0 0 0 0 0 0 0 2.51 0 0 0 0 0 0 0 0 0 0.07 0 0 0 0 0 0 0 0 0 1.44 0 0 0 0 0 0 0 0 0 1.69 0 0 0 0 0 0 0 0 0 2.71 0 0 0 0 0 0 0 0 0 3.77 0 0 0 0 0 0 0 0 0 1.9 0 0 0 0 0 0 0 0 0 3.05 0 0 0 0 0 0 0 0 0 3.85 0 0 0 0 0 0 0 0 0 4.77 0 0 0 0 0 0 0 0 0 1.7 0 0 0 0 0 0 0 0 0 2.35 0 0 0 0 0 0 0 0 0 1.27 0 0 0 0 0 0 0 0 0 2.83 0 0 0 0 0 0 0 0 0 1.13 0 0 0 0 0 0 0 0 0 0.17 0 0 0 0 0 0 0 0 0 3.71 0 0 0 0 0 0 0 0 0 1.71 0 0 0 0 0 0 0 0 0 0.2 0 0 0 0 0 0 0 0 0 0.52 0 0 0 0.4 0 0 2.67 0 0 0 0 0 0 4.17 0 0 2.78 0 0 0 0 0 0 3.56 0 0 0.78 0 0 0 0 0 0 3.99 0 0 0.44 0 0 0 0 0 0 0.71 0 0 0.56 0 0 0 0 0 0 3.51 0 0 0.34 0 0 0 0 0 0 3.09 0 0 1.17 0 0 0 0 0 0 2.61 0 0 2.4 0 0 0 0 0 0 0.78 0 0 4.45 0 0 0 0 0 0 1.84 0 0 0.7 0 0 0 0 0 0 0 0 0 0 0 0 0 0 0 0 0 0 0 0 0 0 0 0 0 0 0 0 0 0 0 0 0 0 0 0 0 0 0 0 0 0 0 0 0 0 0 0 0 0 0 0 0 0 0 0 0 0 0 0 0 0 0 0 0 0 0 0 0 0 0 0 0 0 0 0 0 0 0 0 0 0 0 0 0 0 0 0 0 0 0 0 0 0 0 0 0 0 0 0 0 0 0 0 0 0 0 0 0 0 0 0 1.6 0 0 0 0 0 0 0 0 0 0.77 0 0 0 0 0 0 0 0 0 3.97 0 0 0 0 0 0 0 0 0 0.7 0 0 0 0 0 0 0 0 0 2.09 0 0 0 0 0 0 0 0 0 1.34 0 0 0 0 0 0 0 0 0 0.99 0 0 0 0 0 0 0 0 0 4.31 0 0 0 0 0 0 0 0 0 2.36 0 0 0 0 0 0 0 0 0 1.07 0 0 0 0.61 0 0 1.07 0 0 0 0 0 0 1.9 0 0 0.92 0 0 0 0 0 0 1.3 0 0 2.16 0 0 0 0 0 0 0.28 0 0 0.68 0 0 0 0 0 0 2.67 0 0 0.36 0 0 0 0 0 0 3.97 0 0 1.42 0 0 0 0 0 0 0.1 0 0 0.45 0 0 0 0 0 0 1.37 0 0 1.31 0 0 0 0 0 0 0.39 0 0 3.47 0 0 0 0 0 0 0.39 0 0 1.68 0 0 0 0 0 0 0 0 0 0 0 0 0 0 0 0 0 0 0 0 0 0 0 0 0 0 0 0 0 0 0 0 0 0 0 0 0 0 0 0 0 0 0 0 0 0 0 0 0 0 0 0 0 0 0 0 0 0 0 0 0 0 0 0 0 0 0 0 0 0 0 0 0 0 0 0 0 0 0 0 0 0 0 0 0 0 0 0 0 0 0 0 0 0 0 0 0 0 0 0 0 0 0 0 0 0 0 0 0 0 0 0 1.21 0 0 0 0 0 0 0 0 0 0.91 0 0 0 0 0 0 0 0 0 1.05 0 0 0 0 0 0 0 0 0 1.14 0 0 0 0 0 0 0 0 0 0.08 0 0 0 0 0 0 0 0 0 1.06 0 0 0 0 0 0 0 0 0 1.9 0 0 0 0 0 0 0 0 0 3.5 0 0 0 0 0 0 0 0 0 0.48 0 0 0 0 0 0 0 0 0 0.51 0 0 0 1.99 0 0 1.37 0 0 0 0 0 0 1.05 0 0 2.88 0 0 0 0 0 0 2.13 0 0 2.46 0 0 0 0 0 0 0.34 0 0 0.43 0 0 0 0 0 0 4.18 0 0 0.35 0 0 0 0 0 0 1.17 0 0 3.65 0 0 0 0 0 0 1.82 0 0 2.09 0 0 0 0 0 0 2.87 0 0 0.34 0 0 0 0 0 0 0.42 0 0 3.69 0 0 0 0 0 0 3.02 0 0 0.98 0 0 0 0 0 0 0 0 0 0 0 0 0 0 0 0 0 0 0 0 0 0 0 0 0 0 0 0 0 0 0 0 0 0 0 0 0 0 0 0 0 0 0 0 0 0 0 0 0 0 0 0 0 0 0 0 0 0 0 0 0 0 0 0 0 0 0 0 0 0 0 0 0 0 0 0 0 0 0 0 0 0 0 0 0 0 0 0 0 0 0 0 0 0 0 0 0 0 0 0 0 0 0 0 0 0 0 0 0 0 0 0 3.82 0 0 0 0 0 0 0 0 0 3.55 0 0 0 0 0 0 0 0 0 0.8 0 0 0 0 0 0 0 0 0 4.62 0 0 0 0 0 0 0 0 0 0.8 0 0 0 0 0 0 0 0 0 0.19 0 0 0 0 0 0 0 0 0 1.47 0 0 0 0 0 0 0 0 0 2.79 0 0 0 0 0 0 0 0 0 4.28 0 0 0 0 0 0 0 0 0 0.3 0 0 0 0 0 0 0 0 0 1 0 0 0 0 0 0 0 0 0 0.99 0 0 0 0 0 0 0 0 0 1.56 0 0 0 0 0 0 0 0 0 0.89 0 0 0 0 0 0 0 0 0 4.57 0 0 0 0 0 0 0 0 0 5.35 0 0 0 0 0 0 0 0 0 2.51 0 0 0 0 0 0 0 0 0 0.52 0 0 0 0 0 0 0 0 0 2.93 0 0 0 0 0 0 0 0 0 2.72 0 0 0 0.86 0 0 0.57 0 0 0 0 0 0 0.08 0 0 3.46 0 0 0 0 0 0 2.43 0 0 4.62 0 0 0 0 0 0 3.97 0 0 2.37 0 0 0 0 0 0 4 0 0 0.31 0 0 0 0 0 0 0.86 0 0 0.38 0 0 0 0 0 0 0.73 0 0 1.99 0 0 0 0 0 0 0.21 0 0 4.16 0 0 0 0 0 0 1.65 0 0 0.77 0 0 0 0 0 0 0.23 0 0 0.57 0 0 0 0 0 0 0 0 0 0 0 0 0 0 0 0 0 0 0 0 0 0 0 0 0 0 0 0 0 0 0 0 0 0 0 0 0 0 0 0 0 0 0 0 0 0 0 0 0 0 0 0 0 0 0 0 0 0 0 0 0 0 0 0 0 0 0 0 0 0 0 0 0 0 0 0 0 0 0 0 0 0 0 0 0 0 0 0 0 0 0 0 0 0 0 0 0 0 0 0 0 0 0 0 0 0 0 0 0 0 0 0 4.39 0 0 0 0 0 0 0 0 0 0.24 0 0 0 0 0 0 0 0 0 4.46 0 0 0 0 0 0 0 0 0 0.66 0 0 0 0 0 0 0 0 0 0.14 0 0 0 0 0 0 0 0 0 0.59 0 0 0 0 0 0 0 0 0 0.51 0 0 0 0 0 0 0 0 0 0.89 0 0 0 0 0 0 0 0 0 1.5 0 0 0 0 0 0 0 0 0 3.74 0 0 0 3.94 0 0 1.33 0 0 0 0 0 0 3.4 0 0 3.17 0 0 0 0 0 0 4.08 0 0 0.27 0 0 0 0 0 0 1.9 0 0 4.36 0 0 0 0 0 0 3.71 0 0 0.89 0 0 0 0 0 0 4.75 0 0 1.04 0 0 0 0 0 0 4.5 0 0 6.19 0 0 0 0 0 0 0.81 0 0 4.19 0 0 0 0 0 0 1.19 0 0 3.4 0 0 0 0 0 0 0.82 0 0 0.43 0 0 0 0 0 0 0 0 0 0 0 0 0 0 0 0 0 0 0 0 0 0 0 0 0 0 0 0 0 0 0 0 0 0 0 0 0 0 0 0 0 0 0 0 0 0 0 0 0 0 0 0 0 0 0 0 0 0 0 0 0 0 0 0 0 0 0 0 0 0 0 0 0 0 0 0 0 0 0 0 0 0 0 0 0 0 0 0 0 0 0 0 0 0 0 0 0 0 0 0 0 0 0 0 0 0 0 0 0 0 0 0 1.06 0 0 0 0 0 0 0 0 0 3.68 0 0 0 0 0 0 0 0 0 2.84 0 0 0 0 0 0 0 0 0 1.38 0 0 0 0 0 0 0 0 0 2.3 0 0 0 0 0 0 0 0 0 1.06 0 0 0 0 0 0 0 0 0 2.06 0 0 0 0 0 0 0 0 0 3.27 0 0 0 0 0 0 0 0 0 1.6 0 0 0 0 0 0 0 0 0 1.58 0 0 0 0.09 0 0 0.93 0 0 0 0 0 0 4.03 0 0 5.68 0 0 0 0 0 0 0.84 0 0 4.65 0 0 0 0 0 0 3.51 0 0 2.03 0 0 0 0 0 0 4.33 0 0 2.29 0 0 0 0 0 0 1.35 0 0 0.78 0 0 0 0 0 0 3.15 0 0 0.73 0 0 0 0 0 0 4.15 0 0 0.3 0 0 0 0 0 0 1.56 0 0 2.79 0 0 0 0 0 0 2.49 0 0 3.58 0 0 0 0 0 0 0 0 0 0 0 0 0 0 0 0 0 0 0 0 0 0 0 0 0 0 0 0 0 0 0 0 0 0 0 0 0 0 0 0 0 0 0 0 0 0 0 0 0 0 0 0 0 0 0 0 0 0 0 0 0 0 0 0 0 0 0 0 0 0 0 0 0 0 0 0 0 0 0 0 0 0 0 0 0 0 0 0 0 0 0 0 0 0 0 0 0 0 0 0 0 0 0 0 0 0 0 0 0 0 0 0 1.09 0 0 0 0 0 0 0 0 0 1.65 0 0 0 0 0 0 0 0 0 1.99 0 0 0 0 0 0 0 0 0 4.43 0 0 0 0 0 0 0 0 0 0.39 0 0 0 0 0 0 0 0 0 1.44 0 0 0 0 0 0 0 0 0 1.38 0 0 0 0 0 0 0 0 0 0.22 0 0 0 0 0 0 0 0 0 1.51 0 0 0 0 0 0 0 0 0 3.84 0 0 0 0 0 0 0 0 0 1.6 0 0 0 0 0 0 0 0 0 3.67 0 0 0 0 0 0 0 0 0 0.41 0 0 0 0 0 0 0 0 0 3.06 0 0 0 0 0 0 0 0 0 0.77 0 0 0 0 0 0 0 0 0 2.33 0 0 0 0 0 0 0 0 0 0.73 0 0 0 0 0 0 0 0 0 5.3 0 0 0 0 0 0 0 0 0 0.22 0 0 0 0 0 0 0 0 0 0.88 0 0 0 1.57 0 0 2.05 0 0 0 0 0 0 0.73 0 0 3.2 0 0 0 0 0 0 1.17 0 0 3.97 0 0 0 0 0 0 2.33 0 0 1.88 0 0 0 0 0 0 0.15 0 0 5.39 0 0 0 0 0 0 1.02 0 0 1.97 0 0 0 0 0 0 2.72 0 0 5.33 0 0 0 0 0 0 1.56 0 0 1.09 0 0 0 0 0 0 2.38 0 0 1.75 0 0 0 0 0 0 2.7 0 0 0.51 0 0 0 0 0 0 0 0 0 0 0 0 0 0 0 0 0 0 0 0 0 0 0 0 0 0 0 0 0 0 0 0 0 0 0 0 0 0 0 0 0 0 0 0 0 0 0 0 0 0 0 0 0 0 0 0 0 0 0 0 0 0 0 0 0 0 0 0 0 0 0 0 0 0 0 0 0 0 0 0 0 0 0 0 0 0 0 0 0 0 0 0 0 0 0 0 0 0 0 0 0 0 0 0 0 0 0 0 0 0 0 0 0.68 0 0 0 0 0 0 0 0 0 0.79 0 0 0 0 0 0 0 0 0 3.3 0 0 0 0 0 0 0 0 0 0.34 0 0 0 0 0 0 0 0 0 1.35 0 0 0 0 0 0 0 0 0 1.98 0 0 0 0 0 0 0 0 0 0.64 0 0 0 0 0 0 0 0 0 3.48 0 0 0 0 0 0 0 0 0 0.25 0 0 0 0 0 0 0 0 0 0.45 0 0 0 1.28 0 0 0.79 0 0 0 0 0 0 4.37 0 0 1.49 0 0 0 0 0 0 2.18 0 0 4.36 0 0 0 0 0 0 4.51 0 0 1.21 0 0 0 0 0 0 0.33 0 0 2.93 0 0 0 0 0 0 0.66 0 0 1.45 0 0 0 0 0 0 0.76 0 0 1.03 0 0 0 0 0 0 0.59 0 0 0.86 0 0 0 0 0 0 4.65 0 0 0.67 0 0 0 0 0 0 2.01 0 0 3.28 0 0 0 0 0 0 0 0 0 0 0 0 0 0 0 0 0 0 0 0 0 0 0 0 0 0 0 0 0 0 0 0 0 0 0 0 0 0 0 0 0 0 0 0 0 0 0 0 0 0 0 0 0 0 0 0 0 0 0 0 0 0 0 0 0 0 0 0 0 0 0 0 0 0 0 0 0 0 0 0 0 0 0 0 0 0 0 0 0 0 0 0 0 0 0 0 0 0 0 0 0 0 0 0 0 0 0 0 0 0 0 0 0.17 0 0 0 0 0 0 0 0 0 0.84 0 0 0 0 0 0 0 0 0 1.82 0 0 0 0 0 0 0 0 0 1.88 0 0 0 0 0 0 0 0 0 2.96 0 0 0 0 0 0 0 0 0 1.91 0 0 0 0 0 0 0 0 0 0.88 0 0 0 0 0 0 0 0 0 0.53 0 0 0 0 0 0 0 0 0 2.26 0 0 0 0 0 0 0 0 0 5.19 0 0 0 3.51 0 0 0.31 0 0 0 0 0 0 1.86 0 0 0.09 0 0 0 0 0 0 5.1 0 0 0.57 0 0 0 0 0 0 5.98 0 0 0.2 0 0 0 0 0 0 1.06 0 0 2.39 0 0 0 0 0 0 0.85 0 0 5.22 0 0 0 0 0 0 2.21 0 0 3.67 0 0 0 0 0 0 1.78 0 0 0.31 0 0 0 0 0 0 1.83 0 0 4.21 0 0 0 0 0 0 2.58 0 0 3.38 0 0 0 0 0 0 0 0 0 0 0 0 0 0 0 0 0 0 0 0 0 0 0 0 0 0 0 0 0 0 0 0 0 0 0 0 0 0 0 0 0 0 0 0 0 0 0 0 0 0 0 0 0 0 0 0 0 0 0 0 0 0 0 0 0 0 0 0 0 0 0 0 0 0 0 0 0 0 0 0 0 0 0 0 0 0 0 0 0 0 0 0 0 0 0 0 0 0 0 0 0 0 0 0 0 0 0 0 0 0 0 0 0.61 0 0 0 0 0 0 0 0 0 1.34 0 0 0 0 0 0 0 0 0 0.15 0 0 0 0 0 0 0 0 0 0.86 0 0 0 0 0 0 0 0 0 5.04 0 0 0 0 0 0 0 0 0 3.1 0 0 0 0 0 0 0 0 0 2.42 0 0 0 0 0 0 0 0 0 4.87 0 0 0 0 0 0 0 0 0 1.95 0 0 0 0 0 0 0 0 0 0.3 0 0 
0 0 0 0 0 0 0 0.97 0 0 0 0 0 0 0 0 0 5.71 0 0 0 0 0 0 0 0 0 2.83 0 0 0 0 0 0 0 0 0 0.16 0 0 0 0 0 0 0 0 0 1.96 0 0 0 0 0 0 0 0 0 2.58 0 0 0 0 0 0 0 0 0 2.36 0 0 0 0 0 0 0 0 0 0.23 0 0 0 0 0 0 0 0 0 0.44 0 0 0 0 0 0 0 0 0 2.38 0 0 0 0.88 0 0 4.88 0 0 0 0 0 0 1.14 0 0 1.15 0 0 0 0 0 0 2.18 0 0 2.8 0 0 0 0 0 0 0.43 0 0 3.62 0 0 0 0 0 0 0.52 0 0 1.49 0 0 0 0 0 0 0.51 0 0 2.36 0 0 0 0 0 0 1.91 0 0 2.1 0 0 0 0 0 0 1.4 0 0 3.78 0 0 0 0 0 0 0.19 0 0 0.6 0 0 0 0 0 0 3.73 0 0 2.92 0 0 0 0 0 0 0 0 0 0 0 0 0 0 0 0 0 0 0 0 0 0 0 0 0 0 0 0 0 0 0 0 0 0 0 0 0 0 0 0 0 0 0 0 0 0 0 0 0 0 0 0 0 0 0 0 0 0 0 0 0 0 0 0 0 0 0 0 0 0 0 0 0 0 0 0 0 0 0 0 0 0 0 0 0 0 0 0 0 0 0 0 0 0 0 0 0 0 0 0 0 0 0 0 0 0 0 0 0 0 0 0 4.48 0 0 0 0 0 0 0 0 0 0.72 0 0 0 0 0 0 0 0 0 3.52 0 0 0 0 0 0 0 0 0 3.7 0 0 0 0 0 0 0 0 0 0.51 0 0 0 0 0 0 0 0 0 1.25 0 0 0 0 0 0 0 0 0 4.46 0 0 0 0 0 0 0 0 0 1.25 0 0 0 0 0 0 0 0 0 0.04 0 0 0 0 0 0 0 0 0 0.23 0 0 0 1.11 0 0 1.05 0 0 0 0 0 0 3.42 0 0 2.24 0 0 0 0 0 0 1.49 0 0 0.65 0 0 0 0 0 0 1.88 0 0 0.93 0 0 0 0 0 0 4.8 0 0 0.8 0 0 0 0 0 0 0.37 0 0 0.55 0 0 0 0 0 0 4.73 0 0 2.11 0 0 0 0 0 0 4.16 0 0 3.15 0 0 0 0 0 0 0.65 0 0 0.92 0 0 0 0 0 0 3.05 0 0 2.36 0 0 0 0 0 0 0 0 0 0 0 0 0 0 0 0 0 0 0 0 0 0 0 0 0 0 0 0 0 0 0 0 0 0 0 0 0 0 0 0 0 0 0 0 0 0 0 0 0 0 0 0 0 0 0 0 0 0 0 0 0 0 0 0 0 0 0 0 0 0 0 0 0 0 0 0 0 0 0 0 0 0 0 0 0 0 0 0 0 0 0 0 0 0 0 0 0 0 0 0 0 0 0 0 0 0 0 0 0 0 0 0 2.42 0 0 0 0 0 0 0 0 0 4.73 0 0 0 0 0 0 0 0 0 4.85 0 0 0 0 0 0 0 0 0 2.22 0 0 0 0 0 0 0 0 0 0.81 0 0 0 0 0 0 0 0 0 0.09 0 0 0 0 0 0 0 0 0 1.83 0 0 0 0 0 0 0 0 0 0.79 0 0 0 0 0 0 0 0 0 6.21 0 0 0 0 0 0 0 0 0 2.09 0 0 0 4.72 0 0 1.6 0 0 0 0 0 0 1.43 0 0 2.48 0 0 0 0 0 0 0.61 0 0 0.77 0 0 0 0 0 0 0.85 0 0 0.29 0 0 0 0 0 0 0.99 0 0 3.08 0 0 0 0 0 0 3.5 0 0 1.59 0 0 0 0 0 0 2.04 0 0 3.63 0 0 0 0 0 0 0.22 0 0 2.03 0 0 0 0 0 0 4.65 0 0 4.27 0 0 0 0 0 0 4.62 0 0 0.9 0 0 0 0 0 0 0 0 0 0 0 0 0 0 0 0 0 0 0 0 0 0 0 0 0 0 0 0 0 0 0 0 0 0 0 0 0 0 0 0 0 0 0 0 0 0 0 0 0 0 0 0 0 0 0 0 0 0 0 0 0 0 0 0 0 0 0 0 0 0 0 0 0 0 0 0 0 0 0 0 0 0 0 0 0 0 0 0 0 0 0 0 0 0 0 0 0 0 0 0 0 0 0 0 0 0 0 0 0 0 0 0 0.62 0 0 0 0 0 0 0 0 0 0.69 0 0 0 0 0 0 0 0 0 3.34 0 0 0 0 0 0 0 0 0 1.58 0 0 0 0 0 0 0 0 0 0.73 0 0 0 0 0 0 0 0 0 0.58 0 0 0 0 0 0 0 0 0 0.96 0 0 0 0 0 0 0 0 0 0.51 0 0 0 0 0 0 0 0 0 3.27 0 0 0 0 0 0 0 0 0 0.39 0 0 0 0 0 0 0 0 0 1.43 0 0 0 0 0 0 0 0 0 5.44 0 0 0 0 0 0 0 0 0 3.05 0 0 0 0 0 0 0 0 0 4.44 0 0 0 0 0 0 0 0 0 4.24 0 0 0 0 0 0 0 0 0 0.78 0 0 0 0 0 0 0 0 0 1.15 0 0 0 0 0 0 0 0 0 3.6 0 0 0 0 0 0 0 0 0 3.15 0 0 0 0 0 0 0 0 0 2.17 0 0 0 4.55 0 0 1.4 0 0 0 0 0 0 1.59 0 0 1.75 0 0 0 0 0 0 2.73 0 0 2.66 0 0 0 0 0 0 3.68 0 0 5.35 0 0 0 0 0 0 2.09 0 0 1.53 0 0 0 0 0 0 4.5 0 0 4.09 0 0 0 0 0 0 3.59 0 0 5.02 0 0 0 0 0 0 3.48 0 0 4.14 0 0 0 0 0 0 0.3 0 0 1.87 0 0 0 0 0 0 2.5 0 0 2.03 0 0 0 0 0 0 0 0 0 0 0 0 0 0 0 0 0 0 0 0 0 0 0 0 0 0 0 0 0 0 0 0 0 0 0 0 0 0 0 0 0 0 0 0 0 0 0 0 0 0 0 0 0 0 0 0 0 0 0 0 0 0 0 0 0 0 0 0 0 0 0 0 0 0 0 0 0 0 0 0 0 0 0 0 0 0 0 0 0 0 0 0 0 0 0 0 0 0 0 0 0 0 0 0 0 0 0 0 0 0 0 0 3.17 0 0 0 0 0 0 0 0 0 0.68 0 0 0 0 0 0 0 0 0 4.93 0 0 0 0 0 0 0 0 0 0.63 0 0 0 0 0 0 0 0 0 2.64 0 0 0 0 0 0 0 0 0 5.44 0 0 0 0 0 0 0 0 0 1.3 0 0 0 0 0 0 0 0 0 0.52 0 0 0 0 0 0 0 0 0 1.5 0 0 0 0 0 0 0 0 0 1.75 0 0 0 3.43 0 0 0.52 0 0 0 0 0 0 1.45 0 0 0.16 0 0 0 0 0 0 2.2 0 0 4.51 0 0 0 0 0 0 5.36 0 0 3.46 0 0 0 0 0 0 4.57 0 0 2.81 0 0 0 0 0 0 4.3 0 0 5.06 0 0 0 0 0 0 5.16 0 0 0.79 0 0 0 0 0 0 3.25 0 0 0.84 0 0 0 0 0 0 0.34 0 0 5.18 0 0 0 0 0 0 0.34 0 0 4.01 0 0 0 0 0 0 0 0 0 0 0 0 0 0 0 0 0 0 0 0 0 0 0 0 0 0 0 0 0 0 0 0 0 0 0 0 0 0 0 0 0 0 0 0 0 0 0 0 0 0 0 0 0 0 0 0 0 0 0 0 0 0 0 0 0 0 0 0 0 0 0 0 0 0 0 0 0 0 0 0 0 0 0 0 0 0 0 0 0 0 0 0 0 0 0 0 0 0 0 0 0 0 0 0 0 0 0 0 0 0 0 0 3.73 0 0 0 0 0 0 0 0 0 0.09 0 0 0 0 0 0 0 0 0 2.79 0 0 0 0 0 0 0 0 0 4.68 0 0 0 0 0 0 0 0 0 0.63 0 0 0 0 0 0 0 0 0 3.79 0 0 0 0 0 0 0 0 0 3.44 0 0 0 0 0 0 0 0 0 0.65 0 0 0 0 0 0 0 0 0 4.61 0 0 0 0 0 0 0 0 0 2.47 0 0 0 3.54 0 0 2 0 0 0 0 0 0 2.37 0 0 2.82 0 0 0 0 0 0 3.14 0 0 3.24 0 0 0 0 0 0 0.92 0 0 4.17 0 0 0 0 0 0 0.33 0 0 1.45 0 0 0 0 0 0 1.76 0 0 4.35 0 0 0 0 0 0 0.15 0 0 0.66 0 0 0 0 0 0 2.92 0 0 0.65 0 0 0 0 0 0 0.8 0 0 0.85 0 0 0 0 0 0 3.74 0 0 0.31 0 0 0 0 0 0 0 0 0 0 0 0 0 0 0 0 0 0 0 0 0 0 0 0 0 0 0 0 0 0 0 0 0 0 0 0 0 0 0 0 0 0 0 0 0 0 0 0 0 0 0 0 0 0 0 0 0 0 0 0 0 0 0 0 0 0 0 0 0 0 0 0 0 0 0 0 0 0 0 0 0 0 0 0 0 0 0 0 0 0 0 0 0 0 0 0 0 0 0 0 0 0 0 0 0 0 0 0 0 0 0 0 0.49 0 0 0 0 0 0 0 0 0 0.6 0 0 0 0 0 0 0 0 0 1.88 0 0 0 0 0 0 0 0 0 3.83 0 0 0 0 0 0 0 0 0 2.21 0 0 0 0 0 0 0 0 0 5.18 0 0 0 0 0 0 0 0 0 0.65 0 0 0 0 0 0 0 0 0 0.5 0 0 0 0 0 0 0 0 0 4.71 0 0 0 0 0 0 0 0 0 2.01 0 0 0 0 0 0 0 0 0 3.12 0 0 0 0 0 0 0 0 0 0.79 0 0 0 0 0 0 0 0 0 0.68 0 0 0 0 0 0 0 0 0 2.86 0 0 0 0 0 0 0 0 0 1.46 0 0 0 0 0 0 0 0 0 0.16 0 0 0 0 0 0 0 0 0 3.7 0 0 0 0 0 0 0 0 0 2.66 0 0 0 0 0 0 0 0 0 2.96 0 0 0 0 0 0 0 0 0 2.16 0 0 0 1.69 0 0 0.44 0 0 0 0 0 0 0.14 0 0 3.53 0 0 0 0 0 0 1.73 0 0 1.09 0 0 0 0 0 0 1.72 0 0 3.9 0 0 0 0 0 0 0.77 0 0 2.6 0 0 0 0 0 0 2.99 0 0 3.78 0 0 0 0 0 0 2.96 0 0 1.75 0 0 0 0 0 0 1.83 0 0 0.41 0 0 0 0 0 0 4.96 0 0 0.82 0 0 0 0 0 0 2.68 0 0 1.71 0 0 0 0 0 0 0 0 0 0 0 0 0 0 0 0 0 0 0 0 0 0 0 0 0 0 0 0 0 0 0 0 0 0 0 0 0 0 0 0 0 0 0 0 0 0 0 0 0 0 0 0 0 0 0 0 0 0 0 0 0 0 0 0 0 0 0 0 0 0 0 0 0 0 0 0 0 0 0 0 0 0 0 0 0 0 0 0 0 0 0 0 0 0 0 0 0 0 0 0 0 0 0 0 0 0 0 0 0 0 0 0 2.35 0 0 0 0 0 0 0 0 0 0.53 0 0 0 0 0 0 0 0 0 1.23 0 0 0 0 0 0 0 0 0 2.22 0 0 0 0 0 0 0 0 0 1.11 0 0 0 0 0 0 0 0 0 0.16 0 0 0 0 0 0 0 0 0 3.98 0 0 0 0 0 0 0 0 0 0.16 0 0 0 0 0 0 0 0 0 3.18 0 0 0 0 0 0 0 0 0 4.98 0 0 0 5.33 0 0 0.08 0 0 0 0 0 0 1.64 0 0 1.97 0 0 0 0 0 0 1.53 0 0 4.44 0 0 0 0 0 0 3.57 0 0 1.05 0 0 0 0 0 0 0.69 0 0 0.3 0 0 0 0 0 0 0.47 0 0 5.18 0 0 0 0 0 0 3.39 0 0 3.08 0 0 0 0 0 0 4.81 0 0 1.43 0 0 0 0 0 0 4.64 0 0 4.07 0 0 0 0 0 0 0.86 0 0 2.17 0 0 0 0 0 0 0 0 0 0 0 0 0 0 0 0 0 0 0 0 0 0 0 0 0 0 0 0 0 0 0 0 0 0 0 0 0 0 0 0 0 0 0 0 0 0 0 0 0 0 0 0 0 0 0 0 0 0 0 0 0 0 0 0 0 0 0 0 0 0 0 0 0 0 0 0 0 0 0 0 0 0 0 0 0 0 0 0 0 0 0 0 0 0 0 0 0 0 0 0 0 0 0 0 0 0 0 0 0 0 0 0 3.06 0 0 0 0 0 0 0 0 0 0.62 0 0 0 0 0 0 0 0 0 0.16 0 0 0 0 0 0 0 0 0 2.1 0 0 0 0 0 0 0 0 0 3.94 0 0 0 0 0 0 0 0 0 3.64 0 0 0 0 0 0 0 0 0 0.23 0 0 0 0 0 0 0 0 0 5.01 0 0 0 0 0 0 0 0 0 3.23 0 0 0 0 0 0 0 0 0 4.96 0 0 0 0.84 0 0 0.15 0 0 0 0 0 0 0.31 0 0 0.1 0 0 0 0 0 0 2.1 0 0 3.31 0 0 0 0 0 0 0.09 0 0 1.07 0 0 0 0 0 0 2.55 0 0 0.35 0 0 0 0 0 0 4.2 0 0 4.65 0 0 0 0 0 0 0.31 0 0 0.37 0 0 0 0 0 0 2.22 0 0 5.03 0 0 0 0 0 0 1.66 0 0 4.35 0 0 0 0 0 0 2.1 0 0 5.35 0 0 0 0 0 0 0 0 0 0 0 0 0 0 0 0 0 0 0 0 0 0 0 0 0 0 0 0 0 0 0 0 0 0 0 0 0 0 0 0 0 0 0 0 0 0 0 0 0 0 0 0 0 0 0 0 0 0 0 0 0 0 0 0 0 0 0 0 0 0 0 0 0 0 0 0 0 0 0 0 0 0 0 0 0 0 0 0 0 0 0 0 0 0 0 0 0 0 0 0 0 0 0 0 0 0 0 0 0 0 0 0 0.81 0 0 0 0 0 0 0 0 0 0.65 0 0 0 0 0 0 0 0 0 2.95 0 0 0 0 0 0 0 0 0 2.12 0 0 0 0 0 0 0 0 0 2.95 0 0 0 0 0 0 0 0 0 2.47 0 0 0 0 0 0 0 0 0 0.83 0 0 0 0 0 0 0 0 0 3.04 0 0 0 0 0 0 0 0 0 4.81 0 0 0 0 0 0 0 0 0 1.44 0 0 0 0 0 0 0 0 0 3.88 0 0 0 0 0 0 0 0 0 1.73 0 0 0 0 0 0 0 0 0 3.51 0 0 0 0 0 0 0 0 0 4.52 0 0 0 0 0 0 0 0 0 2.81 0 0 0 0 0 0 0 0 0 0.7 0 0 0 0 0 0 0 0 0 3.61 0 0 0 0 0 0 0 0 0 5.5 0 0 0 0 0 0 0 0 0 2.69 0 0 0 0 0 0 0 0 0 1.17 0 0 0 1.12 0 0 1.88 0 0 0 0 0 0 2.45 0 0 1.06 0 0 0 0 0 0 2.78 0 0 0.13 0 0 0 0 0 0 0.43 0 0 0.8 0 0 0 0 0 0 3.06 0 0 0.25 0 0 0 0 0 0 0.22 0 0 0.29 0 0 0 0 0 0 1.77 0 0 1.44 0 0 0 0 0 0 4.79 0 0 2.44 0 0 0 0 0 0 0.42 0 0 0.79 0 0 0 0 0 0 0.52 0 0 1.25 0 0 0 0 0 0 0 0 0 0 0 0 0 0 0 0 0 0 0 0 0 0 0 0 0 0 0 0 0 0 0 0 0 0 0 0 0 0 0 0 0 0 0 0 0 0 0 0 0 0 0 0 0 0 0 0 0 0 0 0 0 0 0 0 0 0 0 0 0 0 0 0 0 0 0 0 0 0 0 0 0 0 0 0 0 0 0 0 0 0 0 0 0 0 0 0 0 0 0 0 0 0 0 0 0 0 0 0 0 0 0 0 1.21 0 0 0 0 0 0 0 0 0 1.36 0 0 0 0 0 0 0 0 0 3.96 0 0 0 0 0 0 0 0 0 3.1 0 0 0 0 0 0 0 0 0 2.78 0 0 0 0 0 0 0 0 0 4.24 0 0 0 0 0 0 0 0 0 0.37 0 0 0 0 0 0 0 0 0 1.32 0 0 0 0 0 0 0 0 0 3.94 0 0 0 0 0 0 0 0 0 0.09 0 0 0 1.09 0 0 2.06 0 0 0 0 0 0 0.69 0 0 0.46 0 0 0 0 0 0 2.64 0 0 2.25 0 0 0 0 0 0 1.08 0 0 0.44 0 0 0 0 0 0 4.27 0 0 3.24 0 0 0 0 0 0 3.51 0 0 3.93 0 0 0 0 0 0 3.09 0 0 4.1 0 0 0 0 0 0 1.76 0 0 3.75 0 0 0 0 0 0 3.67 0 0 0.26 0 0 0 0 0 0 3.47 0 0 0.88 0 0 0 0 0 0 0 0 0 0 0 0 0 0 0 0 0 0 0 0 0 0 0 0 0 0 0 0 0 0 0 0 0 0 0 0 0 0 0 0 0 0 0 0 0 0 0 0 0 0 0 0 0 0 0 0 0 0 0 0 0 0 0 0 0 0 0 0 0 0 0 0 0 0 0 0 0 0 0 0 0 0 0 0 0 0 0 0 0 0 0 0 0 0 0 0 0 0 0 0 0 0 0 0 0 0 0 0 0 0 0 0 5.02 0 0 0 0 0 0 0 0 0 0.9 0 0 0 0 0 0 0 0 0 0.46 0 0 0 0 0 0 0 0 0 0.65 0 0 0 0 0 0 0 0 0 1.65 0 0 0 0 0 0 0 0 0 0.09 0 0 0 0 0 0 0 0 0 0.49 0 0 0 0 0 0 0 0 0 2.05 0 0 0 0 0 0 0 0 0 0.19 0 0 0 0 0 0 0 0 0 4.82 0 0 0 5.03 0 0 3.32 0 0 0 0 0 0 2.84 0 0 5.29 0 0 0 0 0 0 0.91 0 0 0.54 0 0 0 0 0 0 0.37 0 0 0.06 0 0 0 0 0 0 2.83 0 0 0.28 0 0 0 0 0 0 2.45 0 0 0.88 0 0 0 0 0 0 3.19 0 0 3.31 0 0 0 0 0 0 5.58 0 0 0.52 0 0 0 0 0 0 3.93 0 0 5.59 0 0 0 0 0 0 1.18 0 0 1.73 0 0 0 0 0 0 0 0 0 0 0 0 0 0 0 0 0 0 0 0 0 0 0 0 0 0 0 0 0 0 0 0 0 0 0 0 0 0 0 0 0 0 0 0 0 0 0 0 0 0 0 0 0 0 0 0 0 0 0 0 0 0 0 0 0 0 0 0 0 0 0 0 0 0 0 0 0 0 0 0 0 0 0 0 0 0 0 0 0 0 0 0 0 0 0 0 0 0 0 0 0 0 0 0 0 0 0 0 0 0 0 0 1.62 0 0 0 0 0 0 0 0 0 1.02 0 0 0 0 0 0 0 0 0 3.68 0 0 0 0 0 0 0 0 0 0.81 0 0 0 0 0 0 0 0 0 3.53 0 0 0 0 0 0 0 0 0 2.22 0 0 0 0 0 0 0 0 0 1.05 0 0 0 0 0 0 0 0 0 0.34 0 0 0 0 0 0 0 0 0 1.16 0 0 0 0 0 0 0 0 0 2.17 0 0 0 0 0 0 0 0 0 1.2 0 0 0 0 0 0 0 0 0 0.19 0 0 0 0 0 0 0 0 0 1.36 0 0 0 0 0 0 0 0 0 1.42 0 0 0 0 0 0 0 0 0 1.48 0 0 0 0 0 0 0 0 0 2.86 0 0 0 0 0 0 0 0 0 1.59 0 0 0 0 0 0 0 0 0 6.07 0 0 0 0 0 0 0 0 0 3.52 0 0 0 0 0 0 0 0 0 2.06 0 0 0 0.53 0 0 2.68 0 0 0 0 0 0 3.5 0 0 2.08 0 0 0 0 0 0 0.8 0 0 0.99 0 0 0 0 0 0 3.58 0 0 1.11 0 0 0 0 0 0 0.49 0 0 4.45 0 0 0 0 0 0 2.86 0 0 1.62 0 0 0 0 0 0 0.75 0 0 0.67 0 0 0 0 0 0 0.48 0 0 3.68 0 0 0 0 0 0 0.5 0 0 2.04 0 0 0 0 0 0 5.35 0 0 1.1 0 0 0 0 0 0 0 0 0 0 0 0 0 0 0 0 0 0 0 0 0 0 0 0 0 0 0 0 0 0 0 0 0 0 0 0 0 0 0 0 0 0 0 0 0 0 0 0 0 0 0 0 0 0 0 0 0 0 0 0 0 0 0 0 0 0 0 0 0 0 0 0 0 0 0 0 0 0 0 0 0 0 0 0 0 0 0 0 0 0 0 0 0 0 0 0 0 0 0 0 0 0 0 0 0 0 0 0 0 0 0 0 1.35 0 0 0 0 0 0 0 0 0 3.05 0 0 0 0 0 0 0 0 0 1.5 0 0 0 0 0 0 0 0 0 3.39 0 0 0 0 0 0 0 0 0 0.25 0 0 0 0 0 0 0 0 0 1.27 0 0 0 0 0 0 0 0 0 0.19 0 0 0 0 0 0 0 0 0 0.33 0 0 0 0 0 0 0 0 0 2.85 0 0 0 0 0 0 0 0 0 0.38 0 0 0 2.49 0 0 4.09 0 0 0 0 0 0 5.84 0 0 0.35 0 0 0 0 0 0 2.93 0 0 3.87 0 0 0 0 0 0 0.6 0 0 4.57 0 0 0 0 0 0 2.13 0 0 1.7 0 0 0 0 0 0 3.8 0 0 0.12 0 0 0 0 0 0 1.18 0 0 1.73 0 0 0 0 0 0 0.46 0 0 0.86 0 0 0 0 0 0 0.2 0 0 1.79 0 0 0 0 0 0 3.13 0 0 1.17 0 0 0 0 0 0 0 0 0 0 0 0 0 0 0 0 0 0 0 0 0 0 0 0 0 0 0 0 0 0 0 0 0 0 0 0 0 0 0 0 0 0 0 0 0 0 0 0 0 0 0 0 0 0 0 0 0 0 0 0 0 0 0 0 0 0 0 0 0 0 0 0 0 0 0 0 0 0 0 0 0 0 0 0 0 0 0 0 0 0 0 0 0 0 0 0 0 0 0 0 0 0 0 0 0 0 0 0 0 0 0 0 2.26 0 0 0 0 0 0 0 0 0 1.39 0 0 0 0 0 0 0 0 0 2.12 0 0 0 0 0 0 0 0 0 2.98 0 0 0 0 0 0 0 0 0 4.37 0 0 0 0 0 0 0 0 0 2.1 0 0 0 0 0 0 0 0 0 4 0 0 0 0 0 0 0 0 0 1.85 0 0 0 0 0 0 0 0 0 2.27 0 0 0 0 0 0 0 0 0 4.59 0 0 0 2.53 0 0 0.63 0 0 0 0 0 0 4.24 0 0 2.03 0 0 0 0 0 0 3.98 0 0 0.17 0 0 0 0 0 0 1.4 0 0 0.29 0 0 0 0 0 0 1.33 0 0 5.34 0 0 0 0 0 0 1.58 0 0 0.16 0 0 0 0 0 0 2.23 0 0 0.53 0 0 0 0 0 0 1.53 0 0 3.33 0 0 0 0 0 0 0.59 0 0 1.12 0 0 0 0 0 0 4.96 0 0 3.05 0 0 0 0 0 0 0 0 0 0 0 0 0 0 0 0 0 0 0 0 0 0 0 0 0 0 0 0 0 0 0 0 0 0 0 0 0 0 0 0 0 0 0 0 0 0 0 0 0 0 0 0 0 0 0 0 0 0 0 0 0 0 0 0 0 0 0 0 0 0 0 0 0 0 0 0 0 0 0 0 0 0 0 0 0 0 0 0 0 0 0 0 0 0 0 0 0 0 0 0 0 0 0 0 0 0 0 0 0 0 0 0 3.86 0 0 0 0 0 0 0 0 0 1.37 0 0 0 0 0 0 0 0 0 0.76 0 0 0 0 0 0 0 0 0 1.17 0 0 0 0 0 0 0 0 0 1.23 0 0 0 0 0 0 0 0 0 2.41 0 0 0 0 0 0 0 0 0 4.36 0 0 0 0 0 0 0 0 0 5.43 0 0 0 0 0 0 0 0 0 0.83 0 0 0 0 0 0 0 0 0 0.84 0 0 0 0 0 0 0 0 0 2.12 0 0 0 0 0 0 0 0 0 1.33 0 0 0 0 0 0 0 0 0 2.67 0 0 0 0 0 0 0 0 0 2.44 0 0 0 0 0 0 0 0 0 5.19 0 0 0 0 0 0 0 0 0 2.21 0 0 0 0 0 0 0 0 0 3.6 0 0 0 0 0 0 0 0 0 0.94 0 0 0 0 0 0 0 0 0 4.11 0 0 0 0 0 0 0 0 0 1.28 0 0 0 0.11 0 0 3.2 0 0 0 0 0 0 1.14 0 0 3.15 0 0 0 0 0 0 3.47 0 0 3.91 0 0 0 0 0 0 0.37 0 0 0.24 0 0 0 0 0 0 1.8 0 0 0.14 0 0 0 0 0 0 0.73 0 0 5.76 0 0 0 0 0 0 0.95 0 0 0.5 0 0 0 0 0 0 4.03 0 0 1.1 0 0 0 0 0 0 0.76 0 0 3.26 0 0 0 0 0 0 1.45 0 0 0.71 0 0 0 0 0 0 0 0 0 0 0 0 0 0 0 0 0 0 0 0 0 0 0 0 0 0 0 0 0 0 0 0 0 0 0 0 0 0 0 0 0 0 0 0 0 0 0 0 0 0 0 0 0 0 0 0 0 0 0 0 0 0 0 0 0 0 0 0 0 0 0 0 0 0 0 0 0 0 0 0 0 0 0 0 0 0 0 0 0 0 0 0 0 0 0 0 0 0 0 0 0 0 0 0 0 0 0 0 0 0 0 0 1.56 0 0 0 0 0 0 0 0 0 4.09 0 0 0 0 0 0 0 0 0 3.94 0 0 0 0 0 0 0 0 0 0.43 0 0 0 0 0 0 0 0 0 3.82 0 0 0 0 0 0 0 0 0 4.1 0 0 0 0 0 0 0 0 0 0.32 0 0 0 0 0 0 0 0 0 3.73 0 0 0 0 0 0 0 0 0 1.11 0 0 0 0 0 0 0 0 0 6.17 0 0 0 2.33 0 0 0.36 0 0 0 0 0 0 1.15 0 0 4.14 0 0 0 0 0 0 3.23 0 0 0.96 0 0 0 0 0 0 2.5 0 0 0.32 0 0 0 0 0 0 3.77 0 0 0.47 0 0 0 0 0 0 1.63 0 0 0.44 0 0 0 0 0 0 5.03 0 0 5.21 0 0 0 0 0 0 4.45 0 0 2.96 0 0 0 0 0 0 5.01 0 0 1.4 0 0 0 0 0 0 3.52 0 0 1.69 0 0 0 0 0 0 0 0 0 0 0 0 0 0 0 0 0 0 0 0 0 0 0 0 0 0 0 0 0 0 0 0 0 0 0 0 0 0 0 0 0 0 0 0 0 0 0 0 0 0 0 0 0 0 0 0 0 0 0 0 0 0 0 0 0 0 0 0 0 0 0 0 0 0 0 0 0 0 0 0 0 0 0 0 0 0 0 0 0 0 0 0 0 0 0 0 0 0 0 0 0 0 0 0 0 0 0 0 0 0 0 0 4.18 0 0 0 0 0 0 0 0 0 3.15 0 0 0 0 0 0 0 0 0 4.4 0 0 0 0 0 0 0 0 0 3.12 0 0 0 0 0 0 0 0 0 1.57 0 0 0 0 0 0 0 0 0 1.19 0 0 0 0 0 0 0 0 0 0.15 0 0 0 0 0 0 0 0 0 1.85 0 0 0 0 0 0 0 0 0 4.69 0 0 0 0 0 0 0 0 0 4.95 0 0 0 0.93 0 0 0.23 0 0 0 0 0 0 0.84 0 0 0.29 0 0 0 0 0 0 0.09 0 0 0.3 0 0 0 0 0 0 1.44 0 0 4.4 0 0 0 0 0 0 2.27 0 0 2.33 0 0 0 0 0 0 1.9 0 0 1.5 0 0 0 0 0 0 1.54 0 0 0.67 0 0 0 0 0 0 2.12 0 0 2.16 0 0 0 0 0 0 0.66 0 0 0.8 0 0 0 0 0 0 0.34 0 0 1.99 0 0 0 0 0 0 0 0 0 0 0 0 0 0 0 0 0 0 0 0 0 0 0 0 0 0 0 0 0 0 0 0 0 0 0 0 0 0 0 0 0 0 0 0 0 0 0 0 0 0 0 0 0 0 0 0 0 0 0 0 0 0 0 0 0 0 0 0 0 0 0 0 0 0 0 0 0 0 0 0 0 0 0 0 0 0 0 0 0 0 0 0 0 0 0 0 0 0 0 0 0 0 0 0 0 0 0 0 0 0 0 0 2.79 0 0 0 0 0 0 0 0 0 0.71 0 0 0 0 0 0 0 0 0 1.17 0 0 0 0 0 0 0 0 0 0.82 0 0 0 0 0 0 0 0 0 2.28 0 0 0 0 0 0 0 0 0 2.57 0 0 0 0 0 0 0 0 0 2.82 0 0 0 0 0 0 0 0 0 2.01 0 0 0 0 0 0 0 0 0 1.16 0 0 0 0 0 0 0 0 0 3.25 0 0 0 0 0 0 0 0 0 3.01 0 0 0 0 0 0 0 0 0 3.61 0 0 0 0 0 0 0 0 0 1.71 0 0 0 0 0 0 0 0 0 3.82 0 0 0 0 0 0 0 0 0 0.32 0 0 0 0 0 0 0 0 0 2.48 0 0 0 0 0 0 0 0 0 2.01 0 0 0 0 0 0 0 0 0 4.04 0 0 0 0 0 0 0 0 0 1.95 0 0 0 0 0 0 0 0 0 3.37 0 0 0 1.64 0 0 0.43 0 0 0 0 0 0 1.68 0 0 2.51 0 0 0 0 0 0 0.09 0 0 1.59 0 0 0 0 0 0 2.19 0 0 2.34 0 0 0 0 0 0 2.36 0 0 1.83 0 0 0 0 0 0 4.18 0 0 2.05 0 0 0 0 0 0 2.21 0 0 4.19 0 0 0 0 0 0 2.15 0 0 3.72 0 0 0 0 0 0 2.96 0 0 0.59 0 0 0 0 0 0 0.6 0 0 1.81 0 0 0 0 0 0 0 0 0 0 0 0 0 0 0 0 0 0 0 0 0 0 0 0 0 0 0 0 0 0 0 0 0 0 0 0 0 0 0 0 0 0 0 0 0 0 0 0 0 0 0 0 0 0 0 0 0 0 0 0 0 0 0 0 0 0 0 0 0 0 0 0 0 0 0 0 0 0 0 0 0 0 0 0 0 0 0 0 0 0 0 0 0 0 0 0 0 0 0 0 0 0 0 0 0 0 0 0 0 0 0 0 0.2 0 0 0 0 0 0 0 0 0 0.26 0 0 0 0 0 0 0 0 0 2.57 0 0 0 0 0 0 0 0 0 0.74 0 0 0 0 0 0 0 0 0 1.56 0 0 0 0 0 0 0 0 0 4.84 0 0 0 0 0 0 0 0 0 1.11 0 0 0 0 0 0 0 0 0 2.19 0 0 0 0 0 0 0 0 0 0.87 0 0 0 0 0 0 0 0 0 5.65 0 0 0 0.48 0 0 0.69 0 0 0 0 0 0 3.22 0 0 0.72 0 0 0 0 0 0 1.33 0 0 1.43 0 0 0 0 0 0 1.22 0 0 0.45 0 0 0 0 0 0 4.21 0 0 1.2 0 0 0 0 0 0 0.88 0 0 2.51 0 0 0 0 0 0 1.33 0 0 3.61 0 0 0 0 0 0 1.62 0 0 0.39 0 0 0 0 0 0 3.23 0 0 2.21 0 0 0 0 0 0 0.88 0 0 4.38 0 0 0 0 0 0 0 0 0 0 0 0 0 0 0 0 0 0 0 0 0 0 0 0 0 0 0 0 0 0 0 0 0 0 0 0 0 0 0 0 0 0 0 0 0 0 0 0 0 0 0 0 0 0 0 0 0 0 0 0 0 0 0 0 0 0 0 0 0 0 0 0 0 0 0 0 0 0 0 0 0 0 0 0 0 0 0 0 0 0 0 0 0 0 0 0 0 0 0 0 0 0 0 0 0 0 0 0 0 0 0 0 4.67 0 0 0 0 0 0 0 0 0 4.91 0 0 0 0 0 0 0 0 0 2.48 0 0 0 0 0 0 0 0 0 3.7 0 0 0 0 0 0 0 0 0 3.22 0 0 0 0 0 0 0 0 0 2.22 0 0 0 0 0 0 0 0 0 3.28 0 0 0 0 0 0 0 0 0 1.2 0 0 0 0 0 0 0 0 0 0.21 0 0 0 0 0 0 0 0 0 0.64 0 0 0 0.66 0 0 1.41 0 0 0 0 0 0 0.9 0 0 1.58 0 0 0 0 0 0 1.15 0 0 1.81 0 0 0 0 0 0 3.2 0 0 0.8 0 0 0 0 0 0 2.18 0 0 2.09 0 0 0 0 0 0 0.75 0 0 2.9 0 0 0 0 0 0 5.35 0 0 1.65 0 0 0 0 0 0 1.03 0 0 0.46 0 0 0 0 0 0 0.87 0 0 2.85 0 0 0 0 0 0 1.08 0 0 0.45 0 0 0 0 0 0 0 0 0 0 0 0 0 0 0 0 0 0 0 0 0 0 0 0 0 0 0 0 0 0 0 0 0 0 0 0 0 0 0 0 0 0 0 0 0 0 0 0 0 0 0 0 0 0 0 0 0 0 0 0 0 0 0 0 0 0 0 0 0 0 0 0 0 0 0 0 0 0 0 0 0 0 0 0 0 0 0 0 0 0 0 0 0 0 0 0 0 0 0 0 0 0 0 0 0 0 0 0 0 0 0 0 2.56 0 0 0 0 0 0 0 0 0 0.04 0 0 0 0 0 0 0 0 0 1.34 0 0 0 0 0 0 0 0 0 1.86 0 0 0 0 0 0 0 0 0 2.7 0 0 0 0 0 0 0 0 0 3.62 0 0 0 0 0 0 0 0 0 1.91 0 0 0 0 0 0 0 0 0 3.35 0 0 0 0 0 0 0 0 0 3.64 0 0 0 0 0 0 0 0 0 5.2 0 0 0 0 0 0 0 0 0 1.85 0 0 0 0 0 0 0 0 0 2.28 0 0 0 0 0 0 0 0 0 1.39 0 0 0 0 0 0 0 0 0 2.83 0 0 0 0 0 0 0 0 0 1.03 0 0 0 0 0 0 0 0 0 0.22 0 0 0 0 0 0 0 0 0 3.57 0 0 0 0 0 0 0 0 0 1.65 0 0 0 0 0 0 0 0 0 0.17 0 0 0 0 0 0 0 0 0 0.58 0 0 0 0.46 0 0 2.73 0 0 0 0 0 0 4.32 0 0 2.54 0 0 0 0 0 0 3.75 0 0 0.73 0 0 0 0 0 0 3.64 0 0 0.56 0 0 0 0 0 0 0.71 0 0 0.54 0 0 0 0 0 0 3.81 0 0 0.34 0 0 0 0 0 0 3.06 0 0 1.05 0 0 0 0 0 0 2.65 0 0 2.42 0 0 0 0 0 0 0.83 0 0 4.56 0 0 0 0 0 0 1.76 0 0 0.65 0 0 0 0 0 0 0 0 0 0 0 0 0 0 0 0 0 0 0 0 0 0 0 0 0 0 0 0 0 0 0 0 0 0 0 0 0 0 0 0 0 0 0 0 0 0 0 0 0 0 0 0 0 0 0 0 0 0 0 0 0 0 0 0 0 0 0 0 0 0 0 0 0 0 0 0 0 0 0 0 0 0 0 0 0 0 0 0 0 0 0 0 0 0 0 0 0 0 0 0 0 0 0 0 0 0 0 0 0 0 0 0 1.55 0 0 0 0 0 0 0 0 0 0.68 0 0 0 0 0 0 0 0 0 3.72 0 0 0 0 0 0 0 0 0 0.7 0 0 0 0 0 0 0 0 0 1.99 0 0 0 0 0 0 0 0 0 1.44 0 0 0 0 0 0 0 0 0 1.12 0 0 0 0 0 0 0 0 0 4.49 0 0 0 0 0 0 0 0 0 2.32 0 0 0 0 0 0 0 0 0 1.17 0 0 0 0.79 0 0 0.98 0 0 0 0 0 0 2.2 0 0 0.97 0 0 0 0 0 0 1.18 0 0 2.23 0 0 0 0 0 0 0.16 0 0 0.57 0 0 0 0 0 0 2.45 0 0 0.42 0 0 0 0 0 0 4.01 0 0 1.63 0 0 0 0 0 0 0.15 0 0 0.41 0 0 0 0 0 0 1.43 0 0 1.3 0 0 0 0 0 0 0.41 0 0 3.66 0 0 0 0 0 0 0.42 0 0 1.42 0 0 0 0 0 0 0 0 0 0 0 0 0 0 0 0 0 0 0 0 0 0 0 0 0 0 0 0 0 0 0 0 0 0 0 0 0 0 0 0 0 0 0 0 0 0 0 0 0 0 0 0 0 0 0 0 0 0 0 0 0 0 0 0 0 0 0 0 0 0 0 0 0 0 0 0 0 0 0 0 0 0 0 0 0 0 0 0 0 0 0 0 0 0 0 0 0 0 0 0 0 0 0 0 0 0 0 0 0 0 0 0 1.39 0 0 0 0 0 0 0 0 0 0.74 0 0 0 0 0 0 0 0 0 1.03 0 0 0 0 0 0 0 0 0 1.11 0 0 0 0 0 0 0 0 0 0.06 0 0 0 0 0 0 0 0 0 1.12 0 0 0 0 0 0 0 0 0 2.02 0 0 0 0 0 0 0 0 0 3.76 0 0 0 0 0 0 0 0 0 0.44 0 0 0 0 0 0 0 0 0 0.56 0 0 0 2.05 0 0 1.45 0 0 0 0 0 0 1 0 0 2.88 0 0 0 0 0 0 2.04 0 0 2.38 0 0 0 0 0 0 0.42 0 0 0.28 0 0 0 0 0 0 4.19 0 0 0.37 0 0 0 0 0 0 0.94 0 0 3.32 0 0 0 0 0 0 1.84 0 0 2.33 0 0 0 0 0 0 2.49 0 0 0.34 0 0 0 0 0 0 0.41 0 0 3.76 0 0 0 0 0 0 2.72 0 0 0.99 0 0 0 0 0 0 0 0 0 0 0 0 0 0 0 0 0 0 0 0 0 0 0 0 0 0 0 0 0 0 0 0 0 0 0 0 0 0 0 0 0 0 0 0 0 0 0 0 0 0 0 0 0 0 0 0 0 0 0 0 0 0 0 0 0 0 0 0 0 0 0 0 0 0 0 0 0 0 0 0 0 0 0 0 0 0 0 0 0 0 0 0 0 0 0 0 0 0 0 0 0 0 0 0 0 0 0 0 0 0 0 0 3.67 0 0 0 0 0 0 0 0 0 3.7 0 0 0 0 0 0 0 0 0 0.96 0 0 0 0 0 0 0 0 0 4.9 0 0 0 0 0 0 0 0 0 0.61 0 0 0 0 0 0 0 0 0 0.28 0 0 0 0 0 0 0 0 0 1.52 0 0 0 0 0 0 0 0 0 2.9 0 0 0 0 0 0 0 0 0 4.29 0 0 0 0 0 0 0 0 0 0.32 0 0 0 0 0 0 0 0 0 1.05 0 0 0 0 0 0 0 0 0 0.95 0 0 0 0 0 0 0 0 0 1.59 0 0 0 0 0 0 0 0 0 1.02 0 0 0 0 0 0 0 0 0 5.01 0 0 0 0 0 0 0 0 0 5.62 0 0 0 0 0 0 0 0 0 2.14 0 0 0 0 0 0 0 0 0 0.69 0 0 0 0 0 0 0 0 0 2.82 0 0 0 0 0 0 0 0 0 2.75 0 0 0 0.82 0 0 0.67 0 0 0 0 0 0 0.09 0 0 3.68 0 0 0 0 0 0 2.29 0 0 5.02 0 0 0 0 0 0 4.25 0 0 2.51 0 0 0 0 0 0 3.89 0 0 0.25 0 0 0 0 0 0 0.85 0 0 0.38 0 0 0 0 0 0 0.74 0 0 2.09 0 0 0 0 0 0 0.21 0 0 4.2 0 0 0 0 0 0 1.71 0 0 0.9 0 0 0 0 0 0 0.29 0 0 0.67 0 0 0 0 0 0 0 0 0 0 0 0 0 0 0 0 0 0 0 0 0 0 0 0 0 0 0 0 0 0 0 0 0 0 0 0 0 0 0 0 0 0 0 0 0 0 0 0 0 0 0 0 0 0 0 0 0 0 0 0 0 0 0 0 0 0 0 0 0 0 0 0 0 0 0 0 0 0 0 0 0 0 0 0 0 0 0 0 0 0 0 0 0 0 0 0 0 0 0 0 0 0 0 0 0 0 0 0 0 0 0 0 4.41 0 0 0 0 0 0 0 0 0 0.42 0 0 0 0 0 0 0 0 0 4.27 0 0 0 0 0 0 0 0 0 0.61 0 0 0 0 0 0 0 0 0 0.09 0 0 0 0 0 0 0 0 0 0.64 0 0 0 0 0 0 0 0 0 0.47 0 0 0 0 0 0 0 0 0 0.97 0 0 0 0 0 0 0 0 0 1.44 0 0 0 0 0 0 0 0 0 3.71 0 0 0 3.72 0 0 1.52 0 0 0 0 0 0 3.03 0 0 3.16 0 0 0 0 0 0 4.09 0 0 0.22 0 0 0 0 0 0 1.68 0 0 4.49 0 0 0 0 0 0 3.92 0 0 0.99 0 0 0 0 0 0 4.96 0 0 0.98 0 0 0 0 0 0 4.32 0 0 6.19 0 0 0 0 0 0 0.87 0 0 4.08 0 0 0 0 0 0 1.26 0 0 3.39 0 0 0 0 0 0 0.94 0 0 0.4 0 0 0 0 0 0 0 0 0 0 0 0 0 0 0 0 0 0 0 0 0 0 0 0 0 0 0 0 0 0 0 0 0 0 0 0 0 0 0 0 0 0 0 0 0 0 0 0 0 0 0 0 0 0 0 0 0 0 0 0 0 0 0 0 0 0 0 0 0 0 0 0 0 0 0 0 0 0 0 0 0 0 0 0 0 0 0 0 0 0 0 0 0 0 0 0 0 0 0 0 0 0 0 0 0 0 0 0 0 0 0 0 0.96 0 0 0 0 0 0 0 0 0 3.67 0 0 0 0 0 0 0 0 0 2.54 0 0 0 0 0 0 0 0 0 1.52 0 0 0 0 0 0 0 0 0 2.24 0 0 0 0 0 0 0 0 0 1.21 0 0 0 0 0 0 0 0 0 1.83 0 0 0 0 0 0 0 0 0 3.38 0 0 0 0 0 0 0 0 0 1.72 0 0 0 0 0 0 0 0 0 1.62 0 0 0 0.13 0 0 0.93 0 0 0 0 0 0 3.8 0 0 5.51 0 0 0 0 0 0 0.88 0 0 5.06 0 0 0 0 0 0 3.42 0 0 2.1 0 0 0 0 0 0 4.57 0 0 2.22 0 0 0 0 0 0 1.39 0 0 0.89 0 0 0 0 0 0 3.27 0 0 0.8 0 0 0 0 0 0 3.97 0 0 0.3 0 0 0 0 0 0 1.36 0 0 2.91 0 0 0 0 0 0 2.4 0 0 3.86 0 0 0 0 0 0 0 0 0 0 0 0 0 0 0 0 0 0 0 0 0 0 0 0 0 0 0 0 0 0 0 0 0 0 0 0 0 0 0 0 0 0 0 0 0 0 0 0 0 0 0 0 0 0 0 0 0 0 0 0 0 0 0 0 0 0 0 0 0 0 0 0 0 0 0 0 0 0 0 0 0 0 0 0 0 0 0 0 0 0 0 0 0 0 0 0 0 0 0 0 0 0 0 0 0 0 0 0 0 0 0 0 0.86 0 0 0 0 0 0 0 0 0 1.53 0 0 0 0 0 0 0 0 0 2.04 0 0 0 0 0 0 0 0 0 4.54 0 0 0 0 0 0 0 0 0 0.33 0 0 0 0 0 0 0 0 0 1.26 0 0 0 0 0 0 0 0 0 1.33 0 0 0 0 0 0 0 0 0 0.26 0 0 0 0 0 0 0 0 0 1.66 0 0 0 0 0 0 0 0 0 3.73 0 0 0 0 0 0 0 0 0 1.69 0 0 0 0 0 0 0 0 0 3.47 0 0 0 0 0 0 0 0 0 0.32 0 0 0 0 0 0 0 0 0 3.05 0 0 0 0 0 0 0 0 0 0.84 0 0 0 0 0 0 0 0 0 2.21 0 0 0 0 0 0 0 0 0 0.69 0 0 0 0 0 0 0 0 0 5.19 0 0 0 0 0 0 0 0 0 0.14 0 0 0 0 0 0 0 0 0 0.81 0 0 0 1.53 0 0 2.31 0 0 0 0 0 0 0.64 0 0 3.37 0 0 0 0 0 0 0.94 0 0 3.96 0 0 0 0 0 0 2.37 0 0 1.95 0 0 0 0 0 0 0.19 0 0 5.53 0 0 0 0 0 0 1.12 0 0 1.95 0 0 0 0 0 0 2.56 0 0 5.23 0 0 0 0 0 0 1.35 0 0 1.11 0 0 0 0 0 0 2.49 0 0 1.79 0 0 0 0 0 0 2.78 0 0 0.44 0 0 0 0 0 0 0 0 0 0 0 0 0 0 0 0 0 0 0 0 0 0 0 0 0 0 0 0 0 0 0 0 0 0 0 0 0 0 0 0 0 0 0 0 0 0 0 0 0 0 0 0 0 0 0 0 0 0 0 0 0 0 0 0 0 0 0 0 0 0 0 0 0 0 0 0 0 0 0 0 0 0 0 0 0 0 0 0 0 0 0 0 0 0 0 0 0 0 0 0 0 0 0 0 0 0 0 0 0 0 0 0 0.7 0 0 0 0 0 0 0 0 0 0.74 0 0 0 0 0 0 0 0 0 3.26 0 0 0 0 0 0 0 0 0 0.38 0 0 0 0 0 0 0 0 0 1.41 0 0 0 0 0 0 0 0 0 2.01 0 0 0 0 0 0 0 0 0 0.65 0 0 0 0 0 0 0 0 0 3.24 0 0 0 0 0 0 0 0 0 0.36 0 0 0 0 0 0 0 0 0 0.55 0 0 0 1.39 0 0 0.71 0 0 0 0 0 0 4.51 0 0 1.5 0 0 0 0 0 0 2.22 0 0 4.49 0 0 0 0 0 0 4.44 0 0 1.24 0 0 0 0 0 0 0.35 0 0 3.07 0 0 0 0 0 0 0.7 0 0 1.58 0 0 0 0 0 0 0.65 0 0 1.38 0 0 0 0 0 0 0.51 0 0 0.98 0 0 0 0 0 0 4.81 0 0 0.74 0 0 0 0 0 0 2.23 0 0 3.26 0 0 0 0 0 0 0 0 0 0 0 0 0 0 0 0 0 0 0 0 0 0 0 0 0 0 0 0 0 0 0 0 0 0 0 0 0 0 0 0 0 0 0 0 0 0 0 0 0 0 0 0 0 0 0 0 0 0 0 0 0 0 0 0 0 0 0 0 0 0 0 0 0 0 0 0 0 0 0 0 0 0 0 0 0 0 0 0 0 0 0 0 0 0 0 0 0 0 0 0 0 0 0 0 0 0 0 0 0 0 0 0 0.22 0 0 0 0 0 0 0 0 0 0.86 0 0 0 0 0 0 0 0 0 2.18 0 0 0 0 0 0 0 0 0 1.9 0 0 0 0 0 0 0 0 0 2.8 0 0 0 0 0 0 0 0 0 1.91 0 0 0 0 0 0 0 0 0 0.74 0 0 0 0 0 0 0 0 0 0.57 0 0 0 0 0 0 0 0 0 2.53 0 0 0 0 0 0 0 0 0 5.04 0 0 0 3.54 0 0 0.42 0 0 0 0 0 0 1.94 0 0 0.1 0 0 0 0 0 0 5.1 0 0 0.68 0 0 0 0 0 0 5.95 0 0 0.15 0 0 0 0 0 0 0.98 0 0 2.58 0 0 0 0 0 0 0.91 0 0 5.03 0 0 0 0 0 0 2.62 0 0 3.75 0 0 0 0 0 0 1.83 0 0 0.26 0 0 0 0 0 0 1.96 0 0 4.11 0 0 0 0 0 0 2.71 0 0 3.49 0 0 0 0 0 0 0 0 0 0 0 0 0 0 0 0 0 0 0 0 0 0 0 0 0 0 0 0 0 0 0 0 0 0 0 0 0 0 0 0 0 0 0 0 0 0 0 0 0 0 0 0 0 0 0 0 0 0 0 0 0 0 0 0 0 0 0 0 0 0 0 0 0 0 0 0 0 0 0 0 0 0 0 0 0 0 0 0 0 0 0 0 0 0 0 0 0 0 0 0 0 0 0 0 0 0 0 0 0 0 0 0 0.54 0 0 0 0 0 0 0 0 0 1.46 0 0 0 0 0 0 0 0 0 0.11 0 0 0 0 0 0 0 0 0 0.92 0 0 0 0 0 0 0 0 0 5.17 0 0 0 0 0 0 0 0 0 2.9 0 0 0 0 0 0 0 0 0 2.42 0 0 0 0 0 0 0 0 0 5.05 0 0 0 0 0 0 0 0 0 2.25 0 0 0 0 0 0 0 0 0 0.22 0 0 

</Matrix>
   <Matrix name="burstinessHist" type="complete" rows="1" columns="200" multiplier="1.0">
   1945 2085 2127 2151 2120 2049 2125 2158 2144 2157 2115 2157 2121 2131 2149 2095 2143 2074 2092 2103 2158 2149 2139 2133 2142 2203 2161 2138 2101 2139 2104 2094 2142 2119 2122 2164 2102 2135 2148 2134 2097 2169 2143 2155 2156 2128 2202 2150 2104 2122 2147 2002 2119 2105 2134 2124 2124 2160 2097 2091 2140 2127 2151 2102 2138 2085 2176 2141 2118 2107 2095 2111 2032 2103 2134 2131 2072 2155 2102 2130 2069 2084 2140 2194 2116 2127 2082 2149 2106 2147 2066 2128 2084 2169 2142 2141 2145 2120 2106 2071 2113 2143 2166 2090 2178 2189 2147 2110 2188 2099 2138 2123 2102 2157 2134 2123 2121 2113 2131 2109 2113 2138 2146 2106 2065 2075 2094 2132 2153 2126 2100 2061 2174 2121 2120 2158 2093 2163 2133 2079 2095 2137 2131 2146 2183 2140 2129 2121 2110 2165 2106 2162 2119 2078 2134 2091 2055 2138 2163 2146 2153 2125 2106 2128 2116 2118 2151 2135 2105 2111 2115 2112 2107 2132 2160 2152 2093 2082 2068 2173 2097 2158 2119 2086 2168 2115 2146 2123 2141 2161 2141 2145 2155 2129 2133 2116 2141 2109 2179 2112 
</Matrix>
   <Matrix name="spikesHistory" type="complete" rows="1" columns="20000" multiplier="1.0">
   0 0 0 0 0 2 8 7 15 24 25 26 25 21 16 14 15 19 23 17 26 13 17 30 19 24 30 19 25 19 20 20 18 20 16 18 22 24 21 15 26 34 21 14 12 25 19 22 14 19 21 18 22 15 24 25 17 17 26 18 20 16 31 21 15 22 32 18 15 24 22 19 22 23 23 22 22 23 22 20 23 15 22 16 30 24 21 19 22 20 15 28 17 23 20 27 21 22 17 29 25 20 21 22 12 20 17 12 24 26 15 21 28 19 24 26 25 17 17 15 18 17 15 30 21 21 19 22 25 32 22 20 21 33 26 18 20 16 16 29 27 25 23 16 21 22 18 22 20 24 14 20 26 26 19 24 27 13 22 26 20 16 15 24 16 22 24 30 19 15 25 17 15 15 23 25 25 19 21 16 20 23 20 17 22 21 18 19 20 25 20 20 20 23 17 13 27 16 21 19 21 24 23 27 23 15 22 23 9 25 16 19 19 25 28 25 24 22 27 33 12 25 21 26 18 23 23 21 28 21 20 22 13 22 28 23 21 19 18 18 20 26 26 17 16 18 33 17 21 20 25 32 25 20 25 18 14 23 18 18 17 24 18 15 17 25 26 25 23 25 23 17 28 16 16 23 32 24 24 22 22 15 18 17 20 14 15 16 30 15 19 24 15 25 20 17 17 25 23 16 19 21 24 22 24 19 18 20 18 26 25 20 25 23 20 21 21 24 22 14 28 20 10 19 24 20 16 23 36 21 21 22 17 26 18 19 27 22 18 16 19 14 16 24 27 28 24 21 36 12 22 23 25 19 32 18 21 14 27 27 22 23 25 25 26 16 22 20 22 21 21 24 22 18 19 20 25 18 22 17 18 22 22 15 23 25 26 22 27 17 25 20 21 14 16 33 22 16 21 20 13 18 25 20 21 27 26 28 21 15 16 14 28 26 28 24 22 16 20 19 23 19 23 24 20 17 25 20 15 23 23 20 25 24 17 25 15 29 26 21 19 20 14 29 23 29 33 14 24 20 13 10 21 19 17 21 13 17 19 25 18 24 21 19 22 16 16 21 25 18 19 26 23 27 22 20 26 22 14 17 22 25 14 16 28 20 19 21 28 33 21 17 26 26 21 25 21 20 22 18 19 29 17 29 21 15 23 10 22 20 31 23 16 21 18 22 15 26 27 15 21 22 21 17 25 23 21 29 24 23 18 16 20 24 13 26 13 16 17 19 17 21 15 23 18 24 26 23 13 17 19 28 22 25 10 18 24 24 17 16 22 20 25 18 22 24 13 15 17 25 19 25 28 22 25 16 27 13 18 25 22 27 24 19 23 12 19 17 20 17 22 22 21 13 14 22 17 24 29 19 20 25 41 16 18 22 26 17 21 21 15 24 23 19 26 25 23 22 17 15 22 18 25 27 25 23 18 20 20 23 17 13 29 23 21 29 20 29 14 28 23 26 20 20 29 19 24 26 22 16 18 19 18 20 22 16 15 22 12 23 20 26 22 23 22 30 20 10 27 20 22 20 14 21 18 24 21 26 22 17 23 17 17 20 24 26 21 18 20 18 15 18 15 11 23 25 32 25 23 19 24 30 25 24 23 22 22 17 22 17 17 28 26 21 16 19 23 28 12 18 16 27 25 15 21 23 17 31 14 19 23 16 21 18 20 31 24 24 17 24 18 21 30 19 20 24 22 12 25 25 22 21 25 14 26 35 27 26 11 27 21 20 28 18 20 19 24 18 20 22 20 24 26 21 21 15 18 20 20 20 35 19 16 27 17 17 24 18 17 28 29 16 21 14 25 24 21 26 21 18 24 15 22 20 19 30 24 25 16 21 16 21 15 20 22 23 20 30 16 26 23 23 21 23 21 15 19 20 16 25 20 24 21 28 25 24 24 25 26 23 18 32 28 22 17 28 13 22 18 27 25 21 19 22 30 15 25 18 16 21 21 24 18 15 27 15 16 18 13 25 16 27 17 17 23 23 25 24 17 21 21 16 25 24 27 18 15 29 16 21 23 25 26 17 18 28 20 23 17 25 22 22 24 11 28 28 21 13 20 28 11 26 22 25 25 23 22 16 20 24 21 28 18 24 18 24 25 24 22 21 20 26 18 20 23 20 21 20 28 19 17 29 29 20 18 23 20 31 26 21 18 24 17 18 20 21 14 25 19 20 20 22 22 21 36 23 13 17 30 26 17 15 18 24 32 18 29 16 25 26 16 20 24 18 13 23 19 21 23 32 17 20 20 21 25 23 21 17 17 16 14 19 20 15 22 18 29 16 19 27 13 27 26 25 12 17 21 20 14 27 27 20 20 17 20 26 15 20 22 20 21 24 18 26 24 10 20 18 22 22 18 28 26 25 22 27 22 24 26 22 18 18 21 25 23 16 18 22 25 25 16 16 22 20 27 18 18 12 27 40 26 18 19 17 24 22 24 28 15 22 34 24 19 21 12 22 16 19 27 12 22 20 31 26 25 17 18 18 19 18 27 17 24 23 28 20 22 24 16 19 25 29 24 29 25 22 26 12 27 18 33 25 12 19 18 16 19 16 20 28 23 20 28 15 16 26 20 25 22 23 17 21 25 16 22 13 21 18 26 23 17 17 26 22 18 20 24 18 14 19 23 26 20 24 20 19 28 15 16 23 25 23 19 27 21 19 20 21 22 24 22 22 25 21 16 20 21 19 22 23 17 26 30 26 25 27 14 22 23 23 20 20 11 21 21 26 22 11 29 26 28 23 21 13 17 18 21 24 13 29 17 19 17 25 19 27 16 21 34 24 17 24 27 22 23 27 23 16 13 17 23 14 31 25 26 22 28 24 27 19 24 17 21 15 21 26 18 19 21 22 18 14 23 14 23 19 25 26 21 23 29 23 23 27 20 17 24 19 20 20 20 21 27 21 22 24 17 17 11 19 19 23 19 24 20 22 21 19 22 20 20 14 20 34 22 18 14 30 21 23 19 27 26 22 20 17 12 17 27 23 18 20 20 28 17 20 23 20 20 21 20 24 22 26 14 22 22 32 14 20 20 20 16 21 22 25 20 25 24 18 16 21 23 19 26 19 24 19 19 28 16 19 20 21 15 23 26 18 23 16 20 22 25 13 21 22 30 20 24 23 26 27 24 21 26 21 14 22 18 22 25 23 11 22 32 33 21 15 21 16 18 18 24 29 16 27 22 25 17 13 13 21 23 17 12 26 16 27 19 20 23 22 28 15 18 22 25 9 16 32 21 23 17 31 26 19 13 22 22 24 21 19 23 18 22 24 27 23 30 23 25 24 20 27 31 22 18 28 22 21 18 19 18 27 18 24 20 25 14 23 30 20 23 27 22 14 17 27 15 21 19 20 14 29 19 24 25 18 27 16 22 14 20 24 19 17 21 21 36 23 18 19 17 21 17 15 23 21 22 28 21 19 23 12 19 25 27 18 13 29 24 16 26 19 15 23 24 17 21 25 21 22 28 23 28 19 26 20 24 28 18 10 17 15 25 17 13 19 24 21 25 17 20 18 16 21 26 20 26 15 28 29 23 21 12 21 17 19 27 17 28 22 24 18 17 26 20 15 14 21 27 21 26 18 21 20 20 26 25 17 22 23 17 18 17 22 30 22 27 18 23 21 23 16 21 17 26 23 24 22 18 16 26 33 19 27 20 30 22 11 19 14 20 19 15 16 17 33 23 24 23 12 18 21 23 19 31 26 18 25 22 20 23 18 23 28 29 16 19 18 19 11 20 19 19 14 33 22 19 22 27 19 19 18 26 20 20 32 20 18 21 37 23 16 24 29 28 20 23 17 23 23 21 18 19 22 20 25 23 28 25 23 19 17 18 16 26 17 20 15 21 20 28 25 17 24 18 25 32 27 15 17 24 22 19 20 17 28 22 14 17 23 16 17 21 25 24 21 17 23 11 21 27 21 23 25 14 20 12 21 22 25 19 32 20 21 20 18 27 18 26 15 19 14 18 30 18 17 26 15 22 25 25 17 19 22 19 21 24 24 21 25 23 21 21 23 18 22 24 22 16 18 15 17 24 13 13 14 27 25 21 23 17 20 24 16 21 14 24 20 21 20 30 13 14 20 22 17 22 20 11 25 19 10 13 21 25 13 31 24 24 30 26 31 18 14 19 22 17 20 10 24 14 27 22 36 25 20 18 26 22 27 23 17 16 18 18 23 25 13 25 25 21 16 28 20 22 17 20 17 20 25 15 22 19 21 32 31 18 21 15 13 18 21 23 24 16 26 18 19 21 25 30 23 28 17 20 20 18 14 27 24 20 20 33 14 15 21 18 20 19 18 27 20 25 24 21 18 20 25 26 20 20 13 25 23 22 19 13 22 19 24 14 17 19 18 28 29 15 22 26 17 20 20 14 20 22 20 23 18 22 20 26 18 26 23 20 19 18 24 16 15 24 24 14 25 19 23 24 23 23 22 18 30 20 25 21 24 18 27 18 27 22 18 27 25 12 19 17 28 19 22 17 20 23 25 19 24 22 23 22 20 21 19 20 18 18 14 19 29 26 25 18 16 27 28 23 15 23 26 24 24 20 20 20 27 11 22 25 26 31 18 23 17 22 20 28 27 19 18 19 23 21 24 15 21 14 31 26 14 24 25 15 22 21 12 24 25 18 22 21 15 20 23 21 24 26 22 28 27 19 27 16 17 20 14 30 15 23 20 27 21 18 27 27 24 21 20 16 20 23 14 20 31 14 19 28 14 15 24 21 26 22 29 22 24 23 22 18 15 20 17 26 17 21 18 18 29 15 26 23 15 15 23 23 23 16 21 16 36 27 25 20 28 28 25 17 19 19 17 27 23 15 27 22 19 25 24 21 10 32 20 14 19 21 17 19 23 20 33 28 20 19 22 16 27 36 25 15 12 21 26 26 17 18 27 13 19 22 22 22 22 15 17 15 19 27 24 25 21 20 24 17 21 24 21 27 17 22 18 23 25 27 17 32 24 20 20 22 16 15 15 27 21 28 25 13 19 29 24 17 17 20 20 16 22 23 18 10 24 28 19 17 32 16 21 15 20 22 21 18 30 17 25 24 14 25 26 14 25 25 15 17 34 33 17 28 20 13 19 18 26 19 22 22 32 20 18 22 18 23 21 22 29 21 22 29 26 25 18 16 22 20 17 20 25 18 25 22 26 25 12 18 28 20 19 26 17 28 28 21 23 17 22 15 25 25 22 19 12 19 22 21 23 22 25 21 19 20 17 21 24 24 21 15 22 27 24 20 24 21 18 23 30 17 27 22 24 19 15 17 28 17 24 22 22 25 24 28 17 24 24 18 19 20 19 16 25 15 20 23 18 20 20 27 17 17 22 15 16 38 25 24 16 18 19 16 26 18 19 29 25 25 23 26 18 18 26 23 21 21 14 20 25 24 22 20 19 25 18 23 20 30 24 18 22 20 15 14 20 21 19 21 22 18 26 19 21 16 25 20 19 23 25 22 28 21 17 26 22 15 26 24 22 23 23 20 22 23 24 22 18 19 29 20 18 19 18 23 22 23 30 21 24 31 19 17 23 23 12 23 25 25 22 21 28 24 24 21 21 22 14 16 19 31 21 17 19 24 26 25 20 23 15 18 19 19 20 19 14 20 28 27 15 18 22 21 15 12 21 26 14 23 24 24 14 24 22 26 27 27 23 18 21 15 25 13 25 12 25 19 23 18 23 37 24 22 23 20 19 19 23 18 22 23 27 24 15 28 22 20 22 26 18 24 15 21 22 20 25 21 27 21 16 21 25 26 16 21 30 29 20 28 24 23 19 21 22 18 18 16 15 22 23 31 25 31 27 22 20 15 23 29 17 21 17 31 17 18 26 15 22 19 26 21 24 22 19 28 21 20 27 22 16 27 18 23 28 24 23 24 27 25 17 22 27 18 19 34 19 23 32 22 19 30 24 16 18 21 23 25 24 18 17 26 29 31 21 23 14 19 19 17 20 22 24 26 17 22 24 23 18 32 23 19 21 21 17 27 22 27 21 16 20 18 28 16 23 16 23 19 20 16 27 24 14 13 21 30 17 22 25 32 28 14 20 17 16 19 29 19 22 16 19 25 17 21 24 30 23 19 21 16 14 23 17 13 25 21 24 19 19 21 23 16 20 15 18 16 22 18 28 18 20 17 28 19 18 18 15 26 25 21 24 23 13 22 24 23 19 19 20 25 24 22 20 20 20 27 32 20 14 24 22 17 20 27 21 16 19 22 19 22 25 21 33 26 23 23 25 19 27 22 23 17 20 22 26 22 18 19 23 26 19 22 25 18 24 20 18 30 23 22 22 29 21 20 24 16 27 18 15 11 26 21 20 23 26 10 28 16 23 17 22 15 26 31 13 22 19 23 18 16 14 26 20 23 24 19 24 24 21 26 21 18 27 18 17 29 20 21 20 14 14 22 25 20 23 27 29 26 19 22 17 16 19 27 22 17 20 20 25 25 21 20 13 22 18 19 26 17 18 28 26 14 21 18 22 29 19 22 38 20 24 23 16 16 21 18 21 23 17 24 20 18 21 18 15 16 13 22 16 20 23 26 30 23 21 21 22 22 16 16 20 26 22 16 14 18 20 25 24 19 31 17 29 28 19 14 21 28 22 20 17 20 28 17 22 19 25 14 25 20 14 21 20 25 20 20 28 23 19 24 23 24 22 25 22 31 18 20 20 14 22 24 20 24 20 20 22 19 22 23 26 23 15 19 27 16 24 17 21 22 12 20 29 24 12 17 23 30 20 18 23 24 23 28 14 24 18 18 22 26 22 23 20 19 30 26 21 15 18 14 16 17 19 18 14 19 24 27 23 36 20 12 24 22 24 26 16 16 14 22 21 20 25 25 18 29 22 20 19 21 24 21 28 24 28 21 21 22 19 15 18 21 22 23 18 32 22 16 22 20 22 20 15 26 15 28 17 26 20 20 24 21 24 18 11 24 27 17 28 16 23 29 21 21 18 16 21 18 21 23 27 24 19 22 17 23 19 9 19 24 22 27 25 21 18 27 18 26 21 16 18 19 24 24 24 18 22 21 17 26 21 25 21 19 29 17 14 24 16 24 23 18 22 12 22 21 15 20 17 17 23 20 14 24 24 23 25 27 23 22 21 19 26 27 20 21 18 26 24 17 18 23 22 29 17 21 16 23 22 22 24 20 26 24 30 22 22 20 20 16 13 21 20 20 14 22 18 27 21 28 18 20 23 18 20 23 20 11 17 21 17 16 22 22 20 31 17 19 22 15 21 22 16 20 26 27 18 16 21 23 19 25 22 25 17 24 21 20 24 14 21 19 21 17 32 21 22 25 19 21 22 18 16 25 24 27 23 28 14 31 16 20 11 25 20 18 20 26 21 28 21 19 25 23 23 21 19 30 28 17 25 24 20 16 13 21 29 26 23 21 27 25 16 16 28 17 27 20 16 13 17 32 20 15 20 22 25 19 18 29 17 20 18 29 22 23 19 11 19 27 22 23 27 20 28 18 25 21 23 21 25 19 27 23 19 25 21 21 17 13 19 22 23 21 25 20 26 20 20 18 33 17 23 19 25 24 24 21 16 15 24 27 25 32 22 26 23 15 11 15 28 19 24 18 13 26 26 26 24 10 27 28 20 14 21 16 23 16 20 17 26 26 19 18 14 17 17 18 18 19 27 19 28 22 18 21 18 15 17 21 22 25 20 21 25 19 27 23 22 24 23 15 27 21 22 30 30 18 20 22 19 24 32 27 27 17 22 18 22 12 24 20 22 18 26 17 19 14 21 20 25 21 19 15 21 19 19 19 20 28 17 27 19 27 23 24 14 16 20 18 27 14 19 22 7 20 27 20 18 21 23 24 18 25 21 16 22 22 22 22 21 21 19 28 16 18 23 18 22 19 20 25 15 23 27 25 27 20 21 26 19 43 17 23 21 12 14 21 18 15 25 16 21 32 19 17 18 17 23 16 20 21 24 22 17 24 29 23 19 26 29 27 24 19 26 21 13 17 24 36 27 28 28 24 21 16 13 20 23 29 12 15 20 27 26 25 14 20 22 13 27 22 20 23 20 23 23 13 19 23 27 26 22 25 24 19 26 21 24 16 30 28 22 19 21 21 26 16 18 28 21 26 17 15 16 17 22 24 27 36 24 12 15 19 15 20 24 25 19 23 20 20 20 16 27 19 23 22 21 14 18 22 21 11 12 23 21 23 28 23 15 17 19 20 27 18 24 26 24 22 28 23 22 21 24 23 17 21 22 19 19 23 32 20 21 20 25 11 25 27 18 18 14 17 18 28 18 19 25 24 17 21 25 23 16 19 27 16 15 21 28 20 20 24 29 19 22 27 20 23 23 19 20 18 29 26 19 25 19 12 22 27 16 20 19 17 14 30 20 18 24 21 16 29 20 15 24 36 26 23 26 16 26 17 22 19 17 23 21 23 26 16 15 18 19 17 27 17 24 23 31 17 18 18 21 22 19 17 23 22 21 16 25 24 19 28 14 21 25 22 27 18 27 10 13 20 25 13 20 14 35 27 23 26 24 19 21 20 24 25 24 28 22 18 19 25 20 23 15 22 14 27 18 18 14 18 21 32 28 22 24 18 27 27 15 13 15 25 29 22 25 20 21 24 22 24 29 24 25 28 19 19 16 23 24 19 30 23 19 27 16 23 23 22 20 22 20 16 25 24 22 27 17 21 23 16 20 26 11 23 20 16 26 22 25 19 15 23 15 17 26 19 26 19 18 23 21 19 11 27 23 15 20 26 16 25 26 14 21 20 21 22 28 26 25 13 22 26 23 29 19 20 14 24 18 24 25 16 13 28 19 22 22 15 15 27 25 19 24 21 18 29 17 29 15 19 19 25 25 31 21 21 20 27 22 21 24 22 19 16 28 16 27 19 21 22 18 25 18 27 12 26 25 21 25 21 15 21 16 16 24 17 25 23 21 25 22 20 18 22 17 30 26 21 24 18 16 17 33 23 18 24 15 24 21 22 32 22 23 21 20 16 23 14 20 27 21 18 15 21 21 28 19 22 20 18 19 25 26 16 24 14 19 22 17 21 21 18 31 23 21 17 16 18 19 19 24 28 16 25 17 20 13 28 20 25 11 22 22 25 21 17 20 30 24 14 28 26 17 24 29 11 24 16 18 12 26 24 24 23 26 24 15 24 21 23 21 21 23 20 21 20 18 26 23 18 22 17 29 20 22 22 10 14 28 9 24 19 22 19 27 23 19 24 19 25 20 14 19 19 18 21 12 27 21 22 24 22 16 24 21 27 19 24 26 23 14 31 20 22 25 24 20 22 19 26 16 24 20 14 22 17 13 29 24 19 22 22 25 20 20 27 24 23 24 27 27 21 25 19 21 15 16 21 27 15 24 28 23 26 16 18 22 22 20 18 29 16 31 21 23 27 12 18 28 17 19 22 23 23 16 25 22 15 23 21 21 22 24 26 27 20 21 16 20 14 26 17 22 37 14 19 23 15 21 13 22 24 28 26 16 23 21 20 25 21 29 22 18 29 19 26 21 21 17 15 25 24 24 20 22 25 25 23 16 23 23 24 21 26 27 17 17 22 25 32 19 18 24 23 16 22 13 17 27 30 20 22 15 23 26 18 21 22 31 21 16 14 23 15 16 18 23 19 23 27 25 22 23 17 22 11 21 19 17 25 19 17 32 17 16 20 27 9 21 22 24 26 19 38 20 15 28 26 26 31 21 21 17 17 23 19 20 20 17 28 14 25 22 17 28 21 27 16 18 19 22 25 25 24 13 24 21 23 19 23 23 17 20 22 20 17 19 20 24 13 24 31 13 26 17 22 27 20 19 24 22 28 33 18 20 19 22 24 22 15 29 15 19 17 22 32 19 25 20 23 29 21 16 20 28 13 22 20 27 23 23 22 17 25 17 21 17 21 23 14 24 21 23 22 18 24 26 27 18 28 18 17 25 24 28 19 17 22 15 25 21 21 26 20 19 23 15 22 16 22 22 20 31 17 24 12 26 19 15 20 22 24 17 14 24 26 23 15 18 24 20 20 21 27 21 17 24 22 22 17 19 21 25 21 19 24 26 25 24 17 18 23 29 24 26 23 15 16 16 24 24 24 19 23 23 24 19 18 16 22 19 17 28 24 29 24 18 20 27 24 24 25 26 28 15 23 19 25 21 18 25 22 32 17 20 18 18 22 22 29 22 38 23 24 22 12 18 17 12 17 19 26 24 18 17 24 18 26 16 17 27 27 21 19 17 22 23 16 32 25 20 21 27 25 19 11 20 18 24 20 31 21 22 19 15 25 24 15 20 20 17 28 23 21 29 15 20 23 24 22 17 20 26 19 24 22 22 17 35 24 21 14 17 19 27 19 21 16 23 26 22 22 20 18 20 16 21 20 23 19 17 29 30 26 16 28 25 12 14 22 23 28 20 29 23 16 24 14 15 27 18 15 12 23 19 16 26 20 21 15 31 24 15 18 26 20 21 20 23 20 23 25 15 22 21 25 22 26 17 20 32 34 15 16 27 23 15 20 29 20 20 37 29 22 24 21 22 23 33 24 21 18 18 31 24 20 22 29 21 29 21 16 25 19 26 14 28 17 16 19 28 34 23 25 27 17 18 35 24 19 26 21 16 13 21 14 23 28 19 18 18 21 26 29 15 29 20 24 12 14 19 23 22 17 16 29 24 19 22 15 24 16 28 19 19 22 21 27 19 22 20 27 25 18 29 17 28 22 22 22 14 18 18 18 25 24 16 18 18 20 25 19 26 16 23 18 20 23 22 22 17 23 23 24 22 23 23 21 24 24 26 26 23 24 21 16 22 24 22 14 14 23 26 26 19 21 23 28 22 20 22 27 19 17 17 18 28 22 20 25 25 22 24 32 20 26 11 19 33 10 24 19 20 24 14 20 20 14 17 16 16 18 23 33 27 21 22 18 16 15 24 26 26 16 23 20 18 21 20 25 29 28 23 19 31 20 28 24 25 16 20 17 16 19 17 30 24 21 19 24 12 25 22 29 22 18 23 23 23 13 21 15 20 14 20 19 22 14 24 26 25 16 21 25 15 24 21 19 13 28 15 19 25 13 23 22 22 19 19 27 25 25 19 18 15 21 24 17 16 21 22 18 13 17 29 23 18 21 24 22 19 20 22 22 18 21 23 20 25 27 13 18 23 29 25 24 19 26 16 22 25 22 22 27 19 19 16 18 16 13 21 17 17 22 35 22 21 23 19 17 20 23 18 24 23 26 22 24 28 21 22 19 20 25 18 17 24 22 25 27 17 20 26 20 15 25 20 21 23 21 20 21 25 17 21 22 28 18 21 25 22 18 14 24 32 14 18 19 19 31 30 19 18 16 27 19 17 24 23 15 21 23 25 24 24 24 28 21 22 15 21 21 32 23 16 24 23 23 17 29 26 20 20 28 18 21 23 23 16 18 18 24 18 25 15 29 16 22 22 17 19 23 23 17 18 18 22 24 26 19 25 22 18 23 21 16 19 26 12 18 17 23 20 22 27 20 21 31 24 20 33 25 20 22 26 17 20 21 10 18 29 16 23 20 28 17 23 21 16 16 25 16 22 11 18 29 21 13 17 17 18 10 14 22 27 23 20 30 18 25 17 19 11 28 15 17 19 27 20 20 14 18 27 12 20 25 19 21 28 17 24 20 15 22 21 24 13 25 17 24 17 27 23 20 23 20 24 22 14 15 21 22 26 19 22 14 23 16 22 11 19 24 19 21 16 27 22 29 16 18 17 19 17 17 18 26 14 26 19 22 20 20 23 21 25 23 23 21 21 17 22 23 17 18 24 16 27 21 14 24 29 19 17 23 16 12 19 25 16 23 15 20 21 21 26 15 22 20 26 18 23 20 30 16 21 24 20 27 19 20 30 15 22 20 16 22 23 16 22 19 23 17 27 26 23 23 18 29 26 17 22 17 22 24 20 15 27 15 23 25 16 25 23 19 21 22 18 30 20 18 21 20 24 17 19 21 25 23 30 16 24 26 24 18 27 19 12 24 22 28 9 18 21 23 15 28 19 21 19 24 21 26 17 17 18 26 27 20 21 30 15 16 18 24 18 15 27 25 22 20 26 15 22 24 29 13 31 25 17 22 16 26 23 16 22 22 22 21 30 22 17 18 18 17 23 13 24 26 22 17 23 21 13 20 18 21 26 22 21 16 14 18 25 19 25 25 13 24 20 19 19 24 17 32 15 20 20 19 22 21 34 14 26 19 21 26 18 16 11 29 11 21 28 23 20 29 18 18 21 19 23 16 19 20 31 22 18 22 19 19 19 21 23 18 25 19 19 22 29 20 28 29 24 26 17 15 17 26 18 23 19 15 17 31 26 23 29 27 21 22 25 22 22 20 10 28 27 16 15 25 16 27 22 23 21 18 22 25 24 21 22 14 28 15 24 21 27 20 21 25 22 17 21 23 17 29 19 19 14 18 24 22 20 24 20 22 21 24 25 17 23 22 26 19 18 17 22 18 20 21 20 20 29 23 26 23 23 24 22 19 26 21 21 32 21 27 16 20 21 18 21 18 24 17 12 14 29 23 27 19 18 18 19 20 24 20 23 13 25 21 19 26 17 17 25 21 16 13 27 27 14 35 23 24 14 22 20 21 11 27 25 23 23 22 16 19 20 16 13 27 17 27 25 31 18 15 19 21 28 25 17 20 24 18 14 20 23 23 29 21 21 23 24 19 32 15 14 31 19 26 26 23 20 25 14 22 20 18 26 21 20 17 20 22 22 16 19 24 20 20 17 18 14 17 23 22 19 21 25 21 25 18 23 15 19 26 27 18 20 28 21 17 21 18 22 19 17 17 18 24 18 18 27 20 16 25 29 19 29 19 16 18 18 25 19 26 22 22 24 38 26 23 17 11 21 22 20 22 26 21 26 19 11 19 28 25 19 25 21 15 18 23 23 16 28 15 28 21 20 25 23 24 24 13 20 21 27 14 20 25 31 19 23 16 24 31 22 23 26 13 24 25 25 23 19 18 29 21 28 20 16 24 25 18 26 17 28 21 23 14 19 21 20 22 22 22 22 15 13 24 23 23 15 23 16 17 28 22 19 21 26 27 23 27 17 25 28 21 20 28 29 18 18 20 21 15 18 27 22 22 19 20 22 22 13 18 28 25 23 20 14 26 22 23 13 16 31 26 22 21 16 22 19 25 17 18 18 13 23 21 23 21 22 25 16 12 30 24 24 14 14 20 27 20 14 17 16 25 25 21 26 23 22 25 24 20 21 19 20 22 20 20 19 19 23 16 12 32 18 14 20 12 19 19 24 16 19 28 24 25 28 9 17 27 13 24 25 26 28 17 24 23 26 20 21 21 24 19 32 20 25 22 20 16 15 16 25 22 20 22 19 23 20 21 16 23 26 16 23 20 27 22 22 20 15 19 19 27 18 25 18 22 14 25 19 21 20 22 24 20 15 19 18 19 28 15 28 22 20 31 16 19 22 17 15 16 23 19 22 24 19 24 18 29 22 23 19 27 18 18 20 25 12 21 27 23 21 23 14 22 24 24 27 25 27 19 14 19 20 19 26 18 16 21 24 24 20 23 22 24 18 14 18 20 36 24 29 18 21 21 15 22 27 21 18 19 25 21 20 22 21 21 19 31 23 21 22 24 17 21 22 17 21 24 23 17 17 26 23 20 23 13 17 22 19 20 24 19 23 27 22 30 31 16 15 19 25 18 22 19 20 22 23 18 22 20 15 17 23 25 24 18 24 19 25 18 21 29 21 24 19 20 24 20 27 27 22 25 19 22 18 25 23 20 17 21 26 17 24 15 16 20 21 24 23 25 25 27 20 15 18 20 22 15 25 22 21 24 28 14 12 23 20 19 27 21 22 25 17 19 26 17 26 20 24 25 22 21 17 23 23 21 21 15 26 13 20 25 25 23 21 22 15 23 27 19 17 23 21 14 19 15 25 29 21 23 22 19 18 22 13 21 25 14 20 20 22 20 19 18 23 21 21 22 15 22 27 23 29 24 15 21 19 19 28 17 24 34 32 13 24 19 19 14 29 25 26 28 10 22 16 16 20 23 23 22 20 21 20 19 21 28 13 21 18 21 22 17 21 25 20 21 32 28 22 23 19 24 25 21 21 19 23 24 30 28 16 18 18 14 25 25 15 17 19 17 22 24 29 25 24 26 25 30 24 19 24 20 19 22 24 13 21 25 19 24 16 24 20 19 14 15 28 18 19 20 35 19 23 21 18 24 29 21 25 16 26 17 25 15 22 25 22 24 25 24 18 18 25 19 25 19 23 19 15 24 26 19 26 22 25 25 17 18 20 15 25 23 14 17 23 30 30 27 15 24 21 27 21 16 15 16 25 26 26 19 20 18 20 29 19 24 15 20 20 14 21 18 13 21 19 26 24 16 30 25 22 21 23 15 24 29 22 22 27 17 20 18 15 21 14 21 21 15 16 26 25 17 15 12 26 16 19 20 24 28 20 17 25 30 9 21 21 27 24 29 20 22 22 29 18 19 25 13 14 20 16 12 16 27 16 20 32 18 25 18 24 23 24 15 15 21 26 19 14 30 23 28 20 18 21 24 23 13 27 21 19 26 26 25 20 21 20 31 25 21 22 24 20 21 22 11 15 19 26 20 30 22 26 29 24 25 18 23 19 12 19 21 19 25 22 14 18 17 18 21 27 29 18 16 24 29 21 21 19 26 18 24 20 14 23 15 25 20 26 22 18 23 20 19 19 33 29 23 21 16 22 22 19 17 30 18 25 18 20 20 20 19 20 27 16 13 27 24 19 21 16 22 14 24 15 30 20 12 25 23 20 21 23 20 27 17 18 22 18 16 21 22 14 19 22 17 21 19 16 28 26 14 16 22 20 30 19 18 21 15 21 24 31 19 22 20 23 19 26 21 20 17 22 26 15 17 17 20 23 21 26 20 16 25 25 23 30 20 18 31 20 22 22 23 26 22 19 20 20 19 14 25 27 25 18 17 23 27 18 16 14 30 20 27 23 17 24 28 16 25 21 28 24 21 16 22 22 18 25 16 23 21 25 29 10 19 20 17 27 19 24 18 29 18 16 29 16 21 22 18 26 20 24 20 23 28 23 15 23 19 21 29 28 22 27 23 23 14 19 20 32 21 13 23 22 28 13 17 25 15 27 18 18 33 21 22 9 21 23 16 29 21 24 18 22 21 23 16 21 30 22 27 25 11 21 24 19 28 14 17 23 23 19 31 19 32 20 20 18 22 20 24 16 23 16 21 23 26 21 23 21 17 32 29 24 24 26 21 17 20 26 22 20 24 18 18 18 19 23 19 19 9 26 12 20 24 31 22 17 24 21 24 17 26 21 28 21 25 17 15 17 24 20 27 29 19 19 26 22 8 26 25 18 16 24 21 24 21 23 18 27 17 14 21 18 20 21 21 33 23 13 16 27 16 21 16 18 22 24 21 23 22 40 28 20 28 15 12 15 17 23 23 21 33 19 19 22 16 24 17 27 23 23 14 21 24 17 26 18 18 18 17 24 29 18 21 20 24 21 25 19 25 26 19 29 23 21 19 26 16 16 16 29 19 17 29 24 20 19 22 20 24 27 12 22 14 23 25 20 22 18 21 19 19 17 24 15 30 18 17 18 29 20 19 25 22 20 16 21 18 15 25 18 32 30 21 25 21 26 19 27 21 19 20 18 12 18 21 21 24 17 25 25 18 20 14 13 18 17 17 23 26 30 30 26 22 25 19 10 21 30 20 18 14 23 26 28 16 23 15 13 23 18 23 20 33 23 22 19 23 17 16 20 18 18 20 19 24 12 17 27 26 24 28 21 26 29 23 18 20 21 13 23 22 14 21 18 16 29 29 17 27 22 26 24 19 18 21 24 19 22 23 17 18 19 19 31 26 33 18 18 18 19 23 29 28 17 13 18 19 20 25 25 28 29 23 18 22 9 13 20 22 24 15 26 18 21 27 19 21 17 17 24 13 19 17 24 32 13 21 19 18 26 20 27 27 24 19 19 22 19 28 25 17 14 19 26 13 19 29 23 17 19 18 18 18 13 21 12 25 17 21 25 18 20 16 26 14 21 25 20 16 24 19 15 24 9 21 18 26 28 18 22 18 22 17 25 27 19 27 15 16 19 21 25 34 25 19 16 20 26 24 19 21 22 17 23 17 26 22 26 22 16 29 24 13 24 18 16 19 19 30 33 32 18 18 24 22 20 13 19 24 16 24 20 20 23 29 19 23 19 31 16 22 16 13 23 25 23 21 23 14 17 15 21 14 28 15 26 21 16 23 28 19 25 21 11 20 17 21 13 22 22 21 16 22 20 24 26 25 24 17 22 21 22 21 17 25 14 25 10 23 15 23 19 17 23 24 14 19 17 26 17 22 11 25 17 22 24 23 23 20 20 23 16 17 18 19 16 24 17 28 15 20 11 16 23 25 15 18 28 21 16 22 37 17 21 21 17 21 16 20 21 21 18 26 16 27 21 26 18 23 19 19 24 25 15 12 18 29 16 24 23 25 25 23 22 16 33 25 15 22 20 22 23 15 25 17 24 19 19 25 17 23 27 27 21 21 19 24 20 17 16 23 24 27 25 26 27 22 22 12 21 17 24 27 18 20 21 16 18 18 19 13 20 26 15 19 23 22 26 16 21 17 22 21 29 26 29 21 30 20 18 21 19 21 21 20 22 22 19 27 20 21 16 17 20 18 23 20 21 16 27 20 16 14 20 15 25 21 24 17 25 19 18 21 18 19 18 19 31 25 16 23 15 19 18 17 22 19 21 22 21 20 18 24 15 27 33 22 18 31 25 18 22 31 18 19 19 20 29 18 25 17 27 17 30 26 19 24 18 25 28 20 18 17 22 18 15 23 18 25 21 24 19 19 27 20 19 20 17 20 22 17 12 26 21 26 18 22 22 18 24 32 30 20 29 13 24 23 23 18 16 25 20 23 20 13 19 20 16 29 24 17 23 28 17 16 20 18 20 19 20 18 21 20 23 12 19 28 22 18 23 31 26 20 26 25 30 24 17 23 18 21 27 13 17 23 24 20 24 19 21 26 18 20 20 20 16 13 21 28 13 31 16 17 23 25 25 22 20 24 20 12 20 16 27 18 27 22 23 20 17 16 23 15 22 19 22 32 29 24 24 26 16 19 21 22 22 21 20 25 23 16 27 27 29 22 23 22 15 21 19 20 18 21 28 15 20 18 23 21 20 32 14 29 21 16 16 18 23 17 28 29 19 17 18 13 18 30 23 21 14 19 27 23 29 15 17 19 15 19 26 20 31 18 15 21 22 16 20 17 18 16 19 24 17 27 27 14 21 21 13 26 22 23 16 23 18 24 21 22 24 21 12 18 23 28 19 15 18 21 26 17 13 21 26 33 14 24 23 27 22 17 27 21 20 18 17 21 19 22 19 23 20 23 21 21 28 18 19 20 24 20 19 23 24 21 19 20 22 19 24 16 25 21 24 21 21 23 19 22 16 26 28 24 21 24 18 19 26 20 24 21 20 18 18 23 21 27 22 25 35 17 15 19 20 22 18 23 24 21 19 22 24 17 15 22 15 24 20 24 28 23 14 28 21 25 22 24 21 18 26 27 18 23 13 28 26 21 15 24 14 16 28 20 21 19 33 21 20 14 29 18 23 20 23 18 23 28 21 22 12 18 19 23 22 25 19 27 17 24 23 19 22 19 23 21 16 22 20 18 16 23 23 20 21 30 28 18 26 17 14 23 19 21 17 18 19 18 13 19 21 22 26 21 27 27 17 26 20 16 16 20 14 24 28 20 22 19 22 20 21 21 17 25 17 26 33 22 15 21 28 24 24 13 18 24 13 23 17 28 25 20 20 23 19 26 21 23 20 21 24 18 17 19 28 24 16 30 20 20 20 27 20 26 24 15 26 10 22 17 29 18 18 12 23 16 25 17 19 23 30 20 25 25 23 24 21 15 10 27 21 16 19 20 18 20 25 20 24 19 22 30 24 24 21 24 31 22 21 15 22 30 22 22 22 12 22 23 21 13 24 18 20 19 21 24 24 23 19 22 19 19 24 23 28 25 24 17 22 26 19 21 21 26 24 17 24 15 20 16 13 27 17 21 15 23 20 19 22 21 15 22 22 23 16 19 24 17 22 24 20 19 19 19 26 31 22 19 20 16 19 22 18 16 25 17 23 28 20 19 12 19 23 20 23 24 24 19 27 21 16 14 29 21 28 24 19 27 22 13 24 16 24 20 14 19 17 19 19 14 24 24 14 21 27 15 23 14 18 25 20 24 26 24 25 20 26 18 25 16 22 11 22 30 15 17 22 20 25 16 27 13 26 15 27 20 23 19 23 18 28 20 12 20 20 13 21 21 26 22 23 17 16 16 25 17 26 24 26 20 17 19 19 18 25 30 18 15 15 15 19 22 22 23 20 32 22 28 19 21 21 22 16 29 17 24 15 18 20 24 19 23 18 22 21 22 23 16 17 16 17 14 18 27 18 15 22 24 28 29 22 18 24 18 28 15 25 19 22 24 24 20 19 21 14 27 20 19 17 23 18 33 22 28 15 21 26 16 22 21 23 22 19 24 25 29 24 23 24 24 19 31 26 18 19 21 23 20 16 20 12 16 16 29 18 29 19 21 21 29 25 12 24 17 15 21 21 19 13 21 19 18 28 17 32 19 19 30 24 28 13 28 22 17 25 16 17 25 25 19 21 28 19 18 25 19 14 20 20 22 21 26 25 14 28 23 25 28 12 22 22 19 15 31 21 22 20 19 18 21 19 24 21 22 18 25 19 27 16 26 16 22 22 25 28 25 20 21 24 22 20 23 26 23 21 15 26 28 19 20 31 29 21 21 18 23 20 21 22 18 17 27 30 17 27 18 20 24 33 27 21 22 23 20 34 24 22 24 17 20 21 17 30 19 20 19 19 26 20 24 23 29 25 23 16 24 25 20 20 17 22 27 19 26 17 25 20 16 21 22 17 15 25 15 21 17 12 21 27 18 21 25 18 17 20 18 24 15 27 20 33 14 21 28 22 22 18 19 29 20 11 25 21 23 18 29 15 21 15 20 23 15 27 23 16 20 28 15 22 30 17 22 21 27 20 17 16 23 14 25 33 21 17 24 22 23 16 23 22 17 22 20 21 20 14 28 26 20 21 28 21 19 22 18 22 18 20 15 24 17 20 16 23 27 25 13 25 18 26 14 23 24 21 16 25 15 22 29 20 24 22 24 24 25 20 20 20 23 15 16 26 24 16 20 16 29 17 21 24 19 26 19 21 25 17 20 21 15 16 23 23 20 26 25 16 18 22 28 20 30 15 26 13 23 21 32 19 22 16 26 22 19 23 21 23 22 18 22 23 17 10 27 13 20 25 25 14 29 27 28 19 18 16 25 24 18 25 21 25 25 27 17 17 23 13 22 20 25 21 26 27 23 16 21 10 21 28 25 22 26 21 17 20 15 18 16 21 22 25 16 27 25 24 16 17 13 17 15 33 27 23 25 27 20 24 20 20 18 16 18 20 17 19 25 28 23 23 19 19 22 14 25 21 17 22 22 19 24 17 21 24 18 20 19 26 33 21 27 18 12 20 16 19 29 13 18 23 24 30 21 20 21 14 21 14 18 16 25 23 22 24 21 23 17 12 21 22 24 23 14 20 15 26 24 22 24 21 28 22 24 25 18 12 20 19 27 21 19 27 17 21 22 27 23 22 19 19 23 21 21 19 22 16 14 24 27 24 17 22 24 22 27 26 22 28 22 15 18 12 18 19 16 24 23 27 17 18 15 24 21 23 20 13 18 25 22 27 34 19 21 25 21 18 16 30 24 21 17 17 17 23 26 17 19 21 23 19 23 22 22 29 23 17 21 24 20 27 27 30 23 28 21 19 29 20 16 19 21 25 20 23 15 18 16 23 20 25 24 18 25 24 22 17 19 21 22 19 18 13 20 15 21 27 14 24 28 21 18 23 22 27 31 25 14 18 24 28 21 17 19 19 24 24 31 20 21 17 28 17 17 27 22 19 15 13 22 24 14 29 29 27 23 20 18 19 17 23 15 17 18 31 13 19 13 27 21 26 16 22 14 24 20 20 20 13 21 15 25 17 18 25 17 29 26 27 20 21 15 22 24 29 23 21 28 19 23 23 18 24 26 19 17 12 23 25 17 28 21 27 19 17 17 20 18 22 13 31 27 20 26 26 26 23 19 14 20 24 31 10 22 25 23 24 20 21 24 20 15 22 25 24 21 15 12 16 21 27 15 23 22 22 16 27 12 29 17 22 30 19 17 20 25 27 19 20 28 19 24 18 17 17 20 25 19 14 24 18 20 22 24 14 17 25 27 26 22 25 29 24 21 23 27 26 17 21 26 18 33 23 23 21 17 21 22 15 18 27 24 21 19 21 11 15 28 15 13 21 14 17 32 29 19 26 14 23 17 22 32 16 26 21 19 20 18 15 14 23 24 22 17 18 24 22 26 21 19 23 21 26 23 24 20 19 30 26 12 20 17 8 19 30 20 21 21 18 23 20 23 19 20 25 23 22 13 16 19 13 27 23 26 15 25 17 21 23 20 13 19 19 16 21 24 23 19 25 17 27 21 20 19 18 21 16 25 29 26 20 14 19 20 19 22 26 18 15 26 27 30 27 26 19 15 21 21 18 25 26 23 22 13 15 23 27 19 22 26 24 28 20 15 14 20 21 25 23 16 17 25 24 29 24 17 25 20 20 20 19 16 24 14 17 27 21 15 25 19 22 18 20 23 20 19 29 25 24 21 18 23 23 21 21 18 15 19 20 29 18 20 21 15 20 25 30 23 20 22 18 14 23 23 10 22 23 18 15 23 20 16 36 27 29 17 16 23 18 28 19 21 19 21 18 20 19 19 19 30 21 21 21 23 24 23 12 28 11 26 22 21 16 16 16 18 20 12 15 30 24 23 19 24 16 24 26 28 17 20 19 25 25 12 18 14 19 20 20 21 28 19 31 24 24 23 22 23 20 23 21 24 18 27 20 17 23 27 26 15 22 24 17 19 18 16 14 23 26 20 27 22 26 20 20 15 18 23 17 22 21 18 28 19 20 23 27 20 25 29 30 16 32 18 17 24 17 21 23 24 16 15 23 19 18 14 14 18 21 19 27 26 23 26 16 22 20 15 20 35 21 18 17 24 24 27 19 33 19 24 24 26 18 11 18 24 18 14 17 22 31 22 24 26 24 21 18 29 29 24 24 25 29 26 19 16 20 20 14 31 17 15 28 27 17 21 16 15 18 21 17 18 19 26 25 24 16 23 24 22 26 20 16 23 22 18 22 25 25 22 30 26 14 19 22 17 18 21 24 25 16 24 19 27 25 19 18 21 28 21 13 16 17 21 24 20 18 15 31 25 15 19 25 23 20 25 19 28 18 24 22 19 26 23 19 24 20 18 21 24 20 34 12 23 29 17 20 21 24 17 33 19 27 14 27 21 21 23 27 15 19 14 25 29 20 23 15 28 15 21 24 19 14 26 25 24 25 24 19 26 12 16 24 23 21 22 22 12 26 28 19 21 17 23 21 23 17 20 25 24 19 16 19 26 21 26 24 21 16 19 22 22 17 16 28 19 25 19 17 20 26 24 20 22 22 25 23 21 24 28 23 22 16 23 23 24 20 23 18 21 20 20 19 26 17 21 13 23 22 23 23 24 25 22 18 22 16 21 24 27 15 30 22 19 16 21 26 17 23 19 19 24 17 28 25 28 19 14 20 22 19 24 26 26 27 22 17 29 25 16 18 23 21 33 18 21 23 22 23 30 11 20 20 18 18 25 20 23 18 15 25 16 21 15 30 28 24 22 16 29 18 20 18 20 24 29 17 15 11 24 20 11 18 21 29 20 28 22 19 17 21 22 23 29 22 18 23 30 23 20 22 13 18 31 17 30 18 18 20 22 30 22 22 15 24 20 19 19 29 19 25 22 25 14 27 16 19 21 20 22 17 13 17 22 20 25 24 28 20 22 14 15 28 13 19 21 20 27 22 19 21 22 20 33 15 26 21 19 33 18 25 26 24 32 23 19 23 18 19 32 22 24 22 23 18 16 23 16 12 20 25 20 28 27 19 10 26 18 24 19 20 21 14 23 21 16 24 16 24 28 19 29 16 13 22 25 17 18 26 19 16 27 17 22 21 23 18 18 22 24 25 23 19 22 16 23 25 22 16 19 28 22 21 29 24 21 21 23 19 21 26 25 21 18 18 19 23 25 17 27 13 12 21 28 20 22 22 14 31 18 22 19 16 27 12 15 12 22 33 16 27 24 14 24 25 15 20 19 32 19 17 26 19 16 25 21 20 20 15 18 23 19 20 20 27 19 21 31 17 19 20 28 23 22 17 16 27 24 23 18 18 18 25 21 17 20 20 17 22 16 29 19 16 20 26 21 18 18 20 23 17 21 21 27 22 14 18 18 19 15 16 21 22 16 31 22 26 14 23 20 23 23 23 26 18 24 23 23 17 19 18 31 21 26 20 24 24 20 15 17 22 19 21 19 15 21 22 24 15 21 19 18 32 14 23 24 18 20 16 23 23 21 23 20 19 15 18 17 30 27 25 17 16 14 17 22 16 32 17 20 16 18 30 21 21 24 23 19 20 19 20 23 19 14 19 21 19 27 23 23 21 16 18 26 20 18 20 17 26 21 24 24 18 20 28 22 18 20 22 21 23 29 21 21 14 17 28 23 24 16 25 25 22 19 24 29 26 22 25 17 18 21 17 29 15 24 23 26 22 13 17 15 19 31 19 23 17 21 32 22 19 12 33 17 22 19 17 19 19 18 26 23 19 23 22 16 23 24 28 28 17 26 24 15 19 20 5 21 21 21 19 27 21 26 32 18 23 20 23 32 17 14 23 22 25 19 20 29 19 16 20 18 23 19 28 28 27 20 22 24 27 22 25 29 19 18 26 21 26 14 25 19 17 15 18 20 19 20 24 17 21 21 21 24 22 23 14 22 18 23 22 19 18 30 27 26 17 21 15 25 17 19 19 20 16 16 22 32 21 23 19 15 15 22 23 17 23 29 19 17 26 21 21 23 29 13 19 27 19 18 24 21 24 21 25 27 13 21 18 18 26 18 24 24 28 16 24 20 21 22 20 13 18 28 26 12 16 16 24 23 20 26 21 25 16 22 19 24 15 27 19 24 17 22 22 24 23 22 19 28 31 19 16 22 21 21 21 19 23 19 27 24 18 27 18 25 25 22 25 22 17 23 19 27 23 29 24 24 18 23 27 17 17 24 20 22 29 19 23 10 22 26 20 14 24 23 27 22 20 16 20 16 22 17 22 18 23 19 27 18 15 16 19 27 29 16 19 19 15 23 27 21 17 20 24 31 18 27 14 18 21 22 24 21 23 22 19 9 17 20 21 19 12 21 26 19 16 20 14 21 15 28 23 23 24 13 14 27 22 20 33 28 24 24 25 14 20 17 21 18 17 19 31 23 22 25 22 22 22 20 22 23 27 19 23 24 11 23 19 21 27 29 20 24 17 24 19 27 16 21 29 18 23 20 19 24 22 19 13 23 21 28 15 26 19 19 17 26 19 30 16 21 18 19 20 18 27 19 25 17 21 28 18 25 19 20 23 16 18 18 23 20 19 25 20 16 12 30 23 26 24 21 25 15 22 28 15 15 34 24 26 17 23 24 28 20 22 21 21 22 19 22 23 21 26 19 23 27 26 28 18 18 20 18 18 30 29 30 16 29 21 27 26 22 18 18 25 21 24 21 22 22 20 27 26 16 26 30 20 19 20 27 20 18 21 30 22 23 23 21 15 20 25 26 24 22 16 12 24 22 12 18 22 22 20 23 24 25 20 30 18 29 23 23 26 13 22 18 15 28 22 27 20 20 31 20 20 21 30 26 20 25 19 23 16 19 25 15 17 15 32 16 25 28 29 22 24 26 26 13 20 25 18 20 19 20 26 24 23 21 19 17 20 25 23 27 14 29 20 27 17 27 22 27 21 16 23 25 19 21 23 21 21 20 25 22 18 13 27 22 26 17 15 30 21 14 23 23 25 12 30 18 20 15 19 14 21 24 21 14 30 19 33 28 23 22 29 15 20 23 16 18 27 19 21 23 25 24 19 21 13 19 7 20 25 31 28 31 19 24 19 24 17 17 26 15 26 23 14 26 17 21 16 16 28 19 19 30 20 23 14 24 27 16 24 22 24 26 20 26 13 13 24 15 22 21 23 15 13 24 23 13 18 27 21 30 24 24 16 20 16 21 22 29 25 14 21 15 15 25 20 21 21 26 22 26 26 27 20 16 20 27 14 17 30 28 16 13 21 22 21 24 20 22 24 22 33 14 19 25 15 31 25 13 22 14 27 24 29 18 21 24 24 19 18 23 24 21 26 19 18 24 19 26 14 17 15 18 18 22 23 24 18 18 21 20 27 21 26 25 26 18 24 25 20 19 26 23 19 26 19 17 19 24 26 25 24 13 14 28 14 22 25 24 22 23 26 17 22 23 15 15 23 23 23 23 25 20 27 24 20 24 22 14 19 25 22 16 16 27 22 29 23 18 17 27 19 22 24 21 17 30 29 21 21 25 18 23 22 16 21 20 19 18 28 27 13 22 22 30 25 24 24 21 25 23 19 20 26 26 18 21 18 18 30 24 14 21 24 17 21 20 26 29 21 20 14 24 19 16 28 20 25 21 18 30 20 24 13 20 21 19 19 15 20 24 18 15 23 24 19 23 26 22 17 21 16 21 15 21 23 21 17 29 18 23 19 27 16 20 21 26 26 23 29 27 27 14 8 20 31 15 27 18 25 25 21 19 18 20 21 16 17 23 18 19 17 25 20 23 21 26 26 18 30 24 17 25 19 16 18 20 21 18 21 18 19 23 23 23 25 25 21 25 19 16 20 20 21 23 20 20 24 16 22 22 15 21 25 18 18 16 26 22 19 22 21 27 21 23 21 26 19 23 23 25 28 18 28 21 22 13 23 17 17 25 21 21 21 28 20 23 20 18 22 29 22 20 24 21 22 25 25 19 20 17 19 20 19 28 34 21 16 14 9 19 26 35 23 22 19 23 16 20 16 12 21 28 19 14 26 24 20 18 27 16 25 25 17 21 18 15 16 25 18 34 17 18 17 23 27 14 22 30 17 13 24 20 21 22 21 23 18 23 23 30 18 18 22 20 20 24 21 26 27 23 21 22 25 23 15 25 21 20 30 14 21 21 29 27 20 18 18 14 17 23 21 28 15 21 18 20 14 19 19 29 24 20 14 26 27 27 17 21 12 19 28 19 21 19 20 16 29 19 22 31 20 21 27 27 17 15 18 27 14 22 25 12 29 23 21 19 25 12 23 22 24 18 19 22 30 24 22 15 25 19 11 30 33 22 14 18 20 24 18 16 22 12 22 27 18 27 22 19 22 29 11 14 24 19 14 15 20 19 20 25 22 21 35 21 19 15 22 22 14 22 23 25 25 23 18 22 21 25 24 21 27 20 23 15 20 21 23 21 27 16 24 14 19 20 24 10 22 21 19 16 20 23 23 34 18 17 19 24 21 25 25 15 33 11 33 18 21 26 22 21 27 13 15 25 19 24 17 23 27 19 22 22 31 23 25 30 26 18 18 16 24 23 25 21 16 29 14 14 21 22 15 27 25 23 25 22 18 31 15 23 21 23 13 25 31 14 22 19 34 12 25 14 15 30 31 20 12 13 25 23 19 24 25 24 16 12 16 26 25 19 27 25 17 29 12 26 21 23 17 18 24 24 16 26 17 30 19 16 25 23 21 22 12 20 23 24 18 25 18 19 17 29 18 31 19 16 22 18 18 31 23 21 16 25 23 21 17 18 22 20 26 19 22 26 18 19 12 14 14 30 27 19 18 26 18 12 26 29 18 21 24 18 21 22 17 16 29 21 27 26 14 30 22 30 25 21 24 25 21 18 19 23 22 21 16 23 26 17 14 21 21 28 23 19 28 20 21 17 23 21 22 22 27 24 24 19 21 18 19 21 23 22 19 30 26 26 19 23 13 25 23 26 13 28 23 23 14 14 21 21 22 23 17 18 13 23 26 21 22 20 20 24 11 20 24 21 23 17 22 20 25 22 25 20 20 24 14 25 21 26 23 18 19 21 13 21 29 27 18 27 28 20 21 23 18 20 17 14 27 14 20 23 28 18 19 30 21 21 19 26 17 22 23 29 20 28 17 25 18 22 23 19 12 22 19 23 23 19 26 18 17 23 16 23 22 20 19 19 19 21 25 25 22 24 25 22 29 19 18 21 21 15 17 26 26 16 22 23 21 29 23 19 19 19 14 21 22 20 20 19 21 21 21 25 23 25 17 19 17 20 17 18 19 26 24 22 15 20 23 29 21 19 24 25 15 20 23 26 19 25 22 24 14 15 24 25 15 19 15 22 26 26 22 24 20 17 26 21 26 17 20 22 21 22 14 19 24 25 22 15 34 20 20 19 15 21 24 19 16 22 23 25 17 20 21 22 25 14 18 19 19 31 26 24 26 19 16 22 29 26 18 25 16 16 22 21 16 21 29 22 22 28 25 11 12 20 26 22 22 21 21 21 15 27 21 21 20 21 28 23 15 28 22 21 17 20 29 24 25 28 12 22 17 19 17 18 12 27 16 33 22 19 16 23 23 22 15 24 24 23 23 25 17 17 25 24 21 22 17 17 21 14 17 18 21 23 17 19 24 24 14 26 21 20 21 26 28 16 17 26 14 24 18 20 23 19 27 27 31 29 15 23 16 23 19 22 22 26 19 20 21 24 28 16 24 24 22 23 13 26 19 19 24 14 14 24 24 25 20 19 21 21 12 25 23 23 14 23 17 32 20 19 28 27 18 23 16 25 24 20 16 29 17 24 25 20 28 25 15 15 11 24 21 28 24 22 19 21 23 20 21 18 22 22 24 23 22 28 21 17 13 21 14 14 17 29 21 27 25 15 17 22 17 15 26 20 25 24 24 12 22 33 20 21 21 23 22 18 20 12 31 17 16 21 23 20 20 18 24 25 17 26 13 20 20 23 19 16 22 18 25 33 24 22 20 19 20 15 27 23 12 16 28 21 19 24 29 19 19 18 20 20 21 21 21 17 26 19 24 27 30 25 24 23 20 23 18 17 17 20 27 15 9 26 22 23 18 27 19 29 17 18 18 19 13 25 25 17 21 21 20 29 17 19 21 22 26 26 17 27 24 23 22 17 17 25 24 19 20 19 21 19 20 25 28 20 25 19 15 18 14 25 18 23 26 21 19 21 22 21 20 21 21 24 22 28 20 22 16 25 16 20 23 20 22 18 17 26 29 16 14 22 25 23 25 26 23 18 23 24 24 14 13 22 26 21 24 19 22 18 25 19 15 22 24 26 26 30 19 19 14 18 17 26 24 28 21 15 23 32 16 24 20 16 20 19 21 22 25 17 24 17 33 23 16 14 20 31 20 18 30 19 30 18 21 19 19 26 27 20 20 13 28 21 23 30 17 23 21 25 13 29 18 18 22 26 21 22 18 15 13 24 24 32 21 25 29 14 18 19 17 28 23 25 20 26 22 21 26 14 13 25 14 29 24 17 22 23 8 17 19 24 25 17 31 23 24 23 30 18 20 15 22 25 24 14 21 28 27 25 26 20 9 16 17 25 23 22 21 23 21 23 20 15 25 18 23 18 21 25 25 21 17 27 17 19 17 17 18 17 22 17 22 16 13 20 22 20 19 23 22 25 25 17 24 20 20 23 21 32 13 30 30 20 22 23 22 25 17 16 23 24 18 26 16 19 34 20 15 27 19 22 17 25 22 26 17 27 21 19 26 17 18 17 18 26 22 21 15 26 17 29 17 25 29 18 17 18 25 18 15 14 14 21 23 30 22 21 21 23 19 23 14 13 27 19 21 23 32 33 22 12 22 19 28 22 17 28 21 16 20 23 27 23 16 18 14 19 19 21 29 23 21 26 18 26 28 19 18 16 21 19 11 26 18 22 20 18 28 22 24 23 26 18 15 20 20 22 16 22 28 24 25 17 32 14 18 16 25 18 26 17 26 25 23 13 23 17 23 18 26 14 19 24 24 16 21 14 28 17 21 19 15 17 16 31 20 26 23 20 18 27 16 25 17 26 31 15 19 18 26 15 24 20 22 23 22 20 21 21 16 23 13 21 21 14 24 14 20 18 16 33 22 28 21 16 18 13 19 27 24 21 18 25 24 19 20 18 24 16 19 32 21 15 21 23 24 22 21 26 23 21 21 15 18 23 12 21 24 16 19 20 21 20 22 20 31 20 26 19 20 25 17 22 20 25 21 18 20 31 23 23 15 14 28 22 24 22 14 25 17 19 21 29 16 23 17 28 16 14 20 15 24 28 22 21 22 16 22 22 17 15 15 20 19 26 16 16 28 20 26 15 19 24 19 24 13 23 15 23 26 27 18 23 23 26 23 13 20 21 21 26 17 22 18 17 19 17 25 19 22 13 22 23 20 20 23 17 20 24 17 27 23 24 15 21 16 25 27 20 22 14 27 32 18 21 31 21 12 24 18 19 25 15 26 23 22 27 20 22 21 19 17 21 24 15 16 18 20 20 15 26 23 20 26 17 17 18 15 15 17 31 30 25 23 28 25 18 13 16 18 17 24 19 11 20 25 23 14 17 19 20 18 21 24 20 30 24 30 22 21 16 25 22 15 22 19 20 21 24 23 14 22 20 19 25 27 27 20 13 17 19 21 19 14 24 21 27 11 30 19 24 23 28 17 19 25 22 22 19 17 20 19 27 22 21 26 23 21 23 13 21 19 20 26 20 26 23 23 19 26 27 22 31 16 31 14 16 22 16 21 25 23 32 20 18 24 11 20 26 16 23 26 27 15 21 18 21 22 24 22 29 18 12 19 17 24 18 29 20 18 19 20 11 30 16 13 16 17 27 24 24 25 15 27 25 20 21 31 17 21 21 14 22 22 22 22 17 12 25 22 13 27 27 20 24 26 26 21 23 28 19 21 22 24 17 21 26 22 28 27 19 19 18 18 21 9 27 26 26 24 18 18 22 21 23 24 23 15 18 17 22 18 22 21 21 18 28 22 20 14 17 22 29 13 26 28 24 23 21 26 28 28 27 16 18 21 19 11 21 22 31 22 25 18 13 21 32 21 24 19 30 26 19 19 18 23 19 24 18 18 22 18 21 25 21 18 28 22 20 20 23 20 25 18 25 21 14 27 26 23 22 30 17 18 28 24 25 19 18 19 18 18 17 17 30 27 16 30 22 14 15 27 22 18 30 21 26 16 15 16 15 25 17 17 17 18 24 22 18 19 17 22 26 25 25 12 19 23 16 19 22 29 18 15 17 23 14 19 23 27 14 22 19 28 22 25 20 20 17 20 17 20 18 31 21 26 33 28 27 23 16 29 17 16 15 20 21 22 13 24 23 21 21 16 19 23 26 24 15 26 23 29 24 24 19 16 19 23 20 16 21 20 19 23 14 15 26 16 20 24 22 17 15 20 24 22 25 22 35 20 21 7 21 19 24 15 25 23 21 21 15 28 19 20 19 16 18 22 16 23 24 23 26 20 22 14 16 26 20 33 21 22 22 21 19 22 15 23 22 21 21 26 20 30 15 27 20 22 24 30 14 19 23 22 20 17 16 22 22 21 18 16 22 16 17 19 32 16 19 16 25 24 26 15 25 13 18 21 20 21 28 22 19 23 25 16 18 26 27 21 22 26 21 26 17 15 24 23 21 19 21 16 21 19 15 23 21 16 22 22 24 23 21 26 19 25 25 15 17 17 20 12 23 18 17 25 22 17 21 25 19 19 20 14 17 14 24 15 23 27 18 27 19 28 25 16 26 13 30 25 23 31 21 18 18 23 21 20 23 24 29 19 19 24 22 16 26 22 19 29 21 21 17 17 22 23 22 19 24 12 33 18 21 17 30 30 21 22 19 22 17 24 29 20 31 17 19 18 22 30 15 25 17 24 18 16 21 26 24 17 25 26 16 14 21 21 22 14 14 19 24 25 28 25 14 26 15 25 17 33 18 15 26 25 22 19 22 26 27 12 29 19 19 23 21 28 27 21 20 23 21 18 20 25 21 15 26 21 24 21 21 22 18 22 30 24 20 19 18 36 23 18 27 19 17 18 19 20 25 23 21 24 34 30 26 18 21 25 24 19 26 19 27 15 15 23 12 26 23 16 15 20 32 20 14 26 24 16 21 25 17 20 25 17 13 21 21 21 22 24 24 15 11 21 28 17 15 20 22 24 20 15 16 14 23 31 18 23 21 24 19 22 22 25 20 27 24 17 17 17 21 21 20 20 20 23 23 16 20 25 25 24 11 18 22 19 17 20 19 16 19 27 28 19 19 23 15 26 18 30 18 12 24 23 27 23 18 20 24 27 25 19 19 17 22 21 19 26 12 25 17 28 19 23 20 17 12 29 29 23 24 21 13 24 18 26 26 19 19 20 25 18 15 31 18 25 17 14 14 20 33 27 22 19 27 21 30 18 17 18 25 19 23 25 16 22 29 15 22 23 18 19 25 24 19 27 17 25 14 21 27 21 19 24 27 24 23 18 27 22 22 13 18 15 22 18 18 15 22 21 19 25 23 26 18 21 35 16 14 20 20 20 22 22 23 26 29 24 24 16 19 17 22 24 28 20 21 17 24 22 25 18 15 23 24 26 13 22 23 22 26 17 29 29 17 18 14 21 25 17 19 29 25 22 20 21 17 24 23 28 20 25 19 27 19 23 22 18 23 28 23 26 20 18 20 20 19 21 23 24 27 16 27 23 19 18 18 23 25 23 19 17 21 15 20 19 25 20 26 19 20 20 18 16 22 26 21 21 31 16 22 22 24 26 15 24 19 20 16 19 24 17 23 13 19 22 27 16 15 19 15 22 22 24 15 18 18 17 18 25 37 12 13 26 20 24 23 29 28 21 25 23 18 23 18 17 23 21 30 13 20 24 16 20 22 24 28 20 14 20 19 24 19 24 20 20 19 17 22 20 27 23 18 14 18 33 20 18 23 22 16 20 20 22 20 22 27 25 24 24 28 19 27 29 23 19 12 24 16 27 15 22 19 25 25 13 19 22 25 20 23 32 22 26 19 30 23 10 21 21 12 20 30 19 26 21 24 25 15 18 13 20 22 20 26 29 23 21 28 20 19 20 28 23 26 22 23 19 18 21 26 24 19 27 17 21 14 25 18 25 26 25 16 22 26 19 22 28 18 28 20 24 12 20 24 20 19 22 25 26 21 16 29 18 20 22 19 25 22 17 19 20 29 23 25 17 22 16 25 21 24 16 14 22 21 28 18 16 28 26 21 18 22 18 17 18 17 15 22 25 19 24 18 16 23 20 26 15 27 28 18 20 26 30 25 24 20 19 18 28 15 21 32 14 16 16 21 17 26 22 23 21 17 22 22 29 18 19 24 20 25 15 25 18 18 16 22 23 21 22 21 22 25 14 19 15 23 29 25 14 14 13 25 23 16 23 26 25 22 26 15 14 13 29 24 14 23 26 18 16 22 16 23 21 20 31 21 24 15 22 26 19 23 19 16 14 29 27 24 16 16 23 17 25 23 10 19 18 22 22 26 21 16 30 21 16 15 15 29 17 17 14 36 24 22 29 18 27 21 14 31 17 18 17 18 23 14 27 24 22 23 17 20 11 28 18 14 20 22 18 17 15 21 30 23 20 28 27 30 20 22 18 18 12 14 25 19 22 17 16 21 18 21 24 16 23 28 21 12 15 17 25 20 20 27 23 24 23 27 24 15 28 23 18 27 12 15 21 23 23 21 15 19 21 20 24 24 30 23 16 13 29 23 21 24 18 17 20 20 27 16 16 21 31 16 33 21 23 22 16 25 21 23 24 22 25 17 17 22 20 30 18 10 22 23 25 18 23 21 28 24 23 32 19 16 23 28 19 25 16 23 22 25 26 23 12 20 29 26 18 12 17 18 25 24 24 26 17 24 23 17 16 22 23 21 21 28 23 16 13 23 14 24 21 19 22 23 18 32 17 15 25 25 21 31 22 21 19 24 10 18 17 22 20 23 30 18 14 29 14 15 29 22 21 17 19 23 30 20 17 22 20 24 18 17 24 19 19 30 23 14 20 19 30 17 18 25 18 20 22 26 24 22 19 26 20 23 15 22 17 23 21 26 21 29 17 20 18 24 17 17 29 27 19 22 18 23 21 17 24 15 22 22 26 19 26 17 23 24 23 23 21 19 22 15 21 25 22 24 21 18 22 18 21 16 27 29 26 17 22 20 19 25 18 17 18 21 19 21 20 23 24 19 30 21 22 23 18 25 20 22 31 22 16 24 15 22 18 27 15 26 26 22 25 18 25 14 22 32 29 18 19 12 19 17 26 27 21 13 19 26 23 19 19 24 20 24 19 24 18 25 24 20 22 25 30 24 20 16 12 24 21 14 30 14 26 17 20 24 18 20 28 13 29 23 19 16 16 33 22 16 24 26 12 23 26 17 23 25 22 21 22 13 27 29 25 17 19 16 20 16 27 22 23 27 22 25 21 16 20 22 23 20 20 20 27 19 20 19 23 30 18 27 16 17 20 18 9 17 24 22 25 22 30 36 25 23 21 26 20 18 27 24 26 18 21 20 17 27 24 25 17 17 28 22 21 25 24 23 17 24 20 20 27 11 30 31 27 22 17 23 23 24 22 16 11 19 18 25 26 20 20 21 31 25 25 26 24 23 28 20 22 17 22 16 18 15 21 19 24 20 19 14 17 29 22 24 20 28 25 15 29 23 16 13 19 26 25 15 24 19 17 20 31 27 19 21 21 15 15 11 17 24 33 25 24 17 18 24 22 20 16 22 15 21 19 21 23 23 21 24 18 33 21 33 16 23 19 19 26 19 24 19 21 20 17 21 24 15 26 22 20 21 23 19 18 18 16 27 25 25 20 24 23 30 16 18 16 23 19 16 17 22 24 27 16 26 23 16 23 33 25 32 22 19 19 23 19 21 24 27 16 20 31 17 13 19 19 23 26 18 19 20 22 24 19 18 19 21 20 20 20 26 23 26 21 25 22 26 21 18 15 21 28 25 28 16 23 15 26 20 22 18 20 20 21 20 15 24 23 27 23 22 22 23 26 22 19 18 17 16 24 31 16 25 14 22 22 24 19 20 21 20 20 27 30 23 15 15 24 27 28 22 18 18 19 27 25 20 21 25 19 21 26 24 15 26 25 21 28 13 13 16 17 22 18 21 21 23 15 19 27 16 18 29 20 25 22 21 25 21 29 15 13 18 20 18 25 18 21 14 28 14 24 23 22 32 33 18 17 16 19 21 20 15 21 23 26 26 20 18 22 15 27 23 17 27 20 25 21 20 16 23 19 25 22 26 18 22 25 27 20 22 18 26 19 21 23 12 25 18 18 21 20 24 17 16 20 24 29 20 20 22 23 23 11 16 22 26 27 25 18 22 19 27 28 10 18 25 16 28 19 22 23 24 21 18 13 26 17 22 24 23 20 17 26 12 27 19 27 17 29 16 22 22 18 19 25 18 16 23 15 13 24 18 18 22 21 19 21 20 26 34 22 24 16 20 18 18 19 20 21 21 25 30 20 21 33 16 25 20 21 17 13 18 31 32 28 20 21 13 15 21 26 25 21 24 13 25 19 19 22 27 21 15 24 21 24 17 21 22 17 16 15 18 24 25 22 20 24 25 23 27 20 23 17 23 18 15 22 24 20 22 18 30 23 21 27 20 24 27 21 23 16 21 28 19 24 24 13 21 26 16 23 16 21 26 23 16 31 19 21 21 36 17 22 19 19 20 21 27 13 24 23 18 15 31 23 14 28 14 24 22 16 23 23 20 30 26 16 25 20 20 20 25 25 18 18 25 22 15 27 20 24 17 20 20 17 20 23 23 21 19 21 23 26 29 25 23 12 30 20 27 23 23 17 17 24 14 19 22 25 22 24 18 14 20 30 28 24 17 19 12 15 24 14 22 19 17 22 14 21 24 24 21 25 25 16 16 18 20 20 19 26 28 24 14 19 26 24 21 18 17 24 18 25 33 23 23 16 29 14 20 19 27 23 17 23 25 26 20 12 24 28 23 22 16 17 21 16 23 25 26 17 30 19 24 29 17 18 8 23 17 21 23 21 21 22 23 13 21 22 21 18 24 22 19 22 28 27 20 19 24 13 23 29 24 24 20 23 21 23 20 31 21 31 23 24 29 16 25 20 13 30 17 23 15 16 16 26 22 21 22 19 25 17 31 24 21 19 26 20 26 22 14 26 30 21 15 25 26 17 21 20 24 15 16 21 24 13 32 20 24 22 16 20 22 20 18 13 16 17 19 23 15 18 30 21 19 26 26 26 21 25 28 15 24 23 20 17 18 23 17 19 16 31 26 20 27 16 21 25 24 17 23 15 24 17 30 17 16 23 19 24 31 21 14 21 21 21 21 24 17 26 28 21 22 21 27 21 31 23 17 22 19 16 17 18 17 27 25 14 16 27 23 23 16 23 16 15 16 25 28 21 24 24 21 16 23 13 30 15 22 24 28 26 17 29 17 14 18 18 20 21 25 24 23 27 24 19 18 14 24 21 15 21 23 23 24 14 19 27 23 23 21 16 30 27 27 21 26 16 26 21 21 18 14 13 24 21 14 20 29 23 28 15 22 14 16 15 21 16 24 17 14 26 19 24 20 23 25 15 22 27 18 24 11 25 21 23 15 28 29 16 25 21 24 28 19 25 22 17 10 17 12 23 13 24 27 27 13 20 20 20 30 31 19 20 10 21 18 31 31 26 14 21 12 12 13 17 19 24 28 16 22 22 19 19 25 18 22 30 22 22 18 21 22 18 15 24 24 19 18 17 23 19 23 25 24 21 23 24 21 24 17 26 22 30 23 24 17 24 15 13 22 17 23 20 28 21 25 20 18 22 25 25 21 22 20 19 27 20 19 18 19 17 22 19 22 29 19 21 34 17 23 20 19 22 19 24 16 18 26 20 31 17 20 19 20 21 19 16 40 18 18 22 27 21 20 28 17 14 25 23 17 19 12 22 25 15 17 26 12 23 22 25 22 29 21 19 21 19 24 14 26 24 18 23 14 20 26 24 19 15 29 19 23 17 14 22 13 21 19 21 19 15 32 25 13 21 29 22 21 24 20 15 22 19 14 29 19 20 22 20 26 13 22 21 15 20 34 20 20 19 26 18 27 21 18 30 35 19 14 24 24 22 9 22 25 15 15 18 20 23 17 21 27 23 22 15 23 19 19 23 23 15 14 20 25 28 20 16 12 26 27 29 29 17 18 22 28 22 25 19 27 25 22 27 20 24 15 26 29 26 15 22 20 22 19 16 20 20 34 16 20 26 17 27 23 18 24 14 16 23 17 10 15 21 34 15 21 14 24 23 16 15 18 15 27 25 21 16 13 23 14 25 14 22 28 17 25 21 22 13 22 16 18 25 14 16 21 23 19 18 22 18 25 32 23 16 15 15 19 13 16 20 21 24 16 21 31 23 14 22 24 21 14 13 25 18 32 26 16 23 22 14 16 29 23 27 15 17 27 21 20 21 16 18 28 21 20 20 19 24 26 24 25 21 18 22 20 17 16 22 20 25 28 17 17 18 24 13 23 24 26 19 15 24 18 19 22 19 11 29 21 26 29 23 17 21 25 21 18 29 32 13 26 22 20 21 25 18 23 21 23 25 21 18 17 32 25 16 16 19 21 21 27 23 21 20 21 30 17 18 22 19 20 25 26 25 19 20 21 24 14 28 25 28 18 19 16 23 20 23 16 27 23 17 26 17 18 23 20 24 25 20 19 21 28 23 15 15 21 25 20 15 19 29 22 17 18 27 19 21 23 27 18 27 21 22 20 18 29 17 18 23 13 23 25 27 25 25 27 18 14 17 25 24 22 25 19 16 22 24 24 35 28 20 17 21 22 19 18 26 23 15 30 25 23 12 20 15 21 24 24 24 28 23 20 27 20 21 16 25 16 25 27 25 31 19 22 18 25 24 7 20 17 27 24 20 21 20 22 23 28 15 29 22 14 17 23 19 26 19 22 17 18 16 21 25 23 21 22 25 23 19 21 16 20 23 13 22 17 20 28 27 29 19 30 26 20 20 19 25 22 20 17 27 18 19 23 25 20 20 24 20 26 22 15 23 15 26 16 18 19 31 17 15 22 26 23 15 22 19 24 23 21 23 21 24 21 20 25 20 19 9 19 17 20 18 23 27 26 19 19 21 23 19 21 19 22 15 17 25 22 18 26 18 17 20 20 13 25 28 24 25 21 24 24 17 18 28 29 19 18 25 24 26 18 32 21 27 26 24 22 22 26 19 14 24 28 17 21 18 21 29 18 21 25 21 23 26 20 33 22 21 20 21 22 17 20 19 16 18 29 20 19 21 21 23 17 26 22 23 20 25 20 15 27 20 21 20 22 21 31 15 17 18 15 17 21 16 20 32 21 28 27 24 19 23 19 25 15 24 21 25 21 28 22 13 16 19 18 25 23 24 28 27 19 15 20 24 26 17 17 17 27 20 26 10 22 10 27 24 20 22 15 30 19 18 22 18 20 18 21 23 21 19 34 18 24 15 19 18 27 31 21 15 25 22 22 17 19 21 21 25 25 25 19 19 27 15 23 26 16 26 19 20 22 25 16 16 17 26 22 29 23 19 23 21 23 17 21 27 18 24 18 29 21 17 17 22 17 24 26 15 30 21 21 24 15 19 15 19 26 21 14 22 19 25 20 16 17 20 24 16 25 23 23 21 23 23 24 10 20 19 22 22 24 23 23 27 13 20 20 26 17 22 23 19 25 17 16 16 20 22 23 20 28 23 23 19 27 13 18 24 22 23 26 18 31 12 19 14 30 21 24 37 19 21 23 17 28 21 23 25 30 26 14 14 21 19 23 17 31 16 25 20 20 25 19 25 22 23 16 19 26 22 26 27 17 21 24 22 18 20 12 29 15 23 24 25 18 15 19 20 30 23 18 22 30 14 16 18 21 17 24 18 29 21 17 32 19 20 22 15 21 20 22 20 19 19 22 24 16 14 19 16 26 25 11 20 25 26 23 14 21 25 19 22 30 13 20 28 22 23 16 19 29 24 27 15 24 15 16 23 20 21 20 23 8 19 13 18 27 21 25 24 20 21 16 22 12 35 24 23 16 23 25 19 21 22 20 13 17 20 23 31 26 19 15 21 17 14 30 21 17 19 22 23 25 22 25 25 25 22 21 19 20 17 22 23 29 21 23 17 16 24 28 37 18 21 16 20 15 24 29 19 26 23 12 21 28 17 12 21 15 31 16 21 23 16 21 28 23 17 21 26 25 23 21 17 22 20 19 22 17 16 24 15 29 17 20 28 15 26 20 19 23 21 19 19 21 26 19 25 19 25 22 25 15 16 20 20 20 23 23 31 14 23 12 23 25 23 18 19 23 22 18 32 22 24 11 25 16 19 26 14 21 14 15 25 26 10 11 16 22 33 18 17 21 22 22 18 24 19 26 24 27 15 24 15 26 24 24 31 22 18 31 26 22 16 19 18 25 23 22 28 27 14 20 28 18 20 24 17 26 19 15 24 22 23 16 22 22 28 24 22 15 26 20 18 16 12 24 19 20 24 26 21 14 25 19 25 16 19 20 31 34 21 29 19 27 30 24 23 18 23 18 24 18 13 16 23 17 23 19 22 19 13 23 23 22 22 27 22 18 15 22 30 25 26 21 19 21 20 25 27 14 28 17 21 17 23 28 15 25 24 22 22 23 17 17 16 15 23 20 23 24 25 22 25 11 24 14 24 21 22 26 21 28 20 25 23 23 10 17 24 17 17 24 27 19 21 23 20 15 16 21 32 25 25 22 28 16 21 23 22 28 29 18 27 28 19 27 15 16 20 18 16 21 18 17 29 22 23 18 21 32 22 21 23 17 21 17 23 15 20 17 21 30 18 18 27 23 17 18 15 20 21 16 27 23 27 24 30 18 22 30 15 30 13 18 26 27 21 25 18 21 21 17 20 27 11 21 24 21 21 23 15 19 23 17 17 21 31 20 22 22 22 20 12 20 20 25 30 18 20 19 19 24 24 16 19 16 22 28 32 9 19 20 20 15 20 30 18 24 26 14 16 24 26 15 33 24 13 24 26 24 23 24 17 19 17 11 27 23 20 26 18 26 19 17 19 24 17 20 16 19 20 19 21 29 17 21 22 22 26 29 19 22 18 20 22 21 18 27 18 24 18 23 21 20 22 26 26 25 19 35 21 14 27 16 22 18 22 15 22 19 17 26 17 23 17 23 17 19 14 15 21 17 24 20 24 26 19 21 20 16 15 24 25 23 27 22 29 21 16 19 18 18 20 27 28 21 17 24 16 22 17 24 22 23 22 21 16 21 13 23 27 23 15 19 27 24 17 23 31 22 19 20 26 20 18 20 16 20 34 18 21 21 25 20 24 20 21 23 22 24 22 16 15 18 26 20 24 17 24 22 17 20 20 17 30 16 21 23 20 19 27 20 28 27 22 32 27 17 26 20 17 25 17 18 15 20 25 17 26 22 14 21 19 28 19 20 17 22 30 16 21 20 20 22 18 32 19 15 17 29 16 20 24 23 25 15 20 23 20 25 18 20 18 19 20 28 24 16 9 18 20 15 23 27 29 23 16 22 26 19 20 15 21 25 25 17 22 21 25 19 22 17 17 26 21 23 19 24 15 18 21 19 25 25 17 20 20 13 29 18 20 22 18 23 22 20 26 16 18 18 16 22 20 18 25 31 25 25 25 22 22 20 24 20 15 21 19 17 17 22 18 28 20 22 20 29 14 26 29 24 16 27 15 19 18 16 22 26 16 14 28 27 20 25 13 31 26 14 27 17 18 22 20 23 20 27 26 11 19 27 24 25 20 16 20 22 19 9 22 19 15 21 27 24 20 27 16 19 19 22 20 18 22 24 25 22 20 15 24 11 25 23 21 21 22 24 22 24 20 28 19 16 17 26 26 21 18 29 23 18 18 23 22 15 26 21 20 16 29 21 18 19 13 25 22 25 26 29 17 22 25 19 20 23 20 17 26 28 23 28 19 17 32 13 21 16 22 22 12 21 25 24 25 24 18 16 13 21 22 18 24 19 17 13 24 30 17 16 18 22 28 18 21 29 21 21 20 18 14 16 20 19 23 23 22 27 18 19 21 21 26 25 13 25 14 24 21 18 19 22 22 14 21 34 23 24 26 13 22 19 18 20 27 23 17 18 31 22 20 20 19 21 16 17 27 21 24 21 18 29 26 25 21 22 17 18 28 23 20 16 17 22 13 28 32 20 29 21 31 22 18 16 25 28 23 19 26 14 16 24 23 25 21 26 26 12 20 22 27 25 20 23 29 25 24 23 17 24 19 21 20 16 33 29 26 24 28 20 27 21 20 13 21 15 17 28 23 26 26 21 20 19 19 17 26 17 24 26 17 29 33 12 13 25 23 20 19 22 23 19 20 19 20 18 14 17 15 23 25 25 23 23 22 24 21 14 21 26 19 16 23 22 18 22 24 21 21 23 21 28 18 26 21 19 23 23 15 24 23 15 19 22 29 22 19 22 19 15 24 16 22 21 16 25 27 20 30 20 22 16 16 22 18 23 26 23 24 19 25 13 20 22 14 20 25 24 17 31 26 21 32 24 30 30 14 14 13 20 21 19 32 18 21 22 21 19 27 14 17 29 15 15 16 16 25 30 23 15 35 18 24 26 19 21 17 28 28 23 20 21 21 21 23 14 20 20 21 23 19 32 19 18 19 19 32 22 17 17 27 17 23 18 29 21 15 16 24 23 21 22 24 19 18 29 25 22 20 11 20 24 23 21 13 17 21 23 22 20 21 26 23 20 16 17 19 23 28 17 21 26 17 18 10 23 29 18 29 27 13 23 19 23 26 17 29 28 19 16 21 24 23 21 23 22 24 19 18 31 19 13 19 20 34 15 17 12 20 30 22 29 17 12 20 21 18 25 15 17 16 28 18 22 20 27 19 21 22 19 11 20 27 24 17 22 18 23 18 25 27 15 21 27 24 24 20 19 23 23 21 19 21 18 17 24 29 16 20 21 29 18 25 20 25 27 26 21 24 17 17 17 19 15 26 14 19 17 15 23 23 20 23 21 22 23 20 16 19 17 19 24 19 25 24 21 24 22 21 18 23 20 18 20 24 20 17 16 21 23 30 21 20 22 14 15 21 19 20 18 20 23 18 24 19 20 23 23 20 19 27 13 20 18 18 28 21 22 15 17 23 12 23 19 11 23 17 22 16 26 9 20 17 20 18 20 21 24 18 19 21 24 18 13 24 24 14 27 17 19 25 23 16 25 24 16 27 10 15 30 16 21 27 29 22 24 25 17 16 20 18 26 17 20 25 27 23 25 24 21 23 20 23 27 25 22 22 17 23 25 20 17 20 32 23 23 25 21 10 25 21 17 17 27 26 18 13 17 26 18 25 10 18 22 18 19 27 30 19 24 20 9 24 23 25 25 25 24 22 19 22 20 35 27 23 17 17 21 30 24 26 8 20 17 28 32 21 18 23 25 26 15 16 28 30 16 22 18 19 28 19 30 17 23 28 16 19 28 24 29 19 24 18 23 17 14 22 22 18 24 28 17 20 21 27 21 23 20 19 20 22 27 15 25 19 22 10 23 23 16 14 29 25 20 23 19 21 23 22 16 21 18 23 20 16 21 21 19 26 30 16 20 15 18 23 18 21 18 23 14 29 18 20 25 18 25 22 16 16 26 22 18 16 20 21 20 20 20 16 23 25 24 21 17 17 22 26 22 24 22 28 20 19 17 29 26 19 21 20 25 18 23 18 20 20 22 17 16 23 19 27 21 25 25 30 23 20 18 24 16 14 16 24 20 24 20 15 15 19 23 18 29 19 35 13 22 24 29 18 22 21 16 22 26 27 20 22 25 25 16 16 25 32 13 19 24 25 22 13 14 23 21 22 25 16 23 19 24 15 14 19 27 15 20 27 25 19 16 27 19 26 20 18 20 23 24 25 20 23 23 15 26 20 29 16 26 21 19 29 22 20 29 24 25 17 29 17 15 19 28 18 30 23 17 24 28 17 28 18 22 21 22 24 17 17 20 31 25 23 20 17 18 23 18 21 16 28 20 19 20 18 18 29 19 19 18 31 18 25 22 20 16 28 25 20 25 20 16 26 24 29 23 17 26 19 15 22 20 19 22 19 20 26 28 22 15 24 22 31 11 23 15 21 31 26 22 22 22 17 21 16 26 25 19 26 18 21 20 19 24 20 23 16 20 20 22 21 14 19 13 21 18 22 24 14 27 16 31 26 13 23 16 28 19 15 23 22 20 23 18 27 18 22 15 18 24 14 23 28 22 21 24 20 19 19 17 22 21 24 22 21 20 17 21 20 20 25 19 21 21 26 14 32 20 19 23 21 19 29 26 24 23 19 16 22 17 26 12 20 25 19 24 18 24 19 14 21 18 21 25 23 15 27 26 12 24 17 26 23 19 24 19 25 21 14 21 24 26 19 16 16 22 17 30 20 16 21 22 17 24 21 26 18 27 20 16 21 16 20 18 22 20 23 21 15 20 14 25 17 27 29 19 20 21 24 23 14 22 18 25 17 20 15 25 28 26 22 16 25 23 18 24 31 18 25 28 23 19 31 22 16 18 27 23 20 18 24 38 23 16 25 20 16 19 21 23 18 20 21 23 10 24 33 20 27 16 26 16 18 24 22 13 23 24 25 18 15 23 18 18 28 19 29 20 16 30 25 29 13 23 24 19 26 25 21 18 24 11 24 27 23 21 22 23 17 15 25 20 19 20 16 25 26 19 31 19 22 22 16 18 21 25 27 16 25 22 21 19 16 20 16 24 29 18 16 27 16 17 18 19 22 25 25 20 20 19 17 17 24 19 27 24 15 16 21 23 29 23 24 21 15 32 26 17 20 17 18 20 28 19 20 23 23 21 19 25 14 28 30 22 20 17 19 26 21 27 16 13 10 25 24 17 23 27 24 19 24 13 23 29 22 19 27 14 24 14 24 24 21 23 23 16 20 21 28 23 22 19 18 20 12 27 22 28 19 19 22 23 23 12 24 24 23 24 22 20 22 16 15 20 21 21 23 19 33 22 27 18 22 22 21 18 20 18 24 25 17 18 22 22 25 22 26 21 24 18 24 22 33 19 21 25 27 20 16 27 13 24 19 20 22 25 20 20 25 16 24 20 22 21 25 17 20 19 17 19 20 20 20 18 12 25 13 25 21 26 27 19 25 23 26 20 27 26 12 17 25 20 25 19 25 16 16 24 19 25 21 14 14 21 28 20 24 28 27 14 19 18 23 26 19 27 23 16 17 18 26 15 17 19 17 26 20 19 23 26 24 20 22 26 23 17 17 25 22 19 17 21 17 23 21 22 15 22 16 21 24 18 23 32 32 13 31 32 22 20 24 18 29 26 20 15 23 22 16 30 24 21 23 13 14 22 21 29 26 13 22 26 19 19 23 20 14 24 26 25 24 18 23 13 24 17 26 18 23 20 19 29 22 19 24 22 21 20 21 19 24 18 20 27 16 23 14 26 23 15 17 24 12 14 28 21 24 26 23 22 18 27 20 27 22 21 15 16 23 27 19 24 18 18 21 29 16 24 25 25 23 23 13 21 26 22 21 19 19 19 23 17 25 33 21 22 17 12 21 23 19 21 23 31 17 22 18 19 18 25 18 26 23 26 13 27 26 21 23 16 17 23 24 25 10 27 27 24 18 22 30 23 20 22 22 25 20 22 28 23 17 28 18 20 19 23 24 25 22 16 22 18 27 28 17 25 20 20 21 26 21 16 19 15 24 21 23 16 27 19 22 23 15 32 25 29 21 15 19 15 18 23 23 24 14 25 20 16 14 15 27 25 23 20 18 21 24 18 19 20 26 22 23 23 18 26 30 23 16 27 23 25 27 16 28 22 14 24 26 18 22 18 22 29 15 18 29 23 21 24 18 19 20 34 16 22 18 24 19 28 23 25 18 22 21 18 21 18 18 20 22 21 18 24 20 23 24 20 18 18 17 26 24 21 27 20 17 25 13 18 26 26 22 25 18 26 18 30 17 20 20 27 25 19 27 16 21 21 19 20 17 20 26 18 19 23 24 19 21 18 16 19 23 24 23 27 19 23 24 23 12 24 22 20 22 25 20 20 20 25 23 17 24 23 19 14 16 23 24 25 22 20 21 16 22 23 15 24 19 29 22 28 29 18 18 15 29 31 20 15 16 25 17 27 20 24 13 19 30 29 14 22 18 15 17 23 18 32 17 17 26 16 16 17 21 20 24 21 29 30 19 23 21 14 19 24 22 21 21 31 21 19 18 26 15 22 22 16 21 25 24 24 19 15 16 20 22 22 16 25 20 30 25 21 27 24 33 20 26 13 27 20 23 17 24 18 16 21 26 22 24 28 20 16 20 23 31 24 24 22 19 25 22 16 18 22 27 31 25 20 19 25 20 13 20 15 15 17 33 27 30 24 20 25 11 21 29 25 14 17 24 19 21 19 25 15 18 15 28 22 27 23 19 26 15 21 19 14 25 14 25 27 19 20 17 21 18 28 25 17 25 34 24 16 23 15 19 16 20 27 33 18 25 21 18 20 25 20 13 20 27 20 16 20 21 21 18 16 22 24 26 16 25 23 34 20 19 28 12 28 23 21 24 23 17 28 24 33 21 25 18 15 19 23 16 28 28 22 22 25 26 20 27 12 24 14 20 24 18 21 24 19 18 26 16 19 28 17 21 23 23 23 17 19 17 17 18 20 20 21 22 33 17 16 38 15 22 19 21 14 16 14 18 22 21 34 23 18 26 20 24 20 17 20 21 18 24 26 32 18 22 21 27 16 22 20 24 18 21 22 27 22 20 21 22 27 27 24 24 30 20 17 17 22 22 20 21 24 20 16 17 25 19 18 23 23 21 16 23 16 24 20 22 26 22 26 15 19 25 26 18 27 17 17 17 29 20 15 15 20 22 21 19 16 29 18 21 28 21 24 24 19 19 20 17 19 28 19 23 20 22 21 19 21 18 27 19 12 22 23 19 24 21 20 25 26 14 18 17 19 14 25 18 16 22 15 21 21 26 24 17 26 30 17 21 22 24 16 17 19 15 19 20 24 24 24 20 17 16 24 22 19 16 14 20 27 18 20 20 30 21 20 27 18 19 28 18 18 15 27 26 22 20 21 22 22 21 29 18 20 22 19 24 26 25 16 27 20 27 13 24 25 23 20 25 25 24 11 19 19 20 20 25 20 16 20 23 25 16 23 32 21 29 21 28 18 19 27 19 16 27 24 28 21 14 23 15 17 28 26 20 22 26 18 22 23 18 22 26 20 19 14 24 37 27 20 21 24 11 15 22 25 20 24 21 22 17 18 20 22 19 20 18 21 21 20 23 23 19 18 20 21 22 21 19 28 26 22 15 19 20 25 24 20 18 18 23 18 22 25 23 25 24 23 23 21 23 16 18 25 23 23 22 19 22 30 21 24 30 16 16 20 17 20 23 20 21 17 27 17 27 16 28 20 21 11 31 19 23 22 19 16 18 18 19 22 21 31 17 22 18 23 21 21 16 20 21 16 19 23 26 23 23 21 21 23 17 27 18 19 11 29 25 25 28 18 25 15 24 20 25 17 23 23 30 21 25 15 23 20 14 23 23 29 18 17 22 29 21 19 26 16 16 22 22 17 17 22 26 26 17 22 25 19 11 21 19 23 22 24 18 24 17 20 21 21 20 22 15 17 22 27 21 27 20 25 25 18 25 28 22 25 28 20 11 35 21 25 21 28 20 20 20 17 27 16 22 15 22 19 16 16 21 24 31 15 32 21 21 26 18 27 22 19 36 29 22 21 19 25 16 25 18 15 20 21 34 18 22 20 18 15 31 17 20 13 19 28 28 23 27 20 21 11 22 26 19 21 22 21 15 16 26 25 10 27 23 23 22 22 24 21 15 25 14 21 32 29 26 27 18 25 30 27 17 21 18 19 18 27 19 12 19 27 11 19 22 22 27 33 18 18 18 20 17 18 16 20 20 27 27 15 34 19 20 28 17 15 13 31 27 21 22 19 23 23 21 22 17 17 24 24 27 15 20 27 20 20 20 24 17 24 12 18 29 16 28 27 17 28 20 20 15 13 21 27 21 19 26 18 9 25 18 18 17 21 24 21 15 21 24 17 24 23 19 21 22 
</Matrix>
   <Matrix name="xloc" type="complete" rows="1" columns="10000" multiplier="1.0">
   0 1 2 3 4 5 6 7 8 9 10 11 12 13 14 15 16 17 18 19 20 21 22 23 24 25 26 27 28 29 30 31 32 33 34 35 36 37 38 39 40 41 42 43 44 45 46 47 48 49 50 51 52 53 54 55 56 57 58 59 60 61 62 63 64 65 66 67 68 69 70 71 72 73 74 75 76 77 78 79 80 81 82 83 84 85 86 87 88 89 90 91 92 93 94 95 96 97 98 99 0 1 2 3 4 5 6 7 8 9 10 11 12 13 14 15 16 17 18 19 20 21 22 23 24 25 26 27 28 29 30 31 32 33 34 35 36 37 38 39 40 41 42 43 44 45 46 47 48 49 50 51 52 53 54 55 56 57 58 59 60 61 62 63 64 65 66 67 68 69 70 71 72 73 74 75 76 77 78 79 80 81 82 83 84 85 86 87 88 89 90 91 92 93 94 95 96 97 98 99 0 1 2 3 4 5 6 7 8 9 10 11 12 13 14 15 16 17 18 19 20 21 22 23 24 25 26 27 28 29 30 31 32 33 34 35 36 37 38 39 40 41 42 43 44 45 46 47 48 49 50 51 52 53 54 55 56 57 58 59 60 61 62 63 64 65 66 67 68 69 70 71 72 73 74 75 76 77 78 79 80 81 82 83 84 85 86 87 88 89 90 91 92 93 94 95 96 97 98 99 0 1 2 3 4 5 6 7 8 9 10 11 12 13 14 15 16 17 18 19 20 21 22 23 24 25 26 27 28 29 30 31 32 33 34 35 36 37 38 39 40 41 42 43 44 45 46 47 48 49 50 51 52 53 54 55 56 57 58 59 60 61 62 63 64 65 66 67 68 69 70 71 72 73 74 75 76 77 78 79 80 81 82 83 84 85 86 87 88 89 90 91 92 93 94 95 96 97 98 99 0 1 2 3 4 5 6 7 8 9 10 11 12 13 14 15 16 17 18 19 20 21 22 23 24 25 26 27 28 29 30 31 32 33 34 35 36 37 38 39 40 41 42 43 44 45 46 47 48 49 50 51 52 53 54 55 56 57 58 59 60 61 62 63 64 65 66 67 68 69 70 71 72 73 74 75 76 77 78 79 80 81 82 83 84 85 86 87 88 89 90 91 92 93 94 95 96 97 98 99 0 1 2 3 4 5 6 7 8 9 10 11 12 13 14 15 16 17 18 19 20 21 22 23 24 25 26 27 28 29 30 31 32 33 34 35 36 37 38 39 40 41 42 43 44 45 46 47 48 49 50 51 52 53 54 55 56 57 58 59 60 61 62 63 64 65 66 67 68 69 70 71 72 73 74 75 76 77 78 79 80 81 82 83 84 85 86 87 88 89 90 91 92 93 94 95 96 97 98 99 0 1 2 3 4 5 6 7 8 9 10 11 12 13 14 15 16 17 18 19 20 21 22 23 24 25 26 27 28 29 30 31 32 33 34 35 36 37 38 39 40 41 42 43 44 45 46 47 48 49 50 51 52 53 54 55 56 57 58 59 60 61 62 63 64 65 66 67 68 69 70 71 72 73 74 75 76 77 78 79 80 81 82 83 84 85 86 87 88 89 90 91 92 93 94 95 96 97 98 99 0 1 2 3 4 5 6 7 8 9 10 11 12 13 14 15 16 17 18 19 20 21 22 23 24 25 26 27 28 29 30 31 32 33 34 35 36 37 38 39 40 41 42 43 44 45 46 47 48 49 50 51 52 53 54 55 56 57 58 59 60 61 62 63 64 65 66 67 68 69 70 71 72 73 74 75 76 77 78 79 80 81 82 83 84 85 86 87 88 89 90 91 92 93 94 95 96 97 98 99 0 1 2 3 4 5 6 7 8 9 10 11 12 13 14 15 16 17 18 19 20 21 22 23 24 25 26 27 28 29 30 31 32 33 34 35 36 37 38 39 40 41 42 43 44 45 46 47 48 49 50 51 52 53 54 55 56 57 58 59 60 61 62 63 64 65 66 67 68 69 70 71 72 73 74 75 76 77 78 79 80 81 82 83 84 85 86 87 88 89 90 91 92 93 94 95 96 97 98 99 0 1 2 3 4 5 6 7 8 9 10 11 12 13 14 15 16 17 18 19 20 21 22 23 24 25 26 27 28 29 30 31 32 33 34 35 36 37 38 39 40 41 42 43 44 45 46 47 48 49 50 51 52 53 54 55 56 57 58 59 60 61 62 63 64 65 66 67 68 69 70 71 72 73 74 75 76 77 78 79 80 81 82 83 84 85 86 87 88 89 90 91 92 93 94 95 96 97 98 99 0 1 2 3 4 5 6 7 8 9 10 11 12 13 14 15 16 17 18 19 20 21 22 23 24 25 26 27 28 29 30 31 32 33 34 35 36 37 38 39 40 41 42 43 44 45 46 47 48 49 50 51 52 53 54 55 56 57 58 59 60 61 62 63 64 65 66 67 68 69 70 71 72 73 74 75 76 77 78 79 80 81 82 83 84 85 86 87 88 89 90 91 92 93 94 95 96 97 98 99 0 1 2 3 4 5 6 7 8 9 10 11 12 13 14 15 16 17 18 19 20 21 22 23 24 25 26 27 28 29 30 31 32 33 34 35 36 37 38 39 40 41 42 43 44 45 46 47 48 49 50 51 52 53 54 55 56 57 58 59 60 61 62 63 64 65 66 67 68 69 70 71 72 73 74 75 76 77 78 79 80 81 82 83 84 85 86 87 88 89 90 91 92 93 94 95 96 97 98 99 0 1 2 3 4 5 6 7 8 9 10 11 12 13 14 15 16 17 18 19 20 21 22 23 24 25 26 27 28 29 30 31 32 33 34 35 36 37 38 39 40 41 42 43 44 45 46 47 48 49 50 51 52 53 54 55 56 57 58 59 60 61 62 63 64 65 66 67 68 69 70 71 72 73 74 75 76 77 78 79 80 81 82 83 84 85 86 87 88 89 90 91 92 93 94 95 96 97 98 99 0 1 2 3 4 5 6 7 8 9 10 11 12 13 14 15 16 17 18 19 20 21 22 23 24 25 26 27 28 29 30 31 32 33 34 35 36 37 38 39 40 41 42 43 44 45 46 47 48 49 50 51 52 53 54 55 56 57 58 59 60 61 62 63 64 65 66 67 68 69 70 71 72 73 74 75 76 77 78 79 80 81 82 83 84 85 86 87 88 89 90 91 92 93 94 95 96 97 98 99 0 1 2 3 4 5 6 7 8 9 10 11 12 13 14 15 16 17 18 19 20 21 22 23 24 25 26 27 28 29 30 31 32 33 34 35 36 37 38 39 40 41 42 43 44 45 46 47 48 49 50 51 52 53 54 55 56 57 58 59 60 61 62 63 64 65 66 67 68 69 70 71 72 73 74 75 76 77 78 79 80 81 82 83 84 85 86 87 88 89 90 91 92 93 94 95 96 97 98 99 0 1 2 3 4 5 6 7 8 9 10 11 12 13 14 15 16 17 18 19 20 21 22 23 24 25 26 27 28 29 30 31 32 33 34 35 36 37 38 39 40 41 42 43 44 45 46 47 48 49 50 51 52 53 54 55 56 57 58 59 60 61 62 63 64 65 66 67 68 69 70 71 72 73 74 75 76 77 78 79 80 81 82 83 84 85 86 87 88 89 90 91 92 93 94 95 96 97 98 99 0 1 2 3 4 5 6 7 8 9 10 11 12 13 14 15 16 17 18 19 20 21 22 23 24 25 26 27 28 29 30 31 32 33 34 35 36 37 38 39 40 41 42 43 44 45 46 47 48 49 50 51 52 53 54 55 56 57 58 59 60 61 62 63 64 65 66 67 68 69 70 71 72 73 74 75 76 77 78 79 80 81 82 83 84 85 86 87 88 89 90 91 92 93 94 95 96 97 98 99 0 1 2 3 4 5 6 7 8 9 10 11 12 13 14 15 16 17 18 19 20 21 22 23 24 25 26 27 28 29 30 31 32 33 34 35 36 37 38 39 40 41 42 43 44 45 46 47 48 49 50 51 52 53 54 55 56 57 58 59 60 61 62 63 64 65 66 67 68 69 70 71 72 73 74 75 76 77 78 79 80 81 82 83 84 85 86 87 88 89 90 91 92 93 94 95 96 97 98 99 0 1 2 3 4 5 6 7 8 9 10 11 12 13 14 15 16 17 18 19 20 21 22 23 24 25 26 27 28 29 30 31 32 33 34 35 36 37 38 39 40 41 42 43 44 45 46 47 48 49 50 51 52 53 54 55 56 57 58 59 60 61 62 63 64 65 66 67 68 69 70 71 72 73 74 75 76 77 78 79 80 81 82 83 84 85 86 87 88 89 90 91 92 93 94 95 96 97 98 99 0 1 2 3 4 5 6 7 8 9 10 11 12 13 14 15 16 17 18 19 20 21 22 23 24 25 26 27 28 29 30 31 32 33 34 35 36 37 38 39 40 41 42 43 44 45 46 47 48 49 50 51 52 53 54 55 56 57 58 59 60 61 62 63 64 65 66 67 68 69 70 71 72 73 74 75 76 77 78 79 80 81 82 83 84 85 86 87 88 89 90 91 92 93 94 95 96 97 98 99 0 1 2 3 4 5 6 7 8 9 10 11 12 13 14 15 16 17 18 19 20 21 22 23 24 25 26 27 28 29 30 31 32 33 34 35 36 37 38 39 40 41 42 43 44 45 46 47 48 49 50 51 52 53 54 55 56 57 58 59 60 61 62 63 64 65 66 67 68 69 70 71 72 73 74 75 76 77 78 79 80 81 82 83 84 85 86 87 88 89 90 91 92 93 94 95 96 97 98 99 0 1 2 3 4 5 6 7 8 9 10 11 12 13 14 15 16 17 18 19 20 21 22 23 24 25 26 27 28 29 30 31 32 33 34 35 36 37 38 39 40 41 42 43 44 45 46 47 48 49 50 51 52 53 54 55 56 57 58 59 60 61 62 63 64 65 66 67 68 69 70 71 72 73 74 75 76 77 78 79 80 81 82 83 84 85 86 87 88 89 90 91 92 93 94 95 96 97 98 99 0 1 2 3 4 5 6 7 8 9 10 11 12 13 14 15 16 17 18 19 20 21 22 23 24 25 26 27 28 29 30 31 32 33 34 35 36 37 38 39 40 41 42 43 44 45 46 47 48 49 50 51 52 53 54 55 56 57 58 59 60 61 62 63 64 65 66 67 68 69 70 71 72 73 74 75 76 77 78 79 80 81 82 83 84 85 86 87 88 89 90 91 92 93 94 95 96 97 98 99 0 1 2 3 4 5 6 7 8 9 10 11 12 13 14 15 16 17 18 19 20 21 22 23 24 25 26 27 28 29 30 31 32 33 34 35 36 37 38 39 40 41 42 43 44 45 46 47 48 49 50 51 52 53 54 55 56 57 58 59 60 61 62 63 64 65 66 67 68 69 70 71 72 73 74 75 76 77 78 79 80 81 82 83 84 85 86 87 88 89 90 91 92 93 94 95 96 97 98 99 0 1 2 3 4 5 6 7 8 9 10 11 12 13 14 15 16 17 18 19 20 21 22 23 24 25 26 27 28 29 30 31 32 33 34 35 36 37 38 39 40 41 42 43 44 45 46 47 48 49 50 51 52 53 54 55 56 57 58 59 60 61 62 63 64 65 66 67 68 69 70 71 72 73 74 75 76 77 78 79 80 81 82 83 84 85 86 87 88 89 90 91 92 93 94 95 96 97 98 99 0 1 2 3 4 5 6 7 8 9 10 11 12 13 14 15 16 17 18 19 20 21 22 23 24 25 26 27 28 29 30 31 32 33 34 35 36 37 38 39 40 41 42 43 44 45 46 47 48 49 50 51 52 53 54 55 56 57 58 59 60 61 62 63 64 65 66 67 68 69 70 71 72 73 74 75 76 77 78 79 80 81 82 83 84 85 86 87 88 89 90 91 92 93 94 95 96 97 98 99 0 1 2 3 4 5 6 7 8 9 10 11 12 13 14 15 16 17 18 19 20 21 22 23 24 25 26 27 28 29 30 31 32 33 34 35 36 37 38 39 40 41 42 43 44 45 46 47 48 49 50 51 52 53 54 55 56 57 58 59 60 61 62 63 64 65 66 67 68 69 70 71 72 73 74 75 76 77 78 79 80 81 82 83 84 85 86 87 88 89 90 91 92 93 94 95 96 97 98 99 0 1 2 3 4 5 6 7 8 9 10 11 12 13 14 15 16 17 18 19 20 21 22 23 24 25 26 27 28 29 30 31 32 33 34 35 36 37 38 39 40 41 42 43 44 45 46 47 48 49 50 51 52 53 54 55 56 57 58 59 60 61 62 63 64 65 66 67 68 69 70 71 72 73 74 75 76 77 78 79 80 81 82 83 84 85 86 87 88 89 90 91 92 93 94 95 96 97 98 99 0 1 2 3 4 5 6 7 8 9 10 11 12 13 14 15 16 17 18 19 20 21 22 23 24 25 26 27 28 29 30 31 32 33 34 35 36 37 38 39 40 41 42 43 44 45 46 47 48 49 50 51 52 53 54 55 56 57 58 59 60 61 62 63 64 65 66 67 68 69 70 71 72 73 74 75 76 77 78 79 80 81 82 83 84 85 86 87 88 89 90 91 92 93 94 95 96 97 98 99 0 1 2 3 4 5 6 7 8 9 10 11 12 13 14 15 16 17 18 19 20 21 22 23 24 25 26 27 28 29 30 31 32 33 34 35 36 37 38 39 40 41 42 43 44 45 46 47 48 49 50 51 52 53 54 55 56 57 58 59 60 61 62 63 64 65 66 67 68 69 70 71 72 73 74 75 76 77 78 79 80 81 82 83 84 85 86 87 88 89 90 91 92 93 94 95 96 97 98 99 0 1 2 3 4 5 6 7 8 9 10 11 12 13 14 15 16 17 18 19 20 21 22 23 24 25 26 27 28 29 30 31 32 33 34 35 36 37 38 39 40 41 42 43 44 45 46 47 48 49 50 51 52 53 54 55 56 57 58 59 60 61 62 63 64 65 66 67 68 69 70 71 72 73 74 75 76 77 78 79 80 81 82 83 84 85 86 87 88 89 90 91 92 93 94 95 96 97 98 99 0 1 2 3 4 5 6 7 8 9 10 11 12 13 14 15 16 17 18 19 20 21 22 23 24 25 26 27 28 29 30 31 32 33 34 35 36 37 38 39 40 41 42 43 44 45 46 47 48 49 50 51 52 53 54 55 56 57 58 59 60 61 62 63 64 65 66 67 68 69 70 71 72 73 74 75 76 77 78 79 80 81 82 83 84 85 86 87 88 89 90 91 92 93 94 95 96 97 98 99 0 1 2 3 4 5 6 7 8 9 10 11 12 13 14 15 16 17 18 19 20 21 22 23 24 25 26 27 28 29 30 31 32 33 34 35 36 37 38 39 40 41 42 43 44 45 46 47 48 49 50 51 52 53 54 55 56 57 58 59 60 61 62 63 64 65 66 67 68 69 70 71 72 73 74 75 76 77 78 79 80 81 82 83 84 85 86 87 88 89 90 91 92 93 94 95 96 97 98 99 0 1 2 3 4 5 6 7 8 9 10 11 12 13 14 15 16 17 18 19 20 21 22 23 24 25 26 27 28 29 30 31 32 33 34 35 36 37 38 39 40 41 42 43 44 45 46 47 48 49 50 51 52 53 54 55 56 57 58 59 60 61 62 63 64 65 66 67 68 69 70 71 72 73 74 75 76 77 78 79 80 81 82 83 84 85 86 87 88 89 90 91 92 93 94 95 96 97 98 99 0 1 2 3 4 5 6 7 8 9 10 11 12 13 14 15 16 17 18 19 20 21 22 23 24 25 26 27 28 29 30 31 32 33 34 35 36 37 38 39 40 41 42 43 44 45 46 47 48 49 50 51 52 53 54 55 56 57 58 59 60 61 62 63 64 65 66 67 68 69 70 71 72 73 74 75 76 77 78 79 80 81 82 83 84 85 86 87 88 89 90 91 92 93 94 95 96 97 98 99 0 1 2 3 4 5 6 7 8 9 10 11 12 13 14 15 16 17 18 19 20 21 22 23 24 25 26 27 28 29 30 31 32 33 34 35 36 37 38 39 40 41 42 43 44 45 46 47 48 49 50 51 52 53 54 55 56 57 58 59 60 61 62 63 64 65 66 67 68 69 70 71 72 73 74 75 76 77 78 79 80 81 82 83 84 85 86 87 88 89 90 91 92 93 94 95 96 97 98 99 0 1 2 3 4 5 6 7 8 9 10 11 12 13 14 15 16 17 18 19 20 21 22 23 24 25 26 27 28 29 30 31 32 33 34 35 36 37 38 39 40 41 42 43 44 45 46 47 48 49 50 51 52 53 54 55 56 57 58 59 60 61 62 63 64 65 66 67 68 69 70 71 72 73 74 75 76 77 78 79 80 81 82 83 84 85 86 87 88 89 90 91 92 93 94 95 96 97 98 99 0 1 2 3 4 5 6 7 8 9 10 11 12 13 14 15 16 17 18 19 20 21 22 23 24 25 26 27 28 29 30 31 32 33 34 35 36 37 38 39 40 41 42 43 44 45 46 47 48 49 50 51 52 53 54 55 56 57 58 59 60 61 62 63 64 65 66 67 68 69 70 71 72 73 74 75 76 77 78 79 80 81 82 83 84 85 86 87 88 89 90 91 92 93 94 95 96 97 98 99 0 1 2 3 4 5 6 7 8 9 10 11 12 13 14 15 16 17 18 19 20 21 22 23 24 25 26 27 28 29 30 31 32 33 34 35 36 37 38 39 40 41 42 43 44 45 46 47 48 49 50 51 52 53 54 55 56 57 58 59 60 61 62 63 64 65 66 67 68 69 70 71 72 73 74 75 76 77 78 79 80 81 82 83 84 85 86 87 88 89 90 91 92 93 94 95 96 97 98 99 0 1 2 3 4 5 6 7 8 9 10 11 12 13 14 15 16 17 18 19 20 21 22 23 24 25 26 27 28 29 30 31 32 33 34 35 36 37 38 39 40 41 42 43 44 45 46 47 48 49 50 51 52 53 54 55 56 57 58 59 60 61 62 63 64 65 66 67 68 69 70 71 72 73 74 75 76 77 78 79 80 81 82 83 84 85 86 87 88 89 90 91 92 93 94 95 96 97 98 99 0 1 2 3 4 5 6 7 8 9 10 11 12 13 14 15 16 17 18 19 20 21 22 23 24 25 26 27 28 29 30 31 32 33 34 35 36 37 38 39 40 41 42 43 44 45 46 47 48 49 50 51 52 53 54 55 56 57 58 59 60 61 62 63 64 65 66 67 68 69 70 71 72 73 74 75 76 77 78 79 80 81 82 83 84 85 86 87 88 89 90 91 92 93 94 95 96 97 98 99 0 1 2 3 4 5 6 7 8 9 10 11 12 13 14 15 16 17 18 19 20 21 22 23 24 25 26 27 28 29 30 31 32 33 34 35 36 37 38 39 40 41 42 43 44 45 46 47 48 49 50 51 52 53 54 55 56 57 58 59 60 61 62 63 64 65 66 67 68 69 70 71 72 73 74 75 76 77 78 79 80 81 82 83 84 85 86 87 88 89 90 91 92 93 94 95 96 97 98 99 0 1 2 3 4 5 6 7 8 9 10 11 12 13 14 15 16 17 18 19 20 21 22 23 24 25 26 27 28 29 30 31 32 33 34 35 36 37 38 39 40 41 42 43 44 45 46 47 48 49 50 51 52 53 54 55 56 57 58 59 60 61 62 63 64 65 66 67 68 69 70 71 72 73 74 75 76 77 78 79 80 81 82 83 84 85 86 87 88 89 90 91 92 93 94 95 96 97 98 99 0 1 2 3 4 5 6 7 8 9 10 11 12 13 14 15 16 17 18 19 20 21 22 23 24 25 26 27 28 29 30 31 32 33 34 35 36 37 38 39 40 41 42 43 44 45 46 47 48 49 50 51 52 53 54 55 56 57 58 59 60 61 62 63 64 65 66 67 68 69 70 71 72 73 74 75 76 77 78 79 80 81 82 83 84 85 86 87 88 89 90 91 92 93 94 95 96 97 98 99 0 1 2 3 4 5 6 7 8 9 10 11 12 13 14 15 16 17 18 19 20 21 22 23 24 25 26 27 28 29 30 31 32 33 34 35 36 37 38 39 40 41 42 43 44 45 46 47 48 49 50 51 52 53 54 55 56 57 58 59 60 61 62 63 64 65 66 67 68 69 70 71 72 73 74 75 76 77 78 79 80 81 82 83 84 85 86 87 88 89 90 91 92 93 94 95 96 97 98 99 0 1 2 3 4 5 6 7 8 9 10 11 12 13 14 15 16 17 18 19 20 21 22 23 24 25 26 27 28 29 30 31 32 33 34 35 36 37 38 39 40 41 42 43 44 45 46 47 48 49 50 51 52 53 54 55 56 57 58 59 60 61 62 63 64 65 66 67 68 69 70 71 72 73 74 75 76 77 78 79 80 81 82 83 84 85 86 87 88 89 90 91 92 93 94 95 96 97 98 99 0 1 2 3 4 5 6 7 8 9 10 11 12 13 14 15 16 17 18 19 20 21 22 23 24 25 26 27 28 29 30 31 32 33 34 35 36 37 38 39 40 41 42 43 44 45 46 47 48 49 50 51 52 53 54 55 56 57 58 59 60 61 62 63 64 65 66 67 68 69 70 71 72 73 74 75 76 77 78 79 80 81 82 83 84 85 86 87 88 89 90 91 92 93 94 95 96 97 98 99 0 1 2 3 4 5 6 7 8 9 10 11 12 13 14 15 16 17 18 19 20 21 22 23 24 25 26 27 28 29 30 31 32 33 34 35 36 37 38 39 40 41 42 43 44 45 46 47 48 49 50 51 52 53 54 55 56 57 58 59 60 61 62 63 64 65 66 67 68 69 70 71 72 73 74 75 76 77 78 79 80 81 82 83 84 85 86 87 88 89 90 91 92 93 94 95 96 97 98 99 0 1 2 3 4 5 6 7 8 9 10 11 12 13 14 15 16 17 18 19 20 21 22 23 24 25 26 27 28 29 30 31 32 33 34 35 36 37 38 39 40 41 42 43 44 45 46 47 48 49 50 51 52 53 54 55 56 57 58 59 60 61 62 63 64 65 66 67 68 69 70 71 72 73 74 75 76 77 78 79 80 81 82 83 84 85 86 87 88 89 90 91 92 93 94 95 96 97 98 99 0 1 2 3 4 5 6 7 8 9 10 11 12 13 14 15 16 17 18 19 20 21 22 23 24 25 26 27 28 29 30 31 32 33 34 35 36 37 38 39 40 41 42 43 44 45 46 47 48 49 50 51 52 53 54 55 56 57 58 59 60 61 62 63 64 65 66 67 68 69 70 71 72 73 74 75 76 77 78 79 80 81 82 83 84 85 86 87 88 89 90 91 92 93 94 95 96 97 98 99 0 1 2 3 4 5 6 7 8 9 10 11 12 13 14 15 16 17 18 19 20 21 22 23 24 25 26 27 28 29 30 31 32 33 34 35 36 37 38 39 40 41 42 43 44 45 46 47 48 49 50 51 52 53 54 55 56 57 58 59 60 61 62 63 64 65 66 67 68 69 70 71 72 73 74 75 76 77 78 79 80 81 82 83 84 85 86 87 88 89 90 91 92 93 94 95 96 97 98 99 0 1 2 3 4 5 6 7 8 9 10 11 12 13 14 15 16 17 18 19 20 21 22 23 24 25 26 27 28 29 30 31 32 33 34 35 36 37 38 39 40 41 42 43 44 45 46 47 48 49 50 51 52 53 54 55 56 57 58 59 60 61 62 63 64 65 66 67 68 69 70 71 72 73 74 75 76 77 78 79 80 81 82 83 84 85 86 87 88 89 90 91 92 93 94 95 96 97 98 99 0 1 2 3 4 5 6 7 8 9 10 11 12 13 14 15 16 17 18 19 20 21 22 23 24 25 26 27 28 29 30 31 32 33 34 35 36 37 38 39 40 41 42 43 44 45 46 47 48 49 50 51 52 53 54 55 56 57 58 59 60 61 62 63 64 65 66 67 68 69 70 71 72 73 74 75 76 77 78 79 80 81 82 83 84 85 86 87 88 89 90 91 92 93 94 95 96 97 98 99 0 1 2 3 4 5 6 7 8 9 10 11 12 13 14 15 16 17 18 19 20 21 22 23 24 25 26 27 28 29 30 31 32 33 34 35 36 37 38 39 40 41 42 43 44 45 46 47 48 49 50 51 52 53 54 55 56 57 58 59 60 61 62 63 64 65 66 67 68 69 70 71 72 73 74 75 76 77 78 79 80 81 82 83 84 85 86 87 88 89 90 91 92 93 94 95 96 97 98 99 0 1 2 3 4 5 6 7 8 9 10 11 12 13 14 15 16 17 18 19 20 21 22 23 24 25 26 27 28 29 30 31 32 33 34 35 36 37 38 39 40 41 42 43 44 45 46 47 48 49 50 51 52 53 54 55 56 57 58 59 60 61 62 63 64 65 66 67 68 69 70 71 72 73 74 75 76 77 78 79 80 81 82 83 84 85 86 87 88 89 90 91 92 93 94 95 96 97 98 99 0 1 2 3 4 5 6 7 8 9 10 11 12 13 14 15 16 17 18 19 20 21 22 23 24 25 26 27 28 29 30 31 32 33 34 35 36 37 38 39 40 41 42 43 44 45 46 47 48 49 50 51 52 53 54 55 56 57 58 59 60 61 62 63 64 65 66 67 68 69 70 71 72 73 74 75 76 77 78 79 80 81 82 83 84 85 86 87 88 89 90 91 92 93 94 95 96 97 98 99 0 1 2 3 4 5 6 7 8 9 10 11 12 13 14 15 16 17 18 19 20 21 22 23 24 25 26 27 28 29 30 31 32 33 34 35 36 37 38 39 40 41 42 43 44 45 46 47 48 49 50 51 52 53 54 55 56 57 58 59 60 61 62 63 64 65 66 67 68 69 70 71 72 73 74 75 76 77 78 79 80 81 82 83 84 85 86 87 88 89 90 91 92 93 94 95 96 97 98 99 0 1 2 3 4 5 6 7 8 9 10 11 12 13 14 15 16 17 18 19 20 21 22 23 24 25 26 27 28 29 30 31 32 33 34 35 36 37 38 39 40 41 42 43 44 45 46 47 48 49 50 51 52 53 54 55 56 57 58 59 60 61 62 63 64 65 66 67 68 69 70 71 72 73 74 75 76 77 78 79 80 81 82 83 84 85 86 87 88 89 90 91 92 93 94 95 96 97 98 99 0 1 2 3 4 5 6 7 8 9 10 11 12 13 14 15 16 17 18 19 20 21 22 23 24 25 26 27 28 29 30 31 32 33 34 35 36 37 38 39 40 41 42 43 44 45 46 47 48 49 50 51 52 53 54 55 56 57 58 59 60 61 62 63 64 65 66 67 68 69 70 71 72 73 74 75 76 77 78 79 80 81 82 83 84 85 86 87 88 89 90 91 92 93 94 95 96 97 98 99 0 1 2 3 4 5 6 7 8 9 10 11 12 13 14 15 16 17 18 19 20 21 22 23 24 25 26 27 28 29 30 31 32 33 34 35 36 37 38 39 40 41 42 43 44 45 46 47 48 49 50 51 52 53 54 55 56 57 58 59 60 61 62 63 64 65 66 67 68 69 70 71 72 73 74 75 76 77 78 79 80 81 82 83 84 85 86 87 88 89 90 91 92 93 94 95 96 97 98 99 0 1 2 3 4 5 6 7 8 9 10 11 12 13 14 15 16 17 18 19 20 21 22 23 24 25 26 27 28 29 30 31 32 33 34 35 36 37 38 39 40 41 42 43 44 45 46 47 48 49 50 51 52 53 54 55 56 57 58 59 60 61 62 63 64 65 66 67 68 69 70 71 72 73 74 75 76 77 78 79 80 81 82 83 84 85 86 87 88 89 90 91 92 93 94 95 96 97 98 99 0 1 2 3 4 5 6 7 8 9 10 11 12 13 14 15 16 17 18 19 20 21 22 23 24 25 26 27 28 29 30 31 32 33 34 35 36 37 38 39 40 41 42 43 44 45 46 47 48 49 50 51 52 53 54 55 56 57 58 59 60 61 62 63 64 65 66 67 68 69 70 71 72 73 74 75 76 77 78 79 80 81 82 83 84 85 86 87 88 89 90 91 92 93 94 95 96 97 98 99 0 1 2 3 4 5 6 7 8 9 10 11 12 13 14 15 16 17 18 19 20 21 22 23 24 25 26 27 28 29 30 31 32 33 34 35 36 37 38 39 40 41 42 43 44 45 46 47 48 49 50 51 52 53 54 55 56 57 58 59 60 61 62 63 64 65 66 67 68 69 70 71 72 73 74 75 76 77 78 79 80 81 82 83 84 85 86 87 88 89 90 91 92 93 94 95 96 97 98 99 0 1 2 3 4 5 6 7 8 9 10 11 12 13 14 15 16 17 18 19 20 21 22 23 24 25 26 27 28 29 30 31 32 33 34 35 36 37 38 39 40 41 42 43 44 45 46 47 48 49 50 51 52 53 54 55 56 57 58 59 60 61 62 63 64 65 66 67 68 69 70 71 72 73 74 75 76 77 78 79 80 81 82 83 84 85 86 87 88 89 90 91 92 93 94 95 96 97 98 99 0 1 2 3 4 5 6 7 8 9 10 11 12 13 14 15 16 17 18 19 20 21 22 23 24 25 26 27 28 29 30 31 32 33 34 35 36 37 38 39 40 41 42 43 44 45 46 47 48 49 50 51 52 53 54 55 56 57 58 59 60 61 62 63 64 65 66 67 68 69 70 71 72 73 74 75 76 77 78 79 80 81 82 83 84 85 86 87 88 89 90 91 92 93 94 95 96 97 98 99 0 1 2 3 4 5 6 7 8 9 10 11 12 13 14 15 16 17 18 19 20 21 22 23 24 25 26 27 28 29 30 31 32 33 34 35 36 37 38 39 40 41 42 43 44 45 46 47 48 49 50 51 52 53 54 55 56 57 58 59 60 61 62 63 64 65 66 67 68 69 70 71 72 73 74 75 76 77 78 79 80 81 82 83 84 85 86 87 88 89 90 91 92 93 94 95 96 97 98 99 0 1 2 3 4 5 6 7 8 9 10 11 12 13 14 15 16 17 18 19 20 21 22 23 24 25 26 27 28 29 30 31 32 33 34 35 36 37 38 39 40 41 42 43 44 45 46 47 48 49 50 51 52 53 54 55 56 57 58 59 60 61 62 63 64 65 66 67 68 69 70 71 72 73 74 75 76 77 78 79 80 81 82 83 84 85 86 87 88 89 90 91 92 93 94 95 96 97 98 99 0 1 2 3 4 5 6 7 8 9 10 11 12 13 14 15 16 17 18 19 20 21 22 23 24 25 26 27 28 29 30 31 32 33 34 35 36 37 38 39 40 41 42 43 44 45 46 47 48 49 50 51 52 53 54 55 56 57 58 59 60 61 62 63 64 65 66 67 68 69 70 71 72 73 74 75 76 77 78 79 80 81 82 83 84 85 86 87 88 89 90 91 92 93 94 95 96 97 98 99 0 1 2 3 4 5 6 7 8 9 10 11 12 13 14 15 16 17 18 19 20 21 22 23 24 25 26 27 28 29 30 31 32 33 34 35 36 37 38 39 40 41 42 43 44 45 46 47 48 49 50 51 52 53 54 55 56 57 58 59 60 61 62 63 64 65 66 67 68 69 70 71 72 73 74 75 76 77 78 79 80 81 82 83 84 85 86 87 88 89 90 91 92 93 94 95 96 97 98 99 0 1 2 3 4 5 6 7 8 9 10 11 12 13 14 15 16 17 18 19 20 21 22 23 24 25 26 27 28 29 30 31 32 33 34 35 36 37 38 39 40 41 42 43 44 45 46 47 48 49 50 51 52 53 54 55 56 57 58 59 60 61 62 63 64 65 66 67 68 69 70 71 72 73 74 75 76 77 78 79 80 81 82 83 84 85 86 87 88 89 90 91 92 93 94 95 96 97 98 99 0 1 2 3 4 5 6 7 8 9 10 11 12 13 14 15 16 17 18 19 20 21 22 23 24 25 26 27 28 29 30 31 32 33 34 35 36 37 38 39 40 41 42 43 44 45 46 47 48 49 50 51 52 53 54 55 56 57 58 59 60 61 62 63 64 65 66 67 68 69 70 71 72 73 74 75 76 77 78 79 80 81 82 83 84 85 86 87 88 89 90 91 92 93 94 95 96 97 98 99 0 1 2 3 4 5 6 7 8 9 10 11 12 13 14 15 16 17 18 19 20 21 22 23 24 25 26 27 28 29 30 31 32 33 34 35 36 37 38 39 40 41 42 43 44 45 46 47 48 49 50 51 52 53 54 55 56 57 58 59 60 61 62 63 64 65 66 67 68 69 70 71 72 73 74 75 76 77 78 79 80 81 82 83 84 85 86 87 88 89 90 91 92 93 94 95 96 97 98 99 0 1 2 3 4 5 6 7 8 9 10 11 12 13 14 15 16 17 18 19 20 21 22 23 24 25 26 27 28 29 30 31 32 33 34 35 36 37 38 39 40 41 42 43 44 45 46 47 48 49 50 51 52 53 54 55 56 57 58 59 60 61 62 63 64 65 66 67 68 69 70 71 72 73 74 75 76 77 78 79 80 81 82 83 84 85 86 87 88 89 90 91 92 93 94 95 96 97 98 99 0 1 2 3 4 5 6 7 8 9 10 11 12 13 14 15 16 17 18 19 20 21 22 23 24 25 26 27 28 29 30 31 32 33 34 35 36 37 38 39 40 41 42 43 44 45 46 47 48 49 50 51 52 53 54 55 56 57 58 59 60 61 62 63 64 65 66 67 68 69 70 71 72 73 74 75 76 77 78 79 80 81 82 83 84 85 86 87 88 89 90 91 92 93 94 95 96 97 98 99 0 1 2 3 4 5 6 7 8 9 10 11 12 13 14 15 16 17 18 19 20 21 22 23 24 25 26 27 28 29 30 31 32 33 34 35 36 37 38 39 40 41 42 43 44 45 46 47 48 49 50 51 52 53 54 55 56 57 58 59 60 61 62 63 64 65 66 67 68 69 70 71 72 73 74 75 76 77 78 79 80 81 82 83 84 85 86 87 88 89 90 91 92 93 94 95 96 97 98 99 0 1 2 3 4 5 6 7 8 9 10 11 12 13 14 15 16 17 18 19 20 21 22 23 24 25 26 27 28 29 30 31 32 33 34 35 36 37 38 39 40 41 42 43 44 45 46 47 48 49 50 51 52 53 54 55 56 57 58 59 60 61 62 63 64 65 66 67 68 69 70 71 72 73 74 75 76 77 78 79 80 81 82 83 84 85 86 87 88 89 90 91 92 93 94 95 96 97 98 99 0 1 2 3 4 5 6 7 8 9 10 11 12 13 14 15 16 17 18 19 20 21 22 23 24 25 26 27 28 29 30 31 32 33 34 35 36 37 38 39 40 41 42 43 44 45 46 47 48 49 50 51 52 53 54 55 56 57 58 59 60 61 62 63 64 65 66 67 68 69 70 71 72 73 74 75 76 77 78 79 80 81 82 83 84 85 86 87 88 89 90 91 92 93 94 95 96 97 98 99 0 1 2 3 4 5 6 7 8 9 10 11 12 13 14 15 16 17 18 19 20 21 22 23 24 25 26 27 28 29 30 31 32 33 34 35 36 37 38 39 40 41 42 43 44 45 46 47 48 49 50 51 52 53 54 55 56 57 58 59 60 61 62 63 64 65 66 67 68 69 70 71 72 73 74 75 76 77 78 79 80 81 82 83 84 85 86 87 88 89 90 91 92 93 94 95 96 97 98 99 0 1 2 3 4 5 6 7 8 9 10 11 12 13 14 15 16 17 18 19 20 21 22 23 24 25 26 27 28 29 30 31 32 33 34 35 36 37 38 39 40 41 42 43 44 45 46 47 48 49 50 51 52 53 54 55 56 57 58 59 60 61 62 63 64 65 66 67 68 69 70 71 72 73 74 75 76 77 78 79 80 81 82 83 84 85 86 87 88 89 90 91 92 93 94 95 96 97 98 99 0 1 2 3 4 5 6 7 8 9 10 11 12 13 14 15 16 17 18 19 20 21 22 23 24 25 26 27 28 29 30 31 32 33 34 35 36 37 38 39 40 41 42 43 44 45 46 47 48 49 50 51 52 53 54 55 56 57 58 59 60 61 62 63 64 65 66 67 68 69 70 71 72 73 74 75 76 77 78 79 80 81 82 83 84 85 86 87 88 89 90 91 92 93 94 95 96 97 98 99 0 1 2 3 4 5 6 7 8 9 10 11 12 13 14 15 16 17 18 19 20 21 22 23 24 25 26 27 28 29 30 31 32 33 34 35 36 37 38 39 40 41 42 43 44 45 46 47 48 49 50 51 52 53 54 55 56 57 58 59 60 61 62 63 64 65 66 67 68 69 70 71 72 73 74 75 76 77 78 79 80 81 82 83 84 85 86 87 88 89 90 91 92 93 94 95 96 97 98 99 0 1 2 3 4 5 6 7 8 9 10 11 12 13 14 15 16 17 18 19 20 21 22 23 24 25 26 27 28 29 30 31 32 33 34 35 36 37 38 39 40 41 42 43 44 45 46 47 48 49 50 51 52 53 54 55 56 57 58 59 60 61 62 63 64 65 66 67 68 69 70 71 72 73 74 75 76 77 78 79 80 81 82 83 84 85 86 87 88 89 90 91 92 93 94 95 96 97 98 99 0 1 2 3 4 5 6 7 8 9 10 11 12 13 14 15 16 17 18 19 20 21 22 23 24 25 26 27 28 29 30 31 32 33 34 35 36 37 38 39 40 41 42 43 44 45 46 47 48 49 50 51 52 53 54 55 56 57 58 59 60 61 62 63 64 65 66 67 68 69 70 71 72 73 74 75 76 77 78 79 80 81 82 83 84 85 86 87 88 89 90 91 92 93 94 95 96 97 98 99 0 1 2 3 4 5 6 7 8 9 10 11 12 13 14 15 16 17 18 19 20 21 22 23 24 25 26 27 28 29 30 31 32 33 34 35 36 37 38 39 40 41 42 43 44 45 46 47 48 49 50 51 52 53 54 55 56 57 58 59 60 61 62 63 64 65 66 67 68 69 70 71 72 73 74 75 76 77 78 79 80 81 82 83 84 85 86 87 88 89 90 91 92 93 94 95 96 97 98 99 0 1 2 3 4 5 6 7 8 9 10 11 12 13 14 15 16 17 18 19 20 21 22 23 24 25 26 27 28 29 30 31 32 33 34 35 36 37 38 39 40 41 42 43 44 45 46 47 48 49 50 51 52 53 54 55 56 57 58 59 60 61 62 63 64 65 66 67 68 69 70 71 72 73 74 75 76 77 78 79 80 81 82 83 84 85 86 87 88 89 90 91 92 93 94 95 96 97 98 99 0 1 2 3 4 5 6 7 8 9 10 11 12 13 14 15 16 17 18 19 20 21 22 23 24 25 26 27 28 29 30 31 32 33 34 35 36 37 38 39 40 41 42 43 44 45 46 47 48 49 50 51 52 53 54 55 56 57 58 59 60 61 62 63 64 65 66 67 68 69 70 71 72 73 74 75 76 77 78 79 80 81 82 83 84 85 86 87 88 89 90 91 92 93 94 95 96 97 98 99 0 1 2 3 4 5 6 7 8 9 10 11 12 13 14 15 16 17 18 19 20 21 22 23 24 25 26 27 28 29 30 31 32 33 34 35 36 37 38 39 40 41 42 43 44 45 46 47 48 49 50 51 52 53 54 55 56 57 58 59 60 61 62 63 64 65 66 67 68 69 70 71 72 73 74 75 76 77 78 79 80 81 82 83 84 85 86 87 88 89 90 91 92 93 94 95 96 97 98 99 0 1 2 3 4 5 6 7 8 9 10 11 12 13 14 15 16 17 18 19 20 21 22 23 24 25 26 27 28 29 30 31 32 33 34 35 36 37 38 39 40 41 42 43 44 45 46 47 48 49 50 51 52 53 54 55 56 57 58 59 60 61 62 63 64 65 66 67 68 69 70 71 72 73 74 75 76 77 78 79 80 81 82 83 84 85 86 87 88 89 90 91 92 93 94 95 96 97 98 99 0 1 2 3 4 5 6 7 8 9 10 11 12 13 14 15 16 17 18 19 20 21 22 23 24 25 26 27 28 29 30 31 32 33 34 35 36 37 38 39 40 41 42 43 44 45 46 47 48 49 50 51 52 53 54 55 56 57 58 59 60 61 62 63 64 65 66 67 68 69 70 71 72 73 74 75 76 77 78 79 80 81 82 83 84 85 86 87 88 89 90 91 92 93 94 95 96 97 98 99 0 1 2 3 4 5 6 7 8 9 10 11 12 13 14 15 16 17 18 19 20 21 22 23 24 25 26 27 28 29 30 31 32 33 34 35 36 37 38 39 40 41 42 43 44 45 46 47 48 49 50 51 52 53 54 55 56 57 58 59 60 61 62 63 64 65 66 67 68 69 70 71 72 73 74 75 76 77 78 79 80 81 82 83 84 85 86 87 88 89 90 91 92 93 94 95 96 97 98 99 0 1 2 3 4 5 6 7 8 9 10 11 12 13 14 15 16 17 18 19 20 21 22 23 24 25 26 27 28 29 30 31 32 33 34 35 36 37 38 39 40 41 42 43 44 45 46 47 48 49 50 51 52 53 54 55 56 57 58 59 60 61 62 63 64 65 66 67 68 69 70 71 72 73 74 75 76 77 78 79 80 81 82 83 84 85 86 87 88 89 90 91 92 93 94 95 96 97 98 99 0 1 2 3 4 5 6 7 8 9 10 11 12 13 14 15 16 17 18 19 20 21 22 23 24 25 26 27 28 29 30 31 32 33 34 35 36 37 38 39 40 41 42 43 44 45 46 47 48 49 50 51 52 53 54 55 56 57 58 59 60 61 62 63 64 65 66 67 68 69 70 71 72 73 74 75 76 77 78 79 80 81 82 83 84 85 86 87 88 89 90 91 92 93 94 95 96 97 98 99 0 1 2 3 4 5 6 7 8 9 10 11 12 13 14 15 16 17 18 19 20 21 22 23 24 25 26 27 28 29 30 31 32 33 34 35 36 37 38 39 40 41 42 43 44 45 46 47 48 49 50 51 52 53 54 55 56 57 58 59 60 61 62 63 64 65 66 67 68 69 70 71 72 73 74 75 76 77 78 79 80 81 82 83 84 85 86 87 88 89 90 91 92 93 94 95 96 97 98 99 0 1 2 3 4 5 6 7 8 9 10 11 12 13 14 15 16 17 18 19 20 21 22 23 24 25 26 27 28 29 30 31 32 33 34 35 36 37 38 39 40 41 42 43 44 45 46 47 48 49 50 51 52 53 54 55 56 57 58 59 60 61 62 63 64 65 66 67 68 69 70 71 72 73 74 75 76 77 78 79 80 81 82 83 84 85 86 87 88 89 90 91 92 93 94 95 96 97 98 99 0 1 2 3 4 5 6 7 8 9 10 11 12 13 14 15 16 17 18 19 20 21 22 23 24 25 26 27 28 29 30 31 32 33 34 35 36 37 38 39 40 41 42 43 44 45 46 47 48 49 50 51 52 53 54 55 56 57 58 59 60 61 62 63 64 65 66 67 68 69 70 71 72 73 74 75 76 77 78 79 80 81 82 83 84 85 86 87 88 89 90 91 92 93 94 95 96 97 98 99 0 1 2 3 4 5 6 7 8 9 10 11 12 13 14 15 16 17 18 19 20 21 22 23 24 25 26 27 28 29 30 31 32 33 34 35 36 37 38 39 40 41 42 43 44 45 46 47 48 49 50 51 52 53 54 55 56 57 58 59 60 61 62 63 64 65 66 67 68 69 70 71 72 73 74 75 76 77 78 79 80 81 82 83 84 85 86 87 88 89 90 91 92 93 94 95 96 97 98 99 0 1 2 3 4 5 6 7 8 9 10 11 12 13 14 15 16 17 18 19 20 21 22 23 24 25 26 27 28 29 30 31 32 33 34 35 36 37 38 39 40 41 42 43 44 45 46 47 48 49 50 51 52 53 54 55 56 57 58 59 60 61 62 63 64 65 66 67 68 69 70 71 72 73 74 75 76 77 78 79 80 81 82 83 84 85 86 87 88 89 90 91 92 93 94 95 96 97 98 99 0 1 2 3 4 5 6 7 8 9 10 11 12 13 14 15 16 17 18 19 20 21 22 23 24 25 26 27 28 29 30 31 32 33 34 35 36 37 38 39 40 41 42 43 44 45 46 47 48 49 50 51 52 53 54 55 56 57 58 59 60 61 62 63 64 65 66 67 68 69 70 71 72 73 74 75 76 77 78 79 80 81 82 83 84 85 86 87 88 89 90 91 92 93 94 95 96 97 98 99 0 1 2 3 4 5 6 7 8 9 10 11 12 13 14 15 16 17 18 19 20 21 22 23 24 25 26 27 28 29 30 31 32 33 34 35 36 37 38 39 40 41 42 43 44 45 46 47 48 49 50 51 52 53 54 55 56 57 58 59 60 61 62 63 64 65 66 67 68 69 70 71 72 73 74 75 76 77 78 79 80 81 82 83 84 85 86 87 88 89 90 91 92 93 94 95 96 97 98 99 0 1 2 3 4 5 6 7 8 9 10 11 12 13 14 15 16 17 18 19 20 21 22 23 24 25 26 27 28 29 30 31 32 33 34 35 36 37 38 39 40 41 42 43 44 45 46 47 48 49 50 51 52 53 54 55 56 57 58 59 60 61 62 63 64 65 66 67 68 69 70 71 72 73 74 75 76 77 78 79 80 81 82 83 84 85 86 87 88 89 90 91 92 93 94 95 96 97 98 99 
</Matrix>
   <Matrix name="yloc" type="complete" rows="1" columns="10000" multiplier="1.0">
   0 0 0 0 0 0 0 0 0 0 0 0 0 0 0 0 0 0 0 0 0 0 0 0 0 0 0 0 0 0 0 0 0 0 0 0 0 0 0 0 0 0 0 0 0 0 0 0 0 0 0 0 0 0 0 0 0 0 0 0 0 0 0 0 0 0 0 0 0 0 0 0 0 0 0 0 0 0 0 0 0 0 0 0 0 0 0 0 0 0 0 0 0 0 0 0 0 0 0 0 1 1 1 1 1 1 1 1 1 1 1 1 1 1 1 1 1 1 1 1 1 1 1 1 1 1 1 1 1 1 1 1 1 1 1 1 1 1 1 1 1 1 1 1 1 1 1 1 1 1 1 1 1 1 1 1 1 1 1 1 1 1 1 1 1 1 1 1 1 1 1 1 1 1 1 1 1 1 1 1 1 1 1 1 1 1 1 1 1 1 1 1 1 1 1 1 1 1 1 1 2 2 2 2 2 2 2 2 2 2 2 2 2 2 2 2 2 2 2 2 2 2 2 2 2 2 2 2 2 2 2 2 2 2 2 2 2 2 2 2 2 2 2 2 2 2 2 2 2 2 2 2 2 2 2 2 2 2 2 2 2 2 2 2 2 2 2 2 2 2 2 2 2 2 2 2 2 2 2 2 2 2 2 2 2 2 2 2 2 2 2 2 2 2 2 2 2 2 2 2 3 3 3 3 3 3 3 3 3 3 3 3 3 3 3 3 3 3 3 3 3 3 3 3 3 3 3 3 3 3 3 3 3 3 3 3 3 3 3 3 3 3 3 3 3 3 3 3 3 3 3 3 3 3 3 3 3 3 3 3 3 3 3 3 3 3 3 3 3 3 3 3 3 3 3 3 3 3 3 3 3 3 3 3 3 3 3 3 3 3 3 3 3 3 3 3 3 3 3 3 4 4 4 4 4 4 4 4 4 4 4 4 4 4 4 4 4 4 4 4 4 4 4 4 4 4 4 4 4 4 4 4 4 4 4 4 4 4 4 4 4 4 4 4 4 4 4 4 4 4 4 4 4 4 4 4 4 4 4 4 4 4 4 4 4 4 4 4 4 4 4 4 4 4 4 4 4 4 4 4 4 4 4 4 4 4 4 4 4 4 4 4 4 4 4 4 4 4 4 4 5 5 5 5 5 5 5 5 5 5 5 5 5 5 5 5 5 5 5 5 5 5 5 5 5 5 5 5 5 5 5 5 5 5 5 5 5 5 5 5 5 5 5 5 5 5 5 5 5 5 5 5 5 5 5 5 5 5 5 5 5 5 5 5 5 5 5 5 5 5 5 5 5 5 5 5 5 5 5 5 5 5 5 5 5 5 5 5 5 5 5 5 5 5 5 5 5 5 5 5 6 6 6 6 6 6 6 6 6 6 6 6 6 6 6 6 6 6 6 6 6 6 6 6 6 6 6 6 6 6 6 6 6 6 6 6 6 6 6 6 6 6 6 6 6 6 6 6 6 6 6 6 6 6 6 6 6 6 6 6 6 6 6 6 6 6 6 6 6 6 6 6 6 6 6 6 6 6 6 6 6 6 6 6 6 6 6 6 6 6 6 6 6 6 6 6 6 6 6 6 7 7 7 7 7 7 7 7 7 7 7 7 7 7 7 7 7 7 7 7 7 7 7 7 7 7 7 7 7 7 7 7 7 7 7 7 7 7 7 7 7 7 7 7 7 7 7 7 7 7 7 7 7 7 7 7 7 7 7 7 7 7 7 7 7 7 7 7 7 7 7 7 7 7 7 7 7 7 7 7 7 7 7 7 7 7 7 7 7 7 7 7 7 7 7 7 7 7 7 7 8 8 8 8 8 8 8 8 8 8 8 8 8 8 8 8 8 8 8 8 8 8 8 8 8 8 8 8 8 8 8 8 8 8 8 8 8 8 8 8 8 8 8 8 8 8 8 8 8 8 8 8 8 8 8 8 8 8 8 8 8 8 8 8 8 8 8 8 8 8 8 8 8 8 8 8 8 8 8 8 8 8 8 8 8 8 8 8 8 8 8 8 8 8 8 8 8 8 8 8 9 9 9 9 9 9 9 9 9 9 9 9 9 9 9 9 9 9 9 9 9 9 9 9 9 9 9 9 9 9 9 9 9 9 9 9 9 9 9 9 9 9 9 9 9 9 9 9 9 9 9 9 9 9 9 9 9 9 9 9 9 9 9 9 9 9 9 9 9 9 9 9 9 9 9 9 9 9 9 9 9 9 9 9 9 9 9 9 9 9 9 9 9 9 9 9 9 9 9 9 10 10 10 10 10 10 10 10 10 10 10 10 10 10 10 10 10 10 10 10 10 10 10 10 10 10 10 10 10 10 10 10 10 10 10 10 10 10 10 10 10 10 10 10 10 10 10 10 10 10 10 10 10 10 10 10 10 10 10 10 10 10 10 10 10 10 10 10 10 10 10 10 10 10 10 10 10 10 10 10 10 10 10 10 10 10 10 10 10 10 10 10 10 10 10 10 10 10 10 10 11 11 11 11 11 11 11 11 11 11 11 11 11 11 11 11 11 11 11 11 11 11 11 11 11 11 11 11 11 11 11 11 11 11 11 11 11 11 11 11 11 11 11 11 11 11 11 11 11 11 11 11 11 11 11 11 11 11 11 11 11 11 11 11 11 11 11 11 11 11 11 11 11 11 11 11 11 11 11 11 11 11 11 11 11 11 11 11 11 11 11 11 11 11 11 11 11 11 11 11 12 12 12 12 12 12 12 12 12 12 12 12 12 12 12 12 12 12 12 12 12 12 12 12 12 12 12 12 12 12 12 12 12 12 12 12 12 12 12 12 12 12 12 12 12 12 12 12 12 12 12 12 12 12 12 12 12 12 12 12 12 12 12 12 12 12 12 12 12 12 12 12 12 12 12 12 12 12 12 12 12 12 12 12 12 12 12 12 12 12 12 12 12 12 12 12 12 12 12 12 13 13 13 13 13 13 13 13 13 13 13 13 13 13 13 13 13 13 13 13 13 13 13 13 13 13 13 13 13 13 13 13 13 13 13 13 13 13 13 13 13 13 13 13 13 13 13 13 13 13 13 13 13 13 13 13 13 13 13 13 13 13 13 13 13 13 13 13 13 13 13 13 13 13 13 13 13 13 13 13 13 13 13 13 13 13 13 13 13 13 13 13 13 13 13 13 13 13 13 13 14 14 14 14 14 14 14 14 14 14 14 14 14 14 14 14 14 14 14 14 14 14 14 14 14 14 14 14 14 14 14 14 14 14 14 14 14 14 14 14 14 14 14 14 14 14 14 14 14 14 14 14 14 14 14 14 14 14 14 14 14 14 14 14 14 14 14 14 14 14 14 14 14 14 14 14 14 14 14 14 14 14 14 14 14 14 14 14 14 14 14 14 14 14 14 14 14 14 14 14 15 15 15 15 15 15 15 15 15 15 15 15 15 15 15 15 15 15 15 15 15 15 15 15 15 15 15 15 15 15 15 15 15 15 15 15 15 15 15 15 15 15 15 15 15 15 15 15 15 15 15 15 15 15 15 15 15 15 15 15 15 15 15 15 15 15 15 15 15 15 15 15 15 15 15 15 15 15 15 15 15 15 15 15 15 15 15 15 15 15 15 15 15 15 15 15 15 15 15 15 16 16 16 16 16 16 16 16 16 16 16 16 16 16 16 16 16 16 16 16 16 16 16 16 16 16 16 16 16 16 16 16 16 16 16 16 16 16 16 16 16 16 16 16 16 16 16 16 16 16 16 16 16 16 16 16 16 16 16 16 16 16 16 16 16 16 16 16 16 16 16 16 16 16 16 16 16 16 16 16 16 16 16 16 16 16 16 16 16 16 16 16 16 16 16 16 16 16 16 16 17 17 17 17 17 17 17 17 17 17 17 17 17 17 17 17 17 17 17 17 17 17 17 17 17 17 17 17 17 17 17 17 17 17 17 17 17 17 17 17 17 17 17 17 17 17 17 17 17 17 17 17 17 17 17 17 17 17 17 17 17 17 17 17 17 17 17 17 17 17 17 17 17 17 17 17 17 17 17 17 17 17 17 17 17 17 17 17 17 17 17 17 17 17 17 17 17 17 17 17 18 18 18 18 18 18 18 18 18 18 18 18 18 18 18 18 18 18 18 18 18 18 18 18 18 18 18 18 18 18 18 18 18 18 18 18 18 18 18 18 18 18 18 18 18 18 18 18 18 18 18 18 18 18 18 18 18 18 18 18 18 18 18 18 18 18 18 18 18 18 18 18 18 18 18 18 18 18 18 18 18 18 18 18 18 18 18 18 18 18 18 18 18 18 18 18 18 18 18 18 19 19 19 19 19 19 19 19 19 19 19 19 19 19 19 19 19 19 19 19 19 19 19 19 19 19 19 19 19 19 19 19 19 19 19 19 19 19 19 19 19 19 19 19 19 19 19 19 19 19 19 19 19 19 19 19 19 19 19 19 19 19 19 19 19 19 19 19 19 19 19 19 19 19 19 19 19 19 19 19 19 19 19 19 19 19 19 19 19 19 19 19 19 19 19 19 19 19 19 19 20 20 20 20 20 20 20 20 20 20 20 20 20 20 20 20 20 20 20 20 20 20 20 20 20 20 20 20 20 20 20 20 20 20 20 20 20 20 20 20 20 20 20 20 20 20 20 20 20 20 20 20 20 20 20 20 20 20 20 20 20 20 20 20 20 20 20 20 20 20 20 20 20 20 20 20 20 20 20 20 20 20 20 20 20 20 20 20 20 20 20 20 20 20 20 20 20 20 20 20 21 21 21 21 21 21 21 21 21 21 21 21 21 21 21 21 21 21 21 21 21 21 21 21 21 21 21 21 21 21 21 21 21 21 21 21 21 21 21 21 21 21 21 21 21 21 21 21 21 21 21 21 21 21 21 21 21 21 21 21 21 21 21 21 21 21 21 21 21 21 21 21 21 21 21 21 21 21 21 21 21 21 21 21 21 21 21 21 21 21 21 21 21 21 21 21 21 21 21 21 22 22 22 22 22 22 22 22 22 22 22 22 22 22 22 22 22 22 22 22 22 22 22 22 22 22 22 22 22 22 22 22 22 22 22 22 22 22 22 22 22 22 22 22 22 22 22 22 22 22 22 22 22 22 22 22 22 22 22 22 22 22 22 22 22 22 22 22 22 22 22 22 22 22 22 22 22 22 22 22 22 22 22 22 22 22 22 22 22 22 22 22 22 22 22 22 22 22 22 22 23 23 23 23 23 23 23 23 23 23 23 23 23 23 23 23 23 23 23 23 23 23 23 23 23 23 23 23 23 23 23 23 23 23 23 23 23 23 23 23 23 23 23 23 23 23 23 23 23 23 23 23 23 23 23 23 23 23 23 23 23 23 23 23 23 23 23 23 23 23 23 23 23 23 23 23 23 23 23 23 23 23 23 23 23 23 23 23 23 23 23 23 23 23 23 23 23 23 23 23 24 24 24 24 24 24 24 24 24 24 24 24 24 24 24 24 24 24 24 24 24 24 24 24 24 24 24 24 24 24 24 24 24 24 24 24 24 24 24 24 24 24 24 24 24 24 24 24 24 24 24 24 24 24 24 24 24 24 24 24 24 24 24 24 24 24 24 24 24 24 24 24 24 24 24 24 24 24 24 24 24 24 24 24 24 24 24 24 24 24 24 24 24 24 24 24 24 24 24 24 25 25 25 25 25 25 25 25 25 25 25 25 25 25 25 25 25 25 25 25 25 25 25 25 25 25 25 25 25 25 25 25 25 25 25 25 25 25 25 25 25 25 25 25 25 25 25 25 25 25 25 25 25 25 25 25 25 25 25 25 25 25 25 25 25 25 25 25 25 25 25 25 25 25 25 25 25 25 25 25 25 25 25 25 25 25 25 25 25 25 25 25 25 25 25 25 25 25 25 25 26 26 26 26 26 26 26 26 26 26 26 26 26 26 26 26 26 26 26 26 26 26 26 26 26 26 26 26 26 26 26 26 26 26 26 26 26 26 26 26 26 26 26 26 26 26 26 26 26 26 26 26 26 26 26 26 26 26 26 26 26 26 26 26 26 26 26 26 26 26 26 26 26 26 26 26 26 26 26 26 26 26 26 26 26 26 26 26 26 26 26 26 26 26 26 26 26 26 26 26 27 27 27 27 27 27 27 27 27 27 27 27 27 27 27 27 27 27 27 27 27 27 27 27 27 27 27 27 27 27 27 27 27 27 27 27 27 27 27 27 27 27 27 27 27 27 27 27 27 27 27 27 27 27 27 27 27 27 27 27 27 27 27 27 27 27 27 27 27 27 27 27 27 27 27 27 27 27 27 27 27 27 27 27 27 27 27 27 27 27 27 27 27 27 27 27 27 27 27 27 28 28 28 28 28 28 28 28 28 28 28 28 28 28 28 28 28 28 28 28 28 28 28 28 28 28 28 28 28 28 28 28 28 28 28 28 28 28 28 28 28 28 28 28 28 28 28 28 28 28 28 28 28 28 28 28 28 28 28 28 28 28 28 28 28 28 28 28 28 28 28 28 28 28 28 28 28 28 28 28 28 28 28 28 28 28 28 28 28 28 28 28 28 28 28 28 28 28 28 28 29 29 29 29 29 29 29 29 29 29 29 29 29 29 29 29 29 29 29 29 29 29 29 29 29 29 29 29 29 29 29 29 29 29 29 29 29 29 29 29 29 29 29 29 29 29 29 29 29 29 29 29 29 29 29 29 29 29 29 29 29 29 29 29 29 29 29 29 29 29 29 29 29 29 29 29 29 29 29 29 29 29 29 29 29 29 29 29 29 29 29 29 29 29 29 29 29 29 29 29 30 30 30 30 30 30 30 30 30 30 30 30 30 30 30 30 30 30 30 30 30 30 30 30 30 30 30 30 30 30 30 30 30 30 30 30 30 30 30 30 30 30 30 30 30 30 30 30 30 30 30 30 30 30 30 30 30 30 30 30 30 30 30 30 30 30 30 30 30 30 30 30 30 30 30 30 30 30 30 30 30 30 30 30 30 30 30 30 30 30 30 30 30 30 30 30 30 30 30 30 31 31 31 31 31 31 31 31 31 31 31 31 31 31 31 31 31 31 31 31 31 31 31 31 31 31 31 31 31 31 31 31 31 31 31 31 31 31 31 31 31 31 31 31 31 31 31 31 31 31 31 31 31 31 31 31 31 31 31 31 31 31 31 31 31 31 31 31 31 31 31 31 31 31 31 31 31 31 31 31 31 31 31 31 31 31 31 31 31 31 31 31 31 31 31 31 31 31 31 31 32 32 32 32 32 32 32 32 32 32 32 32 32 32 32 32 32 32 32 32 32 32 32 32 32 32 32 32 32 32 32 32 32 32 32 32 32 32 32 32 32 32 32 32 32 32 32 32 32 32 32 32 32 32 32 32 32 32 32 32 32 32 32 32 32 32 32 32 32 32 32 32 32 32 32 32 32 32 32 32 32 32 32 32 32 32 32 32 32 32 32 32 32 32 32 32 32 32 32 32 33 33 33 33 33 33 33 33 33 33 33 33 33 33 33 33 33 33 33 33 33 33 33 33 33 33 33 33 33 33 33 33 33 33 33 33 33 33 33 33 33 33 33 33 33 33 33 33 33 33 33 33 33 33 33 33 33 33 33 33 33 33 33 33 33 33 33 33 33 33 33 33 33 33 33 33 33 33 33 33 33 33 33 33 33 33 33 33 33 33 33 33 33 33 33 33 33 33 33 33 34 34 34 34 34 34 34 34 34 34 34 34 34 34 34 34 34 34 34 34 34 34 34 34 34 34 34 34 34 34 34 34 34 34 34 34 34 34 34 34 34 34 34 34 34 34 34 34 34 34 34 34 34 34 34 34 34 34 34 34 34 34 34 34 34 34 34 34 34 34 34 34 34 34 34 34 34 34 34 34 34 34 34 34 34 34 34 34 34 34 34 34 34 34 34 34 34 34 34 34 35 35 35 35 35 35 35 35 35 35 35 35 35 35 35 35 35 35 35 35 35 35 35 35 35 35 35 35 35 35 35 35 35 35 35 35 35 35 35 35 35 35 35 35 35 35 35 35 35 35 35 35 35 35 35 35 35 35 35 35 35 35 35 35 35 35 35 35 35 35 35 35 35 35 35 35 35 35 35 35 35 35 35 35 35 35 35 35 35 35 35 35 35 35 35 35 35 35 35 35 36 36 36 36 36 36 36 36 36 36 36 36 36 36 36 36 36 36 36 36 36 36 36 36 36 36 36 36 36 36 36 36 36 36 36 36 36 36 36 36 36 36 36 36 36 36 36 36 36 36 36 36 36 36 36 36 36 36 36 36 36 36 36 36 36 36 36 36 36 36 36 36 36 36 36 36 36 36 36 36 36 36 36 36 36 36 36 36 36 36 36 36 36 36 36 36 36 36 36 36 37 37 37 37 37 37 37 37 37 37 37 37 37 37 37 37 37 37 37 37 37 37 37 37 37 37 37 37 37 37 37 37 37 37 37 37 37 37 37 37 37 37 37 37 37 37 37 37 37 37 37 37 37 37 37 37 37 37 37 37 37 37 37 37 37 37 37 37 37 37 37 37 37 37 37 37 37 37 37 37 37 37 37 37 37 37 37 37 37 37 37 37 37 37 37 37 37 37 37 37 38 38 38 38 38 38 38 38 38 38 38 38 38 38 38 38 38 38 38 38 38 38 38 38 38 38 38 38 38 38 38 38 38 38 38 38 38 38 38 38 38 38 38 38 38 38 38 38 38 38 38 38 38 38 38 38 38 38 38 38 38 38 38 38 38 38 38 38 38 38 38 38 38 38 38 38 38 38 38 38 38 38 38 38 38 38 38 38 38 38 38 38 38 38 38 38 38 38 38 38 39 39 39 39 39 39 39 39 39 39 39 39 39 39 39 39 39 39 39 39 39 39 39 39 39 39 39 39 39 39 39 39 39 39 39 39 39 39 39 39 39 39 39 39 39 39 39 39 39 39 39 39 39 39 39 39 39 39 39 39 39 39 39 39 39 39 39 39 39 39 39 39 39 39 39 39 39 39 39 39 39 39 39 39 39 39 39 39 39 39 39 39 39 39 39 39 39 39 39 39 40 40 40 40 40 40 40 40 40 40 40 40 40 40 40 40 40 40 40 40 40 40 40 40 40 40 40 40 40 40 40 40 40 40 40 40 40 40 40 40 40 40 40 40 40 40 40 40 40 40 40 40 40 40 40 40 40 40 40 40 40 40 40 40 40 40 40 40 40 40 40 40 40 40 40 40 40 40 40 40 40 40 40 40 40 40 40 40 40 40 40 40 40 40 40 40 40 40 40 40 41 41 41 41 41 41 41 41 41 41 41 41 41 41 41 41 41 41 41 41 41 41 41 41 41 41 41 41 41 41 41 41 41 41 41 41 41 41 41 41 41 41 41 41 41 41 41 41 41 41 41 41 41 41 41 41 41 41 41 41 41 41 41 41 41 41 41 41 41 41 41 41 41 41 41 41 41 41 41 41 41 41 41 41 41 41 41 41 41 41 41 41 41 41 41 41 41 41 41 41 42 42 42 42 42 42 42 42 42 42 42 42 42 42 42 42 42 42 42 42 42 42 42 42 42 42 42 42 42 42 42 42 42 42 42 42 42 42 42 42 42 42 42 42 42 42 42 42 42 42 42 42 42 42 42 42 42 42 42 42 42 42 42 42 42 42 42 42 42 42 42 42 42 42 42 42 42 42 42 42 42 42 42 42 42 42 42 42 42 42 42 42 42 42 42 42 42 42 42 42 43 43 43 43 43 43 43 43 43 43 43 43 43 43 43 43 43 43 43 43 43 43 43 43 43 43 43 43 43 43 43 43 43 43 43 43 43 43 43 43 43 43 43 43 43 43 43 43 43 43 43 43 43 43 43 43 43 43 43 43 43 43 43 43 43 43 43 43 43 43 43 43 43 43 43 43 43 43 43 43 43 43 43 43 43 43 43 43 43 43 43 43 43 43 43 43 43 43 43 43 44 44 44 44 44 44 44 44 44 44 44 44 44 44 44 44 44 44 44 44 44 44 44 44 44 44 44 44 44 44 44 44 44 44 44 44 44 44 44 44 44 44 44 44 44 44 44 44 44 44 44 44 44 44 44 44 44 44 44 44 44 44 44 44 44 44 44 44 44 44 44 44 44 44 44 44 44 44 44 44 44 44 44 44 44 44 44 44 44 44 44 44 44 44 44 44 44 44 44 44 45 45 45 45 45 45 45 45 45 45 45 45 45 45 45 45 45 45 45 45 45 45 45 45 45 45 45 45 45 45 45 45 45 45 45 45 45 45 45 45 45 45 45 45 45 45 45 45 45 45 45 45 45 45 45 45 45 45 45 45 45 45 45 45 45 45 45 45 45 45 45 45 45 45 45 45 45 45 45 45 45 45 45 45 45 45 45 45 45 45 45 45 45 45 45 45 45 45 45 45 46 46 46 46 46 46 46 46 46 46 46 46 46 46 46 46 46 46 46 46 46 46 46 46 46 46 46 46 46 46 46 46 46 46 46 46 46 46 46 46 46 46 46 46 46 46 46 46 46 46 46 46 46 46 46 46 46 46 46 46 46 46 46 46 46 46 46 46 46 46 46 46 46 46 46 46 46 46 46 46 46 46 46 46 46 46 46 46 46 46 46 46 46 46 46 46 46 46 46 46 47 47 47 47 47 47 47 47 47 47 47 47 47 47 47 47 47 47 47 47 47 47 47 47 47 47 47 47 47 47 47 47 47 47 47 47 47 47 47 47 47 47 47 47 47 47 47 47 47 47 47 47 47 47 47 47 47 47 47 47 47 47 47 47 47 47 47 47 47 47 47 47 47 47 47 47 47 47 47 47 47 47 47 47 47 47 47 47 47 47 47 47 47 47 47 47 47 47 47 47 48 48 48 48 48 48 48 48 48 48 48 48 48 48 48 48 48 48 48 48 48 48 48 48 48 48 48 48 48 48 48 48 48 48 48 48 48 48 48 48 48 48 48 48 48 48 48 48 48 48 48 48 48 48 48 48 48 48 48 48 48 48 48 48 48 48 48 48 48 48 48 48 48 48 48 48 48 48 48 48 48 48 48 48 48 48 48 48 48 48 48 48 48 48 48 48 48 48 48 48 49 49 49 49 49 49 49 49 49 49 49 49 49 49 49 49 49 49 49 49 49 49 49 49 49 49 49 49 49 49 49 49 49 49 49 49 49 49 49 49 49 49 49 49 49 49 49 49 49 49 49 49 49 49 49 49 49 49 49 49 49 49 49 49 49 49 49 49 49 49 49 49 49 49 49 49 49 49 49 49 49 49 49 49 49 49 49 49 49 49 49 49 49 49 49 49 49 49 49 49 50 50 50 50 50 50 50 50 50 50 50 50 50 50 50 50 50 50 50 50 50 50 50 50 50 50 50 50 50 50 50 50 50 50 50 50 50 50 50 50 50 50 50 50 50 50 50 50 50 50 50 50 50 50 50 50 50 50 50 50 50 50 50 50 50 50 50 50 50 50 50 50 50 50 50 50 50 50 50 50 50 50 50 50 50 50 50 50 50 50 50 50 50 50 50 50 50 50 50 50 51 51 51 51 51 51 51 51 51 51 51 51 51 51 51 51 51 51 51 51 51 51 51 51 51 51 51 51 51 51 51 51 51 51 51 51 51 51 51 51 51 51 51 51 51 51 51 51 51 51 51 51 51 51 51 51 51 51 51 51 51 51 51 51 51 51 51 51 51 51 51 51 51 51 51 51 51 51 51 51 51 51 51 51 51 51 51 51 51 51 51 51 51 51 51 51 51 51 51 51 52 52 52 52 52 52 52 52 52 52 52 52 52 52 52 52 52 52 52 52 52 52 52 52 52 52 52 52 52 52 52 52 52 52 52 52 52 52 52 52 52 52 52 52 52 52 52 52 52 52 52 52 52 52 52 52 52 52 52 52 52 52 52 52 52 52 52 52 52 52 52 52 52 52 52 52 52 52 52 52 52 52 52 52 52 52 52 52 52 52 52 52 52 52 52 52 52 52 52 52 53 53 53 53 53 53 53 53 53 53 53 53 53 53 53 53 53 53 53 53 53 53 53 53 53 53 53 53 53 53 53 53 53 53 53 53 53 53 53 53 53 53 53 53 53 53 53 53 53 53 53 53 53 53 53 53 53 53 53 53 53 53 53 53 53 53 53 53 53 53 53 53 53 53 53 53 53 53 53 53 53 53 53 53 53 53 53 53 53 53 53 53 53 53 53 53 53 53 53 53 54 54 54 54 54 54 54 54 54 54 54 54 54 54 54 54 54 54 54 54 54 54 54 54 54 54 54 54 54 54 54 54 54 54 54 54 54 54 54 54 54 54 54 54 54 54 54 54 54 54 54 54 54 54 54 54 54 54 54 54 54 54 54 54 54 54 54 54 54 54 54 54 54 54 54 54 54 54 54 54 54 54 54 54 54 54 54 54 54 54 54 54 54 54 54 54 54 54 54 54 55 55 55 55 55 55 55 55 55 55 55 55 55 55 55 55 55 55 55 55 55 55 55 55 55 55 55 55 55 55 55 55 55 55 55 55 55 55 55 55 55 55 55 55 55 55 55 55 55 55 55 55 55 55 55 55 55 55 55 55 55 55 55 55 55 55 55 55 55 55 55 55 55 55 55 55 55 55 55 55 55 55 55 55 55 55 55 55 55 55 55 55 55 55 55 55 55 55 55 55 56 56 56 56 56 56 56 56 56 56 56 56 56 56 56 56 56 56 56 56 56 56 56 56 56 56 56 56 56 56 56 56 56 56 56 56 56 56 56 56 56 56 56 56 56 56 56 56 56 56 56 56 56 56 56 56 56 56 56 56 56 56 56 56 56 56 56 56 56 56 56 56 56 56 56 56 56 56 56 56 56 56 56 56 56 56 56 56 56 56 56 56 56 56 56 56 56 56 56 56 57 57 57 57 57 57 57 57 57 57 57 57 57 57 57 57 57 57 57 57 57 57 57 57 57 57 57 57 57 57 57 57 57 57 57 57 57 57 57 57 57 57 57 57 57 57 57 57 57 57 57 57 57 57 57 57 57 57 57 57 57 57 57 57 57 57 57 57 57 57 57 57 57 57 57 57 57 57 57 57 57 57 57 57 57 57 57 57 57 57 57 57 57 57 57 57 57 57 57 57 58 58 58 58 58 58 58 58 58 58 58 58 58 58 58 58 58 58 58 58 58 58 58 58 58 58 58 58 58 58 58 58 58 58 58 58 58 58 58 58 58 58 58 58 58 58 58 58 58 58 58 58 58 58 58 58 58 58 58 58 58 58 58 58 58 58 58 58 58 58 58 58 58 58 58 58 58 58 58 58 58 58 58 58 58 58 58 58 58 58 58 58 58 58 58 58 58 58 58 58 59 59 59 59 59 59 59 59 59 59 59 59 59 59 59 59 59 59 59 59 59 59 59 59 59 59 59 59 59 59 59 59 59 59 59 59 59 59 59 59 59 59 59 59 59 59 59 59 59 59 59 59 59 59 59 59 59 59 59 59 59 59 59 59 59 59 59 59 59 59 59 59 59 59 59 59 59 59 59 59 59 59 59 59 59 59 59 59 59 59 59 59 59 59 59 59 59 59 59 59 60 60 60 60 60 60 60 60 60 60 60 60 60 60 60 60 60 60 60 60 60 60 60 60 60 60 60 60 60 60 60 60 60 60 60 60 60 60 60 60 60 60 60 60 60 60 60 60 60 60 60 60 60 60 60 60 60 60 60 60 60 60 60 60 60 60 60 60 60 60 60 60 60 60 60 60 60 60 60 60 60 60 60 60 60 60 60 60 60 60 60 60 60 60 60 60 60 60 60 60 61 61 61 61 61 61 61 61 61 61 61 61 61 61 61 61 61 61 61 61 61 61 61 61 61 61 61 61 61 61 61 61 61 61 61 61 61 61 61 61 61 61 61 61 61 61 61 61 61 61 61 61 61 61 61 61 61 61 61 61 61 61 61 61 61 61 61 61 61 61 61 61 61 61 61 61 61 61 61 61 61 61 61 61 61 61 61 61 61 61 61 61 61 61 61 61 61 61 61 61 62 62 62 62 62 62 62 62 62 62 62 62 62 62 62 62 62 62 62 62 62 62 62 62 62 62 62 62 62 62 62 62 62 62 62 62 62 62 62 62 62 62 62 62 62 62 62 62 62 62 62 62 62 62 62 62 62 62 62 62 62 62 62 62 62 62 62 62 62 62 62 62 62 62 62 62 62 62 62 62 62 62 62 62 62 62 62 62 62 62 62 62 62 62 62 62 62 62 62 62 63 63 63 63 63 63 63 63 63 63 63 63 63 63 63 63 63 63 63 63 63 63 63 63 63 63 63 63 63 63 63 63 63 63 63 63 63 63 63 63 63 63 63 63 63 63 63 63 63 63 63 63 63 63 63 63 63 63 63 63 63 63 63 63 63 63 63 63 63 63 63 63 63 63 63 63 63 63 63 63 63 63 63 63 63 63 63 63 63 63 63 63 63 63 63 63 63 63 63 63 64 64 64 64 64 64 64 64 64 64 64 64 64 64 64 64 64 64 64 64 64 64 64 64 64 64 64 64 64 64 64 64 64 64 64 64 64 64 64 64 64 64 64 64 64 64 64 64 64 64 64 64 64 64 64 64 64 64 64 64 64 64 64 64 64 64 64 64 64 64 64 64 64 64 64 64 64 64 64 64 64 64 64 64 64 64 64 64 64 64 64 64 64 64 64 64 64 64 64 64 65 65 65 65 65 65 65 65 65 65 65 65 65 65 65 65 65 65 65 65 65 65 65 65 65 65 65 65 65 65 65 65 65 65 65 65 65 65 65 65 65 65 65 65 65 65 65 65 65 65 65 65 65 65 65 65 65 65 65 65 65 65 65 65 65 65 65 65 65 65 65 65 65 65 65 65 65 65 65 65 65 65 65 65 65 65 65 65 65 65 65 65 65 65 65 65 65 65 65 65 66 66 66 66 66 66 66 66 66 66 66 66 66 66 66 66 66 66 66 66 66 66 66 66 66 66 66 66 66 66 66 66 66 66 66 66 66 66 66 66 66 66 66 66 66 66 66 66 66 66 66 66 66 66 66 66 66 66 66 66 66 66 66 66 66 66 66 66 66 66 66 66 66 66 66 66 66 66 66 66 66 66 66 66 66 66 66 66 66 66 66 66 66 66 66 66 66 66 66 66 67 67 67 67 67 67 67 67 67 67 67 67 67 67 67 67 67 67 67 67 67 67 67 67 67 67 67 67 67 67 67 67 67 67 67 67 67 67 67 67 67 67 67 67 67 67 67 67 67 67 67 67 67 67 67 67 67 67 67 67 67 67 67 67 67 67 67 67 67 67 67 67 67 67 67 67 67 67 67 67 67 67 67 67 67 67 67 67 67 67 67 67 67 67 67 67 67 67 67 67 68 68 68 68 68 68 68 68 68 68 68 68 68 68 68 68 68 68 68 68 68 68 68 68 68 68 68 68 68 68 68 68 68 68 68 68 68 68 68 68 68 68 68 68 68 68 68 68 68 68 68 68 68 68 68 68 68 68 68 68 68 68 68 68 68 68 68 68 68 68 68 68 68 68 68 68 68 68 68 68 68 68 68 68 68 68 68 68 68 68 68 68 68 68 68 68 68 68 68 68 69 69 69 69 69 69 69 69 69 69 69 69 69 69 69 69 69 69 69 69 69 69 69 69 69 69 69 69 69 69 69 69 69 69 69 69 69 69 69 69 69 69 69 69 69 69 69 69 69 69 69 69 69 69 69 69 69 69 69 69 69 69 69 69 69 69 69 69 69 69 69 69 69 69 69 69 69 69 69 69 69 69 69 69 69 69 69 69 69 69 69 69 69 69 69 69 69 69 69 69 70 70 70 70 70 70 70 70 70 70 70 70 70 70 70 70 70 70 70 70 70 70 70 70 70 70 70 70 70 70 70 70 70 70 70 70 70 70 70 70 70 70 70 70 70 70 70 70 70 70 70 70 70 70 70 70 70 70 70 70 70 70 70 70 70 70 70 70 70 70 70 70 70 70 70 70 70 70 70 70 70 70 70 70 70 70 70 70 70 70 70 70 70 70 70 70 70 70 70 70 71 71 71 71 71 71 71 71 71 71 71 71 71 71 71 71 71 71 71 71 71 71 71 71 71 71 71 71 71 71 71 71 71 71 71 71 71 71 71 71 71 71 71 71 71 71 71 71 71 71 71 71 71 71 71 71 71 71 71 71 71 71 71 71 71 71 71 71 71 71 71 71 71 71 71 71 71 71 71 71 71 71 71 71 71 71 71 71 71 71 71 71 71 71 71 71 71 71 71 71 72 72 72 72 72 72 72 72 72 72 72 72 72 72 72 72 72 72 72 72 72 72 72 72 72 72 72 72 72 72 72 72 72 72 72 72 72 72 72 72 72 72 72 72 72 72 72 72 72 72 72 72 72 72 72 72 72 72 72 72 72 72 72 72 72 72 72 72 72 72 72 72 72 72 72 72 72 72 72 72 72 72 72 72 72 72 72 72 72 72 72 72 72 72 72 72 72 72 72 72 73 73 73 73 73 73 73 73 73 73 73 73 73 73 73 73 73 73 73 73 73 73 73 73 73 73 73 73 73 73 73 73 73 73 73 73 73 73 73 73 73 73 73 73 73 73 73 73 73 73 73 73 73 73 73 73 73 73 73 73 73 73 73 73 73 73 73 73 73 73 73 73 73 73 73 73 73 73 73 73 73 73 73 73 73 73 73 73 73 73 73 73 73 73 73 73 73 73 73 73 74 74 74 74 74 74 74 74 74 74 74 74 74 74 74 74 74 74 74 74 74 74 74 74 74 74 74 74 74 74 74 74 74 74 74 74 74 74 74 74 74 74 74 74 74 74 74 74 74 74 74 74 74 74 74 74 74 74 74 74 74 74 74 74 74 74 74 74 74 74 74 74 74 74 74 74 74 74 74 74 74 74 74 74 74 74 74 74 74 74 74 74 74 74 74 74 74 74 74 74 75 75 75 75 75 75 75 75 75 75 75 75 75 75 75 75 75 75 75 75 75 75 75 75 75 75 75 75 75 75 75 75 75 75 75 75 75 75 75 75 75 75 75 75 75 75 75 75 75 75 75 75 75 75 75 75 75 75 75 75 75 75 75 75 75 75 75 75 75 75 75 75 75 75 75 75 75 75 75 75 75 75 75 75 75 75 75 75 75 75 75 75 75 75 75 75 75 75 75 75 76 76 76 76 76 76 76 76 76 76 76 76 76 76 76 76 76 76 76 76 76 76 76 76 76 76 76 76 76 76 76 76 76 76 76 76 76 76 76 76 76 76 76 76 76 76 76 76 76 76 76 76 76 76 76 76 76 76 76 76 76 76 76 76 76 76 76 76 76 76 76 76 76 76 76 76 76 76 76 76 76 76 76 76 76 76 76 76 76 76 76 76 76 76 76 76 76 76 76 76 77 77 77 77 77 77 77 77 77 77 77 77 77 77 77 77 77 77 77 77 77 77 77 77 77 77 77 77 77 77 77 77 77 77 77 77 77 77 77 77 77 77 77 77 77 77 77 77 77 77 77 77 77 77 77 77 77 77 77 77 77 77 77 77 77 77 77 77 77 77 77 77 77 77 77 77 77 77 77 77 77 77 77 77 77 77 77 77 77 77 77 77 77 77 77 77 77 77 77 77 78 78 78 78 78 78 78 78 78 78 78 78 78 78 78 78 78 78 78 78 78 78 78 78 78 78 78 78 78 78 78 78 78 78 78 78 78 78 78 78 78 78 78 78 78 78 78 78 78 78 78 78 78 78 78 78 78 78 78 78 78 78 78 78 78 78 78 78 78 78 78 78 78 78 78 78 78 78 78 78 78 78 78 78 78 78 78 78 78 78 78 78 78 78 78 78 78 78 78 78 79 79 79 79 79 79 79 79 79 79 79 79 79 79 79 79 79 79 79 79 79 79 79 79 79 79 79 79 79 79 79 79 79 79 79 79 79 79 79 79 79 79 79 79 79 79 79 79 79 79 79 79 79 79 79 79 79 79 79 79 79 79 79 79 79 79 79 79 79 79 79 79 79 79 79 79 79 79 79 79 79 79 79 79 79 79 79 79 79 79 79 79 79 79 79 79 79 79 79 79 80 80 80 80 80 80 80 80 80 80 80 80 80 80 80 80 80 80 80 80 80 80 80 80 80 80 80 80 80 80 80 80 80 80 80 80 80 80 80 80 80 80 80 80 80 80 80 80 80 80 80 80 80 80 80 80 80 80 80 80 80 80 80 80 80 80 80 80 80 80 80 80 80 80 80 80 80 80 80 80 80 80 80 80 80 80 80 80 80 80 80 80 80 80 80 80 80 80 80 80 81 81 81 81 81 81 81 81 81 81 81 81 81 81 81 81 81 81 81 81 81 81 81 81 81 81 81 81 81 81 81 81 81 81 81 81 81 81 81 81 81 81 81 81 81 81 81 81 81 81 81 81 81 81 81 81 81 81 81 81 81 81 81 81 81 81 81 81 81 81 81 81 81 81 81 81 81 81 81 81 81 81 81 81 81 81 81 81 81 81 81 81 81 81 81 81 81 81 81 81 82 82 82 82 82 82 82 82 82 82 82 82 82 82 82 82 82 82 82 82 82 82 82 82 82 82 82 82 82 82 82 82 82 82 82 82 82 82 82 82 82 82 82 82 82 82 82 82 82 82 82 82 82 82 82 82 82 82 82 82 82 82 82 82 82 82 82 82 82 82 82 82 82 82 82 82 82 82 82 82 82 82 82 82 82 82 82 82 82 82 82 82 82 82 82 82 82 82 82 82 83 83 83 83 83 83 83 83 83 83 83 83 83 83 83 83 83 83 83 83 83 83 83 83 83 83 83 83 83 83 83 83 83 83 83 83 83 83 83 83 83 83 83 83 83 83 83 83 83 83 83 83 83 83 83 83 83 83 83 83 83 83 83 83 83 83 83 83 83 83 83 83 83 83 83 83 83 83 83 83 83 83 83 83 83 83 83 83 83 83 83 83 83 83 83 83 83 83 83 83 84 84 84 84 84 84 84 84 84 84 84 84 84 84 84 84 84 84 84 84 84 84 84 84 84 84 84 84 84 84 84 84 84 84 84 84 84 84 84 84 84 84 84 84 84 84 84 84 84 84 84 84 84 84 84 84 84 84 84 84 84 84 84 84 84 84 84 84 84 84 84 84 84 84 84 84 84 84 84 84 84 84 84 84 84 84 84 84 84 84 84 84 84 84 84 84 84 84 84 84 85 85 85 85 85 85 85 85 85 85 85 85 85 85 85 85 85 85 85 85 85 85 85 85 85 85 85 85 85 85 85 85 85 85 85 85 85 85 85 85 85 85 85 85 85 85 85 85 85 85 85 85 85 85 85 85 85 85 85 85 85 85 85 85 85 85 85 85 85 85 85 85 85 85 85 85 85 85 85 85 85 85 85 85 85 85 85 85 85 85 85 85 85 85 85 85 85 85 85 85 86 86 86 86 86 86 86 86 86 86 86 86 86 86 86 86 86 86 86 86 86 86 86 86 86 86 86 86 86 86 86 86 86 86 86 86 86 86 86 86 86 86 86 86 86 86 86 86 86 86 86 86 86 86 86 86 86 86 86 86 86 86 86 86 86 86 86 86 86 86 86 86 86 86 86 86 86 86 86 86 86 86 86 86 86 86 86 86 86 86 86 86 86 86 86 86 86 86 86 86 87 87 87 87 87 87 87 87 87 87 87 87 87 87 87 87 87 87 87 87 87 87 87 87 87 87 87 87 87 87 87 87 87 87 87 87 87 87 87 87 87 87 87 87 87 87 87 87 87 87 87 87 87 87 87 87 87 87 87 87 87 87 87 87 87 87 87 87 87 87 87 87 87 87 87 87 87 87 87 87 87 87 87 87 87 87 87 87 87 87 87 87 87 87 87 87 87 87 87 87 88 88 88 88 88 88 88 88 88 88 88 88 88 88 88 88 88 88 88 88 88 88 88 88 88 88 88 88 88 88 88 88 88 88 88 88 88 88 88 88 88 88 88 88 88 88 88 88 88 88 88 88 88 88 88 88 88 88 88 88 88 88 88 88 88 88 88 88 88 88 88 88 88 88 88 88 88 88 88 88 88 88 88 88 88 88 88 88 88 88 88 88 88 88 88 88 88 88 88 88 89 89 89 89 89 89 89 89 89 89 89 89 89 89 89 89 89 89 89 89 89 89 89 89 89 89 89 89 89 89 89 89 89 89 89 89 89 89 89 89 89 89 89 89 89 89 89 89 89 89 89 89 89 89 89 89 89 89 89 89 89 89 89 89 89 89 89 89 89 89 89 89 89 89 89 89 89 89 89 89 89 89 89 89 89 89 89 89 89 89 89 89 89 89 89 89 89 89 89 89 90 90 90 90 90 90 90 90 90 90 90 90 90 90 90 90 90 90 90 90 90 90 90 90 90 90 90 90 90 90 90 90 90 90 90 90 90 90 90 90 90 90 90 90 90 90 90 90 90 90 90 90 90 90 90 90 90 90 90 90 90 90 90 90 90 90 90 90 90 90 90 90 90 90 90 90 90 90 90 90 90 90 90 90 90 90 90 90 90 90 90 90 90 90 90 90 90 90 90 90 91 91 91 91 91 91 91 91 91 91 91 91 91 91 91 91 91 91 91 91 91 91 91 91 91 91 91 91 91 91 91 91 91 91 91 91 91 91 91 91 91 91 91 91 91 91 91 91 91 91 91 91 91 91 91 91 91 91 91 91 91 91 91 91 91 91 91 91 91 91 91 91 91 91 91 91 91 91 91 91 91 91 91 91 91 91 91 91 91 91 91 91 91 91 91 91 91 91 91 91 92 92 92 92 92 92 92 92 92 92 92 92 92 92 92 92 92 92 92 92 92 92 92 92 92 92 92 92 92 92 92 92 92 92 92 92 92 92 92 92 92 92 92 92 92 92 92 92 92 92 92 92 92 92 92 92 92 92 92 92 92 92 92 92 92 92 92 92 92 92 92 92 92 92 92 92 92 92 92 92 92 92 92 92 92 92 92 92 92 92 92 92 92 92 92 92 92 92 92 92 93 93 93 93 93 93 93 93 93 93 93 93 93 93 93 93 93 93 93 93 93 93 93 93 93 93 93 93 93 93 93 93 93 93 93 93 93 93 93 93 93 93 93 93 93 93 93 93 93 93 93 93 93 93 93 93 93 93 93 93 93 93 93 93 93 93 93 93 93 93 93 93 93 93 93 93 93 93 93 93 93 93 93 93 93 93 93 93 93 93 93 93 93 93 93 93 93 93 93 93 94 94 94 94 94 94 94 94 94 94 94 94 94 94 94 94 94 94 94 94 94 94 94 94 94 94 94 94 94 94 94 94 94 94 94 94 94 94 94 94 94 94 94 94 94 94 94 94 94 94 94 94 94 94 94 94 94 94 94 94 94 94 94 94 94 94 94 94 94 94 94 94 94 94 94 94 94 94 94 94 94 94 94 94 94 94 94 94 94 94 94 94 94 94 94 94 94 94 94 94 95 95 95 95 95 95 95 95 95 95 95 95 95 95 95 95 95 95 95 95 95 95 95 95 95 95 95 95 95 95 95 95 95 95 95 95 95 95 95 95 95 95 95 95 95 95 95 95 95 95 95 95 95 95 95 95 95 95 95 95 95 95 95 95 95 95 95 95 95 95 95 95 95 95 95 95 95 95 95 95 95 95 95 95 95 95 95 95 95 95 95 95 95 95 95 95 95 95 95 95 96 96 96 96 96 96 96 96 96 96 96 96 96 96 96 96 96 96 96 96 96 96 96 96 96 96 96 96 96 96 96 96 96 96 96 96 96 96 96 96 96 96 96 96 96 96 96 96 96 96 96 96 96 96 96 96 96 96 96 96 96 96 96 96 96 96 96 96 96 96 96 96 96 96 96 96 96 96 96 96 96 96 96 96 96 96 96 96 96 96 96 96 96 96 96 96 96 96 96 96 97 97 97 97 97 97 97 97 97 97 97 97 97 97 97 97 97 97 97 97 97 97 97 97 97 97 97 97 97 97 97 97 97 97 97 97 97 97 97 97 97 97 97 97 97 97 97 97 97 97 97 97 97 97 97 97 97 97 97 97 97 97 97 97 97 97 97 97 97 97 97 97 97 97 97 97 97 97 97 97 97 97 97 97 97 97 97 97 97 97 97 97 97 97 97 97 97 97 97 97 98 98 98 98 98 98 98 98 98 98 98 98 98 98 98 98 98 98 98 98 98 98 98 98 98 98 98 98 98 98 98 98 98 98 98 98 98 98 98 98 98 98 98 98 98 98 98 98 98 98 98 98 98 98 98 98 98 98 98 98 98 98 98 98 98 98 98 98 98 98 98 98 98 98 98 98 98 98 98 98 98 98 98 98 98 98 98 98 98 98 98 98 98 98 98 98 98 98 98 98 99 99 99 99 99 99 99 99 99 99 99 99 99 99 99 99 99 99 99 99 99 99 99 99 99 99 99 99 99 99 99 99 99 99 99 99 99 99 99 99 99 99 99 99 99 99 99 99 99 99 99 99 99 99 99 99 99 99 99 99 99 99 99 99 99 99 99 99 99 99 99 99 99 99 99 99 99 99 99 99 99 99 99 99 99 99 99 99 99 99 99 99 99 99 99 99 99 99 99 99 
</Matrix>
   <Matrix name="neuronTypes" type="complete" rows="1" columns="10000" multiplier="1.0">
   2 2 1 2 2 2 2 2 2 2 2 2 1 2 2 2 2 2 2 2 2 2 1 2 2 2 2 2 2 2 2 2 1 2 2 2 2 2 2 2 2 2 1 2 2 2 2 2 2 2 2 2 1 2 2 2 2 2 2 2 2 2 1 2 2 2 2 2 2 2 2 2 1 2 2 2 2 2 2 2 2 2 1 2 2 2 2 2 2 2 2 2 1 2 2 2 2 2 2 2 2 2 2 2 2 2 2 2 2 2 2 2 2 2 2 2 2 2 2 2 2 2 2 2 2 2 2 2 2 2 2 2 2 2 2 2 2 2 2 2 2 2 2 2 2 2 2 2 2 2 2 2 2 2 2 2 2 2 2 2 2 2 2 2 2 2 2 2 2 2 2 2 2 2 2 2 2 2 2 2 2 2 2 2 2 2 2 2 2 2 2 2 2 2 2 2 2 2 2 2 2 2 2 2 2 1 2 2 1 2 2 2 2 2 2 1 2 2 1 2 2 2 2 2 2 1 2 2 1 2 2 2 2 2 2 1 2 2 1 2 2 2 2 2 2 1 2 2 1 2 2 2 2 2 2 1 2 2 1 2 2 2 2 2 2 1 2 2 1 2 2 2 2 2 2 1 2 2 1 2 2 2 2 2 2 1 2 2 1 2 2 2 2 2 2 1 2 2 1 2 2 2 1 2 2 2 2 2 2 2 2 2 1 2 2 2 2 2 2 2 2 2 1 2 2 2 2 2 2 2 2 2 1 2 2 2 2 2 2 2 2 2 1 2 2 2 2 2 2 2 2 2 1 2 2 2 2 2 2 2 2 2 1 2 2 2 2 2 2 2 2 2 1 2 2 2 2 2 2 2 2 2 1 2 2 2 2 2 2 2 2 2 1 2 2 2 2 2 2 2 2 2 2 2 2 2 2 2 2 2 2 2 2 2 2 2 2 2 2 2 2 2 2 2 2 2 2 2 2 2 2 2 2 2 2 2 2 2 2 2 2 2 2 2 2 2 2 2 2 2 2 2 2 2 2 2 2 2 2 2 2 2 2 2 2 2 2 2 2 2 2 2 2 2 2 2 2 2 2 2 2 2 2 2 2 2 2 2 2 2 2 2 2 2 2 2 2 2 2 2 2 2 2 2 2 1 2 2 1 2 2 2 2 2 2 1 2 2 1 2 2 2 2 2 2 1 2 2 1 2 2 2 2 2 2 1 2 2 1 2 2 2 2 2 2 1 2 2 1 2 2 2 2 2 2 1 2 2 1 2 2 2 2 2 2 1 2 2 1 2 2 2 2 2 2 1 2 2 1 2 2 2 2 2 2 1 2 2 1 2 2 2 2 2 2 1 2 2 1 2 2 2 1 2 2 2 2 2 2 2 2 2 1 2 2 2 2 2 2 2 2 2 1 2 2 2 2 2 2 2 2 2 1 2 2 2 2 2 2 2 2 2 1 2 2 2 2 2 2 2 2 2 1 2 2 2 2 2 2 2 2 2 1 2 2 2 2 2 2 2 2 2 1 2 2 2 2 2 2 2 2 2 1 2 2 2 2 2 2 2 2 2 1 2 2 2 2 2 2 2 2 2 2 2 2 2 2 2 2 2 2 2 2 2 2 2 2 2 2 2 2 2 2 2 2 2 2 2 2 2 2 2 2 2 2 2 2 2 2 2 2 2 2 2 2 2 2 2 2 2 2 2 2 2 2 2 2 2 2 2 2 2 2 2 2 2 2 2 2 2 2 2 2 2 2 2 2 2 2 2 2 2 2 2 2 2 2 2 2 2 2 2 2 2 2 2 2 2 2 2 2 2 2 2 2 1 2 2 1 2 2 2 2 2 2 1 2 2 1 2 2 2 2 2 2 1 2 2 1 2 2 2 2 2 2 1 2 2 1 2 2 2 2 2 2 1 2 2 1 2 2 2 2 2 2 1 2 2 1 2 2 2 2 2 2 1 2 2 1 2 2 2 2 2 2 1 2 2 1 2 2 2 2 2 2 1 2 2 1 2 2 2 2 2 2 1 2 2 1 2 2 2 1 2 2 2 2 2 2 2 2 2 1 2 2 2 2 2 2 2 2 2 1 2 2 2 2 2 2 2 2 2 1 2 2 2 2 2 2 2 2 2 1 2 2 2 2 2 2 2 2 2 1 2 2 2 2 2 2 2 2 2 1 2 2 2 2 2 2 2 2 2 1 2 2 2 2 2 2 2 2 2 1 2 2 2 2 2 2 2 2 2 1 2 2 2 2 2 2 2 2 2 2 2 2 2 2 2 1 2 2 2 2 2 2 2 2 2 1 2 2 2 2 2 2 2 2 2 1 2 2 2 2 2 2 2 2 2 1 2 2 2 2 2 2 2 2 2 1 2 2 2 2 2 2 2 2 2 1 2 2 2 2 2 2 2 2 2 1 2 2 2 2 2 2 2 2 2 1 2 2 2 2 2 2 2 2 2 1 2 2 2 2 2 2 2 2 2 1 2 2 2 2 2 2 2 2 2 2 2 2 2 2 2 2 2 2 2 2 2 2 2 2 2 2 2 2 2 2 2 2 2 2 2 2 2 2 2 2 2 2 2 2 2 2 2 2 2 2 2 2 2 2 2 2 2 2 2 2 2 2 2 2 2 2 2 2 2 2 2 2 2 2 2 2 2 2 2 2 2 2 2 2 2 2 2 2 2 2 2 2 2 2 2 2 2 2 2 2 2 2 2 1 2 2 1 2 2 2 2 2 2 1 2 2 1 2 2 2 2 2 2 1 2 2 1 2 2 2 2 2 2 1 2 2 1 2 2 2 2 2 2 1 2 2 1 2 2 2 2 2 2 1 2 2 1 2 2 2 2 2 2 1 2 2 1 2 2 2 2 2 2 1 2 2 1 2 2 2 2 2 2 1 2 2 1 2 2 2 2 2 2 1 2 2 1 2 2 2 2 2 2 2 2 2 2 2 2 1 2 2 2 2 2 2 2 2 2 1 2 2 2 2 2 2 2 2 2 1 2 2 2 2 2 2 2 2 2 1 2 2 2 2 2 2 2 2 2 1 2 2 2 2 2 2 2 2 2 1 2 2 2 2 2 2 2 2 2 1 2 2 2 2 2 2 2 2 2 1 2 2 2 2 2 2 2 2 2 1 2 2 2 2 2 2 2 2 2 1 2 2 2 2 2 2 2 2 2 2 2 2 2 2 2 2 2 2 2 2 2 2 2 2 2 2 2 2 2 2 2 2 2 2 2 2 2 2 2 2 2 2 2 2 2 2 2 2 2 2 2 2 2 2 2 2 2 2 2 2 2 2 2 2 2 2 2 2 2 2 2 2 2 2 2 2 2 2 2 2 2 2 2 2 2 2 2 2 2 2 2 2 2 2 2 2 2 2 2 2 2 2 2 1 2 2 1 2 2 2 2 2 2 1 2 2 1 2 2 2 2 2 2 1 2 2 1 2 2 2 2 2 2 1 2 2 1 2 2 2 2 2 2 1 2 2 1 2 2 2 2 2 2 1 2 2 1 2 2 2 2 2 2 1 2 2 1 2 2 2 2 2 2 1 2 2 1 2 2 2 2 2 2 1 2 2 1 2 2 2 2 2 2 1 2 2 1 2 2 2 2 2 2 2 2 2 2 2 2 1 2 2 2 2 2 2 2 2 2 1 2 2 2 2 2 2 2 2 2 1 2 2 2 2 2 2 2 2 2 1 2 2 2 2 2 2 2 2 2 1 2 2 2 2 2 2 2 2 2 1 2 2 2 2 2 2 2 2 2 1 2 2 2 2 2 2 2 2 2 1 2 2 2 2 2 2 2 2 2 1 2 2 2 2 2 2 2 2 2 1 2 2 2 2 2 2 2 2 2 2 2 2 2 2 2 2 2 2 2 2 2 2 2 2 2 2 2 2 2 2 2 2 2 2 2 2 2 2 2 2 2 2 2 2 2 2 2 2 2 2 2 2 2 2 2 2 2 2 2 2 2 2 2 2 2 2 2 2 2 2 2 2 2 2 2 2 2 2 2 2 2 2 2 2 2 2 2 2 2 2 2 2 2 2 2 2 2 2 2 2 2 2 2 1 2 2 1 2 2 2 2 2 2 1 2 2 1 2 2 2 2 2 2 1 2 2 1 2 2 2 2 2 2 1 2 2 1 2 2 2 2 2 2 1 2 2 1 2 2 2 2 2 2 1 2 2 1 2 2 2 2 2 2 1 2 2 1 2 2 2 2 2 2 1 2 2 1 2 2 2 2 2 2 1 2 2 1 2 2 2 2 2 2 1 2 2 1 2 2 2 2 2 2 2 2 2 2 2 2 1 2 2 2 2 2 2 2 2 2 1 2 2 2 2 2 2 2 2 2 1 2 2 2 2 2 2 2 2 2 1 2 2 2 2 2 2 2 2 2 1 2 2 2 2 2 2 2 2 2 1 2 2 2 2 2 2 2 2 2 1 2 2 2 2 2 2 2 2 2 1 2 2 2 2 2 2 2 2 2 1 2 2 2 2 2 2 2 2 2 1 2 2 2 1 2 2 2 2 2 2 2 2 2 1 2 2 2 2 2 2 2 2 2 1 2 2 2 2 2 2 2 2 2 1 2 2 2 2 2 2 2 2 2 1 2 2 2 2 2 2 2 2 2 1 2 2 2 2 2 2 2 2 2 1 2 2 2 2 2 2 2 2 2 1 2 2 2 2 2 2 2 2 2 1 2 2 2 2 2 2 2 2 2 1 2 2 2 2 2 2 2 2 2 2 2 2 2 2 2 2 2 2 2 2 2 2 2 2 2 2 2 2 2 2 2 2 2 2 2 2 2 2 2 2 2 2 2 2 2 2 2 2 2 2 2 2 2 2 2 2 2 2 2 2 2 2 2 2 2 2 2 2 2 2 2 2 2 2 2 2 2 2 2 2 2 2 2 2 2 2 2 2 2 2 2 2 2 2 2 2 2 2 2 2 2 2 2 2 2 2 2 2 2 2 2 2 1 2 2 1 2 2 2 2 2 2 1 2 2 1 2 2 2 2 2 2 1 2 2 1 2 2 2 2 2 2 1 2 2 1 2 2 2 2 2 2 1 2 2 1 2 2 2 2 2 2 1 2 2 1 2 2 2 2 2 2 1 2 2 1 2 2 2 2 2 2 1 2 2 1 2 2 2 2 2 2 1 2 2 1 2 2 2 2 2 2 1 2 2 1 2 2 2 1 2 2 2 2 2 2 2 2 2 1 2 2 2 2 2 2 2 2 2 1 2 2 2 2 2 2 2 2 2 1 2 2 2 2 2 2 2 2 2 1 2 2 2 2 2 2 2 2 2 1 2 2 2 2 2 2 2 2 2 1 2 2 2 2 2 2 2 2 2 1 2 2 2 2 2 2 2 2 2 1 2 2 2 2 2 2 2 2 2 1 2 2 2 2 2 2 2 2 2 2 2 2 2 2 2 2 2 2 2 2 2 2 2 2 2 2 2 2 2 2 2 2 2 2 2 2 2 2 2 2 2 2 2 2 2 2 2 2 2 2 2 2 2 2 2 2 2 2 2 2 2 2 2 2 2 2 2 2 2 2 2 2 2 2 2 2 2 2 2 2 2 2 2 2 2 2 2 2 2 2 2 2 2 2 2 2 2 2 2 2 2 2 2 2 2 2 2 2 2 2 2 2 1 2 2 1 2 2 2 2 2 2 1 2 2 1 2 2 2 2 2 2 1 2 2 1 2 2 2 2 2 2 1 2 2 1 2 2 2 2 2 2 1 2 2 1 2 2 2 2 2 2 1 2 2 1 2 2 2 2 2 2 1 2 2 1 2 2 2 2 2 2 1 2 2 1 2 2 2 2 2 2 1 2 2 1 2 2 2 2 2 2 1 2 2 1 2 2 2 1 2 2 2 2 2 2 2 2 2 1 2 2 2 2 2 2 2 2 2 1 2 2 2 2 2 2 2 2 2 1 2 2 2 2 2 2 2 2 2 1 2 2 2 2 2 2 2 2 2 1 2 2 2 2 2 2 2 2 2 1 2 2 2 2 2 2 2 2 2 1 2 2 2 2 2 2 2 2 2 1 2 2 2 2 2 2 2 2 2 1 2 2 2 2 2 2 2 2 2 2 2 2 2 2 2 2 2 2 2 2 2 2 2 2 2 2 2 2 2 2 2 2 2 2 2 2 2 2 2 2 2 2 2 2 2 2 2 2 2 2 2 2 2 2 2 2 2 2 2 2 2 2 2 2 2 2 2 2 2 2 2 2 2 2 2 2 2 2 2 2 2 2 2 2 2 2 2 2 2 2 2 2 2 2 2 2 2 2 2 2 2 2 2 2 2 2 2 2 2 2 2 2 1 2 2 1 2 2 2 2 2 2 1 2 2 1 2 2 2 2 2 2 1 2 2 1 2 2 2 2 2 2 1 2 2 1 2 2 2 2 2 2 1 2 2 1 2 2 2 2 2 2 1 2 2 1 2 2 2 2 2 2 1 2 2 1 2 2 2 2 2 2 1 2 2 1 2 2 2 2 2 2 1 2 2 1 2 2 2 2 2 2 1 2 2 1 2 2 2 1 2 2 2 2 2 2 2 2 2 1 2 2 2 2 2 2 2 2 2 1 2 2 2 2 2 2 2 2 2 1 2 2 2 2 2 2 2 2 2 1 2 2 2 2 2 2 2 2 2 1 2 2 2 2 2 2 2 2 2 1 2 2 2 2 2 2 2 2 2 1 2 2 2 2 2 2 2 2 2 1 2 2 2 2 2 2 2 2 2 1 2 2 2 2 2 2 2 2 2 2 2 2 2 2 2 1 2 2 2 2 2 2 2 2 2 1 2 2 2 2 2 2 2 2 2 1 2 2 2 2 2 2 2 2 2 1 2 2 2 2 2 2 2 2 2 1 2 2 2 2 2 2 2 2 2 1 2 2 2 2 2 2 2 2 2 1 2 2 2 2 2 2 2 2 2 1 2 2 2 2 2 2 2 2 2 1 2 2 2 2 2 2 2 2 2 1 2 2 2 2 2 2 2 2 2 2 2 2 2 2 2 2 2 2 2 2 2 2 2 2 2 2 2 2 2 2 2 2 2 2 2 2 2 2 2 2 2 2 2 2 2 2 2 2 2 2 2 2 2 2 2 2 2 2 2 2 2 2 2 2 2 2 2 2 2 2 2 2 2 2 2 2 2 2 2 2 2 2 2 2 2 2 2 2 2 2 2 2 2 2 2 2 2 2 2 2 2 2 2 1 2 2 1 2 2 2 2 2 2 1 2 2 1 2 2 2 2 2 2 1 2 2 1 2 2 2 2 2 2 1 2 2 1 2 2 2 2 2 2 1 2 2 1 2 2 2 2 2 2 1 2 2 1 2 2 2 2 2 2 1 2 2 1 2 2 2 2 2 2 1 2 2 1 2 2 2 2 2 2 1 2 2 1 2 2 2 2 2 2 1 2 2 1 2 2 2 2 2 2 2 2 2 2 2 2 1 2 2 2 2 2 2 2 2 2 1 2 2 2 2 2 2 2 2 2 1 2 2 2 2 2 2 2 2 2 1 2 2 2 2 2 2 2 2 2 1 2 2 2 2 2 2 2 2 2 1 2 2 2 2 2 2 2 2 2 1 2 2 2 2 2 2 2 2 2 1 2 2 2 2 2 2 2 2 2 1 2 2 2 2 2 2 2 2 2 1 2 2 2 2 2 2 2 2 2 2 2 2 2 2 2 2 2 2 2 2 2 2 2 2 2 2 2 2 2 2 2 2 2 2 2 2 2 2 2 2 2 2 2 2 2 2 2 2 2 2 2 2 2 2 2 2 2 2 2 2 2 2 2 2 2 2 2 2 2 2 2 2 2 2 2 2 2 2 2 2 2 2 2 2 2 2 2 2 2 2 2 2 2 2 2 2 2 2 2 2 2 2 2 1 2 2 1 2 2 2 2 2 2 1 2 2 1 2 2 2 2 2 2 1 2 2 1 2 2 2 2 2 2 1 2 2 1 2 2 2 2 2 2 1 2 2 1 2 2 2 2 2 2 1 2 2 1 2 2 2 2 2 2 1 2 2 1 2 2 2 2 2 2 1 2 2 1 2 2 2 2 2 2 1 2 2 1 2 2 2 2 2 2 1 2 2 1 2 2 2 2 2 2 2 2 2 2 2 2 1 2 2 2 2 2 2 2 2 2 1 2 2 2 2 2 2 2 2 2 1 2 2 2 2 2 2 2 2 2 1 2 2 2 2 2 2 2 2 2 1 2 2 2 2 2 2 2 2 2 1 2 2 2 2 2 2 2 2 2 1 2 2 2 2 2 2 2 2 2 1 2 2 2 2 2 2 2 2 2 1 2 2 2 2 2 2 2 2 2 1 2 2 2 2 2 2 2 2 2 2 2 2 2 2 2 2 2 2 2 2 2 2 2 2 2 2 2 2 2 2 2 2 2 2 2 2 2 2 2 2 2 2 2 2 2 2 2 2 2 2 2 2 2 2 2 2 2 2 2 2 2 2 2 2 2 2 2 2 2 2 2 2 2 2 2 2 2 2 2 2 2 2 2 2 2 2 2 2 2 2 2 2 2 2 2 2 2 2 2 2 2 2 2 1 2 2 1 2 2 2 2 2 2 1 2 2 1 2 2 2 2 2 2 1 2 2 1 2 2 2 2 2 2 1 2 2 1 2 2 2 2 2 2 1 2 2 1 2 2 2 2 2 2 1 2 2 1 2 2 2 2 2 2 1 2 2 1 2 2 2 2 2 2 1 2 2 1 2 2 2 2 2 2 1 2 2 1 2 2 2 2 2 2 1 2 2 1 2 2 2 2 2 2 2 2 2 2 2 2 1 2 2 2 2 2 2 2 2 2 1 2 2 2 2 2 2 2 2 2 1 2 2 2 2 2 2 2 2 2 1 2 2 2 2 2 2 2 2 2 1 2 2 2 2 2 2 2 2 2 1 2 2 2 2 2 2 2 2 2 1 2 2 2 2 2 2 2 2 2 1 2 2 2 2 2 2 2 2 2 1 2 2 2 2 2 2 2 2 2 1 2 2 2 1 2 2 2 2 2 2 2 2 2 1 2 2 2 2 2 2 2 2 2 1 2 2 2 2 2 2 2 2 2 1 2 2 2 2 2 2 2 2 2 1 2 2 2 2 2 2 2 2 2 1 2 2 2 2 2 2 2 2 2 1 2 2 2 2 2 2 2 2 2 1 2 2 2 2 2 2 2 2 2 1 2 2 2 2 2 2 2 2 2 1 2 2 2 2 2 2 2 2 2 2 2 2 2 2 2 2 2 2 2 2 2 2 2 2 2 2 2 2 2 2 2 2 2 2 2 2 2 2 2 2 2 2 2 2 2 2 2 2 2 2 2 2 2 2 2 2 2 2 2 2 2 2 2 2 2 2 2 2 2 2 2 2 2 2 2 2 2 2 2 2 2 2 2 2 2 2 2 2 2 2 2 2 2 2 2 2 2 2 2 2 2 2 2 2 2 2 2 2 2 2 2 2 1 2 2 1 2 2 2 2 2 2 1 2 2 1 2 2 2 2 2 2 1 2 2 1 2 2 2 2 2 2 1 2 2 1 2 2 2 2 2 2 1 2 2 1 2 2 2 2 2 2 1 2 2 1 2 2 2 2 2 2 1 2 2 1 2 2 2 2 2 2 1 2 2 1 2 2 2 2 2 2 1 2 2 1 2 2 2 2 2 2 1 2 2 1 2 2 2 1 2 2 2 2 2 2 2 2 2 1 2 2 2 2 2 2 2 2 2 1 2 2 2 2 2 2 2 2 2 1 2 2 2 2 2 2 2 2 2 1 2 2 2 2 2 2 2 2 2 1 2 2 2 2 2 2 2 2 2 1 2 2 2 2 2 2 2 2 2 1 2 2 2 2 2 2 2 2 2 1 2 2 2 2 2 2 2 2 2 1 2 2 2 2 2 2 2 2 2 2 2 2 2 2 2 2 2 2 2 2 2 2 2 2 2 2 2 2 2 2 2 2 2 2 2 2 2 2 2 2 2 2 2 2 2 2 2 2 2 2 2 2 2 2 2 2 2 2 2 2 2 2 2 2 2 2 2 2 2 2 2 2 2 2 2 2 2 2 2 2 2 2 2 2 2 2 2 2 2 2 2 2 2 2 2 2 2 2 2 2 2 2 2 2 2 2 2 2 2 2 2 2 1 2 2 1 2 2 2 2 2 2 1 2 2 1 2 2 2 2 2 2 1 2 2 1 2 2 2 2 2 2 1 2 2 1 2 2 2 2 2 2 1 2 2 1 2 2 2 2 2 2 1 2 2 1 2 2 2 2 2 2 1 2 2 1 2 2 2 2 2 2 1 2 2 1 2 2 2 2 2 2 1 2 2 1 2 2 2 2 2 2 1 2 2 1 2 2 2 1 2 2 2 2 2 2 2 2 2 1 2 2 2 2 2 2 2 2 2 1 2 2 2 2 2 2 2 2 2 1 2 2 2 2 2 2 2 2 2 1 2 2 2 2 2 2 2 2 2 1 2 2 2 2 2 2 2 2 2 1 2 2 2 2 2 2 2 2 2 1 2 2 2 2 2 2 2 2 2 1 2 2 2 2 2 2 2 2 2 1 2 2 2 2 2 2 2 2 2 2 2 2 2 2 2 2 2 2 2 2 2 2 2 2 2 2 2 2 2 2 2 2 2 2 2 2 2 2 2 2 2 2 2 2 2 2 2 2 2 2 2 2 2 2 2 2 2 2 2 2 2 2 2 2 2 2 2 2 2 2 2 2 2 2 2 2 2 2 2 2 2 2 2 2 2 2 2 2 2 2 2 2 2 2 2 2 2 2 2 2 2 2 2 2 2 2 2 2 2 2 2 2 1 2 2 1 2 2 2 2 2 2 1 2 2 1 2 2 2 2 2 2 1 2 2 1 2 2 2 2 2 2 1 2 2 1 2 2 2 2 2 2 1 2 2 1 2 2 2 2 2 2 1 2 2 1 2 2 2 2 2 2 1 2 2 1 2 2 2 2 2 2 1 2 2 1 2 2 2 2 2 2 1 2 2 1 2 2 2 2 2 2 1 2 2 1 2 2 2 1 2 2 2 2 2 2 2 2 2 1 2 2 2 2 2 2 2 2 2 1 2 2 2 2 2 2 2 2 2 1 2 2 2 2 2 2 2 2 2 1 2 2 2 2 2 2 2 2 2 1 2 2 2 2 2 2 2 2 2 1 2 2 2 2 2 2 2 2 2 1 2 2 2 2 2 2 2 2 2 1 2 2 2 2 2 2 2 2 2 1 2 2 2 2 2 2 2 2 2 2 2 2 2 2 2 1 2 2 2 2 2 2 2 2 2 1 2 2 2 2 2 2 2 2 2 1 2 2 2 2 2 2 2 2 2 1 2 2 2 2 2 2 2 2 2 1 2 2 2 2 2 2 2 2 2 1 2 2 2 2 2 2 2 2 2 1 2 2 2 2 2 2 2 2 2 1 2 2 2 2 2 2 2 2 2 1 2 2 2 2 2 2 2 2 2 1 2 2 2 2 2 2 2 2 2 2 2 2 2 2 2 2 2 2 2 2 2 2 2 2 2 2 2 2 2 2 2 2 2 2 2 2 2 2 2 2 2 2 2 2 2 2 2 2 2 2 2 2 2 2 2 2 2 2 2 2 2 2 2 2 2 2 2 2 2 2 2 2 2 2 2 2 2 2 2 2 2 2 2 2 2 2 2 2 2 2 2 2 2 2 2 2 2 2 2 2 2 2 2 1 2 2 1 2 2 2 2 2 2 1 2 2 1 2 2 2 2 2 2 1 2 2 1 2 2 2 2 2 2 1 2 2 1 2 2 2 2 2 2 1 2 2 1 2 2 2 2 2 2 1 2 2 1 2 2 2 2 2 2 1 2 2 1 2 2 2 2 2 2 1 2 2 1 2 2 2 2 2 2 1 2 2 1 2 2 2 2 2 2 1 2 2 1 2 2 2 2 2 2 2 2 2 2 2 2 1 2 2 2 2 2 2 2 2 2 1 2 2 2 2 2 2 2 2 2 1 2 2 2 2 2 2 2 2 2 1 2 2 2 2 2 2 2 2 2 1 2 2 2 2 2 2 2 2 2 1 2 2 2 2 2 2 2 2 2 1 2 2 2 2 2 2 2 2 2 1 2 2 2 2 2 2 2 2 2 1 2 2 2 2 2 2 2 2 2 1 2 2 2 2 2 2 2 2 2 2 2 2 2 2 2 2 2 2 2 2 2 2 2 2 2 2 2 2 2 2 2 2 2 2 2 2 2 2 2 2 2 2 2 2 2 2 2 2 2 2 2 2 2 2 2 2 2 2 2 2 2 2 2 2 2 2 2 2 2 2 2 2 2 2 2 2 2 2 2 2 2 2 2 2 2 2 2 2 2 2 2 2 2 2 2 2 2 2 2 2 2 2 2 1 2 2 1 2 2 2 2 2 2 1 2 2 1 2 2 2 2 2 2 1 2 2 1 2 2 2 2 2 2 1 2 2 1 2 2 2 2 2 2 1 2 2 1 2 2 2 2 2 2 1 2 2 1 2 2 2 2 2 2 1 2 2 1 2 2 2 2 2 2 1 2 2 1 2 2 2 2 2 2 1 2 2 1 2 2 2 2 2 2 1 2 2 1 2 2 2 2 2 2 2 2 2 2 2 2 1 2 2 2 2 2 2 2 2 2 1 2 2 2 2 2 2 2 2 2 1 2 2 2 2 2 2 2 2 2 1 2 2 2 2 2 2 2 2 2 1 2 2 2 2 2 2 2 2 2 1 2 2 2 2 2 2 2 2 2 1 2 2 2 2 2 2 2 2 2 1 2 2 2 2 2 2 2 2 2 1 2 2 2 2 2 2 2 2 2 1 2 2 2 2 2 2 2 2 2 2 2 2 2 2 2 2 2 2 2 2 2 2 2 2 2 2 2 2 2 2 2 2 2 2 2 2 2 2 2 2 2 2 2 2 2 2 2 2 2 2 2 2 2 2 2 2 2 2 2 2 2 2 2 2 2 2 2 2 2 2 2 2 2 2 2 2 2 2 2 2 2 2 2 2 2 2 2 2 2 2 2 2 2 2 2 2 2 2 2 2 2 2 2 1 2 2 1 2 2 2 2 2 2 1 2 2 1 2 2 2 2 2 2 1 2 2 1 2 2 2 2 2 2 1 2 2 1 2 2 2 2 2 2 1 2 2 1 2 2 2 2 2 2 1 2 2 1 2 2 2 2 2 2 1 2 2 1 2 2 2 2 2 2 1 2 2 1 2 2 2 2 2 2 1 2 2 1 2 2 2 2 2 2 1 2 2 1 2 2 2 2 2 2 2 2 2 2 2 2 1 2 2 2 2 2 2 2 2 2 1 2 2 2 2 2 2 2 2 2 1 2 2 2 2 2 2 2 2 2 1 2 2 2 2 2 2 2 2 2 1 2 2 2 2 2 2 2 2 2 1 2 2 2 2 2 2 2 2 2 1 2 2 2 2 2 2 2 2 2 1 2 2 2 2 2 2 2 2 2 1 2 2 2 2 2 2 2 2 2 1 2 2 2 1 2 2 2 2 2 2 2 2 2 1 2 2 2 2 2 2 2 2 2 1 2 2 2 2 2 2 2 2 2 1 2 2 2 2 2 2 2 2 2 1 2 2 2 2 2 2 2 2 2 1 2 2 2 2 2 2 2 2 2 1 2 2 2 2 2 2 2 2 2 1 2 2 2 2 2 2 2 2 2 1 2 2 2 2 2 2 2 2 2 1 2 2 2 2 2 2 2 2 2 2 2 2 2 2 2 2 2 2 2 2 2 2 2 2 2 2 2 2 2 2 2 2 2 2 2 2 2 2 2 2 2 2 2 2 2 2 2 2 2 2 2 2 2 2 2 2 2 2 2 2 2 2 2 2 2 2 2 2 2 2 2 2 2 2 2 2 2 2 2 2 2 2 2 2 2 2 2 2 2 2 2 2 2 2 2 2 2 2 2 2 2 2 2 2 2 2 2 2 2 2 2 2 1 2 2 1 2 2 2 2 2 2 1 2 2 1 2 2 2 2 2 2 1 2 2 1 2 2 2 2 2 2 1 2 2 1 2 2 2 2 2 2 1 2 2 1 2 2 2 2 2 2 1 2 2 1 2 2 2 2 2 2 1 2 2 1 2 2 2 2 2 2 1 2 2 1 2 2 2 2 2 2 1 2 2 1 2 2 2 2 2 2 1 2 2 1 2 2 2 1 2 2 2 2 2 2 2 2 2 1 2 2 2 2 2 2 2 2 2 1 2 2 2 2 2 2 2 2 2 1 2 2 2 2 2 2 2 2 2 1 2 2 2 2 2 2 2 2 2 1 2 2 2 2 2 2 2 2 2 1 2 2 2 2 2 2 2 2 2 1 2 2 2 2 2 2 2 2 2 1 2 2 2 2 2 2 2 2 2 1 2 2 2 2 2 2 2 2 2 2 2 2 2 2 2 2 2 2 2 2 2 2 2 2 2 2 2 2 2 2 2 2 2 2 2 2 2 2 2 2 2 2 2 2 2 2 2 2 2 2 2 2 2 2 2 2 2 2 2 2 2 2 2 2 2 2 2 2 2 2 2 2 2 2 2 2 2 2 2 2 2 2 2 2 2 2 2 2 2 2 2 2 2 2 2 2 2 2 2 2 2 2 2 2 2 2 2 2 2 2 2 2 1 2 2 1 2 2 2 2 2 2 1 2 2 1 2 2 2 2 2 2 1 2 2 1 2 2 2 2 2 2 1 2 2 1 2 2 2 2 2 2 1 2 2 1 2 2 2 2 2 2 1 2 2 1 2 2 2 2 2 2 1 2 2 1 2 2 2 2 2 2 1 2 2 1 2 2 2 2 2 2 1 2 2 1 2 2 2 2 2 2 1 2 2 1 2 2 2 1 2 2 2 2 2 2 2 2 2 1 2 2 2 2 2 2 2 2 2 1 2 2 2 2 2 2 2 2 2 1 2 2 2 2 2 2 2 2 2 1 2 2 2 2 2 2 2 2 2 1 2 2 2 2 2 2 2 2 2 1 2 2 2 2 2 2 2 2 2 1 2 2 2 2 2 2 2 2 2 1 2 2 2 2 2 2 2 2 2 1 2 2 2 2 2 2 2 2 2 2 2 2 2 2 2 2 2 2 2 2 2 2 2 2 2 2 2 2 2 2 2 2 2 2 2 2 2 2 2 2 2 2 2 2 2 2 2 2 2 2 2 2 2 2 2 2 2 2 2 2 2 2 2 2 2 2 2 2 2 2 2 2 2 2 2 2 2 2 2 2 2 2 2 2 2 2 2 2 2 2 2 2 2 2 2 2 2 2 2 2 2 2 2 2 2 2 2 2 2 2 2 2 1 2 2 1 2 2 2 2 2 2 1 2 2 1 2 2 2 2 2 2 1 2 2 1 2 2 2 2 2 2 1 2 2 1 2 2 2 2 2 2 1 2 2 1 2 2 2 2 2 2 1 2 2 1 2 2 2 2 2 2 1 2 2 1 2 2 2 2 2 2 1 2 2 1 2 2 2 2 2 2 1 2 2 1 2 2 2 2 2 2 1 2 2 1 2 2 2 1 2 2 2 2 2 2 2 2 2 1 2 2 2 2 2 2 2 2 2 1 2 2 2 2 2 2 2 2 2 1 2 2 2 2 2 2 2 2 2 1 2 2 2 2 2 2 2 2 2 1 2 2 2 2 2 2 2 2 2 1 2 2 2 2 2 2 2 2 2 1 2 2 2 2 2 2 2 2 2 1 2 2 2 2 2 2 2 2 2 1 2 2 2 2 2 2 2 2 2 2 2 2 2 2 2 1 2 2 2 2 2 2 2 2 2 1 2 2 2 2 2 2 2 2 2 1 2 2 2 2 2 2 2 2 2 1 2 2 2 2 2 2 2 2 2 1 2 2 2 2 2 2 2 2 2 1 2 2 2 2 2 2 2 2 2 1 2 2 2 2 2 2 2 2 2 1 2 2 2 2 2 2 2 2 2 1 2 2 2 2 2 2 2 2 2 1 2 2 2 2 2 2 2 2 2 2 2 2 2 2 2 2 2 2 2 2 2 2 2 2 2 2 2 2 2 2 2 2 2 2 2 2 2 2 2 2 2 2 2 2 2 2 2 2 2 2 2 2 2 2 2 2 2 2 2 2 2 2 2 2 2 2 2 2 2 2 2 2 2 2 2 2 2 2 2 2 2 2 2 2 2 2 2 2 2 2 2 2 2 2 2 2 2 2 2 2 2 2 2 1 2 2 1 2 2 2 2 2 2 1 2 2 1 2 2 2 2 2 2 1 2 2 1 2 2 2 2 2 2 1 2 2 1 2 2 2 2 2 2 1 2 2 1 2 2 2 2 2 2 1 2 2 1 2 2 2 2 2 2 1 2 2 1 2 2 2 2 2 2 1 2 2 1 2 2 2 2 2 2 1 2 2 1 2 2 2 2 2 2 1 2 2 1 2 2 2 2 2 2 2 2 2 2 2 2 1 2 2 2 2 2 2 2 2 2 1 2 2 2 2 2 2 2 2 2 1 2 2 2 2 2 2 2 2 2 1 2 2 2 2 2 2 2 2 2 1 2 2 2 2 2 2 2 2 2 1 2 2 2 2 2 2 2 2 2 1 2 2 2 2 2 2 2 2 2 1 2 2 2 2 2 2 2 2 2 1 2 2 2 2 2 2 2 2 2 1 2 2 2 2 2 2 2 2 2 2 2 2 2 2 2 2 2 2 2 2 2 2 2 2 2 2 2 2 2 2 2 2 2 2 2 2 2 2 2 2 2 2 2 2 2 2 2 2 2 2 2 2 2 2 2 2 2 2 2 2 2 2 2 2 2 2 2 2 2 2 2 2 2 2 2 2 2 2 2 2 2 2 2 2 2 2 2 2 2 2 2 2 2 2 2 2 2 2 2 2 2 2 2 1 2 2 1 2 2 2 2 2 2 1 2 2 1 2 2 2 2 2 2 1 2 2 1 2 2 2 2 2 2 1 2 2 1 2 2 2 2 2 2 1 2 2 1 2 2 2 2 2 2 1 2 2 1 2 2 2 2 2 2 1 2 2 1 2 2 2 2 2 2 1 2 2 1 2 2 2 2 2 2 1 2 2 1 2 2 2 2 2 2 1 2 2 1 2 2 2 2 2 2 2 2 2 2 2 2 1 2 2 2 2 2 2 2 2 2 1 2 2 2 2 2 2 2 2 2 1 2 2 2 2 2 2 2 2 2 1 2 2 2 2 2 2 2 2 2 1 2 2 2 2 2 2 2 2 2 1 2 2 2 2 2 2 2 2 2 1 2 2 2 2 2 2 2 2 2 1 2 2 2 2 2 2 2 2 2 1 2 2 2 2 2 2 2 2 2 1 2 2 2 2 2 2 2 2 2 2 2 2 2 2 2 2 2 2 2 2 2 2 2 2 2 2 2 2 2 2 2 2 2 2 2 2 2 2 2 2 2 2 2 2 2 2 2 2 2 2 2 2 2 2 2 2 2 2 2 2 2 2 2 2 2 2 2 2 2 2 2 2 2 2 2 2 2 2 2 2 2 2 2 2 2 2 2 2 2 2 2 2 2 2 2 2 2 2 2 2 2 2 2 1 2 2 1 2 2 2 2 2 2 1 2 2 1 2 2 2 2 2 2 1 2 2 1 2 2 2 2 2 2 1 2 2 1 2 2 2 2 2 2 1 2 2 1 2 2 2 2 2 2 1 2 2 1 2 2 2 2 2 2 1 2 2 1 2 2 2 2 2 2 1 2 2 1 2 2 2 2 2 2 1 2 2 1 2 2 2 2 2 2 1 2 2 1 2 2 2 2 2 2 2 2 2 2 2 2 1 2 2 2 2 2 2 2 2 2 1 2 2 2 2 2 2 2 2 2 1 2 2 2 2 2 2 2 2 2 1 2 2 2 2 2 2 2 2 2 1 2 2 2 2 2 2 2 2 2 1 2 2 2 2 2 2 2 2 2 1 2 2 2 2 2 2 2 2 2 1 2 2 2 2 2 2 2 2 2 1 2 2 2 2 2 2 2 2 2 1 2 2 2 1 2 2 2 2 2 2 2 2 2 1 2 2 2 2 2 2 2 2 2 1 2 2 2 2 2 2 2 2 2 1 2 2 2 2 2 2 2 2 2 1 2 2 2 2 2 2 2 2 2 1 2 2 2 2 2 2 2 2 2 1 2 2 2 2 2 2 2 2 2 1 2 2 2 2 2 2 2 2 2 1 2 2 2 2 2 2 2 2 2 1 2 2 2 2 2 2 2 2 2 2 2 2 2 2 2 2 2 2 2 2 2 2 2 2 2 2 2 2 2 2 2 2 2 2 2 2 2 2 2 2 2 2 2 2 2 2 2 2 2 2 2 2 2 2 2 2 2 2 2 2 2 2 2 2 2 2 2 2 2 2 2 2 2 2 2 2 2 2 2 2 2 2 2 2 2 2 2 2 2 2 2 2 2 2 2 2 2 2 2 2 2 2 2 2 2 2 2 2 2 2 2 2 1 2 2 1 2 2 2 2 2 2 1 2 2 1 2 2 2 2 2 2 1 2 2 1 2 2 2 2 2 2 1 2 2 1 2 2 2 2 2 2 1 2 2 1 2 2 2 2 2 2 1 2 2 1 2 2 2 2 2 2 1 2 2 1 2 2 2 2 2 2 1 2 2 1 2 2 2 2 2 2 1 2 2 1 2 2 2 2 2 2 1 2 2 1 2 2 2 1 2 2 2 2 2 2 2 2 2 1 2 2 2 2 2 2 2 2 2 1 2 2 2 2 2 2 2 2 2 1 2 2 2 2 2 2 2 2 2 1 2 2 2 2 2 2 2 2 2 1 2 2 2 2 2 2 2 2 2 1 2 2 2 2 2 2 2 2 2 1 2 2 2 2 2 2 2 2 2 1 2 2 2 2 2 2 2 2 2 1 2 2 2 2 2 2 2 2 2 2 2 2 2 2 2 2 2 2 2 2 2 2 2 2 2 2 2 2 2 2 2 2 2 2 2 2 2 2 2 2 2 2 2 2 2 2 2 2 2 2 2 2 2 2 2 2 2 2 2 2 2 2 2 2 2 2 2 2 2 2 2 2 2 2 2 2 2 2 2 2 2 2 2 2 2 2 2 2 2 2 2 2 2 2 2 2 2 2 2 2 2 2 2 2 2 2 2 2 2 2 2 2 1 2 2 1 2 2 2 2 2 2 1 2 2 1 2 2 2 2 2 2 1 2 2 1 2 2 2 2 2 2 1 2 2 1 2 2 2 2 2 2 1 2 2 1 2 2 2 2 2 2 1 2 2 1 2 2 2 2 2 2 1 2 2 1 2 2 2 2 2 2 1 2 2 1 2 2 2 2 2 2 1 2 2 1 2 2 2 2 2 2 1 2 2 1 2 2 2 1 2 2 2 2 2 2 2 2 2 1 2 2 2 2 2 2 2 2 2 1 2 2 2 2 2 2 2 2 2 1 2 2 2 2 2 2 2 2 2 1 2 2 2 2 2 2 2 2 2 1 2 2 2 2 2 2 2 2 2 1 2 2 2 2 2 2 2 2 2 1 2 2 2 2 2 2 2 2 2 1 2 2 2 2 2 2 2 2 2 1 2 2 2 2 2 2 2 2 2 2 2 2 2 2 2 2 2 2 2 2 2 2 2 2 2 2 2 2 2 2 2 2 2 2 2 2 2 2 2 2 2 2 2 2 2 2 2 2 2 2 2 2 2 2 2 2 2 2 2 2 2 2 2 2 2 2 2 2 2 2 2 2 2 2 2 2 2 2 2 2 2 2 2 2 2 2 2 2 2 2 2 2 2 2 2 2 2 2 2 2 2 2 2 2 2 2 2 2 2 2 2 2 1 2 2 1 2 2 2 2 2 2 1 2 2 1 2 2 2 2 2 2 1 2 2 1 2 2 2 2 2 2 1 2 2 1 2 2 2 2 2 2 1 2 2 1 2 2 2 2 2 2 1 2 2 1 2 2 2 2 2 2 1 2 2 1 2 2 2 2 2 2 1 2 2 1 2 2 2 2 2 2 1 2 2 1 2 2 2 2 2 2 1 2 2 1 2 2 2 1 2 2 2 2 2 2 2 2 2 1 2 2 2 2 2 2 2 2 2 1 2 2 2 2 2 2 2 2 2 1 2 2 2 2 2 2 2 2 2 1 2 2 2 2 2 2 2 2 2 1 2 2 2 2 2 2 2 2 2 1 2 2 2 2 2 2 2 2 2 1 2 2 2 2 2 2 2 2 2 1 2 2 2 2 2 2 2 2 2 1 2 2 2 2 2 2 2 2 2 2 2 2 2 2 2 1 2 2 2 2 2 2 2 2 2 1 2 2 2 2 2 2 2 2 2 1 2 2 2 2 2 2 2 2 2 1 2 2 2 2 2 2 2 2 2 1 2 2 2 2 2 2 2 2 2 1 2 2 2 2 2 2 2 2 2 1 2 2 2 2 2 2 2 2 2 1 2 2 2 2 2 2 2 2 2 1 2 2 2 2 2 2 2 2 2 1 2 2 2 2 2 2 2 2 2 2 2 2 2 2 2 2 2 2 2 2 2 2 2 2 2 2 2 2 2 2 2 2 2 2 2 2 2 2 2 2 2 2 2 2 2 2 2 2 2 2 2 2 2 2 2 2 2 2 2 2 2 2 2 2 2 2 2 2 2 2 2 2 2 2 2 2 2 2 2 2 2 2 2 2 2 2 2 2 2 2 2 2 2 2 2 2 2 2 2 2 2 2 2 1 2 2 1 2 2 2 2 2 2 1 2 2 1 2 2 2 2 2 2 1 2 2 1 2 2 2 2 2 2 1 2 2 1 2 2 2 2 2 2 1 2 2 1 2 2 2 2 2 2 1 2 2 1 2 2 2 2 2 2 1 2 2 1 2 2 2 2 2 2 1 2 2 1 2 2 2 2 2 2 1 2 2 1 2 2 2 2 2 2 1 2 2 1 2 2 2 2 2 2 2 2 2 2 2 2 1 2 2 2 2 2 2 2 2 2 1 2 2 2 2 2 2 2 2 2 1 2 2 2 2 2 2 2 2 2 1 2 2 2 2 2 2 2 2 2 1 2 2 2 2 2 2 2 2 2 1 2 2 2 2 2 2 2 2 2 1 2 2 2 2 2 2 2 2 2 1 2 2 2 2 2 2 2 2 2 1 2 2 2 2 2 2 2 2 2 1 2 2 2 2 2 2 2 2 2 2 2 2 2 2 2 2 2 2 2 2 2 2 2 2 2 2 2 2 2 2 2 2 2 2 2 2 2 2 2 2 2 2 2 2 2 2 2 2 2 2 2 2 2 2 2 2 2 2 2 2 2 2 2 2 2 2 2 2 2 2 2 2 2 2 2 2 2 2 2 2 2 2 2 2 2 2 2 2 2 2 2 2 2 2 2 2 2 2 2 2 2 2 2 1 2 2 1 2 2 2 2 2 2 1 2 2 1 2 2 2 2 2 2 1 2 2 1 2 2 2 2 2 2 1 2 2 1 2 2 2 2 2 2 1 2 2 1 2 2 2 2 2 2 1 2 2 1 2 2 2 2 2 2 1 2 2 1 2 2 2 2 2 2 1 2 2 1 2 2 2 2 2 2 1 2 2 1 2 2 2 2 2 2 1 2 2 1 2 2 2 2 2 2 2 2 2 2 2 2 1 2 2 2 2 2 2 2 2 2 1 2 2 2 2 2 2 2 2 2 1 2 2 2 2 2 2 2 2 2 1 2 2 2 2 2 2 2 2 2 1 2 2 2 2 2 2 2 2 2 1 2 2 2 2 2 2 2 2 2 1 2 2 2 2 2 2 2 2 2 1 2 2 2 2 2 2 2 2 2 1 2 2 2 2 2 2 2 2 2 1 2 2 2 2 2 2 2 2 2 2 2 2 2 2 2 2 2 2 2 2 2 2 2 2 2 2 2 2 2 2 2 2 2 2 2 2 2 2 2 2 2 2 2 2 2 2 2 2 2 2 2 2 2 2 2 2 2 2 2 2 2 2 2 2 2 2 2 2 2 2 2 2 2 2 2 2 2 2 2 2 2 2 2 2 2 2 2 2 2 2 2 2 2 2 2 2 2 2 2 2 2 2 2 1 2 2 1 2 2 2 2 2 2 1 2 2 1 2 2 2 2 2 2 1 2 2 1 2 2 2 2 2 2 1 2 2 1 2 2 2 2 2 2 1 2 2 1 2 2 2 2 2 2 1 2 2 1 2 2 2 2 2 2 1 2 2 1 2 2 2 2 2 2 1 2 2 1 2 2 2 2 2 2 1 2 2 1 2 2 2 2 2 2 1 2 2 1 2 2 2 2 2 2 2 2 2 2 2 2 1 2 2 2 2 2 2 2 2 2 1 2 2 2 2 2 2 2 2 2 1 2 2 2 2 2 2 2 2 2 1 2 2 2 2 2 2 2 2 2 1 2 2 2 2 2 2 2 2 2 1 2 2 2 2 2 2 2 2 2 1 2 2 2 2 2 2 2 2 2 1 2 2 2 2 2 2 2 2 2 1 2 2 2 2 2 2 2 2 2 1 2 
</Matrix>
   <Matrix name="starterNeurons" type="complete" rows="1" columns="1000" multiplier="1.0">
   7 17 27 37 47 57 67 77 87 97 101 104 111 114 121 124 131 134 141 144 151 154 161 164 171 174 181 184 191 194 307 317 327 337 347 357 367 377 387 397 401 404 411 414 421 424 431 434 441 444 451 454 461 464 471 474 481 484 491 494 607 617 627 637 647 657 667 677 687 697 701 704 711 714 721 724 731 734 741 744 751 754 761 764 771 774 781 784 791 794 907 917 927 937 947 957 967 977 987 997 1007 1017 1027 1037 1047 1057 1067 1077 1087 1097 1101 1104 1111 1114 1121 1124 1131 1134 1141 1144 1151 1154 1161 1164 1171 1174 1181 1184 1191 1194 1307 1317 1327 1337 1347 1357 1367 1377 1387 1397 1401 1404 1411 1414 1421 1424 1431 1434 1441 1444 1451 1454 1461 1464 1471 1474 1481 1484 1491 1494 1607 1617 1627 1637 1647 1657 1667 1677 1687 1697 1701 1704 1711 1714 1721 1724 1731 1734 1741 1744 1751 1754 1761 1764 1771 1774 1781 1784 1791 1794 1907 1917 1927 1937 1947 1957 1967 1977 1987 1997 2007 2017 2027 2037 2047 2057 2067 2077 2087 2097 2101 2104 2111 2114 2121 2124 2131 2134 2141 2144 2151 2154 2161 2164 2171 2174 2181 2184 2191 2194 2307 2317 2327 2337 2347 2357 2367 2377 2387 2397 2401 2404 2411 2414 2421 2424 2431 2434 2441 2444 2451 2454 2461 2464 2471 2474 2481 2484 2491 2494 2607 2617 2627 2637 2647 2657 2667 2677 2687 2697 2701 2704 2711 2714 2721 2724 2731 2734 2741 2744 2751 2754 2761 2764 2771 2774 2781 2784 2791 2794 2907 2917 2927 2937 2947 2957 2967 2977 2987 2997 3007 3017 3027 3037 3047 3057 3067 3077 3087 3097 3101 3104 3111 3114 3121 3124 3131 3134 3141 3144 3151 3154 3161 3164 3171 3174 3181 3184 3191 3194 3307 3317 3327 3337 3347 3357 3367 3377 3387 3397 3401 3404 3411 3414 3421 3424 3431 3434 3441 3444 3451 3454 3461 3464 3471 3474 3481 3484 3491 3494 3607 3617 3627 3637 3647 3657 3667 3677 3687 3697 3701 3704 3711 3714 3721 3724 3731 3734 3741 3744 3751 3754 3761 3764 3771 3774 3781 3784 3791 3794 3907 3917 3927 3937 3947 3957 3967 3977 3987 3997 4007 4017 4027 4037 4047 4057 4067 4077 4087 4097 4101 4104 4111 4114 4121 4124 4131 4134 4141 4144 4151 4154 4161 4164 4171 4174 4181 4184 4191 4194 4307 4317 4327 4337 4347 4357 4367 4377 4387 4397 4401 4404 4411 4414 4421 4424 4431 4434 4441 4444 4451 4454 4461 4464 4471 4474 4481 4484 4491 4494 4607 4617 4627 4637 4647 4657 4667 4677 4687 4697 4701 4704 4711 4714 4721 4724 4731 4734 4741 4744 4751 4754 4761 4764 4771 4774 4781 4784 4791 4794 4907 4917 4927 4937 4947 4957 4967 4977 4987 4997 5007 5017 5027 5037 5047 5057 5067 5077 5087 5097 5101 5104 5111 5114 5121 5124 5131 5134 5141 5144 5151 5154 5161 5164 5171 5174 5181 5184 5191 5194 5307 5317 5327 5337 5347 5357 5367 5377 5387 5397 5401 5404 5411 5414 5421 5424 5431 5434 5441 5444 5451 5454 5461 5464 5471 5474 5481 5484 5491 5494 5607 5617 5627 5637 5647 5657 5667 5677 5687 5697 5701 5704 5711 5714 5721 5724 5731 5734 5741 5744 5751 5754 5761 5764 5771 5774 5781 5784 5791 5794 5907 5917 5927 5937 5947 5957 5967 5977 5987 5997 6007 6017 6027 6037 6047 6057 6067 6077 6087 6097 6101 6104 6111 6114 6121 6124 6131 6134 6141 6144 6151 6154 6161 6164 6171 6174 6181 6184 6191 6194 6307 6317 6327 6337 6347 6357 6367 6377 6387 6397 6401 6404 6411 6414 6421 6424 6431 6434 6441 6444 6451 6454 6461 6464 6471 6474 6481 6484 6491 6494 6607 6617 6627 6637 6647 6657 6667 6677 6687 6697 6701 6704 6711 6714 6721 6724 6731 6734 6741 6744 6751 6754 6761 6764 6771 6774 6781 6784 6791 6794 6907 6917 6927 6937 6947 6957 6967 6977 6987 6997 7007 7017 7027 7037 7047 7057 7067 7077 7087 7097 7101 7104 7111 7114 7121 7124 7131 7134 7141 7144 7151 7154 7161 7164 7171 7174 7181 7184 7191 7194 7307 7317 7327 7337 7347 7357 7367 7377 7387 7397 7401 7404 7411 7414 7421 7424 7431 7434 7441 7444 7451 7454 7461 7464 7471 7474 7481 7484 7491 7494 7607 7617 7627 7637 7647 7657 7667 7677 7687 7697 7701 7704 7711 7714 7721 7724 7731 7734 7741 7744 7751 7754 7761 7764 7771 7774 7781 7784 7791 7794 7907 7917 7927 7937 7947 7957 7967 7977 7987 7997 8007 8017 8027 8037 8047 8057 8067 8077 8087 8097 8101 8104 8111 8114 8121 8124 8131 8134 8141 8144 8151 8154 8161 8164 8171 8174 8181 8184 8191 8194 8307 8317 8327 8337 8347 8357 8367 8377 8387 8397 8401 8404 8411 8414 8421 8424 8431 8434 8441 8444 8451 8454 8461 8464 8471 8474 8481 8484 8491 8494 8607 8617 8627 8637 8647 8657 8667 8677 8687 8697 8701 8704 8711 8714 8721 8724 8731 8734 8741 8744 8751 8754 8761 8764 8771 8774 8781 8784 8791 8794 8907 8917 8927 8937 8947 8957 8967 8977 8987 8997 9007 9017 9027 9037 9047 9057 9067 9077 9087 9097 9101 9104 9111 9114 9121 9124 9131 9134 9141 9144 9151 9154 9161 9164 9171 9174 9181 9184 9191 9194 9307 9317 9327 9337 9347 9357 9367 9377 9387 9397 9401 9404 9411 9414 9421 9424 9431 9434 9441 9444 9451 9454 9461 9464 9471 9474 9481 9484 9491 9494 9607 9617 9627 9637 9647 9657 9667 9677 9687 9697 9701 9704 9711 9714 9721 9724 9731 9734 9741 9744 9751 9754 9761 9764 9771 9774 9781 9784 9791 9794 9907 9917 9927 9937 9947 9957 9967 9977 9987 9997 
</Matrix>
   <Matrix name="neuronThresh" type="complete" rows="1" columns="10000" multiplier="1.0">
   0.015 0.015 0.015 0.015 0.015 0.015 0.015 0.0136439 0.015 0.015 0.015 0.015 0.015 0.015 0.015 0.015 0.015 0.0135698 0.015 0.015 0.015 0.015 0.015 0.015 0.015 0.015 0.015 0.0136035 0.015 0.015 0.015 0.015 0.015 0.015 0.015 0.015 0.015 0.0136481 0.015 0.015 0.015 0.015 0.015 0.015 0.015 0.015 0.015 0.0136154 0.015 0.015 0.015 0.015 0.015 0.015 0.015 0.015 0.015 0.0135983 0.015 0.015 0.015 0.015 0.015 0.015 0.015 0.015 0.015 0.0136005 0.015 0.015 0.015 0.015 0.015 0.015 0.015 0.015 0.015 0.0136454 0.015 0.015 0.015 0.015 0.015 0.015 0.015 0.015 0.015 0.013621 0.015 0.015 0.015 0.015 0.015 0.015 0.015 0.015 0.015 0.0136163 0.015 0.015 0.015 0.0136306 0.015 0.015 0.0135787 0.015 0.015 0.015 0.015 0.015 0.015 0.013637 0.015 0.015 0.0136354 0.015 0.015 0.015 0.015 0.015 0.015 0.0136048 0.015 0.015 0.0135841 0.015 0.015 0.015 0.015 0.015 0.015 0.0136373 0.015 0.015 0.0135667 0.015 0.015 0.015 0.015 0.015 0.015 0.0136506 0.015 0.015 0.013629 0.015 0.015 0.015 0.015 0.015 0.015 0.0136295 0.015 0.015 0.0135911 0.015 0.015 0.015 0.015 0.015 0.015 0.0136282 0.015 0.015 0.0136164 0.015 0.015 0.015 0.015 0.015 0.015 0.0136093 0.015 0.015 0.0135955 0.015 0.015 0.015 0.015 0.015 0.015 0.0136397 0.015 0.015 0.0136323 0.015 0.015 0.015 0.015 0.015 0.015 0.0135837 0.015 0.015 0.0135764 0.015 0.015 0.015 0.015 0.015 0.015 0.015 0.015 0.015 0.015 0.015 0.015 0.015 0.015 0.015 0.015 0.015 0.015 0.015 0.015 0.015 0.015 0.015 0.015 0.015 0.015 0.015 0.015 0.015 0.015 0.015 0.015 0.015 0.015 0.015 0.015 0.015 0.015 0.015 0.015 0.015 0.015 0.015 0.015 0.015 0.015 0.015 0.015 0.015 0.015 0.015 0.015 0.015 0.015 0.015 0.015 0.015 0.015 0.015 0.015 0.015 0.015 0.015 0.015 0.015 0.015 0.015 0.015 0.015 0.015 0.015 0.015 0.015 0.015 0.015 0.015 0.015 0.015 0.015 0.015 0.015 0.015 0.015 0.015 0.015 0.015 0.015 0.015 0.015 0.015 0.015 0.015 0.015 0.015 0.015 0.015 0.015 0.015 0.015 0.015 0.015 0.015 0.015 0.015 0.015 0.015 0.015 0.015 0.015 0.015 0.015 0.015 0.0135665 0.015 0.015 0.015 0.015 0.015 0.015 0.015 0.015 0.015 0.0136164 0.015 0.015 0.015 0.015 0.015 0.015 0.015 0.015 0.015 0.0135824 0.015 0.015 0.015 0.015 0.015 0.015 0.015 0.015 0.015 0.013596 0.015 0.015 0.015 0.015 0.015 0.015 0.015 0.015 0.015 0.0136212 0.015 0.015 0.015 0.015 0.015 0.015 0.015 0.015 0.015 0.0136442 0.015 0.015 0.015 0.015 0.015 0.015 0.015 0.015 0.015 0.0135722 0.015 0.015 0.015 0.015 0.015 0.015 0.015 0.015 0.015 0.0136065 0.015 0.015 0.015 0.015 0.015 0.015 0.015 0.015 0.015 0.0136511 0.015 0.015 0.015 0.015 0.015 0.015 0.015 0.015 0.015 0.0136527 0.015 0.015 0.015 0.0136073 0.015 0.015 0.0135995 0.015 0.015 0.015 0.015 0.015 0.015 0.0135721 0.015 0.015 0.0135816 0.015 0.015 0.015 0.015 0.015 0.015 0.0136014 0.015 0.015 0.013628 0.015 0.015 0.015 0.015 0.015 0.015 0.0136155 0.015 0.015 0.0136116 0.015 0.015 0.015 0.015 0.015 0.015 0.0135663 0.015 0.015 0.0136303 0.015 0.015 0.015 0.015 0.015 0.015 0.0136347 0.015 0.015 0.0136512 0.015 0.015 0.015 0.015 0.015 0.015 0.0135853 0.015 0.015 0.0135961 0.015 0.015 0.015 0.015 0.015 0.015 0.01359 0.015 0.015 0.0135908 0.015 0.015 0.015 0.015 0.015 0.015 0.0136246 0.015 0.015 0.0136541 0.015 0.015 0.015 0.015 0.015 0.015 0.0135781 0.015 0.015 0.0136152 0.015 0.015 0.015 0.015 0.015 0.015 0.015 0.015 0.015 0.015 0.015 0.015 0.015 0.015 0.015 0.015 0.015 0.015 0.015 0.015 0.015 0.015 0.015 0.015 0.015 0.015 0.015 0.015 0.015 0.015 0.015 0.015 0.015 0.015 0.015 0.015 0.015 0.015 0.015 0.015 0.015 0.015 0.015 0.015 0.015 0.015 0.015 0.015 0.015 0.015 0.015 0.015 0.015 0.015 0.015 0.015 0.015 0.015 0.015 0.015 0.015 0.015 0.015 0.015 0.015 0.015 0.015 0.015 0.015 0.015 0.015 0.015 0.015 0.015 0.015 0.015 0.015 0.015 0.015 0.015 0.015 0.015 0.015 0.015 0.015 0.015 0.015 0.015 0.015 0.015 0.015 0.015 0.015 0.015 0.015 0.015 0.015 0.015 0.015 0.015 0.015 0.015 0.015 0.015 0.015 0.015 0.015 0.015 0.015 0.015 0.015 0.015 0.0136191 0.015 0.015 0.015 0.015 0.015 0.015 0.015 0.015 0.015 0.0135718 0.015 0.015 0.015 0.015 0.015 0.015 0.015 0.015 0.015 0.013576 0.015 0.015 0.015 0.015 0.015 0.015 0.015 0.015 0.015 0.013586 0.015 0.015 0.015 0.015 0.015 0.015 0.015 0.015 0.015 0.0136109 0.015 0.015 0.015 0.015 0.015 0.015 0.015 0.015 0.015 0.0136463 0.015 0.015 0.015 0.015 0.015 0.015 0.015 0.015 0.015 0.0135989 0.015 0.015 0.015 0.015 0.015 0.015 0.015 0.015 0.015 0.0136193 0.015 0.015 0.015 0.015 0.015 0.015 0.015 0.015 0.015 0.0135652 0.015 0.015 0.015 0.015 0.015 0.015 0.015 0.015 0.015 0.0136276 0.015 0.015 0.015 0.0135667 0.015 0.015 0.0136325 0.015 0.015 0.015 0.015 0.015 0.015 0.0136098 0.015 0.015 0.0136002 0.015 0.015 0.015 0.015 0.015 0.015 0.0136319 0.015 0.015 0.0136328 0.015 0.015 0.015 0.015 0.015 0.015 0.0136487 0.015 0.015 0.0136318 0.015 0.015 0.015 0.015 0.015 0.015 0.0136247 0.015 0.015 0.0135822 0.015 0.015 0.015 0.015 0.015 0.015 0.0135936 0.015 0.015 0.0136344 0.015 0.015 0.015 0.015 0.015 0.015 0.0136209 0.015 0.015 0.0135754 0.015 0.015 0.015 0.015 0.015 0.015 0.0136483 0.015 0.015 0.013618 0.015 0.015 0.015 0.015 0.015 0.015 0.0135754 0.015 0.015 0.0135851 0.015 0.015 0.015 0.015 0.015 0.015 0.0135741 0.015 0.015 0.0136358 0.015 0.015 0.015 0.015 0.015 0.015 0.015 0.015 0.015 0.015 0.015 0.015 0.015 0.015 0.015 0.015 0.015 0.015 0.015 0.015 0.015 0.015 0.015 0.015 0.015 0.015 0.015 0.015 0.015 0.015 0.015 0.015 0.015 0.015 0.015 0.015 0.015 0.015 0.015 0.015 0.015 0.015 0.015 0.015 0.015 0.015 0.015 0.015 0.015 0.015 0.015 0.015 0.015 0.015 0.015 0.015 0.015 0.015 0.015 0.015 0.015 0.015 0.015 0.015 0.015 0.015 0.015 0.015 0.015 0.015 0.015 0.015 0.015 0.015 0.015 0.015 0.015 0.015 0.015 0.015 0.015 0.015 0.015 0.015 0.015 0.015 0.015 0.015 0.015 0.015 0.015 0.015 0.015 0.015 0.015 0.015 0.015 0.015 0.015 0.015 0.015 0.015 0.015 0.015 0.015 0.015 0.015 0.015 0.015 0.015 0.015 0.015 0.0136168 0.015 0.015 0.015 0.015 0.015 0.015 0.015 0.015 0.015 0.0136395 0.015 0.015 0.015 0.015 0.015 0.015 0.015 0.015 0.015 0.0135833 0.015 0.015 0.015 0.015 0.015 0.015 0.015 0.015 0.015 0.0135932 0.015 0.015 0.015 0.015 0.015 0.015 0.015 0.015 0.015 0.0136517 0.015 0.015 0.015 0.015 0.015 0.015 0.015 0.015 0.015 0.0136159 0.015 0.015 0.015 0.015 0.015 0.015 0.015 0.015 0.015 0.0136364 0.015 0.015 0.015 0.015 0.015 0.015 0.015 0.015 0.015 0.0136426 0.015 0.015 0.015 0.015 0.015 0.015 0.015 0.015 0.015 0.0135883 0.015 0.015 0.015 0.015 0.015 0.015 0.015 0.015 0.015 0.0136479 0.015 0.015 0.015 0.015 0.015 0.015 0.015 0.015 0.015 0.013627 0.015 0.015 0.015 0.015 0.015 0.015 0.015 0.015 0.015 0.0135715 0.015 0.015 0.015 0.015 0.015 0.015 0.015 0.015 0.015 0.0135862 0.015 0.015 0.015 0.015 0.015 0.015 0.015 0.015 0.015 0.01357 0.015 0.015 0.015 0.015 0.015 0.015 0.015 0.015 0.015 0.0135834 0.015 0.015 0.015 0.015 0.015 0.015 0.015 0.015 0.015 0.0136515 0.015 0.015 0.015 0.015 0.015 0.015 0.015 0.015 0.015 0.0136177 0.015 0.015 0.015 0.015 0.015 0.015 0.015 0.015 0.015 0.0135865 0.015 0.015 0.015 0.015 0.015 0.015 0.015 0.015 0.015 0.0135739 0.015 0.015 0.015 0.015 0.015 0.015 0.015 0.015 0.015 0.01359 0.015 0.015 0.015 0.0135804 0.015 0.015 0.0135991 0.015 0.015 0.015 0.015 0.015 0.015 0.0135935 0.015 0.015 0.0136291 0.015 0.015 0.015 0.015 0.015 0.015 0.0135784 0.015 0.015 0.0136097 0.015 0.015 0.015 0.015 0.015 0.015 0.0135885 0.015 0.015 0.0135748 0.015 0.015 0.015 0.015 0.015 0.015 0.0135889 0.015 0.015 0.0135947 0.015 0.015 0.015 0.015 0.015 0.015 0.0135815 0.015 0.015 0.0135767 0.015 0.015 0.015 0.015 0.015 0.015 0.0135934 0.015 0.015 0.0135799 0.015 0.015 0.015 0.015 0.015 0.015 0.0135986 0.015 0.015 0.0135849 0.015 0.015 0.015 0.015 0.015 0.015 0.0136255 0.015 0.015 0.0136105 0.015 0.015 0.015 0.015 0.015 0.015 0.0135859 0.015 0.015 0.0136134 0.015 0.015 0.015 0.015 0.015 0.015 0.015 0.015 0.015 0.015 0.015 0.015 0.015 0.015 0.015 0.015 0.015 0.015 0.015 0.015 0.015 0.015 0.015 0.015 0.015 0.015 0.015 0.015 0.015 0.015 0.015 0.015 0.015 0.015 0.015 0.015 0.015 0.015 0.015 0.015 0.015 0.015 0.015 0.015 0.015 0.015 0.015 0.015 0.015 0.015 0.015 0.015 0.015 0.015 0.015 0.015 0.015 0.015 0.015 0.015 0.015 0.015 0.015 0.015 0.015 0.015 0.015 0.015 0.015 0.015 0.015 0.015 0.015 0.015 0.015 0.015 0.015 0.015 0.015 0.015 0.015 0.015 0.015 0.015 0.015 0.015 0.015 0.015 0.015 0.015 0.015 0.015 0.015 0.015 0.015 0.015 0.015 0.015 0.015 0.015 0.015 0.015 0.015 0.015 0.015 0.015 0.015 0.015 0.015 0.015 0.015 0.015 0.0136023 0.015 0.015 0.015 0.015 0.015 0.015 0.015 0.015 0.015 0.0136455 0.015 0.015 0.015 0.015 0.015 0.015 0.015 0.015 0.015 0.0135768 0.015 0.015 0.015 0.015 0.015 0.015 0.015 0.015 0.015 0.0136461 0.015 0.015 0.015 0.015 0.015 0.015 0.015 0.015 0.015 0.0135967 0.015 0.015 0.015 0.015 0.015 0.015 0.015 0.015 0.015 0.0135663 0.015 0.015 0.015 0.015 0.015 0.015 0.015 0.015 0.015 0.0136306 0.015 0.015 0.015 0.015 0.015 0.015 0.015 0.015 0.015 0.0136231 0.015 0.015 0.015 0.015 0.015 0.015 0.015 0.015 0.015 0.0136204 0.015 0.015 0.015 0.015 0.015 0.015 0.015 0.015 0.015 0.0135932 0.015 0.015 0.015 0.0135899 0.015 0.015 0.0136315 0.015 0.015 0.015 0.015 0.015 0.015 0.0136336 0.015 0.015 0.0136529 0.015 0.015 0.015 0.015 0.015 0.015 0.0135919 0.015 0.015 0.0135714 0.015 0.015 0.015 0.015 0.015 0.015 0.0135698 0.015 0.015 0.0136031 0.015 0.015 0.015 0.015 0.015 0.015 0.0135743 0.015 0.015 0.0136103 0.015 0.015 0.015 0.015 0.015 0.015 0.0135671 0.015 0.015 0.01357 0.015 0.015 0.015 0.015 0.015 0.015 0.0135735 0.015 0.015 0.0136487 0.015 0.015 0.015 0.015 0.015 0.015 0.0136001 0.015 0.015 0.0136311 0.015 0.015 0.015 0.015 0.015 0.015 0.0136271 0.015 0.015 0.0135719 0.015 0.015 0.015 0.015 0.015 0.015 0.0136449 0.015 0.015 0.0135903 0.015 0.015 0.015 0.015 0.015 0.015 0.015 0.015 0.015 0.015 0.015 0.015 0.015 0.015 0.015 0.015 0.015 0.015 0.015 0.015 0.015 0.015 0.015 0.015 0.015 0.015 0.015 0.015 0.015 0.015 0.015 0.015 0.015 0.015 0.015 0.015 0.015 0.015 0.015 0.015 0.015 0.015 0.015 0.015 0.015 0.015 0.015 0.015 0.015 0.015 0.015 0.015 0.015 0.015 0.015 0.015 0.015 0.015 0.015 0.015 0.015 0.015 0.015 0.015 0.015 0.015 0.015 0.015 0.015 0.015 0.015 0.015 0.015 0.015 0.015 0.015 0.015 0.015 0.015 0.015 0.015 0.015 0.015 0.015 0.015 0.015 0.015 0.015 0.015 0.015 0.015 0.015 0.015 0.015 0.015 0.015 0.015 0.015 0.015 0.015 0.015 0.015 0.015 0.015 0.015 0.015 0.015 0.015 0.015 0.015 0.015 0.015 0.0135781 0.015 0.015 0.015 0.015 0.015 0.015 0.015 0.015 0.015 0.0136525 0.015 0.015 0.015 0.015 0.015 0.015 0.015 0.015 0.015 0.0135883 0.015 0.015 0.015 0.015 0.015 0.015 0.015 0.015 0.015 0.0135735 0.015 0.015 0.015 0.015 0.015 0.015 0.015 0.015 0.015 0.0136496 0.015 0.015 0.015 0.015 0.015 0.015 0.015 0.015 0.015 0.0135822 0.015 0.015 0.015 0.015 0.015 0.015 0.015 0.015 0.015 0.013591 0.015 0.015 0.015 0.015 0.015 0.015 0.015 0.015 0.015 0.0136099 0.015 0.015 0.015 0.015 0.015 0.015 0.015 0.015 0.015 0.0135862 0.015 0.015 0.015 0.015 0.015 0.015 0.015 0.015 0.015 0.0136015 0.015 0.015 0.015 0.0135812 0.015 0.015 0.0136026 0.015 0.015 0.015 0.015 0.015 0.015 0.0135905 0.015 0.015 0.0135932 0.015 0.015 0.015 0.015 0.015 0.015 0.0135881 0.015 0.015 0.0136003 0.015 0.015 0.015 0.015 0.015 0.015 0.0136094 0.015 0.015 0.0135652 0.015 0.015 0.015 0.015 0.015 0.015 0.0136292 0.015 0.015 0.0136164 0.015 0.015 0.015 0.015 0.015 0.015 0.0136356 0.015 0.015 0.0135875 0.015 0.015 0.015 0.015 0.015 0.015 0.0136458 0.015 0.015 0.0136522 0.015 0.015 0.015 0.015 0.015 0.015 0.0136062 0.015 0.015 0.0136246 0.015 0.015 0.015 0.015 0.015 0.015 0.013618 0.015 0.015 0.0136066 0.015 0.015 0.015 0.015 0.015 0.015 0.0135857 0.015 0.015 0.0136504 0.015 0.015 0.015 0.015 0.015 0.015 0.015 0.015 0.015 0.015 0.015 0.015 0.015 0.015 0.015 0.015 0.015 0.015 0.015 0.015 0.015 0.015 0.015 0.015 0.015 0.015 0.015 0.015 0.015 0.015 0.015 0.015 0.015 0.015 0.015 0.015 0.015 0.015 0.015 0.015 0.015 0.015 0.015 0.015 0.015 0.015 0.015 0.015 0.015 0.015 0.015 0.015 0.015 0.015 0.015 0.015 0.015 0.015 0.015 0.015 0.015 0.015 0.015 0.015 0.015 0.015 0.015 0.015 0.015 0.015 0.015 0.015 0.015 0.015 0.015 0.015 0.015 0.015 0.015 0.015 0.015 0.015 0.015 0.015 0.015 0.015 0.015 0.015 0.015 0.015 0.015 0.015 0.015 0.015 0.015 0.015 0.015 0.015 0.015 0.015 0.015 0.015 0.015 0.015 0.015 0.015 0.015 0.015 0.015 0.015 0.015 0.015 0.0136305 0.015 0.015 0.015 0.015 0.015 0.015 0.015 0.015 0.015 0.0136223 0.015 0.015 0.015 0.015 0.015 0.015 0.015 0.015 0.015 0.0136281 0.015 0.015 0.015 0.015 0.015 0.015 0.015 0.015 0.015 0.0135701 0.015 0.015 0.015 0.015 0.015 0.015 0.015 0.015 0.015 0.0136152 0.015 0.015 0.015 0.015 0.015 0.015 0.015 0.015 0.015 0.0135663 0.015 0.015 0.015 0.015 0.015 0.015 0.015 0.015 0.015 0.0136424 0.015 0.015 0.015 0.015 0.015 0.015 0.015 0.015 0.015 0.0136266 0.015 0.015 0.015 0.015 0.015 0.015 0.015 0.015 0.015 0.0135793 0.015 0.015 0.015 0.015 0.015 0.015 0.015 0.015 0.015 0.0136263 0.015 0.015 0.015 0.015 0.015 0.015 0.015 0.015 0.015 0.0135857 0.015 0.015 0.015 0.015 0.015 0.015 0.015 0.015 0.015 0.0136177 0.015 0.015 0.015 0.015 0.015 0.015 0.015 0.015 0.015 0.0136474 0.015 0.015 0.015 0.015 0.015 0.015 0.015 0.015 0.015 0.0136012 0.015 0.015 0.015 0.015 0.015 0.015 0.015 0.015 0.015 0.0136052 0.015 0.015 0.015 0.015 0.015 0.015 0.015 0.015 0.015 0.0136536 0.015 0.015 0.015 0.015 0.015 0.015 0.015 0.015 0.015 0.0135678 0.015 0.015 0.015 0.015 0.015 0.015 0.015 0.015 0.015 0.0136157 0.015 0.015 0.015 0.015 0.015 0.015 0.015 0.015 0.015 0.0135737 0.015 0.015 0.015 0.015 0.015 0.015 0.015 0.015 0.015 0.0136244 0.015 0.015 0.015 0.0136031 0.015 0.015 0.0136475 0.015 0.015 0.015 0.015 0.015 0.015 0.013635 0.015 0.015 0.0135685 0.015 0.015 0.015 0.015 0.015 0.015 0.0136091 0.015 0.015 0.013602 0.015 0.015 0.015 0.015 0.015 0.015 0.0136109 0.015 0.015 0.0135876 0.015 0.015 0.015 0.015 0.015 0.015 0.013634 0.015 0.015 0.0135847 0.015 0.015 0.015 0.015 0.015 0.015 0.0136079 0.015 0.015 0.0135732 0.015 0.015 0.015 0.015 0.015 0.015 0.0135959 0.015 0.015 0.0136265 0.015 0.015 0.015 0.015 0.015 0.015 0.0135942 0.015 0.015 0.0136175 0.015 0.015 0.015 0.015 0.015 0.015 0.0135663 0.015 0.015 0.0136432 0.015 0.015 0.015 0.015 0.015 0.015 0.0136181 0.015 0.015 0.0136339 0.015 0.015 0.015 0.015 0.015 0.015 0.015 0.015 0.015 0.015 0.015 0.015 0.015 0.015 0.015 0.015 0.015 0.015 0.015 0.015 0.015 0.015 0.015 0.015 0.015 0.015 0.015 0.015 0.015 0.015 0.015 0.015 0.015 0.015 0.015 0.015 0.015 0.015 0.015 0.015 0.015 0.015 0.015 0.015 0.015 0.015 0.015 0.015 0.015 0.015 0.015 0.015 0.015 0.015 0.015 0.015 0.015 0.015 0.015 0.015 0.015 0.015 0.015 0.015 0.015 0.015 0.015 0.015 0.015 0.015 0.015 0.015 0.015 0.015 0.015 0.015 0.015 0.015 0.015 0.015 0.015 0.015 0.015 0.015 0.015 0.015 0.015 0.015 0.015 0.015 0.015 0.015 0.015 0.015 0.015 0.015 0.015 0.015 0.015 0.015 0.015 0.015 0.015 0.015 0.015 0.015 0.015 0.015 0.015 0.015 0.015 0.015 0.0135842 0.015 0.015 0.015 0.015 0.015 0.015 0.015 0.015 0.015 0.013611 0.015 0.015 0.015 0.015 0.015 0.015 0.015 0.015 0.015 0.0136368 0.015 0.015 0.015 0.015 0.015 0.015 0.015 0.015 0.015 0.0136017 0.015 0.015 0.015 0.015 0.015 0.015 0.015 0.015 0.015 0.0136376 0.015 0.015 0.015 0.015 0.015 0.015 0.015 0.015 0.015 0.0136318 0.015 0.015 0.015 0.015 0.015 0.015 0.015 0.015 0.015 0.013591 0.015 0.015 0.015 0.015 0.015 0.015 0.015 0.015 0.015 0.0136528 0.015 0.015 0.015 0.015 0.015 0.015 0.015 0.015 0.015 0.0136094 0.015 0.015 0.015 0.015 0.015 0.015 0.015 0.015 0.015 0.013568 0.015 0.015 0.015 0.0135655 0.015 0.015 0.0136531 0.015 0.015 0.015 0.015 0.015 0.015 0.0136342 0.015 0.015 0.0136031 0.015 0.015 0.015 0.015 0.015 0.015 0.0136292 0.015 0.015 0.0135821 0.015 0.015 0.015 0.015 0.015 0.015 0.0135824 0.015 0.015 0.0136304 0.015 0.015 0.015 0.015 0.015 0.015 0.0136332 0.015 0.015 0.0136433 0.015 0.015 0.015 0.015 0.015 0.015 0.0136171 0.015 0.015 0.0135735 0.015 0.015 0.015 0.015 0.015 0.015 0.0135893 0.015 0.015 0.0136051 0.015 0.015 0.015 0.015 0.015 0.015 0.013582 0.015 0.015 0.0136068 0.015 0.015 0.015 0.015 0.015 0.015 0.0135806 0.015 0.015 0.0135881 0.015 0.015 0.015 0.015 0.015 0.015 0.0136176 0.015 0.015 0.0136202 0.015 0.015 0.015 0.015 0.015 0.015 0.015 0.015 0.015 0.015 0.015 0.015 0.015 0.015 0.015 0.015 0.015 0.015 0.015 0.015 0.015 0.015 0.015 0.015 0.015 0.015 0.015 0.015 0.015 0.015 0.015 0.015 0.015 0.015 0.015 0.015 0.015 0.015 0.015 0.015 0.015 0.015 0.015 0.015 0.015 0.015 0.015 0.015 0.015 0.015 0.015 0.015 0.015 0.015 0.015 0.015 0.015 0.015 0.015 0.015 0.015 0.015 0.015 0.015 0.015 0.015 0.015 0.015 0.015 0.015 0.015 0.015 0.015 0.015 0.015 0.015 0.015 0.015 0.015 0.015 0.015 0.015 0.015 0.015 0.015 0.015 0.015 0.015 0.015 0.015 0.015 0.015 0.015 0.015 0.015 0.015 0.015 0.015 0.015 0.015 0.015 0.015 0.015 0.015 0.015 0.015 0.015 0.015 0.015 0.015 0.015 0.015 0.0135745 0.015 0.015 0.015 0.015 0.015 0.015 0.015 0.015 0.015 0.0136485 0.015 0.015 0.015 0.015 0.015 0.015 0.015 0.015 0.015 0.0136352 0.015 0.015 0.015 0.015 0.015 0.015 0.015 0.015 0.015 0.0135995 0.015 0.015 0.015 0.015 0.015 0.015 0.015 0.015 0.015 0.0135862 0.015 0.015 0.015 0.015 0.015 0.015 0.015 0.015 0.015 0.0135945 0.015 0.015 0.015 0.015 0.015 0.015 0.015 0.015 0.015 0.013633 0.015 0.015 0.015 0.015 0.015 0.015 0.015 0.015 0.015 0.0135739 0.015 0.015 0.015 0.015 0.015 0.015 0.015 0.015 0.015 0.0135901 0.015 0.015 0.015 0.015 0.015 0.015 0.015 0.015 0.015 0.0135657 0.015 0.015 0.015 0.013639 0.015 0.015 0.0136477 0.015 0.015 0.015 0.015 0.015 0.015 0.0136231 0.015 0.015 0.0136467 0.015 0.015 0.015 0.015 0.015 0.015 0.013596 0.015 0.015 0.0135796 0.015 0.015 0.015 0.015 0.015 0.015 0.0136545 0.015 0.015 0.0136038 0.015 0.015 0.015 0.015 0.015 0.015 0.0135816 0.015 0.015 0.0136424 0.015 0.015 0.015 0.015 0.015 0.015 0.013573 0.015 0.015 0.0135776 0.015 0.015 0.015 0.015 0.015 0.015 0.0136374 0.015 0.015 0.0136389 0.015 0.015 0.015 0.015 0.015 0.015 0.0135928 0.015 0.015 0.0135724 0.015 0.015 0.015 0.015 0.015 0.015 0.0136396 0.015 0.015 0.0135655 0.015 0.015 0.015 0.015 0.015 0.015 0.0136109 0.015 0.015 0.013566 0.015 0.015 0.015 0.015 0.015 0.015 0.015 0.015 0.015 0.015 0.015 0.015 0.015 0.015 0.015 0.015 0.015 0.015 0.015 0.015 0.015 0.015 0.015 0.015 0.015 0.015 0.015 0.015 0.015 0.015 0.015 0.015 0.015 0.015 0.015 0.015 0.015 0.015 0.015 0.015 0.015 0.015 0.015 0.015 0.015 0.015 0.015 0.015 0.015 0.015 0.015 0.015 0.015 0.015 0.015 0.015 0.015 0.015 0.015 0.015 0.015 0.015 0.015 0.015 0.015 0.015 0.015 0.015 0.015 0.015 0.015 0.015 0.015 0.015 0.015 0.015 0.015 0.015 0.015 0.015 0.015 0.015 0.015 0.015 0.015 0.015 0.015 0.015 0.015 0.015 0.015 0.015 0.015 0.015 0.015 0.015 0.015 0.015 0.015 0.015 0.015 0.015 0.015 0.015 0.015 0.015 0.015 0.015 0.015 0.015 0.015 0.015 0.013613 0.015 0.015 0.015 0.015 0.015 0.015 0.015 0.015 0.015 0.0136146 0.015 0.015 0.015 0.015 0.015 0.015 0.015 0.015 0.015 0.0136069 0.015 0.015 0.015 0.015 0.015 0.015 0.015 0.015 0.015 0.0136048 0.015 0.015 0.015 0.015 0.015 0.015 0.015 0.015 0.015 0.0135872 0.015 0.015 0.015 0.015 0.015 0.015 0.015 0.015 0.015 0.013592 0.015 0.015 0.015 0.015 0.015 0.015 0.015 0.015 0.015 0.0136473 0.015 0.015 0.015 0.015 0.015 0.015 0.015 0.015 0.015 0.0136018 0.015 0.015 0.015 0.015 0.015 0.015 0.015 0.015 0.015 0.0135673 0.015 0.015 0.015 0.015 0.015 0.015 0.015 0.015 0.015 0.013596 0.015 0.015 0.015 0.015 0.015 0.015 0.015 0.015 0.015 0.0135738 0.015 0.015 0.015 0.015 0.015 0.015 0.015 0.015 0.015 0.0136237 0.015 0.015 0.015 0.015 0.015 0.015 0.015 0.015 0.015 0.0135799 0.015 0.015 0.015 0.015 0.015 0.015 0.015 0.015 0.015 0.0135692 0.015 0.015 0.015 0.015 0.015 0.015 0.015 0.015 0.015 0.0136 0.015 0.015 0.015 0.015 0.015 0.015 0.015 0.015 0.015 0.013629 0.015 0.015 0.015 0.015 0.015 0.015 0.015 0.015 0.015 0.0135874 0.015 0.015 0.015 0.015 0.015 0.015 0.015 0.015 0.015 0.0135655 0.015 0.015 0.015 0.015 0.015 0.015 0.015 0.015 0.015 0.0136144 0.015 0.015 0.015 0.015 0.015 0.015 0.015 0.015 0.015 0.0136465 0.015 0.015 0.015 0.0136326 0.015 0.015 0.0135902 0.015 0.015 0.015 0.015 0.015 0.015 0.0136015 0.015 0.015 0.0136438 0.015 0.015 0.015 0.015 0.015 0.015 0.0136047 0.015 0.015 0.0136465 0.015 0.015 0.015 0.015 0.015 0.015 0.0136493 0.015 0.015 0.0136258 0.015 0.015 0.015 0.015 0.015 0.015 0.0135986 0.015 0.015 0.0136469 0.015 0.015 0.015 0.015 0.015 0.015 0.0136411 0.015 0.015 0.0136498 0.015 0.015 0.015 0.015 0.015 0.015 0.0136273 0.015 0.015 0.0136108 0.015 0.015 0.015 0.015 0.015 0.015 0.0135813 0.015 0.015 0.0136007 0.015 0.015 0.015 0.015 0.015 0.015 0.0136381 0.015 0.015 0.0136387 0.015 0.015 0.015 0.015 0.015 0.015 0.0136176 0.015 0.015 0.0136183 0.015 0.015 0.015 0.015 0.015 0.015 0.015 0.015 0.015 0.015 0.015 0.015 0.015 0.015 0.015 0.015 0.015 0.015 0.015 0.015 0.015 0.015 0.015 0.015 0.015 0.015 0.015 0.015 0.015 0.015 0.015 0.015 0.015 0.015 0.015 0.015 0.015 0.015 0.015 0.015 0.015 0.015 0.015 0.015 0.015 0.015 0.015 0.015 0.015 0.015 0.015 0.015 0.015 0.015 0.015 0.015 0.015 0.015 0.015 0.015 0.015 0.015 0.015 0.015 0.015 0.015 0.015 0.015 0.015 0.015 0.015 0.015 0.015 0.015 0.015 0.015 0.015 0.015 0.015 0.015 0.015 0.015 0.015 0.015 0.015 0.015 0.015 0.015 0.015 0.015 0.015 0.015 0.015 0.015 0.015 0.015 0.015 0.015 0.015 0.015 0.015 0.015 0.015 0.015 0.015 0.015 0.015 0.015 0.015 0.015 0.015 0.015 0.0136414 0.015 0.015 0.015 0.015 0.015 0.015 0.015 0.015 0.015 0.0136194 0.015 0.015 0.015 0.015 0.015 0.015 0.015 0.015 0.015 0.0135881 0.015 0.015 0.015 0.015 0.015 0.015 0.015 0.015 0.015 0.013597 0.015 0.015 0.015 0.015 0.015 0.015 0.015 0.015 0.015 0.0135776 0.015 0.015 0.015 0.015 0.015 0.015 0.015 0.015 0.015 0.0135887 0.015 0.015 0.015 0.015 0.015 0.015 0.015 0.015 0.015 0.0136312 0.015 0.015 0.015 0.015 0.015 0.015 0.015 0.015 0.015 0.0136002 0.015 0.015 0.015 0.015 0.015 0.015 0.015 0.015 0.015 0.0135683 0.015 0.015 0.015 0.015 0.015 0.015 0.015 0.015 0.015 0.0136432 0.015 0.015 0.015 0.0136404 0.015 0.015 0.0136121 0.015 0.015 0.015 0.015 0.015 0.015 0.0136209 0.015 0.015 0.0136371 0.015 0.015 0.015 0.015 0.015 0.015 0.0136185 0.015 0.015 0.0136052 0.015 0.015 0.015 0.015 0.015 0.015 0.0136254 0.015 0.015 0.013649 0.015 0.015 0.015 0.015 0.015 0.015 0.0135885 0.015 0.015 0.013575 0.015 0.015 0.015 0.015 0.015 0.015 0.0135907 0.015 0.015 0.0135911 0.015 0.015 0.015 0.015 0.015 0.015 0.0135959 0.015 0.015 0.0135757 0.015 0.015 0.015 0.015 0.015 0.015 0.0136036 0.015 0.015 0.0135691 0.015 0.015 0.015 0.015 0.015 0.015 0.0135669 0.015 0.015 0.0136425 0.015 0.015 0.015 0.015 0.015 0.015 0.013592 0.015 0.015 0.0136541 0.015 0.015 0.015 0.015 0.015 0.015 0.015 0.015 0.015 0.015 0.015 0.015 0.015 0.015 0.015 0.015 0.015 0.015 0.015 0.015 0.015 0.015 0.015 0.015 0.015 0.015 0.015 0.015 0.015 0.015 0.015 0.015 0.015 0.015 0.015 0.015 0.015 0.015 0.015 0.015 0.015 0.015 0.015 0.015 0.015 0.015 0.015 0.015 0.015 0.015 0.015 0.015 0.015 0.015 0.015 0.015 0.015 0.015 0.015 0.015 0.015 0.015 0.015 0.015 0.015 0.015 0.015 0.015 0.015 0.015 0.015 0.015 0.015 0.015 0.015 0.015 0.015 0.015 0.015 0.015 0.015 0.015 0.015 0.015 0.015 0.015 0.015 0.015 0.015 0.015 0.015 0.015 0.015 0.015 0.015 0.015 0.015 0.015 0.015 0.015 0.015 0.015 0.015 0.015 0.015 0.015 0.015 0.015 0.015 0.015 0.015 0.015 0.013567 0.015 0.015 0.015 0.015 0.015 0.015 0.015 0.015 0.015 0.0136484 0.015 0.015 0.015 0.015 0.015 0.015 0.015 0.015 0.015 0.0136455 0.015 0.015 0.015 0.015 0.015 0.015 0.015 0.015 0.015 0.0136122 0.015 0.015 0.015 0.015 0.015 0.015 0.015 0.015 0.015 0.0136299 0.015 0.015 0.015 0.015 0.015 0.015 0.015 0.015 0.015 0.0136453 0.015 0.015 0.015 0.015 0.015 0.015 0.015 0.015 0.015 0.0136263 0.015 0.015 0.015 0.015 0.015 0.015 0.015 0.015 0.015 0.0135928 0.015 0.015 0.015 0.015 0.015 0.015 0.015 0.015 0.015 0.0136501 0.015 0.015 0.015 0.015 0.015 0.015 0.015 0.015 0.015 0.0135707 0.015 0.015 0.015 0.0135721 0.015 0.015 0.0135888 0.015 0.015 0.015 0.015 0.015 0.015 0.013582 0.015 0.015 0.0135752 0.015 0.015 0.015 0.015 0.015 0.015 0.0136293 0.015 0.015 0.0136396 0.015 0.015 0.015 0.015 0.015 0.015 0.0136227 0.015 0.015 0.013652 0.015 0.015 0.015 0.015 0.015 0.015 0.0135982 0.015 0.015 0.0136476 0.015 0.015 0.015 0.015 0.015 0.015 0.013617 0.015 0.015 0.0136331 0.015 0.015 0.015 0.015 0.015 0.015 0.0135878 0.015 0.015 0.0135927 0.015 0.015 0.015 0.015 0.015 0.015 0.0135657 0.015 0.015 0.0136126 0.015 0.015 0.015 0.015 0.015 0.015 0.0135805 0.015 0.015 0.0135713 0.015 0.015 0.015 0.015 0.015 0.015 0.0136094 0.015 0.015 0.0136331 0.015 0.015 0.015 0.015 0.015 0.015 0.015 0.015 0.015 0.015 0.015 0.015 0.015 0.015 0.015 0.015 0.015 0.015 0.015 0.015 0.015 0.015 0.015 0.015 0.015 0.015 0.015 0.015 0.015 0.015 0.015 0.015 0.015 0.015 0.015 0.015 0.015 0.015 0.015 0.015 0.015 0.015 0.015 0.015 0.015 0.015 0.015 0.015 0.015 0.015 0.015 0.015 0.015 0.015 0.015 0.015 0.015 0.015 0.015 0.015 0.015 0.015 0.015 0.015 0.015 0.015 0.015 0.015 0.015 0.015 0.015 0.015 0.015 0.015 0.015 0.015 0.015 0.015 0.015 0.015 0.015 0.015 0.015 0.015 0.015 0.015 0.015 0.015 0.015 0.015 0.015 0.015 0.015 0.015 0.015 0.015 0.015 0.015 0.015 0.015 0.015 0.015 0.015 0.015 0.015 0.015 0.015 0.015 0.015 0.015 0.015 0.015 0.0136124 0.015 0.015 0.015 0.015 0.015 0.015 0.015 0.015 0.015 0.013635 0.015 0.015 0.015 0.015 0.015 0.015 0.015 0.015 0.015 0.0135843 0.015 0.015 0.015 0.015 0.015 0.015 0.015 0.015 0.015 0.0136217 0.015 0.015 0.015 0.015 0.015 0.015 0.015 0.015 0.015 0.0135662 0.015 0.015 0.015 0.015 0.015 0.015 0.015 0.015 0.015 0.013625 0.015 0.015 0.015 0.015 0.015 0.015 0.015 0.015 0.015 0.0136448 0.015 0.015 0.015 0.015 0.015 0.015 0.015 0.015 0.015 0.0136264 0.015 0.015 0.015 0.015 0.015 0.015 0.015 0.015 0.015 0.0136062 0.015 0.015 0.015 0.015 0.015 0.015 0.015 0.015 0.015 0.0136178 0.015 0.015 0.015 0.015 0.015 0.015 0.015 0.015 0.015 0.0136385 0.015 0.015 0.015 0.015 0.015 0.015 0.015 0.015 0.015 0.0136514 0.015 0.015 0.015 0.015 0.015 0.015 0.015 0.015 0.015 0.0135974 0.015 0.015 0.015 0.015 0.015 0.015 0.015 0.015 0.015 0.0136326 0.015 0.015 0.015 0.015 0.015 0.015 0.015 0.015 0.015 0.0136216 0.015 0.015 0.015 0.015 0.015 0.015 0.015 0.015 0.015 0.0136088 0.015 0.015 0.015 0.015 0.015 0.015 0.015 0.015 0.015 0.0136249 0.015 0.015 0.015 0.015 0.015 0.015 0.015 0.015 0.015 0.0135655 0.015 0.015 0.015 0.015 0.015 0.015 0.015 0.015 0.015 0.0135941 0.015 0.015 0.015 0.015 0.015 0.015 0.015 0.015 0.015 0.0135894 0.015 0.015 0.015 0.0136477 0.015 0.015 0.0136014 0.015 0.015 0.015 0.015 0.015 0.015 0.0135948 0.015 0.015 0.0135871 0.015 0.015 0.015 0.015 0.015 0.015 0.0136219 0.015 0.015 0.0136249 0.015 0.015 0.015 0.015 0.015 0.015 0.0135929 0.015 0.015 0.0136207 0.015 0.015 0.015 0.015 0.015 0.015 0.013648 0.015 0.015 0.0135809 0.015 0.015 0.015 0.015 0.015 0.015 0.0136053 0.015 0.015 0.0136364 0.015 0.015 0.015 0.015 0.015 0.015 0.0136111 0.015 0.015 0.0136396 0.015 0.015 0.015 0.015 0.015 0.015 0.0136146 0.015 0.015 0.0135876 0.015 0.015 0.015 0.015 0.015 0.015 0.0136523 0.015 0.015 0.0136077 0.015 0.015 0.015 0.015 0.015 0.015 0.0135661 0.015 0.015 0.0136257 0.015 0.015 0.015 0.015 0.015 0.015 0.015 0.015 0.015 0.015 0.015 0.015 0.015 0.015 0.015 0.015 0.015 0.015 0.015 0.015 0.015 0.015 0.015 0.015 0.015 0.015 0.015 0.015 0.015 0.015 0.015 0.015 0.015 0.015 0.015 0.015 0.015 0.015 0.015 0.015 0.015 0.015 0.015 0.015 0.015 0.015 0.015 0.015 0.015 0.015 0.015 0.015 0.015 0.015 0.015 0.015 0.015 0.015 0.015 0.015 0.015 0.015 0.015 0.015 0.015 0.015 0.015 0.015 0.015 0.015 0.015 0.015 0.015 0.015 0.015 0.015 0.015 0.015 0.015 0.015 0.015 0.015 0.015 0.015 0.015 0.015 0.015 0.015 0.015 0.015 0.015 0.015 0.015 0.015 0.015 0.015 0.015 0.015 0.015 0.015 0.015 0.015 0.015 0.015 0.015 0.015 0.015 0.015 0.015 0.015 0.015 0.015 0.0136236 0.015 0.015 0.015 0.015 0.015 0.015 0.015 0.015 0.015 0.0135985 0.015 0.015 0.015 0.015 0.015 0.015 0.015 0.015 0.015 0.0136323 0.015 0.015 0.015 0.015 0.015 0.015 0.015 0.015 0.015 0.0135897 0.015 0.015 0.015 0.015 0.015 0.015 0.015 0.015 0.015 0.0136507 0.015 0.015 0.015 0.015 0.015 0.015 0.015 0.015 0.015 0.0136119 0.015 0.015 0.015 0.015 0.015 0.015 0.015 0.015 0.015 0.0136382 0.015 0.015 0.015 0.015 0.015 0.015 0.015 0.015 0.015 0.0136466 0.015 0.015 0.015 0.015 0.015 0.015 0.015 0.015 0.015 0.0135798 0.015 0.015 0.015 0.015 0.015 0.015 0.015 0.015 0.015 0.013641 0.015 0.015 0.015 0.0135994 0.015 0.015 0.0135803 0.015 0.015 0.015 0.015 0.015 0.015 0.0135692 0.015 0.015 0.0136486 0.015 0.015 0.015 0.015 0.015 0.015 0.0135867 0.015 0.015 0.013587 0.015 0.015 0.015 0.015 0.015 0.015 0.0136229 0.015 0.015 0.0135685 0.015 0.015 0.015 0.015 0.015 0.015 0.0136036 0.015 0.015 0.0136002 0.015 0.015 0.015 0.015 0.015 0.015 0.013588 0.015 0.015 0.013651 0.015 0.015 0.015 0.015 0.015 0.015 0.0135977 0.015 0.015 0.0136358 0.015 0.015 0.015 0.015 0.015 0.015 0.0136549 0.015 0.015 0.0136462 0.015 0.015 0.015 0.015 0.015 0.015 0.0136374 0.015 0.015 0.0136148 0.015 0.015 0.015 0.015 0.015 0.015 0.0135872 0.015 0.015 0.0136069 0.015 0.015 0.015 0.015 0.015 0.015 0.015 0.015 0.015 0.015 0.015 0.015 0.015 0.015 0.015 0.015 0.015 0.015 0.015 0.015 0.015 0.015 0.015 0.015 0.015 0.015 0.015 0.015 0.015 0.015 0.015 0.015 0.015 0.015 0.015 0.015 0.015 0.015 0.015 0.015 0.015 0.015 0.015 0.015 0.015 0.015 0.015 0.015 0.015 0.015 0.015 0.015 0.015 0.015 0.015 0.015 0.015 0.015 0.015 0.015 0.015 0.015 0.015 0.015 0.015 0.015 0.015 0.015 0.015 0.015 0.015 0.015 0.015 0.015 0.015 0.015 0.015 0.015 0.015 0.015 0.015 0.015 0.015 0.015 0.015 0.015 0.015 0.015 0.015 0.015 0.015 0.015 0.015 0.015 0.015 0.015 0.015 0.015 0.015 0.015 0.015 0.015 0.015 0.015 0.015 0.015 0.015 0.015 0.015 0.015 0.015 0.015 0.0135841 0.015 0.015 0.015 0.015 0.015 0.015 0.015 0.015 0.015 0.0136224 0.015 0.015 0.015 0.015 0.015 0.015 0.015 0.015 0.015 0.0135951 0.015 0.015 0.015 0.015 0.015 0.015 0.015 0.015 0.015 0.0135984 0.015 0.015 0.015 0.015 0.015 0.015 0.015 0.015 0.015 0.0135768 0.015 0.015 0.015 0.015 0.015 0.015 0.015 0.015 0.015 0.0136253 0.015 0.015 0.015 0.015 0.015 0.015 0.015 0.015 0.015 0.0135686 0.015 0.015 0.015 0.015 0.015 0.015 0.015 0.015 0.015 0.0136265 0.015 0.015 0.015 0.015 0.015 0.015 0.015 0.015 0.015 0.0136199 0.015 0.015 0.015 0.015 0.015 0.015 0.015 0.015 0.015 0.0135661 0.015 0.015 0.015 0.0135838 0.015 0.015 0.0136151 0.015 0.015 0.015 0.015 0.015 0.015 0.0135877 0.015 0.015 0.0136204 0.015 0.015 0.015 0.015 0.015 0.015 0.0135884 0.015 0.015 0.013641 0.015 0.015 0.015 0.015 0.015 0.015 0.0136045 0.015 0.015 0.0136437 0.015 0.015 0.015 0.015 0.015 0.015 0.0136312 0.015 0.015 0.0135688 0.015 0.015 0.015 0.015 0.015 0.015 0.0135958 0.015 0.015 0.0136484 0.015 0.015 0.015 0.015 0.015 0.015 0.0136213 0.015 0.015 0.0136323 0.015 0.015 0.015 0.015 0.015 0.015 0.0136057 0.015 0.015 0.0135891 0.015 0.015 0.015 0.015 0.015 0.015 0.0136272 0.015 0.015 0.0136081 0.015 0.015 0.015 0.015 0.015 0.015 0.0135667 0.015 0.015 0.0135856 0.015 0.015 0.015 0.015 0.015 0.015 0.015 0.015 0.015 0.015 0.015 0.015 0.015 0.015 0.015 0.015 0.015 0.015 0.015 0.015 0.015 0.015 0.015 0.015 0.015 0.015 0.015 0.015 0.015 0.015 0.015 0.015 0.015 0.015 0.015 0.015 0.015 0.015 0.015 0.015 0.015 0.015 0.015 0.015 0.015 0.015 0.015 0.015 0.015 0.015 0.015 0.015 0.015 0.015 0.015 0.015 0.015 0.015 0.015 0.015 0.015 0.015 0.015 0.015 0.015 0.015 0.015 0.015 0.015 0.015 0.015 0.015 0.015 0.015 0.015 0.015 0.015 0.015 0.015 0.015 0.015 0.015 0.015 0.015 0.015 0.015 0.015 0.015 0.015 0.015 0.015 0.015 0.015 0.015 0.015 0.015 0.015 0.015 0.015 0.015 0.015 0.015 0.015 0.015 0.015 0.015 0.015 0.015 0.015 0.015 0.015 0.015 0.0135879 0.015 0.015 0.015 0.015 0.015 0.015 0.015 0.015 0.015 0.0136325 0.015 0.015 0.015 0.015 0.015 0.015 0.015 0.015 0.015 0.0136138 0.015 0.015 0.015 0.015 0.015 0.015 0.015 0.015 0.015 0.0136151 0.015 0.015 0.015 0.015 0.015 0.015 0.015 0.015 0.015 0.0136111 0.015 0.015 0.015 0.015 0.015 0.015 0.015 0.015 0.015 0.013609 0.015 0.015 0.015 0.015 0.015 0.015 0.015 0.015 0.015 0.0135658 0.015 0.015 0.015 0.015 0.015 0.015 0.015 0.015 0.015 0.013573 0.015 0.015 0.015 0.015 0.015 0.015 0.015 0.015 0.015 0.0136225 0.015 0.015 0.015 0.015 0.015 0.015 0.015 0.015 0.015 0.0136241 0.015 0.015 0.015 0.015 0.015 0.015 0.015 0.015 0.015 0.0136251 0.015 0.015 0.015 0.015 0.015 0.015 0.015 0.015 0.015 0.0136188 0.015 0.015 0.015 0.015 0.015 0.015 0.015 0.015 0.015 0.0136089 0.015 0.015 0.015 0.015 0.015 0.015 0.015 0.015 0.015 0.0135937 0.015 0.015 0.015 0.015 0.015 0.015 0.015 0.015 0.015 0.0135714 0.015 0.015 0.015 0.015 0.015 0.015 0.015 0.015 0.015 0.0136056 0.015 0.015 0.015 0.015 0.015 0.015 0.015 0.015 0.015 0.0135934 0.015 0.015 0.015 0.015 0.015 0.015 0.015 0.015 0.015 0.0136488 0.015 0.015 0.015 0.015 0.015 0.015 0.015 0.015 0.015 0.0135853 0.015 0.015 0.015 0.015 0.015 0.015 0.015 0.015 0.015 0.0136192 0.015 0.015 0.015 0.0136442 0.015 0.015 0.013597 0.015 0.015 0.015 0.015 0.015 0.015 0.0136154 0.015 0.015 0.0135689 0.015 0.015 0.015 0.015 0.015 0.015 0.0135853 0.015 0.015 0.0135747 0.015 0.015 0.015 0.015 0.015 0.015 0.0136317 0.015 0.015 0.0136333 0.015 0.015 0.015 0.015 0.015 0.015 0.0136205 0.015 0.015 0.0136479 0.015 0.015 0.015 0.015 0.015 0.015 0.0136126 0.015 0.015 0.013571 0.015 0.015 0.015 0.015 0.015 0.015 0.0136539 0.015 0.015 0.0136401 0.015 0.015 0.015 0.015 0.015 0.015 0.013587 0.015 0.015 0.0136131 0.015 0.015 0.015 0.015 0.015 0.015 0.0136398 0.015 0.015 0.0135997 0.015 0.015 0.015 0.015 0.015 0.015 0.013608 0.015 0.015 0.0136521 0.015 0.015 0.015 0.015 0.015 0.015 0.015 0.015 0.015 0.015 0.015 0.015 0.015 0.015 0.015 0.015 0.015 0.015 0.015 0.015 0.015 0.015 0.015 0.015 0.015 0.015 0.015 0.015 0.015 0.015 0.015 0.015 0.015 0.015 0.015 0.015 0.015 0.015 0.015 0.015 0.015 0.015 0.015 0.015 0.015 0.015 0.015 0.015 0.015 0.015 0.015 0.015 0.015 0.015 0.015 0.015 0.015 0.015 0.015 0.015 0.015 0.015 0.015 0.015 0.015 0.015 0.015 0.015 0.015 0.015 0.015 0.015 0.015 0.015 0.015 0.015 0.015 0.015 0.015 0.015 0.015 0.015 0.015 0.015 0.015 0.015 0.015 0.015 0.015 0.015 0.015 0.015 0.015 0.015 0.015 0.015 0.015 0.015 0.015 0.015 0.015 0.015 0.015 0.015 0.015 0.015 0.015 0.015 0.015 0.015 0.015 0.015 0.0136244 0.015 0.015 0.015 0.015 0.015 0.015 0.015 0.015 0.015 0.0135812 0.015 0.015 0.015 0.015 0.015 0.015 0.015 0.015 0.015 0.0135881 0.015 0.015 0.015 0.015 0.015 0.015 0.015 0.015 0.015 0.0136304 0.015 0.015 0.015 0.015 0.015 0.015 0.015 0.015 0.015 0.0135945 0.015 0.015 0.015 0.015 0.015 0.015 0.015 0.015 0.015 0.0135793 0.015 0.015 0.015 0.015 0.015 0.015 0.015 0.015 0.015 0.0136501 0.015 0.015 0.015 0.015 0.015 0.015 0.015 0.015 0.015 0.0135769 0.015 0.015 0.015 0.015 0.015 0.015 0.015 0.015 0.015 0.013633 0.015 0.015 0.015 0.015 0.015 0.015 0.015 0.015 0.015 0.0135652 0.015 0.015 0.015 0.0136156 0.015 0.015 0.0136342 0.015 0.015 0.015 0.015 0.015 0.015 0.0136316 0.015 0.015 0.0135694 0.015 0.015 0.015 0.015 0.015 0.015 0.0136027 0.015 0.015 0.0136151 0.015 0.015 0.015 0.015 0.015 0.015 0.013582 0.015 0.015 0.0136492 0.015 0.015 0.015 0.015 0.015 0.015 0.0135882 0.015 0.015 0.013652 0.015 0.015 0.015 0.015 0.015 0.015 0.0135998 0.015 0.015 0.0136421 0.015 0.015 0.015 0.015 0.015 0.015 0.0135712 0.015 0.015 0.0135772 0.015 0.015 0.015 0.015 0.015 0.015 0.0135785 0.015 0.015 0.0136115 0.015 0.015 0.015 0.015 0.015 0.015 0.0135733 0.015 0.015 0.0136139 0.015 0.015 0.015 0.015 0.015 0.015 0.0135879 0.015 0.015 0.0136246 0.015 0.015 0.015 0.015 0.015 0.015 0.015 0.015 0.015 0.015 0.015 0.015 0.015 0.015 0.015 0.015 0.015 0.015 0.015 0.015 0.015 0.015 0.015 0.015 0.015 0.015 0.015 0.015 0.015 0.015 0.015 0.015 0.015 0.015 0.015 0.015 0.015 0.015 0.015 0.015 0.015 0.015 0.015 0.015 0.015 0.015 0.015 0.015 0.015 0.015 0.015 0.015 0.015 0.015 0.015 0.015 0.015 0.015 0.015 0.015 0.015 0.015 0.015 0.015 0.015 0.015 0.015 0.015 0.015 0.015 0.015 0.015 0.015 0.015 0.015 0.015 0.015 0.015 0.015 0.015 0.015 0.015 0.015 0.015 0.015 0.015 0.015 0.015 0.015 0.015 0.015 0.015 0.015 0.015 0.015 0.015 0.015 0.015 0.015 0.015 0.015 0.015 0.015 0.015 0.015 0.015 0.015 0.015 0.015 0.015 0.015 0.015 0.0135666 0.015 0.015 0.015 0.015 0.015 0.015 0.015 0.015 0.015 0.0135805 0.015 0.015 0.015 0.015 0.015 0.015 0.015 0.015 0.015 0.0135802 0.015 0.015 0.015 0.015 0.015 0.015 0.015 0.015 0.015 0.0135832 0.015 0.015 0.015 0.015 0.015 0.015 0.015 0.015 0.015 0.0136353 0.015 0.015 0.015 0.015 0.015 0.015 0.015 0.015 0.015 0.0136344 0.015 0.015 0.015 0.015 0.015 0.015 0.015 0.015 0.015 0.0136419 0.015 0.015 0.015 0.015 0.015 0.015 0.015 0.015 0.015 0.0136345 0.015 0.015 0.015 0.015 0.015 0.015 0.015 0.015 0.015 0.0135711 0.015 0.015 0.015 0.015 0.015 0.015 0.015 0.015 0.015 0.0135774 0.015 0.015 0.015 0.0136502 0.015 0.015 0.0136437 0.015 0.015 0.015 0.015 0.015 0.015 0.0136401 0.015 0.015 0.0136493 0.015 0.015 0.015 0.015 0.015 0.015 0.0136355 0.015 0.015 0.0136227 0.015 0.015 0.015 0.015 0.015 0.015 0.0136087 0.015 0.015 0.0135828 0.015 0.015 0.015 0.015 0.015 0.015 0.0135958 0.015 0.015 0.0135977 0.015 0.015 0.015 0.015 0.015 0.015 0.0136041 0.015 0.015 0.0136115 0.015 0.015 0.015 0.015 0.015 0.015 0.0136178 0.015 0.015 0.0136357 0.015 0.015 0.015 0.015 0.015 0.015 0.0136001 0.015 0.015 0.0136009 0.015 0.015 0.015 0.015 0.015 0.015 0.0136328 0.015 0.015 0.0136493 0.015 0.015 0.015 0.015 0.015 0.015 0.0136299 0.015 0.015 0.0136088 0.015 0.015 0.015 0.015 0.015 0.015 0.015 0.015 0.015 0.015 0.015 0.015 0.015 0.015 0.015 0.015 0.015 0.015 0.015 0.015 0.015 0.015 0.015 0.015 0.015 0.015 0.015 0.015 0.015 0.015 0.015 0.015 0.015 0.015 0.015 0.015 0.015 0.015 0.015 0.015 0.015 0.015 0.015 0.015 0.015 0.015 0.015 0.015 0.015 0.015 0.015 0.015 0.015 0.015 0.015 0.015 0.015 0.015 0.015 0.015 0.015 0.015 0.015 0.015 0.015 0.015 0.015 0.015 0.015 0.015 0.015 0.015 0.015 0.015 0.015 0.015 0.015 0.015 0.015 0.015 0.015 0.015 0.015 0.015 0.015 0.015 0.015 0.015 0.015 0.015 0.015 0.015 0.015 0.015 0.015 0.015 0.015 0.015 0.015 0.015 0.015 0.015 0.015 0.015 0.015 0.015 0.015 0.015 0.015 0.015 0.015 0.015 0.0135875 0.015 0.015 0.015 0.015 0.015 0.015 0.015 0.015 0.015 0.0136429 0.015 0.015 0.015 0.015 0.015 0.015 0.015 0.015 0.015 0.0136424 0.015 0.015 0.015 0.015 0.015 0.015 0.015 0.015 0.015 0.0136207 0.015 0.015 0.015 0.015 0.015 0.015 0.015 0.015 0.015 0.013615 0.015 0.015 0.015 0.015 0.015 0.015 0.015 0.015 0.015 0.013609 0.015 0.015 0.015 0.015 0.015 0.015 0.015 0.015 0.015 0.0135939 0.015 0.015 0.015 0.015 0.015 0.015 0.015 0.015 0.015 0.0136144 0.015 0.015 0.015 0.015 0.015 0.015 0.015 0.015 0.015 0.0136197 0.015 0.015 0.015 0.015 0.015 0.015 0.015 0.015 0.015 0.0136076 0.015 0.015 0.015 0.015 0.015 0.015 0.015 0.015 0.015 0.0136063 0.015 0.015 0.015 0.015 0.015 0.015 0.015 0.015 0.015 0.0135935 0.015 0.015 0.015 0.015 0.015 0.015 0.015 0.015 0.015 0.0136276 0.015 0.015 0.015 0.015 0.015 0.015 0.015 0.015 0.015 0.0135728 0.015 0.015 0.015 0.015 0.015 0.015 0.015 0.015 0.015 0.0136401 0.015 0.015 0.015 0.015 0.015 0.015 0.015 0.015 0.015 0.0135996 0.015 0.015 0.015 0.015 0.015 0.015 0.015 0.015 0.015 0.0136137 0.015 0.015 0.015 0.015 0.015 0.015 0.015 0.015 0.015 0.0135705 0.015 0.015 0.015 0.015 0.015 0.015 0.015 0.015 0.015 0.0135881 0.015 0.015 0.015 0.015 0.015 0.015 0.015 0.015 0.015 0.0135942 0.015 0.015 0.015 0.0135932 0.015 0.015 0.0136517 0.015 0.015 0.015 0.015 0.015 0.015 0.0136258 0.015 0.015 0.0136155 0.015 0.015 0.015 0.015 0.015 0.015 0.0136465 0.015 0.015 0.0136282 0.015 0.015 0.015 0.015 0.015 0.015 0.0136141 0.015 0.015 0.0136102 0.015 0.015 0.015 0.015 0.015 0.015 0.0136028 0.015 0.015 0.0136355 0.015 0.015 0.015 0.015 0.015 0.015 0.0135673 0.015 0.015 0.0136006 0.015 0.015 0.015 0.015 0.015 0.015 0.0136135 0.015 0.015 0.0135846 0.015 0.015 0.015 0.015 0.015 0.015 0.0135914 0.015 0.015 0.0135816 0.015 0.015 0.015 0.015 0.015 0.015 0.0136046 0.015 0.015 0.0136378 0.015 0.015 0.015 0.015 0.015 0.015 0.0136316 0.015 0.015 0.0136058 0.015 0.015 0.015 0.015 0.015 0.015 0.015 0.015 0.015 0.015 0.015 0.015 0.015 0.015 0.015 0.015 0.015 0.015 0.015 0.015 0.015 0.015 0.015 0.015 0.015 0.015 0.015 0.015 0.015 0.015 0.015 0.015 0.015 0.015 0.015 0.015 0.015 0.015 0.015 0.015 0.015 0.015 0.015 0.015 0.015 0.015 0.015 0.015 0.015 0.015 0.015 0.015 0.015 0.015 0.015 0.015 0.015 0.015 0.015 0.015 0.015 0.015 0.015 0.015 0.015 0.015 0.015 0.015 0.015 0.015 0.015 0.015 0.015 0.015 0.015 0.015 0.015 0.015 0.015 0.015 0.015 0.015 0.015 0.015 0.015 0.015 0.015 0.015 0.015 0.015 0.015 0.015 0.015 0.015 0.015 0.015 0.015 0.015 0.015 0.015 0.015 0.015 0.015 0.015 0.015 0.015 0.015 0.015 0.015 0.015 0.015 0.015 0.0136393 0.015 0.015 0.015 0.015 0.015 0.015 0.015 0.015 0.015 0.013641 0.015 0.015 0.015 0.015 0.015 0.015 0.015 0.015 0.015 0.0136089 0.015 0.015 0.015 0.015 0.015 0.015 0.015 0.015 0.015 0.0136435 0.015 0.015 0.015 0.015 0.015 0.015 0.015 0.015 0.015 0.0136206 0.015 0.015 0.015 0.015 0.015 0.015 0.015 0.015 0.015 0.0135798 0.015 0.015 0.015 0.015 0.015 0.015 0.015 0.015 0.015 0.0136374 0.015 0.015 0.015 0.015 0.015 0.015 0.015 0.015 0.015 0.0135946 0.015 0.015 0.015 0.015 0.015 0.015 0.015 0.015 0.015 0.0136509 0.015 0.015 0.015 0.015 0.015 0.015 0.015 0.015 0.015 0.0135696 0.015 0.015 0.015 0.013646 0.015 0.015 0.0136289 0.015 0.015 0.015 0.015 0.015 0.015 0.013582 0.015 0.015 0.0136141 0.015 0.015 0.015 0.015 0.015 0.015 0.0136091 0.015 0.015 0.0136333 0.015 0.015 0.015 0.015 0.015 0.015 0.0136397 0.015 0.015 0.0136304 0.015 0.015 0.015 0.015 0.015 0.015 0.0135809 0.015 0.015 0.0136357 0.015 0.015 0.015 0.015 0.015 0.015 0.0136094 0.015 0.015 0.0136151 0.015 0.015 0.015 0.015 0.015 0.015 0.0136118 0.015 0.015 0.0135833 0.015 0.015 0.015 0.015 0.015 0.015 0.0136297 0.015 0.015 0.0136281 0.015 0.015 0.015 0.015 0.015 0.015 0.013599 0.015 0.015 0.0136186 0.015 0.015 0.015 0.015 0.015 0.015 0.0136122 0.015 0.015 0.0135732 0.015 0.015 0.015 0.015 0.015 0.015 0.015 0.015 0.015 0.015 0.015 0.015 0.015 0.015 0.015 0.015 0.015 0.015 0.015 0.015 0.015 0.015 0.015 0.015 0.015 0.015 0.015 0.015 0.015 0.015 0.015 0.015 0.015 0.015 0.015 0.015 0.015 0.015 0.015 0.015 0.015 0.015 0.015 0.015 0.015 0.015 0.015 0.015 0.015 0.015 0.015 0.015 0.015 0.015 0.015 0.015 0.015 0.015 0.015 0.015 0.015 0.015 0.015 0.015 0.015 0.015 0.015 0.015 0.015 0.015 0.015 0.015 0.015 0.015 0.015 0.015 0.015 0.015 0.015 0.015 0.015 0.015 0.015 0.015 0.015 0.015 0.015 0.015 0.015 0.015 0.015 0.015 0.015 0.015 0.015 0.015 0.015 0.015 0.015 0.015 0.015 0.015 0.015 0.015 0.015 0.015 0.015 0.015 0.015 0.015 0.015 0.015 0.013582 0.015 0.015 0.015 0.015 0.015 0.015 0.015 0.015 0.015 0.0135715 0.015 0.015 0.015 0.015 0.015 0.015 0.015 0.015 0.015 0.0135815 0.015 0.015 0.015 0.015 0.015 0.015 0.015 0.015 0.015 0.0135774 0.015 0.015 0.015 0.015 0.015 0.015 0.015 0.015 0.015 0.0135897 0.015 0.015 0.015 0.015 0.015 0.015 0.015 0.015 0.015 0.0136093 0.015 0.015 0.015 0.015 0.015 0.015 0.015 0.015 0.015 0.0135832 0.015 0.015 0.015 0.015 0.015 0.015 0.015 0.015 0.015 0.0136475 0.015 0.015 0.015 0.015 0.015 0.015 0.015 0.015 0.015 0.0136405 0.015 0.015 0.015 0.015 0.015 0.015 0.015 0.015 0.015 0.0136138 0.015 0.015 0.015 0.013648 0.015 0.015 0.0136301 0.015 0.015 0.015 0.015 0.015 0.015 0.0136036 0.015 0.015 0.0135942 0.015 0.015 0.015 0.015 0.015 0.015 0.0136349 0.015 0.015 0.0136025 0.015 0.015 0.015 0.015 0.015 0.015 0.0135976 0.015 0.015 0.0136457 0.015 0.015 0.015 0.015 0.015 0.015 0.0136146 0.015 0.015 0.013611 0.015 0.015 0.015 0.015 0.015 0.015 0.0136134 0.015 0.015 0.0136039 0.015 0.015 0.015 0.015 0.015 0.015 0.0135699 0.015 0.015 0.0136289 0.015 0.015 0.015 0.015 0.015 0.015 0.0136165 0.015 0.015 0.0136385 0.015 0.015 0.015 0.015 0.015 0.015 0.0136132 0.015 0.015 0.0135964 0.015 0.015 0.015 0.015 0.015 0.015 0.0136477 0.015 0.015 0.0136425 0.015 0.015 0.015 0.015 0.015 0.015 0.015 0.015 0.015 0.015 0.015 0.015 0.015 0.015 0.015 0.015 0.015 0.015 0.015 0.015 0.015 0.015 0.015 0.015 0.015 0.015 0.015 0.015 0.015 0.015 0.015 0.015 0.015 0.015 0.015 0.015 0.015 0.015 0.015 0.015 0.015 0.015 0.015 0.015 0.015 0.015 0.015 0.015 0.015 0.015 0.015 0.015 0.015 0.015 0.015 0.015 0.015 0.015 0.015 0.015 0.015 0.015 0.015 0.015 0.015 0.015 0.015 0.015 0.015 0.015 0.015 0.015 0.015 0.015 0.015 0.015 0.015 0.015 0.015 0.015 0.015 0.015 0.015 0.015 0.015 0.015 0.015 0.015 0.015 0.015 0.015 0.015 0.015 0.015 0.015 0.015 0.015 0.015 0.015 0.015 0.015 0.015 0.015 0.015 0.015 0.015 0.015 0.015 0.015 0.015 0.015 0.015 0.013596 0.015 0.015 0.015 0.015 0.015 0.015 0.015 0.015 0.015 0.0136506 0.015 0.015 0.015 0.015 0.015 0.015 0.015 0.015 0.015 0.0136176 0.015 0.015 0.015 0.015 0.015 0.015 0.015 0.015 0.015 0.0135957 0.015 0.015 0.015 0.015 0.015 0.015 0.015 0.015 0.015 0.0135805 0.015 0.015 0.015 0.015 0.015 0.015 0.015 0.015 0.015 0.0135966 0.015 0.015 0.015 0.015 0.015 0.015 0.015 0.015 0.015 0.0135941 0.015 0.015 0.015 0.015 0.015 0.015 0.015 0.015 0.015 0.0136076 0.015 0.015 0.015 0.015 0.015 0.015 0.015 0.015 0.015 0.0135682 0.015 0.015 0.015 0.015 0.015 0.015 0.015 0.015 0.015 0.0135697 0.015 0.015 0.015 0.015 0.015 0.015 0.015 0.015 0.015 0.0136077 0.015 0.015 0.015 0.015 0.015 0.015 0.015 0.015 0.015 0.0136146 0.015 0.015 0.015 0.015 0.015 0.015 0.015 0.015 0.015 0.01363 0.015 0.015 0.015 0.015 0.015 0.015 0.015 0.015 0.015 0.0136082 0.015 0.015 0.015 0.015 0.015 0.015 0.015 0.015 0.015 0.0136495 0.015 0.015 0.015 0.015 0.015 0.015 0.015 0.015 0.015 0.013631 0.015 0.015 0.015 0.015 0.015 0.015 0.015 0.015 0.015 0.0135871 0.015 0.015 0.015 0.015 0.015 0.015 0.015 0.015 0.015 0.0136194 0.015 0.015 0.015 0.015 0.015 0.015 0.015 0.015 0.015 0.0136495 0.015 0.015 0.015 0.015 0.015 0.015 0.015 0.015 0.015 0.0136447 0.015 0.015 0.015 0.0136317 0.015 0.015 0.0135868 0.015 0.015 0.015 0.015 0.015 0.015 0.0135737 0.015 0.015 0.0136139 0.015 0.015 0.015 0.015 0.015 0.015 0.0135724 0.015 0.015 0.0136095 0.015 0.015 0.015 0.015 0.015 0.015 0.0135656 0.015 0.015 0.0136322 0.015 0.015 0.015 0.015 0.015 0.015 0.0136349 0.015 0.015 0.013616 0.015 0.015 0.015 0.015 0.015 0.015 0.0135806 0.015 0.015 0.0136375 0.015 0.015 0.015 0.015 0.015 0.015 0.0135943 0.015 0.015 0.0136362 0.015 0.015 0.015 0.015 0.015 0.015 0.0136141 0.015 0.015 0.0136129 0.015 0.015 0.015 0.015 0.015 0.015 0.0136182 0.015 0.015 0.0135679 0.015 0.015 0.015 0.015 0.015 0.015 0.0136205 0.015 0.015 0.0136288 0.015 0.015 0.015 0.015 0.015 0.015 0.015 0.015 0.015 0.015 0.015 0.015 0.015 0.015 0.015 0.015 0.015 0.015 0.015 0.015 0.015 0.015 0.015 0.015 0.015 0.015 0.015 0.015 0.015 0.015 0.015 0.015 0.015 0.015 0.015 0.015 0.015 0.015 0.015 0.015 0.015 0.015 0.015 0.015 0.015 0.015 0.015 0.015 0.015 0.015 0.015 0.015 0.015 0.015 0.015 0.015 0.015 0.015 0.015 0.015 0.015 0.015 0.015 0.015 0.015 0.015 0.015 0.015 0.015 0.015 0.015 0.015 0.015 0.015 0.015 0.015 0.015 0.015 0.015 0.015 0.015 0.015 0.015 0.015 0.015 0.015 0.015 0.015 0.015 0.015 0.015 0.015 0.015 0.015 0.015 0.015 0.015 0.015 0.015 0.015 0.015 0.015 0.015 0.015 0.015 0.015 0.015 0.015 0.015 0.015 0.015 0.015 0.0136149 0.015 0.015 0.015 0.015 0.015 0.015 0.015 0.015 0.015 0.0136098 0.015 0.015 0.015 0.015 0.015 0.015 0.015 0.015 0.015 0.013581 0.015 0.015 0.015 0.015 0.015 0.015 0.015 0.015 0.015 0.0136131 0.015 0.015 0.015 0.015 0.015 0.015 0.015 0.015 0.015 0.0136228 0.015 0.015 0.015 0.015 0.015 0.015 0.015 0.015 0.015 0.0136156 0.015 0.015 0.015 0.015 0.015 0.015 0.015 0.015 0.015 0.0136009 0.015 0.015 0.015 0.015 0.015 0.015 0.015 0.015 0.015 0.0135702 0.015 0.015 0.015 0.015 0.015 0.015 0.015 0.015 0.015 0.0136057 0.015 0.015 0.015 0.015 0.015 0.015 0.015 0.015 0.015 0.0136125 0.015 0.015 0.015 0.013628 0.015 0.015 0.0136332 0.015 0.015 0.015 0.015 0.015 0.015 0.0136117 0.015 0.015 0.0136102 0.015 0.015 0.015 0.015 0.015 0.015 0.013631 0.015 0.015 0.013603 0.015 0.015 0.015 0.015 0.015 0.015 0.0136453 0.015 0.015 0.0136402 0.015 0.015 0.015 0.015 0.015 0.015 0.0135841 0.015 0.015 0.0136498 0.015 0.015 0.015 0.015 0.015 0.015 0.0135841 0.015 0.015 0.0136391 0.015 0.015 0.015 0.015 0.015 0.015 0.0136477 0.015 0.015 0.0136385 0.015 0.015 0.015 0.015 0.015 0.015 0.0136284 0.015 0.015 0.0136087 0.015 0.015 0.015 0.015 0.015 0.015 0.0136277 0.015 0.015 0.0135914 0.015 0.015 0.015 0.015 0.015 0.015 0.0136363 0.015 0.015 0.0135939 0.015 0.015 0.015 0.015 0.015 0.015 0.015 0.015 0.015 0.015 0.015 0.015 0.015 0.015 0.015 0.015 0.015 0.015 0.015 0.015 0.015 0.015 0.015 0.015 0.015 0.015 0.015 0.015 0.015 0.015 0.015 0.015 0.015 0.015 0.015 0.015 0.015 0.015 0.015 0.015 0.015 0.015 0.015 0.015 0.015 0.015 0.015 0.015 0.015 0.015 0.015 0.015 0.015 0.015 0.015 0.015 0.015 0.015 0.015 0.015 0.015 0.015 0.015 0.015 0.015 0.015 0.015 0.015 0.015 0.015 0.015 0.015 0.015 0.015 0.015 0.015 0.015 0.015 0.015 0.015 0.015 0.015 0.015 0.015 0.015 0.015 0.015 0.015 0.015 0.015 0.015 0.015 0.015 0.015 0.015 0.015 0.015 0.015 0.015 0.015 0.015 0.015 0.015 0.015 0.015 0.015 0.015 0.015 0.015 0.015 0.015 0.015 0.0136221 0.015 0.015 0.015 0.015 0.015 0.015 0.015 0.015 0.015 0.0136232 0.015 0.015 0.015 0.015 0.015 0.015 0.015 0.015 0.015 0.0136341 0.015 0.015 0.015 0.015 0.015 0.015 0.015 0.015 0.015 0.0136185 0.015 0.015 0.015 0.015 0.015 0.015 0.015 0.015 0.015 0.0136543 0.015 0.015 0.015 0.015 0.015 0.015 0.015 0.015 0.015 0.0136125 0.015 0.015 0.015 0.015 0.015 0.015 0.015 0.015 0.015 0.0135941 0.015 0.015 0.015 0.015 0.015 0.015 0.015 0.015 0.015 0.0135715 0.015 0.015 0.015 0.015 0.015 0.015 0.015 0.015 0.015 0.0136199 0.015 0.015 0.015 0.015 0.015 0.015 0.015 0.015 0.015 0.0136258 0.015 0.015 0.015 0.0135938 0.015 0.015 0.0136314 0.015 0.015 0.015 0.015 0.015 0.015 0.0136361 0.015 0.015 0.0135983 0.015 0.015 0.015 0.015 0.015 0.015 0.0136148 0.015 0.015 0.0136111 0.015 0.015 0.015 0.015 0.015 0.015 0.0136447 0.015 0.015 0.0136533 0.015 0.015 0.015 0.015 0.015 0.015 0.0135735 0.015 0.015 0.0136338 0.015 0.015 0.015 0.015 0.015 0.015 0.0136362 0.015 0.015 0.0136026 0.015 0.015 0.015 0.015 0.015 0.015 0.0136289 0.015 0.015 0.0136099 0.015 0.015 0.015 0.015 0.015 0.015 0.0136053 0.015 0.015 0.0136232 0.015 0.015 0.015 0.015 0.015 0.015 0.0136388 0.015 0.015 0.013596 0.015 0.015 0.015 0.015 0.015 0.015 0.013596 0.015 0.015 0.0136103 0.015 0.015 0.015 0.015 0.015 0.015 0.015 0.015 0.015 0.015 0.015 0.015 0.015 0.015 0.015 0.015 0.015 0.015 0.015 0.015 0.015 0.015 0.015 0.015 0.015 0.015 0.015 0.015 0.015 0.015 0.015 0.015 0.015 0.015 0.015 0.015 0.015 0.015 0.015 0.015 0.015 0.015 0.015 0.015 0.015 0.015 0.015 0.015 0.015 0.015 0.015 0.015 0.015 0.015 0.015 0.015 0.015 0.015 0.015 0.015 0.015 0.015 0.015 0.015 0.015 0.015 0.015 0.015 0.015 0.015 0.015 0.015 0.015 0.015 0.015 0.015 0.015 0.015 0.015 0.015 0.015 0.015 0.015 0.015 0.015 0.015 0.015 0.015 0.015 0.015 0.015 0.015 0.015 0.015 0.015 0.015 0.015 0.015 0.015 0.015 0.015 0.015 0.015 0.015 0.015 0.015 0.015 0.015 0.015 0.015 0.015 0.015 0.0135776 0.015 0.015 0.015 0.015 0.015 0.015 0.015 0.015 0.015 0.0135801 0.015 0.015 0.015 0.015 0.015 0.015 0.015 0.015 0.015 0.0136461 0.015 0.015 0.015 0.015 0.015 0.015 0.015 0.015 0.015 0.013578 0.015 0.015 0.015 0.015 0.015 0.015 0.015 0.015 0.015 0.0136438 0.015 0.015 0.015 0.015 0.015 0.015 0.015 0.015 0.015 0.0136302 0.015 0.015 0.015 0.015 0.015 0.015 0.015 0.015 0.015 0.0136071 0.015 0.015 0.015 0.015 0.015 0.015 0.015 0.015 0.015 0.0135991 0.015 0.015 0.015 0.015 0.015 0.015 0.015 0.015 0.015 0.013568 0.015 0.015 0.015 0.015 0.015 0.015 0.015 0.015 0.015 0.0136288 0.015 0.015 0.015 0.015 0.015 0.015 0.015 0.015 0.015 0.0136285 0.015 0.015 0.015 0.015 0.015 0.015 0.015 0.015 0.015 0.0136358 0.015 0.015 0.015 0.015 0.015 0.015 0.015 0.015 0.015 0.0136362 0.015 0.015 0.015 0.015 0.015 0.015 0.015 0.015 0.015 0.0136339 0.015 0.015 0.015 0.015 0.015 0.015 0.015 0.015 0.015 0.0135852 0.015 0.015 0.015 0.015 0.015 0.015 0.015 0.015 0.015 0.0135663 0.015 0.015 0.015 0.015 0.015 0.015 0.015 0.015 0.015 0.013587 0.015 0.015 0.015 0.015 0.015 0.015 0.015 0.015 0.015 0.0136351 0.015 0.015 0.015 0.015 0.015 0.015 0.015 0.015 0.015 0.0136122 0.015 0.015 0.015 0.015 0.015 0.015 0.015 0.015 0.015 0.0135801 0.015 0.015 0.015 0.0136098 0.015 0.015 0.0136424 0.015 0.015 0.015 0.015 0.015 0.015 0.013652 0.015 0.015 0.0136019 0.015 0.015 0.015 0.015 0.015 0.015 0.0136176 0.015 0.015 0.0135673 0.015 0.015 0.015 0.015 0.015 0.015 0.0135688 0.015 0.015 0.0135846 0.015 0.015 0.015 0.015 0.015 0.015 0.0135686 0.015 0.015 0.0136384 0.015 0.015 0.015 0.015 0.015 0.015 0.0136074 0.015 0.015 0.0136524 0.015 0.015 0.015 0.015 0.015 0.015 0.0136543 0.015 0.015 0.0136265 0.015 0.015 0.015 0.015 0.015 0.015 0.0136477 0.015 0.015 0.0135707 0.015 0.015 0.015 0.015 0.015 0.015 0.0136129 0.015 0.015 0.013612 0.015 0.015 0.015 0.015 0.015 0.015 0.0136362 0.015 0.015 0.0136096 0.015 0.015 0.015 0.015 0.015 0.015 0.015 0.015 0.015 0.015 0.015 0.015 0.015 0.015 0.015 0.015 0.015 0.015 0.015 0.015 0.015 0.015 0.015 0.015 0.015 0.015 0.015 0.015 0.015 0.015 0.015 0.015 0.015 0.015 0.015 0.015 0.015 0.015 0.015 0.015 0.015 0.015 0.015 0.015 0.015 0.015 0.015 0.015 0.015 0.015 0.015 0.015 0.015 0.015 0.015 0.015 0.015 0.015 0.015 0.015 0.015 0.015 0.015 0.015 0.015 0.015 0.015 0.015 0.015 0.015 0.015 0.015 0.015 0.015 0.015 0.015 0.015 0.015 0.015 0.015 0.015 0.015 0.015 0.015 0.015 0.015 0.015 0.015 0.015 0.015 0.015 0.015 0.015 0.015 0.015 0.015 0.015 0.015 0.015 0.015 0.015 0.015 0.015 0.015 0.015 0.015 0.015 0.015 0.015 0.015 0.015 0.015 0.0135905 0.015 0.015 0.015 0.015 0.015 0.015 0.015 0.015 0.015 0.0136219 0.015 0.015 0.015 0.015 0.015 0.015 0.015 0.015 0.015 0.0135696 0.015 0.015 0.015 0.015 0.015 0.015 0.015 0.015 0.015 0.0136119 0.015 0.015 0.015 0.015 0.015 0.015 0.015 0.015 0.015 0.0136448 0.015 0.015 0.015 0.015 0.015 0.015 0.015 0.015 0.015 0.0136536 0.015 0.015 0.015 0.015 0.015 0.015 0.015 0.015 0.015 0.0136475 0.015 0.015 0.015 0.015 0.015 0.015 0.015 0.015 0.015 0.0136251 0.015 0.015 0.015 0.015 0.015 0.015 0.015 0.015 0.015 0.0135963 0.015 0.015 0.015 0.015 0.015 0.015 0.015 0.015 0.015 0.0135654 0.015 0.015 0.015 0.0135683 0.015 0.015 0.0136093 0.015 0.015 0.015 0.015 0.015 0.015 0.0135937 0.015 0.015 0.0136078 0.015 0.015 0.015 0.015 0.015 0.015 0.0135824 0.015 0.015 0.0136364 0.015 0.015 0.015 0.015 0.015 0.015 0.0136009 0.015 0.015 0.0135859 0.015 0.015 0.015 0.015 0.015 0.015 0.0135921 0.015 0.015 0.0136221 0.015 0.015 0.015 0.015 0.015 0.015 0.0135737 0.015 0.015 0.0136422 0.015 0.015 0.015 0.015 0.015 0.015 0.0135786 0.015 0.015 0.0135672 0.015 0.015 0.015 0.015 0.015 0.015 0.0136523 0.015 0.015 0.0135807 0.015 0.015 0.015 0.015 0.015 0.015 0.013636 0.015 0.015 0.0135789 0.015 0.015 0.015 0.015 0.015 0.015 0.0136473 0.015 0.015 0.0136355 0.015 0.015 0.015 0.015 0.015 0.015 0.015 0.015 0.015 0.015 0.015 0.015 0.015 0.015 0.015 0.015 0.015 0.015 0.015 0.015 0.015 0.015 0.015 0.015 0.015 0.015 0.015 0.015 0.015 0.015 0.015 0.015 0.015 0.015 0.015 0.015 0.015 0.015 0.015 0.015 0.015 0.015 0.015 0.015 0.015 0.015 0.015 0.015 0.015 0.015 0.015 0.015 0.015 0.015 0.015 0.015 0.015 0.015 0.015 0.015 0.015 0.015 0.015 0.015 0.015 0.015 0.015 0.015 0.015 0.015 0.015 0.015 0.015 0.015 0.015 0.015 0.015 0.015 0.015 0.015 0.015 0.015 0.015 0.015 0.015 0.015 0.015 0.015 0.015 0.015 0.015 0.015 0.015 0.015 0.015 0.015 0.015 0.015 0.015 0.015 0.015 0.015 0.015 0.015 0.015 0.015 0.015 0.015 0.015 0.015 0.015 0.015 0.0136053 0.015 0.015 0.015 0.015 0.015 0.015 0.015 0.015 0.015 0.0135666 0.015 0.015 0.015 0.015 0.015 0.015 0.015 0.015 0.015 0.0135823 0.015 0.015 0.015 0.015 0.015 0.015 0.015 0.015 0.015 0.0135971 0.015 0.015 0.015 0.015 0.015 0.015 0.015 0.015 0.015 0.013593 0.015 0.015 0.015 0.015 0.015 0.015 0.015 0.015 0.015 0.0136306 0.015 0.015 0.015 0.015 0.015 0.015 0.015 0.015 0.015 0.013597 0.015 0.015 0.015 0.015 0.015 0.015 0.015 0.015 0.015 0.0136032 0.015 0.015 0.015 0.015 0.015 0.015 0.015 0.015 0.015 0.013619 0.015 0.015 0.015 0.015 0.015 0.015 0.015 0.015 0.015 0.013609 0.015 0.015 0.015 0.0136496 0.015 0.015 0.013614 0.015 0.015 0.015 0.015 0.015 0.015 0.0135777 0.015 0.015 0.0135729 0.015 0.015 0.015 0.015 0.015 0.015 0.0136468 0.015 0.015 0.0135802 0.015 0.015 0.015 0.015 0.015 0.015 0.0135833 0.015 0.015 0.0136108 0.015 0.015 0.015 0.015 0.015 0.015 0.0135699 0.015 0.015 0.0136236 0.015 0.015 0.015 0.015 0.015 0.015 0.0136326 0.015 0.015 0.013645 0.015 0.015 0.015 0.015 0.015 0.015 0.0135779 0.015 0.015 0.0136411 0.015 0.015 0.015 0.015 0.015 0.015 0.0135855 0.015 0.015 0.0136362 0.015 0.015 0.015 0.015 0.015 0.015 0.0136348 0.015 0.015 0.0136131 0.015 0.015 0.015 0.015 0.015 0.015 0.0136004 0.015 0.015 0.0135761 0.015 0.015 0.015 0.015 0.015 0.015 0.015 0.015 0.015 0.015 0.015 0.015 0.015 0.015 0.015 0.015 0.015 0.015 0.015 0.015 0.015 0.015 0.015 0.015 0.015 0.015 0.015 0.015 0.015 0.015 0.015 0.015 0.015 0.015 0.015 0.015 0.015 0.015 0.015 0.015 0.015 0.015 0.015 0.015 0.015 0.015 0.015 0.015 0.015 0.015 0.015 0.015 0.015 0.015 0.015 0.015 0.015 0.015 0.015 0.015 0.015 0.015 0.015 0.015 0.015 0.015 0.015 0.015 0.015 0.015 0.015 0.015 0.015 0.015 0.015 0.015 0.015 0.015 0.015 0.015 0.015 0.015 0.015 0.015 0.015 0.015 0.015 0.015 0.015 0.015 0.015 0.015 0.015 0.015 0.015 0.015 0.015 0.015 0.015 0.015 0.015 0.015 0.015 0.015 0.015 0.015 0.015 0.015 0.015 0.015 0.015 0.015 0.0136513 0.015 0.015 0.015 0.015 0.015 0.015 0.015 0.015 0.015 0.0136345 0.015 0.015 0.015 0.015 0.015 0.015 0.015 0.015 0.015 0.0136092 0.015 0.015 0.015 0.015 0.015 0.015 0.015 0.015 0.015 0.0135852 0.015 0.015 0.015 0.015 0.015 0.015 0.015 0.015 0.015 0.0136328 0.015 0.015 0.015 0.015 0.015 0.015 0.015 0.015 0.015 0.0136158 0.015 0.015 0.015 0.015 0.015 0.015 0.015 0.015 0.015 0.0136315 0.015 0.015 0.015 0.015 0.015 0.015 0.015 0.015 0.015 0.0136545 0.015 0.015 0.015 0.015 0.015 0.015 0.015 0.015 0.015 0.0136256 0.015 0.015 0.015 0.015 0.015 0.015 0.015 0.015 0.015 0.0135744 0.015 0.015 0.015 0.015 0.015 0.015 0.015 0.015 0.015 0.0136342 0.015 0.015 0.015 0.015 0.015 0.015 0.015 0.015 0.015 0.0135942 0.015 0.015 0.015 0.015 0.015 0.015 0.015 0.015 0.015 0.0136418 0.015 0.015 0.015 0.015 0.015 0.015 0.015 0.015 0.015 0.0136067 0.015 0.015 0.015 0.015 0.015 0.015 0.015 0.015 0.015 0.0136512 0.015 0.015 0.015 0.015 0.015 0.015 0.015 0.015 0.015 0.0135982 0.015 0.015 0.015 0.015 0.015 0.015 0.015 0.015 0.015 0.0136493 0.015 0.015 0.015 0.015 0.015 0.015 0.015 0.015 0.015 0.0135692 0.015 0.015 0.015 0.015 0.015 0.015 0.015 0.015 0.015 0.013649 0.015 0.015 0.015 0.015 0.015 0.015 0.015 0.015 0.015 0.0136272 0.015 0.015 0.015 0.0136301 0.015 0.015 0.0136062 0.015 0.015 0.015 0.015 0.015 0.015 0.013649 0.015 0.015 0.0136019 0.015 0.015 0.015 0.015 0.015 0.015 0.0136327 0.015 0.015 0.0135833 0.015 0.015 0.015 0.015 0.015 0.015 0.0136064 0.015 0.015 0.013611 0.015 0.015 0.015 0.015 0.015 0.015 0.0136379 0.015 0.015 0.0135722 0.015 0.015 0.015 0.015 0.015 0.015 0.0136422 0.015 0.015 0.0136189 0.015 0.015 0.015 0.015 0.015 0.015 0.0135815 0.015 0.015 0.0135765 0.015 0.015 0.015 0.015 0.015 0.015 0.0136034 0.015 0.015 0.0136061 0.015 0.015 0.015 0.015 0.015 0.015 0.0136115 0.015 0.015 0.0136232 0.015 0.015 0.015 0.015 0.015 0.015 0.0135863 0.015 0.015 0.0136455 0.015 0.015 0.015 0.015 0.015 0.015 0.015 0.015 0.015 0.015 0.015 0.015 0.015 0.015 0.015 0.015 0.015 0.015 0.015 0.015 0.015 0.015 0.015 0.015 0.015 0.015 0.015 0.015 0.015 0.015 0.015 0.015 0.015 0.015 0.015 0.015 0.015 0.015 0.015 0.015 0.015 0.015 0.015 0.015 0.015 0.015 0.015 0.015 0.015 0.015 0.015 0.015 0.015 0.015 0.015 0.015 0.015 0.015 0.015 0.015 0.015 0.015 0.015 0.015 0.015 0.015 0.015 0.015 0.015 0.015 0.015 0.015 0.015 0.015 0.015 0.015 0.015 0.015 0.015 0.015 0.015 0.015 0.015 0.015 0.015 0.015 0.015 0.015 0.015 0.015 0.015 0.015 0.015 0.015 0.015 0.015 0.015 0.015 0.015 0.015 0.015 0.015 0.015 0.015 0.015 0.015 0.015 0.015 0.015 0.015 0.015 0.015 0.0136445 0.015 0.015 0.015 0.015 0.015 0.015 0.015 0.015 0.015 0.0136199 0.015 0.015 0.015 0.015 0.015 0.015 0.015 0.015 0.015 0.0136045 0.015 0.015 0.015 0.015 0.015 0.015 0.015 0.015 0.015 0.013632 0.015 0.015 0.015 0.015 0.015 0.015 0.015 0.015 0.015 0.0136169 0.015 0.015 0.015 0.015 0.015 0.015 0.015 0.015 0.015 0.013609 0.015 0.015 0.015 0.015 0.015 0.015 0.015 0.015 0.015 0.0136216 0.015 0.015 0.015 0.015 0.015 0.015 0.015 0.015 0.015 0.0135987 0.015 0.015 0.015 0.015 0.015 0.015 0.015 0.015 0.015 0.0136463 0.015 0.015 0.015 0.015 0.015 0.015 0.015 0.015 0.015 0.0136256 0.015 0.015 0.015 0.0136175 0.015 0.015 0.0136355 0.015 0.015 0.015 0.015 0.015 0.015 0.0135712 0.015 0.015 0.0136376 0.015 0.015 0.015 0.015 0.015 0.015 0.0136166 0.015 0.015 0.0135856 0.015 0.015 0.015 0.015 0.015 0.015 0.0135863 0.015 0.015 0.0136418 0.015 0.015 0.015 0.015 0.015 0.015 0.013643 0.015 0.015 0.0135833 0.015 0.015 0.015 0.015 0.015 0.015 0.0136492 0.015 0.015 0.0135993 0.015 0.015 0.015 0.015 0.015 0.015 0.0136493 0.015 0.015 0.0136323 0.015 0.015 0.015 0.015 0.015 0.015 0.0136292 0.015 0.015 0.0136372 0.015 0.015 0.015 0.015 0.015 0.015 0.0135745 0.015 0.015 0.0136117 0.015 0.015 0.015 0.015 0.015 0.015 0.0136033 0.015 0.015 0.0135882 0.015 0.015 0.015 0.015 0.015 0.015 0.015 0.015 0.015 0.015 0.015 0.015 0.015 0.015 0.015 0.015 0.015 0.015 0.015 0.015 0.015 0.015 0.015 0.015 0.015 0.015 0.015 0.015 0.015 0.015 0.015 0.015 0.015 0.015 0.015 0.015 0.015 0.015 0.015 0.015 0.015 0.015 0.015 0.015 0.015 0.015 0.015 0.015 0.015 0.015 0.015 0.015 0.015 0.015 0.015 0.015 0.015 0.015 0.015 0.015 0.015 0.015 0.015 0.015 0.015 0.015 0.015 0.015 0.015 0.015 0.015 0.015 0.015 0.015 0.015 0.015 0.015 0.015 0.015 0.015 0.015 0.015 0.015 0.015 0.015 0.015 0.015 0.015 0.015 0.015 0.015 0.015 0.015 0.015 0.015 0.015 0.015 0.015 0.015 0.015 0.015 0.015 0.015 0.015 0.015 0.015 0.015 0.015 0.015 0.015 0.015 0.015 0.0136293 0.015 0.015 0.015 0.015 0.015 0.015 0.015 0.015 0.015 0.0136515 0.015 0.015 0.015 0.015 0.015 0.015 0.015 0.015 0.015 0.0136258 0.015 0.015 0.015 0.015 0.015 0.015 0.015 0.015 0.015 0.0135963 0.015 0.015 0.015 0.015 0.015 0.015 0.015 0.015 0.015 0.0135969 0.015 0.015 0.015 0.015 0.015 0.015 0.015 0.015 0.015 0.0136248 0.015 0.015 0.015 0.015 0.015 0.015 0.015 0.015 0.015 0.013648 0.015 0.015 0.015 0.015 0.015 0.015 0.015 0.015 0.015 0.0136501 0.015 0.015 0.015 0.015 0.015 0.015 0.015 0.015 0.015 0.0135988 0.015 0.015 0.015 0.015 0.015 0.015 0.015 0.015 0.015 0.0135737 0.015 0.015 0.015 0.0135931 0.015 0.015 0.0136355 0.015 0.015 0.015 0.015 0.015 0.015 0.0135913 0.015 0.015 0.0136458 0.015 0.015 0.015 0.015 0.015 0.015 0.0135789 0.015 0.015 0.0136346 0.015 0.015 0.015 0.015 0.015 0.015 0.013566 0.015 0.015 0.0136298 0.015 0.015 0.015 0.015 0.015 0.015 0.0136034 0.015 0.015 0.0135817 0.015 0.015 0.015 0.015 0.015 0.015 0.0136166 0.015 0.015 0.0135755 0.015 0.015 0.015 0.015 0.015 0.015 0.0136005 0.015 0.015 0.013592 0.015 0.015 0.015 0.015 0.015 0.015 0.0136171 0.015 0.015 0.013643 0.015 0.015 0.015 0.015 0.015 0.015 0.0136038 0.015 0.015 0.0135838 0.015 0.015 0.015 0.015 0.015 0.015 0.0136126 0.015 0.015 0.0135964 0.015 0.015 0.015 0.015 0.015 0.015 0.015 0.015 0.015 0.015 0.015 0.015 0.015 0.015 0.015 0.015 0.015 0.015 0.015 0.015 0.015 0.015 0.015 0.015 0.015 0.015 0.015 0.015 0.015 0.015 0.015 0.015 0.015 0.015 0.015 0.015 0.015 0.015 0.015 0.015 0.015 0.015 0.015 0.015 0.015 0.015 0.015 0.015 0.015 0.015 0.015 0.015 0.015 0.015 0.015 0.015 0.015 0.015 0.015 0.015 0.015 0.015 0.015 0.015 0.015 0.015 0.015 0.015 0.015 0.015 0.015 0.015 0.015 0.015 0.015 0.015 0.015 0.015 0.015 0.015 0.015 0.015 0.015 0.015 0.015 0.015 0.015 0.015 0.015 0.015 0.015 0.015 0.015 0.015 0.015 0.015 0.015 0.015 0.015 0.015 0.015 0.015 0.015 0.015 0.015 0.015 0.015 0.015 0.015 0.015 0.015 0.015 0.0136435 0.015 0.015 0.015 0.015 0.015 0.015 0.015 0.015 0.015 0.0136139 0.015 0.015 0.015 0.015 0.015 0.015 0.015 0.015 0.015 0.0136501 0.015 0.015 0.015 0.015 0.015 0.015 0.015 0.015 0.015 0.0136399 0.015 0.015 0.015 0.015 0.015 0.015 0.015 0.015 0.015 0.0135692 0.015 0.015 0.015 0.015 0.015 0.015 0.015 0.015 0.015 0.0135925 0.015 0.015 0.015 0.015 0.015 0.015 0.015 0.015 0.015 0.0135926 0.015 0.015 0.015 0.015 0.015 0.015 0.015 0.015 0.015 0.0135786 0.015 0.015 0.015 0.015 0.015 0.015 0.015 0.015 0.015 0.0135944 0.015 0.015 0.015 0.015 0.015 0.015 0.015 0.015 0.015 0.0136373 0.015 0.015 
</Matrix>
   <Matrix name="Tsim" type="complete" rows="1" columns="1" multiplier="1.0">
   100
</Matrix>
   <Matrix name="simulationEndTime" type="complete" rows="1" columns="1" multiplier="1.0">
   200
</Matrix>
</SimState>
