<?xml version="1.0" standalone="no"?>
<!-- State output file for the DCT growth modeling-->
<SimState>
   <Matrix name="radiiHistory" type="complete" rows="11" columns="900" multiplier="1.0">
   0.49 0.49 0.49 0.49 0.49 0.49 0.49 0.49 0.49 0.49 0.49 0.49 0.49 0.49 0.49 0.49 0.49 0.49 0.49 0.49 0.49 0.49 0.49 0.49 0.49 0.49 0.49 0.49 0.49 0.49 0.49 0.49 0.49 0.49 0.49 0.49 0.49 0.49 0.49 0.49 0.49 0.49 0.49 0.49 0.49 0.49 0.49 0.49 0.49 0.49 0.49 0.49 0.49 0.49 0.49 0.49 0.49 0.49 0.49 0.49 0.49 0.49 0.49 0.49 0.49 0.49 0.49 0.49 0.49 0.49 0.49 0.49 0.49 0.49 0.49 0.49 0.49 0.49 0.49 0.49 0.49 0.49 0.49 0.49 0.49 0.49 0.49 0.49 0.49 0.49 0.49 0.49 0.49 0.49 0.49 0.49 0.49 0.49 0.49 0.49 0.49 0.49 0.49 0.49 0.49 0.49 0.49 0.49 0.49 0.49 0.49 0.49 0.49 0.49 0.49 0.49 0.49 0.49 0.49 0.49 0.49 0.49 0.49 0.49 0.49 0.49 0.49 0.49 0.49 0.49 0.49 0.49 0.49 0.49 0.49 0.49 0.49 0.49 0.49 0.49 0.49 0.49 0.49 0.49 0.49 0.49 0.49 0.49 0.49 0.49 0.49 0.49 0.49 0.49 0.49 0.49 0.49 0.49 0.49 0.49 0.49 0.49 0.49 0.49 0.49 0.49 0.49 0.49 0.49 0.49 0.49 0.49 0.49 0.49 0.49 0.49 0.49 0.49 0.49 0.49 0.49 0.49 0.49 0.49 0.49 0.49 0.49 0.49 0.49 0.49 0.49 0.49 0.49 0.49 0.49 0.49 0.49 0.49 0.49 0.49 0.49 0.49 0.49 0.49 0.49 0.49 0.49 0.49 0.49 0.49 0.49 0.49 0.49 0.49 0.49 0.49 0.49 0.49 0.49 0.49 0.49 0.49 0.49 0.49 0.49 0.49 0.49 0.49 0.49 0.49 0.49 0.49 0.49 0.49 0.49 0.49 0.49 0.49 0.49 0.49 0.49 0.49 0.49 0.49 0.49 0.49 0.49 0.49 0.49 0.49 0.49 0.49 0.49 0.49 0.49 0.49 0.49 0.49 0.49 0.49 0.49 0.49 0.49 0.49 0.49 0.49 0.49 0.49 0.49 0.49 0.49 0.49 0.49 0.49 0.49 0.49 0.49 0.49 0.49 0.49 0.49 0.49 0.49 0.49 0.49 0.49 0.49 0.49 0.49 0.49 0.49 0.49 0.49 0.49 0.49 0.49 0.49 0.49 0.49 0.49 0.49 0.49 0.49 0.49 0.49 0.49 0.49 0.49 0.49 0.49 0.49 0.49 0.49 0.49 0.49 0.49 0.49 0.49 0.49 0.49 0.49 0.49 0.49 0.49 0.49 0.49 0.49 0.49 0.49 0.49 0.49 0.49 0.49 0.49 0.49 0.49 0.49 0.49 0.49 0.49 0.49 0.49 0.49 0.49 0.49 0.49 0.49 0.49 0.49 0.49 0.49 0.49 0.49 0.49 0.49 0.49 0.49 0.49 0.49 0.49 0.49 0.49 0.49 0.49 0.49 0.49 0.49 0.49 0.49 0.49 0.49 0.49 0.49 0.49 0.49 0.49 0.49 0.49 0.49 0.49 0.49 0.49 0.49 0.49 0.49 0.49 0.49 0.49 0.49 0.49 0.49 0.49 0.49 0.49 0.49 0.49 0.49 0.49 0.49 0.49 0.49 0.49 0.49 0.49 0.49 0.49 0.49 0.49 0.49 0.49 0.49 0.49 0.49 0.49 0.49 0.49 0.49 0.49 0.49 0.49 0.49 0.49 0.49 0.49 0.49 0.49 0.49 0.49 0.49 0.49 0.49 0.49 0.49 0.49 0.49 0.49 0.49 0.49 0.49 0.49 0.49 0.49 0.49 0.49 0.49 0.49 0.49 0.49 0.49 0.49 0.49 0.49 0.49 0.49 0.49 0.49 0.49 0.49 0.49 0.49 0.49 0.49 0.49 0.49 0.49 0.49 0.49 0.49 0.49 0.49 0.49 0.49 0.49 0.49 0.49 0.49 0.49 0.49 0.49 0.49 0.49 0.49 0.49 0.49 0.49 0.49 0.49 0.49 0.49 0.49 0.49 0.49 0.49 0.49 0.49 0.49 0.49 0.49 0.49 0.49 0.49 0.49 0.49 0.49 0.49 0.49 0.49 0.49 0.49 0.49 0.49 0.49 0.49 0.49 0.49 0.49 0.49 0.49 0.49 0.49 0.49 0.49 0.49 0.49 0.49 0.49 0.49 0.49 0.49 0.49 0.49 0.49 0.49 0.49 0.49 0.49 0.49 0.49 0.49 0.49 0.49 0.49 0.49 0.49 0.49 0.49 0.49 0.49 0.49 0.49 0.49 0.49 0.49 0.49 0.49 0.49 0.49 0.49 0.49 0.49 0.49 0.49 0.49 0.49 0.49 0.49 0.49 0.49 0.49 0.49 0.49 0.49 0.49 0.49 0.49 0.49 0.49 0.49 0.49 0.49 0.49 0.49 0.49 0.49 0.49 0.49 0.49 0.49 0.49 0.49 0.49 0.49 0.49 0.49 0.49 0.49 0.49 0.49 0.49 0.49 0.49 0.49 0.49 0.49 0.49 0.49 0.49 0.49 0.49 0.49 0.49 0.49 0.49 0.49 0.49 0.49 0.49 0.49 0.49 0.49 0.49 0.49 0.49 0.49 0.49 0.49 0.49 0.49 0.49 0.49 0.49 0.49 0.49 0.49 0.49 0.49 0.49 0.49 0.49 0.49 0.49 0.49 0.49 0.49 0.49 0.49 0.49 0.49 0.49 0.49 0.49 0.49 0.49 0.49 0.49 0.49 0.49 0.49 0.49 0.49 0.49 0.49 0.49 0.49 0.49 0.49 0.49 0.49 0.49 0.49 0.49 0.49 0.49 0.49 0.49 0.49 0.49 0.49 0.49 0.49 0.49 0.49 0.49 0.49 0.49 0.49 0.49 0.49 0.49 0.49 0.49 0.49 0.49 0.49 0.49 0.49 0.49 0.49 0.49 0.49 0.49 0.49 0.49 0.49 0.49 0.49 0.49 0.49 0.49 0.49 0.49 0.49 0.49 0.49 0.49 0.49 0.49 0.49 0.49 0.49 0.49 0.49 0.49 0.49 0.49 0.49 0.49 0.49 0.49 0.49 0.49 0.49 0.49 0.49 0.49 0.49 0.49 0.49 0.49 0.49 0.49 0.49 0.49 0.49 0.49 0.49 0.49 0.49 0.49 0.49 0.49 0.49 0.49 0.49 0.49 0.49 0.49 0.49 0.49 0.49 0.49 0.49 0.49 0.49 0.49 0.49 0.49 0.49 0.49 0.49 0.49 0.49 0.49 0.49 0.49 0.49 0.49 0.49 0.49 0.49 0.49 0.49 0.49 0.49 0.49 0.49 0.49 0.49 0.49 0.49 0.49 0.49 0.49 0.49 0.49 0.49 0.49 0.49 0.49 0.49 0.49 0.49 0.49 0.49 0.49 0.49 0.49 0.49 0.49 0.49 0.49 0.49 0.49 0.49 0.49 0.49 0.49 0.49 0.49 0.49 0.49 0.49 0.49 0.49 0.49 0.49 0.49 0.49 0.49 0.49 0.49 0.49 0.49 0.49 0.49 0.49 0.49 0.49 0.49 0.49 0.49 0.49 0.49 0.49 0.49 0.49 0.49 0.49 0.49 0.49 0.49 0.49 0.49 0.49 0.49 0.49 0.49 0.49 0.49 0.49 0.49 0.49 0.49 0.49 0.49 0.49 0.49 0.49 0.49 0.49 0.49 0.49 0.49 0.49 0.49 0.49 0.49 0.49 0.49 0.49 0.49 0.49 0.49 0.49 0.49 0.49 0.49 0.49 0.49 0.49 0.49 0.49 0.49 0.49 0.49 0.49 0.49 0.49 0.49 0.49 
0.499951 0.499951 0.499951 0.499951 0.499951 0.499951 0.499951 0.492913 0.499951 0.499951 0.499951 0.499951 0.499951 0.499951 0.499951 0.499951 0.499951 0.48 0.499951 0.499951 0.499951 0.499951 0.499951 0.499951 0.499951 0.499951 0.499951 0.48 0.499951 0.499951 0.499951 0.480024 0.499951 0.499951 0.499816 0.499951 0.499951 0.499951 0.499951 0.499951 0.499951 0.499863 0.499951 0.499951 0.48 0.499951 0.499951 0.499951 0.499951 0.499951 0.499951 0.499738 0.499951 0.499951 0.480001 0.499951 0.499951 0.499951 0.499951 0.499951 0.499951 0.499951 0.499951 0.499951 0.499951 0.499951 0.499951 0.499951 0.499951 0.499951 0.499951 0.499951 0.499951 0.499951 0.499951 0.499951 0.499951 0.499951 0.499951 0.499951 0.499951 0.499951 0.499951 0.499951 0.499951 0.499951 0.499951 0.499951 0.499951 0.499951 0.499951 0.499951 0.499951 0.499951 0.499951 0.499951 0.499951 0.480006 0.499951 0.499951 0.499951 0.499951 0.499951 0.499951 0.499951 0.499951 0.499951 0.499846 0.499951 0.499951 0.499951 0.499951 0.499951 0.499951 0.499951 0.499951 0.499951 0.481191 0.499951 0.499951 0.499951 0.480754 0.499951 0.499951 0.48 0.499951 0.499951 0.499951 0.499951 0.499951 0.499951 0.48 0.499951 0.499951 0.48 0.499951 0.499951 0.499951 0.499951 0.499951 0.499951 0.480031 0.499951 0.499951 0.498591 0.499951 0.499951 0.499951 0.499951 0.499951 0.499951 0.499951 0.499951 0.499951 0.499951 0.499951 0.499951 0.499951 0.499951 0.499951 0.499951 0.499951 0.499951 0.499951 0.499951 0.499951 0.499951 0.499951 0.499951 0.499951 0.499951 0.499951 0.499951 0.499951 0.499951 0.499951 0.499951 0.499951 0.499951 0.499951 0.499951 0.499951 0.499951 0.499951 0.499951 0.499951 0.499951 0.499329 0.499951 0.499951 0.499951 0.499951 0.499951 0.499951 0.499951 0.499951 0.499951 0.480007 0.499951 0.499951 0.499951 0.499951 0.499951 0.499951 0.499951 0.499951 0.499951 0.48 0.499951 0.499951 0.499951 0.48 0.499951 0.499951 0.48 0.499951 0.499951 0.499951 0.499951 0.499951 0.499951 0.481856 0.499951 0.499951 0.48 0.499951 0.499951 0.499951 0.499951 0.499951 0.499951 0.485538 0.499951 0.499951 0.48 0.499951 0.499951 0.499951 0.499951 0.499951 0.499951 0.499951 0.499951 0.499951 0.499951 0.499951 0.499951 0.499951 0.499951 0.499951 0.499951 0.499951 0.499951 0.499951 0.499951 0.499951 0.499951 0.499951 0.499951 0.499951 0.499951 0.499951 0.499951 0.499951 0.499951 0.499951 0.499951 0.499951 0.499951 0.499951 0.499951 0.499951 0.499951 0.499951 0.499951 0.499951 0.499951 0.480075 0.499951 0.499951 0.499951 0.499951 0.499951 0.499951 0.499951 0.499951 0.499951 0.481663 0.499951 0.499951 0.499951 0.499951 0.499951 0.499951 0.499951 0.499951 0.499951 0.495581 0.499951 0.499951 0.499951 0.499951 0.499951 0.499951 0.499951 0.499951 0.499951 0.48 0.499951 0.499951 0.499951 0.499951 0.499951 0.499951 0.499951 0.499951 0.499951 0.49881 0.499951 0.499951 0.499951 0.499951 0.499951 0.499951 0.499951 0.499951 0.499951 0.48 0.499951 0.499951 0.499951 0.499905 0.499951 0.499951 0.498937 0.499951 0.499951 0.499951 0.499951 0.499951 0.499951 0.48 0.499951 0.499951 0.499753 0.499951 0.499951 0.499951 0.499951 0.499951 0.499951 0.480017 0.499951 0.499951 0.48 0.499951 0.499951 0.499951 0.499951 0.499951 0.499951 0.499951 0.499951 0.499951 0.499951 0.499951 0.499951 0.499951 0.499951 0.499951 0.499951 0.499951 0.499951 0.499951 0.499951 0.499951 0.499951 0.499951 0.499951 0.499951 0.499951 0.499951 0.499951 0.499951 0.499951 0.499951 0.499951 0.499951 0.499951 0.499951 0.499951 0.499951 0.499951 0.499951 0.499951 0.499951 0.499951 0.499863 0.499951 0.499951 0.499951 0.499951 0.499951 0.499951 0.499951 0.499951 0.499951 0.48 0.499951 0.499951 0.499951 0.499951 0.499951 0.499951 0.499951 0.499951 0.499951 0.499402 0.499951 0.499951 0.499951 0.48 0.499951 0.499951 0.48507 0.499951 0.499951 0.499951 0.499951 0.499951 0.499951 0.482301 0.499951 0.499951 0.48 0.499951 0.499951 0.499951 0.499951 0.499951 0.499951 0.48 0.499951 0.499951 0.480001 0.499951 0.499951 0.499951 0.499951 0.499951 0.499951 0.499951 0.499951 0.499951 0.499951 0.499951 0.499951 0.499951 0.499951 0.499951 0.499951 0.499951 0.499951 0.499951 0.499951 0.499951 0.499951 0.499951 0.499951 0.499951 0.499951 0.499951 0.499951 0.499951 0.499951 0.499951 0.499951 0.499951 0.499951 0.499951 0.499951 0.499951 0.499951 0.499951 0.499951 0.499951 0.499951 0.493969 0.499951 0.499951 0.499951 0.499951 0.499951 0.499951 0.499951 0.499951 0.499951 0.48 0.499951 0.499951 0.499951 0.499951 0.499951 0.499951 0.499951 0.499951 0.499951 0.480029 0.499951 0.499951 0.499951 0.499468 0.499951 0.499951 0.480154 0.499951 0.499951 0.499951 0.499951 0.499951 0.499951 0.492636 0.499951 0.499951 0.481574 0.499951 0.499951 0.499951 0.499951 0.499951 0.499951 0.480002 0.499951 0.499951 0.480001 0.499951 0.499951 0.499951 0.499951 0.499951 0.499951 0.499951 0.499951 0.499951 0.499951 0.499951 0.499951 0.499951 0.499951 0.499951 0.499951 0.499951 0.499951 0.499951 0.499951 0.499951 0.499951 0.499951 0.499951 0.499951 0.499951 0.499951 0.499951 0.499951 0.499951 0.499951 0.499951 0.499951 0.499951 0.499951 0.499951 0.499951 0.499951 0.499951 0.499951 0.499951 0.499951 0.498741 0.499951 0.499951 0.499951 0.499951 0.499951 0.499951 0.499951 0.499951 0.499951 0.499871 0.499951 0.499951 0.499951 0.499951 0.499951 0.499951 0.499951 0.499951 0.499951 0.498591 0.499951 0.499951 0.499951 0.499951 0.499951 0.499951 0.499951 0.499951 0.499951 0.480001 0.499951 0.499951 0.499951 0.499951 0.499951 0.499951 0.499951 0.499951 0.499951 0.48 0.499951 0.499951 0.499951 0.499951 0.499951 0.499951 0.499951 0.499951 0.499951 0.48 0.499951 0.499951 0.499951 0.495581 0.499951 0.499951 0.497014 0.499951 0.499951 0.499951 0.499951 0.499951 0.499951 0.490599 0.499951 0.499951 0.495581 0.499951 0.499951 0.499951 0.499951 0.499951 0.499951 0.493969 0.499951 0.499951 0.499603 0.499951 0.499951 0.499951 0.499951 0.499951 0.499951 0.499951 0.499951 0.499951 0.499951 0.499951 0.499951 0.499951 0.499951 0.499951 0.499951 0.499951 0.499951 0.499951 0.499951 0.499951 0.499951 0.499951 0.499951 0.499951 0.499951 0.499951 0.499951 0.499951 0.499951 0.499951 0.499951 0.499951 0.499951 0.499951 0.499951 0.499951 0.499951 0.499951 0.499951 0.499951 0.499951 0.48002 0.499951 0.499951 0.499951 0.499951 0.499951 0.499951 0.499951 0.499951 0.499951 0.48 0.499951 0.499951 0.499951 0.499951 0.499951 0.499951 0.499951 0.499951 0.499951 0.48 0.499951 0.499951 0.499951 0.48 0.499951 0.499951 0.499498 0.499951 0.499951 0.499951 0.499951 0.499951 0.499951 0.48 0.499951 0.499951 0.499687 0.499951 0.499951 0.499951 0.499951 0.499951 0.499951 0.48463 0.499951 0.499951 0.48 0.499951 0.499951 0.499951 0.499951 0.499951 0.499951 0.499951 0.499951 0.499951 0.499951 0.499951 0.499951 0.499951 0.499951 0.499951 0.499951 0.499951 0.499951 0.499951 0.499951 0.499951 0.499951 0.499951 0.499951 0.499951 0.499951 0.499951 0.499951 0.499951 0.499951 0.499951 0.499951 0.499951 0.499951 0.499951 0.499951 0.499951 0.499951 0.499951 0.499951 0.499951 0.499951 0.48 0.499951 0.499951 0.499951 0.499951 0.499951 0.499951 0.499951 0.499951 0.499951 0.499855 0.499951 0.499951 0.499951 0.499951 0.499951 0.499951 0.499951 0.499951 0.499951 0.480532 0.499951 0.499951 0.499951 0.48 0.499951 0.499951 0.480014 0.499951 0.499951 0.499951 0.499951 0.499951 0.499951 0.480005 0.499951 0.499951 0.4903 0.499951 0.499951 0.499951 0.499951 0.499951 0.499951 0.499827 0.499951 0.499951 0.480029 0.499951 0.499951 0.499951 0.499951 0.499951 0.499951 0.499951 0.499951 0.499951 0.499951 0.499951 0.499951 0.499951 0.499951 0.499951 0.499951 0.499951 0.499951 0.499951 0.499951 0.499951 0.499951 0.499951 0.499951 0.499951 0.499951 0.499951 0.499951 0.499951 0.499951 0.499951 0.499951 0.499951 0.499951 0.499951 0.499951 0.499951 0.499951 0.499951 0.499951 0.499951 0.499951 0.480799 0.499951 0.499951 0.499951 0.499951 0.499951 0.499951 0.499951 0.499951 0.499951 0.498668 0.499951 0.499951 0.499951 0.499951 0.499951 0.499951 0.499951 0.499951 0.499951 0.499554 0.499951 0.499951 
0.509901 0.509901 0.509901 0.509901 0.509901 0.509901 0.509901 0.493811 0.509901 0.509901 0.509901 0.509901 0.509901 0.509901 0.509901 0.509901 0.509901 0.47 0.509901 0.509901 0.509901 0.509901 0.509901 0.509901 0.509901 0.509901 0.509901 0.47 0.509901 0.509901 0.509901 0.47012 0.509901 0.509901 0.509731 0.509901 0.509901 0.509901 0.509901 0.509901 0.509901 0.509774 0.509901 0.509901 0.47 0.509901 0.509901 0.509901 0.509901 0.509901 0.509901 0.509291 0.509901 0.509901 0.470002 0.509901 0.509901 0.509901 0.509901 0.509901 0.509901 0.509901 0.509901 0.509901 0.509901 0.509901 0.509901 0.509901 0.509901 0.509901 0.509901 0.509901 0.509901 0.509901 0.509901 0.509901 0.509901 0.509901 0.509901 0.509901 0.509901 0.509901 0.509901 0.509901 0.509901 0.509901 0.509901 0.509901 0.509901 0.509901 0.509901 0.509901 0.509901 0.509901 0.509901 0.509901 0.509901 0.470012 0.509901 0.509901 0.509901 0.509901 0.509901 0.509901 0.509901 0.509901 0.509901 0.509626 0.509901 0.509901 0.509901 0.509901 0.509901 0.509901 0.509901 0.509901 0.509901 0.47315 0.509901 0.509901 0.509901 0.471256 0.509901 0.509901 0.47 0.509901 0.509901 0.509901 0.509901 0.509901 0.509901 0.47 0.509901 0.509901 0.47 0.509901 0.509901 0.509901 0.509901 0.509901 0.509901 0.470063 0.509901 0.509901 0.50629 0.509901 0.509901 0.509901 0.509901 0.509901 0.509901 0.509901 0.509901 0.509901 0.509901 0.509901 0.509901 0.509901 0.509901 0.509901 0.509901 0.509901 0.509901 0.509901 0.509901 0.509901 0.509901 0.509901 0.509901 0.509901 0.509901 0.509901 0.509901 0.509901 0.509901 0.509901 0.509901 0.509901 0.509901 0.509901 0.509901 0.509901 0.509901 0.509901 0.509901 0.509901 0.509901 0.50853 0.509901 0.509901 0.509901 0.509901 0.509901 0.509901 0.509901 0.509901 0.509901 0.470021 0.509901 0.509901 0.509901 0.509901 0.509901 0.509901 0.509901 0.509901 0.509901 0.470001 0.509901 0.509901 0.509901 0.47 0.509901 0.509901 0.47 0.509901 0.509901 0.509901 0.509901 0.509901 0.509901 0.473345 0.509901 0.509901 0.47 0.509901 0.509901 0.509901 0.509901 0.509901 0.509901 0.481568 0.509901 0.509901 0.47 0.509901 0.509901 0.509901 0.509901 0.509901 0.509901 0.509901 0.509901 0.509901 0.509901 0.509901 0.509901 0.509901 0.509901 0.509901 0.509901 0.509901 0.509901 0.509901 0.509901 0.509901 0.509901 0.509901 0.509901 0.509901 0.509901 0.509901 0.509901 0.509901 0.509901 0.509901 0.509901 0.509901 0.509901 0.509901 0.509901 0.509901 0.509901 0.509901 0.509901 0.509901 0.509901 0.470212 0.509901 0.509901 0.509901 0.509901 0.509901 0.509901 0.509901 0.509901 0.509901 0.475312 0.509901 0.509901 0.509901 0.509901 0.509901 0.509901 0.509901 0.509901 0.509901 0.502886 0.509901 0.509901 0.509901 0.509901 0.509901 0.509901 0.509901 0.509901 0.509901 0.47 0.509901 0.509901 0.509901 0.509901 0.509901 0.509901 0.509901 0.509901 0.509901 0.506742 0.509901 0.509901 0.509901 0.509901 0.509901 0.509901 0.509901 0.509901 0.509901 0.47 0.509901 0.509901 0.509901 0.50979 0.509901 0.509901 0.507448 0.509901 0.509901 0.509901 0.509901 0.509901 0.509901 0.47 0.509901 0.509901 0.509533 0.509901 0.509901 0.509901 0.509901 0.509901 0.509901 0.470034 0.509901 0.509901 0.47 0.509901 0.509901 0.509901 0.509901 0.509901 0.509901 0.509901 0.509901 0.509901 0.509901 0.509901 0.509901 0.509901 0.509901 0.509901 0.509901 0.509901 0.509901 0.509901 0.509901 0.509901 0.509901 0.509901 0.509901 0.509901 0.509901 0.509901 0.509901 0.509901 0.509901 0.509901 0.509901 0.509901 0.509901 0.509901 0.509901 0.509901 0.509901 0.509901 0.509901 0.509901 0.509901 0.509644 0.509901 0.509901 0.509901 0.509901 0.509901 0.509901 0.509901 0.509901 0.509901 0.47 0.509901 0.509901 0.509901 0.509901 0.509901 0.509901 0.509901 0.509901 0.509901 0.508556 0.509901 0.509901 0.509901 0.47 0.509901 0.509901 0.488522 0.509901 0.509901 0.509901 0.509901 0.509901 0.509901 0.476931 0.509901 0.509901 0.47 0.509901 0.509901 0.509901 0.509901 0.509901 0.509901 0.47 0.509901 0.509901 0.470002 0.509901 0.509901 0.509901 0.509901 0.509901 0.509901 0.509901 0.509901 0.509901 0.509901 0.509901 0.509901 0.509901 0.509901 0.509901 0.509901 0.509901 0.509901 0.509901 0.509901 0.509901 0.509901 0.509901 0.509901 0.509901 0.509901 0.509901 0.509901 0.509901 0.509901 0.509901 0.509901 0.509901 0.509901 0.509901 0.509901 0.509901 0.509901 0.509901 0.509901 0.509901 0.509901 0.499123 0.509901 0.509901 0.509901 0.509901 0.509901 0.509901 0.509901 0.509901 0.509901 0.47 0.509901 0.509901 0.509901 0.509901 0.509901 0.509901 0.509901 0.509901 0.509901 0.470045 0.509901 0.509901 0.509901 0.509094 0.509901 0.509901 0.470449 0.509901 0.509901 0.509901 0.509901 0.509901 0.509901 0.489723 0.509901 0.509901 0.473642 0.509901 0.509901 0.509901 0.509901 0.509901 0.509901 0.470004 0.509901 0.509901 0.470002 0.509901 0.509901 0.509901 0.509901 0.509901 0.509901 0.509901 0.509901 0.509901 0.509901 0.509901 0.509901 0.509901 0.509901 0.509901 0.509901 0.509901 0.509901 0.509901 0.509901 0.509901 0.509901 0.509901 0.509901 0.509901 0.509901 0.509901 0.509901 0.509901 0.509901 0.509901 0.509901 0.509901 0.509901 0.509901 0.509901 0.509901 0.509901 0.509901 0.509901 0.509901 0.509901 0.507942 0.509901 0.509901 0.509901 0.509901 0.509901 0.509901 0.509901 0.509901 0.509901 0.509708 0.509901 0.509901 0.509901 0.509901 0.509901 0.509901 0.509901 0.509901 0.509901 0.508118 0.509901 0.509901 0.509901 0.509901 0.509901 0.509901 0.509901 0.509901 0.509901 0.470004 0.509901 0.509901 0.509901 0.509901 0.509901 0.509901 0.509901 0.509901 0.509901 0.47 0.509901 0.509901 0.509901 0.509901 0.509901 0.509901 0.509901 0.509901 0.509901 0.47 0.509901 0.509901 0.509901 0.499033 0.509901 0.509901 0.499927 0.509901 0.509901 0.509901 0.509901 0.509901 0.509901 0.494051 0.509901 0.509901 0.49765 0.509901 0.509901 0.509901 0.509901 0.509901 0.509901 0.495164 0.509901 0.509901 0.509325 0.509901 0.509901 0.509901 0.509901 0.509901 0.509901 0.509901 0.509901 0.509901 0.509901 0.509901 0.509901 0.509901 0.509901 0.509901 0.509901 0.509901 0.509901 0.509901 0.509901 0.509901 0.509901 0.509901 0.509901 0.509901 0.509901 0.509901 0.509901 0.509901 0.509901 0.509901 0.509901 0.509901 0.509901 0.509901 0.509901 0.509901 0.509901 0.509901 0.509901 0.509901 0.509901 0.470064 0.509901 0.509901 0.509901 0.509901 0.509901 0.509901 0.509901 0.509901 0.509901 0.47 0.509901 0.509901 0.509901 0.509901 0.509901 0.509901 0.509901 0.509901 0.509901 0.47 0.509901 0.509901 0.509901 0.47 0.509901 0.509901 0.508997 0.509901 0.509901 0.509901 0.509901 0.509901 0.509901 0.47 0.509901 0.509901 0.509453 0.509901 0.509901 0.509901 0.509901 0.509901 0.509901 0.477616 0.509901 0.509901 0.470001 0.509901 0.509901 0.509901 0.509901 0.509901 0.509901 0.509901 0.509901 0.509901 0.509901 0.509901 0.509901 0.509901 0.509901 0.509901 0.509901 0.509901 0.509901 0.509901 0.509901 0.509901 0.509901 0.509901 0.509901 0.509901 0.509901 0.509901 0.509901 0.509901 0.509901 0.509901 0.509901 0.509901 0.509901 0.509901 0.509901 0.509901 0.509901 0.509901 0.509901 0.509901 0.509901 0.47 0.509901 0.509901 0.509901 0.509901 0.509901 0.509901 0.509901 0.509901 0.509901 0.509648 0.509901 0.509901 0.509901 0.509901 0.509901 0.509901 0.509901 0.509901 0.509901 0.47113 0.509901 0.509901 0.509901 0.47 0.509901 0.509901 0.470019 0.509901 0.509901 0.509901 0.509901 0.509901 0.509901 0.470005 0.509901 0.509901 0.48537 0.509901 0.509901 0.509901 0.509901 0.509901 0.509901 0.50962 0.509901 0.509901 0.470068 0.509901 0.509901 0.509901 0.509901 0.509901 0.509901 0.509901 0.509901 0.509901 0.509901 0.509901 0.509901 0.509901 0.509901 0.509901 0.509901 0.509901 0.509901 0.509901 0.509901 0.509901 0.509901 0.509901 0.509901 0.509901 0.509901 0.509901 0.509901 0.509901 0.509901 0.509901 0.509901 0.509901 0.509901 0.509901 0.509901 0.509901 0.509901 0.509901 0.509901 0.509901 0.509901 0.471173 0.509901 0.509901 0.509901 0.509901 0.509901 0.509901 0.509901 0.509901 0.509901 0.506366 0.509901 0.509901 0.509901 0.509901 0.509901 0.509901 0.509901 0.509901 0.509901 0.509133 0.509901 0.509901 
0.519852 0.519852 0.519852 0.519852 0.519852 0.519852 0.519852 0.49588 0.519852 0.519852 0.519852 0.519852 0.519852 0.519852 0.519852 0.519852 0.519852 0.46 0.519852 0.519852 0.519852 0.519852 0.519852 0.519852 0.519852 0.519852 0.519852 0.460002 0.519852 0.519852 0.519852 0.460137 0.519852 0.519852 0.51963 0.519852 0.519852 0.519852 0.519852 0.519852 0.519852 0.519666 0.519852 0.519852 0.46 0.519852 0.519852 0.519852 0.519852 0.519852 0.519852 0.518978 0.519852 0.519852 0.460003 0.519852 0.519852 0.519852 0.519852 0.519852 0.519852 0.519852 0.519852 0.519852 0.519852 0.519852 0.519852 0.519852 0.519852 0.519852 0.519852 0.519852 0.519852 0.519852 0.519852 0.519852 0.519852 0.519852 0.519852 0.519852 0.519852 0.519852 0.519852 0.519852 0.519852 0.519852 0.519852 0.519852 0.519852 0.519852 0.519852 0.519852 0.519852 0.519852 0.519852 0.519852 0.519852 0.460017 0.519852 0.519852 0.519852 0.519852 0.519852 0.519852 0.519852 0.519852 0.519852 0.519443 0.519852 0.519852 0.519852 0.519852 0.519852 0.519852 0.519852 0.519852 0.519852 0.467366 0.519852 0.519852 0.519852 0.462745 0.519852 0.519852 0.46 0.519852 0.519852 0.519852 0.519852 0.519852 0.519852 0.46 0.519852 0.519852 0.46 0.519852 0.519852 0.519852 0.519852 0.519852 0.519852 0.460076 0.519852 0.519852 0.513304 0.519852 0.519852 0.519852 0.519852 0.519852 0.519852 0.519852 0.519852 0.519852 0.519852 0.519852 0.519852 0.519852 0.519852 0.519852 0.519852 0.519852 0.519852 0.519852 0.519852 0.519852 0.519852 0.519852 0.519852 0.519852 0.519852 0.519852 0.519852 0.519852 0.519852 0.519852 0.519852 0.519852 0.519852 0.519852 0.519852 0.519852 0.519852 0.519852 0.519852 0.519852 0.519852 0.518297 0.519852 0.519852 0.519852 0.519852 0.519852 0.519852 0.519852 0.519852 0.519852 0.460027 0.519852 0.519852 0.519852 0.519852 0.519852 0.519852 0.519852 0.519852 0.519852 0.460001 0.519852 0.519852 0.519852 0.46 0.519852 0.519852 0.46 0.519852 0.519852 0.519852 0.519852 0.519852 0.519852 0.464605 0.519852 0.519852 0.46 0.519852 0.519852 0.519852 0.519852 0.519852 0.519852 0.483057 0.519852 0.519852 0.46 0.519852 0.519852 0.519852 0.519852 0.519852 0.519852 0.519852 0.519852 0.519852 0.519852 0.519852 0.519852 0.519852 0.519852 0.519852 0.519852 0.519852 0.519852 0.519852 0.519852 0.519852 0.519852 0.519852 0.519852 0.519852 0.519852 0.519852 0.519852 0.519852 0.519852 0.519852 0.519852 0.519852 0.519852 0.519852 0.519852 0.519852 0.519852 0.519852 0.519852 0.519852 0.519852 0.460283 0.519852 0.519852 0.519852 0.519852 0.519852 0.519852 0.519852 0.519852 0.519852 0.46896 0.519852 0.519852 0.519852 0.519852 0.519852 0.519852 0.519852 0.519852 0.519852 0.51046 0.519852 0.519852 0.519852 0.519852 0.519852 0.519852 0.519852 0.519852 0.519852 0.46 0.519852 0.519852 0.519852 0.519852 0.519852 0.519852 0.519852 0.519852 0.519852 0.515616 0.519852 0.519852 0.519852 0.519852 0.519852 0.519852 0.519852 0.519852 0.519852 0.46 0.519852 0.519852 0.519852 0.519669 0.519852 0.519852 0.516649 0.519852 0.519852 0.519852 0.519852 0.519852 0.519852 0.46 0.519852 0.519852 0.519313 0.519852 0.519852 0.519852 0.519852 0.519852 0.519852 0.460056 0.519852 0.519852 0.46 0.519852 0.519852 0.519852 0.519852 0.519852 0.519852 0.519852 0.519852 0.519852 0.519852 0.519852 0.519852 0.519852 0.519852 0.519852 0.519852 0.519852 0.519852 0.519852 0.519852 0.519852 0.519852 0.519852 0.519852 0.519852 0.519852 0.519852 0.519852 0.519852 0.519852 0.519852 0.519852 0.519852 0.519852 0.519852 0.519852 0.519852 0.519852 0.519852 0.519852 0.519852 0.519852 0.519515 0.519852 0.519852 0.519852 0.519852 0.519852 0.519852 0.519852 0.519852 0.519852 0.46 0.519852 0.519852 0.519852 0.519852 0.519852 0.519852 0.519852 0.519852 0.519852 0.517431 0.519852 0.519852 0.519852 0.46 0.519852 0.519852 0.495965 0.519852 0.519852 0.519852 0.519852 0.519852 0.519852 0.469917 0.519852 0.519852 0.46 0.519852 0.519852 0.519852 0.519852 0.519852 0.519852 0.46 0.519852 0.519852 0.460002 0.519852 0.519852 0.519852 0.519852 0.519852 0.519852 0.519852 0.519852 0.519852 0.519852 0.519852 0.519852 0.519852 0.519852 0.519852 0.519852 0.519852 0.519852 0.519852 0.519852 0.519852 0.519852 0.519852 0.519852 0.519852 0.519852 0.519852 0.519852 0.519852 0.519852 0.519852 0.519852 0.519852 0.519852 0.519852 0.519852 0.519852 0.519852 0.519852 0.519852 0.519852 0.519852 0.495938 0.519852 0.519852 0.519852 0.519852 0.519852 0.519852 0.519852 0.519852 0.519852 0.46 0.519852 0.519852 0.519852 0.519852 0.519852 0.519852 0.519852 0.519852 0.519852 0.460058 0.519852 0.519852 0.519852 0.518697 0.519852 0.519852 0.460603 0.519852 0.519852 0.519852 0.519852 0.519852 0.519852 0.482709 0.519852 0.519852 0.468943 0.519852 0.519852 0.519852 0.519852 0.519852 0.519852 0.460004 0.519852 0.519852 0.460004 0.519852 0.519852 0.519852 0.519852 0.519852 0.519852 0.519852 0.519852 0.519852 0.519852 0.519852 0.519852 0.519852 0.519852 0.519852 0.519852 0.519852 0.519852 0.519852 0.519852 0.519852 0.519852 0.519852 0.519852 0.519852 0.519852 0.519852 0.519852 0.519852 0.519852 0.519852 0.519852 0.519852 0.519852 0.519852 0.519852 0.519852 0.519852 0.519852 0.519852 0.519852 0.519852 0.516086 0.519852 0.519852 0.519852 0.519852 0.519852 0.519852 0.519852 0.519852 0.519852 0.519554 0.519852 0.519852 0.519852 0.519852 0.519852 0.519852 0.519852 0.519852 0.519852 0.517407 0.519852 0.519852 0.519852 0.519852 0.519852 0.519852 0.519852 0.519852 0.519852 0.460009 0.519852 0.519852 0.519852 0.519852 0.519852 0.519852 0.519852 0.519852 0.519852 0.46 0.519852 0.519852 0.519852 0.519852 0.519852 0.519852 0.519852 0.519852 0.519852 0.46 0.519852 0.519852 0.519852 0.501946 0.519852 0.519852 0.506096 0.519852 0.519852 0.519852 0.519852 0.519852 0.519852 0.490866 0.519852 0.519852 0.499139 0.519852 0.519852 0.519852 0.519852 0.519852 0.519852 0.495463 0.519852 0.519852 0.519011 0.519852 0.519852 0.519852 0.519852 0.519852 0.519852 0.519852 0.519852 0.519852 0.519852 0.519852 0.519852 0.519852 0.519852 0.519852 0.519852 0.519852 0.519852 0.519852 0.519852 0.519852 0.519852 0.519852 0.519852 0.519852 0.519852 0.519852 0.519852 0.519852 0.519852 0.519852 0.519852 0.519852 0.519852 0.519852 0.519852 0.519852 0.519852 0.519852 0.519852 0.519852 0.519852 0.460108 0.519852 0.519852 0.519852 0.519852 0.519852 0.519852 0.519852 0.519852 0.519852 0.46 0.519852 0.519852 0.519852 0.519852 0.519852 0.519852 0.519852 0.519852 0.519852 0.46 0.519852 0.519852 0.519852 0.46 0.519852 0.519852 0.518495 0.519852 0.519852 0.519852 0.519852 0.519852 0.519852 0.46 0.519852 0.519852 0.519121 0.519852 0.519852 0.519852 0.519852 0.519852 0.519852 0.475261 0.519852 0.519852 0.460001 0.519852 0.519852 0.519852 0.519852 0.519852 0.519852 0.519852 0.519852 0.519852 0.519852 0.519852 0.519852 0.519852 0.519852 0.519852 0.519852 0.519852 0.519852 0.519852 0.519852 0.519852 0.519852 0.519852 0.519852 0.519852 0.519852 0.519852 0.519852 0.519852 0.519852 0.519852 0.519852 0.519852 0.519852 0.519852 0.519852 0.519852 0.519852 0.519852 0.519852 0.519852 0.519852 0.46 0.519852 0.519852 0.519852 0.519852 0.519852 0.519852 0.519852 0.519852 0.519852 0.519503 0.519852 0.519852 0.519852 0.519852 0.519852 0.519852 0.519852 0.519852 0.519852 0.461303 0.519852 0.519852 0.519852 0.46 0.519852 0.519852 0.460021 0.519852 0.519852 0.519852 0.519852 0.519852 0.519852 0.46001 0.519852 0.519852 0.483881 0.519852 0.519852 0.519852 0.519852 0.519852 0.519852 0.519436 0.519852 0.519852 0.460095 0.519852 0.519852 0.519852 0.519852 0.519852 0.519852 0.519852 0.519852 0.519852 0.519852 0.519852 0.519852 0.519852 0.519852 0.519852 0.519852 0.519852 0.519852 0.519852 0.519852 0.519852 0.519852 0.519852 0.519852 0.519852 0.519852 0.519852 0.519852 0.519852 0.519852 0.519852 0.519852 0.519852 0.519852 0.519852 0.519852 0.519852 0.519852 0.519852 0.519852 0.519852 0.519852 0.463474 0.519852 0.519852 0.519852 0.519852 0.519852 0.519852 0.519852 0.519852 0.519852 0.514958 0.519852 0.519852 0.519852 0.519852 0.519852 0.519852 0.519852 0.519852 0.519852 0.518601 0.519852 0.519852 
0.529802 0.529802 0.529802 0.529802 0.529802 0.529802 0.529802 0.494392 0.529802 0.529802 0.529802 0.529802 0.529802 0.529802 0.529802 0.529802 0.529802 0.45 0.529802 0.529802 0.529802 0.529802 0.529802 0.529802 0.529802 0.529802 0.529802 0.450002 0.529802 0.529802 0.529802 0.450179 0.529802 0.529802 0.52954 0.529802 0.529802 0.529802 0.529802 0.529802 0.529802 0.529581 0.529802 0.529802 0.45 0.529802 0.529802 0.529802 0.529802 0.529802 0.529802 0.528505 0.529802 0.529802 0.450003 0.529802 0.529802 0.529802 0.529802 0.529802 0.529802 0.529802 0.529802 0.529802 0.529802 0.529802 0.529802 0.529802 0.529802 0.529802 0.529802 0.529802 0.529802 0.529802 0.529802 0.529802 0.529802 0.529802 0.529802 0.529802 0.529802 0.529802 0.529802 0.529802 0.529802 0.529802 0.529802 0.529802 0.529802 0.529802 0.529802 0.529802 0.529802 0.529802 0.529802 0.529802 0.529802 0.450037 0.529802 0.529802 0.529802 0.529802 0.529802 0.529802 0.529802 0.529802 0.529802 0.529129 0.529802 0.529802 0.529802 0.529802 0.529802 0.529802 0.529802 0.529802 0.529802 0.458626 0.529802 0.529802 0.529802 0.45387 0.529802 0.529802 0.45 0.529802 0.529802 0.529802 0.529802 0.529802 0.529802 0.45 0.529802 0.529802 0.45 0.529802 0.529802 0.529802 0.529802 0.529802 0.529802 0.450088 0.529802 0.529802 0.522241 0.529802 0.529802 0.529802 0.529802 0.529802 0.529802 0.529802 0.529802 0.529802 0.529802 0.529802 0.529802 0.529802 0.529802 0.529802 0.529802 0.529802 0.529802 0.529802 0.529802 0.529802 0.529802 0.529802 0.529802 0.529802 0.529802 0.529802 0.529802 0.529802 0.529802 0.529802 0.529802 0.529802 0.529802 0.529802 0.529802 0.529802 0.529802 0.529802 0.529802 0.529802 0.529802 0.527663 0.529802 0.529802 0.529802 0.529802 0.529802 0.529802 0.529802 0.529802 0.529802 0.450039 0.529802 0.529802 0.529802 0.529802 0.529802 0.529802 0.529802 0.529802 0.529802 0.450001 0.529802 0.529802 0.529802 0.45 0.529802 0.529802 0.45 0.529802 0.529802 0.529802 0.529802 0.529802 0.529802 0.456787 0.529802 0.529802 0.45 0.529802 0.529802 0.529802 0.529802 0.529802 0.529802 0.475894 0.529802 0.529802 0.45 0.529802 0.529802 0.529802 0.529802 0.529802 0.529802 0.529802 0.529802 0.529802 0.529802 0.529802 0.529802 0.529802 0.529802 0.529802 0.529802 0.529802 0.529802 0.529802 0.529802 0.529802 0.529802 0.529802 0.529802 0.529802 0.529802 0.529802 0.529802 0.529802 0.529802 0.529802 0.529802 0.529802 0.529802 0.529802 0.529802 0.529802 0.529802 0.529802 0.529802 0.529802 0.529802 0.450338 0.529802 0.529802 0.529802 0.529802 0.529802 0.529802 0.529802 0.529802 0.529802 0.461947 0.529802 0.529802 0.529802 0.529802 0.529802 0.529802 0.529802 0.529802 0.529802 0.517903 0.529802 0.529802 0.529802 0.529802 0.529802 0.529802 0.529802 0.529802 0.529802 0.45 0.529802 0.529802 0.529802 0.529802 0.529802 0.529802 0.529802 0.529802 0.529802 0.52263 0.529802 0.529802 0.529802 0.529802 0.529802 0.529802 0.529802 0.529802 0.529802 0.45 0.529802 0.529802 0.529802 0.529515 0.529802 0.529802 0.526228 0.529802 0.529802 0.529802 0.529802 0.529802 0.529802 0.45 0.529802 0.529802 0.529066 0.529802 0.529802 0.529802 0.529802 0.529802 0.529802 0.450083 0.529802 0.529802 0.45 0.529802 0.529802 0.529802 0.529802 0.529802 0.529802 0.529802 0.529802 0.529802 0.529802 0.529802 0.529802 0.529802 0.529802 0.529802 0.529802 0.529802 0.529802 0.529802 0.529802 0.529802 0.529802 0.529802 0.529802 0.529802 0.529802 0.529802 0.529802 0.529802 0.529802 0.529802 0.529802 0.529802 0.529802 0.529802 0.529802 0.529802 0.529802 0.529802 0.529802 0.529802 0.529802 0.52937 0.529802 0.529802 0.529802 0.529802 0.529802 0.529802 0.529802 0.529802 0.529802 0.45 0.529802 0.529802 0.529802 0.529802 0.529802 0.529802 0.529802 0.529802 0.529802 0.526834 0.529802 0.529802 0.529802 0.45 0.529802 0.529802 0.500427 0.529802 0.529802 0.529802 0.529802 0.529802 0.529802 0.461042 0.529802 0.529802 0.45 0.529802 0.529802 0.529802 0.529802 0.529802 0.529802 0.45 0.529802 0.529802 0.450003 0.529802 0.529802 0.529802 0.529802 0.529802 0.529802 0.529802 0.529802 0.529802 0.529802 0.529802 0.529802 0.529802 0.529802 0.529802 0.529802 0.529802 0.529802 0.529802 0.529802 0.529802 0.529802 0.529802 0.529802 0.529802 0.529802 0.529802 0.529802 0.529802 0.529802 0.529802 0.529802 0.529802 0.529802 0.529802 0.529802 0.529802 0.529802 0.529802 0.529802 0.529802 0.529802 0.49939 0.529802 0.529802 0.529802 0.529802 0.529802 0.529802 0.529802 0.529802 0.529802 0.45 0.529802 0.529802 0.529802 0.529802 0.529802 0.529802 0.529802 0.529802 0.529802 0.450072 0.529802 0.529802 0.529802 0.528251 0.529802 0.529802 0.450787 0.529802 0.529802 0.529802 0.529802 0.529802 0.529802 0.47849 0.529802 0.529802 0.460006 0.529802 0.529802 0.529802 0.529802 0.529802 0.529802 0.450006 0.529802 0.529802 0.450007 0.529802 0.529802 0.529802 0.529802 0.529802 0.529802 0.529802 0.529802 0.529802 0.529802 0.529802 0.529802 0.529802 0.529802 0.529802 0.529802 0.529802 0.529802 0.529802 0.529802 0.529802 0.529802 0.529802 0.529802 0.529802 0.529802 0.529802 0.529802 0.529802 0.529802 0.529802 0.529802 0.529802 0.529802 0.529802 0.529802 0.529802 0.529802 0.529802 0.529802 0.529802 0.529802 0.524018 0.529802 0.529802 0.529802 0.529802 0.529802 0.529802 0.529802 0.529802 0.529802 0.52937 0.529802 0.529802 0.529802 0.529802 0.529802 0.529802 0.529802 0.529802 0.529802 0.526773 0.529802 0.529802 0.529802 0.529802 0.529802 0.529802 0.529802 0.529802 0.529802 0.450011 0.529802 0.529802 0.529802 0.529802 0.529802 0.529802 0.529802 0.529802 0.529802 0.45 0.529802 0.529802 0.529802 0.529802 0.529802 0.529802 0.529802 0.529802 0.529802 0.45 0.529802 0.529802 0.529802 0.507526 0.529802 0.529802 0.510558 0.529802 0.529802 0.529802 0.529802 0.529802 0.529802 0.495796 0.529802 0.529802 0.502324 0.529802 0.529802 0.529802 0.529802 0.529802 0.529802 0.503037 0.529802 0.529802 0.528778 0.529802 0.529802 0.529802 0.529802 0.529802 0.529802 0.529802 0.529802 0.529802 0.529802 0.529802 0.529802 0.529802 0.529802 0.529802 0.529802 0.529802 0.529802 0.529802 0.529802 0.529802 0.529802 0.529802 0.529802 0.529802 0.529802 0.529802 0.529802 0.529802 0.529802 0.529802 0.529802 0.529802 0.529802 0.529802 0.529802 0.529802 0.529802 0.529802 0.529802 0.529802 0.529802 0.450209 0.529802 0.529802 0.529802 0.529802 0.529802 0.529802 0.529802 0.529802 0.529802 0.45 0.529802 0.529802 0.529802 0.529802 0.529802 0.529802 0.529802 0.529802 0.529802 0.45 0.529802 0.529802 0.529802 0.45 0.529802 0.529802 0.528074 0.529802 0.529802 0.529802 0.529802 0.529802 0.529802 0.45 0.529802 0.529802 0.528747 0.529802 0.529802 0.529802 0.529802 0.529802 0.529802 0.471292 0.529802 0.529802 0.450001 0.529802 0.529802 0.529802 0.529802 0.529802 0.529802 0.529802 0.529802 0.529802 0.529802 0.529802 0.529802 0.529802 0.529802 0.529802 0.529802 0.529802 0.529802 0.529802 0.529802 0.529802 0.529802 0.529802 0.529802 0.529802 0.529802 0.529802 0.529802 0.529802 0.529802 0.529802 0.529802 0.529802 0.529802 0.529802 0.529802 0.529802 0.529802 0.529802 0.529802 0.529802 0.529802 0.45 0.529802 0.529802 0.529802 0.529802 0.529802 0.529802 0.529802 0.529802 0.529802 0.529208 0.529802 0.529802 0.529802 0.529802 0.529802 0.529802 0.529802 0.529802 0.529802 0.451724 0.529802 0.529802 0.529802 0.45 0.529802 0.529802 0.450026 0.529802 0.529802 0.529802 0.529802 0.529802 0.529802 0.450014 0.529802 0.529802 0.483581 0.529802 0.529802 0.529802 0.529802 0.529802 0.529802 0.529282 0.529802 0.529802 0.450166 0.529802 0.529802 0.529802 0.529802 0.529802 0.529802 0.529802 0.529802 0.529802 0.529802 0.529802 0.529802 0.529802 0.529802 0.529802 0.529802 0.529802 0.529802 0.529802 0.529802 0.529802 0.529802 0.529802 0.529802 0.529802 0.529802 0.529802 0.529802 0.529802 0.529802 0.529802 0.529802 0.529802 0.529802 0.529802 0.529802 0.529802 0.529802 0.529802 0.529802 0.529802 0.529802 0.454963 0.529802 0.529802 0.529802 0.529802 0.529802 0.529802 0.529802 0.529802 0.529802 0.520741 0.529802 0.529802 0.529802 0.529802 0.529802 0.529802 0.529802 0.529802 0.529802 0.528155 0.529802 0.529802 
0.539753 0.539753 0.539753 0.539753 0.539753 0.539753 0.539753 0.496461 0.539753 0.539753 0.539753 0.539753 0.539753 0.539753 0.539753 0.539753 0.539753 0.44 0.539753 0.539753 0.539753 0.539753 0.539753 0.539753 0.539753 0.539753 0.539753 0.440003 0.539753 0.539753 0.539753 0.440238 0.539753 0.539753 0.53946 0.539753 0.539753 0.539753 0.539753 0.539753 0.539753 0.53948 0.539753 0.539753 0.44 0.539753 0.539753 0.539753 0.539753 0.539753 0.539753 0.538271 0.539753 0.539753 0.440004 0.539753 0.539753 0.539753 0.539753 0.539753 0.539753 0.539753 0.539753 0.539753 0.539753 0.539753 0.539753 0.539753 0.539753 0.539753 0.539753 0.539753 0.539753 0.539753 0.539753 0.539753 0.539753 0.539753 0.539753 0.539753 0.539753 0.539753 0.539753 0.539753 0.539753 0.539753 0.539753 0.539753 0.539753 0.539753 0.539753 0.539753 0.539753 0.539753 0.539753 0.539753 0.539753 0.440038 0.539753 0.539753 0.539753 0.539753 0.539753 0.539753 0.539753 0.539753 0.539753 0.538934 0.539753 0.539753 0.539753 0.539753 0.539753 0.539753 0.539753 0.539753 0.539753 0.452274 0.539753 0.539753 0.539753 0.444624 0.539753 0.539753 0.44 0.539753 0.539753 0.539753 0.539753 0.539753 0.539753 0.44 0.539753 0.539753 0.44 0.539753 0.539753 0.539753 0.539753 0.539753 0.539753 0.4401 0.539753 0.539753 0.530981 0.539753 0.539753 0.539753 0.539753 0.539753 0.539753 0.539753 0.539753 0.539753 0.539753 0.539753 0.539753 0.539753 0.539753 0.539753 0.539753 0.539753 0.539753 0.539753 0.539753 0.539753 0.539753 0.539753 0.539753 0.539753 0.539753 0.539753 0.539753 0.539753 0.539753 0.539753 0.539753 0.539753 0.539753 0.539753 0.539753 0.539753 0.539753 0.539753 0.539753 0.539753 0.539753 0.537099 0.539753 0.539753 0.539753 0.539753 0.539753 0.539753 0.539753 0.539753 0.539753 0.440047 0.539753 0.539753 0.539753 0.539753 0.539753 0.539753 0.539753 0.539753 0.539753 0.440001 0.539753 0.539753 0.539753 0.44 0.539753 0.539753 0.44 0.539753 0.539753 0.539753 0.539753 0.539753 0.539753 0.448195 0.539753 0.539753 0.44 0.539753 0.539753 0.539753 0.539753 0.539753 0.539753 0.471925 0.539753 0.539753 0.44 0.539753 0.539753 0.539753 0.539753 0.539753 0.539753 0.539753 0.539753 0.539753 0.539753 0.539753 0.539753 0.539753 0.539753 0.539753 0.539753 0.539753 0.539753 0.539753 0.539753 0.539753 0.539753 0.539753 0.539753 0.539753 0.539753 0.539753 0.539753 0.539753 0.539753 0.539753 0.539753 0.539753 0.539753 0.539753 0.539753 0.539753 0.539753 0.539753 0.539753 0.539753 0.539753 0.440452 0.539753 0.539753 0.539753 0.539753 0.539753 0.539753 0.539753 0.539753 0.539753 0.453279 0.539753 0.539753 0.539753 0.539753 0.539753 0.539753 0.539753 0.539753 0.539753 0.525476 0.539753 0.539753 0.539753 0.539753 0.539753 0.539753 0.539753 0.539753 0.539753 0.44 0.539753 0.539753 0.539753 0.539753 0.539753 0.539753 0.539753 0.539753 0.539753 0.529488 0.539753 0.539753 0.539753 0.539753 0.539753 0.539753 0.539753 0.539753 0.539753 0.44 0.539753 0.539753 0.539753 0.539401 0.539753 0.539753 0.535557 0.539753 0.539753 0.539753 0.539753 0.539753 0.539753 0.44 0.539753 0.539753 0.538882 0.539753 0.539753 0.539753 0.539753 0.539753 0.539753 0.440111 0.539753 0.539753 0.44 0.539753 0.539753 0.539753 0.539753 0.539753 0.539753 0.539753 0.539753 0.539753 0.539753 0.539753 0.539753 0.539753 0.539753 0.539753 0.539753 0.539753 0.539753 0.539753 0.539753 0.539753 0.539753 0.539753 0.539753 0.539753 0.539753 0.539753 0.539753 0.539753 0.539753 0.539753 0.539753 0.539753 0.539753 0.539753 0.539753 0.539753 0.539753 0.539753 0.539753 0.539753 0.539753 0.539092 0.539753 0.539753 0.539753 0.539753 0.539753 0.539753 0.539753 0.539753 0.539753 0.44 0.539753 0.539753 0.539753 0.539753 0.539753 0.539753 0.539753 0.539753 0.539753 0.535643 0.539753 0.539753 0.539753 0.44 0.539753 0.539753 0.504397 0.539753 0.539753 0.539753 0.539753 0.539753 0.539753 0.453599 0.539753 0.539753 0.44 0.539753 0.539753 0.539753 0.539753 0.539753 0.539753 0.44 0.539753 0.539753 0.440003 0.539753 0.539753 0.539753 0.539753 0.539753 0.539753 0.539753 0.539753 0.539753 0.539753 0.539753 0.539753 0.539753 0.539753 0.539753 0.539753 0.539753 0.539753 0.539753 0.539753 0.539753 0.539753 0.539753 0.539753 0.539753 0.539753 0.539753 0.539753 0.539753 0.539753 0.539753 0.539753 0.539753 0.539753 0.539753 0.539753 0.539753 0.539753 0.539753 0.539753 0.539753 0.539753 0.497609 0.539753 0.539753 0.539753 0.539753 0.539753 0.539753 0.539753 0.539753 0.539753 0.44 0.539753 0.539753 0.539753 0.539753 0.539753 0.539753 0.539753 0.539753 0.539753 0.44008 0.539753 0.539753 0.539753 0.537617 0.539753 0.539753 0.440854 0.539753 0.539753 0.539753 0.539753 0.539753 0.539753 0.47849 0.539753 0.539753 0.450902 0.539753 0.539753 0.539753 0.539753 0.539753 0.539753 0.440007 0.539753 0.539753 0.440009 0.539753 0.539753 0.539753 0.539753 0.539753 0.539753 0.539753 0.539753 0.539753 0.539753 0.539753 0.539753 0.539753 0.539753 0.539753 0.539753 0.539753 0.539753 0.539753 0.539753 0.539753 0.539753 0.539753 0.539753 0.539753 0.539753 0.539753 0.539753 0.539753 0.539753 0.539753 0.539753 0.539753 0.539753 0.539753 0.539753 0.539753 0.539753 0.539753 0.539753 0.539753 0.539753 0.533014 0.539753 0.539753 0.539753 0.539753 0.539753 0.539753 0.539753 0.539753 0.539753 0.539207 0.539753 0.539753 0.539753 0.539753 0.539753 0.539753 0.539753 0.539753 0.539753 0.53646 0.539753 0.539753 0.539753 0.539753 0.539753 0.539753 0.539753 0.539753 0.539753 0.440016 0.539753 0.539753 0.539753 0.539753 0.539753 0.539753 0.539753 0.539753 0.539753 0.44 0.539753 0.539753 0.539753 0.539753 0.539753 0.539753 0.539753 0.539753 0.539753 0.44 0.539753 0.539753 0.539753 0.510439 0.539753 0.539753 0.516538 0.539753 0.539753 0.539753 0.539753 0.539753 0.539753 0.495796 0.539753 0.539753 0.500543 0.539753 0.539753 0.539753 0.539753 0.539753 0.539753 0.507737 0.539753 0.539753 0.538332 0.539753 0.539753 0.539753 0.539753 0.539753 0.539753 0.539753 0.539753 0.539753 0.539753 0.539753 0.539753 0.539753 0.539753 0.539753 0.539753 0.539753 0.539753 0.539753 0.539753 0.539753 0.539753 0.539753 0.539753 0.539753 0.539753 0.539753 0.539753 0.539753 0.539753 0.539753 0.539753 0.539753 0.539753 0.539753 0.539753 0.539753 0.539753 0.539753 0.539753 0.539753 0.539753 0.440225 0.539753 0.539753 0.539753 0.539753 0.539753 0.539753 0.539753 0.539753 0.539753 0.44 0.539753 0.539753 0.539753 0.539753 0.539753 0.539753 0.539753 0.539753 0.539753 0.44 0.539753 0.539753 0.539753 0.44 0.539753 0.539753 0.537653 0.539753 0.539753 0.539753 0.539753 0.539753 0.539753 0.44 0.539753 0.539753 0.538484 0.539753 0.539753 0.539753 0.539753 0.539753 0.539753 0.467578 0.539753 0.539753 0.440002 0.539753 0.539753 0.539753 0.539753 0.539753 0.539753 0.539753 0.539753 0.539753 0.539753 0.539753 0.539753 0.539753 0.539753 0.539753 0.539753 0.539753 0.539753 0.539753 0.539753 0.539753 0.539753 0.539753 0.539753 0.539753 0.539753 0.539753 0.539753 0.539753 0.539753 0.539753 0.539753 0.539753 0.539753 0.539753 0.539753 0.539753 0.539753 0.539753 0.539753 0.539753 0.539753 0.44 0.539753 0.539753 0.539753 0.539753 0.539753 0.539753 0.539753 0.539753 0.539753 0.539044 0.539753 0.539753 0.539753 0.539753 0.539753 0.539753 0.539753 0.539753 0.539753 0.442225 0.539753 0.539753 0.539753 0.44 0.539753 0.539753 0.440033 0.539753 0.539753 0.539753 0.539753 0.539753 0.539753 0.440017 0.539753 0.539753 0.477798 0.539753 0.539753 0.539753 0.539753 0.539753 0.539753 0.539119 0.539753 0.539753 0.440218 0.539753 0.539753 0.539753 0.539753 0.539753 0.539753 0.539753 0.539753 0.539753 0.539753 0.539753 0.539753 0.539753 0.539753 0.539753 0.539753 0.539753 0.539753 0.539753 0.539753 0.539753 0.539753 0.539753 0.539753 0.539753 0.539753 0.539753 0.539753 0.539753 0.539753 0.539753 0.539753 0.539753 0.539753 0.539753 0.539753 0.539753 0.539753 0.539753 0.539753 0.539753 0.539753 0.445912 0.539753 0.539753 0.539753 0.539753 0.539753 0.539753 0.539753 0.539753 0.539753 0.529333 0.539753 0.539753 0.539753 0.539753 0.539753 0.539753 0.539753 0.539753 0.539753 0.537151 0.539753 0.539753 
0.549703 0.549703 0.549703 0.549703 0.549703 0.549703 0.549703 0.495862 0.549703 0.549703 0.549703 0.549703 0.549703 0.549703 0.549703 0.549703 0.549703 0.43 0.549703 0.549703 0.549703 0.549703 0.549703 0.549703 0.549703 0.549703 0.549703 0.430003 0.549703 0.549703 0.549703 0.430297 0.549703 0.549703 0.549332 0.549703 0.549703 0.549703 0.549703 0.549703 0.549703 0.5494 0.549703 0.549703 0.43 0.549703 0.549703 0.549703 0.549703 0.549703 0.549703 0.547958 0.549703 0.549703 0.430006 0.549703 0.549703 0.549703 0.549703 0.549703 0.549703 0.549703 0.549703 0.549703 0.549703 0.549703 0.549703 0.549703 0.549703 0.549703 0.549703 0.549703 0.549703 0.549703 0.549703 0.549703 0.549703 0.549703 0.549703 0.549703 0.549703 0.549703 0.549703 0.549703 0.549703 0.549703 0.549703 0.549703 0.549703 0.549703 0.549703 0.549703 0.549703 0.549703 0.549703 0.549703 0.549703 0.430043 0.549703 0.549703 0.549703 0.549703 0.549703 0.549703 0.549703 0.549703 0.549703 0.548687 0.549703 0.549703 0.549703 0.549703 0.549703 0.549703 0.549703 0.549703 0.549703 0.444831 0.549703 0.549703 0.549703 0.435956 0.549703 0.549703 0.43 0.549703 0.549703 0.549703 0.549703 0.549703 0.549703 0.43 0.549703 0.549703 0.43 0.549703 0.549703 0.549703 0.549703 0.549703 0.549703 0.430123 0.549703 0.549703 0.539918 0.549703 0.549703 0.549703 0.549703 0.549703 0.549703 0.549703 0.549703 0.549703 0.549703 0.549703 0.549703 0.549703 0.549703 0.549703 0.549703 0.549703 0.549703 0.549703 0.549703 0.549703 0.549703 0.549703 0.549703 0.549703 0.549703 0.549703 0.549703 0.549703 0.549703 0.549703 0.549703 0.549703 0.549703 0.549703 0.549703 0.549703 0.549703 0.549703 0.549703 0.549703 0.549703 0.546388 0.549703 0.549703 0.549703 0.549703 0.549703 0.549703 0.549703 0.549703 0.549703 0.430071 0.549703 0.549703 0.549703 0.549703 0.549703 0.549703 0.549703 0.549703 0.549703 0.430002 0.549703 0.549703 0.549703 0.43 0.549703 0.549703 0.43 0.549703 0.549703 0.549703 0.549703 0.549703 0.549703 0.441844 0.549703 0.549703 0.43 0.549703 0.549703 0.549703 0.549703 0.549703 0.549703 0.467956 0.549703 0.549703 0.43 0.549703 0.549703 0.549703 0.549703 0.549703 0.549703 0.549703 0.549703 0.549703 0.549703 0.549703 0.549703 0.549703 0.549703 0.549703 0.549703 0.549703 0.549703 0.549703 0.549703 0.549703 0.549703 0.549703 0.549703 0.549703 0.549703 0.549703 0.549703 0.549703 0.549703 0.549703 0.549703 0.549703 0.549703 0.549703 0.549703 0.549703 0.549703 0.549703 0.549703 0.549703 0.549703 0.430528 0.549703 0.549703 0.549703 0.549703 0.549703 0.549703 0.549703 0.549703 0.549703 0.445836 0.549703 0.549703 0.549703 0.549703 0.549703 0.549703 0.549703 0.549703 0.549703 0.532335 0.549703 0.549703 0.549703 0.549703 0.549703 0.549703 0.549703 0.549703 0.549703 0.43 0.549703 0.549703 0.549703 0.549703 0.549703 0.549703 0.549703 0.549703 0.549703 0.537632 0.549703 0.549703 0.549703 0.549703 0.549703 0.549703 0.549703 0.549703 0.549703 0.43 0.549703 0.549703 0.549703 0.549228 0.549703 0.549703 0.544758 0.549703 0.549703 0.549703 0.549703 0.549703 0.549703 0.43 0.549703 0.549703 0.548728 0.549703 0.549703 0.549703 0.549703 0.549703 0.549703 0.430122 0.549703 0.549703 0.43 0.549703 0.549703 0.549703 0.549703 0.549703 0.549703 0.549703 0.549703 0.549703 0.549703 0.549703 0.549703 0.549703 0.549703 0.549703 0.549703 0.549703 0.549703 0.549703 0.549703 0.549703 0.549703 0.549703 0.549703 0.549703 0.549703 0.549703 0.549703 0.549703 0.549703 0.549703 0.549703 0.549703 0.549703 0.549703 0.549703 0.549703 0.549703 0.549703 0.549703 0.549703 0.549703 0.548947 0.549703 0.549703 0.549703 0.549703 0.549703 0.549703 0.549703 0.549703 0.549703 0.43 0.549703 0.549703 0.549703 0.549703 0.549703 0.549703 0.549703 0.549703 0.549703 0.544311 0.549703 0.549703 0.549703 0.43 0.549703 0.549703 0.511093 0.549703 0.549703 0.549703 0.549703 0.549703 0.549703 0.445455 0.549703 0.549703 0.43 0.549703 0.549703 0.549703 0.549703 0.549703 0.549703 0.43 0.549703 0.549703 0.430004 0.549703 0.549703 0.549703 0.549703 0.549703 0.549703 0.549703 0.549703 0.549703 0.549703 0.549703 0.549703 0.549703 0.549703 0.549703 0.549703 0.549703 0.549703 0.549703 0.549703 0.549703 0.549703 0.549703 0.549703 0.549703 0.549703 0.549703 0.549703 0.549703 0.549703 0.549703 0.549703 0.549703 0.549703 0.549703 0.549703 0.549703 0.549703 0.549703 0.549703 0.549703 0.549703 0.498507 0.549703 0.549703 0.549703 0.549703 0.549703 0.549703 0.549703 0.549703 0.549703 0.43 0.549703 0.549703 0.549703 0.549703 0.549703 0.549703 0.549703 0.549703 0.549703 0.430091 0.549703 0.549703 0.549703 0.546613 0.549703 0.549703 0.430898 0.549703 0.549703 0.549703 0.549703 0.549703 0.549703 0.475038 0.549703 0.549703 0.444043 0.549703 0.549703 0.549703 0.549703 0.549703 0.549703 0.430008 0.549703 0.549703 0.430012 0.549703 0.549703 0.549703 0.549703 0.549703 0.549703 0.549703 0.549703 0.549703 0.549703 0.549703 0.549703 0.549703 0.549703 0.549703 0.549703 0.549703 0.549703 0.549703 0.549703 0.549703 0.549703 0.549703 0.549703 0.549703 0.549703 0.549703 0.549703 0.549703 0.549703 0.549703 0.549703 0.549703 0.549703 0.549703 0.549703 0.549703 0.549703 0.549703 0.549703 0.549703 0.549703 0.54144 0.549703 0.549703 0.549703 0.549703 0.549703 0.549703 0.549703 0.549703 0.549703 0.549062 0.549703 0.549703 0.549703 0.549703 0.549703 0.549703 0.549703 0.549703 0.549703 0.545614 0.549703 0.549703 0.549703 0.549703 0.549703 0.549703 0.549703 0.549703 0.549703 0.43002 0.549703 0.549703 0.549703 0.549703 0.549703 0.549703 0.549703 0.549703 0.549703 0.43 0.549703 0.549703 0.549703 0.549703 0.549703 0.549703 0.549703 0.549703 0.549703 0.43 0.549703 0.549703 0.549703 0.513892 0.549703 0.549703 0.520508 0.549703 0.549703 0.549703 0.549703 0.549703 0.549703 0.500015 0.549703 0.549703 0.505473 0.549703 0.549703 0.549703 0.549703 0.549703 0.549703 0.514264 0.549703 0.549703 0.547859 0.549703 0.549703 0.549703 0.549703 0.549703 0.549703 0.549703 0.549703 0.549703 0.549703 0.549703 0.549703 0.549703 0.549703 0.549703 0.549703 0.549703 0.549703 0.549703 0.549703 0.549703 0.549703 0.549703 0.549703 0.549703 0.549703 0.549703 0.549703 0.549703 0.549703 0.549703 0.549703 0.549703 0.549703 0.549703 0.549703 0.549703 0.549703 0.549703 0.549703 0.549703 0.549703 0.43037 0.549703 0.549703 0.549703 0.549703 0.549703 0.549703 0.549703 0.549703 0.549703 0.43 0.549703 0.549703 0.549703 0.549703 0.549703 0.549703 0.549703 0.549703 0.549703 0.43 0.549703 0.549703 0.549703 0.43 0.549703 0.549703 0.547391 0.549703 0.549703 0.549703 0.549703 0.549703 0.549703 0.43 0.549703 0.549703 0.548171 0.549703 0.549703 0.549703 0.549703 0.549703 0.549703 0.462424 0.549703 0.549703 0.430003 0.549703 0.549703 0.549703 0.549703 0.549703 0.549703 0.549703 0.549703 0.549703 0.549703 0.549703 0.549703 0.549703 0.549703 0.549703 0.549703 0.549703 0.549703 0.549703 0.549703 0.549703 0.549703 0.549703 0.549703 0.549703 0.549703 0.549703 0.549703 0.549703 0.549703 0.549703 0.549703 0.549703 0.549703 0.549703 0.549703 0.549703 0.549703 0.549703 0.549703 0.549703 0.549703 0.43 0.549703 0.549703 0.549703 0.549703 0.549703 0.549703 0.549703 0.549703 0.549703 0.548837 0.549703 0.549703 0.549703 0.549703 0.549703 0.549703 0.549703 0.549703 0.549703 0.4338 0.549703 0.549703 0.549703 0.43 0.549703 0.549703 0.430045 0.549703 0.549703 0.549703 0.549703 0.549703 0.549703 0.430021 0.549703 0.549703 0.478397 0.549703 0.549703 0.549703 0.549703 0.549703 0.549703 0.548886 0.549703 0.549703 0.430293 0.549703 0.549703 0.549703 0.549703 0.549703 0.549703 0.549703 0.549703 0.549703 0.549703 0.549703 0.549703 0.549703 0.549703 0.549703 0.549703 0.549703 0.549703 0.549703 0.549703 0.549703 0.549703 0.549703 0.549703 0.549703 0.549703 0.549703 0.549703 0.549703 0.549703 0.549703 0.549703 0.549703 0.549703 0.549703 0.549703 0.549703 0.549703 0.549703 0.549703 0.549703 0.549703 0.437171 0.549703 0.549703 0.549703 0.549703 0.549703 0.549703 0.549703 0.549703 0.549703 0.537265 0.549703 0.549703 0.549703 0.549703 0.549703 0.549703 0.549703 0.549703 0.549703 0.546146 0.549703 0.549703 
0.559654 0.559654 0.559654 0.559654 0.559654 0.559654 0.559654 0.498217 0.559654 0.559654 0.559654 0.559654 0.559654 0.559654 0.559654 0.559654 0.559654 0.42 0.559654 0.559654 0.559654 0.559654 0.559654 0.559654 0.559654 0.559654 0.559654 0.420003 0.559654 0.559654 0.559654 0.420347 0.559654 0.559654 0.559242 0.559654 0.559654 0.559654 0.559654 0.559654 0.559654 0.559293 0.559654 0.559654 0.42 0.559654 0.559654 0.559654 0.559654 0.559654 0.559654 0.557561 0.559654 0.559654 0.420007 0.559654 0.559654 0.559654 0.559654 0.559654 0.559654 0.559654 0.559654 0.559654 0.559654 0.559654 0.559654 0.559654 0.559654 0.559654 0.559654 0.559654 0.559654 0.559654 0.559654 0.559654 0.559654 0.559654 0.559654 0.559654 0.559654 0.559654 0.559654 0.559654 0.559654 0.559654 0.559654 0.559654 0.559654 0.559654 0.559654 0.559654 0.559654 0.559654 0.559654 0.559654 0.559654 0.420046 0.559654 0.559654 0.559654 0.559654 0.559654 0.559654 0.559654 0.559654 0.559654 0.558354 0.559654 0.559654 0.559654 0.559654 0.559654 0.559654 0.559654 0.559654 0.559654 0.436022 0.559654 0.559654 0.559654 0.427146 0.559654 0.559654 0.42 0.559654 0.559654 0.559654 0.559654 0.559654 0.559654 0.42 0.559654 0.559654 0.42 0.559654 0.559654 0.559654 0.559654 0.559654 0.559654 0.420137 0.559654 0.559654 0.547736 0.559654 0.559654 0.559654 0.559654 0.559654 0.559654 0.559654 0.559654 0.559654 0.559654 0.559654 0.559654 0.559654 0.559654 0.559654 0.559654 0.559654 0.559654 0.559654 0.559654 0.559654 0.559654 0.559654 0.559654 0.559654 0.559654 0.559654 0.559654 0.559654 0.559654 0.559654 0.559654 0.559654 0.559654 0.559654 0.559654 0.559654 0.559654 0.559654 0.559654 0.559654 0.559654 0.554899 0.559654 0.559654 0.559654 0.559654 0.559654 0.559654 0.559654 0.559654 0.559654 0.42008 0.559654 0.559654 0.559654 0.559654 0.559654 0.559654 0.559654 0.559654 0.559654 0.420002 0.559654 0.559654 0.559654 0.42 0.559654 0.559654 0.42 0.559654 0.559654 0.559654 0.559654 0.559654 0.559654 0.432848 0.559654 0.559654 0.42 0.559654 0.559654 0.559654 0.559654 0.559654 0.559654 0.461976 0.559654 0.559654 0.42 0.559654 0.559654 0.559654 0.559654 0.559654 0.559654 0.559654 0.559654 0.559654 0.559654 0.559654 0.559654 0.559654 0.559654 0.559654 0.559654 0.559654 0.559654 0.559654 0.559654 0.559654 0.559654 0.559654 0.559654 0.559654 0.559654 0.559654 0.559654 0.559654 0.559654 0.559654 0.559654 0.559654 0.559654 0.559654 0.559654 0.559654 0.559654 0.559654 0.559654 0.559654 0.559654 0.420656 0.559654 0.559654 0.559654 0.559654 0.559654 0.559654 0.559654 0.559654 0.559654 0.438978 0.559654 0.559654 0.559654 0.559654 0.559654 0.559654 0.559654 0.559654 0.559654 0.538862 0.559654 0.559654 0.559654 0.559654 0.559654 0.559654 0.559654 0.559654 0.559654 0.42 0.559654 0.559654 0.559654 0.559654 0.559654 0.559654 0.559654 0.559654 0.559654 0.544646 0.559654 0.559654 0.559654 0.559654 0.559654 0.559654 0.559654 0.559654 0.559654 0.42 0.559654 0.559654 0.559654 0.559065 0.559654 0.559654 0.553499 0.559654 0.559654 0.559654 0.559654 0.559654 0.559654 0.42 0.559654 0.559654 0.558555 0.559654 0.559654 0.559654 0.559654 0.559654 0.559654 0.420129 0.559654 0.559654 0.42 0.559654 0.559654 0.559654 0.559654 0.559654 0.559654 0.559654 0.559654 0.559654 0.559654 0.559654 0.559654 0.559654 0.559654 0.559654 0.559654 0.559654 0.559654 0.559654 0.559654 0.559654 0.559654 0.559654 0.559654 0.559654 0.559654 0.559654 0.559654 0.559654 0.559654 0.559654 0.559654 0.559654 0.559654 0.559654 0.559654 0.559654 0.559654 0.559654 0.559654 0.559654 0.559654 0.558752 0.559654 0.559654 0.559654 0.559654 0.559654 0.559654 0.559654 0.559654 0.559654 0.42 0.559654 0.559654 0.559654 0.559654 0.559654 0.559654 0.559654 0.559654 0.559654 0.552979 0.559654 0.559654 0.559654 0.42 0.559654 0.559654 0.516023 0.559654 0.559654 0.559654 0.559654 0.559654 0.559654 0.437119 0.559654 0.559654 0.42 0.559654 0.559654 0.559654 0.559654 0.559654 0.559654 0.42 0.559654 0.559654 0.420006 0.559654 0.559654 0.559654 0.559654 0.559654 0.559654 0.559654 0.559654 0.559654 0.559654 0.559654 0.559654 0.559654 0.559654 0.559654 0.559654 0.559654 0.559654 0.559654 0.559654 0.559654 0.559654 0.559654 0.559654 0.559654 0.559654 0.559654 0.559654 0.559654 0.559654 0.559654 0.559654 0.559654 0.559654 0.559654 0.559654 0.559654 0.559654 0.559654 0.559654 0.559654 0.559654 0.50222 0.559654 0.559654 0.559654 0.559654 0.559654 0.559654 0.559654 0.559654 0.559654 0.42 0.559654 0.559654 0.559654 0.559654 0.559654 0.559654 0.559654 0.559654 0.559654 0.420108 0.559654 0.559654 0.559654 0.55555 0.559654 0.559654 0.421034 0.559654 0.559654 0.559654 0.559654 0.559654 0.559654 0.469458 0.559654 0.559654 0.437348 0.559654 0.559654 0.559654 0.559654 0.559654 0.559654 0.42001 0.559654 0.559654 0.420018 0.559654 0.559654 0.559654 0.559654 0.559654 0.559654 0.559654 0.559654 0.559654 0.559654 0.559654 0.559654 0.559654 0.559654 0.559654 0.559654 0.559654 0.559654 0.559654 0.559654 0.559654 0.559654 0.559654 0.559654 0.559654 0.559654 0.559654 0.559654 0.559654 0.559654 0.559654 0.559654 0.559654 0.559654 0.559654 0.559654 0.559654 0.559654 0.559654 0.559654 0.559654 0.559654 0.549584 0.559654 0.559654 0.559654 0.559654 0.559654 0.559654 0.559654 0.559654 0.559654 0.558878 0.559654 0.559654 0.559654 0.559654 0.559654 0.559654 0.559654 0.559654 0.559654 0.554902 0.559654 0.559654 0.559654 0.559654 0.559654 0.559654 0.559654 0.559654 0.559654 0.420022 0.559654 0.559654 0.559654 0.559654 0.559654 0.559654 0.559654 0.559654 0.559654 0.42 0.559654 0.559654 0.559654 0.559654 0.559654 0.559654 0.559654 0.559654 0.559654 0.42 0.559654 0.559654 0.559654 0.521824 0.559654 0.559654 0.519908 0.559654 0.559654 0.559654 0.559654 0.559654 0.559654 0.499715 0.559654 0.559654 0.511825 0.559654 0.559654 0.559654 0.559654 0.559654 0.559654 0.517177 0.559654 0.559654 0.557563 0.559654 0.559654 0.559654 0.559654 0.559654 0.559654 0.559654 0.559654 0.559654 0.559654 0.559654 0.559654 0.559654 0.559654 0.559654 0.559654 0.559654 0.559654 0.559654 0.559654 0.559654 0.559654 0.559654 0.559654 0.559654 0.559654 0.559654 0.559654 0.559654 0.559654 0.559654 0.559654 0.559654 0.559654 0.559654 0.559654 0.559654 0.559654 0.559654 0.559654 0.559654 0.559654 0.420445 0.559654 0.559654 0.559654 0.559654 0.559654 0.559654 0.559654 0.559654 0.559654 0.42 0.559654 0.559654 0.559654 0.559654 0.559654 0.559654 0.559654 0.559654 0.559654 0.42 0.559654 0.559654 0.559654 0.42 0.559654 0.559654 0.557095 0.559654 0.559654 0.559654 0.559654 0.559654 0.559654 0.42 0.559654 0.559654 0.557818 0.559654 0.559654 0.559654 0.559654 0.559654 0.559654 0.462724 0.559654 0.559654 0.420003 0.559654 0.559654 0.559654 0.559654 0.559654 0.559654 0.559654 0.559654 0.559654 0.559654 0.559654 0.559654 0.559654 0.559654 0.559654 0.559654 0.559654 0.559654 0.559654 0.559654 0.559654 0.559654 0.559654 0.559654 0.559654 0.559654 0.559654 0.559654 0.559654 0.559654 0.559654 0.559654 0.559654 0.559654 0.559654 0.559654 0.559654 0.559654 0.559654 0.559654 0.559654 0.559654 0.42 0.559654 0.559654 0.559654 0.559654 0.559654 0.559654 0.559654 0.559654 0.559654 0.558723 0.559654 0.559654 0.559654 0.559654 0.559654 0.559654 0.559654 0.559654 0.559654 0.425208 0.559654 0.559654 0.559654 0.42 0.559654 0.559654 0.420076 0.559654 0.559654 0.559654 0.559654 0.559654 0.559654 0.420022 0.559654 0.559654 0.481849 0.559654 0.559654 0.559654 0.559654 0.559654 0.559654 0.558722 0.559654 0.559654 0.420383 0.559654 0.559654 0.559654 0.559654 0.559654 0.559654 0.559654 0.559654 0.559654 0.559654 0.559654 0.559654 0.559654 0.559654 0.559654 0.559654 0.559654 0.559654 0.559654 0.559654 0.559654 0.559654 0.559654 0.559654 0.559654 0.559654 0.559654 0.559654 0.559654 0.559654 0.559654 0.559654 0.559654 0.559654 0.559654 0.559654 0.559654 0.559654 0.559654 0.559654 0.559654 0.559654 0.42797 0.559654 0.559654 0.559654 0.559654 0.559654 0.559654 0.559654 0.559654 0.559654 0.544571 0.559654 0.559654 0.559654 0.559654 0.559654 0.559654 0.559654 0.559654 0.559654 0.555673 0.559654 0.559654 
0.569604 0.569604 0.569604 0.569604 0.569604 0.569604 0.569604 0.495032 0.569604 0.569604 0.569604 0.569604 0.569604 0.569604 0.569604 0.569604 0.569604 0.41 0.569604 0.569604 0.569604 0.569604 0.569604 0.569604 0.569604 0.569604 0.569604 0.410003 0.569604 0.569604 0.569604 0.410406 0.569604 0.569604 0.569157 0.569604 0.569604 0.569604 0.569604 0.569604 0.569604 0.569171 0.569604 0.569604 0.41 0.569604 0.569604 0.569604 0.569604 0.569604 0.569604 0.567088 0.569604 0.569604 0.410008 0.569604 0.569604 0.569604 0.569604 0.569604 0.569604 0.569604 0.569604 0.569604 0.569604 0.569604 0.569604 0.569604 0.569604 0.569604 0.569604 0.569604 0.569604 0.569604 0.569604 0.569604 0.569604 0.569604 0.569604 0.569604 0.569604 0.569604 0.569604 0.569604 0.569604 0.569604 0.569604 0.569604 0.569604 0.569604 0.569604 0.569604 0.569604 0.569604 0.569604 0.569604 0.569604 0.41005 0.569604 0.569604 0.569604 0.569604 0.569604 0.569604 0.569604 0.569604 0.569604 0.568107 0.569604 0.569604 0.569604 0.569604 0.569604 0.569604 0.569604 0.569604 0.569604 0.427878 0.569604 0.569604 0.569604 0.418337 0.569604 0.569604 0.41 0.569604 0.569604 0.569604 0.569604 0.569604 0.569604 0.41 0.569604 0.569604 0.41 0.569604 0.569604 0.569604 0.569604 0.569604 0.569604 0.410159 0.569604 0.569604 0.553905 0.569604 0.569604 0.569604 0.569604 0.569604 0.569604 0.569604 0.569604 0.569604 0.569604 0.569604 0.569604 0.569604 0.569604 0.569604 0.569604 0.569604 0.569604 0.569604 0.569604 0.569604 0.569604 0.569604 0.569604 0.569604 0.569604 0.569604 0.569604 0.569604 0.569604 0.569604 0.569604 0.569604 0.569604 0.569604 0.569604 0.569604 0.569604 0.569604 0.569604 0.569604 0.569604 0.564145 0.569604 0.569604 0.569604 0.569604 0.569604 0.569604 0.569604 0.569604 0.569604 0.410089 0.569604 0.569604 0.569604 0.569604 0.569604 0.569604 0.569604 0.569604 0.569604 0.410002 0.569604 0.569604 0.569604 0.41 0.569604 0.569604 0.41 0.569604 0.569604 0.569604 0.569604 0.569604 0.569604 0.423973 0.569604 0.569604 0.41 0.569604 0.569604 0.569604 0.569604 0.569604 0.569604 0.457046 0.569604 0.569604 0.41 0.569604 0.569604 0.569604 0.569604 0.569604 0.569604 0.569604 0.569604 0.569604 0.569604 0.569604 0.569604 0.569604 0.569604 0.569604 0.569604 0.569604 0.569604 0.569604 0.569604 0.569604 0.569604 0.569604 0.569604 0.569604 0.569604 0.569604 0.569604 0.569604 0.569604 0.569604 0.569604 0.569604 0.569604 0.569604 0.569604 0.569604 0.569604 0.569604 0.569604 0.569604 0.569604 0.410746 0.569604 0.569604 0.569604 0.569604 0.569604 0.569604 0.569604 0.569604 0.569604 0.432627 0.569604 0.569604 0.569604 0.569604 0.569604 0.569604 0.569604 0.569604 0.569604 0.543561 0.569604 0.569604 0.569604 0.569604 0.569604 0.569604 0.569604 0.569604 0.569604 0.41 0.569604 0.569604 0.569604 0.569604 0.569604 0.569604 0.569604 0.569604 0.569604 0.553642 0.569604 0.569604 0.569604 0.569604 0.569604 0.569604 0.569604 0.569604 0.569604 0.41 0.569604 0.569604 0.569604 0.568957 0.569604 0.569604 0.562901 0.569604 0.569604 0.569604 0.569604 0.569604 0.569604 0.41 0.569604 0.569604 0.568335 0.569604 0.569604 0.569604 0.569604 0.569604 0.569604 0.410141 0.569604 0.569604 0.41 0.569604 0.569604 0.569604 0.569604 0.569604 0.569604 0.569604 0.569604 0.569604 0.569604 0.569604 0.569604 0.569604 0.569604 0.569604 0.569604 0.569604 0.569604 0.569604 0.569604 0.569604 0.569604 0.569604 0.569604 0.569604 0.569604 0.569604 0.569604 0.569604 0.569604 0.569604 0.569604 0.569604 0.569604 0.569604 0.569604 0.569604 0.569604 0.569604 0.569604 0.569604 0.569604 0.568504 0.569604 0.569604 0.569604 0.569604 0.569604 0.569604 0.569604 0.569604 0.569604 0.41 0.569604 0.569604 0.569604 0.569604 0.569604 0.569604 0.569604 0.569604 0.569604 0.562083 0.569604 0.569604 0.569604 0.41 0.569604 0.569604 0.519736 0.569604 0.569604 0.569604 0.569604 0.569604 0.569604 0.428123 0.569604 0.569604 0.41 0.569604 0.569604 0.569604 0.569604 0.569604 0.569604 0.41 0.569604 0.569604 0.410006 0.569604 0.569604 0.569604 0.569604 0.569604 0.569604 0.569604 0.569604 0.569604 0.569604 0.569604 0.569604 0.569604 0.569604 0.569604 0.569604 0.569604 0.569604 0.569604 0.569604 0.569604 0.569604 0.569604 0.569604 0.569604 0.569604 0.569604 0.569604 0.569604 0.569604 0.569604 0.569604 0.569604 0.569604 0.569604 0.569604 0.569604 0.569604 0.569604 0.569604 0.569604 0.569604 0.500731 0.569604 0.569604 0.569604 0.569604 0.569604 0.569604 0.569604 0.569604 0.569604 0.41 0.569604 0.569604 0.569604 0.569604 0.569604 0.569604 0.569604 0.569604 0.569604 0.410143 0.569604 0.569604 0.569604 0.564546 0.569604 0.569604 0.411197 0.569604 0.569604 0.569604 0.569604 0.569604 0.569604 0.464304 0.569604 0.569604 0.428146 0.569604 0.569604 0.569604 0.569604 0.569604 0.569604 0.410011 0.569604 0.569604 0.410021 0.569604 0.569604 0.569604 0.569604 0.569604 0.569604 0.569604 0.569604 0.569604 0.569604 0.569604 0.569604 0.569604 0.569604 0.569604 0.569604 0.569604 0.569604 0.569604 0.569604 0.569604 0.569604 0.569604 0.569604 0.569604 0.569604 0.569604 0.569604 0.569604 0.569604 0.569604 0.569604 0.569604 0.569604 0.569604 0.569604 0.569604 0.569604 0.569604 0.569604 0.569604 0.569604 0.557283 0.569604 0.569604 0.569604 0.569604 0.569604 0.569604 0.569604 0.569604 0.569604 0.568725 0.569604 0.569604 0.569604 0.569604 0.569604 0.569604 0.569604 0.569604 0.569604 0.564231 0.569604 0.569604 0.569604 0.569604 0.569604 0.569604 0.569604 0.569604 0.569604 0.410025 0.569604 0.569604 0.569604 0.569604 0.569604 0.569604 0.569604 0.569604 0.569604 0.41 0.569604 0.569604 0.569604 0.569604 0.569604 0.569604 0.569604 0.569604 0.569604 0.41 0.569604 0.569604 0.569604 0.527607 0.569604 0.569604 0.522821 0.569604 0.569604 0.569604 0.569604 0.569604 0.569604 0.497646 0.569604 0.569604 0.51418 0.569604 0.569604 0.569604 0.569604 0.569604 0.569604 0.523346 0.569604 0.569604 0.567166 0.569604 0.569604 0.569604 0.569604 0.569604 0.569604 0.569604 0.569604 0.569604 0.569604 0.569604 0.569604 0.569604 0.569604 0.569604 0.569604 0.569604 0.569604 0.569604 0.569604 0.569604 0.569604 0.569604 0.569604 0.569604 0.569604 0.569604 0.569604 0.569604 0.569604 0.569604 0.569604 0.569604 0.569604 0.569604 0.569604 0.569604 0.569604 0.569604 0.569604 0.569604 0.569604 0.410471 0.569604 0.569604 0.569604 0.569604 0.569604 0.569604 0.569604 0.569604 0.569604 0.41 0.569604 0.569604 0.569604 0.569604 0.569604 0.569604 0.569604 0.569604 0.569604 0.41 0.569604 0.569604 0.569604 0.41 0.569604 0.569604 0.566674 0.569604 0.569604 0.569604 0.569604 0.569604 0.569604 0.41 0.569604 0.569604 0.567444 0.569604 0.569604 0.569604 0.569604 0.569604 0.569604 0.456028 0.569604 0.569604 0.410004 0.569604 0.569604 0.569604 0.569604 0.569604 0.569604 0.569604 0.569604 0.569604 0.569604 0.569604 0.569604 0.569604 0.569604 0.569604 0.569604 0.569604 0.569604 0.569604 0.569604 0.569604 0.569604 0.569604 0.569604 0.569604 0.569604 0.569604 0.569604 0.569604 0.569604 0.569604 0.569604 0.569604 0.569604 0.569604 0.569604 0.569604 0.569604 0.569604 0.569604 0.569604 0.569604 0.41 0.569604 0.569604 0.569604 0.569604 0.569604 0.569604 0.569604 0.569604 0.569604 0.568476 0.569604 0.569604 0.569604 0.569604 0.569604 0.569604 0.569604 0.569604 0.569604 0.41574 0.569604 0.569604 0.569604 0.41 0.569604 0.569604 0.410091 0.569604 0.569604 0.569604 0.569604 0.569604 0.569604 0.410023 0.569604 0.569604 0.478936 0.569604 0.569604 0.569604 0.569604 0.569604 0.569604 0.568503 0.569604 0.569604 0.41052 0.569604 0.569604 0.569604 0.569604 0.569604 0.569604 0.569604 0.569604 0.569604 0.569604 0.569604 0.569604 0.569604 0.569604 0.569604 0.569604 0.569604 0.569604 0.569604 0.569604 0.569604 0.569604 0.569604 0.569604 0.569604 0.569604 0.569604 0.569604 0.569604 0.569604 0.569604 0.569604 0.569604 0.569604 0.569604 0.569604 0.569604 0.569604 0.569604 0.569604 0.569604 0.569604 0.419727 0.569604 0.569604 0.569604 0.569604 0.569604 0.569604 0.569604 0.569604 0.569604 0.552813 0.569604 0.569604 0.569604 0.569604 0.569604 0.569604 0.569604 0.569604 0.569604 0.565276 0.569604 0.569604 
0.579555 0.579555 0.579555 0.579555 0.579555 0.579555 0.579555 0.499962 0.579555 0.579555 0.579555 0.579555 0.579555 0.579555 0.579555 0.579555 0.579555 0.4 0.579555 0.579555 0.579555 0.579555 0.579555 0.579555 0.579555 0.579555 0.579555 0.400003 0.579555 0.579555 0.579555 0.400458 0.579555 0.579555 0.579086 0.579555 0.579555 0.579555 0.579555 0.579555 0.579555 0.579101 0.579555 0.579555 0.4 0.579555 0.579555 0.579555 0.579555 0.579555 0.579555 0.576855 0.579555 0.579555 0.40001 0.579555 0.579555 0.579555 0.579555 0.579555 0.579555 0.579555 0.579555 0.579555 0.579555 0.579555 0.579555 0.579555 0.579555 0.579555 0.579555 0.579555 0.579555 0.579555 0.579555 0.579555 0.579555 0.579555 0.579555 0.579555 0.579555 0.579555 0.579555 0.579555 0.579555 0.579555 0.579555 0.579555 0.579555 0.579555 0.579555 0.579555 0.579555 0.579555 0.579555 0.579555 0.579555 0.400052 0.579555 0.579555 0.579555 0.579555 0.579555 0.579555 0.579555 0.579555 0.579555 0.577844 0.579555 0.579555 0.579555 0.579555 0.579555 0.579555 0.579555 0.579555 0.579555 0.41841 0.579555 0.579555 0.579555 0.41 0.579555 0.579555 0.4 0.579555 0.579555 0.579555 0.579555 0.579555 0.579555 0.4 0.579555 0.579555 0.4 0.579555 0.579555 0.579555 0.579555 0.579555 0.579555 0.400188 0.579555 0.579555 0.563194 0.579555 0.579555 0.579555 0.579555 0.579555 0.579555 0.579555 0.579555 0.579555 0.579555 0.579555 0.579555 0.579555 0.579555 0.579555 0.579555 0.579555 0.579555 0.579555 0.579555 0.579555 0.579555 0.579555 0.579555 0.579555 0.579555 0.579555 0.579555 0.579555 0.579555 0.579555 0.579555 0.579555 0.579555 0.579555 0.579555 0.579555 0.579555 0.579555 0.579555 0.579555 0.579555 0.573346 0.579555 0.579555 0.579555 0.579555 0.579555 0.579555 0.579555 0.579555 0.579555 0.400099 0.579555 0.579555 0.579555 0.579555 0.579555 0.579555 0.579555 0.579555 0.579555 0.400003 0.579555 0.579555 0.579555 0.4 0.579555 0.579555 0.4 0.579555 0.579555 0.579555 0.579555 0.579555 0.579555 0.415233 0.579555 0.579555 0.4 0.579555 0.579555 0.579555 0.579555 0.579555 0.579555 0.450877 0.579555 0.579555 0.4 0.579555 0.579555 0.579555 0.579555 0.579555 0.579555 0.579555 0.579555 0.579555 0.579555 0.579555 0.579555 0.579555 0.579555 0.579555 0.579555 0.579555 0.579555 0.579555 0.579555 0.579555 0.579555 0.579555 0.579555 0.579555 0.579555 0.579555 0.579555 0.579555 0.579555 0.579555 0.579555 0.579555 0.579555 0.579555 0.579555 0.579555 0.579555 0.579555 0.579555 0.579555 0.579555 0.400941 0.579555 0.579555 0.579555 0.579555 0.579555 0.579555 0.579555 0.579555 0.579555 0.425184 0.579555 0.579555 0.579555 0.579555 0.579555 0.579555 0.579555 0.579555 0.579555 0.551705 0.579555 0.579555 0.579555 0.579555 0.579555 0.579555 0.579555 0.579555 0.579555 0.4 0.579555 0.579555 0.579555 0.579555 0.579555 0.579555 0.579555 0.579555 0.579555 0.561574 0.579555 0.579555 0.579555 0.579555 0.579555 0.579555 0.579555 0.579555 0.579555 0.4 0.579555 0.579555 0.579555 0.578821 0.579555 0.579555 0.571776 0.579555 0.579555 0.579555 0.579555 0.579555 0.579555 0.4 0.579555 0.579555 0.577961 0.579555 0.579555 0.579555 0.579555 0.579555 0.579555 0.400151 0.579555 0.579555 0.4 0.579555 0.579555 0.579555 0.579555 0.579555 0.579555 0.579555 0.579555 0.579555 0.579555 0.579555 0.579555 0.579555 0.579555 0.579555 0.579555 0.579555 0.579555 0.579555 0.579555 0.579555 0.579555 0.579555 0.579555 0.579555 0.579555 0.579555 0.579555 0.579555 0.579555 0.579555 0.579555 0.579555 0.579555 0.579555 0.579555 0.579555 0.579555 0.579555 0.579555 0.579555 0.579555 0.578297 0.579555 0.579555 0.579555 0.579555 0.579555 0.579555 0.579555 0.579555 0.579555 0.4 0.579555 0.579555 0.579555 0.579555 0.579555 0.579555 0.579555 0.579555 0.579555 0.571412 0.579555 0.579555 0.579555 0.4 0.579555 0.579555 0.521517 0.579555 0.579555 0.579555 0.579555 0.579555 0.579555 0.419382 0.579555 0.579555 0.4 0.579555 0.579555 0.579555 0.579555 0.579555 0.579555 0.4 0.579555 0.579555 0.400007 0.579555 0.579555 0.579555 0.579555 0.579555 0.579555 0.579555 0.579555 0.579555 0.579555 0.579555 0.579555 0.579555 0.579555 0.579555 0.579555 0.579555 0.579555 0.579555 0.579555 0.579555 0.579555 0.579555 0.579555 0.579555 0.579555 0.579555 0.579555 0.579555 0.579555 0.579555 0.579555 0.579555 0.579555 0.579555 0.579555 0.579555 0.579555 0.579555 0.579555 0.579555 0.579555 0.50222 0.579555 0.579555 0.579555 0.579555 0.579555 0.579555 0.579555 0.579555 0.579555 0.4 0.579555 0.579555 0.579555 0.579555 0.579555 0.579555 0.579555 0.579555 0.579555 0.400159 0.579555 0.579555 0.579555 0.573214 0.579555 0.579555 0.401371 0.579555 0.579555 0.579555 0.579555 0.579555 0.579555 0.460591 0.579555 0.579555 0.420447 0.579555 0.579555 0.579555 0.579555 0.579555 0.579555 0.400014 0.579555 0.579555 0.400023 0.579555 0.579555 0.579555 0.579555 0.579555 0.579555 0.579555 0.579555 0.579555 0.579555 0.579555 0.579555 0.579555 0.579555 0.579555 0.579555 0.579555 0.579555 0.579555 0.579555 0.579555 0.579555 0.579555 0.579555 0.579555 0.579555 0.579555 0.579555 0.579555 0.579555 0.579555 0.579555 0.579555 0.579555 0.579555 0.579555 0.579555 0.579555 0.579555 0.579555 0.579555 0.579555 0.566092 0.579555 0.579555 0.579555 0.579555 0.579555 0.579555 0.579555 0.579555 0.579555 0.578571 0.579555 0.579555 0.579555 0.579555 0.579555 0.579555 0.579555 0.579555 0.579555 0.573699 0.579555 0.579555 0.579555 0.579555 0.579555 0.579555 0.579555 0.579555 0.579555 0.400032 0.579555 0.579555 0.579555 0.579555 0.579555 0.579555 0.579555 0.579555 0.579555 0.4 0.579555 0.579555 0.579555 0.579555 0.579555 0.579555 0.579555 0.579555 0.579555 0.4 0.579555 0.579555 0.579555 0.529677 0.579555 0.579555 0.525734 0.579555 0.579555 0.579555 0.579555 0.579555 0.579555 0.502345 0.579555 0.579555 0.518399 0.579555 0.579555 0.579555 0.579555 0.579555 0.579555 0.528716 0.579555 0.579555 0.576888 0.579555 0.579555 0.579555 0.579555 0.579555 0.579555 0.579555 0.579555 0.579555 0.579555 0.579555 0.579555 0.579555 0.579555 0.579555 0.579555 0.579555 0.579555 0.579555 0.579555 0.579555 0.579555 0.579555 0.579555 0.579555 0.579555 0.579555 0.579555 0.579555 0.579555 0.579555 0.579555 0.579555 0.579555 0.579555 0.579555 0.579555 0.579555 0.579555 0.579555 0.579555 0.579555 0.400512 0.579555 0.579555 0.579555 0.579555 0.579555 0.579555 0.579555 0.579555 0.579555 0.4 0.579555 0.579555 0.579555 0.579555 0.579555 0.579555 0.579555 0.579555 0.579555 0.4 0.579555 0.579555 0.579555 0.4 0.579555 0.579555 0.576278 0.579555 0.579555 0.579555 0.579555 0.579555 0.579555 0.4 0.579555 0.579555 0.577023 0.579555 0.579555 0.579555 0.579555 0.579555 0.579555 0.448722 0.579555 0.579555 0.400005 0.579555 0.579555 0.579555 0.579555 0.579555 0.579555 0.579555 0.579555 0.579555 0.579555 0.579555 0.579555 0.579555 0.579555 0.579555 0.579555 0.579555 0.579555 0.579555 0.579555 0.579555 0.579555 0.579555 0.579555 0.579555 0.579555 0.579555 0.579555 0.579555 0.579555 0.579555 0.579555 0.579555 0.579555 0.579555 0.579555 0.579555 0.579555 0.579555 0.579555 0.579555 0.579555 0.4 0.579555 0.579555 0.579555 0.579555 0.579555 0.579555 0.579555 0.579555 0.579555 0.578243 0.579555 0.579555 0.579555 0.579555 0.579555 0.579555 0.579555 0.579555 0.579555 0.406338 0.579555 0.579555 0.579555 0.4 0.579555 0.579555 0.400097 0.579555 0.579555 0.579555 0.579555 0.579555 0.579555 0.400025 0.579555 0.579555 0.481572 0.579555 0.579555 0.579555 0.579555 0.579555 0.579555 0.578374 0.579555 0.579555 0.400595 0.579555 0.579555 0.579555 0.579555 0.579555 0.579555 0.579555 0.579555 0.579555 0.579555 0.579555 0.579555 0.579555 0.579555 0.579555 0.579555 0.579555 0.579555 0.579555 0.579555 0.579555 0.579555 0.579555 0.579555 0.579555 0.579555 0.579555 0.579555 0.579555 0.579555 0.579555 0.579555 0.579555 0.579555 0.579555 0.579555 0.579555 0.579555 0.579555 0.579555 0.579555 0.579555 0.411059 0.579555 0.579555 0.579555 0.579555 0.579555 0.579555 0.579555 0.579555 0.579555 0.561324 0.579555 0.579555 0.579555 0.579555 0.579555 0.579555 0.579555 0.579555 0.579555 0.574712 0.579555 0.579555 
0.589505 0.589505 0.589505 0.589505 0.589505 0.589505 0.589505 0.500859 0.589505 0.589505 0.589505 0.589505 0.589505 0.589505 0.589505 0.589505 0.589505 0.39 0.589505 0.589505 0.589505 0.589505 0.589505 0.589505 0.589505 0.589505 0.589505 0.390004 0.589505 0.589505 0.589505 0.390525 0.589505 0.589505 0.588972 0.589505 0.589505 0.589505 0.589505 0.589505 0.589505 0.588999 0.589505 0.589505 0.39 0.589505 0.589505 0.589505 0.589505 0.589505 0.589505 0.586408 0.589505 0.589505 0.390011 0.589505 0.589505 0.589505 0.589505 0.589505 0.589505 0.589505 0.589505 0.589505 0.589505 0.589505 0.589505 0.589505 0.589505 0.589505 0.589505 0.589505 0.589505 0.589505 0.589505 0.589505 0.589505 0.589505 0.589505 0.589505 0.589505 0.589505 0.589505 0.589505 0.589505 0.589505 0.589505 0.589505 0.589505 0.589505 0.589505 0.589505 0.589505 0.589505 0.589505 0.589505 0.589505 0.390055 0.589505 0.589505 0.589505 0.589505 0.589505 0.589505 0.589505 0.589505 0.589505 0.587707 0.589505 0.589505 0.589505 0.589505 0.589505 0.589505 0.589505 0.589505 0.589505 0.414958 0.589505 0.589505 0.589505 0.400672 0.589505 0.589505 0.39 0.589505 0.589505 0.589505 0.589505 0.589505 0.589505 0.39 0.589505 0.589505 0.39 0.589505 0.589505 0.589505 0.589505 0.589505 0.589505 0.390205 0.589505 0.589505 0.571012 0.589505 0.589505 0.589505 0.589505 0.589505 0.589505 0.589505 0.589505 0.589505 0.589505 0.589505 0.589505 0.589505 0.589505 0.589505 0.589505 0.589505 0.589505 0.589505 0.589505 0.589505 0.589505 0.589505 0.589505 0.589505 0.589505 0.589505 0.589505 0.589505 0.589505 0.589505 0.589505 0.589505 0.589505 0.589505 0.589505 0.589505 0.589505 0.589505 0.589505 0.589505 0.589505 0.583099 0.589505 0.589505 0.589505 0.589505 0.589505 0.589505 0.589505 0.589505 0.589505 0.390122 0.589505 0.589505 0.589505 0.589505 0.589505 0.589505 0.589505 0.589505 0.589505 0.390003 0.589505 0.589505 0.589505 0.39 0.589505 0.589505 0.39 0.589505 0.589505 0.589505 0.589505 0.589505 0.589505 0.407088 0.589505 0.589505 0.39 0.589505 0.589505 0.589505 0.589505 0.589505 0.589505 0.447692 0.589505 0.589505 0.39 0.589505 0.589505 0.589505 0.589505 0.589505 0.589505 0.589505 0.589505 0.589505 0.589505 0.589505 0.589505 0.589505 0.589505 0.589505 0.589505 0.589505 0.589505 0.589505 0.589505 0.589505 0.589505 0.589505 0.589505 0.589505 0.589505 0.589505 0.589505 0.589505 0.589505 0.589505 0.589505 0.589505 0.589505 0.589505 0.589505 0.589505 0.589505 0.589505 0.589505 0.589505 0.589505 0.391086 0.589505 0.589505 0.589505 0.589505 0.589505 0.589505 0.589505 0.589505 0.589505 0.416593 0.589505 0.589505 0.589505 0.589505 0.589505 0.589505 0.589505 0.589505 0.589505 0.557874 0.589505 0.589505 0.589505 0.589505 0.589505 0.589505 0.589505 0.589505 0.589505 0.39 0.589505 0.589505 0.589505 0.589505 0.589505 0.589505 0.589505 0.589505 0.589505 0.57 0.589505 0.589505 0.589505 0.589505 0.589505 0.589505 0.589505 0.589505 0.589505 0.39 0.589505 0.589505 0.589505 0.588637 0.589505 0.589505 0.58088 0.589505 0.589505 0.589505 0.589505 0.589505 0.589505 0.39 0.589505 0.589505 0.587608 0.589505 0.589505 0.589505 0.589505 0.589505 0.589505 0.390161 0.589505 0.589505 0.39 0.589505 0.589505 0.589505 0.589505 0.589505 0.589505 0.589505 0.589505 0.589505 0.589505 0.589505 0.589505 0.589505 0.589505 0.589505 0.589505 0.589505 0.589505 0.589505 0.589505 0.589505 0.589505 0.589505 0.589505 0.589505 0.589505 0.589505 0.589505 0.589505 0.589505 0.589505 0.589505 0.589505 0.589505 0.589505 0.589505 0.589505 0.589505 0.589505 0.589505 0.589505 0.589505 0.588077 0.589505 0.589505 0.589505 0.589505 0.589505 0.589505 0.589505 0.589505 0.589505 0.39 0.589505 0.589505 0.589505 0.589505 0.589505 0.589505 0.589505 0.589505 0.589505 0.580349 0.589505 0.589505 0.589505 0.39 0.589505 0.589505 0.524969 0.589505 0.589505 0.589505 0.589505 0.589505 0.589505 0.411238 0.589505 0.589505 0.39 0.589505 0.589505 0.589505 0.589505 0.589505 0.589505 0.39 0.589505 0.589505 0.390008 0.589505 0.589505 0.589505 0.589505 0.589505 0.589505 0.589505 0.589505 0.589505 0.589505 0.589505 0.589505 0.589505 0.589505 0.589505 0.589505 0.589505 0.589505 0.589505 0.589505 0.589505 0.589505 0.589505 0.589505 0.589505 0.589505 0.589505 0.589505 0.589505 0.589505 0.589505 0.589505 0.589505 0.589505 0.589505 0.589505 0.589505 0.589505 0.589505 0.589505 0.589505 0.589505 0.497521 0.589505 0.589505 0.589505 0.589505 0.589505 0.589505 0.589505 0.589505 0.589505 0.39 0.589505 0.589505 0.589505 0.589505 0.589505 0.589505 0.589505 0.589505 0.589505 0.39018 0.589505 0.589505 0.589505 0.582767 0.589505 0.589505 0.391466 0.589505 0.589505 0.589505 0.589505 0.589505 0.589505 0.455661 0.589505 0.589505 0.412407 0.589505 0.589505 0.589505 0.589505 0.589505 0.589505 0.390015 0.589505 0.589505 0.390025 0.589505 0.589505 0.589505 0.589505 0.589505 0.589505 0.589505 0.589505 0.589505 0.589505 0.589505 0.589505 0.589505 0.589505 0.589505 0.589505 0.589505 0.589505 0.589505 0.589505 0.589505 0.589505 0.589505 0.589505 0.589505 0.589505 0.589505 0.589505 0.589505 0.589505 0.589505 0.589505 0.589505 0.589505 0.589505 0.589505 0.589505 0.589505 0.589505 0.589505 0.589505 0.589505 0.574133 0.589505 0.589505 0.589505 0.589505 0.589505 0.589505 0.589505 0.589505 0.589505 0.588408 0.589505 0.589505 0.589505 0.589505 0.589505 0.589505 0.589505 0.589505 0.589505 0.583404 0.589505 0.589505 0.589505 0.589505 0.589505 0.589505 0.589505 0.589505 0.589505 0.390034 0.589505 0.589505 0.589505 0.589505 0.589505 0.589505 0.589505 0.589505 0.589505 0.39 0.589505 0.589505 0.589505 0.589505 0.589505 0.589505 0.589505 0.589505 0.589505 0.39 0.589505 0.589505 0.589505 0.531458 0.589505 0.589505 0.530434 0.589505 0.589505 0.589505 0.589505 0.589505 0.589505 0.504415 0.589505 0.589505 0.522112 0.589505 0.589505 0.589505 0.589505 0.589505 0.589505 0.531902 0.589505 0.589505 0.586609 0.589505 0.589505 0.589505 0.589505 0.589505 0.589505 0.589505 0.589505 0.589505 0.589505 0.589505 0.589505 0.589505 0.589505 0.589505 0.589505 0.589505 0.589505 0.589505 0.589505 0.589505 0.589505 0.589505 0.589505 0.589505 0.589505 0.589505 0.589505 0.589505 0.589505 0.589505 0.589505 0.589505 0.589505 0.589505 0.589505 0.589505 0.589505 0.589505 0.589505 0.589505 0.589505 0.390547 0.589505 0.589505 0.589505 0.589505 0.589505 0.589505 0.589505 0.589505 0.589505 0.39 0.589505 0.589505 0.589505 0.589505 0.589505 0.589505 0.589505 0.589505 0.589505 0.39 0.589505 0.589505 0.589505 0.39 0.589505 0.589505 0.585964 0.589505 0.589505 0.589505 0.589505 0.589505 0.589505 0.39 0.589505 0.589505 0.586521 0.589505 0.589505 0.589505 0.589505 0.589505 0.589505 0.44426 0.589505 0.589505 0.390005 0.589505 0.589505 0.589505 0.589505 0.589505 0.589505 0.589505 0.589505 0.589505 0.589505 0.589505 0.589505 0.589505 0.589505 0.589505 0.589505 0.589505 0.589505 0.589505 0.589505 0.589505 0.589505 0.589505 0.589505 0.589505 0.589505 0.589505 0.589505 0.589505 0.589505 0.589505 0.589505 0.589505 0.589505 0.589505 0.589505 0.589505 0.589505 0.589505 0.589505 0.589505 0.589505 0.39 0.589505 0.589505 0.589505 0.589505 0.589505 0.589505 0.589505 0.589505 0.589505 0.588069 0.589505 0.589505 0.589505 0.589505 0.589505 0.589505 0.589505 0.589505 0.589505 0.396759 0.589505 0.589505 0.589505 0.39 0.589505 0.589505 0.390102 0.589505 0.589505 0.589505 0.589505 0.589505 0.589505 0.390028 0.589505 0.589505 0.480675 0.589505 0.589505 0.589505 0.589505 0.589505 0.589505 0.588237 0.589505 0.589505 0.390642 0.589505 0.589505 0.589505 0.589505 0.589505 0.589505 0.589505 0.589505 0.589505 0.589505 0.589505 0.589505 0.589505 0.589505 0.589505 0.589505 0.589505 0.589505 0.589505 0.589505 0.589505 0.589505 0.589505 0.589505 0.589505 0.589505 0.589505 0.589505 0.589505 0.589505 0.589505 0.589505 0.589505 0.589505 0.589505 0.589505 0.589505 0.589505 0.589505 0.589505 0.589505 0.589505 0.402063 0.589505 0.589505 0.589505 0.589505 0.589505 0.589505 0.589505 0.589505 0.589505 0.569468 0.589505 0.589505 0.589505 0.589505 0.589505 0.589505 0.589505 0.589505 0.589505 0.584239 0.589505 0.589505 

</Matrix>
   <Matrix name="ratesHistory" type="complete" rows="11" columns="900" multiplier="1.0">
   0 0 0 0 0 0 0 0 0 0 0 0 0 0 0 0 0 0 0 0 0 0 0 0 0 0 0 0 0 0 0 0 0 0 0 0 0 0 0 0 0 0 0 0 0 0 0 0 0 0 0 0 0 0 0 0 0 0 0 0 0 0 0 0 0 0 0 0 0 0 0 0 0 0 0 0 0 0 0 0 0 0 0 0 0 0 0 0 0 0 0 0 0 0 0 0 0 0 0 0 0 0 0 0 0 0 0 0 0 0 0 0 0 0 0 0 0 0 0 0 0 0 0 0 0 0 0 0 0 0 0 0 0 0 0 0 0 0 0 0 0 0 0 0 0 0 0 0 0 0 0 0 0 0 0 0 0 0 0 0 0 0 0 0 0 0 0 0 0 0 0 0 0 0 0 0 0 0 0 0 0 0 0 0 0 0 0 0 0 0 0 0 0 0 0 0 0 0 0 0 0 0 0 0 0 0 0 0 0 0 0 0 0 0 0 0 0 0 0 0 0 0 0 0 0 0 0 0 0 0 0 0 0 0 0 0 0 0 0 0 0 0 0 0 0 0 0 0 0 0 0 0 0 0 0 0 0 0 0 0 0 0 0 0 0 0 0 0 0 0 0 0 0 0 0 0 0 0 0 0 0 0 0 0 0 0 0 0 0 0 0 0 0 0 0 0 0 0 0 0 0 0 0 0 0 0 0 0 0 0 0 0 0 0 0 0 0 0 0 0 0 0 0 0 0 0 0 0 0 0 0 0 0 0 0 0 0 0 0 0 0 0 0 0 0 0 0 0 0 0 0 0 0 0 0 0 0 0 0 0 0 0 0 0 0 0 0 0 0 0 0 0 0 0 0 0 0 0 0 0 0 0 0 0 0 0 0 0 0 0 0 0 0 0 0 0 0 0 0 0 0 0 0 0 0 0 0 0 0 0 0 0 0 0 0 0 0 0 0 0 0 0 0 0 0 0 0 0 0 0 0 0 0 0 0 0 0 0 0 0 0 0 0 0 0 0 0 0 0 0 0 0 0 0 0 0 0 0 0 0 0 0 0 0 0 0 0 0 0 0 0 0 0 0 0 0 0 0 0 0 0 0 0 0 0 0 0 0 0 0 0 0 0 0 0 0 0 0 0 0 0 0 0 0 0 0 0 0 0 0 0 0 0 0 0 0 0 0 0 0 0 0 0 0 0 0 0 0 0 0 0 0 0 0 0 0 0 0 0 0 0 0 0 0 0 0 0 0 0 0 0 0 0 0 0 0 0 0 0 0 0 0 0 0 0 0 0 0 0 0 0 0 0 0 0 0 0 0 0 0 0 0 0 0 0 0 0 0 0 0 0 0 0 0 0 0 0 0 0 0 0 0 0 0 0 0 0 0 0 0 0 0 0 0 0 0 0 0 0 0 0 0 0 0 0 0 0 0 0 0 0 0 0 0 0 0 0 0 0 0 0 0 0 0 0 0 0 0 0 0 0 0 0 0 0 0 0 0 0 0 0 0 0 0 0 0 0 0 0 0 0 0 0 0 0 0 0 0 0 0 0 0 0 0 0 0 0 0 0 0 0 0 0 0 0 0 0 0 0 0 0 0 0 0 0 0 0 0 0 0 0 0 0 0 0 0 0 0 0 0 0 0 0 0 0 0 0 0 0 0 0 0 0 0 0 0 0 0 0 0 0 0 0 0 0 0 0 0 0 0 0 0 0 0 0 0 0 0 0 0 0 0 0 0 0 0 0 0 0 0 0 0 0 0 0 0 0 0 0 0 0 0 0 0 0 0 0 0 0 0 0 0 0 0 0 0 0 0 0 0 0 0 0 0 0 0 0 0 0 0 0 0 0 0 0 0 0 0 0 0 0 0 0 0 0 0 0 0 0 0 0 0 0 0 0 0 0 0 0 0 0 0 0 0 0 0 0 0 0 0 0 0 0 0 0 0 0 0 0 0 0 0 0 0 0 0 0 0 0 0 0 0 0 0 0 0 0 0 0 0 0 0 0 0 0 0 0 0 0 0 0 0 0 0 0 0 0 0 0 0 
0 0 0 0 0 0 0 0.9 0 0 0 0 0 0 0 0 0 5.64 0 0 0 0 0 0 0 0 0 3.07 0 0 0 2.12 0 0 0.22 0 0 0 0 0 0 0.17 0 0 4.66 0 0 0 0 0 0 0.28 0 0 2.64 0 0 0 0 0 0 0 0 0 0 0 0 0 0 0 0 0 0 0 0 0 0 0 0 0 0 0 0 0 0 0 0 0 0 0 0 0 0 0 0 0 0 2.34 0 0 0 0 0 0 0 0 0 0.19 0 0 0 0 0 0 0 0 0 1.46 0 0 0 1.54 0 0 5.13 0 0 0 0 0 0 4.72 0 0 4.96 0 0 0 0 0 0 2.08 0 0 0.57 0 0 0 0 0 0 0 0 0 0 0 0 0 0 0 0 0 0 0 0 0 0 0 0 0 0 0 0 0 0 0 0 0 0 0 0 0 0 0 0 0 0 0.44 0 0 0 0 0 0 0 0 0 2.33 0 0 0 0 0 0 0 0 0 2.8 0 0 0 5.5 0 0 3.95 0 0 0 0 0 0 1.38 0 0 4.14 0 0 0 0 0 0 1.16 0 0 4.69 0 0 0 0 0 0 0 0 0 0 0 0 0 0 0 0 0 0 0 0 0 0 0 0 0 0 0 0 0 0 0 0 0 0 0 0 0 0 0 0 0 0 1.93 0 0 0 0 0 0 0 0 0 1.4 0 0 0 0 0 0 0 0 0 0.79 0 0 0 0 0 0 0 0 0 4.5 0 0 0 0 0 0 0 0 0 0.54 0 0 0 0 0 0 0 0 0 3.26 0 0 0 0.11 0 0 0.52 0 0 0 0 0 0 4.91 0 0 0.27 0 0 0 0 0 0 2.18 0 0 3.32 0 0 0 0 0 0 0 0 0 0 0 0 0 0 0 0 0 0 0 0 0 0 0 0 0 0 0 0 0 0 0 0 0 0 0 0 0 0 0 0 0 0 0.17 0 0 0 0 0 0 0 0 0 3.72 0 0 0 0 0 0 0 0 0 0.42 0 0 0 3.73 0 0 1.18 0 0 0 0 0 0 1.34 0 0 4.69 0 0 0 0 0 0 5.12 0 0 2.68 0 0 0 0 0 0 0 0 0 0 0 0 0 0 0 0 0 0 0 0 0 0 0 0 0 0 0 0 0 0 0 0 0 0 0 0 0 0 0 0 0 0 0.86 0 0 0 0 0 0 0 0 0 5.54 0 0 0 0 0 0 0 0 0 2.09 0 0 0 0.4 0 0 1.81 0 0 0 0 0 0 0.91 0 0 1.41 0 0 0 0 0 0 2.53 0 0 2.69 0 0 0 0 0 0 0 0 0 0 0 0 0 0 0 0 0 0 0 0 0 0 0 0 0 0 0 0 0 0 0 0 0 0 0 0 0 0 0 0 0 0 0.55 0 0 0 0 0 0 0 0 0 0.16 0 0 0 0 0 0 0 0 0 0.57 0 0 0 0 0 0 0 0 0 2.6 0 0 0 0 0 0 0 0 0 4.94 0 0 0 0 0 0 0 0 0 4.96 0 0 0 0.79 0 0 0.71 0 0 0 0 0 0 0.98 0 0 0.79 0 0 0 0 0 0 0.86 0 0 0.35 0 0 0 0 0 0 0 0 0 0 0 0 0 0 0 0 0 0 0 0 0 0 0 0 0 0 0 0 0 0 0 0 0 0 0 0 0 0 0 0 0 0 2.15 0 0 0 0 0 0 0 0 0 3.78 0 0 0 0 0 0 0 0 0 5.91 0 0 0 3.22 0 0 0.39 0 0 0 0 0 0 3.24 0 0 0.31 0 0 0 0 0 0 1.2 0 0 2.95 0 0 0 0 0 0 0 0 0 0 0 0 0 0 0 0 0 0 0 0 0 0 0 0 0 0 0 0 0 0 0 0 0 0 0 0 0 0 0 0 0 0 4.29 0 0 0 0 0 0 0 0 0 0.18 0 0 0 0 0 0 0 0 0 1.6 0 0 0 4.24 0 0 2.21 0 0 0 0 0 0 2.39 0 0 0.99 0 0 0 0 0 0 0.21 0 0 2.09 0 0 0 0 0 0 0 0 0 0 0 0 0 0 0 0 0 0 0 0 0 0 0 0 0 0 0 0 0 0 0 0 0 0 0 0 0 0 0 0 0 0 1.53 0 0 0 0 0 0 0 0 0 0.56 0 0 0 0 0 0 0 0 0 0.37 0 0 
0 0 0 0 0 0 0 0.97 0 0 0 0 0 0 0 0 0 5.71 0 0 0 0 0 0 0 0 0 2.83 0 0 0 1.89 0 0 0.09 0 0 0 0 0 0 0.1 0 0 4.92 0 0 0 0 0 0 0.37 0 0 2.63 0 0 0 0 0 0 0 0 0 0 0 0 0 0 0 0 0 0 0 0 0 0 0 0 0 0 0 0 0 0 0 0 0 0 0 0 0 0 0 0 0 0 2.38 0 0 0 0 0 0 0 0 0 0.25 0 0 0 0 0 0 0 0 0 1.37 0 0 0 1.61 0 0 5.07 0 0 0 0 0 0 4.77 0 0 4.9 0 0 0 0 0 0 2.07 0 0 0.66 0 0 0 0 0 0 0 0 0 0 0 0 0 0 0 0 0 0 0 0 0 0 0 0 0 0 0 0 0 0 0 0 0 0 0 0 0 0 0 0 0 0 0.47 0 0 0 0 0 0 0 0 0 2.21 0 0 0 0 0 0 0 0 0 2.86 0 0 0 5.34 0 0 4.05 0 0 0 0 0 0 1.42 0 0 4.21 0 0 0 0 0 0 1.14 0 0 4.8 0 0 0 0 0 0 0 0 0 0 0 0 0 0 0 0 0 0 0 0 0 0 0 0 0 0 0 0 0 0 0 0 0 0 0 0 0 0 0 0 0 0 1.83 0 0 0 0 0 0 0 0 0 1.25 0 0 0 0 0 0 0 0 0 0.69 0 0 0 0 0 0 0 0 0 4.55 0 0 0 0 0 0 0 0 0 0.64 0 0 0 0 0 0 0 0 0 3.13 0 0 0 0.14 0 0 0.58 0 0 0 0 0 0 4.78 0 0 0.25 0 0 0 0 0 0 2.18 0 0 3.54 0 0 0 0 0 0 0 0 0 0 0 0 0 0 0 0 0 0 0 0 0 0 0 0 0 0 0 0 0 0 0 0 0 0 0 0 0 0 0 0 0 0 0.25 0 0 0 0 0 0 0 0 0 3.82 0 0 0 0 0 0 0 0 0 0.48 0 0 0 3.24 0 0 0.88 0 0 0 0 0 0 1.2 0 0 4.93 0 0 0 0 0 0 5.18 0 0 2.63 0 0 0 0 0 0 0 0 0 0 0 0 0 0 0 0 0 0 0 0 0 0 0 0 0 0 0 0 0 0 0 0 0 0 0 0 0 0 0 0 0 0 0.81 0 0 0 0 0 0 0 0 0 5.3 0 0 0 0 0 0 0 0 0 2.19 0 0 0 0.34 0 0 1.7 0 0 0 0 0 0 1.1 0 0 1.36 0 0 0 0 0 0 2.58 0 0 2.57 0 0 0 0 0 0 0 0 0 0 0 0 0 0 0 0 0 0 0 0 0 0 0 0 0 0 0 0 0 0 0 0 0 0 0 0 0 0 0 0 0 0 0.47 0 0 0 0 0 0 0 0 0 0.2 0 0 0 0 0 0 0 0 0 0.38 0 0 0 0 0 0 0 0 0 2.49 0 0 0 0 0 0 0 0 0 4.76 0 0 0 0 0 0 0 0 0 5.07 0 0 0 0.88 0 0 0.9 0 0 0 0 0 0 0.88 0 0 0.93 0 0 0 0 0 0 0.96 0 0 0.29 0 0 0 0 0 0 0 0 0 0 0 0 0 0 0 0 0 0 0 0 0 0 0 0 0 0 0 0 0 0 0 0 0 0 0 0 0 0 0 0 0 0 2.02 0 0 0 0 0 0 0 0 0 3.35 0 0 0 0 0 0 0 0 0 6.08 0 0 0 3.19 0 0 0.39 0 0 0 0 0 0 3.31 0 0 0.26 0 0 0 0 0 0 1.29 0 0 2.83 0 0 0 0 0 0 0 0 0 0 0 0 0 0 0 0 0 0 0 0 0 0 0 0 0 0 0 0 0 0 0 0 0 0 0 0 0 0 0 0 0 0 4.21 0 0 0 0 0 0 0 0 0 0.24 0 0 0 0 0 0 0 0 0 1.58 0 0 0 4.21 0 0 2.39 0 0 0 0 0 0 2.72 0 0 1.18 0 0 0 0 0 0 0.24 0 0 2.04 0 0 0 0 0 0 0 0 0 0 0 0 0 0 0 0 0 0 0 0 0 0 0 0 0 0 0 0 0 0 0 0 0 0 0 0 0 0 0 0 0 0 1.66 0 0 0 0 0 0 0 0 0 0.66 0 0 0 0 0 0 0 0 0 0.36 0 0 
0 0 0 0 0 0 0 0.93 0 0 0 0 0 0 0 0 0 5.44 0 0 0 0 0 0 0 0 0 2.58 0 0 0 2.17 0 0 0.12 0 0 0 0 0 0 0.13 0 0 4.66 0 0 0 0 0 0 0.31 0 0 2.68 0 0 0 0 0 0 0 0 0 0 0 0 0 0 0 0 0 0 0 0 0 0 0 0 0 0 0 0 0 0 0 0 0 0 0 0 0 0 0 0 0 0 2.37 0 0 0 0 0 0 0 0 0 0.22 0 0 0 0 0 0 0 0 0 1.22 0 0 0 1.42 0 0 5.08 0 0 0 0 0 0 4.61 0 0 4.62 0 0 0 0 0 0 2.23 0 0 0.71 0 0 0 0 0 0 0 0 0 0 0 0 0 0 0 0 0 0 0 0 0 0 0 0 0 0 0 0 0 0 0 0 0 0 0 0 0 0 0 0 0 0 0.26 0 0 0 0 0 0 0 0 0 2.34 0 0 0 0 0 0 0 0 0 2.83 0 0 0 5.38 0 0 3.73 0 0 0 0 0 0 1.45 0 0 4.03 0 0 0 0 0 0 0.95 0 0 4.43 0 0 0 0 0 0 0 0 0 0 0 0 0 0 0 0 0 0 0 0 0 0 0 0 0 0 0 0 0 0 0 0 0 0 0 0 0 0 0 0 0 0 1.94 0 0 0 0 0 0 0 0 0 1.25 0 0 0 0 0 0 0 0 0 0.67 0 0 0 0 0 0 0 0 0 4.35 0 0 0 0 0 0 0 0 0 0.53 0 0 0 0 0 0 0 0 0 3.34 0 0 0 0.15 0 0 0.47 0 0 0 0 0 0 4.57 0 0 0.25 0 0 0 0 0 0 2.13 0 0 3.13 0 0 0 0 0 0 0 0 0 0 0 0 0 0 0 0 0 0 0 0 0 0 0 0 0 0 0 0 0 0 0 0 0 0 0 0 0 0 0 0 0 0 0.16 0 0 0 0 0 0 0 0 0 3.95 0 0 0 0 0 0 0 0 0 0.53 0 0 0 3.54 0 0 0.68 0 0 0 0 0 0 1.29 0 0 5.14 0 0 0 0 0 0 5.17 0 0 2.81 0 0 0 0 0 0 0 0 0 0 0 0 0 0 0 0 0 0 0 0 0 0 0 0 0 0 0 0 0 0 0 0 0 0 0 0 0 0 0 0 0 0 1.11 0 0 0 0 0 0 0 0 0 5.32 0 0 0 0 0 0 0 0 0 2.22 0 0 0 0.35 0 0 1.81 0 0 0 0 0 0 1.29 0 0 1.17 0 0 0 0 0 0 2.69 0 0 2.55 0 0 0 0 0 0 0 0 0 0 0 0 0 0 0 0 0 0 0 0 0 0 0 0 0 0 0 0 0 0 0 0 0 0 0 0 0 0 0 0 0 0 0.62 0 0 0 0 0 0 0 0 0 0.19 0 0 0 0 0 0 0 0 0 0.45 0 0 0 0 0 0 0 0 0 2.38 0 0 0 0 0 0 0 0 0 4.86 0 0 0 0 0 0 0 0 0 4.96 0 0 0 0.9 0 0 0.76 0 0 0 0 0 0 1.11 0 0 0.95 0 0 0 0 0 0 0.99 0 0 0.31 0 0 0 0 0 0 0 0 0 0 0 0 0 0 0 0 0 0 0 0 0 0 0 0 0 0 0 0 0 0 0 0 0 0 0 0 0 0 0 0 0 0 2.02 0 0 0 0 0 0 0 0 0 3.65 0 0 0 0 0 0 0 0 0 5.97 0 0 0 3.33 0 0 0.39 0 0 0 0 0 0 3.29 0 0 0.32 0 0 0 0 0 0 1.08 0 0 2.73 0 0 0 0 0 0 0 0 0 0 0 0 0 0 0 0 0 0 0 0 0 0 0 0 0 0 0 0 0 0 0 0 0 0 0 0 0 0 0 0 0 0 4.39 0 0 0 0 0 0 0 0 0 0.18 0 0 0 0 0 0 0 0 0 1.79 0 0 0 4.33 0 0 2.52 0 0 0 0 0 0 2.41 0 0 1.05 0 0 0 0 0 0 0.22 0 0 2.1 0 0 0 0 0 0 0 0 0 0 0 0 0 0 0 0 0 0 0 0 0 0 0 0 0 0 0 0 0 0 0 0 0 0 0 0 0 0 0 0 0 0 1.34 0 0 0 0 0 0 0 0 0 0.57 0 0 0 0 0 0 0 0 0 0.4 0 0 
0 0 0 0 0 0 0 1.05 0 0 0 0 0 0 0 0 0 5.55 0 0 0 0 0 0 0 0 0 2.84 0 0 0 2.03 0 0 0.1 0 0 0 0 0 0 0.09 0 0 4.58 0 0 0 0 0 0 0.38 0 0 2.85 0 0 0 0 0 0 0 0 0 0 0 0 0 0 0 0 0 0 0 0 0 0 0 0 0 0 0 0 0 0 0 0 0 0 0 0 0 0 0 0 0 0 2.15 0 0 0 0 0 0 0 0 0 0.31 0 0 0 0 0 0 0 0 0 1.45 0 0 0 1.47 0 0 5.2 0 0 0 0 0 0 4.65 0 0 4.91 0 0 0 0 0 0 2.23 0 0 0.52 0 0 0 0 0 0 0 0 0 0 0 0 0 0 0 0 0 0 0 0 0 0 0 0 0 0 0 0 0 0 0 0 0 0 0 0 0 0 0 0 0 0 0.43 0 0 0 0 0 0 0 0 0 2.24 0 0 0 0 0 0 0 0 0 2.97 0 0 0 5.13 0 0 3.95 0 0 0 0 0 0 1.35 0 0 4.22 0 0 0 0 0 0 1.3 0 0 4.32 0 0 0 0 0 0 0 0 0 0 0 0 0 0 0 0 0 0 0 0 0 0 0 0 0 0 0 0 0 0 0 0 0 0 0 0 0 0 0 0 0 0 1.98 0 0 0 0 0 0 0 0 0 1.29 0 0 0 0 0 0 0 0 0 0.68 0 0 0 0 0 0 0 0 0 4.68 0 0 0 0 0 0 0 0 0 0.71 0 0 0 0 0 0 0 0 0 3.18 0 0 0 0.19 0 0 0.36 0 0 0 0 0 0 4.87 0 0 0.27 0 0 0 0 0 0 2.1 0 0 3.16 0 0 0 0 0 0 0 0 0 0 0 0 0 0 0 0 0 0 0 0 0 0 0 0 0 0 0 0 0 0 0 0 0 0 0 0 0 0 0 0 0 0 0.18 0 0 0 0 0 0 0 0 0 3.73 0 0 0 0 0 0 0 0 0 0.42 0 0 0 3.56 0 0 0.84 0 0 0 0 0 0 1.47 0 0 4.77 0 0 0 0 0 0 5.14 0 0 2.84 0 0 0 0 0 0 0 0 0 0 0 0 0 0 0 0 0 0 0 0 0 0 0 0 0 0 0 0 0 0 0 0 0 0 0 0 0 0 0 0 0 0 0.88 0 0 0 0 0 0 0 0 0 5.48 0 0 0 0 0 0 0 0 0 2.21 0 0 0 0.37 0 0 1.78 0 0 0 0 0 0 1.15 0 0 1.48 0 0 0 0 0 0 2.58 0 0 2.46 0 0 0 0 0 0 0 0 0 0 0 0 0 0 0 0 0 0 0 0 0 0 0 0 0 0 0 0 0 0 0 0 0 0 0 0 0 0 0 0 0 0 0.64 0 0 0 0 0 0 0 0 0 0.22 0 0 0 0 0 0 0 0 0 0.43 0 0 0 0 0 0 0 0 0 2.55 0 0 0 0 0 0 0 0 0 4.84 0 0 0 0 0 0 0 0 0 4.82 0 0 0 0.79 0 0 0.84 0 0 0 0 0 0 0.82 0 0 0.89 0 0 0 0 0 0 0.67 0 0 0.26 0 0 0 0 0 0 0 0 0 0 0 0 0 0 0 0 0 0 0 0 0 0 0 0 0 0 0 0 0 0 0 0 0 0 0 0 0 0 0 0 0 0 1.88 0 0 0 0 0 0 0 0 0 3.79 0 0 0 0 0 0 0 0 0 5.94 0 0 0 3.14 0 0 0.36 0 0 0 0 0 0 3.22 0 0 0.34 0 0 0 0 0 0 1.14 0 0 2.87 0 0 0 0 0 0 0 0 0 0 0 0 0 0 0 0 0 0 0 0 0 0 0 0 0 0 0 0 0 0 0 0 0 0 0 0 0 0 0 0 0 0 4.5 0 0 0 0 0 0 0 0 0 0.3 0 0 0 0 0 0 0 0 0 1.64 0 0 0 4.19 0 0 2.37 0 0 0 0 0 0 2.4 0 0 1.01 0 0 0 0 0 0 0.19 0 0 1.94 0 0 0 0 0 0 0 0 0 0 0 0 0 0 0 0 0 0 0 0 0 0 0 0 0 0 0 0 0 0 0 0 0 0 0 0 0 0 0 0 0 0 1.42 0 0 0 0 0 0 0 0 0 0.78 0 0 0 0 0 0 0 0 0 0.37 0 0 
0 0 0 0 0 0 0 0.93 0 0 0 0 0 0 0 0 0 5.57 0 0 0 0 0 0 0 0 0 2.88 0 0 0 1.97 0 0 0.08 0 0 0 0 0 0 0.12 0 0 4.82 0 0 0 0 0 0 0.26 0 0 2.69 0 0 0 0 0 0 0 0 0 0 0 0 0 0 0 0 0 0 0 0 0 0 0 0 0 0 0 0 0 0 0 0 0 0 0 0 0 0 0 0 0 0 2.61 0 0 0 0 0 0 0 0 0 0.23 0 0 0 0 0 0 0 0 0 1.25 0 0 0 1.54 0 0 4.93 0 0 0 0 0 0 4.86 0 0 4.83 0 0 0 0 0 0 2.24 0 0 0.55 0 0 0 0 0 0 0 0 0 0 0 0 0 0 0 0 0 0 0 0 0 0 0 0 0 0 0 0 0 0 0 0 0 0 0 0 0 0 0 0 0 0 0.41 0 0 0 0 0 0 0 0 0 2.3 0 0 0 0 0 0 0 0 0 2.94 0 0 0 5.58 0 0 4.01 0 0 0 0 0 0 1.43 0 0 4.17 0 0 0 0 0 0 1.14 0 0 4.39 0 0 0 0 0 0 0 0 0 0 0 0 0 0 0 0 0 0 0 0 0 0 0 0 0 0 0 0 0 0 0 0 0 0 0 0 0 0 0 0 0 0 1.86 0 0 0 0 0 0 0 0 0 1.44 0 0 0 0 0 0 0 0 0 0.67 0 0 0 0 0 0 0 0 0 4.63 0 0 0 0 0 0 0 0 0 0.72 0 0 0 0 0 0 0 0 0 3.58 0 0 0 0.14 0 0 0.44 0 0 0 0 0 0 4.49 0 0 0.22 0 0 0 0 0 0 2.1 0 0 3.55 0 0 0 0 0 0 0 0 0 0 0 0 0 0 0 0 0 0 0 0 0 0 0 0 0 0 0 0 0 0 0 0 0 0 0 0 0 0 0 0 0 0 0.29 0 0 0 0 0 0 0 0 0 3.62 0 0 0 0 0 0 0 0 0 0.54 0 0 0 3.51 0 0 0.86 0 0 0 0 0 0 1.32 0 0 4.98 0 0 0 0 0 0 5.33 0 0 2.9 0 0 0 0 0 0 0 0 0 0 0 0 0 0 0 0 0 0 0 0 0 0 0 0 0 0 0 0 0 0 0 0 0 0 0 0 0 0 0 0 0 0 1.06 0 0 0 0 0 0 0 0 0 5.43 0 0 0 0 0 0 0 0 0 2.3 0 0 0 0.43 0 0 1.95 0 0 0 0 0 0 1 0 0 1.51 0 0 0 0 0 0 2.63 0 0 2.53 0 0 0 0 0 0 0 0 0 0 0 0 0 0 0 0 0 0 0 0 0 0 0 0 0 0 0 0 0 0 0 0 0 0 0 0 0 0 0 0 0 0 0.51 0 0 0 0 0 0 0 0 0 0.2 0 0 0 0 0 0 0 0 0 0.31 0 0 0 0 0 0 0 0 0 2.38 0 0 0 0 0 0 0 0 0 4.83 0 0 0 0 0 0 0 0 0 5 0 0 0 0.9 0 0 0.77 0 0 0 0 0 0 1 0 0 1.06 0 0 0 0 0 0 0.83 0 0 0.37 0 0 0 0 0 0 0 0 0 0 0 0 0 0 0 0 0 0 0 0 0 0 0 0 0 0 0 0 0 0 0 0 0 0 0 0 0 0 0 0 0 0 2.19 0 0 0 0 0 0 0 0 0 3.47 0 0 0 0 0 0 0 0 0 5.96 0 0 0 3.18 0 0 0.36 0 0 0 0 0 0 3.27 0 0 0.28 0 0 0 0 0 0 1.13 0 0 2.83 0 0 0 0 0 0 0 0 0 0 0 0 0 0 0 0 0 0 0 0 0 0 0 0 0 0 0 0 0 0 0 0 0 0 0 0 0 0 0 0 0 0 4.65 0 0 0 0 0 0 0 0 0 0.2 0 0 0 0 0 0 0 0 0 1.61 0 0 0 4.47 0 0 2.33 0 0 0 0 0 0 2.49 0 0 1.22 0 0 0 0 0 0 0.2 0 0 1.99 0 0 0 0 0 0 0 0 0 0 0 0 0 0 0 0 0 0 0 0 0 0 0 0 0 0 0 0 0 0 0 0 0 0 0 0 0 0 0 0 0 0 1.5 0 0 0 0 0 0 0 0 0 0.57 0 0 0 0 0 0 0 0 0 0.51 0 0 
0 0 0 0 0 0 0 1.02 0 0 0 0 0 0 0 0 0 5.68 0 0 0 0 0 0 0 0 0 2.99 0 0 0 1.97 0 0 0.16 0 0 0 0 0 0 0.08 0 0 4.87 0 0 0 0 0 0 0.31 0 0 2.56 0 0 0 0 0 0 0 0 0 0 0 0 0 0 0 0 0 0 0 0 0 0 0 0 0 0 0 0 0 0 0 0 0 0 0 0 0 0 0 0 0 0 2.39 0 0 0 0 0 0 0 0 0 0.27 0 0 0 0 0 0 0 0 0 1.32 0 0 0 1.44 0 0 5.15 0 0 0 0 0 0 5.01 0 0 4.76 0 0 0 0 0 0 2.13 0 0 0.52 0 0 0 0 0 0 0 0 0 0 0 0 0 0 0 0 0 0 0 0 0 0 0 0 0 0 0 0 0 0 0 0 0 0 0 0 0 0 0 0 0 0 0.45 0 0 0 0 0 0 0 0 0 2.12 0 0 0 0 0 0 0 0 0 2.76 0 0 0 5.5 0 0 4.05 0 0 0 0 0 0 1.25 0 0 4.22 0 0 0 0 0 0 1.14 0 0 4.4 0 0 0 0 0 0 0 0 0 0 0 0 0 0 0 0 0 0 0 0 0 0 0 0 0 0 0 0 0 0 0 0 0 0 0 0 0 0 0 0 0 0 1.93 0 0 0 0 0 0 0 0 0 1.32 0 0 0 0 0 0 0 0 0 0.72 0 0 0 0 0 0 0 0 0 4.51 0 0 0 0 0 0 0 0 0 0.62 0 0 0 0 0 0 0 0 0 3.17 0 0 0 0.21 0 0 0.47 0 0 0 0 0 0 4.73 0 0 0.19 0 0 0 0 0 0 2.25 0 0 3.36 0 0 0 0 0 0 0 0 0 0 0 0 0 0 0 0 0 0 0 0 0 0 0 0 0 0 0 0 0 0 0 0 0 0 0 0 0 0 0 0 0 0 0.18 0 0 0 0 0 0 0 0 0 3.69 0 0 0 0 0 0 0 0 0 0.56 0 0 0 3.7 0 0 0.73 0 0 0 0 0 0 1.38 0 0 4.92 0 0 0 0 0 0 5.2 0 0 2.61 0 0 0 0 0 0 0 0 0 0 0 0 0 0 0 0 0 0 0 0 0 0 0 0 0 0 0 0 0 0 0 0 0 0 0 0 0 0 0 0 0 0 0.97 0 0 0 0 0 0 0 0 0 5.35 0 0 0 0 0 0 0 0 0 2.25 0 0 0 0.51 0 0 2.02 0 0 0 0 0 0 1.12 0 0 1.28 0 0 0 0 0 0 2.61 0 0 2.48 0 0 0 0 0 0 0 0 0 0 0 0 0 0 0 0 0 0 0 0 0 0 0 0 0 0 0 0 0 0 0 0 0 0 0 0 0 0 0 0 0 0 0.59 0 0 0 0 0 0 0 0 0 0.18 0 0 0 0 0 0 0 0 0 0.48 0 0 0 0 0 0 0 0 0 2.41 0 0 0 0 0 0 0 0 0 4.77 0 0 0 0 0 0 0 0 0 5.01 0 0 0 0.88 0 0 0.86 0 0 0 0 0 0 0.85 0 0 0.82 0 0 0 0 0 0 0.74 0 0 0.38 0 0 0 0 0 0 0 0 0 0 0 0 0 0 0 0 0 0 0 0 0 0 0 0 0 0 0 0 0 0 0 0 0 0 0 0 0 0 0 0 0 0 1.82 0 0 0 0 0 0 0 0 0 3.58 0 0 0 0 0 0 0 0 0 6.11 0 0 0 3.35 0 0 0.28 0 0 0 0 0 0 3.04 0 0 0.31 0 0 0 0 0 0 1.19 0 0 2.69 0 0 0 0 0 0 0 0 0 0 0 0 0 0 0 0 0 0 0 0 0 0 0 0 0 0 0 0 0 0 0 0 0 0 0 0 0 0 0 0 0 0 4.21 0 0 0 0 0 0 0 0 0 0.24 0 0 0 0 0 0 0 0 0 1.41 0 0 0 4.14 0 0 2.24 0 0 0 0 0 0 2.41 0 0 0.98 0 0 0 0 0 0 0.26 0 0 1.93 0 0 0 0 0 0 0 0 0 0 0 0 0 0 0 0 0 0 0 0 0 0 0 0 0 0 0 0 0 0 0 0 0 0 0 0 0 0 0 0 0 0 1.45 0 0 0 0 0 0 0 0 0 0.64 0 0 0 0 0 0 0 0 0 0.51 0 0 
0 0 0 0 0 0 0 0.92 0 0 0 0 0 0 0 0 0 5.68 0 0 0 0 0 0 0 0 0 2.86 0 0 0 2 0 0 0.1 0 0 0 0 0 0 0.13 0 0 4.89 0 0 0 0 0 0 0.35 0 0 2.61 0 0 0 0 0 0 0 0 0 0 0 0 0 0 0 0 0 0 0 0 0 0 0 0 0 0 0 0 0 0 0 0 0 0 0 0 0 0 0 0 0 0 2.48 0 0 0 0 0 0 0 0 0 0.32 0 0 0 0 0 0 0 0 0 1.46 0 0 0 1.46 0 0 5.05 0 0 0 0 0 0 4.89 0 0 4.87 0 0 0 0 0 0 2.2 0 0 0.65 0 0 0 0 0 0 0 0 0 0 0 0 0 0 0 0 0 0 0 0 0 0 0 0 0 0 0 0 0 0 0 0 0 0 0 0 0 0 0 0 0 0 0.58 0 0 0 0 0 0 0 0 0 2.3 0 0 0 0 0 0 0 0 0 2.96 0 0 0 5.46 0 0 3.85 0 0 0 0 0 0 1.49 0 0 4.27 0 0 0 0 0 0 1.23 0 0 4.65 0 0 0 0 0 0 0 0 0 0 0 0 0 0 0 0 0 0 0 0 0 0 0 0 0 0 0 0 0 0 0 0 0 0 0 0 0 0 0 0 0 0 1.84 0 0 0 0 0 0 0 0 0 1.28 0 0 0 0 0 0 0 0 0 0.74 0 0 0 0 0 0 0 0 0 4.43 0 0 0 0 0 0 0 0 0 0.71 0 0 0 0 0 0 0 0 0 3.22 0 0 0 0.2 0 0 0.55 0 0 0 0 0 0 4.67 0 0 0.21 0 0 0 0 0 0 2.33 0 0 3.16 0 0 0 0 0 0 0 0 0 0 0 0 0 0 0 0 0 0 0 0 0 0 0 0 0 0 0 0 0 0 0 0 0 0 0 0 0 0 0 0 0 0 0.23 0 0 0 0 0 0 0 0 0 3.63 0 0 0 0 0 0 0 0 0 0.56 0 0 0 3.44 0 0 0.82 0 0 0 0 0 0 1.4 0 0 4.71 0 0 0 0 0 0 5.16 0 0 2.61 0 0 0 0 0 0 0 0 0 0 0 0 0 0 0 0 0 0 0 0 0 0 0 0 0 0 0 0 0 0 0 0 0 0 0 0 0 0 0 0 0 0 0.87 0 0 0 0 0 0 0 0 0 5.46 0 0 0 0 0 0 0 0 0 2.18 0 0 0 0.52 0 0 1.83 0 0 0 0 0 0 1.21 0 0 1.27 0 0 0 0 0 0 2.61 0 0 2.36 0 0 0 0 0 0 0 0 0 0 0 0 0 0 0 0 0 0 0 0 0 0 0 0 0 0 0 0 0 0 0 0 0 0 0 0 0 0 0 0 0 0 0.62 0 0 0 0 0 0 0 0 0 0.22 0 0 0 0 0 0 0 0 0 0.45 0 0 0 0 0 0 0 0 0 2.59 0 0 0 0 0 0 0 0 0 4.64 0 0 0 0 0 0 0 0 0 5.02 0 0 0 0.64 0 0 1.02 0 0 0 0 0 0 1.01 0 0 0.75 0 0 0 0 0 0 0.9 0 0 0.3 0 0 0 0 0 0 0 0 0 0 0 0 0 0 0 0 0 0 0 0 0 0 0 0 0 0 0 0 0 0 0 0 0 0 0 0 0 0 0 0 0 0 1.93 0 0 0 0 0 0 0 0 0 3.7 0 0 0 0 0 0 0 0 0 6.02 0 0 0 3.41 0 0 0.3 0 0 0 0 0 0 3.3 0 0 0.33 0 0 0 0 0 0 0.99 0 0 2.79 0 0 0 0 0 0 0 0 0 0 0 0 0 0 0 0 0 0 0 0 0 0 0 0 0 0 0 0 0 0 0 0 0 0 0 0 0 0 0 0 0 0 4.52 0 0 0 0 0 0 0 0 0 0.14 0 0 0 0 0 0 0 0 0 1.43 0 0 0 4.28 0 0 2.08 0 0 0 0 0 0 2.69 0 0 0.88 0 0 0 0 0 0 0.2 0 0 1.9 0 0 0 0 0 0 0 0 0 0 0 0 0 0 0 0 0 0 0 0 0 0 0 0 0 0 0 0 0 0 0 0 0 0 0 0 0 0 0 0 0 0 1.53 0 0 0 0 0 0 0 0 0 0.69 0 0 0 0 0 0 0 0 0 0.38 0 0 
0 0 0 0 0 0 0 1.11 0 0 0 0 0 0 0 0 0 5.48 0 0 0 0 0 0 0 0 0 2.9 0 0 0 1.97 0 0 0.09 0 0 0 0 0 0 0.15 0 0 4.82 0 0 0 0 0 0 0.38 0 0 2.62 0 0 0 0 0 0 0 0 0 0 0 0 0 0 0 0 0 0 0 0 0 0 0 0 0 0 0 0 0 0 0 0 0 0 0 0 0 0 0 0 0 0 2.42 0 0 0 0 0 0 0 0 0 0.27 0 0 0 0 0 0 0 0 0 1.38 0 0 0 1.46 0 0 5.01 0 0 0 0 0 0 4.7 0 0 4.74 0 0 0 0 0 0 2.14 0 0 0.76 0 0 0 0 0 0 0 0 0 0 0 0 0 0 0 0 0 0 0 0 0 0 0 0 0 0 0 0 0 0 0 0 0 0 0 0 0 0 0 0 0 0 0.46 0 0 0 0 0 0 0 0 0 2.28 0 0 0 0 0 0 0 0 0 2.88 0 0 0 5.56 0 0 4.01 0 0 0 0 0 0 1.47 0 0 4 0 0 0 0 0 0 1.18 0 0 4.55 0 0 0 0 0 0 0 0 0 0 0 0 0 0 0 0 0 0 0 0 0 0 0 0 0 0 0 0 0 0 0 0 0 0 0 0 0 0 0 0 0 0 1.9 0 0 0 0 0 0 0 0 0 1.25 0 0 0 0 0 0 0 0 0 0.83 0 0 0 0 0 0 0 0 0 4.4 0 0 0 0 0 0 0 0 0 0.51 0 0 0 0 0 0 0 0 0 3.13 0 0 0 0.13 0 0 0.42 0 0 0 0 0 0 4.77 0 0 0.25 0 0 0 0 0 0 2.23 0 0 3.1 0 0 0 0 0 0 0 0 0 0 0 0 0 0 0 0 0 0 0 0 0 0 0 0 0 0 0 0 0 0 0 0 0 0 0 0 0 0 0 0 0 0 0.27 0 0 0 0 0 0 0 0 0 3.74 0 0 0 0 0 0 0 0 0 0.49 0 0 0 3.84 0 0 0.87 0 0 0 0 0 0 1.49 0 0 5.19 0 0 0 0 0 0 5.24 0 0 2.66 0 0 0 0 0 0 0 0 0 0 0 0 0 0 0 0 0 0 0 0 0 0 0 0 0 0 0 0 0 0 0 0 0 0 0 0 0 0 0 0 0 0 1.05 0 0 0 0 0 0 0 0 0 5.56 0 0 0 0 0 0 0 0 0 2.06 0 0 0 0.51 0 0 1.8 0 0 0 0 0 0 1.19 0 0 1.53 0 0 0 0 0 0 2.55 0 0 2.47 0 0 0 0 0 0 0 0 0 0 0 0 0 0 0 0 0 0 0 0 0 0 0 0 0 0 0 0 0 0 0 0 0 0 0 0 0 0 0 0 0 0 0.66 0 0 0 0 0 0 0 0 0 0.19 0 0 0 0 0 0 0 0 0 0.44 0 0 0 0 0 0 0 0 0 2.43 0 0 0 0 0 0 0 0 0 4.81 0 0 0 0 0 0 0 0 0 4.88 0 0 0 0.78 0 0 0.9 0 0 0 0 0 0 1.07 0 0 0.92 0 0 0 0 0 0 0.76 0 0 0.35 0 0 0 0 0 0 0 0 0 0 0 0 0 0 0 0 0 0 0 0 0 0 0 0 0 0 0 0 0 0 0 0 0 0 0 0 0 0 0 0 0 0 2.11 0 0 0 0 0 0 0 0 0 3.48 0 0 0 0 0 0 0 0 0 6.11 0 0 0 3.2 0 0 0.36 0 0 0 0 0 0 3.2 0 0 0.34 0 0 0 0 0 0 1.27 0 0 2.63 0 0 0 0 0 0 0 0 0 0 0 0 0 0 0 0 0 0 0 0 0 0 0 0 0 0 0 0 0 0 0 0 0 0 0 0 0 0 0 0 0 0 4.13 0 0 0 0 0 0 0 0 0 0.27 0 0 0 0 0 0 0 0 0 1.6 0 0 0 4.03 0 0 2.2 0 0 0 0 0 0 2.62 0 0 1.1 0 0 0 0 0 0 0.25 0 0 1.83 0 0 0 0 0 0 0 0 0 0 0 0 0 0 0 0 0 0 0 0 0 0 0 0 0 0 0 0 0 0 0 0 0 0 0 0 0 0 0 0 0 0 1.39 0 0 0 0 0 0 0 0 0 0.61 0 0 0 0 0 0 0 0 0 0.35 0 0 
0 0 0 0 0 0 0 0.82 0 0 0 0 0 0 0 0 0 5.76 0 0 0 0 0 0 0 0 0 2.95 0 0 0 1.99 0 0 0.06 0 0 0 0 0 0 0.06 0 0 4.66 0 0 0 0 0 0 0.26 0 0 2.54 0 0 0 0 0 0 0 0 0 0 0 0 0 0 0 0 0 0 0 0 0 0 0 0 0 0 0 0 0 0 0 0 0 0 0 0 0 0 0 0 0 0 2.5 0 0 0 0 0 0 0 0 0 0.28 0 0 0 0 0 0 0 0 0 1.6 0 0 0 1.4 0 0 5.1 0 0 0 0 0 0 4.76 0 0 4.54 0 0 0 0 0 0 2.09 0 0 0.45 0 0 0 0 0 0 0 0 0 0 0 0 0 0 0 0 0 0 0 0 0 0 0 0 0 0 0 0 0 0 0 0 0 0 0 0 0 0 0 0 0 0 0.47 0 0 0 0 0 0 0 0 0 2.26 0 0 0 0 0 0 0 0 0 2.74 0 0 0 5.49 0 0 3.8 0 0 0 0 0 0 1.45 0 0 3.95 0 0 0 0 0 0 1.24 0 0 4.48 0 0 0 0 0 0 0 0 0 0 0 0 0 0 0 0 0 0 0 0 0 0 0 0 0 0 0 0 0 0 0 0 0 0 0 0 0 0 0 0 0 0 1.77 0 0 0 0 0 0 0 0 0 1.32 0 0 0 0 0 0 0 0 0 0.62 0 0 0 0 0 0 0 0 0 4.46 0 0 0 0 0 0 0 0 0 0.64 0 0 0 0 0 0 0 0 0 3.34 0 0 0 0.17 0 0 0.53 0 0 0 0 0 0 4.87 0 0 0.34 0 0 0 0 0 0 2.26 0 0 3.18 0 0 0 0 0 0 0 0 0 0 0 0 0 0 0 0 0 0 0 0 0 0 0 0 0 0 0 0 0 0 0 0 0 0 0 0 0 0 0 0 0 0 0.24 0 0 0 0 0 0 0 0 0 3.82 0 0 0 0 0 0 0 0 0 0.44 0 0 0 3.51 0 0 0.94 0 0 0 0 0 0 1.45 0 0 5.16 0 0 0 0 0 0 5.05 0 0 2.72 0 0 0 0 0 0 0 0 0 0 0 0 0 0 0 0 0 0 0 0 0 0 0 0 0 0 0 0 0 0 0 0 0 0 0 0 0 0 0 0 0 0 0.95 0 0 0 0 0 0 0 0 0 5.39 0 0 0 0 0 0 0 0 0 2.18 0 0 0 0.56 0 0 1.79 0 0 0 0 0 0 1.13 0 0 1.34 0 0 0 0 0 0 2.52 0 0 2.56 0 0 0 0 0 0 0 0 0 0 0 0 0 0 0 0 0 0 0 0 0 0 0 0 0 0 0 0 0 0 0 0 0 0 0 0 0 0 0 0 0 0 0.54 0 0 0 0 0 0 0 0 0 0.19 0 0 0 0 0 0 0 0 0 0.4 0 0 0 0 0 0 0 0 0 2.33 0 0 0 0 0 0 0 0 0 4.55 0 0 0 0 0 0 0 0 0 4.96 0 0 0 0.93 0 0 0.9 0 0 0 0 0 0 0.83 0 0 0.85 0 0 0 0 0 0 0.8 0 0 0.29 0 0 0 0 0 0 0 0 0 0 0 0 0 0 0 0 0 0 0 0 0 0 0 0 0 0 0 0 0 0 0 0 0 0 0 0 0 0 0 0 0 0 2.03 0 0 0 0 0 0 0 0 0 3.75 0 0 0 0 0 0 0 0 0 5.94 0 0 0 3.08 0 0 0.35 0 0 0 0 0 0 3.26 0 0 0.36 0 0 0 0 0 0 1.31 0 0 2.76 0 0 0 0 0 0 0 0 0 0 0 0 0 0 0 0 0 0 0 0 0 0 0 0 0 0 0 0 0 0 0 0 0 0 0 0 0 0 0 0 0 0 4.46 0 0 0 0 0 0 0 0 0 0.26 0 0 0 0 0 0 0 0 0 1.58 0 0 0 4.06 0 0 2.34 0 0 0 0 0 0 2.55 0 0 0.91 0 0 0 0 0 0 0.16 0 0 1.93 0 0 0 0 0 0 0 0 0 0 0 0 0 0 0 0 0 0 0 0 0 0 0 0 0 0 0 0 0 0 0 0 0 0 0 0 0 0 0 0 0 0 1.44 0 0 0 0 0 0 0 0 0 0.58 0 0 0 0 0 0 0 0 0 0.41 0 0 
0 0 0 0 0 0 0 0.97 0 0 0 0 0 0 0 0 0 5.88 0 0 0 0 0 0 0 0 0 2.91 0 0 0 1.95 0 0 0.14 0 0 0 0 0 0 0.12 0 0 4.63 0 0 0 0 0 0 0.37 0 0 2.65 0 0 0 0 0 0 0 0 0 0 0 0 0 0 0 0 0 0 0 0 0 0 0 0 0 0 0 0 0 0 0 0 0 0 0 0 0 0 0 0 0 0 2.51 0 0 0 0 0 0 0 0 0 0.17 0 0 0 0 0 0 0 0 0 1.12 0 0 0 1.56 0 0 5.16 0 0 0 0 0 0 4.76 0 0 4.65 0 0 0 0 0 0 2.18 0 0 0.65 0 0 0 0 0 0 0 0 0 0 0 0 0 0 0 0 0 0 0 0 0 0 0 0 0 0 0 0 0 0 0 0 0 0 0 0 0 0 0 0 0 0 0.27 0 0 0 0 0 0 0 0 0 2.13 0 0 0 0 0 0 0 0 0 2.78 0 0 0 5.67 0 0 3.79 0 0 0 0 0 0 1.38 0 0 4.13 0 0 0 0 0 0 1.11 0 0 4.65 0 0 0 0 0 0 0 0 0 0 0 0 0 0 0 0 0 0 0 0 0 0 0 0 0 0 0 0 0 0 0 0 0 0 0 0 0 0 0 0 0 0 1.82 0 0 0 0 0 0 0 0 0 1.43 0 0 0 0 0 0 0 0 0 0.76 0 0 0 0 0 0 0 0 0 4.28 0 0 0 0 0 0 0 0 0 0.59 0 0 0 0 0 0 0 0 0 3.43 0 0 0 0.22 0 0 0.49 0 0 0 0 0 0 4.58 0 0 0.33 0 0 0 0 0 0 2.27 0 0 3.36 0 0 0 0 0 0 0 0 0 0 0 0 0 0 0 0 0 0 0 0 0 0 0 0 0 0 0 0 0 0 0 0 0 0 0 0 0 0 0 0 0 0 0.25 0 0 0 0 0 0 0 0 0 3.67 0 0 0 0 0 0 0 0 0 0.52 0 0 0 3.58 0 0 0.88 0 0 0 0 0 0 1.38 0 0 5.16 0 0 0 0 0 0 5.14 0 0 2.64 0 0 0 0 0 0 0 0 0 0 0 0 0 0 0 0 0 0 0 0 0 0 0 0 0 0 0 0 0 0 0 0 0 0 0 0 0 0 0 0 0 0 1.17 0 0 0 0 0 0 0 0 0 5.29 0 0 0 0 0 0 0 0 0 2.15 0 0 0 0.37 0 0 1.89 0 0 0 0 0 0 1.18 0 0 1.37 0 0 0 0 0 0 2.67 0 0 2.53 0 0 0 0 0 0 0 0 0 0 0 0 0 0 0 0 0 0 0 0 0 0 0 0 0 0 0 0 0 0 0 0 0 0 0 0 0 0 0 0 0 0 0.63 0 0 0 0 0 0 0 0 0 0.2 0 0 0 0 0 0 0 0 0 0.3 0 0 0 0 0 0 0 0 0 2.54 0 0 0 0 0 0 0 0 0 4.65 0 0 0 0 0 0 0 0 0 4.91 0 0 0 0.94 0 0 0.83 0 0 0 0 0 0 0.93 0 0 0.87 0 0 0 0 0 0 0.89 0 0 0.29 0 0 0 0 0 0 0 0 0 0 0 0 0 0 0 0 0 0 0 0 0 0 0 0 0 0 0 0 0 0 0 0 0 0 0 0 0 0 0 0 0 0 2.06 0 0 0 0 0 0 0 0 0 3.58 0 0 0 0 0 0 0 0 0 5.93 0 0 0 3.29 0 0 0.31 0 0 0 0 0 0 3.21 0 0 0.39 0 0 0 0 0 0 1.16 0 0 2.91 0 0 0 0 0 0 0 0 0 0 0 0 0 0 0 0 0 0 0 0 0 0 0 0 0 0 0 0 0 0 0 0 0 0 0 0 0 0 0 0 0 0 4.3 0 0 0 0 0 0 0 0 0 0.21 0 0 0 0 0 0 0 0 0 1.64 0 0 0 4.34 0 0 2.38 0 0 0 0 0 0 2.44 0 0 1.03 0 0 0 0 0 0 0.17 0 0 2.01 0 0 0 0 0 0 0 0 0 0 0 0 0 0 0 0 0 0 0 0 0 0 0 0 0 0 0 0 0 0 0 0 0 0 0 0 0 0 0 0 0 0 1.49 0 0 0 0 0 0 0 0 0 0.62 0 0 0 0 0 0 0 0 0 0.38 0 0 

</Matrix>
   <Matrix name="burstinessHist" type="complete" rows="1" columns="1000" multiplier="1.0">
   197 196 197 180 187 190 191 182 230 191 193 188 198 208 196 192 219 193 208 195 198 206 210 201 201 175 197 193 169 197 175 168 195 193 194 216 190 199 193 193 187 198 188 190 193 200 197 187 193 216 187 196 214 186 188 207 205 188 219 193 191 194 200 188 207 192 178 210 202 196 200 197 210 204 207 195 180 201 197 212 185 200 206 200 181 188 222 213 231 189 192 195 196 195 196 200 174 175 186 206 182 193 207 184 200 199 191 193 196 193 200 181 198 201 201 184 185 190 195 198 193 197 203 196 210 188 191 189 189 196 206 207 191 192 197 177 221 217 194 195 185 196 202 196 208 183 187 188 204 203 194 193 207 186 209 186 180 198 180 194 208 188 191 208 213 183 208 194 210 190 192 198 195 202 203 196 183 190 183 188 194 190 187 199 208 205 190 197 205 198 187 192 205 188 196 196 203 200 194 207 205 206 182 192 184 191 187 195 205 184 190 199 184 195 182 195 178 194 190 185 214 181 210 201 213 183 195 200 216 185 176 198 180 200 188 210 191 195 187 190 197 193 193 169 193 203 212 204 212 173 202 193 184 184 201 188 198 192 210 222 213 183 186 214 194 185 198 210 210 191 202 186 183 192 176 196 187 189 195 199 181 185 192 189 197 193 206 218 202 201 184 194 194 177 193 184 185 194 190 195 183 190 202 213 183 197 190 207 202 199 184 182 186 182 197 188 212 190 198 217 192 206 190 190 209 195 181 190 194 196 195 192 181 194 185 193 203 199 184 201 181 207 199 188 175 193 199 195 208 195 200 203 206 198 201 191 187 192 203 192 183 188 196 194 196 182 205 195 201 204 193 189 205 197 203 173 197 200 203 190 193 219 191 194 189 205 189 198 197 191 182 205 195 194 196 180 173 180 193 221 187 195 208 190 211 191 195 200 186 201 198 201 197 193 227 187 195 184 200 201 200 217 198 208 190 205 205 198 189 191 190 202 192 189 200 217 196 178 201 201 202 191 200 192 195 206 197 206 179 189 187 183 191 188 198 203 200 193 190 196 191 194 199 201 193 194 197 181 185 191 187 176 201 206 190 183 201 220 186 200 199 190 206 199 205 207 199 231 205 197 194 222 221 179 205 176 183 220 200 219 192 191 212 179 205 187 185 188 192 197 192 207 187 203 198 183 179 171 205 187 184 200 184 184 200 190 204 190 204 179 197 196 190 189 195 200 191 188 190 194 186 198 197 194 206 183 207 202 194 187 176 199 206 208 202 201 187 161 191 199 200 187 200 195 188 205 222 182 181 210 194 190 199 188 185 195 180 206 206 199 204 198 192 194 201 196 205 191 187 197 199 212 209 191 212 188 200 168 205 198 203 187 203 193 199 177 208 216 202 208 173 195 185 185 203 192 202 180 204 197 188 185 183 181 204 209 200 218 209 205 189 189 201 183 204 182 193 194 190 185 179 200 220 204 171 200 189 201 189 199 207 187 204 166 198 200 194 227 187 186 184 196 188 210 181 207 185 193 204 196 209 209 190 216 197 183 195 182 203 175 202 188 197 207 216 196 205 188 199 202 201 189 196 191 202 187 184 205 190 197 205 198 190 184 192 189 203 180 200 200 196 204 200 197 194 200 208 219 187 203 199 193 182 204 205 184 179 191 202 203 189 192 186 189 176 196 196 209 191 191 205 200 197 181 189 191 209 200 188 185 196 183 207 199 192 201 212 198 182 197 202 187 203 193 183 190 213 178 206 200 198 189 190 181 217 205 195 199 189 176 189 186 191 183 190 197 191 217 217 217 176 205 190 205 199 204 203 191 199 187 197 198 191 199 193 182 190 188 198 207 185 207 205 202 175 181 188 181 183 196 209 198 206 196 197 205 177 186 207 208 194 178 205 199 173 198 170 213 186 182 194 199 210 192 185 209 189 187 189 197 198 192 192 199 197 205 202 173 184 207 200 200 185 205 187 181 211 183 207 199 192 196 187 190 182 208 195 199 200 199 180 202 178 190 187 205 207 182 194 202 192 183 205 199 191 190 186 195 191 206 186 184 198 199 183 195 190 220 177 185 190 202 194 180 203 201 202 198 192 201 177 208 200 209 217 185 182 195 200 199 187 185 197 195 208 193 196 198 188 205 211 174 192 206 199 187 217 187 193 173 202 193 211 195 195 188 199 217 190 200 193 188 204 200 189 198 202 191 200 190 229 194 190 183 206 219 189 202 191 177 203 182 204 183 174 196 195 192 202 201 193 197 202 192 185 200 201 199 193 190 
</Matrix>
   <Matrix name="spikesHistory" type="complete" rows="1" columns="100000" multiplier="1.0">
   0 0 0 0 0 1 3 3 3 0 2 1 5 2 2 1 1 1 3 1 1 2 3 1 4 2 3 2 2 3 1 1 2 3 5 4 1 3 4 2 2 2 2 2 3 1 1 2 1 1 1 2 1 1 2 9 2 0 4 0 1 2 0 1 1 3 2 0 1 1 3 3 5 1 1 4 1 1 1 1 4 1 2 4 2 4 2 3 1 1 3 0 1 3 5 2 1 3 3 2 1 3 2 3 1 1 6 0 1 0 1 2 4 2 1 0 1 1 1 1 4 1 4 2 0 1 2 0 4 1 2 1 2 5 1 1 5 2 3 2 2 4 2 0 3 3 0 4 1 1 2 0 1 3 3 4 3 0 4 3 2 2 0 1 1 5 2 2 2 1 2 1 2 1 3 1 4 0 0 1 4 4 3 2 2 0 3 2 4 3 2 2 3 3 2 2 1 1 2 0 2 2 2 4 7 0 2 0 2 2 2 2 1 0 2 3 3 1 0 2 1 3 0 2 1 0 1 3 4 3 0 2 2 1 2 4 1 0 2 1 3 1 2 0 0 7 5 1 0 4 1 1 5 0 1 2 2 4 1 1 2 0 3 2 4 2 2 3 4 0 4 1 0 1 2 3 4 3 2 6 2 2 2 1 1 1 3 2 0 1 0 3 1 2 1 4 4 1 2 3 1 3 3 0 2 2 2 3 2 1 2 1 1 0 0 2 3 0 2 2 1 1 1 2 2 0 2 1 3 2 1 1 1 2 3 0 1 1 2 0 2 2 1 2 2 2 0 4 3 3 2 1 3 2 3 3 3 0 3 2 3 0 3 1 1 1 0 3 3 3 1 3 0 1 3 2 3 3 3 1 0 3 3 2 0 2 2 1 2 4 2 4 5 1 2 0 0 2 2 3 1 0 1 4 1 4 1 3 3 0 2 2 1 1 0 1 2 2 2 1 2 2 2 1 2 3 4 0 2 4 0 1 1 2 3 3 3 1 1 1 2 1 5 3 2 6 2 0 1 0 2 3 4 2 3 2 1 1 1 2 2 3 2 1 1 1 1 5 0 0 3 1 2 5 4 0 0 3 4 2 0 1 4 1 1 4 1 2 2 2 1 0 3 0 3 2 0 3 3 1 1 2 2 1 0 0 1 3 1 2 1 1 2 1 2 3 2 3 1 0 3 2 2 0 2 2 6 0 0 5 0 4 1 1 4 2 1 1 1 2 2 4 1 2 1 2 2 1 0 0 0 4 1 5 3 4 2 2 3 1 2 1 4 4 4 0 2 4 0 2 0 4 0 0 1 3 3 2 0 3 1 4 0 2 3 2 0 3 2 2 5 0 3 3 1 2 3 3 2 2 1 1 3 0 1 3 4 0 0 2 1 2 0 1 6 3 2 1 5 1 1 1 0 3 2 3 4 4 2 1 2 1 1 2 2 2 2 1 4 0 1 3 0 1 2 4 2 4 2 2 2 1 0 4 0 2 3 1 2 1 0 0 3 3 4 2 3 2 2 1 2 0 3 3 2 5 1 3 4 0 3 3 2 0 2 2 3 1 2 1 0 2 3 1 1 1 2 5 0 2 2 3 2 2 3 1 3 2 3 0 4 1 2 1 1 4 4 1 1 4 0 4 0 1 1 0 1 1 2 3 1 3 3 0 3 2 3 2 0 2 0 4 4 0 3 3 2 0 1 3 2 1 2 1 3 1 3 2 3 2 2 2 2 2 2 0 1 1 1 2 5 5 3 0 1 0 2 1 0 2 3 1 2 3 2 0 1 2 3 0 0 1 2 2 2 0 1 1 5 1 2 2 2 2 2 2 6 2 1 2 3 1 0 3 4 1 4 2 1 2 2 2 2 4 3 3 3 1 2 3 1 4 2 1 1 1 3 1 0 3 2 3 3 2 0 6 1 1 4 3 1 3 1 4 4 2 1 1 1 3 6 3 0 2 3 2 2 1 2 3 2 1 2 6 2 2 0 5 4 4 2 2 3 3 0 1 5 4 1 3 3 3 5 0 3 3 0 3 1 1 2 1 2 4 1 4 0 1 2 1 0 2 3 2 1 5 1 3 1 2 4 1 6 1 1 2 0 3 2 1 7 2 0 2 2 1 3 0 4 1 3 3 2 2 5 1 2 1 0 1 0 2 2 5 1 0 3 1 2 1 2 1 0 2 4 0 2 1 2 4 3 0 2 2 1 4 3 2 2 0 2 2 2 1 0 1 1 1 2 2 2 1 2 5 3 1 2 1 2 3 0 2 1 1 2 2 2 2 3 3 1 3 4 1 3 3 2 3 0 1 3 2 2 0 2 2 2 0 1 1 6 1 2 1 1 4 1 3 1 3 4 1 1 0 2 0 0 1 1 3 2 0 4 1 0 2 3 1 6 4 2 2 3 1 4 1 0 4 2 2 1 3 2 1 1 2 3 2 5 2 0 2 2 0 4 2 1 1 4 3 2 1 3 0 1 1 2 2 2 4 3 2 1 5 1 4 1 1 0 0 2 2 1 1 0 3 3 1 2 6 1 3 1 2 0 1 3 1 1 1 3 2 3 3 1 1 2 2 2 5 2 3 0 4 3 1 1 3 1 2 0 1 1 1 4 2 2 3 2 1 2 3 2 1 1 1 3 1 7 1 2 1 2 2 2 5 3 2 0 2 2 2 1 0 1 1 2 1 2 2 2 1 2 1 2 2 1 1 3 2 4 0 0 2 2 3 2 2 1 1 5 3 2 5 1 5 3 1 3 1 2 2 3 2 2 3 4 2 2 2 2 0 1 4 0 2 2 5 1 1 4 4 1 0 2 0 1 4 4 2 1 1 5 3 0 1 4 1 2 4 3 2 4 0 2 1 2 1 1 2 2 5 1 1 2 2 0 2 3 1 2 0 2 3 0 0 0 0 0 3 3 2 3 1 0 2 2 4 1 1 0 2 3 5 1 1 2 1 1 2 3 4 3 1 3 4 0 1 3 4 2 0 0 1 2 2 1 1 2 1 2 3 2 1 4 1 3 2 0 3 1 2 3 0 1 0 1 0 2 4 2 3 2 1 0 5 2 4 2 3 2 0 4 4 4 4 1 0 1 2 2 2 1 3 3 2 2 5 2 2 6 1 1 1 2 1 0 4 1 1 0 4 2 4 1 7 3 2 2 4 3 1 4 2 4 0 0 3 0 4 1 4 4 3 1 4 0 1 0 2 2 3 3 1 0 2 2 2 4 2 2 3 0 0 4 1 3 0 2 2 4 4 4 1 0 3 1 0 3 1 1 3 0 2 3 0 2 2 4 1 1 3 2 1 2 3 2 1 2 3 1 1 2 4 2 4 0 2 2 3 3 1 2 2 0 1 0 2 3 3 0 4 1 0 0 3 3 2 3 4 0 0 3 0 2 0 5 0 1 1 1 4 3 0 2 2 1 2 0 3 1 2 4 2 1 2 1 1 5 3 3 3 1 1 2 4 3 3 0 2 2 3 2 4 0 3 4 1 4 0 0 2 2 3 0 2 2 0 3 2 3 1 3 2 2 1 2 4 2 2 3 3 4 3 2 1 2 3 2 1 1 2 1 1 2 5 3 1 2 3 3 0 2 1 2 0 1 2 1 0 2 1 5 3 2 3 2 5 2 2 0 2 1 4 0 1 3 1 3 2 4 2 1 6 2 3 2 0 1 3 1 5 0 4 1 2 5 4 0 4 1 0 3 7 3 3 2 2 1 2 2 2 0 2 0 1 1 2 2 2 2 5 2 0 3 6 2 1 1 1 4 2 2 1 3 0 4 2 2 2 2 1 3 1 2 2 3 2 1 0 3 5 1 3 2 2 4 3 1 1 1 1 3 4 2 4 1 0 3 2 2 3 1 3 2 2 4 2 2 1 5 1 3 0 3 2 5 1 1 1 0 0 2 0 2 2 1 2 3 2 3 4 2 4 1 1 1 1 3 1 0 1 1 1 1 3 1 3 1 1 3 3 5 3 2 1 1 3 0 2 3 1 2 2 1 2 2 2 0 1 2 1 2 1 2 0 5 3 1 2 6 1 3 4 0 1 2 4 1 0 2 2 2 1 2 2 5 2 2 4 3 2 3 0 1 4 2 3 3 2 3 2 1 4 3 1 1 1 2 3 2 3 0 1 4 1 2 3 2 3 2 4 1 2 7 0 3 3 2 1 0 0 3 1 0 2 3 2 4 1 1 3 4 1 2 0 0 6 4 1 0 2 1 2 0 3 1 2 2 1 2 1 4 1 2 2 1 4 2 1 2 5 1 1 2 2 2 3 3 1 3 0 5 4 2 2 2 2 2 0 3 1 1 3 3 2 1 4 5 2 0 2 1 1 1 2 2 1 1 4 1 1 3 2 1 1 3 2 1 1 1 1 0 1 6 1 2 0 2 1 1 2 5 4 2 1 3 1 1 1 2 4 0 1 3 1 3 2 4 3 0 3 2 1 2 3 3 2 3 0 4 4 4 1 2 3 2 2 2 1 1 1 3 1 2 1 1 1 2 1 1 3 4 1 2 6 0 4 3 0 4 2 1 2 4 2 3 0 1 2 3 3 1 3 2 1 0 0 0 2 3 1 4 2 5 2 3 2 3 1 0 3 2 0 5 1 2 4 0 1 1 0 3 2 2 0 1 1 1 4 2 1 3 4 1 2 1 2 3 1 2 1 2 3 3 2 3 0 3 1 1 4 1 1 2 1 2 4 2 1 1 3 2 0 1 2 2 2 4 3 0 5 5 3 2 3 2 3 0 1 3 3 2 3 1 2 2 1 3 1 4 4 0 0 3 1 1 1 2 1 3 1 0 4 1 4 1 2 2 3 3 4 0 0 2 1 2 5 4 1 2 1 0 0 5 3 2 1 3 3 3 2 1 2 2 0 2 2 1 3 3 1 1 3 2 3 1 1 2 2 2 1 1 2 3 1 2 4 2 1 1 2 6 4 1 4 3 1 0 3 1 1 3 4 1 0 1 3 5 1 1 1 5 1 3 3 2 1 1 0 3 2 0 2 3 2 1 0 2 1 1 3 1 5 3 2 3 1 4 3 2 2 3 2 4 4 1 0 1 1 2 1 3 2 1 2 1 1 2 1 2 0 2 1 3 3 2 2 0 3 3 2 3 3 3 4 2 2 3 5 1 4 1 4 1 1 1 1 1 6 2 0 6 4 1 4 3 3 1 1 3 1 3 5 0 2 2 2 2 2 2 4 0 7 1 2 0 4 1 3 0 0 1 1 2 1 3 4 1 2 3 3 2 3 3 3 1 1 2 0 4 1 2 1 2 4 1 2 0 4 3 1 1 1 3 1 0 0 2 2 1 3 3 3 0 0 3 4 1 3 1 3 1 2 1 3 4 4 1 1 1 4 1 1 2 2 2 2 1 4 3 2 1 2 2 1 5 1 2 3 0 2 3 0 2 3 1 2 1 4 1 3 1 1 3 3 3 5 1 3 2 3 2 2 0 3 1 1 1 0 1 3 4 1 2 0 1 5 1 0 4 1 2 2 3 5 1 3 3 2 3 1 1 1 2 1 2 5 1 1 2 2 2 1 2 1 3 1 2 2 2 2 0 2 3 2 0 4 1 1 2 1 5 1 1 5 3 2 1 3 4 1 2 1 4 3 4 0 2 2 1 2 3 1 2 2 2 0 1 2 1 3 1 2 2 2 0 2 2 2 3 2 2 0 3 1 3 2 1 0 0 1 2 8 1 2 0 0 2 1 1 3 5 0 1 6 1 1 1 1 2 2 1 1 1 0 3 2 1 1 1 3 4 1 1 0 2 4 1 1 2 0 3 0 0 3 1 1 4 1 2 2 4 2 1 3 2 3 1 3 2 0 2 1 3 1 3 1 2 3 0 2 3 1 0 3 0 1 2 1 1 5 5 3 0 2 0 1 1 4 1 1 0 3 1 4 3 2 2 1 0 3 1 3 2 2 0 2 3 1 2 1 2 1 2 0 2 2 6 0 2 3 1 1 3 3 3 1 1 2 4 3 2 2 3 1 4 0 1 2 2 1 4 1 2 2 4 2 1 2 3 2 1 3 7 1 2 2 3 3 0 2 3 3 0 1 4 4 2 0 1 1 2 1 5 2 2 3 1 0 1 2 2 1 1 3 2 4 1 0 1 4 3 3 3 2 2 1 2 0 3 1 4 1 1 1 2 2 2 1 2 1 2 2 1 2 1 3 0 4 2 4 0 2 0 0 3 1 4 4 1 3 2 2 3 4 3 2 3 1 1 2 0 0 3 1 4 3 2 0 3 5 2 3 0 1 3 2 2 1 1 3 2 0 1 2 1 2 4 3 2 0 0 0 1 4 1 1 0 3 1 1 4 0 1 2 0 1 0 1 0 2 4 1 3 4 4 1 1 3 1 1 1 4 1 2 1 1 2 1 0 3 1 2 1 2 2 2 3 2 0 2 3 1 2 2 2 3 1 1 1 2 3 2 0 0 0 4 2 2 2 2 3 3 0 4 3 1 0 4 5 2 2 3 2 2 3 1 1 0 1 0 0 3 2 2 4 2 0 0 2 3 4 0 2 0 2 2 2 2 2 0 3 3 4 2 3 3 1 3 0 2 0 2 3 5 3 1 0 0 4 1 0 5 1 3 2 2 2 2 3 1 1 3 3 0 2 2 3 0 3 0 1 3 5 2 1 1 1 1 4 3 4 1 3 1 3 3 2 1 0 0 3 1 0 3 3 1 1 1 1 0 4 3 3 0 1 3 4 1 1 4 3 4 2 4 0 1 3 0 3 3 3 1 2 0 0 1 3 1 3 2 2 3 0 1 0 6 2 0 2 4 0 0 1 1 3 4 3 0 2 2 1 2 0 3 1 2 1 3 2 3 2 0 2 0 2 2 3 1 1 3 2 3 4 0 2 4 0 1 1 1 0 3 3 0 4 0 1 1 1 3 1 0 4 3 1 1 2 3 5 1 1 2 1 0 2 1 1 2 3 1 2 2 1 2 3 3 1 0 2 3 2 2 0 1 1 2 1 4 0 0 1 5 4 2 1 2 0 3 1 1 1 2 2 2 2 0 2 1 2 2 2 0 0 4 2 1 1 2 3 5 3 1 1 0 1 2 4 1 2 1 0 1 1 2 3 1 1 1 2 3 2 0 4 3 0 3 1 1 3 2 2 1 1 2 2 2 3 0 1 0 2 2 2 1 1 1 2 1 2 2 4 1 0 3 0 3 1 2 2 0 0 1 1 1 1 2 1 3 0 2 7 1 3 3 1 0 1 1 0 0 1 2 3 2 5 1 3 2 0 3 2 1 4 3 3 3 3 1 1 1 2 1 3 2 1 2 2 3 1 2 4 1 1 1 2 4 5 2 1 1 2 0 3 2 2 1 4 2 1 3 0 3 1 2 4 1 3 1 1 2 4 1 2 3 3 4 2 1 5 2 0 1 0 1 2 5 1 4 3 1 0 1 3 3 2 1 2 1 4 2 1 1 3 0 2 3 2 1 1 3 2 1 0 3 1 2 3 3 1 1 1 3 1 4 2 3 1 3 2 0 1 1 1 1 2 4 5 0 1 2 1 2 3 0 1 3 3 2 1 1 2 0 1 2 0 3 3 7 1 1 1 2 3 2 3 4 3 0 4 2 0 1 4 2 0 1 1 6 1 3 3 2 2 2 2 2 4 1 1 1 0 2 4 3 3 0 3 1 5 0 0 3 1 3 2 1 0 5 1 1 2 2 2 5 2 0 2 1 1 1 2 0 4 5 1 2 3 1 0 1 0 4 3 0 1 0 2 2 2 2 1 0 1 4 2 1 0 0 1 2 1 3 3 1 3 2 4 3 4 5 5 1 1 0 4 2 1 4 0 3 5 3 3 3 2 1 3 2 1 2 1 2 1 2 4 2 0 2 3 1 4 3 3 1 1 2 3 1 1 3 0 3 0 2 2 3 2 3 5 1 5 2 0 2 4 2 4 3 3 1 2 5 3 2 1 0 4 0 2 3 3 5 1 0 1 2 2 3 1 1 1 0 2 2 3 3 1 2 3 5 1 2 1 4 3 4 2 1 2 2 3 1 1 3 3 1 1 2 2 3 4 3 3 4 2 2 0 2 3 2 4 0 2 0 2 3 0 2 3 1 3 4 2 4 2 2 1 1 0 0 2 4 4 3 1 1 5 1 3 3 2 0 1 2 0 3 0 0 0 1 2 0 4 3 2 3 1 4 0 4 0 0 1 2 0 0 2 1 2 5 0 5 0 3 2 4 1 2 4 2 3 2 3 1 2 0 1 4 1 1 1 3 2 4 2 2 1 2 1 1 1 5 0 5 2 0 4 3 2 2 1 1 2 1 1 2 3 0 1 1 2 3 3 0 1 4 2 4 3 3 0 1 2 0 3 2 3 1 4 1 3 1 1 3 3 0 2 2 1 1 1 2 2 2 1 1 1 5 4 2 1 3 0 1 4 2 0 2 2 1 2 3 2 1 3 1 3 0 3 3 0 0 0 2 5 2 0 0 5 4 1 2 1 4 1 3 4 2 0 4 2 5 2 3 1 2 1 2 0 3 2 1 2 0 3 3 2 6 3 3 0 2 0 2 2 0 1 0 1 5 1 3 2 3 2 0 1 1 1 3 2 4 1 3 0 0 0 1 2 1 2 0 4 4 2 4 2 2 1 1 2 1 1 1 1 4 1 1 1 2 3 1 1 4 2 1 3 3 2 1 2 3 2 0 2 2 2 3 3 7 0 1 2 3 4 2 3 3 2 2 0 0 3 5 1 1 0 2 3 2 5 0 2 3 6 1 1 2 2 3 0 1 2 2 3 0 2 4 0 1 5 4 3 3 3 1 3 4 3 2 0 4 1 4 0 1 1 3 4 0 2 1 2 2 2 0 1 2 2 0 1 2 2 1 2 2 0 2 3 3 3 3 4 0 4 1 0 3 2 2 2 3 1 3 0 2 2 4 1 2 0 1 1 1 3 1 3 1 1 0 2 4 5 1 1 1 2 3 0 1 3 2 1 4 3 0 0 5 1 2 3 2 1 1 1 1 1 0 1 1 1 1 3 1 1 4 0 0 1 1 2 3 3 1 6 1 4 2 4 2 4 2 0 0 1 2 4 2 2 4 0 3 5 0 4 1 2 2 1 2 3 1 1 2 2 2 0 3 2 2 1 3 3 3 1 2 3 0 7 0 0 4 1 1 2 3 0 1 2 2 1 1 1 1 4 1 2 1 1 6 2 3 3 0 1 3 0 2 1 3 2 0 1 1 1 2 2 6 3 2 3 0 3 1 3 3 1 0 3 2 4 3 2 2 2 1 3 2 2 0 2 2 3 2 1 1 1 1 3 4 4 5 3 4 0 5 0 1 2 3 1 0 1 4 2 2 2 5 2 1 4 1 3 4 0 1 0 2 2 4 2 3 2 1 1 2 2 1 0 1 1 3 2 6 1 3 1 1 2 2 5 2 0 0 1 0 0 1 0 6 6 0 3 5 2 2 1 1 3 4 2 2 1 1 1 2 1 1 2 3 0 0 1 2 2 1 1 4 1 0 1 1 3 0 4 2 3 3 2 1 3 2 4 3 1 1 0 6 2 2 2 3 2 2 1 1 2 4 2 2 1 1 3 2 1 0 4 1 0 0 3 1 3 1 0 3 2 1 3 5 1 1 1 1 0 1 2 1 1 2 3 3 3 2 2 1 1 1 2 3 1 3 2 4 1 3 0 2 3 5 0 0 4 3 1 1 3 2 0 2 3 4 4 1 1 1 1 1 0 3 2 0 3 2 2 3 1 2 3 1 4 1 2 4 1 0 2 1 0 2 3 3 1 4 0 2 1 1 6 1 1 2 1 2 1 2 2 1 2 3 2 1 3 4 0 3 1 1 2 2 1 1 1 2 2 1 0 3 1 2 0 5 2 1 1 3 4 2 0 1 1 1 4 3 0 1 2 5 2 4 1 4 1 4 3 1 1 3 1 2 4 1 0 2 0 1 2 3 2 3 4 0 2 4 2 1 4 3 0 2 1 0 2 0 0 3 2 2 2 4 2 0 3 2 4 1 4 2 1 1 3 2 2 1 4 1 2 2 0 1 2 6 2 2 3 1 1 1 2 2 0 2 2 3 5 0 3 2 2 3 2 0 1 2 0 2 1 2 1 3 2 1 4 1 3 3 2 2 3 0 1 4 2 2 3 1 1 2 7 1 3 3 5 1 1 3 2 2 3 3 1 1 1 5 4 1 0 3 3 3 1 0 3 3 1 0 3 1 1 3 2 1 3 2 4 1 1 2 1 0 3 0 3 3 1 2 2 3 5 1 2 4 1 0 2 2 0 3 2 2 2 0 0 1 3 2 1 0 2 1 3 1 1 2 3 2 0 5 1 1 3 1 1 4 2 1 0 4 1 2 2 1 2 5 3 1 1 4 4 2 1 3 1 2 1 2 3 3 3 1 2 1 0 2 0 3 2 1 0 1 5 2 0 5 1 3 1 1 2 1 1 4 4 5 4 0 2 0 1 1 2 3 2 2 4 5 1 1 1 2 1 3 2 0 1 2 2 4 0 0 0 3 1 3 2 3 3 1 1 2 5 1 4 1 2 2 2 2 1 2 1 2 2 0 3 2 2 2 3 2 6 2 1 0 1 1 3 1 1 3 2 2 3 1 3 4 2 1 1 2 2 2 2 3 1 1 2 1 2 2 1 1 1 0 1 1 5 4 0 0 2 1 4 3 0 4 5 2 1 1 1 2 3 2 2 1 3 1 2 1 2 0 1 4 3 2 1 1 0 4 1 2 2 2 1 2 1 2 2 1 4 1 2 2 4 1 2 2 4 0 3 4 2 3 4 1 4 0 1 1 5 1 4 1 2 4 2 3 2 0 2 2 4 1 0 2 2 3 1 1 3 3 2 2 1 1 3 1 3 0 3 1 2 3 2 1 0 2 0 3 3 3 2 2 1 2 1 3 3 2 2 0 2 4 1 0 1 0 2 2 0 0 2 3 1 0 1 1 3 3 8 2 1 3 0 3 2 2 3 2 2 1 2 2 0 4 0 1 4 3 2 3 4 4 2 2 1 1 1 4 2 5 2 0 1 1 2 3 3 2 1 4 2 2 2 1 0 2 4 5 3 0 8 2 1 1 4 3 4 3 3 2 1 2 1 4 2 1 3 3 0 2 1 2 2 2 0 1 1 3 1 3 5 0 2 1 5 2 0 4 6 2 1 3 0 1 2 3 2 3 1 1 3 2 1 1 0 3 2 4 2 2 0 0 1 1 2 4 1 3 2 1 4 2 0 1 1 0 2 4 2 2 1 0 4 1 2 1 2 2 3 0 0 4 2 1 3 2 1 3 2 1 1 1 3 3 0 2 3 2 3 1 1 4 1 0 2 2 1 5 2 1 0 2 0 1 2 4 2 2 2 2 5 2 2 1 2 2 3 4 4 1 1 1 0 1 2 1 0 3 6 2 0 2 3 1 4 1 1 2 1 1 2 2 4 1 2 2 2 2 2 3 2 0 1 1 3 1 4 2 2 2 0 3 3 3 1 2 0 1 2 5 0 1 2 3 2 0 1 3 4 2 3 2 0 2 3 4 2 2 3 1 0 1 2 2 3 4 2 0 1 2 1 3 2 2 0 4 3 2 3 1 1 3 0 2 2 3 2 2 1 2 4 1 3 1 3 4 0 1 0 5 4 3 1 2 2 1 3 2 1 3 3 1 1 1 0 3 0 3 0 4 3 2 3 2 2 3 2 8 1 1 0 1 4 3 2 2 2 3 3 0 0 1 1 1 5 5 3 1 0 3 3 2 3 0 2 2 5 1 1 1 3 2 2 2 4 0 1 4 3 3 2 2 1 1 4 1 0 4 5 2 3 2 3 0 1 0 5 2 2 0 1 3 3 1 2 3 1 2 2 1 1 1 3 2 4 2 4 1 2 2 4 4 3 0 3 1 2 2 1 2 1 3 3 1 1 1 1 1 0 3 1 1 3 3 0 0 2 2 1 1 2 1 3 1 2 4 3 1 1 3 1 0 2 5 2 0 2 1 2 1 1 4 3 1 3 2 2 2 0 3 4 1 3 1 2 1 5 3 3 2 1 1 0 1 0 2 1 2 1 4 2 5 1 2 1 0 1 4 2 3 2 3 2 1 2 2 0 1 2 3 2 2 4 2 0 5 0 0 3 1 1 2 1 6 4 1 1 3 3 2 4 2 3 1 2 2 0 0 1 3 0 2 0 3 3 2 1 2 4 2 4 1 1 3 1 0 3 1 0 2 2 3 2 1 2 2 3 1 5 2 1 2 3 2 1 2 3 1 2 2 0 4 1 5 1 1 2 1 2 2 1 1 3 3 3 1 0 2 2 2 0 3 1 0 0 2 3 1 0 5 3 4 2 2 1 1 2 0 1 1 2 1 4 2 3 3 0 1 5 0 0 1 0 1 3 3 0 1 5 3 5 0 2 2 2 2 2 2 0 2 0 2 4 5 5 0 6 3 1 3 0 2 4 1 3 1 0 3 3 1 1 3 1 3 2 0 6 4 2 4 0 2 2 1 3 0 2 3 2 3 4 2 2 2 3 2 3 2 1 1 1 1 3 0 5 3 1 2 2 2 3 2 1 2 2 3 1 2 0 3 2 2 0 2 2 0 3 2 4 2 1 0 2 2 3 2 0 3 0 2 2 3 2 5 0 1 1 5 3 2 2 1 4 1 0 0 1 6 3 1 2 3 2 2 0 1 2 0 0 3 2 2 0 0 1 2 2 6 1 2 2 0 6 1 3 3 2 1 1 0 5 2 5 1 1 5 3 2 4 0 2 2 4 2 1 4 1 3 1 3 3 0 7 4 3 2 2 2 1 2 2 0 4 2 6 1 3 1 1 0 2 5 0 1 4 1 3 5 1 0 2 2 1 1 3 1 0 0 0 2 4 2 3 2 3 2 5 2 1 0 2 1 1 1 2 1 3 2 2 2 2 3 2 3 2 2 1 1 0 2 2 2 4 0 2 2 1 0 1 5 5 4 0 2 1 2 2 2 1 2 2 3 4 3 0 1 1 1 3 1 3 0 3 3 0 0 0 1 4 1 3 5 1 2 2 2 2 1 3 1 3 1 5 2 4 0 2 5 3 2 1 1 3 4 3 1 1 1 3 2 1 3 1 1 1 1 3 1 3 4 1 4 1 4 4 2 1 3 1 3 3 1 2 2 2 2 1 2 2 4 2 2 3 3 0 4 1 2 5 3 1 2 2 4 5 0 1 3 1 1 1 2 4 2 1 3 2 0 5 2 2 3 0 3 3 2 3 0 3 5 0 2 2 1 1 3 2 2 1 3 4 4 1 1 2 0 3 3 1 3 0 2 3 1 1 2 1 0 2 1 1 0 2 0 3 2 2 1 1 5 0 1 1 0 0 4 5 6 0 4 0 1 3 1 1 3 0 3 6 4 2 1 4 2 2 4 1 1 6 2 2 3 3 1 0 3 1 2 1 0 2 2 2 1 0 6 3 1 3 1 0 1 3 2 1 1 3 1 3 1 5 2 2 1 0 0 2 2 2 0 2 3 1 2 6 1 0 4 2 1 3 0 3 1 1 3 3 3 2 1 1 0 1 1 0 1 2 3 1 5 2 3 2 2 1 2 3 1 1 2 2 0 3 3 1 4 0 3 2 2 2 1 1 1 6 1 2 1 1 1 1 4 1 2 0 4 3 3 0 3 2 0 3 1 3 2 1 2 1 3 2 2 2 1 6 2 2 2 1 2 0 0 1 5 3 1 1 1 3 0 1 3 0 4 3 1 2 4 3 1 1 3 3 2 4 1 0 2 2 2 2 5 3 1 7 2 2 2 3 1 1 2 3 0 4 2 4 1 1 2 3 2 0 3 1 3 4 2 2 3 1 2 2 2 0 1 1 0 2 5 1 2 3 1 1 1 1 1 1 4 1 1 2 1 1 0 6 2 3 2 4 0 1 3 0 0 1 2 3 4 1 2 1 3 0 1 1 0 6 1 3 3 1 3 0 2 3 2 5 2 0 3 2 2 2 1 4 1 0 4 1 3 0 5 1 2 2 4 3 2 2 3 1 1 2 3 2 1 0 1 4 4 2 3 1 5 1 4 2 0 1 0 2 1 4 3 1 1 2 2 2 3 1 4 3 2 2 2 4 1 0 0 0 3 1 1 2 0 2 3 1 1 2 2 4 3 2 2 4 0 3 2 2 5 4 1 1 2 2 0 2 0 2 0 5 1 0 3 1 5 0 0 2 2 2 1 2 2 0 0 0 2 4 3 4 0 3 0 0 2 1 1 2 1 1 2 3 4 0 3 2 4 1 2 0 2 1 4 2 3 0 1 0 1 3 2 1 5 2 1 1 1 2 4 4 2 2 0 2 3 1 1 0 2 2 3 2 3 4 3 5 1 2 2 1 2 5 1 2 3 3 3 2 2 2 1 0 1 3 2 4 3 1 1 7 1 2 1 1 3 2 1 3 2 1 0 2 2 1 1 0 0 5 2 0 2 1 5 3 1 1 2 4 3 1 4 0 3 1 0 1 1 4 2 7 1 3 3 2 0 1 0 3 4 3 1 3 2 4 4 0 0 1 0 2 3 2 1 1 0 2 1 6 3 3 3 1 4 0 3 0 2 2 3 3 5 4 1 1 3 2 2 1 2 3 1 3 1 1 1 0 2 2 3 0 1 0 2 2 2 4 2 3 0 2 1 1 2 3 1 2 2 3 0 4 2 2 2 0 1 6 2 0 2 3 4 5 4 3 1 1 3 0 2 2 3 2 2 3 0 2 3 3 0 2 3 2 2 1 0 4 2 0 3 6 1 2 2 1 0 0 0 3 0 3 4 0 3 1 0 0 1 2 7 0 4 1 3 3 2 1 3 1 1 1 5 2 3 4 0 2 1 0 2 3 4 0 0 0 1 1 1 3 2 4 2 2 2 2 1 2 1 5 2 2 4 0 0 1 2 2 1 1 1 1 3 2 1 2 1 1 1 0 2 0 4 6 0 1 2 1 2 1 3 1 3 1 0 4 3 2 3 3 1 1 3 3 3 1 1 3 1 1 2 1 0 2 2 1 3 2 1 1 1 2 1 3 0 3 1 4 1 1 1 2 3 2 4 5 0 0 1 3 3 0 2 2 4 2 8 4 3 3 0 0 3 1 1 0 2 3 1 3 2 4 2 3 3 2 1 4 4 2 1 0 0 1 2 3 2 2 3 4 2 2 4 1 2 1 3 2 3 3 1 1 2 3 2 3 1 2 1 1 3 2 0 3 2 3 0 3 5 1 1 2 3 3 0 4 1 0 5 2 1 1 1 3 2 3 1 1 2 2 2 4 5 2 1 2 1 3 0 3 1 2 2 3 2 1 2 0 1 2 1 5 2 3 4 0 1 2 5 0 3 4 3 3 1 2 2 5 3 1 3 2 1 4 0 3 2 0 1 0 4 1 0 3 1 2 2 2 2 3 4 0 0 1 3 0 1 2 3 3 1 3 1 3 2 4 0 2 1 4 1 0 3 1 2 2 2 2 2 2 3 3 2 2 3 2 2 1 1 3 3 2 0 2 1 1 3 1 2 3 3 1 1 2 4 2 4 3 0 1 1 3 1 1 3 2 2 6 4 3 3 3 2 2 1 2 3 2 0 1 0 3 2 2 1 2 3 1 3 0 1 3 0 2 1 4 4 0 1 4 2 1 1 3 0 4 4 3 3 0 1 1 0 0 2 4 2 2 5 2 2 4 1 3 1 3 0 1 4 0 0 2 0 5 2 2 1 3 3 1 2 3 2 3 0 2 1 1 4 1 4 2 0 2 0 3 3 3 1 1 5 3 2 1 1 0 3 1 4 1 4 2 1 0 1 2 1 1 3 2 0 3 2 5 0 1 1 4 3 1 2 3 0 1 2 3 2 3 1 2 2 4 2 1 2 1 3 4 3 3 2 3 2 4 2 1 0 0 6 2 4 0 4 0 3 3 0 1 2 1 0 1 2 0 1 3 1 1 2 2 0 2 2 0 1 1 4 0 3 1 3 0 2 2 3 1 2 4 0 2 0 5 0 4 4 1 0 2 1 0 4 2 3 2 3 3 2 1 4 2 1 3 2 5 0 1 3 1 2 1 1 4 2 2 4 2 0 2 4 0 2 1 0 2 7 2 2 1 2 3 4 3 1 1 3 2 3 3 3 1 2 1 0 2 3 3 1 1 1 4 4 2 1 1 1 1 3 2 1 4 1 0 4 3 1 3 1 5 5 2 2 3 2 0 3 0 3 4 2 1 4 1 4 0 2 3 4 2 1 2 1 0 1 3 6 0 2 4 1 1 2 1 3 3 0 2 1 3 3 3 3 2 2 0 5 4 1 3 3 1 2 3 0 1 1 2 1 2 1 2 2 1 4 1 3 2 2 5 2 3 1 1 5 2 2 3 2 1 1 1 1 5 0 4 2 1 3 5 2 0 1 2 1 4 2 4 5 3 7 1 1 1 1 1 3 1 1 1 1 2 2 2 4 3 3 2 0 1 4 1 2 1 1 4 1 6 2 3 1 1 0 2 2 5 1 0 0 2 0 7 1 2 1 2 2 2 3 1 1 2 1 2 2 1 2 2 1 5 6 3 4 1 2 2 2 2 3 2 0 0 0 1 4 1 2 2 0 2 4 2 0 1 2 4 0 0 3 4 0 5 2 1 0 1 0 1 2 6 5 1 0 0 3 1 2 2 4 2 2 1 3 1 1 3 3 3 3 1 3 1 2 1 1 4 4 1 1 2 1 2 3 6 0 4 3 2 1 1 4 2 0 2 2 2 2 2 2 1 3 2 2 1 3 0 4 0 3 2 6 2 2 3 2 2 4 1 1 6 3 0 2 1 0 1 2 2 1 0 0 2 3 5 4 1 1 1 2 0 0 1 2 2 2 1 3 0 3 0 2 3 1 4 2 2 3 0 2 3 2 3 1 1 2 3 0 2 3 2 2 3 3 3 1 1 3 2 1 1 4 1 3 3 1 1 0 2 2 6 0 1 0 2 1 3 2 2 2 3 2 2 1 5 2 2 1 2 1 3 2 1 3 3 6 2 1 1 2 0 2 3 1 2 3 1 2 3 3 5 1 3 2 0 3 1 3 4 3 3 0 1 1 2 2 1 2 1 0 1 0 2 4 3 2 1 2 1 1 4 2 2 1 4 1 1 0 0 2 1 2 2 1 3 4 1 4 2 2 1 1 3 2 3 0 4 2 0 2 0 3 1 3 1 3 2 2 0 1 0 3 1 3 3 2 1 3 3 0 4 3 3 0 1 1 7 1 0 2 1 3 1 2 1 0 2 3 0 4 2 2 0 0 4 0 3 3 1 1 0 1 0 4 3 0 0 5 1 1 0 3 4 3 1 2 1 3 0 2 2 6 3 4 0 1 0 0 4 2 3 3 2 3 2 1 3 1 4 2 1 4 0 5 1 1 0 3 0 0 2 0 3 2 5 1 5 4 1 2 3 1 4 4 1 2 1 2 2 4 2 2 1 1 3 2 1 1 0 3 3 4 0 1 2 2 3 1 0 4 6 1 0 3 0 3 2 2 4 5 4 0 7 1 0 2 1 4 1 1 1 3 1 0 0 0 2 1 3 3 0 2 3 5 1 1 4 2 0 4 2 0 2 2 0 1 3 1 1 0 3 3 2 6 2 2 0 2 1 2 2 0 0 2 3 1 3 0 2 2 0 4 1 2 2 3 3 3 3 3 3 1 3 1 3 5 1 2 2 1 1 4 4 0 1 1 1 1 4 1 2 3 4 4 0 0 1 2 0 2 1 3 1 2 4 2 2 2 1 4 2 1 2 1 2 3 2 1 1 3 1 3 0 1 8 3 2 2 2 3 0 0 3 5 2 1 3 2 3 0 2 1 6 3 1 2 1 1 3 2 0 4 5 3 2 1 3 0 1 1 2 4 2 2 0 3 2 3 2 2 2 4 3 2 3 3 4 2 1 0 1 3 3 1 2 2 5 0 1 5 4 1 1 1 3 2 1 1 1 1 3 3 2 3 1 3 3 1 2 2 2 1 2 2 2 0 2 0 7 1 3 2 2 2 3 1 1 2 0 4 3 1 1 3 2 1 0 2 2 1 2 3 1 1 2 1 0 0 4 0 1 3 1 1 2 1 4 3 3 3 3 1 1 1 2 1 7 0 2 2 1 1 1 2 1 3 3 2 3 3 1 0 2 2 3 6 3 1 1 2 1 0 2 1 2 0 3 1 0 0 3 1 3 5 0 1 0 1 2 3 2 2 2 3 2 1 1 4 3 0 3 2 2 4 1 2 3 1 3 0 3 3 1 0 2 0 1 2 5 2 2 2 2 2 3 2 3 2 4 1 0 2 1 2 3 2 0 4 1 1 3 3 3 0 3 1 1 1 3 2 2 5 0 4 1 0 3 5 1 2 3 2 2 1 6 2 2 2 3 0 3 2 3 1 2 1 4 0 4 1 0 2 1 2 1 2 1 4 0 5 0 4 3 3 2 0 2 3 0 3 1 0 3 3 2 5 1 4 2 2 4 1 2 0 0 2 2 2 2 1 4 3 4 1 1 1 0 0 4 0 2 5 0 2 4 1 2 2 0 2 1 1 4 1 2 3 1 6 2 1 1 3 2 1 2 2 1 3 2 3 1 1 3 6 1 3 1 2 3 2 0 6 1 2 4 4 1 5 2 1 1 0 1 3 4 2 2 1 2 4 1 5 0 2 1 3 0 1 3 1 6 2 1 3 1 2 3 2 3 2 4 1 4 2 0 3 2 1 1 3 1 2 2 0 1 3 3 2 3 3 1 0 3 3 1 4 1 0 1 3 1 3 0 5 1 3 3 2 1 3 3 1 0 2 1 0 5 1 2 5 1 4 1 4 2 0 2 3 1 1 4 4 0 0 2 0 2 2 2 3 1 2 0 2 1 2 1 6 0 2 3 2 1 5 0 2 0 0 3 5 1 1 2 3 1 2 1 0 3 3 2 2 2 0 2 2 5 1 1 2 4 2 1 1 2 1 3 1 0 1 0 1 5 0 0 0 3 2 3 2 4 3 2 0 1 3 1 5 1 2 3 2 1 1 2 3 3 0 0 2 0 3 3 0 0 0 6 3 1 5 2 2 1 1 0 0 2 2 2 4 5 1 3 0 1 0 2 2 0 2 2 3 2 1 1 1 2 0 2 3 0 3 3 1 0 2 0 1 1 1 2 4 1 1 2 2 3 3 4 2 2 1 3 1 2 1 1 1 2 4 7 1 1 2 1 3 3 1 2 2 2 3 3 1 1 3 1 0 1 2 2 2 1 3 2 1 2 2 0 4 2 3 4 2 1 1 0 1 3 2 3 2 3 0 2 3 4 1 2 2 2 2 2 1 4 2 1 1 1 5 2 5 5 2 2 3 2 0 3 3 4 0 1 2 2 3 1 1 1 3 2 1 4 0 1 0 3 2 1 2 3 2 6 1 1 2 2 0 6 2 3 1 1 2 3 4 3 1 2 0 3 3 2 5 3 2 3 1 3 1 3 1 1 3 3 4 2 2 2 3 2 4 1 1 1 4 4 1 1 3 6 1 2 2 3 0 2 1 2 3 2 4 3 4 2 1 2 2 0 1 7 1 2 2 0 2 3 2 1 2 5 3 0 0 4 1 2 3 3 1 1 4 1 4 1 0 1 3 1 1 3 2 5 0 6 2 1 4 1 1 2 2 1 6 2 3 0 2 2 3 1 4 3 3 2 2 3 5 1 4 2 3 2 1 2 1 0 2 1 1 2 4 2 2 0 1 1 2 1 0 3 4 3 1 5 1 3 3 2 2 2 2 1 2 4 1 0 4 2 2 2 2 1 3 1 3 6 4 2 3 1 2 1 1 0 1 1 1 2 6 4 3 4 4 2 2 4 5 0 1 4 4 1 5 1 1 3 5 3 1 3 1 4 0 0 4 4 1 4 2 3 2 1 1 2 1 5 0 1 2 2 1 2 4 0 2 3 0 4 2 3 1 2 2 1 3 4 0 2 3 3 0 4 3 4 5 1 2 2 2 0 2 2 2 2 2 3 2 4 0 6 1 1 4 3 4 2 4 2 1 0 1 2 0 3 2 3 1 2 1 1 2 2 2 1 2 3 1 3 1 3 3 5 0 3 2 0 0 3 5 3 2 0 0 1 2 1 2 2 3 2 0 1 2 3 1 0 1 1 1 3 2 3 2 0 2 1 2 0 3 3 0 2 2 0 1 6 4 1 2 1 0 2 4 2 2 2 4 2 1 1 3 2 2 3 1 1 3 2 5 0 2 2 2 3 2 2 3 1 4 3 0 1 2 9 0 1 2 1 1 2 2 6 2 3 0 3 4 0 0 3 2 1 1 2 3 4 2 2 3 2 4 2 1 0 2 1 0 3 2 2 2 1 3 1 2 0 4 4 1 1 1 2 2 2 0 1 5 0 0 3 1 0 4 1 0 2 2 1 1 4 0 0 3 1 0 2 3 3 1 1 3 5 0 5 3 2 3 1 0 3 0 1 1 2 4 1 0 1 2 3 2 1 1 0 3 2 1 3 4 3 2 0 1 4 4 1 0 1 3 1 1 4 1 0 1 2 2 3 1 3 0 3 0 2 1 4 2 2 2 3 1 1 2 2 2 4 1 2 2 1 2 1 4 3 4 0 4 2 2 1 2 0 1 3 3 1 4 3 1 1 3 2 2 2 2 3 2 2 4 0 1 1 1 0 4 2 3 4 2 4 0 3 2 2 2 2 0 2 4 2 3 1 3 2 2 4 0 1 2 1 0 0 0 2 3 3 3 2 1 3 2 3 2 2 3 3 0 1 1 4 1 1 2 3 2 3 0 1 1 5 1 2 1 5 1 5 2 1 1 1 1 2 3 1 1 1 2 0 1 2 3 0 3 1 2 3 4 2 3 0 4 3 1 2 3 2 1 1 1 2 2 3 2 3 2 1 1 2 1 2 4 4 1 4 1 1 1 4 3 0 2 1 2 0 5 0 2 3 3 2 5 0 1 0 2 2 1 1 2 2 2 3 0 1 0 2 2 2 1 4 4 2 0 4 1 1 2 6 2 3 1 0 0 1 0 2 1 5 2 4 1 1 1 3 1 2 0 4 0 5 0 1 3 7 5 1 1 3 3 1 0 3 1 1 4 5 2 4 3 1 2 0 0 3 2 1 2 1 1 2 5 3 1 1 1 4 3 3 2 1 3 4 0 0 3 3 1 3 3 3 2 2 1 0 2 1 2 1 2 0 2 0 4 2 1 2 1 3 3 2 2 2 1 2 2 3 2 3 4 1 1 2 1 2 1 5 3 1 0 1 1 4 1 1 2 3 5 3 1 1 4 1 2 0 5 0 1 1 1 3 1 2 2 1 2 1 1 2 5 0 4 1 3 2 3 1 0 3 3 4 2 4 2 3 2 1 1 2 4 3 0 1 1 1 3 3 2 4 2 2 2 2 2 2 1 3 0 1 1 5 1 1 1 2 0 3 1 0 3 2 4 1 1 2 1 3 5 1 1 2 1 1 3 4 5 1 1 3 1 3 1 2 3 1 3 3 3 2 2 2 1 3 1 1 2 2 3 4 0 0 1 1 4 0 2 2 3 1 3 1 2 1 1 1 1 3 2 3 2 2 1 1 1 2 1 3 4 2 2 2 1 3 0 6 0 2 3 0 1 3 0 3 2 2 0 0 3 4 1 1 3 0 4 2 2 0 2 1 2 1 0 2 1 2 1 0 0 2 2 3 1 3 2 5 1 2 4 3 0 3 1 2 2 1 0 1 1 0 2 5 1 1 2 2 2 1 5 2 0 2 1 1 2 1 0 1 5 2 2 2 2 0 0 3 0 2 3 2 0 5 2 2 1 0 0 3 2 3 1 5 3 2 2 1 1 0 2 0 3 1 1 2 3 3 2 0 2 2 1 5 2 1 1 1 1 2 1 0 1 8 1 0 2 3 3 3 3 3 1 2 3 0 3 1 2 0 2 1 0 2 0 3 1 0 1 2 0 3 3 0 1 1 3 4 1 1 2 0 1 3 2 2 1 3 0 3 2 1 1 3 2 1 0 1 1 0 4 0 1 3 3 1 2 2 2 2 0 4 2 1 3 0 1 0 3 1 2 3 2 1 1 2 5 5 0 2 1 2 3 4 1 1 3 1 3 2 0 0 3 3 2 2 2 2 4 2 1 0 3 1 2 1 4 1 2 2 1 2 1 1 4 1 1 2 1 4 3 1 2 2 3 0 2 2 3 4 2 1 2 2 2 3 1 0 2 4 2 2 1 2 2 1 4 2 1 3 2 2 1 5 4 3 3 0 2 0 3 2 0 3 4 3 2 3 3 0 0 0 2 1 5 2 1 2 0 2 4 2 2 0 0 5 1 0 1 1 2 2 0 4 2 1 3 1 2 0 0 3 2 6 4 3 1 4 2 1 1 2 3 2 3 2 1 2 3 5 2 1 2 2 1 3 2 3 1 3 2 0 2 3 4 4 2 1 1 3 4 3 0 3 2 3 1 3 3 0 1 4 4 2 3 1 0 2 3 1 1 1 3 2 3 0 4 2 3 3 2 3 3 2 0 1 0 3 1 2 1 4 3 2 0 2 2 3 2 3 1 2 1 4 0 1 1 2 2 3 1 2 2 1 1 3 1 0 3 3 0 3 1 1 1 2 5 2 4 1 0 1 3 1 1 1 3 0 3 0 1 0 1 2 1 1 0 1 1 4 2 1 2 5 2 2 3 3 1 2 0 2 2 2 4 2 4 1 2 3 0 2 2 0 2 1 2 1 1 2 4 2 0 1 1 2 4 1 2 2 1 3 4 2 1 0 3 2 1 0 1 2 1 0 3 2 3 4 5 1 0 1 1 1 1 3 3 5 4 1 0 2 2 6 5 1 2 0 1 1 2 2 0 1 3 3 0 2 3 2 1 1 4 3 0 2 3 1 0 2 4 2 2 3 2 1 3 6 0 2 2 2 3 0 0 4 1 1 0 2 2 3 0 2 2 0 1 3 4 3 3 1 0 1 1 4 1 3 4 1 2 4 3 1 2 3 1 1 1 1 1 6 0 1 1 2 5 2 1 1 2 4 3 1 2 0 3 1 1 1 0 3 2 1 3 1 3 1 2 1 3 1 1 5 3 3 6 0 6 1 2 2 3 2 4 1 4 2 3 3 5 0 0 1 3 1 0 1 4 1 1 0 3 3 2 3 1 4 1 4 1 0 2 1 0 3 1 0 2 3 1 3 5 2 1 2 1 3 0 2 1 1 1 3 1 0 0 1 2 3 1 1 1 1 2 3 2 2 4 1 2 1 1 1 3 3 0 0 2 2 2 3 3 4 2 3 3 0 2 2 2 0 1 5 3 1 1 2 0 3 2 3 1 2 3 4 3 4 0 0 0 3 1 2 2 0 2 2 2 5 1 2 1 2 0 1 4 3 2 3 2 3 3 3 1 2 0 2 1 1 2 3 1 0 2 2 2 3 1 3 2 2 0 5 4 3 1 1 1 0 3 4 4 3 0 3 2 2 3 4 3 0 1 5 1 0 2 2 2 1 2 0 1 5 2 3 0 1 1 2 1 3 3 2 3 2 4 1 2 5 0 3 2 3 2 1 1 2 4 1 1 0 2 1 3 3 3 2 1 2 1 2 4 1 1 4 0 5 3 1 4 0 2 1 1 0 4 2 3 0 1 3 0 1 0 3 1 0 2 3 1 3 1 2 2 1 4 7 2 3 2 0 1 4 1 2 5 3 2 1 1 3 3 1 3 1 0 0 1 3 3 4 2 0 5 5 1 1 1 2 2 0 2 4 1 4 3 2 2 2 3 0 1 2 4 2 3 1 2 1 1 4 1 0 2 0 3 1 3 3 3 2 1 2 2 0 2 3 1 2 3 1 1 4 2 2 1 0 3 1 1 3 3 1 0 0 3 3 4 0 4 1 1 1 1 3 1 1 1 3 3 1 0 4 1 3 1 3 1 0 2 4 0 2 1 3 2 2 2 4 0 2 2 5 2 0 4 4 3 4 0 1 2 2 2 4 2 1 1 2 2 2 1 3 2 1 2 1 5 3 1 1 1 2 1 5 4 1 2 2 2 1 1 2 3 2 3 3 4 2 1 1 5 4 1 3 1 1 0 1 2 1 5 2 2 0 2 2 0 5 1 3 1 3 2 2 2 1 3 2 2 3 4 0 2 4 1 1 3 1 4 1 2 0 5 0 4 0 2 1 1 2 1 1 2 2 4 4 0 2 2 0 3 1 1 0 1 2 3 2 2 0 0 1 4 4 0 1 2 4 4 2 0 0 3 1 1 3 2 1 1 3 2 0 3 3 2 2 2 1 3 3 1 3 1 0 1 3 1 2 2 2 2 2 2 1 1 4 3 2 2 2 4 1 2 1 2 2 1 3 2 1 1 3 6 0 4 1 2 4 2 3 5 1 1 3 1 3 2 5 2 1 2 2 2 0 4 0 1 2 1 2 1 2 1 2 2 3 0 2 2 1 1 3 4 0 0 3 1 3 3 5 4 0 2 4 0 4 1 2 1 3 1 7 2 1 2 2 4 3 2 3 3 3 2 1 0 3 3 1 0 4 1 2 5 0 0 3 1 4 1 1 5 3 3 1 2 2 0 0 1 2 1 3 1 0 1 1 2 0 2 1 4 2 0 1 1 3 2 4 1 2 2 3 0 1 2 3 3 0 2 1 2 2 3 3 3 1 1 3 0 2 1 1 1 2 2 1 0 4 2 3 0 3 2 2 2 2 5 3 1 2 4 1 2 1 2 2 2 4 4 2 5 1 2 0 3 3 2 4 1 3 0 3 3 2 0 2 2 4 0 2 0 2 5 0 2 1 2 2 2 5 1 3 2 3 1 0 2 3 3 1 0 3 2 4 2 1 0 1 6 2 3 0 1 1 1 2 1 6 2 0 4 2 0 1 3 1 0 1 1 0 2 2 0 2 0 3 3 3 0 3 3 1 2 2 4 2 1 1 2 2 4 4 0 1 0 3 1 1 1 1 1 1 2 1 0 3 2 3 1 0 2 2 3 3 2 2 2 1 2 2 2 3 3 1 0 1 1 5 2 2 4 2 1 0 1 3 5 0 3 2 3 2 0 1 1 1 2 2 1 1 0 3 3 3 1 2 2 2 0 5 0 0 3 0 1 5 1 0 3 2 2 3 1 1 2 2 2 0 2 0 3 4 3 2 3 3 2 1 1 0 1 2 0 3 1 0 2 5 1 3 1 1 2 1 2 2 3 2 0 2 1 2 0 3 3 0 6 1 0 2 1 1 4 1 1 2 1 2 3 6 2 1 3 2 3 1 0 3 1 2 2 3 3 3 1 1 3 0 2 1 4 2 4 1 0 2 5 3 2 0 4 0 0 2 3 2 7 4 1 3 2 4 1 2 1 2 2 1 4 1 2 2 2 1 2 0 2 1 1 1 2 5 2 1 3 2 2 3 4 3 1 2 2 1 2 0 3 3 2 4 2 2 0 2 0 2 4 1 1 3 1 2 2 4 2 1 3 1 1 1 5 0 4 4 1 3 4 3 2 2 1 1 2 0 2 4 2 1 0 3 1 1 5 1 1 1 4 2 3 1 2 2 0 1 3 4 1 3 1 2 1 2 1 2 0 3 7 0 0 2 1 2 2 2 4 4 0 4 3 0 5 1 2 0 1 5 2 4 2 2 1 2 3 0 2 2 1 0 3 2 0 2 2 3 1 3 0 1 0 2 4 1 4 1 4 0 2 2 4 2 3 2 3 2 1 2 1 3 4 0 2 4 3 4 2 3 1 5 2 4 0 3 4 1 2 1 0 1 2 2 0 0 2 4 5 1 3 0 1 6 1 3 2 2 0 1 1 4 0 1 3 0 3 2 1 2 2 1 3 4 1 0 4 2 2 1 5 2 2 1 3 2 4 1 1 1 2 4 1 1 2 3 2 3 1 2 0 2 2 1 4 0 0 3 0 1 3 3 0 2 0 1 0 1 4 4 1 3 3 4 1 0 1 2 1 5 3 2 4 4 1 2 1 0 0 2 1 3 2 1 1 1 3 1 1 2 4 2 2 1 3 0 4 0 1 0 1 2 2 1 0 2 1 2 2 2 2 3 4 0 4 2 1 1 2 2 2 3 1 2 1 1 2 4 0 1 3 2 3 0 0 0 2 1 1 2 1 4 2 1 1 1 1 0 2 4 0 2 2 3 0 5 2 0 3 0 6 3 1 1 3 1 3 3 5 2 1 1 1 2 3 1 1 6 1 1 2 5 5 1 0 1 1 1 0 1 2 2 2 5 1 0 3 2 1 3 1 2 6 1 0 4 1 4 1 1 6 1 2 1 2 2 2 3 4 0 3 0 1 2 2 3 0 1 1 3 2 0 3 4 2 3 0 1 1 1 3 2 5 3 2 1 2 3 4 1 2 2 1 3 3 4 1 0 2 3 1 0 0 1 1 0 2 1 1 2 0 6 2 2 2 2 2 1 2 1 4 2 0 5 1 0 0 2 2 2 4 3 2 2 2 2 1 1 1 0 2 2 0 2 2 2 1 2 2 1 1 4 3 3 3 0 0 1 2 0 1 2 3 1 1 0 3 4 1 0 1 0 1 1 2 2 3 2 1 1 4 5 1 0 2 1 2 3 1 4 2 2 1 4 0 5 2 3 5 4 0 4 3 3 1 2 2 3 0 1 2 4 1 4 2 1 2 2 0 3 2 3 5 1 0 3 1 0 2 3 1 2 1 3 2 2 3 1 3 1 4 2 1 3 1 4 1 3 2 1 0 4 1 4 1 4 1 1 2 1 0 2 0 0 6 0 1 2 3 1 2 1 2 1 3 1 2 3 2 2 1 0 1 4 1 1 1 1 2 5 2 2 1 3 0 3 1 4 2 3 3 3 3 4 1 0 4 2 2 2 1 2 1 1 1 1 2 2 2 1 1 4 4 0 3 4 3 1 4 4 4 2 1 1 1 1 3 2 1 4 3 3 4 2 5 3 0 1 4 2 2 2 2 3 2 3 1 2 2 0 0 1 0 2 5 1 3 3 5 1 2 0 1 0 3 1 4 3 7 1 1 0 0 1 2 3 2 1 4 2 1 3 4 3 1 2 2 3 4 1 4 1 2 1 3 1 2 3 3 3 0 5 3 2 0 3 1 2 1 0 2 3 3 1 3 0 1 3 1 1 3 1 0 2 1 0 0 0 1 0 1 2 0 1 5 3 1 1 2 1 1 1 2 1 2 0 3 3 2 2 0 1 3 1 1 4 3 1 5 3 1 4 2 0 1 2 2 1 2 3 3 1 3 2 3 0 2 3 2 4 1 1 3 2 2 5 1 2 2 0 1 2 2 5 3 2 1 2 2 1 3 2 0 2 2 2 1 1 1 2 3 2 3 2 1 1 2 1 3 3 5 2 2 2 3 3 2 2 0 1 2 2 3 3 5 3 1 3 2 3 4 3 0 2 3 2 2 3 2 1 2 0 2 2 0 2 3 4 2 0 3 1 0 2 5 3 2 2 0 1 1 0 3 1 2 6 2 1 0 0 0 3 2 3 3 3 1 1 4 2 4 1 1 2 3 1 2 2 4 4 2 2 2 0 0 2 1 1 3 5 1 4 2 0 1 2 2 3 1 1 0 1 2 2 2 2 3 4 2 1 4 4 0 2 1 1 2 0 1 3 3 2 0 1 1 1 2 3 3 2 2 5 0 3 4 3 3 2 2 2 3 0 2 1 3 4 3 2 0 2 2 2 3 0 1 2 2 2 2 2 3 3 5 2 2 0 2 4 1 1 1 1 1 3 4 6 1 1 1 1 3 2 3 2 3 2 1 3 1 3 1 1 2 1 1 2 2 1 3 4 2 1 1 3 3 1 0 1 2 0 2 2 4 0 3 3 1 0 0 2 3 4 5 3 3 2 1 1 1 1 0 5 2 2 2 1 2 0 2 4 3 0 5 1 1 2 1 2 0 3 1 4 3 2 2 0 4 1 1 4 2 3 4 2 3 1 3 0 0 2 2 6 3 4 0 0 1 1 1 3 5 3 0 3 3 1 2 0 1 4 0 2 4 1 2 3 2 0 2 2 4 1 2 7 2 3 1 4 2 3 1 0 1 3 1 1 4 2 2 4 1 2 0 2 1 2 0 4 3 3 0 5 2 0 2 1 1 2 0 1 1 1 0 0 1 1 0 2 3 2 9 2 0 4 2 1 1 1 2 2 1 2 1 5 0 4 1 3 2 2 3 1 2 2 2 3 4 5 1 1 0 2 1 3 2 1 4 5 1 3 1 2 1 3 0 6 1 2 0 3 1 1 3 3 0 2 0 0 1 4 2 3 0 5 3 0 2 4 1 3 2 2 2 2 1 3 2 1 4 1 2 1 1 3 1 1 1 1 2 2 0 1 2 3 4 1 1 2 2 1 1 0 2 1 3 3 1 3 0 3 2 2 2 0 1 3 1 2 2 2 1 1 3 3 1 3 1 3 3 0 3 1 2 4 0 6 2 0 4 1 2 1 1 1 1 2 2 2 2 1 3 2 2 2 4 3 1 3 3 3 1 1 0 5 1 2 0 3 3 1 1 0 2 2 2 2 1 1 2 0 4 0 2 3 0 2 2 2 2 3 2 1 1 1 1 0 1 3 0 2 3 4 3 1 2 4 3 0 2 1 4 2 1 2 2 1 3 0 3 0 2 4 1 3 4 2 2 5 2 1 3 2 1 2 2 2 3 1 0 1 3 1 3 2 1 0 3 3 0 2 0 1 1 3 5 5 1 3 5 1 1 0 1 1 1 1 0 1 3 3 6 0 3 3 1 2 2 4 3 1 2 3 1 2 5 2 1 1 1 1 0 1 4 0 3 2 3 2 2 2 2 2 1 0 1 3 2 2 2 3 0 3 1 1 4 1 2 2 1 3 1 1 1 1 0 0 2 6 0 2 3 0 0 3 4 2 0 0 1 5 2 1 3 3 4 4 4 1 0 2 0 1 0 3 2 4 1 4 2 4 2 1 1 0 3 2 2 3 1 2 3 2 2 3 3 1 0 2 4 0 0 3 4 3 4 3 3 5 1 2 0 1 1 2 6 4 2 0 0 0 2 3 2 0 1 3 5 3 2 2 3 1 1 1 1 3 4 3 2 1 2 3 2 0 0 4 2 5 2 2 2 2 2 4 0 1 2 2 0 2 2 2 1 0 1 1 1 1 3 0 3 2 2 4 0 3 3 0 1 4 1 1 4 1 1 3 0 2 2 4 1 2 2 1 4 1 2 3 2 0 2 4 4 2 3 2 0 0 1 7 2 1 2 0 2 0 2 1 2 2 1 2 2 2 3 2 4 1 3 4 3 2 1 2 2 2 1 5 2 4 4 0 3 0 1 4 3 2 2 1 4 3 3 2 4 0 1 2 3 1 1 0 0 3 1 4 3 3 2 5 1 0 4 1 2 2 2 2 2 1 1 3 2 1 1 3 1 1 3 1 2 3 4 3 3 1 2 3 0 0 1 3 3 2 0 1 3 0 4 3 0 3 2 1 2 2 2 0 3 5 1 1 3 2 0 3 2 2 3 1 1 3 1 3 4 3 2 3 1 2 1 1 2 3 3 2 5 0 2 3 3 4 1 2 1 2 1 5 1 0 2 1 2 1 4 3 1 1 4 1 3 0 2 3 3 5 4 0 3 1 3 1 1 0 5 5 3 0 3 0 6 3 0 0 3 3 4 0 0 2 0 3 3 2 1 3 1 2 2 4 2 0 3 2 1 2 2 2 2 4 1 4 1 1 5 2 1 1 0 3 2 1 2 2 0 2 1 3 4 2 4 1 1 2 3 0 4 0 2 2 2 1 0 2 1 2 4 0 2 2 2 3 0 2 3 2 0 4 1 1 1 1 2 4 2 3 1 0 2 1 3 0 2 2 0 0 0 5 2 2 4 2 2 1 2 2 2 2 2 1 2 2 0 1 2 4 2 3 2 2 1 2 2 4 1 0 1 2 2 1 3 3 3 5 1 0 1 0 1 3 2 5 2 2 5 1 2 5 1 1 1 4 1 0 4 2 2 0 2 2 2 0 3 1 2 0 2 1 1 4 3 2 0 2 3 3 1 1 2 1 3 1 2 0 3 2 3 4 1 2 4 0 1 1 2 1 0 3 3 0 0 2 3 2 4 1 2 1 2 4 2 3 2 0 5 2 1 1 3 5 3 0 2 4 1 2 2 2 0 4 1 3 0 2 3 3 2 2 1 3 1 0 6 1 2 2 2 1 4 1 2 3 0 2 1 3 1 4 0 2 1 0 2 3 7 2 5 2 0 1 1 3 1 1 3 2 0 0 3 1 1 3 3 1 3 5 0 2 2 2 3 2 1 1 0 1 1 1 3 2 2 1 4 1 4 2 1 1 3 1 2 3 2 2 3 1 1 0 0 4 1 2 2 2 2 3 2 3 1 5 0 3 2 1 2 1 5 4 2 1 1 0 1 0 3 2 1 0 2 0 2 2 1 3 2 5 3 1 4 1 5 1 0 3 2 1 1 1 0 1 1 2 2 0 3 3 3 2 3 4 1 1 2 1 0 1 0 1 1 2 1 3 2 3 2 4 0 1 0 2 2 3 1 3 2 2 4 4 2 2 3 2 5 1 1 1 2 1 3 3 4 1 1 6 3 3 1 1 1 0 4 1 2 4 0 1 3 5 2 1 1 2 1 0 4 4 0 4 6 1 2 3 2 3 1 1 1 2 4 2 1 6 0 3 6 0 0 3 0 3 1 1 5 0 0 4 3 2 2 1 1 1 2 3 5 5 2 4 2 3 0 1 1 1 3 3 3 1 2 0 4 5 2 1 2 1 3 2 1 1 2 2 0 5 2 1 3 1 1 3 6 2 0 1 0 2 6 3 2 1 4 0 2 2 2 0 3 2 0 0 2 2 2 3 3 5 1 1 1 2 2 4 1 4 1 4 5 1 2 6 4 2 4 1 3 1 6 0 3 2 2 0 1 0 3 2 2 3 2 2 3 3 1 2 5 3 0 2 4 1 3 3 1 0 1 0 7 2 2 0 2 0 2 0 1 3 2 1 2 1 1 2 3 2 1 3 6 1 2 1 4 2 1 2 2 0 1 2 1 0 2 1 1 5 3 2 2 4 1 3 1 0 2 2 3 3 0 4 1 1 2 2 4 2 2 4 2 3 1 2 1 0 1 2 2 1 1 4 4 2 3 2 1 2 1 3 4 2 3 2 2 1 2 1 0 0 2 5 3 4 1 2 5 5 2 2 2 1 2 0 3 0 2 2 2 0 2 5 1 2 1 2 0 0 2 3 2 3 3 3 1 1 4 3 2 2 1 1 0 1 4 3 0 1 3 4 2 4 4 1 1 2 0 6 1 5 2 1 3 3 0 2 3 5 2 1 2 4 1 3 1 2 3 1 1 1 1 1 1 0 2 3 1 3 3 0 1 1 1 3 1 3 2 2 4 0 0 1 0 3 1 2 0 3 1 0 2 1 0 2 2 2 1 2 4 3 3 2 4 3 0 2 2 1 3 1 0 1 1 2 2 2 0 0 4 1 3 0 5 3 4 2 1 1 3 3 1 1 4 1 2 3 0 6 2 2 1 1 1 2 1 1 0 4 3 0 1 1 3 1 0 0 4 4 2 2 1 2 1 2 2 2 0 3 0 4 4 0 3 3 0 0 3 2 3 1 3 2 3 2 1 2 2 0 1 2 3 3 0 0 2 1 2 3 2 0 4 1 1 2 4 1 1 0 1 2 3 3 3 0 0 3 5 1 2 2 1 4 2 3 3 0 4 2 1 1 3 2 3 0 1 1 3 2 3 2 2 2 2 5 1 0 1 1 2 1 1 3 3 4 3 2 4 1 1 3 0 5 2 0 4 5 0 0 6 1 0 2 0 3 1 2 1 3 4 1 5 1 2 2 1 2 2 4 4 1 0 4 4 4 2 2 2 2 1 3 3 2 2 1 1 1 2 5 2 1 4 2 2 5 0 1 3 0 2 1 1 1 1 1 1 1 0 5 4 1 3 2 3 1 0 3 1 2 1 2 3 2 8 4 2 1 2 0 1 4 5 0 5 1 0 0 0 1 4 3 2 1 1 0 1 1 1 3 3 3 1 4 1 0 2 2 4 3 1 2 3 4 0 0 2 2 1 2 1 2 6 2 1 0 3 3 2 4 2 2 0 3 2 0 2 2 5 2 2 2 0 0 4 1 1 3 2 2 2 5 4 1 0 0 6 0 3 3 4 2 1 0 1 2 4 2 1 2 2 0 2 3 3 1 2 1 0 6 0 3 4 2 3 1 4 2 2 0 2 3 3 4 0 0 1 1 2 1 0 3 0 3 0 2 3 2 5 2 0 1 2 1 1 1 3 1 1 5 1 2 2 1 1 2 2 4 3 3 2 6 0 5 1 2 3 1 2 2 4 2 2 1 1 1 2 1 3 2 3 2 1 2 3 0 1 4 4 1 2 3 1 1 3 5 1 2 2 2 3 0 3 1 2 2 2 2 2 2 1 1 4 2 1 1 2 4 2 0 6 3 1 2 2 1 6 0 0 1 3 0 2 1 2 2 2 1 4 0 2 1 3 3 4 4 1 1 3 3 1 1 3 0 4 0 2 1 2 1 2 3 4 3 0 2 2 3 3 4 1 0 1 0 3 1 0 5 2 0 2 2 3 1 2 3 1 0 1 1 2 1 1 1 3 2 2 0 0 1 3 0 1 2 3 4 2 2 1 1 2 1 2 1 2 4 5 0 1 2 4 2 2 4 2 3 2 2 2 2 0 1 1 3 2 1 3 3 1 3 1 0 2 2 1 3 2 3 1 1 3 3 1 1 6 1 1 2 5 2 1 2 0 2 2 0 0 0 4 1 5 0 3 3 3 1 1 0 0 1 2 1 3 2 2 6 2 0 2 1 1 3 1 2 4 4 1 0 1 1 2 1 2 2 0 3 2 5 1 2 0 1 5 5 4 3 0 1 0 1 1 1 0 0 4 4 0 3 2 2 5 0 2 2 2 3 1 0 2 4 2 2 1 0 3 3 0 2 3 5 1 1 2 1 3 3 1 2 6 3 3 2 0 1 4 1 1 3 2 1 4 1 1 1 1 1 2 2 0 2 4 0 3 0 5 1 2 0 3 7 1 1 2 1 0 2 2 4 5 4 1 1 2 3 3 1 0 2 1 1 3 1 1 1 2 3 0 2 2 1 0 1 4 0 2 2 5 2 1 1 0 1 0 0 1 5 2 1 1 4 3 0 1 0 2 2 3 0 3 2 3 1 4 1 2 1 0 2 0 2 2 3 1 2 2 2 3 2 4 3 2 1 1 0 1 2 5 0 5 2 1 2 2 3 1 3 2 6 1 3 8 2 1 2 3 0 3 3 0 3 2 0 3 2 3 1 0 2 0 2 4 5 4 3 2 2 2 2 1 3 2 2 1 2 0 1 1 4 2 1 0 4 2 2 3 0 1 0 0 2 3 1 2 4 2 5 1 4 3 0 2 1 3 3 3 2 3 0 3 0 0 2 3 1 2 2 1 5 2 1 0 1 3 1 4 0 0 4 1 3 1 0 3 1 1 1 1 4 1 1 3 2 1 0 2 5 2 1 5 0 5 2 3 1 1 3 2 2 2 2 1 2 5 2 4 5 2 1 1 2 2 1 1 0 2 2 1 3 2 3 4 3 1 1 2 5 0 2 2 2 0 4 3 5 2 2 2 1 1 1 0 2 0 0 4 3 0 4 3 1 4 0 5 1 2 1 3 2 1 4 2 2 3 0 1 3 1 1 6 1 2 2 1 1 1 4 2 0 2 2 2 5 2 1 5 1 3 1 2 1 1 5 0 3 2 2 1 3 1 2 2 2 2 1 5 3 4 0 2 2 1 1 1 3 2 1 4 0 2 2 3 2 1 1 0 3 1 0 3 0 2 2 3 5 2 2 1 2 0 2 2 2 3 1 3 1 4 4 3 0 1 1 1 0 2 2 3 1 2 3 1 3 3 0 4 1 0 2 2 2 1 2 2 0 3 5 1 2 2 2 0 1 0 3 3 0 3 1 3 2 1 2 1 2 4 2 1 3 1 1 1 1 2 1 0 2 2 1 2 3 4 1 1 5 0 2 1 2 4 1 3 2 1 2 2 7 3 2 5 2 3 1 1 2 2 1 3 2 2 2 4 2 0 1 0 5 1 2 1 3 1 1 1 1 0 4 2 1 3 5 1 2 2 1 2 1 1 3 0 3 1 2 4 1 3 2 2 2 1 3 3 1 1 1 1 3 4 4 2 2 2 0 3 1 2 3 3 0 1 2 1 7 2 2 3 1 2 1 2 0 3 3 2 1 3 6 1 3 2 2 0 3 1 2 3 5 2 2 6 0 0 4 0 2 2 5 3 2 0 4 2 2 1 2 4 1 2 2 2 0 3 0 3 1 2 2 1 0 2 2 3 2 2 1 2 1 3 1 3 0 0 3 1 2 1 1 2 1 1 3 4 3 1 1 0 3 1 0 3 3 3 1 4 1 4 2 2 1 0 2 4 4 2 3 3 1 2 1 1 1 2 0 6 1 4 0 2 1 1 5 2 1 3 4 1 1 1 1 2 3 0 2 3 0 1 2 3 2 1 4 1 0 1 3 3 3 1 4 3 0 3 5 1 1 2 1 3 3 2 2 1 2 2 2 1 6 3 1 1 2 2 4 1 3 3 1 2 1 1 1 2 3 5 1 6 1 3 0 1 1 4 2 0 2 0 5 4 1 4 3 2 1 2 0 1 3 0 0 3 3 2 1 0 1 4 2 3 3 1 0 1 5 2 0 1 2 5 2 1 4 1 3 1 4 3 1 4 0 1 4 2 2 2 2 2 2 0 3 3 3 2 0 2 2 2 4 1 2 1 0 5 1 2 2 2 3 1 1 4 1 0 2 2 2 2 2 2 3 1 2 1 4 2 3 0 2 3 0 3 2 2 1 1 4 0 3 2 2 2 4 0 1 1 3 3 2 1 2 2 2 2 0 2 1 0 1 1 1 2 0 0 2 2 4 3 1 2 0 3 1 3 1 4 1 5 2 2 0 1 2 0 4 3 1 0 0 2 2 0 3 0 0 1 0 1 1 1 5 2 1 2 1 0 0 5 6 1 0 2 2 0 4 3 3 2 3 0 1 1 2 2 1 1 2 2 1 0 2 4 2 4 2 3 2 0 3 2 1 2 2 1 2 3 1 1 1 1 1 2 5 5 2 3 2 1 2 1 3 0 1 3 3 1 2 0 2 2 4 1 2 1 2 2 5 2 2 2 1 2 1 3 3 1 5 4 2 1 1 3 4 2 0 1 1 1 1 1 4 2 2 1 2 1 3 3 3 1 2 0 1 3 0 3 3 5 2 3 1 3 2 2 0 2 3 0 1 0 0 1 0 0 2 0 4 3 2 3 2 4 0 3 5 3 1 2 3 4 3 2 3 2 1 0 1 2 0 1 3 1 2 2 2 1 1 2 2 5 4 1 2 2 0 7 1 3 1 3 1 1 2 5 2 1 1 1 0 2 1 1 1 1 3 5 0 1 3 0 4 4 2 2 1 3 4 3 0 1 5 3 3 2 2 0 4 1 2 4 4 2 1 3 1 0 1 2 2 3 1 4 3 0 2 0 1 1 0 2 3 0 1 2 3 1 3 1 1 2 2 1 4 4 0 1 1 2 0 1 3 1 2 2 1 1 1 0 0 3 5 2 2 1 1 0 3 1 1 2 3 1 2 5 5 3 0 1 2 2 1 1 2 4 5 2 4 2 2 2 2 1 3 2 1 5 2 2 4 1 2 3 2 0 1 1 0 1 1 2 0 2 1 1 2 1 2 2 1 2 4 2 1 1 1 1 1 1 3 2 2 2 3 4 2 3 1 4 2 1 1 0 0 3 2 0 5 1 1 1 1 1 2 1 3 2 2 1 4 2 3 0 2 3 0 3 1 1 3 5 2 2 3 3 0 4 2 2 0 4 5 0 3 3 2 2 0 1 1 2 4 3 4 0 1 0 0 5 4 2 3 2 3 1 1 1 2 4 3 3 3 0 2 1 3 5 3 1 2 3 0 3 1 2 1 2 1 1 2 1 0 4 3 3 2 1 2 1 2 3 3 3 3 1 2 1 2 3 3 1 0 0 1 6 2 2 3 3 4 1 2 2 4 0 1 3 3 2 2 0 0 5 2 3 0 2 1 1 1 1 3 1 1 2 3 1 2 2 2 2 1 1 0 3 2 0 4 2 4 4 2 2 1 1 3 2 1 4 4 3 1 0 4 2 1 1 1 3 3 4 4 0 1 0 3 0 4 1 3 1 5 0 1 5 0 3 3 3 0 5 3 2 1 1 0 2 3 4 4 2 1 0 3 1 0 4 1 0 1 1 1 1 0 0 3 2 2 2 1 1 3 0 2 1 2 1 2 3 3 1 3 1 4 4 1 0 2 1 0 2 1 0 1 0 2 1 2 3 1 4 0 5 1 2 2 0 2 4 3 3 1 2 2 2 2 1 4 4 0 2 1 0 0 4 2 1 2 2 0 3 2 0 6 2 1 4 4 3 1 1 2 4 1 0 3 2 1 4 3 0 2 0 2 1 4 2 0 2 6 2 0 1 6 1 2 4 0 2 1 1 0 1 1 4 4 0 3 2 3 0 4 1 1 0 4 0 2 2 0 2 4 4 3 1 4 2 0 0 2 1 1 2 2 6 2 3 2 1 4 0 3 2 0 1 5 5 3 2 0 4 1 3 4 3 4 2 0 1 4 0 3 1 4 1 2 3 2 4 2 1 3 2 1 4 4 3 0 0 1 3 3 4 2 2 3 2 4 0 1 2 3 3 1 1 3 0 2 0 2 1 2 1 1 4 3 1 1 0 3 4 3 4 1 3 1 3 3 3 2 0 3 5 1 6 4 4 0 1 4 1 0 2 0 4 3 2 3 3 1 2 1 5 0 5 0 3 3 4 3 2 0 1 1 0 1 1 3 0 1 3 5 0 4 2 2 0 1 2 2 2 2 2 0 4 3 4 2 2 2 3 0 4 3 3 3 0 1 3 1 1 3 0 4 0 2 4 4 1 1 2 1 1 1 3 5 3 3 0 0 1 3 2 1 0 4 3 2 4 2 3 2 3 1 2 2 0 1 2 4 3 3 1 3 4 1 1 0 0 3 3 0 1 0 1 3 2 2 0 1 4 2 1 1 0 0 2 3 2 1 4 2 0 3 1 3 2 2 4 1 1 0 0 3 2 0 2 2 0 0 4 2 1 2 2 2 3 2 4 4 2 1 0 2 2 2 1 2 0 4 2 4 3 2 1 2 0 5 5 0 1 1 1 2 1 4 2 1 3 3 2 2 1 3 0 2 2 1 1 3 2 3 3 2 2 3 2 1 1 3 1 2 0 2 0 0 2 2 2 9 5 0 1 2 2 1 1 1 2 1 1 2 1 5 1 2 4 5 1 2 3 1 4 3 0 2 0 5 2 1 1 4 1 2 2 3 2 2 0 4 3 0 1 1 3 2 5 3 4 1 3 2 1 3 3 0 3 1 1 2 2 2 0 1 0 3 2 4 1 3 0 3 2 3 2 2 1 0 1 1 2 3 4 1 3 4 4 1 0 6 3 2 0 0 4 5 1 3 0 0 1 3 5 2 0 0 5 0 4 1 2 1 3 2 1 2 4 1 1 1 3 3 4 2 1 2 1 1 5 3 0 1 2 1 0 2 0 2 4 3 3 1 2 5 0 2 1 1 2 2 1 1 2 0 2 2 5 3 0 1 0 0 4 1 3 3 2 2 2 3 2 2 2 1 2 2 2 1 0 1 3 1 4 2 3 4 2 0 2 4 1 5 1 4 4 1 1 2 0 1 4 1 3 2 2 2 2 3 4 2 5 5 1 1 1 0 7 1 4 3 3 1 2 2 0 0 3 2 1 2 3 4 0 3 3 2 1 0 2 4 2 3 1 3 1 3 3 1 1 2 3 2 3 4 1 0 3 4 1 2 0 4 1 2 2 0 5 1 2 3 1 2 1 2 1 2 5 3 5 1 2 0 1 2 3 1 3 0 0 3 2 5 2 2 0 2 1 3 1 2 2 0 1 1 5 1 2 1 2 5 2 1 2 2 1 0 0 3 1 3 5 2 1 0 1 2 5 1 0 0 3 4 2 1 3 1 1 0 4 1 0 1 3 0 1 8 2 1 2 1 1 1 2 3 1 2 1 0 2 3 0 3 3 3 4 0 4 3 2 2 0 1 3 2 2 1 2 3 2 5 2 0 3 2 2 0 3 1 1 0 1 4 2 1 2 3 1 0 2 2 0 2 1 2 0 1 2 3 1 1 4 0 2 2 1 3 4 2 2 0 3 2 1 3 4 2 1 5 1 4 2 2 5 1 1 0 2 2 3 4 1 2 1 0 3 4 3 1 1 0 3 2 3 1 2 2 5 2 1 1 0 2 1 0 2 5 2 0 2 3 2 1 2 0 1 2 1 1 2 1 5 1 2 0 5 2 2 3 1 1 0 3 5 2 3 2 1 3 3 1 3 0 0 2 1 3 1 4 2 2 2 1 5 2 2 2 4 2 4 1 2 0 2 2 2 2 6 1 0 0 0 2 2 1 4 1 2 3 2 1 6 1 3 2 0 3 2 2 3 3 1 3 6 0 2 2 3 1 2 2 2 2 0 0 1 3 1 1 4 2 1 3 0 2 3 4 0 1 1 3 4 3 4 1 1 1 1 1 1 2 0 3 2 4 1 0 4 1 4 3 4 1 3 1 1 0 1 1 2 4 1 1 1 1 2 5 1 5 3 1 2 1 3 1 4 3 2 2 0 4 1 2 3 1 0 0 4 2 3 2 3 1 1 1 1 3 2 2 3 1 2 0 5 1 2 2 2 0 1 5 3 0 3 0 1 2 0 2 3 4 1 0 2 1 5 2 4 1 2 2 1 3 1 3 2 0 1 2 3 3 5 2 2 2 2 0 1 5 0 4 0 1 2 1 3 0 2 2 3 1 1 2 0 2 2 2 1 3 4 1 3 3 1 0 2 4 0 1 3 1 1 2 4 5 0 5 2 1 1 3 3 1 1 4 2 2 5 2 2 1 6 1 6 2 1 1 2 1 2 0 2 3 1 5 1 1 0 5 3 5 1 2 1 1 5 1 3 2 3 0 5 2 3 3 0 1 1 2 0 0 3 2 3 4 0 3 2 6 2 2 3 0 2 0 2 3 2 1 2 1 1 2 2 1 3 3 0 1 0 4 0 4 1 3 1 3 0 2 2 1 1 3 1 0 5 4 2 1 3 3 2 0 2 2 0 2 4 3 2 4 4 1 4 2 0 0 3 3 0 1 1 2 1 0 2 1 3 1 3 1 3 2 3 0 1 3 2 3 4 2 0 0 4 3 1 0 5 2 0 1 2 3 0 1 2 2 7 2 1 0 3 3 0 1 2 2 2 3 2 0 2 3 1 0 3 1 1 5 1 2 3 1 1 4 4 1 0 1 3 1 2 3 1 5 1 0 2 1 3 3 4 1 1 4 3 3 3 2 3 4 3 0 4 3 0 1 3 1 1 1 5 5 0 4 2 3 2 2 2 2 1 2 1 1 2 3 0 0 1 2 4 0 1 5 3 2 3 3 4 2 3 1 1 2 0 1 3 5 2 1 3 1 1 2 0 0 1 4 1 0 2 1 1 0 0 2 3 4 2 3 1 2 3 2 0 0 1 0 2 3 1 5 4 1 1 2 1 1 1 4 2 1 1 1 1 1 2 2 2 2 2 1 0 2 3 2 3 2 0 2 4 5 2 1 0 1 2 2 3 4 2 0 1 1 3 2 2 2 1 1 3 1 1 0 3 4 1 2 2 3 1 0 3 2 1 1 1 3 5 2 0 1 5 1 4 2 0 0 0 2 2 5 2 2 1 2 2 1 4 2 1 4 3 1 3 4 0 1 5 1 2 5 2 2 0 1 0 0 1 3 2 6 1 0 1 2 2 2 1 2 1 3 2 1 1 2 5 3 1 0 3 2 1 2 2 4 0 1 3 2 2 3 2 2 1 1 2 4 2 3 1 0 1 2 3 3 2 0 1 0 0 1 1 4 5 2 3 0 4 2 1 0 3 0 2 1 5 1 0 2 2 2 3 1 0 2 0 1 2 0 3 1 6 2 1 1 1 3 2 1 3 0 2 0 1 2 0 3 1 1 4 1 2 7 1 2 2 2 2 1 2 1 3 1 5 0 2 2 2 1 1 2 1 1 0 4 1 2 1 2 5 2 1 3 3 2 1 1 3 3 0 2 0 0 2 4 3 2 0 2 1 4 3 5 0 2 2 2 3 4 1 0 3 2 4 2 2 2 1 0 1 3 0 1 2 4 2 2 4 3 2 1 1 0 2 0 3 2 0 2 2 4 3 0 3 0 0 1 2 2 4 1 1 2 1 2 2 3 3 1 2 3 4 2 1 3 1 1 0 2 1 2 3 2 2 1 3 2 3 1 3 4 1 1 4 2 2 4 1 4 3 2 2 4 2 2 2 3 1 2 2 0 4 3 1 1 2 1 2 0 2 2 2 3 1 4 4 2 2 3 4 1 0 3 1 2 2 0 2 2 1 4 4 1 3 1 1 2 1 1 1 0 1 1 3 1 5 3 2 0 0 1 1 2 2 3 1 0 0 3 1 0 1 2 1 4 3 2 3 1 2 1 3 3 1 0 2 1 1 1 3 3 2 4 1 2 1 2 4 1 2 0 1 2 1 3 1 1 1 3 0 3 2 5 1 2 3 2 3 4 3 1 1 1 3 3 2 1 2 3 2 0 0 3 0 4 2 1 1 1 4 5 3 0 4 1 4 0 3 0 1 1 4 1 3 1 2 2 1 1 0 1 2 7 1 3 1 3 2 0 0 2 0 2 4 1 2 5 2 1 1 0 2 2 0 1 3 1 5 1 3 3 1 2 6 2 2 1 2 2 2 3 1 1 1 2 1 4 3 0 1 2 0 2 2 1 1 0 1 4 5 1 0 4 1 0 4 0 0 2 2 1 2 3 1 2 0 1 2 3 1 2 2 3 2 1 0 1 3 3 3 0 3 2 3 2 6 1 0 2 2 4 2 2 2 3 2 1 2 1 1 1 2 2 3 1 1 3 1 2 2 0 1 1 4 0 0 3 2 2 3 0 1 1 2 4 2 1 2 0 0 0 3 4 4 1 5 2 0 1 3 1 5 1 2 3 0 1 2 3 2 1 0 2 1 3 3 2 3 0 2 5 3 1 2 7 2 1 2 2 2 0 1 1 3 3 2 1 1 1 1 2 3 4 5 1 2 2 3 1 3 3 3 4 2 3 2 6 0 0 2 1 2 2 1 1 3 2 2 1 2 4 2 1 4 4 1 1 3 2 2 0 1 2 3 4 0 3 1 4 1 1 2 4 4 1 1 3 2 1 3 1 4 0 2 3 1 1 5 3 3 1 0 1 2 1 2 4 1 1 1 3 1 3 3 4 3 2 2 4 0 1 1 1 3 1 2 2 4 1 0 4 1 5 1 4 3 1 2 1 3 6 0 0 4 1 1 2 2 3 4 2 3 3 1 1 1 1 3 4 2 2 3 2 3 1 1 3 1 4 3 2 2 1 5 2 1 2 4 3 4 0 3 1 5 1 2 4 0 2 3 3 1 1 0 3 3 2 3 0 2 3 3 0 2 1 6 3 1 2 2 4 2 0 1 0 2 6 2 2 4 3 0 3 2 3 0 1 1 0 2 1 1 0 0 1 4 0 3 2 2 2 2 3 1 3 3 1 1 3 2 0 2 1 0 4 3 2 2 4 2 3 1 2 2 0 2 3 2 2 1 2 1 1 2 3 1 3 2 1 3 3 1 1 1 0 1 1 1 1 3 2 2 1 1 1 0 6 4 3 2 3 2 1 1 2 1 1 3 2 1 0 2 3 1 1 2 3 3 2 6 4 3 1 2 5 1 0 3 2 1 1 3 2 3 1 0 3 3 0 1 3 0 1 1 2 3 2 1 4 2 1 2 2 2 0 2 2 2 2 0 6 0 5 3 0 4 0 3 4 1 2 0 1 2 3 1 2 1 2 4 3 2 4 0 1 3 7 8 0 0 2 1 0 1 0 4 3 2 3 0 3 1 3 1 2 1 0 1 3 1 2 3 2 2 4 0 0 3 3 2 2 3 1 3 2 1 1 1 1 4 4 2 2 1 1 4 1 3 2 1 1 1 2 1 3 1 1 3 2 2 4 1 1 4 1 1 4 2 4 1 0 5 2 1 7 2 1 2 2 0 2 2 3 1 2 0 3 3 2 0 5 3 2 0 1 3 1 2 1 5 2 5 1 3 2 1 2 3 0 2 1 0 2 2 2 1 1 2 2 2 1 0 4 3 0 1 5 1 0 2 3 1 2 1 1 3 2 3 1 1 0 3 2 2 5 1 0 0 4 1 4 3 3 3 3 2 4 1 4 3 2 4 2 2 3 1 2 3 2 3 2 1 3 4 2 0 3 3 0 1 2 0 3 2 1 3 3 1 2 3 0 1 2 4 4 3 1 1 3 0 1 2 4 2 2 6 1 2 0 2 0 2 2 3 2 2 2 4 1 3 2 5 2 2 1 1 4 1 2 2 4 1 2 0 1 1 2 1 2 1 1 3 3 1 1 1 2 1 3 2 4 4 2 2 1 2 0 2 1 0 5 1 0 3 1 3 1 3 1 2 3 2 2 2 0 0 1 4 4 0 4 1 5 1 0 0 0 3 5 4 1 2 3 0 0 3 2 2 2 1 4 1 6 2 1 2 0 2 4 3 1 1 2 2 0 3 1 2 1 2 3 1 0 2 2 1 3 3 2 1 0 0 1 4 2 4 3 2 2 1 3 2 1 1 0 2 4 0 1 0 1 3 1 4 3 1 2 4 0 0 1 1 2 3 1 2 3 1 2 2 0 0 3 2 4 2 1 0 3 1 1 2 5 3 2 6 4 2 2 1 4 2 2 0 3 2 3 1 1 2 3 3 1 0 2 2 1 1 2 1 2 2 2 3 0 2 3 3 2 2 4 2 2 2 1 0 1 5 2 0 4 2 1 1 2 2 3 2 4 1 0 3 0 2 2 4 1 2 1 0 1 3 1 1 2 2 2 0 1 4 2 5 4 2 1 1 3 1 2 3 1 2 1 2 4 0 7 2 0 5 2 3 2 1 1 1 1 3 3 2 1 2 4 2 1 3 8 1 1 2 4 2 3 1 1 3 2 1 0 0 3 1 1 1 3 1 2 0 1 5 2 3 2 0 1 2 4 4 1 3 2 1 1 4 1 2 2 1 0 4 2 0 3 1 0 4 2 0 2 0 0 5 2 6 1 1 1 1 5 2 2 2 0 1 3 1 0 5 0 1 5 2 0 1 2 4 1 3 3 2 2 2 1 2 2 1 2 3 1 2 0 1 2 2 3 2 1 3 3 2 0 1 2 4 1 0 3 3 3 1 1 0 3 1 3 3 3 1 6 1 1 2 1 1 1 3 0 3 1 3 1 1 2 0 1 2 2 0 4 4 2 0 2 2 3 0 1 2 3 8 1 1 4 2 0 1 2 3 1 2 1 3 2 1 2 3 1 1 1 1 5 5 2 2 2 1 1 2 1 1 5 3 2 1 2 1 0 0 3 1 2 0 1 1 1 1 3 1 4 1 3 3 3 5 0 3 0 5 1 2 3 3 3 1 2 2 2 3 2 0 1 4 4 1 0 1 1 4 1 5 2 0 2 4 1 0 2 1 1 2 2 2 1 1 3 2 1 2 2 1 2 3 0 5 2 1 0 5 2 5 4 0 2 2 2 0 2 3 3 1 1 1 1 1 2 4 2 1 2 5 1 2 4 0 5 2 1 1 1 1 1 2 1 3 2 2 2 0 1 1 2 3 2 5 0 3 2 0 4 1 0 2 3 2 3 0 2 1 0 5 1 4 4 1 2 1 2 4 2 2 1 2 3 3 1 2 1 1 2 1 2 2 2 7 1 2 1 2 5 0 1 0 5 3 3 2 2 2 1 1 2 1 1 2 3 3 0 2 1 3 5 3 2 3 2 1 2 2 1 0 3 0 3 0 5 2 1 3 5 2 1 1 1 2 3 3 1 2 2 3 1 4 1 2 1 1 4 0 3 1 2 0 4 3 3 3 3 2 0 2 6 0 2 1 1 2 2 3 0 1 2 3 1 1 3 5 1 1 3 1 3 1 3 2 7 0 1 0 2 2 1 1 1 2 1 5 4 4 0 2 0 1 2 1 2 4 5 1 4 3 4 3 0 2 2 0 3 1 2 1 2 6 1 2 3 0 5 4 1 2 3 1 2 2 1 3 1 2 2 1 1 2 2 1 3 2 1 6 1 3 1 1 1 1 2 2 2 3 2 1 2 0 2 0 5 2 1 1 1 1 0 3 2 2 1 1 2 2 4 3 0 2 3 0 2 3 2 1 2 3 2 1 3 2 5 2 1 2 4 2 3 2 1 0 2 1 3 4 2 2 3 1 5 0 0 2 2 5 2 4 2 3 8 1 1 0 1 2 2 2 1 1 1 3 2 1 1 3 1 1 2 3 7 2 2 2 4 2 0 0 2 0 2 3 3 1 0 1 0 1 2 0 3 1 5 5 1 1 3 2 3 2 2 0 4 2 2 0 0 2 0 2 3 2 1 2 1 1 1 2 2 3 0 1 2 1 5 2 3 2 2 1 2 1 1 4 3 2 2 2 2 1 0 2 2 3 2 3 1 3 1 2 1 1 4 3 1 5 3 5 4 2 2 0 4 0 3 3 2 4 1 2 3 3 2 3 1 3 2 0 0 1 2 2 1 3 3 1 2 2 2 3 4 0 3 2 0 4 2 5 3 5 2 0 4 1 0 2 3 2 1 1 3 2 3 2 2 1 0 2 2 4 2 1 1 3 2 0 2 0 4 2 1 3 2 2 2 4 2 5 3 0 4 2 1 2 1 4 2 2 2 0 0 1 3 2 2 1 3 2 2 3 3 0 2 2 2 2 0 1 1 3 2 2 4 0 1 1 1 2 2 3 2 1 2 2 1 4 1 5 1 3 4 0 3 1 0 1 3 2 2 3 2 5 3 3 0 1 1 0 2 5 2 4 4 2 1 1 3 1 7 2 1 0 0 5 0 1 2 3 3 1 2 1 3 0 0 2 2 2 2 1 2 1 1 1 4 3 0 4 2 1 3 3 1 3 0 3 2 5 2 2 2 3 4 1 1 3 0 2 3 1 2 3 3 0 0 1 3 1 1 3 4 2 1 1 1 2 3 0 1 2 2 3 1 8 2 2 1 1 2 2 0 3 1 2 7 3 1 4 2 0 1 1 4 3 3 5 0 3 2 1 0 1 2 3 3 4 1 6 1 1 1 1 2 1 1 1 0 1 2 1 3 0 0 1 3 3 1 3 2 1 0 4 2 1 0 2 4 3 4 6 0 2 0 1 1 0 1 4 4 2 4 2 0 1 3 0 2 4 2 3 2 3 1 0 2 0 1 3 6 3 1 1 0 1 4 1 2 5 1 3 0 1 1 3 1 0 1 2 3 1 4 4 1 1 0 2 2 0 2 2 2 2 1 3 3 2 4 2 1 3 0 2 4 0 2 1 0 0 1 1 2 3 1 0 1 4 3 2 4 2 2 0 3 0 2 4 2 3 0 1 2 2 4 3 0 3 1 0 1 1 2 3 2 2 1 2 2 2 1 3 4 3 1 2 3 1 2 2 0 2 6 2 2 1 1 1 3 1 5 2 5 1 1 0 6 2 3 2 4 2 3 1 0 2 0 1 3 3 3 2 1 1 1 1 4 3 0 2 1 0 1 3 3 3 1 2 0 0 3 1 2 2 3 1 0 3 0 5 2 2 3 4 1 2 3 1 1 1 1 2 6 1 2 0 3 1 1 2 3 4 4 2 0 1 0 2 0 2 2 2 1 1 1 3 4 4 2 3 2 0 5 0 1 2 0 0 3 1 2 0 0 3 1 2 3 1 3 2 7 3 0 3 1 2 1 1 1 2 2 2 0 2 5 3 0 0 1 3 0 3 3 0 2 2 0 4 0 3 2 1 1 1 0 2 4 3 3 1 1 3 1 4 3 3 1 2 1 1 2 1 1 4 0 0 3 1 0 1 3 3 1 3 0 2 2 2 2 3 5 2 2 3 2 5 1 1 3 2 1 2 1 4 1 1 2 1 0 6 5 1 0 1 1 1 1 1 4 4 0 2 4 0 1 1 2 1 2 0 2 5 2 2 1 1 5 1 4 2 1 2 2 0 1 5 0 3 1 2 2 0 1 2 3 3 0 1 2 4 1 0 1 7 2 4 5 0 3 2 0 2 2 2 0 4 0 2 2 1 2 3 4 2 1 3 5 2 1 1 1 4 3 1 1 2 0 0 2 1 5 1 3 1 2 1 2 0 5 4 1 3 1 1 2 0 0 1 1 1 1 6 1 1 2 1 1 6 0 5 1 7 0 1 0 1 1 1 1 1 2 0 2 6 1 1 2 3 3 1 2 0 2 6 2 4 1 2 1 3 1 4 1 2 2 1 1 4 2 3 4 0 2 3 0 2 3 4 1 0 2 0 1 2 3 1 3 4 2 0 2 1 3 1 3 1 4 0 0 1 2 3 1 1 2 4 2 6 1 0 0 3 2 2 1 1 4 1 1 3 1 0 1 5 0 3 1 3 1 0 1 4 2 4 4 0 2 3 1 1 3 1 2 3 1 1 4 1 1 2 0 0 0 2 4 2 1 4 3 4 0 2 1 2 3 0 1 3 3 2 3 1 2 2 0 2 1 3 4 0 2 1 2 2 1 4 1 2 4 3 2 1 3 1 1 2 0 3 2 2 3 3 3 2 1 1 5 4 1 2 5 1 0 2 2 2 1 1 2 2 4 4 2 3 5 1 1 2 2 2 4 2 5 0 5 0 3 1 2 1 0 3 2 3 1 0 4 0 2 2 1 2 2 4 1 1 2 0 2 2 1 4 3 1 3 3 1 4 0 0 2 1 1 2 3 2 1 2 2 2 1 0 3 1 0 3 1 1 2 2 2 0 1 2 4 0 2 3 3 1 2 3 3 1 2 4 0 2 2 3 3 2 1 1 4 2 1 2 2 3 0 2 0 4 1 3 3 3 1 1 0 3 0 2 2 0 3 4 2 3 3 0 1 1 0 1 3 1 3 3 1 1 3 2 1 3 2 1 5 1 4 2 1 0 3 2 1 4 2 2 1 5 0 1 2 2 2 3 1 1 1 1 1 1 2 4 2 1 5 1 1 3 3 1 3 4 3 1 3 1 0 2 1 1 2 2 3 1 2 2 2 1 2 3 5 0 2 2 2 3 1 0 3 1 2 1 1 1 2 2 1 2 1 4 2 0 1 2 5 3 2 0 2 3 0 3 3 1 0 4 1 0 0 2 5 4 2 2 1 2 1 3 2 3 1 4 2 3 1 2 0 1 4 5 3 1 2 0 4 1 1 1 1 1 1 2 0 3 1 1 3 0 5 2 0 2 4 3 1 2 2 2 2 1 0 2 1 7 2 3 2 0 0 1 1 5 3 3 1 3 3 2 1 0 1 2 4 0 4 3 2 0 2 6 0 5 2 1 4 2 1 2 2 3 0 2 3 3 2 1 3 1 1 1 2 1 4 5 1 3 4 0 2 0 1 1 0 2 4 5 0 5 2 2 0 2 0 3 4 1 1 1 1 2 1 1 2 5 1 1 1 2 3 3 2 2 4 2 0 5 1 1 0 2 1 1 1 3 3 1 1 3 3 2 2 2 1 4 3 1 4 0 4 1 1 3 1 2 1 0 1 0 2 3 0 0 1 3 1 1 1 3 4 1 4 2 1 2 2 2 1 1 4 4 2 3 0 1 3 1 1 2 1 2 3 1 0 0 3 1 5 3 2 1 2 1 4 1 1 1 1 4 1 3 3 2 2 0 1 3 0 5 2 1 1 1 2 3 1 1 3 3 2 5 3 1 2 4 3 0 3 3 2 1 1 3 2 1 1 3 1 2 1 0 1 2 0 3 3 6 2 2 2 0 1 2 1 3 2 1 1 4 6 2 1 2 1 3 0 5 2 4 2 4 0 1 0 2 2 1 1 3 1 3 1 2 3 2 0 1 1 1 1 2 2 3 1 0 1 2 1 0 0 1 4 2 2 1 3 0 5 0 2 1 0 5 0 3 1 0 1 2 2 2 0 3 0 1 1 3 4 2 3 2 1 0 4 3 0 2 0 3 6 5 1 2 1 2 3 4 0 1 0 0 3 2 2 3 1 2 2 1 1 3 2 1 2 2 3 0 1 1 3 1 3 1 5 1 0 1 2 2 1 3 1 0 1 2 3 2 2 1 1 2 2 4 2 4 0 3 4 2 2 1 1 2 1 1 1 4 2 2 1 2 0 3 3 1 3 4 1 2 3 3 1 1 2 2 1 2 0 3 4 3 3 4 5 0 0 2 3 5 3 2 3 3 0 3 1 2 1 1 2 0 2 3 1 2 3 1 2 3 4 2 1 1 0 1 1 1 1 3 0 2 0 1 1 1 5 3 5 2 0 2 0 1 1 5 4 1 4 2 1 2 1 1 3 1 2 1 3 0 0 3 3 2 3 5 0 0 2 0 2 1 3 3 1 2 4 1 2 0 1 1 3 1 1 1 2 4 2 1 1 1 3 2 0 1 2 3 5 2 2 0 1 3 4 4 1 2 0 1 2 1 1 2 1 2 1 1 2 3 4 3 1 3 2 0 2 1 2 3 3 2 2 1 2 1 2 2 4 1 2 2 0 2 1 2 1 3 2 1 3 3 2 2 1 6 0 1 1 4 2 1 1 2 1 1 2 1 3 0 6 3 0 2 1 2 1 3 2 4 1 2 2 1 1 1 0 4 1 1 0 2 1 3 4 3 0 1 5 1 2 2 1 4 1 4 3 0 3 3 4 1 1 2 2 2 1 1 2 1 0 1 3 3 1 1 0 2 7 5 3 1 2 3 1 1 1 2 6 0 1 2 1 4 4 2 4 0 4 2 1 3 1 0 3 0 1 4 0 0 2 3 2 2 2 2 1 4 1 5 0 0 2 6 0 1 2 0 2 1 3 1 0 3 2 4 2 1 2 3 0 3 1 2 3 2 3 2 2 2 1 2 2 3 0 0 0 0 1 3 2 2 4 0 2 3 2 1 1 1 1 1 1 3 3 2 1 2 1 2 1 2 2 5 2 1 0 2 1 2 0 1 3 1 2 4 0 2 3 1 1 1 3 4 2 0 2 0 1 2 1 3 2 3 3 2 1 2 2 6 2 3 1 0 4 1 0 2 1 3 1 5 2 1 3 0 1 2 4 0 2 4 4 1 2 2 3 2 1 2 3 1 2 2 2 1 3 2 0 1 0 1 3 1 3 1 2 3 2 1 5 0 0 3 3 4 1 1 2 1 2 2 2 2 5 0 3 1 2 0 2 1 1 2 4 1 4 2 3 2 5 3 2 2 3 3 2 2 2 1 1 1 3 1 5 2 4 2 1 0 5 2 4 2 1 2 2 2 0 5 2 1 8 2 4 2 1 4 2 3 4 0 2 3 4 4 1 0 0 3 4 0 4 3 3 4 2 1 0 2 0 0 1 0 1 2 2 1 1 4 2 0 1 1 4 2 1 3 1 5 2 3 4 2 1 1 2 4 1 2 1 2 0 2 2 1 2 1 2 2 5 1 0 1 2 2 0 5 2 1 3 2 4 1 2 2 0 1 0 1 1 1 0 2 0 4 1 0 2 1 2 1 0 0 2 4 3 4 3 2 2 0 2 2 1 1 1 2 0 1 3 1 4 4 2 2 2 3 2 4 2 1 0 3 1 2 2 1 4 1 0 1 3 0 4 4 1 2 5 2 3 3 1 2 2 0 1 3 3 4 0 2 1 1 4 4 2 1 6 5 3 1 2 0 3 1 2 2 2 4 2 3 0 2 2 2 1 2 2 2 0 5 2 3 2 2 1 1 4 0 1 2 2 1 3 5 1 4 0 3 4 2 0 2 3 2 2 1 3 1 3 1 3 2 3 1 3 2 3 3 0 1 4 3 1 0 1 1 3 2 2 4 3 1 1 4 2 1 1 3 3 3 1 3 1 2 2 2 4 3 0 1 2 3 4 1 3 3 3 1 1 1 5 2 1 1 5 1 3 2 4 1 0 2 1 5 0 1 0 1 6 3 2 2 2 2 1 2 3 2 1 0 3 2 2 1 3 1 2 2 4 2 5 1 0 1 3 2 1 1 1 5 0 1 1 2 2 3 1 0 3 1 3 1 3 1 1 1 0 2 2 1 3 3 5 1 1 2 3 2 1 2 3 2 4 4 2 3 4 2 3 1 3 4 4 0 0 2 1 2 2 4 2 0 2 8 0 2 4 1 0 3 0 2 4 4 3 2 2 1 4 1 2 1 0 2 3 4 1 2 1 1 0 1 5 2 6 1 2 3 1 0 3 1 2 2 2 5 2 1 2 1 2 1 1 1 1 2 1 1 3 2 2 2 0 5 3 4 1 1 1 2 2 2 2 1 3 1 3 1 3 2 3 0 0 1 4 1 3 1 1 3 4 3 1 1 3 0 2 1 2 4 2 4 0 2 0 2 1 5 3 1 2 4 1 0 2 3 2 3 4 1 1 1 1 3 0 2 3 0 1 4 4 2 0 1 0 1 2 0 0 2 4 1 1 2 2 1 1 1 5 1 2 1 0 1 3 0 2 1 4 3 0 4 3 4 2 1 6 1 1 2 1 1 2 1 1 2 0 2 3 2 3 2 3 4 1 1 2 3 2 2 5 1 0 6 1 3 2 1 1 1 3 2 2 0 2 2 1 2 1 3 2 3 1 1 1 1 5 3 3 1 2 1 3 0 1 3 0 2 4 3 4 0 3 2 1 1 2 1 3 3 0 3 2 2 1 1 2 2 3 3 3 1 1 2 2 1 3 0 6 1 1 1 2 2 2 1 5 2 1 0 1 2 2 0 2 3 4 2 0 1 0 2 2 5 1 2 7 1 4 3 1 1 0 1 1 2 1 2 3 2 2 1 2 0 3 3 3 2 2 0 2 3 2 6 3 0 5 1 0 1 2 2 3 1 1 2 2 2 6 4 1 6 2 1 1 1 1 2 3 1 1 3 0 2 4 0 3 1 2 2 2 5 2 1 4 0 2 4 1 2 2 1 1 1 2 1 2 3 2 2 1 2 2 4 2 3 4 0 4 4 1 1 3 2 2 0 3 3 3 1 2 4 2 2 4 0 0 3 0 5 4 2 1 2 4 2 3 2 0 2 3 4 3 0 1 2 0 3 1 0 2 2 4 0 4 2 4 2 1 3 1 2 3 1 3 3 2 3 3 1 1 3 2 2 2 0 2 3 2 1 5 1 1 4 1 2 2 3 1 1 3 3 4 2 1 3 1 1 2 2 3 1 1 1 2 2 3 0 3 0 0 1 2 2 0 2 7 0 1 2 1 5 1 1 2 4 1 1 1 2 4 3 1 2 3 3 0 4 1 2 3 1 2 2 4 2 3 2 1 0 2 2 1 1 0 3 2 3 3 2 0 0 5 1 1 2 2 4 1 1 0 2 3 4 2 2 1 1 4 2 3 1 1 2 3 1 1 0 1 2 3 3 1 1 1 3 1 1 5 3 1 3 1 1 2 2 1 2 4 3 2 1 1 2 1 0 3 1 0 4 2 3 5 0 4 1 4 2 2 0 3 0 3 3 0 2 2 3 3 1 1 3 0 4 2 1 3 2 0 1 0 3 2 1 2 0 4 2 2 0 0 2 2 0 1 5 0 2 0 2 1 0 2 3 1 1 2 2 1 2 0 3 0 2 3 2 3 1 0 1 0 3 4 2 0 2 0 2 4 1 0 3 3 0 4 0 3 2 3 3 0 2 4 3 4 2 2 2 1 1 3 3 4 1 2 1 1 3 1 1 1 0 2 1 2 3 1 3 3 2 1 0 1 2 2 2 2 2 0 2 2 2 3 4 3 1 2 2 2 0 3 1 1 4 0 3 0 3 2 4 0 2 1 3 4 1 3 3 2 2 4 4 2 3 3 0 3 0 1 1 3 6 1 2 1 0 5 4 4 2 2 0 2 0 1 0 2 2 1 5 1 3 3 1 3 1 4 2 2 0 2 4 1 1 1 1 2 1 3 1 0 1 2 4 2 0 2 2 3 2 2 2 4 2 1 3 1 2 6 1 3 2 1 0 1 2 3 0 4 1 3 2 0 2 1 0 3 1 0 2 0 1 3 0 0 3 5 1 1 2 0 1 4 3 2 2 0 1 0 1 0 2 1 1 3 3 1 0 3 0 0 5 2 1 3 3 2 1 3 0 6 0 2 3 3 6 3 1 1 0 1 4 2 2 2 3 1 2 4 5 0 3 2 1 0 4 5 3 2 3 2 1 3 0 2 0 0 3 2 4 3 2 0 0 3 1 2 2 4 1 2 2 2 0 2 3 2 3 4 3 2 2 1 2 1 2 3 2 1 0 2 5 1 0 2 3 2 0 0 0 0 4 3 4 2 0 1 2 1 0 1 2 3 1 1 0 3 6 0 0 3 4 1 3 0 3 0 1 3 3 0 2 1 1 3 0 5 1 2 0 1 0 2 4 4 0 2 2 1 2 1 2 1 2 4 5 0 2 2 2 2 4 4 0 1 1 2 1 4 2 3 2 3 1 2 3 1 0 1 0 4 3 2 3 0 3 2 0 2 1 3 4 2 1 1 2 2 2 4 2 3 2 3 3 0 1 2 2 2 2 0 0 3 1 5 0 1 0 2 0 1 2 3 3 4 2 1 5 0 2 2 4 2 1 2 3 0 2 4 1 4 5 1 3 2 3 0 3 1 3 0 4 3 3 0 4 0 0 4 2 4 2 1 2 5 2 3 4 4 2 3 2 0 2 5 0 2 2 3 2 4 1 2 2 2 1 4 4 0 2 3 2 3 2 4 2 1 0 1 0 4 1 2 0 3 1 2 2 3 0 1 1 5 2 2 2 4 2 3 0 0 2 1 5 1 1 3 0 2 1 1 3 3 2 3 4 1 1 1 5 4 1 3 4 0 1 2 5 2 3 3 1 2 1 1 0 3 4 1 3 1 2 3 2 3 4 2 1 2 1 0 1 3 3 1 0 2 1 2 0 1 1 2 1 1 2 0 3 2 1 2 1 5 3 4 3 1 1 1 2 0 1 3 2 0 1 1 0 2 1 5 2 4 0 2 3 2 1 3 0 1 2 3 0 5 3 0 1 1 4 5 2 0 4 4 3 2 0 2 2 1 2 1 2 4 2 2 4 3 0 2 1 1 5 5 2 2 2 0 1 2 1 2 3 1 4 1 1 1 2 2 0 1 2 1 1 0 2 1 1 1 1 4 2 2 2 2 2 4 3 3 6 0 0 1 2 3 3 3 3 0 1 1 1 3 1 3 0 1 1 2 1 5 1 2 2 2 1 1 1 4 1 3 2 1 0 1 1 4 2 2 2 1 0 2 6 4 0 0 3 2 4 0 2 3 1 0 2 1 2 2 0 3 0 0 2 1 1 2 0 3 2 5 1 2 2 1 3 2 3 3 5 4 1 1 1 1 2 5 3 1 0 2 2 2 1 2 1 3 3 2 0 1 3 2 3 0 2 0 0 2 5 2 0 4 4 1 1 2 1 0 2 0 0 3 3 4 1 2 3 2 1 1 3 3 2 4 2 1 2 3 3 3 2 0 2 2 2 4 4 0 3 1 3 2 0 1 3 1 2 2 3 2 2 2 1 3 3 2 0 2 2 0 4 2 1 2 3 1 4 4 1 4 2 0 2 2 2 0 3 2 1 3 2 1 0 0 2 6 0 3 0 2 1 1 0 7 2 1 1 1 3 2 1 0 2 0 2 2 1 1 2 3 3 3 3 0 6 2 1 3 1 2 4 0 1 3 0 2 2 2 3 1 0 2 3 3 1 4 3 2 2 1 2 4 0 3 5 2 2 3 4 2 1 3 1 0 0 1 1 1 1 1 1 1 2 2 2 4 1 1 0 5 3 3 2 3 1 0 1 1 2 0 1 2 1 1 3 4 2 3 1 2 2 2 4 2 1 3 2 1 1 1 6 2 4 2 3 2 1 1 0 3 2 1 1 5 3 0 0 1 2 0 1 2 0 4 2 3 0 6 1 2 2 2 4 2 2 4 2 2 2 2 0 4 3 2 0 1 2 0 0 0 0 4 8 3 2 1 2 1 1 1 1 0 3 1 3 2 2 3 2 3 2 3 0 0 3 1 4 1 0 3 0 3 2 4 1 2 2 3 2 0 2 4 2 5 1 1 7 4 0 0 2 1 1 3 0 1 1 2 1 3 4 3 1 2 2 0 4 3 1 4 1 3 4 3 0 2 1 0 3 1 0 2 6 0 2 4 2 1 2 0 0 2 0 1 2 2 1 4 3 4 0 5 2 1 2 1 1 2 0 6 4 2 2 2 2 2 1 2 4 1 7 3 3 2 0 2 1 1 3 0 1 2 1 2 1 3 5 2 1 1 0 0 1 3 2 1 3 1 2 1 1 3 1 2 3 3 1 2 0 0 1 1 1 2 0 0 0 2 4 2 0 3 1 0 3 1 2 1 4 2 0 3 2 2 2 1 2 2 1 2 3 0 0 2 0 2 5 3 5 1 0 2 2 1 2 1 3 4 1 3 3 0 0 1 0 2 3 1 2 3 1 1 1 0 2 1 2 6 1 0 1 5 3 1 0 0 3 0 0 1 4 2 1 2 1 2 3 3 1 0 3 1 4 2 2 0 3 3 2 2 0 2 2 2 5 1 1 5 3 2 0 1 1 0 3 3 6 2 1 2 5 2 0 2 1 2 2 1 3 3 2 2 2 2 0 2 1 2 1 2 2 2 3 1 1 0 3 1 3 1 4 3 0 3 1 2 1 2 0 2 1 2 2 7 2 2 3 4 0 4 1 0 3 1 2 3 1 2 1 1 4 2 0 1 2 1 2 1 1 1 5 1 2 1 3 1 2 2 1 1 2 4 2 3 2 2 1 1 3 3 4 3 1 2 1 3 4 3 3 3 2 2 0 1 1 1 2 2 7 1 3 1 4 0 1 2 1 2 3 3 3 2 0 2 1 3 4 0 0 2 0 0 1 5 2 2 4 1 1 4 1 4 3 1 2 0 4 2 1 2 3 3 4 2 1 2 1 1 4 2 0 2 4 1 2 2 0 2 2 1 2 5 0 4 2 2 2 2 1 1 1 1 3 2 4 2 1 3 3 3 3 2 2 2 3 2 0 1 3 3 1 3 1 2 3 5 3 3 1 1 0 2 0 3 5 4 3 2 2 5 0 1 2 5 1 1 2 1 2 3 2 0 5 0 3 2 3 0 1 3 1 0 1 3 4 3 1 2 3 1 1 2 3 1 2 2 1 2 3 0 2 2 4 1 7 0 3 2 2 2 3 2 2 0 2 3 0 1 2 3 7 2 4 0 2 1 2 1 1 1 2 1 2 1 5 2 1 2 0 2 1 0 2 4 3 2 3 2 5 2 1 0 1 2 3 3 3 2 4 3 2 2 1 3 1 2 1 2 4 1 5 4 3 2 1 1 3 4 2 1 2 0 3 2 3 3 1 2 1 2 2 3 0 2 2 0 3 0 3 1 4 2 2 0 5 0 7 1 1 1 3 0 2 4 2 3 0 2 1 3 2 2 0 1 3 3 2 3 2 5 0 1 3 1 2 2 1 1 2 1 1 2 3 4 4 0 3 0 4 1 1 3 1 4 2 3 2 1 1 1 1 3 3 1 2 3 3 4 4 2 2 1 0 1 4 2 2 6 3 4 3 0 3 3 2 1 3 2 3 2 1 1 2 1 5 1 1 6 3 2 1 2 0 1 2 3 5 3 1 2 0 0 3 1 1 0 4 0 0 3 4 2 0 1 3 1 3 1 1 2 2 1 0 2 1 1 0 0 2 1 5 1 2 1 0 1 4 0 2 0 2 3 2 0 4 0 3 1 3 1 0 0 2 3 3 0 1 1 0 4 1 0 0 4 3 0 2 1 2 3 0 2 2 2 2 1 3 4 2 4 2 1 3 4 4 0 1 0 3 2 6 0 1 1 6 1 0 3 2 4 2 1 2 3 2 3 3 0 3 5 1 1 1 4 3 4 1 3 3 2 1 0 3 1 4 1 1 1 2 2 2 1 7 4 1 0 0 0 1 1 1 3 2 2 2 1 3 3 2 3 0 1 2 5 1 6 2 1 2 0 2 3 5 3 2 1 0 1 1 2 3 1 2 2 0 5 2 3 3 3 0 2 2 2 3 0 4 3 0 4 2 1 1 1 4 2 3 2 0 1 0 1 3 2 3 1 0 0 1 2 5 1 1 3 0 2 1 4 1 0 0 1 0 4 3 2 2 3 3 2 0 0 1 3 0 2 2 0 6 2 2 2 2 1 3 0 5 2 3 1 2 3 2 1 0 4 3 4 1 1 4 2 2 2 0 1 3 1 1 1 1 1 1 4 3 3 3 2 5 2 1 2 1 3 2 3 1 1 2 2 1 2 3 1 2 2 3 2 4 1 2 1 4 1 5 0 2 1 0 2 1 1 1 2 2 3 2 1 1 3 2 3 3 1 1 3 1 2 1 2 0 1 1 4 1 1 1 3 3 2 3 3 0 1 0 2 2 5 2 5 2 2 0 1 1 2 3 2 3 3 1 0 3 0 1 0 4 3 2 1 0 4 2 3 1 4 4 0 5 2 0 3 2 0 1 0 6 1 1 2 3 1 2 1 2 0 4 1 2 2 2 2 0 1 2 3 3 1 2 2 3 2 3 1 1 2 1 2 2 3 1 4 1 2 2 3 1 3 0 2 1 2 3 2 0 4 1 1 2 2 2 2 0 1 1 3 1 2 3 3 3 0 3 1 2 1 2 3 2 0 1 5 2 1 2 0 0 3 2 2 0 2 2 0 0 3 2 3 2 5 3 2 0 1 2 2 2 0 1 2 1 3 1 0 4 3 1 1 3 2 1 3 3 1 2 2 2 2 2 1 2 6 1 0 3 2 3 2 2 2 1 0 1 6 2 1 2 3 2 3 1 3 1 4 1 5 3 2 0 3 2 3 0 1 4 1 2 3 2 2 1 0 1 1 1 4 1 5 2 1 3 1 6 1 4 0 3 2 3 1 2 1 0 1 3 3 2 2 2 1 3 3 1 0 1 0 2 2 1 3 3 2 5 1 5 0 2 2 3 2 0 2 1 0 6 2 1 1 1 1 3 2 2 0 0 2 1 2 3 3 2 1 4 1 3 3 3 0 0 0 2 2 1 2 1 2 2 0 1 1 3 0 3 3 3 0 3 1 2 1 0 2 4 1 1 1 3 3 3 2 1 2 2 2 1 3 2 0 2 2 4 0 0 1 7 4 3 1 1 3 3 1 0 2 3 2 5 1 1 3 2 1 2 0 3 0 2 2 3 1 1 5 4 1 1 2 2 4 1 3 5 0 0 3 2 1 2 1 4 3 1 3 2 5 2 1 1 1 4 1 2 1 2 1 1 0 3 0 3 3 5 1 2 0 0 2 3 3 3 1 0 1 2 3 2 1 2 0 2 1 3 2 5 1 3 3 1 0 1 2 3 3 2 1 2 2 2 3 0 0 3 4 1 1 2 3 2 2 2 1 4 0 2 4 1 2 4 5 2 3 4 1 0 3 3 1 1 0 1 1 2 5 0 2 0 3 1 1 1 0 2 4 1 4 3 3 2 2 0 6 2 2 2 3 0 2 3 3 0 1 1 0 1 4 2 1 6 5 6 3 1 1 1 0 3 2 3 1 1 3 0 3 2 1 2 2 0 3 0 3 3 3 1 3 1 1 0 1 2 3 3 1 3 1 3 1 1 0 2 1 2 3 4 1 1 3 4 2 1 1 1 1 3 3 4 1 4 0 2 1 3 1 6 2 0 3 0 1 2 1 1 2 5 1 0 4 2 1 1 2 1 1 0 2 3 4 3 0 1 5 2 2 4 2 3 0 0 2 6 1 4 2 0 1 0 2 0 2 4 0 5 3 3 3 2 5 2 1 4 1 4 1 2 1 1 3 4 0 0 2 2 4 3 1 5 3 1 5 3 1 1 1 1 3 2 3 2 1 3 4 2 1 1 3 3 0 3 1 4 2 2 1 3 2 1 1 3 1 1 2 2 2 0 6 5 5 1 3 3 4 2 0 3 1 1 5 5 3 6 1 2 4 0 2 1 1 4 2 0 3 1 5 1 2 1 2 1 3 1 4 4 1 2 2 2 1 3 3 4 2 2 3 1 2 0 1 3 2 3 1 3 1 1 0 5 0 2 2 1 1 1 2 2 3 2 2 3 2 4 3 1 6 2 2 0 2 2 4 0 2 3 3 4 3 1 3 3 1 2 1 2 1 2 4 3 4 1 1 5 3 0 1 2 1 3 2 5 3 1 4 2 1 3 0 1 2 4 0 1 2 3 1 0 4 4 4 3 1 3 3 3 2 2 4 1 2 2 2 3 1 1 3 4 3 1 0 3 1 1 0 1 2 1 2 1 3 3 3 1 6 2 2 1 0 1 6 4 0 2 1 1 3 2 1 4 1 1 3 2 5 1 1 0 1 1 3 2 0 0 0 3 2 0 2 4 3 1 1 3 1 2 2 1 2 5 3 2 3 0 2 1 1 3 1 1 4 4 3 2 3 0 3 1 1 3 0 0 2 1 1 5 4 1 0 2 3 0 4 4 3 1 2 2 0 1 2 2 3 1 1 4 0 0 1 0 4 1 0 2 3 1 2 3 3 2 1 0 1 1 4 1 2 3 1 0 1 2 1 3 3 2 2 1 3 3 3 1 1 3 1 6 0 2 4 1 6 0 1 0 2 3 1 1 0 1 0 2 0 0 2 3 0 2 2 6 1 0 4 5 0 3 3 0 0 1 0 1 0 6 2 1 2 1 2 2 2 2 2 4 2 2 1 1 2 5 1 4 0 3 2 2 2 2 2 3 4 4 3 0 1 3 0 2 3 0 3 2 3 1 0 1 1 1 2 5 3 3 1 0 3 2 0 0 2 3 2 5 2 2 2 1 0 0 5 3 1 3 2 3 2 4 2 0 1 3 2 1 0 1 2 2 1 1 1 2 2 3 3 1 0 2 3 2 0 1 1 4 1 1 2 4 4 2 4 3 3 3 3 4 2 1 2 3 1 5 2 2 2 4 3 3 3 4 0 3 1 3 2 4 1 0 3 0 3 3 2 3 1 6 1 2 2 1 3 3 2 0 2 1 2 2 3 0 3 3 2 1 2 3 2 1 2 3 1 3 5 0 1 3 0 4 5 1 7 2 5 1 1 2 3 0 2 0 2 3 2 2 4 2 3 2 0 1 0 4 1 3 2 1 2 0 1 0 1 2 3 1 2 2 3 0 3 6 4 2 0 0 3 2 0 1 3 1 1 2 0 2 3 2 3 1 2 2 0 0 0 2 4 2 2 4 0 2 1 0 3 3 5 0 0 1 1 5 2 4 1 3 2 1 1 2 2 1 2 0 2 2 1 2 2 2 3 2 3 2 3 2 1 3 3 2 1 3 2 1 0 2 3 2 1 3 0 3 1 0 4 0 2 4 2 2 2 2 1 3 1 2 2 2 2 1 0 1 2 3 1 2 2 1 3 1 1 3 0 5 1 6 1 2 2 1 2 1 1 1 0 2 3 1 3 2 1 1 2 3 1 5 2 1 1 0 2 3 1 0 4 1 5 1 4 3 2 1 2 1 3 1 1 1 1 2 0 1 3 2 4 5 1 1 0 0 5 2 2 2 2 1 1 1 0 5 3 1 1 2 4 3 1 1 2 2 5 1 4 0 2 1 0 0 3 1 3 3 4 0 1 2 2 2 1 3 1 2 2 3 2 4 2 2 2 2 2 1 3 4 2 1 1 1 2 3 3 3 4 2 1 4 2 1 1 0 4 2 1 2 1 2 1 4 4 2 2 1 1 2 2 0 2 0 3 3 9 3 3 5 3 0 3 1 0 0 5 2 1 1 0 1 1 1 3 5 6 0 5 2 5 2 1 2 5 0 2 2 2 2 0 1 1 5 2 1 2 2 2 4 1 1 2 0 1 3 2 4 0 2 1 3 0 2 0 4 3 1 2 3 2 2 2 1 4 2 3 2 4 0 1 3 2 1 4 2 1 1 3 2 2 3 1 1 2 3 2 2 2 4 1 1 1 1 2 2 2 5 1 3 3 1 1 1 0 3 5 4 4 0 0 4 1 2 0 1 0 1 2 2 4 4 2 3 1 3 0 1 2 2 2 3 4 1 2 1 0 6 4 3 1 2 2 3 2 1 3 2 6 1 1 3 1 3 2 2 1 3 4 4 2 4 4 1 1 1 2 0 1 2 1 3 2 3 2 0 3 0 0 1 1 3 2 5 2 1 0 1 0 2 3 0 4 3 3 3 3 1 1 1 6 2 2 2 2 1 3 1 2 2 3 0 3 3 2 2 2 2 3 0 5 0 1 2 1 1 3 2 4 1 3 0 3 3 3 1 0 1 1 1 2 3 1 2 1 4 4 1 4 1 2 4 1 0 0 2 0 1 4 1 0 1 3 3 4 3 3 0 4 5 1 1 1 4 5 3 3 3 1 1 2 2 2 2 1 1 1 0 3 3 2 1 0 2 1 5 3 1 1 4 2 2 4 3 3 1 0 2 1 5 3 3 1 2 2 1 1 2 1 4 4 0 3 4 2 0 1 2 2 4 5 4 1 2 0 1 1 3 1 2 2 3 0 0 3 1 3 2 1 3 1 1 1 1 1 1 1 5 0 0 1 1 3 1 2 4 3 3 2 0 1 0 1 1 2 5 0 1 2 3 1 4 1 3 0 1 2 1 3 2 3 2 0 3 2 5 2 2 0 1 0 1 2 1 2 3 3 1 1 2 4 2 5 1 0 2 1 4 0 1 2 1 1 2 3 0 3 0 3 2 2 6 2 0 1 1 1 2 0 2 5 1 3 1 2 0 2 5 0 3 6 1 0 2 3 0 1 3 3 3 4 3 0 1 3 3 1 1 2 6 0 0 4 4 1 1 0 3 0 0 2 5 4 3 4 2 1 0 1 1 3 3 2 0 1 2 3 0 2 3 5 0 3 4 1 0 0 1 0 2 2 3 2 3 0 0 1 1 1 4 1 1 4 1 3 3 1 5 1 2 1 2 3 4 0 3 2 2 1 4 2 3 2 2 3 0 2 1 3 0 1 2 1 2 0 2 1 1 2 1 1 1 1 1 3 2 0 3 2 4 3 1 1 1 2 1 2 2 2 3 1 2 2 1 0 1 1 0 5 3 2 2 0 1 7 1 3 1 1 1 2 0 2 2 2 3 0 1 2 2 1 3 1 3 1 4 1 2 3 4 0 3 1 2 1 1 1 0 2 2 5 5 2 1 2 1 2 1 3 1 4 1 0 3 2 0 2 2 3 2 0 1 3 2 3 4 2 1 8 0 1 0 4 1 4 2 1 2 0 3 1 0 1 1 1 2 2 3 0 2 3 1 2 3 1 4 0 2 3 2 0 2 4 0 2 3 2 2 2 2 1 2 0 2 0 1 0 3 1 1 1 2 1 1 3 3 2 3 1 2 1 3 2 0 3 2 3 4 5 1 0 3 1 1 2 0 1 2 3 2 2 2 1 2 0 2 4 2 3 1 3 1 2 3 0 3 1 1 2 2 1 2 0 6 1 1 1 2 0 2 2 0 2 2 2 0 1 2 1 1 2 1 0 5 4 3 1 3 3 2 2 1 1 0 1 2 3 2 0 5 2 3 3 2 2 1 0 2 2 2 2 3 4 0 0 1 1 2 1 1 2 2 1 4 2 2 4 1 3 4 2 0 2 4 2 5 2 0 3 4 1 2 2 2 2 2 3 1 1 4 5 2 1 3 3 3 0 2 1 1 3 0 2 3 2 0 2 4 1 3 2 0 0 1 1 0 2 1 1 0 4 2 1 1 2 2 1 2 3 0 4 2 2 1 2 1 1 0 1 1 2 3 5 1 5 2 2 5 0 2 1 1 1 5 2 1 4 0 3 1 0 3 0 2 4 1 3 2 3 0 3 2 5 4 0 5 1 1 0 1 2 2 3 0 3 2 0 1 0 4 3 0 1 3 2 3 1 2 1 4 1 4 1 3 0 0 5 5 2 1 1 2 1 6 2 2 2 2 4 1 1 1 1 1 1 0 1 2 1 4 2 3 1 0 4 2 4 1 2 4 1 1 1 2 2 1 3 1 2 2 2 3 2 2 2 1 1 2 5 3 1 2 5 0 3 1 4 1 3 1 1 3 1 3 0 4 2 2 2 0 2 2 1 2 0 3 2 4 2 4 2 1 2 2 1 2 0 4 1 1 0 1 2 4 2 0 1 1 1 4 2 2 1 1 2 3 6 2 3 1 1 0 1 1 3 0 2 2 3 2 3 1 5 1 2 2 2 1 3 0 2 4 3 2 3 1 1 2 3 1 2 1 3 0 1 1 4 5 2 3 3 2 1 2 1 6 1 2 2 2 1 3 1 1 1 3 4 2 2 0 3 3 0 0 4 1 2 2 2 2 3 1 0 1 2 0 1 2 1 1 3 1 5 1 1 1 3 2 1 2 2 3 3 4 2 4 0 1 1 0 1 3 6 1 4 0 1 3 0 2 2 3 1 1 5 1 0 4 2 0 4 0 1 4 2 3 4 4 2 0 1 2 2 0 2 3 0 2 2 3 0 1 2 1 1 1 3 1 1 4 4 4 1 3 0 2 1 2 3 2 1 5 2 2 3 0 3 1 2 2 4 1 4 1 1 4 2 1 3 1 3 1 1 1 2 0 5 2 1 4 2 4 1 0 1 0 2 1 2 1 2 1 2 1 1 3 3 2 1 0 1 1 3 1 2 4 4 2 1 2 0 2 1 3 1 0 4 1 1 2 2 2 1 1 3 1 1 2 1 3 4 2 2 2 2 2 3 2 1 4 1 1 0 2 2 2 1 1 0 2 2 2 2 1 3 2 2 2 1 2 2 1 2 2 1 1 3 4 2 5 0 3 5 0 2 3 0 2 1 3 0 1 1 0 2 2 2 1 1 2 1 0 2 3 4 3 3 0 2 6 1 3 2 1 2 2 0 2 1 3 2 3 1 1 1 0 2 0 2 3 0 0 6 1 0 2 1 0 0 2 2 2 2 2 1 2 2 2 3 2 2 2 1 3 1 3 2 4 3 1 3 1 4 2 1 3 1 0 3 2 1 1 3 1 3 2 4 2 1 4 2 3 2 3 2 4 1 0 2 2 2 3 3 4 6 4 0 3 0 4 1 1 2 2 1 1 1 1 1 5 1 0 3 3 2 2 1 2 3 1 0 3 1 4 1 1 2 3 1 2 2 7 1 0 3 3 2 0 4 4 0 2 1 3 1 2 0 3 1 2 2 2 0 2 3 3 2 0 0 1 3 1 2 1 3 1 3 3 2 2 1 0 1 3 3 0 2 1 1 0 3 1 3 0 2 5 2 2 3 1 1 1 2 3 2 1 4 3 5 0 3 3 0 2 5 0 1 2 1 0 4 2 1 1 0 1 1 4 4 2 0 0 3 2 3 0 1 4 1 3 2 2 0 1 2 0 1 0 1 2 1 3 4 4 0 4 3 1 4 3 1 2 2 2 2 3 3 3 2 2 2 1 2 3 1 1 1 2 1 1 4 3 3 1 2 2 1 0 3 2 2 0 2 2 2 2 2 1 1 1 2 3 1 1 2 0 1 4 1 3 1 2 3 4 3 3 1 1 2 3 1 2 3 1 1 3 0 2 2 1 2 1 4 0 0 3 2 1 0 1 4 5 3 2 2 0 4 1 1 1 4 0 3 2 1 3 4 0 1 5 2 1 2 3 0 2 3 5 2 1 2 2 2 2 3 1 3 2 1 2 0 3 3 2 2 3 4 0 0 3 4 2 2 2 2 0 1 4 3 0 1 2 1 4 3 3 0 1 2 3 2 5 2 1 5 4 5 2 1 4 1 1 3 1 3 1 1 3 3 1 0 4 0 1 4 3 1 3 3 2 2 2 1 0 1 4 0 2 2 2 0 3 1 0 0 3 0 1 4 2 1 0 3 1 0 0 2 1 1 3 3 1 2 3 2 2 2 2 1 0 3 2 4 3 6 1 4 1 3 3 2 1 2 0 0 1 2 2 4 2 3 2 0 5 1 1 2 5 1 3 4 0 1 1 3 3 3 3 0 4 2 0 0 1 2 5 2 1 3 1 1 2 2 4 0 6 2 2 2 3 0 2 3 1 2 1 7 1 2 2 2 5 0 2 1 1 2 6 2 5 5 2 1 1 2 2 2 4 2 1 3 2 0 2 0 2 2 1 1 3 0 1 1 0 1 0 3 4 2 1 1 3 2 2 3 2 1 2 4 1 0 4 1 1 3 0 3 1 2 1 3 3 3 1 1 3 4 2 3 5 2 3 2 2 2 2 2 1 2 2 3 1 1 0 3 2 4 2 3 4 3 0 3 1 0 1 3 2 2 1 2 0 3 1 4 0 3 0 3 5 5 5 3 4 2 0 2 2 1 2 4 1 4 1 1 5 1 1 2 2 2 4 3 1 1 3 4 2 6 3 1 0 1 4 1 3 1 1 2 2 1 1 3 3 3 0 2 2 2 4 2 2 1 1 3 3 1 1 0 5 1 2 1 3 0 3 6 2 2 2 0 3 2 1 3 3 4 2 0 5 1 4 3 2 1 2 1 2 5 1 0 1 3 0 2 1 1 2 2 1 2 4 1 2 4 0 1 3 2 0 2 2 2 2 1 3 2 2 1 2 2 5 0 1 1 5 4 3 0 3 4 4 0 1 1 2 3 1 1 3 0 3 3 3 2 2 0 2 3 1 0 2 2 1 5 4 1 3 2 2 3 2 3 0 1 3 2 2 2 3 2 3 2 2 2 1 2 3 1 2 1 1 0 2 1 1 3 0 1 2 2 5 3 1 1 4 2 1 1 3 3 2 0 4 3 2 2 0 3 3 3 1 1 0 2 4 2 1 2 1 3 1 3 0 2 1 2 1 3 3 2 2 2 1 4 7 1 3 1 0 3 2 0 3 0 1 2 2 5 3 3 1 0 3 2 1 3 2 2 2 4 2 2 3 2 1 2 2 0 2 1 2 5 1 3 5 0 2 0 1 4 1 2 0 4 1 2 1 1 1 4 1 5 1 0 2 1 0 0 1 2 5 4 0 1 1 0 3 1 3 2 3 3 4 2 2 0 0 1 2 4 1 0 0 3 3 3 1 1 3 2 3 2 1 0 0 3 2 2 2 1 2 1 1 2 4 2 3 2 4 2 0 3 3 1 1 3 0 4 3 2 3 1 1 4 0 3 2 2 1 5 4 4 2 0 1 1 6 3 1 2 2 1 1 0 3 0 2 3 1 3 2 1 1 3 0 0 1 3 1 3 4 2 1 1 4 4 1 1 3 3 2 4 0 2 2 2 0 1 0 1 1 2 1 4 4 1 0 1 4 4 1 1 2 2 0 2 1 5 3 1 2 5 3 2 1 2 1 0 2 4 3 4 1 1 0 3 0 3 1 3 3 3 2 1 2 2 2 1 2 3 0 1 1 5 3 2 2 1 1 2 2 2 1 4 4 2 6 0 1 1 1 3 4 0 2 2 2 2 1 3 1 1 2 2 1 3 1 3 2 3 2 4 1 2 1 1 1 3 0 2 1 3 1 2 1 3 2 2 0 2 1 0 0 0 2 3 3 1 5 1 4 1 3 2 2 0 2 1 0 4 0 3 4 1 0 1 2 1 2 2 5 1 1 0 2 2 1 3 2 2 1 3 1 1 1 3 2 3 0 2 1 5 1 2 2 0 1 3 2 0 0 1 1 1 3 0 1 2 1 0 1 6 2 0 4 4 1 2 1 2 2 1 0 1 3 0 1 3 2 1 5 0 0 2 2 7 2 2 0 1 1 1 3 2 3 3 1 3 2 1 2 4 1 2 2 0 3 5 5 2 2 1 2 2 1 0 2 2 2 2 2 2 1 5 2 3 2 0 1 4 1 1 2 1 2 2 6 0 1 2 5 1 3 2 2 1 1 0 5 0 1 2 0 1 3 2 3 0 0 1 4 2 1 4 1 0 2 2 3 4 0 4 0 1 2 2 2 3 1 1 0 3 2 1 2 3 1 1 4 0 3 1 2 3 6 1 0 0 2 1 0 1 4 4 4 1 1 7 2 0 1 2 4 1 2 1 0 1 3 1 1 3 0 0 0 2 2 2 3 0 3 2 2 2 1 1 3 3 3 4 7 1 2 2 1 2 0 0 2 1 0 3 3 1 2 2 5 0 1 0 2 4 1 2 1 0 2 3 1 1 1 4 1 1 5 1 1 3 2 0 2 3 2 3 6 0 2 1 0 1 2 0 1 3 4 1 2 3 0 4 2 3 2 3 2 0 1 1 1 1 3 2 3 2 0 0 0 3 2 2 5 1 2 2 1 3 2 2 2 2 2 4 0 2 4 2 1 0 6 1 0 2 0 1 4 2 1 1 2 1 3 1 0 1 2 6 3 1 1 1 2 3 3 0 1 3 1 3 3 2 3 2 2 1 1 1 2 3 2 3 1 3 2 0 2 3 0 3 1 1 0 1 3 4 3 0 0 2 4 1 2 2 1 1 1 5 0 0 4 2 3 2 2 2 3 1 2 4 2 3 0 0 1 2 0 2 3 1 0 1 3 3 4 3 3 2 1 3 0 2 3 1 5 3 3 1 2 1 0 3 1 5 0 3 2 0 1 2 2 2 5 3 2 1 2 1 2 3 2 1 2 0 3 3 4 0 2 3 3 0 2 2 1 1 2 1 0 2 2 1 3 3 1 3 3 0 2 1 2 1 3 3 2 1 4 0 2 1 2 1 2 3 4 1 3 2 2 2 0 3 2 3 1 2 1 1 1 0 3 1 2 3 2 2 3 1 5 5 3 1 1 2 1 1 1 0 3 1 2 1 1 0 4 6 3 0 2 2 0 1 2 0 5 2 2 2 2 4 1 6 0 3 4 3 1 1 0 2 4 1 0 3 2 1 1 2 4 1 2 2 2 0 2 1 1 0 2 0 4 2 3 1 2 4 0 2 2 1 1 1 0 2 1 1 3 5 1 4 2 1 1 0 4 1 1 3 2 0 3 2 3 2 3 2 2 2 2 1 3 0 3 1 3 2 3 5 5 1 1 0 3 2 3 2 1 2 1 1 3 2 4 2 1 3 2 1 1 0 5 1 2 0 4 2 1 1 3 1 4 2 1 3 2 1 4 2 1 2 1 0 0 2 1 6 1 3 1 1 1 0 1 2 0 2 2 0 4 3 3 2 1 1 1 2 2 0 1 1 2 2 3 1 4 0 1 2 1 2 4 3 3 3 4 0 3 1 0 1 1 0 1 2 0 2 3 5 1 3 0 1 2 0 2 3 2 3 1 1 1 4 3 2 2 5 1 2 3 2 1 1 2 1 1 4 1 3 1 2 2 1 1 0 3 1 1 1 3 4 1 3 2 2 4 2 5 2 0 3 2 3 2 2 4 1 0 2 2 0 0 5 4 3 2 1 3 1 1 2 2 4 5 0 1 1 2 3 2 0 1 2 1 1 2 3 3 1 1 0 2 2 2 2 2 0 1 4 3 4 2 0 0 2 1 4 0 4 0 0 4 1 4 1 1 2 2 4 3 0 0 2 2 1 0 1 3 2 3 3 1 1 1 2 3 3 2 0 3 1 3 5 1 4 1 3 0 2 2 2 1 3 0 2 1 2 3 2 1 2 1 0 3 3 1 1 4 0 2 3 3 3 1 3 0 1 4 2 1 2 1 3 3 0 3 1 3 6 2 0 2 4 2 4 2 1 2 2 0 2 3 2 1 5 2 3 2 2 1 2 3 3 4 0 0 3 0 2 4 0 2 5 0 2 2 6 1 1 0 1 3 4 1 0 2 3 0 2 3 2 2 4 5 2 4 1 0 1 1 1 2 1 1 3 2 4 2 3 1 0 1 4 3 3 5 3 2 2 2 0 2 5 2 3 2 2 2 0 0 3 1 1 1 3 1 3 2 4 2 0 0 3 3 2 2 3 1 0 5 2 1 2 7 2 4 1 2 4 1 2 2 2 2 3 1 3 2 3 0 1 3 3 0 4 0 0 4 2 0 3 0 2 4 0 2 1 5 2 3 4 1 0 6 5 1 1 4 1 2 1 1 0 1 4 4 2 2 1 5 4 1 2 1 1 4 0 2 4 0 5 5 0 1 0 1 2 0 2 1 2 2 5 2 0 3 0 2 2 3 2 5 1 2 1 1 1 1 1 0 0 5 1 3 2 1 1 1 2 5 3 2 2 2 2 1 2 1 1 0 1 1 0 3 3 4 3 0 0 3 2 0 0 3 0 3 3 2 3 2 1 2 2 0 4 2 0 1 2 3 2 1 2 3 3 2 3 1 3 0 2 0 3 1 2 2 0 2 3 1 4 1 2 0 2 3 1 2 2 1 1 1 1 4 1 3 3 0 2 3 4 2 0 3 4 2 2 0 2 3 2 0 5 1 2 4 0 1 2 4 0 1 3 3 2 2 3 0 4 2 1 0 1 0 0 2 3 2 2 2 0 2 1 4 3 4 4 1 4 2 2 1 4 0 2 3 2 4 1 4 0 1 2 0 0 2 0 6 1 0 3 1 3 0 4 1 1 1 2 1 4 1 2 1 2 1 1 2 3 2 3 1 1 8 0 2 5 2 0 1 2 2 4 2 2 3 1 2 0 3 1 4 4 3 3 4 2 0 2 2 3 2 1 1 3 2 0 2 6 2 1 1 1 4 3 1 1 2 1 0 4 4 3 2 0 2 1 2 0 3 2 3 0 3 1 0 1 1 3 1 8 0 5 3 2 4 1 2 1 2 2 1 0 0 4 3 0 1 4 3 6 2 1 1 2 0 2 2 2 4 0 2 3 5 1 2 1 3 2 2 2 3 1 2 0 0 4 1 1 6 2 1 1 1 3 1 3 3 2 1 2 3 2 1 2 1 2 1 3 2 1 1 3 2 0 0 4 2 2 2 2 2 1 2 2 4 3 2 1 1 2 4 2 3 5 1 4 1 2 0 1 2 1 1 1 4 2 3 0 4 0 3 3 1 1 4 1 1 4 2 1 2 2 3 5 0 0 1 1 0 2 4 2 3 4 0 2 2 1 1 2 2 3 5 2 4 1 0 2 2 3 2 2 1 1 1 4 2 3 2 3 0 3 0 2 2 0 2 3 2 4 2 0 3 3 1 2 1 3 3 0 3 0 4 2 4 3 2 4 0 2 1 1 2 2 5 1 4 3 1 1 1 3 1 2 2 2 1 2 3 3 1 3 3 4 1 2 1 0 2 0 2 0 2 2 0 4 3 2 3 0 3 0 4 1 3 0 3 2 1 0 3 1 4 3 1 3 1 2 0 3 2 1 2 3 4 3 2 1 5 1 4 0 3 0 4 1 4 3 1 1 3 3 3 1 2 0 2 4 2 0 1 1 0 4 4 2 4 3 1 2 1 1 2 1 3 3 4 3 0 2 1 2 3 1 1 7 3 4 3 2 2 1 1 1 2 0 4 0 3 2 0 2 4 0 4 1 1 0 1 0 2 4 3 0 1 4 0 2 4 1 3 1 1 2 3 1 3 0 2 1 5 3 1 3 1 2 1 0 0 2 0 2 0 4 2 1 1 4 1 3 0 1 1 2 2 2 2 3 2 6 1 1 1 0 5 2 2 0 2 2 0 1 0 1 3 1 2 2 5 1 0 4 2 1 2 2 2 0 2 1 1 1 1 2 0 1 3 3 1 2 1 1 0 1 2 1 4 1 2 0 4 3 2 2 2 0 5 1 6 1 4 2 3 0 3 2 0 0 3 2 1 2 3 2 3 3 1 0 4 6 0 2 0 1 1 2 3 3 1 4 1 1 0 1 1 5 3 1 3 1 2 4 1 1 0 2 2 3 3 2 1 2 2 0 0 3 0 3 2 1 2 1 0 0 2 2 1 1 0 3 2 1 1 5 1 3 0 3 1 0 2 5 1 2 4 0 2 2 2 3 1 0 1 4 3 2 2 2 2 1 0 2 1 0 2 5 1 2 5 4 1 4 3 4 3 1 1 1 4 2 1 2 0 3 1 2 1 1 0 5 2 1 1 3 2 1 0 3 3 1 0 4 1 3 1 1 4 1 2 2 2 0 1 3 2 4 4 1 0 1 7 1 2 1 2 2 1 0 0 3 1 1 2 1 2 1 1 2 5 0 3 1 1 4 1 2 4 1 3 1 2 2 0 2 2 3 1 0 2 2 1 2 0 1 3 0 1 4 1 1 2 3 3 3 1 4 1 5 4 1 4 2 1 1 1 2 1 0 2 2 0 0 4 0 1 2 4 3 1 3 3 5 2 3 1 0 1 4 0 2 3 0 3 0 2 1 1 2 1 3 3 3 1 0 2 1 2 1 0 1 2 3 2 1 0 0 2 3 2 2 3 2 1 1 2 2 3 2 1 2 3 1 1 1 1 1 3 2 2 2 0 5 5 0 0 2 1 1 2 4 0 1 2 4 2 1 0 6 3 0 0 5 5 1 1 1 1 2 3 3 1 1 0 1 2 5 6 5 2 2 1 2 1 1 1 3 4 4 0 3 6 0 3 1 3 2 3 3 0 2 2 1 0 2 4 2 1 2 1 4 3 1 1 4 4 3 2 3 1 0 3 3 0 0 1 1 1 2 1 4 1 2 2 3 0 1 3 0 5 0 2 1 7 0 1 3 1 3 2 2 4 2 0 2 1 5 2 2 0 1 2 0 0 2 4 1 4 4 2 1 5 1 0 1 3 2 3 4 2 1 1 1 1 2 3 1 3 1 2 3 0 2 1 1 2 2 1 0 2 4 3 1 2 2 3 2 2 1 2 4 1 1 1 1 2 2 1 3 1 2 2 2 3 5 2 2 2 1 0 0 2 3 3 4 2 2 2 3 6 2 2 1 1 1 1 2 3 2 1 3 3 2 2 5 2 1 3 3 4 3 1 2 0 2 2 3 3 1 0 2 2 1 5 2 2 1 2 3 6 2 1 6 1 3 0 1 2 1 5 2 1 1 2 1 0 4 2 1 2 1 0 4 1 1 2 0 3 2 1 4 2 2 1 0 0 1 5 0 1 2 3 3 3 0 1 3 1 2 1 1 3 0 1 5 0 4 1 4 1 1 1 1 1 2 1 1 5 2 2 1 4 4 1 0 1 2 4 1 5 2 0 1 2 4 3 2 2 5 3 2 3 7 1 0 5 3 0 2 0 3 2 0 0 1 2 4 2 1 3 1 1 2 1 2 2 2 1 2 1 5 3 0 3 3 1 1 0 0 3 6 5 0 0 1 2 0 1 3 1 1 0 3 2 1 3 3 3 0 0 1 1 1 4 2 3 2 1 2 3 1 3 2 2 3 2 1 2 5 1 2 3 5 3 4 2 0 2 2 1 0 2 4 0 3 1 3 0 1 2 3 0 3 2 2 3 1 1 2 1 5 3 2 1 1 2 1 4 3 3 1 2 0 2 3 1 2 0 4 4 2 1 2 3 3 1 2 0 1 1 2 6 2 4 1 3 1 1 0 2 2 4 1 1 5 1 1 6 2 3 0 2 2 1 1 0 3 5 2 1 1 5 1 0 3 3 2 1 4 4 1 7 1 2 3 2 0 1 2 2 3 2 2 2 4 3 2 2 5 0 4 1 6 2 0 2 2 4 1 1 1 3 3 2 1 4 1 4 3 2 3 2 1 0 4 4 0 0 2 3 0 1 3 2 4 2 3 5 3 1 1 0 2 1 1 4 2 3 3 1 3 0 3 0 3 3 2 3 2 3 1 2 1 1 3 4 3 2 0 1 0 1 2 2 3 0 1 3 2 6 1 0 3 0 1 3 3 2 2 1 1 1 2 3 2 3 0 2 2 1 1 0 4 1 2 1 1 2 1 3 0 1 0 3 2 5 2 4 1 1 5 1 1 3 1 2 3 2 3 1 4 3 1 3 0 3 5 3 0 5 0 2 2 3 2 1 1 2 2 1 1 3 0 3 2 6 1 3 2 2 1 2 0 4 1 1 4 1 0 0 0 2 5 0 2 3 0 2 2 5 1 0 0 3 2 1 1 4 1 2 2 1 2 5 4 1 3 4 2 4 1 3 1 4 1 2 2 0 2 3 2 3 1 2 1 6 2 1 2 1 3 0 1 2 2 1 0 4 4 5 1 1 3 1 1 0 1 1 2 3 2 0 4 1 1 3 2 2 1 3 3 3 2 3 3 3 3 1 4 1 0 1 0 4 1 3 5 6 2 4 2 1 2 1 2 1 2 1 1 2 0 2 4 2 1 2 3 1 1 2 1 1 0 2 1 6 2 6 1 1 2 1 2 1 4 0 1 0 2 1 2 1 3 2 3 0 0 2 1 2 2 4 1 2 2 2 3 3 2 0 1 1 0 1 3 7 1 3 4 1 5 1 3 2 0 1 2 0 1 3 2 2 0 1 3 1 0 4 4 5 1 4 0 3 2 0 2 1 3 1 4 2 1 1 2 0 0 1 6 3 1 3 0 1 0 4 3 1 3 0 3 3 1 3 0 1 3 2 3 3 3 0 2 1 3 0 1 2 2 2 2 5 1 3 2 1 0 4 0 0 1 3 4 1 2 1 3 1 1 2 2 3 0 2 2 3 0 2 1 2 6 1 2 4 0 1 1 4 0 0 2 2 1 3 4 1 0 4 2 0 4 3 2 1 2 2 5 2 6 2 3 0 5 2 1 2 3 2 2 1 2 2 0 3 6 0 2 3 3 1 2 3 0 1 2 1 2 3 3 2 5 1 0 3 3 3 1 4 3 2 0 1 2 2 3 2 2 4 3 3 3 1 2 3 3 2 0 1 0 1 2 0 1 0 4 1 1 1 2 1 1 1 2 2 2 3 5 0 1 1 5 1 0 3 3 2 5 1 0 3 3 2 3 3 0 0 2 1 2 1 4 4 2 1 2 5 2 3 2 1 3 0 3 3 2 2 1 1 4 2 1 3 3 1 0 2 2 1 1 2 2 2 2 4 5 3 0 1 1 1 5 1 5 0 1 4 1 1 1 0 3 2 1 0 4 4 1 1 3 2 3 3 2 5 4 4 1 0 1 0 0 3 3 1 2 1 1 1 1 1 1 1 3 2 0 1 2 2 0 2 1 2 2 3 3 0 3 3 2 0 4 4 1 0 1 4 0 2 1 1 0 2 3 2 1 2 0 4 3 2 1 1 1 3 3 2 1 3 2 1 1 3 2 2 1 5 1 2 2 1 1 0 1 2 1 4 2 3 2 1 0 3 1 1 2 3 1 5 2 1 0 2 1 3 1 7 4 2 0 0 4 4 0 1 4 1 2 2 4 5 3 1 1 0 4 3 4 1 0 1 2 2 1 3 3 1 3 1 2 2 3 1 3 0 3 4 2 4 3 3 1 1 1 2 2 2 0 2 0 1 5 0 3 2 0 2 2 1 3 1 1 1 2 2 2 1 3 4 2 1 3 0 2 1 2 2 1 1 1 1 5 2 1 2 1 0 0 2 1 1 2 3 2 2 2 2 0 3 2 0 3 2 1 2 3 2 3 1 1 2 4 1 4 3 0 3 1 0 2 2 2 4 6 2 3 3 4 1 0 2 0 3 1 3 3 0 3 2 1 1 1 2 2 2 0 2 2 0 1 4 3 1 1 2 3 1 2 1 3 2 0 2 3 1 1 3 2 2 1 2 1 3 3 2 1 1 3 1 2 2 5 1 3 1 4 0 3 1 2 1 3 0 2 2 5 1 0 1 2 6 2 1 2 0 1 1 2 0 6 1 5 1 3 1 4 2 2 2 2 2 1 0 2 1 1 4 1 5 4 1 3 1 2 0 5 1 1 1 3 2 1 3 2 2 3 3 1 1 3 3 1 0 3 2 2 3 1 1 1 2 1 2 0 4 1 1 1 3 3 3 2 0 1 1 4 3 0 6 2 0 2 1 1 2 2 1 2 3 4 1 0 2 1 1 2 0 3 2 2 0 1 0 2 1 0 2 2 2 4 2 3 4 3 0 2 2 3 1 4 0 3 2 3 3 0 1 3 2 1 4 2 1 4 4 1 3 2 2 4 1 1 1 1 2 1 2 3 2 5 3 2 1 1 1 1 1 1 2 5 3 3 4 2 2 3 0 3 2 2 2 1 0 1 1 1 1 2 0 0 2 2 5 4 4 1 4 0 0 2 5 3 1 2 4 1 4 2 4 2 0 5 1 3 2 1 1 3 3 0 0 3 1 3 2 3 2 2 0 0 1 2 2 3 3 4 1 2 1 2 2 2 2 4 1 4 0 1 3 3 2 1 1 3 2 1 0 2 2 2 4 2 1 4 0 0 0 3 4 1 3 2 1 2 0 1 1 2 2 4 1 0 0 1 0 3 3 3 2 1 1 4 1 3 3 4 2 3 0 1 2 1 3 1 2 1 2 1 2 1 3 3 3 3 2 3 0 2 1 2 1 2 2 2 1 1 4 1 2 1 2 1 2 2 2 1 2 2 1 4 1 2 0 2 1 1 4 2 3 0 1 1 2 4 3 2 5 2 2 0 1 1 2 0 1 2 1 4 1 2 2 1 3 2 2 0 4 1 0 1 1 1 3 2 3 0 1 4 1 2 4 0 2 1 2 5 1 1 3 1 2 0 4 1 2 1 2 1 5 1 5 2 1 2 1 2 3 2 3 1 3 4 0 2 4 0 1 2 1 1 1 3 3 2 1 3 0 3 1 4 1 0 3 1 4 4 4 2 0 1 0 1 2 2 0 2 0 0 1 2 3 1 2 2 3 2 2 0 1 4 2 2 1 0 2 3 2 2 0 1 4 5 1 1 2 1 2 2 0 3 2 1 4 1 4 1 2 2 5 4 4 1 3 1 1 5 2 3 2 1 2 2 2 3 5 3 1 1 2 4 1 3 1 5 3 2 0 2 2 4 3 0 4 4 3 1 1 0 1 1 1 2 2 3 3 0 3 1 0 1 3 2 0 1 4 2 1 1 1 2 0 0 1 1 2 1 3 3 2 3 1 5 1 1 0 2 3 1 1 2 0 2 0 2 1 2 1 2 3 3 2 1 2 0 5 3 0 1 2 2 0 2 4 1 1 1 4 2 2 3 2 2 1 3 3 1 1 2 1 1 5 3 2 2 1 2 3 0 3 0 0 2 1 1 1 5 3 0 3 3 0 4 3 1 3 2 4 1 0 1 1 0 4 0 2 5 1 3 2 1 2 1 0 0 2 2 0 5 8 1 2 2 2 2 0 3 3 3 2 2 4 1 4 0 1 2 0 2 4 0 1 2 1 3 2 2 0 1 1 3 2 1 1 0 1 4 4 1 6 2 0 2 1 2 2 1 1 0 2 1 3 4 0 2 1 0 2 2 2 3 3 1 3 0 2 2 1 3 4 5 3 3 0 2 2 2 1 0 4 0 3 5 2 2 1 2 1 2 2 1 5 0 2 0 1 3 1 4 5 2 4 4 3 0 2 1 3 0 2 5 2 5 0 2 4 2 2 1 1 1 1 2 2 0 3 3 4 2 4 1 1 5 1 1 7 2 3 1 4 0 1 1 3 0 3 1 7 5 3 1 0 2 3 2 3 0 4 0 3 1 1 1 5 2 2 1 4 1 1 1 0 2 0 3 1 0 7 3 1 0 2 1 2 1 1 2 0 4 1 2 2 1 4 0 0 1 1 0 3 2 1 3 3 3 1 3 5 2 5 2 3 2 1 1 3 2 4 1 1 2 3 1 0 3 1 2 2 1 2 1 2 4 3 2 4 0 0 0 2 5 4 2 2 2 1 1 0 1 0 3 3 1 1 0 0 2 2 1 2 2 2 2 0 1 2 5 4 3 1 1 0 3 0 1 1 1 2 1 2 3 2 1 3 4 2 0 4 1 3 2 0 3 0 0 5 1 3 1 2 2 0 1 1 2 3 2 3 1 1 3 4 3 0 4 2 3 2 2 4 0 1 2 3 2 0 0 1 5 1 2 2 3 0 1 2 2 3 1 3 3 1 2 2 1 2 4 2 1 2 2 1 3 1 4 2 0 0 1 3 2 3 3 4 1 1 3 0 1 0 0 2 3 2 2 2 3 1 3 1 0 2 2 2 1 4 0 4 2 1 2 1 3 0 2 5 3 9 2 6 0 1 0 2 3 2 0 1 1 4 4 4 5 2 2 1 1 0 1 2 4 1 0 1 4 2 2 2 1 2 5 1 1 2 1 2 3 0 3 0 2 2 1 1 0 3 1 2 4 2 0 1 3 1 0 0 4 2 2 2 1 2 1 4 2 0 4 2 3 2 1 0 4 3 2 3 2 2 3 5 2 0 0 1 0 5 2 2 2 2 3 0 3 1 3 3 1 2 3 4 2 2 3 3 2 0 1 0 1 0 6 2 1 2 0 1 1 2 1 1 2 0 2 5 0 1 0 2 1 1 5 1 1 1 1 2 1 5 2 6 0 1 2 2 2 3 1 4 2 5 1 2 1 2 3 1 2 0 4 0 2 1 1 1 3 5 3 0 4 2 2 3 2 2 1 1 2 1 4 3 2 3 2 3 2 1 2 0 1 4 3 2 4 3 0 3 4 1 2 3 2 2 0 2 1 5 1 2 3 2 3 1 2 4 0 0 1 1 0 4 5 2 2 4 1 2 2 2 1 1 4 0 3 3 0 1 3 2 0 2 1 1 3 1 0 4 3 0 4 3 2 0 3 0 5 3 2 0 3 0 2 4 3 3 2 3 0 2 0 4 3 0 1 2 2 1 2 2 2 0 2 2 0 2 3 4 4 1 5 1 1 2 0 5 2 3 3 3 1 3 1 2 1 0 1 4 2 2 4 4 0 3 3 2 1 1 1 0 0 5 1 3 1 4 2 0 1 2 2 1 3 5 1 7 1 3 5 2 2 1 1 2 1 3 2 2 1 1 0 3 1 1 4 0 2 1 1 2 0 2 2 4 3 2 2 0 5 0 2 1 1 4 0 4 2 1 0 2 2 2 2 0 2 1 3 0 3 3 1 3 0 2 1 2 1 3 1 2 5 0 2 0 3 2 1 0 2 2 2 4 2 2 1 3 0 4 1 0 2 2 2 3 5 3 3 0 3 0 0 2 2 4 1 4 2 2 1 1 1 0 4 3 2 1 4 0 1 2 0 2 2 1 1 3 1 2 1 1 0 2 1 4 2 3 0 1 5 3 7 0 1 3 1 0 0 2 2 0 5 2 1 1 3 3 0 4 0 0 1 1 2 2 1 2 1 3 3 6 0 1 0 2 3 0 4 0 2 1 1 2 1 2 2 4 1 2 3 2 1 4 1 2 0 3 1 0 1 1 3 1 2 1 3 5 1 1 3 2 0 2 2 2 3 0 1 0 1 1 0 3 4 1 2 1 0 1 2 6 4 0 1 0 1 2 1 2 1 4 3 4 4 2 4 0 0 2 2 2 2 3 0 2 4 2 0 1 5 2 2 2 2 5 1 1 1 0 1 5 1 3 2 1 4 1 1 3 1 0 1 2 0 3 4 2 3 3 2 2 3 0 1 3 4 1 2 0 4 3 2 1 2 1 3 0 5 3 1 2 3 2 0 1 1 0 0 4 2 3 2 0 2 4 1 3 1 3 1 0 2 2 2 4 2 3 1 3 0 2 3 1 4 3 1 1 2 2 3 2 2 1 1 1 2 5 3 2 1 4 2 2 1 3 1 3 4 1 3 5 0 2 2 2 1 2 0 2 2 1 1 4 0 4 0 2 0 5 1 3 4 1 2 3 1 2 3 2 3 1 1 1 2 2 2 2 3 1 2 4 2 2 3 3 4 3 2 1 4 2 2 2 2 3 1 0 2 1 0 4 7 2 5 0 1 1 2 2 3 3 4 1 1 0 1 0 3 0 1 3 3 4 1 2 2 1 1 2 2 3 0 4 1 2 3 0 2 1 4 3 0 3 1 1 0 0 5 1 3 0 3 1 1 2 1 0 2 2 2 3 1 2 1 1 1 2 1 2 4 4 0 2 3 2 2 3 3 1 1 3 3 4 1 3 1 3 0 2 2 2 1 0 4 2 2 5 5 3 3 2 1 3 1 3 3 0 2 1 3 3 2 4 0 1 3 0 1 3 3 2 2 3 3 1 1 1 2 2 4 2 3 4 4 0 1 1 1 2 2 2 4 3 4 4 0 1 1 2 1 2 1 3 4 0 1 3 2 2 1 1 4 3 3 2 1 1 0 2 0 2 1 2 5 1 3 3 1 2 1 0 2 3 3 2 0 1 2 1 1 0 2 2 4 5 1 2 2 1 2 1 3 1 3 2 1 4 3 0 5 2 3 2 3 0 1 1 1 1 2 4 3 5 0 2 3 0 0 1 1 3 3 6 1 3 3 1 4 0 2 1 2 1 1 6 1 1 2 3 0 0 2 1 4 3 1 2 3 3 0 0 2 0 1 3 0 2 2 3 1 3 1 2 3 5 5 3 4 3 0 1 0 1 0 0 1 1 1 2 3 2 3 3 3 3 3 1 1 3 2 2 0 3 2 0 1 7 2 1 3 2 0 0 2 3 2 5 1 1 1 0 4 1 0 1 0 2 1 2 5 1 4 2 2 3 1 3 2 1 3 1 2 1 1 1 2 2 3 2 2 2 2 0 3 1 0 1 3 1 6 5 3 4 1 0 1 3 1 1 2 3 5 3 3 4 1 1 3 3 0 0 1 1 3 2 2 3 4 3 2 2 0 2 1 1 1 5 2 1 2 2 1 1 5 3 2 3 4 0 0 3 4 1 0 0 3 4 3 2 1 1 2 1 4 3 4 1 0 2 3 1 2 2 1 5 3 0 2 1 0 3 1 1 1 3 1 0 5 1 2 3 4 1 4 2 1 2 2 2 2 2 3 5 2 3 0 4 3 1 2 3 3 0 1 4 1 1 3 3 2 1 4 4 3 2 1 2 2 1 1 2 4 0 2 1 2 1 4 1 0 1 2 2 2 2 2 2 1 3 1 0 3 2 3 2 3 1 1 3 1 1 2 0 4 2 1 2 3 3 0 3 1 4 2 2 3 3 1 3 4 2 2 4 4 1 0 1 6 5 2 3 1 4 1 2 1 3 0 4 3 2 2 0 2 3 2 3 3 0 1 0 1 4 2 3 2 1 1 1 2 3 3 3 2 1 0 0 4 2 2 0 2 0 2 4 2 3 0 1 0 3 3 1 3 3 2 2 2 3 2 1 3 2 2 5 1 3 2 1 2 2 1 1 1 2 1 2 1 1 5 1 4 1 1 2 2 1 3 3 2 1 1 1 2 2 2 1 2 3 3 2 5 3 4 1 2 3 0 3 1 1 3 3 1 0 2 0 3 6 0 7 0 3 1 2 2 4 3 1 1 1 1 2 1 3 2 4 4 2 3 2 2 3 1 2 3 0 2 1 2 4 3 4 1 2 2 1 3 4 0 3 4 1 2 4 3 2 5 0 3 2 1 0 1 3 4 1 2 4 0 0 1 2 2 0 0 3 2 1 2 3 1 3 3 2 0 3 3 1 0 3 2 2 2 0 3 2 3 1 1 0 1 1 5 2 3 1 4 0 3 0 2 2 1 4 1 4 0 2 0 1 1 2 1 0 4 4 2 2 0 3 3 0 0 3 2 4 2 0 2 1 1 2 2 3 1 3 3 1 1 3 1 2 2 2 0 4 3 1 0 6 2 0 1 1 3 1 3 3 2 1 0 5 3 3 3 2 1 0 3 2 1 2 7 0 4 3 1 1 3 5 3 2 4 0 0 3 1 1 0 2 2 2 1 3 3 2 0 2 3 2 2 1 0 1 4 3 0 3 1 3 3 1 2 2 1 1 4 0 1 6 2 2 0 0 1 1 2 4 1 1 3 2 1 0 2 2 2 1 4 5 1 2 2 2 4 3 1 1 2 2 4 3 0 1 0 0 2 4 2 2 1 0 3 2 1 0 3 3 1 0 1 4 4 2 3 3 0 1 1 0 2 2 3 1 1 2 5 0 2 1 2 2 0 4 0 1 4 4 0 1 2 2 2 2 0 2 1 3 2 5 1 2 4 0 1 2 3 2 2 1 4 0 3 1 3 0 1 2 2 3 1 0 0 2 1 1 2 1 4 3 3 1 0 1 2 2 1 6 3 4 1 3 4 2 1 2 2 3 3 1 2 3 3 2 4 1 1 2 1 2 0 2 0 3 0 3 3 2 3 3 1 1 1 1 2 3 0 1 3 2 2 2 2 1 1 2 3 5 1 4 0 1 3 0 2 3 3 3 1 2 2 1 1 0 3 1 1 4 3 2 2 4 2 5 2 3 3 1 1 2 2 1 0 3 2 2 0 2 0 3 0 2 7 2 2 3 2 1 1 1 1 1 2 0 3 1 7 3 5 0 3 2 2 1 3 1 1 2 0 1 1 2 3 0 3 4 2 1 0 3 2 0 1 2 1 2 3 0 1 3 4 5 4 5 2 3 1 0 2 2 3 1 1 4 1 4 2 1 0 0 1 1 3 3 3 3 1 1 1 1 2 3 3 1 0 1 2 2 4 0 0 1 3 1 4 0 3 2 3 1 4 0 0 1 2 2 0 3 3 3 1 2 1 1 2 2 1 1 1 5 3 1 1 3 3 0 2 1 2 2 2 3 3 1 1 1 2 4 1 2 3 1 3 3 5 2 4 2 1 2 2 2 2 2 2 1 1 4 2 2 4 1 3 3 1 1 3 3 1 2 4 2 1 1 3 0 1 0 0 1 1 2 4 1 1 2 0 2 0 1 2 4 3 4 3 4 0 4 0 2 0 3 1 4 4 0 0 1 4 1 1 5 2 4 0 2 3 2 3 0 1 1 2 3 2 1 3 3 1 0 4 1 3 2 1 1 1 5 1 2 3 3 2 1 0 3 0 2 3 3 4 2 1 1 1 1 1 2 2 1 2 2 0 1 1 0 1 3 2 4 0 3 1 4 1 3 1 2 3 3 0 2 2 1 2 5 0 4 2 1 3 0 2 4 1 0 0 2 1 2 3 2 3 2 1 0 0 2 1 4 3 1 1 0 1 2 5 4 0 1 2 2 1 1 3 4 4 0 2 1 2 2 0 4 1 0 1 3 2 6 1 2 4 3 2 2 0 3 4 1 3 2 4 1 1 0 3 0 2 1 1 3 1 1 1 0 0 3 1 4 3 0 3 1 2 0 2 1 3 3 0 5 2 1 3 0 1 3 1 4 4 5 2 2 6 4 1 1 2 3 4 3 1 1 2 3 1 2 0 2 1 2 3 3 2 2 2 2 2 2 2 1 3 1 2 3 3 0 1 1 0 2 1 2 0 2 5 2 1 1 2 1 2 4 4 0 3 1 0 2 3 2 3 0 2 2 1 3 2 1 3 3 2 0 1 2 1 3 0 1 2 2 1 2 3 2 3 3 0 1 1 1 1 4 2 4 2 1 0 2 0 6 3 3 1 0 5 3 2 3 0 3 2 2 1 2 3 1 1 1 1 3 1 1 1 2 3 1 1 2 1 2 4 5 2 5 3 1 2 2 1 5 2 3 1 2 0 2 1 2 0 1 3 1 1 5 1 3 1 2 3 1 3 2 0 2 2 3 3 3 3 0 1 1 2 3 3 3 0 1 0 2 2 0 1 4 1 4 1 0 3 2 4 3 2 1 1 4 0 3 2 2 1 6 3 1 2 2 2 0 1 1 3 6 1 4 4 4 3 4 1 1 0 3 0 2 1 3 0 2 3 1 2 1 2 3 0 0 0 3 2 0 4 2 2 0 0 3 2 4 2 1 2 2 2 1 1 2 0 3 4 5 4 1 3 1 0 3 2 0 1 3 1 3 3 3 2 3 4 3 1 1 2 3 0 1 0 1 4 1 5 1 3 1 2 0 3 2 2 1 5 1 2 2 0 5 0 2 4 3 1 0 1 1 2 1 1 0 3 0 3 1 4 1 1 1 1 3 1 5 5 2 3 0 1 0 1 2 1 0 4 0 1 2 2 2 2 2 4 0 1 2 5 1 1 1 1 0 3 1 1 2 1 3 1 1 3 1 2 2 1 6 0 1 2 1 0 1 1 1 3 2 5 3 3 2 1 1 4 1 3 1 2 2 1 2 3 4 2 3 3 1 0 1 2 3 2 1 4 2 0 3 3 1 3 4 6 1 1 1 1 1 0 6 2 3 0 0 2 2 5 0 3 4 1 3 0 0 2 1 3 0 1 1 2 0 2 2 4 3 2 1 4 2 0 3 3 2 1 2 4 2 0 1 1 3 6 2 4 1 5 0 4 2 2 1 2 1 4 2 1 1 0 0 1 3 4 1 2 1 2 4 0 1 3 1 2 1 1 3 0 3 1 4 2 1 2 3 4 2 2 2 3 3 2 2 4 1 3 2 2 2 3 1 4 5 2 0 4 1 2 2 3 2 1 2 3 4 2 1 1 1 0 4 1 2 2 2 2 4 1 3 2 2 2 0 1 1 2 2 1 2 1 2 0 4 1 1 1 3 2 1 3 2 4 0 1 1 2 4 2 1 3 1 2 1 4 2 0 3 2 1 2 3 3 4 0 3 2 2 3 1 2 1 1 0 2 5 1 2 4 2 2 3 2 2 1 3 2 2 0 1 2 2 3 2 1 3 1 6 0 3 4 0 1 1 1 3 3 4 1 4 0 4 5 1 0 1 2 3 4 1 1 2 4 2 3 0 3 3 0 1 1 1 4 3 1 1 3 1 1 0 3 2 2 4 2 2 1 0 3 2 4 2 1 0 0 5 5 1 2 0 2 3 1 1 1 2 3 1 4 1 1 0 2 1 1 1 4 1 4 4 1 2 2 3 2 2 1 0 1 1 3 3 1 2 3 4 2 1 1 1 1 4 3 3 2 3 4 2 3 5 2 3 2 3 2 2 2 4 1 2 1 0 5 0 6 0 2 3 5 2 2 4 1 0 2 0 1 2 1 2 0 2 0 1 2 7 2 5 2 3 1 3 1 0 0 3 3 1 1 3 3 1 2 1 0 0 0 3 3 3 2 3 1 1 0 3 3 1 2 3 2 5 4 0 2 0 2 1 3 1 2 0 1 2 1 2 1 2 5 3 1 3 2 1 2 2 1 2 2 3 2 2 1 3 1 1 3 3 3 2 1 1 1 1 4 1 2 1 4 0 2 3 1 3 2 1 2 3 2 1 4 1 2 3 3 0 3 4 5 4 1 0 0 0 4 1 3 4 1 1 2 1 1 1 2 3 4 3 6 2 0 2 0 2 2 0 4 1 3 0 2 1 1 2 1 2 2 2 2 1 3 1 4 0 6 1 1 3 2 5 2 0 1 1 0 6 0 2 0 2 0 0 1 0 1 1 4 2 2 2 1 3 3 0 2 2 3 1 1 0 0 3 1 1 3 3 3 3 1 1 2 5 3 1 2 1 1 0 1 2 2 2 2 0 2 3 2 1 4 2 3 0 1 2 4 3 1 1 3 4 3 4 2 1 1 2 1 0 5 4 1 1 4 3 0 2 3 6 3 2 2 1 2 0 1 1 3 1 0 3 3 1 2 5 6 2 4 2 2 2 3 2 2 3 3 3 2 2 4 0 1 2 2 3 0 0 1 1 2 1 2 2 4 2 3 0 2 2 0 1 4 2 1 1 4 2 0 3 1 2 1 2 1 0 1 2 0 2 5 2 2 2 3 2 1 3 2 2 3 5 1 1 2 4 2 4 3 1 4 0 3 2 3 1 1 1 3 5 3 1 2 1 0 3 2 0 0 0 3 4 4 4 3 2 3 2 1 2 1 1 2 3 3 1 2 2 0 1 4 2 2 1 0 3 0 4 2 1 1 1 3 4 4 0 2 1 3 0 0 3 3 1 1 3 4 3 0 3 2 2 2 0 4 3 0 3 2 2 2 2 2 2 2 3 3 1 5 1 0 4 0 2 3 2 2 2 2 1 3 2 3 2 3 1 0 0 3 7 1 3 2 2 3 2 0 2 1 0 6 2 1 1 1 1 2 4 1 1 3 3 5 1 1 2 2 1 1 2 1 1 1 3 1 3 2 2 1 3 3 3 0 3 0 4 1 3 2 3 1 2 3 1 1 1 3 3 2 3 3 4 2 3 1 2 1 2 2 3 1 1 1 0 1 3 4 1 3 3 1 0 2 2 4 1 0 1 2 2 1 2 0 2 1 0 1 1 1 0 2 2 4 1 1 1 6 1 2 1 1 2 1 5 1 0 0 1 4 2 1 4 1 1 2 0 3 0 1 3 2 4 1 2 3 0 2 3 1 1 2 1 1 2 4 4 0 0 2 2 1 0 3 0 1 2 2 1 2 1 2 2 3 1 3 3 1 3 3 1 1 2 1 3 1 3 2 6 3 0 2 1 3 1 0 1 3 4 3 0 0 2 0 3 5 3 3 2 3 2 1 0 2 1 1 3 5 0 1 2 3 2 1 2 1 3 3 1 3 2 2 3 1 1 1 3 1 2 0 3 2 2 9 0 7 2 3 1 1 0 2 2 2 2 2 1 2 1 1 2 3 1 1 0 5 1 5 2 3 0 0 3 1 2 0 3 1 3 2 2 2 0 2 3 2 2 3 0 1 2 1 1 1 1 4 2 0 5 2 0 3 2 1 4 3 0 1 3 2 2 3 1 2 2 4 2 2 2 4 1 4 2 3 1 1 1 1 2 1 2 1 2 2 1 3 2 1 3 1 3 0 1 1 1 3 4 5 2 2 2 1 2 2 3 2 1 3 2 2 5 1 1 1 5 3 2 3 1 0 2 1 1 5 1 1 1 4 2 2 3 1 2 2 3 1 2 5 2 6 1 2 2 0 0 3 5 2 1 1 2 0 3 4 0 2 4 1 1 2 6 2 2 2 3 1 3 2 3 0 2 2 2 3 1 2 3 2 3 3 1 3 1 1 1 3 4 3 1 3 2 2 2 3 1 1 1 1 0 1 2 2 3 0 3 1 0 1 2 2 7 0 3 1 2 3 3 2 3 3 2 5 0 1 2 1 1 2 2 3 0 1 2 0 1 0 1 3 2 0 2 2 0 4 2 1 4 1 3 1 2 5 2 1 2 1 2 3 0 3 2 4 0 1 3 2 2 3 2 2 3 2 2 1 3 0 2 2 0 2 0 2 5 4 2 5 2 1 3 2 2 2 3 2 2 3 3 0 2 1 1 1 2 2 2 2 2 2 2 1 0 0 2 3 0 0 4 2 1 1 2 4 5 2 0 2 2 2 3 1 2 2 3 0 1 2 2 5 7 0 1 0 1 2 1 2 2 2 2 1 3 2 3 2 2 1 0 1 1 5 7 0 0 3 1 2 1 5 1 1 3 1 3 1 3 3 0 5 3 2 0 2 1 3 4 0 2 1 2 1 1 7 0 3 2 0 2 1 0 2 2 3 1 1 1 3 2 3 1 1 3 0 2 0 2 3 3 2 4 1 0 3 1 1 3 1 1 1 2 3 1 1 4 2 2 4 4 2 1 3 3 3 2 3 2 0 3 5 1 1 2 2 2 2 1 3 3 2 1 0 1 1 3 5 5 2 1 3 4 1 2 4 2 1 5 2 3 5 1 5 1 3 2 2 2 0 3 2 0 2 1 2 2 5 3 1 2 1 3 0 3 4 2 2 2 2 0 1 1 3 4 3 2 0 3 3 2 2 1 3 5 2 1 1 1 0 3 2 2 1 1 0 3 2 2 2 1 3 0 2 2 4 1 1 3 3 1 4 3 1 4 1 3 1 0 0 2 0 0 3 4 1 4 1 0 1 2 2 3 2 3 1 3 3 3 2 2 1 2 1 1 1 0 2 2 3 3 2 3 2 3 1 7 2 2 3 3 3 3 1 1 0 1 1 1 1 3 4 1 1 2 1 3 0 1 4 2 3 3 0 1 3 1 2 1 1 1 3 1 2 0 2 3 0 0 2 1 3 4 6 1 2 1 2 4 2 3 2 0 3 3 0 3 2 2 2 0 1 5 2 2 1 4 3 3 1 1 1 1 1 3 3 1 1 1 0 2 2 0 4 4 3 2 1 0 3 4 2 1 2 3 0 3 0 3 3 0 1 2 0 4 2 1 1 3 3 1 0 1 2 4 3 3 3 2 2 1 0 3 1 1 0 1 1 2 1 1 2 0 1 1 2 3 5 1 0 2 5 3 0 4 3 0 1 1 2 8 0 3 0 3 3 1 0 4 0 2 3 2 3 2 1 3 1 2 2 5 1 3 3 3 0 0 1 4 4 4 1 0 0 2 1 1 2 1 3 1 1 3 3 1 1 2 2 1 4 1 0 2 2 5 3 3 2 0 3 3 1 1 0 0 6 3 0 3 1 4 0 1 3 2 4 3 1 0 3 3 0 2 1 3 0 2 1 1 2 3 4 3 4 0 2 0 1 2 1 0 2 5 1 1 2 4 3 1 1 1 2 1 4 3 4 1 3 1 3 1 1 1 3 6 2 1 2 3 5 2 1 2 3 3 2 1 5 2 0 6 0 1 2 3 3 0 2 2 2 1 3 5 0 2 1 2 2 1 2 5 3 1 2 2 2 2 1 1 1 2 3 2 3 3 1 0 1 0 4 3 1 1 2 3 1 3 3 2 2 0 2 1 3 4 1 1 2 0 0 2 3 0 1 3 0 2 0 1 1 8 3 2 4 1 5 1 4 1 2 2 1 2 2 4 1 2 1 2 2 0 0 3 1 0 1 2 3 2 2 1 2 0 3 2 4 1 4 0 1 1 1 0 2 3 1 1 5 2 1 4 1 5 3 2 3 1 1 2 3 4 0 2 2 2 3 0 1 1 3 5 2 0 0 0 2 2 3 3 1 1 1 3 2 4 2 3 3 1 3 4 2 3 4 2 2 1 1 1 2 0 4 2 1 0 1 0 3 3 2 2 2 3 2 0 4 3 1 0 1 2 1 3 3 2 2 1 3 1 1 2 0 1 6 0 1 2 1 2 2 2 1 4 2 1 2 1 2 4 2 2 4 2 4 1 3 0 5 2 0 2 1 1 2 2 2 1 3 2 2 0 4 2 3 2 3 3 0 0 4 3 2 2 2 3 0 1 2 1 2 2 2 0 1 4 4 1 4 0 3 3 3 2 2 4 1 1 1 2 0 0 3 3 0 3 0 4 2 0 2 3 4 5 1 1 2 2 2 1 5 1 3 4 0 4 0 2 1 2 4 5 0 5 1 2 0 2 1 2 1 1 1 2 1 5 2 4 0 1 3 2 0 0 2 2 3 0 1 4 7 2 3 1 0 3 3 2 2 0 4 2 2 0 2 3 1 0 2 0 2 1 3 1 1 1 4 2 1 5 1 3 3 1 3 1 3 3 1 1 1 0 2 3 0 4 1 1 4 4 4 1 6 0 1 3 3 0 2 2 0 4 1 3 1 0 1 3 3 1 2 2 2 4 2 2 1 1 1 2 1 2 4 1 2 1 2 0 2 1 1 3 1 2 3 2 1 1 3 2 1 0 2 0 1 1 2 0 1 4 0 2 2 2 2 5 2 1 6 0 1 2 3 2 7 2 0 3 1 4 3 0 2 1 3 1 0 1 0 0 2 2 0 3 2 0 7 2 2 3 1 0 2 3 1 5 1 2 1 0 2 3 3 1 0 2 5 1 2 1 3 3 3 3 2 2 0 1 2 2 1 1 1 2 3 1 1 2 1 0 1 2 1 2 2 1 1 2 6 2 2 1 1 0 7 3 0 0 2 3 4 2 3 1 2 0 1 0 1 1 0 2 3 6 0 3 0 0 1 3 4 3 3 0 2 5 4 2 2 1 0 4 1 1 1 0 1 1 1 0 3 1 3 1 3 1 3 1 1 4 4 2 1 2 1 3 1 3 1 0 2 3 5 6 2 8 3 0 7 4 2 0 3 1 1 0 2 1 4 4 1 1 0 4 2 1 2 2 2 2 1 1 2 3 0 1 3 0 1 0 2 0 1 1 1 0 3 1 2 4 6 3 4 2 1 2 0 4 2 3 2 4 1 3 1 3 3 4 4 0 2 1 0 1 1 4 6 3 3 3 1 1 2 1 3 3 1 3 0 0 2 4 2 1 3 4 3 1 2 1 2 2 0 3 2 1 5 1 3 1 2 1 3 0 4 1 1 0 3 2 2 3 7 3 1 1 3 3 0 3 3 2 0 2 2 4 2 1 2 3 3 1 4 1 2 3 3 0 1 3 2 2 1 0 1 0 2 3 4 1 2 1 3 2 4 0 0 1 1 4 2 1 1 3 5 2 0 1 2 0 2 1 1 1 3 2 5 2 2 1 0 1 2 2 2 0 5 2 2 3 2 6 0 0 0 1 0 4 4 2 3 1 4 1 2 0 3 1 1 1 2 1 1 2 2 2 0 3 1 2 3 0 3 3 1 1 2 7 1 3 4 2 2 0 3 3 0 3 1 1 3 3 1 3 4 0 1 1 2 1 1 3 4 0 1 4 2 0 1 3 4 2 2 3 1 2 1 1 3 1 0 2 2 2 2 1 3 2 1 4 2 3 3 1 2 2 4 2 0 5 0 1 2 1 3 2 4 4 6 1 2 1 1 0 0 5 1 1 1 0 3 1 3 2 1 3 1 4 2 1 1 1 1 3 1 2 2 0 2 1 3 1 3 2 0 2 2 2 2 0 2 3 1 1 3 3 1 3 1 2 0 1 5 3 4 3 0 1 2 1 3 3 2 2 2 0 5 0 2 1 2 1 1 3 2 2 1 1 0 1 1 2 0 3 2 2 2 1 0 3 1 3 3 2 3 2 1 2 0 3 1 3 0 1 2 1 2 1 0 7 1 1 1 1 4 0 3 2 1 0 4 1 2 3 3 3 0 1 0 1 2 3 2 5 3 0 2 4 2 1 3 0 2 0 3 1 5 0 0 2 1 2 0 4 2 1 3 2 1 2 0 4 0 1 1 5 1 1 6 2 1 2 4 0 1 1 1 4 0 1 1 1 3 1 0 3 1 1 1 3 1 3 1 1 3 4 0 1 0 1 0 5 2 0 1 3 1 1 3 1 0 1 0 4 2 3 3 0 0 0 1 1 1 1 3 3 3 2 1 2 1 3 4 0 1 2 3 2 1 1 2 1 3 0 3 3 2 3 0 4 0 1 2 1 0 3 1 1 2 1 0 1 1 1 2 1 1 2 0 1 0 2 1 3 3 3 2 2 1 4 2 1 3 1 1 1 3 2 2 4 6 2 2 1 2 0 2 4 0 3 0 2 2 3 4 2 3 4 2 3 2 2 1 0 1 1 5 2 0 3 1 1 3 4 3 1 1 2 3 1 3 1 2 0 0 5 1 2 2 3 1 2 1 0 2 1 2 0 1 2 1 3 3 4 2 2 0 0 3 4 0 2 2 2 3 2 3 2 3 1 1 1 2 2 1 1 4 3 0 0 4 3 2 3 4 3 0 1 1 3 2 4 1 2 4 2 1 1 3 2 2 5 2 2 3 0 1 2 4 1 5 2 3 1 2 1 0 1 6 1 6 6 2 2 2 1 1 1 5 3 2 4 3 2 2 2 3 1 2 0 1 1 2 5 4 2 1 0 1 0 1 2 2 7 3 1 1 1 3 1 1 0 3 2 1 4 4 2 2 3 1 3 2 2 3 2 1 3 2 0 2 1 4 2 2 0 2 3 3 5 1 2 1 1 2 4 3 3 1 1 1 2 7 3 2 4 2 2 0 3 4 2 2 1 2 0 1 1 2 0 1 1 2 4 2 3 2 1 2 3 2 1 2 0 2 2 2 2 0 4 1 2 0 2 0 4 2 1 0 2 1 2 2 0 0 3 3 4 1 2 2 5 4 4 0 0 1 2 4 5 2 3 2 1 1 4 1 0 4 0 2 0 1 1 1 2 3 6 4 1 0 1 0 1 3 2 1 3 1 2 1 2 1 3 2 3 3 2 2 3 1 0 1 2 1 2 2 2 2 2 3 0 2 6 1 3 0 1 6 3 1 2 4 1 0 2 1 2 2 3 4 2 1 2 2 3 3 2 2 5 0 0 2 0 2 3 4 0 1 2 1 1 7 0 1 1 2 5 2 0 3 3 0 1 1 2 2 1 2 2 0 4 0 4 2 1 4 3 0 0 3 3 2 2 2 1 0 4 2 4 0 1 2 1 5 2 3 1 1 3 1 1 5 1 2 2 3 3 2 1 2 2 1 3 1 5 3 1 2 2 5 1 4 0 1 1 3 4 5 2 1 1 4 3 1 4 3 4 3 1 1 3 1 0 2 2 0 4 3 4 2 1 2 1 3 4 4 2 1 3 3 3 0 0 2 4 0 1 2 4 0 2 1 3 4 1 2 5 0 2 1 3 3 0 2 1 0 0 1 2 1 1 4 3 2 4 4 0 0 0 2 2 2 1 6 1 3 1 4 1 1 2 6 2 3 1 4 0 3 0 0 2 2 2 5 0 3 1 0 5 4 5 1 2 1 0 1 0 1 3 1 2 2 7 0 2 2 3 0 3 2 2 1 1 3 3 3 2 0 2 1 3 3 0 5 2 1 1 2 0 3 2 3 0 0 2 2 3 3 1 0 2 0 1 5 0 2 2 3 1 1 0 2 2 1 1 1 2 3 0 3 2 3 3 5 3 1 4 0 3 2 1 2 0 3 3 3 3 5 1 1 2 3 2 2 2 2 3 4 2 2 3 3 0 1 2 3 3 4 4 1 2 5 0 2 1 2 0 1 4 0 2 5 3 3 4 2 1 2 2 0 2 2 0 0 5 5 3 2 2 0 2 0 3 0 1 2 3 1 4 1 1 2 2 1 3 1 1 3 4 2 2 0 2 3 1 0 1 0 4 1 4 3 2 0 1 2 1 2 1 3 1 5 2 0 1 1 1 5 4 1 0 0 2 2 1 4 5 0 1 0 2 0 2 3 2 2 1 5 1 2 2 2 7 1 1 2 0 1 1 5 3 2 1 1 4 3 3 3 2 1 3 3 2 4 2 3 0 2 3 0 1 2 4 2 1 2 1 3 0 1 1 1 0 3 1 2 0 1 1 2 4 3 3 2 3 2 2 0 0 1 2 3 4 2 2 1 1 2 2 3 3 4 4 0 0 2 3 1 3 1 2 1 2 0 3 3 4 4 1 1 1 4 2 2 3 2 4 2 5 2 1 2 0 1 1 2 2 3 1 4 0 1 2 1 1 1 3 1 1 2 3 3 1 0 2 2 3 1 0 3 0 2 1 1 3 3 2 0 2 2 3 0 1 2 2 2 0 2 0 4 1 4 2 5 4 3 1 1 2 3 1 3 2 0 1 2 2 3 3 3 2 2 2 0 2 5 0 2 1 0 0 4 2 2 1 2 2 1 1 1 3 2 2 1 2 1 2 5 2 4 3 2 2 2 3 6 1 1 3 2 2 2 1 6 1 3 1 2 2 3 1 2 3 0 3 1 2 2 1 1 2 1 3 0 0 2 2 4 3 2 6 2 3 1 1 1 4 1 1 3 1 1 3 3 2 0 3 2 0 4 2 5 1 1 0 0 2 0 3 0 0 3 1 3 1 2 1 3 2 1 2 1 4 2 0 3 1 3 4 3 5 1 1 1 2 2 1 3 0 0 3 3 1 1 1 6 0 2 1 2 1 0 3 0 1 1 1 2 2 0 0 0 3 5 3 1 2 3 2 2 3 1 2 2 4 1 1 2 3 5 3 2 0 0 1 3 1 3 2 3 2 4 1 0 4 1 2 3 1 0 1 2 2 0 2 2 4 3 1 2 0 2 3 3 1 1 1 2 1 1 1 4 1 2 2 1 2 4 2 3 3 1 5 3 2 3 0 1 3 0 1 2 1 4 2 1 9 3 3 3 0 3 1 0 2 2 3 2 0 0 2 4 4 0 2 3 2 1 0 4 3 2 2 3 0 5 2 1 0 4 3 2 1 1 2 1 1 1 5 2 4 3 1 1 1 2 1 2 4 2 2 3 2 1 1 1 2 3 1 2 3 6 1 1 4 1 4 5 2 0 0 3 0 2 1 0 4 3 2 2 3 0 4 1 3 3 3 1 0 1 2 0 2 1 2 3 3 0 0 3 1 2 2 1 2 1 2 1 2 0 2 2 2 4 5 2 2 5 1 2 0 2 2 3 2 4 0 1 0 4 2 7 1 2 1 2 0 3 5 0 1 1 4 1 2 5 0 0 3 1 2 2 2 1 2 2 3 1 4 1 3 3 3 3 1 0 3 3 2 0 3 3 3 0 2 1 3 0 0 4 0 1 2 1 1 2 2 1 0 2 3 1 2 4 6 4 2 1 2 3 3 2 5 3 2 2 2 1 1 5 0 2 1 2 4 4 1 2 2 0 1 0 1 3 2 2 4 4 1 1 4 2 2 4 1 2 2 1 1 2 3 3 1 1 0 1 3 4 0 3 0 0 2 3 5 4 2 3 1 3 2 1 0 1 2 3 2 3 2 0 4 3 2 2 1 2 4 0 2 2 1 0 3 2 3 2 0 2 3 2 1 3 0 2 2 2 2 7 2 2 1 1 5 3 1 2 0 2 1 2 1 2 2 2 3 2 2 1 4 4 1 4 4 2 1 0 1 1 1 4 2 0 0 1 0 1 0 3 1 1 0 2 2 3 3 1 3 5 4 4 0 1 2 0 1 1 4 2 1 0 4 3 1 1 2 2 2 1 2 0 0 4 4 0 3 4 0 2 4 1 0 0 1 4 2 1 3 2 1 2 1 2 4 3 0 4 4 1 3 0 4 3 0 0 3 2 0 3 0 3 3 2 1 2 2 0 3 4 2 1 2 1 6 2 4 1 0 4 4 3 1 1 2 0 2 1 4 5 1 1 3 0 2 0 3 1 2 4 1 0 3 1 3 0 3 2 1 3 3 4 2 1 3 3 1 2 3 2 1 3 2 1 3 1 5 3 1 2 2 2 1 4 3 0 2 1 1 2 3 4 3 3 2 3 1 3 3 2 1 4 3 0 2 3 2 1 2 3 2 4 3 2 1 1 2 7 6 2 1 1 2 1 2 2 2 2 4 3 2 3 0 5 2 3 2 6 2 0 3 2 4 1 0 1 1 3 3 1 5 2 2 2 2 2 1 2 1 1 1 1 0 4 2 2 0 2 1 3 1 2 1 1 2 6 1 1 1 3 5 0 4 1 3 1 5 0 0 1 2 1 1 1 2 3 2 0 4 2 0 3 1 3 1 2 2 0 2 1 1 2 0 2 1 2 3 1 2 0 4 1 1 4 1 3 2 2 4 2 1 1 1 4 2 3 2 1 1 5 4 2 0 2 4 2 0 2 4 2 3 2 2 3 5 1 1 0 0 2 3 4 3 3 3 2 0 3 2 0 0 1 2 0 2 3 5 2 3 0 3 1 1 1 2 0 2 2 2 4 5 2 2 4 2 0 2 1 7 3 1 0 1 0 4 4 2 0 1 0 4 1 2 2 1 0 1 2 2 2 4 2 1 4 4 2 0 2 0 0 1 3 4 2 1 1 2 3 1 2 3 0 3 2 1 2 2 3 1 6 0 3 1 0 0 4 2 2 2 4 0 3 3 0 0 3 2 0 2 3 2 1 3 1 0 2 1 2 4 2 3 1 2 3 2 2 1 2 2 1 1 1 1 1 2 2 0 3 3 0 5 3 2 3 1 2 2 1 1 1 1 2 1 2 4 2 1 1 0 2 1 3 0 3 1 4 4 0 1 1 2 3 1 5 2 2 2 0 0 3 2 1 3 2 0 3 6 1 1 2 3 3 3 2 1 3 2 1 1 3 1 0 2 1 0 0 2 1 1 4 3 1 4 2 2 1 0 3 0 0 0 2 3 7 2 2 3 1 2 0 0 2 3 4 3 2 1 0 2 0 1 0 1 3 5 1 0 5 0 2 1 2 3 4 2 0 3 3 3 1 1 2 1 1 2 3 3 3 2 5 3 4 4 1 4 1 0 3 1 3 4 3 2 4 3 3 2 3 1 1 1 3 3 2 3 4 1 2 1 2 2 3 2 5 3 3 1 2 0 1 0 1 3 4 2 1 2 1 3 2 1 2 2 3 2 2 2 0 4 0 0 1 1 0 3 2 2 2 2 4 1 2 4 3 1 1 2 0 4 3 3 3 1 5 1 5 2 2 0 1 0 3 4 3 1 6 1 1 2 2 2 1 3 0 4 2 1 0 3 4 3 0 2 1 1 0 2 1 1 3 3 3 2 0 2 2 0 2 2 4 1 0 1 2 1 3 2 4 2 1 3 1 2 2 3 2 2 4 2 4 2 2 2 1 3 3 2 2 0 1 3 2 3 1 1 4 0 1 1 1 5 2 1 3 3 3 3 2 1 5 3 1 0 2 2 0 3 1 3 1 3 3 2 2 3 3 1 3 2 0 0 2 1 4 2 2 0 1 6 3 1 4 2 0 2 3 0 2 0 3 2 2 0 5 4 2 1 0 3 4 2 0 0 2 2 4 3 2 2 0 1 2 2 7 2 0 3 3 2 3 3 1 3 5 1 2 3 3 2 2 1 4 1 3 3 1 0 2 2 2 4 1 3 1 5 2 1 1 2 2 3 2 4 4 2 2 0 1 2 1 1 2 3 0 5 4 1 2 3 2 5 4 1 0 1 2 1 1 3 3 4 4 1 1 0 4 4 2 1 0 2 5 3 3 1 0 0 2 3 2 3 1 1 4 3 3 1 1 2 3 3 2 3 1 4 4 2 0 1 3 5 3 1 0 2 2 1 3 2 3 1 0 3 1 2 2 1 4 0 1 3 4 0 3 2 2 0 1 2 3 1 6 0 3 1 1 0 1 3 1 3 4 1 4 2 3 2 1 4 3 1 2 0 3 0 1 0 1 4 3 2 3 1 0 1 3 2 2 2 2 0 1 1 3 2 4 1 3 1 1 2 0 1 2 2 3 1 4 3 1 4 4 0 1 1 3 0 1 3 6 4 1 3 3 3 3 1 1 1 2 3 3 2 6 1 1 1 2 3 2 1 1 2 1 2 3 3 5 2 0 1 0 3 1 2 2 1 4 1 2 4 2 2 2 2 1 2 2 1 4 2 2 2 4 1 3 2 0 2 3 2 1 2 3 1 2 0 4 2 0 6 4 1 4 1 2 1 3 1 3 1 1 2 0 3 4 2 4 4 2 2 0 0 2 1 3 1 1 2 6 1 0 2 1 2 2 3 3 2 3 1 5 1 0 0 2 1 3 1 2 3 2 7 2 4 3 2 2 1 2 1 4 1 2 0 3 4 0 3 2 2 2 1 3 5 0 1 1 0 1 2 0 3 0 1 0 1 3 1 1 0 2 3 0 3 2 3 0 1 4 0 3 1 1 4 4 2 1 3 1 1 2 2 4 0 1 4 5 1 1 4 5 2 2 1 2 5 1 1 2 4 1 1 1 0 7 1 0 2 2 2 3 1 1 4 3 4 2 2 1 3 2 2 2 1 0 1 4 4 1 2 0 1 1 4 1 2 7 2 0 3 1 3 0 3 4 1 3 0 3 2 3 1 1 1 0 5 1 2 2 3 1 1 0 2 1 2 0 3 1 4 1 5 2 2 6 1 2 2 1 1 1 4 2 3 1 3 1 1 4 3 0 1 2 1 4 3 1 2 2 4 0 0 1 2 1 6 0 7 1 1 3 3 2 3 2 1 4 3 3 0 1 4 4 3 1 3 2 2 0 1 0 2 2 1 2 4 1 0 0 3 1 2 3 2 3 1 1 1 3 0 0 4 2 1 6 1 1 1 2 2 0 2 3 2 4 1 2 4 3 2 1 2 5 2 0 4 2 1 0 3 4 0 3 2 2 3 3 1 2 3 4 2 2 1 3 1 2 5 3 2 3 0 3 0 2 3 0 2 3 0 2 3 4 2 4 0 0 2 1 3 3 4 0 1 1 2 3 5 4 4 1 1 1 1 0 0 2 3 0 2 3 2 4 2 2 2 2 3 0 1 3 3 2 3 2 1 0 2 2 0 1 2 2 1 2 1 4 0 3 0 1 3 5 2 2 0 3 3 1 3 3 3 0 0 0 3 2 2 0 2 1 5 1 0 2 4 3 1 0 2 2 1 4 2 3 0 3 2 2 1 1 3 3 1 2 2 1 2 3 5 2 1 2 3 0 3 2 5 4 1 0 2 2 2 1 1 1 0 0 1 3 2 2 3 2 1 2 3 2 3 2 0 2 3 1 3 2 1 1 2 0 2 2 0 3 2 1 4 1 1 2 0 1 2 2 2 4 3 1 1 0 5 2 1 2 3 2 2 0 1 0 2 0 2 2 3 0 1 4 0 2 1 4 1 3 5 1 2 3 1 3 1 3 2 1 2 1 1 2 1 3 1 3 4 2 4 0 2 1 3 3 1 4 0 3 3 0 4 4 3 1 1 3 2 1 1 1 3 1 4 0 1 3 2 2 2 3 2 1 1 1 3 2 2 0 2 2 2 2 2 0 2 1 3 2 0 2 3 5 3 1 0 1 2 1 2 1 2 5 2 6 2 1 2 2 0 2 3 3 1 1 4 2 4 1 0 0 1 2 2 2 3 2 0 5 2 2 3 1 2 2 5 3 3 0 1 3 2 2 1 1 3 1 0 2 2 1 1 3 2 3 3 3 1 0 3 2 2 3 1 1 3 1 1 1 4 4 1 3 0 2 4 0 1 0 2 1 1 1 1 5 1 1 3 3 2 2 5 1 3 3 0 0 0 3 5 0 0 4 1 4 0 0 1 1 3 3 3 2 2 3 2 3 2 2 0 2 2 1 1 1 3 2 1 2 1 4 1 2 5 1 3 1 2 1 2 4 4 2 1 4 1 3 3 0 0 3 2 2 0 5 2 2 0 1 1 1 2 3 3 3 2 1 2 3 3 0 0 2 3 4 5 1 3 2 1 3 1 2 1 2 2 0 2 1 3 5 0 2 0 4 3 0 2 6 3 1 0 1 2 2 1 3 1 3 4 2 4 0 1 0 3 1 2 0 4 3 0 2 2 2 6 1 0 1 3 3 1 1 2 3 1 1 2 2 3 0 8 1 2 1 2 1 1 1 1 1 3 2 1 1 2 1 1 1 2 3 1 2 0 2 0 3 4 2 1 2 3 1 2 2 2 2 2 1 4 2 1 3 5 5 2 1 1 2 2 2 2 1 3 3 2 2 3 4 3 1 3 2 0 3 0 1 6 0 2 1 4 2 1 1 0 3 2 2 1 1 1 0 4 2 3 1 2 0 2 1 1 3 1 1 1 2 6 2 0 1 0 1 0 3 3 2 4 1 0 1 5 1 3 3 1 2 2 0 3 1 2 2 5 1 3 2 3 0 2 0 4 1 1 0 3 3 2 1 3 0 1 4 2 2 1 1 1 1 4 1 2 2 1 1 1 3 4 1 3 0 1 2 2 1 1 3 3 0 1 2 1 2 2 3 3 3 3 4 2 2 1 0 2 2 3 2 0 2 2 3 4 2 2 1 2 0 1 1 0 2 3 4 1 3 1 2 2 2 1 2 4 1 1 1 3 0 1 1 2 5 2 5 1 1 3 4 2 1 5 3 3 1 3 2 1 2 3 3 1 1 7 1 3 3 2 1 3 1 2 2 1 6 1 2 1 1 4 0 1 4 0 0 2 1 4 5 0 4 3 0 3 1 1 2 0 6 1 3 5 1 4 1 0 3 5 2 2 3 1 4 2 5 0 3 2 1 2 3 2 1 3 4 1 4 2 1 0 3 1 0 5 1 3 1 4 6 2 1 2 1 0 6 1 0 2 5 1 2 2 1 4 1 0 1 1 3 2 3 3 4 3 1 3 4 3 2 1 3 1 1 4 4 2 0 2 1 2 2 1 1 2 3 3 0 3 4 1 2 2 2 2 0 0 1 2 3 3 1 3 0 4 3 2 1 2 1 2 3 1 4 1 2 1 1 3 2 1 2 1 1 1 1 0 2 2 3 1 1 1 1 1 3 4 1 3 1 1 4 2 2 2 1 2 4 2 4 4 5 1 3 0 1 2 2 0 2 3 2 4 2 2 3 1 2 1 0 1 3 0 2 1 3 2 3 2 3 0 1 6 4 5 0 0 4 2 1 2 1 1 3 1 1 1 0 2 1 3 2 3 2 0 1 2 4 3 0 0 5 2 1 1 1 3 3 2 0 1 2 3 0 2 1 1 1 1 3 2 2 1 2 1 0 2 2 1 0 0 2 3 3 1 5 1 0 3 5 1 1 1 3 2 1 1 1 2 3 2 2 2 2 2 3 1 0 3 1 3 3 2 1 0 2 1 4 3 4 2 1 2 2 1 1 3 3 4 2 2 2 2 2 3 1 2 2 0 6 1 2 1 0 3 0 1 2 3 3 2 5 2 3 2 2 3 3 1 1 3 2 1 4 3 1 4 0 0 0 2 4 1 2 1 0 2 2 1 4 0 4 1 3 3 2 3 0 3 3 1 3 2 3 0 2 1 1 1 1 2 2 0 4 4 5 0 2 2 4 0 2 3 1 1 1 5 3 6 1 1 2 1 2 4 2 1 1 2 5 3 0 0 2 2 3 5 2 1 2 1 3 6 2 1 0 2 2 2 2 3 2 1 3 1 1 0 7 3 1 1 4 2 1 3 3 2 0 1 2 0 1 1 2 4 2 1 2 3 2 1 3 4 2 2 0 4 1 2 1 0 0 1 3 3 1 2 2 0 3 2 2 4 2 2 2 0 2 1 0 5 1 1 1 2 1 2 3 2 4 6 1 2 3 2 1 1 0 2 2 5 1 1 3 5 2 2 2 3 2 0 0 3 4 1 4 1 1 1 2 3 1 3 3 0 6 2 4 0 2 4 1 2 2 3 1 1 3 2 3 2 2 2 1 3 1 0 4 0 1 3 1 1 5 2 1 0 1 1 1 1 6 2 1 2 4 2 3 1 3 2 1 0 0 5 1 2 3 2 0 2 1 4 3 3 3 1 2 0 3 2 3 2 1 0 2 1 0 1 3 2 3 3 1 1 5 1 3 2 0 1 3 0 1 1 2 2 2 3 3 3 1 3 1 4 3 2 1 2 0 0 0 2 4 2 2 1 2 3 4 3 3 1 0 3 2 1 5 1 0 1 2 2 1 1 0 3 6 1 3 4 2 2 4 0 2 2 1 1 1 1 3 3 0 3 1 1 3 0 1 3 1 4 2 1 1 3 0 3 1 2 3 0 2 2 2 0 1 1 5 3 2 3 0 2 3 1 4 2 3 1 2 1 1 2 1 3 5 1 1 2 2 2 2 1 1 0 1 4 4 1 3 1 0 1 4 2 1 0 2 5 0 5 2 2 1 1 4 2 1 3 4 1 1 2 2 3 1 2 2 4 4 1 3 3 3 2 2 1 3 2 1 1 2 2 3 3 0 2 1 2 1 3 2 3 3 5 2 1 3 1 3 3 3 5 1 2 2 3 2 2 4 1 1 0 4 2 1 1 0 2 3 3 3 0 5 0 4 1 1 0 5 0 1 0 2 4 1 6 1 3 0 4 1 2 1 2 2 1 2 2 3 1 2 2 0 3 2 0 0 2 1 2 4 1 0 2 2 1 1 1 3 1 3 0 2 1 2 3 2 2 1 4 0 1 3 3 2 2 1 3 0 3 4 4 4 1 1 4 1 1 2 2 1 1 2 0 3 2 4 0 2 0 4 0 1 1 2 3 2 3 2 4 0 0 4 3 1 0 3 2 3 3 1 0 1 3 3 0 2 3 1 0 0 1 4 1 2 1 2 3 2 2 1 3 1 1 3 5 0 0 2 7 1 2 1 3 3 3 3 2 2 1 1 0 2 2 3 1 3 1 5 3 2 5 0 0 1 1 2 1 0 2 3 4 2 1 3 2 0 2 1 3 2 2 4 1 2 2 2 3 1 2 3 3 2 5 0 1 1 1 0 5 1 2 2 4 2 4 0 1 3 1 2 1 5 2 1 1 1 0 2 3 2 1 3 2 3 2 2 6 0 4 2 2 5 0 3 2 0 3 3 1 4 1 0 3 0 2 2 1 2 2 2 3 2 3 3 3 3 4 3 0 1 4 2 2 1 6 1 4 3 2 1 4 4 1 1 2 1 1 2 1 0 1 2 2 1 1 2 2 3 2 1 2 3 1 0 2 2 1 3 3 4 4 2 0 1 0 3 2 3 4 1 1 2 0 1 3 2 3 3 2 2 6 0 3 0 3 3 3 1 2 1 2 2 2 2 2 3 1 1 1 3 3 2 4 0 1 3 3 5 1 1 1 4 3 1 2 2 0 1 1 1 3 1 1 4 2 2 2 4 0 2 0 0 1 0 0 3 2 5 2 5 1 2 2 2 2 1 2 1 1 0 4 1 6 3 5 4 1 1 0 3 2 2 4 3 0 2 2 1 1 3 0 2 1 4 3 0 1 3 2 3 0 2 2 4 2 1 0 3 1 1 1 3 2 4 2 2 2 0 2 4 1 2 0 3 0 5 2 1 4 2 7 3 3 1 0 3 1 3 2 0 3 5 2 1 1 0 1 1 0 2 1 5 3 0 0 4 1 5 3 2 1 2 1 2 3 1 2 0 2 2 1 3 1 3 1 0 2 1 3 2 2 2 4 2 0 2 1 1 0 2 1 1 3 2 2 1 1 2 5 1 2 1 2 0 2 2 3 2 3 3 0 2 2 1 1 6 2 3 2 2 1 0 4 3 0 3 3 3 1 1 3 1 1 3 1 3 0 0 1 2 1 3 2 0 5 3 3 2 0 1 2 1 3 3 2 1 3 3 3 2 1 4 5 0 3 1 1 2 2 4 1 2 3 2 2 2 3 1 4 1 0 2 1 1 1 0 2 3 2 1 2 0 1 5 3 1 3 1 0 3 1 1 3 1 2 3 3 0 1 0 1 2 5 1 3 2 1 2 2 1 1 2 3 1 2 0 3 2 0 3 2 1 3 2 0 3 1 2 2 3 1 4 0 2 0 1 7 1 2 2 3 1 2 4 0 0 0 1 4 2 1 4 2 2 1 4 2 1 1 6 1 2 2 1 3 3 1 2 4 1 1 1 2 2 1 3 2 2 3 4 0 1 1 2 0 2 1 3 1 3 1 1 1 3 0 5 3 1 1 1 3 1 1 0 1 1 0 1 1 1 4 3 1 3 1 0 3 1 1 1 3 2 0 3 4 3 2 5 2 0 3 2 2 0 1 2 1 0 3 3 0 1 4 2 2 1 2 1 2 1 4 3 3 0 3 0 1 1 2 1 0 3 3 1 2 2 2 3 0 3 2 4 4 2 1 5 2 1 1 1 1 3 5 5 1 0 1 1 4 1 5 1 1 2 3 0 1 2 1 0 3 3 2 2 1 3 0 2 1 1 2 3 1 1 3 2 0 1 2 2 3 1 1 1 3 2 2 0 5 1 2 1 2 2 2 1 1 4 2 0 1 5 3 1 3 1 2 0 2 3 5 1 2 2 1 3 0 1 5 2 1 1 2 0 1 4 2 2 2 1 0 1 3 3 3 2 2 4 3 2 1 1 3 1 2 1 1 2 2 4 2 3 1 0 1 3 3 4 3 1 4 0 2 0 0 1 1 4 1 3 0 6 2 1 1 1 1 5 2 1 0 0 2 1 3 2 2 3 3 0 2 1 3 1 2 2 0 2 2 1 1 3 0 1 1 4 2 1 2 3 1 1 2 6 2 2 1 1 1 1 1 3 4 1 3 2 1 2 1 1 2 0 2 3 2 2 2 2 2 0 3 1 2 4 1 4 0 3 2 2 2 1 3 3 3 3 2 2 3 0 1 1 2 1 2 2 3 4 0 2 3 4 2 2 0 0 2 1 1 3 4 1 2 3 2 0 0 1 1 4 2 1 5 2 1 2 0 2 2 3 0 0 4 4 3 1 2 2 1 2 1 0 0 1 1 3 2 2 3 5 0 3 1 2 3 1 4 2 2 1 0 0 1 2 1 4 2 3 1 2 2 1 2 5 2 6 1 0 3 1 2 0 1 0 5 2 2 3 3 2 0 2 4 2 1 2 1 1 3 2 1 2 1 3 2 3 2 2 2 1 2 4 2 5 2 2 1 3 2 3 4 1 3 0 1 2 2 3 0 3 4 3 1 3 0 1 2 4 1 2 2 3 2 2 2 3 2 2 0 2 4 5 0 1 1 2 2 3 1 3 2 0 2 3 2 1 5 3 2 1 0 0 4 4 3 1 2 2 3 5 2 1 0 1 1 3 4 4 0 1 0 3 1 4 2 2 1 5 2 3 2 2 5 1 2 3 1 4 3 0 1 1 0 5 0 1 2 2 1 2 3 3 0 1 2 2 2 0 2 1 2 2 2 5 2 4 2 1 0 2 1 0 1 3 1 2 3 5 1 4 2 4 2 2 2 1 2 4 1 2 3 5 1 2 4 1 1 1 3 3 3 0 3 2 0 2 2 0 1 2 2 3 3 2 1 0 2 2 1 3 2 0 0 3 2 2 1 2 4 3 0 2 2 2 0 1 0 3 2 2 1 3 4 3 1 4 2 3 3 4 4 0 2 0 1 4 1 2 3 5 3 2 2 4 0 1 2 1 3 2 2 2 2 2 1 4 3 4 4 2 1 1 1 1 1 1 1 0 2 5 2 1 1 1 2 1 2 3 4 3 3 3 0 3 4 3 5 0 1 0 2 5 1 1 1 2 2 2 2 2 3 4 1 2 1 2 2 3 0 0 0 2 0 3 0 1 2 3 2 2 3 2 3 1 3 0 1 1 0 2 2 1 3 1 1 1 5 0 3 1 3 3 6 3 3 0 0 0 2 2 2 1 3 1 4 2 1 2 3 2 0 0 2 2 4 1 0 1 2 2 2 1 2 1 3 3 1 0 2 4 4 1 2 5 1 4 1 1 1 0 0 0 1 1 2 5 4 1 0 3 0 2 3 0 2 1 0 7 1 1 1 2 1 3 3 0 2 1 5 0 4 1 4 4 2 3 2 3 0 3 3 1 0 2 3 3 0 2 1 3 1 3 4 3 0 3 2 1 2 2 1 0 3 3 6 1 0 4 1 4 4 4 0 1 3 0 0 1 2 1 4 1 2 1 2 2 1 1 4 4 3 2 2 2 3 2 1 3 1 1 1 2 2 2 2 2 0 1 1 1 2 2 2 2 3 0 2 1 1 3 1 3 3 4 2 3 2 1 1 3 2 2 1 2 2 3 3 1 2 2 1 3 1 2 0 0 0 2 3 2 3 3 2 2 3 1 1 1 1 0 2 1 5 5 3 0 2 3 2 2 1 2 0 0 0 0 4 2 4 6 1 2 0 1 2 3 2 1 0 2 2 1 4 2 1 1 2 1 2 1 7 1 0 2 1 2 1 2 5 3 2 4 1 1 3 2 0 5 1 1 0 1 3 5 1 5 0 2 2 2 1 4 1 3 0 2 2 0 2 4 3 2 1 1 1 3 3 4 1 1 4 3 0 1 1 0 5 3 0 1 5 1 1 0 1 2 4 3 1 0 4 2 1 4 2 1 1 0 3 4 2 2 3 1 2 1 1 2 2 2 4 1 1 7 1 1 1 2 2 1 5 2 0 2 2 3 3 0 0 3 2 1 1 2 3 1 1 1 3 0 3 3 3 2 2 2 3 0 2 2 0 3 1 2 0 1 4 5 1 0 2 1 6 4 2 2 3 3 1 3 0 1 1 1 2 1 4 2 2 1 2 0 3 2 2 4 2 4 1 1 2 0 2 3 2 3 2 0 3 3 0 1 1 3 2 1 1 2 3 2 0 1 3 0 1 1 2 1 0 2 1 3 3 1 1 3 2 2 3 3 2 1 4 5 2 1 2 3 1 2 1 2 1 3 6 1 3 0 1 2 1 1 3 4 5 1 5 0 1 2 4 3 3 0 2 3 3 3 2 2 2 1 1 6 2 3 0 2 1 3 1 0 1 0 1 3 4 1 4 1 2 3 1 1 0 3 2 5 3 4 1 1 1 2 2 1 2 3 0 3 3 3 4 1 3 3 1 2 2 2 0 0 3 2 3 3 3 2 0 1 3 1 3 2 2 4 1 4 3 0 2 4 2 3 3 2 2 1 1 3 1 1 0 1 5 1 1 2 4 2 3 0 1 0 0 4 1 1 3 1 4 3 0 2 1 1 1 1 0 1 2 2 3 1 3 1 3 0 3 1 3 0 1 2 2 6 0 0 0 1 3 2 3 3 3 0 1 2 3 1 2 2 4 2 1 4 2 4 3 2 2 1 5 1 2 0 1 0 3 2 3 4 0 3 5 1 0 1 4 1 4 3 1 3 1 2 6 0 4 1 0 3 0 2 2 3 1 2 5 1 0 3 2 3 4 1 3 3 1 1 2 2 5 0 2 5 2 3 1 0 1 1 1 3 2 4 1 1 2 3 1 3 0 1 0 1 2 4 2 4 1 1 2 1 4 3 5 3 1 0 0 0 2 2 4 4 2 3 0 2 2 0 2 2 1 3 3 1 0 0 0 5 2 0 1 2 1 0 1 2 2 3 3 1 4 3 2 4 1 1 0 2 2 0 3 1 3 3 3 2 5 2 1 2 2 1 3 4 1 5 3 1 1 5 3 0 0 1 3 2 1 3 4 3 1 2 1 3 0 1 1 4 3 3 1 2 5 0 1 2 2 0 4 3 3 6 4 1 0 2 0 1 2 1 0 1 4 5 2 2 5 3 2 1 2 2 0 2 0 1 0 0 2 5 3 0 4 2 2 1 1 3 1 1 2 1 4 1 2 1 4 2 1 0 2 1 5 0 0 1 1 5 0 0 1 2 2 1 0 1 2 2 4 1 3 4 2 3 1 2 3 1 3 3 1 1 0 0 0 4 1 5 1 3 3 0 2 0 1 3 2 3 2 1 2 1 1 2 2 1 3 1 1 4 2 1 2 0 3 3 2 1 4 3 1 2 3 4 1 1 2 1 2 3 1 2 2 2 0 3 1 0 2 0 3 2 2 2 1 2 3 0 4 0 1 2 4 1 2 1 2 1 2 4 1 1 2 1 0 1 3 3 1 1 3 3 4 1 0 5 3 1 4 1 3 1 3 1 3 1 3 0 3 4 3 2 1 6 1 1 0 2 2 0 6 1 1 2 2 1 3 0 1 0 1 3 6 2 3 3 1 3 2 1 0 3 1 0 2 1 1 1 2 2 0 2 3 4 5 0 0 1 2 3 4 0 0 2 1 1 1 2 0 0 2 1 4 3 2 2 0 2 0 0 1 3 3 1 2 2 1 3 4 2 1 0 3 0 2 2 0 2 3 2 1 0 1 2 1 1 1 1 2 2 3 4 2 3 3 2 1 2 3 4 3 2 0 3 1 3 3 1 1 4 0 4 2 3 0 2 5 1 1 2 1 3 3 2 2 1 0 1 2 4 1 0 0 3 2 2 6 1 0 0 1 5 3 3 2 6 1 0 4 1 0 0 1 2 3 1 3 3 1 3 1 2 2 0 0 2 1 2 3 1 3 1 5 2 3 3 3 0 1 2 1 2 0 1 4 1 1 2 2 3 0 2 3 0 2 1 3 1 2 1 1 1 3 3 4 0 4 4 1 2 2 1 3 4 0 0 3 3 3 3 1 2 2 2 2 3 0 0 2 1 1 3 1 3 2 3 3 2 1 0 2 1 3 5 0 2 3 1 0 2 2 2 1 2 2 5 2 1 0 3 2 0 3 3 1 2 1 1 2 1 2 3 1 3 1 3 0 2 3 4 2 2 1 0 2 3 1 0 1 1 4 3 1 4 1 0 1 2 2 4 0 1 1 2 3 1 2 2 1 1 4 3 0 1 3 3 1 2 3 0 0 1 0 1 1 1 2 1 5 2 1 2 1 3 2 3 0 2 2 2 3 3 1 4 4 1 3 1 1 0 2 3 0 2 0 1 1 2 2 2 5 0 2 1 3 4 1 2 4 3 0 3 1 1 2 0 1 3 5 2 0 3 2 1 2 1 2 4 3 2 2 4 1 3 2 2 2 0 1 2 2 3 3 1 2 0 0 1 2 1 3 1 3 3 1 2 3 3 2 2 0 1 1 2 2 4 2 3 0 4 2 1 1 0 2 3 1 3 1 0 4 0 3 1 5 4 2 0 2 2 2 2 3 3 4 3 0 2 4 5 1 3 3 2 3 1 2 3 1 4 3 2 1 0 4 2 0 2 3 1 2 1 2 2 1 1 1 1 4 1 1 3 1 3 0 3 1 2 2 3 3 3 2 2 4 0 3 2 2 1 5 2 0 4 2 0 2 2 3 0 1 3 2 0 3 3 1 2 2 3 2 2 0 3 2 3 2 2 2 5 3 0 2 5 3 1 5 2 2 1 1 3 1 1 5 3 1 0 1 4 2 3 2 5 4 3 0 3 2 1 2 2 2 0 2 4 2 1 1 1 2 2 1 2 3 2 0 3 0 3 1 1 1 2 4 2 2 1 0 2 2 3 2 1 1 6 0 2 3 5 1 2 1 1 1 0 2 2 0 0 3 0 0 1 3 2 1 4 3 2 2 0 3 1 2 0 4 1 3 3 2 2 2 2 1 1 2 1 5 3 2 4 3 1 2 2 1 0 1 1 1 1 4 1 2 4 0 0 2 2 4 1 1 3 4 1 2 1 2 1 2 1 0 1 3 2 0 3 5 2 2 2 0 0 1 1 2 1 1 2 2 2 3 2 2 1 1 4 1 1 2 1 4 1 2 2 2 1 0 0 2 2 2 3 2 3 1 4 1 1 3 1 4 1 1 0 1 1 2 0 0 4 1 8 3 0 1 2 4 3 2 4 2 3 0 2 3 1 2 3 3 1 3 1 2 1 3 3 4 1 2 2 2 2 1 2 1 1 3 1 1 1 4 1 2 3 2 2 0 3 1 3 2 2 0 2 0 3 3 4 3 1 4 3 3 5 1 0 3 1 0 1 3 2 2 2 4 2 1 2 2 0 1 0 3 1 1 3 1 0 3 2 1 3 1 0 4 1 3 5 3 5 1 4 0 4 1 0 0 1 2 2 3 2 3 3 0 3 5 1 1 3 3 2 2 3 3 1 2 1 0 1 2 3 2 1 2 6 2 5 0 4 0 3 2 2 1 1 0 3 2 2 1 3 2 2 1 3 3 3 2 1 3 2 3 3 3 3 6 4 2 1 2 0 3 2 1 2 2 0 3 1 0 3 2 2 3 6 5 7 2 4 1 1 3 2 1 1 1 2 2 4 2 0 0 3 1 3 6 4 2 1 0 2 3 3 3 1 1 2 2 1 2 1 1 3 3 1 1 4 1 4 4 2 2 1 3 0 4 0 2 1 0 0 2 0 3 3 1 1 2 3 1 1 2 3 1 1 2 1 3 2 1 1 1 1 2 3 1 1 0 1 2 4 2 2 3 3 1 2 1 2 0 1 2 3 1 3 0 7 3 4 3 1 2 0 2 2 1 2 4 1 2 1 4 1 0 1 2 2 3 4 4 2 0 2 2 1 2 1 1 1 0 1 2 2 5 2 2 4 3 2 0 1 2 3 1 1 2 6 1 2 1 3 2 5 2 2 1 0 0 0 4 2 0 2 3 0 3 3 2 2 0 3 3 2 2 1 2 1 2 2 3 0 1 2 3 4 2 1 5 1 4 0 1 2 1 4 2 0 3 4 3 3 1 0 1 3 0 2 7 2 1 2 4 1 4 1 3 2 3 3 1 2 4 0 1 1 2 1 3 3 0 1 2 1 0 1 2 4 1 6 3 1 1 3 0 3 3 2 1 1 3 0 4 2 1 1 1 2 3 1 0 3 3 2 4 1 5 3 2 3 0 2 3 2 2 2 3 0 4 5 1 3 3 1 2 3 0 2 0 2 2 1 1 2 3 2 1 3 1 2 3 0 3 3 1 1 0 1 3 1 0 3 0 3 3 1 2 1 3 4 1 3 2 2 6 3 1 1 1 2 4 2 5 2 1 1 0 1 3 2 1 2 1 2 2 3 3 1 2 3 4 1 3 0 1 0 2 1 2 1 2 1 2 3 2 4 4 2 1 2 4 1 0 2 3 3 1 1 2 3 3 3 1 1 2 1 0 2 2 0 1 0 2 3 2 1 5 6 0 2 4 1 1 0 1 2 3 4 6 1 0 0 1 1 0 1 4 2 1 0 3 2 3 2 1 3 3 2 5 2 3 0 3 1 1 0 3 2 4 4 0 6 1 2 3 2 1 0 2 1 2 2 0 3 2 0 2 3 3 2 4 3 2 3 0 1 1 3 3 2 3 2 5 1 2 1 2 3 1 1 1 0 2 2 4 6 4 0 4 1 3 1 2 2 2 4 1 1 3 3 1 0 2 1 1 3 2 1 3 2 3 1 2 3 4 1 0 2 1 2 2 1 1 3 3 3 2 3 4 1 1 3 4 2 1 1 5 3 0 2 0 1 4 2 1 4 1 4 0 1 1 1 1 1 1 3 3 4 0 4 5 2 3 0 1 3 4 5 3 0 2 7 0 2 2 1 2 2 1 1 5 4 0 0 2 4 2 4 1 2 0 1 4 2 1 1 2 1 4 3 0 0 2 3 3 5 1 1 0 1 3 0 1 1 1 1 2 2 3 1 1 2 2 0 1 4 2 2 3 3 3 2 1 3 1 0 1 4 3 2 1 2 2 3 2 5 2 1 1 1 0 4 3 2 3 0 0 3 3 1 4 1 2 3 3 1 2 1 1 1 4 2 1 3 3 3 3 2 3 4 2 6 2 1 2 2 1 4 1 1 5 0 3 1 1 1 1 4 3 0 2 2 3 1 4 1 2 3 5 2 2 0 3 0 1 2 2 2 2 0 2 3 1 3 2 0 0 1 1 1 6 3 4 0 1 3 2 1 0 2 3 0 1 0 3 3 3 2 3 4 0 4 2 0 2 0 4 2 2 2 3 3 0 4 1 1 2 3 0 0 2 5 4 3 1 3 4 1 3 3 0 4 1 2 2 1 2 3 1 3 1 3 3 3 2 1 0 2 2 5 3 1 1 2 3 2 3 5 3 4 0 2 1 1 3 2 0 1 3 0 0 4 3 1 5 0 2 0 3 1 0 1 3 1 4 3 2 2 1 3 3 3 3 2 3 2 1 4 1 1 2 4 2 2 1 2 2 0 2 0 1 1 3 3 2 2 2 1 1 2 1 2 5 0 1 2 4 2 1 5 1 4 5 2 2 2 1 2 1 3 4 1 1 3 1 4 1 4 2 3 3 3 1 2 1 1 2 2 2 1 4 0 2 3 1 0 1 3 1 2 2 2 1 3 0 3 1 2 1 6 1 2 1 0 0 1 2 1 1 4 1 3 6 0 5 4 1 6 0 5 1 2 0 2 1 2 3 3 4 3 0 3 4 1 6 0 1 1 1 2 2 2 5 5 3 1 2 4 4 2 3 0 5 0 5 3 5 0 3 1 1 1 1 1 2 2 2 3 3 2 3 2 2 1 2 1 5 1 5 3 3 2 1 3 2 2 1 2 2 3 6 1 3 1 3 2 3 3 0 3 4 0 2 2 3 2 4 4 0 0 1 0 1 1 5 0 2 3 3 1 3 3 1 1 3 1 3 2 3 1 3 0 2 3 2 1 1 4 6 3 4 2 4 6 0 3 3 1 2 2 2 1 1 2 2 2 1 3 2 2 4 2 3 2 1 1 2 2 4 0 2 0 1 4 1 1 2 1 3 1 2 0 0 2 3 2 2 3 4 1 3 1 5 0 1 1 3 2 4 0 1 1 2 2 6 1 0 5 1 0 1 3 1 4 2 1 2 1 4 1 4 0 2 2 3 2 1 1 2 2 1 1 2 0 4 2 3 3 3 5 1 3 1 0 1 1 0 4 2 3 0 0 2 3 0 0 3 0 3 0 3 2 3 1 5 3 0 4 2 1 4 3 5 2 4 1 2 2 2 2 0 1 1 2 0 0 4 3 3 4 2 2 1 3 1 1 3 2 0 3 4 2 3 1 1 2 4 2 1 2 2 1 2 5 1 1 2 0 3 2 1 2 1 1 3 3 1 1 3 3 4 3 2 1 3 0 2 0 2 0 1 2 0 4 3 3 6 2 2 2 3 2 1 3 1 1 2 2 3 1 1 1 1 1 2 3 2 1 3 0 3 2 0 2 2 6 1 2 0 1 3 3 3 2 1 2 3 0 2 2 0 4 1 3 0 3 2 5 2 5 3 1 2 1 5 2 3 1 1 3 3 0 2 2 3 1 1 2 2 0 2 2 4 2 4 4 3 4 4 1 1 2 1 1 0 1 2 3 3 0 1 1 2 2 4 1 4 2 2 2 1 4 1 5 3 3 1 1 2 1 1 2 5 2 0 0 1 3 2 6 3 3 1 3 4 1 3 5 1 1 2 1 3 2 5 3 2 0 1 3 2 4 1 1 2 3 3 2 2 2 2 3 2 1 3 1 1 4 3 2 4 5 1 6 4 2 2 3 0 3 1 1 2 2 3 0 1 1 3 2 3 4 3 2 3 4 0 1 0 2 1 1 1 4 2 4 4 4 7 1 3 0 0 3 3 1 2 2 6 3 1 5 2 0 3 3 1 2 1 2 3 1 3 0 3 3 0 1 0 3 4 1 1 0 4 1 2 3 7 1 3 0 0 4 3 0 2 1 1 1 4 3 1 2 2 4 0 1 1 2 2 4 1 2 4 2 4 0 2 0 0 1 5 0 2 2 2 3 2 2 2 1 3 1 3 3 2 2 4 1 1 3 3 2 0 1 2 2 1 3 4 0 4 2 1 2 0 1 4 0 1 3 1 1 1 0 0 2 1 3 1 0 3 1 0 5 2 2 5 0 1 2 0 2 0 0 2 1 0 1 5 2 4 3 1 1 1 0 3 4 2 1 6 1 1 1 3 2 0 1 3 1 3 3 2 4 2 0 4 3 2 3 5 0 3 2 3 0 0 1 3 0 1 1 2 4 1 1 3 0 3 4 1 3 2 2 2 2 2 5 1 3 3 0 2 1 2 3 2 0 1 2 2 0 3 1 1 2 2 2 3 2 2 1 3 1 2 2 5 2 2 0 3 3 2 5 3 3 0 1 2 3 1 6 0 2 2 2 1 1 2 1 4 2 2 1 2 0 1 3 1 1 2 4 3 2 1 1 1 0 1 2 2 1 0 3 3 3 1 1 1 5 2 1 2 3 2 2 3 1 3 1 1 2 0 3 1 4 4 1 3 1 3 1 2 2 3 0 1 1 1 2 0 3 4 2 0 1 2 2 2 2 3 2 1 1 1 1 0 2 3 2 1 5 3 1 2 1 1 2 0 0 1 2 2 2 2 3 1 2 2 2 2 1 3 0 2 2 2 2 2 2 0 3 0 1 2 3 0 1 2 3 2 1 5 2 1 2 3 2 1 2 3 1 3 3 7 2 1 2 1 3 3 1 3 0 4 0 4 3 0 1 1 1 0 4 0 2 1 3 2 1 0 1 2 3 3 5 0 1 0 0 4 1 2 1 2 1 1 0 0 1 5 4 4 2 2 1 2 1 2 2 1 2 0 3 0 3 4 0 4 1 1 1 2 5 3 2 2 1 3 3 1 1 4 3 2 1 5 0 4 1 1 2 5 5 3 2 1 3 2 1 1 1 2 0 0 0 2 3 5 1 4 1 1 2 3 1 2 1 3 2 0 4 1 3 2 3 3 3 2 2 1 6 3 3 0 3 1 2 0 1 0 5 3 3 2 3 1 2 4 1 0 3 1 1 1 3 4 3 1 1 5 3 5 4 1 1 0 3 1 2 3 3 2 2 0 1 1 2 0 3 2 1 1 2 3 8 4 3 1 1 4 1 0 3 0 2 2 3 0 1 1 1 4 0 0 4 7 1 1 3 1 2 1 4 1 0 1 2 5 3 0 3 0 4 0 0 1 1 2 2 5 4 0 1 1 0 3 3 4 3 2 2 0 3 1 2 0 0 1 3 3 2 1 3 5 1 2 4 3 3 3 2 5 0 4 2 1 2 3 1 1 2 2 1 5 3 0 2 2 4 1 1 1 4 4 3 2 0 2 1 1 3 1 1 1 4 1 3 4 2 1 4 1 3 1 4 2 2 2 4 3 1 0 2 2 3 3 2 2 2 5 0 0 4 1 5 2 2 4 2 1 1 4 2 3 2 1 3 1 3 4 0 4 3 2 2 2 2 1 1 2 5 1 4 1 2 2 5 2 0 3 1 3 2 4 2 6 3 3 2 2 2 1 2 0 1 3 1 4 3 2 2 1 1 1 2 3 1 0 2 3 4 2 2 1 3 2 1 2 1 3 2 1 2 2 3 2 3 1 2 3 1 4 3 2 0 0 2 1 2 2 2 1 1 3 0 1 1 0 1 0 5 3 1 0 0 3 3 2 1 4 1 3 1 1 4 2 3 2 0 2 4 2 2 3 3 2 1 1 0 2 1 5 3 0 1 3 0 3 2 3 0 2 4 0 2 2 3 1 2 4 1 2 1 4 0 0 0 1 2 3 4 0 2 1 2 4 2 1 2 2 0 1 3 2 1 2 1 4 2 1 4 1 3 4 1 2 2 1 1 0 0 4 3 4 1 3 3 4 2 1 2 4 2 0 1 2 3 0 2 2 3 3 1 2 5 3 0 0 0 3 3 3 0 1 2 1 1 2 3 4 1 3 2 0 1 0 6 2 4 3 1 1 3 0 5 2 1 1 1 2 4 6 0 2 3 2 2 1 4 1 1 1 3 4 2 1 3 1 2 2 1 3 0 2 1 0 4 2 4 1 1 1 4 3 2 1 4 1 2 1 3 1 1 1 2 6 1 4 2 2 4 2 1 0 3 0 4 3 0 2 2 2 3 2 2 3 2 0 1 5 2 3 3 1 1 2 1 4 2 2 4 1 2 4 3 1 0 0 1 3 2 0 3 3 0 2 0 4 3 2 3 1 1 2 3 2 1 1 3 3 1 4 0 2 3 1 2 1 1 0 2 1 5 3 2 0 1 4 2 5 1 0 2 1 2 0 1 3 2 0 4 2 3 0 1 3 0 1 2 1 4 3 1 2 1 1 0 5 3 2 3 2 1 0 1 1 2 2 2 0 0 6 4 2 3 2 2 1 1 2 0 1 2 1 0 3 1 2 7 3 5 3 1 2 3 2 1 1 2 3 2 3 0 3 0 1 3 0 4 2 2 1 4 1 4 0 1 1 2 3 2 4 2 1 4 0 3 2 1 2 1 1 5 5 1 4 3 0 2 1 3 1 1 2 0 6 1 1 0 4 3 1 1 1 2 5 1 4 4 3 0 1 4 0 0 4 0 4 3 2 1 0 1 0 4 1 1 3 1 3 3 2 2 1 2 2 2 1 4 1 1 2 0 7 0 2 0 0 2 2 1 0 2 1 2 2 1 2 3 2 5 1 5 4 2 0 1 0 3 2 1 1 2 4 2 1 1 0 3 1 1 0 5 1 2 2 1 0 1 2 4 1 0 0 3 1 1 1 3 1 2 4 2 3 1 3 2 0 5 3 3 2 2 2 0 1 4 3 1 1 1 4 0 2 1 1 4 2 1 3 1 5 3 2 3 2 0 0 3 0 1 2 4 0 2 2 1 3 3 3 4 1 1 1 1 1 6 1 0 5 2 1 3 0 3 1 4 2 3 4 0 1 0 3 2 3 2 1 1 1 0 4 2 1 4 1 0 1 2 1 2 1 1 1 2 1 0 3 1 3 2 4 3 3 0 1 2 1 2 3 4 1 4 5 2 0 2 0 1 0 1 1 2 2 5 1 2 2 2 3 0 2 1 3 3 2 3 1 2 2 3 3 1 4 0 1 0 2 3 3 1 3 0 1 2 3 3 3 4 1 1 4 9 0 0 3 4 2 3 0 3 1 2 2 1 2 2 2 1 4 1 2 2 1 1 3 2 1 2 2 3 4 0 1 0 1 2 1 1 1 1 3 3 2 2 1 2 0 2 4 1 3 1 1 1 0 1 2 4 1 1 1 1 1 3 3 1 0 4 3 1 2 0 1 3 5 2 4 0 4 3 1 2 2 5 3 4 1 1 0 1 2 3 1 1 1 3 1 2 0 5 1 2 2 0 0 0 3 2 3 3 1 0 2 0 5 3 1 1 0 3 1 0 2 1 3 3 2 4 2 1 5 0 2 2 3 1 2 1 3 4 3 0 0 0 1 4 6 2 0 2 4 1 1 2 1 3 2 1 5 1 1 0 0 0 3 6 2 1 2 1 1 2 0 5 3 2 0 0 2 2 4 1 1 2 3 3 1 3 3 1 0 1 2 3 3 4 2 3 3 0 2 1 0 0 3 1 1 4 0 2 2 2 0 2 1 1 3 3 4 2 2 0 4 2 3 2 3 2 2 2 3 3 3 2 0 5 1 4 0 0 6 3 1 3 2 5 2 0 0 0 2 1 3 2 0 3 2 0 2 0 3 3 0 0 2 0 2 4 3 2 5 1 1 1 6 1 1 1 1 2 4 2 3 3 1 1 2 1 8 3 3 3 0 0 3 0 3 1 2 1 2 2 1 1 1 0 3 2 2 4 1 3 2 0 2 1 2 0 0 0 3 1 2 1 3 2 3 0 3 2 4 5 1 1 1 1 3 1 1 1 2 4 3 2 3 2 0 5 0 1 2 2 1 0 0 3 5 1 4 3 1 3 1 1 1 4 4 2 0 4 0 1 2 3 2 0 3 2 1 3 3 0 2 1 2 2 3 3 1 1 0 1 1 1 4 2 2 2 3 4 4 1 2 0 1 2 3 0 2 1 0 2 3 0 3 0 3 2 3 2 1 2 1 1 2 1 3 1 3 2 1 1 3 4 2 4 3 1 1 2 3 3 3 2 4 2 2 0 1 0 5 5 2 2 4 1 3 2 1 5 1 5 0 1 2 2 5 4 1 4 3 2 2 1 3 2 0 2 1 2 3 1 2 1 3 3 1 1 3 3 3 0 1 3 4 3 1 2 0 3 1 4 2 3 1 0 1 0 1 1 0 2 1 2 0 2 2 5 2 3 4 3 0 2 1 4 4 4 3 1 1 2 0 4 2 1 3 1 2 2 1 1 3 4 2 2 2 4 1 2 2 1 0 4 1 2 1 0 0 5 3 1 1 2 0 2 2 1 2 3 1 2 0 1 6 2 3 4 1 2 1 0 1 1 3 3 2 2 2 3 0 2 1 2 0 2 1 3 3 3 1 2 4 2 1 0 3 2 2 3 3 1 0 3 5 2 1 3 2 1 2 4 1 0 2 3 1 1 3 5 1 1 1 1 2 3 7 1 0 3 1 3 4 2 2 3 2 0 3 1 4 2 4 1 2 2 0 2 1 2 2 2 1 2 6 3 1 2 0 3 0 1 2 2 1 1 3 2 1 2 0 5 1 3 0 2 0 1 4 4 2 4 1 1 1 1 1 2 2 1 1 2 3 2 1 4 4 1 1 2 3 4 3 2 3 0 2 4 1 1 3 2 4 2 1 2 0 2 2 3 1 1 1 1 6 1 3 2 4 2 6 2 2 1 1 1 2 2 1 2 3 4 2 3 0 0 0 3 0 0 3 2 1 3 2 1 3 1 1 2 0 8 1 2 3 1 2 2 2 1 0 1 0 2 0 1 3 1 0 1 4 2 2 1 0 1 2 2 0 3 3 0 1 3 0 3 2 3 3 1 1 0 2 4 3 2 1 1 2 3 3 1 4 3 2 2 1 1 0 1 2 0 0 2 3 1 3 2 5 0 4 0 1 1 1 1 2 3 2 2 1 1 2 6 2 2 1 1 2 2 2 3 4 1 2 3 2 6 4 0 2 2 2 1 0 3 5 3 0 1 1 2 2 2 3 3 2 0 3 1 3 1 1 3 3 1 0 3 2 2 2 4 3 1 1 2 0 2 0 3 0 0 0 4 2 1 0 2 2 2 1 3 3 5 1 0 1 4 0 2 3 2 2 1 3 2 3 0 3 1 0 2 3 0 5 2 0 0 1 0 1 4 0 1 2 3 1 3 4 0 2 1 1 2 1 3 2 1 4 3 2 2 1 0 3 2 2 2 2 3 2 0 1 0 0 4 1 2 1 1 1 3 1 1 2 0 2 2 2 5 0 0 0 2 2 0 2 4 2 1 3 2 1 2 1 0 2 0 2 0 3 3 2 3 2 0 1 3 3 4 1 1 0 4 0 2 4 1 0 2 3 1 3 1 1 1 2 5 1 2 2 4 0 0 1 3 0 2 0 5 2 1 1 3 1 5 3 0 4 2 1 1 0 2 4 4 0 1 2 1 3 0 0 2 2 2 1 4 2 1 2 3 2 1 0 4 3 1 2 2 3 0 2 4 3 1 0 3 2 4 4 2 3 2 3 2 3 3 2 2 3 3 3 3 0 1 5 2 2 5 0 3 1 1 4 3 3 1 1 1 1 0 3 2 2 2 2 0 2 2 2 2 5 3 1 3 2 0 2 0 3 3 1 3 2 5 1 1 1 1 3 1 0 1 0 0 1 2 1 0 2 1 2 3 3 3 2 3 3 1 3 2 0 1 1 4 2 1 1 3 1 1 1 1 2 2 1 1 1 2 2 2 3 1 3 2 4 1 1 3 2 1 4 0 2 3 0 2 2 3 2 2 0 2 0 2 0 2 1 3 5 2 3 1 2 6 1 2 0 1 3 3 1 3 3 1 1 2 1 3 2 1 2 1 1 5 5 0 1 2 3 4 2 4 2 1 1 2 1 3 2 1 3 0 2 1 1 1 1 1 0 1 6 5 3 8 1 2 0 0 1 2 3 1 1 0 3 4 3 3 1 3 1 0 4 2 2 1 0 2 1 1 2 0 1 2 3 4 2 4 1 1 2 6 3 2 0 4 1 2 3 2 3 1 3 1 1 2 1 0 1 1 2 0 2 1 3 1 3 0 2 2 1 2 2 1 1 2 1 2 2 1 2 1 2 3 1 0 4 3 0 3 3 1 1 4 2 1 2 2 2 2 3 2 2 2 2 2 1 4 1 4 1 3 1 1 1 0 2 0 3 2 3 4 1 3 2 3 2 2 0 2 1 1 1 2 0 3 4 0 0 3 2 4 4 2 2 1 4 2 3 0 1 3 0 6 2 3 4 3 1 2 1 1 4 3 1 2 3 3 0 1 2 1 2 5 0 2 1 3 1 2 2 2 3 3 1 2 0 0 2 4 5 3 2 1 3 3 3 0 2 2 2 1 2 2 3 2 1 1 3 1 1 1 1 0 2 3 1 3 2 2 1 1 1 3 4 1 1 3 2 1 1 0 3 3 2 1 2 0 2 2 3 2 0 2 2 3 1 1 1 1 3 1 1 2 3 4 4 0 3 2 2 4 3 1 1 1 1 1 1 0 1 2 3 2 4 1 1 0 3 2 2 3 0 2 1 4 0 0 2 1 3 1 2 2 0 1 1 0 1 3 1 1 2 3 0 1 1 4 4 1 0 2 1 1 5 1 4 3 2 2 2 4 2 3 2 1 1 2 2 3 2 0 1 2 2 3 1 4 5 1 2 2 1 0 1 0 1 2 4 0 0 1 1 2 4 2 1 4 1 1 3 2 1 0 0 1 4 1 2 2 7 7 3 2 0 1 0 3 1 4 1 2 4 2 2 0 2 0 5 3 2 1 1 4 3 2 1 0 1 2 2 1 1 4 3 4 0 2 1 1 3 1 2 4 0 2 2 4 2 0 3 0 0 2 1 0 3 2 3 4 1 2 2 1 3 2 4 3 5 0 1 0 1 2 3 4 3 3 0 1 1 3 4 0 1 5 0 4 2 3 4 2 0 3 0 1 1 1 4 0 2 2 3 1 2 3 3 2 2 1 5 1 1 1 1 5 0 1 5 2 0 2 2 2 2 3 1 2 2 1 1 3 1 0 5 2 0 2 1 2 1 2 1 1 2 3 3 4 2 1 4 2 2 2 2 1 4 2 0 3 1 3 0 2 0 3 1 2 0 2 1 2 1 2 5 3 1 3 4 3 3 3 1 3 3 2 1 0 1 2 2 1 1 2 3 4 1 2 0 2 1 1 2 1 0 1 2 3 4 2 4 2 3 2 1 1 5 3 2 3 0 0 1 2 5 3 3 2 5 3 1 0 2 3 1 4 2 3 3 1 1 3 1 2 0 2 0 3 2 1 1 3 5 4 1 0 1 2 1 2 2 3 1 3 2 1 3 2 1 1 2 1 5 3 1 2 3 1 1 0 3 1 1 3 4 3 1 2 0 2 2 2 3 3 3 1 1 3 2 2 1 2 1 2 4 2 5 1 2 2 1 1 2 0 1 1 1 1 1 2 0 3 2 2 3 2 1 3 0 2 4 2 0 5 3 4 2 0 1 2 3 7 0 0 1 2 2 2 2 2 1 2 1 2 0 2 3 1 3 5 6 2 1 4 4 2 1 0 2 2 2 7 3 0 2 1 4 3 2 1 1 1 2 0 1 4 4 1 4 2 0 0 1 1 2 2 1 1 3 3 1 1 2 1 1 3 2 0 1 1 2 1 2 3 3 5 3 2 2 3 5 1 2 3 2 1 3 4 2 2 1 0 1 1 1 2 2 3 5 1 3 1 1 1 1 1 2 2 1 1 4 5 2 3 1 2 3 0 0 2 3 0 1 1 0 1 2 3 2 1 0 2 3 2 4 2 2 4 0 1 4 3 1 3 0 5 0 3 2 1 1 6 4 3 3 2 4 0 1 2 1 2 0 3 1 1 2 0 3 3 4 5 3 1 0 1 1 1 2 1 0 1 3 2 3 3 0 4 1 3 0 1 1 3 1 4 2 3 2 2 2 2 2 0 1 4 0 4 2 4 2 3 1 1 1 0 1 1 2 0 1 5 1 1 1 3 4 1 0 4 3 1 2 1 2 2 0 1 3 2 3 1 3 1 3 3 1 1 1 1 0 2 0 4 1 4 1 1 3 1 1 1 3 4 0 2 0 0 2 3 3 0 5 1 0 1 7 2 1 3 0 1 1 2 0 1 2 4 2 2 2 3 0 6 0 1 2 3 1 0 2 3 2 3 1 3 3 1 2 0 3 0 3 1 4 3 2 3 1 2 3 2 0 1 5 1 1 2 0 3 2 2 2 2 2 0 3 3 1 1 2 4 6 1 3 1 1 2 1 1 1 1 3 2 2 3 4 5 2 1 2 2 2 3 1 1 3 0 2 0 4 3 0 3 2 1 4 3 1 0 3 4 2 1 4 1 1 3 1 3 2 0 3 1 4 0 3 1 0 3 1 1 2 2 0 1 3 2 1 4 1 4 3 2 2 3 3 1 3 1 4 2 1 2 1 2 0 1 3 1 3 2 3 0 2 4 2 2 3 3 0 1 1 3 5 1 3 2 0 2 1 2 2 1 4 2 1 2 2 1 5 0 2 1 2 3 0 2 2 2 3 4 3 3 1 2 2 4 4 2 1 0 0 4 2 2 1 3 4 1 4 1 4 1 4 3 1 0 0 1 2 1 5 0 4 1 1 2 1 2 2 3 2 2 2 2 2 3 2 3 1 3 1 0 0 1 3 3 1 5 3 1 1 3 2 1 2 3 2 1 1 1 1 3 0 3 0 3 2 2 1 2 3 1 2 0 2 1 0 1 3 2 0 0 3 2 1 3 2 1 3 2 1 4 1 3 2 4 2 1 5 1 2 2 5 2 0 2 0 1 1 2 4 2 4 1 2 0 2 1 4 0 2 1 1 2 0 2 2 3 2 0 2 5 1 1 2 3 3 0 3 3 1 2 4 1 3 0 2 1 1 0 5 3 2 2 1 2 3 2 1 1 1 2 3 3 0 2 2 2 2 2 2 1 2 0 1 0 4 5 2 3 1 2 2 2 1 0 0 3 1 3 1 3 1 0 1 3 2 2 1 0 4 0 1 3 1 2 2 3 3 2 1 7 3 1 1 2 3 2 2 1 0 1 1 2 0 3 1 1 0 3 1 1 1 1 2 2 3 2 4 1 2 2 4 3 2 2 1 3 2 2 0 4 2 2 0 3 0 5 3 3 1 2 2 3 1 2 2 2 3 0 0 5 4 3 2 4 1 2 1 4 1 2 1 0 1 1 3 2 4 3 0 4 5 2 4 2 0 2 2 2 0 3 2 2 4 2 1 1 1 0 2 0 5 1 2 3 0 3 2 1 4 2 5 2 1 2 3 1 2 2 2 2 0 3 2 3 2 4 1 1 1 4 0 1 1 2 3 0 0 1 1 1 3 0 3 3 1 3 6 2 3 3 3 1 3 4 1 1 3 1 1 1 0 2 3 3 4 2 0 1 4 1 3 1 3 3 0 3 1 2 3 1 1 4 1 2 2 2 3 0 3 0 2 4 1 1 1 1 3 3 5 2 1 3 1 1 0 2 4 2 1 3 2 0 1 1 0 1 2 0 1 3 1 2 2 4 1 2 3 3 4 3 3 2 0 1 4 1 1 1 1 5 4 2 2 3 2 3 2 3 2 1 2 2 2 2 2 1 3 2 1 1 3 1 5 2 2 2 2 1 1 1 1 2 1 1 2 0 2 3 1 3 2 1 2 5 2 2 2 3 1 1 1 5 0 3 0 4 2 4 3 3 1 1 2 1 0 1 1 1 1 2 5 1 4 2 1 3 5 0 2 1 4 2 1 1 3 0 2 5 2 2 1 1 0 1 3 5 1 1 2 1 1 3 3 3 1 1 0 3 1 2 3 2 2 2 2 2 3 0 0 1 2 3 1 2 1 1 0 2 1 2 1 3 1 2 0 3 2 2 0 1 0 1 2 4 2 1 2 7 0 1 1 1 2 1 4 1 1 2 4 2 2 1 0 4 1 1 1 1 1 2 2 4 1 2 4 3 3 1 0 1 0 3 1 1 2 4 2 2 4 2 2 4 2 1 1 3 0 2 3 1 1 3 2 0 1 1 7 2 3 0 0 2 3 0 4 4 3 1 1 4 3 1 1 0 4 3 1 2 3 2 0 1 2 1 3 4 0 0 3 1 0 2 1 2 5 1 1 1 4 3 0 3 2 1 1 2 0 1 3 0 0 3 1 1 0 5 2 4 1 0 2 3 1 0 3 3 1 4 3 0 0 3 1 2 2 1 4 2 2 0 2 3 1 4 2 1 1 2 5 1 1 5 2 5 5 4 1 1 3 4 1 0 0 5 2 4 1 2 0 4 0 1 0 1 0 3 3 1 3 3 2 4 2 2 2 1 3 2 2 1 1 2 1 2 2 3 2 3 1 1 1 2 2 3 1 1 3 3 0 1 4 2 4 3 1 0 2 2 3 1 4 0 1 0 1 2 1 2 1 2 3 1 1 0 1 2 2 3 3 2 2 0 2 3 0 1 2 2 3 3 2 0 2 2 2 3 0 1 3 2 4 4 0 2 3 2 1 3 0 2 2 2 2 1 5 0 2 4 1 2 3 2 2 3 4 0 1 0 2 1 5 2 2 1 3 2 1 2 2 1 4 0 4 2 0 4 2 0 1 1 3 2 0 2 5 0 2 2 5 1 1 4 4 2 1 2 3 2 1 1 4 2 2 1 0 1 1 1 2 1 1 1 4 3 2 2 1 3 2 2 4 3 0 5 4 4 1 1 1 2 3 3 2 2 4 1 3 3 0 1 1 2 1 5 1 1 0 2 2 2 0 2 1 5 3 1 1 4 2 1 3 1 3 2 0 1 0 1 4 2 2 1 3 4 2 2 1 1 1 2 0 1 1 0 0 6 2 4 1 2 2 0 4 7 0 1 3 1 1 3 2 2 5 0 1 1 1 2 0 1 2 4 2 1 2 1 2 3 0 1 2 2 2 1 2 2 0 2 4 3 4 2 1 2 0 3 2 1 4 2 3 2 3 3 1 1 7 1 2 5 2 1 3 3 0 2 2 4 3 0 0 4 1 1 1 1 4 0 2 3 2 2 5 0 7 5 1 0 1 1 2 3 2 0 4 0 2 2 1 0 5 2 3 1 2 3 1 2 1 1 1 1 4 2 2 2 2 4 3 2 1 3 1 1 2 0 2 3 1 1 0 2 3 4 1 4 0 0 3 0 1 3 3 1 3 2 1 2 2 1 4 1 6 4 1 2 3 0 3 3 2 0 1 2 1 1 1 2 0 4 2 6 1 1 1 2 3 0 2 1 2 1 0 2 4 6 4 4 0 3 3 1 1 3 7 3 2 1 1 1 0 4 2 2 7 1 0 1 0 2 1 1 3 2 1 1 0 2 1 3 3 2 3 0 2 2 1 2 2 2 3 0 3 1 2 1 4 2 1 3 0 1 1 5 2 4 1 1 3 1 3 3 2 5 1 1 1 1 2 1 2 3 4 4 2 4 1 2 1 2 3 0 1 0 3 1 2 3 3 0 2 2 2 1 0 2 3 0 1 1 4 2 1 2 2 7 5 0 1 1 0 4 2 0 2 3 1 2 2 3 4 1 2 0 1 2 2 3 2 2 1 3 3 5 1 2 1 2 2 1 3 0 3 3 2 2 2 2 2 1 0 2 3 0 1 3 0 4 3 3 2 5 2 1 0 0 1 2 2 1 2 0 1 1 0 2 3 1 1 1 1 3 1 3 5 2 3 5 3 0 2 0 1 1 3 2 3 3 5 3 0 1 2 2 0 0 1 4 3 3 3 3 3 1 1 2 1 3 2 2 2 3 0 0 2 0 2 5 1 6 3 0 3 3 1 0 2 4 1 2 3 3 2 2 4 2 4 1 1 1 2 2 1 1 0 0 2 4 1 3 3 2 1 3 3 1 2 2 2 2 3 1 4 5 2 2 1 2 5 2 1 5 3 0 1 1 3 0 3 2 1 3 3 2 3 0 1 2 2 2 1 1 1 0 3 5 0 3 3 1 3 1 1 3 4 2 1 0 3 3 3 3 2 2 1 4 3 0 3 1 5 2 3 1 1 0 1 2 1 3 4 0 3 3 3 1 1 2 2 1 3 1 0 1 1 1 3 1 3 2 2 5 1 3 3 0 0 5 4 0 1 1 5 1 4 2 2 2 3 1 4 1 2 4 2 0 3 0 1 3 1 2 0 2 3 1 7 1 1 0 4 2 5 2 1 4 0 3 1 1 2 2 2 1 2 1 4 0 1 2 2 2 1 3 1 3 0 4 3 0 2 0 3 4 2 3 0 0 3 0 2 1 2 2 4 2 3 3 1 2 5 1 1 2 1 1 0 0 2 2 2 2 4 2 3 1 2 2 1 3 1 1 1 2 3 5 2 2 1 2 0 3 2 1 1 3 3 5 0 3 1 2 3 0 0 2 2 3 0 3 2 1 4 4 1 0 2 1 3 3 2 1 1 1 5 0 2 1 1 1 0 4 0 1 1 2 2 1 2 3 2 2 2 2 1 3 1 3 2 2 3 1 5 1 1 0 0 2 0 1 3 2 3 4 1 2 1 3 4 3 0 3 2 2 2 1 4 3 0 1 1 4 2 3 2 2 1 1 1 1 4 1 0 4 1 3 2 3 2 2 0 2 0 1 1 2 0 3 0 1 1 1 3 2 1 4 0 1 4 1 0 3 1 0 4 2 2 3 3 1 4 0 1 3 1 1 0 8 3 2 4 1 0 0 0 3 0 3 3 2 0 5 1 2 2 0 0 1 2 0 1 1 3 3 2 1 1 1 3 1 1 1 0 4 4 1 2 2 2 3 1 5 1 1 3 4 0 3 2 1 1 0 2 1 2 0 0 0 3 2 1 1 1 3 5 4 3 3 2 0 1 2 1 1 2 3 6 1 4 4 0 1 3 4 1 5 1 1 1 3 1 5 0 1 2 2 0 4 1 1 1 0 3 1 1 5 1 1 3 5 1 2 1 1 1 1 1 1 2 3 0 0 6 2 2 2 0 1 2 0 2 2 2 2 4 2 4 3 4 3 1 1 3 1 5 5 3 2 0 4 3 2 3 1 1 1 3 2 6 2 1 2 2 3 3 0 3 1 1 3 3 2 1 3 0 1 2 1 3 2 5 1 1 1 1 6 1 3 2 2 1 4 2 3 1 1 2 2 1 1 2 1 1 2 0 3 3 2 3 3 0 3 0 1 1 3 4 3 3 3 2 4 3 2 3 1 2 1 0 0 1 1 3 4 4 3 1 2 0 5 2 0 2 1 6 2 2 2 3 3 1 0 4 4 0 1 3 2 3 2 2 0 1 3 1 3 1 1 0 4 3 6 3 0 0 4 2 2 2 0 2 5 3 1 2 2 2 3 1 2 1 1 1 1 3 1 2 2 1 2 2 3 3 2 2 1 1 3 2 5 2 3 2 3 0 2 2 3 3 2 2 4 3 0 2 4 2 2 1 1 1 2 3 3 3 2 3 3 2 1 4 2 2 3 3 0 0 3 2 1 4 3 1 2 3 1 2 3 3 3 3 3 1 2 0 0 0 1 1 1 3 2 0 2 2 1 3 5 3 0 0 2 3 3 3 2 3 2 2 2 2 0 1 4 0 1 3 3 1 3 0 1 4 3 4 1 2 0 3 1 4 2 4 2 1 2 0 5 2 0 1 2 1 3 2 2 2 1 1 4 1 1 2 0 3 4 1 8 2 3 1 1 3 2 3 1 2 1 4 2 2 5 1 4 1 2 1 0 5 2 2 0 3 0 1 2 3 1 6 1 2 3 2 0 4 1 2 3 1 3 3 2 1 0 1 4 0 2 4 2 5 1 1 1 1 1 2 6 3 7 0 5 2 0 2 1 1 2 3 2 3 1 2 1 2 1 2 1 1 1 3 2 4 1 3 2 0 1 1 1 2 0 4 2 3 1 2 0 2 1 1 3 2 2 1 5 2 1 3 3 2 1 1 6 1 1 2 1 3 3 1 0 2 3 1 1 1 2 1 4 2 4 4 0 1 1 1 0 1 3 2 4 2 2 1 1 2 1 1 2 0 1 1 4 2 1 2 3 1 3 0 1 0 3 4 1 2 2 2 3 0 4 3 3 0 1 1 3 1 3 1 4 1 0 2 1 1 0 2 1 1 3 0 2 1 3 3 4 2 2 2 4 0 4 5 1 3 0 2 3 0 3 3 0 2 2 1 0 0 2 0 0 1 0 4 2 1 3 3 1 2 2 1 3 3 3 1 3 1 1 1 0 3 2 0 3 2 1 0 1 3 3 1 1 0 2 4 0 2 0 0 5 2 0 4 3 1 1 1 2 1 2 4 3 2 0 1 1 3 2 2 3 0 0 0 1 1 3 1 1 2 0 1 1 4 3 2 2 0 0 2 0 3 2 2 2 3 1 0 2 5 3 1 2 3 2 4 1 1 0 1 3 0 4 6 2 2 1 2 3 3 1 2 3 2 3 1 1 3 1 1 2 2 1 2 2 2 3 4 1 1 1 2 3 0 1 1 1 2 0 1 3 1 0 3 2 2 3 4 2 3 2 4 2 2 0 1 3 3 2 0 1 4 2 2 2 2 4 3 2 1 1 1 4 1 2 2 1 1 1 0 2 0 2 3 3 0 1 3 4 3 3 2 5 3 1 2 2 2 2 4 2 4 1 0 2 0 2 2 1 2 3 1 5 1 3 3 0 2 1 0 1 2 4 1 2 4 2 1 2 2 2 3 3 2 2 1 2 2 3 2 4 1 3 2 2 1 1 0 2 2 3 3 0 0 0 2 3 3 7 3 2 1 1 1 2 1 3 1 1 0 0 3 3 0 1 2 2 2 5 2 2 1 2 2 1 1 2 1 3 6 4 1 0 3 0 3 2 3 2 3 3 0 4 4 0 2 2 2 1 4 4 2 3 1 0 3 1 2 2 1 2 2 4 0 1 1 1 0 5 0 1 3 3 2 3 4 2 3 2 2 1 0 1 3 4 2 3 1 2 0 2 2 4 2 2 2 3 3 1 2 2 2 4 4 2 2 2 2 1 1 0 2 1 0 1 0 2 1 5 2 1 2 1 0 2 3 2 1 1 1 2 2 1 2 2 1 2 2 4 1 2 3 1 1 1 0 2 1 6 1 1 2 0 0 5 5 1 3 3 3 0 3 1 2 3 3 2 2 0 3 3 2 1 3 5 2 4 1 0 2 0 1 2 3 3 2 1 2 2 2 1 6 1 0 1 4 2 1 3 3 1 1 0 1 1 2 0 1 2 1 4 1 2 5 1 1 1 0 0 6 1 0 1 4 1 2 3 3 2 2 2 2 1 0 1 1 2 2 2 2 1 5 2 2 1 3 3 1 1 3 1 5 0 1 4 0 3 1 2 2 2 3 1 2 2 1 3 1 0 4 4 3 1 3 1 1 6 2 4 2 1 1 1 1 0 1 3 2 4 2 3 2 5 0 3 3 3 0 4 0 1 3 2 1 0 3 2 2 3 1 1 0 0 2 3 1 2 1 3 4 1 3 1 4 3 2 2 3 2 1 0 0 1 1 2 1 2 1 1 0 1 2 3 4 2 1 1 0 2 1 3 2 0 1 3 2 1 2 2 2 1 1 4 3 0 1 5 1 5 3 2 3 1 2 6 2 2 2 1 3 2 2 2 0 4 2 1 1 2 3 1 2 0 1 3 2 3 3 0 2 0 3 3 1 2 2 3 4 2 4 1 2 3 1 2 0 2 4 4 3 1 2 1 0 3 6 2 3 0 1 4 2 0 1 3 2 1 1 1 1 4 0 3 2 0 4 1 3 3 1 2 4 1 0 1 3 1 1 2 1 2 1 4 1 0 0 2 2 2 3 3 4 1 1 1 2 2 1 2 2 2 1 3 1 3 0 0 1 5 1 1 1 2 3 3 2 0 5 1 5 2 5 2 1 0 2 2 1 1 1 1 1 4 3 5 4 0 2 0 3 5 1 1 2 1 3 0 1 2 3 2 5 1 2 1 2 2 3 0 0 2 4 2 4 0 3 2 2 0 1 1 7 1 0 1 2 2 3 3 2 1 2 3 3 2 1 2 2 1 2 2 1 2 2 3 3 1 4 1 3 2 0 5 2 0 1 4 2 2 5 6 1 1 1 4 1 2 2 0 1 1 3 2 3 3 2 3 1 3 3 0 2 2 2 2 6 3 0 2 1 1 3 0 1 7 0 4 1 3 4 1 3 1 2 5 1 2 3 0 3 2 0 2 1 1 3 3 4 2 1 1 3 2 4 3 2 2 0 3 2 4 1 0 1 4 1 1 3 4 3 3 1 3 4 4 1 0 1 5 2 0 1 2 4 3 3 3 0 2 4 1 2 1 0 3 3 0 3 2 2 2 2 2 2 2 3 3 2 3 2 4 2 2 2 2 1 2 2 0 3 1 4 3 4 5 3 1 4 1 3 4 3 0 1 3 3 2 0 2 1 2 3 2 1 5 2 2 1 0 0 5 2 2 3 4 2 2 0 3 1 2 1 2 2 2 1 3 1 0 0 2 1 1 0 3 1 3 5 1 2 1 4 5 2 0 0 1 2 3 1 1 2 0 3 3 2 2 2 2 0 2 2 1 2 3 1 1 2 2 2 1 2 1 0 1 1 2 1 0 2 4 5 0 3 0 2 3 4 1 2 1 1 3 2 3 2 0 2 3 2 1 0 3 3 1 6 4 0 0 1 1 2 2 2 1 2 2 1 1 0 2 3 3 1 2 2 0 0 3 1 1 3 1 6 1 1 2 3 3 1 0 0 1 1 3 3 1 2 0 2 1 0 2 5 3 0 3 1 3 1 2 0 2 0 2 2 1 2 1 3 1 2 2 3 4 2 1 4 1 1 1 3 1 3 2 2 1 2 3 2 0 1 1 2 2 2 5 0 1 0 3 1 4 3 2 1 3 0 2 1 2 2 2 0 1 1 3 2 4 1 2 4 0 2 2 2 4 2 1 1 2 1 2 2 1 6 2 1 0 2 1 4 3 2 2 4 1 1 3 2 3 1 4 3 1 0 5 3 3 2 2 4 3 4 3 1 2 2 1 0 3 1 2 0 3 0 10 3 7 2 1 1 3 0 2 3 1 2 1 3 1 0 2 3 1 2 2 3 2 2 2 3 0 2 3 2 2 3 1 2 3 1 0 1 1 0 3 1 3 1 2 4 2 3 3 3 1 2 4 0 0 2 1 5 4 1 2 2 2 0 3 1 1 3 2 4 2 1 1 1 1 2 6 0 3 5 5 2 2 0 1 0 2 2 1 1 4 2 1 3 1 1 3 3 1 0 3 0 2 2 2 2 4 2 2 2 0 2 0 1 3 2 1 3 2 2 2 1 1 3 1 3 0 2 3 1 2 0 1 3 3 5 4 2 1 2 3 2 0 3 0 2 3 1 1 1 3 2 2 3 0 5 2 2 2 1 1 2 2 1 1 4 2 2 0 1 2 1 6 2 1 2 2 1 2 4 1 1 2 3 1 1 2 4 0 2 0 3 6 2 0 3 2 1 2 3 1 1 3 0 3 4 4 1 1 0 2 5 2 1 2 1 4 2 1 2 3 4 0 2 1 3 0 3 2 2 2 3 1 1 2 1 3 2 1 2 2 1 3 6 1 2 0 0 2 1 3 1 2 0 0 3 5 4 2 4 0 2 3 1 2 2 2 3 3 3 4 1 0 0 1 1 2 2 3 0 2 3 1 2 2 1 1 3 2 1 3 2 3 4 2 2 1 3 3 1 7 4 3 1 1 1 0 0 0 3 2 3 2 3 3 3 0 2 3 1 1 3 2 3 0 1 2 2 3 1 3 3 2 0 1 4 1 1 4 2 1 2 1 3 4 1 6 0 6 1 1 1 4 1 1 1 3 4 2 0 2 4 3 1 1 3 1 1 2 2 2 1 3 1 0 1 0 0 1 2 0 2 3 1 2 1 0 3 1 1 3 2 3 4 0 1 2 2 0 3 2 1 2 2 3 2 2 3 1 1 2 1 2 2 2 0 2 1 1 2 3 0 3 2 1 0 1 5 3 3 2 6 3 1 1 2 1 0 3 2 4 2 0 0 2 3 0 1 2 1 3 1 1 1 2 1 3 3 0 2 2 3 1 1 5 1 5 1 0 2 2 0 4 2 1 5 2 2 3 1 0 1 5 3 4 5 1 2 1 3 2 0 1 0 2 0 1 0 6 1 1 2 2 1 3 0 0 1 2 3 2 3 1 6 2 2 1 5 2 4 3 4 1 2 1 2 3 2 2 1 0 3 2 2 3 0 0 2 2 3 0 3 2 1 1 3 4 3 1 3 2 2 0 2 4 3 2 2 0 2 1 5 1 1 0 2 0 0 2 4 3 1 0 2 5 0 3 1 2 3 1 2 4 0 2 1 2 2 1 3 3 4 2 2 1 2 1 4 3 0 1 3 2 1 1 1 0 1 2 1 4 2 1 3 1 1 5 0 2 4 0 1 0 0 2 3 0 2 4 2 2 1 2 1 0 0 5 2 0 0 0 1 4 3 4 1 3 0 3 2 2 0 1 2 2 0 1 1 0 1 3 1 1 1 2 3 7 2 1 1 1 3 0 2 4 3 3 3 1 3 1 0 4 0 4 0 3 0 4 2 1 2 2 0 1 1 4 4 2 1 0 1 3 3 0 5 1 2 1 2 3 1 2 5 3 2 2 0 1 6 1 1 1 2 2 1 2 6 5 3 3 3 0 1 1 1 3 2 4 1 2 2 0 0 3 1 4 2 2 2 1 4 2 5 3 3 1 3 1 4 2 1 2 2 0 1 3 2 0 1 2 1 1 4 1 1 1 1 1 2 4 2 3 1 2 1 2 2 1 2 4 4 2 3 3 4 2 2 1 0 0 4 2 3 0 4 0 2 1 3 1 3 3 2 1 0 3 2 1 6 2 6 1 0 1 1 2 1 3 1 2 2 2 4 3 1 2 1 2 1 3 1 3 1 2 0 7 1 1 5 0 2 4 3 4 2 2 3 2 0 2 1 2 1 1 5 3 1 2 4 1 2 0 1 4 2 1 4 0 2 1 2 5 1 0 2 1 4 3 1 3 0 2 2 3 3 0 4 3 3 1 1 3 2 2 3 1 2 2 1 5 4 2 3 1 2 0 2 5 4 3 3 2 0 1 1 1 2 3 3 0 1 1 3 3 2 2 3 2 1 4 3 0 1 1 2 2 1 2 3 2 3 0 1 1 3 2 3 0 3 2 0 0 3 1 3 1 0 3 4 1 2 1 1 2 3 4 5 1 4 3 0 0 2 1 3 4 0 0 2 1 4 2 1 1 3 4 1 1 2 2 1 3 2 2 3 6 0 2 0 1 3 2 3 2 5 1 6 1 1 2 2 3 3 2 3 3 3 4 0 1 2 3 0 2 0 1 3 3 0 3 2 1 0 3 1 5 4 0 2 1 2 2 1 1 1 2 2 2 6 3 0 4 2 1 0 5 1 1 0 1 2 3 2 4 2 2 2 5 1 1 2 4 2 2 1 1 1 3 2 4 3 3 0 1 1 1 1 3 4 3 1 1 4 2 3 0 1 1 1 4 2 2 0 1 2 1 3 2 2 2 1 2 1 4 3 2 1 3 0 3 1 1 1 4 1 0 2 3 1 1 3 2 3 2 3 2 1 2 5 2 4 2 2 1 1 1 2 4 2 2 2 2 0 3 3 3 0 1 1 1 1 3 2 2 0 3 3 3 1 3 1 2 0 4 4 3 1 2 0 0 4 2 1 2 0 1 3 6 4 1 3 1 2 3 3 1 1 2 2 3 3 1 0 1 2 3 3 1 2 5 4 1 2 2 3 2 1 0 1 1 4 3 4 2 4 1 1 1 1 2 4 2 4 1 4 1 1 0 5 1 1 1 4 1 2 2 1 4 3 4 1 3 3 0 3 2 2 1 0 2 1 2 1 0 2 2 1 2 1 3 3 2 3 1 1 0 1 0 3 3 3 0 3 0 1 1 0 2 3 2 2 4 1 1 1 2 2 1 4 1 4 0 1 2 3 2 2 4 4 2 4 1 1 1 1 1 1 5 1 1 2 4 2 2 3 0 0 1 2 2 0 3 1 3 4 1 2 2 2 1 4 0 1 1 2 3 3 1 1 4 2 2 3 2 1 2 2 2 1 2 3 2 4 2 3 3 1 1 6 3 2 0 2 0 2 1 2 1 1 0 1 2 5 1 4 1 2 0 1 3 3 3 0 0 3 0 3 5 0 3 2 2 4 0 2 1 2 4 4 2 4 4 2 3 1 2 3 3 3 1 1 2 3 1 0 3 0 1 4 2 0 3 4 3 1 1 1 1 1 2 1 5 1 3 1 3 1 3 2 4 2 1 4 1 0 1 1 1 2 3 4 1 2 1 3 2 0 3 4 2 1 2 1 2 3 0 3 1 3 1 3 0 4 0 1 2 2 3 1 1 2 4 2 0 3 3 0 3 2 1 1 1 1 4 1 4 2 0 3 3 2 4 2 1 0 0 4 2 3 3 2 2 1 3 1 0 2 0 2 0 1 1 2 0 3 3 2 4 2 3 4 3 3 2 3 1 2 1 0 3 3 3 3 2 2 0 1 3 1 2 3 1 1 1 4 2 3 2 3 0 3 2 2 3 1 2 1 1 3 3 2 0 2 4 3 2 3 3 1 3 0 1 0 4 2 2 3 1 1 1 1 2 4 3 2 2 2 4 2 2 3 4 0 3 1 2 3 1 1 4 3 0 2 2 1 2 5 1 7 3 3 2 1 1 1 2 1 1 2 1 0 1 3 1 1 0 3 4 3 0 2 1 2 2 2 2 6 1 0 2 1 2 4 3 3 0 1 1 3 3 2 2 3 3 1 0 0 3 3 3 1 4 4 2 3 2 4 0 2 0 1 1 0 3 4 3 3 1 2 1 1 2 1 2 2 1 4 5 0 0 2 1 3 2 2 0 1 3 5 2 3 3 4 3 1 2 1 0 2 0 5 0 5 4 2 0 1 5 1 1 1 3 4 2 1 0 1 3 3 1 3 3 1 1 1 1 1 3 0 1 4 2 2 3 2 2 2 0 2 0 1 1 6 1 3 4 2 0 1 1 2 2 1 4 2 4 1 3 3 3 1 2 3 1 1 1 0 1 0 3 3 4 1 0 1 1 1 0 2 3 3 1 5 2 4 1 2 0 2 2 1 1 2 4 3 3 1 1 4 1 1 0 1 3 2 2 3 2 3 2 0 1 2 4 0 3 2 5 0 0 4 0 0 1 1 2 1 3 3 3 3 2 2 2 1 4 2 3 1 1 2 2 1 4 1 4 2 2 1 0 0 2 2 0 0 4 4 0 3 2 1 1 2 3 1 2 1 2 1 4 2 1 4 1 1 3 0 0 0 3 1 2 2 2 2 3 1 3 1 1 1 2 8 3 1 1 5 0 2 4 1 1 2 1 1 1 1 1 2 1 2 1 0 2 2 4 2 3 2 2 4 3 3 3 2 1 2 1 1 5 2 3 3 3 2 1 2 1 2 2 2 3 0 2 4 2 1 2 1 2 1 0 3 2 2 2 0 3 1 2 2 2 4 1 3 2 2 2 2 1 4 1 2 3 2 0 2 3 1 0 4 2 4 2 2 0 1 2 1 3 0 0 6 0 0 3 2 5 2 2 0 1 0 1 1 0 4 3 3 2 1 4 1 3 3 3 2 2 3 2 1 2 1 4 2 1 4 3 2 0 3 2 3 1 2 1 3 3 3 0 5 3 2 0 3 0 0 4 3 3 3 2 2 2 0 0 3 0 3 3 3 2 5 1 4 1 1 1 0 1 3 1 2 2 4 7 2 4 1 1 3 2 2 1 2 1 1 1 2 4 2 1 2 3 4 2 2 0 1 1 2 1 3 4 2 1 4 5 2 1 1 3 3 3 1 2 4 3 1 2 3 2 2 1 0 0 2 2 2 1 2 2 2 2 1 5 0 3 3 2 4 2 1 3 2 2 3 3 1 2 2 1 2 2 4 3 1 0 2 4 1 2 4 3 2 1 4 1 0 3 4 4 2 1 2 2 2 2 4 2 2 1 3 1 0 1 2 1 0 1 3 1 3 7 2 0 1 3 2 1 0 3 2 2 0 2 1 5 4 4 1 3 3 1 3 2 4 5 2 1 2 1 1 4 4 3 2 2 2 1 4 0 1 3 2 1 4 2 2 2 1 2 3 1 2 1 1 1 3 5 1 1 1 1 3 2 0 1 3 1 1 1 6 3 1 0 2 5 2 4 2 3 2 4 2 0 1 2 1 1 4 1 1 2 1 2 0 1 0 1 3 1 5 3 2 3 4 3 1 0 0 0 2 2 1 2 2 4 2 2 4 5 4 2 2 0 0 2 2 0 2 2 1 0 3 1 4 1 3 3 3 2 2 2 2 4 3 2 1 1 1 0 1 5 1 0 1 2 3 0 0 3 2 1 1 3 4 1 1 1 2 3 3 4 2 1 1 1 3 0 5 0 1 4 0 3 4 1 2 6 0 2 2 0 1 0 2 3 3 4 4 3 1 0 2 1 3 1 1 0 3 1 1 2 2 3 2 2 1 4 8 1 2 0 3 2 0 2 4 3 4 1 2 1 4 2 2 1 1 3 0 2 3 2 2 3 4 2 1 3 2 3 0 1 2 1 3 1 3 2 2 3 4 1 2 2 4 3 2 1 0 5 5 2 1 3 4 1 1 2 0 1 2 0 6 5 0 2 1 1 3 3 2 1 0 2 1 2 4 2 1 5 1 3 0 3 2 2 1 4 3 3 3 1 1 1 2 2 1 2 1 3 2 1 1 5 4 1 2 0 3 4 0 0 3 1 3 3 1 1 1 3 2 1 2 1 1 4 0 1 4 3 0 1 0 0 2 2 3 1 1 0 5 3 2 0 1 4 0 3 1 1 2 0 3 0 1 4 5 0 1 3 2 1 1 3 3 1 3 3 2 2 1 2 2 5 4 2 1 1 2 1 4 1 2 1 2 2 1 2 1 6 4 0 1 0 0 1 3 3 4 2 0 3 1 3 1 2 1 2 2 2 3 5 0 1 1 2 3 1 1 2 2 6 1 3 3 1 0 3 3 1 2 2 1 2 3 2 3 2 1 4 1 1 2 1 0 4 1 3 2 1 2 5 0 2 3 3 2 3 3 1 0 0 1 3 3 1 4 2 1 0 2 0 2 1 2 0 4 1 2 0 2 2 2 3 2 1 2 3 0 1 1 2 6 0 1 0 1 2 2 0 4 2 2 1 3 1 3 1 0 3 1 0 1 1 1 7 2 2 2 3 3 0 3 1 2 1 1 0 3 1 2 4 1 1 1 1 1 1 1 1 1 2 3 3 2 0 2 2 1 1 1 0 1 4 2 2 3 1 1 2 1 2 4 2 1 2 1 3 3 3 0 2 0 3 5 2 3 2 1 3 3 0 2 1 3 1 2 2 3 3 1 2 1 0 3 4 1 3 1 3 3 2 1 1 5 2 2 0 4 2 4 2 2 1 4 2 0 0 3 4 1 6 2 0 3 5 2 1 2 4 1 1 6 3 2 2 1 2 1 2 0 2 4 1 1 3 1 1 3 0 1 1 0 3 1 3 3 4 1 4 1 1 2 1 2 3 0 2 3 1 1 2 2 4 4 1 3 2 2 2 3 1 1 0 2 3 0 3 1 3 5 1 1 1 0 1 3 0 2 4 0 3 2 1 2 1 4 5 2 4 1 1 0 4 0 2 1 4 3 0 1 1 3 2 1 2 1 1 2 2 2 4 0 4 1 2 4 2 2 2 2 4 4 1 2 1 1 4 2 1 1 0 0 3 5 0 5 4 1 3 2 1 1 2 0 3 1 3 1 2 3 0 1 5 0 3 2 2 3 1 1 1 2 0 6 2 3 3 2 1 2 1 3 1 3 2 2 1 3 3 3 2 2 4 2 5 0 3 4 2 0 0 3 3 2 6 3 1 0 2 1 4 2 3 0 4 0 2 1 2 2 4 1 2 2 2 1 0 0 1 2 4 0 5 1 1 2 2 3 2 2 1 3 3 0 3 2 1 1 1 5 3 4 1 0 1 1 5 1 3 1 1 1 2 0 2 2 0 1 0 1 4 0 3 3 1 1 1 3 1 1 4 2 1 3 2 2 0 0 3 2 2 0 1 3 2 1 8 1 0 1 0 1 3 1 2 3 2 1 2 1 1 1 2 5 3 4 2 1 5 0 3 0 4 2 3 1 2 3 2 3 0 1 2 1 4 1 2 2 3 2 1 2 2 3 3 1 1 2 1 2 2 2 2 3 3 1 2 1 2 4 7 5 5 1 2 2 1 1 5 2 2 3 3 1 2 3 3 0 3 3 2 1 3 0 1 2 1 2 2 1 2 1 0 2 4 5 1 4 2 1 1 1 0 2 2 2 5 2 0 2 5 1 0 2 1 1 3 3 0 2 1 0 2 2 0 3 0 2 2 3 0 2 2 1 3 1 4 3 2 5 1 1 3 1 4 1 1 0 0 3 1 4 2 3 3 0 2 0 1 2 1 4 0 3 0 1 3 4 1 2 3 2 3 3 1 1 4 3 2 1 2 4 1 0 1 5 3 2 0 3 3 4 4 1 2 1 1 3 1 1 2 3 1 4 1 1 3 4 3 0 0 3 1 3 2 2 1 0 4 0 2 2 2 2 1 0 0 1 2 4 0 3 8 2 0 2 1 2 3 0 3 3 0 2 0 4 0 4 2 1 6 2 1 2 2 5 0 2 1 0 1 1 3 7 4 1 4 0 5 1 2 3 4 1 1 3 4 5 4 0 0 0 1 2 0 0 2 3 2 2 1 3 3 1 3 1 2 3 2 4 3 1 3 1 1 2 2 0 2 4 1 3 1 0 3 3 2 2 0 5 1 1 2 0 1 2 3 5 2 2 2 0 1 0 3 0 1 1 4 1 3 2 1 3 1 1 2 2 1 1 1 3 3 0 0 1 4 2 2 0 1 2 2 3 0 5 1 1 1 3 2 4 2 2 2 3 0 4 0 3 0 3 1 2 1 1 0 4 1 0 3 0 2 4 0 4 1 1 3 2 3 2 2 2 2 1 3 0 0 0 1 3 2 0 3 4 3 3 2 0 4 2 1 2 1 1 1 2 2 1 3 1 1 4 3 3 2 3 1 2 0 0 0 4 0 1 1 6 4 4 3 4 2 0 3 1 1 1 2 1 0 1 0 5 4 1 3 1 1 0 2 5 2 2 7 0 0 2 2 1 3 4 5 2 4 1 3 0 2 2 2 1 2 0 1 1 1 2 0 2 5 1 3 3 1 2 2 0 5 1 2 1 4 3 3 3 0 2 1 1 3 3 2 3 4 1 1 2 3 1 5 1 1 2 3 0 2 2 2 1 5 0 3 1 3 1 3 2 1 3 3 4 0 2 5 0 6 2 2 1 2 3 0 0 1 1 0 6 2 0 4 2 3 2 0 2 2 1 6 4 2 1 1 0 1 1 1 2 0 1 3 1 3 4 2 8 0 3 1 1 0 5 3 3 2 0 3 3 3 1 3 3 1 2 2 1 1 2 4 2 2 4 3 3 1 1 3 1 2 0 4 0 3 4 2 5 2 2 4 2 3 2 5 0 2 1 1 0 2 3 1 2 3 3 1 0 3 3 1 2 0 1 2 4 1 0 1 2 1 5 3 2 2 2 2 4 3 1 3 4 4 1 1 2 0 3 3 2 1 1 1 2 1 2 0 2 2 2 1 3 0 2 1 3 4 5 2 1 4 2 3 0 1 5 2 0 2 3 2 2 2 3 4 1 2 2 0 1 0 3 4 2 0 1 3 3 2 1 4 0 4 4 3 3 2 2 2 3 3 3 2 2 3 4 2 4 1 1 3 0 2 3 3 1 1 1 3 3 1 3 2 1 1 2 1 2 1 4 2 2 1 5 3 2 2 1 2 1 0 2 3 1 3 4 3 2 2 3 2 1 1 6 2 4 4 1 0 2 4 1 1 1 2 1 2 2 1 2 3 1 4 0 1 1 1 2 3 3 3 4 2 4 2 2 0 2 1 5 1 1 3 1 1 2 1 2 1 1 1 1 2 1 3 0 1 1 4 3 2 1 2 5 2 1 1 0 1 2 0 2 4 1 2 1 1 3 4 1 0 0 1 1 1 4 3 1 1 3 0 3 0 0 3 0 2 2 2 1 2 4 5 1 0 4 2 4 1 3 2 0 1 2 1 1 0 1 1 5 2 3 6 1 1 0 2 3 1 0 1 2 2 3 3 3 2 0 2 2 0 0 2 0 2 3 3 1 1 4 1 3 3 1 1 3 1 6 0 2 2 2 2 2 2 1 1 2 2 2 2 3 3 0 3 3 1 3 1 1 3 0 0 0 2 1 2 2 2 1 1 0 4 2 1 1 1 4 5 1 1 2 3 1 2 1 2 3 3 4 1 3 2 3 1 3 3 1 2 1 0 2 1 3 3 4 3 0 4 1 1 3 2 6 3 1 1 1 2 2 0 2 5 2 2 0 1 1 4 2 2 2 3 1 0 1 2 0 4 3 2 2 1 1 2 1 6 2 1 1 1 2 1 1 5 0 1 2 0 5 3 5 4 4 1 2 2 3 0 0 2 1 2 3 2 4 4 1 0 2 0 1 2 3 0 0 2 1 4 0 1 0 1 1 0 1 3 3 2 0 1 3 1 0 0 4 3 1 2 3 1 2 2 1 1 2 2 0 5 2 2 6 1 1 0 3 3 2 1 0 3 1 3 1 1 1 1 2 0 2 0 3 2 5 2 0 2 2 0 2 3 2 3 1 3 1 0 4 5 0 0 3 2 0 1 2 3 2 2 0 5 1 1 2 1 1 2 0 1 2 2 2 2 2 3 1 2 1 3 4 2 1 3 3 2 1 2 1 2 5 1 2 3 1 1 1 4 2 2 2 0 3 1 3 0 1 2 2 4 1 2 2 2 3 4 1 2 2 1 4 1 1 2 1 2 2 2 2 4 3 4 1 2 2 0 3 1 1 1 1 1 1 2 3 5 2 1 2 2 1 3 2 2 2 0 1 2 3 1 1 2 6 1 2 2 3 2 1 2 4 2 3 4 0 1 4 1 4 1 2 6 2 4 2 1 1 5 4 2 0 4 3 4 1 2 3 1 2 0 3 2 1 2 1 1 3 2 1 2 1 0 1 2 1 3 3 2 0 2 0 2 3 3 4 1 3 0 0 0 2 2 4 0 2 0 3 2 1 1 2 3 2 1 4 4 2 4 1 1 3 3 1 3 1 2 2 0 3 3 1 4 2 2 1 1 2 2 1 3 2 0 4 2 1 2 4 0 1 2 2 1 3 0 1 0 1 4 5 1 2 1 1 5 1 2 3 3 3 1 2 1 2 1 2 0 1 2 1 3 4 1 2 4 1 2 1 5 0 1 0 2 1 1 1 1 3 2 1 1 1 4 2 0 2 4 0 3 4 0 3 2 1 1 3 3 2 4 2 4 3 1 1 2 2 3 1 2 3 0 1 4 4 1 0 3 1 2 2 2 1 2 4 0 1 1 2 4 3 2 3 1 1 1 2 2 2 2 5 5 2 1 3 0 2 2 5 1 3 2 5 0 2 4 2 2 4 1 3 1 2 0 2 2 2 2 4 0 2 1 1 3 3 2 0 1 0 2 1 1 1 1 2 4 4 2 2 1 0 0 2 2 0 0 1 3 1 2 2 3 1 1 0 0 1 3 2 5 2 3 1 1 2 2 3 4 3 0 1 2 1 2 1 1 2 0 2 2 1 2 0 3 3 1 2 4 2 3 1 4 0 3 2 2 1 2 3 3 1 3 0 3 1 2 1 2 1 3 3 2 1 2 4 1 4 3 2 2 1 1 1 1 1 2 6 3 6 2 2 1 5 0 0 4 2 1 3 1 4 2 2 2 2 2 4 2 5 1 2 3 5 2 1 1 1 5 0 2 3 2 3 3 3 2 1 2 1 1 1 3 2 2 2 2 0 2 0 1 2 1 4 0 3 3 2 1 2 1 4 1 2 2 1 2 2 3 2 2 0 0 3 1 3 3 1 1 2 0 1 2 6 0 5 1 1 1 1 5 1 1 0 1 1 1 2 1 4 0 3 0 2 3 4 2 3 1 5 1 2 2 2 1 2 1 1 3 2 4 3 1 5 1 3 5 1 1 2 2 0 2 2 2 0 2 2 6 0 3 3 0 2 1 1 2 1 3 2 2 1 2 2 3 4 1 2 4 3 0 1 2 0 1 2 1 4 5 4 3 3 1 2 0 1 3 3 0 3 2 2 5 1 1 3 0 3 1 0 2 1 1 3 2 1 0 0 1 6 2 4 2 2 0 3 1 1 3 3 1 2 0 2 4 3 3 0 3 4 4 3 1 0 1 1 4 0 3 2 0 2 1 0 4 1 1 1 3 2 0 3 1 3 0 0 3 1 0 3 2 3 4 1 0 3 2 2 3 0 3 0 0 2 4 3 3 1 2 3 2 2 0 2 4 0 2 1 3 3 4 2 1 3 1 2 0 2 3 2 2 1 4 0 2 2 1 2 2 3 4 0 1 1 0 0 1 2 2 0 0 3 1 4 2 4 3 3 2 2 1 1 3 2 3 2 4 3 1 2 0 1 1 1 2 0 0 5 3 3 3 3 2 1 0 4 2 1 0 2 1 0 3 1 2 3 1 0 2 2 2 4 2 1 1 4 3 2 0 2 0 4 4 2 0 0 5 0 0 0 1 2 3 3 2 5 5 0 1 2 1 2 3 3 1 1 1 2 3 4 0 1 0 3 3 0 1 5 3 3 2 2 3 2 0 1 1 1 3 1 4 3 3 3 3 2 5 2 0 0 0 2 2 2 2 1 2 0 4 5 0 3 1 2 2 1 4 1 1 1 2 1 1 1 2 2 1 2 1 0 2 1 2 3 2 0 0 2 0 2 1 1 2 2 4 2 4 5 1 2 0 2 2 0 1 1 1 4 2 1 4 0 2 0 1 2 3 2 0 2 4 2 1 2 2 1 2 2 3 2 0 3 2 3 2 2 1 1 2 1 2 3 0 1 2 0 4 1 3 1 3 3 4 0 1 2 2 4 1 0 1 2 4 1 3 2 3 1 1 2 1 0 1 3 3 1 2 2 4 3 0 0 0 1 0 1 5 3 2 1 2 2 4 4 1 0 0 4 0 1 1 1 4 0 2 2 1 4 2 2 1 3 1 3 4 4 0 3 1 2 3 0 3 1 2 3 1 1 1 1 4 3 5 2 0 1 3 3 3 1 1 2 4 1 1 1 1 2 2 2 1 2 2 1 5 4 1 1 2 3 4 1 2 1 3 2 3 2 5 5 1 1 3 0 1 3 2 4 2 1 1 3 2 0 0 3 2 0 3 3 4 3 3 1 1 1 2 1 1 2 2 2 2 2 1 2 0 2 3 2 3 3 0 3 3 2 1 3 2 2 5 0 1 2 1 2 7 3 2 3 2 2 3 1 2 3 1 2 0 3 0 0 5 1 3 5 5 1 2 1 4 1 3 4 0 2 2 4 0 1 4 2 3 4 1 2 3 1 1 3 5 2 1 3 2 0 3 1 2 4 1 1 1 2 1 1 1 1 1 2 2 4 1 2 2 3 1 4 1 1 2 2 1 2 1 1 2 2 2 3 3 3 2 0 1 0 4 3 1 3 3 4 2 1 1 5 1 1 2 4 0 1 5 1 2 0 3 3 2 2 2 0 3 1 3 0 1 4 4 1 1 1 1 2 2 0 3 3 5 2 3 0 2 3 2 2 2 5 3 3 1 2 1 1 1 6 1 2 3 2 2 0 1 4 3 2 2 2 1 2 2 3 1 2 2 3 5 0 2 1 0 0 2 2 1 2 2 3 1 2 3 1 3 2 2 2 2 3 2 4 2 1 0 2 3 1 7 2 0 3 0 2 3 1 5 2 0 3 3 2 1 4 0 1 0 3 2 1 3 3 1 3 3 1 4 2 2 3 5 0 1 1 2 1 4 2 0 2 5 2 6 2 4 0 1 1 1 3 3 1 4 1 1 1 2 3 2 1 0 5 2 1 3 1 3 1 5 2 5 2 1 3 2 1 4 2 3 2 3 1 1 4 1 2 1 4 2 1 3 1 3 3 2 5 4 4 1 4 1 1 0 0 1 4 1 5 2 2 0 0 0 2 3 0 2 2 0 5 4 1 1 1 4 2 1 1 4 4 0 0 1 1 8 2 2 0 0 2 2 3 4 4 2 4 0 1 1 0 1 3 1 0 1 2 3 4 4 2 1 1 2 2 2 4 2 4 2 1 1 4 2 2 3 2 0 3 2 3 4 2 4 3 1 1 0 1 2 3 2 4 2 1 0 3 0 5 3 2 2 3 4 4 3 3 2 1 2 2 2 1 2 0 1 0 1 4 2 1 2 2 1 3 0 1 5 3 1 3 2 3 0 0 2 0 5 3 1 1 5 4 0 1 2 5 4 1 4 0 1 5 1 1 5 4 0 1 2 5 1 1 2 2 0 3 3 2 4 1 2 0 3 1 2 2 2 1 2 4 1 2 2 3 0 2 0 4 3 2 4 1 2 1 1 7 3 0 0 2 2 2 0 1 0 4 2 3 5 2 2 3 1 0 0 1 2 2 1 1 4 0 2 2 0 4 2 0 2 4 0 1 2 1 5 0 1 2 3 2 1 5 1 1 2 3 3 1 2 0 3 5 1 0 1 1 1 2 2 4 3 3 0 1 3 0 1 8 2 3 0 1 1 1 0 0 4 4 3 4 1 2 0 2 1 1 1 2 6 1 3 2 2 1 2 2 4 1 1 2 1 1 2 2 1 2 1 1 1 0 4 4 2 3 3 3 1 1 2 2 3 2 2 1 1 1 3 2 2 1 3 3 1 0 3 0 0 3 2 3 2 1 3 0 2 0 2 3 2 0 0 0 3 5 2 2 4 1 1 6 1 3 2 0 2 0 5 1 0 4 0 2 2 4 2 2 2 1 4 0 2 2 1 3 2 0 2 5 1 1 1 0 0 4 2 1 2 2 2 3 1 3 3 2 0 1 0 3 0 2 4 2 5 2 2 5 3 1 2 0 1 4 0 0 6 1 3 1 1 1 3 3 1 1 7 0 3 4 0 1 1 0 2 0 1 4 1 6 3 0 2 1 0 5 2 4 3 0 5 0 2 1 1 2 2 2 6 1 1 5 3 2 2 1 4 3 1 3 1 1 2 2 3 0 4 0 6 0 0 2 1 2 3 2 5 2 5 1 1 2 3 3 0 1 2 2 1 3 0 1 1 1 0 3 1 2 4 1 0 1 3 1 2 2 2 2 0 0 3 0 2 1 2 4 0 3 0 1 1 5 2 1 0 3 5 0 3 2 2 2 2 2 1 2 1 3 2 1 2 1 4 1 3 3 2 1 1 1 3 2 3 3 1 2 3 0 3 1 3 1 2 3 0 0 4 2 1 0 3 0 6 0 1 1 3 1 2 4 1 3 1 1 0 7 1 4 0 5 2 2 2 2 2 3 1 3 1 0 2 2 1 3 7 0 3 0 0 1 4 1 2 0 4 1 2 4 4 1 0 1 1 0 2 2 1 5 3 2 1 0 2 0 2 1 1 2 1 4 2 4 1 2 5 2 3 5 0 2 3 3 5 3 0 0 3 4 3 0 2 0 1 3 4 2 1 0 2 2 5 5 1 1 2 4 2 0 1 1 1 5 2 2 2 2 0 3 0 2 1 1 3 3 0 2 1 1 2 2 0 0 1 3 1 0 2 2 2 4 4 2 2 3 3 2 0 2 2 2 1 1 2 1 1 2 0 3 2 1 1 3 2 1 0 1 0 3 3 0 4 2 3 1 0 2 4 3 1 2 2 1 0 1 3 1 1 5 3 2 2 1 4 5 1 1 2 1 2 3 3 2 2 1 0 2 2 4 3 1 1 5 2 1 0 0 2 1 1 4 0 2 0 2 3 5 3 3 0 1 0 0 4 1 4 0 1 4 0 0 2 0 3 4 0 3 4 2 2 1 1 3 1 2 2 1 2 2 4 1 3 2 2 2 2 0 2 4 1 2 0 3 4 1 2 3 4 1 3 1 3 2 3 1 4 3 0 2 0 2 1 3 2 3 2 2 2 1 1 2 0 4 5 1 0 1 2 0 2 2 3 2 2 3 0 2 2 3 0 3 3 0 1 1 2 5 1 2 5 3 2 1 4 0 1 1 1 3 4 1 4 1 4 4 2 3 0 1 0 1 0 2 3 2 4 1 2 2 0 2 1 2 3 0 3 1 0 2 2 2 0 2 3 0 4 3 3 1 4 0 1 1 4 1 1 3 1 1 2 2 4 3 3 2 5 2 4 1 1 3 2 1 1 3 3 2 2 3 4 0 0 4 1 1 1 2 6 2 3 3 1 2 2 1 2 1 1 3 2 2 1 5 2 1 3 3 2 1 0 0 2 1 2 1 0 2 1 2 3 0 4 4 1 1 0 1 3 2 1 4 4 0 1 1 3 1 0 0 3 2 2 3 2 0 2 3 2 0 2 5 1 3 2 2 2 1 3 3 0 3 4 1 0 3 0 3 4 0 1 2 1 3 2 0 6 2 2 2 1 0 3 1 3 2 2 4 0 0 3 2 0 3 1 2 2 0 3 3 2 2 4 0 4 0 1 1 2 1 4 2 3 0 1 3 2 4 2 6 0 3 4 1 2 4 2 0 2 1 3 3 2 2 2 1 1 2 1 0 1 3 2 1 1 3 1 2 2 0 0 0 5 2 1 1 5 1 3 1 4 2 2 1 1 0 0 0 2 3 0 4 2 3 3 0 7 1 0 1 1 2 2 0 2 0 2 3 0 3 2 1 3 4 3 1 2 0 0 4 0 0 3 1 0 2 6 4 0 2 1 2 3 2 2 1 2 2 1 1 3 4 1 0 3 1 2 0 4 0 3 1 2 2 2 1 1 4 5 1 1 1 1 1 1 1 1 3 1 1 3 2 0 3 1 0 1 3 3 3 0 1 1 2 2 1 3 2 2 1 0 2 4 6 3 3 1 0 1 2 5 1 0 3 2 4 2 4 1 1 3 2 5 1 0 4 1 3 3 1 1 1 1 2 3 1 1 4 5 1 4 0 2 2 3 1 2 4 2 1 3 2 2 4 1 2 1 2 3 1 3 1 1 2 1 2 1 3 1 2 2 5 2 3 1 1 3 1 1 0 3 4 2 0 0 0 1 1 2 5 2 3 1 1 1 2 0 3 1 6 4 1 2 1 1 3 2 5 2 3 3 0 5 3 0 2 3 2 2 1 1 1 2 1 3 6 4 6 4 2 3 0 0 3 2 0 3 3 0 2 2 1 2 4 2 3 1 2 1 3 1 2 2 1 4 2 2 1 4 1 1 1 1 2 2 3 2 2 1 2 1 1 2 3 2 1 3 2 1 1 4 3 4 2 1 2 5 0 2 2 4 1 2 2 3 2 6 2 0 1 0 2 2 2 1 3 3 3 1 0 4 1 2 1 3 2 3 1 1 4 0 0 6 4 0 2 1 3 3 0 3 2 5 0 5 0 3 0 4 6 0 2 5 1 2 2 1 2 0 5 2 3 1 1 2 3 0 1 4 2 1 3 2 3 5 3 0 1 1 2 0 2 0 2 6 2 2 0 2 1 1 3 2 5 3 2 1 0 3 3 0 3 2 2 4 3 1 2 1 4 1 0 4 0 0 3 2 2 2 1 1 1 2 4 2 1 4 2 1 3 3 2 1 0 2 0 1 2 0 1 1 3 1 2 5 4 1 3 1 2 1 2 4 4 1 2 3 3 0 3 1 2 2 2 1 1 0 2 1 1 2 2 4 1 0 4 3 1 1 0 0 4 3 1 2 0 2 5 0 1 1 1 1 2 2 3 0 2 2 1 1 0 2 1 2 0 0 2 3 3 5 1 4 1 3 2 0 3 2 3 3 1 1 0 2 3 1 0 2 0 0 0 6 2 3 2 1 1 3 2 3 6 0 1 5 0 2 1 4 3 3 3 0 1 3 0 4 1 4 0 6 3 2 1 2 1 5 0 1 0 1 1 2 3 2 2 2 2 2 2 3 3 1 1 4 2 1 4 0 0 0 1 0 2 2 3 3 3 4 1 2 0 1 3 2 1 3 3 2 1 1 1 1 2 1 4 1 4 2 3 3 1 2 4 0 1 3 4 1 3 0 0 1 3 1 3 2 0 3 1 2 4 2 5 2 0 2 2 3 2 3 0 0 1 4 3 1 2 2 2 4 1 1 4 2 2 2 2 2 2 2 2 0 1 2 3 2 2 0 0 2 2 2 4 3 1 0 4 0 5 0 0 3 1 1 5 0 3 3 4 0 3 0 1 1 2 1 1 0 3 1 2 5 3 0 1 3 1 2 2 4 0 0 1 2 3 1 2 1 2 4 1 3 4 3 2 1 7 2 2 0 3 2 0 2 4 1 3 3 1 0 0 2 2 2 2 6 2 1 5 0 2 2 4 1 0 1 2 0 1 2 3 2 5 1 3 4 1 1 3 4 1 2 1 1 0 2 3 2 3 1 2 1 2 1 0 2 1 2 4 3 1 2 2 2 4 1 4 4 1 0 2 5 1 2 2 2 1 1 2 3 2 3 3 2 0 2 0 2 1 2 4 4 3 4 2 2 2 1 1 1 0 2 1 3 0 4 1 4 2 3 0 1 0 0 0 4 2 5 2 1 3 1 1 3 3 1 0 0 2 2 3 0 1 0 0 2 1 1 3 1 6 1 4 2 1 4 2 2 1 0 2 2 0 3 3 2 1 5 3 4 1 1 3 2 2 2 0 3 4 3 2 3 0 1 3 0 0 3 2 4 1 3 1 4 2 1 5 2 1 2 1 2 3 1 3 0 4 3 3 2 2 3 4 1 0 3 3 1 1 2 0 1 1 3 3 2 2 3 0 1 2 2 3 2 4 2 0 4 1 2 2 0 2 0 0 3 2 1 3 3 3 0 1 1 4 1 3 2 2 4 1 2 1 0 5 1 1 2 1 3 2 4 3 2 0 4 0 1 3 1 3 1 2 2 1 2 1 4 4 2 2 3 4 2 2 1 3 4 0 1 1 0 0 1 3 3 1 2 1 0 4 4 1 0 2 3 4 2 2 2 0 2 0 3 3 2 1 3 1 2 1 0 3 5 1 2 0 1 3 2 1 4 4 1 0 3 2 2 2 0 4 0 4 2 2 3 4 3 2 3 2 1 1 3 3 2 1 4 2 4 1 3 4 2 3 5 0 1 2 1 0 1 1 1 0 2 4 4 5 2 1 1 4 1 0 2 5 3 3 3 3 3 3 1 3 2 0 1 1 2 3 3 5 2 1 1 2 3 1 0 3 0 0 5 0 1 0 2 3 2 3 3 3 1 2 1 1 1 1 0 2 0 1 4 4 1 2 0 3 2 2 0 1 2 2 4 4 1 0 1 2 3 4 2 0 1 0 3 3 0 1 0 1 3 2 3 4 3 1 0 2 2 1 3 1 4 1 3 1 0 1 2 2 2 2 1 5 0 2 4 3 3 4 0 3 1 2 2 3 3 1 0 2 2 2 3 3 1 1 3 2 1 3 3 4 3 1 2 0 1 1 3 1 2 2 3 9 1 2 1 3 1 3 1 2 2 2 0 3 2 1 1 3 1 2 5 0 3 2 1 3 2 2 2 5 1 1 2 2 5 3 1 1 2 0 2 2 2 1 1 3 1 1 1 2 1 0 0 1 3 3 1 3 3 5 0 1 3 0 0 1 1 3 2 0 3 1 1 1 1 0 2 1 3 1 1 3 2 2 3 4 2 0 1 0 0 1 2 2 1 2 4 2 1 2 3 3 0 1 2 2 0 0 2 3 1 1 2 3 1 2 1 1 3 3 1 1 1 4 0 1 1 2 2 1 2 1 2 4 2 3 3 4 0 2 1 2 1 4 4 2 3 2 1 2 2 5 0 2 1 3 3 2 1 3 8 2 3 0 2 2 0 1 2 3 1 0 3 1 2 1 1 4 2 4 2 2 4 0 1 1 0 3 3 3 1 2 4 1 1 3 4 1 0 1 2 3 2 3 2 0 3 5 3 1 1 2 2 4 0 0 1 3 2 0 3 1 2 4 4 1 3 1 3 1 3 0 2 2 2 1 2 1 1 0 0 2 4 1 1 4 3 3 0 3 3 1 5 1 2 3 1 2 4 2 0 0 2 3 0 2 1 3 1 4 1 2 1 4 2 0 2 3 1 2 2 1 2 2 4 3 3 4 2 0 1 0 3 3 2 1 2 0 1 1 1 1 3 3 1 5 2 2 2 1 2 2 1 4 1 3 2 2 4 1 3 4 0 2 0 1 1 3 2 4 1 2 2 2 2 2 1 0 2 2 6 1 2 2 1 1 1 2 2 1 3 4 2 0 0 0 1 3 2 0 1 1 3 0 3 1 2 2 2 2 3 2 1 1 1 1 3 0 3 2 2 3 4 2 2 2 5 0 3 5 1 4 1 0 1 0 2 4 0 3 2 3 4 1 1 4 2 1 4 4 3 2 0 1 0 2 6 0 1 2 3 2 3 0 2 1 7 1 5 0 2 0 1 1 0 4 2 2 3 3 3 1 2 1 6 2 4 4 0 4 3 0 0 0 1 1 1 2 3 2 1 2 2 6 4 2 0 2 2 3 1 2 0 0 2 0 3 2 3 6 1 5 1 5 1 2 1 3 1 4 2 1 3 3 2 1 3 3 3 2 3 2 1 4 1 5 3 2 1 5 3 1 1 4 1 2 1 1 5 2 5 4 2 1 0 1 3 3 1 1 1 1 5 5 4 2 2 1 4 1 2 4 1 1 0 2 2 0 2 2 2 3 2 3 1 0 1 2 1 3 3 2 4 0 1 2 0 1 3 6 4 2 4 1 4 1 2 2 2 1 1 2 1 2 0 1 4 3 0 3 0 0 2 2 0 4 2 2 1 2 3 4 2 0 0 2 1 3 0 2 2 1 4 0 1 2 2 1 0 4 3 2 1 1 4 2 4 1 2 0 2 3 2 5 1 2 4 2 5 0 1 1 3 2 1 1 1 1 1 2 3 2 3 1 4 4 1 2 3 1 1 1 2 1 2 3 2 2 1 3 2 2 0 2 1 2 1 0 1 3 3 1 1 3 0 4 2 0 1 2 3 1 2 2 0 0 1 3 2 0 3 1 2 2 4 3 2 0 1 2 2 7 0 2 2 2 1 3 3 1 2 2 3 0 4 1 0 2 4 2 3 3 4 1 1 1 1 3 2 2 1 2 3 0 3 2 2 3 5 1 3 1 3 3 1 1 0 4 2 1 2 1 2 1 1 2 1 4 3 2 0 2 3 5 1 0 0 3 0 3 2 2 0 2 1 2 0 2 1 1 2 2 6 2 1 3 3 1 4 0 1 1 3 2 2 1 3 1 0 2 1 0 2 3 1 2 3 3 3 1 1 0 0 1 4 2 0 2 0 1 1 5 0 6 3 0 2 2 2 0 2 4 2 2 0 3 0 4 4 4 1 4 1 1 3 1 1 1 1 1 2 0 4 1 3 5 0 1 5 1 3 0 1 1 2 2 3 2 0 2 1 1 1 3 0 0 1 4 5 2 3 3 2 1 1 0 0 1 3 4 1 5 1 2 2 1 4 1 1 1 5 2 1 1 2 3 3 4 2 2 5 1 1 0 3 4 2 1 3 1 1 0 3 3 1 1 1 5 2 1 1 4 1 4 2 2 1 0 2 2 3 2 2 1 0 3 0 3 2 1 2 0 0 1 3 4 2 2 2 3 2 5 1 0 1 3 2 0 1 4 2 2 1 3 0 4 2 4 1 4 1 1 1 0 5 2 2 1 1 4 1 3 6 2 1 1 0 2 1 0 1 4 4 0 1 3 1 1 3 4 0 1 2 1 1 2 1 4 3 1 1 4 3 2 3 1 0 0 3 1 4 1 1 1 2 2 3 3 1 4 1 0 2 5 0 2 2 2 1 2 2 3 0 1 1 1 4 1 3 5 1 4 1 2 0 3 0 3 2 1 4 4 1 2 5 2 3 1 1 1 4 2 2 1 2 4 4 4 3 2 2 3 1 2 2 4 1 1 1 4 2 0 2 1 2 3 3 4 3 2 3 1 3 1 3 0 3 2 1 2 1 3 4 4 0 1 0 1 2 1 2 5 0 1 2 4 3 4 1 5 0 0 2 1 2 0 1 4 2 2 0 0 4 2 1 1 6 1 2 4 2 1 2 1 0 1 4 1 2 2 2 2 2 1 0 2 2 1 2 3 1 3 2 1 2 2 2 1 3 4 1 2 2 2 1 2 5 0 2 2 0 2 1 4 0 3 0 2 4 1 0 2 1 2 1 6 1 2 3 1 1 1 1 1 2 1 3 1 3 1 0 2 2 0 2 1 2 2 2 3 5 3 0 0 6 2 0 2 1 1 1 4 2 1 1 4 1 2 2 1 1 2 0 4 2 4 1 4 2 2 1 2 3 2 2 1 3 2 3 5 1 2 1 0 2 2 1 4 3 3 2 2 2 3 2 4 3 3 0 1 5 2 1 2 1 4 3 2 1 2 2 2 4 2 2 4 3 2 1 3 1 0 0 2 1 1 2 2 4 1 2 3 0 2 2 1 2 1 0 2 4 2 0 2 2 3 2 1 3 3 2 4 2 0 1 3 3 1 3 2 1 0 2 2 3 0 3 2 0 2 1 2 3 1 3 1 2 0 2 4 4 2 0 1 1 1 3 2 0 3 0 0 1 0 5 5 2 2 2 4 1 3 2 3 1 4 1 0 1 3 0 3 1 2 1 3 3 2 1 0 3 3 2 1 1 2 2 3 2 3 1 2 3 2 3 1 2 2 2 0 1 3 4 4 2 3 4 3 1 1 2 2 3 1 1 3 3 0 0 3 0 1 3 0 4 0 1 1 1 3 2 6 3 1 2 5 0 3 2 1 0 0 2 0 5 2 5 4 0 2 2 1 2 2 2 2 3 0 1 1 1 1 2 1 2 0 0 3 4 3 2 2 3 3 1 0 3 2 0 0 1 2 1 2 4 5 3 1 3 2 0 2 1 5 2 4 2 2 1 4 2 1 2 3 4 1 1 4 2 2 2 2 2 1 4 5 2 1 2 2 0 1 0 2 2 1 1 2 1 2 0 1 1 2 3 3 1 0 3 3 4 4 2 3 1 0 1 1 0 4 1 2 1 2 2 0 2 1 3 2 2 4 1 0 3 2 4 3 2 2 3 1 2 3 1 3 2 5 4 2 1 0 2 2 1 4 4 1 2 2 4 1 1 2 2 2 2 3 1 1 3 1 2 2 2 1 2 2 4 0 4 2 0 2 1 1 2 3 2 1 4 2 0 2 5 2 0 6 1 2 2 0 2 1 4 1 0 2 2 1 3 2 2 1 2 2 3 2 2 2 2 2 5 2 3 1 4 1 1 1 2 1 4 1 2 2 3 1 4 0 3 1 1 2 3 2 5 2 2 3 2 0 3 2 4 3 1 0 0 0 3 1 5 2 3 3 3 0 0 3 3 0 2 2 2 6 0 1 1 3 1 3 2 2 2 2 0 2 3 3 0 4 5 0 1 2 3 2 1 2 2 6 1 0 3 0 6 2 3 2 3 0 2 2 3 2 1 5 1 2 2 1 2 0 1 2 1 1 4 1 2 3 1 6 0 0 2 2 3 1 1 4 3 3 2 2 2 1 1 5 2 2 1 1 3 2 2 2 2 3 2 3 3 5 0 2 3 3 0 3 2 4 2 3 2 2 5 0 2 4 2 2 1 0 2 1 3 1 1 1 3 0 6 2 1 6 2 5 2 2 2 1 3 3 3 2 4 3 2 2 0 2 1 0 2 3 1 1 2 2 1 1 0 1 4 0 2 2 4 5 2 1 0 1 1 2 2 5 2 0 1 3 1 3 1 3 2 2 1 3 2 3 2 0 1 3 4 3 1 2 4 1 1 2 1 1 0 2 3 2 2 2 1 0 2 1 1 4 4 3 2 2 1 1 2 2 1 1 1 3 2 4 2 0 2 2 6 3 1 0 0 3 1 1 3 5 2 0 3 1 0 2 3 1 3 3 1 3 3 2 2 1 1 2 2 2 1 0 1 2 2 3 4 3 0 3 3 2 2 1 2 2 1 2 1 2 1 1 2 1 1 3 5 0 3 1 2 1 2 3 2 5 1 1 0 2 3 1 2 1 1 5 4 0 6 4 3 0 2 1 1 3 2 1 3 1 2 4 2 1 0 2 1 4 2 3 2 0 3 2 4 1 0 7 4 1 2 4 5 1 4 4 3 1 0 2 2 0 2 2 2 2 4 0 2 2 0 3 3 2 4 0 1 4 1 2 4 0 4 4 4 3 0 1 3 2 3 1 1 5 0 1 5 1 4 2 2 0 2 1 4 2 1 3 4 2 2 1 2 0 1 3 3 1 2 1 4 2 3 3 4 3 1 4 0 3 4 2 0 2 1 1 4 4 5 3 1 2 1 4 0 3 0 1 1 2 3 1 1 2 4 0 4 3 1 0 2 0 2 1 3 1 3 3 2 2 1 1 0 3 1 3 0 2 0 2 3 2 3 0 1 3 3 0 7 1 2 1 1 1 0 0 1 1 4 6 2 2 3 2 2 1 1 2 5 2 0 2 2 1 5 0 2 5 2 1 1 3 1 0 3 4 0 1 3 1 0 3 0 3 0 1 1 2 2 2 3 3 1 1 3 2 1 2 1 3 0 1 3 2 2 1 2 2 0 0 3 1 3 3 2 2 2 1 2 5 2 0 2 0 5 4 2 1 0 2 4 1 2 2 1 0 3 1 1 2 3 2 2 3 3 2 1 2 2 5 1 2 2 0 0 0 2 2 5 2 1 1 2 1 3 1 0 0 3 5 3 2 3 1 1 1 2 3 4 1 1 3 2 2 4 2 2 3 4 1 1 4 1 3 3 0 2 2 2 2 2 0 2 2 2 0 2 1 2 1 0 3 2 1 3 3 5 1 1 0 0 1 3 3 1 3 4 2 2 1 3 2 2 0 3 0 0 2 1 1 3 2 3 1 1 2 0 3 4 4 1 1 2 4 1 3 1 1 0 2 4 2 0 0 0 0 1 4 5 0 1 2 2 1 2 5 3 4 1 2 2 0 1 2 4 1 3 1 4 1 2 0 2 0 1 1 1 3 1 3 0 3 0 4 2 0 3 1 3 1 1 1 3 1 1 0 2 4 3 3 2 2 1 2 2 2 3 3 0 0 1 6 0 5 3 4 0 1 2 1 2 2 1 1 5 3 0 1 1 0 0 3 2 1 2 6 2 0 3 1 3 3 2 1 2 1 0 2 1 4 0 6 0 2 1 4 2 5 0 0 1 3 1 1 3 2 3 5 1 4 0 4 1 0 5 1 0 2 3 3 1 1 1 0 3 0 1 2 2 2 4 3 1 4 2 2 2 3 0 1 4 1 2 2 6 1 2 3 3 1 2 3 3 1 2 2 1 2 2 3 2 1 0 1 5 2 1 1 1 6 0 4 2 3 3 2 2 3 0 2 0 0 2 0 2 1 0 5 1 1 0 0 2 2 0 2 4 1 1 1 1 4 0 5 4 1 1 2 3 4 0 2 2 1 1 3 4 2 2 3 1 1 2 2 0 3 0 2 1 2 0 1 2 1 1 2 1 2 4 1 1 0 2 3 1 1 2 1 4 4 1 1 3 3 0 2 2 1 0 1 3 2 1 2 4 0 1 4 4 1 2 2 1 3 4 2 4 3 3 3 2 2 1 2 2 1 1 3 2 1 2 5 3 1 1 1 2 2 0 1 4 5 3 2 2 2 1 1 4 4 1 1 5 2 2 1 4 3 1 3 1 3 4 1 0 2 2 5 0 1 2 2 2 2 1 1 3 4 2 3 1 1 1 1 2 2 3 0 3 1 2 3 2 2 0 2 2 2 2 4 1 2 1 4 1 2 2 1 0 2 3 3 0 0 2 2 1 2 1 2 2 1 0 1 1 4 2 2 2 0 4 1 3 3 1 1 2 4 0 2 2 4 0 1 2 1 1 1 2 2 2 1 1 2 2 1 1 3 1 2 0 5 1 1 4 2 2 0 0 3 3 5 4 2 2 6 1 0 3 4 1 1 0 1 0 0 1 4 3 4 1 0 0 5 4 3 0 0 2 3 2 2 2 2 2 2 1 3 2 2 3 4 3 1 2 0 1 2 0 2 1 2 1 1 2 2 1 0 5 2 1 4 0 1 3 1 4 5 4 5 0 2 2 1 7 1 1 2 1 1 2 0 2 4 0 2 1 4 2 2 2 0 2 2 2 5 1 2 0 1 3 1 1 2 3 2 4 5 3 1 1 2 3 5 2 3 0 1 4 2 1 1 1 5 1 1 2 1 1 1 2 1 3 5 3 0 0 4 2 1 0 1 1 4 1 2 2 3 1 3 2 2 2 2 3 1 0 3 3 2 3 1 0 1 0 5 2 6 4 3 1 2 0 2 2 0 3 1 1 2 0 3 1 3 3 2 2 2 7 3 0 3 1 2 2 1 3 1 4 4 0 2 2 0 3 4 4 3 3 3 1 2 1 1 1 4 2 2 1 2 3 3 0 4 1 3 1 5 2 1 0 1 3 0 5 5 1 2 0 1 1 1 1 3 3 1 0 3 2 1 4 1 3 5 3 2 1 0 2 4 4 1 2 2 4 1 3 1 1 2 2 5 4 0 1 1 3 1 4 2 1 2 1 1 3 4 4 1 3 2 3 3 1 0 3 2 1 1 2 3 5 2 3 2 3 4 1 3 3 1 3 0 3 1 4 1 2 0 1 3 3 0 0 2 3 4 5 4 2 3 1 1 0 1 4 4 0 3 2 1 3 0 2 5 1 1 1 0 2 2 2 2 2 5 2 5 0 0 4 2 2 4 1 2 1 2 2 2 1 3 1 2 3 1 0 2 2 5 2 1 5 1 1 2 2 4 2 3 3 1 0 3 1 1 1 1 3 0 1 4 5 3 2 1 1 0 4 1 1 2 0 2 2 1 3 0 3 3 2 0 3 3 1 2 4 3 3 4 3 3 2 2 0 3 3 2 2 0 1 1 1 2 1 1 2 1 2 3 5 2 1 1 3 2 3 4 2 2 3 1 2 2 3 2 4 2 3 2 1 4 1 2 2 3 1 3 2 3 2 2 3 2 2 1 0 1 2 0 4 3 0 4 3 2 1 1 1 2 2 0 3 3 3 1 1 3 0 2 4 1 4 0 1 4 1 1 3 2 4 2 2 4 0 0 0 4 0 2 1 1 0 2 3 0 5 1 4 1 2 4 4 2 2 1 2 1 1 0 3 1 2 3 0 2 2 2 1 7 1 2 2 4 3 1 1 1 0 0 1 2 1 3 2 1 2 4 3 5 2 1 2 2 1 2 1 9 3 2 2 2 0 1 0 0 1 2 3 0 1 2 3 1 1 2 1 1 0 2 1 3 2 3 1 3 1 1 1 2 2 2 5 6 0 4 2 2 2 1 1 1 1 0 2 4 2 2 1 3 1 0 2 3 1 3 0 4 4 3 1 2 3 2 0 1 3 2 4 0 3 2 2 2 2 0 4 2 3 3 1 1 1 5 4 2 3 2 0 4 3 1 1 2 0 1 0 4 2 2 1 3 4 4 1 1 1 4 3 2 2 2 3 1 3 2 2 0 3 3 0 1 3 0 1 1 2 2 1 1 1 0 6 3 1 3 0 3 2 0 3 1 2 2 1 2 2 2 1 2 4 2 3 2 3 0 3 1 0 1 0 2 5 0 2 5 3 1 5 1 3 4 0 3 1 4 1 1 1 0 3 3 2 5 3 2 1 0 1 1 1 1 4 5 6 2 1 0 4 2 0 1 3 3 2 3 2 3 1 1 2 4 2 4 3 2 0 1 2 0 2 2 4 4 2 0 2 1 1 2 3 2 4 4 0 3 1 0 5 4 2 2 3 2 3 0 1 1 1 0 3 0 1 1 1 1 5 0 0 2 2 3 5 1 1 2 2 4 1 1 0 2 2 4 0 0 3 3 2 2 1 1 1 1 4 1 3 0 1 4 0 1 1 1 3 3 4 7 2 1 2 2 3 3 4 2 1 2 2 1 3 1 1 0 3 2 1 2 1 3 3 2 1 4 1 0 3 3 0 2 6 2 2 4 2 1 5 1 1 0 0 3 2 2 1 0 0 3 4 1 4 1 5 2 2 2 3 2 2 3 1 4 3 2 2 2 1 0 0 2 1 6 1 3 1 2 1 1 2 3 4 3 1 2 0 2 1 3 2 3 1 2 2 2 3 2 1 1 2 1 2 3 2 2 3 3 2 2 2 2 1 1 0 2 3 4 1 3 1 1 0 0 1 3 5 3 3 2 1 3 3 1 2 1 2 2 2 2 1 1 3 1 2 0 2 3 1 3 1 1 1 3 0 0 1 2 4 2 1 2 3 2 1 1 0 2 6 0 1 2 1 4 2 2 1 1 0 2 1 0 2 3 2 1 5 1 2 0 1 3 3 0 1 2 2 3 2 1 3 0 0 4 5 0 3 2 3 1 3 1 4 2 1 2 5 0 2 2 3 3 0 4 4 2 0 2 4 1 1 4 1 1 1 4 1 5 1 2 2 4 2 1 1 4 1 3 3 3 1 2 3 2 1 1 2 0 2 2 4 4 3 0 2 0 2 2 0 1 1 2 3 1 2 2 2 1 2 1 0 1 2 3 2 2 3 3 1 1 3 2 5 1 5 2 1 1 0 0 1 3 2 5 2 2 2 1 3 3 0 2 0 1 3 3 3 1 1 1 1 2 2 2 1 0 3 2 6 2 0 0 3 2 0 2 1 1 4 5 3 2 0 1 2 4 1 3 2 4 3 1 2 1 1 2 1 4 0 3 0 2 1 4 3 4 2 2 6 5 4 1 1 2 2 1 3 0 1 2 2 1 4 1 2 2 0 0 4 4 0 2 5 3 1 1 1 2 1 1 2 1 3 4 0 2 0 3 3 2 6 2 0 1 5 3 1 2 6 1 4 1 1 3 2 2 1 1 0 2 1 1 4 2 2 2 2 0 5 2 1 1 2 3 3 6 0 2 1 2 3 1 1 1 1 3 1 1 1 0 4 2 2 4 0 2 1 2 3 1 3 4 2 1 2 2 1 5 3 1 3 1 1 0 0 0 2 1 3 2 0 1 1 1 2 1 1 1 2 2 1 0 0 2 4 0 2 4 1 4 1 7 1 1 2 3 1 2 2 2 0 0 1 1 2 2 2 1 3 2 2 2 1 5 0 2 2 3 0 3 1 7 1 4 1 1 2 2 0 4 2 0 2 5 3 2 1 4 1 0 1 2 4 2 2 0 0 2 2 1 1 2 1 5 2 1 1 0 2 2 2 5 2 1 2 3 2 4 2 3 0 3 3 0 2 3 1 2 5 2 2 3 0 1 1 2 1 2 1 3 3 4 1 2 2 1 1 5 0 0 1 3 3 1 1 1 4 4 1 3 1 0 3 3 2 1 0 2 1 0 1 3 1 1 2 2 1 1 1 3 2 4 3 1 3 1 1 0 2 1 2 4 5 1 1 2 0 0 1 1 2 2 2 1 2 0 1 2 1 3 2 3 4 2 2 0 1 4 1 2 1 2 3 4 1 2 4 3 1 4 1 0 2 2 3 2 1 3 3 2 6 1 1 2 1 0 4 2 2 2 3 1 1 0 5 1 3 3 4 1 1 1 2 5 2 2 4 1 0 0 6 0 4 3 2 0 1 0 3 1 3 0 2 2 4 3 1 2 5 4 4 1 1 2 1 2 2 1 0 4 0 1 2 2 1 1 0 1 1 3 0 2 2 3 4 3 4 3 2 1 1 3 1 3 0 1 1 1 1 1 2 2 2 1 0 0 4 1 1 4 0 0 5 0 5 1 3 0 2 3 0 1 1 0 1 1 1 5 1 3 2 2 2 2 3 3 1 2 1 2 2 3 4 5 2 2 1 1 1 3 3 2 3 3 2 1 1 6 3 5 3 0 0 0 2 4 0 2 0 4 0 2 3 3 3 0 2 0 0 2 2 1 3 2 1 1 3 4 2 1 2 0 3 0 3 2 2 4 3 2 1 0 2 4 2 4 2 3 2 5 1 1 1 3 2 2 2 3 2 2 4 4 1 2 0 3 2 0 2 1 3 2 1 3 0 3 5 2 3 2 1 2 2 0 1 1 2 5 3 4 2 1 1 3 2 2 0 3 1 3 3 2 3 3 3 3 2 2 3 1 2 2 4 1 3 1 4 1 2 1 1 3 4 1 0 4 1 7 4 1 2 2 0 3 1 3 0 2 2 2 0 5 3 1 3 3 2 3 2 2 2 1 1 3 2 1 4 4 0 4 2 1 0 1 2 1 0 1 2 2 2 1 2 1 4 1 2 1 2 2 3 3 2 2 2 1 1 1 1 3 3 4 1 0 3 2 3 2 2 1 1 2 1 2 1 5 3 3 2 2 1 0 3 2 3 2 4 1 2 2 2 1 1 1 0 2 1 0 2 1 3 4 4 3 1 0 1 3 2 1 2 2 1 3 7 4 4 2 1 4 2 0 2 3 1 1 4 2 0 1 4 1 3 2 2 1 1 3 0 1 3 2 4 3 2 1 0 3 0 1 1 4 4 1 1 4 1 3 2 0 3 1 3 0 2 3 1 2 2 2 2 3 2 1 1 2 4 0 3 0 2 1 1 2 4 3 1 2 0 2 3 1 1 4 2 2 3 0 2 2 1 3 1 0 0 3 3 3 1 0 2 1 3 1 3 2 6 3 4 2 2 0 3 2 2 3 1 3 0 2 4 2 2 1 3 0 1 1 1 3 1 2 1 2 3 4 3 0 1 2 3 2 1 3 1 0 4 3 1 0 3 2 1 1 2 2 3 3 1 1 4 0 2 1 0 1 1 2 3 1 3 2 2 0 4 3 2 0 1 0 1 1 1 3 2 1 0 1 1 0 3 1 2 2 1 5 0 3 1 2 0 3 2 6 4 1 2 2 1 0 3 1 0 5 1 4 0 1 1 1 3 1 3 1 4 5 4 0 3 1 3 3 4 3 0 1 1 4 1 4 0 1 2 1 2 3 2 2 2 0 1 1 2 1 3 2 2 3 1 3 4 2 5 1 0 0 1 1 3 2 2 2 2 1 3 0 3 0 4 0 1 1 3 0 1 5 2 5 4 1 3 2 2 4 1 3 1 2 5 1 0 3 2 1 1 3 1 1 2 1 1 5 0 4 3 1 1 2 3 3 2 2 1 2 2 0 3 2 1 1 3 2 0 4 3 2 2 2 1 2 1 0 1 2 4 1 2 0 1 1 2 3 2 0 2 6 4 2 0 0 1 1 2 2 1 0 1 0 3 3 1 5 1 2 1 1 1 1 3 3 1 2 2 4 3 2 3 1 1 2 0 3 3 1 4 2 2 0 2 1 2 2 2 4 1 2 1 1 4 1 4 1 1 2 0 4 2 6 2 1 3 1 4 2 3 1 0 0 1 5 1 4 4 0 1 2 1 0 0 4 7 2 3 1 1 2 1 1 1 1 5 1 1 3 2 1 2 0 0 2 3 3 3 3 1 4 4 2 2 0 3 0 1 3 3 2 0 5 4 1 0 0 1 2 1 2 0 2 0 6 3 3 4 2 1 1 2 3 2 1 1 1 1 2 3 1 3 3 0 3 2 1 3 2 1 3 2 4 3 3 0 2 4 2 1 4 1 2 2 1 3 0 3 5 0 3 0 2 3 1 3 3 1 1 5 0 1 2 1 2 1 1 1 6 1 1 3 1 4 1 2 2 3 0 2 5 2 1 1 1 2 1 3 0 2 1 1 1 1 3 0 0 2 2 2 1 1 3 2 1 1 4 1 2 2 1 1 0 1 1 1 3 1 5 0 2 3 0 2 6 4 2 1 3 0 1 1 5 0 2 0 1 1 4 1 3 4 2 4 3 2 2 2 0 1 0 0 1 1 3 5 3 1 0 1 2 1 2 3 3 2 2 1 2 4 3 2 0 3 1 3 2 1 2 0 1 2 0 2 2 0 5 2 1 1 4 2 4 4 2 2 1 3 3 2 0 2 1 2 4 0 0 1 2 6 1 2 1 1 0 0 3 2 3 4 4 2 1 1 3 1 2 2 2 3 2 2 1 2 3 3 5 2 5 3 1 1 3 1 1 1 2 0 1 3 1 0 1 4 1 1 2 3 3 3 1 3 4 1 2 4 2 2 0 0 5 2 3 1 2 2 3 1 0 2 4 1 2 2 2 3 1 4 1 3 0 3 3 2 1 3 2 1 0 3 4 4 1 0 3 0 2 3 2 0 1 1 2 1 2 1 1 2 2 6 3 2 3 0 3 0 2 1 5 2 1 2 1 0 3 4 3 1 0 0 2 0 5 5 2 1 6 2 5 2 1 2 0 2 3 3 2 2 2 3 2 0 3 0 3 1 0 0 4 2 3 2 2 4 1 1 2 1 1 2 4 0 3 2 0 1 2 4 1 3 5 0 0 4 2 2 3 0 4 1 2 0 2 2 1 3 3 2 3 2 1 2 1 4 2 3 1 1 1 3 2 1 5 6 2 0 1 5 1 3 1 4 1 2 1 2 3 4 1 2 2 3 1 3 1 2 2 0 1 1 2 0 5 5 2 4 1 2 1 1 1 2 0 3 3 4 1 1 0 2 2 1 1 1 1 2 1 0 2 1 2 1 5 1 1 3 0 3 1 1 2 1 3 2 1 1 5 2 2 0 2 1 1 1 4 1 5 2 1 1 4 1 3 3 0 2 2 1 1 2 0 1 3 3 1 4 4 3 3 5 2 4 0 5 2 0 2 0 0 3 4 5 2 4 0 4 2 1 1 1 3 4 0 3 3 0 3 3 0 3 1 2 2 3 1 5 2 2 1 2 2 2 1 4 2 1 2 3 3 3 0 1 2 2 3 2 1 1 4 4 0 2 2 3 1 3 1 0 1 0 2 2 1 3 1 0 3 0 1 2 2 4 2 8 2 1 3 1 2 2 0 2 2 1 1 3 3 2 4 4 1 3 3 2 1 1 2 1 2 1 1 2 4 1 3 1 2 2 1 4 7 3 5 2 3 4 1 2 1 2 2 2 1 1 2 1 3 5 0 0 1 2 2 0 1 3 0 4 2 4 4 1 1 2 2 3 2 2 2 1 3 0 3 3 0 5 2 2 5 1 0 1 3 3 1 5 2 5 1 1 3 2 2 0 1 4 0 2 2 2 0 1 2 3 2 3 3 2 2 1 6 4 0 0 0 0 2 1 2 3 3 6 0 1 1 2 4 2 1 0 0 2 1 5 4 2 3 0 2 1 1 2 0 0 2 4 3 0 1 2 3 0 3 2 0 0 1 2 4 3 2 2 4 5 4 0 3 1 2 1 1 2 1 2 1 3 3 2 1 4 2 3 1 2 0 1 3 0 2 1 3 1 2 1 3 0 3 1 2 1 2 3 2 1 1 1 0 3 1 2 0 6 1 3 1 1 3 5 2 2 2 1 1 3 1 2 2 3 2 6 2 1 2 3 4 0 2 2 2 1 1 1 0 1 6 1 0 2 2 1 4 2 1 3 1 2 0 6 1 5 1 0 1 0 1 6 3 4 2 2 0 0 1 2 2 2 5 1 4 1 5 1 2 1 3 2 3 2 1 1 3 0 3 1 2 3 1 1 1 1 2 6 3 1 2 2 2 1 2 1 4 1 2 1 3 4 4 0 0 1 1 1 1 2 1 2 3 7 2 1 3 1 0 3 2 3 2 0 1 1 3 4 3 0 4 1 0 2 2 0 5 4 2 0 2 3 2 3 3 0 4 0 1 4 1 1 5 0 2 2 5 3 4 4 0 1 0 1 0 4 2 3 2 4 5 3 0 2 4 2 5 1 2 5 2 2 1 3 0 1 4 2 1 2 2 2 4 3 2 2 0 0 1 2 0 3 5 0 1 4 2 0 2 2 1 2 1 2 0 3 1 2 4 0 3 1 1 1 0 4 3 2 4 3 2 3 1 3 0 2 2 2 3 2 2 2 2 1 4 4 1 3 3 1 2 1 2 1 4 3 2 3 2 0 2 1 2 0 1 1 3 1 3 3 3 0 3 2 2 3 3 4 1 1 3 1 2 2 0 2 0 0 2 2 1 5 1 4 2 2 1 2 3 4 5 0 1 1 4 4 4 1 0 4 2 3 2 1 1 1 5 4 3 2 1 4 3 1 1 4 2 4 1 3 0 4 1 5 5 2 2 2 1 2 4 3 2 1 2 0 3 2 3 2 0 1 2 0 1 1 0 3 3 2 1 0 1 3 1 0 2 3 0 2 3 2 2 5 4 1 1 3 1 1 0 1 3 2 5 1 2 1 0 2 3 1 3 0 4 1 2 3 3 1 3 1 2 1 1 3 2 1 3 2 2 1 0 4 3 3 1 2 0 4 2 2 4 1 3 0 5 4 2 3 3 2 3 2 1 1 1 0 2 1 1 3 0 1 1 3 3 2 2 0 3 2 3 5 2 2 4 3 2 1 5 1 3 3 3 0 2 5 1 5 1 0 2 0 2 1 2 1 3 2 2 4 0 1 5 3 1 2 0 2 1 1 4 1 1 2 3 6 2 0 2 3 0 2 0 3 2 3 3 3 1 1 1 2 2 3 0 2 2 1 3 2 3 1 1 3 3 1 3 0 1 0 1 4 2 6 2 0 2 1 3 1 4 1 2 2 1 2 2 1 1 2 1 2 0 2 4 1 2 1 1 2 1 3 2 5 3 1 2 1 2 5 1 3 2 3 0 1 3 1 3 4 2 1 4 1 3 3 1 1 4 6 2 0 1 0 0 0 4 2 2 2 1 4 4 2 2 2 1 3 3 2 5 1 4 2 3 0 1 2 0 2 1 3 1 2 2 2 1 1 2 6 2 2 0 3 3 2 0 2 0 0 2 4 4 6 3 5 1 0 2 1 5 0 1 0 2 3 4 1 0 1 1 2 2 2 3 4 1 7 2 1 1 2 1 2 1 0 0 1 3 1 0 2 1 1 3 6 2 1 1 4 3 5 0 2 3 3 1 1 1 2 3 0 1 3 3 2 1 3 1 2 2 2 1 1 3 2 0 3 2 2 4 1 2 2 3 1 1 0 4 3 1 2 0 1 3 1 2 1 0 3 0 1 2 3 1 2 2 1 2 1 4 1 1 1 1 6 1 2 1 2 1 0 0 4 0 2 1 2 1 3 0 2 3 3 0 2 2 2 3 4 3 3 0 2 1 1 3 1 3 2 1 2 1 2 1 3 1 1 4 0 3 1 2 0 2 3 4 0 1 1 2 2 4 2 3 0 2 2 1 2 3 3 3 1 1 4 1 2 2 1 1 2 2 1 0 2 1 2 5 7 4 2 4 1 1 0 1 1 0 3 0 1 5 2 5 3 1 2 1 2 1 4 2 3 1 4 6 4 2 3 1 1 1 1 0 4 4 2 0 0 2 2 1 3 2 2 2 2 5 1 3 0 1 2 1 0 1 3 2 2 0 2 4 2 1 3 1 3 1 2 2 4 0 2 3 2 0 0 7 1 1 1 4 1 3 3 0 1 3 6 1 2 4 2 1 2 1 0 1 1 0 4 1 1 4 5 3 3 5 3 3 1 1 1 0 4 1 1 0 1 5 3 2 3 3 0 2 4 2 1 1 1 4 4 3 1 2 3 2 2 1 1 2 4 4 3 0 2 1 2 1 4 2 2 2 0 1 4 1 2 5 0 2 1 3 4 1 0 2 2 2 1 2 5 0 2 2 1 0 3 0 1 3 1 1 7 3 2 0 1 0 0 2 2 2 2 1 5 4 3 5 0 1 1 1 2 3 1 2 2 2 3 2 0 3 1 0 2 2 0 1 1 1 3 1 2 2 1 1 2 2 3 5 1 3 0 0 3 0 1 1 3 0 1 3 1 4 3 3 0 2 2 1 3 3 3 3 1 1 3 2 2 1 3 6 0 3 1 1 3 0 3 2 0 2 3 0 1 4 2 1 2 1 2 1 4 2 1 1 1 3 3 1 2 2 0 4 2 2 3 2 1 3 1 2 0 2 1 2 3 1 3 0 1 5 0 2 3 3 0 1 1 0 0 2 4 2 0 1 3 2 3 1 1 2 2 3 0 1 2 1 1 1 4 2 0 2 3 3 2 2 2 1 3 3 3 4 2 2 4 0 2 0 2 2 1 4 3 1 4 4 1 1 1 2 1 0 0 2 0 1 3 2 0 2 4 0 3 2 1 0 2 0 0 3 7 2 1 1 5 1 0 1 6 2 2 2 2 2 0 3 2 3 2 0 1 0 1 4 5 0 0 1 5 4 1 3 1 3 1 1 2 1 5 3 0 0 1 1 1 1 0 0 2 0 3 4 4 4 3 2 0 2 3 5 1 1 1 0 2 1 5 2 1 2 3 0 6 2 0 4 3 1 2 2 3 2 2 2 0 2 2 1 2 0 1 3 2 2 0 0 3 4 3 2 2 1 1 1 3 2 4 2 1 3 3 0 1 3 3 6 1 1 3 1 1 1 1 2 0 3 2 3 2 3 1 1 0 2 1 2 3 5 1 3 4 1 5 2 1 1 0 1 3 2 3 1 1 1 3 2 1 1 2 2 1 1 1 2 1 2 3 2 3 1 2 2 3 3 1 0 3 2 0 3 2 3 3 2 3 0 1 3 1 1 0 5 1 0 4 3 0 6 1 5 3 2 2 4 1 4 2 4 1 2 4 1 5 2 4 3 1 5 3 4 2 0 2 3 1 1 1 1 5 4 5 1 2 3 3 0 0 2 0 3 1 3 0 4 4 1 0 2 1 0 1 1 2 1 0 1 1 4 2 4 1 4 3 1 5 2 0 3 0 0 1 4 5 2 0 0 1 0 1 1 1 2 0 3 4 5 4 3 0 2 3 1 1 2 1 3 2 1 3 2 1 0 2 5 5 2 0 1 1 1 2 1 0 4 2 2 2 3 0 4 1 2 2 2 2 1 2 1 2 1 1 0 4 1 2 1 2 5 2 2 3 2 1 2 1 2 1 1 3 2 0 3 2 3 5 1 4 0 1 4 1 5 3 1 3 2 0 3 3 1 2 1 2 2 1 1 2 2 0 2 2 0 3 2 3 3 2 1 1 0 1 3 2 1 3 2 1 2 1 1 1 1 4 5 3 2 1 1 1 0 1 2 3 3 0 5 1 3 3 5 2 0 1 1 3 2 3 0 5 2 1 1 3 3 0 2 1 3 1 3 3 3 2 2 2 2 3 3 3 1 1 1 3 0 2 0 1 1 2 3 1 0 0 1 3 0 2 2 2 5 1 2 0 1 2 1 4 3 2 3 3 3 2 4 2 2 2 4 1 1 1 0 3 2 2 2 0 3 0 3 1 3 2 2 1 1 1 0 2 3 2 2 4 3 2 0 2 2 1 0 0 4 3 0 1 1 3 1 1 3 8 0 1 4 0 2 2 1 0 1 2 5 2 4 1 0 1 1 2 1 1 2 1 2 4 3 2 2 3 3 0 2 2 2 2 1 1 1 2 5 1 0 1 2 1 3 2 7 1 4 2 2 1 2 5 0 1 2 0 2 1 5 0 5 2 2 1 1 1 1 0 1 4 1 4 2 4 3 4 3 0 1 2 4 2 0 0 2 1 3 3 1 0 4 1 0 1 2 3 8 3 2 3 0 4 1 1 3 3 2 1 2 0 2 0 1 1 2 1 1 4 2 1 0 4 5 1 2 1 0 1 3 0 1 1 0 1 3 1 2 4 2 1 1 1 2 1 1 1 3 2 1 3 2 2 2 1 3 0 1 2 2 1 2 4 2 1 5 0 1 0 3 5 3 0 5 4 1 0 2 0 1 1 2 1 1 5 3 2 0 0 1 0 0 2 3 4 1 3 0 4 1 0 1 4 0 1 2 2 1 1 2 2 4 3 0 1 4 2 1 1 1 1 3 3 3 1 3 3 1 1 1 2 2 3 3 3 1 3 2 1 1 3 0 1 0 5 0 2 3 3 0 2 0 5 0 2 0 3 2 3 1 1 1 1 1 2 4 1 2 0 3 2 2 0 1 1 2 2 2 1 5 4 1 4 1 2 1 0 2 2 5 1 1 1 2 2 2 0 2 3 1 2 0 5 1 1 2 3 5 1 1 1 2 2 0 2 1 4 4 2 1 3 2 1 3 1 2 4 4 0 4 1 3 2 2 1 2 2 1 2 1 4 2 3 2 0 1 2 2 2 2 0 2 3 1 2 1 1 3 1 1 5 3 3 3 3 2 2 1 2 3 0 2 4 1 4 1 0 1 2 4 0 0 4 1 3 2 2 2 2 2 4 3 1 3 3 1 1 1 2 1 1 1 0 2 2 1 2 2 3 1 2 0 4 2 2 5 2 4 4 1 0 2 2 2 1 4 2 1 3 2 0 3 1 2 2 1 1 1 1 3 2 4 3 1 1 1 4 1 2 3 4 2 0 2 3 4 1 1 3 1 1 0 3 4 1 2 2 1 1 3 4 1 2 2 1 2 5 2 2 2 0 6 3 0 3 3 1 2 2 3 5 4 4 1 4 1 1 1 1 0 3 1 4 2 0 4 0 2 1 3 1 1 2 2 4 2 2 3 1 3 3 4 1 4 1 1 3 2 1 4 0 2 0 4 1 2 4 1 1 0 5 1 1 2 4 1 2 1 1 2 2 0 4 2 0 3 4 2 3 0 5 0 4 2 1 3 4 0 0 4 2 1 0 3 0 2 2 0 1 0 5 0 1 2 2 2 1 4 1 3 1 3 2 3 2 3 1 3 2 3 0 0 1 0 3 2 1 2 2 1 5 6 0 2 0 3 2 1 2 3 2 3 2 1 1 2 2 2 0 2 2 1 1 2 0 2 2 2 3 0 1 1 4 5 3 3 0 0 1 1 4 3 2 2 3 1 2 3 2 3 2 0 3 0 4 1 1 4 4 1 3 4 2 1 1 0 2 1 0 5 2 1 2 2 0 4 1 3 4 3 0 1 3 4 2 1 1 3 3 1 1 1 1 0 3 2 4 1 0 2 0 2 1 3 2 3 2 2 1 5 3 0 1 3 1 3 4 3 3 0 0 1 2 1 4 0 4 3 3 4 0 2 1 1 1 3 4 2 1 1 4 1 0 0 1 1 5 1 2 3 0 1 1 2 4 2 2 3 2 4 2 2 2 3 1 1 5 1 1 1 4 2 4 2 1 3 1 3 2 2 1 1 3 1 3 2 4 5 2 4 1 3 1 3 1 1 1 4 2 0 1 2 2 2 2 0 0 3 3 1 1 3 4 0 3 0 3 4 2 1 1 1 4 7 0 0 0 1 4 1 1 3 0 1 1 1 2 2 2 2 2 2 3 2 1 2 5 3 5 2 2 1 2 3 3 4 3 2 2 1 0 2 2 1 1 1 2 2 1 1 2 4 0 2 3 3 4 2 4 2 1 4 2 2 0 3 1 2 3 2 2 2 4 0 0 1 0 0 0 2 4 4 5 5 2 0 0 6 1 2 0 2 1 1 1 1 6 1 1 2 1 3 3 0 0 2 2 3 3 4 2 0 3 3 4 2 0 0 2 1 4 4 5 1 1 0 3 0 2 0 3 4 3 0 4 3 2 2 1 1 2 4 3 2 2 3 4 0 6 1 0 2 5 2 4 4 1 4 0 2 1 3 1 2 1 2 3 0 1 0 1 1 0 7 3 3 1 1 0 1 1 1 3 0 5 1 1 4 2 3 1 1 1 6 3 1 0 0 1 3 0 2 2 3 1 0 0 2 2 2 4 1 2 0 0 0 3 1 3 3 3 5 2 1 1 2 0 1 4 2 1 2 3 2 5 5 1 2 2 5 1 1 1 2 2 3 0 1 2 1 2 1 1 3 1 3 2 2 3 0 1 2 1 3 3 1 0 2 2 3 1 4 4 0 3 1 1 1 3 4 0 2 4 3 1 2 2 2 1 0 2 1 1 0 2 1 1 0 1 1 1 4 2 3 4 2 4 3 2 0 2 3 3 2 3 4 4 2 1 1 3 1 4 2 1 1 1 2 1 1 1 0 2 0 3 0 1 0 3 2 1 4 0 3 1 2 1 0 3 2 3 2 1 2 1 0 2 1 2 4 4 1 1 2 0 2 3 0 1 2 3 4 1 3 1 2 2 1 1 2 1 1 3 0 2 3 2 3 2 2 1 1 2 1 1 2 3 1 1 0 2 4 1 3 1 2 2 3 1 1 2 0 2 3 2 1 6 0 3 1 1 1 2 5 1 6 3 2 2 2 4 2 1 2 1 2 2 3 2 3 1 3 2 1 2 2 2 1 0 4 1 2 1 4 1 2 2 2 1 0 1 2 4 1 5 3 0 3 2 2 2 2 1 0 3 1 3 3 2 0 1 2 3 2 3 3 2 2 1 1 1 2 2 1 2 3 1 3 1 1 1 2 0 2 3 1 1 4 0 1 0 2 4 1 1 4 0 3 0 2 3 3 2 6 3 4 1 0 3 1 2 3 4 2 3 2 0 4 2 1 2 1 2 1 5 1 3 2 3 3 3 2 1 3 2 1 3 5 1 0 4 0 2 4 2 1 1 2 2 2 4 2 0 1 1 1 3 1 1 3 2 1 3 2 1 3 1 4 1 4 3 3 1 2 2 2 2 2 2 0 1 0 4 2 4 0 4 2 1 2 3 2 1 2 1 3 1 1 0 3 0 2 5 2 2 3 0 3 2 3 5 0 0 1 4 2 3 5 5 2 1 3 0 3 0 3 4 2 4 2 1 2 3 1 1 4 2 1 1 5 1 0 0 3 4 1 1 0 2 2 0 2 1 2 3 3 2 1 4 2 2 1 3 2 2 2 1 4 2 4 1 1 2 2 1 1 2 0 5 2 1 2 4 3 2 4 3 1 0 1 2 3 2 2 2 2 2 1 3 4 2 7 4 1 0 2 0 1 1 2 1 0 4 4 0 1 1 3 2 2 3 2 2 3 0 2 1 0 1 2 3 2 4 3 2 0 2 1 1 2 0 3 2 1 2 1 2 3 2 2 3 1 1 1 1 4 2 4 2 4 1 1 0 1 0 1 1 3 2 6 2 1 0 0 3 2 0 0 6 2 4 2 2 1 2 1 2 4 2 2 0 2 2 4 0 1 2 3 2 2 2 2 1 0 1 3 0 3 4 2 0 3 1 2 4 2 4 2 5 0 2 1 3 5 4 2 1 2 1 0 2 3 0 0 1 2 7 2 0 3 2 2 4 0 1 2 1 3 2 1 2 0 1 1 2 2 3 5 3 2 1 2 2 1 1 0 4 1 1 2 3 1 1 3 1 3 1 2 0 1 2 3 2 3 1 5 2 1 2 2 0 1 1 1 1 3 2 4 1 4 2 2 1 1 3 0 4 1 3 2 2 1 1 1 2 2 0 1 1 2 2 2 1 0 3 2 3 1 3 1 1 1 0 2 2 1 1 2 3 3 1 1 2 3 7 1 3 3 1 5 2 1 3 4 1 0 5 1 2 2 1 1 4 1 2 2 3 1 1 2 3 4 0 1 1 0 2 1 1 2 2 4 2 5 1 0 2 2 1 3 0 1 4 0 3 2 2 0 3 3 3 2 3 2 0 3 3 0 5 2 3 2 4 0 0 3 1 5 1 1 1 1 3 1 0 2 1 0 4 3 4 2 2 1 1 2 4 1 1 2 1 3 1 0 3 3 1 0 2 1 1 1 0 2 4 3 4 1 3 0 5 1 3 2 3 2 1 2 1 2 1 3 1 4 2 2 2 1 2 4 7 2 1 1 1 2 1 0 0 0 3 2 3 1 2 2 0 1 0 3 2 2 2 2 2 1 0 3 4 0 1 2 1 1 0 2 1 3 0 1 6 3 0 3 2 3 2 4 5 1 3 1 0 1 1 3 3 2 1 3 2 3 2 2 3 1 2 3 2 3 4 3 1 5 1 0 2 1 0 3 4 1 2 3 3 0 2 1 1 2 1 0 4 2 2 2 2 2 4 4 1 0 1 4 1 1 4 6 0 2 1 1 4 4 1 0 1 3 1 2 2 1 2 2 2 3 0 1 2 0 5 3 3 3 3 2 0 3 4 2 1 2 3 1 1 1 3 1 5 0 1 3 4 1 2 2 3 1 2 2 1 0 4 2 2 3 1 1 3 1 1 0 0 1 3 2 1 4 2 2 5 1 2 2 0 3 1 4 3 4 3 0 0 2 1 2 3 2 2 1 1 3 1 1 3 3 0 2 4 2 0 3 4 1 0 4 5 3 4 1 3 2 3 1 0 4 3 1 5 1 1 2 1 1 1 1 1 1 3 4 0 4 0 2 5 3 4 1 1 2 1 0 2 2 0 2 3 2 2 2 3 0 5 1 1 2 4 1 0 3 1 3 2 2 1 0 1 2 0 1 0 2 4 2 3 1 1 2 2 2 2 1 1 3 1 2 1 4 1 4 5 0 4 3 1 1 1 4 0 0 8 1 3 1 2 0 3 3 1 2 3 1 2 1 3 3 0 2 1 2 1 2 1 3 2 3 2 1 3 3 1 3 2 2 0 2 1 2 3 2 1 4 3 2 2 2 3 1 3 2 6 1 0 2 4 2 3 1 1 6 2 1 2 0 3 1 4 2 2 0 2 2 0 4 0 4 3 1 1 4 0 1 2 2 4 4 3 1 2 1 3 1 2 1 1 2 4 1 1 0 3 1 2 1 3 3 3 1 5 0 2 0 2 3 2 3 1 3 3 2 2 1 3 1 4 0 3 2 4 0 0 1 2 1 2 3 5 3 3 3 4 1 3 1 0 7 4 2 1 2 1 0 3 0 3 4 3 1 3 3 1 3 0 2 1 3 0 2 1 2 5 2 1 2 2 1 1 2 0 1 3 0 7 1 5 0 3 3 4 0 1 3 3 2 0 4 2 3 1 1 1 2 3 0 3 0 3 2 3 2 2 2 4 1 1 2 1 1 3 1 2 4 1 2 2 3 3 5 2 2 1 2 2 4 0 2 3 2 0 1 0 3 4 3 2 2 3 5 0 1 2 0 2 1 3 3 3 1 3 1 2 1 3 0 2 4 1 2 5 1 0 7 3 3 5 0 2 3 2 3 0 2 3 3 1 3 0 1 3 3 0 1 0 3 1 2 1 4 4 0 1 2 2 2 0 3 1 1 1 1 2 0 2 5 2 0 3 3 2 3 1 1 1 4 1 1 4 3 0 3 2 1 3 2 1 0 2 1 1 4 1 2 5 2 2 1 2 3 3 3 1 1 0 1 3 0 5 3 1 0 0 2 3 4 1 3 1 2 1 2 2 3 1 2 2 0 0 3 1 2 3 3 2 4 2 1 1 1 2 0 4 2 2 2 1 2 3 2 2 1 0 3 2 1 1 3 2 1 3 2 0 1 1 0 2 3 1 3 1 1 3 3 3 4 0 0 0 2 3 2 0 3 0 1 4 4 4 3 1 1 3 0 1 2 4 5 2 3 1 0 1 1 2 0 3 2 0 4 1 3 2 1 2 3 1 2 1 3 1 5 2 2 1 1 2 1 3 2 1 0 1 4 2 1 2 1 4 2 4 0 2 3 1 2 2 1 4 1 1 0 0 4 3 1 2 0 4 3 0 2 4 4 2 1 2 3 2 0 1 1 4 4 1 4 1 1 4 0 3 2 1 3 0 1 3 3 1 1 2 1 1 3 5 0 1 3 2 4 3 1 1 0 2 2 3 3 3 0 2 1 3 1 3 1 0 1 1 3 2 2 1 4 2 5 1 1 3 3 3 3 3 3 2 3 3 1 7 0 2 1 2 1 2 3 2 1 2 5 0 1 0 3 2 6 1 3 3 2 2 0 3 0 0 3 4 3 3 0 1 2 1 1 5 1 2 2 1 2 4 0 0 3 3 2 2 1 0 0 2 2 1 0 6 2 3 3 3 2 1 1 3 2 1 0 0 1 3 2 0 2 3 2 1 1 4 1 2 1 4 3 1 1 1 2 1 2 2 1 3 2 3 1 2 2 0 2 4 3 5 2 0 2 3 5 3 2 2 1 4 1 0 2 3 1 2 1 1 3 2 1 4 0 2 1 3 2 2 4 0 1 2 0 1 2 1 0 3 2 2 1 3 2 3 3 0 0 1 3 1 6 1 4 5 1 1 3 0 1 0 1 3 2 1 5 1 2 3 5 2 1 2 3 1 3 1 2 6 0 2 1 2 3 4 1 1 5 3 0 3 2 5 0 1 1 3 2 2 3 1 3 1 2 4 1 2 2 2 1 3 0 2 2 1 3 3 2 2 2 1 0 1 2 3 1 1 1 3 1 4 2 3 3 1 3 0 1 0 5 1 1 2 3 1 4 2 2 2 2 0 1 2 0 3 2 3 2 3 1 0 4 2 1 2 4 2 2 3 4 2 1 0 2 3 1 3 2 0 0 3 3 0 2 6 1 1 1 0 0 0 1 4 1 6 2 3 1 3 3 1 1 0 2 1 4 2 3 2 2 1 1 4 0 3 1 1 4 1 0 2 1 5 2 1 3 2 2 6 1 2 1 3 0 5 1 1 1 2 0 4 1 1 3 4 1 4 0 1 0 3 2 3 2 2 3 0 0 1 1 2 3 4 1 1 3 1 4 1 1 3 0 1 2 3 3 1 3 1 0 0 2 1 2 2 3 1 2 2 3 1 1 2 3 2 2 6 1 1 1 2 1 3 5 1 2 3 0 0 1 2 5 2 3 0 0 1 3 2 2 2 1 3 2 1 2 1 3 3 2 3 1 0 3 0 3 0 0 3 3 1 1 3 1 1 3 2 1 2 2 2 2 1 2 1 0 4 3 0 2 2 0 2 3 1 3 2 3 1 2 4 2 0 3 1 3 2 3 2 2 1 1 8 0 2 1 2 0 5 0 1 1 1 1 1 3 1 2 4 2 2 0 3 2 2 1 1 4 0 1 4 3 2 2 3 0 2 2 6 0 2 3 3 2 0 2 1 3 2 4 1 2 2 0 3 1 3 0 1 1 1 3 3 1 2 3 2 1 0 2 1 3 1 5 4 4 1 0 1 1 0 2 2 2 2 2 2 3 1 3 2 4 3 3 3 3 1 2 0 3 4 3 1 1 3 1 2 0 1 3 5 3 4 1 1 2 3 3 0 1 1 2 1 2 2 2 0 4 3 3 0 2 1 1 3 3 3 1 3 7 3 3 0 3 4 2 1 0 1 1 5 2 4 2 3 4 2 3 2 2 2 2 0 2 1 4 1 0 2 5 3 3 2 1 0 1 0 1 4 5 3 1 1 0 4 1 2 4 3 0 0 2 1 1 0 5 2 3 2 1 3 2 1 2 1 1 1 3 1 2 0 2 1 2 1 1 1 2 5 1 3 1 2 2 3 2 1 1 2 1 4 1 0 1 5 4 0 0 1 2 1 5 3 2 1 1 2 0 0 1 2 3 1 2 2 1 3 3 3 0 1 1 1 1 2 1 1 4 3 2 1 1 2 2 3 1 4 4 4 0 1 1 3 3 0 1 3 3 1 3 2 3 1 0 1 1 2 0 4 3 1 3 3 2 4 1 3 1 2 2 1 1 1 3 3 2 3 1 1 4 4 3 2 3 1 3 1 0 2 2 2 4 3 2 0 3 2 1 0 2 1 4 2 1 3 2 4 3 2 4 2 2 2 2 1 0 2 1 3 2 1 3 4 2 0 8 0 3 3 3 0 4 4 0 1 3 2 0 3 1 4 4 4 2 3 2 2 4 0 3 3 2 4 2 2 2 1 2 3 1 6 0 3 2 3 5 2 0 1 0 1 0 5 1 1 2 0 3 2 1 0 1 0 2 0 3 4 3 4 1 2 2 0 3 0 2 0 1 0 0 1 2 2 1 2 5 2 0 3 2 1 4 1 4 3 0 1 1 1 5 0 4 1 3 1 3 1 3 1 2 2 3 0 0 3 2 1 1 3 0 4 3 1 7 3 1 4 0 2 1 2 1 3 5 1 1 2 1 1 1 2 2 0 2 2 3 4 2 4 3 4 3 4 4 3 0 1 2 3 0 0 0 1 3 6 2 1 2 0 0 3 2 2 2 0 2 1 0 1 1 0 1 2 3 1 4 4 2 2 0 3 2 0 2 4 5 2 1 1 3 2 2 5 0 1 3 2 3 2 3 4 0 3 0 2 1 2 2 3 2 1 3 2 1 2 2 2 5 1 1 4 1 3 1 2 3 2 5 0 2 3 3 2 4 0 0 0 2 1 3 2 1 1 1 3 1 2 3 3 0 0 1 1 3 0 1 1 2 2 0 2 1 1 2 1 4 1 3 5 1 1 3 4 3 0 0 1 1 3 2 4 2 4 1 2 1 4 1 3 1 0 0 2 3 2 2 2 3 1 0 0 3 1 1 1 3 3 1 1 3 0 4 2 2 3 1 0 0 4 2 2 3 1 2 5 6 4 3 2 2 0 4 1 3 1 1 1 1 2 2 0 1 3 2 1 2 1 2 2 0 1 1 1 3 3 4 1 2 0 1 0 1 3 4 1 0 2 4 2 2 1 2 3 3 4 3 3 3 2 0 0 2 3 4 1 0 3 3 0 2 1 3 2 1 1 5 2 1 1 2 2 1 0 1 4 4 0 2 1 3 4 3 1 1 1 4 4 0 1 1 1 2 2 0 5 3 2 2 1 2 2 1 1 2 2 2 4 1 3 1 2 2 0 3 3 2 1 1 1 3 4 0 1 3 0 4 3 1 3 1 1 2 3 0 1 2 1 4 3 0 1 0 0 1 3 1 3 1 0 5 3 0 1 2 2 2 3 2 3 1 1 0 1 1 1 5 3 2 2 1 1 2 3 0 4 6 5 2 2 4 2 3 0 4 1 2 0 1 5 2 2 1 1 2 1 2 2 3 1 1 1 3 4 3 3 0 3 0 3 1 1 2 3 3 1 3 2 5 3 2 2 3 3 2 0 2 4 2 2 2 1 0 4 2 3 1 1 5 2 0 4 2 1 3 1 1 2 3 4 4 0 0 1 2 1 4 4 1 4 1 1 2 3 2 1 4 2 3 2 1 1 0 2 4 0 6 3 0 2 4 1 2 0 3 4 1 4 4 3 5 2 2 2 0 4 3 2 4 1 3 2 0 2 1 3 2 4 2 1 3 3 2 1 2 2 2 2 2 1 0 2 2 1 2 2 3 2 0 4 2 0 3 3 1 3 2 1 2 0 2 3 1 1 4 1 1 1 1 2 1 5 1 1 3 2 0 1 2 3 2 4 2 3 1 4 0 2 3 1 4 2 0 1 2 1 3 3 0 1 2 4 2 4 0 4 2 0 1 1 1 2 0 2 4 0 3 2 3 3 1 1 2 0 3 3 2 3 1 3 3 2 0 2 3 1 2 2 2 1 2 3 0 3 1 6 3 1 0 4 1 0 1 1 3 2 2 4 2 2 1 2 1 1 4 2 2 1 1 3 1 2 4 4 2 1 2 1 1 1 2 2 0 5 4 1 5 1 1 1 3 1 1 3 1 1 1 2 2 7 0 1 0 2 1 0 1 4 2 1 1 1 4 5 1 3 0 4 1 4 0 1 6 3 1 1 1 1 0 2 1 4 3 1 1 2 1 4 2 3 0 3 5 2 1 2 3 1 1 1 0 6 0 3 1 0 2 2 0 3 2 4 2 3 0 3 4 0 2 2 2 0 6 1 0 3 1 3 4 2 4 1 3 3 3 1 2 4 1 1 2 4 4 1 1 5 3 2 0 3 2 1 0 5 0 1 0 0 0 3 1 2 6 1 1 0 1 2 1 3 5 0 5 0 3 3 3 0 3 1 1 1 0 1 1 0 1 1 3 3 4 1 4 1 2 0 0 2 1 0 3 1 6 1 5 1 4 1 2 3 3 0 1 0 3 2 3 4 2 2 0 0 0 4 1 5 3 1 0 3 3 2 0 1 5 1 2 1 2 3 3 1 0 3 4 3 1 1 0 1 2 3 1 2 1 3 2 2 3 1 6 2 1 1 1 2 0 1 2 1 1 2 2 2 0 5 0 1 0 3 1 3 1 3 1 1 2 1 0 2 2 0 1 4 0 1 2 1 2 1 4 1 3 0 2 3 5 3 3 1 0 2 0 1 1 0 4 2 3 2 0 2 2 2 2 2 2 1 1 0 2 5 3 3 1 3 4 0 2 1 5 2 2 2 0 1 0 3 3 2 2 5 0 0 1 3 2 1 1 2 3 4 2 3 1 0 4 0 1 0 4 1 5 1 0 1 0 1 2 2 2 2 1 2 2 2 4 1 2 3 2 3 1 3 1 3 1 1 1 3 1 1 2 0 1 1 3 2 3 2 2 1 0 1 2 2 2 3 2 2 1 6 1 2 1 3 3 4 0 1 2 2 3 3 2 4 3 4 2 0 3 1 3 0 2 3 1 0 2 2 2 4 1 2 3 0 1 0 1 0 1 2 2 4 2 5 1 1 1 2 4 1 2 1 3 3 3 1 2 2 1 1 1 1 3 1 0 2 1 1 5 0 0 2 0 3 4 4 3 3 1 3 1 2 1 1 0 2 1 2 5 1 1 2 0 2 1 1 1 3 2 2 1 2 0 1 2 4 1 1 3 3 3 5 2 1 3 5 1 1 1 3 2 1 2 1 1 2 0 3 2 3 2 1 2 2 3 0 2 2 1 0 2 2 5 4 0 4 1 3 0 5 3 5 2 3 3 1 2 0 1 2 1 6 1 1 2 1 1 4 1 0 3 3 1 3 4 3 4 0 1 2 2 0 2 1 1 1 2 3 1 2 7 2 0 1 1 1 1 1 2 1 2 4 1 3 1 0 0 2 5 1 2 0 1 2 2 3 2 4 0 0 3 1 2 2 0 3 2 2 2 2 0 1 2 1 1 1 3 2 0 1 2 1 3 2 2 1 3 1 2 2 4 2 2 2 6 1 1 1 0 6 1 0 1 1 3 2 3 2 4 1 1 1 2 2 2 2 2 2 0 2 2 1 4 0 0 2 3 1 2 3 1 1 1 0 3 2 3 2 3 0 1 3 1 1 1 1 3 0 2 1 3 6 4 0 2 2 2 2 2 1 2 1 2 4 4 1 5 1 2 1 2 0 4 3 2 0 3 2 2 2 1 5 2 1 0 1 2 3 1 0 4 4 3 4 1 0 1 2 1 1 3 4 1 1 2 4 2 3 1 0 0 6 2 2 2 0 1 3 1 1 3 3 5 1 0 3 1 3 1 1 2 2 3 0 5 0 2 2 0 1 0 0 2 1 0 4 1 2 3 1 1 4 3 2 1 1 2 1 1 1 6 2 1 3 2 1 1 1 4 1 3 3 3 2 2 2 2 1 2 0 2 2 2 3 0 7 3 2 4 3 2 2 3 1 2 3 1 2 1 3 2 1 1 1 2 2 1 1 5 1 2 2 2 1 1 3 2 2 2 3 5 2 2 2 0 3 2 1 1 0 2 1 0 2 2 1 3 1 1 3 1 2 1 2 1 2 3 4 3 1 0 4 3 3 1 2 2 2 1 1 0 2 2 4 1 1 4 0 1 1 1 4 2 2 3 2 1 0 2 2 1 2 2 1 1 4 2 0 2 3 2 0 0 1 3 3 1 4 3 3 2 1 3 0 0 6 1 4 4 2 2 1 2 0 2 5 3 2 1 1 0 5 3 1 0 2 1 3 3 2 3 4 0 2 1 2 3 2 0 1 4 0 4 5 1 2 0 2 2 1 1 2 2 1 3 1 3 3 0 1 0 2 2 3 1 3 3 2 3 4 3 2 4 2 1 2 1 3 1 2 0 1 2 2 4 1 2 1 1 3 3 0 2 2 4 0 2 1 1 3 1 5 1 2 3 2 3 2 0 3 2 1 2 1 4 2 2 3 4 2 0 4 1 4 3 4 2 3 4 2 4 0 3 0 2 1 4 0 3 3 5 3 1 2 1 3 1 3 2 5 1 3 4 1 1 2 5 2 3 1 1 1 2 1 2 1 5 0 3 1 3 1 2 0 5 2 5 4 3 3 3 3 2 2 2 1 3 2 4 4 2 1 3 2 2 1 4 3 1 2 2 1 4 3 4 1 0 0 1 3 0 1 5 2 3 2 1 4 3 2 1 4 1 3 2 3 2 1 0 2 3 1 3 0 6 3 5 1 4 2 0 1 3 3 1 0 3 2 1 0 1 3 3 1 3 2 2 2 3 2 4 2 10 1 1 1 1 2 0 0 3 1 2 3 1 1 3 4 3 1 2 1 2 1 1 4 3 2 1 4 1 3 2 3 4 1 5 1 2 1 6 1 3 5 3 0 0 1 1 2 3 1 1 2 3 0 3 1 2 1 3 2 0 1 4 4 2 2 3 2 3 0 3 2 6 0 0 2 1 4 4 5 1 1 1 0 2 0 2 4 1 3 7 2 2 1 2 1 2 1 0 3 1 2 3 2 0 3 4 3 0 1 3 1 3 0 0 0 3 1 3 1 2 1 1 1 2 2 5 2 0 3 1 2 0 2 1 0 1 2 0 0 3 4 1 0 3 0 3 1 3 1 2 1 2 3 4 2 3 3 3 2 1 3 0 1 1 2 2 4 1 2 5 2 1 1 3 0 3 1 1 2 0 5 4 0 1 3 2 2 0 1 2 1 2 2 2 2 2 2 3 5 3 2 1 0 3 0 1 1 2 3 2 3 0 3 0 5 1 2 1 1 3 1 2 2 5 2 3 1 0 4 3 3 2 1 3 0 0 3 1 3 3 4 5 2 1 1 1 4 2 2 1 1 1 2 5 1 0 1 3 0 2 1 2 1 2 3 2 0 4 2 1 2 4 1 4 1 0 3 5 1 1 3 2 1 3 1 4 4 3 3 2 1 1 3 0 1 2 3 5 2 3 2 0 4 1 3 2 3 2 0 3 2 2 2 2 1 3 1 1 3 3 1 1 1 1 3 3 4 1 3 1 4 0 3 2 1 1 2 3 1 1 1 1 2 2 2 3 3 1 0 3 1 1 2 0 3 2 2 3 2 3 2 3 1 3 1 0 2 0 1 2 4 1 1 0 2 3 2 1 2 1 6 2 1 0 3 0 3 2 2 4 2 3 2 2 1 3 0 1 2 1 3 3 1 1 3 3 3 1 3 2 1 1 2 2 0 5 2 1 3 2 2 1 1 0 1 3 4 0 0 3 0 0 1 3 5 5 2 1 0 1 1 3 2 3 0 1 1 4 0 3 1 2 2 3 1 3 3 2 0 0 1 3 1 3 2 1 4 4 0 1 5 3 6 4 1 2 2 4 2 1 3 5 1 4 2 1 2 4 3 3 2 1 2 4 1 2 1 4 1 4 0 0 2 3 6 2 0 2 2 0 3 4 2 4 3 3 1 0 1 2 3 2 6 0 2 0 1 2 0 2 1 3 2 5 3 0 3 2 4 0 2 4 0 2 3 2 3 2 1 1 2 3 4 2 4 2 0 1 3 2 2 1 3 2 1 3 1 2 2 1 3 0 2 0 0 0 2 2 2 2 3 3 2 3 3 1 1 1 2 3 0 0 5 1 2 3 2 2 1 0 2 4 3 3 3 3 4 1 2 0 1 2 1 0 2 1 3 2 2 1 2 2 4 3 2 0 3 3 3 2 2 0 4 4 4 4 2 2 4 1 2 0 8 0 1 1 1 1 2 4 3 1 1 1 3 1 1 4 3 4 2 2 1 1 3 3 1 1 0 4 0 4 4 2 1 1 0 1 2 1 4 1 4 2 5 2 1 1 1 0 2 0 1 4 1 2 2 2 2 4 0 2 4 3 2 2 1 3 5 0 1 4 5 2 3 1 1 3 2 2 1 2 2 5 1 2 1 3 3 2 2 0 0 1 2 1 1 2 2 4 1 2 1 1 1 1 2 3 2 3 3 1 0 4 1 1 5 0 3 0 1 2 3 2 2 4 2 1 1 3 0 3 1 1 2 1 2 3 4 1 3 2 4 2 7 1 2 2 3 0 0 1 4 1 0 1 0 2 3 1 3 2 1 5 1 1 1 0 1 1 1 5 0 3 4 1 3 2 1 2 5 1 2 3 2 2 2 2 3 3 1 1 3 1 2 3 2 2 1 0 3 1 1 0 3 2 2 2 4 1 0 2 1 2 3 1 1 3 2 0 6 3 1 0 0 4 2 1 3 5 4 0 1 4 2 0 0 1 1 4 3 5 1 1 2 3 2 1 2 3 1 0 3 1 0 3 3 2 2 6 1 1 3 2 1 1 2 3 0 0 3 2 1 3 3 4 3 1 1 2 0 2 4 3 1 2 2 2 1 4 0 0 3 4 2 2 0 0 1 2 2 2 3 1 3 2 2 2 2 0 3 2 1 1 3 2 3 5 1 2 4 0 1 0 3 1 3 4 2 0 6 2 2 1 3 2 4 3 3 2 3 1 0 1 2 2 3 2 1 3 2 3 3 2 2 0 0 2 1 1 1 1 1 1 0 2 3 3 2 0 4 4 3 3 0 2 2 0 1 2 3 2 1 1 5 2 1 1 2 2 6 3 1 3 1 1 3 1 5 1 1 1 4 3 0 2 3 2 2 4 2 0 1 1 5 2 3 4 3 0 1 0 2 2 2 0 2 1 2 4 2 1 0 0 3 0 2 3 1 3 2 3 1 2 2 4 1 1 0 1 5 2 2 1 1 2 2 1 4 3 2 2 2 2 1 1 5 4 2 2 0 0 5 1 4 3 0 3 3 3 0 1 1 1 0 2 1 5 0 2 3 2 0 2 4 2 2 0 2 3 2 4 1 0 3 0 3 2 1 1 2 1 3 3 2 1 3 1 4 4 1 2 4 2 1 1 1 0 2 1 3 1 1 2 1 3 2 3 2 2 1 1 3 1 0 2 7 1 1 3 3 5 1 2 2 0 6 3 1 2 5 2 0 0 0 4 1 1 2 2 2 2 2 3 6 2 1 6 0 1 2 2 0 1 3 4 2 1 7 2 1 1 5 2 1 1 3 2 1 1 1 5 2 3 2 2 1 0 0 1 1 0 2 3 1 0 3 0 2 0 1 1 3 2 2 4 5 2 2 1 1 0 1 4 0 3 0 3 1 3 2 0 1 7 1 2 0 2 3 3 2 2 0 3 3 1 4 0 1 0 4 0 1 3 1 1 1 3 1 0 2 2 2 0 0 5 5 1 1 1 2 3 2 3 1 2 2 3 1 1 1 0 0 7 3 3 2 2 2 2 0 4 2 6 2 1 2 1 3 2 0 2 6 4 1 2 2 2 1 1 4 1 2 0 2 1 1 3 1 2 3 3 6 2 1 1 1 1 2 1 1 2 2 4 1 3 1 0 1 2 1 2 4 2 1 0 2 0 4 6 2 2 1 3 1 0 5 0 1 4 2 3 2 2 2 3 3 0 2 1 4 6 1 2 0 1 3 0 4 1 3 2 3 3 3 2 4 1 3 3 3 1 2 0 3 1 1 1 0 3 3 4 1 1 2 1 0 2 0 6 0 3 3 2 3 2 0 0 1 0 3 4 0 3 1 3 1 0 0 2 3 1 5 4 2 2 2 1 1 2 4 1 4 2 1 1 2 2 2 0 2 2 0 3 2 1 0 3 3 1 3 3 1 2 0 2 1 3 2 1 4 0 2 0 3 2 2 0 3 2 1 3 0 2 3 3 2 0 2 3 3 3 6 0 0 3 3 1 2 2 6 0 3 3 3 3 4 1 4 1 2 4 0 1 0 1 3 2 5 1 1 1 3 0 4 1 0 1 1 2 3 1 2 1 2 0 2 1 2 4 2 0 1 1 0 5 3 3 4 3 0 2 0 1 1 1 1 1 3 1 2 1 1 4 5 0 2 1 1 2 1 2 1 1 3 5 3 0 1 2 1 3 3 0 3 3 1 0 1 2 3 1 2 1 0 2 1 5 0 3 4 4 1 3 1 3 0 0 5 0 3 2 0 1 2 3 3 4 1 2 0 2 4 3 1 0 1 3 1 2 1 4 0 3 1 3 0 2 2 1 1 2 1 2 2 4 0 2 2 4 2 1 3 3 2 1 2 2 3 1 2 0 1 1 1 1 2 4 2 1 4 4 2 1 0 0 4 0 2 4 1 3 1 2 0 3 4 1 5 1 3 3 0 1 1 1 4 0 6 1 2 0 1 5 2 0 3 1 0 3 1 2 1 4 2 2 2 2 0 1 3 3 0 2 2 3 2 0 1 1 2 1 1 1 0 3 2 2 9 1 3 3 1 0 3 4 2 1 0 3 2 0 2 3 3 2 2 4 2 0 0 1 5 2 1 2 3 6 0 1 2 2 2 0 1 1 3 2 2 5 2 3 1 1 3 0 0 2 2 2 0 1 3 0 0 3 4 3 3 2 0 2 6 1 0 3 3 1 3 2 4 1 3 2 4 0 0 2 2 0 0 3 1 2 3 4 0 0 0 1 5 1 1 5 0 0 0 4 2 1 2 3 2 4 1 4 3 1 1 0 3 4 2 0 1 3 2 2 1 1 2 1 0 3 3 5 2 0 0 1 5 0 1 1 0 4 2 1 1 4 0 1 1 2 1 3 2 2 2 2 1 2 1 1 2 1 1 0 4 3 5 1 2 1 1 1 3 4 4 3 2 2 2 1 1 3 5 4 1 1 4 4 2 0 1 4 1 1 0 3 2 2 2 1 1 3 3 3 4 2 3 2 2 0 1 2 2 3 0 2 1 0 1 3 3 3 0 2 1 3 1 4 1 2 4 1 2 1 1 4 3 1 3 4 2 4 4 3 2 0 1 2 2 2 1 0 3 5 3 1 2 2 2 3 1 3 4 1 0 6 1 3 2 2 1 3 0 4 1 2 0 2 5 3 3 0 1 3 3 2 2 3 1 2 0 4 1 5 2 1 2 2 3 2 2 1 1 4 2 1 1 1 1 1 0 3 5 2 3 0 1 1 3 2 5 0 1 4 1 2 3 1 2 0 3 1 2 1 0 4 3 5 1 3 0 3 0 3 1 0 1 1 5 2 1 5 2 0 2 0 3 1 1 4 3 1 3 2 4 1 4 0 4 1 1 4 3 1 0 1 3 0 5 2 3 2 3 4 1 0 3 1 1 2 3 5 0 1 1 0 0 0 1 2 0 3 1 1 1 2 1 1 2 1 1 2 4 2 2 3 1 3 0 1 0 0 3 1 4 2 2 1 2 3 0 1 2 1 3 2 3 2 5 1 2 2 3 3 4 0 4 2 3 5 0 1 2 1 3 4 3 3 2 0 3 1 1 5 2 7 3 1 1 5 1 2 1 3 0 1 0 3 3 1 2 1 2 2 2 3 2 0 0 4 3 0 2 2 3 3 3 6 1 3 4 1 1 2 2 0 1 4 4 3 1 2 0 4 4 2 1 2 2 4 5 1 5 0 0 5 2 2 0 1 2 1 3 1 4 1 4 5 2 1 2 2 2 3 3 2 2 2 2 1 3 0 3 5 0 1 1 2 1 1 1 2 3 4 3 3 1 0 0 0 3 1 4 2 3 2 1 0 0 1 4 1 1 3 2 1 0 6 0 3 2 2 3 0 0 3 2 3 4 3 5 1 2 2 0 1 0 2 3 1 4 2 2 4 2 1 2 2 0 2 4 2 1 0 2 0 1 0 3 1 2 2 5 3 1 4 3 2 1 2 2 0 0 3 3 4 2 2 1 4 0 3 0 1 2 1 3 3 3 1 0 2 2 4 1 2 1 7 0 4 1 0 4 1 1 1 2 3 1 1 2 2 4 3 1 4 0 3 0 2 1 0 1 1 3 3 4 2 4 0 3 2 3 4 3 5 1 1 1 1 1 2 1 2 4 2 1 0 4 0 2 2 3 3 1 1 0 1 0 1 1 3 1 3 3 1 3 1 4 0 3 2 2 4 0 0 2 1 1 4 0 4 4 2 5 2 1 1 2 3 2 2 3 1 1 4 1 3 1 1 0 2 4 1 1 1 4 2 0 0 1 1 3 1 0 1 3 0 4 3 5 1 1 2 2 0 3 1 1 3 3 1 2 0 0 1 5 3 2 1 0 0 1 2 2 0 1 1 1 1 4 0 2 3 3 3 3 2 1 2 3 1 1 1 5 0 1 1 1 2 0 3 4 1 1 2 3 0 1 3 3 1 5 3 1 3 0 2 0 2 1 4 3 3 1 6 3 0 4 1 2 4 3 1 3 3 2 1 0 0 2 0 1 5 2 0 1 4 1 1 1 1 1 1 1 0 1 1 2 2 1 1 3 5 1 0 1 1 1 2 2 2 3 3 2 3 1 1 3 2 1 1 3 1 0 3 0 4 7 1 4 2 2 0 0 4 1 1 5 2 2 2 2 1 2 3 3 0 2 2 2 2 3 2 2 2 3 1 0 3 5 0 3 1 0 0 6 1 1 1 0 2 2 1 1 1 1 2 2 3 5 3 0 1 0 1 3 1 0 2 3 3 1 1 1 2 2 2 2 2 2 3 2 1 2 2 3 2 1 1 2 0 2 2 1 2 1 4 3 2 3 3 2 2 2 1 4 2 0 2 2 2 2 2 0 2 2 2 0 3 2 2 4 4 3 3 1 0 1 0 3 1 4 1 2 4 2 0 1 0 3 2 0 2 4 0 0 2 1 3 3 3 2 0 0 1 2 0 2 2 2 0 2 2 3 2 0 0 2 4 3 2 1 2 3 1 2 1 1 2 1 2 3 1 2 3 1 2 2 3 2 4 1 1 1 0 3 2 1 0 1 3 3 2 3 1 4 0 1 2 0 1 1 2 1 2 3 4 1 1 1 1 1 3 2 4 3 3 3 2 2 1 1 0 2 1 1 2 6 3 1 1 1 1 1 1 1 2 1 2 3 2 2 3 1 2 1 2 0 1 4 2 1 2 1 1 3 1 5 1 1 3 1 1 0 3 6 1 3 2 1 3 1 1 3 2 2 4 2 2 1 1 4 2 0 1 1 4 3 0 2 1 1 2 2 1 1 4 1 2 1 3 4 2 2 3 3 1 2 1 1 0 1 0 2 4 1 3 2 4 2 1 1 2 0 1 4 1 2 2 2 3 2 2 4 3 1 2 3 2 0 1 1 0 4 2 4 2 1 0 4 2 1 0 2 1 3 1 1 1 3 4 1 3 3 4 3 2 3 4 2 2 1 2 3 1 3 3 0 2 1 2 4 3 3 4 2 0 0 2 2 2 3 2 3 0 1 3 3 1 2 2 4 1 2 4 2 1 3 1 1 2 2 0 2 0 3 1 3 0 3 1 1 5 1 6 1 4 1 2 1 3 2 3 3 1 4 0 0 2 2 3 3 3 2 1 3 1 2 3 1 4 1 2 4 5 2 2 3 2 2 1 2 0 3 4 1 2 1 1 2 1 4 2 2 3 3 1 4 1 3 1 0 2 3 2 4 5 1 1 4 2 1 1 0 0 1 1 2 6 3 2 1 1 7 2 2 2 2 2 3 0 0 2 2 2 2 3 0 3 3 2 1 2 2 1 5 1 1 3 2 1 3 4 5 1 1 1 2 1 1 1 1 4 1 4 2 4 1 0 1 3 2 2 2 1 1 3 2 2 1 3 2 0 4 0 2 2 3 0 4 1 1 3 2 0 6 1 2 2 2 3 3 1 3 2 2 4 2 0 3 3 1 1 0 1 3 2 4 0 3 1 1 0 1 2 2 3 2 3 3 0 2 3 1 1 3 2 2 1 1 3 3 2 4 3 2 2 3 3 0 2 0 4 2 1 0 3 4 0 1 5 1 4 2 0 2 1 1 1 3 4 4 1 2 2 1 3 1 2 1 4 2 3 2 4 4 2 3 0 3 3 4 0 1 0 0 3 3 1 2 4 2 0 6 1 3 2 2 0 1 2 2 3 0 4 3 2 1 2 2 0 1 1 4 1 2 2 1 1 5 2 1 3 3 2 0 4 1 2 1 3 3 3 1 5 1 3 1 0 1 1 1 2 4 2 3 1 3 0 4 2 0 4 0 3 1 4 3 1 2 2 4 2 1 2 3 2 2 3 0 0 2 1 3 1 1 2 4 0 1 3 2 1 1 3 2 4 2 2 3 2 2 3 2 0 2 0 4 3 2 4 3 2 4 2 1 1 1 1 2 1 3 1 2 3 2 1 0 1 1 1 2 2 4 3 1 2 5 2 0 1 0 4 2 0 3 0 2 2 3 2 1 1 4 1 2 2 3 2 0 3 2 1 3 2 3 1 2 5 2 0 2 1 2 1 2 2 4 2 2 3 2 0 3 2 1 3 4 3 2 0 2 1 1 2 3 0 0 2 3 4 2 3 2 3 2 1 1 0 1 3 3 2 0 3 1 1 5 3 1 1 1 3 2 3 1 2 5 1 0 2 1 1 4 3 4 1 2 0 1 5 4 4 1 2 3 3 1 2 1 1 4 6 0 3 2 1 1 1 0 4 1 6 3 0 2 2 2 3 3 1 0 2 1 5 1 2 6 5 0 2 1 1 0 2 2 1 4 0 0 2 1 2 4 2 1 0 2 2 3 0 1 2 1 3 1 1 2 2 3 0 0 2 2 0 1 6 2 0 3 0 1 3 0 2 1 3 1 4 1 4 3 2 1 2 1 2 2 2 3 4 2 2 1 2 4 4 2 1 2 1 3 1 2 3 2 1 0 1 2 2 3 0 5 1 0 2 2 2 2 2 1 2 1 1 0 1 1 2 0 0 3 0 4 1 2 1 3 2 1 2 3 1 2 4 2 4 2 3 1 3 0 1 4 1 1 2 2 2 3 0 1 3 0 3 1 3 1 0 5 0 2 1 2 2 2 2 1 2 1 2 3 3 0 3 1 2 1 2 0 5 1 0 4 4 3 2 3 2 1 2 2 2 1 1 2 3 3 1 1 0 3 1 1 1 1 1 2 2 1 7 1 0 1 1 3 2 2 0 3 1 2 4 2 0 2 5 2 1 2 3 1 3 2 0 0 3 2 2 3 0 5 4 0 1 0 4 3 1 1 4 2 3 3 0 1 4 3 0 3 1 1 3 1 3 0 4 2 1 4 1 4 1 0 4 0 2 0 3 2 2 5 3 1 4 2 3 3 3 0 0 3 2 3 2 0 2 0 2 2 3 0 5 2 3 1 5 1 2 4 2 2 1 2 2 1 2 5 4 2 2 2 2 3 0 0 1 2 2 3 4 2 2 1 1 4 1 1 0 2 0 2 1 3 1 1 0 2 2 1 4 4 0 1 0 2 1 3 3 3 2 1 1 0 2 2 1 6 2 3 5 4 2 3 1 1 2 3 3 2 3 1 2 3 2 2 2 1 1 2 3 2 0 1 0 6 2 3 3 2 2 4 2 3 2 3 3 1 1 1 4 1 3 2 2 3 2 1 2 3 3 3 1 1 2 3 2 4 3 3 0 2 2 5 0 6 0 3 1 3 0 0 2 1 0 2 1 2 1 1 3 1 1 3 1 4 4 2 1 4 4 2 4 0 0 3 1 2 1 0 2 1 4 2 2 5 1 1 1 3 1 1 2 2 7 1 4 0 3 1 1 3 2 1 3 1 4 1 2 1 0 0 4 1 2 1 3 1 6 0 3 2 2 2 3 3 0 0 0 0 2 1 5 0 2 3 3 2 4 3 1 2 1 4 1 2 2 1 1 3 2 1 3 1 3 1 1 2 2 4 1 3 1 1 0 1 0 4 0 4 2 2 2 2 4 2 3 0 5 1 1 1 2 1 0 1 3 0 1 1 1 2 1 3 0 1 0 3 2 3 3 1 2 2 4 1 2 0 1 2 2 4 3 1 1 1 3 2 2 0 2 0 2 0 3 4 5 2 1 0 1 1 1 4 2 1 3 0 2 0 2 5 4 1 1 0 4 2 3 3 2 0 2 2 1 2 2 1 2 2 3 2 2 3 3 0 2 2 1 1 3 1 2 2 1 3 1 1 2 3 2 4 2 2 2 5 2 3 5 2 1 1 0 1 2 4 2 2 2 1 1 0 2 0 2 3 1 5 1 3 0 1 3 2 2 3 1 1 3 2 4 1 2 0 7 1 3 1 3 1 0 2 0 6 2 1 6 3 3 1 3 1 3 2 2 4 1 1 4 2 0 2 0 3 1 4 2 1 2 2 0 2 2 4 0 1 0 5 1 5 0 1 3 2 3 1 4 1 1 1 1 3 3 1 1 3 2 3 3 2 1 2 2 0 1 0 1 6 2 2 3 0 3 2 2 2 0 4 1 3 1 3 7 4 1 1 1 1 1 3 5 2 2 2 3 2 3 2 1 1 1 1 5 1 1 0 1 0 3 2 1 6 3 1 2 2 0 2 0 5 0 3 3 2 2 1 0 1 1 1 0 5 2 3 2 6 3 1 2 0 0 4 2 1 0 1 0 3 3 2 3 4 2 3 4 2 0 1 0 0 1 2 0 1 2 1 1 1 0 2 2 5 6 1 1 0 1 2 5 1 0 0 2 3 3 3 2 2 2 3 0 1 0 3 0 1 2 2 2 3 0 0 4 0 2 1 2 2 2 0 3 3 2 1 0 2 3 2 1 2 0 1 2 1 2 4 2 3 3 2 0 3 1 2 1 1 2 2 3 1 1 5 1 2 4 0 2 0 2 2 1 2 2 2 2 1 2 2 1 0 2 2 2 4 1 0 1 1 3 3 3 3 3 1 1 3 3 3 1 1 3 1 3 0 2 4 3 3 3 3 2 1 1 0 3 6 1 0 3 2 5 1 1 2 0 0 1 2 1 5 1 2 6 5 1 2 1 2 3 0 4 1 2 2 5 1 1 0 2 4 0 4 3 0 2 2 1 3 3 2 1 2 1 1 0 1 2 0 2 5 4 3 0 0 1 2 2 0 2 0 1 3 0 3 0 3 2 1 2 2 0 6 2 2 0 3 2 3 3 0 0 3 0 0 2 1 2 1 2 0 0 1 0 1 2 1 1 4 2 3 2 1 3 2 2 3 2 2 3 1 0 2 3 0 1 1 3 3 2 0 1 3 2 1 3 2 5 2 2 2 4 1 3 1 3 2 0 1 2 1 3 3 5 1 1 1 2 1 5 2 2 1 1 3 5 4 1 1 4 0 3 2 1 3 0 1 2 4 5 2 1 2 3 2 5 0 0 2 1 1 1 4 2 2 1 2 1 2 2 1 3 2 1 4 1 5 1 2 2 4 1 2 1 2 3 2 2 2 6 2 3 3 1 2 2 2 1 2 3 5 1 1 4 2 1 2 2 4 1 1 3 2 3 1 3 2 3 2 0 2 1 0 2 2 1 1 2 2 3 0 2 2 3 2 0 1 0 2 1 3 3 1 1 0 5 3 1 1 0 1 2 0 3 2 1 2 2 3 1 1 0 2 3 2 2 1 0 4 4 1 2 2 1 3 0 5 2 0 3 0 4 2 5 1 1 2 3 0 2 2 2 1 3 4 1 4 4 3 1 1 2 3 1 1 2 2 3 0 1 0 2 1 0 2 2 3 4 2 0 1 4 3 4 0 3 2 0 3 2 1 2 2 2 1 1 5 3 3 1 2 1 1 1 2 3 2 1 4 1 0 1 1 3 3 0 2 2 0 0 0 2 3 1 0 0 5 0 1 2 1 5 2 1 0 5 0 1 3 1 4 1 1 1 1 3 3 2 1 2 3 2 2 3 2 1 1 3 1 1 3 2 3 3 3 2 1 0 1 1 5 0 2 1 0 4 4 3 1 3 3 2 1 4 0 1 1 3 3 2 1 0 4 1 0 0 3 1 1 0 1 3 2 1 2 2 3 4 3 0 3 2 0 2 2 1 3 3 2 2 0 4 3 0 1 1 2 0 1 2 4 0 2 3 3 1 4 2 1 0 1 4 3 3 3 5 3 0 1 4 2 3 3 3 1 1 3 2 1 3 2 3 0 1 4 3 0 3 2 4 2 1 3 1 1 2 3 1 5 3 1 1 3 1 1 0 2 3 3 4 3 0 2 4 3 4 1 3 2 5 1 1 3 1 1 2 5 0 1 2 1 2 1 1 1 4 1 1 2 2 2 3 2 1 2 3 2 2 2 1 0 1 2 1 1 2 1 4 3 1 1 1 4 3 3 1 0 1 2 1 0 3 1 6 2 2 3 3 3 1 1 3 1 3 2 3 1 0 3 1 3 3 3 2 4 2 1 3 1 0 2 2 2 2 0 3 3 3 2 2 0 3 4 2 2 1 3 3 5 2 6 2 1 1 4 1 3 1 4 1 0 2 3 1 4 1 0 2 2 3 2 3 2 3 0 2 2 1 2 3 1 9 2 2 0 2 2 1 3 1 2 2 3 2 1 1 1 1 1 0 2 1 4 3 2 3 3 3 1 1 3 0 2 1 0 0 3 3 4 3 1 0 4 2 0 2 2 2 3 2 1 2 2 4 1 3 4 3 3 1 2 3 1 0 1 2 1 2 2 1 1 1 0 2 7 1 3 2 3 1 1 2 0 3 2 3 0 1 3 2 1 0 4 4 1 2 0 2 1 1 1 3 2 5 2 2 2 1 1 1 1 3 1 2 1 3 4 3 3 1 1 2 1 3 4 1 3 3 0 2 0 2 1 1 2 2 2 2 2 3 1 2 2 3 2 0 4 2 2 2 1 1 0 2 4 1 1 0 1 4 2 1 2 5 2 3 1 3 2 4 1 0 1 1 2 0 3 0 5 1 1 0 2 3 1 1 1 1 4 2 5 2 2 1 2 2 2 0 2 2 2 1 3 2 1 2 1 1 2 1 4 2 3 3 1 2 0 3 3 1 3 2 1 2 4 0 2 2 1 2 1 2 6 2 2 2 2 1 3 1 2 3 1 4 2 0 5 5 0 1 4 3 2 3 2 1 4 0 1 2 1 2 4 4 2 1 1 3 3 2 2 1 1 2 2 1 2 4 1 1 1 3 1 2 3 2 2 3 3 1 3 0 1 3 0 2 4 1 2 1 1 2 2 0 4 3 1 3 3 3 1 2 3 3 2 2 3 2 1 0 2 2 3 2 3 4 2 0 4 2 0 1 3 1 1 4 2 1 3 1 2 2 2 1 0 1 0 3 4 3 3 2 2 2 4 1 3 1 1 0 0 1 1 2 5 3 2 2 4 1 2 4 2 2 2 2 2 3 2 2 1 1 0 1 2 2 1 2 3 4 4 0 0 2 4 2 2 2 0 2 2 1 1 4 0 3 2 2 2 3 3 0 0 2 5 1 1 6 2 0 2 1 2 2 1 0 2 1 3 1 2 1 3 3 1 2 2 3 1 1 0 2 2 0 5 3 4 0 2 0 1 2 2 2 1 2 3 2 1 2 0 1 2 1 3 1 0 1 1 0 1 4 0 1 1 1 3 1 2 3 0 2 3 5 1 1 2 4 2 2 0 5 1 1 1 6 2 5 3 1 0 1 1 3 4 1 1 1 3 4 2 3 1 1 3 1 2 1 1 2 3 3 3 1 1 4 3 2 3 3 0 2 2 2 3 0 3 0 3 0 5 3 0 2 0 1 3 5 2 2 1 6 1 1 2 1 1 3 1 2 0 1 0 4 2 4 1 2 2 1 2 4 0 3 3 1 0 0 2 3 0 4 3 0 4 2 0 1 1 2 4 0 3 0 3 2 4 3 2 2 0 1 2 1 3 5 3 2 0 2 1 1 3 1 0 0 4 5 0 1 2 2 2 0 3 2 4 2 4 4 4 2 0 2 1 2 4 1 0 2 3 2 2 0 0 4 1 2 4 1 1 0 2 0 1 4 4 4 0 0 1 1 2 3 3 2 0 1 3 3 1 1 5 0 3 2 3 5 3 2 2 1 0 0 5 2 2 0 1 5 6 3 2 3 2 0 4 3 3 1 2 3 2 0 1 1 1 3 0 2 0 3 3 2 0 0 1 2 2 0 1 6 2 1 2 1 4 3 2 3 1 2 1 3 3 6 0 2 1 3 1 3 2 2 2 1 3 6 2 0 1 2 2 2 2 1 2 2 3 2 0 2 1 2 3 1 2 3 3 3 0 1 2 1 1 2 0 3 1 1 1 1 3 0 2 2 2 1 3 3 5 1 3 3 6 2 1 1 3 2 4 3 0 3 1 1 2 0 1 2 1 2 1 2 1 2 4 1 4 4 1 3 2 1 0 0 1 6 0 3 2 3 0 0 1 3 2 4 2 2 4 0 0 3 4 1 1 2 1 1 4 4 0 2 1 3 1 3 1 1 2 4 2 3 3 1 2 0 1 2 0 1 0 0 3 3 0 2 3 2 1 5 3 2 2 1 4 0 5 1 0 1 1 0 4 1 4 4 3 1 3 1 1 1 2 3 3 1 1 2 1 2 3 6 2 2 3 3 1 2 2 0 2 0 1 1 3 1 2 1 2 3 1 0 3 0 3 2 2 3 2 0 2 1 0 2 1 0 2 1 4 4 1 3 0 2 2 4 0 4 4 2 2 2 2 1 3 0 3 1 4 1 0 1 5 1 3 2 1 3 3 4 2 1 2 0 2 2 1 2 2 2 3 2 1 2 3 0 4 3 2 2 2 1 0 4 1 2 1 1 0 2 2 2 3 3 1 1 1 1 1 2 1 4 3 6 1 2 3 1 1 1 1 1 3 2 5 1 2 2 1 2 1 0 1 2 1 1 2 7 1 1 4 2 3 3 5 3 4 1 1 3 2 2 1 3 2 2 2 2 1 2 5 1 3 0 1 2 1 4 1 3 2 4 1 2 1 3 3 1 1 1 1 0 6 1 2 2 0 0 4 2 0 1 2 1 1 5 1 2 0 3 2 2 1 2 3 2 4 2 1 1 1 2 4 4 1 1 2 4 3 0 2 1 0 0 3 2 1 3 0 3 5 2 5 1 3 0 1 2 3 0 2 3 3 1 2 5 2 1 1 1 1 1 3 2 4 1 2 2 3 3 3 3 2 2 1 2 3 4 1 0 1 1 2 1 2 1 0 1 3 4 1 3 0 0 1 2 0 1 2 3 2 1 4 0 4 3 2 2 1 0 5 1 5 3 1 1 4 2 1 1 6 1 1 5 0 1 2 4 2 1 2 5 1 0 1 2 1 2 1 1 4 2 4 1 8 2 3 1 1 3 1 2 3 0 2 2 2 6 2 1 2 1 3 3 2 3 1 1 3 1 1 3 0 2 1 3 2 1 1 1 1 1 3 4 4 0 3 1 2 2 2 3 2 3 2 2 2 2 4 0 1 1 3 1 2 3 4 4 5 0 1 4 4 0 0 2 3 4 1 3 1 0 1 3 2 6 2 4 1 1 2 4 0 0 2 3 5 1 3 3 4 4 2 0 1 1 3 1 3 1 4 4 5 2 3 0 2 0 1 1 2 3 2 3 8 2 3 0 1 0 0 3 3 0 3 0 2 1 1 2 0 4 3 1 1 1 3 0 4 2 3 2 1 3 3 2 1 0 3 2 0 1 1 2 3 0 0 1 3 1 0 3 4 2 2 4 4 0 3 0 0 1 2 6 0 1 2 1 1 1 2 3 0 1 1 3 2 4 3 3 1 0 0 0 3 1 0 6 2 0 2 1 2 2 5 3 3 1 0 3 1 3 1 4 3 3 3 2 1 1 2 0 2 1 1 2 3 1 2 2 2 3 2 2 1 0 2 2 4 4 2 1 3 3 2 0 0 1 0 1 4 2 3 1 1 3 1 1 2 2 2 2 2 0 1 1 4 0 0 2 2 0 1 0 2 0 2 2 2 0 0 2 3 2 5 2 1 1 3 0 0 2 0 1 6 1 1 3 1 1 0 3 3 2 5 2 2 2 3 5 2 2 1 1 0 2 4 1 1 4 1 1 3 2 1 2 2 1 0 2 1 0 3 3 2 0 1 1 1 1 4 1 2 2 0 1 1 1 3 3 2 0 3 0 0 4 2 3 2 4 1 2 6 0 2 3 1 3 1 3 4 1 0 3 2 1 2 4 2 1 3 2 4 1 2 1 3 6 1 0 1 1 3 2 0 1 4 2 3 2 2 1 4 2 3 2 3 1 3 1 3 1 1 1 4 1 3 2 2 2 3 1 4 2 1 2 2 1 0 6 2 1 3 1 1 1 1 4 0 3 0 1 5 4 2 2 1 2 1 2 0 4 1 3 0 3 2 5 4 1 4 0 2 3 3 2 0 4 3 2 0 1 4 1 0 5 0 3 1 2 2 2 1 2 1 1 1 3 1 6 1 2 2 2 3 2 2 2 1 1 1 2 0 2 1 5 4 1 2 0 2 1 4 6 2 1 0 2 2 4 3 0 2 4 2 1 4 2 0 2 1 1 1 2 3 2 3 2 0 2 0 2 4 3 2 2 0 1 5 1 1 3 2 3 2 2 0 5 3 1 1 4 2 4 3 2 3 4 3 2 0 1 0 1 3 1 4 6 1 2 1 2 3 0 0 1 4 2 3 3 6 2 2 3 4 1 2 2 5 1 3 2 3 1 2 1 3 3 0 0 2 1 2 2 1 6 0 0 3 2 0 1 1 4 0 1 1 2 2 4 0 1 2 3 3 2 2 1 1 3 5 2 1 2 1 6 6 0 0 2 0 3 1 3 1 3 1 0 4 1 1 0 3 2 1 0 5 0 3 0 1 1 4 2 4 1 1 3 0 1 2 1 5 0 1 2 2 1 1 3 4 0 4 1 2 0 2 2 2 2 1 2 3 0 2 3 4 0 1 2 5 2 1 1 3 2 1 0 3 3 4 3 1 2 2 3 3 1 4 2 3 2 1 0 2 1 1 1 0 1 3 2 2 3 0 2 2 1 2 4 1 0 1 1 3 3 2 2 0 2 0 3 1 3 2 1 2 3 1 2 1 4 2 1 4 3 2 0 4 3 1 2 2 3 0 0 1 3 1 1 2 4 2 1 1 3 0 4 1 0 3 0 2 0 3 2 1 3 2 2 1 1 4 2 0 2 1 5 0 3 5 2 5 1 1 1 3 2 0 2 1 2 4 2 1 0 5 1 3 1 2 2 6 3 1 1 1 0 1 2 1 4 4 4 2 3 1 3 2 3 0 4 3 1 0 3 3 2 0 2 4 2 5 3 0 0 3 0 1 1 2 0 1 2 1 0 2 2 3 4 3 0 4 0 3 3 0 2 3 0 2 6 1 2 1 3 2 2 2 1 1 0 4 3 5 4 4 1 2 2 1 2 4 0 1 1 1 1 2 0 4 3 2 1 2 1 1 4 2 0 2 1 1 1 2 5 3 2 2 3 0 1 1 1 2 1 1 3 2 2 2 1 2 3 4 2 3 2 2 1 1 2 2 3 2 1 3 0 1 4 1 1 2 2 0 2 1 0 1 1 2 3 2 3 3 1 2 1 5 0 1 0 1 0 0 2 1 2 3 2 0 3 3 3 1 2 2 1 3 4 1 1 2 5 2 0 5 1 3 1 1 3 2 3 4 2 4 4 1 0 2 3 1 1 2 2 3 2 1 2 2 1 2 3 2 0 1 1 0 2 2 1 1 2 2 1 2 3 3 2 1 2 2 1 4 1 1 1 1 3 1 7 5 3 3 0 2 0 2 3 0 2 0 2 2 2 4 2 1 1 0 2 1 2 1 2 2 4 3 1 0 2 4 2 2 4 4 3 1 1 1 1 1 2 1 1 1 1 0 1 4 1 2 1 4 2 2 3 3 2 6 1 2 4 2 3 1 1 2 3 1 4 4 1 4 5 1 1 4 1 3 4 1 5 1 4 1 2 1 4 3 2 0 1 1 1 2 5 2 3 0 0 3 1 2 0 3 3 1 2 2 2 0 1 2 0 3 1 1 2 2 5 2 2 1 1 2 4 0 2 1 2 0 0 2 2 1 3 4 1 0 3 1 1 5 1 2 1 2 2 0 0 2 0 4 2 1 2 4 1 3 3 1 3 1 4 1 4 3 1 1 3 3 0 3 1 2 2 2 1 2 4 2 2 3 2 2 2 0 2 1 2 1 2 4 1 2 2 2 3 0 1 3 2 1 2 1 3 2 2 2 3 2 2 0 3 1 2 2 5 5 2 1 1 0 4 1 5 1 3 2 3 3 3 1 1 3 1 3 3 1 2 3 4 1 0 4 1 4 3 1 4 2 3 4 1 0 2 1 2 0 4 2 2 1 0 2 3 2 1 0 0 3 4 3 1 4 2 2 3 0 1 3 6 1 0 4 2 1 2 0 4 2 0 1 4 1 2 3 2 4 1 2 2 4 2 1 2 1 4 1 8 2 1 0 3 6 3 0 0 2 0 4 3 3 0 0 2 1 3 1 3 1 4 2 5 2 1 1 2 0 0 1 1 3 4 4 3 2 1 1 1 1 2 1 1 1 1 1 3 1 1 2 2 1 3 4 2 1 1 2 1 4 5 3 0 0 1 2 2 1 3 4 2 1 1 3 3 1 3 1 2 3 1 0 2 1 2 7 4 0 3 0 0 0 0 1 2 1 2 3 3 1 2 1 2 1 0 5 1 2 4 5 1 2 1 2 1 1 1 2 0 4 1 4 2 2 2 2 4 3 1 0 2 1 4 3 0 1 1 4 1 2 1 2 0 2 1 3 6 1 2 2 3 3 4 5 2 2 2 3 2 2 1 1 3 0 2 2 4 1 1 2 1 0 1 0 0 3 6 1 0 4 1 1 2 0 2 1 5 2 4 1 2 4 0 1 1 3 7 2 1 0 1 1 2 1 3 0 1 3 4 4 4 2 1 3 0 2 5 2 1 1 1 4 2 1 1 2 2 7 1 2 2 1 2 2 4 2 1 0 2 2 2 4 3 4 1 1 1 1 3 2 0 1 0 7 3 1 0 1 1 4 1 1 2 2 0 2 2 2 3 6 1 2 2 2 1 2 0 1 0 2 1 2 1 1 3 4 1 0 2 1 0 1 4 0 3 1 2 1 3 2 3 1 1 3 2 2 2 5 2 1 2 1 1 0 3 1 1 4 1 1 1 2 3 1 2 1 3 2 3 1 0 2 4 3 2 2 2 3 1 0 4 2 0 2 3 2 1 1 0 4 2 0 1 4 0 2 2 1 2 1 4 6 3 2 1 2 4 2 1 1 0 3 3 1 2 2 2 1 2 2 2 0 1 1 2 2 1 2 2 1 1 1 3 2 1 1 6 4 1 4 3 1 2 1 3 2 2 4 2 2 2 0 1 0 0 5 7 0 2 3 2 2 2 2 0 4 1 2 1 1 1 1 3 1 0 1 3 5 1 2 4 1 3 1 3 4 2 0 1 1 3 0 3 2 2 3 0 0 2 2 3 1 0 1 3 4 1 0 5 3 1 1 1 1 2 2 3 0 3 3 2 1 2 2 1 2 0 3 2 1 2 1 1 2 2 2 5 3 3 2 1 1 2 1 3 0 1 1 3 1 1 1 1 2 3 4 1 1 1 1 4 2 4 1 2 2 0 4 1 2 2 1 3 3 2 2 4 1 0 1 0 3 3 1 0 2 1 1 1 2 2 4 1 3 2 1 3 3 3 3 3 2 1 2 0 0 2 5 3 2 3 0 2 1 0 3 1 1 1 1 2 0 0 1 4 2 4 1 4 1 2 2 2 4 1 0 0 1 0 2 4 7 1 2 1 1 2 2 1 3 2 0 2 3 1 4 3 3 3 1 0 2 4 1 4 1 2 4 2 0 3 3 2 1 2 0 1 2 2 1 1 3 1 2 3 2 3 3 4 4 1 1 3 0 3 4 2 0 1 1 0 1 3 2 3 5 4 1 1 2 2 4 4 3 0 2 2 2 6 2 3 1 0 2 2 2 0 2 2 3 2 1 2 1 2 2 2 3 3 2 0 2 2 3 2 6 2 2 1 3 2 5 2 2 3 1 0 3 2 2 1 3 2 3 2 1 2 0 1 2 1 1 2 0 3 4 2 2 2 4 2 2 0 1 3 1 2 0 2 2 4 3 3 1 1 2 2 2 2 1 3 0 2 0 5 4 1 3 1 3 3 3 2 1 3 4 0 2 0 2 0 0 4 2 2 2 2 6 4 1 1 1 2 0 2 0 1 2 4 1 0 4 2 1 0 5 4 2 2 1 0 1 1 1 2 1 3 2 3 2 3 3 0 2 0 0 0 2 6 4 4 1 2 0 2 2 3 1 5 0 1 5 0 4 4 3 3 2 2 1 1 4 1 3 2 3 1 4 1 4 0 0 1 0 0 2 1 3 3 6 1 2 1 2 4 0 4 3 1 1 1 4 2 2 3 2 2 0 3 2 1 0 5 1 0 0 3 2 2 2 8 1 3 1 2 4 1 0 1 1 2 1 3 0 0 1 3 1 3 1 3 2 1 3 3 3 2 2 0 3 1 2 3 3 2 1 1 2 3 1 3 2 2 2 1 1 2 3 2 2 3 3 2 4 2 2 1 3 2 1 4 1 0 2 4 2 3 4 0 2 2 3 0 2 2 1 3 3 1 2 2 4 1 3 1 0 2 2 1 1 2 1 1 3 2 3 2 0 2 3 3 5 1 2 1 2 2 2 4 0 3 2 0 3 2 0 0 5 2 1 2 3 2 2 1 2 2 5 0 1 2 1 4 2 3 1 2 2 4 2 4 2 0 3 1 4 0 2 1 4 4 2 1 2 3 2 3 1 1 1 1 0 0 5 1 2 4 0 5 1 1 2 4 0 2 1 4 0 5 2 1 0 2 1 1 4 4 2 1 5 2 0 0 1 3 0 0 1 3 1 2 2 3 3 0 3 3 4 2 1 1 0 2 1 0 0 2 1 2 3 1 0 3 2 0 5 3 3 1 2 3 4 1 2 2 2 0 1 1 2 0 0 4 0 6 0 1 1 2 1 1 2 0 2 0 1 1 5 2 0 3 2 4 5 2 2 2 1 1 2 1 2 3 4 3 1 4 0 2 1 2 4 1 1 2 1 1 2 3 4 2 2 0 1 5 3 1 1 1 2 5 8 1 0 0 1 1 2 1 3 0 3 4 4 4 1 2 1 5 1 1 1 2 1 2 2 2 5 2 1 3 0 0 0 0 4 1 3 1 5 1 2 0 3 0 3 3 1 5 3 0 3 2 4 3 0 0 0 2 3 1 4 1 1 3 2 3 3 4 5 1 1 3 1 1 0 1 3 4 2 0 1 1 0 1 2 2 4 1 1 0 2 2 1 0 3 3 1 2 3 1 4 1 2 4 3 0 2 3 2 3 1 1 3 0 0 4 0 4 2 2 6 3 1 1 1 2 3 2 3 1 1 2 0 2 2 2 1 1 3 2 3 0 2 2 1 2 1 0 2 2 4 1 2 1 2 2 2 1 1 1 2 2 2 1 4 1 2 0 1 1 3 2 2 2 1 3 2 2 0 2 4 2 3 0 4 4 3 2 2 1 2 5 4 1 3 1 1 0 0 2 1 3 4 0 1 1 0 3 2 1 2 2 4 2 1 1 4 1 2 2 3 1 0 3 5 1 0 1 3 2 1 2 0 1 0 3 2 2 1 1 2 1 1 1 2 3 1 2 4 0 2 2 2 3 1 2 3 3 5 0 1 1 1 3 2 2 2 3 2 2 3 3 1 2 2 0 1 4 0 2 1 2 2 2 1 2 3 4 1 2 4 3 1 3 2 0 0 1 2 1 4 4 4 1 1 2 1 0 3 1 1 1 2 0 3 0 6 3 1 3 3 0 2 2 4 2 0 1 3 0 1 2 2 0 1 1 1 1 0 1 4 2 3 3 1 3 4 2 4 2 0 3 1 1 3 3 2 2 3 2 1 2 1 3 3 0 2 2 1 1 1 2 4 3 1 0 1 5 0 1 1 2 2 4 2 3 1 5 3 2 2 4 1 2 2 2 1 2 1 1 4 1 6 0 0 2 2 1 1 2 6 2 1 1 1 1 2 1 1 4 1 4 3 1 1 2 4 0 5 2 3 1 2 2 3 2 2 1 3 2 1 3 2 3 2 1 0 2 3 7 5 1 0 1 2 2 2 3 1 1 3 3 3 1 2 0 2 0 4 3 3 0 3 0 0 1 1 3 3 2 2 1 3 2 2 1 1 3 3 1 6 2 0 1 2 1 3 2 3 3 1 1 4 2 2 3 2 5 1 3 1 1 0 0 1 3 2 2 3 0 3 1 5 2 3 0 2 2 2 0 3 2 2 1 3 2 4 2 2 2 3 2 6 0 2 3 1 2 4 4 1 2 1 1 3 1 2 1 3 0 1 4 3 1 3 1 0 2 6 0 1 2 2 1 3 6 2 2 1 2 1 3 1 0 1 1 3 4 0 0 0 2 2 1 2 3 3 4 1 0 0 1 5 2 3 1 0 1 4 2 2 2 1 1 1 2 1 1 1 2 0 2 2 3 1 3 3 0 2 4 3 1 1 1 2 2 1 2 3 3 2 1 2 2 2 1 2 0 2 2 0 3 3 1 2 1 4 5 1 2 5 1 2 1 2 5 1 3 0 1 0 3 2 0 2 3 3 3 3 0 1 4 1 1 3 3 3 3 0 0 4 1 3 2 2 1 4 3 1 0 1 3 1 1 1 2 0 3 5 1 1 3 1 2 4 2 3 2 0 2 1 2 0 1 2 1 2 4 4 0 2 1 1 0 4 1 1 2 3 1 2 0 4 2 4 2 1 1 1 3 4 2 2 4 1 0 2 1 2 3 1 2 2 3 3 1 1 2 3 1 2 2 3 0 2 1 6 3 2 2 2 1 2 3 2 3 0 4 1 0 1 5 5 2 3 1 1 4 1 2 2 1 3 4 2 1 1 3 0 3 3 3 1 2 3 1 3 1 4 2 2 1 2 3 2 0 2 2 1 1 1 3 1 3 0 1 2 2 1 2 4 2 2 2 1 0 2 0 1 1 1 3 5 2 1 4 3 3 3 0 2 3 2 4 1 2 2 2 3 2 1 3 0 2 2 2 4 2 4 1 3 1 0 4 1 2 3 4 4 1 1 2 1 3 0 1 1 1 3 0 1 3 2 4 4 3 2 2 0 6 2 0 2 0 4 1 1 1 3 3 2 5 2 1 3 2 2 2 3 0 3 1 4 3 1 0 2 3 0 3 1 2 1 1 3 2 2 1 1 0 1 2 0 5 6 2 4 0 2 3 0 3 1 1 2 1 0 2 2 1 1 1 2 4 0 2 3 1 2 2 3 0 2 2 0 1 2 2 1 0 1 2 2 5 2 2 2 2 5 0 0 0 1 2 3 2 1 2 2 3 2 3 1 0 1 1 3 6 2 0 3 3 4 2 3 1 3 1 3 1 2 0 3 1 4 1 2 5 1 3 1 4 0 5 2 2 1 0 1 2 1 2 0 0 1 2 3 3 2 1 3 1 2 3 3 2 1 0 1 2 5 2 0 1 0 0 0 2 2 3 5 2 1 3 1 5 2 2 1 5 1 0 1 0 0 3 4 2 5 5 1 0 2 2 0 2 2 3 4 0 1 1 1 2 1 3 4 2 1 3 0 6 0 2 2 3 3 2 2 4 4 0 4 4 5 0 0 2 2 1 2 2 2 2 2 4 2 1 1 1 4 2 2 1 1 4 1 4 3 1 1 0 3 0 3 0 2 2 1 0 1 3 4 3 3 0 3 1 1 3 1 1 5 0 2 2 1 3 4 1 0 2 0 2 4 3 4 2 2 4 2 4 0 0 1 2 0 3 0 1 3 4 1 3 1 4 2 2 1 2 2 1 1 3 3 2 3 2 0 2 3 1 1 1 3 3 1 1 3 1 3 3 1 4 2 1 2 0 6 8 0 2 0 2 2 3 2 1 3 1 4 1 3 0 0 0 0 5 3 4 2 2 2 0 2 3 3 2 1 0 0 3 1 2 2 3 1 2 3 5 1 1 2 1 4 2 2 1 2 2 1 2 3 0 3 0 1 3 1 1 1 4 2 2 3 2 5 3 1 1 2 2 1 2 1 3 3 2 1 2 3 1 1 2 2 2 0 2 4 1 1 2 1 2 1 2 4 1 3 2 0 2 2 3 1 2 2 2 6 1 3 3 1 1 4 3 1 0 0 6 1 3 2 0 1 1 1 3 0 1 1 2 3 0 0 5 3 0 5 0 1 4 1 3 1 1 1 1 1 0 3 4 1 1 2 0 1 3 4 2 5 3 1 1 1 1 3 1 1 3 2 0 2 0 3 3 3 1 0 3 1 2 1 4 4 2 2 1 2 4 0 2 3 0 3 0 4 3 3 2 2 3 2 3 3 1 2 1 0 4 3 0 1 1 1 2 3 2 3 2 3 1 3 1 2 3 1 2 1 0 1 4 2 3 1 4 3 2 3 3 3 2 1 3 2 1 1 1 2 0 1 4 3 0 2 2 1 1 2 1 2 0 1 1 3 3 1 2 0 1 2 5 1 3 1 3 2 4 0 1 0 2 1 2 3 2 3 3 1 0 1 1 1 3 2 2 2 3 2 0 1 2 2 3 3 3 2 3 0 1 2 3 1 2 1 2 1 3 1 3 0 0 2 0 5 3 2 3 0 3 1 1 3 2 1 2 3 1 1 5 1 4 2 1 2 2 1 1 1 3 2 1 1 3 0 0 2 2 2 4 1 3 2 3 5 1 1 1 2 4 3 0 1 3 0 3 0 3 2 1 2 2 7 4 3 2 1 1 4 0 3 1 2 1 1 1 2 3 1 3 0 3 2 2 1 2 2 3 1 1 1 6 0 0 4 1 0 3 2 3 3 3 0 4 2 1 3 2 1 1 1 1 1 2 0 1 1 4 1 2 1 6 1 2 2 0 2 4 2 1 3 1 2 1 2 0 1 2 3 1 3 1 3 1 1 0 2 2 1 4 4 1 0 4 2 3 3 3 0 2 0 1 0 4 3 6 2 0 0 1 4 2 4 1 1 3 1 1 3 2 0 4 1 3 5 1 0 2 0 3 2 2 3 3 2 2 3 2 2 5 2 1 1 3 4 1 1 1 2 0 4 2 2 2 3 4 4 1 1 2 0 1 3 2 4 1 1 3 1 3 2 2 2 1 4 1 1 2 5 2 2 1 3 1 1 0 3 2 1 2 2 5 3 1 1 0 2 3 1 1 4 1 5 1 2 5 3 1 1 2 3 2 2 0 0 2 4 2 4 0 1 2 2 3 2 1 4 3 3 0 1 3 3 1 0 1 1 2 2 2 2 0 1 4 3 1 1 5 3 4 0 2 3 1 1 3 3 1 1 2 2 1 1 3 1 5 2 0 1 4 2 5 3 1 4 3 1 3 0 3 1 1 2 3 1 2 0 3 2 4 1 0 2 0 5 3 4 5 1 2 3 3 3 1 1 1 2 2 2 2 1 3 2 1 3 0 2 2 1 1 4 1 1 2 1 2 0 1 2 1 1 2 2 1 1 1 1 3 0 0 2 2 2 1 2 2 1 4 0 3 3 1 1 1 1 4 5 2 4 1 2 2 0 2 3 1 2 3 3 2 1 2 0 3 1 1 5 2 2 0 1 3 1 2 5 1 3 2 3 1 2 2 2 1 1 2 3 0 1 3 0 1 0 3 1 0 3 0 1 8 1 3 2 0 1 1 3 1 0 4 1 1 1 5 0 1 3 2 0 1 2 1 2 1 2 3 3 4 0 2 0 2 2 2 4 2 1 1 2 1 2 1 0 2 2 3 2 3 3 1 1 2 3 0 1 0 2 0 2 3 1 3 6 3 1 2 2 2 2 2 1 2 1 2 1 3 4 2 3 4 2 0 2 2 2 3 1 4 2 1 2 2 3 0 1 0 3 2 4 4 3 2 2 1 3 1 2 2 2 1 1 2 0 2 5 3 1 2 2 2 1 3 3 2 1 1 4 1 2 3 0 2 0 3 1 1 2 2 3 4 1 4 0 1 2 2 0 3 4 1 5 2 1 1 2 1 3 2 2 1 3 7 2 1 0 2 4 3 2 4 1 0 3 2 1 0 4 4 1 3 4 1 3 2 2 3 2 5 3 2 1 1 5 4 2 0 2 0 3 1 2 2 1 2 2 2 0 2 2 1 0 2 3 4 0 1 1 1 1 0 5 2 1 1 2 0 4 2 4 1 2 1 1 2 3 5 1 1 0 1 0 2 2 0 3 0 4 4 1 4 1 1 1 3 1 2 1 3 2 0 1 2 2 1 1 3 3 0 0 3 1 4 1 1 1 0 7 0 2 2 3 1 0 6 1 1 1 3 2 3 4 1 4 2 2 0 0 1 3 1 2 1 2 2 2 1 2 1 3 1 1 3 2 1 3 6 2 2 1 2 1 1 0 2 2 1 1 4 2 2 4 2 2 1 0 0 4 1 3 1 0 3 1 2 4 2 1 3 1 3 2 3 4 2 1 2 3 2 1 2 1 3 1 4 1 2 0 2 3 2 1 2 1 1 1 1 3 3 0 2 1 1 5 1 1 1 5 2 4 3 3 2 2 2 4 1 2 1 2 2 1 3 1 2 1 0 5 3 1 5 3 0 2 0 2 2 3 1 2 1 1 3 1 5 1 0 3 1 3 2 2 1 1 2 1 1 3 2 1 2 1 1 4 2 3 2 2 1 4 2 4 1 0 0 4 3 0 3 2 2 4 3 1 1 2 4 1 3 6 2 1 2 0 2 3 0 1 0 2 0 1 1 1 2 1 1 3 4 2 0 1 4 1 2 3 2 1 1 2 1 2 0 4 0 3 1 2 5 1 4 0 2 1 2 4 2 1 0 2 3 6 3 4 1 0 1 2 2 1 2 0 2 3 2 4 2 0 0 1 2 1 3 1 4 3 1 5 3 2 2 2 2 2 1 0 1 0 2 2 2 5 1 4 1 2 1 2 3 2 0 1 2 4 3 3 3 3 0 2 4 1 3 3 2 2 3 1 1 2 3 0 3 1 1 1 1 6 5 2 4 3 0 4 2 1 1 3 4 4 1 4 1 3 1 0 3 2 1 5 2 2 1 4 4 2 3 2 2 3 0 2 1 2 2 5 5 0 2 1 2 1 0 1 2 3 1 4 3 2 0 1 1 3 1 2 3 2 1 2 1 1 4 2 3 0 3 3 2 1 1 3 2 6 1 2 2 1 0 1 1 1 3 1 2 1 4 1 3 2 2 1 0 2 4 0 1 3 2 2 1 0 3 1 4 2 3 2 2 1 4 0 1 2 2 1 1 1 4 2 1 0 0 0 2 3 0 3 4 1 0 2 1 3 0 2 2 2 3 3 0 2 1 4 1 2 3 0 2 1 3 2 2 2 0 2 4 1 3 3 1 3 2 0 0 1 1 3 0 3 4 3 4 5 1 0 3 3 2 4 0 1 1 1 0 2 2 2 5 3 3 5 2 2 2 2 1 1 0 1 0 0 3 2 1 1 2 3 3 2 0 1 1 0 3 2 0 0 3 1 3 1 2 1 1 1 3 3 2 2 1 0 5 3 4 3 2 3 0 0 0 2 4 2 1 2 0 3 1 2 2 1 6 2 1 5 2 5 0 2 2 3 2 3 2 0 2 3 0 2 4 1 1 1 2 1 4 3 1 1 1 0 1 1 3 2 2 3 1 1 3 2 0 4 3 2 0 2 2 1 4 1 1 0 2 1 2 3 3 3 1 3 2 0 3 3 0 0 4 0 1 2 1 0 1 2 4 1 2 1 2 3 1 3 6 1 1 2 2 1 2 1 2 0 1 1 3 0 1 0 2 5 1 4 1 3 2 1 3 4 0 1 1 4 2 2 1 1 2 3 2 2 4 1 2 3 2 2 0 3 6 3 2 1 3 4 1 2 2 0 0 2 4 3 1 0 3 2 2 1 6 1 3 2 3 2 0 1 2 2 0 3 4 2 0 4 1 1 3 0 0 3 2 2 4 3 2 2 6 1 1 3 3 0 0 2 4 2 3 1 3 2 0 4 1 2 0 3 1 2 2 0 2 1 0 0 0 2 2 3 1 3 0 1 2 2 1 4 1 3 3 3 1 4 3 1 1 7 2 3 1 0 2 1 5 7 2 2 2 0 2 2 1 3 1 0 0 4 1 2 3 2 2 3 1 2 2 1 1 2 5 2 0 1 1 1 4 1 2 0 2 1 3 0 2 3 3 2 5 1 0 1 1 6 2 5 0 2 2 3 3 1 2 2 0 1 3 2 2 0 1 2 0 0 1 2 2 4 2 2 1 3 0 1 2 3 4 4 2 0 1 4 1 3 2 3 0 2 1 0 1 3 2 3 5 1 3 2 2 1 2 4 1 4 1 3 1 1 3 1 1 1 1 1 2 3 1 1 0 3 1 1 2 2 2 1 4 2 0 4 0 2 4 3 1 0 1 3 0 1 3 0 4 3 2 1 2 3 1 3 0 1 3 3 2 2 4 4 3 1 0 3 1 2 1 1 1 2 1 3 4 1 5 0 3 3 2 0 0 4 3 1 0 3 3 1 3 2 2 2 2 3 1 1 5 4 2 2 2 5 1 1 1 2 1 3 3 2 2 6 2 1 2 1 1 1 1 2 3 0 3 5 1 0 2 2 2 2 3 3 1 0 0 1 1 2 1 4 2 2 2 1 4 0 2 2 4 4 1 2 1 0 2 3 6 5 3 2 0 4 1 2 3 1 6 1 0 2 2 3 1 4 2 3 0 0 1 1 2 5 1 2 2 1 1 1 2 2 3 1 5 0 1 5 1 4 4 1 1 0 0 0 1 2 3 1 4 3 1 0 2 2 1 1 1 2 2 1 1 2 3 1 3 3 4 0 3 2 2 0 1 3 0 3 2 1 3 0 4 2 4 2 1 1 2 4 3 4 1 3 3 3 1 2 1 3 2 1 2 4 1 4 3 1 1 0 5 0 3 4 1 4 3 0 2 4 2 3 1 1 1 4 0 1 3 2 2 6 2 2 2 2 0 3 0 3 1 3 1 3 4 1 1 2 1 2 0 2 1 1 3 1 0 6 3 1 2 2 4 0 1 3 2 3 0 2 3 5 0 0 3 1 1 0 2 1 0 1 7 2 5 3 0 2 0 1 1 3 2 2 6 1 2 2 2 3 0 1 5 1 0 4 1 1 2 2 1 1 0 3 1 1 6 2 1 3 3 0 2 2 0 2 3 1 2 4 2 2 1 2 4 0 2 2 2 1 1 5 3 7 2 0 3 1 0 3 0 2 3 4 6 3 1 2 0 1 5 0 0 1 2 2 1 1 4 2 3 1 2 1 2 4 3 3 1 3 3 1 0 3 2 4 0 2 3 1 0 3 3 0 2 2 1 1 1 2 4 1 2 1 2 2 3 1 2 2 3 1 2 5 2 2 3 2 3 2 0 4 3 1 2 0 3 2 2 3 1 0 4 5 6 2 0 1 3 0 1 4 2 0 1 1 1 3 1 3 1 4 3 0 1 0 0 2 1 0 1 2 2 1 2 1 4 2 5 0 0 1 4 1 0 4 1 5 1 3 1 3 3 2 2 1 1 3 3 2 1 2 2 2 1 3 2 3 2 3 3 2 1 0 1 4 1 2 2 3 4 1 1 2 1 3 1 1 4 1 0 0 2 3 0 3 3 2 4 6 0 1 1 2 2 1 3 1 2 4 1 2 3 1 3 2 0 1 3 4 3 3 1 0 3 2 2 1 1 2 3 3 1 5 1 1 1 3 1 2 6 1 4 1 1 2 3 3 3 2 0 0 2 2 1 3 2 2 3 1 4 1 1 0 3 3 3 1 0 1 3 2 1 0 2 1 1 3 3 1 0 3 2 1 0 2 4 1 1 2 0 3 2 0 3 3 3 2 1 1 1 2 2 1 2 2 2 1 3 1 1 1 0 2 4 2 5 1 2 1 0 3 1 1 4 2 1 2 7 0 3 4 2 1 2 0 3 4 2 2 3 3 2 1 2 4 4 0 0 0 3 0 0 3 2 0 0 1 2 0 1 4 1 1 1 1 2 2 1 3 3 0 3 0 2 4 1 1 4 3 1 3 3 1 8 3 1 1 2 1 5 4 1 4 1 2 4 1 0 1 3 2 0 0 5 2 3 2 3 1 1 3 1 1 1 1 1 2 1 4 3 1 2 3 3 2 5 3 1 3 0 2 3 1 1 2 4 3 1 1 4 4 1 2 2 1 4 1 2 2 0 2 2 3 1 1 1 2 0 4 1 5 2 1 2 2 3 4 1 1 3 4 2 4 2 2 2 4 4 2 0 1 2 4 1 1 0 4 2 2 2 2 2 2 2 0 1 0 1 4 3 3 2 3 3 1 1 0 5 2 4 1 3 3 2 0 2 0 1 2 2 2 1 4 2 3 4 2 2 2 2 0 1 1 0 1 1 3 3 1 5 0 2 4 2 0 1 5 0 1 3 2 1 3 1 2 0 3 1 3 2 2 2 3 1 2 1 0 1 2 1 5 1 3 0 2 3 4 0 7 2 0 1 0 1 4 0 5 4 0 4 2 2 2 3 1 7 4 3 1 4 1 4 2 1 1 3 4 2 3 2 0 1 3 3 0 5 1 3 0 1 3 3 1 3 2 3 0 1 1 2 2 2 0 3 1 1 3 2 2 1 2 2 1 2 1 1 5 1 3 1 2 0 0 3 3 0 5 1 4 4 5 0 2 3 1 2 0 2 3 3 3 5 2 2 1 4 2 3 1 3 0 3 1 2 1 2 2 5 2 5 4 0 3 3 1 3 1 2 4 1 2 2 0 2 1 0 3 3 1 1 0 5 2 2 7 5 0 1 0 2 2 1 1 2 4 1 6 3 2 1 0 3 2 2 3 2 0 2 4 4 1 3 0 3 3 1 3 3 3 3 0 3 2 3 3 2 2 2 0 0 3 2 2 4 4 5 2 3 1 0 1 2 2 4 0 1 2 4 3 0 2 3 0 4 3 1 0 1 1 2 2 3 2 0 1 2 2 4 0 0 2 2 3 0 3 2 0 1 3 0 2 3 0 2 3 3 3 3 1 0 2 1 1 1 2 0 1 4 1 1 3 3 7 2 2 1 1 4 1 5 1 3 3 0 1 2 4 2 1 4 2 0 0 3 2 3 1 1 2 0 0 2 1 1 1 2 0 3 8 3 0 0 2 2 2 1 0 0 3 0 3 0 1 3 2 5 4 4 1 2 3 3 0 2 1 2 2 2 1 2 2 2 2 2 1 2 1 0 1 2 3 0 2 1 4 3 1 2 3 3 1 1 2 0 1 0 1 5 2 3 0 3 2 3 4 1 1 1 1 2 3 1 2 0 1 3 1 1 1 2 4 0 1 2 2 0 3 3 1 3 1 2 3 1 1 1 1 0 5 2 0 0 5 3 3 2 1 5 1 0 5 3 1 2 2 2 1 1 4 0 2 3 1 1 0 2 3 4 1 3 2 5 0 0 4 0 1 0 2 0 2 0 4 0 3 3 1 1 3 2 6 3 1 2 0 0 1 5 3 2 0 0 3 3 0 2 2 5 4 3 3 1 1 2 1 1 4 0 2 0 2 3 2 3 0 2 3 2 3 3 1 2 2 3 4 0 2 1 2 6 3 4 3 0 0 1 3 2 0 2 4 1 4 1 2 0 1 3 3 2 4 0 2 0 2 1 2 5 2 1 4 3 3 1 1 0 1 2 2 1 1 4 1 2 3 2 1 1 2 3 2 3 2 0 1 2 4 6 3 2 0 1 0 1 3 4 3 3 2 0 1 1 2 0 3 3 3 3 2 4 1 1 3 3 2 1 0 0 3 2 3 2 2 2 1 0 3 0 4 2 2 1 4 3 3 1 0 0 1 3 2 0 5 4 0 3 2 3 1 3 3 2 2 2 2 1 0 4 2 1 1 5 1 3 2 1 1 1 0 4 3 3 0 1 1 3 3 3 3 2 0 4 4 2 0 4 1 1 0 3 1 1 4 1 1 1 2 1 1 1 5 0 3 3 4 3 3 2 2 3 1 1 1 2 1 2 2 5 3 2 0 4 1 2 0 1 0 2 1 1 3 2 1 2 2 2 2 2 0 2 2 1 2 1 3 2 1 3 2 2 3 3 3 0 2 2 1 1 3 2 3 1 0 0 3 2 1 3 4 2 1 1 1 1 3 1 0 4 1 3 3 2 0 2 2 5 3 3 1 1 1 0 2 2 2 2 2 2 0 2 3 0 4 2 3 2 1 5 5 0 2 2 3 3 0 2 2 0 5 1 2 2 1 3 1 1 3 3 1 1 3 3 1 1 2 4 1 4 0 0 1 0 4 1 2 2 2 2 4 2 1 2 1 0 3 0 1 4 0 1 1 1 3 1 2 1 1 1 2 3 2 2 2 4 3 0 1 2 3 2 1 0 5 0 1 4 3 4 3 3 3 3 3 0 3 2 1 1 1 2 3 2 2 3 1 0 2 1 4 2 2 1 0 3 1 1 2 3 3 3 1 1 1 1 2 3 1 0 3 3 5 2 1 2 1 1 2 3 2 4 0 2 3 1 3 0 1 1 0 1 0 3 4 1 2 6 0 2 2 1 4 2 1 4 2 3 1 2 3 1 3 3 3 2 3 2 1 6 1 2 2 0 1 4 1 3 2 1 4 4 2 1 1 1 2 1 0 4 1 2 1 1 0 2 3 1 1 3 4 1 3 2 5 1 0 1 2 2 1 2 3 3 1 0 0 2 3 2 2 1 1 0 3 5 2 2 1 2 3 4 2 4 1 1 3 0 3 3 4 1 3 1 2 2 2 5 3 2 1 1 1 2 2 1 3 1 1 3 2 2 0 4 3 1 0 2 4 2 3 0 3 2 1 1 2 4 1 6 2 1 3 0 3 4 1 0 2 1 1 0 3 2 3 0 2 3 1 2 3 2 4 1 1 2 1 2 3 1 1 3 0 0 2 1 3 0 2 0 3 4 3 3 2 2 1 0 2 2 2 2 0 2 2 3 1 4 4 0 2 4 4 3 0 2 0 1 1 2 1 3 1 2 3 2 6 1 3 1 1 2 1 3 2 1 2 3 3 1 4 2 2 4 1 2 3 1 0 4 1 1 3 3 4 2 3 6 1 5 3 1 2 2 2 0 3 1 2 3 0 1 1 0 3 2 1 3 1 2 4 2 1 3 2 3 2 3 0 2 2 1 3 1 2 3 3 3 1 3 2 2 0 2 2 2 3 2 2 2 1 2 2 4 1 2 2 4 4 1 1 0 0 1 2 3 3 1 1 2 1 2 2 1 5 2 1 1 0 2 0 2 1 3 3 2 0 2 2 2 1 2 2 3 1 2 0 1 1 1 0 7 5 1 0 2 0 2 3 0 2 2 2 3 3 2 1 2 1 3 3 5 4 1 2 4 1 1 0 1 0 6 3 5 3 2 1 2 3 1 2 2 4 3 3 3 4 4 0 2 1 0 2 0 4 0 1 1 2 2 1 1 6 1 2 3 3 0 5 5 1 1 2 1 2 4 1 2 5 1 3 1 2 2 2 3 2 2 1 0 3 0 1 0 2 3 3 2 3 1 5 2 1 0 3 0 1 1 2 0 0 3 3 2 2 0 3 0 1 2 2 2 4 2 2 1 3 0 2 4 1 2 1 1 2 1 4 2 1 1 3 2 1 3 2 2 1 3 1 2 5 3 1 3 1 1 4 0 0 4 5 0 1 4 2 2 0 1 3 1 6 1 1 1 2 1 3 0 2 2 4 3 1 0 1 3 4 0 3 2 2 2 1 1 4 1 1 1 0 4 3 2 2 0 2 3 2 1 3 1 2 3 3 2 0 3 4 1 3 1 0 2 6 0 1 5 2 2 3 0 1 2 2 2 2 2 2 1 4 2 1 1 1 0 0 3 2 3 1 1 2 2 1 1 1 4 0 3 1 1 1 2 4 3 2 3 2 2 2 3 4 1 1 0 1 0 4 3 1 4 2 1 3 2 3 1 1 1 2 3 2 2 2 1 1 4 1 1 1 3 3 3 0 1 2 3 1 1 1 3 1 2 4 2 0 1 1 4 2 0 3 4 3 0 6 1 2 1 2 3 4 2 2 2 0 2 3 1 1 2 1 3 5 1 3 3 2 4 2 4 0 0 2 3 1 3 1 2 1 1 3 3 1 3 1 1 1 5 2 0 2 0 2 2 3 3 2 3 1 2 3 0 2 0 1 3 3 2 4 3 0 0 2 1 1 2 2 4 2 2 1 4 4 4 1 2 3 2 2 3 2 3 0 5 1 1 3 2 0 3 1 1 2 4 3 2 2 3 2 1 1 1 2 0 2 1 2 4 3 2 3 3 0 1 2 3 2 2 4 2 0 1 1 3 3 1 1 0 5 1 1 3 1 4 2 1 1 4 2 3 4 2 2 4 2 1 4 0 3 3 2 2 1 2 1 3 1 0 0 1 2 4 1 3 1 4 3 6 0 2 6 1 2 0 2 2 1 2 2 1 2 4 3 3 2 4 1 1 3 3 4 3 1 2 1 5 2 1 1 2 3 1 1 1 5 2 2 1 2 1 0 1 2 2 0 2 2 3 1 3 4 0 1 3 4 0 0 1 2 0 4 1 0 1 1 1 2 5 2 2 3 1 0 5 0 3 0 3 2 3 1 1 1 1 2 1 4 1 2 1 3 1 1 1 2 3 2 0 1 3 2 2 1 0 3 4 2 4 0 0 1 2 2 1 1 1 2 3 2 2 2 2 3 2 2 1 4 1 0 0 1 3 2 3 1 6 2 1 0 0 0 2 0 3 2 2 2 2 5 2 2 5 2 2 2 3 3 1 1 3 1 0 0 1 5 1 1 3 2 3 2 5 0 4 3 3 1 0 1 4 2 0 1 0 1 2 0 2 2 4 2 1 2 2 2 5 2 0 0 1 2 2 1 2 2 1 3 3 4 2 2 1 3 1 0 3 3 2 2 3 1 1 0 1 3 5 4 1 4 3 2 1 3 0 1 6 2 1 6 4 2 1 1 3 0 2 2 2 1 2 1 3 4 3 1 3 2 3 1 2 1 2 2 4 2 2 2 3 3 0 1 5 0 0 3 1 2 1 1 1 2 1 3 0 1 4 0 4 4 0 2 0 1 1 1 0 2 2 3 4 2 1 3 3 1 4 0 4 3 3 2 3 2 3 1 2 2 3 3 2 2 1 2 2 1 3 1 0 2 0 4 1 2 2 2 2 3 1 5 1 2 1 5 3 1 2 1 1 1 3 0 4 1 1 0 1 2 3 5 3 4 1 2 2 1 0 3 1 2 5 2 8 0 0 5 2 3 1 0 2 3 1 1 1 1 1 1 2 0 2 1 2 1 2 1 2 3 3 2 1 0 2 3 2 1 2 2 2 1 0 2 2 5 1 1 3 2 1 3 2 2 2 5 4 4 4 2 1 0 1 3 2 1 2 2 1 0 3 2 3 1 1 2 1 3 0 4 1 0 4 4 0 2 2 1 3 3 0 1 0 1 2 3 2 4 2 2 0 3 0 3 3 3 3 2 1 2 1 1 1 3 1 3 1 1 2 0 2 3 1 2 2 4 1 2 1 3 0 2 2 3 1 2 3 2 2 1 1 2 3 0 2 3 2 5 2 3 2 0 2 1 3 2 3 3 3 1 3 5 5 7 3 2 4 1 2 2 2 2 1 5 1 2 3 2 0 3 2 0 2 1 2 3 2 4 0 1 0 1 2 1 3 4 1 0 1 1 3 1 1 3 3 3 2 2 2 2 1 1 2 1 1 1 3 1 1 1 1 1 5 5 2 0 1 3 0 4 1 0 2 1 5 4 5 2 4 3 1 1 0 2 5 3 2 2 2 4 4 2 3 3 6 0 1 3 2 1 7 3 0 1 2 1 2 3 1 3 3 0 2 1 4 3 1 1 1 3 1 4 2 2 0 0 2 0 0 2 0 5 2 2 2 2 2 0 1 2 0 2 2 1 1 2 1 2 4 4 1 2 2 2 1 2 1 4 2 1 1 1 1 0 2 0 4 3 1 4 2 0 4 1 2 2 5 2 1 2 5 3 2 0 0 3 2 3 3 1 1 0 3 1 2 2 1 2 4 3 2 3 2 2 1 2 1 1 1 1 3 5 2 1 1 0 1 2 3 1 3 5 2 1 0 1 0 1 4 1 4 2 1 3 2 0 0 3 2 3 1 0 6 4 3 5 1 1 1 1 4 0 0 2 3 1 4 2 3 2 2 1 4 2 4 3 0 0 0 0 2 3 0 4 0 2 3 5 1 3 0 5 1 2 2 1 1 2 3 2 3 2 2 0 2 1 2 1 2 2 1 3 1 1 1 2 2 2 1 1 4 3 2 2 1 2 3 2 0 0 0 4 1 2 4 1 2 1 1 1 1 2 1 4 4 1 1 0 1 3 1 1 3 0 3 1 5 2 2 2 1 1 1 2 1 2 2 6 3 2 1 0 1 4 0 1 1 1 4 2 0 1 4 2 1 1 3 2 2 1 2 1 3 1 4 2 0 1 1 4 1 4 1 0 2 0 1 1 0 2 1 4 5 3 2 2 1 0 1 2 0 3 3 1 4 0 2 2 3 2 2 3 2 1 0 4 4 3 1 1 6 1 3 2 0 2 5 3 1 2 1 3 2 5 1 3 2 3 3 1 2 4 1 0 3 0 2 2 0 4 1 2 2 0 5 2 2 2 2 1 2 1 1 3 3 3 2 2 3 2 2 3 0 2 0 4 1 1 2 3 0 2 2 1 1 0 2 2 2 2 3 4 3 1 0 2 2 4 2 3 4 2 3 1 3 0 0 1 0 2 2 2 0 5 3 1 2 2 1 0 2 2 4 2 1 1 1 3 4 0 0 1 2 2 2 4 3 1 0 1 2 0 1 5 2 3 4 1 2 1 3 2 4 0 2 2 3 3 3 1 4 2 0 3 2 1 3 4 0 5 0 0 4 3 3 1 1 0 2 1 3 0 3 0 3 2 2 0 1 1 1 2 3 1 3 4 2 0 2 5 2 2 2 6 1 2 5 1 0 0 6 3 1 4 2 1 1 7 4 2 2 3 3 4 1 2 1 1 3 1 1 0 0 0 3 1 2 2 1 2 2 4 5 4 2 2 6 1 1 0 1 2 2 0 3 0 5 3 2 1 3 2 0 2 1 2 1 1 0 1 2 0 3 3 1 4 2 1 3 2 2 4 3 3 1 3 0 1 5 1 3 1 3 2 2 2 3 1 1 3 3 0 0 5 4 1 2 5 1 0 0 1 2 1 2 2 0 2 2 1 2 1 0 4 2 1 1 2 1 3 2 2 2 2 0 0 4 3 0 2 0 2 1 1 3 2 0 2 5 0 1 2 0 4 3 4 2 5 1 1 5 1 1 3 0 3 3 6 0 1 3 1 2 2 3 3 1 1 4 2 3 0 4 3 5 3 2 0 1 1 2 4 3 2 0 2 2 1 3 1 2 4 0 3 2 3 1 0 1 0 2 1 1 2 3 2 2 4 1 2 3 3 1 3 3 0 3 1 4 2 1 3 1 2 0 3 2 2 2 1 0 1 1 3 2 2 1 2 1 2 6 2 2 2 2 1 4 1 3 2 0 1 2 1 1 1 2 3 1 3 2 5 3 1 0 2 4 5 1 2 0 0 1 5 1 3 2 3 3 2 0 1 1 2 0 3 0 3 5 6 2 1 2 2 1 2 0 1 2 1 3 4 3 4 1 2 1 2 3 2 3 2 1 4 1 1 0 1 2 1 0 4 3 2 3 2 1 2 1 1 4 2 4 1 2 1 1 2 3 1 1 2 4 0 1 1 0 3 0 2 2 3 1 4 3 2 2 1 1 1 1 2 2 2 4 3 3 1 3 4 2 2 2 2 1 2 0 0 0 5 0 2 2 2 2 1 1 3 4 2 1 3 3 1 2 3 3 7 0 1 0 1 2 6 2 1 3 2 4 3 2 2 1 4 0 3 1 0 1 2 2 3 5 0 2 2 1 1 1 2 2 1 0 4 0 0 2 4 3 1 3 0 1 3 4 1 4 0 1 1 2 2 2 2 1 1 3 0 3 1 2 3 0 0 5 4 5 1 2 4 1 2 2 0 3 2 1 1 2 2 5 1 3 2 1 2 2 0 2 0 0 2 1 2 6 5 3 2 1 2 1 1 2 3 4 3 3 1 2 2 1 3 3 4 2 1 3 3 0 2 4 1 1 2 4 2 2 1 1 1 2 1 6 4 5 1 1 1 2 1 3 5 4 2 1 3 0 1 3 3 1 2 2 5 6 2 0 1 4 2 0 4 1 1 1 1 4 1 3 5 2 1 0 2 2 2 3 1 2 2 4 1 5 2 1 2 0 2 4 4 0 1 2 3 1 2 2 3 1 2 2 1 1 1 1 1 3 2 4 0 5 4 1 2 2 1 1 4 2 2 1 2 0 0 4 3 2 3 3 1 2 0 0 2 1 3 1 3 1 5 0 1 2 3 4 1 3 1 2 1 1 1 2 1 1 2 0 3 0 1 4 3 0 1 3 0 5 0 5 2 1 2 3 4 2 1 1 2 0 2 3 2 1 1 1 3 1 3 0 3 3 2 2 3 0 3 1 1 2 5 0 1 4 4 3 1 5 3 0 3 1 2 3 4 1 1 3 0 2 3 5 2 2 1 0 1 2 1 3 0 3 3 2 2 0 3 2 1 2 3 4 1 1 1 1 1 3 5 0 1 2 1 3 2 1 3 2 1 2 1 1 3 1 1 4 1 0 3 3 1 2 1 3 2 3 0 5 2 4 0 4 2 2 2 2 1 4 7 2 2 1 2 1 1 4 2 1 2 2 1 0 3 3 3 5 1 2 2 0 2 0 1 3 2 2 2 1 1 1 1 1 4 3 2 2 3 2 4 0 1 1 2 2 0 2 3 0 2 1 2 3 3 2 0 3 0 2 2 2 2 4 4 6 0 3 1 4 4 0 3 0 3 0 1 5 1 1 0 0 4 1 1 0 4 1 3 0 0 3 2 4 3 2 2 0 0 4 1 0 2 4 1 2 1 1 3 7 2 2 2 3 1 2 3 1 1 0 1 0 2 0 2 0 3 0 3 2 7 2 1 2 4 3 0 1 1 1 1 3 2 3 1 1 1 2 0 1 3 2 4 3 1 3 2 2 2 3 2 2 3 2 2 5 1 1 1 1 1 2 1 4 2 3 2 0 0 0 3 1 1 1 1 4 2 2 3 1 1 2 2 2 2 4 3 1 2 3 2 2 2 1 2 1 3 2 1 2 4 4 2 1 2 2 1 1 0 3 2 2 3 3 4 2 0 1 3 4 2 3 3 6 1 1 1 2 3 2 1 2 5 1 0 0 1 3 2 4 3 2 2 0 0 3 1 1 0 3 3 1 2 1 3 0 3 0 3 0 3 3 0 0 1 6 5 3 1 2 1 1 3 6 3 0 0 2 1 0 3 5 2 4 0 1 1 4 2 2 0 1 4 1 1 2 0 5 1 3 2 0 2 3 0 1 1 6 0 2 1 3 3 2 3 1 1 3 4 2 0 1 3 4 0 4 1 1 1 5 2 3 0 2 3 0 3 2 2 0 6 0 2 3 2 1 3 3 3 2 3 3 3 3 1 1 1 0 3 4 2 2 0 5 1 1 2 3 1 2 1 2 0 3 4 1 2 1 2 0 5 2 2 2 0 2 1 0 1 5 1 4 2 1 3 0 1 2 1 1 2 3 3 1 1 2 1 0 2 3 1 0 5 3 2 1 2 1 1 3 2 0 2 3 5 2 3 3 0 5 2 2 2 0 4 3 2 1 0 0 0 1 2 3 0 0 2 1 2 1 1 6 3 2 3 4 1 6 1 3 4 2 2 0 1 1 1 4 1 2 0 2 2 3 0 4 1 3 0 3 2 2 2 3 2 0 4 1 4 2 1 0 0 2 2 1 5 3 2 2 2 0 6 0 2 3 1 6 1 1 2 1 1 5 4 2 3 2 2 1 3 3 2 1 3 4 2 2 1 1 1 3 0 2 2 2 2 4 1 0 3 0 3 1 0 4 1 2 4 1 2 0 4 3 2 3 0 3 0 3 3 1 4 1 0 2 1 3 0 0 3 3 1 5 1 1 3 2 2 0 2 1 0 1 2 4 0 2 1 2 1 3 1 1 2 3 4 1 5 3 2 1 3 1 2 0 2 2 2 1 0 1 0 0 4 3 1 2 1 1 3 3 2 1 4 2 4 1 2 4 1 0 3 0 0 4 0 2 3 1 7 2 0 2 0 2 0 2 3 1 2 1 0 0 3 4 3 4 6 0 3 2 2 4 0 2 2 1 4 3 2 1 5 1 2 5 1 4 5 2 1 3 5 3 1 0 2 2 1 0 2 2 2 3 1 3 2 3 4 1 0 1 2 1 3 3 3 2 2 0 4 1 2 3 2 3 2 3 1 0 3 3 0 1 3 4 3 4 1 0 2 2 2 1 0 2 1 0 4 1 0 1 4 1 3 2 3 3 1 1 4 0 0 0 3 0 3 1 0 1 1 3 2 2 2 2 2 2 5 2 2 1 2 1 3 4 3 4 0 2 0 3 1 1 1 4 1 2 4 4 2 2 1 1 3 0 0 4 1 2 1 1 1 6 2 1 1 3 1 3 1 2 0 2 0 4 4 4 1 3 2 1 3 4 5 0 3 6 0 0 0 1 0 0 1 3 4 5 5 3 0 2 0 1 1 1 0 1 2 0 5 1 7 0 3 2 3 2 2 2 0 0 2 2 4 1 1 2 1 3 3 3 3 4 1 1 3 0 0 3 2 5 1 3 1 1 5 3 4 1 3 2 2 1 3 1 2 4 0 1 4 0 2 2 1 3 4 1 3 1 4 4 3 2 1 2 0 2 1 0 2 2 2 3 1 4 2 2 2 0 2 4 1 4 3 1 2 0 4 2 3 3 2 2 2 0 0 5 0 1 2 3 0 2 2 0 3 1 3 1 0 2 5 1 0 1 0 2 1 2 1 2 0 1 5 2 3 1 2 1 1 1 1 3 2 2 3 1 2 4 2 1 0 2 2 2 0 1 5 2 2 7 2 3 2 0 4 1 4 2 4 3 2 0 0 1 2 1 3 5 1 2 4 2 3 4 2 0 0 3 3 3 3 2 2 3 3 3 4 0 2 4 3 4 4 1 1 3 4 2 2 3 3 1 3 2 1 2 3 0 3 1 2 5 1 1 1 3 1 2 3 4 1 4 1 1 4 2 2 4 2 3 3 0 3 1 1 0 1 5 5 1 0 1 2 4 2 1 2 2 1 2 3 1 1 3 2 2 1 5 1 2 2 0 1 1 3 2 2 2 3 6 2 2 0 1 0 1 1 3 3 0 2 5 2 3 1 3 3 3 0 4 2 1 0 1 7 2 1 4 2 2 0 1 2 2 3 1 2 1 1 0 3 1 0 0 1 4 3 2 3 7 1 4 0 1 1 2 3 1 2 1 3 4 0 1 3 3 2 2 2 2 5 1 2 3 2 1 3 2 3 2 0 1 3 0 3 2 2 2 0 0 2 4 2 2 1 1 1 3 1 0 4 0 2 3 2 1 3 3 3 2 1 1 1 1 2 1 2 3 0 0 3 0 2 5 2 0 2 5 1 1 2 1 2 2 1 2 2 3 3 1 1 2 2 0 2 1 0 1 7 4 0 4 0 2 1 3 4 0 2 3 1 3 1 2 1 0 1 1 3 2 2 5 2 2 3 3 2 3 1 2 2 2 1 3 0 4 1 3 1 2 1 4 2 1 2 1 1 3 0 2 2 5 3 5 0 2 0 1 2 1 3 1 1 4 3 2 2 2 1 0 3 2 0 1 1 1 3 2 1 5 1 1 3 0 2 1 1 1 1 0 1 4 2 3 3 1 2 4 3 1 1 3 3 0 0 1 1 2 2 0 3 1 1 2 3 2 2 4 2 3 2 1 2 2 1 2 0 1 3 1 3 3 2 3 1 0 0 1 4 1 2 2 4 1 1 2 2 2 4 3 3 3 2 0 0 2 1 1 3 3 2 1 1 2 5 3 4 3 3 0 3 1 4 2 1 2 1 3 2 3 2 2 4 3 3 1 2 2 5 2 2 4 1 1 5 3 3 0 1 1 1 3 0 3 2 0 1 4 0 2 1 6 2 3 2 2 3 3 1 3 1 5 1 0 1 2 3 1 3 0 1 2 0 4 2 4 1 3 1 2 2 1 3 4 2 3 0 3 1 4 0 2 0 3 1 4 2 4 5 1 3 3 4 3 4 5 2 2 3 2 0 0 0 4 2 2 2 3 2 1 4 3 2 6 1 0 3 2 2 2 2 1 1 4 4 1 1 0 1 3 3 1 4 4 2 1 2 3 1 0 3 2 0 2 2 4 3 2 1 0 1 3 0 0 2 2 1 2 2 0 4 2 4 4 0 1 0 0 1 0 2 1 2 3 3 0 0 2 0 3 2 7 3 0 3 3 1 2 2 5 3 1 2 4 2 1 3 3 1 0 1 2 0 4 2 4 0 2 0 0 0 2 2 7 1 1 3 1 0 2 2 2 1 1 4 2 2 5 1 2 0 4 2 3 1 2 3 2 2 2 2 0 3 2 3 4 2 3 3 2 1 1 4 3 2 4 1 2 1 1 2 1 2 1 0 1 4 3 3 0 1 1 2 0 1 3 3 2 1 3 4 2 1 1 1 5 0 1 4 3 0 0 1 2 2 3 2 2 2 3 4 1 2 4 1 1 3 1 2 2 1 3 3 3 1 3 2 7 3 0 2 4 4 1 1 0 2 2 2 0 2 2 1 2 1 3 1 1 4 3 1 2 1 3 0 5 1 1 4 2 4 1 3 0 3 0 1 3 2 3 3 1 0 1 3 1 1 0 3 1 4 2 4 3 3 3 2 1 1 3 4 0 1 2 2 2 0 3 1 1 1 2 3 1 1 3 2 1 0 4 2 3 3 1 4 4 0 2 1 2 1 1 1 3 1 3 1 4 1 3 1 1 1 3 2 1 2 2 0 2 4 1 0 3 3 3 2 0 3 2 1 1 1 2 2 3 2 2 3 0 2 2 3 3 3 2 0 3 3 0 1 3 2 0 0 2 1 1 1 1 3 5 1 0 0 1 3 2 0 2 3 1 2 0 2 3 0 0 3 1 0 3 3 0 0 3 3 4 1 1 2 1 1 6 2 2 1 5 3 1 0 1 2 4 3 0 3 4 2 2 2 3 0 2 0 2 2 0 0 2 1 1 1 1 2 2 2 3 4 2 1 2 4 2 3 2 2 1 0 0 1 1 2 2 1 3 0 1 1 1 5 4 2 1 4 1 1 1 3 1 1 5 2 1 4 5 1 2 1 1 2 4 1 1 4 3 1 2 0 3 3 1 0 1 1 3 0 1 4 2 1 0 1 1 1 4 3 2 3 2 4 3 1 3 0 1 0 2 4 1 2 2 5 2 3 4 2 5 2 3 1 1 3 3 3 2 3 4 2 1 2 2 0 1 1 2 1 3 2 1 3 1 0 3 2 3 0 0 4 4 3 2 3 2 3 2 2 1 3 2 1 2 1 0 2 2 1 1 1 2 2 4 2 0 0 2 4 1 6 2 2 2 2 2 1 3 1 3 2 2 1 1 4 0 2 0 1 3 1 1 2 2 1 2 1 5 2 4 4 1 0 2 0 2 0 4 3 0 1 4 2 1 5 0 1 0 0 1 3 1 2 1 3 2 3 4 0 1 3 3 3 3 0 1 4 1 2 0 2 3 1 1 1 4 1 5 1 5 1 3 0 1 2 2 2 3 3 2 2 3 2 1 1 0 2 3 4 1 1 1 0 2 1 3 1 4 2 1 0 2 3 1 3 1 1 1 3 5 3 0 2 7 2 1 1 4 1 1 2 2 3 1 0 3 3 3 3 2 1 6 2 1 2 2 0 4 1 3 4 0 3 1 3 0 2 6 1 0 2 3 2 3 3 1 2 2 1 3 0 3 2 1 1 4 4 0 3 3 2 3 1 2 0 4 0 2 0 1 1 2 3 2 1 1 1 1 2 1 0 2 1 1 1 2 4 1 1 0 1 2 2 2 3 1 2 5 2 3 3 0 1 0 0 1 1 1 3 1 1 2 1 5 2 3 3 4 1 3 1 0 1 2 1 3 2 1 2 2 5 2 2 1 2 3 1 3 3 2 0 1 2 3 2 0 2 0 1 3 2 3 3 2 1 2 2 3 3 1 2 2 1 1 2 0 1 2 1 2 0 3 2 3 2 2 4 0 2 1 1 2 2 1 2 1 0 0 3 3 0 2 2 0 1 2 4 2 1 1 2 3 1 3 1 2 0 1 2 1 2 2 2 3 1 3 2 2 3 2 2 0 3 4 2 2 0 1 1 0 4 1 1 4 1 4 0 1 1 4 4 1 3 5 2 0 2 2 1 1 1 2 4 2 2 2 1 2 2 1 1 1 3 4 1 0 3 6 3 2 2 1 1 2 2 4 1 4 1 1 2 2 1 0 2 4 2 2 2 4 1 1 3 2 2 2 0 2 1 1 3 1 0 2 1 2 2 3 1 2 3 1 0 5 1 4 3 2 1 2 1 2 2 1 1 1 7 1 1 2 1 2 3 1 1 1 1 2 3 4 3 2 3 2 2 1 5 1 1 2 3 2 1 2 2 6 0 3 0 3 3 2 1 1 2 0 2 2 0 3 0 4 0 2 1 4 1 2 3 2 1 2 4 4 2 1 3 2 4 1 3 0 5 1 0 3 3 1 1 4 1 3 2 1 1 2 1 1 1 1 2 1 4 3 0 0 0 2 4 4 3 1 1 2 2 2 1 1 1 3 2 2 1 2 2 3 0 1 2 0 1 2 1 1 2 3 2 2 3 4 2 1 2 3 0 2 2 3 1 1 2 5 2 2 1 2 3 3 2 0 2 4 1 0 0 0 2 5 5 2 3 0 1 4 2 0 1 3 3 2 1 2 2 2 3 5 0 3 0 1 2 2 5 2 2 2 3 1 2 2 3 1 2 3 2 4 1 1 1 2 1 1 4 2 1 3 1 3 1 1 1 0 3 2 3 2 3 2 2 3 4 0 1 2 2 1 2 0 2 2 1 1 1 1 1 1 2 5 2 3 4 1 2 1 2 2 1 3 1 4 1 3 1 2 3 4 2 3 2 2 4 2 2 1 3 1 2 3 1 2 3 2 3 1 1 1 0 4 4 4 0 2 6 0 2 3 0 1 3 2 3 0 2 0 0 2 1 7 2 1 3 3 0 2 2 3 2 0 3 2 0 3 1 4 3 1 2 1 5 2 3 3 2 2 1 3 0 2 1 1 0 5 3 4 0 2 2 2 2 3 1 2 2 4 1 2 0 0 2 2 2 2 3 3 2 1 3 2 1 0 4 0 2 1 4 3 0 2 0 0 3 4 6 4 1 2 5 1 0 3 3 2 3 2 3 0 1 0 1 2 2 1 4 1 1 3 2 1 1 4 1 4 2 1 4 1 0 1 2 3 1 4 1 2 1 2 1 3 1 3 1 3 2 1 1 2 1 3 1 1 2 1 1 1 6 3 4 1 0 1 3 2 2 2 5 2 1 4 2 0 2 5 4 2 1 2 2 2 1 3 4 1 3 3 2 0 0 3 2 3 1 1 1 2 1 0 2 2 4 1 4 4 0 2 1 0 2 2 1 1 2 1 1 3 1 1 0 4 3 1 2 2 3 0 3 1 4 6 4 0 0 1 1 2 1 3 3 2 3 2 2 2 1 2 2 1 3 3 2 2 0 1 0 0 2 6 3 2 0 1 3 0 1 4 0 2 4 1 5 1 4 0 1 0 4 2 2 1 0 0 2 3 1 0 2 3 2 2 1 2 0 2 4 5 1 2 1 1 1 2 1 5 1 3 3 3 0 3 2 3 3 4 1 3 3 1 3 3 1 4 1 1 0 1 4 4 1 2 3 2 2 2 2 4 3 2 1 5 4 1 1 1 3 0 1 3 1 0 4 3 2 1 3 4 2 2 2 2 1 3 4 2 4 2 0 0 2 1 0 2 1 2 2 3 1 3 4 0 2 1 1 3 1 3 1 1 2 4 1 0 3 5 3 3 0 1 2 1 2 4 4 2 0 2 3 0 2 0 2 4 4 3 1 2 2 1 2 0 4 3 5 3 2 1 2 0 3 3 0 2 2 0 2 1 3 0 4 1 4 1 0 4 0 2 1 1 1 4 0 1 3 3 2 0 0 1 4 2 1 5 4 1 2 1 0 1 3 3 1 3 1 2 1 1 3 5 1 2 2 2 0 1 1 3 0 3 4 1 1 1 1 3 2 3 1 2 2 3 5 1 1 1 1 0 0 4 4 2 4 3 1 1 2 2 1 5 0 4 2 3 3 1 1 2 4 2 0 3 2 0 2 3 0 2 1 1 6 1 4 2 1 2 0 2 3 1 2 3 2 1 0 1 2 3 2 2 3 0 2 2 6 2 0 1 1 3 4 0 3 1 0 1 1 1 2 0 1 2 2 1 3 1 2 3 2 2 4 2 1 0 1 1 2 1 0 1 3 2 0 1 1 1 4 2 2 2 2 2 1 1 4 5 1 5 0 2 2 2 5 1 2 0 5 3 0 1 3 2 1 4 3 1 3 2 1 3 0 2 2 0 4 1 3 2 2 2 1 1 1 5 0 2 5 0 2 1 3 2 0 1 3 3 2 1 2 1 1 2 3 4 0 2 0 2 2 1 3 3 1 0 2 1 2 3 3 1 0 5 3 3 1 0 2 2 3 2 2 4 3 2 3 0 2 1 4 2 3 4 0 0 0 2 2 1 3 2 3 7 1 1 5 1 4 1 3 3 3 2 3 2 0 1 0 3 1 3 5 1 2 1 2 2 1 1 4 1 3 3 3 2 4 2 1 2 3 1 3 0 0 2 0 4 5 1 4 1 3 1 2 3 2 4 2 4 3 0 1 3 1 3 4 3 3 2 3 0 2 3 3 1 1 1 0 3 0 5 0 1 3 1 2 1 2 3 3 3 4 2 2 1 1 1 4 4 5 1 1 1 1 4 1 0 1 3 0 2 0 0 3 1 2 0 2 4 2 3 4 3 3 1 1 3 2 1 0 2 2 1 0 4 1 2 2 1 0 0 1 1 1 0 2 3 6 5 2 0 4 0 3 1 3 4 1 1 4 1 1 4 6 0 0 1 1 3 2 0 6 4 3 2 1 1 1 0 0 3 3 4 3 1 1 0 3 1 3 2 5 2 3 4 0 1 2 3 2 1 2 3 3 2 1 3 4 1 1 1 1 1 2 0 2 2 4 1 3 5 2 1 2 2 2 1 1 1 3 1 2 1 3 0 2 3 1 3 2 1 4 1 1 1 2 3 3 4 3 1 1 3 1 3 2 4 6 0 3 0 1 4 0 1 1 3 2 1 3 3 3 1 0 3 2 2 1 2 1 0 1 3 2 1 2 2 4 1 1 1 3 1 3 2 1 1 2 3 1 3 3 0 2 1 2 0 4 2 2 2 1 3 0 3 0 3 2 2 1 2 3 1 1 4 1 2 0 2 2 1 0 4 5 1 4 1 1 1 2 1 1 2 2 1 2 0 2 1 3 3 4 1 4 1 2 2 2 0 3 1 0 1 1 2 0 3 5 6 1 2 1 2 1 1 3 3 2 4 2 1 1 3 1 1 2 1 8 1 1 3 2 2 3 3 1 3 2 0 5 4 2 1 2 1 2 1 2 2 0 2 1 1 0 1 1 2 
</Matrix>
   <Matrix name="xloc" type="complete" rows="1" columns="900" multiplier="1.0">
   0 1 2 3 4 5 6 7 8 9 10 11 12 13 14 15 16 17 18 19 20 21 22 23 24 25 26 27 28 29 0 1 2 3 4 5 6 7 8 9 10 11 12 13 14 15 16 17 18 19 20 21 22 23 24 25 26 27 28 29 0 1 2 3 4 5 6 7 8 9 10 11 12 13 14 15 16 17 18 19 20 21 22 23 24 25 26 27 28 29 0 1 2 3 4 5 6 7 8 9 10 11 12 13 14 15 16 17 18 19 20 21 22 23 24 25 26 27 28 29 0 1 2 3 4 5 6 7 8 9 10 11 12 13 14 15 16 17 18 19 20 21 22 23 24 25 26 27 28 29 0 1 2 3 4 5 6 7 8 9 10 11 12 13 14 15 16 17 18 19 20 21 22 23 24 25 26 27 28 29 0 1 2 3 4 5 6 7 8 9 10 11 12 13 14 15 16 17 18 19 20 21 22 23 24 25 26 27 28 29 0 1 2 3 4 5 6 7 8 9 10 11 12 13 14 15 16 17 18 19 20 21 22 23 24 25 26 27 28 29 0 1 2 3 4 5 6 7 8 9 10 11 12 13 14 15 16 17 18 19 20 21 22 23 24 25 26 27 28 29 0 1 2 3 4 5 6 7 8 9 10 11 12 13 14 15 16 17 18 19 20 21 22 23 24 25 26 27 28 29 0 1 2 3 4 5 6 7 8 9 10 11 12 13 14 15 16 17 18 19 20 21 22 23 24 25 26 27 28 29 0 1 2 3 4 5 6 7 8 9 10 11 12 13 14 15 16 17 18 19 20 21 22 23 24 25 26 27 28 29 0 1 2 3 4 5 6 7 8 9 10 11 12 13 14 15 16 17 18 19 20 21 22 23 24 25 26 27 28 29 0 1 2 3 4 5 6 7 8 9 10 11 12 13 14 15 16 17 18 19 20 21 22 23 24 25 26 27 28 29 0 1 2 3 4 5 6 7 8 9 10 11 12 13 14 15 16 17 18 19 20 21 22 23 24 25 26 27 28 29 0 1 2 3 4 5 6 7 8 9 10 11 12 13 14 15 16 17 18 19 20 21 22 23 24 25 26 27 28 29 0 1 2 3 4 5 6 7 8 9 10 11 12 13 14 15 16 17 18 19 20 21 22 23 24 25 26 27 28 29 0 1 2 3 4 5 6 7 8 9 10 11 12 13 14 15 16 17 18 19 20 21 22 23 24 25 26 27 28 29 0 1 2 3 4 5 6 7 8 9 10 11 12 13 14 15 16 17 18 19 20 21 22 23 24 25 26 27 28 29 0 1 2 3 4 5 6 7 8 9 10 11 12 13 14 15 16 17 18 19 20 21 22 23 24 25 26 27 28 29 0 1 2 3 4 5 6 7 8 9 10 11 12 13 14 15 16 17 18 19 20 21 22 23 24 25 26 27 28 29 0 1 2 3 4 5 6 7 8 9 10 11 12 13 14 15 16 17 18 19 20 21 22 23 24 25 26 27 28 29 0 1 2 3 4 5 6 7 8 9 10 11 12 13 14 15 16 17 18 19 20 21 22 23 24 25 26 27 28 29 0 1 2 3 4 5 6 7 8 9 10 11 12 13 14 15 16 17 18 19 20 21 22 23 24 25 26 27 28 29 0 1 2 3 4 5 6 7 8 9 10 11 12 13 14 15 16 17 18 19 20 21 22 23 24 25 26 27 28 29 0 1 2 3 4 5 6 7 8 9 10 11 12 13 14 15 16 17 18 19 20 21 22 23 24 25 26 27 28 29 0 1 2 3 4 5 6 7 8 9 10 11 12 13 14 15 16 17 18 19 20 21 22 23 24 25 26 27 28 29 0 1 2 3 4 5 6 7 8 9 10 11 12 13 14 15 16 17 18 19 20 21 22 23 24 25 26 27 28 29 0 1 2 3 4 5 6 7 8 9 10 11 12 13 14 15 16 17 18 19 20 21 22 23 24 25 26 27 28 29 0 1 2 3 4 5 6 7 8 9 10 11 12 13 14 15 16 17 18 19 20 21 22 23 24 25 26 27 28 29 
</Matrix>
   <Matrix name="yloc" type="complete" rows="1" columns="900" multiplier="1.0">
   0 0 0 0 0 0 0 0 0 0 0 0 0 0 0 0 0 0 0 0 0 0 0 0 0 0 0 0 0 0 1 1 1 1 1 1 1 1 1 1 1 1 1 1 1 1 1 1 1 1 1 1 1 1 1 1 1 1 1 1 2 2 2 2 2 2 2 2 2 2 2 2 2 2 2 2 2 2 2 2 2 2 2 2 2 2 2 2 2 2 3 3 3 3 3 3 3 3 3 3 3 3 3 3 3 3 3 3 3 3 3 3 3 3 3 3 3 3 3 3 4 4 4 4 4 4 4 4 4 4 4 4 4 4 4 4 4 4 4 4 4 4 4 4 4 4 4 4 4 4 5 5 5 5 5 5 5 5 5 5 5 5 5 5 5 5 5 5 5 5 5 5 5 5 5 5 5 5 5 5 6 6 6 6 6 6 6 6 6 6 6 6 6 6 6 6 6 6 6 6 6 6 6 6 6 6 6 6 6 6 7 7 7 7 7 7 7 7 7 7 7 7 7 7 7 7 7 7 7 7 7 7 7 7 7 7 7 7 7 7 8 8 8 8 8 8 8 8 8 8 8 8 8 8 8 8 8 8 8 8 8 8 8 8 8 8 8 8 8 8 9 9 9 9 9 9 9 9 9 9 9 9 9 9 9 9 9 9 9 9 9 9 9 9 9 9 9 9 9 9 10 10 10 10 10 10 10 10 10 10 10 10 10 10 10 10 10 10 10 10 10 10 10 10 10 10 10 10 10 10 11 11 11 11 11 11 11 11 11 11 11 11 11 11 11 11 11 11 11 11 11 11 11 11 11 11 11 11 11 11 12 12 12 12 12 12 12 12 12 12 12 12 12 12 12 12 12 12 12 12 12 12 12 12 12 12 12 12 12 12 13 13 13 13 13 13 13 13 13 13 13 13 13 13 13 13 13 13 13 13 13 13 13 13 13 13 13 13 13 13 14 14 14 14 14 14 14 14 14 14 14 14 14 14 14 14 14 14 14 14 14 14 14 14 14 14 14 14 14 14 15 15 15 15 15 15 15 15 15 15 15 15 15 15 15 15 15 15 15 15 15 15 15 15 15 15 15 15 15 15 16 16 16 16 16 16 16 16 16 16 16 16 16 16 16 16 16 16 16 16 16 16 16 16 16 16 16 16 16 16 17 17 17 17 17 17 17 17 17 17 17 17 17 17 17 17 17 17 17 17 17 17 17 17 17 17 17 17 17 17 18 18 18 18 18 18 18 18 18 18 18 18 18 18 18 18 18 18 18 18 18 18 18 18 18 18 18 18 18 18 19 19 19 19 19 19 19 19 19 19 19 19 19 19 19 19 19 19 19 19 19 19 19 19 19 19 19 19 19 19 20 20 20 20 20 20 20 20 20 20 20 20 20 20 20 20 20 20 20 20 20 20 20 20 20 20 20 20 20 20 21 21 21 21 21 21 21 21 21 21 21 21 21 21 21 21 21 21 21 21 21 21 21 21 21 21 21 21 21 21 22 22 22 22 22 22 22 22 22 22 22 22 22 22 22 22 22 22 22 22 22 22 22 22 22 22 22 22 22 22 23 23 23 23 23 23 23 23 23 23 23 23 23 23 23 23 23 23 23 23 23 23 23 23 23 23 23 23 23 23 24 24 24 24 24 24 24 24 24 24 24 24 24 24 24 24 24 24 24 24 24 24 24 24 24 24 24 24 24 24 25 25 25 25 25 25 25 25 25 25 25 25 25 25 25 25 25 25 25 25 25 25 25 25 25 25 25 25 25 25 26 26 26 26 26 26 26 26 26 26 26 26 26 26 26 26 26 26 26 26 26 26 26 26 26 26 26 26 26 26 27 27 27 27 27 27 27 27 27 27 27 27 27 27 27 27 27 27 27 27 27 27 27 27 27 27 27 27 27 27 28 28 28 28 28 28 28 28 28 28 28 28 28 28 28 28 28 28 28 28 28 28 28 28 28 28 28 28 28 28 29 29 29 29 29 29 29 29 29 29 29 29 29 29 29 29 29 29 29 29 29 29 29 29 29 29 29 29 29 29 
</Matrix>
   <Matrix name="neuronTypes" type="complete" rows="1" columns="900" multiplier="1.0">
   2 2 1 2 2 2 2 2 2 2 2 2 1 2 2 2 2 2 2 2 2 2 1 2 2 2 2 2 2 2 2 2 2 2 2 2 2 2 2 2 2 2 2 2 2 2 2 2 2 2 2 2 2 2 2 2 2 2 2 2 2 2 2 2 2 1 2 2 1 2 2 2 2 2 2 1 2 2 1 2 2 2 2 2 2 1 2 2 1 2 2 2 1 2 2 2 2 2 2 2 2 2 1 2 2 2 2 2 2 2 2 2 1 2 2 2 2 2 2 2 2 2 2 2 2 2 2 2 2 2 2 2 2 2 2 2 2 2 2 2 2 2 2 2 2 2 2 2 2 2 2 2 2 2 2 1 2 2 1 2 2 2 2 2 2 1 2 2 1 2 2 2 2 2 2 1 2 2 1 2 2 2 1 2 2 2 2 2 2 2 2 2 1 2 2 2 2 2 2 2 2 2 1 2 2 2 2 2 2 2 2 2 2 2 2 2 2 2 2 2 2 2 2 2 2 2 2 2 2 2 2 2 2 2 2 2 2 2 2 2 2 2 2 2 2 1 2 2 1 2 2 2 2 2 2 1 2 2 1 2 2 2 2 2 2 1 2 2 1 2 2 2 1 2 2 2 2 2 2 2 2 2 1 2 2 2 2 2 2 2 2 2 1 2 2 2 2 2 2 2 2 2 2 2 2 2 2 2 1 2 2 2 2 2 2 2 2 2 1 2 2 2 2 2 2 2 2 2 1 2 2 2 2 2 2 2 2 2 2 2 2 2 2 2 2 2 2 2 2 2 2 2 2 2 2 2 2 2 2 2 2 2 1 2 2 1 2 2 2 2 2 2 1 2 2 1 2 2 2 2 2 2 1 2 2 1 2 2 2 2 2 2 2 2 2 2 2 2 1 2 2 2 2 2 2 2 2 2 1 2 2 2 2 2 2 2 2 2 1 2 2 2 2 2 2 2 2 2 2 2 2 2 2 2 2 2 2 2 2 2 2 2 2 2 2 2 2 2 2 2 2 2 1 2 2 1 2 2 2 2 2 2 1 2 2 1 2 2 2 2 2 2 1 2 2 1 2 2 2 2 2 2 2 2 2 2 2 2 1 2 2 2 2 2 2 2 2 2 1 2 2 2 2 2 2 2 2 2 1 2 2 2 2 2 2 2 2 2 2 2 2 2 2 2 2 2 2 2 2 2 2 2 2 2 2 2 2 2 2 2 2 2 1 2 2 1 2 2 2 2 2 2 1 2 2 1 2 2 2 2 2 2 1 2 2 1 2 2 2 2 2 2 2 2 2 2 2 2 1 2 2 2 2 2 2 2 2 2 1 2 2 2 2 2 2 2 2 2 1 2 2 2 1 2 2 2 2 2 2 2 2 2 1 2 2 2 2 2 2 2 2 2 1 2 2 2 2 2 2 2 2 2 2 2 2 2 2 2 2 2 2 2 2 2 2 2 2 2 2 2 2 2 2 2 2 2 2 2 2 2 2 2 2 2 2 1 2 2 1 2 2 2 2 2 2 1 2 2 1 2 2 2 2 2 2 1 2 2 1 2 2 2 1 2 2 2 2 2 2 2 2 2 1 2 2 2 2 2 2 2 2 2 1 2 2 2 2 2 2 2 2 2 2 2 2 2 2 2 2 2 2 2 2 2 2 2 2 2 2 2 2 2 2 2 2 2 2 2 2 2 2 2 2 2 2 1 2 2 1 2 2 2 2 2 2 1 2 2 1 2 2 2 2 2 2 1 2 2 1 2 2 2 1 2 2 2 2 2 2 2 2 2 1 2 2 2 2 2 2 2 2 2 1 2 2 2 2 2 2 2 2 2 2 2 2 2 2 2 2 2 2 2 2 2 2 2 2 2 2 2 2 2 2 2 2 2 2 2 2 2 2 2 2 2 2 1 2 2 1 2 2 2 2 2 2 1 2 2 1 2 2 2 2 2 2 1 2 2 1 2 2 2 1 2 2 2 2 2 2 2 2 2 1 2 2 2 2 2 2 2 2 2 1 2 2 2 2 2 2 2 
</Matrix>
   <Matrix name="starterNeurons" type="complete" rows="1" columns="90" multiplier="1.0">
   7 17 27 31 34 41 44 51 54 97 107 117 121 124 131 134 141 144 187 197 207 211 214 221 224 231 234 277 287 297 307 317 327 331 334 341 344 351 354 397 407 417 421 424 431 434 441 444 487 497 507 511 514 521 524 531 534 577 587 597 607 617 627 631 634 641 644 651 654 697 707 717 721 724 731 734 741 744 787 797 807 811 814 821 824 831 834 877 887 897 
</Matrix>
   <Matrix name="neuronThresh" type="complete" rows="1" columns="900" multiplier="1.0">
   0.015 0.015 0.015 0.015 0.015 0.015 0.015 0.0136439 0.015 0.015 0.015 0.015 0.015 0.015 0.015 0.015 0.015 0.0135698 0.015 0.015 0.015 0.015 0.015 0.015 0.015 0.015 0.015 0.0136035 0.015 0.015 0.015 0.0136205 0.015 0.015 0.0136548 0.015 0.015 0.015 0.015 0.015 0.015 0.0136523 0.015 0.015 0.0135773 0.015 0.015 0.015 0.015 0.015 0.015 0.0136396 0.015 0.015 0.0135992 0.015 0.015 0.015 0.015 0.015 0.015 0.015 0.015 0.015 0.015 0.015 0.015 0.015 0.015 0.015 0.015 0.015 0.015 0.015 0.015 0.015 0.015 0.015 0.015 0.015 0.015 0.015 0.015 0.015 0.015 0.015 0.015 0.015 0.015 0.015 0.015 0.015 0.015 0.015 0.015 0.015 0.015 0.0136163 0.015 0.015 0.015 0.015 0.015 0.015 0.015 0.015 0.015 0.0136357 0.015 0.015 0.015 0.015 0.015 0.015 0.015 0.015 0.015 0.0136223 0.015 0.015 0.015 0.0136272 0.015 0.015 0.0135701 0.015 0.015 0.015 0.015 0.015 0.015 0.0135748 0.015 0.015 0.0135779 0.015 0.015 0.015 0.015 0.015 0.015 0.0136135 0.015 0.015 0.0136465 0.015 0.015 0.015 0.015 0.015 0.015 0.015 0.015 0.015 0.015 0.015 0.015 0.015 0.015 0.015 0.015 0.015 0.015 0.015 0.015 0.015 0.015 0.015 0.015 0.015 0.015 0.015 0.015 0.015 0.015 0.015 0.015 0.015 0.015 0.015 0.015 0.015 0.015 0.015 0.015 0.015 0.015 0.0136323 0.015 0.015 0.015 0.015 0.015 0.015 0.015 0.015 0.015 0.013608 0.015 0.015 0.015 0.015 0.015 0.015 0.015 0.015 0.015 0.0136095 0.015 0.015 0.015 0.013569 0.015 0.015 0.0135809 0.015 0.015 0.015 0.015 0.015 0.015 0.0136278 0.015 0.015 0.0135908 0.015 0.015 0.015 0.015 0.015 0.015 0.0136468 0.015 0.015 0.0135825 0.015 0.015 0.015 0.015 0.015 0.015 0.015 0.015 0.015 0.015 0.015 0.015 0.015 0.015 0.015 0.015 0.015 0.015 0.015 0.015 0.015 0.015 0.015 0.015 0.015 0.015 0.015 0.015 0.015 0.015 0.015 0.015 0.015 0.015 0.015 0.015 0.015 0.015 0.015 0.015 0.015 0.015 0.0136072 0.015 0.015 0.015 0.015 0.015 0.015 0.015 0.015 0.015 0.0135994 0.015 0.015 0.015 0.015 0.015 0.015 0.015 0.015 0.015 0.0136304 0.015 0.015 0.015 0.015 0.015 0.015 0.015 0.015 0.015 0.0135665 0.015 0.015 0.015 0.015 0.015 0.015 0.015 0.015 0.015 0.0136164 0.015 0.015 0.015 0.015 0.015 0.015 0.015 0.015 0.015 0.0135824 0.015 0.015 0.015 0.0136507 0.015 0.015 0.0136407 0.015 0.015 0.015 0.015 0.015 0.015 0.0135699 0.015 0.015 0.0136457 0.015 0.015 0.015 0.015 0.015 0.015 0.0136186 0.015 0.015 0.0135945 0.015 0.015 0.015 0.015 0.015 0.015 0.015 0.015 0.015 0.015 0.015 0.015 0.015 0.015 0.015 0.015 0.015 0.015 0.015 0.015 0.015 0.015 0.015 0.015 0.015 0.015 0.015 0.015 0.015 0.015 0.015 0.015 0.015 0.015 0.015 0.015 0.015 0.015 0.015 0.015 0.015 0.015 0.0136527 0.015 0.015 0.015 0.015 0.015 0.015 0.015 0.015 0.015 0.0135869 0.015 0.015 0.015 0.015 0.015 0.015 0.015 0.015 0.015 0.0136385 0.015 0.015 0.015 0.0136005 0.015 0.015 0.0136322 0.015 0.015 0.015 0.015 0.015 0.015 0.0136261 0.015 0.015 0.0135684 0.015 0.015 0.015 0.015 0.015 0.015 0.0135713 0.015 0.015 0.0135878 0.015 0.015 0.015 0.015 0.015 0.015 0.015 0.015 0.015 0.015 0.015 0.015 0.015 0.015 0.015 0.015 0.015 0.015 0.015 0.015 0.015 0.015 0.015 0.015 0.015 0.015 0.015 0.015 0.015 0.015 0.015 0.015 0.015 0.015 0.015 0.015 0.015 0.015 0.015 0.015 0.015 0.015 0.0136541 0.015 0.015 0.015 0.015 0.015 0.015 0.015 0.015 0.015 0.013566 0.015 0.015 0.015 0.015 0.015 0.015 0.015 0.015 0.015 0.0135852 0.015 0.015 0.015 0.0136505 0.015 0.015 0.0135879 0.015 0.015 0.015 0.015 0.015 0.015 0.0136236 0.015 0.015 0.0136144 0.015 0.015 0.015 0.015 0.015 0.015 0.0136034 0.015 0.015 0.0135984 0.015 0.015 0.015 0.015 0.015 0.015 0.015 0.015 0.015 0.015 0.015 0.015 0.015 0.015 0.015 0.015 0.015 0.015 0.015 0.015 0.015 0.015 0.015 0.015 0.015 0.015 0.015 0.015 0.015 0.015 0.015 0.015 0.015 0.015 0.015 0.015 0.015 0.015 0.015 0.015 0.015 0.015 0.0136147 0.015 0.015 0.015 0.015 0.015 0.015 0.015 0.015 0.015 0.0136514 0.015 0.015 0.015 0.015 0.015 0.015 0.015 0.015 0.015 0.0136411 0.015 0.015 0.015 0.015 0.015 0.015 0.015 0.015 0.015 0.0136191 0.015 0.015 0.015 0.015 0.015 0.015 0.015 0.015 0.015 0.0135718 0.015 0.015 0.015 0.015 0.015 0.015 0.015 0.015 0.015 0.013576 0.015 0.015 0.015 0.0136071 0.015 0.015 0.0136263 0.015 0.015 0.015 0.015 0.015 0.015 0.0136053 0.015 0.015 0.0136438 0.015 0.015 0.015 0.015 0.015 0.015 0.0136535 0.015 0.015 0.0136371 0.015 0.015 0.015 0.015 0.015 0.015 0.015 0.015 0.015 0.015 0.015 0.015 0.015 0.015 0.015 0.015 0.015 0.015 0.015 0.015 0.015 0.015 0.015 0.015 0.015 0.015 0.015 0.015 0.015 0.015 0.015 0.015 0.015 0.015 0.015 0.015 0.015 0.015 0.015 0.015 0.015 0.015 0.0136276 0.015 0.015 0.015 0.015 0.015 0.015 0.015 0.015 0.015 0.0135897 0.015 0.015 0.015 0.015 0.015 0.015 0.015 0.015 0.015 0.0135677 0.015 0.015 0.015 0.0135831 0.015 0.015 0.0136462 0.015 0.015 0.015 0.015 0.015 0.015 0.0135891 0.015 0.015 0.0136239 0.015 0.015 0.015 0.015 0.015 0.015 0.0136447 0.015 0.015 0.0135898 0.015 0.015 0.015 0.015 0.015 0.015 0.015 0.015 0.015 0.015 0.015 0.015 0.015 0.015 0.015 0.015 0.015 0.015 0.015 0.015 0.015 0.015 0.015 0.015 0.015 0.015 0.015 0.015 0.015 0.015 0.015 0.015 0.015 0.015 0.015 0.015 0.015 0.015 0.015 0.015 0.015 0.015 0.0135851 0.015 0.015 0.015 0.015 0.015 0.015 0.015 0.015 0.015 0.0136368 0.015 0.015 0.015 0.015 0.015 0.015 0.015 0.015 0.015 0.0136232 0.015 0.015 0.015 0.0135709 0.015 0.015 0.0135869 0.015 0.015 0.015 0.015 0.015 0.015 0.013615 0.015 0.015 0.0136361 0.015 0.015 0.015 0.015 0.015 0.015 0.013633 0.015 0.015 0.0135895 0.015 0.015 0.015 0.015 0.015 0.015 0.015 0.015 0.015 0.015 0.015 0.015 0.015 0.015 0.015 0.015 0.015 0.015 0.015 0.015 0.015 0.015 0.015 0.015 0.015 0.015 0.015 0.015 0.015 0.015 0.015 0.015 0.015 0.015 0.015 0.015 0.015 0.015 0.015 0.015 0.015 0.015 0.0136087 0.015 0.015 0.015 0.015 0.015 0.015 0.015 0.015 0.015 0.0136257 0.015 0.015 0.015 0.015 0.015 0.015 0.015 0.015 0.015 0.0136321 0.015 0.015 
</Matrix>
   <Matrix name="Tsim" type="complete" rows="1" columns="1" multiplier="1.0">
   100
</Matrix>
   <Matrix name="simulationEndTime" type="complete" rows="1" columns="1" multiplier="1.0">
   1000
</Matrix>
</SimState>
