<?xml version="1.0" standalone="no"?>
<!-- State output file for the DCT growth modeling-->
<SimState>
   <Matrix name="radiiHistory" type="complete" rows="11" columns="10000" multiplier="1.0">
   0.4 0.4 0.4 0.4 0.4 0.4 0.4 0.4 0.4 0.4 0.4 0.4 0.4 0.4 0.4 0.4 0.4 0.4 0.4 0.4 0.4 0.4 0.4 0.4 0.4 0.4 0.4 0.4 0.4 0.4 0.4 0.4 0.4 0.4 0.4 0.4 0.4 0.4 0.4 0.4 0.4 0.4 0.4 0.4 0.4 0.4 0.4 0.4 0.4 0.4 0.4 0.4 0.4 0.4 0.4 0.4 0.4 0.4 0.4 0.4 0.4 0.4 0.4 0.4 0.4 0.4 0.4 0.4 0.4 0.4 0.4 0.4 0.4 0.4 0.4 0.4 0.4 0.4 0.4 0.4 0.4 0.4 0.4 0.4 0.4 0.4 0.4 0.4 0.4 0.4 0.4 0.4 0.4 0.4 0.4 0.4 0.4 0.4 0.4 0.4 0.4 0.4 0.4 0.4 0.4 0.4 0.4 0.4 0.4 0.4 0.4 0.4 0.4 0.4 0.4 0.4 0.4 0.4 0.4 0.4 0.4 0.4 0.4 0.4 0.4 0.4 0.4 0.4 0.4 0.4 0.4 0.4 0.4 0.4 0.4 0.4 0.4 0.4 0.4 0.4 0.4 0.4 0.4 0.4 0.4 0.4 0.4 0.4 0.4 0.4 0.4 0.4 0.4 0.4 0.4 0.4 0.4 0.4 0.4 0.4 0.4 0.4 0.4 0.4 0.4 0.4 0.4 0.4 0.4 0.4 0.4 0.4 0.4 0.4 0.4 0.4 0.4 0.4 0.4 0.4 0.4 0.4 0.4 0.4 0.4 0.4 0.4 0.4 0.4 0.4 0.4 0.4 0.4 0.4 0.4 0.4 0.4 0.4 0.4 0.4 0.4 0.4 0.4 0.4 0.4 0.4 0.4 0.4 0.4 0.4 0.4 0.4 0.4 0.4 0.4 0.4 0.4 0.4 0.4 0.4 0.4 0.4 0.4 0.4 0.4 0.4 0.4 0.4 0.4 0.4 0.4 0.4 0.4 0.4 0.4 0.4 0.4 0.4 0.4 0.4 0.4 0.4 0.4 0.4 0.4 0.4 0.4 0.4 0.4 0.4 0.4 0.4 0.4 0.4 0.4 0.4 0.4 0.4 0.4 0.4 0.4 0.4 0.4 0.4 0.4 0.4 0.4 0.4 0.4 0.4 0.4 0.4 0.4 0.4 0.4 0.4 0.4 0.4 0.4 0.4 0.4 0.4 0.4 0.4 0.4 0.4 0.4 0.4 0.4 0.4 0.4 0.4 0.4 0.4 0.4 0.4 0.4 0.4 0.4 0.4 0.4 0.4 0.4 0.4 0.4 0.4 0.4 0.4 0.4 0.4 0.4 0.4 0.4 0.4 0.4 0.4 0.4 0.4 0.4 0.4 0.4 0.4 0.4 0.4 0.4 0.4 0.4 0.4 0.4 0.4 0.4 0.4 0.4 0.4 0.4 0.4 0.4 0.4 0.4 0.4 0.4 0.4 0.4 0.4 0.4 0.4 0.4 0.4 0.4 0.4 0.4 0.4 0.4 0.4 0.4 0.4 0.4 0.4 0.4 0.4 0.4 0.4 0.4 0.4 0.4 0.4 0.4 0.4 0.4 0.4 0.4 0.4 0.4 0.4 0.4 0.4 0.4 0.4 0.4 0.4 0.4 0.4 0.4 0.4 0.4 0.4 0.4 0.4 0.4 0.4 0.4 0.4 0.4 0.4 0.4 0.4 0.4 0.4 0.4 0.4 0.4 0.4 0.4 0.4 0.4 0.4 0.4 0.4 0.4 0.4 0.4 0.4 0.4 0.4 0.4 0.4 0.4 0.4 0.4 0.4 0.4 0.4 0.4 0.4 0.4 0.4 0.4 0.4 0.4 0.4 0.4 0.4 0.4 0.4 0.4 0.4 0.4 0.4 0.4 0.4 0.4 0.4 0.4 0.4 0.4 0.4 0.4 0.4 0.4 0.4 0.4 0.4 0.4 0.4 0.4 0.4 0.4 0.4 0.4 0.4 0.4 0.4 0.4 0.4 0.4 0.4 0.4 0.4 0.4 0.4 0.4 0.4 0.4 0.4 0.4 0.4 0.4 0.4 0.4 0.4 0.4 0.4 0.4 0.4 0.4 0.4 0.4 0.4 0.4 0.4 0.4 0.4 0.4 0.4 0.4 0.4 0.4 0.4 0.4 0.4 0.4 0.4 0.4 0.4 0.4 0.4 0.4 0.4 0.4 0.4 0.4 0.4 0.4 0.4 0.4 0.4 0.4 0.4 0.4 0.4 0.4 0.4 0.4 0.4 0.4 0.4 0.4 0.4 0.4 0.4 0.4 0.4 0.4 0.4 0.4 0.4 0.4 0.4 0.4 0.4 0.4 0.4 0.4 0.4 0.4 0.4 0.4 0.4 0.4 0.4 0.4 0.4 0.4 0.4 0.4 0.4 0.4 0.4 0.4 0.4 0.4 0.4 0.4 0.4 0.4 0.4 0.4 0.4 0.4 0.4 0.4 0.4 0.4 0.4 0.4 0.4 0.4 0.4 0.4 0.4 0.4 0.4 0.4 0.4 0.4 0.4 0.4 0.4 0.4 0.4 0.4 0.4 0.4 0.4 0.4 0.4 0.4 0.4 0.4 0.4 0.4 0.4 0.4 0.4 0.4 0.4 0.4 0.4 0.4 0.4 0.4 0.4 0.4 0.4 0.4 0.4 0.4 0.4 0.4 0.4 0.4 0.4 0.4 0.4 0.4 0.4 0.4 0.4 0.4 0.4 0.4 0.4 0.4 0.4 0.4 0.4 0.4 0.4 0.4 0.4 0.4 0.4 0.4 0.4 0.4 0.4 0.4 0.4 0.4 0.4 0.4 0.4 0.4 0.4 0.4 0.4 0.4 0.4 0.4 0.4 0.4 0.4 0.4 0.4 0.4 0.4 0.4 0.4 0.4 0.4 0.4 0.4 0.4 0.4 0.4 0.4 0.4 0.4 0.4 0.4 0.4 0.4 0.4 0.4 0.4 0.4 0.4 0.4 0.4 0.4 0.4 0.4 0.4 0.4 0.4 0.4 0.4 0.4 0.4 0.4 0.4 0.4 0.4 0.4 0.4 0.4 0.4 0.4 0.4 0.4 0.4 0.4 0.4 0.4 0.4 0.4 0.4 0.4 0.4 0.4 0.4 0.4 0.4 0.4 0.4 0.4 0.4 0.4 0.4 0.4 0.4 0.4 0.4 0.4 0.4 0.4 0.4 0.4 0.4 0.4 0.4 0.4 0.4 0.4 0.4 0.4 0.4 0.4 0.4 0.4 0.4 0.4 0.4 0.4 0.4 0.4 0.4 0.4 0.4 0.4 0.4 0.4 0.4 0.4 0.4 0.4 0.4 0.4 0.4 0.4 0.4 0.4 0.4 0.4 0.4 0.4 0.4 0.4 0.4 0.4 0.4 0.4 0.4 0.4 0.4 0.4 0.4 0.4 0.4 0.4 0.4 0.4 0.4 0.4 0.4 0.4 0.4 0.4 0.4 0.4 0.4 0.4 0.4 0.4 0.4 0.4 0.4 0.4 0.4 0.4 0.4 0.4 0.4 0.4 0.4 0.4 0.4 0.4 0.4 0.4 0.4 0.4 0.4 0.4 0.4 0.4 0.4 0.4 0.4 0.4 0.4 0.4 0.4 0.4 0.4 0.4 0.4 0.4 0.4 0.4 0.4 0.4 0.4 0.4 0.4 0.4 0.4 0.4 0.4 0.4 0.4 0.4 0.4 0.4 0.4 0.4 0.4 0.4 0.4 0.4 0.4 0.4 0.4 0.4 0.4 0.4 0.4 0.4 0.4 0.4 0.4 0.4 0.4 0.4 0.4 0.4 0.4 0.4 0.4 0.4 0.4 0.4 0.4 0.4 0.4 0.4 0.4 0.4 0.4 0.4 0.4 0.4 0.4 0.4 0.4 0.4 0.4 0.4 0.4 0.4 0.4 0.4 0.4 0.4 0.4 0.4 0.4 0.4 0.4 0.4 0.4 0.4 0.4 0.4 0.4 0.4 0.4 0.4 0.4 0.4 0.4 0.4 0.4 0.4 0.4 0.4 0.4 0.4 0.4 0.4 0.4 0.4 0.4 0.4 0.4 0.4 0.4 0.4 0.4 0.4 0.4 0.4 0.4 0.4 0.4 0.4 0.4 0.4 0.4 0.4 0.4 0.4 0.4 0.4 0.4 0.4 0.4 0.4 0.4 0.4 0.4 0.4 0.4 0.4 0.4 0.4 0.4 0.4 0.4 0.4 0.4 0.4 0.4 0.4 0.4 0.4 0.4 0.4 0.4 0.4 0.4 0.4 0.4 0.4 0.4 0.4 0.4 0.4 0.4 0.4 0.4 0.4 0.4 0.4 0.4 0.4 0.4 0.4 0.4 0.4 0.4 0.4 0.4 0.4 0.4 0.4 0.4 0.4 0.4 0.4 0.4 0.4 0.4 0.4 0.4 0.4 0.4 0.4 0.4 0.4 0.4 0.4 0.4 0.4 0.4 0.4 0.4 0.4 0.4 0.4 0.4 0.4 0.4 0.4 0.4 0.4 0.4 0.4 0.4 0.4 0.4 0.4 0.4 0.4 0.4 0.4 0.4 0.4 0.4 0.4 0.4 0.4 0.4 0.4 0.4 0.4 0.4 0.4 0.4 0.4 0.4 0.4 0.4 0.4 0.4 0.4 0.4 0.4 0.4 0.4 0.4 0.4 0.4 0.4 0.4 0.4 0.4 0.4 0.4 0.4 0.4 0.4 0.4 0.4 0.4 0.4 0.4 0.4 0.4 0.4 0.4 0.4 0.4 0.4 0.4 0.4 0.4 0.4 0.4 0.4 0.4 0.4 0.4 0.4 0.4 0.4 0.4 0.4 0.4 0.4 0.4 0.4 0.4 0.4 0.4 0.4 0.4 0.4 0.4 0.4 0.4 0.4 0.4 0.4 0.4 0.4 0.4 0.4 0.4 0.4 0.4 0.4 0.4 0.4 0.4 0.4 0.4 0.4 0.4 0.4 0.4 0.4 0.4 0.4 0.4 0.4 0.4 0.4 0.4 0.4 0.4 0.4 0.4 0.4 0.4 0.4 0.4 0.4 0.4 0.4 0.4 0.4 0.4 0.4 0.4 0.4 0.4 0.4 0.4 0.4 0.4 0.4 0.4 0.4 0.4 0.4 0.4 0.4 0.4 0.4 0.4 0.4 0.4 0.4 0.4 0.4 0.4 0.4 0.4 0.4 0.4 0.4 0.4 0.4 0.4 0.4 0.4 0.4 0.4 0.4 0.4 0.4 0.4 0.4 0.4 0.4 0.4 0.4 0.4 0.4 0.4 0.4 0.4 0.4 0.4 0.4 0.4 0.4 0.4 0.4 0.4 0.4 0.4 0.4 0.4 0.4 0.4 0.4 0.4 0.4 0.4 0.4 0.4 0.4 0.4 0.4 0.4 0.4 0.4 0.4 0.4 0.4 0.4 0.4 0.4 0.4 0.4 0.4 0.4 0.4 0.4 0.4 0.4 0.4 0.4 0.4 0.4 0.4 0.4 0.4 0.4 0.4 0.4 0.4 0.4 0.4 0.4 0.4 0.4 0.4 0.4 0.4 0.4 0.4 0.4 0.4 0.4 0.4 0.4 0.4 0.4 0.4 0.4 0.4 0.4 0.4 0.4 0.4 0.4 0.4 0.4 0.4 0.4 0.4 0.4 0.4 0.4 0.4 0.4 0.4 0.4 0.4 0.4 0.4 0.4 0.4 0.4 0.4 0.4 0.4 0.4 0.4 0.4 0.4 0.4 0.4 0.4 0.4 0.4 0.4 0.4 0.4 0.4 0.4 0.4 0.4 0.4 0.4 0.4 0.4 0.4 0.4 0.4 0.4 0.4 0.4 0.4 0.4 0.4 0.4 0.4 0.4 0.4 0.4 0.4 0.4 0.4 0.4 0.4 0.4 0.4 0.4 0.4 0.4 0.4 0.4 0.4 0.4 0.4 0.4 0.4 0.4 0.4 0.4 0.4 0.4 0.4 0.4 0.4 0.4 0.4 0.4 0.4 0.4 0.4 0.4 0.4 0.4 0.4 0.4 0.4 0.4 0.4 0.4 0.4 0.4 0.4 0.4 0.4 0.4 0.4 0.4 0.4 0.4 0.4 0.4 0.4 0.4 0.4 0.4 0.4 0.4 0.4 0.4 0.4 0.4 0.4 0.4 0.4 0.4 0.4 0.4 0.4 0.4 0.4 0.4 0.4 0.4 0.4 0.4 0.4 0.4 0.4 0.4 0.4 0.4 0.4 0.4 0.4 0.4 0.4 0.4 0.4 0.4 0.4 0.4 0.4 0.4 0.4 0.4 0.4 0.4 0.4 0.4 0.4 0.4 0.4 0.4 0.4 0.4 0.4 0.4 0.4 0.4 0.4 0.4 0.4 0.4 0.4 0.4 0.4 0.4 0.4 0.4 0.4 0.4 0.4 0.4 0.4 0.4 0.4 0.4 0.4 0.4 0.4 0.4 0.4 0.4 0.4 0.4 0.4 0.4 0.4 0.4 0.4 0.4 0.4 0.4 0.4 0.4 0.4 0.4 0.4 0.4 0.4 0.4 0.4 0.4 0.4 0.4 0.4 0.4 0.4 0.4 0.4 0.4 0.4 0.4 0.4 0.4 0.4 0.4 0.4 0.4 0.4 0.4 0.4 0.4 0.4 0.4 0.4 0.4 0.4 0.4 0.4 0.4 0.4 0.4 0.4 0.4 0.4 0.4 0.4 0.4 0.4 0.4 0.4 0.4 0.4 0.4 0.4 0.4 0.4 0.4 0.4 0.4 0.4 0.4 0.4 0.4 0.4 0.4 0.4 0.4 0.4 0.4 0.4 0.4 0.4 0.4 0.4 0.4 0.4 0.4 0.4 0.4 0.4 0.4 0.4 0.4 0.4 0.4 0.4 0.4 0.4 0.4 0.4 0.4 0.4 0.4 0.4 0.4 0.4 0.4 0.4 0.4 0.4 0.4 0.4 0.4 0.4 0.4 0.4 0.4 0.4 0.4 0.4 0.4 0.4 0.4 0.4 0.4 0.4 0.4 0.4 0.4 0.4 0.4 0.4 0.4 0.4 0.4 0.4 0.4 0.4 0.4 0.4 0.4 0.4 0.4 0.4 0.4 0.4 0.4 0.4 0.4 0.4 0.4 0.4 0.4 0.4 0.4 0.4 0.4 0.4 0.4 0.4 0.4 0.4 0.4 0.4 0.4 0.4 0.4 0.4 0.4 0.4 0.4 0.4 0.4 0.4 0.4 0.4 0.4 0.4 0.4 0.4 0.4 0.4 0.4 0.4 0.4 0.4 0.4 0.4 0.4 0.4 0.4 0.4 0.4 0.4 0.4 0.4 0.4 0.4 0.4 0.4 0.4 0.4 0.4 0.4 0.4 0.4 0.4 0.4 0.4 0.4 0.4 0.4 0.4 0.4 0.4 0.4 0.4 0.4 0.4 0.4 0.4 0.4 0.4 0.4 0.4 0.4 0.4 0.4 0.4 0.4 0.4 0.4 0.4 0.4 0.4 0.4 0.4 0.4 0.4 0.4 0.4 0.4 0.4 0.4 0.4 0.4 0.4 0.4 0.4 0.4 0.4 0.4 0.4 0.4 0.4 0.4 0.4 0.4 0.4 0.4 0.4 0.4 0.4 0.4 0.4 0.4 0.4 0.4 0.4 0.4 0.4 0.4 0.4 0.4 0.4 0.4 0.4 0.4 0.4 0.4 0.4 0.4 0.4 0.4 0.4 0.4 0.4 0.4 0.4 0.4 0.4 0.4 0.4 0.4 0.4 0.4 0.4 0.4 0.4 0.4 0.4 0.4 0.4 0.4 0.4 0.4 0.4 0.4 0.4 0.4 0.4 0.4 0.4 0.4 0.4 0.4 0.4 0.4 0.4 0.4 0.4 0.4 0.4 0.4 0.4 0.4 0.4 0.4 0.4 0.4 0.4 0.4 0.4 0.4 0.4 0.4 0.4 0.4 0.4 0.4 0.4 0.4 0.4 0.4 0.4 0.4 0.4 0.4 0.4 0.4 0.4 0.4 0.4 0.4 0.4 0.4 0.4 0.4 0.4 0.4 0.4 0.4 0.4 0.4 0.4 0.4 0.4 0.4 0.4 0.4 0.4 0.4 0.4 0.4 0.4 0.4 0.4 0.4 0.4 0.4 0.4 0.4 0.4 0.4 0.4 0.4 0.4 0.4 0.4 0.4 0.4 0.4 0.4 0.4 0.4 0.4 0.4 0.4 0.4 0.4 0.4 0.4 0.4 0.4 0.4 0.4 0.4 0.4 0.4 0.4 0.4 0.4 0.4 0.4 0.4 0.4 0.4 0.4 0.4 0.4 0.4 0.4 0.4 0.4 0.4 0.4 0.4 0.4 0.4 0.4 0.4 0.4 0.4 0.4 0.4 0.4 0.4 0.4 0.4 0.4 0.4 0.4 0.4 0.4 0.4 0.4 0.4 0.4 0.4 0.4 0.4 0.4 0.4 0.4 0.4 0.4 0.4 0.4 0.4 0.4 0.4 0.4 0.4 0.4 0.4 0.4 0.4 0.4 0.4 0.4 0.4 0.4 0.4 0.4 0.4 0.4 0.4 0.4 0.4 0.4 0.4 0.4 0.4 0.4 0.4 0.4 0.4 0.4 0.4 0.4 0.4 0.4 0.4 0.4 0.4 0.4 0.4 0.4 0.4 0.4 0.4 0.4 0.4 0.4 0.4 0.4 0.4 0.4 0.4 0.4 0.4 0.4 0.4 0.4 0.4 0.4 0.4 0.4 0.4 0.4 0.4 0.4 0.4 0.4 0.4 0.4 0.4 0.4 0.4 0.4 0.4 0.4 0.4 0.4 0.4 0.4 0.4 0.4 0.4 0.4 0.4 0.4 0.4 0.4 0.4 0.4 0.4 0.4 0.4 0.4 0.4 0.4 0.4 0.4 0.4 0.4 0.4 0.4 0.4 0.4 0.4 0.4 0.4 0.4 0.4 0.4 0.4 0.4 0.4 0.4 0.4 0.4 0.4 0.4 0.4 0.4 0.4 0.4 0.4 0.4 0.4 0.4 0.4 0.4 0.4 0.4 0.4 0.4 0.4 0.4 0.4 0.4 0.4 0.4 0.4 0.4 0.4 0.4 0.4 0.4 0.4 0.4 0.4 0.4 0.4 0.4 0.4 0.4 0.4 0.4 0.4 0.4 0.4 0.4 0.4 0.4 0.4 0.4 0.4 0.4 0.4 0.4 0.4 0.4 0.4 0.4 0.4 0.4 0.4 0.4 0.4 0.4 0.4 0.4 0.4 0.4 0.4 0.4 0.4 0.4 0.4 0.4 0.4 0.4 0.4 0.4 0.4 0.4 0.4 0.4 0.4 0.4 0.4 0.4 0.4 0.4 0.4 0.4 0.4 0.4 0.4 0.4 0.4 0.4 0.4 0.4 0.4 0.4 0.4 0.4 0.4 0.4 0.4 0.4 0.4 0.4 0.4 0.4 0.4 0.4 0.4 0.4 0.4 0.4 0.4 0.4 0.4 0.4 0.4 0.4 0.4 0.4 0.4 0.4 0.4 0.4 0.4 0.4 0.4 0.4 0.4 0.4 0.4 0.4 0.4 0.4 0.4 0.4 0.4 0.4 0.4 0.4 0.4 0.4 0.4 0.4 0.4 0.4 0.4 0.4 0.4 0.4 0.4 0.4 0.4 0.4 0.4 0.4 0.4 0.4 0.4 0.4 0.4 0.4 0.4 0.4 0.4 0.4 0.4 0.4 0.4 0.4 0.4 0.4 0.4 0.4 0.4 0.4 0.4 0.4 0.4 0.4 0.4 0.4 0.4 0.4 0.4 0.4 0.4 0.4 0.4 0.4 0.4 0.4 0.4 0.4 0.4 0.4 0.4 0.4 0.4 0.4 0.4 0.4 0.4 0.4 0.4 0.4 0.4 0.4 0.4 0.4 0.4 0.4 0.4 0.4 0.4 0.4 0.4 0.4 0.4 0.4 0.4 0.4 0.4 0.4 0.4 0.4 0.4 0.4 0.4 0.4 0.4 0.4 0.4 0.4 0.4 0.4 0.4 0.4 0.4 0.4 0.4 0.4 0.4 0.4 0.4 0.4 0.4 0.4 0.4 0.4 0.4 0.4 0.4 0.4 0.4 0.4 0.4 0.4 0.4 0.4 0.4 0.4 0.4 0.4 0.4 0.4 0.4 0.4 0.4 0.4 0.4 0.4 0.4 0.4 0.4 0.4 0.4 0.4 0.4 0.4 0.4 0.4 0.4 0.4 0.4 0.4 0.4 0.4 0.4 0.4 0.4 0.4 0.4 0.4 0.4 0.4 0.4 0.4 0.4 0.4 0.4 0.4 0.4 0.4 0.4 0.4 0.4 0.4 0.4 0.4 0.4 0.4 0.4 0.4 0.4 0.4 0.4 0.4 0.4 0.4 0.4 0.4 0.4 0.4 0.4 0.4 0.4 0.4 0.4 0.4 0.4 0.4 0.4 0.4 0.4 0.4 0.4 0.4 0.4 0.4 0.4 0.4 0.4 0.4 0.4 0.4 0.4 0.4 0.4 0.4 0.4 0.4 0.4 0.4 0.4 0.4 0.4 0.4 0.4 0.4 0.4 0.4 0.4 0.4 0.4 0.4 0.4 0.4 0.4 0.4 0.4 0.4 0.4 0.4 0.4 0.4 0.4 0.4 0.4 0.4 0.4 0.4 0.4 0.4 0.4 0.4 0.4 0.4 0.4 0.4 0.4 0.4 0.4 0.4 0.4 0.4 0.4 0.4 0.4 0.4 0.4 0.4 0.4 0.4 0.4 0.4 0.4 0.4 0.4 0.4 0.4 0.4 0.4 0.4 0.4 0.4 0.4 0.4 0.4 0.4 0.4 0.4 0.4 0.4 0.4 0.4 0.4 0.4 0.4 0.4 0.4 0.4 0.4 0.4 0.4 0.4 0.4 0.4 0.4 0.4 0.4 0.4 0.4 0.4 0.4 0.4 0.4 0.4 0.4 0.4 0.4 0.4 0.4 0.4 0.4 0.4 0.4 0.4 0.4 0.4 0.4 0.4 0.4 0.4 0.4 0.4 0.4 0.4 0.4 0.4 0.4 0.4 0.4 0.4 0.4 0.4 0.4 0.4 0.4 0.4 0.4 0.4 0.4 0.4 0.4 0.4 0.4 0.4 0.4 0.4 0.4 0.4 0.4 0.4 0.4 0.4 0.4 0.4 0.4 0.4 0.4 0.4 0.4 0.4 0.4 0.4 0.4 0.4 0.4 0.4 0.4 0.4 0.4 0.4 0.4 0.4 0.4 0.4 0.4 0.4 0.4 0.4 0.4 0.4 0.4 0.4 0.4 0.4 0.4 0.4 0.4 0.4 0.4 0.4 0.4 0.4 0.4 0.4 0.4 0.4 0.4 0.4 0.4 0.4 0.4 0.4 0.4 0.4 0.4 0.4 0.4 0.4 0.4 0.4 0.4 0.4 0.4 0.4 0.4 0.4 0.4 0.4 0.4 0.4 0.4 0.4 0.4 0.4 0.4 0.4 0.4 0.4 0.4 0.4 0.4 0.4 0.4 0.4 0.4 0.4 0.4 0.4 0.4 0.4 0.4 0.4 0.4 0.4 0.4 0.4 0.4 0.4 0.4 0.4 0.4 0.4 0.4 0.4 0.4 0.4 0.4 0.4 0.4 0.4 0.4 0.4 0.4 0.4 0.4 0.4 0.4 0.4 0.4 0.4 0.4 0.4 0.4 0.4 0.4 0.4 0.4 0.4 0.4 0.4 0.4 0.4 0.4 0.4 0.4 0.4 0.4 0.4 0.4 0.4 0.4 0.4 0.4 0.4 0.4 0.4 0.4 0.4 0.4 0.4 0.4 0.4 0.4 0.4 0.4 0.4 0.4 0.4 0.4 0.4 0.4 0.4 0.4 0.4 0.4 0.4 0.4 0.4 0.4 0.4 0.4 0.4 0.4 0.4 0.4 0.4 0.4 0.4 0.4 0.4 0.4 0.4 0.4 0.4 0.4 0.4 0.4 0.4 0.4 0.4 0.4 0.4 0.4 0.4 0.4 0.4 0.4 0.4 0.4 0.4 0.4 0.4 0.4 0.4 0.4 0.4 0.4 0.4 0.4 0.4 0.4 0.4 0.4 0.4 0.4 0.4 0.4 0.4 0.4 0.4 0.4 0.4 0.4 0.4 0.4 0.4 0.4 0.4 0.4 0.4 0.4 0.4 0.4 0.4 0.4 0.4 0.4 0.4 0.4 0.4 0.4 0.4 0.4 0.4 0.4 0.4 0.4 0.4 0.4 0.4 0.4 0.4 0.4 0.4 0.4 0.4 0.4 0.4 0.4 0.4 0.4 0.4 0.4 0.4 0.4 0.4 0.4 0.4 0.4 0.4 0.4 0.4 0.4 0.4 0.4 0.4 0.4 0.4 0.4 0.4 0.4 0.4 0.4 0.4 0.4 0.4 0.4 0.4 0.4 0.4 0.4 0.4 0.4 0.4 0.4 0.4 0.4 0.4 0.4 0.4 0.4 0.4 0.4 0.4 0.4 0.4 0.4 0.4 0.4 0.4 0.4 0.4 0.4 0.4 0.4 0.4 0.4 0.4 0.4 0.4 0.4 0.4 0.4 0.4 0.4 0.4 0.4 0.4 0.4 0.4 0.4 0.4 0.4 0.4 0.4 0.4 0.4 0.4 0.4 0.4 0.4 0.4 0.4 0.4 0.4 0.4 0.4 0.4 0.4 0.4 0.4 0.4 0.4 0.4 0.4 0.4 0.4 0.4 0.4 0.4 0.4 0.4 0.4 0.4 0.4 0.4 0.4 0.4 0.4 0.4 0.4 0.4 0.4 0.4 0.4 0.4 0.4 0.4 0.4 0.4 0.4 0.4 0.4 0.4 0.4 0.4 0.4 0.4 0.4 0.4 0.4 0.4 0.4 0.4 0.4 0.4 0.4 0.4 0.4 0.4 0.4 0.4 0.4 0.4 0.4 0.4 0.4 0.4 0.4 0.4 0.4 0.4 0.4 0.4 0.4 0.4 0.4 0.4 0.4 0.4 0.4 0.4 0.4 0.4 0.4 0.4 0.4 0.4 0.4 0.4 0.4 0.4 0.4 0.4 0.4 0.4 0.4 0.4 0.4 0.4 0.4 0.4 0.4 0.4 0.4 0.4 0.4 0.4 0.4 0.4 0.4 0.4 0.4 0.4 0.4 0.4 0.4 0.4 0.4 0.4 0.4 0.4 0.4 0.4 0.4 0.4 0.4 0.4 0.4 0.4 0.4 0.4 0.4 0.4 0.4 0.4 0.4 0.4 0.4 0.4 0.4 0.4 0.4 0.4 0.4 0.4 0.4 0.4 0.4 0.4 0.4 0.4 0.4 0.4 0.4 0.4 0.4 0.4 0.4 0.4 0.4 0.4 0.4 0.4 0.4 0.4 0.4 0.4 0.4 0.4 0.4 0.4 0.4 0.4 0.4 0.4 0.4 0.4 0.4 0.4 0.4 0.4 0.4 0.4 0.4 0.4 0.4 0.4 0.4 0.4 0.4 0.4 0.4 0.4 0.4 0.4 0.4 0.4 0.4 0.4 0.4 0.4 0.4 0.4 0.4 0.4 0.4 0.4 0.4 0.4 0.4 0.4 0.4 0.4 0.4 0.4 0.4 0.4 0.4 0.4 0.4 0.4 0.4 0.4 0.4 0.4 0.4 0.4 0.4 0.4 0.4 0.4 0.4 0.4 0.4 0.4 0.4 0.4 0.4 0.4 0.4 0.4 0.4 0.4 0.4 0.4 0.4 0.4 0.4 0.4 0.4 0.4 0.4 0.4 0.4 0.4 0.4 0.4 0.4 0.4 0.4 0.4 0.4 0.4 0.4 0.4 0.4 0.4 0.4 0.4 0.4 0.4 0.4 0.4 0.4 0.4 0.4 0.4 0.4 0.4 0.4 0.4 0.4 0.4 0.4 0.4 0.4 0.4 0.4 0.4 0.4 0.4 0.4 0.4 0.4 0.4 0.4 0.4 0.4 0.4 0.4 0.4 0.4 0.4 0.4 0.4 0.4 0.4 0.4 0.4 0.4 0.4 0.4 0.4 0.4 0.4 0.4 0.4 0.4 0.4 0.4 0.4 0.4 0.4 0.4 0.4 0.4 0.4 0.4 0.4 0.4 0.4 0.4 0.4 0.4 0.4 0.4 0.4 0.4 0.4 0.4 0.4 0.4 0.4 0.4 0.4 0.4 0.4 0.4 0.4 0.4 0.4 0.4 0.4 0.4 0.4 0.4 0.4 0.4 0.4 0.4 0.4 0.4 0.4 0.4 0.4 0.4 0.4 0.4 0.4 0.4 0.4 0.4 0.4 0.4 0.4 0.4 0.4 0.4 0.4 0.4 0.4 0.4 0.4 0.4 0.4 0.4 0.4 0.4 0.4 0.4 0.4 0.4 0.4 0.4 0.4 0.4 0.4 0.4 0.4 0.4 0.4 0.4 0.4 0.4 0.4 0.4 0.4 0.4 0.4 0.4 0.4 0.4 0.4 0.4 0.4 0.4 0.4 0.4 0.4 0.4 0.4 0.4 0.4 0.4 0.4 0.4 0.4 0.4 0.4 0.4 0.4 0.4 0.4 0.4 0.4 0.4 0.4 0.4 0.4 0.4 0.4 0.4 0.4 0.4 0.4 0.4 0.4 0.4 0.4 0.4 0.4 0.4 0.4 0.4 0.4 0.4 0.4 0.4 0.4 0.4 0.4 0.4 0.4 0.4 0.4 0.4 0.4 0.4 0.4 0.4 0.4 0.4 0.4 0.4 0.4 0.4 0.4 0.4 0.4 0.4 0.4 0.4 0.4 0.4 0.4 0.4 0.4 0.4 0.4 0.4 0.4 0.4 0.4 0.4 0.4 0.4 0.4 0.4 0.4 0.4 0.4 0.4 0.4 0.4 0.4 0.4 0.4 0.4 0.4 0.4 0.4 0.4 0.4 0.4 0.4 0.4 0.4 0.4 0.4 0.4 0.4 0.4 0.4 0.4 0.4 0.4 0.4 0.4 0.4 0.4 0.4 0.4 0.4 0.4 0.4 0.4 0.4 0.4 0.4 0.4 0.4 0.4 0.4 0.4 0.4 0.4 0.4 0.4 0.4 0.4 0.4 0.4 0.4 0.4 0.4 0.4 0.4 0.4 0.4 0.4 0.4 0.4 0.4 0.4 0.4 0.4 0.4 0.4 0.4 0.4 0.4 0.4 0.4 0.4 0.4 0.4 0.4 0.4 0.4 0.4 0.4 0.4 0.4 0.4 0.4 0.4 0.4 0.4 0.4 0.4 0.4 0.4 0.4 0.4 0.4 0.4 0.4 0.4 0.4 0.4 0.4 0.4 0.4 0.4 0.4 0.4 0.4 0.4 0.4 0.4 0.4 0.4 0.4 0.4 0.4 0.4 0.4 0.4 0.4 0.4 0.4 0.4 0.4 0.4 0.4 0.4 0.4 0.4 0.4 0.4 0.4 0.4 0.4 0.4 0.4 0.4 0.4 0.4 0.4 0.4 0.4 0.4 0.4 0.4 0.4 0.4 0.4 0.4 0.4 0.4 0.4 0.4 0.4 0.4 0.4 0.4 0.4 0.4 0.4 0.4 0.4 0.4 0.4 0.4 0.4 0.4 0.4 0.4 0.4 0.4 0.4 0.4 0.4 0.4 0.4 0.4 0.4 0.4 0.4 0.4 0.4 0.4 0.4 0.4 0.4 0.4 0.4 0.4 0.4 0.4 0.4 0.4 0.4 0.4 0.4 0.4 0.4 0.4 0.4 0.4 0.4 0.4 0.4 0.4 0.4 0.4 0.4 0.4 0.4 0.4 0.4 0.4 0.4 0.4 0.4 0.4 0.4 0.4 0.4 0.4 0.4 0.4 0.4 0.4 0.4 0.4 0.4 0.4 0.4 0.4 0.4 0.4 0.4 0.4 0.4 0.4 0.4 0.4 0.4 0.4 0.4 0.4 0.4 0.4 0.4 0.4 0.4 0.4 0.4 0.4 0.4 0.4 0.4 0.4 0.4 0.4 0.4 0.4 0.4 0.4 0.4 0.4 0.4 0.4 0.4 0.4 0.4 0.4 0.4 0.4 0.4 0.4 0.4 0.4 0.4 0.4 0.4 0.4 0.4 0.4 0.4 0.4 0.4 0.4 0.4 0.4 0.4 0.4 0.4 0.4 0.4 0.4 0.4 0.4 0.4 0.4 0.4 0.4 0.4 0.4 0.4 0.4 0.4 0.4 0.4 0.4 0.4 0.4 0.4 0.4 0.4 0.4 0.4 0.4 0.4 0.4 0.4 0.4 0.4 0.4 0.4 0.4 0.4 0.4 0.4 0.4 0.4 0.4 0.4 0.4 0.4 0.4 0.4 0.4 0.4 0.4 0.4 0.4 0.4 0.4 0.4 0.4 0.4 0.4 0.4 0.4 0.4 0.4 0.4 0.4 0.4 0.4 0.4 0.4 0.4 0.4 0.4 0.4 0.4 0.4 0.4 0.4 0.4 0.4 0.4 0.4 0.4 0.4 0.4 0.4 0.4 0.4 0.4 0.4 0.4 0.4 0.4 0.4 0.4 0.4 0.4 0.4 0.4 0.4 0.4 0.4 0.4 0.4 0.4 0.4 0.4 0.4 0.4 0.4 0.4 0.4 0.4 0.4 0.4 0.4 0.4 0.4 0.4 0.4 0.4 0.4 0.4 0.4 0.4 0.4 0.4 0.4 0.4 0.4 0.4 0.4 0.4 0.4 0.4 0.4 0.4 0.4 0.4 0.4 0.4 0.4 0.4 0.4 0.4 0.4 0.4 0.4 0.4 0.4 0.4 0.4 0.4 0.4 0.4 0.4 0.4 0.4 0.4 0.4 0.4 0.4 0.4 0.4 0.4 0.4 0.4 0.4 0.4 0.4 0.4 0.4 0.4 0.4 0.4 0.4 0.4 0.4 0.4 0.4 0.4 0.4 0.4 0.4 0.4 0.4 0.4 0.4 0.4 0.4 0.4 0.4 0.4 0.4 0.4 0.4 0.4 0.4 0.4 0.4 0.4 0.4 0.4 0.4 0.4 0.4 0.4 0.4 0.4 0.4 0.4 0.4 0.4 0.4 0.4 0.4 0.4 0.4 0.4 0.4 0.4 0.4 0.4 0.4 0.4 0.4 0.4 0.4 0.4 0.4 0.4 0.4 0.4 0.4 0.4 0.4 0.4 0.4 0.4 0.4 0.4 0.4 0.4 0.4 0.4 0.4 0.4 0.4 0.4 0.4 0.4 0.4 0.4 0.4 0.4 0.4 0.4 0.4 0.4 0.4 0.4 0.4 0.4 0.4 0.4 0.4 0.4 0.4 0.4 0.4 0.4 0.4 0.4 0.4 0.4 0.4 0.4 0.4 0.4 0.4 0.4 0.4 0.4 0.4 0.4 0.4 0.4 0.4 0.4 0.4 0.4 0.4 0.4 0.4 0.4 0.4 0.4 0.4 0.4 0.4 0.4 0.4 0.4 0.4 0.4 0.4 0.4 0.4 0.4 0.4 0.4 0.4 0.4 0.4 0.4 0.4 0.4 0.4 0.4 0.4 0.4 0.4 0.4 0.4 0.4 0.4 0.4 0.4 0.4 0.4 0.4 0.4 0.4 0.4 0.4 0.4 0.4 0.4 0.4 0.4 0.4 0.4 0.4 0.4 0.4 0.4 0.4 0.4 0.4 0.4 0.4 0.4 0.4 0.4 0.4 0.4 0.4 0.4 0.4 0.4 0.4 0.4 0.4 0.4 0.4 0.4 0.4 0.4 0.4 0.4 0.4 0.4 0.4 0.4 0.4 0.4 0.4 0.4 0.4 0.4 0.4 0.4 0.4 0.4 0.4 0.4 0.4 0.4 0.4 0.4 0.4 0.4 0.4 0.4 0.4 0.4 0.4 0.4 0.4 0.4 0.4 0.4 0.4 0.4 0.4 0.4 0.4 0.4 0.4 0.4 0.4 0.4 0.4 0.4 0.4 0.4 0.4 0.4 0.4 0.4 0.4 0.4 0.4 0.4 0.4 0.4 0.4 0.4 0.4 0.4 0.4 0.4 0.4 0.4 0.4 0.4 0.4 0.4 0.4 0.4 0.4 0.4 0.4 0.4 0.4 0.4 0.4 0.4 0.4 0.4 0.4 0.4 0.4 0.4 0.4 0.4 0.4 0.4 0.4 0.4 0.4 0.4 0.4 0.4 0.4 0.4 0.4 0.4 0.4 0.4 0.4 0.4 0.4 0.4 0.4 0.4 0.4 0.4 0.4 0.4 0.4 0.4 0.4 0.4 0.4 0.4 0.4 0.4 0.4 0.4 0.4 0.4 0.4 0.4 0.4 0.4 0.4 0.4 0.4 0.4 0.4 0.4 0.4 0.4 0.4 0.4 0.4 0.4 0.4 0.4 0.4 0.4 0.4 0.4 0.4 0.4 0.4 0.4 0.4 0.4 0.4 0.4 0.4 0.4 0.4 0.4 0.4 0.4 0.4 0.4 0.4 0.4 0.4 0.4 0.4 0.4 0.4 0.4 0.4 0.4 0.4 0.4 0.4 0.4 0.4 0.4 0.4 0.4 0.4 0.4 0.4 0.4 0.4 0.4 0.4 0.4 0.4 0.4 0.4 0.4 0.4 0.4 0.4 0.4 0.4 0.4 0.4 0.4 0.4 0.4 0.4 0.4 0.4 0.4 0.4 0.4 0.4 0.4 0.4 0.4 0.4 0.4 0.4 0.4 0.4 0.4 0.4 0.4 0.4 0.4 0.4 0.4 0.4 0.4 0.4 0.4 0.4 0.4 0.4 0.4 0.4 0.4 0.4 0.4 0.4 0.4 0.4 0.4 0.4 0.4 0.4 0.4 0.4 0.4 0.4 0.4 0.4 0.4 0.4 0.4 0.4 0.4 0.4 0.4 0.4 0.4 0.4 0.4 0.4 0.4 0.4 0.4 0.4 0.4 0.4 0.4 0.4 0.4 0.4 0.4 0.4 0.4 0.4 0.4 0.4 0.4 0.4 0.4 0.4 0.4 0.4 0.4 0.4 0.4 0.4 0.4 0.4 0.4 0.4 0.4 0.4 0.4 0.4 0.4 0.4 0.4 0.4 0.4 0.4 0.4 0.4 0.4 0.4 0.4 0.4 0.4 0.4 0.4 0.4 0.4 0.4 0.4 0.4 0.4 0.4 0.4 0.4 0.4 0.4 0.4 0.4 0.4 0.4 0.4 0.4 0.4 0.4 0.4 0.4 0.4 0.4 0.4 0.4 0.4 0.4 0.4 0.4 0.4 0.4 0.4 0.4 0.4 0.4 0.4 0.4 0.4 0.4 0.4 0.4 0.4 0.4 0.4 0.4 0.4 0.4 0.4 0.4 0.4 0.4 0.4 0.4 0.4 0.4 0.4 0.4 0.4 0.4 0.4 0.4 0.4 0.4 0.4 0.4 0.4 0.4 0.4 0.4 0.4 0.4 0.4 0.4 0.4 0.4 0.4 0.4 0.4 0.4 0.4 0.4 0.4 0.4 0.4 0.4 0.4 0.4 0.4 0.4 0.4 0.4 0.4 0.4 0.4 0.4 0.4 0.4 0.4 0.4 0.4 0.4 0.4 0.4 0.4 0.4 0.4 0.4 0.4 0.4 0.4 0.4 0.4 0.4 0.4 0.4 0.4 0.4 0.4 0.4 0.4 0.4 0.4 0.4 0.4 0.4 0.4 0.4 0.4 0.4 0.4 0.4 0.4 0.4 0.4 0.4 0.4 0.4 0.4 0.4 0.4 0.4 0.4 0.4 0.4 0.4 0.4 0.4 0.4 0.4 0.4 0.4 0.4 0.4 0.4 0.4 0.4 0.4 0.4 0.4 0.4 0.4 0.4 0.4 0.4 0.4 0.4 0.4 0.4 0.4 0.4 0.4 0.4 0.4 0.4 0.4 0.4 0.4 0.4 0.4 0.4 0.4 0.4 0.4 0.4 0.4 0.4 0.4 0.4 0.4 0.4 0.4 0.4 0.4 0.4 0.4 0.4 0.4 0.4 0.4 0.4 0.4 0.4 0.4 0.4 0.4 0.4 0.4 0.4 0.4 0.4 0.4 0.4 0.4 0.4 0.4 0.4 0.4 0.4 0.4 0.4 0.4 0.4 0.4 0.4 0.4 0.4 0.4 0.4 0.4 0.4 0.4 0.4 0.4 0.4 0.4 0.4 0.4 0.4 0.4 0.4 0.4 0.4 0.4 0.4 0.4 0.4 0.4 0.4 0.4 0.4 0.4 0.4 0.4 0.4 0.4 0.4 0.4 0.4 0.4 0.4 0.4 0.4 0.4 0.4 0.4 0.4 0.4 0.4 0.4 0.4 0.4 0.4 0.4 0.4 0.4 0.4 0.4 0.4 0.4 0.4 0.4 0.4 0.4 0.4 0.4 0.4 0.4 0.4 0.4 0.4 0.4 0.4 0.4 0.4 0.4 0.4 0.4 0.4 0.4 0.4 0.4 0.4 0.4 0.4 0.4 0.4 0.4 0.4 0.4 0.4 0.4 0.4 0.4 0.4 0.4 0.4 0.4 0.4 0.4 0.4 0.4 0.4 0.4 0.4 0.4 0.4 0.4 0.4 0.4 0.4 0.4 0.4 0.4 0.4 0.4 0.4 0.4 0.4 0.4 0.4 0.4 0.4 0.4 0.4 0.4 0.4 0.4 0.4 0.4 0.4 0.4 0.4 0.4 0.4 0.4 0.4 0.4 0.4 0.4 0.4 0.4 0.4 0.4 0.4 0.4 0.4 0.4 0.4 0.4 0.4 0.4 0.4 0.4 0.4 0.4 0.4 0.4 0.4 0.4 0.4 0.4 0.4 0.4 0.4 0.4 0.4 0.4 0.4 0.4 0.4 0.4 0.4 0.4 0.4 0.4 0.4 0.4 0.4 0.4 0.4 0.4 0.4 0.4 0.4 0.4 0.4 0.4 0.4 0.4 0.4 0.4 0.4 0.4 0.4 0.4 0.4 0.4 0.4 0.4 0.4 0.4 0.4 0.4 0.4 0.4 0.4 0.4 0.4 0.4 0.4 0.4 0.4 0.4 0.4 0.4 0.4 0.4 0.4 0.4 0.4 0.4 0.4 0.4 0.4 0.4 0.4 0.4 0.4 0.4 0.4 0.4 0.4 0.4 0.4 0.4 0.4 0.4 0.4 0.4 0.4 0.4 0.4 0.4 0.4 0.4 0.4 0.4 0.4 0.4 0.4 0.4 0.4 0.4 0.4 0.4 0.4 0.4 0.4 0.4 0.4 0.4 0.4 0.4 0.4 0.4 0.4 0.4 0.4 0.4 0.4 0.4 0.4 0.4 0.4 0.4 0.4 0.4 0.4 0.4 0.4 0.4 0.4 0.4 0.4 0.4 0.4 0.4 0.4 0.4 0.4 0.4 0.4 0.4 0.4 0.4 0.4 0.4 0.4 0.4 0.4 0.4 0.4 0.4 0.4 0.4 0.4 0.4 0.4 0.4 0.4 0.4 0.4 0.4 0.4 0.4 0.4 0.4 0.4 0.4 0.4 0.4 0.4 0.4 0.4 0.4 0.4 0.4 0.4 0.4 0.4 0.4 0.4 0.4 0.4 0.4 0.4 0.4 0.4 0.4 0.4 0.4 0.4 0.4 0.4 0.4 0.4 0.4 0.4 0.4 0.4 0.4 0.4 0.4 0.4 0.4 0.4 0.4 0.4 0.4 0.4 0.4 0.4 0.4 0.4 0.4 0.4 0.4 0.4 0.4 0.4 0.4 0.4 0.4 0.4 0.4 0.4 0.4 0.4 0.4 0.4 0.4 0.4 0.4 0.4 0.4 0.4 0.4 0.4 0.4 0.4 0.4 0.4 0.4 0.4 0.4 0.4 0.4 0.4 0.4 0.4 0.4 0.4 0.4 0.4 0.4 0.4 0.4 0.4 0.4 0.4 0.4 0.4 0.4 0.4 0.4 0.4 0.4 0.4 0.4 0.4 0.4 0.4 0.4 0.4 0.4 0.4 0.4 0.4 0.4 0.4 0.4 0.4 0.4 0.4 0.4 0.4 0.4 0.4 0.4 0.4 0.4 0.4 0.4 0.4 0.4 0.4 0.4 0.4 0.4 0.4 0.4 0.4 0.4 0.4 0.4 0.4 0.4 0.4 0.4 0.4 0.4 0.4 0.4 0.4 0.4 0.4 0.4 0.4 0.4 0.4 0.4 0.4 0.4 0.4 0.4 0.4 0.4 0.4 0.4 0.4 0.4 0.4 0.4 0.4 0.4 0.4 0.4 0.4 0.4 0.4 0.4 0.4 0.4 0.4 0.4 0.4 0.4 0.4 0.4 0.4 0.4 0.4 0.4 0.4 0.4 0.4 0.4 0.4 0.4 0.4 0.4 0.4 0.4 0.4 0.4 0.4 0.4 0.4 0.4 0.4 0.4 0.4 0.4 0.4 0.4 0.4 0.4 0.4 0.4 0.4 0.4 0.4 0.4 0.4 0.4 0.4 0.4 0.4 0.4 0.4 0.4 0.4 0.4 0.4 0.4 0.4 0.4 0.4 0.4 0.4 0.4 0.4 0.4 0.4 0.4 0.4 0.4 0.4 0.4 0.4 0.4 0.4 0.4 0.4 0.4 0.4 0.4 0.4 0.4 0.4 0.4 0.4 0.4 0.4 0.4 0.4 0.4 0.4 0.4 0.4 0.4 0.4 0.4 0.4 0.4 0.4 0.4 0.4 0.4 0.4 0.4 0.4 0.4 0.4 0.4 0.4 0.4 0.4 0.4 0.4 0.4 0.4 0.4 0.4 0.4 0.4 0.4 0.4 0.4 0.4 0.4 0.4 0.4 0.4 0.4 0.4 0.4 0.4 0.4 0.4 0.4 0.4 0.4 0.4 0.4 0.4 0.4 0.4 0.4 0.4 0.4 0.4 0.4 0.4 0.4 0.4 0.4 0.4 0.4 0.4 0.4 0.4 0.4 0.4 0.4 0.4 0.4 0.4 0.4 0.4 0.4 0.4 0.4 0.4 0.4 0.4 0.4 0.4 0.4 0.4 0.4 0.4 0.4 0.4 0.4 0.4 0.4 0.4 0.4 0.4 0.4 0.4 0.4 0.4 0.4 0.4 0.4 0.4 0.4 0.4 0.4 0.4 0.4 0.4 0.4 0.4 0.4 0.4 0.4 0.4 0.4 0.4 0.4 0.4 0.4 0.4 0.4 0.4 0.4 0.4 0.4 0.4 0.4 0.4 0.4 0.4 0.4 0.4 0.4 0.4 0.4 0.4 0.4 0.4 0.4 0.4 0.4 0.4 0.4 0.4 0.4 0.4 0.4 0.4 0.4 0.4 0.4 0.4 0.4 0.4 0.4 0.4 0.4 0.4 0.4 0.4 0.4 0.4 0.4 0.4 0.4 0.4 0.4 0.4 0.4 0.4 0.4 0.4 0.4 0.4 0.4 0.4 0.4 0.4 0.4 0.4 0.4 0.4 0.4 0.4 0.4 0.4 0.4 0.4 0.4 0.4 0.4 0.4 0.4 0.4 0.4 0.4 0.4 0.4 0.4 0.4 0.4 0.4 0.4 0.4 0.4 0.4 0.4 0.4 0.4 0.4 0.4 0.4 0.4 0.4 0.4 0.4 0.4 0.4 0.4 0.4 0.4 0.4 0.4 0.4 0.4 0.4 0.4 0.4 0.4 0.4 0.4 0.4 0.4 0.4 0.4 0.4 0.4 0.4 0.4 0.4 0.4 0.4 0.4 0.4 0.4 0.4 0.4 0.4 0.4 0.4 0.4 0.4 0.4 0.4 0.4 0.4 0.4 0.4 0.4 0.4 0.4 0.4 0.4 0.4 0.4 0.4 0.4 0.4 0.4 0.4 0.4 0.4 0.4 0.4 0.4 0.4 0.4 0.4 0.4 0.4 0.4 0.4 0.4 0.4 0.4 0.4 0.4 0.4 0.4 0.4 0.4 0.4 0.4 0.4 0.4 0.4 0.4 0.4 0.4 0.4 0.4 0.4 0.4 0.4 0.4 0.4 0.4 0.4 0.4 0.4 0.4 0.4 0.4 0.4 0.4 0.4 0.4 0.4 0.4 0.4 0.4 0.4 0.4 0.4 0.4 0.4 0.4 0.4 0.4 0.4 0.4 0.4 0.4 0.4 0.4 0.4 0.4 0.4 0.4 0.4 0.4 0.4 0.4 0.4 0.4 0.4 0.4 0.4 0.4 0.4 0.4 0.4 0.4 0.4 0.4 0.4 0.4 0.4 0.4 0.4 0.4 0.4 0.4 0.4 0.4 0.4 0.4 0.4 0.4 0.4 0.4 0.4 0.4 0.4 0.4 0.4 0.4 0.4 0.4 0.4 0.4 0.4 0.4 0.4 0.4 0.4 0.4 0.4 0.4 0.4 0.4 0.4 0.4 0.4 0.4 0.4 0.4 0.4 0.4 0.4 0.4 0.4 0.4 0.4 0.4 0.4 0.4 0.4 0.4 0.4 0.4 0.4 0.4 0.4 0.4 0.4 0.4 0.4 0.4 0.4 0.4 0.4 0.4 0.4 0.4 0.4 0.4 0.4 0.4 0.4 0.4 0.4 0.4 0.4 0.4 0.4 0.4 0.4 0.4 0.4 0.4 0.4 0.4 0.4 0.4 0.4 0.4 0.4 0.4 0.4 0.4 0.4 0.4 0.4 0.4 0.4 0.4 0.4 0.4 0.4 0.4 0.4 0.4 0.4 0.4 0.4 0.4 0.4 0.4 0.4 0.4 0.4 0.4 0.4 0.4 0.4 0.4 0.4 0.4 0.4 0.4 0.4 0.4 0.4 0.4 0.4 0.4 0.4 0.4 0.4 0.4 0.4 0.4 0.4 0.4 0.4 0.4 0.4 0.4 0.4 0.4 0.4 0.4 0.4 0.4 0.4 0.4 0.4 0.4 0.4 0.4 0.4 0.4 0.4 0.4 0.4 0.4 0.4 0.4 0.4 0.4 0.4 0.4 0.4 0.4 0.4 0.4 0.4 0.4 0.4 0.4 0.4 0.4 0.4 0.4 0.4 0.4 0.4 0.4 0.4 0.4 0.4 0.4 0.4 0.4 0.4 0.4 0.4 0.4 0.4 0.4 0.4 0.4 0.4 0.4 0.4 0.4 0.4 0.4 0.4 0.4 0.4 0.4 0.4 0.4 0.4 0.4 0.4 0.4 0.4 0.4 0.4 0.4 0.4 0.4 0.4 0.4 0.4 0.4 0.4 0.4 0.4 0.4 0.4 0.4 0.4 0.4 0.4 0.4 0.4 0.4 0.4 0.4 0.4 0.4 0.4 0.4 0.4 0.4 0.4 0.4 0.4 0.4 0.4 0.4 0.4 0.4 0.4 0.4 0.4 0.4 0.4 0.4 0.4 0.4 0.4 0.4 0.4 0.4 0.4 0.4 0.4 0.4 0.4 0.4 0.4 0.4 0.4 0.4 0.4 0.4 0.4 0.4 0.4 0.4 0.4 0.4 0.4 0.4 0.4 0.4 0.4 0.4 0.4 0.4 0.4 0.4 0.4 0.4 0.4 0.4 0.4 0.4 0.4 0.4 0.4 0.4 0.4 0.4 0.4 0.4 0.4 0.4 0.4 0.4 0.4 0.4 0.4 0.4 0.4 0.4 0.4 0.4 0.4 0.4 0.4 0.4 0.4 0.4 0.4 0.4 0.4 0.4 0.4 0.4 0.4 0.4 0.4 0.4 0.4 0.4 0.4 0.4 0.4 0.4 0.4 0.4 0.4 0.4 0.4 0.4 0.4 0.4 0.4 0.4 0.4 0.4 0.4 0.4 0.4 0.4 0.4 0.4 0.4 0.4 0.4 0.4 0.4 0.4 0.4 0.4 0.4 0.4 0.4 0.4 0.4 0.4 0.4 0.4 0.4 0.4 0.4 0.4 0.4 0.4 0.4 0.4 0.4 0.4 0.4 0.4 0.4 0.4 0.4 0.4 0.4 0.4 0.4 0.4 0.4 0.4 0.4 0.4 0.4 0.4 0.4 0.4 0.4 0.4 0.4 0.4 0.4 0.4 0.4 0.4 0.4 0.4 0.4 0.4 0.4 0.4 0.4 0.4 0.4 0.4 0.4 0.4 0.4 0.4 0.4 0.4 0.4 0.4 0.4 0.4 0.4 0.4 0.4 0.4 0.4 0.4 0.4 0.4 0.4 0.4 0.4 0.4 0.4 0.4 0.4 0.4 0.4 0.4 0.4 0.4 0.4 0.4 0.4 0.4 0.4 0.4 0.4 0.4 0.4 0.4 0.4 0.4 0.4 0.4 0.4 0.4 0.4 0.4 0.4 0.4 0.4 0.4 0.4 0.4 0.4 0.4 0.4 0.4 0.4 0.4 0.4 0.4 0.4 0.4 0.4 0.4 0.4 0.4 0.4 0.4 0.4 0.4 0.4 0.4 0.4 0.4 0.4 0.4 0.4 0.4 0.4 0.4 0.4 0.4 0.4 0.4 0.4 0.4 0.4 0.4 0.4 0.4 0.4 0.4 0.4 0.4 0.4 0.4 0.4 0.4 0.4 0.4 0.4 0.4 0.4 0.4 0.4 0.4 0.4 0.4 0.4 0.4 0.4 0.4 0.4 0.4 0.4 0.4 0.4 0.4 0.4 0.4 0.4 0.4 0.4 0.4 0.4 0.4 0.4 0.4 0.4 0.4 0.4 0.4 0.4 0.4 0.4 0.4 0.4 0.4 0.4 0.4 0.4 0.4 0.4 0.4 0.4 0.4 0.4 0.4 0.4 0.4 0.4 0.4 0.4 0.4 0.4 0.4 0.4 0.4 0.4 0.4 0.4 0.4 0.4 0.4 0.4 0.4 0.4 0.4 0.4 0.4 0.4 0.4 0.4 0.4 0.4 0.4 0.4 0.4 0.4 0.4 0.4 0.4 0.4 0.4 0.4 0.4 0.4 0.4 0.4 0.4 0.4 0.4 0.4 0.4 0.4 0.4 0.4 0.4 0.4 0.4 0.4 0.4 0.4 0.4 0.4 0.4 0.4 0.4 0.4 0.4 0.4 0.4 0.4 0.4 0.4 0.4 0.4 0.4 0.4 0.4 0.4 0.4 0.4 0.4 0.4 0.4 0.4 0.4 0.4 0.4 0.4 0.4 0.4 0.4 0.4 0.4 0.4 0.4 0.4 0.4 0.4 0.4 0.4 0.4 0.4 0.4 0.4 0.4 0.4 0.4 0.4 0.4 0.4 0.4 0.4 0.4 0.4 0.4 0.4 0.4 0.4 0.4 0.4 0.4 0.4 0.4 0.4 0.4 0.4 0.4 0.4 0.4 0.4 0.4 0.4 0.4 0.4 0.4 0.4 0.4 0.4 0.4 0.4 0.4 0.4 0.4 0.4 0.4 0.4 0.4 0.4 0.4 0.4 0.4 0.4 0.4 0.4 0.4 0.4 0.4 0.4 0.4 0.4 0.4 0.4 0.4 0.4 0.4 0.4 0.4 0.4 0.4 0.4 0.4 0.4 0.4 0.4 0.4 0.4 0.4 0.4 0.4 0.4 0.4 0.4 0.4 0.4 0.4 0.4 0.4 0.4 0.4 0.4 0.4 0.4 0.4 0.4 0.4 0.4 0.4 0.4 0.4 0.4 0.4 0.4 0.4 0.4 0.4 0.4 0.4 0.4 0.4 0.4 0.4 0.4 0.4 0.4 0.4 0.4 0.4 0.4 0.4 0.4 0.4 0.4 0.4 0.4 0.4 0.4 0.4 0.4 0.4 0.4 0.4 0.4 0.4 0.4 0.4 0.4 0.4 0.4 0.4 0.4 0.4 0.4 0.4 0.4 0.4 0.4 0.4 0.4 0.4 0.4 0.4 0.4 0.4 0.4 0.4 0.4 0.4 0.4 0.4 0.4 0.4 0.4 0.4 0.4 0.4 0.4 0.4 0.4 0.4 0.4 0.4 0.4 0.4 0.4 0.4 0.4 0.4 0.4 0.4 0.4 0.4 0.4 0.4 0.4 0.4 0.4 0.4 0.4 0.4 0.4 0.4 0.4 0.4 0.4 0.4 0.4 0.4 0.4 0.4 0.4 0.4 0.4 0.4 0.4 0.4 0.4 0.4 0.4 0.4 0.4 0.4 0.4 0.4 0.4 0.4 0.4 0.4 0.4 0.4 0.4 0.4 0.4 0.4 0.4 0.4 0.4 0.4 0.4 0.4 0.4 0.4 0.4 0.4 0.4 0.4 0.4 0.4 0.4 0.4 0.4 0.4 0.4 0.4 0.4 0.4 0.4 0.4 0.4 0.4 0.4 0.4 0.4 0.4 0.4 0.4 0.4 0.4 0.4 0.4 0.4 0.4 0.4 0.4 0.4 0.4 0.4 0.4 0.4 0.4 0.4 0.4 0.4 0.4 0.4 0.4 0.4 0.4 0.4 0.4 0.4 0.4 0.4 0.4 0.4 0.4 0.4 0.4 0.4 0.4 0.4 0.4 0.4 0.4 0.4 0.4 0.4 0.4 0.4 0.4 0.4 0.4 0.4 0.4 0.4 0.4 0.4 0.4 0.4 0.4 0.4 0.4 0.4 0.4 0.4 0.4 0.4 0.4 0.4 0.4 0.4 0.4 0.4 0.4 0.4 0.4 0.4 0.4 0.4 0.4 0.4 0.4 0.4 0.4 0.4 0.4 0.4 0.4 0.4 0.4 0.4 0.4 0.4 0.4 0.4 0.4 0.4 0.4 0.4 0.4 0.4 0.4 0.4 0.4 0.4 0.4 0.4 0.4 0.4 0.4 0.4 0.4 0.4 0.4 0.4 0.4 0.4 0.4 0.4 0.4 0.4 0.4 0.4 0.4 0.4 0.4 0.4 0.4 0.4 0.4 0.4 0.4 0.4 0.4 0.4 0.4 0.4 0.4 0.4 0.4 0.4 0.4 0.4 0.4 0.4 0.4 0.4 0.4 0.4 0.4 0.4 0.4 0.4 0.4 0.4 0.4 0.4 0.4 0.4 0.4 0.4 0.4 0.4 0.4 0.4 0.4 0.4 0.4 0.4 0.4 0.4 0.4 0.4 0.4 0.4 0.4 0.4 0.4 0.4 0.4 0.4 0.4 0.4 0.4 0.4 0.4 0.4 0.4 0.4 0.4 0.4 0.4 0.4 0.4 0.4 0.4 0.4 0.4 0.4 0.4 0.4 0.4 0.4 0.4 0.4 0.4 0.4 0.4 0.4 0.4 0.4 0.4 0.4 0.4 0.4 0.4 0.4 0.4 0.4 0.4 0.4 0.4 0.4 0.4 0.4 0.4 0.4 0.4 0.4 0.4 0.4 0.4 0.4 0.4 0.4 0.4 0.4 0.4 0.4 0.4 0.4 0.4 0.4 0.4 0.4 0.4 0.4 0.4 0.4 0.4 0.4 0.4 0.4 0.4 0.4 0.4 0.4 0.4 0.4 0.4 0.4 0.4 0.4 0.4 0.4 0.4 0.4 0.4 0.4 0.4 0.4 0.4 0.4 0.4 0.4 0.4 0.4 0.4 0.4 0.4 0.4 0.4 0.4 0.4 0.4 0.4 0.4 0.4 0.4 0.4 0.4 0.4 0.4 0.4 0.4 0.4 0.4 0.4 0.4 0.4 0.4 0.4 0.4 0.4 0.4 0.4 0.4 0.4 0.4 0.4 0.4 0.4 0.4 0.4 0.4 0.4 0.4 0.4 0.4 0.4 0.4 0.4 0.4 0.4 0.4 0.4 0.4 0.4 0.4 0.4 0.4 0.4 0.4 0.4 0.4 0.4 0.4 0.4 0.4 0.4 0.4 0.4 0.4 0.4 0.4 0.4 0.4 0.4 0.4 0.4 0.4 0.4 0.4 0.4 0.4 0.4 0.4 0.4 0.4 0.4 0.4 0.4 0.4 0.4 0.4 0.4 0.4 0.4 0.4 0.4 0.4 0.4 0.4 0.4 0.4 0.4 0.4 0.4 0.4 0.4 0.4 0.4 0.4 0.4 0.4 0.4 0.4 0.4 0.4 0.4 0.4 0.4 0.4 0.4 0.4 0.4 0.4 0.4 0.4 0.4 0.4 0.4 0.4 0.4 0.4 0.4 0.4 0.4 0.4 0.4 0.4 0.4 0.4 0.4 0.4 0.4 0.4 0.4 0.4 0.4 0.4 0.4 0.4 0.4 0.4 0.4 0.4 0.4 0.4 0.4 0.4 0.4 0.4 0.4 0.4 0.4 0.4 0.4 0.4 0.4 0.4 0.4 0.4 0.4 0.4 0.4 0.4 0.4 0.4 0.4 0.4 0.4 0.4 0.4 0.4 0.4 0.4 0.4 0.4 0.4 0.4 0.4 0.4 0.4 0.4 0.4 0.4 0.4 0.4 0.4 0.4 0.4 0.4 0.4 0.4 0.4 0.4 0.4 0.4 0.4 0.4 0.4 0.4 0.4 0.4 0.4 0.4 0.4 0.4 0.4 0.4 0.4 0.4 0.4 0.4 0.4 0.4 0.4 0.4 0.4 0.4 0.4 0.4 0.4 0.4 0.4 0.4 0.4 0.4 0.4 0.4 0.4 0.4 0.4 0.4 0.4 0.4 0.4 0.4 0.4 0.4 0.4 0.4 0.4 0.4 0.4 0.4 0.4 0.4 0.4 0.4 0.4 0.4 0.4 0.4 0.4 0.4 0.4 0.4 0.4 0.4 0.4 0.4 0.4 0.4 0.4 0.4 0.4 0.4 0.4 0.4 0.4 0.4 0.4 0.4 0.4 0.4 0.4 0.4 0.4 0.4 0.4 0.4 0.4 0.4 0.4 0.4 0.4 0.4 0.4 0.4 0.4 0.4 0.4 0.4 0.4 0.4 0.4 0.4 0.4 0.4 0.4 0.4 0.4 0.4 0.4 0.4 0.4 0.4 0.4 0.4 0.4 0.4 0.4 0.4 0.4 0.4 0.4 0.4 0.4 0.4 0.4 0.4 0.4 0.4 0.4 0.4 0.4 0.4 0.4 0.4 0.4 0.4 0.4 0.4 0.4 0.4 0.4 0.4 0.4 0.4 0.4 0.4 0.4 0.4 0.4 0.4 0.4 0.4 0.4 0.4 0.4 0.4 0.4 0.4 0.4 0.4 0.4 0.4 0.4 0.4 0.4 0.4 0.4 0.4 0.4 0.4 0.4 0.4 0.4 0.4 0.4 0.4 0.4 0.4 0.4 0.4 0.4 0.4 0.4 0.4 0.4 0.4 0.4 0.4 0.4 0.4 0.4 0.4 0.4 0.4 0.4 0.4 0.4 0.4 0.4 0.4 0.4 0.4 0.4 0.4 0.4 0.4 0.4 0.4 0.4 0.4 0.4 0.4 0.4 0.4 0.4 0.4 0.4 0.4 0.4 0.4 0.4 0.4 0.4 0.4 0.4 0.4 0.4 0.4 0.4 0.4 0.4 0.4 0.4 0.4 0.4 0.4 0.4 0.4 0.4 0.4 0.4 0.4 0.4 0.4 0.4 0.4 0.4 0.4 0.4 0.4 0.4 0.4 0.4 0.4 0.4 0.4 0.4 0.4 0.4 0.4 0.4 0.4 0.4 0.4 0.4 0.4 0.4 0.4 0.4 0.4 0.4 0.4 0.4 0.4 0.4 0.4 0.4 0.4 0.4 0.4 0.4 0.4 0.4 0.4 0.4 0.4 0.4 0.4 0.4 0.4 0.4 0.4 0.4 0.4 0.4 0.4 0.4 0.4 0.4 0.4 0.4 0.4 0.4 0.4 0.4 0.4 0.4 0.4 0.4 0.4 0.4 0.4 0.4 0.4 0.4 0.4 0.4 0.4 0.4 0.4 0.4 0.4 0.4 0.4 0.4 0.4 0.4 0.4 0.4 0.4 0.4 0.4 0.4 0.4 0.4 0.4 0.4 0.4 0.4 0.4 0.4 0.4 0.4 0.4 0.4 0.4 0.4 0.4 0.4 0.4 0.4 0.4 0.4 0.4 0.4 0.4 0.4 0.4 0.4 0.4 0.4 0.4 0.4 0.4 0.4 0.4 0.4 0.4 0.4 0.4 0.4 0.4 0.4 0.4 0.4 0.4 0.4 0.4 0.4 0.4 0.4 0.4 0.4 0.4 0.4 0.4 0.4 0.4 0.4 0.4 0.4 0.4 0.4 0.4 0.4 0.4 0.4 0.4 0.4 0.4 0.4 0.4 0.4 0.4 0.4 0.4 0.4 0.4 0.4 0.4 0.4 0.4 0.4 0.4 0.4 0.4 0.4 0.4 0.4 0.4 0.4 0.4 0.4 0.4 0.4 0.4 0.4 0.4 0.4 0.4 0.4 0.4 0.4 0.4 0.4 0.4 0.4 0.4 0.4 0.4 0.4 0.4 0.4 0.4 0.4 0.4 0.4 0.4 0.4 0.4 0.4 0.4 0.4 0.4 0.4 0.4 0.4 0.4 0.4 0.4 0.4 0.4 0.4 0.4 0.4 0.4 0.4 0.4 0.4 0.4 0.4 0.4 0.4 0.4 0.4 0.4 0.4 0.4 0.4 0.4 0.4 0.4 0.4 0.4 0.4 0.4 0.4 0.4 0.4 0.4 0.4 0.4 0.4 0.4 0.4 0.4 0.4 0.4 0.4 0.4 0.4 0.4 0.4 0.4 0.4 0.4 0.4 0.4 0.4 0.4 0.4 0.4 0.4 0.4 0.4 0.4 0.4 0.4 0.4 0.4 0.4 0.4 0.4 0.4 0.4 0.4 0.4 0.4 0.4 0.4 0.4 0.4 0.4 0.4 0.4 0.4 0.4 0.4 0.4 0.4 0.4 0.4 0.4 0.4 0.4 0.4 0.4 0.4 0.4 0.4 0.4 0.4 0.4 0.4 0.4 0.4 0.4 0.4 0.4 0.4 0.4 0.4 0.4 0.4 0.4 0.4 0.4 0.4 0.4 0.4 0.4 0.4 0.4 0.4 0.4 0.4 0.4 0.4 0.4 0.4 0.4 0.4 0.4 0.4 0.4 0.4 0.4 0.4 0.4 0.4 0.4 0.4 0.4 0.4 0.4 0.4 0.4 0.4 0.4 0.4 0.4 0.4 0.4 0.4 0.4 0.4 0.4 0.4 0.4 0.4 0.4 0.4 0.4 0.4 0.4 0.4 0.4 0.4 0.4 0.4 0.4 0.4 0.4 0.4 0.4 0.4 0.4 0.4 0.4 0.4 0.4 0.4 0.4 0.4 0.4 0.4 0.4 0.4 0.4 0.4 0.4 0.4 0.4 0.4 0.4 0.4 0.4 0.4 0.4 0.4 0.4 0.4 0.4 0.4 0.4 0.4 0.4 0.4 0.4 0.4 0.4 0.4 0.4 0.4 0.4 0.4 0.4 0.4 0.4 0.4 0.4 0.4 0.4 0.4 0.4 0.4 0.4 0.4 0.4 0.4 0.4 0.4 0.4 0.4 0.4 0.4 0.4 0.4 0.4 0.4 0.4 0.4 0.4 0.4 0.4 0.4 0.4 0.4 0.4 0.4 0.4 0.4 0.4 0.4 0.4 0.4 0.4 0.4 0.4 0.4 0.4 0.4 0.4 0.4 0.4 0.4 0.4 0.4 0.4 0.4 0.4 0.4 0.4 0.4 0.4 0.4 0.4 0.4 0.4 0.4 0.4 0.4 0.4 0.4 0.4 0.4 0.4 0.4 0.4 0.4 0.4 0.4 0.4 0.4 0.4 0.4 0.4 0.4 0.4 0.4 0.4 0.4 0.4 0.4 0.4 0.4 0.4 0.4 0.4 0.4 0.4 0.4 0.4 0.4 0.4 0.4 0.4 0.4 0.4 0.4 0.4 0.4 0.4 0.4 0.4 0.4 0.4 0.4 0.4 0.4 0.4 0.4 0.4 0.4 0.4 0.4 0.4 0.4 0.4 0.4 0.4 0.4 0.4 0.4 0.4 0.4 0.4 0.4 0.4 0.4 0.4 0.4 0.4 0.4 0.4 0.4 0.4 0.4 0.4 0.4 0.4 0.4 0.4 0.4 0.4 0.4 0.4 0.4 0.4 0.4 0.4 0.4 0.4 0.4 0.4 0.4 0.4 0.4 0.4 0.4 0.4 0.4 0.4 0.4 0.4 0.4 0.4 0.4 0.4 0.4 0.4 0.4 0.4 0.4 0.4 0.4 0.4 0.4 0.4 0.4 0.4 0.4 0.4 0.4 0.4 0.4 0.4 0.4 0.4 0.4 0.4 0.4 0.4 0.4 0.4 0.4 0.4 0.4 0.4 0.4 0.4 0.4 0.4 0.4 0.4 0.4 0.4 0.4 0.4 0.4 0.4 0.4 0.4 0.4 0.4 0.4 0.4 0.4 0.4 0.4 0.4 0.4 0.4 0.4 0.4 0.4 0.4 0.4 0.4 0.4 0.4 0.4 0.4 0.4 0.4 0.4 0.4 0.4 0.4 0.4 0.4 0.4 0.4 0.4 0.4 0.4 0.4 0.4 0.4 0.4 0.4 0.4 0.4 0.4 0.4 0.4 0.4 0.4 0.4 0.4 0.4 0.4 0.4 0.4 0.4 0.4 0.4 0.4 0.4 0.4 0.4 0.4 0.4 0.4 0.4 0.4 0.4 0.4 0.4 0.4 0.4 0.4 0.4 0.4 0.4 0.4 0.4 0.4 0.4 0.4 0.4 0.4 0.4 0.4 0.4 0.4 0.4 0.4 0.4 0.4 0.4 0.4 0.4 0.4 0.4 0.4 0.4 0.4 0.4 0.4 0.4 0.4 0.4 0.4 0.4 0.4 0.4 0.4 0.4 0.4 0.4 0.4 0.4 0.4 0.4 0.4 0.4 0.4 0.4 0.4 0.4 0.4 0.4 0.4 0.4 0.4 0.4 0.4 0.4 0.4 0.4 0.4 0.4 0.4 0.4 0.4 0.4 0.4 0.4 0.4 0.4 0.4 0.4 0.4 0.4 0.4 0.4 0.4 0.4 0.4 0.4 0.4 0.4 0.4 0.4 0.4 0.4 0.4 0.4 0.4 0.4 0.4 0.4 0.4 0.4 0.4 0.4 0.4 0.4 0.4 0.4 0.4 0.4 0.4 0.4 0.4 0.4 0.4 0.4 0.4 0.4 0.4 0.4 0.4 0.4 0.4 0.4 0.4 0.4 0.4 0.4 0.4 0.4 0.4 0.4 0.4 0.4 0.4 0.4 0.4 0.4 0.4 0.4 0.4 0.4 0.4 0.4 0.4 0.4 0.4 0.4 0.4 0.4 0.4 0.4 0.4 0.4 0.4 0.4 0.4 0.4 0.4 0.4 0.4 0.4 0.4 0.4 0.4 0.4 0.4 0.4 0.4 0.4 0.4 0.4 0.4 0.4 0.4 0.4 0.4 0.4 0.4 0.4 0.4 0.4 0.4 0.4 0.4 0.4 0.4 0.4 0.4 0.4 0.4 0.4 0.4 0.4 0.4 0.4 0.4 0.4 0.4 0.4 0.4 0.4 0.4 0.4 0.4 0.4 0.4 0.4 0.4 0.4 0.4 0.4 0.4 0.4 0.4 0.4 0.4 0.4 0.4 0.4 0.4 0.4 0.4 0.4 0.4 0.4 0.4 0.4 0.4 0.4 0.4 0.4 0.4 0.4 0.4 0.4 0.4 0.4 0.4 0.4 0.4 0.4 0.4 0.4 0.4 0.4 0.4 0.4 0.4 0.4 0.4 0.4 0.4 0.4 0.4 0.4 0.4 0.4 0.4 0.4 0.4 0.4 0.4 0.4 0.4 0.4 0.4 0.4 0.4 0.4 0.4 0.4 0.4 0.4 0.4 0.4 0.4 0.4 0.4 0.4 0.4 0.4 0.4 0.4 0.4 0.4 0.4 0.4 0.4 0.4 0.4 0.4 0.4 0.4 0.4 0.4 0.4 0.4 0.4 0.4 0.4 0.4 0.4 0.4 0.4 0.4 0.4 0.4 0.4 0.4 0.4 0.4 0.4 0.4 0.4 0.4 0.4 0.4 0.4 0.4 0.4 0.4 0.4 0.4 0.4 0.4 0.4 0.4 0.4 0.4 0.4 0.4 0.4 0.4 0.4 0.4 0.4 0.4 0.4 0.4 0.4 0.4 0.4 0.4 0.4 0.4 0.4 0.4 0.4 0.4 0.4 0.4 0.4 0.4 0.4 0.4 0.4 0.4 0.4 0.4 0.4 0.4 0.4 0.4 0.4 0.4 0.4 0.4 0.4 0.4 0.4 0.4 0.4 0.4 0.4 0.4 0.4 0.4 0.4 0.4 0.4 0.4 0.4 0.4 0.4 0.4 0.4 0.4 0.4 0.4 0.4 0.4 0.4 0.4 0.4 0.4 0.4 0.4 0.4 0.4 0.4 0.4 0.4 0.4 0.4 0.4 0.4 0.4 0.4 0.4 0.4 0.4 0.4 0.4 0.4 0.4 0.4 0.4 0.4 0.4 0.4 0.4 0.4 0.4 0.4 0.4 0.4 0.4 0.4 0.4 0.4 0.4 0.4 0.4 0.4 0.4 0.4 0.4 0.4 0.4 0.4 0.4 0.4 0.4 0.4 0.4 0.4 0.4 0.4 0.4 0.4 0.4 0.4 0.4 0.4 0.4 0.4 0.4 0.4 0.4 0.4 0.4 0.4 0.4 0.4 0.4 0.4 0.4 0.4 0.4 0.4 0.4 0.4 0.4 0.4 0.4 0.4 0.4 0.4 0.4 0.4 0.4 0.4 0.4 0.4 0.4 0.4 0.4 0.4 0.4 0.4 0.4 0.4 0.4 0.4 0.4 0.4 0.4 0.4 0.4 0.4 0.4 0.4 0.4 0.4 0.4 0.4 0.4 0.4 0.4 0.4 0.4 0.4 0.4 0.4 0.4 0.4 0.4 0.4 0.4 0.4 0.4 0.4 0.4 0.4 0.4 0.4 0.4 0.4 0.4 0.4 0.4 0.4 0.4 0.4 0.4 0.4 0.4 0.4 0.4 0.4 0.4 0.4 0.4 0.4 0.4 0.4 0.4 0.4 0.4 0.4 0.4 0.4 0.4 0.4 0.4 0.4 0.4 0.4 0.4 0.4 0.4 0.4 0.4 0.4 0.4 0.4 0.4 0.4 0.4 0.4 0.4 0.4 0.4 0.4 0.4 0.4 0.4 0.4 0.4 0.4 0.4 0.4 0.4 0.4 0.4 0.4 0.4 0.4 0.4 0.4 0.4 0.4 0.4 0.4 0.4 0.4 0.4 0.4 0.4 0.4 0.4 0.4 0.4 0.4 0.4 0.4 0.4 0.4 0.4 0.4 0.4 0.4 0.4 0.4 0.4 0.4 0.4 0.4 0.4 0.4 0.4 0.4 0.4 0.4 0.4 0.4 0.4 0.4 0.4 0.4 0.4 0.4 0.4 0.4 0.4 0.4 0.4 0.4 0.4 0.4 0.4 0.4 0.4 0.4 0.4 0.4 0.4 0.4 0.4 0.4 0.4 0.4 0.4 0.4 0.4 0.4 0.4 0.4 0.4 0.4 0.4 0.4 0.4 0.4 0.4 0.4 0.4 0.4 0.4 0.4 0.4 0.4 0.4 0.4 0.4 0.4 0.4 0.4 0.4 0.4 0.4 0.4 0.4 0.4 0.4 0.4 0.4 0.4 0.4 0.4 0.4 0.4 0.4 0.4 0.4 0.4 0.4 0.4 0.4 0.4 0.4 0.4 0.4 0.4 0.4 0.4 0.4 0.4 0.4 0.4 0.4 0.4 0.4 0.4 0.4 0.4 0.4 0.4 0.4 0.4 0.4 0.4 0.4 0.4 0.4 0.4 0.4 0.4 0.4 0.4 0.4 0.4 0.4 0.4 0.4 0.4 0.4 0.4 0.4 0.4 0.4 0.4 0.4 0.4 0.4 0.4 0.4 0.4 0.4 0.4 0.4 0.4 0.4 0.4 0.4 0.4 0.4 0.4 0.4 0.4 0.4 0.4 0.4 0.4 0.4 0.4 0.4 0.4 0.4 0.4 0.4 0.4 0.4 0.4 0.4 0.4 0.4 0.4 0.4 0.4 0.4 0.4 0.4 0.4 0.4 0.4 0.4 0.4 0.4 0.4 0.4 0.4 0.4 0.4 0.4 0.4 0.4 0.4 0.4 0.4 0.4 0.4 0.4 0.4 0.4 0.4 0.4 0.4 0.4 0.4 0.4 0.4 0.4 0.4 0.4 0.4 0.4 0.4 0.4 0.4 0.4 0.4 0.4 0.4 0.4 0.4 0.4 0.4 0.4 0.4 0.4 0.4 0.4 0.4 0.4 0.4 0.4 0.4 0.4 0.4 0.4 0.4 0.4 0.4 0.4 0.4 0.4 0.4 0.4 0.4 0.4 0.4 0.4 0.4 0.4 0.4 0.4 0.4 0.4 0.4 0.4 0.4 0.4 0.4 0.4 0.4 0.4 0.4 0.4 0.4 0.4 0.4 0.4 0.4 0.4 0.4 0.4 0.4 0.4 0.4 0.4 0.4 0.4 0.4 0.4 0.4 0.4 0.4 0.4 0.4 0.4 0.4 0.4 0.4 0.4 0.4 0.4 0.4 0.4 0.4 0.4 0.4 0.4 0.4 0.4 0.4 0.4 0.4 0.4 0.4 0.4 0.4 0.4 0.4 0.4 0.4 0.4 0.4 0.4 0.4 0.4 0.4 0.4 0.4 0.4 0.4 0.4 0.4 0.4 0.4 0.4 0.4 0.4 0.4 0.4 0.4 0.4 0.4 0.4 0.4 0.4 0.4 0.4 0.4 0.4 0.4 0.4 0.4 0.4 0.4 0.4 0.4 0.4 0.4 0.4 0.4 0.4 0.4 0.4 0.4 0.4 0.4 0.4 0.4 0.4 0.4 0.4 0.4 0.4 0.4 0.4 0.4 0.4 0.4 0.4 0.4 0.4 0.4 0.4 0.4 0.4 0.4 0.4 0.4 0.4 0.4 0.4 0.4 0.4 0.4 0.4 0.4 0.4 0.4 0.4 0.4 0.4 0.4 0.4 0.4 0.4 0.4 0.4 0.4 0.4 0.4 0.4 0.4 0.4 0.4 0.4 0.4 0.4 0.4 0.4 0.4 0.4 0.4 0.4 0.4 0.4 0.4 0.4 0.4 0.4 0.4 0.4 0.4 0.4 0.4 0.4 0.4 0.4 0.4 0.4 0.4 0.4 0.4 0.4 0.4 0.4 0.4 0.4 0.4 0.4 0.4 0.4 0.4 0.4 0.4 0.4 0.4 0.4 0.4 0.4 0.4 0.4 0.4 0.4 0.4 0.4 0.4 0.4 0.4 0.4 0.4 0.4 0.4 0.4 0.4 0.4 0.4 0.4 0.4 0.4 0.4 0.4 0.4 0.4 0.4 0.4 0.4 0.4 0.4 0.4 0.4 0.4 0.4 0.4 0.4 0.4 0.4 0.4 0.4 0.4 0.4 0.4 0.4 0.4 0.4 0.4 0.4 0.4 0.4 0.4 0.4 0.4 0.4 0.4 0.4 0.4 0.4 0.4 0.4 0.4 0.4 0.4 0.4 0.4 0.4 0.4 0.4 0.4 0.4 0.4 0.4 0.4 0.4 0.4 0.4 0.4 0.4 0.4 0.4 0.4 0.4 0.4 0.4 0.4 0.4 0.4 0.4 0.4 0.4 0.4 0.4 0.4 0.4 0.4 0.4 0.4 0.4 0.4 0.4 0.4 0.4 0.4 0.4 0.4 0.4 0.4 0.4 0.4 0.4 0.4 0.4 0.4 0.4 0.4 0.4 0.4 0.4 0.4 0.4 0.4 0.4 0.4 0.4 0.4 0.4 0.4 0.4 0.4 0.4 0.4 0.4 0.4 0.4 0.4 0.4 0.4 0.4 0.4 0.4 0.4 0.4 0.4 0.4 0.4 0.4 0.4 0.4 0.4 0.4 0.4 0.4 0.4 0.4 0.4 0.4 0.4 0.4 0.4 0.4 0.4 0.4 0.4 0.4 0.4 0.4 0.4 0.4 0.4 0.4 0.4 0.4 0.4 0.4 0.4 0.4 0.4 0.4 0.4 0.4 0.4 0.4 0.4 0.4 0.4 0.4 0.4 0.4 0.4 0.4 0.4 0.4 0.4 0.4 0.4 0.4 0.4 0.4 0.4 0.4 0.4 0.4 0.4 0.4 0.4 0.4 0.4 0.4 0.4 0.4 0.4 0.4 0.4 0.4 0.4 0.4 0.4 0.4 0.4 0.4 0.4 0.4 0.4 0.4 0.4 0.4 0.4 0.4 0.4 0.4 0.4 0.4 0.4 0.4 0.4 0.4 0.4 0.4 0.4 0.4 0.4 0.4 0.4 0.4 0.4 0.4 0.4 0.4 0.4 0.4 0.4 0.4 0.4 0.4 0.4 0.4 0.4 0.4 0.4 0.4 0.4 0.4 0.4 0.4 0.4 0.4 0.4 0.4 0.4 0.4 0.4 0.4 0.4 0.4 0.4 0.4 0.4 0.4 0.4 0.4 0.4 0.4 0.4 0.4 0.4 0.4 0.4 0.4 0.4 0.4 0.4 0.4 0.4 0.4 0.4 0.4 0.4 0.4 0.4 0.4 0.4 0.4 0.4 0.4 0.4 0.4 0.4 0.4 0.4 0.4 0.4 0.4 0.4 0.4 0.4 0.4 0.4 0.4 0.4 0.4 0.4 0.4 0.4 0.4 0.4 0.4 0.4 0.4 0.4 0.4 0.4 0.4 0.4 0.4 0.4 0.4 0.4 0.4 0.4 0.4 0.4 0.4 0.4 0.4 0.4 0.4 0.4 0.4 0.4 0.4 0.4 0.4 0.4 0.4 0.4 0.4 0.4 0.4 0.4 0.4 0.4 0.4 0.4 0.4 0.4 0.4 0.4 0.4 0.4 0.4 0.4 0.4 0.4 0.4 0.4 0.4 0.4 0.4 0.4 0.4 0.4 0.4 0.4 0.4 0.4 0.4 0.4 0.4 0.4 0.4 0.4 0.4 0.4 0.4 0.4 0.4 0.4 0.4 0.4 0.4 0.4 0.4 0.4 0.4 0.4 0.4 0.4 0.4 0.4 0.4 0.4 0.4 0.4 0.4 0.4 0.4 0.4 0.4 0.4 0.4 0.4 0.4 0.4 0.4 0.4 0.4 0.4 0.4 0.4 0.4 0.4 0.4 0.4 0.4 0.4 0.4 0.4 0.4 0.4 0.4 0.4 0.4 0.4 0.4 0.4 0.4 0.4 0.4 0.4 0.4 0.4 0.4 0.4 0.4 0.4 0.4 0.4 0.4 0.4 0.4 0.4 0.4 0.4 0.4 0.4 0.4 0.4 0.4 0.4 0.4 0.4 0.4 0.4 0.4 0.4 0.4 0.4 0.4 0.4 0.4 0.4 0.4 0.4 0.4 0.4 0.4 0.4 0.4 0.4 0.4 0.4 0.4 0.4 0.4 0.4 0.4 0.4 0.4 0.4 0.4 0.4 0.4 0.4 0.4 0.4 0.4 0.4 0.4 0.4 0.4 0.4 0.4 0.4 0.4 0.4 0.4 0.4 0.4 0.4 0.4 0.4 0.4 0.4 0.4 0.4 0.4 0.4 0.4 0.4 0.4 0.4 0.4 0.4 0.4 0.4 0.4 0.4 0.4 0.4 0.4 0.4 0.4 0.4 0.4 0.4 0.4 0.4 0.4 0.4 0.4 0.4 0.4 0.4 0.4 0.4 0.4 0.4 0.4 0.4 0.4 0.4 0.4 0.4 0.4 0.4 0.4 0.4 0.4 0.4 0.4 0.4 0.4 0.4 0.4 0.4 0.4 0.4 0.4 0.4 0.4 0.4 0.4 0.4 0.4 0.4 0.4 0.4 0.4 0.4 0.4 0.4 0.4 0.4 0.4 0.4 0.4 0.4 0.4 0.4 0.4 0.4 0.4 0.4 0.4 0.4 0.4 0.4 0.4 0.4 0.4 0.4 0.4 0.4 0.4 0.4 0.4 0.4 0.4 0.4 0.4 0.4 0.4 0.4 0.4 0.4 0.4 0.4 0.4 0.4 0.4 0.4 0.4 0.4 0.4 0.4 0.4 0.4 0.4 0.4 0.4 0.4 0.4 0.4 0.4 0.4 0.4 0.4 0.4 0.4 0.4 0.4 0.4 0.4 0.4 0.4 0.4 0.4 0.4 0.4 0.4 0.4 0.4 0.4 0.4 0.4 0.4 0.4 0.4 0.4 0.4 0.4 0.4 0.4 0.4 0.4 0.4 0.4 0.4 0.4 0.4 0.4 0.4 0.4 0.4 0.4 0.4 0.4 0.4 0.4 0.4 0.4 0.4 0.4 0.4 0.4 0.4 0.4 0.4 0.4 0.4 0.4 0.4 0.4 0.4 0.4 0.4 0.4 0.4 0.4 0.4 0.4 0.4 0.4 0.4 0.4 0.4 0.4 0.4 0.4 0.4 0.4 0.4 0.4 0.4 0.4 0.4 0.4 0.4 0.4 0.4 0.4 0.4 0.4 0.4 0.4 0.4 0.4 0.4 0.4 0.4 0.4 0.4 0.4 0.4 0.4 0.4 0.4 0.4 0.4 0.4 0.4 0.4 0.4 0.4 0.4 0.4 0.4 0.4 0.4 0.4 0.4 0.4 0.4 0.4 0.4 0.4 0.4 0.4 0.4 0.4 0.4 0.4 0.4 0.4 0.4 0.4 0.4 0.4 0.4 0.4 0.4 0.4 0.4 0.4 0.4 0.4 0.4 0.4 0.4 0.4 0.4 0.4 0.4 0.4 0.4 0.4 0.4 0.4 0.4 0.4 0.4 0.4 0.4 0.4 0.4 0.4 0.4 0.4 0.4 0.4 0.4 0.4 0.4 0.4 0.4 0.4 0.4 0.4 0.4 0.4 0.4 0.4 0.4 0.4 0.4 0.4 0.4 0.4 0.4 0.4 0.4 0.4 0.4 0.4 0.4 0.4 0.4 0.4 0.4 0.4 0.4 0.4 0.4 0.4 0.4 0.4 0.4 0.4 0.4 0.4 0.4 0.4 0.4 0.4 0.4 0.4 0.4 0.4 0.4 0.4 0.4 0.4 0.4 0.4 0.4 0.4 0.4 0.4 0.4 0.4 0.4 0.4 0.4 0.4 0.4 0.4 0.4 0.4 0.4 0.4 0.4 0.4 0.4 0.4 0.4 0.4 0.4 0.4 0.4 0.4 0.4 0.4 0.4 0.4 0.4 0.4 0.4 0.4 0.4 0.4 0.4 0.4 0.4 0.4 0.4 0.4 0.4 0.4 0.4 0.4 0.4 0.4 0.4 0.4 0.4 0.4 0.4 0.4 0.4 0.4 0.4 0.4 0.4 0.4 0.4 0.4 0.4 0.4 0.4 0.4 0.4 0.4 0.4 0.4 0.4 0.4 0.4 0.4 0.4 0.4 0.4 0.4 0.4 0.4 0.4 0.4 0.4 0.4 0.4 0.4 0.4 0.4 0.4 0.4 0.4 0.4 0.4 0.4 0.4 0.4 0.4 0.4 0.4 0.4 0.4 0.4 0.4 0.4 0.4 0.4 0.4 0.4 0.4 0.4 0.4 0.4 0.4 0.4 0.4 0.4 0.4 0.4 0.4 0.4 0.4 0.4 0.4 0.4 0.4 0.4 0.4 0.4 0.4 0.4 0.4 0.4 0.4 0.4 0.4 0.4 0.4 0.4 0.4 0.4 0.4 0.4 0.4 0.4 0.4 0.4 0.4 0.4 0.4 0.4 0.4 0.4 0.4 0.4 0.4 0.4 0.4 0.4 0.4 0.4 0.4 0.4 0.4 0.4 0.4 0.4 0.4 0.4 0.4 0.4 0.4 0.4 0.4 0.4 0.4 0.4 0.4 0.4 0.4 0.4 0.4 0.4 0.4 0.4 0.4 0.4 0.4 0.4 0.4 0.4 0.4 0.4 0.4 0.4 0.4 0.4 0.4 0.4 0.4 0.4 0.4 0.4 0.4 0.4 0.4 0.4 0.4 0.4 0.4 0.4 0.4 0.4 0.4 0.4 0.4 0.4 0.4 0.4 0.4 0.4 0.4 0.4 0.4 0.4 0.4 0.4 0.4 0.4 0.4 0.4 0.4 0.4 0.4 0.4 0.4 0.4 0.4 0.4 0.4 0.4 0.4 0.4 0.4 0.4 0.4 0.4 0.4 0.4 0.4 0.4 
0.409951 0.409951 0.409951 0.409951 0.409951 0.409951 0.409951 0.402913 0.409951 0.409951 0.409951 0.409951 0.409951 0.409951 0.409951 0.409951 0.409951 0.39 0.409951 0.409951 0.409951 0.409951 0.409951 0.409951 0.409951 0.409951 0.409951 0.39 0.409951 0.409951 0.409951 0.409951 0.409951 0.409951 0.409951 0.409951 0.409951 0.409879 0.409951 0.409951 0.409951 0.409951 0.409951 0.409951 0.409951 0.409951 0.409951 0.390015 0.409951 0.409951 0.409951 0.409951 0.409951 0.409951 0.409951 0.409951 0.409951 0.390002 0.409951 0.409951 0.409951 0.409951 0.409951 0.409951 0.409951 0.409951 0.409951 0.390006 0.409951 0.409951 0.409951 0.409951 0.409951 0.409951 0.409951 0.409951 0.409951 0.409827 0.409951 0.409951 0.409951 0.409951 0.409951 0.409951 0.409951 0.409951 0.409951 0.408875 0.409951 0.409951 0.409951 0.409951 0.409951 0.409951 0.409951 0.409951 0.409951 0.390006 0.409951 0.409951 0.409951 0.40598 0.409951 0.409951 0.39 0.409951 0.409951 0.409951 0.409951 0.409951 0.409951 0.396286 0.409951 0.409951 0.396031 0.409951 0.409951 0.409951 0.409951 0.409951 0.409951 0.390059 0.409951 0.409951 0.39 0.409951 0.409951 0.409951 0.409951 0.409951 0.409951 0.409289 0.409951 0.409951 0.39 0.409951 0.409951 0.409951 0.409951 0.409951 0.409951 0.409104 0.409951 0.409951 0.392301 0.409951 0.409951 0.409951 0.409951 0.409951 0.409951 0.409154 0.409951 0.409951 0.390012 0.409951 0.409951 0.409951 0.409951 0.409951 0.409951 0.39009 0.409951 0.409951 0.390016 0.409951 0.409951 0.409951 0.409951 0.409951 0.409951 0.390846 0.409951 0.409951 0.39 0.409951 0.409951 0.409951 0.409951 0.409951 0.409951 0.409855 0.409951 0.409951 0.409366 0.409951 0.409951 0.409951 0.409951 0.409951 0.409951 0.39 0.409951 0.409951 0.39 0.409951 0.409951 0.409951 0.409951 0.409951 0.409951 0.409951 0.409951 0.409951 0.409951 0.409951 0.409951 0.409951 0.409951 0.409951 0.409951 0.409951 0.409951 0.409951 0.409951 0.409951 0.409951 0.409951 0.409951 0.409951 0.409951 0.409951 0.409951 0.409951 0.409951 0.409951 0.409951 0.409951 0.409951 0.409951 0.409951 0.409951 0.409951 0.409951 0.409951 0.409951 0.409951 0.409951 0.409951 0.409951 0.409951 0.409951 0.409951 0.409951 0.409951 0.409951 0.409951 0.409951 0.409951 0.409951 0.409951 0.409951 0.409951 0.409951 0.409951 0.409951 0.409951 0.409951 0.409951 0.409951 0.409951 0.409951 0.409951 0.409951 0.409951 0.409951 0.409951 0.409951 0.409951 0.409951 0.409951 0.409951 0.409951 0.409951 0.409951 0.409951 0.409951 0.409951 0.409951 0.409951 0.409951 0.409951 0.409951 0.409951 0.409951 0.409951 0.409951 0.409951 0.409951 0.409951 0.409951 0.409951 0.409951 0.409951 0.409951 0.409951 0.409951 0.409951 0.409951 0.409951 0.409951 0.409951 0.409951 0.409951 0.409951 0.409951 0.409951 0.39 0.409951 0.409951 0.409951 0.409951 0.409951 0.409951 0.409951 0.409951 0.409951 0.408041 0.409951 0.409951 0.409951 0.409951 0.409951 0.409951 0.409951 0.409951 0.409951 0.39 0.409951 0.409951 0.409951 0.409951 0.409951 0.409951 0.409951 0.409951 0.409951 0.39 0.409951 0.409951 0.409951 0.409951 0.409951 0.409951 0.409951 0.409951 0.409951 0.40881 0.409951 0.409951 0.409951 0.409951 0.409951 0.409951 0.409951 0.409951 0.409951 0.392557 0.409951 0.409951 0.409951 0.409951 0.409951 0.409951 0.409951 0.409951 0.409951 0.39 0.409951 0.409951 0.409951 0.409951 0.409951 0.409951 0.409951 0.409951 0.409951 0.392557 0.409951 0.409951 0.409951 0.409951 0.409951 0.409951 0.409951 0.409951 0.409951 0.409929 0.409951 0.409951 0.409951 0.409951 0.409951 0.409951 0.409951 0.409951 0.409951 0.409827 0.409951 0.409951 0.409951 0.3997 0.409951 0.409951 0.398219 0.409951 0.409951 0.409951 0.409951 0.409951 0.409951 0.39 0.409951 0.409951 0.390005 0.409951 0.409951 0.409951 0.409951 0.409951 0.409951 0.392301 0.409951 0.409951 0.403452 0.409951 0.409951 0.409951 0.409951 0.409951 0.409951 0.390163 0.409951 0.409951 0.402636 0.409951 0.409951 0.409951 0.409951 0.409951 0.409951 0.39 0.409951 0.409951 0.401194 0.409951 0.409951 0.409951 0.409951 0.409951 0.409951 0.409468 0.409951 0.409951 0.40881 0.409951 0.409951 0.409951 0.409951 0.409951 0.409951 0.39 0.409951 0.409951 0.390009 0.409951 0.409951 0.409951 0.409951 0.409951 0.409951 0.39 0.409951 0.409951 0.39 0.409951 0.409951 0.409951 0.409951 0.409951 0.409951 0.404219 0.409951 0.409951 0.404699 0.409951 0.409951 0.409951 0.409951 0.409951 0.409951 0.39 0.409951 0.409951 0.390002 0.409951 0.409951 0.409951 0.409951 0.409951 0.409951 0.409951 0.409951 0.409951 0.409951 0.409951 0.409951 0.409951 0.409951 0.409951 0.409951 0.409951 0.409951 0.409951 0.409951 0.409951 0.409951 0.409951 0.409951 0.409951 0.409951 0.409951 0.409951 0.409951 0.409951 0.409951 0.409951 0.409951 0.409951 0.409951 0.409951 0.409951 0.409951 0.409951 0.409951 0.409951 0.409951 0.409951 0.409951 0.409951 0.409951 0.409951 0.409951 0.409951 0.409951 0.409951 0.409951 0.409951 0.409951 0.409951 0.409951 0.409951 0.409951 0.409951 0.409951 0.409951 0.409951 0.409951 0.409951 0.409951 0.409951 0.409951 0.409951 0.409951 0.409951 0.409951 0.409951 0.409951 0.409951 0.409951 0.409951 0.409951 0.409951 0.409951 0.409951 0.409951 0.409951 0.409951 0.409951 0.409951 0.409951 0.409951 0.409951 0.409951 0.409951 0.409951 0.409951 0.409951 0.409951 0.409951 0.409951 0.409951 0.409951 0.409951 0.409951 0.409951 0.409951 0.409951 0.409951 0.409951 0.409951 0.409951 0.409951 0.409951 0.409951 0.409951 0.409951 0.390003 0.409951 0.409951 0.409951 0.409951 0.409951 0.409951 0.409951 0.409951 0.409951 0.39 0.409951 0.409951 0.409951 0.409951 0.409951 0.409951 0.409951 0.409951 0.409951 0.39 0.409951 0.409951 0.409951 0.409951 0.409951 0.409951 0.409951 0.409951 0.409951 0.390009 0.409951 0.409951 0.409951 0.409951 0.409951 0.409951 0.409951 0.409951 0.409951 0.405784 0.409951 0.409951 0.409951 0.409951 0.409951 0.409951 0.409951 0.409951 0.409951 0.409863 0.409951 0.409951 0.409951 0.409951 0.409951 0.409951 0.409951 0.409951 0.409951 0.390121 0.409951 0.409951 0.409951 0.409951 0.409951 0.409951 0.409951 0.409951 0.409951 0.402636 0.409951 0.409951 0.409951 0.409951 0.409951 0.409951 0.409951 0.409951 0.409951 0.39 0.409951 0.409951 0.409951 0.409951 0.409951 0.409951 0.409951 0.409951 0.409951 0.390075 0.409951 0.409951 0.409951 0.39 0.409951 0.409951 0.390163 0.409951 0.409951 0.409951 0.409951 0.409951 0.409951 0.391574 0.409951 0.409951 0.390006 0.409951 0.409951 0.409951 0.409951 0.409951 0.409951 0.408937 0.409951 0.409951 0.405784 0.409951 0.409951 0.409951 0.409951 0.409951 0.409951 0.407014 0.409951 0.409951 0.409667 0.409951 0.409951 0.409951 0.409951 0.409951 0.409951 0.400599 0.409951 0.409951 0.39 0.409951 0.409951 0.409951 0.409951 0.409951 0.409951 0.39 0.409951 0.409951 0.390711 0.409951 0.409951 0.409951 0.409951 0.409951 0.409951 0.390063 0.409951 0.409951 0.39 0.409951 0.409951 0.409951 0.409951 0.409951 0.409951 0.409886 0.409951 0.409951 0.39001 0.409951 0.409951 0.409951 0.409951 0.409951 0.409951 0.39 0.409951 0.409951 0.39 0.409951 0.409951 0.409951 0.409951 0.409951 0.409951 0.39 0.409951 0.409951 0.40493 0.409951 0.409951 0.409951 0.409951 0.409951 0.409951 0.409951 0.409951 0.409951 0.409951 0.409951 0.409951 0.409951 0.409951 0.409951 0.409951 0.409951 0.409951 0.409951 0.409951 0.409951 0.409951 0.409951 0.409951 0.409951 0.409951 0.409951 0.409951 0.409951 0.409951 0.409951 0.409951 0.409951 0.409951 0.409951 0.409951 0.409951 0.409951 0.409951 0.409951 0.409951 0.409951 0.409951 0.409951 0.409951 0.409951 0.409951 0.409951 0.409951 0.409951 0.409951 0.409951 0.409951 0.409951 0.409951 0.409951 0.409951 0.409951 0.409951 0.409951 0.409951 0.409951 0.409951 0.409951 0.409951 0.409951 0.409951 0.409951 0.409951 0.409951 0.409951 0.409951 0.409951 0.409951 0.409951 0.409951 0.409951 0.409951 0.409951 0.409951 0.409951 0.409951 0.409951 0.409951 0.409951 0.409951 0.409951 0.409951 0.409951 0.409951 0.409951 0.409951 0.409951 0.409951 0.409951 0.409951 0.409951 0.409951 0.409951 0.409951 0.409951 0.409951 0.409951 0.409951 0.409951 0.409951 0.409951 0.409951 0.409951 0.409951 0.409951 0.409951 0.407699 0.409951 0.409951 0.409951 0.409951 0.409951 0.409951 0.409951 0.409951 0.409951 0.407932 0.409951 0.409951 0.409951 0.409951 0.409951 0.409951 0.409951 0.409951 0.409951 0.39 0.409951 0.409951 0.409951 0.409951 0.409951 0.409951 0.409951 0.409951 0.409951 0.390374 0.409951 0.409951 0.409951 0.409951 0.409951 0.409951 0.409951 0.409951 0.409951 0.405784 0.409951 0.409951 0.409951 0.409951 0.409951 0.409951 0.409951 0.409951 0.409951 0.409051 0.409951 0.409951 0.409951 0.409951 0.409951 0.409951 0.409951 0.409951 0.409951 0.39793 0.409951 0.409951 0.409951 0.409951 0.409951 0.409951 0.409951 0.409951 0.409951 0.408591 0.409951 0.409951 0.409951 0.409951 0.409951 0.409951 0.409951 0.409951 0.409951 0.39 0.409951 0.409951 0.409951 0.409951 0.409951 0.409951 0.409951 0.409951 0.409951 0.409366 0.409951 0.409951 0.409951 0.409951 0.409951 0.409951 0.409951 0.409951 0.409951 0.391063 0.409951 0.409951 0.409951 0.409951 0.409951 0.409951 0.409951 0.409951 0.409951 0.39 0.409951 0.409951 0.409951 0.409951 0.409951 0.409951 0.409951 0.409951 0.409951 0.39 0.409951 0.409951 0.409951 0.409951 0.409951 0.409951 0.409951 0.409951 0.409951 0.39 0.409951 0.409951 0.409951 0.409951 0.409951 0.409951 0.409951 0.409951 0.409951 0.39 0.409951 0.409951 0.409951 0.409951 0.409951 0.409951 0.409951 0.409951 0.409951 0.406169 0.409951 0.409951 0.409951 0.409951 0.409951 0.409951 0.409951 0.409951 0.409951 0.397645 0.409951 0.409951 0.409951 0.409951 0.409951 0.409951 0.409951 0.409951 0.409951 0.39 0.409951 0.409951 0.409951 0.409951 0.409951 0.409951 0.409951 0.409951 0.409951 0.39 0.409951 0.409951 0.409951 0.409951 0.409951 0.409951 0.409951 0.409951 0.409951 0.390017 0.409951 0.409951 0.409951 0.39 0.409951 0.409951 0.392301 0.409951 0.409951 0.409951 0.409951 0.409951 0.409951 0.390754 0.409951 0.409951 0.390184 0.409951 0.409951 0.409951 0.409951 0.409951 0.409951 0.390001 0.409951 0.409951 0.390001 0.409951 0.409951 0.409951 0.409951 0.409951 0.409951 0.39 0.409951 0.409951 0.39 0.409951 0.409951 0.409951 0.409951 0.409951 0.409951 0.390041 0.409951 0.409951 0.391409 0.409951 0.409951 0.409951 0.409951 0.409951 0.409951 0.39 0.409951 0.409951 0.39 0.409951 0.409951 0.409951 0.409951 0.409951 0.409951 0.39 0.409951 0.409951 0.39 0.409951 0.409951 0.409951 0.409951 0.409951 0.409951 0.39 0.409951 0.409951 0.39 0.409951 0.409951 0.409951 0.409951 0.409951 0.409951 0.409767 0.409951 0.409951 0.390063 0.409951 0.409951 0.409951 0.409951 0.409951 0.409951 0.390005 0.409951 0.409951 0.390018 0.409951 0.409951 0.409951 0.409951 0.409951 0.409951 0.409951 0.409951 0.409951 0.409951 0.409951 0.409951 0.409951 0.409951 0.409951 0.409951 0.409951 0.409951 0.409951 0.409951 0.409951 0.409951 0.409951 0.409951 0.409951 0.409951 0.409951 0.409951 0.409951 0.409951 0.409951 0.409951 0.409951 0.409951 0.409951 0.409951 0.409951 0.409951 0.409951 0.409951 0.409951 0.409951 0.409951 0.409951 0.409951 0.409951 0.409951 0.409951 0.409951 0.409951 0.409951 0.409951 0.409951 0.409951 0.409951 0.409951 0.409951 0.409951 0.409951 0.409951 0.409951 0.409951 0.409951 0.409951 0.409951 0.409951 0.409951 0.409951 0.409951 0.409951 0.409951 0.409951 0.409951 0.409951 0.409951 0.409951 0.409951 0.409951 0.409951 0.409951 0.409951 0.409951 0.409951 0.409951 0.409951 0.409951 0.409951 0.409951 0.409951 0.409951 0.409951 0.409951 0.409951 0.409951 0.409951 0.409951 0.409951 0.409951 0.409951 0.409951 0.409951 0.409951 0.409951 0.409951 0.409951 0.409951 0.409951 0.409951 0.409951 0.409951 0.409951 0.409951 0.39 0.409951 0.409951 0.409951 0.409951 0.409951 0.409951 0.409951 0.409951 0.409951 0.406696 0.409951 0.409951 0.409951 0.409951 0.409951 0.409951 0.409951 0.409951 0.409951 0.39 0.409951 0.409951 0.409951 0.409951 0.409951 0.409951 0.409951 0.409951 0.409951 0.409202 0.409951 0.409951 0.409951 0.409951 0.409951 0.409951 0.409951 0.409951 0.409951 0.39 0.409951 0.409951 0.409951 0.409951 0.409951 0.409951 0.409951 0.409951 0.409951 0.39 0.409951 0.409951 0.409951 0.409951 0.409951 0.409951 0.409951 0.409951 0.409951 0.399401 0.409951 0.409951 0.409951 0.409951 0.409951 0.409951 0.409951 0.409951 0.409951 0.408337 0.409951 0.409951 0.409951 0.409951 0.409951 0.409951 0.409951 0.409951 0.409951 0.393473 0.409951 0.409951 0.409951 0.409951 0.409951 0.409951 0.409951 0.409951 0.409951 0.390163 0.409951 0.409951 0.409951 0.39 0.409951 0.409951 0.408144 0.409951 0.409951 0.409951 0.409951 0.409951 0.409951 0.390671 0.409951 0.409951 0.40992 0.409951 0.409951 0.409951 0.409951 0.409951 0.409951 0.390016 0.409951 0.409951 0.39 0.409951 0.409951 0.409951 0.409951 0.409951 0.409951 0.39 0.409951 0.409951 0.39 0.409951 0.409951 0.409951 0.409951 0.409951 0.409951 0.39 0.409951 0.409951 0.39 0.409951 0.409951 0.409951 0.409951 0.409951 0.409951 0.39 0.409951 0.409951 0.39 0.409951 0.409951 0.409951 0.409951 0.409951 0.409951 0.39 0.409951 0.409951 0.403969 0.409951 0.409951 0.409951 0.409951 0.409951 0.409951 0.39 0.409951 0.409951 0.400898 0.409951 0.409951 0.409951 0.409951 0.409951 0.409951 0.409402 0.409951 0.409951 0.39 0.409951 0.409951 0.409951 0.409951 0.409951 0.409951 0.409667 0.409951 0.409951 0.39 0.409951 0.409951 0.409951 0.409951 0.409951 0.409951 0.409951 0.409951 0.409951 0.409951 0.409951 0.409951 0.409951 0.409951 0.409951 0.409951 0.409951 0.409951 0.409951 0.409951 0.409951 0.409951 0.409951 0.409951 0.409951 0.409951 0.409951 0.409951 0.409951 0.409951 0.409951 0.409951 0.409951 0.409951 0.409951 0.409951 0.409951 0.409951 0.409951 0.409951 0.409951 0.409951 0.409951 0.409951 0.409951 0.409951 0.409951 0.409951 0.409951 0.409951 0.409951 0.409951 0.409951 0.409951 0.409951 0.409951 0.409951 0.409951 0.409951 0.409951 0.409951 0.409951 0.409951 0.409951 0.409951 0.409951 0.409951 0.409951 0.409951 0.409951 0.409951 0.409951 0.409951 0.409951 0.409951 0.409951 0.409951 0.409951 0.409951 0.409951 0.409951 0.409951 0.409951 0.409951 0.409951 0.409951 0.409951 0.409951 0.409951 0.409951 0.409951 0.409951 0.409951 0.409951 0.409951 0.409951 0.409951 0.409951 0.409951 0.409951 0.409951 0.409951 0.409951 0.409951 0.409951 0.409951 0.409951 0.409951 0.409951 0.409951 0.409951 0.409951 0.39 0.409951 0.409951 0.409951 0.409951 0.409951 0.409951 0.409951 0.409951 0.409951 0.409846 0.409951 0.409951 0.409951 0.409951 0.409951 0.409951 0.409951 0.409951 0.409951 0.39 0.409951 0.409951 0.409951 0.409951 0.409951 0.409951 0.409951 0.409951 0.409951 0.39 0.409951 0.409951 0.409951 0.409951 0.409951 0.409951 0.409951 0.409951 0.409951 0.408591 0.409951 0.409951 0.409951 0.409951 0.409951 0.409951 0.409951 0.409951 0.409951 0.39 0.409951 0.409951 0.409951 0.409951 0.409951 0.409951 0.409951 0.409951 0.409951 0.39 0.409951 0.409951 0.409951 0.409951 0.409951 0.409951 0.409951 0.409951 0.409951 0.40598 0.409951 0.409951 0.409951 0.409951 0.409951 0.409951 0.409951 0.409951 0.409951 0.39 0.409951 0.409951 0.409951 0.409951 0.409951 0.409951 0.409951 0.409951 0.409951 0.390012 0.409951 0.409951 0.409951 0.39 0.409951 0.409951 0.390056 0.409951 0.409951 0.409951 0.409951 0.409951 0.409951 0.390002 0.409951 0.409951 0.39 0.409951 0.409951 0.409951 0.409951 0.409951 0.409951 0.39 0.409951 0.409951 0.39 0.409951 0.409951 0.409951 0.409951 0.409951 0.409951 0.402355 0.409951 0.409951 0.39 0.409951 0.409951 0.409951 0.409951 0.409951 0.409951 0.409753 0.409951 0.409951 0.391959 0.409951 0.409951 0.409951 0.409951 0.409951 0.409951 0.390313 0.409951 0.409951 0.39 0.409951 0.409951 0.409951 0.409951 0.409951 0.409951 0.409892 0.409951 0.409951 0.409246 0.409951 0.409951 0.409951 0.409951 0.409951 0.409951 0.39 0.409951 0.409951 0.405581 0.409951 0.409951 0.409951 0.409951 0.409951 0.409951 0.408511 0.409951 0.409951 0.401194 0.409951 0.409951 0.409951 0.409951 0.409951 0.409951 0.39 0.409951 0.409951 0.409626 0.409951 0.409951 0.409951 0.409951 0.409951 0.409951 0.409951 0.409951 0.409951 0.409951 0.409951 0.409951 0.409951 0.409951 0.409951 0.409951 0.409951 0.409951 0.409951 0.409951 0.409951 0.409951 0.409951 0.409951 0.409951 0.409951 0.409951 0.409951 0.409951 0.409951 0.409951 0.409951 0.409951 0.409951 0.409951 0.409951 0.409951 0.409951 0.409951 0.409951 0.409951 0.409951 0.409951 0.409951 0.409951 0.409951 0.409951 0.409951 0.409951 0.409951 0.409951 0.409951 0.409951 0.409951 0.409951 0.409951 0.409951 0.409951 0.409951 0.409951 0.409951 0.409951 0.409951 0.409951 0.409951 0.409951 0.409951 0.409951 0.409951 0.409951 0.409951 0.409951 0.409951 0.409951 0.409951 0.409951 0.409951 0.409951 0.409951 0.409951 0.409951 0.409951 0.409951 0.409951 0.409951 0.409951 0.409951 0.409951 0.409951 0.409951 0.409951 0.409951 0.409951 0.409951 0.409951 0.409951 0.409951 0.409951 0.409951 0.409951 0.409951 0.409951 0.409951 0.409951 0.409951 0.409951 0.409951 0.409951 0.409951 0.409951 0.409951 0.409951 0.409579 0.409951 0.409951 0.409951 0.409951 0.409951 0.409951 0.409951 0.409951 0.409951 0.409051 0.409951 0.409951 0.409951 0.409951 0.409951 0.409951 0.409951 0.409951 0.409951 0.390279 0.409951 0.409951 0.409951 0.409951 0.409951 0.409951 0.409951 0.409951 0.409951 0.39 0.409951 0.409951 0.409951 0.409951 0.409951 0.409951 0.409951 0.409951 0.409951 0.39001 0.409951 0.409951 0.409951 0.409951 0.409951 0.409951 0.409951 0.409951 0.409951 0.39 0.409951 0.409951 0.409951 0.409951 0.409951 0.409951 0.409951 0.409951 0.409951 0.409154 0.409951 0.409951 0.409951 0.409951 0.409951 0.409951 0.409951 0.409951 0.409951 0.407443 0.409951 0.409951 0.409951 0.409951 0.409951 0.409951 0.409951 0.409951 0.409951 0.39 0.409951 0.409951 0.409951 0.409951 0.409951 0.409951 0.409951 0.409951 0.409951 0.390019 0.409951 0.409951 0.409951 0.409951 0.409951 0.409951 0.409951 0.409951 0.409951 0.39 0.409951 0.409951 0.409951 0.409951 0.409951 0.409951 0.409951 0.409951 0.409951 0.407306 0.409951 0.409951 0.409951 0.409951 0.409951 0.409951 0.409951 0.409951 0.409951 0.408591 0.409951 0.409951 0.409951 0.409951 0.409951 0.409951 0.409951 0.409951 0.409951 0.39 0.409951 0.409951 0.409951 0.409951 0.409951 0.409951 0.409951 0.409951 0.409951 0.392301 0.409951 0.409951 0.409951 0.409951 0.409951 0.409951 0.409951 0.409951 0.409951 0.409827 0.409951 0.409951 0.409951 0.409951 0.409951 0.409951 0.409951 0.409951 0.409951 0.39 0.409951 0.409951 0.409951 0.409951 0.409951 0.409951 0.409951 0.409951 0.409951 0.390001 0.409951 0.409951 0.409951 0.409951 0.409951 0.409951 0.409951 0.409951 0.409951 0.39 0.409951 0.409951 0.409951 0.409951 0.409951 0.409951 0.409951 0.409951 0.409951 0.390031 0.409951 0.409951 0.409951 0.390295 0.409951 0.409951 0.408668 0.409951 0.409951 0.409951 0.409951 0.409951 0.409951 0.409899 0.409951 0.409951 0.39 0.409951 0.409951 0.409951 0.409951 0.409951 0.409951 0.390071 0.409951 0.409951 0.397087 0.409951 0.409951 0.409951 0.409951 0.409951 0.409951 0.390313 0.409951 0.409951 0.39 0.409951 0.409951 0.409951 0.409951 0.409951 0.409951 0.405371 0.409951 0.409951 0.390006 0.409951 0.409951 0.409951 0.409951 0.409951 0.409951 0.39 0.409951 0.409951 0.39 0.409951 0.409951 0.409951 0.409951 0.409951 0.409951 0.39 0.409951 0.409951 0.391409 0.409951 0.409951 0.409951 0.409951 0.409951 0.409951 0.39022 0.409951 0.409951 0.408668 0.409951 0.409951 0.409951 0.409951 0.409951 0.409951 0.39 0.409951 0.409951 0.406858 0.409951 0.409951 0.409951 0.409951 0.409951 0.409951 0.390002 0.409951 0.409951 0.390207 0.409951 0.409951 0.409951 0.409951 0.409951 0.409951 0.409951 0.409951 0.409951 0.409951 0.409951 0.409951 0.409951 0.409951 0.409951 0.409951 0.409951 0.409951 0.409951 0.409951 0.409951 0.409951 0.409951 0.409951 0.409951 0.409951 0.409951 0.409951 0.409951 0.409951 0.409951 0.409951 0.409951 0.409951 0.409951 0.409951 0.409951 0.409951 0.409951 0.409951 0.409951 0.409951 0.409951 0.409951 0.409951 0.409951 0.409951 0.409951 0.409951 0.409951 0.409951 0.409951 0.409951 0.409951 0.409951 0.409951 0.409951 0.409951 0.409951 0.409951 0.409951 0.409951 0.409951 0.409951 0.409951 0.409951 0.409951 0.409951 0.409951 0.409951 0.409951 0.409951 0.409951 0.409951 0.409951 0.409951 0.409951 0.409951 0.409951 0.409951 0.409951 0.409951 0.409951 0.409951 0.409951 0.409951 0.409951 0.409951 0.409951 0.409951 0.409951 0.409951 0.409951 0.409951 0.409951 0.409951 0.409951 0.409951 0.409951 0.409951 0.409951 0.409951 0.409951 0.409951 0.409951 0.409951 0.409951 0.409951 0.409951 0.409951 0.409951 0.409951 0.390005 0.409951 0.409951 0.409951 0.409951 0.409951 0.409951 0.409951 0.409951 0.409951 0.408996 0.409951 0.409951 0.409951 0.409951 0.409951 0.409951 0.409951 0.409951 0.409951 0.392301 0.409951 0.409951 0.409951 0.409951 0.409951 0.409951 0.409951 0.409951 0.409951 0.39002 0.409951 0.409951 0.409951 0.409951 0.409951 0.409951 0.409951 0.409951 0.409951 0.394419 0.409951 0.409951 0.409951 0.409951 0.409951 0.409951 0.409951 0.409951 0.409951 0.409863 0.409951 0.409951 0.409951 0.409951 0.409951 0.409951 0.409951 0.409951 0.409951 0.39 0.409951 0.409951 0.409951 0.409951 0.409951 0.409951 0.409951 0.409951 0.409951 0.409899 0.409951 0.409951 0.409951 0.409951 0.409951 0.409951 0.409951 0.409951 0.409951 0.39 0.409951 0.409951 0.409951 0.409951 0.409951 0.409951 0.409951 0.409951 0.409951 0.39 0.409951 0.409951 0.409951 0.39 0.409951 0.409951 0.409925 0.409951 0.409951 0.409951 0.409951 0.409951 0.409951 0.391063 0.409951 0.409951 0.390027 0.409951 0.409951 0.409951 0.409951 0.409951 0.409951 0.390671 0.409951 0.409951 0.39 0.409951 0.409951 0.409951 0.409951 0.409951 0.409951 0.39 0.409951 0.409951 0.397364 0.409951 0.409951 0.409951 0.409951 0.409951 0.409951 0.407306 0.409951 0.409951 0.409705 0.409951 0.409951 0.409951 0.409951 0.409951 0.409951 0.409402 0.409951 0.409951 0.39 0.409951 0.409951 0.409951 0.409951 0.409951 0.409951 0.39 0.409951 0.409951 0.39 0.409951 0.409951 0.409951 0.409951 0.409951 0.409951 0.39 0.409951 0.409951 0.390532 0.409951 0.409951 0.409951 0.409951 0.409951 0.409951 0.39 0.409951 0.409951 0.39 0.409951 0.409951 0.409951 0.409951 0.409951 0.409951 0.400898 0.409951 0.409951 0.390017 0.409951 0.409951 0.409951 0.409951 0.409951 0.409951 0.409951 0.409951 0.409951 0.409951 0.409951 0.409951 0.409951 0.409951 0.409951 0.409951 0.409951 0.409951 0.409951 0.409951 0.409951 0.409951 0.409951 0.409951 0.409951 0.409951 0.409951 0.409951 0.409951 0.409951 0.409951 0.409951 0.409951 0.409951 0.409951 0.409951 0.409951 0.409951 0.409951 0.409951 0.409951 0.409951 0.409951 0.409951 0.409951 0.409951 0.409951 0.409951 0.409951 0.409951 0.409951 0.409951 0.409951 0.409951 0.409951 0.409951 0.409951 0.409951 0.409951 0.409951 0.409951 0.409951 0.409951 0.409951 0.409951 0.409951 0.409951 0.409951 0.409951 0.409951 0.409951 0.409951 0.409951 0.409951 0.409951 0.409951 0.409951 0.409951 0.409951 0.409951 0.409951 0.409951 0.409951 0.409951 0.409951 0.409951 0.409951 0.409951 0.409951 0.409951 0.409951 0.409951 0.409951 0.409951 0.409951 0.409951 0.409951 0.409951 0.409951 0.409951 0.409951 0.409951 0.409951 0.409951 0.409951 0.409951 0.409951 0.409951 0.409951 0.409951 0.409951 0.409951 0.39 0.409951 0.409951 0.409951 0.409951 0.409951 0.409951 0.409951 0.409951 0.409951 0.409246 0.409951 0.409951 0.409951 0.409951 0.409951 0.409951 0.409951 0.409951 0.409951 0.409793 0.409951 0.409951 0.409951 0.409951 0.409951 0.409951 0.409951 0.409951 0.409951 0.390037 0.409951 0.409951 0.409951 0.409951 0.409951 0.409951 0.409951 0.409951 0.409951 0.39 0.409951 0.409951 0.409951 0.409951 0.409951 0.409951 0.409951 0.409951 0.409951 0.39 0.409951 0.409951 0.409951 0.409951 0.409951 0.409951 0.409951 0.409951 0.409951 0.409827 0.409951 0.409951 0.409951 0.409951 0.409951 0.409951 0.409951 0.409951 0.409951 0.39 0.409951 0.409951 0.409951 0.409951 0.409951 0.409951 0.409951 0.409951 0.409951 0.39 0.409951 0.409951 0.409951 0.409951 0.409951 0.409951 0.409951 0.409951 0.409951 0.39 0.409951 0.409951 0.409951 0.407014 0.409951 0.409951 0.409892 0.409951 0.409951 0.409951 0.409951 0.409951 0.409951 0.409579 0.409951 0.409951 0.409929 0.409951 0.409951 0.409951 0.409951 0.409951 0.409951 0.390013 0.409951 0.409951 0.39 0.409951 0.409951 0.409951 0.409951 0.409951 0.409951 0.409941 0.409951 0.409951 0.39507 0.409951 0.409951 0.409951 0.409951 0.409951 0.409951 0.39 0.409951 0.409951 0.409705 0.409951 0.409951 0.409951 0.409951 0.409951 0.409951 0.39 0.409951 0.409951 0.39 0.409951 0.409951 0.409951 0.409951 0.409951 0.409951 0.409579 0.409951 0.409951 0.409705 0.409951 0.409951 0.409951 0.409951 0.409951 0.409951 0.390026 0.409951 0.409951 0.39 0.409951 0.409951 0.409951 0.409951 0.409951 0.409951 0.391125 0.409951 0.409951 0.39 0.409951 0.409951 0.409951 0.409951 0.409951 0.409951 0.390041 0.409951 0.409951 0.39 0.409951 0.409951 0.409951 0.409951 0.409951 0.409951 0.409951 0.409951 0.409951 0.409951 0.409951 0.409951 0.409951 0.409951 0.409951 0.409951 0.409951 0.409951 0.409951 0.409951 0.409951 0.409951 0.409951 0.409951 0.409951 0.409951 0.409951 0.409951 0.409951 0.409951 0.409951 0.409951 0.409951 0.409951 0.409951 0.409951 0.409951 0.409951 0.409951 0.409951 0.409951 0.409951 0.409951 0.409951 0.409951 0.409951 0.409951 0.409951 0.409951 0.409951 0.409951 0.409951 0.409951 0.409951 0.409951 0.409951 0.409951 0.409951 0.409951 0.409951 0.409951 0.409951 0.409951 0.409951 0.409951 0.409951 0.409951 0.409951 0.409951 0.409951 0.409951 0.409951 0.409951 0.409951 0.409951 0.409951 0.409951 0.409951 0.409951 0.409951 0.409951 0.409951 0.409951 0.409951 0.409951 0.409951 0.409951 0.409951 0.409951 0.409951 0.409951 0.409951 0.409951 0.409951 0.409951 0.409951 0.409951 0.409951 0.409951 0.409951 0.409951 0.409951 0.409951 0.409951 0.409951 0.409951 0.409951 0.409951 0.409951 0.409951 0.409951 0.409951 0.403714 0.409951 0.409951 0.409951 0.409951 0.409951 0.409951 0.409951 0.409951 0.409951 0.406858 0.409951 0.409951 0.409951 0.409951 0.409951 0.409951 0.409951 0.409951 0.409951 0.39 0.409951 0.409951 0.409951 0.409951 0.409951 0.409951 0.409951 0.409951 0.409951 0.390114 0.409951 0.409951 0.409951 0.409951 0.409951 0.409951 0.409951 0.409951 0.409951 0.390001 0.409951 0.409951 0.409951 0.409951 0.409951 0.409951 0.409951 0.409951 0.409951 0.390005 0.409951 0.409951 0.409951 0.409951 0.409951 0.409951 0.409951 0.409951 0.409951 0.407306 0.409951 0.409951 0.409951 0.409951 0.409951 0.409951 0.409951 0.409951 0.409951 0.39 0.409951 0.409951 0.409951 0.409951 0.409951 0.409951 0.409951 0.409951 0.409951 0.39 0.409951 0.409951 0.409951 0.409951 0.409951 0.409951 0.409951 0.409951 0.409951 0.392301 0.409951 0.409951 0.409951 0.409951 0.409951 0.409951 0.409951 0.409951 0.409951 0.39 0.409951 0.409951 0.409951 0.409951 0.409951 0.409951 0.409951 0.409951 0.409951 0.390502 0.409951 0.409951 0.409951 0.409951 0.409951 0.409951 0.409951 0.409951 0.409951 0.39 0.409951 0.409951 0.409951 0.409951 0.409951 0.409951 0.409951 0.409951 0.409951 0.39 0.409951 0.409951 0.409951 0.409951 0.409951 0.409951 0.409951 0.409951 0.409951 0.39 0.409951 0.409951 0.409951 0.409951 0.409951 0.409951 0.409951 0.409951 0.409951 0.405784 0.409951 0.409951 0.409951 0.409951 0.409951 0.409951 0.409951 0.409951 0.409951 0.39 0.409951 0.409951 0.409951 0.409951 0.409951 0.409951 0.409951 0.409951 0.409951 0.39 0.409951 0.409951 0.409951 0.409951 0.409951 0.409951 0.409951 0.409951 0.409951 0.39 0.409951 0.409951 0.409951 0.409951 0.409951 0.409951 0.409951 0.409951 0.409951 0.397645 0.409951 0.409951 0.409951 0.39507 0.409951 0.409951 0.390056 0.409951 0.409951 0.409951 0.409951 0.409951 0.409951 0.390004 0.409951 0.409951 0.396548 0.409951 0.409951 0.409951 0.409951 0.409951 0.409951 0.39 0.409951 0.409951 0.409863 0.409951 0.409951 0.409951 0.409951 0.409951 0.409951 0.409104 0.409951 0.409951 0.40493 0.409951 0.409951 0.409951 0.409951 0.409951 0.409951 0.39 0.409951 0.409951 0.409647 0.409951 0.409951 0.409951 0.409951 0.409951 0.409951 0.409753 0.409951 0.409951 0.409705 0.409951 0.409951 0.409951 0.409951 0.409951 0.409951 0.390114 0.409951 0.409951 0.395781 0.409951 0.409951 0.409951 0.409951 0.409951 0.409951 0.39 0.409951 0.409951 0.39001 0.409951 0.409951 0.409951 0.409951 0.409951 0.409951 0.409289 0.409951 0.409951 0.407306 0.409951 0.409951 0.409951 0.409951 0.409951 0.409951 0.409626 0.409951 0.409951 0.399401 0.409951 0.409951 0.409951 0.409951 0.409951 0.409951 0.409951 0.409951 0.409951 0.409951 0.409951 0.409951 0.409951 0.409951 0.409951 0.409951 0.409951 0.409951 0.409951 0.409951 0.409951 0.409951 0.409951 0.409951 0.409951 0.409951 0.409951 0.409951 0.409951 0.409951 0.409951 0.409951 0.409951 0.409951 0.409951 0.409951 0.409951 0.409951 0.409951 0.409951 0.409951 0.409951 0.409951 0.409951 0.409951 0.409951 0.409951 0.409951 0.409951 0.409951 0.409951 0.409951 0.409951 0.409951 0.409951 0.409951 0.409951 0.409951 0.409951 0.409951 0.409951 0.409951 0.409951 0.409951 0.409951 0.409951 0.409951 0.409951 0.409951 0.409951 0.409951 0.409951 0.409951 0.409951 0.409951 0.409951 0.409951 0.409951 0.409951 0.409951 0.409951 0.409951 0.409951 0.409951 0.409951 0.409951 0.409951 0.409951 0.409951 0.409951 0.409951 0.409951 0.409951 0.409951 0.409951 0.409951 0.409951 0.409951 0.409951 0.409951 0.409951 0.409951 0.409951 0.409951 0.409951 0.409951 0.409951 0.409951 0.409951 0.409951 0.409951 0.409951 0.391063 0.409951 0.409951 0.409951 0.409951 0.409951 0.409951 0.409951 0.409951 0.409951 0.391063 0.409951 0.409951 0.409951 0.409951 0.409951 0.409951 0.409951 0.409951 0.409951 0.39 0.409951 0.409951 0.409951 0.409951 0.409951 0.409951 0.409951 0.409951 0.409951 0.39 0.409951 0.409951 0.409951 0.409951 0.409951 0.409951 0.409951 0.409951 0.409951 0.390001 0.409951 0.409951 0.409951 0.409951 0.409951 0.409951 0.409951 0.409951 0.409951 0.39 0.409951 0.409951 0.409951 0.409951 0.409951 0.409951 0.409951 0.409951 0.409951 0.409687 0.409951 0.409951 0.409951 0.409951 0.409951 0.409951 0.409951 0.409951 0.409951 0.398219 0.409951 0.409951 0.409951 0.409951 0.409951 0.409951 0.409951 0.409951 0.409951 0.39 0.409951 0.409951 0.409951 0.409951 0.409951 0.409951 0.409951 0.409951 0.409951 0.409871 0.409951 0.409951 0.409951 0.394216 0.409951 0.409951 0.390007 0.409951 0.409951 0.409951 0.409951 0.409951 0.409951 0.408041 0.409951 0.409951 0.409246 0.409951 0.409951 0.409951 0.409951 0.409951 0.409951 0.390001 0.409951 0.409951 0.390039 0.409951 0.409951 0.409951 0.409951 0.409951 0.409951 0.401489 0.409951 0.409951 0.409687 0.409951 0.409951 0.409951 0.409951 0.409951 0.409951 0.39 0.409951 0.409951 0.39 0.409951 0.409951 0.409951 0.409951 0.409951 0.409951 0.39 0.409951 0.409951 0.39 0.409951 0.409951 0.409951 0.409951 0.409951 0.409951 0.39 0.409951 0.409951 0.39 0.409951 0.409951 0.409951 0.409951 0.409951 0.409951 0.390114 0.409951 0.409951 0.39 0.409951 0.409951 0.409951 0.409951 0.409951 0.409951 0.39 0.409951 0.409951 0.409805 0.409951 0.409951 0.409951 0.409951 0.409951 0.409951 0.39 0.409951 0.409951 0.403452 0.409951 0.409951 0.409951 0.409951 0.409951 0.409951 0.409951 0.409951 0.409951 0.409951 0.409951 0.409951 0.409951 0.409951 0.409951 0.409951 0.409951 0.409951 0.409951 0.409951 0.409951 0.409951 0.409951 0.409951 0.409951 0.409951 0.409951 0.409951 0.409951 0.409951 0.409951 0.409951 0.409951 0.409951 0.409951 0.409951 0.409951 0.409951 0.409951 0.409951 0.409951 0.409951 0.409951 0.409951 0.409951 0.409951 0.409951 0.409951 0.409951 0.409951 0.409951 0.409951 0.409951 0.409951 0.409951 0.409951 0.409951 0.409951 0.409951 0.409951 0.409951 0.409951 0.409951 0.409951 0.409951 0.409951 0.409951 0.409951 0.409951 0.409951 0.409951 0.409951 0.409951 0.409951 0.409951 0.409951 0.409951 0.409951 0.409951 0.409951 0.409951 0.409951 0.409951 0.409951 0.409951 0.409951 0.409951 0.409951 0.409951 0.409951 0.409951 0.409951 0.409951 0.409951 0.409951 0.409951 0.409951 0.409951 0.409951 0.409951 0.409951 0.409951 0.409951 0.409951 0.409951 0.409951 0.409951 0.409951 0.409951 0.409951 0.409951 0.409951 0.39 0.409951 0.409951 0.409951 0.409951 0.409951 0.409951 0.409951 0.409951 0.409951 0.405154 0.409951 0.409951 0.409951 0.409951 0.409951 0.409951 0.409951 0.409951 0.409951 0.409246 0.409951 0.409951 0.409951 0.409951 0.409951 0.409951 0.409951 0.409951 0.409951 0.409104 0.409951 0.409951 0.409951 0.409951 0.409951 0.409951 0.409951 0.409951 0.409951 0.390421 0.409951 0.409951 0.409951 0.409951 0.409951 0.409951 0.409951 0.409951 0.409951 0.409925 0.409951 0.409951 0.409951 0.409951 0.409951 0.409951 0.409951 0.409951 0.409951 0.409289 0.409951 0.409951 0.409951 0.409951 0.409951 0.409951 0.409951 0.409951 0.409951 0.390037 0.409951 0.409951 0.409951 0.409951 0.409951 0.409951 0.409951 0.409951 0.409951 0.409886 0.409951 0.409951 0.409951 0.409951 0.409951 0.409951 0.409951 0.409951 0.409951 0.39 0.409951 0.409951 0.409951 0.39 0.409951 0.409951 0.39 0.409951 0.409951 0.409951 0.409951 0.409951 0.409951 0.390002 0.409951 0.409951 0.39 0.409951 0.409951 0.409951 0.409951 0.409951 0.409951 0.398219 0.409951 0.409951 0.408426 0.409951 0.409951 0.409951 0.409951 0.409951 0.409951 0.409289 0.409951 0.409951 0.409933 0.409951 0.409951 0.409951 0.409951 0.409951 0.409951 0.39 0.409951 0.409951 0.409753 0.409951 0.409951 0.409951 0.409951 0.409951 0.409951 0.390003 0.409951 0.409951 0.404462 0.409951 0.409951 0.409951 0.409951 0.409951 0.409951 0.39 0.409951 0.409951 0.39 0.409951 0.409951 0.409951 0.409951 0.409951 0.409951 0.39 0.409951 0.409951 0.408144 0.409951 0.409951 0.409951 0.409951 0.409951 0.409951 0.39 0.409951 0.409951 0.39 0.409951 0.409951 0.409951 0.409951 0.409951 0.409951 0.398806 0.409951 0.409951 0.390353 0.409951 0.409951 0.409951 0.409951 0.409951 0.409951 0.409951 0.409951 0.409951 0.409951 0.409951 0.409951 0.409951 0.409951 0.409951 0.409951 0.409951 0.409951 0.409951 0.409951 0.409951 0.409951 0.409951 0.409951 0.409951 0.409951 0.409951 0.409951 0.409951 0.409951 0.409951 0.409951 0.409951 0.409951 0.409951 0.409951 0.409951 0.409951 0.409951 0.409951 0.409951 0.409951 0.409951 0.409951 0.409951 0.409951 0.409951 0.409951 0.409951 0.409951 0.409951 0.409951 0.409951 0.409951 0.409951 0.409951 0.409951 0.409951 0.409951 0.409951 0.409951 0.409951 0.409951 0.409951 0.409951 0.409951 0.409951 0.409951 0.409951 0.409951 0.409951 0.409951 0.409951 0.409951 0.409951 0.409951 0.409951 0.409951 0.409951 0.409951 0.409951 0.409951 0.409951 0.409951 0.409951 0.409951 0.409951 0.409951 0.409951 0.409951 0.409951 0.409951 0.409951 0.409951 0.409951 0.409951 0.409951 0.409951 0.409951 0.409951 0.409951 0.409951 0.409951 0.409951 0.409951 0.409951 0.409951 0.409951 0.409951 0.409951 0.409951 0.409951 0.392068 0.409951 0.409951 0.409951 0.409951 0.409951 0.409951 0.409951 0.409951 0.409951 0.400599 0.409951 0.409951 0.409951 0.409951 0.409951 0.409951 0.409951 0.409951 0.409951 0.39 0.409951 0.409951 0.409951 0.409951 0.409951 0.409951 0.409951 0.409951 0.409951 0.407932 0.409951 0.409951 0.409951 0.409951 0.409951 0.409951 0.409951 0.409951 0.409951 0.39 0.409951 0.409951 0.409951 0.409951 0.409951 0.409951 0.409951 0.409951 0.409951 0.390027 0.409951 0.409951 0.409951 0.409951 0.409951 0.409951 0.409951 0.409951 0.409951 0.394419 0.409951 0.409951 0.409951 0.409951 0.409951 0.409951 0.409951 0.409951 0.409951 0.409667 0.409951 0.409951 0.409951 0.409951 0.409951 0.409951 0.409951 0.409951 0.409951 0.396548 0.409951 0.409951 0.409951 0.409951 0.409951 0.409951 0.409951 0.409951 0.409951 0.390013 0.409951 0.409951 0.409951 0.409951 0.409951 0.409951 0.409951 0.409951 0.409951 0.39402 0.409951 0.409951 0.409951 0.409951 0.409951 0.409951 0.409951 0.409951 0.409951 0.409737 0.409951 0.409951 0.409951 0.409951 0.409951 0.409951 0.409951 0.409951 0.409951 0.392557 0.409951 0.409951 0.409951 0.409951 0.409951 0.409951 0.409951 0.409951 0.409951 0.392182 0.409951 0.409951 0.409951 0.409951 0.409951 0.409951 0.409951 0.409951 0.409951 0.391125 0.409951 0.409951 0.409951 0.409951 0.409951 0.409951 0.409951 0.409951 0.409951 0.390001 0.409951 0.409951 0.409951 0.409951 0.409951 0.409951 0.409951 0.409951 0.409951 0.390671 0.409951 0.409951 0.409951 0.409951 0.409951 0.409951 0.409951 0.409951 0.409951 0.39 0.409951 0.409951 0.409951 0.409951 0.409951 0.409951 0.409951 0.409951 0.409951 0.39 0.409951 0.409951 0.409951 0.409951 0.409951 0.409951 0.409951 0.409951 0.409951 0.390012 0.409951 0.409951 0.409951 0.408937 0.409951 0.409951 0.390002 0.409951 0.409951 0.409951 0.409951 0.409951 0.409951 0.39 0.409951 0.409951 0.390108 0.409951 0.409951 0.409951 0.409951 0.409951 0.409951 0.405371 0.409951 0.409951 0.401489 0.409951 0.409951 0.409951 0.409951 0.409951 0.409951 0.39 0.409951 0.409951 0.402913 0.409951 0.409951 0.409951 0.409951 0.409951 0.409951 0.409202 0.409951 0.409951 0.39 0.409951 0.409951 0.409951 0.409951 0.409951 0.409951 0.39 0.409951 0.409951 0.391004 0.409951 0.409951 0.409951 0.409951 0.409951 0.409951 0.405154 0.409951 0.409951 0.404462 0.409951 0.409951 0.409951 0.409951 0.409951 0.409951 0.409468 0.409951 0.409951 0.39 0.409951 0.409951 0.409951 0.409951 0.409951 0.409951 0.408668 0.409951 0.409951 0.390047 0.409951 0.409951 0.409951 0.409951 0.409951 0.409951 0.39 0.409951 0.409951 0.393831 0.409951 0.409951 0.409951 0.409951 0.409951 0.409951 0.409951 0.409951 0.409951 0.409951 0.409951 0.409951 0.409951 0.409951 0.409951 0.409951 0.409951 0.409951 0.409951 0.409951 0.409951 0.409951 0.409951 0.409951 0.409951 0.409951 0.409951 0.409951 0.409951 0.409951 0.409951 0.409951 0.409951 0.409951 0.409951 0.409951 0.409951 0.409951 0.409951 0.409951 0.409951 0.409951 0.409951 0.409951 0.409951 0.409951 0.409951 0.409951 0.409951 0.409951 0.409951 0.409951 0.409951 0.409951 0.409951 0.409951 0.409951 0.409951 0.409951 0.409951 0.409951 0.409951 0.409951 0.409951 0.409951 0.409951 0.409951 0.409951 0.409951 0.409951 0.409951 0.409951 0.409951 0.409951 0.409951 0.409951 0.409951 0.409951 0.409951 0.409951 0.409951 0.409951 0.409951 0.409951 0.409951 0.409951 0.409951 0.409951 0.409951 0.409951 0.409951 0.409951 0.409951 0.409951 0.409951 0.409951 0.409951 0.409951 0.409951 0.409951 0.409951 0.409951 0.409951 0.409951 0.409951 0.409951 0.409951 0.409951 0.409951 0.409951 0.409951 0.409951 0.395781 0.409951 0.409951 0.409951 0.409951 0.409951 0.409951 0.409951 0.409951 0.409951 0.39 0.409951 0.409951 0.409951 0.409951 0.409951 0.409951 0.409951 0.409951 0.409951 0.391259 0.409951 0.409951 0.409951 0.409951 0.409951 0.409951 0.409951 0.409951 0.409951 0.39 0.409951 0.409951 0.409951 0.409951 0.409951 0.409951 0.409951 0.409951 0.409951 0.409753 0.409951 0.409951 0.409951 0.409951 0.409951 0.409951 0.409951 0.409951 0.409951 0.393649 0.409951 0.409951 0.409951 0.409951 0.409951 0.409951 0.409951 0.409951 0.409951 0.409827 0.409951 0.409951 0.409951 0.409951 0.409951 0.409951 0.409951 0.409951 0.409951 0.409527 0.409951 0.409951 0.409951 0.409951 0.409951 0.409951 0.409951 0.409951 0.409951 0.390002 0.409951 0.409951 0.409951 0.409951 0.409951 0.409951 0.409951 0.409951 0.409951 0.40978 0.409951 0.409951 0.409951 0.390005 0.409951 0.409951 0.39 0.409951 0.409951 0.409951 0.409951 0.409951 0.409951 0.39 0.409951 0.409951 0.409579 0.409951 0.409951 0.409951 0.409951 0.409951 0.409951 0.39 0.409951 0.409951 0.39 0.409951 0.409951 0.409951 0.409951 0.409951 0.409951 0.409402 0.409951 0.409951 0.39 0.409951 0.409951 0.409951 0.409951 0.409951 0.409951 0.390101 0.409951 0.409951 0.390754 0.409951 0.409951 0.409951 0.409951 0.409951 0.409951 0.39 0.409951 0.409951 0.409915 0.409951 0.409951 0.409951 0.409951 0.409951 0.409951 0.392301 0.409951 0.409951 0.390896 0.409951 0.409951 0.409951 0.409951 0.409951 0.409951 0.409402 0.409951 0.409951 0.400599 0.409951 0.409951 0.409951 0.409951 0.409951 0.409951 0.409647 0.409951 0.409951 0.390114 0.409951 0.409951 0.409951 0.409951 0.409951 0.409951 0.39 0.409951 0.409951 0.394846 0.409951 0.409951 0.409951 0.409951 0.409951 0.409951 0.409951 0.409951 0.409951 0.409951 0.409951 0.409951 0.409951 0.409951 0.409951 0.409951 0.409951 0.409951 0.409951 0.409951 0.409951 0.409951 0.409951 0.409951 0.409951 0.409951 0.409951 0.409951 0.409951 0.409951 0.409951 0.409951 0.409951 0.409951 0.409951 0.409951 0.409951 0.409951 0.409951 0.409951 0.409951 0.409951 0.409951 0.409951 0.409951 0.409951 0.409951 0.409951 0.409951 0.409951 0.409951 0.409951 0.409951 0.409951 0.409951 0.409951 0.409951 0.409951 0.409951 0.409951 0.409951 0.409951 0.409951 0.409951 0.409951 0.409951 0.409951 0.409951 0.409951 0.409951 0.409951 0.409951 0.409951 0.409951 0.409951 0.409951 0.409951 0.409951 0.409951 0.409951 0.409951 0.409951 0.409951 0.409951 0.409951 0.409951 0.409951 0.409951 0.409951 0.409951 0.409951 0.409951 0.409951 0.409951 0.409951 0.409951 0.409951 0.409951 0.409951 0.409951 0.409951 0.409951 0.409951 0.409951 0.409951 0.409951 0.409951 0.409951 0.409951 0.409951 0.409951 0.409951 0.390041 0.409951 0.409951 0.409951 0.409951 0.409951 0.409951 0.409951 0.409951 0.409951 0.394419 0.409951 0.409951 0.409951 0.409951 0.409951 0.409951 0.409951 0.409951 0.409951 0.390012 0.409951 0.409951 0.409951 0.409951 0.409951 0.409951 0.409951 0.409951 0.409951 0.39 0.409951 0.409951 0.409951 0.409951 0.409951 0.409951 0.409951 0.409951 0.409951 0.39 0.409951 0.409951 0.409951 0.409951 0.409951 0.409951 0.409951 0.409951 0.409951 0.390014 0.409951 0.409951 0.409951 0.409951 0.409951 0.409951 0.409951 0.409951 0.409951 0.39 0.409951 0.409951 0.409951 0.409951 0.409951 0.409951 0.409951 0.409951 0.409951 0.390129 0.409951 0.409951 0.409951 0.409951 0.409951 0.409951 0.409951 0.409951 0.409951 0.390027 0.409951 0.409951 0.409951 0.409951 0.409951 0.409951 0.409951 0.409951 0.409951 0.39 0.409951 0.409951 0.409951 0.390003 0.409951 0.409951 0.405581 0.409951 0.409951 0.409951 0.409951 0.409951 0.409951 0.39 0.409951 0.409951 0.390075 0.409951 0.409951 0.409951 0.409951 0.409951 0.409951 0.39 0.409951 0.409951 0.409855 0.409951 0.409951 0.409951 0.409951 0.409951 0.409951 0.39507 0.409951 0.409951 0.409647 0.409951 0.409951 0.409951 0.409951 0.409951 0.409951 0.392837 0.409951 0.409951 0.39 0.409951 0.409951 0.409951 0.409951 0.409951 0.409951 0.392426 0.409951 0.409951 0.409863 0.409951 0.409951 0.409951 0.409951 0.409951 0.409951 0.390016 0.409951 0.409951 0.407699 0.409951 0.409951 0.409951 0.409951 0.409951 0.409951 0.392426 0.409951 0.409951 0.39 0.409951 0.409951 0.409951 0.409951 0.409951 0.409951 0.409498 0.409951 0.409951 0.394216 0.409951 0.409951 0.409951 0.409951 0.409951 0.409951 0.39 0.409951 0.409951 0.39 0.409951 0.409951 0.409951 0.409951 0.409951 0.409951 0.409951 0.409951 0.409951 0.409951 0.409951 0.409951 0.409951 0.409951 0.409951 0.409951 0.409951 0.409951 0.409951 0.409951 0.409951 0.409951 0.409951 0.409951 0.409951 0.409951 0.409951 0.409951 0.409951 0.409951 0.409951 0.409951 0.409951 0.409951 0.409951 0.409951 0.409951 0.409951 0.409951 0.409951 0.409951 0.409951 0.409951 0.409951 0.409951 0.409951 0.409951 0.409951 0.409951 0.409951 0.409951 0.409951 0.409951 0.409951 0.409951 0.409951 0.409951 0.409951 0.409951 0.409951 0.409951 0.409951 0.409951 0.409951 0.409951 0.409951 0.409951 0.409951 0.409951 0.409951 0.409951 0.409951 0.409951 0.409951 0.409951 0.409951 0.409951 0.409951 0.409951 0.409951 0.409951 0.409951 0.409951 0.409951 0.409951 0.409951 0.409951 0.409951 0.409951 0.409951 0.409951 0.409951 0.409951 0.409951 0.409951 0.409951 0.409951 0.409951 0.409951 0.409951 0.409951 0.409951 0.409951 0.409951 0.409951 0.409951 0.409951 0.409951 0.409951 0.409951 0.409951 0.409951 0.39 0.409951 0.409951 0.409951 0.409951 0.409951 0.409951 0.409951 0.409951 0.409951 0.394419 0.409951 0.409951 0.409951 0.409951 0.409951 0.409951 0.409951 0.409951 0.409951 0.403969 0.409951 0.409951 0.409951 0.409951 0.409951 0.409951 0.409951 0.409951 0.409951 0.392182 0.409951 0.409951 0.409951 0.409951 0.409951 0.409951 0.409951 0.409951 0.409951 0.39507 0.409951 0.409951 0.409951 0.409951 0.409951 0.409951 0.409951 0.409951 0.409951 0.390007 0.409951 0.409951 0.409951 0.409951 0.409951 0.409951 0.409951 0.409951 0.409951 0.39 0.409951 0.409951 0.409951 0.409951 0.409951 0.409951 0.409951 0.409951 0.409951 0.39 0.409951 0.409951 0.409951 0.409951 0.409951 0.409951 0.409951 0.409951 0.409951 0.407699 0.409951 0.409951 0.409951 0.409951 0.409951 0.409951 0.409951 0.409951 0.409951 0.403714 0.409951 0.409951 0.409951 0.409951 0.409951 0.409951 0.409951 0.409951 0.409951 0.390033 0.409951 0.409951 0.409951 0.409951 0.409951 0.409951 0.409951 0.409951 0.409951 0.395301 0.409951 0.409951 0.409951 0.409951 0.409951 0.409951 0.409951 0.409951 0.409951 0.390001 0.409951 0.409951 0.409951 0.409951 0.409951 0.409951 0.409951 0.409951 0.409951 0.390002 0.409951 0.409951 0.409951 0.409951 0.409951 0.409951 0.409951 0.409951 0.409951 0.39 0.409951 0.409951 0.409951 0.409951 0.409951 0.409951 0.409951 0.409951 0.409951 0.390033 0.409951 0.409951 0.409951 0.409951 0.409951 0.409951 0.409951 0.409951 0.409951 0.39 0.409951 0.409951 0.409951 0.409951 0.409951 0.409951 0.409951 0.409951 0.409951 0.404219 0.409951 0.409951 0.409951 0.409951 0.409951 0.409951 0.409951 0.409951 0.409951 0.39 0.409951 0.409951 0.409951 0.409951 0.409951 0.409951 0.409951 0.409951 0.409951 0.393473 0.409951 0.409951 0.409951 0.409929 0.409951 0.409951 0.39 0.409951 0.409951 0.409951 0.409951 0.409951 0.409951 0.396031 0.409951 0.409951 0.39 0.409951 0.409951 0.409951 0.409951 0.409951 0.409951 0.39 0.409951 0.409951 0.39 0.409951 0.409951 0.409951 0.409951 0.409951 0.409951 0.409647 0.409951 0.409951 0.409846 0.409951 0.409951 0.409951 0.409951 0.409951 0.409951 0.390634 0.409951 0.409951 0.409886 0.409951 0.409951 0.409951 0.409951 0.409951 0.409951 0.407699 0.409951 0.409951 0.39 0.409951 0.409951 0.409951 0.409951 0.409951 0.409951 0.403452 0.409951 0.409951 0.407932 0.409951 0.409951 0.409951 0.409951 0.409951 0.409951 0.39 0.409951 0.409951 0.400599 0.409951 0.409951 0.409951 0.409951 0.409951 0.409951 0.408144 0.409951 0.409951 0.39 0.409951 0.409951 0.409951 0.409951 0.409951 0.409951 0.391332 0.409951 0.409951 0.408511 0.409951 0.409951 0.409951 0.409951 0.409951 0.409951 0.409951 0.409951 0.409951 0.409951 0.409951 0.409951 0.409951 0.409951 0.409951 0.409951 0.409951 0.409951 0.409951 0.409951 0.409951 0.409951 0.409951 0.409951 0.409951 0.409951 0.409951 0.409951 0.409951 0.409951 0.409951 0.409951 0.409951 0.409951 0.409951 0.409951 0.409951 0.409951 0.409951 0.409951 0.409951 0.409951 0.409951 0.409951 0.409951 0.409951 0.409951 0.409951 0.409951 0.409951 0.409951 0.409951 0.409951 0.409951 0.409951 0.409951 0.409951 0.409951 0.409951 0.409951 0.409951 0.409951 0.409951 0.409951 0.409951 0.409951 0.409951 0.409951 0.409951 0.409951 0.409951 0.409951 0.409951 0.409951 0.409951 0.409951 0.409951 0.409951 0.409951 0.409951 0.409951 0.409951 0.409951 0.409951 0.409951 0.409951 0.409951 0.409951 0.409951 0.409951 0.409951 0.409951 0.409951 0.409951 0.409951 0.409951 0.409951 0.409951 0.409951 0.409951 0.409951 0.409951 0.409951 0.409951 0.409951 0.409951 0.409951 0.409951 0.409951 0.409951 0.409951 0.409951 0.391125 0.409951 0.409951 0.409951 0.409951 0.409951 0.409951 0.409951 0.409951 0.409951 0.39 0.409951 0.409951 0.409951 0.409951 0.409951 0.409951 0.409951 0.409951 0.409951 0.39 0.409951 0.409951 0.409951 0.409951 0.409951 0.409951 0.409951 0.409951 0.409951 0.409667 0.409951 0.409951 0.409951 0.409951 0.409951 0.409951 0.409951 0.409951 0.409951 0.39 0.409951 0.409951 0.409951 0.409951 0.409951 0.409951 0.409951 0.409951 0.409951 0.39 0.409951 0.409951 0.409951 0.409951 0.409951 0.409951 0.409951 0.409951 0.409951 0.409554 0.409951 0.409951 0.409951 0.409951 0.409951 0.409951 0.409951 0.409951 0.409951 0.39 0.409951 0.409951 0.409951 0.409951 0.409951 0.409951 0.409951 0.409951 0.409951 0.395301 0.409951 0.409951 0.409951 0.409951 0.409951 0.409951 0.409951 0.409951 0.409951 0.39 0.409951 0.409951 0.409951 0.390007 0.409951 0.409951 0.409202 0.409951 0.409951 0.409951 0.409951 0.409951 0.409951 0.393142 0.409951 0.409951 0.39 0.409951 0.409951 0.409951 0.409951 0.409951 0.409951 0.39 0.409951 0.409951 0.401781 0.409951 0.409951 0.409951 0.409951 0.409951 0.409951 0.390001 0.409951 0.409951 0.409721 0.409951 0.409951 0.409951 0.409951 0.409951 0.409951 0.39 0.409951 0.409951 0.409202 0.409951 0.409951 0.409951 0.409951 0.409951 0.409951 0.390145 0.409951 0.409951 0.409202 0.409951 0.409951 0.409951 0.409951 0.409951 0.409951 0.39 0.409951 0.409951 0.39 0.409951 0.409951 0.409951 0.409951 0.409951 0.409951 0.39 0.409951 0.409951 0.39 0.409951 0.409951 0.409951 0.409951 0.409951 0.409951 0.39 0.409951 0.409951 0.391574 0.409951 0.409951 0.409951 0.409951 0.409951 0.409951 0.39 0.409951 0.409951 0.390502 0.409951 0.409951 0.409951 0.409951 0.409951 0.409951 0.409951 0.409951 0.409951 0.409951 0.409951 0.409951 0.409951 0.409951 0.409951 0.409951 0.409951 0.409951 0.409951 0.409951 0.409951 0.409951 0.409951 0.409951 0.409951 0.409951 0.409951 0.409951 0.409951 0.409951 0.409951 0.409951 0.409951 0.409951 0.409951 0.409951 0.409951 0.409951 0.409951 0.409951 0.409951 0.409951 0.409951 0.409951 0.409951 0.409951 0.409951 0.409951 0.409951 0.409951 0.409951 0.409951 0.409951 0.409951 0.409951 0.409951 0.409951 0.409951 0.409951 0.409951 0.409951 0.409951 0.409951 0.409951 0.409951 0.409951 0.409951 0.409951 0.409951 0.409951 0.409951 0.409951 0.409951 0.409951 0.409951 0.409951 0.409951 0.409951 0.409951 0.409951 0.409951 0.409951 0.409951 0.409951 0.409951 0.409951 0.409951 0.409951 0.409951 0.409951 0.409951 0.409951 0.409951 0.409951 0.409951 0.409951 0.409951 0.409951 0.409951 0.409951 0.409951 0.409951 0.409951 0.409951 0.409951 0.409951 0.409951 0.409951 0.409951 0.409951 0.409951 0.409951 0.39 0.409951 0.409951 0.409951 0.409951 0.409951 0.409951 0.409951 0.409951 0.409951 0.39 0.409951 0.409951 0.409951 0.409951 0.409951 0.409951 0.409951 0.409951 0.409951 0.39 0.409951 0.409951 0.409951 0.409951 0.409951 0.409951 0.409951 0.409951 0.409951 0.39 0.409951 0.409951 0.409951 0.409951 0.409951 0.409951 0.409951 0.409951 0.409951 0.39463 0.409951 0.409951 0.409951 0.409951 0.409951 0.409951 0.409951 0.409951 0.409951 0.397645 0.409951 0.409951 0.409951 0.409951 0.409951 0.409951 0.409951 0.409951 0.409951 0.409863 0.409951 0.409951 0.409951 0.409951 0.409951 0.409951 0.409951 0.409951 0.409951 0.390598 0.409951 0.409951 0.409951 0.409951 0.409951 0.409951 0.409951 0.409951 0.409951 0.39 0.409951 0.409951 0.409951 0.409951 0.409951 0.409951 0.409951 0.409951 0.409951 0.39 0.409951 0.409951 0.409951 0.401194 0.409951 0.409951 0.409468 0.409951 0.409951 0.409951 0.409951 0.409951 0.409951 0.403714 0.409951 0.409951 0.409721 0.409951 0.409951 0.409951 0.409951 0.409951 0.409951 0.409863 0.409951 0.409951 0.409579 0.409951 0.409951 0.409951 0.409951 0.409951 0.409951 0.391409 0.409951 0.409951 0.39 0.409951 0.409951 0.409951 0.409951 0.409951 0.409951 0.390049 0.409951 0.409951 0.390005 0.409951 0.409951 0.409951 0.409951 0.409951 0.409951 0.390026 0.409951 0.409951 0.390711 0.409951 0.409951 0.409951 0.409951 0.409951 0.409951 0.390184 0.409951 0.409951 0.407699 0.409951 0.409951 0.409951 0.409951 0.409951 0.409951 0.390003 0.409951 0.409951 0.390021 0.409951 0.409951 0.409951 0.409951 0.409951 0.409951 0.408041 0.409951 0.409951 0.403185 0.409951 0.409951 0.409951 0.409951 0.409951 0.409951 0.409554 0.409951 0.409951 0.390035 0.409951 0.409951 0.409951 0.409951 0.409951 0.409951 0.409951 0.409951 0.409951 0.409951 0.409951 0.409951 0.409951 0.409951 0.409951 0.409951 0.409951 0.409951 0.409951 0.409951 0.409951 0.409951 0.409951 0.409951 0.409951 0.409951 0.409951 0.409951 0.409951 0.409951 0.409951 0.409951 0.409951 0.409951 0.409951 0.409951 0.409951 0.409951 0.409951 0.409951 0.409951 0.409951 0.409951 0.409951 0.409951 0.409951 0.409951 0.409951 0.409951 0.409951 0.409951 0.409951 0.409951 0.409951 0.409951 0.409951 0.409951 0.409951 0.409951 0.409951 0.409951 0.409951 0.409951 0.409951 0.409951 0.409951 0.409951 0.409951 0.409951 0.409951 0.409951 0.409951 0.409951 0.409951 0.409951 0.409951 0.409951 0.409951 0.409951 0.409951 0.409951 0.409951 0.409951 0.409951 0.409951 0.409951 0.409951 0.409951 0.409951 0.409951 0.409951 0.409951 0.409951 0.409951 0.409951 0.409951 0.409951 0.409951 0.409951 0.409951 0.409951 0.409951 0.409951 0.409951 0.409951 0.409951 0.409951 0.409951 0.409951 0.409951 0.409951 0.409951 0.390001 0.409951 0.409951 0.409951 0.409951 0.409951 0.409951 0.409951 0.409951 0.409951 0.404462 0.409951 0.409951 0.409951 0.409951 0.409951 0.409951 0.409951 0.409951 0.409951 0.394216 0.409951 0.409951 0.409951 0.409951 0.409951 0.409951 0.409951 0.409951 0.409951 0.401781 0.409951 0.409951 0.409951 0.409951 0.409951 0.409951 0.409951 0.409951 0.409951 0.390024 0.409951 0.409951 0.409951 0.409951 0.409951 0.409951 0.409951 0.409951 0.409951 0.390001 0.409951 0.409951 0.409951 0.409951 0.409951 0.409951 0.409951 0.409951 0.409951 0.39 0.409951 0.409951 0.409951 0.409951 0.409951 0.409951 0.409951 0.409951 0.409951 0.390049 0.409951 0.409951 0.409951 0.409951 0.409951 0.409951 0.409951 0.409951 0.409951 0.396815 0.409951 0.409951 0.409951 0.409951 0.409951 0.409951 0.409951 0.409951 0.409951 0.39 0.409951 0.409951 0.409951 0.409951 0.409951 0.409951 0.409951 0.409951 0.409951 0.39 0.409951 0.409951 0.409951 0.409951 0.409951 0.409951 0.409951 0.409951 0.409951 0.39 0.409951 0.409951 0.409951 0.409951 0.409951 0.409951 0.409951 0.409951 0.409951 0.390233 0.409951 0.409951 0.409951 0.409951 0.409951 0.409951 0.409951 0.409951 0.409951 0.39 0.409951 0.409951 0.409951 0.409951 0.409951 0.409951 0.409951 0.409951 0.409951 0.409603 0.409951 0.409951 0.409951 0.409951 0.409951 0.409951 0.409951 0.409951 0.409951 0.390005 0.409951 0.409951 0.409951 0.409951 0.409951 0.409951 0.409951 0.409951 0.409951 0.390056 0.409951 0.409951 0.409951 0.409951 0.409951 0.409951 0.409951 0.409951 0.409951 0.39 0.409951 0.409951 0.409951 0.409951 0.409951 0.409951 0.409951 0.409951 0.409951 0.390019 0.409951 0.409951 0.409951 0.409951 0.409951 0.409951 0.409951 0.409951 0.409951 0.39 0.409951 0.409951 0.409951 0.390195 0.409951 0.409951 0.406858 0.409951 0.409951 0.409951 0.409951 0.409951 0.409951 0.391757 0.409951 0.409951 0.390003 0.409951 0.409951 0.409951 0.409951 0.409951 0.409951 0.409886 0.409951 0.409951 0.391409 0.409951 0.409951 0.409951 0.409951 0.409951 0.409951 0.390006 0.409951 0.409951 0.390007 0.409951 0.409951 0.409951 0.409951 0.409951 0.409951 0.390005 0.409951 0.409951 0.390333 0.409951 0.409951 0.409951 0.409951 0.409951 0.409951 0.39 0.409951 0.409951 0.390023 0.409951 0.409951 0.409951 0.409951 0.409951 0.409951 0.390016 0.409951 0.409951 0.39 0.409951 0.409951 0.409951 0.409951 0.409951 0.409951 0.390024 0.409951 0.409951 0.39 0.409951 0.409951 0.409951 0.409951 0.409951 0.409951 0.39 0.409951 0.409951 0.407574 0.409951 0.409951 0.409951 0.409951 0.409951 0.409951 0.408041 0.409951 0.409951 0.390121 0.409951 0.409951 0.409951 0.409951 0.409951 0.409951 0.409951 0.409951 0.409951 0.409951 0.409951 0.409951 0.409951 0.409951 0.409951 0.409951 0.409951 0.409951 0.409951 0.409951 0.409951 0.409951 0.409951 0.409951 0.409951 0.409951 0.409951 0.409951 0.409951 0.409951 0.409951 0.409951 0.409951 0.409951 0.409951 0.409951 0.409951 0.409951 0.409951 0.409951 0.409951 0.409951 0.409951 0.409951 0.409951 0.409951 0.409951 0.409951 0.409951 0.409951 0.409951 0.409951 0.409951 0.409951 0.409951 0.409951 0.409951 0.409951 0.409951 0.409951 0.409951 0.409951 0.409951 0.409951 0.409951 0.409951 0.409951 0.409951 0.409951 0.409951 0.409951 0.409951 0.409951 0.409951 0.409951 0.409951 0.409951 0.409951 0.409951 0.409951 0.409951 0.409951 0.409951 0.409951 0.409951 0.409951 0.409951 0.409951 0.409951 0.409951 0.409951 0.409951 0.409951 0.409951 0.409951 0.409951 0.409951 0.409951 0.409951 0.409951 0.409951 0.409951 0.409951 0.409951 0.409951 0.409951 0.409951 0.409951 0.409951 0.409951 0.409951 0.409951 0.409863 0.409951 0.409951 0.409951 0.409951 0.409951 0.409951 0.409951 0.409951 0.409951 0.409554 0.409951 0.409951 0.409951 0.409951 0.409951 0.409951 0.409951 0.409951 0.409951 0.390002 0.409951 0.409951 0.409951 0.409951 0.409951 0.409951 0.409951 0.409951 0.409951 0.40493 0.409951 0.409951 0.409951 0.409951 0.409951 0.409951 0.409951 0.409951 0.409951 0.391004 0.409951 0.409951 0.409951 0.409951 0.409951 0.409951 0.409951 0.409951 0.409951 0.39 0.409951 0.409951 0.409951 0.409951 0.409951 0.409951 0.409951 0.409951 0.409951 0.394846 0.409951 0.409951 0.409951 0.409951 0.409951 0.409951 0.409951 0.409951 0.409951 0.390037 0.409951 0.409951 0.409951 0.409951 0.409951 0.409951 0.409951 0.409951 0.409951 0.402636 0.409951 0.409951 0.409951 0.409951 0.409951 0.409951 0.409951 0.409951 0.409951 0.39 0.409951 0.409951 0.409951 0.409246 0.409951 0.409951 0.406352 0.409951 0.409951 0.409951 0.409951 0.409951 0.409951 0.39 0.409951 0.409951 0.408511 0.409951 0.409951 0.409951 0.409951 0.409951 0.409951 0.392301 0.409951 0.409951 0.391757 0.409951 0.409951 0.409951 0.409951 0.409951 0.409951 0.392694 0.409951 0.409951 0.409402 0.409951 0.409951 0.409951 0.409951 0.409951 0.409951 0.39 0.409951 0.409951 0.396031 0.409951 0.409951 0.409951 0.409951 0.409951 0.409951 0.405581 0.409951 0.409951 0.390001 0.409951 0.409951 0.409951 0.409951 0.409951 0.409951 0.394216 0.409951 0.409951 0.39 0.409951 0.409951 0.409951 0.409951 0.409951 0.409951 0.390333 0.409951 0.409951 0.409667 0.409951 0.409951 0.409951 0.409951 0.409951 0.409951 0.39 0.409951 0.409951 0.390001 0.409951 0.409951 0.409951 0.409951 0.409951 0.409951 0.402913 0.409951 0.409951 0.39 0.409951 0.409951 0.409951 0.409951 0.409951 0.409951 0.409951 0.409951 0.409951 0.409951 0.409951 0.409951 0.409951 0.409951 0.409951 0.409951 0.409951 0.409951 0.409951 0.409951 0.409951 0.409951 0.409951 0.409951 0.409951 0.409951 0.409951 0.409951 0.409951 0.409951 0.409951 0.409951 0.409951 0.409951 0.409951 0.409951 0.409951 0.409951 0.409951 0.409951 0.409951 0.409951 0.409951 0.409951 0.409951 0.409951 0.409951 0.409951 0.409951 0.409951 0.409951 0.409951 0.409951 0.409951 0.409951 0.409951 0.409951 0.409951 0.409951 0.409951 0.409951 0.409951 0.409951 0.409951 0.409951 0.409951 0.409951 0.409951 0.409951 0.409951 0.409951 0.409951 0.409951 0.409951 0.409951 0.409951 0.409951 0.409951 0.409951 0.409951 0.409951 0.409951 0.409951 0.409951 0.409951 0.409951 0.409951 0.409951 0.409951 0.409951 0.409951 0.409951 0.409951 0.409951 0.409951 0.409951 0.409951 0.409951 0.409951 0.409951 0.409951 0.409951 0.409951 0.409951 0.409951 0.409951 0.409951 0.409951 0.409951 0.409951 0.409951 0.409951 0.39 0.409951 0.409951 0.409951 0.409951 0.409951 0.409951 0.409951 0.409951 0.409951 0.39 0.409951 0.409951 0.409951 0.409951 0.409951 0.409951 0.409951 0.409951 0.409951 0.390003 0.409951 0.409951 0.409951 0.409951 0.409951 0.409951 0.409951 0.409951 0.409951 0.39 0.409951 0.409951 0.409951 0.409951 0.409951 0.409951 0.409951 0.409951 0.409951 0.39 0.409951 0.409951 0.409951 0.409951 0.409951 0.409951 0.409951 0.409951 0.409951 0.39001 0.409951 0.409951 0.409951 0.409951 0.409951 0.409951 0.409951 0.409951 0.409951 0.39 0.409951 0.409951 0.409951 0.409951 0.409951 0.409951 0.409951 0.409951 0.409951 0.39402 0.409951 0.409951 0.409951 0.409951 0.409951 0.409951 0.409951 0.409951 0.409951 0.409705 0.409951 0.409951 0.409951 0.409951 0.409951 0.409951 0.409951 0.409951 0.409951 0.405581 0.409951 0.409951 0.409951 0.408668 0.409951 0.409951 0.390233 0.409951 0.409951 0.409951 0.409951 0.409951 0.409951 0.399102 0.409951 0.409951 0.390754 0.409951 0.409951 0.409951 0.409951 0.409951 0.409951 0.391409 0.409951 0.409951 0.390598 0.409951 0.409951 0.409951 0.409951 0.409951 0.409951 0.39 0.409951 0.409951 0.404219 0.409951 0.409951 0.409951 0.409951 0.409951 0.409951 0.390012 0.409951 0.409951 0.390008 0.409951 0.409951 0.409951 0.409951 0.409951 0.409951 0.406858 0.409951 0.409951 0.39 0.409951 0.409951 0.409951 0.409951 0.409951 0.409951 0.39 0.409951 0.409951 0.390145 0.409951 0.409951 0.409951 0.409951 0.409951 0.409951 0.401489 0.409951 0.409951 0.409527 0.409951 0.409951 0.409951 0.409951 0.409951 0.409951 0.403185 0.409951 0.409951 0.39 0.409951 0.409951 0.409951 0.409951 0.409951 0.409951 0.397364 0.409951 0.409951 0.409051 0.409951 0.409951 0.409951 0.409951 0.409951 0.409951 0.409951 0.409951 0.409951 0.409951 0.409951 0.409951 0.409951 0.409951 0.409951 0.409951 0.409951 0.409951 0.409951 0.409951 0.409951 0.409951 0.409951 0.409951 0.409951 0.409951 0.409951 0.409951 0.409951 0.409951 0.409951 0.409951 0.409951 0.409951 0.409951 0.409951 0.409951 0.409951 0.409951 0.409951 0.409951 0.409951 0.409951 0.409951 0.409951 0.409951 0.409951 0.409951 0.409951 0.409951 0.409951 0.409951 0.409951 0.409951 0.409951 0.409951 0.409951 0.409951 0.409951 0.409951 0.409951 0.409951 0.409951 0.409951 0.409951 0.409951 0.409951 0.409951 0.409951 0.409951 0.409951 0.409951 0.409951 0.409951 0.409951 0.409951 0.409951 0.409951 0.409951 0.409951 0.409951 0.409951 0.409951 0.409951 0.409951 0.409951 0.409951 0.409951 0.409951 0.409951 0.409951 0.409951 0.409951 0.409951 0.409951 0.409951 0.409951 0.409951 0.409951 0.409951 0.409951 0.409951 0.409951 0.409951 0.409951 0.409951 0.409951 0.409951 0.409951 0.409951 0.409951 0.409951 0.390002 0.409951 0.409951 0.409951 0.409951 0.409951 0.409951 0.409951 0.409951 0.409951 0.409925 0.409951 0.409951 0.409951 0.409951 0.409951 0.409951 0.409951 0.409951 0.409951 0.391332 0.409951 0.409951 0.409951 0.409951 0.409951 0.409951 0.409951 0.409951 0.409951 0.390313 0.409951 0.409951 0.409951 0.409951 0.409951 0.409951 0.409951 0.409951 0.409951 0.390001 0.409951 0.409951 0.409951 0.409951 0.409951 0.409951 0.409951 0.409951 0.409951 0.39 0.409951 0.409951 0.409951 0.409951 0.409951 0.409951 0.409951 0.409951 0.409951 0.39009 0.409951 0.409951 0.409951 0.409951 0.409951 0.409951 0.409951 0.409951 0.409951 0.39 0.409951 0.409951 0.409951 0.409951 0.409951 0.409951 0.409951 0.409951 0.409951 0.39 0.409951 0.409951 0.409951 0.409951 0.409951 0.409951 0.409951 0.409951 0.409951 0.39 0.409951 0.409951 0.409951 0.409951 0.409951 0.409951 0.409951 0.409951 0.409951 0.390295 0.409951 0.409951 0.409951 0.409951 0.409951 0.409951 0.409951 0.409951 0.409951 0.390006 0.409951 0.409951 0.409951 0.409951 0.409951 0.409951 0.409951 0.409951 0.409951 0.393304 0.409951 0.409951 0.409951 0.409951 0.409951 0.409951 0.409951 0.409951 0.409951 0.39 0.409951 0.409951 0.409951 0.409951 0.409951 0.409951 0.409951 0.409951 0.409951 0.396286 0.409951 0.409951 0.409951 0.409951 0.409951 0.409951 0.409951 0.409951 0.409951 0.409863 0.409951 0.409951 0.409951 0.409951 0.409951 0.409951 0.409951 0.409951 0.409951 0.39 0.409951 0.409951 0.409951 0.409951 0.409951 0.409951 0.409951 0.409951 0.409951 0.390279 0.409951 0.409951 0.409951 0.409951 0.409951 0.409951 0.409951 0.409951 0.409951 0.409837 0.409951 0.409951 0.409951 0.409951 0.409951 0.409951 0.409951 0.409951 0.409951 0.408937 0.409951 0.409951 0.409951 0.409468 0.409951 0.409951 0.390001 0.409951 0.409951 0.409951 0.409951 0.409951 0.409951 0.39 0.409951 0.409951 0.39 0.409951 0.409951 0.409951 0.409951 0.409951 0.409951 0.39 0.409951 0.409951 0.405784 0.409951 0.409951 0.409951 0.409951 0.409951 0.409951 0.39 0.409951 0.409951 0.409329 0.409951 0.409951 0.409951 0.409951 0.409951 0.409951 0.407014 0.409951 0.409951 0.408668 0.409951 0.409951 0.409951 0.409951 0.409951 0.409951 0.39 0.409951 0.409951 0.409626 0.409951 0.409951 0.409951 0.409951 0.409951 0.409951 0.39 0.409951 0.409951 0.395301 0.409951 0.409951 0.409951 0.409951 0.409951 0.409951 0.390001 0.409951 0.409951 0.390005 0.409951 0.409951 0.409951 0.409951 0.409951 0.409951 0.405784 0.409951 0.409951 0.39 0.409951 0.409951 0.409951 0.409951 0.409951 0.409951 0.390129 0.409951 0.409951 0.407163 0.409951 0.409951 0.409951 0.409951 0.409951 0.409951 0.409951 0.409951 0.409951 0.409951 0.409951 0.409951 0.409951 0.409951 0.409951 0.409951 0.409951 0.409951 0.409951 0.409951 0.409951 0.409951 0.409951 0.409951 0.409951 0.409951 0.409951 0.409951 0.409951 0.409951 0.409951 0.409951 0.409951 0.409951 0.409951 0.409951 0.409951 0.409951 0.409951 0.409951 0.409951 0.409951 0.409951 0.409951 0.409951 0.409951 0.409951 0.409951 0.409951 0.409951 0.409951 0.409951 0.409951 0.409951 0.409951 0.409951 0.409951 0.409951 0.409951 0.409951 0.409951 0.409951 0.409951 0.409951 0.409951 0.409951 0.409951 0.409951 0.409951 0.409951 0.409951 0.409951 0.409951 0.409951 0.409951 0.409951 0.409951 0.409951 0.409951 0.409951 0.409951 0.409951 0.409951 0.409951 0.409951 0.409951 0.409951 0.409951 0.409951 0.409951 0.409951 0.409951 0.409951 0.409951 0.409951 0.409951 0.409951 0.409951 0.409951 0.409951 0.409951 0.409951 0.409951 0.409951 0.409951 0.409951 0.409951 0.409951 0.409951 0.409951 0.409951 0.409951 0.390532 0.409951 0.409951 0.409951 0.409951 0.409951 0.409951 0.409951 0.409951 0.409951 0.40598 0.409951 0.409951 0.409951 0.409951 0.409951 0.409951 0.409951 0.409951 0.409951 0.39 0.409951 0.409951 0.409951 0.409951 0.409951 0.409951 0.409951 0.409951 0.409951 0.407163 0.409951 0.409951 0.409951 0.409951 0.409951 0.409951 0.409951 0.409951 0.409951 0.390029 0.409951 0.409951 0.409951 0.409951 0.409951 0.409951 0.409951 0.409951 0.409951 0.392301 0.409951 0.409951 0.409951 0.409951 0.409951 0.409951 0.409951 0.409951 0.409951 0.4003 0.409951 0.409951 0.409951 0.409951 0.409951 0.409951 0.409951 0.409951 0.409951 0.39 0.409951 0.409951 0.409951 0.409951 0.409951 0.409951 0.409951 0.409951 0.409951 0.390006 0.409951 0.409951 0.409951 0.409951 0.409951 0.409951 0.409951 0.409951 0.409951 0.39793 0.409951 0.409951 0.409951 0.408243 0.409951 0.409951 0.39793 0.409951 0.409951 0.409951 0.409951 0.409951 0.409951 0.39009 0.409951 0.409951 0.402355 0.409951 0.409951 0.409951 0.409951 0.409951 0.409951 0.392837 0.409951 0.409951 0.390019 0.409951 0.409951 0.409951 0.409951 0.409951 0.409951 0.409737 0.409951 0.409951 0.407443 0.409951 0.409951 0.409951 0.409951 0.409951 0.409951 0.390001 0.409951 0.409951 0.409579 0.409951 0.409951 0.409951 0.409951 0.409951 0.409951 0.39 0.409951 0.409951 0.391489 0.409951 0.409951 0.409951 0.409951 0.409951 0.409951 0.40991 0.409951 0.409951 0.409289 0.409951 0.409951 0.409951 0.409951 0.409951 0.409951 0.391959 0.409951 0.409951 0.392694 0.409951 0.409951 0.409951 0.409951 0.409951 0.409951 0.409498 0.409951 0.409951 0.39 0.409951 0.409951 0.409951 0.409951 0.409951 0.409951 0.409498 0.409951 0.409951 0.390333 0.409951 0.409951 0.409951 0.409951 0.409951 0.409951 0.409951 0.409951 0.409951 0.409951 0.409951 0.409951 0.409951 0.409951 0.409951 0.409951 0.409951 0.409951 0.409951 0.409951 0.409951 0.409951 0.409951 0.409951 0.409951 0.409951 0.409951 0.409951 0.409951 0.409951 0.409951 0.409951 0.409951 0.409951 0.409951 0.409951 0.409951 0.409951 0.409951 0.409951 0.409951 0.409951 0.409951 0.409951 0.409951 0.409951 0.409951 0.409951 0.409951 0.409951 0.409951 0.409951 0.409951 0.409951 0.409951 0.409951 0.409951 0.409951 0.409951 0.409951 0.409951 0.409951 0.409951 0.409951 0.409951 0.409951 0.409951 0.409951 0.409951 0.409951 0.409951 0.409951 0.409951 0.409951 0.409951 0.409951 0.409951 0.409951 0.409951 0.409951 0.409951 0.409951 0.409951 0.409951 0.409951 0.409951 0.409951 0.409951 0.409951 0.409951 0.409951 0.409951 0.409951 0.409951 0.409951 0.409951 0.409951 0.409951 0.409951 0.409951 0.409951 0.409951 0.409951 0.409951 0.409951 0.409951 0.409951 0.409951 0.409951 0.409951 0.409951 0.409951 0.394419 0.409951 0.409951 0.409951 0.409951 0.409951 0.409951 0.409951 0.409951 0.409951 0.402636 0.409951 0.409951 0.409951 0.409951 0.409951 0.409951 0.409951 0.409951 0.409951 0.398511 0.409951 0.409951 0.409951 0.409951 0.409951 0.409951 0.409951 0.409951 0.409951 0.396031 0.409951 0.409951 0.409951 0.409951 0.409951 0.409951 0.409951 0.409951 0.409951 0.40992 0.409951 0.409951 0.409951 0.409951 0.409951 0.409951 0.409951 0.409951 0.409951 0.398219 0.409951 0.409951 0.409951 0.409951 0.409951 0.409951 0.409951 0.409951 0.409951 0.39009 0.409951 0.409951 0.409951 0.409951 0.409951 0.409951 0.409951 0.409951 0.409951 0.39 0.409951 0.409951 0.409951 0.409951 0.409951 0.409951 0.409951 0.409951 0.409951 0.409154 0.409951 0.409951 0.409951 0.409951 0.409951 0.409951 0.409951 0.409951 0.409951 0.408996 0.409951 0.409951 0.409951 0.390052 0.409951 0.409951 0.391959 0.409951 0.409951 0.409951 0.409951 0.409951 0.409951 0.398511 0.409951 0.409951 0.39 0.409951 0.409951 0.409951 0.409951 0.409951 0.409951 0.390023 0.409951 0.409951 0.390003 0.409951 0.409951 0.409951 0.409951 0.409951 0.409951 0.409626 0.409951 0.409951 0.409366 0.409951 0.409951 0.409951 0.409951 0.409951 0.409951 0.39 0.409951 0.409951 0.409603 0.409951 0.409951 0.409951 0.409951 0.409951 0.409951 0.395301 0.409951 0.409951 0.39 0.409951 0.409951 0.409951 0.409951 0.409951 0.409951 0.390145 0.409951 0.409951 0.390029 0.409951 0.409951 0.409951 0.409951 0.409951 0.409951 0.39 0.409951 0.409951 0.409626 0.409951 0.409951 0.409951 0.409951 0.409951 0.409951 0.409402 0.409951 0.409951 0.39 0.409951 0.409951 0.409951 0.409951 0.409951 0.409951 0.39 0.409951 0.409951 0.400599 0.409951 0.409951 0.409951 0.409951 0.409951 0.409951 0.409951 0.409951 0.409951 0.409951 0.409951 0.409951 0.409951 0.409951 0.409951 0.409951 0.409951 0.409951 0.409951 0.409951 0.409951 0.409951 0.409951 0.409951 0.409951 0.409951 0.409951 0.409951 0.409951 0.409951 0.409951 0.409951 0.409951 0.409951 0.409951 0.409951 0.409951 0.409951 0.409951 0.409951 0.409951 0.409951 0.409951 0.409951 0.409951 0.409951 0.409951 0.409951 0.409951 0.409951 0.409951 0.409951 0.409951 0.409951 0.409951 0.409951 0.409951 0.409951 0.409951 0.409951 0.409951 0.409951 0.409951 0.409951 0.409951 0.409951 0.409951 0.409951 0.409951 0.409951 0.409951 0.409951 0.409951 0.409951 0.409951 0.409951 0.409951 0.409951 0.409951 0.409951 0.409951 0.409951 0.409951 0.409951 0.409951 0.409951 0.409951 0.409951 0.409951 0.409951 0.409951 0.409951 0.409951 0.409951 0.409951 0.409951 0.409951 0.409951 0.409951 0.409951 0.409951 0.409951 0.409951 0.409951 0.409951 0.409951 0.409951 0.409951 0.409951 0.409951 0.409951 0.409951 0.39 0.409951 0.409951 0.409951 0.409951 0.409951 0.409951 0.409951 0.409951 0.409951 0.39 0.409951 0.409951 0.409951 0.409951 0.409951 0.409951 0.409951 0.409951 0.409951 0.405371 0.409951 0.409951 0.409951 0.409951 0.409951 0.409951 0.409951 0.409951 0.409951 0.39 0.409951 0.409951 0.409951 0.409951 0.409951 0.409951 0.409951 0.409951 0.409951 0.405371 0.409951 0.409951 0.409951 0.409951 0.409951 0.409951 0.409951 0.409951 0.409951 0.409846 0.409951 0.409951 0.409951 0.409951 0.409951 0.409951 0.409951 0.409951 0.409951 0.391125 0.409951 0.409951 0.409951 0.409951 0.409951 0.409951 0.409951 0.409951 0.409951 0.39 0.409951 0.409951 0.409951 0.409951 0.409951 0.409951 0.409951 0.409951 0.409951 0.39 0.409951 0.409951 0.409951 0.409951 0.409951 0.409951 0.409951 0.409951 0.409951 0.409705 0.409951 0.409951 0.409951 0.409951 0.409951 0.409951 0.409951 0.409951 0.409951 0.4 0.409951 0.409951 0.409951 0.409951 0.409951 0.409951 0.409951 0.409951 0.409951 0.4003 0.409951 0.409951 0.409951 0.409951 0.409951 0.409951 0.409951 0.409951 0.409951 0.390671 0.409951 0.409951 0.409951 0.409951 0.409951 0.409951 0.409951 0.409951 0.409951 0.403185 0.409951 0.409951 0.409951 0.409951 0.409951 0.409951 0.409951 0.409951 0.409951 0.39 0.409951 0.409951 0.409951 0.409951 0.409951 0.409951 0.409951 0.409951 0.409951 0.39 0.409951 0.409951 0.409951 0.409951 0.409951 0.409951 0.409951 0.409951 0.409951 0.390002 0.409951 0.409951 0.409951 0.409951 0.409951 0.409951 0.409951 0.409951 0.409951 0.408937 0.409951 0.409951 0.409951 0.409951 0.409951 0.409951 0.409951 0.409951 0.409951 0.39 0.409951 0.409951 0.409951 0.409951 0.409951 0.409951 0.409951 0.409951 0.409951 0.390001 0.409951 0.409951 0.409951 0.403969 0.409951 0.409951 0.408591 0.409951 0.409951 0.409951 0.409951 0.409951 0.409951 0.40992 0.409951 0.409951 0.39 0.409951 0.409951 0.409951 0.409951 0.409951 0.409951 0.390004 0.409951 0.409951 0.39 0.409951 0.409951 0.409951 0.409951 0.409951 0.409951 0.39 0.409951 0.409951 0.390005 0.409951 0.409951 0.409951 0.409951 0.409951 0.409951 0.39 0.409951 0.409951 0.409687 0.409951 0.409951 0.409951 0.409951 0.409951 0.409951 0.403969 0.409951 0.409951 0.409527 0.409951 0.409951 0.409951 0.409951 0.409951 0.409951 0.406696 0.409951 0.409951 0.390052 0.409951 0.409951 0.409951 0.409951 0.409951 0.409951 0.409827 0.409951 0.409951 0.39 0.409951 0.409951 0.409951 0.409951 0.409951 0.409951 0.390397 0.409951 0.409951 0.40598 0.409951 0.409951 0.409951 0.409951 0.409951 0.409951 0.409805 0.409951 0.409951 0.408591 0.409951 0.409951 0.409951 0.409951 0.409951 0.409951 0.409951 0.409951 0.409951 0.409951 0.409951 0.409951 0.409951 0.409951 0.409951 0.409951 0.409951 0.409951 0.409951 0.409951 0.409951 0.409951 0.409951 0.409951 0.409951 0.409951 0.409951 0.409951 0.409951 0.409951 0.409951 0.409951 0.409951 0.409951 0.409951 0.409951 0.409951 0.409951 0.409951 0.409951 0.409951 0.409951 0.409951 0.409951 0.409951 0.409951 0.409951 0.409951 0.409951 0.409951 0.409951 0.409951 0.409951 0.409951 0.409951 0.409951 0.409951 0.409951 0.409951 0.409951 0.409951 0.409951 0.409951 0.409951 0.409951 0.409951 0.409951 0.409951 0.409951 0.409951 0.409951 0.409951 0.409951 0.409951 0.409951 0.409951 0.409951 0.409951 0.409951 0.409951 0.409951 0.409951 0.409951 0.409951 0.409951 0.409951 0.409951 0.409951 0.409951 0.409951 0.409951 0.409951 0.409951 0.409951 0.409951 0.409951 0.409951 0.409951 0.409951 0.409951 0.409951 0.409951 0.409951 0.409951 0.409951 0.409951 0.409951 0.409951 0.409951 0.409951 0.409951 0.409951 0.39 0.409951 0.409951 0.409951 0.409951 0.409951 0.409951 0.409951 0.409951 0.409951 0.409793 0.409951 0.409951 0.409951 0.409951 0.409951 0.409951 0.409951 0.409951 0.409951 0.39 0.409951 0.409951 0.409951 0.409951 0.409951 0.409951 0.409951 0.409951 0.409951 0.407699 0.409951 0.409951 0.409951 0.409951 0.409951 0.409951 0.409951 0.409951 0.409951 0.409886 0.409951 0.409951 0.409951 0.409951 0.409951 0.409951 0.409951 0.409951 0.409951 0.408426 0.409951 0.409951 0.409951 0.409951 0.409951 0.409951 0.409951 0.409951 0.409951 0.408996 0.409951 0.409951 0.409951 0.409951 0.409951 0.409951 0.409951 0.409951 0.409951 0.403185 0.409951 0.409951 0.409951 0.409951 0.409951 0.409951 0.409951 0.409951 0.409951 0.390949 0.409951 0.409951 0.409951 0.409951 0.409951 0.409951 0.409951 0.409951 0.409951 0.39 0.409951 0.409951 0.409951 0.39 0.409951 0.409951 0.392426 0.409951 0.409951 0.409951 0.409951 0.409951 0.409951 0.39 0.409951 0.409951 0.39 0.409951 0.409951 0.409951 0.409951 0.409951 0.409951 0.39 0.409951 0.409951 0.409753 0.409951 0.409951 0.409951 0.409951 0.409951 0.409951 0.39009 0.409951 0.409951 0.39 0.409951 0.409951 0.409951 0.409951 0.409951 0.409951 0.39 0.409951 0.409951 0.403185 0.409951 0.409951 0.409951 0.409951 0.409951 0.409951 0.39 0.409951 0.409951 0.398806 0.409951 0.409951 0.409951 0.409951 0.409951 0.409951 0.39 0.409951 0.409951 0.39 0.409951 0.409951 0.409951 0.409951 0.409951 0.409951 0.405154 0.409951 0.409951 0.39 0.409951 0.409951 0.409951 0.409951 0.409951 0.409951 0.394846 0.409951 0.409951 0.39 0.409951 0.409951 0.409951 0.409951 0.409951 0.409951 0.40493 0.409951 0.409951 0.409366 0.409951 0.409951 0.409951 0.409951 0.409951 0.409951 0.409951 0.409951 0.409951 0.409951 0.409951 0.409951 0.409951 0.409951 0.409951 0.409951 0.409951 0.409951 0.409951 0.409951 0.409951 0.409951 0.409951 0.409951 0.409951 0.409951 0.409951 0.409951 0.409951 0.409951 0.409951 0.409951 0.409951 0.409951 0.409951 0.409951 0.409951 0.409951 0.409951 0.409951 0.409951 0.409951 0.409951 0.409951 0.409951 0.409951 0.409951 0.409951 0.409951 0.409951 0.409951 0.409951 0.409951 0.409951 0.409951 0.409951 0.409951 0.409951 0.409951 0.409951 0.409951 0.409951 0.409951 0.409951 0.409951 0.409951 0.409951 0.409951 0.409951 0.409951 0.409951 0.409951 0.409951 0.409951 0.409951 0.409951 0.409951 0.409951 0.409951 0.409951 0.409951 0.409951 0.409951 0.409951 0.409951 0.409951 0.409951 0.409951 0.409951 0.409951 0.409951 0.409951 0.409951 0.409951 0.409951 0.409951 0.409951 0.409951 0.409951 0.409951 0.409951 0.409951 0.409951 0.409951 0.409951 0.409951 0.409951 0.409951 0.409951 0.409951 0.409951 0.409951 0.398219 0.409951 0.409951 0.409951 0.409951 0.409951 0.409951 0.409951 0.409951 0.409951 0.39 0.409951 0.409951 0.409951 0.409951 0.409951 0.409951 0.409951 0.409951 0.409951 0.39 0.409951 0.409951 0.409951 0.409951 0.409951 0.409951 0.409951 0.409951 0.409951 0.391856 0.409951 0.409951 0.409951 0.409951 0.409951 0.409951 0.409951 0.409951 0.409951 0.390008 0.409951 0.409951 0.409951 0.409951 0.409951 0.409951 0.409951 0.409951 0.409951 0.398219 0.409951 0.409951 0.409951 0.409951 0.409951 0.409951 0.409951 0.409951 0.409951 0.390035 0.409951 0.409951 0.409951 0.409951 0.409951 0.409951 0.409951 0.409951 0.409951 0.39 0.409951 0.409951 0.409951 0.409951 0.409951 0.409951 0.409951 0.409951 0.409951 0.390532 0.409951 0.409951 0.409951 0.409951 0.409951 0.409951 0.409951 0.409951 0.409951 0.390598 0.409951 0.409951 0.409951 0.409915 0.409951 0.409951 0.40207 0.409951 0.409951 0.409951 0.409951 0.409951 0.409951 0.39 0.409951 0.409951 0.39 0.409951 0.409951 0.409951 0.409951 0.409951 0.409951 0.404462 0.409951 0.409951 0.39 0.409951 0.409951 0.409951 0.409951 0.409951 0.409951 0.39 0.409951 0.409951 0.390041 0.409951 0.409951 0.409951 0.409951 0.409951 0.409951 0.39 0.409951 0.409951 0.390009 0.409951 0.409951 0.409951 0.409951 0.409951 0.409951 0.392182 0.409951 0.409951 0.405784 0.409951 0.409951 0.409951 0.409951 0.409951 0.409951 0.39 0.409951 0.409951 0.406696 0.409951 0.409951 0.409951 0.409951 0.409951 0.409951 0.39 0.409951 0.409951 0.409705 0.409951 0.409951 0.409951 0.409951 0.409951 0.409951 0.390671 0.409951 0.409951 0.39 0.409951 0.409951 0.409951 0.409951 0.409951 0.409951 0.390003 0.409951 0.409951 0.39 0.409951 0.409951 0.409951 0.409951 0.409951 0.409951 0.409951 0.409951 0.409951 0.409951 0.409951 0.409951 0.409951 0.409951 0.409951 0.409951 0.409951 0.409951 0.409951 0.409951 0.409951 0.409951 0.409951 0.409951 0.409951 0.409951 0.409951 0.409951 0.409951 0.409951 0.409951 0.409951 0.409951 0.409951 0.409951 0.409951 0.409951 0.409951 0.409951 0.409951 0.409951 0.409951 0.409951 0.409951 0.409951 0.409951 0.409951 0.409951 0.409951 0.409951 0.409951 0.409951 0.409951 0.409951 0.409951 0.409951 0.409951 0.409951 0.409951 0.409951 0.409951 0.409951 0.409951 0.409951 0.409951 0.409951 0.409951 0.409951 0.409951 0.409951 0.409951 0.409951 0.409951 0.409951 0.409951 0.409951 0.409951 0.409951 0.409951 0.409951 0.409951 0.409951 0.409951 0.409951 0.409951 0.409951 0.409951 0.409951 0.409951 0.409951 0.409951 0.409951 0.409951 0.409951 0.409951 0.409951 0.409951 0.409951 0.409951 0.409951 0.409951 0.409951 0.409951 0.409951 0.409951 0.409951 0.409951 0.409951 0.409951 0.409951 0.409951 0.409951 0.397364 0.409951 0.409951 0.409951 0.409951 0.409951 0.409951 0.409951 0.409951 0.409951 0.390397 0.409951 0.409951 0.409951 0.409951 0.409951 0.409951 0.409951 0.409951 0.409951 0.390052 0.409951 0.409951 0.409951 0.409951 0.409951 0.409951 0.409951 0.409951 0.409951 0.39 0.409951 0.409951 0.409951 0.409951 0.409951 0.409951 0.409951 0.409951 0.409951 0.409498 0.409951 0.409951 0.409951 0.409951 0.409951 0.409951 0.409951 0.409951 0.409951 0.391332 0.409951 0.409951 0.409951 0.409951 0.409951 0.409951 0.409951 0.409951 0.409951 0.391856 0.409951 0.409951 0.409951 0.409951 0.409951 0.409951 0.409951 0.409951 0.409951 0.409816 0.409951 0.409951 0.409951 0.409951 0.409951 0.409951 0.409951 0.409951 0.409951 0.390896 0.409951 0.409951 0.409951 0.409951 0.409951 0.409951 0.409951 0.409951 0.409951 0.39 0.409951 0.409951 0.409951 0.409951 0.409951 0.409951 0.409951 0.409951 0.409951 0.390532 0.409951 0.409951 0.409951 0.409951 0.409951 0.409951 0.409951 0.409951 0.409951 0.39 0.409951 0.409951 0.409951 0.409951 0.409951 0.409951 0.409951 0.409951 0.409951 0.409436 0.409951 0.409951 0.409951 0.409951 0.409951 0.409951 0.409951 0.409951 0.409951 0.39 0.409951 0.409951 0.409951 0.409951 0.409951 0.409951 0.409951 0.409951 0.409951 0.40598 0.409951 0.409951 0.409951 0.409951 0.409951 0.409951 0.409951 0.409951 0.409951 0.390007 0.409951 0.409951 0.409951 0.409951 0.409951 0.409951 0.409951 0.409951 0.409951 0.406696 0.409951 0.409951 0.409951 0.409951 0.409951 0.409951 0.409951 0.409951 0.409951 0.39 0.409951 0.409951 0.409951 0.409951 0.409951 0.409951 0.409951 0.409951 0.409951 0.409816 0.409951 0.409951 0.409951 0.409951 0.409951 0.409951 0.409951 0.409951 0.409951 0.403452 0.409951 0.409951 0.409951 0.390634 0.409951 0.409951 0.390037 0.409951 0.409951 0.409951 0.409951 0.409951 0.409951 0.406696 0.409951 0.409951 0.39 0.409951 0.409951 0.409951 0.409951 0.409951 0.409951 0.395301 0.409951 0.409951 0.39 0.409951 0.409951 0.409951 0.409951 0.409951 0.409951 0.390007 0.409951 0.409951 0.390101 0.409951 0.409951 0.409951 0.409951 0.409951 0.409951 0.409879 0.409951 0.409951 0.39 0.409951 0.409951 0.409951 0.409951 0.409951 0.409951 0.399401 0.409951 0.409951 0.390059 0.409951 0.409951 0.409951 0.409951 0.409951 0.409951 0.390001 0.409951 0.409951 0.39 0.409951 0.409951 0.409951 0.409951 0.409951 0.409951 0.390671 0.409951 0.409951 0.397364 0.409951 0.409951 0.409951 0.409951 0.409951 0.409951 0.390005 0.409951 0.409951 0.39022 0.409951 0.409951 0.409951 0.409951 0.409951 0.409951 0.390001 0.409951 0.409951 0.408996 0.409951 0.409951 0.409951 0.409951 0.409951 0.409951 0.409951 0.409951 0.409951 0.409951 0.409951 0.409951 0.409951 0.409951 0.409951 0.409951 0.409951 0.409951 0.409951 0.409951 0.409951 0.409951 0.409951 0.409951 0.409951 0.409951 0.409951 0.409951 0.409951 0.409951 0.409951 0.409951 0.409951 0.409951 0.409951 0.409951 0.409951 0.409951 0.409951 0.409951 0.409951 0.409951 0.409951 0.409951 0.409951 0.409951 0.409951 0.409951 0.409951 0.409951 0.409951 0.409951 0.409951 0.409951 0.409951 0.409951 0.409951 0.409951 0.409951 0.409951 0.409951 0.409951 0.409951 0.409951 0.409951 0.409951 0.409951 0.409951 0.409951 0.409951 0.409951 0.409951 0.409951 0.409951 0.409951 0.409951 0.409951 0.409951 0.409951 0.409951 0.409951 0.409951 0.409951 0.409951 0.409951 0.409951 0.409951 0.409951 0.409951 0.409951 0.409951 0.409951 0.409951 0.409951 0.409951 0.409951 0.409951 0.409951 0.409951 0.409951 0.409951 0.409951 0.409951 0.409951 0.409951 0.409951 0.409951 0.409951 0.409951 0.409951 0.409951 0.409951 0.407443 0.409951 0.409951 0.409951 0.409951 0.409951 0.409951 0.409951 0.409951 0.409951 0.405581 0.409951 0.409951 0.409951 0.409951 0.409951 0.409951 0.409951 0.409951 0.409951 0.39 0.409951 0.409951 0.409951 0.409951 0.409951 0.409951 0.409951 0.409951 0.409951 0.409626 0.409951 0.409951 0.409951 0.409951 0.409951 0.409951 0.409951 0.409951 0.409951 0.392182 0.409951 0.409951 0.409951 0.409951 0.409951 0.409951 0.409951 0.409951 0.409951 0.390056 0.409951 0.409951 0.409951 0.409951 0.409951 0.409951 0.409951 0.409951 0.409951 0.407932 0.409951 0.409951 0.409951 0.409951 0.409951 0.409951 0.409951 0.409951 0.409951 0.39 0.409951 0.409951 0.409951 0.409951 0.409951 0.409951 0.409951 0.409951 0.409951 0.40978 0.409951 0.409951 0.409951 0.409951 0.409951 0.409951 0.409951 0.409951 0.409951 0.409289 0.409951 0.409951 0.409951 0.393142 0.409951 0.409951 0.405581 0.409951 0.409951 0.409951 0.409951 0.409951 0.409951 0.39 0.409951 0.409951 0.391004 0.409951 0.409951 0.409951 0.409951 0.409951 0.409951 0.390017 0.409951 0.409951 0.39 0.409951 0.409951 0.409951 0.409951 0.409951 0.409951 0.39 0.409951 0.409951 0.394419 0.409951 0.409951 0.409951 0.409951 0.409951 0.409951 0.409647 0.409951 0.409951 0.39 0.409951 0.409951 0.409951 0.409951 0.409951 0.409951 0.407699 0.409951 0.409951 0.391259 0.409951 0.409951 0.409951 0.409951 0.409951 0.409951 0.406169 0.409951 0.409951 0.399102 0.409951 0.409951 0.409951 0.409951 0.409951 0.409951 0.408426 0.409951 0.409951 0.403969 0.409951 0.409951 0.409951 0.409951 0.409951 0.409951 0.39 0.409951 0.409951 0.407574 0.409951 0.409951 0.409951 0.409951 0.409951 0.409951 0.390047 0.409951 0.409951 0.39 0.409951 0.409951 0.409951 0.409951 0.409951 0.409951 0.409951 0.409951 0.409951 0.409951 0.409951 0.409951 0.409951 0.409951 0.409951 0.409951 0.409951 0.409951 0.409951 0.409951 0.409951 0.409951 0.409951 0.409951 0.409951 0.409951 0.409951 0.409951 0.409951 0.409951 0.409951 0.409951 0.409951 0.409951 0.409951 0.409951 0.409951 0.409951 0.409951 0.409951 0.409951 0.409951 0.409951 0.409951 0.409951 0.409951 0.409951 0.409951 0.409951 0.409951 0.409951 0.409951 0.409951 0.409951 0.409951 0.409951 0.409951 0.409951 0.409951 0.409951 0.409951 0.409951 0.409951 0.409951 0.409951 0.409951 0.409951 0.409951 0.409951 0.409951 0.409951 0.409951 0.409951 0.409951 0.409951 0.409951 0.409951 0.409951 0.409951 0.409951 0.409951 0.409951 0.409951 0.409951 0.409951 0.409951 0.409951 0.409951 0.409951 0.409951 0.409951 0.409951 0.409951 0.409951 0.409951 0.409951 0.409951 0.409951 0.409951 0.409951 0.409951 0.409951 0.409951 0.409951 0.409951 0.409951 0.409951 0.409951 0.409951 0.409951 0.409951 0.409951 0.409863 0.409951 0.409951 0.409951 0.409951 0.409951 0.409951 0.409951 0.409951 0.409951 0.404462 0.409951 0.409951 0.409951 0.409951 0.409951 0.409951 0.409951 0.409951 0.409951 0.390145 0.409951 0.409951 0.409951 0.409951 0.409951 0.409951 0.409951 0.409951 0.409951 0.390101 0.409951 0.409951 0.409951 0.409951 0.409951 0.409951 0.409951 0.409951 0.409951 0.39 0.409951 0.409951 0.409951 0.409951 0.409951 0.409951 0.409951 0.409951 0.409951 0.390085 0.409951 0.409951 0.409951 0.409951 0.409951 0.409951 0.409951 0.409951 0.409951 0.403452 0.409951 0.409951 0.409951 0.409951 0.409951 0.409951 0.409951 0.409951 0.409951 0.408875 0.409951 0.409951 0.409951 0.409951 0.409951 0.409951 0.409951 0.409951 0.409951 0.39001 0.409951 0.409951 0.409951 0.409951 0.409951 0.409951 0.409951 0.409951 0.409951 0.39 0.409951 0.409951 0.409951 0.39 0.409951 0.409951 0.409687 0.409951 0.409951 0.409951 0.409951 0.409951 0.409951 0.390114 0.409951 0.409951 0.409915 0.409951 0.409951 0.409951 0.409951 0.409951 0.409951 0.39 0.409951 0.409951 0.408591 0.409951 0.409951 0.409951 0.409951 0.409951 0.409951 0.39 0.409951 0.409951 0.409837 0.409951 0.409951 0.409951 0.409951 0.409951 0.409951 0.398219 0.409951 0.409951 0.390005 0.409951 0.409951 0.409951 0.409951 0.409951 0.409951 0.404219 0.409951 0.409951 0.39 0.409951 0.409951 0.409951 0.409951 0.409951 0.409951 0.390014 0.409951 0.409951 0.39 0.409951 0.409951 0.409951 0.409951 0.409951 0.409951 0.390184 0.409951 0.409951 0.409687 0.409951 0.409951 0.409951 0.409951 0.409951 0.409951 0.390137 0.409951 0.409951 0.39 0.409951 0.409951 0.409951 0.409951 0.409951 0.409951 0.390002 0.409951 0.409951 0.39 0.409951 0.409951 0.409951 0.409951 0.409951 0.409951 0.409951 0.409951 0.409951 0.409951 0.409951 0.409951 0.409951 0.409951 0.409951 0.409951 0.409951 0.409951 0.409951 0.409951 0.409951 0.409951 0.409951 0.409951 0.409951 0.409951 0.409951 0.409951 0.409951 0.409951 0.409951 0.409951 0.409951 0.409951 0.409951 0.409951 0.409951 0.409951 0.409951 0.409951 0.409951 0.409951 0.409951 0.409951 0.409951 0.409951 0.409951 0.409951 0.409951 0.409951 0.409951 0.409951 0.409951 0.409951 0.409951 0.409951 0.409951 0.409951 0.409951 0.409951 0.409951 0.409951 0.409951 0.409951 0.409951 0.409951 0.409951 0.409951 0.409951 0.409951 0.409951 0.409951 0.409951 0.409951 0.409951 0.409951 0.409951 0.409951 0.409951 0.409951 0.409951 0.409951 0.409951 0.409951 0.409951 0.409951 0.409951 0.409951 0.409951 0.409951 0.409951 0.409951 0.409951 0.409951 0.409951 0.409951 0.409951 0.409951 0.409951 0.409951 0.409951 0.409951 0.409951 0.409951 0.409951 0.409951 0.409951 0.409951 0.409951 0.409951 0.409951 0.409951 0.408243 0.409951 0.409951 0.409951 0.409951 0.409951 0.409951 0.409951 0.409951 0.409951 0.392301 0.409951 0.409951 0.409951 0.409951 0.409951 0.409951 0.409951 0.409951 0.409951 0.409879 0.409951 0.409951 0.409951 0.409951 0.409951 0.409951 0.409951 0.409951 0.409951 0.403969 0.409951 0.409951 0.409951 0.409951 0.409951 0.409951 0.409951 0.409951 0.409951 0.39 0.409951 0.409951 0.409951 0.409951 0.409951 0.409951 0.409951 0.409951 0.409951 0.39 0.409951 0.409951 0.409951 0.409951 0.409951 0.409951 0.409951 0.409951 0.409951 0.390004 0.409951 0.409951 0.409951 0.409951 0.409951 0.409951 0.409951 0.409951 0.409951 0.39 0.409951 0.409951 0.409951 0.409951 0.409951 0.409951 0.409951 0.409951 0.409951 0.390067 0.409951 0.409951 0.409951 0.409951 0.409951 0.409951 0.409951 0.409951 0.409951 0.409705 0.409951 0.409951 
0.419901 0.419901 0.419901 0.419901 0.419901 0.419901 0.419901 0.403811 0.419901 0.419901 0.419901 0.419901 0.419901 0.419901 0.419901 0.419901 0.419901 0.38 0.419901 0.419901 0.419901 0.419901 0.419901 0.419901 0.419901 0.419901 0.419901 0.38 0.419901 0.419901 0.419901 0.419901 0.419901 0.419901 0.419901 0.419901 0.419901 0.41975 0.419901 0.419901 0.419901 0.419901 0.419901 0.419901 0.419901 0.419901 0.419901 0.380078 0.419901 0.419901 0.419901 0.419901 0.419901 0.419901 0.419901 0.419901 0.419901 0.380004 0.419901 0.419901 0.419901 0.419901 0.419901 0.419901 0.419901 0.419901 0.419901 0.380011 0.419901 0.419901 0.419901 0.419901 0.419901 0.419901 0.419901 0.419901 0.419901 0.419632 0.419901 0.419901 0.419901 0.419901 0.419901 0.419901 0.419901 0.419901 0.419901 0.418204 0.419901 0.419901 0.419901 0.419901 0.419901 0.419901 0.419901 0.419901 0.419901 0.380012 0.419901 0.419901 0.419901 0.409432 0.419901 0.419901 0.38 0.419901 0.419901 0.419901 0.419901 0.419901 0.419901 0.392317 0.419901 0.419901 0.391812 0.419901 0.419901 0.419901 0.419901 0.419901 0.419901 0.380076 0.419901 0.419901 0.380001 0.419901 0.419901 0.419901 0.419901 0.419901 0.419901 0.418655 0.419901 0.419901 0.38 0.419901 0.419901 0.419901 0.419901 0.419901 0.419901 0.418041 0.419901 0.419901 0.383306 0.419901 0.419901 0.419901 0.419901 0.419901 0.419901 0.41815 0.419901 0.419901 0.380017 0.419901 0.419901 0.419901 0.419901 0.419901 0.419901 0.380175 0.419901 0.419901 0.380043 0.419901 0.419901 0.419901 0.419901 0.419901 0.419901 0.382509 0.419901 0.419901 0.38 0.419901 0.419901 0.419901 0.419901 0.419901 0.419901 0.419701 0.419901 0.419901 0.417703 0.419901 0.419901 0.419901 0.419901 0.419901 0.419901 0.38 0.419901 0.419901 0.38 0.419901 0.419901 0.419901 0.419901 0.419901 0.419901 0.419901 0.419901 0.419901 0.419901 0.419901 0.419901 0.419901 0.419901 0.419901 0.419901 0.419901 0.419901 0.419901 0.419901 0.419901 0.419901 0.419901 0.419901 0.419901 0.419901 0.419901 0.419901 0.419901 0.419901 0.419901 0.419901 0.419901 0.419901 0.419901 0.419901 0.419901 0.419901 0.419901 0.419901 0.419901 0.419901 0.419901 0.419901 0.419901 0.419901 0.419901 0.419901 0.419901 0.419901 0.419901 0.419901 0.419901 0.419901 0.419901 0.419901 0.419901 0.419901 0.419901 0.419901 0.419901 0.419901 0.419901 0.419901 0.419901 0.419901 0.419901 0.419901 0.419901 0.419901 0.419901 0.419901 0.419901 0.419901 0.419901 0.419901 0.419901 0.419901 0.419901 0.419901 0.419901 0.419901 0.419901 0.419901 0.419901 0.419901 0.419901 0.419901 0.419901 0.419901 0.419901 0.419901 0.419901 0.419901 0.419901 0.419901 0.419901 0.419901 0.419901 0.419901 0.419901 0.419901 0.419901 0.419901 0.419901 0.419901 0.419901 0.419901 0.419901 0.419901 0.419901 0.419901 0.38 0.419901 0.419901 0.419901 0.419901 0.419901 0.419901 0.419901 0.419901 0.419901 0.414899 0.419901 0.419901 0.419901 0.419901 0.419901 0.419901 0.419901 0.419901 0.419901 0.38 0.419901 0.419901 0.419901 0.419901 0.419901 0.419901 0.419901 0.419901 0.419901 0.38 0.419901 0.419901 0.419901 0.419901 0.419901 0.419901 0.419901 0.419901 0.419901 0.417805 0.419901 0.419901 0.419901 0.419901 0.419901 0.419901 0.419901 0.419901 0.419901 0.386206 0.419901 0.419901 0.419901 0.419901 0.419901 0.419901 0.419901 0.419901 0.419901 0.38 0.419901 0.419901 0.419901 0.419901 0.419901 0.419901 0.419901 0.419901 0.419901 0.386206 0.419901 0.419901 0.419901 0.419901 0.419901 0.419901 0.419901 0.419901 0.419901 0.419866 0.419901 0.419901 0.419901 0.419901 0.419901 0.419901 0.419901 0.419901 0.419901 0.419632 0.419901 0.419901 0.419901 0.396515 0.419901 0.419901 0.39673 0.419901 0.419901 0.419901 0.419901 0.419901 0.419901 0.38 0.419901 0.419901 0.380017 0.419901 0.419901 0.419901 0.419901 0.419901 0.419901 0.383306 0.419901 0.419901 0.41127 0.419901 0.419901 0.419901 0.419901 0.419901 0.419901 0.380265 0.419901 0.419901 0.404706 0.419901 0.419901 0.419901 0.419901 0.419901 0.419901 0.38 0.419901 0.419901 0.406565 0.419901 0.419901 0.419901 0.419901 0.419901 0.419901 0.419022 0.419901 0.419901 0.41755 0.419901 0.419901 0.419901 0.419901 0.419901 0.419901 0.38 0.419901 0.419901 0.380034 0.419901 0.419901 0.419901 0.419901 0.419901 0.419901 0.38 0.419901 0.419901 0.38 0.419901 0.419901 0.419901 0.419901 0.419901 0.419901 0.412037 0.419901 0.419901 0.407054 0.419901 0.419901 0.419901 0.419901 0.419901 0.419901 0.38 0.419901 0.419901 0.380008 0.419901 0.419901 0.419901 0.419901 0.419901 0.419901 0.419901 0.419901 0.419901 0.419901 0.419901 0.419901 0.419901 0.419901 0.419901 0.419901 0.419901 0.419901 0.419901 0.419901 0.419901 0.419901 0.419901 0.419901 0.419901 0.419901 0.419901 0.419901 0.419901 0.419901 0.419901 0.419901 0.419901 0.419901 0.419901 0.419901 0.419901 0.419901 0.419901 0.419901 0.419901 0.419901 0.419901 0.419901 0.419901 0.419901 0.419901 0.419901 0.419901 0.419901 0.419901 0.419901 0.419901 0.419901 0.419901 0.419901 0.419901 0.419901 0.419901 0.419901 0.419901 0.419901 0.419901 0.419901 0.419901 0.419901 0.419901 0.419901 0.419901 0.419901 0.419901 0.419901 0.419901 0.419901 0.419901 0.419901 0.419901 0.419901 0.419901 0.419901 0.419901 0.419901 0.419901 0.419901 0.419901 0.419901 0.419901 0.419901 0.419901 0.419901 0.419901 0.419901 0.419901 0.419901 0.419901 0.419901 0.419901 0.419901 0.419901 0.419901 0.419901 0.419901 0.419901 0.419901 0.419901 0.419901 0.419901 0.419901 0.419901 0.419901 0.419901 0.419901 0.380007 0.419901 0.419901 0.419901 0.419901 0.419901 0.419901 0.419901 0.419901 0.419901 0.38 0.419901 0.419901 0.419901 0.419901 0.419901 0.419901 0.419901 0.419901 0.419901 0.38 0.419901 0.419901 0.419901 0.419901 0.419901 0.419901 0.419901 0.419901 0.419901 0.380022 0.419901 0.419901 0.419901 0.419901 0.419901 0.419901 0.419901 0.419901 0.419901 0.410937 0.419901 0.419901 0.419901 0.419901 0.419901 0.419901 0.419901 0.419901 0.419901 0.419779 0.419901 0.419901 0.419901 0.419901 0.419901 0.419901 0.419901 0.419901 0.419901 0.380258 0.419901 0.419901 0.419901 0.419901 0.419901 0.419901 0.419901 0.419901 0.419901 0.408217 0.419901 0.419901 0.419901 0.419901 0.419901 0.419901 0.419901 0.419901 0.419901 0.38 0.419901 0.419901 0.419901 0.419901 0.419901 0.419901 0.419901 0.419901 0.419901 0.380104 0.419901 0.419901 0.419901 0.38 0.419901 0.419901 0.380695 0.419901 0.419901 0.419901 0.419901 0.419901 0.419901 0.382983 0.419901 0.419901 0.380009 0.419901 0.419901 0.419901 0.419901 0.419901 0.419901 0.41718 0.419901 0.419901 0.411763 0.419901 0.419901 0.419901 0.419901 0.419901 0.419901 0.411233 0.419901 0.419901 0.419389 0.419901 0.419901 0.419901 0.419901 0.419901 0.419901 0.400899 0.419901 0.419901 0.38 0.419901 0.419901 0.419901 0.419901 0.419901 0.419901 0.38 0.419901 0.419901 0.381275 0.419901 0.419901 0.419901 0.419901 0.419901 0.419901 0.380102 0.419901 0.419901 0.38 0.419901 0.419901 0.419901 0.419901 0.419901 0.419901 0.419702 0.419901 0.419901 0.380052 0.419901 0.419901 0.419901 0.419901 0.419901 0.419901 0.38 0.419901 0.419901 0.38 0.419901 0.419901 0.419901 0.419901 0.419901 0.419901 0.38 0.419901 0.419901 0.407843 0.419901 0.419901 0.419901 0.419901 0.419901 0.419901 0.419901 0.419901 0.419901 0.419901 0.419901 0.419901 0.419901 0.419901 0.419901 0.419901 0.419901 0.419901 0.419901 0.419901 0.419901 0.419901 0.419901 0.419901 0.419901 0.419901 0.419901 0.419901 0.419901 0.419901 0.419901 0.419901 0.419901 0.419901 0.419901 0.419901 0.419901 0.419901 0.419901 0.419901 0.419901 0.419901 0.419901 0.419901 0.419901 0.419901 0.419901 0.419901 0.419901 0.419901 0.419901 0.419901 0.419901 0.419901 0.419901 0.419901 0.419901 0.419901 0.419901 0.419901 0.419901 0.419901 0.419901 0.419901 0.419901 0.419901 0.419901 0.419901 0.419901 0.419901 0.419901 0.419901 0.419901 0.419901 0.419901 0.419901 0.419901 0.419901 0.419901 0.419901 0.419901 0.419901 0.419901 0.419901 0.419901 0.419901 0.419901 0.419901 0.419901 0.419901 0.419901 0.419901 0.419901 0.419901 0.419901 0.419901 0.419901 0.419901 0.419901 0.419901 0.419901 0.419901 0.419901 0.419901 0.419901 0.419901 0.419901 0.419901 0.419901 0.419901 0.419901 0.419901 0.415843 0.419901 0.419901 0.419901 0.419901 0.419901 0.419901 0.419901 0.419901 0.419901 0.415238 0.419901 0.419901 0.419901 0.419901 0.419901 0.419901 0.419901 0.419901 0.419901 0.38 0.419901 0.419901 0.419901 0.419901 0.419901 0.419901 0.419901 0.419901 0.419901 0.380972 0.419901 0.419901 0.419901 0.419901 0.419901 0.419901 0.419901 0.419901 0.419901 0.41248 0.419901 0.419901 0.419901 0.419901 0.419901 0.419901 0.419901 0.419901 0.419901 0.417562 0.419901 0.419901 0.419901 0.419901 0.419901 0.419901 0.419901 0.419901 0.419901 0.399125 0.419901 0.419901 0.419901 0.419901 0.419901 0.419901 0.419901 0.419901 0.419901 0.417587 0.419901 0.419901 0.419901 0.419901 0.419901 0.419901 0.419901 0.419901 0.419901 0.38 0.419901 0.419901 0.419901 0.419901 0.419901 0.419901 0.419901 0.419901 0.419901 0.418865 0.419901 0.419901 0.419901 0.419901 0.419901 0.419901 0.419901 0.419901 0.419901 0.382472 0.419901 0.419901 0.419901 0.419901 0.419901 0.419901 0.419901 0.419901 0.419901 0.38 0.419901 0.419901 0.419901 0.419901 0.419901 0.419901 0.419901 0.419901 0.419901 0.38 0.419901 0.419901 0.419901 0.419901 0.419901 0.419901 0.419901 0.419901 0.419901 0.38 0.419901 0.419901 0.419901 0.419901 0.419901 0.419901 0.419901 0.419901 0.419901 0.38 0.419901 0.419901 0.419901 0.419901 0.419901 0.419901 0.419901 0.419901 0.419901 0.411953 0.419901 0.419901 0.419901 0.419901 0.419901 0.419901 0.419901 0.419901 0.419901 0.393426 0.419901 0.419901 0.419901 0.419901 0.419901 0.419901 0.419901 0.419901 0.419901 0.38 0.419901 0.419901 0.419901 0.419901 0.419901 0.419901 0.419901 0.419901 0.419901 0.38 0.419901 0.419901 0.419901 0.419901 0.419901 0.419901 0.419901 0.419901 0.419901 0.380035 0.419901 0.419901 0.419901 0.38 0.419901 0.419901 0.383965 0.419901 0.419901 0.419901 0.419901 0.419901 0.419901 0.381318 0.419901 0.419901 0.380404 0.419901 0.419901 0.419901 0.419901 0.419901 0.419901 0.380001 0.419901 0.419901 0.380002 0.419901 0.419901 0.419901 0.419901 0.419901 0.419901 0.38 0.419901 0.419901 0.38 0.419901 0.419901 0.419901 0.419901 0.419901 0.419901 0.38007 0.419901 0.419901 0.382207 0.419901 0.419901 0.419901 0.419901 0.419901 0.419901 0.38 0.419901 0.419901 0.38 0.419901 0.419901 0.419901 0.419901 0.419901 0.419901 0.38 0.419901 0.419901 0.38 0.419901 0.419901 0.419901 0.419901 0.419901 0.419901 0.38 0.419901 0.419901 0.38 0.419901 0.419901 0.419901 0.419901 0.419901 0.419901 0.419471 0.419901 0.419901 0.38017 0.419901 0.419901 0.419901 0.419901 0.419901 0.419901 0.380007 0.419901 0.419901 0.380059 0.419901 0.419901 0.419901 0.419901 0.419901 0.419901 0.419901 0.419901 0.419901 0.419901 0.419901 0.419901 0.419901 0.419901 0.419901 0.419901 0.419901 0.419901 0.419901 0.419901 0.419901 0.419901 0.419901 0.419901 0.419901 0.419901 0.419901 0.419901 0.419901 0.419901 0.419901 0.419901 0.419901 0.419901 0.419901 0.419901 0.419901 0.419901 0.419901 0.419901 0.419901 0.419901 0.419901 0.419901 0.419901 0.419901 0.419901 0.419901 0.419901 0.419901 0.419901 0.419901 0.419901 0.419901 0.419901 0.419901 0.419901 0.419901 0.419901 0.419901 0.419901 0.419901 0.419901 0.419901 0.419901 0.419901 0.419901 0.419901 0.419901 0.419901 0.419901 0.419901 0.419901 0.419901 0.419901 0.419901 0.419901 0.419901 0.419901 0.419901 0.419901 0.419901 0.419901 0.419901 0.419901 0.419901 0.419901 0.419901 0.419901 0.419901 0.419901 0.419901 0.419901 0.419901 0.419901 0.419901 0.419901 0.419901 0.419901 0.419901 0.419901 0.419901 0.419901 0.419901 0.419901 0.419901 0.419901 0.419901 0.419901 0.419901 0.419901 0.419901 0.38 0.419901 0.419901 0.419901 0.419901 0.419901 0.419901 0.419901 0.419901 0.419901 0.414139 0.419901 0.419901 0.419901 0.419901 0.419901 0.419901 0.419901 0.419901 0.419901 0.38 0.419901 0.419901 0.419901 0.419901 0.419901 0.419901 0.419901 0.419901 0.419901 0.417242 0.419901 0.419901 0.419901 0.419901 0.419901 0.419901 0.419901 0.419901 0.419901 0.380002 0.419901 0.419901 0.419901 0.419901 0.419901 0.419901 0.419901 0.419901 0.419901 0.38 0.419901 0.419901 0.419901 0.419901 0.419901 0.419901 0.419901 0.419901 0.419901 0.392238 0.419901 0.419901 0.419901 0.419901 0.419901 0.419901 0.419901 0.419901 0.419901 0.417274 0.419901 0.419901 0.419901 0.419901 0.419901 0.419901 0.419901 0.419901 0.419901 0.384421 0.419901 0.419901 0.419901 0.419901 0.419901 0.419901 0.419901 0.419901 0.419901 0.380383 0.419901 0.419901 0.419901 0.38 0.419901 0.419901 0.417081 0.419901 0.419901 0.419901 0.419901 0.419901 0.419901 0.381931 0.419901 0.419901 0.419792 0.419901 0.419901 0.419901 0.419901 0.419901 0.419901 0.380031 0.419901 0.419901 0.38 0.419901 0.419901 0.419901 0.419901 0.419901 0.419901 0.38 0.419901 0.419901 0.38 0.419901 0.419901 0.419901 0.419901 0.419901 0.419901 0.38 0.419901 0.419901 0.380001 0.419901 0.419901 0.419901 0.419901 0.419901 0.419901 0.38 0.419901 0.419901 0.38 0.419901 0.419901 0.419901 0.419901 0.419901 0.419901 0.38 0.419901 0.419901 0.40955 0.419901 0.419901 0.419901 0.419901 0.419901 0.419901 0.38 0.419901 0.419901 0.40536 0.419901 0.419901 0.419901 0.419901 0.419901 0.419901 0.419028 0.419901 0.419901 0.38 0.419901 0.419901 0.419901 0.419901 0.419901 0.419901 0.419293 0.419901 0.419901 0.38 0.419901 0.419901 0.419901 0.419901 0.419901 0.419901 0.419901 0.419901 0.419901 0.419901 0.419901 0.419901 0.419901 0.419901 0.419901 0.419901 0.419901 0.419901 0.419901 0.419901 0.419901 0.419901 0.419901 0.419901 0.419901 0.419901 0.419901 0.419901 0.419901 0.419901 0.419901 0.419901 0.419901 0.419901 0.419901 0.419901 0.419901 0.419901 0.419901 0.419901 0.419901 0.419901 0.419901 0.419901 0.419901 0.419901 0.419901 0.419901 0.419901 0.419901 0.419901 0.419901 0.419901 0.419901 0.419901 0.419901 0.419901 0.419901 0.419901 0.419901 0.419901 0.419901 0.419901 0.419901 0.419901 0.419901 0.419901 0.419901 0.419901 0.419901 0.419901 0.419901 0.419901 0.419901 0.419901 0.419901 0.419901 0.419901 0.419901 0.419901 0.419901 0.419901 0.419901 0.419901 0.419901 0.419901 0.419901 0.419901 0.419901 0.419901 0.419901 0.419901 0.419901 0.419901 0.419901 0.419901 0.419901 0.419901 0.419901 0.419901 0.419901 0.419901 0.419901 0.419901 0.419901 0.419901 0.419901 0.419901 0.419901 0.419901 0.419901 0.419901 0.38 0.419901 0.419901 0.419901 0.419901 0.419901 0.419901 0.419901 0.419901 0.419901 0.419761 0.419901 0.419901 0.419901 0.419901 0.419901 0.419901 0.419901 0.419901 0.419901 0.380001 0.419901 0.419901 0.419901 0.419901 0.419901 0.419901 0.419901 0.419901 0.419901 0.38 0.419901 0.419901 0.419901 0.419901 0.419901 0.419901 0.419901 0.419901 0.419901 0.416632 0.419901 0.419901 0.419901 0.419901 0.419901 0.419901 0.419901 0.419901 0.419901 0.38 0.419901 0.419901 0.419901 0.419901 0.419901 0.419901 0.419901 0.419901 0.419901 0.38 0.419901 0.419901 0.419901 0.419901 0.419901 0.419901 0.419901 0.419901 0.419901 0.413798 0.419901 0.419901 0.419901 0.419901 0.419901 0.419901 0.419901 0.419901 0.419901 0.38 0.419901 0.419901 0.419901 0.419901 0.419901 0.419901 0.419901 0.419901 0.419901 0.380015 0.419901 0.419901 0.419901 0.38 0.419901 0.419901 0.380105 0.419901 0.419901 0.419901 0.419901 0.419901 0.419901 0.380007 0.419901 0.419901 0.380001 0.419901 0.419901 0.419901 0.419901 0.419901 0.419901 0.38 0.419901 0.419901 0.38 0.419901 0.419901 0.419901 0.419901 0.419901 0.419901 0.40471 0.419901 0.419901 0.38 0.419901 0.419901 0.419901 0.419901 0.419901 0.419901 0.4194 0.419901 0.419901 0.383219 0.419901 0.419901 0.419901 0.419901 0.419901 0.419901 0.380521 0.419901 0.419901 0.38 0.419901 0.419901 0.419901 0.419901 0.419901 0.419901 0.419771 0.419901 0.419901 0.416945 0.419901 0.419901 0.419901 0.419901 0.419901 0.419901 0.38 0.419901 0.419901 0.413399 0.419901 0.419901 0.419901 0.419901 0.419901 0.419901 0.413881 0.419901 0.419901 0.405413 0.419901 0.419901 0.419901 0.419901 0.419901 0.419901 0.38 0.419901 0.419901 0.419312 0.419901 0.419901 0.419901 0.419901 0.419901 0.419901 0.419901 0.419901 0.419901 0.419901 0.419901 0.419901 0.419901 0.419901 0.419901 0.419901 0.419901 0.419901 0.419901 0.419901 0.419901 0.419901 0.419901 0.419901 0.419901 0.419901 0.419901 0.419901 0.419901 0.419901 0.419901 0.419901 0.419901 0.419901 0.419901 0.419901 0.419901 0.419901 0.419901 0.419901 0.419901 0.419901 0.419901 0.419901 0.419901 0.419901 0.419901 0.419901 0.419901 0.419901 0.419901 0.419901 0.419901 0.419901 0.419901 0.419901 0.419901 0.419901 0.419901 0.419901 0.419901 0.419901 0.419901 0.419901 0.419901 0.419901 0.419901 0.419901 0.419901 0.419901 0.419901 0.419901 0.419901 0.419901 0.419901 0.419901 0.419901 0.419901 0.419901 0.419901 0.419901 0.419901 0.419901 0.419901 0.419901 0.419901 0.419901 0.419901 0.419901 0.419901 0.419901 0.419901 0.419901 0.419901 0.419901 0.419901 0.419901 0.419901 0.419901 0.419901 0.419901 0.419901 0.419901 0.419901 0.419901 0.419901 0.419901 0.419901 0.419901 0.419901 0.419901 0.419901 0.418683 0.419901 0.419901 0.419901 0.419901 0.419901 0.419901 0.419901 0.419901 0.419901 0.417388 0.419901 0.419901 0.419901 0.419901 0.419901 0.419901 0.419901 0.419901 0.419901 0.38038 0.419901 0.419901 0.419901 0.419901 0.419901 0.419901 0.419901 0.419901 0.419901 0.38 0.419901 0.419901 0.419901 0.419901 0.419901 0.419901 0.419901 0.419901 0.419901 0.380024 0.419901 0.419901 0.419901 0.419901 0.419901 0.419901 0.419901 0.419901 0.419901 0.38 0.419901 0.419901 0.419901 0.419901 0.419901 0.419901 0.419901 0.419901 0.419901 0.416972 0.419901 0.419901 0.419901 0.419901 0.419901 0.419901 0.419901 0.419901 0.419901 0.416494 0.419901 0.419901 0.419901 0.419901 0.419901 0.419901 0.419901 0.419901 0.419901 0.38 0.419901 0.419901 0.419901 0.419901 0.419901 0.419901 0.419901 0.419901 0.419901 0.380066 0.419901 0.419901 0.419901 0.419901 0.419901 0.419901 0.419901 0.419901 0.419901 0.38 0.419901 0.419901 0.419901 0.419901 0.419901 0.419901 0.419901 0.419901 0.419901 0.412886 0.419901 0.419901 0.419901 0.419901 0.419901 0.419901 0.419901 0.419901 0.419901 0.416034 0.419901 0.419901 0.419901 0.419901 0.419901 0.419901 0.419901 0.419901 0.419901 0.38 0.419901 0.419901 0.419901 0.419901 0.419901 0.419901 0.419901 0.419901 0.419901 0.383492 0.419901 0.419901 0.419901 0.419901 0.419901 0.419901 0.419901 0.419901 0.419901 0.419698 0.419901 0.419901 0.419901 0.419901 0.419901 0.419901 0.419901 0.419901 0.419901 0.38 0.419901 0.419901 0.419901 0.419901 0.419901 0.419901 0.419901 0.419901 0.419901 0.380002 0.419901 0.419901 0.419901 0.419901 0.419901 0.419901 0.419901 0.419901 0.419901 0.38 0.419901 0.419901 0.419901 0.419901 0.419901 0.419901 0.419901 0.419901 0.419901 0.38005 0.419901 0.419901 0.419901 0.380609 0.419901 0.419901 0.417996 0.419901 0.419901 0.419901 0.419901 0.419901 0.419901 0.419784 0.419901 0.419901 0.38 0.419901 0.419901 0.419901 0.419901 0.419901 0.419901 0.380318 0.419901 0.419901 0.394451 0.419901 0.419901 0.419901 0.419901 0.419901 0.419901 0.380576 0.419901 0.419901 0.38 0.419901 0.419901 0.419901 0.419901 0.419901 0.419901 0.41135 0.419901 0.419901 0.380007 0.419901 0.419901 0.419901 0.419901 0.419901 0.419901 0.38 0.419901 0.419901 0.38 0.419901 0.419901 0.419901 0.419901 0.419901 0.419901 0.380001 0.419901 0.419901 0.381628 0.419901 0.419901 0.419901 0.419901 0.419901 0.419901 0.380356 0.419901 0.419901 0.418104 0.419901 0.419901 0.419901 0.419901 0.419901 0.419901 0.38 0.419901 0.419901 0.411788 0.419901 0.419901 0.419901 0.419901 0.419901 0.419901 0.380003 0.419901 0.419901 0.380486 0.419901 0.419901 0.419901 0.419901 0.419901 0.419901 0.419901 0.419901 0.419901 0.419901 0.419901 0.419901 0.419901 0.419901 0.419901 0.419901 0.419901 0.419901 0.419901 0.419901 0.419901 0.419901 0.419901 0.419901 0.419901 0.419901 0.419901 0.419901 0.419901 0.419901 0.419901 0.419901 0.419901 0.419901 0.419901 0.419901 0.419901 0.419901 0.419901 0.419901 0.419901 0.419901 0.419901 0.419901 0.419901 0.419901 0.419901 0.419901 0.419901 0.419901 0.419901 0.419901 0.419901 0.419901 0.419901 0.419901 0.419901 0.419901 0.419901 0.419901 0.419901 0.419901 0.419901 0.419901 0.419901 0.419901 0.419901 0.419901 0.419901 0.419901 0.419901 0.419901 0.419901 0.419901 0.419901 0.419901 0.419901 0.419901 0.419901 0.419901 0.419901 0.419901 0.419901 0.419901 0.419901 0.419901 0.419901 0.419901 0.419901 0.419901 0.419901 0.419901 0.419901 0.419901 0.419901 0.419901 0.419901 0.419901 0.419901 0.419901 0.419901 0.419901 0.419901 0.419901 0.419901 0.419901 0.419901 0.419901 0.419901 0.419901 0.419901 0.419901 0.380011 0.419901 0.419901 0.419901 0.419901 0.419901 0.419901 0.419901 0.419901 0.419901 0.417871 0.419901 0.419901 0.419901 0.419901 0.419901 0.419901 0.419901 0.419901 0.419901 0.386322 0.419901 0.419901 0.419901 0.419901 0.419901 0.419901 0.419901 0.419901 0.419901 0.380033 0.419901 0.419901 0.419901 0.419901 0.419901 0.419901 0.419901 0.419901 0.419901 0.391234 0.419901 0.419901 0.419901 0.419901 0.419901 0.419901 0.419901 0.419901 0.419901 0.419735 0.419901 0.419901 0.419901 0.419901 0.419901 0.419901 0.419901 0.419901 0.419901 0.38 0.419901 0.419901 0.419901 0.419901 0.419901 0.419901 0.419901 0.419901 0.419901 0.41977 0.419901 0.419901 0.419901 0.419901 0.419901 0.419901 0.419901 0.419901 0.419901 0.38 0.419901 0.419901 0.419901 0.419901 0.419901 0.419901 0.419901 0.419901 0.419901 0.38 0.419901 0.419901 0.419901 0.38 0.419901 0.419901 0.419845 0.419901 0.419901 0.419901 0.419901 0.419901 0.419901 0.381484 0.419901 0.419901 0.380086 0.419901 0.419901 0.419901 0.419901 0.419901 0.419901 0.38147 0.419901 0.419901 0.38 0.419901 0.419901 0.419901 0.419901 0.419901 0.419901 0.38 0.419901 0.419901 0.395875 0.419901 0.419901 0.419901 0.419901 0.419901 0.419901 0.414612 0.419901 0.419901 0.419409 0.419901 0.419901 0.419901 0.419901 0.419901 0.419901 0.418604 0.419901 0.419901 0.38 0.419901 0.419901 0.419901 0.419901 0.419901 0.419901 0.38 0.419901 0.419901 0.38 0.419901 0.419901 0.419901 0.419901 0.419901 0.419901 0.38 0.419901 0.419901 0.381941 0.419901 0.419901 0.419901 0.419901 0.419901 0.419901 0.38 0.419901 0.419901 0.38 0.419901 0.419901 0.419901 0.419901 0.419901 0.419901 0.404867 0.419901 0.419901 0.380035 0.419901 0.419901 0.419901 0.419901 0.419901 0.419901 0.419901 0.419901 0.419901 0.419901 0.419901 0.419901 0.419901 0.419901 0.419901 0.419901 0.419901 0.419901 0.419901 0.419901 0.419901 0.419901 0.419901 0.419901 0.419901 0.419901 0.419901 0.419901 0.419901 0.419901 0.419901 0.419901 0.419901 0.419901 0.419901 0.419901 0.419901 0.419901 0.419901 0.419901 0.419901 0.419901 0.419901 0.419901 0.419901 0.419901 0.419901 0.419901 0.419901 0.419901 0.419901 0.419901 0.419901 0.419901 0.419901 0.419901 0.419901 0.419901 0.419901 0.419901 0.419901 0.419901 0.419901 0.419901 0.419901 0.419901 0.419901 0.419901 0.419901 0.419901 0.419901 0.419901 0.419901 0.419901 0.419901 0.419901 0.419901 0.419901 0.419901 0.419901 0.419901 0.419901 0.419901 0.419901 0.419901 0.419901 0.419901 0.419901 0.419901 0.419901 0.419901 0.419901 0.419901 0.419901 0.419901 0.419901 0.419901 0.419901 0.419901 0.419901 0.419901 0.419901 0.419901 0.419901 0.419901 0.419901 0.419901 0.419901 0.419901 0.419901 0.419901 0.419901 0.38 0.419901 0.419901 0.419901 0.419901 0.419901 0.419901 0.419901 0.419901 0.419901 0.41739 0.419901 0.419901 0.419901 0.419901 0.419901 0.419901 0.419901 0.419901 0.419901 0.419664 0.419901 0.419901 0.419901 0.419901 0.419901 0.419901 0.419901 0.419901 0.419901 0.380064 0.419901 0.419901 0.419901 0.419901 0.419901 0.419901 0.419901 0.419901 0.419901 0.38 0.419901 0.419901 0.419901 0.419901 0.419901 0.419901 0.419901 0.419901 0.419901 0.38 0.419901 0.419901 0.419901 0.419901 0.419901 0.419901 0.419901 0.419901 0.419901 0.419632 0.419901 0.419901 0.419901 0.419901 0.419901 0.419901 0.419901 0.419901 0.419901 0.38 0.419901 0.419901 0.419901 0.419901 0.419901 0.419901 0.419901 0.419901 0.419901 0.38 0.419901 0.419901 0.419901 0.419901 0.419901 0.419901 0.419901 0.419901 0.419901 0.38 0.419901 0.419901 0.419901 0.411476 0.419901 0.419901 0.419771 0.419901 0.419901 0.419901 0.419901 0.419901 0.419901 0.419266 0.419901 0.419901 0.419839 0.419901 0.419901 0.419901 0.419901 0.419901 0.419901 0.38004 0.419901 0.419901 0.38 0.419901 0.419901 0.419901 0.419901 0.419901 0.419901 0.419856 0.419901 0.419901 0.393 0.419901 0.419901 0.419901 0.419901 0.419901 0.419901 0.380002 0.419901 0.419901 0.419308 0.419901 0.419901 0.419901 0.419901 0.419901 0.419901 0.38 0.419901 0.419901 0.38 0.419901 0.419901 0.419901 0.419901 0.419901 0.419901 0.419266 0.419901 0.419901 0.419258 0.419901 0.419901 0.419901 0.419901 0.419901 0.419901 0.380039 0.419901 0.419901 0.38 0.419901 0.419901 0.419901 0.419901 0.419901 0.419901 0.381499 0.419901 0.419901 0.38 0.419901 0.419901 0.419901 0.419901 0.419901 0.419901 0.380068 0.419901 0.419901 0.38 0.419901 0.419901 0.419901 0.419901 0.419901 0.419901 0.419901 0.419901 0.419901 0.419901 0.419901 0.419901 0.419901 0.419901 0.419901 0.419901 0.419901 0.419901 0.419901 0.419901 0.419901 0.419901 0.419901 0.419901 0.419901 0.419901 0.419901 0.419901 0.419901 0.419901 0.419901 0.419901 0.419901 0.419901 0.419901 0.419901 0.419901 0.419901 0.419901 0.419901 0.419901 0.419901 0.419901 0.419901 0.419901 0.419901 0.419901 0.419901 0.419901 0.419901 0.419901 0.419901 0.419901 0.419901 0.419901 0.419901 0.419901 0.419901 0.419901 0.419901 0.419901 0.419901 0.419901 0.419901 0.419901 0.419901 0.419901 0.419901 0.419901 0.419901 0.419901 0.419901 0.419901 0.419901 0.419901 0.419901 0.419901 0.419901 0.419901 0.419901 0.419901 0.419901 0.419901 0.419901 0.419901 0.419901 0.419901 0.419901 0.419901 0.419901 0.419901 0.419901 0.419901 0.419901 0.419901 0.419901 0.419901 0.419901 0.419901 0.419901 0.419901 0.419901 0.419901 0.419901 0.419901 0.419901 0.419901 0.419901 0.419901 0.419901 0.419901 0.419901 0.408867 0.419901 0.419901 0.419901 0.419901 0.419901 0.419901 0.419901 0.419901 0.419901 0.414676 0.419901 0.419901 0.419901 0.419901 0.419901 0.419901 0.419901 0.419901 0.419901 0.38 0.419901 0.419901 0.419901 0.419901 0.419901 0.419901 0.419901 0.419901 0.419901 0.380138 0.419901 0.419901 0.419901 0.419901 0.419901 0.419901 0.419901 0.419901 0.419901 0.380001 0.419901 0.419901 0.419901 0.419901 0.419901 0.419901 0.419901 0.419901 0.419901 0.380008 0.419901 0.419901 0.419901 0.419901 0.419901 0.419901 0.419901 0.419901 0.419901 0.412005 0.419901 0.419901 0.419901 0.419901 0.419901 0.419901 0.419901 0.419901 0.419901 0.38 0.419901 0.419901 0.419901 0.419901 0.419901 0.419901 0.419901 0.419901 0.419901 0.38 0.419901 0.419901 0.419901 0.419901 0.419901 0.419901 0.419901 0.419901 0.419901 0.383634 0.419901 0.419901 0.419901 0.419901 0.419901 0.419901 0.419901 0.419901 0.419901 0.38 0.419901 0.419901 0.419901 0.419901 0.419901 0.419901 0.419901 0.419901 0.419901 0.380749 0.419901 0.419901 0.419901 0.419901 0.419901 0.419901 0.419901 0.419901 0.419901 0.38 0.419901 0.419901 0.419901 0.419901 0.419901 0.419901 0.419901 0.419901 0.419901 0.38 0.419901 0.419901 0.419901 0.419901 0.419901 0.419901 0.419901 0.419901 0.419901 0.380001 0.419901 0.419901 0.419901 0.419901 0.419901 0.419901 0.419901 0.419901 0.419901 0.412947 0.419901 0.419901 0.419901 0.419901 0.419901 0.419901 0.419901 0.419901 0.419901 0.38 0.419901 0.419901 0.419901 0.419901 0.419901 0.419901 0.419901 0.419901 0.419901 0.38 0.419901 0.419901 0.419901 0.419901 0.419901 0.419901 0.419901 0.419901 0.419901 0.380001 0.419901 0.419901 0.419901 0.419901 0.419901 0.419901 0.419901 0.419901 0.419901 0.392946 0.419901 0.419901 0.419901 0.391618 0.419901 0.419901 0.380157 0.419901 0.419901 0.419901 0.419901 0.419901 0.419901 0.380008 0.419901 0.419901 0.394767 0.419901 0.419901 0.419901 0.419901 0.419901 0.419901 0.380001 0.419901 0.419901 0.419756 0.419901 0.419901 0.419901 0.419901 0.419901 0.419901 0.418471 0.419901 0.419901 0.4103 0.419901 0.419901 0.419901 0.419901 0.419901 0.419901 0.38 0.419901 0.419901 0.419428 0.419901 0.419901 0.419901 0.419901 0.419901 0.419901 0.419569 0.419901 0.419901 0.419426 0.419901 0.419901 0.419901 0.419901 0.419901 0.419901 0.380309 0.419901 0.419901 0.387113 0.419901 0.419901 0.419901 0.419901 0.419901 0.419901 0.38 0.419901 0.419901 0.380013 0.419901 0.419901 0.419901 0.419901 0.419901 0.419901 0.418691 0.419901 0.419901 0.412886 0.419901 0.419901 0.419901 0.419901 0.419901 0.419901 0.418563 0.419901 0.419901 0.393049 0.419901 0.419901 0.419901 0.419901 0.419901 0.419901 0.419901 0.419901 0.419901 0.419901 0.419901 0.419901 0.419901 0.419901 0.419901 0.419901 0.419901 0.419901 0.419901 0.419901 0.419901 0.419901 0.419901 0.419901 0.419901 0.419901 0.419901 0.419901 0.419901 0.419901 0.419901 0.419901 0.419901 0.419901 0.419901 0.419901 0.419901 0.419901 0.419901 0.419901 0.419901 0.419901 0.419901 0.419901 0.419901 0.419901 0.419901 0.419901 0.419901 0.419901 0.419901 0.419901 0.419901 0.419901 0.419901 0.419901 0.419901 0.419901 0.419901 0.419901 0.419901 0.419901 0.419901 0.419901 0.419901 0.419901 0.419901 0.419901 0.419901 0.419901 0.419901 0.419901 0.419901 0.419901 0.419901 0.419901 0.419901 0.419901 0.419901 0.419901 0.419901 0.419901 0.419901 0.419901 0.419901 0.419901 0.419901 0.419901 0.419901 0.419901 0.419901 0.419901 0.419901 0.419901 0.419901 0.419901 0.419901 0.419901 0.419901 0.419901 0.419901 0.419901 0.419901 0.419901 0.419901 0.419901 0.419901 0.419901 0.419901 0.419901 0.419901 0.419901 0.385483 0.419901 0.419901 0.419901 0.419901 0.419901 0.419901 0.419901 0.419901 0.419901 0.383131 0.419901 0.419901 0.419901 0.419901 0.419901 0.419901 0.419901 0.419901 0.419901 0.38 0.419901 0.419901 0.419901 0.419901 0.419901 0.419901 0.419901 0.419901 0.419901 0.38 0.419901 0.419901 0.419901 0.419901 0.419901 0.419901 0.419901 0.419901 0.419901 0.380002 0.419901 0.419901 0.419901 0.419901 0.419901 0.419901 0.419901 0.419901 0.419901 0.38 0.419901 0.419901 0.419901 0.419901 0.419901 0.419901 0.419901 0.419901 0.419901 0.41924 0.419901 0.419901 0.419901 0.419901 0.419901 0.419901 0.419901 0.419901 0.419901 0.390776 0.419901 0.419901 0.419901 0.419901 0.419901 0.419901 0.419901 0.419901 0.419901 0.38 0.419901 0.419901 0.419901 0.419901 0.419901 0.419901 0.419901 0.419901 0.419901 0.419787 0.419901 0.419901 0.419901 0.39158 0.419901 0.419901 0.380042 0.419901 0.419901 0.419901 0.419901 0.419901 0.419901 0.415347 0.419901 0.419901 0.418492 0.419901 0.419901 0.419901 0.419901 0.419901 0.419901 0.380002 0.419901 0.419901 0.38005 0.419901 0.419901 0.419901 0.419901 0.419901 0.419901 0.399134 0.419901 0.419901 0.419015 0.419901 0.419901 0.419901 0.419901 0.419901 0.419901 0.38 0.419901 0.419901 0.38 0.419901 0.419901 0.419901 0.419901 0.419901 0.419901 0.38 0.419901 0.419901 0.38 0.419901 0.419901 0.419901 0.419901 0.419901 0.419901 0.38 0.419901 0.419901 0.38 0.419901 0.419901 0.419901 0.419901 0.419901 0.419901 0.380321 0.419901 0.419901 0.38 0.419901 0.419901 0.419901 0.419901 0.419901 0.419901 0.38 0.419901 0.419901 0.419572 0.419901 0.419901 0.419901 0.419901 0.419901 0.419901 0.38 0.419901 0.419901 0.406904 0.419901 0.419901 0.419901 0.419901 0.419901 0.419901 0.419901 0.419901 0.419901 0.419901 0.419901 0.419901 0.419901 0.419901 0.419901 0.419901 0.419901 0.419901 0.419901 0.419901 0.419901 0.419901 0.419901 0.419901 0.419901 0.419901 0.419901 0.419901 0.419901 0.419901 0.419901 0.419901 0.419901 0.419901 0.419901 0.419901 0.419901 0.419901 0.419901 0.419901 0.419901 0.419901 0.419901 0.419901 0.419901 0.419901 0.419901 0.419901 0.419901 0.419901 0.419901 0.419901 0.419901 0.419901 0.419901 0.419901 0.419901 0.419901 0.419901 0.419901 0.419901 0.419901 0.419901 0.419901 0.419901 0.419901 0.419901 0.419901 0.419901 0.419901 0.419901 0.419901 0.419901 0.419901 0.419901 0.419901 0.419901 0.419901 0.419901 0.419901 0.419901 0.419901 0.419901 0.419901 0.419901 0.419901 0.419901 0.419901 0.419901 0.419901 0.419901 0.419901 0.419901 0.419901 0.419901 0.419901 0.419901 0.419901 0.419901 0.419901 0.419901 0.419901 0.419901 0.419901 0.419901 0.419901 0.419901 0.419901 0.419901 0.419901 0.419901 0.419901 0.38 0.419901 0.419901 0.419901 0.419901 0.419901 0.419901 0.419901 0.419901 0.419901 0.408067 0.419901 0.419901 0.419901 0.419901 0.419901 0.419901 0.419901 0.419901 0.419901 0.418492 0.419901 0.419901 0.419901 0.419901 0.419901 0.419901 0.419901 0.419901 0.419901 0.416922 0.419901 0.419901 0.419901 0.419901 0.419901 0.419901 0.419901 0.419901 0.419901 0.380818 0.419901 0.419901 0.419901 0.419901 0.419901 0.419901 0.419901 0.419901 0.419901 0.41984 0.419901 0.419901 0.419901 0.419901 0.419901 0.419901 0.419901 0.419901 0.419901 0.418393 0.419901 0.419901 0.419901 0.419901 0.419901 0.419901 0.419901 0.419901 0.419901 0.380073 0.419901 0.419901 0.419901 0.419901 0.419901 0.419901 0.419901 0.419901 0.419901 0.419732 0.419901 0.419901 0.419901 0.419901 0.419901 0.419901 0.419901 0.419901 0.419901 0.38 0.419901 0.419901 0.419901 0.38 0.419901 0.419901 0.38 0.419901 0.419901 0.419901 0.419901 0.419901 0.419901 0.380002 0.419901 0.419901 0.38 0.419901 0.419901 0.419901 0.419901 0.419901 0.419901 0.400855 0.419901 0.419901 0.417235 0.419901 0.419901 0.419901 0.419901 0.419901 0.419901 0.418842 0.419901 0.419901 0.419862 0.419901 0.419901 0.419901 0.419901 0.419901 0.419901 0.380001 0.419901 0.419901 0.41949 0.419901 0.419901 0.419901 0.419901 0.419901 0.419901 0.380006 0.419901 0.419901 0.407915 0.419901 0.419901 0.419901 0.419901 0.419901 0.419901 0.38 0.419901 0.419901 0.38 0.419901 0.419901 0.419901 0.419901 0.419901 0.419901 0.38 0.419901 0.419901 0.417081 0.419901 0.419901 0.419901 0.419901 0.419901 0.419901 0.38 0.419901 0.419901 0.38 0.419901 0.419901 0.419901 0.419901 0.419901 0.419901 0.393876 0.419901 0.419901 0.3806 0.419901 0.419901 0.419901 0.419901 0.419901 0.419901 0.419901 0.419901 0.419901 0.419901 0.419901 0.419901 0.419901 0.419901 0.419901 0.419901 0.419901 0.419901 0.419901 0.419901 0.419901 0.419901 0.419901 0.419901 0.419901 0.419901 0.419901 0.419901 0.419901 0.419901 0.419901 0.419901 0.419901 0.419901 0.419901 0.419901 0.419901 0.419901 0.419901 0.419901 0.419901 0.419901 0.419901 0.419901 0.419901 0.419901 0.419901 0.419901 0.419901 0.419901 0.419901 0.419901 0.419901 0.419901 0.419901 0.419901 0.419901 0.419901 0.419901 0.419901 0.419901 0.419901 0.419901 0.419901 0.419901 0.419901 0.419901 0.419901 0.419901 0.419901 0.419901 0.419901 0.419901 0.419901 0.419901 0.419901 0.419901 0.419901 0.419901 0.419901 0.419901 0.419901 0.419901 0.419901 0.419901 0.419901 0.419901 0.419901 0.419901 0.419901 0.419901 0.419901 0.419901 0.419901 0.419901 0.419901 0.419901 0.419901 0.419901 0.419901 0.419901 0.419901 0.419901 0.419901 0.419901 0.419901 0.419901 0.419901 0.419901 0.419901 0.419901 0.419901 0.382541 0.419901 0.419901 0.419901 0.419901 0.419901 0.419901 0.419901 0.419901 0.419901 0.4 0.419901 0.419901 0.419901 0.419901 0.419901 0.419901 0.419901 0.419901 0.419901 0.38 0.419901 0.419901 0.419901 0.419901 0.419901 0.419901 0.419901 0.419901 0.419901 0.413086 0.419901 0.419901 0.419901 0.419901 0.419901 0.419901 0.419901 0.419901 0.419901 0.38 0.419901 0.419901 0.419901 0.419901 0.419901 0.419901 0.419901 0.419901 0.419901 0.38004 0.419901 0.419901 0.419901 0.419901 0.419901 0.419901 0.419901 0.419901 0.419901 0.392931 0.419901 0.419901 0.419901 0.419901 0.419901 0.419901 0.419901 0.419901 0.419901 0.419293 0.419901 0.419901 0.419901 0.419901 0.419901 0.419901 0.419901 0.419901 0.419901 0.392085 0.419901 0.419901 0.419901 0.419901 0.419901 0.419901 0.419901 0.419901 0.419901 0.380031 0.419901 0.419901 0.419901 0.419901 0.419901 0.419901 0.419901 0.419901 0.419901 0.38865 0.419901 0.419901 0.419901 0.419901 0.419901 0.419901 0.419901 0.419901 0.419901 0.419584 0.419901 0.419901 0.419901 0.419901 0.419901 0.419901 0.419901 0.419901 0.419901 0.384625 0.419901 0.419901 0.419901 0.419901 0.419901 0.419901 0.419901 0.419901 0.419901 0.383671 0.419901 0.419901 0.419901 0.419901 0.419901 0.419901 0.419901 0.419901 0.419901 0.382188 0.419901 0.419901 0.419901 0.419901 0.419901 0.419901 0.419901 0.419901 0.419901 0.380002 0.419901 0.419901 0.419901 0.419901 0.419901 0.419901 0.419901 0.419901 0.419901 0.381235 0.419901 0.419901 0.419901 0.419901 0.419901 0.419901 0.419901 0.419901 0.419901 0.38 0.419901 0.419901 0.419901 0.419901 0.419901 0.419901 0.419901 0.419901 0.419901 0.38 0.419901 0.419901 0.419901 0.419901 0.419901 0.419901 0.419901 0.419901 0.419901 0.380047 0.419901 0.419901 0.419901 0.417812 0.419901 0.419901 0.380003 0.419901 0.419901 0.419901 0.419901 0.419901 0.419901 0.38 0.419901 0.419901 0.380138 0.419901 0.419901 0.419901 0.419901 0.419901 0.419901 0.410741 0.419901 0.419901 0.401789 0.419901 0.419901 0.419901 0.419901 0.419901 0.419901 0.38 0.419901 0.419901 0.399728 0.419901 0.419901 0.419901 0.419901 0.419901 0.419901 0.418306 0.419901 0.419901 0.38 0.419901 0.419901 0.419901 0.419901 0.419901 0.419901 0.38 0.419901 0.419901 0.381477 0.419901 0.419901 0.419901 0.419901 0.419901 0.419901 0.411505 0.419901 0.419901 0.412036 0.419901 0.419901 0.419901 0.419901 0.419901 0.419901 0.418622 0.419901 0.419901 0.38 0.419901 0.419901 0.419901 0.419901 0.419901 0.419901 0.417719 0.419901 0.419901 0.380086 0.419901 0.419901 0.419901 0.419901 0.419901 0.419901 0.38 0.419901 0.419901 0.390918 0.419901 0.419901 0.419901 0.419901 0.419901 0.419901 0.419901 0.419901 0.419901 0.419901 0.419901 0.419901 0.419901 0.419901 0.419901 0.419901 0.419901 0.419901 0.419901 0.419901 0.419901 0.419901 0.419901 0.419901 0.419901 0.419901 0.419901 0.419901 0.419901 0.419901 0.419901 0.419901 0.419901 0.419901 0.419901 0.419901 0.419901 0.419901 0.419901 0.419901 0.419901 0.419901 0.419901 0.419901 0.419901 0.419901 0.419901 0.419901 0.419901 0.419901 0.419901 0.419901 0.419901 0.419901 0.419901 0.419901 0.419901 0.419901 0.419901 0.419901 0.419901 0.419901 0.419901 0.419901 0.419901 0.419901 0.419901 0.419901 0.419901 0.419901 0.419901 0.419901 0.419901 0.419901 0.419901 0.419901 0.419901 0.419901 0.419901 0.419901 0.419901 0.419901 0.419901 0.419901 0.419901 0.419901 0.419901 0.419901 0.419901 0.419901 0.419901 0.419901 0.419901 0.419901 0.419901 0.419901 0.419901 0.419901 0.419901 0.419901 0.419901 0.419901 0.419901 0.419901 0.419901 0.419901 0.419901 0.419901 0.419901 0.419901 0.419901 0.419901 0.387963 0.419901 0.419901 0.419901 0.419901 0.419901 0.419901 0.419901 0.419901 0.419901 0.38 0.419901 0.419901 0.419901 0.419901 0.419901 0.419901 0.419901 0.419901 0.419901 0.382208 0.419901 0.419901 0.419901 0.419901 0.419901 0.419901 0.419901 0.419901 0.419901 0.38 0.419901 0.419901 0.419901 0.419901 0.419901 0.419901 0.419901 0.419901 0.419901 0.419533 0.419901 0.419901 0.419901 0.419901 0.419901 0.419901 0.419901 0.419901 0.419901 0.386953 0.419901 0.419901 0.419901 0.419901 0.419901 0.419901 0.419901 0.419901 0.419901 0.419673 0.419901 0.419901 0.419901 0.419901 0.419901 0.419901 0.419901 0.419901 0.419901 0.419174 0.419901 0.419901 0.419901 0.419901 0.419901 0.419901 0.419901 0.419901 0.419901 0.380002 0.419901 0.419901 0.419901 0.419901 0.419901 0.419901 0.419901 0.419901 0.419901 0.419307 0.419901 0.419901 0.419901 0.380008 0.419901 0.419901 0.38 0.419901 0.419901 0.419901 0.419901 0.419901 0.419901 0.38 0.419901 0.419901 0.419182 0.419901 0.419901 0.419901 0.419901 0.419901 0.419901 0.38 0.419901 0.419901 0.38 0.419901 0.419901 0.419901 0.419901 0.419901 0.419901 0.417739 0.419901 0.419901 0.38 0.419901 0.419901 0.419901 0.419901 0.419901 0.419901 0.380124 0.419901 0.419901 0.381049 0.419901 0.419901 0.419901 0.419901 0.419901 0.419901 0.38 0.419901 0.419901 0.419814 0.419901 0.419901 0.419901 0.419901 0.419901 0.419901 0.387371 0.419901 0.419901 0.381143 0.419901 0.419901 0.419901 0.419901 0.419901 0.419901 0.418649 0.419901 0.419901 0.404569 0.419901 0.419901 0.419901 0.419901 0.419901 0.419901 0.419484 0.419901 0.419901 0.380287 0.419901 0.419901 0.419901 0.419901 0.419901 0.419901 0.38 0.419901 0.419901 0.390147 0.419901 0.419901 0.419901 0.419901 0.419901 0.419901 0.419901 0.419901 0.419901 0.419901 0.419901 0.419901 0.419901 0.419901 0.419901 0.419901 0.419901 0.419901 0.419901 0.419901 0.419901 0.419901 0.419901 0.419901 0.419901 0.419901 0.419901 0.419901 0.419901 0.419901 0.419901 0.419901 0.419901 0.419901 0.419901 0.419901 0.419901 0.419901 0.419901 0.419901 0.419901 0.419901 0.419901 0.419901 0.419901 0.419901 0.419901 0.419901 0.419901 0.419901 0.419901 0.419901 0.419901 0.419901 0.419901 0.419901 0.419901 0.419901 0.419901 0.419901 0.419901 0.419901 0.419901 0.419901 0.419901 0.419901 0.419901 0.419901 0.419901 0.419901 0.419901 0.419901 0.419901 0.419901 0.419901 0.419901 0.419901 0.419901 0.419901 0.419901 0.419901 0.419901 0.419901 0.419901 0.419901 0.419901 0.419901 0.419901 0.419901 0.419901 0.419901 0.419901 0.419901 0.419901 0.419901 0.419901 0.419901 0.419901 0.419901 0.419901 0.419901 0.419901 0.419901 0.419901 0.419901 0.419901 0.419901 0.419901 0.419901 0.419901 0.419901 0.419901 0.380052 0.419901 0.419901 0.419901 0.419901 0.419901 0.419901 0.419901 0.419901 0.419901 0.386177 0.419901 0.419901 0.419901 0.419901 0.419901 0.419901 0.419901 0.419901 0.419901 0.380037 0.419901 0.419901 0.419901 0.419901 0.419901 0.419901 0.419901 0.419901 0.419901 0.38 0.419901 0.419901 0.419901 0.419901 0.419901 0.419901 0.419901 0.419901 0.419901 0.38 0.419901 0.419901 0.419901 0.419901 0.419901 0.419901 0.419901 0.419901 0.419901 0.380041 0.419901 0.419901 0.419901 0.419901 0.419901 0.419901 0.419901 0.419901 0.419901 0.38 0.419901 0.419901 0.419901 0.419901 0.419901 0.419901 0.419901 0.419901 0.419901 0.38025 0.419901 0.419901 0.419901 0.419901 0.419901 0.419901 0.419901 0.419901 0.419901 0.380037 0.419901 0.419901 0.419901 0.419901 0.419901 0.419901 0.419901 0.419901 0.419901 0.38 0.419901 0.419901 0.419901 0.380005 0.419901 0.419901 0.413621 0.419901 0.419901 0.419901 0.419901 0.419901 0.419901 0.38 0.419901 0.419901 0.380116 0.419901 0.419901 0.419901 0.419901 0.419901 0.419901 0.38 0.419901 0.419901 0.419719 0.419901 0.419901 0.419901 0.419901 0.419901 0.419901 0.386734 0.419901 0.419901 0.419369 0.419901 0.419901 0.419901 0.419901 0.419901 0.419901 0.385263 0.419901 0.419901 0.38 0.419901 0.419901 0.419901 0.419901 0.419901 0.419901 0.383024 0.419901 0.419901 0.419735 0.419901 0.419901 0.419901 0.419901 0.419901 0.419901 0.380028 0.419901 0.419901 0.416574 0.419901 0.419901 0.419901 0.419901 0.419901 0.419901 0.383225 0.419901 0.419901 0.38 0.419901 0.419901 0.419901 0.419901 0.419901 0.419901 0.417924 0.419901 0.419901 0.390764 0.419901 0.419901 0.419901 0.419901 0.419901 0.419901 0.38 0.419901 0.419901 0.38 0.419901 0.419901 0.419901 0.419901 0.419901 0.419901 0.419901 0.419901 0.419901 0.419901 0.419901 0.419901 0.419901 0.419901 0.419901 0.419901 0.419901 0.419901 0.419901 0.419901 0.419901 0.419901 0.419901 0.419901 0.419901 0.419901 0.419901 0.419901 0.419901 0.419901 0.419901 0.419901 0.419901 0.419901 0.419901 0.419901 0.419901 0.419901 0.419901 0.419901 0.419901 0.419901 0.419901 0.419901 0.419901 0.419901 0.419901 0.419901 0.419901 0.419901 0.419901 0.419901 0.419901 0.419901 0.419901 0.419901 0.419901 0.419901 0.419901 0.419901 0.419901 0.419901 0.419901 0.419901 0.419901 0.419901 0.419901 0.419901 0.419901 0.419901 0.419901 0.419901 0.419901 0.419901 0.419901 0.419901 0.419901 0.419901 0.419901 0.419901 0.419901 0.419901 0.419901 0.419901 0.419901 0.419901 0.419901 0.419901 0.419901 0.419901 0.419901 0.419901 0.419901 0.419901 0.419901 0.419901 0.419901 0.419901 0.419901 0.419901 0.419901 0.419901 0.419901 0.419901 0.419901 0.419901 0.419901 0.419901 0.419901 0.419901 0.419901 0.419901 0.38 0.419901 0.419901 0.419901 0.419901 0.419901 0.419901 0.419901 0.419901 0.419901 0.386379 0.419901 0.419901 0.419901 0.419901 0.419901 0.419901 0.419901 0.419901 0.419901 0.410138 0.419901 0.419901 0.419901 0.419901 0.419901 0.419901 0.419901 0.419901 0.419901 0.387482 0.419901 0.419901 0.419901 0.419901 0.419901 0.419901 0.419901 0.419901 0.419901 0.38909 0.419901 0.419901 0.419901 0.419901 0.419901 0.419901 0.419901 0.419901 0.419901 0.380011 0.419901 0.419901 0.419901 0.419901 0.419901 0.419901 0.419901 0.419901 0.419901 0.38 0.419901 0.419901 0.419901 0.419901 0.419901 0.419901 0.419901 0.419901 0.419901 0.38 0.419901 0.419901 0.419901 0.419901 0.419901 0.419901 0.419901 0.419901 0.419901 0.412398 0.419901 0.419901 0.419901 0.419901 0.419901 0.419901 0.419901 0.419901 0.419901 0.408176 0.419901 0.419901 0.419901 0.419901 0.419901 0.419901 0.419901 0.419901 0.419901 0.380057 0.419901 0.419901 0.419901 0.419901 0.419901 0.419901 0.419901 0.419901 0.419901 0.387727 0.419901 0.419901 0.419901 0.419901 0.419901 0.419901 0.419901 0.419901 0.419901 0.380002 0.419901 0.419901 0.419901 0.419901 0.419901 0.419901 0.419901 0.419901 0.419901 0.380005 0.419901 0.419901 0.419901 0.419901 0.419901 0.419901 0.419901 0.419901 0.419901 0.38 0.419901 0.419901 0.419901 0.419901 0.419901 0.419901 0.419901 0.419901 0.419901 0.380047 0.419901 0.419901 0.419901 0.419901 0.419901 0.419901 0.419901 0.419901 0.419901 0.38 0.419901 0.419901 0.419901 0.419901 0.419901 0.419901 0.419901 0.419901 0.419901 0.406 0.419901 0.419901 0.419901 0.419901 0.419901 0.419901 0.419901 0.419901 0.419901 0.38 0.419901 0.419901 0.419901 0.419901 0.419901 0.419901 0.419901 0.419901 0.419901 0.386615 0.419901 0.419901 0.419901 0.419834 0.419901 0.419901 0.38 0.419901 0.419901 0.419901 0.419901 0.419901 0.419901 0.392061 0.419901 0.419901 0.38 0.419901 0.419901 0.419901 0.419901 0.419901 0.419901 0.38 0.419901 0.419901 0.38 0.419901 0.419901 0.419901 0.419901 0.419901 0.419901 0.419201 0.419901 0.419901 0.419639 0.419901 0.419901 0.419901 0.419901 0.419901 0.419901 0.380797 0.419901 0.419901 0.419772 0.419901 0.419901 0.419901 0.419901 0.419901 0.419901 0.414395 0.419901 0.419901 0.38 0.419901 0.419901 0.419901 0.419901 0.419901 0.419901 0.404941 0.419901 0.419901 0.416983 0.419901 0.419901 0.419901 0.419901 0.419901 0.419901 0.38 0.419901 0.419901 0.397686 0.419901 0.419901 0.419901 0.419901 0.419901 0.419901 0.414313 0.419901 0.419901 0.38 0.419901 0.419901 0.419901 0.419901 0.419901 0.419901 0.382592 0.419901 0.419901 0.415524 0.419901 0.419901 0.419901 0.419901 0.419901 0.419901 0.419901 0.419901 0.419901 0.419901 0.419901 0.419901 0.419901 0.419901 0.419901 0.419901 0.419901 0.419901 0.419901 0.419901 0.419901 0.419901 0.419901 0.419901 0.419901 0.419901 0.419901 0.419901 0.419901 0.419901 0.419901 0.419901 0.419901 0.419901 0.419901 0.419901 0.419901 0.419901 0.419901 0.419901 0.419901 0.419901 0.419901 0.419901 0.419901 0.419901 0.419901 0.419901 0.419901 0.419901 0.419901 0.419901 0.419901 0.419901 0.419901 0.419901 0.419901 0.419901 0.419901 0.419901 0.419901 0.419901 0.419901 0.419901 0.419901 0.419901 0.419901 0.419901 0.419901 0.419901 0.419901 0.419901 0.419901 0.419901 0.419901 0.419901 0.419901 0.419901 0.419901 0.419901 0.419901 0.419901 0.419901 0.419901 0.419901 0.419901 0.419901 0.419901 0.419901 0.419901 0.419901 0.419901 0.419901 0.419901 0.419901 0.419901 0.419901 0.419901 0.419901 0.419901 0.419901 0.419901 0.419901 0.419901 0.419901 0.419901 0.419901 0.419901 0.419901 0.419901 0.419901 0.419901 0.381796 0.419901 0.419901 0.419901 0.419901 0.419901 0.419901 0.419901 0.419901 0.419901 0.38 0.419901 0.419901 0.419901 0.419901 0.419901 0.419901 0.419901 0.419901 0.419901 0.38 0.419901 0.419901 0.419901 0.419901 0.419901 0.419901 0.419901 0.419901 0.419901 0.419034 0.419901 0.419901 0.419901 0.419901 0.419901 0.419901 0.419901 0.419901 0.419901 0.38 0.419901 0.419901 0.419901 0.419901 0.419901 0.419901 0.419901 0.419901 0.419901 0.38 0.419901 0.419901 0.419901 0.419901 0.419901 0.419901 0.419901 0.419901 0.419901 0.419221 0.419901 0.419901 0.419901 0.419901 0.419901 0.419901 0.419901 0.419901 0.419901 0.38 0.419901 0.419901 0.419901 0.419901 0.419901 0.419901 0.419901 0.419901 0.419901 0.392115 0.419901 0.419901 0.419901 0.419901 0.419901 0.419901 0.419901 0.419901 0.419901 0.38 0.419901 0.419901 0.419901 0.380014 0.419901 0.419901 0.418781 0.419901 0.419901 0.419901 0.419901 0.419901 0.419901 0.388923 0.419901 0.419901 0.38 0.419901 0.419901 0.419901 0.419901 0.419901 0.419901 0.38 0.419901 0.419901 0.402975 0.419901 0.419901 0.419901 0.419901 0.419901 0.419901 0.380004 0.419901 0.419901 0.419389 0.419901 0.419901 0.419901 0.419901 0.419901 0.419901 0.38 0.419901 0.419901 0.418403 0.419901 0.419901 0.419901 0.419901 0.419901 0.419901 0.380591 0.419901 0.419901 0.41853 0.419901 0.419901 0.419901 0.419901 0.419901 0.419901 0.38 0.419901 0.419901 0.38 0.419901 0.419901 0.419901 0.419901 0.419901 0.419901 0.38 0.419901 0.419901 0.380001 0.419901 0.419901 0.419901 0.419901 0.419901 0.419901 0.38 0.419901 0.419901 0.383238 0.419901 0.419901 0.419901 0.419901 0.419901 0.419901 0.38 0.419901 0.419901 0.380815 0.419901 0.419901 0.419901 0.419901 0.419901 0.419901 0.419901 0.419901 0.419901 0.419901 0.419901 0.419901 0.419901 0.419901 0.419901 0.419901 0.419901 0.419901 0.419901 0.419901 0.419901 0.419901 0.419901 0.419901 0.419901 0.419901 0.419901 0.419901 0.419901 0.419901 0.419901 0.419901 0.419901 0.419901 0.419901 0.419901 0.419901 0.419901 0.419901 0.419901 0.419901 0.419901 0.419901 0.419901 0.419901 0.419901 0.419901 0.419901 0.419901 0.419901 0.419901 0.419901 0.419901 0.419901 0.419901 0.419901 0.419901 0.419901 0.419901 0.419901 0.419901 0.419901 0.419901 0.419901 0.419901 0.419901 0.419901 0.419901 0.419901 0.419901 0.419901 0.419901 0.419901 0.419901 0.419901 0.419901 0.419901 0.419901 0.419901 0.419901 0.419901 0.419901 0.419901 0.419901 0.419901 0.419901 0.419901 0.419901 0.419901 0.419901 0.419901 0.419901 0.419901 0.419901 0.419901 0.419901 0.419901 0.419901 0.419901 0.419901 0.419901 0.419901 0.419901 0.419901 0.419901 0.419901 0.419901 0.419901 0.419901 0.419901 0.419901 0.419901 0.38 0.419901 0.419901 0.419901 0.419901 0.419901 0.419901 0.419901 0.419901 0.419901 0.38 0.419901 0.419901 0.419901 0.419901 0.419901 0.419901 0.419901 0.419901 0.419901 0.38 0.419901 0.419901 0.419901 0.419901 0.419901 0.419901 0.419901 0.419901 0.419901 0.38 0.419901 0.419901 0.419901 0.419901 0.419901 0.419901 0.419901 0.419901 0.419901 0.385263 0.419901 0.419901 0.419901 0.419901 0.419901 0.419901 0.419901 0.419901 0.419901 0.392491 0.419901 0.419901 0.419901 0.419901 0.419901 0.419901 0.419901 0.419901 0.419901 0.419742 0.419901 0.419901 0.419901 0.419901 0.419901 0.419901 0.419901 0.419901 0.419901 0.380719 0.419901 0.419901 0.419901 0.419901 0.419901 0.419901 0.419901 0.419901 0.419901 0.38 0.419901 0.419901 0.419901 0.419901 0.419901 0.419901 0.419901 0.419901 0.419901 0.38 0.419901 0.419901 0.419901 0.403264 0.419901 0.419901 0.419273 0.419901 0.419901 0.419901 0.419901 0.419901 0.419901 0.408176 0.419901 0.419901 0.419443 0.419901 0.419901 0.419901 0.419901 0.419901 0.419901 0.419779 0.419901 0.419901 0.419284 0.419901 0.419901 0.419901 0.419901 0.419901 0.419901 0.382741 0.419901 0.419901 0.38 0.419901 0.419901 0.419901 0.419901 0.419901 0.419901 0.380059 0.419901 0.419901 0.380012 0.419901 0.419901 0.419901 0.419901 0.419901 0.419901 0.380116 0.419901 0.419901 0.38166 0.419901 0.419901 0.419901 0.419901 0.419901 0.419901 0.380938 0.419901 0.419901 0.415272 0.419901 0.419901 0.419901 0.419901 0.419901 0.419901 0.380027 0.419901 0.419901 0.38004 0.419901 0.419901 0.419901 0.419901 0.419901 0.419901 0.415739 0.419901 0.419901 0.408556 0.419901 0.419901 0.419901 0.419901 0.419901 0.419901 0.41918 0.419901 0.419901 0.380087 0.419901 0.419901 0.419901 0.419901 0.419901 0.419901 0.419901 0.419901 0.419901 0.419901 0.419901 0.419901 0.419901 0.419901 0.419901 0.419901 0.419901 0.419901 0.419901 0.419901 0.419901 0.419901 0.419901 0.419901 0.419901 0.419901 0.419901 0.419901 0.419901 0.419901 0.419901 0.419901 0.419901 0.419901 0.419901 0.419901 0.419901 0.419901 0.419901 0.419901 0.419901 0.419901 0.419901 0.419901 0.419901 0.419901 0.419901 0.419901 0.419901 0.419901 0.419901 0.419901 0.419901 0.419901 0.419901 0.419901 0.419901 0.419901 0.419901 0.419901 0.419901 0.419901 0.419901 0.419901 0.419901 0.419901 0.419901 0.419901 0.419901 0.419901 0.419901 0.419901 0.419901 0.419901 0.419901 0.419901 0.419901 0.419901 0.419901 0.419901 0.419901 0.419901 0.419901 0.419901 0.419901 0.419901 0.419901 0.419901 0.419901 0.419901 0.419901 0.419901 0.419901 0.419901 0.419901 0.419901 0.419901 0.419901 0.419901 0.419901 0.419901 0.419901 0.419901 0.419901 0.419901 0.419901 0.419901 0.419901 0.419901 0.419901 0.419901 0.419901 0.380001 0.419901 0.419901 0.419901 0.419901 0.419901 0.419901 0.419901 0.419901 0.419901 0.411476 0.419901 0.419901 0.419901 0.419901 0.419901 0.419901 0.419901 0.419901 0.419901 0.389517 0.419901 0.419901 0.419901 0.419901 0.419901 0.419901 0.419901 0.419901 0.419901 0.406711 0.419901 0.419901 0.419901 0.419901 0.419901 0.419901 0.419901 0.419901 0.419901 0.380033 0.419901 0.419901 0.419901 0.419901 0.419901 0.419901 0.419901 0.419901 0.419901 0.380002 0.419901 0.419901 0.419901 0.419901 0.419901 0.419901 0.419901 0.419901 0.419901 0.380001 0.419901 0.419901 0.419901 0.419901 0.419901 0.419901 0.419901 0.419901 0.419901 0.380096 0.419901 0.419901 0.419901 0.419901 0.419901 0.419901 0.419901 0.419901 0.419901 0.392352 0.419901 0.419901 0.419901 0.419901 0.419901 0.419901 0.419901 0.419901 0.419901 0.38 0.419901 0.419901 0.419901 0.419901 0.419901 0.419901 0.419901 0.419901 0.419901 0.38 0.419901 0.419901 0.419901 0.419901 0.419901 0.419901 0.419901 0.419901 0.419901 0.38 0.419901 0.419901 0.419901 0.419901 0.419901 0.419901 0.419901 0.419901 0.419901 0.380512 0.419901 0.419901 0.419901 0.419901 0.419901 0.419901 0.419901 0.419901 0.419901 0.38 0.419901 0.419901 0.419901 0.419901 0.419901 0.419901 0.419901 0.419901 0.419901 0.419271 0.419901 0.419901 0.419901 0.419901 0.419901 0.419901 0.419901 0.419901 0.419901 0.380008 0.419901 0.419901 0.419901 0.419901 0.419901 0.419901 0.419901 0.419901 0.419901 0.380102 0.419901 0.419901 0.419901 0.419901 0.419901 0.419901 0.419901 0.419901 0.419901 0.38 0.419901 0.419901 0.419901 0.419901 0.419901 0.419901 0.419901 0.419901 0.419901 0.380086 0.419901 0.419901 0.419901 0.419901 0.419901 0.419901 0.419901 0.419901 0.419901 0.38 0.419901 0.419901 0.419901 0.380616 0.419901 0.419901 0.416225 0.419901 0.419901 0.419901 0.419901 0.419901 0.419901 0.38209 0.419901 0.419901 0.380005 0.419901 0.419901 0.419901 0.419901 0.419901 0.419901 0.419801 0.419901 0.419901 0.381973 0.419901 0.419901 0.419901 0.419901 0.419901 0.419901 0.380022 0.419901 0.419901 0.380014 0.419901 0.419901 0.419901 0.419901 0.419901 0.419901 0.380011 0.419901 0.419901 0.380469 0.419901 0.419901 0.419901 0.419901 0.419901 0.419901 0.38 0.419901 0.419901 0.380059 0.419901 0.419901 0.419901 0.419901 0.419901 0.419901 0.38003 0.419901 0.419901 0.38 0.419901 0.419901 0.419901 0.419901 0.419901 0.419901 0.380044 0.419901 0.419901 0.38 0.419901 0.419901 0.419901 0.419901 0.419901 0.419901 0.38 0.419901 0.419901 0.415999 0.419901 0.419901 0.419901 0.419901 0.419901 0.419901 0.416377 0.419901 0.419901 0.380275 0.419901 0.419901 0.419901 0.419901 0.419901 0.419901 0.419901 0.419901 0.419901 0.419901 0.419901 0.419901 0.419901 0.419901 0.419901 0.419901 0.419901 0.419901 0.419901 0.419901 0.419901 0.419901 0.419901 0.419901 0.419901 0.419901 0.419901 0.419901 0.419901 0.419901 0.419901 0.419901 0.419901 0.419901 0.419901 0.419901 0.419901 0.419901 0.419901 0.419901 0.419901 0.419901 0.419901 0.419901 0.419901 0.419901 0.419901 0.419901 0.419901 0.419901 0.419901 0.419901 0.419901 0.419901 0.419901 0.419901 0.419901 0.419901 0.419901 0.419901 0.419901 0.419901 0.419901 0.419901 0.419901 0.419901 0.419901 0.419901 0.419901 0.419901 0.419901 0.419901 0.419901 0.419901 0.419901 0.419901 0.419901 0.419901 0.419901 0.419901 0.419901 0.419901 0.419901 0.419901 0.419901 0.419901 0.419901 0.419901 0.419901 0.419901 0.419901 0.419901 0.419901 0.419901 0.419901 0.419901 0.419901 0.419901 0.419901 0.419901 0.419901 0.419901 0.419901 0.419901 0.419901 0.419901 0.419901 0.419901 0.419901 0.419901 0.419901 0.419901 0.4197 0.419901 0.419901 0.419901 0.419901 0.419901 0.419901 0.419901 0.419901 0.419901 0.419321 0.419901 0.419901 0.419901 0.419901 0.419901 0.419901 0.419901 0.419901 0.419901 0.380003 0.419901 0.419901 0.419901 0.419901 0.419901 0.419901 0.419901 0.419901 0.419901 0.411457 0.419901 0.419901 0.419901 0.419901 0.419901 0.419901 0.419901 0.419901 0.419901 0.381676 0.419901 0.419901 0.419901 0.419901 0.419901 0.419901 0.419901 0.419901 0.419901 0.38 0.419901 0.419901 0.419901 0.419901 0.419901 0.419901 0.419901 0.419901 0.419901 0.391661 0.419901 0.419901 0.419901 0.419901 0.419901 0.419901 0.419901 0.419901 0.419901 0.380053 0.419901 0.419901 0.419901 0.419901 0.419901 0.419901 0.419901 0.419901 0.419901 0.40635 0.419901 0.419901 0.419901 0.419901 0.419901 0.419901 0.419901 0.419901 0.419901 0.38 0.419901 0.419901 0.419901 0.4184 0.419901 0.419901 0.413657 0.419901 0.419901 0.419901 0.419901 0.419901 0.419901 0.38 0.419901 0.419901 0.415369 0.419901 0.419901 0.419901 0.419901 0.419901 0.419901 0.384728 0.419901 0.419901 0.383166 0.419901 0.419901 0.419901 0.419901 0.419901 0.419901 0.38691 0.419901 0.419901 0.418691 0.419901 0.419901 0.419901 0.419901 0.419901 0.419901 0.38 0.419901 0.419901 0.39066 0.419901 0.419901 0.419901 0.419901 0.419901 0.419901 0.409033 0.419901 0.419901 0.380004 0.419901 0.419901 0.419901 0.419901 0.419901 0.419901 0.386643 0.419901 0.419901 0.38 0.419901 0.419901 0.419901 0.419901 0.419901 0.419901 0.380806 0.419901 0.419901 0.419166 0.419901 0.419901 0.419901 0.419901 0.419901 0.419901 0.38 0.419901 0.419901 0.380015 0.419901 0.419901 0.419901 0.419901 0.419901 0.419901 0.406365 0.419901 0.419901 0.38 0.419901 0.419901 0.419901 0.419901 0.419901 0.419901 0.419901 0.419901 0.419901 0.419901 0.419901 0.419901 0.419901 0.419901 0.419901 0.419901 0.419901 0.419901 0.419901 0.419901 0.419901 0.419901 0.419901 0.419901 0.419901 0.419901 0.419901 0.419901 0.419901 0.419901 0.419901 0.419901 0.419901 0.419901 0.419901 0.419901 0.419901 0.419901 0.419901 0.419901 0.419901 0.419901 0.419901 0.419901 0.419901 0.419901 0.419901 0.419901 0.419901 0.419901 0.419901 0.419901 0.419901 0.419901 0.419901 0.419901 0.419901 0.419901 0.419901 0.419901 0.419901 0.419901 0.419901 0.419901 0.419901 0.419901 0.419901 0.419901 0.419901 0.419901 0.419901 0.419901 0.419901 0.419901 0.419901 0.419901 0.419901 0.419901 0.419901 0.419901 0.419901 0.419901 0.419901 0.419901 0.419901 0.419901 0.419901 0.419901 0.419901 0.419901 0.419901 0.419901 0.419901 0.419901 0.419901 0.419901 0.419901 0.419901 0.419901 0.419901 0.419901 0.419901 0.419901 0.419901 0.419901 0.419901 0.419901 0.419901 0.419901 0.419901 0.419901 0.419901 0.38 0.419901 0.419901 0.419901 0.419901 0.419901 0.419901 0.419901 0.419901 0.419901 0.38 0.419901 0.419901 0.419901 0.419901 0.419901 0.419901 0.419901 0.419901 0.419901 0.380005 0.419901 0.419901 0.419901 0.419901 0.419901 0.419901 0.419901 0.419901 0.419901 0.38 0.419901 0.419901 0.419901 0.419901 0.419901 0.419901 0.419901 0.419901 0.419901 0.38 0.419901 0.419901 0.419901 0.419901 0.419901 0.419901 0.419901 0.419901 0.419901 0.380024 0.419901 0.419901 0.419901 0.419901 0.419901 0.419901 0.419901 0.419901 0.419901 0.38 0.419901 0.419901 0.419901 0.419901 0.419901 0.419901 0.419901 0.419901 0.419901 0.38865 0.419901 0.419901 0.419901 0.419901 0.419901 0.419901 0.419901 0.419901 0.419901 0.419531 0.419901 0.419901 0.419901 0.419901 0.419901 0.419901 0.419901 0.419901 0.419901 0.413512 0.419901 0.419901 0.419901 0.416366 0.419901 0.419901 0.381807 0.419901 0.419901 0.419901 0.419901 0.419901 0.419901 0.402016 0.419901 0.419901 0.381352 0.419901 0.419901 0.419901 0.419901 0.419901 0.419901 0.38719 0.419901 0.419901 0.380752 0.419901 0.419901 0.419901 0.419901 0.419901 0.419901 0.38 0.419901 0.419901 0.409589 0.419901 0.419901 0.419901 0.419901 0.419901 0.419901 0.380029 0.419901 0.419901 0.380037 0.419901 0.419901 0.419901 0.419901 0.419901 0.419901 0.41321 0.419901 0.419901 0.38 0.419901 0.419901 0.419901 0.419901 0.419901 0.419901 0.38 0.419901 0.419901 0.380542 0.419901 0.419901 0.419901 0.419901 0.419901 0.419901 0.400591 0.419901 0.419901 0.418773 0.419901 0.419901 0.419901 0.419901 0.419901 0.419901 0.406899 0.419901 0.419901 0.380001 0.419901 0.419901 0.419901 0.419901 0.419901 0.419901 0.395009 0.419901 0.419901 0.41834 0.419901 0.419901 0.419901 0.419901 0.419901 0.419901 0.419901 0.419901 0.419901 0.419901 0.419901 0.419901 0.419901 0.419901 0.419901 0.419901 0.419901 0.419901 0.419901 0.419901 0.419901 0.419901 0.419901 0.419901 0.419901 0.419901 0.419901 0.419901 0.419901 0.419901 0.419901 0.419901 0.419901 0.419901 0.419901 0.419901 0.419901 0.419901 0.419901 0.419901 0.419901 0.419901 0.419901 0.419901 0.419901 0.419901 0.419901 0.419901 0.419901 0.419901 0.419901 0.419901 0.419901 0.419901 0.419901 0.419901 0.419901 0.419901 0.419901 0.419901 0.419901 0.419901 0.419901 0.419901 0.419901 0.419901 0.419901 0.419901 0.419901 0.419901 0.419901 0.419901 0.419901 0.419901 0.419901 0.419901 0.419901 0.419901 0.419901 0.419901 0.419901 0.419901 0.419901 0.419901 0.419901 0.419901 0.419901 0.419901 0.419901 0.419901 0.419901 0.419901 0.419901 0.419901 0.419901 0.419901 0.419901 0.419901 0.419901 0.419901 0.419901 0.419901 0.419901 0.419901 0.419901 0.419901 0.419901 0.419901 0.419901 0.419901 0.419901 0.419901 0.380004 0.419901 0.419901 0.419901 0.419901 0.419901 0.419901 0.419901 0.419901 0.419901 0.419862 0.419901 0.419901 0.419901 0.419901 0.419901 0.419901 0.419901 0.419901 0.419901 0.383634 0.419901 0.419901 0.419901 0.419901 0.419901 0.419901 0.419901 0.419901 0.419901 0.380428 0.419901 0.419901 0.419901 0.419901 0.419901 0.419901 0.419901 0.419901 0.419901 0.380001 0.419901 0.419901 0.419901 0.419901 0.419901 0.419901 0.419901 0.419901 0.419901 0.38 0.419901 0.419901 0.419901 0.419901 0.419901 0.419901 0.419901 0.419901 0.419901 0.380175 0.419901 0.419901 0.419901 0.419901 0.419901 0.419901 0.419901 0.419901 0.419901 0.38 0.419901 0.419901 0.419901 0.419901 0.419901 0.419901 0.419901 0.419901 0.419901 0.38 0.419901 0.419901 0.419901 0.419901 0.419901 0.419901 0.419901 0.419901 0.419901 0.38 0.419901 0.419901 0.419901 0.419901 0.419901 0.419901 0.419901 0.419901 0.419901 0.380417 0.419901 0.419901 0.419901 0.419901 0.419901 0.419901 0.419901 0.419901 0.419901 0.380015 0.419901 0.419901 0.419901 0.419901 0.419901 0.419901 0.419901 0.419901 0.419901 0.385061 0.419901 0.419901 0.419901 0.419901 0.419901 0.419901 0.419901 0.419901 0.419901 0.380001 0.419901 0.419901 0.419901 0.419901 0.419901 0.419901 0.419901 0.419901 0.419901 0.395389 0.419901 0.419901 0.419901 0.419901 0.419901 0.419901 0.419901 0.419901 0.419901 0.41968 0.419901 0.419901 0.419901 0.419901 0.419901 0.419901 0.419901 0.419901 0.419901 0.38 0.419901 0.419901 0.419901 0.419901 0.419901 0.419901 0.419901 0.419901 0.419901 0.380675 0.419901 0.419901 0.419901 0.419901 0.419901 0.419901 0.419901 0.419901 0.419901 0.4197 0.419901 0.419901 0.419901 0.419901 0.419901 0.419901 0.419901 0.419901 0.419901 0.417448 0.419901 0.419901 0.419901 0.418714 0.419901 0.419901 0.380002 0.419901 0.419901 0.419901 0.419901 0.419901 0.419901 0.38 0.419901 0.419901 0.380002 0.419901 0.419901 0.419901 0.419901 0.419901 0.419901 0.38 0.419901 0.419901 0.41248 0.419901 0.419901 0.419901 0.419901 0.419901 0.419901 0.38 0.419901 0.419901 0.417996 0.419901 0.419901 0.419901 0.419901 0.419901 0.419901 0.414027 0.419901 0.419901 0.417477 0.419901 0.419901 0.419901 0.419901 0.419901 0.419901 0.38 0.419901 0.419901 0.419252 0.419901 0.419901 0.419901 0.419901 0.419901 0.419901 0.38 0.419901 0.419901 0.393812 0.419901 0.419901 0.419901 0.419901 0.419901 0.419901 0.380002 0.419901 0.419901 0.380009 0.419901 0.419901 0.419901 0.419901 0.419901 0.419901 0.410483 0.419901 0.419901 0.38 0.419901 0.419901 0.419901 0.419901 0.419901 0.419901 0.380336 0.419901 0.419901 0.414981 0.419901 0.419901 0.419901 0.419901 0.419901 0.419901 0.419901 0.419901 0.419901 0.419901 0.419901 0.419901 0.419901 0.419901 0.419901 0.419901 0.419901 0.419901 0.419901 0.419901 0.419901 0.419901 0.419901 0.419901 0.419901 0.419901 0.419901 0.419901 0.419901 0.419901 0.419901 0.419901 0.419901 0.419901 0.419901 0.419901 0.419901 0.419901 0.419901 0.419901 0.419901 0.419901 0.419901 0.419901 0.419901 0.419901 0.419901 0.419901 0.419901 0.419901 0.419901 0.419901 0.419901 0.419901 0.419901 0.419901 0.419901 0.419901 0.419901 0.419901 0.419901 0.419901 0.419901 0.419901 0.419901 0.419901 0.419901 0.419901 0.419901 0.419901 0.419901 0.419901 0.419901 0.419901 0.419901 0.419901 0.419901 0.419901 0.419901 0.419901 0.419901 0.419901 0.419901 0.419901 0.419901 0.419901 0.419901 0.419901 0.419901 0.419901 0.419901 0.419901 0.419901 0.419901 0.419901 0.419901 0.419901 0.419901 0.419901 0.419901 0.419901 0.419901 0.419901 0.419901 0.419901 0.419901 0.419901 0.419901 0.419901 0.419901 0.419901 0.419901 0.381243 0.419901 0.419901 0.419901 0.419901 0.419901 0.419901 0.419901 0.419901 0.419901 0.413423 0.419901 0.419901 0.419901 0.419901 0.419901 0.419901 0.419901 0.419901 0.419901 0.38 0.419901 0.419901 0.419901 0.419901 0.419901 0.419901 0.419901 0.419901 0.419901 0.414326 0.419901 0.419901 0.419901 0.419901 0.419901 0.419901 0.419901 0.419901 0.419901 0.380081 0.419901 0.419901 0.419901 0.419901 0.419901 0.419901 0.419901 0.419901 0.419901 0.383634 0.419901 0.419901 0.419901 0.419901 0.419901 0.419901 0.419901 0.419901 0.419901 0.396848 0.419901 0.419901 0.419901 0.419901 0.419901 0.419901 0.419901 0.419901 0.419901 0.38 0.419901 0.419901 0.419901 0.419901 0.419901 0.419901 0.419901 0.419901 0.419901 0.380013 0.419901 0.419901 0.419901 0.419901 0.419901 0.419901 0.419901 0.419901 0.419901 0.393231 0.419901 0.419901 0.419901 0.413823 0.419901 0.419901 0.39853 0.419901 0.419901 0.419901 0.419901 0.419901 0.419901 0.380105 0.419901 0.419901 0.403253 0.419901 0.419901 0.419901 0.419901 0.419901 0.419901 0.387907 0.419901 0.419901 0.380031 0.419901 0.419901 0.419901 0.419901 0.419901 0.419901 0.419609 0.419901 0.419901 0.416034 0.419901 0.419901 0.419901 0.419901 0.419901 0.419901 0.380004 0.419901 0.419901 0.418981 0.419901 0.419901 0.419901 0.419901 0.419901 0.419901 0.38 0.419901 0.419901 0.381936 0.419901 0.419901 0.419901 0.419901 0.419901 0.419901 0.419789 0.419901 0.419901 0.418725 0.419901 0.419901 0.419901 0.419901 0.419901 0.419901 0.383368 0.419901 0.419901 0.385531 0.419901 0.419901 0.419901 0.419901 0.419901 0.419901 0.418934 0.419901 0.419901 0.38 0.419901 0.419901 0.419901 0.419901 0.419901 0.419901 0.418901 0.419901 0.419901 0.381822 0.419901 0.419901 0.419901 0.419901 0.419901 0.419901 0.419901 0.419901 0.419901 0.419901 0.419901 0.419901 0.419901 0.419901 0.419901 0.419901 0.419901 0.419901 0.419901 0.419901 0.419901 0.419901 0.419901 0.419901 0.419901 0.419901 0.419901 0.419901 0.419901 0.419901 0.419901 0.419901 0.419901 0.419901 0.419901 0.419901 0.419901 0.419901 0.419901 0.419901 0.419901 0.419901 0.419901 0.419901 0.419901 0.419901 0.419901 0.419901 0.419901 0.419901 0.419901 0.419901 0.419901 0.419901 0.419901 0.419901 0.419901 0.419901 0.419901 0.419901 0.419901 0.419901 0.419901 0.419901 0.419901 0.419901 0.419901 0.419901 0.419901 0.419901 0.419901 0.419901 0.419901 0.419901 0.419901 0.419901 0.419901 0.419901 0.419901 0.419901 0.419901 0.419901 0.419901 0.419901 0.419901 0.419901 0.419901 0.419901 0.419901 0.419901 0.419901 0.419901 0.419901 0.419901 0.419901 0.419901 0.419901 0.419901 0.419901 0.419901 0.419901 0.419901 0.419901 0.419901 0.419901 0.419901 0.419901 0.419901 0.419901 0.419901 0.419901 0.419901 0.386177 0.419901 0.419901 0.419901 0.419901 0.419901 0.419901 0.419901 0.419901 0.419901 0.409163 0.419901 0.419901 0.419901 0.419901 0.419901 0.419901 0.419901 0.419901 0.419901 0.397614 0.419901 0.419901 0.419901 0.419901 0.419901 0.419901 0.419901 0.419901 0.419901 0.392845 0.419901 0.419901 0.419901 0.419901 0.419901 0.419901 0.419901 0.419901 0.419901 0.419849 0.419901 0.419901 0.419901 0.419901 0.419901 0.419901 0.419901 0.419901 0.419901 0.394767 0.419901 0.419901 0.419901 0.419901 0.419901 0.419901 0.419901 0.419901 0.419901 0.380134 0.419901 0.419901 0.419901 0.419901 0.419901 0.419901 0.419901 0.419901 0.419901 0.38 0.419901 0.419901 0.419901 0.419901 0.419901 0.419901 0.419901 0.419901 0.419901 0.418483 0.419901 0.419901 0.419901 0.419901 0.419901 0.419901 0.419901 0.419901 0.419901 0.417664 0.419901 0.419901 0.419901 0.380089 0.419901 0.419901 0.383219 0.419901 0.419901 0.419901 0.419901 0.419901 0.419901 0.398511 0.419901 0.419901 0.380001 0.419901 0.419901 0.419901 0.419901 0.419901 0.419901 0.380062 0.419901 0.419901 0.380008 0.419901 0.419901 0.419901 0.419901 0.419901 0.419901 0.419028 0.419901 0.419901 0.419104 0.419901 0.419901 0.419901 0.419901 0.419901 0.419901 0.38 0.419901 0.419901 0.419157 0.419901 0.419901 0.419901 0.419901 0.419901 0.419901 0.397081 0.419901 0.419901 0.38 0.419901 0.419901 0.419901 0.419901 0.419901 0.419901 0.380274 0.419901 0.419901 0.380036 0.419901 0.419901 0.419901 0.419901 0.419901 0.419901 0.380003 0.419901 0.419901 0.419252 0.419901 0.419901 0.419901 0.419901 0.419901 0.419901 0.418838 0.419901 0.419901 0.38 0.419901 0.419901 0.419901 0.419901 0.419901 0.419901 0.380001 0.419901 0.419901 0.400899 0.419901 0.419901 0.419901 0.419901 0.419901 0.419901 0.419901 0.419901 0.419901 0.419901 0.419901 0.419901 0.419901 0.419901 0.419901 0.419901 0.419901 0.419901 0.419901 0.419901 0.419901 0.419901 0.419901 0.419901 0.419901 0.419901 0.419901 0.419901 0.419901 0.419901 0.419901 0.419901 0.419901 0.419901 0.419901 0.419901 0.419901 0.419901 0.419901 0.419901 0.419901 0.419901 0.419901 0.419901 0.419901 0.419901 0.419901 0.419901 0.419901 0.419901 0.419901 0.419901 0.419901 0.419901 0.419901 0.419901 0.419901 0.419901 0.419901 0.419901 0.419901 0.419901 0.419901 0.419901 0.419901 0.419901 0.419901 0.419901 0.419901 0.419901 0.419901 0.419901 0.419901 0.419901 0.419901 0.419901 0.419901 0.419901 0.419901 0.419901 0.419901 0.419901 0.419901 0.419901 0.419901 0.419901 0.419901 0.419901 0.419901 0.419901 0.419901 0.419901 0.419901 0.419901 0.419901 0.419901 0.419901 0.419901 0.419901 0.419901 0.419901 0.419901 0.419901 0.419901 0.419901 0.419901 0.419901 0.419901 0.419901 0.419901 0.419901 0.419901 0.38 0.419901 0.419901 0.419901 0.419901 0.419901 0.419901 0.419901 0.419901 0.419901 0.38 0.419901 0.419901 0.419901 0.419901 0.419901 0.419901 0.419901 0.419901 0.419901 0.406565 0.419901 0.419901 0.419901 0.419901 0.419901 0.419901 0.419901 0.419901 0.419901 0.38 0.419901 0.419901 0.419901 0.419901 0.419901 0.419901 0.419901 0.419901 0.419901 0.413613 0.419901 0.419901 0.419901 0.419901 0.419901 0.419901 0.419901 0.419901 0.419901 0.419584 0.419901 0.419901 0.419901 0.419901 0.419901 0.419901 0.419901 0.419901 0.419901 0.381971 0.419901 0.419901 0.419901 0.419901 0.419901 0.419901 0.419901 0.419901 0.419901 0.380001 0.419901 0.419901 0.419901 0.419901 0.419901 0.419901 0.419901 0.419901 0.419901 0.38 0.419901 0.419901 0.419901 0.419901 0.419901 0.419901 0.419901 0.419901 0.419901 0.419372 0.419901 0.419901 0.419901 0.419901 0.419901 0.419901 0.419901 0.419901 0.419901 0.398511 0.419901 0.419901 0.419901 0.419901 0.419901 0.419901 0.419901 0.419901 0.419901 0.401789 0.419901 0.419901 0.419901 0.419901 0.419901 0.419901 0.419901 0.419901 0.419901 0.381235 0.419901 0.419901 0.419901 0.419901 0.419901 0.419901 0.419901 0.419901 0.419901 0.402586 0.419901 0.419901 0.419901 0.419901 0.419901 0.419901 0.419901 0.419901 0.419901 0.38 0.419901 0.419901 0.419901 0.419901 0.419901 0.419901 0.419901 0.419901 0.419901 0.38 0.419901 0.419901 0.419901 0.419901 0.419901 0.419901 0.419901 0.419901 0.419901 0.380024 0.419901 0.419901 0.419901 0.419901 0.419901 0.419901 0.419901 0.419901 0.419901 0.416243 0.419901 0.419901 0.419901 0.419901 0.419901 0.419901 0.419901 0.419901 0.419901 0.380001 0.419901 0.419901 0.419901 0.419901 0.419901 0.419901 0.419901 0.419901 0.419901 0.380001 0.419901 0.419901 0.419901 0.408899 0.419901 0.419901 0.416165 0.419901 0.419901 0.419901 0.419901 0.419901 0.419901 0.419836 0.419901 0.419901 0.38 0.419901 0.419901 0.419901 0.419901 0.419901 0.419901 0.380012 0.419901 0.419901 0.38 0.419901 0.419901 0.419901 0.419901 0.419901 0.419901 0.38 0.419901 0.419901 0.380008 0.419901 0.419901 0.419901 0.419901 0.419901 0.419901 0.38 0.419901 0.419901 0.419467 0.419901 0.419901 0.419901 0.419901 0.419901 0.419901 0.408188 0.419901 0.419901 0.419054 0.419901 0.419901 0.419901 0.419901 0.419901 0.419901 0.413223 0.419901 0.419901 0.380081 0.419901 0.419901 0.419901 0.419901 0.419901 0.419901 0.419654 0.419901 0.419901 0.38 0.419901 0.419901 0.419901 0.419901 0.419901 0.419901 0.380675 0.419901 0.419901 0.408893 0.419901 0.419901 0.419901 0.419901 0.419901 0.419901 0.419526 0.419901 0.419901 0.416165 0.419901 0.419901 0.419901 0.419901 0.419901 0.419901 0.419901 0.419901 0.419901 0.419901 0.419901 0.419901 0.419901 0.419901 0.419901 0.419901 0.419901 0.419901 0.419901 0.419901 0.419901 0.419901 0.419901 0.419901 0.419901 0.419901 0.419901 0.419901 0.419901 0.419901 0.419901 0.419901 0.419901 0.419901 0.419901 0.419901 0.419901 0.419901 0.419901 0.419901 0.419901 0.419901 0.419901 0.419901 0.419901 0.419901 0.419901 0.419901 0.419901 0.419901 0.419901 0.419901 0.419901 0.419901 0.419901 0.419901 0.419901 0.419901 0.419901 0.419901 0.419901 0.419901 0.419901 0.419901 0.419901 0.419901 0.419901 0.419901 0.419901 0.419901 0.419901 0.419901 0.419901 0.419901 0.419901 0.419901 0.419901 0.419901 0.419901 0.419901 0.419901 0.419901 0.419901 0.419901 0.419901 0.419901 0.419901 0.419901 0.419901 0.419901 0.419901 0.419901 0.419901 0.419901 0.419901 0.419901 0.419901 0.419901 0.419901 0.419901 0.419901 0.419901 0.419901 0.419901 0.419901 0.419901 0.419901 0.419901 0.419901 0.419901 0.419901 0.419901 0.38 0.419901 0.419901 0.419901 0.419901 0.419901 0.419901 0.419901 0.419901 0.419901 0.419195 0.419901 0.419901 0.419901 0.419901 0.419901 0.419901 0.419901 0.419901 0.419901 0.38 0.419901 0.419901 0.419901 0.419901 0.419901 0.419901 0.419901 0.419901 0.419901 0.415941 0.419901 0.419901 0.419901 0.419901 0.419901 0.419901 0.419901 0.419901 0.419901 0.419801 0.419901 0.419901 0.419901 0.419901 0.419901 0.419901 0.419901 0.419901 0.419901 0.416358 0.419901 0.419901 0.419901 0.419901 0.419901 0.419901 0.419901 0.419901 0.419901 0.418197 0.419901 0.419901 0.419901 0.419901 0.419901 0.419901 0.419901 0.419901 0.419901 0.404083 0.419901 0.419901 0.419901 0.419901 0.419901 0.419901 0.419901 0.419901 0.419901 0.382281 0.419901 0.419901 0.419901 0.419901 0.419901 0.419901 0.419901 0.419901 0.419901 0.38 0.419901 0.419901 0.419901 0.38 0.419901 0.419901 0.383272 0.419901 0.419901 0.419901 0.419901 0.419901 0.419901 0.38 0.419901 0.419901 0.38 0.419901 0.419901 0.419901 0.419901 0.419901 0.419901 0.38 0.419901 0.419901 0.419569 0.419901 0.419901 0.419901 0.419901 0.419901 0.419901 0.380422 0.419901 0.419901 0.38 0.419901 0.419901 0.419901 0.419901 0.419901 0.419901 0.38 0.419901 0.419901 0.403485 0.419901 0.419901 0.419901 0.419901 0.419901 0.419901 0.38 0.419901 0.419901 0.399405 0.419901 0.419901 0.419901 0.419901 0.419901 0.419901 0.38 0.419901 0.419901 0.38 0.419901 0.419901 0.419901 0.419901 0.419901 0.419901 0.408867 0.419901 0.419901 0.38 0.419901 0.419901 0.419901 0.419901 0.419901 0.419901 0.388319 0.419901 0.419901 0.38 0.419901 0.419901 0.419901 0.419901 0.419901 0.419901 0.406711 0.419901 0.419901 0.418835 0.419901 0.419901 0.419901 0.419901 0.419901 0.419901 0.419901 0.419901 0.419901 0.419901 0.419901 0.419901 0.419901 0.419901 0.419901 0.419901 0.419901 0.419901 0.419901 0.419901 0.419901 0.419901 0.419901 0.419901 0.419901 0.419901 0.419901 0.419901 0.419901 0.419901 0.419901 0.419901 0.419901 0.419901 0.419901 0.419901 0.419901 0.419901 0.419901 0.419901 0.419901 0.419901 0.419901 0.419901 0.419901 0.419901 0.419901 0.419901 0.419901 0.419901 0.419901 0.419901 0.419901 0.419901 0.419901 0.419901 0.419901 0.419901 0.419901 0.419901 0.419901 0.419901 0.419901 0.419901 0.419901 0.419901 0.419901 0.419901 0.419901 0.419901 0.419901 0.419901 0.419901 0.419901 0.419901 0.419901 0.419901 0.419901 0.419901 0.419901 0.419901 0.419901 0.419901 0.419901 0.419901 0.419901 0.419901 0.419901 0.419901 0.419901 0.419901 0.419901 0.419901 0.419901 0.419901 0.419901 0.419901 0.419901 0.419901 0.419901 0.419901 0.419901 0.419901 0.419901 0.419901 0.419901 0.419901 0.419901 0.419901 0.419901 0.419901 0.419901 0.399413 0.419901 0.419901 0.419901 0.419901 0.419901 0.419901 0.419901 0.419901 0.419901 0.38 0.419901 0.419901 0.419901 0.419901 0.419901 0.419901 0.419901 0.419901 0.419901 0.380002 0.419901 0.419901 0.419901 0.419901 0.419901 0.419901 0.419901 0.419901 0.419901 0.382702 0.419901 0.419901 0.419901 0.419901 0.419901 0.419901 0.419901 0.419901 0.419901 0.38002 0.419901 0.419901 0.419901 0.419901 0.419901 0.419901 0.419901 0.419901 0.419901 0.392639 0.419901 0.419901 0.419901 0.419901 0.419901 0.419901 0.419901 0.419901 0.419901 0.380171 0.419901 0.419901 0.419901 0.419901 0.419901 0.419901 0.419901 0.419901 0.419901 0.38 0.419901 0.419901 0.419901 0.419901 0.419901 0.419901 0.419901 0.419901 0.419901 0.380794 0.419901 0.419901 0.419901 0.419901 0.419901 0.419901 0.419901 0.419901 0.419901 0.381071 0.419901 0.419901 0.419901 0.419808 0.419901 0.419901 0.404139 0.419901 0.419901 0.419901 0.419901 0.419901 0.419901 0.38 0.419901 0.419901 0.38 0.419901 0.419901 0.419901 0.419901 0.419901 0.419901 0.407915 0.419901 0.419901 0.38 0.419901 0.419901 0.419901 0.419901 0.419901 0.419901 0.38 0.419901 0.419901 0.380068 0.419901 0.419901 0.419901 0.419901 0.419901 0.419901 0.38 0.419901 0.419901 0.380022 0.419901 0.419901 0.419901 0.419901 0.419901 0.419901 0.383939 0.419901 0.419901 0.408969 0.419901 0.419901 0.419901 0.419901 0.419901 0.419901 0.38 0.419901 0.419901 0.412066 0.419901 0.419901 0.419901 0.419901 0.419901 0.419901 0.38 0.419901 0.419901 0.419409 0.419901 0.419901 0.419901 0.419901 0.419901 0.419901 0.382739 0.419901 0.419901 0.380001 0.419901 0.419901 0.419901 0.419901 0.419901 0.419901 0.380007 0.419901 0.419901 0.38 0.419901 0.419901 0.419901 0.419901 0.419901 0.419901 0.419901 0.419901 0.419901 0.419901 0.419901 0.419901 0.419901 0.419901 0.419901 0.419901 0.419901 0.419901 0.419901 0.419901 0.419901 0.419901 0.419901 0.419901 0.419901 0.419901 0.419901 0.419901 0.419901 0.419901 0.419901 0.419901 0.419901 0.419901 0.419901 0.419901 0.419901 0.419901 0.419901 0.419901 0.419901 0.419901 0.419901 0.419901 0.419901 0.419901 0.419901 0.419901 0.419901 0.419901 0.419901 0.419901 0.419901 0.419901 0.419901 0.419901 0.419901 0.419901 0.419901 0.419901 0.419901 0.419901 0.419901 0.419901 0.419901 0.419901 0.419901 0.419901 0.419901 0.419901 0.419901 0.419901 0.419901 0.419901 0.419901 0.419901 0.419901 0.419901 0.419901 0.419901 0.419901 0.419901 0.419901 0.419901 0.419901 0.419901 0.419901 0.419901 0.419901 0.419901 0.419901 0.419901 0.419901 0.419901 0.419901 0.419901 0.419901 0.419901 0.419901 0.419901 0.419901 0.419901 0.419901 0.419901 0.419901 0.419901 0.419901 0.419901 0.419901 0.419901 0.419901 0.419901 0.401333 0.419901 0.419901 0.419901 0.419901 0.419901 0.419901 0.419901 0.419901 0.419901 0.381195 0.419901 0.419901 0.419901 0.419901 0.419901 0.419901 0.419901 0.419901 0.419901 0.380091 0.419901 0.419901 0.419901 0.419901 0.419901 0.419901 0.419901 0.419901 0.419901 0.38 0.419901 0.419901 0.419901 0.419901 0.419901 0.419901 0.419901 0.419901 0.419901 0.419146 0.419901 0.419901 0.419901 0.419901 0.419901 0.419901 0.419901 0.419901 0.419901 0.384805 0.419901 0.419901 0.419901 0.419901 0.419901 0.419901 0.419901 0.419901 0.419901 0.384282 0.419901 0.419901 0.419901 0.419901 0.419901 0.419901 0.419901 0.419901 0.419901 0.419583 0.419901 0.419901 0.419901 0.419901 0.419901 0.419901 0.419901 0.419901 0.419901 0.38127 0.419901 0.419901 0.419901 0.419901 0.419901 0.419901 0.419901 0.419901 0.419901 0.38 0.419901 0.419901 0.419901 0.419901 0.419901 0.419901 0.419901 0.419901 0.419901 0.380845 0.419901 0.419901 0.419901 0.419901 0.419901 0.419901 0.419901 0.419901 0.419901 0.38 0.419901 0.419901 0.419901 0.419901 0.419901 0.419901 0.419901 0.419901 0.419901 0.419104 0.419901 0.419901 0.419901 0.419901 0.419901 0.419901 0.419901 0.419901 0.419901 0.38 0.419901 0.419901 0.419901 0.419901 0.419901 0.419901 0.419901 0.419901 0.419901 0.410442 0.419901 0.419901 0.419901 0.419901 0.419901 0.419901 0.419901 0.419901 0.419901 0.380021 0.419901 0.419901 0.419901 0.419901 0.419901 0.419901 0.419901 0.419901 0.419901 0.414002 0.419901 0.419901 0.419901 0.419901 0.419901 0.419901 0.419901 0.419901 0.419901 0.38 0.419901 0.419901 0.419901 0.419901 0.419901 0.419901 0.419901 0.419901 0.419901 0.419702 0.419901 0.419901 0.419901 0.419901 0.419901 0.419901 0.419901 0.419901 0.419901 0.408606 0.419901 0.419901 0.419901 0.381432 0.419901 0.419901 0.380044 0.419901 0.419901 0.419901 0.419901 0.419901 0.419901 0.414628 0.419901 0.419901 0.38 0.419901 0.419901 0.419901 0.419901 0.419901 0.419901 0.397081 0.419901 0.419901 0.38 0.419901 0.419901 0.419901 0.419901 0.419901 0.419901 0.380012 0.419901 0.419901 0.380168 0.419901 0.419901 0.419901 0.419901 0.419901 0.419901 0.419725 0.419901 0.419901 0.38 0.419901 0.419901 0.419901 0.419901 0.419901 0.419901 0.395949 0.419901 0.419901 0.380126 0.419901 0.419901 0.419901 0.419901 0.419901 0.419901 0.380002 0.419901 0.419901 0.38 0.419901 0.419901 0.419901 0.419901 0.419901 0.419901 0.382853 0.419901 0.419901 0.394179 0.419901 0.419901 0.419901 0.419901 0.419901 0.419901 0.380008 0.419901 0.419901 0.380393 0.419901 0.419901 0.419901 0.419901 0.419901 0.419901 0.380001 0.419901 0.419901 0.418324 0.419901 0.419901 0.419901 0.419901 0.419901 0.419901 0.419901 0.419901 0.419901 0.419901 0.419901 0.419901 0.419901 0.419901 0.419901 0.419901 0.419901 0.419901 0.419901 0.419901 0.419901 0.419901 0.419901 0.419901 0.419901 0.419901 0.419901 0.419901 0.419901 0.419901 0.419901 0.419901 0.419901 0.419901 0.419901 0.419901 0.419901 0.419901 0.419901 0.419901 0.419901 0.419901 0.419901 0.419901 0.419901 0.419901 0.419901 0.419901 0.419901 0.419901 0.419901 0.419901 0.419901 0.419901 0.419901 0.419901 0.419901 0.419901 0.419901 0.419901 0.419901 0.419901 0.419901 0.419901 0.419901 0.419901 0.419901 0.419901 0.419901 0.419901 0.419901 0.419901 0.419901 0.419901 0.419901 0.419901 0.419901 0.419901 0.419901 0.419901 0.419901 0.419901 0.419901 0.419901 0.419901 0.419901 0.419901 0.419901 0.419901 0.419901 0.419901 0.419901 0.419901 0.419901 0.419901 0.419901 0.419901 0.419901 0.419901 0.419901 0.419901 0.419901 0.419901 0.419901 0.419901 0.419901 0.419901 0.419901 0.419901 0.419901 0.419901 0.419901 0.414606 0.419901 0.419901 0.419901 0.419901 0.419901 0.419901 0.419901 0.419901 0.419901 0.412108 0.419901 0.419901 0.419901 0.419901 0.419901 0.419901 0.419901 0.419901 0.419901 0.38 0.419901 0.419901 0.419901 0.419901 0.419901 0.419901 0.419901 0.419901 0.419901 0.419153 0.419901 0.419901 0.419901 0.419901 0.419901 0.419901 0.419901 0.419901 0.419901 0.383756 0.419901 0.419901 0.419901 0.419901 0.419901 0.419901 0.419901 0.419901 0.419901 0.380102 0.419901 0.419901 0.419901 0.419901 0.419901 0.419901 0.419901 0.419901 0.419901 0.41575 0.419901 0.419901 0.419901 0.419901 0.419901 0.419901 0.419901 0.419901 0.419901 0.38 0.419901 0.419901 0.419901 0.419901 0.419901 0.419901 0.419901 0.419901 0.419901 0.419359 0.419901 0.419901 0.419901 0.419901 0.419901 0.419901 0.419901 0.419901 0.419901 0.418029 0.419901 0.419901 0.419901 0.384899 0.419901 0.419901 0.412594 0.419901 0.419901 0.419901 0.419901 0.419901 0.419901 0.38 0.419901 0.419901 0.381953 0.419901 0.419901 0.419901 0.419901 0.419901 0.419901 0.38003 0.419901 0.419901 0.38 0.419901 0.419901 0.419901 0.419901 0.419901 0.419901 0.38 0.419901 0.419901 0.38825 0.419901 0.419901 0.419901 0.419901 0.419901 0.419901 0.41925 0.419901 0.419901 0.38 0.419901 0.419901 0.419901 0.419901 0.419901 0.419901 0.414862 0.419901 0.419901 0.381857 0.419901 0.419901 0.419901 0.419901 0.419901 0.419901 0.413987 0.419901 0.419901 0.390958 0.419901 0.419901 0.419901 0.419901 0.419901 0.419901 0.417422 0.419901 0.419901 0.404569 0.419901 0.419901 0.419901 0.419901 0.419901 0.419901 0.38 0.419901 0.419901 0.414101 0.419901 0.419901 0.419901 0.419901 0.419901 0.419901 0.380059 0.419901 0.419901 0.38 0.419901 0.419901 0.419901 0.419901 0.419901 0.419901 0.419901 0.419901 0.419901 0.419901 0.419901 0.419901 0.419901 0.419901 0.419901 0.419901 0.419901 0.419901 0.419901 0.419901 0.419901 0.419901 0.419901 0.419901 0.419901 0.419901 0.419901 0.419901 0.419901 0.419901 0.419901 0.419901 0.419901 0.419901 0.419901 0.419901 0.419901 0.419901 0.419901 0.419901 0.419901 0.419901 0.419901 0.419901 0.419901 0.419901 0.419901 0.419901 0.419901 0.419901 0.419901 0.419901 0.419901 0.419901 0.419901 0.419901 0.419901 0.419901 0.419901 0.419901 0.419901 0.419901 0.419901 0.419901 0.419901 0.419901 0.419901 0.419901 0.419901 0.419901 0.419901 0.419901 0.419901 0.419901 0.419901 0.419901 0.419901 0.419901 0.419901 0.419901 0.419901 0.419901 0.419901 0.419901 0.419901 0.419901 0.419901 0.419901 0.419901 0.419901 0.419901 0.419901 0.419901 0.419901 0.419901 0.419901 0.419901 0.419901 0.419901 0.419901 0.419901 0.419901 0.419901 0.419901 0.419901 0.419901 0.419901 0.419901 0.419901 0.419901 0.419901 0.419901 0.41968 0.419901 0.419901 0.419901 0.419901 0.419901 0.419901 0.419901 0.419901 0.419901 0.408432 0.419901 0.419901 0.419901 0.419901 0.419901 0.419901 0.419901 0.419901 0.419901 0.380162 0.419901 0.419901 0.419901 0.419901 0.419901 0.419901 0.419901 0.419901 0.419901 0.380191 0.419901 0.419901 0.419901 0.419901 0.419901 0.419901 0.419901 0.419901 0.419901 0.380001 0.419901 0.419901 0.419901 0.419901 0.419901 0.419901 0.419901 0.419901 0.419901 0.380169 0.419901 0.419901 0.419901 0.419901 0.419901 0.419901 0.419901 0.419901 0.419901 0.409979 0.419901 0.419901 0.419901 0.419901 0.419901 0.419901 0.419901 0.419901 0.419901 0.417466 0.419901 0.419901 0.419901 0.419901 0.419901 0.419901 0.419901 0.419901 0.419901 0.380012 0.419901 0.419901 0.419901 0.419901 0.419901 0.419901 0.419901 0.419901 0.419901 0.38 0.419901 0.419901 0.419901 0.38 0.419901 0.419901 0.419089 0.419901 0.419901 0.419901 0.419901 0.419901 0.419901 0.380185 0.419901 0.419901 0.419825 0.419901 0.419901 0.419901 0.419901 0.419901 0.419901 0.38 0.419901 0.419901 0.416034 0.419901 0.419901 0.419901 0.419901 0.419901 0.419901 0.38 0.419901 0.419901 0.419716 0.419901 0.419901 0.419901 0.419901 0.419901 0.419901 0.398818 0.419901 0.419901 0.380006 0.419901 0.419901 0.419901 0.419901 0.419901 0.419901 0.406855 0.419901 0.419901 0.38 0.419901 0.419901 0.419901 0.419901 0.419901 0.419901 0.380015 0.419901 0.419901 0.38 0.419901 0.419901 0.419901 0.419901 0.419901 0.419901 0.38032 0.419901 0.419901 0.419453 0.419901 0.419901 0.419901 0.419901 0.419901 0.419901 0.380199 0.419901 0.419901 0.38 0.419901 0.419901 0.419901 0.419901 0.419901 0.419901 0.380002 0.419901 0.419901 0.38 0.419901 0.419901 0.419901 0.419901 0.419901 0.419901 0.419901 0.419901 0.419901 0.419901 0.419901 0.419901 0.419901 0.419901 0.419901 0.419901 0.419901 0.419901 0.419901 0.419901 0.419901 0.419901 0.419901 0.419901 0.419901 0.419901 0.419901 0.419901 0.419901 0.419901 0.419901 0.419901 0.419901 0.419901 0.419901 0.419901 0.419901 0.419901 0.419901 0.419901 0.419901 0.419901 0.419901 0.419901 0.419901 0.419901 0.419901 0.419901 0.419901 0.419901 0.419901 0.419901 0.419901 0.419901 0.419901 0.419901 0.419901 0.419901 0.419901 0.419901 0.419901 0.419901 0.419901 0.419901 0.419901 0.419901 0.419901 0.419901 0.419901 0.419901 0.419901 0.419901 0.419901 0.419901 0.419901 0.419901 0.419901 0.419901 0.419901 0.419901 0.419901 0.419901 0.419901 0.419901 0.419901 0.419901 0.419901 0.419901 0.419901 0.419901 0.419901 0.419901 0.419901 0.419901 0.419901 0.419901 0.419901 0.419901 0.419901 0.419901 0.419901 0.419901 0.419901 0.419901 0.419901 0.419901 0.419901 0.419901 0.419901 0.419901 0.419901 0.419901 0.417052 0.419901 0.419901 0.419901 0.419901 0.419901 0.419901 0.419901 0.419901 0.419901 0.383492 0.419901 0.419901 0.419901 0.419901 0.419901 0.419901 0.419901 0.419901 0.419901 0.419783 0.419901 0.419901 0.419901 0.419901 0.419901 0.419901 0.419901 0.419901 0.419901 0.406324 0.419901 0.419901 0.419901 0.419901 0.419901 0.419901 0.419901 0.419901 0.419901 0.38 0.419901 0.419901 0.419901 0.419901 0.419901 0.419901 0.419901 0.419901 0.419901 0.38 0.419901 0.419901 0.419901 0.419901 0.419901 0.419901 0.419901 0.419901 0.419901 0.380008 0.419901 0.419901 0.419901 0.419901 0.419901 0.419901 0.419901 0.419901 0.419901 0.38 0.419901 0.419901 0.419901 0.419901 0.419901 0.419901 0.419901 0.419901 0.419901 0.380078 0.419901 0.419901 0.419901 0.419901 0.419901 0.419901 0.419901 0.419901 0.419901 0.419521 0.419901 0.419901 
0.429852 0.429852 0.429852 0.429852 0.429852 0.429852 0.429852 0.40588 0.429852 0.429852 0.429852 0.429852 0.429852 0.429852 0.429852 0.429852 0.429852 0.37 0.429852 0.429852 0.429852 0.429852 0.429852 0.429852 0.429852 0.429852 0.429852 0.370002 0.429852 0.429852 0.429852 0.429852 0.429852 0.429852 0.429852 0.429852 0.429852 0.429605 0.429852 0.429852 0.429852 0.429852 0.429852 0.429852 0.429852 0.429852 0.429852 0.370117 0.429852 0.429852 0.429852 0.429852 0.429852 0.429852 0.429852 0.429852 0.429852 0.370014 0.429852 0.429852 0.429852 0.429852 0.429852 0.429852 0.429852 0.429852 0.429852 0.370019 0.429852 0.429852 0.429852 0.429852 0.429852 0.429852 0.429852 0.429852 0.429852 0.429468 0.429852 0.429852 0.429852 0.429852 0.429852 0.429852 0.429852 0.429852 0.429852 0.42797 0.429852 0.429852 0.429852 0.429852 0.429852 0.429852 0.429852 0.429852 0.429852 0.370017 0.429852 0.429852 0.429852 0.417576 0.429852 0.429852 0.37 0.429852 0.429852 0.429852 0.429852 0.429852 0.429852 0.394953 0.429852 0.429852 0.388899 0.429852 0.429852 0.429852 0.429852 0.429852 0.429852 0.370139 0.429852 0.429852 0.370001 0.429852 0.429852 0.429852 0.429852 0.429852 0.429852 0.428209 0.429852 0.429852 0.37 0.429852 0.429852 0.429852 0.429852 0.429852 0.429852 0.426978 0.429852 0.429852 0.374254 0.429852 0.429852 0.429852 0.429852 0.429852 0.429852 0.426891 0.429852 0.429852 0.37002 0.429852 0.429852 0.429852 0.429852 0.429852 0.429852 0.370296 0.429852 0.429852 0.37006 0.429852 0.429852 0.429852 0.429852 0.429852 0.429852 0.373073 0.429852 0.429852 0.37 0.429852 0.429852 0.429852 0.429852 0.429852 0.429852 0.42958 0.429852 0.429852 0.42707 0.429852 0.429852 0.429852 0.429852 0.429852 0.429852 0.37 0.429852 0.429852 0.370001 0.429852 0.429852 0.429852 0.429852 0.429852 0.429852 0.429852 0.429852 0.429852 0.429852 0.429852 0.429852 0.429852 0.429852 0.429852 0.429852 0.429852 0.429852 0.429852 0.429852 0.429852 0.429852 0.429852 0.429852 0.429852 0.429852 0.429852 0.429852 0.429852 0.429852 0.429852 0.429852 0.429852 0.429852 0.429852 0.429852 0.429852 0.429852 0.429852 0.429852 0.429852 0.429852 0.429852 0.429852 0.429852 0.429852 0.429852 0.429852 0.429852 0.429852 0.429852 0.429852 0.429852 0.429852 0.429852 0.429852 0.429852 0.429852 0.429852 0.429852 0.429852 0.429852 0.429852 0.429852 0.429852 0.429852 0.429852 0.429852 0.429852 0.429852 0.429852 0.429852 0.429852 0.429852 0.429852 0.429852 0.429852 0.429852 0.429852 0.429852 0.429852 0.429852 0.429852 0.429852 0.429852 0.429852 0.429852 0.429852 0.429852 0.429852 0.429852 0.429852 0.429852 0.429852 0.429852 0.429852 0.429852 0.429852 0.429852 0.429852 0.429852 0.429852 0.429852 0.429852 0.429852 0.429852 0.429852 0.429852 0.429852 0.429852 0.429852 0.429852 0.37 0.429852 0.429852 0.429852 0.429852 0.429852 0.429852 0.429852 0.429852 0.429852 0.423325 0.429852 0.429852 0.429852 0.429852 0.429852 0.429852 0.429852 0.429852 0.429852 0.37 0.429852 0.429852 0.429852 0.429852 0.429852 0.429852 0.429852 0.429852 0.429852 0.37 0.429852 0.429852 0.429852 0.429852 0.429852 0.429852 0.429852 0.429852 0.429852 0.427094 0.429852 0.429852 0.429852 0.429852 0.429852 0.429852 0.429852 0.429852 0.429852 0.3789 0.429852 0.429852 0.429852 0.429852 0.429852 0.429852 0.429852 0.429852 0.429852 0.37 0.429852 0.429852 0.429852 0.429852 0.429852 0.429852 0.429852 0.429852 0.429852 0.381987 0.429852 0.429852 0.429852 0.429852 0.429852 0.429852 0.429852 0.429852 0.429852 0.4298 0.429852 0.429852 0.429852 0.429852 0.429852 0.429852 0.429852 0.429852 0.429852 0.429478 0.429852 0.429852 0.429852 0.399967 0.429852 0.429852 0.395242 0.429852 0.429852 0.429852 0.429852 0.429852 0.429852 0.37 0.429852 0.429852 0.370019 0.429852 0.429852 0.429852 0.429852 0.429852 0.429852 0.376143 0.429852 0.429852 0.412168 0.429852 0.429852 0.429852 0.429852 0.429852 0.429852 0.370393 0.429852 0.429852 0.403808 0.429852 0.429852 0.429852 0.429852 0.429852 0.429852 0.37 0.429852 0.429852 0.411495 0.429852 0.429852 0.429852 0.429852 0.429852 0.429852 0.42852 0.429852 0.429852 0.426425 0.429852 0.429852 0.429852 0.429852 0.429852 0.429852 0.37 0.429852 0.429852 0.370042 0.429852 0.429852 0.429852 0.429852 0.429852 0.429852 0.37 0.429852 0.429852 0.37 0.429852 0.429852 0.429852 0.429852 0.429852 0.429852 0.416967 0.429852 0.429852 0.403602 0.429852 0.429852 0.429852 0.429852 0.429852 0.429852 0.37 0.429852 0.429852 0.370009 0.429852 0.429852 0.429852 0.429852 0.429852 0.429852 0.429852 0.429852 0.429852 0.429852 0.429852 0.429852 0.429852 0.429852 0.429852 0.429852 0.429852 0.429852 0.429852 0.429852 0.429852 0.429852 0.429852 0.429852 0.429852 0.429852 0.429852 0.429852 0.429852 0.429852 0.429852 0.429852 0.429852 0.429852 0.429852 0.429852 0.429852 0.429852 0.429852 0.429852 0.429852 0.429852 0.429852 0.429852 0.429852 0.429852 0.429852 0.429852 0.429852 0.429852 0.429852 0.429852 0.429852 0.429852 0.429852 0.429852 0.429852 0.429852 0.429852 0.429852 0.429852 0.429852 0.429852 0.429852 0.429852 0.429852 0.429852 0.429852 0.429852 0.429852 0.429852 0.429852 0.429852 0.429852 0.429852 0.429852 0.429852 0.429852 0.429852 0.429852 0.429852 0.429852 0.429852 0.429852 0.429852 0.429852 0.429852 0.429852 0.429852 0.429852 0.429852 0.429852 0.429852 0.429852 0.429852 0.429852 0.429852 0.429852 0.429852 0.429852 0.429852 0.429852 0.429852 0.429852 0.429852 0.429852 0.429852 0.429852 0.429852 0.429852 0.429852 0.429852 0.370008 0.429852 0.429852 0.429852 0.429852 0.429852 0.429852 0.429852 0.429852 0.429852 0.37 0.429852 0.429852 0.429852 0.429852 0.429852 0.429852 0.429852 0.429852 0.429852 0.37 0.429852 0.429852 0.429852 0.429852 0.429852 0.429852 0.429852 0.429852 0.429852 0.370034 0.429852 0.429852 0.429852 0.429852 0.429852 0.429852 0.429852 0.429852 0.429852 0.416091 0.429852 0.429852 0.429852 0.429852 0.429852 0.429852 0.429852 0.429852 0.429852 0.429665 0.429852 0.429852 0.429852 0.429852 0.429852 0.429852 0.429852 0.429852 0.429852 0.370822 0.429852 0.429852 0.429852 0.429852 0.429852 0.429852 0.429852 0.429852 0.429852 0.409411 0.429852 0.429852 0.429852 0.429852 0.429852 0.429852 0.429852 0.429852 0.429852 0.37 0.429852 0.429852 0.429852 0.429852 0.429852 0.429852 0.429852 0.429852 0.429852 0.370148 0.429852 0.429852 0.429852 0.37 0.429852 0.429852 0.371116 0.429852 0.429852 0.429852 0.429852 0.429852 0.429852 0.374646 0.429852 0.429852 0.370009 0.429852 0.429852 0.429852 0.429852 0.429852 0.429852 0.425324 0.429852 0.429852 0.419695 0.429852 0.429852 0.429852 0.429852 0.429852 0.429852 0.419165 0.429852 0.429852 0.429076 0.429852 0.429852 0.429852 0.429852 0.429852 0.429852 0.403535 0.429852 0.429852 0.37 0.429852 0.429852 0.429852 0.429852 0.429852 0.429852 0.37 0.429852 0.429852 0.371649 0.429852 0.429852 0.429852 0.429852 0.429852 0.429852 0.370113 0.429852 0.429852 0.37 0.429852 0.429852 0.429852 0.429852 0.429852 0.429852 0.429612 0.429852 0.429852 0.370079 0.429852 0.429852 0.429852 0.429852 0.429852 0.429852 0.37 0.429852 0.429852 0.37 0.429852 0.429852 0.429852 0.429852 0.429852 0.429852 0.37 0.429852 0.429852 0.414194 0.429852 0.429852 0.429852 0.429852 0.429852 0.429852 0.429852 0.429852 0.429852 0.429852 0.429852 0.429852 0.429852 0.429852 0.429852 0.429852 0.429852 0.429852 0.429852 0.429852 0.429852 0.429852 0.429852 0.429852 0.429852 0.429852 0.429852 0.429852 0.429852 0.429852 0.429852 0.429852 0.429852 0.429852 0.429852 0.429852 0.429852 0.429852 0.429852 0.429852 0.429852 0.429852 0.429852 0.429852 0.429852 0.429852 0.429852 0.429852 0.429852 0.429852 0.429852 0.429852 0.429852 0.429852 0.429852 0.429852 0.429852 0.429852 0.429852 0.429852 0.429852 0.429852 0.429852 0.429852 0.429852 0.429852 0.429852 0.429852 0.429852 0.429852 0.429852 0.429852 0.429852 0.429852 0.429852 0.429852 0.429852 0.429852 0.429852 0.429852 0.429852 0.429852 0.429852 0.429852 0.429852 0.429852 0.429852 0.429852 0.429852 0.429852 0.429852 0.429852 0.429852 0.429852 0.429852 0.429852 0.429852 0.429852 0.429852 0.429852 0.429852 0.429852 0.429852 0.429852 0.429852 0.429852 0.429852 0.429852 0.429852 0.429852 0.429852 0.429852 0.422701 0.429852 0.429852 0.429852 0.429852 0.429852 0.429852 0.429852 0.429852 0.429852 0.421934 0.429852 0.429852 0.429852 0.429852 0.429852 0.429852 0.429852 0.429852 0.429852 0.37 0.429852 0.429852 0.429852 0.429852 0.429852 0.429852 0.429852 0.429852 0.429852 0.371504 0.429852 0.429852 0.429852 0.429852 0.429852 0.429852 0.429852 0.429852 0.429852 0.419493 0.429852 0.429852 0.429852 0.429852 0.429852 0.429852 0.429852 0.429852 0.429852 0.426073 0.429852 0.429852 0.429852 0.429852 0.429852 0.429852 0.429852 0.429852 0.429852 0.400022 0.429852 0.429852 0.429852 0.429852 0.429852 0.429852 0.429852 0.429852 0.429852 0.426989 0.429852 0.429852 0.429852 0.429852 0.429852 0.429852 0.429852 0.429852 0.429852 0.37 0.429852 0.429852 0.429852 0.429852 0.429852 0.429852 0.429852 0.429852 0.429852 0.427969 0.429852 0.429852 0.429852 0.429852 0.429852 0.429852 0.429852 0.429852 0.429852 0.373183 0.429852 0.429852 0.429852 0.429852 0.429852 0.429852 0.429852 0.429852 0.429852 0.37 0.429852 0.429852 0.429852 0.429852 0.429852 0.429852 0.429852 0.429852 0.429852 0.37 0.429852 0.429852 0.429852 0.429852 0.429852 0.429852 0.429852 0.429852 0.429852 0.37 0.429852 0.429852 0.429852 0.429852 0.429852 0.429852 0.429852 0.429852 0.429852 0.37 0.429852 0.429852 0.429852 0.429852 0.429852 0.429852 0.429852 0.429852 0.429852 0.416883 0.429852 0.429852 0.429852 0.429852 0.429852 0.429852 0.429852 0.429852 0.429852 0.388727 0.429852 0.429852 0.429852 0.429852 0.429852 0.429852 0.429852 0.429852 0.429852 0.37 0.429852 0.429852 0.429852 0.429852 0.429852 0.429852 0.429852 0.429852 0.429852 0.37 0.429852 0.429852 0.429852 0.429852 0.429852 0.429852 0.429852 0.429852 0.429852 0.370049 0.429852 0.429852 0.429852 0.37 0.429852 0.429852 0.378181 0.429852 0.429852 0.429852 0.429852 0.429852 0.429852 0.372116 0.429852 0.429852 0.370637 0.429852 0.429852 0.429852 0.429852 0.429852 0.429852 0.370002 0.429852 0.429852 0.370002 0.429852 0.429852 0.429852 0.429852 0.429852 0.429852 0.37 0.429852 0.429852 0.37 0.429852 0.429852 0.429852 0.429852 0.429852 0.429852 0.370075 0.429852 0.429852 0.374275 0.429852 0.429852 0.429852 0.429852 0.429852 0.429852 0.37 0.429852 0.429852 0.37 0.429852 0.429852 0.429852 0.429852 0.429852 0.429852 0.37 0.429852 0.429852 0.37 0.429852 0.429852 0.429852 0.429852 0.429852 0.429852 0.37 0.429852 0.429852 0.37 0.429852 0.429852 0.429852 0.429852 0.429852 0.429852 0.429224 0.429852 0.429852 0.37022 0.429852 0.429852 0.429852 0.429852 0.429852 0.429852 0.37001 0.429852 0.429852 0.370126 0.429852 0.429852 0.429852 0.429852 0.429852 0.429852 0.429852 0.429852 0.429852 0.429852 0.429852 0.429852 0.429852 0.429852 0.429852 0.429852 0.429852 0.429852 0.429852 0.429852 0.429852 0.429852 0.429852 0.429852 0.429852 0.429852 0.429852 0.429852 0.429852 0.429852 0.429852 0.429852 0.429852 0.429852 0.429852 0.429852 0.429852 0.429852 0.429852 0.429852 0.429852 0.429852 0.429852 0.429852 0.429852 0.429852 0.429852 0.429852 0.429852 0.429852 0.429852 0.429852 0.429852 0.429852 0.429852 0.429852 0.429852 0.429852 0.429852 0.429852 0.429852 0.429852 0.429852 0.429852 0.429852 0.429852 0.429852 0.429852 0.429852 0.429852 0.429852 0.429852 0.429852 0.429852 0.429852 0.429852 0.429852 0.429852 0.429852 0.429852 0.429852 0.429852 0.429852 0.429852 0.429852 0.429852 0.429852 0.429852 0.429852 0.429852 0.429852 0.429852 0.429852 0.429852 0.429852 0.429852 0.429852 0.429852 0.429852 0.429852 0.429852 0.429852 0.429852 0.429852 0.429852 0.429852 0.429852 0.429852 0.429852 0.429852 0.429852 0.429852 0.37 0.429852 0.429852 0.429852 0.429852 0.429852 0.429852 0.429852 0.429852 0.429852 0.421957 0.429852 0.429852 0.429852 0.429852 0.429852 0.429852 0.429852 0.429852 0.429852 0.37 0.429852 0.429852 0.429852 0.429852 0.429852 0.429852 0.429852 0.429852 0.429852 0.425668 0.429852 0.429852 0.429852 0.429852 0.429852 0.429852 0.429852 0.429852 0.429852 0.370002 0.429852 0.429852 0.429852 0.429852 0.429852 0.429852 0.429852 0.429852 0.429852 0.37 0.429852 0.429852 0.429852 0.429852 0.429852 0.429852 0.429852 0.429852 0.429852 0.384932 0.429852 0.429852 0.429852 0.429852 0.429852 0.429852 0.429852 0.429852 0.429852 0.42621 0.429852 0.429852 0.429852 0.429852 0.429852 0.429852 0.429852 0.429852 0.429852 0.375426 0.429852 0.429852 0.429852 0.429852 0.429852 0.429852 0.429852 0.429852 0.429852 0.370484 0.429852 0.429852 0.429852 0.37 0.429852 0.429852 0.425749 0.429852 0.429852 0.429852 0.429852 0.429852 0.429852 0.372642 0.429852 0.429852 0.429707 0.429852 0.429852 0.429852 0.429852 0.429852 0.429852 0.370034 0.429852 0.429852 0.37 0.429852 0.429852 0.429852 0.429852 0.429852 0.429852 0.37 0.429852 0.429852 0.37 0.429852 0.429852 0.429852 0.429852 0.429852 0.429852 0.37 0.429852 0.429852 0.370001 0.429852 0.429852 0.429852 0.429852 0.429852 0.429852 0.37 0.429852 0.429852 0.37 0.429852 0.429852 0.429852 0.429852 0.429852 0.429852 0.37 0.429852 0.429852 0.416246 0.429852 0.429852 0.429852 0.429852 0.429852 0.429852 0.37 0.429852 0.429852 0.406849 0.429852 0.429852 0.429852 0.429852 0.429852 0.429852 0.42823 0.429852 0.429852 0.37 0.429852 0.429852 0.429852 0.429852 0.429852 0.429852 0.428897 0.429852 0.429852 0.37 0.429852 0.429852 0.429852 0.429852 0.429852 0.429852 0.429852 0.429852 0.429852 0.429852 0.429852 0.429852 0.429852 0.429852 0.429852 0.429852 0.429852 0.429852 0.429852 0.429852 0.429852 0.429852 0.429852 0.429852 0.429852 0.429852 0.429852 0.429852 0.429852 0.429852 0.429852 0.429852 0.429852 0.429852 0.429852 0.429852 0.429852 0.429852 0.429852 0.429852 0.429852 0.429852 0.429852 0.429852 0.429852 0.429852 0.429852 0.429852 0.429852 0.429852 0.429852 0.429852 0.429852 0.429852 0.429852 0.429852 0.429852 0.429852 0.429852 0.429852 0.429852 0.429852 0.429852 0.429852 0.429852 0.429852 0.429852 0.429852 0.429852 0.429852 0.429852 0.429852 0.429852 0.429852 0.429852 0.429852 0.429852 0.429852 0.429852 0.429852 0.429852 0.429852 0.429852 0.429852 0.429852 0.429852 0.429852 0.429852 0.429852 0.429852 0.429852 0.429852 0.429852 0.429852 0.429852 0.429852 0.429852 0.429852 0.429852 0.429852 0.429852 0.429852 0.429852 0.429852 0.429852 0.429852 0.429852 0.429852 0.429852 0.429852 0.429852 0.429852 0.37 0.429852 0.429852 0.429852 0.429852 0.429852 0.429852 0.429852 0.429852 0.429852 0.42966 0.429852 0.429852 0.429852 0.429852 0.429852 0.429852 0.429852 0.429852 0.429852 0.370002 0.429852 0.429852 0.429852 0.429852 0.429852 0.429852 0.429852 0.429852 0.429852 0.37 0.429852 0.429852 0.429852 0.429852 0.429852 0.429852 0.429852 0.429852 0.429852 0.425569 0.429852 0.429852 0.429852 0.429852 0.429852 0.429852 0.429852 0.429852 0.429852 0.37 0.429852 0.429852 0.429852 0.429852 0.429852 0.429852 0.429852 0.429852 0.429852 0.37 0.429852 0.429852 0.429852 0.429852 0.429852 0.429852 0.429852 0.429852 0.429852 0.420961 0.429852 0.429852 0.429852 0.429852 0.429852 0.429852 0.429852 0.429852 0.429852 0.37 0.429852 0.429852 0.429852 0.429852 0.429852 0.429852 0.429852 0.429852 0.429852 0.37002 0.429852 0.429852 0.429852 0.37 0.429852 0.429852 0.370195 0.429852 0.429852 0.429852 0.429852 0.429852 0.429852 0.370012 0.429852 0.429852 0.370001 0.429852 0.429852 0.429852 0.429852 0.429852 0.429852 0.37 0.429852 0.429852 0.37 0.429852 0.429852 0.429852 0.429852 0.429852 0.429852 0.404111 0.429852 0.429852 0.37 0.429852 0.429852 0.429852 0.429852 0.429852 0.429852 0.429137 0.429852 0.429852 0.373665 0.429852 0.429852 0.429852 0.429852 0.429852 0.429852 0.370853 0.429852 0.429852 0.37 0.429852 0.429852 0.429852 0.429852 0.429852 0.429852 0.429657 0.429852 0.429852 0.426146 0.429852 0.429852 0.429852 0.429852 0.429852 0.429852 0.370001 0.429852 0.429852 0.420705 0.429852 0.429852 0.429852 0.429852 0.429852 0.429852 0.42005 0.429852 0.429852 0.409876 0.429852 0.429852 0.429852 0.429852 0.429852 0.429852 0.37 0.429852 0.429852 0.42905 0.429852 0.429852 0.429852 0.429852 0.429852 0.429852 0.429852 0.429852 0.429852 0.429852 0.429852 0.429852 0.429852 0.429852 0.429852 0.429852 0.429852 0.429852 0.429852 0.429852 0.429852 0.429852 0.429852 0.429852 0.429852 0.429852 0.429852 0.429852 0.429852 0.429852 0.429852 0.429852 0.429852 0.429852 0.429852 0.429852 0.429852 0.429852 0.429852 0.429852 0.429852 0.429852 0.429852 0.429852 0.429852 0.429852 0.429852 0.429852 0.429852 0.429852 0.429852 0.429852 0.429852 0.429852 0.429852 0.429852 0.429852 0.429852 0.429852 0.429852 0.429852 0.429852 0.429852 0.429852 0.429852 0.429852 0.429852 0.429852 0.429852 0.429852 0.429852 0.429852 0.429852 0.429852 0.429852 0.429852 0.429852 0.429852 0.429852 0.429852 0.429852 0.429852 0.429852 0.429852 0.429852 0.429852 0.429852 0.429852 0.429852 0.429852 0.429852 0.429852 0.429852 0.429852 0.429852 0.429852 0.429852 0.429852 0.429852 0.429852 0.429852 0.429852 0.429852 0.429852 0.429852 0.429852 0.429852 0.429852 0.429852 0.429852 0.429852 0.429852 0.428151 0.429852 0.429852 0.429852 0.429852 0.429852 0.429852 0.429852 0.429852 0.429852 0.426056 0.429852 0.429852 0.429852 0.429852 0.429852 0.429852 0.429852 0.429852 0.429852 0.370525 0.429852 0.429852 0.429852 0.429852 0.429852 0.429852 0.429852 0.429852 0.429852 0.37 0.429852 0.429852 0.429852 0.429852 0.429852 0.429852 0.429852 0.429852 0.429852 0.370028 0.429852 0.429852 0.429852 0.429852 0.429852 0.429852 0.429852 0.429852 0.429852 0.37 0.429852 0.429852 0.429852 0.429852 0.429852 0.429852 0.429852 0.429852 0.429852 0.426174 0.429852 0.429852 0.429852 0.429852 0.429852 0.429852 0.429852 0.429852 0.429852 0.424831 0.429852 0.429852 0.429852 0.429852 0.429852 0.429852 0.429852 0.429852 0.429852 0.37 0.429852 0.429852 0.429852 0.429852 0.429852 0.429852 0.429852 0.429852 0.429852 0.370115 0.429852 0.429852 0.429852 0.429852 0.429852 0.429852 0.429852 0.429852 0.429852 0.370001 0.429852 0.429852 0.429852 0.429852 0.429852 0.429852 0.429852 0.429852 0.429852 0.419582 0.429852 0.429852 0.429852 0.429852 0.429852 0.429852 0.429852 0.429852 0.429852 0.423852 0.429852 0.429852 0.429852 0.429852 0.429852 0.429852 0.429852 0.429852 0.429852 0.370001 0.429852 0.429852 0.429852 0.429852 0.429852 0.429852 0.429852 0.429852 0.429852 0.38004 0.429852 0.429852 0.429852 0.429852 0.429852 0.429852 0.429852 0.429852 0.429852 0.429608 0.429852 0.429852 0.429852 0.429852 0.429852 0.429852 0.429852 0.429852 0.429852 0.37 0.429852 0.429852 0.429852 0.429852 0.429852 0.429852 0.429852 0.429852 0.429852 0.370004 0.429852 0.429852 0.429852 0.429852 0.429852 0.429852 0.429852 0.429852 0.429852 0.37 0.429852 0.429852 0.429852 0.429852 0.429852 0.429852 0.429852 0.429852 0.429852 0.370072 0.429852 0.429852 0.429852 0.370816 0.429852 0.429852 0.426422 0.429852 0.429852 0.429852 0.429852 0.429852 0.429852 0.429601 0.429852 0.429852 0.37 0.429852 0.429852 0.429852 0.429852 0.429852 0.429852 0.370374 0.429852 0.429852 0.390232 0.429852 0.429852 0.429852 0.429852 0.429852 0.429852 0.370973 0.429852 0.429852 0.37 0.429852 0.429852 0.429852 0.429852 0.429852 0.429852 0.415569 0.429852 0.429852 0.370009 0.429852 0.429852 0.429852 0.429852 0.429852 0.429852 0.37 0.429852 0.429852 0.37 0.429852 0.429852 0.429852 0.429852 0.429852 0.429852 0.370001 0.429852 0.429852 0.372075 0.429852 0.429852 0.429852 0.429852 0.429852 0.429852 0.370409 0.429852 0.429852 0.427041 0.429852 0.429852 0.429852 0.429852 0.429852 0.429852 0.37 0.429852 0.429852 0.420529 0.429852 0.429852 0.429852 0.429852 0.429852 0.429852 0.370005 0.429852 0.429852 0.370818 0.429852 0.429852 0.429852 0.429852 0.429852 0.429852 0.429852 0.429852 0.429852 0.429852 0.429852 0.429852 0.429852 0.429852 0.429852 0.429852 0.429852 0.429852 0.429852 0.429852 0.429852 0.429852 0.429852 0.429852 0.429852 0.429852 0.429852 0.429852 0.429852 0.429852 0.429852 0.429852 0.429852 0.429852 0.429852 0.429852 0.429852 0.429852 0.429852 0.429852 0.429852 0.429852 0.429852 0.429852 0.429852 0.429852 0.429852 0.429852 0.429852 0.429852 0.429852 0.429852 0.429852 0.429852 0.429852 0.429852 0.429852 0.429852 0.429852 0.429852 0.429852 0.429852 0.429852 0.429852 0.429852 0.429852 0.429852 0.429852 0.429852 0.429852 0.429852 0.429852 0.429852 0.429852 0.429852 0.429852 0.429852 0.429852 0.429852 0.429852 0.429852 0.429852 0.429852 0.429852 0.429852 0.429852 0.429852 0.429852 0.429852 0.429852 0.429852 0.429852 0.429852 0.429852 0.429852 0.429852 0.429852 0.429852 0.429852 0.429852 0.429852 0.429852 0.429852 0.429852 0.429852 0.429852 0.429852 0.429852 0.429852 0.429852 0.429852 0.429852 0.370014 0.429852 0.429852 0.429852 0.429852 0.429852 0.429852 0.429852 0.429852 0.429852 0.426808 0.429852 0.429852 0.429852 0.429852 0.429852 0.429852 0.429852 0.429852 0.429852 0.376993 0.429852 0.429852 0.429852 0.429852 0.429852 0.429852 0.429852 0.429852 0.429852 0.370072 0.429852 0.429852 0.429852 0.429852 0.429852 0.429852 0.429852 0.429852 0.429852 0.389165 0.429852 0.429852 0.429852 0.429852 0.429852 0.429852 0.429852 0.429852 0.429852 0.42954 0.429852 0.429852 0.429852 0.429852 0.429852 0.429852 0.429852 0.429852 0.429852 0.37 0.429852 0.429852 0.429852 0.429852 0.429852 0.429852 0.429852 0.429852 0.429852 0.429633 0.429852 0.429852 0.429852 0.429852 0.429852 0.429852 0.429852 0.429852 0.429852 0.37 0.429852 0.429852 0.429852 0.429852 0.429852 0.429852 0.429852 0.429852 0.429852 0.37 0.429852 0.429852 0.429852 0.37 0.429852 0.429852 0.42976 0.429852 0.429852 0.429852 0.429852 0.429852 0.429852 0.372893 0.429852 0.429852 0.370166 0.429852 0.429852 0.429852 0.429852 0.429852 0.429852 0.371891 0.429852 0.429852 0.37 0.429852 0.429852 0.429852 0.429852 0.429852 0.429852 0.37 0.429852 0.429852 0.393805 0.429852 0.429852 0.429852 0.429852 0.429852 0.429852 0.42243 0.429852 0.429852 0.429056 0.429852 0.429852 0.429852 0.429852 0.429852 0.429852 0.427892 0.429852 0.429852 0.37 0.429852 0.429852 0.429852 0.429852 0.429852 0.429852 0.37 0.429852 0.429852 0.37 0.429852 0.429852 0.429852 0.429852 0.429852 0.429852 0.37 0.429852 0.429852 0.372612 0.429852 0.429852 0.429852 0.429852 0.429852 0.429852 0.37 0.429852 0.429852 0.37 0.429852 0.429852 0.429852 0.429852 0.429852 0.429852 0.406356 0.429852 0.429852 0.370074 0.429852 0.429852 0.429852 0.429852 0.429852 0.429852 0.429852 0.429852 0.429852 0.429852 0.429852 0.429852 0.429852 0.429852 0.429852 0.429852 0.429852 0.429852 0.429852 0.429852 0.429852 0.429852 0.429852 0.429852 0.429852 0.429852 0.429852 0.429852 0.429852 0.429852 0.429852 0.429852 0.429852 0.429852 0.429852 0.429852 0.429852 0.429852 0.429852 0.429852 0.429852 0.429852 0.429852 0.429852 0.429852 0.429852 0.429852 0.429852 0.429852 0.429852 0.429852 0.429852 0.429852 0.429852 0.429852 0.429852 0.429852 0.429852 0.429852 0.429852 0.429852 0.429852 0.429852 0.429852 0.429852 0.429852 0.429852 0.429852 0.429852 0.429852 0.429852 0.429852 0.429852 0.429852 0.429852 0.429852 0.429852 0.429852 0.429852 0.429852 0.429852 0.429852 0.429852 0.429852 0.429852 0.429852 0.429852 0.429852 0.429852 0.429852 0.429852 0.429852 0.429852 0.429852 0.429852 0.429852 0.429852 0.429852 0.429852 0.429852 0.429852 0.429852 0.429852 0.429852 0.429852 0.429852 0.429852 0.429852 0.429852 0.429852 0.429852 0.429852 0.37 0.429852 0.429852 0.429852 0.429852 0.429852 0.429852 0.429852 0.429852 0.429852 0.425633 0.429852 0.429852 0.429852 0.429852 0.429852 0.429852 0.429852 0.429852 0.429852 0.429536 0.429852 0.429852 0.429852 0.429852 0.429852 0.429852 0.429852 0.429852 0.429852 0.370105 0.429852 0.429852 0.429852 0.429852 0.429852 0.429852 0.429852 0.429852 0.429852 0.37 0.429852 0.429852 0.429852 0.429852 0.429852 0.429852 0.429852 0.429852 0.429852 0.37 0.429852 0.429852 0.429852 0.429852 0.429852 0.429852 0.429852 0.429852 0.429852 0.429495 0.429852 0.429852 0.429852 0.429852 0.429852 0.429852 0.429852 0.429852 0.429852 0.37 0.429852 0.429852 0.429852 0.429852 0.429852 0.429852 0.429852 0.429852 0.429852 0.37 0.429852 0.429852 0.429852 0.429852 0.429852 0.429852 0.429852 0.429852 0.429852 0.37 0.429852 0.429852 0.429852 0.41663 0.429852 0.429852 0.429664 0.429852 0.429852 0.429852 0.429852 0.429852 0.429852 0.429003 0.429852 0.429852 0.429773 0.429852 0.429852 0.429852 0.429852 0.429852 0.429852 0.370075 0.429852 0.429852 0.37 0.429852 0.429852 0.429852 0.429852 0.429852 0.429852 0.429804 0.429852 0.429852 0.386142 0.429852 0.429852 0.429852 0.429852 0.429852 0.429852 0.370003 0.429852 0.429852 0.429075 0.429852 0.429852 0.429852 0.429852 0.429852 0.429852 0.37 0.429852 0.429852 0.37 0.429852 0.429852 0.429852 0.429852 0.429852 0.429852 0.428141 0.429852 0.429852 0.428861 0.429852 0.429852 0.429852 0.429852 0.429852 0.429852 0.37008 0.429852 0.429852 0.37 0.429852 0.429852 0.429852 0.429852 0.429852 0.429852 0.374485 0.429852 0.429852 0.37 0.429852 0.429852 0.429852 0.429852 0.429852 0.429852 0.37017 0.429852 0.429852 0.37 0.429852 0.429852 0.429852 0.429852 0.429852 0.429852 0.429852 0.429852 0.429852 0.429852 0.429852 0.429852 0.429852 0.429852 0.429852 0.429852 0.429852 0.429852 0.429852 0.429852 0.429852 0.429852 0.429852 0.429852 0.429852 0.429852 0.429852 0.429852 0.429852 0.429852 0.429852 0.429852 0.429852 0.429852 0.429852 0.429852 0.429852 0.429852 0.429852 0.429852 0.429852 0.429852 0.429852 0.429852 0.429852 0.429852 0.429852 0.429852 0.429852 0.429852 0.429852 0.429852 0.429852 0.429852 0.429852 0.429852 0.429852 0.429852 0.429852 0.429852 0.429852 0.429852 0.429852 0.429852 0.429852 0.429852 0.429852 0.429852 0.429852 0.429852 0.429852 0.429852 0.429852 0.429852 0.429852 0.429852 0.429852 0.429852 0.429852 0.429852 0.429852 0.429852 0.429852 0.429852 0.429852 0.429852 0.429852 0.429852 0.429852 0.429852 0.429852 0.429852 0.429852 0.429852 0.429852 0.429852 0.429852 0.429852 0.429852 0.429852 0.429852 0.429852 0.429852 0.429852 0.429852 0.429852 0.429852 0.429852 0.429852 0.429852 0.429852 0.429852 0.414021 0.429852 0.429852 0.429852 0.429852 0.429852 0.429852 0.429852 0.429852 0.429852 0.422375 0.429852 0.429852 0.429852 0.429852 0.429852 0.429852 0.429852 0.429852 0.429852 0.370001 0.429852 0.429852 0.429852 0.429852 0.429852 0.429852 0.429852 0.429852 0.429852 0.370223 0.429852 0.429852 0.429852 0.429852 0.429852 0.429852 0.429852 0.429852 0.429852 0.370001 0.429852 0.429852 0.429852 0.429852 0.429852 0.429852 0.429852 0.429852 0.429852 0.370015 0.429852 0.429852 0.429852 0.429852 0.429852 0.429852 0.429852 0.429852 0.429852 0.415719 0.429852 0.429852 0.429852 0.429852 0.429852 0.429852 0.429852 0.429852 0.429852 0.37 0.429852 0.429852 0.429852 0.429852 0.429852 0.429852 0.429852 0.429852 0.429852 0.37 0.429852 0.429852 0.429852 0.429852 0.429852 0.429852 0.429852 0.429852 0.429852 0.375489 0.429852 0.429852 0.429852 0.429852 0.429852 0.429852 0.429852 0.429852 0.429852 0.37 0.429852 0.429852 0.429852 0.429852 0.429852 0.429852 0.429852 0.429852 0.429852 0.371421 0.429852 0.429852 0.429852 0.429852 0.429852 0.429852 0.429852 0.429852 0.429852 0.37 0.429852 0.429852 0.429852 0.429852 0.429852 0.429852 0.429852 0.429852 0.429852 0.37 0.429852 0.429852 0.429852 0.429852 0.429852 0.429852 0.429852 0.429852 0.429852 0.370001 0.429852 0.429852 0.429852 0.429852 0.429852 0.429852 0.429852 0.429852 0.429852 0.419643 0.429852 0.429852 0.429852 0.429852 0.429852 0.429852 0.429852 0.429852 0.429852 0.37 0.429852 0.429852 0.429852 0.429852 0.429852 0.429852 0.429852 0.429852 0.429852 0.37 0.429852 0.429852 0.429852 0.429852 0.429852 0.429852 0.429852 0.429852 0.429852 0.370001 0.429852 0.429852 0.429852 0.429852 0.429852 0.429852 0.429852 0.429852 0.429852 0.390591 0.429852 0.429852 0.429852 0.389548 0.429852 0.429852 0.37019 0.429852 0.429852 0.429852 0.429852 0.429852 0.429852 0.370014 0.429852 0.429852 0.391854 0.429852 0.429852 0.429852 0.429852 0.429852 0.429852 0.370001 0.429852 0.429852 0.429655 0.429852 0.429852 0.429852 0.429852 0.429852 0.429852 0.427799 0.429852 0.429852 0.417158 0.429852 0.429852 0.429852 0.429852 0.429852 0.429852 0.37 0.429852 0.429852 0.429283 0.429852 0.429852 0.429852 0.429852 0.429852 0.429852 0.42944 0.429852 0.429852 0.429164 0.429852 0.429852 0.429852 0.429852 0.429852 0.429852 0.370327 0.429852 0.429852 0.378117 0.429852 0.429852 0.429852 0.429852 0.429852 0.429852 0.37 0.429852 0.429852 0.370027 0.429852 0.429852 0.429852 0.429852 0.429852 0.429852 0.428245 0.429852 0.429852 0.420818 0.429852 0.429852 0.429852 0.429852 0.429852 0.429852 0.427717 0.429852 0.429852 0.387896 0.429852 0.429852 0.429852 0.429852 0.429852 0.429852 0.429852 0.429852 0.429852 0.429852 0.429852 0.429852 0.429852 0.429852 0.429852 0.429852 0.429852 0.429852 0.429852 0.429852 0.429852 0.429852 0.429852 0.429852 0.429852 0.429852 0.429852 0.429852 0.429852 0.429852 0.429852 0.429852 0.429852 0.429852 0.429852 0.429852 0.429852 0.429852 0.429852 0.429852 0.429852 0.429852 0.429852 0.429852 0.429852 0.429852 0.429852 0.429852 0.429852 0.429852 0.429852 0.429852 0.429852 0.429852 0.429852 0.429852 0.429852 0.429852 0.429852 0.429852 0.429852 0.429852 0.429852 0.429852 0.429852 0.429852 0.429852 0.429852 0.429852 0.429852 0.429852 0.429852 0.429852 0.429852 0.429852 0.429852 0.429852 0.429852 0.429852 0.429852 0.429852 0.429852 0.429852 0.429852 0.429852 0.429852 0.429852 0.429852 0.429852 0.429852 0.429852 0.429852 0.429852 0.429852 0.429852 0.429852 0.429852 0.429852 0.429852 0.429852 0.429852 0.429852 0.429852 0.429852 0.429852 0.429852 0.429852 0.429852 0.429852 0.429852 0.429852 0.429852 0.379503 0.429852 0.429852 0.429852 0.429852 0.429852 0.429852 0.429852 0.429852 0.429852 0.374391 0.429852 0.429852 0.429852 0.429852 0.429852 0.429852 0.429852 0.429852 0.429852 0.37 0.429852 0.429852 0.429852 0.429852 0.429852 0.429852 0.429852 0.429852 0.429852 0.37 0.429852 0.429852 0.429852 0.429852 0.429852 0.429852 0.429852 0.429852 0.429852 0.370002 0.429852 0.429852 0.429852 0.429852 0.429852 0.429852 0.429852 0.429852 0.429852 0.37 0.429852 0.429852 0.429852 0.429852 0.429852 0.429852 0.429852 0.429852 0.429852 0.429067 0.429852 0.429852 0.429852 0.429852 0.429852 0.429852 0.429852 0.429852 0.429852 0.387591 0.429852 0.429852 0.429852 0.429852 0.429852 0.429852 0.429852 0.429852 0.429852 0.37 0.429852 0.429852 0.429852 0.429852 0.429852 0.429852 0.429852 0.429852 0.429852 0.429592 0.429852 0.429852 0.429852 0.384274 0.429852 0.429852 0.370052 0.429852 0.429852 0.429852 0.429852 0.429852 0.429852 0.423279 0.429852 0.429852 0.427597 0.429852 0.429852 0.429852 0.429852 0.429852 0.429852 0.370003 0.429852 0.429852 0.370058 0.429852 0.429852 0.429852 0.429852 0.429852 0.429852 0.397645 0.429852 0.429852 0.428594 0.429852 0.429852 0.429852 0.429852 0.429852 0.429852 0.37 0.429852 0.429852 0.37 0.429852 0.429852 0.429852 0.429852 0.429852 0.429852 0.37 0.429852 0.429852 0.37 0.429852 0.429852 0.429852 0.429852 0.429852 0.429852 0.37 0.429852 0.429852 0.37 0.429852 0.429852 0.429852 0.429852 0.429852 0.429852 0.370495 0.429852 0.429852 0.37 0.429852 0.429852 0.429852 0.429852 0.429852 0.429852 0.37 0.429852 0.429852 0.429339 0.429852 0.429852 0.429852 0.429852 0.429852 0.429852 0.37 0.429852 0.429852 0.414478 0.429852 0.429852 0.429852 0.429852 0.429852 0.429852 0.429852 0.429852 0.429852 0.429852 0.429852 0.429852 0.429852 0.429852 0.429852 0.429852 0.429852 0.429852 0.429852 0.429852 0.429852 0.429852 0.429852 0.429852 0.429852 0.429852 0.429852 0.429852 0.429852 0.429852 0.429852 0.429852 0.429852 0.429852 0.429852 0.429852 0.429852 0.429852 0.429852 0.429852 0.429852 0.429852 0.429852 0.429852 0.429852 0.429852 0.429852 0.429852 0.429852 0.429852 0.429852 0.429852 0.429852 0.429852 0.429852 0.429852 0.429852 0.429852 0.429852 0.429852 0.429852 0.429852 0.429852 0.429852 0.429852 0.429852 0.429852 0.429852 0.429852 0.429852 0.429852 0.429852 0.429852 0.429852 0.429852 0.429852 0.429852 0.429852 0.429852 0.429852 0.429852 0.429852 0.429852 0.429852 0.429852 0.429852 0.429852 0.429852 0.429852 0.429852 0.429852 0.429852 0.429852 0.429852 0.429852 0.429852 0.429852 0.429852 0.429852 0.429852 0.429852 0.429852 0.429852 0.429852 0.429852 0.429852 0.429852 0.429852 0.429852 0.429852 0.429852 0.429852 0.37 0.429852 0.429852 0.429852 0.429852 0.429852 0.429852 0.429852 0.429852 0.429852 0.410136 0.429852 0.429852 0.429852 0.429852 0.429852 0.429852 0.429852 0.429852 0.429852 0.427003 0.429852 0.429852 0.429852 0.429852 0.429852 0.429852 0.429852 0.429852 0.429852 0.425732 0.429852 0.429852 0.429852 0.429852 0.429852 0.429852 0.429852 0.429852 0.429852 0.371291 0.429852 0.429852 0.429852 0.429852 0.429852 0.429852 0.429852 0.429852 0.429852 0.429733 0.429852 0.429852 0.429852 0.429852 0.429852 0.429852 0.429852 0.429852 0.429852 0.427721 0.429852 0.429852 0.429852 0.429852 0.429852 0.429852 0.429852 0.429852 0.429852 0.37011 0.429852 0.429852 0.429852 0.429852 0.429852 0.429852 0.429852 0.429852 0.429852 0.429578 0.429852 0.429852 0.429852 0.429852 0.429852 0.429852 0.429852 0.429852 0.429852 0.37 0.429852 0.429852 0.429852 0.37 0.429852 0.429852 0.37 0.429852 0.429852 0.429852 0.429852 0.429852 0.429852 0.370003 0.429852 0.429852 0.37 0.429852 0.429852 0.429852 0.429852 0.429852 0.429852 0.404308 0.429852 0.429852 0.425746 0.429852 0.429852 0.429852 0.429852 0.429852 0.429852 0.42831 0.429852 0.429852 0.429787 0.429852 0.429852 0.429852 0.429852 0.429852 0.429852 0.370001 0.429852 0.429852 0.429212 0.429852 0.429852 0.429852 0.429852 0.429852 0.429852 0.370007 0.429852 0.429852 0.414084 0.429852 0.429852 0.429852 0.429852 0.429852 0.429852 0.37 0.429852 0.429852 0.37 0.429852 0.429852 0.429852 0.429852 0.429852 0.429852 0.37 0.429852 0.429852 0.425672 0.429852 0.429852 0.429852 0.429852 0.429852 0.429852 0.37 0.429852 0.429852 0.37 0.429852 0.429852 0.429852 0.429852 0.429852 0.429852 0.389176 0.429852 0.429852 0.371021 0.429852 0.429852 0.429852 0.429852 0.429852 0.429852 0.429852 0.429852 0.429852 0.429852 0.429852 0.429852 0.429852 0.429852 0.429852 0.429852 0.429852 0.429852 0.429852 0.429852 0.429852 0.429852 0.429852 0.429852 0.429852 0.429852 0.429852 0.429852 0.429852 0.429852 0.429852 0.429852 0.429852 0.429852 0.429852 0.429852 0.429852 0.429852 0.429852 0.429852 0.429852 0.429852 0.429852 0.429852 0.429852 0.429852 0.429852 0.429852 0.429852 0.429852 0.429852 0.429852 0.429852 0.429852 0.429852 0.429852 0.429852 0.429852 0.429852 0.429852 0.429852 0.429852 0.429852 0.429852 0.429852 0.429852 0.429852 0.429852 0.429852 0.429852 0.429852 0.429852 0.429852 0.429852 0.429852 0.429852 0.429852 0.429852 0.429852 0.429852 0.429852 0.429852 0.429852 0.429852 0.429852 0.429852 0.429852 0.429852 0.429852 0.429852 0.429852 0.429852 0.429852 0.429852 0.429852 0.429852 0.429852 0.429852 0.429852 0.429852 0.429852 0.429852 0.429852 0.429852 0.429852 0.429852 0.429852 0.429852 0.429852 0.429852 0.429852 0.429852 0.375235 0.429852 0.429852 0.429852 0.429852 0.429852 0.429852 0.429852 0.429852 0.429852 0.401781 0.429852 0.429852 0.429852 0.429852 0.429852 0.429852 0.429852 0.429852 0.429852 0.37 0.429852 0.429852 0.429852 0.429852 0.429852 0.429852 0.429852 0.429852 0.429852 0.418869 0.429852 0.429852 0.429852 0.429852 0.429852 0.429852 0.429852 0.429852 0.429852 0.37 0.429852 0.429852 0.429852 0.429852 0.429852 0.429852 0.429852 0.429852 0.429852 0.370052 0.429852 0.429852 0.429852 0.429852 0.429852 0.429852 0.429852 0.429852 0.429852 0.395 0.429852 0.429852 0.429852 0.429852 0.429852 0.429852 0.429852 0.429852 0.429852 0.428696 0.429852 0.429852 0.429852 0.429852 0.429852 0.429852 0.429852 0.429852 0.429852 0.386302 0.429852 0.429852 0.429852 0.429852 0.429852 0.429852 0.429852 0.429852 0.429852 0.370035 0.429852 0.429852 0.429852 0.429852 0.429852 0.429852 0.429852 0.429852 0.429852 0.380609 0.429852 0.429852 0.429852 0.429852 0.429852 0.429852 0.429852 0.429852 0.429852 0.4294 0.429852 0.429852 0.429852 0.429852 0.429852 0.429852 0.429852 0.429852 0.429852 0.377052 0.429852 0.429852 0.429852 0.429852 0.429852 0.429852 0.429852 0.429852 0.429852 0.376658 0.429852 0.429852 0.429852 0.429852 0.429852 0.429852 0.429852 0.429852 0.429852 0.376208 0.429852 0.429852 0.429852 0.429852 0.429852 0.429852 0.429852 0.429852 0.429852 0.370002 0.429852 0.429852 0.429852 0.429852 0.429852 0.429852 0.429852 0.429852 0.429852 0.371907 0.429852 0.429852 0.429852 0.429852 0.429852 0.429852 0.429852 0.429852 0.429852 0.37 0.429852 0.429852 0.429852 0.429852 0.429852 0.429852 0.429852 0.429852 0.429852 0.37 0.429852 0.429852 0.429852 0.429852 0.429852 0.429852 0.429852 0.429852 0.429852 0.370078 0.429852 0.429852 0.429852 0.426966 0.429852 0.429852 0.370009 0.429852 0.429852 0.429852 0.429852 0.429852 0.429852 0.37 0.429852 0.429852 0.370267 0.429852 0.429852 0.429852 0.429852 0.429852 0.429852 0.416111 0.429852 0.429852 0.404702 0.429852 0.429852 0.429852 0.429852 0.429852 0.429852 0.37 0.429852 0.429852 0.402083 0.429852 0.429852 0.429852 0.429852 0.429852 0.429852 0.427672 0.429852 0.429852 0.37 0.429852 0.429852 0.429852 0.429852 0.429852 0.429852 0.370001 0.429852 0.429852 0.374782 0.429852 0.429852 0.429852 0.429852 0.429852 0.429852 0.416876 0.429852 0.429852 0.419199 0.429852 0.429852 0.429852 0.429852 0.429852 0.429852 0.427559 0.429852 0.429852 0.37 0.429852 0.429852 0.429852 0.429852 0.429852 0.429852 0.426387 0.429852 0.429852 0.370181 0.429852 0.429852 0.429852 0.429852 0.429852 0.429852 0.37 0.429852 0.429852 0.38406 0.429852 0.429852 0.429852 0.429852 0.429852 0.429852 0.429852 0.429852 0.429852 0.429852 0.429852 0.429852 0.429852 0.429852 0.429852 0.429852 0.429852 0.429852 0.429852 0.429852 0.429852 0.429852 0.429852 0.429852 0.429852 0.429852 0.429852 0.429852 0.429852 0.429852 0.429852 0.429852 0.429852 0.429852 0.429852 0.429852 0.429852 0.429852 0.429852 0.429852 0.429852 0.429852 0.429852 0.429852 0.429852 0.429852 0.429852 0.429852 0.429852 0.429852 0.429852 0.429852 0.429852 0.429852 0.429852 0.429852 0.429852 0.429852 0.429852 0.429852 0.429852 0.429852 0.429852 0.429852 0.429852 0.429852 0.429852 0.429852 0.429852 0.429852 0.429852 0.429852 0.429852 0.429852 0.429852 0.429852 0.429852 0.429852 0.429852 0.429852 0.429852 0.429852 0.429852 0.429852 0.429852 0.429852 0.429852 0.429852 0.429852 0.429852 0.429852 0.429852 0.429852 0.429852 0.429852 0.429852 0.429852 0.429852 0.429852 0.429852 0.429852 0.429852 0.429852 0.429852 0.429852 0.429852 0.429852 0.429852 0.429852 0.429852 0.429852 0.429852 0.38052 0.429852 0.429852 0.429852 0.429852 0.429852 0.429852 0.429852 0.429852 0.429852 0.370001 0.429852 0.429852 0.429852 0.429852 0.429852 0.429852 0.429852 0.429852 0.429852 0.372962 0.429852 0.429852 0.429852 0.429852 0.429852 0.429852 0.429852 0.429852 0.429852 0.37 0.429852 0.429852 0.429852 0.429852 0.429852 0.429852 0.429852 0.429852 0.429852 0.429404 0.429852 0.429852 0.429852 0.429852 0.429852 0.429852 0.429852 0.429852 0.429852 0.382023 0.429852 0.429852 0.429852 0.429852 0.429852 0.429852 0.429852 0.429852 0.429852 0.429536 0.429852 0.429852 0.429852 0.429852 0.429852 0.429852 0.429852 0.429852 0.429852 0.428821 0.429852 0.429852 0.429852 0.429852 0.429852 0.429852 0.429852 0.429852 0.429852 0.370002 0.429852 0.429852 0.429852 0.429852 0.429852 0.429852 0.429852 0.429852 0.429852 0.429153 0.429852 0.429852 0.429852 0.370009 0.429852 0.429852 0.37 0.429852 0.429852 0.429852 0.429852 0.429852 0.429852 0.37 0.429852 0.429852 0.428709 0.429852 0.429852 0.429852 0.429852 0.429852 0.429852 0.37 0.429852 0.429852 0.37 0.429852 0.429852 0.429852 0.429852 0.429852 0.429852 0.427027 0.429852 0.429852 0.37 0.429852 0.429852 0.429852 0.429852 0.429852 0.429852 0.370151 0.429852 0.429852 0.371581 0.429852 0.429852 0.429852 0.429852 0.429852 0.429852 0.37 0.429852 0.429852 0.429724 0.429852 0.429852 0.429852 0.429852 0.429852 0.429852 0.381392 0.429852 0.429852 0.371496 0.429852 0.429852 0.429852 0.429852 0.429852 0.429852 0.428202 0.429852 0.429852 0.406057 0.429852 0.429852 0.429852 0.429852 0.429852 0.429852 0.429206 0.429852 0.429852 0.370424 0.429852 0.429852 0.429852 0.429852 0.429852 0.429852 0.37 0.429852 0.429852 0.384566 0.429852 0.429852 0.429852 0.429852 0.429852 0.429852 0.429852 0.429852 0.429852 0.429852 0.429852 0.429852 0.429852 0.429852 0.429852 0.429852 0.429852 0.429852 0.429852 0.429852 0.429852 0.429852 0.429852 0.429852 0.429852 0.429852 0.429852 0.429852 0.429852 0.429852 0.429852 0.429852 0.429852 0.429852 0.429852 0.429852 0.429852 0.429852 0.429852 0.429852 0.429852 0.429852 0.429852 0.429852 0.429852 0.429852 0.429852 0.429852 0.429852 0.429852 0.429852 0.429852 0.429852 0.429852 0.429852 0.429852 0.429852 0.429852 0.429852 0.429852 0.429852 0.429852 0.429852 0.429852 0.429852 0.429852 0.429852 0.429852 0.429852 0.429852 0.429852 0.429852 0.429852 0.429852 0.429852 0.429852 0.429852 0.429852 0.429852 0.429852 0.429852 0.429852 0.429852 0.429852 0.429852 0.429852 0.429852 0.429852 0.429852 0.429852 0.429852 0.429852 0.429852 0.429852 0.429852 0.429852 0.429852 0.429852 0.429852 0.429852 0.429852 0.429852 0.429852 0.429852 0.429852 0.429852 0.429852 0.429852 0.429852 0.429852 0.429852 0.429852 0.370079 0.429852 0.429852 0.429852 0.429852 0.429852 0.429852 0.429852 0.429852 0.429852 0.381714 0.429852 0.429852 0.429852 0.429852 0.429852 0.429852 0.429852 0.429852 0.429852 0.370059 0.429852 0.429852 0.429852 0.429852 0.429852 0.429852 0.429852 0.429852 0.429852 0.37 0.429852 0.429852 0.429852 0.429852 0.429852 0.429852 0.429852 0.429852 0.429852 0.37 0.429852 0.429852 0.429852 0.429852 0.429852 0.429852 0.429852 0.429852 0.429852 0.370094 0.429852 0.429852 0.429852 0.429852 0.429852 0.429852 0.429852 0.429852 0.429852 0.37 0.429852 0.429852 0.429852 0.429852 0.429852 0.429852 0.429852 0.429852 0.429852 0.370321 0.429852 0.429852 0.429852 0.429852 0.429852 0.429852 0.429852 0.429852 0.429852 0.370051 0.429852 0.429852 0.429852 0.429852 0.429852 0.429852 0.429852 0.429852 0.429852 0.37 0.429852 0.429852 0.429852 0.370007 0.429852 0.429852 0.421064 0.429852 0.429852 0.429852 0.429852 0.429852 0.429852 0.37 0.429852 0.429852 0.370395 0.429852 0.429852 0.429852 0.429852 0.429852 0.429852 0.37 0.429852 0.429852 0.429535 0.429852 0.429852 0.429852 0.429852 0.429852 0.429852 0.380382 0.429852 0.429852 0.428995 0.429852 0.429852 0.429852 0.429852 0.429852 0.429852 0.379683 0.429852 0.429852 0.37 0.429852 0.429852 0.429852 0.429852 0.429852 0.429852 0.373778 0.429852 0.429852 0.429598 0.429852 0.429852 0.429852 0.429852 0.429852 0.429852 0.370038 0.429852 0.429852 0.425314 0.429852 0.429852 0.429852 0.429852 0.429852 0.429852 0.375184 0.429852 0.429852 0.37 0.429852 0.429852 0.429852 0.429852 0.429852 0.429852 0.426734 0.429852 0.429852 0.386302 0.429852 0.429852 0.429852 0.429852 0.429852 0.429852 0.37 0.429852 0.429852 0.37 0.429852 0.429852 0.429852 0.429852 0.429852 0.429852 0.429852 0.429852 0.429852 0.429852 0.429852 0.429852 0.429852 0.429852 0.429852 0.429852 0.429852 0.429852 0.429852 0.429852 0.429852 0.429852 0.429852 0.429852 0.429852 0.429852 0.429852 0.429852 0.429852 0.429852 0.429852 0.429852 0.429852 0.429852 0.429852 0.429852 0.429852 0.429852 0.429852 0.429852 0.429852 0.429852 0.429852 0.429852 0.429852 0.429852 0.429852 0.429852 0.429852 0.429852 0.429852 0.429852 0.429852 0.429852 0.429852 0.429852 0.429852 0.429852 0.429852 0.429852 0.429852 0.429852 0.429852 0.429852 0.429852 0.429852 0.429852 0.429852 0.429852 0.429852 0.429852 0.429852 0.429852 0.429852 0.429852 0.429852 0.429852 0.429852 0.429852 0.429852 0.429852 0.429852 0.429852 0.429852 0.429852 0.429852 0.429852 0.429852 0.429852 0.429852 0.429852 0.429852 0.429852 0.429852 0.429852 0.429852 0.429852 0.429852 0.429852 0.429852 0.429852 0.429852 0.429852 0.429852 0.429852 0.429852 0.429852 0.429852 0.429852 0.429852 0.429852 0.429852 0.37 0.429852 0.429852 0.429852 0.429852 0.429852 0.429852 0.429852 0.429852 0.429852 0.377868 0.429852 0.429852 0.429852 0.429852 0.429852 0.429852 0.429852 0.429852 0.429852 0.416118 0.429852 0.429852 0.429852 0.429852 0.429852 0.429852 0.429852 0.429852 0.429852 0.380787 0.429852 0.429852 0.429852 0.429852 0.429852 0.429852 0.429852 0.429852 0.429852 0.381784 0.429852 0.429852 0.429852 0.429852 0.429852 0.429852 0.429852 0.429852 0.429852 0.370016 0.429852 0.429852 0.429852 0.429852 0.429852 0.429852 0.429852 0.429852 0.429852 0.37 0.429852 0.429852 0.429852 0.429852 0.429852 0.429852 0.429852 0.429852 0.429852 0.37 0.429852 0.429852 0.429852 0.429852 0.429852 0.429852 0.429852 0.429852 0.429852 0.420641 0.429852 0.429852 0.429852 0.429852 0.429852 0.429852 0.429852 0.429852 0.429852 0.410812 0.429852 0.429852 0.429852 0.429852 0.429852 0.429852 0.429852 0.429852 0.429852 0.370127 0.429852 0.429852 0.429852 0.429852 0.429852 0.429852 0.429852 0.429852 0.429852 0.380028 0.429852 0.429852 0.429852 0.429852 0.429852 0.429852 0.429852 0.429852 0.429852 0.370003 0.429852 0.429852 0.429852 0.429852 0.429852 0.429852 0.429852 0.429852 0.429852 0.370006 0.429852 0.429852 0.429852 0.429852 0.429852 0.429852 0.429852 0.429852 0.429852 0.37 0.429852 0.429852 0.429852 0.429852 0.429852 0.429852 0.429852 0.429852 0.429852 0.370063 0.429852 0.429852 0.429852 0.429852 0.429852 0.429852 0.429852 0.429852 0.429852 0.37 0.429852 0.429852 0.429852 0.429852 0.429852 0.429852 0.429852 0.429852 0.429852 0.412696 0.429852 0.429852 0.429852 0.429852 0.429852 0.429852 0.429852 0.429852 0.429852 0.37 0.429852 0.429852 0.429852 0.429852 0.429852 0.429852 0.429852 0.429852 0.429852 0.377461 0.429852 0.429852 0.429852 0.429763 0.429852 0.429852 0.37 0.429852 0.429852 0.429852 0.429852 0.429852 0.429852 0.383252 0.429852 0.429852 0.37 0.429852 0.429852 0.429852 0.429852 0.429852 0.429852 0.37 0.429852 0.429852 0.37 0.429852 0.429852 0.429852 0.429852 0.429852 0.429852 0.42878 0.429852 0.429852 0.429503 0.429852 0.429852 0.429852 0.429852 0.429852 0.429852 0.371218 0.429852 0.429852 0.429692 0.429852 0.429852 0.429852 0.429852 0.429852 0.429852 0.420922 0.429852 0.429852 0.37 0.429852 0.429852 0.429852 0.429852 0.429852 0.429852 0.40964 0.429852 0.429852 0.425024 0.429852 0.429852 0.429852 0.429852 0.429852 0.429852 0.37 0.429852 0.429852 0.397386 0.429852 0.429852 0.429852 0.429852 0.429852 0.429852 0.421756 0.429852 0.429852 0.37 0.429852 0.429852 0.429852 0.429852 0.429852 0.429852 0.372854 0.429852 0.429852 0.421693 0.429852 0.429852 0.429852 0.429852 0.429852 0.429852 0.429852 0.429852 0.429852 0.429852 0.429852 0.429852 0.429852 0.429852 0.429852 0.429852 0.429852 0.429852 0.429852 0.429852 0.429852 0.429852 0.429852 0.429852 0.429852 0.429852 0.429852 0.429852 0.429852 0.429852 0.429852 0.429852 0.429852 0.429852 0.429852 0.429852 0.429852 0.429852 0.429852 0.429852 0.429852 0.429852 0.429852 0.429852 0.429852 0.429852 0.429852 0.429852 0.429852 0.429852 0.429852 0.429852 0.429852 0.429852 0.429852 0.429852 0.429852 0.429852 0.429852 0.429852 0.429852 0.429852 0.429852 0.429852 0.429852 0.429852 0.429852 0.429852 0.429852 0.429852 0.429852 0.429852 0.429852 0.429852 0.429852 0.429852 0.429852 0.429852 0.429852 0.429852 0.429852 0.429852 0.429852 0.429852 0.429852 0.429852 0.429852 0.429852 0.429852 0.429852 0.429852 0.429852 0.429852 0.429852 0.429852 0.429852 0.429852 0.429852 0.429852 0.429852 0.429852 0.429852 0.429852 0.429852 0.429852 0.429852 0.429852 0.429852 0.429852 0.429852 0.429852 0.429852 0.372328 0.429852 0.429852 0.429852 0.429852 0.429852 0.429852 0.429852 0.429852 0.429852 0.37 0.429852 0.429852 0.429852 0.429852 0.429852 0.429852 0.429852 0.429852 0.429852 0.37 0.429852 0.429852 0.429852 0.429852 0.429852 0.429852 0.429852 0.429852 0.429852 0.428436 0.429852 0.429852 0.429852 0.429852 0.429852 0.429852 0.429852 0.429852 0.429852 0.37 0.429852 0.429852 0.429852 0.429852 0.429852 0.429852 0.429852 0.429852 0.429852 0.37 0.429852 0.429852 0.429852 0.429852 0.429852 0.429852 0.429852 0.429852 0.429852 0.42855 0.429852 0.429852 0.429852 0.429852 0.429852 0.429852 0.429852 0.429852 0.429852 0.37 0.429852 0.429852 0.429852 0.429852 0.429852 0.429852 0.429852 0.429852 0.429852 0.388663 0.429852 0.429852 0.429852 0.429852 0.429852 0.429852 0.429852 0.429852 0.429852 0.37 0.429852 0.429852 0.429852 0.370018 0.429852 0.429852 0.428467 0.429852 0.429852 0.429852 0.429852 0.429852 0.429852 0.381349 0.429852 0.429852 0.37 0.429852 0.429852 0.429852 0.429852 0.429852 0.429852 0.37 0.429852 0.429852 0.402077 0.429852 0.429852 0.429852 0.429852 0.429852 0.429852 0.370004 0.429852 0.429852 0.429094 0.429852 0.429852 0.429852 0.429852 0.429852 0.429852 0.37 0.429852 0.429852 0.427144 0.429852 0.429852 0.429852 0.429852 0.429852 0.429852 0.371487 0.429852 0.429852 0.427684 0.429852 0.429852 0.429852 0.429852 0.429852 0.429852 0.37 0.429852 0.429852 0.37 0.429852 0.429852 0.429852 0.429852 0.429852 0.429852 0.37 0.429852 0.429852 0.370001 0.429852 0.429852 0.429852 0.429852 0.429852 0.429852 0.37 0.429852 0.429852 0.37457 0.429852 0.429852 0.429852 0.429852 0.429852 0.429852 0.37 0.429852 0.429852 0.371236 0.429852 0.429852 0.429852 0.429852 0.429852 0.429852 0.429852 0.429852 0.429852 0.429852 0.429852 0.429852 0.429852 0.429852 0.429852 0.429852 0.429852 0.429852 0.429852 0.429852 0.429852 0.429852 0.429852 0.429852 0.429852 0.429852 0.429852 0.429852 0.429852 0.429852 0.429852 0.429852 0.429852 0.429852 0.429852 0.429852 0.429852 0.429852 0.429852 0.429852 0.429852 0.429852 0.429852 0.429852 0.429852 0.429852 0.429852 0.429852 0.429852 0.429852 0.429852 0.429852 0.429852 0.429852 0.429852 0.429852 0.429852 0.429852 0.429852 0.429852 0.429852 0.429852 0.429852 0.429852 0.429852 0.429852 0.429852 0.429852 0.429852 0.429852 0.429852 0.429852 0.429852 0.429852 0.429852 0.429852 0.429852 0.429852 0.429852 0.429852 0.429852 0.429852 0.429852 0.429852 0.429852 0.429852 0.429852 0.429852 0.429852 0.429852 0.429852 0.429852 0.429852 0.429852 0.429852 0.429852 0.429852 0.429852 0.429852 0.429852 0.429852 0.429852 0.429852 0.429852 0.429852 0.429852 0.429852 0.429852 0.429852 0.429852 0.429852 0.429852 0.37 0.429852 0.429852 0.429852 0.429852 0.429852 0.429852 0.429852 0.429852 0.429852 0.37 0.429852 0.429852 0.429852 0.429852 0.429852 0.429852 0.429852 0.429852 0.429852 0.37 0.429852 0.429852 0.429852 0.429852 0.429852 0.429852 0.429852 0.429852 0.429852 0.37 0.429852 0.429852 0.429852 0.429852 0.429852 0.429852 0.429852 0.429852 0.429852 0.376752 0.429852 0.429852 0.429852 0.429852 0.429852 0.429852 0.429852 0.429852 0.429852 0.391003 0.429852 0.429852 0.429852 0.429852 0.429852 0.429852 0.429852 0.429852 0.429852 0.429658 0.429852 0.429852 0.429852 0.429852 0.429852 0.429852 0.429852 0.429852 0.429852 0.371116 0.429852 0.429852 0.429852 0.429852 0.429852 0.429852 0.429852 0.429852 0.429852 0.37 0.429852 0.429852 0.429852 0.429852 0.429852 0.429852 0.429852 0.429852 0.429852 0.37 0.429852 0.429852 0.429852 0.405334 0.429852 0.429852 0.429078 0.429852 0.429852 0.429852 0.429852 0.429852 0.429852 0.411361 0.429852 0.429852 0.42909 0.429852 0.429852 0.429852 0.429852 0.429852 0.429852 0.429677 0.429852 0.429852 0.428951 0.429852 0.429852 0.429852 0.429852 0.429852 0.429852 0.373305 0.429852 0.429852 0.37 0.429852 0.429852 0.429852 0.429852 0.429852 0.429852 0.370069 0.429852 0.429852 0.370025 0.429852 0.429852 0.429852 0.429852 0.429852 0.429852 0.370279 0.429852 0.429852 0.373323 0.429852 0.429852 0.429852 0.429852 0.429852 0.429852 0.371384 0.429852 0.429852 0.417342 0.429852 0.429852 0.429852 0.429852 0.429852 0.429852 0.370033 0.429852 0.429852 0.370043 0.429852 0.429852 0.429852 0.429852 0.429852 0.429852 0.422753 0.429852 0.429852 0.413486 0.429852 0.429852 0.429852 0.429852 0.429852 0.429852 0.428783 0.429852 0.429852 0.370158 0.429852 0.429852 0.429852 0.429852 0.429852 0.429852 0.429852 0.429852 0.429852 0.429852 0.429852 0.429852 0.429852 0.429852 0.429852 0.429852 0.429852 0.429852 0.429852 0.429852 0.429852 0.429852 0.429852 0.429852 0.429852 0.429852 0.429852 0.429852 0.429852 0.429852 0.429852 0.429852 0.429852 0.429852 0.429852 0.429852 0.429852 0.429852 0.429852 0.429852 0.429852 0.429852 0.429852 0.429852 0.429852 0.429852 0.429852 0.429852 0.429852 0.429852 0.429852 0.429852 0.429852 0.429852 0.429852 0.429852 0.429852 0.429852 0.429852 0.429852 0.429852 0.429852 0.429852 0.429852 0.429852 0.429852 0.429852 0.429852 0.429852 0.429852 0.429852 0.429852 0.429852 0.429852 0.429852 0.429852 0.429852 0.429852 0.429852 0.429852 0.429852 0.429852 0.429852 0.429852 0.429852 0.429852 0.429852 0.429852 0.429852 0.429852 0.429852 0.429852 0.429852 0.429852 0.429852 0.429852 0.429852 0.429852 0.429852 0.429852 0.429852 0.429852 0.429852 0.429852 0.429852 0.429852 0.429852 0.429852 0.429852 0.429852 0.429852 0.429852 0.370001 0.429852 0.429852 0.429852 0.429852 0.429852 0.429852 0.429852 0.429852 0.429852 0.417456 0.429852 0.429852 0.429852 0.429852 0.429852 0.429852 0.429852 0.429852 0.429852 0.388918 0.429852 0.429852 0.429852 0.429852 0.429852 0.429852 0.429852 0.429852 0.429852 0.409347 0.429852 0.429852 0.429852 0.429852 0.429852 0.429852 0.429852 0.429852 0.429852 0.370038 0.429852 0.429852 0.429852 0.429852 0.429852 0.429852 0.429852 0.429852 0.429852 0.370003 0.429852 0.429852 0.429852 0.429852 0.429852 0.429852 0.429852 0.429852 0.429852 0.370001 0.429852 0.429852 0.429852 0.429852 0.429852 0.429852 0.429852 0.429852 0.429852 0.370159 0.429852 0.429852 0.429852 0.429852 0.429852 0.429852 0.429852 0.429852 0.429852 0.3889 0.429852 0.429852 0.429852 0.429852 0.429852 0.429852 0.429852 0.429852 0.429852 0.37 0.429852 0.429852 0.429852 0.429852 0.429852 0.429852 0.429852 0.429852 0.429852 0.37 0.429852 0.429852 0.429852 0.429852 0.429852 0.429852 0.429852 0.429852 0.429852 0.37 0.429852 0.429852 0.429852 0.429852 0.429852 0.429852 0.429852 0.429852 0.429852 0.370933 0.429852 0.429852 0.429852 0.429852 0.429852 0.429852 0.429852 0.429852 0.429852 0.37 0.429852 0.429852 0.429852 0.429852 0.429852 0.429852 0.429852 0.429852 0.429852 0.428918 0.429852 0.429852 0.429852 0.429852 0.429852 0.429852 0.429852 0.429852 0.429852 0.370015 0.429852 0.429852 0.429852 0.429852 0.429852 0.429852 0.429852 0.429852 0.429852 0.370146 0.429852 0.429852 0.429852 0.429852 0.429852 0.429852 0.429852 0.429852 0.429852 0.37 0.429852 0.429852 0.429852 0.429852 0.429852 0.429852 0.429852 0.429852 0.429852 0.370099 0.429852 0.429852 0.429852 0.429852 0.429852 0.429852 0.429852 0.429852 0.429852 0.37 0.429852 0.429852 0.429852 0.372105 0.429852 0.429852 0.424892 0.429852 0.429852 0.429852 0.429852 0.429852 0.429852 0.372218 0.429852 0.429852 0.370016 0.429852 0.429852 0.429852 0.429852 0.429852 0.429852 0.429672 0.429852 0.429852 0.372347 0.429852 0.429852 0.429852 0.429852 0.429852 0.429852 0.370022 0.429852 0.429852 0.370024 0.429852 0.429852 0.429852 0.429852 0.429852 0.429852 0.370016 0.429852 0.429852 0.370822 0.429852 0.429852 0.429852 0.429852 0.429852 0.429852 0.37 0.429852 0.429852 0.370096 0.429852 0.429852 0.429852 0.429852 0.429852 0.429852 0.370097 0.429852 0.429852 0.37 0.429852 0.429852 0.429852 0.429852 0.429852 0.429852 0.370057 0.429852 0.429852 0.37 0.429852 0.429852 0.429852 0.429852 0.429852 0.429852 0.37 0.429852 0.429852 0.424874 0.429852 0.429852 0.429852 0.429852 0.429852 0.429852 0.425481 0.429852 0.429852 0.370429 0.429852 0.429852 0.429852 0.429852 0.429852 0.429852 0.429852 0.429852 0.429852 0.429852 0.429852 0.429852 0.429852 0.429852 0.429852 0.429852 0.429852 0.429852 0.429852 0.429852 0.429852 0.429852 0.429852 0.429852 0.429852 0.429852 0.429852 0.429852 0.429852 0.429852 0.429852 0.429852 0.429852 0.429852 0.429852 0.429852 0.429852 0.429852 0.429852 0.429852 0.429852 0.429852 0.429852 0.429852 0.429852 0.429852 0.429852 0.429852 0.429852 0.429852 0.429852 0.429852 0.429852 0.429852 0.429852 0.429852 0.429852 0.429852 0.429852 0.429852 0.429852 0.429852 0.429852 0.429852 0.429852 0.429852 0.429852 0.429852 0.429852 0.429852 0.429852 0.429852 0.429852 0.429852 0.429852 0.429852 0.429852 0.429852 0.429852 0.429852 0.429852 0.429852 0.429852 0.429852 0.429852 0.429852 0.429852 0.429852 0.429852 0.429852 0.429852 0.429852 0.429852 0.429852 0.429852 0.429852 0.429852 0.429852 0.429852 0.429852 0.429852 0.429852 0.429852 0.429852 0.429852 0.429852 0.429852 0.429852 0.429852 0.429852 0.429852 0.429852 0.429555 0.429852 0.429852 0.429852 0.429852 0.429852 0.429852 0.429852 0.429852 0.429852 0.429073 0.429852 0.429852 0.429852 0.429852 0.429852 0.429852 0.429852 0.429852 0.429852 0.370008 0.429852 0.429852 0.429852 0.429852 0.429852 0.429852 0.429852 0.429852 0.429852 0.417241 0.429852 0.429852 0.429852 0.429852 0.429852 0.429852 0.429852 0.429852 0.429852 0.372309 0.429852 0.429852 0.429852 0.429852 0.429852 0.429852 0.429852 0.429852 0.429852 0.37 0.429852 0.429852 0.429852 0.429852 0.429852 0.429852 0.429852 0.429852 0.429852 0.386291 0.429852 0.429852 0.429852 0.429852 0.429852 0.429852 0.429852 0.429852 0.429852 0.370085 0.429852 0.429852 0.429852 0.429852 0.429852 0.429852 0.429852 0.429852 0.429852 0.40605 0.429852 0.429852 0.429852 0.429852 0.429852 0.429852 0.429852 0.429852 0.429852 0.37 0.429852 0.429852 0.429852 0.42721 0.429852 0.429852 0.421589 0.429852 0.429852 0.429852 0.429852 0.429852 0.429852 0.37 0.429852 0.429852 0.41715 0.429852 0.429852 0.429852 0.429852 0.429852 0.429852 0.375526 0.429852 0.429852 0.375125 0.429852 0.429852 0.429852 0.429852 0.429852 0.429852 0.388399 0.429852 0.429852 0.428127 0.429852 0.429852 0.429852 0.429852 0.429852 0.429852 0.37 0.429852 0.429852 0.386198 0.429852 0.429852 0.429852 0.429852 0.429852 0.429852 0.413495 0.429852 0.429852 0.37001 0.429852 0.429852 0.429852 0.429852 0.429852 0.429852 0.378711 0.429852 0.429852 0.37 0.429852 0.429852 0.429852 0.429852 0.429852 0.429852 0.37099 0.429852 0.429852 0.428532 0.429852 0.429852 0.429852 0.429852 0.429852 0.429852 0.37 0.429852 0.429852 0.370024 0.429852 0.429852 0.429852 0.429852 0.429852 0.429852 0.412892 0.429852 0.429852 0.37 0.429852 0.429852 0.429852 0.429852 0.429852 0.429852 0.429852 0.429852 0.429852 0.429852 0.429852 0.429852 0.429852 0.429852 0.429852 0.429852 0.429852 0.429852 0.429852 0.429852 0.429852 0.429852 0.429852 0.429852 0.429852 0.429852 0.429852 0.429852 0.429852 0.429852 0.429852 0.429852 0.429852 0.429852 0.429852 0.429852 0.429852 0.429852 0.429852 0.429852 0.429852 0.429852 0.429852 0.429852 0.429852 0.429852 0.429852 0.429852 0.429852 0.429852 0.429852 0.429852 0.429852 0.429852 0.429852 0.429852 0.429852 0.429852 0.429852 0.429852 0.429852 0.429852 0.429852 0.429852 0.429852 0.429852 0.429852 0.429852 0.429852 0.429852 0.429852 0.429852 0.429852 0.429852 0.429852 0.429852 0.429852 0.429852 0.429852 0.429852 0.429852 0.429852 0.429852 0.429852 0.429852 0.429852 0.429852 0.429852 0.429852 0.429852 0.429852 0.429852 0.429852 0.429852 0.429852 0.429852 0.429852 0.429852 0.429852 0.429852 0.429852 0.429852 0.429852 0.429852 0.429852 0.429852 0.429852 0.429852 0.429852 0.429852 0.429852 0.429852 0.37 0.429852 0.429852 0.429852 0.429852 0.429852 0.429852 0.429852 0.429852 0.429852 0.37 0.429852 0.429852 0.429852 0.429852 0.429852 0.429852 0.429852 0.429852 0.429852 0.370015 0.429852 0.429852 0.429852 0.429852 0.429852 0.429852 0.429852 0.429852 0.429852 0.37 0.429852 0.429852 0.429852 0.429852 0.429852 0.429852 0.429852 0.429852 0.429852 0.37 0.429852 0.429852 0.429852 0.429852 0.429852 0.429852 0.429852 0.429852 0.429852 0.370063 0.429852 0.429852 0.429852 0.429852 0.429852 0.429852 0.429852 0.429852 0.429852 0.37 0.429852 0.429852 0.429852 0.429852 0.429852 0.429852 0.429852 0.429852 0.429852 0.383496 0.429852 0.429852 0.429852 0.429852 0.429852 0.429852 0.429852 0.429852 0.429852 0.429403 0.429852 0.429852 0.429852 0.429852 0.429852 0.429852 0.429852 0.429852 0.429852 0.419093 0.429852 0.429852 0.429852 0.425521 0.429852 0.429852 0.372561 0.429852 0.429852 0.429852 0.429852 0.429852 0.429852 0.400821 0.429852 0.429852 0.371748 0.429852 0.429852 0.429852 0.429852 0.429852 0.429852 0.385701 0.429852 0.429852 0.371126 0.429852 0.429852 0.429852 0.429852 0.429852 0.429852 0.37 0.429852 0.429852 0.41517 0.429852 0.429852 0.429852 0.429852 0.429852 0.429852 0.370037 0.429852 0.429852 0.370056 0.429852 0.429852 0.429852 0.429852 0.429852 0.429852 0.421877 0.429852 0.429852 0.370001 0.429852 0.429852 0.429852 0.429852 0.429852 0.429852 0.37 0.429852 0.429852 0.370715 0.429852 0.429852 0.429852 0.429852 0.429852 0.429852 0.403776 0.429852 0.429852 0.428327 0.429852 0.429852 0.429852 0.429852 0.429852 0.429852 0.410084 0.429852 0.429852 0.370001 0.429852 0.429852 0.429852 0.429852 0.429852 0.429852 0.391295 0.429852 0.429852 0.427336 0.429852 0.429852 0.429852 0.429852 0.429852 0.429852 0.429852 0.429852 0.429852 0.429852 0.429852 0.429852 0.429852 0.429852 0.429852 0.429852 0.429852 0.429852 0.429852 0.429852 0.429852 0.429852 0.429852 0.429852 0.429852 0.429852 0.429852 0.429852 0.429852 0.429852 0.429852 0.429852 0.429852 0.429852 0.429852 0.429852 0.429852 0.429852 0.429852 0.429852 0.429852 0.429852 0.429852 0.429852 0.429852 0.429852 0.429852 0.429852 0.429852 0.429852 0.429852 0.429852 0.429852 0.429852 0.429852 0.429852 0.429852 0.429852 0.429852 0.429852 0.429852 0.429852 0.429852 0.429852 0.429852 0.429852 0.429852 0.429852 0.429852 0.429852 0.429852 0.429852 0.429852 0.429852 0.429852 0.429852 0.429852 0.429852 0.429852 0.429852 0.429852 0.429852 0.429852 0.429852 0.429852 0.429852 0.429852 0.429852 0.429852 0.429852 0.429852 0.429852 0.429852 0.429852 0.429852 0.429852 0.429852 0.429852 0.429852 0.429852 0.429852 0.429852 0.429852 0.429852 0.429852 0.429852 0.429852 0.429852 0.429852 0.429852 0.429852 0.429852 0.370006 0.429852 0.429852 0.429852 0.429852 0.429852 0.429852 0.429852 0.429852 0.429852 0.429791 0.429852 0.429852 0.429852 0.429852 0.429852 0.429852 0.429852 0.429852 0.429852 0.37662 0.429852 0.429852 0.429852 0.429852 0.429852 0.429852 0.429852 0.429852 0.429852 0.370542 0.429852 0.429852 0.429852 0.429852 0.429852 0.429852 0.429852 0.429852 0.429852 0.370002 0.429852 0.429852 0.429852 0.429852 0.429852 0.429852 0.429852 0.429852 0.429852 0.37 0.429852 0.429852 0.429852 0.429852 0.429852 0.429852 0.429852 0.429852 0.429852 0.370214 0.429852 0.429852 0.429852 0.429852 0.429852 0.429852 0.429852 0.429852 0.429852 0.37 0.429852 0.429852 0.429852 0.429852 0.429852 0.429852 0.429852 0.429852 0.429852 0.37 0.429852 0.429852 0.429852 0.429852 0.429852 0.429852 0.429852 0.429852 0.429852 0.37 0.429852 0.429852 0.429852 0.429852 0.429852 0.429852 0.429852 0.429852 0.429852 0.371128 0.429852 0.429852 0.429852 0.429852 0.429852 0.429852 0.429852 0.429852 0.429852 0.370026 0.429852 0.429852 0.429852 0.429852 0.429852 0.429852 0.429852 0.429852 0.429852 0.376186 0.429852 0.429852 0.429852 0.429852 0.429852 0.429852 0.429852 0.429852 0.429852 0.370001 0.429852 0.429852 0.429852 0.429852 0.429852 0.429852 0.429852 0.429852 0.429852 0.397458 0.429852 0.429852 0.429852 0.429852 0.429852 0.429852 0.429852 0.429852 0.429852 0.429543 0.429852 0.429852 0.429852 0.429852 0.429852 0.429852 0.429852 0.429852 0.429852 0.37 0.429852 0.429852 0.429852 0.429852 0.429852 0.429852 0.429852 0.429852 0.429852 0.370859 0.429852 0.429852 0.429852 0.429852 0.429852 0.429852 0.429852 0.429852 0.429852 0.429467 0.429852 0.429852 0.429852 0.429852 0.429852 0.429852 0.429852 0.429852 0.429852 0.426039 0.429852 0.429852 0.429852 0.428293 0.429852 0.429852 0.370002 0.429852 0.429852 0.429852 0.429852 0.429852 0.429852 0.37 0.429852 0.429852 0.370004 0.429852 0.429852 0.429852 0.429852 0.429852 0.429852 0.37 0.429852 0.429852 0.416449 0.429852 0.429852 0.429852 0.429852 0.429852 0.429852 0.37 0.429852 0.429852 0.427048 0.429852 0.429852 0.429852 0.429852 0.429852 0.429852 0.42147 0.429852 0.429852 0.426414 0.429852 0.429852 0.429852 0.429852 0.429852 0.429852 0.37 0.429852 0.429852 0.428831 0.429852 0.429852 0.429852 0.429852 0.429852 0.429852 0.37 0.429852 0.429852 0.396167 0.429852 0.429852 0.429852 0.429852 0.429852 0.429852 0.370007 0.429852 0.429852 0.37001 0.429852 0.429852 0.429852 0.429852 0.429852 0.429852 0.413119 0.429852 0.429852 0.37 0.429852 0.429852 0.429852 0.429852 0.429852 0.429852 0.370457 0.429852 0.429852 0.422555 0.429852 0.429852 0.429852 0.429852 0.429852 0.429852 0.429852 0.429852 0.429852 0.429852 0.429852 0.429852 0.429852 0.429852 0.429852 0.429852 0.429852 0.429852 0.429852 0.429852 0.429852 0.429852 0.429852 0.429852 0.429852 0.429852 0.429852 0.429852 0.429852 0.429852 0.429852 0.429852 0.429852 0.429852 0.429852 0.429852 0.429852 0.429852 0.429852 0.429852 0.429852 0.429852 0.429852 0.429852 0.429852 0.429852 0.429852 0.429852 0.429852 0.429852 0.429852 0.429852 0.429852 0.429852 0.429852 0.429852 0.429852 0.429852 0.429852 0.429852 0.429852 0.429852 0.429852 0.429852 0.429852 0.429852 0.429852 0.429852 0.429852 0.429852 0.429852 0.429852 0.429852 0.429852 0.429852 0.429852 0.429852 0.429852 0.429852 0.429852 0.429852 0.429852 0.429852 0.429852 0.429852 0.429852 0.429852 0.429852 0.429852 0.429852 0.429852 0.429852 0.429852 0.429852 0.429852 0.429852 0.429852 0.429852 0.429852 0.429852 0.429852 0.429852 0.429852 0.429852 0.429852 0.429852 0.429852 0.429852 0.429852 0.429852 0.429852 0.429852 0.371506 0.429852 0.429852 0.429852 0.429852 0.429852 0.429852 0.429852 0.429852 0.429852 0.417392 0.429852 0.429852 0.429852 0.429852 0.429852 0.429852 0.429852 0.429852 0.429852 0.37 0.429852 0.429852 0.429852 0.429852 0.429852 0.429852 0.429852 0.429852 0.429852 0.422025 0.429852 0.429852 0.429852 0.429852 0.429852 0.429852 0.429852 0.429852 0.429852 0.370114 0.429852 0.429852 0.429852 0.429852 0.429852 0.429852 0.429852 0.429852 0.429852 0.375123 0.429852 0.429852 0.429852 0.429852 0.429852 0.429852 0.429852 0.429852 0.429852 0.389834 0.429852 0.429852 0.429852 0.429852 0.429852 0.429852 0.429852 0.429852 0.429852 0.37 0.429852 0.429852 0.429852 0.429852 0.429852 0.429852 0.429852 0.429852 0.429852 0.370027 0.429852 0.429852 0.429852 0.429852 0.429852 0.429852 0.429852 0.429852 0.429852 0.38765 0.429852 0.429852 0.429852 0.419194 0.429852 0.429852 0.392003 0.429852 0.429852 0.429852 0.429852 0.429852 0.429852 0.370154 0.429852 0.429852 0.405322 0.429852 0.429852 0.429852 0.429852 0.429852 0.429852 0.382327 0.429852 0.429852 0.370046 0.429852 0.429852 0.429852 0.429852 0.429852 0.429852 0.429376 0.429852 0.429852 0.424545 0.429852 0.429852 0.429852 0.429852 0.429852 0.429852 0.370005 0.429852 0.429852 0.428535 0.429852 0.429852 0.429852 0.429852 0.429852 0.429852 0.37 0.429852 0.429852 0.373599 0.429852 0.429852 0.429852 0.429852 0.429852 0.429852 0.429635 0.429852 0.429852 0.427776 0.429852 0.429852 0.429852 0.429852 0.429852 0.429852 0.37555 0.429852 0.429852 0.380832 0.429852 0.429852 0.429852 0.429852 0.429852 0.429852 0.428582 0.429852 0.429852 0.37 0.429852 0.429852 0.429852 0.429852 0.429852 0.429852 0.428189 0.429852 0.429852 0.373485 0.429852 0.429852 0.429852 0.429852 0.429852 0.429852 0.429852 0.429852 0.429852 0.429852 0.429852 0.429852 0.429852 0.429852 0.429852 0.429852 0.429852 0.429852 0.429852 0.429852 0.429852 0.429852 0.429852 0.429852 0.429852 0.429852 0.429852 0.429852 0.429852 0.429852 0.429852 0.429852 0.429852 0.429852 0.429852 0.429852 0.429852 0.429852 0.429852 0.429852 0.429852 0.429852 0.429852 0.429852 0.429852 0.429852 0.429852 0.429852 0.429852 0.429852 0.429852 0.429852 0.429852 0.429852 0.429852 0.429852 0.429852 0.429852 0.429852 0.429852 0.429852 0.429852 0.429852 0.429852 0.429852 0.429852 0.429852 0.429852 0.429852 0.429852 0.429852 0.429852 0.429852 0.429852 0.429852 0.429852 0.429852 0.429852 0.429852 0.429852 0.429852 0.429852 0.429852 0.429852 0.429852 0.429852 0.429852 0.429852 0.429852 0.429852 0.429852 0.429852 0.429852 0.429852 0.429852 0.429852 0.429852 0.429852 0.429852 0.429852 0.429852 0.429852 0.429852 0.429852 0.429852 0.429852 0.429852 0.429852 0.429852 0.429852 0.429852 0.429852 0.378871 0.429852 0.429852 0.429852 0.429852 0.429852 0.429852 0.429852 0.429852 0.429852 0.409763 0.429852 0.429852 0.429852 0.429852 0.429852 0.429852 0.429852 0.429852 0.429852 0.3947 0.429852 0.429852 0.429852 0.429852 0.429852 0.429852 0.429852 0.429852 0.429852 0.391651 0.429852 0.429852 0.429852 0.429852 0.429852 0.429852 0.429852 0.429852 0.429852 0.429765 0.429852 0.429852 0.429852 0.429852 0.429852 0.429852 0.429852 0.429852 0.429852 0.390548 0.429852 0.429852 0.429852 0.429852 0.429852 0.429852 0.429852 0.429852 0.429852 0.370209 0.429852 0.429852 0.429852 0.429852 0.429852 0.429852 0.429852 0.429852 0.429852 0.37 0.429852 0.429852 0.429852 0.429852 0.429852 0.429852 0.429852 0.429852 0.429852 0.426993 0.429852 0.429852 0.429852 0.429852 0.429852 0.429852 0.429852 0.429852 0.429852 0.426659 0.429852 0.429852 0.429852 0.370115 0.429852 0.429852 0.375645 0.429852 0.429852 0.429852 0.429852 0.429852 0.429852 0.39673 0.429852 0.429852 0.370001 0.429852 0.429852 0.429852 0.429852 0.429852 0.429852 0.370079 0.429852 0.429852 0.370012 0.429852 0.429852 0.429852 0.429852 0.429852 0.429852 0.428274 0.429852 0.429852 0.428707 0.429852 0.429852 0.429852 0.429852 0.429852 0.429852 0.37 0.429852 0.429852 0.428861 0.429852 0.429852 0.429852 0.429852 0.429852 0.429852 0.396781 0.429852 0.429852 0.37 0.429852 0.429852 0.429852 0.429852 0.429852 0.429852 0.370457 0.429852 0.429852 0.370085 0.429852 0.429852 0.429852 0.429852 0.429852 0.429852 0.370004 0.429852 0.429852 0.428973 0.429852 0.429852 0.429852 0.429852 0.429852 0.429852 0.42804 0.429852 0.429852 0.37 0.429852 0.429852 0.429852 0.429852 0.429852 0.429852 0.370001 0.429852 0.429852 0.398544 0.429852 0.429852 0.429852 0.429852 0.429852 0.429852 0.429852 0.429852 0.429852 0.429852 0.429852 0.429852 0.429852 0.429852 0.429852 0.429852 0.429852 0.429852 0.429852 0.429852 0.429852 0.429852 0.429852 0.429852 0.429852 0.429852 0.429852 0.429852 0.429852 0.429852 0.429852 0.429852 0.429852 0.429852 0.429852 0.429852 0.429852 0.429852 0.429852 0.429852 0.429852 0.429852 0.429852 0.429852 0.429852 0.429852 0.429852 0.429852 0.429852 0.429852 0.429852 0.429852 0.429852 0.429852 0.429852 0.429852 0.429852 0.429852 0.429852 0.429852 0.429852 0.429852 0.429852 0.429852 0.429852 0.429852 0.429852 0.429852 0.429852 0.429852 0.429852 0.429852 0.429852 0.429852 0.429852 0.429852 0.429852 0.429852 0.429852 0.429852 0.429852 0.429852 0.429852 0.429852 0.429852 0.429852 0.429852 0.429852 0.429852 0.429852 0.429852 0.429852 0.429852 0.429852 0.429852 0.429852 0.429852 0.429852 0.429852 0.429852 0.429852 0.429852 0.429852 0.429852 0.429852 0.429852 0.429852 0.429852 0.429852 0.429852 0.429852 0.429852 0.37 0.429852 0.429852 0.429852 0.429852 0.429852 0.429852 0.429852 0.429852 0.429852 0.37 0.429852 0.429852 0.429852 0.429852 0.429852 0.429852 0.429852 0.429852 0.429852 0.408634 0.429852 0.429852 0.429852 0.429852 0.429852 0.429852 0.429852 0.429852 0.429852 0.37 0.429852 0.429852 0.429852 0.429852 0.429852 0.429852 0.429852 0.429852 0.429852 0.418984 0.429852 0.429852 0.429852 0.429852 0.429852 0.429852 0.429852 0.429852 0.429852 0.42942 0.429852 0.429852 0.429852 0.429852 0.429852 0.429852 0.429852 0.429852 0.429852 0.37338 0.429852 0.429852 0.429852 0.429852 0.429852 0.429852 0.429852 0.429852 0.429852 0.370001 0.429852 0.429852 0.429852 0.429852 0.429852 0.429852 0.429852 0.429852 0.429852 0.37 0.429852 0.429852 0.429852 0.429852 0.429852 0.429852 0.429852 0.429852 0.429852 0.428951 0.429852 0.429852 0.429852 0.429852 0.429852 0.429852 0.429852 0.429852 0.429852 0.393581 0.429852 0.429852 0.429852 0.429852 0.429852 0.429852 0.429852 0.429852 0.429852 0.402388 0.429852 0.429852 0.429852 0.429852 0.429852 0.429852 0.429852 0.429852 0.429852 0.372034 0.429852 0.429852 0.429852 0.429852 0.429852 0.429852 0.429852 0.429852 0.429852 0.404075 0.429852 0.429852 0.429852 0.429852 0.429852 0.429852 0.429852 0.429852 0.429852 0.37 0.429852 0.429852 0.429852 0.429852 0.429852 0.429852 0.429852 0.429852 0.429852 0.37 0.429852 0.429852 0.429852 0.429852 0.429852 0.429852 0.429852 0.429852 0.429852 0.370027 0.429852 0.429852 0.429852 0.429852 0.429852 0.429852 0.429852 0.429852 0.429852 0.423406 0.429852 0.429852 0.429852 0.429852 0.429852 0.429852 0.429852 0.429852 0.429852 0.370001 0.429852 0.429852 0.429852 0.429852 0.429852 0.429852 0.429852 0.429852 0.429852 0.370002 0.429852 0.429852 0.429852 0.410388 0.429852 0.429852 0.424501 0.429852 0.429852 0.429852 0.429852 0.429852 0.429852 0.42974 0.429852 0.429852 0.37 0.429852 0.429852 0.429852 0.429852 0.429852 0.429852 0.370019 0.429852 0.429852 0.37 0.429852 0.429852 0.429852 0.429852 0.429852 0.429852 0.37 0.429852 0.429852 0.370019 0.429852 0.429852 0.429852 0.429852 0.429852 0.429852 0.37 0.429852 0.429852 0.429313 0.429852 0.429852 0.429852 0.429852 0.429852 0.429852 0.411902 0.429852 0.429852 0.428607 0.429852 0.429852 0.429852 0.429852 0.429852 0.429852 0.416937 0.429852 0.429852 0.370148 0.429852 0.429852 0.429852 0.429852 0.429852 0.429852 0.429539 0.429852 0.429852 0.37 0.429852 0.429852 0.429852 0.429852 0.429852 0.429852 0.370989 0.429852 0.429852 0.414677 0.429852 0.429852 0.429852 0.429852 0.429852 0.429852 0.429213 0.429852 0.429852 0.423864 0.429852 0.429852 0.429852 0.429852 0.429852 0.429852 0.429852 0.429852 0.429852 0.429852 0.429852 0.429852 0.429852 0.429852 0.429852 0.429852 0.429852 0.429852 0.429852 0.429852 0.429852 0.429852 0.429852 0.429852 0.429852 0.429852 0.429852 0.429852 0.429852 0.429852 0.429852 0.429852 0.429852 0.429852 0.429852 0.429852 0.429852 0.429852 0.429852 0.429852 0.429852 0.429852 0.429852 0.429852 0.429852 0.429852 0.429852 0.429852 0.429852 0.429852 0.429852 0.429852 0.429852 0.429852 0.429852 0.429852 0.429852 0.429852 0.429852 0.429852 0.429852 0.429852 0.429852 0.429852 0.429852 0.429852 0.429852 0.429852 0.429852 0.429852 0.429852 0.429852 0.429852 0.429852 0.429852 0.429852 0.429852 0.429852 0.429852 0.429852 0.429852 0.429852 0.429852 0.429852 0.429852 0.429852 0.429852 0.429852 0.429852 0.429852 0.429852 0.429852 0.429852 0.429852 0.429852 0.429852 0.429852 0.429852 0.429852 0.429852 0.429852 0.429852 0.429852 0.429852 0.429852 0.429852 0.429852 0.429852 0.429852 0.429852 0.429852 0.429852 0.37 0.429852 0.429852 0.429852 0.429852 0.429852 0.429852 0.429852 0.429852 0.429852 0.428631 0.429852 0.429852 0.429852 0.429852 0.429852 0.429852 0.429852 0.429852 0.429852 0.37 0.429852 0.429852 0.429852 0.429852 0.429852 0.429852 0.429852 0.429852 0.429852 0.422637 0.429852 0.429852 0.429852 0.429852 0.429852 0.429852 0.429852 0.429852 0.429852 0.429694 0.429852 0.429852 0.429852 0.429852 0.429852 0.429852 0.429852 0.429852 0.429852 0.422338 0.429852 0.429852 0.429852 0.429852 0.429852 0.429852 0.429852 0.429852 0.429852 0.427444 0.429852 0.429852 0.429852 0.429852 0.429852 0.429852 0.429852 0.429852 0.429852 0.412227 0.429852 0.429852 0.429852 0.429852 0.429852 0.429852 0.429852 0.429852 0.429852 0.372633 0.429852 0.429852 0.429852 0.429852 0.429852 0.429852 0.429852 0.429852 0.429852 0.37 0.429852 0.429852 0.429852 0.37 0.429852 0.429852 0.376109 0.429852 0.429852 0.429852 0.429852 0.429852 0.429852 0.37 0.429852 0.429852 0.37 0.429852 0.429852 0.429852 0.429852 0.429852 0.429852 0.37 0.429852 0.429852 0.429349 0.429852 0.429852 0.429852 0.429852 0.429852 0.429852 0.370544 0.429852 0.429852 0.37 0.429852 0.429852 0.429852 0.429852 0.429852 0.429852 0.37 0.429852 0.429852 0.406121 0.429852 0.429852 0.429852 0.429852 0.429852 0.429852 0.37 0.429852 0.429852 0.398211 0.429852 0.429852 0.429852 0.429852 0.429852 0.429852 0.37 0.429852 0.429852 0.37 0.429852 0.429852 0.429852 0.429852 0.429852 0.429852 0.412319 0.429852 0.429852 0.37 0.429852 0.429852 0.429852 0.429852 0.429852 0.429852 0.382949 0.429852 0.429852 0.37 0.429852 0.429852 0.429852 0.429852 0.429852 0.429852 0.41068 0.429852 0.429852 0.428539 0.429852 0.429852 0.429852 0.429852 0.429852 0.429852 0.429852 0.429852 0.429852 0.429852 0.429852 0.429852 0.429852 0.429852 0.429852 0.429852 0.429852 0.429852 0.429852 0.429852 0.429852 0.429852 0.429852 0.429852 0.429852 0.429852 0.429852 0.429852 0.429852 0.429852 0.429852 0.429852 0.429852 0.429852 0.429852 0.429852 0.429852 0.429852 0.429852 0.429852 0.429852 0.429852 0.429852 0.429852 0.429852 0.429852 0.429852 0.429852 0.429852 0.429852 0.429852 0.429852 0.429852 0.429852 0.429852 0.429852 0.429852 0.429852 0.429852 0.429852 0.429852 0.429852 0.429852 0.429852 0.429852 0.429852 0.429852 0.429852 0.429852 0.429852 0.429852 0.429852 0.429852 0.429852 0.429852 0.429852 0.429852 0.429852 0.429852 0.429852 0.429852 0.429852 0.429852 0.429852 0.429852 0.429852 0.429852 0.429852 0.429852 0.429852 0.429852 0.429852 0.429852 0.429852 0.429852 0.429852 0.429852 0.429852 0.429852 0.429852 0.429852 0.429852 0.429852 0.429852 0.429852 0.429852 0.429852 0.429852 0.429852 0.429852 0.429852 0.429852 0.394714 0.429852 0.429852 0.429852 0.429852 0.429852 0.429852 0.429852 0.429852 0.429852 0.37 0.429852 0.429852 0.429852 0.429852 0.429852 0.429852 0.429852 0.429852 0.429852 0.370004 0.429852 0.429852 0.429852 0.429852 0.429852 0.429852 0.429852 0.429852 0.429852 0.373765 0.429852 0.429852 0.429852 0.429852 0.429852 0.429852 0.429852 0.429852 0.429852 0.370023 0.429852 0.429852 0.429852 0.429852 0.429852 0.429852 0.429852 0.429852 0.429852 0.390858 0.429852 0.429852 0.429852 0.429852 0.429852 0.429852 0.429852 0.429852 0.429852 0.370238 0.429852 0.429852 0.429852 0.429852 0.429852 0.429852 0.429852 0.429852 0.429852 0.37 0.429852 0.429852 0.429852 0.429852 0.429852 0.429852 0.429852 0.429852 0.429852 0.371799 0.429852 0.429852 0.429852 0.429852 0.429852 0.429852 0.429852 0.429852 0.429852 0.371544 0.429852 0.429852 0.429852 0.429687 0.429852 0.429852 0.406209 0.429852 0.429852 0.429852 0.429852 0.429852 0.429852 0.37 0.429852 0.429852 0.37 0.429852 0.429852 0.429852 0.429852 0.429852 0.429852 0.407915 0.429852 0.429852 0.37 0.429852 0.429852 0.429852 0.429852 0.429852 0.429852 0.37 0.429852 0.429852 0.370183 0.429852 0.429852 0.429852 0.429852 0.429852 0.429852 0.37 0.429852 0.429852 0.370063 0.429852 0.429852 0.429852 0.429852 0.429852 0.429852 0.375696 0.429852 0.429852 0.406333 0.429852 0.429852 0.429852 0.429852 0.429852 0.429852 0.37 0.429852 0.429852 0.414421 0.429852 0.429852 0.429852 0.429852 0.429852 0.429852 0.37 0.429852 0.429852 0.429264 0.429852 0.429852 0.429852 0.429852 0.429852 0.429852 0.373213 0.429852 0.429852 0.370001 0.429852 0.429852 0.429852 0.429852 0.429852 0.429852 0.370009 0.429852 0.429852 0.37 0.429852 0.429852 0.429852 0.429852 0.429852 0.429852 0.429852 0.429852 0.429852 0.429852 0.429852 0.429852 0.429852 0.429852 0.429852 0.429852 0.429852 0.429852 0.429852 0.429852 0.429852 0.429852 0.429852 0.429852 0.429852 0.429852 0.429852 0.429852 0.429852 0.429852 0.429852 0.429852 0.429852 0.429852 0.429852 0.429852 0.429852 0.429852 0.429852 0.429852 0.429852 0.429852 0.429852 0.429852 0.429852 0.429852 0.429852 0.429852 0.429852 0.429852 0.429852 0.429852 0.429852 0.429852 0.429852 0.429852 0.429852 0.429852 0.429852 0.429852 0.429852 0.429852 0.429852 0.429852 0.429852 0.429852 0.429852 0.429852 0.429852 0.429852 0.429852 0.429852 0.429852 0.429852 0.429852 0.429852 0.429852 0.429852 0.429852 0.429852 0.429852 0.429852 0.429852 0.429852 0.429852 0.429852 0.429852 0.429852 0.429852 0.429852 0.429852 0.429852 0.429852 0.429852 0.429852 0.429852 0.429852 0.429852 0.429852 0.429852 0.429852 0.429852 0.429852 0.429852 0.429852 0.429852 0.429852 0.429852 0.429852 0.429852 0.429852 0.429852 0.398978 0.429852 0.429852 0.429852 0.429852 0.429852 0.429852 0.429852 0.429852 0.429852 0.371727 0.429852 0.429852 0.429852 0.429852 0.429852 0.429852 0.429852 0.429852 0.429852 0.370102 0.429852 0.429852 0.429852 0.429852 0.429852 0.429852 0.429852 0.429852 0.429852 0.37 0.429852 0.429852 0.429852 0.429852 0.429852 0.429852 0.429852 0.429852 0.429852 0.428672 0.429852 0.429852 0.429852 0.429852 0.429852 0.429852 0.429852 0.429852 0.429852 0.378109 0.429852 0.429852 0.429852 0.429852 0.429852 0.429852 0.429852 0.429852 0.429852 0.374954 0.429852 0.429852 0.429852 0.429852 0.429852 0.429852 0.429852 0.429852 0.429852 0.42935 0.429852 0.429852 0.429852 0.429852 0.429852 0.429852 0.429852 0.429852 0.429852 0.371941 0.429852 0.429852 0.429852 0.429852 0.429852 0.429852 0.429852 0.429852 0.429852 0.37 0.429852 0.429852 0.429852 0.429852 0.429852 0.429852 0.429852 0.429852 0.429852 0.371242 0.429852 0.429852 0.429852 0.429852 0.429852 0.429852 0.429852 0.429852 0.429852 0.37 0.429852 0.429852 0.429852 0.429852 0.429852 0.429852 0.429852 0.429852 0.429852 0.428572 0.429852 0.429852 0.429852 0.429852 0.429852 0.429852 0.429852 0.429852 0.429852 0.37 0.429852 0.429852 0.429852 0.429852 0.429852 0.429852 0.429852 0.429852 0.429852 0.417138 0.429852 0.429852 0.429852 0.429852 0.429852 0.429852 0.429852 0.429852 0.429852 0.370036 0.429852 0.429852 0.429852 0.429852 0.429852 0.429852 0.429852 0.429852 0.429852 0.421934 0.429852 0.429852 0.429852 0.429852 0.429852 0.429852 0.429852 0.429852 0.429852 0.37 0.429852 0.429852 0.429852 0.429852 0.429852 0.429852 0.429852 0.429852 0.429852 0.429439 0.429852 0.429852 0.429852 0.429852 0.429852 0.429852 0.429852 0.429852 0.429852 0.413536 0.429852 0.429852 0.429852 0.373614 0.429852 0.429852 0.37005 0.429852 0.429852 0.429852 0.429852 0.429852 0.429852 0.423219 0.429852 0.429852 0.37 0.429852 0.429852 0.429852 0.429852 0.429852 0.429852 0.397081 0.429852 0.429852 0.37 0.429852 0.429852 0.429852 0.429852 0.429852 0.429852 0.37002 0.429852 0.429852 0.370209 0.429852 0.429852 0.429852 0.429852 0.429852 0.429852 0.429571 0.429852 0.429852 0.37 0.429852 0.429852 0.429852 0.429852 0.429852 0.429852 0.393879 0.429852 0.429852 0.370163 0.429852 0.429852 0.429852 0.429852 0.429852 0.429852 0.370003 0.429852 0.429852 0.37 0.429852 0.429852 0.429852 0.429852 0.429852 0.429852 0.376684 0.429852 0.429852 0.388009 0.429852 0.429852 0.429852 0.429852 0.429852 0.429852 0.370009 0.429852 0.429852 0.370577 0.429852 0.429852 0.429852 0.429852 0.429852 0.429852 0.370002 0.429852 0.429852 0.427727 0.429852 0.429852 0.429852 0.429852 0.429852 0.429852 0.429852 0.429852 0.429852 0.429852 0.429852 0.429852 0.429852 0.429852 0.429852 0.429852 0.429852 0.429852 0.429852 0.429852 0.429852 0.429852 0.429852 0.429852 0.429852 0.429852 0.429852 0.429852 0.429852 0.429852 0.429852 0.429852 0.429852 0.429852 0.429852 0.429852 0.429852 0.429852 0.429852 0.429852 0.429852 0.429852 0.429852 0.429852 0.429852 0.429852 0.429852 0.429852 0.429852 0.429852 0.429852 0.429852 0.429852 0.429852 0.429852 0.429852 0.429852 0.429852 0.429852 0.429852 0.429852 0.429852 0.429852 0.429852 0.429852 0.429852 0.429852 0.429852 0.429852 0.429852 0.429852 0.429852 0.429852 0.429852 0.429852 0.429852 0.429852 0.429852 0.429852 0.429852 0.429852 0.429852 0.429852 0.429852 0.429852 0.429852 0.429852 0.429852 0.429852 0.429852 0.429852 0.429852 0.429852 0.429852 0.429852 0.429852 0.429852 0.429852 0.429852 0.429852 0.429852 0.429852 0.429852 0.429852 0.429852 0.429852 0.429852 0.429852 0.429852 0.429852 0.429852 0.429852 0.419068 0.429852 0.429852 0.429852 0.429852 0.429852 0.429852 0.429852 0.429852 0.429852 0.414744 0.429852 0.429852 0.429852 0.429852 0.429852 0.429852 0.429852 0.429852 0.429852 0.37 0.429852 0.429852 0.429852 0.429852 0.429852 0.429852 0.429852 0.429852 0.429852 0.428589 0.429852 0.429852 0.429852 0.429852 0.429852 0.429852 0.429852 0.429852 0.429852 0.375938 0.429852 0.429852 0.429852 0.429852 0.429852 0.429852 0.429852 0.429852 0.429852 0.370146 0.429852 0.429852 0.429852 0.429852 0.429852 0.429852 0.429852 0.429852 0.429852 0.423791 0.429852 0.429852 0.429852 0.429852 0.429852 0.429852 0.429852 0.429852 0.429852 0.37 0.429852 0.429852 0.429852 0.429852 0.429852 0.429852 0.429852 0.429852 0.429852 0.429164 0.429852 0.429852 0.429852 0.429852 0.429852 0.429852 0.429852 0.429852 0.429852 0.427655 0.429852 0.429852 0.429852 0.377201 0.429852 0.429852 0.420635 0.429852 0.429852 0.429852 0.429852 0.429852 0.429852 0.37 0.429852 0.429852 0.372231 0.429852 0.429852 0.429852 0.429852 0.429852 0.429852 0.370044 0.429852 0.429852 0.37 0.429852 0.429852 0.429852 0.429852 0.429852 0.429852 0.37 0.429852 0.429852 0.380808 0.429852 0.429852 0.429852 0.429852 0.429852 0.429852 0.428898 0.429852 0.429852 0.37 0.429852 0.429852 0.429852 0.429852 0.429852 0.429852 0.423453 0.429852 0.429852 0.374159 0.429852 0.429852 0.429852 0.429852 0.429852 0.429852 0.421686 0.429852 0.429852 0.391856 0.429852 0.429852 0.429852 0.429852 0.429852 0.429852 0.426623 0.429852 0.429852 0.404569 0.429852 0.429852 0.429852 0.429852 0.429852 0.429852 0.37 0.429852 0.429852 0.42027 0.429852 0.429852 0.429852 0.429852 0.429852 0.429852 0.370064 0.429852 0.429852 0.37 0.429852 0.429852 0.429852 0.429852 0.429852 0.429852 0.429852 0.429852 0.429852 0.429852 0.429852 0.429852 0.429852 0.429852 0.429852 0.429852 0.429852 0.429852 0.429852 0.429852 0.429852 0.429852 0.429852 0.429852 0.429852 0.429852 0.429852 0.429852 0.429852 0.429852 0.429852 0.429852 0.429852 0.429852 0.429852 0.429852 0.429852 0.429852 0.429852 0.429852 0.429852 0.429852 0.429852 0.429852 0.429852 0.429852 0.429852 0.429852 0.429852 0.429852 0.429852 0.429852 0.429852 0.429852 0.429852 0.429852 0.429852 0.429852 0.429852 0.429852 0.429852 0.429852 0.429852 0.429852 0.429852 0.429852 0.429852 0.429852 0.429852 0.429852 0.429852 0.429852 0.429852 0.429852 0.429852 0.429852 0.429852 0.429852 0.429852 0.429852 0.429852 0.429852 0.429852 0.429852 0.429852 0.429852 0.429852 0.429852 0.429852 0.429852 0.429852 0.429852 0.429852 0.429852 0.429852 0.429852 0.429852 0.429852 0.429852 0.429852 0.429852 0.429852 0.429852 0.429852 0.429852 0.429852 0.429852 0.429852 0.429852 0.429852 0.429852 0.429852 0.429496 0.429852 0.429852 0.429852 0.429852 0.429852 0.429852 0.429852 0.429852 0.429852 0.413362 0.429852 0.429852 0.429852 0.429852 0.429852 0.429852 0.429852 0.429852 0.429852 0.370189 0.429852 0.429852 0.429852 0.429852 0.429852 0.429852 0.429852 0.429852 0.429852 0.370287 0.429852 0.429852 0.429852 0.429852 0.429852 0.429852 0.429852 0.429852 0.429852 0.370002 0.429852 0.429852 0.429852 0.429852 0.429852 0.429852 0.429852 0.429852 0.429852 0.370219 0.429852 0.429852 0.429852 0.429852 0.429852 0.429852 0.429852 0.429852 0.429852 0.412615 0.429852 0.429852 0.429852 0.429852 0.429852 0.429852 0.429852 0.429852 0.429852 0.426057 0.429852 0.429852 0.429852 0.429852 0.429852 0.429852 0.429852 0.429852 0.429852 0.370016 0.429852 0.429852 0.429852 0.429852 0.429852 0.429852 0.429852 0.429852 0.429852 0.37 0.429852 0.429852 0.429852 0.37 0.429852 0.429852 0.428736 0.429852 0.429852 0.429852 0.429852 0.429852 0.429852 0.371081 0.429852 0.429852 0.429735 0.429852 0.429852 0.429852 0.429852 0.429852 0.429852 0.37 0.429852 0.429852 0.423966 0.429852 0.429852 0.429852 0.429852 0.429852 0.429852 0.37 0.429852 0.429852 0.429437 0.429852 0.429852 0.429852 0.429852 0.429852 0.429852 0.396464 0.429852 0.429852 0.370009 0.429852 0.429852 0.429852 0.429852 0.429852 0.429852 0.40805 0.429852 0.429852 0.37 0.429852 0.429852 0.429852 0.429852 0.429852 0.429852 0.370019 0.429852 0.429852 0.37 0.429852 0.429852 0.429852 0.429852 0.429852 0.429852 0.370554 0.429852 0.429852 0.429121 0.429852 0.429852 0.429852 0.429852 0.429852 0.429852 0.370314 0.429852 0.429852 0.37 0.429852 0.429852 0.429852 0.429852 0.429852 0.429852 0.370003 0.429852 0.429852 0.37 0.429852 0.429852 0.429852 0.429852 0.429852 0.429852 0.429852 0.429852 0.429852 0.429852 0.429852 0.429852 0.429852 0.429852 0.429852 0.429852 0.429852 0.429852 0.429852 0.429852 0.429852 0.429852 0.429852 0.429852 0.429852 0.429852 0.429852 0.429852 0.429852 0.429852 0.429852 0.429852 0.429852 0.429852 0.429852 0.429852 0.429852 0.429852 0.429852 0.429852 0.429852 0.429852 0.429852 0.429852 0.429852 0.429852 0.429852 0.429852 0.429852 0.429852 0.429852 0.429852 0.429852 0.429852 0.429852 0.429852 0.429852 0.429852 0.429852 0.429852 0.429852 0.429852 0.429852 0.429852 0.429852 0.429852 0.429852 0.429852 0.429852 0.429852 0.429852 0.429852 0.429852 0.429852 0.429852 0.429852 0.429852 0.429852 0.429852 0.429852 0.429852 0.429852 0.429852 0.429852 0.429852 0.429852 0.429852 0.429852 0.429852 0.429852 0.429852 0.429852 0.429852 0.429852 0.429852 0.429852 0.429852 0.429852 0.429852 0.429852 0.429852 0.429852 0.429852 0.429852 0.429852 0.429852 0.429852 0.429852 0.429852 0.429852 0.429852 0.429852 0.425563 0.429852 0.429852 0.429852 0.429852 0.429852 0.429852 0.429852 0.429852 0.429852 0.37556 0.429852 0.429852 0.429852 0.429852 0.429852 0.429852 0.429852 0.429852 0.429852 0.429688 0.429852 0.429852 0.429852 0.429852 0.429852 0.429852 0.429852 0.429852 0.429852 0.410294 0.429852 0.429852 0.429852 0.429852 0.429852 0.429852 0.429852 0.429852 0.429852 0.37 0.429852 0.429852 0.429852 0.429852 0.429852 0.429852 0.429852 0.429852 0.429852 0.37 0.429852 0.429852 0.429852 0.429852 0.429852 0.429852 0.429852 0.429852 0.429852 0.370009 0.429852 0.429852 0.429852 0.429852 0.429852 0.429852 0.429852 0.429852 0.429852 0.37 0.429852 0.429852 0.429852 0.429852 0.429852 0.429852 0.429852 0.429852 0.429852 0.370112 0.429852 0.429852 0.429852 0.429852 0.429852 0.429852 0.429852 0.429852 0.429852 0.429225 0.429852 0.429852 
0.439802 0.439802 0.439802 0.439802 0.439802 0.439802 0.439802 0.404392 0.439802 0.439802 0.439802 0.439802 0.439802 0.439802 0.439802 0.439802 0.439802 0.36 0.439802 0.439802 0.439802 0.439802 0.439802 0.439802 0.439802 0.439802 0.439802 0.360002 0.439802 0.439802 0.439802 0.439802 0.439802 0.439802 0.439802 0.439802 0.439802 0.439504 0.439802 0.439802 0.439802 0.439802 0.439802 0.439802 0.439802 0.439802 0.439802 0.360201 0.439802 0.439802 0.439802 0.439802 0.439802 0.439802 0.439802 0.439802 0.439802 0.360016 0.439802 0.439802 0.439802 0.439802 0.439802 0.439802 0.439802 0.439802 0.439802 0.360025 0.439802 0.439802 0.439802 0.439802 0.439802 0.439802 0.439802 0.439802 0.439802 0.43934 0.439802 0.439802 0.439802 0.439802 0.439802 0.439802 0.439802 0.439802 0.439802 0.437497 0.439802 0.439802 0.439802 0.439802 0.439802 0.439802 0.439802 0.439802 0.439802 0.360037 0.439802 0.439802 0.439802 0.422506 0.439802 0.439802 0.36 0.439802 0.439802 0.439802 0.439802 0.439802 0.439802 0.396148 0.439802 0.439802 0.380656 0.439802 0.439802 0.439802 0.439802 0.439802 0.439802 0.360173 0.439802 0.439802 0.360001 0.439802 0.439802 0.439802 0.439802 0.439802 0.439802 0.437363 0.439802 0.439802 0.36 0.439802 0.439802 0.439802 0.439802 0.439802 0.439802 0.435315 0.439802 0.439802 0.36847 0.439802 0.439802 0.439802 0.439802 0.439802 0.439802 0.436219 0.439802 0.439802 0.360023 0.439802 0.439802 0.439802 0.439802 0.439802 0.439802 0.360355 0.439802 0.439802 0.360078 0.439802 0.439802 0.439802 0.439802 0.439802 0.439802 0.364264 0.439802 0.439802 0.36 0.439802 0.439802 0.439802 0.439802 0.439802 0.439802 0.439472 0.439802 0.439802 0.436436 0.439802 0.439802 0.439802 0.439802 0.439802 0.439802 0.36 0.439802 0.439802 0.360001 0.439802 0.439802 0.439802 0.439802 0.439802 0.439802 0.439802 0.439802 0.439802 0.439802 0.439802 0.439802 0.439802 0.439802 0.439802 0.439802 0.439802 0.439802 0.439802 0.439802 0.439802 0.439802 0.439802 0.439802 0.439802 0.439802 0.439802 0.439802 0.439802 0.439802 0.439802 0.439802 0.439802 0.439802 0.439802 0.439802 0.439802 0.439802 0.439802 0.439802 0.439802 0.439802 0.439802 0.439802 0.439802 0.439802 0.439802 0.439802 0.439802 0.439802 0.439802 0.439802 0.439802 0.439802 0.439802 0.439802 0.439802 0.439802 0.439802 0.439802 0.439802 0.439802 0.439802 0.439802 0.439802 0.439802 0.439802 0.439802 0.439802 0.439802 0.439802 0.439802 0.439802 0.439802 0.439802 0.439802 0.439802 0.439802 0.439802 0.439802 0.439802 0.439802 0.439802 0.439802 0.439802 0.439802 0.439802 0.439802 0.439802 0.439802 0.439802 0.439802 0.439802 0.439802 0.439802 0.439802 0.439802 0.439802 0.439802 0.439802 0.439802 0.439802 0.439802 0.439802 0.439802 0.439802 0.439802 0.439802 0.439802 0.439802 0.439802 0.439802 0.36 0.439802 0.439802 0.439802 0.439802 0.439802 0.439802 0.439802 0.439802 0.439802 0.431365 0.439802 0.439802 0.439802 0.439802 0.439802 0.439802 0.439802 0.439802 0.439802 0.36 0.439802 0.439802 0.439802 0.439802 0.439802 0.439802 0.439802 0.439802 0.439802 0.36 0.439802 0.439802 0.439802 0.439802 0.439802 0.439802 0.439802 0.439802 0.439802 0.436295 0.439802 0.439802 0.439802 0.439802 0.439802 0.439802 0.439802 0.439802 0.439802 0.37683 0.439802 0.439802 0.439802 0.439802 0.439802 0.439802 0.439802 0.439802 0.439802 0.36 0.439802 0.439802 0.439802 0.439802 0.439802 0.439802 0.439802 0.439802 0.439802 0.376007 0.439802 0.439802 0.439802 0.439802 0.439802 0.439802 0.439802 0.439802 0.439802 0.439729 0.439802 0.439802 0.439802 0.439802 0.439802 0.439802 0.439802 0.439802 0.439802 0.43923 0.439802 0.439802 0.439802 0.395037 0.439802 0.439802 0.391272 0.439802 0.439802 0.439802 0.439802 0.439802 0.439802 0.36 0.439802 0.439802 0.36002 0.439802 0.439802 0.439802 0.439802 0.439802 0.439802 0.36898 0.439802 0.439802 0.415881 0.439802 0.439802 0.439802 0.439802 0.439802 0.439802 0.360626 0.439802 0.439802 0.397639 0.439802 0.439802 0.439802 0.439802 0.439802 0.439802 0.36 0.439802 0.439802 0.413564 0.439802 0.439802 0.439802 0.439802 0.439802 0.439802 0.437922 0.439802 0.439802 0.435166 0.439802 0.439802 0.439802 0.439802 0.439802 0.439802 0.36 0.439802 0.439802 0.360045 0.439802 0.439802 0.439802 0.439802 0.439802 0.439802 0.36 0.439802 0.439802 0.36 0.439802 0.439802 0.439802 0.439802 0.439802 0.439802 0.422751 0.439802 0.439802 0.408302 0.439802 0.439802 0.439802 0.439802 0.439802 0.439802 0.36 0.439802 0.439802 0.360013 0.439802 0.439802 0.439802 0.439802 0.439802 0.439802 0.439802 0.439802 0.439802 0.439802 0.439802 0.439802 0.439802 0.439802 0.439802 0.439802 0.439802 0.439802 0.439802 0.439802 0.439802 0.439802 0.439802 0.439802 0.439802 0.439802 0.439802 0.439802 0.439802 0.439802 0.439802 0.439802 0.439802 0.439802 0.439802 0.439802 0.439802 0.439802 0.439802 0.439802 0.439802 0.439802 0.439802 0.439802 0.439802 0.439802 0.439802 0.439802 0.439802 0.439802 0.439802 0.439802 0.439802 0.439802 0.439802 0.439802 0.439802 0.439802 0.439802 0.439802 0.439802 0.439802 0.439802 0.439802 0.439802 0.439802 0.439802 0.439802 0.439802 0.439802 0.439802 0.439802 0.439802 0.439802 0.439802 0.439802 0.439802 0.439802 0.439802 0.439802 0.439802 0.439802 0.439802 0.439802 0.439802 0.439802 0.439802 0.439802 0.439802 0.439802 0.439802 0.439802 0.439802 0.439802 0.439802 0.439802 0.439802 0.439802 0.439802 0.439802 0.439802 0.439802 0.439802 0.439802 0.439802 0.439802 0.439802 0.439802 0.439802 0.439802 0.439802 0.439802 0.360009 0.439802 0.439802 0.439802 0.439802 0.439802 0.439802 0.439802 0.439802 0.439802 0.36 0.439802 0.439802 0.439802 0.439802 0.439802 0.439802 0.439802 0.439802 0.439802 0.36 0.439802 0.439802 0.439802 0.439802 0.439802 0.439802 0.439802 0.439802 0.439802 0.360044 0.439802 0.439802 0.439802 0.439802 0.439802 0.439802 0.439802 0.439802 0.439802 0.422787 0.439802 0.439802 0.439802 0.439802 0.439802 0.439802 0.439802 0.439802 0.439802 0.439569 0.439802 0.439802 0.439802 0.439802 0.439802 0.439802 0.439802 0.439802 0.439802 0.360917 0.439802 0.439802 0.439802 0.439802 0.439802 0.439802 0.439802 0.439802 0.439802 0.414565 0.439802 0.439802 0.439802 0.439802 0.439802 0.439802 0.439802 0.439802 0.439802 0.36 0.439802 0.439802 0.439802 0.439802 0.439802 0.439802 0.439802 0.439802 0.439802 0.360192 0.439802 0.439802 0.439802 0.36 0.439802 0.439802 0.361261 0.439802 0.439802 0.439802 0.439802 0.439802 0.439802 0.365492 0.439802 0.439802 0.360017 0.439802 0.439802 0.439802 0.439802 0.439802 0.439802 0.434133 0.439802 0.439802 0.423665 0.439802 0.439802 0.439802 0.439802 0.439802 0.439802 0.424535 0.439802 0.439802 0.438629 0.439802 0.439802 0.439802 0.439802 0.439802 0.439802 0.403535 0.439802 0.439802 0.36 0.439802 0.439802 0.439802 0.439802 0.439802 0.439802 0.36 0.439802 0.439802 0.361845 0.439802 0.439802 0.439802 0.439802 0.439802 0.439802 0.360152 0.439802 0.439802 0.36 0.439802 0.439802 0.439802 0.439802 0.439802 0.439802 0.439417 0.439802 0.439802 0.360108 0.439802 0.439802 0.439802 0.439802 0.439802 0.439802 0.36 0.439802 0.439802 0.36 0.439802 0.439802 0.439802 0.439802 0.439802 0.439802 0.36 0.439802 0.439802 0.41738 0.439802 0.439802 0.439802 0.439802 0.439802 0.439802 0.439802 0.439802 0.439802 0.439802 0.439802 0.439802 0.439802 0.439802 0.439802 0.439802 0.439802 0.439802 0.439802 0.439802 0.439802 0.439802 0.439802 0.439802 0.439802 0.439802 0.439802 0.439802 0.439802 0.439802 0.439802 0.439802 0.439802 0.439802 0.439802 0.439802 0.439802 0.439802 0.439802 0.439802 0.439802 0.439802 0.439802 0.439802 0.439802 0.439802 0.439802 0.439802 0.439802 0.439802 0.439802 0.439802 0.439802 0.439802 0.439802 0.439802 0.439802 0.439802 0.439802 0.439802 0.439802 0.439802 0.439802 0.439802 0.439802 0.439802 0.439802 0.439802 0.439802 0.439802 0.439802 0.439802 0.439802 0.439802 0.439802 0.439802 0.439802 0.439802 0.439802 0.439802 0.439802 0.439802 0.439802 0.439802 0.439802 0.439802 0.439802 0.439802 0.439802 0.439802 0.439802 0.439802 0.439802 0.439802 0.439802 0.439802 0.439802 0.439802 0.439802 0.439802 0.439802 0.439802 0.439802 0.439802 0.439802 0.439802 0.439802 0.439802 0.439802 0.439802 0.439802 0.439802 0.429052 0.439802 0.439802 0.439802 0.439802 0.439802 0.439802 0.439802 0.439802 0.439802 0.428461 0.439802 0.439802 0.439802 0.439802 0.439802 0.439802 0.439802 0.439802 0.439802 0.36 0.439802 0.439802 0.439802 0.439802 0.439802 0.439802 0.439802 0.439802 0.439802 0.362036 0.439802 0.439802 0.439802 0.439802 0.439802 0.439802 0.439802 0.439802 0.439802 0.424193 0.439802 0.439802 0.439802 0.439802 0.439802 0.439802 0.439802 0.439802 0.439802 0.434005 0.439802 0.439802 0.439802 0.439802 0.439802 0.439802 0.439802 0.439802 0.439802 0.40092 0.439802 0.439802 0.439802 0.439802 0.439802 0.439802 0.439802 0.439802 0.439802 0.435985 0.439802 0.439802 0.439802 0.439802 0.439802 0.439802 0.439802 0.439802 0.439802 0.36 0.439802 0.439802 0.439802 0.439802 0.439802 0.439802 0.439802 0.439802 0.439802 0.437171 0.439802 0.439802 0.439802 0.439802 0.439802 0.439802 0.439802 0.439802 0.439802 0.363982 0.439802 0.439802 0.439802 0.439802 0.439802 0.439802 0.439802 0.439802 0.439802 0.36 0.439802 0.439802 0.439802 0.439802 0.439802 0.439802 0.439802 0.439802 0.439802 0.36 0.439802 0.439802 0.439802 0.439802 0.439802 0.439802 0.439802 0.439802 0.439802 0.36 0.439802 0.439802 0.439802 0.439802 0.439802 0.439802 0.439802 0.439802 0.439802 0.36 0.439802 0.439802 0.439802 0.439802 0.439802 0.439802 0.439802 0.439802 0.439802 0.422666 0.439802 0.439802 0.439802 0.439802 0.439802 0.439802 0.439802 0.439802 0.439802 0.387829 0.439802 0.439802 0.439802 0.439802 0.439802 0.439802 0.439802 0.439802 0.439802 0.36 0.439802 0.439802 0.439802 0.439802 0.439802 0.439802 0.439802 0.439802 0.439802 0.36 0.439802 0.439802 0.439802 0.439802 0.439802 0.439802 0.439802 0.439802 0.439802 0.360083 0.439802 0.439802 0.439802 0.36 0.439802 0.439802 0.371654 0.439802 0.439802 0.439802 0.439802 0.439802 0.439802 0.362648 0.439802 0.439802 0.360915 0.439802 0.439802 0.439802 0.439802 0.439802 0.439802 0.360002 0.439802 0.439802 0.360003 0.439802 0.439802 0.439802 0.439802 0.439802 0.439802 0.36 0.439802 0.439802 0.36 0.439802 0.439802 0.439802 0.439802 0.439802 0.439802 0.360238 0.439802 0.439802 0.364748 0.439802 0.439802 0.439802 0.439802 0.439802 0.439802 0.36 0.439802 0.439802 0.36 0.439802 0.439802 0.439802 0.439802 0.439802 0.439802 0.36 0.439802 0.439802 0.36 0.439802 0.439802 0.439802 0.439802 0.439802 0.439802 0.36 0.439802 0.439802 0.36 0.439802 0.439802 0.439802 0.439802 0.439802 0.439802 0.438977 0.439802 0.439802 0.360261 0.439802 0.439802 0.439802 0.439802 0.439802 0.439802 0.360013 0.439802 0.439802 0.360175 0.439802 0.439802 0.439802 0.439802 0.439802 0.439802 0.439802 0.439802 0.439802 0.439802 0.439802 0.439802 0.439802 0.439802 0.439802 0.439802 0.439802 0.439802 0.439802 0.439802 0.439802 0.439802 0.439802 0.439802 0.439802 0.439802 0.439802 0.439802 0.439802 0.439802 0.439802 0.439802 0.439802 0.439802 0.439802 0.439802 0.439802 0.439802 0.439802 0.439802 0.439802 0.439802 0.439802 0.439802 0.439802 0.439802 0.439802 0.439802 0.439802 0.439802 0.439802 0.439802 0.439802 0.439802 0.439802 0.439802 0.439802 0.439802 0.439802 0.439802 0.439802 0.439802 0.439802 0.439802 0.439802 0.439802 0.439802 0.439802 0.439802 0.439802 0.439802 0.439802 0.439802 0.439802 0.439802 0.439802 0.439802 0.439802 0.439802 0.439802 0.439802 0.439802 0.439802 0.439802 0.439802 0.439802 0.439802 0.439802 0.439802 0.439802 0.439802 0.439802 0.439802 0.439802 0.439802 0.439802 0.439802 0.439802 0.439802 0.439802 0.439802 0.439802 0.439802 0.439802 0.439802 0.439802 0.439802 0.439802 0.439802 0.439802 0.439802 0.439802 0.36 0.439802 0.439802 0.439802 0.439802 0.439802 0.439802 0.439802 0.439802 0.439802 0.42912 0.439802 0.439802 0.439802 0.439802 0.439802 0.439802 0.439802 0.439802 0.439802 0.36 0.439802 0.439802 0.439802 0.439802 0.439802 0.439802 0.439802 0.439802 0.439802 0.433911 0.439802 0.439802 0.439802 0.439802 0.439802 0.439802 0.439802 0.439802 0.439802 0.360002 0.439802 0.439802 0.439802 0.439802 0.439802 0.439802 0.439802 0.439802 0.439802 0.36 0.439802 0.439802 0.439802 0.439802 0.439802 0.439802 0.439802 0.439802 0.439802 0.377358 0.439802 0.439802 0.439802 0.439802 0.439802 0.439802 0.439802 0.439802 0.439802 0.435412 0.439802 0.439802 0.439802 0.439802 0.439802 0.439802 0.439802 0.439802 0.439802 0.366321 0.439802 0.439802 0.439802 0.439802 0.439802 0.439802 0.439802 0.439802 0.439802 0.360648 0.439802 0.439802 0.439802 0.36 0.439802 0.439802 0.434995 0.439802 0.439802 0.439802 0.439802 0.439802 0.439802 0.363396 0.439802 0.439802 0.439606 0.439802 0.439802 0.439802 0.439802 0.439802 0.439802 0.360042 0.439802 0.439802 0.36 0.439802 0.439802 0.439802 0.439802 0.439802 0.439802 0.36 0.439802 0.439802 0.36 0.439802 0.439802 0.439802 0.439802 0.439802 0.439802 0.36 0.439802 0.439802 0.360003 0.439802 0.439802 0.439802 0.439802 0.439802 0.439802 0.36 0.439802 0.439802 0.36 0.439802 0.439802 0.439802 0.439802 0.439802 0.439802 0.36 0.439802 0.439802 0.420465 0.439802 0.439802 0.439802 0.439802 0.439802 0.439802 0.36 0.439802 0.439802 0.407149 0.439802 0.439802 0.439802 0.439802 0.439802 0.439802 0.437596 0.439802 0.439802 0.36 0.439802 0.439802 0.439802 0.439802 0.439802 0.439802 0.438663 0.439802 0.439802 0.36 0.439802 0.439802 0.439802 0.439802 0.439802 0.439802 0.439802 0.439802 0.439802 0.439802 0.439802 0.439802 0.439802 0.439802 0.439802 0.439802 0.439802 0.439802 0.439802 0.439802 0.439802 0.439802 0.439802 0.439802 0.439802 0.439802 0.439802 0.439802 0.439802 0.439802 0.439802 0.439802 0.439802 0.439802 0.439802 0.439802 0.439802 0.439802 0.439802 0.439802 0.439802 0.439802 0.439802 0.439802 0.439802 0.439802 0.439802 0.439802 0.439802 0.439802 0.439802 0.439802 0.439802 0.439802 0.439802 0.439802 0.439802 0.439802 0.439802 0.439802 0.439802 0.439802 0.439802 0.439802 0.439802 0.439802 0.439802 0.439802 0.439802 0.439802 0.439802 0.439802 0.439802 0.439802 0.439802 0.439802 0.439802 0.439802 0.439802 0.439802 0.439802 0.439802 0.439802 0.439802 0.439802 0.439802 0.439802 0.439802 0.439802 0.439802 0.439802 0.439802 0.439802 0.439802 0.439802 0.439802 0.439802 0.439802 0.439802 0.439802 0.439802 0.439802 0.439802 0.439802 0.439802 0.439802 0.439802 0.439802 0.439802 0.439802 0.439802 0.439802 0.36 0.439802 0.439802 0.439802 0.439802 0.439802 0.439802 0.439802 0.439802 0.439802 0.439546 0.439802 0.439802 0.439802 0.439802 0.439802 0.439802 0.439802 0.439802 0.439802 0.360005 0.439802 0.439802 0.439802 0.439802 0.439802 0.439802 0.439802 0.439802 0.439802 0.36 0.439802 0.439802 0.439802 0.439802 0.439802 0.439802 0.439802 0.439802 0.439802 0.43477 0.439802 0.439802 0.439802 0.439802 0.439802 0.439802 0.439802 0.439802 0.439802 0.36 0.439802 0.439802 0.439802 0.439802 0.439802 0.439802 0.439802 0.439802 0.439802 0.36 0.439802 0.439802 0.439802 0.439802 0.439802 0.439802 0.439802 0.439802 0.439802 0.42866 0.439802 0.439802 0.439802 0.439802 0.439802 0.439802 0.439802 0.439802 0.439802 0.36 0.439802 0.439802 0.439802 0.439802 0.439802 0.439802 0.439802 0.439802 0.439802 0.360029 0.439802 0.439802 0.439802 0.36 0.439802 0.439802 0.360569 0.439802 0.439802 0.439802 0.439802 0.439802 0.439802 0.360014 0.439802 0.439802 0.360002 0.439802 0.439802 0.439802 0.439802 0.439802 0.439802 0.36 0.439802 0.439802 0.36 0.439802 0.439802 0.439802 0.439802 0.439802 0.439802 0.407296 0.439802 0.439802 0.36 0.439802 0.439802 0.439802 0.439802 0.439802 0.439802 0.438805 0.439802 0.439802 0.366359 0.439802 0.439802 0.439802 0.439802 0.439802 0.439802 0.361186 0.439802 0.439802 0.36 0.439802 0.439802 0.439802 0.439802 0.439802 0.439802 0.439484 0.439802 0.439802 0.434887 0.439802 0.439802 0.439802 0.439802 0.439802 0.439802 0.360001 0.439802 0.439802 0.42913 0.439802 0.439802 0.439802 0.439802 0.439802 0.439802 0.428293 0.439802 0.439802 0.411365 0.439802 0.439802 0.439802 0.439802 0.439802 0.439802 0.36 0.439802 0.439802 0.438653 0.439802 0.439802 0.439802 0.439802 0.439802 0.439802 0.439802 0.439802 0.439802 0.439802 0.439802 0.439802 0.439802 0.439802 0.439802 0.439802 0.439802 0.439802 0.439802 0.439802 0.439802 0.439802 0.439802 0.439802 0.439802 0.439802 0.439802 0.439802 0.439802 0.439802 0.439802 0.439802 0.439802 0.439802 0.439802 0.439802 0.439802 0.439802 0.439802 0.439802 0.439802 0.439802 0.439802 0.439802 0.439802 0.439802 0.439802 0.439802 0.439802 0.439802 0.439802 0.439802 0.439802 0.439802 0.439802 0.439802 0.439802 0.439802 0.439802 0.439802 0.439802 0.439802 0.439802 0.439802 0.439802 0.439802 0.439802 0.439802 0.439802 0.439802 0.439802 0.439802 0.439802 0.439802 0.439802 0.439802 0.439802 0.439802 0.439802 0.439802 0.439802 0.439802 0.439802 0.439802 0.439802 0.439802 0.439802 0.439802 0.439802 0.439802 0.439802 0.439802 0.439802 0.439802 0.439802 0.439802 0.439802 0.439802 0.439802 0.439802 0.439802 0.439802 0.439802 0.439802 0.439802 0.439802 0.439802 0.439802 0.439802 0.439802 0.439802 0.439802 0.437678 0.439802 0.439802 0.439802 0.439802 0.439802 0.439802 0.439802 0.439802 0.439802 0.433629 0.439802 0.439802 0.439802 0.439802 0.439802 0.439802 0.439802 0.439802 0.439802 0.360803 0.439802 0.439802 0.439802 0.439802 0.439802 0.439802 0.439802 0.439802 0.439802 0.36 0.439802 0.439802 0.439802 0.439802 0.439802 0.439802 0.439802 0.439802 0.439802 0.360034 0.439802 0.439802 0.439802 0.439802 0.439802 0.439802 0.439802 0.439802 0.439802 0.36 0.439802 0.439802 0.439802 0.439802 0.439802 0.439802 0.439802 0.439802 0.439802 0.435049 0.439802 0.439802 0.439802 0.439802 0.439802 0.439802 0.439802 0.439802 0.439802 0.432871 0.439802 0.439802 0.439802 0.439802 0.439802 0.439802 0.439802 0.439802 0.439802 0.36 0.439802 0.439802 0.439802 0.439802 0.439802 0.439802 0.439802 0.439802 0.439802 0.360128 0.439802 0.439802 0.439802 0.439802 0.439802 0.439802 0.439802 0.439802 0.439802 0.360001 0.439802 0.439802 0.439802 0.439802 0.439802 0.439802 0.439802 0.439802 0.439802 0.4274 0.439802 0.439802 0.439802 0.439802 0.439802 0.439802 0.439802 0.439802 0.439802 0.431426 0.439802 0.439802 0.439802 0.439802 0.439802 0.439802 0.439802 0.439802 0.439802 0.360003 0.439802 0.439802 0.439802 0.439802 0.439802 0.439802 0.439802 0.439802 0.439802 0.372877 0.439802 0.439802 0.439802 0.439802 0.439802 0.439802 0.439802 0.439802 0.439802 0.439445 0.439802 0.439802 0.439802 0.439802 0.439802 0.439802 0.439802 0.439802 0.439802 0.36 0.439802 0.439802 0.439802 0.439802 0.439802 0.439802 0.439802 0.439802 0.439802 0.360005 0.439802 0.439802 0.439802 0.439802 0.439802 0.439802 0.439802 0.439802 0.439802 0.36 0.439802 0.439802 0.439802 0.439802 0.439802 0.439802 0.439802 0.439802 0.439802 0.360096 0.439802 0.439802 0.439802 0.361149 0.439802 0.439802 0.435232 0.439802 0.439802 0.439802 0.439802 0.439802 0.439802 0.439493 0.439802 0.439802 0.36 0.439802 0.439802 0.439802 0.439802 0.439802 0.439802 0.360537 0.439802 0.439802 0.388162 0.439802 0.439802 0.439802 0.439802 0.439802 0.439802 0.361235 0.439802 0.439802 0.36 0.439802 0.439802 0.439802 0.439802 0.439802 0.439802 0.417639 0.439802 0.439802 0.360009 0.439802 0.439802 0.439802 0.439802 0.439802 0.439802 0.36 0.439802 0.439802 0.36 0.439802 0.439802 0.439802 0.439802 0.439802 0.439802 0.360001 0.439802 0.439802 0.364912 0.439802 0.439802 0.439802 0.439802 0.439802 0.439802 0.360537 0.439802 0.439802 0.436708 0.439802 0.439802 0.439802 0.439802 0.439802 0.439802 0.36 0.439802 0.439802 0.427971 0.439802 0.439802 0.439802 0.439802 0.439802 0.439802 0.360007 0.439802 0.439802 0.361066 0.439802 0.439802 0.439802 0.439802 0.439802 0.439802 0.439802 0.439802 0.439802 0.439802 0.439802 0.439802 0.439802 0.439802 0.439802 0.439802 0.439802 0.439802 0.439802 0.439802 0.439802 0.439802 0.439802 0.439802 0.439802 0.439802 0.439802 0.439802 0.439802 0.439802 0.439802 0.439802 0.439802 0.439802 0.439802 0.439802 0.439802 0.439802 0.439802 0.439802 0.439802 0.439802 0.439802 0.439802 0.439802 0.439802 0.439802 0.439802 0.439802 0.439802 0.439802 0.439802 0.439802 0.439802 0.439802 0.439802 0.439802 0.439802 0.439802 0.439802 0.439802 0.439802 0.439802 0.439802 0.439802 0.439802 0.439802 0.439802 0.439802 0.439802 0.439802 0.439802 0.439802 0.439802 0.439802 0.439802 0.439802 0.439802 0.439802 0.439802 0.439802 0.439802 0.439802 0.439802 0.439802 0.439802 0.439802 0.439802 0.439802 0.439802 0.439802 0.439802 0.439802 0.439802 0.439802 0.439802 0.439802 0.439802 0.439802 0.439802 0.439802 0.439802 0.439802 0.439802 0.439802 0.439802 0.439802 0.439802 0.439802 0.439802 0.439802 0.439802 0.360022 0.439802 0.439802 0.439802 0.439802 0.439802 0.439802 0.439802 0.439802 0.439802 0.435144 0.439802 0.439802 0.439802 0.439802 0.439802 0.439802 0.439802 0.439802 0.439802 0.370824 0.439802 0.439802 0.439802 0.439802 0.439802 0.439802 0.439802 0.439802 0.439802 0.360096 0.439802 0.439802 0.439802 0.439802 0.439802 0.439802 0.439802 0.439802 0.439802 0.38681 0.439802 0.439802 0.439802 0.439802 0.439802 0.439802 0.439802 0.439802 0.439802 0.439356 0.439802 0.439802 0.439802 0.439802 0.439802 0.439802 0.439802 0.439802 0.439802 0.36 0.439802 0.439802 0.439802 0.439802 0.439802 0.439802 0.439802 0.439802 0.439802 0.439512 0.439802 0.439802 0.439802 0.439802 0.439802 0.439802 0.439802 0.439802 0.439802 0.36 0.439802 0.439802 0.439802 0.439802 0.439802 0.439802 0.439802 0.439802 0.439802 0.36 0.439802 0.439802 0.439802 0.36 0.439802 0.439802 0.439694 0.439802 0.439802 0.439802 0.439802 0.439802 0.439802 0.364018 0.439802 0.439802 0.360213 0.439802 0.439802 0.439802 0.439802 0.439802 0.439802 0.362064 0.439802 0.439802 0.36 0.439802 0.439802 0.439802 0.439802 0.439802 0.439802 0.36 0.439802 0.439802 0.39145 0.439802 0.439802 0.439802 0.439802 0.439802 0.439802 0.430362 0.439802 0.439802 0.438743 0.439802 0.439802 0.439802 0.439802 0.439802 0.439802 0.437328 0.439802 0.439802 0.36 0.439802 0.439802 0.439802 0.439802 0.439802 0.439802 0.36 0.439802 0.439802 0.36 0.439802 0.439802 0.439802 0.439802 0.439802 0.439802 0.36 0.439802 0.439802 0.36321 0.439802 0.439802 0.439802 0.439802 0.439802 0.439802 0.36 0.439802 0.439802 0.36 0.439802 0.439802 0.439802 0.439802 0.439802 0.439802 0.410818 0.439802 0.439802 0.360108 0.439802 0.439802 0.439802 0.439802 0.439802 0.439802 0.439802 0.439802 0.439802 0.439802 0.439802 0.439802 0.439802 0.439802 0.439802 0.439802 0.439802 0.439802 0.439802 0.439802 0.439802 0.439802 0.439802 0.439802 0.439802 0.439802 0.439802 0.439802 0.439802 0.439802 0.439802 0.439802 0.439802 0.439802 0.439802 0.439802 0.439802 0.439802 0.439802 0.439802 0.439802 0.439802 0.439802 0.439802 0.439802 0.439802 0.439802 0.439802 0.439802 0.439802 0.439802 0.439802 0.439802 0.439802 0.439802 0.439802 0.439802 0.439802 0.439802 0.439802 0.439802 0.439802 0.439802 0.439802 0.439802 0.439802 0.439802 0.439802 0.439802 0.439802 0.439802 0.439802 0.439802 0.439802 0.439802 0.439802 0.439802 0.439802 0.439802 0.439802 0.439802 0.439802 0.439802 0.439802 0.439802 0.439802 0.439802 0.439802 0.439802 0.439802 0.439802 0.439802 0.439802 0.439802 0.439802 0.439802 0.439802 0.439802 0.439802 0.439802 0.439802 0.439802 0.439802 0.439802 0.439802 0.439802 0.439802 0.439802 0.439802 0.439802 0.439802 0.439802 0.36 0.439802 0.439802 0.439802 0.439802 0.439802 0.439802 0.439802 0.439802 0.439802 0.435101 0.439802 0.439802 0.439802 0.439802 0.439802 0.439802 0.439802 0.439802 0.439802 0.439399 0.439802 0.439802 0.439802 0.439802 0.439802 0.439802 0.439802 0.439802 0.439802 0.360201 0.439802 0.439802 0.439802 0.439802 0.439802 0.439802 0.439802 0.439802 0.439802 0.36 0.439802 0.439802 0.439802 0.439802 0.439802 0.439802 0.439802 0.439802 0.439802 0.36 0.439802 0.439802 0.439802 0.439802 0.439802 0.439802 0.439802 0.439802 0.439802 0.439374 0.439802 0.439802 0.439802 0.439802 0.439802 0.439802 0.439802 0.439802 0.439802 0.36 0.439802 0.439802 0.439802 0.439802 0.439802 0.439802 0.439802 0.439802 0.439802 0.36 0.439802 0.439802 0.439802 0.439802 0.439802 0.439802 0.439802 0.439802 0.439802 0.36 0.439802 0.439802 0.439802 0.420599 0.439802 0.439802 0.439527 0.439802 0.439802 0.439802 0.439802 0.439802 0.439802 0.438708 0.439802 0.439802 0.439697 0.439802 0.439802 0.439802 0.439802 0.439802 0.439802 0.360107 0.439802 0.439802 0.36 0.439802 0.439802 0.439802 0.439802 0.439802 0.439802 0.439728 0.439802 0.439802 0.383787 0.439802 0.439802 0.439802 0.439802 0.439802 0.439802 0.360004 0.439802 0.439802 0.438921 0.439802 0.439802 0.439802 0.439802 0.439802 0.439802 0.36 0.439802 0.439802 0.36 0.439802 0.439802 0.439802 0.439802 0.439802 0.439802 0.437507 0.439802 0.439802 0.438666 0.439802 0.439802 0.439802 0.439802 0.439802 0.439802 0.360155 0.439802 0.439802 0.36 0.439802 0.439802 0.439802 0.439802 0.439802 0.439802 0.366667 0.439802 0.439802 0.36 0.439802 0.439802 0.439802 0.439802 0.439802 0.439802 0.360197 0.439802 0.439802 0.36 0.439802 0.439802 0.439802 0.439802 0.439802 0.439802 0.439802 0.439802 0.439802 0.439802 0.439802 0.439802 0.439802 0.439802 0.439802 0.439802 0.439802 0.439802 0.439802 0.439802 0.439802 0.439802 0.439802 0.439802 0.439802 0.439802 0.439802 0.439802 0.439802 0.439802 0.439802 0.439802 0.439802 0.439802 0.439802 0.439802 0.439802 0.439802 0.439802 0.439802 0.439802 0.439802 0.439802 0.439802 0.439802 0.439802 0.439802 0.439802 0.439802 0.439802 0.439802 0.439802 0.439802 0.439802 0.439802 0.439802 0.439802 0.439802 0.439802 0.439802 0.439802 0.439802 0.439802 0.439802 0.439802 0.439802 0.439802 0.439802 0.439802 0.439802 0.439802 0.439802 0.439802 0.439802 0.439802 0.439802 0.439802 0.439802 0.439802 0.439802 0.439802 0.439802 0.439802 0.439802 0.439802 0.439802 0.439802 0.439802 0.439802 0.439802 0.439802 0.439802 0.439802 0.439802 0.439802 0.439802 0.439802 0.439802 0.439802 0.439802 0.439802 0.439802 0.439802 0.439802 0.439802 0.439802 0.439802 0.439802 0.439802 0.439802 0.439802 0.439802 0.41824 0.439802 0.439802 0.439802 0.439802 0.439802 0.439802 0.439802 0.439802 0.439802 0.430801 0.439802 0.439802 0.439802 0.439802 0.439802 0.439802 0.439802 0.439802 0.439802 0.360001 0.439802 0.439802 0.439802 0.439802 0.439802 0.439802 0.439802 0.439802 0.439802 0.360254 0.439802 0.439802 0.439802 0.439802 0.439802 0.439802 0.439802 0.439802 0.439802 0.360001 0.439802 0.439802 0.439802 0.439802 0.439802 0.439802 0.439802 0.439802 0.439802 0.360035 0.439802 0.439802 0.439802 0.439802 0.439802 0.439802 0.439802 0.439802 0.439802 0.419171 0.439802 0.439802 0.439802 0.439802 0.439802 0.439802 0.439802 0.439802 0.439802 0.36 0.439802 0.439802 0.439802 0.439802 0.439802 0.439802 0.439802 0.439802 0.439802 0.36 0.439802 0.439802 0.439802 0.439802 0.439802 0.439802 0.439802 0.439802 0.439802 0.366749 0.439802 0.439802 0.439802 0.439802 0.439802 0.439802 0.439802 0.439802 0.439802 0.36 0.439802 0.439802 0.439802 0.439802 0.439802 0.439802 0.439802 0.439802 0.439802 0.361522 0.439802 0.439802 0.439802 0.439802 0.439802 0.439802 0.439802 0.439802 0.439802 0.36 0.439802 0.439802 0.439802 0.439802 0.439802 0.439802 0.439802 0.439802 0.439802 0.36 0.439802 0.439802 0.439802 0.439802 0.439802 0.439802 0.439802 0.439802 0.439802 0.360001 0.439802 0.439802 0.439802 0.439802 0.439802 0.439802 0.439802 0.439802 0.439802 0.424796 0.439802 0.439802 0.439802 0.439802 0.439802 0.439802 0.439802 0.439802 0.439802 0.36 0.439802 0.439802 0.439802 0.439802 0.439802 0.439802 0.439802 0.439802 0.439802 0.36 0.439802 0.439802 0.439802 0.439802 0.439802 0.439802 0.439802 0.439802 0.439802 0.360003 0.439802 0.439802 0.439802 0.439802 0.439802 0.439802 0.439802 0.439802 0.439802 0.389396 0.439802 0.439802 0.439802 0.386912 0.439802 0.439802 0.360291 0.439802 0.439802 0.439802 0.439802 0.439802 0.439802 0.360017 0.439802 0.439802 0.387885 0.439802 0.439802 0.439802 0.439802 0.439802 0.439802 0.360001 0.439802 0.439802 0.439559 0.439802 0.439802 0.439802 0.439802 0.439802 0.439802 0.437267 0.439802 0.439802 0.423854 0.439802 0.439802 0.439802 0.439802 0.439802 0.439802 0.36 0.439802 0.439802 0.439076 0.439802 0.439802 0.439802 0.439802 0.439802 0.439802 0.439193 0.439802 0.439802 0.438868 0.439802 0.439802 0.439802 0.439802 0.439802 0.439802 0.360402 0.439802 0.439802 0.369607 0.439802 0.439802 0.439802 0.439802 0.439802 0.439802 0.36 0.439802 0.439802 0.360064 0.439802 0.439802 0.439802 0.439802 0.439802 0.439802 0.437533 0.439802 0.439802 0.425037 0.439802 0.439802 0.439802 0.439802 0.439802 0.439802 0.437215 0.439802 0.439802 0.381916 0.439802 0.439802 0.439802 0.439802 0.439802 0.439802 0.439802 0.439802 0.439802 0.439802 0.439802 0.439802 0.439802 0.439802 0.439802 0.439802 0.439802 0.439802 0.439802 0.439802 0.439802 0.439802 0.439802 0.439802 0.439802 0.439802 0.439802 0.439802 0.439802 0.439802 0.439802 0.439802 0.439802 0.439802 0.439802 0.439802 0.439802 0.439802 0.439802 0.439802 0.439802 0.439802 0.439802 0.439802 0.439802 0.439802 0.439802 0.439802 0.439802 0.439802 0.439802 0.439802 0.439802 0.439802 0.439802 0.439802 0.439802 0.439802 0.439802 0.439802 0.439802 0.439802 0.439802 0.439802 0.439802 0.439802 0.439802 0.439802 0.439802 0.439802 0.439802 0.439802 0.439802 0.439802 0.439802 0.439802 0.439802 0.439802 0.439802 0.439802 0.439802 0.439802 0.439802 0.439802 0.439802 0.439802 0.439802 0.439802 0.439802 0.439802 0.439802 0.439802 0.439802 0.439802 0.439802 0.439802 0.439802 0.439802 0.439802 0.439802 0.439802 0.439802 0.439802 0.439802 0.439802 0.439802 0.439802 0.439802 0.439802 0.439802 0.439802 0.439802 0.372807 0.439802 0.439802 0.439802 0.439802 0.439802 0.439802 0.439802 0.439802 0.439802 0.36635 0.439802 0.439802 0.439802 0.439802 0.439802 0.439802 0.439802 0.439802 0.439802 0.36 0.439802 0.439802 0.439802 0.439802 0.439802 0.439802 0.439802 0.439802 0.439802 0.36 0.439802 0.439802 0.439802 0.439802 0.439802 0.439802 0.439802 0.439802 0.439802 0.360003 0.439802 0.439802 0.439802 0.439802 0.439802 0.439802 0.439802 0.439802 0.439802 0.36 0.439802 0.439802 0.439802 0.439802 0.439802 0.439802 0.439802 0.439802 0.439802 0.438693 0.439802 0.439802 0.439802 0.439802 0.439802 0.439802 0.439802 0.439802 0.439802 0.386102 0.439802 0.439802 0.439802 0.439802 0.439802 0.439802 0.439802 0.439802 0.439802 0.36 0.439802 0.439802 0.439802 0.439802 0.439802 0.439802 0.439802 0.439802 0.439802 0.439455 0.439802 0.439802 0.439802 0.379344 0.439802 0.439802 0.360114 0.439802 0.439802 0.439802 0.439802 0.439802 0.439802 0.431423 0.439802 0.439802 0.436648 0.439802 0.439802 0.439802 0.439802 0.439802 0.439802 0.360006 0.439802 0.439802 0.360066 0.439802 0.439802 0.439802 0.439802 0.439802 0.439802 0.396451 0.439802 0.439802 0.438121 0.439802 0.439802 0.439802 0.439802 0.439802 0.439802 0.36 0.439802 0.439802 0.360001 0.439802 0.439802 0.439802 0.439802 0.439802 0.439802 0.36 0.439802 0.439802 0.36 0.439802 0.439802 0.439802 0.439802 0.439802 0.439802 0.36 0.439802 0.439802 0.36 0.439802 0.439802 0.439802 0.439802 0.439802 0.439802 0.360584 0.439802 0.439802 0.36 0.439802 0.439802 0.439802 0.439802 0.439802 0.439802 0.36 0.439802 0.439802 0.439155 0.439802 0.439802 0.439802 0.439802 0.439802 0.439802 0.36 0.439802 0.439802 0.419177 0.439802 0.439802 0.439802 0.439802 0.439802 0.439802 0.439802 0.439802 0.439802 0.439802 0.439802 0.439802 0.439802 0.439802 0.439802 0.439802 0.439802 0.439802 0.439802 0.439802 0.439802 0.439802 0.439802 0.439802 0.439802 0.439802 0.439802 0.439802 0.439802 0.439802 0.439802 0.439802 0.439802 0.439802 0.439802 0.439802 0.439802 0.439802 0.439802 0.439802 0.439802 0.439802 0.439802 0.439802 0.439802 0.439802 0.439802 0.439802 0.439802 0.439802 0.439802 0.439802 0.439802 0.439802 0.439802 0.439802 0.439802 0.439802 0.439802 0.439802 0.439802 0.439802 0.439802 0.439802 0.439802 0.439802 0.439802 0.439802 0.439802 0.439802 0.439802 0.439802 0.439802 0.439802 0.439802 0.439802 0.439802 0.439802 0.439802 0.439802 0.439802 0.439802 0.439802 0.439802 0.439802 0.439802 0.439802 0.439802 0.439802 0.439802 0.439802 0.439802 0.439802 0.439802 0.439802 0.439802 0.439802 0.439802 0.439802 0.439802 0.439802 0.439802 0.439802 0.439802 0.439802 0.439802 0.439802 0.439802 0.439802 0.439802 0.439802 0.439802 0.36 0.439802 0.439802 0.439802 0.439802 0.439802 0.439802 0.439802 0.439802 0.439802 0.414106 0.439802 0.439802 0.439802 0.439802 0.439802 0.439802 0.439802 0.439802 0.439802 0.434935 0.439802 0.439802 0.439802 0.439802 0.439802 0.439802 0.439802 0.439802 0.439802 0.433664 0.439802 0.439802 0.439802 0.439802 0.439802 0.439802 0.439802 0.439802 0.439802 0.361623 0.439802 0.439802 0.439802 0.439802 0.439802 0.439802 0.439802 0.439802 0.439802 0.439537 0.439802 0.439802 0.439802 0.439802 0.439802 0.439802 0.439802 0.439802 0.439802 0.436826 0.439802 0.439802 0.439802 0.439802 0.439802 0.439802 0.439802 0.439802 0.439802 0.360159 0.439802 0.439802 0.439802 0.439802 0.439802 0.439802 0.439802 0.439802 0.439802 0.439383 0.439802 0.439802 0.439802 0.439802 0.439802 0.439802 0.439802 0.439802 0.439802 0.36 0.439802 0.439802 0.439802 0.36 0.439802 0.439802 0.36 0.439802 0.439802 0.439802 0.439802 0.439802 0.439802 0.360003 0.439802 0.439802 0.36 0.439802 0.439802 0.439802 0.439802 0.439802 0.439802 0.402527 0.439802 0.439802 0.432442 0.439802 0.439802 0.439802 0.439802 0.439802 0.439802 0.438103 0.439802 0.439802 0.439724 0.439802 0.439802 0.439802 0.439802 0.439802 0.439802 0.360002 0.439802 0.439802 0.438791 0.439802 0.439802 0.439802 0.439802 0.439802 0.439802 0.360013 0.439802 0.439802 0.420063 0.439802 0.439802 0.439802 0.439802 0.439802 0.439802 0.36 0.439802 0.439802 0.36 0.439802 0.439802 0.439802 0.439802 0.439802 0.439802 0.36 0.439802 0.439802 0.434413 0.439802 0.439802 0.439802 0.439802 0.439802 0.439802 0.36 0.439802 0.439802 0.36 0.439802 0.439802 0.439802 0.439802 0.439802 0.439802 0.387982 0.439802 0.439802 0.361494 0.439802 0.439802 0.439802 0.439802 0.439802 0.439802 0.439802 0.439802 0.439802 0.439802 0.439802 0.439802 0.439802 0.439802 0.439802 0.439802 0.439802 0.439802 0.439802 0.439802 0.439802 0.439802 0.439802 0.439802 0.439802 0.439802 0.439802 0.439802 0.439802 0.439802 0.439802 0.439802 0.439802 0.439802 0.439802 0.439802 0.439802 0.439802 0.439802 0.439802 0.439802 0.439802 0.439802 0.439802 0.439802 0.439802 0.439802 0.439802 0.439802 0.439802 0.439802 0.439802 0.439802 0.439802 0.439802 0.439802 0.439802 0.439802 0.439802 0.439802 0.439802 0.439802 0.439802 0.439802 0.439802 0.439802 0.439802 0.439802 0.439802 0.439802 0.439802 0.439802 0.439802 0.439802 0.439802 0.439802 0.439802 0.439802 0.439802 0.439802 0.439802 0.439802 0.439802 0.439802 0.439802 0.439802 0.439802 0.439802 0.439802 0.439802 0.439802 0.439802 0.439802 0.439802 0.439802 0.439802 0.439802 0.439802 0.439802 0.439802 0.439802 0.439802 0.439802 0.439802 0.439802 0.439802 0.439802 0.439802 0.439802 0.439802 0.439802 0.439802 0.367929 0.439802 0.439802 0.439802 0.439802 0.439802 0.439802 0.439802 0.439802 0.439802 0.401781 0.439802 0.439802 0.439802 0.439802 0.439802 0.439802 0.439802 0.439802 0.439802 0.36 0.439802 0.439802 0.439802 0.439802 0.439802 0.439802 0.439802 0.439802 0.439802 0.426032 0.439802 0.439802 0.439802 0.439802 0.439802 0.439802 0.439802 0.439802 0.439802 0.36 0.439802 0.439802 0.439802 0.439802 0.439802 0.439802 0.439802 0.439802 0.439802 0.360068 0.439802 0.439802 0.439802 0.439802 0.439802 0.439802 0.439802 0.439802 0.439802 0.394103 0.439802 0.439802 0.439802 0.439802 0.439802 0.439802 0.439802 0.439802 0.439802 0.438275 0.439802 0.439802 0.439802 0.439802 0.439802 0.439802 0.439802 0.439802 0.439802 0.383117 0.439802 0.439802 0.439802 0.439802 0.439802 0.439802 0.439802 0.439802 0.439802 0.36004 0.439802 0.439802 0.439802 0.439802 0.439802 0.439802 0.439802 0.439802 0.439802 0.37291 0.439802 0.439802 0.439802 0.439802 0.439802 0.439802 0.439802 0.439802 0.439802 0.439227 0.439802 0.439802 0.439802 0.439802 0.439802 0.439802 0.439802 0.439802 0.439802 0.374415 0.439802 0.439802 0.439802 0.439802 0.439802 0.439802 0.439802 0.439802 0.439802 0.369799 0.439802 0.439802 0.439802 0.439802 0.439802 0.439802 0.439802 0.439802 0.439802 0.368064 0.439802 0.439802 0.439802 0.439802 0.439802 0.439802 0.439802 0.439802 0.439802 0.360003 0.439802 0.439802 0.439802 0.439802 0.439802 0.439802 0.439802 0.439802 0.439802 0.362303 0.439802 0.439802 0.439802 0.439802 0.439802 0.439802 0.439802 0.439802 0.439802 0.36 0.439802 0.439802 0.439802 0.439802 0.439802 0.439802 0.439802 0.439802 0.439802 0.36 0.439802 0.439802 0.439802 0.439802 0.439802 0.439802 0.439802 0.439802 0.439802 0.360091 0.439802 0.439802 0.439802 0.435634 0.439802 0.439802 0.360009 0.439802 0.439802 0.439802 0.439802 0.439802 0.439802 0.36 0.439802 0.439802 0.360301 0.439802 0.439802 0.439802 0.439802 0.439802 0.439802 0.423685 0.439802 0.439802 0.408671 0.439802 0.439802 0.439802 0.439802 0.439802 0.439802 0.36 0.439802 0.439802 0.396502 0.439802 0.439802 0.439802 0.439802 0.439802 0.439802 0.437226 0.439802 0.439802 0.36 0.439802 0.439802 0.439802 0.439802 0.439802 0.439802 0.360001 0.439802 0.439802 0.365001 0.439802 0.439802 0.439802 0.439802 0.439802 0.439802 0.421805 0.439802 0.439802 0.427625 0.439802 0.439802 0.439802 0.439802 0.439802 0.439802 0.435133 0.439802 0.439802 0.36 0.439802 0.439802 0.439802 0.439802 0.439802 0.439802 0.435055 0.439802 0.439802 0.360244 0.439802 0.439802 0.439802 0.439802 0.439802 0.439802 0.36 0.439802 0.439802 0.375817 0.439802 0.439802 0.439802 0.439802 0.439802 0.439802 0.439802 0.439802 0.439802 0.439802 0.439802 0.439802 0.439802 0.439802 0.439802 0.439802 0.439802 0.439802 0.439802 0.439802 0.439802 0.439802 0.439802 0.439802 0.439802 0.439802 0.439802 0.439802 0.439802 0.439802 0.439802 0.439802 0.439802 0.439802 0.439802 0.439802 0.439802 0.439802 0.439802 0.439802 0.439802 0.439802 0.439802 0.439802 0.439802 0.439802 0.439802 0.439802 0.439802 0.439802 0.439802 0.439802 0.439802 0.439802 0.439802 0.439802 0.439802 0.439802 0.439802 0.439802 0.439802 0.439802 0.439802 0.439802 0.439802 0.439802 0.439802 0.439802 0.439802 0.439802 0.439802 0.439802 0.439802 0.439802 0.439802 0.439802 0.439802 0.439802 0.439802 0.439802 0.439802 0.439802 0.439802 0.439802 0.439802 0.439802 0.439802 0.439802 0.439802 0.439802 0.439802 0.439802 0.439802 0.439802 0.439802 0.439802 0.439802 0.439802 0.439802 0.439802 0.439802 0.439802 0.439802 0.439802 0.439802 0.439802 0.439802 0.439802 0.439802 0.439802 0.439802 0.439802 0.376301 0.439802 0.439802 0.439802 0.439802 0.439802 0.439802 0.439802 0.439802 0.439802 0.360001 0.439802 0.439802 0.439802 0.439802 0.439802 0.439802 0.439802 0.439802 0.439802 0.364221 0.439802 0.439802 0.439802 0.439802 0.439802 0.439802 0.439802 0.439802 0.439802 0.36 0.439802 0.439802 0.439802 0.439802 0.439802 0.439802 0.439802 0.439802 0.439802 0.439231 0.439802 0.439802 0.439802 0.439802 0.439802 0.439802 0.439802 0.439802 0.439802 0.373355 0.439802 0.439802 0.439802 0.439802 0.439802 0.439802 0.439802 0.439802 0.439802 0.439408 0.439802 0.439802 0.439802 0.439802 0.439802 0.439802 0.439802 0.439802 0.439802 0.438257 0.439802 0.439802 0.439802 0.439802 0.439802 0.439802 0.439802 0.439802 0.439802 0.360003 0.439802 0.439802 0.439802 0.439802 0.439802 0.439802 0.439802 0.439802 0.439802 0.438933 0.439802 0.439802 0.439802 0.360011 0.439802 0.439802 0.36 0.439802 0.439802 0.439802 0.439802 0.439802 0.439802 0.36 0.439802 0.439802 0.438288 0.439802 0.439802 0.439802 0.439802 0.439802 0.439802 0.360001 0.439802 0.439802 0.36 0.439802 0.439802 0.439802 0.439802 0.439802 0.439802 0.434601 0.439802 0.439802 0.36 0.439802 0.439802 0.439802 0.439802 0.439802 0.439802 0.360253 0.439802 0.439802 0.363338 0.439802 0.439802 0.439802 0.439802 0.439802 0.439802 0.36 0.439802 0.439802 0.439616 0.439802 0.439802 0.439802 0.439802 0.439802 0.439802 0.375412 0.439802 0.439802 0.365144 0.439802 0.439802 0.439802 0.439802 0.439802 0.439802 0.437569 0.439802 0.439802 0.406357 0.439802 0.439802 0.439802 0.439802 0.439802 0.439802 0.438927 0.439802 0.439802 0.360509 0.439802 0.439802 0.439802 0.439802 0.439802 0.439802 0.36 0.439802 0.439802 0.378215 0.439802 0.439802 0.439802 0.439802 0.439802 0.439802 0.439802 0.439802 0.439802 0.439802 0.439802 0.439802 0.439802 0.439802 0.439802 0.439802 0.439802 0.439802 0.439802 0.439802 0.439802 0.439802 0.439802 0.439802 0.439802 0.439802 0.439802 0.439802 0.439802 0.439802 0.439802 0.439802 0.439802 0.439802 0.439802 0.439802 0.439802 0.439802 0.439802 0.439802 0.439802 0.439802 0.439802 0.439802 0.439802 0.439802 0.439802 0.439802 0.439802 0.439802 0.439802 0.439802 0.439802 0.439802 0.439802 0.439802 0.439802 0.439802 0.439802 0.439802 0.439802 0.439802 0.439802 0.439802 0.439802 0.439802 0.439802 0.439802 0.439802 0.439802 0.439802 0.439802 0.439802 0.439802 0.439802 0.439802 0.439802 0.439802 0.439802 0.439802 0.439802 0.439802 0.439802 0.439802 0.439802 0.439802 0.439802 0.439802 0.439802 0.439802 0.439802 0.439802 0.439802 0.439802 0.439802 0.439802 0.439802 0.439802 0.439802 0.439802 0.439802 0.439802 0.439802 0.439802 0.439802 0.439802 0.439802 0.439802 0.439802 0.439802 0.439802 0.439802 0.360098 0.439802 0.439802 0.439802 0.439802 0.439802 0.439802 0.439802 0.439802 0.439802 0.374551 0.439802 0.439802 0.439802 0.439802 0.439802 0.439802 0.439802 0.439802 0.439802 0.360067 0.439802 0.439802 0.439802 0.439802 0.439802 0.439802 0.439802 0.439802 0.439802 0.36 0.439802 0.439802 0.439802 0.439802 0.439802 0.439802 0.439802 0.439802 0.439802 0.36 0.439802 0.439802 0.439802 0.439802 0.439802 0.439802 0.439802 0.439802 0.439802 0.360138 0.439802 0.439802 0.439802 0.439802 0.439802 0.439802 0.439802 0.439802 0.439802 0.36 0.439802 0.439802 0.439802 0.439802 0.439802 0.439802 0.439802 0.439802 0.439802 0.360422 0.439802 0.439802 0.439802 0.439802 0.439802 0.439802 0.439802 0.439802 0.439802 0.360062 0.439802 0.439802 0.439802 0.439802 0.439802 0.439802 0.439802 0.439802 0.439802 0.36 0.439802 0.439802 0.439802 0.36001 0.439802 0.439802 0.428507 0.439802 0.439802 0.439802 0.439802 0.439802 0.439802 0.36 0.439802 0.439802 0.36059 0.439802 0.439802 0.439802 0.439802 0.439802 0.439802 0.36 0.439802 0.439802 0.439439 0.439802 0.439802 0.439802 0.439802 0.439802 0.439802 0.37245 0.439802 0.439802 0.438747 0.439802 0.439802 0.439802 0.439802 0.439802 0.439802 0.37252 0.439802 0.439802 0.36 0.439802 0.439802 0.439802 0.439802 0.439802 0.439802 0.366204 0.439802 0.439802 0.439414 0.439802 0.439802 0.439802 0.439802 0.439802 0.439802 0.360062 0.439802 0.439802 0.434418 0.439802 0.439802 0.439802 0.439802 0.439802 0.439802 0.368488 0.439802 0.439802 0.36 0.439802 0.439802 0.439802 0.439802 0.439802 0.439802 0.43598 0.439802 0.439802 0.381372 0.439802 0.439802 0.439802 0.439802 0.439802 0.439802 0.36 0.439802 0.439802 0.36 0.439802 0.439802 0.439802 0.439802 0.439802 0.439802 0.439802 0.439802 0.439802 0.439802 0.439802 0.439802 0.439802 0.439802 0.439802 0.439802 0.439802 0.439802 0.439802 0.439802 0.439802 0.439802 0.439802 0.439802 0.439802 0.439802 0.439802 0.439802 0.439802 0.439802 0.439802 0.439802 0.439802 0.439802 0.439802 0.439802 0.439802 0.439802 0.439802 0.439802 0.439802 0.439802 0.439802 0.439802 0.439802 0.439802 0.439802 0.439802 0.439802 0.439802 0.439802 0.439802 0.439802 0.439802 0.439802 0.439802 0.439802 0.439802 0.439802 0.439802 0.439802 0.439802 0.439802 0.439802 0.439802 0.439802 0.439802 0.439802 0.439802 0.439802 0.439802 0.439802 0.439802 0.439802 0.439802 0.439802 0.439802 0.439802 0.439802 0.439802 0.439802 0.439802 0.439802 0.439802 0.439802 0.439802 0.439802 0.439802 0.439802 0.439802 0.439802 0.439802 0.439802 0.439802 0.439802 0.439802 0.439802 0.439802 0.439802 0.439802 0.439802 0.439802 0.439802 0.439802 0.439802 0.439802 0.439802 0.439802 0.439802 0.439802 0.439802 0.439802 0.36 0.439802 0.439802 0.439802 0.439802 0.439802 0.439802 0.439802 0.439802 0.439802 0.373406 0.439802 0.439802 0.439802 0.439802 0.439802 0.439802 0.439802 0.439802 0.439802 0.422287 0.439802 0.439802 0.439802 0.439802 0.439802 0.439802 0.439802 0.439802 0.439802 0.373481 0.439802 0.439802 0.439802 0.439802 0.439802 0.439802 0.439802 0.439802 0.439802 0.37364 0.439802 0.439802 0.439802 0.439802 0.439802 0.439802 0.439802 0.439802 0.439802 0.360026 0.439802 0.439802 0.439802 0.439802 0.439802 0.439802 0.439802 0.439802 0.439802 0.36 0.439802 0.439802 0.439802 0.439802 0.439802 0.439802 0.439802 0.439802 0.439802 0.36 0.439802 0.439802 0.439802 0.439802 0.439802 0.439802 0.439802 0.439802 0.439802 0.428884 0.439802 0.439802 0.439802 0.439802 0.439802 0.439802 0.439802 0.439802 0.439802 0.409915 0.439802 0.439802 0.439802 0.439802 0.439802 0.439802 0.439802 0.439802 0.439802 0.360155 0.439802 0.439802 0.439802 0.439802 0.439802 0.439802 0.439802 0.439802 0.439802 0.371988 0.439802 0.439802 0.439802 0.439802 0.439802 0.439802 0.439802 0.439802 0.439802 0.360004 0.439802 0.439802 0.439802 0.439802 0.439802 0.439802 0.439802 0.439802 0.439802 0.360008 0.439802 0.439802 0.439802 0.439802 0.439802 0.439802 0.439802 0.439802 0.439802 0.36 0.439802 0.439802 0.439802 0.439802 0.439802 0.439802 0.439802 0.439802 0.439802 0.360082 0.439802 0.439802 0.439802 0.439802 0.439802 0.439802 0.439802 0.439802 0.439802 0.36 0.439802 0.439802 0.439802 0.439802 0.439802 0.439802 0.439802 0.439802 0.439802 0.413593 0.439802 0.439802 0.439802 0.439802 0.439802 0.439802 0.439802 0.439802 0.439802 0.36 0.439802 0.439802 0.439802 0.439802 0.439802 0.439802 0.439802 0.439802 0.439802 0.368172 0.439802 0.439802 0.439802 0.439688 0.439802 0.439802 0.36 0.439802 0.439802 0.439802 0.439802 0.439802 0.439802 0.374826 0.439802 0.439802 0.36 0.439802 0.439802 0.439802 0.439802 0.439802 0.439802 0.36 0.439802 0.439802 0.36 0.439802 0.439802 0.439802 0.439802 0.439802 0.439802 0.438485 0.439802 0.439802 0.439283 0.439802 0.439802 0.439802 0.439802 0.439802 0.439802 0.361339 0.439802 0.439802 0.439612 0.439802 0.439802 0.439802 0.439802 0.439802 0.439802 0.428085 0.439802 0.439802 0.36 0.439802 0.439802 0.439802 0.439802 0.439802 0.439802 0.416336 0.439802 0.439802 0.43233 0.439802 0.439802 0.439802 0.439802 0.439802 0.439802 0.36 0.439802 0.439802 0.395897 0.439802 0.439802 0.439802 0.439802 0.439802 0.439802 0.430267 0.439802 0.439802 0.36 0.439802 0.439802 0.439802 0.439802 0.439802 0.439802 0.364045 0.439802 0.439802 0.429512 0.439802 0.439802 0.439802 0.439802 0.439802 0.439802 0.439802 0.439802 0.439802 0.439802 0.439802 0.439802 0.439802 0.439802 0.439802 0.439802 0.439802 0.439802 0.439802 0.439802 0.439802 0.439802 0.439802 0.439802 0.439802 0.439802 0.439802 0.439802 0.439802 0.439802 0.439802 0.439802 0.439802 0.439802 0.439802 0.439802 0.439802 0.439802 0.439802 0.439802 0.439802 0.439802 0.439802 0.439802 0.439802 0.439802 0.439802 0.439802 0.439802 0.439802 0.439802 0.439802 0.439802 0.439802 0.439802 0.439802 0.439802 0.439802 0.439802 0.439802 0.439802 0.439802 0.439802 0.439802 0.439802 0.439802 0.439802 0.439802 0.439802 0.439802 0.439802 0.439802 0.439802 0.439802 0.439802 0.439802 0.439802 0.439802 0.439802 0.439802 0.439802 0.439802 0.439802 0.439802 0.439802 0.439802 0.439802 0.439802 0.439802 0.439802 0.439802 0.439802 0.439802 0.439802 0.439802 0.439802 0.439802 0.439802 0.439802 0.439802 0.439802 0.439802 0.439802 0.439802 0.439802 0.439802 0.439802 0.439802 0.439802 0.439802 0.439802 0.439802 0.362775 0.439802 0.439802 0.439802 0.439802 0.439802 0.439802 0.439802 0.439802 0.439802 0.36 0.439802 0.439802 0.439802 0.439802 0.439802 0.439802 0.439802 0.439802 0.439802 0.36 0.439802 0.439802 0.439802 0.439802 0.439802 0.439802 0.439802 0.439802 0.439802 0.437803 0.439802 0.439802 0.439802 0.439802 0.439802 0.439802 0.439802 0.439802 0.439802 0.36 0.439802 0.439802 0.439802 0.439802 0.439802 0.439802 0.439802 0.439802 0.439802 0.36 0.439802 0.439802 0.439802 0.439802 0.439802 0.439802 0.439802 0.439802 0.439802 0.438176 0.439802 0.439802 0.439802 0.439802 0.439802 0.439802 0.439802 0.439802 0.439802 0.36 0.439802 0.439802 0.439802 0.439802 0.439802 0.439802 0.439802 0.439802 0.439802 0.382494 0.439802 0.439802 0.439802 0.439802 0.439802 0.439802 0.439802 0.439802 0.439802 0.36 0.439802 0.439802 0.439802 0.360024 0.439802 0.439802 0.437463 0.439802 0.439802 0.439802 0.439802 0.439802 0.439802 0.378436 0.439802 0.439802 0.36 0.439802 0.439802 0.439802 0.439802 0.439802 0.439802 0.36 0.439802 0.439802 0.398625 0.439802 0.439802 0.439802 0.439802 0.439802 0.439802 0.360005 0.439802 0.439802 0.438874 0.439802 0.439802 0.439802 0.439802 0.439802 0.439802 0.36 0.439802 0.439802 0.43639 0.439802 0.439802 0.439802 0.439802 0.439802 0.439802 0.362051 0.439802 0.439802 0.433265 0.439802 0.439802 0.439802 0.439802 0.439802 0.439802 0.36 0.439802 0.439802 0.36 0.439802 0.439802 0.439802 0.439802 0.439802 0.439802 0.36 0.439802 0.439802 0.360001 0.439802 0.439802 0.439802 0.439802 0.439802 0.439802 0.36 0.439802 0.439802 0.366426 0.439802 0.439802 0.439802 0.439802 0.439802 0.439802 0.36 0.439802 0.439802 0.361549 0.439802 0.439802 0.439802 0.439802 0.439802 0.439802 0.439802 0.439802 0.439802 0.439802 0.439802 0.439802 0.439802 0.439802 0.439802 0.439802 0.439802 0.439802 0.439802 0.439802 0.439802 0.439802 0.439802 0.439802 0.439802 0.439802 0.439802 0.439802 0.439802 0.439802 0.439802 0.439802 0.439802 0.439802 0.439802 0.439802 0.439802 0.439802 0.439802 0.439802 0.439802 0.439802 0.439802 0.439802 0.439802 0.439802 0.439802 0.439802 0.439802 0.439802 0.439802 0.439802 0.439802 0.439802 0.439802 0.439802 0.439802 0.439802 0.439802 0.439802 0.439802 0.439802 0.439802 0.439802 0.439802 0.439802 0.439802 0.439802 0.439802 0.439802 0.439802 0.439802 0.439802 0.439802 0.439802 0.439802 0.439802 0.439802 0.439802 0.439802 0.439802 0.439802 0.439802 0.439802 0.439802 0.439802 0.439802 0.439802 0.439802 0.439802 0.439802 0.439802 0.439802 0.439802 0.439802 0.439802 0.439802 0.439802 0.439802 0.439802 0.439802 0.439802 0.439802 0.439802 0.439802 0.439802 0.439802 0.439802 0.439802 0.439802 0.439802 0.439802 0.36 0.439802 0.439802 0.439802 0.439802 0.439802 0.439802 0.439802 0.439802 0.439802 0.36 0.439802 0.439802 0.439802 0.439802 0.439802 0.439802 0.439802 0.439802 0.439802 0.36 0.439802 0.439802 0.439802 0.439802 0.439802 0.439802 0.439802 0.439802 0.439802 0.36 0.439802 0.439802 0.439802 0.439802 0.439802 0.439802 0.439802 0.439802 0.439802 0.369739 0.439802 0.439802 0.439802 0.439802 0.439802 0.439802 0.439802 0.439802 0.439802 0.386303 0.439802 0.439802 0.439802 0.439802 0.439802 0.439802 0.439802 0.439802 0.439802 0.439504 0.439802 0.439802 0.439802 0.439802 0.439802 0.439802 0.439802 0.439802 0.439802 0.361223 0.439802 0.439802 0.439802 0.439802 0.439802 0.439802 0.439802 0.439802 0.439802 0.36 0.439802 0.439802 0.439802 0.439802 0.439802 0.439802 0.439802 0.439802 0.439802 0.36 0.439802 0.439802 0.439802 0.407689 0.439802 0.439802 0.438845 0.439802 0.439802 0.439802 0.439802 0.439802 0.439802 0.412259 0.439802 0.439802 0.438589 0.439802 0.439802 0.439802 0.439802 0.439802 0.439802 0.43957 0.439802 0.439802 0.438598 0.439802 0.439802 0.439802 0.439802 0.439802 0.439802 0.363679 0.439802 0.439802 0.36 0.439802 0.439802 0.439802 0.439802 0.439802 0.439802 0.360073 0.439802 0.439802 0.360037 0.439802 0.439802 0.439802 0.439802 0.439802 0.439802 0.360611 0.439802 0.439802 0.363855 0.439802 0.439802 0.439802 0.439802 0.439802 0.439802 0.361781 0.439802 0.439802 0.422496 0.439802 0.439802 0.439802 0.439802 0.439802 0.439802 0.360059 0.439802 0.439802 0.360056 0.439802 0.439802 0.439802 0.439802 0.439802 0.439802 0.429767 0.439802 0.439802 0.416671 0.439802 0.439802 0.439802 0.439802 0.439802 0.439802 0.438409 0.439802 0.439802 0.360182 0.439802 0.439802 0.439802 0.439802 0.439802 0.439802 0.439802 0.439802 0.439802 0.439802 0.439802 0.439802 0.439802 0.439802 0.439802 0.439802 0.439802 0.439802 0.439802 0.439802 0.439802 0.439802 0.439802 0.439802 0.439802 0.439802 0.439802 0.439802 0.439802 0.439802 0.439802 0.439802 0.439802 0.439802 0.439802 0.439802 0.439802 0.439802 0.439802 0.439802 0.439802 0.439802 0.439802 0.439802 0.439802 0.439802 0.439802 0.439802 0.439802 0.439802 0.439802 0.439802 0.439802 0.439802 0.439802 0.439802 0.439802 0.439802 0.439802 0.439802 0.439802 0.439802 0.439802 0.439802 0.439802 0.439802 0.439802 0.439802 0.439802 0.439802 0.439802 0.439802 0.439802 0.439802 0.439802 0.439802 0.439802 0.439802 0.439802 0.439802 0.439802 0.439802 0.439802 0.439802 0.439802 0.439802 0.439802 0.439802 0.439802 0.439802 0.439802 0.439802 0.439802 0.439802 0.439802 0.439802 0.439802 0.439802 0.439802 0.439802 0.439802 0.439802 0.439802 0.439802 0.439802 0.439802 0.439802 0.439802 0.439802 0.439802 0.439802 0.439802 0.360002 0.439802 0.439802 0.439802 0.439802 0.439802 0.439802 0.439802 0.439802 0.439802 0.418945 0.439802 0.439802 0.439802 0.439802 0.439802 0.439802 0.439802 0.439802 0.439802 0.386848 0.439802 0.439802 0.439802 0.439802 0.439802 0.439802 0.439802 0.439802 0.439802 0.415874 0.439802 0.439802 0.439802 0.439802 0.439802 0.439802 0.439802 0.439802 0.439802 0.360044 0.439802 0.439802 0.439802 0.439802 0.439802 0.439802 0.439802 0.439802 0.439802 0.360004 0.439802 0.439802 0.439802 0.439802 0.439802 0.439802 0.439802 0.439802 0.439802 0.360001 0.439802 0.439802 0.439802 0.439802 0.439802 0.439802 0.439802 0.439802 0.439802 0.360191 0.439802 0.439802 0.439802 0.439802 0.439802 0.439802 0.439802 0.439802 0.439802 0.386831 0.439802 0.439802 0.439802 0.439802 0.439802 0.439802 0.439802 0.439802 0.439802 0.36 0.439802 0.439802 0.439802 0.439802 0.439802 0.439802 0.439802 0.439802 0.439802 0.36 0.439802 0.439802 0.439802 0.439802 0.439802 0.439802 0.439802 0.439802 0.439802 0.36 0.439802 0.439802 0.439802 0.439802 0.439802 0.439802 0.439802 0.439802 0.439802 0.361028 0.439802 0.439802 0.439802 0.439802 0.439802 0.439802 0.439802 0.439802 0.439802 0.36 0.439802 0.439802 0.439802 0.439802 0.439802 0.439802 0.439802 0.439802 0.439802 0.438585 0.439802 0.439802 0.439802 0.439802 0.439802 0.439802 0.439802 0.439802 0.439802 0.360017 0.439802 0.439802 0.439802 0.439802 0.439802 0.439802 0.439802 0.439802 0.439802 0.360179 0.439802 0.439802 0.439802 0.439802 0.439802 0.439802 0.439802 0.439802 0.439802 0.36 0.439802 0.439802 0.439802 0.439802 0.439802 0.439802 0.439802 0.439802 0.439802 0.36012 0.439802 0.439802 0.439802 0.439802 0.439802 0.439802 0.439802 0.439802 0.439802 0.36 0.439802 0.439802 0.439802 0.362259 0.439802 0.439802 0.433484 0.439802 0.439802 0.439802 0.439802 0.439802 0.439802 0.362551 0.439802 0.439802 0.36002 0.439802 0.439802 0.439802 0.439802 0.439802 0.439802 0.439597 0.439802 0.439802 0.363058 0.439802 0.439802 0.439802 0.439802 0.439802 0.439802 0.360023 0.439802 0.439802 0.360031 0.439802 0.439802 0.439802 0.439802 0.439802 0.439802 0.360022 0.439802 0.439802 0.361084 0.439802 0.439802 0.439802 0.439802 0.439802 0.439802 0.36 0.439802 0.439802 0.36014 0.439802 0.439802 0.439802 0.439802 0.439802 0.439802 0.360121 0.439802 0.439802 0.36 0.439802 0.439802 0.439802 0.439802 0.439802 0.439802 0.36008 0.439802 0.439802 0.36 0.439802 0.439802 0.439802 0.439802 0.439802 0.439802 0.36 0.439802 0.439802 0.431888 0.439802 0.439802 0.439802 0.439802 0.439802 0.439802 0.433724 0.439802 0.439802 0.360707 0.439802 0.439802 0.439802 0.439802 0.439802 0.439802 0.439802 0.439802 0.439802 0.439802 0.439802 0.439802 0.439802 0.439802 0.439802 0.439802 0.439802 0.439802 0.439802 0.439802 0.439802 0.439802 0.439802 0.439802 0.439802 0.439802 0.439802 0.439802 0.439802 0.439802 0.439802 0.439802 0.439802 0.439802 0.439802 0.439802 0.439802 0.439802 0.439802 0.439802 0.439802 0.439802 0.439802 0.439802 0.439802 0.439802 0.439802 0.439802 0.439802 0.439802 0.439802 0.439802 0.439802 0.439802 0.439802 0.439802 0.439802 0.439802 0.439802 0.439802 0.439802 0.439802 0.439802 0.439802 0.439802 0.439802 0.439802 0.439802 0.439802 0.439802 0.439802 0.439802 0.439802 0.439802 0.439802 0.439802 0.439802 0.439802 0.439802 0.439802 0.439802 0.439802 0.439802 0.439802 0.439802 0.439802 0.439802 0.439802 0.439802 0.439802 0.439802 0.439802 0.439802 0.439802 0.439802 0.439802 0.439802 0.439802 0.439802 0.439802 0.439802 0.439802 0.439802 0.439802 0.439802 0.439802 0.439802 0.439802 0.439802 0.439802 0.439802 0.439802 0.439434 0.439802 0.439802 0.439802 0.439802 0.439802 0.439802 0.439802 0.439802 0.439802 0.43872 0.439802 0.439802 0.439802 0.439802 0.439802 0.439802 0.439802 0.439802 0.439802 0.360012 0.439802 0.439802 0.439802 0.439802 0.439802 0.439802 0.439802 0.439802 0.439802 0.425385 0.439802 0.439802 0.439802 0.439802 0.439802 0.439802 0.439802 0.439802 0.439802 0.362907 0.439802 0.439802 0.439802 0.439802 0.439802 0.439802 0.439802 0.439802 0.439802 0.36 0.439802 0.439802 0.439802 0.439802 0.439802 0.439802 0.439802 0.439802 0.439802 0.381591 0.439802 0.439802 0.439802 0.439802 0.439802 0.439802 0.439802 0.439802 0.439802 0.360099 0.439802 0.439802 0.439802 0.439802 0.439802 0.439802 0.439802 0.439802 0.439802 0.407539 0.439802 0.439802 0.439802 0.439802 0.439802 0.439802 0.439802 0.439802 0.439802 0.36 0.439802 0.439802 0.439802 0.436411 0.439802 0.439802 0.429521 0.439802 0.439802 0.439802 0.439802 0.439802 0.439802 0.36 0.439802 0.439802 0.424008 0.439802 0.439802 0.439802 0.439802 0.439802 0.439802 0.372613 0.439802 0.439802 0.366789 0.439802 0.439802 0.439802 0.439802 0.439802 0.439802 0.380359 0.439802 0.439802 0.437328 0.439802 0.439802 0.439802 0.439802 0.439802 0.439802 0.36 0.439802 0.439802 0.380827 0.439802 0.439802 0.439802 0.439802 0.439802 0.439802 0.419475 0.439802 0.439802 0.360013 0.439802 0.439802 0.439802 0.439802 0.439802 0.439802 0.371853 0.439802 0.439802 0.36 0.439802 0.439802 0.439802 0.439802 0.439802 0.439802 0.361118 0.439802 0.439802 0.437861 0.439802 0.439802 0.439802 0.439802 0.439802 0.439802 0.36 0.439802 0.439802 0.360027 0.439802 0.439802 0.439802 0.439802 0.439802 0.439802 0.415805 0.439802 0.439802 0.36 0.439802 0.439802 0.439802 0.439802 0.439802 0.439802 0.439802 0.439802 0.439802 0.439802 0.439802 0.439802 0.439802 0.439802 0.439802 0.439802 0.439802 0.439802 0.439802 0.439802 0.439802 0.439802 0.439802 0.439802 0.439802 0.439802 0.439802 0.439802 0.439802 0.439802 0.439802 0.439802 0.439802 0.439802 0.439802 0.439802 0.439802 0.439802 0.439802 0.439802 0.439802 0.439802 0.439802 0.439802 0.439802 0.439802 0.439802 0.439802 0.439802 0.439802 0.439802 0.439802 0.439802 0.439802 0.439802 0.439802 0.439802 0.439802 0.439802 0.439802 0.439802 0.439802 0.439802 0.439802 0.439802 0.439802 0.439802 0.439802 0.439802 0.439802 0.439802 0.439802 0.439802 0.439802 0.439802 0.439802 0.439802 0.439802 0.439802 0.439802 0.439802 0.439802 0.439802 0.439802 0.439802 0.439802 0.439802 0.439802 0.439802 0.439802 0.439802 0.439802 0.439802 0.439802 0.439802 0.439802 0.439802 0.439802 0.439802 0.439802 0.439802 0.439802 0.439802 0.439802 0.439802 0.439802 0.439802 0.439802 0.439802 0.439802 0.439802 0.439802 0.36 0.439802 0.439802 0.439802 0.439802 0.439802 0.439802 0.439802 0.439802 0.439802 0.36 0.439802 0.439802 0.439802 0.439802 0.439802 0.439802 0.439802 0.439802 0.439802 0.36002 0.439802 0.439802 0.439802 0.439802 0.439802 0.439802 0.439802 0.439802 0.439802 0.36 0.439802 0.439802 0.439802 0.439802 0.439802 0.439802 0.439802 0.439802 0.439802 0.36 0.439802 0.439802 0.439802 0.439802 0.439802 0.439802 0.439802 0.439802 0.439802 0.360085 0.439802 0.439802 0.439802 0.439802 0.439802 0.439802 0.439802 0.439802 0.439802 0.36 0.439802 0.439802 0.439802 0.439802 0.439802 0.439802 0.439802 0.439802 0.439802 0.376969 0.439802 0.439802 0.439802 0.439802 0.439802 0.439802 0.439802 0.439802 0.439802 0.439258 0.439802 0.439802 0.439802 0.439802 0.439802 0.439802 0.439802 0.439802 0.439802 0.427336 0.439802 0.439802 0.439802 0.433665 0.439802 0.439802 0.363315 0.439802 0.439802 0.439802 0.439802 0.439802 0.439802 0.406192 0.439802 0.439802 0.362312 0.439802 0.439802 0.439802 0.439802 0.439802 0.439802 0.38033 0.439802 0.439802 0.361723 0.439802 0.439802 0.439802 0.439802 0.439802 0.439802 0.36 0.439802 0.439802 0.417806 0.439802 0.439802 0.439802 0.439802 0.439802 0.439802 0.360047 0.439802 0.439802 0.360095 0.439802 0.439802 0.439802 0.439802 0.439802 0.439802 0.428046 0.439802 0.439802 0.360001 0.439802 0.439802 0.439802 0.439802 0.439802 0.439802 0.36 0.439802 0.439802 0.360978 0.439802 0.439802 0.439802 0.439802 0.439802 0.439802 0.406413 0.439802 0.439802 0.437953 0.439802 0.439802 0.439802 0.439802 0.439802 0.439802 0.408595 0.439802 0.439802 0.360001 0.439802 0.439802 0.439802 0.439802 0.439802 0.439802 0.389806 0.439802 0.439802 0.43548 0.439802 0.439802 0.439802 0.439802 0.439802 0.439802 0.439802 0.439802 0.439802 0.439802 0.439802 0.439802 0.439802 0.439802 0.439802 0.439802 0.439802 0.439802 0.439802 0.439802 0.439802 0.439802 0.439802 0.439802 0.439802 0.439802 0.439802 0.439802 0.439802 0.439802 0.439802 0.439802 0.439802 0.439802 0.439802 0.439802 0.439802 0.439802 0.439802 0.439802 0.439802 0.439802 0.439802 0.439802 0.439802 0.439802 0.439802 0.439802 0.439802 0.439802 0.439802 0.439802 0.439802 0.439802 0.439802 0.439802 0.439802 0.439802 0.439802 0.439802 0.439802 0.439802 0.439802 0.439802 0.439802 0.439802 0.439802 0.439802 0.439802 0.439802 0.439802 0.439802 0.439802 0.439802 0.439802 0.439802 0.439802 0.439802 0.439802 0.439802 0.439802 0.439802 0.439802 0.439802 0.439802 0.439802 0.439802 0.439802 0.439802 0.439802 0.439802 0.439802 0.439802 0.439802 0.439802 0.439802 0.439802 0.439802 0.439802 0.439802 0.439802 0.439802 0.439802 0.439802 0.439802 0.439802 0.439802 0.439802 0.439802 0.439802 0.439802 0.439802 0.360008 0.439802 0.439802 0.439802 0.439802 0.439802 0.439802 0.439802 0.439802 0.439802 0.439739 0.439802 0.439802 0.439802 0.439802 0.439802 0.439802 0.439802 0.439802 0.439802 0.368579 0.439802 0.439802 0.439802 0.439802 0.439802 0.439802 0.439802 0.439802 0.439802 0.360715 0.439802 0.439802 0.439802 0.439802 0.439802 0.439802 0.439802 0.439802 0.439802 0.360002 0.439802 0.439802 0.439802 0.439802 0.439802 0.439802 0.439802 0.439802 0.439802 0.36 0.439802 0.439802 0.439802 0.439802 0.439802 0.439802 0.439802 0.439802 0.439802 0.360257 0.439802 0.439802 0.439802 0.439802 0.439802 0.439802 0.439802 0.439802 0.439802 0.36 0.439802 0.439802 0.439802 0.439802 0.439802 0.439802 0.439802 0.439802 0.439802 0.36 0.439802 0.439802 0.439802 0.439802 0.439802 0.439802 0.439802 0.439802 0.439802 0.36 0.439802 0.439802 0.439802 0.439802 0.439802 0.439802 0.439802 0.439802 0.439802 0.361692 0.439802 0.439802 0.439802 0.439802 0.439802 0.439802 0.439802 0.439802 0.439802 0.360028 0.439802 0.439802 0.439802 0.439802 0.439802 0.439802 0.439802 0.439802 0.439802 0.369491 0.439802 0.439802 0.439802 0.439802 0.439802 0.439802 0.439802 0.439802 0.439802 0.360001 0.439802 0.439802 0.439802 0.439802 0.439802 0.439802 0.439802 0.439802 0.439802 0.392759 0.439802 0.439802 0.439802 0.439802 0.439802 0.439802 0.439802 0.439802 0.439802 0.43937 0.439802 0.439802 0.439802 0.439802 0.439802 0.439802 0.439802 0.439802 0.439802 0.36 0.439802 0.439802 0.439802 0.439802 0.439802 0.439802 0.439802 0.439802 0.439802 0.361391 0.439802 0.439802 0.439802 0.439802 0.439802 0.439802 0.439802 0.439802 0.439802 0.439353 0.439802 0.439802 0.439802 0.439802 0.439802 0.439802 0.439802 0.439802 0.439802 0.434914 0.439802 0.439802 0.439802 0.43766 0.439802 0.439802 0.360003 0.439802 0.439802 0.439802 0.439802 0.439802 0.439802 0.36 0.439802 0.439802 0.360005 0.439802 0.439802 0.439802 0.439802 0.439802 0.439802 0.36 0.439802 0.439802 0.421148 0.439802 0.439802 0.439802 0.439802 0.439802 0.439802 0.36 0.439802 0.439802 0.435923 0.439802 0.439802 0.439802 0.439802 0.439802 0.439802 0.429713 0.439802 0.439802 0.435006 0.439802 0.439802 0.439802 0.439802 0.439802 0.439802 0.36 0.439802 0.439802 0.438457 0.439802 0.439802 0.439802 0.439802 0.439802 0.439802 0.36 0.439802 0.439802 0.395269 0.439802 0.439802 0.439802 0.439802 0.439802 0.439802 0.36001 0.439802 0.439802 0.360011 0.439802 0.439802 0.439802 0.439802 0.439802 0.439802 0.417819 0.439802 0.439802 0.36 0.439802 0.439802 0.439802 0.439802 0.439802 0.439802 0.360571 0.439802 0.439802 0.430487 0.439802 0.439802 0.439802 0.439802 0.439802 0.439802 0.439802 0.439802 0.439802 0.439802 0.439802 0.439802 0.439802 0.439802 0.439802 0.439802 0.439802 0.439802 0.439802 0.439802 0.439802 0.439802 0.439802 0.439802 0.439802 0.439802 0.439802 0.439802 0.439802 0.439802 0.439802 0.439802 0.439802 0.439802 0.439802 0.439802 0.439802 0.439802 0.439802 0.439802 0.439802 0.439802 0.439802 0.439802 0.439802 0.439802 0.439802 0.439802 0.439802 0.439802 0.439802 0.439802 0.439802 0.439802 0.439802 0.439802 0.439802 0.439802 0.439802 0.439802 0.439802 0.439802 0.439802 0.439802 0.439802 0.439802 0.439802 0.439802 0.439802 0.439802 0.439802 0.439802 0.439802 0.439802 0.439802 0.439802 0.439802 0.439802 0.439802 0.439802 0.439802 0.439802 0.439802 0.439802 0.439802 0.439802 0.439802 0.439802 0.439802 0.439802 0.439802 0.439802 0.439802 0.439802 0.439802 0.439802 0.439802 0.439802 0.439802 0.439802 0.439802 0.439802 0.439802 0.439802 0.439802 0.439802 0.439802 0.439802 0.439802 0.439802 0.439802 0.439802 0.361726 0.439802 0.439802 0.439802 0.439802 0.439802 0.439802 0.439802 0.439802 0.439802 0.422972 0.439802 0.439802 0.439802 0.439802 0.439802 0.439802 0.439802 0.439802 0.439802 0.36 0.439802 0.439802 0.439802 0.439802 0.439802 0.439802 0.439802 0.439802 0.439802 0.429331 0.439802 0.439802 0.439802 0.439802 0.439802 0.439802 0.439802 0.439802 0.439802 0.36016 0.439802 0.439802 0.439802 0.439802 0.439802 0.439802 0.439802 0.439802 0.439802 0.365655 0.439802 0.439802 0.439802 0.439802 0.439802 0.439802 0.439802 0.439802 0.439802 0.383854 0.439802 0.439802 0.439802 0.439802 0.439802 0.439802 0.439802 0.439802 0.439802 0.36 0.439802 0.439802 0.439802 0.439802 0.439802 0.439802 0.439802 0.439802 0.439802 0.360047 0.439802 0.439802 0.439802 0.439802 0.439802 0.439802 0.439802 0.439802 0.439802 0.383431 0.439802 0.439802 0.439802 0.42589 0.439802 0.439802 0.38855 0.439802 0.439802 0.439802 0.439802 0.439802 0.439802 0.360198 0.439802 0.439802 0.411302 0.439802 0.439802 0.439802 0.439802 0.439802 0.439802 0.374509 0.439802 0.439802 0.360064 0.439802 0.439802 0.439802 0.439802 0.439802 0.439802 0.439202 0.439802 0.439802 0.433833 0.439802 0.439802 0.439802 0.439802 0.439802 0.439802 0.360006 0.439802 0.439802 0.437937 0.439802 0.439802 0.439802 0.439802 0.439802 0.439802 0.36 0.439802 0.439802 0.364931 0.439802 0.439802 0.439802 0.439802 0.439802 0.439802 0.43955 0.439802 0.439802 0.437303 0.439802 0.439802 0.439802 0.439802 0.439802 0.439802 0.367618 0.439802 0.439802 0.373014 0.439802 0.439802 0.439802 0.439802 0.439802 0.439802 0.437828 0.439802 0.439802 0.36 0.439802 0.439802 0.439802 0.439802 0.439802 0.439802 0.436857 0.439802 0.439802 0.364548 0.439802 0.439802 0.439802 0.439802 0.439802 0.439802 0.439802 0.439802 0.439802 0.439802 0.439802 0.439802 0.439802 0.439802 0.439802 0.439802 0.439802 0.439802 0.439802 0.439802 0.439802 0.439802 0.439802 0.439802 0.439802 0.439802 0.439802 0.439802 0.439802 0.439802 0.439802 0.439802 0.439802 0.439802 0.439802 0.439802 0.439802 0.439802 0.439802 0.439802 0.439802 0.439802 0.439802 0.439802 0.439802 0.439802 0.439802 0.439802 0.439802 0.439802 0.439802 0.439802 0.439802 0.439802 0.439802 0.439802 0.439802 0.439802 0.439802 0.439802 0.439802 0.439802 0.439802 0.439802 0.439802 0.439802 0.439802 0.439802 0.439802 0.439802 0.439802 0.439802 0.439802 0.439802 0.439802 0.439802 0.439802 0.439802 0.439802 0.439802 0.439802 0.439802 0.439802 0.439802 0.439802 0.439802 0.439802 0.439802 0.439802 0.439802 0.439802 0.439802 0.439802 0.439802 0.439802 0.439802 0.439802 0.439802 0.439802 0.439802 0.439802 0.439802 0.439802 0.439802 0.439802 0.439802 0.439802 0.439802 0.439802 0.439802 0.439802 0.439802 0.372344 0.439802 0.439802 0.439802 0.439802 0.439802 0.439802 0.439802 0.439802 0.439802 0.414916 0.439802 0.439802 0.439802 0.439802 0.439802 0.439802 0.439802 0.439802 0.439802 0.39292 0.439802 0.439802 0.439802 0.439802 0.439802 0.439802 0.439802 0.439802 0.439802 0.389015 0.439802 0.439802 0.439802 0.439802 0.439802 0.439802 0.439802 0.439802 0.439802 0.439715 0.439802 0.439802 0.439802 0.439802 0.439802 0.439802 0.439802 0.439802 0.439802 0.385394 0.439802 0.439802 0.439802 0.439802 0.439802 0.439802 0.439802 0.439802 0.439802 0.360284 0.439802 0.439802 0.439802 0.439802 0.439802 0.439802 0.439802 0.439802 0.439802 0.36 0.439802 0.439802 0.439802 0.439802 0.439802 0.439802 0.439802 0.439802 0.439802 0.435734 0.439802 0.439802 0.439802 0.439802 0.439802 0.439802 0.439802 0.439802 0.439802 0.435534 0.439802 0.439802 0.439802 0.360156 0.439802 0.439802 0.366357 0.439802 0.439802 0.439802 0.439802 0.439802 0.439802 0.390947 0.439802 0.439802 0.360001 0.439802 0.439802 0.439802 0.439802 0.439802 0.439802 0.3601 0.439802 0.439802 0.360016 0.439802 0.439802 0.439802 0.439802 0.439802 0.439802 0.437828 0.439802 0.439802 0.438234 0.439802 0.439802 0.439802 0.439802 0.439802 0.439802 0.36 0.439802 0.439802 0.438583 0.439802 0.439802 0.439802 0.439802 0.439802 0.439802 0.393068 0.439802 0.439802 0.36 0.439802 0.439802 0.439802 0.439802 0.439802 0.439802 0.360572 0.439802 0.439802 0.360096 0.439802 0.439802 0.439802 0.439802 0.439802 0.439802 0.360004 0.439802 0.439802 0.438441 0.439802 0.439802 0.439802 0.439802 0.439802 0.439802 0.437538 0.439802 0.439802 0.36 0.439802 0.439802 0.439802 0.439802 0.439802 0.439802 0.360002 0.439802 0.439802 0.395631 0.439802 0.439802 0.439802 0.439802 0.439802 0.439802 0.439802 0.439802 0.439802 0.439802 0.439802 0.439802 0.439802 0.439802 0.439802 0.439802 0.439802 0.439802 0.439802 0.439802 0.439802 0.439802 0.439802 0.439802 0.439802 0.439802 0.439802 0.439802 0.439802 0.439802 0.439802 0.439802 0.439802 0.439802 0.439802 0.439802 0.439802 0.439802 0.439802 0.439802 0.439802 0.439802 0.439802 0.439802 0.439802 0.439802 0.439802 0.439802 0.439802 0.439802 0.439802 0.439802 0.439802 0.439802 0.439802 0.439802 0.439802 0.439802 0.439802 0.439802 0.439802 0.439802 0.439802 0.439802 0.439802 0.439802 0.439802 0.439802 0.439802 0.439802 0.439802 0.439802 0.439802 0.439802 0.439802 0.439802 0.439802 0.439802 0.439802 0.439802 0.439802 0.439802 0.439802 0.439802 0.439802 0.439802 0.439802 0.439802 0.439802 0.439802 0.439802 0.439802 0.439802 0.439802 0.439802 0.439802 0.439802 0.439802 0.439802 0.439802 0.439802 0.439802 0.439802 0.439802 0.439802 0.439802 0.439802 0.439802 0.439802 0.439802 0.439802 0.439802 0.36 0.439802 0.439802 0.439802 0.439802 0.439802 0.439802 0.439802 0.439802 0.439802 0.36 0.439802 0.439802 0.439802 0.439802 0.439802 0.439802 0.439802 0.439802 0.439802 0.407146 0.439802 0.439802 0.439802 0.439802 0.439802 0.439802 0.439802 0.439802 0.439802 0.36 0.439802 0.439802 0.439802 0.439802 0.439802 0.439802 0.439802 0.439802 0.439802 0.427226 0.439802 0.439802 0.439802 0.439802 0.439802 0.439802 0.439802 0.439802 0.439802 0.439299 0.439802 0.439802 0.439802 0.439802 0.439802 0.439802 0.439802 0.439802 0.439802 0.363912 0.439802 0.439802 0.439802 0.439802 0.439802 0.439802 0.439802 0.439802 0.439802 0.360002 0.439802 0.439802 0.439802 0.439802 0.439802 0.439802 0.439802 0.439802 0.439802 0.36 0.439802 0.439802 0.439802 0.439802 0.439802 0.439802 0.439802 0.439802 0.439802 0.438554 0.439802 0.439802 0.439802 0.439802 0.439802 0.439802 0.439802 0.439802 0.439802 0.388651 0.439802 0.439802 0.439802 0.439802 0.439802 0.439802 0.439802 0.439802 0.439802 0.398936 0.439802 0.439802 0.439802 0.439802 0.439802 0.439802 0.439802 0.439802 0.439802 0.363443 0.439802 0.439802 0.439802 0.439802 0.439802 0.439802 0.439802 0.439802 0.439802 0.40643 0.439802 0.439802 0.439802 0.439802 0.439802 0.439802 0.439802 0.439802 0.439802 0.36 0.439802 0.439802 0.439802 0.439802 0.439802 0.439802 0.439802 0.439802 0.439802 0.36 0.439802 0.439802 0.439802 0.439802 0.439802 0.439802 0.439802 0.439802 0.439802 0.36003 0.439802 0.439802 0.439802 0.439802 0.439802 0.439802 0.439802 0.439802 0.439802 0.431224 0.439802 0.439802 0.439802 0.439802 0.439802 0.439802 0.439802 0.439802 0.439802 0.360001 0.439802 0.439802 0.439802 0.439802 0.439802 0.439802 0.439802 0.439802 0.439802 0.360002 0.439802 0.439802 0.439802 0.413301 0.439802 0.439802 0.433311 0.439802 0.439802 0.439802 0.439802 0.439802 0.439802 0.43965 0.439802 0.439802 0.36 0.439802 0.439802 0.439802 0.439802 0.439802 0.439802 0.360024 0.439802 0.439802 0.36 0.439802 0.439802 0.439802 0.439802 0.439802 0.439802 0.36 0.439802 0.439802 0.360025 0.439802 0.439802 0.439802 0.439802 0.439802 0.439802 0.36 0.439802 0.439802 0.439168 0.439802 0.439802 0.439802 0.439802 0.439802 0.439802 0.414815 0.439802 0.439802 0.438186 0.439802 0.439802 0.439802 0.439802 0.439802 0.439802 0.422517 0.439802 0.439802 0.360174 0.439802 0.439802 0.439802 0.439802 0.439802 0.439802 0.439411 0.439802 0.439802 0.36 0.439802 0.439802 0.439802 0.439802 0.439802 0.439802 0.361209 0.439802 0.439802 0.419139 0.439802 0.439802 0.439802 0.439802 0.439802 0.439802 0.43904 0.439802 0.439802 0.430391 0.439802 0.439802 0.439802 0.439802 0.439802 0.439802 0.439802 0.439802 0.439802 0.439802 0.439802 0.439802 0.439802 0.439802 0.439802 0.439802 0.439802 0.439802 0.439802 0.439802 0.439802 0.439802 0.439802 0.439802 0.439802 0.439802 0.439802 0.439802 0.439802 0.439802 0.439802 0.439802 0.439802 0.439802 0.439802 0.439802 0.439802 0.439802 0.439802 0.439802 0.439802 0.439802 0.439802 0.439802 0.439802 0.439802 0.439802 0.439802 0.439802 0.439802 0.439802 0.439802 0.439802 0.439802 0.439802 0.439802 0.439802 0.439802 0.439802 0.439802 0.439802 0.439802 0.439802 0.439802 0.439802 0.439802 0.439802 0.439802 0.439802 0.439802 0.439802 0.439802 0.439802 0.439802 0.439802 0.439802 0.439802 0.439802 0.439802 0.439802 0.439802 0.439802 0.439802 0.439802 0.439802 0.439802 0.439802 0.439802 0.439802 0.439802 0.439802 0.439802 0.439802 0.439802 0.439802 0.439802 0.439802 0.439802 0.439802 0.439802 0.439802 0.439802 0.439802 0.439802 0.439802 0.439802 0.439802 0.439802 0.439802 0.439802 0.439802 0.439802 0.36 0.439802 0.439802 0.439802 0.439802 0.439802 0.439802 0.439802 0.439802 0.439802 0.438299 0.439802 0.439802 0.439802 0.439802 0.439802 0.439802 0.439802 0.439802 0.439802 0.36 0.439802 0.439802 0.439802 0.439802 0.439802 0.439802 0.439802 0.439802 0.439802 0.431063 0.439802 0.439802 0.439802 0.439802 0.439802 0.439802 0.439802 0.439802 0.439802 0.439623 0.439802 0.439802 0.439802 0.439802 0.439802 0.439802 0.439802 0.439802 0.439802 0.428121 0.439802 0.439802 0.439802 0.439802 0.439802 0.439802 0.439802 0.439802 0.439802 0.436253 0.439802 0.439802 0.439802 0.439802 0.439802 0.439802 0.439802 0.439802 0.439802 0.416689 0.439802 0.439802 0.439802 0.439802 0.439802 0.439802 0.439802 0.439802 0.439802 0.362797 0.439802 0.439802 0.439802 0.439802 0.439802 0.439802 0.439802 0.439802 0.439802 0.36 0.439802 0.439802 0.439802 0.36 0.439802 0.439802 0.37141 0.439802 0.439802 0.439802 0.439802 0.439802 0.439802 0.36 0.439802 0.439802 0.36 0.439802 0.439802 0.439802 0.439802 0.439802 0.439802 0.36 0.439802 0.439802 0.439165 0.439802 0.439802 0.439802 0.439802 0.439802 0.439802 0.360583 0.439802 0.439802 0.36 0.439802 0.439802 0.439802 0.439802 0.439802 0.439802 0.36 0.439802 0.439802 0.406421 0.439802 0.439802 0.439802 0.439802 0.439802 0.439802 0.36 0.439802 0.439802 0.399405 0.439802 0.439802 0.439802 0.439802 0.439802 0.439802 0.36 0.439802 0.439802 0.36 0.439802 0.439802 0.439802 0.439802 0.439802 0.439802 0.416033 0.439802 0.439802 0.36 0.439802 0.439802 0.439802 0.439802 0.439802 0.439802 0.376422 0.439802 0.439802 0.36 0.439802 0.439802 0.439802 0.439802 0.439802 0.439802 0.417031 0.439802 0.439802 0.438066 0.439802 0.439802 0.439802 0.439802 0.439802 0.439802 0.439802 0.439802 0.439802 0.439802 0.439802 0.439802 0.439802 0.439802 0.439802 0.439802 0.439802 0.439802 0.439802 0.439802 0.439802 0.439802 0.439802 0.439802 0.439802 0.439802 0.439802 0.439802 0.439802 0.439802 0.439802 0.439802 0.439802 0.439802 0.439802 0.439802 0.439802 0.439802 0.439802 0.439802 0.439802 0.439802 0.439802 0.439802 0.439802 0.439802 0.439802 0.439802 0.439802 0.439802 0.439802 0.439802 0.439802 0.439802 0.439802 0.439802 0.439802 0.439802 0.439802 0.439802 0.439802 0.439802 0.439802 0.439802 0.439802 0.439802 0.439802 0.439802 0.439802 0.439802 0.439802 0.439802 0.439802 0.439802 0.439802 0.439802 0.439802 0.439802 0.439802 0.439802 0.439802 0.439802 0.439802 0.439802 0.439802 0.439802 0.439802 0.439802 0.439802 0.439802 0.439802 0.439802 0.439802 0.439802 0.439802 0.439802 0.439802 0.439802 0.439802 0.439802 0.439802 0.439802 0.439802 0.439802 0.439802 0.439802 0.439802 0.439802 0.439802 0.439802 0.439802 0.439802 0.388545 0.439802 0.439802 0.439802 0.439802 0.439802 0.439802 0.439802 0.439802 0.439802 0.36 0.439802 0.439802 0.439802 0.439802 0.439802 0.439802 0.439802 0.439802 0.439802 0.360004 0.439802 0.439802 0.439802 0.439802 0.439802 0.439802 0.439802 0.439802 0.439802 0.36466 0.439802 0.439802 0.439802 0.439802 0.439802 0.439802 0.439802 0.439802 0.439802 0.360045 0.439802 0.439802 0.439802 0.439802 0.439802 0.439802 0.439802 0.439802 0.439802 0.38996 0.439802 0.439802 0.439802 0.439802 0.439802 0.439802 0.439802 0.439802 0.439802 0.360366 0.439802 0.439802 0.439802 0.439802 0.439802 0.439802 0.439802 0.439802 0.439802 0.36 0.439802 0.439802 0.439802 0.439802 0.439802 0.439802 0.439802 0.439802 0.439802 0.362644 0.439802 0.439802 0.439802 0.439802 0.439802 0.439802 0.439802 0.439802 0.439802 0.361897 0.439802 0.439802 0.439802 0.439597 0.439802 0.439802 0.410908 0.439802 0.439802 0.439802 0.439802 0.439802 0.439802 0.36 0.439802 0.439802 0.36 0.439802 0.439802 0.439802 0.439802 0.439802 0.439802 0.413894 0.439802 0.439802 0.36 0.439802 0.439802 0.439802 0.439802 0.439802 0.439802 0.36 0.439802 0.439802 0.360273 0.439802 0.439802 0.439802 0.439802 0.439802 0.439802 0.36 0.439802 0.439802 0.360078 0.439802 0.439802 0.439802 0.439802 0.439802 0.439802 0.366887 0.439802 0.439802 0.408402 0.439802 0.439802 0.439802 0.439802 0.439802 0.439802 0.36 0.439802 0.439802 0.419792 0.439802 0.439802 0.439802 0.439802 0.439802 0.439802 0.36 0.439802 0.439802 0.43908 0.439802 0.439802 0.439802 0.439802 0.439802 0.439802 0.363545 0.439802 0.439802 0.360002 0.439802 0.439802 0.439802 0.439802 0.439802 0.439802 0.360009 0.439802 0.439802 0.36 0.439802 0.439802 0.439802 0.439802 0.439802 0.439802 0.439802 0.439802 0.439802 0.439802 0.439802 0.439802 0.439802 0.439802 0.439802 0.439802 0.439802 0.439802 0.439802 0.439802 0.439802 0.439802 0.439802 0.439802 0.439802 0.439802 0.439802 0.439802 0.439802 0.439802 0.439802 0.439802 0.439802 0.439802 0.439802 0.439802 0.439802 0.439802 0.439802 0.439802 0.439802 0.439802 0.439802 0.439802 0.439802 0.439802 0.439802 0.439802 0.439802 0.439802 0.439802 0.439802 0.439802 0.439802 0.439802 0.439802 0.439802 0.439802 0.439802 0.439802 0.439802 0.439802 0.439802 0.439802 0.439802 0.439802 0.439802 0.439802 0.439802 0.439802 0.439802 0.439802 0.439802 0.439802 0.439802 0.439802 0.439802 0.439802 0.439802 0.439802 0.439802 0.439802 0.439802 0.439802 0.439802 0.439802 0.439802 0.439802 0.439802 0.439802 0.439802 0.439802 0.439802 0.439802 0.439802 0.439802 0.439802 0.439802 0.439802 0.439802 0.439802 0.439802 0.439802 0.439802 0.439802 0.439802 0.439802 0.439802 0.439802 0.439802 0.439802 0.439802 0.398379 0.439802 0.439802 0.439802 0.439802 0.439802 0.439802 0.439802 0.439802 0.439802 0.363301 0.439802 0.439802 0.439802 0.439802 0.439802 0.439802 0.439802 0.439802 0.439802 0.360121 0.439802 0.439802 0.439802 0.439802 0.439802 0.439802 0.439802 0.439802 0.439802 0.36 0.439802 0.439802 0.439802 0.439802 0.439802 0.439802 0.439802 0.439802 0.439802 0.438425 0.439802 0.439802 0.439802 0.439802 0.439802 0.439802 0.439802 0.439802 0.439802 0.37414 0.439802 0.439802 0.439802 0.439802 0.439802 0.439802 0.439802 0.439802 0.439802 0.36738 0.439802 0.439802 0.439802 0.439802 0.439802 0.439802 0.439802 0.439802 0.439802 0.439166 0.439802 0.439802 0.439802 0.439802 0.439802 0.439802 0.439802 0.439802 0.439802 0.362505 0.439802 0.439802 0.439802 0.439802 0.439802 0.439802 0.439802 0.439802 0.439802 0.36 0.439802 0.439802 0.439802 0.439802 0.439802 0.439802 0.439802 0.439802 0.439802 0.361363 0.439802 0.439802 0.439802 0.439802 0.439802 0.439802 0.439802 0.439802 0.439802 0.36 0.439802 0.439802 0.439802 0.439802 0.439802 0.439802 0.439802 0.439802 0.439802 0.437567 0.439802 0.439802 0.439802 0.439802 0.439802 0.439802 0.439802 0.439802 0.439802 0.36 0.439802 0.439802 0.439802 0.439802 0.439802 0.439802 0.439802 0.439802 0.439802 0.421601 0.439802 0.439802 0.439802 0.439802 0.439802 0.439802 0.439802 0.439802 0.439802 0.360057 0.439802 0.439802 0.439802 0.439802 0.439802 0.439802 0.439802 0.439802 0.439802 0.429377 0.439802 0.439802 0.439802 0.439802 0.439802 0.439802 0.439802 0.439802 0.439802 0.36 0.439802 0.439802 0.439802 0.439802 0.439802 0.439802 0.439802 0.439802 0.439802 0.439177 0.439802 0.439802 0.439802 0.439802 0.439802 0.439802 0.439802 0.439802 0.439802 0.419319 0.439802 0.439802 0.439802 0.365915 0.439802 0.439802 0.360072 0.439802 0.439802 0.439802 0.439802 0.439802 0.439802 0.430382 0.439802 0.439802 0.36 0.439802 0.439802 0.439802 0.439802 0.439802 0.439802 0.393896 0.439802 0.439802 0.36 0.439802 0.439802 0.439802 0.439802 0.439802 0.439802 0.360036 0.439802 0.439802 0.360285 0.439802 0.439802 0.439802 0.439802 0.439802 0.439802 0.439457 0.439802 0.439802 0.36 0.439802 0.439802 0.439802 0.439802 0.439802 0.439802 0.394777 0.439802 0.439802 0.360258 0.439802 0.439802 0.439802 0.439802 0.439802 0.439802 0.360011 0.439802 0.439802 0.36 0.439802 0.439802 0.439802 0.439802 0.439802 0.439802 0.367248 0.439802 0.439802 0.384824 0.439802 0.439802 0.439802 0.439802 0.439802 0.439802 0.360013 0.439802 0.439802 0.360629 0.439802 0.439802 0.439802 0.439802 0.439802 0.439802 0.360003 0.439802 0.439802 0.436928 0.439802 0.439802 0.439802 0.439802 0.439802 0.439802 0.439802 0.439802 0.439802 0.439802 0.439802 0.439802 0.439802 0.439802 0.439802 0.439802 0.439802 0.439802 0.439802 0.439802 0.439802 0.439802 0.439802 0.439802 0.439802 0.439802 0.439802 0.439802 0.439802 0.439802 0.439802 0.439802 0.439802 0.439802 0.439802 0.439802 0.439802 0.439802 0.439802 0.439802 0.439802 0.439802 0.439802 0.439802 0.439802 0.439802 0.439802 0.439802 0.439802 0.439802 0.439802 0.439802 0.439802 0.439802 0.439802 0.439802 0.439802 0.439802 0.439802 0.439802 0.439802 0.439802 0.439802 0.439802 0.439802 0.439802 0.439802 0.439802 0.439802 0.439802 0.439802 0.439802 0.439802 0.439802 0.439802 0.439802 0.439802 0.439802 0.439802 0.439802 0.439802 0.439802 0.439802 0.439802 0.439802 0.439802 0.439802 0.439802 0.439802 0.439802 0.439802 0.439802 0.439802 0.439802 0.439802 0.439802 0.439802 0.439802 0.439802 0.439802 0.439802 0.439802 0.439802 0.439802 0.439802 0.439802 0.439802 0.439802 0.439802 0.439802 0.439802 0.439802 0.426642 0.439802 0.439802 0.439802 0.439802 0.439802 0.439802 0.439802 0.439802 0.439802 0.418196 0.439802 0.439802 0.439802 0.439802 0.439802 0.439802 0.439802 0.439802 0.439802 0.36 0.439802 0.439802 0.439802 0.439802 0.439802 0.439802 0.439802 0.439802 0.439802 0.438168 0.439802 0.439802 0.439802 0.439802 0.439802 0.439802 0.439802 0.439802 0.439802 0.366737 0.439802 0.439802 0.439802 0.439802 0.439802 0.439802 0.439802 0.439802 0.439802 0.360226 0.439802 0.439802 0.439802 0.439802 0.439802 0.439802 0.439802 0.439802 0.439802 0.432728 0.439802 0.439802 0.439802 0.439802 0.439802 0.439802 0.439802 0.439802 0.439802 0.36 0.439802 0.439802 0.439802 0.439802 0.439802 0.439802 0.439802 0.439802 0.439802 0.438931 0.439802 0.439802 0.439802 0.439802 0.439802 0.439802 0.439802 0.439802 0.439802 0.437091 0.439802 0.439802 0.439802 0.370673 0.439802 0.439802 0.428078 0.439802 0.439802 0.439802 0.439802 0.439802 0.439802 0.36 0.439802 0.439802 0.362985 0.439802 0.439802 0.439802 0.439802 0.439802 0.439802 0.360053 0.439802 0.439802 0.36 0.439802 0.439802 0.439802 0.439802 0.439802 0.439802 0.36 0.439802 0.439802 0.373645 0.439802 0.439802 0.439802 0.439802 0.439802 0.439802 0.438524 0.439802 0.439802 0.36 0.439802 0.439802 0.439802 0.439802 0.439802 0.439802 0.430467 0.439802 0.439802 0.365163 0.439802 0.439802 0.439802 0.439802 0.439802 0.439802 0.429618 0.439802 0.439802 0.390958 0.439802 0.439802 0.439802 0.439802 0.439802 0.439802 0.434767 0.439802 0.439802 0.408021 0.439802 0.439802 0.439802 0.439802 0.439802 0.439802 0.36 0.439802 0.439802 0.42625 0.439802 0.439802 0.439802 0.439802 0.439802 0.439802 0.360073 0.439802 0.439802 0.36 0.439802 0.439802 0.439802 0.439802 0.439802 0.439802 0.439802 0.439802 0.439802 0.439802 0.439802 0.439802 0.439802 0.439802 0.439802 0.439802 0.439802 0.439802 0.439802 0.439802 0.439802 0.439802 0.439802 0.439802 0.439802 0.439802 0.439802 0.439802 0.439802 0.439802 0.439802 0.439802 0.439802 0.439802 0.439802 0.439802 0.439802 0.439802 0.439802 0.439802 0.439802 0.439802 0.439802 0.439802 0.439802 0.439802 0.439802 0.439802 0.439802 0.439802 0.439802 0.439802 0.439802 0.439802 0.439802 0.439802 0.439802 0.439802 0.439802 0.439802 0.439802 0.439802 0.439802 0.439802 0.439802 0.439802 0.439802 0.439802 0.439802 0.439802 0.439802 0.439802 0.439802 0.439802 0.439802 0.439802 0.439802 0.439802 0.439802 0.439802 0.439802 0.439802 0.439802 0.439802 0.439802 0.439802 0.439802 0.439802 0.439802 0.439802 0.439802 0.439802 0.439802 0.439802 0.439802 0.439802 0.439802 0.439802 0.439802 0.439802 0.439802 0.439802 0.439802 0.439802 0.439802 0.439802 0.439802 0.439802 0.439802 0.439802 0.439802 0.439802 0.439276 0.439802 0.439802 0.439802 0.439802 0.439802 0.439802 0.439802 0.439802 0.439802 0.418292 0.439802 0.439802 0.439802 0.439802 0.439802 0.439802 0.439802 0.439802 0.439802 0.360204 0.439802 0.439802 0.439802 0.439802 0.439802 0.439802 0.439802 0.439802 0.439802 0.360441 0.439802 0.439802 0.439802 0.439802 0.439802 0.439802 0.439802 0.439802 0.439802 0.360002 0.439802 0.439802 0.439802 0.439802 0.439802 0.439802 0.439802 0.439802 0.439802 0.36024 0.439802 0.439802 0.439802 0.439802 0.439802 0.439802 0.439802 0.439802 0.439802 0.412915 0.439802 0.439802 0.439802 0.439802 0.439802 0.439802 0.439802 0.439802 0.439802 0.431638 0.439802 0.439802 0.439802 0.439802 0.439802 0.439802 0.439802 0.439802 0.439802 0.360021 0.439802 0.439802 0.439802 0.439802 0.439802 0.439802 0.439802 0.439802 0.439802 0.36 0.439802 0.439802 0.439802 0.36 0.439802 0.439802 0.438315 0.439802 0.439802 0.439802 0.439802 0.439802 0.439802 0.361394 0.439802 0.439802 0.439634 0.439802 0.439802 0.439802 0.439802 0.439802 0.439802 0.36 0.439802 0.439802 0.43307 0.439802 0.439802 0.439802 0.439802 0.439802 0.439802 0.36 0.439802 0.439802 0.439253 0.439802 0.439802 0.439802 0.439802 0.439802 0.439802 0.394109 0.439802 0.439802 0.360014 0.439802 0.439802 0.439802 0.439802 0.439802 0.439802 0.412019 0.439802 0.439802 0.36 0.439802 0.439802 0.439802 0.439802 0.439802 0.439802 0.360025 0.439802 0.439802 0.36 0.439802 0.439802 0.439802 0.439802 0.439802 0.439802 0.360649 0.439802 0.439802 0.438842 0.439802 0.439802 0.439802 0.439802 0.439802 0.439802 0.360355 0.439802 0.439802 0.36 0.439802 0.439802 0.439802 0.439802 0.439802 0.439802 0.360004 0.439802 0.439802 0.36 0.439802 0.439802 0.439802 0.439802 0.439802 0.439802 0.439802 0.439802 0.439802 0.439802 0.439802 0.439802 0.439802 0.439802 0.439802 0.439802 0.439802 0.439802 0.439802 0.439802 0.439802 0.439802 0.439802 0.439802 0.439802 0.439802 0.439802 0.439802 0.439802 0.439802 0.439802 0.439802 0.439802 0.439802 0.439802 0.439802 0.439802 0.439802 0.439802 0.439802 0.439802 0.439802 0.439802 0.439802 0.439802 0.439802 0.439802 0.439802 0.439802 0.439802 0.439802 0.439802 0.439802 0.439802 0.439802 0.439802 0.439802 0.439802 0.439802 0.439802 0.439802 0.439802 0.439802 0.439802 0.439802 0.439802 0.439802 0.439802 0.439802 0.439802 0.439802 0.439802 0.439802 0.439802 0.439802 0.439802 0.439802 0.439802 0.439802 0.439802 0.439802 0.439802 0.439802 0.439802 0.439802 0.439802 0.439802 0.439802 0.439802 0.439802 0.439802 0.439802 0.439802 0.439802 0.439802 0.439802 0.439802 0.439802 0.439802 0.439802 0.439802 0.439802 0.439802 0.439802 0.439802 0.439802 0.439802 0.439802 0.439802 0.439802 0.439802 0.439802 0.434614 0.439802 0.439802 0.439802 0.439802 0.439802 0.439802 0.439802 0.439802 0.439802 0.367416 0.439802 0.439802 0.439802 0.439802 0.439802 0.439802 0.439802 0.439802 0.439802 0.43958 0.439802 0.439802 0.439802 0.439802 0.439802 0.439802 0.439802 0.439802 0.439802 0.4176 0.439802 0.439802 0.439802 0.439802 0.439802 0.439802 0.439802 0.439802 0.439802 0.36 0.439802 0.439802 0.439802 0.439802 0.439802 0.439802 0.439802 0.439802 0.439802 0.360001 0.439802 0.439802 0.439802 0.439802 0.439802 0.439802 0.439802 0.439802 0.439802 0.360013 0.439802 0.439802 0.439802 0.439802 0.439802 0.439802 0.439802 0.439802 0.439802 0.36 0.439802 0.439802 0.439802 0.439802 0.439802 0.439802 0.439802 0.439802 0.439802 0.360129 0.439802 0.439802 0.439802 0.439802 0.439802 0.439802 0.439802 0.439802 0.439802 0.438851 0.439802 0.439802 
0.449753 0.449753 0.449753 0.449753 0.449753 0.449753 0.449753 0.406461 0.449753 0.449753 0.449753 0.449753 0.449753 0.449753 0.449753 0.449753 0.449753 0.35 0.449753 0.449753 0.449753 0.449753 0.449753 0.449753 0.449753 0.449753 0.449753 0.350003 0.449753 0.449753 0.449753 0.449753 0.449753 0.449753 0.449753 0.449753 0.449753 0.449383 0.449753 0.449753 0.449753 0.449753 0.449753 0.449753 0.449753 0.449753 0.449753 0.350248 0.449753 0.449753 0.449753 0.449753 0.449753 0.449753 0.449753 0.449753 0.449753 0.350021 0.449753 0.449753 0.449753 0.449753 0.449753 0.449753 0.449753 0.449753 0.449753 0.350037 0.449753 0.449753 0.449753 0.449753 0.449753 0.449753 0.449753 0.449753 0.449753 0.449145 0.449753 0.449753 0.449753 0.449753 0.449753 0.449753 0.449753 0.449753 0.449753 0.446965 0.449753 0.449753 0.449753 0.449753 0.449753 0.449753 0.449753 0.449753 0.449753 0.350038 0.449753 0.449753 0.449753 0.424861 0.449753 0.449753 0.35 0.449753 0.449753 0.449753 0.449753 0.449753 0.449753 0.394659 0.449753 0.449753 0.372512 0.449753 0.449753 0.449753 0.449753 0.449753 0.449753 0.350195 0.449753 0.449753 0.350002 0.449753 0.449753 0.449753 0.449753 0.449753 0.449753 0.446173 0.449753 0.449753 0.35 0.449753 0.449753 0.449753 0.449753 0.449753 0.449753 0.444311 0.449753 0.449753 0.360772 0.449753 0.449753 0.449753 0.449753 0.449753 0.449753 0.445094 0.449753 0.449753 0.350027 0.449753 0.449753 0.449753 0.449753 0.449753 0.449753 0.350509 0.449753 0.449753 0.350086 0.449753 0.449753 0.449753 0.449753 0.449753 0.449753 0.354975 0.449753 0.449753 0.35 0.449753 0.449753 0.449753 0.449753 0.449753 0.449753 0.449328 0.449753 0.449753 0.445934 0.449753 0.449753 0.449753 0.449753 0.449753 0.449753 0.35 0.449753 0.449753 0.350001 0.449753 0.449753 0.449753 0.449753 0.449753 0.449753 0.449753 0.449753 0.449753 0.449753 0.449753 0.449753 0.449753 0.449753 0.449753 0.449753 0.449753 0.449753 0.449753 0.449753 0.449753 0.449753 0.449753 0.449753 0.449753 0.449753 0.449753 0.449753 0.449753 0.449753 0.449753 0.449753 0.449753 0.449753 0.449753 0.449753 0.449753 0.449753 0.449753 0.449753 0.449753 0.449753 0.449753 0.449753 0.449753 0.449753 0.449753 0.449753 0.449753 0.449753 0.449753 0.449753 0.449753 0.449753 0.449753 0.449753 0.449753 0.449753 0.449753 0.449753 0.449753 0.449753 0.449753 0.449753 0.449753 0.449753 0.449753 0.449753 0.449753 0.449753 0.449753 0.449753 0.449753 0.449753 0.449753 0.449753 0.449753 0.449753 0.449753 0.449753 0.449753 0.449753 0.449753 0.449753 0.449753 0.449753 0.449753 0.449753 0.449753 0.449753 0.449753 0.449753 0.449753 0.449753 0.449753 0.449753 0.449753 0.449753 0.449753 0.449753 0.449753 0.449753 0.449753 0.449753 0.449753 0.449753 0.449753 0.449753 0.449753 0.449753 0.449753 0.449753 0.35 0.449753 0.449753 0.449753 0.449753 0.449753 0.449753 0.449753 0.449753 0.449753 0.439064 0.449753 0.449753 0.449753 0.449753 0.449753 0.449753 0.449753 0.449753 0.449753 0.35 0.449753 0.449753 0.449753 0.449753 0.449753 0.449753 0.449753 0.449753 0.449753 0.35 0.449753 0.449753 0.449753 0.449753 0.449753 0.449753 0.449753 0.449753 0.449753 0.445662 0.449753 0.449753 0.449753 0.449753 0.449753 0.449753 0.449753 0.449753 0.449753 0.372611 0.449753 0.449753 0.449753 0.449753 0.449753 0.449753 0.449753 0.449753 0.449753 0.35 0.449753 0.449753 0.449753 0.449753 0.449753 0.449753 0.449753 0.449753 0.449753 0.368189 0.449753 0.449753 0.449753 0.449753 0.449753 0.449753 0.449753 0.449753 0.449753 0.449662 0.449753 0.449753 0.449753 0.449753 0.449753 0.449753 0.449753 0.449753 0.449753 0.448968 0.449753 0.449753 0.449753 0.391585 0.449753 0.449753 0.385902 0.449753 0.449753 0.449753 0.449753 0.449753 0.449753 0.35 0.449753 0.449753 0.350037 0.449753 0.449753 0.449753 0.449753 0.449753 0.449753 0.360643 0.449753 0.449753 0.42274 0.449753 0.449753 0.449753 0.449753 0.449753 0.449753 0.350706 0.449753 0.449753 0.394454 0.449753 0.449753 0.449753 0.449753 0.449753 0.449753 0.35 0.449753 0.449753 0.417783 0.449753 0.449753 0.449753 0.449753 0.449753 0.449753 0.447476 0.449753 0.449753 0.444412 0.449753 0.449753 0.449753 0.449753 0.449753 0.449753 0.35 0.449753 0.449753 0.350046 0.449753 0.449753 0.449753 0.449753 0.449753 0.449753 0.35 0.449753 0.449753 0.35 0.449753 0.449753 0.449753 0.449753 0.449753 0.449753 0.428331 0.449753 0.449753 0.407107 0.449753 0.449753 0.449753 0.449753 0.449753 0.449753 0.35 0.449753 0.449753 0.350015 0.449753 0.449753 0.449753 0.449753 0.449753 0.449753 0.449753 0.449753 0.449753 0.449753 0.449753 0.449753 0.449753 0.449753 0.449753 0.449753 0.449753 0.449753 0.449753 0.449753 0.449753 0.449753 0.449753 0.449753 0.449753 0.449753 0.449753 0.449753 0.449753 0.449753 0.449753 0.449753 0.449753 0.449753 0.449753 0.449753 0.449753 0.449753 0.449753 0.449753 0.449753 0.449753 0.449753 0.449753 0.449753 0.449753 0.449753 0.449753 0.449753 0.449753 0.449753 0.449753 0.449753 0.449753 0.449753 0.449753 0.449753 0.449753 0.449753 0.449753 0.449753 0.449753 0.449753 0.449753 0.449753 0.449753 0.449753 0.449753 0.449753 0.449753 0.449753 0.449753 0.449753 0.449753 0.449753 0.449753 0.449753 0.449753 0.449753 0.449753 0.449753 0.449753 0.449753 0.449753 0.449753 0.449753 0.449753 0.449753 0.449753 0.449753 0.449753 0.449753 0.449753 0.449753 0.449753 0.449753 0.449753 0.449753 0.449753 0.449753 0.449753 0.449753 0.449753 0.449753 0.449753 0.449753 0.449753 0.449753 0.449753 0.449753 0.449753 0.449753 0.35001 0.449753 0.449753 0.449753 0.449753 0.449753 0.449753 0.449753 0.449753 0.449753 0.35 0.449753 0.449753 0.449753 0.449753 0.449753 0.449753 0.449753 0.449753 0.449753 0.35 0.449753 0.449753 0.449753 0.449753 0.449753 0.449753 0.449753 0.449753 0.449753 0.350053 0.449753 0.449753 0.449753 0.449753 0.449753 0.449753 0.449753 0.449753 0.449753 0.431297 0.449753 0.449753 0.449753 0.449753 0.449753 0.449753 0.449753 0.449753 0.449753 0.449484 0.449753 0.449753 0.449753 0.449753 0.449753 0.449753 0.449753 0.449753 0.449753 0.351137 0.449753 0.449753 0.449753 0.449753 0.449753 0.449753 0.449753 0.449753 0.449753 0.418534 0.449753 0.449753 0.449753 0.449753 0.449753 0.449753 0.449753 0.449753 0.449753 0.35 0.449753 0.449753 0.449753 0.449753 0.449753 0.449753 0.449753 0.449753 0.449753 0.350328 0.449753 0.449753 0.449753 0.35 0.449753 0.449753 0.351415 0.449753 0.449753 0.449753 0.449753 0.449753 0.449753 0.356388 0.449753 0.449753 0.350021 0.449753 0.449753 0.449753 0.449753 0.449753 0.449753 0.443185 0.449753 0.449753 0.428364 0.449753 0.449753 0.449753 0.449753 0.449753 0.449753 0.431393 0.449753 0.449753 0.448396 0.449753 0.449753 0.449753 0.449753 0.449753 0.449753 0.40473 0.449753 0.449753 0.35 0.449753 0.449753 0.449753 0.449753 0.449753 0.449753 0.35 0.449753 0.449753 0.353334 0.449753 0.449753 0.449753 0.449753 0.449753 0.449753 0.350336 0.449753 0.449753 0.35 0.449753 0.449753 0.449753 0.449753 0.449753 0.449753 0.449244 0.449753 0.449753 0.350114 0.449753 0.449753 0.449753 0.449753 0.449753 0.449753 0.35 0.449753 0.449753 0.35 0.449753 0.449753 0.449753 0.449753 0.449753 0.449753 0.35 0.449753 0.449753 0.422079 0.449753 0.449753 0.449753 0.449753 0.449753 0.449753 0.449753 0.449753 0.449753 0.449753 0.449753 0.449753 0.449753 0.449753 0.449753 0.449753 0.449753 0.449753 0.449753 0.449753 0.449753 0.449753 0.449753 0.449753 0.449753 0.449753 0.449753 0.449753 0.449753 0.449753 0.449753 0.449753 0.449753 0.449753 0.449753 0.449753 0.449753 0.449753 0.449753 0.449753 0.449753 0.449753 0.449753 0.449753 0.449753 0.449753 0.449753 0.449753 0.449753 0.449753 0.449753 0.449753 0.449753 0.449753 0.449753 0.449753 0.449753 0.449753 0.449753 0.449753 0.449753 0.449753 0.449753 0.449753 0.449753 0.449753 0.449753 0.449753 0.449753 0.449753 0.449753 0.449753 0.449753 0.449753 0.449753 0.449753 0.449753 0.449753 0.449753 0.449753 0.449753 0.449753 0.449753 0.449753 0.449753 0.449753 0.449753 0.449753 0.449753 0.449753 0.449753 0.449753 0.449753 0.449753 0.449753 0.449753 0.449753 0.449753 0.449753 0.449753 0.449753 0.449753 0.449753 0.449753 0.449753 0.449753 0.449753 0.449753 0.449753 0.449753 0.449753 0.449753 0.436984 0.449753 0.449753 0.449753 0.449753 0.449753 0.449753 0.449753 0.449753 0.449753 0.43243 0.449753 0.449753 0.449753 0.449753 0.449753 0.449753 0.449753 0.449753 0.449753 0.35 0.449753 0.449753 0.449753 0.449753 0.449753 0.449753 0.449753 0.449753 0.449753 0.352368 0.449753 0.449753 0.449753 0.449753 0.449753 0.449753 0.449753 0.449753 0.449753 0.43072 0.449753 0.449753 0.449753 0.449753 0.449753 0.449753 0.449753 0.449753 0.449753 0.443251 0.449753 0.449753 0.449753 0.449753 0.449753 0.449753 0.449753 0.449753 0.449753 0.404105 0.449753 0.449753 0.449753 0.449753 0.449753 0.449753 0.449753 0.449753 0.449753 0.445512 0.449753 0.449753 0.449753 0.449753 0.449753 0.449753 0.449753 0.449753 0.449753 0.35 0.449753 0.449753 0.449753 0.449753 0.449753 0.449753 0.449753 0.449753 0.449753 0.446537 0.449753 0.449753 0.449753 0.449753 0.449753 0.449753 0.449753 0.449753 0.449753 0.355241 0.449753 0.449753 0.449753 0.449753 0.449753 0.449753 0.449753 0.449753 0.449753 0.35 0.449753 0.449753 0.449753 0.449753 0.449753 0.449753 0.449753 0.449753 0.449753 0.350001 0.449753 0.449753 0.449753 0.449753 0.449753 0.449753 0.449753 0.449753 0.449753 0.35 0.449753 0.449753 0.449753 0.449753 0.449753 0.449753 0.449753 0.449753 0.449753 0.35 0.449753 0.449753 0.449753 0.449753 0.449753 0.449753 0.449753 0.449753 0.449753 0.428037 0.449753 0.449753 0.449753 0.449753 0.449753 0.449753 0.449753 0.449753 0.449753 0.386048 0.449753 0.449753 0.449753 0.449753 0.449753 0.449753 0.449753 0.449753 0.449753 0.35 0.449753 0.449753 0.449753 0.449753 0.449753 0.449753 0.449753 0.449753 0.449753 0.35 0.449753 0.449753 0.449753 0.449753 0.449753 0.449753 0.449753 0.449753 0.449753 0.350102 0.449753 0.449753 0.449753 0.35 0.449753 0.449753 0.36255 0.449753 0.449753 0.449753 0.449753 0.449753 0.449753 0.352962 0.449753 0.449753 0.351029 0.449753 0.449753 0.449753 0.449753 0.449753 0.449753 0.350002 0.449753 0.449753 0.350004 0.449753 0.449753 0.449753 0.449753 0.449753 0.449753 0.35 0.449753 0.449753 0.35 0.449753 0.449753 0.449753 0.449753 0.449753 0.449753 0.350264 0.449753 0.449753 0.355939 0.449753 0.449753 0.449753 0.449753 0.449753 0.449753 0.35 0.449753 0.449753 0.35 0.449753 0.449753 0.449753 0.449753 0.449753 0.449753 0.35 0.449753 0.449753 0.35 0.449753 0.449753 0.449753 0.449753 0.449753 0.449753 0.35 0.449753 0.449753 0.35 0.449753 0.449753 0.449753 0.449753 0.449753 0.449753 0.448757 0.449753 0.449753 0.350324 0.449753 0.449753 0.449753 0.449753 0.449753 0.449753 0.350016 0.449753 0.449753 0.350199 0.449753 0.449753 0.449753 0.449753 0.449753 0.449753 0.449753 0.449753 0.449753 0.449753 0.449753 0.449753 0.449753 0.449753 0.449753 0.449753 0.449753 0.449753 0.449753 0.449753 0.449753 0.449753 0.449753 0.449753 0.449753 0.449753 0.449753 0.449753 0.449753 0.449753 0.449753 0.449753 0.449753 0.449753 0.449753 0.449753 0.449753 0.449753 0.449753 0.449753 0.449753 0.449753 0.449753 0.449753 0.449753 0.449753 0.449753 0.449753 0.449753 0.449753 0.449753 0.449753 0.449753 0.449753 0.449753 0.449753 0.449753 0.449753 0.449753 0.449753 0.449753 0.449753 0.449753 0.449753 0.449753 0.449753 0.449753 0.449753 0.449753 0.449753 0.449753 0.449753 0.449753 0.449753 0.449753 0.449753 0.449753 0.449753 0.449753 0.449753 0.449753 0.449753 0.449753 0.449753 0.449753 0.449753 0.449753 0.449753 0.449753 0.449753 0.449753 0.449753 0.449753 0.449753 0.449753 0.449753 0.449753 0.449753 0.449753 0.449753 0.449753 0.449753 0.449753 0.449753 0.449753 0.449753 0.449753 0.449753 0.449753 0.449753 0.449753 0.449753 0.35 0.449753 0.449753 0.449753 0.449753 0.449753 0.449753 0.449753 0.449753 0.449753 0.435816 0.449753 0.449753 0.449753 0.449753 0.449753 0.449753 0.449753 0.449753 0.449753 0.35 0.449753 0.449753 0.449753 0.449753 0.449753 0.449753 0.449753 0.449753 0.449753 0.442786 0.449753 0.449753 0.449753 0.449753 0.449753 0.449753 0.449753 0.449753 0.449753 0.350003 0.449753 0.449753 0.449753 0.449753 0.449753 0.449753 0.449753 0.449753 0.449753 0.35 0.449753 0.449753 0.449753 0.449753 0.449753 0.449753 0.449753 0.449753 0.449753 0.36869 0.449753 0.449753 0.449753 0.449753 0.449753 0.449753 0.449753 0.449753 0.449753 0.444153 0.449753 0.449753 0.449753 0.449753 0.449753 0.449753 0.449753 0.449753 0.449753 0.357896 0.449753 0.449753 0.449753 0.449753 0.449753 0.449753 0.449753 0.449753 0.449753 0.350821 0.449753 0.449753 0.449753 0.35 0.449753 0.449753 0.444197 0.449753 0.449753 0.449753 0.449753 0.449753 0.449753 0.354885 0.449753 0.449753 0.449504 0.449753 0.449753 0.449753 0.449753 0.449753 0.449753 0.350061 0.449753 0.449753 0.35 0.449753 0.449753 0.449753 0.449753 0.449753 0.449753 0.35 0.449753 0.449753 0.35 0.449753 0.449753 0.449753 0.449753 0.449753 0.449753 0.35 0.449753 0.449753 0.350003 0.449753 0.449753 0.449753 0.449753 0.449753 0.449753 0.35 0.449753 0.449753 0.35 0.449753 0.449753 0.449753 0.449753 0.449753 0.449753 0.35 0.449753 0.449753 0.425835 0.449753 0.449753 0.449753 0.449753 0.449753 0.449753 0.35 0.449753 0.449753 0.407748 0.449753 0.449753 0.449753 0.449753 0.449753 0.449753 0.447094 0.449753 0.449753 0.35 0.449753 0.449753 0.449753 0.449753 0.449753 0.449753 0.448385 0.449753 0.449753 0.35 0.449753 0.449753 0.449753 0.449753 0.449753 0.449753 0.449753 0.449753 0.449753 0.449753 0.449753 0.449753 0.449753 0.449753 0.449753 0.449753 0.449753 0.449753 0.449753 0.449753 0.449753 0.449753 0.449753 0.449753 0.449753 0.449753 0.449753 0.449753 0.449753 0.449753 0.449753 0.449753 0.449753 0.449753 0.449753 0.449753 0.449753 0.449753 0.449753 0.449753 0.449753 0.449753 0.449753 0.449753 0.449753 0.449753 0.449753 0.449753 0.449753 0.449753 0.449753 0.449753 0.449753 0.449753 0.449753 0.449753 0.449753 0.449753 0.449753 0.449753 0.449753 0.449753 0.449753 0.449753 0.449753 0.449753 0.449753 0.449753 0.449753 0.449753 0.449753 0.449753 0.449753 0.449753 0.449753 0.449753 0.449753 0.449753 0.449753 0.449753 0.449753 0.449753 0.449753 0.449753 0.449753 0.449753 0.449753 0.449753 0.449753 0.449753 0.449753 0.449753 0.449753 0.449753 0.449753 0.449753 0.449753 0.449753 0.449753 0.449753 0.449753 0.449753 0.449753 0.449753 0.449753 0.449753 0.449753 0.449753 0.449753 0.449753 0.449753 0.449753 0.35 0.449753 0.449753 0.449753 0.449753 0.449753 0.449753 0.449753 0.449753 0.449753 0.449383 0.449753 0.449753 0.449753 0.449753 0.449753 0.449753 0.449753 0.449753 0.449753 0.350006 0.449753 0.449753 0.449753 0.449753 0.449753 0.449753 0.449753 0.449753 0.449753 0.35 0.449753 0.449753 0.449753 0.449753 0.449753 0.449753 0.449753 0.449753 0.449753 0.442344 0.449753 0.449753 0.449753 0.449753 0.449753 0.449753 0.449753 0.449753 0.449753 0.35 0.449753 0.449753 0.449753 0.449753 0.449753 0.449753 0.449753 0.449753 0.449753 0.35 0.449753 0.449753 0.449753 0.449753 0.449753 0.449753 0.449753 0.449753 0.449753 0.435965 0.449753 0.449753 0.449753 0.449753 0.449753 0.449753 0.449753 0.449753 0.449753 0.35 0.449753 0.449753 0.449753 0.449753 0.449753 0.449753 0.449753 0.449753 0.449753 0.35004 0.449753 0.449753 0.449753 0.35 0.449753 0.449753 0.35069 0.449753 0.449753 0.449753 0.449753 0.449753 0.449753 0.350016 0.449753 0.449753 0.350003 0.449753 0.449753 0.449753 0.449753 0.449753 0.449753 0.35 0.449753 0.449753 0.35 0.449753 0.449753 0.449753 0.449753 0.449753 0.449753 0.405226 0.449753 0.449753 0.35 0.449753 0.449753 0.449753 0.449753 0.449753 0.449753 0.448491 0.449753 0.449753 0.357071 0.449753 0.449753 0.449753 0.449753 0.449753 0.449753 0.351749 0.449753 0.449753 0.35 0.449753 0.449753 0.449753 0.449753 0.449753 0.449753 0.449347 0.449753 0.449753 0.443398 0.449753 0.449753 0.449753 0.449753 0.449753 0.449753 0.350001 0.449753 0.449753 0.437274 0.449753 0.449753 0.449753 0.449753 0.449753 0.449753 0.43723 0.449753 0.449753 0.412262 0.449753 0.449753 0.449753 0.449753 0.449753 0.449753 0.35 0.449753 0.449753 0.44818 0.449753 0.449753 0.449753 0.449753 0.449753 0.449753 0.449753 0.449753 0.449753 0.449753 0.449753 0.449753 0.449753 0.449753 0.449753 0.449753 0.449753 0.449753 0.449753 0.449753 0.449753 0.449753 0.449753 0.449753 0.449753 0.449753 0.449753 0.449753 0.449753 0.449753 0.449753 0.449753 0.449753 0.449753 0.449753 0.449753 0.449753 0.449753 0.449753 0.449753 0.449753 0.449753 0.449753 0.449753 0.449753 0.449753 0.449753 0.449753 0.449753 0.449753 0.449753 0.449753 0.449753 0.449753 0.449753 0.449753 0.449753 0.449753 0.449753 0.449753 0.449753 0.449753 0.449753 0.449753 0.449753 0.449753 0.449753 0.449753 0.449753 0.449753 0.449753 0.449753 0.449753 0.449753 0.449753 0.449753 0.449753 0.449753 0.449753 0.449753 0.449753 0.449753 0.449753 0.449753 0.449753 0.449753 0.449753 0.449753 0.449753 0.449753 0.449753 0.449753 0.449753 0.449753 0.449753 0.449753 0.449753 0.449753 0.449753 0.449753 0.449753 0.449753 0.449753 0.449753 0.449753 0.449753 0.449753 0.449753 0.449753 0.449753 0.449753 0.449753 0.446967 0.449753 0.449753 0.449753 0.449753 0.449753 0.449753 0.449753 0.449753 0.449753 0.442734 0.449753 0.449753 0.449753 0.449753 0.449753 0.449753 0.449753 0.449753 0.449753 0.350905 0.449753 0.449753 0.449753 0.449753 0.449753 0.449753 0.449753 0.449753 0.449753 0.35 0.449753 0.449753 0.449753 0.449753 0.449753 0.449753 0.449753 0.449753 0.449753 0.350047 0.449753 0.449753 0.449753 0.449753 0.449753 0.449753 0.449753 0.449753 0.449753 0.35 0.449753 0.449753 0.449753 0.449753 0.449753 0.449753 0.449753 0.449753 0.449753 0.443193 0.449753 0.449753 0.449753 0.449753 0.449753 0.449753 0.449753 0.449753 0.449753 0.441612 0.449753 0.449753 0.449753 0.449753 0.449753 0.449753 0.449753 0.449753 0.449753 0.35 0.449753 0.449753 0.449753 0.449753 0.449753 0.449753 0.449753 0.449753 0.449753 0.350178 0.449753 0.449753 0.449753 0.449753 0.449753 0.449753 0.449753 0.449753 0.449753 0.350001 0.449753 0.449753 0.449753 0.449753 0.449753 0.449753 0.449753 0.449753 0.449753 0.43338 0.449753 0.449753 0.449753 0.449753 0.449753 0.449753 0.449753 0.449753 0.449753 0.435395 0.449753 0.449753 0.449753 0.449753 0.449753 0.449753 0.449753 0.449753 0.449753 0.350003 0.449753 0.449753 0.449753 0.449753 0.449753 0.449753 0.449753 0.449753 0.449753 0.367296 0.449753 0.449753 0.449753 0.449753 0.449753 0.449753 0.449753 0.449753 0.449753 0.449349 0.449753 0.449753 0.449753 0.449753 0.449753 0.449753 0.449753 0.449753 0.449753 0.35 0.449753 0.449753 0.449753 0.449753 0.449753 0.449753 0.449753 0.449753 0.449753 0.350007 0.449753 0.449753 0.449753 0.449753 0.449753 0.449753 0.449753 0.449753 0.449753 0.350001 0.449753 0.449753 0.449753 0.449753 0.449753 0.449753 0.449753 0.449753 0.449753 0.350099 0.449753 0.449753 0.449753 0.351545 0.449753 0.449753 0.444041 0.449753 0.449753 0.449753 0.449753 0.449753 0.449753 0.449286 0.449753 0.449753 0.35 0.449753 0.449753 0.449753 0.449753 0.449753 0.449753 0.350622 0.449753 0.449753 0.383943 0.449753 0.449753 0.449753 0.449753 0.449753 0.449753 0.351531 0.449753 0.449753 0.35 0.449753 0.449753 0.449753 0.449753 0.449753 0.449753 0.421608 0.449753 0.449753 0.350011 0.449753 0.449753 0.449753 0.449753 0.449753 0.449753 0.350001 0.449753 0.449753 0.35 0.449753 0.449753 0.449753 0.449753 0.449753 0.449753 0.350001 0.449753 0.449753 0.356669 0.449753 0.449753 0.449753 0.449753 0.449753 0.449753 0.35059 0.449753 0.449753 0.445955 0.449753 0.449753 0.449753 0.449753 0.449753 0.449753 0.35 0.449753 0.449753 0.434985 0.449753 0.449753 0.449753 0.449753 0.449753 0.449753 0.350009 0.449753 0.449753 0.351344 0.449753 0.449753 0.449753 0.449753 0.449753 0.449753 0.449753 0.449753 0.449753 0.449753 0.449753 0.449753 0.449753 0.449753 0.449753 0.449753 0.449753 0.449753 0.449753 0.449753 0.449753 0.449753 0.449753 0.449753 0.449753 0.449753 0.449753 0.449753 0.449753 0.449753 0.449753 0.449753 0.449753 0.449753 0.449753 0.449753 0.449753 0.449753 0.449753 0.449753 0.449753 0.449753 0.449753 0.449753 0.449753 0.449753 0.449753 0.449753 0.449753 0.449753 0.449753 0.449753 0.449753 0.449753 0.449753 0.449753 0.449753 0.449753 0.449753 0.449753 0.449753 0.449753 0.449753 0.449753 0.449753 0.449753 0.449753 0.449753 0.449753 0.449753 0.449753 0.449753 0.449753 0.449753 0.449753 0.449753 0.449753 0.449753 0.449753 0.449753 0.449753 0.449753 0.449753 0.449753 0.449753 0.449753 0.449753 0.449753 0.449753 0.449753 0.449753 0.449753 0.449753 0.449753 0.449753 0.449753 0.449753 0.449753 0.449753 0.449753 0.449753 0.449753 0.449753 0.449753 0.449753 0.449753 0.449753 0.449753 0.449753 0.449753 0.449753 0.449753 0.350025 0.449753 0.449753 0.449753 0.449753 0.449753 0.449753 0.449753 0.449753 0.449753 0.442718 0.449753 0.449753 0.449753 0.449753 0.449753 0.449753 0.449753 0.449753 0.449753 0.364472 0.449753 0.449753 0.449753 0.449753 0.449753 0.449753 0.449753 0.449753 0.449753 0.350111 0.449753 0.449753 0.449753 0.449753 0.449753 0.449753 0.449753 0.449753 0.449753 0.385029 0.449753 0.449753 0.449753 0.449753 0.449753 0.449753 0.449753 0.449753 0.449753 0.449172 0.449753 0.449753 0.449753 0.449753 0.449753 0.449753 0.449753 0.449753 0.449753 0.35 0.449753 0.449753 0.449753 0.449753 0.449753 0.449753 0.449753 0.449753 0.449753 0.449391 0.449753 0.449753 0.449753 0.449753 0.449753 0.449753 0.449753 0.449753 0.449753 0.350001 0.449753 0.449753 0.449753 0.449753 0.449753 0.449753 0.449753 0.449753 0.449753 0.35 0.449753 0.449753 0.449753 0.35 0.449753 0.449753 0.449627 0.449753 0.449753 0.449753 0.449753 0.449753 0.449753 0.354464 0.449753 0.449753 0.35024 0.449753 0.449753 0.449753 0.449753 0.449753 0.449753 0.352185 0.449753 0.449753 0.35 0.449753 0.449753 0.449753 0.449753 0.449753 0.449753 0.35 0.449753 0.449753 0.389961 0.449753 0.449753 0.449753 0.449753 0.449753 0.449753 0.43818 0.449753 0.449753 0.448109 0.449753 0.449753 0.449753 0.449753 0.449753 0.449753 0.446203 0.449753 0.449753 0.35 0.449753 0.449753 0.449753 0.449753 0.449753 0.449753 0.35 0.449753 0.449753 0.35 0.449753 0.449753 0.449753 0.449753 0.449753 0.449753 0.35 0.449753 0.449753 0.354273 0.449753 0.449753 0.449753 0.449753 0.449753 0.449753 0.35 0.449753 0.449753 0.35 0.449753 0.449753 0.449753 0.449753 0.449753 0.449753 0.412888 0.449753 0.449753 0.350152 0.449753 0.449753 0.449753 0.449753 0.449753 0.449753 0.449753 0.449753 0.449753 0.449753 0.449753 0.449753 0.449753 0.449753 0.449753 0.449753 0.449753 0.449753 0.449753 0.449753 0.449753 0.449753 0.449753 0.449753 0.449753 0.449753 0.449753 0.449753 0.449753 0.449753 0.449753 0.449753 0.449753 0.449753 0.449753 0.449753 0.449753 0.449753 0.449753 0.449753 0.449753 0.449753 0.449753 0.449753 0.449753 0.449753 0.449753 0.449753 0.449753 0.449753 0.449753 0.449753 0.449753 0.449753 0.449753 0.449753 0.449753 0.449753 0.449753 0.449753 0.449753 0.449753 0.449753 0.449753 0.449753 0.449753 0.449753 0.449753 0.449753 0.449753 0.449753 0.449753 0.449753 0.449753 0.449753 0.449753 0.449753 0.449753 0.449753 0.449753 0.449753 0.449753 0.449753 0.449753 0.449753 0.449753 0.449753 0.449753 0.449753 0.449753 0.449753 0.449753 0.449753 0.449753 0.449753 0.449753 0.449753 0.449753 0.449753 0.449753 0.449753 0.449753 0.449753 0.449753 0.449753 0.449753 0.449753 0.449753 0.449753 0.449753 0.449753 0.449753 0.35 0.449753 0.449753 0.449753 0.449753 0.449753 0.449753 0.449753 0.449753 0.449753 0.444599 0.449753 0.449753 0.449753 0.449753 0.449753 0.449753 0.449753 0.449753 0.449753 0.449254 0.449753 0.449753 0.449753 0.449753 0.449753 0.449753 0.449753 0.449753 0.449753 0.35028 0.449753 0.449753 0.449753 0.449753 0.449753 0.449753 0.449753 0.449753 0.449753 0.35 0.449753 0.449753 0.449753 0.449753 0.449753 0.449753 0.449753 0.449753 0.449753 0.35 0.449753 0.449753 0.449753 0.449753 0.449753 0.449753 0.449753 0.449753 0.449753 0.449179 0.449753 0.449753 0.449753 0.449753 0.449753 0.449753 0.449753 0.449753 0.449753 0.35 0.449753 0.449753 0.449753 0.449753 0.449753 0.449753 0.449753 0.449753 0.449753 0.35 0.449753 0.449753 0.449753 0.449753 0.449753 0.449753 0.449753 0.449753 0.449753 0.35 0.449753 0.449753 0.449753 0.424313 0.449753 0.449753 0.449452 0.449753 0.449753 0.449753 0.449753 0.449753 0.449753 0.448176 0.449753 0.449753 0.449635 0.449753 0.449753 0.449753 0.449753 0.449753 0.449753 0.350119 0.449753 0.449753 0.35 0.449753 0.449753 0.449753 0.449753 0.449753 0.449753 0.449653 0.449753 0.449753 0.376624 0.449753 0.449753 0.449753 0.449753 0.449753 0.449753 0.350009 0.449753 0.449753 0.448701 0.449753 0.449753 0.449753 0.449753 0.449753 0.449753 0.35 0.449753 0.449753 0.35 0.449753 0.449753 0.449753 0.449753 0.449753 0.449753 0.446943 0.449753 0.449753 0.448388 0.449753 0.449753 0.449753 0.449753 0.449753 0.449753 0.350167 0.449753 0.449753 0.35 0.449753 0.449753 0.449753 0.449753 0.449753 0.449753 0.358242 0.449753 0.449753 0.35 0.449753 0.449753 0.449753 0.449753 0.449753 0.449753 0.350241 0.449753 0.449753 0.35 0.449753 0.449753 0.449753 0.449753 0.449753 0.449753 0.449753 0.449753 0.449753 0.449753 0.449753 0.449753 0.449753 0.449753 0.449753 0.449753 0.449753 0.449753 0.449753 0.449753 0.449753 0.449753 0.449753 0.449753 0.449753 0.449753 0.449753 0.449753 0.449753 0.449753 0.449753 0.449753 0.449753 0.449753 0.449753 0.449753 0.449753 0.449753 0.449753 0.449753 0.449753 0.449753 0.449753 0.449753 0.449753 0.449753 0.449753 0.449753 0.449753 0.449753 0.449753 0.449753 0.449753 0.449753 0.449753 0.449753 0.449753 0.449753 0.449753 0.449753 0.449753 0.449753 0.449753 0.449753 0.449753 0.449753 0.449753 0.449753 0.449753 0.449753 0.449753 0.449753 0.449753 0.449753 0.449753 0.449753 0.449753 0.449753 0.449753 0.449753 0.449753 0.449753 0.449753 0.449753 0.449753 0.449753 0.449753 0.449753 0.449753 0.449753 0.449753 0.449753 0.449753 0.449753 0.449753 0.449753 0.449753 0.449753 0.449753 0.449753 0.449753 0.449753 0.449753 0.449753 0.449753 0.449753 0.449753 0.449753 0.449753 0.449753 0.449753 0.449753 0.425254 0.449753 0.449753 0.449753 0.449753 0.449753 0.449753 0.449753 0.449753 0.449753 0.438619 0.449753 0.449753 0.449753 0.449753 0.449753 0.449753 0.449753 0.449753 0.449753 0.350001 0.449753 0.449753 0.449753 0.449753 0.449753 0.449753 0.449753 0.449753 0.449753 0.350316 0.449753 0.449753 0.449753 0.449753 0.449753 0.449753 0.449753 0.449753 0.449753 0.350001 0.449753 0.449753 0.449753 0.449753 0.449753 0.449753 0.449753 0.449753 0.449753 0.35004 0.449753 0.449753 0.449753 0.449753 0.449753 0.449753 0.449753 0.449753 0.449753 0.42534 0.449753 0.449753 0.449753 0.449753 0.449753 0.449753 0.449753 0.449753 0.449753 0.350001 0.449753 0.449753 0.449753 0.449753 0.449753 0.449753 0.449753 0.449753 0.449753 0.35 0.449753 0.449753 0.449753 0.449753 0.449753 0.449753 0.449753 0.449753 0.449753 0.358817 0.449753 0.449753 0.449753 0.449753 0.449753 0.449753 0.449753 0.449753 0.449753 0.35 0.449753 0.449753 0.449753 0.449753 0.449753 0.449753 0.449753 0.449753 0.449753 0.351658 0.449753 0.449753 0.449753 0.449753 0.449753 0.449753 0.449753 0.449753 0.449753 0.35 0.449753 0.449753 0.449753 0.449753 0.449753 0.449753 0.449753 0.449753 0.449753 0.35 0.449753 0.449753 0.449753 0.449753 0.449753 0.449753 0.449753 0.449753 0.449753 0.350001 0.449753 0.449753 0.449753 0.449753 0.449753 0.449753 0.449753 0.449753 0.449753 0.42851 0.449753 0.449753 0.449753 0.449753 0.449753 0.449753 0.449753 0.449753 0.449753 0.35 0.449753 0.449753 0.449753 0.449753 0.449753 0.449753 0.449753 0.449753 0.449753 0.35 0.449753 0.449753 0.449753 0.449753 0.449753 0.449753 0.449753 0.449753 0.449753 0.350004 0.449753 0.449753 0.449753 0.449753 0.449753 0.449753 0.449753 0.449753 0.449753 0.387327 0.449753 0.449753 0.449753 0.383727 0.449753 0.449753 0.350399 0.449753 0.449753 0.449753 0.449753 0.449753 0.449753 0.350021 0.449753 0.449753 0.383422 0.449753 0.449753 0.449753 0.449753 0.449753 0.449753 0.350002 0.449753 0.449753 0.449445 0.449753 0.449753 0.449753 0.449753 0.449753 0.449753 0.446596 0.449753 0.449753 0.429638 0.449753 0.449753 0.449753 0.449753 0.449753 0.449753 0.35 0.449753 0.449753 0.448868 0.449753 0.449753 0.449753 0.449753 0.449753 0.449753 0.448998 0.449753 0.449753 0.448684 0.449753 0.449753 0.449753 0.449753 0.449753 0.449753 0.350681 0.449753 0.449753 0.360797 0.449753 0.449753 0.449753 0.449753 0.449753 0.449753 0.35 0.449753 0.449753 0.350071 0.449753 0.449753 0.449753 0.449753 0.449753 0.449753 0.44706 0.449753 0.449753 0.426526 0.449753 0.449753 0.449753 0.449753 0.449753 0.449753 0.446267 0.449753 0.449753 0.375747 0.449753 0.449753 0.449753 0.449753 0.449753 0.449753 0.449753 0.449753 0.449753 0.449753 0.449753 0.449753 0.449753 0.449753 0.449753 0.449753 0.449753 0.449753 0.449753 0.449753 0.449753 0.449753 0.449753 0.449753 0.449753 0.449753 0.449753 0.449753 0.449753 0.449753 0.449753 0.449753 0.449753 0.449753 0.449753 0.449753 0.449753 0.449753 0.449753 0.449753 0.449753 0.449753 0.449753 0.449753 0.449753 0.449753 0.449753 0.449753 0.449753 0.449753 0.449753 0.449753 0.449753 0.449753 0.449753 0.449753 0.449753 0.449753 0.449753 0.449753 0.449753 0.449753 0.449753 0.449753 0.449753 0.449753 0.449753 0.449753 0.449753 0.449753 0.449753 0.449753 0.449753 0.449753 0.449753 0.449753 0.449753 0.449753 0.449753 0.449753 0.449753 0.449753 0.449753 0.449753 0.449753 0.449753 0.449753 0.449753 0.449753 0.449753 0.449753 0.449753 0.449753 0.449753 0.449753 0.449753 0.449753 0.449753 0.449753 0.449753 0.449753 0.449753 0.449753 0.449753 0.449753 0.449753 0.449753 0.449753 0.449753 0.449753 0.449753 0.449753 0.367226 0.449753 0.449753 0.449753 0.449753 0.449753 0.449753 0.449753 0.449753 0.449753 0.357609 0.449753 0.449753 0.449753 0.449753 0.449753 0.449753 0.449753 0.449753 0.449753 0.35 0.449753 0.449753 0.449753 0.449753 0.449753 0.449753 0.449753 0.449753 0.449753 0.35 0.449753 0.449753 0.449753 0.449753 0.449753 0.449753 0.449753 0.449753 0.449753 0.350003 0.449753 0.449753 0.449753 0.449753 0.449753 0.449753 0.449753 0.449753 0.449753 0.35 0.449753 0.449753 0.449753 0.449753 0.449753 0.449753 0.449753 0.449753 0.449753 0.448022 0.449753 0.449753 0.449753 0.449753 0.449753 0.449753 0.449753 0.449753 0.449753 0.385205 0.449753 0.449753 0.449753 0.449753 0.449753 0.449753 0.449753 0.449753 0.449753 0.35 0.449753 0.449753 0.449753 0.449753 0.449753 0.449753 0.449753 0.449753 0.449753 0.449347 0.449753 0.449753 0.449753 0.371526 0.449753 0.449753 0.35017 0.449753 0.449753 0.449753 0.449753 0.449753 0.449753 0.439933 0.449753 0.449753 0.445802 0.449753 0.449753 0.449753 0.449753 0.449753 0.449753 0.350008 0.449753 0.449753 0.350113 0.449753 0.449753 0.449753 0.449753 0.449753 0.449753 0.39794 0.449753 0.449753 0.447619 0.449753 0.449753 0.449753 0.449753 0.449753 0.449753 0.35 0.449753 0.449753 0.350001 0.449753 0.449753 0.449753 0.449753 0.449753 0.449753 0.35 0.449753 0.449753 0.35 0.449753 0.449753 0.449753 0.449753 0.449753 0.449753 0.35 0.449753 0.449753 0.35 0.449753 0.449753 0.449753 0.449753 0.449753 0.449753 0.350713 0.449753 0.449753 0.35 0.449753 0.449753 0.449753 0.449753 0.449753 0.449753 0.35 0.449753 0.449753 0.449026 0.449753 0.449753 0.449753 0.449753 0.449753 0.449753 0.35 0.449753 0.449753 0.422891 0.449753 0.449753 0.449753 0.449753 0.449753 0.449753 0.449753 0.449753 0.449753 0.449753 0.449753 0.449753 0.449753 0.449753 0.449753 0.449753 0.449753 0.449753 0.449753 0.449753 0.449753 0.449753 0.449753 0.449753 0.449753 0.449753 0.449753 0.449753 0.449753 0.449753 0.449753 0.449753 0.449753 0.449753 0.449753 0.449753 0.449753 0.449753 0.449753 0.449753 0.449753 0.449753 0.449753 0.449753 0.449753 0.449753 0.449753 0.449753 0.449753 0.449753 0.449753 0.449753 0.449753 0.449753 0.449753 0.449753 0.449753 0.449753 0.449753 0.449753 0.449753 0.449753 0.449753 0.449753 0.449753 0.449753 0.449753 0.449753 0.449753 0.449753 0.449753 0.449753 0.449753 0.449753 0.449753 0.449753 0.449753 0.449753 0.449753 0.449753 0.449753 0.449753 0.449753 0.449753 0.449753 0.449753 0.449753 0.449753 0.449753 0.449753 0.449753 0.449753 0.449753 0.449753 0.449753 0.449753 0.449753 0.449753 0.449753 0.449753 0.449753 0.449753 0.449753 0.449753 0.449753 0.449753 0.449753 0.449753 0.449753 0.449753 0.449753 0.449753 0.35 0.449753 0.449753 0.449753 0.449753 0.449753 0.449753 0.449753 0.449753 0.449753 0.418325 0.449753 0.449753 0.449753 0.449753 0.449753 0.449753 0.449753 0.449753 0.449753 0.444089 0.449753 0.449753 0.449753 0.449753 0.449753 0.449753 0.449753 0.449753 0.449753 0.44097 0.449753 0.449753 0.449753 0.449753 0.449753 0.449753 0.449753 0.449753 0.449753 0.351857 0.449753 0.449753 0.449753 0.449753 0.449753 0.449753 0.449753 0.449753 0.449753 0.449442 0.449753 0.449753 0.449753 0.449753 0.449753 0.449753 0.449753 0.449753 0.449753 0.445251 0.449753 0.449753 0.449753 0.449753 0.449753 0.449753 0.449753 0.449753 0.449753 0.35019 0.449753 0.449753 0.449753 0.449753 0.449753 0.449753 0.449753 0.449753 0.449753 0.449238 0.449753 0.449753 0.449753 0.449753 0.449753 0.449753 0.449753 0.449753 0.449753 0.35 0.449753 0.449753 0.449753 0.35 0.449753 0.449753 0.35 0.449753 0.449753 0.449753 0.449753 0.449753 0.449753 0.350005 0.449753 0.449753 0.35 0.449753 0.449753 0.449753 0.449753 0.449753 0.449753 0.401333 0.449753 0.449753 0.441688 0.449753 0.449753 0.449753 0.449753 0.449753 0.449753 0.447602 0.449753 0.449753 0.44964 0.449753 0.449753 0.449753 0.449753 0.449753 0.449753 0.350002 0.449753 0.449753 0.448438 0.449753 0.449753 0.449753 0.449753 0.449753 0.449753 0.350015 0.449753 0.449753 0.423249 0.449753 0.449753 0.449753 0.449753 0.449753 0.449753 0.35 0.449753 0.449753 0.35 0.449753 0.449753 0.449753 0.449753 0.449753 0.449753 0.35 0.449753 0.449753 0.442454 0.449753 0.449753 0.449753 0.449753 0.449753 0.449753 0.35 0.449753 0.449753 0.35 0.449753 0.449753 0.449753 0.449753 0.449753 0.449753 0.389471 0.449753 0.449753 0.351915 0.449753 0.449753 0.449753 0.449753 0.449753 0.449753 0.449753 0.449753 0.449753 0.449753 0.449753 0.449753 0.449753 0.449753 0.449753 0.449753 0.449753 0.449753 0.449753 0.449753 0.449753 0.449753 0.449753 0.449753 0.449753 0.449753 0.449753 0.449753 0.449753 0.449753 0.449753 0.449753 0.449753 0.449753 0.449753 0.449753 0.449753 0.449753 0.449753 0.449753 0.449753 0.449753 0.449753 0.449753 0.449753 0.449753 0.449753 0.449753 0.449753 0.449753 0.449753 0.449753 0.449753 0.449753 0.449753 0.449753 0.449753 0.449753 0.449753 0.449753 0.449753 0.449753 0.449753 0.449753 0.449753 0.449753 0.449753 0.449753 0.449753 0.449753 0.449753 0.449753 0.449753 0.449753 0.449753 0.449753 0.449753 0.449753 0.449753 0.449753 0.449753 0.449753 0.449753 0.449753 0.449753 0.449753 0.449753 0.449753 0.449753 0.449753 0.449753 0.449753 0.449753 0.449753 0.449753 0.449753 0.449753 0.449753 0.449753 0.449753 0.449753 0.449753 0.449753 0.449753 0.449753 0.449753 0.449753 0.449753 0.449753 0.449753 0.449753 0.449753 0.359785 0.449753 0.449753 0.449753 0.449753 0.449753 0.449753 0.449753 0.449753 0.449753 0.40238 0.449753 0.449753 0.449753 0.449753 0.449753 0.449753 0.449753 0.449753 0.449753 0.35 0.449753 0.449753 0.449753 0.449753 0.449753 0.449753 0.449753 0.449753 0.449753 0.430732 0.449753 0.449753 0.449753 0.449753 0.449753 0.449753 0.449753 0.449753 0.449753 0.35 0.449753 0.449753 0.449753 0.449753 0.449753 0.449753 0.449753 0.449753 0.449753 0.350124 0.449753 0.449753 0.449753 0.449753 0.449753 0.449753 0.449753 0.449753 0.449753 0.393503 0.449753 0.449753 0.449753 0.449753 0.449753 0.449753 0.449753 0.449753 0.449753 0.447979 0.449753 0.449753 0.449753 0.449753 0.449753 0.449753 0.449753 0.449753 0.449753 0.376765 0.449753 0.449753 0.449753 0.449753 0.449753 0.449753 0.449753 0.449753 0.449753 0.350048 0.449753 0.449753 0.449753 0.449753 0.449753 0.449753 0.449753 0.449753 0.449753 0.366559 0.449753 0.449753 0.449753 0.449753 0.449753 0.449753 0.449753 0.449753 0.449753 0.449043 0.449753 0.449753 0.449753 0.449753 0.449753 0.449753 0.449753 0.449753 0.449753 0.371779 0.449753 0.449753 0.449753 0.449753 0.449753 0.449753 0.449753 0.449753 0.449753 0.366086 0.449753 0.449753 0.449753 0.449753 0.449753 0.449753 0.449753 0.449753 0.449753 0.360365 0.449753 0.449753 0.449753 0.449753 0.449753 0.449753 0.449753 0.449753 0.449753 0.350006 0.449753 0.449753 0.449753 0.449753 0.449753 0.449753 0.449753 0.449753 0.449753 0.352805 0.449753 0.449753 0.449753 0.449753 0.449753 0.449753 0.449753 0.449753 0.449753 0.35 0.449753 0.449753 0.449753 0.449753 0.449753 0.449753 0.449753 0.449753 0.449753 0.35 0.449753 0.449753 0.449753 0.449753 0.449753 0.449753 0.449753 0.449753 0.449753 0.350106 0.449753 0.449753 0.449753 0.444685 0.449753 0.449753 0.35001 0.449753 0.449753 0.449753 0.449753 0.449753 0.449753 0.35 0.449753 0.449753 0.350317 0.449753 0.449753 0.449753 0.449753 0.449753 0.449753 0.431829 0.449753 0.449753 0.411026 0.449753 0.449753 0.449753 0.449753 0.449753 0.449753 0.35 0.449753 0.449753 0.401202 0.449753 0.449753 0.449753 0.449753 0.449753 0.449753 0.446472 0.449753 0.449753 0.35 0.449753 0.449753 0.449753 0.449753 0.449753 0.449753 0.350001 0.449753 0.449753 0.355599 0.449753 0.449753 0.449753 0.449753 0.449753 0.449753 0.428819 0.449753 0.449753 0.426431 0.449753 0.449753 0.449753 0.449753 0.449753 0.449753 0.443801 0.449753 0.449753 0.35 0.449753 0.449753 0.449753 0.449753 0.449753 0.449753 0.441751 0.449753 0.449753 0.350274 0.449753 0.449753 0.449753 0.449753 0.449753 0.449753 0.35 0.449753 0.449753 0.368118 0.449753 0.449753 0.449753 0.449753 0.449753 0.449753 0.449753 0.449753 0.449753 0.449753 0.449753 0.449753 0.449753 0.449753 0.449753 0.449753 0.449753 0.449753 0.449753 0.449753 0.449753 0.449753 0.449753 0.449753 0.449753 0.449753 0.449753 0.449753 0.449753 0.449753 0.449753 0.449753 0.449753 0.449753 0.449753 0.449753 0.449753 0.449753 0.449753 0.449753 0.449753 0.449753 0.449753 0.449753 0.449753 0.449753 0.449753 0.449753 0.449753 0.449753 0.449753 0.449753 0.449753 0.449753 0.449753 0.449753 0.449753 0.449753 0.449753 0.449753 0.449753 0.449753 0.449753 0.449753 0.449753 0.449753 0.449753 0.449753 0.449753 0.449753 0.449753 0.449753 0.449753 0.449753 0.449753 0.449753 0.449753 0.449753 0.449753 0.449753 0.449753 0.449753 0.449753 0.449753 0.449753 0.449753 0.449753 0.449753 0.449753 0.449753 0.449753 0.449753 0.449753 0.449753 0.449753 0.449753 0.449753 0.449753 0.449753 0.449753 0.449753 0.449753 0.449753 0.449753 0.449753 0.449753 0.449753 0.449753 0.449753 0.449753 0.449753 0.449753 0.369287 0.449753 0.449753 0.449753 0.449753 0.449753 0.449753 0.449753 0.449753 0.449753 0.350001 0.449753 0.449753 0.449753 0.449753 0.449753 0.449753 0.449753 0.449753 0.449753 0.356403 0.449753 0.449753 0.449753 0.449753 0.449753 0.449753 0.449753 0.449753 0.449753 0.35 0.449753 0.449753 0.449753 0.449753 0.449753 0.449753 0.449753 0.449753 0.449753 0.449102 0.449753 0.449753 0.449753 0.449753 0.449753 0.449753 0.449753 0.449753 0.449753 0.365656 0.449753 0.449753 0.449753 0.449753 0.449753 0.449753 0.449753 0.449753 0.449753 0.449271 0.449753 0.449753 0.449753 0.449753 0.449753 0.449753 0.449753 0.449753 0.449753 0.447905 0.449753 0.449753 0.449753 0.449753 0.449753 0.449753 0.449753 0.449753 0.449753 0.350004 0.449753 0.449753 0.449753 0.449753 0.449753 0.449753 0.449753 0.449753 0.449753 0.44876 0.449753 0.449753 0.449753 0.350013 0.449753 0.449753 0.35 0.449753 0.449753 0.449753 0.449753 0.449753 0.449753 0.35 0.449753 0.449753 0.447724 0.449753 0.449753 0.449753 0.449753 0.449753 0.449753 0.350001 0.449753 0.449753 0.35 0.449753 0.449753 0.449753 0.449753 0.449753 0.449753 0.442938 0.449753 0.449753 0.35 0.449753 0.449753 0.449753 0.449753 0.449753 0.449753 0.350406 0.449753 0.449753 0.354184 0.449753 0.449753 0.449753 0.449753 0.449753 0.449753 0.35 0.449753 0.449753 0.449509 0.449753 0.449753 0.449753 0.449753 0.449753 0.449753 0.369432 0.449753 0.449753 0.355943 0.449753 0.449753 0.449753 0.449753 0.449753 0.449753 0.447122 0.449753 0.449753 0.406657 0.449753 0.449753 0.449753 0.449753 0.449753 0.449753 0.448454 0.449753 0.449753 0.35058 0.449753 0.449753 0.449753 0.449753 0.449753 0.449753 0.35 0.449753 0.449753 0.370174 0.449753 0.449753 0.449753 0.449753 0.449753 0.449753 0.449753 0.449753 0.449753 0.449753 0.449753 0.449753 0.449753 0.449753 0.449753 0.449753 0.449753 0.449753 0.449753 0.449753 0.449753 0.449753 0.449753 0.449753 0.449753 0.449753 0.449753 0.449753 0.449753 0.449753 0.449753 0.449753 0.449753 0.449753 0.449753 0.449753 0.449753 0.449753 0.449753 0.449753 0.449753 0.449753 0.449753 0.449753 0.449753 0.449753 0.449753 0.449753 0.449753 0.449753 0.449753 0.449753 0.449753 0.449753 0.449753 0.449753 0.449753 0.449753 0.449753 0.449753 0.449753 0.449753 0.449753 0.449753 0.449753 0.449753 0.449753 0.449753 0.449753 0.449753 0.449753 0.449753 0.449753 0.449753 0.449753 0.449753 0.449753 0.449753 0.449753 0.449753 0.449753 0.449753 0.449753 0.449753 0.449753 0.449753 0.449753 0.449753 0.449753 0.449753 0.449753 0.449753 0.449753 0.449753 0.449753 0.449753 0.449753 0.449753 0.449753 0.449753 0.449753 0.449753 0.449753 0.449753 0.449753 0.449753 0.449753 0.449753 0.449753 0.449753 0.449753 0.449753 0.350178 0.449753 0.449753 0.449753 0.449753 0.449753 0.449753 0.449753 0.449753 0.449753 0.366853 0.449753 0.449753 0.449753 0.449753 0.449753 0.449753 0.449753 0.449753 0.449753 0.350076 0.449753 0.449753 0.449753 0.449753 0.449753 0.449753 0.449753 0.449753 0.449753 0.35 0.449753 0.449753 0.449753 0.449753 0.449753 0.449753 0.449753 0.449753 0.449753 0.35 0.449753 0.449753 0.449753 0.449753 0.449753 0.449753 0.449753 0.449753 0.449753 0.35016 0.449753 0.449753 0.449753 0.449753 0.449753 0.449753 0.449753 0.449753 0.449753 0.35 0.449753 0.449753 0.449753 0.449753 0.449753 0.449753 0.449753 0.449753 0.449753 0.350551 0.449753 0.449753 0.449753 0.449753 0.449753 0.449753 0.449753 0.449753 0.449753 0.350163 0.449753 0.449753 0.449753 0.449753 0.449753 0.449753 0.449753 0.449753 0.449753 0.35 0.449753 0.449753 0.449753 0.350014 0.449753 0.449753 0.43608 0.449753 0.449753 0.449753 0.449753 0.449753 0.449753 0.35 0.449753 0.449753 0.350646 0.449753 0.449753 0.449753 0.449753 0.449753 0.449753 0.35 0.449753 0.449753 0.449285 0.449753 0.449753 0.449753 0.449753 0.449753 0.449753 0.364632 0.449753 0.449753 0.448114 0.449753 0.449753 0.449753 0.449753 0.449753 0.449753 0.365824 0.449753 0.449753 0.35 0.449753 0.449753 0.449753 0.449753 0.449753 0.449753 0.357694 0.449753 0.449753 0.449278 0.449753 0.449753 0.449753 0.449753 0.449753 0.449753 0.350083 0.449753 0.449753 0.442459 0.449753 0.449753 0.449753 0.449753 0.449753 0.449753 0.360246 0.449753 0.449753 0.35 0.449753 0.449753 0.449753 0.449753 0.449753 0.449753 0.443798 0.449753 0.449753 0.376909 0.449753 0.449753 0.449753 0.449753 0.449753 0.449753 0.35 0.449753 0.449753 0.35 0.449753 0.449753 0.449753 0.449753 0.449753 0.449753 0.449753 0.449753 0.449753 0.449753 0.449753 0.449753 0.449753 0.449753 0.449753 0.449753 0.449753 0.449753 0.449753 0.449753 0.449753 0.449753 0.449753 0.449753 0.449753 0.449753 0.449753 0.449753 0.449753 0.449753 0.449753 0.449753 0.449753 0.449753 0.449753 0.449753 0.449753 0.449753 0.449753 0.449753 0.449753 0.449753 0.449753 0.449753 0.449753 0.449753 0.449753 0.449753 0.449753 0.449753 0.449753 0.449753 0.449753 0.449753 0.449753 0.449753 0.449753 0.449753 0.449753 0.449753 0.449753 0.449753 0.449753 0.449753 0.449753 0.449753 0.449753 0.449753 0.449753 0.449753 0.449753 0.449753 0.449753 0.449753 0.449753 0.449753 0.449753 0.449753 0.449753 0.449753 0.449753 0.449753 0.449753 0.449753 0.449753 0.449753 0.449753 0.449753 0.449753 0.449753 0.449753 0.449753 0.449753 0.449753 0.449753 0.449753 0.449753 0.449753 0.449753 0.449753 0.449753 0.449753 0.449753 0.449753 0.449753 0.449753 0.449753 0.449753 0.449753 0.449753 0.449753 0.449753 0.35 0.449753 0.449753 0.449753 0.449753 0.449753 0.449753 0.449753 0.449753 0.449753 0.367054 0.449753 0.449753 0.449753 0.449753 0.449753 0.449753 0.449753 0.449753 0.449753 0.42973 0.449753 0.449753 0.449753 0.449753 0.449753 0.449753 0.449753 0.449753 0.449753 0.371992 0.449753 0.449753 0.449753 0.449753 0.449753 0.449753 0.449753 0.449753 0.449753 0.366197 0.449753 0.449753 0.449753 0.449753 0.449753 0.449753 0.449753 0.449753 0.449753 0.35005 0.449753 0.449753 0.449753 0.449753 0.449753 0.449753 0.449753 0.449753 0.449753 0.35 0.449753 0.449753 0.449753 0.449753 0.449753 0.449753 0.449753 0.449753 0.449753 0.35 0.449753 0.449753 0.449753 0.449753 0.449753 0.449753 0.449753 0.449753 0.449753 0.435411 0.449753 0.449753 0.449753 0.449753 0.449753 0.449753 0.449753 0.449753 0.449753 0.415698 0.449753 0.449753 0.449753 0.449753 0.449753 0.449753 0.449753 0.449753 0.449753 0.350182 0.449753 0.449753 0.449753 0.449753 0.449753 0.449753 0.449753 0.449753 0.449753 0.367288 0.449753 0.449753 0.449753 0.449753 0.449753 0.449753 0.449753 0.449753 0.449753 0.350005 0.449753 0.449753 0.449753 0.449753 0.449753 0.449753 0.449753 0.449753 0.449753 0.35001 0.449753 0.449753 0.449753 0.449753 0.449753 0.449753 0.449753 0.449753 0.449753 0.35 0.449753 0.449753 0.449753 0.449753 0.449753 0.449753 0.449753 0.449753 0.449753 0.350092 0.449753 0.449753 0.449753 0.449753 0.449753 0.449753 0.449753 0.449753 0.449753 0.35 0.449753 0.449753 0.449753 0.449753 0.449753 0.449753 0.449753 0.449753 0.449753 0.413893 0.449753 0.449753 0.449753 0.449753 0.449753 0.449753 0.449753 0.449753 0.449753 0.35 0.449753 0.449753 0.449753 0.449753 0.449753 0.449753 0.449753 0.449753 0.449753 0.36024 0.449753 0.449753 0.449753 0.449617 0.449753 0.449753 0.35 0.449753 0.449753 0.449753 0.449753 0.449753 0.449753 0.367812 0.449753 0.449753 0.35 0.449753 0.449753 0.449753 0.449753 0.449753 0.449753 0.35 0.449753 0.449753 0.35 0.449753 0.449753 0.449753 0.449753 0.449753 0.449753 0.448206 0.449753 0.449753 0.44912 0.449753 0.449753 0.449753 0.449753 0.449753 0.449753 0.351812 0.449753 0.449753 0.449517 0.449753 0.449753 0.449753 0.449753 0.449753 0.449753 0.434781 0.449753 0.449753 0.35 0.449753 0.449753 0.449753 0.449753 0.449753 0.449753 0.419789 0.449753 0.449753 0.441434 0.449753 0.449753 0.449753 0.449753 0.449753 0.449753 0.35 0.449753 0.449753 0.396497 0.449753 0.449753 0.449753 0.449753 0.449753 0.449753 0.437965 0.449753 0.449753 0.35 0.449753 0.449753 0.449753 0.449753 0.449753 0.449753 0.354756 0.449753 0.449753 0.43637 0.449753 0.449753 0.449753 0.449753 0.449753 0.449753 0.449753 0.449753 0.449753 0.449753 0.449753 0.449753 0.449753 0.449753 0.449753 0.449753 0.449753 0.449753 0.449753 0.449753 0.449753 0.449753 0.449753 0.449753 0.449753 0.449753 0.449753 0.449753 0.449753 0.449753 0.449753 0.449753 0.449753 0.449753 0.449753 0.449753 0.449753 0.449753 0.449753 0.449753 0.449753 0.449753 0.449753 0.449753 0.449753 0.449753 0.449753 0.449753 0.449753 0.449753 0.449753 0.449753 0.449753 0.449753 0.449753 0.449753 0.449753 0.449753 0.449753 0.449753 0.449753 0.449753 0.449753 0.449753 0.449753 0.449753 0.449753 0.449753 0.449753 0.449753 0.449753 0.449753 0.449753 0.449753 0.449753 0.449753 0.449753 0.449753 0.449753 0.449753 0.449753 0.449753 0.449753 0.449753 0.449753 0.449753 0.449753 0.449753 0.449753 0.449753 0.449753 0.449753 0.449753 0.449753 0.449753 0.449753 0.449753 0.449753 0.449753 0.449753 0.449753 0.449753 0.449753 0.449753 0.449753 0.449753 0.449753 0.449753 0.449753 0.449753 0.449753 0.449753 0.353307 0.449753 0.449753 0.449753 0.449753 0.449753 0.449753 0.449753 0.449753 0.449753 0.35 0.449753 0.449753 0.449753 0.449753 0.449753 0.449753 0.449753 0.449753 0.449753 0.35 0.449753 0.449753 0.449753 0.449753 0.449753 0.449753 0.449753 0.449753 0.449753 0.447301 0.449753 0.449753 0.449753 0.449753 0.449753 0.449753 0.449753 0.449753 0.449753 0.35 0.449753 0.449753 0.449753 0.449753 0.449753 0.449753 0.449753 0.449753 0.449753 0.35 0.449753 0.449753 0.449753 0.449753 0.449753 0.449753 0.449753 0.449753 0.449753 0.44733 0.449753 0.449753 0.449753 0.449753 0.449753 0.449753 0.449753 0.449753 0.449753 0.35 0.449753 0.449753 0.449753 0.449753 0.449753 0.449753 0.449753 0.449753 0.449753 0.376914 0.449753 0.449753 0.449753 0.449753 0.449753 0.449753 0.449753 0.449753 0.449753 0.35 0.449753 0.449753 0.449753 0.350032 0.449753 0.449753 0.446617 0.449753 0.449753 0.449753 0.449753 0.449753 0.449753 0.373066 0.449753 0.449753 0.35 0.449753 0.449753 0.449753 0.449753 0.449753 0.449753 0.35 0.449753 0.449753 0.395173 0.449753 0.449753 0.449753 0.449753 0.449753 0.449753 0.350007 0.449753 0.449753 0.448578 0.449753 0.449753 0.449753 0.449753 0.449753 0.449753 0.35 0.449753 0.449753 0.444816 0.449753 0.449753 0.449753 0.449753 0.449753 0.449753 0.352298 0.449753 0.449753 0.442316 0.449753 0.449753 0.449753 0.449753 0.449753 0.449753 0.35 0.449753 0.449753 0.35 0.449753 0.449753 0.449753 0.449753 0.449753 0.449753 0.35 0.449753 0.449753 0.350001 0.449753 0.449753 0.449753 0.449753 0.449753 0.449753 0.35 0.449753 0.449753 0.357551 0.449753 0.449753 0.449753 0.449753 0.449753 0.449753 0.35 0.449753 0.449753 0.351882 0.449753 0.449753 0.449753 0.449753 0.449753 0.449753 0.449753 0.449753 0.449753 0.449753 0.449753 0.449753 0.449753 0.449753 0.449753 0.449753 0.449753 0.449753 0.449753 0.449753 0.449753 0.449753 0.449753 0.449753 0.449753 0.449753 0.449753 0.449753 0.449753 0.449753 0.449753 0.449753 0.449753 0.449753 0.449753 0.449753 0.449753 0.449753 0.449753 0.449753 0.449753 0.449753 0.449753 0.449753 0.449753 0.449753 0.449753 0.449753 0.449753 0.449753 0.449753 0.449753 0.449753 0.449753 0.449753 0.449753 0.449753 0.449753 0.449753 0.449753 0.449753 0.449753 0.449753 0.449753 0.449753 0.449753 0.449753 0.449753 0.449753 0.449753 0.449753 0.449753 0.449753 0.449753 0.449753 0.449753 0.449753 0.449753 0.449753 0.449753 0.449753 0.449753 0.449753 0.449753 0.449753 0.449753 0.449753 0.449753 0.449753 0.449753 0.449753 0.449753 0.449753 0.449753 0.449753 0.449753 0.449753 0.449753 0.449753 0.449753 0.449753 0.449753 0.449753 0.449753 0.449753 0.449753 0.449753 0.449753 0.449753 0.449753 0.449753 0.449753 0.35 0.449753 0.449753 0.449753 0.449753 0.449753 0.449753 0.449753 0.449753 0.449753 0.35 0.449753 0.449753 0.449753 0.449753 0.449753 0.449753 0.449753 0.449753 0.449753 0.35 0.449753 0.449753 0.449753 0.449753 0.449753 0.449753 0.449753 0.449753 0.449753 0.35 0.449753 0.449753 0.449753 0.449753 0.449753 0.449753 0.449753 0.449753 0.449753 0.36041 0.449753 0.449753 0.449753 0.449753 0.449753 0.449753 0.449753 0.449753 0.449753 0.388939 0.449753 0.449753 0.449753 0.449753 0.449753 0.449753 0.449753 0.449753 0.449753 0.44939 0.449753 0.449753 0.449753 0.449753 0.449753 0.449753 0.449753 0.449753 0.449753 0.351644 0.449753 0.449753 0.449753 0.449753 0.449753 0.449753 0.449753 0.449753 0.449753 0.35 0.449753 0.449753 0.449753 0.449753 0.449753 0.449753 0.449753 0.449753 0.449753 0.35 0.449753 0.449753 0.449753 0.4062 0.449753 0.449753 0.448597 0.449753 0.449753 0.449753 0.449753 0.449753 0.449753 0.416958 0.449753 0.449753 0.448381 0.449753 0.449753 0.449753 0.449753 0.449753 0.449753 0.449474 0.449753 0.449753 0.448351 0.449753 0.449753 0.449753 0.449753 0.449753 0.449753 0.354433 0.449753 0.449753 0.35 0.449753 0.449753 0.449753 0.449753 0.449753 0.449753 0.350092 0.449753 0.449753 0.350045 0.449753 0.449753 0.449753 0.449753 0.449753 0.449753 0.350748 0.449753 0.449753 0.354654 0.449753 0.449753 0.449753 0.449753 0.449753 0.449753 0.352202 0.449753 0.449753 0.428665 0.449753 0.449753 0.449753 0.449753 0.449753 0.449753 0.350075 0.449753 0.449753 0.35006 0.449753 0.449753 0.449753 0.449753 0.449753 0.449753 0.437585 0.449753 0.449753 0.423367 0.449753 0.449753 0.449753 0.449753 0.449753 0.449753 0.448189 0.449753 0.449753 0.350219 0.449753 0.449753 0.449753 0.449753 0.449753 0.449753 0.449753 0.449753 0.449753 0.449753 0.449753 0.449753 0.449753 0.449753 0.449753 0.449753 0.449753 0.449753 0.449753 0.449753 0.449753 0.449753 0.449753 0.449753 0.449753 0.449753 0.449753 0.449753 0.449753 0.449753 0.449753 0.449753 0.449753 0.449753 0.449753 0.449753 0.449753 0.449753 0.449753 0.449753 0.449753 0.449753 0.449753 0.449753 0.449753 0.449753 0.449753 0.449753 0.449753 0.449753 0.449753 0.449753 0.449753 0.449753 0.449753 0.449753 0.449753 0.449753 0.449753 0.449753 0.449753 0.449753 0.449753 0.449753 0.449753 0.449753 0.449753 0.449753 0.449753 0.449753 0.449753 0.449753 0.449753 0.449753 0.449753 0.449753 0.449753 0.449753 0.449753 0.449753 0.449753 0.449753 0.449753 0.449753 0.449753 0.449753 0.449753 0.449753 0.449753 0.449753 0.449753 0.449753 0.449753 0.449753 0.449753 0.449753 0.449753 0.449753 0.449753 0.449753 0.449753 0.449753 0.449753 0.449753 0.449753 0.449753 0.449753 0.449753 0.449753 0.449753 0.449753 0.449753 0.350003 0.449753 0.449753 0.449753 0.449753 0.449753 0.449753 0.449753 0.449753 0.449753 0.424315 0.449753 0.449753 0.449753 0.449753 0.449753 0.449753 0.449753 0.449753 0.449753 0.388337 0.449753 0.449753 0.449753 0.449753 0.449753 0.449753 0.449753 0.449753 0.449753 0.421245 0.449753 0.449753 0.449753 0.449753 0.449753 0.449753 0.449753 0.449753 0.449753 0.350052 0.449753 0.449753 0.449753 0.449753 0.449753 0.449753 0.449753 0.449753 0.449753 0.350007 0.449753 0.449753 0.449753 0.449753 0.449753 0.449753 0.449753 0.449753 0.449753 0.350001 0.449753 0.449753 0.449753 0.449753 0.449753 0.449753 0.449753 0.449753 0.449753 0.350276 0.449753 0.449753 0.449753 0.449753 0.449753 0.449753 0.449753 0.449753 0.449753 0.385342 0.449753 0.449753 0.449753 0.449753 0.449753 0.449753 0.449753 0.449753 0.449753 0.35 0.449753 0.449753 0.449753 0.449753 0.449753 0.449753 0.449753 0.449753 0.449753 0.35 0.449753 0.449753 0.449753 0.449753 0.449753 0.449753 0.449753 0.449753 0.449753 0.35 0.449753 0.449753 0.449753 0.449753 0.449753 0.449753 0.449753 0.449753 0.449753 0.351782 0.449753 0.449753 0.449753 0.449753 0.449753 0.449753 0.449753 0.449753 0.449753 0.35 0.449753 0.449753 0.449753 0.449753 0.449753 0.449753 0.449753 0.449753 0.449753 0.448211 0.449753 0.449753 0.449753 0.449753 0.449753 0.449753 0.449753 0.449753 0.449753 0.350019 0.449753 0.449753 0.449753 0.449753 0.449753 0.449753 0.449753 0.449753 0.449753 0.350201 0.449753 0.449753 0.449753 0.449753 0.449753 0.449753 0.449753 0.449753 0.449753 0.35 0.449753 0.449753 0.449753 0.449753 0.449753 0.449753 0.449753 0.449753 0.449753 0.350124 0.449753 0.449753 0.449753 0.449753 0.449753 0.449753 0.449753 0.449753 0.449753 0.35 0.449753 0.449753 0.449753 0.352334 0.449753 0.449753 0.442075 0.449753 0.449753 0.449753 0.449753 0.449753 0.449753 0.352813 0.449753 0.449753 0.350037 0.449753 0.449753 0.449753 0.449753 0.449753 0.449753 0.449476 0.449753 0.449753 0.35356 0.449753 0.449753 0.449753 0.449753 0.449753 0.449753 0.350026 0.449753 0.449753 0.350035 0.449753 0.449753 0.449753 0.449753 0.449753 0.449753 0.350028 0.449753 0.449753 0.35138 0.449753 0.449753 0.449753 0.449753 0.449753 0.449753 0.35 0.449753 0.449753 0.350167 0.449753 0.449753 0.449753 0.449753 0.449753 0.449753 0.350167 0.449753 0.449753 0.35 0.449753 0.449753 0.449753 0.449753 0.449753 0.449753 0.350087 0.449753 0.449753 0.35 0.449753 0.449753 0.449753 0.449753 0.449753 0.449753 0.350001 0.449753 0.449753 0.439706 0.449753 0.449753 0.449753 0.449753 0.449753 0.449753 0.442061 0.449753 0.449753 0.350783 0.449753 0.449753 0.449753 0.449753 0.449753 0.449753 0.449753 0.449753 0.449753 0.449753 0.449753 0.449753 0.449753 0.449753 0.449753 0.449753 0.449753 0.449753 0.449753 0.449753 0.449753 0.449753 0.449753 0.449753 0.449753 0.449753 0.449753 0.449753 0.449753 0.449753 0.449753 0.449753 0.449753 0.449753 0.449753 0.449753 0.449753 0.449753 0.449753 0.449753 0.449753 0.449753 0.449753 0.449753 0.449753 0.449753 0.449753 0.449753 0.449753 0.449753 0.449753 0.449753 0.449753 0.449753 0.449753 0.449753 0.449753 0.449753 0.449753 0.449753 0.449753 0.449753 0.449753 0.449753 0.449753 0.449753 0.449753 0.449753 0.449753 0.449753 0.449753 0.449753 0.449753 0.449753 0.449753 0.449753 0.449753 0.449753 0.449753 0.449753 0.449753 0.449753 0.449753 0.449753 0.449753 0.449753 0.449753 0.449753 0.449753 0.449753 0.449753 0.449753 0.449753 0.449753 0.449753 0.449753 0.449753 0.449753 0.449753 0.449753 0.449753 0.449753 0.449753 0.449753 0.449753 0.449753 0.449753 0.449753 0.449753 0.449753 0.449753 0.449753 0.449339 0.449753 0.449753 0.449753 0.449753 0.449753 0.449753 0.449753 0.449753 0.449753 0.448425 0.449753 0.449753 0.449753 0.449753 0.449753 0.449753 0.449753 0.449753 0.449753 0.350015 0.449753 0.449753 0.449753 0.449753 0.449753 0.449753 0.449753 0.449753 0.449753 0.433317 0.449753 0.449753 0.449753 0.449753 0.449753 0.449753 0.449753 0.449753 0.449753 0.353578 0.449753 0.449753 0.449753 0.449753 0.449753 0.449753 0.449753 0.449753 0.449753 0.35 0.449753 0.449753 0.449753 0.449753 0.449753 0.449753 0.449753 0.449753 0.449753 0.374148 0.449753 0.449753 0.449753 0.449753 0.449753 0.449753 0.449753 0.449753 0.449753 0.350108 0.449753 0.449753 0.449753 0.449753 0.449753 0.449753 0.449753 0.449753 0.449753 0.410724 0.449753 0.449753 0.449753 0.449753 0.449753 0.449753 0.449753 0.449753 0.449753 0.35 0.449753 0.449753 0.449753 0.444922 0.449753 0.449753 0.436048 0.449753 0.449753 0.449753 0.449753 0.449753 0.449753 0.35 0.449753 0.449753 0.43194 0.449753 0.449753 0.449753 0.449753 0.449753 0.449753 0.365307 0.449753 0.449753 0.35909 0.449753 0.449753 0.449753 0.449753 0.449753 0.449753 0.374379 0.449753 0.449753 0.446731 0.449753 0.449753 0.449753 0.449753 0.449753 0.449753 0.35 0.449753 0.449753 0.378191 0.449753 0.449753 0.449753 0.449753 0.449753 0.449753 0.419475 0.449753 0.449753 0.35002 0.449753 0.449753 0.449753 0.449753 0.449753 0.449753 0.36441 0.449753 0.449753 0.35 0.449753 0.449753 0.449753 0.449753 0.449753 0.449753 0.351282 0.449753 0.449753 0.447464 0.449753 0.449753 0.449753 0.449753 0.449753 0.449753 0.35 0.449753 0.449753 0.350029 0.449753 0.449753 0.449753 0.449753 0.449753 0.449753 0.415506 0.449753 0.449753 0.35 0.449753 0.449753 0.449753 0.449753 0.449753 0.449753 0.449753 0.449753 0.449753 0.449753 0.449753 0.449753 0.449753 0.449753 0.449753 0.449753 0.449753 0.449753 0.449753 0.449753 0.449753 0.449753 0.449753 0.449753 0.449753 0.449753 0.449753 0.449753 0.449753 0.449753 0.449753 0.449753 0.449753 0.449753 0.449753 0.449753 0.449753 0.449753 0.449753 0.449753 0.449753 0.449753 0.449753 0.449753 0.449753 0.449753 0.449753 0.449753 0.449753 0.449753 0.449753 0.449753 0.449753 0.449753 0.449753 0.449753 0.449753 0.449753 0.449753 0.449753 0.449753 0.449753 0.449753 0.449753 0.449753 0.449753 0.449753 0.449753 0.449753 0.449753 0.449753 0.449753 0.449753 0.449753 0.449753 0.449753 0.449753 0.449753 0.449753 0.449753 0.449753 0.449753 0.449753 0.449753 0.449753 0.449753 0.449753 0.449753 0.449753 0.449753 0.449753 0.449753 0.449753 0.449753 0.449753 0.449753 0.449753 0.449753 0.449753 0.449753 0.449753 0.449753 0.449753 0.449753 0.449753 0.449753 0.449753 0.449753 0.449753 0.449753 0.449753 0.449753 0.35 0.449753 0.449753 0.449753 0.449753 0.449753 0.449753 0.449753 0.449753 0.449753 0.35 0.449753 0.449753 0.449753 0.449753 0.449753 0.449753 0.449753 0.449753 0.449753 0.350039 0.449753 0.449753 0.449753 0.449753 0.449753 0.449753 0.449753 0.449753 0.449753 0.35 0.449753 0.449753 0.449753 0.449753 0.449753 0.449753 0.449753 0.449753 0.449753 0.35 0.449753 0.449753 0.449753 0.449753 0.449753 0.449753 0.449753 0.449753 0.449753 0.350109 0.449753 0.449753 0.449753 0.449753 0.449753 0.449753 0.449753 0.449753 0.449753 0.35 0.449753 0.449753 0.449753 0.449753 0.449753 0.449753 0.449753 0.449753 0.449753 0.374056 0.449753 0.449753 0.449753 0.449753 0.449753 0.449753 0.449753 0.449753 0.449753 0.449084 0.449753 0.449753 0.449753 0.449753 0.449753 0.449753 0.449753 0.449753 0.449753 0.433316 0.449753 0.449753 0.449753 0.44254 0.449753 0.449753 0.354211 0.449753 0.449753 0.449753 0.449753 0.449753 0.449753 0.408261 0.449753 0.449753 0.35291 0.449753 0.449753 0.449753 0.449753 0.449753 0.449753 0.37496 0.449753 0.449753 0.352619 0.449753 0.449753 0.449753 0.449753 0.449753 0.449753 0.35 0.449753 0.449753 0.422025 0.449753 0.449753 0.449753 0.449753 0.449753 0.449753 0.350051 0.449753 0.449753 0.350126 0.449753 0.449753 0.449753 0.449753 0.449753 0.449753 0.434905 0.449753 0.449753 0.350001 0.449753 0.449753 0.449753 0.449753 0.449753 0.449753 0.35 0.449753 0.449753 0.35124 0.449753 0.449753 0.449753 0.449753 0.449753 0.449753 0.404924 0.449753 0.449753 0.447479 0.449753 0.449753 0.449753 0.449753 0.449753 0.449753 0.413966 0.449753 0.449753 0.350001 0.449753 0.449753 0.449753 0.449753 0.449753 0.449753 0.388026 0.449753 0.449753 0.444221 0.449753 0.449753 0.449753 0.449753 0.449753 0.449753 0.449753 0.449753 0.449753 0.449753 0.449753 0.449753 0.449753 0.449753 0.449753 0.449753 0.449753 0.449753 0.449753 0.449753 0.449753 0.449753 0.449753 0.449753 0.449753 0.449753 0.449753 0.449753 0.449753 0.449753 0.449753 0.449753 0.449753 0.449753 0.449753 0.449753 0.449753 0.449753 0.449753 0.449753 0.449753 0.449753 0.449753 0.449753 0.449753 0.449753 0.449753 0.449753 0.449753 0.449753 0.449753 0.449753 0.449753 0.449753 0.449753 0.449753 0.449753 0.449753 0.449753 0.449753 0.449753 0.449753 0.449753 0.449753 0.449753 0.449753 0.449753 0.449753 0.449753 0.449753 0.449753 0.449753 0.449753 0.449753 0.449753 0.449753 0.449753 0.449753 0.449753 0.449753 0.449753 0.449753 0.449753 0.449753 0.449753 0.449753 0.449753 0.449753 0.449753 0.449753 0.449753 0.449753 0.449753 0.449753 0.449753 0.449753 0.449753 0.449753 0.449753 0.449753 0.449753 0.449753 0.449753 0.449753 0.449753 0.449753 0.449753 0.449753 0.449753 0.449753 0.449753 0.449753 0.35001 0.449753 0.449753 0.449753 0.449753 0.449753 0.449753 0.449753 0.449753 0.449753 0.449664 0.449753 0.449753 0.449753 0.449753 0.449753 0.449753 0.449753 0.449753 0.449753 0.359052 0.449753 0.449753 0.449753 0.449753 0.449753 0.449753 0.449753 0.449753 0.449753 0.350746 0.449753 0.449753 0.449753 0.449753 0.449753 0.449753 0.449753 0.449753 0.449753 0.350008 0.449753 0.449753 0.449753 0.449753 0.449753 0.449753 0.449753 0.449753 0.449753 0.35 0.449753 0.449753 0.449753 0.449753 0.449753 0.449753 0.449753 0.449753 0.449753 0.350288 0.449753 0.449753 0.449753 0.449753 0.449753 0.449753 0.449753 0.449753 0.449753 0.35 0.449753 0.449753 0.449753 0.449753 0.449753 0.449753 0.449753 0.449753 0.449753 0.35 0.449753 0.449753 0.449753 0.449753 0.449753 0.449753 0.449753 0.449753 0.449753 0.35 0.449753 0.449753 0.449753 0.449753 0.449753 0.449753 0.449753 0.449753 0.449753 0.35249 0.449753 0.449753 0.449753 0.449753 0.449753 0.449753 0.449753 0.449753 0.449753 0.350049 0.449753 0.449753 0.449753 0.449753 0.449753 0.449753 0.449753 0.449753 0.449753 0.361065 0.449753 0.449753 0.449753 0.449753 0.449753 0.449753 0.449753 0.449753 0.449753 0.350001 0.449753 0.449753 0.449753 0.449753 0.449753 0.449753 0.449753 0.449753 0.449753 0.391861 0.449753 0.449753 0.449753 0.449753 0.449753 0.449753 0.449753 0.449753 0.449753 0.44915 0.449753 0.449753 0.449753 0.449753 0.449753 0.449753 0.449753 0.449753 0.449753 0.35 0.449753 0.449753 0.449753 0.449753 0.449753 0.449753 0.449753 0.449753 0.449753 0.351598 0.449753 0.449753 0.449753 0.449753 0.449753 0.449753 0.449753 0.449753 0.449753 0.449208 0.449753 0.449753 0.449753 0.449753 0.449753 0.449753 0.449753 0.449753 0.449753 0.443851 0.449753 0.449753 0.449753 0.446656 0.449753 0.449753 0.350003 0.449753 0.449753 0.449753 0.449753 0.449753 0.449753 0.35 0.449753 0.449753 0.350007 0.449753 0.449753 0.449753 0.449753 0.449753 0.449753 0.35 0.449753 0.449753 0.425611 0.449753 0.449753 0.449753 0.449753 0.449753 0.449753 0.35 0.449753 0.449753 0.444919 0.449753 0.449753 0.449753 0.449753 0.449753 0.449753 0.438588 0.449753 0.449753 0.443431 0.449753 0.449753 0.449753 0.449753 0.449753 0.449753 0.35 0.449753 0.449753 0.448161 0.449753 0.449753 0.449753 0.449753 0.449753 0.449753 0.350001 0.449753 0.449753 0.40064 0.449753 0.449753 0.449753 0.449753 0.449753 0.449753 0.350014 0.449753 0.449753 0.350013 0.449753 0.449753 0.449753 0.449753 0.449753 0.449753 0.420455 0.449753 0.449753 0.35 0.449753 0.449753 0.449753 0.449753 0.449753 0.449753 0.350679 0.449753 0.449753 0.4375 0.449753 0.449753 0.449753 0.449753 0.449753 0.449753 0.449753 0.449753 0.449753 0.449753 0.449753 0.449753 0.449753 0.449753 0.449753 0.449753 0.449753 0.449753 0.449753 0.449753 0.449753 0.449753 0.449753 0.449753 0.449753 0.449753 0.449753 0.449753 0.449753 0.449753 0.449753 0.449753 0.449753 0.449753 0.449753 0.449753 0.449753 0.449753 0.449753 0.449753 0.449753 0.449753 0.449753 0.449753 0.449753 0.449753 0.449753 0.449753 0.449753 0.449753 0.449753 0.449753 0.449753 0.449753 0.449753 0.449753 0.449753 0.449753 0.449753 0.449753 0.449753 0.449753 0.449753 0.449753 0.449753 0.449753 0.449753 0.449753 0.449753 0.449753 0.449753 0.449753 0.449753 0.449753 0.449753 0.449753 0.449753 0.449753 0.449753 0.449753 0.449753 0.449753 0.449753 0.449753 0.449753 0.449753 0.449753 0.449753 0.449753 0.449753 0.449753 0.449753 0.449753 0.449753 0.449753 0.449753 0.449753 0.449753 0.449753 0.449753 0.449753 0.449753 0.449753 0.449753 0.449753 0.449753 0.449753 0.449753 0.449753 0.449753 0.449753 0.449753 0.35191 0.449753 0.449753 0.449753 0.449753 0.449753 0.449753 0.449753 0.449753 0.449753 0.426942 0.449753 0.449753 0.449753 0.449753 0.449753 0.449753 0.449753 0.449753 0.449753 0.35 0.449753 0.449753 0.449753 0.449753 0.449753 0.449753 0.449753 0.449753 0.449753 0.437263 0.449753 0.449753 0.449753 0.449753 0.449753 0.449753 0.449753 0.449753 0.449753 0.350176 0.449753 0.449753 0.449753 0.449753 0.449753 0.449753 0.449753 0.449753 0.449753 0.357614 0.449753 0.449753 0.449753 0.449753 0.449753 0.449753 0.449753 0.449753 0.449753 0.377685 0.449753 0.449753 0.449753 0.449753 0.449753 0.449753 0.449753 0.449753 0.449753 0.35 0.449753 0.449753 0.449753 0.449753 0.449753 0.449753 0.449753 0.449753 0.449753 0.350055 0.449753 0.449753 0.449753 0.449753 0.449753 0.449753 0.449753 0.449753 0.449753 0.376125 0.449753 0.449753 0.449753 0.433463 0.449753 0.449753 0.390905 0.449753 0.449753 0.449753 0.449753 0.449753 0.449753 0.350335 0.449753 0.449753 0.413372 0.449753 0.449753 0.449753 0.449753 0.449753 0.449753 0.36669 0.449753 0.449753 0.35012 0.449753 0.449753 0.449753 0.449753 0.449753 0.449753 0.449029 0.449753 0.449753 0.442987 0.449753 0.449753 0.449753 0.449753 0.449753 0.449753 0.350008 0.449753 0.449753 0.447304 0.449753 0.449753 0.449753 0.449753 0.449753 0.449753 0.35 0.449753 0.449753 0.357358 0.449753 0.449753 0.449753 0.449753 0.449753 0.449753 0.449436 0.449753 0.449753 0.446669 0.449753 0.449753 0.449753 0.449753 0.449753 0.449753 0.3598 0.449753 0.449753 0.365571 0.449753 0.449753 0.449753 0.449753 0.449753 0.449753 0.447194 0.449753 0.449753 0.35 0.449753 0.449753 0.449753 0.449753 0.449753 0.449753 0.446223 0.449753 0.449753 0.355112 0.449753 0.449753 0.449753 0.449753 0.449753 0.449753 0.449753 0.449753 0.449753 0.449753 0.449753 0.449753 0.449753 0.449753 0.449753 0.449753 0.449753 0.449753 0.449753 0.449753 0.449753 0.449753 0.449753 0.449753 0.449753 0.449753 0.449753 0.449753 0.449753 0.449753 0.449753 0.449753 0.449753 0.449753 0.449753 0.449753 0.449753 0.449753 0.449753 0.449753 0.449753 0.449753 0.449753 0.449753 0.449753 0.449753 0.449753 0.449753 0.449753 0.449753 0.449753 0.449753 0.449753 0.449753 0.449753 0.449753 0.449753 0.449753 0.449753 0.449753 0.449753 0.449753 0.449753 0.449753 0.449753 0.449753 0.449753 0.449753 0.449753 0.449753 0.449753 0.449753 0.449753 0.449753 0.449753 0.449753 0.449753 0.449753 0.449753 0.449753 0.449753 0.449753 0.449753 0.449753 0.449753 0.449753 0.449753 0.449753 0.449753 0.449753 0.449753 0.449753 0.449753 0.449753 0.449753 0.449753 0.449753 0.449753 0.449753 0.449753 0.449753 0.449753 0.449753 0.449753 0.449753 0.449753 0.449753 0.449753 0.449753 0.449753 0.449753 0.449753 0.366973 0.449753 0.449753 0.449753 0.449753 0.449753 0.449753 0.449753 0.449753 0.449753 0.418368 0.449753 0.449753 0.449753 0.449753 0.449753 0.449753 0.449753 0.449753 0.449753 0.39262 0.449753 0.449753 0.449753 0.449753 0.449753 0.449753 0.449753 0.449753 0.449753 0.384085 0.449753 0.449753 0.449753 0.449753 0.449753 0.449753 0.449753 0.449753 0.449753 0.449644 0.449753 0.449753 0.449753 0.449753 0.449753 0.449753 0.449753 0.449753 0.449753 0.387749 0.449753 0.449753 0.449753 0.449753 0.449753 0.449753 0.449753 0.449753 0.449753 0.350374 0.449753 0.449753 0.449753 0.449753 0.449753 0.449753 0.449753 0.449753 0.449753 0.35 0.449753 0.449753 0.449753 0.449753 0.449753 0.449753 0.449753 0.449753 0.449753 0.443552 0.449753 0.449753 0.449753 0.449753 0.449753 0.449753 0.449753 0.449753 0.449753 0.445033 0.449753 0.449753 0.449753 0.350246 0.449753 0.449753 0.359499 0.449753 0.449753 0.449753 0.449753 0.449753 0.449753 0.392436 0.449753 0.449753 0.350002 0.449753 0.449753 0.449753 0.449753 0.449753 0.449753 0.350143 0.449753 0.449753 0.350018 0.449753 0.449753 0.449753 0.449753 0.449753 0.449753 0.447431 0.449753 0.449753 0.447702 0.449753 0.449753 0.449753 0.449753 0.449753 0.449753 0.35 0.449753 0.449753 0.448287 0.449753 0.449753 0.449753 0.449753 0.449753 0.449753 0.390155 0.449753 0.449753 0.35 0.449753 0.449753 0.449753 0.449753 0.449753 0.449753 0.350779 0.449753 0.449753 0.350143 0.449753 0.449753 0.449753 0.449753 0.449753 0.449753 0.350006 0.449753 0.449753 0.44802 0.449753 0.449753 0.449753 0.449753 0.449753 0.449753 0.447141 0.449753 0.449753 0.35 0.449753 0.449753 0.449753 0.449753 0.449753 0.449753 0.350003 0.449753 0.449753 0.396825 0.449753 0.449753 0.449753 0.449753 0.449753 0.449753 0.449753 0.449753 0.449753 0.449753 0.449753 0.449753 0.449753 0.449753 0.449753 0.449753 0.449753 0.449753 0.449753 0.449753 0.449753 0.449753 0.449753 0.449753 0.449753 0.449753 0.449753 0.449753 0.449753 0.449753 0.449753 0.449753 0.449753 0.449753 0.449753 0.449753 0.449753 0.449753 0.449753 0.449753 0.449753 0.449753 0.449753 0.449753 0.449753 0.449753 0.449753 0.449753 0.449753 0.449753 0.449753 0.449753 0.449753 0.449753 0.449753 0.449753 0.449753 0.449753 0.449753 0.449753 0.449753 0.449753 0.449753 0.449753 0.449753 0.449753 0.449753 0.449753 0.449753 0.449753 0.449753 0.449753 0.449753 0.449753 0.449753 0.449753 0.449753 0.449753 0.449753 0.449753 0.449753 0.449753 0.449753 0.449753 0.449753 0.449753 0.449753 0.449753 0.449753 0.449753 0.449753 0.449753 0.449753 0.449753 0.449753 0.449753 0.449753 0.449753 0.449753 0.449753 0.449753 0.449753 0.449753 0.449753 0.449753 0.449753 0.449753 0.449753 0.449753 0.449753 0.449753 0.449753 0.35 0.449753 0.449753 0.449753 0.449753 0.449753 0.449753 0.449753 0.449753 0.449753 0.35 0.449753 0.449753 0.449753 0.449753 0.449753 0.449753 0.449753 0.449753 0.449753 0.408926 0.449753 0.449753 0.449753 0.449753 0.449753 0.449753 0.449753 0.449753 0.449753 0.35 0.449753 0.449753 0.449753 0.449753 0.449753 0.449753 0.449753 0.449753 0.449753 0.433578 0.449753 0.449753 0.449753 0.449753 0.449753 0.449753 0.449753 0.449753 0.449753 0.449066 0.449753 0.449753 0.449753 0.449753 0.449753 0.449753 0.449753 0.449753 0.449753 0.354545 0.449753 0.449753 0.449753 0.449753 0.449753 0.449753 0.449753 0.449753 0.449753 0.350002 0.449753 0.449753 0.449753 0.449753 0.449753 0.449753 0.449753 0.449753 0.449753 0.35 0.449753 0.449753 0.449753 0.449753 0.449753 0.449753 0.449753 0.449753 0.449753 0.448222 0.449753 0.449753 0.449753 0.449753 0.449753 0.449753 0.449753 0.449753 0.449753 0.387163 0.449753 0.449753 0.449753 0.449753 0.449753 0.449753 0.449753 0.449753 0.449753 0.402121 0.449753 0.449753 0.449753 0.449753 0.449753 0.449753 0.449753 0.449753 0.449753 0.353916 0.449753 0.449753 0.449753 0.449753 0.449753 0.449753 0.449753 0.449753 0.449753 0.407624 0.449753 0.449753 0.449753 0.449753 0.449753 0.449753 0.449753 0.449753 0.449753 0.35 0.449753 0.449753 0.449753 0.449753 0.449753 0.449753 0.449753 0.449753 0.449753 0.35 0.449753 0.449753 0.449753 0.449753 0.449753 0.449753 0.449753 0.449753 0.449753 0.350039 0.449753 0.449753 0.449753 0.449753 0.449753 0.449753 0.449753 0.449753 0.449753 0.43965 0.449753 0.449753 0.449753 0.449753 0.449753 0.449753 0.449753 0.449753 0.449753 0.350002 0.449753 0.449753 0.449753 0.449753 0.449753 0.449753 0.449753 0.449753 0.449753 0.350003 0.449753 0.449753 0.449753 0.41752 0.449753 0.449753 0.442465 0.449753 0.449753 0.449753 0.449753 0.449753 0.449753 0.44957 0.449753 0.449753 0.35 0.449753 0.449753 0.449753 0.449753 0.449753 0.449753 0.350027 0.449753 0.449753 0.35 0.449753 0.449753 0.449753 0.449753 0.449753 0.449753 0.35 0.449753 0.449753 0.35003 0.449753 0.449753 0.449753 0.449753 0.449753 0.449753 0.35 0.449753 0.449753 0.449039 0.449753 0.449753 0.449753 0.449753 0.449753 0.449753 0.418 0.449753 0.449753 0.44774 0.449753 0.449753 0.449753 0.449753 0.449753 0.449753 0.42996 0.449753 0.449753 0.350236 0.449753 0.449753 0.449753 0.449753 0.449753 0.449753 0.449227 0.449753 0.449753 0.35 0.449753 0.449753 0.449753 0.449753 0.449753 0.449753 0.351504 0.449753 0.449753 0.426582 0.449753 0.449753 0.449753 0.449753 0.449753 0.449753 0.448368 0.449753 0.449753 0.438089 0.449753 0.449753 0.449753 0.449753 0.449753 0.449753 0.449753 0.449753 0.449753 0.449753 0.449753 0.449753 0.449753 0.449753 0.449753 0.449753 0.449753 0.449753 0.449753 0.449753 0.449753 0.449753 0.449753 0.449753 0.449753 0.449753 0.449753 0.449753 0.449753 0.449753 0.449753 0.449753 0.449753 0.449753 0.449753 0.449753 0.449753 0.449753 0.449753 0.449753 0.449753 0.449753 0.449753 0.449753 0.449753 0.449753 0.449753 0.449753 0.449753 0.449753 0.449753 0.449753 0.449753 0.449753 0.449753 0.449753 0.449753 0.449753 0.449753 0.449753 0.449753 0.449753 0.449753 0.449753 0.449753 0.449753 0.449753 0.449753 0.449753 0.449753 0.449753 0.449753 0.449753 0.449753 0.449753 0.449753 0.449753 0.449753 0.449753 0.449753 0.449753 0.449753 0.449753 0.449753 0.449753 0.449753 0.449753 0.449753 0.449753 0.449753 0.449753 0.449753 0.449753 0.449753 0.449753 0.449753 0.449753 0.449753 0.449753 0.449753 0.449753 0.449753 0.449753 0.449753 0.449753 0.449753 0.449753 0.449753 0.449753 0.449753 0.449753 0.449753 0.35 0.449753 0.449753 0.449753 0.449753 0.449753 0.449753 0.449753 0.449753 0.449753 0.447826 0.449753 0.449753 0.449753 0.449753 0.449753 0.449753 0.449753 0.449753 0.449753 0.35 0.449753 0.449753 0.449753 0.449753 0.449753 0.449753 0.449753 0.449753 0.449753 0.439574 0.449753 0.449753 0.449753 0.449753 0.449753 0.449753 0.449753 0.449753 0.449753 0.449538 0.449753 0.449753 0.449753 0.449753 0.449753 0.449753 0.449753 0.449753 0.449753 0.436996 0.449753 0.449753 0.449753 0.449753 0.449753 0.449753 0.449753 0.449753 0.449753 0.444844 0.449753 0.449753 0.449753 0.449753 0.449753 0.449753 0.449753 0.449753 0.449753 0.41609 0.449753 0.449753 0.449753 0.449753 0.449753 0.449753 0.449753 0.449753 0.449753 0.353987 0.449753 0.449753 0.449753 0.449753 0.449753 0.449753 0.449753 0.449753 0.449753 0.35 0.449753 0.449753 0.449753 0.35 0.449753 0.449753 0.361911 0.449753 0.449753 0.449753 0.449753 0.449753 0.449753 0.35 0.449753 0.449753 0.35 0.449753 0.449753 0.449753 0.449753 0.449753 0.449753 0.35 0.449753 0.449753 0.448918 0.449753 0.449753 0.449753 0.449753 0.449753 0.449753 0.350802 0.449753 0.449753 0.35 0.449753 0.449753 0.449753 0.449753 0.449753 0.449753 0.35 0.449753 0.449753 0.40464 0.449753 0.449753 0.449753 0.449753 0.449753 0.449753 0.35 0.449753 0.449753 0.400894 0.449753 0.449753 0.449753 0.449753 0.449753 0.449753 0.35 0.449753 0.449753 0.35 0.449753 0.449753 0.449753 0.449753 0.449753 0.449753 0.418103 0.449753 0.449753 0.35 0.449753 0.449753 0.449753 0.449753 0.449753 0.449753 0.370253 0.449753 0.449753 0.35 0.449753 0.449753 0.449753 0.449753 0.449753 0.449753 0.422612 0.449753 0.449753 0.44722 0.449753 0.449753 0.449753 0.449753 0.449753 0.449753 0.449753 0.449753 0.449753 0.449753 0.449753 0.449753 0.449753 0.449753 0.449753 0.449753 0.449753 0.449753 0.449753 0.449753 0.449753 0.449753 0.449753 0.449753 0.449753 0.449753 0.449753 0.449753 0.449753 0.449753 0.449753 0.449753 0.449753 0.449753 0.449753 0.449753 0.449753 0.449753 0.449753 0.449753 0.449753 0.449753 0.449753 0.449753 0.449753 0.449753 0.449753 0.449753 0.449753 0.449753 0.449753 0.449753 0.449753 0.449753 0.449753 0.449753 0.449753 0.449753 0.449753 0.449753 0.449753 0.449753 0.449753 0.449753 0.449753 0.449753 0.449753 0.449753 0.449753 0.449753 0.449753 0.449753 0.449753 0.449753 0.449753 0.449753 0.449753 0.449753 0.449753 0.449753 0.449753 0.449753 0.449753 0.449753 0.449753 0.449753 0.449753 0.449753 0.449753 0.449753 0.449753 0.449753 0.449753 0.449753 0.449753 0.449753 0.449753 0.449753 0.449753 0.449753 0.449753 0.449753 0.449753 0.449753 0.449753 0.449753 0.449753 0.449753 0.449753 0.449753 0.449753 0.449753 0.385909 0.449753 0.449753 0.449753 0.449753 0.449753 0.449753 0.449753 0.449753 0.449753 0.35 0.449753 0.449753 0.449753 0.449753 0.449753 0.449753 0.449753 0.449753 0.449753 0.350005 0.449753 0.449753 0.449753 0.449753 0.449753 0.449753 0.449753 0.449753 0.449753 0.355294 0.449753 0.449753 0.449753 0.449753 0.449753 0.449753 0.449753 0.449753 0.449753 0.350072 0.449753 0.449753 0.449753 0.449753 0.449753 0.449753 0.449753 0.449753 0.449753 0.385261 0.449753 0.449753 0.449753 0.449753 0.449753 0.449753 0.449753 0.449753 0.449753 0.350503 0.449753 0.449753 0.449753 0.449753 0.449753 0.449753 0.449753 0.449753 0.449753 0.35 0.449753 0.449753 0.449753 0.449753 0.449753 0.449753 0.449753 0.449753 0.449753 0.353146 0.449753 0.449753 0.449753 0.449753 0.449753 0.449753 0.449753 0.449753 0.449753 0.352793 0.449753 0.449753 0.449753 0.449501 0.449753 0.449753 0.410309 0.449753 0.449753 0.449753 0.449753 0.449753 0.449753 0.35 0.449753 0.449753 0.35 0.449753 0.449753 0.449753 0.449753 0.449753 0.449753 0.418357 0.449753 0.449753 0.35 0.449753 0.449753 0.449753 0.449753 0.449753 0.449753 0.35 0.449753 0.449753 0.350426 0.449753 0.449753 0.449753 0.449753 0.449753 0.449753 0.35 0.449753 0.449753 0.35009 0.449753 0.449753 0.449753 0.449753 0.449753 0.449753 0.357891 0.449753 0.449753 0.403472 0.449753 0.449753 0.449753 0.449753 0.449753 0.449753 0.35 0.449753 0.449753 0.425772 0.449753 0.449753 0.449753 0.449753 0.449753 0.449753 0.35 0.449753 0.449753 0.448847 0.449753 0.449753 0.449753 0.449753 0.449753 0.449753 0.354179 0.449753 0.449753 0.350003 0.449753 0.449753 0.449753 0.449753 0.449753 0.449753 0.35001 0.449753 0.449753 0.35 0.449753 0.449753 0.449753 0.449753 0.449753 0.449753 0.449753 0.449753 0.449753 0.449753 0.449753 0.449753 0.449753 0.449753 0.449753 0.449753 0.449753 0.449753 0.449753 0.449753 0.449753 0.449753 0.449753 0.449753 0.449753 0.449753 0.449753 0.449753 0.449753 0.449753 0.449753 0.449753 0.449753 0.449753 0.449753 0.449753 0.449753 0.449753 0.449753 0.449753 0.449753 0.449753 0.449753 0.449753 0.449753 0.449753 0.449753 0.449753 0.449753 0.449753 0.449753 0.449753 0.449753 0.449753 0.449753 0.449753 0.449753 0.449753 0.449753 0.449753 0.449753 0.449753 0.449753 0.449753 0.449753 0.449753 0.449753 0.449753 0.449753 0.449753 0.449753 0.449753 0.449753 0.449753 0.449753 0.449753 0.449753 0.449753 0.449753 0.449753 0.449753 0.449753 0.449753 0.449753 0.449753 0.449753 0.449753 0.449753 0.449753 0.449753 0.449753 0.449753 0.449753 0.449753 0.449753 0.449753 0.449753 0.449753 0.449753 0.449753 0.449753 0.449753 0.449753 0.449753 0.449753 0.449753 0.449753 0.449753 0.449753 0.449753 0.449753 0.449753 0.40016 0.449753 0.449753 0.449753 0.449753 0.449753 0.449753 0.449753 0.449753 0.449753 0.353775 0.449753 0.449753 0.449753 0.449753 0.449753 0.449753 0.449753 0.449753 0.449753 0.350139 0.449753 0.449753 0.449753 0.449753 0.449753 0.449753 0.449753 0.449753 0.449753 0.35 0.449753 0.449753 0.449753 0.449753 0.449753 0.449753 0.449753 0.449753 0.449753 0.448092 0.449753 0.449753 0.449753 0.449753 0.449753 0.449753 0.449753 0.449753 0.449753 0.366566 0.449753 0.449753 0.449753 0.449753 0.449753 0.449753 0.449753 0.449753 0.449753 0.359448 0.449753 0.449753 0.449753 0.449753 0.449753 0.449753 0.449753 0.449753 0.449753 0.448982 0.449753 0.449753 0.449753 0.449753 0.449753 0.449753 0.449753 0.449753 0.449753 0.353351 0.449753 0.449753 0.449753 0.449753 0.449753 0.449753 0.449753 0.449753 0.449753 0.35 0.449753 0.449753 0.449753 0.449753 0.449753 0.449753 0.449753 0.449753 0.449753 0.351738 0.449753 0.449753 0.449753 0.449753 0.449753 0.449753 0.449753 0.449753 0.449753 0.35 0.449753 0.449753 0.449753 0.449753 0.449753 0.449753 0.449753 0.449753 0.449753 0.447193 0.449753 0.449753 0.449753 0.449753 0.449753 0.449753 0.449753 0.449753 0.449753 0.35 0.449753 0.449753 0.449753 0.449753 0.449753 0.449753 0.449753 0.449753 0.449753 0.42758 0.449753 0.449753 0.449753 0.449753 0.449753 0.449753 0.449753 0.449753 0.449753 0.350059 0.449753 0.449753 0.449753 0.449753 0.449753 0.449753 0.449753 0.449753 0.449753 0.436683 0.449753 0.449753 0.449753 0.449753 0.449753 0.449753 0.449753 0.449753 0.449753 0.35 0.449753 0.449753 0.449753 0.449753 0.449753 0.449753 0.449753 0.449753 0.449753 0.448957 0.449753 0.449753 0.449753 0.449753 0.449753 0.449753 0.449753 0.449753 0.449753 0.425488 0.449753 0.449753 0.449753 0.356978 0.449753 0.449753 0.350079 0.449753 0.449753 0.449753 0.449753 0.449753 0.449753 0.437688 0.449753 0.449753 0.35 0.449753 0.449753 0.449753 0.449753 0.449753 0.449753 0.392407 0.449753 0.449753 0.35 0.449753 0.449753 0.449753 0.449753 0.449753 0.449753 0.350038 0.449753 0.449753 0.350438 0.449753 0.449753 0.449753 0.449753 0.449753 0.449753 0.449224 0.449753 0.449753 0.35 0.449753 0.449753 0.449753 0.449753 0.449753 0.449753 0.394177 0.449753 0.449753 0.350412 0.449753 0.449753 0.449753 0.449753 0.449753 0.449753 0.350013 0.449753 0.449753 0.35 0.449753 0.449753 0.449753 0.449753 0.449753 0.449753 0.358311 0.449753 0.449753 0.377661 0.449753 0.449753 0.449753 0.449753 0.449753 0.449753 0.350014 0.449753 0.449753 0.350793 0.449753 0.449753 0.449753 0.449753 0.449753 0.449753 0.350004 0.449753 0.449753 0.446295 0.449753 0.449753 0.449753 0.449753 0.449753 0.449753 0.449753 0.449753 0.449753 0.449753 0.449753 0.449753 0.449753 0.449753 0.449753 0.449753 0.449753 0.449753 0.449753 0.449753 0.449753 0.449753 0.449753 0.449753 0.449753 0.449753 0.449753 0.449753 0.449753 0.449753 0.449753 0.449753 0.449753 0.449753 0.449753 0.449753 0.449753 0.449753 0.449753 0.449753 0.449753 0.449753 0.449753 0.449753 0.449753 0.449753 0.449753 0.449753 0.449753 0.449753 0.449753 0.449753 0.449753 0.449753 0.449753 0.449753 0.449753 0.449753 0.449753 0.449753 0.449753 0.449753 0.449753 0.449753 0.449753 0.449753 0.449753 0.449753 0.449753 0.449753 0.449753 0.449753 0.449753 0.449753 0.449753 0.449753 0.449753 0.449753 0.449753 0.449753 0.449753 0.449753 0.449753 0.449753 0.449753 0.449753 0.449753 0.449753 0.449753 0.449753 0.449753 0.449753 0.449753 0.449753 0.449753 0.449753 0.449753 0.449753 0.449753 0.449753 0.449753 0.449753 0.449753 0.449753 0.449753 0.449753 0.449753 0.449753 0.449753 0.449753 0.449753 0.449753 0.429827 0.449753 0.449753 0.449753 0.449753 0.449753 0.449753 0.449753 0.449753 0.449753 0.422895 0.449753 0.449753 0.449753 0.449753 0.449753 0.449753 0.449753 0.449753 0.449753 0.35 0.449753 0.449753 0.449753 0.449753 0.449753 0.449753 0.449753 0.449753 0.449753 0.447604 0.449753 0.449753 0.449753 0.449753 0.449753 0.449753 0.449753 0.449753 0.449753 0.357334 0.449753 0.449753 0.449753 0.449753 0.449753 0.449753 0.449753 0.449753 0.449753 0.350235 0.449753 0.449753 0.449753 0.449753 0.449753 0.449753 0.449753 0.449753 0.449753 0.439891 0.449753 0.449753 0.449753 0.449753 0.449753 0.449753 0.449753 0.449753 0.449753 0.35 0.449753 0.449753 0.449753 0.449753 0.449753 0.449753 0.449753 0.449753 0.449753 0.448698 0.449753 0.449753 0.449753 0.449753 0.449753 0.449753 0.449753 0.449753 0.449753 0.446796 0.449753 0.449753 0.449753 0.366704 0.449753 0.449753 0.43254 0.449753 0.449753 0.449753 0.449753 0.449753 0.449753 0.35 0.449753 0.449753 0.355542 0.449753 0.449753 0.449753 0.449753 0.449753 0.449753 0.350062 0.449753 0.449753 0.35 0.449753 0.449753 0.449753 0.449753 0.449753 0.449753 0.35 0.449753 0.449753 0.370732 0.449753 0.449753 0.449753 0.449753 0.449753 0.449753 0.448228 0.449753 0.449753 0.350001 0.449753 0.449753 0.449753 0.449753 0.449753 0.449753 0.436818 0.449753 0.449753 0.356288 0.449753 0.449753 0.449753 0.449753 0.449753 0.449753 0.435969 0.449753 0.449753 0.394143 0.449753 0.449753 0.449753 0.449753 0.449753 0.449753 0.443435 0.449753 0.449753 0.41224 0.449753 0.449753 0.449753 0.449753 0.449753 0.449753 0.35 0.449753 0.449753 0.429435 0.449753 0.449753 0.449753 0.449753 0.449753 0.449753 0.350087 0.449753 0.449753 0.35 0.449753 0.449753 0.449753 0.449753 0.449753 0.449753 0.449753 0.449753 0.449753 0.449753 0.449753 0.449753 0.449753 0.449753 0.449753 0.449753 0.449753 0.449753 0.449753 0.449753 0.449753 0.449753 0.449753 0.449753 0.449753 0.449753 0.449753 0.449753 0.449753 0.449753 0.449753 0.449753 0.449753 0.449753 0.449753 0.449753 0.449753 0.449753 0.449753 0.449753 0.449753 0.449753 0.449753 0.449753 0.449753 0.449753 0.449753 0.449753 0.449753 0.449753 0.449753 0.449753 0.449753 0.449753 0.449753 0.449753 0.449753 0.449753 0.449753 0.449753 0.449753 0.449753 0.449753 0.449753 0.449753 0.449753 0.449753 0.449753 0.449753 0.449753 0.449753 0.449753 0.449753 0.449753 0.449753 0.449753 0.449753 0.449753 0.449753 0.449753 0.449753 0.449753 0.449753 0.449753 0.449753 0.449753 0.449753 0.449753 0.449753 0.449753 0.449753 0.449753 0.449753 0.449753 0.449753 0.449753 0.449753 0.449753 0.449753 0.449753 0.449753 0.449753 0.449753 0.449753 0.449753 0.449753 0.449753 0.449753 0.449753 0.449753 0.449753 0.449753 0.449056 0.449753 0.449753 0.449753 0.449753 0.449753 0.449753 0.449753 0.449753 0.449753 0.423221 0.449753 0.449753 0.449753 0.449753 0.449753 0.449753 0.449753 0.449753 0.449753 0.350275 0.449753 0.449753 0.449753 0.449753 0.449753 0.449753 0.449753 0.449753 0.449753 0.350604 0.449753 0.449753 0.449753 0.449753 0.449753 0.449753 0.449753 0.449753 0.449753 0.350003 0.449753 0.449753 0.449753 0.449753 0.449753 0.449753 0.449753 0.449753 0.449753 0.350284 0.449753 0.449753 0.449753 0.449753 0.449753 0.449753 0.449753 0.449753 0.449753 0.414696 0.449753 0.449753 0.449753 0.449753 0.449753 0.449753 0.449753 0.449753 0.449753 0.440379 0.449753 0.449753 0.449753 0.449753 0.449753 0.449753 0.449753 0.449753 0.449753 0.350022 0.449753 0.449753 0.449753 0.449753 0.449753 0.449753 0.449753 0.449753 0.449753 0.35 0.449753 0.449753 0.449753 0.35 0.449753 0.449753 0.447869 0.449753 0.449753 0.449753 0.449753 0.449753 0.449753 0.351502 0.449753 0.449753 0.449554 0.449753 0.449753 0.449753 0.449753 0.449753 0.449753 0.35 0.449753 0.449753 0.441407 0.449753 0.449753 0.449753 0.449753 0.449753 0.449753 0.35 0.449753 0.449753 0.44908 0.449753 0.449753 0.449753 0.449753 0.449753 0.449753 0.389179 0.449753 0.449753 0.350016 0.449753 0.449753 0.449753 0.449753 0.449753 0.449753 0.412916 0.449753 0.449753 0.35 0.449753 0.449753 0.449753 0.449753 0.449753 0.449753 0.350037 0.449753 0.449753 0.35 0.449753 0.449753 0.449753 0.449753 0.449753 0.449753 0.350982 0.449753 0.449753 0.448609 0.449753 0.449753 0.449753 0.449753 0.449753 0.449753 0.35044 0.449753 0.449753 0.35 0.449753 0.449753 0.449753 0.449753 0.449753 0.449753 0.350005 0.449753 0.449753 0.35 0.449753 0.449753 0.449753 0.449753 0.449753 0.449753 0.449753 0.449753 0.449753 0.449753 0.449753 0.449753 0.449753 0.449753 0.449753 0.449753 0.449753 0.449753 0.449753 0.449753 0.449753 0.449753 0.449753 0.449753 0.449753 0.449753 0.449753 0.449753 0.449753 0.449753 0.449753 0.449753 0.449753 0.449753 0.449753 0.449753 0.449753 0.449753 0.449753 0.449753 0.449753 0.449753 0.449753 0.449753 0.449753 0.449753 0.449753 0.449753 0.449753 0.449753 0.449753 0.449753 0.449753 0.449753 0.449753 0.449753 0.449753 0.449753 0.449753 0.449753 0.449753 0.449753 0.449753 0.449753 0.449753 0.449753 0.449753 0.449753 0.449753 0.449753 0.449753 0.449753 0.449753 0.449753 0.449753 0.449753 0.449753 0.449753 0.449753 0.449753 0.449753 0.449753 0.449753 0.449753 0.449753 0.449753 0.449753 0.449753 0.449753 0.449753 0.449753 0.449753 0.449753 0.449753 0.449753 0.449753 0.449753 0.449753 0.449753 0.449753 0.449753 0.449753 0.449753 0.449753 0.449753 0.449753 0.449753 0.449753 0.449753 0.449753 0.449753 0.449753 0.442188 0.449753 0.449753 0.449753 0.449753 0.449753 0.449753 0.449753 0.449753 0.449753 0.362262 0.449753 0.449753 0.449753 0.449753 0.449753 0.449753 0.449753 0.449753 0.449753 0.449466 0.449753 0.449753 0.449753 0.449753 0.449753 0.449753 0.449753 0.449753 0.449753 0.422753 0.449753 0.449753 0.449753 0.449753 0.449753 0.449753 0.449753 0.449753 0.449753 0.35 0.449753 0.449753 0.449753 0.449753 0.449753 0.449753 0.449753 0.449753 0.449753 0.350001 0.449753 0.449753 0.449753 0.449753 0.449753 0.449753 0.449753 0.449753 0.449753 0.350018 0.449753 0.449753 0.449753 0.449753 0.449753 0.449753 0.449753 0.449753 0.449753 0.35 0.449753 0.449753 0.449753 0.449753 0.449753 0.449753 0.449753 0.449753 0.449753 0.350179 0.449753 0.449753 0.449753 0.449753 0.449753 0.449753 0.449753 0.449753 0.449753 0.448319 0.449753 0.449753 
0.459703 0.459703 0.459703 0.459703 0.459703 0.459703 0.459703 0.405862 0.459703 0.459703 0.459703 0.459703 0.459703 0.459703 0.459703 0.459703 0.459703 0.34 0.459703 0.459703 0.459703 0.459703 0.459703 0.459703 0.459703 0.459703 0.459703 0.340003 0.459703 0.459703 0.459703 0.459703 0.459703 0.459703 0.459703 0.459703 0.459703 0.459287 0.459703 0.459703 0.459703 0.459703 0.459703 0.459703 0.459703 0.459703 0.459703 0.340258 0.459703 0.459703 0.459703 0.459703 0.459703 0.459703 0.459703 0.459703 0.459703 0.340022 0.459703 0.459703 0.459703 0.459703 0.459703 0.459703 0.459703 0.459703 0.459703 0.340051 0.459703 0.459703 0.459703 0.459703 0.459703 0.459703 0.459703 0.459703 0.459703 0.458961 0.459703 0.459703 0.459703 0.459703 0.459703 0.459703 0.459703 0.459703 0.459703 0.456367 0.459703 0.459703 0.459703 0.459703 0.459703 0.459703 0.459703 0.459703 0.459703 0.340043 0.459703 0.459703 0.459703 0.43103 0.459703 0.459703 0.34 0.459703 0.459703 0.459703 0.459703 0.459703 0.459703 0.394659 0.459703 0.459703 0.369599 0.459703 0.459703 0.459703 0.459703 0.459703 0.459703 0.34022 0.459703 0.459703 0.340002 0.459703 0.459703 0.459703 0.459703 0.459703 0.459703 0.455109 0.459703 0.459703 0.34 0.459703 0.459703 0.459703 0.459703 0.459703 0.459703 0.453512 0.459703 0.459703 0.353198 0.459703 0.459703 0.459703 0.459703 0.459703 0.459703 0.453904 0.459703 0.459703 0.340034 0.459703 0.459703 0.459703 0.459703 0.459703 0.459703 0.340538 0.459703 0.459703 0.340162 0.459703 0.459703 0.459703 0.459703 0.459703 0.459703 0.345821 0.459703 0.459703 0.34 0.459703 0.459703 0.459703 0.459703 0.459703 0.459703 0.459183 0.459703 0.459703 0.45493 0.459703 0.459703 0.459703 0.459703 0.459703 0.459703 0.34 0.459703 0.459703 0.340001 0.459703 0.459703 0.459703 0.459703 0.459703 0.459703 0.459703 0.459703 0.459703 0.459703 0.459703 0.459703 0.459703 0.459703 0.459703 0.459703 0.459703 0.459703 0.459703 0.459703 0.459703 0.459703 0.459703 0.459703 0.459703 0.459703 0.459703 0.459703 0.459703 0.459703 0.459703 0.459703 0.459703 0.459703 0.459703 0.459703 0.459703 0.459703 0.459703 0.459703 0.459703 0.459703 0.459703 0.459703 0.459703 0.459703 0.459703 0.459703 0.459703 0.459703 0.459703 0.459703 0.459703 0.459703 0.459703 0.459703 0.459703 0.459703 0.459703 0.459703 0.459703 0.459703 0.459703 0.459703 0.459703 0.459703 0.459703 0.459703 0.459703 0.459703 0.459703 0.459703 0.459703 0.459703 0.459703 0.459703 0.459703 0.459703 0.459703 0.459703 0.459703 0.459703 0.459703 0.459703 0.459703 0.459703 0.459703 0.459703 0.459703 0.459703 0.459703 0.459703 0.459703 0.459703 0.459703 0.459703 0.459703 0.459703 0.459703 0.459703 0.459703 0.459703 0.459703 0.459703 0.459703 0.459703 0.459703 0.459703 0.459703 0.459703 0.459703 0.459703 0.34 0.459703 0.459703 0.459703 0.459703 0.459703 0.459703 0.459703 0.459703 0.459703 0.445044 0.459703 0.459703 0.459703 0.459703 0.459703 0.459703 0.459703 0.459703 0.459703 0.34 0.459703 0.459703 0.459703 0.459703 0.459703 0.459703 0.459703 0.459703 0.459703 0.34 0.459703 0.459703 0.459703 0.459703 0.459703 0.459703 0.459703 0.459703 0.459703 0.454908 0.459703 0.459703 0.459703 0.459703 0.459703 0.459703 0.459703 0.459703 0.459703 0.368392 0.459703 0.459703 0.459703 0.459703 0.459703 0.459703 0.459703 0.459703 0.459703 0.34 0.459703 0.459703 0.459703 0.459703 0.459703 0.459703 0.459703 0.459703 0.459703 0.359379 0.459703 0.459703 0.459703 0.459703 0.459703 0.459703 0.459703 0.459703 0.459703 0.459582 0.459703 0.459703 0.459703 0.459703 0.459703 0.459703 0.459703 0.459703 0.459703 0.458721 0.459703 0.459703 0.459703 0.389804 0.459703 0.459703 0.37955 0.459703 0.459703 0.459703 0.459703 0.459703 0.459703 0.34 0.459703 0.459703 0.340041 0.459703 0.459703 0.459703 0.459703 0.459703 0.459703 0.351314 0.459703 0.459703 0.427202 0.459703 0.459703 0.459703 0.459703 0.459703 0.459703 0.340851 0.459703 0.459703 0.389992 0.459703 0.459703 0.459703 0.459703 0.459703 0.459703 0.34 0.459703 0.459703 0.422002 0.459703 0.459703 0.459703 0.459703 0.459703 0.459703 0.457123 0.459703 0.459703 0.453658 0.459703 0.459703 0.459703 0.459703 0.459703 0.459703 0.34 0.459703 0.459703 0.340049 0.459703 0.459703 0.459703 0.459703 0.459703 0.459703 0.34 0.459703 0.459703 0.34 0.459703 0.459703 0.459703 0.459703 0.459703 0.459703 0.434858 0.459703 0.459703 0.404471 0.459703 0.459703 0.459703 0.459703 0.459703 0.459703 0.34 0.459703 0.459703 0.340016 0.459703 0.459703 0.459703 0.459703 0.459703 0.459703 0.459703 0.459703 0.459703 0.459703 0.459703 0.459703 0.459703 0.459703 0.459703 0.459703 0.459703 0.459703 0.459703 0.459703 0.459703 0.459703 0.459703 0.459703 0.459703 0.459703 0.459703 0.459703 0.459703 0.459703 0.459703 0.459703 0.459703 0.459703 0.459703 0.459703 0.459703 0.459703 0.459703 0.459703 0.459703 0.459703 0.459703 0.459703 0.459703 0.459703 0.459703 0.459703 0.459703 0.459703 0.459703 0.459703 0.459703 0.459703 0.459703 0.459703 0.459703 0.459703 0.459703 0.459703 0.459703 0.459703 0.459703 0.459703 0.459703 0.459703 0.459703 0.459703 0.459703 0.459703 0.459703 0.459703 0.459703 0.459703 0.459703 0.459703 0.459703 0.459703 0.459703 0.459703 0.459703 0.459703 0.459703 0.459703 0.459703 0.459703 0.459703 0.459703 0.459703 0.459703 0.459703 0.459703 0.459703 0.459703 0.459703 0.459703 0.459703 0.459703 0.459703 0.459703 0.459703 0.459703 0.459703 0.459703 0.459703 0.459703 0.459703 0.459703 0.459703 0.459703 0.459703 0.459703 0.340016 0.459703 0.459703 0.459703 0.459703 0.459703 0.459703 0.459703 0.459703 0.459703 0.34 0.459703 0.459703 0.459703 0.459703 0.459703 0.459703 0.459703 0.459703 0.459703 0.34 0.459703 0.459703 0.459703 0.459703 0.459703 0.459703 0.459703 0.459703 0.459703 0.340055 0.459703 0.459703 0.459703 0.459703 0.459703 0.459703 0.459703 0.459703 0.459703 0.43874 0.459703 0.459703 0.459703 0.459703 0.459703 0.459703 0.459703 0.459703 0.459703 0.45937 0.459703 0.459703 0.459703 0.459703 0.459703 0.459703 0.459703 0.459703 0.459703 0.341244 0.459703 0.459703 0.459703 0.459703 0.459703 0.459703 0.459703 0.459703 0.459703 0.425548 0.459703 0.459703 0.459703 0.459703 0.459703 0.459703 0.459703 0.459703 0.459703 0.34 0.459703 0.459703 0.459703 0.459703 0.459703 0.459703 0.459703 0.459703 0.459703 0.340391 0.459703 0.459703 0.459703 0.34 0.459703 0.459703 0.341578 0.459703 0.459703 0.459703 0.459703 0.459703 0.459703 0.347962 0.459703 0.459703 0.340041 0.459703 0.459703 0.459703 0.459703 0.459703 0.459703 0.451428 0.459703 0.459703 0.433735 0.459703 0.459703 0.459703 0.459703 0.459703 0.459703 0.439434 0.459703 0.459703 0.457999 0.459703 0.459703 0.459703 0.459703 0.459703 0.459703 0.40473 0.459703 0.459703 0.34 0.459703 0.459703 0.459703 0.459703 0.459703 0.459703 0.34 0.459703 0.459703 0.344088 0.459703 0.459703 0.459703 0.459703 0.459703 0.459703 0.340457 0.459703 0.459703 0.34 0.459703 0.459703 0.459703 0.459703 0.459703 0.459703 0.459099 0.459703 0.459703 0.340119 0.459703 0.459703 0.459703 0.459703 0.459703 0.459703 0.34 0.459703 0.459703 0.34 0.459703 0.459703 0.459703 0.459703 0.459703 0.459703 0.34 0.459703 0.459703 0.428059 0.459703 0.459703 0.459703 0.459703 0.459703 0.459703 0.459703 0.459703 0.459703 0.459703 0.459703 0.459703 0.459703 0.459703 0.459703 0.459703 0.459703 0.459703 0.459703 0.459703 0.459703 0.459703 0.459703 0.459703 0.459703 0.459703 0.459703 0.459703 0.459703 0.459703 0.459703 0.459703 0.459703 0.459703 0.459703 0.459703 0.459703 0.459703 0.459703 0.459703 0.459703 0.459703 0.459703 0.459703 0.459703 0.459703 0.459703 0.459703 0.459703 0.459703 0.459703 0.459703 0.459703 0.459703 0.459703 0.459703 0.459703 0.459703 0.459703 0.459703 0.459703 0.459703 0.459703 0.459703 0.459703 0.459703 0.459703 0.459703 0.459703 0.459703 0.459703 0.459703 0.459703 0.459703 0.459703 0.459703 0.459703 0.459703 0.459703 0.459703 0.459703 0.459703 0.459703 0.459703 0.459703 0.459703 0.459703 0.459703 0.459703 0.459703 0.459703 0.459703 0.459703 0.459703 0.459703 0.459703 0.459703 0.459703 0.459703 0.459703 0.459703 0.459703 0.459703 0.459703 0.459703 0.459703 0.459703 0.459703 0.459703 0.459703 0.459703 0.459703 0.444147 0.459703 0.459703 0.459703 0.459703 0.459703 0.459703 0.459703 0.459703 0.459703 0.440004 0.459703 0.459703 0.459703 0.459703 0.459703 0.459703 0.459703 0.459703 0.459703 0.34 0.459703 0.459703 0.459703 0.459703 0.459703 0.459703 0.459703 0.459703 0.459703 0.34308 0.459703 0.459703 0.459703 0.459703 0.459703 0.459703 0.459703 0.459703 0.459703 0.434433 0.459703 0.459703 0.459703 0.459703 0.459703 0.459703 0.459703 0.459703 0.459703 0.452452 0.459703 0.459703 0.459703 0.459703 0.459703 0.459703 0.459703 0.459703 0.459703 0.402324 0.459703 0.459703 0.459703 0.459703 0.459703 0.459703 0.459703 0.459703 0.459703 0.455066 0.459703 0.459703 0.459703 0.459703 0.459703 0.459703 0.459703 0.459703 0.459703 0.34 0.459703 0.459703 0.459703 0.459703 0.459703 0.459703 0.459703 0.459703 0.459703 0.455738 0.459703 0.459703 0.459703 0.459703 0.459703 0.459703 0.459703 0.459703 0.459703 0.345773 0.459703 0.459703 0.459703 0.459703 0.459703 0.459703 0.459703 0.459703 0.459703 0.34 0.459703 0.459703 0.459703 0.459703 0.459703 0.459703 0.459703 0.459703 0.459703 0.340001 0.459703 0.459703 0.459703 0.459703 0.459703 0.459703 0.459703 0.459703 0.459703 0.34 0.459703 0.459703 0.459703 0.459703 0.459703 0.459703 0.459703 0.459703 0.459703 0.34 0.459703 0.459703 0.459703 0.459703 0.459703 0.459703 0.459703 0.459703 0.459703 0.43505 0.459703 0.459703 0.459703 0.459703 0.459703 0.459703 0.459703 0.459703 0.459703 0.388684 0.459703 0.459703 0.459703 0.459703 0.459703 0.459703 0.459703 0.459703 0.459703 0.34 0.459703 0.459703 0.459703 0.459703 0.459703 0.459703 0.459703 0.459703 0.459703 0.34 0.459703 0.459703 0.459703 0.459703 0.459703 0.459703 0.459703 0.459703 0.459703 0.340118 0.459703 0.459703 0.459703 0.34 0.459703 0.459703 0.358087 0.459703 0.459703 0.459703 0.459703 0.459703 0.459703 0.344025 0.459703 0.459703 0.341105 0.459703 0.459703 0.459703 0.459703 0.459703 0.459703 0.340003 0.459703 0.459703 0.340005 0.459703 0.459703 0.459703 0.459703 0.459703 0.459703 0.34 0.459703 0.459703 0.34 0.459703 0.459703 0.459703 0.459703 0.459703 0.459703 0.340283 0.459703 0.459703 0.346271 0.459703 0.459703 0.459703 0.459703 0.459703 0.459703 0.34 0.459703 0.459703 0.34 0.459703 0.459703 0.459703 0.459703 0.459703 0.459703 0.34 0.459703 0.459703 0.34 0.459703 0.459703 0.459703 0.459703 0.459703 0.459703 0.34 0.459703 0.459703 0.34 0.459703 0.459703 0.459703 0.459703 0.459703 0.459703 0.458562 0.459703 0.459703 0.340351 0.459703 0.459703 0.459703 0.459703 0.459703 0.459703 0.340021 0.459703 0.459703 0.340205 0.459703 0.459703 0.459703 0.459703 0.459703 0.459703 0.459703 0.459703 0.459703 0.459703 0.459703 0.459703 0.459703 0.459703 0.459703 0.459703 0.459703 0.459703 0.459703 0.459703 0.459703 0.459703 0.459703 0.459703 0.459703 0.459703 0.459703 0.459703 0.459703 0.459703 0.459703 0.459703 0.459703 0.459703 0.459703 0.459703 0.459703 0.459703 0.459703 0.459703 0.459703 0.459703 0.459703 0.459703 0.459703 0.459703 0.459703 0.459703 0.459703 0.459703 0.459703 0.459703 0.459703 0.459703 0.459703 0.459703 0.459703 0.459703 0.459703 0.459703 0.459703 0.459703 0.459703 0.459703 0.459703 0.459703 0.459703 0.459703 0.459703 0.459703 0.459703 0.459703 0.459703 0.459703 0.459703 0.459703 0.459703 0.459703 0.459703 0.459703 0.459703 0.459703 0.459703 0.459703 0.459703 0.459703 0.459703 0.459703 0.459703 0.459703 0.459703 0.459703 0.459703 0.459703 0.459703 0.459703 0.459703 0.459703 0.459703 0.459703 0.459703 0.459703 0.459703 0.459703 0.459703 0.459703 0.459703 0.459703 0.459703 0.459703 0.459703 0.459703 0.34 0.459703 0.459703 0.459703 0.459703 0.459703 0.459703 0.459703 0.459703 0.459703 0.44396 0.459703 0.459703 0.459703 0.459703 0.459703 0.459703 0.459703 0.459703 0.459703 0.34 0.459703 0.459703 0.459703 0.459703 0.459703 0.459703 0.459703 0.459703 0.459703 0.450604 0.459703 0.459703 0.459703 0.459703 0.459703 0.459703 0.459703 0.459703 0.459703 0.340004 0.459703 0.459703 0.459703 0.459703 0.459703 0.459703 0.459703 0.459703 0.459703 0.34 0.459703 0.459703 0.459703 0.459703 0.459703 0.459703 0.459703 0.459703 0.459703 0.361117 0.459703 0.459703 0.459703 0.459703 0.459703 0.459703 0.459703 0.459703 0.459703 0.451595 0.459703 0.459703 0.459703 0.459703 0.459703 0.459703 0.459703 0.459703 0.459703 0.349304 0.459703 0.459703 0.459703 0.459703 0.459703 0.459703 0.459703 0.459703 0.459703 0.340857 0.459703 0.459703 0.459703 0.34 0.459703 0.459703 0.451055 0.459703 0.459703 0.459703 0.459703 0.459703 0.459703 0.34526 0.459703 0.459703 0.459368 0.459703 0.459703 0.459703 0.459703 0.459703 0.459703 0.340065 0.459703 0.459703 0.34 0.459703 0.459703 0.459703 0.459703 0.459703 0.459703 0.34 0.459703 0.459703 0.34 0.459703 0.459703 0.459703 0.459703 0.459703 0.459703 0.34 0.459703 0.459703 0.340004 0.459703 0.459703 0.459703 0.459703 0.459703 0.459703 0.34 0.459703 0.459703 0.34 0.459703 0.459703 0.459703 0.459703 0.459703 0.459703 0.34 0.459703 0.459703 0.433534 0.459703 0.459703 0.459703 0.459703 0.459703 0.459703 0.34 0.459703 0.459703 0.410103 0.459703 0.459703 0.459703 0.459703 0.459703 0.459703 0.456799 0.459703 0.459703 0.34 0.459703 0.459703 0.459703 0.459703 0.459703 0.459703 0.458106 0.459703 0.459703 0.34 0.459703 0.459703 0.459703 0.459703 0.459703 0.459703 0.459703 0.459703 0.459703 0.459703 0.459703 0.459703 0.459703 0.459703 0.459703 0.459703 0.459703 0.459703 0.459703 0.459703 0.459703 0.459703 0.459703 0.459703 0.459703 0.459703 0.459703 0.459703 0.459703 0.459703 0.459703 0.459703 0.459703 0.459703 0.459703 0.459703 0.459703 0.459703 0.459703 0.459703 0.459703 0.459703 0.459703 0.459703 0.459703 0.459703 0.459703 0.459703 0.459703 0.459703 0.459703 0.459703 0.459703 0.459703 0.459703 0.459703 0.459703 0.459703 0.459703 0.459703 0.459703 0.459703 0.459703 0.459703 0.459703 0.459703 0.459703 0.459703 0.459703 0.459703 0.459703 0.459703 0.459703 0.459703 0.459703 0.459703 0.459703 0.459703 0.459703 0.459703 0.459703 0.459703 0.459703 0.459703 0.459703 0.459703 0.459703 0.459703 0.459703 0.459703 0.459703 0.459703 0.459703 0.459703 0.459703 0.459703 0.459703 0.459703 0.459703 0.459703 0.459703 0.459703 0.459703 0.459703 0.459703 0.459703 0.459703 0.459703 0.459703 0.459703 0.459703 0.459703 0.34 0.459703 0.459703 0.459703 0.459703 0.459703 0.459703 0.459703 0.459703 0.459703 0.459176 0.459703 0.459703 0.459703 0.459703 0.459703 0.459703 0.459703 0.459703 0.459703 0.340006 0.459703 0.459703 0.459703 0.459703 0.459703 0.459703 0.459703 0.459703 0.459703 0.34 0.459703 0.459703 0.459703 0.459703 0.459703 0.459703 0.459703 0.459703 0.459703 0.451154 0.459703 0.459703 0.459703 0.459703 0.459703 0.459703 0.459703 0.459703 0.459703 0.34 0.459703 0.459703 0.459703 0.459703 0.459703 0.459703 0.459703 0.459703 0.459703 0.34 0.459703 0.459703 0.459703 0.459703 0.459703 0.459703 0.459703 0.459703 0.459703 0.443408 0.459703 0.459703 0.459703 0.459703 0.459703 0.459703 0.459703 0.459703 0.459703 0.34 0.459703 0.459703 0.459703 0.459703 0.459703 0.459703 0.459703 0.459703 0.459703 0.340054 0.459703 0.459703 0.459703 0.34 0.459703 0.459703 0.34077 0.459703 0.459703 0.459703 0.459703 0.459703 0.459703 0.34002 0.459703 0.459703 0.340003 0.459703 0.459703 0.459703 0.459703 0.459703 0.459703 0.34 0.459703 0.459703 0.34 0.459703 0.459703 0.459703 0.459703 0.459703 0.459703 0.40642 0.459703 0.459703 0.34 0.459703 0.459703 0.459703 0.459703 0.459703 0.459703 0.458095 0.459703 0.459703 0.348019 0.459703 0.459703 0.459703 0.459703 0.459703 0.459703 0.342196 0.459703 0.459703 0.34 0.459703 0.459703 0.459703 0.459703 0.459703 0.459703 0.459252 0.459703 0.459703 0.452335 0.459703 0.459703 0.459703 0.459703 0.459703 0.459703 0.340001 0.459703 0.459703 0.44397 0.459703 0.459703 0.459703 0.459703 0.459703 0.459703 0.445566 0.459703 0.459703 0.417416 0.459703 0.459703 0.459703 0.459703 0.459703 0.459703 0.34 0.459703 0.459703 0.457648 0.459703 0.459703 0.459703 0.459703 0.459703 0.459703 0.459703 0.459703 0.459703 0.459703 0.459703 0.459703 0.459703 0.459703 0.459703 0.459703 0.459703 0.459703 0.459703 0.459703 0.459703 0.459703 0.459703 0.459703 0.459703 0.459703 0.459703 0.459703 0.459703 0.459703 0.459703 0.459703 0.459703 0.459703 0.459703 0.459703 0.459703 0.459703 0.459703 0.459703 0.459703 0.459703 0.459703 0.459703 0.459703 0.459703 0.459703 0.459703 0.459703 0.459703 0.459703 0.459703 0.459703 0.459703 0.459703 0.459703 0.459703 0.459703 0.459703 0.459703 0.459703 0.459703 0.459703 0.459703 0.459703 0.459703 0.459703 0.459703 0.459703 0.459703 0.459703 0.459703 0.459703 0.459703 0.459703 0.459703 0.459703 0.459703 0.459703 0.459703 0.459703 0.459703 0.459703 0.459703 0.459703 0.459703 0.459703 0.459703 0.459703 0.459703 0.459703 0.459703 0.459703 0.459703 0.459703 0.459703 0.459703 0.459703 0.459703 0.459703 0.459703 0.459703 0.459703 0.459703 0.459703 0.459703 0.459703 0.459703 0.459703 0.459703 0.459703 0.459703 0.456121 0.459703 0.459703 0.459703 0.459703 0.459703 0.459703 0.459703 0.459703 0.459703 0.451244 0.459703 0.459703 0.459703 0.459703 0.459703 0.459703 0.459703 0.459703 0.459703 0.341237 0.459703 0.459703 0.459703 0.459703 0.459703 0.459703 0.459703 0.459703 0.459703 0.34 0.459703 0.459703 0.459703 0.459703 0.459703 0.459703 0.459703 0.459703 0.459703 0.340081 0.459703 0.459703 0.459703 0.459703 0.459703 0.459703 0.459703 0.459703 0.459703 0.34 0.459703 0.459703 0.459703 0.459703 0.459703 0.459703 0.459703 0.459703 0.459703 0.451619 0.459703 0.459703 0.459703 0.459703 0.459703 0.459703 0.459703 0.459703 0.459703 0.450353 0.459703 0.459703 0.459703 0.459703 0.459703 0.459703 0.459703 0.459703 0.459703 0.34 0.459703 0.459703 0.459703 0.459703 0.459703 0.459703 0.459703 0.459703 0.459703 0.340202 0.459703 0.459703 0.459703 0.459703 0.459703 0.459703 0.459703 0.459703 0.459703 0.340001 0.459703 0.459703 0.459703 0.459703 0.459703 0.459703 0.459703 0.459703 0.459703 0.43831 0.459703 0.459703 0.459703 0.459703 0.459703 0.459703 0.459703 0.459703 0.459703 0.440549 0.459703 0.459703 0.459703 0.459703 0.459703 0.459703 0.459703 0.459703 0.459703 0.340004 0.459703 0.459703 0.459703 0.459703 0.459703 0.459703 0.459703 0.459703 0.459703 0.361127 0.459703 0.459703 0.459703 0.459703 0.459703 0.459703 0.459703 0.459703 0.459703 0.459242 0.459703 0.459703 0.459703 0.459703 0.459703 0.459703 0.459703 0.459703 0.459703 0.34 0.459703 0.459703 0.459703 0.459703 0.459703 0.459703 0.459703 0.459703 0.459703 0.340009 0.459703 0.459703 0.459703 0.459703 0.459703 0.459703 0.459703 0.459703 0.459703 0.340001 0.459703 0.459703 0.459703 0.459703 0.459703 0.459703 0.459703 0.459703 0.459703 0.340113 0.459703 0.459703 0.459703 0.341719 0.459703 0.459703 0.452851 0.459703 0.459703 0.459703 0.459703 0.459703 0.459703 0.459141 0.459703 0.459703 0.34 0.459703 0.459703 0.459703 0.459703 0.459703 0.459703 0.341019 0.459703 0.459703 0.38103 0.459703 0.459703 0.459703 0.459703 0.459703 0.459703 0.342128 0.459703 0.459703 0.34 0.459703 0.459703 0.459703 0.459703 0.459703 0.459703 0.422803 0.459703 0.459703 0.340012 0.459703 0.459703 0.459703 0.459703 0.459703 0.459703 0.340001 0.459703 0.459703 0.34 0.459703 0.459703 0.459703 0.459703 0.459703 0.459703 0.340001 0.459703 0.459703 0.34709 0.459703 0.459703 0.459703 0.459703 0.459703 0.459703 0.340744 0.459703 0.459703 0.453887 0.459703 0.459703 0.459703 0.459703 0.459703 0.459703 0.34 0.459703 0.459703 0.443576 0.459703 0.459703 0.459703 0.459703 0.459703 0.459703 0.340013 0.459703 0.459703 0.341551 0.459703 0.459703 0.459703 0.459703 0.459703 0.459703 0.459703 0.459703 0.459703 0.459703 0.459703 0.459703 0.459703 0.459703 0.459703 0.459703 0.459703 0.459703 0.459703 0.459703 0.459703 0.459703 0.459703 0.459703 0.459703 0.459703 0.459703 0.459703 0.459703 0.459703 0.459703 0.459703 0.459703 0.459703 0.459703 0.459703 0.459703 0.459703 0.459703 0.459703 0.459703 0.459703 0.459703 0.459703 0.459703 0.459703 0.459703 0.459703 0.459703 0.459703 0.459703 0.459703 0.459703 0.459703 0.459703 0.459703 0.459703 0.459703 0.459703 0.459703 0.459703 0.459703 0.459703 0.459703 0.459703 0.459703 0.459703 0.459703 0.459703 0.459703 0.459703 0.459703 0.459703 0.459703 0.459703 0.459703 0.459703 0.459703 0.459703 0.459703 0.459703 0.459703 0.459703 0.459703 0.459703 0.459703 0.459703 0.459703 0.459703 0.459703 0.459703 0.459703 0.459703 0.459703 0.459703 0.459703 0.459703 0.459703 0.459703 0.459703 0.459703 0.459703 0.459703 0.459703 0.459703 0.459703 0.459703 0.459703 0.459703 0.459703 0.459703 0.459703 0.340059 0.459703 0.459703 0.459703 0.459703 0.459703 0.459703 0.459703 0.459703 0.459703 0.450292 0.459703 0.459703 0.459703 0.459703 0.459703 0.459703 0.459703 0.459703 0.459703 0.355597 0.459703 0.459703 0.459703 0.459703 0.459703 0.459703 0.459703 0.459703 0.459703 0.340118 0.459703 0.459703 0.459703 0.459703 0.459703 0.459703 0.459703 0.459703 0.459703 0.385926 0.459703 0.459703 0.459703 0.459703 0.459703 0.459703 0.459703 0.459703 0.459703 0.459051 0.459703 0.459703 0.459703 0.459703 0.459703 0.459703 0.459703 0.459703 0.459703 0.34 0.459703 0.459703 0.459703 0.459703 0.459703 0.459703 0.459703 0.459703 0.459703 0.45929 0.459703 0.459703 0.459703 0.459703 0.459703 0.459703 0.459703 0.459703 0.459703 0.340001 0.459703 0.459703 0.459703 0.459703 0.459703 0.459703 0.459703 0.459703 0.459703 0.34 0.459703 0.459703 0.459703 0.34 0.459703 0.459703 0.459537 0.459703 0.459703 0.459703 0.459703 0.459703 0.459703 0.345097 0.459703 0.459703 0.340289 0.459703 0.459703 0.459703 0.459703 0.459703 0.459703 0.342631 0.459703 0.459703 0.34 0.459703 0.459703 0.459703 0.459703 0.459703 0.459703 0.34 0.459703 0.459703 0.385262 0.459703 0.459703 0.459703 0.459703 0.459703 0.459703 0.445486 0.459703 0.459703 0.457713 0.459703 0.459703 0.459703 0.459703 0.459703 0.459703 0.45557 0.459703 0.459703 0.34 0.459703 0.459703 0.459703 0.459703 0.459703 0.459703 0.34 0.459703 0.459703 0.34 0.459703 0.459703 0.459703 0.459703 0.459703 0.459703 0.34 0.459703 0.459703 0.345336 0.459703 0.459703 0.459703 0.459703 0.459703 0.459703 0.34 0.459703 0.459703 0.34 0.459703 0.459703 0.459703 0.459703 0.459703 0.459703 0.417818 0.459703 0.459703 0.340201 0.459703 0.459703 0.459703 0.459703 0.459703 0.459703 0.459703 0.459703 0.459703 0.459703 0.459703 0.459703 0.459703 0.459703 0.459703 0.459703 0.459703 0.459703 0.459703 0.459703 0.459703 0.459703 0.459703 0.459703 0.459703 0.459703 0.459703 0.459703 0.459703 0.459703 0.459703 0.459703 0.459703 0.459703 0.459703 0.459703 0.459703 0.459703 0.459703 0.459703 0.459703 0.459703 0.459703 0.459703 0.459703 0.459703 0.459703 0.459703 0.459703 0.459703 0.459703 0.459703 0.459703 0.459703 0.459703 0.459703 0.459703 0.459703 0.459703 0.459703 0.459703 0.459703 0.459703 0.459703 0.459703 0.459703 0.459703 0.459703 0.459703 0.459703 0.459703 0.459703 0.459703 0.459703 0.459703 0.459703 0.459703 0.459703 0.459703 0.459703 0.459703 0.459703 0.459703 0.459703 0.459703 0.459703 0.459703 0.459703 0.459703 0.459703 0.459703 0.459703 0.459703 0.459703 0.459703 0.459703 0.459703 0.459703 0.459703 0.459703 0.459703 0.459703 0.459703 0.459703 0.459703 0.459703 0.459703 0.459703 0.459703 0.459703 0.459703 0.459703 0.34 0.459703 0.459703 0.459703 0.459703 0.459703 0.459703 0.459703 0.459703 0.459703 0.453846 0.459703 0.459703 0.459703 0.459703 0.459703 0.459703 0.459703 0.459703 0.459703 0.45907 0.459703 0.459703 0.459703 0.459703 0.459703 0.459703 0.459703 0.459703 0.459703 0.34037 0.459703 0.459703 0.459703 0.459703 0.459703 0.459703 0.459703 0.459703 0.459703 0.34 0.459703 0.459703 0.459703 0.459703 0.459703 0.459703 0.459703 0.459703 0.459703 0.34 0.459703 0.459703 0.459703 0.459703 0.459703 0.459703 0.459703 0.459703 0.459703 0.459016 0.459703 0.459703 0.459703 0.459703 0.459703 0.459703 0.459703 0.459703 0.459703 0.34 0.459703 0.459703 0.459703 0.459703 0.459703 0.459703 0.459703 0.459703 0.459703 0.34 0.459703 0.459703 0.459703 0.459703 0.459703 0.459703 0.459703 0.459703 0.459703 0.34 0.459703 0.459703 0.459703 0.426094 0.459703 0.459703 0.459351 0.459703 0.459703 0.459703 0.459703 0.459703 0.459703 0.457992 0.459703 0.459703 0.459568 0.459703 0.459703 0.459703 0.459703 0.459703 0.459703 0.340134 0.459703 0.459703 0.34 0.459703 0.459703 0.459703 0.459703 0.459703 0.459703 0.459582 0.459703 0.459703 0.372405 0.459703 0.459703 0.459703 0.459703 0.459703 0.459703 0.34001 0.459703 0.459703 0.458547 0.459703 0.459703 0.459703 0.459703 0.459703 0.459703 0.34 0.459703 0.459703 0.34 0.459703 0.459703 0.459703 0.459703 0.459703 0.459703 0.456272 0.459703 0.459703 0.457991 0.459703 0.459703 0.459703 0.459703 0.459703 0.459703 0.340193 0.459703 0.459703 0.34 0.459703 0.459703 0.459703 0.459703 0.459703 0.459703 0.348805 0.459703 0.459703 0.34 0.459703 0.459703 0.459703 0.459703 0.459703 0.459703 0.340293 0.459703 0.459703 0.34 0.459703 0.459703 0.459703 0.459703 0.459703 0.459703 0.459703 0.459703 0.459703 0.459703 0.459703 0.459703 0.459703 0.459703 0.459703 0.459703 0.459703 0.459703 0.459703 0.459703 0.459703 0.459703 0.459703 0.459703 0.459703 0.459703 0.459703 0.459703 0.459703 0.459703 0.459703 0.459703 0.459703 0.459703 0.459703 0.459703 0.459703 0.459703 0.459703 0.459703 0.459703 0.459703 0.459703 0.459703 0.459703 0.459703 0.459703 0.459703 0.459703 0.459703 0.459703 0.459703 0.459703 0.459703 0.459703 0.459703 0.459703 0.459703 0.459703 0.459703 0.459703 0.459703 0.459703 0.459703 0.459703 0.459703 0.459703 0.459703 0.459703 0.459703 0.459703 0.459703 0.459703 0.459703 0.459703 0.459703 0.459703 0.459703 0.459703 0.459703 0.459703 0.459703 0.459703 0.459703 0.459703 0.459703 0.459703 0.459703 0.459703 0.459703 0.459703 0.459703 0.459703 0.459703 0.459703 0.459703 0.459703 0.459703 0.459703 0.459703 0.459703 0.459703 0.459703 0.459703 0.459703 0.459703 0.459703 0.459703 0.459703 0.459703 0.459703 0.459703 0.429716 0.459703 0.459703 0.459703 0.459703 0.459703 0.459703 0.459703 0.459703 0.459703 0.447359 0.459703 0.459703 0.459703 0.459703 0.459703 0.459703 0.459703 0.459703 0.459703 0.340001 0.459703 0.459703 0.459703 0.459703 0.459703 0.459703 0.459703 0.459703 0.459703 0.340344 0.459703 0.459703 0.459703 0.459703 0.459703 0.459703 0.459703 0.459703 0.459703 0.340002 0.459703 0.459703 0.459703 0.459703 0.459703 0.459703 0.459703 0.459703 0.459703 0.340043 0.459703 0.459703 0.459703 0.459703 0.459703 0.459703 0.459703 0.459703 0.459703 0.43004 0.459703 0.459703 0.459703 0.459703 0.459703 0.459703 0.459703 0.459703 0.459703 0.340001 0.459703 0.459703 0.459703 0.459703 0.459703 0.459703 0.459703 0.459703 0.459703 0.34 0.459703 0.459703 0.459703 0.459703 0.459703 0.459703 0.459703 0.459703 0.459703 0.350776 0.459703 0.459703 0.459703 0.459703 0.459703 0.459703 0.459703 0.459703 0.459703 0.34 0.459703 0.459703 0.459703 0.459703 0.459703 0.459703 0.459703 0.459703 0.459703 0.341725 0.459703 0.459703 0.459703 0.459703 0.459703 0.459703 0.459703 0.459703 0.459703 0.34 0.459703 0.459703 0.459703 0.459703 0.459703 0.459703 0.459703 0.459703 0.459703 0.34 0.459703 0.459703 0.459703 0.459703 0.459703 0.459703 0.459703 0.459703 0.459703 0.340002 0.459703 0.459703 0.459703 0.459703 0.459703 0.459703 0.459703 0.459703 0.459703 0.435523 0.459703 0.459703 0.459703 0.459703 0.459703 0.459703 0.459703 0.459703 0.459703 0.34 0.459703 0.459703 0.459703 0.459703 0.459703 0.459703 0.459703 0.459703 0.459703 0.34 0.459703 0.459703 0.459703 0.459703 0.459703 0.459703 0.459703 0.459703 0.459703 0.340004 0.459703 0.459703 0.459703 0.459703 0.459703 0.459703 0.459703 0.459703 0.459703 0.386429 0.459703 0.459703 0.459703 0.384326 0.459703 0.459703 0.340429 0.459703 0.459703 0.459703 0.459703 0.459703 0.459703 0.340025 0.459703 0.459703 0.37896 0.459703 0.459703 0.459703 0.459703 0.459703 0.459703 0.340002 0.459703 0.459703 0.459291 0.459703 0.459703 0.459703 0.459703 0.459703 0.459703 0.456032 0.459703 0.459703 0.433607 0.459703 0.459703 0.459703 0.459703 0.459703 0.459703 0.34 0.459703 0.459703 0.458673 0.459703 0.459703 0.459703 0.459703 0.459703 0.459703 0.458853 0.459703 0.459703 0.458263 0.459703 0.459703 0.459703 0.459703 0.459703 0.459703 0.340865 0.459703 0.459703 0.352979 0.459703 0.459703 0.459703 0.459703 0.459703 0.459703 0.34 0.459703 0.459703 0.340074 0.459703 0.459703 0.459703 0.459703 0.459703 0.459703 0.456056 0.459703 0.459703 0.427126 0.459703 0.459703 0.459703 0.459703 0.459703 0.459703 0.45587 0.459703 0.459703 0.371047 0.459703 0.459703 0.459703 0.459703 0.459703 0.459703 0.459703 0.459703 0.459703 0.459703 0.459703 0.459703 0.459703 0.459703 0.459703 0.459703 0.459703 0.459703 0.459703 0.459703 0.459703 0.459703 0.459703 0.459703 0.459703 0.459703 0.459703 0.459703 0.459703 0.459703 0.459703 0.459703 0.459703 0.459703 0.459703 0.459703 0.459703 0.459703 0.459703 0.459703 0.459703 0.459703 0.459703 0.459703 0.459703 0.459703 0.459703 0.459703 0.459703 0.459703 0.459703 0.459703 0.459703 0.459703 0.459703 0.459703 0.459703 0.459703 0.459703 0.459703 0.459703 0.459703 0.459703 0.459703 0.459703 0.459703 0.459703 0.459703 0.459703 0.459703 0.459703 0.459703 0.459703 0.459703 0.459703 0.459703 0.459703 0.459703 0.459703 0.459703 0.459703 0.459703 0.459703 0.459703 0.459703 0.459703 0.459703 0.459703 0.459703 0.459703 0.459703 0.459703 0.459703 0.459703 0.459703 0.459703 0.459703 0.459703 0.459703 0.459703 0.459703 0.459703 0.459703 0.459703 0.459703 0.459703 0.459703 0.459703 0.459703 0.459703 0.459703 0.459703 0.360063 0.459703 0.459703 0.459703 0.459703 0.459703 0.459703 0.459703 0.459703 0.459703 0.350913 0.459703 0.459703 0.459703 0.459703 0.459703 0.459703 0.459703 0.459703 0.459703 0.34 0.459703 0.459703 0.459703 0.459703 0.459703 0.459703 0.459703 0.459703 0.459703 0.34 0.459703 0.459703 0.459703 0.459703 0.459703 0.459703 0.459703 0.459703 0.459703 0.340004 0.459703 0.459703 0.459703 0.459703 0.459703 0.459703 0.459703 0.459703 0.459703 0.34 0.459703 0.459703 0.459703 0.459703 0.459703 0.459703 0.459703 0.459703 0.459703 0.457743 0.459703 0.459703 0.459703 0.459703 0.459703 0.459703 0.459703 0.459703 0.459703 0.385505 0.459703 0.459703 0.459703 0.459703 0.459703 0.459703 0.459703 0.459703 0.459703 0.34 0.459703 0.459703 0.459703 0.459703 0.459703 0.459703 0.459703 0.459703 0.459703 0.459211 0.459703 0.459703 0.459703 0.36319 0.459703 0.459703 0.34019 0.459703 0.459703 0.459703 0.459703 0.459703 0.459703 0.445913 0.459703 0.459703 0.455004 0.459703 0.459703 0.459703 0.459703 0.459703 0.459703 0.340009 0.459703 0.459703 0.340118 0.459703 0.459703 0.459703 0.459703 0.459703 0.459703 0.39764 0.459703 0.459703 0.457022 0.459703 0.459703 0.459703 0.459703 0.459703 0.459703 0.34 0.459703 0.459703 0.340001 0.459703 0.459703 0.459703 0.459703 0.459703 0.459703 0.34 0.459703 0.459703 0.34 0.459703 0.459703 0.459703 0.459703 0.459703 0.459703 0.34 0.459703 0.459703 0.34 0.459703 0.459703 0.459703 0.459703 0.459703 0.459703 0.340798 0.459703 0.459703 0.34 0.459703 0.459703 0.459703 0.459703 0.459703 0.459703 0.34 0.459703 0.459703 0.458936 0.459703 0.459703 0.459703 0.459703 0.459703 0.459703 0.34 0.459703 0.459703 0.425804 0.459703 0.459703 0.459703 0.459703 0.459703 0.459703 0.459703 0.459703 0.459703 0.459703 0.459703 0.459703 0.459703 0.459703 0.459703 0.459703 0.459703 0.459703 0.459703 0.459703 0.459703 0.459703 0.459703 0.459703 0.459703 0.459703 0.459703 0.459703 0.459703 0.459703 0.459703 0.459703 0.459703 0.459703 0.459703 0.459703 0.459703 0.459703 0.459703 0.459703 0.459703 0.459703 0.459703 0.459703 0.459703 0.459703 0.459703 0.459703 0.459703 0.459703 0.459703 0.459703 0.459703 0.459703 0.459703 0.459703 0.459703 0.459703 0.459703 0.459703 0.459703 0.459703 0.459703 0.459703 0.459703 0.459703 0.459703 0.459703 0.459703 0.459703 0.459703 0.459703 0.459703 0.459703 0.459703 0.459703 0.459703 0.459703 0.459703 0.459703 0.459703 0.459703 0.459703 0.459703 0.459703 0.459703 0.459703 0.459703 0.459703 0.459703 0.459703 0.459703 0.459703 0.459703 0.459703 0.459703 0.459703 0.459703 0.459703 0.459703 0.459703 0.459703 0.459703 0.459703 0.459703 0.459703 0.459703 0.459703 0.459703 0.459703 0.459703 0.459703 0.34 0.459703 0.459703 0.459703 0.459703 0.459703 0.459703 0.459703 0.459703 0.459703 0.423478 0.459703 0.459703 0.459703 0.459703 0.459703 0.459703 0.459703 0.459703 0.459703 0.452757 0.459703 0.459703 0.459703 0.459703 0.459703 0.459703 0.459703 0.459703 0.459703 0.449114 0.459703 0.459703 0.459703 0.459703 0.459703 0.459703 0.459703 0.459703 0.459703 0.341946 0.459703 0.459703 0.459703 0.459703 0.459703 0.459703 0.459703 0.459703 0.459703 0.459328 0.459703 0.459703 0.459703 0.459703 0.459703 0.459703 0.459703 0.459703 0.459703 0.453292 0.459703 0.459703 0.459703 0.459703 0.459703 0.459703 0.459703 0.459703 0.459703 0.340234 0.459703 0.459703 0.459703 0.459703 0.459703 0.459703 0.459703 0.459703 0.459703 0.459109 0.459703 0.459703 0.459703 0.459703 0.459703 0.459703 0.459703 0.459703 0.459703 0.34 0.459703 0.459703 0.459703 0.34 0.459703 0.459703 0.34 0.459703 0.459703 0.459703 0.459703 0.459703 0.459703 0.340006 0.459703 0.459703 0.34 0.459703 0.459703 0.459703 0.459703 0.459703 0.459703 0.401932 0.459703 0.459703 0.450025 0.459703 0.459703 0.459703 0.459703 0.459703 0.459703 0.457368 0.459703 0.459703 0.459565 0.459703 0.459703 0.459703 0.459703 0.459703 0.459703 0.340002 0.459703 0.459703 0.458125 0.459703 0.459703 0.459703 0.459703 0.459703 0.459703 0.340016 0.459703 0.459703 0.428402 0.459703 0.459703 0.459703 0.459703 0.459703 0.459703 0.34 0.459703 0.459703 0.34 0.459703 0.459703 0.459703 0.459703 0.459703 0.459703 0.34 0.459703 0.459703 0.450696 0.459703 0.459703 0.459703 0.459703 0.459703 0.459703 0.34 0.459703 0.459703 0.34 0.459703 0.459703 0.459703 0.459703 0.459703 0.459703 0.39007 0.459703 0.459703 0.342548 0.459703 0.459703 0.459703 0.459703 0.459703 0.459703 0.459703 0.459703 0.459703 0.459703 0.459703 0.459703 0.459703 0.459703 0.459703 0.459703 0.459703 0.459703 0.459703 0.459703 0.459703 0.459703 0.459703 0.459703 0.459703 0.459703 0.459703 0.459703 0.459703 0.459703 0.459703 0.459703 0.459703 0.459703 0.459703 0.459703 0.459703 0.459703 0.459703 0.459703 0.459703 0.459703 0.459703 0.459703 0.459703 0.459703 0.459703 0.459703 0.459703 0.459703 0.459703 0.459703 0.459703 0.459703 0.459703 0.459703 0.459703 0.459703 0.459703 0.459703 0.459703 0.459703 0.459703 0.459703 0.459703 0.459703 0.459703 0.459703 0.459703 0.459703 0.459703 0.459703 0.459703 0.459703 0.459703 0.459703 0.459703 0.459703 0.459703 0.459703 0.459703 0.459703 0.459703 0.459703 0.459703 0.459703 0.459703 0.459703 0.459703 0.459703 0.459703 0.459703 0.459703 0.459703 0.459703 0.459703 0.459703 0.459703 0.459703 0.459703 0.459703 0.459703 0.459703 0.459703 0.459703 0.459703 0.459703 0.459703 0.459703 0.459703 0.459703 0.459703 0.351359 0.459703 0.459703 0.459703 0.459703 0.459703 0.459703 0.459703 0.459703 0.459703 0.403869 0.459703 0.459703 0.459703 0.459703 0.459703 0.459703 0.459703 0.459703 0.459703 0.34 0.459703 0.459703 0.459703 0.459703 0.459703 0.459703 0.459703 0.459703 0.459703 0.430432 0.459703 0.459703 0.459703 0.459703 0.459703 0.459703 0.459703 0.459703 0.459703 0.34 0.459703 0.459703 0.459703 0.459703 0.459703 0.459703 0.459703 0.459703 0.459703 0.34017 0.459703 0.459703 0.459703 0.459703 0.459703 0.459703 0.459703 0.459703 0.459703 0.392904 0.459703 0.459703 0.459703 0.459703 0.459703 0.459703 0.459703 0.459703 0.459703 0.457447 0.459703 0.459703 0.459703 0.459703 0.459703 0.459703 0.459703 0.459703 0.459703 0.374129 0.459703 0.459703 0.459703 0.459703 0.459703 0.459703 0.459703 0.459703 0.459703 0.340051 0.459703 0.459703 0.459703 0.459703 0.459703 0.459703 0.459703 0.459703 0.459703 0.358415 0.459703 0.459703 0.459703 0.459703 0.459703 0.459703 0.459703 0.459703 0.459703 0.458869 0.459703 0.459703 0.459703 0.459703 0.459703 0.459703 0.459703 0.459703 0.459703 0.364205 0.459703 0.459703 0.459703 0.459703 0.459703 0.459703 0.459703 0.459703 0.459703 0.358045 0.459703 0.459703 0.459703 0.459703 0.459703 0.459703 0.459703 0.459703 0.459703 0.354386 0.459703 0.459703 0.459703 0.459703 0.459703 0.459703 0.459703 0.459703 0.459703 0.340007 0.459703 0.459703 0.459703 0.459703 0.459703 0.459703 0.459703 0.459703 0.459703 0.343517 0.459703 0.459703 0.459703 0.459703 0.459703 0.459703 0.459703 0.459703 0.459703 0.34 0.459703 0.459703 0.459703 0.459703 0.459703 0.459703 0.459703 0.459703 0.459703 0.34 0.459703 0.459703 0.459703 0.459703 0.459703 0.459703 0.459703 0.459703 0.459703 0.34015 0.459703 0.459703 0.459703 0.45384 0.459703 0.459703 0.340013 0.459703 0.459703 0.459703 0.459703 0.459703 0.459703 0.34 0.459703 0.459703 0.34038 0.459703 0.459703 0.459703 0.459703 0.459703 0.459703 0.439403 0.459703 0.459703 0.410129 0.459703 0.459703 0.459703 0.459703 0.459703 0.459703 0.34 0.459703 0.459703 0.405664 0.459703 0.459703 0.459703 0.459703 0.459703 0.459703 0.455626 0.459703 0.459703 0.34 0.459703 0.459703 0.459703 0.459703 0.459703 0.459703 0.340001 0.459703 0.459703 0.345996 0.459703 0.459703 0.459703 0.459703 0.459703 0.459703 0.433519 0.459703 0.459703 0.43065 0.459703 0.459703 0.459703 0.459703 0.459703 0.459703 0.452676 0.459703 0.459703 0.34 0.459703 0.459703 0.459703 0.459703 0.459703 0.459703 0.451039 0.459703 0.459703 0.340296 0.459703 0.459703 0.459703 0.459703 0.459703 0.459703 0.34 0.459703 0.459703 0.359693 0.459703 0.459703 0.459703 0.459703 0.459703 0.459703 0.459703 0.459703 0.459703 0.459703 0.459703 0.459703 0.459703 0.459703 0.459703 0.459703 0.459703 0.459703 0.459703 0.459703 0.459703 0.459703 0.459703 0.459703 0.459703 0.459703 0.459703 0.459703 0.459703 0.459703 0.459703 0.459703 0.459703 0.459703 0.459703 0.459703 0.459703 0.459703 0.459703 0.459703 0.459703 0.459703 0.459703 0.459703 0.459703 0.459703 0.459703 0.459703 0.459703 0.459703 0.459703 0.459703 0.459703 0.459703 0.459703 0.459703 0.459703 0.459703 0.459703 0.459703 0.459703 0.459703 0.459703 0.459703 0.459703 0.459703 0.459703 0.459703 0.459703 0.459703 0.459703 0.459703 0.459703 0.459703 0.459703 0.459703 0.459703 0.459703 0.459703 0.459703 0.459703 0.459703 0.459703 0.459703 0.459703 0.459703 0.459703 0.459703 0.459703 0.459703 0.459703 0.459703 0.459703 0.459703 0.459703 0.459703 0.459703 0.459703 0.459703 0.459703 0.459703 0.459703 0.459703 0.459703 0.459703 0.459703 0.459703 0.459703 0.459703 0.459703 0.459703 0.459703 0.365835 0.459703 0.459703 0.459703 0.459703 0.459703 0.459703 0.459703 0.459703 0.459703 0.340002 0.459703 0.459703 0.459703 0.459703 0.459703 0.459703 0.459703 0.459703 0.459703 0.347037 0.459703 0.459703 0.459703 0.459703 0.459703 0.459703 0.459703 0.459703 0.459703 0.34 0.459703 0.459703 0.459703 0.459703 0.459703 0.459703 0.459703 0.459703 0.459703 0.458995 0.459703 0.459703 0.459703 0.459703 0.459703 0.459703 0.459703 0.459703 0.459703 0.360957 0.459703 0.459703 0.459703 0.459703 0.459703 0.459703 0.459703 0.459703 0.459703 0.459098 0.459703 0.459703 0.459703 0.459703 0.459703 0.459703 0.459703 0.459703 0.459703 0.457531 0.459703 0.459703 0.459703 0.459703 0.459703 0.459703 0.459703 0.459703 0.459703 0.340006 0.459703 0.459703 0.459703 0.459703 0.459703 0.459703 0.459703 0.459703 0.459703 0.458606 0.459703 0.459703 0.459703 0.340014 0.459703 0.459703 0.34 0.459703 0.459703 0.459703 0.459703 0.459703 0.459703 0.34 0.459703 0.459703 0.457053 0.459703 0.459703 0.459703 0.459703 0.459703 0.459703 0.340001 0.459703 0.459703 0.34 0.459703 0.459703 0.459703 0.459703 0.459703 0.459703 0.451747 0.459703 0.459703 0.34 0.459703 0.459703 0.459703 0.459703 0.459703 0.459703 0.340439 0.459703 0.459703 0.344856 0.459703 0.459703 0.459703 0.459703 0.459703 0.459703 0.34 0.459703 0.459703 0.459401 0.459703 0.459703 0.459703 0.459703 0.459703 0.459703 0.361288 0.459703 0.459703 0.346891 0.459703 0.459703 0.459703 0.459703 0.459703 0.459703 0.456591 0.459703 0.459703 0.410876 0.459703 0.459703 0.459703 0.459703 0.459703 0.459703 0.458057 0.459703 0.459703 0.340724 0.459703 0.459703 0.459703 0.459703 0.459703 0.459703 0.340001 0.459703 0.459703 0.364005 0.459703 0.459703 0.459703 0.459703 0.459703 0.459703 0.459703 0.459703 0.459703 0.459703 0.459703 0.459703 0.459703 0.459703 0.459703 0.459703 0.459703 0.459703 0.459703 0.459703 0.459703 0.459703 0.459703 0.459703 0.459703 0.459703 0.459703 0.459703 0.459703 0.459703 0.459703 0.459703 0.459703 0.459703 0.459703 0.459703 0.459703 0.459703 0.459703 0.459703 0.459703 0.459703 0.459703 0.459703 0.459703 0.459703 0.459703 0.459703 0.459703 0.459703 0.459703 0.459703 0.459703 0.459703 0.459703 0.459703 0.459703 0.459703 0.459703 0.459703 0.459703 0.459703 0.459703 0.459703 0.459703 0.459703 0.459703 0.459703 0.459703 0.459703 0.459703 0.459703 0.459703 0.459703 0.459703 0.459703 0.459703 0.459703 0.459703 0.459703 0.459703 0.459703 0.459703 0.459703 0.459703 0.459703 0.459703 0.459703 0.459703 0.459703 0.459703 0.459703 0.459703 0.459703 0.459703 0.459703 0.459703 0.459703 0.459703 0.459703 0.459703 0.459703 0.459703 0.459703 0.459703 0.459703 0.459703 0.459703 0.459703 0.459703 0.459703 0.459703 0.340207 0.459703 0.459703 0.459703 0.459703 0.459703 0.459703 0.459703 0.459703 0.459703 0.358812 0.459703 0.459703 0.459703 0.459703 0.459703 0.459703 0.459703 0.459703 0.459703 0.340084 0.459703 0.459703 0.459703 0.459703 0.459703 0.459703 0.459703 0.459703 0.459703 0.340001 0.459703 0.459703 0.459703 0.459703 0.459703 0.459703 0.459703 0.459703 0.459703 0.34 0.459703 0.459703 0.459703 0.459703 0.459703 0.459703 0.459703 0.459703 0.459703 0.340172 0.459703 0.459703 0.459703 0.459703 0.459703 0.459703 0.459703 0.459703 0.459703 0.34 0.459703 0.459703 0.459703 0.459703 0.459703 0.459703 0.459703 0.459703 0.459703 0.340606 0.459703 0.459703 0.459703 0.459703 0.459703 0.459703 0.459703 0.459703 0.459703 0.340169 0.459703 0.459703 0.459703 0.459703 0.459703 0.459703 0.459703 0.459703 0.459703 0.34 0.459703 0.459703 0.459703 0.340016 0.459703 0.459703 0.443654 0.459703 0.459703 0.459703 0.459703 0.459703 0.459703 0.34 0.459703 0.459703 0.340721 0.459703 0.459703 0.459703 0.459703 0.459703 0.459703 0.34 0.459703 0.459703 0.45909 0.459703 0.459703 0.459703 0.459703 0.459703 0.459703 0.359933 0.459703 0.459703 0.457667 0.459703 0.459703 0.459703 0.459703 0.459703 0.459703 0.357783 0.459703 0.459703 0.34 0.459703 0.459703 0.459703 0.459703 0.459703 0.459703 0.348195 0.459703 0.459703 0.459149 0.459703 0.459703 0.459703 0.459703 0.459703 0.459703 0.34009 0.459703 0.459703 0.449765 0.459703 0.459703 0.459703 0.459703 0.459703 0.459703 0.351654 0.459703 0.459703 0.34 0.459703 0.459703 0.459703 0.459703 0.459703 0.459703 0.452735 0.459703 0.459703 0.377509 0.459703 0.459703 0.459703 0.459703 0.459703 0.459703 0.34 0.459703 0.459703 0.34 0.459703 0.459703 0.459703 0.459703 0.459703 0.459703 0.459703 0.459703 0.459703 0.459703 0.459703 0.459703 0.459703 0.459703 0.459703 0.459703 0.459703 0.459703 0.459703 0.459703 0.459703 0.459703 0.459703 0.459703 0.459703 0.459703 0.459703 0.459703 0.459703 0.459703 0.459703 0.459703 0.459703 0.459703 0.459703 0.459703 0.459703 0.459703 0.459703 0.459703 0.459703 0.459703 0.459703 0.459703 0.459703 0.459703 0.459703 0.459703 0.459703 0.459703 0.459703 0.459703 0.459703 0.459703 0.459703 0.459703 0.459703 0.459703 0.459703 0.459703 0.459703 0.459703 0.459703 0.459703 0.459703 0.459703 0.459703 0.459703 0.459703 0.459703 0.459703 0.459703 0.459703 0.459703 0.459703 0.459703 0.459703 0.459703 0.459703 0.459703 0.459703 0.459703 0.459703 0.459703 0.459703 0.459703 0.459703 0.459703 0.459703 0.459703 0.459703 0.459703 0.459703 0.459703 0.459703 0.459703 0.459703 0.459703 0.459703 0.459703 0.459703 0.459703 0.459703 0.459703 0.459703 0.459703 0.459703 0.459703 0.459703 0.459703 0.459703 0.459703 0.34 0.459703 0.459703 0.459703 0.459703 0.459703 0.459703 0.459703 0.459703 0.459703 0.360527 0.459703 0.459703 0.459703 0.459703 0.459703 0.459703 0.459703 0.459703 0.459703 0.433182 0.459703 0.459703 0.459703 0.459703 0.459703 0.459703 0.459703 0.459703 0.459703 0.368278 0.459703 0.459703 0.459703 0.459703 0.459703 0.459703 0.459703 0.459703 0.459703 0.356909 0.459703 0.459703 0.459703 0.459703 0.459703 0.459703 0.459703 0.459703 0.459703 0.340054 0.459703 0.459703 0.459703 0.459703 0.459703 0.459703 0.459703 0.459703 0.459703 0.34 0.459703 0.459703 0.459703 0.459703 0.459703 0.459703 0.459703 0.459703 0.459703 0.34 0.459703 0.459703 0.459703 0.459703 0.459703 0.459703 0.459703 0.459703 0.459703 0.443343 0.459703 0.459703 0.459703 0.459703 0.459703 0.459703 0.459703 0.459703 0.459703 0.420628 0.459703 0.459703 0.459703 0.459703 0.459703 0.459703 0.459703 0.459703 0.459703 0.340207 0.459703 0.459703 0.459703 0.459703 0.459703 0.459703 0.459703 0.459703 0.459703 0.362826 0.459703 0.459703 0.459703 0.459703 0.459703 0.459703 0.459703 0.459703 0.459703 0.340007 0.459703 0.459703 0.459703 0.459703 0.459703 0.459703 0.459703 0.459703 0.459703 0.340012 0.459703 0.459703 0.459703 0.459703 0.459703 0.459703 0.459703 0.459703 0.459703 0.34 0.459703 0.459703 0.459703 0.459703 0.459703 0.459703 0.459703 0.459703 0.459703 0.340105 0.459703 0.459703 0.459703 0.459703 0.459703 0.459703 0.459703 0.459703 0.459703 0.34 0.459703 0.459703 0.459703 0.459703 0.459703 0.459703 0.459703 0.459703 0.459703 0.417345 0.459703 0.459703 0.459703 0.459703 0.459703 0.459703 0.459703 0.459703 0.459703 0.34 0.459703 0.459703 0.459703 0.459703 0.459703 0.459703 0.459703 0.459703 0.459703 0.352199 0.459703 0.459703 0.459703 0.459503 0.459703 0.459703 0.34 0.459703 0.459703 0.459703 0.459703 0.459703 0.459703 0.361643 0.459703 0.459703 0.34 0.459703 0.459703 0.459703 0.459703 0.459703 0.459703 0.34 0.459703 0.459703 0.34 0.459703 0.459703 0.459703 0.459703 0.459703 0.459703 0.45776 0.459703 0.459703 0.458924 0.459703 0.459703 0.459703 0.459703 0.459703 0.459703 0.342314 0.459703 0.459703 0.459421 0.459703 0.459703 0.459703 0.459703 0.459703 0.459703 0.441476 0.459703 0.459703 0.34 0.459703 0.459703 0.459703 0.459703 0.459703 0.459703 0.425958 0.459703 0.459703 0.449475 0.459703 0.459703 0.459703 0.459703 0.459703 0.459703 0.34 0.459703 0.459703 0.39386 0.459703 0.459703 0.459703 0.459703 0.459703 0.459703 0.445128 0.459703 0.459703 0.34 0.459703 0.459703 0.459703 0.459703 0.459703 0.459703 0.345652 0.459703 0.459703 0.444706 0.459703 0.459703 0.459703 0.459703 0.459703 0.459703 0.459703 0.459703 0.459703 0.459703 0.459703 0.459703 0.459703 0.459703 0.459703 0.459703 0.459703 0.459703 0.459703 0.459703 0.459703 0.459703 0.459703 0.459703 0.459703 0.459703 0.459703 0.459703 0.459703 0.459703 0.459703 0.459703 0.459703 0.459703 0.459703 0.459703 0.459703 0.459703 0.459703 0.459703 0.459703 0.459703 0.459703 0.459703 0.459703 0.459703 0.459703 0.459703 0.459703 0.459703 0.459703 0.459703 0.459703 0.459703 0.459703 0.459703 0.459703 0.459703 0.459703 0.459703 0.459703 0.459703 0.459703 0.459703 0.459703 0.459703 0.459703 0.459703 0.459703 0.459703 0.459703 0.459703 0.459703 0.459703 0.459703 0.459703 0.459703 0.459703 0.459703 0.459703 0.459703 0.459703 0.459703 0.459703 0.459703 0.459703 0.459703 0.459703 0.459703 0.459703 0.459703 0.459703 0.459703 0.459703 0.459703 0.459703 0.459703 0.459703 0.459703 0.459703 0.459703 0.459703 0.459703 0.459703 0.459703 0.459703 0.459703 0.459703 0.459703 0.459703 0.459703 0.459703 0.343585 0.459703 0.459703 0.459703 0.459703 0.459703 0.459703 0.459703 0.459703 0.459703 0.34 0.459703 0.459703 0.459703 0.459703 0.459703 0.459703 0.459703 0.459703 0.459703 0.34 0.459703 0.459703 0.459703 0.459703 0.459703 0.459703 0.459703 0.459703 0.459703 0.456769 0.459703 0.459703 0.459703 0.459703 0.459703 0.459703 0.459703 0.459703 0.459703 0.34 0.459703 0.459703 0.459703 0.459703 0.459703 0.459703 0.459703 0.459703 0.459703 0.34 0.459703 0.459703 0.459703 0.459703 0.459703 0.459703 0.459703 0.459703 0.459703 0.456933 0.459703 0.459703 0.459703 0.459703 0.459703 0.459703 0.459703 0.459703 0.459703 0.34 0.459703 0.459703 0.459703 0.459703 0.459703 0.459703 0.459703 0.459703 0.459703 0.37176 0.459703 0.459703 0.459703 0.459703 0.459703 0.459703 0.459703 0.459703 0.459703 0.34 0.459703 0.459703 0.459703 0.340055 0.459703 0.459703 0.456019 0.459703 0.459703 0.459703 0.459703 0.459703 0.459703 0.368847 0.459703 0.459703 0.34 0.459703 0.459703 0.459703 0.459703 0.459703 0.459703 0.34 0.459703 0.459703 0.389593 0.459703 0.459703 0.459703 0.459703 0.459703 0.459703 0.340008 0.459703 0.459703 0.458383 0.459703 0.459703 0.459703 0.459703 0.459703 0.459703 0.34 0.459703 0.459703 0.453326 0.459703 0.459703 0.459703 0.459703 0.459703 0.459703 0.344725 0.459703 0.459703 0.451605 0.459703 0.459703 0.459703 0.459703 0.459703 0.459703 0.34 0.459703 0.459703 0.34 0.459703 0.459703 0.459703 0.459703 0.459703 0.459703 0.34 0.459703 0.459703 0.340002 0.459703 0.459703 0.459703 0.459703 0.459703 0.459703 0.34 0.459703 0.459703 0.35197 0.459703 0.459703 0.459703 0.459703 0.459703 0.459703 0.34 0.459703 0.459703 0.342215 0.459703 0.459703 0.459703 0.459703 0.459703 0.459703 0.459703 0.459703 0.459703 0.459703 0.459703 0.459703 0.459703 0.459703 0.459703 0.459703 0.459703 0.459703 0.459703 0.459703 0.459703 0.459703 0.459703 0.459703 0.459703 0.459703 0.459703 0.459703 0.459703 0.459703 0.459703 0.459703 0.459703 0.459703 0.459703 0.459703 0.459703 0.459703 0.459703 0.459703 0.459703 0.459703 0.459703 0.459703 0.459703 0.459703 0.459703 0.459703 0.459703 0.459703 0.459703 0.459703 0.459703 0.459703 0.459703 0.459703 0.459703 0.459703 0.459703 0.459703 0.459703 0.459703 0.459703 0.459703 0.459703 0.459703 0.459703 0.459703 0.459703 0.459703 0.459703 0.459703 0.459703 0.459703 0.459703 0.459703 0.459703 0.459703 0.459703 0.459703 0.459703 0.459703 0.459703 0.459703 0.459703 0.459703 0.459703 0.459703 0.459703 0.459703 0.459703 0.459703 0.459703 0.459703 0.459703 0.459703 0.459703 0.459703 0.459703 0.459703 0.459703 0.459703 0.459703 0.459703 0.459703 0.459703 0.459703 0.459703 0.459703 0.459703 0.459703 0.459703 0.34 0.459703 0.459703 0.459703 0.459703 0.459703 0.459703 0.459703 0.459703 0.459703 0.34 0.459703 0.459703 0.459703 0.459703 0.459703 0.459703 0.459703 0.459703 0.459703 0.34 0.459703 0.459703 0.459703 0.459703 0.459703 0.459703 0.459703 0.459703 0.459703 0.34 0.459703 0.459703 0.459703 0.459703 0.459703 0.459703 0.459703 0.459703 0.459703 0.351819 0.459703 0.459703 0.459703 0.459703 0.459703 0.459703 0.459703 0.459703 0.459703 0.391294 0.459703 0.459703 0.459703 0.459703 0.459703 0.459703 0.459703 0.459703 0.459703 0.459216 0.459703 0.459703 0.459703 0.459703 0.459703 0.459703 0.459703 0.459703 0.459703 0.342208 0.459703 0.459703 0.459703 0.459703 0.459703 0.459703 0.459703 0.459703 0.459703 0.34 0.459703 0.459703 0.459703 0.459703 0.459703 0.459703 0.459703 0.459703 0.459703 0.34 0.459703 0.459703 0.459703 0.4065 0.459703 0.459703 0.458424 0.459703 0.459703 0.459703 0.459703 0.459703 0.459703 0.420672 0.459703 0.459703 0.457935 0.459703 0.459703 0.459703 0.459703 0.459703 0.459703 0.459379 0.459703 0.459703 0.457954 0.459703 0.459703 0.459703 0.459703 0.459703 0.459703 0.344829 0.459703 0.459703 0.34 0.459703 0.459703 0.459703 0.459703 0.459703 0.459703 0.340097 0.459703 0.459703 0.340051 0.459703 0.459703 0.459703 0.459703 0.459703 0.459703 0.340804 0.459703 0.459703 0.345218 0.459703 0.459703 0.459703 0.459703 0.459703 0.459703 0.342409 0.459703 0.459703 0.435016 0.459703 0.459703 0.459703 0.459703 0.459703 0.459703 0.34008 0.459703 0.459703 0.340062 0.459703 0.459703 0.459703 0.459703 0.459703 0.459703 0.443754 0.459703 0.459703 0.424561 0.459703 0.459703 0.459703 0.459703 0.459703 0.459703 0.457969 0.459703 0.459703 0.340271 0.459703 0.459703 0.459703 0.459703 0.459703 0.459703 0.459703 0.459703 0.459703 0.459703 0.459703 0.459703 0.459703 0.459703 0.459703 0.459703 0.459703 0.459703 0.459703 0.459703 0.459703 0.459703 0.459703 0.459703 0.459703 0.459703 0.459703 0.459703 0.459703 0.459703 0.459703 0.459703 0.459703 0.459703 0.459703 0.459703 0.459703 0.459703 0.459703 0.459703 0.459703 0.459703 0.459703 0.459703 0.459703 0.459703 0.459703 0.459703 0.459703 0.459703 0.459703 0.459703 0.459703 0.459703 0.459703 0.459703 0.459703 0.459703 0.459703 0.459703 0.459703 0.459703 0.459703 0.459703 0.459703 0.459703 0.459703 0.459703 0.459703 0.459703 0.459703 0.459703 0.459703 0.459703 0.459703 0.459703 0.459703 0.459703 0.459703 0.459703 0.459703 0.459703 0.459703 0.459703 0.459703 0.459703 0.459703 0.459703 0.459703 0.459703 0.459703 0.459703 0.459703 0.459703 0.459703 0.459703 0.459703 0.459703 0.459703 0.459703 0.459703 0.459703 0.459703 0.459703 0.459703 0.459703 0.459703 0.459703 0.459703 0.459703 0.459703 0.459703 0.340004 0.459703 0.459703 0.459703 0.459703 0.459703 0.459703 0.459703 0.459703 0.459703 0.431758 0.459703 0.459703 0.459703 0.459703 0.459703 0.459703 0.459703 0.459703 0.459703 0.380405 0.459703 0.459703 0.459703 0.459703 0.459703 0.459703 0.459703 0.459703 0.459703 0.427596 0.459703 0.459703 0.459703 0.459703 0.459703 0.459703 0.459703 0.459703 0.459703 0.340085 0.459703 0.459703 0.459703 0.459703 0.459703 0.459703 0.459703 0.459703 0.459703 0.340008 0.459703 0.459703 0.459703 0.459703 0.459703 0.459703 0.459703 0.459703 0.459703 0.340001 0.459703 0.459703 0.459703 0.459703 0.459703 0.459703 0.459703 0.459703 0.459703 0.340317 0.459703 0.459703 0.459703 0.459703 0.459703 0.459703 0.459703 0.459703 0.459703 0.383272 0.459703 0.459703 0.459703 0.459703 0.459703 0.459703 0.459703 0.459703 0.459703 0.34 0.459703 0.459703 0.459703 0.459703 0.459703 0.459703 0.459703 0.459703 0.459703 0.34 0.459703 0.459703 0.459703 0.459703 0.459703 0.459703 0.459703 0.459703 0.459703 0.34 0.459703 0.459703 0.459703 0.459703 0.459703 0.459703 0.459703 0.459703 0.459703 0.342029 0.459703 0.459703 0.459703 0.459703 0.459703 0.459703 0.459703 0.459703 0.459703 0.34 0.459703 0.459703 0.459703 0.459703 0.459703 0.459703 0.459703 0.459703 0.459703 0.457916 0.459703 0.459703 0.459703 0.459703 0.459703 0.459703 0.459703 0.459703 0.459703 0.340027 0.459703 0.459703 0.459703 0.459703 0.459703 0.459703 0.459703 0.459703 0.459703 0.340207 0.459703 0.459703 0.459703 0.459703 0.459703 0.459703 0.459703 0.459703 0.459703 0.34 0.459703 0.459703 0.459703 0.459703 0.459703 0.459703 0.459703 0.459703 0.459703 0.340159 0.459703 0.459703 0.459703 0.459703 0.459703 0.459703 0.459703 0.459703 0.459703 0.34 0.459703 0.459703 0.459703 0.342968 0.459703 0.459703 0.450501 0.459703 0.459703 0.459703 0.459703 0.459703 0.459703 0.343127 0.459703 0.459703 0.34005 0.459703 0.459703 0.459703 0.459703 0.459703 0.459703 0.459375 0.459703 0.459703 0.344006 0.459703 0.459703 0.459703 0.459703 0.459703 0.459703 0.340028 0.459703 0.459703 0.340038 0.459703 0.459703 0.459703 0.459703 0.459703 0.459703 0.340032 0.459703 0.459703 0.341693 0.459703 0.459703 0.459703 0.459703 0.459703 0.459703 0.34 0.459703 0.459703 0.340176 0.459703 0.459703 0.459703 0.459703 0.459703 0.459703 0.340189 0.459703 0.459703 0.34 0.459703 0.459703 0.459703 0.459703 0.459703 0.459703 0.340111 0.459703 0.459703 0.34 0.459703 0.459703 0.459703 0.459703 0.459703 0.459703 0.340001 0.459703 0.459703 0.44549 0.459703 0.459703 0.459703 0.459703 0.459703 0.459703 0.450205 0.459703 0.459703 0.34099 0.459703 0.459703 0.459703 0.459703 0.459703 0.459703 0.459703 0.459703 0.459703 0.459703 0.459703 0.459703 0.459703 0.459703 0.459703 0.459703 0.459703 0.459703 0.459703 0.459703 0.459703 0.459703 0.459703 0.459703 0.459703 0.459703 0.459703 0.459703 0.459703 0.459703 0.459703 0.459703 0.459703 0.459703 0.459703 0.459703 0.459703 0.459703 0.459703 0.459703 0.459703 0.459703 0.459703 0.459703 0.459703 0.459703 0.459703 0.459703 0.459703 0.459703 0.459703 0.459703 0.459703 0.459703 0.459703 0.459703 0.459703 0.459703 0.459703 0.459703 0.459703 0.459703 0.459703 0.459703 0.459703 0.459703 0.459703 0.459703 0.459703 0.459703 0.459703 0.459703 0.459703 0.459703 0.459703 0.459703 0.459703 0.459703 0.459703 0.459703 0.459703 0.459703 0.459703 0.459703 0.459703 0.459703 0.459703 0.459703 0.459703 0.459703 0.459703 0.459703 0.459703 0.459703 0.459703 0.459703 0.459703 0.459703 0.459703 0.459703 0.459703 0.459703 0.459703 0.459703 0.459703 0.459703 0.459703 0.459703 0.459703 0.459703 0.459703 0.459703 0.459185 0.459703 0.459703 0.459703 0.459703 0.459703 0.459703 0.459703 0.459703 0.459703 0.458051 0.459703 0.459703 0.459703 0.459703 0.459703 0.459703 0.459703 0.459703 0.459703 0.340016 0.459703 0.459703 0.459703 0.459703 0.459703 0.459703 0.459703 0.459703 0.459703 0.437536 0.459703 0.459703 0.459703 0.459703 0.459703 0.459703 0.459703 0.459703 0.459703 0.345538 0.459703 0.459703 0.459703 0.459703 0.459703 0.459703 0.459703 0.459703 0.459703 0.34 0.459703 0.459703 0.459703 0.459703 0.459703 0.459703 0.459703 0.459703 0.459703 0.367979 0.459703 0.459703 0.459703 0.459703 0.459703 0.459703 0.459703 0.459703 0.459703 0.340117 0.459703 0.459703 0.459703 0.459703 0.459703 0.459703 0.459703 0.459703 0.459703 0.407539 0.459703 0.459703 0.459703 0.459703 0.459703 0.459703 0.459703 0.459703 0.459703 0.34 0.459703 0.459703 0.459703 0.454289 0.459703 0.459703 0.444193 0.459703 0.459703 0.459703 0.459703 0.459703 0.459703 0.34 0.459703 0.459703 0.438798 0.459703 0.459703 0.459703 0.459703 0.459703 0.459703 0.357489 0.459703 0.459703 0.35035 0.459703 0.459703 0.459703 0.459703 0.459703 0.459703 0.36821 0.459703 0.459703 0.456019 0.459703 0.459703 0.459703 0.459703 0.459703 0.459703 0.34 0.459703 0.459703 0.37184 0.459703 0.459703 0.459703 0.459703 0.459703 0.459703 0.422927 0.459703 0.459703 0.340024 0.459703 0.459703 0.459703 0.459703 0.459703 0.459703 0.355473 0.459703 0.459703 0.34 0.459703 0.459703 0.459703 0.459703 0.459703 0.459703 0.341371 0.459703 0.459703 0.456991 0.459703 0.459703 0.459703 0.459703 0.459703 0.459703 0.34 0.459703 0.459703 0.340033 0.459703 0.459703 0.459703 0.459703 0.459703 0.459703 0.419219 0.459703 0.459703 0.34 0.459703 0.459703 0.459703 0.459703 0.459703 0.459703 0.459703 0.459703 0.459703 0.459703 0.459703 0.459703 0.459703 0.459703 0.459703 0.459703 0.459703 0.459703 0.459703 0.459703 0.459703 0.459703 0.459703 0.459703 0.459703 0.459703 0.459703 0.459703 0.459703 0.459703 0.459703 0.459703 0.459703 0.459703 0.459703 0.459703 0.459703 0.459703 0.459703 0.459703 0.459703 0.459703 0.459703 0.459703 0.459703 0.459703 0.459703 0.459703 0.459703 0.459703 0.459703 0.459703 0.459703 0.459703 0.459703 0.459703 0.459703 0.459703 0.459703 0.459703 0.459703 0.459703 0.459703 0.459703 0.459703 0.459703 0.459703 0.459703 0.459703 0.459703 0.459703 0.459703 0.459703 0.459703 0.459703 0.459703 0.459703 0.459703 0.459703 0.459703 0.459703 0.459703 0.459703 0.459703 0.459703 0.459703 0.459703 0.459703 0.459703 0.459703 0.459703 0.459703 0.459703 0.459703 0.459703 0.459703 0.459703 0.459703 0.459703 0.459703 0.459703 0.459703 0.459703 0.459703 0.459703 0.459703 0.459703 0.459703 0.459703 0.459703 0.459703 0.459703 0.34 0.459703 0.459703 0.459703 0.459703 0.459703 0.459703 0.459703 0.459703 0.459703 0.34 0.459703 0.459703 0.459703 0.459703 0.459703 0.459703 0.459703 0.459703 0.459703 0.340042 0.459703 0.459703 0.459703 0.459703 0.459703 0.459703 0.459703 0.459703 0.459703 0.34 0.459703 0.459703 0.459703 0.459703 0.459703 0.459703 0.459703 0.459703 0.459703 0.34 0.459703 0.459703 0.459703 0.459703 0.459703 0.459703 0.459703 0.459703 0.459703 0.340238 0.459703 0.459703 0.459703 0.459703 0.459703 0.459703 0.459703 0.459703 0.459703 0.34 0.459703 0.459703 0.459703 0.459703 0.459703 0.459703 0.459703 0.459703 0.459703 0.368475 0.459703 0.459703 0.459703 0.459703 0.459703 0.459703 0.459703 0.459703 0.459703 0.458921 0.459703 0.459703 0.459703 0.459703 0.459703 0.459703 0.459703 0.459703 0.459703 0.441907 0.459703 0.459703 0.459703 0.451131 0.459703 0.459703 0.344631 0.459703 0.459703 0.459703 0.459703 0.459703 0.459703 0.413191 0.459703 0.459703 0.343664 0.459703 0.459703 0.459703 0.459703 0.459703 0.459703 0.368433 0.459703 0.459703 0.343253 0.459703 0.459703 0.459703 0.459703 0.459703 0.459703 0.34 0.459703 0.459703 0.427809 0.459703 0.459703 0.459703 0.459703 0.459703 0.459703 0.340052 0.459703 0.459703 0.340147 0.459703 0.459703 0.459703 0.459703 0.459703 0.459703 0.441432 0.459703 0.459703 0.340001 0.459703 0.459703 0.459703 0.459703 0.459703 0.459703 0.34 0.459703 0.459703 0.341553 0.459703 0.459703 0.459703 0.459703 0.459703 0.459703 0.406705 0.459703 0.459703 0.457033 0.459703 0.459703 0.459703 0.459703 0.459703 0.459703 0.420824 0.459703 0.459703 0.340001 0.459703 0.459703 0.459703 0.459703 0.459703 0.459703 0.383096 0.459703 0.459703 0.452888 0.459703 0.459703 0.459703 0.459703 0.459703 0.459703 0.459703 0.459703 0.459703 0.459703 0.459703 0.459703 0.459703 0.459703 0.459703 0.459703 0.459703 0.459703 0.459703 0.459703 0.459703 0.459703 0.459703 0.459703 0.459703 0.459703 0.459703 0.459703 0.459703 0.459703 0.459703 0.459703 0.459703 0.459703 0.459703 0.459703 0.459703 0.459703 0.459703 0.459703 0.459703 0.459703 0.459703 0.459703 0.459703 0.459703 0.459703 0.459703 0.459703 0.459703 0.459703 0.459703 0.459703 0.459703 0.459703 0.459703 0.459703 0.459703 0.459703 0.459703 0.459703 0.459703 0.459703 0.459703 0.459703 0.459703 0.459703 0.459703 0.459703 0.459703 0.459703 0.459703 0.459703 0.459703 0.459703 0.459703 0.459703 0.459703 0.459703 0.459703 0.459703 0.459703 0.459703 0.459703 0.459703 0.459703 0.459703 0.459703 0.459703 0.459703 0.459703 0.459703 0.459703 0.459703 0.459703 0.459703 0.459703 0.459703 0.459703 0.459703 0.459703 0.459703 0.459703 0.459703 0.459703 0.459703 0.459703 0.459703 0.459703 0.459703 0.459703 0.459703 0.340012 0.459703 0.459703 0.459703 0.459703 0.459703 0.459703 0.459703 0.459703 0.459703 0.459579 0.459703 0.459703 0.459703 0.459703 0.459703 0.459703 0.459703 0.459703 0.459703 0.352356 0.459703 0.459703 0.459703 0.459703 0.459703 0.459703 0.459703 0.459703 0.459703 0.34093 0.459703 0.459703 0.459703 0.459703 0.459703 0.459703 0.459703 0.459703 0.459703 0.340008 0.459703 0.459703 0.459703 0.459703 0.459703 0.459703 0.459703 0.459703 0.459703 0.34 0.459703 0.459703 0.459703 0.459703 0.459703 0.459703 0.459703 0.459703 0.459703 0.340321 0.459703 0.459703 0.459703 0.459703 0.459703 0.459703 0.459703 0.459703 0.459703 0.34 0.459703 0.459703 0.459703 0.459703 0.459703 0.459703 0.459703 0.459703 0.459703 0.34 0.459703 0.459703 0.459703 0.459703 0.459703 0.459703 0.459703 0.459703 0.459703 0.34 0.459703 0.459703 0.459703 0.459703 0.459703 0.459703 0.459703 0.459703 0.459703 0.343289 0.459703 0.459703 0.459703 0.459703 0.459703 0.459703 0.459703 0.459703 0.459703 0.340055 0.459703 0.459703 0.459703 0.459703 0.459703 0.459703 0.459703 0.459703 0.459703 0.354051 0.459703 0.459703 0.459703 0.459703 0.459703 0.459703 0.459703 0.459703 0.459703 0.340002 0.459703 0.459703 0.459703 0.459703 0.459703 0.459703 0.459703 0.459703 0.459703 0.384848 0.459703 0.459703 0.459703 0.459703 0.459703 0.459703 0.459703 0.459703 0.459703 0.458987 0.459703 0.459703 0.459703 0.459703 0.459703 0.459703 0.459703 0.459703 0.459703 0.34 0.459703 0.459703 0.459703 0.459703 0.459703 0.459703 0.459703 0.459703 0.459703 0.342019 0.459703 0.459703 0.459703 0.459703 0.459703 0.459703 0.459703 0.459703 0.459703 0.459013 0.459703 0.459703 0.459703 0.459703 0.459703 0.459703 0.459703 0.459703 0.459703 0.451891 0.459703 0.459703 0.459703 0.455857 0.459703 0.459703 0.340004 0.459703 0.459703 0.459703 0.459703 0.459703 0.459703 0.34 0.459703 0.459703 0.340007 0.459703 0.459703 0.459703 0.459703 0.459703 0.459703 0.34 0.459703 0.459703 0.429324 0.459703 0.459703 0.459703 0.459703 0.459703 0.459703 0.34 0.459703 0.459703 0.453586 0.459703 0.459703 0.459703 0.459703 0.459703 0.459703 0.445602 0.459703 0.459703 0.451576 0.459703 0.459703 0.459703 0.459703 0.459703 0.459703 0.34 0.459703 0.459703 0.45766 0.459703 0.459703 0.459703 0.459703 0.459703 0.459703 0.340001 0.459703 0.459703 0.406809 0.459703 0.459703 0.459703 0.459703 0.459703 0.459703 0.340015 0.459703 0.459703 0.34002 0.459703 0.459703 0.459703 0.459703 0.459703 0.459703 0.421649 0.459703 0.459703 0.34 0.459703 0.459703 0.459703 0.459703 0.459703 0.459703 0.3408 0.459703 0.459703 0.443852 0.459703 0.459703 0.459703 0.459703 0.459703 0.459703 0.459703 0.459703 0.459703 0.459703 0.459703 0.459703 0.459703 0.459703 0.459703 0.459703 0.459703 0.459703 0.459703 0.459703 0.459703 0.459703 0.459703 0.459703 0.459703 0.459703 0.459703 0.459703 0.459703 0.459703 0.459703 0.459703 0.459703 0.459703 0.459703 0.459703 0.459703 0.459703 0.459703 0.459703 0.459703 0.459703 0.459703 0.459703 0.459703 0.459703 0.459703 0.459703 0.459703 0.459703 0.459703 0.459703 0.459703 0.459703 0.459703 0.459703 0.459703 0.459703 0.459703 0.459703 0.459703 0.459703 0.459703 0.459703 0.459703 0.459703 0.459703 0.459703 0.459703 0.459703 0.459703 0.459703 0.459703 0.459703 0.459703 0.459703 0.459703 0.459703 0.459703 0.459703 0.459703 0.459703 0.459703 0.459703 0.459703 0.459703 0.459703 0.459703 0.459703 0.459703 0.459703 0.459703 0.459703 0.459703 0.459703 0.459703 0.459703 0.459703 0.459703 0.459703 0.459703 0.459703 0.459703 0.459703 0.459703 0.459703 0.459703 0.459703 0.459703 0.459703 0.459703 0.459703 0.342054 0.459703 0.459703 0.459703 0.459703 0.459703 0.459703 0.459703 0.459703 0.459703 0.431641 0.459703 0.459703 0.459703 0.459703 0.459703 0.459703 0.459703 0.459703 0.459703 0.34 0.459703 0.459703 0.459703 0.459703 0.459703 0.459703 0.459703 0.459703 0.459703 0.446003 0.459703 0.459703 0.459703 0.459703 0.459703 0.459703 0.459703 0.459703 0.459703 0.340198 0.459703 0.459703 0.459703 0.459703 0.459703 0.459703 0.459703 0.459703 0.459703 0.348248 0.459703 0.459703 0.459703 0.459703 0.459703 0.459703 0.459703 0.459703 0.459703 0.373972 0.459703 0.459703 0.459703 0.459703 0.459703 0.459703 0.459703 0.459703 0.459703 0.34 0.459703 0.459703 0.459703 0.459703 0.459703 0.459703 0.459703 0.459703 0.459703 0.340069 0.459703 0.459703 0.459703 0.459703 0.459703 0.459703 0.459703 0.459703 0.459703 0.370755 0.459703 0.459703 0.459703 0.439815 0.459703 0.459703 0.392686 0.459703 0.459703 0.459703 0.459703 0.459703 0.459703 0.340364 0.459703 0.459703 0.414566 0.459703 0.459703 0.459703 0.459703 0.459703 0.459703 0.357444 0.459703 0.459703 0.340134 0.459703 0.459703 0.459703 0.459703 0.459703 0.459703 0.458834 0.459703 0.459703 0.45123 0.459703 0.459703 0.459703 0.459703 0.459703 0.459703 0.340009 0.459703 0.459703 0.456458 0.459703 0.459703 0.459703 0.459703 0.459703 0.459703 0.34 0.459703 0.459703 0.349659 0.459703 0.459703 0.459703 0.459703 0.459703 0.459703 0.459308 0.459703 0.459703 0.455916 0.459703 0.459703 0.459703 0.459703 0.459703 0.459703 0.352637 0.459703 0.459703 0.36379 0.459703 0.459703 0.459703 0.459703 0.459703 0.459703 0.456349 0.459703 0.459703 0.34 0.459703 0.459703 0.459703 0.459703 0.459703 0.459703 0.455871 0.459703 0.459703 0.345614 0.459703 0.459703 0.459703 0.459703 0.459703 0.459703 0.459703 0.459703 0.459703 0.459703 0.459703 0.459703 0.459703 0.459703 0.459703 0.459703 0.459703 0.459703 0.459703 0.459703 0.459703 0.459703 0.459703 0.459703 0.459703 0.459703 0.459703 0.459703 0.459703 0.459703 0.459703 0.459703 0.459703 0.459703 0.459703 0.459703 0.459703 0.459703 0.459703 0.459703 0.459703 0.459703 0.459703 0.459703 0.459703 0.459703 0.459703 0.459703 0.459703 0.459703 0.459703 0.459703 0.459703 0.459703 0.459703 0.459703 0.459703 0.459703 0.459703 0.459703 0.459703 0.459703 0.459703 0.459703 0.459703 0.459703 0.459703 0.459703 0.459703 0.459703 0.459703 0.459703 0.459703 0.459703 0.459703 0.459703 0.459703 0.459703 0.459703 0.459703 0.459703 0.459703 0.459703 0.459703 0.459703 0.459703 0.459703 0.459703 0.459703 0.459703 0.459703 0.459703 0.459703 0.459703 0.459703 0.459703 0.459703 0.459703 0.459703 0.459703 0.459703 0.459703 0.459703 0.459703 0.459703 0.459703 0.459703 0.459703 0.459703 0.459703 0.459703 0.459703 0.36961 0.459703 0.459703 0.459703 0.459703 0.459703 0.459703 0.459703 0.459703 0.459703 0.421281 0.459703 0.459703 0.459703 0.459703 0.459703 0.459703 0.459703 0.459703 0.459703 0.388401 0.459703 0.459703 0.459703 0.459703 0.459703 0.459703 0.459703 0.459703 0.459703 0.384684 0.459703 0.459703 0.459703 0.459703 0.459703 0.459703 0.459703 0.459703 0.459703 0.459569 0.459703 0.459703 0.459703 0.459703 0.459703 0.459703 0.459703 0.459703 0.459703 0.384297 0.459703 0.459703 0.459703 0.459703 0.459703 0.459703 0.459703 0.459703 0.459703 0.340405 0.459703 0.459703 0.459703 0.459703 0.459703 0.459703 0.459703 0.459703 0.459703 0.34 0.459703 0.459703 0.459703 0.459703 0.459703 0.459703 0.459703 0.459703 0.459703 0.45222 0.459703 0.459703 0.459703 0.459703 0.459703 0.459703 0.459703 0.459703 0.459703 0.454321 0.459703 0.459703 0.459703 0.340293 0.459703 0.459703 0.351073 0.459703 0.459703 0.459703 0.459703 0.459703 0.459703 0.390655 0.459703 0.459703 0.340003 0.459703 0.459703 0.459703 0.459703 0.459703 0.459703 0.340199 0.459703 0.459703 0.34002 0.459703 0.459703 0.459703 0.459703 0.459703 0.459703 0.45693 0.459703 0.459703 0.4572 0.459703 0.459703 0.459703 0.459703 0.459703 0.459703 0.34 0.459703 0.459703 0.457841 0.459703 0.459703 0.459703 0.459703 0.459703 0.459703 0.391349 0.459703 0.459703 0.34 0.459703 0.459703 0.459703 0.459703 0.459703 0.459703 0.340818 0.459703 0.459703 0.340279 0.459703 0.459703 0.459703 0.459703 0.459703 0.459703 0.340006 0.459703 0.459703 0.457574 0.459703 0.459703 0.459703 0.459703 0.459703 0.459703 0.456544 0.459703 0.459703 0.34 0.459703 0.459703 0.459703 0.459703 0.459703 0.459703 0.340003 0.459703 0.459703 0.399462 0.459703 0.459703 0.459703 0.459703 0.459703 0.459703 0.459703 0.459703 0.459703 0.459703 0.459703 0.459703 0.459703 0.459703 0.459703 0.459703 0.459703 0.459703 0.459703 0.459703 0.459703 0.459703 0.459703 0.459703 0.459703 0.459703 0.459703 0.459703 0.459703 0.459703 0.459703 0.459703 0.459703 0.459703 0.459703 0.459703 0.459703 0.459703 0.459703 0.459703 0.459703 0.459703 0.459703 0.459703 0.459703 0.459703 0.459703 0.459703 0.459703 0.459703 0.459703 0.459703 0.459703 0.459703 0.459703 0.459703 0.459703 0.459703 0.459703 0.459703 0.459703 0.459703 0.459703 0.459703 0.459703 0.459703 0.459703 0.459703 0.459703 0.459703 0.459703 0.459703 0.459703 0.459703 0.459703 0.459703 0.459703 0.459703 0.459703 0.459703 0.459703 0.459703 0.459703 0.459703 0.459703 0.459703 0.459703 0.459703 0.459703 0.459703 0.459703 0.459703 0.459703 0.459703 0.459703 0.459703 0.459703 0.459703 0.459703 0.459703 0.459703 0.459703 0.459703 0.459703 0.459703 0.459703 0.459703 0.459703 0.459703 0.459703 0.459703 0.459703 0.34 0.459703 0.459703 0.459703 0.459703 0.459703 0.459703 0.459703 0.459703 0.459703 0.34 0.459703 0.459703 0.459703 0.459703 0.459703 0.459703 0.459703 0.459703 0.459703 0.405474 0.459703 0.459703 0.459703 0.459703 0.459703 0.459703 0.459703 0.459703 0.459703 0.34 0.459703 0.459703 0.459703 0.459703 0.459703 0.459703 0.459703 0.459703 0.459703 0.441722 0.459703 0.459703 0.459703 0.459703 0.459703 0.459703 0.459703 0.459703 0.459703 0.458846 0.459703 0.459703 0.459703 0.459703 0.459703 0.459703 0.459703 0.459703 0.459703 0.345077 0.459703 0.459703 0.459703 0.459703 0.459703 0.459703 0.459703 0.459703 0.459703 0.340003 0.459703 0.459703 0.459703 0.459703 0.459703 0.459703 0.459703 0.459703 0.459703 0.34 0.459703 0.459703 0.459703 0.459703 0.459703 0.459703 0.459703 0.459703 0.459703 0.457776 0.459703 0.459703 0.459703 0.459703 0.459703 0.459703 0.459703 0.459703 0.459703 0.382233 0.459703 0.459703 0.459703 0.459703 0.459703 0.459703 0.459703 0.459703 0.459703 0.40034 0.459703 0.459703 0.459703 0.459703 0.459703 0.459703 0.459703 0.459703 0.459703 0.344549 0.459703 0.459703 0.459703 0.459703 0.459703 0.459703 0.459703 0.459703 0.459703 0.404439 0.459703 0.459703 0.459703 0.459703 0.459703 0.459703 0.459703 0.459703 0.459703 0.34 0.459703 0.459703 0.459703 0.459703 0.459703 0.459703 0.459703 0.459703 0.459703 0.34 0.459703 0.459703 0.459703 0.459703 0.459703 0.459703 0.459703 0.459703 0.459703 0.340043 0.459703 0.459703 0.459703 0.459703 0.459703 0.459703 0.459703 0.459703 0.459703 0.447468 0.459703 0.459703 0.459703 0.459703 0.459703 0.459703 0.459703 0.459703 0.459703 0.340002 0.459703 0.459703 0.459703 0.459703 0.459703 0.459703 0.459703 0.459703 0.459703 0.340003 0.459703 0.459703 0.459703 0.423101 0.459703 0.459703 0.449908 0.459703 0.459703 0.459703 0.459703 0.459703 0.459703 0.459495 0.459703 0.459703 0.34 0.459703 0.459703 0.459703 0.459703 0.459703 0.459703 0.340031 0.459703 0.459703 0.34 0.459703 0.459703 0.459703 0.459703 0.459703 0.459703 0.34 0.459703 0.459703 0.340034 0.459703 0.459703 0.459703 0.459703 0.459703 0.459703 0.34 0.459703 0.459703 0.458832 0.459703 0.459703 0.459703 0.459703 0.459703 0.459703 0.419489 0.459703 0.459703 0.457107 0.459703 0.459703 0.459703 0.459703 0.459703 0.459703 0.436311 0.459703 0.459703 0.340278 0.459703 0.459703 0.459703 0.459703 0.459703 0.459703 0.45902 0.459703 0.459703 0.34 0.459703 0.459703 0.459703 0.459703 0.459703 0.459703 0.342453 0.459703 0.459703 0.432162 0.459703 0.459703 0.459703 0.459703 0.459703 0.459703 0.458161 0.459703 0.459703 0.445532 0.459703 0.459703 0.459703 0.459703 0.459703 0.459703 0.459703 0.459703 0.459703 0.459703 0.459703 0.459703 0.459703 0.459703 0.459703 0.459703 0.459703 0.459703 0.459703 0.459703 0.459703 0.459703 0.459703 0.459703 0.459703 0.459703 0.459703 0.459703 0.459703 0.459703 0.459703 0.459703 0.459703 0.459703 0.459703 0.459703 0.459703 0.459703 0.459703 0.459703 0.459703 0.459703 0.459703 0.459703 0.459703 0.459703 0.459703 0.459703 0.459703 0.459703 0.459703 0.459703 0.459703 0.459703 0.459703 0.459703 0.459703 0.459703 0.459703 0.459703 0.459703 0.459703 0.459703 0.459703 0.459703 0.459703 0.459703 0.459703 0.459703 0.459703 0.459703 0.459703 0.459703 0.459703 0.459703 0.459703 0.459703 0.459703 0.459703 0.459703 0.459703 0.459703 0.459703 0.459703 0.459703 0.459703 0.459703 0.459703 0.459703 0.459703 0.459703 0.459703 0.459703 0.459703 0.459703 0.459703 0.459703 0.459703 0.459703 0.459703 0.459703 0.459703 0.459703 0.459703 0.459703 0.459703 0.459703 0.459703 0.459703 0.459703 0.459703 0.459703 0.34 0.459703 0.459703 0.459703 0.459703 0.459703 0.459703 0.459703 0.459703 0.459703 0.457512 0.459703 0.459703 0.459703 0.459703 0.459703 0.459703 0.459703 0.459703 0.459703 0.34 0.459703 0.459703 0.459703 0.459703 0.459703 0.459703 0.459703 0.459703 0.459703 0.448314 0.459703 0.459703 0.459703 0.459703 0.459703 0.459703 0.459703 0.459703 0.459703 0.459467 0.459703 0.459703 0.459703 0.459703 0.459703 0.459703 0.459703 0.459703 0.459703 0.444695 0.459703 0.459703 0.459703 0.459703 0.459703 0.459703 0.459703 0.459703 0.459703 0.454247 0.459703 0.459703 0.459703 0.459703 0.459703 0.459703 0.459703 0.459703 0.459703 0.42079 0.459703 0.459703 0.459703 0.459703 0.459703 0.459703 0.459703 0.459703 0.459703 0.344433 0.459703 0.459703 0.459703 0.459703 0.459703 0.459703 0.459703 0.459703 0.459703 0.34 0.459703 0.459703 0.459703 0.34 0.459703 0.459703 0.354469 0.459703 0.459703 0.459703 0.459703 0.459703 0.459703 0.34 0.459703 0.459703 0.34 0.459703 0.459703 0.459703 0.459703 0.459703 0.459703 0.34 0.459703 0.459703 0.45881 0.459703 0.459703 0.459703 0.459703 0.459703 0.459703 0.340844 0.459703 0.459703 0.34 0.459703 0.459703 0.459703 0.459703 0.459703 0.459703 0.34 0.459703 0.459703 0.405835 0.459703 0.459703 0.459703 0.459703 0.459703 0.459703 0.34 0.459703 0.459703 0.402383 0.459703 0.459703 0.459703 0.459703 0.459703 0.459703 0.34 0.459703 0.459703 0.34 0.459703 0.459703 0.459703 0.459703 0.459703 0.459703 0.420739 0.459703 0.459703 0.34 0.459703 0.459703 0.459703 0.459703 0.459703 0.459703 0.361916 0.459703 0.459703 0.34 0.459703 0.459703 0.459703 0.459703 0.459703 0.459703 0.424101 0.459703 0.459703 0.456718 0.459703 0.459703 0.459703 0.459703 0.459703 0.459703 0.459703 0.459703 0.459703 0.459703 0.459703 0.459703 0.459703 0.459703 0.459703 0.459703 0.459703 0.459703 0.459703 0.459703 0.459703 0.459703 0.459703 0.459703 0.459703 0.459703 0.459703 0.459703 0.459703 0.459703 0.459703 0.459703 0.459703 0.459703 0.459703 0.459703 0.459703 0.459703 0.459703 0.459703 0.459703 0.459703 0.459703 0.459703 0.459703 0.459703 0.459703 0.459703 0.459703 0.459703 0.459703 0.459703 0.459703 0.459703 0.459703 0.459703 0.459703 0.459703 0.459703 0.459703 0.459703 0.459703 0.459703 0.459703 0.459703 0.459703 0.459703 0.459703 0.459703 0.459703 0.459703 0.459703 0.459703 0.459703 0.459703 0.459703 0.459703 0.459703 0.459703 0.459703 0.459703 0.459703 0.459703 0.459703 0.459703 0.459703 0.459703 0.459703 0.459703 0.459703 0.459703 0.459703 0.459703 0.459703 0.459703 0.459703 0.459703 0.459703 0.459703 0.459703 0.459703 0.459703 0.459703 0.459703 0.459703 0.459703 0.459703 0.459703 0.459703 0.459703 0.459703 0.459703 0.379929 0.459703 0.459703 0.459703 0.459703 0.459703 0.459703 0.459703 0.459703 0.459703 0.34 0.459703 0.459703 0.459703 0.459703 0.459703 0.459703 0.459703 0.459703 0.459703 0.340006 0.459703 0.459703 0.459703 0.459703 0.459703 0.459703 0.459703 0.459703 0.459703 0.345668 0.459703 0.459703 0.459703 0.459703 0.459703 0.459703 0.459703 0.459703 0.459703 0.340107 0.459703 0.459703 0.459703 0.459703 0.459703 0.459703 0.459703 0.459703 0.459703 0.378565 0.459703 0.459703 0.459703 0.459703 0.459703 0.459703 0.459703 0.459703 0.459703 0.340598 0.459703 0.459703 0.459703 0.459703 0.459703 0.459703 0.459703 0.459703 0.459703 0.34 0.459703 0.459703 0.459703 0.459703 0.459703 0.459703 0.459703 0.459703 0.459703 0.343379 0.459703 0.459703 0.459703 0.459703 0.459703 0.459703 0.459703 0.459703 0.459703 0.343504 0.459703 0.459703 0.459703 0.459426 0.459703 0.459703 0.411503 0.459703 0.459703 0.459703 0.459703 0.459703 0.459703 0.34 0.459703 0.459703 0.34 0.459703 0.459703 0.459703 0.459703 0.459703 0.459703 0.423056 0.459703 0.459703 0.34 0.459703 0.459703 0.459703 0.459703 0.459703 0.459703 0.34 0.459703 0.459703 0.340497 0.459703 0.459703 0.459703 0.459703 0.459703 0.459703 0.34 0.459703 0.459703 0.340107 0.459703 0.459703 0.459703 0.459703 0.459703 0.459703 0.350318 0.459703 0.459703 0.402575 0.459703 0.459703 0.459703 0.459703 0.459703 0.459703 0.34 0.459703 0.459703 0.430925 0.459703 0.459703 0.459703 0.459703 0.459703 0.459703 0.34 0.459703 0.459703 0.4586 0.459703 0.459703 0.459703 0.459703 0.459703 0.459703 0.34485 0.459703 0.459703 0.340003 0.459703 0.459703 0.459703 0.459703 0.459703 0.459703 0.340012 0.459703 0.459703 0.34 0.459703 0.459703 0.459703 0.459703 0.459703 0.459703 0.459703 0.459703 0.459703 0.459703 0.459703 0.459703 0.459703 0.459703 0.459703 0.459703 0.459703 0.459703 0.459703 0.459703 0.459703 0.459703 0.459703 0.459703 0.459703 0.459703 0.459703 0.459703 0.459703 0.459703 0.459703 0.459703 0.459703 0.459703 0.459703 0.459703 0.459703 0.459703 0.459703 0.459703 0.459703 0.459703 0.459703 0.459703 0.459703 0.459703 0.459703 0.459703 0.459703 0.459703 0.459703 0.459703 0.459703 0.459703 0.459703 0.459703 0.459703 0.459703 0.459703 0.459703 0.459703 0.459703 0.459703 0.459703 0.459703 0.459703 0.459703 0.459703 0.459703 0.459703 0.459703 0.459703 0.459703 0.459703 0.459703 0.459703 0.459703 0.459703 0.459703 0.459703 0.459703 0.459703 0.459703 0.459703 0.459703 0.459703 0.459703 0.459703 0.459703 0.459703 0.459703 0.459703 0.459703 0.459703 0.459703 0.459703 0.459703 0.459703 0.459703 0.459703 0.459703 0.459703 0.459703 0.459703 0.459703 0.459703 0.459703 0.459703 0.459703 0.459703 0.459703 0.459703 0.40046 0.459703 0.459703 0.459703 0.459703 0.459703 0.459703 0.459703 0.459703 0.459703 0.344573 0.459703 0.459703 0.459703 0.459703 0.459703 0.459703 0.459703 0.459703 0.459703 0.340144 0.459703 0.459703 0.459703 0.459703 0.459703 0.459703 0.459703 0.459703 0.459703 0.34 0.459703 0.459703 0.459703 0.459703 0.459703 0.459703 0.459703 0.459703 0.459703 0.45776 0.459703 0.459703 0.459703 0.459703 0.459703 0.459703 0.459703 0.459703 0.459703 0.35926 0.459703 0.459703 0.459703 0.459703 0.459703 0.459703 0.459703 0.459703 0.459703 0.351304 0.459703 0.459703 0.459703 0.459703 0.459703 0.459703 0.459703 0.459703 0.459703 0.458828 0.459703 0.459703 0.459703 0.459703 0.459703 0.459703 0.459703 0.459703 0.459703 0.343883 0.459703 0.459703 0.459703 0.459703 0.459703 0.459703 0.459703 0.459703 0.459703 0.34 0.459703 0.459703 0.459703 0.459703 0.459703 0.459703 0.459703 0.459703 0.459703 0.342184 0.459703 0.459703 0.459703 0.459703 0.459703 0.459703 0.459703 0.459703 0.459703 0.34 0.459703 0.459703 0.459703 0.459703 0.459703 0.459703 0.459703 0.459703 0.459703 0.456661 0.459703 0.459703 0.459703 0.459703 0.459703 0.459703 0.459703 0.459703 0.459703 0.34 0.459703 0.459703 0.459703 0.459703 0.459703 0.459703 0.459703 0.459703 0.459703 0.434594 0.459703 0.459703 0.459703 0.459703 0.459703 0.459703 0.459703 0.459703 0.459703 0.34006 0.459703 0.459703 0.459703 0.459703 0.459703 0.459703 0.459703 0.459703 0.459703 0.443034 0.459703 0.459703 0.459703 0.459703 0.459703 0.459703 0.459703 0.459703 0.459703 0.34 0.459703 0.459703 0.459703 0.459703 0.459703 0.459703 0.459703 0.459703 0.459703 0.458737 0.459703 0.459703 0.459703 0.459703 0.459703 0.459703 0.459703 0.459703 0.459703 0.428401 0.459703 0.459703 0.459703 0.350999 0.459703 0.459703 0.340098 0.459703 0.459703 0.459703 0.459703 0.459703 0.459703 0.445131 0.459703 0.459703 0.34 0.459703 0.459703 0.459703 0.459703 0.459703 0.459703 0.398759 0.459703 0.459703 0.34 0.459703 0.459703 0.459703 0.459703 0.459703 0.459703 0.340045 0.459703 0.459703 0.340518 0.459703 0.459703 0.459703 0.459703 0.459703 0.459703 0.459087 0.459703 0.459703 0.34 0.459703 0.459703 0.459703 0.459703 0.459703 0.459703 0.395372 0.459703 0.459703 0.340497 0.459703 0.459703 0.459703 0.459703 0.459703 0.459703 0.340013 0.459703 0.459703 0.34 0.459703 0.459703 0.459703 0.459703 0.459703 0.459703 0.350379 0.459703 0.459703 0.374209 0.459703 0.459703 0.459703 0.459703 0.459703 0.459703 0.340016 0.459703 0.459703 0.340872 0.459703 0.459703 0.459703 0.459703 0.459703 0.459703 0.340006 0.459703 0.459703 0.455583 0.459703 0.459703 0.459703 0.459703 0.459703 0.459703 0.459703 0.459703 0.459703 0.459703 0.459703 0.459703 0.459703 0.459703 0.459703 0.459703 0.459703 0.459703 0.459703 0.459703 0.459703 0.459703 0.459703 0.459703 0.459703 0.459703 0.459703 0.459703 0.459703 0.459703 0.459703 0.459703 0.459703 0.459703 0.459703 0.459703 0.459703 0.459703 0.459703 0.459703 0.459703 0.459703 0.459703 0.459703 0.459703 0.459703 0.459703 0.459703 0.459703 0.459703 0.459703 0.459703 0.459703 0.459703 0.459703 0.459703 0.459703 0.459703 0.459703 0.459703 0.459703 0.459703 0.459703 0.459703 0.459703 0.459703 0.459703 0.459703 0.459703 0.459703 0.459703 0.459703 0.459703 0.459703 0.459703 0.459703 0.459703 0.459703 0.459703 0.459703 0.459703 0.459703 0.459703 0.459703 0.459703 0.459703 0.459703 0.459703 0.459703 0.459703 0.459703 0.459703 0.459703 0.459703 0.459703 0.459703 0.459703 0.459703 0.459703 0.459703 0.459703 0.459703 0.459703 0.459703 0.459703 0.459703 0.459703 0.459703 0.459703 0.459703 0.459703 0.459703 0.435408 0.459703 0.459703 0.459703 0.459703 0.459703 0.459703 0.459703 0.459703 0.459703 0.429065 0.459703 0.459703 0.459703 0.459703 0.459703 0.459703 0.459703 0.459703 0.459703 0.34 0.459703 0.459703 0.459703 0.459703 0.459703 0.459703 0.459703 0.459703 0.459703 0.45723 0.459703 0.459703 0.459703 0.459703 0.459703 0.459703 0.459703 0.459703 0.459703 0.347968 0.459703 0.459703 0.459703 0.459703 0.459703 0.459703 0.459703 0.459703 0.459703 0.340306 0.459703 0.459703 0.459703 0.459703 0.459703 0.459703 0.459703 0.459703 0.459703 0.447464 0.459703 0.459703 0.459703 0.459703 0.459703 0.459703 0.459703 0.459703 0.459703 0.34 0.459703 0.459703 0.459703 0.459703 0.459703 0.459703 0.459703 0.459703 0.459703 0.458384 0.459703 0.459703 0.459703 0.459703 0.459703 0.459703 0.459703 0.459703 0.459703 0.456322 0.459703 0.459703 0.459703 0.364349 0.459703 0.459703 0.437003 0.459703 0.459703 0.459703 0.459703 0.459703 0.459703 0.34 0.459703 0.459703 0.346605 0.459703 0.459703 0.459703 0.459703 0.459703 0.459703 0.340079 0.459703 0.459703 0.34 0.459703 0.459703 0.459703 0.459703 0.459703 0.459703 0.34 0.459703 0.459703 0.366269 0.459703 0.459703 0.459703 0.459703 0.459703 0.459703 0.457933 0.459703 0.459703 0.340001 0.459703 0.459703 0.459703 0.459703 0.459703 0.459703 0.442798 0.459703 0.459703 0.348144 0.459703 0.459703 0.459703 0.459703 0.459703 0.459703 0.444113 0.459703 0.459703 0.39678 0.459703 0.459703 0.459703 0.459703 0.459703 0.459703 0.451946 0.459703 0.459703 0.41822 0.459703 0.459703 0.459703 0.459703 0.459703 0.459703 0.34 0.459703 0.459703 0.435604 0.459703 0.459703 0.459703 0.459703 0.459703 0.459703 0.34009 0.459703 0.459703 0.34 0.459703 0.459703 0.459703 0.459703 0.459703 0.459703 0.459703 0.459703 0.459703 0.459703 0.459703 0.459703 0.459703 0.459703 0.459703 0.459703 0.459703 0.459703 0.459703 0.459703 0.459703 0.459703 0.459703 0.459703 0.459703 0.459703 0.459703 0.459703 0.459703 0.459703 0.459703 0.459703 0.459703 0.459703 0.459703 0.459703 0.459703 0.459703 0.459703 0.459703 0.459703 0.459703 0.459703 0.459703 0.459703 0.459703 0.459703 0.459703 0.459703 0.459703 0.459703 0.459703 0.459703 0.459703 0.459703 0.459703 0.459703 0.459703 0.459703 0.459703 0.459703 0.459703 0.459703 0.459703 0.459703 0.459703 0.459703 0.459703 0.459703 0.459703 0.459703 0.459703 0.459703 0.459703 0.459703 0.459703 0.459703 0.459703 0.459703 0.459703 0.459703 0.459703 0.459703 0.459703 0.459703 0.459703 0.459703 0.459703 0.459703 0.459703 0.459703 0.459703 0.459703 0.459703 0.459703 0.459703 0.459703 0.459703 0.459703 0.459703 0.459703 0.459703 0.459703 0.459703 0.459703 0.459703 0.459703 0.459703 0.459703 0.459703 0.459703 0.459703 0.458809 0.459703 0.459703 0.459703 0.459703 0.459703 0.459703 0.459703 0.459703 0.459703 0.427684 0.459703 0.459703 0.459703 0.459703 0.459703 0.459703 0.459703 0.459703 0.459703 0.34028 0.459703 0.459703 0.459703 0.459703 0.459703 0.459703 0.459703 0.459703 0.459703 0.340788 0.459703 0.459703 0.459703 0.459703 0.459703 0.459703 0.459703 0.459703 0.459703 0.340004 0.459703 0.459703 0.459703 0.459703 0.459703 0.459703 0.459703 0.459703 0.459703 0.340491 0.459703 0.459703 0.459703 0.459703 0.459703 0.459703 0.459703 0.459703 0.459703 0.416477 0.459703 0.459703 0.459703 0.459703 0.459703 0.459703 0.459703 0.459703 0.459703 0.448197 0.459703 0.459703 0.459703 0.459703 0.459703 0.459703 0.459703 0.459703 0.459703 0.34004 0.459703 0.459703 0.459703 0.459703 0.459703 0.459703 0.459703 0.459703 0.459703 0.34 0.459703 0.459703 0.459703 0.34 0.459703 0.459703 0.45707 0.459703 0.459703 0.459703 0.459703 0.459703 0.459703 0.341686 0.459703 0.459703 0.45947 0.459703 0.459703 0.459703 0.459703 0.459703 0.459703 0.34 0.459703 0.459703 0.450216 0.459703 0.459703 0.459703 0.459703 0.459703 0.459703 0.34 0.459703 0.459703 0.458907 0.459703 0.459703 0.459703 0.459703 0.459703 0.459703 0.387984 0.459703 0.459703 0.34002 0.459703 0.459703 0.459703 0.459703 0.459703 0.459703 0.414405 0.459703 0.459703 0.34 0.459703 0.459703 0.459703 0.459703 0.459703 0.459703 0.340049 0.459703 0.459703 0.34 0.459703 0.459703 0.459703 0.459703 0.459703 0.459703 0.341001 0.459703 0.459703 0.458212 0.459703 0.459703 0.459703 0.459703 0.459703 0.459703 0.340603 0.459703 0.459703 0.34 0.459703 0.459703 0.459703 0.459703 0.459703 0.459703 0.340005 0.459703 0.459703 0.34 0.459703 0.459703 0.459703 0.459703 0.459703 0.459703 0.459703 0.459703 0.459703 0.459703 0.459703 0.459703 0.459703 0.459703 0.459703 0.459703 0.459703 0.459703 0.459703 0.459703 0.459703 0.459703 0.459703 0.459703 0.459703 0.459703 0.459703 0.459703 0.459703 0.459703 0.459703 0.459703 0.459703 0.459703 0.459703 0.459703 0.459703 0.459703 0.459703 0.459703 0.459703 0.459703 0.459703 0.459703 0.459703 0.459703 0.459703 0.459703 0.459703 0.459703 0.459703 0.459703 0.459703 0.459703 0.459703 0.459703 0.459703 0.459703 0.459703 0.459703 0.459703 0.459703 0.459703 0.459703 0.459703 0.459703 0.459703 0.459703 0.459703 0.459703 0.459703 0.459703 0.459703 0.459703 0.459703 0.459703 0.459703 0.459703 0.459703 0.459703 0.459703 0.459703 0.459703 0.459703 0.459703 0.459703 0.459703 0.459703 0.459703 0.459703 0.459703 0.459703 0.459703 0.459703 0.459703 0.459703 0.459703 0.459703 0.459703 0.459703 0.459703 0.459703 0.459703 0.459703 0.459703 0.459703 0.459703 0.459703 0.459703 0.459703 0.459703 0.459703 0.449494 0.459703 0.459703 0.459703 0.459703 0.459703 0.459703 0.459703 0.459703 0.459703 0.353522 0.459703 0.459703 0.459703 0.459703 0.459703 0.459703 0.459703 0.459703 0.459703 0.459386 0.459703 0.459703 0.459703 0.459703 0.459703 0.459703 0.459703 0.459703 0.459703 0.429449 0.459703 0.459703 0.459703 0.459703 0.459703 0.459703 0.459703 0.459703 0.459703 0.34 0.459703 0.459703 0.459703 0.459703 0.459703 0.459703 0.459703 0.459703 0.459703 0.340001 0.459703 0.459703 0.459703 0.459703 0.459703 0.459703 0.459703 0.459703 0.459703 0.340027 0.459703 0.459703 0.459703 0.459703 0.459703 0.459703 0.459703 0.459703 0.459703 0.34 0.459703 0.459703 0.459703 0.459703 0.459703 0.459703 0.459703 0.459703 0.459703 0.340207 0.459703 0.459703 0.459703 0.459703 0.459703 0.459703 0.459703 0.459703 0.459703 0.458024 0.459703 0.459703 
0.469654 0.469654 0.469654 0.469654 0.469654 0.469654 0.469654 0.408217 0.469654 0.469654 0.469654 0.469654 0.469654 0.469654 0.469654 0.469654 0.469654 0.33 0.469654 0.469654 0.469654 0.469654 0.469654 0.469654 0.469654 0.469654 0.469654 0.330003 0.469654 0.469654 0.469654 0.469654 0.469654 0.469654 0.469654 0.469654 0.469654 0.469142 0.469654 0.469654 0.469654 0.469654 0.469654 0.469654 0.469654 0.469654 0.469654 0.330263 0.469654 0.469654 0.469654 0.469654 0.469654 0.469654 0.469654 0.469654 0.469654 0.330024 0.469654 0.469654 0.469654 0.469654 0.469654 0.469654 0.469654 0.469654 0.469654 0.330058 0.469654 0.469654 0.469654 0.469654 0.469654 0.469654 0.469654 0.469654 0.469654 0.468788 0.469654 0.469654 0.469654 0.469654 0.469654 0.469654 0.469654 0.469654 0.469654 0.465419 0.469654 0.469654 0.469654 0.469654 0.469654 0.469654 0.469654 0.469654 0.469654 0.330046 0.469654 0.469654 0.469654 0.434999 0.469654 0.469654 0.33 0.469654 0.469654 0.469654 0.469654 0.469654 0.469654 0.391474 0.469654 0.469654 0.368701 0.469654 0.469654 0.469654 0.469654 0.469654 0.469654 0.330264 0.469654 0.469654 0.330003 0.469654 0.469654 0.469654 0.469654 0.469654 0.469654 0.463984 0.469654 0.469654 0.33 0.469654 0.469654 0.469654 0.469654 0.469654 0.469654 0.462253 0.469654 0.469654 0.346184 0.469654 0.469654 0.469654 0.469654 0.469654 0.469654 0.462841 0.469654 0.469654 0.330039 0.469654 0.469654 0.469654 0.469654 0.469654 0.469654 0.330711 0.469654 0.469654 0.330172 0.469654 0.469654 0.469654 0.469654 0.469654 0.469654 0.337889 0.469654 0.469654 0.33 0.469654 0.469654 0.469654 0.469654 0.469654 0.469654 0.469081 0.469654 0.469654 0.464259 0.469654 0.469654 0.469654 0.469654 0.469654 0.469654 0.33 0.469654 0.469654 0.330001 0.469654 0.469654 0.469654 0.469654 0.469654 0.469654 0.469654 0.469654 0.469654 0.469654 0.469654 0.469654 0.469654 0.469654 0.469654 0.469654 0.469654 0.469654 0.469654 0.469654 0.469654 0.469654 0.469654 0.469654 0.469654 0.469654 0.469654 0.469654 0.469654 0.469654 0.469654 0.469654 0.469654 0.469654 0.469654 0.469654 0.469654 0.469654 0.469654 0.469654 0.469654 0.469654 0.469654 0.469654 0.469654 0.469654 0.469654 0.469654 0.469654 0.469654 0.469654 0.469654 0.469654 0.469654 0.469654 0.469654 0.469654 0.469654 0.469654 0.469654 0.469654 0.469654 0.469654 0.469654 0.469654 0.469654 0.469654 0.469654 0.469654 0.469654 0.469654 0.469654 0.469654 0.469654 0.469654 0.469654 0.469654 0.469654 0.469654 0.469654 0.469654 0.469654 0.469654 0.469654 0.469654 0.469654 0.469654 0.469654 0.469654 0.469654 0.469654 0.469654 0.469654 0.469654 0.469654 0.469654 0.469654 0.469654 0.469654 0.469654 0.469654 0.469654 0.469654 0.469654 0.469654 0.469654 0.469654 0.469654 0.469654 0.469654 0.469654 0.469654 0.33 0.469654 0.469654 0.469654 0.469654 0.469654 0.469654 0.469654 0.469654 0.469654 0.450197 0.469654 0.469654 0.469654 0.469654 0.469654 0.469654 0.469654 0.469654 0.469654 0.33 0.469654 0.469654 0.469654 0.469654 0.469654 0.469654 0.469654 0.469654 0.469654 0.33 0.469654 0.469654 0.469654 0.469654 0.469654 0.469654 0.469654 0.469654 0.469654 0.46431 0.469654 0.469654 0.469654 0.469654 0.469654 0.469654 0.469654 0.469654 0.469654 0.362608 0.469654 0.469654 0.469654 0.469654 0.469654 0.469654 0.469654 0.469654 0.469654 0.33 0.469654 0.469654 0.469654 0.469654 0.469654 0.469654 0.469654 0.469654 0.469654 0.352683 0.469654 0.469654 0.469654 0.469654 0.469654 0.469654 0.469654 0.469654 0.469654 0.469492 0.469654 0.469654 0.469654 0.469654 0.469654 0.469654 0.469654 0.469654 0.469654 0.468557 0.469654 0.469654 0.469654 0.385585 0.469654 0.469654 0.376637 0.469654 0.469654 0.469654 0.469654 0.469654 0.469654 0.33 0.469654 0.469654 0.330044 0.469654 0.469654 0.469654 0.469654 0.469654 0.469654 0.344009 0.469654 0.469654 0.431664 0.469654 0.469654 0.469654 0.469654 0.469654 0.469654 0.330959 0.469654 0.469654 0.388211 0.469654 0.469654 0.469654 0.469654 0.469654 0.469654 0.33 0.469654 0.469654 0.427583 0.469654 0.469654 0.469654 0.469654 0.469654 0.469654 0.466845 0.469654 0.469654 0.463126 0.469654 0.469654 0.469654 0.469654 0.469654 0.469654 0.33 0.469654 0.469654 0.330056 0.469654 0.469654 0.469654 0.469654 0.469654 0.469654 0.33 0.469654 0.469654 0.33 0.469654 0.469654 0.469654 0.469654 0.469654 0.469654 0.439558 0.469654 0.469654 0.407107 0.469654 0.469654 0.469654 0.469654 0.469654 0.469654 0.33 0.469654 0.469654 0.330017 0.469654 0.469654 0.469654 0.469654 0.469654 0.469654 0.469654 0.469654 0.469654 0.469654 0.469654 0.469654 0.469654 0.469654 0.469654 0.469654 0.469654 0.469654 0.469654 0.469654 0.469654 0.469654 0.469654 0.469654 0.469654 0.469654 0.469654 0.469654 0.469654 0.469654 0.469654 0.469654 0.469654 0.469654 0.469654 0.469654 0.469654 0.469654 0.469654 0.469654 0.469654 0.469654 0.469654 0.469654 0.469654 0.469654 0.469654 0.469654 0.469654 0.469654 0.469654 0.469654 0.469654 0.469654 0.469654 0.469654 0.469654 0.469654 0.469654 0.469654 0.469654 0.469654 0.469654 0.469654 0.469654 0.469654 0.469654 0.469654 0.469654 0.469654 0.469654 0.469654 0.469654 0.469654 0.469654 0.469654 0.469654 0.469654 0.469654 0.469654 0.469654 0.469654 0.469654 0.469654 0.469654 0.469654 0.469654 0.469654 0.469654 0.469654 0.469654 0.469654 0.469654 0.469654 0.469654 0.469654 0.469654 0.469654 0.469654 0.469654 0.469654 0.469654 0.469654 0.469654 0.469654 0.469654 0.469654 0.469654 0.469654 0.469654 0.469654 0.469654 0.330018 0.469654 0.469654 0.469654 0.469654 0.469654 0.469654 0.469654 0.469654 0.469654 0.33 0.469654 0.469654 0.469654 0.469654 0.469654 0.469654 0.469654 0.469654 0.469654 0.33 0.469654 0.469654 0.469654 0.469654 0.469654 0.469654 0.469654 0.469654 0.469654 0.330067 0.469654 0.469654 0.469654 0.469654 0.469654 0.469654 0.469654 0.469654 0.469654 0.442192 0.469654 0.469654 0.469654 0.469654 0.469654 0.469654 0.469654 0.469654 0.469654 0.469242 0.469654 0.469654 0.469654 0.469654 0.469654 0.469654 0.469654 0.469654 0.469654 0.331691 0.469654 0.469654 0.469654 0.469654 0.469654 0.469654 0.469654 0.469654 0.469654 0.43001 0.469654 0.469654 0.469654 0.469654 0.469654 0.469654 0.469654 0.469654 0.469654 0.33 0.469654 0.469654 0.469654 0.469654 0.469654 0.469654 0.469654 0.469654 0.469654 0.33043 0.469654 0.469654 0.469654 0.33 0.469654 0.469654 0.331841 0.469654 0.469654 0.469654 0.469654 0.469654 0.469654 0.338494 0.469654 0.469654 0.330051 0.469654 0.469654 0.469654 0.469654 0.469654 0.469654 0.45887 0.469654 0.469654 0.439105 0.469654 0.469654 0.469654 0.469654 0.469654 0.469654 0.445414 0.469654 0.469654 0.467578 0.469654 0.469654 0.469654 0.469654 0.469654 0.469654 0.40443 0.469654 0.469654 0.330001 0.469654 0.469654 0.469654 0.469654 0.469654 0.469654 0.33 0.469654 0.469654 0.335213 0.469654 0.469654 0.469654 0.469654 0.469654 0.469654 0.330501 0.469654 0.469654 0.33 0.469654 0.469654 0.469654 0.469654 0.469654 0.469654 0.46897 0.469654 0.469654 0.330123 0.469654 0.469654 0.469654 0.469654 0.469654 0.469654 0.33 0.469654 0.469654 0.33 0.469654 0.469654 0.469654 0.469654 0.469654 0.469654 0.33 0.469654 0.469654 0.433843 0.469654 0.469654 0.469654 0.469654 0.469654 0.469654 0.469654 0.469654 0.469654 0.469654 0.469654 0.469654 0.469654 0.469654 0.469654 0.469654 0.469654 0.469654 0.469654 0.469654 0.469654 0.469654 0.469654 0.469654 0.469654 0.469654 0.469654 0.469654 0.469654 0.469654 0.469654 0.469654 0.469654 0.469654 0.469654 0.469654 0.469654 0.469654 0.469654 0.469654 0.469654 0.469654 0.469654 0.469654 0.469654 0.469654 0.469654 0.469654 0.469654 0.469654 0.469654 0.469654 0.469654 0.469654 0.469654 0.469654 0.469654 0.469654 0.469654 0.469654 0.469654 0.469654 0.469654 0.469654 0.469654 0.469654 0.469654 0.469654 0.469654 0.469654 0.469654 0.469654 0.469654 0.469654 0.469654 0.469654 0.469654 0.469654 0.469654 0.469654 0.469654 0.469654 0.469654 0.469654 0.469654 0.469654 0.469654 0.469654 0.469654 0.469654 0.469654 0.469654 0.469654 0.469654 0.469654 0.469654 0.469654 0.469654 0.469654 0.469654 0.469654 0.469654 0.469654 0.469654 0.469654 0.469654 0.469654 0.469654 0.469654 0.469654 0.469654 0.469654 0.452079 0.469654 0.469654 0.469654 0.469654 0.469654 0.469654 0.469654 0.469654 0.469654 0.445787 0.469654 0.469654 0.469654 0.469654 0.469654 0.469654 0.469654 0.469654 0.469654 0.33 0.469654 0.469654 0.469654 0.469654 0.469654 0.469654 0.469654 0.469654 0.469654 0.333713 0.469654 0.469654 0.469654 0.469654 0.469654 0.469654 0.469654 0.469654 0.469654 0.440217 0.469654 0.469654 0.469654 0.469654 0.469654 0.469654 0.469654 0.469654 0.469654 0.460789 0.469654 0.469654 0.469654 0.469654 0.469654 0.469654 0.469654 0.469654 0.469654 0.407024 0.469654 0.469654 0.469654 0.469654 0.469654 0.469654 0.469654 0.469654 0.469654 0.46422 0.469654 0.469654 0.469654 0.469654 0.469654 0.469654 0.469654 0.469654 0.469654 0.33 0.469654 0.469654 0.469654 0.469654 0.469654 0.469654 0.469654 0.469654 0.469654 0.464613 0.469654 0.469654 0.469654 0.469654 0.469654 0.469654 0.469654 0.469654 0.469654 0.337347 0.469654 0.469654 0.469654 0.469654 0.469654 0.469654 0.469654 0.469654 0.469654 0.33 0.469654 0.469654 0.469654 0.469654 0.469654 0.469654 0.469654 0.469654 0.469654 0.330001 0.469654 0.469654 0.469654 0.469654 0.469654 0.469654 0.469654 0.469654 0.469654 0.33 0.469654 0.469654 0.469654 0.469654 0.469654 0.469654 0.469654 0.469654 0.469654 0.33 0.469654 0.469654 0.469654 0.469654 0.469654 0.469654 0.469654 0.469654 0.469654 0.43998 0.469654 0.469654 0.469654 0.469654 0.469654 0.469654 0.469654 0.469654 0.469654 0.389284 0.469654 0.469654 0.469654 0.469654 0.469654 0.469654 0.469654 0.469654 0.469654 0.33 0.469654 0.469654 0.469654 0.469654 0.469654 0.469654 0.469654 0.469654 0.469654 0.330001 0.469654 0.469654 0.469654 0.469654 0.469654 0.469654 0.469654 0.469654 0.469654 0.330124 0.469654 0.469654 0.469654 0.33 0.469654 0.469654 0.351074 0.469654 0.469654 0.469654 0.469654 0.469654 0.469654 0.335782 0.469654 0.469654 0.3314 0.469654 0.469654 0.469654 0.469654 0.469654 0.469654 0.330003 0.469654 0.469654 0.330005 0.469654 0.469654 0.469654 0.469654 0.469654 0.469654 0.33 0.469654 0.469654 0.33 0.469654 0.469654 0.469654 0.469654 0.469654 0.469654 0.330294 0.469654 0.469654 0.337761 0.469654 0.469654 0.469654 0.469654 0.469654 0.469654 0.33 0.469654 0.469654 0.33 0.469654 0.469654 0.469654 0.469654 0.469654 0.469654 0.33 0.469654 0.469654 0.33 0.469654 0.469654 0.469654 0.469654 0.469654 0.469654 0.33 0.469654 0.469654 0.33 0.469654 0.469654 0.469654 0.469654 0.469654 0.469654 0.46806 0.469654 0.469654 0.330404 0.469654 0.469654 0.469654 0.469654 0.469654 0.469654 0.330024 0.469654 0.469654 0.330238 0.469654 0.469654 0.469654 0.469654 0.469654 0.469654 0.469654 0.469654 0.469654 0.469654 0.469654 0.469654 0.469654 0.469654 0.469654 0.469654 0.469654 0.469654 0.469654 0.469654 0.469654 0.469654 0.469654 0.469654 0.469654 0.469654 0.469654 0.469654 0.469654 0.469654 0.469654 0.469654 0.469654 0.469654 0.469654 0.469654 0.469654 0.469654 0.469654 0.469654 0.469654 0.469654 0.469654 0.469654 0.469654 0.469654 0.469654 0.469654 0.469654 0.469654 0.469654 0.469654 0.469654 0.469654 0.469654 0.469654 0.469654 0.469654 0.469654 0.469654 0.469654 0.469654 0.469654 0.469654 0.469654 0.469654 0.469654 0.469654 0.469654 0.469654 0.469654 0.469654 0.469654 0.469654 0.469654 0.469654 0.469654 0.469654 0.469654 0.469654 0.469654 0.469654 0.469654 0.469654 0.469654 0.469654 0.469654 0.469654 0.469654 0.469654 0.469654 0.469654 0.469654 0.469654 0.469654 0.469654 0.469654 0.469654 0.469654 0.469654 0.469654 0.469654 0.469654 0.469654 0.469654 0.469654 0.469654 0.469654 0.469654 0.469654 0.469654 0.469654 0.33 0.469654 0.469654 0.469654 0.469654 0.469654 0.469654 0.469654 0.469654 0.469654 0.451892 0.469654 0.469654 0.469654 0.469654 0.469654 0.469654 0.469654 0.469654 0.469654 0.33 0.469654 0.469654 0.469654 0.469654 0.469654 0.469654 0.469654 0.469654 0.469654 0.458046 0.469654 0.469654 0.469654 0.469654 0.469654 0.469654 0.469654 0.469654 0.469654 0.330005 0.469654 0.469654 0.469654 0.469654 0.469654 0.469654 0.469654 0.469654 0.469654 0.33 0.469654 0.469654 0.469654 0.469654 0.469654 0.469654 0.469654 0.469654 0.469654 0.353299 0.469654 0.469654 0.469654 0.469654 0.469654 0.469654 0.469654 0.469654 0.469654 0.459838 0.469654 0.469654 0.469654 0.469654 0.469654 0.469654 0.469654 0.469654 0.469654 0.341486 0.469654 0.469654 0.469654 0.469654 0.469654 0.469654 0.469654 0.469654 0.469654 0.33119 0.469654 0.469654 0.469654 0.33 0.469654 0.469654 0.459646 0.469654 0.469654 0.469654 0.469654 0.469654 0.469654 0.335893 0.469654 0.469654 0.469283 0.469654 0.469654 0.469654 0.469654 0.469654 0.469654 0.330068 0.469654 0.469654 0.33 0.469654 0.469654 0.469654 0.469654 0.469654 0.469654 0.33 0.469654 0.469654 0.33 0.469654 0.469654 0.469654 0.469654 0.469654 0.469654 0.33 0.469654 0.469654 0.330004 0.469654 0.469654 0.469654 0.469654 0.469654 0.469654 0.33 0.469654 0.469654 0.33 0.469654 0.469654 0.469654 0.469654 0.469654 0.469654 0.33 0.469654 0.469654 0.440392 0.469654 0.469654 0.469654 0.469654 0.469654 0.469654 0.33 0.469654 0.469654 0.408322 0.469654 0.469654 0.469654 0.469654 0.469654 0.469654 0.466267 0.469654 0.469654 0.33 0.469654 0.469654 0.469654 0.469654 0.469654 0.469654 0.467774 0.469654 0.469654 0.33 0.469654 0.469654 0.469654 0.469654 0.469654 0.469654 0.469654 0.469654 0.469654 0.469654 0.469654 0.469654 0.469654 0.469654 0.469654 0.469654 0.469654 0.469654 0.469654 0.469654 0.469654 0.469654 0.469654 0.469654 0.469654 0.469654 0.469654 0.469654 0.469654 0.469654 0.469654 0.469654 0.469654 0.469654 0.469654 0.469654 0.469654 0.469654 0.469654 0.469654 0.469654 0.469654 0.469654 0.469654 0.469654 0.469654 0.469654 0.469654 0.469654 0.469654 0.469654 0.469654 0.469654 0.469654 0.469654 0.469654 0.469654 0.469654 0.469654 0.469654 0.469654 0.469654 0.469654 0.469654 0.469654 0.469654 0.469654 0.469654 0.469654 0.469654 0.469654 0.469654 0.469654 0.469654 0.469654 0.469654 0.469654 0.469654 0.469654 0.469654 0.469654 0.469654 0.469654 0.469654 0.469654 0.469654 0.469654 0.469654 0.469654 0.469654 0.469654 0.469654 0.469654 0.469654 0.469654 0.469654 0.469654 0.469654 0.469654 0.469654 0.469654 0.469654 0.469654 0.469654 0.469654 0.469654 0.469654 0.469654 0.469654 0.469654 0.469654 0.469654 0.33 0.469654 0.469654 0.469654 0.469654 0.469654 0.469654 0.469654 0.469654 0.469654 0.469054 0.469654 0.469654 0.469654 0.469654 0.469654 0.469654 0.469654 0.469654 0.469654 0.330007 0.469654 0.469654 0.469654 0.469654 0.469654 0.469654 0.469654 0.469654 0.469654 0.33 0.469654 0.469654 0.469654 0.469654 0.469654 0.469654 0.469654 0.469654 0.469654 0.460028 0.469654 0.469654 0.469654 0.469654 0.469654 0.469654 0.469654 0.469654 0.469654 0.33 0.469654 0.469654 0.469654 0.469654 0.469654 0.469654 0.469654 0.469654 0.469654 0.33 0.469654 0.469654 0.469654 0.469654 0.469654 0.469654 0.469654 0.469654 0.469654 0.451107 0.469654 0.469654 0.469654 0.469654 0.469654 0.469654 0.469654 0.469654 0.469654 0.33 0.469654 0.469654 0.469654 0.469654 0.469654 0.469654 0.469654 0.469654 0.469654 0.330055 0.469654 0.469654 0.469654 0.33 0.469654 0.469654 0.33085 0.469654 0.469654 0.469654 0.469654 0.469654 0.469654 0.330026 0.469654 0.469654 0.330003 0.469654 0.469654 0.469654 0.469654 0.469654 0.469654 0.33 0.469654 0.469654 0.33 0.469654 0.469654 0.469654 0.469654 0.469654 0.469654 0.403235 0.469654 0.469654 0.33 0.469654 0.469654 0.469654 0.469654 0.469654 0.469654 0.467698 0.469654 0.469654 0.338492 0.469654 0.469654 0.469654 0.469654 0.469654 0.469654 0.33295 0.469654 0.469654 0.33 0.469654 0.469654 0.469654 0.469654 0.469654 0.469654 0.469144 0.469654 0.469654 0.46133 0.469654 0.469654 0.469654 0.469654 0.469654 0.469654 0.330001 0.469654 0.469654 0.451276 0.469654 0.469654 0.469654 0.469654 0.469654 0.469654 0.451918 0.469654 0.469654 0.423396 0.469654 0.469654 0.469654 0.469654 0.469654 0.469654 0.33 0.469654 0.469654 0.467175 0.469654 0.469654 0.469654 0.469654 0.469654 0.469654 0.469654 0.469654 0.469654 0.469654 0.469654 0.469654 0.469654 0.469654 0.469654 0.469654 0.469654 0.469654 0.469654 0.469654 0.469654 0.469654 0.469654 0.469654 0.469654 0.469654 0.469654 0.469654 0.469654 0.469654 0.469654 0.469654 0.469654 0.469654 0.469654 0.469654 0.469654 0.469654 0.469654 0.469654 0.469654 0.469654 0.469654 0.469654 0.469654 0.469654 0.469654 0.469654 0.469654 0.469654 0.469654 0.469654 0.469654 0.469654 0.469654 0.469654 0.469654 0.469654 0.469654 0.469654 0.469654 0.469654 0.469654 0.469654 0.469654 0.469654 0.469654 0.469654 0.469654 0.469654 0.469654 0.469654 0.469654 0.469654 0.469654 0.469654 0.469654 0.469654 0.469654 0.469654 0.469654 0.469654 0.469654 0.469654 0.469654 0.469654 0.469654 0.469654 0.469654 0.469654 0.469654 0.469654 0.469654 0.469654 0.469654 0.469654 0.469654 0.469654 0.469654 0.469654 0.469654 0.469654 0.469654 0.469654 0.469654 0.469654 0.469654 0.469654 0.469654 0.469654 0.469654 0.469654 0.465648 0.469654 0.469654 0.469654 0.469654 0.469654 0.469654 0.469654 0.469654 0.469654 0.459581 0.469654 0.469654 0.469654 0.469654 0.469654 0.469654 0.469654 0.469654 0.469654 0.331322 0.469654 0.469654 0.469654 0.469654 0.469654 0.469654 0.469654 0.469654 0.469654 0.33 0.469654 0.469654 0.469654 0.469654 0.469654 0.469654 0.469654 0.469654 0.469654 0.330084 0.469654 0.469654 0.469654 0.469654 0.469654 0.469654 0.469654 0.469654 0.469654 0.33 0.469654 0.469654 0.469654 0.469654 0.469654 0.469654 0.469654 0.469654 0.469654 0.460556 0.469654 0.469654 0.469654 0.469654 0.469654 0.469654 0.469654 0.469654 0.469654 0.459093 0.469654 0.469654 0.469654 0.469654 0.469654 0.469654 0.469654 0.469654 0.469654 0.33 0.469654 0.469654 0.469654 0.469654 0.469654 0.469654 0.469654 0.469654 0.469654 0.330209 0.469654 0.469654 0.469654 0.469654 0.469654 0.469654 0.469654 0.469654 0.469654 0.330001 0.469654 0.469654 0.469654 0.469654 0.469654 0.469654 0.469654 0.469654 0.469654 0.443464 0.469654 0.469654 0.469654 0.469654 0.469654 0.469654 0.469654 0.469654 0.469654 0.446129 0.469654 0.469654 0.469654 0.469654 0.469654 0.469654 0.469654 0.469654 0.469654 0.330005 0.469654 0.469654 0.469654 0.469654 0.469654 0.469654 0.469654 0.469654 0.469654 0.353964 0.469654 0.469654 0.469654 0.469654 0.469654 0.469654 0.469654 0.469654 0.469654 0.469121 0.469654 0.469654 0.469654 0.469654 0.469654 0.469654 0.469654 0.469654 0.469654 0.33 0.469654 0.469654 0.469654 0.469654 0.469654 0.469654 0.469654 0.469654 0.469654 0.330011 0.469654 0.469654 0.469654 0.469654 0.469654 0.469654 0.469654 0.469654 0.469654 0.330001 0.469654 0.469654 0.469654 0.469654 0.469654 0.469654 0.469654 0.469654 0.469654 0.33012 0.469654 0.469654 0.469654 0.331997 0.469654 0.469654 0.462097 0.469654 0.469654 0.469654 0.469654 0.469654 0.469654 0.469033 0.469654 0.469654 0.33 0.469654 0.469654 0.469654 0.469654 0.469654 0.469654 0.331085 0.469654 0.469654 0.383943 0.469654 0.469654 0.469654 0.469654 0.469654 0.469654 0.332273 0.469654 0.469654 0.33 0.469654 0.469654 0.469654 0.469654 0.469654 0.469654 0.427022 0.469654 0.469654 0.330013 0.469654 0.469654 0.469654 0.469654 0.469654 0.469654 0.330001 0.469654 0.469654 0.33 0.469654 0.469654 0.469654 0.469654 0.469654 0.469654 0.330002 0.469654 0.469654 0.337936 0.469654 0.469654 0.469654 0.469654 0.469654 0.469654 0.330834 0.469654 0.469654 0.462312 0.469654 0.469654 0.469654 0.469654 0.469654 0.469654 0.33 0.469654 0.469654 0.450739 0.469654 0.469654 0.469654 0.469654 0.469654 0.469654 0.330014 0.469654 0.469654 0.33168 0.469654 0.469654 0.469654 0.469654 0.469654 0.469654 0.469654 0.469654 0.469654 0.469654 0.469654 0.469654 0.469654 0.469654 0.469654 0.469654 0.469654 0.469654 0.469654 0.469654 0.469654 0.469654 0.469654 0.469654 0.469654 0.469654 0.469654 0.469654 0.469654 0.469654 0.469654 0.469654 0.469654 0.469654 0.469654 0.469654 0.469654 0.469654 0.469654 0.469654 0.469654 0.469654 0.469654 0.469654 0.469654 0.469654 0.469654 0.469654 0.469654 0.469654 0.469654 0.469654 0.469654 0.469654 0.469654 0.469654 0.469654 0.469654 0.469654 0.469654 0.469654 0.469654 0.469654 0.469654 0.469654 0.469654 0.469654 0.469654 0.469654 0.469654 0.469654 0.469654 0.469654 0.469654 0.469654 0.469654 0.469654 0.469654 0.469654 0.469654 0.469654 0.469654 0.469654 0.469654 0.469654 0.469654 0.469654 0.469654 0.469654 0.469654 0.469654 0.469654 0.469654 0.469654 0.469654 0.469654 0.469654 0.469654 0.469654 0.469654 0.469654 0.469654 0.469654 0.469654 0.469654 0.469654 0.469654 0.469654 0.469654 0.469654 0.469654 0.469654 0.330072 0.469654 0.469654 0.469654 0.469654 0.469654 0.469654 0.469654 0.469654 0.469654 0.458223 0.469654 0.469654 0.469654 0.469654 0.469654 0.469654 0.469654 0.469654 0.469654 0.350668 0.469654 0.469654 0.469654 0.469654 0.469654 0.469654 0.469654 0.469654 0.469654 0.330147 0.469654 0.469654 0.469654 0.469654 0.469654 0.469654 0.469654 0.469654 0.469654 0.383013 0.469654 0.469654 0.469654 0.469654 0.469654 0.469654 0.469654 0.469654 0.469654 0.468844 0.469654 0.469654 0.469654 0.469654 0.469654 0.469654 0.469654 0.469654 0.469654 0.33 0.469654 0.469654 0.469654 0.469654 0.469654 0.469654 0.469654 0.469654 0.469654 0.469176 0.469654 0.469654 0.469654 0.469654 0.469654 0.469654 0.469654 0.469654 0.469654 0.330001 0.469654 0.469654 0.469654 0.469654 0.469654 0.469654 0.469654 0.469654 0.469654 0.33 0.469654 0.469654 0.469654 0.33 0.469654 0.469654 0.469478 0.469654 0.469654 0.469654 0.469654 0.469654 0.469654 0.336855 0.469654 0.469654 0.330322 0.469654 0.469654 0.469654 0.469654 0.469654 0.469654 0.333006 0.469654 0.469654 0.33 0.469654 0.469654 0.469654 0.469654 0.469654 0.469654 0.33 0.469654 0.469654 0.388175 0.469654 0.469654 0.469654 0.469654 0.469654 0.469654 0.453997 0.469654 0.469654 0.467316 0.469654 0.469654 0.469654 0.469654 0.469654 0.469654 0.464858 0.469654 0.469654 0.33 0.469654 0.469654 0.469654 0.469654 0.469654 0.469654 0.33 0.469654 0.469654 0.33 0.469654 0.469654 0.469654 0.469654 0.469654 0.469654 0.33 0.469654 0.469654 0.336232 0.469654 0.469654 0.469654 0.469654 0.469654 0.469654 0.33 0.469654 0.469654 0.33 0.469654 0.469654 0.469654 0.469654 0.469654 0.469654 0.42127 0.469654 0.469654 0.33033 0.469654 0.469654 0.469654 0.469654 0.469654 0.469654 0.469654 0.469654 0.469654 0.469654 0.469654 0.469654 0.469654 0.469654 0.469654 0.469654 0.469654 0.469654 0.469654 0.469654 0.469654 0.469654 0.469654 0.469654 0.469654 0.469654 0.469654 0.469654 0.469654 0.469654 0.469654 0.469654 0.469654 0.469654 0.469654 0.469654 0.469654 0.469654 0.469654 0.469654 0.469654 0.469654 0.469654 0.469654 0.469654 0.469654 0.469654 0.469654 0.469654 0.469654 0.469654 0.469654 0.469654 0.469654 0.469654 0.469654 0.469654 0.469654 0.469654 0.469654 0.469654 0.469654 0.469654 0.469654 0.469654 0.469654 0.469654 0.469654 0.469654 0.469654 0.469654 0.469654 0.469654 0.469654 0.469654 0.469654 0.469654 0.469654 0.469654 0.469654 0.469654 0.469654 0.469654 0.469654 0.469654 0.469654 0.469654 0.469654 0.469654 0.469654 0.469654 0.469654 0.469654 0.469654 0.469654 0.469654 0.469654 0.469654 0.469654 0.469654 0.469654 0.469654 0.469654 0.469654 0.469654 0.469654 0.469654 0.469654 0.469654 0.469654 0.469654 0.469654 0.33 0.469654 0.469654 0.469654 0.469654 0.469654 0.469654 0.469654 0.469654 0.469654 0.463047 0.469654 0.469654 0.469654 0.469654 0.469654 0.469654 0.469654 0.469654 0.469654 0.468886 0.469654 0.469654 0.469654 0.469654 0.469654 0.469654 0.469654 0.469654 0.469654 0.330499 0.469654 0.469654 0.469654 0.469654 0.469654 0.469654 0.469654 0.469654 0.469654 0.33 0.469654 0.469654 0.469654 0.469654 0.469654 0.469654 0.469654 0.469654 0.469654 0.33 0.469654 0.469654 0.469654 0.469654 0.469654 0.469654 0.469654 0.469654 0.469654 0.468879 0.469654 0.469654 0.469654 0.469654 0.469654 0.469654 0.469654 0.469654 0.469654 0.33 0.469654 0.469654 0.469654 0.469654 0.469654 0.469654 0.469654 0.469654 0.469654 0.33 0.469654 0.469654 0.469654 0.469654 0.469654 0.469654 0.469654 0.469654 0.469654 0.33 0.469654 0.469654 0.469654 0.432263 0.469654 0.469654 0.469266 0.469654 0.469654 0.469654 0.469654 0.469654 0.469654 0.467659 0.469654 0.469654 0.469493 0.469654 0.469654 0.469654 0.469654 0.469654 0.469654 0.330153 0.469654 0.469654 0.33 0.469654 0.469654 0.469654 0.469654 0.469654 0.469654 0.469512 0.469654 0.469654 0.371211 0.469654 0.469654 0.469654 0.469654 0.469654 0.469654 0.33001 0.469654 0.469654 0.468352 0.469654 0.469654 0.469654 0.469654 0.469654 0.469654 0.33 0.469654 0.469654 0.33 0.469654 0.469654 0.469654 0.469654 0.469654 0.469654 0.465708 0.469654 0.469654 0.467771 0.469654 0.469654 0.469654 0.469654 0.469654 0.469654 0.330202 0.469654 0.469654 0.33 0.469654 0.469654 0.469654 0.469654 0.469654 0.469654 0.339701 0.469654 0.469654 0.33 0.469654 0.469654 0.469654 0.469654 0.469654 0.469654 0.330303 0.469654 0.469654 0.33 0.469654 0.469654 0.469654 0.469654 0.469654 0.469654 0.469654 0.469654 0.469654 0.469654 0.469654 0.469654 0.469654 0.469654 0.469654 0.469654 0.469654 0.469654 0.469654 0.469654 0.469654 0.469654 0.469654 0.469654 0.469654 0.469654 0.469654 0.469654 0.469654 0.469654 0.469654 0.469654 0.469654 0.469654 0.469654 0.469654 0.469654 0.469654 0.469654 0.469654 0.469654 0.469654 0.469654 0.469654 0.469654 0.469654 0.469654 0.469654 0.469654 0.469654 0.469654 0.469654 0.469654 0.469654 0.469654 0.469654 0.469654 0.469654 0.469654 0.469654 0.469654 0.469654 0.469654 0.469654 0.469654 0.469654 0.469654 0.469654 0.469654 0.469654 0.469654 0.469654 0.469654 0.469654 0.469654 0.469654 0.469654 0.469654 0.469654 0.469654 0.469654 0.469654 0.469654 0.469654 0.469654 0.469654 0.469654 0.469654 0.469654 0.469654 0.469654 0.469654 0.469654 0.469654 0.469654 0.469654 0.469654 0.469654 0.469654 0.469654 0.469654 0.469654 0.469654 0.469654 0.469654 0.469654 0.469654 0.469654 0.469654 0.469654 0.469654 0.469654 0.431205 0.469654 0.469654 0.469654 0.469654 0.469654 0.469654 0.469654 0.469654 0.469654 0.455602 0.469654 0.469654 0.469654 0.469654 0.469654 0.469654 0.469654 0.469654 0.469654 0.330001 0.469654 0.469654 0.469654 0.469654 0.469654 0.469654 0.469654 0.469654 0.469654 0.330403 0.469654 0.469654 0.469654 0.469654 0.469654 0.469654 0.469654 0.469654 0.469654 0.330002 0.469654 0.469654 0.469654 0.469654 0.469654 0.469654 0.469654 0.469654 0.469654 0.330047 0.469654 0.469654 0.469654 0.469654 0.469654 0.469654 0.469654 0.469654 0.469654 0.43562 0.469654 0.469654 0.469654 0.469654 0.469654 0.469654 0.469654 0.469654 0.469654 0.330001 0.469654 0.469654 0.469654 0.469654 0.469654 0.469654 0.469654 0.469654 0.469654 0.33 0.469654 0.469654 0.469654 0.469654 0.469654 0.469654 0.469654 0.469654 0.469654 0.342736 0.469654 0.469654 0.469654 0.469654 0.469654 0.469654 0.469654 0.469654 0.469654 0.33 0.469654 0.469654 0.469654 0.469654 0.469654 0.469654 0.469654 0.469654 0.469654 0.331909 0.469654 0.469654 0.469654 0.469654 0.469654 0.469654 0.469654 0.469654 0.469654 0.33 0.469654 0.469654 0.469654 0.469654 0.469654 0.469654 0.469654 0.469654 0.469654 0.33 0.469654 0.469654 0.469654 0.469654 0.469654 0.469654 0.469654 0.469654 0.469654 0.330002 0.469654 0.469654 0.469654 0.469654 0.469654 0.469654 0.469654 0.469654 0.469654 0.438437 0.469654 0.469654 0.469654 0.469654 0.469654 0.469654 0.469654 0.469654 0.469654 0.33 0.469654 0.469654 0.469654 0.469654 0.469654 0.469654 0.469654 0.469654 0.469654 0.33 0.469654 0.469654 0.469654 0.469654 0.469654 0.469654 0.469654 0.469654 0.469654 0.330005 0.469654 0.469654 0.469654 0.469654 0.469654 0.469654 0.469654 0.469654 0.469654 0.38221 0.469654 0.469654 0.469654 0.382837 0.469654 0.469654 0.330466 0.469654 0.469654 0.469654 0.469654 0.469654 0.469654 0.33003 0.469654 0.469654 0.371654 0.469654 0.469654 0.469654 0.469654 0.469654 0.469654 0.330002 0.469654 0.469654 0.469146 0.469654 0.469654 0.469654 0.469654 0.469654 0.469654 0.465559 0.469654 0.469654 0.434802 0.469654 0.469654 0.469654 0.469654 0.469654 0.469654 0.330001 0.469654 0.469654 0.468426 0.469654 0.469654 0.469654 0.469654 0.469654 0.469654 0.468646 0.469654 0.469654 0.467985 0.469654 0.469654 0.469654 0.469654 0.469654 0.469654 0.331019 0.469654 0.469654 0.345047 0.469654 0.469654 0.469654 0.469654 0.469654 0.469654 0.33 0.469654 0.469654 0.330085 0.469654 0.469654 0.469654 0.469654 0.469654 0.469654 0.465492 0.469654 0.469654 0.426526 0.469654 0.469654 0.469654 0.469654 0.469654 0.469654 0.465272 0.469654 0.469654 0.365068 0.469654 0.469654 0.469654 0.469654 0.469654 0.469654 0.469654 0.469654 0.469654 0.469654 0.469654 0.469654 0.469654 0.469654 0.469654 0.469654 0.469654 0.469654 0.469654 0.469654 0.469654 0.469654 0.469654 0.469654 0.469654 0.469654 0.469654 0.469654 0.469654 0.469654 0.469654 0.469654 0.469654 0.469654 0.469654 0.469654 0.469654 0.469654 0.469654 0.469654 0.469654 0.469654 0.469654 0.469654 0.469654 0.469654 0.469654 0.469654 0.469654 0.469654 0.469654 0.469654 0.469654 0.469654 0.469654 0.469654 0.469654 0.469654 0.469654 0.469654 0.469654 0.469654 0.469654 0.469654 0.469654 0.469654 0.469654 0.469654 0.469654 0.469654 0.469654 0.469654 0.469654 0.469654 0.469654 0.469654 0.469654 0.469654 0.469654 0.469654 0.469654 0.469654 0.469654 0.469654 0.469654 0.469654 0.469654 0.469654 0.469654 0.469654 0.469654 0.469654 0.469654 0.469654 0.469654 0.469654 0.469654 0.469654 0.469654 0.469654 0.469654 0.469654 0.469654 0.469654 0.469654 0.469654 0.469654 0.469654 0.469654 0.469654 0.469654 0.469654 0.35249 0.469654 0.469654 0.469654 0.469654 0.469654 0.469654 0.469654 0.469654 0.469654 0.342038 0.469654 0.469654 0.469654 0.469654 0.469654 0.469654 0.469654 0.469654 0.469654 0.33 0.469654 0.469654 0.469654 0.469654 0.469654 0.469654 0.469654 0.469654 0.469654 0.33 0.469654 0.469654 0.469654 0.469654 0.469654 0.469654 0.469654 0.469654 0.469654 0.330004 0.469654 0.469654 0.469654 0.469654 0.469654 0.469654 0.469654 0.469654 0.469654 0.33 0.469654 0.469654 0.469654 0.469654 0.469654 0.469654 0.469654 0.469654 0.469654 0.467109 0.469654 0.469654 0.469654 0.469654 0.469654 0.469654 0.469654 0.469654 0.469654 0.378342 0.469654 0.469654 0.469654 0.469654 0.469654 0.469654 0.469654 0.469654 0.469654 0.33 0.469654 0.469654 0.469654 0.469654 0.469654 0.469654 0.469654 0.469654 0.469654 0.469121 0.469654 0.469654 0.469654 0.355747 0.469654 0.469654 0.330304 0.469654 0.469654 0.469654 0.469654 0.469654 0.469654 0.451067 0.469654 0.469654 0.463941 0.469654 0.469654 0.469654 0.469654 0.469654 0.469654 0.33001 0.469654 0.469654 0.330154 0.469654 0.469654 0.469654 0.469654 0.469654 0.469654 0.396151 0.469654 0.469654 0.46649 0.469654 0.469654 0.469654 0.469654 0.469654 0.469654 0.33 0.469654 0.469654 0.330001 0.469654 0.469654 0.469654 0.469654 0.469654 0.469654 0.33 0.469654 0.469654 0.33 0.469654 0.469654 0.469654 0.469654 0.469654 0.469654 0.330001 0.469654 0.469654 0.33 0.469654 0.469654 0.469654 0.469654 0.469654 0.469654 0.330837 0.469654 0.469654 0.33 0.469654 0.469654 0.469654 0.469654 0.469654 0.469654 0.33 0.469654 0.469654 0.468741 0.469654 0.469654 0.469654 0.469654 0.469654 0.469654 0.33 0.469654 0.469654 0.426403 0.469654 0.469654 0.469654 0.469654 0.469654 0.469654 0.469654 0.469654 0.469654 0.469654 0.469654 0.469654 0.469654 0.469654 0.469654 0.469654 0.469654 0.469654 0.469654 0.469654 0.469654 0.469654 0.469654 0.469654 0.469654 0.469654 0.469654 0.469654 0.469654 0.469654 0.469654 0.469654 0.469654 0.469654 0.469654 0.469654 0.469654 0.469654 0.469654 0.469654 0.469654 0.469654 0.469654 0.469654 0.469654 0.469654 0.469654 0.469654 0.469654 0.469654 0.469654 0.469654 0.469654 0.469654 0.469654 0.469654 0.469654 0.469654 0.469654 0.469654 0.469654 0.469654 0.469654 0.469654 0.469654 0.469654 0.469654 0.469654 0.469654 0.469654 0.469654 0.469654 0.469654 0.469654 0.469654 0.469654 0.469654 0.469654 0.469654 0.469654 0.469654 0.469654 0.469654 0.469654 0.469654 0.469654 0.469654 0.469654 0.469654 0.469654 0.469654 0.469654 0.469654 0.469654 0.469654 0.469654 0.469654 0.469654 0.469654 0.469654 0.469654 0.469654 0.469654 0.469654 0.469654 0.469654 0.469654 0.469654 0.469654 0.469654 0.469654 0.469654 0.33 0.469654 0.469654 0.469654 0.469654 0.469654 0.469654 0.469654 0.469654 0.469654 0.42693 0.469654 0.469654 0.469654 0.469654 0.469654 0.469654 0.469654 0.469654 0.469654 0.461809 0.469654 0.469654 0.469654 0.469654 0.469654 0.469654 0.469654 0.469654 0.469654 0.457258 0.469654 0.469654 0.469654 0.469654 0.469654 0.469654 0.469654 0.469654 0.469654 0.332393 0.469654 0.469654 0.469654 0.469654 0.469654 0.469654 0.469654 0.469654 0.469654 0.469243 0.469654 0.469654 0.469654 0.469654 0.469654 0.469654 0.469654 0.469654 0.469654 0.462396 0.469654 0.469654 0.469654 0.469654 0.469654 0.469654 0.469654 0.469654 0.469654 0.330246 0.469654 0.469654 0.469654 0.469654 0.469654 0.469654 0.469654 0.469654 0.469654 0.468796 0.469654 0.469654 0.469654 0.469654 0.469654 0.469654 0.469654 0.469654 0.469654 0.33 0.469654 0.469654 0.469654 0.33 0.469654 0.469654 0.33 0.469654 0.469654 0.469654 0.469654 0.469654 0.469654 0.330008 0.469654 0.469654 0.33 0.469654 0.469654 0.469654 0.469654 0.469654 0.469654 0.402829 0.469654 0.469654 0.458616 0.469654 0.469654 0.469654 0.469654 0.469654 0.469654 0.467106 0.469654 0.469654 0.469498 0.469654 0.469654 0.469654 0.469654 0.469654 0.469654 0.330002 0.469654 0.469654 0.467862 0.469654 0.469654 0.469654 0.469654 0.469654 0.469654 0.330019 0.469654 0.469654 0.435098 0.469654 0.469654 0.469654 0.469654 0.469654 0.469654 0.33 0.469654 0.469654 0.33 0.469654 0.469654 0.469654 0.469654 0.469654 0.469654 0.33 0.469654 0.469654 0.45884 0.469654 0.469654 0.469654 0.469654 0.469654 0.469654 0.33 0.469654 0.469654 0.33 0.469654 0.469654 0.469654 0.469654 0.469654 0.469654 0.38829 0.469654 0.469654 0.332881 0.469654 0.469654 0.469654 0.469654 0.469654 0.469654 0.469654 0.469654 0.469654 0.469654 0.469654 0.469654 0.469654 0.469654 0.469654 0.469654 0.469654 0.469654 0.469654 0.469654 0.469654 0.469654 0.469654 0.469654 0.469654 0.469654 0.469654 0.469654 0.469654 0.469654 0.469654 0.469654 0.469654 0.469654 0.469654 0.469654 0.469654 0.469654 0.469654 0.469654 0.469654 0.469654 0.469654 0.469654 0.469654 0.469654 0.469654 0.469654 0.469654 0.469654 0.469654 0.469654 0.469654 0.469654 0.469654 0.469654 0.469654 0.469654 0.469654 0.469654 0.469654 0.469654 0.469654 0.469654 0.469654 0.469654 0.469654 0.469654 0.469654 0.469654 0.469654 0.469654 0.469654 0.469654 0.469654 0.469654 0.469654 0.469654 0.469654 0.469654 0.469654 0.469654 0.469654 0.469654 0.469654 0.469654 0.469654 0.469654 0.469654 0.469654 0.469654 0.469654 0.469654 0.469654 0.469654 0.469654 0.469654 0.469654 0.469654 0.469654 0.469654 0.469654 0.469654 0.469654 0.469654 0.469654 0.469654 0.469654 0.469654 0.469654 0.469654 0.469654 0.342113 0.469654 0.469654 0.469654 0.469654 0.469654 0.469654 0.469654 0.469654 0.469654 0.40565 0.469654 0.469654 0.469654 0.469654 0.469654 0.469654 0.469654 0.469654 0.469654 0.33 0.469654 0.469654 0.469654 0.469654 0.469654 0.469654 0.469654 0.469654 0.469654 0.437875 0.469654 0.469654 0.469654 0.469654 0.469654 0.469654 0.469654 0.469654 0.469654 0.33 0.469654 0.469654 0.469654 0.469654 0.469654 0.469654 0.469654 0.469654 0.469654 0.330199 0.469654 0.469654 0.469654 0.469654 0.469654 0.469654 0.469654 0.469654 0.469654 0.393204 0.469654 0.469654 0.469654 0.469654 0.469654 0.469654 0.469654 0.469654 0.469654 0.466814 0.469654 0.469654 0.469654 0.469654 0.469654 0.469654 0.469654 0.469654 0.469654 0.366823 0.469654 0.469654 0.469654 0.469654 0.469654 0.469654 0.469654 0.469654 0.469654 0.330055 0.469654 0.469654 0.469654 0.469654 0.469654 0.469654 0.469654 0.469654 0.469654 0.350078 0.469654 0.469654 0.469654 0.469654 0.469654 0.469654 0.469654 0.469654 0.469654 0.468607 0.469654 0.469654 0.469654 0.469654 0.469654 0.469654 0.469654 0.469654 0.469654 0.357042 0.469654 0.469654 0.469654 0.469654 0.469654 0.469654 0.469654 0.469654 0.469654 0.349454 0.469654 0.469654 0.469654 0.469654 0.469654 0.469654 0.469654 0.469654 0.469654 0.344983 0.469654 0.469654 0.469654 0.469654 0.469654 0.469654 0.469654 0.469654 0.469654 0.330008 0.469654 0.469654 0.469654 0.469654 0.469654 0.469654 0.469654 0.469654 0.469654 0.333795 0.469654 0.469654 0.469654 0.469654 0.469654 0.469654 0.469654 0.469654 0.469654 0.33 0.469654 0.469654 0.469654 0.469654 0.469654 0.469654 0.469654 0.469654 0.469654 0.33 0.469654 0.469654 0.469654 0.469654 0.469654 0.469654 0.469654 0.469654 0.469654 0.330161 0.469654 0.469654 0.469654 0.462431 0.469654 0.469654 0.330015 0.469654 0.469654 0.469654 0.469654 0.469654 0.469654 0.33 0.469654 0.469654 0.330534 0.469654 0.469654 0.469654 0.469654 0.469654 0.469654 0.445572 0.469654 0.469654 0.411909 0.469654 0.469654 0.469654 0.469654 0.469654 0.469654 0.33 0.469654 0.469654 0.410818 0.469654 0.469654 0.469654 0.469654 0.469654 0.469654 0.464678 0.469654 0.469654 0.33 0.469654 0.469654 0.469654 0.469654 0.469654 0.469654 0.330001 0.469654 0.469654 0.336594 0.469654 0.469654 0.469654 0.469654 0.469654 0.469654 0.439498 0.469654 0.469654 0.43602 0.469654 0.469654 0.469654 0.469654 0.469654 0.469654 0.461485 0.469654 0.469654 0.33 0.469654 0.469654 0.469654 0.469654 0.469654 0.469654 0.459465 0.469654 0.469654 0.330359 0.469654 0.469654 0.469654 0.469654 0.469654 0.469654 0.33 0.469654 0.469654 0.351761 0.469654 0.469654 0.469654 0.469654 0.469654 0.469654 0.469654 0.469654 0.469654 0.469654 0.469654 0.469654 0.469654 0.469654 0.469654 0.469654 0.469654 0.469654 0.469654 0.469654 0.469654 0.469654 0.469654 0.469654 0.469654 0.469654 0.469654 0.469654 0.469654 0.469654 0.469654 0.469654 0.469654 0.469654 0.469654 0.469654 0.469654 0.469654 0.469654 0.469654 0.469654 0.469654 0.469654 0.469654 0.469654 0.469654 0.469654 0.469654 0.469654 0.469654 0.469654 0.469654 0.469654 0.469654 0.469654 0.469654 0.469654 0.469654 0.469654 0.469654 0.469654 0.469654 0.469654 0.469654 0.469654 0.469654 0.469654 0.469654 0.469654 0.469654 0.469654 0.469654 0.469654 0.469654 0.469654 0.469654 0.469654 0.469654 0.469654 0.469654 0.469654 0.469654 0.469654 0.469654 0.469654 0.469654 0.469654 0.469654 0.469654 0.469654 0.469654 0.469654 0.469654 0.469654 0.469654 0.469654 0.469654 0.469654 0.469654 0.469654 0.469654 0.469654 0.469654 0.469654 0.469654 0.469654 0.469654 0.469654 0.469654 0.469654 0.469654 0.469654 0.358529 0.469654 0.469654 0.469654 0.469654 0.469654 0.469654 0.469654 0.469654 0.469654 0.330002 0.469654 0.469654 0.469654 0.469654 0.469654 0.469654 0.469654 0.469654 0.469654 0.338445 0.469654 0.469654 0.469654 0.469654 0.469654 0.469654 0.469654 0.469654 0.469654 0.33 0.469654 0.469654 0.469654 0.469654 0.469654 0.469654 0.469654 0.469654 0.469654 0.468881 0.469654 0.469654 0.469654 0.469654 0.469654 0.469654 0.469654 0.469654 0.469654 0.353794 0.469654 0.469654 0.469654 0.469654 0.469654 0.469654 0.469654 0.469654 0.469654 0.469008 0.469654 0.469654 0.469654 0.469654 0.469654 0.469654 0.469654 0.469654 0.469654 0.466897 0.469654 0.469654 0.469654 0.469654 0.469654 0.469654 0.469654 0.469654 0.469654 0.330006 0.469654 0.469654 0.469654 0.469654 0.469654 0.469654 0.469654 0.469654 0.469654 0.468411 0.469654 0.469654 0.469654 0.330014 0.469654 0.469654 0.33 0.469654 0.469654 0.469654 0.469654 0.469654 0.469654 0.33 0.469654 0.469654 0.466489 0.469654 0.469654 0.469654 0.469654 0.469654 0.469654 0.330001 0.469654 0.469654 0.33 0.469654 0.469654 0.469654 0.469654 0.469654 0.469654 0.45999 0.469654 0.469654 0.33 0.469654 0.469654 0.469654 0.469654 0.469654 0.469654 0.330568 0.469654 0.469654 0.33586 0.469654 0.469654 0.469654 0.469654 0.469654 0.469654 0.33 0.469654 0.469654 0.469331 0.469654 0.469654 0.469654 0.469654 0.469654 0.469654 0.352951 0.469654 0.469654 0.3383 0.469654 0.469654 0.469654 0.469654 0.469654 0.469654 0.466089 0.469654 0.469654 0.412365 0.469654 0.469654 0.469654 0.469654 0.469654 0.469654 0.467762 0.469654 0.469654 0.330809 0.469654 0.469654 0.469654 0.469654 0.469654 0.469654 0.330001 0.469654 0.469654 0.362516 0.469654 0.469654 0.469654 0.469654 0.469654 0.469654 0.469654 0.469654 0.469654 0.469654 0.469654 0.469654 0.469654 0.469654 0.469654 0.469654 0.469654 0.469654 0.469654 0.469654 0.469654 0.469654 0.469654 0.469654 0.469654 0.469654 0.469654 0.469654 0.469654 0.469654 0.469654 0.469654 0.469654 0.469654 0.469654 0.469654 0.469654 0.469654 0.469654 0.469654 0.469654 0.469654 0.469654 0.469654 0.469654 0.469654 0.469654 0.469654 0.469654 0.469654 0.469654 0.469654 0.469654 0.469654 0.469654 0.469654 0.469654 0.469654 0.469654 0.469654 0.469654 0.469654 0.469654 0.469654 0.469654 0.469654 0.469654 0.469654 0.469654 0.469654 0.469654 0.469654 0.469654 0.469654 0.469654 0.469654 0.469654 0.469654 0.469654 0.469654 0.469654 0.469654 0.469654 0.469654 0.469654 0.469654 0.469654 0.469654 0.469654 0.469654 0.469654 0.469654 0.469654 0.469654 0.469654 0.469654 0.469654 0.469654 0.469654 0.469654 0.469654 0.469654 0.469654 0.469654 0.469654 0.469654 0.469654 0.469654 0.469654 0.469654 0.469654 0.469654 0.330231 0.469654 0.469654 0.469654 0.469654 0.469654 0.469654 0.469654 0.469654 0.469654 0.35088 0.469654 0.469654 0.469654 0.469654 0.469654 0.469654 0.469654 0.469654 0.469654 0.330098 0.469654 0.469654 0.469654 0.469654 0.469654 0.469654 0.469654 0.469654 0.469654 0.330001 0.469654 0.469654 0.469654 0.469654 0.469654 0.469654 0.469654 0.469654 0.469654 0.33 0.469654 0.469654 0.469654 0.469654 0.469654 0.469654 0.469654 0.469654 0.469654 0.330187 0.469654 0.469654 0.469654 0.469654 0.469654 0.469654 0.469654 0.469654 0.469654 0.33 0.469654 0.469654 0.469654 0.469654 0.469654 0.469654 0.469654 0.469654 0.469654 0.330702 0.469654 0.469654 0.469654 0.469654 0.469654 0.469654 0.469654 0.469654 0.469654 0.330225 0.469654 0.469654 0.469654 0.469654 0.469654 0.469654 0.469654 0.469654 0.469654 0.33 0.469654 0.469654 0.469654 0.330018 0.469654 0.469654 0.450668 0.469654 0.469654 0.469654 0.469654 0.469654 0.469654 0.33 0.469654 0.469654 0.33077 0.469654 0.469654 0.469654 0.469654 0.469654 0.469654 0.33 0.469654 0.469654 0.468989 0.469654 0.469654 0.469654 0.469654 0.469654 0.469654 0.353075 0.469654 0.469654 0.467434 0.469654 0.469654 0.469654 0.469654 0.469654 0.469654 0.352 0.469654 0.469654 0.33 0.469654 0.469654 0.469654 0.469654 0.469654 0.469654 0.339685 0.469654 0.469654 0.469004 0.469654 0.469654 0.469654 0.469654 0.469654 0.469654 0.330131 0.469654 0.469654 0.458575 0.469654 0.469654 0.469654 0.469654 0.469654 0.469654 0.344348 0.469654 0.469654 0.33 0.469654 0.469654 0.469654 0.469654 0.469654 0.469654 0.461672 0.469654 0.469654 0.372809 0.469654 0.469654 0.469654 0.469654 0.469654 0.469654 0.33 0.469654 0.469654 0.330001 0.469654 0.469654 0.469654 0.469654 0.469654 0.469654 0.469654 0.469654 0.469654 0.469654 0.469654 0.469654 0.469654 0.469654 0.469654 0.469654 0.469654 0.469654 0.469654 0.469654 0.469654 0.469654 0.469654 0.469654 0.469654 0.469654 0.469654 0.469654 0.469654 0.469654 0.469654 0.469654 0.469654 0.469654 0.469654 0.469654 0.469654 0.469654 0.469654 0.469654 0.469654 0.469654 0.469654 0.469654 0.469654 0.469654 0.469654 0.469654 0.469654 0.469654 0.469654 0.469654 0.469654 0.469654 0.469654 0.469654 0.469654 0.469654 0.469654 0.469654 0.469654 0.469654 0.469654 0.469654 0.469654 0.469654 0.469654 0.469654 0.469654 0.469654 0.469654 0.469654 0.469654 0.469654 0.469654 0.469654 0.469654 0.469654 0.469654 0.469654 0.469654 0.469654 0.469654 0.469654 0.469654 0.469654 0.469654 0.469654 0.469654 0.469654 0.469654 0.469654 0.469654 0.469654 0.469654 0.469654 0.469654 0.469654 0.469654 0.469654 0.469654 0.469654 0.469654 0.469654 0.469654 0.469654 0.469654 0.469654 0.469654 0.469654 0.469654 0.469654 0.33 0.469654 0.469654 0.469654 0.469654 0.469654 0.469654 0.469654 0.469654 0.469654 0.354 0.469654 0.469654 0.469654 0.469654 0.469654 0.469654 0.469654 0.469654 0.469654 0.438763 0.469654 0.469654 0.469654 0.469654 0.469654 0.469654 0.469654 0.469654 0.469654 0.36058 0.469654 0.469654 0.469654 0.469654 0.469654 0.469654 0.469654 0.469654 0.469654 0.348483 0.469654 0.469654 0.469654 0.469654 0.469654 0.469654 0.469654 0.469654 0.469654 0.330056 0.469654 0.469654 0.469654 0.469654 0.469654 0.469654 0.469654 0.469654 0.469654 0.33 0.469654 0.469654 0.469654 0.469654 0.469654 0.469654 0.469654 0.469654 0.469654 0.33 0.469654 0.469654 0.469654 0.469654 0.469654 0.469654 0.469654 0.469654 0.469654 0.450201 0.469654 0.469654 0.469654 0.469654 0.469654 0.469654 0.469654 0.469654 0.469654 0.421823 0.469654 0.469654 0.469654 0.469654 0.469654 0.469654 0.469654 0.469654 0.469654 0.330238 0.469654 0.469654 0.469654 0.469654 0.469654 0.469654 0.469654 0.469654 0.469654 0.357245 0.469654 0.469654 0.469654 0.469654 0.469654 0.469654 0.469654 0.469654 0.469654 0.330008 0.469654 0.469654 0.469654 0.469654 0.469654 0.469654 0.469654 0.469654 0.469654 0.330015 0.469654 0.469654 0.469654 0.469654 0.469654 0.469654 0.469654 0.469654 0.469654 0.33 0.469654 0.469654 0.469654 0.469654 0.469654 0.469654 0.469654 0.469654 0.469654 0.330119 0.469654 0.469654 0.469654 0.469654 0.469654 0.469654 0.469654 0.469654 0.469654 0.33 0.469654 0.469654 0.469654 0.469654 0.469654 0.469654 0.469654 0.469654 0.469654 0.415565 0.469654 0.469654 0.469654 0.469654 0.469654 0.469654 0.469654 0.469654 0.469654 0.33 0.469654 0.469654 0.469654 0.469654 0.469654 0.469654 0.469654 0.469654 0.469654 0.343863 0.469654 0.469654 0.469654 0.469423 0.469654 0.469654 0.33 0.469654 0.469654 0.469654 0.469654 0.469654 0.469654 0.352706 0.469654 0.469654 0.33 0.469654 0.469654 0.469654 0.469654 0.469654 0.469654 0.33 0.469654 0.469654 0.33 0.469654 0.469654 0.469654 0.469654 0.469654 0.469654 0.467314 0.469654 0.469654 0.468705 0.469654 0.469654 0.469654 0.469654 0.469654 0.469654 0.332666 0.469654 0.469654 0.46932 0.469654 0.469654 0.469654 0.469654 0.469654 0.469654 0.449813 0.469654 0.469654 0.33 0.469654 0.469654 0.469654 0.469654 0.469654 0.469654 0.426855 0.469654 0.469654 0.457407 0.469654 0.469654 0.469654 0.469654 0.469654 0.469654 0.33 0.469654 0.469654 0.395055 0.469654 0.469654 0.469654 0.469654 0.469654 0.469654 0.454375 0.469654 0.469654 0.33 0.469654 0.469654 0.469654 0.469654 0.469654 0.469654 0.336498 0.469654 0.469654 0.453297 0.469654 0.469654 0.469654 0.469654 0.469654 0.469654 0.469654 0.469654 0.469654 0.469654 0.469654 0.469654 0.469654 0.469654 0.469654 0.469654 0.469654 0.469654 0.469654 0.469654 0.469654 0.469654 0.469654 0.469654 0.469654 0.469654 0.469654 0.469654 0.469654 0.469654 0.469654 0.469654 0.469654 0.469654 0.469654 0.469654 0.469654 0.469654 0.469654 0.469654 0.469654 0.469654 0.469654 0.469654 0.469654 0.469654 0.469654 0.469654 0.469654 0.469654 0.469654 0.469654 0.469654 0.469654 0.469654 0.469654 0.469654 0.469654 0.469654 0.469654 0.469654 0.469654 0.469654 0.469654 0.469654 0.469654 0.469654 0.469654 0.469654 0.469654 0.469654 0.469654 0.469654 0.469654 0.469654 0.469654 0.469654 0.469654 0.469654 0.469654 0.469654 0.469654 0.469654 0.469654 0.469654 0.469654 0.469654 0.469654 0.469654 0.469654 0.469654 0.469654 0.469654 0.469654 0.469654 0.469654 0.469654 0.469654 0.469654 0.469654 0.469654 0.469654 0.469654 0.469654 0.469654 0.469654 0.469654 0.469654 0.469654 0.469654 0.469654 0.469654 0.334058 0.469654 0.469654 0.469654 0.469654 0.469654 0.469654 0.469654 0.469654 0.469654 0.33 0.469654 0.469654 0.469654 0.469654 0.469654 0.469654 0.469654 0.469654 0.469654 0.33 0.469654 0.469654 0.469654 0.469654 0.469654 0.469654 0.469654 0.469654 0.469654 0.465821 0.469654 0.469654 0.469654 0.469654 0.469654 0.469654 0.469654 0.469654 0.469654 0.33 0.469654 0.469654 0.469654 0.469654 0.469654 0.469654 0.469654 0.469654 0.469654 0.33 0.469654 0.469654 0.469654 0.469654 0.469654 0.469654 0.469654 0.469654 0.469654 0.466601 0.469654 0.469654 0.469654 0.469654 0.469654 0.469654 0.469654 0.469654 0.469654 0.33 0.469654 0.469654 0.469654 0.469654 0.469654 0.469654 0.469654 0.469654 0.469654 0.365064 0.469654 0.469654 0.469654 0.469654 0.469654 0.469654 0.469654 0.469654 0.469654 0.33 0.469654 0.469654 0.469654 0.330071 0.469654 0.469654 0.464829 0.469654 0.469654 0.469654 0.469654 0.469654 0.469654 0.363063 0.469654 0.469654 0.33 0.469654 0.469654 0.469654 0.469654 0.469654 0.469654 0.33 0.469654 0.469654 0.389293 0.469654 0.469654 0.469654 0.469654 0.469654 0.469654 0.330009 0.469654 0.469654 0.468136 0.469654 0.469654 0.469654 0.469654 0.469654 0.469654 0.33 0.469654 0.469654 0.462853 0.469654 0.469654 0.469654 0.469654 0.469654 0.469654 0.335198 0.469654 0.469654 0.460116 0.469654 0.469654 0.469654 0.469654 0.469654 0.469654 0.33 0.469654 0.469654 0.33 0.469654 0.469654 0.469654 0.469654 0.469654 0.469654 0.33 0.469654 0.469654 0.330002 0.469654 0.469654 0.469654 0.469654 0.469654 0.469654 0.33 0.469654 0.469654 0.344272 0.469654 0.469654 0.469654 0.469654 0.469654 0.469654 0.33 0.469654 0.469654 0.332547 0.469654 0.469654 0.469654 0.469654 0.469654 0.469654 0.469654 0.469654 0.469654 0.469654 0.469654 0.469654 0.469654 0.469654 0.469654 0.469654 0.469654 0.469654 0.469654 0.469654 0.469654 0.469654 0.469654 0.469654 0.469654 0.469654 0.469654 0.469654 0.469654 0.469654 0.469654 0.469654 0.469654 0.469654 0.469654 0.469654 0.469654 0.469654 0.469654 0.469654 0.469654 0.469654 0.469654 0.469654 0.469654 0.469654 0.469654 0.469654 0.469654 0.469654 0.469654 0.469654 0.469654 0.469654 0.469654 0.469654 0.469654 0.469654 0.469654 0.469654 0.469654 0.469654 0.469654 0.469654 0.469654 0.469654 0.469654 0.469654 0.469654 0.469654 0.469654 0.469654 0.469654 0.469654 0.469654 0.469654 0.469654 0.469654 0.469654 0.469654 0.469654 0.469654 0.469654 0.469654 0.469654 0.469654 0.469654 0.469654 0.469654 0.469654 0.469654 0.469654 0.469654 0.469654 0.469654 0.469654 0.469654 0.469654 0.469654 0.469654 0.469654 0.469654 0.469654 0.469654 0.469654 0.469654 0.469654 0.469654 0.469654 0.469654 0.469654 0.469654 0.33 0.469654 0.469654 0.469654 0.469654 0.469654 0.469654 0.469654 0.469654 0.469654 0.33 0.469654 0.469654 0.469654 0.469654 0.469654 0.469654 0.469654 0.469654 0.469654 0.33 0.469654 0.469654 0.469654 0.469654 0.469654 0.469654 0.469654 0.469654 0.469654 0.33 0.469654 0.469654 0.469654 0.469654 0.469654 0.469654 0.469654 0.469654 0.469654 0.342823 0.469654 0.469654 0.469654 0.469654 0.469654 0.469654 0.469654 0.469654 0.469654 0.388939 0.469654 0.469654 0.469654 0.469654 0.469654 0.469654 0.469654 0.469654 0.469654 0.469095 0.469654 0.469654 0.469654 0.469654 0.469654 0.469654 0.469654 0.469654 0.469654 0.333617 0.469654 0.469654 0.469654 0.469654 0.469654 0.469654 0.469654 0.469654 0.469654 0.33 0.469654 0.469654 0.469654 0.469654 0.469654 0.469654 0.469654 0.469654 0.469654 0.33 0.469654 0.469654 0.469654 0.409685 0.469654 0.469654 0.468279 0.469654 0.469654 0.469654 0.469654 0.469654 0.469654 0.427199 0.469654 0.469654 0.467538 0.469654 0.469654 0.469654 0.469654 0.469654 0.469654 0.469258 0.469654 0.469654 0.467059 0.469654 0.469654 0.469654 0.469654 0.469654 0.469654 0.335725 0.469654 0.469654 0.33 0.469654 0.469654 0.469654 0.469654 0.469654 0.469654 0.330117 0.469654 0.469654 0.33007 0.469654 0.469654 0.469654 0.469654 0.469654 0.469654 0.330874 0.469654 0.469654 0.335889 0.469654 0.469654 0.469654 0.469654 0.469654 0.469654 0.332761 0.469654 0.469654 0.440996 0.469654 0.469654 0.469654 0.469654 0.469654 0.469654 0.330088 0.469654 0.469654 0.330069 0.469654 0.469654 0.469654 0.469654 0.469654 0.469654 0.45106 0.469654 0.469654 0.430541 0.469654 0.469654 0.469654 0.469654 0.469654 0.469654 0.467774 0.469654 0.469654 0.330291 0.469654 0.469654 0.469654 0.469654 0.469654 0.469654 0.469654 0.469654 0.469654 0.469654 0.469654 0.469654 0.469654 0.469654 0.469654 0.469654 0.469654 0.469654 0.469654 0.469654 0.469654 0.469654 0.469654 0.469654 0.469654 0.469654 0.469654 0.469654 0.469654 0.469654 0.469654 0.469654 0.469654 0.469654 0.469654 0.469654 0.469654 0.469654 0.469654 0.469654 0.469654 0.469654 0.469654 0.469654 0.469654 0.469654 0.469654 0.469654 0.469654 0.469654 0.469654 0.469654 0.469654 0.469654 0.469654 0.469654 0.469654 0.469654 0.469654 0.469654 0.469654 0.469654 0.469654 0.469654 0.469654 0.469654 0.469654 0.469654 0.469654 0.469654 0.469654 0.469654 0.469654 0.469654 0.469654 0.469654 0.469654 0.469654 0.469654 0.469654 0.469654 0.469654 0.469654 0.469654 0.469654 0.469654 0.469654 0.469654 0.469654 0.469654 0.469654 0.469654 0.469654 0.469654 0.469654 0.469654 0.469654 0.469654 0.469654 0.469654 0.469654 0.469654 0.469654 0.469654 0.469654 0.469654 0.469654 0.469654 0.469654 0.469654 0.469654 0.469654 0.330005 0.469654 0.469654 0.469654 0.469654 0.469654 0.469654 0.469654 0.469654 0.469654 0.430861 0.469654 0.469654 0.469654 0.469654 0.469654 0.469654 0.469654 0.469654 0.469654 0.373242 0.469654 0.469654 0.469654 0.469654 0.469654 0.469654 0.469654 0.469654 0.469654 0.431565 0.469654 0.469654 0.469654 0.469654 0.469654 0.469654 0.469654 0.469654 0.469654 0.330088 0.469654 0.469654 0.469654 0.469654 0.469654 0.469654 0.469654 0.469654 0.469654 0.330009 0.469654 0.469654 0.469654 0.469654 0.469654 0.469654 0.469654 0.469654 0.469654 0.330002 0.469654 0.469654 0.469654 0.469654 0.469654 0.469654 0.469654 0.469654 0.469654 0.330334 0.469654 0.469654 0.469654 0.469654 0.469654 0.469654 0.469654 0.469654 0.469654 0.37881 0.469654 0.469654 0.469654 0.469654 0.469654 0.469654 0.469654 0.469654 0.469654 0.33 0.469654 0.469654 0.469654 0.469654 0.469654 0.469654 0.469654 0.469654 0.469654 0.33 0.469654 0.469654 0.469654 0.469654 0.469654 0.469654 0.469654 0.469654 0.469654 0.33 0.469654 0.469654 0.469654 0.469654 0.469654 0.469654 0.469654 0.469654 0.469654 0.332158 0.469654 0.469654 0.469654 0.469654 0.469654 0.469654 0.469654 0.469654 0.469654 0.33 0.469654 0.469654 0.469654 0.469654 0.469654 0.469654 0.469654 0.469654 0.469654 0.467282 0.469654 0.469654 0.469654 0.469654 0.469654 0.469654 0.469654 0.469654 0.469654 0.330033 0.469654 0.469654 0.469654 0.469654 0.469654 0.469654 0.469654 0.469654 0.469654 0.330248 0.469654 0.469654 0.469654 0.469654 0.469654 0.469654 0.469654 0.469654 0.469654 0.33 0.469654 0.469654 0.469654 0.469654 0.469654 0.469654 0.469654 0.469654 0.469654 0.330208 0.469654 0.469654 0.469654 0.469654 0.469654 0.469654 0.469654 0.469654 0.469654 0.33 0.469654 0.469654 0.469654 0.333601 0.469654 0.469654 0.454963 0.469654 0.469654 0.469654 0.469654 0.469654 0.469654 0.333374 0.469654 0.469654 0.33006 0.469654 0.469654 0.469654 0.469654 0.469654 0.469654 0.469254 0.469654 0.469654 0.33438 0.469654 0.469654 0.469654 0.469654 0.469654 0.469654 0.330031 0.469654 0.469654 0.330048 0.469654 0.469654 0.469654 0.469654 0.469654 0.469654 0.330034 0.469654 0.469654 0.332114 0.469654 0.469654 0.469654 0.469654 0.469654 0.469654 0.33 0.469654 0.469654 0.330206 0.469654 0.469654 0.469654 0.469654 0.469654 0.469654 0.330216 0.469654 0.469654 0.33 0.469654 0.469654 0.469654 0.469654 0.469654 0.469654 0.330116 0.469654 0.469654 0.33 0.469654 0.469654 0.469654 0.469654 0.469654 0.469654 0.330001 0.469654 0.469654 0.454081 0.469654 0.469654 0.469654 0.469654 0.469654 0.469654 0.458715 0.469654 0.469654 0.331065 0.469654 0.469654 0.469654 0.469654 0.469654 0.469654 0.469654 0.469654 0.469654 0.469654 0.469654 0.469654 0.469654 0.469654 0.469654 0.469654 0.469654 0.469654 0.469654 0.469654 0.469654 0.469654 0.469654 0.469654 0.469654 0.469654 0.469654 0.469654 0.469654 0.469654 0.469654 0.469654 0.469654 0.469654 0.469654 0.469654 0.469654 0.469654 0.469654 0.469654 0.469654 0.469654 0.469654 0.469654 0.469654 0.469654 0.469654 0.469654 0.469654 0.469654 0.469654 0.469654 0.469654 0.469654 0.469654 0.469654 0.469654 0.469654 0.469654 0.469654 0.469654 0.469654 0.469654 0.469654 0.469654 0.469654 0.469654 0.469654 0.469654 0.469654 0.469654 0.469654 0.469654 0.469654 0.469654 0.469654 0.469654 0.469654 0.469654 0.469654 0.469654 0.469654 0.469654 0.469654 0.469654 0.469654 0.469654 0.469654 0.469654 0.469654 0.469654 0.469654 0.469654 0.469654 0.469654 0.469654 0.469654 0.469654 0.469654 0.469654 0.469654 0.469654 0.469654 0.469654 0.469654 0.469654 0.469654 0.469654 0.469654 0.469654 0.469654 0.469654 0.469071 0.469654 0.469654 0.469654 0.469654 0.469654 0.469654 0.469654 0.469654 0.469654 0.467856 0.469654 0.469654 0.469654 0.469654 0.469654 0.469654 0.469654 0.469654 0.469654 0.330017 0.469654 0.469654 0.469654 0.469654 0.469654 0.469654 0.469654 0.469654 0.469654 0.443705 0.469654 0.469654 0.469654 0.469654 0.469654 0.469654 0.469654 0.469654 0.469654 0.336433 0.469654 0.469654 0.469654 0.469654 0.469654 0.469654 0.469654 0.469654 0.469654 0.33 0.469654 0.469654 0.469654 0.469654 0.469654 0.469654 0.469654 0.469654 0.469654 0.362399 0.469654 0.469654 0.469654 0.469654 0.469654 0.469654 0.469654 0.469654 0.469654 0.330147 0.469654 0.469654 0.469654 0.469654 0.469654 0.469654 0.469654 0.469654 0.469654 0.409894 0.469654 0.469654 0.469654 0.469654 0.469654 0.469654 0.469654 0.469654 0.469654 0.33 0.469654 0.469654 0.469654 0.46334 0.469654 0.469654 0.452011 0.469654 0.469654 0.469654 0.469654 0.469654 0.469654 0.33 0.469654 0.469654 0.445656 0.469654 0.469654 0.469654 0.469654 0.469654 0.469654 0.348335 0.469654 0.469654 0.340947 0.469654 0.469654 0.469654 0.469654 0.469654 0.469654 0.359967 0.469654 0.469654 0.464687 0.469654 0.469654 0.469654 0.469654 0.469654 0.469654 0.33 0.469654 0.469654 0.36977 0.469654 0.469654 0.469654 0.469654 0.469654 0.469654 0.426641 0.469654 0.469654 0.330027 0.469654 0.469654 0.469654 0.469654 0.469654 0.469654 0.34831 0.469654 0.469654 0.33 0.469654 0.469654 0.469654 0.469654 0.469654 0.469654 0.331467 0.469654 0.469654 0.46657 0.469654 0.469654 0.469654 0.469654 0.469654 0.469654 0.33 0.469654 0.469654 0.330035 0.469654 0.469654 0.469654 0.469654 0.469654 0.469654 0.424373 0.469654 0.469654 0.33 0.469654 0.469654 0.469654 0.469654 0.469654 0.469654 0.469654 0.469654 0.469654 0.469654 0.469654 0.469654 0.469654 0.469654 0.469654 0.469654 0.469654 0.469654 0.469654 0.469654 0.469654 0.469654 0.469654 0.469654 0.469654 0.469654 0.469654 0.469654 0.469654 0.469654 0.469654 0.469654 0.469654 0.469654 0.469654 0.469654 0.469654 0.469654 0.469654 0.469654 0.469654 0.469654 0.469654 0.469654 0.469654 0.469654 0.469654 0.469654 0.469654 0.469654 0.469654 0.469654 0.469654 0.469654 0.469654 0.469654 0.469654 0.469654 0.469654 0.469654 0.469654 0.469654 0.469654 0.469654 0.469654 0.469654 0.469654 0.469654 0.469654 0.469654 0.469654 0.469654 0.469654 0.469654 0.469654 0.469654 0.469654 0.469654 0.469654 0.469654 0.469654 0.469654 0.469654 0.469654 0.469654 0.469654 0.469654 0.469654 0.469654 0.469654 0.469654 0.469654 0.469654 0.469654 0.469654 0.469654 0.469654 0.469654 0.469654 0.469654 0.469654 0.469654 0.469654 0.469654 0.469654 0.469654 0.469654 0.469654 0.469654 0.469654 0.469654 0.469654 0.33 0.469654 0.469654 0.469654 0.469654 0.469654 0.469654 0.469654 0.469654 0.469654 0.33 0.469654 0.469654 0.469654 0.469654 0.469654 0.469654 0.469654 0.469654 0.469654 0.330044 0.469654 0.469654 0.469654 0.469654 0.469654 0.469654 0.469654 0.469654 0.469654 0.33 0.469654 0.469654 0.469654 0.469654 0.469654 0.469654 0.469654 0.469654 0.469654 0.33 0.469654 0.469654 0.469654 0.469654 0.469654 0.469654 0.469654 0.469654 0.469654 0.330264 0.469654 0.469654 0.469654 0.469654 0.469654 0.469654 0.469654 0.469654 0.469654 0.33 0.469654 0.469654 0.469654 0.469654 0.469654 0.469654 0.469654 0.469654 0.469654 0.362496 0.469654 0.469654 0.469654 0.469654 0.469654 0.469654 0.469654 0.469654 0.469654 0.468737 0.469654 0.469654 0.469654 0.469654 0.469654 0.469654 0.469654 0.469654 0.469654 0.448603 0.469654 0.469654 0.469654 0.46046 0.469654 0.469654 0.33558 0.469654 0.469654 0.469654 0.469654 0.469654 0.469654 0.416104 0.469654 0.469654 0.334137 0.469654 0.469654 0.469654 0.469654 0.469654 0.469654 0.363503 0.469654 0.469654 0.333627 0.469654 0.469654 0.469654 0.469654 0.469654 0.469654 0.33 0.469654 0.469654 0.428109 0.469654 0.469654 0.469654 0.469654 0.469654 0.469654 0.330056 0.469654 0.469654 0.330222 0.469654 0.469654 0.469654 0.469654 0.469654 0.469654 0.446802 0.469654 0.469654 0.330002 0.469654 0.469654 0.469654 0.469654 0.469654 0.469654 0.33 0.469654 0.469654 0.331643 0.469654 0.469654 0.469654 0.469654 0.469654 0.469654 0.40906 0.469654 0.469654 0.46668 0.469654 0.469654 0.469654 0.469654 0.469654 0.469654 0.426194 0.469654 0.469654 0.330001 0.469654 0.469654 0.469654 0.469654 0.469654 0.469654 0.375653 0.469654 0.469654 0.461884 0.469654 0.469654 0.469654 0.469654 0.469654 0.469654 0.469654 0.469654 0.469654 0.469654 0.469654 0.469654 0.469654 0.469654 0.469654 0.469654 0.469654 0.469654 0.469654 0.469654 0.469654 0.469654 0.469654 0.469654 0.469654 0.469654 0.469654 0.469654 0.469654 0.469654 0.469654 0.469654 0.469654 0.469654 0.469654 0.469654 0.469654 0.469654 0.469654 0.469654 0.469654 0.469654 0.469654 0.469654 0.469654 0.469654 0.469654 0.469654 0.469654 0.469654 0.469654 0.469654 0.469654 0.469654 0.469654 0.469654 0.469654 0.469654 0.469654 0.469654 0.469654 0.469654 0.469654 0.469654 0.469654 0.469654 0.469654 0.469654 0.469654 0.469654 0.469654 0.469654 0.469654 0.469654 0.469654 0.469654 0.469654 0.469654 0.469654 0.469654 0.469654 0.469654 0.469654 0.469654 0.469654 0.469654 0.469654 0.469654 0.469654 0.469654 0.469654 0.469654 0.469654 0.469654 0.469654 0.469654 0.469654 0.469654 0.469654 0.469654 0.469654 0.469654 0.469654 0.469654 0.469654 0.469654 0.469654 0.469654 0.469654 0.469654 0.469654 0.469654 0.330016 0.469654 0.469654 0.469654 0.469654 0.469654 0.469654 0.469654 0.469654 0.469654 0.469516 0.469654 0.469654 0.469654 0.469654 0.469654 0.469654 0.469654 0.469654 0.469654 0.34402 0.469654 0.469654 0.469654 0.469654 0.469654 0.469654 0.469654 0.469654 0.469654 0.331066 0.469654 0.469654 0.469654 0.469654 0.469654 0.469654 0.469654 0.469654 0.469654 0.330009 0.469654 0.469654 0.469654 0.469654 0.469654 0.469654 0.469654 0.469654 0.469654 0.33 0.469654 0.469654 0.469654 0.469654 0.469654 0.469654 0.469654 0.469654 0.469654 0.3304 0.469654 0.469654 0.469654 0.469654 0.469654 0.469654 0.469654 0.469654 0.469654 0.33 0.469654 0.469654 0.469654 0.469654 0.469654 0.469654 0.469654 0.469654 0.469654 0.33 0.469654 0.469654 0.469654 0.469654 0.469654 0.469654 0.469654 0.469654 0.469654 0.33 0.469654 0.469654 0.469654 0.469654 0.469654 0.469654 0.469654 0.469654 0.469654 0.334 0.469654 0.469654 0.469654 0.469654 0.469654 0.469654 0.469654 0.469654 0.469654 0.330068 0.469654 0.469654 0.469654 0.469654 0.469654 0.469654 0.469654 0.469654 0.469654 0.348071 0.469654 0.469654 0.469654 0.469654 0.469654 0.469654 0.469654 0.469654 0.469654 0.330002 0.469654 0.469654 0.469654 0.469654 0.469654 0.469654 0.469654 0.469654 0.469654 0.378868 0.469654 0.469654 0.469654 0.469654 0.469654 0.469654 0.469654 0.469654 0.469654 0.468754 0.469654 0.469654 0.469654 0.469654 0.469654 0.469654 0.469654 0.469654 0.469654 0.33 0.469654 0.469654 0.469654 0.469654 0.469654 0.469654 0.469654 0.469654 0.469654 0.332214 0.469654 0.469654 0.469654 0.469654 0.469654 0.469654 0.469654 0.469654 0.469654 0.46884 0.469654 0.469654 0.469654 0.469654 0.469654 0.469654 0.469654 0.469654 0.469654 0.460559 0.469654 0.469654 0.469654 0.465436 0.469654 0.469654 0.330005 0.469654 0.469654 0.469654 0.469654 0.469654 0.469654 0.33 0.469654 0.469654 0.330009 0.469654 0.469654 0.469654 0.469654 0.469654 0.469654 0.33 0.469654 0.469654 0.434905 0.469654 0.469654 0.469654 0.469654 0.469654 0.469654 0.33 0.469654 0.469654 0.462788 0.469654 0.469654 0.469654 0.469654 0.469654 0.469654 0.451581 0.469654 0.469654 0.459818 0.469654 0.469654 0.469654 0.469654 0.469654 0.469654 0.33 0.469654 0.469654 0.467327 0.469654 0.469654 0.469654 0.469654 0.469654 0.469654 0.330001 0.469654 0.469654 0.408298 0.469654 0.469654 0.469654 0.469654 0.469654 0.469654 0.33002 0.469654 0.469654 0.330034 0.469654 0.469654 0.469654 0.469654 0.469654 0.469654 0.428001 0.469654 0.469654 0.33 0.469654 0.469654 0.469654 0.469654 0.469654 0.469654 0.331062 0.469654 0.469654 0.450021 0.469654 0.469654 0.469654 0.469654 0.469654 0.469654 0.469654 0.469654 0.469654 0.469654 0.469654 0.469654 0.469654 0.469654 0.469654 0.469654 0.469654 0.469654 0.469654 0.469654 0.469654 0.469654 0.469654 0.469654 0.469654 0.469654 0.469654 0.469654 0.469654 0.469654 0.469654 0.469654 0.469654 0.469654 0.469654 0.469654 0.469654 0.469654 0.469654 0.469654 0.469654 0.469654 0.469654 0.469654 0.469654 0.469654 0.469654 0.469654 0.469654 0.469654 0.469654 0.469654 0.469654 0.469654 0.469654 0.469654 0.469654 0.469654 0.469654 0.469654 0.469654 0.469654 0.469654 0.469654 0.469654 0.469654 0.469654 0.469654 0.469654 0.469654 0.469654 0.469654 0.469654 0.469654 0.469654 0.469654 0.469654 0.469654 0.469654 0.469654 0.469654 0.469654 0.469654 0.469654 0.469654 0.469654 0.469654 0.469654 0.469654 0.469654 0.469654 0.469654 0.469654 0.469654 0.469654 0.469654 0.469654 0.469654 0.469654 0.469654 0.469654 0.469654 0.469654 0.469654 0.469654 0.469654 0.469654 0.469654 0.469654 0.469654 0.469654 0.469654 0.332274 0.469654 0.469654 0.469654 0.469654 0.469654 0.469654 0.469654 0.469654 0.469654 0.438655 0.469654 0.469654 0.469654 0.469654 0.469654 0.469654 0.469654 0.469654 0.469654 0.33 0.469654 0.469654 0.469654 0.469654 0.469654 0.469654 0.469654 0.469654 0.469654 0.454429 0.469654 0.469654 0.469654 0.469654 0.469654 0.469654 0.469654 0.469654 0.469654 0.330299 0.469654 0.469654 0.469654 0.469654 0.469654 0.469654 0.469654 0.469654 0.469654 0.339911 0.469654 0.469654 0.469654 0.469654 0.469654 0.469654 0.469654 0.469654 0.469654 0.366153 0.469654 0.469654 0.469654 0.469654 0.469654 0.469654 0.469654 0.469654 0.469654 0.33 0.469654 0.469654 0.469654 0.469654 0.469654 0.469654 0.469654 0.469654 0.469654 0.330083 0.469654 0.469654 0.469654 0.469654 0.469654 0.469654 0.469654 0.469654 0.469654 0.366536 0.469654 0.469654 0.469654 0.448325 0.469654 0.469654 0.393584 0.469654 0.469654 0.469654 0.469654 0.469654 0.469654 0.330485 0.469654 0.469654 0.419265 0.469654 0.469654 0.469654 0.469654 0.469654 0.469654 0.350917 0.469654 0.469654 0.330165 0.469654 0.469654 0.469654 0.469654 0.469654 0.469654 0.468671 0.469654 0.469654 0.460167 0.469654 0.469654 0.469654 0.469654 0.469654 0.469654 0.330012 0.469654 0.469654 0.465926 0.469654 0.469654 0.469654 0.469654 0.469654 0.469654 0.33 0.469654 0.469654 0.340991 0.469654 0.469654 0.469654 0.469654 0.469654 0.469654 0.469144 0.469654 0.469654 0.465384 0.469654 0.469654 0.469654 0.469654 0.469654 0.469654 0.345779 0.469654 0.469654 0.356216 0.469654 0.469654 0.469654 0.469654 0.469654 0.469654 0.465595 0.469654 0.469654 0.33 0.469654 0.469654 0.469654 0.469654 0.469654 0.469654 0.465117 0.469654 0.469654 0.335947 0.469654 0.469654 0.469654 0.469654 0.469654 0.469654 0.469654 0.469654 0.469654 0.469654 0.469654 0.469654 0.469654 0.469654 0.469654 0.469654 0.469654 0.469654 0.469654 0.469654 0.469654 0.469654 0.469654 0.469654 0.469654 0.469654 0.469654 0.469654 0.469654 0.469654 0.469654 0.469654 0.469654 0.469654 0.469654 0.469654 0.469654 0.469654 0.469654 0.469654 0.469654 0.469654 0.469654 0.469654 0.469654 0.469654 0.469654 0.469654 0.469654 0.469654 0.469654 0.469654 0.469654 0.469654 0.469654 0.469654 0.469654 0.469654 0.469654 0.469654 0.469654 0.469654 0.469654 0.469654 0.469654 0.469654 0.469654 0.469654 0.469654 0.469654 0.469654 0.469654 0.469654 0.469654 0.469654 0.469654 0.469654 0.469654 0.469654 0.469654 0.469654 0.469654 0.469654 0.469654 0.469654 0.469654 0.469654 0.469654 0.469654 0.469654 0.469654 0.469654 0.469654 0.469654 0.469654 0.469654 0.469654 0.469654 0.469654 0.469654 0.469654 0.469654 0.469654 0.469654 0.469654 0.469654 0.469654 0.469654 0.469654 0.469654 0.469654 0.469654 0.363826 0.469654 0.469654 0.469654 0.469654 0.469654 0.469654 0.469654 0.469654 0.469654 0.425251 0.469654 0.469654 0.469654 0.469654 0.469654 0.469654 0.469654 0.469654 0.469654 0.384949 0.469654 0.469654 0.469654 0.469654 0.469654 0.469654 0.469654 0.469654 0.469654 0.383196 0.469654 0.469654 0.469654 0.469654 0.469654 0.469654 0.469654 0.469654 0.469654 0.469514 0.469654 0.469654 0.469654 0.469654 0.469654 0.469654 0.469654 0.469654 0.469654 0.381661 0.469654 0.469654 0.469654 0.469654 0.469654 0.469654 0.469654 0.469654 0.469654 0.330444 0.469654 0.469654 0.469654 0.469654 0.469654 0.469654 0.469654 0.469654 0.469654 0.33 0.469654 0.469654 0.469654 0.469654 0.469654 0.469654 0.469654 0.469654 0.469654 0.461656 0.469654 0.469654 0.469654 0.469654 0.469654 0.469654 0.469654 0.469654 0.469654 0.463373 0.469654 0.469654 0.469654 0.330317 0.469654 0.469654 0.342481 0.469654 0.469654 0.469654 0.469654 0.469654 0.469654 0.392436 0.469654 0.469654 0.330003 0.469654 0.469654 0.469654 0.469654 0.469654 0.469654 0.330295 0.469654 0.469654 0.330027 0.469654 0.469654 0.469654 0.469654 0.469654 0.469654 0.466555 0.469654 0.469654 0.466868 0.469654 0.469654 0.469654 0.469654 0.469654 0.469654 0.33 0.469654 0.469654 0.467509 0.469654 0.469654 0.469654 0.469654 0.469654 0.469654 0.392838 0.469654 0.469654 0.33 0.469654 0.469654 0.469654 0.469654 0.469654 0.469654 0.330873 0.469654 0.469654 0.330474 0.469654 0.469654 0.469654 0.469654 0.469654 0.469654 0.330008 0.469654 0.469654 0.467242 0.469654 0.469654 0.469654 0.469654 0.469654 0.469654 0.465745 0.469654 0.469654 0.33 0.469654 0.469654 0.469654 0.469654 0.469654 0.469654 0.330003 0.469654 0.469654 0.401242 0.469654 0.469654 0.469654 0.469654 0.469654 0.469654 0.469654 0.469654 0.469654 0.469654 0.469654 0.469654 0.469654 0.469654 0.469654 0.469654 0.469654 0.469654 0.469654 0.469654 0.469654 0.469654 0.469654 0.469654 0.469654 0.469654 0.469654 0.469654 0.469654 0.469654 0.469654 0.469654 0.469654 0.469654 0.469654 0.469654 0.469654 0.469654 0.469654 0.469654 0.469654 0.469654 0.469654 0.469654 0.469654 0.469654 0.469654 0.469654 0.469654 0.469654 0.469654 0.469654 0.469654 0.469654 0.469654 0.469654 0.469654 0.469654 0.469654 0.469654 0.469654 0.469654 0.469654 0.469654 0.469654 0.469654 0.469654 0.469654 0.469654 0.469654 0.469654 0.469654 0.469654 0.469654 0.469654 0.469654 0.469654 0.469654 0.469654 0.469654 0.469654 0.469654 0.469654 0.469654 0.469654 0.469654 0.469654 0.469654 0.469654 0.469654 0.469654 0.469654 0.469654 0.469654 0.469654 0.469654 0.469654 0.469654 0.469654 0.469654 0.469654 0.469654 0.469654 0.469654 0.469654 0.469654 0.469654 0.469654 0.469654 0.469654 0.469654 0.469654 0.33 0.469654 0.469654 0.469654 0.469654 0.469654 0.469654 0.469654 0.469654 0.469654 0.33 0.469654 0.469654 0.469654 0.469654 0.469654 0.469654 0.469654 0.469654 0.469654 0.409188 0.469654 0.469654 0.469654 0.469654 0.469654 0.469654 0.469654 0.469654 0.469654 0.33 0.469654 0.469654 0.469654 0.469654 0.469654 0.469654 0.469654 0.469654 0.469654 0.450059 0.469654 0.469654 0.469654 0.469654 0.469654 0.469654 0.469654 0.469654 0.469654 0.468673 0.469654 0.469654 0.469654 0.469654 0.469654 0.469654 0.469654 0.469654 0.469654 0.335876 0.469654 0.469654 0.469654 0.469654 0.469654 0.469654 0.469654 0.469654 0.469654 0.330003 0.469654 0.469654 0.469654 0.469654 0.469654 0.469654 0.469654 0.469654 0.469654 0.33 0.469654 0.469654 0.469654 0.469654 0.469654 0.469654 0.469654 0.469654 0.469654 0.467402 0.469654 0.469654 0.469654 0.469654 0.469654 0.469654 0.469654 0.469654 0.469654 0.377079 0.469654 0.469654 0.469654 0.469654 0.469654 0.469654 0.469654 0.469654 0.469654 0.402121 0.469654 0.469654 0.469654 0.469654 0.469654 0.469654 0.469654 0.469654 0.469654 0.337106 0.469654 0.469654 0.469654 0.469654 0.469654 0.469654 0.469654 0.469654 0.469654 0.407075 0.469654 0.469654 0.469654 0.469654 0.469654 0.469654 0.469654 0.469654 0.469654 0.33 0.469654 0.469654 0.469654 0.469654 0.469654 0.469654 0.469654 0.469654 0.469654 0.33 0.469654 0.469654 0.469654 0.469654 0.469654 0.469654 0.469654 0.469654 0.469654 0.330048 0.469654 0.469654 0.469654 0.469654 0.469654 0.469654 0.469654 0.469654 0.469654 0.455711 0.469654 0.469654 0.469654 0.469654 0.469654 0.469654 0.469654 0.469654 0.469654 0.330003 0.469654 0.469654 0.469654 0.469654 0.469654 0.469654 0.469654 0.469654 0.469654 0.330003 0.469654 0.469654 0.469654 0.42908 0.469654 0.469654 0.457949 0.469654 0.469654 0.469654 0.469654 0.469654 0.469654 0.46942 0.469654 0.469654 0.33 0.469654 0.469654 0.469654 0.469654 0.469654 0.469654 0.330041 0.469654 0.469654 0.33 0.469654 0.469654 0.469654 0.469654 0.469654 0.469654 0.33 0.469654 0.469654 0.330041 0.469654 0.469654 0.469654 0.469654 0.469654 0.469654 0.33 0.469654 0.469654 0.468637 0.469654 0.469654 0.469654 0.469654 0.469654 0.469654 0.418295 0.469654 0.469654 0.466633 0.469654 0.469654 0.469654 0.469654 0.469654 0.469654 0.44053 0.469654 0.469654 0.330451 0.469654 0.469654 0.469654 0.469654 0.469654 0.469654 0.468891 0.469654 0.469654 0.33 0.469654 0.469654 0.469654 0.469654 0.469654 0.469654 0.333401 0.469654 0.469654 0.437946 0.469654 0.469654 0.469654 0.469654 0.469654 0.469654 0.467715 0.469654 0.469654 0.453573 0.469654 0.469654 0.469654 0.469654 0.469654 0.469654 0.469654 0.469654 0.469654 0.469654 0.469654 0.469654 0.469654 0.469654 0.469654 0.469654 0.469654 0.469654 0.469654 0.469654 0.469654 0.469654 0.469654 0.469654 0.469654 0.469654 0.469654 0.469654 0.469654 0.469654 0.469654 0.469654 0.469654 0.469654 0.469654 0.469654 0.469654 0.469654 0.469654 0.469654 0.469654 0.469654 0.469654 0.469654 0.469654 0.469654 0.469654 0.469654 0.469654 0.469654 0.469654 0.469654 0.469654 0.469654 0.469654 0.469654 0.469654 0.469654 0.469654 0.469654 0.469654 0.469654 0.469654 0.469654 0.469654 0.469654 0.469654 0.469654 0.469654 0.469654 0.469654 0.469654 0.469654 0.469654 0.469654 0.469654 0.469654 0.469654 0.469654 0.469654 0.469654 0.469654 0.469654 0.469654 0.469654 0.469654 0.469654 0.469654 0.469654 0.469654 0.469654 0.469654 0.469654 0.469654 0.469654 0.469654 0.469654 0.469654 0.469654 0.469654 0.469654 0.469654 0.469654 0.469654 0.469654 0.469654 0.469654 0.469654 0.469654 0.469654 0.469654 0.469654 0.33 0.469654 0.469654 0.469654 0.469654 0.469654 0.469654 0.469654 0.469654 0.469654 0.467066 0.469654 0.469654 0.469654 0.469654 0.469654 0.469654 0.469654 0.469654 0.469654 0.33 0.469654 0.469654 0.469654 0.469654 0.469654 0.469654 0.469654 0.469654 0.469654 0.456246 0.469654 0.469654 0.469654 0.469654 0.469654 0.469654 0.469654 0.469654 0.469654 0.469366 0.469654 0.469654 0.469654 0.469654 0.469654 0.469654 0.469654 0.469654 0.469654 0.452938 0.469654 0.469654 0.469654 0.469654 0.469654 0.469654 0.469654 0.469654 0.469654 0.463683 0.469654 0.469654 0.469654 0.469654 0.469654 0.469654 0.469654 0.469654 0.469654 0.423145 0.469654 0.469654 0.469654 0.469654 0.469654 0.469654 0.469654 0.469654 0.469654 0.334935 0.469654 0.469654 0.469654 0.469654 0.469654 0.469654 0.469654 0.469654 0.469654 0.33 0.469654 0.469654 0.469654 0.33 0.469654 0.469654 0.348888 0.469654 0.469654 0.469654 0.469654 0.469654 0.469654 0.33 0.469654 0.469654 0.33 0.469654 0.469654 0.469654 0.469654 0.469654 0.469654 0.33 0.469654 0.469654 0.468696 0.469654 0.469654 0.469654 0.469654 0.469654 0.469654 0.33089 0.469654 0.469654 0.33 0.469654 0.469654 0.469654 0.469654 0.469654 0.469654 0.33 0.469654 0.469654 0.405835 0.469654 0.469654 0.469654 0.469654 0.469654 0.469654 0.33 0.469654 0.469654 0.402383 0.469654 0.469654 0.469654 0.469654 0.469654 0.469654 0.33 0.469654 0.469654 0.33 0.469654 0.469654 0.469654 0.469654 0.469654 0.469654 0.426719 0.469654 0.469654 0.33 0.469654 0.469654 0.469654 0.469654 0.469654 0.469654 0.356763 0.469654 0.469654 0.33 0.469654 0.469654 0.469654 0.469654 0.469654 0.469654 0.429254 0.469654 0.469654 0.466186 0.469654 0.469654 0.469654 0.469654 0.469654 0.469654 0.469654 0.469654 0.469654 0.469654 0.469654 0.469654 0.469654 0.469654 0.469654 0.469654 0.469654 0.469654 0.469654 0.469654 0.469654 0.469654 0.469654 0.469654 0.469654 0.469654 0.469654 0.469654 0.469654 0.469654 0.469654 0.469654 0.469654 0.469654 0.469654 0.469654 0.469654 0.469654 0.469654 0.469654 0.469654 0.469654 0.469654 0.469654 0.469654 0.469654 0.469654 0.469654 0.469654 0.469654 0.469654 0.469654 0.469654 0.469654 0.469654 0.469654 0.469654 0.469654 0.469654 0.469654 0.469654 0.469654 0.469654 0.469654 0.469654 0.469654 0.469654 0.469654 0.469654 0.469654 0.469654 0.469654 0.469654 0.469654 0.469654 0.469654 0.469654 0.469654 0.469654 0.469654 0.469654 0.469654 0.469654 0.469654 0.469654 0.469654 0.469654 0.469654 0.469654 0.469654 0.469654 0.469654 0.469654 0.469654 0.469654 0.469654 0.469654 0.469654 0.469654 0.469654 0.469654 0.469654 0.469654 0.469654 0.469654 0.469654 0.469654 0.469654 0.469654 0.469654 0.469654 0.469654 0.376477 0.469654 0.469654 0.469654 0.469654 0.469654 0.469654 0.469654 0.469654 0.469654 0.33 0.469654 0.469654 0.469654 0.469654 0.469654 0.469654 0.469654 0.469654 0.469654 0.330007 0.469654 0.469654 0.469654 0.469654 0.469654 0.469654 0.469654 0.469654 0.469654 0.336514 0.469654 0.469654 0.469654 0.469654 0.469654 0.469654 0.469654 0.469654 0.469654 0.330118 0.469654 0.469654 0.469654 0.469654 0.469654 0.469654 0.469654 0.469654 0.469654 0.374346 0.469654 0.469654 0.469654 0.469654 0.469654 0.469654 0.469654 0.469654 0.469654 0.330648 0.469654 0.469654 0.469654 0.469654 0.469654 0.469654 0.469654 0.469654 0.469654 0.33 0.469654 0.469654 0.469654 0.469654 0.469654 0.469654 0.469654 0.469654 0.469654 0.334442 0.469654 0.469654 0.469654 0.469654 0.469654 0.469654 0.469654 0.469654 0.469654 0.334303 0.469654 0.469654 0.469654 0.469318 0.469654 0.469654 0.406133 0.469654 0.469654 0.469654 0.469654 0.469654 0.469654 0.33 0.469654 0.469654 0.33 0.469654 0.469654 0.469654 0.469654 0.469654 0.469654 0.426242 0.469654 0.469654 0.33 0.469654 0.469654 0.469654 0.469654 0.469654 0.469654 0.33 0.469654 0.469654 0.330553 0.469654 0.469654 0.469654 0.469654 0.469654 0.469654 0.33 0.469654 0.469654 0.330125 0.469654 0.469654 0.469654 0.469654 0.469654 0.469654 0.341443 0.469654 0.469654 0.402575 0.469654 0.469654 0.469654 0.469654 0.469654 0.469654 0.33 0.469654 0.469654 0.436079 0.469654 0.469654 0.469654 0.469654 0.469654 0.469654 0.33 0.469654 0.469654 0.468247 0.469654 0.469654 0.469654 0.469654 0.469654 0.469654 0.336514 0.469654 0.469654 0.330003 0.469654 0.469654 0.469654 0.469654 0.469654 0.469654 0.330014 0.469654 0.469654 0.33 0.469654 0.469654 0.469654 0.469654 0.469654 0.469654 0.469654 0.469654 0.469654 0.469654 0.469654 0.469654 0.469654 0.469654 0.469654 0.469654 0.469654 0.469654 0.469654 0.469654 0.469654 0.469654 0.469654 0.469654 0.469654 0.469654 0.469654 0.469654 0.469654 0.469654 0.469654 0.469654 0.469654 0.469654 0.469654 0.469654 0.469654 0.469654 0.469654 0.469654 0.469654 0.469654 0.469654 0.469654 0.469654 0.469654 0.469654 0.469654 0.469654 0.469654 0.469654 0.469654 0.469654 0.469654 0.469654 0.469654 0.469654 0.469654 0.469654 0.469654 0.469654 0.469654 0.469654 0.469654 0.469654 0.469654 0.469654 0.469654 0.469654 0.469654 0.469654 0.469654 0.469654 0.469654 0.469654 0.469654 0.469654 0.469654 0.469654 0.469654 0.469654 0.469654 0.469654 0.469654 0.469654 0.469654 0.469654 0.469654 0.469654 0.469654 0.469654 0.469654 0.469654 0.469654 0.469654 0.469654 0.469654 0.469654 0.469654 0.469654 0.469654 0.469654 0.469654 0.469654 0.469654 0.469654 0.469654 0.469654 0.469654 0.469654 0.469654 0.469654 0.40224 0.469654 0.469654 0.469654 0.469654 0.469654 0.469654 0.469654 0.469654 0.469654 0.33471 0.469654 0.469654 0.469654 0.469654 0.469654 0.469654 0.469654 0.469654 0.469654 0.330163 0.469654 0.469654 0.469654 0.469654 0.469654 0.469654 0.469654 0.469654 0.469654 0.33 0.469654 0.469654 0.469654 0.469654 0.469654 0.469654 0.469654 0.469654 0.469654 0.467363 0.469654 0.469654 0.469654 0.469654 0.469654 0.469654 0.469654 0.469654 0.469654 0.353477 0.469654 0.469654 0.469654 0.469654 0.469654 0.469654 0.469654 0.469654 0.469654 0.342713 0.469654 0.469654 0.469654 0.469654 0.469654 0.469654 0.469654 0.469654 0.469654 0.468707 0.469654 0.469654 0.469654 0.469654 0.469654 0.469654 0.469654 0.469654 0.469654 0.334831 0.469654 0.469654 0.469654 0.469654 0.469654 0.469654 0.469654 0.469654 0.469654 0.33 0.469654 0.469654 0.469654 0.469654 0.469654 0.469654 0.469654 0.469654 0.469654 0.332247 0.469654 0.469654 0.469654 0.469654 0.469654 0.469654 0.469654 0.469654 0.469654 0.33 0.469654 0.469654 0.469654 0.469654 0.469654 0.469654 0.469654 0.469654 0.469654 0.465471 0.469654 0.469654 0.469654 0.469654 0.469654 0.469654 0.469654 0.469654 0.469654 0.330001 0.469654 0.469654 0.469654 0.469654 0.469654 0.469654 0.469654 0.469654 0.469654 0.438563 0.469654 0.469654 0.469654 0.469654 0.469654 0.469654 0.469654 0.469654 0.469654 0.330064 0.469654 0.469654 0.469654 0.469654 0.469654 0.469654 0.469654 0.469654 0.469654 0.450197 0.469654 0.469654 0.469654 0.469654 0.469654 0.469654 0.469654 0.469654 0.469654 0.33 0.469654 0.469654 0.469654 0.469654 0.469654 0.469654 0.469654 0.469654 0.469654 0.468564 0.469654 0.469654 0.469654 0.469654 0.469654 0.469654 0.469654 0.469654 0.469654 0.434929 0.469654 0.469654 0.469654 0.343693 0.469654 0.469654 0.330102 0.469654 0.469654 0.469654 0.469654 0.469654 0.469654 0.452145 0.469654 0.469654 0.33 0.469654 0.469654 0.469654 0.469654 0.469654 0.469654 0.39479 0.469654 0.469654 0.33 0.469654 0.469654 0.469654 0.469654 0.469654 0.469654 0.330057 0.469654 0.469654 0.330545 0.469654 0.469654 0.469654 0.469654 0.469654 0.469654 0.468942 0.469654 0.469654 0.33 0.469654 0.469654 0.469654 0.469654 0.469654 0.469654 0.392735 0.469654 0.469654 0.33067 0.469654 0.469654 0.469654 0.469654 0.469654 0.469654 0.330015 0.469654 0.469654 0.33 0.469654 0.469654 0.469654 0.469654 0.469654 0.469654 0.341711 0.469654 0.469654 0.366391 0.469654 0.469654 0.469654 0.469654 0.469654 0.469654 0.330027 0.469654 0.469654 0.331046 0.469654 0.469654 0.469654 0.469654 0.469654 0.469654 0.330007 0.469654 0.469654 0.464985 0.469654 0.469654 0.469654 0.469654 0.469654 0.469654 0.469654 0.469654 0.469654 0.469654 0.469654 0.469654 0.469654 0.469654 0.469654 0.469654 0.469654 0.469654 0.469654 0.469654 0.469654 0.469654 0.469654 0.469654 0.469654 0.469654 0.469654 0.469654 0.469654 0.469654 0.469654 0.469654 0.469654 0.469654 0.469654 0.469654 0.469654 0.469654 0.469654 0.469654 0.469654 0.469654 0.469654 0.469654 0.469654 0.469654 0.469654 0.469654 0.469654 0.469654 0.469654 0.469654 0.469654 0.469654 0.469654 0.469654 0.469654 0.469654 0.469654 0.469654 0.469654 0.469654 0.469654 0.469654 0.469654 0.469654 0.469654 0.469654 0.469654 0.469654 0.469654 0.469654 0.469654 0.469654 0.469654 0.469654 0.469654 0.469654 0.469654 0.469654 0.469654 0.469654 0.469654 0.469654 0.469654 0.469654 0.469654 0.469654 0.469654 0.469654 0.469654 0.469654 0.469654 0.469654 0.469654 0.469654 0.469654 0.469654 0.469654 0.469654 0.469654 0.469654 0.469654 0.469654 0.469654 0.469654 0.469654 0.469654 0.469654 0.469654 0.469654 0.469654 0.441935 0.469654 0.469654 0.469654 0.469654 0.469654 0.469654 0.469654 0.469654 0.469654 0.426995 0.469654 0.469654 0.469654 0.469654 0.469654 0.469654 0.469654 0.469654 0.469654 0.33 0.469654 0.469654 0.469654 0.469654 0.469654 0.469654 0.469654 0.469654 0.469654 0.466476 0.469654 0.469654 0.469654 0.469654 0.469654 0.469654 0.469654 0.469654 0.469654 0.339457 0.469654 0.469654 0.469654 0.469654 0.469654 0.469654 0.469654 0.469654 0.469654 0.330327 0.469654 0.469654 0.469654 0.469654 0.469654 0.469654 0.469654 0.469654 0.469654 0.454322 0.469654 0.469654 0.469654 0.469654 0.469654 0.469654 0.469654 0.469654 0.469654 0.33 0.469654 0.469654 0.469654 0.469654 0.469654 0.469654 0.469654 0.469654 0.469654 0.467938 0.469654 0.469654 0.469654 0.469654 0.469654 0.469654 0.469654 0.469654 0.469654 0.465876 0.469654 0.469654 0.469654 0.359887 0.469654 0.469654 0.442583 0.469654 0.469654 0.469654 0.469654 0.469654 0.469654 0.33 0.469654 0.469654 0.337796 0.469654 0.469654 0.469654 0.469654 0.469654 0.469654 0.330081 0.469654 0.469654 0.33 0.469654 0.469654 0.469654 0.469654 0.469654 0.469654 0.33 0.469654 0.469654 0.360899 0.469654 0.469654 0.469654 0.469654 0.469654 0.469654 0.467261 0.469654 0.469654 0.330001 0.469654 0.469654 0.469654 0.469654 0.469654 0.469654 0.450839 0.469654 0.469654 0.34113 0.469654 0.469654 0.469654 0.469654 0.469654 0.469654 0.452356 0.469654 0.469654 0.39618 0.469654 0.469654 0.469654 0.469654 0.469654 0.469654 0.460821 0.469654 0.469654 0.421672 0.469654 0.469654 0.469654 0.469654 0.469654 0.469654 0.33 0.469654 0.469654 0.443645 0.469654 0.469654 0.469654 0.469654 0.469654 0.469654 0.330104 0.469654 0.469654 0.33 0.469654 0.469654 0.469654 0.469654 0.469654 0.469654 0.469654 0.469654 0.469654 0.469654 0.469654 0.469654 0.469654 0.469654 0.469654 0.469654 0.469654 0.469654 0.469654 0.469654 0.469654 0.469654 0.469654 0.469654 0.469654 0.469654 0.469654 0.469654 0.469654 0.469654 0.469654 0.469654 0.469654 0.469654 0.469654 0.469654 0.469654 0.469654 0.469654 0.469654 0.469654 0.469654 0.469654 0.469654 0.469654 0.469654 0.469654 0.469654 0.469654 0.469654 0.469654 0.469654 0.469654 0.469654 0.469654 0.469654 0.469654 0.469654 0.469654 0.469654 0.469654 0.469654 0.469654 0.469654 0.469654 0.469654 0.469654 0.469654 0.469654 0.469654 0.469654 0.469654 0.469654 0.469654 0.469654 0.469654 0.469654 0.469654 0.469654 0.469654 0.469654 0.469654 0.469654 0.469654 0.469654 0.469654 0.469654 0.469654 0.469654 0.469654 0.469654 0.469654 0.469654 0.469654 0.469654 0.469654 0.469654 0.469654 0.469654 0.469654 0.469654 0.469654 0.469654 0.469654 0.469654 0.469654 0.469654 0.469654 0.469654 0.469654 0.469654 0.469654 0.468589 0.469654 0.469654 0.469654 0.469654 0.469654 0.469654 0.469654 0.469654 0.469654 0.431136 0.469654 0.469654 0.469654 0.469654 0.469654 0.469654 0.469654 0.469654 0.469654 0.330294 0.469654 0.469654 0.469654 0.469654 0.469654 0.469654 0.469654 0.469654 0.469654 0.331101 0.469654 0.469654 0.469654 0.469654 0.469654 0.469654 0.469654 0.469654 0.469654 0.330004 0.469654 0.469654 0.469654 0.469654 0.469654 0.469654 0.469654 0.469654 0.469654 0.330912 0.469654 0.469654 0.469654 0.469654 0.469654 0.469654 0.469654 0.469654 0.469654 0.419113 0.469654 0.469654 0.469654 0.469654 0.469654 0.469654 0.469654 0.469654 0.469654 0.454176 0.469654 0.469654 0.469654 0.469654 0.469654 0.469654 0.469654 0.469654 0.469654 0.330045 0.469654 0.469654 0.469654 0.469654 0.469654 0.469654 0.469654 0.469654 0.469654 0.33 0.469654 0.469654 0.469654 0.33 0.469654 0.469654 0.46665 0.469654 0.469654 0.469654 0.469654 0.469654 0.469654 0.331881 0.469654 0.469654 0.469385 0.469654 0.469654 0.469654 0.469654 0.469654 0.469654 0.33 0.469654 0.469654 0.457659 0.469654 0.469654 0.469654 0.469654 0.469654 0.469654 0.33 0.469654 0.469654 0.468743 0.469654 0.469654 0.469654 0.469654 0.469654 0.469654 0.383285 0.469654 0.469654 0.330022 0.469654 0.469654 0.469654 0.469654 0.469654 0.469654 0.41676 0.469654 0.469654 0.33 0.469654 0.469654 0.469654 0.469654 0.469654 0.469654 0.330055 0.469654 0.469654 0.33 0.469654 0.469654 0.469654 0.469654 0.469654 0.469654 0.331067 0.469654 0.469654 0.467934 0.469654 0.469654 0.469654 0.469654 0.469654 0.469654 0.330704 0.469654 0.469654 0.33 0.469654 0.469654 0.469654 0.469654 0.469654 0.469654 0.330007 0.469654 0.469654 0.33 0.469654 0.469654 0.469654 0.469654 0.469654 0.469654 0.469654 0.469654 0.469654 0.469654 0.469654 0.469654 0.469654 0.469654 0.469654 0.469654 0.469654 0.469654 0.469654 0.469654 0.469654 0.469654 0.469654 0.469654 0.469654 0.469654 0.469654 0.469654 0.469654 0.469654 0.469654 0.469654 0.469654 0.469654 0.469654 0.469654 0.469654 0.469654 0.469654 0.469654 0.469654 0.469654 0.469654 0.469654 0.469654 0.469654 0.469654 0.469654 0.469654 0.469654 0.469654 0.469654 0.469654 0.469654 0.469654 0.469654 0.469654 0.469654 0.469654 0.469654 0.469654 0.469654 0.469654 0.469654 0.469654 0.469654 0.469654 0.469654 0.469654 0.469654 0.469654 0.469654 0.469654 0.469654 0.469654 0.469654 0.469654 0.469654 0.469654 0.469654 0.469654 0.469654 0.469654 0.469654 0.469654 0.469654 0.469654 0.469654 0.469654 0.469654 0.469654 0.469654 0.469654 0.469654 0.469654 0.469654 0.469654 0.469654 0.469654 0.469654 0.469654 0.469654 0.469654 0.469654 0.469654 0.469654 0.469654 0.469654 0.469654 0.469654 0.469654 0.469654 0.45886 0.469654 0.469654 0.469654 0.469654 0.469654 0.469654 0.469654 0.469654 0.469654 0.344781 0.469654 0.469654 0.469654 0.469654 0.469654 0.469654 0.469654 0.469654 0.469654 0.469279 0.469654 0.469654 0.469654 0.469654 0.469654 0.469654 0.469654 0.469654 0.469654 0.436892 0.469654 0.469654 0.469654 0.469654 0.469654 0.469654 0.469654 0.469654 0.469654 0.33 0.469654 0.469654 0.469654 0.469654 0.469654 0.469654 0.469654 0.469654 0.469654 0.330001 0.469654 0.469654 0.469654 0.469654 0.469654 0.469654 0.469654 0.469654 0.469654 0.330033 0.469654 0.469654 0.469654 0.469654 0.469654 0.469654 0.469654 0.469654 0.469654 0.33 0.469654 0.469654 0.469654 0.469654 0.469654 0.469654 0.469654 0.469654 0.469654 0.330228 0.469654 0.469654 0.469654 0.469654 0.469654 0.469654 0.469654 0.469654 0.469654 0.467829 0.469654 0.469654 
0.479604 0.479604 0.479604 0.479604 0.479604 0.479604 0.479604 0.405032 0.479604 0.479604 0.479604 0.479604 0.479604 0.479604 0.479604 0.479604 0.479604 0.32 0.479604 0.479604 0.479604 0.479604 0.479604 0.479604 0.479604 0.479604 0.479604 0.320003 0.479604 0.479604 0.479604 0.479604 0.479604 0.479604 0.479604 0.479604 0.479604 0.478923 0.479604 0.479604 0.479604 0.479604 0.479604 0.479604 0.479604 0.479604 0.479604 0.320334 0.479604 0.479604 0.479604 0.479604 0.479604 0.479604 0.479604 0.479604 0.479604 0.320027 0.479604 0.479604 0.479604 0.479604 0.479604 0.479604 0.479604 0.479604 0.479604 0.320063 0.479604 0.479604 0.479604 0.479604 0.479604 0.479604 0.479604 0.479604 0.479604 0.478643 0.479604 0.479604 0.479604 0.479604 0.479604 0.479604 0.479604 0.479604 0.479604 0.474973 0.479604 0.479604 0.479604 0.479604 0.479604 0.479604 0.479604 0.479604 0.479604 0.32005 0.479604 0.479604 0.479604 0.439218 0.479604 0.479604 0.32 0.479604 0.479604 0.479604 0.479604 0.479604 0.479604 0.388837 0.479604 0.479604 0.359892 0.479604 0.479604 0.479604 0.479604 0.479604 0.479604 0.32029 0.479604 0.479604 0.320004 0.479604 0.479604 0.479604 0.479604 0.479604 0.479604 0.473231 0.479604 0.479604 0.32 0.479604 0.479604 0.479604 0.479604 0.479604 0.479604 0.471128 0.479604 0.479604 0.337133 0.479604 0.479604 0.479604 0.479604 0.479604 0.479604 0.472169 0.479604 0.479604 0.320043 0.479604 0.479604 0.479604 0.479604 0.479604 0.479604 0.32084 0.479604 0.479604 0.320193 0.479604 0.479604 0.479604 0.479604 0.479604 0.479604 0.3286 0.479604 0.479604 0.32 0.479604 0.479604 0.479604 0.479604 0.479604 0.479604 0.47896 0.479604 0.479604 0.473885 0.479604 0.479604 0.479604 0.479604 0.479604 0.479604 0.32 0.479604 0.479604 0.320001 0.479604 0.479604 0.479604 0.479604 0.479604 0.479604 0.479604 0.479604 0.479604 0.479604 0.479604 0.479604 0.479604 0.479604 0.479604 0.479604 0.479604 0.479604 0.479604 0.479604 0.479604 0.479604 0.479604 0.479604 0.479604 0.479604 0.479604 0.479604 0.479604 0.479604 0.479604 0.479604 0.479604 0.479604 0.479604 0.479604 0.479604 0.479604 0.479604 0.479604 0.479604 0.479604 0.479604 0.479604 0.479604 0.479604 0.479604 0.479604 0.479604 0.479604 0.479604 0.479604 0.479604 0.479604 0.479604 0.479604 0.479604 0.479604 0.479604 0.479604 0.479604 0.479604 0.479604 0.479604 0.479604 0.479604 0.479604 0.479604 0.479604 0.479604 0.479604 0.479604 0.479604 0.479604 0.479604 0.479604 0.479604 0.479604 0.479604 0.479604 0.479604 0.479604 0.479604 0.479604 0.479604 0.479604 0.479604 0.479604 0.479604 0.479604 0.479604 0.479604 0.479604 0.479604 0.479604 0.479604 0.479604 0.479604 0.479604 0.479604 0.479604 0.479604 0.479604 0.479604 0.479604 0.479604 0.479604 0.479604 0.479604 0.479604 0.479604 0.479604 0.32 0.479604 0.479604 0.479604 0.479604 0.479604 0.479604 0.479604 0.479604 0.479604 0.457771 0.479604 0.479604 0.479604 0.479604 0.479604 0.479604 0.479604 0.479604 0.479604 0.32 0.479604 0.479604 0.479604 0.479604 0.479604 0.479604 0.479604 0.479604 0.479604 0.32 0.479604 0.479604 0.479604 0.479604 0.479604 0.479604 0.479604 0.479604 0.479604 0.473185 0.479604 0.479604 0.479604 0.479604 0.479604 0.479604 0.479604 0.479604 0.479604 0.358895 0.479604 0.479604 0.479604 0.479604 0.479604 0.479604 0.479604 0.479604 0.479604 0.32 0.479604 0.479604 0.479604 0.479604 0.479604 0.479604 0.479604 0.479604 0.479604 0.345241 0.479604 0.479604 0.479604 0.479604 0.479604 0.479604 0.479604 0.479604 0.479604 0.479417 0.479604 0.479604 0.479604 0.479604 0.479604 0.479604 0.479604 0.479604 0.479604 0.478362 0.479604 0.479604 0.479604 0.383516 0.479604 0.479604 0.372923 0.479604 0.479604 0.479604 0.479604 0.479604 0.479604 0.32 0.479604 0.479604 0.320047 0.479604 0.479604 0.479604 0.479604 0.479604 0.479604 0.335498 0.479604 0.479604 0.436127 0.479604 0.479604 0.479604 0.479604 0.479604 0.479604 0.321003 0.479604 0.479604 0.387612 0.479604 0.479604 0.479604 0.479604 0.479604 0.479604 0.32 0.479604 0.479604 0.429072 0.479604 0.479604 0.479604 0.479604 0.479604 0.479604 0.476372 0.479604 0.479604 0.472794 0.479604 0.479604 0.479604 0.479604 0.479604 0.479604 0.32 0.479604 0.479604 0.320061 0.479604 0.479604 0.479604 0.479604 0.479604 0.479604 0.32 0.479604 0.479604 0.32 0.479604 0.479604 0.479604 0.479604 0.479604 0.479604 0.446254 0.479604 0.479604 0.406808 0.479604 0.479604 0.479604 0.479604 0.479604 0.479604 0.32 0.479604 0.479604 0.320023 0.479604 0.479604 0.479604 0.479604 0.479604 0.479604 0.479604 0.479604 0.479604 0.479604 0.479604 0.479604 0.479604 0.479604 0.479604 0.479604 0.479604 0.479604 0.479604 0.479604 0.479604 0.479604 0.479604 0.479604 0.479604 0.479604 0.479604 0.479604 0.479604 0.479604 0.479604 0.479604 0.479604 0.479604 0.479604 0.479604 0.479604 0.479604 0.479604 0.479604 0.479604 0.479604 0.479604 0.479604 0.479604 0.479604 0.479604 0.479604 0.479604 0.479604 0.479604 0.479604 0.479604 0.479604 0.479604 0.479604 0.479604 0.479604 0.479604 0.479604 0.479604 0.479604 0.479604 0.479604 0.479604 0.479604 0.479604 0.479604 0.479604 0.479604 0.479604 0.479604 0.479604 0.479604 0.479604 0.479604 0.479604 0.479604 0.479604 0.479604 0.479604 0.479604 0.479604 0.479604 0.479604 0.479604 0.479604 0.479604 0.479604 0.479604 0.479604 0.479604 0.479604 0.479604 0.479604 0.479604 0.479604 0.479604 0.479604 0.479604 0.479604 0.479604 0.479604 0.479604 0.479604 0.479604 0.479604 0.479604 0.479604 0.479604 0.479604 0.479604 0.320021 0.479604 0.479604 0.479604 0.479604 0.479604 0.479604 0.479604 0.479604 0.479604 0.32 0.479604 0.479604 0.479604 0.479604 0.479604 0.479604 0.479604 0.479604 0.479604 0.32 0.479604 0.479604 0.479604 0.479604 0.479604 0.479604 0.479604 0.479604 0.479604 0.320081 0.479604 0.479604 0.479604 0.479604 0.479604 0.479604 0.479604 0.479604 0.479604 0.447773 0.479604 0.479604 0.479604 0.479604 0.479604 0.479604 0.479604 0.479604 0.479604 0.479078 0.479604 0.479604 0.479604 0.479604 0.479604 0.479604 0.479604 0.479604 0.479604 0.322004 0.479604 0.479604 0.479604 0.479604 0.479604 0.479604 0.479604 0.479604 0.479604 0.432365 0.479604 0.479604 0.479604 0.479604 0.479604 0.479604 0.479604 0.479604 0.479604 0.32 0.479604 0.479604 0.479604 0.479604 0.479604 0.479604 0.479604 0.479604 0.479604 0.320443 0.479604 0.479604 0.479604 0.32 0.479604 0.479604 0.321907 0.479604 0.479604 0.479604 0.479604 0.479604 0.479604 0.329026 0.479604 0.479604 0.320057 0.479604 0.479604 0.479604 0.479604 0.479604 0.479604 0.466569 0.479604 0.479604 0.443074 0.479604 0.479604 0.479604 0.479604 0.479604 0.479604 0.452857 0.479604 0.479604 0.477246 0.479604 0.479604 0.479604 0.479604 0.479604 0.479604 0.407615 0.479604 0.479604 0.320001 0.479604 0.479604 0.479604 0.479604 0.479604 0.479604 0.32 0.479604 0.479604 0.32546 0.479604 0.479604 0.479604 0.479604 0.479604 0.479604 0.32056 0.479604 0.479604 0.32 0.479604 0.479604 0.479604 0.479604 0.479604 0.479604 0.478797 0.479604 0.479604 0.320127 0.479604 0.479604 0.479604 0.479604 0.479604 0.479604 0.32 0.479604 0.479604 0.32 0.479604 0.479604 0.479604 0.479604 0.479604 0.479604 0.32 0.479604 0.479604 0.439213 0.479604 0.479604 0.479604 0.479604 0.479604 0.479604 0.479604 0.479604 0.479604 0.479604 0.479604 0.479604 0.479604 0.479604 0.479604 0.479604 0.479604 0.479604 0.479604 0.479604 0.479604 0.479604 0.479604 0.479604 0.479604 0.479604 0.479604 0.479604 0.479604 0.479604 0.479604 0.479604 0.479604 0.479604 0.479604 0.479604 0.479604 0.479604 0.479604 0.479604 0.479604 0.479604 0.479604 0.479604 0.479604 0.479604 0.479604 0.479604 0.479604 0.479604 0.479604 0.479604 0.479604 0.479604 0.479604 0.479604 0.479604 0.479604 0.479604 0.479604 0.479604 0.479604 0.479604 0.479604 0.479604 0.479604 0.479604 0.479604 0.479604 0.479604 0.479604 0.479604 0.479604 0.479604 0.479604 0.479604 0.479604 0.479604 0.479604 0.479604 0.479604 0.479604 0.479604 0.479604 0.479604 0.479604 0.479604 0.479604 0.479604 0.479604 0.479604 0.479604 0.479604 0.479604 0.479604 0.479604 0.479604 0.479604 0.479604 0.479604 0.479604 0.479604 0.479604 0.479604 0.479604 0.479604 0.479604 0.479604 0.479604 0.479604 0.479604 0.479604 0.460322 0.479604 0.479604 0.479604 0.479604 0.479604 0.479604 0.479604 0.479604 0.479604 0.454597 0.479604 0.479604 0.479604 0.479604 0.479604 0.479604 0.479604 0.479604 0.479604 0.32 0.479604 0.479604 0.479604 0.479604 0.479604 0.479604 0.479604 0.479604 0.479604 0.324311 0.479604 0.479604 0.479604 0.479604 0.479604 0.479604 0.479604 0.479604 0.479604 0.44766 0.479604 0.479604 0.479604 0.479604 0.479604 0.479604 0.479604 0.479604 0.479604 0.469893 0.479604 0.479604 0.479604 0.479604 0.479604 0.479604 0.479604 0.479604 0.479604 0.408218 0.479604 0.479604 0.479604 0.479604 0.479604 0.479604 0.479604 0.479604 0.479604 0.473823 0.479604 0.479604 0.479604 0.479604 0.479604 0.479604 0.479604 0.479604 0.479604 0.32 0.479604 0.479604 0.479604 0.479604 0.479604 0.479604 0.479604 0.479604 0.479604 0.473665 0.479604 0.479604 0.479604 0.479604 0.479604 0.479604 0.479604 0.479604 0.479604 0.328146 0.479604 0.479604 0.479604 0.479604 0.479604 0.479604 0.479604 0.479604 0.479604 0.32 0.479604 0.479604 0.479604 0.479604 0.479604 0.479604 0.479604 0.479604 0.479604 0.320001 0.479604 0.479604 0.479604 0.479604 0.479604 0.479604 0.479604 0.479604 0.479604 0.32 0.479604 0.479604 0.479604 0.479604 0.479604 0.479604 0.479604 0.479604 0.479604 0.32 0.479604 0.479604 0.479604 0.479604 0.479604 0.479604 0.479604 0.479604 0.479604 0.446332 0.479604 0.479604 0.479604 0.479604 0.479604 0.479604 0.479604 0.479604 0.479604 0.385314 0.479604 0.479604 0.479604 0.479604 0.479604 0.479604 0.479604 0.479604 0.479604 0.32 0.479604 0.479604 0.479604 0.479604 0.479604 0.479604 0.479604 0.479604 0.479604 0.320001 0.479604 0.479604 0.479604 0.479604 0.479604 0.479604 0.479604 0.479604 0.479604 0.32014 0.479604 0.479604 0.479604 0.32 0.479604 0.479604 0.342482 0.479604 0.479604 0.479604 0.479604 0.479604 0.479604 0.326284 0.479604 0.479604 0.321459 0.479604 0.479604 0.479604 0.479604 0.479604 0.479604 0.320003 0.479604 0.479604 0.320007 0.479604 0.479604 0.479604 0.479604 0.479604 0.479604 0.32 0.479604 0.479604 0.32 0.479604 0.479604 0.479604 0.479604 0.479604 0.479604 0.320311 0.479604 0.479604 0.330598 0.479604 0.479604 0.479604 0.479604 0.479604 0.479604 0.32 0.479604 0.479604 0.32 0.479604 0.479604 0.479604 0.479604 0.479604 0.479604 0.32 0.479604 0.479604 0.32 0.479604 0.479604 0.479604 0.479604 0.479604 0.479604 0.32 0.479604 0.479604 0.32 0.479604 0.479604 0.479604 0.479604 0.479604 0.479604 0.477865 0.479604 0.479604 0.320453 0.479604 0.479604 0.479604 0.479604 0.479604 0.479604 0.320027 0.479604 0.479604 0.320261 0.479604 0.479604 0.479604 0.479604 0.479604 0.479604 0.479604 0.479604 0.479604 0.479604 0.479604 0.479604 0.479604 0.479604 0.479604 0.479604 0.479604 0.479604 0.479604 0.479604 0.479604 0.479604 0.479604 0.479604 0.479604 0.479604 0.479604 0.479604 0.479604 0.479604 0.479604 0.479604 0.479604 0.479604 0.479604 0.479604 0.479604 0.479604 0.479604 0.479604 0.479604 0.479604 0.479604 0.479604 0.479604 0.479604 0.479604 0.479604 0.479604 0.479604 0.479604 0.479604 0.479604 0.479604 0.479604 0.479604 0.479604 0.479604 0.479604 0.479604 0.479604 0.479604 0.479604 0.479604 0.479604 0.479604 0.479604 0.479604 0.479604 0.479604 0.479604 0.479604 0.479604 0.479604 0.479604 0.479604 0.479604 0.479604 0.479604 0.479604 0.479604 0.479604 0.479604 0.479604 0.479604 0.479604 0.479604 0.479604 0.479604 0.479604 0.479604 0.479604 0.479604 0.479604 0.479604 0.479604 0.479604 0.479604 0.479604 0.479604 0.479604 0.479604 0.479604 0.479604 0.479604 0.479604 0.479604 0.479604 0.479604 0.479604 0.479604 0.479604 0.32 0.479604 0.479604 0.479604 0.479604 0.479604 0.479604 0.479604 0.479604 0.479604 0.458243 0.479604 0.479604 0.479604 0.479604 0.479604 0.479604 0.479604 0.479604 0.479604 0.32 0.479604 0.479604 0.479604 0.479604 0.479604 0.479604 0.479604 0.479604 0.479604 0.465978 0.479604 0.479604 0.479604 0.479604 0.479604 0.479604 0.479604 0.479604 0.479604 0.320006 0.479604 0.479604 0.479604 0.479604 0.479604 0.479604 0.479604 0.479604 0.479604 0.32 0.479604 0.479604 0.479604 0.479604 0.479604 0.479604 0.479604 0.479604 0.479604 0.347515 0.479604 0.479604 0.479604 0.479604 0.479604 0.479604 0.479604 0.479604 0.479604 0.467537 0.479604 0.479604 0.479604 0.479604 0.479604 0.479604 0.479604 0.479604 0.479604 0.332677 0.479604 0.479604 0.479604 0.479604 0.479604 0.479604 0.479604 0.479604 0.479604 0.321257 0.479604 0.479604 0.479604 0.32 0.479604 0.479604 0.46779 0.479604 0.479604 0.479604 0.479604 0.479604 0.479604 0.32629 0.479604 0.479604 0.479162 0.479604 0.479604 0.479604 0.479604 0.479604 0.479604 0.320077 0.479604 0.479604 0.32 0.479604 0.479604 0.479604 0.479604 0.479604 0.479604 0.32 0.479604 0.479604 0.32 0.479604 0.479604 0.479604 0.479604 0.479604 0.479604 0.32 0.479604 0.479604 0.320004 0.479604 0.479604 0.479604 0.479604 0.479604 0.479604 0.32 0.479604 0.479604 0.32 0.479604 0.479604 0.479604 0.479604 0.479604 0.479604 0.32 0.479604 0.479604 0.447088 0.479604 0.479604 0.479604 0.479604 0.479604 0.479604 0.32 0.479604 0.479604 0.409517 0.479604 0.479604 0.479604 0.479604 0.479604 0.479604 0.475893 0.479604 0.479604 0.32 0.479604 0.479604 0.479604 0.479604 0.479604 0.479604 0.477495 0.479604 0.479604 0.32 0.479604 0.479604 0.479604 0.479604 0.479604 0.479604 0.479604 0.479604 0.479604 0.479604 0.479604 0.479604 0.479604 0.479604 0.479604 0.479604 0.479604 0.479604 0.479604 0.479604 0.479604 0.479604 0.479604 0.479604 0.479604 0.479604 0.479604 0.479604 0.479604 0.479604 0.479604 0.479604 0.479604 0.479604 0.479604 0.479604 0.479604 0.479604 0.479604 0.479604 0.479604 0.479604 0.479604 0.479604 0.479604 0.479604 0.479604 0.479604 0.479604 0.479604 0.479604 0.479604 0.479604 0.479604 0.479604 0.479604 0.479604 0.479604 0.479604 0.479604 0.479604 0.479604 0.479604 0.479604 0.479604 0.479604 0.479604 0.479604 0.479604 0.479604 0.479604 0.479604 0.479604 0.479604 0.479604 0.479604 0.479604 0.479604 0.479604 0.479604 0.479604 0.479604 0.479604 0.479604 0.479604 0.479604 0.479604 0.479604 0.479604 0.479604 0.479604 0.479604 0.479604 0.479604 0.479604 0.479604 0.479604 0.479604 0.479604 0.479604 0.479604 0.479604 0.479604 0.479604 0.479604 0.479604 0.479604 0.479604 0.479604 0.479604 0.479604 0.479604 0.32 0.479604 0.479604 0.479604 0.479604 0.479604 0.479604 0.479604 0.479604 0.479604 0.478947 0.479604 0.479604 0.479604 0.479604 0.479604 0.479604 0.479604 0.479604 0.479604 0.320009 0.479604 0.479604 0.479604 0.479604 0.479604 0.479604 0.479604 0.479604 0.479604 0.32 0.479604 0.479604 0.479604 0.479604 0.479604 0.479604 0.479604 0.479604 0.479604 0.469317 0.479604 0.479604 0.479604 0.479604 0.479604 0.479604 0.479604 0.479604 0.479604 0.32 0.479604 0.479604 0.479604 0.479604 0.479604 0.479604 0.479604 0.479604 0.479604 0.32 0.479604 0.479604 0.479604 0.479604 0.479604 0.479604 0.479604 0.479604 0.479604 0.456037 0.479604 0.479604 0.479604 0.479604 0.479604 0.479604 0.479604 0.479604 0.479604 0.32 0.479604 0.479604 0.479604 0.479604 0.479604 0.479604 0.479604 0.479604 0.479604 0.320074 0.479604 0.479604 0.479604 0.32 0.479604 0.479604 0.321023 0.479604 0.479604 0.479604 0.479604 0.479604 0.479604 0.320031 0.479604 0.479604 0.320004 0.479604 0.479604 0.479604 0.479604 0.479604 0.479604 0.32 0.479604 0.479604 0.32 0.479604 0.479604 0.479604 0.479604 0.479604 0.479604 0.403535 0.479604 0.479604 0.32 0.479604 0.479604 0.479604 0.479604 0.479604 0.479604 0.477402 0.479604 0.479604 0.331186 0.479604 0.479604 0.479604 0.479604 0.479604 0.479604 0.323169 0.479604 0.479604 0.32 0.479604 0.479604 0.479604 0.479604 0.479604 0.479604 0.479054 0.479604 0.479604 0.470766 0.479604 0.479604 0.479604 0.479604 0.479604 0.479604 0.320002 0.479604 0.479604 0.459094 0.479604 0.479604 0.479604 0.479604 0.479604 0.479604 0.460509 0.479604 0.479604 0.427615 0.479604 0.479604 0.479604 0.479604 0.479604 0.479604 0.32 0.479604 0.479604 0.476673 0.479604 0.479604 0.479604 0.479604 0.479604 0.479604 0.479604 0.479604 0.479604 0.479604 0.479604 0.479604 0.479604 0.479604 0.479604 0.479604 0.479604 0.479604 0.479604 0.479604 0.479604 0.479604 0.479604 0.479604 0.479604 0.479604 0.479604 0.479604 0.479604 0.479604 0.479604 0.479604 0.479604 0.479604 0.479604 0.479604 0.479604 0.479604 0.479604 0.479604 0.479604 0.479604 0.479604 0.479604 0.479604 0.479604 0.479604 0.479604 0.479604 0.479604 0.479604 0.479604 0.479604 0.479604 0.479604 0.479604 0.479604 0.479604 0.479604 0.479604 0.479604 0.479604 0.479604 0.479604 0.479604 0.479604 0.479604 0.479604 0.479604 0.479604 0.479604 0.479604 0.479604 0.479604 0.479604 0.479604 0.479604 0.479604 0.479604 0.479604 0.479604 0.479604 0.479604 0.479604 0.479604 0.479604 0.479604 0.479604 0.479604 0.479604 0.479604 0.479604 0.479604 0.479604 0.479604 0.479604 0.479604 0.479604 0.479604 0.479604 0.479604 0.479604 0.479604 0.479604 0.479604 0.479604 0.479604 0.479604 0.479604 0.479604 0.479604 0.479604 0.475116 0.479604 0.479604 0.479604 0.479604 0.479604 0.479604 0.479604 0.479604 0.479604 0.468827 0.479604 0.479604 0.479604 0.479604 0.479604 0.479604 0.479604 0.479604 0.479604 0.321443 0.479604 0.479604 0.479604 0.479604 0.479604 0.479604 0.479604 0.479604 0.479604 0.32 0.479604 0.479604 0.479604 0.479604 0.479604 0.479604 0.479604 0.479604 0.479604 0.320087 0.479604 0.479604 0.479604 0.479604 0.479604 0.479604 0.479604 0.479604 0.479604 0.32 0.479604 0.479604 0.479604 0.479604 0.479604 0.479604 0.479604 0.479604 0.479604 0.469802 0.479604 0.479604 0.479604 0.479604 0.479604 0.479604 0.479604 0.479604 0.479604 0.467237 0.479604 0.479604 0.479604 0.479604 0.479604 0.479604 0.479604 0.479604 0.479604 0.32 0.479604 0.479604 0.479604 0.479604 0.479604 0.479604 0.479604 0.479604 0.479604 0.320223 0.479604 0.479604 0.479604 0.479604 0.479604 0.479604 0.479604 0.479604 0.479604 0.320002 0.479604 0.479604 0.479604 0.479604 0.479604 0.479604 0.479604 0.479604 0.479604 0.451608 0.479604 0.479604 0.479604 0.479604 0.479604 0.479604 0.479604 0.479604 0.479604 0.453703 0.479604 0.479604 0.479604 0.479604 0.479604 0.479604 0.479604 0.479604 0.479604 0.320005 0.479604 0.479604 0.479604 0.479604 0.479604 0.479604 0.479604 0.479604 0.479604 0.347984 0.479604 0.479604 0.479604 0.479604 0.479604 0.479604 0.479604 0.479604 0.479604 0.479007 0.479604 0.479604 0.479604 0.479604 0.479604 0.479604 0.479604 0.479604 0.479604 0.32 0.479604 0.479604 0.479604 0.479604 0.479604 0.479604 0.479604 0.479604 0.479604 0.320012 0.479604 0.479604 0.479604 0.479604 0.479604 0.479604 0.479604 0.479604 0.479604 0.320001 0.479604 0.479604 0.479604 0.479604 0.479604 0.479604 0.479604 0.479604 0.479604 0.320145 0.479604 0.479604 0.479604 0.322311 0.479604 0.479604 0.471343 0.479604 0.479604 0.479604 0.479604 0.479604 0.479604 0.478771 0.479604 0.479604 0.32 0.479604 0.479604 0.479604 0.479604 0.479604 0.479604 0.321293 0.479604 0.479604 0.38103 0.479604 0.479604 0.479604 0.479604 0.479604 0.479604 0.322907 0.479604 0.479604 0.32 0.479604 0.479604 0.479604 0.479604 0.479604 0.479604 0.429658 0.479604 0.479604 0.320014 0.479604 0.479604 0.479604 0.479604 0.479604 0.479604 0.320001 0.479604 0.479604 0.32 0.479604 0.479604 0.479604 0.479604 0.479604 0.479604 0.320002 0.479604 0.479604 0.328999 0.479604 0.479604 0.479604 0.479604 0.479604 0.479604 0.320904 0.479604 0.479604 0.47098 0.479604 0.479604 0.479604 0.479604 0.479604 0.479604 0.32 0.479604 0.479604 0.456908 0.479604 0.479604 0.479604 0.479604 0.479604 0.479604 0.320018 0.479604 0.479604 0.321958 0.479604 0.479604 0.479604 0.479604 0.479604 0.479604 0.479604 0.479604 0.479604 0.479604 0.479604 0.479604 0.479604 0.479604 0.479604 0.479604 0.479604 0.479604 0.479604 0.479604 0.479604 0.479604 0.479604 0.479604 0.479604 0.479604 0.479604 0.479604 0.479604 0.479604 0.479604 0.479604 0.479604 0.479604 0.479604 0.479604 0.479604 0.479604 0.479604 0.479604 0.479604 0.479604 0.479604 0.479604 0.479604 0.479604 0.479604 0.479604 0.479604 0.479604 0.479604 0.479604 0.479604 0.479604 0.479604 0.479604 0.479604 0.479604 0.479604 0.479604 0.479604 0.479604 0.479604 0.479604 0.479604 0.479604 0.479604 0.479604 0.479604 0.479604 0.479604 0.479604 0.479604 0.479604 0.479604 0.479604 0.479604 0.479604 0.479604 0.479604 0.479604 0.479604 0.479604 0.479604 0.479604 0.479604 0.479604 0.479604 0.479604 0.479604 0.479604 0.479604 0.479604 0.479604 0.479604 0.479604 0.479604 0.479604 0.479604 0.479604 0.479604 0.479604 0.479604 0.479604 0.479604 0.479604 0.479604 0.479604 0.479604 0.479604 0.479604 0.479604 0.320083 0.479604 0.479604 0.479604 0.479604 0.479604 0.479604 0.479604 0.479604 0.479604 0.464919 0.479604 0.479604 0.479604 0.479604 0.479604 0.479604 0.479604 0.479604 0.479604 0.343505 0.479604 0.479604 0.479604 0.479604 0.479604 0.479604 0.479604 0.479604 0.479604 0.320155 0.479604 0.479604 0.479604 0.479604 0.479604 0.479604 0.479604 0.479604 0.479604 0.378794 0.479604 0.479604 0.479604 0.479604 0.479604 0.479604 0.479604 0.479604 0.479604 0.478699 0.479604 0.479604 0.479604 0.479604 0.479604 0.479604 0.479604 0.479604 0.479604 0.32 0.479604 0.479604 0.479604 0.479604 0.479604 0.479604 0.479604 0.479604 0.479604 0.479031 0.479604 0.479604 0.479604 0.479604 0.479604 0.479604 0.479604 0.479604 0.479604 0.320001 0.479604 0.479604 0.479604 0.479604 0.479604 0.479604 0.479604 0.479604 0.479604 0.32 0.479604 0.479604 0.479604 0.32 0.479604 0.479604 0.479388 0.479604 0.479604 0.479604 0.479604 0.479604 0.479604 0.328114 0.479604 0.479604 0.320617 0.479604 0.479604 0.479604 0.479604 0.479604 0.479604 0.323338 0.479604 0.479604 0.32 0.479604 0.479604 0.479604 0.479604 0.479604 0.479604 0.32 0.479604 0.479604 0.385539 0.479604 0.479604 0.479604 0.479604 0.479604 0.479604 0.45771 0.479604 0.479604 0.477109 0.479604 0.479604 0.479604 0.479604 0.479604 0.479604 0.474412 0.479604 0.479604 0.32 0.479604 0.479604 0.479604 0.479604 0.479604 0.479604 0.32 0.479604 0.479604 0.320001 0.479604 0.479604 0.479604 0.479604 0.479604 0.479604 0.32 0.479604 0.479604 0.32718 0.479604 0.479604 0.479604 0.479604 0.479604 0.479604 0.32 0.479604 0.479604 0.32 0.479604 0.479604 0.479604 0.479604 0.479604 0.479604 0.419489 0.479604 0.479604 0.320344 0.479604 0.479604 0.479604 0.479604 0.479604 0.479604 0.479604 0.479604 0.479604 0.479604 0.479604 0.479604 0.479604 0.479604 0.479604 0.479604 0.479604 0.479604 0.479604 0.479604 0.479604 0.479604 0.479604 0.479604 0.479604 0.479604 0.479604 0.479604 0.479604 0.479604 0.479604 0.479604 0.479604 0.479604 0.479604 0.479604 0.479604 0.479604 0.479604 0.479604 0.479604 0.479604 0.479604 0.479604 0.479604 0.479604 0.479604 0.479604 0.479604 0.479604 0.479604 0.479604 0.479604 0.479604 0.479604 0.479604 0.479604 0.479604 0.479604 0.479604 0.479604 0.479604 0.479604 0.479604 0.479604 0.479604 0.479604 0.479604 0.479604 0.479604 0.479604 0.479604 0.479604 0.479604 0.479604 0.479604 0.479604 0.479604 0.479604 0.479604 0.479604 0.479604 0.479604 0.479604 0.479604 0.479604 0.479604 0.479604 0.479604 0.479604 0.479604 0.479604 0.479604 0.479604 0.479604 0.479604 0.479604 0.479604 0.479604 0.479604 0.479604 0.479604 0.479604 0.479604 0.479604 0.479604 0.479604 0.479604 0.479604 0.479604 0.479604 0.479604 0.32 0.479604 0.479604 0.479604 0.479604 0.479604 0.479604 0.479604 0.479604 0.479604 0.471473 0.479604 0.479604 0.479604 0.479604 0.479604 0.479604 0.479604 0.479604 0.479604 0.478573 0.479604 0.479604 0.479604 0.479604 0.479604 0.479604 0.479604 0.479604 0.479604 0.32062 0.479604 0.479604 0.479604 0.479604 0.479604 0.479604 0.479604 0.479604 0.479604 0.32 0.479604 0.479604 0.479604 0.479604 0.479604 0.479604 0.479604 0.479604 0.479604 0.32 0.479604 0.479604 0.479604 0.479604 0.479604 0.479604 0.479604 0.479604 0.479604 0.47875 0.479604 0.479604 0.479604 0.479604 0.479604 0.479604 0.479604 0.479604 0.479604 0.32 0.479604 0.479604 0.479604 0.479604 0.479604 0.479604 0.479604 0.479604 0.479604 0.32 0.479604 0.479604 0.479604 0.479604 0.479604 0.479604 0.479604 0.479604 0.479604 0.32 0.479604 0.479604 0.479604 0.437843 0.479604 0.479604 0.479176 0.479604 0.479604 0.479604 0.479604 0.479604 0.479604 0.477426 0.479604 0.479604 0.479418 0.479604 0.479604 0.479604 0.479604 0.479604 0.479604 0.320173 0.479604 0.479604 0.32 0.479604 0.479604 0.479604 0.479604 0.479604 0.479604 0.479432 0.479604 0.479604 0.372992 0.479604 0.479604 0.479604 0.479604 0.479604 0.479604 0.320012 0.479604 0.479604 0.478168 0.479604 0.479604 0.479604 0.479604 0.479604 0.479604 0.32 0.479604 0.479604 0.32 0.479604 0.479604 0.479604 0.479604 0.479604 0.479604 0.474862 0.479604 0.479604 0.477439 0.479604 0.479604 0.479604 0.479604 0.479604 0.479604 0.320214 0.479604 0.479604 0.32 0.479604 0.479604 0.479604 0.479604 0.479604 0.479604 0.330335 0.479604 0.479604 0.32 0.479604 0.479604 0.479604 0.479604 0.479604 0.479604 0.320333 0.479604 0.479604 0.32 0.479604 0.479604 0.479604 0.479604 0.479604 0.479604 0.479604 0.479604 0.479604 0.479604 0.479604 0.479604 0.479604 0.479604 0.479604 0.479604 0.479604 0.479604 0.479604 0.479604 0.479604 0.479604 0.479604 0.479604 0.479604 0.479604 0.479604 0.479604 0.479604 0.479604 0.479604 0.479604 0.479604 0.479604 0.479604 0.479604 0.479604 0.479604 0.479604 0.479604 0.479604 0.479604 0.479604 0.479604 0.479604 0.479604 0.479604 0.479604 0.479604 0.479604 0.479604 0.479604 0.479604 0.479604 0.479604 0.479604 0.479604 0.479604 0.479604 0.479604 0.479604 0.479604 0.479604 0.479604 0.479604 0.479604 0.479604 0.479604 0.479604 0.479604 0.479604 0.479604 0.479604 0.479604 0.479604 0.479604 0.479604 0.479604 0.479604 0.479604 0.479604 0.479604 0.479604 0.479604 0.479604 0.479604 0.479604 0.479604 0.479604 0.479604 0.479604 0.479604 0.479604 0.479604 0.479604 0.479604 0.479604 0.479604 0.479604 0.479604 0.479604 0.479604 0.479604 0.479604 0.479604 0.479604 0.479604 0.479604 0.479604 0.479604 0.479604 0.479604 0.436785 0.479604 0.479604 0.479604 0.479604 0.479604 0.479604 0.479604 0.479604 0.479604 0.463045 0.479604 0.479604 0.479604 0.479604 0.479604 0.479604 0.479604 0.479604 0.479604 0.320002 0.479604 0.479604 0.479604 0.479604 0.479604 0.479604 0.479604 0.479604 0.479604 0.320427 0.479604 0.479604 0.479604 0.479604 0.479604 0.479604 0.479604 0.479604 0.479604 0.320002 0.479604 0.479604 0.479604 0.479604 0.479604 0.479604 0.479604 0.479604 0.479604 0.320084 0.479604 0.479604 0.479604 0.479604 0.479604 0.479604 0.479604 0.479604 0.479604 0.440774 0.479604 0.479604 0.479604 0.479604 0.479604 0.479604 0.479604 0.479604 0.479604 0.320001 0.479604 0.479604 0.479604 0.479604 0.479604 0.479604 0.479604 0.479604 0.479604 0.32 0.479604 0.479604 0.479604 0.479604 0.479604 0.479604 0.479604 0.479604 0.479604 0.335162 0.479604 0.479604 0.479604 0.479604 0.479604 0.479604 0.479604 0.479604 0.479604 0.32 0.479604 0.479604 0.479604 0.479604 0.479604 0.479604 0.479604 0.479604 0.479604 0.322262 0.479604 0.479604 0.479604 0.479604 0.479604 0.479604 0.479604 0.479604 0.479604 0.32 0.479604 0.479604 0.479604 0.479604 0.479604 0.479604 0.479604 0.479604 0.479604 0.32 0.479604 0.479604 0.479604 0.479604 0.479604 0.479604 0.479604 0.479604 0.479604 0.320003 0.479604 0.479604 0.479604 0.479604 0.479604 0.479604 0.479604 0.479604 0.479604 0.443136 0.479604 0.479604 0.479604 0.479604 0.479604 0.479604 0.479604 0.479604 0.479604 0.32 0.479604 0.479604 0.479604 0.479604 0.479604 0.479604 0.479604 0.479604 0.479604 0.32 0.479604 0.479604 0.479604 0.479604 0.479604 0.479604 0.479604 0.479604 0.479604 0.320005 0.479604 0.479604 0.479604 0.479604 0.479604 0.479604 0.479604 0.479604 0.479604 0.377991 0.479604 0.479604 0.479604 0.381057 0.479604 0.479604 0.320518 0.479604 0.479604 0.479604 0.479604 0.479604 0.479604 0.320052 0.479604 0.479604 0.365302 0.479604 0.479604 0.479604 0.479604 0.479604 0.479604 0.320003 0.479604 0.479604 0.479056 0.479604 0.479604 0.479604 0.479604 0.479604 0.479604 0.474887 0.479604 0.479604 0.440971 0.479604 0.479604 0.479604 0.479604 0.479604 0.479604 0.320001 0.479604 0.479604 0.478179 0.479604 0.479604 0.479604 0.479604 0.479604 0.479604 0.478524 0.479604 0.479604 0.477722 0.479604 0.479604 0.479604 0.479604 0.479604 0.479604 0.321297 0.479604 0.479604 0.339264 0.479604 0.479604 0.479604 0.479604 0.479604 0.479604 0.32 0.479604 0.479604 0.32009 0.479604 0.479604 0.479604 0.479604 0.479604 0.479604 0.474738 0.479604 0.479604 0.430989 0.479604 0.479604 0.479604 0.479604 0.479604 0.479604 0.474601 0.479604 0.479604 0.361098 0.479604 0.479604 0.479604 0.479604 0.479604 0.479604 0.479604 0.479604 0.479604 0.479604 0.479604 0.479604 0.479604 0.479604 0.479604 0.479604 0.479604 0.479604 0.479604 0.479604 0.479604 0.479604 0.479604 0.479604 0.479604 0.479604 0.479604 0.479604 0.479604 0.479604 0.479604 0.479604 0.479604 0.479604 0.479604 0.479604 0.479604 0.479604 0.479604 0.479604 0.479604 0.479604 0.479604 0.479604 0.479604 0.479604 0.479604 0.479604 0.479604 0.479604 0.479604 0.479604 0.479604 0.479604 0.479604 0.479604 0.479604 0.479604 0.479604 0.479604 0.479604 0.479604 0.479604 0.479604 0.479604 0.479604 0.479604 0.479604 0.479604 0.479604 0.479604 0.479604 0.479604 0.479604 0.479604 0.479604 0.479604 0.479604 0.479604 0.479604 0.479604 0.479604 0.479604 0.479604 0.479604 0.479604 0.479604 0.479604 0.479604 0.479604 0.479604 0.479604 0.479604 0.479604 0.479604 0.479604 0.479604 0.479604 0.479604 0.479604 0.479604 0.479604 0.479604 0.479604 0.479604 0.479604 0.479604 0.479604 0.479604 0.479604 0.479604 0.479604 0.344153 0.479604 0.479604 0.479604 0.479604 0.479604 0.479604 0.479604 0.479604 0.479604 0.333102 0.479604 0.479604 0.479604 0.479604 0.479604 0.479604 0.479604 0.479604 0.479604 0.32 0.479604 0.479604 0.479604 0.479604 0.479604 0.479604 0.479604 0.479604 0.479604 0.32 0.479604 0.479604 0.479604 0.479604 0.479604 0.479604 0.479604 0.479604 0.479604 0.320008 0.479604 0.479604 0.479604 0.479604 0.479604 0.479604 0.479604 0.479604 0.479604 0.32 0.479604 0.479604 0.479604 0.479604 0.479604 0.479604 0.479604 0.479604 0.479604 0.476608 0.479604 0.479604 0.479604 0.479604 0.479604 0.479604 0.479604 0.479604 0.479604 0.371179 0.479604 0.479604 0.479604 0.479604 0.479604 0.479604 0.479604 0.479604 0.479604 0.32 0.479604 0.479604 0.479604 0.479604 0.479604 0.479604 0.479604 0.479604 0.479604 0.479026 0.479604 0.479604 0.479604 0.347929 0.479604 0.479604 0.32032 0.479604 0.479604 0.479604 0.479604 0.479604 0.479604 0.457763 0.479604 0.479604 0.473095 0.479604 0.479604 0.479604 0.479604 0.479604 0.479604 0.320015 0.479604 0.479604 0.32017 0.479604 0.479604 0.479604 0.479604 0.479604 0.479604 0.397345 0.479604 0.479604 0.476069 0.479604 0.479604 0.479604 0.479604 0.479604 0.479604 0.32 0.479604 0.479604 0.320001 0.479604 0.479604 0.479604 0.479604 0.479604 0.479604 0.32 0.479604 0.479604 0.32 0.479604 0.479604 0.479604 0.479604 0.479604 0.479604 0.320001 0.479604 0.479604 0.32 0.479604 0.479604 0.479604 0.479604 0.479604 0.479604 0.320908 0.479604 0.479604 0.32 0.479604 0.479604 0.479604 0.479604 0.479604 0.479604 0.32 0.479604 0.479604 0.478557 0.479604 0.479604 0.479604 0.479604 0.479604 0.479604 0.32 0.479604 0.479604 0.429589 0.479604 0.479604 0.479604 0.479604 0.479604 0.479604 0.479604 0.479604 0.479604 0.479604 0.479604 0.479604 0.479604 0.479604 0.479604 0.479604 0.479604 0.479604 0.479604 0.479604 0.479604 0.479604 0.479604 0.479604 0.479604 0.479604 0.479604 0.479604 0.479604 0.479604 0.479604 0.479604 0.479604 0.479604 0.479604 0.479604 0.479604 0.479604 0.479604 0.479604 0.479604 0.479604 0.479604 0.479604 0.479604 0.479604 0.479604 0.479604 0.479604 0.479604 0.479604 0.479604 0.479604 0.479604 0.479604 0.479604 0.479604 0.479604 0.479604 0.479604 0.479604 0.479604 0.479604 0.479604 0.479604 0.479604 0.479604 0.479604 0.479604 0.479604 0.479604 0.479604 0.479604 0.479604 0.479604 0.479604 0.479604 0.479604 0.479604 0.479604 0.479604 0.479604 0.479604 0.479604 0.479604 0.479604 0.479604 0.479604 0.479604 0.479604 0.479604 0.479604 0.479604 0.479604 0.479604 0.479604 0.479604 0.479604 0.479604 0.479604 0.479604 0.479604 0.479604 0.479604 0.479604 0.479604 0.479604 0.479604 0.479604 0.479604 0.479604 0.479604 0.32 0.479604 0.479604 0.479604 0.479604 0.479604 0.479604 0.479604 0.479604 0.479604 0.434236 0.479604 0.479604 0.479604 0.479604 0.479604 0.479604 0.479604 0.479604 0.479604 0.4704 0.479604 0.479604 0.479604 0.479604 0.479604 0.479604 0.479604 0.479604 0.479604 0.465402 0.479604 0.479604 0.479604 0.479604 0.479604 0.479604 0.479604 0.479604 0.479604 0.322514 0.479604 0.479604 0.479604 0.479604 0.479604 0.479604 0.479604 0.479604 0.479604 0.479158 0.479604 0.479604 0.479604 0.479604 0.479604 0.479604 0.479604 0.479604 0.479604 0.470639 0.479604 0.479604 0.479604 0.479604 0.479604 0.479604 0.479604 0.479604 0.479604 0.320253 0.479604 0.479604 0.479604 0.479604 0.479604 0.479604 0.479604 0.479604 0.479604 0.478675 0.479604 0.479604 0.479604 0.479604 0.479604 0.479604 0.479604 0.479604 0.479604 0.32 0.479604 0.479604 0.479604 0.32 0.479604 0.479604 0.32 0.479604 0.479604 0.479604 0.479604 0.479604 0.479604 0.32001 0.479604 0.479604 0.32 0.479604 0.479604 0.479604 0.479604 0.479604 0.479604 0.403727 0.479604 0.479604 0.467945 0.479604 0.479604 0.479604 0.479604 0.479604 0.479604 0.476753 0.479604 0.479604 0.479431 0.479604 0.479604 0.479604 0.479604 0.479604 0.479604 0.320002 0.479604 0.479604 0.477615 0.479604 0.479604 0.479604 0.479604 0.479604 0.479604 0.320022 0.479604 0.479604 0.439798 0.479604 0.479604 0.479604 0.479604 0.479604 0.479604 0.32 0.479604 0.479604 0.32 0.479604 0.479604 0.479604 0.479604 0.479604 0.479604 0.32 0.479604 0.479604 0.468207 0.479604 0.479604 0.479604 0.479604 0.479604 0.479604 0.32 0.479604 0.479604 0.32 0.479604 0.479604 0.479604 0.479604 0.479604 0.479604 0.38829 0.479604 0.479604 0.323035 0.479604 0.479604 0.479604 0.479604 0.479604 0.479604 0.479604 0.479604 0.479604 0.479604 0.479604 0.479604 0.479604 0.479604 0.479604 0.479604 0.479604 0.479604 0.479604 0.479604 0.479604 0.479604 0.479604 0.479604 0.479604 0.479604 0.479604 0.479604 0.479604 0.479604 0.479604 0.479604 0.479604 0.479604 0.479604 0.479604 0.479604 0.479604 0.479604 0.479604 0.479604 0.479604 0.479604 0.479604 0.479604 0.479604 0.479604 0.479604 0.479604 0.479604 0.479604 0.479604 0.479604 0.479604 0.479604 0.479604 0.479604 0.479604 0.479604 0.479604 0.479604 0.479604 0.479604 0.479604 0.479604 0.479604 0.479604 0.479604 0.479604 0.479604 0.479604 0.479604 0.479604 0.479604 0.479604 0.479604 0.479604 0.479604 0.479604 0.479604 0.479604 0.479604 0.479604 0.479604 0.479604 0.479604 0.479604 0.479604 0.479604 0.479604 0.479604 0.479604 0.479604 0.479604 0.479604 0.479604 0.479604 0.479604 0.479604 0.479604 0.479604 0.479604 0.479604 0.479604 0.479604 0.479604 0.479604 0.479604 0.479604 0.479604 0.479604 0.479604 0.333777 0.479604 0.479604 0.479604 0.479604 0.479604 0.479604 0.479604 0.479604 0.479604 0.405051 0.479604 0.479604 0.479604 0.479604 0.479604 0.479604 0.479604 0.479604 0.479604 0.32 0.479604 0.479604 0.479604 0.479604 0.479604 0.479604 0.479604 0.479604 0.479604 0.444888 0.479604 0.479604 0.479604 0.479604 0.479604 0.479604 0.479604 0.479604 0.479604 0.32 0.479604 0.479604 0.479604 0.479604 0.479604 0.479604 0.479604 0.479604 0.479604 0.320236 0.479604 0.479604 0.479604 0.479604 0.479604 0.479604 0.479604 0.479604 0.479604 0.391423 0.479604 0.479604 0.479604 0.479604 0.479604 0.479604 0.479604 0.479604 0.479604 0.476417 0.479604 0.479604 0.479604 0.479604 0.479604 0.479604 0.479604 0.479604 0.479604 0.359965 0.479604 0.479604 0.479604 0.479604 0.479604 0.479604 0.479604 0.479604 0.479604 0.320059 0.479604 0.479604 0.479604 0.479604 0.479604 0.479604 0.479604 0.479604 0.479604 0.34322 0.479604 0.479604 0.479604 0.479604 0.479604 0.479604 0.479604 0.479604 0.479604 0.47836 0.479604 0.479604 0.479604 0.479604 0.479604 0.479604 0.479604 0.479604 0.479604 0.349344 0.479604 0.479604 0.479604 0.479604 0.479604 0.479604 0.479604 0.479604 0.479604 0.343102 0.479604 0.479604 0.479604 0.479604 0.479604 0.479604 0.479604 0.479604 0.479604 0.337165 0.479604 0.479604 0.479604 0.479604 0.479604 0.479604 0.479604 0.479604 0.479604 0.320011 0.479604 0.479604 0.479604 0.479604 0.479604 0.479604 0.479604 0.479604 0.479604 0.32492 0.479604 0.479604 0.479604 0.479604 0.479604 0.479604 0.479604 0.479604 0.479604 0.32 0.479604 0.479604 0.479604 0.479604 0.479604 0.479604 0.479604 0.479604 0.479604 0.32 0.479604 0.479604 0.479604 0.479604 0.479604 0.479604 0.479604 0.479604 0.479604 0.320168 0.479604 0.479604 0.479604 0.471368 0.479604 0.479604 0.320018 0.479604 0.479604 0.479604 0.479604 0.479604 0.479604 0.32 0.479604 0.479604 0.320547 0.479604 0.479604 0.479604 0.479604 0.479604 0.479604 0.451741 0.479604 0.479604 0.416609 0.479604 0.479604 0.479604 0.479604 0.479604 0.479604 0.32 0.479604 0.479604 0.410518 0.479604 0.479604 0.479604 0.479604 0.479604 0.479604 0.474114 0.479604 0.479604 0.32 0.479604 0.479604 0.479604 0.479604 0.479604 0.479604 0.320001 0.479604 0.479604 0.328351 0.479604 0.479604 0.479604 0.479604 0.479604 0.479604 0.445079 0.479604 0.479604 0.442189 0.479604 0.479604 0.479604 0.479604 0.479604 0.479604 0.470774 0.479604 0.479604 0.32 0.479604 0.479604 0.479604 0.479604 0.479604 0.479604 0.467708 0.479604 0.479604 0.32038 0.479604 0.479604 0.479604 0.479604 0.479604 0.479604 0.32 0.479604 0.479604 0.345234 0.479604 0.479604 0.479604 0.479604 0.479604 0.479604 0.479604 0.479604 0.479604 0.479604 0.479604 0.479604 0.479604 0.479604 0.479604 0.479604 0.479604 0.479604 0.479604 0.479604 0.479604 0.479604 0.479604 0.479604 0.479604 0.479604 0.479604 0.479604 0.479604 0.479604 0.479604 0.479604 0.479604 0.479604 0.479604 0.479604 0.479604 0.479604 0.479604 0.479604 0.479604 0.479604 0.479604 0.479604 0.479604 0.479604 0.479604 0.479604 0.479604 0.479604 0.479604 0.479604 0.479604 0.479604 0.479604 0.479604 0.479604 0.479604 0.479604 0.479604 0.479604 0.479604 0.479604 0.479604 0.479604 0.479604 0.479604 0.479604 0.479604 0.479604 0.479604 0.479604 0.479604 0.479604 0.479604 0.479604 0.479604 0.479604 0.479604 0.479604 0.479604 0.479604 0.479604 0.479604 0.479604 0.479604 0.479604 0.479604 0.479604 0.479604 0.479604 0.479604 0.479604 0.479604 0.479604 0.479604 0.479604 0.479604 0.479604 0.479604 0.479604 0.479604 0.479604 0.479604 0.479604 0.479604 0.479604 0.479604 0.479604 0.479604 0.479604 0.479604 0.358229 0.479604 0.479604 0.479604 0.479604 0.479604 0.479604 0.479604 0.479604 0.479604 0.320003 0.479604 0.479604 0.479604 0.479604 0.479604 0.479604 0.479604 0.479604 0.479604 0.32957 0.479604 0.479604 0.479604 0.479604 0.479604 0.479604 0.479604 0.479604 0.479604 0.32 0.479604 0.479604 0.479604 0.479604 0.479604 0.479604 0.479604 0.479604 0.479604 0.478707 0.479604 0.479604 0.479604 0.479604 0.479604 0.479604 0.479604 0.479604 0.479604 0.345551 0.479604 0.479604 0.479604 0.479604 0.479604 0.479604 0.479604 0.479604 0.479604 0.478913 0.479604 0.479604 0.479604 0.479604 0.479604 0.479604 0.479604 0.479604 0.479604 0.476395 0.479604 0.479604 0.479604 0.479604 0.479604 0.479604 0.479604 0.479604 0.479604 0.320006 0.479604 0.479604 0.479604 0.479604 0.479604 0.479604 0.479604 0.479604 0.479604 0.478192 0.479604 0.479604 0.479604 0.320021 0.479604 0.479604 0.32 0.479604 0.479604 0.479604 0.479604 0.479604 0.479604 0.32 0.479604 0.479604 0.476136 0.479604 0.479604 0.479604 0.479604 0.479604 0.479604 0.320002 0.479604 0.479604 0.32 0.479604 0.479604 0.479604 0.479604 0.479604 0.479604 0.469236 0.479604 0.479604 0.32 0.479604 0.479604 0.479604 0.479604 0.479604 0.479604 0.320588 0.479604 0.479604 0.327269 0.479604 0.479604 0.479604 0.479604 0.479604 0.479604 0.32 0.479604 0.479604 0.479157 0.479604 0.479604 0.479604 0.479604 0.479604 0.479604 0.343956 0.479604 0.479604 0.329632 0.479604 0.479604 0.479604 0.479604 0.479604 0.479604 0.47581 0.479604 0.479604 0.416828 0.479604 0.479604 0.479604 0.479604 0.479604 0.479604 0.477409 0.479604 0.479604 0.320923 0.479604 0.479604 0.479604 0.479604 0.479604 0.479604 0.320001 0.479604 0.479604 0.356733 0.479604 0.479604 0.479604 0.479604 0.479604 0.479604 0.479604 0.479604 0.479604 0.479604 0.479604 0.479604 0.479604 0.479604 0.479604 0.479604 0.479604 0.479604 0.479604 0.479604 0.479604 0.479604 0.479604 0.479604 0.479604 0.479604 0.479604 0.479604 0.479604 0.479604 0.479604 0.479604 0.479604 0.479604 0.479604 0.479604 0.479604 0.479604 0.479604 0.479604 0.479604 0.479604 0.479604 0.479604 0.479604 0.479604 0.479604 0.479604 0.479604 0.479604 0.479604 0.479604 0.479604 0.479604 0.479604 0.479604 0.479604 0.479604 0.479604 0.479604 0.479604 0.479604 0.479604 0.479604 0.479604 0.479604 0.479604 0.479604 0.479604 0.479604 0.479604 0.479604 0.479604 0.479604 0.479604 0.479604 0.479604 0.479604 0.479604 0.479604 0.479604 0.479604 0.479604 0.479604 0.479604 0.479604 0.479604 0.479604 0.479604 0.479604 0.479604 0.479604 0.479604 0.479604 0.479604 0.479604 0.479604 0.479604 0.479604 0.479604 0.479604 0.479604 0.479604 0.479604 0.479604 0.479604 0.479604 0.479604 0.479604 0.479604 0.479604 0.479604 0.32027 0.479604 0.479604 0.479604 0.479604 0.479604 0.479604 0.479604 0.479604 0.479604 0.342637 0.479604 0.479604 0.479604 0.479604 0.479604 0.479604 0.479604 0.479604 0.479604 0.320129 0.479604 0.479604 0.479604 0.479604 0.479604 0.479604 0.479604 0.479604 0.479604 0.320001 0.479604 0.479604 0.479604 0.479604 0.479604 0.479604 0.479604 0.479604 0.479604 0.32 0.479604 0.479604 0.479604 0.479604 0.479604 0.479604 0.479604 0.479604 0.479604 0.320243 0.479604 0.479604 0.479604 0.479604 0.479604 0.479604 0.479604 0.479604 0.479604 0.32 0.479604 0.479604 0.479604 0.479604 0.479604 0.479604 0.479604 0.479604 0.479604 0.320765 0.479604 0.479604 0.479604 0.479604 0.479604 0.479604 0.479604 0.479604 0.479604 0.320296 0.479604 0.479604 0.479604 0.479604 0.479604 0.479604 0.479604 0.479604 0.479604 0.32 0.479604 0.479604 0.479604 0.320028 0.479604 0.479604 0.459259 0.479604 0.479604 0.479604 0.479604 0.479604 0.479604 0.32 0.479604 0.479604 0.320878 0.479604 0.479604 0.479604 0.479604 0.479604 0.479604 0.32 0.479604 0.479604 0.478852 0.479604 0.479604 0.479604 0.479604 0.479604 0.479604 0.345501 0.479604 0.479604 0.477261 0.479604 0.479604 0.479604 0.479604 0.479604 0.479604 0.34319 0.479604 0.479604 0.32 0.479604 0.479604 0.479604 0.479604 0.479604 0.479604 0.330356 0.479604 0.479604 0.478809 0.479604 0.479604 0.479604 0.479604 0.479604 0.479604 0.320144 0.479604 0.479604 0.46757 0.479604 0.479604 0.479604 0.479604 0.479604 0.479604 0.33749 0.479604 0.479604 0.32 0.479604 0.479604 0.479604 0.479604 0.479604 0.479604 0.469915 0.479604 0.479604 0.36884 0.479604 0.479604 0.479604 0.479604 0.479604 0.479604 0.32 0.479604 0.479604 0.320001 0.479604 0.479604 0.479604 0.479604 0.479604 0.479604 0.479604 0.479604 0.479604 0.479604 0.479604 0.479604 0.479604 0.479604 0.479604 0.479604 0.479604 0.479604 0.479604 0.479604 0.479604 0.479604 0.479604 0.479604 0.479604 0.479604 0.479604 0.479604 0.479604 0.479604 0.479604 0.479604 0.479604 0.479604 0.479604 0.479604 0.479604 0.479604 0.479604 0.479604 0.479604 0.479604 0.479604 0.479604 0.479604 0.479604 0.479604 0.479604 0.479604 0.479604 0.479604 0.479604 0.479604 0.479604 0.479604 0.479604 0.479604 0.479604 0.479604 0.479604 0.479604 0.479604 0.479604 0.479604 0.479604 0.479604 0.479604 0.479604 0.479604 0.479604 0.479604 0.479604 0.479604 0.479604 0.479604 0.479604 0.479604 0.479604 0.479604 0.479604 0.479604 0.479604 0.479604 0.479604 0.479604 0.479604 0.479604 0.479604 0.479604 0.479604 0.479604 0.479604 0.479604 0.479604 0.479604 0.479604 0.479604 0.479604 0.479604 0.479604 0.479604 0.479604 0.479604 0.479604 0.479604 0.479604 0.479604 0.479604 0.479604 0.479604 0.479604 0.479604 0.32 0.479604 0.479604 0.479604 0.479604 0.479604 0.479604 0.479604 0.479604 0.479604 0.347142 0.479604 0.479604 0.479604 0.479604 0.479604 0.479604 0.479604 0.479604 0.479604 0.44529 0.479604 0.479604 0.479604 0.479604 0.479604 0.479604 0.479604 0.479604 0.479604 0.35565 0.479604 0.479604 0.479604 0.479604 0.479604 0.479604 0.479604 0.479604 0.479604 0.339379 0.479604 0.479604 0.479604 0.479604 0.479604 0.479604 0.479604 0.479604 0.479604 0.320059 0.479604 0.479604 0.479604 0.479604 0.479604 0.479604 0.479604 0.479604 0.479604 0.32 0.479604 0.479604 0.479604 0.479604 0.479604 0.479604 0.479604 0.479604 0.479604 0.32 0.479604 0.479604 0.479604 0.479604 0.479604 0.479604 0.479604 0.479604 0.479604 0.457214 0.479604 0.479604 0.479604 0.479604 0.479604 0.479604 0.479604 0.479604 0.479604 0.425008 0.479604 0.479604 0.479604 0.479604 0.479604 0.479604 0.479604 0.479604 0.479604 0.320265 0.479604 0.479604 0.479604 0.479604 0.479604 0.479604 0.479604 0.479604 0.479604 0.350894 0.479604 0.479604 0.479604 0.479604 0.479604 0.479604 0.479604 0.479604 0.479604 0.320009 0.479604 0.479604 0.479604 0.479604 0.479604 0.479604 0.479604 0.479604 0.479604 0.320016 0.479604 0.479604 0.479604 0.479604 0.479604 0.479604 0.479604 0.479604 0.479604 0.32 0.479604 0.479604 0.479604 0.479604 0.479604 0.479604 0.479604 0.479604 0.479604 0.32016 0.479604 0.479604 0.479604 0.479604 0.479604 0.479604 0.479604 0.479604 0.479604 0.32 0.479604 0.479604 0.479604 0.479604 0.479604 0.479604 0.479604 0.479604 0.479604 0.419017 0.479604 0.479604 0.479604 0.479604 0.479604 0.479604 0.479604 0.479604 0.479604 0.32 0.479604 0.479604 0.479604 0.479604 0.479604 0.479604 0.479604 0.479604 0.479604 0.337694 0.479604 0.479604 0.479604 0.479352 0.479604 0.479604 0.32 0.479604 0.479604 0.479604 0.479604 0.479604 0.479604 0.345543 0.479604 0.479604 0.32 0.479604 0.479604 0.479604 0.479604 0.479604 0.479604 0.32 0.479604 0.479604 0.32 0.479604 0.479604 0.479604 0.479604 0.479604 0.479604 0.476602 0.479604 0.479604 0.478498 0.479604 0.479604 0.479604 0.479604 0.479604 0.479604 0.323087 0.479604 0.479604 0.479206 0.479604 0.479604 0.479604 0.479604 0.479604 0.479604 0.458324 0.479604 0.479604 0.32 0.479604 0.479604 0.479604 0.479604 0.479604 0.479604 0.432639 0.479604 0.479604 0.465225 0.479604 0.479604 0.479604 0.479604 0.479604 0.479604 0.32 0.479604 0.479604 0.400635 0.479604 0.479604 0.479604 0.479604 0.479604 0.479604 0.462519 0.479604 0.479604 0.32 0.479604 0.479604 0.479604 0.479604 0.479604 0.479604 0.326918 0.479604 0.479604 0.46046 0.479604 0.479604 0.479604 0.479604 0.479604 0.479604 0.479604 0.479604 0.479604 0.479604 0.479604 0.479604 0.479604 0.479604 0.479604 0.479604 0.479604 0.479604 0.479604 0.479604 0.479604 0.479604 0.479604 0.479604 0.479604 0.479604 0.479604 0.479604 0.479604 0.479604 0.479604 0.479604 0.479604 0.479604 0.479604 0.479604 0.479604 0.479604 0.479604 0.479604 0.479604 0.479604 0.479604 0.479604 0.479604 0.479604 0.479604 0.479604 0.479604 0.479604 0.479604 0.479604 0.479604 0.479604 0.479604 0.479604 0.479604 0.479604 0.479604 0.479604 0.479604 0.479604 0.479604 0.479604 0.479604 0.479604 0.479604 0.479604 0.479604 0.479604 0.479604 0.479604 0.479604 0.479604 0.479604 0.479604 0.479604 0.479604 0.479604 0.479604 0.479604 0.479604 0.479604 0.479604 0.479604 0.479604 0.479604 0.479604 0.479604 0.479604 0.479604 0.479604 0.479604 0.479604 0.479604 0.479604 0.479604 0.479604 0.479604 0.479604 0.479604 0.479604 0.479604 0.479604 0.479604 0.479604 0.479604 0.479604 0.479604 0.479604 0.479604 0.479604 0.324857 0.479604 0.479604 0.479604 0.479604 0.479604 0.479604 0.479604 0.479604 0.479604 0.32 0.479604 0.479604 0.479604 0.479604 0.479604 0.479604 0.479604 0.479604 0.479604 0.32 0.479604 0.479604 0.479604 0.479604 0.479604 0.479604 0.479604 0.479604 0.479604 0.475223 0.479604 0.479604 0.479604 0.479604 0.479604 0.479604 0.479604 0.479604 0.479604 0.32 0.479604 0.479604 0.479604 0.479604 0.479604 0.479604 0.479604 0.479604 0.479604 0.32 0.479604 0.479604 0.479604 0.479604 0.479604 0.479604 0.479604 0.479604 0.479604 0.476204 0.479604 0.479604 0.479604 0.479604 0.479604 0.479604 0.479604 0.479604 0.479604 0.32 0.479604 0.479604 0.479604 0.479604 0.479604 0.479604 0.479604 0.479604 0.479604 0.362151 0.479604 0.479604 0.479604 0.479604 0.479604 0.479604 0.479604 0.479604 0.479604 0.32 0.479604 0.479604 0.479604 0.32009 0.479604 0.479604 0.473983 0.479604 0.479604 0.479604 0.479604 0.479604 0.479604 0.360427 0.479604 0.479604 0.32 0.479604 0.479604 0.479604 0.479604 0.479604 0.479604 0.32 0.479604 0.479604 0.39019 0.479604 0.479604 0.479604 0.479604 0.479604 0.479604 0.32001 0.479604 0.479604 0.477941 0.479604 0.479604 0.479604 0.479604 0.479604 0.479604 0.32 0.479604 0.479604 0.472007 0.479604 0.479604 0.479604 0.479604 0.479604 0.479604 0.325831 0.479604 0.479604 0.469482 0.479604 0.479604 0.479604 0.479604 0.479604 0.479604 0.32 0.479604 0.479604 0.32 0.479604 0.479604 0.479604 0.479604 0.479604 0.479604 0.32 0.479604 0.479604 0.320002 0.479604 0.479604 0.479604 0.479604 0.479604 0.479604 0.32 0.479604 0.479604 0.335604 0.479604 0.479604 0.479604 0.479604 0.479604 0.479604 0.32 0.479604 0.479604 0.322731 0.479604 0.479604 0.479604 0.479604 0.479604 0.479604 0.479604 0.479604 0.479604 0.479604 0.479604 0.479604 0.479604 0.479604 0.479604 0.479604 0.479604 0.479604 0.479604 0.479604 0.479604 0.479604 0.479604 0.479604 0.479604 0.479604 0.479604 0.479604 0.479604 0.479604 0.479604 0.479604 0.479604 0.479604 0.479604 0.479604 0.479604 0.479604 0.479604 0.479604 0.479604 0.479604 0.479604 0.479604 0.479604 0.479604 0.479604 0.479604 0.479604 0.479604 0.479604 0.479604 0.479604 0.479604 0.479604 0.479604 0.479604 0.479604 0.479604 0.479604 0.479604 0.479604 0.479604 0.479604 0.479604 0.479604 0.479604 0.479604 0.479604 0.479604 0.479604 0.479604 0.479604 0.479604 0.479604 0.479604 0.479604 0.479604 0.479604 0.479604 0.479604 0.479604 0.479604 0.479604 0.479604 0.479604 0.479604 0.479604 0.479604 0.479604 0.479604 0.479604 0.479604 0.479604 0.479604 0.479604 0.479604 0.479604 0.479604 0.479604 0.479604 0.479604 0.479604 0.479604 0.479604 0.479604 0.479604 0.479604 0.479604 0.479604 0.479604 0.479604 0.32 0.479604 0.479604 0.479604 0.479604 0.479604 0.479604 0.479604 0.479604 0.479604 0.320001 0.479604 0.479604 0.479604 0.479604 0.479604 0.479604 0.479604 0.479604 0.479604 0.32 0.479604 0.479604 0.479604 0.479604 0.479604 0.479604 0.479604 0.479604 0.479604 0.32 0.479604 0.479604 0.479604 0.479604 0.479604 0.479604 0.479604 0.479604 0.479604 0.333827 0.479604 0.479604 0.479604 0.479604 0.479604 0.479604 0.479604 0.479604 0.479604 0.387159 0.479604 0.479604 0.479604 0.479604 0.479604 0.479604 0.479604 0.479604 0.479604 0.478994 0.479604 0.479604 0.479604 0.479604 0.479604 0.479604 0.479604 0.479604 0.479604 0.323801 0.479604 0.479604 0.479604 0.479604 0.479604 0.479604 0.479604 0.479604 0.479604 0.32 0.479604 0.479604 0.479604 0.479604 0.479604 0.479604 0.479604 0.479604 0.479604 0.32 0.479604 0.479604 0.479604 0.412598 0.479604 0.479604 0.478032 0.479604 0.479604 0.479604 0.479604 0.479604 0.479604 0.430913 0.479604 0.479604 0.477305 0.479604 0.479604 0.479604 0.479604 0.479604 0.479604 0.479144 0.479604 0.479604 0.476839 0.479604 0.479604 0.479604 0.479604 0.479604 0.479604 0.326323 0.479604 0.479604 0.32 0.479604 0.479604 0.479604 0.479604 0.479604 0.479604 0.320129 0.479604 0.479604 0.320095 0.479604 0.479604 0.479604 0.479604 0.479604 0.479604 0.320905 0.479604 0.479604 0.326263 0.479604 0.479604 0.479604 0.479604 0.479604 0.479604 0.323182 0.479604 0.479604 0.444448 0.479604 0.479604 0.479604 0.479604 0.479604 0.479604 0.320094 0.479604 0.479604 0.320074 0.479604 0.479604 0.479604 0.479604 0.479604 0.479604 0.459396 0.479604 0.479604 0.43524 0.479604 0.479604 0.479604 0.479604 0.479604 0.479604 0.477496 0.479604 0.479604 0.32033 0.479604 0.479604 0.479604 0.479604 0.479604 0.479604 0.479604 0.479604 0.479604 0.479604 0.479604 0.479604 0.479604 0.479604 0.479604 0.479604 0.479604 0.479604 0.479604 0.479604 0.479604 0.479604 0.479604 0.479604 0.479604 0.479604 0.479604 0.479604 0.479604 0.479604 0.479604 0.479604 0.479604 0.479604 0.479604 0.479604 0.479604 0.479604 0.479604 0.479604 0.479604 0.479604 0.479604 0.479604 0.479604 0.479604 0.479604 0.479604 0.479604 0.479604 0.479604 0.479604 0.479604 0.479604 0.479604 0.479604 0.479604 0.479604 0.479604 0.479604 0.479604 0.479604 0.479604 0.479604 0.479604 0.479604 0.479604 0.479604 0.479604 0.479604 0.479604 0.479604 0.479604 0.479604 0.479604 0.479604 0.479604 0.479604 0.479604 0.479604 0.479604 0.479604 0.479604 0.479604 0.479604 0.479604 0.479604 0.479604 0.479604 0.479604 0.479604 0.479604 0.479604 0.479604 0.479604 0.479604 0.479604 0.479604 0.479604 0.479604 0.479604 0.479604 0.479604 0.479604 0.479604 0.479604 0.479604 0.479604 0.479604 0.479604 0.479604 0.479604 0.320006 0.479604 0.479604 0.479604 0.479604 0.479604 0.479604 0.479604 0.479604 0.479604 0.436644 0.479604 0.479604 0.479604 0.479604 0.479604 0.479604 0.479604 0.479604 0.479604 0.373242 0.479604 0.479604 0.479604 0.479604 0.479604 0.479604 0.479604 0.479604 0.479604 0.430966 0.479604 0.479604 0.479604 0.479604 0.479604 0.479604 0.479604 0.479604 0.479604 0.320093 0.479604 0.479604 0.479604 0.479604 0.479604 0.479604 0.479604 0.479604 0.479604 0.320009 0.479604 0.479604 0.479604 0.479604 0.479604 0.479604 0.479604 0.479604 0.479604 0.320002 0.479604 0.479604 0.479604 0.479604 0.479604 0.479604 0.479604 0.479604 0.479604 0.320424 0.479604 0.479604 0.479604 0.479604 0.479604 0.479604 0.479604 0.479604 0.479604 0.37411 0.479604 0.479604 0.479604 0.479604 0.479604 0.479604 0.479604 0.479604 0.479604 0.32 0.479604 0.479604 0.479604 0.479604 0.479604 0.479604 0.479604 0.479604 0.479604 0.32 0.479604 0.479604 0.479604 0.479604 0.479604 0.479604 0.479604 0.479604 0.479604 0.32 0.479604 0.479604 0.479604 0.479604 0.479604 0.479604 0.479604 0.479604 0.479604 0.322342 0.479604 0.479604 0.479604 0.479604 0.479604 0.479604 0.479604 0.479604 0.479604 0.32 0.479604 0.479604 0.479604 0.479604 0.479604 0.479604 0.479604 0.479604 0.479604 0.476886 0.479604 0.479604 0.479604 0.479604 0.479604 0.479604 0.479604 0.479604 0.479604 0.320043 0.479604 0.479604 0.479604 0.479604 0.479604 0.479604 0.479604 0.479604 0.479604 0.320263 0.479604 0.479604 0.479604 0.479604 0.479604 0.479604 0.479604 0.479604 0.479604 0.32 0.479604 0.479604 0.479604 0.479604 0.479604 0.479604 0.479604 0.479604 0.479604 0.320245 0.479604 0.479604 0.479604 0.479604 0.479604 0.479604 0.479604 0.479604 0.479604 0.32 0.479604 0.479604 0.479604 0.323775 0.479604 0.479604 0.463389 0.479604 0.479604 0.479604 0.479604 0.479604 0.479604 0.323707 0.479604 0.479604 0.320064 0.479604 0.479604 0.479604 0.479604 0.479604 0.479604 0.47908 0.479604 0.479604 0.324754 0.479604 0.479604 0.479604 0.479604 0.479604 0.479604 0.32004 0.479604 0.479604 0.320056 0.479604 0.479604 0.479604 0.479604 0.479604 0.479604 0.320037 0.479604 0.479604 0.322393 0.479604 0.479604 0.479604 0.479604 0.479604 0.479604 0.32 0.479604 0.479604 0.320213 0.479604 0.479604 0.479604 0.479604 0.479604 0.479604 0.320236 0.479604 0.479604 0.32 0.479604 0.479604 0.479604 0.479604 0.479604 0.479604 0.320149 0.479604 0.479604 0.32 0.479604 0.479604 0.479604 0.479604 0.479604 0.479604 0.320001 0.479604 0.479604 0.462122 0.479604 0.479604 0.479604 0.479604 0.479604 0.479604 0.467917 0.479604 0.479604 0.321117 0.479604 0.479604 0.479604 0.479604 0.479604 0.479604 0.479604 0.479604 0.479604 0.479604 0.479604 0.479604 0.479604 0.479604 0.479604 0.479604 0.479604 0.479604 0.479604 0.479604 0.479604 0.479604 0.479604 0.479604 0.479604 0.479604 0.479604 0.479604 0.479604 0.479604 0.479604 0.479604 0.479604 0.479604 0.479604 0.479604 0.479604 0.479604 0.479604 0.479604 0.479604 0.479604 0.479604 0.479604 0.479604 0.479604 0.479604 0.479604 0.479604 0.479604 0.479604 0.479604 0.479604 0.479604 0.479604 0.479604 0.479604 0.479604 0.479604 0.479604 0.479604 0.479604 0.479604 0.479604 0.479604 0.479604 0.479604 0.479604 0.479604 0.479604 0.479604 0.479604 0.479604 0.479604 0.479604 0.479604 0.479604 0.479604 0.479604 0.479604 0.479604 0.479604 0.479604 0.479604 0.479604 0.479604 0.479604 0.479604 0.479604 0.479604 0.479604 0.479604 0.479604 0.479604 0.479604 0.479604 0.479604 0.479604 0.479604 0.479604 0.479604 0.479604 0.479604 0.479604 0.479604 0.479604 0.479604 0.479604 0.479604 0.479604 0.479604 0.479604 0.478917 0.479604 0.479604 0.479604 0.479604 0.479604 0.479604 0.479604 0.479604 0.479604 0.477577 0.479604 0.479604 0.479604 0.479604 0.479604 0.479604 0.479604 0.479604 0.479604 0.320018 0.479604 0.479604 0.479604 0.479604 0.479604 0.479604 0.479604 0.479604 0.479604 0.449874 0.479604 0.479604 0.479604 0.479604 0.479604 0.479604 0.479604 0.479604 0.479604 0.327693 0.479604 0.479604 0.479604 0.479604 0.479604 0.479604 0.479604 0.479604 0.479604 0.32 0.479604 0.479604 0.479604 0.479604 0.479604 0.479604 0.479604 0.479604 0.479604 0.360618 0.479604 0.479604 0.479604 0.479604 0.479604 0.479604 0.479604 0.479604 0.479604 0.320153 0.479604 0.479604 0.479604 0.479604 0.479604 0.479604 0.479604 0.479604 0.479604 0.409894 0.479604 0.479604 0.479604 0.479604 0.479604 0.479604 0.479604 0.479604 0.479604 0.32 0.479604 0.479604 0.479604 0.472392 0.479604 0.479604 0.459174 0.479604 0.479604 0.479604 0.479604 0.479604 0.479604 0.32 0.479604 0.479604 0.452183 0.479604 0.479604 0.479604 0.479604 0.479604 0.479604 0.340636 0.479604 0.479604 0.332705 0.479604 0.479604 0.479604 0.479604 0.479604 0.479604 0.352149 0.479604 0.479604 0.474214 0.479604 0.479604 0.479604 0.479604 0.479604 0.479604 0.32 0.479604 0.479604 0.367415 0.479604 0.479604 0.479604 0.479604 0.479604 0.479604 0.433947 0.479604 0.479604 0.32005 0.479604 0.479604 0.479604 0.479604 0.479604 0.479604 0.340166 0.479604 0.479604 0.32 0.479604 0.479604 0.479604 0.479604 0.479604 0.479604 0.321526 0.479604 0.479604 0.476275 0.479604 0.479604 0.479604 0.479604 0.479604 0.479604 0.32 0.479604 0.479604 0.320041 0.479604 0.479604 0.479604 0.479604 0.479604 0.479604 0.430156 0.479604 0.479604 0.32 0.479604 0.479604 0.479604 0.479604 0.479604 0.479604 0.479604 0.479604 0.479604 0.479604 0.479604 0.479604 0.479604 0.479604 0.479604 0.479604 0.479604 0.479604 0.479604 0.479604 0.479604 0.479604 0.479604 0.479604 0.479604 0.479604 0.479604 0.479604 0.479604 0.479604 0.479604 0.479604 0.479604 0.479604 0.479604 0.479604 0.479604 0.479604 0.479604 0.479604 0.479604 0.479604 0.479604 0.479604 0.479604 0.479604 0.479604 0.479604 0.479604 0.479604 0.479604 0.479604 0.479604 0.479604 0.479604 0.479604 0.479604 0.479604 0.479604 0.479604 0.479604 0.479604 0.479604 0.479604 0.479604 0.479604 0.479604 0.479604 0.479604 0.479604 0.479604 0.479604 0.479604 0.479604 0.479604 0.479604 0.479604 0.479604 0.479604 0.479604 0.479604 0.479604 0.479604 0.479604 0.479604 0.479604 0.479604 0.479604 0.479604 0.479604 0.479604 0.479604 0.479604 0.479604 0.479604 0.479604 0.479604 0.479604 0.479604 0.479604 0.479604 0.479604 0.479604 0.479604 0.479604 0.479604 0.479604 0.479604 0.479604 0.479604 0.479604 0.479604 0.32 0.479604 0.479604 0.479604 0.479604 0.479604 0.479604 0.479604 0.479604 0.479604 0.32 0.479604 0.479604 0.479604 0.479604 0.479604 0.479604 0.479604 0.479604 0.479604 0.320068 0.479604 0.479604 0.479604 0.479604 0.479604 0.479604 0.479604 0.479604 0.479604 0.32 0.479604 0.479604 0.479604 0.479604 0.479604 0.479604 0.479604 0.479604 0.479604 0.32 0.479604 0.479604 0.479604 0.479604 0.479604 0.479604 0.479604 0.479604 0.479604 0.320281 0.479604 0.479604 0.479604 0.479604 0.479604 0.479604 0.479604 0.479604 0.479604 0.32 0.479604 0.479604 0.479604 0.479604 0.479604 0.479604 0.479604 0.479604 0.479604 0.357125 0.479604 0.479604 0.479604 0.479604 0.479604 0.479604 0.479604 0.479604 0.479604 0.478609 0.479604 0.479604 0.479604 0.479604 0.479604 0.479604 0.479604 0.479604 0.479604 0.455461 0.479604 0.479604 0.479604 0.46897 0.479604 0.479604 0.325827 0.479604 0.479604 0.479604 0.479604 0.479604 0.479604 0.417885 0.479604 0.479604 0.324891 0.479604 0.479604 0.479604 0.479604 0.479604 0.479604 0.358132 0.479604 0.479604 0.3241 0.479604 0.479604 0.479604 0.479604 0.479604 0.479604 0.32 0.479604 0.479604 0.430464 0.479604 0.479604 0.479604 0.479604 0.479604 0.479604 0.320058 0.479604 0.479604 0.320231 0.479604 0.479604 0.479604 0.479604 0.479604 0.479604 0.455228 0.479604 0.479604 0.320002 0.479604 0.479604 0.479604 0.479604 0.479604 0.479604 0.32 0.479604 0.479604 0.321863 0.479604 0.479604 0.479604 0.479604 0.479604 0.479604 0.411129 0.479604 0.479604 0.476328 0.479604 0.479604 0.479604 0.479604 0.479604 0.479604 0.431565 0.479604 0.479604 0.320001 0.479604 0.479604 0.479604 0.479604 0.479604 0.479604 0.371684 0.479604 0.479604 0.470221 0.479604 0.479604 0.479604 0.479604 0.479604 0.479604 0.479604 0.479604 0.479604 0.479604 0.479604 0.479604 0.479604 0.479604 0.479604 0.479604 0.479604 0.479604 0.479604 0.479604 0.479604 0.479604 0.479604 0.479604 0.479604 0.479604 0.479604 0.479604 0.479604 0.479604 0.479604 0.479604 0.479604 0.479604 0.479604 0.479604 0.479604 0.479604 0.479604 0.479604 0.479604 0.479604 0.479604 0.479604 0.479604 0.479604 0.479604 0.479604 0.479604 0.479604 0.479604 0.479604 0.479604 0.479604 0.479604 0.479604 0.479604 0.479604 0.479604 0.479604 0.479604 0.479604 0.479604 0.479604 0.479604 0.479604 0.479604 0.479604 0.479604 0.479604 0.479604 0.479604 0.479604 0.479604 0.479604 0.479604 0.479604 0.479604 0.479604 0.479604 0.479604 0.479604 0.479604 0.479604 0.479604 0.479604 0.479604 0.479604 0.479604 0.479604 0.479604 0.479604 0.479604 0.479604 0.479604 0.479604 0.479604 0.479604 0.479604 0.479604 0.479604 0.479604 0.479604 0.479604 0.479604 0.479604 0.479604 0.479604 0.479604 0.479604 0.479604 0.479604 0.320017 0.479604 0.479604 0.479604 0.479604 0.479604 0.479604 0.479604 0.479604 0.479604 0.479445 0.479604 0.479604 0.479604 0.479604 0.479604 0.479604 0.479604 0.479604 0.479604 0.341107 0.479604 0.479604 0.479604 0.479604 0.479604 0.479604 0.479604 0.479604 0.479604 0.321329 0.479604 0.479604 0.479604 0.479604 0.479604 0.479604 0.479604 0.479604 0.479604 0.320011 0.479604 0.479604 0.479604 0.479604 0.479604 0.479604 0.479604 0.479604 0.479604 0.32 0.479604 0.479604 0.479604 0.479604 0.479604 0.479604 0.479604 0.479604 0.479604 0.320485 0.479604 0.479604 0.479604 0.479604 0.479604 0.479604 0.479604 0.479604 0.479604 0.32 0.479604 0.479604 0.479604 0.479604 0.479604 0.479604 0.479604 0.479604 0.479604 0.32 0.479604 0.479604 0.479604 0.479604 0.479604 0.479604 0.479604 0.479604 0.479604 0.32 0.479604 0.479604 0.479604 0.479604 0.479604 0.479604 0.479604 0.479604 0.479604 0.324122 0.479604 0.479604 0.479604 0.479604 0.479604 0.479604 0.479604 0.479604 0.479604 0.320075 0.479604 0.479604 0.479604 0.479604 0.479604 0.479604 0.479604 0.479604 0.479604 0.339403 0.479604 0.479604 0.479604 0.479604 0.479604 0.479604 0.479604 0.479604 0.479604 0.320002 0.479604 0.479604 0.479604 0.479604 0.479604 0.479604 0.479604 0.479604 0.479604 0.380062 0.479604 0.479604 0.479604 0.479604 0.479604 0.479604 0.479604 0.479604 0.479604 0.478401 0.479604 0.479604 0.479604 0.479604 0.479604 0.479604 0.479604 0.479604 0.479604 0.32 0.479604 0.479604 0.479604 0.479604 0.479604 0.479604 0.479604 0.479604 0.479604 0.322447 0.479604 0.479604 0.479604 0.479604 0.479604 0.479604 0.479604 0.479604 0.479604 0.478465 0.479604 0.479604 0.479604 0.479604 0.479604 0.479604 0.479604 0.479604 0.479604 0.4693 0.479604 0.479604 0.479604 0.474591 0.479604 0.479604 0.320006 0.479604 0.479604 0.479604 0.479604 0.479604 0.479604 0.32 0.479604 0.479604 0.320009 0.479604 0.479604 0.479604 0.479604 0.479604 0.479604 0.32 0.479604 0.479604 0.43726 0.479604 0.479604 0.479604 0.479604 0.479604 0.479604 0.32 0.479604 0.479604 0.471597 0.479604 0.479604 0.479604 0.479604 0.479604 0.479604 0.458887 0.479604 0.479604 0.468755 0.479604 0.479604 0.479604 0.479604 0.479604 0.479604 0.32 0.479604 0.479604 0.476656 0.479604 0.479604 0.479604 0.479604 0.479604 0.479604 0.320001 0.479604 0.479604 0.410367 0.479604 0.479604 0.479604 0.479604 0.479604 0.479604 0.320023 0.479604 0.479604 0.320038 0.479604 0.479604 0.479604 0.479604 0.479604 0.479604 0.433784 0.479604 0.479604 0.32 0.479604 0.479604 0.479604 0.479604 0.479604 0.479604 0.321226 0.479604 0.479604 0.458165 0.479604 0.479604 0.479604 0.479604 0.479604 0.479604 0.479604 0.479604 0.479604 0.479604 0.479604 0.479604 0.479604 0.479604 0.479604 0.479604 0.479604 0.479604 0.479604 0.479604 0.479604 0.479604 0.479604 0.479604 0.479604 0.479604 0.479604 0.479604 0.479604 0.479604 0.479604 0.479604 0.479604 0.479604 0.479604 0.479604 0.479604 0.479604 0.479604 0.479604 0.479604 0.479604 0.479604 0.479604 0.479604 0.479604 0.479604 0.479604 0.479604 0.479604 0.479604 0.479604 0.479604 0.479604 0.479604 0.479604 0.479604 0.479604 0.479604 0.479604 0.479604 0.479604 0.479604 0.479604 0.479604 0.479604 0.479604 0.479604 0.479604 0.479604 0.479604 0.479604 0.479604 0.479604 0.479604 0.479604 0.479604 0.479604 0.479604 0.479604 0.479604 0.479604 0.479604 0.479604 0.479604 0.479604 0.479604 0.479604 0.479604 0.479604 0.479604 0.479604 0.479604 0.479604 0.479604 0.479604 0.479604 0.479604 0.479604 0.479604 0.479604 0.479604 0.479604 0.479604 0.479604 0.479604 0.479604 0.479604 0.479604 0.479604 0.479604 0.479604 0.322411 0.479604 0.479604 0.479604 0.479604 0.479604 0.479604 0.479604 0.479604 0.479604 0.444025 0.479604 0.479604 0.479604 0.479604 0.479604 0.479604 0.479604 0.479604 0.479604 0.32 0.479604 0.479604 0.479604 0.479604 0.479604 0.479604 0.479604 0.479604 0.479604 0.461443 0.479604 0.479604 0.479604 0.479604 0.479604 0.479604 0.479604 0.479604 0.479604 0.320374 0.479604 0.479604 0.479604 0.479604 0.479604 0.479604 0.479604 0.479604 0.479604 0.330509 0.479604 0.479604 0.479604 0.479604 0.479604 0.479604 0.479604 0.479604 0.479604 0.35858 0.479604 0.479604 0.479604 0.479604 0.479604 0.479604 0.479604 0.479604 0.479604 0.32 0.479604 0.479604 0.479604 0.479604 0.479604 0.479604 0.479604 0.479604 0.479604 0.320094 0.479604 0.479604 0.479604 0.479604 0.479604 0.479604 0.479604 0.479604 0.479604 0.361382 0.479604 0.479604 0.479604 0.455339 0.479604 0.479604 0.397553 0.479604 0.479604 0.479604 0.479604 0.479604 0.479604 0.320526 0.479604 0.479604 0.414803 0.479604 0.479604 0.479604 0.479604 0.479604 0.479604 0.342042 0.479604 0.479604 0.320255 0.479604 0.479604 0.479604 0.479604 0.479604 0.479604 0.478526 0.479604 0.479604 0.46733 0.479604 0.479604 0.479604 0.479604 0.479604 0.479604 0.320019 0.479604 0.479604 0.47548 0.479604 0.479604 0.479604 0.479604 0.479604 0.479604 0.32 0.479604 0.479604 0.332951 0.479604 0.479604 0.479604 0.479604 0.479604 0.479604 0.479023 0.479604 0.479604 0.474488 0.479604 0.479604 0.479604 0.479604 0.479604 0.479604 0.337038 0.479604 0.479604 0.347221 0.479604 0.479604 0.479604 0.479604 0.479604 0.479604 0.47447 0.479604 0.479604 0.32 0.479604 0.479604 0.479604 0.479604 0.479604 0.479604 0.474764 0.479604 0.479604 0.327206 0.479604 0.479604 0.479604 0.479604 0.479604 0.479604 0.479604 0.479604 0.479604 0.479604 0.479604 0.479604 0.479604 0.479604 0.479604 0.479604 0.479604 0.479604 0.479604 0.479604 0.479604 0.479604 0.479604 0.479604 0.479604 0.479604 0.479604 0.479604 0.479604 0.479604 0.479604 0.479604 0.479604 0.479604 0.479604 0.479604 0.479604 0.479604 0.479604 0.479604 0.479604 0.479604 0.479604 0.479604 0.479604 0.479604 0.479604 0.479604 0.479604 0.479604 0.479604 0.479604 0.479604 0.479604 0.479604 0.479604 0.479604 0.479604 0.479604 0.479604 0.479604 0.479604 0.479604 0.479604 0.479604 0.479604 0.479604 0.479604 0.479604 0.479604 0.479604 0.479604 0.479604 0.479604 0.479604 0.479604 0.479604 0.479604 0.479604 0.479604 0.479604 0.479604 0.479604 0.479604 0.479604 0.479604 0.479604 0.479604 0.479604 0.479604 0.479604 0.479604 0.479604 0.479604 0.479604 0.479604 0.479604 0.479604 0.479604 0.479604 0.479604 0.479604 0.479604 0.479604 0.479604 0.479604 0.479604 0.479604 0.479604 0.479604 0.479604 0.479604 0.36119 0.479604 0.479604 0.479604 0.479604 0.479604 0.479604 0.479604 0.479604 0.479604 0.430831 0.479604 0.479604 0.479604 0.479604 0.479604 0.479604 0.479604 0.479604 0.479604 0.382879 0.479604 0.479604 0.479604 0.479604 0.479604 0.479604 0.479604 0.479604 0.479604 0.38001 0.479604 0.479604 0.479604 0.479604 0.479604 0.479604 0.479604 0.479604 0.479604 0.479443 0.479604 0.479604 0.479604 0.479604 0.479604 0.479604 0.479604 0.479604 0.479604 0.375492 0.479604 0.479604 0.479604 0.479604 0.479604 0.479604 0.479604 0.479604 0.479604 0.320468 0.479604 0.479604 0.479604 0.479604 0.479604 0.479604 0.479604 0.479604 0.479604 0.32 0.479604 0.479604 0.479604 0.479604 0.479604 0.479604 0.479604 0.479604 0.479604 0.47076 0.479604 0.479604 0.479604 0.479604 0.479604 0.479604 0.479604 0.479604 0.479604 0.472248 0.479604 0.479604 0.479604 0.320407 0.479604 0.479604 0.335176 0.479604 0.479604 0.479604 0.479604 0.479604 0.479604 0.389799 0.479604 0.479604 0.320004 0.479604 0.479604 0.479604 0.479604 0.479604 0.479604 0.32031 0.479604 0.479604 0.32003 0.479604 0.479604 0.479604 0.479604 0.479604 0.479604 0.476159 0.479604 0.479604 0.476494 0.479604 0.479604 0.479604 0.479604 0.479604 0.479604 0.32 0.479604 0.479604 0.477156 0.479604 0.479604 0.479604 0.479604 0.479604 0.479604 0.389653 0.479604 0.479604 0.32 0.479604 0.479604 0.479604 0.479604 0.479604 0.479604 0.320915 0.479604 0.479604 0.32057 0.479604 0.479604 0.479604 0.479604 0.479604 0.479604 0.320008 0.479604 0.479604 0.476946 0.479604 0.479604 0.479604 0.479604 0.479604 0.479604 0.475392 0.479604 0.479604 0.32 0.479604 0.479604 0.479604 0.479604 0.479604 0.479604 0.320004 0.479604 0.479604 0.405942 0.479604 0.479604 0.479604 0.479604 0.479604 0.479604 0.479604 0.479604 0.479604 0.479604 0.479604 0.479604 0.479604 0.479604 0.479604 0.479604 0.479604 0.479604 0.479604 0.479604 0.479604 0.479604 0.479604 0.479604 0.479604 0.479604 0.479604 0.479604 0.479604 0.479604 0.479604 0.479604 0.479604 0.479604 0.479604 0.479604 0.479604 0.479604 0.479604 0.479604 0.479604 0.479604 0.479604 0.479604 0.479604 0.479604 0.479604 0.479604 0.479604 0.479604 0.479604 0.479604 0.479604 0.479604 0.479604 0.479604 0.479604 0.479604 0.479604 0.479604 0.479604 0.479604 0.479604 0.479604 0.479604 0.479604 0.479604 0.479604 0.479604 0.479604 0.479604 0.479604 0.479604 0.479604 0.479604 0.479604 0.479604 0.479604 0.479604 0.479604 0.479604 0.479604 0.479604 0.479604 0.479604 0.479604 0.479604 0.479604 0.479604 0.479604 0.479604 0.479604 0.479604 0.479604 0.479604 0.479604 0.479604 0.479604 0.479604 0.479604 0.479604 0.479604 0.479604 0.479604 0.479604 0.479604 0.479604 0.479604 0.479604 0.479604 0.479604 0.479604 0.32 0.479604 0.479604 0.479604 0.479604 0.479604 0.479604 0.479604 0.479604 0.479604 0.32 0.479604 0.479604 0.479604 0.479604 0.479604 0.479604 0.479604 0.479604 0.479604 0.408589 0.479604 0.479604 0.479604 0.479604 0.479604 0.479604 0.479604 0.479604 0.479604 0.32 0.479604 0.479604 0.479604 0.479604 0.479604 0.479604 0.479604 0.479604 0.479604 0.457501 0.479604 0.479604 0.479604 0.479604 0.479604 0.479604 0.479604 0.479604 0.479604 0.478426 0.479604 0.479604 0.479604 0.479604 0.479604 0.479604 0.479604 0.479604 0.479604 0.326721 0.479604 0.479604 0.479604 0.479604 0.479604 0.479604 0.479604 0.479604 0.479604 0.320003 0.479604 0.479604 0.479604 0.479604 0.479604 0.479604 0.479604 0.479604 0.479604 0.32 0.479604 0.479604 0.479604 0.479604 0.479604 0.479604 0.479604 0.479604 0.479604 0.477069 0.479604 0.479604 0.479604 0.479604 0.479604 0.479604 0.479604 0.479604 0.479604 0.375885 0.479604 0.479604 0.479604 0.479604 0.479604 0.479604 0.479604 0.479604 0.479604 0.405306 0.479604 0.479604 0.479604 0.479604 0.479604 0.479604 0.479604 0.479604 0.479604 0.329944 0.479604 0.479604 0.479604 0.479604 0.479604 0.479604 0.479604 0.479604 0.479604 0.401921 0.479604 0.479604 0.479604 0.479604 0.479604 0.479604 0.479604 0.479604 0.479604 0.32 0.479604 0.479604 0.479604 0.479604 0.479604 0.479604 0.479604 0.479604 0.479604 0.32 0.479604 0.479604 0.479604 0.479604 0.479604 0.479604 0.479604 0.479604 0.479604 0.320057 0.479604 0.479604 0.479604 0.479604 0.479604 0.479604 0.479604 0.479604 0.479604 0.462724 0.479604 0.479604 0.479604 0.479604 0.479604 0.479604 0.479604 0.479604 0.479604 0.320003 0.479604 0.479604 0.479604 0.479604 0.479604 0.479604 0.479604 0.479604 0.479604 0.320005 0.479604 0.479604 0.479604 0.430861 0.479604 0.479604 0.463319 0.479604 0.479604 0.479604 0.479604 0.479604 0.479604 0.47933 0.479604 0.479604 0.32 0.479604 0.479604 0.479604 0.479604 0.479604 0.479604 0.320045 0.479604 0.479604 0.32 0.479604 0.479604 0.479604 0.479604 0.479604 0.479604 0.32 0.479604 0.479604 0.320046 0.479604 0.479604 0.479604 0.479604 0.479604 0.479604 0.32 0.479604 0.479604 0.478359 0.479604 0.479604 0.479604 0.479604 0.479604 0.479604 0.416514 0.479604 0.479604 0.475962 0.479604 0.479604 0.479604 0.479604 0.479604 0.479604 0.442885 0.479604 0.479604 0.320477 0.479604 0.479604 0.479604 0.479604 0.479604 0.479604 0.478746 0.479604 0.479604 0.32 0.479604 0.479604 0.479604 0.479604 0.479604 0.479604 0.324072 0.479604 0.479604 0.445109 0.479604 0.479604 0.479604 0.479604 0.479604 0.479604 0.477495 0.479604 0.479604 0.456758 0.479604 0.479604 0.479604 0.479604 0.479604 0.479604 0.479604 0.479604 0.479604 0.479604 0.479604 0.479604 0.479604 0.479604 0.479604 0.479604 0.479604 0.479604 0.479604 0.479604 0.479604 0.479604 0.479604 0.479604 0.479604 0.479604 0.479604 0.479604 0.479604 0.479604 0.479604 0.479604 0.479604 0.479604 0.479604 0.479604 0.479604 0.479604 0.479604 0.479604 0.479604 0.479604 0.479604 0.479604 0.479604 0.479604 0.479604 0.479604 0.479604 0.479604 0.479604 0.479604 0.479604 0.479604 0.479604 0.479604 0.479604 0.479604 0.479604 0.479604 0.479604 0.479604 0.479604 0.479604 0.479604 0.479604 0.479604 0.479604 0.479604 0.479604 0.479604 0.479604 0.479604 0.479604 0.479604 0.479604 0.479604 0.479604 0.479604 0.479604 0.479604 0.479604 0.479604 0.479604 0.479604 0.479604 0.479604 0.479604 0.479604 0.479604 0.479604 0.479604 0.479604 0.479604 0.479604 0.479604 0.479604 0.479604 0.479604 0.479604 0.479604 0.479604 0.479604 0.479604 0.479604 0.479604 0.479604 0.479604 0.479604 0.479604 0.479604 0.479604 0.32 0.479604 0.479604 0.479604 0.479604 0.479604 0.479604 0.479604 0.479604 0.479604 0.476593 0.479604 0.479604 0.479604 0.479604 0.479604 0.479604 0.479604 0.479604 0.479604 0.32 0.479604 0.479604 0.479604 0.479604 0.479604 0.479604 0.479604 0.479604 0.479604 0.463689 0.479604 0.479604 0.479604 0.479604 0.479604 0.479604 0.479604 0.479604 0.479604 0.479307 0.479604 0.479604 0.479604 0.479604 0.479604 0.479604 0.479604 0.479604 0.479604 0.46087 0.479604 0.479604 0.479604 0.479604 0.479604 0.479604 0.479604 0.479604 0.479604 0.472929 0.479604 0.479604 0.479604 0.479604 0.479604 0.479604 0.479604 0.479604 0.479604 0.426058 0.479604 0.479604 0.479604 0.479604 0.479604 0.479604 0.479604 0.479604 0.479604 0.326425 0.479604 0.479604 0.479604 0.479604 0.479604 0.479604 0.479604 0.479604 0.479604 0.32 0.479604 0.479604 0.479604 0.32 0.479604 0.479604 0.340956 0.479604 0.479604 0.479604 0.479604 0.479604 0.479604 0.32 0.479604 0.479604 0.320001 0.479604 0.479604 0.479604 0.479604 0.479604 0.479604 0.32 0.479604 0.479604 0.478567 0.479604 0.479604 0.479604 0.479604 0.479604 0.479604 0.32098 0.479604 0.479604 0.32 0.479604 0.479604 0.479604 0.479604 0.479604 0.479604 0.32 0.479604 0.479604 0.409804 0.479604 0.479604 0.479604 0.479604 0.479604 0.479604 0.32 0.479604 0.479604 0.406352 0.479604 0.479604 0.479604 0.479604 0.479604 0.479604 0.32 0.479604 0.479604 0.32 0.479604 0.479604 0.479604 0.479604 0.479604 0.479604 0.431872 0.479604 0.479604 0.32 0.479604 0.479604 0.479604 0.479604 0.479604 0.479604 0.350979 0.479604 0.479604 0.32 0.479604 0.479604 0.479604 0.479604 0.479604 0.479604 0.429254 0.479604 0.479604 0.475515 0.479604 0.479604 0.479604 0.479604 0.479604 0.479604 0.479604 0.479604 0.479604 0.479604 0.479604 0.479604 0.479604 0.479604 0.479604 0.479604 0.479604 0.479604 0.479604 0.479604 0.479604 0.479604 0.479604 0.479604 0.479604 0.479604 0.479604 0.479604 0.479604 0.479604 0.479604 0.479604 0.479604 0.479604 0.479604 0.479604 0.479604 0.479604 0.479604 0.479604 0.479604 0.479604 0.479604 0.479604 0.479604 0.479604 0.479604 0.479604 0.479604 0.479604 0.479604 0.479604 0.479604 0.479604 0.479604 0.479604 0.479604 0.479604 0.479604 0.479604 0.479604 0.479604 0.479604 0.479604 0.479604 0.479604 0.479604 0.479604 0.479604 0.479604 0.479604 0.479604 0.479604 0.479604 0.479604 0.479604 0.479604 0.479604 0.479604 0.479604 0.479604 0.479604 0.479604 0.479604 0.479604 0.479604 0.479604 0.479604 0.479604 0.479604 0.479604 0.479604 0.479604 0.479604 0.479604 0.479604 0.479604 0.479604 0.479604 0.479604 0.479604 0.479604 0.479604 0.479604 0.479604 0.479604 0.479604 0.479604 0.479604 0.479604 0.479604 0.479604 0.373564 0.479604 0.479604 0.479604 0.479604 0.479604 0.479604 0.479604 0.479604 0.479604 0.32 0.479604 0.479604 0.479604 0.479604 0.479604 0.479604 0.479604 0.479604 0.479604 0.320015 0.479604 0.479604 0.479604 0.479604 0.479604 0.479604 0.479604 0.479604 0.479604 0.32837 0.479604 0.479604 0.479604 0.479604 0.479604 0.479604 0.479604 0.479604 0.479604 0.320144 0.479604 0.479604 0.479604 0.479604 0.479604 0.479604 0.479604 0.479604 0.479604 0.370377 0.479604 0.479604 0.479604 0.479604 0.479604 0.479604 0.479604 0.479604 0.479604 0.320697 0.479604 0.479604 0.479604 0.479604 0.479604 0.479604 0.479604 0.479604 0.479604 0.32 0.479604 0.479604 0.479604 0.479604 0.479604 0.479604 0.479604 0.479604 0.479604 0.325505 0.479604 0.479604 0.479604 0.479604 0.479604 0.479604 0.479604 0.479604 0.479604 0.324749 0.479604 0.479604 0.479604 0.479239 0.479604 0.479604 0.406133 0.479604 0.479604 0.479604 0.479604 0.479604 0.479604 0.32 0.479604 0.479604 0.32 0.479604 0.479604 0.479604 0.479604 0.479604 0.479604 0.432769 0.479604 0.479604 0.32 0.479604 0.479604 0.479604 0.479604 0.479604 0.479604 0.32 0.479604 0.479604 0.320633 0.479604 0.479604 0.479604 0.479604 0.479604 0.479604 0.32 0.479604 0.479604 0.320136 0.479604 0.479604 0.479604 0.479604 0.479604 0.479604 0.332932 0.479604 0.479604 0.39939 0.479604 0.479604 0.479604 0.479604 0.479604 0.479604 0.32 0.479604 0.479604 0.438715 0.479604 0.479604 0.479604 0.479604 0.479604 0.479604 0.32 0.479604 0.479604 0.478027 0.479604 0.479604 0.479604 0.479604 0.479604 0.479604 0.327462 0.479604 0.479604 0.320003 0.479604 0.479604 0.479604 0.479604 0.479604 0.479604 0.320015 0.479604 0.479604 0.32 0.479604 0.479604 0.479604 0.479604 0.479604 0.479604 0.479604 0.479604 0.479604 0.479604 0.479604 0.479604 0.479604 0.479604 0.479604 0.479604 0.479604 0.479604 0.479604 0.479604 0.479604 0.479604 0.479604 0.479604 0.479604 0.479604 0.479604 0.479604 0.479604 0.479604 0.479604 0.479604 0.479604 0.479604 0.479604 0.479604 0.479604 0.479604 0.479604 0.479604 0.479604 0.479604 0.479604 0.479604 0.479604 0.479604 0.479604 0.479604 0.479604 0.479604 0.479604 0.479604 0.479604 0.479604 0.479604 0.479604 0.479604 0.479604 0.479604 0.479604 0.479604 0.479604 0.479604 0.479604 0.479604 0.479604 0.479604 0.479604 0.479604 0.479604 0.479604 0.479604 0.479604 0.479604 0.479604 0.479604 0.479604 0.479604 0.479604 0.479604 0.479604 0.479604 0.479604 0.479604 0.479604 0.479604 0.479604 0.479604 0.479604 0.479604 0.479604 0.479604 0.479604 0.479604 0.479604 0.479604 0.479604 0.479604 0.479604 0.479604 0.479604 0.479604 0.479604 0.479604 0.479604 0.479604 0.479604 0.479604 0.479604 0.479604 0.479604 0.479604 0.398271 0.479604 0.479604 0.479604 0.479604 0.479604 0.479604 0.479604 0.479604 0.479604 0.324894 0.479604 0.479604 0.479604 0.479604 0.479604 0.479604 0.479604 0.479604 0.479604 0.320187 0.479604 0.479604 0.479604 0.479604 0.479604 0.479604 0.479604 0.479604 0.479604 0.32 0.479604 0.479604 0.479604 0.479604 0.479604 0.479604 0.479604 0.479604 0.479604 0.476765 0.479604 0.479604 0.479604 0.479604 0.479604 0.479604 0.479604 0.479604 0.479604 0.348106 0.479604 0.479604 0.479604 0.479604 0.479604 0.479604 0.479604 0.479604 0.479604 0.333008 0.479604 0.479604 0.479604 0.479604 0.479604 0.479604 0.479604 0.479604 0.479604 0.478562 0.479604 0.479604 0.479604 0.479604 0.479604 0.479604 0.479604 0.479604 0.479604 0.326091 0.479604 0.479604 0.479604 0.479604 0.479604 0.479604 0.479604 0.479604 0.479604 0.32 0.479604 0.479604 0.479604 0.479604 0.479604 0.479604 0.479604 0.479604 0.479604 0.322383 0.479604 0.479604 0.479604 0.479604 0.479604 0.479604 0.479604 0.479604 0.479604 0.32 0.479604 0.479604 0.479604 0.479604 0.479604 0.479604 0.479604 0.479604 0.479604 0.475157 0.479604 0.479604 0.479604 0.479604 0.479604 0.479604 0.479604 0.479604 0.479604 0.320001 0.479604 0.479604 0.479604 0.479604 0.479604 0.479604 0.479604 0.479604 0.479604 0.441477 0.479604 0.479604 0.479604 0.479604 0.479604 0.479604 0.479604 0.479604 0.479604 0.320069 0.479604 0.479604 0.479604 0.479604 0.479604 0.479604 0.479604 0.479604 0.479604 0.457211 0.479604 0.479604 0.479604 0.479604 0.479604 0.479604 0.479604 0.479604 0.479604 0.32 0.479604 0.479604 0.479604 0.479604 0.479604 0.479604 0.479604 0.479604 0.479604 0.478331 0.479604 0.479604 0.479604 0.479604 0.479604 0.479604 0.479604 0.479604 0.479604 0.441624 0.479604 0.479604 0.479604 0.335652 0.479604 0.479604 0.320121 0.479604 0.479604 0.479604 0.479604 0.479604 0.479604 0.459451 0.479604 0.479604 0.32 0.479604 0.479604 0.479604 0.479604 0.479604 0.479604 0.38986 0.479604 0.479604 0.32 0.479604 0.479604 0.479604 0.479604 0.479604 0.479604 0.320062 0.479604 0.479604 0.320555 0.479604 0.479604 0.479604 0.479604 0.479604 0.479604 0.478769 0.479604 0.479604 0.32 0.479604 0.479604 0.479604 0.479604 0.479604 0.479604 0.389822 0.479604 0.479604 0.320694 0.479604 0.479604 0.479604 0.479604 0.479604 0.479604 0.320018 0.479604 0.479604 0.32 0.479604 0.479604 0.479604 0.479604 0.479604 0.479604 0.336131 0.479604 0.479604 0.362677 0.479604 0.479604 0.479604 0.479604 0.479604 0.479604 0.32003 0.479604 0.479604 0.321136 0.479604 0.479604 0.479604 0.479604 0.479604 0.479604 0.320007 0.479604 0.479604 0.47409 0.479604 0.479604 0.479604 0.479604 0.479604 0.479604 0.479604 0.479604 0.479604 0.479604 0.479604 0.479604 0.479604 0.479604 0.479604 0.479604 0.479604 0.479604 0.479604 0.479604 0.479604 0.479604 0.479604 0.479604 0.479604 0.479604 0.479604 0.479604 0.479604 0.479604 0.479604 0.479604 0.479604 0.479604 0.479604 0.479604 0.479604 0.479604 0.479604 0.479604 0.479604 0.479604 0.479604 0.479604 0.479604 0.479604 0.479604 0.479604 0.479604 0.479604 0.479604 0.479604 0.479604 0.479604 0.479604 0.479604 0.479604 0.479604 0.479604 0.479604 0.479604 0.479604 0.479604 0.479604 0.479604 0.479604 0.479604 0.479604 0.479604 0.479604 0.479604 0.479604 0.479604 0.479604 0.479604 0.479604 0.479604 0.479604 0.479604 0.479604 0.479604 0.479604 0.479604 0.479604 0.479604 0.479604 0.479604 0.479604 0.479604 0.479604 0.479604 0.479604 0.479604 0.479604 0.479604 0.479604 0.479604 0.479604 0.479604 0.479604 0.479604 0.479604 0.479604 0.479604 0.479604 0.479604 0.479604 0.479604 0.479604 0.479604 0.479604 0.479604 0.446634 0.479604 0.479604 0.479604 0.479604 0.479604 0.479604 0.479604 0.479604 0.479604 0.42935 0.479604 0.479604 0.479604 0.479604 0.479604 0.479604 0.479604 0.479604 0.479604 0.32 0.479604 0.479604 0.479604 0.479604 0.479604 0.479604 0.479604 0.479604 0.479604 0.475878 0.479604 0.479604 0.479604 0.479604 0.479604 0.479604 0.479604 0.479604 0.479604 0.331758 0.479604 0.479604 0.479604 0.479604 0.479604 0.479604 0.479604 0.479604 0.479604 0.320377 0.479604 0.479604 0.479604 0.479604 0.479604 0.479604 0.479604 0.479604 0.479604 0.462363 0.479604 0.479604 0.479604 0.479604 0.479604 0.479604 0.479604 0.479604 0.479604 0.32 0.479604 0.479604 0.479604 0.479604 0.479604 0.479604 0.479604 0.479604 0.479604 0.477754 0.479604 0.479604 0.479604 0.479604 0.479604 0.479604 0.479604 0.479604 0.479604 0.475344 0.479604 0.479604 0.479604 0.353191 0.479604 0.479604 0.450282 0.479604 0.479604 0.479604 0.479604 0.479604 0.479604 0.32 0.479604 0.479604 0.329285 0.479604 0.479604 0.479604 0.479604 0.479604 0.479604 0.320093 0.479604 0.479604 0.32 0.479604 0.479604 0.479604 0.479604 0.479604 0.479604 0.32 0.479604 0.479604 0.359118 0.479604 0.479604 0.479604 0.479604 0.479604 0.479604 0.476865 0.479604 0.479604 0.320001 0.479604 0.479604 0.479604 0.479604 0.479604 0.479604 0.458879 0.479604 0.479604 0.332793 0.479604 0.479604 0.479604 0.479604 0.479604 0.479604 0.45993 0.479604 0.479604 0.399094 0.479604 0.479604 0.479604 0.479604 0.479604 0.479604 0.469872 0.479604 0.479604 0.425891 0.479604 0.479604 0.479604 0.479604 0.479604 0.479604 0.32 0.479604 0.479604 0.451087 0.479604 0.479604 0.479604 0.479604 0.479604 0.479604 0.32013 0.479604 0.479604 0.32 0.479604 0.479604 0.479604 0.479604 0.479604 0.479604 0.479604 0.479604 0.479604 0.479604 0.479604 0.479604 0.479604 0.479604 0.479604 0.479604 0.479604 0.479604 0.479604 0.479604 0.479604 0.479604 0.479604 0.479604 0.479604 0.479604 0.479604 0.479604 0.479604 0.479604 0.479604 0.479604 0.479604 0.479604 0.479604 0.479604 0.479604 0.479604 0.479604 0.479604 0.479604 0.479604 0.479604 0.479604 0.479604 0.479604 0.479604 0.479604 0.479604 0.479604 0.479604 0.479604 0.479604 0.479604 0.479604 0.479604 0.479604 0.479604 0.479604 0.479604 0.479604 0.479604 0.479604 0.479604 0.479604 0.479604 0.479604 0.479604 0.479604 0.479604 0.479604 0.479604 0.479604 0.479604 0.479604 0.479604 0.479604 0.479604 0.479604 0.479604 0.479604 0.479604 0.479604 0.479604 0.479604 0.479604 0.479604 0.479604 0.479604 0.479604 0.479604 0.479604 0.479604 0.479604 0.479604 0.479604 0.479604 0.479604 0.479604 0.479604 0.479604 0.479604 0.479604 0.479604 0.479604 0.479604 0.479604 0.479604 0.479604 0.479604 0.479604 0.479604 0.478342 0.479604 0.479604 0.479604 0.479604 0.479604 0.479604 0.479604 0.479604 0.479604 0.433491 0.479604 0.479604 0.479604 0.479604 0.479604 0.479604 0.479604 0.479604 0.479604 0.320374 0.479604 0.479604 0.479604 0.479604 0.479604 0.479604 0.479604 0.479604 0.479604 0.321349 0.479604 0.479604 0.479604 0.479604 0.479604 0.479604 0.479604 0.479604 0.479604 0.320005 0.479604 0.479604 0.479604 0.479604 0.479604 0.479604 0.479604 0.479604 0.479604 0.321309 0.479604 0.479604 0.479604 0.479604 0.479604 0.479604 0.479604 0.479604 0.479604 0.420894 0.479604 0.479604 0.479604 0.479604 0.479604 0.479604 0.479604 0.479604 0.479604 0.460872 0.479604 0.479604 0.479604 0.479604 0.479604 0.479604 0.479604 0.479604 0.479604 0.320054 0.479604 0.479604 0.479604 0.479604 0.479604 0.479604 0.479604 0.479604 0.479604 0.32 0.479604 0.479604 0.479604 0.32 0.479604 0.479604 0.476354 0.479604 0.479604 0.479604 0.479604 0.479604 0.479604 0.322114 0.479604 0.479604 0.479295 0.479604 0.479604 0.479604 0.479604 0.479604 0.479604 0.32 0.479604 0.479604 0.466711 0.479604 0.479604 0.479604 0.479604 0.479604 0.479604 0.32 0.479604 0.479604 0.478481 0.479604 0.479604 0.479604 0.479604 0.479604 0.479604 0.381796 0.479604 0.479604 0.320023 0.479604 0.479604 0.479604 0.479604 0.479604 0.479604 0.417955 0.479604 0.479604 0.32 0.479604 0.479604 0.479604 0.479604 0.479604 0.479604 0.320057 0.479604 0.479604 0.32 0.479604 0.479604 0.479604 0.479604 0.479604 0.479604 0.321287 0.479604 0.479604 0.47762 0.479604 0.479604 0.479604 0.479604 0.479604 0.479604 0.320739 0.479604 0.479604 0.32 0.479604 0.479604 0.479604 0.479604 0.479604 0.479604 0.320007 0.479604 0.479604 0.32 0.479604 0.479604 0.479604 0.479604 0.479604 0.479604 0.479604 0.479604 0.479604 0.479604 0.479604 0.479604 0.479604 0.479604 0.479604 0.479604 0.479604 0.479604 0.479604 0.479604 0.479604 0.479604 0.479604 0.479604 0.479604 0.479604 0.479604 0.479604 0.479604 0.479604 0.479604 0.479604 0.479604 0.479604 0.479604 0.479604 0.479604 0.479604 0.479604 0.479604 0.479604 0.479604 0.479604 0.479604 0.479604 0.479604 0.479604 0.479604 0.479604 0.479604 0.479604 0.479604 0.479604 0.479604 0.479604 0.479604 0.479604 0.479604 0.479604 0.479604 0.479604 0.479604 0.479604 0.479604 0.479604 0.479604 0.479604 0.479604 0.479604 0.479604 0.479604 0.479604 0.479604 0.479604 0.479604 0.479604 0.479604 0.479604 0.479604 0.479604 0.479604 0.479604 0.479604 0.479604 0.479604 0.479604 0.479604 0.479604 0.479604 0.479604 0.479604 0.479604 0.479604 0.479604 0.479604 0.479604 0.479604 0.479604 0.479604 0.479604 0.479604 0.479604 0.479604 0.479604 0.479604 0.479604 0.479604 0.479604 0.479604 0.479604 0.479604 0.479604 0.466559 0.479604 0.479604 0.479604 0.479604 0.479604 0.479604 0.479604 0.479604 0.479604 0.337207 0.479604 0.479604 0.479604 0.479604 0.479604 0.479604 0.479604 0.479604 0.479604 0.479142 0.479604 0.479604 0.479604 0.479604 0.479604 0.479604 0.479604 0.479604 0.479604 0.442675 0.479604 0.479604 0.479604 0.479604 0.479604 0.479604 0.479604 0.479604 0.479604 0.32 0.479604 0.479604 0.479604 0.479604 0.479604 0.479604 0.479604 0.479604 0.479604 0.320002 0.479604 0.479604 0.479604 0.479604 0.479604 0.479604 0.479604 0.479604 0.479604 0.320035 0.479604 0.479604 0.479604 0.479604 0.479604 0.479604 0.479604 0.479604 0.479604 0.32 0.479604 0.479604 0.479604 0.479604 0.479604 0.479604 0.479604 0.479604 0.479604 0.320242 0.479604 0.479604 0.479604 0.479604 0.479604 0.479604 0.479604 0.479604 0.479604 0.477496 0.479604 0.479604 
0.489555 0.489555 0.489555 0.489555 0.489555 0.489555 0.489555 0.409962 0.489555 0.489555 0.489555 0.489555 0.489555 0.489555 0.489555 0.489555 0.489555 0.31 0.489555 0.489555 0.489555 0.489555 0.489555 0.489555 0.489555 0.489555 0.489555 0.310003 0.489555 0.489555 0.489555 0.489555 0.489555 0.489555 0.489555 0.489555 0.489555 0.488778 0.489555 0.489555 0.489555 0.489555 0.489555 0.489555 0.489555 0.489555 0.489555 0.310344 0.489555 0.489555 0.489555 0.489555 0.489555 0.489555 0.489555 0.489555 0.489555 0.310029 0.489555 0.489555 0.489555 0.489555 0.489555 0.489555 0.489555 0.489555 0.489555 0.310089 0.489555 0.489555 0.489555 0.489555 0.489555 0.489555 0.489555 0.489555 0.489555 0.488479 0.489555 0.489555 0.489555 0.489555 0.489555 0.489555 0.489555 0.489555 0.489555 0.48464 0.489555 0.489555 0.489555 0.489555 0.489555 0.489555 0.489555 0.489555 0.489555 0.310052 0.489555 0.489555 0.489555 0.446381 0.489555 0.489555 0.31 0.489555 0.489555 0.489555 0.489555 0.489555 0.489555 0.389437 0.489555 0.489555 0.35354 0.489555 0.489555 0.489555 0.489555 0.489555 0.489555 0.310356 0.489555 0.489555 0.310004 0.489555 0.489555 0.489555 0.489555 0.489555 0.489555 0.482385 0.489555 0.489555 0.31 0.489555 0.489555 0.489555 0.489555 0.489555 0.489555 0.480564 0.489555 0.489555 0.329201 0.489555 0.489555 0.489555 0.489555 0.489555 0.489555 0.481571 0.489555 0.489555 0.310051 0.489555 0.489555 0.489555 0.489555 0.489555 0.489555 0.310892 0.489555 0.489555 0.310226 0.489555 0.489555 0.489555 0.489555 0.489555 0.489555 0.324381 0.489555 0.489555 0.31 0.489555 0.489555 0.489555 0.489555 0.489555 0.489555 0.488824 0.489555 0.489555 0.483464 0.489555 0.489555 0.489555 0.489555 0.489555 0.489555 0.31 0.489555 0.489555 0.310001 0.489555 0.489555 0.489555 0.489555 0.489555 0.489555 0.489555 0.489555 0.489555 0.489555 0.489555 0.489555 0.489555 0.489555 0.489555 0.489555 0.489555 0.489555 0.489555 0.489555 0.489555 0.489555 0.489555 0.489555 0.489555 0.489555 0.489555 0.489555 0.489555 0.489555 0.489555 0.489555 0.489555 0.489555 0.489555 0.489555 0.489555 0.489555 0.489555 0.489555 0.489555 0.489555 0.489555 0.489555 0.489555 0.489555 0.489555 0.489555 0.489555 0.489555 0.489555 0.489555 0.489555 0.489555 0.489555 0.489555 0.489555 0.489555 0.489555 0.489555 0.489555 0.489555 0.489555 0.489555 0.489555 0.489555 0.489555 0.489555 0.489555 0.489555 0.489555 0.489555 0.489555 0.489555 0.489555 0.489555 0.489555 0.489555 0.489555 0.489555 0.489555 0.489555 0.489555 0.489555 0.489555 0.489555 0.489555 0.489555 0.489555 0.489555 0.489555 0.489555 0.489555 0.489555 0.489555 0.489555 0.489555 0.489555 0.489555 0.489555 0.489555 0.489555 0.489555 0.489555 0.489555 0.489555 0.489555 0.489555 0.489555 0.489555 0.489555 0.489555 0.31 0.489555 0.489555 0.489555 0.489555 0.489555 0.489555 0.489555 0.489555 0.489555 0.464629 0.489555 0.489555 0.489555 0.489555 0.489555 0.489555 0.489555 0.489555 0.489555 0.31 0.489555 0.489555 0.489555 0.489555 0.489555 0.489555 0.489555 0.489555 0.489555 0.31 0.489555 0.489555 0.489555 0.489555 0.489555 0.489555 0.489555 0.489555 0.489555 0.482181 0.489555 0.489555 0.489555 0.489555 0.489555 0.489555 0.489555 0.489555 0.489555 0.354676 0.489555 0.489555 0.489555 0.489555 0.489555 0.489555 0.489555 0.489555 0.489555 0.31 0.489555 0.489555 0.489555 0.489555 0.489555 0.489555 0.489555 0.489555 0.489555 0.337798 0.489555 0.489555 0.489555 0.489555 0.489555 0.489555 0.489555 0.489555 0.489555 0.489333 0.489555 0.489555 0.489555 0.489555 0.489555 0.489555 0.489555 0.489555 0.489555 0.488084 0.489555 0.489555 0.489555 0.382027 0.489555 0.489555 0.371435 0.489555 0.489555 0.489555 0.489555 0.489555 0.489555 0.31 0.489555 0.489555 0.310048 0.489555 0.489555 0.489555 0.489555 0.489555 0.489555 0.328484 0.489555 0.489555 0.441707 0.489555 0.489555 0.489555 0.489555 0.489555 0.489555 0.311044 0.489555 0.489555 0.383393 0.489555 0.489555 0.489555 0.489555 0.489555 0.489555 0.31 0.489555 0.489555 0.428472 0.489555 0.489555 0.489555 0.489555 0.489555 0.489555 0.485975 0.489555 0.489555 0.482292 0.489555 0.489555 0.489555 0.489555 0.489555 0.489555 0.31 0.489555 0.489555 0.310067 0.489555 0.489555 0.489555 0.489555 0.489555 0.489555 0.31 0.489555 0.489555 0.31 0.489555 0.489555 0.489555 0.489555 0.489555 0.489555 0.452423 0.489555 0.489555 0.402838 0.489555 0.489555 0.489555 0.489555 0.489555 0.489555 0.310001 0.489555 0.489555 0.310028 0.489555 0.489555 0.489555 0.489555 0.489555 0.489555 0.489555 0.489555 0.489555 0.489555 0.489555 0.489555 0.489555 0.489555 0.489555 0.489555 0.489555 0.489555 0.489555 0.489555 0.489555 0.489555 0.489555 0.489555 0.489555 0.489555 0.489555 0.489555 0.489555 0.489555 0.489555 0.489555 0.489555 0.489555 0.489555 0.489555 0.489555 0.489555 0.489555 0.489555 0.489555 0.489555 0.489555 0.489555 0.489555 0.489555 0.489555 0.489555 0.489555 0.489555 0.489555 0.489555 0.489555 0.489555 0.489555 0.489555 0.489555 0.489555 0.489555 0.489555 0.489555 0.489555 0.489555 0.489555 0.489555 0.489555 0.489555 0.489555 0.489555 0.489555 0.489555 0.489555 0.489555 0.489555 0.489555 0.489555 0.489555 0.489555 0.489555 0.489555 0.489555 0.489555 0.489555 0.489555 0.489555 0.489555 0.489555 0.489555 0.489555 0.489555 0.489555 0.489555 0.489555 0.489555 0.489555 0.489555 0.489555 0.489555 0.489555 0.489555 0.489555 0.489555 0.489555 0.489555 0.489555 0.489555 0.489555 0.489555 0.489555 0.489555 0.489555 0.489555 0.310023 0.489555 0.489555 0.489555 0.489555 0.489555 0.489555 0.489555 0.489555 0.489555 0.31 0.489555 0.489555 0.489555 0.489555 0.489555 0.489555 0.489555 0.489555 0.489555 0.31 0.489555 0.489555 0.489555 0.489555 0.489555 0.489555 0.489555 0.489555 0.489555 0.310091 0.489555 0.489555 0.489555 0.489555 0.489555 0.489555 0.489555 0.489555 0.489555 0.455346 0.489555 0.489555 0.489555 0.489555 0.489555 0.489555 0.489555 0.489555 0.489555 0.488994 0.489555 0.489555 0.489555 0.489555 0.489555 0.489555 0.489555 0.489555 0.489555 0.312199 0.489555 0.489555 0.489555 0.489555 0.489555 0.489555 0.489555 0.489555 0.489555 0.436584 0.489555 0.489555 0.489555 0.489555 0.489555 0.489555 0.489555 0.489555 0.489555 0.31 0.489555 0.489555 0.489555 0.489555 0.489555 0.489555 0.489555 0.489555 0.489555 0.310513 0.489555 0.489555 0.489555 0.31 0.489555 0.489555 0.312471 0.489555 0.489555 0.489555 0.489555 0.489555 0.489555 0.320435 0.489555 0.489555 0.310059 0.489555 0.489555 0.489555 0.489555 0.489555 0.489555 0.47461 0.489555 0.489555 0.446788 0.489555 0.489555 0.489555 0.489555 0.489555 0.489555 0.45987 0.489555 0.489555 0.486893 0.489555 0.489555 0.489555 0.489555 0.489555 0.489555 0.407016 0.489555 0.489555 0.310001 0.489555 0.489555 0.489555 0.489555 0.489555 0.489555 0.31 0.489555 0.489555 0.315756 0.489555 0.489555 0.489555 0.489555 0.489555 0.489555 0.310587 0.489555 0.489555 0.31 0.489555 0.489555 0.489555 0.489555 0.489555 0.489555 0.488564 0.489555 0.489555 0.310137 0.489555 0.489555 0.489555 0.489555 0.489555 0.489555 0.31 0.489555 0.489555 0.31 0.489555 0.489555 0.489555 0.489555 0.489555 0.489555 0.31 0.489555 0.489555 0.447031 0.489555 0.489555 0.489555 0.489555 0.489555 0.489555 0.489555 0.489555 0.489555 0.489555 0.489555 0.489555 0.489555 0.489555 0.489555 0.489555 0.489555 0.489555 0.489555 0.489555 0.489555 0.489555 0.489555 0.489555 0.489555 0.489555 0.489555 0.489555 0.489555 0.489555 0.489555 0.489555 0.489555 0.489555 0.489555 0.489555 0.489555 0.489555 0.489555 0.489555 0.489555 0.489555 0.489555 0.489555 0.489555 0.489555 0.489555 0.489555 0.489555 0.489555 0.489555 0.489555 0.489555 0.489555 0.489555 0.489555 0.489555 0.489555 0.489555 0.489555 0.489555 0.489555 0.489555 0.489555 0.489555 0.489555 0.489555 0.489555 0.489555 0.489555 0.489555 0.489555 0.489555 0.489555 0.489555 0.489555 0.489555 0.489555 0.489555 0.489555 0.489555 0.489555 0.489555 0.489555 0.489555 0.489555 0.489555 0.489555 0.489555 0.489555 0.489555 0.489555 0.489555 0.489555 0.489555 0.489555 0.489555 0.489555 0.489555 0.489555 0.489555 0.489555 0.489555 0.489555 0.489555 0.489555 0.489555 0.489555 0.489555 0.489555 0.489555 0.489555 0.469426 0.489555 0.489555 0.489555 0.489555 0.489555 0.489555 0.489555 0.489555 0.489555 0.460948 0.489555 0.489555 0.489555 0.489555 0.489555 0.489555 0.489555 0.489555 0.489555 0.31 0.489555 0.489555 0.489555 0.489555 0.489555 0.489555 0.489555 0.489555 0.489555 0.314875 0.489555 0.489555 0.489555 0.489555 0.489555 0.489555 0.489555 0.489555 0.489555 0.455592 0.489555 0.489555 0.489555 0.489555 0.489555 0.489555 0.489555 0.489555 0.489555 0.479329 0.489555 0.489555 0.489555 0.489555 0.489555 0.489555 0.489555 0.489555 0.489555 0.406148 0.489555 0.489555 0.489555 0.489555 0.489555 0.489555 0.489555 0.489555 0.489555 0.483189 0.489555 0.489555 0.489555 0.489555 0.489555 0.489555 0.489555 0.489555 0.489555 0.31 0.489555 0.489555 0.489555 0.489555 0.489555 0.489555 0.489555 0.489555 0.489555 0.482474 0.489555 0.489555 0.489555 0.489555 0.489555 0.489555 0.489555 0.489555 0.489555 0.319209 0.489555 0.489555 0.489555 0.489555 0.489555 0.489555 0.489555 0.489555 0.489555 0.31 0.489555 0.489555 0.489555 0.489555 0.489555 0.489555 0.489555 0.489555 0.489555 0.310001 0.489555 0.489555 0.489555 0.489555 0.489555 0.489555 0.489555 0.489555 0.489555 0.31 0.489555 0.489555 0.489555 0.489555 0.489555 0.489555 0.489555 0.489555 0.489555 0.31 0.489555 0.489555 0.489555 0.489555 0.489555 0.489555 0.489555 0.489555 0.489555 0.452501 0.489555 0.489555 0.489555 0.489555 0.489555 0.489555 0.489555 0.489555 0.489555 0.381601 0.489555 0.489555 0.489555 0.489555 0.489555 0.489555 0.489555 0.489555 0.489555 0.31 0.489555 0.489555 0.489555 0.489555 0.489555 0.489555 0.489555 0.489555 0.489555 0.310001 0.489555 0.489555 0.489555 0.489555 0.489555 0.489555 0.489555 0.489555 0.489555 0.310159 0.489555 0.489555 0.489555 0.31 0.489555 0.489555 0.334442 0.489555 0.489555 0.489555 0.489555 0.489555 0.489555 0.317616 0.489555 0.489555 0.311496 0.489555 0.489555 0.489555 0.489555 0.489555 0.489555 0.310003 0.489555 0.489555 0.310007 0.489555 0.489555 0.489555 0.489555 0.489555 0.489555 0.31 0.489555 0.489555 0.31 0.489555 0.489555 0.489555 0.489555 0.489555 0.489555 0.310332 0.489555 0.489555 0.322355 0.489555 0.489555 0.489555 0.489555 0.489555 0.489555 0.31 0.489555 0.489555 0.31 0.489555 0.489555 0.489555 0.489555 0.489555 0.489555 0.31 0.489555 0.489555 0.31 0.489555 0.489555 0.489555 0.489555 0.489555 0.489555 0.31 0.489555 0.489555 0.31 0.489555 0.489555 0.489555 0.489555 0.489555 0.489555 0.487301 0.489555 0.489555 0.310648 0.489555 0.489555 0.489555 0.489555 0.489555 0.489555 0.310031 0.489555 0.489555 0.310272 0.489555 0.489555 0.489555 0.489555 0.489555 0.489555 0.489555 0.489555 0.489555 0.489555 0.489555 0.489555 0.489555 0.489555 0.489555 0.489555 0.489555 0.489555 0.489555 0.489555 0.489555 0.489555 0.489555 0.489555 0.489555 0.489555 0.489555 0.489555 0.489555 0.489555 0.489555 0.489555 0.489555 0.489555 0.489555 0.489555 0.489555 0.489555 0.489555 0.489555 0.489555 0.489555 0.489555 0.489555 0.489555 0.489555 0.489555 0.489555 0.489555 0.489555 0.489555 0.489555 0.489555 0.489555 0.489555 0.489555 0.489555 0.489555 0.489555 0.489555 0.489555 0.489555 0.489555 0.489555 0.489555 0.489555 0.489555 0.489555 0.489555 0.489555 0.489555 0.489555 0.489555 0.489555 0.489555 0.489555 0.489555 0.489555 0.489555 0.489555 0.489555 0.489555 0.489555 0.489555 0.489555 0.489555 0.489555 0.489555 0.489555 0.489555 0.489555 0.489555 0.489555 0.489555 0.489555 0.489555 0.489555 0.489555 0.489555 0.489555 0.489555 0.489555 0.489555 0.489555 0.489555 0.489555 0.489555 0.489555 0.489555 0.489555 0.489555 0.489555 0.31 0.489555 0.489555 0.489555 0.489555 0.489555 0.489555 0.489555 0.489555 0.489555 0.465257 0.489555 0.489555 0.489555 0.489555 0.489555 0.489555 0.489555 0.489555 0.489555 0.31 0.489555 0.489555 0.489555 0.489555 0.489555 0.489555 0.489555 0.489555 0.489555 0.474489 0.489555 0.489555 0.489555 0.489555 0.489555 0.489555 0.489555 0.489555 0.489555 0.310006 0.489555 0.489555 0.489555 0.489555 0.489555 0.489555 0.489555 0.489555 0.489555 0.31 0.489555 0.489555 0.489555 0.489555 0.489555 0.489555 0.489555 0.489555 0.489555 0.340819 0.489555 0.489555 0.489555 0.489555 0.489555 0.489555 0.489555 0.489555 0.489555 0.475355 0.489555 0.489555 0.489555 0.489555 0.489555 0.489555 0.489555 0.489555 0.489555 0.327306 0.489555 0.489555 0.489555 0.489555 0.489555 0.489555 0.489555 0.489555 0.489555 0.311336 0.489555 0.489555 0.489555 0.31 0.489555 0.489555 0.476727 0.489555 0.489555 0.489555 0.489555 0.489555 0.489555 0.316923 0.489555 0.489555 0.489048 0.489555 0.489555 0.489555 0.489555 0.489555 0.489555 0.310099 0.489555 0.489555 0.31 0.489555 0.489555 0.489555 0.489555 0.489555 0.489555 0.31 0.489555 0.489555 0.31 0.489555 0.489555 0.489555 0.489555 0.489555 0.489555 0.31 0.489555 0.489555 0.310005 0.489555 0.489555 0.489555 0.489555 0.489555 0.489555 0.31 0.489555 0.489555 0.31 0.489555 0.489555 0.489555 0.489555 0.489555 0.489555 0.31 0.489555 0.489555 0.452018 0.489555 0.489555 0.489555 0.489555 0.489555 0.489555 0.31 0.489555 0.489555 0.41243 0.489555 0.489555 0.489555 0.489555 0.489555 0.489555 0.485391 0.489555 0.489555 0.31 0.489555 0.489555 0.489555 0.489555 0.489555 0.489555 0.487233 0.489555 0.489555 0.31 0.489555 0.489555 0.489555 0.489555 0.489555 0.489555 0.489555 0.489555 0.489555 0.489555 0.489555 0.489555 0.489555 0.489555 0.489555 0.489555 0.489555 0.489555 0.489555 0.489555 0.489555 0.489555 0.489555 0.489555 0.489555 0.489555 0.489555 0.489555 0.489555 0.489555 0.489555 0.489555 0.489555 0.489555 0.489555 0.489555 0.489555 0.489555 0.489555 0.489555 0.489555 0.489555 0.489555 0.489555 0.489555 0.489555 0.489555 0.489555 0.489555 0.489555 0.489555 0.489555 0.489555 0.489555 0.489555 0.489555 0.489555 0.489555 0.489555 0.489555 0.489555 0.489555 0.489555 0.489555 0.489555 0.489555 0.489555 0.489555 0.489555 0.489555 0.489555 0.489555 0.489555 0.489555 0.489555 0.489555 0.489555 0.489555 0.489555 0.489555 0.489555 0.489555 0.489555 0.489555 0.489555 0.489555 0.489555 0.489555 0.489555 0.489555 0.489555 0.489555 0.489555 0.489555 0.489555 0.489555 0.489555 0.489555 0.489555 0.489555 0.489555 0.489555 0.489555 0.489555 0.489555 0.489555 0.489555 0.489555 0.489555 0.489555 0.489555 0.489555 0.31 0.489555 0.489555 0.489555 0.489555 0.489555 0.489555 0.489555 0.489555 0.489555 0.488826 0.489555 0.489555 0.489555 0.489555 0.489555 0.489555 0.489555 0.489555 0.489555 0.310011 0.489555 0.489555 0.489555 0.489555 0.489555 0.489555 0.489555 0.489555 0.489555 0.31 0.489555 0.489555 0.489555 0.489555 0.489555 0.489555 0.489555 0.489555 0.489555 0.477828 0.489555 0.489555 0.489555 0.489555 0.489555 0.489555 0.489555 0.489555 0.489555 0.31 0.489555 0.489555 0.489555 0.489555 0.489555 0.489555 0.489555 0.489555 0.489555 0.31 0.489555 0.489555 0.489555 0.489555 0.489555 0.489555 0.489555 0.489555 0.489555 0.462895 0.489555 0.489555 0.489555 0.489555 0.489555 0.489555 0.489555 0.489555 0.489555 0.31 0.489555 0.489555 0.489555 0.489555 0.489555 0.489555 0.489555 0.489555 0.489555 0.310084 0.489555 0.489555 0.489555 0.31 0.489555 0.489555 0.311041 0.489555 0.489555 0.489555 0.489555 0.489555 0.489555 0.310033 0.489555 0.489555 0.310004 0.489555 0.489555 0.489555 0.489555 0.489555 0.489555 0.31 0.489555 0.489555 0.31 0.489555 0.489555 0.489555 0.489555 0.489555 0.489555 0.40118 0.489555 0.489555 0.31 0.489555 0.489555 0.489555 0.489555 0.489555 0.489555 0.487218 0.489555 0.489555 0.32194 0.489555 0.489555 0.489555 0.489555 0.489555 0.489555 0.313353 0.489555 0.489555 0.31 0.489555 0.489555 0.489555 0.489555 0.489555 0.489555 0.488953 0.489555 0.489555 0.479192 0.489555 0.489555 0.489555 0.489555 0.489555 0.489555 0.310002 0.489555 0.489555 0.465446 0.489555 0.489555 0.489555 0.489555 0.489555 0.489555 0.466678 0.489555 0.489555 0.428809 0.489555 0.489555 0.489555 0.489555 0.489555 0.489555 0.31 0.489555 0.489555 0.486299 0.489555 0.489555 0.489555 0.489555 0.489555 0.489555 0.489555 0.489555 0.489555 0.489555 0.489555 0.489555 0.489555 0.489555 0.489555 0.489555 0.489555 0.489555 0.489555 0.489555 0.489555 0.489555 0.489555 0.489555 0.489555 0.489555 0.489555 0.489555 0.489555 0.489555 0.489555 0.489555 0.489555 0.489555 0.489555 0.489555 0.489555 0.489555 0.489555 0.489555 0.489555 0.489555 0.489555 0.489555 0.489555 0.489555 0.489555 0.489555 0.489555 0.489555 0.489555 0.489555 0.489555 0.489555 0.489555 0.489555 0.489555 0.489555 0.489555 0.489555 0.489555 0.489555 0.489555 0.489555 0.489555 0.489555 0.489555 0.489555 0.489555 0.489555 0.489555 0.489555 0.489555 0.489555 0.489555 0.489555 0.489555 0.489555 0.489555 0.489555 0.489555 0.489555 0.489555 0.489555 0.489555 0.489555 0.489555 0.489555 0.489555 0.489555 0.489555 0.489555 0.489555 0.489555 0.489555 0.489555 0.489555 0.489555 0.489555 0.489555 0.489555 0.489555 0.489555 0.489555 0.489555 0.489555 0.489555 0.489555 0.489555 0.489555 0.489555 0.489555 0.484695 0.489555 0.489555 0.489555 0.489555 0.489555 0.489555 0.489555 0.489555 0.489555 0.477764 0.489555 0.489555 0.489555 0.489555 0.489555 0.489555 0.489555 0.489555 0.489555 0.311564 0.489555 0.489555 0.489555 0.489555 0.489555 0.489555 0.489555 0.489555 0.489555 0.31 0.489555 0.489555 0.489555 0.489555 0.489555 0.489555 0.489555 0.489555 0.489555 0.310094 0.489555 0.489555 0.489555 0.489555 0.489555 0.489555 0.489555 0.489555 0.489555 0.31 0.489555 0.489555 0.489555 0.489555 0.489555 0.489555 0.489555 0.489555 0.489555 0.478138 0.489555 0.489555 0.489555 0.489555 0.489555 0.489555 0.489555 0.489555 0.489555 0.475978 0.489555 0.489555 0.489555 0.489555 0.489555 0.489555 0.489555 0.489555 0.489555 0.31 0.489555 0.489555 0.489555 0.489555 0.489555 0.489555 0.489555 0.489555 0.489555 0.310239 0.489555 0.489555 0.489555 0.489555 0.489555 0.489555 0.489555 0.489555 0.489555 0.310003 0.489555 0.489555 0.489555 0.489555 0.489555 0.489555 0.489555 0.489555 0.489555 0.459051 0.489555 0.489555 0.489555 0.489555 0.489555 0.489555 0.489555 0.489555 0.489555 0.460399 0.489555 0.489555 0.489555 0.489555 0.489555 0.489555 0.489555 0.489555 0.489555 0.310005 0.489555 0.489555 0.489555 0.489555 0.489555 0.489555 0.489555 0.489555 0.489555 0.345071 0.489555 0.489555 0.489555 0.489555 0.489555 0.489555 0.489555 0.489555 0.489555 0.48887 0.489555 0.489555 0.489555 0.489555 0.489555 0.489555 0.489555 0.489555 0.489555 0.31 0.489555 0.489555 0.489555 0.489555 0.489555 0.489555 0.489555 0.489555 0.489555 0.310013 0.489555 0.489555 0.489555 0.489555 0.489555 0.489555 0.489555 0.489555 0.489555 0.310001 0.489555 0.489555 0.489555 0.489555 0.489555 0.489555 0.489555 0.489555 0.489555 0.310151 0.489555 0.489555 0.489555 0.312558 0.489555 0.489555 0.480153 0.489555 0.489555 0.489555 0.489555 0.489555 0.489555 0.488587 0.489555 0.489555 0.31 0.489555 0.489555 0.489555 0.489555 0.489555 0.489555 0.311856 0.489555 0.489555 0.380132 0.489555 0.489555 0.489555 0.489555 0.489555 0.489555 0.313239 0.489555 0.489555 0.31 0.489555 0.489555 0.489555 0.489555 0.489555 0.489555 0.432294 0.489555 0.489555 0.310015 0.489555 0.489555 0.489555 0.489555 0.489555 0.489555 0.310001 0.489555 0.489555 0.31 0.489555 0.489555 0.489555 0.489555 0.489555 0.489555 0.310002 0.489555 0.489555 0.320189 0.489555 0.489555 0.489555 0.489555 0.489555 0.489555 0.311183 0.489555 0.489555 0.47979 0.489555 0.489555 0.489555 0.489555 0.489555 0.489555 0.31 0.489555 0.489555 0.459545 0.489555 0.489555 0.489555 0.489555 0.489555 0.489555 0.310018 0.489555 0.489555 0.312191 0.489555 0.489555 0.489555 0.489555 0.489555 0.489555 0.489555 0.489555 0.489555 0.489555 0.489555 0.489555 0.489555 0.489555 0.489555 0.489555 0.489555 0.489555 0.489555 0.489555 0.489555 0.489555 0.489555 0.489555 0.489555 0.489555 0.489555 0.489555 0.489555 0.489555 0.489555 0.489555 0.489555 0.489555 0.489555 0.489555 0.489555 0.489555 0.489555 0.489555 0.489555 0.489555 0.489555 0.489555 0.489555 0.489555 0.489555 0.489555 0.489555 0.489555 0.489555 0.489555 0.489555 0.489555 0.489555 0.489555 0.489555 0.489555 0.489555 0.489555 0.489555 0.489555 0.489555 0.489555 0.489555 0.489555 0.489555 0.489555 0.489555 0.489555 0.489555 0.489555 0.489555 0.489555 0.489555 0.489555 0.489555 0.489555 0.489555 0.489555 0.489555 0.489555 0.489555 0.489555 0.489555 0.489555 0.489555 0.489555 0.489555 0.489555 0.489555 0.489555 0.489555 0.489555 0.489555 0.489555 0.489555 0.489555 0.489555 0.489555 0.489555 0.489555 0.489555 0.489555 0.489555 0.489555 0.489555 0.489555 0.489555 0.489555 0.489555 0.489555 0.310104 0.489555 0.489555 0.489555 0.489555 0.489555 0.489555 0.489555 0.489555 0.489555 0.473511 0.489555 0.489555 0.489555 0.489555 0.489555 0.489555 0.489555 0.489555 0.489555 0.33536 0.489555 0.489555 0.489555 0.489555 0.489555 0.489555 0.489555 0.489555 0.489555 0.310159 0.489555 0.489555 0.489555 0.489555 0.489555 0.489555 0.489555 0.489555 0.489555 0.376439 0.489555 0.489555 0.489555 0.489555 0.489555 0.489555 0.489555 0.489555 0.489555 0.488545 0.489555 0.489555 0.489555 0.489555 0.489555 0.489555 0.489555 0.489555 0.489555 0.31 0.489555 0.489555 0.489555 0.489555 0.489555 0.489555 0.489555 0.489555 0.489555 0.488929 0.489555 0.489555 0.489555 0.489555 0.489555 0.489555 0.489555 0.489555 0.489555 0.310001 0.489555 0.489555 0.489555 0.489555 0.489555 0.489555 0.489555 0.489555 0.489555 0.31 0.489555 0.489555 0.489555 0.31 0.489555 0.489555 0.489303 0.489555 0.489555 0.489555 0.489555 0.489555 0.489555 0.319305 0.489555 0.489555 0.310739 0.489555 0.489555 0.489555 0.489555 0.489555 0.489555 0.313585 0.489555 0.489555 0.31 0.489555 0.489555 0.489555 0.489555 0.489555 0.489555 0.31 0.489555 0.489555 0.382626 0.489555 0.489555 0.489555 0.489555 0.489555 0.489555 0.465528 0.489555 0.489555 0.486735 0.489555 0.489555 0.489555 0.489555 0.489555 0.489555 0.483779 0.489555 0.489555 0.31 0.489555 0.489555 0.489555 0.489555 0.489555 0.489555 0.31 0.489555 0.489555 0.310001 0.489555 0.489555 0.489555 0.489555 0.489555 0.489555 0.31 0.489555 0.489555 0.318589 0.489555 0.489555 0.489555 0.489555 0.489555 0.489555 0.31 0.489555 0.489555 0.31 0.489555 0.489555 0.489555 0.489555 0.489555 0.489555 0.424189 0.489555 0.489555 0.310403 0.489555 0.489555 0.489555 0.489555 0.489555 0.489555 0.489555 0.489555 0.489555 0.489555 0.489555 0.489555 0.489555 0.489555 0.489555 0.489555 0.489555 0.489555 0.489555 0.489555 0.489555 0.489555 0.489555 0.489555 0.489555 0.489555 0.489555 0.489555 0.489555 0.489555 0.489555 0.489555 0.489555 0.489555 0.489555 0.489555 0.489555 0.489555 0.489555 0.489555 0.489555 0.489555 0.489555 0.489555 0.489555 0.489555 0.489555 0.489555 0.489555 0.489555 0.489555 0.489555 0.489555 0.489555 0.489555 0.489555 0.489555 0.489555 0.489555 0.489555 0.489555 0.489555 0.489555 0.489555 0.489555 0.489555 0.489555 0.489555 0.489555 0.489555 0.489555 0.489555 0.489555 0.489555 0.489555 0.489555 0.489555 0.489555 0.489555 0.489555 0.489555 0.489555 0.489555 0.489555 0.489555 0.489555 0.489555 0.489555 0.489555 0.489555 0.489555 0.489555 0.489555 0.489555 0.489555 0.489555 0.489555 0.489555 0.489555 0.489555 0.489555 0.489555 0.489555 0.489555 0.489555 0.489555 0.489555 0.489555 0.489555 0.489555 0.489555 0.489555 0.31 0.489555 0.489555 0.489555 0.489555 0.489555 0.489555 0.489555 0.489555 0.489555 0.480719 0.489555 0.489555 0.489555 0.489555 0.489555 0.489555 0.489555 0.489555 0.489555 0.4884 0.489555 0.489555 0.489555 0.489555 0.489555 0.489555 0.489555 0.489555 0.489555 0.310653 0.489555 0.489555 0.489555 0.489555 0.489555 0.489555 0.489555 0.489555 0.489555 0.31 0.489555 0.489555 0.489555 0.489555 0.489555 0.489555 0.489555 0.489555 0.489555 0.31 0.489555 0.489555 0.489555 0.489555 0.489555 0.489555 0.489555 0.489555 0.489555 0.488622 0.489555 0.489555 0.489555 0.489555 0.489555 0.489555 0.489555 0.489555 0.489555 0.31 0.489555 0.489555 0.489555 0.489555 0.489555 0.489555 0.489555 0.489555 0.489555 0.31 0.489555 0.489555 0.489555 0.489555 0.489555 0.489555 0.489555 0.489555 0.489555 0.31 0.489555 0.489555 0.489555 0.440198 0.489555 0.489555 0.489081 0.489555 0.489555 0.489555 0.489555 0.489555 0.489555 0.487052 0.489555 0.489555 0.489351 0.489555 0.489555 0.489555 0.489555 0.489555 0.489555 0.310184 0.489555 0.489555 0.31 0.489555 0.489555 0.489555 0.489555 0.489555 0.489555 0.489379 0.489555 0.489555 0.368062 0.489555 0.489555 0.489555 0.489555 0.489555 0.489555 0.310014 0.489555 0.489555 0.487855 0.489555 0.489555 0.489555 0.489555 0.489555 0.489555 0.31 0.489555 0.489555 0.31 0.489555 0.489555 0.489555 0.489555 0.489555 0.489555 0.484016 0.489555 0.489555 0.487176 0.489555 0.489555 0.489555 0.489555 0.489555 0.489555 0.310251 0.489555 0.489555 0.31 0.489555 0.489555 0.489555 0.489555 0.489555 0.489555 0.320968 0.489555 0.489555 0.31 0.489555 0.489555 0.489555 0.489555 0.489555 0.489555 0.310356 0.489555 0.489555 0.31 0.489555 0.489555 0.489555 0.489555 0.489555 0.489555 0.489555 0.489555 0.489555 0.489555 0.489555 0.489555 0.489555 0.489555 0.489555 0.489555 0.489555 0.489555 0.489555 0.489555 0.489555 0.489555 0.489555 0.489555 0.489555 0.489555 0.489555 0.489555 0.489555 0.489555 0.489555 0.489555 0.489555 0.489555 0.489555 0.489555 0.489555 0.489555 0.489555 0.489555 0.489555 0.489555 0.489555 0.489555 0.489555 0.489555 0.489555 0.489555 0.489555 0.489555 0.489555 0.489555 0.489555 0.489555 0.489555 0.489555 0.489555 0.489555 0.489555 0.489555 0.489555 0.489555 0.489555 0.489555 0.489555 0.489555 0.489555 0.489555 0.489555 0.489555 0.489555 0.489555 0.489555 0.489555 0.489555 0.489555 0.489555 0.489555 0.489555 0.489555 0.489555 0.489555 0.489555 0.489555 0.489555 0.489555 0.489555 0.489555 0.489555 0.489555 0.489555 0.489555 0.489555 0.489555 0.489555 0.489555 0.489555 0.489555 0.489555 0.489555 0.489555 0.489555 0.489555 0.489555 0.489555 0.489555 0.489555 0.489555 0.489555 0.489555 0.489555 0.489555 0.441715 0.489555 0.489555 0.489555 0.489555 0.489555 0.489555 0.489555 0.489555 0.489555 0.47192 0.489555 0.489555 0.489555 0.489555 0.489555 0.489555 0.489555 0.489555 0.489555 0.310002 0.489555 0.489555 0.489555 0.489555 0.489555 0.489555 0.489555 0.489555 0.489555 0.310456 0.489555 0.489555 0.489555 0.489555 0.489555 0.489555 0.489555 0.489555 0.489555 0.310002 0.489555 0.489555 0.489555 0.489555 0.489555 0.489555 0.489555 0.489555 0.489555 0.310094 0.489555 0.489555 0.489555 0.489555 0.489555 0.489555 0.489555 0.489555 0.489555 0.446754 0.489555 0.489555 0.489555 0.489555 0.489555 0.489555 0.489555 0.489555 0.489555 0.310001 0.489555 0.489555 0.489555 0.489555 0.489555 0.489555 0.489555 0.489555 0.489555 0.31 0.489555 0.489555 0.489555 0.489555 0.489555 0.489555 0.489555 0.489555 0.489555 0.327856 0.489555 0.489555 0.489555 0.489555 0.489555 0.489555 0.489555 0.489555 0.489555 0.31 0.489555 0.489555 0.489555 0.489555 0.489555 0.489555 0.489555 0.489555 0.489555 0.31306 0.489555 0.489555 0.489555 0.489555 0.489555 0.489555 0.489555 0.489555 0.489555 0.31 0.489555 0.489555 0.489555 0.489555 0.489555 0.489555 0.489555 0.489555 0.489555 0.31 0.489555 0.489555 0.489555 0.489555 0.489555 0.489555 0.489555 0.489555 0.489555 0.310003 0.489555 0.489555 0.489555 0.489555 0.489555 0.489555 0.489555 0.489555 0.489555 0.444034 0.489555 0.489555 0.489555 0.489555 0.489555 0.489555 0.489555 0.489555 0.489555 0.31 0.489555 0.489555 0.489555 0.489555 0.489555 0.489555 0.489555 0.489555 0.489555 0.31 0.489555 0.489555 0.489555 0.489555 0.489555 0.489555 0.489555 0.489555 0.489555 0.310006 0.489555 0.489555 0.489555 0.489555 0.489555 0.489555 0.489555 0.489555 0.489555 0.375922 0.489555 0.489555 0.489555 0.376357 0.489555 0.489555 0.310553 0.489555 0.489555 0.489555 0.489555 0.489555 0.489555 0.310059 0.489555 0.489555 0.362117 0.489555 0.489555 0.489555 0.489555 0.489555 0.489555 0.310003 0.489555 0.489555 0.488872 0.489555 0.489555 0.489555 0.489555 0.489555 0.489555 0.484042 0.489555 0.489555 0.448277 0.489555 0.489555 0.489555 0.489555 0.489555 0.489555 0.310001 0.489555 0.489555 0.487931 0.489555 0.489555 0.489555 0.489555 0.489555 0.489555 0.488379 0.489555 0.489555 0.487249 0.489555 0.489555 0.489555 0.489555 0.489555 0.489555 0.31163 0.489555 0.489555 0.330327 0.489555 0.489555 0.489555 0.489555 0.489555 0.489555 0.31 0.489555 0.489555 0.310097 0.489555 0.489555 0.489555 0.489555 0.489555 0.489555 0.484385 0.489555 0.489555 0.438807 0.489555 0.489555 0.489555 0.489555 0.489555 0.489555 0.483967 0.489555 0.489555 0.358185 0.489555 0.489555 0.489555 0.489555 0.489555 0.489555 0.489555 0.489555 0.489555 0.489555 0.489555 0.489555 0.489555 0.489555 0.489555 0.489555 0.489555 0.489555 0.489555 0.489555 0.489555 0.489555 0.489555 0.489555 0.489555 0.489555 0.489555 0.489555 0.489555 0.489555 0.489555 0.489555 0.489555 0.489555 0.489555 0.489555 0.489555 0.489555 0.489555 0.489555 0.489555 0.489555 0.489555 0.489555 0.489555 0.489555 0.489555 0.489555 0.489555 0.489555 0.489555 0.489555 0.489555 0.489555 0.489555 0.489555 0.489555 0.489555 0.489555 0.489555 0.489555 0.489555 0.489555 0.489555 0.489555 0.489555 0.489555 0.489555 0.489555 0.489555 0.489555 0.489555 0.489555 0.489555 0.489555 0.489555 0.489555 0.489555 0.489555 0.489555 0.489555 0.489555 0.489555 0.489555 0.489555 0.489555 0.489555 0.489555 0.489555 0.489555 0.489555 0.489555 0.489555 0.489555 0.489555 0.489555 0.489555 0.489555 0.489555 0.489555 0.489555 0.489555 0.489555 0.489555 0.489555 0.489555 0.489555 0.489555 0.489555 0.489555 0.489555 0.489555 0.33699 0.489555 0.489555 0.489555 0.489555 0.489555 0.489555 0.489555 0.489555 0.489555 0.324165 0.489555 0.489555 0.489555 0.489555 0.489555 0.489555 0.489555 0.489555 0.489555 0.31 0.489555 0.489555 0.489555 0.489555 0.489555 0.489555 0.489555 0.489555 0.489555 0.310001 0.489555 0.489555 0.489555 0.489555 0.489555 0.489555 0.489555 0.489555 0.489555 0.310009 0.489555 0.489555 0.489555 0.489555 0.489555 0.489555 0.489555 0.489555 0.489555 0.31 0.489555 0.489555 0.489555 0.489555 0.489555 0.489555 0.489555 0.489555 0.489555 0.48601 0.489555 0.489555 0.489555 0.489555 0.489555 0.489555 0.489555 0.489555 0.489555 0.366025 0.489555 0.489555 0.489555 0.489555 0.489555 0.489555 0.489555 0.489555 0.489555 0.31 0.489555 0.489555 0.489555 0.489555 0.489555 0.489555 0.489555 0.489555 0.489555 0.488941 0.489555 0.489555 0.489555 0.340915 0.489555 0.489555 0.310334 0.489555 0.489555 0.489555 0.489555 0.489555 0.489555 0.463742 0.489555 0.489555 0.482563 0.489555 0.489555 0.489555 0.489555 0.489555 0.489555 0.310017 0.489555 0.489555 0.310175 0.489555 0.489555 0.489555 0.489555 0.489555 0.489555 0.3997 0.489555 0.489555 0.485471 0.489555 0.489555 0.489555 0.489555 0.489555 0.489555 0.31 0.489555 0.489555 0.310002 0.489555 0.489555 0.489555 0.489555 0.489555 0.489555 0.31 0.489555 0.489555 0.31 0.489555 0.489555 0.489555 0.489555 0.489555 0.489555 0.310001 0.489555 0.489555 0.31 0.489555 0.489555 0.489555 0.489555 0.489555 0.489555 0.310957 0.489555 0.489555 0.31 0.489555 0.489555 0.489555 0.489555 0.489555 0.489555 0.31 0.489555 0.489555 0.488412 0.489555 0.489555 0.489555 0.489555 0.489555 0.489555 0.31 0.489555 0.489555 0.434288 0.489555 0.489555 0.489555 0.489555 0.489555 0.489555 0.489555 0.489555 0.489555 0.489555 0.489555 0.489555 0.489555 0.489555 0.489555 0.489555 0.489555 0.489555 0.489555 0.489555 0.489555 0.489555 0.489555 0.489555 0.489555 0.489555 0.489555 0.489555 0.489555 0.489555 0.489555 0.489555 0.489555 0.489555 0.489555 0.489555 0.489555 0.489555 0.489555 0.489555 0.489555 0.489555 0.489555 0.489555 0.489555 0.489555 0.489555 0.489555 0.489555 0.489555 0.489555 0.489555 0.489555 0.489555 0.489555 0.489555 0.489555 0.489555 0.489555 0.489555 0.489555 0.489555 0.489555 0.489555 0.489555 0.489555 0.489555 0.489555 0.489555 0.489555 0.489555 0.489555 0.489555 0.489555 0.489555 0.489555 0.489555 0.489555 0.489555 0.489555 0.489555 0.489555 0.489555 0.489555 0.489555 0.489555 0.489555 0.489555 0.489555 0.489555 0.489555 0.489555 0.489555 0.489555 0.489555 0.489555 0.489555 0.489555 0.489555 0.489555 0.489555 0.489555 0.489555 0.489555 0.489555 0.489555 0.489555 0.489555 0.489555 0.489555 0.489555 0.489555 0.31 0.489555 0.489555 0.489555 0.489555 0.489555 0.489555 0.489555 0.489555 0.489555 0.437149 0.489555 0.489555 0.489555 0.489555 0.489555 0.489555 0.489555 0.489555 0.489555 0.477973 0.489555 0.489555 0.489555 0.489555 0.489555 0.489555 0.489555 0.489555 0.489555 0.474454 0.489555 0.489555 0.489555 0.489555 0.489555 0.489555 0.489555 0.489555 0.489555 0.312888 0.489555 0.489555 0.489555 0.489555 0.489555 0.489555 0.489555 0.489555 0.489555 0.489057 0.489555 0.489555 0.489555 0.489555 0.489555 0.489555 0.489555 0.489555 0.489555 0.479576 0.489555 0.489555 0.489555 0.489555 0.489555 0.489555 0.489555 0.489555 0.489555 0.310268 0.489555 0.489555 0.489555 0.489555 0.489555 0.489555 0.489555 0.489555 0.489555 0.488379 0.489555 0.489555 0.489555 0.489555 0.489555 0.489555 0.489555 0.489555 0.489555 0.31 0.489555 0.489555 0.489555 0.31 0.489555 0.489555 0.31 0.489555 0.489555 0.489555 0.489555 0.489555 0.489555 0.31001 0.489555 0.489555 0.31 0.489555 0.489555 0.489555 0.489555 0.489555 0.489555 0.407441 0.489555 0.489555 0.476881 0.489555 0.489555 0.489555 0.489555 0.489555 0.489555 0.486307 0.489555 0.489555 0.48936 0.489555 0.489555 0.489555 0.489555 0.489555 0.489555 0.310003 0.489555 0.489555 0.48742 0.489555 0.489555 0.489555 0.489555 0.489555 0.489555 0.310025 0.489555 0.489555 0.447496 0.489555 0.489555 0.489555 0.489555 0.489555 0.489555 0.31 0.489555 0.489555 0.31 0.489555 0.489555 0.489555 0.489555 0.489555 0.489555 0.31 0.489555 0.489555 0.47645 0.489555 0.489555 0.489555 0.489555 0.489555 0.489555 0.31 0.489555 0.489555 0.31 0.489555 0.489555 0.489555 0.489555 0.489555 0.489555 0.392003 0.489555 0.489555 0.313409 0.489555 0.489555 0.489555 0.489555 0.489555 0.489555 0.489555 0.489555 0.489555 0.489555 0.489555 0.489555 0.489555 0.489555 0.489555 0.489555 0.489555 0.489555 0.489555 0.489555 0.489555 0.489555 0.489555 0.489555 0.489555 0.489555 0.489555 0.489555 0.489555 0.489555 0.489555 0.489555 0.489555 0.489555 0.489555 0.489555 0.489555 0.489555 0.489555 0.489555 0.489555 0.489555 0.489555 0.489555 0.489555 0.489555 0.489555 0.489555 0.489555 0.489555 0.489555 0.489555 0.489555 0.489555 0.489555 0.489555 0.489555 0.489555 0.489555 0.489555 0.489555 0.489555 0.489555 0.489555 0.489555 0.489555 0.489555 0.489555 0.489555 0.489555 0.489555 0.489555 0.489555 0.489555 0.489555 0.489555 0.489555 0.489555 0.489555 0.489555 0.489555 0.489555 0.489555 0.489555 0.489555 0.489555 0.489555 0.489555 0.489555 0.489555 0.489555 0.489555 0.489555 0.489555 0.489555 0.489555 0.489555 0.489555 0.489555 0.489555 0.489555 0.489555 0.489555 0.489555 0.489555 0.489555 0.489555 0.489555 0.489555 0.489555 0.489555 0.489555 0.326078 0.489555 0.489555 0.489555 0.489555 0.489555 0.489555 0.489555 0.489555 0.489555 0.400588 0.489555 0.489555 0.489555 0.489555 0.489555 0.489555 0.489555 0.489555 0.489555 0.31 0.489555 0.489555 0.489555 0.489555 0.489555 0.489555 0.489555 0.489555 0.489555 0.449818 0.489555 0.489555 0.489555 0.489555 0.489555 0.489555 0.489555 0.489555 0.489555 0.31 0.489555 0.489555 0.489555 0.489555 0.489555 0.489555 0.489555 0.489555 0.489555 0.31027 0.489555 0.489555 0.489555 0.489555 0.489555 0.489555 0.489555 0.489555 0.489555 0.395137 0.489555 0.489555 0.489555 0.489555 0.489555 0.489555 0.489555 0.489555 0.489555 0.486043 0.489555 0.489555 0.489555 0.489555 0.489555 0.489555 0.489555 0.489555 0.489555 0.356513 0.489555 0.489555 0.489555 0.489555 0.489555 0.489555 0.489555 0.489555 0.489555 0.310063 0.489555 0.489555 0.489555 0.489555 0.489555 0.489555 0.489555 0.489555 0.489555 0.33724 0.489555 0.489555 0.489555 0.489555 0.489555 0.489555 0.489555 0.489555 0.489555 0.488186 0.489555 0.489555 0.489555 0.489555 0.489555 0.489555 0.489555 0.489555 0.489555 0.343175 0.489555 0.489555 0.489555 0.489555 0.489555 0.489555 0.489555 0.489555 0.489555 0.334228 0.489555 0.489555 0.489555 0.489555 0.489555 0.489555 0.489555 0.489555 0.489555 0.331382 0.489555 0.489555 0.489555 0.489555 0.489555 0.489555 0.489555 0.489555 0.489555 0.310014 0.489555 0.489555 0.489555 0.489555 0.489555 0.489555 0.489555 0.489555 0.489555 0.315183 0.489555 0.489555 0.489555 0.489555 0.489555 0.489555 0.489555 0.489555 0.489555 0.31 0.489555 0.489555 0.489555 0.489555 0.489555 0.489555 0.489555 0.489555 0.489555 0.31 0.489555 0.489555 0.489555 0.489555 0.489555 0.489555 0.489555 0.489555 0.489555 0.310182 0.489555 0.489555 0.489555 0.480243 0.489555 0.489555 0.310022 0.489555 0.489555 0.489555 0.489555 0.489555 0.489555 0.31 0.489555 0.489555 0.310597 0.489555 0.489555 0.489555 0.489555 0.489555 0.489555 0.45571 0.489555 0.489555 0.421071 0.489555 0.489555 0.489555 0.489555 0.489555 0.489555 0.31 0.489555 0.489555 0.415217 0.489555 0.489555 0.489555 0.489555 0.489555 0.489555 0.483315 0.489555 0.489555 0.31 0.489555 0.489555 0.489555 0.489555 0.489555 0.489555 0.310002 0.489555 0.489555 0.320108 0.489555 0.489555 0.489555 0.489555 0.489555 0.489555 0.449298 0.489555 0.489555 0.44756 0.489555 0.489555 0.489555 0.489555 0.489555 0.489555 0.479769 0.489555 0.489555 0.31 0.489555 0.489555 0.489555 0.489555 0.489555 0.489555 0.476997 0.489555 0.489555 0.310525 0.489555 0.489555 0.489555 0.489555 0.489555 0.489555 0.31 0.489555 0.489555 0.33766 0.489555 0.489555 0.489555 0.489555 0.489555 0.489555 0.489555 0.489555 0.489555 0.489555 0.489555 0.489555 0.489555 0.489555 0.489555 0.489555 0.489555 0.489555 0.489555 0.489555 0.489555 0.489555 0.489555 0.489555 0.489555 0.489555 0.489555 0.489555 0.489555 0.489555 0.489555 0.489555 0.489555 0.489555 0.489555 0.489555 0.489555 0.489555 0.489555 0.489555 0.489555 0.489555 0.489555 0.489555 0.489555 0.489555 0.489555 0.489555 0.489555 0.489555 0.489555 0.489555 0.489555 0.489555 0.489555 0.489555 0.489555 0.489555 0.489555 0.489555 0.489555 0.489555 0.489555 0.489555 0.489555 0.489555 0.489555 0.489555 0.489555 0.489555 0.489555 0.489555 0.489555 0.489555 0.489555 0.489555 0.489555 0.489555 0.489555 0.489555 0.489555 0.489555 0.489555 0.489555 0.489555 0.489555 0.489555 0.489555 0.489555 0.489555 0.489555 0.489555 0.489555 0.489555 0.489555 0.489555 0.489555 0.489555 0.489555 0.489555 0.489555 0.489555 0.489555 0.489555 0.489555 0.489555 0.489555 0.489555 0.489555 0.489555 0.489555 0.489555 0.3533 0.489555 0.489555 0.489555 0.489555 0.489555 0.489555 0.489555 0.489555 0.489555 0.310003 0.489555 0.489555 0.489555 0.489555 0.489555 0.489555 0.489555 0.489555 0.489555 0.320044 0.489555 0.489555 0.489555 0.489555 0.489555 0.489555 0.489555 0.489555 0.489555 0.31 0.489555 0.489555 0.489555 0.489555 0.489555 0.489555 0.489555 0.489555 0.489555 0.4885 0.489555 0.489555 0.489555 0.489555 0.489555 0.489555 0.489555 0.489555 0.489555 0.336811 0.489555 0.489555 0.489555 0.489555 0.489555 0.489555 0.489555 0.489555 0.489555 0.488784 0.489555 0.489555 0.489555 0.489555 0.489555 0.489555 0.489555 0.489555 0.489555 0.485949 0.489555 0.489555 0.489555 0.489555 0.489555 0.489555 0.489555 0.489555 0.489555 0.310007 0.489555 0.489555 0.489555 0.489555 0.489555 0.489555 0.489555 0.489555 0.489555 0.487817 0.489555 0.489555 0.489555 0.310022 0.489555 0.489555 0.31 0.489555 0.489555 0.489555 0.489555 0.489555 0.489555 0.31 0.489555 0.489555 0.485425 0.489555 0.489555 0.489555 0.489555 0.489555 0.489555 0.310002 0.489555 0.489555 0.31 0.489555 0.489555 0.489555 0.489555 0.489555 0.489555 0.478111 0.489555 0.489555 0.31 0.489555 0.489555 0.489555 0.489555 0.489555 0.489555 0.310672 0.489555 0.489555 0.318022 0.489555 0.489555 0.489555 0.489555 0.489555 0.489555 0.31 0.489555 0.489555 0.489029 0.489555 0.489555 0.489555 0.489555 0.489555 0.489555 0.336942 0.489555 0.489555 0.320266 0.489555 0.489555 0.489555 0.489555 0.489555 0.489555 0.485413 0.489555 0.489555 0.415339 0.489555 0.489555 0.489555 0.489555 0.489555 0.489555 0.487236 0.489555 0.489555 0.311397 0.489555 0.489555 0.489555 0.489555 0.489555 0.489555 0.310001 0.489555 0.489555 0.350753 0.489555 0.489555 0.489555 0.489555 0.489555 0.489555 0.489555 0.489555 0.489555 0.489555 0.489555 0.489555 0.489555 0.489555 0.489555 0.489555 0.489555 0.489555 0.489555 0.489555 0.489555 0.489555 0.489555 0.489555 0.489555 0.489555 0.489555 0.489555 0.489555 0.489555 0.489555 0.489555 0.489555 0.489555 0.489555 0.489555 0.489555 0.489555 0.489555 0.489555 0.489555 0.489555 0.489555 0.489555 0.489555 0.489555 0.489555 0.489555 0.489555 0.489555 0.489555 0.489555 0.489555 0.489555 0.489555 0.489555 0.489555 0.489555 0.489555 0.489555 0.489555 0.489555 0.489555 0.489555 0.489555 0.489555 0.489555 0.489555 0.489555 0.489555 0.489555 0.489555 0.489555 0.489555 0.489555 0.489555 0.489555 0.489555 0.489555 0.489555 0.489555 0.489555 0.489555 0.489555 0.489555 0.489555 0.489555 0.489555 0.489555 0.489555 0.489555 0.489555 0.489555 0.489555 0.489555 0.489555 0.489555 0.489555 0.489555 0.489555 0.489555 0.489555 0.489555 0.489555 0.489555 0.489555 0.489555 0.489555 0.489555 0.489555 0.489555 0.489555 0.310302 0.489555 0.489555 0.489555 0.489555 0.489555 0.489555 0.489555 0.489555 0.489555 0.335474 0.489555 0.489555 0.489555 0.489555 0.489555 0.489555 0.489555 0.489555 0.489555 0.31014 0.489555 0.489555 0.489555 0.489555 0.489555 0.489555 0.489555 0.489555 0.489555 0.310001 0.489555 0.489555 0.489555 0.489555 0.489555 0.489555 0.489555 0.489555 0.489555 0.31 0.489555 0.489555 0.489555 0.489555 0.489555 0.489555 0.489555 0.489555 0.489555 0.310279 0.489555 0.489555 0.489555 0.489555 0.489555 0.489555 0.489555 0.489555 0.489555 0.31 0.489555 0.489555 0.489555 0.489555 0.489555 0.489555 0.489555 0.489555 0.489555 0.310804 0.489555 0.489555 0.489555 0.489555 0.489555 0.489555 0.489555 0.489555 0.489555 0.310337 0.489555 0.489555 0.489555 0.489555 0.489555 0.489555 0.489555 0.489555 0.489555 0.31 0.489555 0.489555 0.489555 0.310034 0.489555 0.489555 0.462711 0.489555 0.489555 0.489555 0.489555 0.489555 0.489555 0.31 0.489555 0.489555 0.311051 0.489555 0.489555 0.489555 0.489555 0.489555 0.489555 0.31 0.489555 0.489555 0.488557 0.489555 0.489555 0.489555 0.489555 0.489555 0.489555 0.337802 0.489555 0.489555 0.486887 0.489555 0.489555 0.489555 0.489555 0.489555 0.489555 0.336332 0.489555 0.489555 0.31 0.489555 0.489555 0.489555 0.489555 0.489555 0.489555 0.321765 0.489555 0.489555 0.488681 0.489555 0.489555 0.489555 0.489555 0.489555 0.489555 0.310211 0.489555 0.489555 0.475611 0.489555 0.489555 0.489555 0.489555 0.489555 0.489555 0.331321 0.489555 0.489555 0.310001 0.489555 0.489555 0.489555 0.489555 0.489555 0.489555 0.479161 0.489555 0.489555 0.367646 0.489555 0.489555 0.489555 0.489555 0.489555 0.489555 0.31 0.489555 0.489555 0.310001 0.489555 0.489555 0.489555 0.489555 0.489555 0.489555 0.489555 0.489555 0.489555 0.489555 0.489555 0.489555 0.489555 0.489555 0.489555 0.489555 0.489555 0.489555 0.489555 0.489555 0.489555 0.489555 0.489555 0.489555 0.489555 0.489555 0.489555 0.489555 0.489555 0.489555 0.489555 0.489555 0.489555 0.489555 0.489555 0.489555 0.489555 0.489555 0.489555 0.489555 0.489555 0.489555 0.489555 0.489555 0.489555 0.489555 0.489555 0.489555 0.489555 0.489555 0.489555 0.489555 0.489555 0.489555 0.489555 0.489555 0.489555 0.489555 0.489555 0.489555 0.489555 0.489555 0.489555 0.489555 0.489555 0.489555 0.489555 0.489555 0.489555 0.489555 0.489555 0.489555 0.489555 0.489555 0.489555 0.489555 0.489555 0.489555 0.489555 0.489555 0.489555 0.489555 0.489555 0.489555 0.489555 0.489555 0.489555 0.489555 0.489555 0.489555 0.489555 0.489555 0.489555 0.489555 0.489555 0.489555 0.489555 0.489555 0.489555 0.489555 0.489555 0.489555 0.489555 0.489555 0.489555 0.489555 0.489555 0.489555 0.489555 0.489555 0.489555 0.489555 0.31 0.489555 0.489555 0.489555 0.489555 0.489555 0.489555 0.489555 0.489555 0.489555 0.340128 0.489555 0.489555 0.489555 0.489555 0.489555 0.489555 0.489555 0.489555 0.489555 0.45127 0.489555 0.489555 0.489555 0.489555 0.489555 0.489555 0.489555 0.489555 0.489555 0.347951 0.489555 0.489555 0.489555 0.489555 0.489555 0.489555 0.489555 0.489555 0.489555 0.33168 0.489555 0.489555 0.489555 0.489555 0.489555 0.489555 0.489555 0.489555 0.489555 0.310063 0.489555 0.489555 0.489555 0.489555 0.489555 0.489555 0.489555 0.489555 0.489555 0.31 0.489555 0.489555 0.489555 0.489555 0.489555 0.489555 0.489555 0.489555 0.489555 0.31 0.489555 0.489555 0.489555 0.489555 0.489555 0.489555 0.489555 0.489555 0.489555 0.463383 0.489555 0.489555 0.489555 0.489555 0.489555 0.489555 0.489555 0.489555 0.489555 0.429707 0.489555 0.489555 0.489555 0.489555 0.489555 0.489555 0.489555 0.489555 0.489555 0.310332 0.489555 0.489555 0.489555 0.489555 0.489555 0.489555 0.489555 0.489555 0.489555 0.345313 0.489555 0.489555 0.489555 0.489555 0.489555 0.489555 0.489555 0.489555 0.489555 0.310011 0.489555 0.489555 0.489555 0.489555 0.489555 0.489555 0.489555 0.489555 0.489555 0.310017 0.489555 0.489555 0.489555 0.489555 0.489555 0.489555 0.489555 0.489555 0.489555 0.31 0.489555 0.489555 0.489555 0.489555 0.489555 0.489555 0.489555 0.489555 0.489555 0.310177 0.489555 0.489555 0.489555 0.489555 0.489555 0.489555 0.489555 0.489555 0.489555 0.31 0.489555 0.489555 0.489555 0.489555 0.489555 0.489555 0.489555 0.489555 0.489555 0.419616 0.489555 0.489555 0.489555 0.489555 0.489555 0.489555 0.489555 0.489555 0.489555 0.31 0.489555 0.489555 0.489555 0.489555 0.489555 0.489555 0.489555 0.489555 0.489555 0.329762 0.489555 0.489555 0.489555 0.489285 0.489555 0.489555 0.31 0.489555 0.489555 0.489555 0.489555 0.489555 0.489555 0.336439 0.489555 0.489555 0.31 0.489555 0.489555 0.489555 0.489555 0.489555 0.489555 0.31 0.489555 0.489555 0.31 0.489555 0.489555 0.489555 0.489555 0.489555 0.489555 0.48625 0.489555 0.489555 0.488383 0.489555 0.489555 0.489555 0.489555 0.489555 0.489555 0.313201 0.489555 0.489555 0.489126 0.489555 0.489555 0.489555 0.489555 0.489555 0.489555 0.466142 0.489555 0.489555 0.31 0.489555 0.489555 0.489555 0.489555 0.489555 0.489555 0.439166 0.489555 0.489555 0.473651 0.489555 0.489555 0.489555 0.489555 0.489555 0.489555 0.31 0.489555 0.489555 0.395936 0.489555 0.489555 0.489555 0.489555 0.489555 0.489555 0.469046 0.489555 0.489555 0.31 0.489555 0.489555 0.489555 0.489555 0.489555 0.489555 0.318043 0.489555 0.489555 0.468605 0.489555 0.489555 0.489555 0.489555 0.489555 0.489555 0.489555 0.489555 0.489555 0.489555 0.489555 0.489555 0.489555 0.489555 0.489555 0.489555 0.489555 0.489555 0.489555 0.489555 0.489555 0.489555 0.489555 0.489555 0.489555 0.489555 0.489555 0.489555 0.489555 0.489555 0.489555 0.489555 0.489555 0.489555 0.489555 0.489555 0.489555 0.489555 0.489555 0.489555 0.489555 0.489555 0.489555 0.489555 0.489555 0.489555 0.489555 0.489555 0.489555 0.489555 0.489555 0.489555 0.489555 0.489555 0.489555 0.489555 0.489555 0.489555 0.489555 0.489555 0.489555 0.489555 0.489555 0.489555 0.489555 0.489555 0.489555 0.489555 0.489555 0.489555 0.489555 0.489555 0.489555 0.489555 0.489555 0.489555 0.489555 0.489555 0.489555 0.489555 0.489555 0.489555 0.489555 0.489555 0.489555 0.489555 0.489555 0.489555 0.489555 0.489555 0.489555 0.489555 0.489555 0.489555 0.489555 0.489555 0.489555 0.489555 0.489555 0.489555 0.489555 0.489555 0.489555 0.489555 0.489555 0.489555 0.489555 0.489555 0.489555 0.489555 0.489555 0.489555 0.315861 0.489555 0.489555 0.489555 0.489555 0.489555 0.489555 0.489555 0.489555 0.489555 0.31 0.489555 0.489555 0.489555 0.489555 0.489555 0.489555 0.489555 0.489555 0.489555 0.31 0.489555 0.489555 0.489555 0.489555 0.489555 0.489555 0.489555 0.489555 0.489555 0.484469 0.489555 0.489555 0.489555 0.489555 0.489555 0.489555 0.489555 0.489555 0.489555 0.31 0.489555 0.489555 0.489555 0.489555 0.489555 0.489555 0.489555 0.489555 0.489555 0.31 0.489555 0.489555 0.489555 0.489555 0.489555 0.489555 0.489555 0.489555 0.489555 0.485807 0.489555 0.489555 0.489555 0.489555 0.489555 0.489555 0.489555 0.489555 0.489555 0.31 0.489555 0.489555 0.489555 0.489555 0.489555 0.489555 0.489555 0.489555 0.489555 0.357221 0.489555 0.489555 0.489555 0.489555 0.489555 0.489555 0.489555 0.489555 0.489555 0.31 0.489555 0.489555 0.489555 0.310098 0.489555 0.489555 0.483312 0.489555 0.489555 0.489555 0.489555 0.489555 0.489555 0.355273 0.489555 0.489555 0.31 0.489555 0.489555 0.489555 0.489555 0.489555 0.489555 0.31 0.489555 0.489555 0.38989 0.489555 0.489555 0.489555 0.489555 0.489555 0.489555 0.310012 0.489555 0.489555 0.487588 0.489555 0.489555 0.489555 0.489555 0.489555 0.489555 0.31 0.489555 0.489555 0.480518 0.489555 0.489555 0.489555 0.489555 0.489555 0.489555 0.316429 0.489555 0.489555 0.476496 0.489555 0.489555 0.489555 0.489555 0.489555 0.489555 0.31 0.489555 0.489555 0.31 0.489555 0.489555 0.489555 0.489555 0.489555 0.489555 0.31 0.489555 0.489555 0.310002 0.489555 0.489555 0.489555 0.489555 0.489555 0.489555 0.31 0.489555 0.489555 0.329077 0.489555 0.489555 0.489555 0.489555 0.489555 0.489555 0.31 0.489555 0.489555 0.313204 0.489555 0.489555 0.489555 0.489555 0.489555 0.489555 0.489555 0.489555 0.489555 0.489555 0.489555 0.489555 0.489555 0.489555 0.489555 0.489555 0.489555 0.489555 0.489555 0.489555 0.489555 0.489555 0.489555 0.489555 0.489555 0.489555 0.489555 0.489555 0.489555 0.489555 0.489555 0.489555 0.489555 0.489555 0.489555 0.489555 0.489555 0.489555 0.489555 0.489555 0.489555 0.489555 0.489555 0.489555 0.489555 0.489555 0.489555 0.489555 0.489555 0.489555 0.489555 0.489555 0.489555 0.489555 0.489555 0.489555 0.489555 0.489555 0.489555 0.489555 0.489555 0.489555 0.489555 0.489555 0.489555 0.489555 0.489555 0.489555 0.489555 0.489555 0.489555 0.489555 0.489555 0.489555 0.489555 0.489555 0.489555 0.489555 0.489555 0.489555 0.489555 0.489555 0.489555 0.489555 0.489555 0.489555 0.489555 0.489555 0.489555 0.489555 0.489555 0.489555 0.489555 0.489555 0.489555 0.489555 0.489555 0.489555 0.489555 0.489555 0.489555 0.489555 0.489555 0.489555 0.489555 0.489555 0.489555 0.489555 0.489555 0.489555 0.489555 0.489555 0.31 0.489555 0.489555 0.489555 0.489555 0.489555 0.489555 0.489555 0.489555 0.489555 0.310001 0.489555 0.489555 0.489555 0.489555 0.489555 0.489555 0.489555 0.489555 0.489555 0.31 0.489555 0.489555 0.489555 0.489555 0.489555 0.489555 0.489555 0.489555 0.489555 0.31 0.489555 0.489555 0.489555 0.489555 0.489555 0.489555 0.489555 0.489555 0.489555 0.325236 0.489555 0.489555 0.489555 0.489555 0.489555 0.489555 0.489555 0.489555 0.489555 0.386261 0.489555 0.489555 0.489555 0.489555 0.489555 0.489555 0.489555 0.489555 0.489555 0.48888 0.489555 0.489555 0.489555 0.489555 0.489555 0.489555 0.489555 0.489555 0.489555 0.314221 0.489555 0.489555 0.489555 0.489555 0.489555 0.489555 0.489555 0.489555 0.489555 0.31 0.489555 0.489555 0.489555 0.489555 0.489555 0.489555 0.489555 0.489555 0.489555 0.31 0.489555 0.489555 0.489555 0.411404 0.489555 0.489555 0.487753 0.489555 0.489555 0.489555 0.489555 0.489555 0.489555 0.430613 0.489555 0.489555 0.486952 0.489555 0.489555 0.489555 0.489555 0.489555 0.489555 0.489054 0.489555 0.489555 0.486418 0.489555 0.489555 0.489555 0.489555 0.489555 0.489555 0.317034 0.489555 0.489555 0.31 0.489555 0.489555 0.489555 0.489555 0.489555 0.489555 0.310159 0.489555 0.489555 0.310104 0.489555 0.489555 0.489555 0.489555 0.489555 0.489555 0.310946 0.489555 0.489555 0.316935 0.489555 0.489555 0.489555 0.489555 0.489555 0.489555 0.313684 0.489555 0.489555 0.451891 0.489555 0.489555 0.489555 0.489555 0.489555 0.489555 0.310103 0.489555 0.489555 0.310076 0.489555 0.489555 0.489555 0.489555 0.489555 0.489555 0.464767 0.489555 0.489555 0.439459 0.489555 0.489555 0.489555 0.489555 0.489555 0.489555 0.487022 0.489555 0.489555 0.310357 0.489555 0.489555 0.489555 0.489555 0.489555 0.489555 0.489555 0.489555 0.489555 0.489555 0.489555 0.489555 0.489555 0.489555 0.489555 0.489555 0.489555 0.489555 0.489555 0.489555 0.489555 0.489555 0.489555 0.489555 0.489555 0.489555 0.489555 0.489555 0.489555 0.489555 0.489555 0.489555 0.489555 0.489555 0.489555 0.489555 0.489555 0.489555 0.489555 0.489555 0.489555 0.489555 0.489555 0.489555 0.489555 0.489555 0.489555 0.489555 0.489555 0.489555 0.489555 0.489555 0.489555 0.489555 0.489555 0.489555 0.489555 0.489555 0.489555 0.489555 0.489555 0.489555 0.489555 0.489555 0.489555 0.489555 0.489555 0.489555 0.489555 0.489555 0.489555 0.489555 0.489555 0.489555 0.489555 0.489555 0.489555 0.489555 0.489555 0.489555 0.489555 0.489555 0.489555 0.489555 0.489555 0.489555 0.489555 0.489555 0.489555 0.489555 0.489555 0.489555 0.489555 0.489555 0.489555 0.489555 0.489555 0.489555 0.489555 0.489555 0.489555 0.489555 0.489555 0.489555 0.489555 0.489555 0.489555 0.489555 0.489555 0.489555 0.489555 0.489555 0.310006 0.489555 0.489555 0.489555 0.489555 0.489555 0.489555 0.489555 0.489555 0.489555 0.441344 0.489555 0.489555 0.489555 0.489555 0.489555 0.489555 0.489555 0.489555 0.489555 0.367073 0.489555 0.489555 0.489555 0.489555 0.489555 0.489555 0.489555 0.489555 0.489555 0.43612 0.489555 0.489555 0.489555 0.489555 0.489555 0.489555 0.489555 0.489555 0.489555 0.310098 0.489555 0.489555 0.489555 0.489555 0.489555 0.489555 0.489555 0.489555 0.489555 0.31001 0.489555 0.489555 0.489555 0.489555 0.489555 0.489555 0.489555 0.489555 0.489555 0.310002 0.489555 0.489555 0.489555 0.489555 0.489555 0.489555 0.489555 0.489555 0.489555 0.310437 0.489555 0.489555 0.489555 0.489555 0.489555 0.489555 0.489555 0.489555 0.489555 0.373213 0.489555 0.489555 0.489555 0.489555 0.489555 0.489555 0.489555 0.489555 0.489555 0.31 0.489555 0.489555 0.489555 0.489555 0.489555 0.489555 0.489555 0.489555 0.489555 0.310001 0.489555 0.489555 0.489555 0.489555 0.489555 0.489555 0.489555 0.489555 0.489555 0.31 0.489555 0.489555 0.489555 0.489555 0.489555 0.489555 0.489555 0.489555 0.489555 0.312537 0.489555 0.489555 0.489555 0.489555 0.489555 0.489555 0.489555 0.489555 0.489555 0.31 0.489555 0.489555 0.489555 0.489555 0.489555 0.489555 0.489555 0.489555 0.489555 0.486465 0.489555 0.489555 0.489555 0.489555 0.489555 0.489555 0.489555 0.489555 0.489555 0.310047 0.489555 0.489555 0.489555 0.489555 0.489555 0.489555 0.489555 0.489555 0.489555 0.310318 0.489555 0.489555 0.489555 0.489555 0.489555 0.489555 0.489555 0.489555 0.489555 0.31 0.489555 0.489555 0.489555 0.489555 0.489555 0.489555 0.489555 0.489555 0.489555 0.310297 0.489555 0.489555 0.489555 0.489555 0.489555 0.489555 0.489555 0.489555 0.489555 0.31 0.489555 0.489555 0.489555 0.314149 0.489555 0.489555 0.470963 0.489555 0.489555 0.489555 0.489555 0.489555 0.489555 0.314461 0.489555 0.489555 0.310094 0.489555 0.489555 0.489555 0.489555 0.489555 0.489555 0.488944 0.489555 0.489555 0.315352 0.489555 0.489555 0.489555 0.489555 0.489555 0.489555 0.310044 0.489555 0.489555 0.310061 0.489555 0.489555 0.489555 0.489555 0.489555 0.489555 0.310041 0.489555 0.489555 0.3126 0.489555 0.489555 0.489555 0.489555 0.489555 0.489555 0.31 0.489555 0.489555 0.310229 0.489555 0.489555 0.489555 0.489555 0.489555 0.489555 0.310262 0.489555 0.489555 0.31 0.489555 0.489555 0.489555 0.489555 0.489555 0.489555 0.310155 0.489555 0.489555 0.31 0.489555 0.489555 0.489555 0.489555 0.489555 0.489555 0.310001 0.489555 0.489555 0.470632 0.489555 0.489555 0.489555 0.489555 0.489555 0.489555 0.475616 0.489555 0.489555 0.311413 0.489555 0.489555 0.489555 0.489555 0.489555 0.489555 0.489555 0.489555 0.489555 0.489555 0.489555 0.489555 0.489555 0.489555 0.489555 0.489555 0.489555 0.489555 0.489555 0.489555 0.489555 0.489555 0.489555 0.489555 0.489555 0.489555 0.489555 0.489555 0.489555 0.489555 0.489555 0.489555 0.489555 0.489555 0.489555 0.489555 0.489555 0.489555 0.489555 0.489555 0.489555 0.489555 0.489555 0.489555 0.489555 0.489555 0.489555 0.489555 0.489555 0.489555 0.489555 0.489555 0.489555 0.489555 0.489555 0.489555 0.489555 0.489555 0.489555 0.489555 0.489555 0.489555 0.489555 0.489555 0.489555 0.489555 0.489555 0.489555 0.489555 0.489555 0.489555 0.489555 0.489555 0.489555 0.489555 0.489555 0.489555 0.489555 0.489555 0.489555 0.489555 0.489555 0.489555 0.489555 0.489555 0.489555 0.489555 0.489555 0.489555 0.489555 0.489555 0.489555 0.489555 0.489555 0.489555 0.489555 0.489555 0.489555 0.489555 0.489555 0.489555 0.489555 0.489555 0.489555 0.489555 0.489555 0.489555 0.489555 0.489555 0.489555 0.489555 0.489555 0.48878 0.489555 0.489555 0.489555 0.489555 0.489555 0.489555 0.489555 0.489555 0.489555 0.487282 0.489555 0.489555 0.489555 0.489555 0.489555 0.489555 0.489555 0.489555 0.489555 0.310021 0.489555 0.489555 0.489555 0.489555 0.489555 0.489555 0.489555 0.489555 0.489555 0.456888 0.489555 0.489555 0.489555 0.489555 0.489555 0.489555 0.489555 0.489555 0.489555 0.318589 0.489555 0.489555 0.489555 0.489555 0.489555 0.489555 0.489555 0.489555 0.489555 0.31 0.489555 0.489555 0.489555 0.489555 0.489555 0.489555 0.489555 0.489555 0.489555 0.356904 0.489555 0.489555 0.489555 0.489555 0.489555 0.489555 0.489555 0.489555 0.489555 0.310176 0.489555 0.489555 0.489555 0.489555 0.489555 0.489555 0.489555 0.489555 0.489555 0.411383 0.489555 0.489555 0.489555 0.489555 0.489555 0.489555 0.489555 0.489555 0.489555 0.31 0.489555 0.489555 0.489555 0.480983 0.489555 0.489555 0.465343 0.489555 0.489555 0.489555 0.489555 0.489555 0.489555 0.31 0.489555 0.489555 0.458352 0.489555 0.489555 0.489555 0.489555 0.489555 0.489555 0.332596 0.489555 0.489555 0.326353 0.489555 0.489555 0.489555 0.489555 0.489555 0.489555 0.343723 0.489555 0.489555 0.48255 0.489555 0.489555 0.489555 0.489555 0.489555 0.489555 0.31 0.489555 0.489555 0.363701 0.489555 0.489555 0.489555 0.489555 0.489555 0.489555 0.436302 0.489555 0.489555 0.310052 0.489555 0.489555 0.489555 0.489555 0.489555 0.489555 0.332348 0.489555 0.489555 0.31 0.489555 0.489555 0.489555 0.489555 0.489555 0.489555 0.31171 0.489555 0.489555 0.485773 0.489555 0.489555 0.489555 0.489555 0.489555 0.489555 0.31 0.489555 0.489555 0.310045 0.489555 0.489555 0.489555 0.489555 0.489555 0.489555 0.430456 0.489555 0.489555 0.31 0.489555 0.489555 0.489555 0.489555 0.489555 0.489555 0.489555 0.489555 0.489555 0.489555 0.489555 0.489555 0.489555 0.489555 0.489555 0.489555 0.489555 0.489555 0.489555 0.489555 0.489555 0.489555 0.489555 0.489555 0.489555 0.489555 0.489555 0.489555 0.489555 0.489555 0.489555 0.489555 0.489555 0.489555 0.489555 0.489555 0.489555 0.489555 0.489555 0.489555 0.489555 0.489555 0.489555 0.489555 0.489555 0.489555 0.489555 0.489555 0.489555 0.489555 0.489555 0.489555 0.489555 0.489555 0.489555 0.489555 0.489555 0.489555 0.489555 0.489555 0.489555 0.489555 0.489555 0.489555 0.489555 0.489555 0.489555 0.489555 0.489555 0.489555 0.489555 0.489555 0.489555 0.489555 0.489555 0.489555 0.489555 0.489555 0.489555 0.489555 0.489555 0.489555 0.489555 0.489555 0.489555 0.489555 0.489555 0.489555 0.489555 0.489555 0.489555 0.489555 0.489555 0.489555 0.489555 0.489555 0.489555 0.489555 0.489555 0.489555 0.489555 0.489555 0.489555 0.489555 0.489555 0.489555 0.489555 0.489555 0.489555 0.489555 0.489555 0.489555 0.31 0.489555 0.489555 0.489555 0.489555 0.489555 0.489555 0.489555 0.489555 0.489555 0.31 0.489555 0.489555 0.489555 0.489555 0.489555 0.489555 0.489555 0.489555 0.489555 0.310074 0.489555 0.489555 0.489555 0.489555 0.489555 0.489555 0.489555 0.489555 0.489555 0.31 0.489555 0.489555 0.489555 0.489555 0.489555 0.489555 0.489555 0.489555 0.489555 0.31 0.489555 0.489555 0.489555 0.489555 0.489555 0.489555 0.489555 0.489555 0.489555 0.310323 0.489555 0.489555 0.489555 0.489555 0.489555 0.489555 0.489555 0.489555 0.489555 0.31 0.489555 0.489555 0.489555 0.489555 0.489555 0.489555 0.489555 0.489555 0.489555 0.35394 0.489555 0.489555 0.489555 0.489555 0.489555 0.489555 0.489555 0.489555 0.489555 0.488455 0.489555 0.489555 0.489555 0.489555 0.489555 0.489555 0.489555 0.489555 0.489555 0.462319 0.489555 0.489555 0.489555 0.478172 0.489555 0.489555 0.317895 0.489555 0.489555 0.489555 0.489555 0.489555 0.489555 0.419079 0.489555 0.489555 0.315204 0.489555 0.489555 0.489555 0.489555 0.489555 0.489555 0.354419 0.489555 0.489555 0.314433 0.489555 0.489555 0.489555 0.489555 0.489555 0.489555 0.31 0.489555 0.489555 0.430764 0.489555 0.489555 0.489555 0.489555 0.489555 0.489555 0.310064 0.489555 0.489555 0.310241 0.489555 0.489555 0.489555 0.489555 0.489555 0.489555 0.462391 0.489555 0.489555 0.310002 0.489555 0.489555 0.489555 0.489555 0.489555 0.489555 0.31 0.489555 0.489555 0.312083 0.489555 0.489555 0.489555 0.489555 0.489555 0.489555 0.407416 0.489555 0.489555 0.485881 0.489555 0.489555 0.489555 0.489555 0.489555 0.489555 0.42921 0.489555 0.489555 0.310002 0.489555 0.489555 0.489555 0.489555 0.489555 0.489555 0.366313 0.489555 0.489555 0.478888 0.489555 0.489555 0.489555 0.489555 0.489555 0.489555 0.489555 0.489555 0.489555 0.489555 0.489555 0.489555 0.489555 0.489555 0.489555 0.489555 0.489555 0.489555 0.489555 0.489555 0.489555 0.489555 0.489555 0.489555 0.489555 0.489555 0.489555 0.489555 0.489555 0.489555 0.489555 0.489555 0.489555 0.489555 0.489555 0.489555 0.489555 0.489555 0.489555 0.489555 0.489555 0.489555 0.489555 0.489555 0.489555 0.489555 0.489555 0.489555 0.489555 0.489555 0.489555 0.489555 0.489555 0.489555 0.489555 0.489555 0.489555 0.489555 0.489555 0.489555 0.489555 0.489555 0.489555 0.489555 0.489555 0.489555 0.489555 0.489555 0.489555 0.489555 0.489555 0.489555 0.489555 0.489555 0.489555 0.489555 0.489555 0.489555 0.489555 0.489555 0.489555 0.489555 0.489555 0.489555 0.489555 0.489555 0.489555 0.489555 0.489555 0.489555 0.489555 0.489555 0.489555 0.489555 0.489555 0.489555 0.489555 0.489555 0.489555 0.489555 0.489555 0.489555 0.489555 0.489555 0.489555 0.489555 0.489555 0.489555 0.489555 0.489555 0.489555 0.489555 0.310018 0.489555 0.489555 0.489555 0.489555 0.489555 0.489555 0.489555 0.489555 0.489555 0.48937 0.489555 0.489555 0.489555 0.489555 0.489555 0.489555 0.489555 0.489555 0.489555 0.333066 0.489555 0.489555 0.489555 0.489555 0.489555 0.489555 0.489555 0.489555 0.489555 0.31183 0.489555 0.489555 0.489555 0.489555 0.489555 0.489555 0.489555 0.489555 0.489555 0.310012 0.489555 0.489555 0.489555 0.489555 0.489555 0.489555 0.489555 0.489555 0.489555 0.31 0.489555 0.489555 0.489555 0.489555 0.489555 0.489555 0.489555 0.489555 0.489555 0.310516 0.489555 0.489555 0.489555 0.489555 0.489555 0.489555 0.489555 0.489555 0.489555 0.31 0.489555 0.489555 0.489555 0.489555 0.489555 0.489555 0.489555 0.489555 0.489555 0.31 0.489555 0.489555 0.489555 0.489555 0.489555 0.489555 0.489555 0.489555 0.489555 0.31 0.489555 0.489555 0.489555 0.489555 0.489555 0.489555 0.489555 0.489555 0.489555 0.314384 0.489555 0.489555 0.489555 0.489555 0.489555 0.489555 0.489555 0.489555 0.489555 0.310086 0.489555 0.489555 0.489555 0.489555 0.489555 0.489555 0.489555 0.489555 0.489555 0.331363 0.489555 0.489555 0.489555 0.489555 0.489555 0.489555 0.489555 0.489555 0.489555 0.310003 0.489555 0.489555 0.489555 0.489555 0.489555 0.489555 0.489555 0.489555 0.489555 0.377993 0.489555 0.489555 0.489555 0.489555 0.489555 0.489555 0.489555 0.489555 0.489555 0.488154 0.489555 0.489555 0.489555 0.489555 0.489555 0.489555 0.489555 0.489555 0.489555 0.31 0.489555 0.489555 0.489555 0.489555 0.489555 0.489555 0.489555 0.489555 0.489555 0.312592 0.489555 0.489555 0.489555 0.489555 0.489555 0.489555 0.489555 0.489555 0.489555 0.488282 0.489555 0.489555 0.489555 0.489555 0.489555 0.489555 0.489555 0.489555 0.489555 0.478351 0.489555 0.489555 0.489555 0.484027 0.489555 0.489555 0.310006 0.489555 0.489555 0.489555 0.489555 0.489555 0.489555 0.31 0.489555 0.489555 0.310012 0.489555 0.489555 0.489555 0.489555 0.489555 0.489555 0.31 0.489555 0.489555 0.440445 0.489555 0.489555 0.489555 0.489555 0.489555 0.489555 0.31 0.489555 0.489555 0.480534 0.489555 0.489555 0.489555 0.489555 0.489555 0.489555 0.467479 0.489555 0.489555 0.476061 0.489555 0.489555 0.489555 0.489555 0.489555 0.489555 0.31 0.489555 0.489555 0.486303 0.489555 0.489555 0.489555 0.489555 0.489555 0.489555 0.310001 0.489555 0.489555 0.410367 0.489555 0.489555 0.489555 0.489555 0.489555 0.489555 0.310026 0.489555 0.489555 0.310041 0.489555 0.489555 0.489555 0.489555 0.489555 0.489555 0.433185 0.489555 0.489555 0.31 0.489555 0.489555 0.489555 0.489555 0.489555 0.489555 0.311275 0.489555 0.489555 0.464692 0.489555 0.489555 0.489555 0.489555 0.489555 0.489555 0.489555 0.489555 0.489555 0.489555 0.489555 0.489555 0.489555 0.489555 0.489555 0.489555 0.489555 0.489555 0.489555 0.489555 0.489555 0.489555 0.489555 0.489555 0.489555 0.489555 0.489555 0.489555 0.489555 0.489555 0.489555 0.489555 0.489555 0.489555 0.489555 0.489555 0.489555 0.489555 0.489555 0.489555 0.489555 0.489555 0.489555 0.489555 0.489555 0.489555 0.489555 0.489555 0.489555 0.489555 0.489555 0.489555 0.489555 0.489555 0.489555 0.489555 0.489555 0.489555 0.489555 0.489555 0.489555 0.489555 0.489555 0.489555 0.489555 0.489555 0.489555 0.489555 0.489555 0.489555 0.489555 0.489555 0.489555 0.489555 0.489555 0.489555 0.489555 0.489555 0.489555 0.489555 0.489555 0.489555 0.489555 0.489555 0.489555 0.489555 0.489555 0.489555 0.489555 0.489555 0.489555 0.489555 0.489555 0.489555 0.489555 0.489555 0.489555 0.489555 0.489555 0.489555 0.489555 0.489555 0.489555 0.489555 0.489555 0.489555 0.489555 0.489555 0.489555 0.489555 0.489555 0.489555 0.312574 0.489555 0.489555 0.489555 0.489555 0.489555 0.489555 0.489555 0.489555 0.489555 0.447478 0.489555 0.489555 0.489555 0.489555 0.489555 0.489555 0.489555 0.489555 0.489555 0.31 0.489555 0.489555 0.489555 0.489555 0.489555 0.489555 0.489555 0.489555 0.489555 0.469483 0.489555 0.489555 0.489555 0.489555 0.489555 0.489555 0.489555 0.489555 0.489555 0.310454 0.489555 0.489555 0.489555 0.489555 0.489555 0.489555 0.489555 0.489555 0.489555 0.321918 0.489555 0.489555 0.489555 0.489555 0.489555 0.489555 0.489555 0.489555 0.489555 0.35651 0.489555 0.489555 0.489555 0.489555 0.489555 0.489555 0.489555 0.489555 0.489555 0.31 0.489555 0.489555 0.489555 0.489555 0.489555 0.489555 0.489555 0.489555 0.489555 0.310111 0.489555 0.489555 0.489555 0.489555 0.489555 0.489555 0.489555 0.489555 0.489555 0.355599 0.489555 0.489555 0.489555 0.459053 0.489555 0.489555 0.396655 0.489555 0.489555 0.489555 0.489555 0.489555 0.489555 0.310601 0.489555 0.489555 0.415402 0.489555 0.489555 0.489555 0.489555 0.489555 0.489555 0.336462 0.489555 0.489555 0.310296 0.489555 0.489555 0.489555 0.489555 0.489555 0.489555 0.488363 0.489555 0.489555 0.475756 0.489555 0.489555 0.489555 0.489555 0.489555 0.489555 0.31002 0.489555 0.489555 0.485127 0.489555 0.489555 0.489555 0.489555 0.489555 0.489555 0.31 0.489555 0.489555 0.324359 0.489555 0.489555 0.489555 0.489555 0.489555 0.489555 0.488902 0.489555 0.489555 0.483539 0.489555 0.489555 0.489555 0.489555 0.489555 0.489555 0.331458 0.489555 0.489555 0.339522 0.489555 0.489555 0.489555 0.489555 0.489555 0.489555 0.483624 0.489555 0.489555 0.31 0.489555 0.489555 0.489555 0.489555 0.489555 0.489555 0.48401 0.489555 0.489555 0.318102 0.489555 0.489555 0.489555 0.489555 0.489555 0.489555 0.489555 0.489555 0.489555 0.489555 0.489555 0.489555 0.489555 0.489555 0.489555 0.489555 0.489555 0.489555 0.489555 0.489555 0.489555 0.489555 0.489555 0.489555 0.489555 0.489555 0.489555 0.489555 0.489555 0.489555 0.489555 0.489555 0.489555 0.489555 0.489555 0.489555 0.489555 0.489555 0.489555 0.489555 0.489555 0.489555 0.489555 0.489555 0.489555 0.489555 0.489555 0.489555 0.489555 0.489555 0.489555 0.489555 0.489555 0.489555 0.489555 0.489555 0.489555 0.489555 0.489555 0.489555 0.489555 0.489555 0.489555 0.489555 0.489555 0.489555 0.489555 0.489555 0.489555 0.489555 0.489555 0.489555 0.489555 0.489555 0.489555 0.489555 0.489555 0.489555 0.489555 0.489555 0.489555 0.489555 0.489555 0.489555 0.489555 0.489555 0.489555 0.489555 0.489555 0.489555 0.489555 0.489555 0.489555 0.489555 0.489555 0.489555 0.489555 0.489555 0.489555 0.489555 0.489555 0.489555 0.489555 0.489555 0.489555 0.489555 0.489555 0.489555 0.489555 0.489555 0.489555 0.489555 0.355609 0.489555 0.489555 0.489555 0.489555 0.489555 0.489555 0.489555 0.489555 0.489555 0.433744 0.489555 0.489555 0.489555 0.489555 0.489555 0.489555 0.489555 0.489555 0.489555 0.381098 0.489555 0.489555 0.489555 0.489555 0.489555 0.489555 0.489555 0.489555 0.489555 0.379113 0.489555 0.489555 0.489555 0.489555 0.489555 0.489555 0.489555 0.489555 0.489555 0.489341 0.489555 0.489555 0.489555 0.489555 0.489555 0.489555 0.489555 0.489555 0.489555 0.374298 0.489555 0.489555 0.489555 0.489555 0.489555 0.489555 0.489555 0.489555 0.489555 0.310482 0.489555 0.489555 0.489555 0.489555 0.489555 0.489555 0.489555 0.489555 0.489555 0.31 0.489555 0.489555 0.489555 0.489555 0.489555 0.489555 0.489555 0.489555 0.489555 0.479186 0.489555 0.489555 0.489555 0.489555 0.489555 0.489555 0.489555 0.489555 0.489555 0.48049 0.489555 0.489555 0.489555 0.310443 0.489555 0.489555 0.327733 0.489555 0.489555 0.489555 0.489555 0.489555 0.489555 0.38773 0.489555 0.489555 0.310004 0.489555 0.489555 0.489555 0.489555 0.489555 0.489555 0.310372 0.489555 0.489555 0.310035 0.489555 0.489555 0.489555 0.489555 0.489555 0.489555 0.485561 0.489555 0.489555 0.48618 0.489555 0.489555 0.489555 0.489555 0.489555 0.489555 0.31 0.489555 0.489555 0.486592 0.489555 0.489555 0.489555 0.489555 0.489555 0.489555 0.389353 0.489555 0.489555 0.31 0.489555 0.489555 0.489555 0.489555 0.489555 0.489555 0.311005 0.489555 0.489555 0.310611 0.489555 0.489555 0.489555 0.489555 0.489555 0.489555 0.31001 0.489555 0.489555 0.486651 0.489555 0.489555 0.489555 0.489555 0.489555 0.489555 0.484639 0.489555 0.489555 0.31 0.489555 0.489555 0.489555 0.489555 0.489555 0.489555 0.310004 0.489555 0.489555 0.409911 0.489555 0.489555 0.489555 0.489555 0.489555 0.489555 0.489555 0.489555 0.489555 0.489555 0.489555 0.489555 0.489555 0.489555 0.489555 0.489555 0.489555 0.489555 0.489555 0.489555 0.489555 0.489555 0.489555 0.489555 0.489555 0.489555 0.489555 0.489555 0.489555 0.489555 0.489555 0.489555 0.489555 0.489555 0.489555 0.489555 0.489555 0.489555 0.489555 0.489555 0.489555 0.489555 0.489555 0.489555 0.489555 0.489555 0.489555 0.489555 0.489555 0.489555 0.489555 0.489555 0.489555 0.489555 0.489555 0.489555 0.489555 0.489555 0.489555 0.489555 0.489555 0.489555 0.489555 0.489555 0.489555 0.489555 0.489555 0.489555 0.489555 0.489555 0.489555 0.489555 0.489555 0.489555 0.489555 0.489555 0.489555 0.489555 0.489555 0.489555 0.489555 0.489555 0.489555 0.489555 0.489555 0.489555 0.489555 0.489555 0.489555 0.489555 0.489555 0.489555 0.489555 0.489555 0.489555 0.489555 0.489555 0.489555 0.489555 0.489555 0.489555 0.489555 0.489555 0.489555 0.489555 0.489555 0.489555 0.489555 0.489555 0.489555 0.489555 0.489555 0.31 0.489555 0.489555 0.489555 0.489555 0.489555 0.489555 0.489555 0.489555 0.489555 0.31 0.489555 0.489555 0.489555 0.489555 0.489555 0.489555 0.489555 0.489555 0.489555 0.410077 0.489555 0.489555 0.489555 0.489555 0.489555 0.489555 0.489555 0.489555 0.489555 0.31 0.489555 0.489555 0.489555 0.489555 0.489555 0.489555 0.489555 0.489555 0.489555 0.464197 0.489555 0.489555 0.489555 0.489555 0.489555 0.489555 0.489555 0.489555 0.489555 0.488304 0.489555 0.489555 0.489555 0.489555 0.489555 0.489555 0.489555 0.489555 0.489555 0.317319 0.489555 0.489555 0.489555 0.489555 0.489555 0.489555 0.489555 0.489555 0.489555 0.310003 0.489555 0.489555 0.489555 0.489555 0.489555 0.489555 0.489555 0.489555 0.489555 0.31 0.489555 0.489555 0.489555 0.489555 0.489555 0.489555 0.489555 0.489555 0.489555 0.486716 0.489555 0.489555 0.489555 0.489555 0.489555 0.489555 0.489555 0.489555 0.489555 0.375585 0.489555 0.489555 0.489555 0.489555 0.489555 0.489555 0.489555 0.489555 0.489555 0.406795 0.489555 0.489555 0.489555 0.489555 0.489555 0.489555 0.489555 0.489555 0.489555 0.322125 0.489555 0.489555 0.489555 0.489555 0.489555 0.489555 0.489555 0.489555 0.489555 0.403116 0.489555 0.489555 0.489555 0.489555 0.489555 0.489555 0.489555 0.489555 0.489555 0.31 0.489555 0.489555 0.489555 0.489555 0.489555 0.489555 0.489555 0.489555 0.489555 0.31 0.489555 0.489555 0.489555 0.489555 0.489555 0.489555 0.489555 0.489555 0.489555 0.310058 0.489555 0.489555 0.489555 0.489555 0.489555 0.489555 0.489555 0.489555 0.489555 0.470423 0.489555 0.489555 0.489555 0.489555 0.489555 0.489555 0.489555 0.489555 0.489555 0.310004 0.489555 0.489555 0.489555 0.489555 0.489555 0.489555 0.489555 0.489555 0.489555 0.310006 0.489555 0.489555 0.489555 0.432931 0.489555 0.489555 0.471745 0.489555 0.489555 0.489555 0.489555 0.489555 0.489555 0.489229 0.489555 0.489555 0.31 0.489555 0.489555 0.489555 0.489555 0.489555 0.489555 0.310056 0.489555 0.489555 0.31 0.489555 0.489555 0.489555 0.489555 0.489555 0.489555 0.31 0.489555 0.489555 0.310052 0.489555 0.489555 0.489555 0.489555 0.489555 0.489555 0.31 0.489555 0.489555 0.488214 0.489555 0.489555 0.489555 0.489555 0.489555 0.489555 0.419427 0.489555 0.489555 0.484299 0.489555 0.489555 0.489555 0.489555 0.489555 0.489555 0.448669 0.489555 0.489555 0.310539 0.489555 0.489555 0.489555 0.489555 0.489555 0.489555 0.488583 0.489555 0.489555 0.31 0.489555 0.489555 0.489555 0.489555 0.489555 0.489555 0.314187 0.489555 0.489555 0.449571 0.489555 0.489555 0.489555 0.489555 0.489555 0.489555 0.4872 0.489555 0.489555 0.465001 0.489555 0.489555 0.489555 0.489555 0.489555 0.489555 0.489555 0.489555 0.489555 0.489555 0.489555 0.489555 0.489555 0.489555 0.489555 0.489555 0.489555 0.489555 0.489555 0.489555 0.489555 0.489555 0.489555 0.489555 0.489555 0.489555 0.489555 0.489555 0.489555 0.489555 0.489555 0.489555 0.489555 0.489555 0.489555 0.489555 0.489555 0.489555 0.489555 0.489555 0.489555 0.489555 0.489555 0.489555 0.489555 0.489555 0.489555 0.489555 0.489555 0.489555 0.489555 0.489555 0.489555 0.489555 0.489555 0.489555 0.489555 0.489555 0.489555 0.489555 0.489555 0.489555 0.489555 0.489555 0.489555 0.489555 0.489555 0.489555 0.489555 0.489555 0.489555 0.489555 0.489555 0.489555 0.489555 0.489555 0.489555 0.489555 0.489555 0.489555 0.489555 0.489555 0.489555 0.489555 0.489555 0.489555 0.489555 0.489555 0.489555 0.489555 0.489555 0.489555 0.489555 0.489555 0.489555 0.489555 0.489555 0.489555 0.489555 0.489555 0.489555 0.489555 0.489555 0.489555 0.489555 0.489555 0.489555 0.489555 0.489555 0.489555 0.489555 0.489555 0.31 0.489555 0.489555 0.489555 0.489555 0.489555 0.489555 0.489555 0.489555 0.489555 0.486146 0.489555 0.489555 0.489555 0.489555 0.489555 0.489555 0.489555 0.489555 0.489555 0.31 0.489555 0.489555 0.489555 0.489555 0.489555 0.489555 0.489555 0.489555 0.489555 0.472026 0.489555 0.489555 0.489555 0.489555 0.489555 0.489555 0.489555 0.489555 0.489555 0.489217 0.489555 0.489555 0.489555 0.489555 0.489555 0.489555 0.489555 0.489555 0.489555 0.46624 0.489555 0.489555 0.489555 0.489555 0.489555 0.489555 0.489555 0.489555 0.489555 0.482083 0.489555 0.489555 0.489555 0.489555 0.489555 0.489555 0.489555 0.489555 0.489555 0.424569 0.489555 0.489555 0.489555 0.489555 0.489555 0.489555 0.489555 0.489555 0.489555 0.319119 0.489555 0.489555 0.489555 0.489555 0.489555 0.489555 0.489555 0.489555 0.489555 0.31 0.489555 0.489555 0.489555 0.31 0.489555 0.489555 0.333024 0.489555 0.489555 0.489555 0.489555 0.489555 0.489555 0.310001 0.489555 0.489555 0.310001 0.489555 0.489555 0.489555 0.489555 0.489555 0.489555 0.31 0.489555 0.489555 0.488394 0.489555 0.489555 0.489555 0.489555 0.489555 0.489555 0.31103 0.489555 0.489555 0.31 0.489555 0.489555 0.489555 0.489555 0.489555 0.489555 0.31 0.489555 0.489555 0.410403 0.489555 0.489555 0.489555 0.489555 0.489555 0.489555 0.31 0.489555 0.489555 0.404571 0.489555 0.489555 0.489555 0.489555 0.489555 0.489555 0.31 0.489555 0.489555 0.31 0.489555 0.489555 0.489555 0.489555 0.489555 0.489555 0.434509 0.489555 0.489555 0.31 0.489555 0.489555 0.489555 0.489555 0.489555 0.489555 0.344627 0.489555 0.489555 0.31 0.489555 0.489555 0.489555 0.489555 0.489555 0.489555 0.433717 0.489555 0.489555 0.485141 0.489555 0.489555 0.489555 0.489555 0.489555 0.489555 0.489555 0.489555 0.489555 0.489555 0.489555 0.489555 0.489555 0.489555 0.489555 0.489555 0.489555 0.489555 0.489555 0.489555 0.489555 0.489555 0.489555 0.489555 0.489555 0.489555 0.489555 0.489555 0.489555 0.489555 0.489555 0.489555 0.489555 0.489555 0.489555 0.489555 0.489555 0.489555 0.489555 0.489555 0.489555 0.489555 0.489555 0.489555 0.489555 0.489555 0.489555 0.489555 0.489555 0.489555 0.489555 0.489555 0.489555 0.489555 0.489555 0.489555 0.489555 0.489555 0.489555 0.489555 0.489555 0.489555 0.489555 0.489555 0.489555 0.489555 0.489555 0.489555 0.489555 0.489555 0.489555 0.489555 0.489555 0.489555 0.489555 0.489555 0.489555 0.489555 0.489555 0.489555 0.489555 0.489555 0.489555 0.489555 0.489555 0.489555 0.489555 0.489555 0.489555 0.489555 0.489555 0.489555 0.489555 0.489555 0.489555 0.489555 0.489555 0.489555 0.489555 0.489555 0.489555 0.489555 0.489555 0.489555 0.489555 0.489555 0.489555 0.489555 0.489555 0.489555 0.489555 0.489555 0.370927 0.489555 0.489555 0.489555 0.489555 0.489555 0.489555 0.489555 0.489555 0.489555 0.31 0.489555 0.489555 0.489555 0.489555 0.489555 0.489555 0.489555 0.489555 0.489555 0.310015 0.489555 0.489555 0.489555 0.489555 0.489555 0.489555 0.489555 0.489555 0.489555 0.320796 0.489555 0.489555 0.489555 0.489555 0.489555 0.489555 0.489555 0.489555 0.489555 0.310151 0.489555 0.489555 0.489555 0.489555 0.489555 0.489555 0.489555 0.489555 0.489555 0.367464 0.489555 0.489555 0.489555 0.489555 0.489555 0.489555 0.489555 0.489555 0.489555 0.310793 0.489555 0.489555 0.489555 0.489555 0.489555 0.489555 0.489555 0.489555 0.489555 0.31 0.489555 0.489555 0.489555 0.489555 0.489555 0.489555 0.489555 0.489555 0.489555 0.315952 0.489555 0.489555 0.489555 0.489555 0.489555 0.489555 0.489555 0.489555 0.489555 0.315347 0.489555 0.489555 0.489555 0.489149 0.489555 0.489555 0.406732 0.489555 0.489555 0.489555 0.489555 0.489555 0.489555 0.31 0.489555 0.489555 0.31 0.489555 0.489555 0.489555 0.489555 0.489555 0.489555 0.433963 0.489555 0.489555 0.31 0.489555 0.489555 0.489555 0.489555 0.489555 0.489555 0.31 0.489555 0.489555 0.310769 0.489555 0.489555 0.489555 0.489555 0.489555 0.489555 0.31 0.489555 0.489555 0.310199 0.489555 0.489555 0.489555 0.489555 0.489555 0.489555 0.324421 0.489555 0.489555 0.400287 0.489555 0.489555 0.489555 0.489555 0.489555 0.489555 0.31 0.489555 0.489555 0.444499 0.489555 0.489555 0.489555 0.489555 0.489555 0.489555 0.31 0.489555 0.489555 0.487832 0.489555 0.489555 0.489555 0.489555 0.489555 0.489555 0.320156 0.489555 0.489555 0.310004 0.489555 0.489555 0.489555 0.489555 0.489555 0.489555 0.310015 0.489555 0.489555 0.31 0.489555 0.489555 0.489555 0.489555 0.489555 0.489555 0.489555 0.489555 0.489555 0.489555 0.489555 0.489555 0.489555 0.489555 0.489555 0.489555 0.489555 0.489555 0.489555 0.489555 0.489555 0.489555 0.489555 0.489555 0.489555 0.489555 0.489555 0.489555 0.489555 0.489555 0.489555 0.489555 0.489555 0.489555 0.489555 0.489555 0.489555 0.489555 0.489555 0.489555 0.489555 0.489555 0.489555 0.489555 0.489555 0.489555 0.489555 0.489555 0.489555 0.489555 0.489555 0.489555 0.489555 0.489555 0.489555 0.489555 0.489555 0.489555 0.489555 0.489555 0.489555 0.489555 0.489555 0.489555 0.489555 0.489555 0.489555 0.489555 0.489555 0.489555 0.489555 0.489555 0.489555 0.489555 0.489555 0.489555 0.489555 0.489555 0.489555 0.489555 0.489555 0.489555 0.489555 0.489555 0.489555 0.489555 0.489555 0.489555 0.489555 0.489555 0.489555 0.489555 0.489555 0.489555 0.489555 0.489555 0.489555 0.489555 0.489555 0.489555 0.489555 0.489555 0.489555 0.489555 0.489555 0.489555 0.489555 0.489555 0.489555 0.489555 0.489555 0.489555 0.399465 0.489555 0.489555 0.489555 0.489555 0.489555 0.489555 0.489555 0.489555 0.489555 0.31534 0.489555 0.489555 0.489555 0.489555 0.489555 0.489555 0.489555 0.489555 0.489555 0.310219 0.489555 0.489555 0.489555 0.489555 0.489555 0.489555 0.489555 0.489555 0.489555 0.31 0.489555 0.489555 0.489555 0.489555 0.489555 0.489555 0.489555 0.489555 0.489555 0.486233 0.489555 0.489555 0.489555 0.489555 0.489555 0.489555 0.489555 0.489555 0.489555 0.340288 0.489555 0.489555 0.489555 0.489555 0.489555 0.489555 0.489555 0.489555 0.489555 0.325565 0.489555 0.489555 0.489555 0.489555 0.489555 0.489555 0.489555 0.489555 0.489555 0.4883 0.489555 0.489555 0.489555 0.489555 0.489555 0.489555 0.489555 0.489555 0.489555 0.316689 0.489555 0.489555 0.489555 0.489555 0.489555 0.489555 0.489555 0.489555 0.489555 0.31 0.489555 0.489555 0.489555 0.489555 0.489555 0.489555 0.489555 0.489555 0.489555 0.312885 0.489555 0.489555 0.489555 0.489555 0.489555 0.489555 0.489555 0.489555 0.489555 0.31 0.489555 0.489555 0.489555 0.489555 0.489555 0.489555 0.489555 0.489555 0.489555 0.484783 0.489555 0.489555 0.489555 0.489555 0.489555 0.489555 0.489555 0.489555 0.489555 0.310001 0.489555 0.489555 0.489555 0.489555 0.489555 0.489555 0.489555 0.489555 0.489555 0.447828 0.489555 0.489555 0.489555 0.489555 0.489555 0.489555 0.489555 0.489555 0.489555 0.310075 0.489555 0.489555 0.489555 0.489555 0.489555 0.489555 0.489555 0.489555 0.489555 0.465029 0.489555 0.489555 0.489555 0.489555 0.489555 0.489555 0.489555 0.489555 0.489555 0.31 0.489555 0.489555 0.489555 0.489555 0.489555 0.489555 0.489555 0.489555 0.489555 0.488098 0.489555 0.489555 0.489555 0.489555 0.489555 0.489555 0.489555 0.489555 0.489555 0.448483 0.489555 0.489555 0.489555 0.327141 0.489555 0.489555 0.310136 0.489555 0.489555 0.489555 0.489555 0.489555 0.489555 0.466614 0.489555 0.489555 0.31 0.489555 0.489555 0.489555 0.489555 0.489555 0.489555 0.388665 0.489555 0.489555 0.31 0.489555 0.489555 0.489555 0.489555 0.489555 0.489555 0.31007 0.489555 0.489555 0.310656 0.489555 0.489555 0.489555 0.489555 0.489555 0.489555 0.488615 0.489555 0.489555 0.31 0.489555 0.489555 0.489555 0.489555 0.489555 0.489555 0.390421 0.489555 0.489555 0.310765 0.489555 0.489555 0.489555 0.489555 0.489555 0.489555 0.310018 0.489555 0.489555 0.31 0.489555 0.489555 0.489555 0.489555 0.489555 0.489555 0.32809 0.489555 0.489555 0.357978 0.489555 0.489555 0.489555 0.489555 0.489555 0.489555 0.310037 0.489555 0.489555 0.311319 0.489555 0.489555 0.489555 0.489555 0.489555 0.489555 0.310008 0.489555 0.489555 0.483194 0.489555 0.489555 0.489555 0.489555 0.489555 0.489555 0.489555 0.489555 0.489555 0.489555 0.489555 0.489555 0.489555 0.489555 0.489555 0.489555 0.489555 0.489555 0.489555 0.489555 0.489555 0.489555 0.489555 0.489555 0.489555 0.489555 0.489555 0.489555 0.489555 0.489555 0.489555 0.489555 0.489555 0.489555 0.489555 0.489555 0.489555 0.489555 0.489555 0.489555 0.489555 0.489555 0.489555 0.489555 0.489555 0.489555 0.489555 0.489555 0.489555 0.489555 0.489555 0.489555 0.489555 0.489555 0.489555 0.489555 0.489555 0.489555 0.489555 0.489555 0.489555 0.489555 0.489555 0.489555 0.489555 0.489555 0.489555 0.489555 0.489555 0.489555 0.489555 0.489555 0.489555 0.489555 0.489555 0.489555 0.489555 0.489555 0.489555 0.489555 0.489555 0.489555 0.489555 0.489555 0.489555 0.489555 0.489555 0.489555 0.489555 0.489555 0.489555 0.489555 0.489555 0.489555 0.489555 0.489555 0.489555 0.489555 0.489555 0.489555 0.489555 0.489555 0.489555 0.489555 0.489555 0.489555 0.489555 0.489555 0.489555 0.489555 0.489555 0.489555 0.449819 0.489555 0.489555 0.489555 0.489555 0.489555 0.489555 0.489555 0.489555 0.489555 0.433063 0.489555 0.489555 0.489555 0.489555 0.489555 0.489555 0.489555 0.489555 0.489555 0.31 0.489555 0.489555 0.489555 0.489555 0.489555 0.489555 0.489555 0.489555 0.489555 0.485526 0.489555 0.489555 0.489555 0.489555 0.489555 0.489555 0.489555 0.489555 0.489555 0.323827 0.489555 0.489555 0.489555 0.489555 0.489555 0.489555 0.489555 0.489555 0.489555 0.310484 0.489555 0.489555 0.489555 0.489555 0.489555 0.489555 0.489555 0.489555 0.489555 0.470606 0.489555 0.489555 0.489555 0.489555 0.489555 0.489555 0.489555 0.489555 0.489555 0.31 0.489555 0.489555 0.489555 0.489555 0.489555 0.489555 0.489555 0.489555 0.489555 0.487492 0.489555 0.489555 0.489555 0.489555 0.489555 0.489555 0.489555 0.489555 0.489555 0.484947 0.489555 0.489555 0.489555 0.345492 0.489555 0.489555 0.457295 0.489555 0.489555 0.489555 0.489555 0.489555 0.489555 0.31 0.489555 0.489555 0.319758 0.489555 0.489555 0.489555 0.489555 0.489555 0.489555 0.31011 0.489555 0.489555 0.31 0.489555 0.489555 0.489555 0.489555 0.489555 0.489555 0.31 0.489555 0.489555 0.351955 0.489555 0.489555 0.489555 0.489555 0.489555 0.489555 0.486301 0.489555 0.489555 0.310001 0.489555 0.489555 0.489555 0.489555 0.489555 0.489555 0.465893 0.489555 0.489555 0.324368 0.489555 0.489555 0.489555 0.489555 0.489555 0.489555 0.468173 0.489555 0.489555 0.402007 0.489555 0.489555 0.489555 0.489555 0.489555 0.489555 0.478747 0.489555 0.489555 0.43059 0.489555 0.489555 0.489555 0.489555 0.489555 0.489555 0.31 0.489555 0.489555 0.457067 0.489555 0.489555 0.489555 0.489555 0.489555 0.489555 0.310138 0.489555 0.489555 0.31 0.489555 0.489555 0.489555 0.489555 0.489555 0.489555 0.489555 0.489555 0.489555 0.489555 0.489555 0.489555 0.489555 0.489555 0.489555 0.489555 0.489555 0.489555 0.489555 0.489555 0.489555 0.489555 0.489555 0.489555 0.489555 0.489555 0.489555 0.489555 0.489555 0.489555 0.489555 0.489555 0.489555 0.489555 0.489555 0.489555 0.489555 0.489555 0.489555 0.489555 0.489555 0.489555 0.489555 0.489555 0.489555 0.489555 0.489555 0.489555 0.489555 0.489555 0.489555 0.489555 0.489555 0.489555 0.489555 0.489555 0.489555 0.489555 0.489555 0.489555 0.489555 0.489555 0.489555 0.489555 0.489555 0.489555 0.489555 0.489555 0.489555 0.489555 0.489555 0.489555 0.489555 0.489555 0.489555 0.489555 0.489555 0.489555 0.489555 0.489555 0.489555 0.489555 0.489555 0.489555 0.489555 0.489555 0.489555 0.489555 0.489555 0.489555 0.489555 0.489555 0.489555 0.489555 0.489555 0.489555 0.489555 0.489555 0.489555 0.489555 0.489555 0.489555 0.489555 0.489555 0.489555 0.489555 0.489555 0.489555 0.489555 0.489555 0.489555 0.489555 0.488046 0.489555 0.489555 0.489555 0.489555 0.489555 0.489555 0.489555 0.489555 0.489555 0.432892 0.489555 0.489555 0.489555 0.489555 0.489555 0.489555 0.489555 0.489555 0.489555 0.310406 0.489555 0.489555 0.489555 0.489555 0.489555 0.489555 0.489555 0.489555 0.489555 0.311392 0.489555 0.489555 0.489555 0.489555 0.489555 0.489555 0.489555 0.489555 0.489555 0.310005 0.489555 0.489555 0.489555 0.489555 0.489555 0.489555 0.489555 0.489555 0.489555 0.311372 0.489555 0.489555 0.489555 0.489555 0.489555 0.489555 0.489555 0.489555 0.489555 0.420594 0.489555 0.489555 0.489555 0.489555 0.489555 0.489555 0.489555 0.489555 0.489555 0.469747 0.489555 0.489555 0.489555 0.489555 0.489555 0.489555 0.489555 0.489555 0.489555 0.310076 0.489555 0.489555 0.489555 0.489555 0.489555 0.489555 0.489555 0.489555 0.489555 0.31 0.489555 0.489555 0.489555 0.31 0.489555 0.489555 0.486022 0.489555 0.489555 0.489555 0.489555 0.489555 0.489555 0.312334 0.489555 0.489555 0.48921 0.489555 0.489555 0.489555 0.489555 0.489555 0.489555 0.31 0.489555 0.489555 0.474643 0.489555 0.489555 0.489555 0.489555 0.489555 0.489555 0.31 0.489555 0.489555 0.488286 0.489555 0.489555 0.489555 0.489555 0.489555 0.489555 0.384151 0.489555 0.489555 0.310024 0.489555 0.489555 0.489555 0.489555 0.489555 0.489555 0.417355 0.489555 0.489555 0.31 0.489555 0.489555 0.489555 0.489555 0.489555 0.489555 0.310058 0.489555 0.489555 0.31 0.489555 0.489555 0.489555 0.489555 0.489555 0.489555 0.311362 0.489555 0.489555 0.487268 0.489555 0.489555 0.489555 0.489555 0.489555 0.489555 0.310818 0.489555 0.489555 0.31 0.489555 0.489555 0.489555 0.489555 0.489555 0.489555 0.31001 0.489555 0.489555 0.31 0.489555 0.489555 0.489555 0.489555 0.489555 0.489555 0.489555 0.489555 0.489555 0.489555 0.489555 0.489555 0.489555 0.489555 0.489555 0.489555 0.489555 0.489555 0.489555 0.489555 0.489555 0.489555 0.489555 0.489555 0.489555 0.489555 0.489555 0.489555 0.489555 0.489555 0.489555 0.489555 0.489555 0.489555 0.489555 0.489555 0.489555 0.489555 0.489555 0.489555 0.489555 0.489555 0.489555 0.489555 0.489555 0.489555 0.489555 0.489555 0.489555 0.489555 0.489555 0.489555 0.489555 0.489555 0.489555 0.489555 0.489555 0.489555 0.489555 0.489555 0.489555 0.489555 0.489555 0.489555 0.489555 0.489555 0.489555 0.489555 0.489555 0.489555 0.489555 0.489555 0.489555 0.489555 0.489555 0.489555 0.489555 0.489555 0.489555 0.489555 0.489555 0.489555 0.489555 0.489555 0.489555 0.489555 0.489555 0.489555 0.489555 0.489555 0.489555 0.489555 0.489555 0.489555 0.489555 0.489555 0.489555 0.489555 0.489555 0.489555 0.489555 0.489555 0.489555 0.489555 0.489555 0.489555 0.489555 0.489555 0.489555 0.489555 0.489555 0.489555 0.473255 0.489555 0.489555 0.489555 0.489555 0.489555 0.489555 0.489555 0.489555 0.489555 0.33068 0.489555 0.489555 0.489555 0.489555 0.489555 0.489555 0.489555 0.489555 0.489555 0.489052 0.489555 0.489555 0.489555 0.489555 0.489555 0.489555 0.489555 0.489555 0.489555 0.44503 0.489555 0.489555 0.489555 0.489555 0.489555 0.489555 0.489555 0.489555 0.489555 0.31 0.489555 0.489555 0.489555 0.489555 0.489555 0.489555 0.489555 0.489555 0.489555 0.310002 0.489555 0.489555 0.489555 0.489555 0.489555 0.489555 0.489555 0.489555 0.489555 0.310038 0.489555 0.489555 0.489555 0.489555 0.489555 0.489555 0.489555 0.489555 0.489555 0.31 0.489555 0.489555 0.489555 0.489555 0.489555 0.489555 0.489555 0.489555 0.489555 0.310281 0.489555 0.489555 0.489555 0.489555 0.489555 0.489555 0.489555 0.489555 0.489555 0.487218 0.489555 0.489555 
0.499505 0.499505 0.499505 0.499505 0.499505 0.499505 0.499505 0.410859 0.499505 0.499505 0.499505 0.499505 0.499505 0.499505 0.499505 0.499505 0.499505 0.3 0.499505 0.499505 0.499505 0.499505 0.499505 0.499505 0.499505 0.499505 0.499505 0.300004 0.499505 0.499505 0.499505 0.499505 0.499505 0.499505 0.499505 0.499505 0.499505 0.498624 0.499505 0.499505 0.499505 0.499505 0.499505 0.499505 0.499505 0.499505 0.499505 0.300349 0.499505 0.499505 0.499505 0.499505 0.499505 0.499505 0.499505 0.499505 0.499505 0.300032 0.499505 0.499505 0.499505 0.499505 0.499505 0.499505 0.499505 0.499505 0.499505 0.300096 0.499505 0.499505 0.499505 0.499505 0.499505 0.499505 0.499505 0.499505 0.499505 0.498325 0.499505 0.499505 0.499505 0.499505 0.499505 0.499505 0.499505 0.499505 0.499505 0.494108 0.499505 0.499505 0.499505 0.499505 0.499505 0.499505 0.499505 0.499505 0.499505 0.300055 0.499505 0.499505 0.499505 0.454313 0.499505 0.499505 0.3 0.499505 0.499505 0.499505 0.499505 0.499505 0.499505 0.386523 0.499505 0.499505 0.346682 0.499505 0.499505 0.499505 0.499505 0.499505 0.499505 0.300416 0.499505 0.499505 0.300005 0.499505 0.499505 0.499505 0.499505 0.499505 0.499505 0.491194 0.499505 0.499505 0.3 0.499505 0.499505 0.499505 0.499505 0.499505 0.499505 0.490032 0.499505 0.499505 0.321895 0.499505 0.499505 0.499505 0.499505 0.499505 0.499505 0.491008 0.499505 0.499505 0.300056 0.499505 0.499505 0.499505 0.499505 0.499505 0.499505 0.300959 0.499505 0.499505 0.300247 0.499505 0.499505 0.499505 0.499505 0.499505 0.499505 0.315277 0.499505 0.499505 0.3 0.499505 0.499505 0.499505 0.499505 0.499505 0.499505 0.498722 0.499505 0.499505 0.492866 0.499505 0.499505 0.499505 0.499505 0.499505 0.499505 0.3 0.499505 0.499505 0.300002 0.499505 0.499505 0.499505 0.499505 0.499505 0.499505 0.499505 0.499505 0.499505 0.499505 0.499505 0.499505 0.499505 0.499505 0.499505 0.499505 0.499505 0.499505 0.499505 0.499505 0.499505 0.499505 0.499505 0.499505 0.499505 0.499505 0.499505 0.499505 0.499505 0.499505 0.499505 0.499505 0.499505 0.499505 0.499505 0.499505 0.499505 0.499505 0.499505 0.499505 0.499505 0.499505 0.499505 0.499505 0.499505 0.499505 0.499505 0.499505 0.499505 0.499505 0.499505 0.499505 0.499505 0.499505 0.499505 0.499505 0.499505 0.499505 0.499505 0.499505 0.499505 0.499505 0.499505 0.499505 0.499505 0.499505 0.499505 0.499505 0.499505 0.499505 0.499505 0.499505 0.499505 0.499505 0.499505 0.499505 0.499505 0.499505 0.499505 0.499505 0.499505 0.499505 0.499505 0.499505 0.499505 0.499505 0.499505 0.499505 0.499505 0.499505 0.499505 0.499505 0.499505 0.499505 0.499505 0.499505 0.499505 0.499505 0.499505 0.499505 0.499505 0.499505 0.499505 0.499505 0.499505 0.499505 0.499505 0.499505 0.499505 0.499505 0.499505 0.499505 0.3 0.499505 0.499505 0.499505 0.499505 0.499505 0.499505 0.499505 0.499505 0.499505 0.472328 0.499505 0.499505 0.499505 0.499505 0.499505 0.499505 0.499505 0.499505 0.499505 0.3 0.499505 0.499505 0.499505 0.499505 0.499505 0.499505 0.499505 0.499505 0.499505 0.3 0.499505 0.499505 0.499505 0.499505 0.499505 0.499505 0.499505 0.499505 0.499505 0.49151 0.499505 0.499505 0.499505 0.499505 0.499505 0.499505 0.499505 0.499505 0.499505 0.350213 0.499505 0.499505 0.499505 0.499505 0.499505 0.499505 0.499505 0.499505 0.499505 0.3 0.499505 0.499505 0.499505 0.499505 0.499505 0.499505 0.499505 0.499505 0.499505 0.328644 0.499505 0.499505 0.499505 0.499505 0.499505 0.499505 0.499505 0.499505 0.499505 0.499266 0.499505 0.499505 0.499505 0.499505 0.499505 0.499505 0.499505 0.499505 0.499505 0.497805 0.499505 0.499505 0.499505 0.378313 0.499505 0.499505 0.363617 0.499505 0.499505 0.499505 0.499505 0.499505 0.499505 0.3 0.499505 0.499505 0.300053 0.499505 0.499505 0.499505 0.499505 0.499505 0.499505 0.322904 0.499505 0.499505 0.448059 0.499505 0.499505 0.499505 0.499505 0.499505 0.499505 0.30109 0.499505 0.499505 0.380207 0.499505 0.499505 0.499505 0.499505 0.499505 0.499505 0.3 0.499505 0.499505 0.434824 0.499505 0.499505 0.499505 0.499505 0.499505 0.499505 0.495341 0.499505 0.499505 0.491446 0.499505 0.499505 0.499505 0.499505 0.499505 0.499505 0.3 0.499505 0.499505 0.300077 0.499505 0.499505 0.499505 0.499505 0.499505 0.499505 0.3 0.499505 0.499505 0.3 0.499505 0.499505 0.499505 0.499505 0.499505 0.499505 0.459118 0.499505 0.499505 0.404327 0.499505 0.499505 0.499505 0.499505 0.499505 0.499505 0.300001 0.499505 0.499505 0.30003 0.499505 0.499505 0.499505 0.499505 0.499505 0.499505 0.499505 0.499505 0.499505 0.499505 0.499505 0.499505 0.499505 0.499505 0.499505 0.499505 0.499505 0.499505 0.499505 0.499505 0.499505 0.499505 0.499505 0.499505 0.499505 0.499505 0.499505 0.499505 0.499505 0.499505 0.499505 0.499505 0.499505 0.499505 0.499505 0.499505 0.499505 0.499505 0.499505 0.499505 0.499505 0.499505 0.499505 0.499505 0.499505 0.499505 0.499505 0.499505 0.499505 0.499505 0.499505 0.499505 0.499505 0.499505 0.499505 0.499505 0.499505 0.499505 0.499505 0.499505 0.499505 0.499505 0.499505 0.499505 0.499505 0.499505 0.499505 0.499505 0.499505 0.499505 0.499505 0.499505 0.499505 0.499505 0.499505 0.499505 0.499505 0.499505 0.499505 0.499505 0.499505 0.499505 0.499505 0.499505 0.499505 0.499505 0.499505 0.499505 0.499505 0.499505 0.499505 0.499505 0.499505 0.499505 0.499505 0.499505 0.499505 0.499505 0.499505 0.499505 0.499505 0.499505 0.499505 0.499505 0.499505 0.499505 0.499505 0.499505 0.499505 0.499505 0.499505 0.499505 0.30004 0.499505 0.499505 0.499505 0.499505 0.499505 0.499505 0.499505 0.499505 0.499505 0.3 0.499505 0.499505 0.499505 0.499505 0.499505 0.499505 0.499505 0.499505 0.499505 0.3 0.499505 0.499505 0.499505 0.499505 0.499505 0.499505 0.499505 0.499505 0.499505 0.300111 0.499505 0.499505 0.499505 0.499505 0.499505 0.499505 0.499505 0.499505 0.499505 0.462205 0.499505 0.499505 0.499505 0.499505 0.499505 0.499505 0.499505 0.499505 0.499505 0.498904 0.499505 0.499505 0.499505 0.499505 0.499505 0.499505 0.499505 0.499505 0.499505 0.302447 0.499505 0.499505 0.499505 0.499505 0.499505 0.499505 0.499505 0.499505 0.499505 0.440298 0.499505 0.499505 0.499505 0.499505 0.499505 0.499505 0.499505 0.499505 0.499505 0.3 0.499505 0.499505 0.499505 0.499505 0.499505 0.499505 0.499505 0.499505 0.499505 0.300536 0.499505 0.499505 0.499505 0.3 0.499505 0.499505 0.302691 0.499505 0.499505 0.499505 0.499505 0.499505 0.499505 0.311233 0.499505 0.499505 0.300062 0.499505 0.499505 0.499505 0.499505 0.499505 0.499505 0.480779 0.499505 0.499505 0.450502 0.499505 0.499505 0.499505 0.499505 0.499505 0.499505 0.467688 0.499505 0.499505 0.49673 0.499505 0.499505 0.499505 0.499505 0.499505 0.499505 0.412799 0.499505 0.499505 0.300001 0.499505 0.499505 0.499505 0.499505 0.499505 0.499505 0.3 0.499505 0.499505 0.306946 0.499505 0.499505 0.499505 0.499505 0.499505 0.499505 0.300613 0.499505 0.499505 0.3 0.499505 0.499505 0.499505 0.499505 0.499505 0.499505 0.498474 0.499505 0.499505 0.300144 0.499505 0.499505 0.499505 0.499505 0.499505 0.499505 0.3 0.499505 0.499505 0.3 0.499505 0.499505 0.499505 0.499505 0.499505 0.499505 0.3 0.499505 0.499505 0.452402 0.499505 0.499505 0.499505 0.499505 0.499505 0.499505 0.499505 0.499505 0.499505 0.499505 0.499505 0.499505 0.499505 0.499505 0.499505 0.499505 0.499505 0.499505 0.499505 0.499505 0.499505 0.499505 0.499505 0.499505 0.499505 0.499505 0.499505 0.499505 0.499505 0.499505 0.499505 0.499505 0.499505 0.499505 0.499505 0.499505 0.499505 0.499505 0.499505 0.499505 0.499505 0.499505 0.499505 0.499505 0.499505 0.499505 0.499505 0.499505 0.499505 0.499505 0.499505 0.499505 0.499505 0.499505 0.499505 0.499505 0.499505 0.499505 0.499505 0.499505 0.499505 0.499505 0.499505 0.499505 0.499505 0.499505 0.499505 0.499505 0.499505 0.499505 0.499505 0.499505 0.499505 0.499505 0.499505 0.499505 0.499505 0.499505 0.499505 0.499505 0.499505 0.499505 0.499505 0.499505 0.499505 0.499505 0.499505 0.499505 0.499505 0.499505 0.499505 0.499505 0.499505 0.499505 0.499505 0.499505 0.499505 0.499505 0.499505 0.499505 0.499505 0.499505 0.499505 0.499505 0.499505 0.499505 0.499505 0.499505 0.499505 0.499505 0.499505 0.499505 0.476589 0.499505 0.499505 0.499505 0.499505 0.499505 0.499505 0.499505 0.499505 0.499505 0.468647 0.499505 0.499505 0.499505 0.499505 0.499505 0.499505 0.499505 0.499505 0.499505 0.3 0.499505 0.499505 0.499505 0.499505 0.499505 0.499505 0.499505 0.499505 0.499505 0.305137 0.499505 0.499505 0.499505 0.499505 0.499505 0.499505 0.499505 0.499505 0.499505 0.460291 0.499505 0.499505 0.499505 0.499505 0.499505 0.499505 0.499505 0.499505 0.499505 0.48737 0.499505 0.499505 0.499505 0.499505 0.499505 0.499505 0.499505 0.499505 0.499505 0.406748 0.499505 0.499505 0.499505 0.499505 0.499505 0.499505 0.499505 0.499505 0.499505 0.492815 0.499505 0.499505 0.499505 0.499505 0.499505 0.499505 0.499505 0.499505 0.499505 0.3 0.499505 0.499505 0.499505 0.499505 0.499505 0.499505 0.499505 0.499505 0.499505 0.492001 0.499505 0.499505 0.499505 0.499505 0.499505 0.499505 0.499505 0.499505 0.499505 0.310468 0.499505 0.499505 0.499505 0.499505 0.499505 0.499505 0.499505 0.499505 0.499505 0.3 0.499505 0.499505 0.499505 0.499505 0.499505 0.499505 0.499505 0.499505 0.499505 0.300001 0.499505 0.499505 0.499505 0.499505 0.499505 0.499505 0.499505 0.499505 0.499505 0.3 0.499505 0.499505 0.499505 0.499505 0.499505 0.499505 0.499505 0.499505 0.499505 0.3 0.499505 0.499505 0.499505 0.499505 0.499505 0.499505 0.499505 0.499505 0.499505 0.458481 0.499505 0.499505 0.499505 0.499505 0.499505 0.499505 0.499505 0.499505 0.499505 0.378416 0.499505 0.499505 0.499505 0.499505 0.499505 0.499505 0.499505 0.499505 0.499505 0.3 0.499505 0.499505 0.499505 0.499505 0.499505 0.499505 0.499505 0.499505 0.499505 0.300001 0.499505 0.499505 0.499505 0.499505 0.499505 0.499505 0.499505 0.499505 0.499505 0.300164 0.499505 0.499505 0.499505 0.3 0.499505 0.499505 0.329071 0.499505 0.499505 0.499505 0.499505 0.499505 0.499505 0.308089 0.499505 0.499505 0.301508 0.499505 0.499505 0.499505 0.499505 0.499505 0.499505 0.300003 0.499505 0.499505 0.30001 0.499505 0.499505 0.499505 0.499505 0.499505 0.499505 0.3 0.499505 0.499505 0.3 0.499505 0.499505 0.499505 0.499505 0.499505 0.499505 0.300395 0.499505 0.499505 0.312801 0.499505 0.499505 0.499505 0.499505 0.499505 0.499505 0.3 0.499505 0.499505 0.3 0.499505 0.499505 0.499505 0.499505 0.499505 0.499505 0.3 0.499505 0.499505 0.3 0.499505 0.499505 0.499505 0.499505 0.499505 0.499505 0.3 0.499505 0.499505 0.3 0.499505 0.499505 0.499505 0.499505 0.499505 0.499505 0.497068 0.499505 0.499505 0.300762 0.499505 0.499505 0.499505 0.499505 0.499505 0.499505 0.300036 0.499505 0.499505 0.3004 0.499505 0.499505 0.499505 0.499505 0.499505 0.499505 0.499505 0.499505 0.499505 0.499505 0.499505 0.499505 0.499505 0.499505 0.499505 0.499505 0.499505 0.499505 0.499505 0.499505 0.499505 0.499505 0.499505 0.499505 0.499505 0.499505 0.499505 0.499505 0.499505 0.499505 0.499505 0.499505 0.499505 0.499505 0.499505 0.499505 0.499505 0.499505 0.499505 0.499505 0.499505 0.499505 0.499505 0.499505 0.499505 0.499505 0.499505 0.499505 0.499505 0.499505 0.499505 0.499505 0.499505 0.499505 0.499505 0.499505 0.499505 0.499505 0.499505 0.499505 0.499505 0.499505 0.499505 0.499505 0.499505 0.499505 0.499505 0.499505 0.499505 0.499505 0.499505 0.499505 0.499505 0.499505 0.499505 0.499505 0.499505 0.499505 0.499505 0.499505 0.499505 0.499505 0.499505 0.499505 0.499505 0.499505 0.499505 0.499505 0.499505 0.499505 0.499505 0.499505 0.499505 0.499505 0.499505 0.499505 0.499505 0.499505 0.499505 0.499505 0.499505 0.499505 0.499505 0.499505 0.499505 0.499505 0.499505 0.499505 0.499505 0.499505 0.499505 0.499505 0.3 0.499505 0.499505 0.499505 0.499505 0.499505 0.499505 0.499505 0.499505 0.499505 0.472563 0.499505 0.499505 0.499505 0.499505 0.499505 0.499505 0.499505 0.499505 0.499505 0.3 0.499505 0.499505 0.499505 0.499505 0.499505 0.499505 0.499505 0.499505 0.499505 0.482063 0.499505 0.499505 0.499505 0.499505 0.499505 0.499505 0.499505 0.499505 0.499505 0.300007 0.499505 0.499505 0.499505 0.499505 0.499505 0.499505 0.499505 0.499505 0.499505 0.3 0.499505 0.499505 0.499505 0.499505 0.499505 0.499505 0.499505 0.499505 0.499505 0.335239 0.499505 0.499505 0.499505 0.499505 0.499505 0.499505 0.499505 0.499505 0.499505 0.483287 0.499505 0.499505 0.499505 0.499505 0.499505 0.499505 0.499505 0.499505 0.499505 0.32061 0.499505 0.499505 0.499505 0.499505 0.499505 0.499505 0.499505 0.499505 0.499505 0.301386 0.499505 0.499505 0.499505 0.3 0.499505 0.499505 0.484871 0.499505 0.499505 0.499505 0.499505 0.499505 0.499505 0.308256 0.499505 0.499505 0.498933 0.499505 0.499505 0.499505 0.499505 0.499505 0.499505 0.300101 0.499505 0.499505 0.3 0.499505 0.499505 0.499505 0.499505 0.499505 0.499505 0.3 0.499505 0.499505 0.3 0.499505 0.499505 0.499505 0.499505 0.499505 0.499505 0.3 0.499505 0.499505 0.300005 0.499505 0.499505 0.499505 0.499505 0.499505 0.499505 0.3 0.499505 0.499505 0.3 0.499505 0.499505 0.499505 0.499505 0.499505 0.499505 0.3 0.499505 0.499505 0.459591 0.499505 0.499505 0.499505 0.499505 0.499505 0.499505 0.3 0.499505 0.499505 0.415066 0.499505 0.499505 0.499505 0.499505 0.499505 0.499505 0.494918 0.499505 0.499505 0.3 0.499505 0.499505 0.499505 0.499505 0.499505 0.499505 0.496937 0.499505 0.499505 0.3 0.499505 0.499505 0.499505 0.499505 0.499505 0.499505 0.499505 0.499505 0.499505 0.499505 0.499505 0.499505 0.499505 0.499505 0.499505 0.499505 0.499505 0.499505 0.499505 0.499505 0.499505 0.499505 0.499505 0.499505 0.499505 0.499505 0.499505 0.499505 0.499505 0.499505 0.499505 0.499505 0.499505 0.499505 0.499505 0.499505 0.499505 0.499505 0.499505 0.499505 0.499505 0.499505 0.499505 0.499505 0.499505 0.499505 0.499505 0.499505 0.499505 0.499505 0.499505 0.499505 0.499505 0.499505 0.499505 0.499505 0.499505 0.499505 0.499505 0.499505 0.499505 0.499505 0.499505 0.499505 0.499505 0.499505 0.499505 0.499505 0.499505 0.499505 0.499505 0.499505 0.499505 0.499505 0.499505 0.499505 0.499505 0.499505 0.499505 0.499505 0.499505 0.499505 0.499505 0.499505 0.499505 0.499505 0.499505 0.499505 0.499505 0.499505 0.499505 0.499505 0.499505 0.499505 0.499505 0.499505 0.499505 0.499505 0.499505 0.499505 0.499505 0.499505 0.499505 0.499505 0.499505 0.499505 0.499505 0.499505 0.499505 0.499505 0.499505 0.499505 0.3 0.499505 0.499505 0.499505 0.499505 0.499505 0.499505 0.499505 0.499505 0.499505 0.498697 0.499505 0.499505 0.499505 0.499505 0.499505 0.499505 0.499505 0.499505 0.499505 0.300013 0.499505 0.499505 0.499505 0.499505 0.499505 0.499505 0.499505 0.499505 0.499505 0.3 0.499505 0.499505 0.499505 0.499505 0.499505 0.499505 0.499505 0.499505 0.499505 0.486568 0.499505 0.499505 0.499505 0.499505 0.499505 0.499505 0.499505 0.499505 0.499505 0.3 0.499505 0.499505 0.499505 0.499505 0.499505 0.499505 0.499505 0.499505 0.499505 0.3 0.499505 0.499505 0.499505 0.499505 0.499505 0.499505 0.499505 0.499505 0.499505 0.469909 0.499505 0.499505 0.499505 0.499505 0.499505 0.499505 0.499505 0.499505 0.499505 0.3 0.499505 0.499505 0.499505 0.499505 0.499505 0.499505 0.499505 0.499505 0.499505 0.300091 0.499505 0.499505 0.499505 0.3 0.499505 0.499505 0.301261 0.499505 0.499505 0.499505 0.499505 0.499505 0.499505 0.300035 0.499505 0.499505 0.300004 0.499505 0.499505 0.499505 0.499505 0.499505 0.499505 0.3 0.499505 0.499505 0.3 0.499505 0.499505 0.499505 0.499505 0.499505 0.499505 0.404093 0.499505 0.499505 0.3 0.499505 0.499505 0.499505 0.499505 0.499505 0.499505 0.496886 0.499505 0.499505 0.317971 0.499505 0.499505 0.499505 0.499505 0.499505 0.499505 0.303727 0.499505 0.499505 0.3 0.499505 0.499505 0.499505 0.499505 0.499505 0.499505 0.498832 0.499505 0.499505 0.488244 0.499505 0.499505 0.499505 0.499505 0.499505 0.499505 0.300002 0.499505 0.499505 0.472142 0.499505 0.499505 0.499505 0.499505 0.499505 0.499505 0.473536 0.499505 0.499505 0.434592 0.499505 0.499505 0.499505 0.499505 0.499505 0.499505 0.3 0.499505 0.499505 0.495985 0.499505 0.499505 0.499505 0.499505 0.499505 0.499505 0.499505 0.499505 0.499505 0.499505 0.499505 0.499505 0.499505 0.499505 0.499505 0.499505 0.499505 0.499505 0.499505 0.499505 0.499505 0.499505 0.499505 0.499505 0.499505 0.499505 0.499505 0.499505 0.499505 0.499505 0.499505 0.499505 0.499505 0.499505 0.499505 0.499505 0.499505 0.499505 0.499505 0.499505 0.499505 0.499505 0.499505 0.499505 0.499505 0.499505 0.499505 0.499505 0.499505 0.499505 0.499505 0.499505 0.499505 0.499505 0.499505 0.499505 0.499505 0.499505 0.499505 0.499505 0.499505 0.499505 0.499505 0.499505 0.499505 0.499505 0.499505 0.499505 0.499505 0.499505 0.499505 0.499505 0.499505 0.499505 0.499505 0.499505 0.499505 0.499505 0.499505 0.499505 0.499505 0.499505 0.499505 0.499505 0.499505 0.499505 0.499505 0.499505 0.499505 0.499505 0.499505 0.499505 0.499505 0.499505 0.499505 0.499505 0.499505 0.499505 0.499505 0.499505 0.499505 0.499505 0.499505 0.499505 0.499505 0.499505 0.499505 0.499505 0.499505 0.499505 0.499505 0.499505 0.494274 0.499505 0.499505 0.499505 0.499505 0.499505 0.499505 0.499505 0.499505 0.499505 0.486432 0.499505 0.499505 0.499505 0.499505 0.499505 0.499505 0.499505 0.499505 0.499505 0.302128 0.499505 0.499505 0.499505 0.499505 0.499505 0.499505 0.499505 0.499505 0.499505 0.3 0.499505 0.499505 0.499505 0.499505 0.499505 0.499505 0.499505 0.499505 0.499505 0.300096 0.499505 0.499505 0.499505 0.499505 0.499505 0.499505 0.499505 0.499505 0.499505 0.3 0.499505 0.499505 0.499505 0.499505 0.499505 0.499505 0.499505 0.499505 0.499505 0.486806 0.499505 0.499505 0.499505 0.499505 0.499505 0.499505 0.499505 0.499505 0.499505 0.484853 0.499505 0.499505 0.499505 0.499505 0.499505 0.499505 0.499505 0.499505 0.499505 0.3 0.499505 0.499505 0.499505 0.499505 0.499505 0.499505 0.499505 0.499505 0.499505 0.300276 0.499505 0.499505 0.499505 0.499505 0.499505 0.499505 0.499505 0.499505 0.499505 0.300003 0.499505 0.499505 0.499505 0.499505 0.499505 0.499505 0.499505 0.499505 0.499505 0.46503 0.499505 0.499505 0.499505 0.499505 0.499505 0.499505 0.499505 0.499505 0.499505 0.468331 0.499505 0.499505 0.499505 0.499505 0.499505 0.499505 0.499505 0.499505 0.499505 0.300006 0.499505 0.499505 0.499505 0.499505 0.499505 0.499505 0.499505 0.499505 0.499505 0.337373 0.499505 0.499505 0.499505 0.499505 0.499505 0.499505 0.499505 0.499505 0.499505 0.498775 0.499505 0.499505 0.499505 0.499505 0.499505 0.499505 0.499505 0.499505 0.499505 0.3 0.499505 0.499505 0.499505 0.499505 0.499505 0.499505 0.499505 0.499505 0.499505 0.300014 0.499505 0.499505 0.499505 0.499505 0.499505 0.499505 0.499505 0.499505 0.499505 0.300001 0.499505 0.499505 0.499505 0.499505 0.499505 0.499505 0.499505 0.499505 0.499505 0.300158 0.499505 0.499505 0.499505 0.302955 0.499505 0.499505 0.48909 0.499505 0.499505 0.499505 0.499505 0.499505 0.499505 0.498458 0.499505 0.499505 0.3 0.499505 0.499505 0.499505 0.499505 0.499505 0.499505 0.301916 0.499505 0.499505 0.384595 0.499505 0.499505 0.499505 0.499505 0.499505 0.499505 0.303993 0.499505 0.499505 0.3 0.499505 0.499505 0.499505 0.499505 0.499505 0.499505 0.43899 0.499505 0.499505 0.300015 0.499505 0.499505 0.499505 0.499505 0.499505 0.499505 0.300001 0.499505 0.499505 0.3 0.499505 0.499505 0.499505 0.499505 0.499505 0.499505 0.300002 0.499505 0.499505 0.311763 0.499505 0.499505 0.499505 0.499505 0.499505 0.499505 0.301445 0.499505 0.499505 0.488216 0.499505 0.499505 0.499505 0.499505 0.499505 0.499505 0.3 0.499505 0.499505 0.464698 0.499505 0.499505 0.499505 0.499505 0.499505 0.499505 0.300022 0.499505 0.499505 0.302313 0.499505 0.499505 0.499505 0.499505 0.499505 0.499505 0.499505 0.499505 0.499505 0.499505 0.499505 0.499505 0.499505 0.499505 0.499505 0.499505 0.499505 0.499505 0.499505 0.499505 0.499505 0.499505 0.499505 0.499505 0.499505 0.499505 0.499505 0.499505 0.499505 0.499505 0.499505 0.499505 0.499505 0.499505 0.499505 0.499505 0.499505 0.499505 0.499505 0.499505 0.499505 0.499505 0.499505 0.499505 0.499505 0.499505 0.499505 0.499505 0.499505 0.499505 0.499505 0.499505 0.499505 0.499505 0.499505 0.499505 0.499505 0.499505 0.499505 0.499505 0.499505 0.499505 0.499505 0.499505 0.499505 0.499505 0.499505 0.499505 0.499505 0.499505 0.499505 0.499505 0.499505 0.499505 0.499505 0.499505 0.499505 0.499505 0.499505 0.499505 0.499505 0.499505 0.499505 0.499505 0.499505 0.499505 0.499505 0.499505 0.499505 0.499505 0.499505 0.499505 0.499505 0.499505 0.499505 0.499505 0.499505 0.499505 0.499505 0.499505 0.499505 0.499505 0.499505 0.499505 0.499505 0.499505 0.499505 0.499505 0.499505 0.499505 0.499505 0.499505 0.300112 0.499505 0.499505 0.499505 0.499505 0.499505 0.499505 0.499505 0.499505 0.499505 0.47821 0.499505 0.499505 0.499505 0.499505 0.499505 0.499505 0.499505 0.499505 0.499505 0.329577 0.499505 0.499505 0.499505 0.499505 0.499505 0.499505 0.499505 0.499505 0.499505 0.300226 0.499505 0.499505 0.499505 0.499505 0.499505 0.499505 0.499505 0.499505 0.499505 0.370656 0.499505 0.499505 0.499505 0.499505 0.499505 0.499505 0.499505 0.499505 0.499505 0.49835 0.499505 0.499505 0.499505 0.499505 0.499505 0.499505 0.499505 0.499505 0.499505 0.3 0.499505 0.499505 0.499505 0.499505 0.499505 0.499505 0.499505 0.499505 0.499505 0.498845 0.499505 0.499505 0.499505 0.499505 0.499505 0.499505 0.499505 0.499505 0.499505 0.300001 0.499505 0.499505 0.499505 0.499505 0.499505 0.499505 0.499505 0.499505 0.499505 0.3 0.499505 0.499505 0.499505 0.3 0.499505 0.499505 0.499232 0.499505 0.499505 0.499505 0.499505 0.499505 0.499505 0.310879 0.499505 0.499505 0.30084 0.499505 0.499505 0.499505 0.499505 0.499505 0.499505 0.303938 0.499505 0.499505 0.3 0.499505 0.499505 0.499505 0.499505 0.499505 0.499505 0.3 0.499505 0.499505 0.382626 0.499505 0.499505 0.499505 0.499505 0.499505 0.499505 0.473672 0.499505 0.499505 0.496402 0.499505 0.499505 0.499505 0.499505 0.499505 0.499505 0.492883 0.499505 0.499505 0.3 0.499505 0.499505 0.499505 0.499505 0.499505 0.499505 0.3 0.499505 0.499505 0.300001 0.499505 0.499505 0.499505 0.499505 0.499505 0.499505 0.3 0.499505 0.499505 0.309153 0.499505 0.499505 0.499505 0.499505 0.499505 0.499505 0.3 0.499505 0.499505 0.3 0.499505 0.499505 0.499505 0.499505 0.499505 0.499505 0.424488 0.499505 0.499505 0.300423 0.499505 0.499505 0.499505 0.499505 0.499505 0.499505 0.499505 0.499505 0.499505 0.499505 0.499505 0.499505 0.499505 0.499505 0.499505 0.499505 0.499505 0.499505 0.499505 0.499505 0.499505 0.499505 0.499505 0.499505 0.499505 0.499505 0.499505 0.499505 0.499505 0.499505 0.499505 0.499505 0.499505 0.499505 0.499505 0.499505 0.499505 0.499505 0.499505 0.499505 0.499505 0.499505 0.499505 0.499505 0.499505 0.499505 0.499505 0.499505 0.499505 0.499505 0.499505 0.499505 0.499505 0.499505 0.499505 0.499505 0.499505 0.499505 0.499505 0.499505 0.499505 0.499505 0.499505 0.499505 0.499505 0.499505 0.499505 0.499505 0.499505 0.499505 0.499505 0.499505 0.499505 0.499505 0.499505 0.499505 0.499505 0.499505 0.499505 0.499505 0.499505 0.499505 0.499505 0.499505 0.499505 0.499505 0.499505 0.499505 0.499505 0.499505 0.499505 0.499505 0.499505 0.499505 0.499505 0.499505 0.499505 0.499505 0.499505 0.499505 0.499505 0.499505 0.499505 0.499505 0.499505 0.499505 0.499505 0.499505 0.499505 0.499505 0.499505 0.499505 0.3 0.499505 0.499505 0.499505 0.499505 0.499505 0.499505 0.499505 0.499505 0.499505 0.489965 0.499505 0.499505 0.499505 0.499505 0.499505 0.499505 0.499505 0.499505 0.499505 0.498216 0.499505 0.499505 0.499505 0.499505 0.499505 0.499505 0.499505 0.499505 0.499505 0.300754 0.499505 0.499505 0.499505 0.499505 0.499505 0.499505 0.499505 0.499505 0.499505 0.3 0.499505 0.499505 0.499505 0.499505 0.499505 0.499505 0.499505 0.499505 0.499505 0.3 0.499505 0.499505 0.499505 0.499505 0.499505 0.499505 0.499505 0.499505 0.499505 0.498438 0.499505 0.499505 0.499505 0.499505 0.499505 0.499505 0.499505 0.499505 0.499505 0.3 0.499505 0.499505 0.499505 0.499505 0.499505 0.499505 0.499505 0.499505 0.499505 0.3 0.499505 0.499505 0.499505 0.499505 0.499505 0.499505 0.499505 0.499505 0.499505 0.3 0.499505 0.499505 0.499505 0.446178 0.499505 0.499505 0.498991 0.499505 0.499505 0.499505 0.499505 0.499505 0.499505 0.49652 0.499505 0.499505 0.499271 0.499505 0.499505 0.499505 0.499505 0.499505 0.499505 0.300217 0.499505 0.499505 0.3 0.499505 0.499505 0.499505 0.499505 0.499505 0.499505 0.499317 0.499505 0.499505 0.368661 0.499505 0.499505 0.499505 0.499505 0.499505 0.499505 0.300016 0.499505 0.499505 0.497607 0.499505 0.499505 0.499505 0.499505 0.499505 0.499505 0.3 0.499505 0.499505 0.3 0.499505 0.499505 0.499505 0.499505 0.499505 0.499505 0.493383 0.499505 0.499505 0.496969 0.499505 0.499505 0.499505 0.499505 0.499505 0.499505 0.300255 0.499505 0.499505 0.3 0.499505 0.499505 0.499505 0.499505 0.499505 0.499505 0.31168 0.499505 0.499505 0.3 0.499505 0.499505 0.499505 0.499505 0.499505 0.499505 0.3004 0.499505 0.499505 0.3 0.499505 0.499505 0.499505 0.499505 0.499505 0.499505 0.499505 0.499505 0.499505 0.499505 0.499505 0.499505 0.499505 0.499505 0.499505 0.499505 0.499505 0.499505 0.499505 0.499505 0.499505 0.499505 0.499505 0.499505 0.499505 0.499505 0.499505 0.499505 0.499505 0.499505 0.499505 0.499505 0.499505 0.499505 0.499505 0.499505 0.499505 0.499505 0.499505 0.499505 0.499505 0.499505 0.499505 0.499505 0.499505 0.499505 0.499505 0.499505 0.499505 0.499505 0.499505 0.499505 0.499505 0.499505 0.499505 0.499505 0.499505 0.499505 0.499505 0.499505 0.499505 0.499505 0.499505 0.499505 0.499505 0.499505 0.499505 0.499505 0.499505 0.499505 0.499505 0.499505 0.499505 0.499505 0.499505 0.499505 0.499505 0.499505 0.499505 0.499505 0.499505 0.499505 0.499505 0.499505 0.499505 0.499505 0.499505 0.499505 0.499505 0.499505 0.499505 0.499505 0.499505 0.499505 0.499505 0.499505 0.499505 0.499505 0.499505 0.499505 0.499505 0.499505 0.499505 0.499505 0.499505 0.499505 0.499505 0.499505 0.499505 0.499505 0.499505 0.499505 0.446178 0.499505 0.499505 0.499505 0.499505 0.499505 0.499505 0.499505 0.499505 0.499505 0.479618 0.499505 0.499505 0.499505 0.499505 0.499505 0.499505 0.499505 0.499505 0.499505 0.300002 0.499505 0.499505 0.499505 0.499505 0.499505 0.499505 0.499505 0.499505 0.499505 0.300488 0.499505 0.499505 0.499505 0.499505 0.499505 0.499505 0.499505 0.499505 0.499505 0.300003 0.499505 0.499505 0.499505 0.499505 0.499505 0.499505 0.499505 0.499505 0.499505 0.300098 0.499505 0.499505 0.499505 0.499505 0.499505 0.499505 0.499505 0.499505 0.499505 0.445559 0.499505 0.499505 0.499505 0.499505 0.499505 0.499505 0.499505 0.499505 0.499505 0.300001 0.499505 0.499505 0.499505 0.499505 0.499505 0.499505 0.499505 0.499505 0.499505 0.3 0.499505 0.499505 0.499505 0.499505 0.499505 0.499505 0.499505 0.499505 0.499505 0.319345 0.499505 0.499505 0.499505 0.499505 0.499505 0.499505 0.499505 0.499505 0.499505 0.3 0.499505 0.499505 0.499505 0.499505 0.499505 0.499505 0.499505 0.499505 0.499505 0.303205 0.499505 0.499505 0.499505 0.499505 0.499505 0.499505 0.499505 0.499505 0.499505 0.3 0.499505 0.499505 0.499505 0.499505 0.499505 0.499505 0.499505 0.499505 0.499505 0.3 0.499505 0.499505 0.499505 0.499505 0.499505 0.499505 0.499505 0.499505 0.499505 0.300003 0.499505 0.499505 0.499505 0.499505 0.499505 0.499505 0.499505 0.499505 0.499505 0.451047 0.499505 0.499505 0.499505 0.499505 0.499505 0.499505 0.499505 0.499505 0.499505 0.3 0.499505 0.499505 0.499505 0.499505 0.499505 0.499505 0.499505 0.499505 0.499505 0.3 0.499505 0.499505 0.499505 0.499505 0.499505 0.499505 0.499505 0.499505 0.499505 0.300006 0.499505 0.499505 0.499505 0.499505 0.499505 0.499505 0.499505 0.499505 0.499505 0.369942 0.499505 0.499505 0.499505 0.372138 0.499505 0.499505 0.300609 0.499505 0.499505 0.499505 0.499505 0.499505 0.499505 0.300063 0.499505 0.499505 0.356137 0.499505 0.499505 0.499505 0.499505 0.499505 0.499505 0.300004 0.499505 0.499505 0.498751 0.499505 0.499505 0.499505 0.499505 0.499505 0.499505 0.493444 0.499505 0.499505 0.454256 0.499505 0.499505 0.499505 0.499505 0.499505 0.499505 0.300001 0.499505 0.499505 0.497333 0.499505 0.499505 0.499505 0.499505 0.499505 0.499505 0.498196 0.499505 0.499505 0.496917 0.499505 0.499505 0.499505 0.499505 0.499505 0.499505 0.301719 0.499505 0.499505 0.324347 0.499505 0.499505 0.499505 0.499505 0.499505 0.499505 0.3 0.499505 0.499505 0.300111 0.499505 0.499505 0.499505 0.499505 0.499505 0.499505 0.493322 0.499505 0.499505 0.444976 0.499505 0.499505 0.499505 0.499505 0.499505 0.499505 0.493521 0.499505 0.499505 0.352815 0.499505 0.499505 0.499505 0.499505 0.499505 0.499505 0.499505 0.499505 0.499505 0.499505 0.499505 0.499505 0.499505 0.499505 0.499505 0.499505 0.499505 0.499505 0.499505 0.499505 0.499505 0.499505 0.499505 0.499505 0.499505 0.499505 0.499505 0.499505 0.499505 0.499505 0.499505 0.499505 0.499505 0.499505 0.499505 0.499505 0.499505 0.499505 0.499505 0.499505 0.499505 0.499505 0.499505 0.499505 0.499505 0.499505 0.499505 0.499505 0.499505 0.499505 0.499505 0.499505 0.499505 0.499505 0.499505 0.499505 0.499505 0.499505 0.499505 0.499505 0.499505 0.499505 0.499505 0.499505 0.499505 0.499505 0.499505 0.499505 0.499505 0.499505 0.499505 0.499505 0.499505 0.499505 0.499505 0.499505 0.499505 0.499505 0.499505 0.499505 0.499505 0.499505 0.499505 0.499505 0.499505 0.499505 0.499505 0.499505 0.499505 0.499505 0.499505 0.499505 0.499505 0.499505 0.499505 0.499505 0.499505 0.499505 0.499505 0.499505 0.499505 0.499505 0.499505 0.499505 0.499505 0.499505 0.499505 0.499505 0.499505 0.499505 0.499505 0.499505 0.328322 0.499505 0.499505 0.499505 0.499505 0.499505 0.499505 0.499505 0.499505 0.499505 0.315573 0.499505 0.499505 0.499505 0.499505 0.499505 0.499505 0.499505 0.499505 0.499505 0.3 0.499505 0.499505 0.499505 0.499505 0.499505 0.499505 0.499505 0.499505 0.499505 0.300001 0.499505 0.499505 0.499505 0.499505 0.499505 0.499505 0.499505 0.499505 0.499505 0.300009 0.499505 0.499505 0.499505 0.499505 0.499505 0.499505 0.499505 0.499505 0.499505 0.3 0.499505 0.499505 0.499505 0.499505 0.499505 0.499505 0.499505 0.499505 0.499505 0.495697 0.499505 0.499505 0.499505 0.499505 0.499505 0.499505 0.499505 0.499505 0.499505 0.362312 0.499505 0.499505 0.499505 0.499505 0.499505 0.499505 0.499505 0.499505 0.499505 0.3 0.499505 0.499505 0.499505 0.499505 0.499505 0.499505 0.499505 0.499505 0.499505 0.498845 0.499505 0.499505 0.499505 0.332672 0.499505 0.499505 0.300341 0.499505 0.499505 0.499505 0.499505 0.499505 0.499505 0.470601 0.499505 0.499505 0.491438 0.499505 0.499505 0.499505 0.499505 0.499505 0.499505 0.300019 0.499505 0.499505 0.300179 0.499505 0.499505 0.499505 0.499505 0.499505 0.499505 0.403152 0.499505 0.499505 0.495074 0.499505 0.499505 0.499505 0.499505 0.499505 0.499505 0.3 0.499505 0.499505 0.300002 0.499505 0.499505 0.499505 0.499505 0.499505 0.499505 0.3 0.499505 0.499505 0.3 0.499505 0.499505 0.499505 0.499505 0.499505 0.499505 0.300001 0.499505 0.499505 0.3 0.499505 0.499505 0.499505 0.499505 0.499505 0.499505 0.301204 0.499505 0.499505 0.3 0.499505 0.499505 0.499505 0.499505 0.499505 0.499505 0.3 0.499505 0.499505 0.498249 0.499505 0.499505 0.499505 0.499505 0.499505 0.499505 0.3 0.499505 0.499505 0.441146 0.499505 0.499505 0.499505 0.499505 0.499505 0.499505 0.499505 0.499505 0.499505 0.499505 0.499505 0.499505 0.499505 0.499505 0.499505 0.499505 0.499505 0.499505 0.499505 0.499505 0.499505 0.499505 0.499505 0.499505 0.499505 0.499505 0.499505 0.499505 0.499505 0.499505 0.499505 0.499505 0.499505 0.499505 0.499505 0.499505 0.499505 0.499505 0.499505 0.499505 0.499505 0.499505 0.499505 0.499505 0.499505 0.499505 0.499505 0.499505 0.499505 0.499505 0.499505 0.499505 0.499505 0.499505 0.499505 0.499505 0.499505 0.499505 0.499505 0.499505 0.499505 0.499505 0.499505 0.499505 0.499505 0.499505 0.499505 0.499505 0.499505 0.499505 0.499505 0.499505 0.499505 0.499505 0.499505 0.499505 0.499505 0.499505 0.499505 0.499505 0.499505 0.499505 0.499505 0.499505 0.499505 0.499505 0.499505 0.499505 0.499505 0.499505 0.499505 0.499505 0.499505 0.499505 0.499505 0.499505 0.499505 0.499505 0.499505 0.499505 0.499505 0.499505 0.499505 0.499505 0.499505 0.499505 0.499505 0.499505 0.499505 0.499505 0.499505 0.499505 0.3 0.499505 0.499505 0.499505 0.499505 0.499505 0.499505 0.499505 0.499505 0.499505 0.442303 0.499505 0.499505 0.499505 0.499505 0.499505 0.499505 0.499505 0.499505 0.499505 0.486783 0.499505 0.499505 0.499505 0.499505 0.499505 0.499505 0.499505 0.499505 0.499505 0.482494 0.499505 0.499505 0.499505 0.499505 0.499505 0.499505 0.499505 0.499505 0.499505 0.302968 0.499505 0.499505 0.499505 0.499505 0.499505 0.499505 0.499505 0.499505 0.499505 0.49899 0.499505 0.499505 0.499505 0.499505 0.499505 0.499505 0.499505 0.499505 0.499505 0.48868 0.499505 0.499505 0.499505 0.499505 0.499505 0.499505 0.499505 0.499505 0.499505 0.300307 0.499505 0.499505 0.499505 0.499505 0.499505 0.499505 0.499505 0.499505 0.499505 0.498195 0.499505 0.499505 0.499505 0.499505 0.499505 0.499505 0.499505 0.499505 0.499505 0.3 0.499505 0.499505 0.499505 0.3 0.499505 0.499505 0.3 0.499505 0.499505 0.499505 0.499505 0.499505 0.499505 0.300011 0.499505 0.499505 0.3 0.499505 0.499505 0.499505 0.499505 0.499505 0.499505 0.411154 0.499505 0.499505 0.485986 0.499505 0.499505 0.499505 0.499505 0.499505 0.499505 0.495805 0.499505 0.499505 0.499281 0.499505 0.499505 0.499505 0.499505 0.499505 0.499505 0.300003 0.499505 0.499505 0.497045 0.499505 0.499505 0.499505 0.499505 0.499505 0.499505 0.30003 0.499505 0.499505 0.45265 0.499505 0.499505 0.499505 0.499505 0.499505 0.499505 0.3 0.499505 0.499505 0.3 0.499505 0.499505 0.499505 0.499505 0.499505 0.499505 0.3 0.499505 0.499505 0.484875 0.499505 0.499505 0.499505 0.499505 0.499505 0.499505 0.3 0.499505 0.499505 0.3 0.499505 0.499505 0.499505 0.499505 0.499505 0.499505 0.392602 0.499505 0.499505 0.303973 0.499505 0.499505 0.499505 0.499505 0.499505 0.499505 0.499505 0.499505 0.499505 0.499505 0.499505 0.499505 0.499505 0.499505 0.499505 0.499505 0.499505 0.499505 0.499505 0.499505 0.499505 0.499505 0.499505 0.499505 0.499505 0.499505 0.499505 0.499505 0.499505 0.499505 0.499505 0.499505 0.499505 0.499505 0.499505 0.499505 0.499505 0.499505 0.499505 0.499505 0.499505 0.499505 0.499505 0.499505 0.499505 0.499505 0.499505 0.499505 0.499505 0.499505 0.499505 0.499505 0.499505 0.499505 0.499505 0.499505 0.499505 0.499505 0.499505 0.499505 0.499505 0.499505 0.499505 0.499505 0.499505 0.499505 0.499505 0.499505 0.499505 0.499505 0.499505 0.499505 0.499505 0.499505 0.499505 0.499505 0.499505 0.499505 0.499505 0.499505 0.499505 0.499505 0.499505 0.499505 0.499505 0.499505 0.499505 0.499505 0.499505 0.499505 0.499505 0.499505 0.499505 0.499505 0.499505 0.499505 0.499505 0.499505 0.499505 0.499505 0.499505 0.499505 0.499505 0.499505 0.499505 0.499505 0.499505 0.499505 0.499505 0.499505 0.499505 0.499505 0.31922 0.499505 0.499505 0.499505 0.499505 0.499505 0.499505 0.499505 0.499505 0.499505 0.401187 0.499505 0.499505 0.499505 0.499505 0.499505 0.499505 0.499505 0.499505 0.499505 0.3 0.499505 0.499505 0.499505 0.499505 0.499505 0.499505 0.499505 0.499505 0.499505 0.451012 0.499505 0.499505 0.499505 0.499505 0.499505 0.499505 0.499505 0.499505 0.499505 0.3 0.499505 0.499505 0.499505 0.499505 0.499505 0.499505 0.499505 0.499505 0.499505 0.30028 0.499505 0.499505 0.499505 0.499505 0.499505 0.499505 0.499505 0.499505 0.499505 0.399836 0.499505 0.499505 0.499505 0.499505 0.499505 0.499505 0.499505 0.499505 0.499505 0.495764 0.499505 0.499505 0.499505 0.499505 0.499505 0.499505 0.499505 0.499505 0.499505 0.348695 0.499505 0.499505 0.499505 0.499505 0.499505 0.499505 0.499505 0.499505 0.499505 0.300067 0.499505 0.499505 0.499505 0.499505 0.499505 0.499505 0.499505 0.499505 0.499505 0.329934 0.499505 0.499505 0.499505 0.499505 0.499505 0.499505 0.499505 0.499505 0.499505 0.498023 0.499505 0.499505 0.499505 0.499505 0.499505 0.499505 0.499505 0.499505 0.499505 0.334179 0.499505 0.499505 0.499505 0.499505 0.499505 0.499505 0.499505 0.499505 0.499505 0.330514 0.499505 0.499505 0.499505 0.499505 0.499505 0.499505 0.499505 0.499505 0.499505 0.322572 0.499505 0.499505 0.499505 0.499505 0.499505 0.499505 0.499505 0.499505 0.499505 0.300015 0.499505 0.499505 0.499505 0.499505 0.499505 0.499505 0.499505 0.499505 0.499505 0.305461 0.499505 0.499505 0.499505 0.499505 0.499505 0.499505 0.499505 0.499505 0.499505 0.3 0.499505 0.499505 0.499505 0.499505 0.499505 0.499505 0.499505 0.499505 0.499505 0.3 0.499505 0.499505 0.499505 0.499505 0.499505 0.499505 0.499505 0.499505 0.499505 0.300217 0.499505 0.499505 0.499505 0.488387 0.499505 0.499505 0.300027 0.499505 0.499505 0.499505 0.499505 0.499505 0.499505 0.3 0.499505 0.499505 0.300606 0.499505 0.499505 0.499505 0.499505 0.499505 0.499505 0.461291 0.499505 0.499505 0.421671 0.499505 0.499505 0.499505 0.499505 0.499505 0.499505 0.3 0.499505 0.499505 0.417287 0.499505 0.499505 0.499505 0.499505 0.499505 0.499505 0.491983 0.499505 0.499505 0.3 0.499505 0.499505 0.499505 0.499505 0.499505 0.499505 0.300002 0.499505 0.499505 0.311682 0.499505 0.499505 0.499505 0.499505 0.499505 0.499505 0.455082 0.499505 0.499505 0.454418 0.499505 0.499505 0.499505 0.499505 0.499505 0.499505 0.488971 0.499505 0.499505 0.3 0.499505 0.499505 0.499505 0.499505 0.499505 0.499505 0.486048 0.499505 0.499505 0.300548 0.499505 0.499505 0.499505 0.499505 0.499505 0.499505 0.3 0.499505 0.499505 0.329417 0.499505 0.499505 0.499505 0.499505 0.499505 0.499505 0.499505 0.499505 0.499505 0.499505 0.499505 0.499505 0.499505 0.499505 0.499505 0.499505 0.499505 0.499505 0.499505 0.499505 0.499505 0.499505 0.499505 0.499505 0.499505 0.499505 0.499505 0.499505 0.499505 0.499505 0.499505 0.499505 0.499505 0.499505 0.499505 0.499505 0.499505 0.499505 0.499505 0.499505 0.499505 0.499505 0.499505 0.499505 0.499505 0.499505 0.499505 0.499505 0.499505 0.499505 0.499505 0.499505 0.499505 0.499505 0.499505 0.499505 0.499505 0.499505 0.499505 0.499505 0.499505 0.499505 0.499505 0.499505 0.499505 0.499505 0.499505 0.499505 0.499505 0.499505 0.499505 0.499505 0.499505 0.499505 0.499505 0.499505 0.499505 0.499505 0.499505 0.499505 0.499505 0.499505 0.499505 0.499505 0.499505 0.499505 0.499505 0.499505 0.499505 0.499505 0.499505 0.499505 0.499505 0.499505 0.499505 0.499505 0.499505 0.499505 0.499505 0.499505 0.499505 0.499505 0.499505 0.499505 0.499505 0.499505 0.499505 0.499505 0.499505 0.499505 0.499505 0.499505 0.3527 0.499505 0.499505 0.499505 0.499505 0.499505 0.499505 0.499505 0.499505 0.499505 0.300004 0.499505 0.499505 0.499505 0.499505 0.499505 0.499505 0.499505 0.499505 0.499505 0.312226 0.499505 0.499505 0.499505 0.499505 0.499505 0.499505 0.499505 0.499505 0.499505 0.3 0.499505 0.499505 0.499505 0.499505 0.499505 0.499505 0.499505 0.499505 0.499505 0.498372 0.499505 0.499505 0.499505 0.499505 0.499505 0.499505 0.499505 0.499505 0.499505 0.329112 0.499505 0.499505 0.499505 0.499505 0.499505 0.499505 0.499505 0.499505 0.499505 0.498683 0.499505 0.499505 0.499505 0.499505 0.499505 0.499505 0.499505 0.499505 0.499505 0.495687 0.499505 0.499505 0.499505 0.499505 0.499505 0.499505 0.499505 0.499505 0.499505 0.300007 0.499505 0.499505 0.499505 0.499505 0.499505 0.499505 0.499505 0.499505 0.499505 0.49757 0.499505 0.499505 0.499505 0.300022 0.499505 0.499505 0.3 0.499505 0.499505 0.499505 0.499505 0.499505 0.499505 0.3 0.499505 0.499505 0.494827 0.499505 0.499505 0.499505 0.499505 0.499505 0.499505 0.300002 0.499505 0.499505 0.3 0.499505 0.499505 0.499505 0.499505 0.499505 0.499505 0.486537 0.499505 0.499505 0.3 0.499505 0.499505 0.499505 0.499505 0.499505 0.499505 0.300774 0.499505 0.499505 0.309597 0.499505 0.499505 0.499505 0.499505 0.499505 0.499505 0.3 0.499505 0.499505 0.498949 0.499505 0.499505 0.499505 0.499505 0.499505 0.499505 0.329368 0.499505 0.499505 0.311214 0.499505 0.499505 0.499505 0.499505 0.499505 0.499505 0.49466 0.499505 0.499505 0.417408 0.499505 0.499505 0.499505 0.499505 0.499505 0.499505 0.496922 0.499505 0.499505 0.301463 0.499505 0.499505 0.499505 0.499505 0.499505 0.499505 0.300001 0.499505 0.499505 0.348972 0.499505 0.499505 0.499505 0.499505 0.499505 0.499505 0.499505 0.499505 0.499505 0.499505 0.499505 0.499505 0.499505 0.499505 0.499505 0.499505 0.499505 0.499505 0.499505 0.499505 0.499505 0.499505 0.499505 0.499505 0.499505 0.499505 0.499505 0.499505 0.499505 0.499505 0.499505 0.499505 0.499505 0.499505 0.499505 0.499505 0.499505 0.499505 0.499505 0.499505 0.499505 0.499505 0.499505 0.499505 0.499505 0.499505 0.499505 0.499505 0.499505 0.499505 0.499505 0.499505 0.499505 0.499505 0.499505 0.499505 0.499505 0.499505 0.499505 0.499505 0.499505 0.499505 0.499505 0.499505 0.499505 0.499505 0.499505 0.499505 0.499505 0.499505 0.499505 0.499505 0.499505 0.499505 0.499505 0.499505 0.499505 0.499505 0.499505 0.499505 0.499505 0.499505 0.499505 0.499505 0.499505 0.499505 0.499505 0.499505 0.499505 0.499505 0.499505 0.499505 0.499505 0.499505 0.499505 0.499505 0.499505 0.499505 0.499505 0.499505 0.499505 0.499505 0.499505 0.499505 0.499505 0.499505 0.499505 0.499505 0.499505 0.499505 0.499505 0.499505 0.300369 0.499505 0.499505 0.499505 0.499505 0.499505 0.499505 0.499505 0.499505 0.499505 0.326964 0.499505 0.499505 0.499505 0.499505 0.499505 0.499505 0.499505 0.499505 0.499505 0.300158 0.499505 0.499505 0.499505 0.499505 0.499505 0.499505 0.499505 0.499505 0.499505 0.300001 0.499505 0.499505 0.499505 0.499505 0.499505 0.499505 0.499505 0.499505 0.499505 0.3 0.499505 0.499505 0.499505 0.499505 0.499505 0.499505 0.499505 0.499505 0.499505 0.300323 0.499505 0.499505 0.499505 0.499505 0.499505 0.499505 0.499505 0.499505 0.499505 0.3 0.499505 0.499505 0.499505 0.499505 0.499505 0.499505 0.499505 0.499505 0.499505 0.300819 0.499505 0.499505 0.499505 0.499505 0.499505 0.499505 0.499505 0.499505 0.499505 0.3004 0.499505 0.499505 0.499505 0.499505 0.499505 0.499505 0.499505 0.499505 0.499505 0.3 0.499505 0.499505 0.499505 0.300039 0.499505 0.499505 0.469569 0.499505 0.499505 0.499505 0.499505 0.499505 0.499505 0.3 0.499505 0.499505 0.301196 0.499505 0.499505 0.499505 0.499505 0.499505 0.499505 0.3 0.499505 0.499505 0.498362 0.499505 0.499505 0.499505 0.499505 0.499505 0.499505 0.336905 0.499505 0.499505 0.496534 0.499505 0.499505 0.499505 0.499505 0.499505 0.499505 0.330962 0.499505 0.499505 0.3 0.499505 0.499505 0.499505 0.499505 0.499505 0.499505 0.314602 0.499505 0.499505 0.498485 0.499505 0.499505 0.499505 0.499505 0.499505 0.499505 0.300221 0.499505 0.499505 0.484279 0.499505 0.499505 0.499505 0.499505 0.499505 0.499505 0.325341 0.499505 0.499505 0.300001 0.499505 0.499505 0.499505 0.499505 0.499505 0.499505 0.488527 0.499505 0.499505 0.36034 0.499505 0.499505 0.499505 0.499505 0.499505 0.499505 0.3 0.499505 0.499505 0.300001 0.499505 0.499505 0.499505 0.499505 0.499505 0.499505 0.499505 0.499505 0.499505 0.499505 0.499505 0.499505 0.499505 0.499505 0.499505 0.499505 0.499505 0.499505 0.499505 0.499505 0.499505 0.499505 0.499505 0.499505 0.499505 0.499505 0.499505 0.499505 0.499505 0.499505 0.499505 0.499505 0.499505 0.499505 0.499505 0.499505 0.499505 0.499505 0.499505 0.499505 0.499505 0.499505 0.499505 0.499505 0.499505 0.499505 0.499505 0.499505 0.499505 0.499505 0.499505 0.499505 0.499505 0.499505 0.499505 0.499505 0.499505 0.499505 0.499505 0.499505 0.499505 0.499505 0.499505 0.499505 0.499505 0.499505 0.499505 0.499505 0.499505 0.499505 0.499505 0.499505 0.499505 0.499505 0.499505 0.499505 0.499505 0.499505 0.499505 0.499505 0.499505 0.499505 0.499505 0.499505 0.499505 0.499505 0.499505 0.499505 0.499505 0.499505 0.499505 0.499505 0.499505 0.499505 0.499505 0.499505 0.499505 0.499505 0.499505 0.499505 0.499505 0.499505 0.499505 0.499505 0.499505 0.499505 0.499505 0.499505 0.499505 0.499505 0.499505 0.499505 0.3 0.499505 0.499505 0.499505 0.499505 0.499505 0.499505 0.499505 0.499505 0.499505 0.331319 0.499505 0.499505 0.499505 0.499505 0.499505 0.499505 0.499505 0.499505 0.499505 0.45685 0.499505 0.499505 0.499505 0.499505 0.499505 0.499505 0.499505 0.499505 0.499505 0.345038 0.499505 0.499505 0.499505 0.499505 0.499505 0.499505 0.499505 0.499505 0.499505 0.325153 0.499505 0.499505 0.499505 0.499505 0.499505 0.499505 0.499505 0.499505 0.499505 0.300067 0.499505 0.499505 0.499505 0.499505 0.499505 0.499505 0.499505 0.499505 0.499505 0.3 0.499505 0.499505 0.499505 0.499505 0.499505 0.499505 0.499505 0.499505 0.499505 0.3 0.499505 0.499505 0.499505 0.499505 0.499505 0.499505 0.499505 0.499505 0.499505 0.471424 0.499505 0.499505 0.499505 0.499505 0.499505 0.499505 0.499505 0.499505 0.499505 0.435491 0.499505 0.499505 0.499505 0.499505 0.499505 0.499505 0.499505 0.499505 0.499505 0.300341 0.499505 0.499505 0.499505 0.499505 0.499505 0.499505 0.499505 0.499505 0.499505 0.339333 0.499505 0.499505 0.499505 0.499505 0.499505 0.499505 0.499505 0.499505 0.499505 0.300011 0.499505 0.499505 0.499505 0.499505 0.499505 0.499505 0.499505 0.499505 0.499505 0.300018 0.499505 0.499505 0.499505 0.499505 0.499505 0.499505 0.499505 0.499505 0.499505 0.3 0.499505 0.499505 0.499505 0.499505 0.499505 0.499505 0.499505 0.499505 0.499505 0.300207 0.499505 0.499505 0.499505 0.499505 0.499505 0.499505 0.499505 0.499505 0.499505 0.3 0.499505 0.499505 0.499505 0.499505 0.499505 0.499505 0.499505 0.499505 0.499505 0.42333 0.499505 0.499505 0.499505 0.499505 0.499505 0.499505 0.499505 0.499505 0.499505 0.3 0.499505 0.499505 0.499505 0.499505 0.499505 0.499505 0.499505 0.499505 0.499505 0.320825 0.499505 0.499505 0.499505 0.49919 0.499505 0.499505 0.3 0.499505 0.499505 0.499505 0.499505 0.499505 0.499505 0.328102 0.499505 0.499505 0.3 0.499505 0.499505 0.499505 0.499505 0.499505 0.499505 0.3 0.499505 0.499505 0.3 0.499505 0.499505 0.499505 0.499505 0.499505 0.499505 0.495987 0.499505 0.499505 0.498188 0.499505 0.499505 0.499505 0.499505 0.499505 0.499505 0.30348 0.499505 0.499505 0.49903 0.499505 0.499505 0.499505 0.499505 0.499505 0.499505 0.474567 0.499505 0.499505 0.3 0.499505 0.499505 0.499505 0.499505 0.499505 0.499505 0.443135 0.499505 0.499505 0.481795 0.499505 0.499505 0.499505 0.499505 0.499505 0.499505 0.3 0.499505 0.499505 0.395337 0.499505 0.499505 0.499505 0.499505 0.499505 0.499505 0.476352 0.499505 0.499505 0.3 0.499505 0.499505 0.499505 0.499505 0.499505 0.499505 0.308842 0.499505 0.499505 0.476537 0.499505 0.499505 0.499505 0.499505 0.499505 0.499505 0.499505 0.499505 0.499505 0.499505 0.499505 0.499505 0.499505 0.499505 0.499505 0.499505 0.499505 0.499505 0.499505 0.499505 0.499505 0.499505 0.499505 0.499505 0.499505 0.499505 0.499505 0.499505 0.499505 0.499505 0.499505 0.499505 0.499505 0.499505 0.499505 0.499505 0.499505 0.499505 0.499505 0.499505 0.499505 0.499505 0.499505 0.499505 0.499505 0.499505 0.499505 0.499505 0.499505 0.499505 0.499505 0.499505 0.499505 0.499505 0.499505 0.499505 0.499505 0.499505 0.499505 0.499505 0.499505 0.499505 0.499505 0.499505 0.499505 0.499505 0.499505 0.499505 0.499505 0.499505 0.499505 0.499505 0.499505 0.499505 0.499505 0.499505 0.499505 0.499505 0.499505 0.499505 0.499505 0.499505 0.499505 0.499505 0.499505 0.499505 0.499505 0.499505 0.499505 0.499505 0.499505 0.499505 0.499505 0.499505 0.499505 0.499505 0.499505 0.499505 0.499505 0.499505 0.499505 0.499505 0.499505 0.499505 0.499505 0.499505 0.499505 0.499505 0.499505 0.499505 0.499505 0.499505 0.30782 0.499505 0.499505 0.499505 0.499505 0.499505 0.499505 0.499505 0.499505 0.499505 0.3 0.499505 0.499505 0.499505 0.499505 0.499505 0.499505 0.499505 0.499505 0.499505 0.3 0.499505 0.499505 0.499505 0.499505 0.499505 0.499505 0.499505 0.499505 0.499505 0.493798 0.499505 0.499505 0.499505 0.499505 0.499505 0.499505 0.499505 0.499505 0.499505 0.3 0.499505 0.499505 0.499505 0.499505 0.499505 0.499505 0.499505 0.499505 0.499505 0.3 0.499505 0.499505 0.499505 0.499505 0.499505 0.499505 0.499505 0.499505 0.499505 0.495243 0.499505 0.499505 0.499505 0.499505 0.499505 0.499505 0.499505 0.499505 0.499505 0.3 0.499505 0.499505 0.499505 0.499505 0.499505 0.499505 0.499505 0.499505 0.499505 0.348225 0.499505 0.499505 0.499505 0.499505 0.499505 0.499505 0.499505 0.499505 0.499505 0.3 0.499505 0.499505 0.499505 0.300117 0.499505 0.499505 0.492839 0.499505 0.499505 0.499505 0.499505 0.499505 0.499505 0.350574 0.499505 0.499505 0.3 0.499505 0.499505 0.499505 0.499505 0.499505 0.499505 0.3 0.499505 0.499505 0.388696 0.499505 0.499505 0.499505 0.499505 0.499505 0.499505 0.300013 0.499505 0.499505 0.497142 0.499505 0.499505 0.499505 0.499505 0.499505 0.499505 0.3 0.499505 0.499505 0.489258 0.499505 0.499505 0.499505 0.499505 0.499505 0.499505 0.307228 0.499505 0.499505 0.485433 0.499505 0.499505 0.499505 0.499505 0.499505 0.499505 0.3 0.499505 0.499505 0.3 0.499505 0.499505 0.499505 0.499505 0.499505 0.499505 0.3 0.499505 0.499505 0.300002 0.499505 0.499505 0.499505 0.499505 0.499505 0.499505 0.3 0.499505 0.499505 0.320267 0.499505 0.499505 0.499505 0.499505 0.499505 0.499505 0.3 0.499505 0.499505 0.303388 0.499505 0.499505 0.499505 0.499505 0.499505 0.499505 0.499505 0.499505 0.499505 0.499505 0.499505 0.499505 0.499505 0.499505 0.499505 0.499505 0.499505 0.499505 0.499505 0.499505 0.499505 0.499505 0.499505 0.499505 0.499505 0.499505 0.499505 0.499505 0.499505 0.499505 0.499505 0.499505 0.499505 0.499505 0.499505 0.499505 0.499505 0.499505 0.499505 0.499505 0.499505 0.499505 0.499505 0.499505 0.499505 0.499505 0.499505 0.499505 0.499505 0.499505 0.499505 0.499505 0.499505 0.499505 0.499505 0.499505 0.499505 0.499505 0.499505 0.499505 0.499505 0.499505 0.499505 0.499505 0.499505 0.499505 0.499505 0.499505 0.499505 0.499505 0.499505 0.499505 0.499505 0.499505 0.499505 0.499505 0.499505 0.499505 0.499505 0.499505 0.499505 0.499505 0.499505 0.499505 0.499505 0.499505 0.499505 0.499505 0.499505 0.499505 0.499505 0.499505 0.499505 0.499505 0.499505 0.499505 0.499505 0.499505 0.499505 0.499505 0.499505 0.499505 0.499505 0.499505 0.499505 0.499505 0.499505 0.499505 0.499505 0.499505 0.499505 0.499505 0.3 0.499505 0.499505 0.499505 0.499505 0.499505 0.499505 0.499505 0.499505 0.499505 0.300001 0.499505 0.499505 0.499505 0.499505 0.499505 0.499505 0.499505 0.499505 0.499505 0.3 0.499505 0.499505 0.499505 0.499505 0.499505 0.499505 0.499505 0.499505 0.499505 0.3 0.499505 0.499505 0.499505 0.499505 0.499505 0.499505 0.499505 0.499505 0.499505 0.316899 0.499505 0.499505 0.499505 0.499505 0.499505 0.499505 0.499505 0.499505 0.499505 0.39023 0.499505 0.499505 0.499505 0.499505 0.499505 0.499505 0.499505 0.499505 0.499505 0.498784 0.499505 0.499505 0.499505 0.499505 0.499505 0.499505 0.499505 0.499505 0.499505 0.304469 0.499505 0.499505 0.499505 0.499505 0.499505 0.499505 0.499505 0.499505 0.499505 0.3 0.499505 0.499505 0.499505 0.499505 0.499505 0.499505 0.499505 0.499505 0.499505 0.3 0.499505 0.499505 0.499505 0.410209 0.499505 0.499505 0.4974 0.499505 0.499505 0.499505 0.499505 0.499505 0.499505 0.432968 0.499505 0.499505 0.496506 0.499505 0.499505 0.499505 0.499505 0.499505 0.499505 0.498925 0.499505 0.499505 0.496155 0.499505 0.499505 0.499505 0.499505 0.499505 0.499505 0.307313 0.499505 0.499505 0.3 0.499505 0.499505 0.499505 0.499505 0.499505 0.499505 0.30023 0.499505 0.499505 0.300109 0.499505 0.499505 0.499505 0.499505 0.499505 0.499505 0.301017 0.499505 0.499505 0.307688 0.499505 0.499505 0.499505 0.499505 0.499505 0.499505 0.303931 0.499505 0.499505 0.458905 0.499505 0.499505 0.499505 0.499505 0.499505 0.499505 0.30013 0.499505 0.499505 0.300085 0.499505 0.499505 0.499505 0.499505 0.499505 0.499505 0.47193 0.499505 0.499505 0.44483 0.499505 0.499505 0.499505 0.499505 0.499505 0.499505 0.496815 0.499505 0.499505 0.300375 0.499505 0.499505 0.499505 0.499505 0.499505 0.499505 0.499505 0.499505 0.499505 0.499505 0.499505 0.499505 0.499505 0.499505 0.499505 0.499505 0.499505 0.499505 0.499505 0.499505 0.499505 0.499505 0.499505 0.499505 0.499505 0.499505 0.499505 0.499505 0.499505 0.499505 0.499505 0.499505 0.499505 0.499505 0.499505 0.499505 0.499505 0.499505 0.499505 0.499505 0.499505 0.499505 0.499505 0.499505 0.499505 0.499505 0.499505 0.499505 0.499505 0.499505 0.499505 0.499505 0.499505 0.499505 0.499505 0.499505 0.499505 0.499505 0.499505 0.499505 0.499505 0.499505 0.499505 0.499505 0.499505 0.499505 0.499505 0.499505 0.499505 0.499505 0.499505 0.499505 0.499505 0.499505 0.499505 0.499505 0.499505 0.499505 0.499505 0.499505 0.499505 0.499505 0.499505 0.499505 0.499505 0.499505 0.499505 0.499505 0.499505 0.499505 0.499505 0.499505 0.499505 0.499505 0.499505 0.499505 0.499505 0.499505 0.499505 0.499505 0.499505 0.499505 0.499505 0.499505 0.499505 0.499505 0.499505 0.499505 0.499505 0.499505 0.499505 0.499505 0.300008 0.499505 0.499505 0.499505 0.499505 0.499505 0.499505 0.499505 0.499505 0.499505 0.447127 0.499505 0.499505 0.499505 0.499505 0.499505 0.499505 0.499505 0.499505 0.499505 0.367672 0.499505 0.499505 0.499505 0.499505 0.499505 0.499505 0.499505 0.499505 0.499505 0.439572 0.499505 0.499505 0.499505 0.499505 0.499505 0.499505 0.499505 0.499505 0.499505 0.300119 0.499505 0.499505 0.499505 0.499505 0.499505 0.499505 0.499505 0.499505 0.499505 0.300013 0.499505 0.499505 0.499505 0.499505 0.499505 0.499505 0.499505 0.499505 0.499505 0.300003 0.499505 0.499505 0.499505 0.499505 0.499505 0.499505 0.499505 0.499505 0.499505 0.300463 0.499505 0.499505 0.499505 0.499505 0.499505 0.499505 0.499505 0.499505 0.499505 0.372913 0.499505 0.499505 0.499505 0.499505 0.499505 0.499505 0.499505 0.499505 0.499505 0.3 0.499505 0.499505 0.499505 0.499505 0.499505 0.499505 0.499505 0.499505 0.499505 0.300001 0.499505 0.499505 0.499505 0.499505 0.499505 0.499505 0.499505 0.499505 0.499505 0.3 0.499505 0.499505 0.499505 0.499505 0.499505 0.499505 0.499505 0.499505 0.499505 0.302799 0.499505 0.499505 0.499505 0.499505 0.499505 0.499505 0.499505 0.499505 0.499505 0.3 0.499505 0.499505 0.499505 0.499505 0.499505 0.499505 0.499505 0.499505 0.499505 0.496245 0.499505 0.499505 0.499505 0.499505 0.499505 0.499505 0.499505 0.499505 0.499505 0.30005 0.499505 0.499505 0.499505 0.499505 0.499505 0.499505 0.499505 0.499505 0.499505 0.300353 0.499505 0.499505 0.499505 0.499505 0.499505 0.499505 0.499505 0.499505 0.499505 0.3 0.499505 0.499505 0.499505 0.499505 0.499505 0.499505 0.499505 0.499505 0.499505 0.300382 0.499505 0.499505 0.499505 0.499505 0.499505 0.499505 0.499505 0.499505 0.499505 0.3 0.499505 0.499505 0.499505 0.304545 0.499505 0.499505 0.479554 0.499505 0.499505 0.499505 0.499505 0.499505 0.499505 0.305306 0.499505 0.499505 0.300107 0.499505 0.499505 0.499505 0.499505 0.499505 0.499505 0.498854 0.499505 0.499505 0.306926 0.499505 0.499505 0.499505 0.499505 0.499505 0.499505 0.300056 0.499505 0.499505 0.300065 0.499505 0.499505 0.499505 0.499505 0.499505 0.499505 0.300042 0.499505 0.499505 0.303197 0.499505 0.499505 0.499505 0.499505 0.499505 0.499505 0.3 0.499505 0.499505 0.300292 0.499505 0.499505 0.499505 0.499505 0.499505 0.499505 0.300278 0.499505 0.499505 0.3 0.499505 0.499505 0.499505 0.499505 0.499505 0.499505 0.300192 0.499505 0.499505 0.3 0.499505 0.499505 0.499505 0.499505 0.499505 0.499505 0.300001 0.499505 0.499505 0.479507 0.499505 0.499505 0.499505 0.499505 0.499505 0.499505 0.483434 0.499505 0.499505 0.301534 0.499505 0.499505 0.499505 0.499505 0.499505 0.499505 0.499505 0.499505 0.499505 0.499505 0.499505 0.499505 0.499505 0.499505 0.499505 0.499505 0.499505 0.499505 0.499505 0.499505 0.499505 0.499505 0.499505 0.499505 0.499505 0.499505 0.499505 0.499505 0.499505 0.499505 0.499505 0.499505 0.499505 0.499505 0.499505 0.499505 0.499505 0.499505 0.499505 0.499505 0.499505 0.499505 0.499505 0.499505 0.499505 0.499505 0.499505 0.499505 0.499505 0.499505 0.499505 0.499505 0.499505 0.499505 0.499505 0.499505 0.499505 0.499505 0.499505 0.499505 0.499505 0.499505 0.499505 0.499505 0.499505 0.499505 0.499505 0.499505 0.499505 0.499505 0.499505 0.499505 0.499505 0.499505 0.499505 0.499505 0.499505 0.499505 0.499505 0.499505 0.499505 0.499505 0.499505 0.499505 0.499505 0.499505 0.499505 0.499505 0.499505 0.499505 0.499505 0.499505 0.499505 0.499505 0.499505 0.499505 0.499505 0.499505 0.499505 0.499505 0.499505 0.499505 0.499505 0.499505 0.499505 0.499505 0.499505 0.499505 0.499505 0.499505 0.499505 0.499505 0.498617 0.499505 0.499505 0.499505 0.499505 0.499505 0.499505 0.499505 0.499505 0.499505 0.496861 0.499505 0.499505 0.499505 0.499505 0.499505 0.499505 0.499505 0.499505 0.499505 0.300023 0.499505 0.499505 0.499505 0.499505 0.499505 0.499505 0.499505 0.499505 0.499505 0.463239 0.499505 0.499505 0.499505 0.499505 0.499505 0.499505 0.499505 0.499505 0.499505 0.309779 0.499505 0.499505 0.499505 0.499505 0.499505 0.499505 0.499505 0.499505 0.499505 0.3 0.499505 0.499505 0.499505 0.499505 0.499505 0.499505 0.499505 0.499505 0.499505 0.352442 0.499505 0.499505 0.499505 0.499505 0.499505 0.499505 0.499505 0.499505 0.499505 0.300186 0.499505 0.499505 0.499505 0.499505 0.499505 0.499505 0.499505 0.499505 0.499505 0.415845 0.499505 0.499505 0.499505 0.499505 0.499505 0.499505 0.499505 0.499505 0.499505 0.3 0.499505 0.499505 0.499505 0.490087 0.499505 0.499505 0.473161 0.499505 0.499505 0.499505 0.499505 0.499505 0.499505 0.3 0.499505 0.499505 0.463506 0.499505 0.499505 0.499505 0.499505 0.499505 0.499505 0.324451 0.499505 0.499505 0.318779 0.499505 0.499505 0.499505 0.499505 0.499505 0.499505 0.335905 0.499505 0.499505 0.491546 0.499505 0.499505 0.499505 0.499505 0.499505 0.499505 0.3 0.499505 0.499505 0.363102 0.499505 0.499505 0.499505 0.499505 0.499505 0.499505 0.439215 0.499505 0.499505 0.300054 0.499505 0.499505 0.499505 0.499505 0.499505 0.499505 0.326368 0.499505 0.499505 0.3 0.499505 0.499505 0.499505 0.499505 0.499505 0.499505 0.301811 0.499505 0.499505 0.495376 0.499505 0.499505 0.499505 0.499505 0.499505 0.499505 0.3 0.499505 0.499505 0.300052 0.499505 0.499505 0.499505 0.499505 0.499505 0.499505 0.437619 0.499505 0.499505 0.3 0.499505 0.499505 0.499505 0.499505 0.499505 0.499505 0.499505 0.499505 0.499505 0.499505 0.499505 0.499505 0.499505 0.499505 0.499505 0.499505 0.499505 0.499505 0.499505 0.499505 0.499505 0.499505 0.499505 0.499505 0.499505 0.499505 0.499505 0.499505 0.499505 0.499505 0.499505 0.499505 0.499505 0.499505 0.499505 0.499505 0.499505 0.499505 0.499505 0.499505 0.499505 0.499505 0.499505 0.499505 0.499505 0.499505 0.499505 0.499505 0.499505 0.499505 0.499505 0.499505 0.499505 0.499505 0.499505 0.499505 0.499505 0.499505 0.499505 0.499505 0.499505 0.499505 0.499505 0.499505 0.499505 0.499505 0.499505 0.499505 0.499505 0.499505 0.499505 0.499505 0.499505 0.499505 0.499505 0.499505 0.499505 0.499505 0.499505 0.499505 0.499505 0.499505 0.499505 0.499505 0.499505 0.499505 0.499505 0.499505 0.499505 0.499505 0.499505 0.499505 0.499505 0.499505 0.499505 0.499505 0.499505 0.499505 0.499505 0.499505 0.499505 0.499505 0.499505 0.499505 0.499505 0.499505 0.499505 0.499505 0.499505 0.499505 0.499505 0.499505 0.3 0.499505 0.499505 0.499505 0.499505 0.499505 0.499505 0.499505 0.499505 0.499505 0.3 0.499505 0.499505 0.499505 0.499505 0.499505 0.499505 0.499505 0.499505 0.499505 0.300077 0.499505 0.499505 0.499505 0.499505 0.499505 0.499505 0.499505 0.499505 0.499505 0.3 0.499505 0.499505 0.499505 0.499505 0.499505 0.499505 0.499505 0.499505 0.499505 0.3 0.499505 0.499505 0.499505 0.499505 0.499505 0.499505 0.499505 0.499505 0.499505 0.300477 0.499505 0.499505 0.499505 0.499505 0.499505 0.499505 0.499505 0.499505 0.499505 0.3 0.499505 0.499505 0.499505 0.499505 0.499505 0.499505 0.499505 0.499505 0.499505 0.348569 0.499505 0.499505 0.499505 0.499505 0.499505 0.499505 0.499505 0.499505 0.499505 0.498207 0.499505 0.499505 0.499505 0.499505 0.499505 0.499505 0.499505 0.499505 0.499505 0.467899 0.499505 0.499505 0.499505 0.48684 0.499505 0.499505 0.309304 0.499505 0.499505 0.499505 0.499505 0.499505 0.499505 0.41701 0.499505 0.499505 0.305325 0.499505 0.499505 0.499505 0.499505 0.499505 0.499505 0.351234 0.499505 0.499505 0.304906 0.499505 0.499505 0.499505 0.499505 0.499505 0.499505 0.3 0.499505 0.499505 0.433677 0.499505 0.499505 0.499505 0.499505 0.499505 0.499505 0.300066 0.499505 0.499505 0.30028 0.499505 0.499505 0.499505 0.499505 0.499505 0.499505 0.470209 0.499505 0.499505 0.300003 0.499505 0.499505 0.499505 0.499505 0.499505 0.499505 0.3 0.499505 0.499505 0.302129 0.499505 0.499505 0.499505 0.499505 0.499505 0.499505 0.410601 0.499505 0.499505 0.495284 0.499505 0.499505 0.499505 0.499505 0.499505 0.499505 0.435906 0.499505 0.499505 0.300002 0.499505 0.499505 0.499505 0.499505 0.499505 0.499505 0.361614 0.499505 0.499505 0.487556 0.499505 0.499505 0.499505 0.499505 0.499505 0.499505 0.499505 0.499505 0.499505 0.499505 0.499505 0.499505 0.499505 0.499505 0.499505 0.499505 0.499505 0.499505 0.499505 0.499505 0.499505 0.499505 0.499505 0.499505 0.499505 0.499505 0.499505 0.499505 0.499505 0.499505 0.499505 0.499505 0.499505 0.499505 0.499505 0.499505 0.499505 0.499505 0.499505 0.499505 0.499505 0.499505 0.499505 0.499505 0.499505 0.499505 0.499505 0.499505 0.499505 0.499505 0.499505 0.499505 0.499505 0.499505 0.499505 0.499505 0.499505 0.499505 0.499505 0.499505 0.499505 0.499505 0.499505 0.499505 0.499505 0.499505 0.499505 0.499505 0.499505 0.499505 0.499505 0.499505 0.499505 0.499505 0.499505 0.499505 0.499505 0.499505 0.499505 0.499505 0.499505 0.499505 0.499505 0.499505 0.499505 0.499505 0.499505 0.499505 0.499505 0.499505 0.499505 0.499505 0.499505 0.499505 0.499505 0.499505 0.499505 0.499505 0.499505 0.499505 0.499505 0.499505 0.499505 0.499505 0.499505 0.499505 0.499505 0.499505 0.499505 0.499505 0.499505 0.499505 0.300023 0.499505 0.499505 0.499505 0.499505 0.499505 0.499505 0.499505 0.499505 0.499505 0.499295 0.499505 0.499505 0.499505 0.499505 0.499505 0.499505 0.499505 0.499505 0.499505 0.324823 0.499505 0.499505 0.499505 0.499505 0.499505 0.499505 0.499505 0.499505 0.499505 0.301945 0.499505 0.499505 0.499505 0.499505 0.499505 0.499505 0.499505 0.499505 0.499505 0.300013 0.499505 0.499505 0.499505 0.499505 0.499505 0.499505 0.499505 0.499505 0.499505 0.3 0.499505 0.499505 0.499505 0.499505 0.499505 0.499505 0.499505 0.499505 0.499505 0.300679 0.499505 0.499505 0.499505 0.499505 0.499505 0.499505 0.499505 0.499505 0.499505 0.3 0.499505 0.499505 0.499505 0.499505 0.499505 0.499505 0.499505 0.499505 0.499505 0.3 0.499505 0.499505 0.499505 0.499505 0.499505 0.499505 0.499505 0.499505 0.499505 0.3 0.499505 0.499505 0.499505 0.499505 0.499505 0.499505 0.499505 0.499505 0.499505 0.304663 0.499505 0.499505 0.499505 0.499505 0.499505 0.499505 0.499505 0.499505 0.499505 0.300095 0.499505 0.499505 0.499505 0.499505 0.499505 0.499505 0.499505 0.499505 0.499505 0.322695 0.499505 0.499505 0.499505 0.499505 0.499505 0.499505 0.499505 0.499505 0.499505 0.300003 0.499505 0.499505 0.499505 0.499505 0.499505 0.499505 0.499505 0.499505 0.499505 0.379187 0.499505 0.499505 0.499505 0.499505 0.499505 0.499505 0.499505 0.499505 0.499505 0.49798 0.499505 0.499505 0.499505 0.499505 0.499505 0.499505 0.499505 0.499505 0.499505 0.3 0.499505 0.499505 0.499505 0.499505 0.499505 0.499505 0.499505 0.499505 0.499505 0.302966 0.499505 0.499505 0.499505 0.499505 0.499505 0.499505 0.499505 0.499505 0.499505 0.498062 0.499505 0.499505 0.499505 0.499505 0.499505 0.499505 0.499505 0.499505 0.499505 0.486283 0.499505 0.499505 0.499505 0.493393 0.499505 0.499505 0.300006 0.499505 0.499505 0.499505 0.499505 0.499505 0.499505 0.3 0.499505 0.499505 0.300012 0.499505 0.499505 0.499505 0.499505 0.499505 0.499505 0.3 0.499505 0.499505 0.446797 0.499505 0.499505 0.499505 0.499505 0.499505 0.499505 0.3 0.499505 0.499505 0.488871 0.499505 0.499505 0.499505 0.499505 0.499505 0.499505 0.475623 0.499505 0.499505 0.484304 0.499505 0.499505 0.499505 0.499505 0.499505 0.499505 0.3 0.499505 0.499505 0.495857 0.499505 0.499505 0.499505 0.499505 0.499505 0.499505 0.300001 0.499505 0.499505 0.412148 0.499505 0.499505 0.499505 0.499505 0.499505 0.499505 0.300027 0.499505 0.499505 0.300051 0.499505 0.499505 0.499505 0.499505 0.499505 0.499505 0.438969 0.499505 0.499505 0.3 0.499505 0.499505 0.499505 0.499505 0.499505 0.499505 0.30142 0.499505 0.499505 0.471219 0.499505 0.499505 0.499505 0.499505 0.499505 0.499505 0.499505 0.499505 0.499505 0.499505 0.499505 0.499505 0.499505 0.499505 0.499505 0.499505 0.499505 0.499505 0.499505 0.499505 0.499505 0.499505 0.499505 0.499505 0.499505 0.499505 0.499505 0.499505 0.499505 0.499505 0.499505 0.499505 0.499505 0.499505 0.499505 0.499505 0.499505 0.499505 0.499505 0.499505 0.499505 0.499505 0.499505 0.499505 0.499505 0.499505 0.499505 0.499505 0.499505 0.499505 0.499505 0.499505 0.499505 0.499505 0.499505 0.499505 0.499505 0.499505 0.499505 0.499505 0.499505 0.499505 0.499505 0.499505 0.499505 0.499505 0.499505 0.499505 0.499505 0.499505 0.499505 0.499505 0.499505 0.499505 0.499505 0.499505 0.499505 0.499505 0.499505 0.499505 0.499505 0.499505 0.499505 0.499505 0.499505 0.499505 0.499505 0.499505 0.499505 0.499505 0.499505 0.499505 0.499505 0.499505 0.499505 0.499505 0.499505 0.499505 0.499505 0.499505 0.499505 0.499505 0.499505 0.499505 0.499505 0.499505 0.499505 0.499505 0.499505 0.499505 0.499505 0.499505 0.302695 0.499505 0.499505 0.499505 0.499505 0.499505 0.499505 0.499505 0.499505 0.499505 0.453058 0.499505 0.499505 0.499505 0.499505 0.499505 0.499505 0.499505 0.499505 0.499505 0.3 0.499505 0.499505 0.499505 0.499505 0.499505 0.499505 0.499505 0.499505 0.499505 0.47601 0.499505 0.499505 0.499505 0.499505 0.499505 0.499505 0.499505 0.499505 0.499505 0.300525 0.499505 0.499505 0.499505 0.499505 0.499505 0.499505 0.499505 0.499505 0.499505 0.313326 0.499505 0.499505 0.499505 0.499505 0.499505 0.499505 0.499505 0.499505 0.499505 0.349496 0.499505 0.499505 0.499505 0.499505 0.499505 0.499505 0.499505 0.499505 0.499505 0.3 0.499505 0.499505 0.499505 0.499505 0.499505 0.499505 0.499505 0.499505 0.499505 0.300118 0.499505 0.499505 0.499505 0.499505 0.499505 0.499505 0.499505 0.499505 0.499505 0.355899 0.499505 0.499505 0.499505 0.462766 0.499505 0.499505 0.397553 0.499505 0.499505 0.499505 0.499505 0.499505 0.499505 0.300703 0.499505 0.499505 0.418854 0.499505 0.499505 0.499505 0.499505 0.499505 0.499505 0.328888 0.499505 0.499505 0.300307 0.499505 0.499505 0.499505 0.499505 0.499505 0.499505 0.498167 0.499505 0.499505 0.484807 0.499505 0.499505 0.499505 0.499505 0.499505 0.499505 0.300021 0.499505 0.499505 0.494563 0.499505 0.499505 0.499505 0.499505 0.499505 0.499505 0.3 0.499505 0.499505 0.317196 0.499505 0.499505 0.499505 0.499505 0.499505 0.499505 0.498773 0.499505 0.499505 0.493119 0.499505 0.499505 0.499505 0.499505 0.499505 0.499505 0.323314 0.499505 0.499505 0.331948 0.499505 0.499505 0.499505 0.499505 0.499505 0.499505 0.492913 0.499505 0.499505 0.3 0.499505 0.499505 0.499505 0.499505 0.499505 0.499505 0.493257 0.499505 0.499505 0.309591 0.499505 0.499505 0.499505 0.499505 0.499505 0.499505 0.499505 0.499505 0.499505 0.499505 0.499505 0.499505 0.499505 0.499505 0.499505 0.499505 0.499505 0.499505 0.499505 0.499505 0.499505 0.499505 0.499505 0.499505 0.499505 0.499505 0.499505 0.499505 0.499505 0.499505 0.499505 0.499505 0.499505 0.499505 0.499505 0.499505 0.499505 0.499505 0.499505 0.499505 0.499505 0.499505 0.499505 0.499505 0.499505 0.499505 0.499505 0.499505 0.499505 0.499505 0.499505 0.499505 0.499505 0.499505 0.499505 0.499505 0.499505 0.499505 0.499505 0.499505 0.499505 0.499505 0.499505 0.499505 0.499505 0.499505 0.499505 0.499505 0.499505 0.499505 0.499505 0.499505 0.499505 0.499505 0.499505 0.499505 0.499505 0.499505 0.499505 0.499505 0.499505 0.499505 0.499505 0.499505 0.499505 0.499505 0.499505 0.499505 0.499505 0.499505 0.499505 0.499505 0.499505 0.499505 0.499505 0.499505 0.499505 0.499505 0.499505 0.499505 0.499505 0.499505 0.499505 0.499505 0.499505 0.499505 0.499505 0.499505 0.499505 0.499505 0.499505 0.499505 0.352696 0.499505 0.499505 0.499505 0.499505 0.499505 0.499505 0.499505 0.499505 0.499505 0.43693 0.499505 0.499505 0.499505 0.499505 0.499505 0.499505 0.499505 0.499505 0.499505 0.381996 0.499505 0.499505 0.499505 0.499505 0.499505 0.499505 0.499505 0.499505 0.499505 0.378215 0.499505 0.499505 0.499505 0.499505 0.499505 0.499505 0.499505 0.499505 0.499505 0.499262 0.499505 0.499505 0.499505 0.499505 0.499505 0.499505 0.499505 0.499505 0.499505 0.36648 0.499505 0.499505 0.499505 0.499505 0.499505 0.499505 0.499505 0.499505 0.499505 0.300548 0.499505 0.499505 0.499505 0.499505 0.499505 0.499505 0.499505 0.499505 0.499505 0.3 0.499505 0.499505 0.499505 0.499505 0.499505 0.499505 0.499505 0.499505 0.499505 0.487429 0.499505 0.499505 0.499505 0.499505 0.499505 0.499505 0.499505 0.499505 0.499505 0.489486 0.499505 0.499505 0.499505 0.300506 0.499505 0.499505 0.318444 0.499505 0.499505 0.499505 0.499505 0.499505 0.499505 0.38743 0.499505 0.499505 0.300005 0.499505 0.499505 0.499505 0.499505 0.499505 0.499505 0.300425 0.499505 0.499505 0.300038 0.499505 0.499505 0.499505 0.499505 0.499505 0.499505 0.495164 0.499505 0.499505 0.495827 0.499505 0.499505 0.499505 0.499505 0.499505 0.499505 0.3 0.499505 0.499505 0.496195 0.499505 0.499505 0.499505 0.499505 0.499505 0.499505 0.388159 0.499505 0.499505 0.3 0.499505 0.499505 0.499505 0.499505 0.499505 0.499505 0.301337 0.499505 0.499505 0.300655 0.499505 0.499505 0.499505 0.499505 0.499505 0.499505 0.300011 0.499505 0.499505 0.496431 0.499505 0.499505 0.499505 0.499505 0.499505 0.499505 0.493885 0.499505 0.499505 0.3 0.499505 0.499505 0.499505 0.499505 0.499505 0.499505 0.300004 0.499505 0.499505 0.407556 0.499505 0.499505 0.499505 0.499505 0.499505 0.499505 0.499505 0.499505 0.499505 0.499505 0.499505 0.499505 0.499505 0.499505 0.499505 0.499505 0.499505 0.499505 0.499505 0.499505 0.499505 0.499505 0.499505 0.499505 0.499505 0.499505 0.499505 0.499505 0.499505 0.499505 0.499505 0.499505 0.499505 0.499505 0.499505 0.499505 0.499505 0.499505 0.499505 0.499505 0.499505 0.499505 0.499505 0.499505 0.499505 0.499505 0.499505 0.499505 0.499505 0.499505 0.499505 0.499505 0.499505 0.499505 0.499505 0.499505 0.499505 0.499505 0.499505 0.499505 0.499505 0.499505 0.499505 0.499505 0.499505 0.499505 0.499505 0.499505 0.499505 0.499505 0.499505 0.499505 0.499505 0.499505 0.499505 0.499505 0.499505 0.499505 0.499505 0.499505 0.499505 0.499505 0.499505 0.499505 0.499505 0.499505 0.499505 0.499505 0.499505 0.499505 0.499505 0.499505 0.499505 0.499505 0.499505 0.499505 0.499505 0.499505 0.499505 0.499505 0.499505 0.499505 0.499505 0.499505 0.499505 0.499505 0.499505 0.499505 0.499505 0.499505 0.499505 0.499505 0.3 0.499505 0.499505 0.499505 0.499505 0.499505 0.499505 0.499505 0.499505 0.499505 0.3 0.499505 0.499505 0.499505 0.499505 0.499505 0.499505 0.499505 0.499505 0.499505 0.410975 0.499505 0.499505 0.499505 0.499505 0.499505 0.499505 0.499505 0.499505 0.499505 0.3 0.499505 0.499505 0.499505 0.499505 0.499505 0.499505 0.499505 0.499505 0.499505 0.471211 0.499505 0.499505 0.499505 0.499505 0.499505 0.499505 0.499505 0.499505 0.499505 0.498176 0.499505 0.499505 0.499505 0.499505 0.499505 0.499505 0.499505 0.499505 0.499505 0.307953 0.499505 0.499505 0.499505 0.499505 0.499505 0.499505 0.499505 0.499505 0.499505 0.300003 0.499505 0.499505 0.499505 0.499505 0.499505 0.499505 0.499505 0.499505 0.499505 0.3 0.499505 0.499505 0.499505 0.499505 0.499505 0.499505 0.499505 0.499505 0.499505 0.496215 0.499505 0.499505 0.499505 0.499505 0.499505 0.499505 0.499505 0.499505 0.499505 0.370214 0.499505 0.499505 0.499505 0.499505 0.499505 0.499505 0.499505 0.499505 0.499505 0.407693 0.499505 0.499505 0.499505 0.499505 0.499505 0.499505 0.499505 0.499505 0.499505 0.313981 0.499505 0.499505 0.499505 0.499505 0.499505 0.499505 0.499505 0.499505 0.499505 0.401627 0.499505 0.499505 0.499505 0.499505 0.499505 0.499505 0.499505 0.499505 0.499505 0.3 0.499505 0.499505 0.499505 0.499505 0.499505 0.499505 0.499505 0.499505 0.499505 0.3 0.499505 0.499505 0.499505 0.499505 0.499505 0.499505 0.499505 0.499505 0.499505 0.300067 0.499505 0.499505 0.499505 0.499505 0.499505 0.499505 0.499505 0.499505 0.499505 0.478122 0.499505 0.499505 0.499505 0.499505 0.499505 0.499505 0.499505 0.499505 0.499505 0.300005 0.499505 0.499505 0.499505 0.499505 0.499505 0.499505 0.499505 0.499505 0.499505 0.300006 0.499505 0.499505 0.499505 0.438085 0.499505 0.499505 0.479444 0.499505 0.499505 0.499505 0.499505 0.499505 0.499505 0.499154 0.499505 0.499505 0.3 0.499505 0.499505 0.499505 0.499505 0.499505 0.499505 0.300063 0.499505 0.499505 0.3 0.499505 0.499505 0.499505 0.499505 0.499505 0.499505 0.3 0.499505 0.499505 0.300053 0.499505 0.499505 0.499505 0.499505 0.499505 0.499505 0.3 0.499505 0.499505 0.497981 0.499505 0.499505 0.499505 0.499505 0.499505 0.499505 0.42234 0.499505 0.499505 0.493735 0.499505 0.499505 0.499505 0.499505 0.499505 0.499505 0.455365 0.499505 0.499505 0.300629 0.499505 0.499505 0.499505 0.499505 0.499505 0.499505 0.498336 0.499505 0.499505 0.3 0.499505 0.499505 0.499505 0.499505 0.499505 0.499505 0.305082 0.499505 0.499505 0.451352 0.499505 0.499505 0.499505 0.499505 0.499505 0.499505 0.496886 0.499505 0.499505 0.46993 0.499505 0.499505 0.499505 0.499505 0.499505 0.499505 0.499505 0.499505 0.499505 0.499505 0.499505 0.499505 0.499505 0.499505 0.499505 0.499505 0.499505 0.499505 0.499505 0.499505 0.499505 0.499505 0.499505 0.499505 0.499505 0.499505 0.499505 0.499505 0.499505 0.499505 0.499505 0.499505 0.499505 0.499505 0.499505 0.499505 0.499505 0.499505 0.499505 0.499505 0.499505 0.499505 0.499505 0.499505 0.499505 0.499505 0.499505 0.499505 0.499505 0.499505 0.499505 0.499505 0.499505 0.499505 0.499505 0.499505 0.499505 0.499505 0.499505 0.499505 0.499505 0.499505 0.499505 0.499505 0.499505 0.499505 0.499505 0.499505 0.499505 0.499505 0.499505 0.499505 0.499505 0.499505 0.499505 0.499505 0.499505 0.499505 0.499505 0.499505 0.499505 0.499505 0.499505 0.499505 0.499505 0.499505 0.499505 0.499505 0.499505 0.499505 0.499505 0.499505 0.499505 0.499505 0.499505 0.499505 0.499505 0.499505 0.499505 0.499505 0.499505 0.499505 0.499505 0.499505 0.499505 0.499505 0.499505 0.499505 0.499505 0.499505 0.499505 0.499505 0.3 0.499505 0.499505 0.499505 0.499505 0.499505 0.499505 0.499505 0.499505 0.499505 0.495927 0.499505 0.499505 0.499505 0.499505 0.499505 0.499505 0.499505 0.499505 0.499505 0.3 0.499505 0.499505 0.499505 0.499505 0.499505 0.499505 0.499505 0.499505 0.499505 0.480617 0.499505 0.499505 0.499505 0.499505 0.499505 0.499505 0.499505 0.499505 0.499505 0.499164 0.499505 0.499505 0.499505 0.499505 0.499505 0.499505 0.499505 0.499505 0.499505 0.474577 0.499505 0.499505 0.499505 0.499505 0.499505 0.499505 0.499505 0.499505 0.499505 0.49102 0.499505 0.499505 0.499505 0.499505 0.499505 0.499505 0.499505 0.499505 0.499505 0.429268 0.499505 0.499505 0.499505 0.499505 0.499505 0.499505 0.499505 0.499505 0.499505 0.310451 0.499505 0.499505 0.499505 0.499505 0.499505 0.499505 0.499505 0.499505 0.499505 0.3 0.499505 0.499505 0.499505 0.3 0.499505 0.499505 0.324284 0.499505 0.499505 0.499505 0.499505 0.499505 0.499505 0.300001 0.499505 0.499505 0.300001 0.499505 0.499505 0.499505 0.499505 0.499505 0.499505 0.3 0.499505 0.499505 0.498231 0.499505 0.499505 0.499505 0.499505 0.499505 0.499505 0.301069 0.499505 0.499505 0.3 0.499505 0.499505 0.499505 0.499505 0.499505 0.499505 0.3 0.499505 0.499505 0.405941 0.499505 0.499505 0.499505 0.499505 0.499505 0.499505 0.3 0.499505 0.499505 0.400602 0.499505 0.499505 0.499505 0.499505 0.499505 0.499505 0.3 0.499505 0.499505 0.3 0.499505 0.499505 0.499505 0.499505 0.499505 0.499505 0.438478 0.499505 0.499505 0.3 0.499505 0.499505 0.499505 0.499505 0.499505 0.499505 0.340914 0.499505 0.499505 0.3 0.499505 0.499505 0.499505 0.499505 0.499505 0.499505 0.436902 0.499505 0.499505 0.494744 0.499505 0.499505 0.499505 0.499505 0.499505 0.499505 0.499505 0.499505 0.499505 0.499505 0.499505 0.499505 0.499505 0.499505 0.499505 0.499505 0.499505 0.499505 0.499505 0.499505 0.499505 0.499505 0.499505 0.499505 0.499505 0.499505 0.499505 0.499505 0.499505 0.499505 0.499505 0.499505 0.499505 0.499505 0.499505 0.499505 0.499505 0.499505 0.499505 0.499505 0.499505 0.499505 0.499505 0.499505 0.499505 0.499505 0.499505 0.499505 0.499505 0.499505 0.499505 0.499505 0.499505 0.499505 0.499505 0.499505 0.499505 0.499505 0.499505 0.499505 0.499505 0.499505 0.499505 0.499505 0.499505 0.499505 0.499505 0.499505 0.499505 0.499505 0.499505 0.499505 0.499505 0.499505 0.499505 0.499505 0.499505 0.499505 0.499505 0.499505 0.499505 0.499505 0.499505 0.499505 0.499505 0.499505 0.499505 0.499505 0.499505 0.499505 0.499505 0.499505 0.499505 0.499505 0.499505 0.499505 0.499505 0.499505 0.499505 0.499505 0.499505 0.499505 0.499505 0.499505 0.499505 0.499505 0.499505 0.499505 0.499505 0.499505 0.499505 0.499505 0.366228 0.499505 0.499505 0.499505 0.499505 0.499505 0.499505 0.499505 0.499505 0.499505 0.3 0.499505 0.499505 0.499505 0.499505 0.499505 0.499505 0.499505 0.499505 0.499505 0.300017 0.499505 0.499505 0.499505 0.499505 0.499505 0.499505 0.499505 0.499505 0.499505 0.311987 0.499505 0.499505 0.499505 0.499505 0.499505 0.499505 0.499505 0.499505 0.499505 0.300156 0.499505 0.499505 0.499505 0.499505 0.499505 0.499505 0.499505 0.499505 0.499505 0.35989 0.499505 0.499505 0.499505 0.499505 0.499505 0.499505 0.499505 0.499505 0.499505 0.301055 0.499505 0.499505 0.499505 0.499505 0.499505 0.499505 0.499505 0.499505 0.499505 0.3 0.499505 0.499505 0.499505 0.499505 0.499505 0.499505 0.499505 0.499505 0.499505 0.306623 0.499505 0.499505 0.499505 0.499505 0.499505 0.499505 0.499505 0.499505 0.499505 0.305721 0.499505 0.499505 0.499505 0.499064 0.499505 0.499505 0.409645 0.499505 0.499505 0.499505 0.499505 0.499505 0.499505 0.3 0.499505 0.499505 0.3 0.499505 0.499505 0.499505 0.499505 0.499505 0.499505 0.438425 0.499505 0.499505 0.3 0.499505 0.499505 0.499505 0.499505 0.499505 0.499505 0.3 0.499505 0.499505 0.300813 0.499505 0.499505 0.499505 0.499505 0.499505 0.499505 0.3 0.499505 0.499505 0.300232 0.499505 0.499505 0.499505 0.499505 0.499505 0.499505 0.315175 0.499505 0.499505 0.400287 0.499505 0.499505 0.499505 0.499505 0.499505 0.499505 0.3 0.499505 0.499505 0.451026 0.499505 0.499505 0.499505 0.499505 0.499505 0.499505 0.3 0.499505 0.499505 0.497648 0.499505 0.499505 0.499505 0.499505 0.499505 0.499505 0.31116 0.499505 0.499505 0.300004 0.499505 0.499505 0.499505 0.499505 0.499505 0.499505 0.300017 0.499505 0.499505 0.3 0.499505 0.499505 0.499505 0.499505 0.499505 0.499505 0.499505 0.499505 0.499505 0.499505 0.499505 0.499505 0.499505 0.499505 0.499505 0.499505 0.499505 0.499505 0.499505 0.499505 0.499505 0.499505 0.499505 0.499505 0.499505 0.499505 0.499505 0.499505 0.499505 0.499505 0.499505 0.499505 0.499505 0.499505 0.499505 0.499505 0.499505 0.499505 0.499505 0.499505 0.499505 0.499505 0.499505 0.499505 0.499505 0.499505 0.499505 0.499505 0.499505 0.499505 0.499505 0.499505 0.499505 0.499505 0.499505 0.499505 0.499505 0.499505 0.499505 0.499505 0.499505 0.499505 0.499505 0.499505 0.499505 0.499505 0.499505 0.499505 0.499505 0.499505 0.499505 0.499505 0.499505 0.499505 0.499505 0.499505 0.499505 0.499505 0.499505 0.499505 0.499505 0.499505 0.499505 0.499505 0.499505 0.499505 0.499505 0.499505 0.499505 0.499505 0.499505 0.499505 0.499505 0.499505 0.499505 0.499505 0.499505 0.499505 0.499505 0.499505 0.499505 0.499505 0.499505 0.499505 0.499505 0.499505 0.499505 0.499505 0.499505 0.499505 0.499505 0.499505 0.400065 0.499505 0.499505 0.499505 0.499505 0.499505 0.499505 0.499505 0.499505 0.499505 0.307408 0.499505 0.499505 0.499505 0.499505 0.499505 0.499505 0.499505 0.499505 0.499505 0.300309 0.499505 0.499505 0.499505 0.499505 0.499505 0.499505 0.499505 0.499505 0.499505 0.3 0.499505 0.499505 0.499505 0.499505 0.499505 0.499505 0.499505 0.499505 0.499505 0.495955 0.499505 0.499505 0.499505 0.499505 0.499505 0.499505 0.499505 0.499505 0.499505 0.332589 0.499505 0.499505 0.499505 0.499505 0.499505 0.499505 0.499505 0.499505 0.499505 0.316411 0.499505 0.499505 0.499505 0.499505 0.499505 0.499505 0.499505 0.499505 0.499505 0.498155 0.499505 0.499505 0.499505 0.499505 0.499505 0.499505 0.499505 0.499505 0.499505 0.307322 0.499505 0.499505 0.499505 0.499505 0.499505 0.499505 0.499505 0.499505 0.499505 0.3 0.499505 0.499505 0.499505 0.499505 0.499505 0.499505 0.499505 0.499505 0.499505 0.303039 0.499505 0.499505 0.499505 0.499505 0.499505 0.499505 0.499505 0.499505 0.499505 0.3 0.499505 0.499505 0.499505 0.499505 0.499505 0.499505 0.499505 0.499505 0.499505 0.494337 0.499505 0.499505 0.499505 0.499505 0.499505 0.499505 0.499505 0.499505 0.499505 0.300001 0.499505 0.499505 0.499505 0.499505 0.499505 0.499505 0.499505 0.499505 0.499505 0.455271 0.499505 0.499505 0.499505 0.499505 0.499505 0.499505 0.499505 0.499505 0.499505 0.300081 0.499505 0.499505 0.499505 0.499505 0.499505 0.499505 0.499505 0.499505 0.499505 0.473272 0.499505 0.499505 0.499505 0.499505 0.499505 0.499505 0.499505 0.499505 0.499505 0.3 0.499505 0.499505 0.499505 0.499505 0.499505 0.499505 0.499505 0.499505 0.499505 0.497925 0.499505 0.499505 0.499505 0.499505 0.499505 0.499505 0.499505 0.499505 0.499505 0.448782 0.499505 0.499505 0.499505 0.323428 0.499505 0.499505 0.300145 0.499505 0.499505 0.499505 0.499505 0.499505 0.499505 0.474758 0.499505 0.499505 0.3 0.499505 0.499505 0.499505 0.499505 0.499505 0.499505 0.386596 0.499505 0.499505 0.3 0.499505 0.499505 0.499505 0.499505 0.499505 0.499505 0.300072 0.499505 0.499505 0.300697 0.499505 0.499505 0.499505 0.499505 0.499505 0.499505 0.498508 0.499505 0.499505 0.3 0.499505 0.499505 0.499505 0.499505 0.499505 0.499505 0.392202 0.499505 0.499505 0.300804 0.499505 0.499505 0.499505 0.499505 0.499505 0.499505 0.300019 0.499505 0.499505 0.3 0.499505 0.499505 0.499505 0.499505 0.499505 0.499505 0.320647 0.499505 0.499505 0.351451 0.499505 0.499505 0.499505 0.499505 0.499505 0.499505 0.30004 0.499505 0.499505 0.301434 0.499505 0.499505 0.499505 0.499505 0.499505 0.499505 0.30001 0.499505 0.499505 0.492692 0.499505 0.499505 0.499505 0.499505 0.499505 0.499505 0.499505 0.499505 0.499505 0.499505 0.499505 0.499505 0.499505 0.499505 0.499505 0.499505 0.499505 0.499505 0.499505 0.499505 0.499505 0.499505 0.499505 0.499505 0.499505 0.499505 0.499505 0.499505 0.499505 0.499505 0.499505 0.499505 0.499505 0.499505 0.499505 0.499505 0.499505 0.499505 0.499505 0.499505 0.499505 0.499505 0.499505 0.499505 0.499505 0.499505 0.499505 0.499505 0.499505 0.499505 0.499505 0.499505 0.499505 0.499505 0.499505 0.499505 0.499505 0.499505 0.499505 0.499505 0.499505 0.499505 0.499505 0.499505 0.499505 0.499505 0.499505 0.499505 0.499505 0.499505 0.499505 0.499505 0.499505 0.499505 0.499505 0.499505 0.499505 0.499505 0.499505 0.499505 0.499505 0.499505 0.499505 0.499505 0.499505 0.499505 0.499505 0.499505 0.499505 0.499505 0.499505 0.499505 0.499505 0.499505 0.499505 0.499505 0.499505 0.499505 0.499505 0.499505 0.499505 0.499505 0.499505 0.499505 0.499505 0.499505 0.499505 0.499505 0.499505 0.499505 0.499505 0.499505 0.457262 0.499505 0.499505 0.499505 0.499505 0.499505 0.499505 0.499505 0.499505 0.499505 0.435418 0.499505 0.499505 0.499505 0.499505 0.499505 0.499505 0.499505 0.499505 0.499505 0.3 0.499505 0.499505 0.499505 0.499505 0.499505 0.499505 0.499505 0.499505 0.499505 0.495105 0.499505 0.499505 0.499505 0.499505 0.499505 0.499505 0.499505 0.499505 0.499505 0.315401 0.499505 0.499505 0.499505 0.499505 0.499505 0.499505 0.499505 0.499505 0.499505 0.300547 0.499505 0.499505 0.499505 0.499505 0.499505 0.499505 0.499505 0.499505 0.499505 0.479894 0.499505 0.499505 0.499505 0.499505 0.499505 0.499505 0.499505 0.499505 0.499505 0.3 0.499505 0.499505 0.499505 0.499505 0.499505 0.499505 0.499505 0.499505 0.499505 0.497178 0.499505 0.499505 0.499505 0.499505 0.499505 0.499505 0.499505 0.499505 0.499505 0.494615 0.499505 0.499505 0.499505 0.336683 0.499505 0.499505 0.462449 0.499505 0.499505 0.499505 0.499505 0.499505 0.499505 0.3 0.499505 0.499505 0.310707 0.499505 0.499505 0.499505 0.499505 0.499505 0.499505 0.300118 0.499505 0.499505 0.3 0.499505 0.499505 0.499505 0.499505 0.499505 0.499505 0.3 0.499505 0.499505 0.349319 0.499505 0.499505 0.499505 0.499505 0.499505 0.499505 0.495854 0.499505 0.499505 0.300001 0.499505 0.499505 0.499505 0.499505 0.499505 0.499505 0.470112 0.499505 0.499505 0.316794 0.499505 0.499505 0.499505 0.499505 0.499505 0.499505 0.476317 0.499505 0.499505 0.400518 0.499505 0.499505 0.499505 0.499505 0.499505 0.499505 0.487743 0.499505 0.499505 0.432079 0.499505 0.499505 0.499505 0.499505 0.499505 0.499505 0.3 0.499505 0.499505 0.465108 0.499505 0.499505 0.499505 0.499505 0.499505 0.499505 0.300146 0.499505 0.499505 0.3 0.499505 0.499505 0.499505 0.499505 0.499505 0.499505 0.499505 0.499505 0.499505 0.499505 0.499505 0.499505 0.499505 0.499505 0.499505 0.499505 0.499505 0.499505 0.499505 0.499505 0.499505 0.499505 0.499505 0.499505 0.499505 0.499505 0.499505 0.499505 0.499505 0.499505 0.499505 0.499505 0.499505 0.499505 0.499505 0.499505 0.499505 0.499505 0.499505 0.499505 0.499505 0.499505 0.499505 0.499505 0.499505 0.499505 0.499505 0.499505 0.499505 0.499505 0.499505 0.499505 0.499505 0.499505 0.499505 0.499505 0.499505 0.499505 0.499505 0.499505 0.499505 0.499505 0.499505 0.499505 0.499505 0.499505 0.499505 0.499505 0.499505 0.499505 0.499505 0.499505 0.499505 0.499505 0.499505 0.499505 0.499505 0.499505 0.499505 0.499505 0.499505 0.499505 0.499505 0.499505 0.499505 0.499505 0.499505 0.499505 0.499505 0.499505 0.499505 0.499505 0.499505 0.499505 0.499505 0.499505 0.499505 0.499505 0.499505 0.499505 0.499505 0.499505 0.499505 0.499505 0.499505 0.499505 0.499505 0.499505 0.499505 0.499505 0.499505 0.499505 0.497925 0.499505 0.499505 0.499505 0.499505 0.499505 0.499505 0.499505 0.499505 0.499505 0.434672 0.499505 0.499505 0.499505 0.499505 0.499505 0.499505 0.499505 0.499505 0.499505 0.300432 0.499505 0.499505 0.499505 0.499505 0.499505 0.499505 0.499505 0.499505 0.499505 0.301813 0.499505 0.499505 0.499505 0.499505 0.499505 0.499505 0.499505 0.499505 0.499505 0.300006 0.499505 0.499505 0.499505 0.499505 0.499505 0.499505 0.499505 0.499505 0.499505 0.301427 0.499505 0.499505 0.499505 0.499505 0.499505 0.499505 0.499505 0.499505 0.499505 0.422083 0.499505 0.499505 0.499505 0.499505 0.499505 0.499505 0.499505 0.499505 0.499505 0.478258 0.499505 0.499505 0.499505 0.499505 0.499505 0.499505 0.499505 0.499505 0.499505 0.300079 0.499505 0.499505 0.499505 0.499505 0.499505 0.499505 0.499505 0.499505 0.499505 0.3 0.499505 0.499505 0.499505 0.3 0.499505 0.499505 0.495548 0.499505 0.499505 0.499505 0.499505 0.499505 0.499505 0.302612 0.499505 0.499505 0.49912 0.499505 0.499505 0.499505 0.499505 0.499505 0.499505 0.3 0.499505 0.499505 0.483234 0.499505 0.499505 0.499505 0.499505 0.499505 0.499505 0.3 0.499505 0.499505 0.498079 0.499505 0.499505 0.499505 0.499505 0.499505 0.499505 0.385932 0.499505 0.499505 0.300026 0.499505 0.499505 0.499505 0.499505 0.499505 0.499505 0.422285 0.499505 0.499505 0.3 0.499505 0.499505 0.499505 0.499505 0.499505 0.499505 0.300061 0.499505 0.499505 0.3 0.499505 0.499505 0.499505 0.499505 0.499505 0.499505 0.301463 0.499505 0.499505 0.497084 0.499505 0.499505 0.499505 0.499505 0.499505 0.499505 0.300851 0.499505 0.499505 0.3 0.499505 0.499505 0.499505 0.499505 0.499505 0.499505 0.300012 0.499505 0.499505 0.3 0.499505 0.499505 0.499505 0.499505 0.499505 0.499505 0.499505 0.499505 0.499505 0.499505 0.499505 0.499505 0.499505 0.499505 0.499505 0.499505 0.499505 0.499505 0.499505 0.499505 0.499505 0.499505 0.499505 0.499505 0.499505 0.499505 0.499505 0.499505 0.499505 0.499505 0.499505 0.499505 0.499505 0.499505 0.499505 0.499505 0.499505 0.499505 0.499505 0.499505 0.499505 0.499505 0.499505 0.499505 0.499505 0.499505 0.499505 0.499505 0.499505 0.499505 0.499505 0.499505 0.499505 0.499505 0.499505 0.499505 0.499505 0.499505 0.499505 0.499505 0.499505 0.499505 0.499505 0.499505 0.499505 0.499505 0.499505 0.499505 0.499505 0.499505 0.499505 0.499505 0.499505 0.499505 0.499505 0.499505 0.499505 0.499505 0.499505 0.499505 0.499505 0.499505 0.499505 0.499505 0.499505 0.499505 0.499505 0.499505 0.499505 0.499505 0.499505 0.499505 0.499505 0.499505 0.499505 0.499505 0.499505 0.499505 0.499505 0.499505 0.499505 0.499505 0.499505 0.499505 0.499505 0.499505 0.499505 0.499505 0.499505 0.499505 0.499505 0.499505 0.480829 0.499505 0.499505 0.499505 0.499505 0.499505 0.499505 0.499505 0.499505 0.499505 0.324511 0.499505 0.499505 0.499505 0.499505 0.499505 0.499505 0.499505 0.499505 0.499505 0.498951 0.499505 0.499505 0.499505 0.499505 0.499505 0.499505 0.499505 0.499505 0.499505 0.447667 0.499505 0.499505 0.499505 0.499505 0.499505 0.499505 0.499505 0.499505 0.499505 0.3 0.499505 0.499505 0.499505 0.499505 0.499505 0.499505 0.499505 0.499505 0.499505 0.300003 0.499505 0.499505 0.499505 0.499505 0.499505 0.499505 0.499505 0.499505 0.499505 0.30004 0.499505 0.499505 0.499505 0.499505 0.499505 0.499505 0.499505 0.499505 0.499505 0.3 0.499505 0.499505 0.499505 0.499505 0.499505 0.499505 0.499505 0.499505 0.499505 0.300343 0.499505 0.499505 0.499505 0.499505 0.499505 0.499505 0.499505 0.499505 0.499505 0.496744 0.499505 0.499505 

</Matrix>
   <Matrix name="ratesHistory" type="complete" rows="11" columns="10000" multiplier="1.0">
   0 0 0 0 0 0 0 0 0 0 0 0 0 0 0 0 0 0 0 0 0 0 0 0 0 0 0 0 0 0 0 0 0 0 0 0 0 0 0 0 0 0 0 0 0 0 0 0 0 0 0 0 0 0 0 0 0 0 0 0 0 0 0 0 0 0 0 0 0 0 0 0 0 0 0 0 0 0 0 0 0 0 0 0 0 0 0 0 0 0 0 0 0 0 0 0 0 0 0 0 0 0 0 0 0 0 0 0 0 0 0 0 0 0 0 0 0 0 0 0 0 0 0 0 0 0 0 0 0 0 0 0 0 0 0 0 0 0 0 0 0 0 0 0 0 0 0 0 0 0 0 0 0 0 0 0 0 0 0 0 0 0 0 0 0 0 0 0 0 0 0 0 0 0 0 0 0 0 0 0 0 0 0 0 0 0 0 0 0 0 0 0 0 0 0 0 0 0 0 0 0 0 0 0 0 0 0 0 0 0 0 0 0 0 0 0 0 0 0 0 0 0 0 0 0 0 0 0 0 0 0 0 0 0 0 0 0 0 0 0 0 0 0 0 0 0 0 0 0 0 0 0 0 0 0 0 0 0 0 0 0 0 0 0 0 0 0 0 0 0 0 0 0 0 0 0 0 0 0 0 0 0 0 0 0 0 0 0 0 0 0 0 0 0 0 0 0 0 0 0 0 0 0 0 0 0 0 0 0 0 0 0 0 0 0 0 0 0 0 0 0 0 0 0 0 0 0 0 0 0 0 0 0 0 0 0 0 0 0 0 0 0 0 0 0 0 0 0 0 0 0 0 0 0 0 0 0 0 0 0 0 0 0 0 0 0 0 0 0 0 0 0 0 0 0 0 0 0 0 0 0 0 0 0 0 0 0 0 0 0 0 0 0 0 0 0 0 0 0 0 0 0 0 0 0 0 0 0 0 0 0 0 0 0 0 0 0 0 0 0 0 0 0 0 0 0 0 0 0 0 0 0 0 0 0 0 0 0 0 0 0 0 0 0 0 0 0 0 0 0 0 0 0 0 0 0 0 0 0 0 0 0 0 0 0 0 0 0 0 0 0 0 0 0 0 0 0 0 0 0 0 0 0 0 0 0 0 0 0 0 0 0 0 0 0 0 0 0 0 0 0 0 0 0 0 0 0 0 0 0 0 0 0 0 0 0 0 0 0 0 0 0 0 0 0 0 0 0 0 0 0 0 0 0 0 0 0 0 0 0 0 0 0 0 0 0 0 0 0 0 0 0 0 0 0 0 0 0 0 0 0 0 0 0 0 0 0 0 0 0 0 0 0 0 0 0 0 0 0 0 0 0 0 0 0 0 0 0 0 0 0 0 0 0 0 0 0 0 0 0 0 0 0 0 0 0 0 0 0 0 0 0 0 0 0 0 0 0 0 0 0 0 0 0 0 0 0 0 0 0 0 0 0 0 0 0 0 0 0 0 0 0 0 0 0 0 0 0 0 0 0 0 0 0 0 0 0 0 0 0 0 0 0 0 0 0 0 0 0 0 0 0 0 0 0 0 0 0 0 0 0 0 0 0 0 0 0 0 0 0 0 0 0 0 0 0 0 0 0 0 0 0 0 0 0 0 0 0 0 0 0 0 0 0 0 0 0 0 0 0 0 0 0 0 0 0 0 0 0 0 0 0 0 0 0 0 0 0 0 0 0 0 0 0 0 0 0 0 0 0 0 0 0 0 0 0 0 0 0 0 0 0 0 0 0 0 0 0 0 0 0 0 0 0 0 0 0 0 0 0 0 0 0 0 0 0 0 0 0 0 0 0 0 0 0 0 0 0 0 0 0 0 0 0 0 0 0 0 0 0 0 0 0 0 0 0 0 0 0 0 0 0 0 0 0 0 0 0 0 0 0 0 0 0 0 0 0 0 0 0 0 0 0 0 0 0 0 0 0 0 0 0 0 0 0 0 0 0 0 0 0 0 0 0 0 0 0 0 0 0 0 0 0 0 0 0 0 0 0 0 0 0 0 0 0 0 0 0 0 0 0 0 0 0 0 0 0 0 0 0 0 0 0 0 0 0 0 0 0 0 0 0 0 0 0 0 0 0 0 0 0 0 0 0 0 0 0 0 0 0 0 0 0 0 0 0 0 0 0 0 0 0 0 0 0 0 0 0 0 0 0 0 0 0 0 0 0 0 0 0 0 0 0 0 0 0 0 0 0 0 0 0 0 0 0 0 0 0 0 0 0 0 0 0 0 0 0 0 0 0 0 0 0 0 0 0 0 0 0 0 0 0 0 0 0 0 0 0 0 0 0 0 0 0 0 0 0 0 0 0 0 0 0 0 0 0 0 0 0 0 0 0 0 0 0 0 0 0 0 0 0 0 0 0 0 0 0 0 0 0 0 0 0 0 0 0 0 0 0 0 0 0 0 0 0 0 0 0 0 0 0 0 0 0 0 0 0 0 0 0 0 0 0 0 0 0 0 0 0 0 0 0 0 0 0 0 0 0 0 0 0 0 0 0 0 0 0 0 0 0 0 0 0 0 0 0 0 0 0 0 0 0 0 0 0 0 0 0 0 0 0 0 0 0 0 0 0 0 0 0 0 0 0 0 0 0 0 0 0 0 0 0 0 0 0 0 0 0 0 0 0 0 0 0 0 0 0 0 0 0 0 0 0 0 0 0 0 0 0 0 0 0 0 0 0 0 0 0 0 0 0 0 0 0 0 0 0 0 0 0 0 0 0 0 0 0 0 0 0 0 0 0 0 0 0 0 0 0 0 0 0 0 0 0 0 0 0 0 0 0 0 0 0 0 0 0 0 0 0 0 0 0 0 0 0 0 0 0 0 0 0 0 0 0 0 0 0 0 0 0 0 0 0 0 0 0 0 0 0 0 0 0 0 0 0 0 0 0 0 0 0 0 0 0 0 0 0 0 0 0 0 0 0 0 0 0 0 0 0 0 0 0 0 0 0 0 0 0 0 0 0 0 0 0 0 0 0 0 0 0 0 0 0 0 0 0 0 0 0 0 0 0 0 0 0 0 0 0 0 0 0 0 0 0 0 0 0 0 0 0 0 0 0 0 0 0 0 0 0 0 0 0 0 0 0 0 0 0 0 0 0 0 0 0 0 0 0 0 0 0 0 0 0 0 0 0 0 0 0 0 0 0 0 0 0 0 0 0 0 0 0 0 0 0 0 0 0 0 0 0 0 0 0 0 0 0 0 0 0 0 0 0 0 0 0 0 0 0 0 0 0 0 0 0 0 0 0 0 0 0 0 0 0 0 0 0 0 0 0 0 0 0 0 0 0 0 0 0 0 0 0 0 0 0 0 0 0 0 0 0 0 0 0 0 0 0 0 0 0 0 0 0 0 0 0 0 0 0 0 0 0 0 0 0 0 0 0 0 0 0 0 0 0 0 0 0 0 0 0 0 0 0 0 0 0 0 0 0 0 0 0 0 0 0 0 0 0 0 0 0 0 0 0 0 0 0 0 0 0 0 0 0 0 0 0 0 0 0 0 0 0 0 0 0 0 0 0 0 0 0 0 0 0 0 0 0 0 0 0 0 0 0 0 0 0 0 0 0 0 0 0 0 0 0 0 0 0 0 0 0 0 0 0 0 0 0 0 0 0 0 0 0 0 0 0 0 0 0 0 0 0 0 0 0 0 0 0 0 0 0 0 0 0 0 0 0 0 0 0 0 0 0 0 0 0 0 0 0 0 0 0 0 0 0 0 0 0 0 0 0 0 0 0 0 0 0 0 0 0 0 0 0 0 0 0 0 0 0 0 0 0 0 0 0 0 0 0 0 0 0 0 0 0 0 0 0 0 0 0 0 0 0 0 0 0 0 0 0 0 0 0 0 0 0 0 0 0 0 0 0 0 0 0 0 0 0 0 0 0 0 0 0 0 0 0 0 0 0 0 0 0 0 0 0 0 0 0 0 0 0 0 0 0 0 0 0 0 0 0 0 0 0 0 0 0 0 0 0 0 0 0 0 0 0 0 0 0 0 0 0 0 0 0 0 0 0 0 0 0 0 0 0 0 0 0 0 0 0 0 0 0 0 0 0 0 0 0 0 0 0 0 0 0 0 0 0 0 0 0 0 0 0 0 0 0 0 0 0 0 0 0 0 0 0 0 0 0 0 0 0 0 0 0 0 0 0 0 0 0 0 0 0 0 0 0 0 0 0 0 0 0 0 0 0 0 0 0 0 0 0 0 0 0 0 0 0 0 0 0 0 0 0 0 0 0 0 0 0 0 0 0 0 0 0 0 0 0 0 0 0 0 0 0 0 0 0 0 0 0 0 0 0 0 0 0 0 0 0 0 0 0 0 0 0 0 0 0 0 0 0 0 0 0 0 0 0 0 0 0 0 0 0 0 0 0 0 0 0 0 0 0 0 0 0 0 0 0 0 0 0 0 0 0 0 0 0 0 0 0 0 0 0 0 0 0 0 0 0 0 0 0 0 0 0 0 0 0 0 0 0 0 0 0 0 0 0 0 0 0 0 0 0 0 0 0 0 0 0 0 0 0 0 0 0 0 0 0 0 0 0 0 0 0 0 0 0 0 0 0 0 0 0 0 0 0 0 0 0 0 0 0 0 0 0 0 0 0 0 0 0 0 0 0 0 0 0 0 0 0 0 0 0 0 0 0 0 0 0 0 0 0 0 0 0 0 0 0 0 0 0 0 0 0 0 0 0 0 0 0 0 0 0 0 0 0 0 0 0 0 0 0 0 0 0 0 0 0 0 0 0 0 0 0 0 0 0 0 0 0 0 0 0 0 0 0 0 0 0 0 0 0 0 0 0 0 0 0 0 0 0 0 0 0 0 0 0 0 0 0 0 0 0 0 0 0 0 0 0 0 0 0 0 0 0 0 0 0 0 0 0 0 0 0 0 0 0 0 0 0 0 0 0 0 0 0 0 0 0 0 0 0 0 0 0 0 0 0 0 0 0 0 0 0 0 0 0 0 0 0 0 0 0 0 0 0 0 0 0 0 0 0 0 0 0 0 0 0 0 0 0 0 0 0 0 0 0 0 0 0 0 0 0 0 0 0 0 0 0 0 0 0 0 0 0 0 0 0 0 0 0 0 0 0 0 0 0 0 0 0 0 0 0 0 0 0 0 0 0 0 0 0 0 0 0 0 0 0 0 0 0 0 0 0 0 0 0 0 0 0 0 0 0 0 0 0 0 0 0 0 0 0 0 0 0 0 0 0 0 0 0 0 0 0 0 0 0 0 0 0 0 0 0 0 0 0 0 0 0 0 0 0 0 0 0 0 0 0 0 0 0 0 0 0 0 0 0 0 0 0 0 0 0 0 0 0 0 0 0 0 0 0 0 0 0 0 0 0 0 0 0 0 0 0 0 0 0 0 0 0 0 0 0 0 0 0 0 0 0 0 0 0 0 0 0 0 0 0 0 0 0 0 0 0 0 0 0 0 0 0 0 0 0 0 0 0 0 0 0 0 0 0 0 0 0 0 0 0 0 0 0 0 0 0 0 0 0 0 0 0 0 0 0 0 0 0 0 0 0 0 0 0 0 0 0 0 0 0 0 0 0 0 0 0 0 0 0 0 0 0 0 0 0 0 0 0 0 0 0 0 0 0 0 0 0 0 0 0 0 0 0 0 0 0 0 0 0 0 0 0 0 0 0 0 0 0 0 0 0 0 0 0 0 0 0 0 0 0 0 0 0 0 0 0 0 0 0 0 0 0 0 0 0 0 0 0 0 0 0 0 0 0 0 0 0 0 0 0 0 0 0 0 0 0 0 0 0 0 0 0 0 0 0 0 0 0 0 0 0 0 0 0 0 0 0 0 0 0 0 0 0 0 0 0 0 0 0 0 0 0 0 0 0 0 0 0 0 0 0 0 0 0 0 0 0 0 0 0 0 0 0 0 0 0 0 0 0 0 0 0 0 0 0 0 0 0 0 0 0 0 0 0 0 0 0 0 0 0 0 0 0 0 0 0 0 0 0 0 0 0 0 0 0 0 0 0 0 0 0 0 0 0 0 0 0 0 0 0 0 0 0 0 0 0 0 0 0 0 0 0 0 0 0 0 0 0 0 0 0 0 0 0 0 0 0 0 0 0 0 0 0 0 0 0 0 0 0 0 0 0 0 0 0 0 0 0 0 0 0 0 0 0 0 0 0 0 0 0 0 0 0 0 0 0 0 0 0 0 0 0 0 0 0 0 0 0 0 0 0 0 0 0 0 0 0 0 0 0 0 0 0 0 0 0 0 0 0 0 0 0 0 0 0 0 0 0 0 0 0 0 0 0 0 0 0 0 0 0 0 0 0 0 0 0 0 0 0 0 0 0 0 0 0 0 0 0 0 0 0 0 0 0 0 0 0 0 0 0 0 0 0 0 0 0 0 0 0 0 0 0 0 0 0 0 0 0 0 0 0 0 0 0 0 0 0 0 0 0 0 0 0 0 0 0 0 0 0 0 0 0 0 0 0 0 0 0 0 0 0 0 0 0 0 0 0 0 0 0 0 0 0 0 0 0 0 0 0 0 0 0 0 0 0 0 0 0 0 0 0 0 0 0 0 0 0 0 0 0 0 0 0 0 0 0 0 0 0 0 0 0 0 0 0 0 0 0 0 0 0 0 0 0 0 0 0 0 0 0 0 0 0 0 0 0 0 0 0 0 0 0 0 0 0 0 0 0 0 0 0 0 0 0 0 0 0 0 0 0 0 0 0 0 0 0 0 0 0 0 0 0 0 0 0 0 0 0 0 0 0 0 0 0 0 0 0 0 0 0 0 0 0 0 0 0 0 0 0 0 0 0 0 0 0 0 0 0 0 0 0 0 0 0 0 0 0 0 0 0 0 0 0 0 0 0 0 0 0 0 0 0 0 0 0 0 0 0 0 0 0 0 0 0 0 0 0 0 0 0 0 0 0 0 0 0 0 0 0 0 0 0 0 0 0 0 0 0 0 0 0 0 0 0 0 0 0 0 0 0 0 0 0 0 0 0 0 0 0 0 0 0 0 0 0 0 0 0 0 0 0 0 0 0 0 0 0 0 0 0 0 0 0 0 0 0 0 0 0 0 0 0 0 0 0 0 0 0 0 0 0 0 0 0 0 0 0 0 0 0 0 0 0 0 0 0 0 0 0 0 0 0 0 0 0 0 0 0 0 0 0 0 0 0 0 0 0 0 0 0 0 0 0 0 0 0 0 0 0 0 0 0 0 0 0 0 0 0 0 0 0 0 0 0 0 0 0 0 0 0 0 0 0 0 0 0 0 0 0 0 0 0 0 0 0 0 0 0 0 0 0 0 0 0 0 0 0 0 0 0 0 0 0 0 0 0 0 0 0 0 0 0 0 0 0 0 0 0 0 0 0 0 0 0 0 0 0 0 0 0 0 0 0 0 0 0 0 0 0 0 0 0 0 0 0 0 0 0 0 0 0 0 0 0 0 0 0 0 0 0 0 0 0 0 0 0 0 0 0 0 0 0 0 0 0 0 0 0 0 0 0 0 0 0 0 0 0 0 0 0 0 0 0 0 0 0 0 0 0 0 0 0 0 0 0 0 0 0 0 0 0 0 0 0 0 0 0 0 0 0 0 0 0 0 0 0 0 0 0 0 0 0 0 0 0 0 0 0 0 0 0 0 0 0 0 0 0 0 0 0 0 0 0 0 0 0 0 0 0 0 0 0 0 0 0 0 0 0 0 0 0 0 0 0 0 0 0 0 0 0 0 0 0 0 0 0 0 0 0 0 0 0 0 0 0 0 0 0 0 0 0 0 0 0 0 0 0 0 0 0 0 0 0 0 0 0 0 0 0 0 0 0 0 0 0 0 0 0 0 0 0 0 0 0 0 0 0 0 0 0 0 0 0 0 0 0 0 0 0 0 0 0 0 0 0 0 0 0 0 0 0 0 0 0 0 0 0 0 0 0 0 0 0 0 0 0 0 0 0 0 0 0 0 0 0 0 0 0 0 0 0 0 0 0 0 0 0 0 0 0 0 0 0 0 0 0 0 0 0 0 0 0 0 0 0 0 0 0 0 0 0 0 0 0 0 0 0 0 0 0 0 0 0 0 0 0 0 0 0 0 0 0 0 0 0 0 0 0 0 0 0 0 0 0 0 0 0 0 0 0 0 0 0 0 0 0 0 0 0 0 0 0 0 0 0 0 0 0 0 0 0 0 0 0 0 0 0 0 0 0 0 0 0 0 0 0 0 0 0 0 0 0 0 0 0 0 0 0 0 0 0 0 0 0 0 0 0 0 0 0 0 0 0 0 0 0 0 0 0 0 0 0 0 0 0 0 0 0 0 0 0 0 0 0 0 0 0 0 0 0 0 0 0 0 0 0 0 0 0 0 0 0 0 0 0 0 0 0 0 0 0 0 0 0 0 0 0 0 0 0 0 0 0 0 0 0 0 0 0 0 0 0 0 0 0 0 0 0 0 0 0 0 0 0 0 0 0 0 0 0 0 0 0 0 0 0 0 0 0 0 0 0 0 0 0 0 0 0 0 0 0 0 0 0 0 0 0 0 0 0 0 0 0 0 0 0 0 0 0 0 0 0 0 0 0 0 0 0 0 0 0 0 0 0 0 0 0 0 0 0 0 0 0 0 0 0 0 0 0 0 0 0 0 0 0 0 0 0 0 0 0 0 0 0 0 0 0 0 0 0 0 0 0 0 0 0 0 0 0 0 0 0 0 0 0 0 0 0 0 0 0 0 0 0 0 0 0 0 0 0 0 0 0 0 0 0 0 0 0 0 0 0 0 0 0 0 0 0 0 0 0 0 0 0 0 0 0 0 0 0 0 0 0 0 0 0 0 0 0 0 0 0 0 0 0 0 0 0 0 0 0 0 0 0 0 0 0 0 0 0 0 0 0 0 0 0 0 0 0 0 0 0 0 0 0 0 0 0 0 0 0 0 0 0 0 0 0 0 0 0 0 0 0 0 0 0 0 0 0 0 0 0 0 0 0 0 0 0 0 0 0 0 0 0 0 0 0 0 0 0 0 0 0 0 0 0 0 0 0 0 0 0 0 0 0 0 0 0 0 0 0 0 0 0 0 0 0 0 0 0 0 0 0 0 0 0 0 0 0 0 0 0 0 0 0 0 0 0 0 0 0 0 0 0 0 0 0 0 0 0 0 0 0 0 0 0 0 0 0 0 0 0 0 0 0 0 0 0 0 0 0 0 0 0 0 0 0 0 0 0 0 0 0 0 0 0 0 0 0 0 0 0 0 0 0 0 0 0 0 0 0 0 0 0 0 0 0 0 0 0 0 0 0 0 0 0 0 0 0 0 0 0 0 0 0 0 0 0 0 0 0 0 0 0 0 0 0 0 0 0 0 0 0 0 0 0 0 0 0 0 0 0 0 0 0 0 0 0 0 0 0 0 0 0 0 0 0 0 0 0 0 0 0 0 0 0 0 0 0 0 0 0 0 0 0 0 0 0 0 0 0 0 0 0 0 0 0 0 0 0 0 0 0 0 0 0 0 0 0 0 0 0 0 0 0 0 0 0 0 0 0 0 0 0 0 0 0 0 0 0 0 0 0 0 0 0 0 0 0 0 0 0 0 0 0 0 0 0 0 0 0 0 0 0 0 0 0 0 0 0 0 0 0 0 0 0 0 0 0 0 0 0 0 0 0 0 0 0 0 0 0 0 0 0 0 0 0 0 0 0 0 0 0 0 0 0 0 0 0 0 0 0 0 0 0 0 0 0 0 0 0 0 0 0 0 0 0 0 0 0 0 0 0 0 0 0 0 0 0 0 0 0 0 0 0 0 0 0 0 0 0 0 0 0 0 0 0 0 0 0 0 0 0 0 0 0 0 0 0 0 0 0 0 0 0 0 0 0 0 0 0 0 0 0 0 0 0 0 0 0 0 0 0 0 0 0 0 0 0 0 0 0 0 0 0 0 0 0 0 0 0 0 0 0 0 0 0 0 0 0 0 0 0 0 0 0 0 0 0 0 0 0 0 0 0 0 0 0 0 0 0 0 0 0 0 0 0 0 0 0 0 0 0 0 0 0 0 0 0 0 0 0 0 0 0 0 0 0 0 0 0 0 0 0 0 0 0 0 0 0 0 0 0 0 0 0 0 0 0 0 0 0 0 0 0 0 0 0 0 0 0 0 0 0 0 0 0 0 0 0 0 0 0 0 0 0 0 0 0 0 0 0 0 0 0 0 0 0 0 0 0 0 0 0 0 0 0 0 0 0 0 0 0 0 0 0 0 0 0 0 0 0 0 0 0 0 0 0 0 0 0 0 0 0 0 0 0 0 0 0 0 0 0 0 0 0 0 0 0 0 0 0 0 0 0 0 0 0 0 0 0 0 0 0 0 0 0 0 0 0 0 0 0 0 0 0 0 0 0 0 0 0 0 0 0 0 0 0 0 0 0 0 0 0 0 0 0 0 0 0 0 0 0 0 0 0 0 0 0 0 0 0 0 0 0 0 0 0 0 0 0 0 0 0 0 0 0 0 0 0 0 0 0 0 0 0 0 0 0 0 0 0 0 0 0 0 0 0 0 0 0 0 0 0 0 0 0 0 0 0 0 0 0 0 0 0 0 0 0 0 0 0 0 0 0 0 0 0 0 0 0 0 0 0 0 0 0 0 0 0 0 0 0 0 0 0 0 0 0 0 0 0 0 0 0 0 0 0 0 0 0 0 0 0 0 0 0 0 0 0 0 0 0 0 0 0 0 0 0 0 0 0 0 0 0 0 0 0 0 0 0 0 0 0 0 0 0 0 0 0 0 0 0 0 0 0 0 0 0 0 0 0 0 0 0 0 0 0 0 0 0 0 0 0 0 0 0 0 0 0 0 0 0 0 0 0 0 0 0 0 0 0 0 0 0 0 0 0 0 0 0 0 0 0 0 0 0 0 0 0 0 0 0 0 0 0 0 0 0 0 0 0 0 0 0 0 0 0 0 0 0 0 0 0 0 0 0 0 0 0 0 0 0 0 0 0 0 0 0 0 0 0 0 0 0 0 0 0 0 0 0 0 0 0 0 0 0 0 0 0 0 0 0 0 0 0 0 0 0 0 0 0 0 0 0 0 0 0 0 0 0 0 0 0 0 0 0 0 0 0 0 0 0 0 0 0 0 0 0 0 0 0 0 0 0 0 0 0 0 0 0 0 0 0 0 0 0 0 0 0 0 0 0 0 0 0 0 0 0 0 0 0 0 0 0 0 0 0 0 0 0 0 0 0 0 0 0 0 0 0 0 0 0 0 0 0 0 0 0 0 0 0 0 0 0 0 0 0 0 0 0 0 0 0 0 0 0 0 0 0 0 0 0 0 0 0 0 0 0 0 0 0 0 0 0 0 0 0 0 0 0 0 0 0 0 0 0 0 0 0 0 0 0 0 0 0 0 0 0 0 0 0 0 0 0 0 0 0 0 0 0 0 0 0 0 0 0 0 0 0 0 0 0 0 0 0 0 0 0 0 0 0 0 0 0 0 0 0 0 0 0 0 0 0 0 0 0 0 0 0 0 0 0 0 0 0 0 0 0 0 0 0 0 0 0 0 0 0 0 0 0 0 0 0 0 0 0 0 0 0 0 0 0 0 0 0 0 0 0 0 0 0 0 0 0 0 0 0 0 0 0 0 0 0 0 0 0 0 0 0 0 0 0 0 0 0 0 0 0 0 0 0 0 0 0 0 0 0 0 0 0 0 0 0 0 0 0 0 0 0 0 0 0 0 0 0 0 0 0 0 0 0 0 0 0 0 0 0 0 0 0 0 0 0 0 0 0 0 0 0 0 0 0 0 0 0 0 0 0 0 0 0 0 0 0 0 0 0 0 0 0 0 0 0 0 0 0 0 0 0 0 0 0 0 0 0 0 0 0 0 0 0 0 0 0 0 0 0 0 0 0 0 0 0 0 0 0 0 0 0 0 0 0 0 0 0 0 0 0 0 0 0 0 0 0 0 0 0 0 0 0 0 0 0 0 0 0 0 0 0 0 0 0 0 0 0 0 0 0 0 0 0 0 0 0 0 0 0 0 0 0 0 0 0 0 0 0 0 0 0 0 0 0 0 0 0 0 0 0 0 0 0 0 0 0 0 0 0 0 0 0 0 0 0 0 0 0 0 0 0 0 0 0 0 0 0 0 0 0 0 0 0 0 0 0 0 0 0 0 0 0 0 0 0 0 0 0 0 0 0 0 0 0 0 0 0 0 0 0 0 0 0 0 0 0 0 0 0 0 0 0 0 0 0 0 0 0 0 0 0 0 0 0 0 0 0 0 0 0 0 0 0 0 0 0 0 0 0 0 0 0 0 0 0 0 0 0 0 0 0 0 0 0 0 0 0 0 0 0 0 0 0 0 0 0 0 0 0 0 0 0 0 0 0 0 0 0 0 0 0 0 0 0 0 0 0 0 0 0 0 0 0 0 0 0 0 0 0 0 0 0 0 0 0 0 0 0 0 0 0 0 0 0 0 0 0 0 0 0 0 0 0 0 0 0 0 0 0 0 0 0 0 0 0 0 0 0 0 0 0 0 0 0 0 0 0 0 0 0 0 0 0 0 0 0 0 0 0 0 0 0 0 0 0 0 0 0 0 0 0 0 0 0 0 0 0 0 0 0 0 0 0 0 0 0 0 0 0 0 0 0 0 0 0 0 0 0 0 0 0 0 0 0 0 0 0 0 0 0 0 0 0 0 0 0 0 0 0 0 0 0 0 0 0 0 0 0 0 0 0 0 0 0 0 0 0 0 0 0 0 0 0 0 0 0 0 0 0 0 0 0 0 0 0 0 0 0 0 0 0 0 0 0 0 0 0 0 0 0 0 0 0 0 0 0 0 0 0 0 0 0 0 0 0 0 0 0 0 0 0 0 0 0 0 0 0 0 0 0 0 0 0 0 0 0 0 0 0 0 0 0 0 0 0 0 0 0 0 0 0 0 0 0 0 0 0 0 0 0 0 0 0 0 0 0 0 0 0 0 0 0 0 0 0 0 0 0 0 0 0 0 0 0 0 0 0 0 0 0 0 0 0 0 0 0 0 0 0 0 0 0 0 0 0 0 0 0 0 0 0 0 0 0 0 0 0 0 0 0 0 0 0 0 0 0 0 0 0 0 0 0 0 0 0 0 0 0 0 0 0 0 0 0 0 0 0 0 0 0 0 0 0 0 0 0 0 0 0 0 0 0 0 0 0 0 0 0 0 0 0 0 0 0 0 0 0 0 0 0 0 0 0 0 0 0 0 0 0 0 0 0 0 0 0 0 0 0 0 0 0 0 0 0 0 0 0 0 0 0 0 0 0 0 0 0 0 0 0 0 0 0 0 0 0 0 0 0 0 0 0 0 0 0 0 0 0 0 0 0 0 0 0 0 0 0 0 0 0 0 0 0 0 0 0 0 0 0 0 0 0 0 0 0 0 0 0 0 0 0 0 0 0 0 0 0 0 0 0 0 0 0 0 0 0 0 0 0 0 0 0 0 0 0 0 0 0 0 0 0 0 0 0 0 0 0 0 0 0 0 0 0 0 0 0 0 0 0 0 0 0 0 0 0 0 0 0 0 0 0 0 0 0 0 0 0 0 0 0 0 0 0 0 0 0 0 0 0 0 0 0 0 0 0 0 0 0 0 0 0 0 0 0 0 0 0 0 0 0 0 0 0 0 0 0 0 0 0 0 0 0 0 0 0 0 0 0 0 0 0 0 0 0 0 0 0 0 0 0 0 0 0 0 0 0 0 0 0 0 0 0 0 0 0 0 0 0 0 0 0 0 0 0 0 0 0 0 0 0 0 0 0 0 0 0 0 0 0 0 0 0 0 0 0 0 0 0 0 0 0 0 0 0 0 0 0 0 0 0 0 0 0 0 0 0 0 0 0 0 0 0 0 0 0 0 0 0 0 0 0 0 0 0 0 0 0 0 0 0 0 0 0 0 0 0 0 0 0 0 0 0 0 0 0 0 0 0 0 0 0 0 0 0 0 0 0 0 0 0 0 0 0 0 0 0 0 0 0 0 0 0 0 0 0 0 0 0 0 0 0 0 0 0 0 0 0 0 0 0 0 0 0 0 0 0 0 0 0 0 0 0 0 0 0 0 0 0 0 0 0 0 0 0 0 0 0 0 0 0 0 0 0 0 0 0 0 0 0 0 0 0 0 0 0 0 0 0 0 0 0 0 0 0 0 0 0 0 0 0 0 0 0 0 0 0 0 0 0 0 0 0 0 0 0 0 0 0 0 0 0 0 0 0 0 0 0 0 0 0 0 0 0 0 0 0 0 0 0 0 0 0 0 0 0 0 0 0 0 0 0 0 0 0 0 0 0 0 0 0 0 0 0 0 0 0 0 0 0 0 0 0 0 0 0 0 0 0 0 0 0 0 0 0 0 0 0 0 0 0 0 0 0 0 0 0 0 0 0 0 0 0 0 0 0 0 0 0 0 0 0 0 0 0 0 0 0 0 0 0 0 0 0 0 0 0 0 0 0 0 0 0 0 0 0 0 0 0 0 0 0 0 0 0 0 0 0 0 0 0 0 0 0 0 0 0 0 0 0 0 0 0 0 0 0 0 0 0 0 0 0 0 0 0 0 0 0 0 0 0 0 0 0 0 0 0 0 0 0 0 0 0 0 0 0 0 0 0 0 0 0 0 0 0 0 0 0 0 0 0 0 0 0 0 0 0 0 0 0 0 0 0 0 0 0 0 0 0 0 0 0 0 0 0 0 0 0 0 0 0 0 0 0 0 0 0 0 0 0 0 0 0 0 0 0 0 0 0 0 0 0 0 0 0 0 0 0 0 0 0 0 0 0 0 0 0 0 0 0 0 0 0 0 0 0 0 0 0 0 0 0 0 0 0 0 0 0 0 0 0 0 0 0 0 0 0 0 0 0 0 0 0 0 0 0 0 0 0 0 0 0 0 0 0 0 0 0 0 0 0 0 0 0 0 0 0 0 0 0 0 0 0 0 0 0 0 0 0 0 0 0 0 0 0 0 0 0 0 0 0 0 0 0 0 0 0 0 0 0 0 0 0 0 0 0 0 0 0 0 0 0 0 0 0 0 0 0 0 0 0 0 0 0 0 0 0 0 0 0 0 0 0 0 0 0 0 0 0 0 0 0 0 0 0 0 0 0 0 0 0 0 0 0 0 0 0 0 0 0 0 0 0 0 0 0 0 0 0 0 0 0 0 0 0 0 0 0 0 0 0 0 0 0 0 0 0 0 0 0 0 0 0 0 0 0 0 0 0 0 0 0 0 0 0 0 0 0 0 0 0 0 0 0 0 0 0 0 0 0 0 0 0 0 0 0 0 0 0 0 0 0 0 0 0 0 0 0 0 0 0 0 0 0 0 0 0 0 0 0 0 0 0 0 0 0 0 0 0 0 0 0 0 0 0 0 0 0 0 0 0 0 0 0 0 0 0 0 0 0 0 0 0 0 0 0 0 0 0 0 0 0 0 0 0 0 0 0 0 0 0 0 0 0 0 0 0 0 0 0 0 0 0 0 0 0 0 0 0 0 0 0 0 0 0 0 0 0 0 0 0 0 0 0 0 0 0 0 0 0 0 0 0 0 0 0 0 0 0 0 0 0 0 0 0 0 0 0 0 0 0 0 0 0 0 0 0 0 0 0 0 0 0 0 0 0 0 0 0 0 0 0 0 0 0 0 0 0 0 0 0 0 0 0 0 0 0 0 0 0 0 0 0 0 0 0 0 0 0 0 0 0 0 0 0 0 0 0 0 0 0 0 0 0 0 0 0 0 0 0 0 0 0 0 0 0 0 0 0 0 0 0 0 0 0 0 0 0 0 0 0 0 0 0 0 0 0 0 0 0 0 0 0 0 0 0 0 0 0 0 0 0 0 0 0 0 0 0 0 0 0 0 0 0 0 0 0 0 0 0 0 0 0 0 0 0 0 0 0 0 0 0 0 0 0 0 0 0 0 0 0 0 0 0 0 0 0 0 0 0 0 0 0 0 0 0 0 0 0 0 0 0 0 0 0 0 0 0 0 0 0 0 0 0 0 0 0 0 0 0 0 0 0 0 0 0 0 0 0 0 0 0 0 0 0 0 0 0 0 0 0 0 0 0 0 0 0 0 0 0 0 0 0 0 0 0 0 0 0 0 0 0 0 0 0 0 0 0 0 0 0 0 0 0 0 0 0 0 0 0 0 0 0 0 0 0 0 0 0 0 0 0 0 0 0 0 0 0 0 0 0 0 0 0 0 0 0 0 0 0 0 0 0 0 0 0 0 0 0 0 0 0 0 0 0 0 0 0 0 0 0 0 0 0 0 0 0 0 0 0 0 0 0 0 0 0 0 0 0 0 0 0 0 0 0 0 0 0 0 0 0 0 0 0 0 0 0 0 0 0 0 0 0 0 0 0 0 0 0 0 0 0 0 0 0 0 0 0 0 0 0 0 0 0 0 0 0 0 0 0 0 0 0 0 0 0 0 0 0 0 0 0 0 0 0 0 0 0 0 0 0 0 0 0 0 0 0 0 0 0 0 0 0 0 0 0 0 0 0 0 0 0 0 0 0 0 0 0 0 0 0 0 0 0 0 0 0 0 0 0 0 0 0 0 0 0 0 0 0 0 0 0 0 0 0 0 0 0 0 0 0 0 0 0 0 0 0 0 0 0 0 0 0 0 0 0 0 0 0 0 0 0 0 0 0 0 0 0 0 0 0 0 0 0 0 0 0 0 0 0 0 0 0 0 0 0 0 0 0 0 0 0 0 0 0 0 0 0 0 0 0 0 0 0 0 0 0 0 0 0 0 0 0 0 0 0 0 0 0 0 0 0 0 0 0 0 0 0 0 0 0 0 0 0 0 0 0 0 0 0 0 0 0 0 0 0 0 0 0 0 0 0 0 0 0 0 0 0 0 0 0 0 0 0 0 0 0 0 0 0 0 0 0 0 0 0 0 0 0 0 0 0 0 0 0 0 0 0 0 0 0 0 0 0 0 0 0 0 0 0 0 0 0 0 0 0 0 0 0 0 0 0 0 0 0 0 0 0 0 0 0 0 0 0 0 0 0 0 0 0 0 0 0 0 0 0 0 0 0 0 0 0 0 0 0 0 0 0 0 0 0 0 0 0 0 0 0 0 0 0 0 0 0 0 0 0 0 0 0 0 0 0 0 0 0 0 0 0 0 0 0 0 0 0 0 0 0 0 0 0 0 0 0 0 0 0 0 0 0 0 0 0 0 0 0 0 0 0 0 0 0 0 0 0 0 0 0 0 0 0 0 0 0 0 0 0 0 0 0 0 0 0 0 0 0 0 0 0 0 0 0 0 0 0 0 0 0 0 0 0 0 0 0 0 0 0 0 0 0 0 0 0 0 0 0 0 0 0 0 0 0 0 0 0 0 0 0 0 0 0 0 0 0 0 0 0 0 0 0 0 0 0 0 0 0 0 0 0 0 0 0 0 0 0 0 0 0 0 0 0 0 0 0 0 0 0 0 0 0 0 0 0 0 0 0 0 0 0 0 0 0 0 0 0 0 0 0 0 0 0 0 0 0 0 0 0 0 0 0 0 0 0 0 0 0 0 0 0 0 0 0 0 0 0 0 0 0 0 0 0 0 0 0 0 0 0 0 0 0 0 0 0 0 0 0 0 0 0 0 0 0 0 0 0 0 0 0 0 0 0 0 0 0 0 0 0 0 0 0 0 0 0 0 0 0 0 0 0 0 0 0 0 0 0 0 0 0 0 0 0 0 0 0 0 0 0 0 0 0 0 0 0 0 0 0 0 0 0 0 0 0 0 0 0 0 0 0 0 0 0 0 0 0 0 0 0 0 0 0 0 0 0 0 0 0 0 0 0 0 0 0 0 0 0 0 0 0 0 0 0 0 0 0 0 0 0 0 0 0 0 0 0 0 0 0 0 0 0 0 0 0 0 0 0 0 0 0 0 0 0 0 0 0 0 0 0 0 0 0 0 0 0 0 0 0 0 0 0 0 0 0 0 0 0 0 0 0 0 0 0 0 0 0 0 0 0 0 0 0 0 0 0 0 0 0 0 0 0 0 0 0 0 0 0 0 0 0 0 0 0 0 0 0 0 0 0 0 0 0 0 0 0 0 0 0 0 0 0 0 0 0 0 0 0 0 0 0 0 0 0 0 0 0 0 0 0 0 0 0 0 0 0 0 0 0 0 0 0 0 0 0 0 0 0 0 0 0 0 0 0 0 0 0 0 0 0 0 0 0 0 0 0 0 0 0 0 0 0 0 0 0 0 0 0 0 0 0 0 0 0 0 0 0 0 0 0 0 0 0 0 0 0 0 0 0 0 0 0 0 0 0 0 0 0 0 0 0 0 0 0 0 0 0 0 0 0 0 0 0 0 0 0 0 0 0 0 0 0 0 0 0 0 0 0 0 0 0 0 0 0 0 0 0 0 0 0 0 0 0 0 0 0 0 0 0 0 0 0 0 0 0 0 0 0 0 0 0 0 0 0 0 0 0 0 0 0 0 0 0 0 0 0 0 0 0 0 0 0 0 0 0 0 0 0 0 0 0 0 0 0 0 0 0 0 0 0 0 0 0 0 0 0 0 0 0 0 0 0 0 0 0 0 0 0 0 0 0 0 0 0 0 0 0 0 0 0 0 0 0 0 0 0 0 0 0 0 0 0 0 0 0 0 0 0 0 0 0 0 0 0 0 0 0 0 0 0 0 0 0 0 0 0 0 0 0 0 0 0 0 0 0 0 0 0 0 0 0 0 0 0 0 0 0 0 0 0 0 0 0 0 0 0 0 0 0 0 0 0 0 0 0 0 0 0 0 0 0 0 0 0 0 0 0 0 0 0 0 0 0 0 0 0 0 0 0 0 0 0 0 0 0 0 0 0 0 0 0 0 0 0 0 0 0 0 0 0 0 0 0 0 0 0 0 0 0 0 0 0 0 0 0 0 0 0 0 0 0 0 0 0 0 0 0 0 0 0 0 0 0 0 0 0 0 0 0 0 0 0 0 0 0 0 0 0 0 0 0 0 0 0 0 0 0 0 0 0 0 0 0 0 0 0 0 0 0 0 0 0 0 0 0 0 0 0 0 0 0 0 0 0 0 0 0 0 0 0 0 0 0 0 0 0 0 0 0 0 0 0 0 0 0 0 0 0 0 0 0 0 0 0 0 0 0 0 0 0 0 0 0 0 0 0 0 0 0 0 0 0 0 0 0 0 0 0 0 0 0 0 0 0 0 0 0 0 0 0 0 0 0 0 0 0 0 0 0 0 0 0 0 0 0 0 0 0 0 0 0 0 0 0 0 0 0 0 0 0 0 0 0 0 0 0 0 0 0 0 0 0 0 0 0 0 0 0 0 0 0 0 0 0 0 0 0 0 0 0 0 0 0 0 0 0 0 0 0 0 0 0 0 0 0 0 0 0 0 0 0 0 0 0 0 0 0 0 0 0 0 0 0 0 0 0 0 0 0 0 0 0 0 0 0 0 0 0 0 0 0 0 0 0 0 0 0 0 0 0 0 0 0 0 0 0 0 0 0 0 0 0 0 0 0 0 0 0 0 0 0 0 0 0 0 0 0 0 0 0 0 0 0 0 0 0 0 0 0 0 0 0 0 0 0 0 0 0 0 0 0 0 0 0 0 0 0 0 0 0 0 0 0 0 0 0 0 0 0 0 0 0 0 0 0 0 0 0 0 0 0 0 0 0 0 0 0 0 0 0 0 0 0 0 0 0 0 0 0 0 0 0 0 0 0 0 0 0 0 0 0 0 0 0 0 0 0 0 0 0 0 0 0 0 0 0 0 0 0 0 0 0 0 0 0 0 0 0 0 0 0 0 0 0 0 0 0 0 0 0 0 0 0 0 0 0 0 0 0 0 0 0 0 0 0 0 0 0 0 0 0 0 0 0 0 0 0 0 0 0 0 0 0 0 0 0 0 0 0 0 0 0 0 0 0 0 0 0 0 0 0 0 0 0 0 0 0 0 0 0 0 0 0 0 0 0 0 0 0 0 0 0 0 0 0 0 0 0 0 0 0 0 0 0 0 0 0 0 0 0 0 0 0 0 0 0 0 0 0 0 0 0 0 0 0 0 0 0 0 0 0 0 0 0 0 0 0 0 0 0 0 0 0 0 0 0 0 0 0 0 0 0 0 0 0 0 0 0 0 0 0 0 0 0 0 0 0 0 0 0 0 0 0 0 0 0 0 0 0 0 0 0 0 0 0 0 0 0 0 0 0 0 0 0 0 0 0 0 0 0 0 0 0 0 0 0 0 0 0 0 0 0 0 0 0 0 0 0 0 0 0 0 0 0 0 0 0 0 0 0 0 0 0 0 0 0 0 0 0 0 0 0 0 0 0 0 0 0 0 0 0 0 0 0 0 0 0 0 0 0 0 0 0 0 0 0 0 0 0 0 0 0 0 0 0 0 0 0 0 0 0 0 0 0 0 0 0 0 0 0 0 0 0 0 0 0 0 0 0 0 0 0 0 0 0 0 0 0 0 0 0 0 0 0 0 0 0 0 0 0 0 0 0 0 0 0 0 0 0 0 0 0 0 0 0 0 0 0 0 0 0 0 0 0 0 0 0 0 0 0 0 0 0 0 0 0 0 0 0 0 0 0 0 0 0 0 0 0 0 0 0 0 0 0 0 0 0 0 0 0 0 0 0 0 0 0 0 0 0 0 0 0 0 0 0 0 0 0 0 0 0 0 0 0 0 0 0 0 0 0 0 0 0 0 0 0 0 0 0 0 0 0 0 0 0 0 0 0 0 0 0 0 0 0 0 0 0 0 0 0 0 0 0 0 0 0 0 0 0 0 0 0 0 0 0 0 0 0 0 0 0 0 0 0 0 0 0 0 0 0 0 0 0 0 0 0 0 0 0 0 0 0 0 0 0 0 0 0 0 0 0 0 0 0 0 0 0 0 0 0 0 0 0 0 0 0 0 0 0 0 0 0 0 0 0 0 0 0 0 0 0 0 0 0 0 0 0 0 0 0 0 0 0 0 0 0 0 0 0 0 0 0 0 0 0 0 0 0 0 0 0 0 0 0 0 0 0 0 0 0 0 0 0 0 0 0 0 0 0 0 0 0 0 0 0 0 0 0 0 0 0 0 0 0 0 0 0 0 0 0 0 0 0 0 0 0 0 0 0 0 0 0 0 0 0 0 0 0 0 0 0 0 0 0 0 0 0 0 0 0 0 0 0 0 0 0 0 0 0 0 0 0 0 0 0 0 0 0 0 0 0 0 0 0 0 0 0 0 0 0 0 0 0 0 0 0 0 0 0 0 0 0 0 0 0 0 0 0 0 0 0 0 0 0 0 0 0 0 0 0 0 0 0 0 0 0 0 0 0 0 0 0 0 0 0 0 0 0 0 0 0 0 0 0 0 0 0 0 0 0 0 0 0 0 0 0 0 0 0 0 0 0 0 0 0 0 0 0 0 0 0 0 0 0 0 0 0 0 0 0 0 0 0 0 0 0 0 0 0 0 0 0 0 0 0 0 0 0 0 0 0 0 0 0 0 0 0 0 0 0 0 0 0 0 0 0 0 0 0 0 0 0 0 0 0 0 0 0 0 0 0 0 0 0 0 0 0 0 0 0 0 0 0 0 0 0 0 0 0 0 0 0 0 0 0 0 0 0 0 0 0 0 0 0 0 0 0 0 0 0 0 0 0 0 0 0 0 0 0 0 0 0 0 0 0 0 0 0 0 0 0 0 0 0 0 0 0 0 0 0 0 0 0 0 0 0 0 0 0 0 0 0 0 0 0 0 0 0 0 0 0 0 0 0 0 0 0 0 0 0 0 0 0 0 0 0 0 0 0 0 0 0 0 0 0 0 0 0 0 0 0 0 0 0 0 0 0 0 0 0 0 0 0 0 0 0 0 0 0 0 0 0 0 0 0 0 0 0 0 0 0 0 0 0 0 0 0 0 0 0 0 0 0 0 0 0 0 0 0 0 0 0 0 0 0 0 0 0 0 0 0 0 0 0 0 0 0 0 0 0 0 0 0 0 0 0 0 0 0 0 0 0 0 0 0 0 0 0 0 0 0 0 0 0 0 0 0 0 0 0 0 0 0 0 0 0 0 0 0 0 0 0 0 0 0 0 0 0 0 0 0 0 0 0 0 0 0 0 0 0 0 0 0 0 0 0 0 0 0 0 0 0 0 0 0 0 0 0 0 0 0 0 0 0 0 0 0 0 0 0 0 0 0 0 0 0 0 0 0 0 0 0 0 0 0 0 0 0 0 0 0 0 0 0 0 0 0 0 0 0 0 0 0 0 0 0 0 0 0 0 0 0 0 0 0 0 0 0 0 0 0 0 0 0 0 0 0 0 0 0 0 0 0 0 0 0 0 0 0 0 0 0 0 0 0 0 0 0 0 0 0 0 0 0 0 0 0 0 0 0 0 0 0 0 0 0 0 0 0 0 0 0 0 0 0 0 0 0 0 0 0 0 0 0 0 0 0 0 0 0 0 0 0 0 0 0 0 0 0 0 0 0 0 0 0 0 0 0 0 0 0 0 0 0 0 0 0 0 0 0 0 0 0 0 0 0 0 0 0 0 
0 0 0 0 0 0 0 0.9 0 0 0 0 0 0 0 0 0 5.64 0 0 0 0 0 0 0 0 0 3.07 0 0 0 0 0 0 0 0 0 0.15 0 0 0 0 0 0 0 0 0 2.2 0 0 0 0 0 0 0 0 0 2.5 0 0 0 0 0 0 0 0 0 2.36 0 0 0 0 0 0 0 0 0 0.21 0 0 0 0 0 0 0 0 0 0.53 0 0 0 0 0 0 0 0 0 2.34 0 0 0 0.77 0 0 5 0 0 0 0 0 0 1.13 0 0 1.14 0 0 0 0 0 0 1.97 0 0 2.9 0 0 0 0 0 0 0.45 0 0 3.72 0 0 0 0 0 0 0.49 0 0 1.34 0 0 0 0 0 0 0.48 0 0 2.24 0 0 0 0 0 0 1.9 0 0 2.19 0 0 0 0 0 0 1.52 0 0 3.65 0 0 0 0 0 0 0.18 0 0 0.43 0 0 0 0 0 0 4.22 0 0 3.12 0 0 0 0 0 0 0 0 0 0 0 0 0 0 0 0 0 0 0 0 0 0 0 0 0 0 0 0 0 0 0 0 0 0 0 0 0 0 0 0 0 0 0 0 0 0 0 0 0 0 0 0 0 0 0 0 0 0 0 0 0 0 0 0 0 0 0 0 0 0 0 0 0 0 0 0 0 0 0 0 0 0 0 0 0 0 0 0 0 0 0 0 0 0 0 0 0 0 0 0 0 0 0 0 0 0 0 0 0 0 0 0 4.34 0 0 0 0 0 0 0 0 0 0.63 0 0 0 0 0 0 0 0 0 3.38 0 0 0 0 0 0 0 0 0 3.8 0 0 0 0 0 0 0 0 0 0.54 0 0 0 0 0 0 0 0 0 1.32 0 0 0 0 0 0 0 0 0 4.32 0 0 0 0 0 0 0 0 0 1.32 0 0 0 0 0 0 0 0 0 0.06 0 0 0 0 0 0 0 0 0 0.21 0 0 0 1.01 0 0 1.06 0 0 0 0 0 0 3.49 0 0 2.37 0 0 0 0 0 0 1.34 0 0 0.88 0 0 0 0 0 0 1.8 0 0 0.91 0 0 0 0 0 0 4.36 0 0 0.96 0 0 0 0 0 0 0.4 0 0 0.54 0 0 0 0 0 0 4.51 0 0 2.29 0 0 0 0 0 0 4.1 0 0 3.23 0 0 0 0 0 0 0.85 0 0 0.83 0 0 0 0 0 0 3.13 0 0 2.5 0 0 0 0 0 0 0 0 0 0 0 0 0 0 0 0 0 0 0 0 0 0 0 0 0 0 0 0 0 0 0 0 0 0 0 0 0 0 0 0 0 0 0 0 0 0 0 0 0 0 0 0 0 0 0 0 0 0 0 0 0 0 0 0 0 0 0 0 0 0 0 0 0 0 0 0 0 0 0 0 0 0 0 0 0 0 0 0 0 0 0 0 0 0 0 0 0 0 0 0 0 0 0 0 0 0 0 0 0 0 0 0 2.47 0 0 0 0 0 0 0 0 0 4.91 0 0 0 0 0 0 0 0 0 5 0 0 0 0 0 0 0 0 0 2.29 0 0 0 0 0 0 0 0 0 0.78 0 0 0 0 0 0 0 0 0 0.17 0 0 0 0 0 0 0 0 0 1.85 0 0 0 0 0 0 0 0 0 0.91 0 0 0 0 0 0 0 0 0 5.85 0 0 0 0 0 0 0 0 0 1.93 0 0 0 4.63 0 0 1.8 0 0 0 0 0 0 1.41 0 0 2.35 0 0 0 0 0 0 0.52 0 0 0.78 0 0 0 0 0 0 0.71 0 0 0.32 0 0 0 0 0 0 0.98 0 0 3.08 0 0 0 0 0 0 3.81 0 0 1.55 0 0 0 0 0 0 1.96 0 0 3.99 0 0 0 0 0 0 0.14 0 0 2.26 0 0 0 0 0 0 4.8 0 0 4.54 0 0 0 0 0 0 4.72 0 0 0.82 0 0 0 0 0 0 0 0 0 0 0 0 0 0 0 0 0 0 0 0 0 0 0 0 0 0 0 0 0 0 0 0 0 0 0 0 0 0 0 0 0 0 0 0 0 0 0 0 0 0 0 0 0 0 0 0 0 0 0 0 0 0 0 0 0 0 0 0 0 0 0 0 0 0 0 0 0 0 0 0 0 0 0 0 0 0 0 0 0 0 0 0 0 0 0 0 0 0 0 0 0 0 0 0 0 0 0 0 0 0 0 0 0.66 0 0 0 0 0 0 0 0 0 0.64 0 0 0 0 0 0 0 0 0 3.28 0 0 0 0 0 0 0 0 0 1.66 0 0 0 0 0 0 0 0 0 0.78 0 0 0 0 0 0 0 0 0 0.5 0 0 0 0 0 0 0 0 0 1.07 0 0 0 0 0 0 0 0 0 0.57 0 0 0 0 0 0 0 0 0 3.24 0 0 0 0 0 0 0 0 0 0.43 0 0 0 0 0 0 0 0 0 1.48 0 0 0 0 0 0 0 0 0 5.29 0 0 0 0 0 0 0 0 0 3.15 0 0 0 0 0 0 0 0 0 4.13 0 0 0 0 0 0 0 0 0 4.28 0 0 0 0 0 0 0 0 0 0.76 0 0 0 0 0 0 0 0 0 1.08 0 0 0 0 0 0 0 0 0 3.37 0 0 0 0 0 0 0 0 0 3.19 0 0 0 0 0 0 0 0 0 2.18 0 0 0 4.5 0 0 1.34 0 0 0 0 0 0 1.54 0 0 1.78 0 0 0 0 0 0 2.68 0 0 2.62 0 0 0 0 0 0 3.82 0 0 5.44 0 0 0 0 0 0 2.03 0 0 1.43 0 0 0 0 0 0 4.56 0 0 4.25 0 0 0 0 0 0 3.69 0 0 5.06 0 0 0 0 0 0 3.2 0 0 4.18 0 0 0 0 0 0 0.26 0 0 1.96 0 0 0 0 0 0 2.39 0 0 2.17 0 0 0 0 0 0 0 0 0 0 0 0 0 0 0 0 0 0 0 0 0 0 0 0 0 0 0 0 0 0 0 0 0 0 0 0 0 0 0 0 0 0 0 0 0 0 0 0 0 0 0 0 0 0 0 0 0 0 0 0 0 0 0 0 0 0 0 0 0 0 0 0 0 0 0 0 0 0 0 0 0 0 0 0 0 0 0 0 0 0 0 0 0 0 0 0 0 0 0 0 0 0 0 0 0 0 0 0 0 0 0 0 3.17 0 0 0 0 0 0 0 0 0 0.73 0 0 0 0 0 0 0 0 0 4.9 0 0 0 0 0 0 0 0 0 0.47 0 0 0 0 0 0 0 0 0 2.77 0 0 0 0 0 0 0 0 0 5.31 0 0 0 0 0 0 0 0 0 1.02 0 0 0 0 0 0 0 0 0 0.6 0 0 0 0 0 0 0 0 0 1.26 0 0 0 0 0 0 0 0 0 1.8 0 0 0 3.67 0 0 0.62 0 0 0 0 0 0 1.56 0 0 0.08 0 0 0 0 0 0 2.19 0 0 4.37 0 0 0 0 0 0 5 0 0 3.32 0 0 0 0 0 0 4.53 0 0 2.83 0 0 0 0 0 0 4.52 0 0 4.78 0 0 0 0 0 0 5.16 0 0 0.86 0 0 0 0 0 0 3.13 0 0 0.97 0 0 0 0 0 0 0.42 0 0 5.13 0 0 0 0 0 0 0.32 0 0 3.68 0 0 0 0 0 0 0 0 0 0 0 0 0 0 0 0 0 0 0 0 0 0 0 0 0 0 0 0 0 0 0 0 0 0 0 0 0 0 0 0 0 0 0 0 0 0 0 0 0 0 0 0 0 0 0 0 0 0 0 0 0 0 0 0 0 0 0 0 0 0 0 0 0 0 0 0 0 0 0 0 0 0 0 0 0 0 0 0 0 0 0 0 0 0 0 0 0 0 0 0 0 0 0 0 0 0 0 0 0 0 0 0 3.95 0 0 0 0 0 0 0 0 0 0.19 0 0 0 0 0 0 0 0 0 2.78 0 0 0 0 0 0 0 0 0 4.69 0 0 0 0 0 0 0 0 0 0.57 0 0 0 0 0 0 0 0 0 3.84 0 0 0 0 0 0 0 0 0 3.26 0 0 0 0 0 0 0 0 0 0.77 0 0 0 0 0 0 0 0 0 4.61 0 0 0 0 0 0 0 0 0 2.24 0 0 0 3.64 0 0 1.98 0 0 0 0 0 0 2.57 0 0 2.78 0 0 0 0 0 0 3.41 0 0 3.27 0 0 0 0 0 0 0.92 0 0 4.13 0 0 0 0 0 0 0.27 0 0 1.37 0 0 0 0 0 0 1.69 0 0 3.97 0 0 0 0 0 0 0.13 0 0 0.46 0 0 0 0 0 0 2.87 0 0 0.79 0 0 0 0 0 0 0.58 0 0 0.96 0 0 0 0 0 0 3.66 0 0 0.34 0 0 0 0 0 0 0 0 0 0 0 0 0 0 0 0 0 0 0 0 0 0 0 0 0 0 0 0 0 0 0 0 0 0 0 0 0 0 0 0 0 0 0 0 0 0 0 0 0 0 0 0 0 0 0 0 0 0 0 0 0 0 0 0 0 0 0 0 0 0 0 0 0 0 0 0 0 0 0 0 0 0 0 0 0 0 0 0 0 0 0 0 0 0 0 0 0 0 0 0 0 0 0 0 0 0 0 0 0 0 0 0 0.36 0 0 0 0 0 0 0 0 0 0.5 0 0 0 0 0 0 0 0 0 1.71 0 0 0 0 0 0 0 0 0 3.82 0 0 0 0 0 0 0 0 0 2.26 0 0 0 0 0 0 0 0 0 5.18 0 0 0 0 0 0 0 0 0 0.48 0 0 0 0 0 0 0 0 0 0.68 0 0 0 0 0 0 0 0 0 4.48 0 0 0 0 0 0 0 0 0 2.16 0 0 0 0 0 0 0 0 0 2.87 0 0 0 0 0 0 0 0 0 0.69 0 0 0 0 0 0 0 0 0 0.57 0 0 0 0 0 0 0 0 0 2.92 0 0 0 0 0 0 0 0 0 1.34 0 0 0 0 0 0 0 0 0 0.21 0 0 0 0 0 0 0 0 0 3.62 0 0 0 0 0 0 0 0 0 2.72 0 0 0 0 0 0 0 0 0 3.14 0 0 0 0 0 0 0 0 0 2.08 0 0 0 1.7 0 0 0.56 0 0 0 0 0 0 0.12 0 0 3.45 0 0 0 0 0 0 1.94 0 0 1.1 0 0 0 0 0 0 1.69 0 0 3.6 0 0 0 0 0 0 0.8 0 0 2.35 0 0 0 0 0 0 3.03 0 0 3.58 0 0 0 0 0 0 2.82 0 0 1.43 0 0 0 0 0 0 1.75 0 0 0.56 0 0 0 0 0 0 5.03 0 0 0.72 0 0 0 0 0 0 2.56 0 0 1.76 0 0 0 0 0 0 0 0 0 0 0 0 0 0 0 0 0 0 0 0 0 0 0 0 0 0 0 0 0 0 0 0 0 0 0 0 0 0 0 0 0 0 0 0 0 0 0 0 0 0 0 0 0 0 0 0 0 0 0 0 0 0 0 0 0 0 0 0 0 0 0 0 0 0 0 0 0 0 0 0 0 0 0 0 0 0 0 0 0 0 0 0 0 0 0 0 0 0 0 0 0 0 0 0 0 0 0 0 0 0 0 0 2.4 0 0 0 0 0 0 0 0 0 0.51 0 0 0 0 0 0 0 0 0 1.34 0 0 0 0 0 0 0 0 0 2.15 0 0 0 0 0 0 0 0 0 1.21 0 0 0 0 0 0 0 0 0 0.17 0 0 0 0 0 0 0 0 0 4.08 0 0 0 0 0 0 0 0 0 0.12 0 0 0 0 0 0 0 0 0 2.92 0 0 0 0 0 0 0 0 0 5.11 0 0 0 5.17 0 0 0.07 0 0 0 0 0 0 1.48 0 0 2.1 0 0 0 0 0 0 1.56 0 0 4.32 0 0 0 0 0 0 3.77 0 0 1.09 0 0 0 0 0 0 0.69 0 0 0.3 0 0 0 0 0 0 0.42 0 0 4.93 0 0 0 0 0 0 3.53 0 0 3.08 0 0 0 0 0 0 4.82 0 0 1.6 0 0 0 0 0 0 4.96 0 0 4.17 0 0 0 0 0 0 0.97 0 0 2.18 0 0 0 0 0 0 0 0 0 0 0 0 0 0 0 0 0 0 0 0 0 0 0 0 0 0 0 0 0 0 0 0 0 0 0 0 0 0 0 0 0 0 0 0 0 0 0 0 0 0 0 0 0 0 0 0 0 0 0 0 0 0 0 0 0 0 0 0 0 0 0 0 0 0 0 0 0 0 0 0 0 0 0 0 0 0 0 0 0 0 0 0 0 0 0 0 0 0 0 0 0 0 0 0 0 0 0 0 0 0 0 0 3.12 0 0 0 0 0 0 0 0 0 0.46 0 0 0 0 0 0 0 0 0 0.24 0 0 0 0 0 0 0 0 0 2.05 0 0 0 0 0 0 0 0 0 4 0 0 0 0 0 0 0 0 0 3.73 0 0 0 0 0 0 0 0 0 0.21 0 0 0 0 0 0 0 0 0 4.91 0 0 0 0 0 0 0 0 0 3.4 0 0 0 0 0 0 0 0 0 4.81 0 0 0 0.71 0 0 0.13 0 0 0 0 0 0 0.36 0 0 0.06 0 0 0 0 0 0 2.22 0 0 3.63 0 0 0 0 0 0 0.03 0 0 1.18 0 0 0 0 0 0 2.78 0 0 0.3 0 0 0 0 0 0 4.09 0 0 4.68 0 0 0 0 0 0 0.36 0 0 0.3 0 0 0 0 0 0 2.11 0 0 5.25 0 0 0 0 0 0 1.47 0 0 4.61 0 0 0 0 0 0 2.03 0 0 5.37 0 0 0 0 0 0 0 0 0 0 0 0 0 0 0 0 0 0 0 0 0 0 0 0 0 0 0 0 0 0 0 0 0 0 0 0 0 0 0 0 0 0 0 0 0 0 0 0 0 0 0 0 0 0 0 0 0 0 0 0 0 0 0 0 0 0 0 0 0 0 0 0 0 0 0 0 0 0 0 0 0 0 0 0 0 0 0 0 0 0 0 0 0 0 0 0 0 0 0 0 0 0 0 0 0 0 0 0 0 0 0 0 0.87 0 0 0 0 0 0 0 0 0 0.72 0 0 0 0 0 0 0 0 0 2.99 0 0 0 0 0 0 0 0 0 1.86 0 0 0 0 0 0 0 0 0 2.74 0 0 0 0 0 0 0 0 0 2.39 0 0 0 0 0 0 0 0 0 0.69 0 0 0 0 0 0 0 0 0 3.16 0 0 0 0 0 0 0 0 0 4.98 0 0 0 0 0 0 0 0 0 1.34 0 0 0 0 0 0 0 0 0 4.2 0 0 0 0 0 0 0 0 0 1.61 0 0 0 0 0 0 0 0 0 3.45 0 0 0 0 0 0 0 0 0 4.7 0 0 0 0 0 0 0 0 0 2.89 0 0 0 0 0 0 0 0 0 0.78 0 0 0 0 0 0 0 0 0 3.66 0 0 0 0 0 0 0 0 0 5.58 0 0 0 0 0 0 0 0 0 2.87 0 0 0 0 0 0 0 0 0 1.08 0 0 0 1.18 0 0 1.98 0 0 0 0 0 0 2.41 0 0 1.12 0 0 0 0 0 0 2.88 0 0 0.17 0 0 0 0 0 0 0.49 0 0 0.82 0 0 0 0 0 0 3.05 0 0 0.33 0 0 0 0 0 0 0.27 0 0 0.3 0 0 0 0 0 0 1.86 0 0 1.15 0 0 0 0 0 0 4.7 0 0 2.27 0 0 0 0 0 0 0.45 0 0 0.69 0 0 0 0 0 0 0.34 0 0 1.02 0 0 0 0 0 0 0 0 0 0 0 0 0 0 0 0 0 0 0 0 0 0 0 0 0 0 0 0 0 0 0 0 0 0 0 0 0 0 0 0 0 0 0 0 0 0 0 0 0 0 0 0 0 0 0 0 0 0 0 0 0 0 0 0 0 0 0 0 0 0 0 0 0 0 0 0 0 0 0 0 0 0 0 0 0 0 0 0 0 0 0 0 0 0 0 0 0 0 0 0 0 0 0 0 0 0 0 0 0 0 0 0 1.48 0 0 0 0 0 0 0 0 0 1.48 0 0 0 0 0 0 0 0 0 3.88 0 0 0 0 0 0 0 0 0 3.23 0 0 0 0 0 0 0 0 0 2.63 0 0 0 0 0 0 0 0 0 4.06 0 0 0 0 0 0 0 0 0 0.31 0 0 0 0 0 0 0 0 0 1.06 0 0 0 0 0 0 0 0 0 3.99 0 0 0 0 0 0 0 0 0 0.16 0 0 0 1.22 0 0 2.32 0 0 0 0 0 0 0.63 0 0 0.46 0 0 0 0 0 0 2.74 0 0 2.04 0 0 0 0 0 0 0.95 0 0 0.31 0 0 0 0 0 0 4.17 0 0 3 0 0 0 0 0 0 3.14 0 0 3.7 0 0 0 0 0 0 3 0 0 4.12 0 0 0 0 0 0 1.86 0 0 4.15 0 0 0 0 0 0 3.96 0 0 0.23 0 0 0 0 0 0 3.59 0 0 0.88 0 0 0 0 0 0 0 0 0 0 0 0 0 0 0 0 0 0 0 0 0 0 0 0 0 0 0 0 0 0 0 0 0 0 0 0 0 0 0 0 0 0 0 0 0 0 0 0 0 0 0 0 0 0 0 0 0 0 0 0 0 0 0 0 0 0 0 0 0 0 0 0 0 0 0 0 0 0 0 0 0 0 0 0 0 0 0 0 0 0 0 0 0 0 0 0 0 0 0 0 0 0 0 0 0 0 0 0 0 0 0 0 5.2 0 0 0 0 0 0 0 0 0 0.81 0 0 0 0 0 0 0 0 0 0.46 0 0 0 0 0 0 0 0 0 0.49 0 0 0 0 0 0 0 0 0 1.64 0 0 0 0 0 0 0 0 0 0.07 0 0 0 0 0 0 0 0 0 0.45 0 0 0 0 0 0 0 0 0 2.05 0 0 0 0 0 0 0 0 0 0.14 0 0 0 0 0 0 0 0 0 4.85 0 0 0 5.08 0 0 3.06 0 0 0 0 0 0 2.57 0 0 5.02 0 0 0 0 0 0 1.06 0 0 0.59 0 0 0 0 0 0 0.45 0 0 0.05 0 0 0 0 0 0 2.85 0 0 0.27 0 0 0 0 0 0 2.49 0 0 0.84 0 0 0 0 0 0 3.35 0 0 3.54 0 0 0 0 0 0 5.56 0 0 0.62 0 0 0 0 0 0 3.96 0 0 5.7 0 0 0 0 0 0 1.04 0 0 1.67 0 0 0 0 0 0 0 0 0 0 0 0 0 0 0 0 0 0 0 0 0 0 0 0 0 0 0 0 0 0 0 0 0 0 0 0 0 0 0 0 0 0 0 0 0 0 0 0 0 0 0 0 0 0 0 0 0 0 0 0 0 0 0 0 0 0 0 0 0 0 0 0 0 0 0 0 0 0 0 0 0 0 0 0 0 0 0 0 0 0 0 0 0 0 0 0 0 0 0 0 0 0 0 0 0 0 0 0 0 0 0 0 1.36 0 0 0 0 0 0 0 0 0 0.98 0 0 0 0 0 0 0 0 0 3.7 0 0 0 0 0 0 0 0 0 0.64 0 0 0 0 0 0 0 0 0 3.78 0 0 0 0 0 0 0 0 0 2.1 0 0 0 0 0 0 0 0 0 1.21 0 0 0 0 0 0 0 0 0 0.32 0 0 0 0 0 0 0 0 0 1.12 0 0 0 0 0 0 0 0 0 2.22 0 0 0 0 0 0 0 0 0 1.23 0 0 0 0 0 0 0 0 0 0.28 0 0 0 0 0 0 0 0 0 1.32 0 0 0 0 0 0 0 0 0 1.35 0 0 0 0 0 0 0 0 0 1.47 0 0 0 0 0 0 0 0 0 2.61 0 0 0 0 0 0 0 0 0 1.56 0 0 0 0 0 0 0 0 0 6.18 0 0 0 0 0 0 0 0 0 3.38 0 0 0 0 0 0 0 0 0 2.23 0 0 0 0.52 0 0 2.53 0 0 0 0 0 0 3.7 0 0 1.87 0 0 0 0 0 0 0.8 0 0 0.95 0 0 0 0 0 0 3.38 0 0 0.9 0 0 0 0 0 0 0.47 0 0 4.37 0 0 0 0 0 0 2.99 0 0 1.49 0 0 0 0 0 0 0.81 0 0 0.84 0 0 0 0 0 0 0.4 0 0 3.74 0 0 0 0 0 0 0.56 0 0 2.01 0 0 0 0 0 0 5.43 0 0 1.24 0 0 0 0 0 0 0 0 0 0 0 0 0 0 0 0 0 0 0 0 0 0 0 0 0 0 0 0 0 0 0 0 0 0 0 0 0 0 0 0 0 0 0 0 0 0 0 0 0 0 0 0 0 0 0 0 0 0 0 0 0 0 0 0 0 0 0 0 0 0 0 0 0 0 0 0 0 0 0 0 0 0 0 0 0 0 0 0 0 0 0 0 0 0 0 0 0 0 0 0 0 0 0 0 0 0 0 0 0 0 0 0 1.15 0 0 0 0 0 0 0 0 0 2.86 0 0 0 0 0 0 0 0 0 1.45 0 0 0 0 0 0 0 0 0 3.25 0 0 0 0 0 0 0 0 0 0.27 0 0 0 0 0 0 0 0 0 1.25 0 0 0 0 0 0 0 0 0 0.21 0 0 0 0 0 0 0 0 0 0.38 0 0 0 0 0 0 0 0 0 2.57 0 0 0 0 0 0 0 0 0 0.25 0 0 0 2.38 0 0 4.13 0 0 0 0 0 0 5.86 0 0 0.36 0 0 0 0 0 0 2.98 0 0 3.9 0 0 0 0 0 0 0.42 0 0 4.42 0 0 0 0 0 0 1.88 0 0 1.54 0 0 0 0 0 0 4.06 0 0 0.09 0 0 0 0 0 0 1.34 0 0 1.51 0 0 0 0 0 0 0.42 0 0 0.98 0 0 0 0 0 0 0.33 0 0 1.86 0 0 0 0 0 0 3.16 0 0 1.19 0 0 0 0 0 0 0 0 0 0 0 0 0 0 0 0 0 0 0 0 0 0 0 0 0 0 0 0 0 0 0 0 0 0 0 0 0 0 0 0 0 0 0 0 0 0 0 0 0 0 0 0 0 0 0 0 0 0 0 0 0 0 0 0 0 0 0 0 0 0 0 0 0 0 0 0 0 0 0 0 0 0 0 0 0 0 0 0 0 0 0 0 0 0 0 0 0 0 0 0 0 0 0 0 0 0 0 0 0 0 0 0 2.03 0 0 0 0 0 0 0 0 0 1.21 0 0 0 0 0 0 0 0 0 2.23 0 0 0 0 0 0 0 0 0 3.26 0 0 0 0 0 0 0 0 0 4.19 0 0 0 0 0 0 0 0 0 2.21 0 0 0 0 0 0 0 0 0 3.86 0 0 0 0 0 0 0 0 0 1.84 0 0 0 0 0 0 0 0 0 2.1 0 0 0 0 0 0 0 0 0 4.5 0 0 0 2.45 0 0 0.79 0 0 0 0 0 0 4.16 0 0 1.93 0 0 0 0 0 0 3.73 0 0 0.18 0 0 0 0 0 0 1.18 0 0 0.33 0 0 0 0 0 0 1.3 0 0 5.38 0 0 0 0 0 0 1.33 0 0 0.17 0 0 0 0 0 0 2.19 0 0 0.66 0 0 0 0 0 0 1.33 0 0 3.2 0 0 0 0 0 0 0.39 0 0 1.22 0 0 0 0 0 0 5.15 0 0 2.97 0 0 0 0 0 0 0 0 0 0 0 0 0 0 0 0 0 0 0 0 0 0 0 0 0 0 0 0 0 0 0 0 0 0 0 0 0 0 0 0 0 0 0 0 0 0 0 0 0 0 0 0 0 0 0 0 0 0 0 0 0 0 0 0 0 0 0 0 0 0 0 0 0 0 0 0 0 0 0 0 0 0 0 0 0 0 0 0 0 0 0 0 0 0 0 0 0 0 0 0 0 0 0 0 0 0 0 0 0 0 0 0 3.71 0 0 0 0 0 0 0 0 0 1.21 0 0 0 0 0 0 0 0 0 0.86 0 0 0 0 0 0 0 0 0 1.35 0 0 0 0 0 0 0 0 0 1.18 0 0 0 0 0 0 0 0 0 2.32 0 0 0 0 0 0 0 0 0 4.5 0 0 0 0 0 0 0 0 0 5.41 0 0 0 0 0 0 0 0 0 0.66 0 0 0 0 0 0 0 0 0 0.87 0 0 0 0 0 0 0 0 0 2.07 0 0 0 0 0 0 0 0 0 1.17 0 0 0 0 0 0 0 0 0 2.71 0 0 0 0 0 0 0 0 0 2.55 0 0 0 0 0 0 0 0 0 5.5 0 0 0 0 0 0 0 0 0 2.07 0 0 0 0 0 0 0 0 0 3.72 0 0 0 0 0 0 0 0 0 0.85 0 0 0 0 0 0 0 0 0 4 0 0 0 0 0 0 0 0 0 1.26 0 0 0 0.06 0 0 3.4 0 0 0 0 0 0 1.14 0 0 3.46 0 0 0 0 0 0 3.76 0 0 4.07 0 0 0 0 0 0 0.33 0 0 0.19 0 0 0 0 0 0 1.57 0 0 0.14 0 0 0 0 0 0 0.66 0 0 5.54 0 0 0 0 0 0 0.88 0 0 0.64 0 0 0 0 0 0 3.69 0 0 0.98 0 0 0 0 0 0 0.62 0 0 3.57 0 0 0 0 0 0 1.44 0 0 0.58 0 0 0 0 0 0 0 0 0 0 0 0 0 0 0 0 0 0 0 0 0 0 0 0 0 0 0 0 0 0 0 0 0 0 0 0 0 0 0 0 0 0 0 0 0 0 0 0 0 0 0 0 0 0 0 0 0 0 0 0 0 0 0 0 0 0 0 0 0 0 0 0 0 0 0 0 0 0 0 0 0 0 0 0 0 0 0 0 0 0 0 0 0 0 0 0 0 0 0 0 0 0 0 0 0 0 0 0 0 0 0 0 1.47 0 0 0 0 0 0 0 0 0 3.88 0 0 0 0 0 0 0 0 0 3.91 0 0 0 0 0 0 0 0 0 0.32 0 0 0 0 0 0 0 0 0 3.72 0 0 0 0 0 0 0 0 0 4.09 0 0 0 0 0 0 0 0 0 0.37 0 0 0 0 0 0 0 0 0 3.65 0 0 0 0 0 0 0 0 0 1.17 0 0 0 0 0 0 0 0 0 6.3 0 0 0 2.33 0 0 0.47 0 0 0 0 0 0 1.28 0 0 4.24 0 0 0 0 0 0 3.38 0 0 0.94 0 0 0 0 0 0 2.59 0 0 0.29 0 0 0 0 0 0 4.26 0 0 0.47 0 0 0 0 0 0 1.82 0 0 0.47 0 0 0 0 0 0 5.26 0 0 5.35 0 0 0 0 0 0 4.32 0 0 2.84 0 0 0 0 0 0 5.34 0 0 1.41 0 0 0 0 0 0 3.65 0 0 1.61 0 0 0 0 0 0 0 0 0 0 0 0 0 0 0 0 0 0 0 0 0 0 0 0 0 0 0 0 0 0 0 0 0 0 0 0 0 0 0 0 0 0 0 0 0 0 0 0 0 0 0 0 0 0 0 0 0 0 0 0 0 0 0 0 0 0 0 0 0 0 0 0 0 0 0 0 0 0 0 0 0 0 0 0 0 0 0 0 0 0 0 0 0 0 0 0 0 0 0 0 0 0 0 0 0 0 0 0 0 0 0 0 4.43 0 0 0 0 0 0 0 0 0 3.1 0 0 0 0 0 0 0 0 0 4.63 0 0 0 0 0 0 0 0 0 3.21 0 0 0 0 0 0 0 0 0 1.2 0 0 0 0 0 0 0 0 0 1.08 0 0 0 0 0 0 0 0 0 0.17 0 0 0 0 0 0 0 0 0 1.58 0 0 0 0 0 0 0 0 0 4.67 0 0 0 0 0 0 0 0 0 5.01 0 0 0 0.96 0 0 0.4 0 0 0 0 0 0 0.87 0 0 0.29 0 0 0 0 0 0 0.17 0 0 0.36 0 0 0 0 0 0 1.43 0 0 4.29 0 0 0 0 0 0 2 0 0 2.38 0 0 0 0 0 0 2.11 0 0 1.55 0 0 0 0 0 0 1.78 0 0 0.66 0 0 0 0 0 0 2.46 0 0 2.14 0 0 0 0 0 0 0.63 0 0 0.89 0 0 0 0 0 0 0.37 0 0 2.06 0 0 0 0 0 0 0 0 0 0 0 0 0 0 0 0 0 0 0 0 0 0 0 0 0 0 0 0 0 0 0 0 0 0 0 0 0 0 0 0 0 0 0 0 0 0 0 0 0 0 0 0 0 0 0 0 0 0 0 0 0 0 0 0 0 0 0 0 0 0 0 0 0 0 0 0 0 0 0 0 0 0 0 0 0 0 0 0 0 0 0 0 0 0 0 0 0 0 0 0 0 0 0 0 0 0 0 0 0 0 0 0 2.74 0 0 0 0 0 0 0 0 0 0.84 0 0 0 0 0 0 0 0 0 1.22 0 0 0 0 0 0 0 0 0 0.94 0 0 0 0 0 0 0 0 0 2.12 0 0 0 0 0 0 0 0 0 2.75 0 0 0 0 0 0 0 0 0 2.92 0 0 0 0 0 0 0 0 0 2 0 0 0 0 0 0 0 0 0 1.11 0 0 0 0 0 0 0 0 0 3.17 0 0 0 0 0 0 0 0 0 3.16 0 0 0 0 0 0 0 0 0 3.49 0 0 0 0 0 0 0 0 0 1.74 0 0 0 0 0 0 0 0 0 3.83 0 0 0 0 0 0 0 0 0 0.35 0 0 0 0 0 0 0 0 0 2.37 0 0 0 0 0 0 0 0 0 1.98 0 0 0 0 0 0 0 0 0 4.24 0 0 0 0 0 0 0 0 0 2.16 0 0 0 0 0 0 0 0 0 3.73 0 0 0 1.77 0 0 0.72 0 0 0 0 0 0 1.39 0 0 2.48 0 0 0 0 0 0 0.14 0 0 1.43 0 0 0 0 0 0 2.36 0 0 2.32 0 0 0 0 0 0 2.37 0 0 1.68 0 0 0 0 0 0 4.06 0 0 2.13 0 0 0 0 0 0 2.19 0 0 4.04 0 0 0 0 0 0 2.12 0 0 3.93 0 0 0 0 0 0 3.16 0 0 0.67 0 0 0 0 0 0 0.63 0 0 1.85 0 0 0 0 0 0 0 0 0 0 0 0 0 0 0 0 0 0 0 0 0 0 0 0 0 0 0 0 0 0 0 0 0 0 0 0 0 0 0 0 0 0 0 0 0 0 0 0 0 0 0 0 0 0 0 0 0 0 0 0 0 0 0 0 0 0 0 0 0 0 0 0 0 0 0 0 0 0 0 0 0 0 0 0 0 0 0 0 0 0 0 0 0 0 0 0 0 0 0 0 0 0 0 0 0 0 0 0 0 0 0 0 0.17 0 0 0 0 0 0 0 0 0 0.37 0 0 0 0 0 0 0 0 0 2.57 0 0 0 0 0 0 0 0 0 0.82 0 0 0 0 0 0 0 0 0 1.49 0 0 0 0 0 0 0 0 0 4.93 0 0 0 0 0 0 0 0 0 1.19 0 0 0 0 0 0 0 0 0 2.05 0 0 0 0 0 0 0 0 0 0.91 0 0 0 0 0 0 0 0 0 5.84 0 0 0 0.46 0 0 0.75 0 0 0 0 0 0 3.27 0 0 0.58 0 0 0 0 0 0 1.34 0 0 1.39 0 0 0 0 0 0 1.31 0 0 0.42 0 0 0 0 0 0 3.96 0 0 1.14 0 0 0 0 0 0 0.79 0 0 2.62 0 0 0 0 0 0 1.22 0 0 3.7 0 0 0 0 0 0 1.68 0 0 0.32 0 0 0 0 0 0 3.4 0 0 2.6 0 0 0 0 0 0 0.9 0 0 4.37 0 0 0 0 0 0 0 0 0 0 0 0 0 0 0 0 0 0 0 0 0 0 0 0 0 0 0 0 0 0 0 0 0 0 0 0 0 0 0 0 0 0 0 0 0 0 0 0 0 0 0 0 0 0 0 0 0 0 0 0 0 0 0 0 0 0 0 0 0 0 0 0 0 0 0 0 0 0 0 0 0 0 0 0 0 0 0 0 0 0 0 0 0 0 0 0 0 0 0 0 0 0 0 0 0 0 0 0 0 0 0 0 4.76 0 0 0 0 0 0 0 0 0 4.97 0 0 0 0 0 0 0 0 0 2.49 0 0 0 0 0 0 0 0 0 3.59 0 0 0 0 0 0 0 0 0 3.2 0 0 0 0 0 0 0 0 0 2.26 0 0 0 0 0 0 0 0 0 3.31 0 0 0 0 0 0 0 0 0 1.23 0 0 0 0 0 0 0 0 0 0.3 0 0 0 0 0 0 0 0 0 0.79 0 0 0 0.56 0 0 1.74 0 0 0 0 0 0 1.03 0 0 1.54 0 0 0 0 0 0 1.43 0 0 1.58 0 0 0 0 0 0 3.31 0 0 0.85 0 0 0 0 0 0 2.23 0 0 2.3 0 0 0 0 0 0 0.72 0 0 2.9 0 0 0 0 0 0 5.42 0 0 1.82 0 0 0 0 0 0 0.95 0 0 0.38 0 0 0 0 0 0 0.89 0 0 2.89 0 0 0 0 0 0 1.09 0 0 0.5 0 0 0 0 0 0 0 0 0 0 0 0 0 0 0 0 0 0 0 0 0 0 0 0 0 0 0 0 0 0 0 0 0 0 0 0 0 0 0 0 0 0 0 0 0 0 0 0 0 0 0 0 0 0 0 0 0 0 0 0 0 0 0 0 0 0 0 0 0 0 0 0 0 0 0 0 0 0 0 0 0 0 0 0 0 0 0 0 0 0 0 0 0 0 0 0 0 0 0 0 0 0 0 0 0 0 0 0 0 0 0 0 2.51 0 0 0 0 0 0 0 0 0 0.07 0 0 0 0 0 0 0 0 0 1.44 0 0 0 0 0 0 0 0 0 1.69 0 0 0 0 0 0 0 0 0 2.71 0 0 0 0 0 0 0 0 0 3.77 0 0 0 0 0 0 0 0 0 1.9 0 0 0 0 0 0 0 0 0 3.05 0 0 0 0 0 0 0 0 0 3.85 0 0 0 0 0 0 0 0 0 4.77 0 0 0 0 0 0 0 0 0 1.7 0 0 0 0 0 0 0 0 0 2.35 0 0 0 0 0 0 0 0 0 1.27 0 0 0 0 0 0 0 0 0 2.83 0 0 0 0 0 0 0 0 0 1.13 0 0 0 0 0 0 0 0 0 0.17 0 0 0 0 0 0 0 0 0 3.71 0 0 0 0 0 0 0 0 0 1.71 0 0 0 0 0 0 0 0 0 0.2 0 0 0 0 0 0 0 0 0 0.52 0 0 0 0.4 0 0 2.67 0 0 0 0 0 0 4.17 0 0 2.78 0 0 0 0 0 0 3.56 0 0 0.78 0 0 0 0 0 0 3.99 0 0 0.44 0 0 0 0 0 0 0.71 0 0 0.56 0 0 0 0 0 0 3.51 0 0 0.34 0 0 0 0 0 0 3.09 0 0 1.17 0 0 0 0 0 0 2.61 0 0 2.4 0 0 0 0 0 0 0.78 0 0 4.45 0 0 0 0 0 0 1.84 0 0 0.7 0 0 0 0 0 0 0 0 0 0 0 0 0 0 0 0 0 0 0 0 0 0 0 0 0 0 0 0 0 0 0 0 0 0 0 0 0 0 0 0 0 0 0 0 0 0 0 0 0 0 0 0 0 0 0 0 0 0 0 0 0 0 0 0 0 0 0 0 0 0 0 0 0 0 0 0 0 0 0 0 0 0 0 0 0 0 0 0 0 0 0 0 0 0 0 0 0 0 0 0 0 0 0 0 0 0 0 0 0 0 0 0 1.6 0 0 0 0 0 0 0 0 0 0.77 0 0 0 0 0 0 0 0 0 3.97 0 0 0 0 0 0 0 0 0 0.7 0 0 0 0 0 0 0 0 0 2.09 0 0 0 0 0 0 0 0 0 1.34 0 0 0 0 0 0 0 0 0 0.99 0 0 0 0 0 0 0 0 0 4.31 0 0 0 0 0 0 0 0 0 2.36 0 0 0 0 0 0 0 0 0 1.07 0 0 0 0.61 0 0 1.07 0 0 0 0 0 0 1.9 0 0 0.92 0 0 0 0 0 0 1.3 0 0 2.16 0 0 0 0 0 0 0.28 0 0 0.68 0 0 0 0 0 0 2.67 0 0 0.36 0 0 0 0 0 0 3.97 0 0 1.42 0 0 0 0 0 0 0.1 0 0 0.45 0 0 0 0 0 0 1.37 0 0 1.31 0 0 0 0 0 0 0.39 0 0 3.47 0 0 0 0 0 0 0.39 0 0 1.68 0 0 0 0 0 0 0 0 0 0 0 0 0 0 0 0 0 0 0 0 0 0 0 0 0 0 0 0 0 0 0 0 0 0 0 0 0 0 0 0 0 0 0 0 0 0 0 0 0 0 0 0 0 0 0 0 0 0 0 0 0 0 0 0 0 0 0 0 0 0 0 0 0 0 0 0 0 0 0 0 0 0 0 0 0 0 0 0 0 0 0 0 0 0 0 0 0 0 0 0 0 0 0 0 0 0 0 0 0 0 0 0 1.21 0 0 0 0 0 0 0 0 0 0.91 0 0 0 0 0 0 0 0 0 1.05 0 0 0 0 0 0 0 0 0 1.14 0 0 0 0 0 0 0 0 0 0.08 0 0 0 0 0 0 0 0 0 1.06 0 0 0 0 0 0 0 0 0 1.9 0 0 0 0 0 0 0 0 0 3.5 0 0 0 0 0 0 0 0 0 0.48 0 0 0 0 0 0 0 0 0 0.51 0 0 0 1.99 0 0 1.37 0 0 0 0 0 0 1.05 0 0 2.88 0 0 0 0 0 0 2.13 0 0 2.46 0 0 0 0 0 0 0.34 0 0 0.43 0 0 0 0 0 0 4.18 0 0 0.35 0 0 0 0 0 0 1.17 0 0 3.65 0 0 0 0 0 0 1.82 0 0 2.09 0 0 0 0 0 0 2.87 0 0 0.34 0 0 0 0 0 0 0.42 0 0 3.69 0 0 0 0 0 0 3.02 0 0 0.98 0 0 0 0 0 0 0 0 0 0 0 0 0 0 0 0 0 0 0 0 0 0 0 0 0 0 0 0 0 0 0 0 0 0 0 0 0 0 0 0 0 0 0 0 0 0 0 0 0 0 0 0 0 0 0 0 0 0 0 0 0 0 0 0 0 0 0 0 0 0 0 0 0 0 0 0 0 0 0 0 0 0 0 0 0 0 0 0 0 0 0 0 0 0 0 0 0 0 0 0 0 0 0 0 0 0 0 0 0 0 0 0 3.82 0 0 0 0 0 0 0 0 0 3.55 0 0 0 0 0 0 0 0 0 0.8 0 0 0 0 0 0 0 0 0 4.62 0 0 0 0 0 0 0 0 0 0.8 0 0 0 0 0 0 0 0 0 0.19 0 0 0 0 0 0 0 0 0 1.47 0 0 0 0 0 0 0 0 0 2.79 0 0 0 0 0 0 0 0 0 4.28 0 0 0 0 0 0 0 0 0 0.3 0 0 0 0 0 0 0 0 0 1 0 0 0 0 0 0 0 0 0 0.99 0 0 0 0 0 0 0 0 0 1.56 0 0 0 0 0 0 0 0 0 0.89 0 0 0 0 0 0 0 0 0 4.57 0 0 0 0 0 0 0 0 0 5.35 0 0 0 0 0 0 0 0 0 2.51 0 0 0 0 0 0 0 0 0 0.52 0 0 0 0 0 0 0 0 0 2.93 0 0 0 0 0 0 0 0 0 2.72 0 0 0 0.86 0 0 0.57 0 0 0 0 0 0 0.08 0 0 3.46 0 0 0 0 0 0 2.43 0 0 4.62 0 0 0 0 0 0 3.97 0 0 2.37 0 0 0 0 0 0 4 0 0 0.31 0 0 0 0 0 0 0.86 0 0 0.38 0 0 0 0 0 0 0.73 0 0 1.99 0 0 0 0 0 0 0.21 0 0 4.16 0 0 0 0 0 0 1.65 0 0 0.77 0 0 0 0 0 0 0.23 0 0 0.57 0 0 0 0 0 0 0 0 0 0 0 0 0 0 0 0 0 0 0 0 0 0 0 0 0 0 0 0 0 0 0 0 0 0 0 0 0 0 0 0 0 0 0 0 0 0 0 0 0 0 0 0 0 0 0 0 0 0 0 0 0 0 0 0 0 0 0 0 0 0 0 0 0 0 0 0 0 0 0 0 0 0 0 0 0 0 0 0 0 0 0 0 0 0 0 0 0 0 0 0 0 0 0 0 0 0 0 0 0 0 0 0 4.39 0 0 0 0 0 0 0 0 0 0.24 0 0 0 0 0 0 0 0 0 4.46 0 0 0 0 0 0 0 0 0 0.66 0 0 0 0 0 0 0 0 0 0.14 0 0 0 0 0 0 0 0 0 0.59 0 0 0 0 0 0 0 0 0 0.51 0 0 0 0 0 0 0 0 0 0.89 0 0 0 0 0 0 0 0 0 1.5 0 0 0 0 0 0 0 0 0 3.74 0 0 0 3.94 0 0 1.33 0 0 0 0 0 0 3.4 0 0 3.17 0 0 0 0 0 0 4.08 0 0 0.27 0 0 0 0 0 0 1.9 0 0 4.36 0 0 0 0 0 0 3.71 0 0 0.89 0 0 0 0 0 0 4.75 0 0 1.04 0 0 0 0 0 0 4.5 0 0 6.19 0 0 0 0 0 0 0.81 0 0 4.19 0 0 0 0 0 0 1.19 0 0 3.4 0 0 0 0 0 0 0.82 0 0 0.43 0 0 0 0 0 0 0 0 0 0 0 0 0 0 0 0 0 0 0 0 0 0 0 0 0 0 0 0 0 0 0 0 0 0 0 0 0 0 0 0 0 0 0 0 0 0 0 0 0 0 0 0 0 0 0 0 0 0 0 0 0 0 0 0 0 0 0 0 0 0 0 0 0 0 0 0 0 0 0 0 0 0 0 0 0 0 0 0 0 0 0 0 0 0 0 0 0 0 0 0 0 0 0 0 0 0 0 0 0 0 0 0 1.06 0 0 0 0 0 0 0 0 0 3.68 0 0 0 0 0 0 0 0 0 2.84 0 0 0 0 0 0 0 0 0 1.38 0 0 0 0 0 0 0 0 0 2.3 0 0 0 0 0 0 0 0 0 1.06 0 0 0 0 0 0 0 0 0 2.06 0 0 0 0 0 0 0 0 0 3.27 0 0 0 0 0 0 0 0 0 1.6 0 0 0 0 0 0 0 0 0 1.58 0 0 0 0.09 0 0 0.93 0 0 0 0 0 0 4.03 0 0 5.68 0 0 0 0 0 0 0.84 0 0 4.65 0 0 0 0 0 0 3.51 0 0 2.03 0 0 0 0 0 0 4.33 0 0 2.29 0 0 0 0 0 0 1.35 0 0 0.78 0 0 0 0 0 0 3.15 0 0 0.73 0 0 0 0 0 0 4.15 0 0 0.3 0 0 0 0 0 0 1.56 0 0 2.79 0 0 0 0 0 0 2.49 0 0 3.58 0 0 0 0 0 0 0 0 0 0 0 0 0 0 0 0 0 0 0 0 0 0 0 0 0 0 0 0 0 0 0 0 0 0 0 0 0 0 0 0 0 0 0 0 0 0 0 0 0 0 0 0 0 0 0 0 0 0 0 0 0 0 0 0 0 0 0 0 0 0 0 0 0 0 0 0 0 0 0 0 0 0 0 0 0 0 0 0 0 0 0 0 0 0 0 0 0 0 0 0 0 0 0 0 0 0 0 0 0 0 0 0 1.09 0 0 0 0 0 0 0 0 0 1.65 0 0 0 0 0 0 0 0 0 1.99 0 0 0 0 0 0 0 0 0 4.43 0 0 0 0 0 0 0 0 0 0.39 0 0 0 0 0 0 0 0 0 1.44 0 0 0 0 0 0 0 0 0 1.38 0 0 0 0 0 0 0 0 0 0.22 0 0 0 0 0 0 0 0 0 1.51 0 0 0 0 0 0 0 0 0 3.84 0 0 0 0 0 0 0 0 0 1.6 0 0 0 0 0 0 0 0 0 3.67 0 0 0 0 0 0 0 0 0 0.41 0 0 0 0 0 0 0 0 0 3.06 0 0 0 0 0 0 0 0 0 0.77 0 0 0 0 0 0 0 0 0 2.33 0 0 0 0 0 0 0 0 0 0.73 0 0 0 0 0 0 0 0 0 5.3 0 0 0 0 0 0 0 0 0 0.22 0 0 0 0 0 0 0 0 0 0.88 0 0 0 1.57 0 0 2.05 0 0 0 0 0 0 0.73 0 0 3.2 0 0 0 0 0 0 1.17 0 0 3.97 0 0 0 0 0 0 2.33 0 0 1.88 0 0 0 0 0 0 0.15 0 0 5.39 0 0 0 0 0 0 1.02 0 0 1.97 0 0 0 0 0 0 2.72 0 0 5.33 0 0 0 0 0 0 1.56 0 0 1.09 0 0 0 0 0 0 2.38 0 0 1.75 0 0 0 0 0 0 2.7 0 0 0.51 0 0 0 0 0 0 0 0 0 0 0 0 0 0 0 0 0 0 0 0 0 0 0 0 0 0 0 0 0 0 0 0 0 0 0 0 0 0 0 0 0 0 0 0 0 0 0 0 0 0 0 0 0 0 0 0 0 0 0 0 0 0 0 0 0 0 0 0 0 0 0 0 0 0 0 0 0 0 0 0 0 0 0 0 0 0 0 0 0 0 0 0 0 0 0 0 0 0 0 0 0 0 0 0 0 0 0 0 0 0 0 0 0.68 0 0 0 0 0 0 0 0 0 0.79 0 0 0 0 0 0 0 0 0 3.3 0 0 0 0 0 0 0 0 0 0.34 0 0 0 0 0 0 0 0 0 1.35 0 0 0 0 0 0 0 0 0 1.98 0 0 0 0 0 0 0 0 0 0.64 0 0 0 0 0 0 0 0 0 3.48 0 0 0 0 0 0 0 0 0 0.25 0 0 0 0 0 0 0 0 0 0.45 0 0 0 1.28 0 0 0.79 0 0 0 0 0 0 4.37 0 0 1.49 0 0 0 0 0 0 2.18 0 0 4.36 0 0 0 0 0 0 4.51 0 0 1.21 0 0 0 0 0 0 0.33 0 0 2.93 0 0 0 0 0 0 0.66 0 0 1.45 0 0 0 0 0 0 0.76 0 0 1.03 0 0 0 0 0 0 0.59 0 0 0.86 0 0 0 0 0 0 4.65 0 0 0.67 0 0 0 0 0 0 2.01 0 0 3.28 0 0 0 0 0 0 0 0 0 0 0 0 0 0 0 0 0 0 0 0 0 0 0 0 0 0 0 0 0 0 0 0 0 0 0 0 0 0 0 0 0 0 0 0 0 0 0 0 0 0 0 0 0 0 0 0 0 0 0 0 0 0 0 0 0 0 0 0 0 0 0 0 0 0 0 0 0 0 0 0 0 0 0 0 0 0 0 0 0 0 0 0 0 0 0 0 0 0 0 0 0 0 0 0 0 0 0 0 0 0 0 0 0.17 0 0 0 0 0 0 0 0 0 0.84 0 0 0 0 0 0 0 0 0 1.82 0 0 0 0 0 0 0 0 0 1.88 0 0 0 0 0 0 0 0 0 2.96 0 0 0 0 0 0 0 0 0 1.91 0 0 0 0 0 0 0 0 0 0.88 0 0 0 0 0 0 0 0 0 0.53 0 0 0 0 0 0 0 0 0 2.26 0 0 0 0 0 0 0 0 0 5.19 0 0 0 3.51 0 0 0.31 0 0 0 0 0 0 1.86 0 0 0.09 0 0 0 0 0 0 5.1 0 0 0.57 0 0 0 0 0 0 5.98 0 0 0.2 0 0 0 0 0 0 1.06 0 0 2.39 0 0 0 0 0 0 0.85 0 0 5.22 0 0 0 0 0 0 2.21 0 0 3.67 0 0 0 0 0 0 1.78 0 0 0.31 0 0 0 0 0 0 1.83 0 0 4.21 0 0 0 0 0 0 2.58 0 0 3.38 0 0 0 0 0 0 0 0 0 0 0 0 0 0 0 0 0 0 0 0 0 0 0 0 0 0 0 0 0 0 0 0 0 0 0 0 0 0 0 0 0 0 0 0 0 0 0 0 0 0 0 0 0 0 0 0 0 0 0 0 0 0 0 0 0 0 0 0 0 0 0 0 0 0 0 0 0 0 0 0 0 0 0 0 0 0 0 0 0 0 0 0 0 0 0 0 0 0 0 0 0 0 0 0 0 0 0 0 0 0 0 0 0.61 0 0 0 0 0 0 0 0 0 1.34 0 0 0 0 0 0 0 0 0 0.15 0 0 0 0 0 0 0 0 0 0.86 0 0 0 0 0 0 0 0 0 5.04 0 0 0 0 0 0 0 0 0 3.1 0 0 0 0 0 0 0 0 0 2.42 0 0 0 0 0 0 0 0 0 4.87 0 0 0 0 0 0 0 0 0 1.95 0 0 0 0 0 0 0 0 0 0.3 0 0 
0 0 0 0 0 0 0 0.97 0 0 0 0 0 0 0 0 0 5.71 0 0 0 0 0 0 0 0 0 2.83 0 0 0 0 0 0 0 0 0 0.16 0 0 0 0 0 0 0 0 0 1.96 0 0 0 0 0 0 0 0 0 2.58 0 0 0 0 0 0 0 0 0 2.36 0 0 0 0 0 0 0 0 0 0.23 0 0 0 0 0 0 0 0 0 0.44 0 0 0 0 0 0 0 0 0 2.38 0 0 0 0.88 0 0 4.88 0 0 0 0 0 0 1.14 0 0 1.15 0 0 0 0 0 0 2.18 0 0 2.8 0 0 0 0 0 0 0.43 0 0 3.62 0 0 0 0 0 0 0.52 0 0 1.49 0 0 0 0 0 0 0.51 0 0 2.36 0 0 0 0 0 0 1.91 0 0 2.1 0 0 0 0 0 0 1.4 0 0 3.78 0 0 0 0 0 0 0.19 0 0 0.6 0 0 0 0 0 0 3.73 0 0 2.92 0 0 0 0 0 0 0 0 0 0 0 0 0 0 0 0 0 0 0 0 0 0 0 0 0 0 0 0 0 0 0 0 0 0 0 0 0 0 0 0 0 0 0 0 0 0 0 0 0 0 0 0 0 0 0 0 0 0 0 0 0 0 0 0 0 0 0 0 0 0 0 0 0 0 0 0 0 0 0 0 0 0 0 0 0 0 0 0 0 0 0 0 0 0 0 0 0 0 0 0 0 0 0 0 0 0 0 0 0 0 0 0 4.48 0 0 0 0 0 0 0 0 0 0.72 0 0 0 0 0 0 0 0 0 3.52 0 0 0 0 0 0 0 0 0 3.7 0 0 0 0 0 0 0 0 0 0.51 0 0 0 0 0 0 0 0 0 1.25 0 0 0 0 0 0 0 0 0 4.46 0 0 0 0 0 0 0 0 0 1.25 0 0 0 0 0 0 0 0 0 0.04 0 0 0 0 0 0 0 0 0 0.23 0 0 0 1.11 0 0 1.05 0 0 0 0 0 0 3.42 0 0 2.24 0 0 0 0 0 0 1.49 0 0 0.65 0 0 0 0 0 0 1.88 0 0 0.93 0 0 0 0 0 0 4.8 0 0 0.8 0 0 0 0 0 0 0.37 0 0 0.55 0 0 0 0 0 0 4.73 0 0 2.11 0 0 0 0 0 0 4.16 0 0 3.15 0 0 0 0 0 0 0.65 0 0 0.92 0 0 0 0 0 0 3.05 0 0 2.36 0 0 0 0 0 0 0 0 0 0 0 0 0 0 0 0 0 0 0 0 0 0 0 0 0 0 0 0 0 0 0 0 0 0 0 0 0 0 0 0 0 0 0 0 0 0 0 0 0 0 0 0 0 0 0 0 0 0 0 0 0 0 0 0 0 0 0 0 0 0 0 0 0 0 0 0 0 0 0 0 0 0 0 0 0 0 0 0 0 0 0 0 0 0 0 0 0 0 0 0 0 0 0 0 0 0 0 0 0 0 0 0 2.42 0 0 0 0 0 0 0 0 0 4.73 0 0 0 0 0 0 0 0 0 4.85 0 0 0 0 0 0 0 0 0 2.22 0 0 0 0 0 0 0 0 0 0.81 0 0 0 0 0 0 0 0 0 0.09 0 0 0 0 0 0 0 0 0 1.83 0 0 0 0 0 0 0 0 0 0.79 0 0 0 0 0 0 0 0 0 6.21 0 0 0 0 0 0 0 0 0 2.09 0 0 0 4.72 0 0 1.6 0 0 0 0 0 0 1.43 0 0 2.48 0 0 0 0 0 0 0.61 0 0 0.77 0 0 0 0 0 0 0.85 0 0 0.29 0 0 0 0 0 0 0.99 0 0 3.08 0 0 0 0 0 0 3.5 0 0 1.59 0 0 0 0 0 0 2.04 0 0 3.63 0 0 0 0 0 0 0.22 0 0 2.03 0 0 0 0 0 0 4.65 0 0 4.27 0 0 0 0 0 0 4.62 0 0 0.9 0 0 0 0 0 0 0 0 0 0 0 0 0 0 0 0 0 0 0 0 0 0 0 0 0 0 0 0 0 0 0 0 0 0 0 0 0 0 0 0 0 0 0 0 0 0 0 0 0 0 0 0 0 0 0 0 0 0 0 0 0 0 0 0 0 0 0 0 0 0 0 0 0 0 0 0 0 0 0 0 0 0 0 0 0 0 0 0 0 0 0 0 0 0 0 0 0 0 0 0 0 0 0 0 0 0 0 0 0 0 0 0 0.62 0 0 0 0 0 0 0 0 0 0.69 0 0 0 0 0 0 0 0 0 3.34 0 0 0 0 0 0 0 0 0 1.58 0 0 0 0 0 0 0 0 0 0.73 0 0 0 0 0 0 0 0 0 0.58 0 0 0 0 0 0 0 0 0 0.96 0 0 0 0 0 0 0 0 0 0.51 0 0 0 0 0 0 0 0 0 3.27 0 0 0 0 0 0 0 0 0 0.39 0 0 0 0 0 0 0 0 0 1.43 0 0 0 0 0 0 0 0 0 5.44 0 0 0 0 0 0 0 0 0 3.05 0 0 0 0 0 0 0 0 0 4.44 0 0 0 0 0 0 0 0 0 4.24 0 0 0 0 0 0 0 0 0 0.78 0 0 0 0 0 0 0 0 0 1.15 0 0 0 0 0 0 0 0 0 3.6 0 0 0 0 0 0 0 0 0 3.15 0 0 0 0 0 0 0 0 0 2.17 0 0 0 4.55 0 0 1.4 0 0 0 0 0 0 1.59 0 0 1.75 0 0 0 0 0 0 2.73 0 0 2.66 0 0 0 0 0 0 3.68 0 0 5.35 0 0 0 0 0 0 2.09 0 0 1.53 0 0 0 0 0 0 4.5 0 0 4.09 0 0 0 0 0 0 3.59 0 0 5.02 0 0 0 0 0 0 3.48 0 0 4.14 0 0 0 0 0 0 0.3 0 0 1.87 0 0 0 0 0 0 2.5 0 0 2.03 0 0 0 0 0 0 0 0 0 0 0 0 0 0 0 0 0 0 0 0 0 0 0 0 0 0 0 0 0 0 0 0 0 0 0 0 0 0 0 0 0 0 0 0 0 0 0 0 0 0 0 0 0 0 0 0 0 0 0 0 0 0 0 0 0 0 0 0 0 0 0 0 0 0 0 0 0 0 0 0 0 0 0 0 0 0 0 0 0 0 0 0 0 0 0 0 0 0 0 0 0 0 0 0 0 0 0 0 0 0 0 0 3.17 0 0 0 0 0 0 0 0 0 0.68 0 0 0 0 0 0 0 0 0 4.93 0 0 0 0 0 0 0 0 0 0.63 0 0 0 0 0 0 0 0 0 2.64 0 0 0 0 0 0 0 0 0 5.44 0 0 0 0 0 0 0 0 0 1.3 0 0 0 0 0 0 0 0 0 0.52 0 0 0 0 0 0 0 0 0 1.5 0 0 0 0 0 0 0 0 0 1.75 0 0 0 3.43 0 0 0.52 0 0 0 0 0 0 1.45 0 0 0.16 0 0 0 0 0 0 2.2 0 0 4.51 0 0 0 0 0 0 5.36 0 0 3.46 0 0 0 0 0 0 4.57 0 0 2.81 0 0 0 0 0 0 4.3 0 0 5.06 0 0 0 0 0 0 5.16 0 0 0.79 0 0 0 0 0 0 3.25 0 0 0.84 0 0 0 0 0 0 0.34 0 0 5.18 0 0 0 0 0 0 0.34 0 0 4.01 0 0 0 0 0 0 0 0 0 0 0 0 0 0 0 0 0 0 0 0 0 0 0 0 0 0 0 0 0 0 0 0 0 0 0 0 0 0 0 0 0 0 0 0 0 0 0 0 0 0 0 0 0 0 0 0 0 0 0 0 0 0 0 0 0 0 0 0 0 0 0 0 0 0 0 0 0 0 0 0 0 0 0 0 0 0 0 0 0 0 0 0 0 0 0 0 0 0 0 0 0 0 0 0 0 0 0 0 0 0 0 0 3.73 0 0 0 0 0 0 0 0 0 0.09 0 0 0 0 0 0 0 0 0 2.79 0 0 0 0 0 0 0 0 0 4.68 0 0 0 0 0 0 0 0 0 0.63 0 0 0 0 0 0 0 0 0 3.79 0 0 0 0 0 0 0 0 0 3.44 0 0 0 0 0 0 0 0 0 0.65 0 0 0 0 0 0 0 0 0 4.61 0 0 0 0 0 0 0 0 0 2.47 0 0 0 3.54 0 0 2 0 0 0 0 0 0 2.37 0 0 2.82 0 0 0 0 0 0 3.14 0 0 3.24 0 0 0 0 0 0 0.92 0 0 4.17 0 0 0 0 0 0 0.33 0 0 1.45 0 0 0 0 0 0 1.76 0 0 4.35 0 0 0 0 0 0 0.15 0 0 0.66 0 0 0 0 0 0 2.92 0 0 0.65 0 0 0 0 0 0 0.8 0 0 0.85 0 0 0 0 0 0 3.74 0 0 0.31 0 0 0 0 0 0 0 0 0 0 0 0 0 0 0 0 0 0 0 0 0 0 0 0 0 0 0 0 0 0 0 0 0 0 0 0 0 0 0 0 0 0 0 0 0 0 0 0 0 0 0 0 0 0 0 0 0 0 0 0 0 0 0 0 0 0 0 0 0 0 0 0 0 0 0 0 0 0 0 0 0 0 0 0 0 0 0 0 0 0 0 0 0 0 0 0 0 0 0 0 0 0 0 0 0 0 0 0 0 0 0 0 0.49 0 0 0 0 0 0 0 0 0 0.6 0 0 0 0 0 0 0 0 0 1.88 0 0 0 0 0 0 0 0 0 3.83 0 0 0 0 0 0 0 0 0 2.21 0 0 0 0 0 0 0 0 0 5.18 0 0 0 0 0 0 0 0 0 0.65 0 0 0 0 0 0 0 0 0 0.5 0 0 0 0 0 0 0 0 0 4.71 0 0 0 0 0 0 0 0 0 2.01 0 0 0 0 0 0 0 0 0 3.12 0 0 0 0 0 0 0 0 0 0.79 0 0 0 0 0 0 0 0 0 0.68 0 0 0 0 0 0 0 0 0 2.86 0 0 0 0 0 0 0 0 0 1.46 0 0 0 0 0 0 0 0 0 0.16 0 0 0 0 0 0 0 0 0 3.7 0 0 0 0 0 0 0 0 0 2.66 0 0 0 0 0 0 0 0 0 2.96 0 0 0 0 0 0 0 0 0 2.16 0 0 0 1.69 0 0 0.44 0 0 0 0 0 0 0.14 0 0 3.53 0 0 0 0 0 0 1.73 0 0 1.09 0 0 0 0 0 0 1.72 0 0 3.9 0 0 0 0 0 0 0.77 0 0 2.6 0 0 0 0 0 0 2.99 0 0 3.78 0 0 0 0 0 0 2.96 0 0 1.75 0 0 0 0 0 0 1.83 0 0 0.41 0 0 0 0 0 0 4.96 0 0 0.82 0 0 0 0 0 0 2.68 0 0 1.71 0 0 0 0 0 0 0 0 0 0 0 0 0 0 0 0 0 0 0 0 0 0 0 0 0 0 0 0 0 0 0 0 0 0 0 0 0 0 0 0 0 0 0 0 0 0 0 0 0 0 0 0 0 0 0 0 0 0 0 0 0 0 0 0 0 0 0 0 0 0 0 0 0 0 0 0 0 0 0 0 0 0 0 0 0 0 0 0 0 0 0 0 0 0 0 0 0 0 0 0 0 0 0 0 0 0 0 0 0 0 0 0 2.35 0 0 0 0 0 0 0 0 0 0.53 0 0 0 0 0 0 0 0 0 1.23 0 0 0 0 0 0 0 0 0 2.22 0 0 0 0 0 0 0 0 0 1.11 0 0 0 0 0 0 0 0 0 0.16 0 0 0 0 0 0 0 0 0 3.98 0 0 0 0 0 0 0 0 0 0.16 0 0 0 0 0 0 0 0 0 3.18 0 0 0 0 0 0 0 0 0 4.98 0 0 0 5.33 0 0 0.08 0 0 0 0 0 0 1.64 0 0 1.97 0 0 0 0 0 0 1.53 0 0 4.44 0 0 0 0 0 0 3.57 0 0 1.05 0 0 0 0 0 0 0.69 0 0 0.3 0 0 0 0 0 0 0.47 0 0 5.18 0 0 0 0 0 0 3.39 0 0 3.08 0 0 0 0 0 0 4.81 0 0 1.43 0 0 0 0 0 0 4.64 0 0 4.07 0 0 0 0 0 0 0.86 0 0 2.17 0 0 0 0 0 0 0 0 0 0 0 0 0 0 0 0 0 0 0 0 0 0 0 0 0 0 0 0 0 0 0 0 0 0 0 0 0 0 0 0 0 0 0 0 0 0 0 0 0 0 0 0 0 0 0 0 0 0 0 0 0 0 0 0 0 0 0 0 0 0 0 0 0 0 0 0 0 0 0 0 0 0 0 0 0 0 0 0 0 0 0 0 0 0 0 0 0 0 0 0 0 0 0 0 0 0 0 0 0 0 0 0 3.06 0 0 0 0 0 0 0 0 0 0.62 0 0 0 0 0 0 0 0 0 0.16 0 0 0 0 0 0 0 0 0 2.1 0 0 0 0 0 0 0 0 0 3.94 0 0 0 0 0 0 0 0 0 3.64 0 0 0 0 0 0 0 0 0 0.23 0 0 0 0 0 0 0 0 0 5.01 0 0 0 0 0 0 0 0 0 3.23 0 0 0 0 0 0 0 0 0 4.96 0 0 0 0.84 0 0 0.15 0 0 0 0 0 0 0.31 0 0 0.1 0 0 0 0 0 0 2.1 0 0 3.31 0 0 0 0 0 0 0.09 0 0 1.07 0 0 0 0 0 0 2.55 0 0 0.35 0 0 0 0 0 0 4.2 0 0 4.65 0 0 0 0 0 0 0.31 0 0 0.37 0 0 0 0 0 0 2.22 0 0 5.03 0 0 0 0 0 0 1.66 0 0 4.35 0 0 0 0 0 0 2.1 0 0 5.35 0 0 0 0 0 0 0 0 0 0 0 0 0 0 0 0 0 0 0 0 0 0 0 0 0 0 0 0 0 0 0 0 0 0 0 0 0 0 0 0 0 0 0 0 0 0 0 0 0 0 0 0 0 0 0 0 0 0 0 0 0 0 0 0 0 0 0 0 0 0 0 0 0 0 0 0 0 0 0 0 0 0 0 0 0 0 0 0 0 0 0 0 0 0 0 0 0 0 0 0 0 0 0 0 0 0 0 0 0 0 0 0 0.81 0 0 0 0 0 0 0 0 0 0.65 0 0 0 0 0 0 0 0 0 2.95 0 0 0 0 0 0 0 0 0 2.12 0 0 0 0 0 0 0 0 0 2.95 0 0 0 0 0 0 0 0 0 2.47 0 0 0 0 0 0 0 0 0 0.83 0 0 0 0 0 0 0 0 0 3.04 0 0 0 0 0 0 0 0 0 4.81 0 0 0 0 0 0 0 0 0 1.44 0 0 0 0 0 0 0 0 0 3.88 0 0 0 0 0 0 0 0 0 1.73 0 0 0 0 0 0 0 0 0 3.51 0 0 0 0 0 0 0 0 0 4.52 0 0 0 0 0 0 0 0 0 2.81 0 0 0 0 0 0 0 0 0 0.7 0 0 0 0 0 0 0 0 0 3.61 0 0 0 0 0 0 0 0 0 5.5 0 0 0 0 0 0 0 0 0 2.69 0 0 0 0 0 0 0 0 0 1.17 0 0 0 1.12 0 0 1.88 0 0 0 0 0 0 2.45 0 0 1.06 0 0 0 0 0 0 2.78 0 0 0.13 0 0 0 0 0 0 0.43 0 0 0.8 0 0 0 0 0 0 3.06 0 0 0.25 0 0 0 0 0 0 0.22 0 0 0.29 0 0 0 0 0 0 1.77 0 0 1.44 0 0 0 0 0 0 4.79 0 0 2.44 0 0 0 0 0 0 0.42 0 0 0.79 0 0 0 0 0 0 0.52 0 0 1.25 0 0 0 0 0 0 0 0 0 0 0 0 0 0 0 0 0 0 0 0 0 0 0 0 0 0 0 0 0 0 0 0 0 0 0 0 0 0 0 0 0 0 0 0 0 0 0 0 0 0 0 0 0 0 0 0 0 0 0 0 0 0 0 0 0 0 0 0 0 0 0 0 0 0 0 0 0 0 0 0 0 0 0 0 0 0 0 0 0 0 0 0 0 0 0 0 0 0 0 0 0 0 0 0 0 0 0 0 0 0 0 0 1.21 0 0 0 0 0 0 0 0 0 1.36 0 0 0 0 0 0 0 0 0 3.96 0 0 0 0 0 0 0 0 0 3.1 0 0 0 0 0 0 0 0 0 2.78 0 0 0 0 0 0 0 0 0 4.24 0 0 0 0 0 0 0 0 0 0.37 0 0 0 0 0 0 0 0 0 1.32 0 0 0 0 0 0 0 0 0 3.94 0 0 0 0 0 0 0 0 0 0.09 0 0 0 1.09 0 0 2.06 0 0 0 0 0 0 0.69 0 0 0.46 0 0 0 0 0 0 2.64 0 0 2.25 0 0 0 0 0 0 1.08 0 0 0.44 0 0 0 0 0 0 4.27 0 0 3.24 0 0 0 0 0 0 3.51 0 0 3.93 0 0 0 0 0 0 3.09 0 0 4.1 0 0 0 0 0 0 1.76 0 0 3.75 0 0 0 0 0 0 3.67 0 0 0.26 0 0 0 0 0 0 3.47 0 0 0.88 0 0 0 0 0 0 0 0 0 0 0 0 0 0 0 0 0 0 0 0 0 0 0 0 0 0 0 0 0 0 0 0 0 0 0 0 0 0 0 0 0 0 0 0 0 0 0 0 0 0 0 0 0 0 0 0 0 0 0 0 0 0 0 0 0 0 0 0 0 0 0 0 0 0 0 0 0 0 0 0 0 0 0 0 0 0 0 0 0 0 0 0 0 0 0 0 0 0 0 0 0 0 0 0 0 0 0 0 0 0 0 0 5.02 0 0 0 0 0 0 0 0 0 0.9 0 0 0 0 0 0 0 0 0 0.46 0 0 0 0 0 0 0 0 0 0.65 0 0 0 0 0 0 0 0 0 1.65 0 0 0 0 0 0 0 0 0 0.09 0 0 0 0 0 0 0 0 0 0.49 0 0 0 0 0 0 0 0 0 2.05 0 0 0 0 0 0 0 0 0 0.19 0 0 0 0 0 0 0 0 0 4.82 0 0 0 5.03 0 0 3.32 0 0 0 0 0 0 2.84 0 0 5.29 0 0 0 0 0 0 0.91 0 0 0.54 0 0 0 0 0 0 0.37 0 0 0.06 0 0 0 0 0 0 2.83 0 0 0.28 0 0 0 0 0 0 2.45 0 0 0.88 0 0 0 0 0 0 3.19 0 0 3.31 0 0 0 0 0 0 5.58 0 0 0.52 0 0 0 0 0 0 3.93 0 0 5.59 0 0 0 0 0 0 1.18 0 0 1.73 0 0 0 0 0 0 0 0 0 0 0 0 0 0 0 0 0 0 0 0 0 0 0 0 0 0 0 0 0 0 0 0 0 0 0 0 0 0 0 0 0 0 0 0 0 0 0 0 0 0 0 0 0 0 0 0 0 0 0 0 0 0 0 0 0 0 0 0 0 0 0 0 0 0 0 0 0 0 0 0 0 0 0 0 0 0 0 0 0 0 0 0 0 0 0 0 0 0 0 0 0 0 0 0 0 0 0 0 0 0 0 0 1.62 0 0 0 0 0 0 0 0 0 1.02 0 0 0 0 0 0 0 0 0 3.68 0 0 0 0 0 0 0 0 0 0.81 0 0 0 0 0 0 0 0 0 3.53 0 0 0 0 0 0 0 0 0 2.22 0 0 0 0 0 0 0 0 0 1.05 0 0 0 0 0 0 0 0 0 0.34 0 0 0 0 0 0 0 0 0 1.16 0 0 0 0 0 0 0 0 0 2.17 0 0 0 0 0 0 0 0 0 1.2 0 0 0 0 0 0 0 0 0 0.19 0 0 0 0 0 0 0 0 0 1.36 0 0 0 0 0 0 0 0 0 1.42 0 0 0 0 0 0 0 0 0 1.48 0 0 0 0 0 0 0 0 0 2.86 0 0 0 0 0 0 0 0 0 1.59 0 0 0 0 0 0 0 0 0 6.07 0 0 0 0 0 0 0 0 0 3.52 0 0 0 0 0 0 0 0 0 2.06 0 0 0 0.53 0 0 2.68 0 0 0 0 0 0 3.5 0 0 2.08 0 0 0 0 0 0 0.8 0 0 0.99 0 0 0 0 0 0 3.58 0 0 1.11 0 0 0 0 0 0 0.49 0 0 4.45 0 0 0 0 0 0 2.86 0 0 1.62 0 0 0 0 0 0 0.75 0 0 0.67 0 0 0 0 0 0 0.48 0 0 3.68 0 0 0 0 0 0 0.5 0 0 2.04 0 0 0 0 0 0 5.35 0 0 1.1 0 0 0 0 0 0 0 0 0 0 0 0 0 0 0 0 0 0 0 0 0 0 0 0 0 0 0 0 0 0 0 0 0 0 0 0 0 0 0 0 0 0 0 0 0 0 0 0 0 0 0 0 0 0 0 0 0 0 0 0 0 0 0 0 0 0 0 0 0 0 0 0 0 0 0 0 0 0 0 0 0 0 0 0 0 0 0 0 0 0 0 0 0 0 0 0 0 0 0 0 0 0 0 0 0 0 0 0 0 0 0 0 1.35 0 0 0 0 0 0 0 0 0 3.05 0 0 0 0 0 0 0 0 0 1.5 0 0 0 0 0 0 0 0 0 3.39 0 0 0 0 0 0 0 0 0 0.25 0 0 0 0 0 0 0 0 0 1.27 0 0 0 0 0 0 0 0 0 0.19 0 0 0 0 0 0 0 0 0 0.33 0 0 0 0 0 0 0 0 0 2.85 0 0 0 0 0 0 0 0 0 0.38 0 0 0 2.49 0 0 4.09 0 0 0 0 0 0 5.84 0 0 0.35 0 0 0 0 0 0 2.93 0 0 3.87 0 0 0 0 0 0 0.6 0 0 4.57 0 0 0 0 0 0 2.13 0 0 1.7 0 0 0 0 0 0 3.8 0 0 0.12 0 0 0 0 0 0 1.18 0 0 1.73 0 0 0 0 0 0 0.46 0 0 0.86 0 0 0 0 0 0 0.2 0 0 1.79 0 0 0 0 0 0 3.13 0 0 1.17 0 0 0 0 0 0 0 0 0 0 0 0 0 0 0 0 0 0 0 0 0 0 0 0 0 0 0 0 0 0 0 0 0 0 0 0 0 0 0 0 0 0 0 0 0 0 0 0 0 0 0 0 0 0 0 0 0 0 0 0 0 0 0 0 0 0 0 0 0 0 0 0 0 0 0 0 0 0 0 0 0 0 0 0 0 0 0 0 0 0 0 0 0 0 0 0 0 0 0 0 0 0 0 0 0 0 0 0 0 0 0 0 2.26 0 0 0 0 0 0 0 0 0 1.39 0 0 0 0 0 0 0 0 0 2.12 0 0 0 0 0 0 0 0 0 2.98 0 0 0 0 0 0 0 0 0 4.37 0 0 0 0 0 0 0 0 0 2.1 0 0 0 0 0 0 0 0 0 4 0 0 0 0 0 0 0 0 0 1.85 0 0 0 0 0 0 0 0 0 2.27 0 0 0 0 0 0 0 0 0 4.59 0 0 0 2.53 0 0 0.63 0 0 0 0 0 0 4.24 0 0 2.03 0 0 0 0 0 0 3.98 0 0 0.17 0 0 0 0 0 0 1.4 0 0 0.29 0 0 0 0 0 0 1.33 0 0 5.34 0 0 0 0 0 0 1.58 0 0 0.16 0 0 0 0 0 0 2.23 0 0 0.53 0 0 0 0 0 0 1.53 0 0 3.33 0 0 0 0 0 0 0.59 0 0 1.12 0 0 0 0 0 0 4.96 0 0 3.05 0 0 0 0 0 0 0 0 0 0 0 0 0 0 0 0 0 0 0 0 0 0 0 0 0 0 0 0 0 0 0 0 0 0 0 0 0 0 0 0 0 0 0 0 0 0 0 0 0 0 0 0 0 0 0 0 0 0 0 0 0 0 0 0 0 0 0 0 0 0 0 0 0 0 0 0 0 0 0 0 0 0 0 0 0 0 0 0 0 0 0 0 0 0 0 0 0 0 0 0 0 0 0 0 0 0 0 0 0 0 0 0 3.86 0 0 0 0 0 0 0 0 0 1.37 0 0 0 0 0 0 0 0 0 0.76 0 0 0 0 0 0 0 0 0 1.17 0 0 0 0 0 0 0 0 0 1.23 0 0 0 0 0 0 0 0 0 2.41 0 0 0 0 0 0 0 0 0 4.36 0 0 0 0 0 0 0 0 0 5.43 0 0 0 0 0 0 0 0 0 0.83 0 0 0 0 0 0 0 0 0 0.84 0 0 0 0 0 0 0 0 0 2.12 0 0 0 0 0 0 0 0 0 1.33 0 0 0 0 0 0 0 0 0 2.67 0 0 0 0 0 0 0 0 0 2.44 0 0 0 0 0 0 0 0 0 5.19 0 0 0 0 0 0 0 0 0 2.21 0 0 0 0 0 0 0 0 0 3.6 0 0 0 0 0 0 0 0 0 0.94 0 0 0 0 0 0 0 0 0 4.11 0 0 0 0 0 0 0 0 0 1.28 0 0 0 0.11 0 0 3.2 0 0 0 0 0 0 1.14 0 0 3.15 0 0 0 0 0 0 3.47 0 0 3.91 0 0 0 0 0 0 0.37 0 0 0.24 0 0 0 0 0 0 1.8 0 0 0.14 0 0 0 0 0 0 0.73 0 0 5.76 0 0 0 0 0 0 0.95 0 0 0.5 0 0 0 0 0 0 4.03 0 0 1.1 0 0 0 0 0 0 0.76 0 0 3.26 0 0 0 0 0 0 1.45 0 0 0.71 0 0 0 0 0 0 0 0 0 0 0 0 0 0 0 0 0 0 0 0 0 0 0 0 0 0 0 0 0 0 0 0 0 0 0 0 0 0 0 0 0 0 0 0 0 0 0 0 0 0 0 0 0 0 0 0 0 0 0 0 0 0 0 0 0 0 0 0 0 0 0 0 0 0 0 0 0 0 0 0 0 0 0 0 0 0 0 0 0 0 0 0 0 0 0 0 0 0 0 0 0 0 0 0 0 0 0 0 0 0 0 0 1.56 0 0 0 0 0 0 0 0 0 4.09 0 0 0 0 0 0 0 0 0 3.94 0 0 0 0 0 0 0 0 0 0.43 0 0 0 0 0 0 0 0 0 3.82 0 0 0 0 0 0 0 0 0 4.1 0 0 0 0 0 0 0 0 0 0.32 0 0 0 0 0 0 0 0 0 3.73 0 0 0 0 0 0 0 0 0 1.11 0 0 0 0 0 0 0 0 0 6.17 0 0 0 2.33 0 0 0.36 0 0 0 0 0 0 1.15 0 0 4.14 0 0 0 0 0 0 3.23 0 0 0.96 0 0 0 0 0 0 2.5 0 0 0.32 0 0 0 0 0 0 3.77 0 0 0.47 0 0 0 0 0 0 1.63 0 0 0.44 0 0 0 0 0 0 5.03 0 0 5.21 0 0 0 0 0 0 4.45 0 0 2.96 0 0 0 0 0 0 5.01 0 0 1.4 0 0 0 0 0 0 3.52 0 0 1.69 0 0 0 0 0 0 0 0 0 0 0 0 0 0 0 0 0 0 0 0 0 0 0 0 0 0 0 0 0 0 0 0 0 0 0 0 0 0 0 0 0 0 0 0 0 0 0 0 0 0 0 0 0 0 0 0 0 0 0 0 0 0 0 0 0 0 0 0 0 0 0 0 0 0 0 0 0 0 0 0 0 0 0 0 0 0 0 0 0 0 0 0 0 0 0 0 0 0 0 0 0 0 0 0 0 0 0 0 0 0 0 0 4.18 0 0 0 0 0 0 0 0 0 3.15 0 0 0 0 0 0 0 0 0 4.4 0 0 0 0 0 0 0 0 0 3.12 0 0 0 0 0 0 0 0 0 1.57 0 0 0 0 0 0 0 0 0 1.19 0 0 0 0 0 0 0 0 0 0.15 0 0 0 0 0 0 0 0 0 1.85 0 0 0 0 0 0 0 0 0 4.69 0 0 0 0 0 0 0 0 0 4.95 0 0 0 0.93 0 0 0.23 0 0 0 0 0 0 0.84 0 0 0.29 0 0 0 0 0 0 0.09 0 0 0.3 0 0 0 0 0 0 1.44 0 0 4.4 0 0 0 0 0 0 2.27 0 0 2.33 0 0 0 0 0 0 1.9 0 0 1.5 0 0 0 0 0 0 1.54 0 0 0.67 0 0 0 0 0 0 2.12 0 0 2.16 0 0 0 0 0 0 0.66 0 0 0.8 0 0 0 0 0 0 0.34 0 0 1.99 0 0 0 0 0 0 0 0 0 0 0 0 0 0 0 0 0 0 0 0 0 0 0 0 0 0 0 0 0 0 0 0 0 0 0 0 0 0 0 0 0 0 0 0 0 0 0 0 0 0 0 0 0 0 0 0 0 0 0 0 0 0 0 0 0 0 0 0 0 0 0 0 0 0 0 0 0 0 0 0 0 0 0 0 0 0 0 0 0 0 0 0 0 0 0 0 0 0 0 0 0 0 0 0 0 0 0 0 0 0 0 0 2.79 0 0 0 0 0 0 0 0 0 0.71 0 0 0 0 0 0 0 0 0 1.17 0 0 0 0 0 0 0 0 0 0.82 0 0 0 0 0 0 0 0 0 2.28 0 0 0 0 0 0 0 0 0 2.57 0 0 0 0 0 0 0 0 0 2.82 0 0 0 0 0 0 0 0 0 2.01 0 0 0 0 0 0 0 0 0 1.16 0 0 0 0 0 0 0 0 0 3.25 0 0 0 0 0 0 0 0 0 3.01 0 0 0 0 0 0 0 0 0 3.61 0 0 0 0 0 0 0 0 0 1.71 0 0 0 0 0 0 0 0 0 3.82 0 0 0 0 0 0 0 0 0 0.32 0 0 0 0 0 0 0 0 0 2.48 0 0 0 0 0 0 0 0 0 2.01 0 0 0 0 0 0 0 0 0 4.04 0 0 0 0 0 0 0 0 0 1.95 0 0 0 0 0 0 0 0 0 3.37 0 0 0 1.64 0 0 0.43 0 0 0 0 0 0 1.68 0 0 2.51 0 0 0 0 0 0 0.09 0 0 1.59 0 0 0 0 0 0 2.19 0 0 2.34 0 0 0 0 0 0 2.36 0 0 1.83 0 0 0 0 0 0 4.18 0 0 2.05 0 0 0 0 0 0 2.21 0 0 4.19 0 0 0 0 0 0 2.15 0 0 3.72 0 0 0 0 0 0 2.96 0 0 0.59 0 0 0 0 0 0 0.6 0 0 1.81 0 0 0 0 0 0 0 0 0 0 0 0 0 0 0 0 0 0 0 0 0 0 0 0 0 0 0 0 0 0 0 0 0 0 0 0 0 0 0 0 0 0 0 0 0 0 0 0 0 0 0 0 0 0 0 0 0 0 0 0 0 0 0 0 0 0 0 0 0 0 0 0 0 0 0 0 0 0 0 0 0 0 0 0 0 0 0 0 0 0 0 0 0 0 0 0 0 0 0 0 0 0 0 0 0 0 0 0 0 0 0 0 0.2 0 0 0 0 0 0 0 0 0 0.26 0 0 0 0 0 0 0 0 0 2.57 0 0 0 0 0 0 0 0 0 0.74 0 0 0 0 0 0 0 0 0 1.56 0 0 0 0 0 0 0 0 0 4.84 0 0 0 0 0 0 0 0 0 1.11 0 0 0 0 0 0 0 0 0 2.19 0 0 0 0 0 0 0 0 0 0.87 0 0 0 0 0 0 0 0 0 5.65 0 0 0 0.48 0 0 0.69 0 0 0 0 0 0 3.22 0 0 0.72 0 0 0 0 0 0 1.33 0 0 1.43 0 0 0 0 0 0 1.22 0 0 0.45 0 0 0 0 0 0 4.21 0 0 1.2 0 0 0 0 0 0 0.88 0 0 2.51 0 0 0 0 0 0 1.33 0 0 3.61 0 0 0 0 0 0 1.62 0 0 0.39 0 0 0 0 0 0 3.23 0 0 2.21 0 0 0 0 0 0 0.88 0 0 4.38 0 0 0 0 0 0 0 0 0 0 0 0 0 0 0 0 0 0 0 0 0 0 0 0 0 0 0 0 0 0 0 0 0 0 0 0 0 0 0 0 0 0 0 0 0 0 0 0 0 0 0 0 0 0 0 0 0 0 0 0 0 0 0 0 0 0 0 0 0 0 0 0 0 0 0 0 0 0 0 0 0 0 0 0 0 0 0 0 0 0 0 0 0 0 0 0 0 0 0 0 0 0 0 0 0 0 0 0 0 0 0 0 4.67 0 0 0 0 0 0 0 0 0 4.91 0 0 0 0 0 0 0 0 0 2.48 0 0 0 0 0 0 0 0 0 3.7 0 0 0 0 0 0 0 0 0 3.22 0 0 0 0 0 0 0 0 0 2.22 0 0 0 0 0 0 0 0 0 3.28 0 0 0 0 0 0 0 0 0 1.2 0 0 0 0 0 0 0 0 0 0.21 0 0 0 0 0 0 0 0 0 0.64 0 0 0 0.66 0 0 1.41 0 0 0 0 0 0 0.9 0 0 1.58 0 0 0 0 0 0 1.15 0 0 1.81 0 0 0 0 0 0 3.2 0 0 0.8 0 0 0 0 0 0 2.18 0 0 2.09 0 0 0 0 0 0 0.75 0 0 2.9 0 0 0 0 0 0 5.35 0 0 1.65 0 0 0 0 0 0 1.03 0 0 0.46 0 0 0 0 0 0 0.87 0 0 2.85 0 0 0 0 0 0 1.08 0 0 0.45 0 0 0 0 0 0 0 0 0 0 0 0 0 0 0 0 0 0 0 0 0 0 0 0 0 0 0 0 0 0 0 0 0 0 0 0 0 0 0 0 0 0 0 0 0 0 0 0 0 0 0 0 0 0 0 0 0 0 0 0 0 0 0 0 0 0 0 0 0 0 0 0 0 0 0 0 0 0 0 0 0 0 0 0 0 0 0 0 0 0 0 0 0 0 0 0 0 0 0 0 0 0 0 0 0 0 0 0 0 0 0 0 2.56 0 0 0 0 0 0 0 0 0 0.04 0 0 0 0 0 0 0 0 0 1.34 0 0 0 0 0 0 0 0 0 1.86 0 0 0 0 0 0 0 0 0 2.7 0 0 0 0 0 0 0 0 0 3.62 0 0 0 0 0 0 0 0 0 1.91 0 0 0 0 0 0 0 0 0 3.35 0 0 0 0 0 0 0 0 0 3.64 0 0 0 0 0 0 0 0 0 5.2 0 0 0 0 0 0 0 0 0 1.85 0 0 0 0 0 0 0 0 0 2.28 0 0 0 0 0 0 0 0 0 1.39 0 0 0 0 0 0 0 0 0 2.83 0 0 0 0 0 0 0 0 0 1.03 0 0 0 0 0 0 0 0 0 0.22 0 0 0 0 0 0 0 0 0 3.57 0 0 0 0 0 0 0 0 0 1.65 0 0 0 0 0 0 0 0 0 0.17 0 0 0 0 0 0 0 0 0 0.58 0 0 0 0.46 0 0 2.73 0 0 0 0 0 0 4.32 0 0 2.54 0 0 0 0 0 0 3.75 0 0 0.73 0 0 0 0 0 0 3.64 0 0 0.56 0 0 0 0 0 0 0.71 0 0 0.54 0 0 0 0 0 0 3.81 0 0 0.34 0 0 0 0 0 0 3.06 0 0 1.05 0 0 0 0 0 0 2.65 0 0 2.42 0 0 0 0 0 0 0.83 0 0 4.56 0 0 0 0 0 0 1.76 0 0 0.65 0 0 0 0 0 0 0 0 0 0 0 0 0 0 0 0 0 0 0 0 0 0 0 0 0 0 0 0 0 0 0 0 0 0 0 0 0 0 0 0 0 0 0 0 0 0 0 0 0 0 0 0 0 0 0 0 0 0 0 0 0 0 0 0 0 0 0 0 0 0 0 0 0 0 0 0 0 0 0 0 0 0 0 0 0 0 0 0 0 0 0 0 0 0 0 0 0 0 0 0 0 0 0 0 0 0 0 0 0 0 0 0 1.55 0 0 0 0 0 0 0 0 0 0.68 0 0 0 0 0 0 0 0 0 3.72 0 0 0 0 0 0 0 0 0 0.7 0 0 0 0 0 0 0 0 0 1.99 0 0 0 0 0 0 0 0 0 1.44 0 0 0 0 0 0 0 0 0 1.12 0 0 0 0 0 0 0 0 0 4.49 0 0 0 0 0 0 0 0 0 2.32 0 0 0 0 0 0 0 0 0 1.17 0 0 0 0.79 0 0 0.98 0 0 0 0 0 0 2.2 0 0 0.97 0 0 0 0 0 0 1.18 0 0 2.23 0 0 0 0 0 0 0.16 0 0 0.57 0 0 0 0 0 0 2.45 0 0 0.42 0 0 0 0 0 0 4.01 0 0 1.63 0 0 0 0 0 0 0.15 0 0 0.41 0 0 0 0 0 0 1.43 0 0 1.3 0 0 0 0 0 0 0.41 0 0 3.66 0 0 0 0 0 0 0.42 0 0 1.42 0 0 0 0 0 0 0 0 0 0 0 0 0 0 0 0 0 0 0 0 0 0 0 0 0 0 0 0 0 0 0 0 0 0 0 0 0 0 0 0 0 0 0 0 0 0 0 0 0 0 0 0 0 0 0 0 0 0 0 0 0 0 0 0 0 0 0 0 0 0 0 0 0 0 0 0 0 0 0 0 0 0 0 0 0 0 0 0 0 0 0 0 0 0 0 0 0 0 0 0 0 0 0 0 0 0 0 0 0 0 0 0 1.39 0 0 0 0 0 0 0 0 0 0.74 0 0 0 0 0 0 0 0 0 1.03 0 0 0 0 0 0 0 0 0 1.11 0 0 0 0 0 0 0 0 0 0.06 0 0 0 0 0 0 0 0 0 1.12 0 0 0 0 0 0 0 0 0 2.02 0 0 0 0 0 0 0 0 0 3.76 0 0 0 0 0 0 0 0 0 0.44 0 0 0 0 0 0 0 0 0 0.56 0 0 0 2.05 0 0 1.45 0 0 0 0 0 0 1 0 0 2.88 0 0 0 0 0 0 2.04 0 0 2.38 0 0 0 0 0 0 0.42 0 0 0.28 0 0 0 0 0 0 4.19 0 0 0.37 0 0 0 0 0 0 0.94 0 0 3.32 0 0 0 0 0 0 1.84 0 0 2.33 0 0 0 0 0 0 2.49 0 0 0.34 0 0 0 0 0 0 0.41 0 0 3.76 0 0 0 0 0 0 2.72 0 0 0.99 0 0 0 0 0 0 0 0 0 0 0 0 0 0 0 0 0 0 0 0 0 0 0 0 0 0 0 0 0 0 0 0 0 0 0 0 0 0 0 0 0 0 0 0 0 0 0 0 0 0 0 0 0 0 0 0 0 0 0 0 0 0 0 0 0 0 0 0 0 0 0 0 0 0 0 0 0 0 0 0 0 0 0 0 0 0 0 0 0 0 0 0 0 0 0 0 0 0 0 0 0 0 0 0 0 0 0 0 0 0 0 0 3.67 0 0 0 0 0 0 0 0 0 3.7 0 0 0 0 0 0 0 0 0 0.96 0 0 0 0 0 0 0 0 0 4.9 0 0 0 0 0 0 0 0 0 0.61 0 0 0 0 0 0 0 0 0 0.28 0 0 0 0 0 0 0 0 0 1.52 0 0 0 0 0 0 0 0 0 2.9 0 0 0 0 0 0 0 0 0 4.29 0 0 0 0 0 0 0 0 0 0.32 0 0 0 0 0 0 0 0 0 1.05 0 0 0 0 0 0 0 0 0 0.95 0 0 0 0 0 0 0 0 0 1.59 0 0 0 0 0 0 0 0 0 1.02 0 0 0 0 0 0 0 0 0 5.01 0 0 0 0 0 0 0 0 0 5.62 0 0 0 0 0 0 0 0 0 2.14 0 0 0 0 0 0 0 0 0 0.69 0 0 0 0 0 0 0 0 0 2.82 0 0 0 0 0 0 0 0 0 2.75 0 0 0 0.82 0 0 0.67 0 0 0 0 0 0 0.09 0 0 3.68 0 0 0 0 0 0 2.29 0 0 5.02 0 0 0 0 0 0 4.25 0 0 2.51 0 0 0 0 0 0 3.89 0 0 0.25 0 0 0 0 0 0 0.85 0 0 0.38 0 0 0 0 0 0 0.74 0 0 2.09 0 0 0 0 0 0 0.21 0 0 4.2 0 0 0 0 0 0 1.71 0 0 0.9 0 0 0 0 0 0 0.29 0 0 0.67 0 0 0 0 0 0 0 0 0 0 0 0 0 0 0 0 0 0 0 0 0 0 0 0 0 0 0 0 0 0 0 0 0 0 0 0 0 0 0 0 0 0 0 0 0 0 0 0 0 0 0 0 0 0 0 0 0 0 0 0 0 0 0 0 0 0 0 0 0 0 0 0 0 0 0 0 0 0 0 0 0 0 0 0 0 0 0 0 0 0 0 0 0 0 0 0 0 0 0 0 0 0 0 0 0 0 0 0 0 0 0 0 4.41 0 0 0 0 0 0 0 0 0 0.42 0 0 0 0 0 0 0 0 0 4.27 0 0 0 0 0 0 0 0 0 0.61 0 0 0 0 0 0 0 0 0 0.09 0 0 0 0 0 0 0 0 0 0.64 0 0 0 0 0 0 0 0 0 0.47 0 0 0 0 0 0 0 0 0 0.97 0 0 0 0 0 0 0 0 0 1.44 0 0 0 0 0 0 0 0 0 3.71 0 0 0 3.72 0 0 1.52 0 0 0 0 0 0 3.03 0 0 3.16 0 0 0 0 0 0 4.09 0 0 0.22 0 0 0 0 0 0 1.68 0 0 4.49 0 0 0 0 0 0 3.92 0 0 0.99 0 0 0 0 0 0 4.96 0 0 0.98 0 0 0 0 0 0 4.32 0 0 6.19 0 0 0 0 0 0 0.87 0 0 4.08 0 0 0 0 0 0 1.26 0 0 3.39 0 0 0 0 0 0 0.94 0 0 0.4 0 0 0 0 0 0 0 0 0 0 0 0 0 0 0 0 0 0 0 0 0 0 0 0 0 0 0 0 0 0 0 0 0 0 0 0 0 0 0 0 0 0 0 0 0 0 0 0 0 0 0 0 0 0 0 0 0 0 0 0 0 0 0 0 0 0 0 0 0 0 0 0 0 0 0 0 0 0 0 0 0 0 0 0 0 0 0 0 0 0 0 0 0 0 0 0 0 0 0 0 0 0 0 0 0 0 0 0 0 0 0 0 0.96 0 0 0 0 0 0 0 0 0 3.67 0 0 0 0 0 0 0 0 0 2.54 0 0 0 0 0 0 0 0 0 1.52 0 0 0 0 0 0 0 0 0 2.24 0 0 0 0 0 0 0 0 0 1.21 0 0 0 0 0 0 0 0 0 1.83 0 0 0 0 0 0 0 0 0 3.38 0 0 0 0 0 0 0 0 0 1.72 0 0 0 0 0 0 0 0 0 1.62 0 0 0 0.13 0 0 0.93 0 0 0 0 0 0 3.8 0 0 5.51 0 0 0 0 0 0 0.88 0 0 5.06 0 0 0 0 0 0 3.42 0 0 2.1 0 0 0 0 0 0 4.57 0 0 2.22 0 0 0 0 0 0 1.39 0 0 0.89 0 0 0 0 0 0 3.27 0 0 0.8 0 0 0 0 0 0 3.97 0 0 0.3 0 0 0 0 0 0 1.36 0 0 2.91 0 0 0 0 0 0 2.4 0 0 3.86 0 0 0 0 0 0 0 0 0 0 0 0 0 0 0 0 0 0 0 0 0 0 0 0 0 0 0 0 0 0 0 0 0 0 0 0 0 0 0 0 0 0 0 0 0 0 0 0 0 0 0 0 0 0 0 0 0 0 0 0 0 0 0 0 0 0 0 0 0 0 0 0 0 0 0 0 0 0 0 0 0 0 0 0 0 0 0 0 0 0 0 0 0 0 0 0 0 0 0 0 0 0 0 0 0 0 0 0 0 0 0 0 0.86 0 0 0 0 0 0 0 0 0 1.53 0 0 0 0 0 0 0 0 0 2.04 0 0 0 0 0 0 0 0 0 4.54 0 0 0 0 0 0 0 0 0 0.33 0 0 0 0 0 0 0 0 0 1.26 0 0 0 0 0 0 0 0 0 1.33 0 0 0 0 0 0 0 0 0 0.26 0 0 0 0 0 0 0 0 0 1.66 0 0 0 0 0 0 0 0 0 3.73 0 0 0 0 0 0 0 0 0 1.69 0 0 0 0 0 0 0 0 0 3.47 0 0 0 0 0 0 0 0 0 0.32 0 0 0 0 0 0 0 0 0 3.05 0 0 0 0 0 0 0 0 0 0.84 0 0 0 0 0 0 0 0 0 2.21 0 0 0 0 0 0 0 0 0 0.69 0 0 0 0 0 0 0 0 0 5.19 0 0 0 0 0 0 0 0 0 0.14 0 0 0 0 0 0 0 0 0 0.81 0 0 0 1.53 0 0 2.31 0 0 0 0 0 0 0.64 0 0 3.37 0 0 0 0 0 0 0.94 0 0 3.96 0 0 0 0 0 0 2.37 0 0 1.95 0 0 0 0 0 0 0.19 0 0 5.53 0 0 0 0 0 0 1.12 0 0 1.95 0 0 0 0 0 0 2.56 0 0 5.23 0 0 0 0 0 0 1.35 0 0 1.11 0 0 0 0 0 0 2.49 0 0 1.79 0 0 0 0 0 0 2.78 0 0 0.44 0 0 0 0 0 0 0 0 0 0 0 0 0 0 0 0 0 0 0 0 0 0 0 0 0 0 0 0 0 0 0 0 0 0 0 0 0 0 0 0 0 0 0 0 0 0 0 0 0 0 0 0 0 0 0 0 0 0 0 0 0 0 0 0 0 0 0 0 0 0 0 0 0 0 0 0 0 0 0 0 0 0 0 0 0 0 0 0 0 0 0 0 0 0 0 0 0 0 0 0 0 0 0 0 0 0 0 0 0 0 0 0 0.7 0 0 0 0 0 0 0 0 0 0.74 0 0 0 0 0 0 0 0 0 3.26 0 0 0 0 0 0 0 0 0 0.38 0 0 0 0 0 0 0 0 0 1.41 0 0 0 0 0 0 0 0 0 2.01 0 0 0 0 0 0 0 0 0 0.65 0 0 0 0 0 0 0 0 0 3.24 0 0 0 0 0 0 0 0 0 0.36 0 0 0 0 0 0 0 0 0 0.55 0 0 0 1.39 0 0 0.71 0 0 0 0 0 0 4.51 0 0 1.5 0 0 0 0 0 0 2.22 0 0 4.49 0 0 0 0 0 0 4.44 0 0 1.24 0 0 0 0 0 0 0.35 0 0 3.07 0 0 0 0 0 0 0.7 0 0 1.58 0 0 0 0 0 0 0.65 0 0 1.38 0 0 0 0 0 0 0.51 0 0 0.98 0 0 0 0 0 0 4.81 0 0 0.74 0 0 0 0 0 0 2.23 0 0 3.26 0 0 0 0 0 0 0 0 0 0 0 0 0 0 0 0 0 0 0 0 0 0 0 0 0 0 0 0 0 0 0 0 0 0 0 0 0 0 0 0 0 0 0 0 0 0 0 0 0 0 0 0 0 0 0 0 0 0 0 0 0 0 0 0 0 0 0 0 0 0 0 0 0 0 0 0 0 0 0 0 0 0 0 0 0 0 0 0 0 0 0 0 0 0 0 0 0 0 0 0 0 0 0 0 0 0 0 0 0 0 0 0 0.22 0 0 0 0 0 0 0 0 0 0.86 0 0 0 0 0 0 0 0 0 2.18 0 0 0 0 0 0 0 0 0 1.9 0 0 0 0 0 0 0 0 0 2.8 0 0 0 0 0 0 0 0 0 1.91 0 0 0 0 0 0 0 0 0 0.74 0 0 0 0 0 0 0 0 0 0.57 0 0 0 0 0 0 0 0 0 2.53 0 0 0 0 0 0 0 0 0 5.04 0 0 0 3.54 0 0 0.42 0 0 0 0 0 0 1.94 0 0 0.1 0 0 0 0 0 0 5.1 0 0 0.68 0 0 0 0 0 0 5.95 0 0 0.15 0 0 0 0 0 0 0.98 0 0 2.58 0 0 0 0 0 0 0.91 0 0 5.03 0 0 0 0 0 0 2.62 0 0 3.75 0 0 0 0 0 0 1.83 0 0 0.26 0 0 0 0 0 0 1.96 0 0 4.11 0 0 0 0 0 0 2.71 0 0 3.49 0 0 0 0 0 0 0 0 0 0 0 0 0 0 0 0 0 0 0 0 0 0 0 0 0 0 0 0 0 0 0 0 0 0 0 0 0 0 0 0 0 0 0 0 0 0 0 0 0 0 0 0 0 0 0 0 0 0 0 0 0 0 0 0 0 0 0 0 0 0 0 0 0 0 0 0 0 0 0 0 0 0 0 0 0 0 0 0 0 0 0 0 0 0 0 0 0 0 0 0 0 0 0 0 0 0 0 0 0 0 0 0 0.54 0 0 0 0 0 0 0 0 0 1.46 0 0 0 0 0 0 0 0 0 0.11 0 0 0 0 0 0 0 0 0 0.92 0 0 0 0 0 0 0 0 0 5.17 0 0 0 0 0 0 0 0 0 2.9 0 0 0 0 0 0 0 0 0 2.42 0 0 0 0 0 0 0 0 0 5.05 0 0 0 0 0 0 0 0 0 2.25 0 0 0 0 0 0 0 0 0 0.22 0 0 
0 0 0 0 0 0 0 0.93 0 0 0 0 0 0 0 0 0 5.44 0 0 0 0 0 0 0 0 0 2.58 0 0 0 0 0 0 0 0 0 0.18 0 0 0 0 0 0 0 0 0 2.04 0 0 0 0 0 0 0 0 0 2.27 0 0 0 0 0 0 0 0 0 2.31 0 0 0 0 0 0 0 0 0 0.2 0 0 0 0 0 0 0 0 0 0.26 0 0 0 0 0 0 0 0 0 2.37 0 0 0 0.62 0 0 4.89 0 0 0 0 0 0 0.91 0 0 1.1 0 0 0 0 0 0 1.96 0 0 2.87 0 0 0 0 0 0 0.37 0 0 3.51 0 0 0 0 0 0 0.52 0 0 1.5 0 0 0 0 0 0 0.55 0 0 2.52 0 0 0 0 0 0 1.85 0 0 2.18 0 0 0 0 0 0 1.59 0 0 4.14 0 0 0 0 0 0 0.15 0 0 0.43 0 0 0 0 0 0 4.28 0 0 2.79 0 0 0 0 0 0 0 0 0 0 0 0 0 0 0 0 0 0 0 0 0 0 0 0 0 0 0 0 0 0 0 0 0 0 0 0 0 0 0 0 0 0 0 0 0 0 0 0 0 0 0 0 0 0 0 0 0 0 0 0 0 0 0 0 0 0 0 0 0 0 0 0 0 0 0 0 0 0 0 0 0 0 0 0 0 0 0 0 0 0 0 0 0 0 0 0 0 0 0 0 0 0 0 0 0 0 0 0 0 0 0 0 4.19 0 0 0 0 0 0 0 0 0 0.59 0 0 0 0 0 0 0 0 0 3.28 0 0 0 0 0 0 0 0 0 3.74 0 0 0 0 0 0 0 0 0 0.45 0 0 0 0 0 0 0 0 0 1.31 0 0 0 0 0 0 0 0 0 4.42 0 0 0 0 0 0 0 0 0 1.15 0 0 0 0 0 0 0 0 0 0.05 0 0 0 0 0 0 0 0 0 0.19 0 0 0 0.88 0 0 1.05 0 0 0 0 0 0 3.07 0 0 2.54 0 0 0 0 0 0 1.3 0 0 0.97 0 0 0 0 0 0 1.84 0 0 1.03 0 0 0 0 0 0 4.4 0 0 0.82 0 0 0 0 0 0 0.39 0 0 0.53 0 0 0 0 0 0 4.62 0 0 2.31 0 0 0 0 0 0 4.19 0 0 3.32 0 0 0 0 0 0 0.82 0 0 1.12 0 0 0 0 0 0 3.27 0 0 2.68 0 0 0 0 0 0 0 0 0 0 0 0 0 0 0 0 0 0 0 0 0 0 0 0 0 0 0 0 0 0 0 0 0 0 0 0 0 0 0 0 0 0 0 0 0 0 0 0 0 0 0 0 0 0 0 0 0 0 0 0 0 0 0 0 0 0 0 0 0 0 0 0 0 0 0 0 0 0 0 0 0 0 0 0 0 0 0 0 0 0 0 0 0 0 0 0 0 0 0 0 0 0 0 0 0 0 0 0 0 0 0 0 2.74 0 0 0 0 0 0 0 0 0 4.64 0 0 0 0 0 0 0 0 0 4.98 0 0 0 0 0 0 0 0 0 2.23 0 0 0 0 0 0 0 0 0 0.81 0 0 0 0 0 0 0 0 0 0.14 0 0 0 0 0 0 0 0 0 1.59 0 0 0 0 0 0 0 0 0 0.96 0 0 0 0 0 0 0 0 0 6.15 0 0 0 0 0 0 0 0 0 2.02 0 0 0 4.69 0 0 1.64 0 0 0 0 0 0 1.4 0 0 2.75 0 0 0 0 0 0 0.62 0 0 0.64 0 0 0 0 0 0 0.64 0 0 0.31 0 0 0 0 0 0 0.91 0 0 3.13 0 0 0 0 0 0 3.34 0 0 1.66 0 0 0 0 0 0 2.25 0 0 3.65 0 0 0 0 0 0 0.1 0 0 2.1 0 0 0 0 0 0 4.86 0 0 4.1 0 0 0 0 0 0 4.6 0 0 0.75 0 0 0 0 0 0 0 0 0 0 0 0 0 0 0 0 0 0 0 0 0 0 0 0 0 0 0 0 0 0 0 0 0 0 0 0 0 0 0 0 0 0 0 0 0 0 0 0 0 0 0 0 0 0 0 0 0 0 0 0 0 0 0 0 0 0 0 0 0 0 0 0 0 0 0 0 0 0 0 0 0 0 0 0 0 0 0 0 0 0 0 0 0 0 0 0 0 0 0 0 0 0 0 0 0 0 0 0 0 0 0 0 0.72 0 0 0 0 0 0 0 0 0 0.73 0 0 0 0 0 0 0 0 0 3.31 0 0 0 0 0 0 0 0 0 1.6 0 0 0 0 0 0 0 0 0 0.71 0 0 0 0 0 0 0 0 0 0.58 0 0 0 0 0 0 0 0 0 0.97 0 0 0 0 0 0 0 0 0 0.42 0 0 0 0 0 0 0 0 0 3.54 0 0 0 0 0 0 0 0 0 0.49 0 0 0 0 0 0 0 0 0 1.55 0 0 0 0 0 0 0 0 0 5.48 0 0 0 0 0 0 0 0 0 2.99 0 0 0 0 0 0 0 0 0 4.46 0 0 0 0 0 0 0 0 0 4.51 0 0 0 0 0 0 0 0 0 0.82 0 0 0 0 0 0 0 0 0 1.17 0 0 0 0 0 0 0 0 0 3.57 0 0 0 0 0 0 0 0 0 3.09 0 0 0 0 0 0 0 0 0 2.21 0 0 0 4.69 0 0 1.22 0 0 0 0 0 0 1.53 0 0 1.74 0 0 0 0 0 0 2.8 0 0 2.87 0 0 0 0 0 0 3.55 0 0 5.54 0 0 0 0 0 0 2.38 0 0 1.36 0 0 0 0 0 0 4.45 0 0 4.32 0 0 0 0 0 0 3.49 0 0 5.17 0 0 0 0 0 0 3.56 0 0 4.23 0 0 0 0 0 0 0.27 0 0 2 0 0 0 0 0 0 2.49 0 0 1.95 0 0 0 0 0 0 0 0 0 0 0 0 0 0 0 0 0 0 0 0 0 0 0 0 0 0 0 0 0 0 0 0 0 0 0 0 0 0 0 0 0 0 0 0 0 0 0 0 0 0 0 0 0 0 0 0 0 0 0 0 0 0 0 0 0 0 0 0 0 0 0 0 0 0 0 0 0 0 0 0 0 0 0 0 0 0 0 0 0 0 0 0 0 0 0 0 0 0 0 0 0 0 0 0 0 0 0 0 0 0 0 0 3.26 0 0 0 0 0 0 0 0 0 0.65 0 0 0 0 0 0 0 0 0 4.97 0 0 0 0 0 0 0 0 0 0.59 0 0 0 0 0 0 0 0 0 2.89 0 0 0 0 0 0 0 0 0 5.65 0 0 0 0 0 0 0 0 0 1.31 0 0 0 0 0 0 0 0 0 0.52 0 0 0 0 0 0 0 0 0 1.49 0 0 0 0 0 0 0 0 0 1.88 0 0 0 3.46 0 0 0.56 0 0 0 0 0 0 1.55 0 0 0.09 0 0 0 0 0 0 2.44 0 0 4.09 0 0 0 0 0 0 5.45 0 0 3.51 0 0 0 0 0 0 4.43 0 0 2.82 0 0 0 0 0 0 4.36 0 0 4.87 0 0 0 0 0 0 5.27 0 0 0.73 0 0 0 0 0 0 3.69 0 0 0.95 0 0 0 0 0 0 0.47 0 0 5.07 0 0 0 0 0 0 0.35 0 0 3.78 0 0 0 0 0 0 0 0 0 0 0 0 0 0 0 0 0 0 0 0 0 0 0 0 0 0 0 0 0 0 0 0 0 0 0 0 0 0 0 0 0 0 0 0 0 0 0 0 0 0 0 0 0 0 0 0 0 0 0 0 0 0 0 0 0 0 0 0 0 0 0 0 0 0 0 0 0 0 0 0 0 0 0 0 0 0 0 0 0 0 0 0 0 0 0 0 0 0 0 0 0 0 0 0 0 0 0 0 0 0 0 0 3.66 0 0 0 0 0 0 0 0 0 0.12 0 0 0 0 0 0 0 0 0 2.67 0 0 0 0 0 0 0 0 0 4.76 0 0 0 0 0 0 0 0 0 0.52 0 0 0 0 0 0 0 0 0 3.63 0 0 0 0 0 0 0 0 0 3.41 0 0 0 0 0 0 0 0 0 0.7 0 0 0 0 0 0 0 0 0 4.55 0 0 0 0 0 0 0 0 0 2.36 0 0 0 3.43 0 0 1.9 0 0 0 0 0 0 2.4 0 0 2.72 0 0 0 0 0 0 3.42 0 0 3.13 0 0 0 0 0 0 1.02 0 0 4.07 0 0 0 0 0 0 0.28 0 0 1.63 0 0 0 0 0 0 1.68 0 0 3.95 0 0 0 0 0 0 0.14 0 0 0.47 0 0 0 0 0 0 2.95 0 0 0.69 0 0 0 0 0 0 0.76 0 0 0.84 0 0 0 0 0 0 3.68 0 0 0.28 0 0 0 0 0 0 0 0 0 0 0 0 0 0 0 0 0 0 0 0 0 0 0 0 0 0 0 0 0 0 0 0 0 0 0 0 0 0 0 0 0 0 0 0 0 0 0 0 0 0 0 0 0 0 0 0 0 0 0 0 0 0 0 0 0 0 0 0 0 0 0 0 0 0 0 0 0 0 0 0 0 0 0 0 0 0 0 0 0 0 0 0 0 0 0 0 0 0 0 0 0 0 0 0 0 0 0 0 0 0 0 0 0.4 0 0 0 0 0 0 0 0 0 0.56 0 0 0 0 0 0 0 0 0 1.82 0 0 0 0 0 0 0 0 0 3.64 0 0 0 0 0 0 0 0 0 2.44 0 0 0 0 0 0 0 0 0 5.32 0 0 0 0 0 0 0 0 0 0.47 0 0 0 0 0 0 0 0 0 0.6 0 0 0 0 0 0 0 0 0 4.28 0 0 0 0 0 0 0 0 0 2 0 0 0 0 0 0 0 0 0 2.88 0 0 0 0 0 0 0 0 0 0.73 0 0 0 0 0 0 0 0 0 0.65 0 0 0 0 0 0 0 0 0 2.9 0 0 0 0 0 0 0 0 0 1.12 0 0 0 0 0 0 0 0 0 0.1 0 0 0 0 0 0 0 0 0 3.76 0 0 0 0 0 0 0 0 0 2.52 0 0 0 0 0 0 0 0 0 3.09 0 0 0 0 0 0 0 0 0 2.13 0 0 0 1.76 0 0 0.59 0 0 0 0 0 0 0.22 0 0 3.57 0 0 0 0 0 0 1.98 0 0 1.15 0 0 0 0 0 0 1.65 0 0 3.79 0 0 0 0 0 0 0.85 0 0 2.62 0 0 0 0 0 0 3.26 0 0 3.88 0 0 0 0 0 0 3.02 0 0 1.63 0 0 0 0 0 0 1.99 0 0 0.52 0 0 0 0 0 0 5.08 0 0 0.55 0 0 0 0 0 0 2.53 0 0 1.68 0 0 0 0 0 0 0 0 0 0 0 0 0 0 0 0 0 0 0 0 0 0 0 0 0 0 0 0 0 0 0 0 0 0 0 0 0 0 0 0 0 0 0 0 0 0 0 0 0 0 0 0 0 0 0 0 0 0 0 0 0 0 0 0 0 0 0 0 0 0 0 0 0 0 0 0 0 0 0 0 0 0 0 0 0 0 0 0 0 0 0 0 0 0 0 0 0 0 0 0 0 0 0 0 0 0 0 0 0 0 0 0 2.46 0 0 0 0 0 0 0 0 0 0.52 0 0 0 0 0 0 0 0 0 1.56 0 0 0 0 0 0 0 0 0 2.04 0 0 0 0 0 0 0 0 0 1.07 0 0 0 0 0 0 0 0 0 0.23 0 0 0 0 0 0 0 0 0 4.02 0 0 0 0 0 0 0 0 0 0.17 0 0 0 0 0 0 0 0 0 3.06 0 0 0 0 0 0 0 0 0 4.99 0 0 0 5.3 0 0 0.09 0 0 0 0 0 0 1.43 0 0 1.92 0 0 0 0 0 0 1.64 0 0 4.61 0 0 0 0 0 0 3.54 0 0 1.07 0 0 0 0 0 0 0.65 0 0 0.33 0 0 0 0 0 0 0.45 0 0 5.18 0 0 0 0 0 0 3.34 0 0 3.1 0 0 0 0 0 0 4.72 0 0 1.56 0 0 0 0 0 0 4.91 0 0 4.48 0 0 0 0 0 0 0.95 0 0 2.04 0 0 0 0 0 0 0 0 0 0 0 0 0 0 0 0 0 0 0 0 0 0 0 0 0 0 0 0 0 0 0 0 0 0 0 0 0 0 0 0 0 0 0 0 0 0 0 0 0 0 0 0 0 0 0 0 0 0 0 0 0 0 0 0 0 0 0 0 0 0 0 0 0 0 0 0 0 0 0 0 0 0 0 0 0 0 0 0 0 0 0 0 0 0 0 0 0 0 0 0 0 0 0 0 0 0 0 0 0 0 0 0 3.13 0 0 0 0 0 0 0 0 0 0.61 0 0 0 0 0 0 0 0 0 0.16 0 0 0 0 0 0 0 0 0 2.03 0 0 0 0 0 0 0 0 0 4.07 0 0 0 0 0 0 0 0 0 3.71 0 0 0 0 0 0 0 0 0 0.17 0 0 0 0 0 0 0 0 0 4.94 0 0 0 0 0 0 0 0 0 3.46 0 0 0 0 0 0 0 0 0 4.51 0 0 0 0.81 0 0 0.13 0 0 0 0 0 0 0.28 0 0 0.05 0 0 0 0 0 0 2.06 0 0 3.38 0 0 0 0 0 0 0.01 0 0 1.28 0 0 0 0 0 0 2.72 0 0 0.26 0 0 0 0 0 0 3.92 0 0 4.62 0 0 0 0 0 0 0.53 0 0 0.35 0 0 0 0 0 0 2.03 0 0 5.12 0 0 0 0 0 0 1.29 0 0 4.37 0 0 0 0 0 0 1.88 0 0 5.12 0 0 0 0 0 0 0 0 0 0 0 0 0 0 0 0 0 0 0 0 0 0 0 0 0 0 0 0 0 0 0 0 0 0 0 0 0 0 0 0 0 0 0 0 0 0 0 0 0 0 0 0 0 0 0 0 0 0 0 0 0 0 0 0 0 0 0 0 0 0 0 0 0 0 0 0 0 0 0 0 0 0 0 0 0 0 0 0 0 0 0 0 0 0 0 0 0 0 0 0 0 0 0 0 0 0 0 0 0 0 0 0 0.81 0 0 0 0 0 0 0 0 0 0.66 0 0 0 0 0 0 0 0 0 2.91 0 0 0 0 0 0 0 0 0 1.91 0 0 0 0 0 0 0 0 0 2.86 0 0 0 0 0 0 0 0 0 2.33 0 0 0 0 0 0 0 0 0 0.87 0 0 0 0 0 0 0 0 0 2.99 0 0 0 0 0 0 0 0 0 4.99 0 0 0 0 0 0 0 0 0 1.38 0 0 0 0 0 0 0 0 0 3.99 0 0 0 0 0 0 0 0 0 1.56 0 0 0 0 0 0 0 0 0 3.62 0 0 0 0 0 0 0 0 0 4.86 0 0 0 0 0 0 0 0 0 2.92 0 0 0 0 0 0 0 0 0 0.73 0 0 0 0 0 0 0 0 0 3.55 0 0 0 0 0 0 0 0 0 5.57 0 0 0 0 0 0 0 0 0 2.9 0 0 0 0 0 0 0 0 0 1.08 0 0 0 1.07 0 0 2.07 0 0 0 0 0 0 2.34 0 0 1.1 0 0 0 0 0 0 2.91 0 0 0.12 0 0 0 0 0 0 0.44 0 0 0.72 0 0 0 0 0 0 3.11 0 0 0.18 0 0 0 0 0 0 0.16 0 0 0.28 0 0 0 0 0 0 2.17 0 0 1.49 0 0 0 0 0 0 4.87 0 0 2.21 0 0 0 0 0 0 0.37 0 0 0.64 0 0 0 0 0 0 0.48 0 0 1.19 0 0 0 0 0 0 0 0 0 0 0 0 0 0 0 0 0 0 0 0 0 0 0 0 0 0 0 0 0 0 0 0 0 0 0 0 0 0 0 0 0 0 0 0 0 0 0 0 0 0 0 0 0 0 0 0 0 0 0 0 0 0 0 0 0 0 0 0 0 0 0 0 0 0 0 0 0 0 0 0 0 0 0 0 0 0 0 0 0 0 0 0 0 0 0 0 0 0 0 0 0 0 0 0 0 0 0 0 0 0 0 0 1.23 0 0 0 0 0 0 0 0 0 1.45 0 0 0 0 0 0 0 0 0 3.83 0 0 0 0 0 0 0 0 0 2.94 0 0 0 0 0 0 0 0 0 2.77 0 0 0 0 0 0 0 0 0 4.31 0 0 0 0 0 0 0 0 0 0.21 0 0 0 0 0 0 0 0 0 1.11 0 0 0 0 0 0 0 0 0 3.85 0 0 0 0 0 0 0 0 0 0.23 0 0 0 1.31 0 0 2.27 0 0 0 0 0 0 0.64 0 0 0.49 0 0 0 0 0 0 2.67 0 0 2.31 0 0 0 0 0 0 1.05 0 0 0.36 0 0 0 0 0 0 4.22 0 0 2.9 0 0 0 0 0 0 3.38 0 0 3.64 0 0 0 0 0 0 3.1 0 0 4.04 0 0 0 0 0 0 1.79 0 0 3.44 0 0 0 0 0 0 3.73 0 0 0.26 0 0 0 0 0 0 3.62 0 0 0.67 0 0 0 0 0 0 0 0 0 0 0 0 0 0 0 0 0 0 0 0 0 0 0 0 0 0 0 0 0 0 0 0 0 0 0 0 0 0 0 0 0 0 0 0 0 0 0 0 0 0 0 0 0 0 0 0 0 0 0 0 0 0 0 0 0 0 0 0 0 0 0 0 0 0 0 0 0 0 0 0 0 0 0 0 0 0 0 0 0 0 0 0 0 0 0 0 0 0 0 0 0 0 0 0 0 0 0 0 0 0 0 0 5.03 0 0 0 0 0 0 0 0 0 0.93 0 0 0 0 0 0 0 0 0 0.58 0 0 0 0 0 0 0 0 0 0.54 0 0 0 0 0 0 0 0 0 1.62 0 0 0 0 0 0 0 0 0 0.13 0 0 0 0 0 0 0 0 0 0.44 0 0 0 0 0 0 0 0 0 2.05 0 0 0 0 0 0 0 0 0 0.19 0 0 0 0 0 0 0 0 0 4.58 0 0 0 5.06 0 0 3.14 0 0 0 0 0 0 2.71 0 0 5.21 0 0 0 0 0 0 0.88 0 0 0.58 0 0 0 0 0 0 0.4 0 0 0.07 0 0 0 0 0 0 3.01 0 0 0.29 0 0 0 0 0 0 2.65 0 0 0.76 0 0 0 0 0 0 3.36 0 0 3.4 0 0 0 0 0 0 5.66 0 0 0.57 0 0 0 0 0 0 3.66 0 0 5.82 0 0 0 0 0 0 1.17 0 0 1.64 0 0 0 0 0 0 0 0 0 0 0 0 0 0 0 0 0 0 0 0 0 0 0 0 0 0 0 0 0 0 0 0 0 0 0 0 0 0 0 0 0 0 0 0 0 0 0 0 0 0 0 0 0 0 0 0 0 0 0 0 0 0 0 0 0 0 0 0 0 0 0 0 0 0 0 0 0 0 0 0 0 0 0 0 0 0 0 0 0 0 0 0 0 0 0 0 0 0 0 0 0 0 0 0 0 0 0 0 0 0 0 0 1.31 0 0 0 0 0 0 0 0 0 0.94 0 0 0 0 0 0 0 0 0 4.12 0 0 0 0 0 0 0 0 0 0.78 0 0 0 0 0 0 0 0 0 3.79 0 0 0 0 0 0 0 0 0 2.24 0 0 0 0 0 0 0 0 0 0.93 0 0 0 0 0 0 0 0 0 0.42 0 0 0 0 0 0 0 0 0 1.22 0 0 0 0 0 0 0 0 0 2.41 0 0 0 0 0 0 0 0 0 1.37 0 0 0 0 0 0 0 0 0 0.22 0 0 0 0 0 0 0 0 0 1.33 0 0 0 0 0 0 0 0 0 1.29 0 0 0 0 0 0 0 0 0 1.23 0 0 0 0 0 0 0 0 0 2.7 0 0 0 0 0 0 0 0 0 1.56 0 0 0 0 0 0 0 0 0 6.29 0 0 0 0 0 0 0 0 0 3.73 0 0 0 0 0 0 0 0 0 2.08 0 0 0 0.48 0 0 2.36 0 0 0 0 0 0 3.51 0 0 1.84 0 0 0 0 0 0 0.8 0 0 0.9 0 0 0 0 0 0 3.32 0 0 0.92 0 0 0 0 0 0 0.43 0 0 4.51 0 0 0 0 0 0 2.89 0 0 1.27 0 0 0 0 0 0 0.8 0 0 0.7 0 0 0 0 0 0 0.52 0 0 3.84 0 0 0 0 0 0 0.56 0 0 1.89 0 0 0 0 0 0 5.49 0 0 1.28 0 0 0 0 0 0 0 0 0 0 0 0 0 0 0 0 0 0 0 0 0 0 0 0 0 0 0 0 0 0 0 0 0 0 0 0 0 0 0 0 0 0 0 0 0 0 0 0 0 0 0 0 0 0 0 0 0 0 0 0 0 0 0 0 0 0 0 0 0 0 0 0 0 0 0 0 0 0 0 0 0 0 0 0 0 0 0 0 0 0 0 0 0 0 0 0 0 0 0 0 0 0 0 0 0 0 0 0 0 0 0 0 1.32 0 0 0 0 0 0 0 0 0 2.82 0 0 0 0 0 0 0 0 0 1.54 0 0 0 0 0 0 0 0 0 3.19 0 0 0 0 0 0 0 0 0 0.16 0 0 0 0 0 0 0 0 0 1.18 0 0 0 0 0 0 0 0 0 0.17 0 0 0 0 0 0 0 0 0 0.33 0 0 0 0 0 0 0 0 0 2.81 0 0 0 0 0 0 0 0 0 0.19 0 0 0 2.6 0 0 4.35 0 0 0 0 0 0 5.53 0 0 0.38 0 0 0 0 0 0 3.01 0 0 3.45 0 0 0 0 0 0 0.45 0 0 4.68 0 0 0 0 0 0 2.1 0 0 1.6 0 0 0 0 0 0 3.84 0 0 0.1 0 0 0 0 0 0 1.23 0 0 1.67 0 0 0 0 0 0 0.37 0 0 0.95 0 0 0 0 0 0 0.29 0 0 1.83 0 0 0 0 0 0 3.09 0 0 1.21 0 0 0 0 0 0 0 0 0 0 0 0 0 0 0 0 0 0 0 0 0 0 0 0 0 0 0 0 0 0 0 0 0 0 0 0 0 0 0 0 0 0 0 0 0 0 0 0 0 0 0 0 0 0 0 0 0 0 0 0 0 0 0 0 0 0 0 0 0 0 0 0 0 0 0 0 0 0 0 0 0 0 0 0 0 0 0 0 0 0 0 0 0 0 0 0 0 0 0 0 0 0 0 0 0 0 0 0 0 0 0 0 2.1 0 0 0 0 0 0 0 0 0 1.16 0 0 0 0 0 0 0 0 0 2.13 0 0 0 0 0 0 0 0 0 3.17 0 0 0 0 0 0 0 0 0 4.09 0 0 0 0 0 0 0 0 0 1.99 0 0 0 0 0 0 0 0 0 4.01 0 0 0 0 0 0 0 0 0 1.94 0 0 0 0 0 0 0 0 0 2.21 0 0 0 0 0 0 0 0 0 4.57 0 0 0 2.55 0 0 0.68 0 0 0 0 0 0 4.47 0 0 1.71 0 0 0 0 0 0 3.79 0 0 0.22 0 0 0 0 0 0 1.25 0 0 0.34 0 0 0 0 0 0 1.21 0 0 5.28 0 0 0 0 0 0 1.54 0 0 0.17 0 0 0 0 0 0 2.28 0 0 0.55 0 0 0 0 0 0 1.37 0 0 3.13 0 0 0 0 0 0 0.54 0 0 1.16 0 0 0 0 0 0 5.02 0 0 3.34 0 0 0 0 0 0 0 0 0 0 0 0 0 0 0 0 0 0 0 0 0 0 0 0 0 0 0 0 0 0 0 0 0 0 0 0 0 0 0 0 0 0 0 0 0 0 0 0 0 0 0 0 0 0 0 0 0 0 0 0 0 0 0 0 0 0 0 0 0 0 0 0 0 0 0 0 0 0 0 0 0 0 0 0 0 0 0 0 0 0 0 0 0 0 0 0 0 0 0 0 0 0 0 0 0 0 0 0 0 0 0 0 3.79 0 0 0 0 0 0 0 0 0 1.42 0 0 0 0 0 0 0 0 0 0.77 0 0 0 0 0 0 0 0 0 1.27 0 0 0 0 0 0 0 0 0 1.31 0 0 0 0 0 0 0 0 0 2.41 0 0 0 0 0 0 0 0 0 4.49 0 0 0 0 0 0 0 0 0 5.47 0 0 0 0 0 0 0 0 0 0.61 0 0 0 0 0 0 0 0 0 0.91 0 0 0 0 0 0 0 0 0 1.94 0 0 0 0 0 0 0 0 0 1.34 0 0 0 0 0 0 0 0 0 2.58 0 0 0 0 0 0 0 0 0 2.73 0 0 0 0 0 0 0 0 0 5.29 0 0 0 0 0 0 0 0 0 2.18 0 0 0 0 0 0 0 0 0 3.69 0 0 0 0 0 0 0 0 0 0.73 0 0 0 0 0 0 0 0 0 4.13 0 0 0 0 0 0 0 0 0 1.52 0 0 0 0.06 0 0 3.66 0 0 0 0 0 0 1.46 0 0 3.56 0 0 0 0 0 0 3.63 0 0 3.95 0 0 0 0 0 0 0.36 0 0 0.17 0 0 0 0 0 0 1.64 0 0 0.08 0 0 0 0 0 0 0.74 0 0 5.74 0 0 0 0 0 0 0.83 0 0 0.63 0 0 0 0 0 0 3.84 0 0 1.01 0 0 0 0 0 0 0.68 0 0 3.44 0 0 0 0 0 0 1.72 0 0 0.76 0 0 0 0 0 0 0 0 0 0 0 0 0 0 0 0 0 0 0 0 0 0 0 0 0 0 0 0 0 0 0 0 0 0 0 0 0 0 0 0 0 0 0 0 0 0 0 0 0 0 0 0 0 0 0 0 0 0 0 0 0 0 0 0 0 0 0 0 0 0 0 0 0 0 0 0 0 0 0 0 0 0 0 0 0 0 0 0 0 0 0 0 0 0 0 0 0 0 0 0 0 0 0 0 0 0 0 0 0 0 0 0 1.6 0 0 0 0 0 0 0 0 0 3.74 0 0 0 0 0 0 0 0 0 3.81 0 0 0 0 0 0 0 0 0 0.42 0 0 0 0 0 0 0 0 0 3.67 0 0 0 0 0 0 0 0 0 4.19 0 0 0 0 0 0 0 0 0 0.44 0 0 0 0 0 0 0 0 0 3.61 0 0 0 0 0 0 0 0 0 1.12 0 0 0 0 0 0 0 0 0 6.47 0 0 0 2.39 0 0 0.31 0 0 0 0 0 0 1.33 0 0 4.34 0 0 0 0 0 0 3.29 0 0 1.03 0 0 0 0 0 0 2.83 0 0 0.3 0 0 0 0 0 0 3.99 0 0 0.55 0 0 0 0 0 0 1.51 0 0 0.48 0 0 0 0 0 0 5.19 0 0 5.28 0 0 0 0 0 0 4.21 0 0 2.85 0 0 0 0 0 0 5.29 0 0 1.44 0 0 0 0 0 0 3.56 0 0 1.64 0 0 0 0 0 0 0 0 0 0 0 0 0 0 0 0 0 0 0 0 0 0 0 0 0 0 0 0 0 0 0 0 0 0 0 0 0 0 0 0 0 0 0 0 0 0 0 0 0 0 0 0 0 0 0 0 0 0 0 0 0 0 0 0 0 0 0 0 0 0 0 0 0 0 0 0 0 0 0 0 0 0 0 0 0 0 0 0 0 0 0 0 0 0 0 0 0 0 0 0 0 0 0 0 0 0 0 0 0 0 0 0 4.45 0 0 0 0 0 0 0 0 0 3.31 0 0 0 0 0 0 0 0 0 4.28 0 0 0 0 0 0 0 0 0 3.25 0 0 0 0 0 0 0 0 0 1.42 0 0 0 0 0 0 0 0 0 1.05 0 0 0 0 0 0 0 0 0 0.09 0 0 0 0 0 0 0 0 0 1.65 0 0 0 0 0 0 0 0 0 4.59 0 0 0 0 0 0 0 0 0 5.12 0 0 0 0.93 0 0 0.23 0 0 0 0 0 0 0.89 0 0 0.33 0 0 0 0 0 0 0.12 0 0 0.32 0 0 0 0 0 0 1.59 0 0 4.38 0 0 0 0 0 0 2.27 0 0 2.22 0 0 0 0 0 0 1.8 0 0 1.4 0 0 0 0 0 0 1.63 0 0 0.93 0 0 0 0 0 0 2.35 0 0 2.52 0 0 0 0 0 0 0.71 0 0 0.82 0 0 0 0 0 0 0.35 0 0 1.94 0 0 0 0 0 0 0 0 0 0 0 0 0 0 0 0 0 0 0 0 0 0 0 0 0 0 0 0 0 0 0 0 0 0 0 0 0 0 0 0 0 0 0 0 0 0 0 0 0 0 0 0 0 0 0 0 0 0 0 0 0 0 0 0 0 0 0 0 0 0 0 0 0 0 0 0 0 0 0 0 0 0 0 0 0 0 0 0 0 0 0 0 0 0 0 0 0 0 0 0 0 0 0 0 0 0 0 0 0 0 0 0 2.8 0 0 0 0 0 0 0 0 0 0.77 0 0 0 0 0 0 0 0 0 1.02 0 0 0 0 0 0 0 0 0 0.91 0 0 0 0 0 0 0 0 0 2.41 0 0 0 0 0 0 0 0 0 2.66 0 0 0 0 0 0 0 0 0 3.2 0 0 0 0 0 0 0 0 0 1.96 0 0 0 0 0 0 0 0 0 1.12 0 0 0 0 0 0 0 0 0 3.1 0 0 0 0 0 0 0 0 0 3.53 0 0 0 0 0 0 0 0 0 3.52 0 0 0 0 0 0 0 0 0 1.64 0 0 0 0 0 0 0 0 0 3.84 0 0 0 0 0 0 0 0 0 0.33 0 0 0 0 0 0 0 0 0 2.32 0 0 0 0 0 0 0 0 0 2.02 0 0 0 0 0 0 0 0 0 4.3 0 0 0 0 0 0 0 0 0 2.22 0 0 0 0 0 0 0 0 0 3.6 0 0 0 1.42 0 0 0.56 0 0 0 0 0 0 1.84 0 0 2.25 0 0 0 0 0 0 0.16 0 0 1.66 0 0 0 0 0 0 2.75 0 0 2.26 0 0 0 0 0 0 2.39 0 0 1.67 0 0 0 0 0 0 3.98 0 0 2.05 0 0 0 0 0 0 1.95 0 0 4.08 0 0 0 0 0 0 2.22 0 0 4.08 0 0 0 0 0 0 3.15 0 0 0.53 0 0 0 0 0 0 0.49 0 0 1.81 0 0 0 0 0 0 0 0 0 0 0 0 0 0 0 0 0 0 0 0 0 0 0 0 0 0 0 0 0 0 0 0 0 0 0 0 0 0 0 0 0 0 0 0 0 0 0 0 0 0 0 0 0 0 0 0 0 0 0 0 0 0 0 0 0 0 0 0 0 0 0 0 0 0 0 0 0 0 0 0 0 0 0 0 0 0 0 0 0 0 0 0 0 0 0 0 0 0 0 0 0 0 0 0 0 0 0 0 0 0 0 0 0.18 0 0 0 0 0 0 0 0 0 0.27 0 0 0 0 0 0 0 0 0 2.4 0 0 0 0 0 0 0 0 0 0.78 0 0 0 0 0 0 0 0 0 1.57 0 0 0 0 0 0 0 0 0 4.7 0 0 0 0 0 0 0 0 0 1.2 0 0 0 0 0 0 0 0 0 2.07 0 0 0 0 0 0 0 0 0 1.01 0 0 0 0 0 0 0 0 0 5.95 0 0 0 0.54 0 0 0.64 0 0 0 0 0 0 3.27 0 0 0.94 0 0 0 0 0 0 1.53 0 0 1.37 0 0 0 0 0 0 0.95 0 0 0.41 0 0 0 0 0 0 3.92 0 0 1.16 0 0 0 0 0 0 0.84 0 0 2.34 0 0 0 0 0 0 1.36 0 0 3.6 0 0 0 0 0 0 1.78 0 0 0.43 0 0 0 0 0 0 3.07 0 0 2.3 0 0 0 0 0 0 0.74 0 0 4.32 0 0 0 0 0 0 0 0 0 0 0 0 0 0 0 0 0 0 0 0 0 0 0 0 0 0 0 0 0 0 0 0 0 0 0 0 0 0 0 0 0 0 0 0 0 0 0 0 0 0 0 0 0 0 0 0 0 0 0 0 0 0 0 0 0 0 0 0 0 0 0 0 0 0 0 0 0 0 0 0 0 0 0 0 0 0 0 0 0 0 0 0 0 0 0 0 0 0 0 0 0 0 0 0 0 0 0 0 0 0 0 0 4.78 0 0 0 0 0 0 0 0 0 5.01 0 0 0 0 0 0 0 0 0 2.27 0 0 0 0 0 0 0 0 0 3.55 0 0 0 0 0 0 0 0 0 3.25 0 0 0 0 0 0 0 0 0 2.04 0 0 0 0 0 0 0 0 0 3.34 0 0 0 0 0 0 0 0 0 1.19 0 0 0 0 0 0 0 0 0 0.16 0 0 0 0 0 0 0 0 0 0.79 0 0 0 0.48 0 0 1.54 0 0 0 0 0 0 1.04 0 0 1.65 0 0 0 0 0 0 1.05 0 0 1.66 0 0 0 0 0 0 3.13 0 0 0.79 0 0 0 0 0 0 2.31 0 0 2.16 0 0 0 0 0 0 0.56 0 0 2.89 0 0 0 0 0 0 5.42 0 0 1.79 0 0 0 0 0 0 0.89 0 0 0.37 0 0 0 0 0 0 0.89 0 0 3.08 0 0 0 0 0 0 1.13 0 0 0.51 0 0 0 0 0 0 0 0 0 0 0 0 0 0 0 0 0 0 0 0 0 0 0 0 0 0 0 0 0 0 0 0 0 0 0 0 0 0 0 0 0 0 0 0 0 0 0 0 0 0 0 0 0 0 0 0 0 0 0 0 0 0 0 0 0 0 0 0 0 0 0 0 0 0 0 0 0 0 0 0 0 0 0 0 0 0 0 0 0 0 0 0 0 0 0 0 0 0 0 0 0 0 0 0 0 0 0 0 0 0 0 0 2.57 0 0 0 0 0 0 0 0 0 0.06 0 0 0 0 0 0 0 0 0 1.29 0 0 0 0 0 0 0 0 0 1.86 0 0 0 0 0 0 0 0 0 2.88 0 0 0 0 0 0 0 0 0 3.7 0 0 0 0 0 0 0 0 0 2.04 0 0 0 0 0 0 0 0 0 3.2 0 0 0 0 0 0 0 0 0 3.84 0 0 0 0 0 0 0 0 0 5.19 0 0 0 0 0 0 0 0 0 1.55 0 0 0 0 0 0 0 0 0 2.25 0 0 0 0 0 0 0 0 0 1.47 0 0 0 0 0 0 0 0 0 3 0 0 0 0 0 0 0 0 0 0.93 0 0 0 0 0 0 0 0 0 0.17 0 0 0 0 0 0 0 0 0 3.46 0 0 0 0 0 0 0 0 0 1.78 0 0 0 0 0 0 0 0 0 0.26 0 0 0 0 0 0 0 0 0 0.57 0 0 0 0.36 0 0 2.68 0 0 0 0 0 0 4.16 0 0 2.58 0 0 0 0 0 0 3.55 0 0 0.86 0 0 0 0 0 0 3.8 0 0 0.5 0 0 0 0 0 0 0.68 0 0 0.52 0 0 0 0 0 0 3.91 0 0 0.36 0 0 0 0 0 0 3.17 0 0 0.92 0 0 0 0 0 0 2.38 0 0 2.62 0 0 0 0 0 0 0.91 0 0 4.42 0 0 0 0 0 0 1.85 0 0 0.67 0 0 0 0 0 0 0 0 0 0 0 0 0 0 0 0 0 0 0 0 0 0 0 0 0 0 0 0 0 0 0 0 0 0 0 0 0 0 0 0 0 0 0 0 0 0 0 0 0 0 0 0 0 0 0 0 0 0 0 0 0 0 0 0 0 0 0 0 0 0 0 0 0 0 0 0 0 0 0 0 0 0 0 0 0 0 0 0 0 0 0 0 0 0 0 0 0 0 0 0 0 0 0 0 0 0 0 0 0 0 0 0 1.72 0 0 0 0 0 0 0 0 0 0.86 0 0 0 0 0 0 0 0 0 3.9 0 0 0 0 0 0 0 0 0 0.66 0 0 0 0 0 0 0 0 0 2.07 0 0 0 0 0 0 0 0 0 1.42 0 0 0 0 0 0 0 0 0 1.29 0 0 0 0 0 0 0 0 0 4.65 0 0 0 0 0 0 0 0 0 2.21 0 0 0 0 0 0 0 0 0 1.21 0 0 0 0.8 0 0 1.26 0 0 0 0 0 0 2 0 0 0.93 0 0 0 0 0 0 1.21 0 0 2.2 0 0 0 0 0 0 0.26 0 0 0.58 0 0 0 0 0 0 2.84 0 0 0.37 0 0 0 0 0 0 4.09 0 0 1.4 0 0 0 0 0 0 0.19 0 0 0.5 0 0 0 0 0 0 1.35 0 0 1.17 0 0 0 0 0 0 0.33 0 0 3.48 0 0 0 0 0 0 0.45 0 0 1.4 0 0 0 0 0 0 0 0 0 0 0 0 0 0 0 0 0 0 0 0 0 0 0 0 0 0 0 0 0 0 0 0 0 0 0 0 0 0 0 0 0 0 0 0 0 0 0 0 0 0 0 0 0 0 0 0 0 0 0 0 0 0 0 0 0 0 0 0 0 0 0 0 0 0 0 0 0 0 0 0 0 0 0 0 0 0 0 0 0 0 0 0 0 0 0 0 0 0 0 0 0 0 0 0 0 0 0 0 0 0 0 0 1.31 0 0 0 0 0 0 0 0 0 0.98 0 0 0 0 0 0 0 0 0 1.1 0 0 0 0 0 0 0 0 0 1.04 0 0 0 0 0 0 0 0 0 0.09 0 0 0 0 0 0 0 0 0 1.15 0 0 0 0 0 0 0 0 0 1.93 0 0 0 0 0 0 0 0 0 3.8 0 0 0 0 0 0 0 0 0 0.58 0 0 0 0 0 0 0 0 0 0.51 0 0 0 2.11 0 0 1.33 0 0 0 0 0 0 1.06 0 0 2.74 0 0 0 0 0 0 2.17 0 0 2.43 0 0 0 0 0 0 0.46 0 0 0.35 0 0 0 0 0 0 4.35 0 0 0.3 0 0 0 0 0 0 1.01 0 0 3.56 0 0 0 0 0 0 1.78 0 0 2 0 0 0 0 0 0 2.67 0 0 0.29 0 0 0 0 0 0 0.47 0 0 3.5 0 0 0 0 0 0 2.76 0 0 1.08 0 0 0 0 0 0 0 0 0 0 0 0 0 0 0 0 0 0 0 0 0 0 0 0 0 0 0 0 0 0 0 0 0 0 0 0 0 0 0 0 0 0 0 0 0 0 0 0 0 0 0 0 0 0 0 0 0 0 0 0 0 0 0 0 0 0 0 0 0 0 0 0 0 0 0 0 0 0 0 0 0 0 0 0 0 0 0 0 0 0 0 0 0 0 0 0 0 0 0 0 0 0 0 0 0 0 0 0 0 0 0 0 3.67 0 0 0 0 0 0 0 0 0 3.92 0 0 0 0 0 0 0 0 0 0.93 0 0 0 0 0 0 0 0 0 4.86 0 0 0 0 0 0 0 0 0 0.8 0 0 0 0 0 0 0 0 0 0.2 0 0 0 0 0 0 0 0 0 1.43 0 0 0 0 0 0 0 0 0 2.83 0 0 0 0 0 0 0 0 0 4.34 0 0 0 0 0 0 0 0 0 0.36 0 0 0 0 0 0 0 0 0 1.18 0 0 0 0 0 0 0 0 0 0.98 0 0 0 0 0 0 0 0 0 1.53 0 0 0 0 0 0 0 0 0 0.95 0 0 0 0 0 0 0 0 0 4.47 0 0 0 0 0 0 0 0 0 5.35 0 0 0 0 0 0 0 0 0 2.47 0 0 0 0 0 0 0 0 0 0.7 0 0 0 0 0 0 0 0 0 2.81 0 0 0 0 0 0 0 0 0 2.73 0 0 0 0.95 0 0 0.6 0 0 0 0 0 0 0.11 0 0 3.52 0 0 0 0 0 0 2.35 0 0 4.65 0 0 0 0 0 0 4.21 0 0 2.25 0 0 0 0 0 0 3.91 0 0 0.19 0 0 0 0 0 0 0.87 0 0 0.37 0 0 0 0 0 0 0.87 0 0 1.95 0 0 0 0 0 0 0.14 0 0 4.27 0 0 0 0 0 0 1.69 0 0 0.78 0 0 0 0 0 0 0.31 0 0 0.66 0 0 0 0 0 0 0 0 0 0 0 0 0 0 0 0 0 0 0 0 0 0 0 0 0 0 0 0 0 0 0 0 0 0 0 0 0 0 0 0 0 0 0 0 0 0 0 0 0 0 0 0 0 0 0 0 0 0 0 0 0 0 0 0 0 0 0 0 0 0 0 0 0 0 0 0 0 0 0 0 0 0 0 0 0 0 0 0 0 0 0 0 0 0 0 0 0 0 0 0 0 0 0 0 0 0 0 0 0 0 0 0 4.25 0 0 0 0 0 0 0 0 0 0.41 0 0 0 0 0 0 0 0 0 4.44 0 0 0 0 0 0 0 0 0 0.73 0 0 0 0 0 0 0 0 0 0.13 0 0 0 0 0 0 0 0 0 0.77 0 0 0 0 0 0 0 0 0 0.46 0 0 0 0 0 0 0 0 0 0.62 0 0 0 0 0 0 0 0 0 1.67 0 0 0 0 0 0 0 0 0 3.49 0 0 0 3.68 0 0 1.3 0 0 0 0 0 0 3.15 0 0 3.19 0 0 0 0 0 0 3.96 0 0 0.25 0 0 0 0 0 0 1.85 0 0 4.47 0 0 0 0 0 0 3.52 0 0 0.91 0 0 0 0 0 0 4.52 0 0 1.04 0 0 0 0 0 0 4.25 0 0 5.8 0 0 0 0 0 0 0.88 0 0 4.09 0 0 0 0 0 0 1.2 0 0 3.3 0 0 0 0 0 0 0.86 0 0 0.3 0 0 0 0 0 0 0 0 0 0 0 0 0 0 0 0 0 0 0 0 0 0 0 0 0 0 0 0 0 0 0 0 0 0 0 0 0 0 0 0 0 0 0 0 0 0 0 0 0 0 0 0 0 0 0 0 0 0 0 0 0 0 0 0 0 0 0 0 0 0 0 0 0 0 0 0 0 0 0 0 0 0 0 0 0 0 0 0 0 0 0 0 0 0 0 0 0 0 0 0 0 0 0 0 0 0 0 0 0 0 0 0 1.17 0 0 0 0 0 0 0 0 0 3.7 0 0 0 0 0 0 0 0 0 2.61 0 0 0 0 0 0 0 0 0 1.48 0 0 0 0 0 0 0 0 0 2.44 0 0 0 0 0 0 0 0 0 1.06 0 0 0 0 0 0 0 0 0 1.95 0 0 0 0 0 0 0 0 0 3.55 0 0 0 0 0 0 0 0 0 1.49 0 0 0 0 0 0 0 0 0 1.62 0 0 0 0.15 0 0 0.93 0 0 0 0 0 0 3.87 0 0 5.55 0 0 0 0 0 0 1 0 0 4.73 0 0 0 0 0 0 3.38 0 0 1.86 0 0 0 0 0 0 4.37 0 0 2.03 0 0 0 0 0 0 1.39 0 0 1.09 0 0 0 0 0 0 3.24 0 0 0.92 0 0 0 0 0 0 4.23 0 0 0.18 0 0 0 0 0 0 1.62 0 0 2.74 0 0 0 0 0 0 2.59 0 0 3.74 0 0 0 0 0 0 0 0 0 0 0 0 0 0 0 0 0 0 0 0 0 0 0 0 0 0 0 0 0 0 0 0 0 0 0 0 0 0 0 0 0 0 0 0 0 0 0 0 0 0 0 0 0 0 0 0 0 0 0 0 0 0 0 0 0 0 0 0 0 0 0 0 0 0 0 0 0 0 0 0 0 0 0 0 0 0 0 0 0 0 0 0 0 0 0 0 0 0 0 0 0 0 0 0 0 0 0 0 0 0 0 0 1.08 0 0 0 0 0 0 0 0 0 1.6 0 0 0 0 0 0 0 0 0 2.26 0 0 0 0 0 0 0 0 0 4.47 0 0 0 0 0 0 0 0 0 0.38 0 0 0 0 0 0 0 0 0 1.27 0 0 0 0 0 0 0 0 0 1.56 0 0 0 0 0 0 0 0 0 0.26 0 0 0 0 0 0 0 0 0 1.56 0 0 0 0 0 0 0 0 0 3.71 0 0 0 0 0 0 0 0 0 1.65 0 0 0 0 0 0 0 0 0 3.62 0 0 0 0 0 0 0 0 0 0.4 0 0 0 0 0 0 0 0 0 2.97 0 0 0 0 0 0 0 0 0 0.73 0 0 0 0 0 0 0 0 0 2.2 0 0 0 0 0 0 0 0 0 0.64 0 0 0 0 0 0 0 0 0 5.35 0 0 0 0 0 0 0 0 0 0.28 0 0 0 0 0 0 0 0 0 0.82 0 0 0 1.35 0 0 2.36 0 0 0 0 0 0 0.57 0 0 3.22 0 0 0 0 0 0 1 0 0 3.74 0 0 0 0 0 0 2.31 0 0 2.03 0 0 0 0 0 0 0.19 0 0 5.45 0 0 0 0 0 0 1.07 0 0 2.05 0 0 0 0 0 0 2.78 0 0 5.37 0 0 0 0 0 0 1.24 0 0 1.24 0 0 0 0 0 0 2.62 0 0 1.78 0 0 0 0 0 0 2.69 0 0 0.42 0 0 0 0 0 0 0 0 0 0 0 0 0 0 0 0 0 0 0 0 0 0 0 0 0 0 0 0 0 0 0 0 0 0 0 0 0 0 0 0 0 0 0 0 0 0 0 0 0 0 0 0 0 0 0 0 0 0 0 0 0 0 0 0 0 0 0 0 0 0 0 0 0 0 0 0 0 0 0 0 0 0 0 0 0 0 0 0 0 0 0 0 0 0 0 0 0 0 0 0 0 0 0 0 0 0 0 0 0 0 0 0 0.84 0 0 0 0 0 0 0 0 0 0.91 0 0 0 0 0 0 0 0 0 3.2 0 0 0 0 0 0 0 0 0 0.41 0 0 0 0 0 0 0 0 0 1.35 0 0 0 0 0 0 0 0 0 2.02 0 0 0 0 0 0 0 0 0 0.63 0 0 0 0 0 0 0 0 0 3.26 0 0 0 0 0 0 0 0 0 0.23 0 0 0 0 0 0 0 0 0 0.34 0 0 0 1.34 0 0 0.63 0 0 0 0 0 0 4.27 0 0 1.71 0 0 0 0 0 0 2.21 0 0 4.36 0 0 0 0 0 0 4.57 0 0 1.32 0 0 0 0 0 0 0.33 0 0 3.05 0 0 0 0 0 0 0.57 0 0 1.34 0 0 0 0 0 0 0.66 0 0 0.97 0 0 0 0 0 0 0.47 0 0 1 0 0 0 0 0 0 4.64 0 0 0.76 0 0 0 0 0 0 2.39 0 0 3.45 0 0 0 0 0 0 0 0 0 0 0 0 0 0 0 0 0 0 0 0 0 0 0 0 0 0 0 0 0 0 0 0 0 0 0 0 0 0 0 0 0 0 0 0 0 0 0 0 0 0 0 0 0 0 0 0 0 0 0 0 0 0 0 0 0 0 0 0 0 0 0 0 0 0 0 0 0 0 0 0 0 0 0 0 0 0 0 0 0 0 0 0 0 0 0 0 0 0 0 0 0 0 0 0 0 0 0 0 0 0 0 0 0.22 0 0 0 0 0 0 0 0 0 0.82 0 0 0 0 0 0 0 0 0 2.1 0 0 0 0 0 0 0 0 0 1.89 0 0 0 0 0 0 0 0 0 2.65 0 0 0 0 0 0 0 0 0 2 0 0 0 0 0 0 0 0 0 0.91 0 0 0 0 0 0 0 0 0 0.57 0 0 0 0 0 0 0 0 0 2.43 0 0 0 0 0 0 0 0 0 5.04 0 0 0 4.11 0 0 0.33 0 0 0 0 0 0 1.51 0 0 0.1 0 0 0 0 0 0 4.83 0 0 0.64 0 0 0 0 0 0 5.97 0 0 0.29 0 0 0 0 0 0 1.08 0 0 2.48 0 0 0 0 0 0 0.96 0 0 5.25 0 0 0 0 0 0 2.42 0 0 3.65 0 0 0 0 0 0 1.74 0 0 0.32 0 0 0 0 0 0 1.86 0 0 4.29 0 0 0 0 0 0 2.71 0 0 3.55 0 0 0 0 0 0 0 0 0 0 0 0 0 0 0 0 0 0 0 0 0 0 0 0 0 0 0 0 0 0 0 0 0 0 0 0 0 0 0 0 0 0 0 0 0 0 0 0 0 0 0 0 0 0 0 0 0 0 0 0 0 0 0 0 0 0 0 0 0 0 0 0 0 0 0 0 0 0 0 0 0 0 0 0 0 0 0 0 0 0 0 0 0 0 0 0 0 0 0 0 0 0 0 0 0 0 0 0 0 0 0 0 0.58 0 0 0 0 0 0 0 0 0 1.36 0 0 0 0 0 0 0 0 0 0.11 0 0 0 0 0 0 0 0 0 0.86 0 0 0 0 0 0 0 0 0 5.15 0 0 0 0 0 0 0 0 0 2.92 0 0 0 0 0 0 0 0 0 2.6 0 0 0 0 0 0 0 0 0 4.79 0 0 0 0 0 0 0 0 0 2.06 0 0 0 0 0 0 0 0 0 0.3 0 0 
0 0 0 0 0 0 0 1.05 0 0 0 0 0 0 0 0 0 5.55 0 0 0 0 0 0 0 0 0 2.84 0 0 0 0 0 0 0 0 0 0.12 0 0 0 0 0 0 0 0 0 1.91 0 0 0 0 0 0 0 0 0 2.51 0 0 0 0 0 0 0 0 0 2.36 0 0 0 0 0 0 0 0 0 0.16 0 0 0 0 0 0 0 0 0 0.38 0 0 0 0 0 0 0 0 0 2.15 0 0 0 0.82 0 0 4.96 0 0 0 0 0 0 0.96 0 0 1.39 0 0 0 0 0 0 2.06 0 0 2.83 0 0 0 0 0 0 0.48 0 0 3.56 0 0 0 0 0 0 0.6 0 0 1.22 0 0 0 0 0 0 0.44 0 0 2.45 0 0 0 0 0 0 1.97 0 0 2.17 0 0 0 0 0 0 1.46 0 0 3.94 0 0 0 0 0 0 0.13 0 0 0.43 0 0 0 0 0 0 4.14 0 0 3.04 0 0 0 0 0 0 0 0 0 0 0 0 0 0 0 0 0 0 0 0 0 0 0 0 0 0 0 0 0 0 0 0 0 0 0 0 0 0 0 0 0 0 0 0 0 0 0 0 0 0 0 0 0 0 0 0 0 0 0 0 0 0 0 0 0 0 0 0 0 0 0 0 0 0 0 0 0 0 0 0 0 0 0 0 0 0 0 0 0 0 0 0 0 0 0 0 0 0 0 0 0 0 0 0 0 0 0 0 0 0 0 0 4.43 0 0 0 0 0 0 0 0 0 0.63 0 0 0 0 0 0 0 0 0 3.27 0 0 0 0 0 0 0 0 0 3.99 0 0 0 0 0 0 0 0 0 0.47 0 0 0 0 0 0 0 0 0 1.07 0 0 0 0 0 0 0 0 0 4.26 0 0 0 0 0 0 0 0 0 1.23 0 0 0 0 0 0 0 0 0 0.06 0 0 0 0 0 0 0 0 0 0.27 0 0 0 1.18 0 0 1.14 0 0 0 0 0 0 3.43 0 0 2.62 0 0 0 0 0 0 1.3 0 0 0.87 0 0 0 0 0 0 1.74 0 0 1.24 0 0 0 0 0 0 4.43 0 0 0.93 0 0 0 0 0 0 0.42 0 0 0.55 0 0 0 0 0 0 4.8 0 0 2.46 0 0 0 0 0 0 4.33 0 0 2.94 0 0 0 0 0 0 0.78 0 0 0.83 0 0 0 0 0 0 3.22 0 0 2.43 0 0 0 0 0 0 0 0 0 0 0 0 0 0 0 0 0 0 0 0 0 0 0 0 0 0 0 0 0 0 0 0 0 0 0 0 0 0 0 0 0 0 0 0 0 0 0 0 0 0 0 0 0 0 0 0 0 0 0 0 0 0 0 0 0 0 0 0 0 0 0 0 0 0 0 0 0 0 0 0 0 0 0 0 0 0 0 0 0 0 0 0 0 0 0 0 0 0 0 0 0 0 0 0 0 0 0 0 0 0 0 0 2.6 0 0 0 0 0 0 0 0 0 4.77 0 0 0 0 0 0 0 0 0 4.98 0 0 0 0 0 0 0 0 0 2.28 0 0 0 0 0 0 0 0 0 0.73 0 0 0 0 0 0 0 0 0 0.11 0 0 0 0 0 0 0 0 0 1.89 0 0 0 0 0 0 0 0 0 0.81 0 0 0 0 0 0 0 0 0 6.32 0 0 0 0 0 0 0 0 0 2.02 0 0 0 4.58 0 0 1.82 0 0 0 0 0 0 1.52 0 0 2.32 0 0 0 0 0 0 0.54 0 0 0.86 0 0 0 0 0 0 0.8 0 0 0.37 0 0 0 0 0 0 1 0 0 3.14 0 0 0 0 0 0 3.7 0 0 1.77 0 0 0 0 0 0 2.04 0 0 3.48 0 0 0 0 0 0 0.23 0 0 2.09 0 0 0 0 0 0 4.57 0 0 4.18 0 0 0 0 0 0 4.44 0 0 0.89 0 0 0 0 0 0 0 0 0 0 0 0 0 0 0 0 0 0 0 0 0 0 0 0 0 0 0 0 0 0 0 0 0 0 0 0 0 0 0 0 0 0 0 0 0 0 0 0 0 0 0 0 0 0 0 0 0 0 0 0 0 0 0 0 0 0 0 0 0 0 0 0 0 0 0 0 0 0 0 0 0 0 0 0 0 0 0 0 0 0 0 0 0 0 0 0 0 0 0 0 0 0 0 0 0 0 0 0 0 0 0 0 0.75 0 0 0 0 0 0 0 0 0 0.74 0 0 0 0 0 0 0 0 0 3.2 0 0 0 0 0 0 0 0 0 1.6 0 0 0 0 0 0 0 0 0 0.83 0 0 0 0 0 0 0 0 0 0.64 0 0 0 0 0 0 0 0 0 0.97 0 0 0 0 0 0 0 0 0 0.51 0 0 0 0 0 0 0 0 0 3.7 0 0 0 0 0 0 0 0 0 0.47 0 0 0 0 0 0 0 0 0 1.53 0 0 0 0 0 0 0 0 0 5.53 0 0 0 0 0 0 0 0 0 2.91 0 0 0 0 0 0 0 0 0 4.37 0 0 0 0 0 0 0 0 0 4.11 0 0 0 0 0 0 0 0 0 0.78 0 0 0 0 0 0 0 0 0 1.03 0 0 0 0 0 0 0 0 0 3.47 0 0 0 0 0 0 0 0 0 3.15 0 0 0 0 0 0 0 0 0 2.06 0 0 0 4.53 0 0 1.26 0 0 0 0 0 0 1.6 0 0 1.71 0 0 0 0 0 0 3.2 0 0 2.69 0 0 0 0 0 0 3.72 0 0 5.27 0 0 0 0 0 0 1.8 0 0 1.62 0 0 0 0 0 0 4.46 0 0 4.36 0 0 0 0 0 0 3.5 0 0 5.05 0 0 0 0 0 0 3.44 0 0 4.17 0 0 0 0 0 0 0.27 0 0 2.03 0 0 0 0 0 0 2.48 0 0 2 0 0 0 0 0 0 0 0 0 0 0 0 0 0 0 0 0 0 0 0 0 0 0 0 0 0 0 0 0 0 0 0 0 0 0 0 0 0 0 0 0 0 0 0 0 0 0 0 0 0 0 0 0 0 0 0 0 0 0 0 0 0 0 0 0 0 0 0 0 0 0 0 0 0 0 0 0 0 0 0 0 0 0 0 0 0 0 0 0 0 0 0 0 0 0 0 0 0 0 0 0 0 0 0 0 0 0 0 0 0 0 0 3.46 0 0 0 0 0 0 0 0 0 0.7 0 0 0 0 0 0 0 0 0 4.85 0 0 0 0 0 0 0 0 0 0.61 0 0 0 0 0 0 0 0 0 2.78 0 0 0 0 0 0 0 0 0 5.44 0 0 0 0 0 0 0 0 0 1.33 0 0 0 0 0 0 0 0 0 0.47 0 0 0 0 0 0 0 0 0 1.51 0 0 0 0 0 0 0 0 0 1.8 0 0 0 3.38 0 0 0.46 0 0 0 0 0 0 1.54 0 0 0.12 0 0 0 0 0 0 2.31 0 0 4.25 0 0 0 0 0 0 5.33 0 0 3.39 0 0 0 0 0 0 4.65 0 0 2.57 0 0 0 0 0 0 4.37 0 0 5.21 0 0 0 0 0 0 5.01 0 0 0.85 0 0 0 0 0 0 3.78 0 0 0.99 0 0 0 0 0 0 0.43 0 0 4.93 0 0 0 0 0 0 0.26 0 0 3.79 0 0 0 0 0 0 0 0 0 0 0 0 0 0 0 0 0 0 0 0 0 0 0 0 0 0 0 0 0 0 0 0 0 0 0 0 0 0 0 0 0 0 0 0 0 0 0 0 0 0 0 0 0 0 0 0 0 0 0 0 0 0 0 0 0 0 0 0 0 0 0 0 0 0 0 0 0 0 0 0 0 0 0 0 0 0 0 0 0 0 0 0 0 0 0 0 0 0 0 0 0 0 0 0 0 0 0 0 0 0 0 0 3.74 0 0 0 0 0 0 0 0 0 0.14 0 0 0 0 0 0 0 0 0 2.46 0 0 0 0 0 0 0 0 0 4.91 0 0 0 0 0 0 0 0 0 0.47 0 0 0 0 0 0 0 0 0 3.8 0 0 0 0 0 0 0 0 0 3.2 0 0 0 0 0 0 0 0 0 0.66 0 0 0 0 0 0 0 0 0 4.6 0 0 0 0 0 0 0 0 0 2.3 0 0 0 3.43 0 0 1.66 0 0 0 0 0 0 2.5 0 0 2.75 0 0 0 0 0 0 3.04 0 0 3.09 0 0 0 0 0 0 0.89 0 0 4.08 0 0 0 0 0 0 0.32 0 0 1.31 0 0 0 0 0 0 1.68 0 0 4.06 0 0 0 0 0 0 0.21 0 0 0.55 0 0 0 0 0 0 2.95 0 0 0.59 0 0 0 0 0 0 0.61 0 0 0.95 0 0 0 0 0 0 3.76 0 0 0.35 0 0 0 0 0 0 0 0 0 0 0 0 0 0 0 0 0 0 0 0 0 0 0 0 0 0 0 0 0 0 0 0 0 0 0 0 0 0 0 0 0 0 0 0 0 0 0 0 0 0 0 0 0 0 0 0 0 0 0 0 0 0 0 0 0 0 0 0 0 0 0 0 0 0 0 0 0 0 0 0 0 0 0 0 0 0 0 0 0 0 0 0 0 0 0 0 0 0 0 0 0 0 0 0 0 0 0 0 0 0 0 0 0.38 0 0 0 0 0 0 0 0 0 0.67 0 0 0 0 0 0 0 0 0 1.71 0 0 0 0 0 0 0 0 0 3.59 0 0 0 0 0 0 0 0 0 2.35 0 0 0 0 0 0 0 0 0 5.02 0 0 0 0 0 0 0 0 0 0.53 0 0 0 0 0 0 0 0 0 0.63 0 0 0 0 0 0 0 0 0 4.55 0 0 0 0 0 0 0 0 0 2.22 0 0 0 0 0 0 0 0 0 2.95 0 0 0 0 0 0 0 0 0 0.65 0 0 0 0 0 0 0 0 0 0.67 0 0 0 0 0 0 0 0 0 2.54 0 0 0 0 0 0 0 0 0 1.3 0 0 0 0 0 0 0 0 0 0.2 0 0 0 0 0 0 0 0 0 3.54 0 0 0 0 0 0 0 0 0 2.59 0 0 0 0 0 0 0 0 0 3 0 0 0 0 0 0 0 0 0 2.12 0 0 0 1.68 0 0 0.54 0 0 0 0 0 0 0.13 0 0 3.45 0 0 0 0 0 0 1.8 0 0 1.07 0 0 0 0 0 0 1.72 0 0 3.72 0 0 0 0 0 0 0.93 0 0 2.73 0 0 0 0 0 0 2.98 0 0 3.69 0 0 0 0 0 0 2.81 0 0 1.3 0 0 0 0 0 0 1.84 0 0 0.32 0 0 0 0 0 0 4.99 0 0 0.68 0 0 0 0 0 0 2.49 0 0 1.73 0 0 0 0 0 0 0 0 0 0 0 0 0 0 0 0 0 0 0 0 0 0 0 0 0 0 0 0 0 0 0 0 0 0 0 0 0 0 0 0 0 0 0 0 0 0 0 0 0 0 0 0 0 0 0 0 0 0 0 0 0 0 0 0 0 0 0 0 0 0 0 0 0 0 0 0 0 0 0 0 0 0 0 0 0 0 0 0 0 0 0 0 0 0 0 0 0 0 0 0 0 0 0 0 0 0 0 0 0 0 0 0 2.3 0 0 0 0 0 0 0 0 0 0.6 0 0 0 0 0 0 0 0 0 1.24 0 0 0 0 0 0 0 0 0 2.12 0 0 0 0 0 0 0 0 0 1.08 0 0 0 0 0 0 0 0 0 0.22 0 0 0 0 0 0 0 0 0 3.77 0 0 0 0 0 0 0 0 0 0.15 0 0 0 0 0 0 0 0 0 3.18 0 0 0 0 0 0 0 0 0 5.07 0 0 0 5.27 0 0 0.05 0 0 0 0 0 0 1.47 0 0 2.01 0 0 0 0 0 0 1.79 0 0 4.36 0 0 0 0 0 0 3.79 0 0 1.08 0 0 0 0 0 0 0.64 0 0 0.31 0 0 0 0 0 0 0.41 0 0 5.06 0 0 0 0 0 0 3.21 0 0 3.04 0 0 0 0 0 0 4.63 0 0 1.58 0 0 0 0 0 0 4.67 0 0 4.68 0 0 0 0 0 0 0.84 0 0 2.06 0 0 0 0 0 0 0 0 0 0 0 0 0 0 0 0 0 0 0 0 0 0 0 0 0 0 0 0 0 0 0 0 0 0 0 0 0 0 0 0 0 0 0 0 0 0 0 0 0 0 0 0 0 0 0 0 0 0 0 0 0 0 0 0 0 0 0 0 0 0 0 0 0 0 0 0 0 0 0 0 0 0 0 0 0 0 0 0 0 0 0 0 0 0 0 0 0 0 0 0 0 0 0 0 0 0 0 0 0 0 0 0 3.16 0 0 0 0 0 0 0 0 0 0.4 0 0 0 0 0 0 0 0 0 0.17 0 0 0 0 0 0 0 0 0 1.89 0 0 0 0 0 0 0 0 0 4.1 0 0 0 0 0 0 0 0 0 3.52 0 0 0 0 0 0 0 0 0 0.15 0 0 0 0 0 0 0 0 0 4.83 0 0 0 0 0 0 0 0 0 3.38 0 0 0 0 0 0 0 0 0 4.76 0 0 0 0.86 0 0 0.17 0 0 0 0 0 0 0.3 0 0 0.07 0 0 0 0 0 0 2.07 0 0 3.5 0 0 0 0 0 0 0.07 0 0 1.08 0 0 0 0 0 0 2.65 0 0 0.19 0 0 0 0 0 0 4.12 0 0 4.32 0 0 0 0 0 0 0.43 0 0 0.23 0 0 0 0 0 0 1.93 0 0 5.13 0 0 0 0 0 0 1.35 0 0 4.73 0 0 0 0 0 0 2.1 0 0 5.22 0 0 0 0 0 0 0 0 0 0 0 0 0 0 0 0 0 0 0 0 0 0 0 0 0 0 0 0 0 0 0 0 0 0 0 0 0 0 0 0 0 0 0 0 0 0 0 0 0 0 0 0 0 0 0 0 0 0 0 0 0 0 0 0 0 0 0 0 0 0 0 0 0 0 0 0 0 0 0 0 0 0 0 0 0 0 0 0 0 0 0 0 0 0 0 0 0 0 0 0 0 0 0 0 0 0 0 0 0 0 0 0 0.85 0 0 0 0 0 0 0 0 0 0.59 0 0 0 0 0 0 0 0 0 3 0 0 0 0 0 0 0 0 0 2.08 0 0 0 0 0 0 0 0 0 2.9 0 0 0 0 0 0 0 0 0 2.15 0 0 0 0 0 0 0 0 0 0.88 0 0 0 0 0 0 0 0 0 3.03 0 0 0 0 0 0 0 0 0 5.03 0 0 0 0 0 0 0 0 0 1.45 0 0 0 0 0 0 0 0 0 4.08 0 0 0 0 0 0 0 0 0 1.88 0 0 0 0 0 0 0 0 0 3.67 0 0 0 0 0 0 0 0 0 5.17 0 0 0 0 0 0 0 0 0 3.14 0 0 0 0 0 0 0 0 0 0.81 0 0 0 0 0 0 0 0 0 4.05 0 0 0 0 0 0 0 0 0 5.75 0 0 0 0 0 0 0 0 0 2.54 0 0 0 0 0 0 0 0 0 1.04 0 0 0 1.09 0 0 1.88 0 0 0 0 0 0 2.48 0 0 1.14 0 0 0 0 0 0 2.99 0 0 0.11 0 0 0 0 0 0 0.4 0 0 0.73 0 0 0 0 0 0 3.11 0 0 0.24 0 0 0 0 0 0 0.27 0 0 0.3 0 0 0 0 0 0 1.93 0 0 1.42 0 0 0 0 0 0 4.63 0 0 2.05 0 0 0 0 0 0 0.45 0 0 0.85 0 0 0 0 0 0 0.39 0 0 1.23 0 0 0 0 0 0 0 0 0 0 0 0 0 0 0 0 0 0 0 0 0 0 0 0 0 0 0 0 0 0 0 0 0 0 0 0 0 0 0 0 0 0 0 0 0 0 0 0 0 0 0 0 0 0 0 0 0 0 0 0 0 0 0 0 0 0 0 0 0 0 0 0 0 0 0 0 0 0 0 0 0 0 0 0 0 0 0 0 0 0 0 0 0 0 0 0 0 0 0 0 0 0 0 0 0 0 0 0 0 0 0 0 1.27 0 0 0 0 0 0 0 0 0 1.37 0 0 0 0 0 0 0 0 0 3.56 0 0 0 0 0 0 0 0 0 3.24 0 0 0 0 0 0 0 0 0 2.69 0 0 0 0 0 0 0 0 0 4.1 0 0 0 0 0 0 0 0 0 0.34 0 0 0 0 0 0 0 0 0 1.05 0 0 0 0 0 0 0 0 0 4 0 0 0 0 0 0 0 0 0 0.17 0 0 0 1.18 0 0 1.96 0 0 0 0 0 0 0.62 0 0 0.5 0 0 0 0 0 0 2.44 0 0 2.3 0 0 0 0 0 0 1.04 0 0 0.38 0 0 0 0 0 0 4.21 0 0 2.7 0 0 0 0 0 0 3.72 0 0 3.57 0 0 0 0 0 0 3.39 0 0 4.1 0 0 0 0 0 0 1.9 0 0 3.95 0 0 0 0 0 0 4.05 0 0 0.22 0 0 0 0 0 0 3.62 0 0 0.83 0 0 0 0 0 0 0 0 0 0 0 0 0 0 0 0 0 0 0 0 0 0 0 0 0 0 0 0 0 0 0 0 0 0 0 0 0 0 0 0 0 0 0 0 0 0 0 0 0 0 0 0 0 0 0 0 0 0 0 0 0 0 0 0 0 0 0 0 0 0 0 0 0 0 0 0 0 0 0 0 0 0 0 0 0 0 0 0 0 0 0 0 0 0 0 0 0 0 0 0 0 0 0 0 0 0 0 0 0 0 0 0 5.42 0 0 0 0 0 0 0 0 0 0.86 0 0 0 0 0 0 0 0 0 0.64 0 0 0 0 0 0 0 0 0 0.64 0 0 0 0 0 0 0 0 0 1.68 0 0 0 0 0 0 0 0 0 0.23 0 0 0 0 0 0 0 0 0 0.49 0 0 0 0 0 0 0 0 0 2 0 0 0 0 0 0 0 0 0 0.23 0 0 0 0 0 0 0 0 0 4.64 0 0 0 4.91 0 0 3.15 0 0 0 0 0 0 2.69 0 0 5.09 0 0 0 0 0 0 1.06 0 0 0.73 0 0 0 0 0 0 0.24 0 0 0.04 0 0 0 0 0 0 2.69 0 0 0.36 0 0 0 0 0 0 2.34 0 0 0.77 0 0 0 0 0 0 3.18 0 0 3.24 0 0 0 0 0 0 5.41 0 0 0.55 0 0 0 0 0 0 4 0 0 5.63 0 0 0 0 0 0 1.04 0 0 1.62 0 0 0 0 0 0 0 0 0 0 0 0 0 0 0 0 0 0 0 0 0 0 0 0 0 0 0 0 0 0 0 0 0 0 0 0 0 0 0 0 0 0 0 0 0 0 0 0 0 0 0 0 0 0 0 0 0 0 0 0 0 0 0 0 0 0 0 0 0 0 0 0 0 0 0 0 0 0 0 0 0 0 0 0 0 0 0 0 0 0 0 0 0 0 0 0 0 0 0 0 0 0 0 0 0 0 0 0 0 0 0 0 1.31 0 0 0 0 0 0 0 0 0 1 0 0 0 0 0 0 0 0 0 4.16 0 0 0 0 0 0 0 0 0 0.7 0 0 0 0 0 0 0 0 0 3.6 0 0 0 0 0 0 0 0 0 2.19 0 0 0 0 0 0 0 0 0 1.03 0 0 0 0 0 0 0 0 0 0.36 0 0 0 0 0 0 0 0 0 1.11 0 0 0 0 0 0 0 0 0 2.39 0 0 0 0 0 0 0 0 0 1.34 0 0 0 0 0 0 0 0 0 0.21 0 0 0 0 0 0 0 0 0 1.09 0 0 0 0 0 0 0 0 0 1.28 0 0 0 0 0 0 0 0 0 1.38 0 0 0 0 0 0 0 0 0 2.69 0 0 0 0 0 0 0 0 0 1.65 0 0 0 0 0 0 0 0 0 6.25 0 0 0 0 0 0 0 0 0 3.43 0 0 0 0 0 0 0 0 0 2.22 0 0 0 0.56 0 0 2.7 0 0 0 0 0 0 3.51 0 0 2.06 0 0 0 0 0 0 0.67 0 0 0.86 0 0 0 0 0 0 3.57 0 0 1.21 0 0 0 0 0 0 0.37 0 0 4.47 0 0 0 0 0 0 2.96 0 0 1.75 0 0 0 0 0 0 0.82 0 0 0.59 0 0 0 0 0 0 0.67 0 0 3.79 0 0 0 0 0 0 0.56 0 0 1.96 0 0 0 0 0 0 5.35 0 0 1.39 0 0 0 0 0 0 0 0 0 0 0 0 0 0 0 0 0 0 0 0 0 0 0 0 0 0 0 0 0 0 0 0 0 0 0 0 0 0 0 0 0 0 0 0 0 0 0 0 0 0 0 0 0 0 0 0 0 0 0 0 0 0 0 0 0 0 0 0 0 0 0 0 0 0 0 0 0 0 0 0 0 0 0 0 0 0 0 0 0 0 0 0 0 0 0 0 0 0 0 0 0 0 0 0 0 0 0 0 0 0 0 0 1.15 0 0 0 0 0 0 0 0 0 2.86 0 0 0 0 0 0 0 0 0 1.45 0 0 0 0 0 0 0 0 0 3.39 0 0 0 0 0 0 0 0 0 0.21 0 0 0 0 0 0 0 0 0 1.44 0 0 0 0 0 0 0 0 0 0.16 0 0 0 0 0 0 0 0 0 0.41 0 0 0 0 0 0 0 0 0 2.78 0 0 0 0 0 0 0 0 0 0.25 0 0 0 2.57 0 0 4.22 0 0 0 0 0 0 5.56 0 0 0.36 0 0 0 0 0 0 2.87 0 0 3.49 0 0 0 0 0 0 0.67 0 0 4.36 0 0 0 0 0 0 1.88 0 0 1.39 0 0 0 0 0 0 4.03 0 0 0.13 0 0 0 0 0 0 1.23 0 0 1.25 0 0 0 0 0 0 0.43 0 0 0.99 0 0 0 0 0 0 0.29 0 0 1.91 0 0 0 0 0 0 2.97 0 0 1.25 0 0 0 0 0 0 0 0 0 0 0 0 0 0 0 0 0 0 0 0 0 0 0 0 0 0 0 0 0 0 0 0 0 0 0 0 0 0 0 0 0 0 0 0 0 0 0 0 0 0 0 0 0 0 0 0 0 0 0 0 0 0 0 0 0 0 0 0 0 0 0 0 0 0 0 0 0 0 0 0 0 0 0 0 0 0 0 0 0 0 0 0 0 0 0 0 0 0 0 0 0 0 0 0 0 0 0 0 0 0 0 0 2.16 0 0 0 0 0 0 0 0 0 1.3 0 0 0 0 0 0 0 0 0 2.32 0 0 0 0 0 0 0 0 0 2.96 0 0 0 0 0 0 0 0 0 4.14 0 0 0 0 0 0 0 0 0 2.02 0 0 0 0 0 0 0 0 0 3.97 0 0 0 0 0 0 0 0 0 1.88 0 0 0 0 0 0 0 0 0 2.25 0 0 0 0 0 0 0 0 0 4.79 0 0 0 2.47 0 0 0.68 0 0 0 0 0 0 4.47 0 0 1.77 0 0 0 0 0 0 3.76 0 0 0.11 0 0 0 0 0 0 1.36 0 0 0.27 0 0 0 0 0 0 1.3 0 0 5.12 0 0 0 0 0 0 1.33 0 0 0.22 0 0 0 0 0 0 2.12 0 0 0.49 0 0 0 0 0 0 1.27 0 0 3.33 0 0 0 0 0 0 0.46 0 0 1.18 0 0 0 0 0 0 4.99 0 0 3.03 0 0 0 0 0 0 0 0 0 0 0 0 0 0 0 0 0 0 0 0 0 0 0 0 0 0 0 0 0 0 0 0 0 0 0 0 0 0 0 0 0 0 0 0 0 0 0 0 0 0 0 0 0 0 0 0 0 0 0 0 0 0 0 0 0 0 0 0 0 0 0 0 0 0 0 0 0 0 0 0 0 0 0 0 0 0 0 0 0 0 0 0 0 0 0 0 0 0 0 0 0 0 0 0 0 0 0 0 0 0 0 0 4.15 0 0 0 0 0 0 0 0 0 1.16 0 0 0 0 0 0 0 0 0 0.76 0 0 0 0 0 0 0 0 0 1.31 0 0 0 0 0 0 0 0 0 1.38 0 0 0 0 0 0 0 0 0 2.27 0 0 0 0 0 0 0 0 0 4.78 0 0 0 0 0 0 0 0 0 5.48 0 0 0 0 0 0 0 0 0 0.61 0 0 0 0 0 0 0 0 0 1.03 0 0 0 0 0 0 0 0 0 2.1 0 0 0 0 0 0 0 0 0 1.37 0 0 0 0 0 0 0 0 0 2.75 0 0 0 0 0 0 0 0 0 2.51 0 0 0 0 0 0 0 0 0 5.47 0 0 0 0 0 0 0 0 0 2.16 0 0 0 0 0 0 0 0 0 3.58 0 0 0 0 0 0 0 0 0 0.97 0 0 0 0 0 0 0 0 0 4.43 0 0 0 0 0 0 0 0 0 1.55 0 0 0 0.07 0 0 3.62 0 0 0 0 0 0 1.41 0 0 3.27 0 0 0 0 0 0 3.69 0 0 4.13 0 0 0 0 0 0 0.3 0 0 0.25 0 0 0 0 0 0 1.85 0 0 0.08 0 0 0 0 0 0 0.7 0 0 5.84 0 0 0 0 0 0 0.73 0 0 0.69 0 0 0 0 0 0 3.94 0 0 1.05 0 0 0 0 0 0 0.58 0 0 3.4 0 0 0 0 0 0 1.46 0 0 0.65 0 0 0 0 0 0 0 0 0 0 0 0 0 0 0 0 0 0 0 0 0 0 0 0 0 0 0 0 0 0 0 0 0 0 0 0 0 0 0 0 0 0 0 0 0 0 0 0 0 0 0 0 0 0 0 0 0 0 0 0 0 0 0 0 0 0 0 0 0 0 0 0 0 0 0 0 0 0 0 0 0 0 0 0 0 0 0 0 0 0 0 0 0 0 0 0 0 0 0 0 0 0 0 0 0 0 0 0 0 0 0 0 1.63 0 0 0 0 0 0 0 0 0 3.75 0 0 0 0 0 0 0 0 0 3.84 0 0 0 0 0 0 0 0 0 0.43 0 0 0 0 0 0 0 0 0 3.52 0 0 0 0 0 0 0 0 0 3.82 0 0 0 0 0 0 0 0 0 0.34 0 0 0 0 0 0 0 0 0 3.39 0 0 0 0 0 0 0 0 0 1.24 0 0 0 0 0 0 0 0 0 6.26 0 0 0 2.37 0 0 0.51 0 0 0 0 0 0 1.1 0 0 4.07 0 0 0 0 0 0 3.26 0 0 1.12 0 0 0 0 0 0 2.76 0 0 0.25 0 0 0 0 0 0 4.12 0 0 0.46 0 0 0 0 0 0 1.59 0 0 0.79 0 0 0 0 0 0 5.08 0 0 5.51 0 0 0 0 0 0 4.3 0 0 2.86 0 0 0 0 0 0 5.34 0 0 1.38 0 0 0 0 0 0 3.68 0 0 1.69 0 0 0 0 0 0 0 0 0 0 0 0 0 0 0 0 0 0 0 0 0 0 0 0 0 0 0 0 0 0 0 0 0 0 0 0 0 0 0 0 0 0 0 0 0 0 0 0 0 0 0 0 0 0 0 0 0 0 0 0 0 0 0 0 0 0 0 0 0 0 0 0 0 0 0 0 0 0 0 0 0 0 0 0 0 0 0 0 0 0 0 0 0 0 0 0 0 0 0 0 0 0 0 0 0 0 0 0 0 0 0 0 4.35 0 0 0 0 0 0 0 0 0 3.1 0 0 0 0 0 0 0 0 0 4.44 0 0 0 0 0 0 0 0 0 3.16 0 0 0 0 0 0 0 0 0 1.29 0 0 0 0 0 0 0 0 0 1.17 0 0 0 0 0 0 0 0 0 0.19 0 0 0 0 0 0 0 0 0 1.87 0 0 0 0 0 0 0 0 0 4.67 0 0 0 0 0 0 0 0 0 4.98 0 0 0 0.92 0 0 0.26 0 0 0 0 0 0 0.97 0 0 0.39 0 0 0 0 0 0 0.13 0 0 0.33 0 0 0 0 0 0 1.66 0 0 4.5 0 0 0 0 0 0 2.44 0 0 2.24 0 0 0 0 0 0 1.68 0 0 1.6 0 0 0 0 0 0 1.65 0 0 0.81 0 0 0 0 0 0 2.11 0 0 2.22 0 0 0 0 0 0 0.71 0 0 0.89 0 0 0 0 0 0 0.34 0 0 2.12 0 0 0 0 0 0 0 0 0 0 0 0 0 0 0 0 0 0 0 0 0 0 0 0 0 0 0 0 0 0 0 0 0 0 0 0 0 0 0 0 0 0 0 0 0 0 0 0 0 0 0 0 0 0 0 0 0 0 0 0 0 0 0 0 0 0 0 0 0 0 0 0 0 0 0 0 0 0 0 0 0 0 0 0 0 0 0 0 0 0 0 0 0 0 0 0 0 0 0 0 0 0 0 0 0 0 0 0 0 0 0 0 2.67 0 0 0 0 0 0 0 0 0 0.95 0 0 0 0 0 0 0 0 0 1.07 0 0 0 0 0 0 0 0 0 0.74 0 0 0 0 0 0 0 0 0 2.33 0 0 0 0 0 0 0 0 0 2.68 0 0 0 0 0 0 0 0 0 2.85 0 0 0 0 0 0 0 0 0 2.07 0 0 0 0 0 0 0 0 0 1.07 0 0 0 0 0 0 0 0 0 3.21 0 0 0 0 0 0 0 0 0 3.31 0 0 0 0 0 0 0 0 0 3.59 0 0 0 0 0 0 0 0 0 1.89 0 0 0 0 0 0 0 0 0 3.89 0 0 0 0 0 0 0 0 0 0.32 0 0 0 0 0 0 0 0 0 2.63 0 0 0 0 0 0 0 0 0 2.07 0 0 0 0 0 0 0 0 0 4.23 0 0 0 0 0 0 0 0 0 2.14 0 0 0 0 0 0 0 0 0 3.26 0 0 0 1.81 0 0 0.57 0 0 0 0 0 0 1.68 0 0 2.42 0 0 0 0 0 0 0.07 0 0 1.55 0 0 0 0 0 0 2.75 0 0 2.32 0 0 0 0 0 0 2.35 0 0 1.72 0 0 0 0 0 0 3.91 0 0 2.02 0 0 0 0 0 0 2.12 0 0 4.22 0 0 0 0 0 0 2.13 0 0 3.9 0 0 0 0 0 0 2.95 0 0 0.71 0 0 0 0 0 0 0.61 0 0 1.71 0 0 0 0 0 0 0 0 0 0 0 0 0 0 0 0 0 0 0 0 0 0 0 0 0 0 0 0 0 0 0 0 0 0 0 0 0 0 0 0 0 0 0 0 0 0 0 0 0 0 0 0 0 0 0 0 0 0 0 0 0 0 0 0 0 0 0 0 0 0 0 0 0 0 0 0 0 0 0 0 0 0 0 0 0 0 0 0 0 0 0 0 0 0 0 0 0 0 0 0 0 0 0 0 0 0 0 0 0 0 0 0 0.15 0 0 0 0 0 0 0 0 0 0.33 0 0 0 0 0 0 0 0 0 2.4 0 0 0 0 0 0 0 0 0 0.62 0 0 0 0 0 0 0 0 0 1.58 0 0 0 0 0 0 0 0 0 4.85 0 0 0 0 0 0 0 0 0 1.17 0 0 0 0 0 0 0 0 0 2.21 0 0 0 0 0 0 0 0 0 0.95 0 0 0 0 0 0 0 0 0 5.88 0 0 0 0.47 0 0 0.64 0 0 0 0 0 0 3.29 0 0 0.72 0 0 0 0 0 0 1.1 0 0 1.4 0 0 0 0 0 0 1.37 0 0 0.47 0 0 0 0 0 0 4.25 0 0 1.2 0 0 0 0 0 0 0.77 0 0 2.47 0 0 0 0 0 0 1.28 0 0 3.5 0 0 0 0 0 0 1.84 0 0 0.44 0 0 0 0 0 0 3.32 0 0 2.47 0 0 0 0 0 0 0.9 0 0 4.51 0 0 0 0 0 0 0 0 0 0 0 0 0 0 0 0 0 0 0 0 0 0 0 0 0 0 0 0 0 0 0 0 0 0 0 0 0 0 0 0 0 0 0 0 0 0 0 0 0 0 0 0 0 0 0 0 0 0 0 0 0 0 0 0 0 0 0 0 0 0 0 0 0 0 0 0 0 0 0 0 0 0 0 0 0 0 0 0 0 0 0 0 0 0 0 0 0 0 0 0 0 0 0 0 0 0 0 0 0 0 0 0 4.69 0 0 0 0 0 0 0 0 0 5.02 0 0 0 0 0 0 0 0 0 2.4 0 0 0 0 0 0 0 0 0 3.42 0 0 0 0 0 0 0 0 0 3.23 0 0 0 0 0 0 0 0 0 2.13 0 0 0 0 0 0 0 0 0 3.28 0 0 0 0 0 0 0 0 0 1.26 0 0 0 0 0 0 0 0 0 0.18 0 0 0 0 0 0 0 0 0 0.61 0 0 0 0.62 0 0 1.54 0 0 0 0 0 0 0.8 0 0 1.59 0 0 0 0 0 0 1.2 0 0 1.58 0 0 0 0 0 0 3.18 0 0 0.91 0 0 0 0 0 0 2.27 0 0 2.04 0 0 0 0 0 0 0.76 0 0 2.83 0 0 0 0 0 0 5.38 0 0 1.72 0 0 0 0 0 0 0.91 0 0 0.34 0 0 0 0 0 0 1.05 0 0 2.93 0 0 0 0 0 0 1.05 0 0 0.62 0 0 0 0 0 0 0 0 0 0 0 0 0 0 0 0 0 0 0 0 0 0 0 0 0 0 0 0 0 0 0 0 0 0 0 0 0 0 0 0 0 0 0 0 0 0 0 0 0 0 0 0 0 0 0 0 0 0 0 0 0 0 0 0 0 0 0 0 0 0 0 0 0 0 0 0 0 0 0 0 0 0 0 0 0 0 0 0 0 0 0 0 0 0 0 0 0 0 0 0 0 0 0 0 0 0 0 0 0 0 0 0 2.52 0 0 0 0 0 0 0 0 0 0.01 0 0 0 0 0 0 0 0 0 1.37 0 0 0 0 0 0 0 0 0 1.79 0 0 0 0 0 0 0 0 0 2.8 0 0 0 0 0 0 0 0 0 3.78 0 0 0 0 0 0 0 0 0 2.02 0 0 0 0 0 0 0 0 0 3.12 0 0 0 0 0 0 0 0 0 3.54 0 0 0 0 0 0 0 0 0 4.93 0 0 0 0 0 0 0 0 0 1.59 0 0 0 0 0 0 0 0 0 2.6 0 0 0 0 0 0 0 0 0 1.27 0 0 0 0 0 0 0 0 0 3.06 0 0 0 0 0 0 0 0 0 1.17 0 0 0 0 0 0 0 0 0 0.21 0 0 0 0 0 0 0 0 0 3.64 0 0 0 0 0 0 0 0 0 1.6 0 0 0 0 0 0 0 0 0 0.14 0 0 0 0 0 0 0 0 0 0.53 0 0 0 0.43 0 0 2.73 0 0 0 0 0 0 4.29 0 0 2.69 0 0 0 0 0 0 3.43 0 0 0.83 0 0 0 0 0 0 3.7 0 0 0.53 0 0 0 0 0 0 0.61 0 0 0.57 0 0 0 0 0 0 3.68 0 0 0.34 0 0 0 0 0 0 2.91 0 0 1.03 0 0 0 0 0 0 2.48 0 0 2.57 0 0 0 0 0 0 0.83 0 0 4.37 0 0 0 0 0 0 1.86 0 0 0.64 0 0 0 0 0 0 0 0 0 0 0 0 0 0 0 0 0 0 0 0 0 0 0 0 0 0 0 0 0 0 0 0 0 0 0 0 0 0 0 0 0 0 0 0 0 0 0 0 0 0 0 0 0 0 0 0 0 0 0 0 0 0 0 0 0 0 0 0 0 0 0 0 0 0 0 0 0 0 0 0 0 0 0 0 0 0 0 0 0 0 0 0 0 0 0 0 0 0 0 0 0 0 0 0 0 0 0 0 0 0 0 0 1.75 0 0 0 0 0 0 0 0 0 0.79 0 0 0 0 0 0 0 0 0 3.97 0 0 0 0 0 0 0 0 0 0.69 0 0 0 0 0 0 0 0 0 2.01 0 0 0 0 0 0 0 0 0 1.6 0 0 0 0 0 0 0 0 0 1.23 0 0 0 0 0 0 0 0 0 4.49 0 0 0 0 0 0 0 0 0 2.15 0 0 0 0 0 0 0 0 0 1.15 0 0 0 0.73 0 0 1.12 0 0 0 0 0 0 2.02 0 0 0.77 0 0 0 0 0 0 1.35 0 0 2.17 0 0 0 0 0 0 0.21 0 0 0.45 0 0 0 0 0 0 2.64 0 0 0.42 0 0 0 0 0 0 3.86 0 0 1.44 0 0 0 0 0 0 0.09 0 0 0.38 0 0 0 0 0 0 1.36 0 0 1.35 0 0 0 0 0 0 0.46 0 0 3.48 0 0 0 0 0 0 0.56 0 0 1.48 0 0 0 0 0 0 0 0 0 0 0 0 0 0 0 0 0 0 0 0 0 0 0 0 0 0 0 0 0 0 0 0 0 0 0 0 0 0 0 0 0 0 0 0 0 0 0 0 0 0 0 0 0 0 0 0 0 0 0 0 0 0 0 0 0 0 0 0 0 0 0 0 0 0 0 0 0 0 0 0 0 0 0 0 0 0 0 0 0 0 0 0 0 0 0 0 0 0 0 0 0 0 0 0 0 0 0 0 0 0 0 0 1.26 0 0 0 0 0 0 0 0 0 0.81 0 0 0 0 0 0 0 0 0 1.06 0 0 0 0 0 0 0 0 0 1.09 0 0 0 0 0 0 0 0 0 0 0 0 0 0 0 0 0 0 0 1.19 0 0 0 0 0 0 0 0 0 1.93 0 0 0 0 0 0 0 0 0 3.93 0 0 0 0 0 0 0 0 0 0.55 0 0 0 0 0 0 0 0 0 0.53 0 0 0 2.03 0 0 1.55 0 0 0 0 0 0 1.22 0 0 2.87 0 0 0 0 0 0 2.15 0 0 2.42 0 0 0 0 0 0 0.37 0 0 0.38 0 0 0 0 0 0 4.35 0 0 0.29 0 0 0 0 0 0 1.13 0 0 3.6 0 0 0 0 0 0 1.86 0 0 2.25 0 0 0 0 0 0 2.98 0 0 0.4 0 0 0 0 0 0 0.39 0 0 3.58 0 0 0 0 0 0 2.74 0 0 1.1 0 0 0 0 0 0 0 0 0 0 0 0 0 0 0 0 0 0 0 0 0 0 0 0 0 0 0 0 0 0 0 0 0 0 0 0 0 0 0 0 0 0 0 0 0 0 0 0 0 0 0 0 0 0 0 0 0 0 0 0 0 0 0 0 0 0 0 0 0 0 0 0 0 0 0 0 0 0 0 0 0 0 0 0 0 0 0 0 0 0 0 0 0 0 0 0 0 0 0 0 0 0 0 0 0 0 0 0 0 0 0 0 3.5 0 0 0 0 0 0 0 0 0 3.72 0 0 0 0 0 0 0 0 0 1.05 0 0 0 0 0 0 0 0 0 4.81 0 0 0 0 0 0 0 0 0 0.61 0 0 0 0 0 0 0 0 0 0.15 0 0 0 0 0 0 0 0 0 1.6 0 0 0 0 0 0 0 0 0 2.72 0 0 0 0 0 0 0 0 0 4.22 0 0 0 0 0 0 0 0 0 0.35 0 0 0 0 0 0 0 0 0 1.18 0 0 0 0 0 0 0 0 0 1.12 0 0 0 0 0 0 0 0 0 1.43 0 0 0 0 0 0 0 0 0 0.92 0 0 0 0 0 0 0 0 0 4.61 0 0 0 0 0 0 0 0 0 5.33 0 0 0 0 0 0 0 0 0 2.44 0 0 0 0 0 0 0 0 0 0.65 0 0 0 0 0 0 0 0 0 2.82 0 0 0 0 0 0 0 0 0 2.8 0 0 0 0.9 0 0 0.54 0 0 0 0 0 0 0.1 0 0 3.72 0 0 0 0 0 0 2.38 0 0 4.7 0 0 0 0 0 0 4.23 0 0 2.35 0 0 0 0 0 0 3.81 0 0 0.18 0 0 0 0 0 0 0.9 0 0 0.36 0 0 0 0 0 0 0.79 0 0 2.11 0 0 0 0 0 0 0.16 0 0 4.22 0 0 0 0 0 0 1.75 0 0 0.84 0 0 0 0 0 0 0.21 0 0 0.74 0 0 0 0 0 0 0 0 0 0 0 0 0 0 0 0 0 0 0 0 0 0 0 0 0 0 0 0 0 0 0 0 0 0 0 0 0 0 0 0 0 0 0 0 0 0 0 0 0 0 0 0 0 0 0 0 0 0 0 0 0 0 0 0 0 0 0 0 0 0 0 0 0 0 0 0 0 0 0 0 0 0 0 0 0 0 0 0 0 0 0 0 0 0 0 0 0 0 0 0 0 0 0 0 0 0 0 0 0 0 0 0 4.39 0 0 0 0 0 0 0 0 0 0.32 0 0 0 0 0 0 0 0 0 4.41 0 0 0 0 0 0 0 0 0 0.59 0 0 0 0 0 0 0 0 0 0.06 0 0 0 0 0 0 0 0 0 0.78 0 0 0 0 0 0 0 0 0 0.54 0 0 0 0 0 0 0 0 0 0.84 0 0 0 0 0 0 0 0 0 1.8 0 0 0 0 0 0 0 0 0 3.82 0 0 0 3.6 0 0 1.17 0 0 0 0 0 0 3.45 0 0 3.22 0 0 0 0 0 0 4.06 0 0 0.22 0 0 0 0 0 0 2.04 0 0 4.55 0 0 0 0 0 0 3.63 0 0 0.99 0 0 0 0 0 0 5.09 0 0 0.96 0 0 0 0 0 0 4.56 0 0 6.09 0 0 0 0 0 0 0.87 0 0 4.34 0 0 0 0 0 0 1.26 0 0 3.28 0 0 0 0 0 0 0.75 0 0 0.38 0 0 0 0 0 0 0 0 0 0 0 0 0 0 0 0 0 0 0 0 0 0 0 0 0 0 0 0 0 0 0 0 0 0 0 0 0 0 0 0 0 0 0 0 0 0 0 0 0 0 0 0 0 0 0 0 0 0 0 0 0 0 0 0 0 0 0 0 0 0 0 0 0 0 0 0 0 0 0 0 0 0 0 0 0 0 0 0 0 0 0 0 0 0 0 0 0 0 0 0 0 0 0 0 0 0 0 0 0 0 0 0 1.24 0 0 0 0 0 0 0 0 0 3.44 0 0 0 0 0 0 0 0 0 2.7 0 0 0 0 0 0 0 0 0 1.51 0 0 0 0 0 0 0 0 0 2.14 0 0 0 0 0 0 0 0 0 1.03 0 0 0 0 0 0 0 0 0 1.84 0 0 0 0 0 0 0 0 0 3.31 0 0 0 0 0 0 0 0 0 1.52 0 0 0 0 0 0 0 0 0 1.67 0 0 0 0.1 0 0 0.83 0 0 0 0 0 0 3.7 0 0 5.47 0 0 0 0 0 0 0.77 0 0 4.91 0 0 0 0 0 0 3.41 0 0 1.9 0 0 0 0 0 0 4.37 0 0 2.2 0 0 0 0 0 0 1.46 0 0 0.93 0 0 0 0 0 0 3.23 0 0 0.8 0 0 0 0 0 0 4.17 0 0 0.22 0 0 0 0 0 0 1.68 0 0 2.69 0 0 0 0 0 0 2.71 0 0 3.78 0 0 0 0 0 0 0 0 0 0 0 0 0 0 0 0 0 0 0 0 0 0 0 0 0 0 0 0 0 0 0 0 0 0 0 0 0 0 0 0 0 0 0 0 0 0 0 0 0 0 0 0 0 0 0 0 0 0 0 0 0 0 0 0 0 0 0 0 0 0 0 0 0 0 0 0 0 0 0 0 0 0 0 0 0 0 0 0 0 0 0 0 0 0 0 0 0 0 0 0 0 0 0 0 0 0 0 0 0 0 0 0 1.02 0 0 0 0 0 0 0 0 0 1.41 0 0 0 0 0 0 0 0 0 2.16 0 0 0 0 0 0 0 0 0 4.55 0 0 0 0 0 0 0 0 0 0.27 0 0 0 0 0 0 0 0 0 1.14 0 0 0 0 0 0 0 0 0 1.33 0 0 0 0 0 0 0 0 0 0.22 0 0 0 0 0 0 0 0 0 1.59 0 0 0 0 0 0 0 0 0 3.8 0 0 0 0 0 0 0 0 0 1.85 0 0 0 0 0 0 0 0 0 3.66 0 0 0 0 0 0 0 0 0 0.51 0 0 0 0 0 0 0 0 0 3.21 0 0 0 0 0 0 0 0 0 0.84 0 0 0 0 0 0 0 0 0 2.14 0 0 0 0 0 0 0 0 0 0.68 0 0 0 0 0 0 0 0 0 5.25 0 0 0 0 0 0 0 0 0 0.28 0 0 0 0 0 0 0 0 0 0.78 0 0 0 1.34 0 0 2.14 0 0 0 0 0 0 0.7 0 0 3.42 0 0 0 0 0 0 1.11 0 0 3.92 0 0 0 0 0 0 2.19 0 0 1.93 0 0 0 0 0 0 0.14 0 0 5.51 0 0 0 0 0 0 0.97 0 0 1.89 0 0 0 0 0 0 2.31 0 0 5.29 0 0 0 0 0 0 1.59 0 0 1.11 0 0 0 0 0 0 2.43 0 0 1.99 0 0 0 0 0 0 2.65 0 0 0.47 0 0 0 0 0 0 0 0 0 0 0 0 0 0 0 0 0 0 0 0 0 0 0 0 0 0 0 0 0 0 0 0 0 0 0 0 0 0 0 0 0 0 0 0 0 0 0 0 0 0 0 0 0 0 0 0 0 0 0 0 0 0 0 0 0 0 0 0 0 0 0 0 0 0 0 0 0 0 0 0 0 0 0 0 0 0 0 0 0 0 0 0 0 0 0 0 0 0 0 0 0 0 0 0 0 0 0 0 0 0 0 0 0.67 0 0 0 0 0 0 0 0 0 0.88 0 0 0 0 0 0 0 0 0 3.27 0 0 0 0 0 0 0 0 0 0.36 0 0 0 0 0 0 0 0 0 1.53 0 0 0 0 0 0 0 0 0 1.92 0 0 0 0 0 0 0 0 0 0.52 0 0 0 0 0 0 0 0 0 3.31 0 0 0 0 0 0 0 0 0 0.26 0 0 0 0 0 0 0 0 0 0.41 0 0 0 1.26 0 0 0.68 0 0 0 0 0 0 4.07 0 0 1.54 0 0 0 0 0 0 2.29 0 0 4.46 0 0 0 0 0 0 4.39 0 0 1.3 0 0 0 0 0 0 0.34 0 0 3.12 0 0 0 0 0 0 0.71 0 0 1.49 0 0 0 0 0 0 0.64 0 0 1.03 0 0 0 0 0 0 0.62 0 0 0.88 0 0 0 0 0 0 4.6 0 0 0.77 0 0 0 0 0 0 2.28 0 0 3.12 0 0 0 0 0 0 0 0 0 0 0 0 0 0 0 0 0 0 0 0 0 0 0 0 0 0 0 0 0 0 0 0 0 0 0 0 0 0 0 0 0 0 0 0 0 0 0 0 0 0 0 0 0 0 0 0 0 0 0 0 0 0 0 0 0 0 0 0 0 0 0 0 0 0 0 0 0 0 0 0 0 0 0 0 0 0 0 0 0 0 0 0 0 0 0 0 0 0 0 0 0 0 0 0 0 0 0 0 0 0 0 0 0.25 0 0 0 0 0 0 0 0 0 0.82 0 0 0 0 0 0 0 0 0 2.2 0 0 0 0 0 0 0 0 0 1.81 0 0 0 0 0 0 0 0 0 2.81 0 0 0 0 0 0 0 0 0 2.14 0 0 0 0 0 0 0 0 0 0.99 0 0 0 0 0 0 0 0 0 0.79 0 0 0 0 0 0 0 0 0 2.4 0 0 0 0 0 0 0 0 0 5.36 0 0 0 3.61 0 0 0.36 0 0 0 0 0 0 1.69 0 0 0.12 0 0 0 0 0 0 5.28 0 0 0.49 0 0 0 0 0 0 5.92 0 0 0.22 0 0 0 0 0 0 1.08 0 0 2.4 0 0 0 0 0 0 0.86 0 0 4.95 0 0 0 0 0 0 2.36 0 0 3.58 0 0 0 0 0 0 1.89 0 0 0.29 0 0 0 0 0 0 2.03 0 0 4.36 0 0 0 0 0 0 2.67 0 0 3.29 0 0 0 0 0 0 0 0 0 0 0 0 0 0 0 0 0 0 0 0 0 0 0 0 0 0 0 0 0 0 0 0 0 0 0 0 0 0 0 0 0 0 0 0 0 0 0 0 0 0 0 0 0 0 0 0 0 0 0 0 0 0 0 0 0 0 0 0 0 0 0 0 0 0 0 0 0 0 0 0 0 0 0 0 0 0 0 0 0 0 0 0 0 0 0 0 0 0 0 0 0 0 0 0 0 0 0 0 0 0 0 0 0.5 0 0 0 0 0 0 0 0 0 1.38 0 0 0 0 0 0 0 0 0 0.13 0 0 0 0 0 0 0 0 0 0.69 0 0 0 0 0 0 0 0 0 5.19 0 0 0 0 0 0 0 0 0 3.02 0 0 0 0 0 0 0 0 0 2.45 0 0 0 0 0 0 0 0 0 4.98 0 0 0 0 0 0 0 0 0 2.18 0 0 0 0 0 0 0 0 0 0.34 0 0 
0 0 0 0 0 0 0 0.93 0 0 0 0 0 0 0 0 0 5.57 0 0 0 0 0 0 0 0 0 2.88 0 0 0 0 0 0 0 0 0 0.15 0 0 0 0 0 0 0 0 0 2.01 0 0 0 0 0 0 0 0 0 2.4 0 0 0 0 0 0 0 0 0 2.23 0 0 0 0 0 0 0 0 0 0.23 0 0 0 0 0 0 0 0 0 0.4 0 0 0 0 0 0 0 0 0 2.61 0 0 0 0.92 0 0 5.01 0 0 0 0 0 0 1.05 0 0 1.38 0 0 0 0 0 0 2.14 0 0 2.66 0 0 0 0 0 0 0.54 0 0 3.57 0 0 0 0 0 0 0.51 0 0 1.34 0 0 0 0 0 0 0.53 0 0 2.42 0 0 0 0 0 0 1.81 0 0 2.29 0 0 0 0 0 0 1.55 0 0 3.97 0 0 0 0 0 0 0.18 0 0 0.39 0 0 0 0 0 0 4.06 0 0 3.05 0 0 0 0 0 0 0 0 0 0 0 0 0 0 0 0 0 0 0 0 0 0 0 0 0 0 0 0 0 0 0 0 0 0 0 0 0 0 0 0 0 0 0 0 0 0 0 0 0 0 0 0 0 0 0 0 0 0 0 0 0 0 0 0 0 0 0 0 0 0 0 0 0 0 0 0 0 0 0 0 0 0 0 0 0 0 0 0 0 0 0 0 0 0 0 0 0 0 0 0 0 0 0 0 0 0 0 0 0 0 0 0 4.22 0 0 0 0 0 0 0 0 0 0.66 0 0 0 0 0 0 0 0 0 3.18 0 0 0 0 0 0 0 0 0 3.87 0 0 0 0 0 0 0 0 0 0.43 0 0 0 0 0 0 0 0 0 1.15 0 0 0 0 0 0 0 0 0 4.22 0 0 0 0 0 0 0 0 0 1.35 0 0 0 0 0 0 0 0 0 0.05 0 0 0 0 0 0 0 0 0 0.28 0 0 0 1.12 0 0 1.2 0 0 0 0 0 0 3.43 0 0 2.18 0 0 0 0 0 0 1.4 0 0 0.72 0 0 0 0 0 0 1.92 0 0 1.11 0 0 0 0 0 0 4.48 0 0 0.85 0 0 0 0 0 0 0.37 0 0 0.46 0 0 0 0 0 0 4.85 0 0 2.69 0 0 0 0 0 0 4.42 0 0 3.42 0 0 0 0 0 0 0.79 0 0 1.04 0 0 0 0 0 0 3.24 0 0 2.52 0 0 0 0 0 0 0 0 0 0 0 0 0 0 0 0 0 0 0 0 0 0 0 0 0 0 0 0 0 0 0 0 0 0 0 0 0 0 0 0 0 0 0 0 0 0 0 0 0 0 0 0 0 0 0 0 0 0 0 0 0 0 0 0 0 0 0 0 0 0 0 0 0 0 0 0 0 0 0 0 0 0 0 0 0 0 0 0 0 0 0 0 0 0 0 0 0 0 0 0 0 0 0 0 0 0 0 0 0 0 0 0 2.72 0 0 0 0 0 0 0 0 0 4.78 0 0 0 0 0 0 0 0 0 4.89 0 0 0 0 0 0 0 0 0 2.27 0 0 0 0 0 0 0 0 0 0.58 0 0 0 0 0 0 0 0 0 0.09 0 0 0 0 0 0 0 0 0 1.75 0 0 0 0 0 0 0 0 0 0.86 0 0 0 0 0 0 0 0 0 6.03 0 0 0 0 0 0 0 0 0 1.83 0 0 0 4.77 0 0 1.81 0 0 0 0 0 0 1.51 0 0 2.41 0 0 0 0 0 0 0.5 0 0 0.83 0 0 0 0 0 0 0.72 0 0 0.26 0 0 0 0 0 0 0.96 0 0 3.23 0 0 0 0 0 0 3.83 0 0 1.42 0 0 0 0 0 0 1.78 0 0 3.7 0 0 0 0 0 0 0.21 0 0 2.35 0 0 0 0 0 0 4.68 0 0 4.06 0 0 0 0 0 0 4.51 0 0 0.83 0 0 0 0 0 0 0 0 0 0 0 0 0 0 0 0 0 0 0 0 0 0 0 0 0 0 0 0 0 0 0 0 0 0 0 0 0 0 0 0 0 0 0 0 0 0 0 0 0 0 0 0 0 0 0 0 0 0 0 0 0 0 0 0 0 0 0 0 0 0 0 0 0 0 0 0 0 0 0 0 0 0 0 0 0 0 0 0 0 0 0 0 0 0 0 0 0 0 0 0 0 0 0 0 0 0 0 0 0 0 0 0 0.64 0 0 0 0 0 0 0 0 0 0.86 0 0 0 0 0 0 0 0 0 3.38 0 0 0 0 0 0 0 0 0 1.68 0 0 0 0 0 0 0 0 0 0.74 0 0 0 0 0 0 0 0 0 0.46 0 0 0 0 0 0 0 0 0 0.89 0 0 0 0 0 0 0 0 0 0.38 0 0 0 0 0 0 0 0 0 3.36 0 0 0 0 0 0 0 0 0 0.43 0 0 0 0 0 0 0 0 0 1.45 0 0 0 0 0 0 0 0 0 5.59 0 0 0 0 0 0 0 0 0 2.84 0 0 0 0 0 0 0 0 0 4.34 0 0 0 0 0 0 0 0 0 4.46 0 0 0 0 0 0 0 0 0 0.8 0 0 0 0 0 0 0 0 0 1.06 0 0 0 0 0 0 0 0 0 3.36 0 0 0 0 0 0 0 0 0 3.21 0 0 0 0 0 0 0 0 0 2.16 0 0 0 4.56 0 0 1.51 0 0 0 0 0 0 1.69 0 0 1.86 0 0 0 0 0 0 2.96 0 0 2.75 0 0 0 0 0 0 3.78 0 0 5.78 0 0 0 0 0 0 2.11 0 0 1.46 0 0 0 0 0 0 4.74 0 0 3.95 0 0 0 0 0 0 3.43 0 0 5 0 0 0 0 0 0 3.45 0 0 4.06 0 0 0 0 0 0 0.25 0 0 1.96 0 0 0 0 0 0 2.46 0 0 2.12 0 0 0 0 0 0 0 0 0 0 0 0 0 0 0 0 0 0 0 0 0 0 0 0 0 0 0 0 0 0 0 0 0 0 0 0 0 0 0 0 0 0 0 0 0 0 0 0 0 0 0 0 0 0 0 0 0 0 0 0 0 0 0 0 0 0 0 0 0 0 0 0 0 0 0 0 0 0 0 0 0 0 0 0 0 0 0 0 0 0 0 0 0 0 0 0 0 0 0 0 0 0 0 0 0 0 0 0 0 0 0 0 3.37 0 0 0 0 0 0 0 0 0 0.73 0 0 0 0 0 0 0 0 0 4.84 0 0 0 0 0 0 0 0 0 0.53 0 0 0 0 0 0 0 0 0 2.69 0 0 0 0 0 0 0 0 0 5.8 0 0 0 0 0 0 0 0 0 1.44 0 0 0 0 0 0 0 0 0 0.55 0 0 0 0 0 0 0 0 0 1.41 0 0 0 0 0 0 0 0 0 1.79 0 0 0 3.53 0 0 0.47 0 0 0 0 0 0 1.42 0 0 0.12 0 0 0 0 0 0 2.16 0 0 4.06 0 0 0 0 0 0 5.34 0 0 3.43 0 0 0 0 0 0 4.46 0 0 2.79 0 0 0 0 0 0 4.41 0 0 4.95 0 0 0 0 0 0 4.95 0 0 0.8 0 0 0 0 0 0 3.44 0 0 0.98 0 0 0 0 0 0 0.39 0 0 5.04 0 0 0 0 0 0 0.29 0 0 3.86 0 0 0 0 0 0 0 0 0 0 0 0 0 0 0 0 0 0 0 0 0 0 0 0 0 0 0 0 0 0 0 0 0 0 0 0 0 0 0 0 0 0 0 0 0 0 0 0 0 0 0 0 0 0 0 0 0 0 0 0 0 0 0 0 0 0 0 0 0 0 0 0 0 0 0 0 0 0 0 0 0 0 0 0 0 0 0 0 0 0 0 0 0 0 0 0 0 0 0 0 0 0 0 0 0 0 0 0 0 0 0 0 3.7 0 0 0 0 0 0 0 0 0 0.2 0 0 0 0 0 0 0 0 0 2.69 0 0 0 0 0 0 0 0 0 4.78 0 0 0 0 0 0 0 0 0 0.67 0 0 0 0 0 0 0 0 0 3.66 0 0 0 0 0 0 0 0 0 3.18 0 0 0 0 0 0 0 0 0 0.69 0 0 0 0 0 0 0 0 0 4.64 0 0 0 0 0 0 0 0 0 2.25 0 0 0 3.32 0 0 1.85 0 0 0 0 0 0 2.55 0 0 2.71 0 0 0 0 0 0 3.17 0 0 3.14 0 0 0 0 0 0 1.07 0 0 4.09 0 0 0 0 0 0 0.31 0 0 1.55 0 0 0 0 0 0 1.59 0 0 3.8 0 0 0 0 0 0 0.17 0 0 0.58 0 0 0 0 0 0 2.82 0 0 0.62 0 0 0 0 0 0 0.52 0 0 0.97 0 0 0 0 0 0 3.77 0 0 0.38 0 0 0 0 0 0 0 0 0 0 0 0 0 0 0 0 0 0 0 0 0 0 0 0 0 0 0 0 0 0 0 0 0 0 0 0 0 0 0 0 0 0 0 0 0 0 0 0 0 0 0 0 0 0 0 0 0 0 0 0 0 0 0 0 0 0 0 0 0 0 0 0 0 0 0 0 0 0 0 0 0 0 0 0 0 0 0 0 0 0 0 0 0 0 0 0 0 0 0 0 0 0 0 0 0 0 0 0 0 0 0 0 0.45 0 0 0 0 0 0 0 0 0 0.49 0 0 0 0 0 0 0 0 0 1.88 0 0 0 0 0 0 0 0 0 3.76 0 0 0 0 0 0 0 0 0 2.23 0 0 0 0 0 0 0 0 0 4.88 0 0 0 0 0 0 0 0 0 0.62 0 0 0 0 0 0 0 0 0 0.55 0 0 0 0 0 0 0 0 0 4.29 0 0 0 0 0 0 0 0 0 2 0 0 0 0 0 0 0 0 0 2.9 0 0 0 0 0 0 0 0 0 0.77 0 0 0 0 0 0 0 0 0 0.86 0 0 0 0 0 0 0 0 0 2.73 0 0 0 0 0 0 0 0 0 1.21 0 0 0 0 0 0 0 0 0 0.11 0 0 0 0 0 0 0 0 0 3.45 0 0 0 0 0 0 0 0 0 2.59 0 0 0 0 0 0 0 0 0 2.91 0 0 0 0 0 0 0 0 0 2.51 0 0 0 1.65 0 0 0.54 0 0 0 0 0 0 0.24 0 0 3.61 0 0 0 0 0 0 1.91 0 0 1.15 0 0 0 0 0 0 1.7 0 0 3.73 0 0 0 0 0 0 0.86 0 0 2.53 0 0 0 0 0 0 3.02 0 0 3.65 0 0 0 0 0 0 3.06 0 0 1.39 0 0 0 0 0 0 1.99 0 0 0.46 0 0 0 0 0 0 5.2 0 0 0.71 0 0 0 0 0 0 2.59 0 0 1.71 0 0 0 0 0 0 0 0 0 0 0 0 0 0 0 0 0 0 0 0 0 0 0 0 0 0 0 0 0 0 0 0 0 0 0 0 0 0 0 0 0 0 0 0 0 0 0 0 0 0 0 0 0 0 0 0 0 0 0 0 0 0 0 0 0 0 0 0 0 0 0 0 0 0 0 0 0 0 0 0 0 0 0 0 0 0 0 0 0 0 0 0 0 0 0 0 0 0 0 0 0 0 0 0 0 0 0 0 0 0 0 0 2.48 0 0 0 0 0 0 0 0 0 0.67 0 0 0 0 0 0 0 0 0 1.25 0 0 0 0 0 0 0 0 0 2.2 0 0 0 0 0 0 0 0 0 1.06 0 0 0 0 0 0 0 0 0 0.22 0 0 0 0 0 0 0 0 0 4.01 0 0 0 0 0 0 0 0 0 0.15 0 0 0 0 0 0 0 0 0 2.77 0 0 0 0 0 0 0 0 0 5.21 0 0 0 5.16 0 0 0.05 0 0 0 0 0 0 1.63 0 0 2.1 0 0 0 0 0 0 1.85 0 0 4.35 0 0 0 0 0 0 3.6 0 0 1.05 0 0 0 0 0 0 0.65 0 0 0.43 0 0 0 0 0 0 0.53 0 0 5.18 0 0 0 0 0 0 3.24 0 0 3.25 0 0 0 0 0 0 4.71 0 0 1.48 0 0 0 0 0 0 4.81 0 0 4.4 0 0 0 0 0 0 0.93 0 0 2.02 0 0 0 0 0 0 0 0 0 0 0 0 0 0 0 0 0 0 0 0 0 0 0 0 0 0 0 0 0 0 0 0 0 0 0 0 0 0 0 0 0 0 0 0 0 0 0 0 0 0 0 0 0 0 0 0 0 0 0 0 0 0 0 0 0 0 0 0 0 0 0 0 0 0 0 0 0 0 0 0 0 0 0 0 0 0 0 0 0 0 0 0 0 0 0 0 0 0 0 0 0 0 0 0 0 0 0 0 0 0 0 0 3.29 0 0 0 0 0 0 0 0 0 0.39 0 0 0 0 0 0 0 0 0 0.18 0 0 0 0 0 0 0 0 0 1.92 0 0 0 0 0 0 0 0 0 3.92 0 0 0 0 0 0 0 0 0 3.64 0 0 0 0 0 0 0 0 0 0.23 0 0 0 0 0 0 0 0 0 5 0 0 0 0 0 0 0 0 0 3.29 0 0 0 0 0 0 0 0 0 4.6 0 0 0 0.87 0 0 0.07 0 0 0 0 0 0 0.4 0 0 0.04 0 0 0 0 0 0 2.24 0 0 3.42 0 0 0 0 0 0 0.07 0 0 1.3 0 0 0 0 0 0 2.39 0 0 0.25 0 0 0 0 0 0 4.18 0 0 4.37 0 0 0 0 0 0 0.41 0 0 0.29 0 0 0 0 0 0 2.24 0 0 5.11 0 0 0 0 0 0 1.41 0 0 4.38 0 0 0 0 0 0 2.02 0 0 5.46 0 0 0 0 0 0 0 0 0 0 0 0 0 0 0 0 0 0 0 0 0 0 0 0 0 0 0 0 0 0 0 0 0 0 0 0 0 0 0 0 0 0 0 0 0 0 0 0 0 0 0 0 0 0 0 0 0 0 0 0 0 0 0 0 0 0 0 0 0 0 0 0 0 0 0 0 0 0 0 0 0 0 0 0 0 0 0 0 0 0 0 0 0 0 0 0 0 0 0 0 0 0 0 0 0 0 0 0 0 0 0 0 0.71 0 0 0 0 0 0 0 0 0 0.65 0 0 0 0 0 0 0 0 0 2.81 0 0 0 0 0 0 0 0 0 1.96 0 0 0 0 0 0 0 0 0 2.97 0 0 0 0 0 0 0 0 0 2.38 0 0 0 0 0 0 0 0 0 0.76 0 0 0 0 0 0 0 0 0 2.85 0 0 0 0 0 0 0 0 0 5.1 0 0 0 0 0 0 0 0 0 1.36 0 0 0 0 0 0 0 0 0 4.07 0 0 0 0 0 0 0 0 0 1.83 0 0 0 0 0 0 0 0 0 3.5 0 0 0 0 0 0 0 0 0 4.76 0 0 0 0 0 0 0 0 0 2.75 0 0 0 0 0 0 0 0 0 0.87 0 0 0 0 0 0 0 0 0 3.95 0 0 0 0 0 0 0 0 0 5.45 0 0 0 0 0 0 0 0 0 2.8 0 0 0 0 0 0 0 0 0 1.07 0 0 0 1.11 0 0 1.87 0 0 0 0 0 0 2.4 0 0 1.16 0 0 0 0 0 0 2.73 0 0 0.14 0 0 0 0 0 0 0.44 0 0 0.78 0 0 0 0 0 0 3.25 0 0 0.24 0 0 0 0 0 0 0.23 0 0 0.22 0 0 0 0 0 0 1.71 0 0 1.46 0 0 0 0 0 0 4.98 0 0 2.33 0 0 0 0 0 0 0.38 0 0 0.95 0 0 0 0 0 0 0.5 0 0 1.24 0 0 0 0 0 0 0 0 0 0 0 0 0 0 0 0 0 0 0 0 0 0 0 0 0 0 0 0 0 0 0 0 0 0 0 0 0 0 0 0 0 0 0 0 0 0 0 0 0 0 0 0 0 0 0 0 0 0 0 0 0 0 0 0 0 0 0 0 0 0 0 0 0 0 0 0 0 0 0 0 0 0 0 0 0 0 0 0 0 0 0 0 0 0 0 0 0 0 0 0 0 0 0 0 0 0 0 0 0 0 0 0 1.21 0 0 0 0 0 0 0 0 0 1.45 0 0 0 0 0 0 0 0 0 3.85 0 0 0 0 0 0 0 0 0 3.32 0 0 0 0 0 0 0 0 0 2.86 0 0 0 0 0 0 0 0 0 4.35 0 0 0 0 0 0 0 0 0 0.44 0 0 0 0 0 0 0 0 0 1.03 0 0 0 0 0 0 0 0 0 3.97 0 0 0 0 0 0 0 0 0 0.13 0 0 0 1.35 0 0 1.98 0 0 0 0 0 0 0.58 0 0 0.48 0 0 0 0 0 0 2.56 0 0 2.01 0 0 0 0 0 0 0.95 0 0 0.39 0 0 0 0 0 0 4.23 0 0 3.09 0 0 0 0 0 0 3.31 0 0 3.61 0 0 0 0 0 0 3.05 0 0 4.14 0 0 0 0 0 0 1.84 0 0 3.54 0 0 0 0 0 0 3.88 0 0 0.16 0 0 0 0 0 0 3.74 0 0 0.87 0 0 0 0 0 0 0 0 0 0 0 0 0 0 0 0 0 0 0 0 0 0 0 0 0 0 0 0 0 0 0 0 0 0 0 0 0 0 0 0 0 0 0 0 0 0 0 0 0 0 0 0 0 0 0 0 0 0 0 0 0 0 0 0 0 0 0 0 0 0 0 0 0 0 0 0 0 0 0 0 0 0 0 0 0 0 0 0 0 0 0 0 0 0 0 0 0 0 0 0 0 0 0 0 0 0 0 0 0 0 0 0 5.01 0 0 0 0 0 0 0 0 0 0.85 0 0 0 0 0 0 0 0 0 0.48 0 0 0 0 0 0 0 0 0 0.69 0 0 0 0 0 0 0 0 0 1.74 0 0 0 0 0 0 0 0 0 0.11 0 0 0 0 0 0 0 0 0 0.59 0 0 0 0 0 0 0 0 0 2.08 0 0 0 0 0 0 0 0 0 0.18 0 0 0 0 0 0 0 0 0 4.98 0 0 0 4.9 0 0 3.17 0 0 0 0 0 0 2.55 0 0 5.15 0 0 0 0 0 0 1.04 0 0 0.46 0 0 0 0 0 0 0.39 0 0 0.09 0 0 0 0 0 0 2.87 0 0 0.33 0 0 0 0 0 0 2.56 0 0 0.89 0 0 0 0 0 0 3.1 0 0 3.31 0 0 0 0 0 0 5.58 0 0 0.63 0 0 0 0 0 0 3.98 0 0 5.64 0 0 0 0 0 0 0.95 0 0 1.64 0 0 0 0 0 0 0 0 0 0 0 0 0 0 0 0 0 0 0 0 0 0 0 0 0 0 0 0 0 0 0 0 0 0 0 0 0 0 0 0 0 0 0 0 0 0 0 0 0 0 0 0 0 0 0 0 0 0 0 0 0 0 0 0 0 0 0 0 0 0 0 0 0 0 0 0 0 0 0 0 0 0 0 0 0 0 0 0 0 0 0 0 0 0 0 0 0 0 0 0 0 0 0 0 0 0 0 0 0 0 0 0 1.38 0 0 0 0 0 0 0 0 0 0.98 0 0 0 0 0 0 0 0 0 3.71 0 0 0 0 0 0 0 0 0 0.83 0 0 0 0 0 0 0 0 0 3.9 0 0 0 0 0 0 0 0 0 1.98 0 0 0 0 0 0 0 0 0 1.02 0 0 0 0 0 0 0 0 0 0.3 0 0 0 0 0 0 0 0 0 1.25 0 0 0 0 0 0 0 0 0 2.31 0 0 0 0 0 0 0 0 0 1.25 0 0 0 0 0 0 0 0 0 0.22 0 0 0 0 0 0 0 0 0 1.09 0 0 0 0 0 0 0 0 0 1.13 0 0 0 0 0 0 0 0 0 1.34 0 0 0 0 0 0 0 0 0 2.45 0 0 0 0 0 0 0 0 0 1.61 0 0 0 0 0 0 0 0 0 5.97 0 0 0 0 0 0 0 0 0 3.38 0 0 0 0 0 0 0 0 0 2.2 0 0 0 0.5 0 0 2.68 0 0 0 0 0 0 3.3 0 0 2.19 0 0 0 0 0 0 0.62 0 0 0.92 0 0 0 0 0 0 3.46 0 0 0.83 0 0 0 0 0 0 0.46 0 0 4.29 0 0 0 0 0 0 3.06 0 0 1.58 0 0 0 0 0 0 0.71 0 0 1.04 0 0 0 0 0 0 0.56 0 0 3.57 0 0 0 0 0 0 0.73 0 0 2.08 0 0 0 0 0 0 5.34 0 0 1.34 0 0 0 0 0 0 0 0 0 0 0 0 0 0 0 0 0 0 0 0 0 0 0 0 0 0 0 0 0 0 0 0 0 0 0 0 0 0 0 0 0 0 0 0 0 0 0 0 0 0 0 0 0 0 0 0 0 0 0 0 0 0 0 0 0 0 0 0 0 0 0 0 0 0 0 0 0 0 0 0 0 0 0 0 0 0 0 0 0 0 0 0 0 0 0 0 0 0 0 0 0 0 0 0 0 0 0 0 0 0 0 0 1.29 0 0 0 0 0 0 0 0 0 2.82 0 0 0 0 0 0 0 0 0 1.35 0 0 0 0 0 0 0 0 0 3.37 0 0 0 0 0 0 0 0 0 0.16 0 0 0 0 0 0 0 0 0 1.34 0 0 0 0 0 0 0 0 0 0.17 0 0 0 0 0 0 0 0 0 0.33 0 0 0 0 0 0 0 0 0 2.61 0 0 0 0 0 0 0 0 0 0.21 0 0 0 2.53 0 0 4.2 0 0 0 0 0 0 5.67 0 0 0.41 0 0 0 0 0 0 2.93 0 0 3.74 0 0 0 0 0 0 0.6 0 0 4.54 0 0 0 0 0 0 1.81 0 0 1.52 0 0 0 0 0 0 4.01 0 0 0.13 0 0 0 0 0 0 1.23 0 0 1.53 0 0 0 0 0 0 0.37 0 0 0.99 0 0 0 0 0 0 0.38 0 0 1.94 0 0 0 0 0 0 2.99 0 0 1.37 0 0 0 0 0 0 0 0 0 0 0 0 0 0 0 0 0 0 0 0 0 0 0 0 0 0 0 0 0 0 0 0 0 0 0 0 0 0 0 0 0 0 0 0 0 0 0 0 0 0 0 0 0 0 0 0 0 0 0 0 0 0 0 0 0 0 0 0 0 0 0 0 0 0 0 0 0 0 0 0 0 0 0 0 0 0 0 0 0 0 0 0 0 0 0 0 0 0 0 0 0 0 0 0 0 0 0 0 0 0 0 0 1.92 0 0 0 0 0 0 0 0 0 1.34 0 0 0 0 0 0 0 0 0 2.27 0 0 0 0 0 0 0 0 0 3.19 0 0 0 0 0 0 0 0 0 4.29 0 0 0 0 0 0 0 0 0 2.13 0 0 0 0 0 0 0 0 0 3.99 0 0 0 0 0 0 0 0 0 1.84 0 0 0 0 0 0 0 0 0 1.88 0 0 0 0 0 0 0 0 0 4.54 0 0 0 2.44 0 0 0.67 0 0 0 0 0 0 4.57 0 0 1.98 0 0 0 0 0 0 3.84 0 0 0.19 0 0 0 0 0 0 1.35 0 0 0.43 0 0 0 0 0 0 1.27 0 0 5.36 0 0 0 0 0 0 1.42 0 0 0.17 0 0 0 0 0 0 2.14 0 0 0.63 0 0 0 0 0 0 1.39 0 0 3.34 0 0 0 0 0 0 0.65 0 0 1.16 0 0 0 0 0 0 4.82 0 0 3.26 0 0 0 0 0 0 0 0 0 0 0 0 0 0 0 0 0 0 0 0 0 0 0 0 0 0 0 0 0 0 0 0 0 0 0 0 0 0 0 0 0 0 0 0 0 0 0 0 0 0 0 0 0 0 0 0 0 0 0 0 0 0 0 0 0 0 0 0 0 0 0 0 0 0 0 0 0 0 0 0 0 0 0 0 0 0 0 0 0 0 0 0 0 0 0 0 0 0 0 0 0 0 0 0 0 0 0 0 0 0 0 0 3.93 0 0 0 0 0 0 0 0 0 1.25 0 0 0 0 0 0 0 0 0 0.68 0 0 0 0 0 0 0 0 0 1.05 0 0 0 0 0 0 0 0 0 1.32 0 0 0 0 0 0 0 0 0 2.12 0 0 0 0 0 0 0 0 0 4.61 0 0 0 0 0 0 0 0 0 5.59 0 0 0 0 0 0 0 0 0 0.74 0 0 0 0 0 0 0 0 0 0.78 0 0 0 0 0 0 0 0 0 2.1 0 0 0 0 0 0 0 0 0 1.17 0 0 0 0 0 0 0 0 0 2.6 0 0 0 0 0 0 0 0 0 2.57 0 0 0 0 0 0 0 0 0 5.46 0 0 0 0 0 0 0 0 0 2.27 0 0 0 0 0 0 0 0 0 3.76 0 0 0 0 0 0 0 0 0 0.99 0 0 0 0 0 0 0 0 0 4.02 0 0 0 0 0 0 0 0 0 1.36 0 0 0 0.06 0 0 3.48 0 0 0 0 0 0 1.29 0 0 3.59 0 0 0 0 0 0 3.62 0 0 3.7 0 0 0 0 0 0 0.29 0 0 0.2 0 0 0 0 0 0 1.62 0 0 0.11 0 0 0 0 0 0 0.73 0 0 5.41 0 0 0 0 0 0 0.88 0 0 0.49 0 0 0 0 0 0 3.59 0 0 0.98 0 0 0 0 0 0 0.66 0 0 3.26 0 0 0 0 0 0 1.55 0 0 0.72 0 0 0 0 0 0 0 0 0 0 0 0 0 0 0 0 0 0 0 0 0 0 0 0 0 0 0 0 0 0 0 0 0 0 0 0 0 0 0 0 0 0 0 0 0 0 0 0 0 0 0 0 0 0 0 0 0 0 0 0 0 0 0 0 0 0 0 0 0 0 0 0 0 0 0 0 0 0 0 0 0 0 0 0 0 0 0 0 0 0 0 0 0 0 0 0 0 0 0 0 0 0 0 0 0 0 0 0 0 0 0 0 1.6 0 0 0 0 0 0 0 0 0 3.92 0 0 0 0 0 0 0 0 0 3.66 0 0 0 0 0 0 0 0 0 0.39 0 0 0 0 0 0 0 0 0 3.72 0 0 0 0 0 0 0 0 0 4.21 0 0 0 0 0 0 0 0 0 0.48 0 0 0 0 0 0 0 0 0 3.55 0 0 0 0 0 0 0 0 0 1.21 0 0 0 0 0 0 0 0 0 6.29 0 0 0 2.3 0 0 0.48 0 0 0 0 0 0 1.2 0 0 4.09 0 0 0 0 0 0 3.18 0 0 1.12 0 0 0 0 0 0 2.49 0 0 0.3 0 0 0 0 0 0 3.98 0 0 0.59 0 0 0 0 0 0 1.73 0 0 0.5 0 0 0 0 0 0 5.29 0 0 5.21 0 0 0 0 0 0 4.23 0 0 3.02 0 0 0 0 0 0 5.24 0 0 1.47 0 0 0 0 0 0 3.5 0 0 1.68 0 0 0 0 0 0 0 0 0 0 0 0 0 0 0 0 0 0 0 0 0 0 0 0 0 0 0 0 0 0 0 0 0 0 0 0 0 0 0 0 0 0 0 0 0 0 0 0 0 0 0 0 0 0 0 0 0 0 0 0 0 0 0 0 0 0 0 0 0 0 0 0 0 0 0 0 0 0 0 0 0 0 0 0 0 0 0 0 0 0 0 0 0 0 0 0 0 0 0 0 0 0 0 0 0 0 0 0 0 0 0 0 4.38 0 0 0 0 0 0 0 0 0 3.13 0 0 0 0 0 0 0 0 0 4.46 0 0 0 0 0 0 0 0 0 3.27 0 0 0 0 0 0 0 0 0 1.56 0 0 0 0 0 0 0 0 0 0.91 0 0 0 0 0 0 0 0 0 0.14 0 0 0 0 0 0 0 0 0 1.64 0 0 0 0 0 0 0 0 0 4.54 0 0 0 0 0 0 0 0 0 4.94 0 0 0 1.05 0 0 0.27 0 0 0 0 0 0 0.83 0 0 0.24 0 0 0 0 0 0 0.11 0 0 0.27 0 0 0 0 0 0 1.54 0 0 4.44 0 0 0 0 0 0 2.16 0 0 2.31 0 0 0 0 0 0 1.83 0 0 1.53 0 0 0 0 0 0 1.64 0 0 0.76 0 0 0 0 0 0 2.19 0 0 2.43 0 0 0 0 0 0 0.65 0 0 0.73 0 0 0 0 0 0 0.25 0 0 2.05 0 0 0 0 0 0 0 0 0 0 0 0 0 0 0 0 0 0 0 0 0 0 0 0 0 0 0 0 0 0 0 0 0 0 0 0 0 0 0 0 0 0 0 0 0 0 0 0 0 0 0 0 0 0 0 0 0 0 0 0 0 0 0 0 0 0 0 0 0 0 0 0 0 0 0 0 0 0 0 0 0 0 0 0 0 0 0 0 0 0 0 0 0 0 0 0 0 0 0 0 0 0 0 0 0 0 0 0 0 0 0 0 2.69 0 0 0 0 0 0 0 0 0 0.8 0 0 0 0 0 0 0 0 0 0.95 0 0 0 0 0 0 0 0 0 0.8 0 0 0 0 0 0 0 0 0 2.31 0 0 0 0 0 0 0 0 0 2.47 0 0 0 0 0 0 0 0 0 3.23 0 0 0 0 0 0 0 0 0 1.91 0 0 0 0 0 0 0 0 0 1.05 0 0 0 0 0 0 0 0 0 3.34 0 0 0 0 0 0 0 0 0 3.38 0 0 0 0 0 0 0 0 0 3.7 0 0 0 0 0 0 0 0 0 1.54 0 0 0 0 0 0 0 0 0 3.78 0 0 0 0 0 0 0 0 0 0.34 0 0 0 0 0 0 0 0 0 2.5 0 0 0 0 0 0 0 0 0 2.13 0 0 0 0 0 0 0 0 0 4.19 0 0 0 0 0 0 0 0 0 2.43 0 0 0 0 0 0 0 0 0 3.69 0 0 0 1.93 0 0 0.57 0 0 0 0 0 0 1.72 0 0 2.18 0 0 0 0 0 0 0.15 0 0 1.61 0 0 0 0 0 0 2.45 0 0 2.46 0 0 0 0 0 0 2.36 0 0 1.7 0 0 0 0 0 0 3.89 0 0 2.1 0 0 0 0 0 0 2.01 0 0 4.21 0 0 0 0 0 0 2.34 0 0 4.01 0 0 0 0 0 0 2.95 0 0 0.65 0 0 0 0 0 0 0.6 0 0 1.93 0 0 0 0 0 0 0 0 0 0 0 0 0 0 0 0 0 0 0 0 0 0 0 0 0 0 0 0 0 0 0 0 0 0 0 0 0 0 0 0 0 0 0 0 0 0 0 0 0 0 0 0 0 0 0 0 0 0 0 0 0 0 0 0 0 0 0 0 0 0 0 0 0 0 0 0 0 0 0 0 0 0 0 0 0 0 0 0 0 0 0 0 0 0 0 0 0 0 0 0 0 0 0 0 0 0 0 0 0 0 0 0 0.11 0 0 0 0 0 0 0 0 0 0.3 0 0 0 0 0 0 0 0 0 2.49 0 0 0 0 0 0 0 0 0 0.64 0 0 0 0 0 0 0 0 0 1.56 0 0 0 0 0 0 0 0 0 4.82 0 0 0 0 0 0 0 0 0 1.32 0 0 0 0 0 0 0 0 0 2.29 0 0 0 0 0 0 0 0 0 0.89 0 0 0 0 0 0 0 0 0 5.7 0 0 0 0.58 0 0 0.74 0 0 0 0 0 0 3.46 0 0 0.64 0 0 0 0 0 0 1.31 0 0 1.34 0 0 0 0 0 0 1.23 0 0 0.42 0 0 0 0 0 0 3.95 0 0 1.09 0 0 0 0 0 0 1 0 0 2.32 0 0 0 0 0 0 1.32 0 0 3.59 0 0 0 0 0 0 1.8 0 0 0.35 0 0 0 0 0 0 3.2 0 0 2.49 0 0 0 0 0 0 1.01 0 0 4.29 0 0 0 0 0 0 0 0 0 0 0 0 0 0 0 0 0 0 0 0 0 0 0 0 0 0 0 0 0 0 0 0 0 0 0 0 0 0 0 0 0 0 0 0 0 0 0 0 0 0 0 0 0 0 0 0 0 0 0 0 0 0 0 0 0 0 0 0 0 0 0 0 0 0 0 0 0 0 0 0 0 0 0 0 0 0 0 0 0 0 0 0 0 0 0 0 0 0 0 0 0 0 0 0 0 0 0 0 0 0 0 0 4.54 0 0 0 0 0 0 0 0 0 5.08 0 0 0 0 0 0 0 0 0 2.16 0 0 0 0 0 0 0 0 0 3.34 0 0 0 0 0 0 0 0 0 3.3 0 0 0 0 0 0 0 0 0 2.12 0 0 0 0 0 0 0 0 0 3.47 0 0 0 0 0 0 0 0 0 1.1 0 0 0 0 0 0 0 0 0 0.21 0 0 0 0 0 0 0 0 0 0.77 0 0 0 0.53 0 0 1.51 0 0 0 0 0 0 0.93 0 0 1.58 0 0 0 0 0 0 1.2 0 0 1.51 0 0 0 0 0 0 3.33 0 0 0.85 0 0 0 0 0 0 2.43 0 0 2.08 0 0 0 0 0 0 0.72 0 0 2.86 0 0 0 0 0 0 5.44 0 0 1.72 0 0 0 0 0 0 1.05 0 0 0.38 0 0 0 0 0 0 0.8 0 0 2.8 0 0 0 0 0 0 1.06 0 0 0.55 0 0 0 0 0 0 0 0 0 0 0 0 0 0 0 0 0 0 0 0 0 0 0 0 0 0 0 0 0 0 0 0 0 0 0 0 0 0 0 0 0 0 0 0 0 0 0 0 0 0 0 0 0 0 0 0 0 0 0 0 0 0 0 0 0 0 0 0 0 0 0 0 0 0 0 0 0 0 0 0 0 0 0 0 0 0 0 0 0 0 0 0 0 0 0 0 0 0 0 0 0 0 0 0 0 0 0 0 0 0 0 0 2.51 0 0 0 0 0 0 0 0 0 0.07 0 0 0 0 0 0 0 0 0 1.62 0 0 0 0 0 0 0 0 0 2.08 0 0 0 0 0 0 0 0 0 2.36 0 0 0 0 0 0 0 0 0 3.67 0 0 0 0 0 0 0 0 0 2.08 0 0 0 0 0 0 0 0 0 3.23 0 0 0 0 0 0 0 0 0 3.68 0 0 0 0 0 0 0 0 0 5.02 0 0 0 0 0 0 0 0 0 1.53 0 0 0 0 0 0 0 0 0 2.14 0 0 0 0 0 0 0 0 0 1.41 0 0 0 0 0 0 0 0 0 2.94 0 0 0 0 0 0 0 0 0 1.03 0 0 0 0 0 0 0 0 0 0.25 0 0 0 0 0 0 0 0 0 3.44 0 0 0 0 0 0 0 0 0 1.76 0 0 0 0 0 0 0 0 0 0.18 0 0 0 0 0 0 0 0 0 0.52 0 0 0 0.51 0 0 2.81 0 0 0 0 0 0 4.19 0 0 2.54 0 0 0 0 0 0 3.44 0 0 0.84 0 0 0 0 0 0 3.88 0 0 0.51 0 0 0 0 0 0 0.53 0 0 0.59 0 0 0 0 0 0 3.63 0 0 0.3 0 0 0 0 0 0 2.83 0 0 0.8 0 0 0 0 0 0 2.43 0 0 2.54 0 0 0 0 0 0 0.91 0 0 4.7 0 0 0 0 0 0 1.87 0 0 0.71 0 0 0 0 0 0 0 0 0 0 0 0 0 0 0 0 0 0 0 0 0 0 0 0 0 0 0 0 0 0 0 0 0 0 0 0 0 0 0 0 0 0 0 0 0 0 0 0 0 0 0 0 0 0 0 0 0 0 0 0 0 0 0 0 0 0 0 0 0 0 0 0 0 0 0 0 0 0 0 0 0 0 0 0 0 0 0 0 0 0 0 0 0 0 0 0 0 0 0 0 0 0 0 0 0 0 0 0 0 0 0 0 1.78 0 0 0 0 0 0 0 0 0 0.86 0 0 0 0 0 0 0 0 0 3.86 0 0 0 0 0 0 0 0 0 0.64 0 0 0 0 0 0 0 0 0 2.19 0 0 0 0 0 0 0 0 0 1.37 0 0 0 0 0 0 0 0 0 1.24 0 0 0 0 0 0 0 0 0 4.65 0 0 0 0 0 0 0 0 0 2.3 0 0 0 0 0 0 0 0 0 1.31 0 0 0 0.67 0 0 0.92 0 0 0 0 0 0 1.83 0 0 0.93 0 0 0 0 0 0 1.35 0 0 1.98 0 0 0 0 0 0 0.21 0 0 0.48 0 0 0 0 0 0 2.49 0 0 0.43 0 0 0 0 0 0 3.92 0 0 1.33 0 0 0 0 0 0 0.14 0 0 0.43 0 0 0 0 0 0 1.35 0 0 1.32 0 0 0 0 0 0 0.43 0 0 3.59 0 0 0 0 0 0 0.43 0 0 1.59 0 0 0 0 0 0 0 0 0 0 0 0 0 0 0 0 0 0 0 0 0 0 0 0 0 0 0 0 0 0 0 0 0 0 0 0 0 0 0 0 0 0 0 0 0 0 0 0 0 0 0 0 0 0 0 0 0 0 0 0 0 0 0 0 0 0 0 0 0 0 0 0 0 0 0 0 0 0 0 0 0 0 0 0 0 0 0 0 0 0 0 0 0 0 0 0 0 0 0 0 0 0 0 0 0 0 0 0 0 0 0 0 1.2 0 0 0 0 0 0 0 0 0 0.88 0 0 0 0 0 0 0 0 0 1.01 0 0 0 0 0 0 0 0 0 1.18 0 0 0 0 0 0 0 0 0 0.06 0 0 0 0 0 0 0 0 0 0.92 0 0 0 0 0 0 0 0 0 1.9 0 0 0 0 0 0 0 0 0 3.67 0 0 0 0 0 0 0 0 0 0.65 0 0 0 0 0 0 0 0 0 0.39 0 0 0 1.9 0 0 1.28 0 0 0 0 0 0 0.95 0 0 2.84 0 0 0 0 0 0 2.02 0 0 2.53 0 0 0 0 0 0 0.35 0 0 0.4 0 0 0 0 0 0 4.37 0 0 0.3 0 0 0 0 0 0 1.1 0 0 3.37 0 0 0 0 0 0 1.76 0 0 2.01 0 0 0 0 0 0 2.53 0 0 0.36 0 0 0 0 0 0 0.35 0 0 3.86 0 0 0 0 0 0 2.7 0 0 0.96 0 0 0 0 0 0 0 0 0 0 0 0 0 0 0 0 0 0 0 0 0 0 0 0 0 0 0 0 0 0 0 0 0 0 0 0 0 0 0 0 0 0 0 0 0 0 0 0 0 0 0 0 0 0 0 0 0 0 0 0 0 0 0 0 0 0 0 0 0 0 0 0 0 0 0 0 0 0 0 0 0 0 0 0 0 0 0 0 0 0 0 0 0 0 0 0 0 0 0 0 0 0 0 0 0 0 0 0 0 0 0 0 3.64 0 0 0 0 0 0 0 0 0 3.63 0 0 0 0 0 0 0 0 0 0.94 0 0 0 0 0 0 0 0 0 4.89 0 0 0 0 0 0 0 0 0 0.75 0 0 0 0 0 0 0 0 0 0.26 0 0 0 0 0 0 0 0 0 1.57 0 0 0 0 0 0 0 0 0 2.79 0 0 0 0 0 0 0 0 0 4.16 0 0 0 0 0 0 0 0 0 0.32 0 0 0 0 0 0 0 0 0 1.05 0 0 0 0 0 0 0 0 0 0.89 0 0 0 0 0 0 0 0 0 1.62 0 0 0 0 0 0 0 0 0 0.96 0 0 0 0 0 0 0 0 0 4.39 0 0 0 0 0 0 0 0 0 5.54 0 0 0 0 0 0 0 0 0 2.29 0 0 0 0 0 0 0 0 0 0.59 0 0 0 0 0 0 0 0 0 2.78 0 0 0 0 0 0 0 0 0 2.79 0 0 0 0.85 0 0 0.48 0 0 0 0 0 0 0.08 0 0 3.63 0 0 0 0 0 0 2.43 0 0 4.82 0 0 0 0 0 0 4.54 0 0 2.37 0 0 0 0 0 0 3.7 0 0 0.16 0 0 0 0 0 0 0.89 0 0 0.37 0 0 0 0 0 0 0.68 0 0 1.96 0 0 0 0 0 0 0.22 0 0 4.39 0 0 0 0 0 0 1.7 0 0 0.68 0 0 0 0 0 0 0.44 0 0 0.66 0 0 0 0 0 0 0 0 0 0 0 0 0 0 0 0 0 0 0 0 0 0 0 0 0 0 0 0 0 0 0 0 0 0 0 0 0 0 0 0 0 0 0 0 0 0 0 0 0 0 0 0 0 0 0 0 0 0 0 0 0 0 0 0 0 0 0 0 0 0 0 0 0 0 0 0 0 0 0 0 0 0 0 0 0 0 0 0 0 0 0 0 0 0 0 0 0 0 0 0 0 0 0 0 0 0 0 0 0 0 0 0 4.35 0 0 0 0 0 0 0 0 0 0.38 0 0 0 0 0 0 0 0 0 4.61 0 0 0 0 0 0 0 0 0 0.58 0 0 0 0 0 0 0 0 0 0.09 0 0 0 0 0 0 0 0 0 0.53 0 0 0 0 0 0 0 0 0 0.57 0 0 0 0 0 0 0 0 0 1.02 0 0 0 0 0 0 0 0 0 1.46 0 0 0 0 0 0 0 0 0 3.93 0 0 0 3.83 0 0 1.61 0 0 0 0 0 0 3.49 0 0 3.06 0 0 0 0 0 0 3.88 0 0 0.27 0 0 0 0 0 0 1.75 0 0 4.54 0 0 0 0 0 0 3.74 0 0 1.06 0 0 0 0 0 0 4.8 0 0 0.95 0 0 0 0 0 0 4.31 0 0 5.81 0 0 0 0 0 0 0.93 0 0 4.24 0 0 0 0 0 0 1.24 0 0 3.27 0 0 0 0 0 0 0.79 0 0 0.48 0 0 0 0 0 0 0 0 0 0 0 0 0 0 0 0 0 0 0 0 0 0 0 0 0 0 0 0 0 0 0 0 0 0 0 0 0 0 0 0 0 0 0 0 0 0 0 0 0 0 0 0 0 0 0 0 0 0 0 0 0 0 0 0 0 0 0 0 0 0 0 0 0 0 0 0 0 0 0 0 0 0 0 0 0 0 0 0 0 0 0 0 0 0 0 0 0 0 0 0 0 0 0 0 0 0 0 0 0 0 0 0 1.09 0 0 0 0 0 0 0 0 0 3.52 0 0 0 0 0 0 0 0 0 2.66 0 0 0 0 0 0 0 0 0 1.57 0 0 0 0 0 0 0 0 0 2.1 0 0 0 0 0 0 0 0 0 1.17 0 0 0 0 0 0 0 0 0 1.83 0 0 0 0 0 0 0 0 0 3.37 0 0 0 0 0 0 0 0 0 1.61 0 0 0 0 0 0 0 0 0 1.51 0 0 0 0.11 0 0 1.02 0 0 0 0 0 0 4.08 0 0 5.61 0 0 0 0 0 0 0.84 0 0 4.9 0 0 0 0 0 0 3.5 0 0 1.81 0 0 0 0 0 0 4.37 0 0 2.24 0 0 0 0 0 0 1.49 0 0 1.18 0 0 0 0 0 0 3.16 0 0 0.77 0 0 0 0 0 0 4.14 0 0 0.26 0 0 0 0 0 0 1.57 0 0 2.71 0 0 0 0 0 0 2.66 0 0 3.53 0 0 0 0 0 0 0 0 0 0 0 0 0 0 0 0 0 0 0 0 0 0 0 0 0 0 0 0 0 0 0 0 0 0 0 0 0 0 0 0 0 0 0 0 0 0 0 0 0 0 0 0 0 0 0 0 0 0 0 0 0 0 0 0 0 0 0 0 0 0 0 0 0 0 0 0 0 0 0 0 0 0 0 0 0 0 0 0 0 0 0 0 0 0 0 0 0 0 0 0 0 0 0 0 0 0 0 0 0 0 0 0 0.94 0 0 0 0 0 0 0 0 0 1.62 0 0 0 0 0 0 0 0 0 2.17 0 0 0 0 0 0 0 0 0 4.3 0 0 0 0 0 0 0 0 0 0.32 0 0 0 0 0 0 0 0 0 1.33 0 0 0 0 0 0 0 0 0 1.36 0 0 0 0 0 0 0 0 0 0.22 0 0 0 0 0 0 0 0 0 1.52 0 0 0 0 0 0 0 0 0 3.78 0 0 0 0 0 0 0 0 0 1.66 0 0 0 0 0 0 0 0 0 3.45 0 0 0 0 0 0 0 0 0 0.34 0 0 0 0 0 0 0 0 0 3.15 0 0 0 0 0 0 0 0 0 0.77 0 0 0 0 0 0 0 0 0 2.58 0 0 0 0 0 0 0 0 0 0.69 0 0 0 0 0 0 0 0 0 5.33 0 0 0 0 0 0 0 0 0 0.25 0 0 0 0 0 0 0 0 0 0.76 0 0 0 1.48 0 0 2.32 0 0 0 0 0 0 0.69 0 0 3.22 0 0 0 0 0 0 1.05 0 0 4.11 0 0 0 0 0 0 2.49 0 0 1.81 0 0 0 0 0 0 0.26 0 0 5.51 0 0 0 0 0 0 1.02 0 0 1.81 0 0 0 0 0 0 2.5 0 0 5.21 0 0 0 0 0 0 1.48 0 0 1.3 0 0 0 0 0 0 2.6 0 0 1.8 0 0 0 0 0 0 2.68 0 0 0.43 0 0 0 0 0 0 0 0 0 0 0 0 0 0 0 0 0 0 0 0 0 0 0 0 0 0 0 0 0 0 0 0 0 0 0 0 0 0 0 0 0 0 0 0 0 0 0 0 0 0 0 0 0 0 0 0 0 0 0 0 0 0 0 0 0 0 0 0 0 0 0 0 0 0 0 0 0 0 0 0 0 0 0 0 0 0 0 0 0 0 0 0 0 0 0 0 0 0 0 0 0 0 0 0 0 0 0 0 0 0 0 0 0.89 0 0 0 0 0 0 0 0 0 0.83 0 0 0 0 0 0 0 0 0 3.39 0 0 0 0 0 0 0 0 0 0.41 0 0 0 0 0 0 0 0 0 1.58 0 0 0 0 0 0 0 0 0 2.28 0 0 0 0 0 0 0 0 0 0.7 0 0 0 0 0 0 0 0 0 3.08 0 0 0 0 0 0 0 0 0 0.26 0 0 0 0 0 0 0 0 0 0.3 0 0 0 1.14 0 0 0.84 0 0 0 0 0 0 4.41 0 0 1.32 0 0 0 0 0 0 2.28 0 0 4.52 0 0 0 0 0 0 4.33 0 0 1.1 0 0 0 0 0 0 0.3 0 0 3.02 0 0 0 0 0 0 0.75 0 0 1.47 0 0 0 0 0 0 0.75 0 0 0.89 0 0 0 0 0 0 0.56 0 0 0.85 0 0 0 0 0 0 4.67 0 0 0.89 0 0 0 0 0 0 2.21 0 0 3.41 0 0 0 0 0 0 0 0 0 0 0 0 0 0 0 0 0 0 0 0 0 0 0 0 0 0 0 0 0 0 0 0 0 0 0 0 0 0 0 0 0 0 0 0 0 0 0 0 0 0 0 0 0 0 0 0 0 0 0 0 0 0 0 0 0 0 0 0 0 0 0 0 0 0 0 0 0 0 0 0 0 0 0 0 0 0 0 0 0 0 0 0 0 0 0 0 0 0 0 0 0 0 0 0 0 0 0 0 0 0 0 0 0.25 0 0 0 0 0 0 0 0 0 0.82 0 0 0 0 0 0 0 0 0 1.94 0 0 0 0 0 0 0 0 0 1.8 0 0 0 0 0 0 0 0 0 2.61 0 0 0 0 0 0 0 0 0 2.02 0 0 0 0 0 0 0 0 0 0.94 0 0 0 0 0 0 0 0 0 0.55 0 0 0 0 0 0 0 0 0 2.56 0 0 0 0 0 0 0 0 0 5.33 0 0 0 3.66 0 0 0.37 0 0 0 0 0 0 1.87 0 0 0.08 0 0 0 0 0 0 5.24 0 0 0.6 0 0 0 0 0 0 5.71 0 0 0.21 0 0 0 0 0 0 1.18 0 0 2.52 0 0 0 0 0 0 0.97 0 0 4.98 0 0 0 0 0 0 2.24 0 0 3.41 0 0 0 0 0 0 1.68 0 0 0.26 0 0 0 0 0 0 1.91 0 0 4.31 0 0 0 0 0 0 2.69 0 0 3.44 0 0 0 0 0 0 0 0 0 0 0 0 0 0 0 0 0 0 0 0 0 0 0 0 0 0 0 0 0 0 0 0 0 0 0 0 0 0 0 0 0 0 0 0 0 0 0 0 0 0 0 0 0 0 0 0 0 0 0 0 0 0 0 0 0 0 0 0 0 0 0 0 0 0 0 0 0 0 0 0 0 0 0 0 0 0 0 0 0 0 0 0 0 0 0 0 0 0 0 0 0 0 0 0 0 0 0 0 0 0 0 0 0.67 0 0 0 0 0 0 0 0 0 1.19 0 0 0 0 0 0 0 0 0 0.14 0 0 0 0 0 0 0 0 0 0.81 0 0 0 0 0 0 0 0 0 5.21 0 0 0 0 0 0 0 0 0 2.86 0 0 0 0 0 0 0 0 0 2.37 0 0 0 0 0 0 0 0 0 4.54 0 0 0 0 0 0 0 0 0 2 0 0 0 0 0 0 0 0 0 0.4 0 0 
0 0 0 0 0 0 0 1.02 0 0 0 0 0 0 0 0 0 5.68 0 0 0 0 0 0 0 0 0 2.99 0 0 0 0 0 0 0 0 0 0.11 0 0 0 0 0 0 0 0 0 2.26 0 0 0 0 0 0 0 0 0 2.56 0 0 0 0 0 0 0 0 0 2.22 0 0 0 0 0 0 0 0 0 0.22 0 0 0 0 0 0 0 0 0 0.42 0 0 0 0 0 0 0 0 0 2.39 0 0 0 0.76 0 0 4.88 0 0 0 0 0 0 1 0 0 1.1 0 0 0 0 0 0 2.11 0 0 2.91 0 0 0 0 0 0 0.52 0 0 3.52 0 0 0 0 0 0 0.47 0 0 1.33 0 0 0 0 0 0 0.54 0 0 2.33 0 0 0 0 0 0 2.09 0 0 1.93 0 0 0 0 0 0 1.52 0 0 3.79 0 0 0 0 0 0 0.18 0 0 0.51 0 0 0 0 0 0 4.06 0 0 3.11 0 0 0 0 0 0 0 0 0 0 0 0 0 0 0 0 0 0 0 0 0 0 0 0 0 0 0 0 0 0 0 0 0 0 0 0 0 0 0 0 0 0 0 0 0 0 0 0 0 0 0 0 0 0 0 0 0 0 0 0 0 0 0 0 0 0 0 0 0 0 0 0 0 0 0 0 0 0 0 0 0 0 0 0 0 0 0 0 0 0 0 0 0 0 0 0 0 0 0 0 0 0 0 0 0 0 0 0 0 0 0 0 4.51 0 0 0 0 0 0 0 0 0 0.77 0 0 0 0 0 0 0 0 0 3.35 0 0 0 0 0 0 0 0 0 3.72 0 0 0 0 0 0 0 0 0 0.46 0 0 0 0 0 0 0 0 0 1.15 0 0 0 0 0 0 0 0 0 4.53 0 0 0 0 0 0 0 0 0 1.46 0 0 0 0 0 0 0 0 0 0.08 0 0 0 0 0 0 0 0 0 0.27 0 0 0 1.06 0 0 1.25 0 0 0 0 0 0 3.45 0 0 2.42 0 0 0 0 0 0 1.56 0 0 0.84 0 0 0 0 0 0 1.82 0 0 1.16 0 0 0 0 0 0 4.57 0 0 0.85 0 0 0 0 0 0 0.33 0 0 0.46 0 0 0 0 0 0 4.49 0 0 2.46 0 0 0 0 0 0 4.28 0 0 3.14 0 0 0 0 0 0 0.74 0 0 1.09 0 0 0 0 0 0 3.13 0 0 2.73 0 0 0 0 0 0 0 0 0 0 0 0 0 0 0 0 0 0 0 0 0 0 0 0 0 0 0 0 0 0 0 0 0 0 0 0 0 0 0 0 0 0 0 0 0 0 0 0 0 0 0 0 0 0 0 0 0 0 0 0 0 0 0 0 0 0 0 0 0 0 0 0 0 0 0 0 0 0 0 0 0 0 0 0 0 0 0 0 0 0 0 0 0 0 0 0 0 0 0 0 0 0 0 0 0 0 0 0 0 0 0 0 2.35 0 0 0 0 0 0 0 0 0 4.72 0 0 0 0 0 0 0 0 0 5.04 0 0 0 0 0 0 0 0 0 2.57 0 0 0 0 0 0 0 0 0 0.68 0 0 0 0 0 0 0 0 0 0.14 0 0 0 0 0 0 0 0 0 1.87 0 0 0 0 0 0 0 0 0 0.71 0 0 0 0 0 0 0 0 0 6.01 0 0 0 0 0 0 0 0 0 1.96 0 0 0 4.61 0 0 1.8 0 0 0 0 0 0 1.41 0 0 2.15 0 0 0 0 0 0 0.61 0 0 0.8 0 0 0 0 0 0 0.63 0 0 0.35 0 0 0 0 0 0 1 0 0 3.08 0 0 0 0 0 0 3.69 0 0 1.54 0 0 0 0 0 0 1.85 0 0 3.49 0 0 0 0 0 0 0.18 0 0 2.37 0 0 0 0 0 0 4.55 0 0 4.33 0 0 0 0 0 0 4.69 0 0 0.77 0 0 0 0 0 0 0 0 0 0 0 0 0 0 0 0 0 0 0 0 0 0 0 0 0 0 0 0 0 0 0 0 0 0 0 0 0 0 0 0 0 0 0 0 0 0 0 0 0 0 0 0 0 0 0 0 0 0 0 0 0 0 0 0 0 0 0 0 0 0 0 0 0 0 0 0 0 0 0 0 0 0 0 0 0 0 0 0 0 0 0 0 0 0 0 0 0 0 0 0 0 0 0 0 0 0 0 0 0 0 0 0 0.7 0 0 0 0 0 0 0 0 0 0.67 0 0 0 0 0 0 0 0 0 3.37 0 0 0 0 0 0 0 0 0 1.55 0 0 0 0 0 0 0 0 0 0.87 0 0 0 0 0 0 0 0 0 0.47 0 0 0 0 0 0 0 0 0 1.06 0 0 0 0 0 0 0 0 0 0.37 0 0 0 0 0 0 0 0 0 3.53 0 0 0 0 0 0 0 0 0 0.47 0 0 0 0 0 0 0 0 0 1.6 0 0 0 0 0 0 0 0 0 5.51 0 0 0 0 0 0 0 0 0 3.06 0 0 0 0 0 0 0 0 0 4.32 0 0 0 0 0 0 0 0 0 4.17 0 0 0 0 0 0 0 0 0 0.71 0 0 0 0 0 0 0 0 0 0.91 0 0 0 0 0 0 0 0 0 3.6 0 0 0 0 0 0 0 0 0 3.1 0 0 0 0 0 0 0 0 0 2.19 0 0 0 4.58 0 0 1.16 0 0 0 0 0 0 1.48 0 0 1.93 0 0 0 0 0 0 2.75 0 0 2.69 0 0 0 0 0 0 3.95 0 0 5.47 0 0 0 0 0 0 2.16 0 0 1.68 0 0 0 0 0 0 4.76 0 0 4.32 0 0 0 0 0 0 3.3 0 0 5.14 0 0 0 0 0 0 3.36 0 0 4.3 0 0 0 0 0 0 0.23 0 0 2.1 0 0 0 0 0 0 2.39 0 0 2.35 0 0 0 0 0 0 0 0 0 0 0 0 0 0 0 0 0 0 0 0 0 0 0 0 0 0 0 0 0 0 0 0 0 0 0 0 0 0 0 0 0 0 0 0 0 0 0 0 0 0 0 0 0 0 0 0 0 0 0 0 0 0 0 0 0 0 0 0 0 0 0 0 0 0 0 0 0 0 0 0 0 0 0 0 0 0 0 0 0 0 0 0 0 0 0 0 0 0 0 0 0 0 0 0 0 0 0 0 0 0 0 0 3.22 0 0 0 0 0 0 0 0 0 0.62 0 0 0 0 0 0 0 0 0 4.91 0 0 0 0 0 0 0 0 0 0.65 0 0 0 0 0 0 0 0 0 2.66 0 0 0 0 0 0 0 0 0 5.61 0 0 0 0 0 0 0 0 0 1.33 0 0 0 0 0 0 0 0 0 0.68 0 0 0 0 0 0 0 0 0 1.43 0 0 0 0 0 0 0 0 0 2.05 0 0 0 3.39 0 0 0.72 0 0 0 0 0 0 1.66 0 0 0.17 0 0 0 0 0 0 2.43 0 0 4.26 0 0 0 0 0 0 5.38 0 0 3.28 0 0 0 0 0 0 4.26 0 0 2.68 0 0 0 0 0 0 4.49 0 0 4.98 0 0 0 0 0 0 5.19 0 0 0.66 0 0 0 0 0 0 3.34 0 0 0.92 0 0 0 0 0 0 0.3 0 0 4.9 0 0 0 0 0 0 0.29 0 0 3.82 0 0 0 0 0 0 0 0 0 0 0 0 0 0 0 0 0 0 0 0 0 0 0 0 0 0 0 0 0 0 0 0 0 0 0 0 0 0 0 0 0 0 0 0 0 0 0 0 0 0 0 0 0 0 0 0 0 0 0 0 0 0 0 0 0 0 0 0 0 0 0 0 0 0 0 0 0 0 0 0 0 0 0 0 0 0 0 0 0 0 0 0 0 0 0 0 0 0 0 0 0 0 0 0 0 0 0 0 0 0 0 0 3.68 0 0 0 0 0 0 0 0 0 0.24 0 0 0 0 0 0 0 0 0 2.85 0 0 0 0 0 0 0 0 0 4.78 0 0 0 0 0 0 0 0 0 0.54 0 0 0 0 0 0 0 0 0 3.84 0 0 0 0 0 0 0 0 0 3.5 0 0 0 0 0 0 0 0 0 0.68 0 0 0 0 0 0 0 0 0 4.81 0 0 0 0 0 0 0 0 0 2.21 0 0 0 3.77 0 0 1.92 0 0 0 0 0 0 2.41 0 0 2.92 0 0 0 0 0 0 3.32 0 0 3.31 0 0 0 0 0 0 0.96 0 0 4.1 0 0 0 0 0 0 0.35 0 0 1.5 0 0 0 0 0 0 1.63 0 0 4.25 0 0 0 0 0 0 0.11 0 0 0.52 0 0 0 0 0 0 3.02 0 0 0.73 0 0 0 0 0 0 0.6 0 0 0.81 0 0 0 0 0 0 3.77 0 0 0.4 0 0 0 0 0 0 0 0 0 0 0 0 0 0 0 0 0 0 0 0 0 0 0 0 0 0 0 0 0 0 0 0 0 0 0 0 0 0 0 0 0 0 0 0 0 0 0 0 0 0 0 0 0 0 0 0 0 0 0 0 0 0 0 0 0 0 0 0 0 0 0 0 0 0 0 0 0 0 0 0 0 0 0 0 0 0 0 0 0 0 0 0 0 0 0 0 0 0 0 0 0 0 0 0 0 0 0 0 0 0 0 0 0.48 0 0 0 0 0 0 0 0 0 0.58 0 0 0 0 0 0 0 0 0 1.68 0 0 0 0 0 0 0 0 0 3.87 0 0 0 0 0 0 0 0 0 2.06 0 0 0 0 0 0 0 0 0 5.13 0 0 0 0 0 0 0 0 0 0.59 0 0 0 0 0 0 0 0 0 0.55 0 0 0 0 0 0 0 0 0 4.53 0 0 0 0 0 0 0 0 0 2.12 0 0 0 0 0 0 0 0 0 2.85 0 0 0 0 0 0 0 0 0 0.82 0 0 0 0 0 0 0 0 0 0.81 0 0 0 0 0 0 0 0 0 2.73 0 0 0 0 0 0 0 0 0 1.24 0 0 0 0 0 0 0 0 0 0.13 0 0 0 0 0 0 0 0 0 3.52 0 0 0 0 0 0 0 0 0 2.5 0 0 0 0 0 0 0 0 0 3.03 0 0 0 0 0 0 0 0 0 2.21 0 0 0 1.79 0 0 0.54 0 0 0 0 0 0 0.18 0 0 3.49 0 0 0 0 0 0 1.65 0 0 1.1 0 0 0 0 0 0 1.58 0 0 3.74 0 0 0 0 0 0 0.96 0 0 2.81 0 0 0 0 0 0 2.84 0 0 3.78 0 0 0 0 0 0 2.92 0 0 1.64 0 0 0 0 0 0 1.81 0 0 0.64 0 0 0 0 0 0 5.31 0 0 0.57 0 0 0 0 0 0 2.42 0 0 1.76 0 0 0 0 0 0 0 0 0 0 0 0 0 0 0 0 0 0 0 0 0 0 0 0 0 0 0 0 0 0 0 0 0 0 0 0 0 0 0 0 0 0 0 0 0 0 0 0 0 0 0 0 0 0 0 0 0 0 0 0 0 0 0 0 0 0 0 0 0 0 0 0 0 0 0 0 0 0 0 0 0 0 0 0 0 0 0 0 0 0 0 0 0 0 0 0 0 0 0 0 0 0 0 0 0 0 0 0 0 0 0 0 2.06 0 0 0 0 0 0 0 0 0 0.67 0 0 0 0 0 0 0 0 0 1.47 0 0 0 0 0 0 0 0 0 2.33 0 0 0 0 0 0 0 0 0 0.97 0 0 0 0 0 0 0 0 0 0.15 0 0 0 0 0 0 0 0 0 4.21 0 0 0 0 0 0 0 0 0 0.12 0 0 0 0 0 0 0 0 0 2.96 0 0 0 0 0 0 0 0 0 5.19 0 0 0 5.08 0 0 0.1 0 0 0 0 0 0 1.57 0 0 2 0 0 0 0 0 0 1.63 0 0 4.21 0 0 0 0 0 0 3.93 0 0 1.17 0 0 0 0 0 0 0.69 0 0 0.35 0 0 0 0 0 0 0.43 0 0 4.76 0 0 0 0 0 0 3.4 0 0 3.14 0 0 0 0 0 0 4.73 0 0 1.48 0 0 0 0 0 0 4.78 0 0 4.25 0 0 0 0 0 0 0.82 0 0 2 0 0 0 0 0 0 0 0 0 0 0 0 0 0 0 0 0 0 0 0 0 0 0 0 0 0 0 0 0 0 0 0 0 0 0 0 0 0 0 0 0 0 0 0 0 0 0 0 0 0 0 0 0 0 0 0 0 0 0 0 0 0 0 0 0 0 0 0 0 0 0 0 0 0 0 0 0 0 0 0 0 0 0 0 0 0 0 0 0 0 0 0 0 0 0 0 0 0 0 0 0 0 0 0 0 0 0 0 0 0 0 0 3.26 0 0 0 0 0 0 0 0 0 0.46 0 0 0 0 0 0 0 0 0 0.22 0 0 0 0 0 0 0 0 0 1.9 0 0 0 0 0 0 0 0 0 3.87 0 0 0 0 0 0 0 0 0 4.01 0 0 0 0 0 0 0 0 0 0.2 0 0 0 0 0 0 0 0 0 5.02 0 0 0 0 0 0 0 0 0 3.49 0 0 0 0 0 0 0 0 0 4.42 0 0 0 0.94 0 0 0.12 0 0 0 0 0 0 0.22 0 0 0.05 0 0 0 0 0 0 2.2 0 0 3.3 0 0 0 0 0 0 0.06 0 0 1.15 0 0 0 0 0 0 2.67 0 0 0.19 0 0 0 0 0 0 4.26 0 0 4.36 0 0 0 0 0 0 0.44 0 0 0.35 0 0 0 0 0 0 2.11 0 0 5.34 0 0 0 0 0 0 1.59 0 0 4.55 0 0 0 0 0 0 1.99 0 0 5.26 0 0 0 0 0 0 0 0 0 0 0 0 0 0 0 0 0 0 0 0 0 0 0 0 0 0 0 0 0 0 0 0 0 0 0 0 0 0 0 0 0 0 0 0 0 0 0 0 0 0 0 0 0 0 0 0 0 0 0 0 0 0 0 0 0 0 0 0 0 0 0 0 0 0 0 0 0 0 0 0 0 0 0 0 0 0 0 0 0 0 0 0 0 0 0 0 0 0 0 0 0 0 0 0 0 0 0 0 0 0 0 0 0.84 0 0 0 0 0 0 0 0 0 0.55 0 0 0 0 0 0 0 0 0 3.01 0 0 0 0 0 0 0 0 0 2.1 0 0 0 0 0 0 0 0 0 2.83 0 0 0 0 0 0 0 0 0 2.45 0 0 0 0 0 0 0 0 0 0.83 0 0 0 0 0 0 0 0 0 3.1 0 0 0 0 0 0 0 0 0 4.93 0 0 0 0 0 0 0 0 0 1.37 0 0 0 0 0 0 0 0 0 4.17 0 0 0 0 0 0 0 0 0 1.95 0 0 0 0 0 0 0 0 0 3.74 0 0 0 0 0 0 0 0 0 4.56 0 0 0 0 0 0 0 0 0 2.72 0 0 0 0 0 0 0 0 0 0.71 0 0 0 0 0 0 0 0 0 3.85 0 0 0 0 0 0 0 0 0 5.66 0 0 0 0 0 0 0 0 0 2.8 0 0 0 0 0 0 0 0 0 1.03 0 0 0 0.98 0 0 2.08 0 0 0 0 0 0 2.43 0 0 1.16 0 0 0 0 0 0 2.77 0 0 0.19 0 0 0 0 0 0 0.41 0 0 0.86 0 0 0 0 0 0 3.15 0 0 0.23 0 0 0 0 0 0 0.18 0 0 0.36 0 0 0 0 0 0 1.78 0 0 1.35 0 0 0 0 0 0 4.68 0 0 2.46 0 0 0 0 0 0 0.51 0 0 0.98 0 0 0 0 0 0 0.35 0 0 1.17 0 0 0 0 0 0 0 0 0 0 0 0 0 0 0 0 0 0 0 0 0 0 0 0 0 0 0 0 0 0 0 0 0 0 0 0 0 0 0 0 0 0 0 0 0 0 0 0 0 0 0 0 0 0 0 0 0 0 0 0 0 0 0 0 0 0 0 0 0 0 0 0 0 0 0 0 0 0 0 0 0 0 0 0 0 0 0 0 0 0 0 0 0 0 0 0 0 0 0 0 0 0 0 0 0 0 0 0 0 0 0 0 1.3 0 0 0 0 0 0 0 0 0 1.27 0 0 0 0 0 0 0 0 0 3.84 0 0 0 0 0 0 0 0 0 3.11 0 0 0 0 0 0 0 0 0 2.69 0 0 0 0 0 0 0 0 0 4.06 0 0 0 0 0 0 0 0 0 0.29 0 0 0 0 0 0 0 0 0 0.99 0 0 0 0 0 0 0 0 0 3.85 0 0 0 0 0 0 0 0 0 0.17 0 0 0 1.4 0 0 2.15 0 0 0 0 0 0 0.77 0 0 0.47 0 0 0 0 0 0 2.57 0 0 2.38 0 0 0 0 0 0 1.01 0 0 0.42 0 0 0 0 0 0 4.06 0 0 3.12 0 0 0 0 0 0 3.29 0 0 3.83 0 0 0 0 0 0 3.21 0 0 3.96 0 0 0 0 0 0 1.91 0 0 3.7 0 0 0 0 0 0 3.62 0 0 0.1 0 0 0 0 0 0 3.47 0 0 0.9 0 0 0 0 0 0 0 0 0 0 0 0 0 0 0 0 0 0 0 0 0 0 0 0 0 0 0 0 0 0 0 0 0 0 0 0 0 0 0 0 0 0 0 0 0 0 0 0 0 0 0 0 0 0 0 0 0 0 0 0 0 0 0 0 0 0 0 0 0 0 0 0 0 0 0 0 0 0 0 0 0 0 0 0 0 0 0 0 0 0 0 0 0 0 0 0 0 0 0 0 0 0 0 0 0 0 0 0 0 0 0 0 5.24 0 0 0 0 0 0 0 0 0 0.81 0 0 0 0 0 0 0 0 0 0.56 0 0 0 0 0 0 0 0 0 0.62 0 0 0 0 0 0 0 0 0 1.9 0 0 0 0 0 0 0 0 0 0.14 0 0 0 0 0 0 0 0 0 0.63 0 0 0 0 0 0 0 0 0 2.02 0 0 0 0 0 0 0 0 0 0.16 0 0 0 0 0 0 0 0 0 4.76 0 0 0 5.11 0 0 3.21 0 0 0 0 0 0 2.71 0 0 5.09 0 0 0 0 0 0 0.98 0 0 0.6 0 0 0 0 0 0 0.26 0 0 0.07 0 0 0 0 0 0 3.13 0 0 0.31 0 0 0 0 0 0 2.65 0 0 0.81 0 0 0 0 0 0 3.19 0 0 3.52 0 0 0 0 0 0 5.93 0 0 0.61 0 0 0 0 0 0 3.91 0 0 5.73 0 0 0 0 0 0 0.98 0 0 1.57 0 0 0 0 0 0 0 0 0 0 0 0 0 0 0 0 0 0 0 0 0 0 0 0 0 0 0 0 0 0 0 0 0 0 0 0 0 0 0 0 0 0 0 0 0 0 0 0 0 0 0 0 0 0 0 0 0 0 0 0 0 0 0 0 0 0 0 0 0 0 0 0 0 0 0 0 0 0 0 0 0 0 0 0 0 0 0 0 0 0 0 0 0 0 0 0 0 0 0 0 0 0 0 0 0 0 0 0 0 0 0 0 1.41 0 0 0 0 0 0 0 0 0 0.95 0 0 0 0 0 0 0 0 0 3.6 0 0 0 0 0 0 0 0 0 1.01 0 0 0 0 0 0 0 0 0 3.88 0 0 0 0 0 0 0 0 0 2.01 0 0 0 0 0 0 0 0 0 1.02 0 0 0 0 0 0 0 0 0 0.4 0 0 0 0 0 0 0 0 0 1.09 0 0 0 0 0 0 0 0 0 2.48 0 0 0 0 0 0 0 0 0 1.38 0 0 0 0 0 0 0 0 0 0.21 0 0 0 0 0 0 0 0 0 1.33 0 0 0 0 0 0 0 0 0 1.37 0 0 0 0 0 0 0 0 0 1.23 0 0 0 0 0 0 0 0 0 2.72 0 0 0 0 0 0 0 0 0 1.55 0 0 0 0 0 0 0 0 0 5.99 0 0 0 0 0 0 0 0 0 3.4 0 0 0 0 0 0 0 0 0 2.02 0 0 0 0.48 0 0 2.51 0 0 0 0 0 0 3.65 0 0 1.96 0 0 0 0 0 0 0.67 0 0 1.03 0 0 0 0 0 0 3.34 0 0 0.84 0 0 0 0 0 0 0.48 0 0 4.48 0 0 0 0 0 0 3.11 0 0 1.65 0 0 0 0 0 0 0.83 0 0 0.85 0 0 0 0 0 0 0.53 0 0 3.61 0 0 0 0 0 0 0.45 0 0 2.14 0 0 0 0 0 0 5.11 0 0 1.41 0 0 0 0 0 0 0 0 0 0 0 0 0 0 0 0 0 0 0 0 0 0 0 0 0 0 0 0 0 0 0 0 0 0 0 0 0 0 0 0 0 0 0 0 0 0 0 0 0 0 0 0 0 0 0 0 0 0 0 0 0 0 0 0 0 0 0 0 0 0 0 0 0 0 0 0 0 0 0 0 0 0 0 0 0 0 0 0 0 0 0 0 0 0 0 0 0 0 0 0 0 0 0 0 0 0 0 0 0 0 0 0 1.12 0 0 0 0 0 0 0 0 0 2.71 0 0 0 0 0 0 0 0 0 1.57 0 0 0 0 0 0 0 0 0 3.54 0 0 0 0 0 0 0 0 0 0.13 0 0 0 0 0 0 0 0 0 1.17 0 0 0 0 0 0 0 0 0 0.21 0 0 0 0 0 0 0 0 0 0.34 0 0 0 0 0 0 0 0 0 2.58 0 0 0 0 0 0 0 0 0 0.19 0 0 0 2.65 0 0 3.99 0 0 0 0 0 0 5.44 0 0 0.44 0 0 0 0 0 0 2.88 0 0 3.59 0 0 0 0 0 0 0.54 0 0 4.52 0 0 0 0 0 0 2.07 0 0 1.56 0 0 0 0 0 0 3.78 0 0 0.13 0 0 0 0 0 0 1.38 0 0 1.5 0 0 0 0 0 0 0.4 0 0 0.85 0 0 0 0 0 0 0.35 0 0 1.82 0 0 0 0 0 0 2.91 0 0 1.24 0 0 0 0 0 0 0 0 0 0 0 0 0 0 0 0 0 0 0 0 0 0 0 0 0 0 0 0 0 0 0 0 0 0 0 0 0 0 0 0 0 0 0 0 0 0 0 0 0 0 0 0 0 0 0 0 0 0 0 0 0 0 0 0 0 0 0 0 0 0 0 0 0 0 0 0 0 0 0 0 0 0 0 0 0 0 0 0 0 0 0 0 0 0 0 0 0 0 0 0 0 0 0 0 0 0 0 0 0 0 0 0 2.09 0 0 0 0 0 0 0 0 0 1.37 0 0 0 0 0 0 0 0 0 2.32 0 0 0 0 0 0 0 0 0 2.87 0 0 0 0 0 0 0 0 0 4.34 0 0 0 0 0 0 0 0 0 2.24 0 0 0 0 0 0 0 0 0 3.8 0 0 0 0 0 0 0 0 0 1.98 0 0 0 0 0 0 0 0 0 2.35 0 0 0 0 0 0 0 0 0 4.58 0 0 0 2.52 0 0 0.67 0 0 0 0 0 0 4.35 0 0 1.93 0 0 0 0 0 0 3.8 0 0 0.23 0 0 0 0 0 0 1.17 0 0 0.37 0 0 0 0 0 0 1.37 0 0 5.36 0 0 0 0 0 0 1.61 0 0 0.16 0 0 0 0 0 0 2.33 0 0 0.69 0 0 0 0 0 0 1.43 0 0 3.16 0 0 0 0 0 0 0.52 0 0 0.98 0 0 0 0 0 0 4.5 0 0 3.19 0 0 0 0 0 0 0 0 0 0 0 0 0 0 0 0 0 0 0 0 0 0 0 0 0 0 0 0 0 0 0 0 0 0 0 0 0 0 0 0 0 0 0 0 0 0 0 0 0 0 0 0 0 0 0 0 0 0 0 0 0 0 0 0 0 0 0 0 0 0 0 0 0 0 0 0 0 0 0 0 0 0 0 0 0 0 0 0 0 0 0 0 0 0 0 0 0 0 0 0 0 0 0 0 0 0 0 0 0 0 0 0 3.89 0 0 0 0 0 0 0 0 0 1.26 0 0 0 0 0 0 0 0 0 0.88 0 0 0 0 0 0 0 0 0 1.13 0 0 0 0 0 0 0 0 0 1.55 0 0 0 0 0 0 0 0 0 2.41 0 0 0 0 0 0 0 0 0 4.46 0 0 0 0 0 0 0 0 0 5.62 0 0 0 0 0 0 0 0 0 0.64 0 0 0 0 0 0 0 0 0 0.82 0 0 0 0 0 0 0 0 0 2.11 0 0 0 0 0 0 0 0 0 1.16 0 0 0 0 0 0 0 0 0 2.51 0 0 0 0 0 0 0 0 0 2.56 0 0 0 0 0 0 0 0 0 5.36 0 0 0 0 0 0 0 0 0 2.23 0 0 0 0 0 0 0 0 0 3.67 0 0 0 0 0 0 0 0 0 0.88 0 0 0 0 0 0 0 0 0 4.19 0 0 0 0 0 0 0 0 0 1.37 0 0 0 0.14 0 0 3.85 0 0 0 0 0 0 1.24 0 0 3.64 0 0 0 0 0 0 3.8 0 0 4.06 0 0 0 0 0 0 0.37 0 0 0.23 0 0 0 0 0 0 1.61 0 0 0.11 0 0 0 0 0 0 0.73 0 0 5.55 0 0 0 0 0 0 0.76 0 0 0.63 0 0 0 0 0 0 3.72 0 0 1.09 0 0 0 0 0 0 0.7 0 0 3.49 0 0 0 0 0 0 1.51 0 0 0.6 0 0 0 0 0 0 0 0 0 0 0 0 0 0 0 0 0 0 0 0 0 0 0 0 0 0 0 0 0 0 0 0 0 0 0 0 0 0 0 0 0 0 0 0 0 0 0 0 0 0 0 0 0 0 0 0 0 0 0 0 0 0 0 0 0 0 0 0 0 0 0 0 0 0 0 0 0 0 0 0 0 0 0 0 0 0 0 0 0 0 0 0 0 0 0 0 0 0 0 0 0 0 0 0 0 0 0 0 0 0 0 0 1.71 0 0 0 0 0 0 0 0 0 3.64 0 0 0 0 0 0 0 0 0 4 0 0 0 0 0 0 0 0 0 0.4 0 0 0 0 0 0 0 0 0 3.71 0 0 0 0 0 0 0 0 0 4.29 0 0 0 0 0 0 0 0 0 0.35 0 0 0 0 0 0 0 0 0 3.42 0 0 0 0 0 0 0 0 0 1.19 0 0 0 0 0 0 0 0 0 6.07 0 0 0 2.13 0 0 0.42 0 0 0 0 0 0 1.15 0 0 4.27 0 0 0 0 0 0 3.36 0 0 1.21 0 0 0 0 0 0 2.74 0 0 0.23 0 0 0 0 0 0 4.06 0 0 0.58 0 0 0 0 0 0 1.33 0 0 0.45 0 0 0 0 0 0 5.33 0 0 5.1 0 0 0 0 0 0 4.42 0 0 2.82 0 0 0 0 0 0 4.88 0 0 1.21 0 0 0 0 0 0 3.46 0 0 1.68 0 0 0 0 0 0 0 0 0 0 0 0 0 0 0 0 0 0 0 0 0 0 0 0 0 0 0 0 0 0 0 0 0 0 0 0 0 0 0 0 0 0 0 0 0 0 0 0 0 0 0 0 0 0 0 0 0 0 0 0 0 0 0 0 0 0 0 0 0 0 0 0 0 0 0 0 0 0 0 0 0 0 0 0 0 0 0 0 0 0 0 0 0 0 0 0 0 0 0 0 0 0 0 0 0 0 0 0 0 0 0 0 4.43 0 0 0 0 0 0 0 0 0 3.06 0 0 0 0 0 0 0 0 0 4.22 0 0 0 0 0 0 0 0 0 3.19 0 0 0 0 0 0 0 0 0 1.43 0 0 0 0 0 0 0 0 0 0.92 0 0 0 0 0 0 0 0 0 0.21 0 0 0 0 0 0 0 0 0 1.59 0 0 0 0 0 0 0 0 0 4.39 0 0 0 0 0 0 0 0 0 4.85 0 0 0 0.99 0 0 0.21 0 0 0 0 0 0 0.87 0 0 0.37 0 0 0 0 0 0 0.11 0 0 0.35 0 0 0 0 0 0 1.65 0 0 4.47 0 0 0 0 0 0 2.37 0 0 2.33 0 0 0 0 0 0 1.98 0 0 1.59 0 0 0 0 0 0 1.76 0 0 0.75 0 0 0 0 0 0 2.38 0 0 2.52 0 0 0 0 0 0 0.76 0 0 0.96 0 0 0 0 0 0 0.25 0 0 1.99 0 0 0 0 0 0 0 0 0 0 0 0 0 0 0 0 0 0 0 0 0 0 0 0 0 0 0 0 0 0 0 0 0 0 0 0 0 0 0 0 0 0 0 0 0 0 0 0 0 0 0 0 0 0 0 0 0 0 0 0 0 0 0 0 0 0 0 0 0 0 0 0 0 0 0 0 0 0 0 0 0 0 0 0 0 0 0 0 0 0 0 0 0 0 0 0 0 0 0 0 0 0 0 0 0 0 0 0 0 0 0 0 2.65 0 0 0 0 0 0 0 0 0 0.68 0 0 0 0 0 0 0 0 0 1.36 0 0 0 0 0 0 0 0 0 0.75 0 0 0 0 0 0 0 0 0 2.07 0 0 0 0 0 0 0 0 0 2.73 0 0 0 0 0 0 0 0 0 2.98 0 0 0 0 0 0 0 0 0 2.03 0 0 0 0 0 0 0 0 0 1.07 0 0 0 0 0 0 0 0 0 3.16 0 0 0 0 0 0 0 0 0 3.33 0 0 0 0 0 0 0 0 0 3.44 0 0 0 0 0 0 0 0 0 1.73 0 0 0 0 0 0 0 0 0 3.79 0 0 0 0 0 0 0 0 0 0.3 0 0 0 0 0 0 0 0 0 2.3 0 0 0 0 0 0 0 0 0 2.38 0 0 0 0 0 0 0 0 0 4.07 0 0 0 0 0 0 0 0 0 2.06 0 0 0 0 0 0 0 0 0 3.28 0 0 0 1.57 0 0 0.59 0 0 0 0 0 0 1.69 0 0 2.22 0 0 0 0 0 0 0.12 0 0 1.63 0 0 0 0 0 0 2.53 0 0 2.45 0 0 0 0 0 0 2.39 0 0 1.69 0 0 0 0 0 0 4.07 0 0 2.29 0 0 0 0 0 0 2.14 0 0 4.59 0 0 0 0 0 0 2.12 0 0 3.72 0 0 0 0 0 0 3.08 0 0 0.78 0 0 0 0 0 0 0.62 0 0 1.76 0 0 0 0 0 0 0 0 0 0 0 0 0 0 0 0 0 0 0 0 0 0 0 0 0 0 0 0 0 0 0 0 0 0 0 0 0 0 0 0 0 0 0 0 0 0 0 0 0 0 0 0 0 0 0 0 0 0 0 0 0 0 0 0 0 0 0 0 0 0 0 0 0 0 0 0 0 0 0 0 0 0 0 0 0 0 0 0 0 0 0 0 0 0 0 0 0 0 0 0 0 0 0 0 0 0 0 0 0 0 0 0 0.19 0 0 0 0 0 0 0 0 0 0.34 0 0 0 0 0 0 0 0 0 2.73 0 0 0 0 0 0 0 0 0 0.85 0 0 0 0 0 0 0 0 0 1.37 0 0 0 0 0 0 0 0 0 4.88 0 0 0 0 0 0 0 0 0 1.24 0 0 0 0 0 0 0 0 0 2.29 0 0 0 0 0 0 0 0 0 1.11 0 0 0 0 0 0 0 0 0 5.85 0 0 0 0.43 0 0 0.62 0 0 0 0 0 0 3.35 0 0 0.72 0 0 0 0 0 0 1.35 0 0 1.45 0 0 0 0 0 0 1.24 0 0 0.45 0 0 0 0 0 0 3.87 0 0 1.25 0 0 0 0 0 0 0.88 0 0 2.43 0 0 0 0 0 0 1.48 0 0 3.62 0 0 0 0 0 0 1.9 0 0 0.38 0 0 0 0 0 0 3.15 0 0 2.44 0 0 0 0 0 0 0.87 0 0 4.19 0 0 0 0 0 0 0 0 0 0 0 0 0 0 0 0 0 0 0 0 0 0 0 0 0 0 0 0 0 0 0 0 0 0 0 0 0 0 0 0 0 0 0 0 0 0 0 0 0 0 0 0 0 0 0 0 0 0 0 0 0 0 0 0 0 0 0 0 0 0 0 0 0 0 0 0 0 0 0 0 0 0 0 0 0 0 0 0 0 0 0 0 0 0 0 0 0 0 0 0 0 0 0 0 0 0 0 0 0 0 0 0 4.74 0 0 0 0 0 0 0 0 0 4.9 0 0 0 0 0 0 0 0 0 2.45 0 0 0 0 0 0 0 0 0 3.53 0 0 0 0 0 0 0 0 0 3.07 0 0 0 0 0 0 0 0 0 1.84 0 0 0 0 0 0 0 0 0 3.38 0 0 0 0 0 0 0 0 0 1.21 0 0 0 0 0 0 0 0 0 0.2 0 0 0 0 0 0 0 0 0 0.57 0 0 0 0.57 0 0 1.64 0 0 0 0 0 0 0.82 0 0 1.54 0 0 0 0 0 0 1.26 0 0 1.57 0 0 0 0 0 0 3.38 0 0 0.78 0 0 0 0 0 0 2.59 0 0 2.14 0 0 0 0 0 0 0.74 0 0 2.99 0 0 0 0 0 0 5.29 0 0 1.69 0 0 0 0 0 0 0.94 0 0 0.37 0 0 0 0 0 0 0.72 0 0 3 0 0 0 0 0 0 1.18 0 0 0.56 0 0 0 0 0 0 0 0 0 0 0 0 0 0 0 0 0 0 0 0 0 0 0 0 0 0 0 0 0 0 0 0 0 0 0 0 0 0 0 0 0 0 0 0 0 0 0 0 0 0 0 0 0 0 0 0 0 0 0 0 0 0 0 0 0 0 0 0 0 0 0 0 0 0 0 0 0 0 0 0 0 0 0 0 0 0 0 0 0 0 0 0 0 0 0 0 0 0 0 0 0 0 0 0 0 0 0 0 0 0 0 0 2.52 0 0 0 0 0 0 0 0 0 0.09 0 0 0 0 0 0 0 0 0 1.27 0 0 0 0 0 0 0 0 0 1.78 0 0 0 0 0 0 0 0 0 2.87 0 0 0 0 0 0 0 0 0 3.66 0 0 0 0 0 0 0 0 0 2.07 0 0 0 0 0 0 0 0 0 3.3 0 0 0 0 0 0 0 0 0 3.53 0 0 0 0 0 0 0 0 0 5.14 0 0 0 0 0 0 0 0 0 1.53 0 0 0 0 0 0 0 0 0 2.35 0 0 0 0 0 0 0 0 0 1.29 0 0 0 0 0 0 0 0 0 2.77 0 0 0 0 0 0 0 0 0 1.29 0 0 0 0 0 0 0 0 0 0.2 0 0 0 0 0 0 0 0 0 3.83 0 0 0 0 0 0 0 0 0 1.64 0 0 0 0 0 0 0 0 0 0.23 0 0 0 0 0 0 0 0 0 0.63 0 0 0 0.47 0 0 2.69 0 0 0 0 0 0 4.23 0 0 2.78 0 0 0 0 0 0 3.6 0 0 0.87 0 0 0 0 0 0 3.94 0 0 0.56 0 0 0 0 0 0 0.71 0 0 0.62 0 0 0 0 0 0 3.58 0 0 0.39 0 0 0 0 0 0 3.16 0 0 0.76 0 0 0 0 0 0 2.59 0 0 2.33 0 0 0 0 0 0 0.96 0 0 4.64 0 0 0 0 0 0 1.85 0 0 0.75 0 0 0 0 0 0 0 0 0 0 0 0 0 0 0 0 0 0 0 0 0 0 0 0 0 0 0 0 0 0 0 0 0 0 0 0 0 0 0 0 0 0 0 0 0 0 0 0 0 0 0 0 0 0 0 0 0 0 0 0 0 0 0 0 0 0 0 0 0 0 0 0 0 0 0 0 0 0 0 0 0 0 0 0 0 0 0 0 0 0 0 0 0 0 0 0 0 0 0 0 0 0 0 0 0 0 0 0 0 0 0 0 1.82 0 0 0 0 0 0 0 0 0 0.83 0 0 0 0 0 0 0 0 0 3.94 0 0 0 0 0 0 0 0 0 0.55 0 0 0 0 0 0 0 0 0 2.14 0 0 0 0 0 0 0 0 0 1.57 0 0 0 0 0 0 0 0 0 1.13 0 0 0 0 0 0 0 0 0 4.42 0 0 0 0 0 0 0 0 0 2.21 0 0 0 0 0 0 0 0 0 1.2 0 0 0 0.75 0 0 0.94 0 0 0 0 0 0 2.09 0 0 0.96 0 0 0 0 0 0 1.54 0 0 2.21 0 0 0 0 0 0 0.23 0 0 0.61 0 0 0 0 0 0 2.79 0 0 0.48 0 0 0 0 0 0 4.05 0 0 1.34 0 0 0 0 0 0 0.16 0 0 0.46 0 0 0 0 0 0 1.3 0 0 1.06 0 0 0 0 0 0 0.48 0 0 3.41 0 0 0 0 0 0 0.33 0 0 1.61 0 0 0 0 0 0 0 0 0 0 0 0 0 0 0 0 0 0 0 0 0 0 0 0 0 0 0 0 0 0 0 0 0 0 0 0 0 0 0 0 0 0 0 0 0 0 0 0 0 0 0 0 0 0 0 0 0 0 0 0 0 0 0 0 0 0 0 0 0 0 0 0 0 0 0 0 0 0 0 0 0 0 0 0 0 0 0 0 0 0 0 0 0 0 0 0 0 0 0 0 0 0 0 0 0 0 0 0 0 0 0 0 0.91 0 0 0 0 0 0 0 0 0 0.9 0 0 0 0 0 0 0 0 0 1.15 0 0 0 0 0 0 0 0 0 0.98 0 0 0 0 0 0 0 0 0 0.07 0 0 0 0 0 0 0 0 0 1.12 0 0 0 0 0 0 0 0 0 2.08 0 0 0 0 0 0 0 0 0 3.67 0 0 0 0 0 0 0 0 0 0.56 0 0 0 0 0 0 0 0 0 0.45 0 0 0 2.01 0 0 1.41 0 0 0 0 0 0 1.06 0 0 2.67 0 0 0 0 0 0 1.98 0 0 2.53 0 0 0 0 0 0 0.39 0 0 0.39 0 0 0 0 0 0 4.26 0 0 0.37 0 0 0 0 0 0 0.96 0 0 3.54 0 0 0 0 0 0 2.04 0 0 1.83 0 0 0 0 0 0 2.84 0 0 0.37 0 0 0 0 0 0 0.42 0 0 3.73 0 0 0 0 0 0 2.81 0 0 0.91 0 0 0 0 0 0 0 0 0 0 0 0 0 0 0 0 0 0 0 0 0 0 0 0 0 0 0 0 0 0 0 0 0 0 0 0 0 0 0 0 0 0 0 0 0 0 0 0 0 0 0 0 0 0 0 0 0 0 0 0 0 0 0 0 0 0 0 0 0 0 0 0 0 0 0 0 0 0 0 0 0 0 0 0 0 0 0 0 0 0 0 0 0 0 0 0 0 0 0 0 0 0 0 0 0 0 0 0 0 0 0 0 3.57 0 0 0 0 0 0 0 0 0 3.73 0 0 0 0 0 0 0 0 0 1.12 0 0 0 0 0 0 0 0 0 4.86 0 0 0 0 0 0 0 0 0 0.62 0 0 0 0 0 0 0 0 0 0.25 0 0 0 0 0 0 0 0 0 1.6 0 0 0 0 0 0 0 0 0 2.73 0 0 0 0 0 0 0 0 0 4.24 0 0 0 0 0 0 0 0 0 0.37 0 0 0 0 0 0 0 0 0 1.18 0 0 0 0 0 0 0 0 0 1.06 0 0 0 0 0 0 0 0 0 1.57 0 0 0 0 0 0 0 0 0 1.11 0 0 0 0 0 0 0 0 0 4.76 0 0 0 0 0 0 0 0 0 5.48 0 0 0 0 0 0 0 0 0 2.43 0 0 0 0 0 0 0 0 0 0.65 0 0 0 0 0 0 0 0 0 2.79 0 0 0 0 0 0 0 0 0 2.81 0 0 0 0.79 0 0 0.68 0 0 0 0 0 0 0.07 0 0 3.76 0 0 0 0 0 0 2.45 0 0 4.59 0 0 0 0 0 0 4.45 0 0 2.45 0 0 0 0 0 0 3.82 0 0 0.24 0 0 0 0 0 0 0.95 0 0 0.43 0 0 0 0 0 0 0.75 0 0 2.03 0 0 0 0 0 0 0.24 0 0 4.04 0 0 0 0 0 0 1.5 0 0 0.79 0 0 0 0 0 0 0.24 0 0 0.68 0 0 0 0 0 0 0 0 0 0 0 0 0 0 0 0 0 0 0 0 0 0 0 0 0 0 0 0 0 0 0 0 0 0 0 0 0 0 0 0 0 0 0 0 0 0 0 0 0 0 0 0 0 0 0 0 0 0 0 0 0 0 0 0 0 0 0 0 0 0 0 0 0 0 0 0 0 0 0 0 0 0 0 0 0 0 0 0 0 0 0 0 0 0 0 0 0 0 0 0 0 0 0 0 0 0 0 0 0 0 0 0 4.24 0 0 0 0 0 0 0 0 0 0.31 0 0 0 0 0 0 0 0 0 4.39 0 0 0 0 0 0 0 0 0 0.55 0 0 0 0 0 0 0 0 0 0.06 0 0 0 0 0 0 0 0 0 0.66 0 0 0 0 0 0 0 0 0 0.42 0 0 0 0 0 0 0 0 0 0.83 0 0 0 0 0 0 0 0 0 1.63 0 0 0 0 0 0 0 0 0 4 0 0 0 4.16 0 0 1.32 0 0 0 0 0 0 3.19 0 0 2.96 0 0 0 0 0 0 3.96 0 0 0.13 0 0 0 0 0 0 2.03 0 0 4.49 0 0 0 0 0 0 3.66 0 0 0.96 0 0 0 0 0 0 4.65 0 0 0.95 0 0 0 0 0 0 4.38 0 0 6 0 0 0 0 0 0 0.91 0 0 3.8 0 0 0 0 0 0 1.4 0 0 3.21 0 0 0 0 0 0 0.95 0 0 0.39 0 0 0 0 0 0 0 0 0 0 0 0 0 0 0 0 0 0 0 0 0 0 0 0 0 0 0 0 0 0 0 0 0 0 0 0 0 0 0 0 0 0 0 0 0 0 0 0 0 0 0 0 0 0 0 0 0 0 0 0 0 0 0 0 0 0 0 0 0 0 0 0 0 0 0 0 0 0 0 0 0 0 0 0 0 0 0 0 0 0 0 0 0 0 0 0 0 0 0 0 0 0 0 0 0 0 0 0 0 0 0 0 1.23 0 0 0 0 0 0 0 0 0 3.85 0 0 0 0 0 0 0 0 0 2.75 0 0 0 0 0 0 0 0 0 1.66 0 0 0 0 0 0 0 0 0 2.06 0 0 0 0 0 0 0 0 0 1.27 0 0 0 0 0 0 0 0 0 1.89 0 0 0 0 0 0 0 0 0 3.27 0 0 0 0 0 0 0 0 0 1.74 0 0 0 0 0 0 0 0 0 1.55 0 0 0 0.07 0 0 0.96 0 0 0 0 0 0 4.06 0 0 5.48 0 0 0 0 0 0 0.83 0 0 4.9 0 0 0 0 0 0 3.35 0 0 1.94 0 0 0 0 0 0 4.16 0 0 2.18 0 0 0 0 0 0 1.33 0 0 1.03 0 0 0 0 0 0 3.35 0 0 0.81 0 0 0 0 0 0 4.53 0 0 0.27 0 0 0 0 0 0 1.56 0 0 2.93 0 0 0 0 0 0 2.57 0 0 3.73 0 0 0 0 0 0 0 0 0 0 0 0 0 0 0 0 0 0 0 0 0 0 0 0 0 0 0 0 0 0 0 0 0 0 0 0 0 0 0 0 0 0 0 0 0 0 0 0 0 0 0 0 0 0 0 0 0 0 0 0 0 0 0 0 0 0 0 0 0 0 0 0 0 0 0 0 0 0 0 0 0 0 0 0 0 0 0 0 0 0 0 0 0 0 0 0 0 0 0 0 0 0 0 0 0 0 0 0 0 0 0 0 0.99 0 0 0 0 0 0 0 0 0 1.53 0 0 0 0 0 0 0 0 0 2.38 0 0 0 0 0 0 0 0 0 4.28 0 0 0 0 0 0 0 0 0 0.32 0 0 0 0 0 0 0 0 0 1.31 0 0 0 0 0 0 0 0 0 1.38 0 0 0 0 0 0 0 0 0 0.19 0 0 0 0 0 0 0 0 0 1.6 0 0 0 0 0 0 0 0 0 3.86 0 0 0 0 0 0 0 0 0 1.63 0 0 0 0 0 0 0 0 0 3.51 0 0 0 0 0 0 0 0 0 0.4 0 0 0 0 0 0 0 0 0 3.28 0 0 0 0 0 0 0 0 0 0.71 0 0 0 0 0 0 0 0 0 2.58 0 0 0 0 0 0 0 0 0 0.75 0 0 0 0 0 0 0 0 0 5.41 0 0 0 0 0 0 0 0 0 0.25 0 0 0 0 0 0 0 0 0 0.9 0 0 0 1.23 0 0 2.16 0 0 0 0 0 0 0.68 0 0 3.46 0 0 0 0 0 0 0.75 0 0 4.14 0 0 0 0 0 0 2.33 0 0 1.92 0 0 0 0 0 0 0.17 0 0 5.68 0 0 0 0 0 0 0.96 0 0 1.91 0 0 0 0 0 0 2.78 0 0 5.32 0 0 0 0 0 0 1.36 0 0 1.12 0 0 0 0 0 0 2.5 0 0 1.92 0 0 0 0 0 0 2.49 0 0 0.45 0 0 0 0 0 0 0 0 0 0 0 0 0 0 0 0 0 0 0 0 0 0 0 0 0 0 0 0 0 0 0 0 0 0 0 0 0 0 0 0 0 0 0 0 0 0 0 0 0 0 0 0 0 0 0 0 0 0 0 0 0 0 0 0 0 0 0 0 0 0 0 0 0 0 0 0 0 0 0 0 0 0 0 0 0 0 0 0 0 0 0 0 0 0 0 0 0 0 0 0 0 0 0 0 0 0 0 0 0 0 0 0 0.79 0 0 0 0 0 0 0 0 0 0.76 0 0 0 0 0 0 0 0 0 3.21 0 0 0 0 0 0 0 0 0 0.34 0 0 0 0 0 0 0 0 0 1.57 0 0 0 0 0 0 0 0 0 1.94 0 0 0 0 0 0 0 0 0 0.67 0 0 0 0 0 0 0 0 0 3.46 0 0 0 0 0 0 0 0 0 0.31 0 0 0 0 0 0 0 0 0 0.38 0 0 0 1.08 0 0 0.84 0 0 0 0 0 0 4.12 0 0 1.48 0 0 0 0 0 0 2.18 0 0 4.38 0 0 0 0 0 0 4.35 0 0 1.16 0 0 0 0 0 0 0.3 0 0 2.83 0 0 0 0 0 0 0.77 0 0 1.38 0 0 0 0 0 0 0.62 0 0 0.91 0 0 0 0 0 0 0.58 0 0 0.77 0 0 0 0 0 0 4.54 0 0 0.76 0 0 0 0 0 0 2.48 0 0 3.42 0 0 0 0 0 0 0 0 0 0 0 0 0 0 0 0 0 0 0 0 0 0 0 0 0 0 0 0 0 0 0 0 0 0 0 0 0 0 0 0 0 0 0 0 0 0 0 0 0 0 0 0 0 0 0 0 0 0 0 0 0 0 0 0 0 0 0 0 0 0 0 0 0 0 0 0 0 0 0 0 0 0 0 0 0 0 0 0 0 0 0 0 0 0 0 0 0 0 0 0 0 0 0 0 0 0 0 0 0 0 0 0 0.27 0 0 0 0 0 0 0 0 0 0.84 0 0 0 0 0 0 0 0 0 2.38 0 0 0 0 0 0 0 0 0 1.78 0 0 0 0 0 0 0 0 0 2.86 0 0 0 0 0 0 0 0 0 1.76 0 0 0 0 0 0 0 0 0 0.94 0 0 0 0 0 0 0 0 0 0.65 0 0 0 0 0 0 0 0 0 2.17 0 0 0 0 0 0 0 0 0 5.23 0 0 0 3.57 0 0 0.47 0 0 0 0 0 0 1.78 0 0 0.09 0 0 0 0 0 0 4.82 0 0 0.54 0 0 0 0 0 0 6.11 0 0 0.21 0 0 0 0 0 0 1.04 0 0 2.42 0 0 0 0 0 0 0.95 0 0 5.18 0 0 0 0 0 0 2.23 0 0 3.47 0 0 0 0 0 0 2.16 0 0 0.35 0 0 0 0 0 0 1.8 0 0 4.2 0 0 0 0 0 0 2.73 0 0 3.53 0 0 0 0 0 0 0 0 0 0 0 0 0 0 0 0 0 0 0 0 0 0 0 0 0 0 0 0 0 0 0 0 0 0 0 0 0 0 0 0 0 0 0 0 0 0 0 0 0 0 0 0 0 0 0 0 0 0 0 0 0 0 0 0 0 0 0 0 0 0 0 0 0 0 0 0 0 0 0 0 0 0 0 0 0 0 0 0 0 0 0 0 0 0 0 0 0 0 0 0 0 0 0 0 0 0 0 0 0 0 0 0 0.69 0 0 0 0 0 0 0 0 0 1.45 0 0 0 0 0 0 0 0 0 0.08 0 0 0 0 0 0 0 0 0 0.73 0 0 0 0 0 0 0 0 0 5.38 0 0 0 0 0 0 0 0 0 2.85 0 0 0 0 0 0 0 0 0 2.28 0 0 0 0 0 0 0 0 0 5.09 0 0 0 0 0 0 0 0 0 2.09 0 0 0 0 0 0 0 0 0 0.3 0 0 
0 0 0 0 0 0 0 0.92 0 0 0 0 0 0 0 0 0 5.68 0 0 0 0 0 0 0 0 0 2.86 0 0 0 0 0 0 0 0 0 0.18 0 0 0 0 0 0 0 0 0 2.38 0 0 0 0 0 0 0 0 0 2.57 0 0 0 0 0 0 0 0 0 2.31 0 0 0 0 0 0 0 0 0 0.21 0 0 0 0 0 0 0 0 0 0.5 0 0 0 0 0 0 0 0 0 2.48 0 0 0 0.86 0 0 4.96 0 0 0 0 0 0 1.11 0 0 1.03 0 0 0 0 0 0 2.02 0 0 2.82 0 0 0 0 0 0 0.53 0 0 3.61 0 0 0 0 0 0 0.55 0 0 1.29 0 0 0 0 0 0 0.52 0 0 2.39 0 0 0 0 0 0 1.79 0 0 2.26 0 0 0 0 0 0 1.36 0 0 4.07 0 0 0 0 0 0 0.12 0 0 0.44 0 0 0 0 0 0 4.04 0 0 3.05 0 0 0 0 0 0 0 0 0 0 0 0 0 0 0 0 0 0 0 0 0 0 0 0 0 0 0 0 0 0 0 0 0 0 0 0 0 0 0 0 0 0 0 0 0 0 0 0 0 0 0 0 0 0 0 0 0 0 0 0 0 0 0 0 0 0 0 0 0 0 0 0 0 0 0 0 0 0 0 0 0 0 0 0 0 0 0 0 0 0 0 0 0 0 0 0 0 0 0 0 0 0 0 0 0 0 0 0 0 0 0 0 4.42 0 0 0 0 0 0 0 0 0 0.81 0 0 0 0 0 0 0 0 0 3.21 0 0 0 0 0 0 0 0 0 4.1 0 0 0 0 0 0 0 0 0 0.42 0 0 0 0 0 0 0 0 0 1.22 0 0 0 0 0 0 0 0 0 4.38 0 0 0 0 0 0 0 0 0 1.27 0 0 0 0 0 0 0 0 0 0.1 0 0 0 0 0 0 0 0 0 0.2 0 0 0 1.15 0 0 1.1 0 0 0 0 0 0 3.44 0 0 2.5 0 0 0 0 0 0 1.31 0 0 0.84 0 0 0 0 0 0 1.87 0 0 1.06 0 0 0 0 0 0 4.26 0 0 0.79 0 0 0 0 0 0 0.29 0 0 0.4 0 0 0 0 0 0 4.45 0 0 2.34 0 0 0 0 0 0 4.55 0 0 3.3 0 0 0 0 0 0 0.83 0 0 0.91 0 0 0 0 0 0 3.13 0 0 2.66 0 0 0 0 0 0 0 0 0 0 0 0 0 0 0 0 0 0 0 0 0 0 0 0 0 0 0 0 0 0 0 0 0 0 0 0 0 0 0 0 0 0 0 0 0 0 0 0 0 0 0 0 0 0 0 0 0 0 0 0 0 0 0 0 0 0 0 0 0 0 0 0 0 0 0 0 0 0 0 0 0 0 0 0 0 0 0 0 0 0 0 0 0 0 0 0 0 0 0 0 0 0 0 0 0 0 0 0 0 0 0 0 2.48 0 0 0 0 0 0 0 0 0 4.83 0 0 0 0 0 0 0 0 0 5 0 0 0 0 0 0 0 0 0 2.24 0 0 0 0 0 0 0 0 0 0.88 0 0 0 0 0 0 0 0 0 0.16 0 0 0 0 0 0 0 0 0 1.63 0 0 0 0 0 0 0 0 0 0.84 0 0 0 0 0 0 0 0 0 5.94 0 0 0 0 0 0 0 0 0 2.04 0 0 0 4.65 0 0 1.72 0 0 0 0 0 0 1.6 0 0 2.26 0 0 0 0 0 0 0.68 0 0 0.8 0 0 0 0 0 0 0.77 0 0 0.36 0 0 0 0 0 0 1.01 0 0 2.97 0 0 0 0 0 0 3.95 0 0 1.47 0 0 0 0 0 0 2.02 0 0 3.62 0 0 0 0 0 0 0.16 0 0 2.41 0 0 0 0 0 0 4.73 0 0 4.41 0 0 0 0 0 0 4.62 0 0 0.78 0 0 0 0 0 0 0 0 0 0 0 0 0 0 0 0 0 0 0 0 0 0 0 0 0 0 0 0 0 0 0 0 0 0 0 0 0 0 0 0 0 0 0 0 0 0 0 0 0 0 0 0 0 0 0 0 0 0 0 0 0 0 0 0 0 0 0 0 0 0 0 0 0 0 0 0 0 0 0 0 0 0 0 0 0 0 0 0 0 0 0 0 0 0 0 0 0 0 0 0 0 0 0 0 0 0 0 0 0 0 0 0 0.64 0 0 0 0 0 0 0 0 0 0.78 0 0 0 0 0 0 0 0 0 3.22 0 0 0 0 0 0 0 0 0 1.57 0 0 0 0 0 0 0 0 0 0.78 0 0 0 0 0 0 0 0 0 0.6 0 0 0 0 0 0 0 0 0 0.83 0 0 0 0 0 0 0 0 0 0.48 0 0 0 0 0 0 0 0 0 3.55 0 0 0 0 0 0 0 0 0 0.53 0 0 0 0 0 0 0 0 0 1.41 0 0 0 0 0 0 0 0 0 5.73 0 0 0 0 0 0 0 0 0 3.21 0 0 0 0 0 0 0 0 0 4.61 0 0 0 0 0 0 0 0 0 4.49 0 0 0 0 0 0 0 0 0 0.82 0 0 0 0 0 0 0 0 0 0.98 0 0 0 0 0 0 0 0 0 3.52 0 0 0 0 0 0 0 0 0 2.86 0 0 0 0 0 0 0 0 0 2.35 0 0 0 4.65 0 0 1.29 0 0 0 0 0 0 1.39 0 0 1.7 0 0 0 0 0 0 3.08 0 0 2.77 0 0 0 0 0 0 3.61 0 0 5.6 0 0 0 0 0 0 2.25 0 0 1.42 0 0 0 0 0 0 4.89 0 0 4.25 0 0 0 0 0 0 3.59 0 0 5.34 0 0 0 0 0 0 3.39 0 0 4.16 0 0 0 0 0 0 0.39 0 0 1.99 0 0 0 0 0 0 2.44 0 0 2.07 0 0 0 0 0 0 0 0 0 0 0 0 0 0 0 0 0 0 0 0 0 0 0 0 0 0 0 0 0 0 0 0 0 0 0 0 0 0 0 0 0 0 0 0 0 0 0 0 0 0 0 0 0 0 0 0 0 0 0 0 0 0 0 0 0 0 0 0 0 0 0 0 0 0 0 0 0 0 0 0 0 0 0 0 0 0 0 0 0 0 0 0 0 0 0 0 0 0 0 0 0 0 0 0 0 0 0 0 0 0 0 0 3.32 0 0 0 0 0 0 0 0 0 0.64 0 0 0 0 0 0 0 0 0 4.73 0 0 0 0 0 0 0 0 0 0.68 0 0 0 0 0 0 0 0 0 2.63 0 0 0 0 0 0 0 0 0 5.48 0 0 0 0 0 0 0 0 0 1.35 0 0 0 0 0 0 0 0 0 0.61 0 0 0 0 0 0 0 0 0 1.35 0 0 0 0 0 0 0 0 0 1.68 0 0 0 3.59 0 0 0.57 0 0 0 0 0 0 1.57 0 0 0.09 0 0 0 0 0 0 2.43 0 0 4.04 0 0 0 0 0 0 5.34 0 0 3.37 0 0 0 0 0 0 4.55 0 0 2.93 0 0 0 0 0 0 4.33 0 0 4.96 0 0 0 0 0 0 5.35 0 0 0.72 0 0 0 0 0 0 3.43 0 0 1.06 0 0 0 0 0 0 0.4 0 0 5.18 0 0 0 0 0 0 0.32 0 0 3.59 0 0 0 0 0 0 0 0 0 0 0 0 0 0 0 0 0 0 0 0 0 0 0 0 0 0 0 0 0 0 0 0 0 0 0 0 0 0 0 0 0 0 0 0 0 0 0 0 0 0 0 0 0 0 0 0 0 0 0 0 0 0 0 0 0 0 0 0 0 0 0 0 0 0 0 0 0 0 0 0 0 0 0 0 0 0 0 0 0 0 0 0 0 0 0 0 0 0 0 0 0 0 0 0 0 0 0 0 0 0 0 0 3.76 0 0 0 0 0 0 0 0 0 0.15 0 0 0 0 0 0 0 0 0 2.73 0 0 0 0 0 0 0 0 0 4.9 0 0 0 0 0 0 0 0 0 0.53 0 0 0 0 0 0 0 0 0 3.54 0 0 0 0 0 0 0 0 0 3.28 0 0 0 0 0 0 0 0 0 0.66 0 0 0 0 0 0 0 0 0 4.8 0 0 0 0 0 0 0 0 0 2.56 0 0 0 3.57 0 0 1.92 0 0 0 0 0 0 2.35 0 0 2.75 0 0 0 0 0 0 3.35 0 0 3.1 0 0 0 0 0 0 1.11 0 0 4.16 0 0 0 0 0 0 0.35 0 0 1.62 0 0 0 0 0 0 1.54 0 0 3.91 0 0 0 0 0 0 0.13 0 0 0.51 0 0 0 0 0 0 3.02 0 0 0.69 0 0 0 0 0 0 0.75 0 0 0.77 0 0 0 0 0 0 4.03 0 0 0.38 0 0 0 0 0 0 0 0 0 0 0 0 0 0 0 0 0 0 0 0 0 0 0 0 0 0 0 0 0 0 0 0 0 0 0 0 0 0 0 0 0 0 0 0 0 0 0 0 0 0 0 0 0 0 0 0 0 0 0 0 0 0 0 0 0 0 0 0 0 0 0 0 0 0 0 0 0 0 0 0 0 0 0 0 0 0 0 0 0 0 0 0 0 0 0 0 0 0 0 0 0 0 0 0 0 0 0 0 0 0 0 0 0.38 0 0 0 0 0 0 0 0 0 0.6 0 0 0 0 0 0 0 0 0 1.91 0 0 0 0 0 0 0 0 0 3.73 0 0 0 0 0 0 0 0 0 2.49 0 0 0 0 0 0 0 0 0 5.2 0 0 0 0 0 0 0 0 0 0.52 0 0 0 0 0 0 0 0 0 0.55 0 0 0 0 0 0 0 0 0 4.52 0 0 0 0 0 0 0 0 0 2.33 0 0 0 0 0 0 0 0 0 2.93 0 0 0 0 0 0 0 0 0 0.81 0 0 0 0 0 0 0 0 0 0.79 0 0 0 0 0 0 0 0 0 2.66 0 0 0 0 0 0 0 0 0 1.3 0 0 0 0 0 0 0 0 0 0.15 0 0 0 0 0 0 0 0 0 3.74 0 0 0 0 0 0 0 0 0 2.57 0 0 0 0 0 0 0 0 0 2.95 0 0 0 0 0 0 0 0 0 2.33 0 0 0 1.71 0 0 0.46 0 0 0 0 0 0 0.13 0 0 3.46 0 0 0 0 0 0 1.95 0 0 0.9 0 0 0 0 0 0 1.82 0 0 3.82 0 0 0 0 0 0 0.85 0 0 2.69 0 0 0 0 0 0 2.99 0 0 3.73 0 0 0 0 0 0 2.82 0 0 1.52 0 0 0 0 0 0 1.9 0 0 0.59 0 0 0 0 0 0 4.94 0 0 0.7 0 0 0 0 0 0 2.67 0 0 1.84 0 0 0 0 0 0 0 0 0 0 0 0 0 0 0 0 0 0 0 0 0 0 0 0 0 0 0 0 0 0 0 0 0 0 0 0 0 0 0 0 0 0 0 0 0 0 0 0 0 0 0 0 0 0 0 0 0 0 0 0 0 0 0 0 0 0 0 0 0 0 0 0 0 0 0 0 0 0 0 0 0 0 0 0 0 0 0 0 0 0 0 0 0 0 0 0 0 0 0 0 0 0 0 0 0 0 0 0 0 0 0 0 2.23 0 0 0 0 0 0 0 0 0 0.64 0 0 0 0 0 0 0 0 0 1.18 0 0 0 0 0 0 0 0 0 2.09 0 0 0 0 0 0 0 0 0 1.1 0 0 0 0 0 0 0 0 0 0.24 0 0 0 0 0 0 0 0 0 3.91 0 0 0 0 0 0 0 0 0 0.14 0 0 0 0 0 0 0 0 0 3.07 0 0 0 0 0 0 0 0 0 4.87 0 0 0 5.3 0 0 0.03 0 0 0 0 0 0 1.39 0 0 2.07 0 0 0 0 0 0 1.66 0 0 4.29 0 0 0 0 0 0 3.81 0 0 0.9 0 0 0 0 0 0 0.58 0 0 0.35 0 0 0 0 0 0 0.45 0 0 5.22 0 0 0 0 0 0 3.54 0 0 3.04 0 0 0 0 0 0 4.78 0 0 1.51 0 0 0 0 0 0 4.9 0 0 4.37 0 0 0 0 0 0 0.88 0 0 1.84 0 0 0 0 0 0 0 0 0 0 0 0 0 0 0 0 0 0 0 0 0 0 0 0 0 0 0 0 0 0 0 0 0 0 0 0 0 0 0 0 0 0 0 0 0 0 0 0 0 0 0 0 0 0 0 0 0 0 0 0 0 0 0 0 0 0 0 0 0 0 0 0 0 0 0 0 0 0 0 0 0 0 0 0 0 0 0 0 0 0 0 0 0 0 0 0 0 0 0 0 0 0 0 0 0 0 0 0 0 0 0 0 3.4 0 0 0 0 0 0 0 0 0 0.47 0 0 0 0 0 0 0 0 0 0.22 0 0 0 0 0 0 0 0 0 1.84 0 0 0 0 0 0 0 0 0 3.95 0 0 0 0 0 0 0 0 0 3.74 0 0 0 0 0 0 0 0 0 0.17 0 0 0 0 0 0 0 0 0 4.91 0 0 0 0 0 0 0 0 0 3.5 0 0 0 0 0 0 0 0 0 4.57 0 0 0 0.76 0 0 0.09 0 0 0 0 0 0 0.32 0 0 0.07 0 0 0 0 0 0 2.16 0 0 3.25 0 0 0 0 0 0 0.06 0 0 1.04 0 0 0 0 0 0 2.68 0 0 0.23 0 0 0 0 0 0 4.07 0 0 4.37 0 0 0 0 0 0 0.41 0 0 0.25 0 0 0 0 0 0 2.27 0 0 5.17 0 0 0 0 0 0 1.51 0 0 4.38 0 0 0 0 0 0 2.28 0 0 5.24 0 0 0 0 0 0 0 0 0 0 0 0 0 0 0 0 0 0 0 0 0 0 0 0 0 0 0 0 0 0 0 0 0 0 0 0 0 0 0 0 0 0 0 0 0 0 0 0 0 0 0 0 0 0 0 0 0 0 0 0 0 0 0 0 0 0 0 0 0 0 0 0 0 0 0 0 0 0 0 0 0 0 0 0 0 0 0 0 0 0 0 0 0 0 0 0 0 0 0 0 0 0 0 0 0 0 0 0 0 0 0 0 0.95 0 0 0 0 0 0 0 0 0 0.61 0 0 0 0 0 0 0 0 0 2.9 0 0 0 0 0 0 0 0 0 1.97 0 0 0 0 0 0 0 0 0 2.99 0 0 0 0 0 0 0 0 0 2.42 0 0 0 0 0 0 0 0 0 0.79 0 0 0 0 0 0 0 0 0 2.93 0 0 0 0 0 0 0 0 0 5.18 0 0 0 0 0 0 0 0 0 1.37 0 0 0 0 0 0 0 0 0 4.05 0 0 0 0 0 0 0 0 0 1.78 0 0 0 0 0 0 0 0 0 3.51 0 0 0 0 0 0 0 0 0 4.56 0 0 0 0 0 0 0 0 0 2.81 0 0 0 0 0 0 0 0 0 0.9 0 0 0 0 0 0 0 0 0 3.77 0 0 0 0 0 0 0 0 0 5.62 0 0 0 0 0 0 0 0 0 2.65 0 0 0 0 0 0 0 0 0 1.15 0 0 0 1.05 0 0 2.05 0 0 0 0 0 0 2.38 0 0 1.31 0 0 0 0 0 0 2.89 0 0 0.18 0 0 0 0 0 0 0.38 0 0 0.96 0 0 0 0 0 0 3 0 0 0.27 0 0 0 0 0 0 0.24 0 0 0.29 0 0 0 0 0 0 1.81 0 0 1.36 0 0 0 0 0 0 4.92 0 0 2.25 0 0 0 0 0 0 0.41 0 0 1.02 0 0 0 0 0 0 0.42 0 0 1.23 0 0 0 0 0 0 0 0 0 0 0 0 0 0 0 0 0 0 0 0 0 0 0 0 0 0 0 0 0 0 0 0 0 0 0 0 0 0 0 0 0 0 0 0 0 0 0 0 0 0 0 0 0 0 0 0 0 0 0 0 0 0 0 0 0 0 0 0 0 0 0 0 0 0 0 0 0 0 0 0 0 0 0 0 0 0 0 0 0 0 0 0 0 0 0 0 0 0 0 0 0 0 0 0 0 0 0 0 0 0 0 0 1.33 0 0 0 0 0 0 0 0 0 1.47 0 0 0 0 0 0 0 0 0 3.73 0 0 0 0 0 0 0 0 0 3.26 0 0 0 0 0 0 0 0 0 2.77 0 0 0 0 0 0 0 0 0 4.15 0 0 0 0 0 0 0 0 0 0.43 0 0 0 0 0 0 0 0 0 1.3 0 0 0 0 0 0 0 0 0 4.13 0 0 0 0 0 0 0 0 0 0.1 0 0 0 1.32 0 0 1.86 0 0 0 0 0 0 0.81 0 0 0.52 0 0 0 0 0 0 2.65 0 0 2.05 0 0 0 0 0 0 1.05 0 0 0.4 0 0 0 0 0 0 4.54 0 0 3.1 0 0 0 0 0 0 3.4 0 0 3.68 0 0 0 0 0 0 3.01 0 0 4.17 0 0 0 0 0 0 2.04 0 0 3.9 0 0 0 0 0 0 3.87 0 0 0.23 0 0 0 0 0 0 3.39 0 0 0.98 0 0 0 0 0 0 0 0 0 0 0 0 0 0 0 0 0 0 0 0 0 0 0 0 0 0 0 0 0 0 0 0 0 0 0 0 0 0 0 0 0 0 0 0 0 0 0 0 0 0 0 0 0 0 0 0 0 0 0 0 0 0 0 0 0 0 0 0 0 0 0 0 0 0 0 0 0 0 0 0 0 0 0 0 0 0 0 0 0 0 0 0 0 0 0 0 0 0 0 0 0 0 0 0 0 0 0 0 0 0 0 0 5.18 0 0 0 0 0 0 0 0 0 0.88 0 0 0 0 0 0 0 0 0 0.5 0 0 0 0 0 0 0 0 0 0.62 0 0 0 0 0 0 0 0 0 1.63 0 0 0 0 0 0 0 0 0 0.09 0 0 0 0 0 0 0 0 0 0.49 0 0 0 0 0 0 0 0 0 2.24 0 0 0 0 0 0 0 0 0 0.31 0 0 0 0 0 0 0 0 0 4.58 0 0 0 4.94 0 0 3.12 0 0 0 0 0 0 2.52 0 0 5.38 0 0 0 0 0 0 0.97 0 0 0.57 0 0 0 0 0 0 0.28 0 0 0.05 0 0 0 0 0 0 2.78 0 0 0.28 0 0 0 0 0 0 2.48 0 0 0.73 0 0 0 0 0 0 3.18 0 0 3.2 0 0 0 0 0 0 5.59 0 0 0.62 0 0 0 0 0 0 4.13 0 0 5.89 0 0 0 0 0 0 1.06 0 0 1.68 0 0 0 0 0 0 0 0 0 0 0 0 0 0 0 0 0 0 0 0 0 0 0 0 0 0 0 0 0 0 0 0 0 0 0 0 0 0 0 0 0 0 0 0 0 0 0 0 0 0 0 0 0 0 0 0 0 0 0 0 0 0 0 0 0 0 0 0 0 0 0 0 0 0 0 0 0 0 0 0 0 0 0 0 0 0 0 0 0 0 0 0 0 0 0 0 0 0 0 0 0 0 0 0 0 0 0 0 0 0 0 0 1.54 0 0 0 0 0 0 0 0 0 0.94 0 0 0 0 0 0 0 0 0 4.02 0 0 0 0 0 0 0 0 0 0.68 0 0 0 0 0 0 0 0 0 3.49 0 0 0 0 0 0 0 0 0 2.09 0 0 0 0 0 0 0 0 0 0.99 0 0 0 0 0 0 0 0 0 0.43 0 0 0 0 0 0 0 0 0 1.31 0 0 0 0 0 0 0 0 0 2.39 0 0 0 0 0 0 0 0 0 1.4 0 0 0 0 0 0 0 0 0 0.28 0 0 0 0 0 0 0 0 0 1.3 0 0 0 0 0 0 0 0 0 1.43 0 0 0 0 0 0 0 0 0 1.58 0 0 0 0 0 0 0 0 0 2.68 0 0 0 0 0 0 0 0 0 1.71 0 0 0 0 0 0 0 0 0 6.09 0 0 0 0 0 0 0 0 0 3.79 0 0 0 0 0 0 0 0 0 2.25 0 0 0 0.57 0 0 2.5 0 0 0 0 0 0 3.63 0 0 1.81 0 0 0 0 0 0 0.76 0 0 0.94 0 0 0 0 0 0 3.53 0 0 0.81 0 0 0 0 0 0 0.5 0 0 4.35 0 0 0 0 0 0 3.01 0 0 1.58 0 0 0 0 0 0 0.77 0 0 0.8 0 0 0 0 0 0 0.54 0 0 3.71 0 0 0 0 0 0 0.59 0 0 1.96 0 0 0 0 0 0 5.12 0 0 1.36 0 0 0 0 0 0 0 0 0 0 0 0 0 0 0 0 0 0 0 0 0 0 0 0 0 0 0 0 0 0 0 0 0 0 0 0 0 0 0 0 0 0 0 0 0 0 0 0 0 0 0 0 0 0 0 0 0 0 0 0 0 0 0 0 0 0 0 0 0 0 0 0 0 0 0 0 0 0 0 0 0 0 0 0 0 0 0 0 0 0 0 0 0 0 0 0 0 0 0 0 0 0 0 0 0 0 0 0 0 0 0 0 1.31 0 0 0 0 0 0 0 0 0 2.91 0 0 0 0 0 0 0 0 0 1.43 0 0 0 0 0 0 0 0 0 3.36 0 0 0 0 0 0 0 0 0 0.14 0 0 0 0 0 0 0 0 0 1.3 0 0 0 0 0 0 0 0 0 0.1 0 0 0 0 0 0 0 0 0 0.43 0 0 0 0 0 0 0 0 0 2.86 0 0 0 0 0 0 0 0 0 0.23 0 0 0 2.7 0 0 4.07 0 0 0 0 0 0 5.63 0 0 0.41 0 0 0 0 0 0 2.89 0 0 3.53 0 0 0 0 0 0 0.61 0 0 4.73 0 0 0 0 0 0 1.84 0 0 1.49 0 0 0 0 0 0 3.6 0 0 0.06 0 0 0 0 0 0 1.4 0 0 1.43 0 0 0 0 0 0 0.39 0 0 0.95 0 0 0 0 0 0 0.3 0 0 1.91 0 0 0 0 0 0 3.09 0 0 1.05 0 0 0 0 0 0 0 0 0 0 0 0 0 0 0 0 0 0 0 0 0 0 0 0 0 0 0 0 0 0 0 0 0 0 0 0 0 0 0 0 0 0 0 0 0 0 0 0 0 0 0 0 0 0 0 0 0 0 0 0 0 0 0 0 0 0 0 0 0 0 0 0 0 0 0 0 0 0 0 0 0 0 0 0 0 0 0 0 0 0 0 0 0 0 0 0 0 0 0 0 0 0 0 0 0 0 0 0 0 0 0 0 2.12 0 0 0 0 0 0 0 0 0 1.36 0 0 0 0 0 0 0 0 0 2.2 0 0 0 0 0 0 0 0 0 3.14 0 0 0 0 0 0 0 0 0 4.27 0 0 0 0 0 0 0 0 0 2.2 0 0 0 0 0 0 0 0 0 3.69 0 0 0 0 0 0 0 0 0 1.89 0 0 0 0 0 0 0 0 0 1.98 0 0 0 0 0 0 0 0 0 4.62 0 0 0 2.54 0 0 0.71 0 0 0 0 0 0 4.25 0 0 2 0 0 0 0 0 0 3.79 0 0 0.12 0 0 0 0 0 0 1.28 0 0 0.26 0 0 0 0 0 0 1.22 0 0 5.09 0 0 0 0 0 0 1.42 0 0 0.18 0 0 0 0 0 0 2.03 0 0 0.54 0 0 0 0 0 0 1.31 0 0 3.19 0 0 0 0 0 0 0.52 0 0 1.17 0 0 0 0 0 0 5.1 0 0 3.08 0 0 0 0 0 0 0 0 0 0 0 0 0 0 0 0 0 0 0 0 0 0 0 0 0 0 0 0 0 0 0 0 0 0 0 0 0 0 0 0 0 0 0 0 0 0 0 0 0 0 0 0 0 0 0 0 0 0 0 0 0 0 0 0 0 0 0 0 0 0 0 0 0 0 0 0 0 0 0 0 0 0 0 0 0 0 0 0 0 0 0 0 0 0 0 0 0 0 0 0 0 0 0 0 0 0 0 0 0 0 0 0 3.84 0 0 0 0 0 0 0 0 0 1.26 0 0 0 0 0 0 0 0 0 0.79 0 0 0 0 0 0 0 0 0 1.34 0 0 0 0 0 0 0 0 0 1.41 0 0 0 0 0 0 0 0 0 2.5 0 0 0 0 0 0 0 0 0 4.29 0 0 0 0 0 0 0 0 0 5.41 0 0 0 0 0 0 0 0 0 0.72 0 0 0 0 0 0 0 0 0 0.96 0 0 0 0 0 0 0 0 0 2.08 0 0 0 0 0 0 0 0 0 1.21 0 0 0 0 0 0 0 0 0 2.8 0 0 0 0 0 0 0 0 0 2.43 0 0 0 0 0 0 0 0 0 5.42 0 0 0 0 0 0 0 0 0 2.21 0 0 0 0 0 0 0 0 0 3.52 0 0 0 0 0 0 0 0 0 1.06 0 0 0 0 0 0 0 0 0 4.3 0 0 0 0 0 0 0 0 0 1.4 0 0 0 0.08 0 0 3.55 0 0 0 0 0 0 1.48 0 0 3.42 0 0 0 0 0 0 3.73 0 0 4.13 0 0 0 0 0 0 0.37 0 0 0.25 0 0 0 0 0 0 1.67 0 0 0.12 0 0 0 0 0 0 0.6 0 0 5.66 0 0 0 0 0 0 0.97 0 0 0.64 0 0 0 0 0 0 3.91 0 0 0.96 0 0 0 0 0 0 0.46 0 0 3.77 0 0 0 0 0 0 1.52 0 0 0.57 0 0 0 0 0 0 0 0 0 0 0 0 0 0 0 0 0 0 0 0 0 0 0 0 0 0 0 0 0 0 0 0 0 0 0 0 0 0 0 0 0 0 0 0 0 0 0 0 0 0 0 0 0 0 0 0 0 0 0 0 0 0 0 0 0 0 0 0 0 0 0 0 0 0 0 0 0 0 0 0 0 0 0 0 0 0 0 0 0 0 0 0 0 0 0 0 0 0 0 0 0 0 0 0 0 0 0 0 0 0 0 0 1.62 0 0 0 0 0 0 0 0 0 3.87 0 0 0 0 0 0 0 0 0 3.66 0 0 0 0 0 0 0 0 0 0.5 0 0 0 0 0 0 0 0 0 3.81 0 0 0 0 0 0 0 0 0 4.12 0 0 0 0 0 0 0 0 0 0.32 0 0 0 0 0 0 0 0 0 3.5 0 0 0 0 0 0 0 0 0 1.27 0 0 0 0 0 0 0 0 0 5.96 0 0 0 2.19 0 0 0.54 0 0 0 0 0 0 1.22 0 0 4.13 0 0 0 0 0 0 3.42 0 0 1.01 0 0 0 0 0 0 2.7 0 0 0.27 0 0 0 0 0 0 4.19 0 0 0.38 0 0 0 0 0 0 1.62 0 0 0.58 0 0 0 0 0 0 5.17 0 0 5.28 0 0 0 0 0 0 4.23 0 0 2.94 0 0 0 0 0 0 5.23 0 0 1.34 0 0 0 0 0 0 3.67 0 0 1.68 0 0 0 0 0 0 0 0 0 0 0 0 0 0 0 0 0 0 0 0 0 0 0 0 0 0 0 0 0 0 0 0 0 0 0 0 0 0 0 0 0 0 0 0 0 0 0 0 0 0 0 0 0 0 0 0 0 0 0 0 0 0 0 0 0 0 0 0 0 0 0 0 0 0 0 0 0 0 0 0 0 0 0 0 0 0 0 0 0 0 0 0 0 0 0 0 0 0 0 0 0 0 0 0 0 0 0 0 0 0 0 0 4.41 0 0 0 0 0 0 0 0 0 3.01 0 0 0 0 0 0 0 0 0 4.28 0 0 0 0 0 0 0 0 0 3.24 0 0 0 0 0 0 0 0 0 1.49 0 0 0 0 0 0 0 0 0 1.08 0 0 0 0 0 0 0 0 0 0.15 0 0 0 0 0 0 0 0 0 1.43 0 0 0 0 0 0 0 0 0 4.6 0 0 0 0 0 0 0 0 0 4.83 0 0 0 0.89 0 0 0.18 0 0 0 0 0 0 0.74 0 0 0.35 0 0 0 0 0 0 0.15 0 0 0.49 0 0 0 0 0 0 1.51 0 0 4.29 0 0 0 0 0 0 2.15 0 0 2.16 0 0 0 0 0 0 1.94 0 0 1.56 0 0 0 0 0 0 1.67 0 0 0.77 0 0 0 0 0 0 2.29 0 0 2.31 0 0 0 0 0 0 0.69 0 0 0.77 0 0 0 0 0 0 0.23 0 0 2.15 0 0 0 0 0 0 0 0 0 0 0 0 0 0 0 0 0 0 0 0 0 0 0 0 0 0 0 0 0 0 0 0 0 0 0 0 0 0 0 0 0 0 0 0 0 0 0 0 0 0 0 0 0 0 0 0 0 0 0 0 0 0 0 0 0 0 0 0 0 0 0 0 0 0 0 0 0 0 0 0 0 0 0 0 0 0 0 0 0 0 0 0 0 0 0 0 0 0 0 0 0 0 0 0 0 0 0 0 0 0 0 0 2.63 0 0 0 0 0 0 0 0 0 1.03 0 0 0 0 0 0 0 0 0 1.3 0 0 0 0 0 0 0 0 0 0.86 0 0 0 0 0 0 0 0 0 2.46 0 0 0 0 0 0 0 0 0 2.6 0 0 0 0 0 0 0 0 0 2.76 0 0 0 0 0 0 0 0 0 2.18 0 0 0 0 0 0 0 0 0 1.16 0 0 0 0 0 0 0 0 0 3.3 0 0 0 0 0 0 0 0 0 3.16 0 0 0 0 0 0 0 0 0 3.53 0 0 0 0 0 0 0 0 0 1.84 0 0 0 0 0 0 0 0 0 3.77 0 0 0 0 0 0 0 0 0 0.43 0 0 0 0 0 0 0 0 0 2.35 0 0 0 0 0 0 0 0 0 2.03 0 0 0 0 0 0 0 0 0 4.25 0 0 0 0 0 0 0 0 0 2 0 0 0 0 0 0 0 0 0 3.44 0 0 0 1.57 0 0 0.84 0 0 0 0 0 0 1.73 0 0 2.27 0 0 0 0 0 0 0.15 0 0 1.66 0 0 0 0 0 0 2.46 0 0 2.26 0 0 0 0 0 0 2.58 0 0 1.64 0 0 0 0 0 0 3.91 0 0 2.08 0 0 0 0 0 0 2.1 0 0 4.47 0 0 0 0 0 0 2.37 0 0 3.76 0 0 0 0 0 0 3.06 0 0 0.57 0 0 0 0 0 0 0.58 0 0 1.93 0 0 0 0 0 0 0 0 0 0 0 0 0 0 0 0 0 0 0 0 0 0 0 0 0 0 0 0 0 0 0 0 0 0 0 0 0 0 0 0 0 0 0 0 0 0 0 0 0 0 0 0 0 0 0 0 0 0 0 0 0 0 0 0 0 0 0 0 0 0 0 0 0 0 0 0 0 0 0 0 0 0 0 0 0 0 0 0 0 0 0 0 0 0 0 0 0 0 0 0 0 0 0 0 0 0 0 0 0 0 0 0 0.14 0 0 0 0 0 0 0 0 0 0.23 0 0 0 0 0 0 0 0 0 2.63 0 0 0 0 0 0 0 0 0 0.76 0 0 0 0 0 0 0 0 0 1.51 0 0 0 0 0 0 0 0 0 4.71 0 0 0 0 0 0 0 0 0 1.21 0 0 0 0 0 0 0 0 0 2.08 0 0 0 0 0 0 0 0 0 0.92 0 0 0 0 0 0 0 0 0 5.56 0 0 0 0.5 0 0 0.65 0 0 0 0 0 0 3.39 0 0 0.72 0 0 0 0 0 0 1.52 0 0 1.58 0 0 0 0 0 0 1.39 0 0 0.56 0 0 0 0 0 0 4.17 0 0 1.07 0 0 0 0 0 0 0.87 0 0 2.46 0 0 0 0 0 0 1.3 0 0 3.66 0 0 0 0 0 0 1.89 0 0 0.36 0 0 0 0 0 0 3.26 0 0 2.5 0 0 0 0 0 0 0.81 0 0 4.27 0 0 0 0 0 0 0 0 0 0 0 0 0 0 0 0 0 0 0 0 0 0 0 0 0 0 0 0 0 0 0 0 0 0 0 0 0 0 0 0 0 0 0 0 0 0 0 0 0 0 0 0 0 0 0 0 0 0 0 0 0 0 0 0 0 0 0 0 0 0 0 0 0 0 0 0 0 0 0 0 0 0 0 0 0 0 0 0 0 0 0 0 0 0 0 0 0 0 0 0 0 0 0 0 0 0 0 0 0 0 0 0 4.93 0 0 0 0 0 0 0 0 0 5.03 0 0 0 0 0 0 0 0 0 2.53 0 0 0 0 0 0 0 0 0 3.47 0 0 0 0 0 0 0 0 0 3.22 0 0 0 0 0 0 0 0 0 2.11 0 0 0 0 0 0 0 0 0 3.08 0 0 0 0 0 0 0 0 0 1.23 0 0 0 0 0 0 0 0 0 0.22 0 0 0 0 0 0 0 0 0 0.73 0 0 0 0.44 0 0 1.5 0 0 0 0 0 0 0.9 0 0 1.62 0 0 0 0 0 0 1.18 0 0 1.66 0 0 0 0 0 0 3.14 0 0 0.99 0 0 0 0 0 0 2.42 0 0 1.93 0 0 0 0 0 0 0.8 0 0 2.74 0 0 0 0 0 0 5.4 0 0 1.9 0 0 0 0 0 0 0.92 0 0 0.33 0 0 0 0 0 0 0.8 0 0 3.18 0 0 0 0 0 0 1.32 0 0 0.51 0 0 0 0 0 0 0 0 0 0 0 0 0 0 0 0 0 0 0 0 0 0 0 0 0 0 0 0 0 0 0 0 0 0 0 0 0 0 0 0 0 0 0 0 0 0 0 0 0 0 0 0 0 0 0 0 0 0 0 0 0 0 0 0 0 0 0 0 0 0 0 0 0 0 0 0 0 0 0 0 0 0 0 0 0 0 0 0 0 0 0 0 0 0 0 0 0 0 0 0 0 0 0 0 0 0 0 0 0 0 0 0 2.45 0 0 0 0 0 0 0 0 0 0.04 0 0 0 0 0 0 0 0 0 1.4 0 0 0 0 0 0 0 0 0 1.83 0 0 0 0 0 0 0 0 0 2.68 0 0 0 0 0 0 0 0 0 3.53 0 0 0 0 0 0 0 0 0 1.92 0 0 0 0 0 0 0 0 0 3.09 0 0 0 0 0 0 0 0 0 3.7 0 0 0 0 0 0 0 0 0 5.17 0 0 0 0 0 0 0 0 0 1.55 0 0 0 0 0 0 0 0 0 2.22 0 0 0 0 0 0 0 0 0 1.23 0 0 0 0 0 0 0 0 0 2.99 0 0 0 0 0 0 0 0 0 1.23 0 0 0 0 0 0 0 0 0 0.26 0 0 0 0 0 0 0 0 0 3.49 0 0 0 0 0 0 0 0 0 1.77 0 0 0 0 0 0 0 0 0 0.21 0 0 0 0 0 0 0 0 0 0.56 0 0 0 0.36 0 0 2.8 0 0 0 0 0 0 4.16 0 0 2.59 0 0 0 0 0 0 3.59 0 0 0.79 0 0 0 0 0 0 3.81 0 0 0.47 0 0 0 0 0 0 0.77 0 0 0.61 0 0 0 0 0 0 3.67 0 0 0.32 0 0 0 0 0 0 3.02 0 0 0.95 0 0 0 0 0 0 2.39 0 0 2.21 0 0 0 0 0 0 0.75 0 0 4.68 0 0 0 0 0 0 1.72 0 0 0.76 0 0 0 0 0 0 0 0 0 0 0 0 0 0 0 0 0 0 0 0 0 0 0 0 0 0 0 0 0 0 0 0 0 0 0 0 0 0 0 0 0 0 0 0 0 0 0 0 0 0 0 0 0 0 0 0 0 0 0 0 0 0 0 0 0 0 0 0 0 0 0 0 0 0 0 0 0 0 0 0 0 0 0 0 0 0 0 0 0 0 0 0 0 0 0 0 0 0 0 0 0 0 0 0 0 0 0 0 0 0 0 0 1.75 0 0 0 0 0 0 0 0 0 0.71 0 0 0 0 0 0 0 0 0 3.79 0 0 0 0 0 0 0 0 0 0.59 0 0 0 0 0 0 0 0 0 1.88 0 0 0 0 0 0 0 0 0 1.4 0 0 0 0 0 0 0 0 0 1.35 0 0 0 0 0 0 0 0 0 4.51 0 0 0 0 0 0 0 0 0 2.21 0 0 0 0 0 0 0 0 0 1.15 0 0 0 0.58 0 0 0.97 0 0 0 0 0 0 1.85 0 0 0.83 0 0 0 0 0 0 1.26 0 0 2.08 0 0 0 0 0 0 0.2 0 0 0.52 0 0 0 0 0 0 2.47 0 0 0.4 0 0 0 0 0 0 4.12 0 0 1.44 0 0 0 0 0 0 0.2 0 0 0.4 0 0 0 0 0 0 1.28 0 0 1.33 0 0 0 0 0 0 0.46 0 0 3.53 0 0 0 0 0 0 0.46 0 0 1.68 0 0 0 0 0 0 0 0 0 0 0 0 0 0 0 0 0 0 0 0 0 0 0 0 0 0 0 0 0 0 0 0 0 0 0 0 0 0 0 0 0 0 0 0 0 0 0 0 0 0 0 0 0 0 0 0 0 0 0 0 0 0 0 0 0 0 0 0 0 0 0 0 0 0 0 0 0 0 0 0 0 0 0 0 0 0 0 0 0 0 0 0 0 0 0 0 0 0 0 0 0 0 0 0 0 0 0 0 0 0 0 0 1.22 0 0 0 0 0 0 0 0 0 0.86 0 0 0 0 0 0 0 0 0 1.12 0 0 0 0 0 0 0 0 0 1.05 0 0 0 0 0 0 0 0 0 0.02 0 0 0 0 0 0 0 0 0 1.09 0 0 0 0 0 0 0 0 0 2.04 0 0 0 0 0 0 0 0 0 3.64 0 0 0 0 0 0 0 0 0 0.41 0 0 0 0 0 0 0 0 0 0.5 0 0 0 2.12 0 0 1.43 0 0 0 0 0 0 0.94 0 0 2.7 0 0 0 0 0 0 1.89 0 0 2.34 0 0 0 0 0 0 0.34 0 0 0.32 0 0 0 0 0 0 4.57 0 0 0.32 0 0 0 0 0 0 0.95 0 0 3.68 0 0 0 0 0 0 1.98 0 0 1.77 0 0 0 0 0 0 2.61 0 0 0.32 0 0 0 0 0 0 0.47 0 0 3.75 0 0 0 0 0 0 2.98 0 0 0.94 0 0 0 0 0 0 0 0 0 0 0 0 0 0 0 0 0 0 0 0 0 0 0 0 0 0 0 0 0 0 0 0 0 0 0 0 0 0 0 0 0 0 0 0 0 0 0 0 0 0 0 0 0 0 0 0 0 0 0 0 0 0 0 0 0 0 0 0 0 0 0 0 0 0 0 0 0 0 0 0 0 0 0 0 0 0 0 0 0 0 0 0 0 0 0 0 0 0 0 0 0 0 0 0 0 0 0 0 0 0 0 0 3.61 0 0 0 0 0 0 0 0 0 3.67 0 0 0 0 0 0 0 0 0 0.87 0 0 0 0 0 0 0 0 0 4.93 0 0 0 0 0 0 0 0 0 0.6 0 0 0 0 0 0 0 0 0 0.21 0 0 0 0 0 0 0 0 0 1.53 0 0 0 0 0 0 0 0 0 2.83 0 0 0 0 0 0 0 0 0 4.04 0 0 0 0 0 0 0 0 0 0.34 0 0 0 0 0 0 0 0 0 1.19 0 0 0 0 0 0 0 0 0 0.94 0 0 0 0 0 0 0 0 0 1.32 0 0 0 0 0 0 0 0 0 0.91 0 0 0 0 0 0 0 0 0 4.59 0 0 0 0 0 0 0 0 0 5.69 0 0 0 0 0 0 0 0 0 2.36 0 0 0 0 0 0 0 0 0 0.61 0 0 0 0 0 0 0 0 0 2.72 0 0 0 0 0 0 0 0 0 2.82 0 0 0 0.77 0 0 0.63 0 0 0 0 0 0 0.07 0 0 3.4 0 0 0 0 0 0 2.27 0 0 4.75 0 0 0 0 0 0 4.63 0 0 2.31 0 0 0 0 0 0 3.92 0 0 0.23 0 0 0 0 0 0 1.04 0 0 0.38 0 0 0 0 0 0 0.85 0 0 1.79 0 0 0 0 0 0 0.16 0 0 4.2 0 0 0 0 0 0 1.5 0 0 0.78 0 0 0 0 0 0 0.37 0 0 0.63 0 0 0 0 0 0 0 0 0 0 0 0 0 0 0 0 0 0 0 0 0 0 0 0 0 0 0 0 0 0 0 0 0 0 0 0 0 0 0 0 0 0 0 0 0 0 0 0 0 0 0 0 0 0 0 0 0 0 0 0 0 0 0 0 0 0 0 0 0 0 0 0 0 0 0 0 0 0 0 0 0 0 0 0 0 0 0 0 0 0 0 0 0 0 0 0 0 0 0 0 0 0 0 0 0 0 0 0 0 0 0 0 4.41 0 0 0 0 0 0 0 0 0 0.37 0 0 0 0 0 0 0 0 0 4.5 0 0 0 0 0 0 0 0 0 0.64 0 0 0 0 0 0 0 0 0 0.12 0 0 0 0 0 0 0 0 0 0.61 0 0 0 0 0 0 0 0 0 0.41 0 0 0 0 0 0 0 0 0 0.92 0 0 0 0 0 0 0 0 0 1.61 0 0 0 0 0 0 0 0 0 3.57 0 0 0 3.64 0 0 1.21 0 0 0 0 0 0 2.94 0 0 3.17 0 0 0 0 0 0 4.19 0 0 0.14 0 0 0 0 0 0 2.01 0 0 4.51 0 0 0 0 0 0 3.7 0 0 1 0 0 0 0 0 0 4.73 0 0 1 0 0 0 0 0 0 4.26 0 0 6.26 0 0 0 0 0 0 0.77 0 0 4 0 0 0 0 0 0 1.19 0 0 2.94 0 0 0 0 0 0 0.81 0 0 0.4 0 0 0 0 0 0 0 0 0 0 0 0 0 0 0 0 0 0 0 0 0 0 0 0 0 0 0 0 0 0 0 0 0 0 0 0 0 0 0 0 0 0 0 0 0 0 0 0 0 0 0 0 0 0 0 0 0 0 0 0 0 0 0 0 0 0 0 0 0 0 0 0 0 0 0 0 0 0 0 0 0 0 0 0 0 0 0 0 0 0 0 0 0 0 0 0 0 0 0 0 0 0 0 0 0 0 0 0 0 0 0 0 1.12 0 0 0 0 0 0 0 0 0 3.75 0 0 0 0 0 0 0 0 0 2.62 0 0 0 0 0 0 0 0 0 1.52 0 0 0 0 0 0 0 0 0 2.24 0 0 0 0 0 0 0 0 0 1.15 0 0 0 0 0 0 0 0 0 2 0 0 0 0 0 0 0 0 0 3.14 0 0 0 0 0 0 0 0 0 1.48 0 0 0 0 0 0 0 0 0 1.53 0 0 0 0.13 0 0 1.2 0 0 0 0 0 0 3.86 0 0 5.27 0 0 0 0 0 0 0.89 0 0 4.84 0 0 0 0 0 0 3.28 0 0 1.98 0 0 0 0 0 0 4.37 0 0 2.17 0 0 0 0 0 0 1.47 0 0 1 0 0 0 0 0 0 3.08 0 0 0.81 0 0 0 0 0 0 4 0 0 0.33 0 0 0 0 0 0 1.4 0 0 3.11 0 0 0 0 0 0 2.53 0 0 3.75 0 0 0 0 0 0 0 0 0 0 0 0 0 0 0 0 0 0 0 0 0 0 0 0 0 0 0 0 0 0 0 0 0 0 0 0 0 0 0 0 0 0 0 0 0 0 0 0 0 0 0 0 0 0 0 0 0 0 0 0 0 0 0 0 0 0 0 0 0 0 0 0 0 0 0 0 0 0 0 0 0 0 0 0 0 0 0 0 0 0 0 0 0 0 0 0 0 0 0 0 0 0 0 0 0 0 0 0 0 0 0 0 0.94 0 0 0 0 0 0 0 0 0 1.83 0 0 0 0 0 0 0 0 0 2.16 0 0 0 0 0 0 0 0 0 4.25 0 0 0 0 0 0 0 0 0 0.35 0 0 0 0 0 0 0 0 0 1.22 0 0 0 0 0 0 0 0 0 1.43 0 0 0 0 0 0 0 0 0 0.15 0 0 0 0 0 0 0 0 0 1.5 0 0 0 0 0 0 0 0 0 3.62 0 0 0 0 0 0 0 0 0 1.96 0 0 0 0 0 0 0 0 0 3.54 0 0 0 0 0 0 0 0 0 0.54 0 0 0 0 0 0 0 0 0 2.98 0 0 0 0 0 0 0 0 0 0.86 0 0 0 0 0 0 0 0 0 2.43 0 0 0 0 0 0 0 0 0 0.7 0 0 0 0 0 0 0 0 0 5.3 0 0 0 0 0 0 0 0 0 0.21 0 0 0 0 0 0 0 0 0 0.74 0 0 0 1.31 0 0 2.4 0 0 0 0 0 0 0.71 0 0 3.05 0 0 0 0 0 0 1.14 0 0 3.99 0 0 0 0 0 0 2.24 0 0 2.1 0 0 0 0 0 0 0.18 0 0 5.54 0 0 0 0 0 0 1.09 0 0 1.79 0 0 0 0 0 0 2.54 0 0 5.46 0 0 0 0 0 0 1.44 0 0 1.35 0 0 0 0 0 0 2.26 0 0 1.79 0 0 0 0 0 0 2.87 0 0 0.42 0 0 0 0 0 0 0 0 0 0 0 0 0 0 0 0 0 0 0 0 0 0 0 0 0 0 0 0 0 0 0 0 0 0 0 0 0 0 0 0 0 0 0 0 0 0 0 0 0 0 0 0 0 0 0 0 0 0 0 0 0 0 0 0 0 0 0 0 0 0 0 0 0 0 0 0 0 0 0 0 0 0 0 0 0 0 0 0 0 0 0 0 0 0 0 0 0 0 0 0 0 0 0 0 0 0 0 0 0 0 0 0 0.74 0 0 0 0 0 0 0 0 0 1.07 0 0 0 0 0 0 0 0 0 3.42 0 0 0 0 0 0 0 0 0 0.46 0 0 0 0 0 0 0 0 0 1.42 0 0 0 0 0 0 0 0 0 2.14 0 0 0 0 0 0 0 0 0 0.72 0 0 0 0 0 0 0 0 0 3.17 0 0 0 0 0 0 0 0 0 0.37 0 0 0 0 0 0 0 0 0 0.37 0 0 0 1.16 0 0 0.79 0 0 0 0 0 0 4.21 0 0 1.46 0 0 0 0 0 0 2.51 0 0 4.45 0 0 0 0 0 0 4.47 0 0 1.2 0 0 0 0 0 0 0.44 0 0 2.94 0 0 0 0 0 0 0.63 0 0 1.29 0 0 0 0 0 0 0.61 0 0 1.02 0 0 0 0 0 0 0.53 0 0 0.88 0 0 0 0 0 0 4.72 0 0 0.63 0 0 0 0 0 0 2.21 0 0 3.38 0 0 0 0 0 0 0 0 0 0 0 0 0 0 0 0 0 0 0 0 0 0 0 0 0 0 0 0 0 0 0 0 0 0 0 0 0 0 0 0 0 0 0 0 0 0 0 0 0 0 0 0 0 0 0 0 0 0 0 0 0 0 0 0 0 0 0 0 0 0 0 0 0 0 0 0 0 0 0 0 0 0 0 0 0 0 0 0 0 0 0 0 0 0 0 0 0 0 0 0 0 0 0 0 0 0 0 0 0 0 0 0 0.25 0 0 0 0 0 0 0 0 0 0.88 0 0 0 0 0 0 0 0 0 2.21 0 0 0 0 0 0 0 0 0 1.69 0 0 0 0 0 0 0 0 0 2.79 0 0 0 0 0 0 0 0 0 1.64 0 0 0 0 0 0 0 0 0 0.91 0 0 0 0 0 0 0 0 0 0.77 0 0 0 0 0 0 0 0 0 2.39 0 0 0 0 0 0 0 0 0 5.02 0 0 0 3.63 0 0 0.36 0 0 0 0 0 0 1.77 0 0 0.09 0 0 0 0 0 0 4.89 0 0 0.68 0 0 0 0 0 0 6.22 0 0 0.2 0 0 0 0 0 0 1.17 0 0 2.51 0 0 0 0 0 0 0.92 0 0 5.19 0 0 0 0 0 0 2.35 0 0 3.78 0 0 0 0 0 0 1.95 0 0 0.29 0 0 0 0 0 0 1.88 0 0 4.07 0 0 0 0 0 0 2.59 0 0 3.52 0 0 0 0 0 0 0 0 0 0 0 0 0 0 0 0 0 0 0 0 0 0 0 0 0 0 0 0 0 0 0 0 0 0 0 0 0 0 0 0 0 0 0 0 0 0 0 0 0 0 0 0 0 0 0 0 0 0 0 0 0 0 0 0 0 0 0 0 0 0 0 0 0 0 0 0 0 0 0 0 0 0 0 0 0 0 0 0 0 0 0 0 0 0 0 0 0 0 0 0 0 0 0 0 0 0 0 0 0 0 0 0 0.43 0 0 0 0 0 0 0 0 0 1.45 0 0 0 0 0 0 0 0 0 0.13 0 0 0 0 0 0 0 0 0 0.68 0 0 0 0 0 0 0 0 0 5.22 0 0 0 0 0 0 0 0 0 3 0 0 0 0 0 0 0 0 0 2.36 0 0 0 0 0 0 0 0 0 4.84 0 0 0 0 0 0 0 0 0 2.15 0 0 0 0 0 0 0 0 0 0.23 0 0 
0 0 0 0 0 0 0 1.11 0 0 0 0 0 0 0 0 0 5.48 0 0 0 0 0 0 0 0 0 2.9 0 0 0 0 0 0 0 0 0 0.25 0 0 0 0 0 0 0 0 0 1.94 0 0 0 0 0 0 0 0 0 2.48 0 0 0 0 0 0 0 0 0 2.39 0 0 0 0 0 0 0 0 0 0.18 0 0 0 0 0 0 0 0 0 0.37 0 0 0 0 0 0 0 0 0 2.42 0 0 0 0.85 0 0 4.95 0 0 0 0 0 0 1.09 0 0 1.46 0 0 0 0 0 0 2.11 0 0 2.6 0 0 0 0 0 0 0.46 0 0 3.42 0 0 0 0 0 0 0.53 0 0 1.5 0 0 0 0 0 0 0.44 0 0 2.39 0 0 0 0 0 0 1.84 0 0 2.14 0 0 0 0 0 0 1.55 0 0 4 0 0 0 0 0 0 0.15 0 0 0.34 0 0 0 0 0 0 4.18 0 0 2.87 0 0 0 0 0 0 0 0 0 0 0 0 0 0 0 0 0 0 0 0 0 0 0 0 0 0 0 0 0 0 0 0 0 0 0 0 0 0 0 0 0 0 0 0 0 0 0 0 0 0 0 0 0 0 0 0 0 0 0 0 0 0 0 0 0 0 0 0 0 0 0 0 0 0 0 0 0 0 0 0 0 0 0 0 0 0 0 0 0 0 0 0 0 0 0 0 0 0 0 0 0 0 0 0 0 0 0 0 0 0 0 0 4.49 0 0 0 0 0 0 0 0 0 0.67 0 0 0 0 0 0 0 0 0 3.52 0 0 0 0 0 0 0 0 0 3.73 0 0 0 0 0 0 0 0 0 0.53 0 0 0 0 0 0 0 0 0 1.13 0 0 0 0 0 0 0 0 0 4.44 0 0 0 0 0 0 0 0 0 1.32 0 0 0 0 0 0 0 0 0 0.07 0 0 0 0 0 0 0 0 0 0.23 0 0 0 1.07 0 0 1.13 0 0 0 0 0 0 3.2 0 0 2.44 0 0 0 0 0 0 1.42 0 0 0.84 0 0 0 0 0 0 2.02 0 0 1.02 0 0 0 0 0 0 4.41 0 0 0.95 0 0 0 0 0 0 0.38 0 0 0.32 0 0 0 0 0 0 4.46 0 0 2.37 0 0 0 0 0 0 4.2 0 0 3.33 0 0 0 0 0 0 0.73 0 0 1.01 0 0 0 0 0 0 3.09 0 0 2.35 0 0 0 0 0 0 0 0 0 0 0 0 0 0 0 0 0 0 0 0 0 0 0 0 0 0 0 0 0 0 0 0 0 0 0 0 0 0 0 0 0 0 0 0 0 0 0 0 0 0 0 0 0 0 0 0 0 0 0 0 0 0 0 0 0 0 0 0 0 0 0 0 0 0 0 0 0 0 0 0 0 0 0 0 0 0 0 0 0 0 0 0 0 0 0 0 0 0 0 0 0 0 0 0 0 0 0 0 0 0 0 0 2.49 0 0 0 0 0 0 0 0 0 4.44 0 0 0 0 0 0 0 0 0 5.06 0 0 0 0 0 0 0 0 0 2.21 0 0 0 0 0 0 0 0 0 0.79 0 0 0 0 0 0 0 0 0 0.2 0 0 0 0 0 0 0 0 0 1.69 0 0 0 0 0 0 0 0 0 0.92 0 0 0 0 0 0 0 0 0 6.2 0 0 0 0 0 0 0 0 0 2.23 0 0 0 4.81 0 0 1.95 0 0 0 0 0 0 1.6 0 0 2.35 0 0 0 0 0 0 0.66 0 0 0.86 0 0 0 0 0 0 0.68 0 0 0.32 0 0 0 0 0 0 0.89 0 0 2.96 0 0 0 0 0 0 3.92 0 0 1.73 0 0 0 0 0 0 1.97 0 0 3.6 0 0 0 0 0 0 0.21 0 0 2.44 0 0 0 0 0 0 4.64 0 0 4.18 0 0 0 0 0 0 4.34 0 0 0.8 0 0 0 0 0 0 0 0 0 0 0 0 0 0 0 0 0 0 0 0 0 0 0 0 0 0 0 0 0 0 0 0 0 0 0 0 0 0 0 0 0 0 0 0 0 0 0 0 0 0 0 0 0 0 0 0 0 0 0 0 0 0 0 0 0 0 0 0 0 0 0 0 0 0 0 0 0 0 0 0 0 0 0 0 0 0 0 0 0 0 0 0 0 0 0 0 0 0 0 0 0 0 0 0 0 0 0 0 0 0 0 0 0.61 0 0 0 0 0 0 0 0 0 0.54 0 0 0 0 0 0 0 0 0 3.17 0 0 0 0 0 0 0 0 0 1.58 0 0 0 0 0 0 0 0 0 0.68 0 0 0 0 0 0 0 0 0 0.49 0 0 0 0 0 0 0 0 0 0.96 0 0 0 0 0 0 0 0 0 0.35 0 0 0 0 0 0 0 0 0 3.5 0 0 0 0 0 0 0 0 0 0.5 0 0 0 0 0 0 0 0 0 1.53 0 0 0 0 0 0 0 0 0 5.32 0 0 0 0 0 0 0 0 0 3.13 0 0 0 0 0 0 0 0 0 4.41 0 0 0 0 0 0 0 0 0 4.47 0 0 0 0 0 0 0 0 0 0.75 0 0 0 0 0 0 0 0 0 1.14 0 0 0 0 0 0 0 0 0 3.33 0 0 0 0 0 0 0 0 0 3.23 0 0 0 0 0 0 0 0 0 2.19 0 0 0 4.89 0 0 1.43 0 0 0 0 0 0 1.61 0 0 1.97 0 0 0 0 0 0 2.83 0 0 2.57 0 0 0 0 0 0 3.73 0 0 5.5 0 0 0 0 0 0 2.18 0 0 1.3 0 0 0 0 0 0 4.74 0 0 4.35 0 0 0 0 0 0 3.39 0 0 4.86 0 0 0 0 0 0 3.42 0 0 4.25 0 0 0 0 0 0 0.23 0 0 2 0 0 0 0 0 0 2.45 0 0 2.13 0 0 0 0 0 0 0 0 0 0 0 0 0 0 0 0 0 0 0 0 0 0 0 0 0 0 0 0 0 0 0 0 0 0 0 0 0 0 0 0 0 0 0 0 0 0 0 0 0 0 0 0 0 0 0 0 0 0 0 0 0 0 0 0 0 0 0 0 0 0 0 0 0 0 0 0 0 0 0 0 0 0 0 0 0 0 0 0 0 0 0 0 0 0 0 0 0 0 0 0 0 0 0 0 0 0 0 0 0 0 0 0 3.24 0 0 0 0 0 0 0 0 0 0.75 0 0 0 0 0 0 0 0 0 4.86 0 0 0 0 0 0 0 0 0 0.64 0 0 0 0 0 0 0 0 0 2.75 0 0 0 0 0 0 0 0 0 5.36 0 0 0 0 0 0 0 0 0 1.22 0 0 0 0 0 0 0 0 0 0.66 0 0 0 0 0 0 0 0 0 1.46 0 0 0 0 0 0 0 0 0 1.95 0 0 0 3.43 0 0 0.62 0 0 0 0 0 0 1.65 0 0 0.15 0 0 0 0 0 0 2.3 0 0 4.4 0 0 0 0 0 0 5.21 0 0 3.26 0 0 0 0 0 0 4.2 0 0 2.96 0 0 0 0 0 0 4.32 0 0 5.03 0 0 0 0 0 0 5.39 0 0 0.73 0 0 0 0 0 0 3.31 0 0 0.96 0 0 0 0 0 0 0.34 0 0 5.12 0 0 0 0 0 0 0.29 0 0 3.85 0 0 0 0 0 0 0 0 0 0 0 0 0 0 0 0 0 0 0 0 0 0 0 0 0 0 0 0 0 0 0 0 0 0 0 0 0 0 0 0 0 0 0 0 0 0 0 0 0 0 0 0 0 0 0 0 0 0 0 0 0 0 0 0 0 0 0 0 0 0 0 0 0 0 0 0 0 0 0 0 0 0 0 0 0 0 0 0 0 0 0 0 0 0 0 0 0 0 0 0 0 0 0 0 0 0 0 0 0 0 0 0 3.64 0 0 0 0 0 0 0 0 0 0.13 0 0 0 0 0 0 0 0 0 2.53 0 0 0 0 0 0 0 0 0 4.95 0 0 0 0 0 0 0 0 0 0.45 0 0 0 0 0 0 0 0 0 3.61 0 0 0 0 0 0 0 0 0 3.36 0 0 0 0 0 0 0 0 0 0.82 0 0 0 0 0 0 0 0 0 4.74 0 0 0 0 0 0 0 0 0 2.16 0 0 0 3.63 0 0 1.79 0 0 0 0 0 0 2.38 0 0 2.97 0 0 0 0 0 0 3.35 0 0 3.09 0 0 0 0 0 0 0.99 0 0 4.22 0 0 0 0 0 0 0.3 0 0 1.31 0 0 0 0 0 0 1.75 0 0 3.9 0 0 0 0 0 0 0.1 0 0 0.41 0 0 0 0 0 0 2.86 0 0 0.65 0 0 0 0 0 0 0.57 0 0 0.85 0 0 0 0 0 0 3.8 0 0 0.39 0 0 0 0 0 0 0 0 0 0 0 0 0 0 0 0 0 0 0 0 0 0 0 0 0 0 0 0 0 0 0 0 0 0 0 0 0 0 0 0 0 0 0 0 0 0 0 0 0 0 0 0 0 0 0 0 0 0 0 0 0 0 0 0 0 0 0 0 0 0 0 0 0 0 0 0 0 0 0 0 0 0 0 0 0 0 0 0 0 0 0 0 0 0 0 0 0 0 0 0 0 0 0 0 0 0 0 0 0 0 0 0 0.4 0 0 0 0 0 0 0 0 0 0.46 0 0 0 0 0 0 0 0 0 1.85 0 0 0 0 0 0 0 0 0 3.89 0 0 0 0 0 0 0 0 0 2.46 0 0 0 0 0 0 0 0 0 5.06 0 0 0 0 0 0 0 0 0 0.46 0 0 0 0 0 0 0 0 0 0.62 0 0 0 0 0 0 0 0 0 4.47 0 0 0 0 0 0 0 0 0 2.21 0 0 0 0 0 0 0 0 0 2.82 0 0 0 0 0 0 0 0 0 0.62 0 0 0 0 0 0 0 0 0 0.67 0 0 0 0 0 0 0 0 0 2.88 0 0 0 0 0 0 0 0 0 1.23 0 0 0 0 0 0 0 0 0 0.14 0 0 0 0 0 0 0 0 0 3.75 0 0 0 0 0 0 0 0 0 2.61 0 0 0 0 0 0 0 0 0 2.97 0 0 0 0 0 0 0 0 0 2.11 0 0 0 1.69 0 0 0.46 0 0 0 0 0 0 0.28 0 0 3.52 0 0 0 0 0 0 1.76 0 0 1.1 0 0 0 0 0 0 1.57 0 0 4.04 0 0 0 0 0 0 0.91 0 0 2.59 0 0 0 0 0 0 2.94 0 0 3.65 0 0 0 0 0 0 3.12 0 0 1.48 0 0 0 0 0 0 1.94 0 0 0.56 0 0 0 0 0 0 4.96 0 0 0.76 0 0 0 0 0 0 2.41 0 0 1.71 0 0 0 0 0 0 0 0 0 0 0 0 0 0 0 0 0 0 0 0 0 0 0 0 0 0 0 0 0 0 0 0 0 0 0 0 0 0 0 0 0 0 0 0 0 0 0 0 0 0 0 0 0 0 0 0 0 0 0 0 0 0 0 0 0 0 0 0 0 0 0 0 0 0 0 0 0 0 0 0 0 0 0 0 0 0 0 0 0 0 0 0 0 0 0 0 0 0 0 0 0 0 0 0 0 0 0 0 0 0 0 0 2.25 0 0 0 0 0 0 0 0 0 0.73 0 0 0 0 0 0 0 0 0 1.3 0 0 0 0 0 0 0 0 0 2.3 0 0 0 0 0 0 0 0 0 1.15 0 0 0 0 0 0 0 0 0 0.18 0 0 0 0 0 0 0 0 0 4.27 0 0 0 0 0 0 0 0 0 0.18 0 0 0 0 0 0 0 0 0 3.05 0 0 0 0 0 0 0 0 0 5.21 0 0 0 5.32 0 0 0.1 0 0 0 0 0 0 1.45 0 0 1.7 0 0 0 0 0 0 1.68 0 0 4.56 0 0 0 0 0 0 3.73 0 0 1.09 0 0 0 0 0 0 0.87 0 0 0.24 0 0 0 0 0 0 0.37 0 0 5.17 0 0 0 0 0 0 3.51 0 0 3.12 0 0 0 0 0 0 4.81 0 0 1.5 0 0 0 0 0 0 4.71 0 0 4.45 0 0 0 0 0 0 1.06 0 0 2.21 0 0 0 0 0 0 0 0 0 0 0 0 0 0 0 0 0 0 0 0 0 0 0 0 0 0 0 0 0 0 0 0 0 0 0 0 0 0 0 0 0 0 0 0 0 0 0 0 0 0 0 0 0 0 0 0 0 0 0 0 0 0 0 0 0 0 0 0 0 0 0 0 0 0 0 0 0 0 0 0 0 0 0 0 0 0 0 0 0 0 0 0 0 0 0 0 0 0 0 0 0 0 0 0 0 0 0 0 0 0 0 0 3.19 0 0 0 0 0 0 0 0 0 0.59 0 0 0 0 0 0 0 0 0 0.31 0 0 0 0 0 0 0 0 0 1.85 0 0 0 0 0 0 0 0 0 3.89 0 0 0 0 0 0 0 0 0 3.61 0 0 0 0 0 0 0 0 0 0.16 0 0 0 0 0 0 0 0 0 4.99 0 0 0 0 0 0 0 0 0 3.46 0 0 0 0 0 0 0 0 0 4.7 0 0 0 0.79 0 0 0.1 0 0 0 0 0 0 0.26 0 0 0.07 0 0 0 0 0 0 2.15 0 0 3.31 0 0 0 0 0 0 0.08 0 0 0.94 0 0 0 0 0 0 2.55 0 0 0.22 0 0 0 0 0 0 4.24 0 0 4.61 0 0 0 0 0 0 0.48 0 0 0.32 0 0 0 0 0 0 2.24 0 0 5.22 0 0 0 0 0 0 1.57 0 0 4.77 0 0 0 0 0 0 2.08 0 0 5.3 0 0 0 0 0 0 0 0 0 0 0 0 0 0 0 0 0 0 0 0 0 0 0 0 0 0 0 0 0 0 0 0 0 0 0 0 0 0 0 0 0 0 0 0 0 0 0 0 0 0 0 0 0 0 0 0 0 0 0 0 0 0 0 0 0 0 0 0 0 0 0 0 0 0 0 0 0 0 0 0 0 0 0 0 0 0 0 0 0 0 0 0 0 0 0 0 0 0 0 0 0 0 0 0 0 0 0 0 0 0 0 0 0.79 0 0 0 0 0 0 0 0 0 0.68 0 0 0 0 0 0 0 0 0 2.81 0 0 0 0 0 0 0 0 0 2.12 0 0 0 0 0 0 0 0 0 3.04 0 0 0 0 0 0 0 0 0 2.05 0 0 0 0 0 0 0 0 0 0.81 0 0 0 0 0 0 0 0 0 2.98 0 0 0 0 0 0 0 0 0 5.04 0 0 0 0 0 0 0 0 0 1.33 0 0 0 0 0 0 0 0 0 4.09 0 0 0 0 0 0 0 0 0 1.67 0 0 0 0 0 0 0 0 0 3.64 0 0 0 0 0 0 0 0 0 4.44 0 0 0 0 0 0 0 0 0 2.96 0 0 0 0 0 0 0 0 0 0.83 0 0 0 0 0 0 0 0 0 3.58 0 0 0 0 0 0 0 0 0 5.46 0 0 0 0 0 0 0 0 0 2.88 0 0 0 0 0 0 0 0 0 1.15 0 0 0 1.06 0 0 1.99 0 0 0 0 0 0 2.14 0 0 1.25 0 0 0 0 0 0 2.81 0 0 0.1 0 0 0 0 0 0 0.44 0 0 0.76 0 0 0 0 0 0 3.06 0 0 0.27 0 0 0 0 0 0 0.15 0 0 0.28 0 0 0 0 0 0 1.71 0 0 1.22 0 0 0 0 0 0 4.83 0 0 2.39 0 0 0 0 0 0 0.46 0 0 0.84 0 0 0 0 0 0 0.44 0 0 1.14 0 0 0 0 0 0 0 0 0 0 0 0 0 0 0 0 0 0 0 0 0 0 0 0 0 0 0 0 0 0 0 0 0 0 0 0 0 0 0 0 0 0 0 0 0 0 0 0 0 0 0 0 0 0 0 0 0 0 0 0 0 0 0 0 0 0 0 0 0 0 0 0 0 0 0 0 0 0 0 0 0 0 0 0 0 0 0 0 0 0 0 0 0 0 0 0 0 0 0 0 0 0 0 0 0 0 0 0 0 0 0 0 1.4 0 0 0 0 0 0 0 0 0 1.48 0 0 0 0 0 0 0 0 0 3.64 0 0 0 0 0 0 0 0 0 3.22 0 0 0 0 0 0 0 0 0 2.44 0 0 0 0 0 0 0 0 0 4.05 0 0 0 0 0 0 0 0 0 0.39 0 0 0 0 0 0 0 0 0 1.3 0 0 0 0 0 0 0 0 0 3.84 0 0 0 0 0 0 0 0 0 0.11 0 0 0 1.35 0 0 2.19 0 0 0 0 0 0 0.73 0 0 0.48 0 0 0 0 0 0 2.4 0 0 2.19 0 0 0 0 0 0 0.96 0 0 0.36 0 0 0 0 0 0 4.37 0 0 3 0 0 0 0 0 0 3.4 0 0 3.9 0 0 0 0 0 0 3.34 0 0 4.15 0 0 0 0 0 0 1.94 0 0 3.84 0 0 0 0 0 0 3.9 0 0 0.22 0 0 0 0 0 0 3.64 0 0 0.89 0 0 0 0 0 0 0 0 0 0 0 0 0 0 0 0 0 0 0 0 0 0 0 0 0 0 0 0 0 0 0 0 0 0 0 0 0 0 0 0 0 0 0 0 0 0 0 0 0 0 0 0 0 0 0 0 0 0 0 0 0 0 0 0 0 0 0 0 0 0 0 0 0 0 0 0 0 0 0 0 0 0 0 0 0 0 0 0 0 0 0 0 0 0 0 0 0 0 0 0 0 0 0 0 0 0 0 0 0 0 0 0 5.19 0 0 0 0 0 0 0 0 0 0.69 0 0 0 0 0 0 0 0 0 0.57 0 0 0 0 0 0 0 0 0 0.62 0 0 0 0 0 0 0 0 0 1.85 0 0 0 0 0 0 0 0 0 0.09 0 0 0 0 0 0 0 0 0 0.61 0 0 0 0 0 0 0 0 0 2.32 0 0 0 0 0 0 0 0 0 0.15 0 0 0 0 0 0 0 0 0 4.82 0 0 0 5.14 0 0 3.32 0 0 0 0 0 0 2.58 0 0 5.05 0 0 0 0 0 0 0.97 0 0 0.44 0 0 0 0 0 0 0.33 0 0 0.05 0 0 0 0 0 0 3.01 0 0 0.27 0 0 0 0 0 0 2.46 0 0 0.83 0 0 0 0 0 0 3 0 0 3.37 0 0 0 0 0 0 5.39 0 0 0.43 0 0 0 0 0 0 3.8 0 0 5.84 0 0 0 0 0 0 1 0 0 1.81 0 0 0 0 0 0 0 0 0 0 0 0 0 0 0 0 0 0 0 0 0 0 0 0 0 0 0 0 0 0 0 0 0 0 0 0 0 0 0 0 0 0 0 0 0 0 0 0 0 0 0 0 0 0 0 0 0 0 0 0 0 0 0 0 0 0 0 0 0 0 0 0 0 0 0 0 0 0 0 0 0 0 0 0 0 0 0 0 0 0 0 0 0 0 0 0 0 0 0 0 0 0 0 0 0 0 0 0 0 0 0 0 1.4 0 0 0 0 0 0 0 0 0 1.02 0 0 0 0 0 0 0 0 0 3.82 0 0 0 0 0 0 0 0 0 0.71 0 0 0 0 0 0 0 0 0 3.53 0 0 0 0 0 0 0 0 0 2.05 0 0 0 0 0 0 0 0 0 1.06 0 0 0 0 0 0 0 0 0 0.35 0 0 0 0 0 0 0 0 0 1.28 0 0 0 0 0 0 0 0 0 2.46 0 0 0 0 0 0 0 0 0 1.28 0 0 0 0 0 0 0 0 0 0.27 0 0 0 0 0 0 0 0 0 1.34 0 0 0 0 0 0 0 0 0 1.25 0 0 0 0 0 0 0 0 0 1.35 0 0 0 0 0 0 0 0 0 2.44 0 0 0 0 0 0 0 0 0 1.47 0 0 0 0 0 0 0 0 0 6.25 0 0 0 0 0 0 0 0 0 3.51 0 0 0 0 0 0 0 0 0 2.31 0 0 0 0.52 0 0 2.45 0 0 0 0 0 0 3.54 0 0 2.22 0 0 0 0 0 0 0.76 0 0 0.83 0 0 0 0 0 0 3.41 0 0 1.01 0 0 0 0 0 0 0.41 0 0 4.61 0 0 0 0 0 0 2.87 0 0 1.39 0 0 0 0 0 0 0.79 0 0 0.76 0 0 0 0 0 0 0.45 0 0 3.6 0 0 0 0 0 0 0.61 0 0 2.14 0 0 0 0 0 0 5.27 0 0 1.26 0 0 0 0 0 0 0 0 0 0 0 0 0 0 0 0 0 0 0 0 0 0 0 0 0 0 0 0 0 0 0 0 0 0 0 0 0 0 0 0 0 0 0 0 0 0 0 0 0 0 0 0 0 0 0 0 0 0 0 0 0 0 0 0 0 0 0 0 0 0 0 0 0 0 0 0 0 0 0 0 0 0 0 0 0 0 0 0 0 0 0 0 0 0 0 0 0 0 0 0 0 0 0 0 0 0 0 0 0 0 0 0 1.01 0 0 0 0 0 0 0 0 0 2.71 0 0 0 0 0 0 0 0 0 1.47 0 0 0 0 0 0 0 0 0 3.51 0 0 0 0 0 0 0 0 0 0.21 0 0 0 0 0 0 0 0 0 1.39 0 0 0 0 0 0 0 0 0 0.11 0 0 0 0 0 0 0 0 0 0.39 0 0 0 0 0 0 0 0 0 2.91 0 0 0 0 0 0 0 0 0 0.25 0 0 0 2.34 0 0 4.18 0 0 0 0 0 0 5.65 0 0 0.33 0 0 0 0 0 0 2.81 0 0 3.9 0 0 0 0 0 0 0.46 0 0 4.6 0 0 0 0 0 0 2.15 0 0 1.43 0 0 0 0 0 0 3.68 0 0 0.21 0 0 0 0 0 0 1.49 0 0 1.44 0 0 0 0 0 0 0.29 0 0 0.84 0 0 0 0 0 0 0.33 0 0 1.86 0 0 0 0 0 0 3.13 0 0 1.22 0 0 0 0 0 0 0 0 0 0 0 0 0 0 0 0 0 0 0 0 0 0 0 0 0 0 0 0 0 0 0 0 0 0 0 0 0 0 0 0 0 0 0 0 0 0 0 0 0 0 0 0 0 0 0 0 0 0 0 0 0 0 0 0 0 0 0 0 0 0 0 0 0 0 0 0 0 0 0 0 0 0 0 0 0 0 0 0 0 0 0 0 0 0 0 0 0 0 0 0 0 0 0 0 0 0 0 0 0 0 0 0 2.04 0 0 0 0 0 0 0 0 0 1.39 0 0 0 0 0 0 0 0 0 2.08 0 0 0 0 0 0 0 0 0 3.38 0 0 0 0 0 0 0 0 0 4.24 0 0 0 0 0 0 0 0 0 1.98 0 0 0 0 0 0 0 0 0 3.8 0 0 0 0 0 0 0 0 0 1.96 0 0 0 0 0 0 0 0 0 1.94 0 0 0 0 0 0 0 0 0 4.9 0 0 0 2.27 0 0 0.57 0 0 0 0 0 0 4.38 0 0 1.87 0 0 0 0 0 0 3.79 0 0 0.17 0 0 0 0 0 0 1.33 0 0 0.21 0 0 0 0 0 0 1.46 0 0 5.29 0 0 0 0 0 0 1.56 0 0 0.23 0 0 0 0 0 0 2.22 0 0 0.51 0 0 0 0 0 0 1.28 0 0 3.25 0 0 0 0 0 0 0.61 0 0 1.14 0 0 0 0 0 0 5.12 0 0 2.86 0 0 0 0 0 0 0 0 0 0 0 0 0 0 0 0 0 0 0 0 0 0 0 0 0 0 0 0 0 0 0 0 0 0 0 0 0 0 0 0 0 0 0 0 0 0 0 0 0 0 0 0 0 0 0 0 0 0 0 0 0 0 0 0 0 0 0 0 0 0 0 0 0 0 0 0 0 0 0 0 0 0 0 0 0 0 0 0 0 0 0 0 0 0 0 0 0 0 0 0 0 0 0 0 0 0 0 0 0 0 0 0 3.88 0 0 0 0 0 0 0 0 0 1.28 0 0 0 0 0 0 0 0 0 0.74 0 0 0 0 0 0 0 0 0 1.18 0 0 0 0 0 0 0 0 0 1.51 0 0 0 0 0 0 0 0 0 2.52 0 0 0 0 0 0 0 0 0 4.65 0 0 0 0 0 0 0 0 0 5.4 0 0 0 0 0 0 0 0 0 0.71 0 0 0 0 0 0 0 0 0 0.89 0 0 0 0 0 0 0 0 0 2.1 0 0 0 0 0 0 0 0 0 1.25 0 0 0 0 0 0 0 0 0 2.57 0 0 0 0 0 0 0 0 0 2.74 0 0 0 0 0 0 0 0 0 5.55 0 0 0 0 0 0 0 0 0 2.03 0 0 0 0 0 0 0 0 0 3.59 0 0 0 0 0 0 0 0 0 0.88 0 0 0 0 0 0 0 0 0 4.32 0 0 0 0 0 0 0 0 0 1.24 0 0 0 0.06 0 0 3.47 0 0 0 0 0 0 1.3 0 0 3.43 0 0 0 0 0 0 3.82 0 0 3.9 0 0 0 0 0 0 0.45 0 0 0.24 0 0 0 0 0 0 1.64 0 0 0.14 0 0 0 0 0 0 0.58 0 0 5.39 0 0 0 0 0 0 0.78 0 0 0.65 0 0 0 0 0 0 3.8 0 0 0.79 0 0 0 0 0 0 0.62 0 0 3.62 0 0 0 0 0 0 1.64 0 0 0.7 0 0 0 0 0 0 0 0 0 0 0 0 0 0 0 0 0 0 0 0 0 0 0 0 0 0 0 0 0 0 0 0 0 0 0 0 0 0 0 0 0 0 0 0 0 0 0 0 0 0 0 0 0 0 0 0 0 0 0 0 0 0 0 0 0 0 0 0 0 0 0 0 0 0 0 0 0 0 0 0 0 0 0 0 0 0 0 0 0 0 0 0 0 0 0 0 0 0 0 0 0 0 0 0 0 0 0 0 0 0 0 0 1.53 0 0 0 0 0 0 0 0 0 4.07 0 0 0 0 0 0 0 0 0 3.86 0 0 0 0 0 0 0 0 0 0.42 0 0 0 0 0 0 0 0 0 3.6 0 0 0 0 0 0 0 0 0 4.26 0 0 0 0 0 0 0 0 0 0.35 0 0 0 0 0 0 0 0 0 3.48 0 0 0 0 0 0 0 0 0 1.1 0 0 0 0 0 0 0 0 0 6.18 0 0 0 2.16 0 0 0.48 0 0 0 0 0 0 1.09 0 0 4.5 0 0 0 0 0 0 3.21 0 0 0.97 0 0 0 0 0 0 2.57 0 0 0.23 0 0 0 0 0 0 4.05 0 0 0.48 0 0 0 0 0 0 1.57 0 0 0.43 0 0 0 0 0 0 5.41 0 0 5.43 0 0 0 0 0 0 4.26 0 0 2.93 0 0 0 0 0 0 5.33 0 0 1.44 0 0 0 0 0 0 3.56 0 0 1.78 0 0 0 0 0 0 0 0 0 0 0 0 0 0 0 0 0 0 0 0 0 0 0 0 0 0 0 0 0 0 0 0 0 0 0 0 0 0 0 0 0 0 0 0 0 0 0 0 0 0 0 0 0 0 0 0 0 0 0 0 0 0 0 0 0 0 0 0 0 0 0 0 0 0 0 0 0 0 0 0 0 0 0 0 0 0 0 0 0 0 0 0 0 0 0 0 0 0 0 0 0 0 0 0 0 0 0 0 0 0 0 0 4.5 0 0 0 0 0 0 0 0 0 3 0 0 0 0 0 0 0 0 0 4.24 0 0 0 0 0 0 0 0 0 3.39 0 0 0 0 0 0 0 0 0 1.49 0 0 0 0 0 0 0 0 0 1.06 0 0 0 0 0 0 0 0 0 0.12 0 0 0 0 0 0 0 0 0 1.78 0 0 0 0 0 0 0 0 0 4.55 0 0 0 0 0 0 0 0 0 4.95 0 0 0 0.9 0 0 0.27 0 0 0 0 0 0 0.87 0 0 0.26 0 0 0 0 0 0 0.14 0 0 0.25 0 0 0 0 0 0 1.58 0 0 4.58 0 0 0 0 0 0 2.24 0 0 2.12 0 0 0 0 0 0 2.08 0 0 1.66 0 0 0 0 0 0 1.64 0 0 0.88 0 0 0 0 0 0 2.37 0 0 2.39 0 0 0 0 0 0 0.6 0 0 0.83 0 0 0 0 0 0 0.29 0 0 2.04 0 0 0 0 0 0 0 0 0 0 0 0 0 0 0 0 0 0 0 0 0 0 0 0 0 0 0 0 0 0 0 0 0 0 0 0 0 0 0 0 0 0 0 0 0 0 0 0 0 0 0 0 0 0 0 0 0 0 0 0 0 0 0 0 0 0 0 0 0 0 0 0 0 0 0 0 0 0 0 0 0 0 0 0 0 0 0 0 0 0 0 0 0 0 0 0 0 0 0 0 0 0 0 0 0 0 0 0 0 0 0 0 2.79 0 0 0 0 0 0 0 0 0 0.78 0 0 0 0 0 0 0 0 0 1 0 0 0 0 0 0 0 0 0 1.02 0 0 0 0 0 0 0 0 0 2.37 0 0 0 0 0 0 0 0 0 2.8 0 0 0 0 0 0 0 0 0 3.11 0 0 0 0 0 0 0 0 0 1.9 0 0 0 0 0 0 0 0 0 1.17 0 0 0 0 0 0 0 0 0 3.06 0 0 0 0 0 0 0 0 0 2.93 0 0 0 0 0 0 0 0 0 3.46 0 0 0 0 0 0 0 0 0 1.78 0 0 0 0 0 0 0 0 0 4.11 0 0 0 0 0 0 0 0 0 0.35 0 0 0 0 0 0 0 0 0 2.27 0 0 0 0 0 0 0 0 0 2.2 0 0 0 0 0 0 0 0 0 4.24 0 0 0 0 0 0 0 0 0 2.05 0 0 0 0 0 0 0 0 0 3.54 0 0 0 1.79 0 0 0.59 0 0 0 0 0 0 1.68 0 0 2.43 0 0 0 0 0 0 0.21 0 0 1.66 0 0 0 0 0 0 2.29 0 0 2.31 0 0 0 0 0 0 2.47 0 0 1.71 0 0 0 0 0 0 4 0 0 2.33 0 0 0 0 0 0 2.15 0 0 4.11 0 0 0 0 0 0 2.07 0 0 3.97 0 0 0 0 0 0 3.33 0 0 0.63 0 0 0 0 0 0 0.47 0 0 1.99 0 0 0 0 0 0 0 0 0 0 0 0 0 0 0 0 0 0 0 0 0 0 0 0 0 0 0 0 0 0 0 0 0 0 0 0 0 0 0 0 0 0 0 0 0 0 0 0 0 0 0 0 0 0 0 0 0 0 0 0 0 0 0 0 0 0 0 0 0 0 0 0 0 0 0 0 0 0 0 0 0 0 0 0 0 0 0 0 0 0 0 0 0 0 0 0 0 0 0 0 0 0 0 0 0 0 0 0 0 0 0 0 0.19 0 0 0 0 0 0 0 0 0 0.29 0 0 0 0 0 0 0 0 0 2.68 0 0 0 0 0 0 0 0 0 0.76 0 0 0 0 0 0 0 0 0 1.45 0 0 0 0 0 0 0 0 0 4.76 0 0 0 0 0 0 0 0 0 1.06 0 0 0 0 0 0 0 0 0 2.35 0 0 0 0 0 0 0 0 0 1 0 0 0 0 0 0 0 0 0 5.94 0 0 0 0.5 0 0 0.7 0 0 0 0 0 0 3.25 0 0 0.74 0 0 0 0 0 0 1.34 0 0 1.39 0 0 0 0 0 0 1.35 0 0 0.38 0 0 0 0 0 0 4.15 0 0 1.08 0 0 0 0 0 0 0.69 0 0 2.13 0 0 0 0 0 0 1.38 0 0 3.63 0 0 0 0 0 0 1.97 0 0 0.3 0 0 0 0 0 0 3.35 0 0 2.35 0 0 0 0 0 0 0.78 0 0 4.43 0 0 0 0 0 0 0 0 0 0 0 0 0 0 0 0 0 0 0 0 0 0 0 0 0 0 0 0 0 0 0 0 0 0 0 0 0 0 0 0 0 0 0 0 0 0 0 0 0 0 0 0 0 0 0 0 0 0 0 0 0 0 0 0 0 0 0 0 0 0 0 0 0 0 0 0 0 0 0 0 0 0 0 0 0 0 0 0 0 0 0 0 0 0 0 0 0 0 0 0 0 0 0 0 0 0 0 0 0 0 0 0 4.7 0 0 0 0 0 0 0 0 0 4.75 0 0 0 0 0 0 0 0 0 2.12 0 0 0 0 0 0 0 0 0 3.8 0 0 0 0 0 0 0 0 0 3.03 0 0 0 0 0 0 0 0 0 2.17 0 0 0 0 0 0 0 0 0 3.32 0 0 0 0 0 0 0 0 0 1.2 0 0 0 0 0 0 0 0 0 0.16 0 0 0 0 0 0 0 0 0 0.72 0 0 0 0.58 0 0 1.73 0 0 0 0 0 0 0.94 0 0 1.54 0 0 0 0 0 0 1.2 0 0 1.62 0 0 0 0 0 0 3.11 0 0 0.92 0 0 0 0 0 0 2.52 0 0 2.28 0 0 0 0 0 0 0.59 0 0 2.92 0 0 0 0 0 0 5.23 0 0 1.75 0 0 0 0 0 0 0.93 0 0 0.33 0 0 0 0 0 0 0.8 0 0 3.05 0 0 0 0 0 0 1.14 0 0 0.6 0 0 0 0 0 0 0 0 0 0 0 0 0 0 0 0 0 0 0 0 0 0 0 0 0 0 0 0 0 0 0 0 0 0 0 0 0 0 0 0 0 0 0 0 0 0 0 0 0 0 0 0 0 0 0 0 0 0 0 0 0 0 0 0 0 0 0 0 0 0 0 0 0 0 0 0 0 0 0 0 0 0 0 0 0 0 0 0 0 0 0 0 0 0 0 0 0 0 0 0 0 0 0 0 0 0 0 0 0 0 0 0 2.62 0 0 0 0 0 0 0 0 0 0.06 0 0 0 0 0 0 0 0 0 1.1 0 0 0 0 0 0 0 0 0 1.72 0 0 0 0 0 0 0 0 0 2.57 0 0 0 0 0 0 0 0 0 3.5 0 0 0 0 0 0 0 0 0 1.91 0 0 0 0 0 0 0 0 0 3.34 0 0 0 0 0 0 0 0 0 3.84 0 0 0 0 0 0 0 0 0 5.19 0 0 0 0 0 0 0 0 0 1.85 0 0 0 0 0 0 0 0 0 2.34 0 0 0 0 0 0 0 0 0 1.44 0 0 0 0 0 0 0 0 0 2.78 0 0 0 0 0 0 0 0 0 0.96 0 0 0 0 0 0 0 0 0 0.33 0 0 0 0 0 0 0 0 0 3.62 0 0 0 0 0 0 0 0 0 1.74 0 0 0 0 0 0 0 0 0 0.34 0 0 0 0 0 0 0 0 0 0.55 0 0 0 0.48 0 0 2.65 0 0 0 0 0 0 4.3 0 0 2.73 0 0 0 0 0 0 3.39 0 0 0.92 0 0 0 0 0 0 3.64 0 0 0.54 0 0 0 0 0 0 0.69 0 0 0.52 0 0 0 0 0 0 3.64 0 0 0.44 0 0 0 0 0 0 2.99 0 0 0.93 0 0 0 0 0 0 2.49 0 0 2.44 0 0 0 0 0 0 0.78 0 0 4.44 0 0 0 0 0 0 1.8 0 0 0.62 0 0 0 0 0 0 0 0 0 0 0 0 0 0 0 0 0 0 0 0 0 0 0 0 0 0 0 0 0 0 0 0 0 0 0 0 0 0 0 0 0 0 0 0 0 0 0 0 0 0 0 0 0 0 0 0 0 0 0 0 0 0 0 0 0 0 0 0 0 0 0 0 0 0 0 0 0 0 0 0 0 0 0 0 0 0 0 0 0 0 0 0 0 0 0 0 0 0 0 0 0 0 0 0 0 0 0 0 0 0 0 0 1.83 0 0 0 0 0 0 0 0 0 0.8 0 0 0 0 0 0 0 0 0 4.12 0 0 0 0 0 0 0 0 0 0.71 0 0 0 0 0 0 0 0 0 1.93 0 0 0 0 0 0 0 0 0 1.58 0 0 0 0 0 0 0 0 0 1.33 0 0 0 0 0 0 0 0 0 4.68 0 0 0 0 0 0 0 0 0 2.26 0 0 0 0 0 0 0 0 0 1.19 0 0 0 0.71 0 0 0.86 0 0 0 0 0 0 2.03 0 0 1.16 0 0 0 0 0 0 1.47 0 0 1.9 0 0 0 0 0 0 0.18 0 0 0.7 0 0 0 0 0 0 2.31 0 0 0.37 0 0 0 0 0 0 3.94 0 0 1.37 0 0 0 0 0 0 0.15 0 0 0.49 0 0 0 0 0 0 1.45 0 0 1.49 0 0 0 0 0 0 0.53 0 0 3.49 0 0 0 0 0 0 0.33 0 0 1.45 0 0 0 0 0 0 0 0 0 0 0 0 0 0 0 0 0 0 0 0 0 0 0 0 0 0 0 0 0 0 0 0 0 0 0 0 0 0 0 0 0 0 0 0 0 0 0 0 0 0 0 0 0 0 0 0 0 0 0 0 0 0 0 0 0 0 0 0 0 0 0 0 0 0 0 0 0 0 0 0 0 0 0 0 0 0 0 0 0 0 0 0 0 0 0 0 0 0 0 0 0 0 0 0 0 0 0 0 0 0 0 0 1.09 0 0 0 0 0 0 0 0 0 0.79 0 0 0 0 0 0 0 0 0 1.07 0 0 0 0 0 0 0 0 0 1.11 0 0 0 0 0 0 0 0 0 0.06 0 0 0 0 0 0 0 0 0 1.24 0 0 0 0 0 0 0 0 0 2.12 0 0 0 0 0 0 0 0 0 3.92 0 0 0 0 0 0 0 0 0 0.49 0 0 0 0 0 0 0 0 0 0.53 0 0 0 1.9 0 0 1.31 0 0 0 0 0 0 1.09 0 0 2.85 0 0 0 0 0 0 2.2 0 0 2.43 0 0 0 0 0 0 0.35 0 0 0.34 0 0 0 0 0 0 4.37 0 0 0.33 0 0 0 0 0 0 1.11 0 0 3.65 0 0 0 0 0 0 2.03 0 0 1.89 0 0 0 0 0 0 2.75 0 0 0.3 0 0 0 0 0 0 0.33 0 0 3.78 0 0 0 0 0 0 2.8 0 0 0.83 0 0 0 0 0 0 0 0 0 0 0 0 0 0 0 0 0 0 0 0 0 0 0 0 0 0 0 0 0 0 0 0 0 0 0 0 0 0 0 0 0 0 0 0 0 0 0 0 0 0 0 0 0 0 0 0 0 0 0 0 0 0 0 0 0 0 0 0 0 0 0 0 0 0 0 0 0 0 0 0 0 0 0 0 0 0 0 0 0 0 0 0 0 0 0 0 0 0 0 0 0 0 0 0 0 0 0 0 0 0 0 0 3.73 0 0 0 0 0 0 0 0 0 3.93 0 0 0 0 0 0 0 0 0 1.02 0 0 0 0 0 0 0 0 0 4.83 0 0 0 0 0 0 0 0 0 0.68 0 0 0 0 0 0 0 0 0 0.27 0 0 0 0 0 0 0 0 0 1.52 0 0 0 0 0 0 0 0 0 3.17 0 0 0 0 0 0 0 0 0 4.41 0 0 0 0 0 0 0 0 0 0.32 0 0 0 0 0 0 0 0 0 1.04 0 0 0 0 0 0 0 0 0 0.89 0 0 0 0 0 0 0 0 0 1.3 0 0 0 0 0 0 0 0 0 1.19 0 0 0 0 0 0 0 0 0 4.33 0 0 0 0 0 0 0 0 0 5.42 0 0 0 0 0 0 0 0 0 2.3 0 0 0 0 0 0 0 0 0 0.71 0 0 0 0 0 0 0 0 0 2.8 0 0 0 0 0 0 0 0 0 2.63 0 0 0 0.94 0 0 0.8 0 0 0 0 0 0 0.1 0 0 3.66 0 0 0 0 0 0 2.39 0 0 4.62 0 0 0 0 0 0 4.29 0 0 2.4 0 0 0 0 0 0 3.96 0 0 0.29 0 0 0 0 0 0 1.06 0 0 0.44 0 0 0 0 0 0 0.92 0 0 2.11 0 0 0 0 0 0 0.18 0 0 4.15 0 0 0 0 0 0 1.56 0 0 0.7 0 0 0 0 0 0 0.25 0 0 0.89 0 0 0 0 0 0 0 0 0 0 0 0 0 0 0 0 0 0 0 0 0 0 0 0 0 0 0 0 0 0 0 0 0 0 0 0 0 0 0 0 0 0 0 0 0 0 0 0 0 0 0 0 0 0 0 0 0 0 0 0 0 0 0 0 0 0 0 0 0 0 0 0 0 0 0 0 0 0 0 0 0 0 0 0 0 0 0 0 0 0 0 0 0 0 0 0 0 0 0 0 0 0 0 0 0 0 0 0 0 0 0 0 4.18 0 0 0 0 0 0 0 0 0 0.38 0 0 0 0 0 0 0 0 0 4.43 0 0 0 0 0 0 0 0 0 0.68 0 0 0 0 0 0 0 0 0 0.03 0 0 0 0 0 0 0 0 0 0.64 0 0 0 0 0 0 0 0 0 0.46 0 0 0 0 0 0 0 0 0 0.9 0 0 0 0 0 0 0 0 0 1.42 0 0 0 0 0 0 0 0 0 3.8 0 0 0 3.81 0 0 1.36 0 0 0 0 0 0 3.15 0 0 3.05 0 0 0 0 0 0 4.39 0 0 0.16 0 0 0 0 0 0 1.9 0 0 4.43 0 0 0 0 0 0 3.86 0 0 0.86 0 0 0 0 0 0 4.82 0 0 0.86 0 0 0 0 0 0 4.55 0 0 5.85 0 0 0 0 0 0 0.81 0 0 4.19 0 0 0 0 0 0 1.22 0 0 3.03 0 0 0 0 0 0 1 0 0 0.44 0 0 0 0 0 0 0 0 0 0 0 0 0 0 0 0 0 0 0 0 0 0 0 0 0 0 0 0 0 0 0 0 0 0 0 0 0 0 0 0 0 0 0 0 0 0 0 0 0 0 0 0 0 0 0 0 0 0 0 0 0 0 0 0 0 0 0 0 0 0 0 0 0 0 0 0 0 0 0 0 0 0 0 0 0 0 0 0 0 0 0 0 0 0 0 0 0 0 0 0 0 0 0 0 0 0 0 0 0 0 0 0 1.1 0 0 0 0 0 0 0 0 0 3.55 0 0 0 0 0 0 0 0 0 2.31 0 0 0 0 0 0 0 0 0 1.38 0 0 0 0 0 0 0 0 0 2.11 0 0 0 0 0 0 0 0 0 1.14 0 0 0 0 0 0 0 0 0 2 0 0 0 0 0 0 0 0 0 3.17 0 0 0 0 0 0 0 0 0 1.48 0 0 0 0 0 0 0 0 0 1.63 0 0 0 0.08 0 0 1 0 0 0 0 0 0 3.96 0 0 5.36 0 0 0 0 0 0 0.74 0 0 4.9 0 0 0 0 0 0 3.39 0 0 1.92 0 0 0 0 0 0 4.26 0 0 2.24 0 0 0 0 0 0 1.42 0 0 1.11 0 0 0 0 0 0 3.38 0 0 0.91 0 0 0 0 0 0 4.24 0 0 0.25 0 0 0 0 0 0 1.5 0 0 3.31 0 0 0 0 0 0 2.68 0 0 3.97 0 0 0 0 0 0 0 0 0 0 0 0 0 0 0 0 0 0 0 0 0 0 0 0 0 0 0 0 0 0 0 0 0 0 0 0 0 0 0 0 0 0 0 0 0 0 0 0 0 0 0 0 0 0 0 0 0 0 0 0 0 0 0 0 0 0 0 0 0 0 0 0 0 0 0 0 0 0 0 0 0 0 0 0 0 0 0 0 0 0 0 0 0 0 0 0 0 0 0 0 0 0 0 0 0 0 0 0 0 0 0 0 1.14 0 0 0 0 0 0 0 0 0 1.78 0 0 0 0 0 0 0 0 0 2.12 0 0 0 0 0 0 0 0 0 4.45 0 0 0 0 0 0 0 0 0 0.42 0 0 0 0 0 0 0 0 0 1.2 0 0 0 0 0 0 0 0 0 1.7 0 0 0 0 0 0 0 0 0 0.18 0 0 0 0 0 0 0 0 0 1.45 0 0 0 0 0 0 0 0 0 4.11 0 0 0 0 0 0 0 0 0 1.83 0 0 0 0 0 0 0 0 0 3.19 0 0 0 0 0 0 0 0 0 0.31 0 0 0 0 0 0 0 0 0 3.05 0 0 0 0 0 0 0 0 0 0.9 0 0 0 0 0 0 0 0 0 2.39 0 0 0 0 0 0 0 0 0 0.71 0 0 0 0 0 0 0 0 0 5.45 0 0 0 0 0 0 0 0 0 0.26 0 0 0 0 0 0 0 0 0 0.73 0 0 0 1.37 0 0 2.16 0 0 0 0 0 0 0.69 0 0 3.46 0 0 0 0 0 0 1.18 0 0 4.05 0 0 0 0 0 0 2.37 0 0 2.28 0 0 0 0 0 0 0.21 0 0 5.74 0 0 0 0 0 0 1.1 0 0 2.12 0 0 0 0 0 0 2.5 0 0 5.34 0 0 0 0 0 0 1.21 0 0 1.13 0 0 0 0 0 0 2.45 0 0 1.9 0 0 0 0 0 0 2.78 0 0 0.49 0 0 0 0 0 0 0 0 0 0 0 0 0 0 0 0 0 0 0 0 0 0 0 0 0 0 0 0 0 0 0 0 0 0 0 0 0 0 0 0 0 0 0 0 0 0 0 0 0 0 0 0 0 0 0 0 0 0 0 0 0 0 0 0 0 0 0 0 0 0 0 0 0 0 0 0 0 0 0 0 0 0 0 0 0 0 0 0 0 0 0 0 0 0 0 0 0 0 0 0 0 0 0 0 0 0 0 0 0 0 0 0 0.83 0 0 0 0 0 0 0 0 0 0.92 0 0 0 0 0 0 0 0 0 3.42 0 0 0 0 0 0 0 0 0 0.42 0 0 0 0 0 0 0 0 0 1.34 0 0 0 0 0 0 0 0 0 2 0 0 0 0 0 0 0 0 0 0.63 0 0 0 0 0 0 0 0 0 3.18 0 0 0 0 0 0 0 0 0 0.22 0 0 0 0 0 0 0 0 0 0.4 0 0 0 1.27 0 0 0.66 0 0 0 0 0 0 4.22 0 0 1.42 0 0 0 0 0 0 2.24 0 0 4.53 0 0 0 0 0 0 4.7 0 0 1.06 0 0 0 0 0 0 0.35 0 0 2.94 0 0 0 0 0 0 0.63 0 0 1.4 0 0 0 0 0 0 0.67 0 0 0.9 0 0 0 0 0 0 0.5 0 0 0.85 0 0 0 0 0 0 4.84 0 0 0.68 0 0 0 0 0 0 2.11 0 0 3.41 0 0 0 0 0 0 0 0 0 0 0 0 0 0 0 0 0 0 0 0 0 0 0 0 0 0 0 0 0 0 0 0 0 0 0 0 0 0 0 0 0 0 0 0 0 0 0 0 0 0 0 0 0 0 0 0 0 0 0 0 0 0 0 0 0 0 0 0 0 0 0 0 0 0 0 0 0 0 0 0 0 0 0 0 0 0 0 0 0 0 0 0 0 0 0 0 0 0 0 0 0 0 0 0 0 0 0 0 0 0 0 0 0.27 0 0 0 0 0 0 0 0 0 0.92 0 0 0 0 0 0 0 0 0 1.92 0 0 0 0 0 0 0 0 0 1.73 0 0 0 0 0 0 0 0 0 2.7 0 0 0 0 0 0 0 0 0 1.65 0 0 0 0 0 0 0 0 0 0.94 0 0 0 0 0 0 0 0 0 0.73 0 0 0 0 0 0 0 0 0 2.28 0 0 0 0 0 0 0 0 0 4.96 0 0 0 3.74 0 0 0.3 0 0 0 0 0 0 1.74 0 0 0.1 0 0 0 0 0 0 5.36 0 0 0.5 0 0 0 0 0 0 6.19 0 0 0.28 0 0 0 0 0 0 1.05 0 0 2.61 0 0 0 0 0 0 0.96 0 0 4.98 0 0 0 0 0 0 2.52 0 0 3.72 0 0 0 0 0 0 1.75 0 0 0.31 0 0 0 0 0 0 2.06 0 0 4.02 0 0 0 0 0 0 2.76 0 0 3.65 0 0 0 0 0 0 0 0 0 0 0 0 0 0 0 0 0 0 0 0 0 0 0 0 0 0 0 0 0 0 0 0 0 0 0 0 0 0 0 0 0 0 0 0 0 0 0 0 0 0 0 0 0 0 0 0 0 0 0 0 0 0 0 0 0 0 0 0 0 0 0 0 0 0 0 0 0 0 0 0 0 0 0 0 0 0 0 0 0 0 0 0 0 0 0 0 0 0 0 0 0 0 0 0 0 0 0 0 0 0 0 0 0.66 0 0 0 0 0 0 0 0 0 1.33 0 0 0 0 0 0 0 0 0 0.17 0 0 0 0 0 0 0 0 0 0.78 0 0 0 0 0 0 0 0 0 5.31 0 0 0 0 0 0 0 0 0 2.68 0 0 0 0 0 0 0 0 0 2.53 0 0 0 0 0 0 0 0 0 4.91 0 0 0 0 0 0 0 0 0 2.21 0 0 0 0 0 0 0 0 0 0.32 0 0 
0 0 0 0 0 0 0 0.82 0 0 0 0 0 0 0 0 0 5.76 0 0 0 0 0 0 0 0 0 2.95 0 0 0 0 0 0 0 0 0 0.18 0 0 0 0 0 0 0 0 0 2.28 0 0 0 0 0 0 0 0 0 2.51 0 0 0 0 0 0 0 0 0 2.11 0 0 0 0 0 0 0 0 0 0.2 0 0 0 0 0 0 0 0 0 0.32 0 0 0 0 0 0 0 0 0 2.5 0 0 0 0.7 0 0 4.89 0 0 0 0 0 0 0.98 0 0 1.25 0 0 0 0 0 0 1.95 0 0 2.84 0 0 0 0 0 0 0.48 0 0 3.35 0 0 0 0 0 0 0.41 0 0 1.36 0 0 0 0 0 0 0.42 0 0 2.31 0 0 0 0 0 0 1.99 0 0 2.07 0 0 0 0 0 0 1.15 0 0 4.08 0 0 0 0 0 0 0.17 0 0 0.36 0 0 0 0 0 0 4.13 0 0 3.05 0 0 0 0 0 0 0 0 0 0 0 0 0 0 0 0 0 0 0 0 0 0 0 0 0 0 0 0 0 0 0 0 0 0 0 0 0 0 0 0 0 0 0 0 0 0 0 0 0 0 0 0 0 0 0 0 0 0 0 0 0 0 0 0 0 0 0 0 0 0 0 0 0 0 0 0 0 0 0 0 0 0 0 0 0 0 0 0 0 0 0 0 0 0 0 0 0 0 0 0 0 0 0 0 0 0 0 0 0 0 0 0 4.35 0 0 0 0 0 0 0 0 0 0.72 0 0 0 0 0 0 0 0 0 3.41 0 0 0 0 0 0 0 0 0 3.77 0 0 0 0 0 0 0 0 0 0.51 0 0 0 0 0 0 0 0 0 1.15 0 0 0 0 0 0 0 0 0 4.65 0 0 0 0 0 0 0 0 0 1.32 0 0 0 0 0 0 0 0 0 0.09 0 0 0 0 0 0 0 0 0 0.29 0 0 0 1.05 0 0 1.05 0 0 0 0 0 0 3.49 0 0 2.63 0 0 0 0 0 0 1.29 0 0 0.79 0 0 0 0 0 0 2.03 0 0 1.15 0 0 0 0 0 0 4.37 0 0 1.02 0 0 0 0 0 0 0.35 0 0 0.39 0 0 0 0 0 0 4.5 0 0 2.34 0 0 0 0 0 0 4.25 0 0 3.24 0 0 0 0 0 0 0.76 0 0 1.14 0 0 0 0 0 0 3.19 0 0 2.38 0 0 0 0 0 0 0 0 0 0 0 0 0 0 0 0 0 0 0 0 0 0 0 0 0 0 0 0 0 0 0 0 0 0 0 0 0 0 0 0 0 0 0 0 0 0 0 0 0 0 0 0 0 0 0 0 0 0 0 0 0 0 0 0 0 0 0 0 0 0 0 0 0 0 0 0 0 0 0 0 0 0 0 0 0 0 0 0 0 0 0 0 0 0 0 0 0 0 0 0 0 0 0 0 0 0 0 0 0 0 0 0 2.56 0 0 0 0 0 0 0 0 0 4.73 0 0 0 0 0 0 0 0 0 4.89 0 0 0 0 0 0 0 0 0 2.26 0 0 0 0 0 0 0 0 0 0.67 0 0 0 0 0 0 0 0 0 0.09 0 0 0 0 0 0 0 0 0 1.77 0 0 0 0 0 0 0 0 0 0.85 0 0 0 0 0 0 0 0 0 6.21 0 0 0 0 0 0 0 0 0 1.94 0 0 0 4.69 0 0 1.59 0 0 0 0 0 0 1.43 0 0 2.57 0 0 0 0 0 0 0.63 0 0 0.87 0 0 0 0 0 0 0.71 0 0 0.33 0 0 0 0 0 0 1.02 0 0 3.12 0 0 0 0 0 0 3.86 0 0 1.7 0 0 0 0 0 0 2.1 0 0 3.49 0 0 0 0 0 0 0.26 0 0 2.27 0 0 0 0 0 0 4.68 0 0 4.39 0 0 0 0 0 0 4.73 0 0 0.65 0 0 0 0 0 0 0 0 0 0 0 0 0 0 0 0 0 0 0 0 0 0 0 0 0 0 0 0 0 0 0 0 0 0 0 0 0 0 0 0 0 0 0 0 0 0 0 0 0 0 0 0 0 0 0 0 0 0 0 0 0 0 0 0 0 0 0 0 0 0 0 0 0 0 0 0 0 0 0 0 0 0 0 0 0 0 0 0 0 0 0 0 0 0 0 0 0 0 0 0 0 0 0 0 0 0 0 0 0 0 0 0 0.49 0 0 0 0 0 0 0 0 0 0.75 0 0 0 0 0 0 0 0 0 3.25 0 0 0 0 0 0 0 0 0 1.59 0 0 0 0 0 0 0 0 0 0.64 0 0 0 0 0 0 0 0 0 0.41 0 0 0 0 0 0 0 0 0 1.07 0 0 0 0 0 0 0 0 0 0.43 0 0 0 0 0 0 0 0 0 3.41 0 0 0 0 0 0 0 0 0 0.54 0 0 0 0 0 0 0 0 0 1.48 0 0 0 0 0 0 0 0 0 5.49 0 0 0 0 0 0 0 0 0 3.14 0 0 0 0 0 0 0 0 0 4.32 0 0 0 0 0 0 0 0 0 4.53 0 0 0 0 0 0 0 0 0 0.76 0 0 0 0 0 0 0 0 0 1.13 0 0 0 0 0 0 0 0 0 3.62 0 0 0 0 0 0 0 0 0 3.33 0 0 0 0 0 0 0 0 0 2.16 0 0 0 4.24 0 0 1.37 0 0 0 0 0 0 1.44 0 0 2.05 0 0 0 0 0 0 2.88 0 0 2.77 0 0 0 0 0 0 3.51 0 0 5.52 0 0 0 0 0 0 2.14 0 0 1.39 0 0 0 0 0 0 4.61 0 0 4.19 0 0 0 0 0 0 3.41 0 0 5.04 0 0 0 0 0 0 3.45 0 0 4.22 0 0 0 0 0 0 0.41 0 0 1.77 0 0 0 0 0 0 2.45 0 0 2.25 0 0 0 0 0 0 0 0 0 0 0 0 0 0 0 0 0 0 0 0 0 0 0 0 0 0 0 0 0 0 0 0 0 0 0 0 0 0 0 0 0 0 0 0 0 0 0 0 0 0 0 0 0 0 0 0 0 0 0 0 0 0 0 0 0 0 0 0 0 0 0 0 0 0 0 0 0 0 0 0 0 0 0 0 0 0 0 0 0 0 0 0 0 0 0 0 0 0 0 0 0 0 0 0 0 0 0 0 0 0 0 0 3.53 0 0 0 0 0 0 0 0 0 0.71 0 0 0 0 0 0 0 0 0 4.72 0 0 0 0 0 0 0 0 0 0.58 0 0 0 0 0 0 0 0 0 2.7 0 0 0 0 0 0 0 0 0 5.48 0 0 0 0 0 0 0 0 0 1.27 0 0 0 0 0 0 0 0 0 0.65 0 0 0 0 0 0 0 0 0 1.2 0 0 0 0 0 0 0 0 0 1.92 0 0 0 3.55 0 0 0.52 0 0 0 0 0 0 1.57 0 0 0.14 0 0 0 0 0 0 2.13 0 0 4.09 0 0 0 0 0 0 5.1 0 0 3.37 0 0 0 0 0 0 4.44 0 0 2.86 0 0 0 0 0 0 4.39 0 0 4.9 0 0 0 0 0 0 5.16 0 0 0.82 0 0 0 0 0 0 3.42 0 0 0.9 0 0 0 0 0 0 0.39 0 0 5.02 0 0 0 0 0 0 0.28 0 0 3.8 0 0 0 0 0 0 0 0 0 0 0 0 0 0 0 0 0 0 0 0 0 0 0 0 0 0 0 0 0 0 0 0 0 0 0 0 0 0 0 0 0 0 0 0 0 0 0 0 0 0 0 0 0 0 0 0 0 0 0 0 0 0 0 0 0 0 0 0 0 0 0 0 0 0 0 0 0 0 0 0 0 0 0 0 0 0 0 0 0 0 0 0 0 0 0 0 0 0 0 0 0 0 0 0 0 0 0 0 0 0 0 0 3.51 0 0 0 0 0 0 0 0 0 0.15 0 0 0 0 0 0 0 0 0 2.52 0 0 0 0 0 0 0 0 0 4.87 0 0 0 0 0 0 0 0 0 0.58 0 0 0 0 0 0 0 0 0 3.96 0 0 0 0 0 0 0 0 0 3.24 0 0 0 0 0 0 0 0 0 0.72 0 0 0 0 0 0 0 0 0 4.82 0 0 0 0 0 0 0 0 0 2.28 0 0 0 3.53 0 0 2.17 0 0 0 0 0 0 2.52 0 0 2.82 0 0 0 0 0 0 3.45 0 0 3.22 0 0 0 0 0 0 1.08 0 0 3.89 0 0 0 0 0 0 0.22 0 0 1.54 0 0 0 0 0 0 1.78 0 0 3.88 0 0 0 0 0 0 0.12 0 0 0.59 0 0 0 0 0 0 3 0 0 0.75 0 0 0 0 0 0 0.76 0 0 0.96 0 0 0 0 0 0 3.69 0 0 0.34 0 0 0 0 0 0 0 0 0 0 0 0 0 0 0 0 0 0 0 0 0 0 0 0 0 0 0 0 0 0 0 0 0 0 0 0 0 0 0 0 0 0 0 0 0 0 0 0 0 0 0 0 0 0 0 0 0 0 0 0 0 0 0 0 0 0 0 0 0 0 0 0 0 0 0 0 0 0 0 0 0 0 0 0 0 0 0 0 0 0 0 0 0 0 0 0 0 0 0 0 0 0 0 0 0 0 0 0 0 0 0 0 0.36 0 0 0 0 0 0 0 0 0 0.52 0 0 0 0 0 0 0 0 0 1.85 0 0 0 0 0 0 0 0 0 4.02 0 0 0 0 0 0 0 0 0 2.33 0 0 0 0 0 0 0 0 0 5.31 0 0 0 0 0 0 0 0 0 0.6 0 0 0 0 0 0 0 0 0 0.55 0 0 0 0 0 0 0 0 0 4.7 0 0 0 0 0 0 0 0 0 2.18 0 0 0 0 0 0 0 0 0 2.7 0 0 0 0 0 0 0 0 0 0.68 0 0 0 0 0 0 0 0 0 0.73 0 0 0 0 0 0 0 0 0 2.8 0 0 0 0 0 0 0 0 0 1.1 0 0 0 0 0 0 0 0 0 0.17 0 0 0 0 0 0 0 0 0 3.67 0 0 0 0 0 0 0 0 0 2.59 0 0 0 0 0 0 0 0 0 2.88 0 0 0 0 0 0 0 0 0 2.35 0 0 0 1.73 0 0 0.54 0 0 0 0 0 0 0.22 0 0 3.3 0 0 0 0 0 0 1.59 0 0 1.03 0 0 0 0 0 0 1.68 0 0 3.82 0 0 0 0 0 0 0.91 0 0 2.66 0 0 0 0 0 0 3.1 0 0 3.6 0 0 0 0 0 0 3.09 0 0 1.46 0 0 0 0 0 0 1.71 0 0 0.54 0 0 0 0 0 0 5.08 0 0 0.91 0 0 0 0 0 0 2.72 0 0 1.74 0 0 0 0 0 0 0 0 0 0 0 0 0 0 0 0 0 0 0 0 0 0 0 0 0 0 0 0 0 0 0 0 0 0 0 0 0 0 0 0 0 0 0 0 0 0 0 0 0 0 0 0 0 0 0 0 0 0 0 0 0 0 0 0 0 0 0 0 0 0 0 0 0 0 0 0 0 0 0 0 0 0 0 0 0 0 0 0 0 0 0 0 0 0 0 0 0 0 0 0 0 0 0 0 0 0 0 0 0 0 0 0 2.14 0 0 0 0 0 0 0 0 0 0.57 0 0 0 0 0 0 0 0 0 1.38 0 0 0 0 0 0 0 0 0 2.42 0 0 0 0 0 0 0 0 0 1.08 0 0 0 0 0 0 0 0 0 0.19 0 0 0 0 0 0 0 0 0 4.18 0 0 0 0 0 0 0 0 0 0.12 0 0 0 0 0 0 0 0 0 3.09 0 0 0 0 0 0 0 0 0 4.98 0 0 0 5.52 0 0 0.09 0 0 0 0 0 0 1.46 0 0 1.85 0 0 0 0 0 0 1.73 0 0 4.28 0 0 0 0 0 0 3.8 0 0 1.1 0 0 0 0 0 0 0.65 0 0 0.34 0 0 0 0 0 0 0.43 0 0 5.03 0 0 0 0 0 0 3.36 0 0 3.16 0 0 0 0 0 0 4.95 0 0 1.43 0 0 0 0 0 0 5.02 0 0 4.28 0 0 0 0 0 0 0.83 0 0 1.97 0 0 0 0 0 0 0 0 0 0 0 0 0 0 0 0 0 0 0 0 0 0 0 0 0 0 0 0 0 0 0 0 0 0 0 0 0 0 0 0 0 0 0 0 0 0 0 0 0 0 0 0 0 0 0 0 0 0 0 0 0 0 0 0 0 0 0 0 0 0 0 0 0 0 0 0 0 0 0 0 0 0 0 0 0 0 0 0 0 0 0 0 0 0 0 0 0 0 0 0 0 0 0 0 0 0 0 0 0 0 0 0 3.16 0 0 0 0 0 0 0 0 0 0.46 0 0 0 0 0 0 0 0 0 0.21 0 0 0 0 0 0 0 0 0 2.07 0 0 0 0 0 0 0 0 0 4.06 0 0 0 0 0 0 0 0 0 3.71 0 0 0 0 0 0 0 0 0 0.16 0 0 0 0 0 0 0 0 0 4.98 0 0 0 0 0 0 0 0 0 3.09 0 0 0 0 0 0 0 0 0 4.61 0 0 0 0.92 0 0 0.11 0 0 0 0 0 0 0.34 0 0 0.05 0 0 0 0 0 0 2.25 0 0 3.35 0 0 0 0 0 0 0.01 0 0 1.18 0 0 0 0 0 0 2.57 0 0 0.31 0 0 0 0 0 0 4.1 0 0 4.56 0 0 0 0 0 0 0.48 0 0 0.28 0 0 0 0 0 0 2.05 0 0 5.16 0 0 0 0 0 0 1.57 0 0 4.62 0 0 0 0 0 0 2.13 0 0 5.16 0 0 0 0 0 0 0 0 0 0 0 0 0 0 0 0 0 0 0 0 0 0 0 0 0 0 0 0 0 0 0 0 0 0 0 0 0 0 0 0 0 0 0 0 0 0 0 0 0 0 0 0 0 0 0 0 0 0 0 0 0 0 0 0 0 0 0 0 0 0 0 0 0 0 0 0 0 0 0 0 0 0 0 0 0 0 0 0 0 0 0 0 0 0 0 0 0 0 0 0 0 0 0 0 0 0 0 0 0 0 0 0 0.82 0 0 0 0 0 0 0 0 0 0.53 0 0 0 0 0 0 0 0 0 2.82 0 0 0 0 0 0 0 0 0 2.09 0 0 0 0 0 0 0 0 0 2.9 0 0 0 0 0 0 0 0 0 2.26 0 0 0 0 0 0 0 0 0 0.77 0 0 0 0 0 0 0 0 0 2.88 0 0 0 0 0 0 0 0 0 4.9 0 0 0 0 0 0 0 0 0 1.31 0 0 0 0 0 0 0 0 0 3.93 0 0 0 0 0 0 0 0 0 1.53 0 0 0 0 0 0 0 0 0 3.51 0 0 0 0 0 0 0 0 0 4.74 0 0 0 0 0 0 0 0 0 2.94 0 0 0 0 0 0 0 0 0 0.97 0 0 0 0 0 0 0 0 0 3.78 0 0 0 0 0 0 0 0 0 5.6 0 0 0 0 0 0 0 0 0 2.85 0 0 0 0 0 0 0 0 0 1.07 0 0 0 1.17 0 0 2.06 0 0 0 0 0 0 2.31 0 0 1.11 0 0 0 0 0 0 2.73 0 0 0.22 0 0 0 0 0 0 0.48 0 0 0.69 0 0 0 0 0 0 2.97 0 0 0.27 0 0 0 0 0 0 0.18 0 0 0.38 0 0 0 0 0 0 1.68 0 0 1.48 0 0 0 0 0 0 4.74 0 0 2.33 0 0 0 0 0 0 0.33 0 0 0.65 0 0 0 0 0 0 0.43 0 0 1.1 0 0 0 0 0 0 0 0 0 0 0 0 0 0 0 0 0 0 0 0 0 0 0 0 0 0 0 0 0 0 0 0 0 0 0 0 0 0 0 0 0 0 0 0 0 0 0 0 0 0 0 0 0 0 0 0 0 0 0 0 0 0 0 0 0 0 0 0 0 0 0 0 0 0 0 0 0 0 0 0 0 0 0 0 0 0 0 0 0 0 0 0 0 0 0 0 0 0 0 0 0 0 0 0 0 0 0 0 0 0 0 0 1.3 0 0 0 0 0 0 0 0 0 1.48 0 0 0 0 0 0 0 0 0 3.76 0 0 0 0 0 0 0 0 0 3.14 0 0 0 0 0 0 0 0 0 2.73 0 0 0 0 0 0 0 0 0 4.1 0 0 0 0 0 0 0 0 0 0.42 0 0 0 0 0 0 0 0 0 1.19 0 0 0 0 0 0 0 0 0 3.85 0 0 0 0 0 0 0 0 0 0.09 0 0 0 1.29 0 0 2.21 0 0 0 0 0 0 0.77 0 0 0.4 0 0 0 0 0 0 2.54 0 0 2.4 0 0 0 0 0 0 0.92 0 0 0.42 0 0 0 0 0 0 4.26 0 0 3.01 0 0 0 0 0 0 3.65 0 0 3.62 0 0 0 0 0 0 3.24 0 0 3.91 0 0 0 0 0 0 2 0 0 3.51 0 0 0 0 0 0 3.95 0 0 0.18 0 0 0 0 0 0 3.81 0 0 0.83 0 0 0 0 0 0 0 0 0 0 0 0 0 0 0 0 0 0 0 0 0 0 0 0 0 0 0 0 0 0 0 0 0 0 0 0 0 0 0 0 0 0 0 0 0 0 0 0 0 0 0 0 0 0 0 0 0 0 0 0 0 0 0 0 0 0 0 0 0 0 0 0 0 0 0 0 0 0 0 0 0 0 0 0 0 0 0 0 0 0 0 0 0 0 0 0 0 0 0 0 0 0 0 0 0 0 0 0 0 0 0 0 5.08 0 0 0 0 0 0 0 0 0 0.9 0 0 0 0 0 0 0 0 0 0.67 0 0 0 0 0 0 0 0 0 0.5 0 0 0 0 0 0 0 0 0 1.66 0 0 0 0 0 0 0 0 0 0.12 0 0 0 0 0 0 0 0 0 0.52 0 0 0 0 0 0 0 0 0 2.2 0 0 0 0 0 0 0 0 0 0.3 0 0 0 0 0 0 0 0 0 4.91 0 0 0 5.09 0 0 3.27 0 0 0 0 0 0 2.91 0 0 5.08 0 0 0 0 0 0 0.87 0 0 0.52 0 0 0 0 0 0 0.37 0 0 0.06 0 0 0 0 0 0 2.91 0 0 0.23 0 0 0 0 0 0 2.49 0 0 0.66 0 0 0 0 0 0 3.25 0 0 3.53 0 0 0 0 0 0 5.73 0 0 0.61 0 0 0 0 0 0 3.98 0 0 5.75 0 0 0 0 0 0 0.87 0 0 1.66 0 0 0 0 0 0 0 0 0 0 0 0 0 0 0 0 0 0 0 0 0 0 0 0 0 0 0 0 0 0 0 0 0 0 0 0 0 0 0 0 0 0 0 0 0 0 0 0 0 0 0 0 0 0 0 0 0 0 0 0 0 0 0 0 0 0 0 0 0 0 0 0 0 0 0 0 0 0 0 0 0 0 0 0 0 0 0 0 0 0 0 0 0 0 0 0 0 0 0 0 0 0 0 0 0 0 0 0 0 0 0 0 1.34 0 0 0 0 0 0 0 0 0 1.16 0 0 0 0 0 0 0 0 0 3.83 0 0 0 0 0 0 0 0 0 0.82 0 0 0 0 0 0 0 0 0 3.98 0 0 0 0 0 0 0 0 0 2.06 0 0 0 0 0 0 0 0 0 0.87 0 0 0 0 0 0 0 0 0 0.34 0 0 0 0 0 0 0 0 0 1.12 0 0 0 0 0 0 0 0 0 2.39 0 0 0 0 0 0 0 0 0 1.23 0 0 0 0 0 0 0 0 0 0.21 0 0 0 0 0 0 0 0 0 1.24 0 0 0 0 0 0 0 0 0 1.47 0 0 0 0 0 0 0 0 0 1.22 0 0 0 0 0 0 0 0 0 2.53 0 0 0 0 0 0 0 0 0 1.72 0 0 0 0 0 0 0 0 0 6.2 0 0 0 0 0 0 0 0 0 3.53 0 0 0 0 0 0 0 0 0 2.21 0 0 0 0.53 0 0 2.43 0 0 0 0 0 0 3.6 0 0 2 0 0 0 0 0 0 0.86 0 0 0.84 0 0 0 0 0 0 3.62 0 0 0.83 0 0 0 0 0 0 0.47 0 0 4.39 0 0 0 0 0 0 3 0 0 1.39 0 0 0 0 0 0 0.85 0 0 0.8 0 0 0 0 0 0 0.51 0 0 3.71 0 0 0 0 0 0 0.45 0 0 1.82 0 0 0 0 0 0 5.44 0 0 1.33 0 0 0 0 0 0 0 0 0 0 0 0 0 0 0 0 0 0 0 0 0 0 0 0 0 0 0 0 0 0 0 0 0 0 0 0 0 0 0 0 0 0 0 0 0 0 0 0 0 0 0 0 0 0 0 0 0 0 0 0 0 0 0 0 0 0 0 0 0 0 0 0 0 0 0 0 0 0 0 0 0 0 0 0 0 0 0 0 0 0 0 0 0 0 0 0 0 0 0 0 0 0 0 0 0 0 0 0 0 0 0 0 1.18 0 0 0 0 0 0 0 0 0 2.83 0 0 0 0 0 0 0 0 0 1.62 0 0 0 0 0 0 0 0 0 3.33 0 0 0 0 0 0 0 0 0 0.24 0 0 0 0 0 0 0 0 0 1.45 0 0 0 0 0 0 0 0 0 0.16 0 0 0 0 0 0 0 0 0 0.37 0 0 0 0 0 0 0 0 0 2.79 0 0 0 0 0 0 0 0 0 0.34 0 0 0 2.67 0 0 4.36 0 0 0 0 0 0 5.21 0 0 0.45 0 0 0 0 0 0 3.03 0 0 3.65 0 0 0 0 0 0 0.53 0 0 4.64 0 0 0 0 0 0 1.91 0 0 1.54 0 0 0 0 0 0 3.67 0 0 0.16 0 0 0 0 0 0 1.29 0 0 1.57 0 0 0 0 0 0 0.35 0 0 1.05 0 0 0 0 0 0 0.21 0 0 1.62 0 0 0 0 0 0 3 0 0 1.23 0 0 0 0 0 0 0 0 0 0 0 0 0 0 0 0 0 0 0 0 0 0 0 0 0 0 0 0 0 0 0 0 0 0 0 0 0 0 0 0 0 0 0 0 0 0 0 0 0 0 0 0 0 0 0 0 0 0 0 0 0 0 0 0 0 0 0 0 0 0 0 0 0 0 0 0 0 0 0 0 0 0 0 0 0 0 0 0 0 0 0 0 0 0 0 0 0 0 0 0 0 0 0 0 0 0 0 0 0 0 0 0 2.07 0 0 0 0 0 0 0 0 0 1.3 0 0 0 0 0 0 0 0 0 2.26 0 0 0 0 0 0 0 0 0 2.96 0 0 0 0 0 0 0 0 0 4.32 0 0 0 0 0 0 0 0 0 2.05 0 0 0 0 0 0 0 0 0 3.91 0 0 0 0 0 0 0 0 0 2.04 0 0 0 0 0 0 0 0 0 2.03 0 0 0 0 0 0 0 0 0 4.44 0 0 0 2.34 0 0 0.88 0 0 0 0 0 0 4.31 0 0 1.79 0 0 0 0 0 0 3.91 0 0 0.3 0 0 0 0 0 0 1.34 0 0 0.34 0 0 0 0 0 0 1.28 0 0 5.14 0 0 0 0 0 0 1.43 0 0 0.16 0 0 0 0 0 0 1.95 0 0 0.63 0 0 0 0 0 0 1.24 0 0 2.89 0 0 0 0 0 0 0.46 0 0 1.04 0 0 0 0 0 0 5.08 0 0 3.22 0 0 0 0 0 0 0 0 0 0 0 0 0 0 0 0 0 0 0 0 0 0 0 0 0 0 0 0 0 0 0 0 0 0 0 0 0 0 0 0 0 0 0 0 0 0 0 0 0 0 0 0 0 0 0 0 0 0 0 0 0 0 0 0 0 0 0 0 0 0 0 0 0 0 0 0 0 0 0 0 0 0 0 0 0 0 0 0 0 0 0 0 0 0 0 0 0 0 0 0 0 0 0 0 0 0 0 0 0 0 0 0 3.85 0 0 0 0 0 0 0 0 0 1.29 0 0 0 0 0 0 0 0 0 0.77 0 0 0 0 0 0 0 0 0 1.34 0 0 0 0 0 0 0 0 0 1.34 0 0 0 0 0 0 0 0 0 2.4 0 0 0 0 0 0 0 0 0 4.82 0 0 0 0 0 0 0 0 0 5.44 0 0 0 0 0 0 0 0 0 0.76 0 0 0 0 0 0 0 0 0 0.83 0 0 0 0 0 0 0 0 0 1.95 0 0 0 0 0 0 0 0 0 1.21 0 0 0 0 0 0 0 0 0 2.62 0 0 0 0 0 0 0 0 0 2.63 0 0 0 0 0 0 0 0 0 5.43 0 0 0 0 0 0 0 0 0 2.18 0 0 0 0 0 0 0 0 0 3.58 0 0 0 0 0 0 0 0 0 0.98 0 0 0 0 0 0 0 0 0 4.07 0 0 0 0 0 0 0 0 0 1.36 0 0 0 0.05 0 0 3.74 0 0 0 0 0 0 1.51 0 0 3.41 0 0 0 0 0 0 3.75 0 0 4.09 0 0 0 0 0 0 0.33 0 0 0.14 0 0 0 0 0 0 1.86 0 0 0.08 0 0 0 0 0 0 0.65 0 0 5.59 0 0 0 0 0 0 0.74 0 0 0.59 0 0 0 0 0 0 3.8 0 0 1.17 0 0 0 0 0 0 0.74 0 0 3.23 0 0 0 0 0 0 1.47 0 0 0.62 0 0 0 0 0 0 0 0 0 0 0 0 0 0 0 0 0 0 0 0 0 0 0 0 0 0 0 0 0 0 0 0 0 0 0 0 0 0 0 0 0 0 0 0 0 0 0 0 0 0 0 0 0 0 0 0 0 0 0 0 0 0 0 0 0 0 0 0 0 0 0 0 0 0 0 0 0 0 0 0 0 0 0 0 0 0 0 0 0 0 0 0 0 0 0 0 0 0 0 0 0 0 0 0 0 0 0 0 0 0 0 0 1.49 0 0 0 0 0 0 0 0 0 3.85 0 0 0 0 0 0 0 0 0 3.84 0 0 0 0 0 0 0 0 0 0.46 0 0 0 0 0 0 0 0 0 3.76 0 0 0 0 0 0 0 0 0 4.01 0 0 0 0 0 0 0 0 0 0.35 0 0 0 0 0 0 0 0 0 3.65 0 0 0 0 0 0 0 0 0 1.18 0 0 0 0 0 0 0 0 0 6.04 0 0 0 2.3 0 0 0.44 0 0 0 0 0 0 1.19 0 0 4.28 0 0 0 0 0 0 3.25 0 0 1.01 0 0 0 0 0 0 2.58 0 0 0.33 0 0 0 0 0 0 4.18 0 0 0.58 0 0 0 0 0 0 1.58 0 0 0.71 0 0 0 0 0 0 5.21 0 0 4.99 0 0 0 0 0 0 4.09 0 0 2.92 0 0 0 0 0 0 5.07 0 0 1.26 0 0 0 0 0 0 3.67 0 0 1.62 0 0 0 0 0 0 0 0 0 0 0 0 0 0 0 0 0 0 0 0 0 0 0 0 0 0 0 0 0 0 0 0 0 0 0 0 0 0 0 0 0 0 0 0 0 0 0 0 0 0 0 0 0 0 0 0 0 0 0 0 0 0 0 0 0 0 0 0 0 0 0 0 0 0 0 0 0 0 0 0 0 0 0 0 0 0 0 0 0 0 0 0 0 0 0 0 0 0 0 0 0 0 0 0 0 0 0 0 0 0 0 0 4.24 0 0 0 0 0 0 0 0 0 2.98 0 0 0 0 0 0 0 0 0 4.3 0 0 0 0 0 0 0 0 0 3.06 0 0 0 0 0 0 0 0 0 1.43 0 0 0 0 0 0 0 0 0 1.03 0 0 0 0 0 0 0 0 0 0.14 0 0 0 0 0 0 0 0 0 1.64 0 0 0 0 0 0 0 0 0 4.44 0 0 0 0 0 0 0 0 0 4.93 0 0 0 1.04 0 0 0.29 0 0 0 0 0 0 1.01 0 0 0.33 0 0 0 0 0 0 0.1 0 0 0.36 0 0 0 0 0 0 1.55 0 0 4.63 0 0 0 0 0 0 2.08 0 0 2.27 0 0 0 0 0 0 2.03 0 0 1.56 0 0 0 0 0 0 1.61 0 0 0.68 0 0 0 0 0 0 2.29 0 0 2.56 0 0 0 0 0 0 0.8 0 0 0.85 0 0 0 0 0 0 0.38 0 0 2.1 0 0 0 0 0 0 0 0 0 0 0 0 0 0 0 0 0 0 0 0 0 0 0 0 0 0 0 0 0 0 0 0 0 0 0 0 0 0 0 0 0 0 0 0 0 0 0 0 0 0 0 0 0 0 0 0 0 0 0 0 0 0 0 0 0 0 0 0 0 0 0 0 0 0 0 0 0 0 0 0 0 0 0 0 0 0 0 0 0 0 0 0 0 0 0 0 0 0 0 0 0 0 0 0 0 0 0 0 0 0 0 0 2.95 0 0 0 0 0 0 0 0 0 0.83 0 0 0 0 0 0 0 0 0 1.24 0 0 0 0 0 0 0 0 0 0.81 0 0 0 0 0 0 0 0 0 2.39 0 0 0 0 0 0 0 0 0 2.63 0 0 0 0 0 0 0 0 0 2.69 0 0 0 0 0 0 0 0 0 2.22 0 0 0 0 0 0 0 0 0 1.03 0 0 0 0 0 0 0 0 0 3.18 0 0 0 0 0 0 0 0 0 3.1 0 0 0 0 0 0 0 0 0 3.51 0 0 0 0 0 0 0 0 0 1.77 0 0 0 0 0 0 0 0 0 4.01 0 0 0 0 0 0 0 0 0 0.36 0 0 0 0 0 0 0 0 0 2.41 0 0 0 0 0 0 0 0 0 1.98 0 0 0 0 0 0 0 0 0 4.01 0 0 0 0 0 0 0 0 0 1.99 0 0 0 0 0 0 0 0 0 3.7 0 0 0 1.66 0 0 0.67 0 0 0 0 0 0 1.54 0 0 2.08 0 0 0 0 0 0 0.17 0 0 1.58 0 0 0 0 0 0 2.4 0 0 2.38 0 0 0 0 0 0 2.42 0 0 1.76 0 0 0 0 0 0 4.17 0 0 2.19 0 0 0 0 0 0 2.11 0 0 4.2 0 0 0 0 0 0 2.33 0 0 4.11 0 0 0 0 0 0 3.07 0 0 0.58 0 0 0 0 0 0 0.66 0 0 1.7 0 0 0 0 0 0 0 0 0 0 0 0 0 0 0 0 0 0 0 0 0 0 0 0 0 0 0 0 0 0 0 0 0 0 0 0 0 0 0 0 0 0 0 0 0 0 0 0 0 0 0 0 0 0 0 0 0 0 0 0 0 0 0 0 0 0 0 0 0 0 0 0 0 0 0 0 0 0 0 0 0 0 0 0 0 0 0 0 0 0 0 0 0 0 0 0 0 0 0 0 0 0 0 0 0 0 0 0 0 0 0 0 0.17 0 0 0 0 0 0 0 0 0 0.3 0 0 0 0 0 0 0 0 0 2.46 0 0 0 0 0 0 0 0 0 0.71 0 0 0 0 0 0 0 0 0 1.51 0 0 0 0 0 0 0 0 0 4.73 0 0 0 0 0 0 0 0 0 1.13 0 0 0 0 0 0 0 0 0 2.13 0 0 0 0 0 0 0 0 0 0.95 0 0 0 0 0 0 0 0 0 5.87 0 0 0 0.57 0 0 0.76 0 0 0 0 0 0 3.49 0 0 0.76 0 0 0 0 0 0 1.37 0 0 1.25 0 0 0 0 0 0 1.41 0 0 0.6 0 0 0 0 0 0 3.94 0 0 1.13 0 0 0 0 0 0 0.92 0 0 2.55 0 0 0 0 0 0 1.35 0 0 3.68 0 0 0 0 0 0 1.78 0 0 0.39 0 0 0 0 0 0 3.42 0 0 2.42 0 0 0 0 0 0 0.99 0 0 4.47 0 0 0 0 0 0 0 0 0 0 0 0 0 0 0 0 0 0 0 0 0 0 0 0 0 0 0 0 0 0 0 0 0 0 0 0 0 0 0 0 0 0 0 0 0 0 0 0 0 0 0 0 0 0 0 0 0 0 0 0 0 0 0 0 0 0 0 0 0 0 0 0 0 0 0 0 0 0 0 0 0 0 0 0 0 0 0 0 0 0 0 0 0 0 0 0 0 0 0 0 0 0 0 0 0 0 0 0 0 0 0 0 4.72 0 0 0 0 0 0 0 0 0 4.75 0 0 0 0 0 0 0 0 0 2.37 0 0 0 0 0 0 0 0 0 3.54 0 0 0 0 0 0 0 0 0 3.29 0 0 0 0 0 0 0 0 0 2.03 0 0 0 0 0 0 0 0 0 3.31 0 0 0 0 0 0 0 0 0 1.11 0 0 0 0 0 0 0 0 0 0.19 0 0 0 0 0 0 0 0 0 0.72 0 0 0 0.47 0 0 1.36 0 0 0 0 0 0 0.96 0 0 1.69 0 0 0 0 0 0 1.13 0 0 1.68 0 0 0 0 0 0 3.37 0 0 0.99 0 0 0 0 0 0 2.37 0 0 2.27 0 0 0 0 0 0 0.7 0 0 2.86 0 0 0 0 0 0 5.51 0 0 1.75 0 0 0 0 0 0 1.13 0 0 0.37 0 0 0 0 0 0 1.08 0 0 2.87 0 0 0 0 0 0 1.2 0 0 0.56 0 0 0 0 0 0 0 0 0 0 0 0 0 0 0 0 0 0 0 0 0 0 0 0 0 0 0 0 0 0 0 0 0 0 0 0 0 0 0 0 0 0 0 0 0 0 0 0 0 0 0 0 0 0 0 0 0 0 0 0 0 0 0 0 0 0 0 0 0 0 0 0 0 0 0 0 0 0 0 0 0 0 0 0 0 0 0 0 0 0 0 0 0 0 0 0 0 0 0 0 0 0 0 0 0 0 0 0 0 0 0 0 2.58 0 0 0 0 0 0 0 0 0 0.07 0 0 0 0 0 0 0 0 0 1.37 0 0 0 0 0 0 0 0 0 1.61 0 0 0 0 0 0 0 0 0 2.61 0 0 0 0 0 0 0 0 0 3.84 0 0 0 0 0 0 0 0 0 2.08 0 0 0 0 0 0 0 0 0 3.19 0 0 0 0 0 0 0 0 0 3.79 0 0 0 0 0 0 0 0 0 5 0 0 0 0 0 0 0 0 0 1.72 0 0 0 0 0 0 0 0 0 2.25 0 0 0 0 0 0 0 0 0 1.37 0 0 0 0 0 0 0 0 0 2.77 0 0 0 0 0 0 0 0 0 1.07 0 0 0 0 0 0 0 0 0 0.27 0 0 0 0 0 0 0 0 0 3.49 0 0 0 0 0 0 0 0 0 1.82 0 0 0 0 0 0 0 0 0 0.22 0 0 0 0 0 0 0 0 0 0.5 0 0 0 0.41 0 0 2.86 0 0 0 0 0 0 4.03 0 0 2.48 0 0 0 0 0 0 3.48 0 0 0.89 0 0 0 0 0 0 3.61 0 0 0.52 0 0 0 0 0 0 0.57 0 0 0.69 0 0 0 0 0 0 3.99 0 0 0.33 0 0 0 0 0 0 3.05 0 0 1 0 0 0 0 0 0 2.44 0 0 2.44 0 0 0 0 0 0 1.02 0 0 4.4 0 0 0 0 0 0 2 0 0 0.74 0 0 0 0 0 0 0 0 0 0 0 0 0 0 0 0 0 0 0 0 0 0 0 0 0 0 0 0 0 0 0 0 0 0 0 0 0 0 0 0 0 0 0 0 0 0 0 0 0 0 0 0 0 0 0 0 0 0 0 0 0 0 0 0 0 0 0 0 0 0 0 0 0 0 0 0 0 0 0 0 0 0 0 0 0 0 0 0 0 0 0 0 0 0 0 0 0 0 0 0 0 0 0 0 0 0 0 0 0 0 0 0 1.8 0 0 0 0 0 0 0 0 0 0.88 0 0 0 0 0 0 0 0 0 3.82 0 0 0 0 0 0 0 0 0 0.63 0 0 0 0 0 0 0 0 0 1.92 0 0 0 0 0 0 0 0 0 1.43 0 0 0 0 0 0 0 0 0 1.07 0 0 0 0 0 0 0 0 0 4.52 0 0 0 0 0 0 0 0 0 2.18 0 0 0 0 0 0 0 0 0 1.22 0 0 0 0.87 0 0 1.03 0 0 0 0 0 0 1.93 0 0 0.98 0 0 0 0 0 0 1.21 0 0 2.03 0 0 0 0 0 0 0.2 0 0 0.59 0 0 0 0 0 0 2.79 0 0 0.33 0 0 0 0 0 0 3.64 0 0 1.43 0 0 0 0 0 0 0.15 0 0 0.5 0 0 0 0 0 0 1.21 0 0 1.34 0 0 0 0 0 0 0.48 0 0 3.41 0 0 0 0 0 0 0.46 0 0 1.51 0 0 0 0 0 0 0 0 0 0 0 0 0 0 0 0 0 0 0 0 0 0 0 0 0 0 0 0 0 0 0 0 0 0 0 0 0 0 0 0 0 0 0 0 0 0 0 0 0 0 0 0 0 0 0 0 0 0 0 0 0 0 0 0 0 0 0 0 0 0 0 0 0 0 0 0 0 0 0 0 0 0 0 0 0 0 0 0 0 0 0 0 0 0 0 0 0 0 0 0 0 0 0 0 0 0 0 0 0 0 0 0 1.21 0 0 0 0 0 0 0 0 0 0.9 0 0 0 0 0 0 0 0 0 1.06 0 0 0 0 0 0 0 0 0 1.03 0 0 0 0 0 0 0 0 0 0.12 0 0 0 0 0 0 0 0 0 1.04 0 0 0 0 0 0 0 0 0 2.21 0 0 0 0 0 0 0 0 0 3.74 0 0 0 0 0 0 0 0 0 0.59 0 0 0 0 0 0 0 0 0 0.61 0 0 0 2.05 0 0 1.32 0 0 0 0 0 0 1.07 0 0 2.95 0 0 0 0 0 0 1.96 0 0 2.4 0 0 0 0 0 0 0.42 0 0 0.31 0 0 0 0 0 0 4.31 0 0 0.41 0 0 0 0 0 0 1.01 0 0 3.72 0 0 0 0 0 0 1.9 0 0 2.03 0 0 0 0 0 0 2.51 0 0 0.3 0 0 0 0 0 0 0.46 0 0 3.76 0 0 0 0 0 0 2.9 0 0 0.86 0 0 0 0 0 0 0 0 0 0 0 0 0 0 0 0 0 0 0 0 0 0 0 0 0 0 0 0 0 0 0 0 0 0 0 0 0 0 0 0 0 0 0 0 0 0 0 0 0 0 0 0 0 0 0 0 0 0 0 0 0 0 0 0 0 0 0 0 0 0 0 0 0 0 0 0 0 0 0 0 0 0 0 0 0 0 0 0 0 0 0 0 0 0 0 0 0 0 0 0 0 0 0 0 0 0 0 0 0 0 0 0 3.65 0 0 0 0 0 0 0 0 0 3.54 0 0 0 0 0 0 0 0 0 0.95 0 0 0 0 0 0 0 0 0 5.02 0 0 0 0 0 0 0 0 0 0.73 0 0 0 0 0 0 0 0 0 0.15 0 0 0 0 0 0 0 0 0 1.58 0 0 0 0 0 0 0 0 0 3.29 0 0 0 0 0 0 0 0 0 4.45 0 0 0 0 0 0 0 0 0 0.33 0 0 0 0 0 0 0 0 0 1.01 0 0 0 0 0 0 0 0 0 0.95 0 0 0 0 0 0 0 0 0 1.35 0 0 0 0 0 0 0 0 0 0.96 0 0 0 0 0 0 0 0 0 4.34 0 0 0 0 0 0 0 0 0 5.52 0 0 0 0 0 0 0 0 0 2.57 0 0 0 0 0 0 0 0 0 0.66 0 0 0 0 0 0 0 0 0 2.73 0 0 0 0 0 0 0 0 0 2.64 0 0 0 0.93 0 0 0.59 0 0 0 0 0 0 0.12 0 0 3.39 0 0 0 0 0 0 2.25 0 0 4.59 0 0 0 0 0 0 4.09 0 0 2.36 0 0 0 0 0 0 3.88 0 0 0.18 0 0 0 0 0 0 0.9 0 0 0.6 0 0 0 0 0 0 0.78 0 0 1.96 0 0 0 0 0 0 0.2 0 0 4.23 0 0 0 0 0 0 1.86 0 0 0.84 0 0 0 0 0 0 0.3 0 0 0.61 0 0 0 0 0 0 0 0 0 0 0 0 0 0 0 0 0 0 0 0 0 0 0 0 0 0 0 0 0 0 0 0 0 0 0 0 0 0 0 0 0 0 0 0 0 0 0 0 0 0 0 0 0 0 0 0 0 0 0 0 0 0 0 0 0 0 0 0 0 0 0 0 0 0 0 0 0 0 0 0 0 0 0 0 0 0 0 0 0 0 0 0 0 0 0 0 0 0 0 0 0 0 0 0 0 0 0 0 0 0 0 0 4.29 0 0 0 0 0 0 0 0 0 0.37 0 0 0 0 0 0 0 0 0 4.24 0 0 0 0 0 0 0 0 0 0.6 0 0 0 0 0 0 0 0 0 0.1 0 0 0 0 0 0 0 0 0 0.8 0 0 0 0 0 0 0 0 0 0.48 0 0 0 0 0 0 0 0 0 1.05 0 0 0 0 0 0 0 0 0 1.31 0 0 0 0 0 0 0 0 0 4.11 0 0 0 3.88 0 0 1.36 0 0 0 0 0 0 3.13 0 0 3.03 0 0 0 0 0 0 4.11 0 0 0.21 0 0 0 0 0 0 2 0 0 4.64 0 0 0 0 0 0 3.71 0 0 0.98 0 0 0 0 0 0 5 0 0 1.06 0 0 0 0 0 0 4.45 0 0 6.01 0 0 0 0 0 0 0.91 0 0 4.03 0 0 0 0 0 0 1.25 0 0 3.51 0 0 0 0 0 0 0.84 0 0 0.34 0 0 0 0 0 0 0 0 0 0 0 0 0 0 0 0 0 0 0 0 0 0 0 0 0 0 0 0 0 0 0 0 0 0 0 0 0 0 0 0 0 0 0 0 0 0 0 0 0 0 0 0 0 0 0 0 0 0 0 0 0 0 0 0 0 0 0 0 0 0 0 0 0 0 0 0 0 0 0 0 0 0 0 0 0 0 0 0 0 0 0 0 0 0 0 0 0 0 0 0 0 0 0 0 0 0 0 0 0 0 0 0 1.09 0 0 0 0 0 0 0 0 0 3.7 0 0 0 0 0 0 0 0 0 2.72 0 0 0 0 0 0 0 0 0 1.33 0 0 0 0 0 0 0 0 0 2.32 0 0 0 0 0 0 0 0 0 1.1 0 0 0 0 0 0 0 0 0 1.89 0 0 0 0 0 0 0 0 0 3.14 0 0 0 0 0 0 0 0 0 1.63 0 0 0 0 0 0 0 0 0 1.58 0 0 0 0.1 0 0 0.98 0 0 0 0 0 0 3.92 0 0 5.46 0 0 0 0 0 0 0.96 0 0 4.83 0 0 0 0 0 0 3.27 0 0 1.83 0 0 0 0 0 0 4.22 0 0 1.96 0 0 0 0 0 0 1.42 0 0 0.97 0 0 0 0 0 0 3.15 0 0 0.78 0 0 0 0 0 0 4.26 0 0 0.23 0 0 0 0 0 0 1.31 0 0 2.72 0 0 0 0 0 0 2.74 0 0 3.65 0 0 0 0 0 0 0 0 0 0 0 0 0 0 0 0 0 0 0 0 0 0 0 0 0 0 0 0 0 0 0 0 0 0 0 0 0 0 0 0 0 0 0 0 0 0 0 0 0 0 0 0 0 0 0 0 0 0 0 0 0 0 0 0 0 0 0 0 0 0 0 0 0 0 0 0 0 0 0 0 0 0 0 0 0 0 0 0 0 0 0 0 0 0 0 0 0 0 0 0 0 0 0 0 0 0 0 0 0 0 0 0 0.96 0 0 0 0 0 0 0 0 0 1.63 0 0 0 0 0 0 0 0 0 2.07 0 0 0 0 0 0 0 0 0 4.16 0 0 0 0 0 0 0 0 0 0.4 0 0 0 0 0 0 0 0 0 1.35 0 0 0 0 0 0 0 0 0 1.32 0 0 0 0 0 0 0 0 0 0.28 0 0 0 0 0 0 0 0 0 1.58 0 0 0 0 0 0 0 0 0 3.86 0 0 0 0 0 0 0 0 0 1.61 0 0 0 0 0 0 0 0 0 3.35 0 0 0 0 0 0 0 0 0 0.34 0 0 0 0 0 0 0 0 0 3.04 0 0 0 0 0 0 0 0 0 0.75 0 0 0 0 0 0 0 0 0 2.34 0 0 0 0 0 0 0 0 0 0.65 0 0 0 0 0 0 0 0 0 5.52 0 0 0 0 0 0 0 0 0 0.26 0 0 0 0 0 0 0 0 0 0.72 0 0 0 1.42 0 0 2.2 0 0 0 0 0 0 0.7 0 0 3.46 0 0 0 0 0 0 1.04 0 0 3.92 0 0 0 0 0 0 2.32 0 0 1.88 0 0 0 0 0 0 0.19 0 0 5.52 0 0 0 0 0 0 0.98 0 0 1.94 0 0 0 0 0 0 2.84 0 0 5.27 0 0 0 0 0 0 1.37 0 0 1.17 0 0 0 0 0 0 2.33 0 0 1.78 0 0 0 0 0 0 2.63 0 0 0.49 0 0 0 0 0 0 0 0 0 0 0 0 0 0 0 0 0 0 0 0 0 0 0 0 0 0 0 0 0 0 0 0 0 0 0 0 0 0 0 0 0 0 0 0 0 0 0 0 0 0 0 0 0 0 0 0 0 0 0 0 0 0 0 0 0 0 0 0 0 0 0 0 0 0 0 0 0 0 0 0 0 0 0 0 0 0 0 0 0 0 0 0 0 0 0 0 0 0 0 0 0 0 0 0 0 0 0 0 0 0 0 0 0.89 0 0 0 0 0 0 0 0 0 0.87 0 0 0 0 0 0 0 0 0 3.55 0 0 0 0 0 0 0 0 0 0.33 0 0 0 0 0 0 0 0 0 1.36 0 0 0 0 0 0 0 0 0 1.87 0 0 0 0 0 0 0 0 0 0.61 0 0 0 0 0 0 0 0 0 3.36 0 0 0 0 0 0 0 0 0 0.28 0 0 0 0 0 0 0 0 0 0.35 0 0 0 1.34 0 0 0.71 0 0 0 0 0 0 4.25 0 0 1.62 0 0 0 0 0 0 2.18 0 0 4.36 0 0 0 0 0 0 4.54 0 0 1.3 0 0 0 0 0 0 0.41 0 0 2.96 0 0 0 0 0 0 0.71 0 0 1.41 0 0 0 0 0 0 0.61 0 0 0.9 0 0 0 0 0 0 0.53 0 0 0.83 0 0 0 0 0 0 4.71 0 0 0.77 0 0 0 0 0 0 2.3 0 0 3.3 0 0 0 0 0 0 0 0 0 0 0 0 0 0 0 0 0 0 0 0 0 0 0 0 0 0 0 0 0 0 0 0 0 0 0 0 0 0 0 0 0 0 0 0 0 0 0 0 0 0 0 0 0 0 0 0 0 0 0 0 0 0 0 0 0 0 0 0 0 0 0 0 0 0 0 0 0 0 0 0 0 0 0 0 0 0 0 0 0 0 0 0 0 0 0 0 0 0 0 0 0 0 0 0 0 0 0 0 0 0 0 0 0.3 0 0 0 0 0 0 0 0 0 1.02 0 0 0 0 0 0 0 0 0 2.07 0 0 0 0 0 0 0 0 0 2.02 0 0 0 0 0 0 0 0 0 2.8 0 0 0 0 0 0 0 0 0 1.96 0 0 0 0 0 0 0 0 0 1.01 0 0 0 0 0 0 0 0 0 0.53 0 0 0 0 0 0 0 0 0 2.14 0 0 0 0 0 0 0 0 0 5.33 0 0 0 3.76 0 0 0.32 0 0 0 0 0 0 1.75 0 0 0.09 0 0 0 0 0 0 5.05 0 0 0.64 0 0 0 0 0 0 5.88 0 0 0.23 0 0 0 0 0 0 0.92 0 0 2.64 0 0 0 0 0 0 1.02 0 0 5.12 0 0 0 0 0 0 2.68 0 0 3.75 0 0 0 0 0 0 1.93 0 0 0.33 0 0 0 0 0 0 1.92 0 0 4.23 0 0 0 0 0 0 2.47 0 0 3.47 0 0 0 0 0 0 0 0 0 0 0 0 0 0 0 0 0 0 0 0 0 0 0 0 0 0 0 0 0 0 0 0 0 0 0 0 0 0 0 0 0 0 0 0 0 0 0 0 0 0 0 0 0 0 0 0 0 0 0 0 0 0 0 0 0 0 0 0 0 0 0 0 0 0 0 0 0 0 0 0 0 0 0 0 0 0 0 0 0 0 0 0 0 0 0 0 0 0 0 0 0 0 0 0 0 0 0 0 0 0 0 0 0.73 0 0 0 0 0 0 0 0 0 1.26 0 0 0 0 0 0 0 0 0 0.1 0 0 0 0 0 0 0 0 0 0.92 0 0 0 0 0 0 0 0 0 5.43 0 0 0 0 0 0 0 0 0 2.91 0 0 0 0 0 0 0 0 0 2.47 0 0 0 0 0 0 0 0 0 4.73 0 0 0 0 0 0 0 0 0 2.04 0 0 0 0 0 0 0 0 0 0.29 0 0 
0 0 0 0 0 0 0 0.97 0 0 0 0 0 0 0 0 0 5.88 0 0 0 0 0 0 0 0 0 2.91 0 0 0 0 0 0 0 0 0 0.19 0 0 0 0 0 0 0 0 0 2.37 0 0 0 0 0 0 0 0 0 2.47 0 0 0 0 0 0 0 0 0 2.32 0 0 0 0 0 0 0 0 0 0.19 0 0 0 0 0 0 0 0 0 0.4 0 0 0 0 0 0 0 0 0 2.51 0 0 0 0.64 0 0 5 0 0 0 0 0 0 1.1 0 0 1.28 0 0 0 0 0 0 1.97 0 0 2.81 0 0 0 0 0 0 0.54 0 0 3.45 0 0 0 0 0 0 0.4 0 0 1.31 0 0 0 0 0 0 0.41 0 0 2.4 0 0 0 0 0 0 1.95 0 0 2.14 0 0 0 0 0 0 1.51 0 0 4.05 0 0 0 0 0 0 0.12 0 0 0.42 0 0 0 0 0 0 4.07 0 0 2.92 0 0 0 0 0 0 0 0 0 0 0 0 0 0 0 0 0 0 0 0 0 0 0 0 0 0 0 0 0 0 0 0 0 0 0 0 0 0 0 0 0 0 0 0 0 0 0 0 0 0 0 0 0 0 0 0 0 0 0 0 0 0 0 0 0 0 0 0 0 0 0 0 0 0 0 0 0 0 0 0 0 0 0 0 0 0 0 0 0 0 0 0 0 0 0 0 0 0 0 0 0 0 0 0 0 0 0 0 0 0 0 0 4.65 0 0 0 0 0 0 0 0 0 0.66 0 0 0 0 0 0 0 0 0 3.39 0 0 0 0 0 0 0 0 0 3.87 0 0 0 0 0 0 0 0 0 0.44 0 0 0 0 0 0 0 0 0 1.16 0 0 0 0 0 0 0 0 0 4.53 0 0 0 0 0 0 0 0 0 1.52 0 0 0 0 0 0 0 0 0 0.05 0 0 0 0 0 0 0 0 0 0.29 0 0 0 1.13 0 0 1.35 0 0 0 0 0 0 3.54 0 0 2.39 0 0 0 0 0 0 1.21 0 0 0.75 0 0 0 0 0 0 2.01 0 0 1.11 0 0 0 0 0 0 4.49 0 0 0.75 0 0 0 0 0 0 0.43 0 0 0.48 0 0 0 0 0 0 4.58 0 0 2.27 0 0 0 0 0 0 4.31 0 0 3.16 0 0 0 0 0 0 0.73 0 0 0.95 0 0 0 0 0 0 3.28 0 0 2.48 0 0 0 0 0 0 0 0 0 0 0 0 0 0 0 0 0 0 0 0 0 0 0 0 0 0 0 0 0 0 0 0 0 0 0 0 0 0 0 0 0 0 0 0 0 0 0 0 0 0 0 0 0 0 0 0 0 0 0 0 0 0 0 0 0 0 0 0 0 0 0 0 0 0 0 0 0 0 0 0 0 0 0 0 0 0 0 0 0 0 0 0 0 0 0 0 0 0 0 0 0 0 0 0 0 0 0 0 0 0 0 0 2.18 0 0 0 0 0 0 0 0 0 4.94 0 0 0 0 0 0 0 0 0 5.13 0 0 0 0 0 0 0 0 0 2.15 0 0 0 0 0 0 0 0 0 0.72 0 0 0 0 0 0 0 0 0 0.1 0 0 0 0 0 0 0 0 0 1.73 0 0 0 0 0 0 0 0 0 0.87 0 0 0 0 0 0 0 0 0 6.05 0 0 0 0 0 0 0 0 0 2.13 0 0 0 4.68 0 0 1.75 0 0 0 0 0 0 1.53 0 0 2.5 0 0 0 0 0 0 0.76 0 0 0.87 0 0 0 0 0 0 0.65 0 0 0.2 0 0 0 0 0 0 0.78 0 0 2.9 0 0 0 0 0 0 3.76 0 0 1.46 0 0 0 0 0 0 2.11 0 0 3.54 0 0 0 0 0 0 0.1 0 0 2.33 0 0 0 0 0 0 4.5 0 0 4.49 0 0 0 0 0 0 4.42 0 0 0.8 0 0 0 0 0 0 0 0 0 0 0 0 0 0 0 0 0 0 0 0 0 0 0 0 0 0 0 0 0 0 0 0 0 0 0 0 0 0 0 0 0 0 0 0 0 0 0 0 0 0 0 0 0 0 0 0 0 0 0 0 0 0 0 0 0 0 0 0 0 0 0 0 0 0 0 0 0 0 0 0 0 0 0 0 0 0 0 0 0 0 0 0 0 0 0 0 0 0 0 0 0 0 0 0 0 0 0 0 0 0 0 0 0.7 0 0 0 0 0 0 0 0 0 0.66 0 0 0 0 0 0 0 0 0 3.27 0 0 0 0 0 0 0 0 0 1.72 0 0 0 0 0 0 0 0 0 0.83 0 0 0 0 0 0 0 0 0 0.63 0 0 0 0 0 0 0 0 0 0.98 0 0 0 0 0 0 0 0 0 0.34 0 0 0 0 0 0 0 0 0 3.39 0 0 0 0 0 0 0 0 0 0.38 0 0 0 0 0 0 0 0 0 1.45 0 0 0 0 0 0 0 0 0 5.58 0 0 0 0 0 0 0 0 0 3.02 0 0 0 0 0 0 0 0 0 4.4 0 0 0 0 0 0 0 0 0 4.2 0 0 0 0 0 0 0 0 0 0.77 0 0 0 0 0 0 0 0 0 1.11 0 0 0 0 0 0 0 0 0 3.49 0 0 0 0 0 0 0 0 0 3.2 0 0 0 0 0 0 0 0 0 2.39 0 0 0 4.53 0 0 1.2 0 0 0 0 0 0 1.62 0 0 2.23 0 0 0 0 0 0 2.96 0 0 2.46 0 0 0 0 0 0 3.91 0 0 5.49 0 0 0 0 0 0 1.96 0 0 1.63 0 0 0 0 0 0 4.73 0 0 4.34 0 0 0 0 0 0 3.71 0 0 5.26 0 0 0 0 0 0 3.33 0 0 4.38 0 0 0 0 0 0 0.26 0 0 1.86 0 0 0 0 0 0 2.38 0 0 1.84 0 0 0 0 0 0 0 0 0 0 0 0 0 0 0 0 0 0 0 0 0 0 0 0 0 0 0 0 0 0 0 0 0 0 0 0 0 0 0 0 0 0 0 0 0 0 0 0 0 0 0 0 0 0 0 0 0 0 0 0 0 0 0 0 0 0 0 0 0 0 0 0 0 0 0 0 0 0 0 0 0 0 0 0 0 0 0 0 0 0 0 0 0 0 0 0 0 0 0 0 0 0 0 0 0 0 0 0 0 0 0 0 3.3 0 0 0 0 0 0 0 0 0 0.69 0 0 0 0 0 0 0 0 0 4.73 0 0 0 0 0 0 0 0 0 0.67 0 0 0 0 0 0 0 0 0 2.79 0 0 0 0 0 0 0 0 0 5.52 0 0 0 0 0 0 0 0 0 1.21 0 0 0 0 0 0 0 0 0 0.64 0 0 0 0 0 0 0 0 0 1.27 0 0 0 0 0 0 0 0 0 2 0 0 0 3.63 0 0 0.62 0 0 0 0 0 0 1.44 0 0 0.14 0 0 0 0 0 0 2.54 0 0 4.19 0 0 0 0 0 0 5.12 0 0 3.43 0 0 0 0 0 0 4.53 0 0 3 0 0 0 0 0 0 4.42 0 0 5.04 0 0 0 0 0 0 5.12 0 0 0.67 0 0 0 0 0 0 3.46 0 0 0.91 0 0 0 0 0 0 0.38 0 0 5.22 0 0 0 0 0 0 0.3 0 0 3.92 0 0 0 0 0 0 0 0 0 0 0 0 0 0 0 0 0 0 0 0 0 0 0 0 0 0 0 0 0 0 0 0 0 0 0 0 0 0 0 0 0 0 0 0 0 0 0 0 0 0 0 0 0 0 0 0 0 0 0 0 0 0 0 0 0 0 0 0 0 0 0 0 0 0 0 0 0 0 0 0 0 0 0 0 0 0 0 0 0 0 0 0 0 0 0 0 0 0 0 0 0 0 0 0 0 0 0 0 0 0 0 0 3.73 0 0 0 0 0 0 0 0 0 0.16 0 0 0 0 0 0 0 0 0 2.53 0 0 0 0 0 0 0 0 0 4.71 0 0 0 0 0 0 0 0 0 0.55 0 0 0 0 0 0 0 0 0 3.73 0 0 0 0 0 0 0 0 0 3.6 0 0 0 0 0 0 0 0 0 0.71 0 0 0 0 0 0 0 0 0 4.47 0 0 0 0 0 0 0 0 0 2.32 0 0 0 3.51 0 0 1.75 0 0 0 0 0 0 2.61 0 0 2.93 0 0 0 0 0 0 3.4 0 0 3.14 0 0 0 0 0 0 0.9 0 0 3.95 0 0 0 0 0 0 0.32 0 0 1.14 0 0 0 0 0 0 1.66 0 0 3.93 0 0 0 0 0 0 0.15 0 0 0.5 0 0 0 0 0 0 3.04 0 0 0.73 0 0 0 0 0 0 0.72 0 0 0.78 0 0 0 0 0 0 4 0 0 0.31 0 0 0 0 0 0 0 0 0 0 0 0 0 0 0 0 0 0 0 0 0 0 0 0 0 0 0 0 0 0 0 0 0 0 0 0 0 0 0 0 0 0 0 0 0 0 0 0 0 0 0 0 0 0 0 0 0 0 0 0 0 0 0 0 0 0 0 0 0 0 0 0 0 0 0 0 0 0 0 0 0 0 0 0 0 0 0 0 0 0 0 0 0 0 0 0 0 0 0 0 0 0 0 0 0 0 0 0 0 0 0 0 0.36 0 0 0 0 0 0 0 0 0 0.56 0 0 0 0 0 0 0 0 0 1.59 0 0 0 0 0 0 0 0 0 3.57 0 0 0 0 0 0 0 0 0 2.53 0 0 0 0 0 0 0 0 0 5.25 0 0 0 0 0 0 0 0 0 0.56 0 0 0 0 0 0 0 0 0 0.53 0 0 0 0 0 0 0 0 0 4.71 0 0 0 0 0 0 0 0 0 2.05 0 0 0 0 0 0 0 0 0 2.79 0 0 0 0 0 0 0 0 0 0.77 0 0 0 0 0 0 0 0 0 0.64 0 0 0 0 0 0 0 0 0 2.83 0 0 0 0 0 0 0 0 0 1.34 0 0 0 0 0 0 0 0 0 0.11 0 0 0 0 0 0 0 0 0 3.99 0 0 0 0 0 0 0 0 0 2.68 0 0 0 0 0 0 0 0 0 3.12 0 0 0 0 0 0 0 0 0 2.34 0 0 0 1.65 0 0 0.52 0 0 0 0 0 0 0.16 0 0 3.3 0 0 0 0 0 0 1.97 0 0 0.84 0 0 0 0 0 0 1.54 0 0 3.73 0 0 0 0 0 0 0.73 0 0 2.76 0 0 0 0 0 0 2.96 0 0 3.9 0 0 0 0 0 0 3.01 0 0 1.41 0 0 0 0 0 0 1.72 0 0 0.59 0 0 0 0 0 0 5.13 0 0 0.81 0 0 0 0 0 0 2.44 0 0 1.85 0 0 0 0 0 0 0 0 0 0 0 0 0 0 0 0 0 0 0 0 0 0 0 0 0 0 0 0 0 0 0 0 0 0 0 0 0 0 0 0 0 0 0 0 0 0 0 0 0 0 0 0 0 0 0 0 0 0 0 0 0 0 0 0 0 0 0 0 0 0 0 0 0 0 0 0 0 0 0 0 0 0 0 0 0 0 0 0 0 0 0 0 0 0 0 0 0 0 0 0 0 0 0 0 0 0 0 0 0 0 0 0 2.3 0 0 0 0 0 0 0 0 0 0.83 0 0 0 0 0 0 0 0 0 1.22 0 0 0 0 0 0 0 0 0 1.95 0 0 0 0 0 0 0 0 0 1.22 0 0 0 0 0 0 0 0 0 0.23 0 0 0 0 0 0 0 0 0 3.81 0 0 0 0 0 0 0 0 0 0.09 0 0 0 0 0 0 0 0 0 3.2 0 0 0 0 0 0 0 0 0 4.99 0 0 0 5.38 0 0 0.06 0 0 0 0 0 0 1.41 0 0 1.88 0 0 0 0 0 0 1.67 0 0 4.45 0 0 0 0 0 0 3.55 0 0 1 0 0 0 0 0 0 0.62 0 0 0.32 0 0 0 0 0 0 0.49 0 0 4.96 0 0 0 0 0 0 3.4 0 0 3.27 0 0 0 0 0 0 4.73 0 0 1.59 0 0 0 0 0 0 4.66 0 0 4.48 0 0 0 0 0 0 0.99 0 0 2.15 0 0 0 0 0 0 0 0 0 0 0 0 0 0 0 0 0 0 0 0 0 0 0 0 0 0 0 0 0 0 0 0 0 0 0 0 0 0 0 0 0 0 0 0 0 0 0 0 0 0 0 0 0 0 0 0 0 0 0 0 0 0 0 0 0 0 0 0 0 0 0 0 0 0 0 0 0 0 0 0 0 0 0 0 0 0 0 0 0 0 0 0 0 0 0 0 0 0 0 0 0 0 0 0 0 0 0 0 0 0 0 0 3.27 0 0 0 0 0 0 0 0 0 0.46 0 0 0 0 0 0 0 0 0 0.22 0 0 0 0 0 0 0 0 0 1.88 0 0 0 0 0 0 0 0 0 3.93 0 0 0 0 0 0 0 0 0 3.69 0 0 0 0 0 0 0 0 0 0.22 0 0 0 0 0 0 0 0 0 4.88 0 0 0 0 0 0 0 0 0 3.44 0 0 0 0 0 0 0 0 0 4.66 0 0 0 0.77 0 0 0.1 0 0 0 0 0 0 0.4 0 0 0.08 0 0 0 0 0 0 2.07 0 0 3.34 0 0 0 0 0 0 0.04 0 0 0.98 0 0 0 0 0 0 2.56 0 0 0.27 0 0 0 0 0 0 4.24 0 0 4.37 0 0 0 0 0 0 0.43 0 0 0.24 0 0 0 0 0 0 2.41 0 0 5.02 0 0 0 0 0 0 1.55 0 0 4.62 0 0 0 0 0 0 2.02 0 0 5.08 0 0 0 0 0 0 0 0 0 0 0 0 0 0 0 0 0 0 0 0 0 0 0 0 0 0 0 0 0 0 0 0 0 0 0 0 0 0 0 0 0 0 0 0 0 0 0 0 0 0 0 0 0 0 0 0 0 0 0 0 0 0 0 0 0 0 0 0 0 0 0 0 0 0 0 0 0 0 0 0 0 0 0 0 0 0 0 0 0 0 0 0 0 0 0 0 0 0 0 0 0 0 0 0 0 0 0 0 0 0 0 0 0.84 0 0 0 0 0 0 0 0 0 0.66 0 0 0 0 0 0 0 0 0 2.85 0 0 0 0 0 0 0 0 0 2.07 0 0 0 0 0 0 0 0 0 2.82 0 0 0 0 0 0 0 0 0 2.43 0 0 0 0 0 0 0 0 0 1.04 0 0 0 0 0 0 0 0 0 3.04 0 0 0 0 0 0 0 0 0 5.05 0 0 0 0 0 0 0 0 0 1.42 0 0 0 0 0 0 0 0 0 4.04 0 0 0 0 0 0 0 0 0 1.82 0 0 0 0 0 0 0 0 0 3.34 0 0 0 0 0 0 0 0 0 4.83 0 0 0 0 0 0 0 0 0 3.02 0 0 0 0 0 0 0 0 0 0.71 0 0 0 0 0 0 0 0 0 3.84 0 0 0 0 0 0 0 0 0 5.43 0 0 0 0 0 0 0 0 0 2.82 0 0 0 0 0 0 0 0 0 1.23 0 0 0 1.15 0 0 1.98 0 0 0 0 0 0 2.41 0 0 1.23 0 0 0 0 0 0 2.82 0 0 0.15 0 0 0 0 0 0 0.42 0 0 0.77 0 0 0 0 0 0 3.21 0 0 0.42 0 0 0 0 0 0 0.22 0 0 0.32 0 0 0 0 0 0 1.9 0 0 1.23 0 0 0 0 0 0 5.03 0 0 2.21 0 0 0 0 0 0 0.52 0 0 0.76 0 0 0 0 0 0 0.37 0 0 1.2 0 0 0 0 0 0 0 0 0 0 0 0 0 0 0 0 0 0 0 0 0 0 0 0 0 0 0 0 0 0 0 0 0 0 0 0 0 0 0 0 0 0 0 0 0 0 0 0 0 0 0 0 0 0 0 0 0 0 0 0 0 0 0 0 0 0 0 0 0 0 0 0 0 0 0 0 0 0 0 0 0 0 0 0 0 0 0 0 0 0 0 0 0 0 0 0 0 0 0 0 0 0 0 0 0 0 0 0 0 0 0 0 1.44 0 0 0 0 0 0 0 0 0 1.43 0 0 0 0 0 0 0 0 0 3.54 0 0 0 0 0 0 0 0 0 3.24 0 0 0 0 0 0 0 0 0 2.67 0 0 0 0 0 0 0 0 0 4.34 0 0 0 0 0 0 0 0 0 0.31 0 0 0 0 0 0 0 0 0 1.13 0 0 0 0 0 0 0 0 0 3.76 0 0 0 0 0 0 0 0 0 0.11 0 0 0 1.39 0 0 2.34 0 0 0 0 0 0 0.72 0 0 0.53 0 0 0 0 0 0 2.49 0 0 2.4 0 0 0 0 0 0 0.88 0 0 0.35 0 0 0 0 0 0 4.34 0 0 3.22 0 0 0 0 0 0 3.45 0 0 3.65 0 0 0 0 0 0 2.87 0 0 3.87 0 0 0 0 0 0 1.73 0 0 3.61 0 0 0 0 0 0 3.79 0 0 0.2 0 0 0 0 0 0 3.58 0 0 0.72 0 0 0 0 0 0 0 0 0 0 0 0 0 0 0 0 0 0 0 0 0 0 0 0 0 0 0 0 0 0 0 0 0 0 0 0 0 0 0 0 0 0 0 0 0 0 0 0 0 0 0 0 0 0 0 0 0 0 0 0 0 0 0 0 0 0 0 0 0 0 0 0 0 0 0 0 0 0 0 0 0 0 0 0 0 0 0 0 0 0 0 0 0 0 0 0 0 0 0 0 0 0 0 0 0 0 0 0 0 0 0 0 5.29 0 0 0 0 0 0 0 0 0 0.81 0 0 0 0 0 0 0 0 0 0.54 0 0 0 0 0 0 0 0 0 0.63 0 0 0 0 0 0 0 0 0 1.92 0 0 0 0 0 0 0 0 0 0.05 0 0 0 0 0 0 0 0 0 0.49 0 0 0 0 0 0 0 0 0 2.04 0 0 0 0 0 0 0 0 0 0.22 0 0 0 0 0 0 0 0 0 4.58 0 0 0 5.32 0 0 3.32 0 0 0 0 0 0 2.7 0 0 5.26 0 0 0 0 0 0 0.87 0 0 0.49 0 0 0 0 0 0 0.39 0 0 0.08 0 0 0 0 0 0 3.05 0 0 0.34 0 0 0 0 0 0 2.36 0 0 0.81 0 0 0 0 0 0 3.27 0 0 3.46 0 0 0 0 0 0 5.42 0 0 0.59 0 0 0 0 0 0 3.98 0 0 5.38 0 0 0 0 0 0 0.98 0 0 1.59 0 0 0 0 0 0 0 0 0 0 0 0 0 0 0 0 0 0 0 0 0 0 0 0 0 0 0 0 0 0 0 0 0 0 0 0 0 0 0 0 0 0 0 0 0 0 0 0 0 0 0 0 0 0 0 0 0 0 0 0 0 0 0 0 0 0 0 0 0 0 0 0 0 0 0 0 0 0 0 0 0 0 0 0 0 0 0 0 0 0 0 0 0 0 0 0 0 0 0 0 0 0 0 0 0 0 0 0 0 0 0 0 1.28 0 0 0 0 0 0 0 0 0 0.98 0 0 0 0 0 0 0 0 0 3.88 0 0 0 0 0 0 0 0 0 0.96 0 0 0 0 0 0 0 0 0 3.82 0 0 0 0 0 0 0 0 0 2.28 0 0 0 0 0 0 0 0 0 0.83 0 0 0 0 0 0 0 0 0 0.29 0 0 0 0 0 0 0 0 0 1.35 0 0 0 0 0 0 0 0 0 2.42 0 0 0 0 0 0 0 0 0 1.31 0 0 0 0 0 0 0 0 0 0.2 0 0 0 0 0 0 0 0 0 1.49 0 0 0 0 0 0 0 0 0 1.13 0 0 0 0 0 0 0 0 0 1.46 0 0 0 0 0 0 0 0 0 2.58 0 0 0 0 0 0 0 0 0 1.71 0 0 0 0 0 0 0 0 0 6.17 0 0 0 0 0 0 0 0 0 3.57 0 0 0 0 0 0 0 0 0 2.06 0 0 0 0.62 0 0 2.38 0 0 0 0 0 0 3.57 0 0 2.27 0 0 0 0 0 0 0.79 0 0 0.98 0 0 0 0 0 0 3.47 0 0 0.93 0 0 0 0 0 0 0.56 0 0 4.23 0 0 0 0 0 0 2.98 0 0 1.41 0 0 0 0 0 0 0.78 0 0 0.72 0 0 0 0 0 0 0.47 0 0 3.9 0 0 0 0 0 0 0.5 0 0 2.13 0 0 0 0 0 0 5.06 0 0 1.39 0 0 0 0 0 0 0 0 0 0 0 0 0 0 0 0 0 0 0 0 0 0 0 0 0 0 0 0 0 0 0 0 0 0 0 0 0 0 0 0 0 0 0 0 0 0 0 0 0 0 0 0 0 0 0 0 0 0 0 0 0 0 0 0 0 0 0 0 0 0 0 0 0 0 0 0 0 0 0 0 0 0 0 0 0 0 0 0 0 0 0 0 0 0 0 0 0 0 0 0 0 0 0 0 0 0 0 0 0 0 0 0 1.02 0 0 0 0 0 0 0 0 0 2.86 0 0 0 0 0 0 0 0 0 1.35 0 0 0 0 0 0 0 0 0 3.56 0 0 0 0 0 0 0 0 0 0.16 0 0 0 0 0 0 0 0 0 1.34 0 0 0 0 0 0 0 0 0 0.12 0 0 0 0 0 0 0 0 0 0.28 0 0 0 0 0 0 0 0 0 3.02 0 0 0 0 0 0 0 0 0 0.27 0 0 0 2.75 0 0 4.16 0 0 0 0 0 0 5.69 0 0 0.42 0 0 0 0 0 0 2.95 0 0 3.73 0 0 0 0 0 0 0.59 0 0 4.44 0 0 0 0 0 0 1.88 0 0 1.41 0 0 0 0 0 0 3.54 0 0 0.08 0 0 0 0 0 0 1.33 0 0 1.5 0 0 0 0 0 0 0.46 0 0 0.93 0 0 0 0 0 0 0.31 0 0 1.95 0 0 0 0 0 0 3.05 0 0 1.06 0 0 0 0 0 0 0 0 0 0 0 0 0 0 0 0 0 0 0 0 0 0 0 0 0 0 0 0 0 0 0 0 0 0 0 0 0 0 0 0 0 0 0 0 0 0 0 0 0 0 0 0 0 0 0 0 0 0 0 0 0 0 0 0 0 0 0 0 0 0 0 0 0 0 0 0 0 0 0 0 0 0 0 0 0 0 0 0 0 0 0 0 0 0 0 0 0 0 0 0 0 0 0 0 0 0 0 0 0 0 0 0 1.95 0 0 0 0 0 0 0 0 0 1.42 0 0 0 0 0 0 0 0 0 2.16 0 0 0 0 0 0 0 0 0 3.2 0 0 0 0 0 0 0 0 0 4.41 0 0 0 0 0 0 0 0 0 2.02 0 0 0 0 0 0 0 0 0 3.98 0 0 0 0 0 0 0 0 0 2.2 0 0 0 0 0 0 0 0 0 1.96 0 0 0 0 0 0 0 0 0 4.65 0 0 0 2.37 0 0 0.72 0 0 0 0 0 0 4.33 0 0 1.82 0 0 0 0 0 0 3.83 0 0 0.23 0 0 0 0 0 0 1.03 0 0 0.33 0 0 0 0 0 0 1.2 0 0 5.45 0 0 0 0 0 0 1.3 0 0 0.23 0 0 0 0 0 0 2.27 0 0 0.56 0 0 0 0 0 0 1.23 0 0 3.21 0 0 0 0 0 0 0.43 0 0 1.31 0 0 0 0 0 0 4.88 0 0 3.11 0 0 0 0 0 0 0 0 0 0 0 0 0 0 0 0 0 0 0 0 0 0 0 0 0 0 0 0 0 0 0 0 0 0 0 0 0 0 0 0 0 0 0 0 0 0 0 0 0 0 0 0 0 0 0 0 0 0 0 0 0 0 0 0 0 0 0 0 0 0 0 0 0 0 0 0 0 0 0 0 0 0 0 0 0 0 0 0 0 0 0 0 0 0 0 0 0 0 0 0 0 0 0 0 0 0 0 0 0 0 0 0 4.1 0 0 0 0 0 0 0 0 0 1.46 0 0 0 0 0 0 0 0 0 0.79 0 0 0 0 0 0 0 0 0 1.1 0 0 0 0 0 0 0 0 0 1.26 0 0 0 0 0 0 0 0 0 2.43 0 0 0 0 0 0 0 0 0 4.61 0 0 0 0 0 0 0 0 0 5.38 0 0 0 0 0 0 0 0 0 0.63 0 0 0 0 0 0 0 0 0 0.78 0 0 0 0 0 0 0 0 0 2.28 0 0 0 0 0 0 0 0 0 1.23 0 0 0 0 0 0 0 0 0 2.83 0 0 0 0 0 0 0 0 0 2.72 0 0 0 0 0 0 0 0 0 5.26 0 0 0 0 0 0 0 0 0 2.08 0 0 0 0 0 0 0 0 0 3.75 0 0 0 0 0 0 0 0 0 0.87 0 0 0 0 0 0 0 0 0 3.87 0 0 0 0 0 0 0 0 0 1.48 0 0 0 0.11 0 0 3.51 0 0 0 0 0 0 1.4 0 0 3.34 0 0 0 0 0 0 3.8 0 0 4.06 0 0 0 0 0 0 0.28 0 0 0.23 0 0 0 0 0 0 1.71 0 0 0.11 0 0 0 0 0 0 0.59 0 0 5.48 0 0 0 0 0 0 0.86 0 0 0.62 0 0 0 0 0 0 3.98 0 0 1.02 0 0 0 0 0 0 0.69 0 0 3.24 0 0 0 0 0 0 1.53 0 0 0.64 0 0 0 0 0 0 0 0 0 0 0 0 0 0 0 0 0 0 0 0 0 0 0 0 0 0 0 0 0 0 0 0 0 0 0 0 0 0 0 0 0 0 0 0 0 0 0 0 0 0 0 0 0 0 0 0 0 0 0 0 0 0 0 0 0 0 0 0 0 0 0 0 0 0 0 0 0 0 0 0 0 0 0 0 0 0 0 0 0 0 0 0 0 0 0 0 0 0 0 0 0 0 0 0 0 0 0 0 0 0 0 0 1.37 0 0 0 0 0 0 0 0 0 3.59 0 0 0 0 0 0 0 0 0 3.98 0 0 0 0 0 0 0 0 0 0.44 0 0 0 0 0 0 0 0 0 3.64 0 0 0 0 0 0 0 0 0 4.19 0 0 0 0 0 0 0 0 0 0.41 0 0 0 0 0 0 0 0 0 3.43 0 0 0 0 0 0 0 0 0 1.49 0 0 0 0 0 0 0 0 0 6.2 0 0 0 2.16 0 0 0.38 0 0 0 0 0 0 1.17 0 0 4.09 0 0 0 0 0 0 3.34 0 0 1.04 0 0 0 0 0 0 2.73 0 0 0.37 0 0 0 0 0 0 4.01 0 0 0.55 0 0 0 0 0 0 1.53 0 0 0.52 0 0 0 0 0 0 5.22 0 0 5.24 0 0 0 0 0 0 4.3 0 0 3.03 0 0 0 0 0 0 5.12 0 0 1.46 0 0 0 0 0 0 3.62 0 0 1.78 0 0 0 0 0 0 0 0 0 0 0 0 0 0 0 0 0 0 0 0 0 0 0 0 0 0 0 0 0 0 0 0 0 0 0 0 0 0 0 0 0 0 0 0 0 0 0 0 0 0 0 0 0 0 0 0 0 0 0 0 0 0 0 0 0 0 0 0 0 0 0 0 0 0 0 0 0 0 0 0 0 0 0 0 0 0 0 0 0 0 0 0 0 0 0 0 0 0 0 0 0 0 0 0 0 0 0 0 0 0 0 0 4.25 0 0 0 0 0 0 0 0 0 3.16 0 0 0 0 0 0 0 0 0 4.39 0 0 0 0 0 0 0 0 0 3.13 0 0 0 0 0 0 0 0 0 1.4 0 0 0 0 0 0 0 0 0 0.86 0 0 0 0 0 0 0 0 0 0.11 0 0 0 0 0 0 0 0 0 1.73 0 0 0 0 0 0 0 0 0 4.66 0 0 0 0 0 0 0 0 0 4.96 0 0 0 1.04 0 0 0.33 0 0 0 0 0 0 0.92 0 0 0.37 0 0 0 0 0 0 0.16 0 0 0.28 0 0 0 0 0 0 1.71 0 0 4.53 0 0 0 0 0 0 1.94 0 0 2.39 0 0 0 0 0 0 1.94 0 0 1.54 0 0 0 0 0 0 1.73 0 0 0.71 0 0 0 0 0 0 2.1 0 0 2.28 0 0 0 0 0 0 0.7 0 0 0.8 0 0 0 0 0 0 0.24 0 0 2.17 0 0 0 0 0 0 0 0 0 0 0 0 0 0 0 0 0 0 0 0 0 0 0 0 0 0 0 0 0 0 0 0 0 0 0 0 0 0 0 0 0 0 0 0 0 0 0 0 0 0 0 0 0 0 0 0 0 0 0 0 0 0 0 0 0 0 0 0 0 0 0 0 0 0 0 0 0 0 0 0 0 0 0 0 0 0 0 0 0 0 0 0 0 0 0 0 0 0 0 0 0 0 0 0 0 0 0 0 0 0 0 0 2.56 0 0 0 0 0 0 0 0 0 0.78 0 0 0 0 0 0 0 0 0 0.98 0 0 0 0 0 0 0 0 0 0.88 0 0 0 0 0 0 0 0 0 2.14 0 0 0 0 0 0 0 0 0 2.52 0 0 0 0 0 0 0 0 0 2.81 0 0 0 0 0 0 0 0 0 2.11 0 0 0 0 0 0 0 0 0 1.01 0 0 0 0 0 0 0 0 0 3.19 0 0 0 0 0 0 0 0 0 3.17 0 0 0 0 0 0 0 0 0 3.61 0 0 0 0 0 0 0 0 0 1.72 0 0 0 0 0 0 0 0 0 3.9 0 0 0 0 0 0 0 0 0 0.25 0 0 0 0 0 0 0 0 0 2.46 0 0 0 0 0 0 0 0 0 2.06 0 0 0 0 0 0 0 0 0 4.31 0 0 0 0 0 0 0 0 0 1.91 0 0 0 0 0 0 0 0 0 3.4 0 0 0 1.65 0 0 0.57 0 0 0 0 0 0 1.52 0 0 2.23 0 0 0 0 0 0 0.1 0 0 1.41 0 0 0 0 0 0 2.24 0 0 2.41 0 0 0 0 0 0 2.61 0 0 1.58 0 0 0 0 0 0 4 0 0 1.96 0 0 0 0 0 0 2.18 0 0 4.15 0 0 0 0 0 0 2.05 0 0 3.88 0 0 0 0 0 0 3.04 0 0 0.53 0 0 0 0 0 0 0.65 0 0 1.85 0 0 0 0 0 0 0 0 0 0 0 0 0 0 0 0 0 0 0 0 0 0 0 0 0 0 0 0 0 0 0 0 0 0 0 0 0 0 0 0 0 0 0 0 0 0 0 0 0 0 0 0 0 0 0 0 0 0 0 0 0 0 0 0 0 0 0 0 0 0 0 0 0 0 0 0 0 0 0 0 0 0 0 0 0 0 0 0 0 0 0 0 0 0 0 0 0 0 0 0 0 0 0 0 0 0 0 0 0 0 0 0 0.2 0 0 0 0 0 0 0 0 0 0.36 0 0 0 0 0 0 0 0 0 2.54 0 0 0 0 0 0 0 0 0 0.75 0 0 0 0 0 0 0 0 0 1.46 0 0 0 0 0 0 0 0 0 4.86 0 0 0 0 0 0 0 0 0 1.16 0 0 0 0 0 0 0 0 0 2.26 0 0 0 0 0 0 0 0 0 0.84 0 0 0 0 0 0 0 0 0 6.05 0 0 0 0.49 0 0 0.65 0 0 0 0 0 0 3.11 0 0 0.81 0 0 0 0 0 0 1.38 0 0 1.33 0 0 0 0 0 0 1.35 0 0 0.51 0 0 0 0 0 0 3.99 0 0 1.02 0 0 0 0 0 0 0.9 0 0 2.48 0 0 0 0 0 0 1.23 0 0 3.86 0 0 0 0 0 0 1.88 0 0 0.35 0 0 0 0 0 0 3.13 0 0 2.33 0 0 0 0 0 0 0.7 0 0 4.52 0 0 0 0 0 0 0 0 0 0 0 0 0 0 0 0 0 0 0 0 0 0 0 0 0 0 0 0 0 0 0 0 0 0 0 0 0 0 0 0 0 0 0 0 0 0 0 0 0 0 0 0 0 0 0 0 0 0 0 0 0 0 0 0 0 0 0 0 0 0 0 0 0 0 0 0 0 0 0 0 0 0 0 0 0 0 0 0 0 0 0 0 0 0 0 0 0 0 0 0 0 0 0 0 0 0 0 0 0 0 0 0 4.73 0 0 0 0 0 0 0 0 0 5.12 0 0 0 0 0 0 0 0 0 2.45 0 0 0 0 0 0 0 0 0 3.73 0 0 0 0 0 0 0 0 0 3.25 0 0 0 0 0 0 0 0 0 1.81 0 0 0 0 0 0 0 0 0 3.34 0 0 0 0 0 0 0 0 0 1.2 0 0 0 0 0 0 0 0 0 0.27 0 0 0 0 0 0 0 0 0 0.79 0 0 0 0.56 0 0 1.43 0 0 0 0 0 0 1.07 0 0 1.85 0 0 0 0 0 0 1.11 0 0 1.62 0 0 0 0 0 0 3.28 0 0 0.9 0 0 0 0 0 0 2.48 0 0 2.04 0 0 0 0 0 0 0.65 0 0 2.79 0 0 0 0 0 0 5.65 0 0 2.01 0 0 0 0 0 0 0.89 0 0 0.42 0 0 0 0 0 0 0.73 0 0 2.9 0 0 0 0 0 0 1.17 0 0 0.56 0 0 0 0 0 0 0 0 0 0 0 0 0 0 0 0 0 0 0 0 0 0 0 0 0 0 0 0 0 0 0 0 0 0 0 0 0 0 0 0 0 0 0 0 0 0 0 0 0 0 0 0 0 0 0 0 0 0 0 0 0 0 0 0 0 0 0 0 0 0 0 0 0 0 0 0 0 0 0 0 0 0 0 0 0 0 0 0 0 0 0 0 0 0 0 0 0 0 0 0 0 0 0 0 0 0 0 0 0 0 0 0 2.41 0 0 0 0 0 0 0 0 0 0.07 0 0 0 0 0 0 0 0 0 1.39 0 0 0 0 0 0 0 0 0 1.86 0 0 0 0 0 0 0 0 0 2.69 0 0 0 0 0 0 0 0 0 3.75 0 0 0 0 0 0 0 0 0 1.8 0 0 0 0 0 0 0 0 0 3.09 0 0 0 0 0 0 0 0 0 3.58 0 0 0 0 0 0 0 0 0 5.17 0 0 0 0 0 0 0 0 0 1.71 0 0 0 0 0 0 0 0 0 2.29 0 0 0 0 0 0 0 0 0 1.44 0 0 0 0 0 0 0 0 0 2.88 0 0 0 0 0 0 0 0 0 0.96 0 0 0 0 0 0 0 0 0 0.21 0 0 0 0 0 0 0 0 0 3.73 0 0 0 0 0 0 0 0 0 1.66 0 0 0 0 0 0 0 0 0 0.25 0 0 0 0 0 0 0 0 0 0.64 0 0 0 0.43 0 0 2.91 0 0 0 0 0 0 4.07 0 0 2.75 0 0 0 0 0 0 3.55 0 0 0.75 0 0 0 0 0 0 3.65 0 0 0.6 0 0 0 0 0 0 0.62 0 0 0.61 0 0 0 0 0 0 3.92 0 0 0.37 0 0 0 0 0 0 3.02 0 0 0.94 0 0 0 0 0 0 2.62 0 0 2.27 0 0 0 0 0 0 0.78 0 0 4.78 0 0 0 0 0 0 1.82 0 0 0.74 0 0 0 0 0 0 0 0 0 0 0 0 0 0 0 0 0 0 0 0 0 0 0 0 0 0 0 0 0 0 0 0 0 0 0 0 0 0 0 0 0 0 0 0 0 0 0 0 0 0 0 0 0 0 0 0 0 0 0 0 0 0 0 0 0 0 0 0 0 0 0 0 0 0 0 0 0 0 0 0 0 0 0 0 0 0 0 0 0 0 0 0 0 0 0 0 0 0 0 0 0 0 0 0 0 0 0 0 0 0 0 0 1.85 0 0 0 0 0 0 0 0 0 0.79 0 0 0 0 0 0 0 0 0 3.86 0 0 0 0 0 0 0 0 0 0.74 0 0 0 0 0 0 0 0 0 1.94 0 0 0 0 0 0 0 0 0 1.43 0 0 0 0 0 0 0 0 0 1.29 0 0 0 0 0 0 0 0 0 4.47 0 0 0 0 0 0 0 0 0 2.31 0 0 0 0 0 0 0 0 0 0.99 0 0 0 0.87 0 0 0.97 0 0 0 0 0 0 1.88 0 0 0.88 0 0 0 0 0 0 1.33 0 0 2.25 0 0 0 0 0 0 0.23 0 0 0.5 0 0 0 0 0 0 2.57 0 0 0.41 0 0 0 0 0 0 3.74 0 0 1.3 0 0 0 0 0 0 0.16 0 0 0.36 0 0 0 0 0 0 1.38 0 0 1.33 0 0 0 0 0 0 0.45 0 0 3.28 0 0 0 0 0 0 0.46 0 0 1.42 0 0 0 0 0 0 0 0 0 0 0 0 0 0 0 0 0 0 0 0 0 0 0 0 0 0 0 0 0 0 0 0 0 0 0 0 0 0 0 0 0 0 0 0 0 0 0 0 0 0 0 0 0 0 0 0 0 0 0 0 0 0 0 0 0 0 0 0 0 0 0 0 0 0 0 0 0 0 0 0 0 0 0 0 0 0 0 0 0 0 0 0 0 0 0 0 0 0 0 0 0 0 0 0 0 0 0 0 0 0 0 0 1.1 0 0 0 0 0 0 0 0 0 0.89 0 0 0 0 0 0 0 0 0 0.97 0 0 0 0 0 0 0 0 0 1.03 0 0 0 0 0 0 0 0 0 0.08 0 0 0 0 0 0 0 0 0 1.35 0 0 0 0 0 0 0 0 0 1.95 0 0 0 0 0 0 0 0 0 3.72 0 0 0 0 0 0 0 0 0 0.61 0 0 0 0 0 0 0 0 0 0.51 0 0 0 1.96 0 0 1.55 0 0 0 0 0 0 1.01 0 0 2.71 0 0 0 0 0 0 1.99 0 0 2.45 0 0 0 0 0 0 0.35 0 0 0.33 0 0 0 0 0 0 4.13 0 0 0.35 0 0 0 0 0 0 1.04 0 0 3.58 0 0 0 0 0 0 1.68 0 0 2.02 0 0 0 0 0 0 2.74 0 0 0.25 0 0 0 0 0 0 0.46 0 0 3.82 0 0 0 0 0 0 2.72 0 0 1.08 0 0 0 0 0 0 0 0 0 0 0 0 0 0 0 0 0 0 0 0 0 0 0 0 0 0 0 0 0 0 0 0 0 0 0 0 0 0 0 0 0 0 0 0 0 0 0 0 0 0 0 0 0 0 0 0 0 0 0 0 0 0 0 0 0 0 0 0 0 0 0 0 0 0 0 0 0 0 0 0 0 0 0 0 0 0 0 0 0 0 0 0 0 0 0 0 0 0 0 0 0 0 0 0 0 0 0 0 0 0 0 0 3.94 0 0 0 0 0 0 0 0 0 3.86 0 0 0 0 0 0 0 0 0 0.97 0 0 0 0 0 0 0 0 0 4.79 0 0 0 0 0 0 0 0 0 0.71 0 0 0 0 0 0 0 0 0 0.16 0 0 0 0 0 0 0 0 0 1.57 0 0 0 0 0 0 0 0 0 3.04 0 0 0 0 0 0 0 0 0 4.24 0 0 0 0 0 0 0 0 0 0.39 0 0 0 0 0 0 0 0 0 1.2 0 0 0 0 0 0 0 0 0 0.97 0 0 0 0 0 0 0 0 0 1.38 0 0 0 0 0 0 0 0 0 1.05 0 0 0 0 0 0 0 0 0 4.56 0 0 0 0 0 0 0 0 0 5.53 0 0 0 0 0 0 0 0 0 2.29 0 0 0 0 0 0 0 0 0 0.66 0 0 0 0 0 0 0 0 0 2.65 0 0 0 0 0 0 0 0 0 2.73 0 0 0 0.81 0 0 0.66 0 0 0 0 0 0 0.07 0 0 3.43 0 0 0 0 0 0 2.33 0 0 4.7 0 0 0 0 0 0 4.22 0 0 2.57 0 0 0 0 0 0 3.94 0 0 0.26 0 0 0 0 0 0 0.9 0 0 0.41 0 0 0 0 0 0 0.73 0 0 1.9 0 0 0 0 0 0 0.27 0 0 4.37 0 0 0 0 0 0 1.51 0 0 0.94 0 0 0 0 0 0 0.31 0 0 0.82 0 0 0 0 0 0 0 0 0 0 0 0 0 0 0 0 0 0 0 0 0 0 0 0 0 0 0 0 0 0 0 0 0 0 0 0 0 0 0 0 0 0 0 0 0 0 0 0 0 0 0 0 0 0 0 0 0 0 0 0 0 0 0 0 0 0 0 0 0 0 0 0 0 0 0 0 0 0 0 0 0 0 0 0 0 0 0 0 0 0 0 0 0 0 0 0 0 0 0 0 0 0 0 0 0 0 0 0 0 0 0 0 4.38 0 0 0 0 0 0 0 0 0 0.25 0 0 0 0 0 0 0 0 0 4.41 0 0 0 0 0 0 0 0 0 0.57 0 0 0 0 0 0 0 0 0 0.01 0 0 0 0 0 0 0 0 0 0.6 0 0 0 0 0 0 0 0 0 0.52 0 0 0 0 0 0 0 0 0 0.83 0 0 0 0 0 0 0 0 0 1.44 0 0 0 0 0 0 0 0 0 3.69 0 0 0 3.84 0 0 1.45 0 0 0 0 0 0 3.09 0 0 3.1 0 0 0 0 0 0 4.27 0 0 0.2 0 0 0 0 0 0 2.04 0 0 4.62 0 0 0 0 0 0 3.76 0 0 1.16 0 0 0 0 0 0 4.69 0 0 1.14 0 0 0 0 0 0 4.41 0 0 5.86 0 0 0 0 0 0 0.86 0 0 3.93 0 0 0 0 0 0 1.13 0 0 3.35 0 0 0 0 0 0 0.89 0 0 0.35 0 0 0 0 0 0 0 0 0 0 0 0 0 0 0 0 0 0 0 0 0 0 0 0 0 0 0 0 0 0 0 0 0 0 0 0 0 0 0 0 0 0 0 0 0 0 0 0 0 0 0 0 0 0 0 0 0 0 0 0 0 0 0 0 0 0 0 0 0 0 0 0 0 0 0 0 0 0 0 0 0 0 0 0 0 0 0 0 0 0 0 0 0 0 0 0 0 0 0 0 0 0 0 0 0 0 0 0 0 0 0 0 1.17 0 0 0 0 0 0 0 0 0 3.7 0 0 0 0 0 0 0 0 0 2.53 0 0 0 0 0 0 0 0 0 1.46 0 0 0 0 0 0 0 0 0 2.39 0 0 0 0 0 0 0 0 0 1.33 0 0 0 0 0 0 0 0 0 1.72 0 0 0 0 0 0 0 0 0 3.29 0 0 0 0 0 0 0 0 0 1.56 0 0 0 0 0 0 0 0 0 1.66 0 0 0 0.09 0 0 0.9 0 0 0 0 0 0 4.32 0 0 5.53 0 0 0 0 0 0 0.84 0 0 4.67 0 0 0 0 0 0 3.32 0 0 2.02 0 0 0 0 0 0 4.18 0 0 2.07 0 0 0 0 0 0 1.54 0 0 1 0 0 0 0 0 0 3.35 0 0 0.74 0 0 0 0 0 0 4.52 0 0 0.22 0 0 0 0 0 0 1.49 0 0 2.86 0 0 0 0 0 0 2.55 0 0 3.69 0 0 0 0 0 0 0 0 0 0 0 0 0 0 0 0 0 0 0 0 0 0 0 0 0 0 0 0 0 0 0 0 0 0 0 0 0 0 0 0 0 0 0 0 0 0 0 0 0 0 0 0 0 0 0 0 0 0 0 0 0 0 0 0 0 0 0 0 0 0 0 0 0 0 0 0 0 0 0 0 0 0 0 0 0 0 0 0 0 0 0 0 0 0 0 0 0 0 0 0 0 0 0 0 0 0 0 0 0 0 0 0 0.98 0 0 0 0 0 0 0 0 0 1.36 0 0 0 0 0 0 0 0 0 1.9 0 0 0 0 0 0 0 0 0 4.17 0 0 0 0 0 0 0 0 0 0.29 0 0 0 0 0 0 0 0 0 1.34 0 0 0 0 0 0 0 0 0 1.52 0 0 0 0 0 0 0 0 0 0.18 0 0 0 0 0 0 0 0 0 1.57 0 0 0 0 0 0 0 0 0 3.87 0 0 0 0 0 0 0 0 0 1.81 0 0 0 0 0 0 0 0 0 3.92 0 0 0 0 0 0 0 0 0 0.37 0 0 0 0 0 0 0 0 0 3.14 0 0 0 0 0 0 0 0 0 0.68 0 0 0 0 0 0 0 0 0 2.36 0 0 0 0 0 0 0 0 0 0.61 0 0 0 0 0 0 0 0 0 5.18 0 0 0 0 0 0 0 0 0 0.21 0 0 0 0 0 0 0 0 0 0.99 0 0 0 1.13 0 0 2.29 0 0 0 0 0 0 0.62 0 0 3.63 0 0 0 0 0 0 1.07 0 0 3.62 0 0 0 0 0 0 2.52 0 0 2.03 0 0 0 0 0 0 0.13 0 0 5.91 0 0 0 0 0 0 0.94 0 0 2.04 0 0 0 0 0 0 2.61 0 0 5.33 0 0 0 0 0 0 1.32 0 0 1.26 0 0 0 0 0 0 2.45 0 0 1.86 0 0 0 0 0 0 2.56 0 0 0.39 0 0 0 0 0 0 0 0 0 0 0 0 0 0 0 0 0 0 0 0 0 0 0 0 0 0 0 0 0 0 0 0 0 0 0 0 0 0 0 0 0 0 0 0 0 0 0 0 0 0 0 0 0 0 0 0 0 0 0 0 0 0 0 0 0 0 0 0 0 0 0 0 0 0 0 0 0 0 0 0 0 0 0 0 0 0 0 0 0 0 0 0 0 0 0 0 0 0 0 0 0 0 0 0 0 0 0 0 0 0 0 0 0.68 0 0 0 0 0 0 0 0 0 0.92 0 0 0 0 0 0 0 0 0 3.6 0 0 0 0 0 0 0 0 0 0.36 0 0 0 0 0 0 0 0 0 1.41 0 0 0 0 0 0 0 0 0 1.96 0 0 0 0 0 0 0 0 0 0.45 0 0 0 0 0 0 0 0 0 3.13 0 0 0 0 0 0 0 0 0 0.31 0 0 0 0 0 0 0 0 0 0.32 0 0 0 1.46 0 0 0.81 0 0 0 0 0 0 4.62 0 0 1.5 0 0 0 0 0 0 2.3 0 0 4.37 0 0 0 0 0 0 4.24 0 0 1.09 0 0 0 0 0 0 0.37 0 0 3.28 0 0 0 0 0 0 0.85 0 0 1.33 0 0 0 0 0 0 0.62 0 0 1.05 0 0 0 0 0 0 0.51 0 0 0.95 0 0 0 0 0 0 4.65 0 0 0.63 0 0 0 0 0 0 2.3 0 0 3.38 0 0 0 0 0 0 0 0 0 0 0 0 0 0 0 0 0 0 0 0 0 0 0 0 0 0 0 0 0 0 0 0 0 0 0 0 0 0 0 0 0 0 0 0 0 0 0 0 0 0 0 0 0 0 0 0 0 0 0 0 0 0 0 0 0 0 0 0 0 0 0 0 0 0 0 0 0 0 0 0 0 0 0 0 0 0 0 0 0 0 0 0 0 0 0 0 0 0 0 0 0 0 0 0 0 0 0 0 0 0 0 0 0.15 0 0 0 0 0 0 0 0 0 0.94 0 0 0 0 0 0 0 0 0 2.11 0 0 0 0 0 0 0 0 0 1.64 0 0 0 0 0 0 0 0 0 2.78 0 0 0 0 0 0 0 0 0 1.98 0 0 0 0 0 0 0 0 0 0.95 0 0 0 0 0 0 0 0 0 0.58 0 0 0 0 0 0 0 0 0 2.47 0 0 0 0 0 0 0 0 0 5.09 0 0 0 3.52 0 0 0.38 0 0 0 0 0 0 1.71 0 0 0.1 0 0 0 0 0 0 4.86 0 0 0.57 0 0 0 0 0 0 6.06 0 0 0.24 0 0 0 0 0 0 0.94 0 0 2.6 0 0 0 0 0 0 0.82 0 0 5.07 0 0 0 0 0 0 2.51 0 0 3.67 0 0 0 0 0 0 1.88 0 0 0.22 0 0 0 0 0 0 2.07 0 0 4.16 0 0 0 0 0 0 2.55 0 0 2.96 0 0 0 0 0 0 0 0 0 0 0 0 0 0 0 0 0 0 0 0 0 0 0 0 0 0 0 0 0 0 0 0 0 0 0 0 0 0 0 0 0 0 0 0 0 0 0 0 0 0 0 0 0 0 0 0 0 0 0 0 0 0 0 0 0 0 0 0 0 0 0 0 0 0 0 0 0 0 0 0 0 0 0 0 0 0 0 0 0 0 0 0 0 0 0 0 0 0 0 0 0 0 0 0 0 0 0 0 0 0 0 0 0.67 0 0 0 0 0 0 0 0 0 1.24 0 0 0 0 0 0 0 0 0 0.12 0 0 0 0 0 0 0 0 0 0.91 0 0 0 0 0 0 0 0 0 5.13 0 0 0 0 0 0 0 0 0 2.8 0 0 0 0 0 0 0 0 0 2.51 0 0 0 0 0 0 0 0 0 4.9 0 0 0 0 0 0 0 0 0 1.96 0 0 0 0 0 0 0 0 0 0.38 0 0 

</Matrix>
   <Matrix name="burstinessHist" type="complete" rows="1" columns="1000" multiplier="1.0">
   1945 2085 2127 2151 2120 2049 2125 2158 2144 2157 2115 2157 2121 2131 2149 2095 2143 2074 2092 2103 2158 2149 2139 2133 2142 2203 2161 2138 2101 2139 2104 2094 2142 2119 2122 2164 2102 2135 2148 2134 2097 2169 2143 2155 2156 2128 2202 2150 2104 2122 2147 2002 2119 2105 2134 2124 2124 2160 2097 2091 2140 2127 2151 2102 2138 2085 2176 2141 2118 2107 2095 2111 2032 2103 2134 2131 2072 2155 2102 2130 2069 2084 2140 2194 2116 2127 2082 2149 2106 2147 2066 2128 2084 2169 2142 2141 2145 2120 2106 2071 2113 2143 2166 2090 2178 2189 2147 2110 2188 2099 2138 2123 2102 2157 2134 2123 2121 2113 2131 2109 2113 2138 2146 2106 2065 2075 2094 2132 2153 2126 2100 2061 2174 2121 2120 2158 2093 2163 2133 2079 2095 2137 2131 2146 2183 2140 2129 2121 2110 2165 2106 2162 2119 2078 2134 2091 2055 2138 2163 2146 2153 2125 2106 2128 2116 2118 2151 2135 2105 2111 2115 2112 2107 2132 2160 2152 2093 2082 2068 2173 2097 2158 2119 2086 2168 2115 2146 2123 2141 2161 2141 2145 2155 2129 2133 2116 2141 2109 2179 2112 2140 2156 2108 2075 2135 2191 2128 2129 2155 2113 2150 2070 2164 2204 2058 2105 2120 2120 2173 2166 2163 2164 2152 2106 2076 2167 2093 2111 2049 2142 2126 2188 2128 2136 2143 2130 2124 2127 2137 2142 2137 2079 2125 2101 2115 2090 2118 2174 2046 2094 2116 2117 2089 2111 2158 2181 2141 2138 2098 2122 2131 2132 2176 2153 2115 2099 2150 2088 2125 2098 2137 2134 2147 2091 2106 2122 2125 2096 2175 2090 2088 2101 2161 2119 2113 2109 2155 2170 2135 2167 2151 2099 2141 2093 2125 2070 2111 2197 2115 2096 2159 2106 2145 2155 2118 2107 2136 2088 2168 2112 2149 2092 2089 2128 2143 2156 2119 2150 2147 2091 2128 2125 2129 2140 2106 2172 2145 2075 2117 2099 2108 2163 2086 2148 2075 2121 2172 2212 2084 2128 2165 2175 2160 2087 2131 2166 2135 2091 2098 2123 2085 2119 2118 2194 2149 2095 2112 2146 2086 2077 2047 2075 2206 2148 2093 2183 2112 2190 2118 2137 2129 2126 2180 2052 2110 2104 2104 2161 2116 2113 2118 2085 2075 2122 2158 2114 2144 2145 2116 2145 2191 2115 2138 2137 2094 2118 2139 2121 2153 2126 2202 2098 2156 2117 2210 2174 2114 2122 2177 2145 2075 2170 2129 2124 2142 2089 2089 2089 2092 2179 2076 2145 2117 2091 2132 2146 2141 2129 2113 2049 2105 2093 2114 2105 2088 2175 2072 2118 2056 2113 2092 2101 2136 2082 2070 2149 2162 2069 2145 2109 2188 2079 2083 2069 2160 2106 2115 2090 2113 2118 2123 2078 2075 2102 2123 2117 2165 2071 2193 2109 2117 2105 2138 2163 2142 2167 2135 2122 2159 2136 2153 2147 2124 2197 2107 2133 2136 2128 2117 2112 2131 2147 2125 2101 2170 2090 2096 2174 2100 2102 2138 2044 2172 2099 2120 2123 2090 2158 2154 2112 2142 2105 2099 2125 2197 2084 2135 2196 2124 2158 2121 2101 2082 2182 2120 2149 2114 2153 2089 2123 2152 2102 2099 2147 2196 2119 2121 2161 2133 2114 2120 2118 2150 2186 2138 2127 2127 2124 2133 2128 2091 2149 2117 2143 2127 2086 2153 2121 2182 2202 2053 2148 2082 2149 2167 2107 2155 2183 2137 2183 2039 2108 2160 2121 2126 2168 2091 2220 2178 2140 2130 2135 2138 2134 2167 2075 2146 2122 2141 2084 2108 2147 2137 2144 2124 2121 2102 2148 2099 2148 2214 2093 2137 2106 2213 2107 2120 2122 2099 2123 2095 2102 2137 2187 2143 2145 2207 2145 2142 2116 2126 2084 2098 2053 2133 2100 2054 2159 2252 2089 2126 2174 2094 2062 2135 2149 2082 2088 2085 2062 2038 2158 2081 2172 2111 2109 2080 2097 2116 2121 2150 2188 2162 2130 2112 2109 2146 2211 2108 2154 2225 2159 2082 2114 2160 2073 2109 2156 2179 2159 2140 2155 2104 2143 2109 2120 2119 2133 2167 2169 2140 2125 2159 2167 2188 2084 2182 2117 2100 2138 2118 2112 2155 2146 2109 2113 2104 2085 2109 2155 2139 2041 2132 2109 2137 2120 2171 2135 2185 2075 2105 2177 2119 2153 2105 2097 2167 2129 2153 2154 2193 2150 2193 2092 2128 2182 2071 2127 2116 2110 2169 2150 2130 2103 2134 2166 2129 2151 2155 2106 2135 2066 2147 2115 2144 2129 2133 2208 2141 2130 2140 2089 2139 2137 2118 2089 2160 2147 2144 2219 2079 2107 2142 2125 2147 2074 2068 2097 2116 2132 2124 2117 2118 2123 2121 2140 2129 2083 2121 2134 2174 2141 2121 2168 2155 2068 2139 2114 2147 2146 2160 2151 2154 2107 2117 2111 2139 2155 2166 2126 2170 2100 2032 2162 2176 2099 2103 2194 2117 2137 2094 2141 2173 2142 2092 2185 2120 2111 2107 2094 2127 2163 2150 2115 2075 2075 2136 2156 2125 2116 2140 2112 2101 2086 2115 2126 2173 2131 2147 2160 2073 2097 2088 2147 2177 2113 2102 2132 2151 2105 2129 2116 2118 2096 2121 2179 2142 2156 2152 2152 2122 2057 2129 2126 2068 2171 2091 2109 2125 2143 2196 2118 2129 2137 2134 2166 2162 2053 2156 2127 2165 2156 2111 2112 2178 2142 2106 2086 2170 2086 2137 2110 2156 2164 2111 2111 2120 2144 2135 2154 2100 2109 2158 2106 2095 2124 2129 2140 2203 2095 2110 2153 2160 2072 2153 2140 2163 2089 2150 2088 2141 2139 2094 2162 2081 2124 2175 2121 2186 2129 2116 2141 2099 2132 2208 2120 2115 2111 2145 2110 2082 2122 2139 2156 2087 2155 2098 2181 2078 2116 2087 2138 2126 2128 2109 2111 2097 2165 2167 2146 2153 2086 2101 2066 2047 2180 2135 2131 2113 2080 2083 2117 2138 2139 2189 2179 2114 2187 2081 2088 2177 2151 2119 2089 2197 2154 2148 2158 2110 2145 2078 2126 2170 2127 2117 2117 2125 2134 2077 2117 
</Matrix>
   <Matrix name="spikesHistory" type="complete" rows="1" columns="100000" multiplier="1.0">
   0 0 0 0 0 2 8 7 15 24 25 26 25 21 16 14 15 19 23 17 26 13 17 30 19 24 30 19 25 19 20 20 18 20 16 18 22 24 21 15 26 34 21 14 12 25 19 22 14 19 21 18 22 15 24 25 17 17 26 18 20 16 31 21 15 22 32 18 15 24 22 19 22 23 23 22 22 23 22 20 23 15 22 16 30 24 21 19 22 20 15 28 17 23 20 27 21 22 17 29 25 20 21 22 12 20 17 12 24 26 15 21 28 19 24 26 25 17 17 15 18 17 15 30 21 21 19 22 25 32 22 20 21 33 26 18 20 16 16 29 27 25 23 16 21 22 18 22 20 24 14 20 26 26 19 24 27 13 22 26 20 16 15 24 16 22 24 30 19 15 25 17 15 15 23 25 25 19 21 16 20 23 20 17 22 21 18 19 20 25 20 20 20 23 17 13 27 16 21 19 21 24 23 27 23 15 22 23 9 25 16 19 19 25 28 25 24 22 27 33 12 25 21 26 18 23 23 21 28 21 20 22 13 22 28 23 21 19 18 18 20 26 26 17 16 18 33 17 21 20 25 32 25 20 25 18 14 23 18 18 17 24 18 15 17 25 26 25 23 25 23 17 28 16 16 23 32 24 24 22 22 15 18 17 20 14 15 16 30 15 19 24 15 25 20 17 17 25 23 16 19 21 24 22 24 19 18 20 18 26 25 20 25 23 20 21 21 24 22 14 28 20 10 19 24 20 16 23 36 21 21 22 17 26 18 19 27 22 18 16 19 14 16 24 27 28 24 21 36 12 22 23 25 19 32 18 21 14 27 27 22 23 25 25 26 16 22 20 22 21 21 24 22 18 19 20 25 18 22 17 18 22 22 15 23 25 26 22 27 17 25 20 21 14 16 33 22 16 21 20 13 18 25 20 21 27 26 28 21 15 16 14 28 26 28 24 22 16 20 19 23 19 23 24 20 17 25 20 15 23 23 20 25 24 17 25 15 29 26 21 19 20 14 29 23 29 33 14 24 20 13 10 21 19 17 21 13 17 19 25 18 24 21 19 22 16 16 21 25 18 19 26 23 27 22 20 26 22 14 17 22 25 14 16 28 20 19 21 28 33 21 17 26 26 21 25 21 20 22 18 19 29 17 29 21 15 23 10 22 20 31 23 16 21 18 22 15 26 27 15 21 22 21 17 25 23 21 29 24 23 18 16 20 24 13 26 13 16 17 19 17 21 15 23 18 24 26 23 13 17 19 28 22 25 10 18 24 24 17 16 22 20 25 18 22 24 13 15 17 25 19 25 28 22 25 16 27 13 18 25 22 27 24 19 23 12 19 17 20 17 22 22 21 13 14 22 17 24 29 19 20 25 41 16 18 22 26 17 21 21 15 24 23 19 26 25 23 22 17 15 22 18 25 27 25 23 18 20 20 23 17 13 29 23 21 29 20 29 14 28 23 26 20 20 29 19 24 26 22 16 18 19 18 20 22 16 15 22 12 23 20 26 22 23 22 30 20 10 27 20 22 20 14 21 18 24 21 26 22 17 23 17 17 20 24 26 21 18 20 18 15 18 15 11 23 25 32 25 23 19 24 30 25 24 23 22 22 17 22 17 17 28 26 21 16 19 23 28 12 18 16 27 25 15 21 23 17 31 14 19 23 16 21 18 20 31 24 24 17 24 18 21 30 19 20 24 22 12 25 25 22 21 25 14 26 35 27 26 11 27 21 20 28 18 20 19 24 18 20 22 20 24 26 21 21 15 18 20 20 20 35 19 16 27 17 17 24 18 17 28 29 16 21 14 25 24 21 26 21 18 24 15 22 20 19 30 24 25 16 21 16 21 15 20 22 23 20 30 16 26 23 23 21 23 21 15 19 20 16 25 20 24 21 28 25 24 24 25 26 23 18 32 28 22 17 28 13 22 18 27 25 21 19 22 30 15 25 18 16 21 21 24 18 15 27 15 16 18 13 25 16 27 17 17 23 23 25 24 17 21 21 16 25 24 27 18 15 29 16 21 23 25 26 17 18 28 20 23 17 25 22 22 24 11 28 28 21 13 20 28 11 26 22 25 25 23 22 16 20 24 21 28 18 24 18 24 25 24 22 21 20 26 18 20 23 20 21 20 28 19 17 29 29 20 18 23 20 31 26 21 18 24 17 18 20 21 14 25 19 20 20 22 22 21 36 23 13 17 30 26 17 15 18 24 32 18 29 16 25 26 16 20 24 18 13 23 19 21 23 32 17 20 20 21 25 23 21 17 17 16 14 19 20 15 22 18 29 16 19 27 13 27 26 25 12 17 21 20 14 27 27 20 20 17 20 26 15 20 22 20 21 24 18 26 24 10 20 18 22 22 18 28 26 25 22 27 22 24 26 22 18 18 21 25 23 16 18 22 25 25 16 16 22 20 27 18 18 12 27 40 26 18 19 17 24 22 24 28 15 22 34 24 19 21 12 22 16 19 27 12 22 20 31 26 25 17 18 18 19 18 27 17 24 23 28 20 22 24 16 19 25 29 24 29 25 22 26 12 27 18 33 25 12 19 18 16 19 16 20 28 23 20 28 15 16 26 20 25 22 23 17 21 25 16 22 13 21 18 26 23 17 17 26 22 18 20 24 18 14 19 23 26 20 24 20 19 28 15 16 23 25 23 19 27 21 19 20 21 22 24 22 22 25 21 16 20 21 19 22 23 17 26 30 26 25 27 14 22 23 23 20 20 11 21 21 26 22 11 29 26 28 23 21 13 17 18 21 24 13 29 17 19 17 25 19 27 16 21 34 24 17 24 27 22 23 27 23 16 13 17 23 14 31 25 26 22 28 24 27 19 24 17 21 15 21 26 18 19 21 22 18 14 23 14 23 19 25 26 21 23 29 23 23 27 20 17 24 19 20 20 20 21 27 21 22 24 17 17 11 19 19 23 19 24 20 22 21 19 22 20 20 14 20 34 22 18 14 30 21 23 19 27 26 22 20 17 12 17 27 23 18 20 20 28 17 20 23 20 20 21 20 24 22 26 14 22 22 32 14 20 20 20 16 21 22 25 20 25 24 18 16 21 23 19 26 19 24 19 19 28 16 19 20 21 15 23 26 18 23 16 20 22 25 13 21 22 30 20 24 23 26 27 24 21 26 21 14 22 18 22 25 23 11 22 32 33 21 15 21 16 18 18 24 29 16 27 22 25 17 13 13 21 23 17 12 26 16 27 19 20 23 22 28 15 18 22 25 9 16 32 21 23 17 31 26 19 13 22 22 24 21 19 23 18 22 24 27 23 30 23 25 24 20 27 31 22 18 28 22 21 18 19 18 27 18 24 20 25 14 23 30 20 23 27 22 14 17 27 15 21 19 20 14 29 19 24 25 18 27 16 22 14 20 24 19 17 21 21 36 23 18 19 17 21 17 15 23 21 22 28 21 19 23 12 19 25 27 18 13 29 24 16 26 19 15 23 24 17 21 25 21 22 28 23 28 19 26 20 24 28 18 10 17 15 25 17 13 19 24 21 25 17 20 18 16 21 26 20 26 15 28 29 23 21 12 21 17 19 27 17 28 22 24 18 17 26 20 15 14 21 27 21 26 18 21 20 20 26 25 17 22 23 17 18 17 22 30 22 27 18 23 21 23 16 21 17 26 23 24 22 18 16 26 33 19 27 20 30 22 11 19 14 20 19 15 16 17 33 23 24 23 12 18 21 23 19 31 26 18 25 22 20 23 18 23 28 29 16 19 18 19 11 20 19 19 14 33 22 19 22 27 19 19 18 26 20 20 32 20 18 21 37 23 16 24 29 28 20 23 17 23 23 21 18 19 22 20 25 23 28 25 23 19 17 18 16 26 17 20 15 21 20 28 25 17 24 18 25 32 27 15 17 24 22 19 20 17 28 22 14 17 23 16 17 21 25 24 21 17 23 11 21 27 21 23 25 14 20 12 21 22 25 19 32 20 21 20 18 27 18 26 15 19 14 18 30 18 17 26 15 22 25 25 17 19 22 19 21 24 24 21 25 23 21 21 23 18 22 24 22 16 18 15 17 24 13 13 14 27 25 21 23 17 20 24 16 21 14 24 20 21 20 30 13 14 20 22 17 22 20 11 25 19 10 13 21 25 13 31 24 24 30 26 31 18 14 19 22 17 20 10 24 14 27 22 36 25 20 18 26 22 27 23 17 16 18 18 23 25 13 25 25 21 16 28 20 22 17 20 17 20 25 15 22 19 21 32 31 18 21 15 13 18 21 23 24 16 26 18 19 21 25 30 23 28 17 20 20 18 14 27 24 20 20 33 14 15 21 18 20 19 18 27 20 25 24 21 18 20 25 26 20 20 13 25 23 22 19 13 22 19 24 14 17 19 18 28 29 15 22 26 17 20 20 14 20 22 20 23 18 22 20 26 18 26 23 20 19 18 24 16 15 24 24 14 25 19 23 24 23 23 22 18 30 20 25 21 24 18 27 18 27 22 18 27 25 12 19 17 28 19 22 17 20 23 25 19 24 22 23 22 20 21 19 20 18 18 14 19 29 26 25 18 16 27 28 23 15 23 26 24 24 20 20 20 27 11 22 25 26 31 18 23 17 22 20 28 27 19 18 19 23 21 24 15 21 14 31 26 14 24 25 15 22 21 12 24 25 18 22 21 15 20 23 21 24 26 22 28 27 19 27 16 17 20 14 30 15 23 20 27 21 18 27 27 24 21 20 16 20 23 14 20 31 14 19 28 14 15 24 21 26 22 29 22 24 23 22 18 15 20 17 26 17 21 18 18 29 15 26 23 15 15 23 23 23 16 21 16 36 27 25 20 28 28 25 17 19 19 17 27 23 15 27 22 19 25 24 21 10 32 20 14 19 21 17 19 23 20 33 28 20 19 22 16 27 36 25 15 12 21 26 26 17 18 27 13 19 22 22 22 22 15 17 15 19 27 24 25 21 20 24 17 21 24 21 27 17 22 18 23 25 27 17 32 24 20 20 22 16 15 15 27 21 28 25 13 19 29 24 17 17 20 20 16 22 23 18 10 24 28 19 17 32 16 21 15 20 22 21 18 30 17 25 24 14 25 26 14 25 25 15 17 34 33 17 28 20 13 19 18 26 19 22 22 32 20 18 22 18 23 21 22 29 21 22 29 26 25 18 16 22 20 17 20 25 18 25 22 26 25 12 18 28 20 19 26 17 28 28 21 23 17 22 15 25 25 22 19 12 19 22 21 23 22 25 21 19 20 17 21 24 24 21 15 22 27 24 20 24 21 18 23 30 17 27 22 24 19 15 17 28 17 24 22 22 25 24 28 17 24 24 18 19 20 19 16 25 15 20 23 18 20 20 27 17 17 22 15 16 38 25 24 16 18 19 16 26 18 19 29 25 25 23 26 18 18 26 23 21 21 14 20 25 24 22 20 19 25 18 23 20 30 24 18 22 20 15 14 20 21 19 21 22 18 26 19 21 16 25 20 19 23 25 22 28 21 17 26 22 15 26 24 22 23 23 20 22 23 24 22 18 19 29 20 18 19 18 23 22 23 30 21 24 31 19 17 23 23 12 23 25 25 22 21 28 24 24 21 21 22 14 16 19 31 21 17 19 24 26 25 20 23 15 18 19 19 20 19 14 20 28 27 15 18 22 21 15 12 21 26 14 23 24 24 14 24 22 26 27 27 23 18 21 15 25 13 25 12 25 19 23 18 23 37 24 22 23 20 19 19 23 18 22 23 27 24 15 28 22 20 22 26 18 24 15 21 22 20 25 21 27 21 16 21 25 26 16 21 30 29 20 28 24 23 19 21 22 18 18 16 15 22 23 31 25 31 27 22 20 15 23 29 17 21 17 31 17 18 26 15 22 19 26 21 24 22 19 28 21 20 27 22 16 27 18 23 28 24 23 24 27 25 17 22 27 18 19 34 19 23 32 22 19 30 24 16 18 21 23 25 24 18 17 26 29 31 21 23 14 19 19 17 20 22 24 26 17 22 24 23 18 32 23 19 21 21 17 27 22 27 21 16 20 18 28 16 23 16 23 19 20 16 27 24 14 13 21 30 17 22 25 32 28 14 20 17 16 19 29 19 22 16 19 25 17 21 24 30 23 19 21 16 14 23 17 13 25 21 24 19 19 21 23 16 20 15 18 16 22 18 28 18 20 17 28 19 18 18 15 26 25 21 24 23 13 22 24 23 19 19 20 25 24 22 20 20 20 27 32 20 14 24 22 17 20 27 21 16 19 22 19 22 25 21 33 26 23 23 25 19 27 22 23 17 20 22 26 22 18 19 23 26 19 22 25 18 24 20 18 30 23 22 22 29 21 20 24 16 27 18 15 11 26 21 20 23 26 10 28 16 23 17 22 15 26 31 13 22 19 23 18 16 14 26 20 23 24 19 24 24 21 26 21 18 27 18 17 29 20 21 20 14 14 22 25 20 23 27 29 26 19 22 17 16 19 27 22 17 20 20 25 25 21 20 13 22 18 19 26 17 18 28 26 14 21 18 22 29 19 22 38 20 24 23 16 16 21 18 21 23 17 24 20 18 21 18 15 16 13 22 16 20 23 26 30 23 21 21 22 22 16 16 20 26 22 16 14 18 20 25 24 19 31 17 29 28 19 14 21 28 22 20 17 20 28 17 22 19 25 14 25 20 14 21 20 25 20 20 28 23 19 24 23 24 22 25 22 31 18 20 20 14 22 24 20 24 20 20 22 19 22 23 26 23 15 19 27 16 24 17 21 22 12 20 29 24 12 17 23 30 20 18 23 24 23 28 14 24 18 18 22 26 22 23 20 19 30 26 21 15 18 14 16 17 19 18 14 19 24 27 23 36 20 12 24 22 24 26 16 16 14 22 21 20 25 25 18 29 22 20 19 21 24 21 28 24 28 21 21 22 19 15 18 21 22 23 18 32 22 16 22 20 22 20 15 26 15 28 17 26 20 20 24 21 24 18 11 24 27 17 28 16 23 29 21 21 18 16 21 18 21 23 27 24 19 22 17 23 19 9 19 24 22 27 25 21 18 27 18 26 21 16 18 19 24 24 24 18 22 21 17 26 21 25 21 19 29 17 14 24 16 24 23 18 22 12 22 21 15 20 17 17 23 20 14 24 24 23 25 27 23 22 21 19 26 27 20 21 18 26 24 17 18 23 22 29 17 21 16 23 22 22 24 20 26 24 30 22 22 20 20 16 13 21 20 20 14 22 18 27 21 28 18 20 23 18 20 23 20 11 17 21 17 16 22 22 20 31 17 19 22 15 21 22 16 20 26 27 18 16 21 23 19 25 22 25 17 24 21 20 24 14 21 19 21 17 32 21 22 25 19 21 22 18 16 25 24 27 23 28 14 31 16 20 11 25 20 18 20 26 21 28 21 19 25 23 23 21 19 30 28 17 25 24 20 16 13 21 29 26 23 21 27 25 16 16 28 17 27 20 16 13 17 32 20 15 20 22 25 19 18 29 17 20 18 29 22 23 19 11 19 27 22 23 27 20 28 18 25 21 23 21 25 19 27 23 19 25 21 21 17 13 19 22 23 21 25 20 26 20 20 18 33 17 23 19 25 24 24 21 16 15 24 27 25 32 22 26 23 15 11 15 28 19 24 18 13 26 26 26 24 10 27 28 20 14 21 16 23 16 20 17 26 26 19 18 14 17 17 18 18 19 27 19 28 22 18 21 18 15 17 21 22 25 20 21 25 19 27 23 22 24 23 15 27 21 22 30 30 18 20 22 19 24 32 27 27 17 22 18 22 12 24 20 22 18 26 17 19 14 21 20 25 21 19 15 21 19 19 19 20 28 17 27 19 27 23 24 14 16 20 18 27 14 19 22 7 20 27 20 18 21 23 24 18 25 21 16 22 22 22 22 21 21 19 28 16 18 23 18 22 19 20 25 15 23 27 25 27 20 21 26 19 43 17 23 21 12 14 21 18 15 25 16 21 32 19 17 18 17 23 16 20 21 24 22 17 24 29 23 19 26 29 27 24 19 26 21 13 17 24 36 27 28 28 24 21 16 13 20 23 29 12 15 20 27 26 25 14 20 22 13 27 22 20 23 20 23 23 13 19 23 27 26 22 25 24 19 26 21 24 16 30 28 22 19 21 21 26 16 18 28 21 26 17 15 16 17 22 24 27 36 24 12 15 19 15 20 24 25 19 23 20 20 20 16 27 19 23 22 21 14 18 22 21 11 12 23 21 23 28 23 15 17 19 20 27 18 24 26 24 22 28 23 22 21 24 23 17 21 22 19 19 23 32 20 21 20 25 11 25 27 18 18 14 17 18 28 18 19 25 24 17 21 25 23 16 19 27 16 15 21 28 20 20 24 29 19 22 27 20 23 23 19 20 18 29 26 19 25 19 12 22 27 16 20 19 17 14 30 20 18 24 21 16 29 20 15 24 36 26 23 26 16 26 17 22 19 17 23 21 23 26 16 15 18 19 17 27 17 24 23 31 17 18 18 21 22 19 17 23 22 21 16 25 24 19 28 14 21 25 22 27 18 27 10 13 20 25 13 20 14 35 27 23 26 24 19 21 20 24 25 24 28 22 18 19 25 20 23 15 22 14 27 18 18 14 18 21 32 28 22 24 18 27 27 15 13 15 25 29 22 25 20 21 24 22 24 29 24 25 28 19 19 16 23 24 19 30 23 19 27 16 23 23 22 20 22 20 16 25 24 22 27 17 21 23 16 20 26 11 23 20 16 26 22 25 19 15 23 15 17 26 19 26 19 18 23 21 19 11 27 23 15 20 26 16 25 26 14 21 20 21 22 28 26 25 13 22 26 23 29 19 20 14 24 18 24 25 16 13 28 19 22 22 15 15 27 25 19 24 21 18 29 17 29 15 19 19 25 25 31 21 21 20 27 22 21 24 22 19 16 28 16 27 19 21 22 18 25 18 27 12 26 25 21 25 21 15 21 16 16 24 17 25 23 21 25 22 20 18 22 17 30 26 21 24 18 16 17 33 23 18 24 15 24 21 22 32 22 23 21 20 16 23 14 20 27 21 18 15 21 21 28 19 22 20 18 19 25 26 16 24 14 19 22 17 21 21 18 31 23 21 17 16 18 19 19 24 28 16 25 17 20 13 28 20 25 11 22 22 25 21 17 20 30 24 14 28 26 17 24 29 11 24 16 18 12 26 24 24 23 26 24 15 24 21 23 21 21 23 20 21 20 18 26 23 18 22 17 29 20 22 22 10 14 28 9 24 19 22 19 27 23 19 24 19 25 20 14 19 19 18 21 12 27 21 22 24 22 16 24 21 27 19 24 26 23 14 31 20 22 25 24 20 22 19 26 16 24 20 14 22 17 13 29 24 19 22 22 25 20 20 27 24 23 24 27 27 21 25 19 21 15 16 21 27 15 24 28 23 26 16 18 22 22 20 18 29 16 31 21 23 27 12 18 28 17 19 22 23 23 16 25 22 15 23 21 21 22 24 26 27 20 21 16 20 14 26 17 22 37 14 19 23 15 21 13 22 24 28 26 16 23 21 20 25 21 29 22 18 29 19 26 21 21 17 15 25 24 24 20 22 25 25 23 16 23 23 24 21 26 27 17 17 22 25 32 19 18 24 23 16 22 13 17 27 30 20 22 15 23 26 18 21 22 31 21 16 14 23 15 16 18 23 19 23 27 25 22 23 17 22 11 21 19 17 25 19 17 32 17 16 20 27 9 21 22 24 26 19 38 20 15 28 26 26 31 21 21 17 17 23 19 20 20 17 28 14 25 22 17 28 21 27 16 18 19 22 25 25 24 13 24 21 23 19 23 23 17 20 22 20 17 19 20 24 13 24 31 13 26 17 22 27 20 19 24 22 28 33 18 20 19 22 24 22 15 29 15 19 17 22 32 19 25 20 23 29 21 16 20 28 13 22 20 27 23 23 22 17 25 17 21 17 21 23 14 24 21 23 22 18 24 26 27 18 28 18 17 25 24 28 19 17 22 15 25 21 21 26 20 19 23 15 22 16 22 22 20 31 17 24 12 26 19 15 20 22 24 17 14 24 26 23 15 18 24 20 20 21 27 21 17 24 22 22 17 19 21 25 21 19 24 26 25 24 17 18 23 29 24 26 23 15 16 16 24 24 24 19 23 23 24 19 18 16 22 19 17 28 24 29 24 18 20 27 24 24 25 26 28 15 23 19 25 21 18 25 22 32 17 20 18 18 22 22 29 22 38 23 24 22 12 18 17 12 17 19 26 24 18 17 24 18 26 16 17 27 27 21 19 17 22 23 16 32 25 20 21 27 25 19 11 20 18 24 20 31 21 22 19 15 25 24 15 20 20 17 28 23 21 29 15 20 23 24 22 17 20 26 19 24 22 22 17 35 24 21 14 17 19 27 19 21 16 23 26 22 22 20 18 20 16 21 20 23 19 17 29 30 26 16 28 25 12 14 22 23 28 20 29 23 16 24 14 15 27 18 15 12 23 19 16 26 20 21 15 31 24 15 18 26 20 21 20 23 20 23 25 15 22 21 25 22 26 17 20 32 34 15 16 27 23 15 20 29 20 20 37 29 22 24 21 22 23 33 24 21 18 18 31 24 20 22 29 21 29 21 16 25 19 26 14 28 17 16 19 28 34 23 25 27 17 18 35 24 19 26 21 16 13 21 14 23 28 19 18 18 21 26 29 15 29 20 24 12 14 19 23 22 17 16 29 24 19 22 15 24 16 28 19 19 22 21 27 19 22 20 27 25 18 29 17 28 22 22 22 14 18 18 18 25 24 16 18 18 20 25 19 26 16 23 18 20 23 22 22 17 23 23 24 22 23 23 21 24 24 26 26 23 24 21 16 22 24 22 14 14 23 26 26 19 21 23 28 22 20 22 27 19 17 17 18 28 22 20 25 25 22 24 32 20 26 11 19 33 10 24 19 20 24 14 20 20 14 17 16 16 18 23 33 27 21 22 18 16 15 24 26 26 16 23 20 18 21 20 25 29 28 23 19 31 20 28 24 25 16 20 17 16 19 17 30 24 21 19 24 12 25 22 29 22 18 23 23 23 13 21 15 20 14 20 19 22 14 24 26 25 16 21 25 15 24 21 19 13 28 15 19 25 13 23 22 22 19 19 27 25 25 19 18 15 21 24 17 16 21 22 18 13 17 29 23 18 21 24 22 19 20 22 22 18 21 23 20 25 27 13 18 23 29 25 24 19 26 16 22 25 22 22 27 19 19 16 18 16 13 21 17 17 22 35 22 21 23 19 17 20 23 18 24 23 26 22 24 28 21 22 19 20 25 18 17 24 22 25 27 17 20 26 20 15 25 20 21 23 21 20 21 25 17 21 22 28 18 21 25 22 18 14 24 32 14 18 19 19 31 30 19 18 16 27 19 17 24 23 15 21 23 25 24 24 24 28 21 22 15 21 21 32 23 16 24 23 23 17 29 26 20 20 28 18 21 23 23 16 18 18 24 18 25 15 29 16 22 22 17 19 23 23 17 18 18 22 24 26 19 25 22 18 23 21 16 19 26 12 18 17 23 20 22 27 20 21 31 24 20 33 25 20 22 26 17 20 21 10 18 29 16 23 20 28 17 23 21 16 16 25 16 22 11 18 29 21 13 17 17 18 10 14 22 27 23 20 30 18 25 17 19 11 28 15 17 19 27 20 20 14 18 27 12 20 25 19 21 28 17 24 20 15 22 21 24 13 25 17 24 17 27 23 20 23 20 24 22 14 15 21 22 26 19 22 14 23 16 22 11 19 24 19 21 16 27 22 29 16 18 17 19 17 17 18 26 14 26 19 22 20 20 23 21 25 23 23 21 21 17 22 23 17 18 24 16 27 21 14 24 29 19 17 23 16 12 19 25 16 23 15 20 21 21 26 15 22 20 26 18 23 20 30 16 21 24 20 27 19 20 30 15 22 20 16 22 23 16 22 19 23 17 27 26 23 23 18 29 26 17 22 17 22 24 20 15 27 15 23 25 16 25 23 19 21 22 18 30 20 18 21 20 24 17 19 21 25 23 30 16 24 26 24 18 27 19 12 24 22 28 9 18 21 23 15 28 19 21 19 24 21 26 17 17 18 26 27 20 21 30 15 16 18 24 18 15 27 25 22 20 26 15 22 24 29 13 31 25 17 22 16 26 23 16 22 22 22 21 30 22 17 18 18 17 23 13 24 26 22 17 23 21 13 20 18 21 26 22 21 16 14 18 25 19 25 25 13 24 20 19 19 24 17 32 15 20 20 19 22 21 34 14 26 19 21 26 18 16 11 29 11 21 28 23 20 29 18 18 21 19 23 16 19 20 31 22 18 22 19 19 19 21 23 18 25 19 19 22 29 20 28 29 24 26 17 15 17 26 18 23 19 15 17 31 26 23 29 27 21 22 25 22 22 20 10 28 27 16 15 25 16 27 22 23 21 18 22 25 24 21 22 14 28 15 24 21 27 20 21 25 22 17 21 23 17 29 19 19 14 18 24 22 20 24 20 22 21 24 25 17 23 22 26 19 18 17 22 18 20 21 20 20 29 23 26 23 23 24 22 19 26 21 21 32 21 27 16 20 21 18 21 18 24 17 12 14 29 23 27 19 18 18 19 20 24 20 23 13 25 21 19 26 17 17 25 21 16 13 27 27 14 35 23 24 14 22 20 21 11 27 25 23 23 22 16 19 20 16 13 27 17 27 25 31 18 15 19 21 28 25 17 20 24 18 14 20 23 23 29 21 21 23 24 19 32 15 14 31 19 26 26 23 20 25 14 22 20 18 26 21 20 17 20 22 22 16 19 24 20 20 17 18 14 17 23 22 19 21 25 21 25 18 23 15 19 26 27 18 20 28 21 17 21 18 22 19 17 17 18 24 18 18 27 20 16 25 29 19 29 19 16 18 18 25 19 26 22 22 24 38 26 23 17 11 21 22 20 22 26 21 26 19 11 19 28 25 19 25 21 15 18 23 23 16 28 15 28 21 20 25 23 24 24 13 20 21 27 14 20 25 31 19 23 16 24 31 22 23 26 13 24 25 25 23 19 18 29 21 28 20 16 24 25 18 26 17 28 21 23 14 19 21 20 22 22 22 22 15 13 24 23 23 15 23 16 17 28 22 19 21 26 27 23 27 17 25 28 21 20 28 29 18 18 20 21 15 18 27 22 22 19 20 22 22 13 18 28 25 23 20 14 26 22 23 13 16 31 26 22 21 16 22 19 25 17 18 18 13 23 21 23 21 22 25 16 12 30 24 24 14 14 20 27 20 14 17 16 25 25 21 26 23 22 25 24 20 21 19 20 22 20 20 19 19 23 16 12 32 18 14 20 12 19 19 24 16 19 28 24 25 28 9 17 27 13 24 25 26 28 17 24 23 26 20 21 21 24 19 32 20 25 22 20 16 15 16 25 22 20 22 19 23 20 21 16 23 26 16 23 20 27 22 22 20 15 19 19 27 18 25 18 22 14 25 19 21 20 22 24 20 15 19 18 19 28 15 28 22 20 31 16 19 22 17 15 16 23 19 22 24 19 24 18 29 22 23 19 27 18 18 20 25 12 21 27 23 21 23 14 22 24 24 27 25 27 19 14 19 20 19 26 18 16 21 24 24 20 23 22 24 18 14 18 20 36 24 29 18 21 21 15 22 27 21 18 19 25 21 20 22 21 21 19 31 23 21 22 24 17 21 22 17 21 24 23 17 17 26 23 20 23 13 17 22 19 20 24 19 23 27 22 30 31 16 15 19 25 18 22 19 20 22 23 18 22 20 15 17 23 25 24 18 24 19 25 18 21 29 21 24 19 20 24 20 27 27 22 25 19 22 18 25 23 20 17 21 26 17 24 15 16 20 21 24 23 25 25 27 20 15 18 20 22 15 25 22 21 24 28 14 12 23 20 19 27 21 22 25 17 19 26 17 26 20 24 25 22 21 17 23 23 21 21 15 26 13 20 25 25 23 21 22 15 23 27 19 17 23 21 14 19 15 25 29 21 23 22 19 18 22 13 21 25 14 20 20 22 20 19 18 23 21 21 22 15 22 27 23 29 24 15 21 19 19 28 17 24 34 32 13 24 19 19 14 29 25 26 28 10 22 16 16 20 23 23 22 20 21 20 19 21 28 13 21 18 21 22 17 21 25 20 21 32 28 22 23 19 24 25 21 21 19 23 24 30 28 16 18 18 14 25 25 15 17 19 17 22 24 29 25 24 26 25 30 24 19 24 20 19 22 24 13 21 25 19 24 16 24 20 19 14 15 28 18 19 20 35 19 23 21 18 24 29 21 25 16 26 17 25 15 22 25 22 24 25 24 18 18 25 19 25 19 23 19 15 24 26 19 26 22 25 25 17 18 20 15 25 23 14 17 23 30 30 27 15 24 21 27 21 16 15 16 25 26 26 19 20 18 20 29 19 24 15 20 20 14 21 18 13 21 19 26 24 16 30 25 22 21 23 15 24 29 22 22 27 17 20 18 15 21 14 21 21 15 16 26 25 17 15 12 26 16 19 20 24 28 20 17 25 30 9 21 21 27 24 29 20 22 22 29 18 19 25 13 14 20 16 12 16 27 16 20 32 18 25 18 24 23 24 15 15 21 26 19 14 30 23 28 20 18 21 24 23 13 27 21 19 26 26 25 20 21 20 31 25 21 22 24 20 21 22 11 15 19 26 20 30 22 26 29 24 25 18 23 19 12 19 21 19 25 22 14 18 17 18 21 27 29 18 16 24 29 21 21 19 26 18 24 20 14 23 15 25 20 26 22 18 23 20 19 19 33 29 23 21 16 22 22 19 17 30 18 25 18 20 20 20 19 20 27 16 13 27 24 19 21 16 22 14 24 15 30 20 12 25 23 20 21 23 20 27 17 18 22 18 16 21 22 14 19 22 17 21 19 16 28 26 14 16 22 20 30 19 18 21 15 21 24 31 19 22 20 23 19 26 21 20 17 22 26 15 17 17 20 23 21 26 20 16 25 25 23 30 20 18 31 20 22 22 23 26 22 19 20 20 19 14 25 27 25 18 17 23 27 18 16 14 30 20 27 23 17 24 28 16 25 21 28 24 21 16 22 22 18 25 16 23 21 25 29 10 19 20 17 27 19 24 18 29 18 16 29 16 21 22 18 26 20 24 20 23 28 23 15 23 19 21 29 28 22 27 23 23 14 19 20 32 21 13 23 22 28 13 17 25 15 27 18 18 33 21 22 9 21 23 16 29 21 24 18 22 21 23 16 21 30 22 27 25 11 21 24 19 28 14 17 23 23 19 31 19 32 20 20 18 22 20 24 16 23 16 21 23 26 21 23 21 17 32 29 24 24 26 21 17 20 26 22 20 24 18 18 18 19 23 19 19 9 26 12 20 24 31 22 17 24 21 24 17 26 21 28 21 25 17 15 17 24 20 27 29 19 19 26 22 8 26 25 18 16 24 21 24 21 23 18 27 17 14 21 18 20 21 21 33 23 13 16 27 16 21 16 18 22 24 21 23 22 40 28 20 28 15 12 15 17 23 23 21 33 19 19 22 16 24 17 27 23 23 14 21 24 17 26 18 18 18 17 24 29 18 21 20 24 21 25 19 25 26 19 29 23 21 19 26 16 16 16 29 19 17 29 24 20 19 22 20 24 27 12 22 14 23 25 20 22 18 21 19 19 17 24 15 30 18 17 18 29 20 19 25 22 20 16 21 18 15 25 18 32 30 21 25 21 26 19 27 21 19 20 18 12 18 21 21 24 17 25 25 18 20 14 13 18 17 17 23 26 30 30 26 22 25 19 10 21 30 20 18 14 23 26 28 16 23 15 13 23 18 23 20 33 23 22 19 23 17 16 20 18 18 20 19 24 12 17 27 26 24 28 21 26 29 23 18 20 21 13 23 22 14 21 18 16 29 29 17 27 22 26 24 19 18 21 24 19 22 23 17 18 19 19 31 26 33 18 18 18 19 23 29 28 17 13 18 19 20 25 25 28 29 23 18 22 9 13 20 22 24 15 26 18 21 27 19 21 17 17 24 13 19 17 24 32 13 21 19 18 26 20 27 27 24 19 19 22 19 28 25 17 14 19 26 13 19 29 23 17 19 18 18 18 13 21 12 25 17 21 25 18 20 16 26 14 21 25 20 16 24 19 15 24 9 21 18 26 28 18 22 18 22 17 25 27 19 27 15 16 19 21 25 34 25 19 16 20 26 24 19 21 22 17 23 17 26 22 26 22 16 29 24 13 24 18 16 19 19 30 33 32 18 18 24 22 20 13 19 24 16 24 20 20 23 29 19 23 19 31 16 22 16 13 23 25 23 21 23 14 17 15 21 14 28 15 26 21 16 23 28 19 25 21 11 20 17 21 13 22 22 21 16 22 20 24 26 25 24 17 22 21 22 21 17 25 14 25 10 23 15 23 19 17 23 24 14 19 17 26 17 22 11 25 17 22 24 23 23 20 20 23 16 17 18 19 16 24 17 28 15 20 11 16 23 25 15 18 28 21 16 22 37 17 21 21 17 21 16 20 21 21 18 26 16 27 21 26 18 23 19 19 24 25 15 12 18 29 16 24 23 25 25 23 22 16 33 25 15 22 20 22 23 15 25 17 24 19 19 25 17 23 27 27 21 21 19 24 20 17 16 23 24 27 25 26 27 22 22 12 21 17 24 27 18 20 21 16 18 18 19 13 20 26 15 19 23 22 26 16 21 17 22 21 29 26 29 21 30 20 18 21 19 21 21 20 22 22 19 27 20 21 16 17 20 18 23 20 21 16 27 20 16 14 20 15 25 21 24 17 25 19 18 21 18 19 18 19 31 25 16 23 15 19 18 17 22 19 21 22 21 20 18 24 15 27 33 22 18 31 25 18 22 31 18 19 19 20 29 18 25 17 27 17 30 26 19 24 18 25 28 20 18 17 22 18 15 23 18 25 21 24 19 19 27 20 19 20 17 20 22 17 12 26 21 26 18 22 22 18 24 32 30 20 29 13 24 23 23 18 16 25 20 23 20 13 19 20 16 29 24 17 23 28 17 16 20 18 20 19 20 18 21 20 23 12 19 28 22 18 23 31 26 20 26 25 30 24 17 23 18 21 27 13 17 23 24 20 24 19 21 26 18 20 20 20 16 13 21 28 13 31 16 17 23 25 25 22 20 24 20 12 20 16 27 18 27 22 23 20 17 16 23 15 22 19 22 32 29 24 24 26 16 19 21 22 22 21 20 25 23 16 27 27 29 22 23 22 15 21 19 20 18 21 28 15 20 18 23 21 20 32 14 29 21 16 16 18 23 17 28 29 19 17 18 13 18 30 23 21 14 19 27 23 29 15 17 19 15 19 26 20 31 18 15 21 22 16 20 17 18 16 19 24 17 27 27 14 21 21 13 26 22 23 16 23 18 24 21 22 24 21 12 18 23 28 19 15 18 21 26 17 13 21 26 33 14 24 23 27 22 17 27 21 20 18 17 21 19 22 19 23 20 23 21 21 28 18 19 20 24 20 19 23 24 21 19 20 22 19 24 16 25 21 24 21 21 23 19 22 16 26 28 24 21 24 18 19 26 20 24 21 20 18 18 23 21 27 22 25 35 17 15 19 20 22 18 23 24 21 19 22 24 17 15 22 15 24 20 24 28 23 14 28 21 25 22 24 21 18 26 27 18 23 13 28 26 21 15 24 14 16 28 20 21 19 33 21 20 14 29 18 23 20 23 18 23 28 21 22 12 18 19 23 22 25 19 27 17 24 23 19 22 19 23 21 16 22 20 18 16 23 23 20 21 30 28 18 26 17 14 23 19 21 17 18 19 18 13 19 21 22 26 21 27 27 17 26 20 16 16 20 14 24 28 20 22 19 22 20 21 21 17 25 17 26 33 22 15 21 28 24 24 13 18 24 13 23 17 28 25 20 20 23 19 26 21 23 20 21 24 18 17 19 28 24 16 30 20 20 20 27 20 26 24 15 26 10 22 17 29 18 18 12 23 16 25 17 19 23 30 20 25 25 23 24 21 15 10 27 21 16 19 20 18 20 25 20 24 19 22 30 24 24 21 24 31 22 21 15 22 30 22 22 22 12 22 23 21 13 24 18 20 19 21 24 24 23 19 22 19 19 24 23 28 25 24 17 22 26 19 21 21 26 24 17 24 15 20 16 13 27 17 21 15 23 20 19 22 21 15 22 22 23 16 19 24 17 22 24 20 19 19 19 26 31 22 19 20 16 19 22 18 16 25 17 23 28 20 19 12 19 23 20 23 24 24 19 27 21 16 14 29 21 28 24 19 27 22 13 24 16 24 20 14 19 17 19 19 14 24 24 14 21 27 15 23 14 18 25 20 24 26 24 25 20 26 18 25 16 22 11 22 30 15 17 22 20 25 16 27 13 26 15 27 20 23 19 23 18 28 20 12 20 20 13 21 21 26 22 23 17 16 16 25 17 26 24 26 20 17 19 19 18 25 30 18 15 15 15 19 22 22 23 20 32 22 28 19 21 21 22 16 29 17 24 15 18 20 24 19 23 18 22 21 22 23 16 17 16 17 14 18 27 18 15 22 24 28 29 22 18 24 18 28 15 25 19 22 24 24 20 19 21 14 27 20 19 17 23 18 33 22 28 15 21 26 16 22 21 23 22 19 24 25 29 24 23 24 24 19 31 26 18 19 21 23 20 16 20 12 16 16 29 18 29 19 21 21 29 25 12 24 17 15 21 21 19 13 21 19 18 28 17 32 19 19 30 24 28 13 28 22 17 25 16 17 25 25 19 21 28 19 18 25 19 14 20 20 22 21 26 25 14 28 23 25 28 12 22 22 19 15 31 21 22 20 19 18 21 19 24 21 22 18 25 19 27 16 26 16 22 22 25 28 25 20 21 24 22 20 23 26 23 21 15 26 28 19 20 31 29 21 21 18 23 20 21 22 18 17 27 30 17 27 18 20 24 33 27 21 22 23 20 34 24 22 24 17 20 21 17 30 19 20 19 19 26 20 24 23 29 25 23 16 24 25 20 20 17 22 27 19 26 17 25 20 16 21 22 17 15 25 15 21 17 12 21 27 18 21 25 18 17 20 18 24 15 27 20 33 14 21 28 22 22 18 19 29 20 11 25 21 23 18 29 15 21 15 20 23 15 27 23 16 20 28 15 22 30 17 22 21 27 20 17 16 23 14 25 33 21 17 24 22 23 16 23 22 17 22 20 21 20 14 28 26 20 21 28 21 19 22 18 22 18 20 15 24 17 20 16 23 27 25 13 25 18 26 14 23 24 21 16 25 15 22 29 20 24 22 24 24 25 20 20 20 23 15 16 26 24 16 20 16 29 17 21 24 19 26 19 21 25 17 20 21 15 16 23 23 20 26 25 16 18 22 28 20 30 15 26 13 23 21 32 19 22 16 26 22 19 23 21 23 22 18 22 23 17 10 27 13 20 25 25 14 29 27 28 19 18 16 25 24 18 25 21 25 25 27 17 17 23 13 22 20 25 21 26 27 23 16 21 10 21 28 25 22 26 21 17 20 15 18 16 21 22 25 16 27 25 24 16 17 13 17 15 33 27 23 25 27 20 24 20 20 18 16 18 20 17 19 25 28 23 23 19 19 22 14 25 21 17 22 22 19 24 17 21 24 18 20 19 26 33 21 27 18 12 20 16 19 29 13 18 23 24 30 21 20 21 14 21 14 18 16 25 23 22 24 21 23 17 12 21 22 24 23 14 20 15 26 24 22 24 21 28 22 24 25 18 12 20 19 27 21 19 27 17 21 22 27 23 22 19 19 23 21 21 19 22 16 14 24 27 24 17 22 24 22 27 26 22 28 22 15 18 12 18 19 16 24 23 27 17 18 15 24 21 23 20 13 18 25 22 27 34 19 21 25 21 18 16 30 24 21 17 17 17 23 26 17 19 21 23 19 23 22 22 29 23 17 21 24 20 27 27 30 23 28 21 19 29 20 16 19 21 25 20 23 15 18 16 23 20 25 24 18 25 24 22 17 19 21 22 19 18 13 20 15 21 27 14 24 28 21 18 23 22 27 31 25 14 18 24 28 21 17 19 19 24 24 31 20 21 17 28 17 17 27 22 19 15 13 22 24 14 29 29 27 23 20 18 19 17 23 15 17 18 31 13 19 13 27 21 26 16 22 14 24 20 20 20 13 21 15 25 17 18 25 17 29 26 27 20 21 15 22 24 29 23 21 28 19 23 23 18 24 26 19 17 12 23 25 17 28 21 27 19 17 17 20 18 22 13 31 27 20 26 26 26 23 19 14 20 24 31 10 22 25 23 24 20 21 24 20 15 22 25 24 21 15 12 16 21 27 15 23 22 22 16 27 12 29 17 22 30 19 17 20 25 27 19 20 28 19 24 18 17 17 20 25 19 14 24 18 20 22 24 14 17 25 27 26 22 25 29 24 21 23 27 26 17 21 26 18 33 23 23 21 17 21 22 15 18 27 24 21 19 21 11 15 28 15 13 21 14 17 32 29 19 26 14 23 17 22 32 16 26 21 19 20 18 15 14 23 24 22 17 18 24 22 26 21 19 23 21 26 23 24 20 19 30 26 12 20 17 8 19 30 20 21 21 18 23 20 23 19 20 25 23 22 13 16 19 13 27 23 26 15 25 17 21 23 20 13 19 19 16 21 24 23 19 25 17 27 21 20 19 18 21 16 25 29 26 20 14 19 20 19 22 26 18 15 26 27 30 27 26 19 15 21 21 18 25 26 23 22 13 15 23 27 19 22 26 24 28 20 15 14 20 21 25 23 16 17 25 24 29 24 17 25 20 20 20 19 16 24 14 17 27 21 15 25 19 22 18 20 23 20 19 29 25 24 21 18 23 23 21 21 18 15 19 20 29 18 20 21 15 20 25 30 23 20 22 18 14 23 23 10 22 23 18 15 23 20 16 36 27 29 17 16 23 18 28 19 21 19 21 18 20 19 19 19 30 21 21 21 23 24 23 12 28 11 26 22 21 16 16 16 18 20 12 15 30 24 23 19 24 16 24 26 28 17 20 19 25 25 12 18 14 19 20 20 21 28 19 31 24 24 23 22 23 20 23 21 24 18 27 20 17 23 27 26 15 22 24 17 19 18 16 14 23 26 20 27 22 26 20 20 15 18 23 17 22 21 18 28 19 20 23 27 20 25 29 30 16 32 18 17 24 17 21 23 24 16 15 23 19 18 14 14 18 21 19 27 26 23 26 16 22 20 15 20 35 21 18 17 24 24 27 19 33 19 24 24 26 18 11 18 24 18 14 17 22 31 22 24 26 24 21 18 29 29 24 24 25 29 26 19 16 20 20 14 31 17 15 28 27 17 21 16 15 18 21 17 18 19 26 25 24 16 23 24 22 26 20 16 23 22 18 22 25 25 22 30 26 14 19 22 17 18 21 24 25 16 24 19 27 25 19 18 21 28 21 13 16 17 21 24 20 18 15 31 25 15 19 25 23 20 25 19 28 18 24 22 19 26 23 19 24 20 18 21 24 20 34 12 23 29 17 20 21 24 17 33 19 27 14 27 21 21 23 27 15 19 14 25 29 20 23 15 28 15 21 24 19 14 26 25 24 25 24 19 26 12 16 24 23 21 22 22 12 26 28 19 21 17 23 21 23 17 20 25 24 19 16 19 26 21 26 24 21 16 19 22 22 17 16 28 19 25 19 17 20 26 24 20 22 22 25 23 21 24 28 23 22 16 23 23 24 20 23 18 21 20 20 19 26 17 21 13 23 22 23 23 24 25 22 18 22 16 21 24 27 15 30 22 19 16 21 26 17 23 19 19 24 17 28 25 28 19 14 20 22 19 24 26 26 27 22 17 29 25 16 18 23 21 33 18 21 23 22 23 30 11 20 20 18 18 25 20 23 18 15 25 16 21 15 30 28 24 22 16 29 18 20 18 20 24 29 17 15 11 24 20 11 18 21 29 20 28 22 19 17 21 22 23 29 22 18 23 30 23 20 22 13 18 31 17 30 18 18 20 22 30 22 22 15 24 20 19 19 29 19 25 22 25 14 27 16 19 21 20 22 17 13 17 22 20 25 24 28 20 22 14 15 28 13 19 21 20 27 22 19 21 22 20 33 15 26 21 19 33 18 25 26 24 32 23 19 23 18 19 32 22 24 22 23 18 16 23 16 12 20 25 20 28 27 19 10 26 18 24 19 20 21 14 23 21 16 24 16 24 28 19 29 16 13 22 25 17 18 26 19 16 27 17 22 21 23 18 18 22 24 25 23 19 22 16 23 25 22 16 19 28 22 21 29 24 21 21 23 19 21 26 25 21 18 18 19 23 25 17 27 13 12 21 28 20 22 22 14 31 18 22 19 16 27 12 15 12 22 33 16 27 24 14 24 25 15 20 19 32 19 17 26 19 16 25 21 20 20 15 18 23 19 20 20 27 19 21 31 17 19 20 28 23 22 17 16 27 24 23 18 18 18 25 21 17 20 20 17 22 16 29 19 16 20 26 21 18 18 20 23 17 21 21 27 22 14 18 18 19 15 16 21 22 16 31 22 26 14 23 20 23 23 23 26 18 24 23 23 17 19 18 31 21 26 20 24 24 20 15 17 22 19 21 19 15 21 22 24 15 21 19 18 32 14 23 24 18 20 16 23 23 21 23 20 19 15 18 17 30 27 25 17 16 14 17 22 16 32 17 20 16 18 30 21 21 24 23 19 20 19 20 23 19 14 19 21 19 27 23 23 21 16 18 26 20 18 20 17 26 21 24 24 18 20 28 22 18 20 22 21 23 29 21 21 14 17 28 23 24 16 25 25 22 19 24 29 26 22 25 17 18 21 17 29 15 24 23 26 22 13 17 15 19 31 19 23 17 21 32 22 19 12 33 17 22 19 17 19 19 18 26 23 19 23 22 16 23 24 28 28 17 26 24 15 19 20 5 21 21 21 19 27 21 26 32 18 23 20 23 32 17 14 23 22 25 19 20 29 19 16 20 18 23 19 28 28 27 20 22 24 27 22 25 29 19 18 26 21 26 14 25 19 17 15 18 20 19 20 24 17 21 21 21 24 22 23 14 22 18 23 22 19 18 30 27 26 17 21 15 25 17 19 19 20 16 16 22 32 21 23 19 15 15 22 23 17 23 29 19 17 26 21 21 23 29 13 19 27 19 18 24 21 24 21 25 27 13 21 18 18 26 18 24 24 28 16 24 20 21 22 20 13 18 28 26 12 16 16 24 23 20 26 21 25 16 22 19 24 15 27 19 24 17 22 22 24 23 22 19 28 31 19 16 22 21 21 21 19 23 19 27 24 18 27 18 25 25 22 25 22 17 23 19 27 23 29 24 24 18 23 27 17 17 24 20 22 29 19 23 10 22 26 20 14 24 23 27 22 20 16 20 16 22 17 22 18 23 19 27 18 15 16 19 27 29 16 19 19 15 23 27 21 17 20 24 31 18 27 14 18 21 22 24 21 23 22 19 9 17 20 21 19 12 21 26 19 16 20 14 21 15 28 23 23 24 13 14 27 22 20 33 28 24 24 25 14 20 17 21 18 17 19 31 23 22 25 22 22 22 20 22 23 27 19 23 24 11 23 19 21 27 29 20 24 17 24 19 27 16 21 29 18 23 20 19 24 22 19 13 23 21 28 15 26 19 19 17 26 19 30 16 21 18 19 20 18 27 19 25 17 21 28 18 25 19 20 23 16 18 18 23 20 19 25 20 16 12 30 23 26 24 21 25 15 22 28 15 15 34 24 26 17 23 24 28 20 22 21 21 22 19 22 23 21 26 19 23 27 26 28 18 18 20 18 18 30 29 30 16 29 21 27 26 22 18 18 25 21 24 21 22 22 20 27 26 16 26 30 20 19 20 27 20 18 21 30 22 23 23 21 15 20 25 26 24 22 16 12 24 22 12 18 22 22 20 23 24 25 20 30 18 29 23 23 26 13 22 18 15 28 22 27 20 20 31 20 20 21 30 26 20 25 19 23 16 19 25 15 17 15 32 16 25 28 29 22 24 26 26 13 20 25 18 20 19 20 26 24 23 21 19 17 20 25 23 27 14 29 20 27 17 27 22 27 21 16 23 25 19 21 23 21 21 20 25 22 18 13 27 22 26 17 15 30 21 14 23 23 25 12 30 18 20 15 19 14 21 24 21 14 30 19 33 28 23 22 29 15 20 23 16 18 27 19 21 23 25 24 19 21 13 19 7 20 25 31 28 31 19 24 19 24 17 17 26 15 26 23 14 26 17 21 16 16 28 19 19 30 20 23 14 24 27 16 24 22 24 26 20 26 13 13 24 15 22 21 23 15 13 24 23 13 18 27 21 30 24 24 16 20 16 21 22 29 25 14 21 15 15 25 20 21 21 26 22 26 26 27 20 16 20 27 14 17 30 28 16 13 21 22 21 24 20 22 24 22 33 14 19 25 15 31 25 13 22 14 27 24 29 18 21 24 24 19 18 23 24 21 26 19 18 24 19 26 14 17 15 18 18 22 23 24 18 18 21 20 27 21 26 25 26 18 24 25 20 19 26 23 19 26 19 17 19 24 26 25 24 13 14 28 14 22 25 24 22 23 26 17 22 23 15 15 23 23 23 23 25 20 27 24 20 24 22 14 19 25 22 16 16 27 22 29 23 18 17 27 19 22 24 21 17 30 29 21 21 25 18 23 22 16 21 20 19 18 28 27 13 22 22 30 25 24 24 21 25 23 19 20 26 26 18 21 18 18 30 24 14 21 24 17 21 20 26 29 21 20 14 24 19 16 28 20 25 21 18 30 20 24 13 20 21 19 19 15 20 24 18 15 23 24 19 23 26 22 17 21 16 21 15 21 23 21 17 29 18 23 19 27 16 20 21 26 26 23 29 27 27 14 8 20 31 15 27 18 25 25 21 19 18 20 21 16 17 23 18 19 17 25 20 23 21 26 26 18 30 24 17 25 19 16 18 20 21 18 21 18 19 23 23 23 25 25 21 25 19 16 20 20 21 23 20 20 24 16 22 22 15 21 25 18 18 16 26 22 19 22 21 27 21 23 21 26 19 23 23 25 28 18 28 21 22 13 23 17 17 25 21 21 21 28 20 23 20 18 22 29 22 20 24 21 22 25 25 19 20 17 19 20 19 28 34 21 16 14 9 19 26 35 23 22 19 23 16 20 16 12 21 28 19 14 26 24 20 18 27 16 25 25 17 21 18 15 16 25 18 34 17 18 17 23 27 14 22 30 17 13 24 20 21 22 21 23 18 23 23 30 18 18 22 20 20 24 21 26 27 23 21 22 25 23 15 25 21 20 30 14 21 21 29 27 20 18 18 14 17 23 21 28 15 21 18 20 14 19 19 29 24 20 14 26 27 27 17 21 12 19 28 19 21 19 20 16 29 19 22 31 20 21 27 27 17 15 18 27 14 22 25 12 29 23 21 19 25 12 23 22 24 18 19 22 30 24 22 15 25 19 11 30 33 22 14 18 20 24 18 16 22 12 22 27 18 27 22 19 22 29 11 14 24 19 14 15 20 19 20 25 22 21 35 21 19 15 22 22 14 22 23 25 25 23 18 22 21 25 24 21 27 20 23 15 20 21 23 21 27 16 24 14 19 20 24 10 22 21 19 16 20 23 23 34 18 17 19 24 21 25 25 15 33 11 33 18 21 26 22 21 27 13 15 25 19 24 17 23 27 19 22 22 31 23 25 30 26 18 18 16 24 23 25 21 16 29 14 14 21 22 15 27 25 23 25 22 18 31 15 23 21 23 13 25 31 14 22 19 34 12 25 14 15 30 31 20 12 13 25 23 19 24 25 24 16 12 16 26 25 19 27 25 17 29 12 26 21 23 17 18 24 24 16 26 17 30 19 16 25 23 21 22 12 20 23 24 18 25 18 19 17 29 18 31 19 16 22 18 18 31 23 21 16 25 23 21 17 18 22 20 26 19 22 26 18 19 12 14 14 30 27 19 18 26 18 12 26 29 18 21 24 18 21 22 17 16 29 21 27 26 14 30 22 30 25 21 24 25 21 18 19 23 22 21 16 23 26 17 14 21 21 28 23 19 28 20 21 17 23 21 22 22 27 24 24 19 21 18 19 21 23 22 19 30 26 26 19 23 13 25 23 26 13 28 23 23 14 14 21 21 22 23 17 18 13 23 26 21 22 20 20 24 11 20 24 21 23 17 22 20 25 22 25 20 20 24 14 25 21 26 23 18 19 21 13 21 29 27 18 27 28 20 21 23 18 20 17 14 27 14 20 23 28 18 19 30 21 21 19 26 17 22 23 29 20 28 17 25 18 22 23 19 12 22 19 23 23 19 26 18 17 23 16 23 22 20 19 19 19 21 25 25 22 24 25 22 29 19 18 21 21 15 17 26 26 16 22 23 21 29 23 19 19 19 14 21 22 20 20 19 21 21 21 25 23 25 17 19 17 20 17 18 19 26 24 22 15 20 23 29 21 19 24 25 15 20 23 26 19 25 22 24 14 15 24 25 15 19 15 22 26 26 22 24 20 17 26 21 26 17 20 22 21 22 14 19 24 25 22 15 34 20 20 19 15 21 24 19 16 22 23 25 17 20 21 22 25 14 18 19 19 31 26 24 26 19 16 22 29 26 18 25 16 16 22 21 16 21 29 22 22 28 25 11 12 20 26 22 22 21 21 21 15 27 21 21 20 21 28 23 15 28 22 21 17 20 29 24 25 28 12 22 17 19 17 18 12 27 16 33 22 19 16 23 23 22 15 24 24 23 23 25 17 17 25 24 21 22 17 17 21 14 17 18 21 23 17 19 24 24 14 26 21 20 21 26 28 16 17 26 14 24 18 20 23 19 27 27 31 29 15 23 16 23 19 22 22 26 19 20 21 24 28 16 24 24 22 23 13 26 19 19 24 14 14 24 24 25 20 19 21 21 12 25 23 23 14 23 17 32 20 19 28 27 18 23 16 25 24 20 16 29 17 24 25 20 28 25 15 15 11 24 21 28 24 22 19 21 23 20 21 18 22 22 24 23 22 28 21 17 13 21 14 14 17 29 21 27 25 15 17 22 17 15 26 20 25 24 24 12 22 33 20 21 21 23 22 18 20 12 31 17 16 21 23 20 20 18 24 25 17 26 13 20 20 23 19 16 22 18 25 33 24 22 20 19 20 15 27 23 12 16 28 21 19 24 29 19 19 18 20 20 21 21 21 17 26 19 24 27 30 25 24 23 20 23 18 17 17 20 27 15 9 26 22 23 18 27 19 29 17 18 18 19 13 25 25 17 21 21 20 29 17 19 21 22 26 26 17 27 24 23 22 17 17 25 24 19 20 19 21 19 20 25 28 20 25 19 15 18 14 25 18 23 26 21 19 21 22 21 20 21 21 24 22 28 20 22 16 25 16 20 23 20 22 18 17 26 29 16 14 22 25 23 25 26 23 18 23 24 24 14 13 22 26 21 24 19 22 18 25 19 15 22 24 26 26 30 19 19 14 18 17 26 24 28 21 15 23 32 16 24 20 16 20 19 21 22 25 17 24 17 33 23 16 14 20 31 20 18 30 19 30 18 21 19 19 26 27 20 20 13 28 21 23 30 17 23 21 25 13 29 18 18 22 26 21 22 18 15 13 24 24 32 21 25 29 14 18 19 17 28 23 25 20 26 22 21 26 14 13 25 14 29 24 17 22 23 8 17 19 24 25 17 31 23 24 23 30 18 20 15 22 25 24 14 21 28 27 25 26 20 9 16 17 25 23 22 21 23 21 23 20 15 25 18 23 18 21 25 25 21 17 27 17 19 17 17 18 17 22 17 22 16 13 20 22 20 19 23 22 25 25 17 24 20 20 23 21 32 13 30 30 20 22 23 22 25 17 16 23 24 18 26 16 19 34 20 15 27 19 22 17 25 22 26 17 27 21 19 26 17 18 17 18 26 22 21 15 26 17 29 17 25 29 18 17 18 25 18 15 14 14 21 23 30 22 21 21 23 19 23 14 13 27 19 21 23 32 33 22 12 22 19 28 22 17 28 21 16 20 23 27 23 16 18 14 19 19 21 29 23 21 26 18 26 28 19 18 16 21 19 11 26 18 22 20 18 28 22 24 23 26 18 15 20 20 22 16 22 28 24 25 17 32 14 18 16 25 18 26 17 26 25 23 13 23 17 23 18 26 14 19 24 24 16 21 14 28 17 21 19 15 17 16 31 20 26 23 20 18 27 16 25 17 26 31 15 19 18 26 15 24 20 22 23 22 20 21 21 16 23 13 21 21 14 24 14 20 18 16 33 22 28 21 16 18 13 19 27 24 21 18 25 24 19 20 18 24 16 19 32 21 15 21 23 24 22 21 26 23 21 21 15 18 23 12 21 24 16 19 20 21 20 22 20 31 20 26 19 20 25 17 22 20 25 21 18 20 31 23 23 15 14 28 22 24 22 14 25 17 19 21 29 16 23 17 28 16 14 20 15 24 28 22 21 22 16 22 22 17 15 15 20 19 26 16 16 28 20 26 15 19 24 19 24 13 23 15 23 26 27 18 23 23 26 23 13 20 21 21 26 17 22 18 17 19 17 25 19 22 13 22 23 20 20 23 17 20 24 17 27 23 24 15 21 16 25 27 20 22 14 27 32 18 21 31 21 12 24 18 19 25 15 26 23 22 27 20 22 21 19 17 21 24 15 16 18 20 20 15 26 23 20 26 17 17 18 15 15 17 31 30 25 23 28 25 18 13 16 18 17 24 19 11 20 25 23 14 17 19 20 18 21 24 20 30 24 30 22 21 16 25 22 15 22 19 20 21 24 23 14 22 20 19 25 27 27 20 13 17 19 21 19 14 24 21 27 11 30 19 24 23 28 17 19 25 22 22 19 17 20 19 27 22 21 26 23 21 23 13 21 19 20 26 20 26 23 23 19 26 27 22 31 16 31 14 16 22 16 21 25 23 32 20 18 24 11 20 26 16 23 26 27 15 21 18 21 22 24 22 29 18 12 19 17 24 18 29 20 18 19 20 11 30 16 13 16 17 27 24 24 25 15 27 25 20 21 31 17 21 21 14 22 22 22 22 17 12 25 22 13 27 27 20 24 26 26 21 23 28 19 21 22 24 17 21 26 22 28 27 19 19 18 18 21 9 27 26 26 24 18 18 22 21 23 24 23 15 18 17 22 18 22 21 21 18 28 22 20 14 17 22 29 13 26 28 24 23 21 26 28 28 27 16 18 21 19 11 21 22 31 22 25 18 13 21 32 21 24 19 30 26 19 19 18 23 19 24 18 18 22 18 21 25 21 18 28 22 20 20 23 20 25 18 25 21 14 27 26 23 22 30 17 18 28 24 25 19 18 19 18 18 17 17 30 27 16 30 22 14 15 27 22 18 30 21 26 16 15 16 15 25 17 17 17 18 24 22 18 19 17 22 26 25 25 12 19 23 16 19 22 29 18 15 17 23 14 19 23 27 14 22 19 28 22 25 20 20 17 20 17 20 18 31 21 26 33 28 27 23 16 29 17 16 15 20 21 22 13 24 23 21 21 16 19 23 26 24 15 26 23 29 24 24 19 16 19 23 20 16 21 20 19 23 14 15 26 16 20 24 22 17 15 20 24 22 25 22 35 20 21 7 21 19 24 15 25 23 21 21 15 28 19 20 19 16 18 22 16 23 24 23 26 20 22 14 16 26 20 33 21 22 22 21 19 22 15 23 22 21 21 26 20 30 15 27 20 22 24 30 14 19 23 22 20 17 16 22 22 21 18 16 22 16 17 19 32 16 19 16 25 24 26 15 25 13 18 21 20 21 28 22 19 23 25 16 18 26 27 21 22 26 21 26 17 15 24 23 21 19 21 16 21 19 15 23 21 16 22 22 24 23 21 26 19 25 25 15 17 17 20 12 23 18 17 25 22 17 21 25 19 19 20 14 17 14 24 15 23 27 18 27 19 28 25 16 26 13 30 25 23 31 21 18 18 23 21 20 23 24 29 19 19 24 22 16 26 22 19 29 21 21 17 17 22 23 22 19 24 12 33 18 21 17 30 30 21 22 19 22 17 24 29 20 31 17 19 18 22 30 15 25 17 24 18 16 21 26 24 17 25 26 16 14 21 21 22 14 14 19 24 25 28 25 14 26 15 25 17 33 18 15 26 25 22 19 22 26 27 12 29 19 19 23 21 28 27 21 20 23 21 18 20 25 21 15 26 21 24 21 21 22 18 22 30 24 20 19 18 36 23 18 27 19 17 18 19 20 25 23 21 24 34 30 26 18 21 25 24 19 26 19 27 15 15 23 12 26 23 16 15 20 32 20 14 26 24 16 21 25 17 20 25 17 13 21 21 21 22 24 24 15 11 21 28 17 15 20 22 24 20 15 16 14 23 31 18 23 21 24 19 22 22 25 20 27 24 17 17 17 21 21 20 20 20 23 23 16 20 25 25 24 11 18 22 19 17 20 19 16 19 27 28 19 19 23 15 26 18 30 18 12 24 23 27 23 18 20 24 27 25 19 19 17 22 21 19 26 12 25 17 28 19 23 20 17 12 29 29 23 24 21 13 24 18 26 26 19 19 20 25 18 15 31 18 25 17 14 14 20 33 27 22 19 27 21 30 18 17 18 25 19 23 25 16 22 29 15 22 23 18 19 25 24 19 27 17 25 14 21 27 21 19 24 27 24 23 18 27 22 22 13 18 15 22 18 18 15 22 21 19 25 23 26 18 21 35 16 14 20 20 20 22 22 23 26 29 24 24 16 19 17 22 24 28 20 21 17 24 22 25 18 15 23 24 26 13 22 23 22 26 17 29 29 17 18 14 21 25 17 19 29 25 22 20 21 17 24 23 28 20 25 19 27 19 23 22 18 23 28 23 26 20 18 20 20 19 21 23 24 27 16 27 23 19 18 18 23 25 23 19 17 21 15 20 19 25 20 26 19 20 20 18 16 22 26 21 21 31 16 22 22 24 26 15 24 19 20 16 19 24 17 23 13 19 22 27 16 15 19 15 22 22 24 15 18 18 17 18 25 37 12 13 26 20 24 23 29 28 21 25 23 18 23 18 17 23 21 30 13 20 24 16 20 22 24 28 20 14 20 19 24 19 24 20 20 19 17 22 20 27 23 18 14 18 33 20 18 23 22 16 20 20 22 20 22 27 25 24 24 28 19 27 29 23 19 12 24 16 27 15 22 19 25 25 13 19 22 25 20 23 32 22 26 19 30 23 10 21 21 12 20 30 19 26 21 24 25 15 18 13 20 22 20 26 29 23 21 28 20 19 20 28 23 26 22 23 19 18 21 26 24 19 27 17 21 14 25 18 25 26 25 16 22 26 19 22 28 18 28 20 24 12 20 24 20 19 22 25 26 21 16 29 18 20 22 19 25 22 17 19 20 29 23 25 17 22 16 25 21 24 16 14 22 21 28 18 16 28 26 21 18 22 18 17 18 17 15 22 25 19 24 18 16 23 20 26 15 27 28 18 20 26 30 25 24 20 19 18 28 15 21 32 14 16 16 21 17 26 22 23 21 17 22 22 29 18 19 24 20 25 15 25 18 18 16 22 23 21 22 21 22 25 14 19 15 23 29 25 14 14 13 25 23 16 23 26 25 22 26 15 14 13 29 24 14 23 26 18 16 22 16 23 21 20 31 21 24 15 22 26 19 23 19 16 14 29 27 24 16 16 23 17 25 23 10 19 18 22 22 26 21 16 30 21 16 15 15 29 17 17 14 36 24 22 29 18 27 21 14 31 17 18 17 18 23 14 27 24 22 23 17 20 11 28 18 14 20 22 18 17 15 21 30 23 20 28 27 30 20 22 18 18 12 14 25 19 22 17 16 21 18 21 24 16 23 28 21 12 15 17 25 20 20 27 23 24 23 27 24 15 28 23 18 27 12 15 21 23 23 21 15 19 21 20 24 24 30 23 16 13 29 23 21 24 18 17 20 20 27 16 16 21 31 16 33 21 23 22 16 25 21 23 24 22 25 17 17 22 20 30 18 10 22 23 25 18 23 21 28 24 23 32 19 16 23 28 19 25 16 23 22 25 26 23 12 20 29 26 18 12 17 18 25 24 24 26 17 24 23 17 16 22 23 21 21 28 23 16 13 23 14 24 21 19 22 23 18 32 17 15 25 25 21 31 22 21 19 24 10 18 17 22 20 23 30 18 14 29 14 15 29 22 21 17 19 23 30 20 17 22 20 24 18 17 24 19 19 30 23 14 20 19 30 17 18 25 18 20 22 26 24 22 19 26 20 23 15 22 17 23 21 26 21 29 17 20 18 24 17 17 29 27 19 22 18 23 21 17 24 15 22 22 26 19 26 17 23 24 23 23 21 19 22 15 21 25 22 24 21 18 22 18 21 16 27 29 26 17 22 20 19 25 18 17 18 21 19 21 20 23 24 19 30 21 22 23 18 25 20 22 31 22 16 24 15 22 18 27 15 26 26 22 25 18 25 14 22 32 29 18 19 12 19 17 26 27 21 13 19 26 23 19 19 24 20 24 19 24 18 25 24 20 22 25 30 24 20 16 12 24 21 14 30 14 26 17 20 24 18 20 28 13 29 23 19 16 16 33 22 16 24 26 12 23 26 17 23 25 22 21 22 13 27 29 25 17 19 16 20 16 27 22 23 27 22 25 21 16 20 22 23 20 20 20 27 19 20 19 23 30 18 27 16 17 20 18 9 17 24 22 25 22 30 36 25 23 21 26 20 18 27 24 26 18 21 20 17 27 24 25 17 17 28 22 21 25 24 23 17 24 20 20 27 11 30 31 27 22 17 23 23 24 22 16 11 19 18 25 26 20 20 21 31 25 25 26 24 23 28 20 22 17 22 16 18 15 21 19 24 20 19 14 17 29 22 24 20 28 25 15 29 23 16 13 19 26 25 15 24 19 17 20 31 27 19 21 21 15 15 11 17 24 33 25 24 17 18 24 22 20 16 22 15 21 19 21 23 23 21 24 18 33 21 33 16 23 19 19 26 19 24 19 21 20 17 21 24 15 26 22 20 21 23 19 18 18 16 27 25 25 20 24 23 30 16 18 16 23 19 16 17 22 24 27 16 26 23 16 23 33 25 32 22 19 19 23 19 21 24 27 16 20 31 17 13 19 19 23 26 18 19 20 22 24 19 18 19 21 20 20 20 26 23 26 21 25 22 26 21 18 15 21 28 25 28 16 23 15 26 20 22 18 20 20 21 20 15 24 23 27 23 22 22 23 26 22 19 18 17 16 24 31 16 25 14 22 22 24 19 20 21 20 20 27 30 23 15 15 24 27 28 22 18 18 19 27 25 20 21 25 19 21 26 24 15 26 25 21 28 13 13 16 17 22 18 21 21 23 15 19 27 16 18 29 20 25 22 21 25 21 29 15 13 18 20 18 25 18 21 14 28 14 24 23 22 32 33 18 17 16 19 21 20 15 21 23 26 26 20 18 22 15 27 23 17 27 20 25 21 20 16 23 19 25 22 26 18 22 25 27 20 22 18 26 19 21 23 12 25 18 18 21 20 24 17 16 20 24 29 20 20 22 23 23 11 16 22 26 27 25 18 22 19 27 28 10 18 25 16 28 19 22 23 24 21 18 13 26 17 22 24 23 20 17 26 12 27 19 27 17 29 16 22 22 18 19 25 18 16 23 15 13 24 18 18 22 21 19 21 20 26 34 22 24 16 20 18 18 19 20 21 21 25 30 20 21 33 16 25 20 21 17 13 18 31 32 28 20 21 13 15 21 26 25 21 24 13 25 19 19 22 27 21 15 24 21 24 17 21 22 17 16 15 18 24 25 22 20 24 25 23 27 20 23 17 23 18 15 22 24 20 22 18 30 23 21 27 20 24 27 21 23 16 21 28 19 24 24 13 21 26 16 23 16 21 26 23 16 31 19 21 21 36 17 22 19 19 20 21 27 13 24 23 18 15 31 23 14 28 14 24 22 16 23 23 20 30 26 16 25 20 20 20 25 25 18 18 25 22 15 27 20 24 17 20 20 17 20 23 23 21 19 21 23 26 29 25 23 12 30 20 27 23 23 17 17 24 14 19 22 25 22 24 18 14 20 30 28 24 17 19 12 15 24 14 22 19 17 22 14 21 24 24 21 25 25 16 16 18 20 20 19 26 28 24 14 19 26 24 21 18 17 24 18 25 33 23 23 16 29 14 20 19 27 23 17 23 25 26 20 12 24 28 23 22 16 17 21 16 23 25 26 17 30 19 24 29 17 18 8 23 17 21 23 21 21 22 23 13 21 22 21 18 24 22 19 22 28 27 20 19 24 13 23 29 24 24 20 23 21 23 20 31 21 31 23 24 29 16 25 20 13 30 17 23 15 16 16 26 22 21 22 19 25 17 31 24 21 19 26 20 26 22 14 26 30 21 15 25 26 17 21 20 24 15 16 21 24 13 32 20 24 22 16 20 22 20 18 13 16 17 19 23 15 18 30 21 19 26 26 26 21 25 28 15 24 23 20 17 18 23 17 19 16 31 26 20 27 16 21 25 24 17 23 15 24 17 30 17 16 23 19 24 31 21 14 21 21 21 21 24 17 26 28 21 22 21 27 21 31 23 17 22 19 16 17 18 17 27 25 14 16 27 23 23 16 23 16 15 16 25 28 21 24 24 21 16 23 13 30 15 22 24 28 26 17 29 17 14 18 18 20 21 25 24 23 27 24 19 18 14 24 21 15 21 23 23 24 14 19 27 23 23 21 16 30 27 27 21 26 16 26 21 21 18 14 13 24 21 14 20 29 23 28 15 22 14 16 15 21 16 24 17 14 26 19 24 20 23 25 15 22 27 18 24 11 25 21 23 15 28 29 16 25 21 24 28 19 25 22 17 10 17 12 23 13 24 27 27 13 20 20 20 30 31 19 20 10 21 18 31 31 26 14 21 12 12 13 17 19 24 28 16 22 22 19 19 25 18 22 30 22 22 18 21 22 18 15 24 24 19 18 17 23 19 23 25 24 21 23 24 21 24 17 26 22 30 23 24 17 24 15 13 22 17 23 20 28 21 25 20 18 22 25 25 21 22 20 19 27 20 19 18 19 17 22 19 22 29 19 21 34 17 23 20 19 22 19 24 16 18 26 20 31 17 20 19 20 21 19 16 40 18 18 22 27 21 20 28 17 14 25 23 17 19 12 22 25 15 17 26 12 23 22 25 22 29 21 19 21 19 24 14 26 24 18 23 14 20 26 24 19 15 29 19 23 17 14 22 13 21 19 21 19 15 32 25 13 21 29 22 21 24 20 15 22 19 14 29 19 20 22 20 26 13 22 21 15 20 34 20 20 19 26 18 27 21 18 30 35 19 14 24 24 22 9 22 25 15 15 18 20 23 17 21 27 23 22 15 23 19 19 23 23 15 14 20 25 28 20 16 12 26 27 29 29 17 18 22 28 22 25 19 27 25 22 27 20 24 15 26 29 26 15 22 20 22 19 16 20 20 34 16 20 26 17 27 23 18 24 14 16 23 17 10 15 21 34 15 21 14 24 23 16 15 18 15 27 25 21 16 13 23 14 25 14 22 28 17 25 21 22 13 22 16 18 25 14 16 21 23 19 18 22 18 25 32 23 16 15 15 19 13 16 20 21 24 16 21 31 23 14 22 24 21 14 13 25 18 32 26 16 23 22 14 16 29 23 27 15 17 27 21 20 21 16 18 28 21 20 20 19 24 26 24 25 21 18 22 20 17 16 22 20 25 28 17 17 18 24 13 23 24 26 19 15 24 18 19 22 19 11 29 21 26 29 23 17 21 25 21 18 29 32 13 26 22 20 21 25 18 23 21 23 25 21 18 17 32 25 16 16 19 21 21 27 23 21 20 21 30 17 18 22 19 20 25 26 25 19 20 21 24 14 28 25 28 18 19 16 23 20 23 16 27 23 17 26 17 18 23 20 24 25 20 19 21 28 23 15 15 21 25 20 15 19 29 22 17 18 27 19 21 23 27 18 27 21 22 20 18 29 17 18 23 13 23 25 27 25 25 27 18 14 17 25 24 22 25 19 16 22 24 24 35 28 20 17 21 22 19 18 26 23 15 30 25 23 12 20 15 21 24 24 24 28 23 20 27 20 21 16 25 16 25 27 25 31 19 22 18 25 24 7 20 17 27 24 20 21 20 22 23 28 15 29 22 14 17 23 19 26 19 22 17 18 16 21 25 23 21 22 25 23 19 21 16 20 23 13 22 17 20 28 27 29 19 30 26 20 20 19 25 22 20 17 27 18 19 23 25 20 20 24 20 26 22 15 23 15 26 16 18 19 31 17 15 22 26 23 15 22 19 24 23 21 23 21 24 21 20 25 20 19 9 19 17 20 18 23 27 26 19 19 21 23 19 21 19 22 15 17 25 22 18 26 18 17 20 20 13 25 28 24 25 21 24 24 17 18 28 29 19 18 25 24 26 18 32 21 27 26 24 22 22 26 19 14 24 28 17 21 18 21 29 18 21 25 21 23 26 20 33 22 21 20 21 22 17 20 19 16 18 29 20 19 21 21 23 17 26 22 23 20 25 20 15 27 20 21 20 22 21 31 15 17 18 15 17 21 16 20 32 21 28 27 24 19 23 19 25 15 24 21 25 21 28 22 13 16 19 18 25 23 24 28 27 19 15 20 24 26 17 17 17 27 20 26 10 22 10 27 24 20 22 15 30 19 18 22 18 20 18 21 23 21 19 34 18 24 15 19 18 27 31 21 15 25 22 22 17 19 21 21 25 25 25 19 19 27 15 23 26 16 26 19 20 22 25 16 16 17 26 22 29 23 19 23 21 23 17 21 27 18 24 18 29 21 17 17 22 17 24 26 15 30 21 21 24 15 19 15 19 26 21 14 22 19 25 20 16 17 20 24 16 25 23 23 21 23 23 24 10 20 19 22 22 24 23 23 27 13 20 20 26 17 22 23 19 25 17 16 16 20 22 23 20 28 23 23 19 27 13 18 24 22 23 26 18 31 12 19 14 30 21 24 37 19 21 23 17 28 21 23 25 30 26 14 14 21 19 23 17 31 16 25 20 20 25 19 25 22 23 16 19 26 22 26 27 17 21 24 22 18 20 12 29 15 23 24 25 18 15 19 20 30 23 18 22 30 14 16 18 21 17 24 18 29 21 17 32 19 20 22 15 21 20 22 20 19 19 22 24 16 14 19 16 26 25 11 20 25 26 23 14 21 25 19 22 30 13 20 28 22 23 16 19 29 24 27 15 24 15 16 23 20 21 20 23 8 19 13 18 27 21 25 24 20 21 16 22 12 35 24 23 16 23 25 19 21 22 20 13 17 20 23 31 26 19 15 21 17 14 30 21 17 19 22 23 25 22 25 25 25 22 21 19 20 17 22 23 29 21 23 17 16 24 28 37 18 21 16 20 15 24 29 19 26 23 12 21 28 17 12 21 15 31 16 21 23 16 21 28 23 17 21 26 25 23 21 17 22 20 19 22 17 16 24 15 29 17 20 28 15 26 20 19 23 21 19 19 21 26 19 25 19 25 22 25 15 16 20 20 20 23 23 31 14 23 12 23 25 23 18 19 23 22 18 32 22 24 11 25 16 19 26 14 21 14 15 25 26 10 11 16 22 33 18 17 21 22 22 18 24 19 26 24 27 15 24 15 26 24 24 31 22 18 31 26 22 16 19 18 25 23 22 28 27 14 20 28 18 20 24 17 26 19 15 24 22 23 16 22 22 28 24 22 15 26 20 18 16 12 24 19 20 24 26 21 14 25 19 25 16 19 20 31 34 21 29 19 27 30 24 23 18 23 18 24 18 13 16 23 17 23 19 22 19 13 23 23 22 22 27 22 18 15 22 30 25 26 21 19 21 20 25 27 14 28 17 21 17 23 28 15 25 24 22 22 23 17 17 16 15 23 20 23 24 25 22 25 11 24 14 24 21 22 26 21 28 20 25 23 23 10 17 24 17 17 24 27 19 21 23 20 15 16 21 32 25 25 22 28 16 21 23 22 28 29 18 27 28 19 27 15 16 20 18 16 21 18 17 29 22 23 18 21 32 22 21 23 17 21 17 23 15 20 17 21 30 18 18 27 23 17 18 15 20 21 16 27 23 27 24 30 18 22 30 15 30 13 18 26 27 21 25 18 21 21 17 20 27 11 21 24 21 21 23 15 19 23 17 17 21 31 20 22 22 22 20 12 20 20 25 30 18 20 19 19 24 24 16 19 16 22 28 32 9 19 20 20 15 20 30 18 24 26 14 16 24 26 15 33 24 13 24 26 24 23 24 17 19 17 11 27 23 20 26 18 26 19 17 19 24 17 20 16 19 20 19 21 29 17 21 22 22 26 29 19 22 18 20 22 21 18 27 18 24 18 23 21 20 22 26 26 25 19 35 21 14 27 16 22 18 22 15 22 19 17 26 17 23 17 23 17 19 14 15 21 17 24 20 24 26 19 21 20 16 15 24 25 23 27 22 29 21 16 19 18 18 20 27 28 21 17 24 16 22 17 24 22 23 22 21 16 21 13 23 27 23 15 19 27 24 17 23 31 22 19 20 26 20 18 20 16 20 34 18 21 21 25 20 24 20 21 23 22 24 22 16 15 18 26 20 24 17 24 22 17 20 20 17 30 16 21 23 20 19 27 20 28 27 22 32 27 17 26 20 17 25 17 18 15 20 25 17 26 22 14 21 19 28 19 20 17 22 30 16 21 20 20 22 18 32 19 15 17 29 16 20 24 23 25 15 20 23 20 25 18 20 18 19 20 28 24 16 9 18 20 15 23 27 29 23 16 22 26 19 20 15 21 25 25 17 22 21 25 19 22 17 17 26 21 23 19 24 15 18 21 19 25 25 17 20 20 13 29 18 20 22 18 23 22 20 26 16 18 18 16 22 20 18 25 31 25 25 25 22 22 20 24 20 15 21 19 17 17 22 18 28 20 22 20 29 14 26 29 24 16 27 15 19 18 16 22 26 16 14 28 27 20 25 13 31 26 14 27 17 18 22 20 23 20 27 26 11 19 27 24 25 20 16 20 22 19 9 22 19 15 21 27 24 20 27 16 19 19 22 20 18 22 24 25 22 20 15 24 11 25 23 21 21 22 24 22 24 20 28 19 16 17 26 26 21 18 29 23 18 18 23 22 15 26 21 20 16 29 21 18 19 13 25 22 25 26 29 17 22 25 19 20 23 20 17 26 28 23 28 19 17 32 13 21 16 22 22 12 21 25 24 25 24 18 16 13 21 22 18 24 19 17 13 24 30 17 16 18 22 28 18 21 29 21 21 20 18 14 16 20 19 23 23 22 27 18 19 21 21 26 25 13 25 14 24 21 18 19 22 22 14 21 34 23 24 26 13 22 19 18 20 27 23 17 18 31 22 20 20 19 21 16 17 27 21 24 21 18 29 26 25 21 22 17 18 28 23 20 16 17 22 13 28 32 20 29 21 31 22 18 16 25 28 23 19 26 14 16 24 23 25 21 26 26 12 20 22 27 25 20 23 29 25 24 23 17 24 19 21 20 16 33 29 26 24 28 20 27 21 20 13 21 15 17 28 23 26 26 21 20 19 19 17 26 17 24 26 17 29 33 12 13 25 23 20 19 22 23 19 20 19 20 18 14 17 15 23 25 25 23 23 22 24 21 14 21 26 19 16 23 22 18 22 24 21 21 23 21 28 18 26 21 19 23 23 15 24 23 15 19 22 29 22 19 22 19 15 24 16 22 21 16 25 27 20 30 20 22 16 16 22 18 23 26 23 24 19 25 13 20 22 14 20 25 24 17 31 26 21 32 24 30 30 14 14 13 20 21 19 32 18 21 22 21 19 27 14 17 29 15 15 16 16 25 30 23 15 35 18 24 26 19 21 17 28 28 23 20 21 21 21 23 14 20 20 21 23 19 32 19 18 19 19 32 22 17 17 27 17 23 18 29 21 15 16 24 23 21 22 24 19 18 29 25 22 20 11 20 24 23 21 13 17 21 23 22 20 21 26 23 20 16 17 19 23 28 17 21 26 17 18 10 23 29 18 29 27 13 23 19 23 26 17 29 28 19 16 21 24 23 21 23 22 24 19 18 31 19 13 19 20 34 15 17 12 20 30 22 29 17 12 20 21 18 25 15 17 16 28 18 22 20 27 19 21 22 19 11 20 27 24 17 22 18 23 18 25 27 15 21 27 24 24 20 19 23 23 21 19 21 18 17 24 29 16 20 21 29 18 25 20 25 27 26 21 24 17 17 17 19 15 26 14 19 17 15 23 23 20 23 21 22 23 20 16 19 17 19 24 19 25 24 21 24 22 21 18 23 20 18 20 24 20 17 16 21 23 30 21 20 22 14 15 21 19 20 18 20 23 18 24 19 20 23 23 20 19 27 13 20 18 18 28 21 22 15 17 23 12 23 19 11 23 17 22 16 26 9 20 17 20 18 20 21 24 18 19 21 24 18 13 24 24 14 27 17 19 25 23 16 25 24 16 27 10 15 30 16 21 27 29 22 24 25 17 16 20 18 26 17 20 25 27 23 25 24 21 23 20 23 27 25 22 22 17 23 25 20 17 20 32 23 23 25 21 10 25 21 17 17 27 26 18 13 17 26 18 25 10 18 22 18 19 27 30 19 24 20 9 24 23 25 25 25 24 22 19 22 20 35 27 23 17 17 21 30 24 26 8 20 17 28 32 21 18 23 25 26 15 16 28 30 16 22 18 19 28 19 30 17 23 28 16 19 28 24 29 19 24 18 23 17 14 22 22 18 24 28 17 20 21 27 21 23 20 19 20 22 27 15 25 19 22 10 23 23 16 14 29 25 20 23 19 21 23 22 16 21 18 23 20 16 21 21 19 26 30 16 20 15 18 23 18 21 18 23 14 29 18 20 25 18 25 22 16 16 26 22 18 16 20 21 20 20 20 16 23 25 24 21 17 17 22 26 22 24 22 28 20 19 17 29 26 19 21 20 25 18 23 18 20 20 22 17 16 23 19 27 21 25 25 30 23 20 18 24 16 14 16 24 20 24 20 15 15 19 23 18 29 19 35 13 22 24 29 18 22 21 16 22 26 27 20 22 25 25 16 16 25 32 13 19 24 25 22 13 14 23 21 22 25 16 23 19 24 15 14 19 27 15 20 27 25 19 16 27 19 26 20 18 20 23 24 25 20 23 23 15 26 20 29 16 26 21 19 29 22 20 29 24 25 17 29 17 15 19 28 18 30 23 17 24 28 17 28 18 22 21 22 24 17 17 20 31 25 23 20 17 18 23 18 21 16 28 20 19 20 18 18 29 19 19 18 31 18 25 22 20 16 28 25 20 25 20 16 26 24 29 23 17 26 19 15 22 20 19 22 19 20 26 28 22 15 24 22 31 11 23 15 21 31 26 22 22 22 17 21 16 26 25 19 26 18 21 20 19 24 20 23 16 20 20 22 21 14 19 13 21 18 22 24 14 27 16 31 26 13 23 16 28 19 15 23 22 20 23 18 27 18 22 15 18 24 14 23 28 22 21 24 20 19 19 17 22 21 24 22 21 20 17 21 20 20 25 19 21 21 26 14 32 20 19 23 21 19 29 26 24 23 19 16 22 17 26 12 20 25 19 24 18 24 19 14 21 18 21 25 23 15 27 26 12 24 17 26 23 19 24 19 25 21 14 21 24 26 19 16 16 22 17 30 20 16 21 22 17 24 21 26 18 27 20 16 21 16 20 18 22 20 23 21 15 20 14 25 17 27 29 19 20 21 24 23 14 22 18 25 17 20 15 25 28 26 22 16 25 23 18 24 31 18 25 28 23 19 31 22 16 18 27 23 20 18 24 38 23 16 25 20 16 19 21 23 18 20 21 23 10 24 33 20 27 16 26 16 18 24 22 13 23 24 25 18 15 23 18 18 28 19 29 20 16 30 25 29 13 23 24 19 26 25 21 18 24 11 24 27 23 21 22 23 17 15 25 20 19 20 16 25 26 19 31 19 22 22 16 18 21 25 27 16 25 22 21 19 16 20 16 24 29 18 16 27 16 17 18 19 22 25 25 20 20 19 17 17 24 19 27 24 15 16 21 23 29 23 24 21 15 32 26 17 20 17 18 20 28 19 20 23 23 21 19 25 14 28 30 22 20 17 19 26 21 27 16 13 10 25 24 17 23 27 24 19 24 13 23 29 22 19 27 14 24 14 24 24 21 23 23 16 20 21 28 23 22 19 18 20 12 27 22 28 19 19 22 23 23 12 24 24 23 24 22 20 22 16 15 20 21 21 23 19 33 22 27 18 22 22 21 18 20 18 24 25 17 18 22 22 25 22 26 21 24 18 24 22 33 19 21 25 27 20 16 27 13 24 19 20 22 25 20 20 25 16 24 20 22 21 25 17 20 19 17 19 20 20 20 18 12 25 13 25 21 26 27 19 25 23 26 20 27 26 12 17 25 20 25 19 25 16 16 24 19 25 21 14 14 21 28 20 24 28 27 14 19 18 23 26 19 27 23 16 17 18 26 15 17 19 17 26 20 19 23 26 24 20 22 26 23 17 17 25 22 19 17 21 17 23 21 22 15 22 16 21 24 18 23 32 32 13 31 32 22 20 24 18 29 26 20 15 23 22 16 30 24 21 23 13 14 22 21 29 26 13 22 26 19 19 23 20 14 24 26 25 24 18 23 13 24 17 26 18 23 20 19 29 22 19 24 22 21 20 21 19 24 18 20 27 16 23 14 26 23 15 17 24 12 14 28 21 24 26 23 22 18 27 20 27 22 21 15 16 23 27 19 24 18 18 21 29 16 24 25 25 23 23 13 21 26 22 21 19 19 19 23 17 25 33 21 22 17 12 21 23 19 21 23 31 17 22 18 19 18 25 18 26 23 26 13 27 26 21 23 16 17 23 24 25 10 27 27 24 18 22 30 23 20 22 22 25 20 22 28 23 17 28 18 20 19 23 24 25 22 16 22 18 27 28 17 25 20 20 21 26 21 16 19 15 24 21 23 16 27 19 22 23 15 32 25 29 21 15 19 15 18 23 23 24 14 25 20 16 14 15 27 25 23 20 18 21 24 18 19 20 26 22 23 23 18 26 30 23 16 27 23 25 27 16 28 22 14 24 26 18 22 18 22 29 15 18 29 23 21 24 18 19 20 34 16 22 18 24 19 28 23 25 18 22 21 18 21 18 18 20 22 21 18 24 20 23 24 20 18 18 17 26 24 21 27 20 17 25 13 18 26 26 22 25 18 26 18 30 17 20 20 27 25 19 27 16 21 21 19 20 17 20 26 18 19 23 24 19 21 18 16 19 23 24 23 27 19 23 24 23 12 24 22 20 22 25 20 20 20 25 23 17 24 23 19 14 16 23 24 25 22 20 21 16 22 23 15 24 19 29 22 28 29 18 18 15 29 31 20 15 16 25 17 27 20 24 13 19 30 29 14 22 18 15 17 23 18 32 17 17 26 16 16 17 21 20 24 21 29 30 19 23 21 14 19 24 22 21 21 31 21 19 18 26 15 22 22 16 21 25 24 24 19 15 16 20 22 22 16 25 20 30 25 21 27 24 33 20 26 13 27 20 23 17 24 18 16 21 26 22 24 28 20 16 20 23 31 24 24 22 19 25 22 16 18 22 27 31 25 20 19 25 20 13 20 15 15 17 33 27 30 24 20 25 11 21 29 25 14 17 24 19 21 19 25 15 18 15 28 22 27 23 19 26 15 21 19 14 25 14 25 27 19 20 17 21 18 28 25 17 25 34 24 16 23 15 19 16 20 27 33 18 25 21 18 20 25 20 13 20 27 20 16 20 21 21 18 16 22 24 26 16 25 23 34 20 19 28 12 28 23 21 24 23 17 28 24 33 21 25 18 15 19 23 16 28 28 22 22 25 26 20 27 12 24 14 20 24 18 21 24 19 18 26 16 19 28 17 21 23 23 23 17 19 17 17 18 20 20 21 22 33 17 16 38 15 22 19 21 14 16 14 18 22 21 34 23 18 26 20 24 20 17 20 21 18 24 26 32 18 22 21 27 16 22 20 24 18 21 22 27 22 20 21 22 27 27 24 24 30 20 17 17 22 22 20 21 24 20 16 17 25 19 18 23 23 21 16 23 16 24 20 22 26 22 26 15 19 25 26 18 27 17 17 17 29 20 15 15 20 22 21 19 16 29 18 21 28 21 24 24 19 19 20 17 19 28 19 23 20 22 21 19 21 18 27 19 12 22 23 19 24 21 20 25 26 14 18 17 19 14 25 18 16 22 15 21 21 26 24 17 26 30 17 21 22 24 16 17 19 15 19 20 24 24 24 20 17 16 24 22 19 16 14 20 27 18 20 20 30 21 20 27 18 19 28 18 18 15 27 26 22 20 21 22 22 21 29 18 20 22 19 24 26 25 16 27 20 27 13 24 25 23 20 25 25 24 11 19 19 20 20 25 20 16 20 23 25 16 23 32 21 29 21 28 18 19 27 19 16 27 24 28 21 14 23 15 17 28 26 20 22 26 18 22 23 18 22 26 20 19 14 24 37 27 20 21 24 11 15 22 25 20 24 21 22 17 18 20 22 19 20 18 21 21 20 23 23 19 18 20 21 22 21 19 28 26 22 15 19 20 25 24 20 18 18 23 18 22 25 23 25 24 23 23 21 23 16 18 25 23 23 22 19 22 30 21 24 30 16 16 20 17 20 23 20 21 17 27 17 27 16 28 20 21 11 31 19 23 22 19 16 18 18 19 22 21 31 17 22 18 23 21 21 16 20 21 16 19 23 26 23 23 21 21 23 17 27 18 19 11 29 25 25 28 18 25 15 24 20 25 17 23 23 30 21 25 15 23 20 14 23 23 29 18 17 22 29 21 19 26 16 16 22 22 17 17 22 26 26 17 22 25 19 11 21 19 23 22 24 18 24 17 20 21 21 20 22 15 17 22 27 21 27 20 25 25 18 25 28 22 25 28 20 11 35 21 25 21 28 20 20 20 17 27 16 22 15 22 19 16 16 21 24 31 15 32 21 21 26 18 27 22 19 36 29 22 21 19 25 16 25 18 15 20 21 34 18 22 20 18 15 31 17 20 13 19 28 28 23 27 20 21 11 22 26 19 21 22 21 15 16 26 25 10 27 23 23 22 22 24 21 15 25 14 21 32 29 26 27 18 25 30 27 17 21 18 19 18 27 19 12 19 27 11 19 22 22 27 33 18 18 18 20 17 18 16 20 20 27 27 15 34 19 20 28 17 15 13 31 27 21 22 19 23 23 21 22 17 17 24 24 27 15 20 27 20 20 20 24 17 24 12 18 29 16 28 27 17 28 20 20 15 13 21 27 21 19 26 18 9 25 18 18 17 21 24 21 15 21 24 17 24 23 19 21 22 26 24 18 24 13 26 25 20 19 25 17 20 15 21 25 23 21 24 23 30 24 15 21 26 22 18 23 20 15 27 21 18 23 23 28 22 18 19 22 14 21 28 13 22 21 24 28 19 26 25 19 13 14 16 25 16 23 16 24 18 30 18 20 20 19 16 25 16 18 25 26 31 22 20 25 22 22 15 25 18 17 33 20 28 12 22 17 23 26 21 23 20 20 30 20 26 19 22 16 23 16 29 21 26 19 26 19 21 27 23 17 23 17 28 19 21 22 20 27 22 16 32 19 21 17 22 16 27 32 17 23 16 21 22 28 18 11 34 21 29 17 21 20 17 20 18 26 32 12 16 23 18 20 22 26 21 25 15 23 15 21 25 24 20 20 15 21 21 20 14 19 24 35 21 17 26 23 20 21 16 31 25 29 19 25 17 16 18 19 16 24 27 24 16 22 22 22 22 24 23 12 21 18 14 27 29 27 22 17 20 18 22 26 23 16 17 23 15 12 23 29 31 12 26 28 22 16 27 12 16 28 28 25 24 32 21 19 19 24 24 17 16 24 25 19 16 27 17 25 22 15 28 20 26 14 21 22 23 26 12 21 16 19 26 24 15 21 21 29 25 20 14 23 23 22 21 16 24 16 12 15 24 25 22 22 25 21 15 26 23 25 12 21 23 16 17 22 23 20 23 19 25 13 14 20 22 19 22 24 24 19 28 18 25 23 29 18 19 14 26 15 25 15 17 22 18 22 27 14 21 17 22 23 26 20 19 25 18 17 21 22 18 24 20 12 17 24 20 18 16 15 24 31 21 26 22 22 30 21 21 21 20 21 20 26 18 27 16 20 23 18 18 16 16 23 25 17 18 18 23 24 24 18 23 17 17 20 20 28 23 26 18 25 12 14 29 21 18 16 29 20 15 21 26 28 20 21 29 19 30 14 24 17 20 18 22 17 21 20 12 19 18 18 23 21 25 20 18 24 19 23 19 18 22 22 22 18 14 26 29 24 23 25 16 25 17 26 22 22 16 28 16 19 17 25 27 20 27 26 19 26 17 27 15 27 25 14 13 17 21 18 23 23 20 24 27 11 13 23 21 28 33 11 21 26 24 10 21 22 17 42 23 32 21 19 17 28 20 25 18 19 21 21 14 35 18 22 17 21 21 21 25 30 25 32 15 21 20 20 21 16 25 18 22 26 23 18 26 19 20 15 27 11 34 13 27 15 22 22 21 26 24 18 22 30 27 16 19 29 23 31 29 19 17 15 22 23 30 31 19 29 25 20 26 14 19 13 31 19 21 24 28 18 26 20 28 20 23 22 17 16 19 22 18 22 23 23 23 24 23 21 20 21 25 20 23 17 20 20 19 25 30 29 23 21 16 20 24 20 29 14 18 31 21 27 20 18 20 20 19 19 20 15 21 18 21 26 17 14 24 25 20 25 24 22 24 23 20 24 15 26 22 22 22 21 14 28 20 26 31 20 19 26 17 24 31 15 16 19 17 18 22 15 25 15 29 19 23 26 18 19 24 26 14 27 21 24 16 22 24 14 21 17 17 13 27 18 27 16 18 29 21 17 16 29 16 19 25 25 18 23 24 22 18 22 20 21 23 16 21 20 21 33 14 22 19 21 18 23 28 30 18 30 15 29 11 14 23 18 27 19 17 27 17 15 18 20 25 23 28 12 30 19 17 15 29 15 21 22 14 27 21 21 26 22 29 30 20 25 26 24 20 23 21 23 25 21 27 19 11 14 25 21 22 29 24 14 22 19 17 23 27 16 21 13 20 21 15 20 26 26 22 17 24 15 20 26 24 21 17 20 16 23 22 24 25 23 18 22 27 24 25 27 25 17 14 14 23 19 19 32 21 26 25 22 25 16 14 21 21 30 21 24 20 18 16 25 20 24 14 24 18 20 28 20 18 27 16 23 29 27 22 21 24 21 19 23 16 22 23 17 25 21 23 19 21 23 21 20 28 20 27 14 19 15 23 25 21 28 20 23 27 23 19 19 21 25 23 19 23 22 20 14 20 19 28 19 21 21 16 25 23 26 22 23 20 20 17 23 31 18 22 20 20 23 26 23 21 17 25 20 17 15 27 21 18 20 19 27 20 25 23 16 23 19 19 20 23 23 28 20 23 17 20 25 23 23 17 16 18 21 22 19 16 21 14 16 18 28 14 26 18 18 22 24 22 18 21 30 22 23 15 24 21 26 22 19 21 23 19 20 22 23 17 18 26 24 16 18 26 23 12 22 20 16 17 25 30 14 31 21 15 20 31 21 20 18 23 21 21 26 14 18 27 19 17 21 15 25 23 23 21 17 24 21 18 21 19 20 27 20 19 26 15 24 31 19 22 20 31 22 21 26 20 22 18 19 18 22 25 17 27 19 18 30 32 25 18 22 21 24 21 22 21 19 25 21 25 17 23 22 25 26 20 22 16 22 21 18 23 13 22 19 34 25 21 20 10 15 12 22 18 26 20 23 24 23 29 21 24 14 21 16 23 19 26 24 17 18 24 30 16 13 27 15 22 26 22 22 11 22 23 18 26 20 19 24 23 15 20 17 21 21 23 20 22 22 11 16 13 21 16 23 18 23 14 26 36 23 19 17 29 25 20 15 18 20 25 23 22 17 23 21 16 12 27 27 23 14 25 22 19 23 21 22 21 18 22 29 18 19 23 22 23 15 25 25 19 16 24 21 21 20 27 21 20 17 24 18 15 16 21 18 33 18 15 18 15 25 27 20 24 20 21 26 20 22 29 17 18 17 27 19 18 21 26 23 19 23 25 22 22 19 18 19 13 30 25 20 25 23 14 25 28 21 18 23 22 14 20 26 18 20 16 26 22 25 23 18 30 29 27 19 22 20 20 22 30 16 18 21 12 24 20 26 19 30 19 21 13 32 25 23 27 24 23 26 10 18 22 25 16 26 24 22 23 26 20 23 15 18 30 22 24 17 25 28 24 19 16 25 26 21 31 20 19 26 24 18 20 24 17 23 20 27 20 11 28 18 20 27 25 21 20 23 31 21 21 20 17 30 19 20 12 20 20 29 30 25 23 24 16 17 26 17 22 16 20 17 29 27 22 17 30 21 24 22 20 20 22 21 21 21 17 25 23 18 27 29 20 23 25 27 26 23 22 26 21 16 27 23 26 15 18 18 20 25 15 16 26 21 25 18 18 27 18 16 21 18 23 25 23 22 18 19 27 19 17 24 14 24 24 15 24 15 15 21 23 10 25 19 19 23 17 20 22 16 22 22 20 22 14 19 19 30 24 27 25 15 18 26 24 16 13 26 23 17 16 16 23 19 17 31 24 15 20 28 31 19 18 14 24 18 18 27 15 21 25 27 20 17 22 22 29 16 20 22 17 22 13 20 25 17 25 16 26 18 19 14 25 27 17 20 25 24 15 17 22 17 25 21 19 24 29 24 26 12 20 22 19 23 23 36 21 12 22 34 14 23 25 24 19 17 20 31 24 19 24 18 19 19 18 15 19 21 14 14 26 19 21 16 22 24 13 19 20 26 24 24 20 16 19 17 21 25 17 27 24 16 22 24 26 22 24 22 20 21 21 21 22 16 18 26 19 29 26 20 24 21 16 26 21 18 17 17 28 12 12 20 25 23 21 32 25 22 14 21 16 23 21 16 17 24 17 21 22 18 29 27 16 18 9 15 22 29 20 25 19 25 25 18 23 22 21 31 14 22 15 14 17 25 19 27 16 18 22 23 20 23 25 22 24 18 16 11 24 23 21 17 16 26 28 18 17 20 20 19 22 19 24 25 27 30 20 23 15 15 28 14 24 23 17 22 31 23 27 19 28 26 24 16 20 19 25 22 17 13 22 23 30 19 17 23 22 33 24 23 17 32 18 24 16 17 33 27 19 19 20 24 14 23 28 22 21 29 21 27 19 24 20 15 25 17 23 19 25 13 23 29 18 17 25 26 18 20 20 21 23 19 18 26 25 29 12 15 24 17 24 21 15 18 26 23 19 23 23 16 21 17 20 20 19 17 23 17 26 22 27 20 21 31 17 20 16 17 22 24 23 20 15 14 20 23 19 23 20 15 20 24 22 21 28 18 19 29 22 17 29 16 24 28 19 21 21 29 26 16 17 21 17 19 29 21 24 26 18 21 24 29 22 32 21 16 19 29 24 20 22 14 14 21 20 19 25 25 23 16 13 21 23 24 17 21 27 22 21 20 27 26 25 15 19 26 25 21 18 25 27 19 20 23 21 19 21 24 16 19 16 28 30 23 22 19 22 18 25 17 25 22 13 21 17 23 21 24 19 32 15 25 20 23 21 21 13 20 22 27 18 29 28 23 18 17 27 20 19 24 14 20 17 20 27 12 23 26 23 19 25 22 16 22 15 17 15 19 24 23 19 21 18 17 26 22 18 16 21 26 29 27 30 22 20 29 18 28 19 15 24 20 17 24 16 23 24 21 24 30 20 15 26 24 19 27 29 23 22 24 22 26 30 18 25 18 22 23 28 17 21 21 10 23 13 27 24 23 24 31 16 19 23 19 26 29 16 16 23 16 21 12 25 18 18 22 21 22 25 19 17 20 31 20 21 28 21 15 21 21 22 28 27 23 16 28 18 26 19 26 23 22 27 31 17 24 16 21 14 28 17 21 27 21 14 33 15 18 15 20 16 33 29 23 26 24 26 15 29 20 28 21 27 12 23 18 21 16 24 22 28 23 20 21 18 27 23 18 27 16 16 18 33 15 19 20 24 18 17 25 19 20 25 22 17 19 19 18 25 19 17 21 20 28 24 22 28 19 18 25 14 20 25 27 19 20 14 20 21 11 22 29 19 19 20 19 19 20 24 17 27 29 20 20 24 28 23 17 24 22 21 25 22 19 17 20 19 13 29 25 17 23 17 16 17 23 25 28 20 24 23 24 30 29 19 18 24 20 21 23 13 30 36 26 31 20 15 14 24 23 19 23 23 24 24 20 22 21 17 30 18 27 19 12 23 27 25 24 27 20 18 20 21 26 18 21 20 25 20 22 15 19 22 19 18 24 23 24 15 27 25 19 26 18 21 22 23 16 28 20 21 25 17 21 23 21 16 22 25 20 25 19 23 24 17 18 21 22 19 16 27 15 23 22 22 35 24 17 25 23 20 14 15 19 29 23 22 22 23 22 20 17 21 24 16 19 27 26 30 20 17 28 20 30 21 17 17 20 21 10 27 23 31 27 16 30 19 15 24 19 18 19 29 28 23 25 19 14 18 22 14 23 21 27 22 24 19 23 14 20 21 16 24 16 23 22 19 19 19 20 26 21 22 28 11 22 27 19 12 22 20 34 21 26 25 12 19 21 28 16 26 22 20 20 16 38 17 19 21 17 19 24 21 16 10 20 19 26 15 12 22 20 15 20 28 26 21 24 28 16 18 31 13 21 25 14 27 36 19 25 17 21 18 18 25 21 19 16 12 25 18 22 29 18 24 19 24 20 16 25 22 16 17 24 19 14 20 20 24 25 19 26 20 26 23 22 18 10 21 23 19 22 21 26 20 24 28 20 22 9 19 22 21 26 27 22 23 21 18 16 20 22 21 22 23 23 15 16 21 21 24 25 25 25 21 22 19 16 16 22 14 15 23 23 18 14 24 24 21 21 19 28 18 25 25 17 15 27 15 23 22 17 23 17 24 20 23 25 16 22 26 24 17 16 9 20 20 23 21 25 25 25 22 22 19 20 17 22 24 21 25 25 26 27 26 16 17 22 16 20 25 21 19 17 26 30 28 24 11 17 28 16 16 28 19 24 30 30 18 17 33 22 20 17 15 17 13 19 30 18 23 24 23 24 24 20 26 25 25 24 23 26 21 21 24 16 18 21 27 18 20 28 21 18 15 30 29 17 16 18 18 23 28 21 23 23 27 24 26 17 24 26 24 25 17 24 19 20 17 17 41 17 18 23 17 18 17 26 16 20 15 19 21 23 17 16 24 24 17 28 18 24 22 16 20 22 17 14 15 16 13 23 19 23 26 20 14 20 16 24 19 17 20 20 22 30 18 27 16 17 23 22 19 19 28 30 17 19 17 21 18 19 21 26 26 22 26 13 11 27 19 24 34 25 21 17 25 24 19 20 22 22 18 23 22 29 21 27 24 28 20 23 22 23 20 16 19 25 21 24 20 21 16 25 22 24 21 25 23 19 20 30 24 21 17 20 16 24 33 24 14 20 17 18 28 17 19 26 26 12 29 18 19 21 25 17 22 19 23 27 22 21 23 21 27 22 19 22 28 20 17 13 19 20 25 28 21 27 14 16 17 14 20 23 16 23 21 18 23 15 23 20 14 17 27 21 13 15 24 19 20 17 17 25 23 22 19 18 33 23 19 18 18 21 23 14 20 17 21 21 22 24 22 23 23 14 21 20 29 21 14 16 23 19 21 28 28 9 14 28 28 19 17 22 17 19 18 25 21 25 23 20 22 18 21 14 26 23 15 13 13 18 20 21 24 17 21 22 17 22 18 17 19 23 20 21 17 26 14 30 24 17 15 14 25 18 16 28 25 19 17 18 21 26 18 28 22 20 18 20 24 14 22 17 26 20 21 20 20 26 16 18 14 11 23 21 19 20 20 17 14 26 25 26 15 22 22 24 31 22 15 23 27 22 19 25 17 28 24 22 32 19 16 19 23 16 20 31 21 28 27 19 21 12 29 22 17 21 16 22 18 20 26 22 24 29 20 22 18 26 23 26 22 20 21 30 21 24 28 16 16 25 20 25 19 18 21 27 22 22 15 16 20 17 21 23 30 17 12 16 27 25 23 25 19 33 29 24 21 16 18 20 17 21 14 29 19 21 22 21 25 20 20 16 28 11 15 26 23 22 20 17 22 28 28 19 28 18 31 18 19 22 24 21 23 23 22 24 29 16 19 19 19 19 17 15 26 28 13 18 21 25 19 17 24 25 15 12 11 25 23 24 19 25 27 19 23 25 23 25 14 22 28 27 23 17 19 20 15 19 16 27 22 21 20 19 23 25 20 21 20 23 18 29 20 32 20 20 21 24 19 25 19 19 20 24 20 10 19 24 12 25 25 18 24 26 15 30 24 27 29 14 18 22 24 22 19 24 16 20 23 26 19 26 31 26 24 25 22 27 23 13 12 24 20 15 19 23 27 17 28 22 19 28 22 23 24 20 14 24 24 21 13 23 17 27 17 23 22 23 18 24 31 17 18 23 28 19 24 28 15 20 21 24 31 14 22 19 26 21 24 23 23 27 15 24 14 26 27 16 18 23 15 18 20 18 30 20 18 26 20 22 24 21 23 25 26 17 20 15 24 26 15 20 19 15 23 21 19 25 18 22 19 16 18 16 25 26 20 19 21 25 18 29 26 22 27 19 27 27 18 20 21 21 21 18 16 19 27 29 19 17 16 11 20 22 18 25 26 18 25 24 18 20 16 16 27 21 23 22 27 21 23 26 26 21 20 28 21 30 22 20 14 17 13 32 20 17 24 26 15 26 15 23 16 11 24 28 25 22 22 21 24 20 23 18 20 22 21 23 20 20 22 17 21 30 18 29 20 22 15 29 29 20 21 21 18 19 28 18 24 29 17 21 19 26 21 17 23 24 25 24 20 19 20 15 22 25 21 10 28 24 25 26 16 26 21 20 20 28 17 12 24 20 25 25 14 23 19 17 24 24 23 28 33 18 17 21 23 16 20 20 12 24 19 23 21 22 26 25 23 29 24 15 20 21 23 32 20 20 22 18 21 16 21 29 18 20 16 16 23 30 29 28 14 16 21 18 19 16 26 30 26 20 21 29 20 25 25 23 31 21 15 21 23 17 20 21 21 17 15 32 23 24 22 17 22 17 14 25 19 18 19 17 10 20 23 17 21 23 19 17 27 18 23 16 12 18 23 24 25 24 22 24 17 14 22 26 16 27 31 26 24 26 22 18 29 16 19 18 16 18 12 25 19 15 17 25 17 21 21 15 33 15 19 25 13 14 25 25 21 22 26 22 24 24 28 21 25 25 19 25 19 24 25 18 20 14 28 18 21 27 11 19 21 21 26 22 21 23 19 30 25 24 9 22 23 24 27 21 28 17 22 29 23 15 20 22 21 27 24 23 21 20 20 25 12 18 24 18 19 30 18 15 24 23 22 26 20 22 15 24 21 19 17 21 20 16 24 25 22 21 20 19 29 20 25 20 25 15 18 9 21 20 21 22 16 18 23 25 17 19 18 33 22 26 19 21 19 20 31 11 27 20 23 13 29 34 10 21 23 19 20 18 22 21 28 23 13 20 26 31 28 22 21 25 22 18 18 26 24 24 12 28 15 19 23 18 21 24 19 22 26 21 22 14 19 25 18 21 22 17 20 29 22 26 22 18 26 22 27 19 11 17 17 26 21 22 25 32 28 14 27 20 20 14 21 22 26 26 23 25 33 18 20 22 26 18 16 15 28 23 21 18 16 26 30 19 18 19 21 23 16 29 25 27 15 20 23 18 20 17 19 19 23 22 21 21 20 15 19 31 23 24 24 27 23 10 21 30 13 15 15 20 21 17 29 16 18 19 21 18 24 19 18 19 22 24 31 18 25 18 22 26 20 11 22 25 24 23 18 19 19 13 26 27 17 21 15 12 16 17 23 18 20 26 24 17 23 16 21 28 22 14 26 19 17 24 20 21 19 19 17 18 25 29 22 17 20 21 25 29 30 15 19 21 14 24 28 20 16 20 29 22 25 23 31 24 17 19 32 14 22 27 17 25 16 26 21 27 26 25 13 20 30 19 17 17 24 22 22 21 18 32 27 15 29 21 21 24 16 25 18 24 22 26 20 13 20 20 22 16 24 29 17 26 20 19 24 24 26 17 22 15 19 15 20 25 21 22 22 19 18 21 22 18 26 17 32 19 20 19 28 21 25 18 22 15 28 19 12 20 31 14 20 27 20 25 23 25 22 13 11 15 27 16 21 16 20 21 28 22 27 16 15 21 24 23 23 17 28 26 24 21 19 16 17 21 21 18 36 24 19 24 21 15 23 26 34 25 17 14 17 23 27 19 20 28 26 18 26 23 21 24 19 17 24 12 27 19 27 25 20 21 24 21 21 23 17 18 25 18 25 24 27 27 14 19 20 19 26 18 20 19 24 25 14 28 21 21 27 20 21 14 16 18 19 22 25 22 18 30 26 21 14 21 17 31 22 24 18 28 19 18 21 26 19 19 27 24 22 27 20 12 21 14 28 19 19 16 22 23 24 30 25 19 20 28 28 15 10 17 19 18 14 18 36 28 15 22 24 17 27 29 21 18 17 23 22 12 15 28 18 23 21 15 19 19 20 18 23 29 20 30 25 18 24 18 17 23 21 16 17 18 23 21 17 31 19 24 23 24 19 18 17 22 23 29 30 21 13 10 19 19 22 23 22 13 21 21 23 20 18 22 18 19 17 22 27 22 24 23 20 26 16 13 15 19 15 20 19 25 20 21 22 31 25 16 24 22 18 22 20 17 22 18 16 27 21 22 23 16 32 20 21 20 24 28 19 19 17 23 21 20 21 24 24 23 15 17 15 28 26 23 15 17 19 23 17 17 29 16 29 28 20 28 13 26 27 14 20 17 19 19 20 24 29 21 18 22 23 23 11 21 29 22 15 20 21 22 25 25 25 20 25 17 21 27 22 20 31 20 26 21 25 25 23 23 23 22 22 15 21 19 29 24 20 23 23 17 22 15 19 21 23 24 18 13 21 13 26 17 12 19 19 20 23 23 21 21 19 20 13 18 16 22 29 30 19 22 15 15 21 19 21 19 24 20 24 11 18 29 23 22 30 20 17 16 22 19 16 22 18 19 21 22 16 28 23 19 28 16 21 17 25 21 26 18 14 30 19 25 24 24 25 23 13 11 15 28 27 13 26 27 15 30 19 18 30 15 16 19 20 26 21 35 19 25 22 20 25 16 27 23 20 27 22 20 12 16 21 20 23 17 15 17 18 19 20 27 15 24 16 19 21 24 17 22 21 21 32 17 26 35 19 31 17 22 24 14 24 19 22 21 23 21 20 34 17 23 22 19 21 23 26 23 25 22 21 22 28 21 12 16 22 15 25 20 15 21 20 22 30 28 10 27 24 19 31 22 22 12 17 19 23 15 21 22 18 12 22 16 23 25 18 27 16 18 22 21 21 28 26 27 24 20 16 17 20 20 18 18 25 18 16 17 26 21 17 18 28 16 26 22 17 15 19 25 23 22 19 21 26 24 18 31 25 27 18 15 23 28 16 25 14 21 21 14 23 17 24 16 20 22 19 17 21 21 23 27 24 20 17 25 24 21 20 9 25 20 22 19 22 20 18 23 14 21 14 23 21 17 21 21 26 19 19 27 29 20 22 16 20 20 16 22 20 24 25 24 25 20 16 28 19 30 14 15 23 21 25 21 21 22 18 21 22 18 20 19 12 17 24 21 21 16 19 18 20 21 31 17 25 21 22 22 16 25 25 19 15 21 17 27 23 23 20 21 20 22 25 14 17 29 20 17 30 26 23 23 27 18 21 23 11 20 20 24 24 19 19 20 18 25 18 21 19 27 24 24 28 32 16 19 18 18 21 22 20 18 22 26 25 15 15 19 23 25 27 19 23 15 22 17 23 28 21 22 26 20 22 24 20 27 23 16 23 21 20 33 26 27 24 26 20 13 25 24 23 19 16 15 20 25 19 21 21 23 23 17 35 22 22 17 20 21 20 20 19 29 21 22 26 24 29 24 17 23 20 24 23 23 19 18 19 22 28 30 18 21 26 27 22 24 14 8 19 25 19 27 22 21 27 29 20 15 29 23 15 21 16 21 24 22 15 19 23 20 22 21 29 20 32 13 23 22 20 17 15 21 19 23 18 22 12 25 21 25 18 23 22 19 23 24 26 17 15 21 25 17 25 18 21 19 17 25 17 25 22 19 28 21 19 19 19 10 21 20 11 17 23 19 20 24 25 17 26 20 17 27 17 25 20 19 23 23 23 15 24 18 18 26 22 14 16 25 26 19 18 20 22 19 23 21 17 32 18 15 24 20 14 21 22 27 18 17 22 23 20 22 19 29 25 25 14 15 14 20 18 26 14 18 15 13 17 16 19 24 26 26 21 25 21 22 30 20 15 26 10 15 25 31 24 18 16 17 17 21 23 22 14 20 19 23 19 18 28 20 16 24 12 23 28 23 21 19 24 24 18 22 15 21 22 15 24 18 24 18 24 18 23 25 23 17 18 20 19 22 18 29 23 25 28 28 21 21 26 19 19 23 22 22 17 10 17 19 27 31 24 18 16 27 24 18 18 19 18 20 22 21 16 16 31 22 12 27 21 20 23 25 13 18 22 25 25 23 17 17 12 13 27 12 15 21 26 15 19 19 15 32 21 17 28 23 17 17 22 19 17 26 23 17 22 17 31 12 29 21 19 26 25 29 28 23 26 25 26 21 24 18 16 20 21 18 25 18 29 13 22 23 22 12 28 17 19 21 24 27 17 15 21 27 26 20 20 18 25 21 13 19 26 27 22 17 21 25 28 22 24 17 19 25 21 16 26 16 21 17 22 30 29 18 15 24 21 25 18 29 22 16 17 22 18 27 16 29 29 18 17 29 23 24 22 20 19 21 24 17 16 19 19 18 15 18 22 20 18 17 20 21 24 16 20 26 21 22 20 25 15 28 16 16 19 22 20 30 17 22 15 19 27 16 17 19 27 14 17 18 24 28 23 20 20 29 18 12 29 26 25 27 23 17 22 21 24 22 32 16 21 24 24 27 15 13 22 19 17 17 25 14 23 22 33 20 22 20 22 23 20 22 16 18 24 14 25 18 19 26 27 28 18 27 17 18 25 26 22 17 25 27 10 20 21 21 20 18 18 23 29 26 22 14 19 17 21 16 24 26 21 26 18 24 23 17 23 26 20 17 24 18 25 31 13 28 26 26 22 24 18 21 15 17 18 17 20 22 26 17 16 10 26 19 18 22 22 21 24 17 15 18 23 21 18 24 18 21 27 20 23 17 23 21 20 22 27 14 19 16 22 18 20 27 30 19 18 20 22 18 22 22 22 27 21 21 28 14 27 14 26 15 29 28 20 22 22 22 23 19 19 14 18 22 19 29 18 19 17 30 23 24 21 26 12 18 14 35 19 24 18 18 29 25 21 21 18 16 20 20 27 27 18 23 22 19 22 20 25 18 19 16 23 18 18 17 22 23 15 24 16 17 16 28 21 27 20 24 23 22 18 21 16 19 22 22 26 16 19 26 31 17 30 25 21 24 18 29 20 17 27 30 18 21 21 23 14 27 14 22 22 26 27 19 32 23 21 19 24 18 20 34 14 17 19 12 22 27 22 26 23 21 22 17 13 20 20 35 13 13 23 15 17 22 14 22 19 24 20 27 26 18 23 17 25 26 28 21 21 24 23 16 17 18 22 23 20 27 20 21 18 25 16 28 21 21 21 22 23 18 17 24 19 15 20 24 29 26 25 20 23 29 24 24 21 16 15 28 20 24 22 25 17 18 13 23 17 24 27 24 23 27 19 21 19 25 23 22 13 20 24 18 23 23 15 25 19 19 21 21 30 22 21 19 15 24 23 26 21 27 17 33 18 23 24 14 16 26 17 24 16 16 30 17 29 13 20 30 20 28 21 21 22 23 20 22 24 19 27 20 21 22 33 29 20 21 19 12 15 17 23 20 16 24 25 19 25 17 27 22 27 21 21 24 19 21 23 15 32 21 23 22 22 13 22 19 20 19 25 17 21 27 16 26 24 20 19 25 20 21 20 31 29 19 20 20 25 15 23 21 24 19 24 16 31 15 28 23 21 23 18 25 28 21 23 20 18 25 26 24 21 21 24 12 18 18 20 19 24 19 20 22 17 27 18 17 28 25 16 24 26 21 18 24 20 18 24 25 19 27 17 16 22 33 27 22 20 17 31 18 24 20 19 22 15 23 23 24 26 19 16 26 24 23 21 19 28 16 13 25 19 27 25 19 20 22 18 19 20 19 24 22 22 30 25 21 25 19 12 20 22 16 22 12 27 26 20 19 23 16 23 15 19 16 16 17 20 21 17 31 19 32 20 22 23 23 27 20 28 19 18 32 28 26 23 19 17 17 23 12 17 19 23 23 20 30 29 29 16 15 19 22 24 23 16 23 27 16 13 26 15 27 23 17 24 19 18 23 13 25 18 20 25 19 31 25 22 24 22 24 20 19 15 15 22 21 26 21 20 23 22 22 21 26 20 16 31 19 18 24 20 28 14 21 18 21 17 27 20 15 16 26 23 28 18 21 18 20 27 24 20 17 15 20 22 23 20 21 24 14 24 20 21 20 16 18 25 14 18 26 19 27 13 19 17 26 21 21 17 20 18 23 23 17 25 20 31 18 21 18 22 24 16 38 18 23 24 21 24 15 14 26 13 24 21 26 17 29 19 14 19 23 15 21 17 17 23 21 25 22 28 13 21 14 25 22 17 31 21 26 21 21 28 26 10 26 21 23 28 21 25 16 25 18 22 17 15 20 28 16 19 20 20 13 14 19 22 24 23 14 16 24 18 21 23 25 20 29 18 14 32 21 22 39 17 12 20 26 19 27 16 18 25 22 24 16 26 30 24 29 28 18 27 17 25 18 18 25 25 22 17 23 27 21 18 15 20 28 18 20 23 22 16 20 25 21 23 20 17 12 22 17 19 22 21 22 16 25 26 22 20 26 22 18 19 23 19 23 16 27 24 22 17 18 18 22 17 29 24 24 22 20 17 17 27 18 28 25 24 16 25 26 15 19 23 26 21 15 16 21 23 18 26 19 21 25 28 21 21 22 12 18 12 18 16 18 24 33 13 21 20 19 24 14 23 27 17 29 20 13 21 21 15 16 14 24 24 22 21 22 19 23 29 19 18 26 23 16 22 28 24 28 19 19 16 24 22 22 25 18 14 22 17 27 24 24 29 16 23 14 19 23 19 24 23 23 23 13 24 24 28 23 21 23 14 22 28 20 26 29 30 13 18 19 20 14 30 21 20 17 15 32 24 26 26 18 17 17 23 25 16 22 25 25 24 27 25 18 26 28 26 15 16 32 17 25 15 29 22 18 17 17 25 22 25 29 18 19 21 26 21 22 22 16 16 22 17 21 24 22 20 23 20 29 21 15 20 20 19 26 20 24 24 17 18 20 21 21 17 30 19 30 19 27 21 23 23 28 22 21 25 26 17 22 17 32 32 11 22 21 27 18 30 17 23 27 25 19 25 16 19 14 20 22 18 20 38 21 11 22 22 18 16 31 17 26 23 24 19 23 24 18 15 25 17 25 29 21 22 24 21 21 18 31 18 19 17 22 22 26 28 15 21 15 24 29 23 26 25 14 21 14 18 17 23 25 17 24 23 25 25 30 24 19 21 21 20 18 18 26 28 12 26 15 22 16 33 20 20 22 18 19 17 22 26 19 13 31 20 19 21 26 22 22 25 18 15 23 21 21 19 21 22 23 21 24 26 22 16 15 11 21 18 18 15 22 20 19 21 25 25 26 18 23 30 18 30 19 20 22 26 23 19 20 21 23 24 15 16 22 20 20 26 17 18 18 20 25 19 25 22 27 19 20 19 21 29 16 20 18 20 23 20 22 18 19 23 29 23 31 18 19 21 25 22 15 19 22 18 21 23 16 19 19 27 23 16 18 13 18 23 22 28 29 15 27 22 21 26 22 22 17 28 22 19 20 20 29 24 18 18 23 24 20 21 14 27 17 20 21 32 21 17 27 19 18 24 25 18 16 13 21 19 12 21 21 27 23 20 28 14 26 27 22 18 17 28 25 20 24 15 20 25 24 20 22 22 21 15 15 20 19 15 26 21 22 26 20 28 26 23 14 14 21 14 23 22 16 19 25 20 23 28 27 14 21 15 27 15 22 17 17 22 23 27 21 33 16 20 20 18 27 19 19 16 25 16 17 16 15 23 20 30 24 29 17 16 14 15 29 25 31 21 22 17 24 14 26 25 21 14 25 24 21 26 20 21 22 21 23 23 23 17 28 16 19 26 22 18 21 19 26 21 19 25 31 25 21 25 13 19 22 17 26 27 20 26 23 28 26 27 16 27 21 15 16 17 21 22 25 21 20 24 18 18 15 16 15 30 20 29 18 21 21 13 15 25 24 18 23 22 21 13 30 32 14 24 15 26 30 17 20 18 16 17 23 18 15 19 26 18 23 18 24 23 24 14 18 24 20 20 29 24 30 18 23 23 17 22 20 17 15 18 26 21 19 25 20 16 27 15 20 18 18 22 19 19 33 19 23 16 16 30 19 22 25 23 23 16 30 18 17 22 17 16 26 26 16 16 24 22 21 24 26 21 18 13 22 26 28 21 16 20 21 20 14 16 26 23 18 27 22 19 22 24 19 22 16 19 17 18 23 26 14 20 28 10 26 19 17 17 20 21 24 21 29 16 25 21 23 18 18 17 21 23 23 17 25 15 21 15 27 26 19 20 32 19 25 18 18 22 17 28 19 26 20 19 22 20 19 21 21 27 24 15 22 23 15 31 18 19 23 20 25 20 24 25 20 19 19 19 17 29 20 26 22 27 21 29 11 20 19 23 19 15 21 26 20 20 26 18 28 31 23 24 16 21 22 23 21 23 26 15 27 23 14 22 21 8 20 21 19 19 22 29 16 24 28 16 24 22 13 15 20 28 18 20 30 26 19 24 23 18 17 18 23 22 19 30 21 15 23 15 20 27 16 28 12 20 25 26 24 19 25 16 20 20 16 25 13 24 29 25 26 19 15 15 30 25 11 27 16 14 22 27 19 23 18 27 17 17 27 16 22 21 20 29 24 16 20 24 23 19 22 18 17 17 17 20 22 21 27 15 31 18 25 16 21 22 20 19 19 20 25 26 17 20 26 23 17 15 21 22 25 14 21 18 21 20 29 19 19 20 16 32 19 22 16 17 21 20 21 17 16 17 28 18 21 25 24 17 34 22 22 19 18 29 27 24 25 16 27 17 21 22 27 20 19 26 26 25 28 21 20 19 27 17 16 17 29 22 22 24 19 17 22 27 22 16 22 27 27 19 18 21 21 20 21 17 27 22 20 24 15 24 21 18 23 26 26 29 21 11 22 19 23 17 24 21 24 12 19 26 26 12 22 18 22 19 17 26 18 21 12 17 31 21 26 20 22 26 21 12 17 24 24 24 24 24 25 15 12 23 18 32 24 25 25 20 26 21 27 17 25 18 12 27 25 18 17 14 23 24 18 22 25 31 22 24 19 22 20 27 18 15 26 29 14 32 23 19 19 16 25 16 17 26 21 26 17 22 25 14 21 29 27 21 25 15 36 21 25 20 26 20 18 27 27 29 24 26 24 18 25 21 30 23 20 20 18 17 26 20 13 20 17 21 22 14 20 19 13 23 21 11 28 24 28 15 25 25 23 18 26 27 20 19 26 16 24 16 17 15 28 26 16 23 24 17 15 19 23 22 26 30 21 23 16 17 23 17 19 14 24 31 16 16 20 19 32 16 23 26 18 14 18 16 30 24 30 31 20 20 25 18 24 23 23 17 16 18 15 27 14 19 21 19 19 22 22 20 29 22 17 18 21 21 21 23 36 21 26 22 25 19 22 15 16 22 23 20 21 21 18 17 25 21 25 24 19 16 12 21 21 26 23 19 19 22 15 19 20 14 23 21 14 32 28 23 23 19 22 16 29 21 27 12 14 21 22 21 11 23 20 28 20 18 21 12 14 24 18 25 20 21 16 24 20 21 16 16 18 20 28 30 18 23 18 24 21 22 18 24 17 14 24 20 15 28 18 21 18 16 25 19 28 18 33 22 21 15 20 21 16 23 20 16 19 20 22 19 19 14 20 27 25 23 25 13 21 27 23 25 20 13 17 27 20 23 25 25 23 27 20 20 22 22 14 25 19 24 12 17 25 27 15 15 11 20 23 23 20 25 27 15 27 32 19 21 23 24 25 21 24 22 24 21 18 16 22 19 23 23 18 17 25 20 20 19 23 23 21 23 13 20 21 25 26 22 26 19 17 25 22 15 24 19 17 22 24 21 19 16 20 21 23 24 22 13 28 19 20 20 31 24 16 18 25 25 24 22 23 18 27 21 19 21 23 21 25 18 25 20 24 24 23 22 20 21 22 14 27 21 14 19 27 21 24 30 22 25 20 17 25 16 19 16 23 22 27 17 16 13 22 25 19 18 19 21 22 12 29 29 23 20 26 15 27 25 17 25 23 21 23 25 20 17 21 22 26 23 23 20 13 24 11 24 13 24 24 22 22 17 21 17 19 21 19 18 23 21 23 21 31 26 21 15 27 19 17 22 27 22 26 21 23 18 23 20 24 26 22 22 17 21 19 20 19 21 15 23 19 17 15 25 29 25 23 29 17 19 21 19 25 25 22 20 22 24 16 18 18 19 16 27 20 26 16 19 20 10 18 26 15 29 27 18 19 17 31 15 29 27 23 21 14 20 28 16 18 23 20 12 21 13 27 28 17 23 18 25 23 28 20 22 21 31 24 26 17 21 23 17 21 21 20 30 18 22 21 24 25 18 19 20 19 20 19 21 19 20 12 23 24 19 16 23 25 15 21 16 21 20 16 28 20 22 19 23 25 24 26 25 14 18 23 18 25 15 18 23 17 18 23 22 22 27 24 23 23 8 17 27 30 22 20 19 21 20 27 23 13 24 20 26 11 26 19 19 21 18 31 21 17 25 18 23 19 19 22 14 32 15 18 31 22 21 23 18 23 24 22 12 24 23 18 17 32 25 22 13 21 25 27 20 13 17 18 18 23 18 23 29 17 26 25 29 22 23 21 17 23 15 23 28 17 23 23 25 26 21 30 19 16 24 27 24 18 27 20 20 27 27 21 25 21 22 22 24 19 22 19 19 18 24 15 13 17 23 24 20 20 18 20 25 26 25 13 13 19 21 21 28 22 14 21 12 19 17 18 37 27 21 16 23 19 18 17 29 21 20 15 20 16 21 25 22 15 19 21 16 25 26 22 20 29 28 22 22 9 23 18 25 21 19 24 21 22 13 19 20 19 26 27 41 21 15 19 15 24 29 22 20 20 16 25 22 19 21 25 16 29 18 19 22 18 23 20 19 22 17 16 18 15 21 20 18 19 25 19 23 20 24 20 15 26 20 23 20 12 31 29 19 23 25 23 25 22 25 26 28 23 18 20 26 19 19 19 16 23 27 16 23 20 21 23 24 17 20 24 22 20 21 21 26 17 24 18 19 14 15 23 15 21 19 24 21 16 17 28 18 17 19 23 18 28 19 17 22 19 27 20 22 20 20 19 20 25 16 26 24 19 16 28 18 15 20 21 19 26 15 24 24 17 29 18 17 22 23 12 21 26 17 18 22 29 27 19 13 17 28 19 23 19 22 17 26 12 15 19 29 23 27 28 17 18 14 24 20 20 25 17 24 24 30 20 15 23 16 24 19 20 23 20 21 20 22 21 27 14 15 23 20 20 18 21 19 17 22 19 24 20 29 18 16 32 17 24 22 16 26 20 26 26 21 24 16 22 22 23 25 15 19 27 21 19 29 24 24 24 20 25 30 19 15 21 23 25 21 20 24 14 23 25 28 20 19 24 19 27 28 14 23 15 16 19 25 24 20 17 23 29 13 23 21 29 18 22 26 20 21 23 19 19 20 19 13 18 24 28 27 23 26 22 14 32 25 20 16 25 20 21 28 20 20 25 22 20 23 18 20 16 21 23 22 18 30 28 21 21 24 14 19 20 17 18 19 23 19 36 14 21 19 19 21 19 12 30 24 24 23 9 24 23 24 27 15 17 14 18 19 18 24 15 17 21 17 24 18 23 19 23 26 22 20 21 24 18 12 16 25 17 23 22 30 22 27 24 29 23 21 23 19 26 21 20 26 24 26 24 25 19 24 16 27 20 19 19 16 22 29 25 22 20 15 21 23 21 25 23 19 25 14 33 17 21 21 31 23 24 23 21 12 18 13 27 23 18 21 15 23 18 19 20 17 21 33 26 13 25 25 19 20 25 14 20 23 22 23 18 21 20 23 18 28 20 16 19 16 25 17 13 13 28 25 23 25 28 25 16 21 21 15 23 27 25 21 28 23 24 21 20 25 18 17 17 23 28 16 19 24 24 19 24 16 18 13 15 16 22 23 22 20 22 16 21 24 19 15 24 25 23 16 26 11 17 15 32 17 20 24 24 21 19 25 32 22 25 20 25 19 24 19 20 17 25 26 21 24 21 16 21 22 18 16 19 16 25 25 25 32 15 26 24 24 19 26 19 19 21 24 19 26 17 19 32 23 19 22 24 29 21 26 26 18 18 23 11 19 22 21 19 21 24 18 19 20 19 12 17 25 15 17 20 25 17 26 26 14 25 25 18 17 25 11 16 23 25 14 27 15 23 22 19 18 19 20 30 22 20 23 13 27 22 17 23 14 28 14 30 18 25 16 21 26 16 20 24 20 22 14 24 26 21 24 29 21 17 25 12 19 22 19 25 20 16 35 21 21 31 26 20 20 22 15 16 28 17 17 28 22 29 22 21 21 18 28 25 18 25 26 12 21 17 24 24 23 25 21 21 21 15 22 16 31 23 23 23 15 20 19 23 14 24 22 19 20 38 13 26 29 13 19 24 19 29 15 15 19 25 15 22 24 29 19 21 25 19 18 24 21 25 20 21 22 20 19 22 29 22 20 18 21 16 23 19 16 26 16 31 20 15 26 25 29 24 28 21 26 18 23 17 21 17 20 23 15 20 16 24 27 24 21 23 16 22 21 20 24 19 22 20 22 19 21 21 23 18 19 29 22 25 17 20 22 28 22 13 25 24 29 22 20 26 20 24 20 18 19 23 24 23 21 28 22 28 23 19 18 26 19 16 29 13 21 25 17 21 28 23 23 26 21 17 23 16 17 19 19 16 22 18 28 21 14 20 32 14 28 22 21 15 22 23 16 17 21 25 27 18 17 25 20 23 23 25 13 21 35 14 21 23 30 19 20 19 19 24 25 20 17 24 27 18 12 20 22 21 21 25 20 19 22 19 22 21 17 24 30 29 20 19 23 23 26 23 13 25 21 22 22 19 25 18 26 19 22 23 15 19 30 25 24 33 24 20 19 19 23 15 21 19 17 23 23 20 20 25 22 17 19 22 25 15 15 27 18 13 25 25 22 35 24 20 21 18 26 18 27 19 14 19 27 26 20 31 15 26 23 19 23 22 21 28 21 16 21 22 21 18 10 21 20 20 20 25 20 22 19 22 24 27 25 29 20 16 19 21 13 21 25 26 24 21 22 30 19 19 29 10 24 15 18 25 24 30 13 25 18 14 23 22 18 24 25 30 21 15 32 15 23 23 25 30 25 22 15 26 17 17 26 15 21 25 19 24 26 17 26 19 21 18 22 13 23 27 27 22 22 28 17 20 27 22 26 27 23 22 28 18 27 7 25 17 19 12 20 22 31 19 20 21 25 17 23 21 16 29 18 28 22 22 17 18 22 23 18 18 23 14 26 27 23 24 15 21 28 20 17 25 20 27 24 14 21 21 20 23 16 24 21 25 23 36 20 17 27 20 18 18 15 25 23 21 24 26 19 24 16 22 18 17 19 23 19 27 21 25 19 17 30 19 23 20 16 32 20 18 20 22 25 36 17 27 16 19 19 26 20 17 25 23 18 26 20 26 15 19 26 25 21 23 20 20 15 22 26 26 19 17 15 21 13 20 26 28 30 35 21 22 20 22 22 17 29 12 20 21 22 19 15 19 25 16 16 20 18 20 23 25 21 18 19 15 17 16 21 19 20 11 22 27 16 16 23 23 34 20 16 30 15 22 23 22 18 19 10 26 31 18 22 20 26 13 31 21 19 19 18 27 22 14 22 27 22 22 29 24 22 15 21 21 24 26 27 20 17 20 15 21 25 16 25 26 20 27 18 22 19 22 24 22 20 23 21 15 16 19 26 23 22 19 23 26 19 27 16 28 11 17 16 23 20 20 18 27 23 23 18 17 23 14 21 18 30 20 25 27 22 28 18 22 19 20 18 30 21 21 22 24 22 23 21 21 17 17 22 23 12 17 17 28 27 15 20 14 24 26 28 13 18 17 15 15 33 17 28 25 20 16 26 20 25 22 23 19 18 15 19 27 19 30 34 22 25 16 16 23 23 14 18 25 30 23 21 25 14 20 20 33 19 24 15 19 12 15 6 20 18 22 19 23 23 23 23 19 21 20 20 27 24 21 19 21 10 20 21 23 27 22 23 21 22 17 20 27 17 30 18 19 18 20 22 19 15 17 21 25 21 30 21 23 19 24 19 23 19 23 17 23 21 29 21 18 19 17 19 21 32 24 26 13 25 16 19 25 23 20 24 23 24 15 29 19 23 15 15 20 25 19 25 22 26 26 23 22 20 20 21 26 22 15 16 22 22 18 19 24 25 19 19 20 23 22 25 21 18 18 18 25 24 11 18 17 29 23 23 21 24 24 25 22 14 20 19 22 21 17 20 22 23 19 17 24 28 23 19 19 22 23 16 23 22 21 20 21 28 12 21 16 25 18 33 18 21 26 26 15 18 25 19 25 12 28 24 14 21 22 19 20 26 26 28 15 23 15 17 20 17 16 25 22 23 24 28 22 22 17 17 19 16 18 25 26 11 23 22 25 14 18 16 25 22 23 20 18 20 20 26 19 23 18 22 25 16 16 24 23 18 19 20 16 17 21 15 22 25 19 18 21 16 19 24 30 20 21 18 16 21 26 17 14 16 20 20 19 24 19 32 14 22 22 20 26 30 28 21 19 25 21 25 24 25 23 19 23 19 27 21 13 15 19 22 20 24 22 22 22 28 17 25 27 17 26 15 22 21 22 20 27 19 14 23 18 22 15 14 27 29 23 25 21 18 22 24 30 22 21 13 19 17 25 20 14 15 18 20 22 15 23 18 18 25 15 30 31 26 22 19 20 16 24 20 22 22 15 22 17 17 21 15 27 23 28 31 33 14 24 16 19 25 19 33 21 15 19 19 19 23 19 18 19 19 15 23 24 23 21 24 23 29 20 13 20 20 21 16 23 35 20 25 23 31 26 17 18 25 23 21 24 31 21 28 25 19 22 23 20 27 22 17 18 24 17 14 29 26 25 18 17 26 14 27 23 22 22 22 23 26 24 15 29 18 19 29 18 21 21 20 23 19 22 21 10 28 22 23 21 15 18 12 24 31 27 27 22 24 17 20 18 22 27 22 19 19 26 25 12 15 11 21 34 19 24 24 30 21 18 23 16 17 21 19 17 24 16 12 36 24 24 25 14 19 20 28 21 27 26 14 21 16 21 27 19 25 23 18 22 24 28 23 27 15 21 26 20 23 21 12 26 19 15 26 17 20 20 22 21 15 18 28 14 21 25 20 25 25 24 23 17 16 21 24 21 21 22 20 22 28 24 24 26 17 21 21 19 17 31 21 20 19 12 24 15 26 23 26 21 20 22 22 23 21 20 18 13 21 25 18 17 17 20 18 26 26 19 29 22 17 24 10 20 21 24 21 26 23 21 20 17 22 21 16 22 30 26 21 21 25 14 22 20 22 11 20 24 23 18 20 23 21 15 21 17 14 29 18 27 16 12 26 24 23 19 16 22 23 26 24 21 19 17 20 24 25 18 23 20 18 22 19 19 31 24 22 21 22 20 26 23 21 24 23 21 16 28 16 23 21 17 21 31 29 19 22 17 17 17 14 19 19 19 32 22 25 16 20 16 18 21 26 20 18 28 15 23 26 19 26 21 27 16 24 25 28 18 23 26 22 23 18 13 19 23 27 23 21 22 15 22 24 13 19 27 26 25 16 19 16 21 24 23 22 25 29 14 17 26 22 21 17 27 27 28 19 21 19 22 21 18 19 23 19 18 18 20 22 33 18 18 18 19 17 18 22 16 27 24 17 21 18 25 22 25 20 19 22 23 16 25 19 22 19 23 23 26 19 21 25 22 18 22 19 23 19 19 25 17 21 16 26 21 14 17 22 29 29 26 16 17 19 16 25 16 20 22 20 23 20 16 28 18 21 17 27 20 31 28 25 27 17 15 26 20 13 25 19 27 20 36 23 21 23 9 17 25 26 19 28 33 24 26 21 19 18 21 24 21 22 18 19 24 24 20 23 21 13 16 23 19 19 15 27 30 28 24 17 17 14 18 26 16 27 27 20 24 22 20 20 24 22 21 22 20 20 20 12 26 25 24 20 16 26 22 22 26 21 21 22 16 23 17 22 17 31 17 24 17 23 18 31 21 20 20 23 22 12 21 21 15 25 16 20 25 18 21 31 17 20 25 15 19 19 20 21 16 20 22 24 30 24 23 18 19 21 21 22 20 27 25 9 14 17 24 21 28 18 21 23 24 24 21 28 17 18 22 22 22 22 20 17 21 17 12 21 31 22 17 27 20 18 19 16 19 23 19 26 25 16 28 30 23 16 27 26 19 18 21 28 23 19 21 17 23 14 27 18 28 31 18 21 23 23 32 23 21 17 22 27 30 25 21 19 16 19 17 20 17 24 24 32 22 30 15 14 28 18 21 29 22 29 21 18 28 17 23 29 26 27 14 22 26 20 20 19 20 22 22 15 26 22 32 18 20 16 23 18 24 25 25 20 15 14 21 20 14 19 30 13 25 26 11 15 26 23 19 26 21 21 20 19 25 18 18 18 25 23 22 21 20 16 17 13 23 19 16 25 25 24 23 19 26 15 22 19 25 20 22 22 19 17 20 25 21 17 16 20 23 25 30 16 24 23 17 20 39 13 20 15 16 23 25 21 23 27 26 21 14 22 19 19 22 19 16 16 22 21 33 22 20 18 18 22 17 21 19 23 21 24 15 22 28 16 17 23 24 28 29 19 17 22 21 26 18 36 19 24 28 19 27 17 14 19 19 25 16 16 22 15 18 20 25 27 21 27 20 15 21 24 22 19 32 24 21 13 23 22 22 18 14 16 20 20 14 17 22 21 25 22 26 24 21 33 16 18 20 22 16 28 27 19 19 18 28 16 31 19 27 19 12 24 22 19 20 13 20 19 23 20 27 18 24 23 19 19 26 28 16 22 19 17 23 19 18 21 27 15 26 21 23 20 18 15 27 23 21 21 21 21 23 25 25 16 17 27 22 22 11 21 23 18 20 20 17 23 16 19 35 19 22 32 26 20 18 34 23 14 24 23 13 19 14 23 20 25 26 22 21 13 13 21 22 20 23 23 20 27 18 27 24 9 16 24 23 27 21 20 19 15 14 19 17 23 18 24 21 16 24 22 23 22 21 24 22 29 12 24 18 15 14 22 17 27 22 25 25 20 21 29 16 20 24 18 19 20 31 21 15 27 16 19 16 20 14 22 19 17 19 23 26 22 27 23 23 20 21 28 17 17 24 16 26 23 15 23 23 24 17 13 28 23 25 19 21 24 32 25 19 25 29 26 31 21 14 17 24 18 26 17 26 22 31 25 22 20 30 19 19 13 24 18 15 26 20 25 19 18 19 20 17 23 20 19 15 18 21 22 21 25 31 24 28 20 32 18 16 21 25 23 11 28 19 17 21 12 22 18 18 27 23 29 27 15 15 25 17 28 16 20 23 25 18 21 19 25 20 22 22 27 32 16 25 22 22 21 23 25 11 15 21 24 23 20 20 24 17 23 24 20 19 22 23 15 26 24 22 21 21 18 22 20 25 31 23 24 11 17 22 21 20 23 19 20 27 26 20 19 21 31 20 21 21 20 22 20 23 15 22 22 21 22 25 23 23 11 20 26 16 22 24 30 20 17 19 22 22 20 17 20 20 27 22 18 13 16 14 20 27 27 24 24 16 30 19 15 17 14 25 13 22 28 24 21 21 16 20 24 19 22 26 22 22 17 17 27 24 29 22 24 21 20 25 26 21 17 26 31 19 19 19 20 27 18 16 16 18 24 20 27 19 19 21 23 19 17 21 19 24 28 21 22 22 31 16 27 24 10 34 18 19 26 20 19 16 26 24 29 17 21 25 24 19 16 14 22 22 18 24 17 29 25 16 18 18 23 20 21 20 26 24 20 18 18 23 22 18 14 26 21 26 17 19 18 23 26 25 22 16 27 26 18 27 21 16 20 19 22 19 15 22 22 16 17 17 24 26 19 18 23 20 22 25 23 30 21 26 13 21 23 20 19 16 19 25 17 20 18 24 21 22 22 21 22 22 24 20 15 22 24 26 18 18 18 22 16 14 23 30 14 29 25 17 24 17 18 22 19 16 28 21 24 18 14 23 32 27 24 21 16 27 14 23 17 23 15 22 25 28 20 17 12 24 20 18 22 18 13 21 30 18 26 27 14 17 31 28 19 16 16 15 23 25 24 20 15 31 18 32 25 26 16 17 25 19 25 19 33 19 19 19 21 16 19 26 26 22 29 24 16 19 15 14 8 24 21 22 19 19 19 26 14 20 19 17 18 21 17 20 27 26 22 15 26 15 15 21 21 18 26 24 25 25 16 32 18 21 18 16 14 24 27 21 17 24 17 24 19 23 17 15 30 17 23 16 27 25 18 29 23 24 21 15 22 12 23 21 21 22 15 20 26 22 18 20 29 19 23 25 17 24 30 13 23 22 18 17 26 19 22 22 24 29 22 21 19 19 21 26 15 20 15 27 25 27 18 22 22 15 17 22 20 19 17 23 24 20 25 25 29 18 21 21 23 24 24 21 19 16 19 22 23 26 22 16 25 23 14 18 23 21 19 22 18 26 21 13 21 20 17 22 27 18 22 25 18 25 21 18 23 21 25 25 23 22 15 27 20 23 26 27 22 16 22 19 18 28 22 29 24 17 19 20 18 17 25 26 21 14 14 24 28 16 16 14 23 22 32 19 23 26 17 23 25 17 21 24 21 16 20 22 17 23 26 18 24 27 18 25 21 24 27 20 21 18 30 17 17 23 34 21 16 24 22 21 13 18 25 22 25 13 21 18 17 24 17 20 21 20 27 15 23 25 22 14 23 24 21 20 22 24 21 23 25 23 20 16 27 24 25 16 20 8 18 31 18 23 23 25 30 19 14 19 18 32 23 22 22 21 18 12 23 25 21 26 20 25 21 24 13 29 20 22 17 16 22 32 21 22 24 16 28 26 17 22 20 19 26 20 25 24 27 17 12 28 23 19 15 27 23 25 22 23 19 26 23 19 26 19 23 24 25 19 14 26 16 19 20 18 21 19 28 21 20 25 19 29 25 22 25 14 16 20 22 19 24 17 24 17 18 16 19 32 28 19 23 17 20 21 22 28 16 21 21 27 21 15 24 23 21 17 15 30 18 32 15 23 23 21 21 18 14 17 22 21 24 19 25 21 13 26 18 14 20 24 14 24 21 20 18 34 27 18 20 22 18 27 21 22 28 15 28 18 19 21 15 18 17 21 21 27 29 20 19 20 14 23 23 18 28 19 24 26 20 14 30 21 24 24 20 21 20 24 27 16 20 22 21 16 27 18 17 20 18 28 18 20 28 21 22 21 11 19 25 19 21 24 19 24 25 17 26 17 17 17 31 26 22 19 18 23 18 22 24 20 22 23 27 18 14 23 22 18 15 22 21 18 24 20 21 31 20 24 24 28 25 19 13 26 28 26 29 15 34 21 27 20 18 27 26 16 29 17 28 20 14 20 13 20 21 18 20 24 20 26 20 15 17 19 20 18 26 29 22 21 27 19 19 21 21 22 14 23 18 27 26 21 13 17 22 21 17 20 18 31 23 18 26 22 19 26 20 19 23 24 28 23 20 18 27 22 29 22 22 16 20 24 25 23 30 25 17 28 20 14 23 18 21 20 29 35 12 17 23 23 18 22 20 25 20 24 24 22 17 13 22 26 16 18 16 26 24 20 22 28 17 20 23 19 19 13 24 15 25 22 21 17 24 24 28 19 17 18 24 31 20 21 23 25 22 19 18 19 16 31 16 24 26 28 17 17 18 21 29 18 21 17 23 19 25 12 26 14 22 26 17 24 27 20 12 24 23 16 23 27 16 23 21 28 15 20 22 21 20 17 15 23 20 29 21 32 17 19 27 16 33 16 17 19 29 16 18 21 18 23 23 19 25 25 23 22 18 21 12 28 21 19 18 14 31 14 23 16 30 19 25 18 26 15 22 16 18 21 11 14 26 25 24 22 25 25 20 21 20 27 21 19 19 21 22 16 17 18 18 25 18 19 24 21 29 21 22 14 27 14 20 16 22 34 27 18 20 26 19 21 30 20 16 30 21 21 10 21 19 29 21 16 21 26 26 21 11 18 28 18 25 22 15 21 22 28 17 29 19 16 22 27 19 20 21 19 29 27 18 28 19 19 22 21 23 18 17 26 23 21 24 21 17 19 10 16 23 22 18 27 18 19 15 23 17 14 27 18 31 20 13 23 23 24 25 26 28 21 23 17 21 16 23 27 22 21 24 13 22 34 27 25 14 21 19 13 22 14 17 17 25 20 26 24 22 21 24 13 20 18 19 20 25 24 15 15 21 21 23 20 26 15 27 13 18 17 20 28 22 20 13 18 23 26 27 20 28 16 24 14 25 21 27 19 22 25 22 28 23 12 22 23 17 20 27 20 22 23 22 27 28 15 16 24 21 31 26 19 22 16 24 21 15 24 22 19 22 26 24 17 30 19 24 29 19 15 22 23 30 17 27 24 21 20 13 40 17 21 26 20 21 26 19 23 23 22 19 24 20 24 13 29 20 23 20 29 14 13 21 20 21 18 19 22 18 30 21 17 17 26 23 26 21 28 15 18 14 30 17 17 20 24 25 25 18 11 26 22 18 16 17 19 18 24 15 13 22 28 20 26 20 30 20 12 16 22 18 18 25 30 27 11 26 19 21 23 24 24 19 23 27 23 22 26 15 26 26 23 22 23 21 20 18 16 18 31 26 17 25 24 28 19 23 22 19 20 22 15 16 25 21 24 25 25 18 17 17 25 23 21 14 27 23 12 20 19 16 25 18 16 24 15 17 24 17 18 8 21 24 25 27 31 24 22 29 12 26 13 21 20 30 15 20 28 15 19 29 24 26 22 22 21 18 22 20 19 25 17 34 11 23 16 21 19 27 16 20 31 22 22 28 26 24 25 15 21 20 19 22 21 18 18 25 16 17 19 29 14 21 16 16 18 19 24 19 13 28 21 32 18 15 24 24 20 18 18 21 29 24 14 28 26 18 27 19 23 23 19 21 22 23 33 18 17 14 12 18 22 21 16 15 28 26 23 22 18 13 27 23 25 22 21 20 16 20 29 13 31 19 22 20 26 23 21 19 22 15 14 20 19 28 22 25 12 18 20 29 21 28 13 35 22 27 21 21 23 25 12 17 27 16 29 23 25 36 23 25 22 23 23 24 15 18 21 12 20 30 24 22 28 24 18 13 25 27 17 28 29 27 19 15 21 22 28 18 23 18 24 19 20 24 21 17 23 25 13 17 25 23 14 24 25 26 24 20 13 28 20 23 24 16 22 21 24 14 17 22 22 18 24 24 22 19 26 18 24 22 32 19 24 18 17 22 21 23 17 20 32 26 26 15 28 29 20 23 18 22 15 16 19 35 25 20 24 16 29 25 25 17 20 20 19 20 16 15 17 17 20 22 21 23 22 20 27 20 26 15 19 20 22 12 23 15 26 26 23 27 15 26 23 17 17 20 18 24 33 19 16 18 19 29 31 14 12 23 22 25 34 31 20 20 22 18 22 21 17 20 24 20 22 11 16 22 23 22 19 17 16 12 23 26 22 24 24 12 27 19 26 34 19 26 18 29 24 19 17 26 14 18 12 21 20 22 15 18 15 27 16 30 20 17 22 24 23 25 19 15 21 12 24 28 24 20 20 27 16 19 22 13 18 22 19 18 24 19 16 21 22 16 20 23 21 24 26 19 24 18 18 24 28 20 23 16 24 23 22 18 20 23 22 17 23 22 22 24 19 19 16 18 15 28 21 24 20 18 20 24 20 17 22 17 22 21 19 20 16 20 37 17 22 17 25 25 25 19 14 21 16 22 23 25 24 12 17 36 26 19 25 23 15 27 16 17 23 18 24 24 16 23 26 17 18 16 18 25 19 24 16 19 22 23 28 19 12 19 30 16 24 19 24 32 22 20 23 18 13 30 18 19 25 19 22 18 27 18 27 25 21 22 18 16 23 24 14 25 21 20 19 23 20 27 14 19 27 24 20 25 27 24 15 21 13 16 20 15 17 20 29 22 16 30 23 15 16 16 13 17 22 23 26 18 29 20 18 21 15 28 18 22 23 21 21 26 21 21 19 21 17 22 12 22 18 17 31 26 23 18 17 21 31 22 15 25 30 24 24 15 17 21 25 23 28 22 25 18 16 19 25 15 18 26 14 23 19 28 29 19 20 23 18 28 29 22 13 15 22 19 20 17 31 15 24 21 31 23 13 23 16 17 18 24 26 18 18 21 17 29 23 26 22 22 16 14 19 29 18 19 22 14 26 28 12 11 25 29 20 28 18 25 23 19 15 23 21 30 30 23 18 23 17 23 25 15 21 29 20 28 21 20 16 17 21 21 30 10 12 16 30 27 22 25 24 27 13 17 21 30 16 16 23 26 32 18 15 22 19 24 20 16 16 20 19 26 15 27 16 20 20 21 17 16 20 22 19 23 25 19 26 13 14 19 26 25 22 26 24 25 25 26 21 19 23 21 18 28 25 24 19 26 16 16 22 22 20 21 16 22 19 23 21 30 17 26 25 16 22 12 31 20 17 25 20 21 13 19 23 15 22 24 14 25 21 21 16 25 20 33 24 19 21 27 31 21 23 9 22 15 23 18 22 29 25 22 24 23 24 19 28 27 18 21 26 19 19 18 18 18 10 37 18 31 17 18 22 23 19 21 19 21 19 12 19 18 27 17 22 18 21 16 18 18 19 18 17 26 21 27 20 18 23 25 17 22 23 24 21 16 24 17 19 12 19 18 21 19 19 18 26 26 26 21 28 21 17 21 20 23 18 27 22 21 23 18 24 27 13 18 34 24 24 17 15 20 22 21 28 19 22 20 25 18 23 17 22 28 22 20 29 16 23 38 23 19 25 15 18 23 15 15 23 15 22 21 22 19 21 21 21 15 18 20 22 23 24 19 19 34 15 19 18 29 20 16 22 26 17 33 19 17 20 13 23 24 26 18 23 25 24 20 12 19 22 25 20 28 31 19 19 21 19 14 21 26 21 23 24 14 25 17 22 18 26 23 22 24 22 24 31 13 18 21 15 13 24 15 21 29 24 27 21 18 25 14 22 19 27 17 21 29 24 22 25 18 15 25 22 19 32 29 23 21 21 15 20 23 15 17 22 18 21 17 16 23 16 21 24 28 20 22 16 19 29 24 21 14 18 18 28 15 16 34 19 21 17 27 16 20 14 21 28 21 17 15 24 22 22 28 26 22 20 23 19 18 22 24 34 27 12 18 12 23 22 20 23 28 18 21 20 28 18 21 19 20 12 27 14 18 21 20 24 24 25 23 21 16 20 23 20 17 23 21 23 17 15 16 23 18 23 30 24 16 21 19 17 15 26 21 27 16 18 21 18 18 28 22 30 23 26 24 18 25 27 30 13 21 20 18 22 15 21 25 29 17 15 24 28 27 22 14 20 20 20 24 15 22 16 24 23 25 22 15 29 23 20 19 22 22 21 24 24 14 12 25 22 24 22 15 17 15 23 26 22 23 23 17 23 17 16 21 26 25 20 17 14 23 23 21 21 23 23 25 20 27 23 28 17 20 16 16 20 25 22 20 22 18 22 24 16 30 15 31 20 21 25 15 13 25 16 29 22 20 18 22 29 19 16 29 22 26 18 19 26 24 17 23 30 19 20 22 31 18 18 19 24 21 26 16 21 27 22 21 29 27 27 33 18 16 25 23 26 21 21 20 13 20 22 19 29 27 21 20 18 26 16 14 13 26 17 27 14 22 23 16 17 24 23 22 21 30 30 20 26 27 23 23 15 25 9 23 17 19 24 28 26 18 26 23 15 19 23 18 27 23 17 29 15 27 25 27 21 22 29 15 24 18 17 18 20 28 24 21 21 26 19 16 26 20 22 25 28 20 17 24 26 26 17 23 25 32 19 26 26 22 16 30 31 22 18 13 27 25 21 25 20 13 23 25 16 20 17 28 27 25 19 17 25 15 21 14 28 28 15 31 26 18 24 15 21 20 31 17 34 26 18 16 25 16 14 28 22 13 21 28 19 19 24 21 16 25 16 17 16 18 22 12 28 20 18 17 22 23 21 21 27 19 23 26 14 20 24 10 19 24 22 20 25 23 21 23 26 25 20 17 23 25 19 21 20 20 20 24 11 22 22 17 25 22 27 17 20 12 21 22 20 24 15 24 18 21 15 22 17 21 25 22 22 24 18 26 16 19 22 23 19 22 18 27 18 21 23 31 19 26 21 28 14 22 18 17 19 25 21 20 22 19 32 25 16 25 18 28 19 24 15 25 18 21 21 24 21 16 22 28 25 20 24 18 27 14 21 21 30 15 24 19 19 26 21 20 19 23 23 21 31 23 25 13 23 20 20 14 21 18 33 25 21 22 14 16 28 24 16 23 19 16 19 23 30 18 20 14 15 24 15 29 16 28 11 27 19 28 23 13 14 20 24 18 25 14 34 30 15 26 22 18 28 18 14 19 22 20 21 32 19 17 23 26 21 19 14 21 17 23 18 27 18 21 19 23 22 25 20 17 26 13 26 16 24 18 17 20 18 20 30 23 21 20 21 21 24 23 24 23 21 26 21 23 15 22 24 19 26 22 24 28 16 23 20 19 15 22 26 21 20 20 19 23 29 18 17 20 17 24 21 16 27 25 32 24 28 20 20 33 20 20 21 21 17 24 26 22 27 26 24 13 20 17 25 12 27 26 23 21 20 23 23 17 26 25 20 21 18 18 21 17 32 21 16 23 26 14 25 27 14 22 25 21 23 17 24 25 18 27 19 16 35 24 25 19 27 22 22 21 21 32 26 21 24 15 27 23 19 21 34 21 23 28 20 26 19 19 15 19 14 22 20 27 26 17 23 23 19 21 26 19 20 13 19 20 27 11 22 28 20 13 17 21 25 16 23 31 24 19 29 17 20 20 21 16 25 25 16 27 21 18 19 27 27 21 15 21 22 18 18 23 29 24 17 22 24 18 15 24 26 13 22 22 20 20 24 18 25 25 23 19 22 20 26 26 22 30 21 12 25 24 23 27 17 16 21 20 21 31 25 19 23 23 28 20 29 24 21 25 19 21 19 17 22 24 20 19 21 21 18 32 22 24 16 16 19 26 24 20 20 22 13 24 13 15 22 27 25 27 20 22 23 14 19 25 27 18 21 24 15 17 26 25 23 16 12 20 16 29 28 22 13 32 20 22 19 23 17 18 22 19 24 19 18 23 22 18 18 24 24 24 15 20 17 13 21 29 22 19 22 17 17 16 26 17 16 26 23 17 28 12 21 24 27 22 14 20 11 23 25 19 17 21 17 22 25 20 24 32 19 17 24 16 24 23 27 23 18 18 20 27 19 19 27 21 10 13 19 17 23 24 21 18 22 34 27 27 19 19 21 12 12 18 23 26 18 22 24 23 15 32 22 23 18 32 21 25 25 24 20 19 21 18 25 24 18 21 17 21 12 20 26 29 28 26 17 24 27 10 26 25 26 20 26 22 17 21 27 21 24 23 28 16 17 19 24 24 22 20 21 23 24 21 21 21 22 22 20 19 15 25 14 24 19 23 22 15 15 22 26 29 12 26 15 14 36 23 17 17 27 19 22 24 12 19 14 26 16 25 25 18 20 20 22 24 20 20 23 16 21 19 21 25 19 22 18 23 23 28 19 19 13 28 19 18 17 22 19 26 29 20 23 14 20 21 22 23 29 17 24 26 21 20 17 21 19 22 20 21 19 25 20 33 16 21 18 22 19 18 21 18 28 25 19 32 19 22 19 26 20 25 14 22 26 21 18 27 28 15 24 16 21 20 21 26 21 33 21 24 26 21 29 22 21 28 17 22 23 15 21 20 23 19 29 25 23 20 18 19 17 23 25 20 20 30 24 16 23 11 23 26 27 17 24 31 21 16 14 21 23 27 17 28 18 25 25 19 25 14 17 27 15 25 13 22 25 22 26 23 23 25 15 20 15 23 18 18 22 23 25 22 13 29 22 16 17 20 25 27 26 20 26 11 24 16 22 27 27 21 29 25 21 22 23 20 19 10 22 16 20 24 20 22 27 17 25 15 18 25 24 21 26 16 26 19 19 21 15 13 20 14 23 19 23 27 35 18 25 19 23 22 26 26 21 19 16 19 19 22 27 18 22 22 14 25 25 22 29 24 26 16 18 18 19 22 20 18 22 13 25 19 29 29 17 18 26 24 15 19 19 23 19 10 27 18 13 23 21 26 25 25 15 14 20 20 18 20 24 23 21 20 18 14 21 24 24 21 29 23 15 20 18 27 16 15 21 21 16 18 17 28 20 22 17 21 26 27 19 24 18 21 15 24 24 20 19 22 27 19 24 23 29 16 21 22 16 20 15 20 24 22 26 27 29 19 22 19 18 14 21 24 26 19 23 23 26 25 17 19 19 30 14 13 29 19 21 23 23 16 18 22 16 16 23 25 19 22 21 15 18 24 21 18 23 19 16 15 25 28 21 24 21 21 26 17 19 19 23 20 20 21 26 15 19 20 25 17 17 17 26 18 25 26 16 18 28 20 27 21 27 20 21 22 20 20 22 22 21 11 21 29 16 18 25 22 15 26 28 25 17 20 19 23 18 19 21 22 15 21 21 19 19 21 24 27 18 11 16 25 21 18 23 25 16 15 23 17 22 31 22 20 20 26 20 25 21 17 17 29 19 26 25 18 17 21 16 28 23 18 13 21 23 26 25 22 23 18 23 18 30 23 23 16 20 26 22 26 17 19 20 18 20 19 13 18 12 23 23 30 18 23 25 20 18 19 22 27 21 17 18 22 16 20 36 15 28 15 23 34 24 22 24 22 18 18 22 19 18 22 16 20 22 18 21 22 17 16 20 20 22 19 38 20 17 19 24 19 20 31 27 23 18 13 20 19 31 16 18 19 15 18 26 20 24 20 36 15 26 16 18 21 24 20 12 22 24 22 23 21 21 17 15 24 22 23 15 22 23 23 19 15 20 25 24 21 24 20 15 18 24 19 28 23 28 24 18 23 25 19 30 20 17 14 24 18 26 26 16 17 21 20 24 24 18 16 15 28 26 15 32 17 21 28 22 24 25 21 14 26 20 19 21 18 21 19 29 23 27 18 19 26 17 18 17 31 21 21 13 20 26 21 18 20 21 20 24 16 21 29 24 29 22 18 14 14 17 13 21 19 20 21 25 21 15 25 22 22 21 20 25 18 14 29 19 21 22 15 25 19 15 15 20 18 20 25 24 22 22 24 20 23 20 29 18 19 14 23 24 26 16 23 21 27 26 26 16 23 21 25 29 16 17 26 14 28 19 20 24 18 22 18 29 21 24 22 21 21 22 22 17 15 25 20 23 21 23 22 15 25 16 25 17 15 25 25 18 14 25 20 22 23 10 18 20 13 18 26 29 21 27 26 26 16 22 28 22 19 22 18 23 22 19 29 30 20 18 22 18 16 27 26 23 17 11 21 21 23 30 14 23 22 25 22 22 25 18 19 21 16 31 25 17 13 19 26 19 15 27 28 25 22 17 19 18 31 24 21 22 30 16 27 19 19 26 18 20 26 20 28 20 20 21 26 27 18 21 20 25 22 21 26 17 20 19 25 19 22 36 24 27 23 17 16 21 25 20 18 23 24 20 25 30 19 18 23 17 28 37 25 16 15 21 14 19 27 24 15 20 14 19 23 26 22 28 11 27 18 30 19 22 20 22 14 22 28 20 20 25 17 28 19 18 28 24 16 19 20 19 18 22 17 23 20 19 21 17 20 24 25 19 21 23 28 21 25 18 15 23 24 23 19 16 28 36 20 21 27 16 30 25 27 13 25 27 15 16 18 22 22 26 31 14 29 21 26 21 15 23 24 18 24 16 21 24 23 19 14 25 14 21 26 24 19 14 17 16 20 22 22 18 24 20 21 31 27 17 31 18 26 21 16 21 24 22 18 23 16 24 22 21 21 32 10 17 15 26 23 22 21 18 27 23 31 20 20 25 15 25 26 20 19 21 23 23 20 19 23 21 24 12 15 23 21 13 21 19 17 21 19 22 28 18 21 28 17 16 16 24 23 26 26 20 19 19 26 19 23 12 16 19 22 22 28 20 25 16 12 17 26 14 25 18 24 23 21 23 24 25 18 19 27 22 34 26 26 21 16 23 15 11 14 20 14 12 20 25 21 27 23 23 19 18 16 25 21 21 22 20 24 15 24 18 22 14 22 24 13 23 19 21 32 26 25 19 29 23 23 26 13 15 19 17 16 20 19 20 24 21 18 18 30 19 20 21 25 28 26 22 27 12 18 27 19 21 21 27 31 22 28 18 23 22 19 16 17 8 24 20 25 19 23 18 22 14 27 26 20 29 21 20 16 27 19 19 18 16 24 25 29 16 16 20 23 23 22 20 21 27 17 31 29 23 16 22 19 27 26 21 16 30 19 19 20 22 19 27 19 34 20 21 21 17 30 18 17 25 32 24 15 24 19 18 12 20 19 19 25 26 16 26 17 20 19 21 23 26 18 32 13 23 19 21 22 20 30 16 20 23 17 22 21 21 16 28 18 19 16 23 22 20 20 12 22 22 17 13 20 21 29 27 20 21 19 20 18 21 23 22 29 24 16 28 22 27 14 20 19 23 23 16 26 18 20 17 23 21 27 13 14 14 16 25 26 19 21 19 18 21 19 20 25 12 25 17 19 23 24 13 20 21 18 19 17 23 19 24 27 21 27 19 20 19 22 25 19 11 12 19 22 28 24 25 17 26 24 32 23 24 24 15 21 18 33 26 18 14 22 18 14 24 27 26 21 16 25 15 23 18 26 29 16 25 24 21 27 18 21 13 27 19 17 22 18 8 26 26 15 25 18 26 28 22 15 20 20 23 14 19 19 10 19 22 26 27 13 19 24 15 19 22 21 28 14 15 18 15 21 22 26 19 20 20 16 17 18 20 29 19 26 22 20 24 19 22 26 20 20 24 14 23 23 25 17 23 17 27 32 21 23 19 23 23 12 32 19 18 15 26 18 25 29 16 23 22 21 20 16 28 17 26 22 24 17 27 18 20 15 13 11 19 25 15 22 22 20 21 19 28 21 26 17 27 21 15 21 19 18 24 20 22 20 28 26 14 18 21 22 22 21 11 21 19 20 17 18 13 23 19 25 22 25 16 23 15 24 16 26 25 31 29 19 21 23 15 23 17 21 18 16 13 23 19 24 17 13 21 27 13 17 18 22 15 17 26 23 17 23 25 15 19 17 27 20 15 16 22 27 18 32 19 27 23 20 17 21 19 17 28 11 17 26 23 18 19 26 18 21 19 20 22 25 22 21 19 18 22 25 23 20 10 20 17 33 22 26 11 20 18 14 25 21 25 19 25 26 19 25 15 14 18 25 22 21 19 13 29 19 20 14 16 26 24 17 15 27 18 19 24 19 17 29 23 17 24 18 22 26 23 25 23 18 18 14 16 21 29 23 26 22 30 22 25 15 20 24 17 23 23 28 19 23 21 18 18 18 20 24 31 21 25 20 14 20 34 26 24 17 26 23 31 15 16 21 23 28 21 21 33 19 22 28 25 30 20 20 25 19 22 16 17 23 17 17 16 21 29 28 19 20 14 19 17 26 22 19 27 32 17 19 18 20 25 18 18 14 30 29 23 14 25 18 17 16 30 20 15 23 20 25 19 24 29 28 24 25 20 28 19 21 21 21 16 22 23 17 15 25 21 18 22 19 24 23 22 23 24 20 15 22 25 25 20 20 20 22 27 23 17 17 20 23 19 24 28 17 24 20 25 20 19 20 22 25 23 23 25 24 24 19 18 19 18 13 29 28 20 28 15 14 21 26 26 28 22 21 25 16 20 21 24 37 22 18 25 16 21 23 21 25 20 25 26 20 18 20 27 19 14 27 24 15 14 18 29 23 21 15 23 24 19 23 19 23 17 22 24 16 29 17 25 27 24 20 25 16 23 19 19 22 15 21 22 33 18 9 24 20 26 22 27 17 27 23 18 16 14 27 19 21 19 22 18 21 24 24 20 24 13 14 21 23 17 26 20 18 19 23 15 16 18 25 15 21 23 21 31 29 26 20 20 22 14 21 20 15 17 33 22 19 15 20 18 24 21 19 18 19 21 22 25 23 20 24 23 19 21 17 33 28 17 19 19 21 24 23 21 21 27 14 18 20 22 27 16 19 17 24 24 20 25 27 18 20 24 21 21 17 21 22 18 27 26 16 21 22 17 18 21 20 29 25 23 17 24 21 21 21 22 31 20 16 28 13 21 24 15 23 24 23 24 26 23 27 20 14 25 25 24 28 21 23 17 26 18 22 18 27 21 18 24 17 22 20 18 17 30 29 25 30 10 22 23 24 19 29 23 17 27 16 15 19 22 12 23 26 21 26 19 20 17 22 25 18 26 17 16 25 20 28 23 23 20 16 23 22 23 19 17 21 19 16 22 26 25 20 19 23 20 20 18 20 25 14 19 30 28 22 18 18 24 23 21 21 20 14 17 28 24 14 17 22 23 20 17 22 27 30 18 27 23 18 16 17 27 22 19 16 24 16 18 16 23 17 26 24 23 21 17 27 32 15 21 27 25 21 20 23 21 19 21 23 24 21 19 23 25 19 20 28 19 24 16 25 22 30 17 28 23 17 23 18 20 23 37 19 19 26 27 18 14 17 17 16 21 26 16 24 28 29 25 26 23 31 25 18 24 18 24 13 16 17 22 16 26 22 22 26 14 22 23 23 21 31 15 25 30 12 22 32 19 30 17 23 13 17 20 19 25 23 22 24 21 32 33 26 16 27 16 17 25 19 19 22 27 17 22 13 21 20 22 24 15 21 30 13 27 8 26 19 23 23 20 19 24 26 19 23 21 11 25 23 23 23 31 21 24 19 28 22 26 22 24 19 13 19 24 26 26 11 18 21 28 22 15 22 17 17 17 20 27 20 17 25 18 14 24 23 19 21 23 22 19 20 19 17 19 26 21 16 20 22 17 17 31 20 23 21 24 12 23 21 19 24 18 23 23 39 14 15 21 30 23 19 31 19 17 21 13 22 25 24 20 21 24 23 18 24 22 25 25 16 25 21 25 25 14 31 20 16 27 30 23 16 22 19 19 19 18 21 16 21 20 23 23 23 25 16 14 19 24 26 19 29 23 23 29 20 15 14 25 13 26 21 20 21 20 23 23 22 23 19 20 22 23 22 26 17 15 16 28 25 15 25 12 28 27 23 24 20 18 18 13 23 28 21 21 18 20 26 20 23 15 18 22 34 24 16 27 17 27 16 17 28 12 21 22 28 19 27 16 21 19 26 25 22 17 19 21 24 18 26 19 20 26 21 24 23 17 24 20 25 23 19 20 20 19 20 17 19 23 11 23 22 22 31 17 26 17 20 18 27 16 21 27 25 29 24 17 21 15 16 20 22 19 19 20 30 24 31 20 20 21 24 23 26 16 11 14 12 21 22 22 27 22 17 18 25 30 23 28 31 20 17 16 19 15 25 20 25 18 18 27 25 15 18 20 17 20 17 25 21 21 26 24 24 20 16 28 13 17 13 25 21 25 17 29 20 17 22 25 23 29 32 20 20 23 25 13 26 18 21 25 23 20 15 22 19 34 23 23 21 23 12 25 21 27 27 21 11 24 24 15 19 15 23 26 13 24 20 19 24 18 24 19 20 25 19 21 22 26 19 23 13 24 24 22 20 26 23 20 26 17 15 25 17 21 20 20 23 27 24 15 22 16 24 17 21 22 19 11 18 23 24 24 11 25 17 26 31 18 19 21 21 16 17 26 28 21 27 22 20 25 22 19 18 23 23 18 24 21 27 26 24 17 23 17 19 23 19 19 27 26 20 21 19 24 22 24 29 28 21 16 14 22 21 20 19 17 21 30 27 26 17 31 15 30 24 26 21 15 21 24 29 23 23 25 18 16 18 22 27 25 25 22 21 27 18 20 31 19 14 27 16 26 16 16 19 25 21 20 20 14 25 14 24 21 24 17 19 21 26 29 21 20 18 21 29 19 25 19 18 12 19 27 23 22 28 19 13 21 17 23 18 21 18 25 16 17 23 27 21 22 20 26 17 28 22 26 17 18 17 18 28 13 22 16 14 19 21 23 22 20 21 20 14 17 16 26 13 14 23 19 16 20 31 21 12 24 17 22 19 23 26 20 19 25 21 19 19 22 17 25 28 18 18 27 21 13 19 23 17 24 22 17 15 21 30 24 19 20 29 20 25 15 17 12 17 15 26 29 18 26 19 15 25 29 22 22 21 19 18 30 25 13 19 20 23 18 30 22 23 15 22 32 15 19 25 14 16 19 20 13 23 25 27 37 23 29 10 24 20 19 17 23 18 22 21 26 22 17 21 18 19 19 21 28 20 18 19 22 20 21 21 25 27 19 19 23 18 22 20 18 26 20 24 21 20 23 26 18 21 24 19 18 22 19 20 24 17 17 19 25 14 30 15 23 22 12 17 23 26 24 20 20 22 25 19 17 12 26 17 14 31 19 20 12 23 11 22 24 20 28 22 17 16 30 22 14 23 23 30 29 17 16 21 23 18 24 21 14 23 20 22 29 31 22 12 25 21 15 26 24 20 21 22 23 21 19 23 23 24 19 26 29 25 9 18 21 30 19 21 19 23 25 25 18 26 13 21 20 16 20 18 24 26 28 22 31 11 15 24 25 17 7 14 24 23 16 20 24 22 19 26 20 18 17 22 17 20 18 15 13 23 20 23 23 18 21 25 24 22 21 22 25 25 24 24 22 21 21 31 19 22 32 28 21 26 24 23 20 13 11 16 21 28 27 15 25 22 25 16 22 16 19 21 30 28 20 12 22 26 21 22 12 18 17 16 27 22 24 18 22 17 19 20 22 30 13 17 18 27 22 25 17 22 20 19 16 23 24 13 18 22 19 22 34 25 24 18 18 26 24 14 16 22 20 26 20 21 21 23 19 25 21 26 21 13 26 19 21 16 31 22 31 17 27 23 23 19 26 23 18 22 19 28 20 26 17 18 15 18 29 19 21 21 19 23 29 21 26 27 17 20 32 29 16 23 24 20 16 20 22 20 18 25 19 25 18 26 19 14 19 24 20 10 27 21 18 20 22 22 17 22 24 17 22 17 23 28 22 23 28 15 24 18 14 13 19 26 28 23 20 30 24 19 23 25 22 16 10 22 16 24 14 25 24 19 24 22 20 17 23 18 26 18 23 13 25 17 19 29 13 29 20 32 26 34 20 16 21 22 18 25 16 21 14 26 30 19 21 30 22 21 21 16 19 11 20 17 31 21 22 22 22 22 26 20 18 24 27 24 14 17 22 24 27 25 18 14 21 27 19 30 23 20 25 17 22 24 19 21 12 15 23 15 14 21 18 23 27 23 19 20 20 21 25 20 14 22 23 25 30 23 22 27 27 15 20 28 20 26 19 23 20 20 21 21 24 23 14 27 22 21 22 32 19 26 23 22 15 23 18 15 18 17 23 27 20 15 18 17 24 22 19 27 24 30 19 15 24 19 16 12 16 20 19 22 17 26 27 30 26 14 19 23 22 18 12 31 25 11 22 15 20 25 21 16 25 16 20 24 22 25 18 20 14 26 23 28 27 21 19 28 17 29 12 15 19 18 18 24 21 18 23 22 22 19 21 25 24 20 20 21 15 17 22 19 18 16 22 24 24 18 17 29 19 26 19 14 22 15 24 23 31 22 24 19 21 20 30 13 28 21 22 18 32 18 18 16 22 26 23 20 24 24 17 22 21 22 15 26 23 15 22 24 18 21 25 14 26 30 22 13 17 16 18 18 15 24 22 21 20 23 24 21 18 23 15 17 30 20 32 22 14 28 19 22 25 26 23 31 21 18 20 15 18 20 26 19 24 18 23 17 21 22 16 24 23 31 19 18 19 18 17 12 24 26 19 29 23 20 14 18 24 20 17 19 24 21 19 17 16 11 33 14 13 25 23 21 22 23 18 36 23 19 18 16 20 21 24 24 20 22 10 23 15 29 21 22 22 23 16 17 19 22 18 26 19 19 25 14 33 19 30 18 18 18 25 13 17 16 19 24 18 31 16 24 15 26 21 23 15 29 11 19 19 19 20 16 23 20 24 22 27 24 28 14 23 25 18 18 24 18 20 10 24 22 17 19 16 17 19 25 24 20 18 22 27 24 27 24 23 21 20 24 19 29 19 18 11 30 21 22 17 18 17 20 22 23 22 16 18 20 24 18 22 20 20 23 20 23 23 28 24 21 28 21 25 18 19 17 20 25 26 20 23 31 19 26 31 22 17 19 18 21 23 27 11 20 22 21 28 23 21 17 26 21 19 18 14 21 22 20 26 22 19 22 24 16 19 23 21 18 18 25 21 12 21 15 25 23 24 17 24 22 24 23 24 17 22 16 26 9 19 23 16 21 19 23 21 24 26 30 19 19 18 19 25 14 17 22 26 17 16 13 26 26 25 23 24 16 20 20 24 22 18 27 28 24 24 14 21 18 27 15 23 36 23 27 14 15 26 16 19 20 26 28 18 14 24 25 17 14 17 30 26 22 16 26 25 21 24 14 18 23 26 25 23 27 22 29 27 28 21 17 21 23 20 14 17 17 28 22 18 24 25 23 18 24 14 18 19 20 25 27 16 12 30 24 32 14 18 19 27 14 28 23 13 22 20 21 22 16 26 20 24 31 16 22 21 15 25 13 21 16 26 21 16 25 21 26 27 23 23 24 20 17 19 14 29 26 13 19 23 23 13 20 22 17 22 21 23 18 23 24 21 18 26 27 17 18 17 23 24 21 26 24 18 26 21 22 26 21 24 21 25 22 12 22 20 19 23 23 24 34 23 10 27 27 19 20 24 23 16 19 19 20 24 25 15 18 18 27 26 12 21 14 16 21 25 20 17 26 24 31 32 22 22 22 17 18 16 24 25 11 25 17 14 24 26 25 22 27 32 26 23 14 19 17 20 21 30 20 22 22 24 26 21 20 19 27 19 28 23 16 21 24 19 21 19 20 20 20 22 19 25 28 17 15 21 30 25 13 21 20 25 28 22 17 17 20 8 19 18 21 21 24 21 20 21 17 26 20 22 26 27 29 11 16 14 30 21 22 13 31 20 19 17 17 20 24 21 19 19 18 38 35 18 18 20 22 19 32 23 17 23 24 16 23 21 15 29 17 25 26 22 22 19 21 29 19 26 25 15 13 17 28 24 13 19 19 22 20 23 20 15 23 27 24 17 25 33 20 13 20 17 21 24 21 17 20 30 16 12 24 14 19 15 29 19 26 22 19 17 26 14 18 22 31 24 28 16 18 21 20 21 30 28 22 21 25 19 26 16 22 19 27 19 23 16 23 14 22 20 19 19 25 20 21 23 23 20 30 24 20 26 13 17 26 20 19 18 16 23 29 28 15 31 19 21 20 20 23 30 12 18 20 24 16 17 17 30 26 21 29 21 14 19 20 24 23 13 21 15 19 18 20 23 22 20 21 17 27 23 22 12 22 27 13 26 27 23 21 23 34 25 20 25 19 19 24 19 26 17 22 16 22 19 23 16 23 26 21 26 15 17 21 24 17 20 18 18 32 20 14 27 25 20 17 24 26 17 20 21 25 27 25 14 20 31 22 26 24 18 18 18 18 18 25 24 19 15 22 22 20 20 16 24 22 24 24 25 32 18 24 17 26 30 24 14 17 29 32 21 21 16 14 16 18 16 17 27 30 16 18 19 25 16 22 21 20 20 22 27 20 23 26 21 25 25 25 22 22 18 27 24 19 20 22 22 25 14 20 16 20 16 22 24 16 25 21 16 24 15 24 21 17 14 15 19 30 27 15 27 32 30 26 23 16 20 19 14 16 31 29 25 23 21 34 22 19 19 17 30 20 21 17 27 20 17 21 15 16 22 23 26 15 24 28 23 28 27 21 25 18 20 17 24 25 23 18 25 26 20 22 23 18 26 23 18 23 18 23 21 24 21 22 19 27 21 19 23 24 29 27 21 25 20 20 20 16 24 11 24 19 29 23 35 26 13 17 17 19 17 21 25 31 22 20 21 21 21 23 20 14 16 13 21 26 16 17 21 19 25 15 18 23 25 28 21 19 29 28 15 19 19 16 29 16 25 21 14 27 31 23 19 19 17 22 22 24 20 21 24 20 20 23 12 16 22 33 28 18 20 22 21 24 21 16 16 29 19 18 22 20 25 21 23 22 22 19 17 24 14 23 18 29 26 16 28 17 12 23 25 14 18 33 18 19 16 22 26 23 23 25 19 21 27 32 14 21 19 22 19 25 19 27 22 22 25 24 26 22 24 16 14 20 16 25 21 25 25 26 21 22 18 18 19 19 16 15 27 20 19 22 17 27 32 22 15 20 22 27 19 24 21 16 12 19 25 21 27 20 21 24 17 18 24 20 19 21 22 30 17 26 22 20 18 28 18 18 22 20 14 23 23 20 20 19 21 18 31 24 18 20 23 27 24 27 26 16 23 16 34 21 24 21 27 21 15 25 25 22 33 18 30 21 22 23 30 23 27 20 22 18 22 10 26 22 15 21 25 19 21 17 24 19 14 21 23 14 24 18 28 20 20 18 18 26 24 20 24 18 23 27 16 19 19 17 15 22 17 29 26 16 23 29 28 20 23 13 18 26 15 20 21 27 15 17 18 21 20 21 17 14 26 19 14 19 23 22 22 30 23 18 23 21 28 20 17 15 25 21 21 19 28 21 25 10 23 23 18 15 15 20 16 17 25 24 22 17 25 25 10 17 25 27 19 18 23 30 17 21 14 24 19 20 18 20 19 21 22 23 19 14 25 26 19 17 17 23 18 18 17 25 23 21 30 16 15 23 19 21 23 26 20 26 24 16 20 25 14 27 25 19 28 20 16 19 27 20 19 21 31 20 22 22 20 25 16 25 19 20 25 20 24 22 24 23 17 32 24 15 22 14 24 33 19 14 20 19 27 28 27 21 23 23 16 21 19 25 19 24 25 30 16 23 15 15 15 22 18 26 14 16 17 20 21 23 23 25 30 20 22 19 15 22 19 16 23 19 21 20 20 23 28 25 27 21 18 16 23 22 21 23 18 17 26 18 25 16 17 21 16 24 18 22 23 20 19 17 19 25 25 20 23 21 18 23 18 18 22 25 23 28 24 19 18 20 15 16 21 28 20 17 23 23 28 24 16 30 20 25 12 25 22 25 26 26 20 28 21 19 23 14 21 14 28 18 18 26 19 25 25 16 24 23 17 27 21 25 19 17 14 18 22 20 24 19 23 15 22 24 23 20 15 24 18 27 24 20 26 20 23 24 21 22 12 24 23 18 20 27 19 19 27 21 18 24 25 16 27 18 21 25 14 20 25 21 22 17 20 21 19 23 29 28 25 25 24 15 22 24 24 20 14 14 14 23 25 24 21 18 23 16 23 25 10 28 20 23 19 18 21 18 19 30 25 28 28 20 18 24 25 20 22 22 21 16 25 23 19 14 25 24 14 22 19 19 24 24 16 25 26 22 22 21 15 20 17 22 27 27 12 10 25 22 18 21 21 24 17 31 21 27 28 18 24 17 27 23 20 24 18 19 18 20 17 17 26 23 28 15 20 21 24 19 16 24 21 26 16 24 23 23 25 12 26 13 23 36 28 13 23 24 23 19 20 17 20 24 17 20 19 23 30 20 28 18 21 22 21 25 21 16 12 20 17 21 24 25 23 16 26 21 18 20 19 20 25 16 11 22 23 22 22 26 30 20 24 21 15 20 26 24 19 18 21 19 23 16 24 29 23 15 21 26 26 27 12 22 24 19 23 25 19 19 24 16 26 23 24 21 27 29 27 17 20 24 19 18 20 19 14 19 19 40 19 20 24 24 20 23 21 23 30 19 19 18 24 29 24 22 15 26 17 22 11 20 25 19 20 26 14 27 26 22 19 26 17 27 20 17 29 27 20 27 21 21 26 14 20 13 22 16 21 27 20 24 21 15 21 23 21 24 21 24 17 27 19 12 20 21 11 19 17 23 22 18 21 19 20 24 25 18 24 19 30 23 18 16 25 32 21 20 16 24 25 15 17 23 22 17 17 19 32 27 20 25 24 29 15 17 14 24 27 12 28 19 26 21 20 25 30 20 23 26 20 13 27 20 25 17 23 27 20 15 16 17 24 17 23 24 22 24 17 29 33 22 21 17 21 22 24 22 22 17 15 33 22 25 21 24 27 21 20 22 18 25 22 29 19 21 28 27 27 27 20 24 17 18 25 18 26 15 21 21 24 18 25 15 29 26 22 22 19 24 16 22 21 26 21 26 21 22 17 20 27 15 19 30 28 25 26 19 20 20 18 22 16 16 18 23 22 23 20 20 18 17 15 14 22 20 28 17 18 19 23 14 21 21 28 22 17 25 16 17 16 24 19 19 30 22 20 21 29 16 10 28 18 26 19 15 19 34 17 21 21 21 13 24 21 21 23 31 22 24 20 10 26 26 20 29 18 21 14 32 26 20 20 16 19 16 19 28 21 22 19 14 25 18 15 11 26 25 25 24 8 21 17 22 20 22 28 27 24 26 19 19 21 22 26 23 22 29 24 21 25 21 21 24 26 14 28 18 29 13 21 18 30 16 17 18 22 23 18 21 16 31 23 27 20 28 24 25 23 22 23 19 17 23 15 24 17 23 20 22 16 18 18 24 19 23 29 25 15 14 20 20 27 21 25 16 20 26 15 26 32 24 17 23 22 17 20 31 20 25 12 24 18 20 19 27 17 15 32 21 28 26 24 23 18 17 22 25 18 18 23 20 20 20 19 20 24 18 23 16 21 31 21 25 17 24 16 23 25 21 26 20 22 17 19 21 11 15 14 22 18 15 23 23 22 24 25 25 19 23 12 16 22 18 27 24 18 23 22 23 17 22 27 29 28 23 24 16 22 22 24 25 17 12 20 24 21 28 20 18 22 21 19 19 19 30 22 21 17 28 28 21 30 26 25 26 20 26 19 20 18 14 30 25 15 26 19 21 15 20 20 26 23 22 22 14 27 23 21 22 21 26 21 16 28 28 15 32 17 16 20 29 21 24 22 19 25 30 27 23 21 18 17 30 19 24 17 22 24 26 21 20 28 21 22 22 18 26 25 27 22 21 21 25 22 25 24 18 21 26 18 15 17 25 27 31 23 27 15 22 25 19 21 22 14 12 21 16 16 27 17 28 19 22 12 23 25 20 27 20 25 21 21 21 13 21 26 19 20 19 18 32 15 18 19 18 31 30 19 17 13 19 21 24 19 24 30 19 22 19 27 32 15 24 17 26 20 21 26 17 27 27 25 23 18 19 20 17 19 24 18 23 28 23 27 15 24 10 21 29 17 22 20 22 16 26 23 26 21 12 26 24 14 17 16 30 21 20 20 26 23 18 25 36 29 20 35 25 21 15 20 24 24 25 17 20 19 19 16 23 20 14 26 25 17 21 23 20 19 19 24 15 15 13 20 34 23 18 22 15 27 18 18 18 21 24 22 19 26 22 29 15 20 20 21 32 18 12 20 25 22 10 26 17 17 18 18 19 33 19 28 25 20 19 21 22 16 19 22 10 23 17 24 24 22 18 21 28 26 24 21 24 22 25 23 19 13 21 30 27 20 27 31 25 17 17 25 25 21 16 16 20 22 22 23 20 18 24 24 23 17 21 23 22 18 27 22 19 16 21 23 22 24 22 27 22 21 22 18 18 25 19 21 21 27 22 27 20 22 11 23 15 25 21 25 27 23 21 14 32 23 24 21 18 20 19 15 32 23 21 24 20 17 23 27 19 17 18 26 24 17 15 24 28 24 29 26 16 17 20 19 12 28 23 23 21 14 14 23 30 24 17 17 16 18 24 21 19 20 14 21 19 27 18 22 20 21 29 16 19 14 19 26 21 21 24 20 26 15 25 24 22 23 23 20 17 27 26 22 18 18 30 23 26 24 17 16 24 29 18 25 22 19 11 18 25 21 23 18 20 18 20 21 26 19 24 20 20 17 24 22 20 17 26 27 26 21 19 19 24 22 25 23 24 20 27 20 31 26 23 23 27 16 29 17 30 24 25 19 21 20 17 25 23 20 26 21 23 15 13 15 17 22 27 24 15 31 27 21 23 16 16 17 15 23 16 29 26 16 23 22 21 23 20 13 21 22 28 26 28 13 19 20 23 21 21 30 21 23 26 26 20 23 19 17 21 21 21 23 20 14 20 21 17 18 22 25 27 16 22 20 20 22 23 29 25 21 24 23 21 23 21 24 20 21 25 16 23 18 19 22 20 22 27 20 23 20 23 19 24 17 24 17 19 19 23 25 20 28 22 24 25 23 16 25 27 16 21 20 16 15 26 26 32 21 16 22 23 22 14 14 16 23 20 23 27 19 20 26 16 26 26 16 16 17 20 18 21 22 32 16 15 21 27 18 16 23 20 13 26 28 22 20 15 15 18 18 30 23 19 23 25 20 19 20 24 22 15 22 26 25 24 22 21 27 20 12 22 18 22 20 21 20 25 9 19 13 24 19 19 16 17 20 17 21 35 25 18 27 10 27 23 18 20 15 23 24 25 22 17 25 22 17 20 18 17 24 19 28 13 24 20 16 32 19 22 17 25 18 16 26 26 15 20 16 20 19 24 16 29 17 28 19 22 21 28 24 20 22 25 20 28 28 22 22 19 16 25 27 20 29 19 24 22 30 28 25 25 24 15 25 20 21 26 20 23 19 20 11 16 19 13 31 31 16 19 15 24 23 26 29 21 20 21 12 22 30 21 23 22 26 18 23 20 26 19 23 24 19 22 16 26 18 21 24 26 22 30 19 16 16 17 22 22 30 13 20 20 25 26 18 18 22 19 21 17 22 30 16 17 21 24 25 21 23 25 22 18 20 19 25 17 10 17 23 30 20 12 15 15 29 19 18 24 16 23 17 23 31 27 26 19 24 24 30 20 18 20 22 19 23 29 19 20 22 29 18 14 24 22 21 23 18 16 18 19 19 20 29 26 16 25 13 17 22 18 12 19 17 20 20 26 19 16 20 31 19 24 23 22 25 20 25 23 21 28 24 18 28 30 13 22 24 19 20 22 19 26 20 23 23 20 21 22 14 24 22 18 23 27 10 28 23 13 24 23 18 26 24 20 20 21 26 15 17 25 17 21 23 22 17 15 21 27 25 22 23 17 17 25 26 33 18 24 17 18 19 20 22 16 14 26 22 25 21 31 22 25 23 14 21 28 19 21 19 20 29 26 13 24 14 27 23 16 24 21 16 33 17 17 23 21 15 20 18 21 22 23 15 13 24 22 20 19 22 20 28 23 17 26 29 25 26 24 24 29 12 18 27 16 22 19 20 19 20 21 18 18 27 27 17 29 20 18 26 16 29 23 19 27 20 23 24 19 19 28 23 31 23 17 21 13 28 23 15 20 26 19 22 21 17 17 20 17 19 23 25 23 15 26 20 18 24 25 23 28 20 19 22 19 25 15 22 22 22 26 28 20 25 11 17 19 20 23 22 30 19 27 24 19 16 18 17 18 22 16 17 18 21 17 20 18 25 20 22 12 25 22 21 28 17 10 20 19 25 25 16 19 23 15 32 20 21 21 13 25 26 22 33 17 16 23 20 17 24 23 19 12 33 22 12 12 21 21 25 22 20 24 24 21 24 21 25 23 27 19 12 21 18 22 20 14 17 18 13 22 27 16 20 20 27 24 18 16 22 17 22 20 26 25 27 23 18 20 19 19 22 24 27 23 19 23 19 19 18 32 18 22 14 16 24 24 14 17 19 19 21 26 25 22 30 23 24 9 11 23 21 21 19 26 22 24 23 29 21 23 18 20 13 25 21 22 24 15 23 17 25 20 17 18 15 19 22 20 23 17 25 22 16 29 21 30 15 22 18 23 20 23 27 18 19 26 22 18 20 27 25 15 15 16 21 19 31 25 17 19 31 19 21 26 16 22 10 25 20 16 22 22 22 21 20 32 23 21 27 16 17 18 20 20 20 25 24 25 26 25 18 18 22 22 20 21 22 23 17 16 22 23 14 22 19 27 26 24 14 21 31 22 15 20 18 19 27 27 14 18 18 15 10 22 18 20 18 22 22 18 16 16 24 24 26 20 24 20 20 24 18 21 25 19 17 26 23 12 23 33 23 15 15 17 36 16 22 17 27 17 25 13 31 17 19 18 18 32 19 24 18 16 19 19 26 11 22 21 19 20 19 18 22 15 20 21 15 28 15 17 11 26 22 21 24 26 23 15 20 25 23 19 14 15 20 21 23 24 27 23 18 20 17 26 22 17 23 24 25 16 13 24 19 20 21 23 26 22 25 26 26 18 24 18 19 27 26 19 13 19 24 22 26 26 25 19 28 27 21 21 21 17 33 19 22 14 27 25 20 17 13 18 22 19 26 28 23 22 20 25 16 23 16 24 17 20 29 26 15 20 26 19 31 14 27 20 21 23 23 27 27 27 17 14 22 25 20 18 27 24 25 24 22 18 22 21 19 24 28 25 29 19 21 25 15 24 16 20 14 25 21 26 21 15 20 23 22 21 23 27 16 20 22 31 26 20 20 27 23 16 17 18 23 15 16 22 18 17 22 19 17 21 16 29 13 24 20 22 23 21 22 14 20 27 21 18 19 26 32 30 17 14 19 16 16 19 24 13 26 12 19 19 13 25 20 26 24 17 20 23 21 23 26 28 25 25 17 27 21 21 17 24 17 21 19 23 22 16 19 21 27 20 24 16 29 28 22 19 15 26 24 27 23 20 12 17 31 16 16 23 11 20 10 19 29 24 23 20 19 18 25 17 27 15 19 32 14 19 22 25 18 14 25 15 32 18 26 23 18 23 16 23 23 21 22 26 22 24 19 22 14 17 19 18 29 24 21 22 24 19 24 20 31 18 20 26 27 21 16 24 12 24 18 21 19 32 25 24 17 18 21 16 27 19 19 24 15 21 20 24 18 22 12 27 21 17 14 19 28 25 22 23 20 27 27 21 16 25 20 18 23 22 24 31 24 25 18 19 12 32 19 24 17 22 14 20 24 17 21 19 37 16 20 20 19 19 20 23 32 14 24 18 23 32 18 19 18 14 16 21 22 23 24 19 15 26 24 22 24 10 24 17 27 28 24 33 22 17 16 13 29 21 26 16 18 22 15 25 20 32 17 22 26 17 9 18 21 30 19 14 26 16 22 21 16 24 22 26 19 25 20 26 20 18 23 19 18 20 22 20 20 26 18 22 16 36 27 20 17 17 33 18 19 20 16 27 18 26 19 27 23 14 24 20 16 19 18 23 25 26 22 21 18 19 23 21 19 20 20 24 23 22 22 28 17 27 22 23 22 18 19 29 16 21 24 13 29 25 15 22 14 12 18 18 26 33 30 18 29 23 21 19 24 17 22 14 21 16 25 17 18 23 20 23 25 17 23 18 19 20 14 20 22 19 19 17 20 22 22 20 22 14 21 19 24 19 25 21 23 25 20 21 14 20 30 26 10 20 18 23 21 20 25 24 13 21 15 21 20 17 21 17 24 22 21 16 21 27 15 26 18 23 14 29 20 22 29 14 19 26 24 16 26 30 20 21 12 20 27 25 22 24 22 24 16 26 18 18 17 24 24 25 20 15 19 23 21 17 21 24 21 24 25 22 17 19 19 22 22 25 27 15 24 25 30 21 16 21 29 16 21 15 24 28 15 28 16 24 28 16 28 21 20 19 22 20 15 23 19 17 23 26 23 18 25 18 20 25 28 20 25 18 25 18 22 20 23 22 18 23 22 22 23 29 27 22 21 15 22 21 22 14 18 18 23 20 20 27 15 23 14 25 22 29 20 22 24 15 19 27 29 28 26 22 25 16 19 31 20 22 26 24 20 21 18 18 15 30 23 16 23 27 16 28 20 23 17 19 19 27 19 28 15 19 15 17 14 21 22 21 25 26 19 20 22 25 21 23 19 19 25 28 31 18 22 25 21 21 19 17 17 21 25 28 20 20 23 19 20 15 23 23 29 16 25 15 20 19 25 23 22 27 19 26 19 21 18 15 25 16 16 22 24 30 17 19 21 25 22 32 13 16 21 23 25 14 18 16 22 11 27 29 20 17 23 16 24 16 27 23 21 18 17 22 21 30 20 22 18 20 14 22 22 21 25 23 18 25 19 16 24 33 24 27 18 22 25 15 26 17 26 23 23 26 15 18 23 21 25 26 29 18 22 17 20 24 21 21 24 20 13 13 23 20 28 24 25 22 24 25 21 24 23 24 27 22 16 19 21 19 12 20 33 26 28 19 14 26 16 21 20 19 17 23 22 23 31 18 23 17 16 22 18 25 14 27 20 17 13 31 23 17 18 27 27 17 17 17 18 20 23 21 17 28 22 10 20 24 25 15 21 33 17 23 19 21 20 21 19 19 19 10 22 23 16 19 26 18 14 26 19 21 30 16 20 15 25 20 20 19 20 24 23 24 21 27 24 16 26 27 23 16 30 20 32 23 23 15 21 18 22 27 22 21 21 16 21 25 28 23 18 21 21 15 17 21 22 22 14 17 18 30 25 24 16 29 20 22 16 16 19 21 23 27 25 22 19 23 18 19 17 20 19 19 26 20 15 16 32 23 21 20 26 23 16 19 20 13 23 26 21 21 30 18 17 20 21 16 21 14 16 25 17 16 26 21 15 21 32 25 22 26 17 23 18 21 10 12 21 17 23 22 17 19 24 16 19 21 19 20 26 28 20 25 18 24 33 19 19 23 25 22 19 13 17 20 18 16 16 19 23 25 15 27 20 22 23 17 22 20 18 18 20 27 28 15 22 20 20 24 21 21 17 13 18 12 15 20 30 27 31 13 20 28 18 18 22 18 20 23 19 19 19 22 18 20 22 22 15 25 17 22 14 24 27 22 17 26 16 28 19 25 17 19 24 19 30 25 21 24 19 20 22 17 19 16 26 19 25 20 21 20 20 16 24 26 21 24 24 17 20 25 24 22 24 24 20 24 17 18 16 24 24 18 28 21 31 28 22 15 21 20 20 23 17 21 31 16 18 26 24 21 18 20 22 24 23 20 16 22 16 14 15 20 24 14 20 18 23 26 26 30 18 20 19 14 20 21 18 20 18 24 20 18 20 15 17 20 17 20 24 31 16 18 26 32 16 26 21 22 21 20 18 18 27 23 21 26 27 18 22 18 27 18 19 15 14 18 23 27 18 15 22 23 20 25 20 27 19 15 20 14 21 14 27 31 27 16 24 14 18 19 20 20 33 21 23 28 24 22 18 18 22 26 19 18 23 19 22 19 20 24 16 17 19 18 21 25 21 23 31 17 21 20 28 18 31 21 18 22 25 18 24 15 22 15 19 30 27 18 15 30 23 22 18 20 24 21 21 19 21 12 13 20 24 26 21 18 13 17 21 24 25 26 27 22 19 26 17 23 22 18 16 22 23 17 22 24 16 20 21 20 21 23 26 20 27 18 23 24 16 18 19 27 16 19 19 21 18 21 28 25 22 16 25 23 22 13 24 18 19 21 17 29 21 20 21 21 20 22 26 20 13 20 29 19 25 18 23 10 16 15 24 20 15 14 24 27 23 22 28 24 25 24 24 23 14 18 23 24 17 19 18 25 25 18 23 21 27 22 31 25 19 16 16 24 26 25 20 20 16 26 17 21 13 17 30 27 23 25 27 20 19 18 18 17 18 19 22 24 29 18 19 21 22 21 25 16 25 10 23 18 22 18 22 31 17 30 15 20 23 22 17 12 15 23 25 16 13 26 24 20 18 23 18 23 19 25 19 14 21 23 20 22 24 28 30 18 23 23 25 22 20 16 24 24 21 20 19 30 22 25 23 14 17 16 15 23 27 28 21 22 16 27 21 16 17 24 21 22 18 25 23 25 16 19 15 20 18 21 23 27 25 19 17 20 17 19 22 25 28 24 25 17 19 17 14 25 14 18 26 18 15 28 25 14 22 13 16 17 16 25 30 17 16 20 24 20 27 23 25 27 15 17 24 23 23 23 22 29 20 29 21 18 15 22 23 16 24 22 10 27 15 25 17 25 23 15 19 23 23 25 21 25 24 19 20 22 16 20 20 24 20 18 30 20 20 21 25 24 17 27 20 15 22 17 16 21 25 18 29 29 25 25 27 15 22 14 24 22 18 26 23 32 22 18 22 24 18 26 18 24 24 22 31 26 24 14 22 24 21 22 20 20 23 16 31 20 19 22 18 21 15 22 19 21 15 35 27 16 14 21 15 18 21 28 19 31 21 24 24 17 15 20 22 28 17 24 20 20 17 17 13 18 27 29 23 21 28 16 21 23 22 22 17 26 10 27 14 22 21 22 21 15 24 17 21 19 21 20 26 21 18 19 22 22 27 23 27 23 20 18 16 18 25 12 14 20 23 20 25 12 20 24 29 16 17 12 25 22 23 25 22 13 30 21 26 17 22 22 28 19 17 21 21 23 20 17 21 20 19 19 22 13 20 19 22 14 18 22 17 23 23 27 20 25 18 17 18 16 25 21 19 26 17 20 22 15 14 24 26 19 21 22 29 22 19 19 25 20 27 33 22 22 26 11 31 14 19 17 14 13 23 18 26 22 25 25 22 21 27 25 23 22 19 25 16 21 14 16 17 22 25 16 27 24 22 23 20 24 21 31 22 23 13 23 22 16 31 26 12 22 20 21 26 20 20 21 24 12 29 15 21 20 27 19 24 23 18 28 18 22 16 16 14 20 24 19 23 21 21 23 16 20 19 27 26 13 16 13 22 23 24 21 13 24 25 23 16 27 24 19 19 15 14 25 25 25 18 13 15 25 24 29 22 21 12 26 19 19 18 22 25 20 25 20 20 22 15 26 21 22 18 15 19 20 18 12 20 29 20 22 21 19 19 23 19 20 18 20 22 21 15 25 25 18 16 28 16 25 17 27 20 17 22 26 28 21 22 17 19 23 25 21 22 23 13 24 25 14 20 29 23 14 19 23 22 28 27 19 29 24 19 24 22 21 28 14 18 22 21 17 17 15 23 24 21 21 23 16 11 24 22 20 19 11 27 27 18 26 25 19 25 29 17 24 24 19 21 17 15 17 25 21 17 19 27 19 14 25 17 24 22 27 23 20 30 20 18 16 17 17 20 24 26 26 18 15 22 23 21 29 29 13 22 26 17 16 20 15 17 29 23 19 22 19 18 32 24 22 13 21 30 20 20 21 27 20 14 18 19 26 18 24 26 22 16 21 29 25 21 16 21 16 26 20 21 17 24 16 27 21 27 31 17 20 15 20 21 17 19 24 16 28 15 18 16 21 19 20 22 25 20 23 17 16 23 16 24 24 17 13 19 25 21 14 22 23 25 25 31 32 13 20 13 18 18 17 29 13 13 28 24 20 28 20 16 24 23 17 19 29 23 22 24 18 18 16 28 19 18 21 14 24 14 22 22 19 16 20 24 27 23 16 25 18 26 23 19 20 23 19 21 23 16 20 25 30 23 24 20 20 20 16 17 15 23 21 17 26 28 20 18 18 22 20 16 18 17 24 21 25 17 26 22 20 23 25 16 19 22 19 18 34 21 22 27 17 22 19 26 20 21 18 17 18 16 20 20 21 26 22 25 17 18 27 22 20 18 20 25 20 24 26 27 18 22 20 20 23 12 12 21 18 22 29 21 15 26 21 25 23 25 14 25 26 16 28 23 20 18 22 21 27 25 13 20 22 24 22 25 23 23 24 21 22 20 14 28 16 16 21 22 21 20 25 19 23 24 29 17 15 21 22 21 33 21 25 15 20 30 21 16 22 20 19 26 21 17 25 20 18 22 21 21 28 21 21 20 22 25 23 25 22 21 20 24 26 18 20 18 20 16 21 12 19 16 14 22 28 23 13 29 20 22 26 18 14 21 25 23 20 23 27 19 25 24 28 14 21 27 18 18 23 11 27 18 19 16 23 22 22 30 29 26 20 23 25 16 13 22 11 20 21 23 14 12 21 23 20 26 23 21 20 25 12 17 18 18 18 29 22 13 20 14 20 26 17 26 25 26 25 14 22 20 14 23 19 16 19 14 26 24 25 29 26 11 21 17 13 24 17 26 18 20 26 22 18 18 19 24 24 20 14 24 15 24 17 19 20 20 23 20 22 20 16 21 25 24 19 23 18 22 15 13 17 20 24 20 20 18 25 19 24 22 22 20 20 21 19 15 20 22 26 15 16 21 25 33 22 30 16 21 27 23 18 21 20 14 24 23 16 30 19 25 22 18 19 17 26 24 22 21 21 17 28 17 16 17 22 19 27 19 30 27 18 21 18 27 18 23 21 22 23 22 19 22 24 30 27 22 19 27 21 20 21 21 15 18 22 18 25 26 20 16 24 28 17 20 18 22 25 21 23 31 17 13 26 22 16 26 26 10 16 20 26 14 21 22 31 23 22 19 23 20 21 16 32 20 24 27 18 18 23 24 26 25 18 26 18 19 15 20 17 22 27 17 21 19 26 20 12 32 20 28 21 25 14 26 24 17 29 21 24 21 14 23 22 24 28 18 23 24 18 22 18 21 19 16 24 12 20 23 20 20 21 27 18 26 28 19 24 29 20 24 22 30 25 23 27 17 26 26 19 20 22 19 29 21 16 21 16 23 16 20 19 23 26 16 11 29 29 26 29 21 28 23 12 22 19 20 21 34 13 23 19 17 17 25 13 12 24 21 21 25 17 28 28 17 24 25 14 25 16 24 21 19 15 16 17 23 16 26 22 22 33 12 12 23 24 16 20 15 20 25 16 21 21 21 22 22 19 15 16 22 26 15 26 26 21 22 16 22 24 18 20 16 19 24 27 27 26 27 20 24 15 24 19 20 16 18 21 19 22 11 21 20 23 27 25 24 17 21 15 28 16 18 21 26 23 24 31 15 18 18 17 19 15 29 17 22 15 23 15 13 22 30 19 16 21 19 21 27 17 21 23 15 25 26 22 23 21 21 20 15 19 22 16 24 28 28 25 25 17 34 17 19 27 18 22 18 14 17 28 23 21 22 23 29 29 24 23 18 10 16 23 26 23 21 22 8 34 12 24 15 17 18 25 21 25 25 17 18 17 21 19 24 22 24 25 27 23 22 19 17 21 16 21 25 29 20 23 20 19 27 18 15 17 23 22 24 26 30 22 29 16 32 19 19 17 16 24 16 16 18 18 22 24 18 16 26 24 21 26 21 23 13 25 22 24 18 19 22 14 23 25 19 20 18 18 21 24 22 19 17 22 25 18 24 21 21 31 29 17 13 20 18 20 26 22 26 19 16 15 19 20 27 27 21 26 26 16 22 13 22 25 23 19 19 19 19 26 15 24 23 20 28 18 27 23 18 25 24 13 16 22 16 22 30 17 15 19 27 31 19 17 27 26 18 27 28 17 24 26 26 19 20 28 24 20 20 24 20 24 22 26 19 26 14 26 25 18 26 22 14 20 21 15 17 28 24 27 21 23 19 23 29 21 20 20 19 17 23 27 16 20 24 21 20 24 30 17 25 16 24 17 21 25 17 16 14 25 23 24 25 22 23 25 19 24 17 26 21 21 28 24 21 24 20 17 27 16 21 23 18 21 19 23 25 20 11 26 25 31 15 26 13 18 24 21 21 18 18 17 27 29 25 17 14 25 21 12 21 19 25 19 23 16 21 31 17 18 15 18 14 20 27 27 20 23 23 30 27 19 13 19 21 27 19 18 19 25 32 24 14 21 19 13 13 28 10 21 27 15 22 22 25 20 12 28 22 23 18 17 8 24 20 26 17 10 23 27 18 13 17 19 26 19 17 27 21 27 19 25 24 32 30 23 22 19 22 22 23 18 19 26 17 21 22 27 24 17 14 20 18 23 16 20 23 20 26 26 18 20 16 16 18 17 35 19 14 19 22 17 30 21 21 23 15 18 28 17 17 17 24 22 24 25 25 24 17 19 28 30 18 13 17 21 13 21 23 23 22 11 20 27 17 14 23 29 24 26 25 20 22 24 26 20 25 17 25 17 21 24 20 19 13 24 22 15 26 17 21 16 21 22 22 34 22 8 20 19 19 20 14 24 20 15 20 31 21 15 18 28 21 18 26 17 22 21 23 28 16 15 14 26 14 12 16 28 13 21 23 27 26 16 19 21 31 20 24 15 15 17 18 26 24 18 23 15 18 17 20 24 17 26 18 15 22 26 17 21 23 24 19 27 14 26 26 28 14 21 29 16 18 14 16 20 23 26 20 19 19 24 13 22 21 22 25 24 20 27 28 23 23 21 23 17 18 23 16 26 20 15 30 19 23 21 31 17 28 19 17 26 21 27 14 25 25 21 17 19 24 23 18 28 17 26 18 27 14 28 25 25 25 14 21 20 20 22 19 25 18 14 16 19 30 29 23 15 24 22 13 21 15 21 31 26 23 30 18 17 20 24 26 22 23 27 15 20 20 16 18 24 26 23 19 20 15 28 15 27 23 30 18 23 29 23 15 18 19 17 22 22 22 20 20 16 23 27 19 19 16 27 15 18 23 24 22 17 18 19 14 21 18 20 26 27 17 24 11 20 20 26 21 29 21 25 21 21 20 25 24 17 18 22 29 22 23 17 13 28 25 19 16 21 31 18 22 18 17 18 17 12 15 19 20 26 23 23 20 16 15 31 22 16 22 22 23 26 28 25 17 21 19 17 20 17 18 21 27 21 24 18 24 17 19 22 24 31 21 24 15 32 26 16 22 19 27 21 24 18 17 25 17 16 19 20 19 16 21 22 19 26 20 23 20 24 24 24 19 21 21 23 15 28 19 16 19 20 13 24 21 20 15 20 22 27 25 25 20 12 28 21 21 30 17 20 17 16 21 20 18 29 18 17 24 22 22 28 24 25 21 27 24 31 19 19 29 28 26 23 21 21 19 20 18 14 23 26 21 23 25 23 29 17 25 18 20 14 24 25 15 22 19 22 15 14 17 22 24 22 18 19 21 15 22 26 16 28 18 20 22 21 16 18 22 25 23 23 19 21 22 30 22 15 17 17 27 30 12 12 13 18 28 28 7 27 29 31 23 20 19 20 24 30 16 18 22 19 17 21 22 19 23 17 15 25 17 22 24 24 17 37 29 17 24 16 16 20 25 17 7 22 30 25 17 21 24 15 29 21 16 15 28 17 27 13 25 20 19 19 31 16 22 24 12 13 19 18 21 26 21 21 21 23 20 22 15 21 23 17 24 18 27 22 18 31 21 21 27 16 18 24 17 15 26 22 22 27 22 23 15 18 15 20 25 22 17 16 26 19 18 28 21 16 22 18 24 15 18 18 20 28 18 16 19 25 18 20 25 20 23 23 24 34 15 17 14 23 20 15 18 23 24 30 19 20 25 19 17 22 25 25 22 27 11 21 14 24 23 20 21 22 23 26 17 20 26 18 24 23 28 25 26 25 9 14 20 25 22 21 20 25 24 19 20 15 26 21 17 24 27 26 19 27 12 23 25 24 20 14 20 19 20 27 23 26 18 20 17 17 21 36 17 21 23 21 22 19 23 24 25 16 15 22 27 21 16 30 18 22 21 23 22 20 17 24 20 19 26 16 13 22 15 18 25 22 19 20 24 23 22 25 22 16 22 24 19 31 25 20 8 11 28 22 20 29 25 22 14 25 28 15 16 19 17 24 16 19 21 27 22 22 17 33 23 19 29 19 21 28 22 10 17 22 24 24 30 18 12 26 12 24 29 22 17 21 22 19 15 23 27 28 25 25 26 21 29 20 22 20 17 18 13 31 17 25 22 21 30 21 16 20 19 17 23 24 29 23 25 15 16 17 19 24 19 19 21 21 25 21 16 12 24 24 15 24 24 19 25 26 22 16 27 20 18 21 19 17 22 22 18 20 23 28 25 23 20 34 19 15 26 15 19 24 20 23 24 20 21 19 10 26 17 17 20 25 15 30 14 22 17 24 21 18 25 24 18 18 17 22 16 22 18 19 22 16 21 21 14 19 18 24 21 14 24 18 23 24 21 27 28 15 26 21 15 17 24 18 21 25 24 22 15 23 25 23 17 19 23 15 11 25 19 25 22 23 20 11 23 28 29 14 18 17 22 23 26 18 20 31 19 18 24 20 22 17 20 27 20 24 25 17 23 16 28 22 20 13 26 25 13 27 17 20 19 17 25 18 27 18 17 24 23 22 22 20 22 25 20 31 23 24 27 24 15 26 16 12 23 19 14 18 23 28 26 17 24 25 14 17 19 15 21 21 17 21 19 21 21 12 21 16 18 17 25 17 25 20 16 23 29 22 18 15 24 24 18 23 27 26 21 12 19 25 20 19 15 27 24 15 20 16 25 18 25 15 18 24 20 17 19 22 19 27 23 23 19 20 26 27 15 17 22 15 21 29 27 26 33 22 23 16 21 18 30 26 22 16 20 19 19 17 16 18 13 17 23 23 27 22 20 20 22 24 23 15 17 12 23 22 35 14 12 11 22 14 32 19 19 24 21 20 29 20 18 19 31 27 25 19 19 18 18 24 24 27 18 18 23 23 20 20 20 21 15 22 18 21 22 21 23 18 28 17 21 13 28 27 21 21 22 25 21 29 25 20 20 20 18 21 18 19 16 33 20 22 25 22 22 17 23 17 17 25 25 25 20 33 27 23 20 17 16 11 20 12 21 15 23 30 32 24 25 12 17 20 17 19 22 24 20 26 19 18 24 25 20 23 23 21 19 23 26 29 22 11 29 19 20 15 16 17 25 29 21 14 11 30 18 25 25 27 24 26 21 18 13 19 20 18 13 18 20 18 17 26 20 29 19 24 23 25 24 10 27 23 24 21 28 22 23 12 26 23 18 28 14 23 25 23 20 16 19 27 25 18 17 15 29 22 22 21 29 18 17 12 18 17 26 27 23 23 18 27 25 20 22 17 19 20 29 19 16 20 23 20 13 23 30 19 30 22 12 20 28 19 18 21 17 28 19 22 15 23 18 27 27 18 17 16 17 23 26 18 20 20 21 27 17 14 22 19 29 22 10 22 23 20 31 22 18 21 25 28 31 17 22 22 25 25 26 23 23 26 20 23 23 22 21 20 15 25 21 26 22 23 23 10 28 30 15 18 16 26 24 16 20 25 25 22 19 16 16 24 17 27 18 23 20 23 21 27 21 17 25 16 24 28 21 27 15 18 24 14 20 23 22 18 18 19 20 29 23 15 32 20 24 19 29 17 23 19 18 19 24 13 18 21 23 16 27 25 20 23 22 19 19 20 18 22 20 16 21 21 18 19 17 23 24 16 26 13 24 25 33 16 20 19 22 14 27 15 25 21 29 29 12 22 23 26 24 13 27 28 17 18 20 27 12 21 18 22 22 26 17 21 18 20 27 21 26 19 23 13 28 14 24 28 17 25 19 22 22 9 21 21 23 18 17 14 17 20 26 29 23 15 17 16 26 19 22 17 17 20 22 19 23 26 25 17 19 15 25 20 29 22 19 15 17 19 23 25 17 24 19 26 16 18 25 15 23 16 23 21 18 29 25 23 23 19 23 23 19 23 18 18 28 18 23 24 23 27 24 19 18 19 24 20 19 24 20 24 15 20 19 26 19 22 23 32 28 25 19 20 19 21 24 20 17 24 20 27 19 29 26 31 20 16 28 23 22 18 23 27 19 28 18 28 23 17 15 27 14 30 21 31 21 20 20 22 22 23 17 22 19 23 23 21 19 16 19 24 18 22 23 24 19 30 21 22 14 17 25 23 17 19 16 24 15 16 22 15 26 33 21 17 34 17 24 17 25 23 19 21 21 16 23 22 20 24 19 27 27 26 20 30 22 21 22 20 14 20 21 24 25 11 25 20 24 18 12 30 18 18 21 16 33 21 21 19 15 30 26 21 19 23 17 22 26 16 20 20 14 25 24 24 15 20 24 14 18 23 24 20 18 16 19 19 20 32 27 18 23 14 19 20 25 27 22 20 22 30 17 27 22 18 22 27 24 19 15 16 16 23 15 14 18 25 17 17 18 19 37 18 28 24 14 17 21 19 22 11 19 20 26 27 24 32 27 26 15 25 16 20 22 23 19 23 14 20 20 24 27 20 19 14 10 24 33 19 17 23 32 22 28 21 20 20 14 23 16 22 22 25 24 24 16 19 22 16 31 17 16 16 14 24 21 17 22 17 21 16 23 19 29 20 22 18 23 27 17 18 18 17 22 17 22 19 21 21 19 23 30 16 21 18 24 13 26 30 20 25 26 26 22 21 21 17 23 24 17 19 22 16 20 27 14 15 25 22 27 21 21 25 17 11 30 20 21 18 26 28 24 16 32 21 20 33 26 23 22 24 24 15 25 29 18 22 18 19 17 19 24 15 17 14 17 23 21 14 24 25 16 22 19 28 22 22 24 10 21 19 22 23 26 14 22 19 24 28 13 15 22 18 19 26 30 25 23 26 19 21 28 24 19 20 16 16 21 26 21 18 17 35 23 26 18 18 20 20 24 19 20 24 27 24 18 11 22 21 18 24 21 20 21 17 22 23 28 21 25 26 17 20 23 19 23 26 15 22 23 21 21 22 23 16 32 21 23 21 21 26 16 21 13 20 19 22 11 23 25 33 20 32 27 13 15 31 15 24 26 28 24 20 20 24 14 24 24 21 23 22 20 27 11 25 29 18 30 18 22 22 24 21 17 18 26 23 25 22 16 23 21 23 26 28 23 22 26 16 13 21 18 18 21 18 22 23 18 25 21 21 21 20 24 22 16 28 21 19 15 16 22 29 26 29 27 14 25 16 20 15 30 24 27 23 15 11 25 21 18 22 23 20 17 15 20 24 29 19 23 24 31 21 18 27 16 29 17 30 18 32 18 18 20 25 25 17 19 19 21 20 23 19 24 20 22 16 19 22 14 16 28 25 18 17 26 16 26 22 24 16 26 20 25 24 17 17 22 23 17 19 18 19 31 23 22 18 26 18 24 22 30 22 18 22 28 23 10 18 17 17 21 23 23 19 26 18 22 20 22 18 25 22 18 23 22 22 20 29 19 18 21 24 26 18 22 18 30 25 18 20 19 31 22 21 28 16 20 34 19 19 13 20 21 15 21 26 27 25 20 17 26 22 26 17 24 18 19 22 26 24 20 17 16 23 28 23 19 22 25 21 17 20 22 22 17 29 21 21 25 10 23 27 19 14 24 19 21 20 17 16 28 19 29 25 30 17 17 28 16 19 25 23 20 26 22 14 20 16 31 21 26 18 26 20 24 24 17 24 18 25 30 19 21 22 22 17 19 26 20 27 24 15 25 25 21 17 17 31 25 20 20 23 19 22 27 20 26 21 24 21 20 27 25 22 14 25 22 19 18 18 19 17 20 17 16 23 22 18 23 14 20 22 23 22 23 21 21 20 17 21 24 21 24 23 20 14 16 24 19 14 22 21 16 27 17 17 31 15 26 22 20 18 22 18 22 29 26 15 26 17 23 24 23 22 21 32 24 25 11 26 28 25 25 21 26 29 16 17 22 17 19 25 24 20 21 19 26 19 23 22 24 24 13 20 22 20 29 18 19 22 18 22 28 18 21 23 19 16 24 19 25 17 15 23 18 27 20 17 24 23 23 25 18 18 20 23 23 20 22 23 20 22 22 28 27 17 25 20 24 23 21 23 23 26 22 22 22 23 18 18 13 19 19 23 21 25 15 16 16 14 23 21 25 18 23 23 33 18 22 26 25 16 28 15 20 20 22 18 20 18 24 24 19 23 20 20 28 16 21 31 22 23 20 25 19 18 17 20 16 10 13 26 20 26 23 33 19 24 26 26 24 24 17 23 21 16 20 22 30 24 16 23 23 17 28 20 21 24 19 25 14 29 30 20 22 20 22 16 21 18 21 19 26 23 22 18 21 19 20 29 24 35 21 19 21 26 25 19 28 23 17 16 24 24 18 25 16 20 22 19 17 24 20 23 17 13 19 22 22 21 24 25 26 22 17 16 21 29 16 18 26 20 26 20 19 18 21 17 23 21 23 21 24 11 27 32 27 28 17 24 17 17 21 29 18 18 20 16 19 22 15 20 34 22 22 24 18 21 24 21 22 30 22 21 19 14 26 24 21 15 26 17 18 16 31 22 18 25 24 22 20 14 20 22 21 21 17 19 19 29 23 16 20 14 22 25 20 16 21 23 12 27 16 31 28 23 28 19 15 25 22 22 28 22 16 17 22 19 25 16 24 27 26 25 23 24 18 18 26 28 21 20 15 22 18 30 23 13 17 23 23 24 17 21 25 22 19 29 19 21 32 22 21 21 35 16 19 22 24 17 23 13 24 16 26 14 16 25 16 22 12 23 17 16 26 29 12 15 37 21 25 23 24 19 19 25 22 13 23 29 16 24 23 14 18 19 24 30 16 18 22 22 23 15 31 16 28 28 23 19 24 17 19 22 27 18 22 15 19 15 20 20 35 31 15 16 18 17 26 22 26 19 20 22 30 23 28 23 15 22 19 26 22 25 18 23 30 22 27 18 22 24 19 24 15 19 25 18 24 28 23 22 21 19 23 27 24 14 21 20 23 20 23 17 33 24 19 17 14 22 24 19 17 20 22 25 19 18 20 15 19 14 26 25 13 25 17 17 17 20 23 16 21 23 16 27 31 34 20 24 19 20 23 24 20 17 25 30 19 15 24 26 23 18 22 18 23 36 7 23 25 27 14 13 23 25 16 17 21 23 23 24 12 31 23 15 19 20 18 18 32 29 23 9 19 24 18 18 22 27 19 23 20 18 24 23 22 23 14 19 23 18 23 20 12 26 15 23 26 21 26 20 22 32 19 25 14 14 16 16 32 26 19 23 26 28 19 22 27 23 22 11 14 24 28 20 18 23 21 22 22 20 21 20 27 17 27 22 20 18 27 29 27 25 19 22 22 14 21 18 29 28 27 16 13 20 26 28 21 18 25 22 24 27 20 20 13 22 22 21 16 18 29 14 14 19 15 20 23 24 27 23 22 16 23 19 25 25 26 19 32 20 23 20 26 16 23 22 18 26 28 32 16 25 18 28 33 18 25 17 20 15 30 22 15 24 12 32 15 17 23 20 24 32 28 22 22 19 18 24 24 31 23 24 17 33 18 15 18 19 21 20 12 18 21 21 24 28 25 12 27 18 15 18 31 20 20 21 20 14 24 21 17 16 18 21 21 26 22 17 24 21 20 20 26 23 21 18 24 16 25 14 20 20 23 21 28 19 17 22 25 19 16 26 22 15 20 21 24 16 24 20 18 20 22 17 23 15 20 19 32 17 18 24 19 25 18 26 22 20 14 30 32 25 21 23 24 17 28 17 20 15 13 26 21 16 16 16 17 21 16 22 24 16 23 25 15 29 26 30 23 19 32 11 22 24 26 17 20 28 23 20 27 23 24 22 16 24 17 20 24 25 21 28 22 24 18 19 15 27 12 15 20 26 9 23 22 28 25 29 14 21 19 18 16 21 21 23 23 19 20 25 15 14 21 28 32 20 18 21 26 22 17 17 18 20 19 25 24 25 22 29 19 32 20 23 23 20 23 23 16 14 14 26 23 19 24 24 29 25 22 28 19 13 21 21 30 23 15 21 14 20 22 16 25 28 21 24 21 30 14 24 20 21 20 16 18 29 20 23 21 33 23 23 21 13 21 15 21 19 21 17 22 19 20 23 21 29 18 15 25 12 12 25 19 24 23 31 27 25 25 12 16 20 24 17 23 14 22 31 19 15 23 18 18 23 20 24 17 21 20 23 30 26 22 23 19 28 22 30 23 31 24 16 24 22 18 18 19 17 20 18 29 22 24 26 21 17 16 27 20 26 22 25 19 24 22 21 17 23 23 20 21 18 20 23 20 22 24 25 26 18 15 23 19 24 27 19 27 20 24 24 19 16 14 27 16 19 14 22 20 18 20 19 22 19 17 20 20 16 25 27 21 23 24 21 24 21 24 22 18 22 21 31 19 15 21 18 22 27 21 21 20 23 16 29 19 19 20 23 23 21 17 31 28 15 24 14 21 22 19 21 14 28 22 20 18 24 17 19 24 25 23 21 21 22 20 18 18 24 16 32 16 25 21 22 18 17 19 22 19 25 17 25 16 21 20 18 16 23 24 25 26 24 17 17 21 26 15 25 18 29 19 21 17 22 21 13 23 24 20 21 23 28 25 19 23 23 27 24 19 24 22 15 20 26 27 19 22 18 18 17 16 13 23 34 24 19 20 19 21 27 22 31 23 21 15 25 16 22 25 23 21 18 24 19 28 14 19 20 14 15 19 27 18 31 16 23 23 19 21 19 25 25 16 21 16 22 14 28 19 20 29 21 18 25 18 16 25 29 21 14 20 14 18 29 15 21 19 26 22 31 16 16 29 16 19 16 22 26 17 22 20 23 24 20 22 25 22 19 30 16 20 19 23 26 25 27 18 13 19 21 25 12 22 16 19 30 21 20 22 15 25 20 14 23 24 19 16 19 18 27 18 23 21 20 22 16 24 26 23 24 21 17 24 19 17 27 21 20 27 27 17 18 30 13 20 20 20 15 23 24 19 20 19 15 33 20 22 24 22 20 22 21 21 24 22 26 19 25 11 24 18 32 25 16 25 12 17 29 21 18 19 16 25 22 29 28 22 21 25 25 21 29 17 17 24 14 35 20 20 22 19 27 21 17 22 14 17 22 17 22 27 18 18 18 27 31 18 18 23 27 29 25 22 22 27 16 21 16 18 29 22 16 28 23 24 18 22 19 20 24 25 21 24 24 20 18 25 20 19 21 27 15 21 20 23 16 17 18 17 13 32 23 16 23 24 24 26 14 23 15 29 20 19 25 21 14 25 21 21 22 26 33 21 21 15 20 30 19 15 12 31 31 23 17 20 19 25 13 27 19 22 23 14 21 21 18 25 20 21 17 26 15 24 18 24 20 22 21 24 20 18 17 21 25 20 20 19 21 12 23 22 23 12 20 32 26 23 23 22 20 19 13 24 23 24 26 16 24 25 22 16 15 20 14 20 24 25 21 23 23 21 26 22 20 19 17 21 28 16 19 21 28 19 15 27 19 22 22 21 22 16 16 21 20 24 25 22 21 20 21 18 32 17 26 20 26 28 20 24 16 18 28 27 24 17 21 20 24 17 19 23 23 30 15 21 19 17 20 29 20 16 28 22 15 19 22 22 22 14 19 21 20 18 22 25 33 20 16 26 29 20 14 20 23 19 18 26 19 18 18 24 23 23 24 18 21 15 23 19 23 26 21 21 19 23 20 17 17 20 21 17 27 13 15 16 19 21 24 18 20 25 27 16 20 20 20 21 19 31 28 23 28 18 21 16 24 17 13 22 24 24 28 25 19 20 27 26 14 16 26 23 20 20 21 20 17 27 20 31 28 18 25 19 15 26 23 24 16 23 19 19 26 27 23 16 25 22 28 23 20 19 24 24 24 22 23 20 22 21 16 18 28 26 32 16 20 18 20 17 24 14 24 21 24 22 28 15 18 13 14 23 24 25 24 29 20 20 18 15 20 23 18 19 22 24 26 19 21 23 35 21 26 23 17 22 18 30 22 26 24 16 22 22 19 21 13 28 19 21 19 29 18 23 17 13 20 19 22 25 21 20 21 21 22 26 25 25 19 21 23 20 17 14 17 27 17 16 16 21 21 14 20 28 17 24 16 27 18 15 23 13 26 26 20 24 24 20 23 25 30 17 16 24 20 16 17 23 19 29 14 18 20 20 27 21 20 21 23 18 19 23 26 18 14 10 33 25 20 15 29 23 18 27 23 25 19 17 27 23 22 22 24 19 21 21 15 12 28 19 17 27 22 15 19 25 22 16 18 17 20 18 30 14 18 27 15 22 16 19 19 21 18 24 23 29 23 24 22 15 21 21 19 21 23 16 28 21 22 21 27 14 17 23 28 16 27 15 22 26 28 24 24 19 13 16 23 25 32 16 19 22 17 18 23 22 17 19 18 26 11 27 26 20 20 23 17 22 28 14 19 28 22 17 21 18 18 21 18 14 27 26 21 21 19 17 26 25 27 30 23 19 17 20 26 14 19 22 26 20 21 21 15 24 18 21 24 24 19 11 20 21 18 29 21 31 25 18 26 17 17 17 18 27 17 15 31 28 16 32 18 29 24 30 24 26 23 23 19 22 19 19 18 24 28 17 15 23 21 33 32 26 16 12 14 27 29 23 21 18 28 20 21 18 13 19 22 16 31 28 28 23 21 20 21 22 21 20 25 23 13 21 17 21 23 27 27 18 16 21 15 16 15 33 18 23 22 17 23 29 22 23 26 24 23 25 16 21 16 23 28 22 17 23 18 18 20 22 20 23 16 14 35 24 21 13 16 29 28 29 18 26 23 20 14 24 20 25 18 18 14 23 22 15 30 17 33 30 22 16 21 27 19 25 17 24 16 27 16 21 21 21 20 19 16 18 15 20 17 18 16 20 18 24 26 21 26 16 20 17 21 24 27 18 18 17 10 27 21 29 21 23 19 20 22 20 26 17 27 17 19 24 23 24 18 21 19 19 28 20 22 31 22 22 26 19 18 21 21 28 24 22 22 17 27 26 21 20 19 18 15 21 20 26 14 29 16 15 22 24 23 10 16 22 26 23 27 20 20 18 25 20 18 24 15 26 14 24 24 23 26 21 13 18 15 10 26 23 24 25 20 27 17 19 19 16 26 19 24 19 13 20 20 25 18 15 19 28 15 23 20 18 24 25 17 22 24 23 21 29 19 30 20 17 20 21 19 12 24 18 19 19 26 19 21 15 17 17 23 16 19 24 25 15 32 21 24 22 18 15 21 18 23 27 23 24 16 26 19 23 20 21 27 22 21 16 19 18 32 18 26 24 24 19 19 24 22 22 25 26 15 14 19 27 27 17 31 18 22 14 20 21 22 26 22 31 17 13 21 21 27 22 25 20 28 25 14 18 23 22 17 15 19 20 19 22 20 25 14 23 25 22 19 26 16 19 19 31 17 23 12 25 24 28 24 21 15 22 15 17 15 19 22 19 21 19 21 22 18 19 21 19 28 19 13 15 22 27 21 17 15 27 27 26 16 18 14 27 17 19 17 15 21 17 16 17 21 20 19 19 30 20 24 21 25 20 15 26 20 18 25 19 22 26 20 17 19 29 16 19 26 24 19 31 24 9 23 10 26 18 21 19 20 26 19 16 24 18 24 22 20 23 21 19 25 24 23 22 13 25 16 17 26 16 21 28 23 26 20 16 21 22 21 25 18 26 23 23 25 22 25 22 21 18 13 19 25 22 29 23 25 21 21 25 18 21 21 21 21 19 20 25 26 21 19 11 18 19 21 32 19 20 25 24 22 23 21 22 18 31 34 16 22 21 18 25 28 21 17 19 17 25 29 19 21 21 28 23 24 24 23 28 19 23 21 13 29 18 20 22 24 20 19 21 22 18 28 28 20 20 18 15 21 18 24 19 24 25 22 21 25 22 19 17 19 21 15 28 16 22 13 22 21 24 22 28 16 22 19 23 17 16 19 23 19 19 17 32 29 16 17 16 22 17 29 20 23 16 22 22 22 21 20 21 23 21 23 19 18 20 23 21 27 16 20 19 24 21 27 20 17 25 21 18 25 20 20 15 20 25 26 26 24 23 18 27 23 17 19 22 22 19 19 29 17 21 15 20 15 23 19 20 24 20 23 22 24 16 26 28 19 27 20 17 16 18 22 20 15 20 20 20 15 28 26 22 20 22 16 25 30 22 15 24 22 26 25 18 17 20 22 22 27 32 22 27 18 16 21 15 22 27 25 17 26 21 22 21 16 22 19 22 17 25 15 22 25 23 19 22 12 17 17 25 23 14 30 17 16 11 20 17 16 28 15 26 21 24 23 18 26 19 14 25 18 17 19 18 28 27 21 21 22 25 22 21 22 26 21 19 16 19 12 23 30 26 14 26 30 28 19 19 26 29 20 12 21 25 18 25 20 21 15 14 27 23 23 16 22 24 22 25 27 26 29 27 22 20 14 25 20 18 25 21 21 14 19 18 22 23 16 28 18 24 26 21 13 17 20 23 12 17 19 22 24 22 20 27 23 23 28 18 22 22 15 25 20 18 22 16 21 17 24 17 20 16 21 27 19 20 23 24 17 16 19 22 19 18 17 24 16 17 28 22 16 25 24 17 16 23 16 24 18 18 22 17 36 22 20 18 23 14 20 21 15 16 24 18 20 21 24 24 22 23 20 23 24 27 21 16 22 19 28 20 21 17 21 20 25 20 20 31 23 17 19 32 18 16 10 28 21 24 22 25 24 22 24 22 18 13 15 15 25 33 26 31 19 22 24 19 18 21 15 25 24 23 26 27 13 31 31 15 17 18 12 28 15 22 22 23 32 29 18 25 21 22 10 23 19 22 25 13 27 26 19 27 15 19 35 20 29 23 26 21 20 24 22 16 19 24 19 24 20 18 22 23 27 11 20 25 28 26 15 22 19 20 26 22 19 18 23 23 21 27 21 25 18 20 25 19 24 16 23 20 22 15 18 17 18 22 25 15 23 27 25 21 19 20 16 24 21 20 19 17 24 21 21 25 25 18 28 19 18 21 20 17 29 20 16 21 25 23 24 23 22 19 22 27 21 20 27 30 19 22 21 19 19 26 18 21 19 28 21 24 23 25 19 18 24 20 21 18 31 16 23 18 25 12 13 15 25 25 25 23 30 24 28 20 16 21 21 25 24 20 26 8 30 29 13 12 20 18 24 21 23 30 17 19 19 16 20 16 35 30 25 21 21 20 21 17 18 19 30 19 14 26 23 24 18 15 19 18 25 18 22 12 26 24 20 17 31 22 32 26 11 15 17 25 19 29 30 19 20 22 19 21 22 33 15 12 19 13 24 29 23 21 9 20 14 21 21 30 19 24 27 17 26 15 23 20 17 27 21 23 17 26 23 17 21 28 26 16 21 21 19 18 23 19 25 22 21 18 21 22 18 24 17 19 18 17 23 26 23 15 30 23 18 20 19 27 22 15 26 19 16 20 21 23 23 31 18 19 17 18 19 25 34 31 21 21 25 20 24 16 22 16 19 27 15 29 16 15 33 30 19 21 21 19 20 22 22 24 22 22 25 20 20 20 21 14 23 24 22 16 25 24 28 21 26 26 21 20 22 19 25 13 21 26 15 16 19 20 25 17 14 21 26 27 19 22 21 18 24 17 20 21 16 23 20 15 22 17 21 23 28 21 32 20 19 23 15 23 12 24 12 23 24 15 21 30 21 27 18 21 22 24 17 23 27 26 19 13 16 22 20 23 27 24 16 24 24 21 18 29 21 23 21 22 28 16 12 24 21 18 19 24 22 18 26 17 18 21 10 17 25 26 15 26 25 17 16 28 21 17 18 17 26 15 19 19 26 22 26 20 24 19 24 21 15 21 25 27 21 20 18 23 15 24 24 18 22 28 16 22 20 27 20 23 19 14 20 15 18 23 18 25 27 26 20 11 16 21 29 29 22 12 27 21 15 18 29 26 29 17 23 20 18 19 22 21 18 15 22 25 16 17 20 18 21 23 33 25 22 20 21 19 23 26 17 19 25 17 20 20 20 25 18 22 22 20 27 23 25 25 19 22 24 17 24 16 26 20 18 27 23 20 21 15 16 20 23 18 21 15 17 23 20 18 21 16 23 22 29 25 25 18 20 21 20 24 21 20 25 22 18 15 19 20 23 17 18 22 24 13 27 24 21 28 24 22 18 18 19 21 16 19 24 24 23 20 12 25 21 19 21 25 23 18 34 16 24 16 15 21 21 13 25 15 26 13 28 18 29 23 24 14 21 17 22 34 27 18 17 19 19 28 22 16 21 18 19 20 16 20 15 20 22 19 23 25 29 22 19 29 29 27 23 21 21 27 19 16 18 19 22 21 22 18 22 14 29 21 17 20 22 23 24 15 24 23 29 27 22 26 21 18 20 22 27 27 24 24 14 23 37 21 16 27 15 22 20 18 26 37 15 19 23 19 22 18 15 18 22 27 26 20 24 16 25 22 26 19 23 22 24 15 14 23 26 30 21 20 17 17 23 25 23 17 25 18 26 23 24 23 23 23 23 20 25 21 26 14 22 25 21 35 27 15 23 15 24 22 19 20 36 23 21 19 18 22 18 29 28 25 21 27 19 34 29 21 10 22 16 16 19 10 19 32 27 20 25 26 24 21 14 11 18 18 18 25 25 22 15 30 20 20 13 14 22 28 16 20 22 35 17 23 19 23 21 22 15 17 11 18 27 22 22 13 21 10 25 22 26 23 15 22 14 24 24 23 25 20 26 18 23 20 18 29 14 19 26 24 16 20 22 14 15 20 13 12 19 24 17 23 25 27 19 18 22 20 19 22 23 14 24 28 20 15 23 26 25 24 23 22 20 20 18 30 22 28 17 27 21 23 15 14 20 17 19 11 24 19 25 21 19 30 33 16 29 29 18 25 19 11 9 28 15 25 20 23 21 16 27 26 22 22 23 20 17 18 28 19 25 22 19 17 21 18 19 22 14 24 24 22 19 25 26 25 18 13 20 23 21 26 20 18 34 24 23 31 18 23 25 20 15 26 19 22 25 15 20 16 19 28 17 25 28 23 28 19 24 17 19 28 17 19 16 21 23 17 25 18 18 27 24 24 23 22 25 31 18 26 17 14 18 29 22 19 21 22 22 22 22 10 24 24 23 15 28 21 19 17 14 17 28 15 23 30 23 23 23 32 17 22 18 18 31 23 29 19 24 24 27 19 26 22 17 18 13 35 23 30 12 20 25 23 24 21 35 15 19 17 18 18 32 33 20 20 13 15 18 26 19 27 29 22 19 19 21 24 19 18 13 23 14 12 22 24 17 29 26 16 22 18 15 29 26 17 14 22 21 27 29 18 27 13 24 29 15 28 15 20 19 21 24 15 18 24 21 15 16 30 19 22 28 30 12 20 17 29 23 23 22 21 24 17 22 23 28 20 20 22 31 26 19 23 21 24 21 20 20 27 16 15 25 18 29 19 19 30 22 18 25 27 25 20 22 23 20 19 23 24 25 20 25 22 20 11 21 21 17 24 20 16 26 29 25 23 24 22 23 23 21 24 13 17 23 16 19 27 22 18 24 23 22 14 21 19 18 28 16 15 27 29 20 19 16 23 20 25 24 22 11 21 21 21 23 21 18 29 18 25 28 30 24 18 14 19 24 17 20 16 25 18 18 25 17 23 33 26 21 18 20 22 29 22 27 19 17 30 20 19 28 27 20 22 24 19 24 22 23 17 19 15 17 21 21 27 26 24 30 22 24 20 23 21 14 11 17 26 21 24 23 26 24 19 32 24 20 20 24 21 21 17 27 23 20 23 24 18 17 20 25 20 18 23 14 18 24 20 17 21 24 18 18 21 21 21 15 24 24 15 23 17 33 21 15 28 19 19 11 20 18 19 23 20 27 21 28 12 28 24 16 18 22 20 20 22 15 15 19 26 18 16 20 17 25 16 17 14 22 16 19 21 26 21 17 17 20 27 25 24 24 17 32 26 24 25 13 16 11 25 29 23 28 19 26 22 23 14 24 16 22 21 19 22 23 13 33 18 22 16 25 15 18 30 14 22 19 22 17 27 22 18 13 17 33 19 22 21 20 23 20 12 32 23 22 18 16 17 33 18 17 24 21 28 26 20 25 17 17 22 26 13 20 24 16 26 27 20 19 19 24 19 16 17 19 22 26 18 17 18 16 27 22 29 19 19 15 20 20 19 30 23 23 19 27 21 13 18 19 24 24 21 24 26 24 16 16 19 20 20 26 19 21 19 22 19 17 23 25 27 22 16 25 19 18 18 21 15 21 13 25 19 20 25 26 16 23 20 18 28 19 19 24 25 22 20 22 14 19 19 18 23 24 20 17 23 21 23 23 20 28 18 21 28 23 24 12 17 26 28 24 28 20 25 22 20 25 20 25 20 24 22 18 22 21 26 21 24 14 28 29 17 22 23 17 21 19 21 27 18 26 23 21 19 23 27 22 29 28 18 17 14 25 20 16 25 24 25 22 14 26 23 15 26 16 13 30 17 21 20 22 29 19 26 32 13 23 20 21 19 15 20 17 21 23 24 20 22 20 25 15 17 27 25 23 23 22 21 17 17 23 28 26 24 17 24 23 17 25 19 27 21 15 25 19 26 14 19 21 20 16 14 26 20 17 25 18 23 25 21 20 18 19 19 21 26 19 20 28 26 21 23 23 15 27 16 17 15 19 22 18 19 23 23 14 19 21 20 20 25 20 22 21 22 28 15 25 27 16 24 25 16 23 22 33 18 21 23 23 15 26 19 19 17 21 20 26 15 15 20 25 27 25 14 22 26 29 27 17 28 16 25 19 18 28 31 17 11 20 21 26 22 22 19 19 24 21 21 30 18 22 27 15 21 26 20 13 27 21 20 29 21 16 24 17 20 24 22 17 18 20 17 30 23 19 28 16 19 21 23 22 21 22 22 18 26 29 15 19 13 20 26 27 17 28 24 23 21 25 26 27 28 17 16 32 20 17 21 22 17 18 24 21 28 18 17 17 16 30 17 20 17 19 21 29 13 26 12 23 23 30 18 20 20 30 21 30 23 22 22 16 22 25 21 14 20 17 21 22 22 18 18 18 21 17 20 26 23 26 18 14 24 20 18 22 21 20 15 24 19 28 21 27 22 23 21 24 26 21 17 19 26 18 27 19 25 22 20 25 25 23 24 18 27 21 20 15 20 24 30 18 24 24 19 18 14 20 29 19 20 18 17 27 20 18 20 17 33 18 29 20 23 17 18 22 9 17 20 24 28 17 21 27 11 22 22 27 18 28 19 14 26 24 19 31 31 23 21 22 20 16 19 17 16 23 27 33 20 19 20 30 21 23 23 17 20 20 16 25 23 31 13 24 21 25 21 22 18 16 21 16 24 23 24 17 23 22 15 17 25 27 21 16 24 30 19 20 24 21 26 16 19 16 30 23 18 19 24 26 19 16 23 20 20 17 23 20 25 24 24 28 20 18 23 26 19 21 18 18 14 21 22 17 22 30 18 26 20 22 17 17 26 33 24 18 24 32 16 18 12 15 25 19 16 16 26 21 12 25 13 26 18 23 20 19 16 24 23 18 17 17 21 21 27 27 17 17 24 22 26 25 13 27 20 15 26 25 24 20 19 27 18 23 19 19 24 21 17 22 15 27 28 16 23 15 18 18 23 16 28 30 19 17 19 17 21 26 23 17 28 18 15 22 19 19 18 23 17 26 28 17 16 15 18 23 25 32 25 20 29 21 22 19 19 16 21 16 27 14 20 22 15 20 28 20 18 20 30 29 25 25 20 25 13 22 19 18 25 15 21 23 24 15 23 26 17 14 24 16 20 21 25 25 26 20 13 17 10 23 26 16 22 20 21 25 22 18 18 23 24 19 19 28 24 25 22 19 16 31 22 26 24 18 22 20 21 24 22 26 22 25 25 22 18 20 17 27 19 19 19 16 18 13 22 32 20 25 24 33 17 12 23 31 13 16 27 18 24 23 19 26 11 24 16 21 26 26 19 20 16 25 20 23 22 24 31 21 21 17 12 18 25 27 25 22 23 18 17 12 20 18 21 27 18 18 22 20 30 19 20 19 17 23 28 26 24 22 19 26 15 22 21 18 26 26 19 25 26 27 19 21 28 27 22 23 25 20 19 16 20 23 16 19 21 27 21 24 18 22 18 21 14 21 31 25 23 18 27 16 16 17 21 21 27 26 16 19 28 22 19 24 29 19 19 20 11 20 15 20 23 18 24 30 28 19 19 19 13 21 24 17 20 21 24 24 29 23 22 18 20 19 24 19 25 20 27 18 25 24 25 25 17 15 22 27 21 16 19 22 25 24 17 23 18 17 23 31 28 12 18 19 20 24 18 17 15 14 31 25 16 16 21 18 18 22 24 21 19 14 20 24 31 20 13 20 28 20 16 19 16 21 17 16 26 21 24 22 17 15 25 23 23 26 18 25 20 21 23 26 16 14 23 14 25 28 17 20 32 24 23 27 17 23 17 27 19 15 32 29 21 17 13 21 25 16 29 23 20 13 22 14 22 27 18 28 16 26 20 12 26 22 17 16 21 21 24 16 24 27 17 20 19 23 22 27 15 26 23 25 15 21 19 22 24 21 23 19 22 20 19 17 12 24 26 19 17 23 20 24 14 23 25 24 23 18 24 16 10 20 27 22 25 26 27 23 19 21 29 23 20 24 21 23 14 20 25 33 20 22 22 20 14 17 24 24 26 25 23 26 28 25 17 23 19 21 20 17 20 26 13 27 29 30 19 21 15 15 20 18 15 27 20 25 22 13 20 27 22 30 13 17 23 34 20 21 19 22 25 14 17 20 22 20 19 20 23 23 20 17 17 17 29 27 20 25 10 23 25 23 13 28 21 20 22 16 17 20 26 29 14 24 20 22 21 15 28 21 28 28 16 20 14 19 28 28 23 32 22 20 28 20 24 18 22 16 23 25 19 22 24 25 21 26 18 19 15 17 22 16 30 17 21 25 29 18 30 22 25 19 24 14 13 22 21 26 23 22 20 19 19 18 20 23 25 25 17 27 24 21 29 24 21 10 20 20 26 23 19 19 20 25 29 27 23 33 22 24 11 22 18 19 19 19 28 25 27 28 22 25 25 17 19 24 24 21 18 16 17 26 20 26 24 21 28 23 18 20 18 25 22 18 22 16 22 19 23 23 33 22 22 16 19 24 21 18 20 20 26 17 24 19 33 19 24 22 12 20 19 19 19 16 23 24 23 16 25 23 28 29 20 15 16 23 22 18 24 15 17 15 24 21 20 18 33 17 24 22 22 24 22 15 15 21 20 20 18 25 23 26 24 15 22 26 21 23 26 19 21 21 21 21 18 12 21 20 22 22 22 20 29 19 22 21 23 25 25 17 16 21 20 23 30 25 25 21 26 15 21 18 16 12 20 14 15 17 21 29 26 23 19 18 19 23 23 9 20 23 21 20 21 26 25 21 22 27 14 16 18 26 21 20 31 24 21 19 9 20 24 21 19 27 19 22 21 20 33 20 26 27 25 20 22 26 22 16 16 18 20 21 14 29 21 20 21 20 20 16 23 22 19 26 26 25 24 18 21 13 34 23 27 29 7 17 26 22 17 16 16 20 21 14 27 13 31 23 20 25 25 26 17 17 29 26 22 29 23 18 22 17 16 18 21 19 25 20 25 27 31 14 20 26 26 20 20 23 12 18 20 23 21 24 22 23 20 21 24 26 23 20 24 26 19 24 23 23 23 20 18 18 19 30 16 20 22 27 19 24 31 20 23 19 28 22 20 24 11 23 15 24 17 23 17 24 27 25 21 27 19 10 22 18 24 24 15 14 20 26 27 17 21 24 22 25 33 25 18 21 17 26 20 28 21 19 22 11 22 19 20 19 23 23 19 19 29 24 14 21 26 24 13 14 23 20 18 22 18 23 25 23 17 25 13 28 28 22 16 17 20 20 20 24 20 28 27 13 24 13 21 31 22 20 19 26 23 18 20 27 23 26 24 13 25 23 21 18 25 16 28 21 15 24 16 15 19 21 20 24 23 23 23 34 25 16 33 16 18 18 23 23 23 15 15 22 21 16 15 18 21 20 21 28 11 23 21 24 33 19 24 14 24 20 22 16 15 26 19 16 26 24 27 17 21 17 27 14 18 17 18 23 21 19 25 18 20 14 14 27 16 25 23 27 25 21 22 26 18 19 19 23 21 24 32 25 19 26 21 21 22 31 27 21 18 16 21 27 20 19 20 22 18 23 25 25 19 21 19 26 22 20 13 22 25 13 21 18 31 19 20 24 18 19 22 23 20 21 20 23 21 22 34 27 13 23 23 23 20 21 24 22 13 21 21 21 24 22 16 21 23 24 22 14 20 14 24 21 18 28 13 22 19 22 22 20 25 24 23 28 18 22 19 20 18 32 17 22 33 25 14 12 20 16 21 28 24 19 13 15 28 23 20 21 25 19 19 27 14 22 21 29 22 17 17 25 27 27 12 23 27 18 17 20 28 21 27 21 12 30 14 24 25 25 12 23 18 23 26 27 26 19 7 17 25 14 24 18 29 16 18 27 27 19 25 19 15 24 17 17 21 24 24 30 23 17 22 31 21 17 21 18 17 25 24 18 26 17 24 19 17 21 22 10 16 21 22 17 23 21 16 20 22 22 22 25 22 26 17 18 22 17 18 18 28 23 15 18 20 18 22 16 23 16 22 17 18 20 28 21 27 24 21 23 17 18 19 22 24 17 21 12 26 22 22 27 34 28 19 20 24 19 18 23 17 18 21 29 15 19 26 22 22 24 21 24 20 25 19 23 23 25 22 17 34 15 21 19 18 21 23 28 25 17 17 14 16 23 24 27 20 23 20 31 26 16 27 19 22 19 23 16 19 32 19 24 24 27 20 22 28 30 22 33 20 18 23 20 17 19 25 18 22 21 27 21 30 21 14 14 25 18 23 24 22 22 24 21 21 20 18 25 25 21 24 20 17 24 16 16 21 20 27 24 23 21 24 21 18 22 21 22 17 23 23 27 26 20 17 23 26 23 24 18 14 27 22 24 16 27 22 22 18 19 18 18 26 19 29 21 21 18 27 22 27 28 25 23 20 15 18 19 22 23 19 27 20 26 25 19 15 32 21 22 21 22 18 16 25 31 18 27 23 19 16 27 17 21 30 24 26 20 22 12 21 20 27 24 26 21 20 22 18 27 28 25 18 24 22 29 23 23 18 20 26 20 16 20 23 22 25 16 26 20 18 16 23 14 23 20 22 23 17 22 21 23 28 19 20 19 20 22 20 13 20 24 14 28 21 18 22 18 15 28 20 21 22 17 26 25 27 20 18 26 25 17 16 19 14 19 23 26 18 16 24 12 19 21 23 26 18 30 20 26 19 22 27 17 21 19 15 15 22 23 25 18 15 28 16 18 30 14 23 23 21 24 23 28 18 19 18 18 24 21 24 27 15 9 23 23 19 22 25 24 27 22 28 12 24 16 21 20 27 17 15 21 18 19 18 24 28 27 26 16 15 18 27 17 22 29 22 30 19 19 17 19 20 28 26 14 28 26 15 30 15 22 20 25 19 22 37 17 23 16 8 18 27 23 27 16 20 18 25 20 19 20 14 20 28 26 17 17 19 19 22 20 17 21 24 21 17 23 31 23 20 19 20 27 27 19 25 23 16 15 19 16 19 16 25 18 23 20 15 25 21 26 22 22 19 21 27 23 16 26 24 26 22 21 23 31 20 20 18 17 24 22 14 18 27 20 23 26 24 10 20 26 16 14 25 16 26 28 22 19 28 25 19 20 24 26 24 17 20 20 23 24 29 19 19 12 19 22 28 20 19 21 22 26 30 25 24 23 18 25 26 19 19 17 15 18 22 23 20 25 21 36 14 24 17 16 18 27 21 20 28 17 18 22 15 27 17 14 21 23 19 19 27 21 19 21 26 28 27 24 22 19 17 15 16 19 20 26 17 26 13 17 24 24 29 19 24 20 15 27 26 27 23 13 26 19 16 22 19 15 23 16 21 24 17 28 19 23 28 24 19 23 21 17 23 17 19 27 23 16 17 20 18 23 24 27 23 24 32 23 24 19 14 33 24 22 21 29 17 22 24 19 26 22 21 15 29 17 22 15 22 20 20 12 20 26 27 26 21 23 28 28 25 25 18 19 20 16 24 17 19 13 19 18 27 15 29 23 24 15 16 12 15 15 19 21 21 15 28 25 25 19 25 18 22 22 24 23 29 20 19 21 15 23 19 18 20 34 15 22 29 18 21 30 21 29 21 11 22 22 13 14 27 19 19 24 19 26 25 15 22 19 20 25 20 30 23 23 19 21 22 26 16 23 26 23 13 16 16 23 18 27 22 22 14 25 16 21 19 16 21 25 20 29 20 25 30 27 15 22 15 21 23 18 28 18 17 28 19 29 13 21 22 16 24 16 14 19 18 26 24 17 14 17 28 24 20 26 24 16 23 14 29 20 29 22 23 18 20 23 19 17 19 26 19 22 22 32 24 23 16 16 15 15 17 19 23 16 19 22 26 25 15 20 23 25 26 22 29 22 20 15 25 26 17 22 19 18 13 24 21 22 19 19 13 19 19 23 19 27 22 22 24 26 20 18 23 21 20 22 19 17 20 17 20 15 26 15 23 22 22 17 17 23 22 29 18 21 20 22 25 22 19 23 12 24 19 21 25 28 17 18 21 29 27 20 25 32 11 21 18 13 30 28 16 18 18 22 22 18 28 21 22 21 22 23 20 20 21 18 28 27 15 31 29 17 18 21 22 17 14 29 24 16 20 11 17 19 22 24 29 22 8 24 25 23 23 17 24 24 24 26 27 20 22 26 22 22 17 24 16 19 25 16 25 21 27 22 10 24 29 20 18 15 15 31 26 13 23 14 24 21 30 17 22 33 21 15 18 22 20 24 19 28 30 18 17 27 20 20 23 17 28 20 17 26 26 24 20 18 14 27 20 26 12 18 18 21 21 24 30 29 21 16 22 23 16 21 24 20 16 19 22 22 22 31 23 21 14 20 18 21 26 23 19 25 22 19 25 23 15 23 20 9 19 29 15 11 28 19 26 20 27 21 17 24 17 25 22 27 17 16 21 17 14 28 17 28 17 21 15 24 34 17 29 21 33 27 17 19 7 19 25 21 19 23 20 33 18 27 26 12 21 17 20 21 19 20 19 21 32 20 14 20 19 22 25 19 22 23 26 25 22 17 25 18 24 21 20 27 17 17 19 17 23 24 20 20 17 32 22 17 21 20 23 21 22 20 25 21 25 21 17 25 16 28 13 22 24 24 19 22 27 22 19 23 16 18 26 14 28 18 24 24 26 16 21 29 18 20 24 17 17 23 24 27 25 20 20 24 17 14 22 30 14 27 23 22 16 19 27 21 34 21 21 16 17 21 19 15 21 20 27 16 25 32 15 22 23 28 23 19 15 22 24 17 22 20 24 23 16 32 14 19 18 25 19 26 14 25 19 21 20 12 16 23 21 29 26 15 19 22 25 25 23 26 16 15 26 20 22 25 20 23 24 18 22 21 18 26 17 17 20 22 22 14 19 25 23 22 23 18 22 25 23 11 11 20 30 18 26 21 19 23 22 38 22 17 22 21 15 28 17 21 18 28 18 25 16 20 19 14 20 22 24 12 24 22 20 21 20 12 24 15 19 18 21 28 21 29 14 24 25 22 15 24 17 15 22 18 29 18 19 24 28 15 15 23 15 33 23 24 28 20 22 20 20 21 19 26 21 20 21 27 25 16 24 19 19 23 25 12 32 21 17 29 22 22 24 23 20 19 17 18 26 22 13 19 27 17 19 28 19 10 24 15 19 11 26 15 22 18 23 13 19 27 22 20 21 18 22 14 19 28 26 31 26 22 20 24 21 12 21 24 25 18 22 24 19 20 28 25 22 25 26 18 16 14 27 23 25 19 21 19 15 17 23 24 22 24 24 23 24 17 14 25 18 20 30 18 25 21 25 25 22 20 22 31 24 21 23 17 16 31 28 28 15 25 18 29 17 22 17 25 11 24 24 24 29 24 22 15 25 15 13 22 15 16 27 21 30 16 22 22 24 22 23 20 21 28 19 20 18 23 28 19 24 27 20 22 25 21 19 28 22 17 20 23 21 10 22 26 18 14 20 22 20 14 27 20 21 22 13 12 22 25 18 25 22 27 26 22 23 21 25 12 22 23 24 31 22 24 27 18 21 17 19 20 20 23 17 13 21 29 20 16 17 24 14 18 23 24 26 28 20 27 24 22 17 22 24 21 11 18 20 22 19 19 26 24 32 15 16 21 32 23 18 21 16 20 17 27 33 17 23 20 22 22 18 13 15 23 22 24 38 18 18 22 24 18 26 30 23 18 24 20 20 23 23 27 22 25 22 14 22 18 28 19 22 25 16 21 22 23 32 18 21 24 12 14 19 21 29 25 18 30 28 14 27 14 16 14 18 34 18 23 33 20 22 23 10 22 18 33 17 26 24 24 25 24 18 23 19 16 22 25 30 24 31 12 16 21 16 25 24 20 26 30 23 25 22 28 16 22 20 16 28 18 26 25 20 31 12 28 19 22 26 17 20 16 23 22 33 20 26 20 31 19 22 14 25 21 27 27 19 20 21 29 19 31 18 16 13 21 17 20 22 21 18 20 29 20 18 21 15 17 21 40 17 10 21 18 18 22 23 26 15 27 26 24 23 23 26 18 11 30 25 21 27 30 21 14 32 15 24 24 16 23 20 18 25 20 19 27 23 16 16 20 19 22 30 22 14 13 25 14 26 29 32 22 18 24 15 16 21 28 22 30 23 21 17 12 27 16 24 22 19 21 19 18 19 21 16 25 21 26 22 17 25 10 24 12 14 18 27 21 13 17 18 24 18 24 17 23 26 16 23 18 22 17 24 24 12 15 23 27 19 17 20 22 16 20 16 30 25 17 24 18 20 20 22 16 21 19 25 23 23 17 32 16 16 22 22 24 24 24 24 25 23 21 20 14 15 24 27 20 15 18 17 24 16 27 15 22 25 9 23 19 29 25 24 24 21 22 28 28 20 20 17 22 20 14 21 20 27 20 22 28 24 25 20 22 18 18 27 22 21 22 20 21 11 20 12 24 25 26 13 22 26 26 26 30 23 23 21 19 17 14 23 22 28 21 31 21 22 20 17 14 31 22 25 19 14 23 21 21 18 19 11 17 22 19 27 21 15 23 19 27 14 25 19 13 21 22 28 16 23 20 17 15 17 23 18 24 24 26 28 20 17 22 21 23 17 25 24 18 26 18 16 23 34 21 15 16 25 24 15 26 24 21 15 17 23 20 21 19 17 17 27 16 22 16 22 27 24 21 28 24 23 21 27 14 22 24 18 22 20 19 27 25 20 14 14 19 21 7 18 26 24 31 15 23 20 24 18 28 25 18 27 21 22 16 15 22 31 16 26 22 22 21 24 23 20 30 19 24 22 21 25 26 21 27 22 19 21 29 20 19 20 20 15 21 19 25 20 14 16 20 23 25 14 21 16 24 18 28 18 20 24 23 30 23 15 26 14 20 21 26 27 19 27 19 28 22 18 23 19 24 17 20 21 16 22 27 18 26 25 20 20 18 19 24 27 18 28 21 14 18 18 17 28 24 19 20 26 17 22 32 19 18 18 25 23 24 25 23 20 21 16 25 17 23 21 21 25 18 19 19 26 16 31 20 22 15 22 25 24 19 30 15 21 26 15 20 20 28 21 23 22 22 16 29 27 26 36 15 19 23 15 28 24 13 24 26 24 19 23 13 21 16 21 15 25 24 19 26 21 18 20 23 19 20 21 23 24 24 16 29 26 12 21 28 21 17 25 23 24 21 23 26 16 17 24 24 19 18 15 22 17 27 28 22 23 22 26 18 21 29 11 19 22 27 19 24 22 20 26 16 18 20 29 28 20 20 12 17 24 22 26 20 21 26 22 22 21 19 19 26 23 19 20 16 21 18 25 19 18 20 21 27 21 21 15 17 15 27 26 21 19 16 24 25 21 20 25 19 27 20 17 20 16 16 20 22 22 26 18 19 26 20 25 25 22 25 23 23 16 27 17 24 19 18 13 24 18 12 17 25 20 15 23 21 20 22 17 23 21 21 19 22 17 17 26 18 25 27 24 21 21 22 19 32 27 18 23 18 23 19 17 19 21 20 23 26 22 24 25 19 22 27 22 29 20 23 21 14 18 14 20 20 27 21 13 30 21 21 22 21 29 22 30 21 25 23 22 25 26 18 22 23 16 30 22 28 19 26 21 22 17 12 15 13 24 23 20 25 27 30 19 15 14 29 25 15 25 12 21 24 24 21 28 27 26 17 14 18 20 30 24 20 16 19 26 11 30 27 21 18 25 27 17 28 23 19 21 27 28 19 24 19 26 14 14 22 30 22 29 21 20 24 26 20 22 19 16 10 22 20 22 28 25 19 25 18 21 22 28 18 20 31 27 15 21 19 18 25 22 15 23 23 18 21 27 16 14 23 22 23 20 23 23 22 35 21 18 25 21 24 15 22 22 17 21 24 23 22 20 17 17 25 19 21 28 22 23 15 25 20 20 20 16 30 28 20 30 13 22 13 21 16 16 14 23 18 16 26 25 27 21 13 21 15 20 27 28 21 29 23 26 21 19 21 20 30 20 22 21 18 19 22 23 26 15 15 26 21 28 21 21 25 28 20 24 20 21 15 24 20 23 20 23 24 25 14 25 17 21 24 17 23 22 23 24 19 16 26 27 27 15 22 23 16 17 22 16 30 18 25 31 30 19 18 12 20 20 21 22 23 20 21 23 26 22 18 33 26 18 21 23 18 29 27 24 11 29 24 28 20 15 17 24 24 25 28 22 15 21 18 17 23 27 20 22 19 19 19 17 21 10 17 15 25 18 27 27 24 20 25 18 17 28 26 25 23 17 24 31 27 19 21 27 29 25 13 22 27 19 8 26 20 19 19 22 28 25 17 15 20 19 26 25 25 12 25 32 21 12 15 19 16 21 26 26 18 22 20 22 16 19 21 22 21 21 17 23 18 18 24 25 14 18 20 17 25 18 28 27 20 21 18 21 21 20 25 21 23 20 23 24 14 18 15 16 18 20 25 19 21 16 25 19 21 17 21 19 23 18 23 19 23 16 19 20 22 24 23 16 25 26 21 19 18 18 24 24 17 24 18 15 20 21 23 29 18 19 19 23 25 17 20 22 16 21 23 18 20 25 21 20 29 21 21 25 22 30 21 21 26 21 13 24 23 20 16 22 11 22 24 22 17 21 24 23 26 12 25 17 18 26 14 18 19 20 14 28 25 25 18 20 24 24 20 16 23 23 21 25 21 23 19 24 22 15 28 28 19 10 17 23 21 20 17 21 18 25 19 27 23 20 21 29 25 19 21 24 22 23 14 19 20 18 17 22 25 23 14 21 23 20 19 17 12 21 28 23 22 29 23 20 23 24 21 16 22 24 24 29 14 24 17 18 17 21 21 20 21 23 24 22 18 19 26 25 19 22 16 23 13 18 26 27 18 17 18 20 20 16 21 29 21 27 20 20 18 21 20 27 25 16 27 25 27 15 24 26 23 22 19 18 23 19 23 22 21 16 21 19 28 26 18 22 30 25 21 15 19 21 20 31 28 18 28 21 23 21 20 28 23 18 18 27 32 18 19 17 12 23 27 25 21 33 27 14 23 19 11 22 22 24 25 14 16 24 16 16 17 14 25 20 23 14 24 23 20 14 19 19 17 27 25 28 17 27 19 25 11 23 20 14 22 29 26 26 22 25 19 26 24 21 22 21 25 17 21 21 16 22 22 14 24 14 19 26 24 19 27 18 19 15 19 18 20 31 29 25 30 22 18 27 19 19 22 15 17 14 20 21 29 19 34 15 22 15 28 22 18 24 19 19 20 21 19 31 30 20 17 25 16 27 29 17 26 25 25 23 20 16 19 21 16 16 28 21 19 17 21 19 22 21 20 15 19 23 20 28 22 16 21 19 22 21 19 27 21 26 23 13 29 23 25 16 24 20 17 13 22 19 29 23 25 25 29 22 24 13 17 17 24 23 21 18 22 19 22 17 21 17 21 25 18 34 26 23 11 21 15 25 21 18 17 18 23 24 23 19 24 18 18 24 18 26 32 17 24 23 25 34 22 27 17 30 23 16 19 22 23 29 27 24 24 18 22 18 22 18 25 21 20 15 21 18 26 16 18 26 20 32 22 19 28 17 25 20 29 27 16 20 22 25 22 24 23 26 21 20 21 21 24 16 18 14 28 23 19 23 16 21 25 39 19 22 18 17 15 20 19 16 24 21 19 20 16 18 25 27 25 17 14 26 20 25 16 19 23 18 17 36 25 23 22 16 22 11 23 18 25 11 25 24 26 22 15 18 14 27 15 17 26 24 25 20 20 36 22 13 19 20 19 25 23 21 21 25 25 17 11 26 18 19 25 23 17 19 20 19 22 17 21 27 16 20 17 21 19 23 21 15 23 21 14 24 25 16 22 20 21 24 17 21 22 21 25 35 16 18 21 17 20 26 19 19 29 19 21 22 18 19 15 19 20 32 20 24 18 15 21 24 16 26 19 19 26 23 27 18 24 22 23 24 24 25 18 18 21 27 29 24 17 26 21 26 15 21 20 27 20 30 18 29 24 29 21 24 19 19 14 27 21 13 20 19 25 25 23 29 20 21 25 20 16 22 29 27 22 26 15 24 23 15 22 22 27 27 20 16 21 23 21 22 15 27 19 22 18 15 19 16 23 24 18 27 36 18 22 27 18 29 26 19 30 14 17 29 25 23 19 21 22 25 9 19 14 23 37 21 26 18 24 25 22 19 23 25 21 23 26 26 20 16 23 19 20 24 14 34 26 29 20 21 15 17 25 23 22 21 26 21 27 23 23 16 14 22 21 27 17 18 31 19 20 26 27 22 21 17 26 22 16 16 20 21 19 22 21 21 23 17 14 24 28 30 28 18 18 22 23 21 24 18 29 19 30 13 28 24 23 23 26 17 14 16 18 18 17 30 25 19 24 23 16 16 23 27 25 22 27 31 22 10 19 22 22 21 21 26 27 18 20 25 17 16 17 22 17 27 24 32 26 12 26 24 16 19 27 15 21 14 17 28 16 23 20 26 20 22 13 22 13 28 20 25 28 20 26 20 19 24 15 16 16 23 26 15 27 18 27 20 23 22 23 24 19 20 22 28 23 30 26 13 25 24 16 15 19 24 26 23 27 27 20 20 13 21 16 16 24 18 30 23 17 24 20 18 34 27 26 24 26 18 17 25 22 28 16 20 18 16 14 16 24 19 22 20 15 19 22 21 20 21 23 17 15 24 22 15 19 29 24 26 25 23 20 21 17 25 31 18 21 28 29 24 21 17 18 14 17 27 21 22 16 27 19 22 30 26 17 18 19 22 15 21 20 21 23 26 30 22 26 18 20 20 17 21 26 15 28 15 15 22 26 16 24 11 15 26 22 25 17 29 20 25 19 20 22 21 29 16 33 19 22 20 21 26 18 19 18 15 34 19 21 33 24 17 28 25 19 35 23 15 20 16 21 24 25 22 26 16 25 14 22 23 27 14 15 30 24 19 18 27 23 19 19 24 16 20 19 19 24 10 22 20 13 24 28 15 23 12 11 19 14 20 17 24 23 19 24 22 22 22 22 21 22 18 30 25 20 23 22 31 18 21 21 23 15 16 25 32 24 22 24 18 24 20 14 14 23 27 17 13 19 18 17 26 19 21 26 19 16 24 20 27 17 23 26 21 19 17 23 16 26 24 18 16 17 21 20 17 23 14 28 28 17 27 20 26 26 29 17 20 33 17 24 36 24 10 24 23 23 15 22 20 21 16 22 22 25 19 17 20 20 18 22 16 28 21 28 17 24 26 21 17 21 25 20 19 20 17 24 23 28 25 17 20 17 23 28 32 22 20 22 14 21 19 23 31 29 17 16 18 21 18 17 16 21 26 30 25 22 24 23 24 27 20 22 16 18 24 23 17 21 24 16 23 19 19 20 24 15 18 21 23 22 31 23 16 17 27 22 22 26 23 24 11 20 20 25 22 21 24 17 18 14 24 23 24 27 17 27 21 26 17 22 17 29 27 18 14 11 25 18 24 22 23 20 23 13 17 8 24 29 21 21 29 27 22 18 19 24 21 26 17 10 19 20 19 17 23 29 24 19 26 23 26 25 21 26 13 21 15 20 20 35 19 20 16 20 20 26 21 20 20 27 19 22 26 19 23 26 22 19 21 27 18 14 16 25 26 27 16 23 23 20 20 19 24 23 15 26 31 18 27 22 23 18 23 28 20 22 15 17 19 22 23 23 25 33 29 27 21 22 18 18 17 24 18 18 27 15 36 23 20 31 12 28 12 16 22 21 22 22 21 20 18 22 14 12 21 13 21 22 24 24 22 20 23 23 20 32 13 23 25 19 19 13 11 26 19 19 25 20 25 24 19 21 16 27 17 19 24 20 26 25 21 12 20 25 26 23 18 22 20 18 15 20 24 19 26 15 22 23 19 27 29 23 25 17 24 28 13 15 18 22 15 21 15 19 23 22 12 21 27 25 19 21 24 19 21 17 20 20 27 16 26 20 22 20 26 27 23 18 19 18 16 11 22 27 23 30 24 22 22 21 17 29 21 20 18 16 14 18 21 17 25 21 21 24 24 18 19 27 19 30 15 19 20 21 21 23 23 19 24 27 19 26 28 23 30 21 23 31 15 25 15 20 23 20 17 10 32 9 25 20 28 20 15 19 22 23 22 23 19 13 20 18 19 28 23 20 26 22 22 24 27 14 19 18 17 29 21 25 25 20 25 17 22 29 14 20 24 18 16 20 27 20 18 24 19 24 18 23 19 18 16 18 16 25 17 19 27 33 23 19 16 19 15 23 18 22 21 22 23 27 24 23 18 15 20 19 27 20 22 24 18 25 17 18 21 23 20 26 24 15 25 24 22 22 15 21 25 24 21 18 19 20 28 27 26 17 20 29 17 19 28 22 22 21 19 23 18 23 18 27 17 18 16 22 21 18 22 29 30 21 26 20 19 23 25 14 17 25 11 18 20 22 34 21 21 21 19 32 30 20 29 25 18 22 28 20 18 22 15 23 18 24 15 24 15 28 18 13 21 23 18 19 26 18 26 17 15 28 18 11 22 21 24 25 15 33 10 19 22 24 19 27 19 30 19 20 19 11 25 24 25 25 23 17 17 25 29 22 19 17 22 33 22 20 21 13 25 25 18 18 26 31 29 21 22 18 21 23 17 21 20 20 21 22 25 20 28 26 19 26 22 17 18 21 22 28 18 19 27 21 22 17 26 23 12 20 19 22 21 19 27 17 19 21 25 16 17 16 26 22 19 19 15 21 30 20 26 13 27 21 30 22 14 28 17 22 30 27 19 23 16 15 20 16 13 21 20 26 13 20 22 16 22 21 22 20 11 25 28 23 20 17 15 15 21 16 21 25 21 17 24 22 26 22 22 16 26 23 21 21 27 14 21 14 30 29 15 16 28 20 20 22 22 14 18 14 32 26 22 25 24 16 23 24 19 19 26 19 24 21 20 24 22 21 20 22 21 25 20 11 21 25 22 18 23 20 26 18 18 26 13 28 25 18 16 24 25 22 16 17 22 23 23 19 20 27 21 18 17 19 21 26 21 31 12 22 20 17 22 20 28 13 18 18 19 22 14 26 21 13 19 23 20 16 27 24 22 19 17 15 23 28 21 26 21 30 25 22 16 17 21 22 19 13 23 16 28 17 26 27 16 19 24 19 18 24 26 28 25 23 20 20 23 16 27 25 24 21 16 22 22 26 29 18 17 29 22 23 22 23 20 19 21 28 20 26 25 22 24 17 16 20 18 21 23 17 15 28 19 19 25 20 22 25 19 18 20 18 20 31 22 26 15 22 24 23 17 24 16 27 15 30 21 26 14 18 18 19 21 21 20 21 20 21 24 26 25 10 20 22 24 20 20 24 23 20 27 23 25 23 13 20 23 22 15 16 23 17 26 20 19 30 26 27 30 15 20 22 14 17 20 15 29 24 16 24 23 17 26 23 13 16 20 15 17 20 25 15 27 26 25 25 31 26 20 19 22 21 23 23 15 19 20 26 24 24 23 20 26 26 25 18 20 22 16 21 15 19 20 31 17 24 16 23 22 17 22 14 12 23 27 25 30 18 27 18 16 18 16 25 21 19 21 19 19 20 25 25 21 18 23 21 16 23 32 18 25 15 15 21 16 29 24 25 22 29 16 27 25 18 16 25 23 22 19 21 17 32 17 24 23 15 22 21 18 23 25 29 23 21 25 20 17 21 18 25 22 23 26 20 18 26 21 14 17 20 25 19 22 26 22 28 20 24 19 22 21 16 29 21 27 19 25 26 26 16 19 19 16 18 21 21 17 23 22 20 25 24 28 16 24 19 21 14 30 20 24 28 21 25 15 17 19 24 16 26 22 25 25 18 24 19 21 23 20 16 20 15 19 22 19 12 20 25 22 16 22 16 21 19 24 24 27 29 30 23 15 18 20 19 17 26 13 16 25 26 17 20 18 25 19 12 20 20 23 29 28 20 19 27 18 20 22 23 24 20 25 22 28 27 21 28 20 20 18 26 20 18 21 17 18 22 18 20 22 23 19 18 26 28 17 13 29 23 29 20 20 26 22 17 19 25 27 19 15 16 28 25 26 25 27 17 19 24 25 25 15 18 29 17 21 28 16 13 19 23 25 26 18 27 28 20 19 21 20 17 13 20 14 26 19 19 18 29 11 20 25 25 15 20 13 23 26 18 17 29 34 19 24 17 21 24 22 22 24 26 30 19 23 20 17 24 19 18 25 16 15 15 13 24 19 20 20 17 16 21 19 18 24 21 18 17 18 27 26 20 17 14 28 18 17 22 21 21 27 24 16 21 12 21 25 14 19 13 25 25 16 17 9 23 19 15 20 23 20 31 22 23 29 21 22 34 25 19 15 20 17 18 23 24 20 21 19 20 24 26 25 20 25 17 23 25 17 18 22 21 16 21 23 21 11 30 28 33 14 21 25 11 29 24 20 31 16 23 29 27 20 18 26 17 14 15 20 26 31 19 20 24 27 19 16 19 22 24 21 22 22 32 19 26 21 22 21 23 21 21 16 22 21 23 25 29 19 22 21 25 27 17 17 14 26 23 22 27 19 27 19 16 21 18 20 25 20 19 16 16 23 23 28 23 24 15 22 17 22 28 15 20 17 15 21 25 24 25 24 25 14 20 19 16 23 29 15 18 26 26 23 20 20 19 24 22 22 23 17 25 22 17 25 23 13 20 28 19 19 26 27 23 28 16 22 14 19 23 20 27 26 22 18 17 28 23 21 16 17 16 29 21 17 19 25 13 26 23 17 24 21 21 28 25 19 23 21 18 15 26 24 27 21 16 19 23 27 18 21 22 27 21 28 19 21 16 30 13 28 25 22 18 28 11 27 26 22 10 22 19 22 17 18 15 22 20 21 19 22 20 16 23 16 21 21 21 14 12 26 20 17 20 20 22 21 22 20 21 23 27 32 24 23 24 21 26 23 19 15 26 18 18 31 23 24 19 12 24 21 16 21 15 17 24 18 9 37 27 22 18 23 17 26 22 24 17 26 13 20 26 19 23 27 21 23 20 22 24 22 18 19 23 22 22 24 21 17 12 18 25 20 20 22 17 25 17 24 31 13 26 14 8 13 27 25 16 23 22 27 22 31 19 23 19 27 37 20 11 18 21 17 22 23 27 17 32 23 16 24 16 21 21 33 24 22 19 21 23 27 23 15 26 20 17 23 18 20 22 23 17 24 27 23 25 22 27 26 21 27 19 26 20 18 20 32 25 13 33 27 27 22 19 21 19 21 25 23 15 18 30 23 19 16 21 17 24 27 11 21 21 20 21 28 18 27 17 26 25 21 22 28 14 29 19 25 25 21 22 22 15 18 30 31 19 22 15 20 31 16 15 21 21 32 23 21 21 20 23 16 16 13 21 25 12 24 14 24 16 19 21 21 18 15 19 28 19 26 24 15 23 26 17 25 22 21 18 20 19 28 18 17 20 28 18 19 18 32 24 17 18 18 18 25 17 20 29 23 22 19 23 24 19 16 15 18 11 15 20 23 25 22 35 21 21 25 19 18 24 24 25 26 21 24 32 27 15 11 25 19 24 24 27 17 22 26 23 23 24 30 24 22 21 12 16 19 14 18 19 22 30 24 15 20 17 24 23 18 20 17 22 23 14 27 25 22 23 20 21 23 17 24 28 17 18 12 20 35 19 18 20 15 23 24 28 31 21 19 27 24 17 16 20 22 24 21 22 18 27 14 23 23 13 24 17 16 20 23 26 17 23 20 19 14 19 26 19 29 23 21 21 18 22 26 27 12 25 25 19 28 21 24 28 22 25 18 18 21 18 15 27 25 25 22 26 24 23 15 11 20 27 20 24 16 31 21 26 23 20 25 18 14 17 20 19 30 26 18 17 15 17 22 14 26 21 20 26 23 22 17 26 21 18 25 27 22 14 21 10 25 17 28 20 23 18 19 28 20 18 23 14 22 24 22 19 24 30 18 19 18 19 21 30 22 18 16 16 28 17 23 29 15 22 20 21 24 18 16 19 20 20 17 20 25 17 23 24 18 30 25 26 21 16 21 18 21 20 17 25 20 21 27 23 28 23 31 24 18 23 23 15 20 23 20 27 26 25 21 15 15 15 25 28 20 20 21 16 24 25 24 24 21 20 22 20 20 25 22 29 17 28 19 19 19 17 21 22 22 18 28 28 27 19 15 24 27 18 23 23 15 26 28 16 17 24 14 30 23 23 34 20 12 22 24 21 18 15 22 12 26 34 18 20 22 15 20 21 25 22 26 24 38 23 26 25 23 24 16 26 19 17 15 17 20 18 23 28 18 26 23 22 15 24 23 17 30 26 17 19 20 15 17 28 19 14 27 23 24 15 22 25 14 17 19 20 20 21 23 24 19 18 20 19 15 16 15 17 26 24 22 23 29 25 22 12 25 26 23 20 9 18 24 19 27 15 26 28 23 15 27 21 37 20 16 25 25 17 19 21 17 21 20 20 17 25 20 23 22 25 20 23 12 22 21 16 26 27 36 22 18 18 23 23 20 17 21 24 27 20 28 23 18 12 21 24 17 25 16 15 22 26 27 25 25 26 17 19 26 20 19 21 30 18 16 25 22 21 23 24 29 17 14 22 20 18 20 23 27 15 20 14 29 18 23 25 16 25 23 17 23 24 19 29 20 16 15 20 25 30 17 9 25 21 23 22 18 20 13 23 13 25 29 21 30 21 19 21 28 21 21 18 17 24 27 17 18 13 27 21 24 23 17 22 23 26 20 25 19 22 17 22 22 19 18 21 26 27 15 13 13 25 33 22 25 18 28 22 22 31 15 26 18 17 16 17 16 19 17 17 15 19 20 27 17 23 29 25 25 26 20 19 21 23 17 17 30 22 21 13 19 26 25 20 16 29 15 20 15 19 33 20 27 22 28 24 23 19 27 19 17 17 19 27 16 22 27 22 20 22 23 17 19 18 18 20 26 16 22 21 19 19 22 18 23 22 20 17 28 14 15 19 15 29 24 22 18 15 21 20 28 19 15 19 21 26 25 12 23 24 23 22 27 21 18 19 23 23 19 26 15 25 18 19 25 16 30 21 27 26 11 19 32 25 14 20 31 21 15 23 7 21 26 19 25 17 27 21 20 26 20 26 26 17 23 20 16 20 18 28 23 17 19 16 16 25 19 33 17 23 25 19 20 23 23 15 30 14 17 16 14 13 27 25 27 17 24 31 19 23 13 21 28 15 23 18 22 21 28 19 16 17 19 21 28 16 18 32 27 19 24 25 19 25 20 24 21 18 27 17 14 26 26 22 18 14 21 25 29 17 23 18 16 14 23 27 19 27 19 18 15 24 22 18 29 25 28 22 21 19 17 17 22 21 17 25 21 20 20 18 22 22 20 37 27 19 31 15 18 20 14 24 15 28 19 21 20 12 19 22 20 27 19 22 17 17 28 19 16 26 18 24 18 19 19 32 18 29 20 22 18 17 25 15 17 17 25 21 25 17 18 21 19 24 13 30 16 21 21 17 26 25 25 15 20 23 18 19 17 21 23 18 25 15 14 20 20 22 23 33 23 21 24 19 26 21 22 15 26 19 19 19 15 20 19 20 20 28 28 24 20 14 21 20 25 26 18 20 22 22 22 20 19 19 29 11 25 26 20 19 15 20 21 15 10 30 20 32 22 23 26 20 25 23 20 23 28 15 15 20 18 21 22 22 21 20 19 16 30 21 25 16 18 24 13 31 15 21 21 25 14 19 25 22 23 15 20 25 24 16 18 18 22 17 25 20 21 16 22 31 27 20 16 18 22 15 16 20 25 25 23 22 20 22 20 26 26 12 19 16 30 20 24 17 31 34 19 19 17 26 18 19 16 21 20 20 26 24 16 20 19 28 24 21 22 28 17 29 15 21 22 14 21 22 25 18 27 25 17 27 22 17 23 25 20 19 17 26 15 28 18 16 22 21 23 19 18 21 17 24 22 20 18 15 25 18 17 18 20 20 19 22 23 22 24 16 18 21 16 22 22 29 17 21 31 19 18 20 29 20 28 20 18 22 26 23 20 21 21 27 18 22 29 23 16 17 28 24 11 17 20 27 22 23 24 19 25 20 27 24 25 18 29 18 25 21 23 17 17 19 17 22 10 28 26 23 11 18 22 22 19 21 28 25 19 23 24 13 24 17 15 21 29 24 21 30 18 26 22 19 20 31 18 24 22 16 22 17 21 18 23 29 18 21 19 27 19 19 22 16 23 26 21 20 26 24 23 26 26 18 29 21 24 29 17 24 21 24 21 20 28 20 29 22 23 20 21 21 28 23 25 25 22 23 16 24 26 19 19 19 25 24 18 17 22 20 21 23 20 19 13 20 20 14 21 29 22 29 19 20 23 30 22 13 17 20 16 33 21 20 21 17 25 21 18 20 22 25 32 18 20 20 25 20 20 16 24 28 24 23 13 25 21 20 17 20 24 18 19 24 11 18 17 22 23 22 21 27 18 21 24 23 18 24 20 26 24 19 27 17 26 20 31 21 18 19 23 12 21 14 28 25 26 32 28 29 17 28 19 13 19 19 31 21 9 26 21 17 18 17 18 17 22 20 25 21 23 21 19 23 30 22 22 20 20 15 17 26 22 20 24 37 24 28 22 14 29 20 29 14 21 26 26 20 18 18 11 13 21 26 19 14 24 21 19 31 29 22 28 18 24 28 22 20 21 15 23 22 15 26 25 22 17 17 26 11 25 22 19 19 30 18 22 18 16 19 24 27 21 20 19 29 17 28 27 19 21 22 20 22 17 14 26 20 24 20 26 22 25 22 20 14 18 25 21 22 25 26 23 22 22 19 29 15 22 19 21 24 13 26 29 22 17 26 17 22 24 19 21 30 24 37 22 15 21 21 25 17 27 25 15 21 20 22 19 27 29 22 17 24 15 18 20 33 26 32 25 23 24 22 27 17 24 15 20 22 19 22 20 34 25 21 16 16 26 18 25 20 24 25 20 16 16 25 20 25 30 20 18 24 16 14 20 26 24 27 29 12 19 23 24 16 21 24 16 22 21 17 27 24 20 22 26 27 20 21 22 20 22 23 23 25 18 23 21 26 21 35 20 23 20 28 27 21 18 15 17 17 17 28 25 17 26 26 16 21 18 27 22 22 16 19 23 13 26 25 25 24 19 20 24 20 28 19 14 20 18 8 21 23 23 22 17 20 28 24 19 17 18 29 22 21 21 24 26 23 14 15 25 24 16 11 21 26 21 26 26 15 22 26 17 24 24 21 22 26 15 20 21 32 20 19 23 17 30 19 28 24 29 22 15 21 15 21 22 24 22 22 22 18 23 29 23 13 25 20 12 21 19 25 19 20 24 22 21 18 19 19 27 24 22 21 18 28 16 22 19 19 19 31 22 27 20 20 29 24 19 18 15 17 23 24 24 25 19 16 21 18 15 22 23 26 22 17 19 32 24 26 16 16 14 28 20 20 21 26 14 26 20 21 24 21 26 14 22 23 19 17 19 25 30 20 23 18 24 16 28 20 18 10 27 27 19 20 10 33 19 28 20 30 25 17 22 15 26 22 18 20 25 15 15 20 21 21 26 21 25 22 15 18 21 19 22 23 24 19 17 23 23 17 27 20 21 20 19 19 23 28 29 19 20 20 18 19 14 20 29 20 15 22 17 21 29 22 20 26 19 18 21 24 14 15 19 20 30 20 23 16 21 20 22 17 20 28 34 11 25 16 27 24 21 19 19 27 18 21 24 23 18 17 17 15 22 18 15 24 18 20 26 26 27 29 20 19 20 16 29 21 15 21 19 26 18 18 27 24 14 24 20 28 33 14 21 15 19 19 25 24 28 26 32 17 20 15 23 18 27 20 27 27 16 23 20 21 22 23 16 23 17 24 16 27 22 15 26 20 18 22 16 24 28 14 18 20 26 21 28 30 24 22 22 26 17 19 17 30 25 25 24 14 18 17 24 20 20 21 22 18 20 16 15 16 23 18 16 16 24 23 19 20 26 21 24 24 21 19 19 20 15 26 26 21 20 24 21 18 14 21 16 20 15 24 21 34 18 19 15 24 21 13 19 21 16 17 25 17 20 20 14 25 30 13 21 28 25 19 18 22 25 18 19 15 17 19 27 21 22 32 27 16 21 21 17 18 17 16 14 28 22 16 23 23 15 23 19 17 25 13 21 22 28 21 12 18 24 21 22 33 23 29 15 21 25 23 20 22 13 21 28 25 20 28 22 9 20 17 23 24 18 26 28 22 25 18 11 20 25 13 21 25 32 17 29 18 18 14 16 22 26 16 25 24 20 20 20 29 14 17 15 29 20 22 23 26 25 26 17 24 15 17 19 29 13 18 15 21 26 26 21 24 26 16 23 25 20 26 18 19 20 22 19 18 18 17 16 18 25 18 18 26 26 25 23 20 11 20 31 21 21 25 17 18 19 17 18 12 24 15 26 28 22 15 15 24 15 26 17 21 21 20 21 16 24 22 26 12 16 25 15 28 18 23 20 25 17 30 18 20 23 20 14 30 26 22 17 16 16 17 21 18 23 18 27 27 15 26 16 23 24 20 17 30 12 20 24 18 22 21 15 18 19 22 25 17 19 20 23 31 18 24 18 20 15 21 23 26 21 17 19 17 30 17 11 19 18 20 24 14 29 22 25 18 26 21 20 17 15 24 20 21 18 21 23 16 28 22 22 18 30 29 24 27 21 23 31 24 24 19 20 25 16 27 22 15 18 19 27 21 16 17 18 25 28 15 33 17 23 18 25 20 28 23 20 30 15 23 24 25 19 15 21 12 16 24 21 24 26 20 12 24 24 22 22 32 21 22 22 22 15 27 19 23 30 20 21 21 23 22 18 18 16 27 12 18 17 22 21 12 23 13 25 36 18 19 10 19 12 20 18 23 21 25 26 19 25 27 21 19 24 22 13 22 30 15 28 17 14 24 14 19 29 21 25 22 22 18 21 22 24 21 19 25 21 28 26 27 15 17 19 22 12 25 19 19 22 24 18 15 16 17 20 22 17 20 28 19 27 24 23 19 35 17 17 15 21 24 20 27 21 23 22 27 22 13 25 22 14 21 19 17 22 25 24 28 21 21 18 21 11 23 26 23 16 24 13 12 24 22 21 17 16 16 28 19 30 17 24 17 29 19 21 17 16 18 27 19 31 17 20 23 20 23 16 21 18 24 20 22 23 15 24 13 13 18 20 13 24 20 17 15 18 18 21 18 27 19 18 24 8 17 22 28 23 16 24 23 20 22 23 28 23 16 23 30 22 26 26 25 32 17 17 19 19 25 19 26 25 24 14 28 19 19 22 19 28 32 25 19 33 25 21 23 17 21 16 19 17 22 20 22 25 15 20 23 23 25 19 11 19 15 24 24 26 20 27 31 20 16 24 13 21 28 19 17 14 21 20 21 21 17 23 19 30 19 24 18 23 23 12 21 26 23 20 21 30 23 13 31 18 18 22 27 13 15 27 24 16 24 22 20 27 19 33 17 26 22 18 27 23 21 20 20 26 22 24 21 29 19 16 31 16 24 27 24 26 24 27 23 26 25 19 18 18 20 29 25 23 20 29 18 26 16 16 17 24 30 18 16 18 30 21 30 24 24 28 30 31 15 22 24 30 22 25 18 19 13 22 23 11 33 18 19 27 22 22 25 15 23 23 19 23 18 26 21 30 28 23 25 17 15 9 29 24 18 18 22 21 19 28 27 8 18 15 19 23 19 20 24 29 20 24 17 12 16 21 12 24 24 26 38 19 20 17 24 16 23 25 22 14 22 26 21 21 16 19 21 29 21 21 21 15 29 29 8 20 24 18 20 20 14 21 26 26 21 23 24 29 20 14 20 25 20 13 25 23 25 20 21 18 23 25 16 18 18 22 24 16 18 25 20 22 19 30 25 28 22 22 25 22 19 19 14 21 22 16 23 23 19 19 16 23 24 26 23 20 20 25 18 20 20 18 24 25 20 22 14 18 38 19 17 29 19 16 20 20 23 20 22 30 21 20 22 12 24 17 25 16 21 21 21 18 23 19 15 17 23 18 18 18 22 16 26 20 31 17 22 26 22 14 16 28 21 27 19 24 28 14 18 22 19 24 18 28 23 26 20 23 18 15 24 22 12 31 20 27 20 22 23 19 27 22 25 18 18 23 24 16 23 21 20 25 16 24 12 22 24 21 18 24 28 22 22 25 17 18 19 27 21 26 25 15 20 25 20 22 17 33 25 21 20 22 16 20 17 18 26 20 24 17 23 26 20 16 23 21 29 14 24 22 16 21 20 21 23 25 19 32 23 18 22 26 21 23 26 10 24 21 17 25 26 23 19 15 18 26 20 21 22 25 22 25 18 26 21 16 17 20 36 20 22 29 20 26 24 23 23 24 18 16 28 16 23 24 24 19 23 14 29 21 20 20 22 14 29 23 17 15 22 17 31 23 22 22 13 17 24 26 21 21 13 17 24 21 23 16 14 27 37 27 19 18 24 26 21 16 18 34 16 28 21 19 20 16 19 24 23 16 19 23 21 13 21 19 27 18 22 14 22 16 18 21 22 24 29 16 22 24 22 27 15 16 20 22 26 16 26 18 17 21 16 23 27 23 22 15 14 13 22 22 31 22 20 16 22 23 19 24 22 28 24 22 20 18 21 16 18 28 26 17 16 23 13 14 20 18 27 25 17 21 15 26 22 24 17 16 20 19 19 15 23 21 13 20 25 18 21 21 24 24 13 28 21 18 15 24 18 18 27 15 21 21 25 16 22 20 14 24 21 19 25 23 18 17 23 21 24 31 18 21 18 29 18 19 16 22 20 20 22 20 18 24 17 25 22 21 26 13 21 25 22 19 16 19 20 21 20 22 18 13 28 15 25 30 17 33 18 15 19 17 28 20 25 18 25 29 17 21 19 26 23 17 18 18 23 24 28 27 29 23 20 18 13 20 20 21 20 22 24 27 24 22 27 17 22 30 15 18 23 20 26 20 21 22 21 17 27 17 21 25 21 26 23 15 18 21 22 22 15 21 23 19 28 19 27 15 17 16 22 24 23 19 31 30 20 16 14 17 16 25 27 18 23 19 18 19 27 14 28 27 33 23 23 19 16 18 25 20 23 21 23 24 15 26 18 22 18 18 27 18 17 22 24 19 20 23 22 19 21 27 21 23 17 16 14 27 20 23 29 24 20 23 15 22 24 19 23 19 20 24 23 25 29 19 21 15 20 17 23 19 23 22 29 26 22 18 25 23 23 23 17 20 15 17 29 14 18 22 24 24 25 30 20 21 23 27 17 28 24 17 12 20 21 29 26 29 21 21 21 14 19 13 14 23 22 27 26 27 21 22 14 17 19 21 25 21 18 20 27 20 17 17 18 22 21 19 18 22 13 23 26 22 24 16 22 21 17 22 15 29 16 21 24 31 13 21 28 15 20 14 21 20 17 17 14 26 22 22 20 22 16 17 32 19 21 23 17 11 18 15 27 27 20 26 29 20 26 21 19 17 23 26 20 18 16 20 25 16 20 31 20 26 21 28 29 15 34 12 21 27 20 20 11 20 21 21 17 25 25 19 26 21 23 18 28 19 23 16 21 13 13 21 19 25 21 21 18 21 18 20 7 25 19 26 17 20 35 14 23 22 19 22 20 27 15 19 24 22 23 17 21 26 27 18 24 21 16 21 22 31 22 19 16 27 20 19 11 15 18 16 29 22 28 16 26 23 22 27 16 24 17 13 16 5 22 23 9 29 21 28 29 26 18 24 17 24 17 24 14 24 23 21 18 18 29 13 17 21 14 19 20 21 29 24 27 22 17 20 21 16 19 25 22 19 23 14 33 17 19 22 15 26 21 22 16 17 23 23 23 28 14 21 22 14 18 22 19 28 19 18 19 21 23 27 16 26 21 20 25 17 15 21 27 28 20 14 23 25 23 18 18 18 14 18 22 24 17 17 18 26 23 18 23 38 21 26 19 17 21 21 17 20 26 22 23 23 21 15 19 15 19 17 20 22 13 18 22 33 26 22 16 20 21 22 16 25 17 20 20 20 21 16 29 15 12 30 22 19 19 23 25 21 25 19 15 12 23 22 22 20 23 29 29 13 27 27 13 17 16 21 24 16 22 19 22 14 23 14 23 30 20 20 23 23 19 27 19 18 14 22 18 26 27 20 16 19 17 25 21 15 20 18 23 24 21 20 21 14 21 26 20 17 15 18 23 21 26 20 22 25 22 20 24 24 23 19 20 21 21 24 18 22 14 13 20 21 25 17 28 25 24 23 17 24 19 15 29 21 24 23 25 17 23 25 19 20 18 18 19 20 21 23 23 25 17 19 23 19 15 19 24 26 17 22 17 12 15 23 16 24 20 25 15 19 16 23 28 17 16 13 20 12 20 30 19 16 24 21 20 12 21 19 14 21 20 23 21 15 28 17 22 24 9 22 24 29 18 25 19 24 19 20 18 19 28 27 17 26 26 22 26 25 26 19 23 21 17 26 16 27 20 25 16 20 19 17 18 24 19 25 13 17 21 20 22 26 20 28 24 15 28 26 16 25 24 20 20 16 26 33 16 23 16 24 11 22 19 17 20 15 19 19 13 23 26 21 26 18 27 26 23 14 23 20 26 22 26 27 24 18 18 18 24 27 23 20 25 25 17 26 26 16 21 25 19 23 18 18 28 24 23 18 25 24 26 16 19 16 21 13 20 21 24 30 27 18 21 15 20 14 18 19 17 26 32 30 25 21 18 14 13 26 27 20 16 26 19 19 24 21 18 21 14 20 18 20 23 17 17 18 17 29 23 26 18 15 20 20 22 20 19 18 23 20 25 17 22 19 13 27 18 31 15 23 19 25 26 22 16 25 25 21 21 15 13 22 19 24 19 27 22 21 19 18 22 26 24 24 22 25 12 19 23 23 31 17 25 18 28 27 23 22 21 16 17 18 23 20 17 26 18 28 18 26 20 26 17 31 28 15 22 27 22 22 25 12 25 23 24 22 26 17 16 21 20 16 24 18 25 27 24 23 18 24 21 20 14 19 21 21 23 21 19 33 19 14 24 35 33 20 15 17 18 21 18 28 24 13 18 24 26 20 25 13 19 26 27 19 26 21 20 31 20 19 18 20 18 17 21 20 14 21 17 20 27 24 27 18 19 27 13 13 29 17 20 22 28 21 13 27 17 19 26 18 16 29 23 17 21 21 25 20 11 26 13 31 17 17 20 15 34 23 23 23 25 26 22 17 19 18 25 27 19 18 27 21 18 15 25 26 24 22 16 18 27 18 20 21 24 19 22 17 24 19 32 19 23 15 29 23 28 11 22 34 22 19 16 24 21 15 13 19 22 27 20 29 16 22 25 26 22 27 19 17 14 24 19 19 20 19 16 20 26 28 24 24 21 20 19 25 23 25 25 22 16 19 17 18 14 24 28 22 13 26 30 18 23 13 14 21 17 21 21 20 21 25 21 23 16 20 15 30 15 23 26 35 17 17 15 20 29 18 21 22 22 21 21 17 18 23 17 29 13 25 27 24 18 17 21 26 16 29 22 23 18 16 17 20 20 18 23 12 25 18 20 20 21 28 20 18 22 26 16 24 24 22 27 16 27 20 19 25 29 16 25 16 17 17 17 27 20 26 22 23 17 12 17 20 16 23 21 24 21 22 23 25 17 26 16 20 17 23 17 18 18 21 22 18 14 23 19 27 21 28 21 21 18 20 15 25 25 20 24 19 27 23 28 25 22 18 17 15 16 16 22 28 23 25 24 22 16 22 18 20 16 16 14 18 32 22 16 18 18 20 14 22 25 20 26 20 23 20 17 20 20 19 23 13 30 24 25 12 26 18 17 19 20 20 23 9 24 20 30 15 19 26 18 17 20 29 25 19 20 14 19 31 15 20 21 14 31 18 24 15 11 22 29 10 21 16 26 26 23 16 24 20 20 24 21 23 26 22 23 21 20 15 15 15 18 24 21 25 23 18 34 23 23 21 15 23 28 20 16 17 25 29 23 22 36 20 19 17 16 18 24 13 19 24 21 26 26 25 19 20 22 17 17 19 14 21 21 18 24 19 17 23 24 24 27 15 28 13 23 24 24 14 18 22 20 22 29 20 27 26 19 22 17 25 23 20 27 17 21 20 22 26 19 13 20 21 22 26 27 13 18 23 15 23 17 28 25 23 15 21 24 19 22 29 24 17 16 24 21 18 15 31 20 22 24 14 20 16 20 29 25 24 20 21 25 25 23 22 18 21 21 20 21 21 19 25 24 22 19 20 18 15 23 15 14 26 21 19 21 22 22 23 20 23 13 20 25 23 35 16 21 14 21 21 23 19 21 31 20 28 27 20 29 26 26 29 20 17 20 23 16 15 25 19 20 27 23 24 26 16 33 23 23 22 17 14 30 16 30 15 25 21 31 18 20 16 21 21 16 22 13 18 18 32 18 16 21 18 16 28 19 20 22 17 16 21 20 20 19 26 22 23 15 19 14 22 24 25 29 16 21 31 23 20 19 19 22 23 24 21 27 16 21 9 27 16 18 22 22 21 33 17 17 20 22 16 24 24 27 20 26 21 12 22 17 25 20 32 14 25 30 16 21 25 19 26 21 15 29 17 22 31 20 25 26 22 29 27 13 25 18 24 34 27 30 23 21 12 15 19 16 18 18 21 19 20 24 18 13 19 19 26 21 27 22 19 18 27 25 23 16 28 24 16 17 18 24 18 20 18 18 26 20 23 19 29 23 24 20 25 17 26 20 23 25 28 22 24 22 24 25 20 25 20 28 17 19 22 28 22 16 26 24 19 14 26 23 19 27 20 36 25 22 17 24 15 20 23 21 22 23 21 25 28 23 19 15 18 26 28 13 16 24 19 26 16 23 20 24 23 18 22 20 26 19 23 14 32 14 25 30 21 27 18 22 12 18 15 29 30 18 22 20 23 24 25 21 15 19 28 18 18 23 21 14 22 29 20 21 18 28 23 24 25 14 26 17 22 26 24 19 21 19 19 17 22 16 21 26 27 13 18 28 20 18 24 25 20 25 12 23 18 17 26 24 18 23 22 21 18 14 25 18 26 22 23 31 24 25 26 24 13 22 23 16 25 23 24 21 17 22 19 18 28 25 20 17 21 34 16 25 18 25 31 19 18 22 22 23 25 18 18 11 20 31 19 27 16 17 22 25 18 24 18 29 32 19 19 29 22 23 22 24 15 23 23 23 17 16 32 28 12 23 21 13 17 21 28 23 13 17 21 21 20 15 14 27 28 27 20 18 18 28 22 12 16 22 19 28 19 16 25 21 23 20 30 18 18 29 24 27 21 22 16 18 22 23 19 23 23 19 20 16 21 23 15 22 25 18 23 16 22 21 29 22 28 19 15 25 19 16 27 22 27 21 23 18 24 21 17 14 20 20 23 26 32 17 20 32 22 21 24 19 17 19 25 22 13 21 20 22 25 24 22 18 21 23 27 15 21 17 22 21 18 23 21 23 19 16 23 18 17 24 19 31 18 22 18 9 18 19 24 30 16 23 14 12 23 18 31 18 28 20 21 24 23 21 26 20 22 20 20 22 24 14 24 20 16 21 26 23 21 20 20 27 17 27 14 27 12 18 20 25 16 24 17 22 20 26 26 15 30 18 20 21 18 18 22 20 36 21 27 13 19 23 24 25 13 26 17 18 19 32 23 18 21 21 20 12 19 31 20 20 21 25 25 13 17 27 22 17 26 20 19 22 16 34 19 15 22 18 23 20 22 22 16 19 19 22 13 23 25 24 23 11 19 18 21 21 17 23 23 28 30 26 21 26 18 23 25 15 16 28 17 23 24 20 21 22 24 12 14 25 18 15 27 26 26 19 16 26 25 18 24 22 24 25 21 16 28 20 22 20 17 21 23 24 19 24 26 13 29 20 17 24 35 18 23 20 26 15 20 15 24 19 17 24 15 18 18 18 22 17 28 28 17 15 22 18 29 27 18 27 27 24 27 20 27 14 19 15 26 16 26 26 21 24 31 27 22 18 19 13 22 22 21 18 24 18 20 28 15 29 19 25 19 18 20 20 18 16 11 34 32 19 23 16 26 20 25 27 27 26 20 27 24 26 22 19 19 19 23 21 15 22 21 22 20 20 21 29 20 29 19 19 23 20 22 19 21 26 29 30 30 22 23 16 28 22 20 24 25 31 20 16 21 21 26 26 17 16 15 25 17 24 24 27 24 15 24 24 13 26 23 14 25 20 24 27 25 16 24 24 22 28 21 20 22 33 16 17 13 25 26 21 18 18 20 20 11 35 20 21 19 21 17 21 23 28 14 15 21 19 17 19 28 21 23 18 18 21 18 20 21 20 29 21 24 24 16 26 29 24 23 20 23 22 22 21 18 22 16 26 21 23 25 22 20 21 23 25 24 18 21 21 15 21 16 13 16 20 19 19 25 17 21 20 25 14 16 24 17 21 22 21 21 15 21 26 21 32 19 19 28 22 21 24 17 26 18 25 28 20 21 20 22 21 15 24 27 23 24 17 15 19 28 23 15 26 19 22 19 17 18 27 26 26 24 25 24 22 31 27 23 22 24 18 21 23 19 22 19 23 23 25 26 15 16 12 21 32 21 29 18 22 24 29 23 16 16 20 18 19 30 24 20 18 26 22 19 27 18 20 15 25 23 23 15 19 21 25 28 17 23 23 19 24 18 19 24 20 26 22 24 22 19 24 17 22 20 18 18 20 15 21 18 21 24 21 22 23 20 21 28 21 16 17 22 25 21 26 25 29 28 26 19 16 15 18 20 22 20 24 30 21 26 21 26 19 13 25 23 28 22 25 24 24 23 18 21 19 23 23 29 23 21 20 28 21 19 20 26 25 19 24 19 20 22 23 22 19 12 19 26 24 25 23 23 21 29 20 18 18 21 29 21 27 23 16 24 24 26 29 21 21 19 36 27 17 18 22 21 16 19 25 15 27 25 19 29 21 20 23 32 27 19 17 21 26 24 15 23 25 16 26 23 20 14 18 25 21 20 18 19 19 19 15 17 22 24 19 27 16 20 16 20 13 19 19 23 28 24 25 26 25 14 18 26 16 24 25 22 18 28 22 20 25 28 25 21 23 19 23 20 16 17 24 24 14 15 28 30 22 17 17 29 15 25 17 22 25 18 17 23 23 25 28 18 19 22 28 23 26 31 10 22 30 20 29 22 19 18 31 22 17 20 26 21 15 24 22 15 21 23 25 20 14 18 15 18 23 20 25 24 26 12 21 28 19 21 25 17 22 21 26 13 12 18 17 22 19 25 19 24 25 19 18 19 18 19 13 21 24 23 25 25 25 21 27 22 17 17 24 15 18 22 28 26 17 10 24 15 20 20 20 31 20 11 22 25 22 16 22 16 19 23 21 22 23 29 19 21 19 19 26 27 18 18 22 24 22 21 18 19 20 27 20 23 28 23 21 25 21 26 26 17 22 17 18 14 23 21 22 20 24 18 15 14 22 20 28 21 26 26 20 19 18 20 27 15 19 16 26 17 15 20 26 19 16 27 18 24 15 23 24 24 21 23 27 25 25 18 21 28 18 24 16 19 25 26 23 22 18 17 23 22 15 18 17 26 18 10 19 20 26 24 19 25 20 16 20 33 30 18 19 19 21 24 23 14 24 21 25 23 22 29 17 20 12 24 20 20 23 17 30 19 14 26 25 19 13 25 31 16 14 20 23 19 15 23 20 22 24 31 23 18 25 18 23 21 19 22 20 26 23 31 21 23 22 24 30 19 21 17 21 17 29 19 23 13 22 17 24 18 24 23 16 23 18 19 19 15 21 27 34 17 19 20 18 30 18 23 17 30 23 26 21 18 28 29 20 24 17 20 23 24 20 21 21 20 18 15 13 19 19 23 19 24 20 25 23 19 21 22 24 23 19 19 21 21 21 22 21 18 20 23 25 24 15 24 19 20 17 20 26 28 23 21 23 11 20 16 25 26 25 16 20 22 27 21 18 23 20 21 20 26 14 20 20 23 12 24 20 20 23 20 25 22 23 18 25 23 16 19 19 22 22 21 21 26 25 13 18 16 19 14 31 20 27 16 12 17 25 26 20 17 23 13 20 16 18 18 24 25 18 21 18 21 21 13 18 18 21 22 20 18 25 22 25 19 20 21 24 17 27 26 25 25 24 17 25 20 23 17 20 19 21 29 22 22 25 35 18 23 17 18 24 31 16 13 24 23 14 25 25 22 26 14 24 14 21 16 26 25 21 24 23 24 18 21 19 22 18 15 19 19 21 19 27 21 22 20 17 20 22 27 18 21 16 22 25 20 22 20 21 28 20 17 25 22 18 22 16 14 25 22 22 19 22 22 18 28 28 18 20 21 27 25 20 26 23 20 13 27 14 28 25 12 25 21 27 18 21 19 22 23 21 22 24 24 22 23 20 24 16 22 17 19 22 24 20 17 22 14 27 24 21 22 23 23 23 17 25 33 26 21 22 25 27 22 26 17 23 17 27 23 16 21 16 23 21 19 18 15 20 22 30 23 16 23 24 16 23 15 27 22 24 28 22 23 22 22 17 16 28 14 21 24 27 15 17 25 19 29 25 20 25 22 20 20 21 24 18 17 15 17 17 20 18 25 21 15 22 15 25 19 28 21 24 35 20 25 26 21 18 23 19 23 22 23 32 20 23 23 19 23 24 18 30 16 22 25 24 21 25 22 17 27 15 28 22 25 16 16 10 30 22 33 22 26 28 16 35 17 19 20 24 16 19 22 18 20 23 25 22 20 21 18 26 29 19 23 34 22 20 12 18 21 26 24 20 18 21 21 15 24 22 16 19 16 32 24 20 15 26 22 18 20 21 19 22 19 28 18 28 17 22 22 20 25 20 10 18 20 17 15 22 24 22 26 19 28 20 26 28 14 22 17 18 23 22 20 23 21 22 19 18 23 22 25 23 25 24 28 18 23 23 19 24 29 26 21 26 18 19 18 26 26 27 29 22 12 17 22 25 23 20 15 23 29 18 23 33 14 20 20 15 16 18 23 27 17 21 27 19 20 21 21 25 22 15 19 17 23 20 18 16 25 23 22 15 30 28 19 15 27 24 25 26 28 21 22 28 21 20 23 11 19 24 21 23 23 23 17 23 21 18 23 25 29 16 24 19 23 24 25 29 23 24 15 22 24 16 17 21 19 22 15 25 16 18 35 14 20 17 13 18 20 26 25 26 25 21 24 22 19 21 17 17 23 16 21 22 24 22 19 18 21 20 25 22 23 18 18 21 29 21 23 17 27 29 19 24 24 18 25 22 24 22 20 24 23 25 16 29 15 23 23 13 24 21 27 21 21 14 24 18 23 27 17 25 23 20 22 19 14 22 15 14 35 21 23 25 22 19 35 23 20 19 20 18 25 25 17 19 29 22 19 30 21 10 12 25 12 20 33 28 21 11 23 17 24 26 28 24 18 23 24 23 16 18 24 14 26 25 17 14 21 15 20 23 23 18 28 17 24 17 19 28 13 18 19 17 23 27 22 20 24 24 22 25 18 26 22 22 18 17 21 21 25 27 23 12 11 21 14 18 15 28 24 18 19 22 21 28 13 23 19 11 19 26 13 25 18 16 22 22 31 25 21 21 21 21 24 18 26 24 22 26 20 23 27 20 33 21 21 24 14 20 23 21 17 26 20 22 19 27 18 21 13 30 23 19 26 17 24 19 16 24 16 17 27 18 25 22 26 23 18 23 25 18 14 28 30 23 25 25 22 16 18 22 20 15 22 13 25 20 14 26 19 26 14 18 33 25 21 32 31 21 16 12 12 20 20 26 29 17 15 15 21 27 25 18 22 13 18 26 18 24 18 29 30 27 28 19 21 17 25 29 23 23 26 20 25 17 26 11 26 15 20 19 20 26 17 17 24 25 21 22 26 18 26 22 22 18 25 25 23 15 19 22 28 17 20 17 27 26 19 25 23 17 20 22 21 25 16 23 19 20 28 18 19 22 15 22 16 20 16 22 20 26 17 23 23 16 24 13 21 16 26 17 25 18 19 19 25 17 17 21 18 25 22 25 24 26 22 17 19 21 17 15 25 24 24 24 14 29 22 15 25 22 21 14 17 27 29 24 25 16 19 21 24 26 22 18 21 20 22 17 19 31 19 25 20 9 24 24 24 27 18 15 21 25 25 19 18 31 21 29 31 11 20 28 25 22 15 21 16 17 23 24 17 24 24 20 25 24 24 25 17 17 23 19 19 15 18 17 18 21 13 29 17 27 16 14 22 19 26 25 27 19 19 26 15 28 20 17 23 21 18 36 21 25 22 19 17 18 23 21 15 18 21 21 20 22 19 18 24 28 14 20 28 21 20 23 17 25 20 20 20 26 21 25 29 22 29 16 21 16 15 19 16 20 23 22 21 23 16 17 28 21 25 23 20 21 26 20 22 12 23 20 22 25 26 20 24 15 28 18 29 24 22 14 19 13 36 24 21 22 30 21 23 15 18 16 18 19 25 19 15 28 17 25 20 16 14 26 21 17 20 24 24 28 28 22 26 19 16 17 20 23 22 32 20 25 19 21 19 15 17 20 21 23 24 24 14 13 20 21 18 25 19 16 17 21 18 20 19 30 28 22 21 20 32 24 14 25 27 18 25 15 23 30 20 20 15 26 17 19 17 20 21 17 23 19 25 29 28 18 18 29 19 19 21 23 18 12 25 25 19 23 17 27 19 17 26 23 20 18 18 28 25 21 24 19 17 20 22 27 17 19 22 25 20 17 25 24 21 25 26 12 19 22 23 13 16 22 26 32 26 19 15 23 22 18 28 15 22 24 18 24 22 24 30 11 20 26 23 16 25 23 21 23 18 13 21 30 18 38 14 19 23 24 14 18 23 24 24 28 24 24 24 19 22 18 24 21 21 16 19 24 23 26 21 31 22 30 21 13 23 19 25 18 22 15 27 32 25 16 19 21 23 23 25 20 22 12 30 19 21 20 20 27 23 13 20 16 16 17 22 23 17 14 33 18 27 20 25 20 20 22 29 18 24 23 16 23 19 19 21 21 21 26 17 24 21 22 23 9 22 30 18 16 23 19 27 22 23 23 20 34 30 26 22 23 21 23 21 19 23 15 21 24 32 25 18 25 23 23 28 19 19 18 10 20 20 19 18 18 19 14 21 24 20 22 23 23 18 21 25 20 22 26 21 29 26 20 16 36 19 18 24 11 24 15 13 24 23 23 26 17 19 26 22 15 20 22 20 30 17 24 24 27 29 21 26 21 17 19 14 25 20 24 25 26 26 17 24 31 23 13 18 18 20 22 26 24 22 24 17 22 28 19 25 21 16 28 13 18 15 17 24 20 23 23 21 14 27 22 22 19 25 15 26 23 20 24 23 18 24 17 23 27 20 21 16 27 17 22 26 28 21 22 15 20 20 14 13 21 25 18 23 27 25 20 29 13 31 26 26 17 18 20 16 23 25 24 20 16 18 26 24 25 14 22 25 24 18 21 25 20 17 18 21 22 17 21 14 25 22 20 23 26 18 17 19 32 21 31 17 19 19 20 18 23 20 22 24 18 22 17 26 26 21 14 23 16 28 25 28 27 20 14 21 18 18 15 21 29 19 23 20 24 20 19 20 26 23 15 14 28 20 15 25 19 23 28 17 19 27 23 16 23 22 28 27 18 14 22 15 28 23 22 25 26 21 19 19 19 21 24 24 16 21 20 24 24 10 33 22 23 28 25 27 12 18 14 24 28 22 26 29 20 25 22 20 23 19 24 19 26 18 35 20 24 27 20 24 15 20 13 15 21 19 26 24 24 23 25 23 30 23 15 29 25 25 19 22 22 23 17 19 17 22 24 18 20 11 25 16 20 22 21 24 23 23 23 25 18 22 15 21 21 15 23 21 26 16 32 18 25 18 11 28 18 20 19 28 17 26 22 16 22 19 19 25 20 18 24 23 19 25 17 23 24 26 23 21 21 18 15 20 22 14 20 29 19 15 17 26 17 31 26 23 23 18 17 27 27 29 16 17 24 18 23 22 21 21 19 18 19 22 15 18 16 21 33 20 24 20 24 22 24 17 22 19 27 16 21 21 24 22 28 20 21 23 29 38 22 22 18 20 16 11 13 28 26 28 18 29 23 15 24 19 31 12 23 20 19 24 30 20 22 20 25 23 24 18 19 26 28 16 27 20 24 27 24 15 24 25 20 24 15 19 30 30 23 17 19 25 21 22 28 24 23 27 20 16 15 19 29 25 21 25 17 20 24 24 20 16 18 15 24 23 21 20 24 24 26 16 27 14 24 12 30 23 22 20 25 20 18 26 24 18 20 20 25 20 23 25 22 21 20 23 13 19 26 19 25 15 27 20 27 23 19 20 16 26 21 27 28 20 20 20 18 33 22 13 16 30 11 16 23 22 26 26 20 21 13 22 25 25 28 28 20 25 25 25 16 17 23 20 15 21 19 22 21 22 24 21 12 23 18 19 20 15 22 15 17 13 20 22 19 25 20 25 25 21 16 16 28 20 22 20 21 22 23 24 19 20 19 14 20 24 23 27 18 22 22 23 17 26 18 15 21 21 12 28 29 27 24 17 18 27 16 21 28 19 20 9 31 18 21 21 19 24 22 22 24 20 28 15 18 27 21 24 19 17 24 12 33 25 21 21 17 22 26 19 24 20 19 12 22 16 18 26 24 23 21 19 24 17 19 24 25 16 22 29 15 22 32 18 22 23 23 26 19 26 24 17 21 25 25 17 23 23 23 21 19 34 19 25 14 29 31 22 21 18 20 24 25 25 19 22 22 19 24 25 21 25 21 18 18 26 17 24 24 19 17 25 27 22 29 20 20 18 14 21 15 14 22 17 23 18 21 21 21 23 21 25 21 21 19 26 21 18 24 18 26 19 26 18 21 14 25 30 22 13 26 18 15 20 20 27 27 16 19 25 19 27 17 17 26 23 23 21 19 20 19 25 14 19 28 25 20 15 14 26 23 21 27 25 27 21 37 21 31 16 18 18 22 20 17 15 21 19 24 18 18 19 20 19 16 24 24 24 15 18 19 25 23 16 28 23 20 23 28 23 20 14 25 22 17 30 23 18 19 29 25 29 22 15 16 21 17 18 29 25 29 20 23 15 21 27 17 13 14 29 17 24 21 22 19 17 23 19 22 21 21 30 16 27 23 20 16 18 23 28 29 20 21 28 22 22 20 23 17 21 28 15 22 22 16 14 13 33 18 23 20 23 18 17 15 25 28 27 17 15 12 19 23 19 31 15 17 19 11 22 15 23 24 20 20 21 27 18 20 18 18 12 20 24 23 27 22 19 25 18 18 29 25 19 19 18 16 20 25 27 28 16 24 22 25 13 18 28 21 17 16 18 21 23 24 32 25 21 20 25 22 18 25 27 25 17 22 18 12 22 24 18 34 17 19 22 27 23 24 27 16 20 23 19 22 24 22 19 17 8 15 20 24 17 36 29 22 15 31 23 22 13 17 26 20 20 19 21 14 22 21 23 21 25 22 21 24 23 20 17 18 25 21 19 17 16 27 18 16 11 19 22 21 20 27 26 21 23 29 22 22 18 17 31 29 13 18 21 18 29 14 15 26 21 14 20 21 23 22 25 34 20 17 20 16 21 20 15 21 23 31 13 16 27 20 20 19 18 27 23 22 19 22 14 24 28 23 23 12 25 24 21 32 22 19 29 16 20 15 29 16 19 22 21 17 20 26 13 26 17 26 23 24 35 23 14 22 21 21 20 25 27 17 13 22 19 16 19 16 27 19 25 21 16 18 16 28 18 26 25 15 31 20 25 22 15 16 21 22 16 24 27 20 19 23 16 30 22 22 26 23 20 20 20 21 27 19 17 29 23 14 21 21 22 24 20 23 20 28 20 24 22 16 28 23 30 16 21 19 17 29 17 22 17 21 23 22 19 15 20 20 16 15 16 27 20 26 21 18 18 26 20 31 17 16 25 17 20 25 20 18 21 16 17 23 23 21 28 20 27 19 17 23 18 19 20 20 19 23 22 21 23 19 16 33 27 17 29 28 19 15 19 20 24 19 21 25 17 15 19 20 22 23 24 20 19 21 30 23 25 21 14 23 22 33 21 16 29 9 27 17 16 28 25 18 17 27 23 14 22 21 22 17 22 27 19 25 20 21 25 16 28 23 20 23 25 27 17 21 22 24 23 29 25 15 20 22 22 25 16 19 14 17 22 25 28 14 25 21 22 24 18 21 15 23 25 25 25 16 21 19 22 18 21 27 22 21 19 22 25 16 31 26 18 20 16 23 18 16 26 19 23 22 26 11 20 25 15 28 25 28 27 27 23 17 15 18 25 30 15 20 29 24 25 17 22 16 29 21 18 21 18 21 19 20 31 24 25 18 23 16 17 22 17 29 20 21 17 16 34 25 30 21 26 22 13 22 16 20 21 29 21 21 21 19 27 20 18 19 19 26 27 21 21 14 24 21 21 24 27 26 17 24 14 21 17 22 25 24 25 21 17 23 23 13 29 20 15 17 27 17 23 24 12 16 13 25 16 13 26 19 20 23 20 21 24 12 23 21 28 23 22 16 17 24 24 25 22 22 14 24 28 23 15 18 26 13 22 18 23 20 30 20 29 23 18 12 13 20 23 28 20 25 26 13 22 30 26 15 12 21 24 29 19 21 20 22 20 12 21 26 27 18 25 20 17 10 28 23 17 23 29 15 26 11 22 21 22 22 26 25 23 18 18 19 27 20 26 21 17 22 19 20 28 24 27 23 28 10 19 18 25 23 17 29 20 27 20 23 20 15 18 25 15 21 22 18 20 23 15 17 23 25 18 15 16 19 23 17 25 18 23 24 21 20 24 16 26 17 33 25 19 22 24 16 24 20 21 25 19 14 23 34 16 17 24 25 17 23 18 29 16 28 27 26 25 19 16 16 21 33 20 16 18 18 26 23 17 19 25 31 17 29 28 31 17 15 13 23 26 21 20 24 23 20 19 21 22 29 17 26 13 16 25 17 19 17 22 22 27 18 20 19 17 19 18 22 21 33 15 16 18 18 22 21 29 25 24 23 25 16 24 21 13 24 19 28 16 19 18 22 14 24 15 12 21 21 21 15 15 15 21 20 17 22 16 29 27 21 20 22 18 21 17 25 17 25 29 21 17 15 17 21 22 23 23 22 21 22 26 23 30 19 18 20 22 27 18 16 19 19 19 29 17 24 16 22 25 15 19 13 20 20 18 19 24 30 20 24 16 13 22 24 20 16 22 17 13 27 26 14 20 27 26 22 21 20 20 22 24 16 23 17 18 14 31 21 17 16 22 23 20 19 21 23 22 25 27 26 25 15 18 31 23 22 20 20 20 20 19 23 22 24 18 17 24 27 21 20 10 15 13 23 24 21 24 22 20 20 21 24 25 19 23 16 24 22 22 22 28 20 27 22 31 20 18 13 18 13 14 20 26 21 16 17 23 25 27 26 23 19 19 24 15 28 26 20 25 13 33 20 28 9 18 24 19 12 20 25 21 19 25 23 19 21 14 20 17 19 18 19 14 22 26 27 27 27 28 19 30 16 23 19 18 18 23 29 25 21 17 17 16 21 22 24 28 15 24 11 17 37 23 26 27 10 22 17 30 20 17 15 24 23 21 14 25 30 24 26 20 9 14 28 20 17 21 25 22 24 27 23 18 28 14 23 17 28 27 16 24 23 15 15 23 22 22 14 31 21 19 25 17 27 22 22 22 20 22 14 27 19 21 20 26 8 26 31 29 30 21 17 29 28 26 14 20 27 17 13 30 27 19 17 14 18 24 16 14 20 23 22 28 18 25 25 17 22 26 22 23 22 23 29 22 15 20 27 28 20 19 24 19 19 22 26 12 26 17 28 28 16 20 19 19 11 21 17 28 22 20 21 23 28 25 21 22 23 21 24 15 19 19 18 18 20 19 28 17 21 21 25 20 25 11 23 23 16 28 18 22 20 19 27 21 16 27 22 25 21 20 22 24 19 30 19 21 22 16 25 18 25 21 20 15 14 19 16 25 18 26 22 21 18 26 21 24 17 18 29 24 12 24 20 18 18 26 14 21 17 19 20 14 18 23 15 24 12 21 27 23 20 18 23 15 18 19 32 26 22 26 19 23 22 16 10 24 24 13 18 31 21 17 13 27 20 33 23 25 18 19 17 22 22 20 23 21 13 17 15 22 23 20 23 19 23 19 26 22 22 23 19 20 21 23 22 18 21 17 10 21 23 19 21 25 25 17 18 20 19 16 28 30 21 26 19 24 24 20 22 17 24 17 35 25 19 17 17 15 16 29 20 20 22 22 20 18 21 18 26 24 25 25 19 18 9 24 23 23 27 24 23 18 18 17 23 21 25 24 22 14 20 20 27 21 27 22 19 21 19 19 30 24 26 18 11 23 13 23 28 18 16 24 22 21 19 26 16 21 25 18 17 13 18 19 25 25 18 31 27 17 18 17 24 21 21 18 19 17 19 23 26 19 21 29 22 19 20 14 23 18 30 21 26 16 18 24 17 21 11 27 15 28 17 20 24 22 19 26 19 33 15 18 17 20 18 21 24 24 18 23 20 19 28 21 17 21 23 17 19 26 13 25 18 27 27 26 22 22 22 11 19 20 19 20 27 24 29 19 23 21 26 18 26 17 20 21 25 22 16 20 22 20 29 21 19 28 16 20 21 36 19 23 16 36 18 19 23 25 25 20 15 27 21 21 23 14 21 27 15 26 14 24 20 29 19 25 17 25 19 19 20 22 19 21 23 19 26 22 14 18 20 19 23 37 24 28 18 16 22 22 21 14 29 16 17 22 17 21 17 24 20 21 18 26 17 17 26 25 17 23 20 21 19 29 17 16 26 21 21 22 15 26 13 24 14 26 23 24 22 20 20 20 21 28 27 14 20 24 22 23 20 25 23 18 20 25 10 22 21 28 27 19 21 16 23 25 16 22 19 24 23 23 27 15 26 23 17 29 19 16 20 29 21 18 25 18 23 16 24 18 19 40 16 14 12 18 27 23 23 20 24 27 17 21 21 10 20 18 28 13 20 25 19 27 18 17 21 21 20 26 21 29 16 20 20 14 20 21 30 26 19 27 21 22 23 22 17 19 29 19 23 21 20 22 24 15 18 18 22 28 25 20 13 30 24 26 18 18 11 22 19 18 22 24 24 18 23 26 25 28 12 20 18 18 18 22 21 23 22 23 30 26 19 14 8 21 26 19 24 23 24 11 18 21 21 19 21 22 27 26 24 24 20 17 15 22 20 21 28 36 15 19 25 19 23 20 24 17 27 33 21 14 23 25 21 25 24 14 31 21 24 21 22 23 21 16 23 14 23 22 19 20 30 24 25 33 18 25 21 27 13 15 27 24 20 21 23 30 18 26 26 19 20 21 19 16 15 31 16 14 26 19 19 10 33 14 26 22 21 18 21 19 21 22 20 27 23 27 23 27 22 16 23 24 21 21 21 18 19 21 27 21 24 20 24 13 19 30 36 19 15 20 22 19 17 20 21 22 22 21 24 23 14 16 27 16 41 19 21 15 20 20 25 25 22 27 20 24 24 17 25 14 14 24 19 21 31 14 16 25 20 28 22 29 22 22 21 17 13 20 25 24 21 31 23 16 17 27 25 26 19 28 24 22 19 22 23 21 18 25 25 22 20 23 23 19 16 31 20 23 20 23 22 23 23 24 19 22 23 17 13 17 13 21 28 14 30 21 22 25 20 23 19 27 17 21 30 26 17 31 20 21 21 18 16 20 19 22 22 19 17 23 23 25 19 24 17 25 20 24 16 24 24 15 30 23 27 21 22 17 21 22 23 23 14 21 30 22 22 23 18 20 23 21 19 12 16 21 24 18 17 18 20 10 17 26 25 24 28 20 15 27 19 22 24 23 16 22 17 23 21 22 18 23 26 21 9 24 14 13 23 28 20 20 15 20 20 16 27 25 23 15 22 25 24 20 30 26 15 26 21 22 22 26 14 20 20 15 22 13 19 18 20 27 22 19 34 20 22 15 18 22 29 20 20 21 22 22 16 18 20 29 22 22 19 21 17 22 25 22 24 16 25 16 21 23 21 23 18 20 20 20 21 17 19 29 23 18 23 16 21 16 22 21 17 19 13 21 26 36 22 18 18 14 15 18 20 20 24 26 26 18 17 22 33 16 25 18 19 32 22 13 15 26 21 19 19 23 24 15 23 16 24 21 21 15 23 20 18 29 21 22 22 21 25 24 17 21 24 24 24 26 22 18 25 26 19 13 21 19 26 25 18 33 27 23 16 22 22 18 28 25 20 27 17 25 19 21 24 15 23 30 21 12 25 20 22 26 24 19 22 17 24 27 34 28 24 14 18 26 29 15 20 27 18 19 16 18 28 18 27 23 29 23 15 20 32 26 25 13 22 23 17 20 23 21 19 23 25 24 23 14 22 12 15 17 18 16 23 28 21 26 25 16 19 23 25 20 23 21 24 14 27 18 19 18 24 20 22 24 24 22 18 19 24 26 19 25 18 23 18 13 18 16 23 26 17 20 19 24 18 28 21 19 29 24 22 25 19 19 25 18 16 30 25 25 19 18 22 23 18 19 21 19 20 25 28 15 21 21 25 26 19 21 29 21 25 20 22 19 26 13 20 21 20 22 25 26 21 19 20 24 20 13 21 22 16 20 28 22 17 24 26 24 14 22 13 16 24 10 24 28 22 19 10 22 29 19 22 28 16 26 21 12 24 17 23 21 24 25 14 9 25 26 25 26 23 16 25 29 16 19 29 12 17 24 25 22 27 27 22 22 29 15 18 28 23 19 30 20 26 18 23 20 26 20 21 20 28 27 24 15 21 26 17 15 24 18 28 23 27 19 20 25 17 17 20 23 18 26 33 26 15 23 19 20 20 26 21 27 26 14 16 17 18 20 19 11 18 19 24 25 27 21 17 26 13 17 24 22 25 21 15 19 16 20 24 24 22 23 13 23 22 26 21 27 24 18 15 13 25 14 17 24 22 17 17 24 21 27 19 18 20 23 19 20 24 17 26 13 20 13 24 18 23 19 24 20 17 16 22 25 15 29 29 22 15 21 15 26 18 18 20 28 32 22 18 25 19 23 20 30 20 21 18 29 23 16 22 21 27 28 21 14 12 23 21 25 23 24 24 21 18 13 23 22 19 24 27 24 28 20 17 18 17 21 24 28 10 20 30 28 21 23 22 18 25 9 24 21 17 16 32 28 23 25 23 19 22 24 23 28 20 24 23 17 22 18 17 23 14 14 20 23 26 22 24 23 17 24 22 24 27 14 19 18 14 18 21 22 20 17 23 20 22 29 24 18 21 18 17 18 18 22 19 19 11 26 29 19 23 24 21 20 18 17 19 17 24 19 23 18 20 16 20 21 32 16 21 23 18 21 19 27 32 19 22 21 18 21 32 15 19 27 16 21 21 22 25 25 16 25 15 26 20 19 22 23 23 30 23 20 24 24 22 21 23 22 20 22 15 28 27 25 18 27 11 18 25 21 24 20 24 29 18 20 21 27 14 22 14 25 19 21 20 20 23 18 30 18 15 26 25 22 22 20 15 23 30 23 19 19 30 31 14 31 23 21 12 20 16 20 14 27 19 16 22 17 29 24 21 13 16 25 25 21 22 21 26 21 19 30 23 30 17 23 19 19 16 31 21 27 35 24 14 24 22 21 23 21 25 23 26 12 24 23 20 18 21 26 18 19 15 18 21 9 26 14 26 24 25 26 16 22 16 24 22 21 13 21 16 29 27 22 30 17 17 31 12 16 21 18 20 14 14 27 23 25 21 14 27 25 22 23 26 31 20 19 18 14 30 20 17 20 17 27 17 20 14 28 18 25 21 29 25 31 17 15 19 18 28 22 25 17 22 24 18 21 27 21 16 16 16 27 22 25 21 20 27 23 21 16 19 21 23 23 18 24 12 25 29 19 18 25 25 23 36 15 17 18 22 26 26 21 25 27 22 20 15 26 28 20 23 24 23 19 18 28 18 18 25 21 18 19 19 19 26 17 27 17 22 25 21 16 20 25 16 22 17 12 21 18 25 17 19 19 23 21 26 20 16 24 25 18 17 23 27 17 29 19 22 20 23 22 17 26 26 14 24 31 23 19 21 11 30 15 18 25 18 23 24 22 17 20 15 29 19 18 20 24 29 17 20 22 11 19 22 24 19 23 30 21 20 22 23 16 25 21 25 21 27 22 15 17 19 17 23 15 25 27 26 25 24 17 19 20 27 22 18 26 26 18 27 20 26 18 21 24 24 24 27 21 19 20 26 19 18 20 24 21 24 18 26 26 24 24 31 18 23 22 19 28 26 29 24 17 23 24 15 14 18 24 21 21 26 20 23 23 25 28 24 21 14 23 13 24 25 36 19 23 22 22 17 19 17 14 28 19 12 28 30 31 22 25 25 19 17 18 25 28 23 16 18 17 27 20 27 24 12 27 17 32 20 24 18 26 30 20 19 21 20 18 24 26 19 16 16 19 22 24 19 24 16 18 21 23 15 20 30 21 30 23 13 20 15 26 17 30 30 13 29 28 14 19 20 30 20 22 18 19 20 21 23 17 21 23 22 16 16 26 29 25 17 19 28 28 18 21 20 20 16 24 19 22 27 26 11 21 19 16 26 20 29 18 19 21 22 15 20 30 24 19 16 23 18 24 31 23 17 22 24 17 25 20 23 22 26 16 17 19 35 13 17 23 27 23 28 23 16 23 11 20 26 22 24 17 24 15 29 23 24 18 18 21 19 16 28 24 16 31 27 24 29 23 18 17 22 23 29 23 16 34 22 32 16 24 26 18 19 18 16 24 20 16 32 25 20 24 22 15 22 20 27 27 24 20 16 25 12 23 24 19 16 32 12 15 22 19 28 16 23 19 34 28 23 21 32 22 16 25 14 13 28 19 13 19 22 24 19 24 21 26 23 15 31 23 21 26 21 16 21 21 27 23 21 19 21 28 20 22 21 19 21 17 18 18 20 17 18 21 25 24 24 19 17 22 20 25 24 17 25 29 21 24 18 23 17 17 27 17 19 29 25 16 15 22 22 18 19 11 22 28 22 20 27 17 21 22 31 21 21 16 28 15 25 17 24 18 27 21 18 16 26 23 25 11 23 17 24 18 22 20 18 18 15 20 17 20 24 30 19 22 18 30 19 17 18 15 26 28 20 23 22 21 24 21 18 18 22 26 17 12 17 19 19 26 17 16 19 26 18 23 24 27 20 19 18 26 20 23 17 23 14 29 19 15 35 13 24 20 19 29 26 21 26 29 17 17 21 9 28 26 16 22 26 20 30 18 20 32 21 18 10 15 24 18 19 21 18 25 26 25 31 18 26 19 23 19 20 22 29 20 29 12 22 18 13 21 16 24 34 24 27 17 22 23 13 21 17 26 23 21 22 20 22 21 17 23 20 18 23 23 30 15 26 20 18 27 18 16 24 20 21 17 24 19 23 23 21 23 28 18 22 22 23 22 32 19 30 21 15 19 23 18 17 21 23 19 13 21 24 29 14 29 17 16 14 26 15 22 26 17 23 25 22 20 19 28 26 23 23 20 19 29 22 24 17 24 22 23 18 24 28 14 34 26 26 17 24 20 28 14 25 28 27 20 17 20 28 23 19 19 17 26 29 17 19 23 19 17 16 23 21 20 22 15 14 17 19 22 25 19 19 20 23 20 18 31 29 17 17 25 21 28 18 19 14 30 11 16 17 29 16 28 13 18 13 23 17 24 14 29 23 17 22 18 22 24 13 22 14 19 19 24 21 23 23 13 28 20 24 21 24 19 15 24 22 26 23 29 19 17 20 25 22 18 22 15 18 13 22 22 23 27 16 15 21 28 19 19 28 19 22 27 22 30 23 20 20 16 23 17 26 14 22 23 21 22 16 26 22 22 15 16 18 19 30 19 17 20 19 19 18 24 30 18 25 26 18 9 29 20 19 17 26 15 26 22 16 27 21 14 18 23 18 16 23 23 29 19 25 26 27 31 24 13 45 19 28 17 21 20 17 22 18 18 23 19 19 28 23 23 19 20 17 22 26 15 18 19 21 21 17 25 13 27 24 20 24 19 17 25 24 21 21 18 39 16 22 22 20 16 18 25 24 20 19 22 27 18 21 28 15 21 24 15 14 21 21 22 20 14 22 20 22 20 26 19 15 14 28 18 19 13 22 14 28 29 24 24 22 16 21 20 27 13 18 24 21 28 25 21 18 20 26 27 15 25 17 24 21 27 25 18 20 14 24 19 24 25 25 22 14 35 18 29 17 23 21 23 23 20 29 32 16 18 11 20 21 12 31 16 16 22 33 25 15 24 16 26 23 24 30 19 18 26 18 17 19 17 18 29 14 20 16 15 26 19 27 24 24 21 16 19 22 22 16 18 19 22 24 20 20 10 26 15 25 19 17 29 20 19 19 23 11 25 22 26 23 23 21 31 17 20 28 27 21 19 26 31 19 25 19 21 13 19 17 19 31 20 20 17 21 19 21 18 17 25 29 28 19 21 17 16 21 34 31 19 24 12 16 23 13 22 29 23 18 18 15 28 26 17 21 23 21 23 16 29 14 25 12 26 23 32 21 19 17 21 18 23 22 24 23 24 24 19 16 25 33 25 22 31 24 18 15 13 19 26 26 19 21 22 33 21 13 24 18 22 17 26 21 21 17 23 14 23 19 18 23 21 25 21 25 19 28 20 19 20 32 20 25 20 32 23 27 21 15 18 21 19 28 24 17 29 14 14 21 19 19 16 23 16 24 25 26 23 24 18 19 19 23 21 17 18 24 34 8 19 16 19 22 25 18 19 24 30 17 19 23 18 23 21 24 24 22 23 18 21 29 17 20 26 17 32 19 23 27 27 18 24 28 27 14 29 25 24 16 18 19 19 24 21 19 25 22 23 18 14 20 25 17 21 28 20 24 18 33 21 31 17 20 14 19 28 17 24 20 25 23 19 17 24 23 22 27 24 16 21 24 24 20 21 22 17 24 15 13 20 19 20 20 23 17 31 26 19 19 20 26 16 17 22 22 20 22 23 26 23 17 29 23 20 18 21 21 22 21 12 17 22 22 22 24 22 15 23 29 22 16 22 19 23 22 23 20 18 21 18 15 27 16 19 15 16 21 20 19 22 16 21 26 22 14 27 28 29 23 24 22 17 19 24 18 22 21 20 17 21 28 27 22 25 21 28 19 24 27 24 19 15 26 23 24 26 18 19 24 18 16 21 21 24 23 30 13 22 19 20 19 21 15 22 19 17 18 17 23 25 26 27 22 19 14 20 18 17 21 17 15 27 18 15 26 21 24 24 26 24 23 21 19 17 28 15 21 19 22 20 19 20 20 19 18 19 21 26 35 22 18 27 20 23 16 22 21 19 21 16 33 33 18 21 22 19 22 30 22 20 20 20 17 28 13 24 16 28 18 28 14 23 20 18 24 22 13 14 28 21 17 19 25 26 20 30 22 23 18 18 23 24 19 20 19 14 14 18 18 10 16 26 31 20 26 30 21 25 22 12 19 21 25 19 18 18 17 28 20 23 24 20 29 22 28 18 23 21 19 20 26 18 22 12 18 21 26 20 27 32 29 16 24 21 18 24 16 22 27 22 24 18 19 22 27 19 21 23 23 20 20 18 16 15 21 25 20 22 19 23 16 18 17 19 22 33 22 18 30 22 20 17 18 19 20 16 26 19 20 27 30 25 27 28 18 19 26 28 15 16 15 22 20 26 18 32 30 16 10 22 22 19 20 20 28 21 21 25 22 20 15 30 15 23 19 31 24 19 12 33 16 33 21 23 17 17 22 16 23 21 23 27 21 16 24 20 28 21 21 22 23 16 27 26 20 25 16 24 18 23 19 16 20 19 19 23 20 26 25 19 21 21 27 16 21 27 19 19 26 22 27 14 22 27 17 24 19 17 30 17 21 19 31 22 22 18 13 21 18 15 26 22 16 22 28 21 19 21 16 21 17 20 19 32 18 18 25 25 22 20 20 28 17 33 18 21 28 26 15 21 21 14 22 14 22 18 23 21 21 21 19 26 21 17 27 14 23 27 29 27 13 17 20 25 21 25 17 21 20 20 25 23 20 23 21 21 32 19 19 22 22 24 13 24 21 22 21 26 20 24 19 20 21 18 24 23 23 24 17 25 22 21 19 17 20 23 26 23 18 23 23 20 26 20 21 19 22 20 17 25 26 28 11 27 28 24 11 19 23 21 16 34 17 22 25 12 19 21 15 22 25 22 22 16 21 29 30 18 24 22 33 17 27 15 20 23 25 21 15 14 23 17 27 27 22 24 20 25 21 19 19 19 31 13 26 28 20 22 22 14 13 23 25 26 23 22 17 17 22 20 24 19 21 26 19 25 27 20 17 28 23 29 25 21 15 20 27 21 23 24 22 18 16 20 17 21 19 21 28 17 17 23 24 18 17 34 17 15 28 20 23 20 20 26 25 19 22 18 27 19 30 20 24 15 30 25 21 22 20 19 16 23 23 22 20 19 22 21 27 16 20 18 34 17 23 19 19 19 20 19 21 22 17 31 27 20 15 26 25 16 23 19 16 20 24 27 16 21 18 24 23 22 28 23 22 22 14 24 18 10 20 24 30 15 24 13 23 16 31 16 18 10 23 22 18 19 19 21 12 32 19 21 18 17 20 27 19 22 23 18 22 26 14 21 30 28 20 23 21 21 23 25 23 20 29 17 20 22 13 27 24 15 19 27 13 17 21 20 19 17 22 22 20 22 30 15 26 24 19 20 20 27 19 25 19 10 26 25 27 23 18 20 13 23 14 29 32 15 22 24 25 29 22 16 28 20 19 12 29 22 23 17 18 22 23 16 26 19 22 22 15 24 21 25 15 41 23 18 21 22 24 20 22 20 27 19 19 29 26 13 15 18 25 29 25 18 16 19 15 19 23 18 24 22 23 20 21 23 16 19 19 24 20 19 29 27 21 12 22 24 13 15 19 24 20 25 12 27 25 29 25 19 18 21 21 21 31 19 23 20 25 17 15 29 23 21 16 23 17 21 27 16 28 25 17 15 22 35 18 19 22 17 23 26 24 15 21 23 10 16 26 19 18 16 25 19 27 24 19 22 16 21 26 18 18 27 17 19 26 20 22 21 16 16 12 20 22 24 16 26 32 18 24 27 19 18 19 17 18 12 20 19 15 15 27 17 15 26 27 26 22 19 17 22 24 24 18 12 19 21 22 18 27 17 23 16 19 18 26 25 23 16 19 29 16 21 20 21 28 25 18 27 22 25 24 14 20 24 26 14 20 23 17 23 25 11 27 22 20 16 21 18 31 20 18 24 16 20 20 34 17 21 18 15 20 21 19 25 17 20 16 23 22 25 27 30 20 19 22 26 25 22 18 20 22 19 19 19 20 27 28 28 14 24 19 23 19 17 25 27 26 24 18 17 19 26 18 30 19 21 27 18 21 24 22 19 17 23 30 25 23 17 23 14 22 25 20 14 22 13 30 27 23 19 26 24 21 21 23 21 28 24 19 15 18 22 15 13 24 13 11 18 20 23 27 27 18 21 26 19 23 26 21 14 28 24 20 16 24 23 22 14 20 20 27 24 22 9 15 18 23 29 20 14 24 23 25 23 16 26 26 13 19 26 25 28 22 25 26 23 18 12 19 27 29 18 19 21 20 15 26 19 22 10 27 19 20 25 15 22 24 16 23 24 25 24 24 16 18 26 20 16 26 17 25 21 21 26 22 19 21 27 19 25 17 26 22 16 21 27 18 16 21 29 27 27 24 21 17 25 27 24 19 27 14 24 25 18 25 11 19 23 27 26 17 22 18 21 18 13 24 25 18 22 18 17 22 26 26 21 16 17 17 23 20 20 19 18 22 23 14 29 31 19 24 21 15 23 22 18 19 23 21 23 29 17 16 22 21 18 22 17 31 17 23 21 31 23 17 24 22 16 24 21 11 29 19 17 19 24 21 14 20 22 21 21 23 16 20 26 27 16 18 26 25 24 20 16 20 32 18 27 15 20 18 24 16 28 17 20 24 23 17 22 26 17 20 24 25 16 21 23 24 20 22 26 10 21 24 21 18 23 25 22 18 25 22 24 26 29 29 17 21 22 25 17 20 23 14 18 21 28 20 23 19 23 19 22 21 27 24 27 22 19 22 19 17 19 18 24 20 10 30 23 20 26 23 20 23 20 11 23 13 21 21 19 28 20 24 23 23 25 19 22 23 21 26 18 24 20 19 22 24 15 22 21 26 16 18 20 19 19 25 22 16 15 23 22 21 19 24 24 23 34 26 19 20 25 20 18 29 18 26 24 16 23 18 24 24 17 28 24 20 21 15 25 25 19 21 13 26 20 12 27 34 23 28 17 17 15 22 27 15 22 24 23 22 25 15 16 17 23 29 30 18 23 21 28 23 21 22 20 15 17 29 26 23 17 25 16 26 29 22 15 19 20 22 22 26 26 27 19 24 29 29 17 26 21 17 21 21 16 22 21 16 25 22 19 18 23 22 21 16 27 23 27 24 20 24 17 30 24 19 17 22 18 19 22 31 17 19 21 25 24 30 25 17 16 26 24 21 24 18 19 18 24 22 22 23 19 23 23 18 20 29 22 20 20 15 24 31 15 20 15 29 23 22 19 24 19 25 17 20 22 23 20 21 24 13 24 23 23 18 23 26 17 14 24 25 18 26 24 20 19 25 15 24 20 26 20 22 15 21 23 23 19 19 34 23 15 19 24 19 12 22 16 21 24 22 38 24 19 16 17 31 16 28 24 22 22 22 31 32 21 25 17 17 24 19 20 18 21 16 17 22 16 24 12 22 18 21 22 22 19 28 23 29 22 20 22 24 21 26 15 18 25 24 18 24 23 24 22 20 14 21 25 11 22 29 23 21 21 19 16 31 18 21 22 10 32 12 17 28 25 23 15 21 17 16 21 21 23 17 22 24 24 20 18 17 35 23 19 24 22 28 20 16 19 23 24 25 17 24 14 22 24 18 22 30 18 23 25 24 20 24 23 12 17 17 31 19 26 24 27 26 19 24 19 10 16 19 25 22 21 29 18 21 27 18 23 17 26 19 17 23 20 22 19 17 15 15 23 27 27 17 23 25 18 25 23 26 19 26 19 22 19 19 21 32 26 18 24 25 16 18 24 17 22 27 21 20 27 14 18 18 16 32 23 25 20 18 22 22 19 19 30 22 26 19 19 26 22 21 23 19 13 25 26 21 17 20 24 17 17 20 21 19 24 24 26 19 16 19 29 18 20 19 23 24 18 26 13 21 20 16 18 28 22 23 31 21 24 22 11 16 25 20 24 15 23 19 21 20 31 19 24 26 24 22 11 23 24 21 24 18 18 14 22 9 24 19 21 22 21 29 20 11 18 19 27 23 23 23 14 21 21 19 26 19 20 13 25 16 27 26 25 25 25 28 25 25 18 18 20 23 19 18 22 17 16 19 24 21 22 23 33 21 15 15 21 16 24 14 24 16 24 23 24 14 28 15 24 17 22 18 19 29 22 26 13 22 23 28 16 23 26 23 15 17 22 26 25 20 17 31 35 19 20 28 21 25 11 19 27 18 11 20 18 31 31 18 19 15 20 21 19 25 20 22 24 23 19 11 23 21 22 32 20 19 17 24 23 23 15 26 28 16 18 27 18 21 15 21 13 19 17 28 25 20 34 24 21 27 21 23 14 20 22 25 16 25 18 25 15 18 22 22 23 24 11 25 23 19 25 26 22 20 20 21 18 17 21 27 24 20 21 17 13 21 19 30 21 19 15 21 25 20 17 29 29 20 16 25 23 25 28 20 27 23 24 21 18 28 25 17 17 27 17 27 31 22 25 21 32 12 22 18 24 17 15 23 27 29 27 22 21 21 14 24 22 24 20 18 21 19 17 28 24 18 19 18 21 25 19 25 33 20 13 19 26 18 18 19 13 20 20 25 26 22 25 19 23 15 19 12 13 19 24 13 14 27 20 18 29 19 31 19 21 19 18 29 14 16 25 22 14 20 20 22 19 22 16 22 15 19 24 9 23 20 18 24 30 21 10 20 23 16 16 17 24 19 29 22 26 27 15 20 23 19 25 21 28 21 21 28 18 21 19 22 23 27 22 22 22 21 19 20 20 19 26 15 30 20 18 18 23 25 20 15 24 20 24 27 14 22 18 23 27 22 17 26 19 21 20 26 24 22 14 22 26 27 22 20 16 20 15 20 20 23 21 30 20 21 21 20 20 22 27 15 15 22 22 20 21 19 17 19 17 18 22 25 12 33 16 29 27 24 25 17 21 18 18 18 19 25 18 18 19 14 25 13 21 19 18 29 12 25 20 21 22 24 27 22 19 26 16 18 17 30 23 19 27 20 16 27 21 29 24 21 19 13 20 23 16 25 22 26 27 19 20 19 24 21 15 15 13 22 21 26 28 23 18 16 20 29 24 22 24 28 30 22 25 10 21 17 23 19 23 24 19 18 16 21 18 20 19 40 14 23 26 19 17 21 24 22 17 18 19 29 32 15 24 21 24 15 19 21 21 24 23 21 26 23 17 20 19 30 20 26 18 21 17 26 27 23 18 20 13 20 23 29 21 26 21 28 19 14 19 19 24 23 23 18 23 22 17 25 23 23 12 33 19 25 22 17 23 30 18 17 28 17 26 15 26 21 26 25 22 14 18 17 27 18 16 20 29 15 29 17 26 26 25 21 20 27 11 20 18 19 15 28 24 20 21 31 25 11 19 27 29 18 21 16 26 20 20 18 27 21 26 17 29 24 21 21 16 21 16 26 22 22 15 26 23 19 22 23 26 23 19 28 20 25 18 23 17 21 11 18 33 21 18 19 25 16 18 22 23 20 26 19 23 19 15 22 25 20 22 22 30 20 23 20 22 24 22 18 30 26 26 17 21 18 22 17 28 20 27 25 14 16 21 27 26 15 28 23 13 26 18 24 19 16 19 25 30 23 17 26 28 28 24 24 17 25 25 20 16 21 20 29 16 11 25 22 19 31 21 18 24 21 20 21 17 26 25 27 23 28 19 21 13 18 15 16 23 17 20 17 24 37 23 16 19 25 24 17 20 16 22 26 22 14 17 23 19 15 33 18 19 12 23 22 27 21 19 19 24 18 25 25 33 23 21 28 20 18 23 25 26 20 24 20 23 20 18 22 28 31 19 17 21 28 22 30 12 27 27 17 22 24 24 16 32 21 24 20 20 22 25 24 20 17 20 31 24 17 23 21 18 16 21 19 31 20 29 24 19 17 24 30 20 21 14 25 15 26 26 30 25 31 19 23 23 20 15 17 16 17 29 18 26 28 16 29 13 16 15 12 28 25 21 14 24 17 18 22 13 19 23 25 17 28 27 22 25 14 13 16 23 22 17 25 14 18 22 22 21 28 22 20 21 21 20 22 21 19 19 29 19 24 24 24 17 16 25 13 18 20 19 24 20 19 19 15 17 22 18 20 15 22 22 18 30 18 15 22 17 16 22 26 20 21 18 16 22 22 16 26 26 27 16 25 13 20 27 31 20 23 17 18 20 19 25 34 26 25 28 11 18 29 20 27 16 20 32 16 14 21 16 30 20 23 21 15 30 19 20 25 18 19 20 18 26 21 24 21 22 17 20 19 26 28 27 20 21 22 21 18 16 24 21 20 15 22 16 18 22 28 22 28 26 15 17 29 20 24 17 28 16 22 21 21 27 15 22 14 24 16 23 13 31 14 14 26 29 17 22 15 16 22 16 18 20 21 22 24 24 14 21 19 21 15 23 24 20 18 24 23 39 20 19 24 24 19 26 15 21 21 18 26 26 15 20 26 12 24 22 24 32 21 22 28 16 14 25 17 19 23 31 11 20 27 20 16 22 21 15 21 18 27 23 13 21 17 22 24 28 26 27 19 20 19 27 19 17 21 23 19 22 19 29 26 25 20 26 20 20 16 15 25 20 16 22 27 25 20 11 24 25 18 26 16 19 23 21 18 36 17 17 20 23 33 22 30 18 21 21 21 20 16 15 27 17 24 16 22 25 18 18 16 20 30 24 22 19 17 16 20 27 19 22 24 24 23 14 20 31 23 23 25 22 18 24 19 23 20 23 18 20 17 24 22 21 23 21 25 20 23 18 12 18 34 31 22 11 14 15 19 21 22 22 28 30 20 17 18 19 20 18 16 25 18 16 30 23 22 22 16 28 24 19 26 22 16 22 22 22 24 26 18 24 25 22 32 11 22 13 14 21 31 25 29 25 18 18 22 21 22 26 17 19 20 17 21 21 23 15 18 24 19 19 29 17 22 26 21 21 19 29 21 22 27 20 18 29 14 16 31 19 14 24 23 26 31 23 17 15 14 14 19 21 25 18 29 23 16 22 26 30 22 24 22 23 27 12 19 19 17 25 24 21 23 31 19 15 19 23 18 23 24 19 18 23 26 17 30 22 27 24 27 23 23 21 18 27 15 17 16 14 20 24 16 16 27 12 26 19 22 23 21 21 21 19 22 17 20 27 14 21 22 19 28 20 18 22 28 13 18 24 21 26 24 19 23 17 11 22 30 23 29 25 19 22 19 27 20 23 17 16 22 17 15 18 16 25 22 22 23 17 19 20 16 15 20 27 18 29 25 19 18 16 27 22 25 19 28 18 20 16 23 19 16 26 15 17 22 19 22 21 27 23 14 14 21 20 24 22 24 16 22 21 24 23 17 18 16 20 17 19 22 22 21 21 23 24 22 23 17 20 20 23 20 23 21 14 18 22 22 22 30 18 27 13 20 24 22 28 24 24 15 17 16 13 19 25 20 16 16 17 23 25 20 22 23 19 17 12 26 26 14 26 28 17 18 19 19 22 20 26 25 14 26 17 28 19 17 30 17 17 24 28 23 25 22 25 20 22 19 24 24 21 21 28 14 21 19 17 10 12 18 26 19 20 16 25 23 23 27 15 21 17 17 21 22 19 13 22 15 18 24 23 20 18 17 23 28 20 24 21 18 21 18 27 20 19 27 24 16 24 27 15 21 14 19 11 16 19 24 26 15 21 20 16 30 16 13 28 14 25 25 25 24 22 20 22 21 21 32 25 20 22 20 20 18 23 18 21 21 27 29 20 24 20 21 17 21 22 20 27 20 17 17 29 20 19 26 19 19 25 17 32 21 19 22 16 24 22 24 16 17 24 20 11 31 25 22 22 26 18 18 33 15 19 22 16 19 23 18 23 20 24 11 21 28 22 21 24 30 24 19 22 28 29 18 34 18 21 23 20 17 20 24 18 23 16 26 20 19 17 13 18 18 23 24 24 14 21 26 24 21 24 24 21 26 13 17 28 23 19 16 15 18 22 17 17 22 16 30 23 21 15 17 31 17 26 17 24 19 21 16 10 19 20 20 14 28 23 19 28 25 21 25 19 22 22 24 19 20 23 22 20 14 21 23 21 17 19 18 26 19 19 23 19 22 19 20 24 27 15 24 20 20 23 18 19 17 20 25 24 25 16 19 26 21 27 19 12 19 32 26 15 27 17 22 14 14 26 19 15 29 32 27 18 20 25 20 27 13 23 15 20 27 25 18 17 26 27 22 25 22 24 23 18 34 16 18 26 25 21 19 27 10 12 21 25 26 24 24 14 24 34 27 16 21 18 22 27 28 23 21 14 25 28 19 25 20 25 19 18 22 24 20 28 25 21 20 20 21 22 14 18 24 23 18 13 18 17 21 22 21 21 14 14 21 20 26 21 23 24 23 26 13 20 25 18 21 22 27 18 27 18 25 17 12 26 18 22 25 25 24 20 25 17 18 30 20 13 22 23 23 21 13 26 18 19 26 31 23 22 9 19 26 32 20 22 21 23 20 14 13 17 23 15 23 21 16 26 21 18 19 14 24 13 31 27 23 21 29 21 20 17 24 24 21 26 26 16 10 14 22 25 17 21 31 26 20 22 21 18 29 28 17 22 17 15 22 17 22 28 21 24 18 16 25 23 23 17 27 17 22 14 19 20 16 11 22 24 14 28 28 19 25 14 36 22 24 21 26 28 23 22 13 18 27 17 18 24 16 22 23 24 24 14 26 31 23 26 23 15 16 16 16 26 22 19 17 21 27 22 22 17 26 20 14 26 14 31 23 25 24 18 29 14 21 24 25 20 25 16 23 22 21 27 24 15 14 25 20 22 13 19 23 22 19 28 12 12 21 23 30 28 21 17 22 20 25 19 23 26 24 16 28 29 19 21 14 17 25 18 23 22 17 24 20 18 22 17 22 29 18 23 24 17 23 16 17 24 18 15 20 29 10 26 18 24 25 16 14 20 19 26 23 20 29 25 19 23 19 19 15 23 19 21 20 24 20 19 21 29 15 17 17 24 20 17 19 26 26 22 24 27 25 22 30 17 17 27 24 18 15 17 28 25 20 19 21 25 15 21 23 23 19 26 22 28 23 17 19 31 25 25 13 17 26 25 15 22 20 16 19 19 18 15 24 23 18 17 22 14 25 23 25 26 14 18 16 18 18 23 38 16 15 14 21 23 27 24 16 24 21 16 20 22 16 23 26 22 19 17 26 20 19 22 28 35 20 22 23 14 11 19 26 19 25 21 19 27 19 18 27 24 18 26 22 24 17 17 18 22 19 19 14 21 25 21 21 28 19 31 19 18 23 23 20 17 20 24 22 23 29 19 27 15 22 18 20 23 19 18 17 17 19 13 29 13 28 19 17 25 21 23 25 19 28 18 26 21 28 33 15 23 23 30 21 17 23 19 17 21 32 28 26 22 19 22 19 23 14 27 8 23 19 27 30 28 21 20 17 9 23 24 27 33 27 17 24 17 14 19 33 21 13 17 31 13 20 19 14 21 17 27 19 19 19 24 19 24 26 21 32 18 14 25 22 17 17 19 16 27 19 29 18 15 25 24 24 22 18 29 23 19 27 24 25 22 15 20 22 25 18 15 19 29 19 27 21 23 9 19 19 14 24 28 14 22 14 26 20 24 18 22 18 21 25 21 21 26 24 16 28 21 25 22 22 20 13 23 25 23 25 15 14 16 18 29 23 26 21 13 33 22 21 23 20 23 23 21 21 19 19 13 24 21 12 20 23 34 18 27 19 23 25 22 22 15 24 25 18 17 20 21 22 21 27 19 19 19 18 30 26 22 17 15 17 28 23 21 21 17 23 17 20 18 25 25 13 25 25 22 26 27 24 26 14 20 19 20 27 27 20 17 14 25 12 34 29 30 22 17 17 20 18 18 20 15 19 20 22 23 18 24 16 17 14 21 16 19 19 17 26 17 17 18 18 20 27 19 25 29 15 16 25 23 15 21 20 28 23 20 18 25 24 21 18 24 21 27 21 16 15 24 15 25 13 27 25 19 22 16 20 13 23 24 21 22 23 20 16 24 15 26 21 17 32 28 19 21 21 22 20 26 22 16 18 17 16 24 20 23 15 21 29 19 26 28 25 23 17 18 25 28 23 16 21 17 22 26 37 23 19 21 23 19 20 22 30 23 27 25 12 25 32 23 17 15 17 18 13 25 24 20 24 21 18 21 20 15 28 23 18 18 19 23 19 22 18 26 19 17 23 23 15 16 25 20 17 21 34 18 24 25 19 15 20 22 15 18 23 14 22 20 26 29 16 20 21 25 20 18 17 17 20 20 31 22 28 17 23 23 19 26 12 25 21 20 18 21 17 22 20 16 17 18 22 25 29 20 26 21 22 23 19 24 16 22 25 21 22 16 28 19 11 31 32 24 16 21 23 23 16 25 20 23 11 21 20 21 26 20 23 27 21 17 25 23 18 22 21 25 28 20 21 22 16 20 27 19 14 16 19 22 19 18 28 20 27 20 21 26 23 22 17 20 22 26 19 24 23 14 22 19 14 21 27 23 19 23 19 24 31 28 19 25 20 18 23 19 15 25 23 17 22 13 29 21 22 24 23 20 20 19 27 18 23 15 28 28 22 27 20 22 21 18 21 13 14 21 25 24 26 19 14 31 20 26 23 23 23 18 27 21 24 15 18 29 18 31 27 21 19 27 21 16 27 21 25 23 14 20 21 17 22 25 27 30 20 21 10 20 31 21 24 19 19 20 18 17 26 25 22 22 12 23 21 23 30 31 25 20 13 19 21 14 20 23 17 18 23 19 24 20 21 22 13 27 16 14 18 32 24 20 21 25 23 25 21 19 23 18 22 21 27 29 19 21 19 19 15 25 20 13 24 25 27 22 22 28 24 24 19 23 19 28 31 23 23 14 19 28 16 19 15 18 22 26 21 21 17 25 18 31 18 19 21 22 19 15 23 18 17 19 30 20 18 19 28 27 21 21 24 26 19 22 19 16 12 29 16 21 19 30 28 20 20 24 27 22 20 18 25 17 12 24 24 23 14 24 17 28 22 23 22 26 23 19 22 15 21 16 17 14 19 31 20 17 21 21 22 24 23 21 21 21 16 14 21 25 20 29 20 24 25 23 24 11 24 27 29 19 21 14 17 26 22 21 18 24 17 21 23 16 19 24 15 21 22 19 28 22 29 20 19 26 21 20 24 26 16 23 19 19 23 20 20 15 28 25 30 21 24 30 19 23 21 23 25 17 18 27 17 21 21 24 19 24 23 20 27 20 15 23 14 20 25 29 27 17 26 26 28 23 23 35 22 20 25 19 17 14 22 18 23 20 16 21 19 24 28 24 21 13 14 27 27 23 23 17 23 21 22 21 22 32 20 26 32 28 15 23 16 14 21 16 15 23 15 22 21 19 22 19 23 22 15 22 22 14 19 25 26 15 25 16 27 27 14 23 21 23 23 24 30 28 16 19 21 23 20 18 29 23 18 22 22 27 24 21 21 23 20 21 23 11 17 16 25 28 23 24 32 18 19 22 26 16 26 23 14 15 20 29 16 18 19 24 16 13 33 19 17 29 20 19 31 22 22 16 26 16 19 15 22 21 18 17 18 29 25 26 21 21 22 13 21 16 26 24 27 26 21 33 18 20 23 27 18 23 17 26 15 19 16 21 19 18 17 19 27 18 13 21 21 25 17 12 14 29 24 18 20 23 22 18 19 26 20 23 24 26 25 22 27 23 14 15 24 26 21 17 27 18 20 16 18 27 15 32 16 22 22 20 24 22 20 15 26 13 32 16 28 22 24 22 17 23 19 27 25 30 17 16 25 11 14 22 18 23 22 23 18 18 15 22 17 24 19 23 15 14 19 23 20 22 21 20 15 18 30 20 23 18 16 24 25 15 28 18 25 24 18 23 24 13 23 24 21 20 18 21 20 27 24 25 14 20 24 16 17 14 26 18 24 21 19 19 13 31 24 16 16 23 21 23 22 23 18 28 26 21 25 21 23 19 25 24 19 20 12 26 30 24 17 21 29 24 26 22 17 15 29 28 30 17 21 15 13 35 16 24 25 18 28 24 19 16 23 17 14 28 20 20 21 19 20 29 18 20 21 24 17 23 22 22 22 20 27 18 20 19 18 21 21 18 20 27 19 22 28 19 15 25 17 24 19 20 20 20 28 34 26 21 16 18 24 25 18 23 21 24 19 16 31 28 18 17 24 14 20 19 23 19 20 22 22 13 21 21 13 21 21 12 21 17 16 19 21 25 12 24 27 17 19 24 30 18 29 23 19 23 24 26 22 20 21 23 26 18 19 21 19 26 17 21 34 20 21 15 21 21 17 26 19 26 13 20 21 18 23 30 18 26 21 14 21 20 15 21 21 16 29 23 24 24 23 17 23 20 25 22 20 24 31 28 23 23 21 18 15 23 23 25 22 23 22 24 22 17 24 20 13 26 24 19 18 23 16 21 32 27 14 21 21 26 15 19 32 23 20 21 19 25 18 15 21 24 36 24 19 22 11 19 26 20 24 19 17 31 22 25 22 14 17 17 15 21 30 16 24 20 16 23 12 22 27 19 25 17 17 22 28 25 28 18 18 26 27 21 24 22 22 24 21 16 21 20 24 19 24 26 16 21 14 24 25 19 18 20 15 15 27 22 16 25 26 18 20 23 27 15 17 18 22 16 21 18 16 26 19 25 23 23 24 22 26 19 24 19 31 17 25 18 21 26 18 22 30 16 17 26 23 20 30 25 15 18 19 19 28 25 28 13 30 18 23 20 17 18 23 19 26 14 20 24 19 30 30 25 15 18 25 17 29 18 21 28 24 24 21 25 18 18 19 23 19 17 32 28 28 14 21 23 19 19 19 28 14 28 23 24 22 18 21 26 20 22 15 20 23 20 23 22 14 21 25 14 25 24 20 15 29 20 24 20 23 27 26 30 21 20 16 25 26 23 20 17 19 16 25 21 22 26 18 12 19 24 20 25 13 28 17 25 26 15 18 24 24 24 14 25 22 25 13 20 17 22 22 21 18 22 18 27 30 16 16 23 26 15 20 23 26 22 21 22 30 24 15 25 19 26 22 17 26 20 19 19 27 16 20 20 16 17 32 16 24 16 30 29 21 17 15 22 24 23 20 27 23 20 20 21 20 30 18 28 14 18 18 23 24 17 19 25 23 21 24 39 23 21 20 16 22 20 17 23 14 16 12 21 26 21 24 20 20 19 25 19 31 19 28 27 23 18 24 28 19 21 26 22 13 15 24 16 27 28 17 16 26 26 23 28 16 27 19 25 13 24 21 21 21 22 17 19 11 24 21 21 19 13 20 19 31 20 20 24 27 20 25 21 19 20 24 24 28 25 24 24 24 23 17 25 20 25 22 17 20 21 22 20 23 20 21 17 25 24 20 25 24 19 15 25 29 26 26 30 15 23 16 25 19 19 26 17 24 14 18 25 27 15 22 16 22 19 24 14 22 17 30 12 23 26 12 18 16 21 18 23 25 20 19 25 21 22 14 17 26 21 26 19 13 18 24 22 38 19 25 17 19 24 18 22 20 21 30 13 16 28 25 19 23 22 25 18 21 28 22 18 19 20 16 14 22 17 21 20 24 21 15 24 18 24 13 22 19 21 23 32 19 14 22 16 22 31 21 22 31 19 28 24 18 14 29 26 22 23 22 15 17 19 23 18 29 16 24 21 21 12 15 25 20 20 29 16 32 24 19 23 15 18 16 18 20 22 13 18 30 29 15 23 18 21 29 21 25 26 20 15 22 24 21 21 18 11 18 19 26 24 23 29 22 20 23 20 28 22 27 12 20 29 15 20 15 22 23 25 16 23 17 19 19 13 20 24 22 21 19 32 15 27 33 22 15 22 15 21 24 19 26 14 26 31 17 17 20 23 21 19 16 18 22 34 27 17 17 24 29 22 23 31 20 18 23 18 18 20 19 24 18 23 20 17 26 16 20 27 15 22 26 17 15 20 18 16 20 20 25 18 14 25 14 37 18 23 15 14 21 24 24 19 20 17 25 21 25 25 20 25 25 26 15 18 20 25 25 20 18 20 24 23 24 23 26 22 24 11 15 29 17 21 16 25 23 20 17 20 27 15 28 18 21 32 18 18 19 20 24 26 28 19 19 20 19 18 16 27 19 24 10 15 25 26 28 13 16 28 26 24 16 21 9 19 26 18 28 16 19 26 23 17 18 26 11 25 22 36 25 29 18 18 21 22 12 22 18 26 26 25 19 24 14 23 21 18 20 17 19 22 22 14 14 15 21 23 19 29 33 19 24 17 22 24 21 23 15 24 24 17 24 26 27 19 24 24 29 24 18 16 21 16 26 21 24 18 20 17 26 26 25 21 26 28 23 24 18 19 17 20 19 14 26 20 23 20 25 16 26 20 26 25 16 19 24 20 19 18 21 18 16 25 21 19 25 21 20 25 20 26 16 19 20 23 19 19 29 19 30 28 20 28 21 20 19 20 20 33 16 24 16 12 20 25 14 31 24 29 16 29 13 30 23 21 30 24 20 30 18 19 21 18 12 24 21 22 17 22 24 17 28 23 21 32 26 20 16 23 21 21 21 25 22 18 22 27 19 16 18 21 23 28 26 19 30 19 25 27 19 10 23 20 24 13 31 23 20 14 25 17 16 29 24 23 18 27 25 18 23 19 15 26 26 17 26 18 14 25 24 26 21 14 27 21 20 23 25 26 23 35 14 25 20 11 24 29 23 21 27 26 16 16 27 17 19 18 21 18 20 18 12 21 19 22 25 22 22 22 19 23 28 23 19 19 23 26 23 26 18 26 17 25 25 17 23 18 27 23 21 14 17 25 26 18 19 26 27 16 21 21 27 22 15 15 28 17 25 23 21 33 16 18 22 23 16 21 16 23 19 19 19 17 13 22 30 14 29 28 16 16 20 16 21 22 21 27 23 22 20 27 23 22 18 21 20 25 22 24 18 22 23 17 18 18 21 21 24 23 24 10 22 30 19 17 25 16 17 27 21 19 21 18 24 22 27 13 26 26 16 24 24 23 25 23 26 20 18 12 24 18 25 20 26 17 17 22 31 14 21 29 18 24 20 24 21 22 26 19 15 30 24 26 20 22 13 18 27 26 23 23 25 14 18 19 26 18 25 21 24 27 23 22 23 24 20 19 30 23 25 28 20 14 18 27 20 18 25 23 20 16 24 16 21 26 21 26 15 24 12 19 17 32 23 20 21 25 23 19 16 16 28 26 19 16 26 16 24 24 21 18 25 25 27 24 25 16 18 21 28 9 21 32 21 25 14 18 23 17 23 16 21 24 12 30 14 26 24 22 18 22 25 17 29 22 28 20 20 20 10 20 30 19 23 17 21 24 19 20 22 28 26 20 19 23 22 22 21 17 27 29 18 21 23 17 21 23 18 24 26 24 29 16 23 19 18 15 15 15 19 15 21 33 22 20 22 21 22 17 14 19 25 22 23 18 25 14 18 18 23 19 17 23 24 24 22 24 16 16 17 21 18 29 19 26 19 12 17 21 16 16 21 18 17 20 19 25 21 22 22 13 31 21 24 17 26 16 18 11 24 24 21 21 25 15 17 19 21 18 31 21 24 20 13 18 21 13 17 23 22 22 27 29 15 24 13 18 19 21 23 23 16 24 28 17 21 18 21 20 25 26 11 20 18 20 23 18 20 23 29 23 19 16 19 18 19 21 18 27 20 15 25 17 21 26 19 21 15 26 22 26 28 21 14 20 27 16 18 21 15 32 26 25 22 18 23 14 23 15 23 17 19 18 20 35 15 28 21 21 26 18 27 25 25 28 15 17 23 19 24 15 23 19 24 30 20 24 26 29 22 20 20 16 20 28 24 15 16 22 25 24 16 30 20 20 10 17 30 32 15 22 19 20 11 21 28 20 21 20 23 20 25 28 27 26 8 18 21 29 22 14 17 13 24 31 30 20 31 17 24 15 23 29 22 21 12 16 24 26 20 19 19 22 27 14 22 20 19 16 20 30 19 30 17 24 21 27 24 26 17 19 23 27 19 22 24 19 28 13 16 23 22 21 23 21 23 20 20 23 23 20 21 17 25 21 19 24 21 23 21 20 18 19 23 42 20 22 17 20 16 21 27 31 14 24 18 22 20 16 24 25 22 24 18 26 20 22 23 25 28 30 14 19 27 19 26 20 20 24 15 15 18 26 25 13 20 18 23 21 16 18 17 19 29 21 24 17 17 27 23 22 20 19 21 14 27 23 17 23 30 21 23 26 20 22 23 18 21 21 19 22 24 19 20 28 21 22 21 19 16 18 24 25 31 15 26 20 24 19 22 23 21 16 23 26 18 21 18 22 16 24 33 29 12 21 24 18 17 21 17 32 21 19 19 14 22 16 24 32 20 20 19 12 20 17 20 19 26 17 16 26 14 19 29 22 24 22 16 23 23 20 15 17 17 16 18 17 24 18 29 23 38 18 20 7 25 24 18 21 21 20 21 18 19 18 18 20 25 28 19 24 20 17 21 29 22 18 19 15 24 23 24 34 18 27 22 22 28 19 14 13 12 24 24 21 23 24 23 27 13 28 16 19 16 21 30 20 20 16 18 22 13 26 20 24 28 20 17 31 26 29 17 13 17 26 18 18 31 24 28 21 19 24 28 21 18 20 15 19 28 20 19 24 16 29 20 22 20 18 24 18 32 35 22 25 22 23 23 24 16 22 26 21 26 17 22 16 18 21 16 18 16 26 18 24 15 24 27 24 18 21 26 18 24 15 37 31 21 22 22 17 24 18 21 17 31 26 16 20 24 21 11 25 19 21 23 28 31 21 22 24 16 28 21 14 22 21 24 22 18 32 16 20 22 23 17 26 35 18 20 27 30 21 19 24 20 10 23 18 19 16 28 14 22 12 22 33 27 20 21 32 29 10 20 20 24 27 26 27 18 15 17 18 22 16 18 21 13 22 17 25 24 28 19 21 26 25 31 19 23 29 22 16 13 19 17 20 26 23 20 23 25 26 21 14 14 21 27 22 18 25 17 24 20 11 23 18 18 27 12 22 17 23 22 25 20 18 27 28 11 18 17 19 17 25 19 19 19 25 25 20 23 20 19 12 29 24 19 21 19 21 21 21 25 22 20 20 20 28 18 18 15 25 18 24 16 27 18 29 24 24 18 27 14 31 25 14 24 20 24 18 29 22 21 27 20 22 19 25 12 19 26 19 14 25 20 20 20 25 23 13 24 20 23 29 26 20 23 26 18 16 18 23 19 19 23 17 20 16 24 21 21 12 29 25 28 23 30 17 34 14 21 19 20 14 21 14 20 21 24 10 25 17 23 22 25 19 27 18 27 27 14 19 27 20 19 20 33 23 26 21 16 19 19 20 27 15 21 25 18 29 21 14 16 23 28 21 23 16 20 18 22 20 21 24 26 22 15 26 14 29 16 21 17 19 20 24 19 21 23 29 18 14 15 24 26 19 21 28 17 21 17 18 22 24 21 28 22 17 22 24 19 16 19 23 19 28 15 16 20 22 28 17 20 18 18 15 23 15 26 26 22 28 22 14 35 18 19 22 16 20 20 24 17 33 20 13 26 19 24 25 24 21 26 19 22 18 19 20 33 25 12 19 16 15 20 25 24 19 23 16 23 23 25 23 13 22 16 22 17 15 21 24 21 18 25 23 24 19 15 20 18 20 17 22 18 21 24 19 25 21 23 19 21 25 18 18 26 21 23 28 17 22 28 27 24 23 23 15 33 17 18 29 22 30 19 19 21 26 17 27 17 25 15 17 23 22 15 27 23 20 15 24 25 27 12 23 22 13 26 22 24 25 18 18 16 23 22 19 15 16 26 24 28 27 27 17 12 18 19 28 17 23 24 20 23 17 20 19 18 25 18 18 27 30 21 30 30 14 23 19 16 19 21 33 18 24 26 25 20 30 23 21 29 16 22 24 23 20 24 21 24 17 19 18 28 24 19 28 15 24 29 19 28 19 26 25 23 22 24 20 16 20 23 17 21 21 24 19 19 27 21 20 17 22 19 26 22 20 18 21 12 19 11 28 27 23 28 23 19 23 30 18 18 26 19 24 19 15 17 32 21 21 20 20 18 26 22 17 16 19 19 17 25 20 27 22 17 24 18 25 22 25 26 25 22 20 27 20 24 16 19 18 23 32 18 11 10 26 27 21 15 18 23 13 21 22 25 20 23 28 32 21 24 25 28 13 19 25 19 20 24 18 21 31 13 24 21 17 23 17 21 16 23 17 30 28 22 29 18 17 20 23 29 20 17 18 30 29 19 13 24 16 18 28 21 27 18 20 18 24 12 17 26 21 22 14 22 31 13 18 14 19 17 21 13 26 25 24 24 20 19 22 21 19 23 21 16 20 21 19 20 25 23 26 17 21 19 23 16 20 20 17 12 25 15 18 23 22 21 26 26 28 23 21 27 23 12 16 29 22 24 27 27 31 22 25 20 23 17 19 17 17 21 23 21 20 16 29 18 27 15 17 26 19 19 23 16 21 27 17 27 35 23 23 12 27 23 17 22 28 21 25 27 19 25 17 21 24 19 24 20 26 20 18 16 29 20 23 20 26 22 20 17 15 20 26 29 23 23 19 26 15 25 20 20 18 25 23 24 9 24 22 26 29 33 19 11 22 23 28 21 21 23 22 19 18 19 27 23 16 12 16 26 31 26 26 24 19 32 16 25 23 19 21 14 21 19 27 22 19 23 13 24 22 15 29 27 28 21 24 19 17 21 26 13 18 18 19 28 14 23 22 23 25 20 24 28 27 27 16 24 17 20 16 25 18 24 19 24 12 15 22 20 23 29 18 24 22 18 19 23 8 33 21 14 21 16 17 20 24 17 28 13 23 18 30 20 19 23 19 14 30 26 23 16 23 23 21 20 24 21 25 15 19 16 23 22 20 23 25 15 13 28 24 19 28 19 18 23 23 26 19 21 19 22 35 15 13 21 23 19 23 20 16 24 22 25 24 20 20 19 22 22 27 20 21 23 26 22 16 25 26 25 15 19 25 22 13 20 23 24 18 29 22 19 27 14 18 16 21 12 21 25 23 22 22 18 24 20 21 17 24 27 27 19 25 17 15 22 16 17 24 22 16 19 24 18 18 26 17 19 32 26 17 27 25 20 16 22 14 18 25 22 26 20 22 23 21 23 15 16 23 22 22 21 17 14 24 32 21 20 20 17 20 26 19 21 22 18 38 19 19 26 21 19 21 21 17 18 12 20 21 21 23 13 21 21 27 17 22 23 25 27 17 21 19 21 21 18 25 21 16 14 27 29 27 18 16 20 20 22 24 9 19 25 22 18 20 23 29 22 22 22 17 20 16 25 10 23 32 22 21 19 13 26 19 22 18 18 14 20 24 24 33 17 16 22 25 15 16 23 18 19 19 20 21 23 27 26 20 24 30 26 23 27 26 16 19 15 18 20 14 24 24 19 20 24 15 11 21 17 18 15 16 33 25 16 26 24 23 20 15 20 24 16 18 27 22 26 24 20 21 25 26 23 22 12 16 19 22 28 27 19 17 18 22 19 21 29 29 16 20 20 18 18 14 21 14 18 21 22 19 28 22 27 21 27 15 24 20 22 15 26 34 21 20 17 25 12 17 24 22 17 18 25 25 29 26 21 16 22 24 22 21 21 22 22 25 16 20 22 23 21 22 18 25 18 24 21 20 18 22 27 23 16 17 20 16 30 20 15 15 30 24 26 17 30 16 21 18 19 20 22 15 22 17 22 25 20 20 25 31 22 15 22 28 21 22 19 22 20 20 19 22 22 16 11 17 20 21 23 15 21 26 23 21 20 15 24 19 16 26 28 14 11 28 24 25 25 21 25 25 32 19 18 25 21 16 21 18 20 25 19 26 22 26 16 20 22 20 25 20 24 22 20 28 27 25 23 21 20 19 19 26 21 24 20 19 24 14 21 31 22 20 18 27 26 17 23 22 20 17 32 25 30 19 26 18 17 24 18 20 19 23 17 22 22 31 27 26 14 12 25 20 25 13 34 19 26 20 16 24 27 18 26 24 27 19 21 21 20 16 19 20 13 15 20 13 21 27 25 20 23 28 24 15 21 25 24 19 25 18 28 23 26 19 24 18 12 28 25 21 19 24 26 23 32 20 20 18 28 18 18 18 18 25 18 18 22 27 17 15 18 24 22 18 20 22 17 25 22 21 17 20 29 25 24 20 17 22 18 19 29 17 19 21 21 23 26 18 27 22 27 25 21 28 18 17 25 14 20 19 19 32 24 31 21 20 19 26 20 21 16 23 16 37 18 19 20 18 21 19 24 19 28 21 22 12 24 25 21 15 18 25 17 10 24 22 13 18 23 18 22 18 23 24 25 22 23 13 25 21 22 33 21 19 23 20 20 31 18 18 17 22 27 21 19 27 19 15 22 20 16 15 26 19 18 23 19 18 16 27 24 22 19 21 19 27 21 19 20 18 28 20 30 19 12 20 12 15 23 31 19 37 19 27 22 25 15 19 21 19 16 21 24 17 20 25 24 16 17 19 22 22 27 24 23 18 18 26 21 17 18 20 16 27 21 23 19 18 24 23 22 24 20 27 18 19 24 17 22 23 22 16 23 21 27 22 18 27 24 22 25 15 13 13 20 18 27 28 24 19 12 17 22 25 19 24 17 23 24 10 23 23 27 21 23 15 15 12 18 16 26 19 23 27 21 29 31 19 15 20 11 22 16 19 32 19 27 20 26 22 22 30 26 11 19 23 15 20 20 23 22 22 20 27 21 31 25 26 14 21 17 28 13 23 19 12 23 20 21 18 20 17 18 29 23 22 20 20 17 15 12 22 15 28 14 19 26 21 15 29 16 16 19 22 23 28 28 13 18 15 21 20 21 16 28 20 34 25 20 19 15 21 20 26 20 19 14 25 27 15 15 12 14 33 23 19 23 15 21 25 22 18 22 19 21 19 22 18 15 20 24 25 29 21 26 20 23 27 25 22 20 19 18 21 17 24 25 21 24 25 18 24 16 14 19 21 24 19 15 17 24 19 27 19 29 18 26 16 23 27 14 21 24 11 27 20 21 21 16 24 18 21 19 18 27 17 34 24 18 24 17 19 27 23 22 27 22 23 17 14 19 28 19 27 17 16 25 23 21 24 16 23 22 18 29 14 13 20 32 30 23 28 19 21 23 25 8 23 22 19 23 24 27 18 19 15 24 20 16 33 21 20 20 19 14 26 20 21 32 37 20 17 17 25 23 18 26 26 27 13 25 25 26 26 22 30 26 16 16 21 19 11 20 25 18 21 21 15 21 27 24 21 20 13 27 16 24 21 21 25 34 15 22 24 20 25 15 16 22 31 20 23 21 13 18 19 21 30 26 17 21 16 16 20 24 21 17 20 26 19 31 19 18 23 17 25 22 26 20 17 20 24 18 30 29 18 22 15 22 16 19 26 22 20 20 26 21 18 19 18 11 22 15 19 24 24 28 15 21 20 26 21 20 13 25 21 20 21 25 21 24 22 29 29 24 18 25 13 24 18 27 20 19 23 15 20 21 19 19 20 21 16 24 35 22 16 22 28 20 20 18 19 22 22 18 26 23 22 25 13 19 22 23 14 15 19 31 26 21 20 19 13 25 20 25 27 21 22 20 25 20 17 24 16 25 19 24 24 22 21 20 12 19 20 22 23 17 26 16 24 23 22 25 23 24 25 23 25 27 28 20 22 21 18 24 27 27 19 25 21 15 22 14 22 26 22 23 21 29 25 19 21 22 20 20 18 22 26 27 23 22 10 22 24 14 16 18 19 16 30 17 23 25 19 20 17 20 16 24 18 14 11 21 26 19 24 19 24 21 21 14 18 18 17 26 16 20 25 18 26 26 20 32 26 16 13 27 22 22 20 20 14 26 24 30 16 22 25 10 24 27 24 22 15 17 16 31 16 23 22 22 28 25 21 24 22 16 22 15 26 26 16 24 23 25 25 15 24 17 23 20 27 24 17 22 13 24 20 22 23 17 24 21 14 13 13 23 21 20 22 20 19 23 28 38 26 27 28 18 13 14 24 23 17 20 22 26 22 12 17 27 28 26 16 21 22 19 21 15 16 16 24 18 25 21 20 17 25 27 20 26 23 32 25 23 19 19 24 15 24 10 15 18 30 22 22 10 23 20 28 19 22 18 23 28 15 28 22 17 19 22 29 20 22 19 24 19 23 24 17 19 22 20 29 17 27 24 12 18 15 25 18 16 34 22 21 29 21 18 24 17 16 17 19 27 19 15 23 20 18 32 25 15 25 14 19 22 19 21 21 23 13 13 17 23 26 24 30 25 26 16 27 20 21 13 34 19 25 21 23 15 13 23 14 20 25 13 22 22 25 17 25 16 20 26 16 25 17 22 20 22 20 22 23 16 24 21 22 22 21 20 20 21 20 19 13 32 24 17 26 18 20 22 18 15 26 20 18 22 18 18 25 22 21 13 26 26 27 22 20 18 28 18 30 24 21 20 22 24 26 18 17 17 22 26 26 12 26 22 22 22 17 18 22 24 26 19 21 12 23 21 21 20 26 23 16 14 20 31 28 18 13 21 19 26 13 23 23 22 21 12 24 17 16 26 19 14 24 22 19 13 21 20 18 22 19 17 26 19 18 17 28 21 22 14 20 20 24 23 16 15 24 27 19 12 22 23 18 20 17 20 26 19 16 26 18 21 29 20 22 24 31 17 22 22 25 22 29 19 26 26 16 23 14 21 20 25 13 23 16 22 17 17 23 22 20 17 27 19 15 20 26 18 28 18 21 25 24 35 18 24 17 18 24 16 18 19 20 28 16 20 16 27 22 25 19 21 10 15 22 26 19 21 13 17 26 23 18 22 22 21 14 33 22 13 23 21 24 16 25 30 22 29 24 23 24 20 22 19 26 14 20 16 15 20 14 23 26 16 22 23 32 19 18 34 19 24 19 26 30 19 25 22 15 23 25 27 20 20 29 29 21 19 21 19 21 16 30 14 14 24 31 17 23 22 23 24 14 23 15 16 17 26 24 14 20 27 17 22 18 23 26 19 20 24 27 21 24 12 17 24 27 20 24 22 16 26 22 26 26 21 17 25 22 16 15 19 14 17 16 34 23 17 24 14 32 21 23 18 18 24 22 27 21 26 14 19 25 19 16 22 20 29 19 17 18 17 23 20 26 22 25 23 23 13 30 21 20 31 22 19 17 23 27 22 17 25 27 16 21 25 15 25 21 20 25 17 20 18 22 18 31 17 22 17 24 16 21 24 23 23 20 36 27 21 20 16 23 30 22 19 17 31 16 14 23 19 18 19 15 25 21 29 22 19 27 17 14 24 23 15 21 24 28 27 21 20 21 21 27 26 25 11 15 20 14 22 30 23 18 28 25 24 25 23 20 21 16 25 18 29 28 17 23 19 19 22 21 17 21 9 33 13 23 19 22 19 30 22 18 21 16 24 24 19 19 15 18 32 21 16 14 14 22 29 25 24 30 26 23 22 20 29 21 13 19 24 27 17 17 17 27 13 27 26 27 16 20 19 23 27 21 22 21 27 22 20 16 12 28 20 26 22 17 26 15 26 24 21 19 23 19 18 20 27 22 22 23 18 26 19 23 21 28 22 27 20 14 15 25 15 23 23 25 28 24 26 18 22 22 28 20 23 21 21 19 17 24 17 31 27 20 21 17 22 20 21 27 22 26 25 34 22 27 22 15 16 17 28 21 20 29 15 28 27 20 16 10 13 25 24 17 22 26 19 20 23 20 24 21 22 19 13 25 20 17 21 19 15 17 23 23 22 23 33 24 30 15 14 21 25 32 17 20 21 16 15 14 25 21 19 22 24 21 20 18 17 19 18 25 26 22 19 32 21 16 15 18 23 19 29 26 21 18 19 22 28 26 19 15 19 16 21 17 20 31 26 15 24 23 20 19 26 23 19 16 24 14 18 22 23 22 27 30 26 27 18 18 17 18 19 19 27 27 26 27 19 22 20 19 20 31 25 18 20 19 22 26 22 15 20 23 21 27 12 25 14 23 20 23 22 19 16 31 24 23 17 19 28 18 24 27 28 25 13 20 22 30 16 15 26 23 17 22 16 21 13 17 16 25 25 22 22 27 23 18 27 19 20 17 27 24 20 16 13 23 25 26 14 20 31 23 24 17 33 17 19 29 28 24 20 21 21 23 23 18 18 19 15 20 27 23 14 23 15 11 18 19 16 17 24 20 21 17 30 17 19 22 20 15 25 23 20 24 13 17 23 20 21 22 14 20 32 20 24 19 16 17 18 17 22 24 17 19 29 17 19 28 19 23 18 27 17 22 17 26 28 21 18 22 19 19 22 21 20 16 14 26 28 22 23 14 22 27 25 15 17 25 18 23 19 20 21 23 20 24 14 17 18 16 34 23 19 24 20 15 15 20 25 18 18 28 22 23 28 18 14 24 24 25 22 15 16 20 17 20 26 25 21 22 15 21 22 19 25 23 16 22 30 17 25 24 18 24 26 16 22 17 21 16 21 21 32 19 24 16 27 23 18 19 20 16 19 18 26 23 18 25 17 18 24 23 23 23 15 20 20 23 22 20 12 22 14 27 28 27 15 20 18 19 20 20 18 21 21 18 23 22 20 25 22 20 19 19 11 17 18 28 19 20 22 17 17 15 20 26 22 24 21 16 23 19 24 18 27 19 28 26 15 19 24 31 14 23 15 25 24 22 24 21 23 16 19 21 30 20 20 22 16 23 14 18 23 21 23 25 22 20 25 23 21 18 23 20 17 32 20 16 20 19 12 20 23 14 20 15 24 22 21 25 21 24 22 22 19 27 19 23 30 28 26 12 17 17 25 17 25 21 21 26 28 17 22 19 19 30 17 23 37 19 19 16 16 20 23 29 16 20 16 18 21 22 22 26 20 24 21 24 23 17 26 28 26 25 18 19 26 29 16 13 28 18 25 18 20 36 29 18 19 29 18 23 18 19 16 16 9 25 27 25 11 20 28 22 26 23 20 12 27 17 28 18 20 27 21 31 25 20 14 17 20 18 22 17 22 18 23 20 22 16 30 19 20 25 22 24 18 26 14 25 16 20 25 14 18 34 27 23 17 25 22 23 20 20 23 16 30 20 18 17 31 13 27 12 19 20 21 24 23 18 30 28 39 27 21 18 21 17 25 22 20 17 18 15 25 22 28 20 20 19 22 23 21 21 23 30 27 27 23 20 23 25 15 21 23 24 26 23 16 22 29 14 18 24 20 27 19 17 21 21 20 16 20 21 19 16 31 12 27 26 21 19 16 18 25 29 19 16 25 22 19 26 28 21 18 21 23 16 21 18 23 26 12 19 21 24 19 25 22 11 16 22 23 29 13 27 21 23 21 18 18 26 19 28 22 23 19 16 21 31 20 26 23 25 23 19 23 23 22 21 19 25 19 18 14 20 18 15 23 20 19 25 21 23 14 18 22 21 13 22 29 24 18 23 25 19 20 19 24 23 30 18 23 24 21 26 22 24 11 27 11 23 17 19 27 18 15 21 14 19 19 31 20 19 22 19 24 15 25 21 26 19 23 14 20 15 22 22 14 25 24 29 24 18 20 21 19 12 24 18 14 25 21 24 19 22 20 21 24 29 23 21 19 21 15 26 32 22 21 15 24 12 22 20 15 13 28 22 31 23 20 25 22 20 33 23 24 19 22 19 20 34 9 23 23 24 25 14 23 24 19 19 24 20 16 20 18 17 24 14 23 14 22 14 17 18 28 20 20 20 16 25 18 31 27 19 25 26 32 16 20 22 26 22 19 22 20 17 25 26 28 27 23 10 24 20 15 21 13 28 17 18 32 20 20 21 18 21 15 27 18 23 18 17 19 24 18 20 21 16 26 24 18 22 32 19 27 28 22 22 15 19 26 25 19 16 17 24 27 20 21 15 22 30 23 22 17 17 27 20 20 14 27 30 14 29 19 16 16 24 13 28 31 30 14 30 15 24 17 22 32 26 22 23 19 20 20 18 20 16 19 17 23 32 25 33 20 25 24 22 14 25 27 28 24 23 23 19 14 18 23 14 15 26 22 21 22 19 23 12 18 22 20 17 19 27 26 21 16 19 24 23 28 20 20 20 20 18 16 29 20 23 22 23 19 25 21 19 18 21 21 18 15 24 20 24 19 20 20 24 23 18 18 28 27 25 16 24 28 17 28 18 25 22 22 27 24 13 33 17 24 25 17 10 23 18 14 17 18 23 14 32 20 19 24 26 21 32 16 17 31 22 14 25 11 24 24 19 22 17 17 20 14 22 15 29 22 22 21 21 20 16 18 19 18 19 17 21 25 15 22 32 20 20 25 31 21 16 22 24 22 20 16 24 28 19 23 20 26 18 28 16 26 29 16 20 24 20 21 19 15 23 35 16 22 19 17 13 24 22 24 25 23 23 22 24 22 15 25 16 19 21 20 20 27 22 19 17 22 20 26 20 31 18 17 19 22 21 23 18 13 26 17 16 19 16 13 18 36 21 20 27 23 22 27 33 16 22 22 19 19 30 15 17 20 28 23 23 13 26 25 18 14 21 21 20 21 21 22 20 26 23 13 26 20 27 18 17 24 17 19 18 25 19 17 20 18 24 22 20 18 26 24 21 24 14 29 17 23 22 22 11 20 21 23 24 27 21 16 17 25 18 23 25 21 22 14 16 23 20 16 18 16 24 25 19 23 20 18 29 27 26 21 18 20 23 18 31 18 29 21 16 17 23 22 18 28 18 19 20 18 17 18 20 16 30 20 16 22 28 24 19 22 28 32 16 25 30 24 15 21 20 16 24 22 21 23 24 27 30 21 17 22 14 19 21 25 22 21 20 23 30 12 22 19 15 23 17 19 19 23 26 23 20 22 22 14 24 27 13 21 19 21 24 19 26 28 29 20 24 16 13 20 16 21 20 21 22 22 17 22 21 23 11 17 19 28 27 25 18 13 25 19 22 22 26 17 16 18 21 27 25 27 20 21 17 23 19 19 25 19 22 20 23 16 26 22 19 14 23 26 31 19 26 23 21 24 21 18 22 25 24 17 16 17 24 23 27 13 16 14 20 24 16 16 26 20 22 17 23 25 30 17 15 18 21 19 21 27 14 18 25 23 21 28 15 22 25 11 16 24 22 24 21 29 15 18 17 22 19 19 25 26 17 22 18 22 19 23 23 20 16 23 16 28 17 14 26 27 24 22 21 22 15 25 23 29 25 18 22 28 25 25 17 23 19 18 14 21 25 23 14 20 24 15 20 18 20 17 17 27 18 24 25 25 24 14 18 15 29 23 24 23 24 23 13 19 15 23 19 19 20 19 23 20 22 13 18 21 21 18 21 24 30 23 22 24 20 17 10 13 24 22 26 29 18 29 26 22 20 23 21 11 16 20 21 19 24 16 21 22 28 27 20 22 24 20 27 31 20 24 15 22 25 18 21 26 12 21 30 30 29 17 20 15 18 16 24 26 16 26 21 26 17 18 20 23 17 20 25 19 26 22 26 14 18 25 15 29 32 19 34 27 25 26 21 19 15 25 23 27 16 22 25 24 12 26 13 20 28 18 20 21 24 23 16 19 24 21 23 34 19 19 18 19 17 19 25 27 21 16 28 36 16 23 19 19 13 22 18 20 23 24 27 26 26 22 19 17 22 19 20 17 26 18 26 21 23 22 29 21 14 17 21 22 27 31 15 18 18 31 29 18 17 14 16 20 25 17 22 21 31 15 20 18 20 21 20 28 18 29 24 21 30 20 20 14 14 23 27 16 20 20 15 18 22 26 16 19 23 21 16 27 24 24 19 23 25 22 16 27 21 24 25 20 24 20 27 20 22 20 22 24 25 16 16 24 19 25 18 31 23 21 21 29 25 21 29 15 18 21 20 20 31 25 13 21 22 20 15 13 20 26 34 17 40 17 24 26 14 23 16 15 25 23 17 25 31 21 26 28 24 20 28 20 22 20 19 20 29 15 14 17 25 27 12 27 24 20 18 16 29 19 22 23 21 26 17 22 19 19 16 16 20 22 22 26 24 28 26 14 21 18 23 25 21 17 16 27 19 17 22 21 24 26 26 25 21 21 15 18 26 29 13 23 18 14 19 17 20 12 22 24 25 25 29 18 20 24 29 27 21 24 27 15 26 21 19 19 20 20 19 24 18 23 22 14 21 24 22 25 21 22 18 20 15 21 17 18 16 23 19 27 23 23 20 18 23 23 29 13 29 23 26 20 23 24 26 23 23 22 16 19 22 28 19 26 22 18 25 24 12 24 28 17 15 20 19 24 25 16 24 28 22 22 27 13 25 28 17 15 19 18 16 30 28 20 21 25 29 17 24 21 17 19 13 23 28 19 28 28 14 19 22 27 15 18 22 25 20 28 15 27 23 27 20 24 20 20 15 24 23 25 27 11 24 18 21 25 19 19 26 28 16 23 29 16 16 14 31 15 22 26 17 24 25 24 19 19 17 23 18 11 27 15 23 17 31 21 28 22 27 17 29 19 17 18 23 20 20 26 25 19 17 27 25 22 19 20 20 18 17 23 23 21 18 19 19 18 22 17 22 23 25 23 26 33 19 23 22 22 17 25 19 19 24 19 20 18 24 31 28 17 25 19 14 31 16 32 19 25 16 23 20 21 20 23 21 20 12 27 23 25 18 17 19 21 20 22 22 23 20 21 28 27 34 19 16 20 18 17 17 21 22 18 20 18 17 21 17 30 21 18 20 22 19 24 19 17 28 13 28 23 26 18 20 18 25 21 24 18 21 27 23 22 17 15 24 18 23 25 23 22 21 25 22 28 27 21 22 25 11 21 24 23 20 21 22 12 19 23 18 20 18 19 24 23 19 18 18 23 21 26 19 19 15 23 23 19 18 26 25 20 17 16 21 25 24 23 12 22 20 18 20 16 12 21 21 28 17 27 18 21 28 26 22 18 19 19 23 25 19 23 20 25 20 16 25 30 16 21 15 21 24 23 21 21 21 15 21 21 11 22 17 20 26 22 25 30 18 27 17 24 20 15 22 23 15 14 26 17 13 26 21 18 22 26 16 16 28 18 12 17 24 15 29 24 17 17 25 14 19 21 21 24 21 24 17 28 26 19 20 22 22 14 17 15 21 27 28 26 20 27 20 22 30 13 19 20 26 19 20 21 12 17 22 21 20 20 19 18 27 38 17 19 24 17 16 15 19 23 20 13 15 23 21 15 28 19 25 16 22 22 23 18 27 18 16 20 25 24 17 23 29 22 28 28 21 19 23 32 9 25 15 23 20 23 32 31 23 17 20 21 20 14 18 22 22 20 18 22 26 24 17 31 21 24 16 30 27 26 17 16 15 32 22 16 26 25 15 15 18 25 21 25 21 19 25 28 18 23 21 23 20 22 18 20 29 16 17 22 28 22 22 24 22 15 23 16 23 18 16 12 16 27 27 22 24 22 21 19 24 22 21 21 19 26 23 23 17 32 21 12 17 26 22 13 21 19 29 14 13 26 23 23 25 24 16 16 23 28 21 19 21 28 20 14 17 20 16 15 22 27 17 22 20 24 21 25 26 15 25 22 18 23 16 18 20 21 22 29 18 21 18 25 17 13 22 20 16 22 18 26 21 25 19 31 19 20 21 18 24 13 17 20 16 21 22 17 20 28 26 20 21 16 23 19 15 20 24 13 26 23 29 26 17 16 23 23 24 17 17 17 22 18 25 22 18 18 26 20 21 22 19 27 20 27 19 20 18 16 18 25 22 21 20 23 21 30 20 27 22 19 22 22 19 14 22 27 27 23 20 22 19 22 19 19 29 20 24 17 21 23 13 12 28 23 25 22 22 24 26 19 17 27 20 21 16 20 26 15 27 20 25 19 21 19 24 30 21 24 20 13 27 21 14 23 25 20 21 22 24 20 19 24 22 32 17 22 21 24 29 24 18 19 22 15 26 25 17 19 14 27 21 29 22 22 26 14 25 25 21 18 24 20 25 19 13 22 16 18 24 26 17 32 20 15 23 25 15 23 19 19 24 21 18 19 15 18 25 17 19 17 22 25 18 15 19 20 17 19 16 17 17 22 16 21 21 18 26 26 22 23 29 26 15 13 15 25 31 19 19 13 26 27 20 14 20 24 22 21 22 24 18 22 17 23 23 30 17 22 22 22 26 16 14 22 27 21 27 28 28 22 25 18 14 18 16 26 22 19 30 23 19 20 20 21 17 25 16 25 19 22 17 21 22 22 10 25 19 23 30 17 16 24 19 25 16 21 22 14 32 20 20 22 12 26 25 25 28 16 25 12 15 15 22 25 25 21 21 20 12 22 21 25 22 20 31 19 20 14 19 19 30 22 26 15 20 22 31 23 18 16 26 19 22 20 16 24 24 16 20 23 13 32 23 25 20 21 18 19 20 15 30 19 25 24 19 26 25 21 21 22 17 14 21 20 19 21 17 21 24 20 20 20 27 23 24 26 14 19 21 13 22 29 25 26 16 22 26 22 25 37 16 23 21 27 22 23 24 19 23 27 13 22 26 30 10 27 13 16 19 14 18 17 23 32 18 27 24 21 23 20 24 18 23 17 19 28 20 22 21 20 20 18 24 17 22 23 18 21 27 24 26 18 18 19 23 21 19 23 15 18 18 19 24 28 16 22 22 20 21 20 24 19 18 21 18 25 19 17 20 29 23 18 18 22 18 24 31 25 22 19 24 14 17 22 24 28 21 17 22 25 21 16 16 15 18 18 24 22 16 25 27 24 21 21 23 25 23 25 17 16 22 37 16 16 20 26 24 28 18 21 20 21 18 18 23 35 20 16 28 25 16 18 14 18 23 18 19 34 27 22 23 24 22 25 21 21 16 27 28 18 16 20 20 19 30 23 15 21 16 20 25 19 20 19 23 23 26 33 16 24 22 15 20 22 20 30 15 22 20 18 27 17 21 29 24 16 24 29 30 18 24 20 24 20 23 32 15 17 27 23 20 24 23 24 18 25 18 21 21 18 18 19 23 34 34 19 23 17 23 25 16 14 16 16 27 31 25 16 20 19 21 23 20 20 22 12 15 23 23 33 29 25 29 24 13 20 26 27 19 23 18 32 25 24 13 28 14 21 19 16 30 15 29 27 32 29 25 22 16 19 24 29 21 18 18 21 18 19 27 17 16 23 28 18 21 18 18 21 22 15 21 15 22 21 28 19 19 18 25 27 23 25 23 17 16 23 21 17 20 27 19 22 24 22 22 23 18 25 26 20 19 27 12 23 22 23 18 18 14 25 20 15 23 29 18 28 17 23 12 20 16 25 15 14 11 19 18 20 26 20 16 29 27 23 26 18 22 17 21 25 28 26 20 18 25 21 27 20 21 17 13 17 28 20 26 28 28 23 17 19 20 17 22 17 27 20 21 29 26 17 26 25 25 18 13 21 18 27 11 18 22 31 23 9 16 20 16 24 24 23 28 23 25 19 17 22 27 18 27 18 28 22 20 20 27 23 15 31 16 26 19 23 12 22 14 19 20 15 24 20 17 26 27 18 12 24 24 25 24 22 22 18 21 22 17 19 17 17 25 24 24 23 30 22 19 19 24 21 12 16 19 20 21 24 23 24 19 27 17 17 26 20 20 19 26 23 23 21 15 20 21 14 27 27 19 35 20 22 17 19 17 32 25 28 20 19 19 15 17 26 14 26 22 29 14 24 19 15 23 20 22 23 25 17 17 23 27 23 22 27 18 20 19 17 13 27 33 27 20 19 19 17 13 24 23 28 25 21 19 17 32 22 20 15 22 21 16 25 22 18 23 21 29 16 18 19 18 20 28 12 24 18 27 23 19 15 23 12 33 16 22 20 22 27 14 24 23 21 22 12 23 14 19 26 23 18 16 32 25 19 26 21 24 12 16 17 28 22 18 22 29 24 18 15 28 25 16 20 20 22 17 21 31 18 18 19 30 23 21 18 24 24 23 27 19 22 19 24 19 23 14 24 27 15 27 26 18 31 25 26 22 16 23 17 19 27 17 17 22 22 21 20 30 22 21 28 18 21 26 18 20 13 23 19 10 25 11 22 15 16 33 27 16 20 23 17 25 23 30 19 14 31 29 28 23 21 22 18 26 21 23 26 21 21 15 22 20 18 26 17 16 14 31 31 18 21 16 25 23 18 20 19 27 21 18 18 19 17 31 27 19 17 26 21 21 28 21 28 18 20 22 26 18 13 20 18 21 28 18 23 13 22 29 22 24 24 20 24 32 26 17 23 25 15 20 22 19 19 22 18 23 23 21 23 15 18 22 22 20 13 33 25 20 16 29 16 24 23 24 17 25 19 23 22 19 39 23 23 25 13 16 20 29 26 24 31 19 20 15 34 14 17 22 21 18 29 15 23 23 21 29 22 31 13 20 19 14 27 22 13 16 22 21 27 20 19 31 25 25 20 24 22 14 24 24 20 24 21 20 22 29 24 18 18 28 21 23 13 24 18 18 20 19 25 22 27 22 25 18 24 15 18 19 18 20 22 22 16 17 21 13 18 21 20 14 24 24 23 19 20 24 20 25 21 22 20 15 21 20 21 23 30 24 20 18 20 33 17 15 19 26 20 21 15 18 19 20 15 19 19 24 21 26 18 28 25 18 19 12 18 22 22 15 15 25 24 24 20 25 20 15 20 11 22 23 19 21 16 18 21 19 18 26 24 19 19 20 21 28 28 32 21 24 20 18 19 15 19 19 19 23 20 28 28 24 24 25 19 22 20 25 25 22 11 20 19 11 26 23 19 30 18 11 24 15 30 17 18 16 14 18 20 31 19 15 22 32 24 16 12 22 18 27 24 19 26 21 22 21 32 18 20 18 29 19 20 25 21 21 16 19 16 21 25 22 20 26 26 18 20 34 20 31 23 22 21 11 17 22 25 20 31 27 17 22 13 29 29 20 28 17 17 21 30 19 18 18 28 19 15 16 16 23 20 25 24 22 25 18 12 30 24 22 21 24 20 28 14 25 26 27 22 13 21 25 29 14 19 20 23 31 20 14 29 16 24 21 22 19 31 20 23 27 21 22 15 26 23 13 23 19 18 21 23 23 16 26 13 27 24 21 32 16 21 26 29 24 28 19 17 21 25 19 12 23 22 14 31 23 21 23 12 10 11 23 20 16 24 26 18 16 21 11 20 27 17 31 20 31 25 28 21 11 24 15 22 26 25 23 24 22 19 30 20 34 24 20 19 26 13 17 21 19 20 25 27 18 14 21 16 23 24 33 21 15 24 22 28 13 21 27 17 13 22 25 20 25 16 24 16 23 23 21 27 18 19 24 21 26 25 18 18 16 25 29 22 18 25 17 34 19 23 21 22 19 22 24 20 15 23 26 15 16 20 25 17 18 24 23 32 15 21 19 20 23 22 25 21 22 24 23 27 19 21 21 21 22 16 24 19 25 32 18 22 21 21 26 25 22 14 17 22 23 18 23 25 29 28 28 21 28 20 15 24 17 22 25 24 16 20 19 25 29 27 22 16 25 21 26 25 25 15 15 18 23 18 24 13 21 18 21 19 26 29 14 22 19 27 23 24 19 19 19 20 23 22 25 19 14 24 18 17 30 25 29 19 16 21 13 19 23 24 17 28 21 22 13 20 27 27 27 21 12 27 22 17 18 28 16 24 20 13 22 19 20 26 20 23 22 26 28 25 31 23 13 19 20 19 27 20 21 26 15 23 19 19 21 26 22 25 12 21 26 25 18 16 14 20 21 29 23 15 28 25 16 20 18 14 22 32 13 13 26 27 17 20 17 18 14 18 22 27 25 18 22 22 20 18 26 20 13 17 18 23 20 28 25 24 20 18 16 24 20 32 20 28 19 13 19 20 18 24 28 17 22 21 21 17 21 19 20 26 18 27 17 25 23 19 23 23 33 18 18 20 21 20 16 29 20 18 16 13 25 22 22 24 20 27 19 24 15 17 29 20 20 25 22 17 23 22 24 21 15 16 16 20 28 28 22 25 9 21 24 22 27 16 22 14 27 28 16 21 20 23 20 25 35 29 20 15 19 24 16 19 9 17 26 13 16 29 21 16 22 22 22 26 16 19 21 24 32 19 18 19 19 24 29 22 20 22 17 28 26 23 18 21 31 19 21 20 14 30 16 29 23 25 18 17 15 18 21 21 25 27 22 23 23 23 16 19 19 23 19 22 24 23 28 23 15 13 23 24 21 20 11 21 26 23 25 25 20 23 20 21 18 19 24 22 20 21 23 27 29 25 36 22 17 25 19 24 26 18 21 25 8 24 26 22 21 22 18 24 20 34 20 21 27 22 17 20 25 23 21 24 23 22 15 22 20 15 17 27 17 19 19 21 24 16 25 16 25 21 20 24 17 19 18 24 31 20 17 22 22 16 21 28 18 21 13 18 24 21 18 22 22 25 24 31 18 25 20 26 27 24 25 21 16 26 23 26 24 25 21 25 15 15 19 22 32 18 22 17 12 21 22 21 22 17 22 23 21 24 16 15 23 21 23 27 25 19 20 25 28 29 27 22 28 17 11 16 23 17 13 24 23 19 21 21 25 22 21 24 27 23 19 19 12 25 24 26 16 23 32 15 19 19 25 25 13 21 16 15 18 21 27 22 23 18 20 19 20 19 20 26 14 23 23 17 17 26 15 28 17 30 22 21 15 15 24 23 20 19 20 22 22 19 22 24 28 20 18 14 18 20 23 30 23 22 21 21 17 30 20 18 22 21 19 25 14 21 20 20 15 19 25 22 19 25 22 21 27 23 16 24 17 18 18 22 25 16 20 11 14 31 23 24 21 24 29 19 32 21 20 24 23 35 9 22 10 19 14 21 25 22 15 20 16 18 20 15 24 20 23 14 25 24 17 27 14 12 21 14 26 21 22 27 27 16 18 15 23 21 25 26 29 22 18 20 19 24 22 21 18 23 20 25 14 21 24 22 25 22 27 19 22 23 16 27 15 15 17 17 26 24 21 29 27 34 22 17 24 22 16 23 16 27 17 22 13 26 11 19 18 23 26 25 20 20 28 18 20 19 22 21 21 22 16 26 18 18 24 26 32 17 19 25 21 26 21 29 25 21 16 26 28 19 21 20 19 18 20 15 21 19 23 27 22 32 14 19 21 20 19 18 24 25 29 24 26 24 27 25 19 23 20 21 23 15 24 21 23 24 18 15 21 25 24 17 12 27 20 22 15 27 19 23 16 18 23 22 25 25 19 28 21 24 30 17 19 20 19 21 24 25 20 17 23 16 21 14 18 28 25 20 18 20 27 20 17 16 15 16 25 25 16 18 24 21 19 16 30 21 18 16 14 26 37 19 16 18 20 21 16 22 20 24 21 12 21 21 19 29 25 25 17 22 23 20 18 18 18 18 23 18 22 30 19 20 20 21 22 26 16 29 24 19 18 19 18 20 28 28 18 19 23 31 25 21 23 24 22 22 17 21 20 22 25 19 18 23 22 18 21 13 25 22 23 18 19 17 23 23 15 20 24 16 18 18 20 21 17 29 16 35 18 27 21 12 20 22 27 29 17 22 21 22 21 17 23 25 23 23 14 22 28 22 15 31 19 15 15 16 21 23 28 27 21 21 16 24 23 19 23 24 20 22 18 26 26 16 22 28 20 17 18 21 21 24 16 23 20 16 15 25 21 18 20 26 35 20 23 20 17 24 18 17 24 22 23 21 26 18 20 20 27 23 25 20 16 20 21 20 18 22 22 19 26 19 20 25 32 24 20 20 25 14 15 24 15 33 23 20 16 25 19 32 19 20 17 16 14 21 24 17 17 22 13 22 26 26 29 18 18 21 22 16 22 13 14 21 26 23 20 19 19 24 22 24 17 22 23 27 23 32 20 19 17 25 12 19 23 22 22 18 17 24 24 20 23 29 24 18 18 24 21 19 19 22 25 21 17 19 21 21 17 14 13 22 19 28 26 15 18 18 17 24 18 23 20 19 25 19 16 33 21 23 24 23 17 22 24 28 22 26 27 17 22 23 14 16 25 20 24 21 31 16 18 28 17 22 23 23 25 24 25 16 22 21 18 20 18 20 23 19 29 24 25 31 21 21 21 15 21 22 25 19 30 22 22 25 20 26 19 25 24 24 23 24 14 18 21 24 23 22 17 26 20 21 14 25 21 29 19 23 17 18 29 18 16 19 23 19 18 20 23 19 30 17 18 16 23 21 24 26 23 25 27 34 21 30 21 18 25 27 16 26 22 25 16 15 15 28 25 26 24 22 20 13 26 18 29 19 18 18 22 19 27 24 28 25 17 19 18 24 24 22 21 17 25 15 23 26 23 20 22 16 19 18 21 21 15 27 15 22 30 15 18 26 20 16 26 18 23 14 19 20 12 26 28 28 24 24 22 18 19 20 21 21 16 18 23 26 21 18 26 20 29 24 18 19 24 25 16 29 18 13 27 31 30 17 20 24 15 22 24 15 27 16 25 21 18 19 16 14 24 18 27 23 29 17 21 20 21 12 27 24 24 25 17 28 23 12 19 18 24 21 20 27 25 14 17 21 26 20 20 21 14 18 24 19 25 21 22 17 26 24 16 20 18 20 22 23 15 21 21 19 18 21 22 26 14 31 21 21 23 14 20 17 18 19 27 21 23 20 28 30 28 21 22 28 19 19 19 22 25 21 22 18 17 24 17 32 28 22 21 19 24 18 22 20 26 28 23 23 27 16 21 16 16 12 24 19 16 19 19 19 23 25 16 16 19 26 21 20 23 20 14 23 20 18 17 26 21 11 31 19 16 18 27 25 23 21 20 14 15 19 20 23 11 22 27 24 18 18 20 16 22 20 21 20 22 36 19 18 28 21 26 16 29 21 25 16 16 11 25 22 17 18 19 17 25 26 24 11 28 20 24 29 24 25 26 27 23 19 13 18 17 23 22 25 24 28 27 18 22 23 19 16 12 19 29 27 25 22 22 26 30 17 29 14 26 16 35 17 22 18 15 21 22 17 29 13 27 14 14 24 11 18 31 16 23 18 26 22 29 28 17 9 22 19 21 22 25 14 20 15 25 21 21 16 20 17 19 21 20 27 20 21 27 27 25 20 15 23 18 23 22 23 17 25 20 28 19 26 21 23 20 26 16 19 23 18 26 24 21 18 22 21 29 17 17 26 28 23 18 12 26 16 20 27 31 22 24 14 20 29 24 19 22 23 22 25 16 20 18 34 24 16 26 25 16 24 21 9 23 26 15 19 18 26 24 21 17 19 27 15 20 28 16 21 23 25 12 18 24 22 26 33 18 24 17 21 31 16 20 25 16 19 20 26 22 23 26 19 21 18 16 22 19 21 23 28 21 19 22 21 20 25 22 22 28 30 21 26 21 22 24 15 27 19 19 17 17 17 28 27 20 15 22 12 21 20 19 16 17 26 24 19 24 19 17 17 31 30 28 19 14 17 25 26 15 20 19 14 28 24 19 32 19 15 22 26 15 22 21 17 20 22 17 29 17 17 28 23 18 17 27 15 19 27 25 17 21 15 15 27 28 20 25 22 23 20 28 27 20 21 24 15 26 22 18 24 25 25 26 19 18 22 21 29 15 21 32 19 16 28 23 18 18 26 17 28 22 24 22 22 25 15 18 21 12 17 28 17 18 22 28 22 26 20 23 18 29 24 20 19 23 18 14 22 21 31 15 20 24 19 26 19 22 20 24 17 28 27 20 20 22 22 26 25 19 21 14 20 24 19 18 27 27 22 18 21 16 19 20 26 19 16 20 18 23 19 25 19 27 32 25 23 21 16 23 22 19 12 25 17 26 20 17 24 19 26 25 23 21 19 20 16 18 17 20 28 19 18 19 18 14 33 20 20 16 22 25 21 17 26 16 24 21 17 19 25 24 14 18 26 22 14 18 31 14 19 22 20 26 21 21 15 25 18 9 16 22 25 18 28 27 22 23 22 15 23 22 24 18 22 24 24 21 17 18 22 22 24 22 20 22 21 23 10 24 18 24 17 17 28 20 18 27 27 10 27 26 20 18 16 20 25 17 25 26 19 26 14 29 27 22 23 17 18 21 21 29 23 20 19 17 25 18 17 21 11 21 15 24 13 24 21 21 29 22 24 20 18 14 18 24 17 26 20 16 16 27 13 26 20 22 27 27 31 18 14 26 22 26 21 18 20 32 16 19 29 17 20 28 18 23 18 25 21 20 24 14 27 29 15 23 12 25 12 19 20 31 23 24 22 24 24 23 18 29 18 22 22 20 17 19 21 23 20 18 18 24 20 22 23 20 28 26 15 14 23 25 15 30 24 17 22 20 21 30 15 20 28 17 18 19 20 25 18 32 13 22 26 22 20 20 26 17 21 24 21 20 18 27 17 33 32 22 19 14 20 29 20 21 21 24 17 20 14 26 25 32 27 15 22 19 15 24 18 18 11 19 25 22 18 25 22 23 19 16 21 22 14 28 25 26 19 22 24 18 16 20 16 25 14 18 27 24 25 24 15 19 21 20 19 23 16 20 23 14 24 22 13 16 21 19 23 31 19 27 21 22 22 19 20 21 20 17 31 23 20 27 26 19 22 19 17 18 17 17 33 18 23 18 24 23 18 30 27 19 14 16 16 21 19 17 20 20 27 22 18 24 22 14 21 19 17 22 22 25 19 27 27 25 20 13 15 14 26 22 16 18 22 13 31 22 17 22 15 24 25 19 24 27 27 22 25 16 16 23 14 27 24 17 18 24 19 24 22 18 19 22 20 19 26 18 20 31 23 17 19 28 18 23 20 21 16 14 30 20 19 23 35 21 18 18 28 17 20 28 23 26 21 29 25 20 10 17 19 20 22 21 20 22 24 24 23 18 29 24 10 19 17 20 17 20 23 23 25 25 16 23 18 18 21 13 20 26 22 24 23 18 20 17 23 25 32 21 19 20 17 27 18 27 18 19 22 25 32 22 19 16 23 20 18 22 17 13 29 21 22 23 27 27 16 19 13 22 19 18 26 20 21 23 20 27 24 18 16 18 16 24 24 23 19 16 24 23 14 26 18 30 27 21 13 22 26 27 22 20 22 21 26 30 19 22 13 20 21 19 22 19 19 18 28 17 20 24 20 17 29 19 26 21 25 20 29 18 21 19 13 24 24 29 20 21 14 21 22 15 26 19 26 35 13 32 17 25 22 15 20 18 21 24 18 18 14 14 15 25 18 24 26 18 21 24 20 21 27 20 19 23 23 19 22 20 24 35 17 19 18 25 19 19 30 23 22 17 19 17 24 27 18 18 23 25 23 16 22 18 22 26 24 18 19 24 32 20 22 20 24 16 18 17 22 24 21 17 22 32 23 18 22 25 30 20 15 16 22 18 16 17 19 21 26 27 16 20 22 23 21 18 21 26 25 21 18 21 19 23 19 20 21 27 25 26 20 26 19 14 23 27 21 19 16 26 21 26 18 20 24 22 13 24 24 24 15 18 22 29 20 27 17 26 26 18 21 17 25 17 26 16 23 20 24 17 23 20 21 28 16 24 23 18 19 16 21 27 18 22 21 20 24 18 15 24 19 28 24 23 18 23 21 16 23 20 18 22 20 25 21 29 24 25 16 29 18 21 27 17 27 19 16 19 18 15 22 22 21 25 15 27 29 27 18 28 19 19 21 16 20 27 35 23 26 21 21 33 23 28 18 20 20 25 25 22 16 30 22 23 24 25 21 20 22 14 18 17 16 20 26 24 29 16 26 16 26 35 26 7 20 20 22 30 27 23 20 12 16 20 20 23 22 16 17 20 23 36 22 22 24 22 28 29 24 14 18 19 16 22 15 16 13 24 21 19 26 26 24 22 22 21 23 20 21 24 22 19 16 21 21 26 19 13 23 18 32 31 15 22 21 19 19 27 20 18 26 12 26 19 19 17 30 22 18 20 19 13 20 16 25 25 17 18 16 15 25 16 25 17 21 28 18 27 20 19 22 26 25 19 16 18 14 25 16 17 22 20 21 17 25 19 25 22 24 13 24 18 14 18 23 24 22 23 16 19 17 16 25 22 20 35 23 19 16 22 19 18 25 19 20 20 22 26 25 23 21 22 21 22 19 29 23 25 27 22 19 25 14 22 13 23 20 33 23 24 16 28 23 21 17 21 15 20 21 23 20 18 23 20 17 22 28 21 23 19 19 24 20 21 17 20 32 17 21 26 27 17 20 22 19 19 19 28 22 19 20 16 24 17 19 23 16 14 19 21 22 31 21 28 21 24 15 19 22 22 17 23 29 23 17 24 16 23 30 21 21 29 22 29 25 25 19 26 21 21 26 16 14 19 27 25 25 20 21 23 16 22 21 20 28 24 21 21 18 19 29 32 14 20 20 14 22 27 21 17 21 19 25 24 18 22 13 26 20 24 18 19 25 25 20 24 33 18 11 23 16 19 25 23 18 28 27 23 25 18 17 13 20 15 24 33 18 26 24 21 21 19 28 18 19 26 17 15 15 31 14 24 14 28 18 20 31 18 21 16 16 22 20 23 25 18 25 17 27 23 21 22 23 17 17 23 27 29 19 19 17 16 29 22 23 20 25 26 21 20 31 23 20 21 13 27 17 24 23 22 17 27 26 22 18 17 22 24 25 17 20 25 17 25 22 17 18 27 19 21 29 31 15 20 22 14 23 19 18 16 21 19 27 21 18 13 23 25 23 18 21 26 29 16 15 18 19 14 19 21 24 25 29 25 27 19 29 19 12 22 24 23 19 19 25 20 15 20 21 26 27 25 24 22 16 13 24 25 17 18 19 22 22 13 17 22 20 22 30 19 15 18 27 16 21 14 21 17 26 15 29 21 10 26 24 14 18 25 25 25 21 24 25 17 24 20 15 18 23 23 24 15 18 21 16 24 23 23 15 21 24 19 21 20 24 20 25 19 32 17 22 15 19 15 24 19 31 29 18 23 19 24 28 19 27 30 19 26 17 22 16 24 25 19 17 32 18 19 27 27 18 18 24 25 24 23 20 21 32 21 14 13 26 20 27 17 22 23 19 25 16 27 17 31 15 26 17 22 17 19 15 24 20 23 16 20 28 17 32 19 23 15 21 22 19 24 20 25 21 17 10 22 27 16 24 17 25 24 15 17 19 19 17 24 24 25 18 19 16 17 24 26 20 15 19 20 31 26 17 19 24 24 20 21 26 15 17 26 30 26 25 24 23 10 20 22 16 26 27 20 23 15 29 15 14 31 19 21 27 16 23 23 18 20 28 24 22 23 22 23 23 21 20 23 25 26 23 27 30 20 23 15 12 23 26 17 28 18 22 18 15 26 22 19 17 18 22 23 26 22 13 30 16 24 19 27 27 22 20 24 24 25 14 26 18 31 21 23 27 15 32 21 22 29 17 21 18 16 31 20 22 21 28 19 27 19 23 13 15 17 17 22 17 27 18 17 25 25 27 15 24 19 23 23 20 18 19 27 17 23 23 25 19 21 21 26 12 20 15 17 30 23 21 27 23 18 18 24 27 22 28 28 19 21 22 23 19 15 24 24 13 13 27 16 24 21 19 22 27 19 15 22 29 19 28 22 25 19 25 17 25 32 13 23 17 15 17 21 16 27 18 22 17 18 11 23 25 23 31 22 14 27 15 10 27 27 24 15 19 19 26 20 19 23 27 26 20 16 18 26 20 15 29 19 21 22 20 18 17 27 23 29 24 18 13 27 15 20 21 27 18 28 19 30 16 15 19 21 21 16 24 14 15 27 18 23 14 20 34 26 27 22 15 22 15 21 18 18 26 20 23 14 16 15 18 22 19 21 19 16 14 30 26 23 24 22 20 18 25 18 18 20 20 23 27 23 27 23 21 21 21 23 18 15 20 25 24 25 29 24 25 16 16 25 23 27 22 18 30 19 20 20 18 16 21 27 22 14 20 25 21 25 22 19 19 22 23 27 24 19 23 23 28 21 22 21 15 20 17 23 21 20 26 24 15 29 28 18 24 15 34 20 18 16 20 24 30 17 20 26 16 20 14 19 14 23 27 21 27 19 25 20 26 27 15 27 16 24 20 19 18 22 24 14 24 15 21 22 26 19 16 24 19 18 32 17 22 16 26 17 19 20 25 21 17 20 23 16 22 28 22 27 16 19 15 23 15 20 32 23 20 20 15 17 24 20 14 24 13 29 23 18 20 20 24 14 23 23 27 23 16 21 17 32 20 19 18 17 19 23 27 22 20 27 23 17 18 15 21 20 24 16 21 21 19 19 19 19 15 23 22 22 18 25 26 23 22 20 23 23 19 14 12 27 28 21 23 19 16 11 25 22 14 26 28 18 19 14 29 20 13 26 14 15 19 34 20 20 18 20 20 26 21 30 24 22 22 21 18 23 19 21 17 26 19 24 28 18 25 25 20 16 21 26 28 17 21 22 30 19 28 24 28 22 9 20 24 19 24 20 22 27 17 26 16 12 23 23 29 28 27 21 20 27 16 31 17 31 17 18 14 14 17 24 27 19 18 22 25 16 26 19 22 27 15 20 26 29 31 19 21 19 16 29 23 26 9 24 20 16 25 21 15 20 20 19 20 27 23 15 22 31 23 23 24 13 16 19 22 29 17 16 12 19 22 40 19 21 20 20 32 16 18 21 24 15 17 25 25 22 25 21 23 16 25 24 22 20 21 24 19 28 28 17 20 15 28 17 21 19 13 25 30 18 15 28 24 24 26 26 25 19 25 23 6 20 14 16 19 19 23 27 20 22 18 20 21 27 22 24 20 21 14 29 25 19 18 26 26 21 19 18 17 18 18 25 26 22 19 13 26 19 17 22 20 20 19 15 33 23 19 23 25 18 30 24 20 23 21 16 19 24 27 18 20 15 25 17 23 27 18 24 23 20 24 27 11 15 26 21 28 14 17 23 18 16 18 17 12 32 15 25 17 22 15 21 25 30 28 17 18 27 18 26 21 24 20 22 18 14 22 16 26 24 24 19 17 22 21 29 23 19 23 27 23 26 20 20 29 17 29 21 19 23 15 19 23 17 22 30 16 29 15 24 18 17 27 15 16 28 21 22 30 26 15 23 14 25 17 21 21 28 19 16 24 18 24 20 21 12 20 27 14 29 27 26 11 16 25 13 18 23 16 30 23 21 29 30 24 23 18 21 25 19 19 15 17 25 29 22 14 25 23 20 17 19 14 17 17 17 24 19 23 23 16 21 33 21 22 23 23 16 24 16 27 18 12 19 21 17 28 16 11 24 25 19 16 27 24 27 20 26 25 18 18 20 26 24 15 22 29 12 18 23 17 23 19 15 22 23 18 18 28 26 24 15 23 20 19 19 19 24 24 16 20 20 27 31 19 21 16 12 21 24 31 31 19 16 30 13 24 16 18 23 23 17 28 23 24 19 21 20 21 20 17 22 18 27 24 19 19 24 21 21 13 13 21 16 34 11 15 24 29 27 27 19 14 23 14 18 21 27 28 20 21 25 27 15 21 12 23 13 21 29 21 26 24 12 20 21 22 20 22 26 18 26 28 27 16 23 15 24 17 24 18 22 24 17 23 22 15 21 27 22 18 25 26 13 23 22 21 19 18 18 27 23 24 27 17 16 28 18 26 22 21 23 29 28 26 23 22 21 23 22 20 29 16 23 21 16 25 22 24 28 20 23 28 24 27 19 18 15 18 19 20 25 24 24 25 20 22 18 20 27 26 19 19 18 23 23 21 24 29 18 21 33 22 21 23 22 23 24 19 27 20 25 22 16 14 18 31 18 25 27 17 19 16 22 24 18 23 25 17 17 14 23 28 12 23 27 15 20 18 12 21 16 21 22 25 23 22 24 20 19 20 28 24 34 20 18 20 29 16 21 23 14 20 22 20 25 23 16 17 33 15 23 23 20 19 14 17 22 16 27 21 23 16 17 16 19 23 18 30 13 25 16 20 21 18 20 25 24 26 24 29 16 17 17 30 31 17 27 30 21 15 16 26 18 20 29 23 21 26 15 20 25 21 18 23 20 22 17 22 25 27 21 20 24 18 21 18 24 26 15 20 18 26 18 15 25 14 21 20 16 17 18 28 15 21 21 30 24 28 15 15 25 19 18 19 17 24 23 21 20 21 27 29 23 25 23 14 24 28 21 29 17 30 20 23 27 19 15 18 17 23 15 23 27 22 17 17 21 17 22 22 18 21 21 15 16 20 20 35 11 27 31 28 20 28 18 21 21 28 21 19 20 22 22 26 20 21 21 28 23 29 19 24 25 20 24 22 31 16 16 23 22 20 26 26 18 27 19 27 20 20 17 23 24 20 30 15 25 25 16 15 25 19 23 20 14 16 30 27 20 19 29 30 16 19 30 20 20 31 25 17 21 16 16 28 25 27 20 22 18 15 25 27 24 26 15 22 22 29 21 20 16 18 19 30 29 19 19 19 20 16 21 22 25 15 21 22 20 13 20 23 27 16 16 21 21 20 21 17 20 19 30 20 27 22 16 19 20 19 24 21 27 23 21 17 20 16 23 20 22 19 18 15 26 21 28 17 10 23 22 27 34 25 18 23 23 25 24 20 15 21 21 23 20 19 19 22 21 18 34 23 16 28 15 24 16 32 24 25 19 22 21 12 19 19 23 21 18 24 20 14 23 25 12 20 22 8 26 24 22 21 15 19 20 19 25 23 24 19 20 25 24 13 24 27 20 19 17 27 22 21 22 21 31 18 16 29 27 18 15 14 22 22 20 16 19 22 24 26 18 23 21 23 22 18 17 25 15 20 19 24 13 18 21 18 24 22 25 19 21 15 22 21 27 18 18 26 27 21 24 22 22 26 24 23 23 24 21 17 17 19 20 12 21 21 28 29 22 25 23 27 22 22 27 17 20 15 17 20 22 21 23 18 25 19 21 24 23 14 20 25 25 21 23 18 25 23 23 21 17 29 24 23 29 17 20 19 19 19 20 15 27 20 20 24 22 20 31 21 26 18 21 21 21 19 21 18 14 26 16 11 22 27 26 26 20 25 17 20 20 20 16 20 30 17 20 27 15 20 17 15 14 23 31 19 25 19 21 23 15 22 22 22 15 29 17 20 28 25 28 27 19 18 17 26 20 16 25 21 20 16 20 20 22 25 20 24 25 21 17 25 18 11 28 22 24 19 20 28 26 25 18 19 22 14 20 19 26 25 20 20 18 21 20 24 22 29 13 14 22 30 15 18 17 24 24 22 17 23 19 17 18 20 18 27 24 26 20 24 22 29 17 25 19 21 17 28 20 19 14 27 20 18 22 27 29 19 24 24 14 21 23 16 24 29 29 21 24 20 15 22 25 21 22 16 28 19 25 17 24 17 21 21 30 17 24 22 31 26 19 18 21 14 13 21 25 24 22 21 23 24 20 21 20 19 19 25 19 17 13 26 25 17 22 24 18 11 20 21 22 23 22 21 24 19 22 27 22 21 18 24 30 19 18 24 20 21 22 21 31 27 20 19 25 23 32 18 14 24 18 18 28 25 20 27 25 20 19 24 24 24 19 11 30 26 19 16 22 24 25 23 29 25 25 23 17 25 27 26 20 19 22 28 23 23 24 22 18 16 20 21 25 18 20 22 27 22 21 30 19 15 20 18 16 23 14 18 22 15 23 21 26 19 21 24 32 19 20 25 22 23 28 25 21 21 17 22 31 22 22 25 19 21 17 28 27 22 21 23 15 24 22 15 29 15 18 19 21 15 16 19 27 25 15 23 33 22 27 24 22 18 22 18 21 17 20 20 26 24 12 33 16 18 19 26 19 24 13 15 21 21 15 21 15 21 22 22 25 15 11 20 26 24 25 19 21 18 20 26 9 21 25 13 24 27 24 18 23 20 21 19 21 18 25 22 18 21 33 26 22 15 22 19 12 24 20 38 17 19 18 24 20 24 22 25 16 21 21 25 19 26 24 14 33 21 20 19 20 18 22 18 19 21 16 27 17 17 18 18 16 22 19 20 28 28 19 29 20 19 16 20 27 28 19 27 21 16 19 27 17 19 24 18 15 27 22 18 25 16 17 23 21 16 21 16 17 30 19 20 28 27 16 26 25 23 19 22 21 28 13 22 26 23 24 24 25 20 18 13 24 20 21 21 33 26 18 23 20 24 20 19 13 19 23 21 24 21 23 28 18 30 14 18 28 14 18 22 22 26 21 21 19 26 21 19 28 27 22 15 19 12 15 30 24 25 15 17 17 21 28 23 24 22 19 21 10 17 18 13 26 19 25 13 13 29 20 22 19 15 19 24 20 20 14 30 23 22 14 30 18 14 28 22 29 16 28 23 19 24 18 27 17 22 20 23 25 27 18 16 19 24 22 23 23 26 14 14 28 25 25 13 24 25 19 18 24 24 14 13 20 27 21 18 31 24 15 22 19 31 18 21 23 21 27 17 24 20 16 25 19 24 18 29 19 29 25 24 22 25 24 23 18 17 23 22 20 24 29 20 23 24 21 18 26 21 15 19 17 21 36 24 22 28 20 22 23 23 24 16 16 19 19 20 22 16 24 22 18 22 21 20 25 27 20 20 17 9 19 15 22 16 24 30 20 22 20 19 22 17 29 19 18 22 20 21 25 19 23 18 29 24 17 24 21 28 31 29 16 22 13 26 23 27 21 21 15 22 17 21 24 23 16 23 20 14 29 30 21 16 15 25 17 22 24 17 23 25 12 24 20 24 27 20 17 16 21 21 16 18 15 10 15 25 29 24 30 26 24 11 25 17 21 29 26 16 21 24 17 26 20 20 17 22 15 11 17 20 25 19 20 15 22 19 24 26 17 16 21 33 23 19 20 21 19 16 20 21 24 20 27 29 21 21 18 23 19 20 35 26 12 11 18 18 19 27 22 20 25 14 21 21 21 24 19 24 15 27 25 18 19 21 20 24 21 20 18 35 14 24 17 25 28 24 20 14 22 25 16 11 16 22 16 11 26 20 20 26 14 21 32 19 17 28 22 16 16 23 18 26 16 23 20 23 18 17 19 22 15 26 26 34 27 15 18 25 24 15 18 22 15 23 22 19 21 18 28 27 24 21 16 24 25 16 14 16 18 24 25 18 26 17 19 25 25 25 18 26 16 17 19 30 23 23 20 18 21 30 15 22 26 17 22 16 17 19 14 21 20 20 23 23 14 15 24 23 28 20 22 23 18 16 26 19 19 27 22 24 20 28 20 20 18 24 23 17 24 23 33 15 22 18 19 22 26 23 17 19 20 20 19 17 26 24 18 27 19 22 23 28 26 22 25 24 20 17 19 22 13 24 18 23 21 20 10 29 29 20 22 26 21 21 14 24 24 17 26 19 21 30 19 21 23 19 25 18 21 28 26 25 17 29 24 18 16 23 18 15 17 24 21 18 25 27 19 13 18 21 18 18 20 21 23 15 20 20 25 19 22 26 13 23 23 21 27 18 17 23 17 25 26 30 22 16 17 21 31 19 21 24 15 24 28 20 22 23 26 17 21 27 23 22 23 20 24 25 27 20 16 19 19 25 21 27 16 19 24 17 13 20 18 17 15 30 27 31 17 24 30 22 17 22 14 24 19 12 17 15 24 24 24 16 21 29 28 20 20 27 21 19 10 22 19 26 23 27 21 27 23 22 19 21 27 14 22 28 29 24 16 21 12 23 15 24 22 23 18 26 23 18 17 18 23 36 18 23 22 23 23 21 16 16 21 29 22 22 19 20 23 27 24 19 21 17 27 17 22 24 19 14 15 30 21 19 24 25 27 16 23 19 18 22 16 17 23 18 17 23 23 23 20 15 22 28 19 20 16 21 19 25 20 33 21 21 15 17 25 21 20 21 25 15 18 13 20 23 29 29 16 23 24 22 22 15 17 19 20 23 20 19 25 27 17 21 8 25 27 16 25 17 21 19 19 15 18 16 30 14 28 30 29 16 28 16 15 30 20 27 27 20 24 28 14 15 16 24 17 21 18 14 20 25 21 24 28 28 20 19 20 25 21 20 21 26 21 18 23 12 20 21 22 21 16 25 24 19 29 32 27 26 14 26 23 18 25 23 22 21 26 19 13 22 26 13 15 19 24 33 30 24 21 25 24 22 16 27 20 27 15 23 25 20 20 16 14 17 17 32 21 18 20 19 27 15 18 29 20 16 28 14 24 22 26 29 21 20 16 23 18 24 20 23 14 24 23 10 14 21 24 22 26 19 26 24 24 25 12 19 22 24 16 21 18 20 28 19 23 18 13 15 21 21 23 16 18 27 28 29 14 21 16 21 23 25 27 20 20 15 19 17 17 23 23 26 22 27 24 21 20 16 30 17 23 23 18 24 22 15 19 15 18 19 20 22 27 16 22 22 17 28 24 17 22 25 14 29 15 26 17 22 16 25 19 22 22 26 29 17 23 12 19 33 23 20 16 17 25 19 22 18 22 24 24 16 19 23 16 24 18 30 22 34 17 29 21 18 23 23 25 21 17 12 20 29 15 29 23 23 31 24 24 21 20 24 17 23 21 31 21 20 17 26 35 13 16 27 22 23 18 22 22 25 24 16 28 20 17 24 18 15 18 19 21 25 25 29 22 22 19 24 17 19 18 21 29 18 22 19 29 20 17 17 26 27 11 20 19 24 36 23 21 20 18 22 17 26 16 20 19 23 20 16 17 35 24 22 25 23 20 28 13 17 22 18 13 22 18 24 31 22 14 16 23 26 20 14 10 16 24 16 22 15 23 18 22 24 16 22 22 19 19 23 21 26 18 22 18 28 18 15 22 27 15 28 21 28 22 17 20 19 23 22 29 26 23 14 14 21 28 13 20 17 29 21 24 16 20 25 15 17 24 22 21 24 19 20 30 12 19 24 25 16 22 21 18 24 21 24 14 17 32 24 19 28 15 19 14 19 25 22 27 20 16 25 18 23 23 19 20 22 24 26 19 15 21 18 18 24 20 19 27 26 14 19 11 22 25 25 16 35 20 17 29 16 21 18 23 17 21 19 23 28 13 24 20 34 29 18 21 23 21 28 12 17 22 22 18 29 21 28 17 19 18 17 24 23 20 15 22 18 19 29 17 25 33 26 19 23 13 27 25 23 19 21 21 24 16 25 21 21 25 25 15 17 20 18 21 25 22 18 22 19 19 24 19 21 32 23 25 14 22 13 14 17 22 17 19 23 25 17 20 26 15 27 28 15 24 18 19 35 20 21 19 24 20 13 21 28 22 15 22 19 24 24 15 22 25 17 20 22 17 19 11 19 19 19 22 23 32 25 22 15 16 17 13 14 21 23 18 22 26 22 21 27 17 26 27 10 30 14 24 19 17 18 20 22 21 14 16 18 30 20 25 20 22 20 19 22 19 20 21 28 15 17 17 36 12 25 24 26 25 20 20 18 17 26 26 14 28 20 19 31 26 21 27 16 21 20 15 18 21 22 20 18 21 18 25 28 16 22 24 29 25 20 22 22 14 27 23 15 23 21 19 26 18 19 27 24 36 21 20 17 19 8 16 22 28 31 16 20 27 10 16 15 20 19 23 19 33 21 21 19 15 33 21 15 24 31 11 18 10 21 19 29 25 22 18 28 23 21 15 23 21 13 18 24 23 22 21 21 16 29 21 16 20 24 15 19 22 31 33 27 22 24 22 18 19 20 24 15 27 22 26 20 25 18 27 20 20 28 20 18 22 19 22 16 18 17 16 28 20 22 14 23 29 25 14 23 22 23 19 20 17 20 21 15 22 28 29 26 18 15 19 16 14 22 27 25 35 21 17 21 26 17 21 18 20 22 21 26 31 22 14 17 19 26 27 15 23 20 19 28 28 20 17 16 20 25 20 35 21 29 22 21 17 18 17 20 18 14 22 16 28 27 21 14 25 23 25 24 19 27 17 21 21 24 27 13 27 19 21 20 18 21 23 24 19 21 22 21 16 27 26 23 19 16 19 23 27 23 15 17 16 14 15 29 21 29 18 25 16 23 24 21 20 22 20 19 24 13 19 13 24 20 14 23 23 23 21 18 21 20 26 29 20 15 21 32 22 14 22 24 23 23 18 23 20 30 23 19 22 12 27 23 20 22 18 22 26 26 17 25 23 15 18 16 32 28 20 15 30 20 20 11 23 23 14 19 16 16 25 24 18 27 24 15 16 25 27 17 23 27 20 21 17 24 30 18 23 21 22 31 20 17 22 17 19 22 18 15 26 24 21 23 14 20 31 24 20 23 21 19 21 17 32 22 18 34 14 25 16 26 24 31 17 25 17 13 27 17 18 18 19 25 15 26 21 22 18 15 14 24 19 22 18 23 20 14 13 15 27 16 25 28 21 21 24 23 21 17 22 25 24 23 23 26 17 30 22 20 14 29 20 13 23 15 14 21 18 16 19 20 21 18 26 18 19 25 28 24 21 15 22 22 19 27 20 27 30 11 18 13 29 20 28 23 13 18 15 23 23 20 15 16 29 17 27 23 21 22 21 25 16 14 15 19 26 21 20 20 11 18 24 21 24 15 20 29 16 23 17 28 25 28 23 23 27 23 21 16 22 19 18 15 18 19 21 22 15 23 26 22 22 17 24 24 20 22 23 15 17 32 24 20 23 22 19 27 18 25 26 17 20 17 26 23 10 21 16 24 27 23 27 33 17 22 20 16 15 21 21 35 21 25 30 16 25 17 18 26 16 14 22 15 23 23 21 26 20 15 23 21 18 21 16 21 20 23 21 19 21 21 29 24 21 21 21 26 28 19 19 16 18 27 18 22 18 32 17 22 22 17 15 21 11 26 20 17 31 19 16 32 31 24 22 28 20 16 27 18 18 24 25 28 19 27 17 18 19 21 24 25 23 17 18 24 22 19 20 32 16 14 20 32 27 23 22 29 16 21 20 22 30 23 19 22 21 24 20 24 16 26 22 21 25 20 21 18 19 25 21 18 13 19 16 22 25 27 30 20 14 24 12 18 29 19 25 16 27 22 23 23 16 22 19 24 19 25 22 19 21 24 19 17 22 15 18 23 27 24 27 27 29 24 20 20 14 21 22 26 13 23 11 20 23 22 28 19 16 27 25 23 30 15 30 18 24 26 22 19 25 23 25 20 14 34 18 18 22 27 21 17 21 26 18 26 21 24 21 20 16 18 22 17 24 18 23 26 25 21 22 20 18 23 19 20 30 23 17 21 27 29 19 19 20 16 17 16 18 21 22 18 24 24 28 13 28 25 25 16 20 17 19 21 17 20 15 26 16 20 25 26 30 25 25 21 25 18 19 27 16 23 17 26 26 21 22 22 21 16 27 19 24 25 20 21 21 22 30 25 15 25 19 22 22 21 15 21 26 21 21 23 26 23 25 24 21 11 23 25 19 13 24 34 19 20 22 25 18 20 21 26 21 25 19 18 20 20 13 18 20 23 23 19 28 15 19 21 24 13 20 17 29 26 31 15 19 24 19 17 15 25 22 17 21 26 23 20 24 21 23 28 29 33 17 19 21 25 25 28 16 22 23 18 25 20 23 14 25 32 21 17 14 16 17 21 24 24 23 19 19 22 20 24 18 16 18 33 22 26 21 19 24 22 21 26 28 14 21 20 19 15 16 15 24 23 34 21 25 23 22 16 19 24 27 11 22 24 25 21 16 14 25 32 27 19 23 20 28 22 22 20 19 18 20 23 24 19 25 26 22 22 22 19 21 22 19 14 18 16 18 25 22 19 9 15 20 18 19 19 21 17 27 20 19 25 24 16 22 18 26 19 17 24 22 18 15 20 20 29 22 24 20 17 25 14 24 15 20 23 15 21 19 22 29 22 23 22 23 27 16 28 24 22 22 21 19 25 15 18 23 17 16 16 23 15 24 28 19 19 27 22 26 15 25 19 18 17 19 17 24 23 24 22 14 24 27 24 15 18 17 19 23 21 25 21 22 24 17 16 27 17 9 26 18 22 18 19 20 29 15 24 23 21 17 24 20 22 14 25 20 19 16 26 15 21 32 30 25 24 21 24 18 17 17 20 31 11 27 19 28 19 18 22 15 19 29 17 34 22 17 17 18 27 19 25 24 18 23 16 19 12 16 15 25 30 13 31 22 26 26 20 14 21 22 19 29 27 16 20 20 25 23 19 22 19 24 26 18 15 19 22 22 15 20 19 15 23 26 18 18 26 15 28 25 16 25 19 17 22 25 22 15 19 21 19 17 20 19 15 21 15 22 21 25 18 15 20 26 25 28 19 19 17 18 14 17 26 23 14 16 20 15 18 20 25 21 25 24 22 21 19 21 22 24 21 20 15 18 22 24 16 11 17 24 21 15 20 30 30 16 22 17 19 18 19 23 27 24 20 22 21 20 19 19 18 20 23 16 24 19 22 22 16 17 20 26 25 18 15 16 14 16 18 23 16 21 21 17 28 16 20 19 24 13 24 27 19 22 15 17 24 18 15 25 23 24 22 20 27 23 23 20 23 25 20 21 24 22 18 25 22 20 27 18 22 18 23 20 27 29 25 22 15 28 18 17 28 21 23 28 21 30 13 22 20 20 24 25 16 25 19 14 15 27 23 23 21 27 24 18 16 23 24 23 22 18 24 16 16 28 20 13 23 29 18 32 21 24 30 26 20 13 26 23 18 16 21 24 22 19 25 16 29 16 27 19 18 21 28 20 18 19 14 25 25 15 22 32 17 20 27 18 25 24 13 18 33 19 26 18 21 24 16 19 25 22 17 23 22 24 25 24 17 20 22 14 23 18 20 25 15 23 25 16 20 18 17 19 28 16 22 19 34 22 25 19 10 24 20 23 21 20 20 21 26 26 19 19 13 20 26 16 25 20 27 31 24 18 25 13 12 22 11 19 14 26 20 14 20 23 25 27 20 25 25 28 22 24 26 19 18 24 27 20 28 27 17 25 18 25 23 15 17 21 21 23 29 30 21 26 18 22 20 27 31 13 21 22 18 25 23 13 24 14 21 23 26 16 22 24 28 30 30 24 18 27 30 23 23 11 24 28 22 27 21 20 18 28 14 25 17 22 26 22 20 23 17 19 15 11 21 14 26 15 18 21 25 19 17 28 28 19 23 16 23 34 18 21 14 18 15 24 22 20 18 28 20 22 20 17 29 21 17 20 23 18 22 16 22 13 20 27 25 18 22 17 19 15 31 20 17 24 28 21 17 13 19 15 18 22 26 27 18 22 20 25 12 18 20 18 27 21 28 17 26 22 21 17 11 26 23 12 19 26 22 23 21 18 19 26 21 18 22 19 20 19 24 23 26 28 25 22 28 17 16 14 18 20 22 28 25 18 31 28 22 19 19 23 26 28 20 15 18 19 18 24 15 19 22 27 29 21 22 22 23 20 20 22 23 22 21 23 17 26 21 17 14 22 17 18 23 19 22 25 26 23 28 21 22 18 23 13 30 23 17 17 22 22 17 26 30 17 22 15 20 16 16 19 17 22 16 20 21 26 25 19 22 18 26 22 12 25 24 16 17 22 19 18 18 22 21 22 28 24 25 20 13 17 21 25 20 21 23 19 15 13 29 18 22 26 26 15 19 13 17 13 18 21 20 17 21 26 18 20 15 30 32 23 14 17 25 20 29 24 17 20 21 26 24 24 19 26 16 19 17 23 17 24 22 16 19 17 25 18 13 19 17 18 24 21 19 20 25 30 24 28 23 19 16 23 21 21 19 15 12 29 20 26 25 22 24 17 23 25 19 16 23 31 14 17 19 21 15 14 20 24 31 25 21 22 33 22 18 20 20 29 21 22 23 17 17 30 22 19 9 20 18 21 18 18 20 14 20 25 36 25 15 27 15 21 15 23 17 20 20 20 25 17 19 20 23 16 15 26 22 19 24 13 28 22 19 18 29 21 29 11 14 17 27 29 22 19 19 19 16 29 23 24 27 19 19 22 31 26 20 20 22 22 19 15 16 20 24 28 20 21 20 24 13 19 15 16 23 21 23 30 21 21 25 23 21 21 22 18 24 23 18 20 17 18 12 21 26 22 17 17 19 19 18 23 20 24 23 21 21 22 27 20 23 24 15 22 18 18 21 27 18 31 28 21 22 19 20 15 32 23 21 14 23 24 13 19 16 17 33 25 22 24 20 20 15 19 26 16 20 23 27 24 16 29 11 23 14 26 27 22 18 17 25 15 22 23 23 14 24 22 26 17 27 16 23 25 22 22 25 22 19 23 22 26 20 23 19 11 22 22 25 24 25 29 16 20 20 19 15 28 27 15 19 24 22 17 18 28 28 23 22 20 21 18 28 23 19 17 20 25 24 24 19 18 19 15 18 22 22 12 23 21 24 21 30 26 18 21 24 15 21 19 19 28 14 21 23 19 30 17 21 15 28 26 16 19 14 19 23 19 27 14 20 32 20 21 32 24 15 17 13 22 29 23 21 23 16 21 20 32 20 21 19 26 18 22 18 22 24 17 35 20 24 21 11 26 30 19 28 18 21 17 28 12 21 27 18 31 22 19 21 21 25 14 24 21 25 18 21 23 22 21 26 21 31 22 23 34 26 14 15 24 21 16 27 17 17 22 20 21 26 26 21 16 25 19 27 24 27 21 19 18 15 19 19 22 14 20 18 22 25 30 21 29 20 23 24 13 20 22 20 24 22 22 23 24 12 28 21 21 22 26 21 20 25 20 17 30 24 27 21 21 22 15 22 21 24 24 26 21 21 23 16 29 20 17 15 27 18 28 22 26 29 18 24 27 24 22 17 20 21 18 25 20 26 18 14 30 19 18 20 14 23 22 18 23 19 25 22 24 21 27 24 28 19 23 20 30 17 27 26 29 23 15 18 12 22 18 21 16 25 24 16 27 17 22 36 25 24 23 18 20 17 18 19 27 27 24 29 24 21 13 19 15 21 22 26 25 22 12 19 28 30 15 24 20 26 15 29 16 13 17 23 23 23 15 32 25 20 24 21 28 18 18 24 23 22 15 25 20 32 25 22 20 24 16 20 16 26 23 22 14 20 16 8 20 20 23 24 25 25 26 20 21 21 23 22 13 16 24 24 16 23 17 20 25 16 17 21 30 15 17 27 19 17 23 14 30 19 25 21 21 23 18 28 25 19 22 17 26 18 27 27 30 21 13 23 20 33 18 27 15 20 20 17 24 23 24 22 23 24 18 13 27 20 23 27 19 22 27 20 19 20 19 18 27 19 27 24 10 23 18 22 22 22 22 17 23 20 24 14 17 24 19 23 30 30 26 24 23 10 19 19 22 25 32 20 22 23 17 26 23 20 30 20 26 21 17 16 22 30 27 27 17 21 19 17 19 15 22 29 18 30 27 20 14 26 11 23 25 18 19 18 18 25 22 21 22 27 29 15 25 26 14 17 18 20 18 19 27 23 29 15 21 22 20 25 21 22 20 29 22 20 23 23 20 20 21 29 31 22 21 23 20 19 26 25 20 27 18 22 19 21 21 16 18 18 26 22 17 15 27 21 22 19 21 19 18 20 21 13 21 19 26 18 28 15 16 21 24 20 19 19 23 27 19 19 20 18 23 16 21 21 26 19 16 17 19 18 17 24 21 28 28 27 16 19 25 20 20 22 28 34 18 19 14 25 15 28 21 21 24 19 21 17 20 19 21 21 15 22 20 15 22 19 26 23 16 28 24 18 18 24 21 22 15 16 17 26 27 19 26 14 19 22 24 17 27 22 33 25 13 26 23 15 17 23 24 20 17 15 28 21 19 25 14 16 20 28 28 24 21 26 23 13 19 25 24 18 20 20 16 26 16 20 26 22 21 24 15 18 15 23 21 21 16 25 18 20 27 26 23 17 13 20 18 20 22 26 21 23 19 21 19 20 10 22 16 22 24 19 25 17 17 23 19 17 30 20 28 27 15 22 30 21 20 18 26 30 15 15 19 27 28 18 21 15 27 24 21 19 19 17 25 34 24 16 18 23 24 23 16 20 30 28 17 20 29 25 24 25 20 28 21 32 18 20 26 26 20 18 18 21 19 22 26 24 23 20 22 23 16 26 19 23 19 9 17 12 20 20 23 24 16 20 24 22 24 26 30 21 25 23 26 21 18 13 17 24 20 24 30 31 21 26 20 13 21 14 21 20 24 16 19 24 25 23 18 22 25 20 32 23 24 14 23 13 20 25 25 21 21 23 17 18 25 25 21 23 22 31 17 15 27 12 27 22 14 20 27 20 24 25 24 19 12 26 26 29 19 19 19 27 20 21 27 18 21 17 27 24 27 21 24 23 16 21 19 23 19 26 24 22 15 22 23 23 16 23 24 14 19 16 20 22 22 25 25 27 15 21 33 22 14 27 12 18 20 22 18 19 22 20 17 23 21 19 22 25 27 25 20 20 16 16 18 21 20 19 11 15 30 24 18 19 18 17 25 21 26 17 16 23 15 25 20 21 23 16 26 16 14 26 17 27 20 25 20 21 34 28 17 24 20 22 16 18 19 20 22 21 23 26 23 28 13 25 17 19 21 25 23 21 21 21 30 24 20 11 20 26 24 23 24 26 20 26 14 20 20 22 21 24 21 22 17 26 17 23 26 28 21 15 17 17 21 24 28 20 20 21 22 23 25 19 21 23 18 22 15 12 14 23 20 21 28 22 27 18 20 23 19 19 23 26 18 16 16 24 35 18 14 17 24 13 30 17 15 27 22 22 18 22 22 30 17 29 18 17 24 14 24 15 19 19 21 20 17 25 25 20 14 23 21 20 21 16 21 22 15 20 20 27 25 20 19 24 17 21 23 28 19 22 23 15 18 33 20 25 20 19 23 20 29 18 30 26 20 19 28 24 29 22 22 12 21 25 31 25 20 21 22 21 21 28 26 23 19 27 21 23 20 21 16 20 20 20 27 31 19 18 21 16 13 24 24 24 25 23 28 16 15 21 17 10 26 25 19 19 17 26 24 24 20 31 16 19 23 22 25 25 25 26 14 21 25 24 20 22 24 17 32 15 19 26 24 20 20 25 22 20 18 18 24 23 28 18 15 19 29 28 21 12 19 24 26 25 11 11 33 24 31 25 22 22 17 25 29 15 22 22 19 23 20 26 15 16 26 23 25 15 29 20 20 27 21 19 17 30 20 20 18 11 30 20 27 13 15 27 20 28 20 20 28 19 20 20 23 28 13 15 22 15 17 19 15 18 26 21 15 33 19 22 16 21 23 27 20 20 19 19 27 17 13 25 19 19 31 28 28 19 19 26 21 20 19 26 28 22 24 20 22 25 24 16 18 19 24 26 12 18 20 27 27 23 25 24 22 19 23 20 31 18 19 31 25 23 22 19 16 21 19 25 20 20 21 23 25 21 20 23 16 33 21 20 20 20 15 17 29 23 20 19 9 22 19 15 27 17 27 26 21 22 20 20 19 31 19 20 25 26 21 17 17 30 24 14 19 18 17 24 26 18 20 20 17 24 26 26 31 26 18 19 22 26 16 21 16 14 25 12 29 28 16 17 26 22 25 16 20 19 14 17 19 24 28 27 18 27 23 29 16 23 16 22 18 19 15 19 27 14 20 31 24 21 25 18 31 20 23 21 25 22 29 22 16 24 17 19 18 29 21 21 22 19 20 24 20 14 21 26 21 17 25 23 19 24 24 32 21 27 22 26 20 23 20 17 16 21 24 28 16 27 24 15 26 18 23 21 21 26 17 11 19 22 18 20 21 30 27 23 23 21 20 20 11 29 21 16 30 14 23 22 14 18 19 37 22 19 18 19 20 15 23 20 33 20 25 29 26 19 27 19 19 27 22 22 18 24 28 31 16 14 18 23 25 20 22 22 16 18 31 20 28 16 21 19 16 33 16 21 31 16 26 20 21 19 18 27 16 20 17 28 17 22 22 22 18 15 18 22 23 18 20 28 24 20 18 25 21 18 19 21 13 28 17 19 18 12 20 19 20 20 26 18 19 25 22 19 19 26 30 14 28 26 16 21 23 29 27 18 27 17 12 17 12 26 38 16 15 17 27 25 21 21 20 23 22 16 21 24 19 25 27 32 21 27 11 22 26 29 18 23 16 28 21 18 9 17 21 16 25 22 19 21 27 18 12 17 23 21 18 22 24 19 22 17 12 17 17 24 27 19 24 27 23 25 23 22 16 19 21 27 18 18 29 25 20 24 23 24 21 24 25 19 15 22 19 24 17 21 22 17 16 32 18 19 21 22 26 21 19 17 12 24 21 26 23 19 18 25 20 15 24 18 19 28 20 15 21 23 12 22 16 22 23 18 18 20 20 23 24 16 27 21 28 18 18 30 24 24 26 18 13 24 14 23 20 18 23 30 25 23 17 22 16 20 16 23 20 19 21 25 12 21 18 21 24 16 22 21 25 24 16 18 18 18 25 19 18 29 28 22 25 18 24 25 20 19 23 20 22 15 19 28 17 21 20 21 21 20 23 20 30 24 19 33 24 21 12 29 20 26 18 23 13 20 18 26 19 18 19 20 32 23 20 21 18 21 20 17 16 20 20 24 33 18 19 15 29 20 13 23 23 24 22 24 19 30 19 17 23 31 25 24 17 28 18 25 21 15 18 23 15 22 16 20 19 23 15 16 24 29 19 16 16 22 21 19 30 21 22 20 19 24 16 23 18 13 29 14 19 26 30 26 17 19 17 24 15 21 22 29 27 25 18 23 22 32 29 27 27 22 29 19 21 22 20 26 25 26 24 24 22 23 26 25 24 15 19 24 21 20 17 18 23 25 19 17 19 23 24 20 19 18 21 23 18 21 24 15 21 20 22 22 21 19 14 22 15 23 27 25 17 23 19 25 18 18 26 15 22 19 29 25 34 20 19 21 17 18 30 12 23 19 23 23 18 17 20 21 28 17 18 16 20 20 26 16 15 25 18 23 22 30 21 14 27 24 27 22 18 18 20 25 27 21 18 22 24 23 19 18 20 28 27 22 26 21 23 24 11 26 21 20 21 18 39 22 31 23 19 15 22 22 16 29 16 20 23 19 19 25 18 20 22 15 19 26 17 19 14 24 26 20 23 21 13 27 16 15 30 21 20 26 21 21 25 22 19 13 17 23 24 20 18 18 24 17 29 20 21 25 20 24 21 16 16 25 20 22 22 32 25 20 26 12 22 20 31 31 23 18 14 17 13 22 21 19 30 14 30 20 25 21 15 23 18 13 22 25 25 12 20 21 26 23 13 18 19 24 19 15 23 26 17 18 16 15 28 20 21 27 22 23 22 24 15 22 28 15 23 24 21 26 19 24 20 19 26 22 21 24 24 15 21 20 25 24 23 19 15 21 17 10 22 10 14 22 16 18 16 26 25 23 19 18 21 21 22 24 26 22 18 12 26 16 23 27 15 16 27 24 19 23 14 22 25 28 24 19 24 27 34 23 18 31 23 20 20 18 26 16 20 23 30 22 20 21 27 25 16 20 24 30 17 25 20 16 20 15 25 25 15 26 16 29 14 25 16 23 21 19 26 28 20 18 22 20 25 21 17 14 20 26 25 24 23 16 20 20 15 22 27 21 16 29 33 19 22 16 14 22 26 16 23 20 31 24 18 16 20 20 11 21 32 18 20 12 20 23 22 22 19 15 24 15 19 27 18 20 20 34 23 23 19 17 18 31 16 15 13 15 18 24 22 22 19 20 20 24 22 28 20 20 20 18 21 30 20 12 20 28 20 28 29 29 18 25 24 24 19 26 16 16 31 25 19 16 23 21 23 20 21 24 28 15 24 22 18 23 19 16 23 23 24 17 31 17 25 22 17 32 19 17 23 27 17 22 23 17 19 22 20 19 22 27 22 26 19 12 18 25 22 18 19 24 22 34 23 21 17 22 16 17 26 16 21 25 27 23 17 18 18 21 15 19 19 19 27 12 24 17 16 20 24 24 28 22 21 25 27 18 14 26 23 19 17 24 27 34 18 18 30 17 22 25 18 21 20 17 19 26 18 12 22 28 10 22 28 20 23 25 28 17 28 23 17 22 23 31 18 15 14 29 22 19 19 21 19 14 21 20 26 18 32 14 19 25 23 30 24 9 24 30 22 21 20 23 22 22 22 19 19 18 17 19 17 25 22 29 29 16 21 15 22 20 17 20 27 20 20 15 21 19 16 23 22 22 23 15 13 19 26 22 24 28 16 23 17 19 27 16 18 19 14 22 21 13 29 15 21 16 21 22 26 22 21 15 12 25 22 19 25 18 17 22 23 17 20 26 19 23 17 17 18 23 20 23 18 21 19 23 23 20 21 25 21 22 23 29 18 18 24 33 24 20 26 30 24 26 22 17 27 20 16 22 18 20 22 13 21 20 30 25 17 28 16 16 21 27 15 22 19 15 23 26 27 21 19 33 22 19 29 22 11 25 17 12 26 18 22 22 21 22 16 19 24 22 24 23 18 17 25 14 19 25 20 23 21 17 14 14 
</Matrix>
   <Matrix name="xloc" type="complete" rows="1" columns="10000" multiplier="1.0">
   0 1 2 3 4 5 6 7 8 9 10 11 12 13 14 15 16 17 18 19 20 21 22 23 24 25 26 27 28 29 30 31 32 33 34 35 36 37 38 39 40 41 42 43 44 45 46 47 48 49 50 51 52 53 54 55 56 57 58 59 60 61 62 63 64 65 66 67 68 69 70 71 72 73 74 75 76 77 78 79 80 81 82 83 84 85 86 87 88 89 90 91 92 93 94 95 96 97 98 99 0 1 2 3 4 5 6 7 8 9 10 11 12 13 14 15 16 17 18 19 20 21 22 23 24 25 26 27 28 29 30 31 32 33 34 35 36 37 38 39 40 41 42 43 44 45 46 47 48 49 50 51 52 53 54 55 56 57 58 59 60 61 62 63 64 65 66 67 68 69 70 71 72 73 74 75 76 77 78 79 80 81 82 83 84 85 86 87 88 89 90 91 92 93 94 95 96 97 98 99 0 1 2 3 4 5 6 7 8 9 10 11 12 13 14 15 16 17 18 19 20 21 22 23 24 25 26 27 28 29 30 31 32 33 34 35 36 37 38 39 40 41 42 43 44 45 46 47 48 49 50 51 52 53 54 55 56 57 58 59 60 61 62 63 64 65 66 67 68 69 70 71 72 73 74 75 76 77 78 79 80 81 82 83 84 85 86 87 88 89 90 91 92 93 94 95 96 97 98 99 0 1 2 3 4 5 6 7 8 9 10 11 12 13 14 15 16 17 18 19 20 21 22 23 24 25 26 27 28 29 30 31 32 33 34 35 36 37 38 39 40 41 42 43 44 45 46 47 48 49 50 51 52 53 54 55 56 57 58 59 60 61 62 63 64 65 66 67 68 69 70 71 72 73 74 75 76 77 78 79 80 81 82 83 84 85 86 87 88 89 90 91 92 93 94 95 96 97 98 99 0 1 2 3 4 5 6 7 8 9 10 11 12 13 14 15 16 17 18 19 20 21 22 23 24 25 26 27 28 29 30 31 32 33 34 35 36 37 38 39 40 41 42 43 44 45 46 47 48 49 50 51 52 53 54 55 56 57 58 59 60 61 62 63 64 65 66 67 68 69 70 71 72 73 74 75 76 77 78 79 80 81 82 83 84 85 86 87 88 89 90 91 92 93 94 95 96 97 98 99 0 1 2 3 4 5 6 7 8 9 10 11 12 13 14 15 16 17 18 19 20 21 22 23 24 25 26 27 28 29 30 31 32 33 34 35 36 37 38 39 40 41 42 43 44 45 46 47 48 49 50 51 52 53 54 55 56 57 58 59 60 61 62 63 64 65 66 67 68 69 70 71 72 73 74 75 76 77 78 79 80 81 82 83 84 85 86 87 88 89 90 91 92 93 94 95 96 97 98 99 0 1 2 3 4 5 6 7 8 9 10 11 12 13 14 15 16 17 18 19 20 21 22 23 24 25 26 27 28 29 30 31 32 33 34 35 36 37 38 39 40 41 42 43 44 45 46 47 48 49 50 51 52 53 54 55 56 57 58 59 60 61 62 63 64 65 66 67 68 69 70 71 72 73 74 75 76 77 78 79 80 81 82 83 84 85 86 87 88 89 90 91 92 93 94 95 96 97 98 99 0 1 2 3 4 5 6 7 8 9 10 11 12 13 14 15 16 17 18 19 20 21 22 23 24 25 26 27 28 29 30 31 32 33 34 35 36 37 38 39 40 41 42 43 44 45 46 47 48 49 50 51 52 53 54 55 56 57 58 59 60 61 62 63 64 65 66 67 68 69 70 71 72 73 74 75 76 77 78 79 80 81 82 83 84 85 86 87 88 89 90 91 92 93 94 95 96 97 98 99 0 1 2 3 4 5 6 7 8 9 10 11 12 13 14 15 16 17 18 19 20 21 22 23 24 25 26 27 28 29 30 31 32 33 34 35 36 37 38 39 40 41 42 43 44 45 46 47 48 49 50 51 52 53 54 55 56 57 58 59 60 61 62 63 64 65 66 67 68 69 70 71 72 73 74 75 76 77 78 79 80 81 82 83 84 85 86 87 88 89 90 91 92 93 94 95 96 97 98 99 0 1 2 3 4 5 6 7 8 9 10 11 12 13 14 15 16 17 18 19 20 21 22 23 24 25 26 27 28 29 30 31 32 33 34 35 36 37 38 39 40 41 42 43 44 45 46 47 48 49 50 51 52 53 54 55 56 57 58 59 60 61 62 63 64 65 66 67 68 69 70 71 72 73 74 75 76 77 78 79 80 81 82 83 84 85 86 87 88 89 90 91 92 93 94 95 96 97 98 99 0 1 2 3 4 5 6 7 8 9 10 11 12 13 14 15 16 17 18 19 20 21 22 23 24 25 26 27 28 29 30 31 32 33 34 35 36 37 38 39 40 41 42 43 44 45 46 47 48 49 50 51 52 53 54 55 56 57 58 59 60 61 62 63 64 65 66 67 68 69 70 71 72 73 74 75 76 77 78 79 80 81 82 83 84 85 86 87 88 89 90 91 92 93 94 95 96 97 98 99 0 1 2 3 4 5 6 7 8 9 10 11 12 13 14 15 16 17 18 19 20 21 22 23 24 25 26 27 28 29 30 31 32 33 34 35 36 37 38 39 40 41 42 43 44 45 46 47 48 49 50 51 52 53 54 55 56 57 58 59 60 61 62 63 64 65 66 67 68 69 70 71 72 73 74 75 76 77 78 79 80 81 82 83 84 85 86 87 88 89 90 91 92 93 94 95 96 97 98 99 0 1 2 3 4 5 6 7 8 9 10 11 12 13 14 15 16 17 18 19 20 21 22 23 24 25 26 27 28 29 30 31 32 33 34 35 36 37 38 39 40 41 42 43 44 45 46 47 48 49 50 51 52 53 54 55 56 57 58 59 60 61 62 63 64 65 66 67 68 69 70 71 72 73 74 75 76 77 78 79 80 81 82 83 84 85 86 87 88 89 90 91 92 93 94 95 96 97 98 99 0 1 2 3 4 5 6 7 8 9 10 11 12 13 14 15 16 17 18 19 20 21 22 23 24 25 26 27 28 29 30 31 32 33 34 35 36 37 38 39 40 41 42 43 44 45 46 47 48 49 50 51 52 53 54 55 56 57 58 59 60 61 62 63 64 65 66 67 68 69 70 71 72 73 74 75 76 77 78 79 80 81 82 83 84 85 86 87 88 89 90 91 92 93 94 95 96 97 98 99 0 1 2 3 4 5 6 7 8 9 10 11 12 13 14 15 16 17 18 19 20 21 22 23 24 25 26 27 28 29 30 31 32 33 34 35 36 37 38 39 40 41 42 43 44 45 46 47 48 49 50 51 52 53 54 55 56 57 58 59 60 61 62 63 64 65 66 67 68 69 70 71 72 73 74 75 76 77 78 79 80 81 82 83 84 85 86 87 88 89 90 91 92 93 94 95 96 97 98 99 0 1 2 3 4 5 6 7 8 9 10 11 12 13 14 15 16 17 18 19 20 21 22 23 24 25 26 27 28 29 30 31 32 33 34 35 36 37 38 39 40 41 42 43 44 45 46 47 48 49 50 51 52 53 54 55 56 57 58 59 60 61 62 63 64 65 66 67 68 69 70 71 72 73 74 75 76 77 78 79 80 81 82 83 84 85 86 87 88 89 90 91 92 93 94 95 96 97 98 99 0 1 2 3 4 5 6 7 8 9 10 11 12 13 14 15 16 17 18 19 20 21 22 23 24 25 26 27 28 29 30 31 32 33 34 35 36 37 38 39 40 41 42 43 44 45 46 47 48 49 50 51 52 53 54 55 56 57 58 59 60 61 62 63 64 65 66 67 68 69 70 71 72 73 74 75 76 77 78 79 80 81 82 83 84 85 86 87 88 89 90 91 92 93 94 95 96 97 98 99 0 1 2 3 4 5 6 7 8 9 10 11 12 13 14 15 16 17 18 19 20 21 22 23 24 25 26 27 28 29 30 31 32 33 34 35 36 37 38 39 40 41 42 43 44 45 46 47 48 49 50 51 52 53 54 55 56 57 58 59 60 61 62 63 64 65 66 67 68 69 70 71 72 73 74 75 76 77 78 79 80 81 82 83 84 85 86 87 88 89 90 91 92 93 94 95 96 97 98 99 0 1 2 3 4 5 6 7 8 9 10 11 12 13 14 15 16 17 18 19 20 21 22 23 24 25 26 27 28 29 30 31 32 33 34 35 36 37 38 39 40 41 42 43 44 45 46 47 48 49 50 51 52 53 54 55 56 57 58 59 60 61 62 63 64 65 66 67 68 69 70 71 72 73 74 75 76 77 78 79 80 81 82 83 84 85 86 87 88 89 90 91 92 93 94 95 96 97 98 99 0 1 2 3 4 5 6 7 8 9 10 11 12 13 14 15 16 17 18 19 20 21 22 23 24 25 26 27 28 29 30 31 32 33 34 35 36 37 38 39 40 41 42 43 44 45 46 47 48 49 50 51 52 53 54 55 56 57 58 59 60 61 62 63 64 65 66 67 68 69 70 71 72 73 74 75 76 77 78 79 80 81 82 83 84 85 86 87 88 89 90 91 92 93 94 95 96 97 98 99 0 1 2 3 4 5 6 7 8 9 10 11 12 13 14 15 16 17 18 19 20 21 22 23 24 25 26 27 28 29 30 31 32 33 34 35 36 37 38 39 40 41 42 43 44 45 46 47 48 49 50 51 52 53 54 55 56 57 58 59 60 61 62 63 64 65 66 67 68 69 70 71 72 73 74 75 76 77 78 79 80 81 82 83 84 85 86 87 88 89 90 91 92 93 94 95 96 97 98 99 0 1 2 3 4 5 6 7 8 9 10 11 12 13 14 15 16 17 18 19 20 21 22 23 24 25 26 27 28 29 30 31 32 33 34 35 36 37 38 39 40 41 42 43 44 45 46 47 48 49 50 51 52 53 54 55 56 57 58 59 60 61 62 63 64 65 66 67 68 69 70 71 72 73 74 75 76 77 78 79 80 81 82 83 84 85 86 87 88 89 90 91 92 93 94 95 96 97 98 99 0 1 2 3 4 5 6 7 8 9 10 11 12 13 14 15 16 17 18 19 20 21 22 23 24 25 26 27 28 29 30 31 32 33 34 35 36 37 38 39 40 41 42 43 44 45 46 47 48 49 50 51 52 53 54 55 56 57 58 59 60 61 62 63 64 65 66 67 68 69 70 71 72 73 74 75 76 77 78 79 80 81 82 83 84 85 86 87 88 89 90 91 92 93 94 95 96 97 98 99 0 1 2 3 4 5 6 7 8 9 10 11 12 13 14 15 16 17 18 19 20 21 22 23 24 25 26 27 28 29 30 31 32 33 34 35 36 37 38 39 40 41 42 43 44 45 46 47 48 49 50 51 52 53 54 55 56 57 58 59 60 61 62 63 64 65 66 67 68 69 70 71 72 73 74 75 76 77 78 79 80 81 82 83 84 85 86 87 88 89 90 91 92 93 94 95 96 97 98 99 0 1 2 3 4 5 6 7 8 9 10 11 12 13 14 15 16 17 18 19 20 21 22 23 24 25 26 27 28 29 30 31 32 33 34 35 36 37 38 39 40 41 42 43 44 45 46 47 48 49 50 51 52 53 54 55 56 57 58 59 60 61 62 63 64 65 66 67 68 69 70 71 72 73 74 75 76 77 78 79 80 81 82 83 84 85 86 87 88 89 90 91 92 93 94 95 96 97 98 99 0 1 2 3 4 5 6 7 8 9 10 11 12 13 14 15 16 17 18 19 20 21 22 23 24 25 26 27 28 29 30 31 32 33 34 35 36 37 38 39 40 41 42 43 44 45 46 47 48 49 50 51 52 53 54 55 56 57 58 59 60 61 62 63 64 65 66 67 68 69 70 71 72 73 74 75 76 77 78 79 80 81 82 83 84 85 86 87 88 89 90 91 92 93 94 95 96 97 98 99 0 1 2 3 4 5 6 7 8 9 10 11 12 13 14 15 16 17 18 19 20 21 22 23 24 25 26 27 28 29 30 31 32 33 34 35 36 37 38 39 40 41 42 43 44 45 46 47 48 49 50 51 52 53 54 55 56 57 58 59 60 61 62 63 64 65 66 67 68 69 70 71 72 73 74 75 76 77 78 79 80 81 82 83 84 85 86 87 88 89 90 91 92 93 94 95 96 97 98 99 0 1 2 3 4 5 6 7 8 9 10 11 12 13 14 15 16 17 18 19 20 21 22 23 24 25 26 27 28 29 30 31 32 33 34 35 36 37 38 39 40 41 42 43 44 45 46 47 48 49 50 51 52 53 54 55 56 57 58 59 60 61 62 63 64 65 66 67 68 69 70 71 72 73 74 75 76 77 78 79 80 81 82 83 84 85 86 87 88 89 90 91 92 93 94 95 96 97 98 99 0 1 2 3 4 5 6 7 8 9 10 11 12 13 14 15 16 17 18 19 20 21 22 23 24 25 26 27 28 29 30 31 32 33 34 35 36 37 38 39 40 41 42 43 44 45 46 47 48 49 50 51 52 53 54 55 56 57 58 59 60 61 62 63 64 65 66 67 68 69 70 71 72 73 74 75 76 77 78 79 80 81 82 83 84 85 86 87 88 89 90 91 92 93 94 95 96 97 98 99 0 1 2 3 4 5 6 7 8 9 10 11 12 13 14 15 16 17 18 19 20 21 22 23 24 25 26 27 28 29 30 31 32 33 34 35 36 37 38 39 40 41 42 43 44 45 46 47 48 49 50 51 52 53 54 55 56 57 58 59 60 61 62 63 64 65 66 67 68 69 70 71 72 73 74 75 76 77 78 79 80 81 82 83 84 85 86 87 88 89 90 91 92 93 94 95 96 97 98 99 0 1 2 3 4 5 6 7 8 9 10 11 12 13 14 15 16 17 18 19 20 21 22 23 24 25 26 27 28 29 30 31 32 33 34 35 36 37 38 39 40 41 42 43 44 45 46 47 48 49 50 51 52 53 54 55 56 57 58 59 60 61 62 63 64 65 66 67 68 69 70 71 72 73 74 75 76 77 78 79 80 81 82 83 84 85 86 87 88 89 90 91 92 93 94 95 96 97 98 99 0 1 2 3 4 5 6 7 8 9 10 11 12 13 14 15 16 17 18 19 20 21 22 23 24 25 26 27 28 29 30 31 32 33 34 35 36 37 38 39 40 41 42 43 44 45 46 47 48 49 50 51 52 53 54 55 56 57 58 59 60 61 62 63 64 65 66 67 68 69 70 71 72 73 74 75 76 77 78 79 80 81 82 83 84 85 86 87 88 89 90 91 92 93 94 95 96 97 98 99 0 1 2 3 4 5 6 7 8 9 10 11 12 13 14 15 16 17 18 19 20 21 22 23 24 25 26 27 28 29 30 31 32 33 34 35 36 37 38 39 40 41 42 43 44 45 46 47 48 49 50 51 52 53 54 55 56 57 58 59 60 61 62 63 64 65 66 67 68 69 70 71 72 73 74 75 76 77 78 79 80 81 82 83 84 85 86 87 88 89 90 91 92 93 94 95 96 97 98 99 0 1 2 3 4 5 6 7 8 9 10 11 12 13 14 15 16 17 18 19 20 21 22 23 24 25 26 27 28 29 30 31 32 33 34 35 36 37 38 39 40 41 42 43 44 45 46 47 48 49 50 51 52 53 54 55 56 57 58 59 60 61 62 63 64 65 66 67 68 69 70 71 72 73 74 75 76 77 78 79 80 81 82 83 84 85 86 87 88 89 90 91 92 93 94 95 96 97 98 99 0 1 2 3 4 5 6 7 8 9 10 11 12 13 14 15 16 17 18 19 20 21 22 23 24 25 26 27 28 29 30 31 32 33 34 35 36 37 38 39 40 41 42 43 44 45 46 47 48 49 50 51 52 53 54 55 56 57 58 59 60 61 62 63 64 65 66 67 68 69 70 71 72 73 74 75 76 77 78 79 80 81 82 83 84 85 86 87 88 89 90 91 92 93 94 95 96 97 98 99 0 1 2 3 4 5 6 7 8 9 10 11 12 13 14 15 16 17 18 19 20 21 22 23 24 25 26 27 28 29 30 31 32 33 34 35 36 37 38 39 40 41 42 43 44 45 46 47 48 49 50 51 52 53 54 55 56 57 58 59 60 61 62 63 64 65 66 67 68 69 70 71 72 73 74 75 76 77 78 79 80 81 82 83 84 85 86 87 88 89 90 91 92 93 94 95 96 97 98 99 0 1 2 3 4 5 6 7 8 9 10 11 12 13 14 15 16 17 18 19 20 21 22 23 24 25 26 27 28 29 30 31 32 33 34 35 36 37 38 39 40 41 42 43 44 45 46 47 48 49 50 51 52 53 54 55 56 57 58 59 60 61 62 63 64 65 66 67 68 69 70 71 72 73 74 75 76 77 78 79 80 81 82 83 84 85 86 87 88 89 90 91 92 93 94 95 96 97 98 99 0 1 2 3 4 5 6 7 8 9 10 11 12 13 14 15 16 17 18 19 20 21 22 23 24 25 26 27 28 29 30 31 32 33 34 35 36 37 38 39 40 41 42 43 44 45 46 47 48 49 50 51 52 53 54 55 56 57 58 59 60 61 62 63 64 65 66 67 68 69 70 71 72 73 74 75 76 77 78 79 80 81 82 83 84 85 86 87 88 89 90 91 92 93 94 95 96 97 98 99 0 1 2 3 4 5 6 7 8 9 10 11 12 13 14 15 16 17 18 19 20 21 22 23 24 25 26 27 28 29 30 31 32 33 34 35 36 37 38 39 40 41 42 43 44 45 46 47 48 49 50 51 52 53 54 55 56 57 58 59 60 61 62 63 64 65 66 67 68 69 70 71 72 73 74 75 76 77 78 79 80 81 82 83 84 85 86 87 88 89 90 91 92 93 94 95 96 97 98 99 0 1 2 3 4 5 6 7 8 9 10 11 12 13 14 15 16 17 18 19 20 21 22 23 24 25 26 27 28 29 30 31 32 33 34 35 36 37 38 39 40 41 42 43 44 45 46 47 48 49 50 51 52 53 54 55 56 57 58 59 60 61 62 63 64 65 66 67 68 69 70 71 72 73 74 75 76 77 78 79 80 81 82 83 84 85 86 87 88 89 90 91 92 93 94 95 96 97 98 99 0 1 2 3 4 5 6 7 8 9 10 11 12 13 14 15 16 17 18 19 20 21 22 23 24 25 26 27 28 29 30 31 32 33 34 35 36 37 38 39 40 41 42 43 44 45 46 47 48 49 50 51 52 53 54 55 56 57 58 59 60 61 62 63 64 65 66 67 68 69 70 71 72 73 74 75 76 77 78 79 80 81 82 83 84 85 86 87 88 89 90 91 92 93 94 95 96 97 98 99 0 1 2 3 4 5 6 7 8 9 10 11 12 13 14 15 16 17 18 19 20 21 22 23 24 25 26 27 28 29 30 31 32 33 34 35 36 37 38 39 40 41 42 43 44 45 46 47 48 49 50 51 52 53 54 55 56 57 58 59 60 61 62 63 64 65 66 67 68 69 70 71 72 73 74 75 76 77 78 79 80 81 82 83 84 85 86 87 88 89 90 91 92 93 94 95 96 97 98 99 0 1 2 3 4 5 6 7 8 9 10 11 12 13 14 15 16 17 18 19 20 21 22 23 24 25 26 27 28 29 30 31 32 33 34 35 36 37 38 39 40 41 42 43 44 45 46 47 48 49 50 51 52 53 54 55 56 57 58 59 60 61 62 63 64 65 66 67 68 69 70 71 72 73 74 75 76 77 78 79 80 81 82 83 84 85 86 87 88 89 90 91 92 93 94 95 96 97 98 99 0 1 2 3 4 5 6 7 8 9 10 11 12 13 14 15 16 17 18 19 20 21 22 23 24 25 26 27 28 29 30 31 32 33 34 35 36 37 38 39 40 41 42 43 44 45 46 47 48 49 50 51 52 53 54 55 56 57 58 59 60 61 62 63 64 65 66 67 68 69 70 71 72 73 74 75 76 77 78 79 80 81 82 83 84 85 86 87 88 89 90 91 92 93 94 95 96 97 98 99 0 1 2 3 4 5 6 7 8 9 10 11 12 13 14 15 16 17 18 19 20 21 22 23 24 25 26 27 28 29 30 31 32 33 34 35 36 37 38 39 40 41 42 43 44 45 46 47 48 49 50 51 52 53 54 55 56 57 58 59 60 61 62 63 64 65 66 67 68 69 70 71 72 73 74 75 76 77 78 79 80 81 82 83 84 85 86 87 88 89 90 91 92 93 94 95 96 97 98 99 0 1 2 3 4 5 6 7 8 9 10 11 12 13 14 15 16 17 18 19 20 21 22 23 24 25 26 27 28 29 30 31 32 33 34 35 36 37 38 39 40 41 42 43 44 45 46 47 48 49 50 51 52 53 54 55 56 57 58 59 60 61 62 63 64 65 66 67 68 69 70 71 72 73 74 75 76 77 78 79 80 81 82 83 84 85 86 87 88 89 90 91 92 93 94 95 96 97 98 99 0 1 2 3 4 5 6 7 8 9 10 11 12 13 14 15 16 17 18 19 20 21 22 23 24 25 26 27 28 29 30 31 32 33 34 35 36 37 38 39 40 41 42 43 44 45 46 47 48 49 50 51 52 53 54 55 56 57 58 59 60 61 62 63 64 65 66 67 68 69 70 71 72 73 74 75 76 77 78 79 80 81 82 83 84 85 86 87 88 89 90 91 92 93 94 95 96 97 98 99 0 1 2 3 4 5 6 7 8 9 10 11 12 13 14 15 16 17 18 19 20 21 22 23 24 25 26 27 28 29 30 31 32 33 34 35 36 37 38 39 40 41 42 43 44 45 46 47 48 49 50 51 52 53 54 55 56 57 58 59 60 61 62 63 64 65 66 67 68 69 70 71 72 73 74 75 76 77 78 79 80 81 82 83 84 85 86 87 88 89 90 91 92 93 94 95 96 97 98 99 0 1 2 3 4 5 6 7 8 9 10 11 12 13 14 15 16 17 18 19 20 21 22 23 24 25 26 27 28 29 30 31 32 33 34 35 36 37 38 39 40 41 42 43 44 45 46 47 48 49 50 51 52 53 54 55 56 57 58 59 60 61 62 63 64 65 66 67 68 69 70 71 72 73 74 75 76 77 78 79 80 81 82 83 84 85 86 87 88 89 90 91 92 93 94 95 96 97 98 99 0 1 2 3 4 5 6 7 8 9 10 11 12 13 14 15 16 17 18 19 20 21 22 23 24 25 26 27 28 29 30 31 32 33 34 35 36 37 38 39 40 41 42 43 44 45 46 47 48 49 50 51 52 53 54 55 56 57 58 59 60 61 62 63 64 65 66 67 68 69 70 71 72 73 74 75 76 77 78 79 80 81 82 83 84 85 86 87 88 89 90 91 92 93 94 95 96 97 98 99 0 1 2 3 4 5 6 7 8 9 10 11 12 13 14 15 16 17 18 19 20 21 22 23 24 25 26 27 28 29 30 31 32 33 34 35 36 37 38 39 40 41 42 43 44 45 46 47 48 49 50 51 52 53 54 55 56 57 58 59 60 61 62 63 64 65 66 67 68 69 70 71 72 73 74 75 76 77 78 79 80 81 82 83 84 85 86 87 88 89 90 91 92 93 94 95 96 97 98 99 0 1 2 3 4 5 6 7 8 9 10 11 12 13 14 15 16 17 18 19 20 21 22 23 24 25 26 27 28 29 30 31 32 33 34 35 36 37 38 39 40 41 42 43 44 45 46 47 48 49 50 51 52 53 54 55 56 57 58 59 60 61 62 63 64 65 66 67 68 69 70 71 72 73 74 75 76 77 78 79 80 81 82 83 84 85 86 87 88 89 90 91 92 93 94 95 96 97 98 99 0 1 2 3 4 5 6 7 8 9 10 11 12 13 14 15 16 17 18 19 20 21 22 23 24 25 26 27 28 29 30 31 32 33 34 35 36 37 38 39 40 41 42 43 44 45 46 47 48 49 50 51 52 53 54 55 56 57 58 59 60 61 62 63 64 65 66 67 68 69 70 71 72 73 74 75 76 77 78 79 80 81 82 83 84 85 86 87 88 89 90 91 92 93 94 95 96 97 98 99 0 1 2 3 4 5 6 7 8 9 10 11 12 13 14 15 16 17 18 19 20 21 22 23 24 25 26 27 28 29 30 31 32 33 34 35 36 37 38 39 40 41 42 43 44 45 46 47 48 49 50 51 52 53 54 55 56 57 58 59 60 61 62 63 64 65 66 67 68 69 70 71 72 73 74 75 76 77 78 79 80 81 82 83 84 85 86 87 88 89 90 91 92 93 94 95 96 97 98 99 0 1 2 3 4 5 6 7 8 9 10 11 12 13 14 15 16 17 18 19 20 21 22 23 24 25 26 27 28 29 30 31 32 33 34 35 36 37 38 39 40 41 42 43 44 45 46 47 48 49 50 51 52 53 54 55 56 57 58 59 60 61 62 63 64 65 66 67 68 69 70 71 72 73 74 75 76 77 78 79 80 81 82 83 84 85 86 87 88 89 90 91 92 93 94 95 96 97 98 99 0 1 2 3 4 5 6 7 8 9 10 11 12 13 14 15 16 17 18 19 20 21 22 23 24 25 26 27 28 29 30 31 32 33 34 35 36 37 38 39 40 41 42 43 44 45 46 47 48 49 50 51 52 53 54 55 56 57 58 59 60 61 62 63 64 65 66 67 68 69 70 71 72 73 74 75 76 77 78 79 80 81 82 83 84 85 86 87 88 89 90 91 92 93 94 95 96 97 98 99 0 1 2 3 4 5 6 7 8 9 10 11 12 13 14 15 16 17 18 19 20 21 22 23 24 25 26 27 28 29 30 31 32 33 34 35 36 37 38 39 40 41 42 43 44 45 46 47 48 49 50 51 52 53 54 55 56 57 58 59 60 61 62 63 64 65 66 67 68 69 70 71 72 73 74 75 76 77 78 79 80 81 82 83 84 85 86 87 88 89 90 91 92 93 94 95 96 97 98 99 0 1 2 3 4 5 6 7 8 9 10 11 12 13 14 15 16 17 18 19 20 21 22 23 24 25 26 27 28 29 30 31 32 33 34 35 36 37 38 39 40 41 42 43 44 45 46 47 48 49 50 51 52 53 54 55 56 57 58 59 60 61 62 63 64 65 66 67 68 69 70 71 72 73 74 75 76 77 78 79 80 81 82 83 84 85 86 87 88 89 90 91 92 93 94 95 96 97 98 99 0 1 2 3 4 5 6 7 8 9 10 11 12 13 14 15 16 17 18 19 20 21 22 23 24 25 26 27 28 29 30 31 32 33 34 35 36 37 38 39 40 41 42 43 44 45 46 47 48 49 50 51 52 53 54 55 56 57 58 59 60 61 62 63 64 65 66 67 68 69 70 71 72 73 74 75 76 77 78 79 80 81 82 83 84 85 86 87 88 89 90 91 92 93 94 95 96 97 98 99 0 1 2 3 4 5 6 7 8 9 10 11 12 13 14 15 16 17 18 19 20 21 22 23 24 25 26 27 28 29 30 31 32 33 34 35 36 37 38 39 40 41 42 43 44 45 46 47 48 49 50 51 52 53 54 55 56 57 58 59 60 61 62 63 64 65 66 67 68 69 70 71 72 73 74 75 76 77 78 79 80 81 82 83 84 85 86 87 88 89 90 91 92 93 94 95 96 97 98 99 0 1 2 3 4 5 6 7 8 9 10 11 12 13 14 15 16 17 18 19 20 21 22 23 24 25 26 27 28 29 30 31 32 33 34 35 36 37 38 39 40 41 42 43 44 45 46 47 48 49 50 51 52 53 54 55 56 57 58 59 60 61 62 63 64 65 66 67 68 69 70 71 72 73 74 75 76 77 78 79 80 81 82 83 84 85 86 87 88 89 90 91 92 93 94 95 96 97 98 99 0 1 2 3 4 5 6 7 8 9 10 11 12 13 14 15 16 17 18 19 20 21 22 23 24 25 26 27 28 29 30 31 32 33 34 35 36 37 38 39 40 41 42 43 44 45 46 47 48 49 50 51 52 53 54 55 56 57 58 59 60 61 62 63 64 65 66 67 68 69 70 71 72 73 74 75 76 77 78 79 80 81 82 83 84 85 86 87 88 89 90 91 92 93 94 95 96 97 98 99 0 1 2 3 4 5 6 7 8 9 10 11 12 13 14 15 16 17 18 19 20 21 22 23 24 25 26 27 28 29 30 31 32 33 34 35 36 37 38 39 40 41 42 43 44 45 46 47 48 49 50 51 52 53 54 55 56 57 58 59 60 61 62 63 64 65 66 67 68 69 70 71 72 73 74 75 76 77 78 79 80 81 82 83 84 85 86 87 88 89 90 91 92 93 94 95 96 97 98 99 0 1 2 3 4 5 6 7 8 9 10 11 12 13 14 15 16 17 18 19 20 21 22 23 24 25 26 27 28 29 30 31 32 33 34 35 36 37 38 39 40 41 42 43 44 45 46 47 48 49 50 51 52 53 54 55 56 57 58 59 60 61 62 63 64 65 66 67 68 69 70 71 72 73 74 75 76 77 78 79 80 81 82 83 84 85 86 87 88 89 90 91 92 93 94 95 96 97 98 99 0 1 2 3 4 5 6 7 8 9 10 11 12 13 14 15 16 17 18 19 20 21 22 23 24 25 26 27 28 29 30 31 32 33 34 35 36 37 38 39 40 41 42 43 44 45 46 47 48 49 50 51 52 53 54 55 56 57 58 59 60 61 62 63 64 65 66 67 68 69 70 71 72 73 74 75 76 77 78 79 80 81 82 83 84 85 86 87 88 89 90 91 92 93 94 95 96 97 98 99 0 1 2 3 4 5 6 7 8 9 10 11 12 13 14 15 16 17 18 19 20 21 22 23 24 25 26 27 28 29 30 31 32 33 34 35 36 37 38 39 40 41 42 43 44 45 46 47 48 49 50 51 52 53 54 55 56 57 58 59 60 61 62 63 64 65 66 67 68 69 70 71 72 73 74 75 76 77 78 79 80 81 82 83 84 85 86 87 88 89 90 91 92 93 94 95 96 97 98 99 0 1 2 3 4 5 6 7 8 9 10 11 12 13 14 15 16 17 18 19 20 21 22 23 24 25 26 27 28 29 30 31 32 33 34 35 36 37 38 39 40 41 42 43 44 45 46 47 48 49 50 51 52 53 54 55 56 57 58 59 60 61 62 63 64 65 66 67 68 69 70 71 72 73 74 75 76 77 78 79 80 81 82 83 84 85 86 87 88 89 90 91 92 93 94 95 96 97 98 99 0 1 2 3 4 5 6 7 8 9 10 11 12 13 14 15 16 17 18 19 20 21 22 23 24 25 26 27 28 29 30 31 32 33 34 35 36 37 38 39 40 41 42 43 44 45 46 47 48 49 50 51 52 53 54 55 56 57 58 59 60 61 62 63 64 65 66 67 68 69 70 71 72 73 74 75 76 77 78 79 80 81 82 83 84 85 86 87 88 89 90 91 92 93 94 95 96 97 98 99 0 1 2 3 4 5 6 7 8 9 10 11 12 13 14 15 16 17 18 19 20 21 22 23 24 25 26 27 28 29 30 31 32 33 34 35 36 37 38 39 40 41 42 43 44 45 46 47 48 49 50 51 52 53 54 55 56 57 58 59 60 61 62 63 64 65 66 67 68 69 70 71 72 73 74 75 76 77 78 79 80 81 82 83 84 85 86 87 88 89 90 91 92 93 94 95 96 97 98 99 0 1 2 3 4 5 6 7 8 9 10 11 12 13 14 15 16 17 18 19 20 21 22 23 24 25 26 27 28 29 30 31 32 33 34 35 36 37 38 39 40 41 42 43 44 45 46 47 48 49 50 51 52 53 54 55 56 57 58 59 60 61 62 63 64 65 66 67 68 69 70 71 72 73 74 75 76 77 78 79 80 81 82 83 84 85 86 87 88 89 90 91 92 93 94 95 96 97 98 99 0 1 2 3 4 5 6 7 8 9 10 11 12 13 14 15 16 17 18 19 20 21 22 23 24 25 26 27 28 29 30 31 32 33 34 35 36 37 38 39 40 41 42 43 44 45 46 47 48 49 50 51 52 53 54 55 56 57 58 59 60 61 62 63 64 65 66 67 68 69 70 71 72 73 74 75 76 77 78 79 80 81 82 83 84 85 86 87 88 89 90 91 92 93 94 95 96 97 98 99 0 1 2 3 4 5 6 7 8 9 10 11 12 13 14 15 16 17 18 19 20 21 22 23 24 25 26 27 28 29 30 31 32 33 34 35 36 37 38 39 40 41 42 43 44 45 46 47 48 49 50 51 52 53 54 55 56 57 58 59 60 61 62 63 64 65 66 67 68 69 70 71 72 73 74 75 76 77 78 79 80 81 82 83 84 85 86 87 88 89 90 91 92 93 94 95 96 97 98 99 0 1 2 3 4 5 6 7 8 9 10 11 12 13 14 15 16 17 18 19 20 21 22 23 24 25 26 27 28 29 30 31 32 33 34 35 36 37 38 39 40 41 42 43 44 45 46 47 48 49 50 51 52 53 54 55 56 57 58 59 60 61 62 63 64 65 66 67 68 69 70 71 72 73 74 75 76 77 78 79 80 81 82 83 84 85 86 87 88 89 90 91 92 93 94 95 96 97 98 99 0 1 2 3 4 5 6 7 8 9 10 11 12 13 14 15 16 17 18 19 20 21 22 23 24 25 26 27 28 29 30 31 32 33 34 35 36 37 38 39 40 41 42 43 44 45 46 47 48 49 50 51 52 53 54 55 56 57 58 59 60 61 62 63 64 65 66 67 68 69 70 71 72 73 74 75 76 77 78 79 80 81 82 83 84 85 86 87 88 89 90 91 92 93 94 95 96 97 98 99 0 1 2 3 4 5 6 7 8 9 10 11 12 13 14 15 16 17 18 19 20 21 22 23 24 25 26 27 28 29 30 31 32 33 34 35 36 37 38 39 40 41 42 43 44 45 46 47 48 49 50 51 52 53 54 55 56 57 58 59 60 61 62 63 64 65 66 67 68 69 70 71 72 73 74 75 76 77 78 79 80 81 82 83 84 85 86 87 88 89 90 91 92 93 94 95 96 97 98 99 0 1 2 3 4 5 6 7 8 9 10 11 12 13 14 15 16 17 18 19 20 21 22 23 24 25 26 27 28 29 30 31 32 33 34 35 36 37 38 39 40 41 42 43 44 45 46 47 48 49 50 51 52 53 54 55 56 57 58 59 60 61 62 63 64 65 66 67 68 69 70 71 72 73 74 75 76 77 78 79 80 81 82 83 84 85 86 87 88 89 90 91 92 93 94 95 96 97 98 99 0 1 2 3 4 5 6 7 8 9 10 11 12 13 14 15 16 17 18 19 20 21 22 23 24 25 26 27 28 29 30 31 32 33 34 35 36 37 38 39 40 41 42 43 44 45 46 47 48 49 50 51 52 53 54 55 56 57 58 59 60 61 62 63 64 65 66 67 68 69 70 71 72 73 74 75 76 77 78 79 80 81 82 83 84 85 86 87 88 89 90 91 92 93 94 95 96 97 98 99 0 1 2 3 4 5 6 7 8 9 10 11 12 13 14 15 16 17 18 19 20 21 22 23 24 25 26 27 28 29 30 31 32 33 34 35 36 37 38 39 40 41 42 43 44 45 46 47 48 49 50 51 52 53 54 55 56 57 58 59 60 61 62 63 64 65 66 67 68 69 70 71 72 73 74 75 76 77 78 79 80 81 82 83 84 85 86 87 88 89 90 91 92 93 94 95 96 97 98 99 0 1 2 3 4 5 6 7 8 9 10 11 12 13 14 15 16 17 18 19 20 21 22 23 24 25 26 27 28 29 30 31 32 33 34 35 36 37 38 39 40 41 42 43 44 45 46 47 48 49 50 51 52 53 54 55 56 57 58 59 60 61 62 63 64 65 66 67 68 69 70 71 72 73 74 75 76 77 78 79 80 81 82 83 84 85 86 87 88 89 90 91 92 93 94 95 96 97 98 99 0 1 2 3 4 5 6 7 8 9 10 11 12 13 14 15 16 17 18 19 20 21 22 23 24 25 26 27 28 29 30 31 32 33 34 35 36 37 38 39 40 41 42 43 44 45 46 47 48 49 50 51 52 53 54 55 56 57 58 59 60 61 62 63 64 65 66 67 68 69 70 71 72 73 74 75 76 77 78 79 80 81 82 83 84 85 86 87 88 89 90 91 92 93 94 95 96 97 98 99 0 1 2 3 4 5 6 7 8 9 10 11 12 13 14 15 16 17 18 19 20 21 22 23 24 25 26 27 28 29 30 31 32 33 34 35 36 37 38 39 40 41 42 43 44 45 46 47 48 49 50 51 52 53 54 55 56 57 58 59 60 61 62 63 64 65 66 67 68 69 70 71 72 73 74 75 76 77 78 79 80 81 82 83 84 85 86 87 88 89 90 91 92 93 94 95 96 97 98 99 0 1 2 3 4 5 6 7 8 9 10 11 12 13 14 15 16 17 18 19 20 21 22 23 24 25 26 27 28 29 30 31 32 33 34 35 36 37 38 39 40 41 42 43 44 45 46 47 48 49 50 51 52 53 54 55 56 57 58 59 60 61 62 63 64 65 66 67 68 69 70 71 72 73 74 75 76 77 78 79 80 81 82 83 84 85 86 87 88 89 90 91 92 93 94 95 96 97 98 99 0 1 2 3 4 5 6 7 8 9 10 11 12 13 14 15 16 17 18 19 20 21 22 23 24 25 26 27 28 29 30 31 32 33 34 35 36 37 38 39 40 41 42 43 44 45 46 47 48 49 50 51 52 53 54 55 56 57 58 59 60 61 62 63 64 65 66 67 68 69 70 71 72 73 74 75 76 77 78 79 80 81 82 83 84 85 86 87 88 89 90 91 92 93 94 95 96 97 98 99 0 1 2 3 4 5 6 7 8 9 10 11 12 13 14 15 16 17 18 19 20 21 22 23 24 25 26 27 28 29 30 31 32 33 34 35 36 37 38 39 40 41 42 43 44 45 46 47 48 49 50 51 52 53 54 55 56 57 58 59 60 61 62 63 64 65 66 67 68 69 70 71 72 73 74 75 76 77 78 79 80 81 82 83 84 85 86 87 88 89 90 91 92 93 94 95 96 97 98 99 0 1 2 3 4 5 6 7 8 9 10 11 12 13 14 15 16 17 18 19 20 21 22 23 24 25 26 27 28 29 30 31 32 33 34 35 36 37 38 39 40 41 42 43 44 45 46 47 48 49 50 51 52 53 54 55 56 57 58 59 60 61 62 63 64 65 66 67 68 69 70 71 72 73 74 75 76 77 78 79 80 81 82 83 84 85 86 87 88 89 90 91 92 93 94 95 96 97 98 99 0 1 2 3 4 5 6 7 8 9 10 11 12 13 14 15 16 17 18 19 20 21 22 23 24 25 26 27 28 29 30 31 32 33 34 35 36 37 38 39 40 41 42 43 44 45 46 47 48 49 50 51 52 53 54 55 56 57 58 59 60 61 62 63 64 65 66 67 68 69 70 71 72 73 74 75 76 77 78 79 80 81 82 83 84 85 86 87 88 89 90 91 92 93 94 95 96 97 98 99 0 1 2 3 4 5 6 7 8 9 10 11 12 13 14 15 16 17 18 19 20 21 22 23 24 25 26 27 28 29 30 31 32 33 34 35 36 37 38 39 40 41 42 43 44 45 46 47 48 49 50 51 52 53 54 55 56 57 58 59 60 61 62 63 64 65 66 67 68 69 70 71 72 73 74 75 76 77 78 79 80 81 82 83 84 85 86 87 88 89 90 91 92 93 94 95 96 97 98 99 0 1 2 3 4 5 6 7 8 9 10 11 12 13 14 15 16 17 18 19 20 21 22 23 24 25 26 27 28 29 30 31 32 33 34 35 36 37 38 39 40 41 42 43 44 45 46 47 48 49 50 51 52 53 54 55 56 57 58 59 60 61 62 63 64 65 66 67 68 69 70 71 72 73 74 75 76 77 78 79 80 81 82 83 84 85 86 87 88 89 90 91 92 93 94 95 96 97 98 99 0 1 2 3 4 5 6 7 8 9 10 11 12 13 14 15 16 17 18 19 20 21 22 23 24 25 26 27 28 29 30 31 32 33 34 35 36 37 38 39 40 41 42 43 44 45 46 47 48 49 50 51 52 53 54 55 56 57 58 59 60 61 62 63 64 65 66 67 68 69 70 71 72 73 74 75 76 77 78 79 80 81 82 83 84 85 86 87 88 89 90 91 92 93 94 95 96 97 98 99 0 1 2 3 4 5 6 7 8 9 10 11 12 13 14 15 16 17 18 19 20 21 22 23 24 25 26 27 28 29 30 31 32 33 34 35 36 37 38 39 40 41 42 43 44 45 46 47 48 49 50 51 52 53 54 55 56 57 58 59 60 61 62 63 64 65 66 67 68 69 70 71 72 73 74 75 76 77 78 79 80 81 82 83 84 85 86 87 88 89 90 91 92 93 94 95 96 97 98 99 0 1 2 3 4 5 6 7 8 9 10 11 12 13 14 15 16 17 18 19 20 21 22 23 24 25 26 27 28 29 30 31 32 33 34 35 36 37 38 39 40 41 42 43 44 45 46 47 48 49 50 51 52 53 54 55 56 57 58 59 60 61 62 63 64 65 66 67 68 69 70 71 72 73 74 75 76 77 78 79 80 81 82 83 84 85 86 87 88 89 90 91 92 93 94 95 96 97 98 99 0 1 2 3 4 5 6 7 8 9 10 11 12 13 14 15 16 17 18 19 20 21 22 23 24 25 26 27 28 29 30 31 32 33 34 35 36 37 38 39 40 41 42 43 44 45 46 47 48 49 50 51 52 53 54 55 56 57 58 59 60 61 62 63 64 65 66 67 68 69 70 71 72 73 74 75 76 77 78 79 80 81 82 83 84 85 86 87 88 89 90 91 92 93 94 95 96 97 98 99 0 1 2 3 4 5 6 7 8 9 10 11 12 13 14 15 16 17 18 19 20 21 22 23 24 25 26 27 28 29 30 31 32 33 34 35 36 37 38 39 40 41 42 43 44 45 46 47 48 49 50 51 52 53 54 55 56 57 58 59 60 61 62 63 64 65 66 67 68 69 70 71 72 73 74 75 76 77 78 79 80 81 82 83 84 85 86 87 88 89 90 91 92 93 94 95 96 97 98 99 0 1 2 3 4 5 6 7 8 9 10 11 12 13 14 15 16 17 18 19 20 21 22 23 24 25 26 27 28 29 30 31 32 33 34 35 36 37 38 39 40 41 42 43 44 45 46 47 48 49 50 51 52 53 54 55 56 57 58 59 60 61 62 63 64 65 66 67 68 69 70 71 72 73 74 75 76 77 78 79 80 81 82 83 84 85 86 87 88 89 90 91 92 93 94 95 96 97 98 99 0 1 2 3 4 5 6 7 8 9 10 11 12 13 14 15 16 17 18 19 20 21 22 23 24 25 26 27 28 29 30 31 32 33 34 35 36 37 38 39 40 41 42 43 44 45 46 47 48 49 50 51 52 53 54 55 56 57 58 59 60 61 62 63 64 65 66 67 68 69 70 71 72 73 74 75 76 77 78 79 80 81 82 83 84 85 86 87 88 89 90 91 92 93 94 95 96 97 98 99 0 1 2 3 4 5 6 7 8 9 10 11 12 13 14 15 16 17 18 19 20 21 22 23 24 25 26 27 28 29 30 31 32 33 34 35 36 37 38 39 40 41 42 43 44 45 46 47 48 49 50 51 52 53 54 55 56 57 58 59 60 61 62 63 64 65 66 67 68 69 70 71 72 73 74 75 76 77 78 79 80 81 82 83 84 85 86 87 88 89 90 91 92 93 94 95 96 97 98 99 0 1 2 3 4 5 6 7 8 9 10 11 12 13 14 15 16 17 18 19 20 21 22 23 24 25 26 27 28 29 30 31 32 33 34 35 36 37 38 39 40 41 42 43 44 45 46 47 48 49 50 51 52 53 54 55 56 57 58 59 60 61 62 63 64 65 66 67 68 69 70 71 72 73 74 75 76 77 78 79 80 81 82 83 84 85 86 87 88 89 90 91 92 93 94 95 96 97 98 99 0 1 2 3 4 5 6 7 8 9 10 11 12 13 14 15 16 17 18 19 20 21 22 23 24 25 26 27 28 29 30 31 32 33 34 35 36 37 38 39 40 41 42 43 44 45 46 47 48 49 50 51 52 53 54 55 56 57 58 59 60 61 62 63 64 65 66 67 68 69 70 71 72 73 74 75 76 77 78 79 80 81 82 83 84 85 86 87 88 89 90 91 92 93 94 95 96 97 98 99 0 1 2 3 4 5 6 7 8 9 10 11 12 13 14 15 16 17 18 19 20 21 22 23 24 25 26 27 28 29 30 31 32 33 34 35 36 37 38 39 40 41 42 43 44 45 46 47 48 49 50 51 52 53 54 55 56 57 58 59 60 61 62 63 64 65 66 67 68 69 70 71 72 73 74 75 76 77 78 79 80 81 82 83 84 85 86 87 88 89 90 91 92 93 94 95 96 97 98 99 0 1 2 3 4 5 6 7 8 9 10 11 12 13 14 15 16 17 18 19 20 21 22 23 24 25 26 27 28 29 30 31 32 33 34 35 36 37 38 39 40 41 42 43 44 45 46 47 48 49 50 51 52 53 54 55 56 57 58 59 60 61 62 63 64 65 66 67 68 69 70 71 72 73 74 75 76 77 78 79 80 81 82 83 84 85 86 87 88 89 90 91 92 93 94 95 96 97 98 99 
</Matrix>
   <Matrix name="yloc" type="complete" rows="1" columns="10000" multiplier="1.0">
   0 0 0 0 0 0 0 0 0 0 0 0 0 0 0 0 0 0 0 0 0 0 0 0 0 0 0 0 0 0 0 0 0 0 0 0 0 0 0 0 0 0 0 0 0 0 0 0 0 0 0 0 0 0 0 0 0 0 0 0 0 0 0 0 0 0 0 0 0 0 0 0 0 0 0 0 0 0 0 0 0 0 0 0 0 0 0 0 0 0 0 0 0 0 0 0 0 0 0 0 1 1 1 1 1 1 1 1 1 1 1 1 1 1 1 1 1 1 1 1 1 1 1 1 1 1 1 1 1 1 1 1 1 1 1 1 1 1 1 1 1 1 1 1 1 1 1 1 1 1 1 1 1 1 1 1 1 1 1 1 1 1 1 1 1 1 1 1 1 1 1 1 1 1 1 1 1 1 1 1 1 1 1 1 1 1 1 1 1 1 1 1 1 1 1 1 1 1 1 1 2 2 2 2 2 2 2 2 2 2 2 2 2 2 2 2 2 2 2 2 2 2 2 2 2 2 2 2 2 2 2 2 2 2 2 2 2 2 2 2 2 2 2 2 2 2 2 2 2 2 2 2 2 2 2 2 2 2 2 2 2 2 2 2 2 2 2 2 2 2 2 2 2 2 2 2 2 2 2 2 2 2 2 2 2 2 2 2 2 2 2 2 2 2 2 2 2 2 2 2 3 3 3 3 3 3 3 3 3 3 3 3 3 3 3 3 3 3 3 3 3 3 3 3 3 3 3 3 3 3 3 3 3 3 3 3 3 3 3 3 3 3 3 3 3 3 3 3 3 3 3 3 3 3 3 3 3 3 3 3 3 3 3 3 3 3 3 3 3 3 3 3 3 3 3 3 3 3 3 3 3 3 3 3 3 3 3 3 3 3 3 3 3 3 3 3 3 3 3 3 4 4 4 4 4 4 4 4 4 4 4 4 4 4 4 4 4 4 4 4 4 4 4 4 4 4 4 4 4 4 4 4 4 4 4 4 4 4 4 4 4 4 4 4 4 4 4 4 4 4 4 4 4 4 4 4 4 4 4 4 4 4 4 4 4 4 4 4 4 4 4 4 4 4 4 4 4 4 4 4 4 4 4 4 4 4 4 4 4 4 4 4 4 4 4 4 4 4 4 4 5 5 5 5 5 5 5 5 5 5 5 5 5 5 5 5 5 5 5 5 5 5 5 5 5 5 5 5 5 5 5 5 5 5 5 5 5 5 5 5 5 5 5 5 5 5 5 5 5 5 5 5 5 5 5 5 5 5 5 5 5 5 5 5 5 5 5 5 5 5 5 5 5 5 5 5 5 5 5 5 5 5 5 5 5 5 5 5 5 5 5 5 5 5 5 5 5 5 5 5 6 6 6 6 6 6 6 6 6 6 6 6 6 6 6 6 6 6 6 6 6 6 6 6 6 6 6 6 6 6 6 6 6 6 6 6 6 6 6 6 6 6 6 6 6 6 6 6 6 6 6 6 6 6 6 6 6 6 6 6 6 6 6 6 6 6 6 6 6 6 6 6 6 6 6 6 6 6 6 6 6 6 6 6 6 6 6 6 6 6 6 6 6 6 6 6 6 6 6 6 7 7 7 7 7 7 7 7 7 7 7 7 7 7 7 7 7 7 7 7 7 7 7 7 7 7 7 7 7 7 7 7 7 7 7 7 7 7 7 7 7 7 7 7 7 7 7 7 7 7 7 7 7 7 7 7 7 7 7 7 7 7 7 7 7 7 7 7 7 7 7 7 7 7 7 7 7 7 7 7 7 7 7 7 7 7 7 7 7 7 7 7 7 7 7 7 7 7 7 7 8 8 8 8 8 8 8 8 8 8 8 8 8 8 8 8 8 8 8 8 8 8 8 8 8 8 8 8 8 8 8 8 8 8 8 8 8 8 8 8 8 8 8 8 8 8 8 8 8 8 8 8 8 8 8 8 8 8 8 8 8 8 8 8 8 8 8 8 8 8 8 8 8 8 8 8 8 8 8 8 8 8 8 8 8 8 8 8 8 8 8 8 8 8 8 8 8 8 8 8 9 9 9 9 9 9 9 9 9 9 9 9 9 9 9 9 9 9 9 9 9 9 9 9 9 9 9 9 9 9 9 9 9 9 9 9 9 9 9 9 9 9 9 9 9 9 9 9 9 9 9 9 9 9 9 9 9 9 9 9 9 9 9 9 9 9 9 9 9 9 9 9 9 9 9 9 9 9 9 9 9 9 9 9 9 9 9 9 9 9 9 9 9 9 9 9 9 9 9 9 10 10 10 10 10 10 10 10 10 10 10 10 10 10 10 10 10 10 10 10 10 10 10 10 10 10 10 10 10 10 10 10 10 10 10 10 10 10 10 10 10 10 10 10 10 10 10 10 10 10 10 10 10 10 10 10 10 10 10 10 10 10 10 10 10 10 10 10 10 10 10 10 10 10 10 10 10 10 10 10 10 10 10 10 10 10 10 10 10 10 10 10 10 10 10 10 10 10 10 10 11 11 11 11 11 11 11 11 11 11 11 11 11 11 11 11 11 11 11 11 11 11 11 11 11 11 11 11 11 11 11 11 11 11 11 11 11 11 11 11 11 11 11 11 11 11 11 11 11 11 11 11 11 11 11 11 11 11 11 11 11 11 11 11 11 11 11 11 11 11 11 11 11 11 11 11 11 11 11 11 11 11 11 11 11 11 11 11 11 11 11 11 11 11 11 11 11 11 11 11 12 12 12 12 12 12 12 12 12 12 12 12 12 12 12 12 12 12 12 12 12 12 12 12 12 12 12 12 12 12 12 12 12 12 12 12 12 12 12 12 12 12 12 12 12 12 12 12 12 12 12 12 12 12 12 12 12 12 12 12 12 12 12 12 12 12 12 12 12 12 12 12 12 12 12 12 12 12 12 12 12 12 12 12 12 12 12 12 12 12 12 12 12 12 12 12 12 12 12 12 13 13 13 13 13 13 13 13 13 13 13 13 13 13 13 13 13 13 13 13 13 13 13 13 13 13 13 13 13 13 13 13 13 13 13 13 13 13 13 13 13 13 13 13 13 13 13 13 13 13 13 13 13 13 13 13 13 13 13 13 13 13 13 13 13 13 13 13 13 13 13 13 13 13 13 13 13 13 13 13 13 13 13 13 13 13 13 13 13 13 13 13 13 13 13 13 13 13 13 13 14 14 14 14 14 14 14 14 14 14 14 14 14 14 14 14 14 14 14 14 14 14 14 14 14 14 14 14 14 14 14 14 14 14 14 14 14 14 14 14 14 14 14 14 14 14 14 14 14 14 14 14 14 14 14 14 14 14 14 14 14 14 14 14 14 14 14 14 14 14 14 14 14 14 14 14 14 14 14 14 14 14 14 14 14 14 14 14 14 14 14 14 14 14 14 14 14 14 14 14 15 15 15 15 15 15 15 15 15 15 15 15 15 15 15 15 15 15 15 15 15 15 15 15 15 15 15 15 15 15 15 15 15 15 15 15 15 15 15 15 15 15 15 15 15 15 15 15 15 15 15 15 15 15 15 15 15 15 15 15 15 15 15 15 15 15 15 15 15 15 15 15 15 15 15 15 15 15 15 15 15 15 15 15 15 15 15 15 15 15 15 15 15 15 15 15 15 15 15 15 16 16 16 16 16 16 16 16 16 16 16 16 16 16 16 16 16 16 16 16 16 16 16 16 16 16 16 16 16 16 16 16 16 16 16 16 16 16 16 16 16 16 16 16 16 16 16 16 16 16 16 16 16 16 16 16 16 16 16 16 16 16 16 16 16 16 16 16 16 16 16 16 16 16 16 16 16 16 16 16 16 16 16 16 16 16 16 16 16 16 16 16 16 16 16 16 16 16 16 16 17 17 17 17 17 17 17 17 17 17 17 17 17 17 17 17 17 17 17 17 17 17 17 17 17 17 17 17 17 17 17 17 17 17 17 17 17 17 17 17 17 17 17 17 17 17 17 17 17 17 17 17 17 17 17 17 17 17 17 17 17 17 17 17 17 17 17 17 17 17 17 17 17 17 17 17 17 17 17 17 17 17 17 17 17 17 17 17 17 17 17 17 17 17 17 17 17 17 17 17 18 18 18 18 18 18 18 18 18 18 18 18 18 18 18 18 18 18 18 18 18 18 18 18 18 18 18 18 18 18 18 18 18 18 18 18 18 18 18 18 18 18 18 18 18 18 18 18 18 18 18 18 18 18 18 18 18 18 18 18 18 18 18 18 18 18 18 18 18 18 18 18 18 18 18 18 18 18 18 18 18 18 18 18 18 18 18 18 18 18 18 18 18 18 18 18 18 18 18 18 19 19 19 19 19 19 19 19 19 19 19 19 19 19 19 19 19 19 19 19 19 19 19 19 19 19 19 19 19 19 19 19 19 19 19 19 19 19 19 19 19 19 19 19 19 19 19 19 19 19 19 19 19 19 19 19 19 19 19 19 19 19 19 19 19 19 19 19 19 19 19 19 19 19 19 19 19 19 19 19 19 19 19 19 19 19 19 19 19 19 19 19 19 19 19 19 19 19 19 19 20 20 20 20 20 20 20 20 20 20 20 20 20 20 20 20 20 20 20 20 20 20 20 20 20 20 20 20 20 20 20 20 20 20 20 20 20 20 20 20 20 20 20 20 20 20 20 20 20 20 20 20 20 20 20 20 20 20 20 20 20 20 20 20 20 20 20 20 20 20 20 20 20 20 20 20 20 20 20 20 20 20 20 20 20 20 20 20 20 20 20 20 20 20 20 20 20 20 20 20 21 21 21 21 21 21 21 21 21 21 21 21 21 21 21 21 21 21 21 21 21 21 21 21 21 21 21 21 21 21 21 21 21 21 21 21 21 21 21 21 21 21 21 21 21 21 21 21 21 21 21 21 21 21 21 21 21 21 21 21 21 21 21 21 21 21 21 21 21 21 21 21 21 21 21 21 21 21 21 21 21 21 21 21 21 21 21 21 21 21 21 21 21 21 21 21 21 21 21 21 22 22 22 22 22 22 22 22 22 22 22 22 22 22 22 22 22 22 22 22 22 22 22 22 22 22 22 22 22 22 22 22 22 22 22 22 22 22 22 22 22 22 22 22 22 22 22 22 22 22 22 22 22 22 22 22 22 22 22 22 22 22 22 22 22 22 22 22 22 22 22 22 22 22 22 22 22 22 22 22 22 22 22 22 22 22 22 22 22 22 22 22 22 22 22 22 22 22 22 22 23 23 23 23 23 23 23 23 23 23 23 23 23 23 23 23 23 23 23 23 23 23 23 23 23 23 23 23 23 23 23 23 23 23 23 23 23 23 23 23 23 23 23 23 23 23 23 23 23 23 23 23 23 23 23 23 23 23 23 23 23 23 23 23 23 23 23 23 23 23 23 23 23 23 23 23 23 23 23 23 23 23 23 23 23 23 23 23 23 23 23 23 23 23 23 23 23 23 23 23 24 24 24 24 24 24 24 24 24 24 24 24 24 24 24 24 24 24 24 24 24 24 24 24 24 24 24 24 24 24 24 24 24 24 24 24 24 24 24 24 24 24 24 24 24 24 24 24 24 24 24 24 24 24 24 24 24 24 24 24 24 24 24 24 24 24 24 24 24 24 24 24 24 24 24 24 24 24 24 24 24 24 24 24 24 24 24 24 24 24 24 24 24 24 24 24 24 24 24 24 25 25 25 25 25 25 25 25 25 25 25 25 25 25 25 25 25 25 25 25 25 25 25 25 25 25 25 25 25 25 25 25 25 25 25 25 25 25 25 25 25 25 25 25 25 25 25 25 25 25 25 25 25 25 25 25 25 25 25 25 25 25 25 25 25 25 25 25 25 25 25 25 25 25 25 25 25 25 25 25 25 25 25 25 25 25 25 25 25 25 25 25 25 25 25 25 25 25 25 25 26 26 26 26 26 26 26 26 26 26 26 26 26 26 26 26 26 26 26 26 26 26 26 26 26 26 26 26 26 26 26 26 26 26 26 26 26 26 26 26 26 26 26 26 26 26 26 26 26 26 26 26 26 26 26 26 26 26 26 26 26 26 26 26 26 26 26 26 26 26 26 26 26 26 26 26 26 26 26 26 26 26 26 26 26 26 26 26 26 26 26 26 26 26 26 26 26 26 26 26 27 27 27 27 27 27 27 27 27 27 27 27 27 27 27 27 27 27 27 27 27 27 27 27 27 27 27 27 27 27 27 27 27 27 27 27 27 27 27 27 27 27 27 27 27 27 27 27 27 27 27 27 27 27 27 27 27 27 27 27 27 27 27 27 27 27 27 27 27 27 27 27 27 27 27 27 27 27 27 27 27 27 27 27 27 27 27 27 27 27 27 27 27 27 27 27 27 27 27 27 28 28 28 28 28 28 28 28 28 28 28 28 28 28 28 28 28 28 28 28 28 28 28 28 28 28 28 28 28 28 28 28 28 28 28 28 28 28 28 28 28 28 28 28 28 28 28 28 28 28 28 28 28 28 28 28 28 28 28 28 28 28 28 28 28 28 28 28 28 28 28 28 28 28 28 28 28 28 28 28 28 28 28 28 28 28 28 28 28 28 28 28 28 28 28 28 28 28 28 28 29 29 29 29 29 29 29 29 29 29 29 29 29 29 29 29 29 29 29 29 29 29 29 29 29 29 29 29 29 29 29 29 29 29 29 29 29 29 29 29 29 29 29 29 29 29 29 29 29 29 29 29 29 29 29 29 29 29 29 29 29 29 29 29 29 29 29 29 29 29 29 29 29 29 29 29 29 29 29 29 29 29 29 29 29 29 29 29 29 29 29 29 29 29 29 29 29 29 29 29 30 30 30 30 30 30 30 30 30 30 30 30 30 30 30 30 30 30 30 30 30 30 30 30 30 30 30 30 30 30 30 30 30 30 30 30 30 30 30 30 30 30 30 30 30 30 30 30 30 30 30 30 30 30 30 30 30 30 30 30 30 30 30 30 30 30 30 30 30 30 30 30 30 30 30 30 30 30 30 30 30 30 30 30 30 30 30 30 30 30 30 30 30 30 30 30 30 30 30 30 31 31 31 31 31 31 31 31 31 31 31 31 31 31 31 31 31 31 31 31 31 31 31 31 31 31 31 31 31 31 31 31 31 31 31 31 31 31 31 31 31 31 31 31 31 31 31 31 31 31 31 31 31 31 31 31 31 31 31 31 31 31 31 31 31 31 31 31 31 31 31 31 31 31 31 31 31 31 31 31 31 31 31 31 31 31 31 31 31 31 31 31 31 31 31 31 31 31 31 31 32 32 32 32 32 32 32 32 32 32 32 32 32 32 32 32 32 32 32 32 32 32 32 32 32 32 32 32 32 32 32 32 32 32 32 32 32 32 32 32 32 32 32 32 32 32 32 32 32 32 32 32 32 32 32 32 32 32 32 32 32 32 32 32 32 32 32 32 32 32 32 32 32 32 32 32 32 32 32 32 32 32 32 32 32 32 32 32 32 32 32 32 32 32 32 32 32 32 32 32 33 33 33 33 33 33 33 33 33 33 33 33 33 33 33 33 33 33 33 33 33 33 33 33 33 33 33 33 33 33 33 33 33 33 33 33 33 33 33 33 33 33 33 33 33 33 33 33 33 33 33 33 33 33 33 33 33 33 33 33 33 33 33 33 33 33 33 33 33 33 33 33 33 33 33 33 33 33 33 33 33 33 33 33 33 33 33 33 33 33 33 33 33 33 33 33 33 33 33 33 34 34 34 34 34 34 34 34 34 34 34 34 34 34 34 34 34 34 34 34 34 34 34 34 34 34 34 34 34 34 34 34 34 34 34 34 34 34 34 34 34 34 34 34 34 34 34 34 34 34 34 34 34 34 34 34 34 34 34 34 34 34 34 34 34 34 34 34 34 34 34 34 34 34 34 34 34 34 34 34 34 34 34 34 34 34 34 34 34 34 34 34 34 34 34 34 34 34 34 34 35 35 35 35 35 35 35 35 35 35 35 35 35 35 35 35 35 35 35 35 35 35 35 35 35 35 35 35 35 35 35 35 35 35 35 35 35 35 35 35 35 35 35 35 35 35 35 35 35 35 35 35 35 35 35 35 35 35 35 35 35 35 35 35 35 35 35 35 35 35 35 35 35 35 35 35 35 35 35 35 35 35 35 35 35 35 35 35 35 35 35 35 35 35 35 35 35 35 35 35 36 36 36 36 36 36 36 36 36 36 36 36 36 36 36 36 36 36 36 36 36 36 36 36 36 36 36 36 36 36 36 36 36 36 36 36 36 36 36 36 36 36 36 36 36 36 36 36 36 36 36 36 36 36 36 36 36 36 36 36 36 36 36 36 36 36 36 36 36 36 36 36 36 36 36 36 36 36 36 36 36 36 36 36 36 36 36 36 36 36 36 36 36 36 36 36 36 36 36 36 37 37 37 37 37 37 37 37 37 37 37 37 37 37 37 37 37 37 37 37 37 37 37 37 37 37 37 37 37 37 37 37 37 37 37 37 37 37 37 37 37 37 37 37 37 37 37 37 37 37 37 37 37 37 37 37 37 37 37 37 37 37 37 37 37 37 37 37 37 37 37 37 37 37 37 37 37 37 37 37 37 37 37 37 37 37 37 37 37 37 37 37 37 37 37 37 37 37 37 37 38 38 38 38 38 38 38 38 38 38 38 38 38 38 38 38 38 38 38 38 38 38 38 38 38 38 38 38 38 38 38 38 38 38 38 38 38 38 38 38 38 38 38 38 38 38 38 38 38 38 38 38 38 38 38 38 38 38 38 38 38 38 38 38 38 38 38 38 38 38 38 38 38 38 38 38 38 38 38 38 38 38 38 38 38 38 38 38 38 38 38 38 38 38 38 38 38 38 38 38 39 39 39 39 39 39 39 39 39 39 39 39 39 39 39 39 39 39 39 39 39 39 39 39 39 39 39 39 39 39 39 39 39 39 39 39 39 39 39 39 39 39 39 39 39 39 39 39 39 39 39 39 39 39 39 39 39 39 39 39 39 39 39 39 39 39 39 39 39 39 39 39 39 39 39 39 39 39 39 39 39 39 39 39 39 39 39 39 39 39 39 39 39 39 39 39 39 39 39 39 40 40 40 40 40 40 40 40 40 40 40 40 40 40 40 40 40 40 40 40 40 40 40 40 40 40 40 40 40 40 40 40 40 40 40 40 40 40 40 40 40 40 40 40 40 40 40 40 40 40 40 40 40 40 40 40 40 40 40 40 40 40 40 40 40 40 40 40 40 40 40 40 40 40 40 40 40 40 40 40 40 40 40 40 40 40 40 40 40 40 40 40 40 40 40 40 40 40 40 40 41 41 41 41 41 41 41 41 41 41 41 41 41 41 41 41 41 41 41 41 41 41 41 41 41 41 41 41 41 41 41 41 41 41 41 41 41 41 41 41 41 41 41 41 41 41 41 41 41 41 41 41 41 41 41 41 41 41 41 41 41 41 41 41 41 41 41 41 41 41 41 41 41 41 41 41 41 41 41 41 41 41 41 41 41 41 41 41 41 41 41 41 41 41 41 41 41 41 41 41 42 42 42 42 42 42 42 42 42 42 42 42 42 42 42 42 42 42 42 42 42 42 42 42 42 42 42 42 42 42 42 42 42 42 42 42 42 42 42 42 42 42 42 42 42 42 42 42 42 42 42 42 42 42 42 42 42 42 42 42 42 42 42 42 42 42 42 42 42 42 42 42 42 42 42 42 42 42 42 42 42 42 42 42 42 42 42 42 42 42 42 42 42 42 42 42 42 42 42 42 43 43 43 43 43 43 43 43 43 43 43 43 43 43 43 43 43 43 43 43 43 43 43 43 43 43 43 43 43 43 43 43 43 43 43 43 43 43 43 43 43 43 43 43 43 43 43 43 43 43 43 43 43 43 43 43 43 43 43 43 43 43 43 43 43 43 43 43 43 43 43 43 43 43 43 43 43 43 43 43 43 43 43 43 43 43 43 43 43 43 43 43 43 43 43 43 43 43 43 43 44 44 44 44 44 44 44 44 44 44 44 44 44 44 44 44 44 44 44 44 44 44 44 44 44 44 44 44 44 44 44 44 44 44 44 44 44 44 44 44 44 44 44 44 44 44 44 44 44 44 44 44 44 44 44 44 44 44 44 44 44 44 44 44 44 44 44 44 44 44 44 44 44 44 44 44 44 44 44 44 44 44 44 44 44 44 44 44 44 44 44 44 44 44 44 44 44 44 44 44 45 45 45 45 45 45 45 45 45 45 45 45 45 45 45 45 45 45 45 45 45 45 45 45 45 45 45 45 45 45 45 45 45 45 45 45 45 45 45 45 45 45 45 45 45 45 45 45 45 45 45 45 45 45 45 45 45 45 45 45 45 45 45 45 45 45 45 45 45 45 45 45 45 45 45 45 45 45 45 45 45 45 45 45 45 45 45 45 45 45 45 45 45 45 45 45 45 45 45 45 46 46 46 46 46 46 46 46 46 46 46 46 46 46 46 46 46 46 46 46 46 46 46 46 46 46 46 46 46 46 46 46 46 46 46 46 46 46 46 46 46 46 46 46 46 46 46 46 46 46 46 46 46 46 46 46 46 46 46 46 46 46 46 46 46 46 46 46 46 46 46 46 46 46 46 46 46 46 46 46 46 46 46 46 46 46 46 46 46 46 46 46 46 46 46 46 46 46 46 46 47 47 47 47 47 47 47 47 47 47 47 47 47 47 47 47 47 47 47 47 47 47 47 47 47 47 47 47 47 47 47 47 47 47 47 47 47 47 47 47 47 47 47 47 47 47 47 47 47 47 47 47 47 47 47 47 47 47 47 47 47 47 47 47 47 47 47 47 47 47 47 47 47 47 47 47 47 47 47 47 47 47 47 47 47 47 47 47 47 47 47 47 47 47 47 47 47 47 47 47 48 48 48 48 48 48 48 48 48 48 48 48 48 48 48 48 48 48 48 48 48 48 48 48 48 48 48 48 48 48 48 48 48 48 48 48 48 48 48 48 48 48 48 48 48 48 48 48 48 48 48 48 48 48 48 48 48 48 48 48 48 48 48 48 48 48 48 48 48 48 48 48 48 48 48 48 48 48 48 48 48 48 48 48 48 48 48 48 48 48 48 48 48 48 48 48 48 48 48 48 49 49 49 49 49 49 49 49 49 49 49 49 49 49 49 49 49 49 49 49 49 49 49 49 49 49 49 49 49 49 49 49 49 49 49 49 49 49 49 49 49 49 49 49 49 49 49 49 49 49 49 49 49 49 49 49 49 49 49 49 49 49 49 49 49 49 49 49 49 49 49 49 49 49 49 49 49 49 49 49 49 49 49 49 49 49 49 49 49 49 49 49 49 49 49 49 49 49 49 49 50 50 50 50 50 50 50 50 50 50 50 50 50 50 50 50 50 50 50 50 50 50 50 50 50 50 50 50 50 50 50 50 50 50 50 50 50 50 50 50 50 50 50 50 50 50 50 50 50 50 50 50 50 50 50 50 50 50 50 50 50 50 50 50 50 50 50 50 50 50 50 50 50 50 50 50 50 50 50 50 50 50 50 50 50 50 50 50 50 50 50 50 50 50 50 50 50 50 50 50 51 51 51 51 51 51 51 51 51 51 51 51 51 51 51 51 51 51 51 51 51 51 51 51 51 51 51 51 51 51 51 51 51 51 51 51 51 51 51 51 51 51 51 51 51 51 51 51 51 51 51 51 51 51 51 51 51 51 51 51 51 51 51 51 51 51 51 51 51 51 51 51 51 51 51 51 51 51 51 51 51 51 51 51 51 51 51 51 51 51 51 51 51 51 51 51 51 51 51 51 52 52 52 52 52 52 52 52 52 52 52 52 52 52 52 52 52 52 52 52 52 52 52 52 52 52 52 52 52 52 52 52 52 52 52 52 52 52 52 52 52 52 52 52 52 52 52 52 52 52 52 52 52 52 52 52 52 52 52 52 52 52 52 52 52 52 52 52 52 52 52 52 52 52 52 52 52 52 52 52 52 52 52 52 52 52 52 52 52 52 52 52 52 52 52 52 52 52 52 52 53 53 53 53 53 53 53 53 53 53 53 53 53 53 53 53 53 53 53 53 53 53 53 53 53 53 53 53 53 53 53 53 53 53 53 53 53 53 53 53 53 53 53 53 53 53 53 53 53 53 53 53 53 53 53 53 53 53 53 53 53 53 53 53 53 53 53 53 53 53 53 53 53 53 53 53 53 53 53 53 53 53 53 53 53 53 53 53 53 53 53 53 53 53 53 53 53 53 53 53 54 54 54 54 54 54 54 54 54 54 54 54 54 54 54 54 54 54 54 54 54 54 54 54 54 54 54 54 54 54 54 54 54 54 54 54 54 54 54 54 54 54 54 54 54 54 54 54 54 54 54 54 54 54 54 54 54 54 54 54 54 54 54 54 54 54 54 54 54 54 54 54 54 54 54 54 54 54 54 54 54 54 54 54 54 54 54 54 54 54 54 54 54 54 54 54 54 54 54 54 55 55 55 55 55 55 55 55 55 55 55 55 55 55 55 55 55 55 55 55 55 55 55 55 55 55 55 55 55 55 55 55 55 55 55 55 55 55 55 55 55 55 55 55 55 55 55 55 55 55 55 55 55 55 55 55 55 55 55 55 55 55 55 55 55 55 55 55 55 55 55 55 55 55 55 55 55 55 55 55 55 55 55 55 55 55 55 55 55 55 55 55 55 55 55 55 55 55 55 55 56 56 56 56 56 56 56 56 56 56 56 56 56 56 56 56 56 56 56 56 56 56 56 56 56 56 56 56 56 56 56 56 56 56 56 56 56 56 56 56 56 56 56 56 56 56 56 56 56 56 56 56 56 56 56 56 56 56 56 56 56 56 56 56 56 56 56 56 56 56 56 56 56 56 56 56 56 56 56 56 56 56 56 56 56 56 56 56 56 56 56 56 56 56 56 56 56 56 56 56 57 57 57 57 57 57 57 57 57 57 57 57 57 57 57 57 57 57 57 57 57 57 57 57 57 57 57 57 57 57 57 57 57 57 57 57 57 57 57 57 57 57 57 57 57 57 57 57 57 57 57 57 57 57 57 57 57 57 57 57 57 57 57 57 57 57 57 57 57 57 57 57 57 57 57 57 57 57 57 57 57 57 57 57 57 57 57 57 57 57 57 57 57 57 57 57 57 57 57 57 58 58 58 58 58 58 58 58 58 58 58 58 58 58 58 58 58 58 58 58 58 58 58 58 58 58 58 58 58 58 58 58 58 58 58 58 58 58 58 58 58 58 58 58 58 58 58 58 58 58 58 58 58 58 58 58 58 58 58 58 58 58 58 58 58 58 58 58 58 58 58 58 58 58 58 58 58 58 58 58 58 58 58 58 58 58 58 58 58 58 58 58 58 58 58 58 58 58 58 58 59 59 59 59 59 59 59 59 59 59 59 59 59 59 59 59 59 59 59 59 59 59 59 59 59 59 59 59 59 59 59 59 59 59 59 59 59 59 59 59 59 59 59 59 59 59 59 59 59 59 59 59 59 59 59 59 59 59 59 59 59 59 59 59 59 59 59 59 59 59 59 59 59 59 59 59 59 59 59 59 59 59 59 59 59 59 59 59 59 59 59 59 59 59 59 59 59 59 59 59 60 60 60 60 60 60 60 60 60 60 60 60 60 60 60 60 60 60 60 60 60 60 60 60 60 60 60 60 60 60 60 60 60 60 60 60 60 60 60 60 60 60 60 60 60 60 60 60 60 60 60 60 60 60 60 60 60 60 60 60 60 60 60 60 60 60 60 60 60 60 60 60 60 60 60 60 60 60 60 60 60 60 60 60 60 60 60 60 60 60 60 60 60 60 60 60 60 60 60 60 61 61 61 61 61 61 61 61 61 61 61 61 61 61 61 61 61 61 61 61 61 61 61 61 61 61 61 61 61 61 61 61 61 61 61 61 61 61 61 61 61 61 61 61 61 61 61 61 61 61 61 61 61 61 61 61 61 61 61 61 61 61 61 61 61 61 61 61 61 61 61 61 61 61 61 61 61 61 61 61 61 61 61 61 61 61 61 61 61 61 61 61 61 61 61 61 61 61 61 61 62 62 62 62 62 62 62 62 62 62 62 62 62 62 62 62 62 62 62 62 62 62 62 62 62 62 62 62 62 62 62 62 62 62 62 62 62 62 62 62 62 62 62 62 62 62 62 62 62 62 62 62 62 62 62 62 62 62 62 62 62 62 62 62 62 62 62 62 62 62 62 62 62 62 62 62 62 62 62 62 62 62 62 62 62 62 62 62 62 62 62 62 62 62 62 62 62 62 62 62 63 63 63 63 63 63 63 63 63 63 63 63 63 63 63 63 63 63 63 63 63 63 63 63 63 63 63 63 63 63 63 63 63 63 63 63 63 63 63 63 63 63 63 63 63 63 63 63 63 63 63 63 63 63 63 63 63 63 63 63 63 63 63 63 63 63 63 63 63 63 63 63 63 63 63 63 63 63 63 63 63 63 63 63 63 63 63 63 63 63 63 63 63 63 63 63 63 63 63 63 64 64 64 64 64 64 64 64 64 64 64 64 64 64 64 64 64 64 64 64 64 64 64 64 64 64 64 64 64 64 64 64 64 64 64 64 64 64 64 64 64 64 64 64 64 64 64 64 64 64 64 64 64 64 64 64 64 64 64 64 64 64 64 64 64 64 64 64 64 64 64 64 64 64 64 64 64 64 64 64 64 64 64 64 64 64 64 64 64 64 64 64 64 64 64 64 64 64 64 64 65 65 65 65 65 65 65 65 65 65 65 65 65 65 65 65 65 65 65 65 65 65 65 65 65 65 65 65 65 65 65 65 65 65 65 65 65 65 65 65 65 65 65 65 65 65 65 65 65 65 65 65 65 65 65 65 65 65 65 65 65 65 65 65 65 65 65 65 65 65 65 65 65 65 65 65 65 65 65 65 65 65 65 65 65 65 65 65 65 65 65 65 65 65 65 65 65 65 65 65 66 66 66 66 66 66 66 66 66 66 66 66 66 66 66 66 66 66 66 66 66 66 66 66 66 66 66 66 66 66 66 66 66 66 66 66 66 66 66 66 66 66 66 66 66 66 66 66 66 66 66 66 66 66 66 66 66 66 66 66 66 66 66 66 66 66 66 66 66 66 66 66 66 66 66 66 66 66 66 66 66 66 66 66 66 66 66 66 66 66 66 66 66 66 66 66 66 66 66 66 67 67 67 67 67 67 67 67 67 67 67 67 67 67 67 67 67 67 67 67 67 67 67 67 67 67 67 67 67 67 67 67 67 67 67 67 67 67 67 67 67 67 67 67 67 67 67 67 67 67 67 67 67 67 67 67 67 67 67 67 67 67 67 67 67 67 67 67 67 67 67 67 67 67 67 67 67 67 67 67 67 67 67 67 67 67 67 67 67 67 67 67 67 67 67 67 67 67 67 67 68 68 68 68 68 68 68 68 68 68 68 68 68 68 68 68 68 68 68 68 68 68 68 68 68 68 68 68 68 68 68 68 68 68 68 68 68 68 68 68 68 68 68 68 68 68 68 68 68 68 68 68 68 68 68 68 68 68 68 68 68 68 68 68 68 68 68 68 68 68 68 68 68 68 68 68 68 68 68 68 68 68 68 68 68 68 68 68 68 68 68 68 68 68 68 68 68 68 68 68 69 69 69 69 69 69 69 69 69 69 69 69 69 69 69 69 69 69 69 69 69 69 69 69 69 69 69 69 69 69 69 69 69 69 69 69 69 69 69 69 69 69 69 69 69 69 69 69 69 69 69 69 69 69 69 69 69 69 69 69 69 69 69 69 69 69 69 69 69 69 69 69 69 69 69 69 69 69 69 69 69 69 69 69 69 69 69 69 69 69 69 69 69 69 69 69 69 69 69 69 70 70 70 70 70 70 70 70 70 70 70 70 70 70 70 70 70 70 70 70 70 70 70 70 70 70 70 70 70 70 70 70 70 70 70 70 70 70 70 70 70 70 70 70 70 70 70 70 70 70 70 70 70 70 70 70 70 70 70 70 70 70 70 70 70 70 70 70 70 70 70 70 70 70 70 70 70 70 70 70 70 70 70 70 70 70 70 70 70 70 70 70 70 70 70 70 70 70 70 70 71 71 71 71 71 71 71 71 71 71 71 71 71 71 71 71 71 71 71 71 71 71 71 71 71 71 71 71 71 71 71 71 71 71 71 71 71 71 71 71 71 71 71 71 71 71 71 71 71 71 71 71 71 71 71 71 71 71 71 71 71 71 71 71 71 71 71 71 71 71 71 71 71 71 71 71 71 71 71 71 71 71 71 71 71 71 71 71 71 71 71 71 71 71 71 71 71 71 71 71 72 72 72 72 72 72 72 72 72 72 72 72 72 72 72 72 72 72 72 72 72 72 72 72 72 72 72 72 72 72 72 72 72 72 72 72 72 72 72 72 72 72 72 72 72 72 72 72 72 72 72 72 72 72 72 72 72 72 72 72 72 72 72 72 72 72 72 72 72 72 72 72 72 72 72 72 72 72 72 72 72 72 72 72 72 72 72 72 72 72 72 72 72 72 72 72 72 72 72 72 73 73 73 73 73 73 73 73 73 73 73 73 73 73 73 73 73 73 73 73 73 73 73 73 73 73 73 73 73 73 73 73 73 73 73 73 73 73 73 73 73 73 73 73 73 73 73 73 73 73 73 73 73 73 73 73 73 73 73 73 73 73 73 73 73 73 73 73 73 73 73 73 73 73 73 73 73 73 73 73 73 73 73 73 73 73 73 73 73 73 73 73 73 73 73 73 73 73 73 73 74 74 74 74 74 74 74 74 74 74 74 74 74 74 74 74 74 74 74 74 74 74 74 74 74 74 74 74 74 74 74 74 74 74 74 74 74 74 74 74 74 74 74 74 74 74 74 74 74 74 74 74 74 74 74 74 74 74 74 74 74 74 74 74 74 74 74 74 74 74 74 74 74 74 74 74 74 74 74 74 74 74 74 74 74 74 74 74 74 74 74 74 74 74 74 74 74 74 74 74 75 75 75 75 75 75 75 75 75 75 75 75 75 75 75 75 75 75 75 75 75 75 75 75 75 75 75 75 75 75 75 75 75 75 75 75 75 75 75 75 75 75 75 75 75 75 75 75 75 75 75 75 75 75 75 75 75 75 75 75 75 75 75 75 75 75 75 75 75 75 75 75 75 75 75 75 75 75 75 75 75 75 75 75 75 75 75 75 75 75 75 75 75 75 75 75 75 75 75 75 76 76 76 76 76 76 76 76 76 76 76 76 76 76 76 76 76 76 76 76 76 76 76 76 76 76 76 76 76 76 76 76 76 76 76 76 76 76 76 76 76 76 76 76 76 76 76 76 76 76 76 76 76 76 76 76 76 76 76 76 76 76 76 76 76 76 76 76 76 76 76 76 76 76 76 76 76 76 76 76 76 76 76 76 76 76 76 76 76 76 76 76 76 76 76 76 76 76 76 76 77 77 77 77 77 77 77 77 77 77 77 77 77 77 77 77 77 77 77 77 77 77 77 77 77 77 77 77 77 77 77 77 77 77 77 77 77 77 77 77 77 77 77 77 77 77 77 77 77 77 77 77 77 77 77 77 77 77 77 77 77 77 77 77 77 77 77 77 77 77 77 77 77 77 77 77 77 77 77 77 77 77 77 77 77 77 77 77 77 77 77 77 77 77 77 77 77 77 77 77 78 78 78 78 78 78 78 78 78 78 78 78 78 78 78 78 78 78 78 78 78 78 78 78 78 78 78 78 78 78 78 78 78 78 78 78 78 78 78 78 78 78 78 78 78 78 78 78 78 78 78 78 78 78 78 78 78 78 78 78 78 78 78 78 78 78 78 78 78 78 78 78 78 78 78 78 78 78 78 78 78 78 78 78 78 78 78 78 78 78 78 78 78 78 78 78 78 78 78 78 79 79 79 79 79 79 79 79 79 79 79 79 79 79 79 79 79 79 79 79 79 79 79 79 79 79 79 79 79 79 79 79 79 79 79 79 79 79 79 79 79 79 79 79 79 79 79 79 79 79 79 79 79 79 79 79 79 79 79 79 79 79 79 79 79 79 79 79 79 79 79 79 79 79 79 79 79 79 79 79 79 79 79 79 79 79 79 79 79 79 79 79 79 79 79 79 79 79 79 79 80 80 80 80 80 80 80 80 80 80 80 80 80 80 80 80 80 80 80 80 80 80 80 80 80 80 80 80 80 80 80 80 80 80 80 80 80 80 80 80 80 80 80 80 80 80 80 80 80 80 80 80 80 80 80 80 80 80 80 80 80 80 80 80 80 80 80 80 80 80 80 80 80 80 80 80 80 80 80 80 80 80 80 80 80 80 80 80 80 80 80 80 80 80 80 80 80 80 80 80 81 81 81 81 81 81 81 81 81 81 81 81 81 81 81 81 81 81 81 81 81 81 81 81 81 81 81 81 81 81 81 81 81 81 81 81 81 81 81 81 81 81 81 81 81 81 81 81 81 81 81 81 81 81 81 81 81 81 81 81 81 81 81 81 81 81 81 81 81 81 81 81 81 81 81 81 81 81 81 81 81 81 81 81 81 81 81 81 81 81 81 81 81 81 81 81 81 81 81 81 82 82 82 82 82 82 82 82 82 82 82 82 82 82 82 82 82 82 82 82 82 82 82 82 82 82 82 82 82 82 82 82 82 82 82 82 82 82 82 82 82 82 82 82 82 82 82 82 82 82 82 82 82 82 82 82 82 82 82 82 82 82 82 82 82 82 82 82 82 82 82 82 82 82 82 82 82 82 82 82 82 82 82 82 82 82 82 82 82 82 82 82 82 82 82 82 82 82 82 82 83 83 83 83 83 83 83 83 83 83 83 83 83 83 83 83 83 83 83 83 83 83 83 83 83 83 83 83 83 83 83 83 83 83 83 83 83 83 83 83 83 83 83 83 83 83 83 83 83 83 83 83 83 83 83 83 83 83 83 83 83 83 83 83 83 83 83 83 83 83 83 83 83 83 83 83 83 83 83 83 83 83 83 83 83 83 83 83 83 83 83 83 83 83 83 83 83 83 83 83 84 84 84 84 84 84 84 84 84 84 84 84 84 84 84 84 84 84 84 84 84 84 84 84 84 84 84 84 84 84 84 84 84 84 84 84 84 84 84 84 84 84 84 84 84 84 84 84 84 84 84 84 84 84 84 84 84 84 84 84 84 84 84 84 84 84 84 84 84 84 84 84 84 84 84 84 84 84 84 84 84 84 84 84 84 84 84 84 84 84 84 84 84 84 84 84 84 84 84 84 85 85 85 85 85 85 85 85 85 85 85 85 85 85 85 85 85 85 85 85 85 85 85 85 85 85 85 85 85 85 85 85 85 85 85 85 85 85 85 85 85 85 85 85 85 85 85 85 85 85 85 85 85 85 85 85 85 85 85 85 85 85 85 85 85 85 85 85 85 85 85 85 85 85 85 85 85 85 85 85 85 85 85 85 85 85 85 85 85 85 85 85 85 85 85 85 85 85 85 85 86 86 86 86 86 86 86 86 86 86 86 86 86 86 86 86 86 86 86 86 86 86 86 86 86 86 86 86 86 86 86 86 86 86 86 86 86 86 86 86 86 86 86 86 86 86 86 86 86 86 86 86 86 86 86 86 86 86 86 86 86 86 86 86 86 86 86 86 86 86 86 86 86 86 86 86 86 86 86 86 86 86 86 86 86 86 86 86 86 86 86 86 86 86 86 86 86 86 86 86 87 87 87 87 87 87 87 87 87 87 87 87 87 87 87 87 87 87 87 87 87 87 87 87 87 87 87 87 87 87 87 87 87 87 87 87 87 87 87 87 87 87 87 87 87 87 87 87 87 87 87 87 87 87 87 87 87 87 87 87 87 87 87 87 87 87 87 87 87 87 87 87 87 87 87 87 87 87 87 87 87 87 87 87 87 87 87 87 87 87 87 87 87 87 87 87 87 87 87 87 88 88 88 88 88 88 88 88 88 88 88 88 88 88 88 88 88 88 88 88 88 88 88 88 88 88 88 88 88 88 88 88 88 88 88 88 88 88 88 88 88 88 88 88 88 88 88 88 88 88 88 88 88 88 88 88 88 88 88 88 88 88 88 88 88 88 88 88 88 88 88 88 88 88 88 88 88 88 88 88 88 88 88 88 88 88 88 88 88 88 88 88 88 88 88 88 88 88 88 88 89 89 89 89 89 89 89 89 89 89 89 89 89 89 89 89 89 89 89 89 89 89 89 89 89 89 89 89 89 89 89 89 89 89 89 89 89 89 89 89 89 89 89 89 89 89 89 89 89 89 89 89 89 89 89 89 89 89 89 89 89 89 89 89 89 89 89 89 89 89 89 89 89 89 89 89 89 89 89 89 89 89 89 89 89 89 89 89 89 89 89 89 89 89 89 89 89 89 89 89 90 90 90 90 90 90 90 90 90 90 90 90 90 90 90 90 90 90 90 90 90 90 90 90 90 90 90 90 90 90 90 90 90 90 90 90 90 90 90 90 90 90 90 90 90 90 90 90 90 90 90 90 90 90 90 90 90 90 90 90 90 90 90 90 90 90 90 90 90 90 90 90 90 90 90 90 90 90 90 90 90 90 90 90 90 90 90 90 90 90 90 90 90 90 90 90 90 90 90 90 91 91 91 91 91 91 91 91 91 91 91 91 91 91 91 91 91 91 91 91 91 91 91 91 91 91 91 91 91 91 91 91 91 91 91 91 91 91 91 91 91 91 91 91 91 91 91 91 91 91 91 91 91 91 91 91 91 91 91 91 91 91 91 91 91 91 91 91 91 91 91 91 91 91 91 91 91 91 91 91 91 91 91 91 91 91 91 91 91 91 91 91 91 91 91 91 91 91 91 91 92 92 92 92 92 92 92 92 92 92 92 92 92 92 92 92 92 92 92 92 92 92 92 92 92 92 92 92 92 92 92 92 92 92 92 92 92 92 92 92 92 92 92 92 92 92 92 92 92 92 92 92 92 92 92 92 92 92 92 92 92 92 92 92 92 92 92 92 92 92 92 92 92 92 92 92 92 92 92 92 92 92 92 92 92 92 92 92 92 92 92 92 92 92 92 92 92 92 92 92 93 93 93 93 93 93 93 93 93 93 93 93 93 93 93 93 93 93 93 93 93 93 93 93 93 93 93 93 93 93 93 93 93 93 93 93 93 93 93 93 93 93 93 93 93 93 93 93 93 93 93 93 93 93 93 93 93 93 93 93 93 93 93 93 93 93 93 93 93 93 93 93 93 93 93 93 93 93 93 93 93 93 93 93 93 93 93 93 93 93 93 93 93 93 93 93 93 93 93 93 94 94 94 94 94 94 94 94 94 94 94 94 94 94 94 94 94 94 94 94 94 94 94 94 94 94 94 94 94 94 94 94 94 94 94 94 94 94 94 94 94 94 94 94 94 94 94 94 94 94 94 94 94 94 94 94 94 94 94 94 94 94 94 94 94 94 94 94 94 94 94 94 94 94 94 94 94 94 94 94 94 94 94 94 94 94 94 94 94 94 94 94 94 94 94 94 94 94 94 94 95 95 95 95 95 95 95 95 95 95 95 95 95 95 95 95 95 95 95 95 95 95 95 95 95 95 95 95 95 95 95 95 95 95 95 95 95 95 95 95 95 95 95 95 95 95 95 95 95 95 95 95 95 95 95 95 95 95 95 95 95 95 95 95 95 95 95 95 95 95 95 95 95 95 95 95 95 95 95 95 95 95 95 95 95 95 95 95 95 95 95 95 95 95 95 95 95 95 95 95 96 96 96 96 96 96 96 96 96 96 96 96 96 96 96 96 96 96 96 96 96 96 96 96 96 96 96 96 96 96 96 96 96 96 96 96 96 96 96 96 96 96 96 96 96 96 96 96 96 96 96 96 96 96 96 96 96 96 96 96 96 96 96 96 96 96 96 96 96 96 96 96 96 96 96 96 96 96 96 96 96 96 96 96 96 96 96 96 96 96 96 96 96 96 96 96 96 96 96 96 97 97 97 97 97 97 97 97 97 97 97 97 97 97 97 97 97 97 97 97 97 97 97 97 97 97 97 97 97 97 97 97 97 97 97 97 97 97 97 97 97 97 97 97 97 97 97 97 97 97 97 97 97 97 97 97 97 97 97 97 97 97 97 97 97 97 97 97 97 97 97 97 97 97 97 97 97 97 97 97 97 97 97 97 97 97 97 97 97 97 97 97 97 97 97 97 97 97 97 97 98 98 98 98 98 98 98 98 98 98 98 98 98 98 98 98 98 98 98 98 98 98 98 98 98 98 98 98 98 98 98 98 98 98 98 98 98 98 98 98 98 98 98 98 98 98 98 98 98 98 98 98 98 98 98 98 98 98 98 98 98 98 98 98 98 98 98 98 98 98 98 98 98 98 98 98 98 98 98 98 98 98 98 98 98 98 98 98 98 98 98 98 98 98 98 98 98 98 98 98 99 99 99 99 99 99 99 99 99 99 99 99 99 99 99 99 99 99 99 99 99 99 99 99 99 99 99 99 99 99 99 99 99 99 99 99 99 99 99 99 99 99 99 99 99 99 99 99 99 99 99 99 99 99 99 99 99 99 99 99 99 99 99 99 99 99 99 99 99 99 99 99 99 99 99 99 99 99 99 99 99 99 99 99 99 99 99 99 99 99 99 99 99 99 99 99 99 99 99 99 
</Matrix>
   <Matrix name="neuronTypes" type="complete" rows="1" columns="10000" multiplier="1.0">
   2 2 1 2 2 2 2 2 2 2 2 2 1 2 2 2 2 2 2 2 2 2 1 2 2 2 2 2 2 2 2 2 1 2 2 2 2 2 2 2 2 2 1 2 2 2 2 2 2 2 2 2 1 2 2 2 2 2 2 2 2 2 1 2 2 2 2 2 2 2 2 2 1 2 2 2 2 2 2 2 2 2 1 2 2 2 2 2 2 2 2 2 1 2 2 2 2 2 2 2 2 2 2 2 2 2 2 2 2 2 2 2 2 2 2 2 2 2 2 2 2 2 2 2 2 2 2 2 2 2 2 2 2 2 2 2 2 2 2 2 2 2 2 2 2 2 2 2 2 2 2 2 2 2 2 2 2 2 2 2 2 2 2 2 2 2 2 2 2 2 2 2 2 2 2 2 2 2 2 2 2 2 2 2 2 2 2 2 2 2 2 2 2 2 2 2 2 2 2 2 2 2 2 2 2 1 2 2 1 2 2 2 2 2 2 1 2 2 1 2 2 2 2 2 2 1 2 2 1 2 2 2 2 2 2 1 2 2 1 2 2 2 2 2 2 1 2 2 1 2 2 2 2 2 2 1 2 2 1 2 2 2 2 2 2 1 2 2 1 2 2 2 2 2 2 1 2 2 1 2 2 2 2 2 2 1 2 2 1 2 2 2 2 2 2 1 2 2 1 2 2 2 1 2 2 2 2 2 2 2 2 2 1 2 2 2 2 2 2 2 2 2 1 2 2 2 2 2 2 2 2 2 1 2 2 2 2 2 2 2 2 2 1 2 2 2 2 2 2 2 2 2 1 2 2 2 2 2 2 2 2 2 1 2 2 2 2 2 2 2 2 2 1 2 2 2 2 2 2 2 2 2 1 2 2 2 2 2 2 2 2 2 1 2 2 2 2 2 2 2 2 2 2 2 2 2 2 2 2 2 2 2 2 2 2 2 2 2 2 2 2 2 2 2 2 2 2 2 2 2 2 2 2 2 2 2 2 2 2 2 2 2 2 2 2 2 2 2 2 2 2 2 2 2 2 2 2 2 2 2 2 2 2 2 2 2 2 2 2 2 2 2 2 2 2 2 2 2 2 2 2 2 2 2 2 2 2 2 2 2 2 2 2 2 2 2 2 2 2 2 2 2 2 2 2 1 2 2 1 2 2 2 2 2 2 1 2 2 1 2 2 2 2 2 2 1 2 2 1 2 2 2 2 2 2 1 2 2 1 2 2 2 2 2 2 1 2 2 1 2 2 2 2 2 2 1 2 2 1 2 2 2 2 2 2 1 2 2 1 2 2 2 2 2 2 1 2 2 1 2 2 2 2 2 2 1 2 2 1 2 2 2 2 2 2 1 2 2 1 2 2 2 1 2 2 2 2 2 2 2 2 2 1 2 2 2 2 2 2 2 2 2 1 2 2 2 2 2 2 2 2 2 1 2 2 2 2 2 2 2 2 2 1 2 2 2 2 2 2 2 2 2 1 2 2 2 2 2 2 2 2 2 1 2 2 2 2 2 2 2 2 2 1 2 2 2 2 2 2 2 2 2 1 2 2 2 2 2 2 2 2 2 1 2 2 2 2 2 2 2 2 2 2 2 2 2 2 2 2 2 2 2 2 2 2 2 2 2 2 2 2 2 2 2 2 2 2 2 2 2 2 2 2 2 2 2 2 2 2 2 2 2 2 2 2 2 2 2 2 2 2 2 2 2 2 2 2 2 2 2 2 2 2 2 2 2 2 2 2 2 2 2 2 2 2 2 2 2 2 2 2 2 2 2 2 2 2 2 2 2 2 2 2 2 2 2 2 2 2 2 2 2 2 2 2 1 2 2 1 2 2 2 2 2 2 1 2 2 1 2 2 2 2 2 2 1 2 2 1 2 2 2 2 2 2 1 2 2 1 2 2 2 2 2 2 1 2 2 1 2 2 2 2 2 2 1 2 2 1 2 2 2 2 2 2 1 2 2 1 2 2 2 2 2 2 1 2 2 1 2 2 2 2 2 2 1 2 2 1 2 2 2 2 2 2 1 2 2 1 2 2 2 1 2 2 2 2 2 2 2 2 2 1 2 2 2 2 2 2 2 2 2 1 2 2 2 2 2 2 2 2 2 1 2 2 2 2 2 2 2 2 2 1 2 2 2 2 2 2 2 2 2 1 2 2 2 2 2 2 2 2 2 1 2 2 2 2 2 2 2 2 2 1 2 2 2 2 2 2 2 2 2 1 2 2 2 2 2 2 2 2 2 1 2 2 2 2 2 2 2 2 2 2 2 2 2 2 2 1 2 2 2 2 2 2 2 2 2 1 2 2 2 2 2 2 2 2 2 1 2 2 2 2 2 2 2 2 2 1 2 2 2 2 2 2 2 2 2 1 2 2 2 2 2 2 2 2 2 1 2 2 2 2 2 2 2 2 2 1 2 2 2 2 2 2 2 2 2 1 2 2 2 2 2 2 2 2 2 1 2 2 2 2 2 2 2 2 2 1 2 2 2 2 2 2 2 2 2 2 2 2 2 2 2 2 2 2 2 2 2 2 2 2 2 2 2 2 2 2 2 2 2 2 2 2 2 2 2 2 2 2 2 2 2 2 2 2 2 2 2 2 2 2 2 2 2 2 2 2 2 2 2 2 2 2 2 2 2 2 2 2 2 2 2 2 2 2 2 2 2 2 2 2 2 2 2 2 2 2 2 2 2 2 2 2 2 2 2 2 2 2 2 1 2 2 1 2 2 2 2 2 2 1 2 2 1 2 2 2 2 2 2 1 2 2 1 2 2 2 2 2 2 1 2 2 1 2 2 2 2 2 2 1 2 2 1 2 2 2 2 2 2 1 2 2 1 2 2 2 2 2 2 1 2 2 1 2 2 2 2 2 2 1 2 2 1 2 2 2 2 2 2 1 2 2 1 2 2 2 2 2 2 1 2 2 1 2 2 2 2 2 2 2 2 2 2 2 2 1 2 2 2 2 2 2 2 2 2 1 2 2 2 2 2 2 2 2 2 1 2 2 2 2 2 2 2 2 2 1 2 2 2 2 2 2 2 2 2 1 2 2 2 2 2 2 2 2 2 1 2 2 2 2 2 2 2 2 2 1 2 2 2 2 2 2 2 2 2 1 2 2 2 2 2 2 2 2 2 1 2 2 2 2 2 2 2 2 2 1 2 2 2 2 2 2 2 2 2 2 2 2 2 2 2 2 2 2 2 2 2 2 2 2 2 2 2 2 2 2 2 2 2 2 2 2 2 2 2 2 2 2 2 2 2 2 2 2 2 2 2 2 2 2 2 2 2 2 2 2 2 2 2 2 2 2 2 2 2 2 2 2 2 2 2 2 2 2 2 2 2 2 2 2 2 2 2 2 2 2 2 2 2 2 2 2 2 2 2 2 2 2 2 1 2 2 1 2 2 2 2 2 2 1 2 2 1 2 2 2 2 2 2 1 2 2 1 2 2 2 2 2 2 1 2 2 1 2 2 2 2 2 2 1 2 2 1 2 2 2 2 2 2 1 2 2 1 2 2 2 2 2 2 1 2 2 1 2 2 2 2 2 2 1 2 2 1 2 2 2 2 2 2 1 2 2 1 2 2 2 2 2 2 1 2 2 1 2 2 2 2 2 2 2 2 2 2 2 2 1 2 2 2 2 2 2 2 2 2 1 2 2 2 2 2 2 2 2 2 1 2 2 2 2 2 2 2 2 2 1 2 2 2 2 2 2 2 2 2 1 2 2 2 2 2 2 2 2 2 1 2 2 2 2 2 2 2 2 2 1 2 2 2 2 2 2 2 2 2 1 2 2 2 2 2 2 2 2 2 1 2 2 2 2 2 2 2 2 2 1 2 2 2 2 2 2 2 2 2 2 2 2 2 2 2 2 2 2 2 2 2 2 2 2 2 2 2 2 2 2 2 2 2 2 2 2 2 2 2 2 2 2 2 2 2 2 2 2 2 2 2 2 2 2 2 2 2 2 2 2 2 2 2 2 2 2 2 2 2 2 2 2 2 2 2 2 2 2 2 2 2 2 2 2 2 2 2 2 2 2 2 2 2 2 2 2 2 2 2 2 2 2 2 1 2 2 1 2 2 2 2 2 2 1 2 2 1 2 2 2 2 2 2 1 2 2 1 2 2 2 2 2 2 1 2 2 1 2 2 2 2 2 2 1 2 2 1 2 2 2 2 2 2 1 2 2 1 2 2 2 2 2 2 1 2 2 1 2 2 2 2 2 2 1 2 2 1 2 2 2 2 2 2 1 2 2 1 2 2 2 2 2 2 1 2 2 1 2 2 2 2 2 2 2 2 2 2 2 2 1 2 2 2 2 2 2 2 2 2 1 2 2 2 2 2 2 2 2 2 1 2 2 2 2 2 2 2 2 2 1 2 2 2 2 2 2 2 2 2 1 2 2 2 2 2 2 2 2 2 1 2 2 2 2 2 2 2 2 2 1 2 2 2 2 2 2 2 2 2 1 2 2 2 2 2 2 2 2 2 1 2 2 2 2 2 2 2 2 2 1 2 2 2 1 2 2 2 2 2 2 2 2 2 1 2 2 2 2 2 2 2 2 2 1 2 2 2 2 2 2 2 2 2 1 2 2 2 2 2 2 2 2 2 1 2 2 2 2 2 2 2 2 2 1 2 2 2 2 2 2 2 2 2 1 2 2 2 2 2 2 2 2 2 1 2 2 2 2 2 2 2 2 2 1 2 2 2 2 2 2 2 2 2 1 2 2 2 2 2 2 2 2 2 2 2 2 2 2 2 2 2 2 2 2 2 2 2 2 2 2 2 2 2 2 2 2 2 2 2 2 2 2 2 2 2 2 2 2 2 2 2 2 2 2 2 2 2 2 2 2 2 2 2 2 2 2 2 2 2 2 2 2 2 2 2 2 2 2 2 2 2 2 2 2 2 2 2 2 2 2 2 2 2 2 2 2 2 2 2 2 2 2 2 2 2 2 2 2 2 2 2 2 2 2 2 2 1 2 2 1 2 2 2 2 2 2 1 2 2 1 2 2 2 2 2 2 1 2 2 1 2 2 2 2 2 2 1 2 2 1 2 2 2 2 2 2 1 2 2 1 2 2 2 2 2 2 1 2 2 1 2 2 2 2 2 2 1 2 2 1 2 2 2 2 2 2 1 2 2 1 2 2 2 2 2 2 1 2 2 1 2 2 2 2 2 2 1 2 2 1 2 2 2 1 2 2 2 2 2 2 2 2 2 1 2 2 2 2 2 2 2 2 2 1 2 2 2 2 2 2 2 2 2 1 2 2 2 2 2 2 2 2 2 1 2 2 2 2 2 2 2 2 2 1 2 2 2 2 2 2 2 2 2 1 2 2 2 2 2 2 2 2 2 1 2 2 2 2 2 2 2 2 2 1 2 2 2 2 2 2 2 2 2 1 2 2 2 2 2 2 2 2 2 2 2 2 2 2 2 2 2 2 2 2 2 2 2 2 2 2 2 2 2 2 2 2 2 2 2 2 2 2 2 2 2 2 2 2 2 2 2 2 2 2 2 2 2 2 2 2 2 2 2 2 2 2 2 2 2 2 2 2 2 2 2 2 2 2 2 2 2 2 2 2 2 2 2 2 2 2 2 2 2 2 2 2 2 2 2 2 2 2 2 2 2 2 2 2 2 2 2 2 2 2 2 2 1 2 2 1 2 2 2 2 2 2 1 2 2 1 2 2 2 2 2 2 1 2 2 1 2 2 2 2 2 2 1 2 2 1 2 2 2 2 2 2 1 2 2 1 2 2 2 2 2 2 1 2 2 1 2 2 2 2 2 2 1 2 2 1 2 2 2 2 2 2 1 2 2 1 2 2 2 2 2 2 1 2 2 1 2 2 2 2 2 2 1 2 2 1 2 2 2 1 2 2 2 2 2 2 2 2 2 1 2 2 2 2 2 2 2 2 2 1 2 2 2 2 2 2 2 2 2 1 2 2 2 2 2 2 2 2 2 1 2 2 2 2 2 2 2 2 2 1 2 2 2 2 2 2 2 2 2 1 2 2 2 2 2 2 2 2 2 1 2 2 2 2 2 2 2 2 2 1 2 2 2 2 2 2 2 2 2 1 2 2 2 2 2 2 2 2 2 2 2 2 2 2 2 2 2 2 2 2 2 2 2 2 2 2 2 2 2 2 2 2 2 2 2 2 2 2 2 2 2 2 2 2 2 2 2 2 2 2 2 2 2 2 2 2 2 2 2 2 2 2 2 2 2 2 2 2 2 2 2 2 2 2 2 2 2 2 2 2 2 2 2 2 2 2 2 2 2 2 2 2 2 2 2 2 2 2 2 2 2 2 2 2 2 2 2 2 2 2 2 2 1 2 2 1 2 2 2 2 2 2 1 2 2 1 2 2 2 2 2 2 1 2 2 1 2 2 2 2 2 2 1 2 2 1 2 2 2 2 2 2 1 2 2 1 2 2 2 2 2 2 1 2 2 1 2 2 2 2 2 2 1 2 2 1 2 2 2 2 2 2 1 2 2 1 2 2 2 2 2 2 1 2 2 1 2 2 2 2 2 2 1 2 2 1 2 2 2 1 2 2 2 2 2 2 2 2 2 1 2 2 2 2 2 2 2 2 2 1 2 2 2 2 2 2 2 2 2 1 2 2 2 2 2 2 2 2 2 1 2 2 2 2 2 2 2 2 2 1 2 2 2 2 2 2 2 2 2 1 2 2 2 2 2 2 2 2 2 1 2 2 2 2 2 2 2 2 2 1 2 2 2 2 2 2 2 2 2 1 2 2 2 2 2 2 2 2 2 2 2 2 2 2 2 1 2 2 2 2 2 2 2 2 2 1 2 2 2 2 2 2 2 2 2 1 2 2 2 2 2 2 2 2 2 1 2 2 2 2 2 2 2 2 2 1 2 2 2 2 2 2 2 2 2 1 2 2 2 2 2 2 2 2 2 1 2 2 2 2 2 2 2 2 2 1 2 2 2 2 2 2 2 2 2 1 2 2 2 2 2 2 2 2 2 1 2 2 2 2 2 2 2 2 2 2 2 2 2 2 2 2 2 2 2 2 2 2 2 2 2 2 2 2 2 2 2 2 2 2 2 2 2 2 2 2 2 2 2 2 2 2 2 2 2 2 2 2 2 2 2 2 2 2 2 2 2 2 2 2 2 2 2 2 2 2 2 2 2 2 2 2 2 2 2 2 2 2 2 2 2 2 2 2 2 2 2 2 2 2 2 2 2 2 2 2 2 2 2 1 2 2 1 2 2 2 2 2 2 1 2 2 1 2 2 2 2 2 2 1 2 2 1 2 2 2 2 2 2 1 2 2 1 2 2 2 2 2 2 1 2 2 1 2 2 2 2 2 2 1 2 2 1 2 2 2 2 2 2 1 2 2 1 2 2 2 2 2 2 1 2 2 1 2 2 2 2 2 2 1 2 2 1 2 2 2 2 2 2 1 2 2 1 2 2 2 2 2 2 2 2 2 2 2 2 1 2 2 2 2 2 2 2 2 2 1 2 2 2 2 2 2 2 2 2 1 2 2 2 2 2 2 2 2 2 1 2 2 2 2 2 2 2 2 2 1 2 2 2 2 2 2 2 2 2 1 2 2 2 2 2 2 2 2 2 1 2 2 2 2 2 2 2 2 2 1 2 2 2 2 2 2 2 2 2 1 2 2 2 2 2 2 2 2 2 1 2 2 2 2 2 2 2 2 2 2 2 2 2 2 2 2 2 2 2 2 2 2 2 2 2 2 2 2 2 2 2 2 2 2 2 2 2 2 2 2 2 2 2 2 2 2 2 2 2 2 2 2 2 2 2 2 2 2 2 2 2 2 2 2 2 2 2 2 2 2 2 2 2 2 2 2 2 2 2 2 2 2 2 2 2 2 2 2 2 2 2 2 2 2 2 2 2 2 2 2 2 2 2 1 2 2 1 2 2 2 2 2 2 1 2 2 1 2 2 2 2 2 2 1 2 2 1 2 2 2 2 2 2 1 2 2 1 2 2 2 2 2 2 1 2 2 1 2 2 2 2 2 2 1 2 2 1 2 2 2 2 2 2 1 2 2 1 2 2 2 2 2 2 1 2 2 1 2 2 2 2 2 2 1 2 2 1 2 2 2 2 2 2 1 2 2 1 2 2 2 2 2 2 2 2 2 2 2 2 1 2 2 2 2 2 2 2 2 2 1 2 2 2 2 2 2 2 2 2 1 2 2 2 2 2 2 2 2 2 1 2 2 2 2 2 2 2 2 2 1 2 2 2 2 2 2 2 2 2 1 2 2 2 2 2 2 2 2 2 1 2 2 2 2 2 2 2 2 2 1 2 2 2 2 2 2 2 2 2 1 2 2 2 2 2 2 2 2 2 1 2 2 2 2 2 2 2 2 2 2 2 2 2 2 2 2 2 2 2 2 2 2 2 2 2 2 2 2 2 2 2 2 2 2 2 2 2 2 2 2 2 2 2 2 2 2 2 2 2 2 2 2 2 2 2 2 2 2 2 2 2 2 2 2 2 2 2 2 2 2 2 2 2 2 2 2 2 2 2 2 2 2 2 2 2 2 2 2 2 2 2 2 2 2 2 2 2 2 2 2 2 2 2 1 2 2 1 2 2 2 2 2 2 1 2 2 1 2 2 2 2 2 2 1 2 2 1 2 2 2 2 2 2 1 2 2 1 2 2 2 2 2 2 1 2 2 1 2 2 2 2 2 2 1 2 2 1 2 2 2 2 2 2 1 2 2 1 2 2 2 2 2 2 1 2 2 1 2 2 2 2 2 2 1 2 2 1 2 2 2 2 2 2 1 2 2 1 2 2 2 2 2 2 2 2 2 2 2 2 1 2 2 2 2 2 2 2 2 2 1 2 2 2 2 2 2 2 2 2 1 2 2 2 2 2 2 2 2 2 1 2 2 2 2 2 2 2 2 2 1 2 2 2 2 2 2 2 2 2 1 2 2 2 2 2 2 2 2 2 1 2 2 2 2 2 2 2 2 2 1 2 2 2 2 2 2 2 2 2 1 2 2 2 2 2 2 2 2 2 1 2 2 2 1 2 2 2 2 2 2 2 2 2 1 2 2 2 2 2 2 2 2 2 1 2 2 2 2 2 2 2 2 2 1 2 2 2 2 2 2 2 2 2 1 2 2 2 2 2 2 2 2 2 1 2 2 2 2 2 2 2 2 2 1 2 2 2 2 2 2 2 2 2 1 2 2 2 2 2 2 2 2 2 1 2 2 2 2 2 2 2 2 2 1 2 2 2 2 2 2 2 2 2 2 2 2 2 2 2 2 2 2 2 2 2 2 2 2 2 2 2 2 2 2 2 2 2 2 2 2 2 2 2 2 2 2 2 2 2 2 2 2 2 2 2 2 2 2 2 2 2 2 2 2 2 2 2 2 2 2 2 2 2 2 2 2 2 2 2 2 2 2 2 2 2 2 2 2 2 2 2 2 2 2 2 2 2 2 2 2 2 2 2 2 2 2 2 2 2 2 2 2 2 2 2 2 1 2 2 1 2 2 2 2 2 2 1 2 2 1 2 2 2 2 2 2 1 2 2 1 2 2 2 2 2 2 1 2 2 1 2 2 2 2 2 2 1 2 2 1 2 2 2 2 2 2 1 2 2 1 2 2 2 2 2 2 1 2 2 1 2 2 2 2 2 2 1 2 2 1 2 2 2 2 2 2 1 2 2 1 2 2 2 2 2 2 1 2 2 1 2 2 2 1 2 2 2 2 2 2 2 2 2 1 2 2 2 2 2 2 2 2 2 1 2 2 2 2 2 2 2 2 2 1 2 2 2 2 2 2 2 2 2 1 2 2 2 2 2 2 2 2 2 1 2 2 2 2 2 2 2 2 2 1 2 2 2 2 2 2 2 2 2 1 2 2 2 2 2 2 2 2 2 1 2 2 2 2 2 2 2 2 2 1 2 2 2 2 2 2 2 2 2 2 2 2 2 2 2 2 2 2 2 2 2 2 2 2 2 2 2 2 2 2 2 2 2 2 2 2 2 2 2 2 2 2 2 2 2 2 2 2 2 2 2 2 2 2 2 2 2 2 2 2 2 2 2 2 2 2 2 2 2 2 2 2 2 2 2 2 2 2 2 2 2 2 2 2 2 2 2 2 2 2 2 2 2 2 2 2 2 2 2 2 2 2 2 2 2 2 2 2 2 2 2 2 1 2 2 1 2 2 2 2 2 2 1 2 2 1 2 2 2 2 2 2 1 2 2 1 2 2 2 2 2 2 1 2 2 1 2 2 2 2 2 2 1 2 2 1 2 2 2 2 2 2 1 2 2 1 2 2 2 2 2 2 1 2 2 1 2 2 2 2 2 2 1 2 2 1 2 2 2 2 2 2 1 2 2 1 2 2 2 2 2 2 1 2 2 1 2 2 2 1 2 2 2 2 2 2 2 2 2 1 2 2 2 2 2 2 2 2 2 1 2 2 2 2 2 2 2 2 2 1 2 2 2 2 2 2 2 2 2 1 2 2 2 2 2 2 2 2 2 1 2 2 2 2 2 2 2 2 2 1 2 2 2 2 2 2 2 2 2 1 2 2 2 2 2 2 2 2 2 1 2 2 2 2 2 2 2 2 2 1 2 2 2 2 2 2 2 2 2 2 2 2 2 2 2 2 2 2 2 2 2 2 2 2 2 2 2 2 2 2 2 2 2 2 2 2 2 2 2 2 2 2 2 2 2 2 2 2 2 2 2 2 2 2 2 2 2 2 2 2 2 2 2 2 2 2 2 2 2 2 2 2 2 2 2 2 2 2 2 2 2 2 2 2 2 2 2 2 2 2 2 2 2 2 2 2 2 2 2 2 2 2 2 2 2 2 2 2 2 2 2 2 1 2 2 1 2 2 2 2 2 2 1 2 2 1 2 2 2 2 2 2 1 2 2 1 2 2 2 2 2 2 1 2 2 1 2 2 2 2 2 2 1 2 2 1 2 2 2 2 2 2 1 2 2 1 2 2 2 2 2 2 1 2 2 1 2 2 2 2 2 2 1 2 2 1 2 2 2 2 2 2 1 2 2 1 2 2 2 2 2 2 1 2 2 1 2 2 2 1 2 2 2 2 2 2 2 2 2 1 2 2 2 2 2 2 2 2 2 1 2 2 2 2 2 2 2 2 2 1 2 2 2 2 2 2 2 2 2 1 2 2 2 2 2 2 2 2 2 1 2 2 2 2 2 2 2 2 2 1 2 2 2 2 2 2 2 2 2 1 2 2 2 2 2 2 2 2 2 1 2 2 2 2 2 2 2 2 2 1 2 2 2 2 2 2 2 2 2 2 2 2 2 2 2 1 2 2 2 2 2 2 2 2 2 1 2 2 2 2 2 2 2 2 2 1 2 2 2 2 2 2 2 2 2 1 2 2 2 2 2 2 2 2 2 1 2 2 2 2 2 2 2 2 2 1 2 2 2 2 2 2 2 2 2 1 2 2 2 2 2 2 2 2 2 1 2 2 2 2 2 2 2 2 2 1 2 2 2 2 2 2 2 2 2 1 2 2 2 2 2 2 2 2 2 2 2 2 2 2 2 2 2 2 2 2 2 2 2 2 2 2 2 2 2 2 2 2 2 2 2 2 2 2 2 2 2 2 2 2 2 2 2 2 2 2 2 2 2 2 2 2 2 2 2 2 2 2 2 2 2 2 2 2 2 2 2 2 2 2 2 2 2 2 2 2 2 2 2 2 2 2 2 2 2 2 2 2 2 2 2 2 2 2 2 2 2 2 2 1 2 2 1 2 2 2 2 2 2 1 2 2 1 2 2 2 2 2 2 1 2 2 1 2 2 2 2 2 2 1 2 2 1 2 2 2 2 2 2 1 2 2 1 2 2 2 2 2 2 1 2 2 1 2 2 2 2 2 2 1 2 2 1 2 2 2 2 2 2 1 2 2 1 2 2 2 2 2 2 1 2 2 1 2 2 2 2 2 2 1 2 2 1 2 2 2 2 2 2 2 2 2 2 2 2 1 2 2 2 2 2 2 2 2 2 1 2 2 2 2 2 2 2 2 2 1 2 2 2 2 2 2 2 2 2 1 2 2 2 2 2 2 2 2 2 1 2 2 2 2 2 2 2 2 2 1 2 2 2 2 2 2 2 2 2 1 2 2 2 2 2 2 2 2 2 1 2 2 2 2 2 2 2 2 2 1 2 2 2 2 2 2 2 2 2 1 2 2 2 2 2 2 2 2 2 2 2 2 2 2 2 2 2 2 2 2 2 2 2 2 2 2 2 2 2 2 2 2 2 2 2 2 2 2 2 2 2 2 2 2 2 2 2 2 2 2 2 2 2 2 2 2 2 2 2 2 2 2 2 2 2 2 2 2 2 2 2 2 2 2 2 2 2 2 2 2 2 2 2 2 2 2 2 2 2 2 2 2 2 2 2 2 2 2 2 2 2 2 2 1 2 2 1 2 2 2 2 2 2 1 2 2 1 2 2 2 2 2 2 1 2 2 1 2 2 2 2 2 2 1 2 2 1 2 2 2 2 2 2 1 2 2 1 2 2 2 2 2 2 1 2 2 1 2 2 2 2 2 2 1 2 2 1 2 2 2 2 2 2 1 2 2 1 2 2 2 2 2 2 1 2 2 1 2 2 2 2 2 2 1 2 2 1 2 2 2 2 2 2 2 2 2 2 2 2 1 2 2 2 2 2 2 2 2 2 1 2 2 2 2 2 2 2 2 2 1 2 2 2 2 2 2 2 2 2 1 2 2 2 2 2 2 2 2 2 1 2 2 2 2 2 2 2 2 2 1 2 2 2 2 2 2 2 2 2 1 2 2 2 2 2 2 2 2 2 1 2 2 2 2 2 2 2 2 2 1 2 2 2 2 2 2 2 2 2 1 2 2 2 2 2 2 2 2 2 2 2 2 2 2 2 2 2 2 2 2 2 2 2 2 2 2 2 2 2 2 2 2 2 2 2 2 2 2 2 2 2 2 2 2 2 2 2 2 2 2 2 2 2 2 2 2 2 2 2 2 2 2 2 2 2 2 2 2 2 2 2 2 2 2 2 2 2 2 2 2 2 2 2 2 2 2 2 2 2 2 2 2 2 2 2 2 2 2 2 2 2 2 2 1 2 2 1 2 2 2 2 2 2 1 2 2 1 2 2 2 2 2 2 1 2 2 1 2 2 2 2 2 2 1 2 2 1 2 2 2 2 2 2 1 2 2 1 2 2 2 2 2 2 1 2 2 1 2 2 2 2 2 2 1 2 2 1 2 2 2 2 2 2 1 2 2 1 2 2 2 2 2 2 1 2 2 1 2 2 2 2 2 2 1 2 2 1 2 2 2 2 2 2 2 2 2 2 2 2 1 2 2 2 2 2 2 2 2 2 1 2 2 2 2 2 2 2 2 2 1 2 2 2 2 2 2 2 2 2 1 2 2 2 2 2 2 2 2 2 1 2 2 2 2 2 2 2 2 2 1 2 2 2 2 2 2 2 2 2 1 2 2 2 2 2 2 2 2 2 1 2 2 2 2 2 2 2 2 2 1 2 2 2 2 2 2 2 2 2 1 2 2 2 1 2 2 2 2 2 2 2 2 2 1 2 2 2 2 2 2 2 2 2 1 2 2 2 2 2 2 2 2 2 1 2 2 2 2 2 2 2 2 2 1 2 2 2 2 2 2 2 2 2 1 2 2 2 2 2 2 2 2 2 1 2 2 2 2 2 2 2 2 2 1 2 2 2 2 2 2 2 2 2 1 2 2 2 2 2 2 2 2 2 1 2 2 2 2 2 2 2 2 2 2 2 2 2 2 2 2 2 2 2 2 2 2 2 2 2 2 2 2 2 2 2 2 2 2 2 2 2 2 2 2 2 2 2 2 2 2 2 2 2 2 2 2 2 2 2 2 2 2 2 2 2 2 2 2 2 2 2 2 2 2 2 2 2 2 2 2 2 2 2 2 2 2 2 2 2 2 2 2 2 2 2 2 2 2 2 2 2 2 2 2 2 2 2 2 2 2 2 2 2 2 2 2 1 2 2 1 2 2 2 2 2 2 1 2 2 1 2 2 2 2 2 2 1 2 2 1 2 2 2 2 2 2 1 2 2 1 2 2 2 2 2 2 1 2 2 1 2 2 2 2 2 2 1 2 2 1 2 2 2 2 2 2 1 2 2 1 2 2 2 2 2 2 1 2 2 1 2 2 2 2 2 2 1 2 2 1 2 2 2 2 2 2 1 2 2 1 2 2 2 1 2 2 2 2 2 2 2 2 2 1 2 2 2 2 2 2 2 2 2 1 2 2 2 2 2 2 2 2 2 1 2 2 2 2 2 2 2 2 2 1 2 2 2 2 2 2 2 2 2 1 2 2 2 2 2 2 2 2 2 1 2 2 2 2 2 2 2 2 2 1 2 2 2 2 2 2 2 2 2 1 2 2 2 2 2 2 2 2 2 1 2 2 2 2 2 2 2 2 2 2 2 2 2 2 2 2 2 2 2 2 2 2 2 2 2 2 2 2 2 2 2 2 2 2 2 2 2 2 2 2 2 2 2 2 2 2 2 2 2 2 2 2 2 2 2 2 2 2 2 2 2 2 2 2 2 2 2 2 2 2 2 2 2 2 2 2 2 2 2 2 2 2 2 2 2 2 2 2 2 2 2 2 2 2 2 2 2 2 2 2 2 2 2 2 2 2 2 2 2 2 2 2 1 2 2 1 2 2 2 2 2 2 1 2 2 1 2 2 2 2 2 2 1 2 2 1 2 2 2 2 2 2 1 2 2 1 2 2 2 2 2 2 1 2 2 1 2 2 2 2 2 2 1 2 2 1 2 2 2 2 2 2 1 2 2 1 2 2 2 2 2 2 1 2 2 1 2 2 2 2 2 2 1 2 2 1 2 2 2 2 2 2 1 2 2 1 2 2 2 1 2 2 2 2 2 2 2 2 2 1 2 2 2 2 2 2 2 2 2 1 2 2 2 2 2 2 2 2 2 1 2 2 2 2 2 2 2 2 2 1 2 2 2 2 2 2 2 2 2 1 2 2 2 2 2 2 2 2 2 1 2 2 2 2 2 2 2 2 2 1 2 2 2 2 2 2 2 2 2 1 2 2 2 2 2 2 2 2 2 1 2 2 2 2 2 2 2 2 2 2 2 2 2 2 2 2 2 2 2 2 2 2 2 2 2 2 2 2 2 2 2 2 2 2 2 2 2 2 2 2 2 2 2 2 2 2 2 2 2 2 2 2 2 2 2 2 2 2 2 2 2 2 2 2 2 2 2 2 2 2 2 2 2 2 2 2 2 2 2 2 2 2 2 2 2 2 2 2 2 2 2 2 2 2 2 2 2 2 2 2 2 2 2 2 2 2 2 2 2 2 2 2 1 2 2 1 2 2 2 2 2 2 1 2 2 1 2 2 2 2 2 2 1 2 2 1 2 2 2 2 2 2 1 2 2 1 2 2 2 2 2 2 1 2 2 1 2 2 2 2 2 2 1 2 2 1 2 2 2 2 2 2 1 2 2 1 2 2 2 2 2 2 1 2 2 1 2 2 2 2 2 2 1 2 2 1 2 2 2 2 2 2 1 2 2 1 2 2 2 1 2 2 2 2 2 2 2 2 2 1 2 2 2 2 2 2 2 2 2 1 2 2 2 2 2 2 2 2 2 1 2 2 2 2 2 2 2 2 2 1 2 2 2 2 2 2 2 2 2 1 2 2 2 2 2 2 2 2 2 1 2 2 2 2 2 2 2 2 2 1 2 2 2 2 2 2 2 2 2 1 2 2 2 2 2 2 2 2 2 1 2 2 2 2 2 2 2 2 2 2 2 2 2 2 2 1 2 2 2 2 2 2 2 2 2 1 2 2 2 2 2 2 2 2 2 1 2 2 2 2 2 2 2 2 2 1 2 2 2 2 2 2 2 2 2 1 2 2 2 2 2 2 2 2 2 1 2 2 2 2 2 2 2 2 2 1 2 2 2 2 2 2 2 2 2 1 2 2 2 2 2 2 2 2 2 1 2 2 2 2 2 2 2 2 2 1 2 2 2 2 2 2 2 2 2 2 2 2 2 2 2 2 2 2 2 2 2 2 2 2 2 2 2 2 2 2 2 2 2 2 2 2 2 2 2 2 2 2 2 2 2 2 2 2 2 2 2 2 2 2 2 2 2 2 2 2 2 2 2 2 2 2 2 2 2 2 2 2 2 2 2 2 2 2 2 2 2 2 2 2 2 2 2 2 2 2 2 2 2 2 2 2 2 2 2 2 2 2 2 1 2 2 1 2 2 2 2 2 2 1 2 2 1 2 2 2 2 2 2 1 2 2 1 2 2 2 2 2 2 1 2 2 1 2 2 2 2 2 2 1 2 2 1 2 2 2 2 2 2 1 2 2 1 2 2 2 2 2 2 1 2 2 1 2 2 2 2 2 2 1 2 2 1 2 2 2 2 2 2 1 2 2 1 2 2 2 2 2 2 1 2 2 1 2 2 2 2 2 2 2 2 2 2 2 2 1 2 2 2 2 2 2 2 2 2 1 2 2 2 2 2 2 2 2 2 1 2 2 2 2 2 2 2 2 2 1 2 2 2 2 2 2 2 2 2 1 2 2 2 2 2 2 2 2 2 1 2 2 2 2 2 2 2 2 2 1 2 2 2 2 2 2 2 2 2 1 2 2 2 2 2 2 2 2 2 1 2 2 2 2 2 2 2 2 2 1 2 2 2 2 2 2 2 2 2 2 2 2 2 2 2 2 2 2 2 2 2 2 2 2 2 2 2 2 2 2 2 2 2 2 2 2 2 2 2 2 2 2 2 2 2 2 2 2 2 2 2 2 2 2 2 2 2 2 2 2 2 2 2 2 2 2 2 2 2 2 2 2 2 2 2 2 2 2 2 2 2 2 2 2 2 2 2 2 2 2 2 2 2 2 2 2 2 2 2 2 2 2 2 1 2 2 1 2 2 2 2 2 2 1 2 2 1 2 2 2 2 2 2 1 2 2 1 2 2 2 2 2 2 1 2 2 1 2 2 2 2 2 2 1 2 2 1 2 2 2 2 2 2 1 2 2 1 2 2 2 2 2 2 1 2 2 1 2 2 2 2 2 2 1 2 2 1 2 2 2 2 2 2 1 2 2 1 2 2 2 2 2 2 1 2 2 1 2 2 2 2 2 2 2 2 2 2 2 2 1 2 2 2 2 2 2 2 2 2 1 2 2 2 2 2 2 2 2 2 1 2 2 2 2 2 2 2 2 2 1 2 2 2 2 2 2 2 2 2 1 2 2 2 2 2 2 2 2 2 1 2 2 2 2 2 2 2 2 2 1 2 2 2 2 2 2 2 2 2 1 2 2 2 2 2 2 2 2 2 1 2 2 2 2 2 2 2 2 2 1 2 2 2 2 2 2 2 2 2 2 2 2 2 2 2 2 2 2 2 2 2 2 2 2 2 2 2 2 2 2 2 2 2 2 2 2 2 2 2 2 2 2 2 2 2 2 2 2 2 2 2 2 2 2 2 2 2 2 2 2 2 2 2 2 2 2 2 2 2 2 2 2 2 2 2 2 2 2 2 2 2 2 2 2 2 2 2 2 2 2 2 2 2 2 2 2 2 2 2 2 2 2 2 1 2 2 1 2 2 2 2 2 2 1 2 2 1 2 2 2 2 2 2 1 2 2 1 2 2 2 2 2 2 1 2 2 1 2 2 2 2 2 2 1 2 2 1 2 2 2 2 2 2 1 2 2 1 2 2 2 2 2 2 1 2 2 1 2 2 2 2 2 2 1 2 2 1 2 2 2 2 2 2 1 2 2 1 2 2 2 2 2 2 1 2 2 1 2 2 2 2 2 2 2 2 2 2 2 2 1 2 2 2 2 2 2 2 2 2 1 2 2 2 2 2 2 2 2 2 1 2 2 2 2 2 2 2 2 2 1 2 2 2 2 2 2 2 2 2 1 2 2 2 2 2 2 2 2 2 1 2 2 2 2 2 2 2 2 2 1 2 2 2 2 2 2 2 2 2 1 2 2 2 2 2 2 2 2 2 1 2 2 2 2 2 2 2 2 2 1 2 2 2 1 2 2 2 2 2 2 2 2 2 1 2 2 2 2 2 2 2 2 2 1 2 2 2 2 2 2 2 2 2 1 2 2 2 2 2 2 2 2 2 1 2 2 2 2 2 2 2 2 2 1 2 2 2 2 2 2 2 2 2 1 2 2 2 2 2 2 2 2 2 1 2 2 2 2 2 2 2 2 2 1 2 2 2 2 2 2 2 2 2 1 2 2 2 2 2 2 2 2 2 2 2 2 2 2 2 2 2 2 2 2 2 2 2 2 2 2 2 2 2 2 2 2 2 2 2 2 2 2 2 2 2 2 2 2 2 2 2 2 2 2 2 2 2 2 2 2 2 2 2 2 2 2 2 2 2 2 2 2 2 2 2 2 2 2 2 2 2 2 2 2 2 2 2 2 2 2 2 2 2 2 2 2 2 2 2 2 2 2 2 2 2 2 2 2 2 2 2 2 2 2 2 2 1 2 2 1 2 2 2 2 2 2 1 2 2 1 2 2 2 2 2 2 1 2 2 1 2 2 2 2 2 2 1 2 2 1 2 2 2 2 2 2 1 2 2 1 2 2 2 2 2 2 1 2 2 1 2 2 2 2 2 2 1 2 2 1 2 2 2 2 2 2 1 2 2 1 2 2 2 2 2 2 1 2 2 1 2 2 2 2 2 2 1 2 2 1 2 2 2 1 2 2 2 2 2 2 2 2 2 1 2 2 2 2 2 2 2 2 2 1 2 2 2 2 2 2 2 2 2 1 2 2 2 2 2 2 2 2 2 1 2 2 2 2 2 2 2 2 2 1 2 2 2 2 2 2 2 2 2 1 2 2 2 2 2 2 2 2 2 1 2 2 2 2 2 2 2 2 2 1 2 2 2 2 2 2 2 2 2 1 2 2 2 2 2 2 2 2 2 2 2 2 2 2 2 2 2 2 2 2 2 2 2 2 2 2 2 2 2 2 2 2 2 2 2 2 2 2 2 2 2 2 2 2 2 2 2 2 2 2 2 2 2 2 2 2 2 2 2 2 2 2 2 2 2 2 2 2 2 2 2 2 2 2 2 2 2 2 2 2 2 2 2 2 2 2 2 2 2 2 2 2 2 2 2 2 2 2 2 2 2 2 2 2 2 2 2 2 2 2 2 2 1 2 2 1 2 2 2 2 2 2 1 2 2 1 2 2 2 2 2 2 1 2 2 1 2 2 2 2 2 2 1 2 2 1 2 2 2 2 2 2 1 2 2 1 2 2 2 2 2 2 1 2 2 1 2 2 2 2 2 2 1 2 2 1 2 2 2 2 2 2 1 2 2 1 2 2 2 2 2 2 1 2 2 1 2 2 2 2 2 2 1 2 2 1 2 2 2 1 2 2 2 2 2 2 2 2 2 1 2 2 2 2 2 2 2 2 2 1 2 2 2 2 2 2 2 2 2 1 2 2 2 2 2 2 2 2 2 1 2 2 2 2 2 2 2 2 2 1 2 2 2 2 2 2 2 2 2 1 2 2 2 2 2 2 2 2 2 1 2 2 2 2 2 2 2 2 2 1 2 2 2 2 2 2 2 2 2 1 2 2 2 2 2 2 2 2 2 2 2 2 2 2 2 2 2 2 2 2 2 2 2 2 2 2 2 2 2 2 2 2 2 2 2 2 2 2 2 2 2 2 2 2 2 2 2 2 2 2 2 2 2 2 2 2 2 2 2 2 2 2 2 2 2 2 2 2 2 2 2 2 2 2 2 2 2 2 2 2 2 2 2 2 2 2 2 2 2 2 2 2 2 2 2 2 2 2 2 2 2 2 2 2 2 2 2 2 2 2 2 2 1 2 2 1 2 2 2 2 2 2 1 2 2 1 2 2 2 2 2 2 1 2 2 1 2 2 2 2 2 2 1 2 2 1 2 2 2 2 2 2 1 2 2 1 2 2 2 2 2 2 1 2 2 1 2 2 2 2 2 2 1 2 2 1 2 2 2 2 2 2 1 2 2 1 2 2 2 2 2 2 1 2 2 1 2 2 2 2 2 2 1 2 2 1 2 2 2 1 2 2 2 2 2 2 2 2 2 1 2 2 2 2 2 2 2 2 2 1 2 2 2 2 2 2 2 2 2 1 2 2 2 2 2 2 2 2 2 1 2 2 2 2 2 2 2 2 2 1 2 2 2 2 2 2 2 2 2 1 2 2 2 2 2 2 2 2 2 1 2 2 2 2 2 2 2 2 2 1 2 2 2 2 2 2 2 2 2 1 2 2 2 2 2 2 2 2 2 2 2 2 2 2 2 1 2 2 2 2 2 2 2 2 2 1 2 2 2 2 2 2 2 2 2 1 2 2 2 2 2 2 2 2 2 1 2 2 2 2 2 2 2 2 2 1 2 2 2 2 2 2 2 2 2 1 2 2 2 2 2 2 2 2 2 1 2 2 2 2 2 2 2 2 2 1 2 2 2 2 2 2 2 2 2 1 2 2 2 2 2 2 2 2 2 1 2 2 2 2 2 2 2 2 2 2 2 2 2 2 2 2 2 2 2 2 2 2 2 2 2 2 2 2 2 2 2 2 2 2 2 2 2 2 2 2 2 2 2 2 2 2 2 2 2 2 2 2 2 2 2 2 2 2 2 2 2 2 2 2 2 2 2 2 2 2 2 2 2 2 2 2 2 2 2 2 2 2 2 2 2 2 2 2 2 2 2 2 2 2 2 2 2 2 2 2 2 2 2 1 2 2 1 2 2 2 2 2 2 1 2 2 1 2 2 2 2 2 2 1 2 2 1 2 2 2 2 2 2 1 2 2 1 2 2 2 2 2 2 1 2 2 1 2 2 2 2 2 2 1 2 2 1 2 2 2 2 2 2 1 2 2 1 2 2 2 2 2 2 1 2 2 1 2 2 2 2 2 2 1 2 2 1 2 2 2 2 2 2 1 2 2 1 2 2 2 2 2 2 2 2 2 2 2 2 1 2 2 2 2 2 2 2 2 2 1 2 2 2 2 2 2 2 2 2 1 2 2 2 2 2 2 2 2 2 1 2 2 2 2 2 2 2 2 2 1 2 2 2 2 2 2 2 2 2 1 2 2 2 2 2 2 2 2 2 1 2 2 2 2 2 2 2 2 2 1 2 2 2 2 2 2 2 2 2 1 2 2 2 2 2 2 2 2 2 1 2 2 2 2 2 2 2 2 2 2 2 2 2 2 2 2 2 2 2 2 2 2 2 2 2 2 2 2 2 2 2 2 2 2 2 2 2 2 2 2 2 2 2 2 2 2 2 2 2 2 2 2 2 2 2 2 2 2 2 2 2 2 2 2 2 2 2 2 2 2 2 2 2 2 2 2 2 2 2 2 2 2 2 2 2 2 2 2 2 2 2 2 2 2 2 2 2 2 2 2 2 2 2 1 2 2 1 2 2 2 2 2 2 1 2 2 1 2 2 2 2 2 2 1 2 2 1 2 2 2 2 2 2 1 2 2 1 2 2 2 2 2 2 1 2 2 1 2 2 2 2 2 2 1 2 2 1 2 2 2 2 2 2 1 2 2 1 2 2 2 2 2 2 1 2 2 1 2 2 2 2 2 2 1 2 2 1 2 2 2 2 2 2 1 2 2 1 2 2 2 2 2 2 2 2 2 2 2 2 1 2 2 2 2 2 2 2 2 2 1 2 2 2 2 2 2 2 2 2 1 2 2 2 2 2 2 2 2 2 1 2 2 2 2 2 2 2 2 2 1 2 2 2 2 2 2 2 2 2 1 2 2 2 2 2 2 2 2 2 1 2 2 2 2 2 2 2 2 2 1 2 2 2 2 2 2 2 2 2 1 2 2 2 2 2 2 2 2 2 1 2 2 2 2 2 2 2 2 2 2 2 2 2 2 2 2 2 2 2 2 2 2 2 2 2 2 2 2 2 2 2 2 2 2 2 2 2 2 2 2 2 2 2 2 2 2 2 2 2 2 2 2 2 2 2 2 2 2 2 2 2 2 2 2 2 2 2 2 2 2 2 2 2 2 2 2 2 2 2 2 2 2 2 2 2 2 2 2 2 2 2 2 2 2 2 2 2 2 2 2 2 2 2 1 2 2 1 2 2 2 2 2 2 1 2 2 1 2 2 2 2 2 2 1 2 2 1 2 2 2 2 2 2 1 2 2 1 2 2 2 2 2 2 1 2 2 1 2 2 2 2 2 2 1 2 2 1 2 2 2 2 2 2 1 2 2 1 2 2 2 2 2 2 1 2 2 1 2 2 2 2 2 2 1 2 2 1 2 2 2 2 2 2 1 2 2 1 2 2 2 2 2 2 2 2 2 2 2 2 1 2 2 2 2 2 2 2 2 2 1 2 2 2 2 2 2 2 2 2 1 2 2 2 2 2 2 2 2 2 1 2 2 2 2 2 2 2 2 2 1 2 2 2 2 2 2 2 2 2 1 2 2 2 2 2 2 2 2 2 1 2 2 2 2 2 2 2 2 2 1 2 2 2 2 2 2 2 2 2 1 2 2 2 2 2 2 2 2 2 1 2 
</Matrix>
   <Matrix name="starterNeurons" type="complete" rows="1" columns="1000" multiplier="1.0">
   7 17 27 37 47 57 67 77 87 97 101 104 111 114 121 124 131 134 141 144 151 154 161 164 171 174 181 184 191 194 307 317 327 337 347 357 367 377 387 397 401 404 411 414 421 424 431 434 441 444 451 454 461 464 471 474 481 484 491 494 607 617 627 637 647 657 667 677 687 697 701 704 711 714 721 724 731 734 741 744 751 754 761 764 771 774 781 784 791 794 907 917 927 937 947 957 967 977 987 997 1007 1017 1027 1037 1047 1057 1067 1077 1087 1097 1101 1104 1111 1114 1121 1124 1131 1134 1141 1144 1151 1154 1161 1164 1171 1174 1181 1184 1191 1194 1307 1317 1327 1337 1347 1357 1367 1377 1387 1397 1401 1404 1411 1414 1421 1424 1431 1434 1441 1444 1451 1454 1461 1464 1471 1474 1481 1484 1491 1494 1607 1617 1627 1637 1647 1657 1667 1677 1687 1697 1701 1704 1711 1714 1721 1724 1731 1734 1741 1744 1751 1754 1761 1764 1771 1774 1781 1784 1791 1794 1907 1917 1927 1937 1947 1957 1967 1977 1987 1997 2007 2017 2027 2037 2047 2057 2067 2077 2087 2097 2101 2104 2111 2114 2121 2124 2131 2134 2141 2144 2151 2154 2161 2164 2171 2174 2181 2184 2191 2194 2307 2317 2327 2337 2347 2357 2367 2377 2387 2397 2401 2404 2411 2414 2421 2424 2431 2434 2441 2444 2451 2454 2461 2464 2471 2474 2481 2484 2491 2494 2607 2617 2627 2637 2647 2657 2667 2677 2687 2697 2701 2704 2711 2714 2721 2724 2731 2734 2741 2744 2751 2754 2761 2764 2771 2774 2781 2784 2791 2794 2907 2917 2927 2937 2947 2957 2967 2977 2987 2997 3007 3017 3027 3037 3047 3057 3067 3077 3087 3097 3101 3104 3111 3114 3121 3124 3131 3134 3141 3144 3151 3154 3161 3164 3171 3174 3181 3184 3191 3194 3307 3317 3327 3337 3347 3357 3367 3377 3387 3397 3401 3404 3411 3414 3421 3424 3431 3434 3441 3444 3451 3454 3461 3464 3471 3474 3481 3484 3491 3494 3607 3617 3627 3637 3647 3657 3667 3677 3687 3697 3701 3704 3711 3714 3721 3724 3731 3734 3741 3744 3751 3754 3761 3764 3771 3774 3781 3784 3791 3794 3907 3917 3927 3937 3947 3957 3967 3977 3987 3997 4007 4017 4027 4037 4047 4057 4067 4077 4087 4097 4101 4104 4111 4114 4121 4124 4131 4134 4141 4144 4151 4154 4161 4164 4171 4174 4181 4184 4191 4194 4307 4317 4327 4337 4347 4357 4367 4377 4387 4397 4401 4404 4411 4414 4421 4424 4431 4434 4441 4444 4451 4454 4461 4464 4471 4474 4481 4484 4491 4494 4607 4617 4627 4637 4647 4657 4667 4677 4687 4697 4701 4704 4711 4714 4721 4724 4731 4734 4741 4744 4751 4754 4761 4764 4771 4774 4781 4784 4791 4794 4907 4917 4927 4937 4947 4957 4967 4977 4987 4997 5007 5017 5027 5037 5047 5057 5067 5077 5087 5097 5101 5104 5111 5114 5121 5124 5131 5134 5141 5144 5151 5154 5161 5164 5171 5174 5181 5184 5191 5194 5307 5317 5327 5337 5347 5357 5367 5377 5387 5397 5401 5404 5411 5414 5421 5424 5431 5434 5441 5444 5451 5454 5461 5464 5471 5474 5481 5484 5491 5494 5607 5617 5627 5637 5647 5657 5667 5677 5687 5697 5701 5704 5711 5714 5721 5724 5731 5734 5741 5744 5751 5754 5761 5764 5771 5774 5781 5784 5791 5794 5907 5917 5927 5937 5947 5957 5967 5977 5987 5997 6007 6017 6027 6037 6047 6057 6067 6077 6087 6097 6101 6104 6111 6114 6121 6124 6131 6134 6141 6144 6151 6154 6161 6164 6171 6174 6181 6184 6191 6194 6307 6317 6327 6337 6347 6357 6367 6377 6387 6397 6401 6404 6411 6414 6421 6424 6431 6434 6441 6444 6451 6454 6461 6464 6471 6474 6481 6484 6491 6494 6607 6617 6627 6637 6647 6657 6667 6677 6687 6697 6701 6704 6711 6714 6721 6724 6731 6734 6741 6744 6751 6754 6761 6764 6771 6774 6781 6784 6791 6794 6907 6917 6927 6937 6947 6957 6967 6977 6987 6997 7007 7017 7027 7037 7047 7057 7067 7077 7087 7097 7101 7104 7111 7114 7121 7124 7131 7134 7141 7144 7151 7154 7161 7164 7171 7174 7181 7184 7191 7194 7307 7317 7327 7337 7347 7357 7367 7377 7387 7397 7401 7404 7411 7414 7421 7424 7431 7434 7441 7444 7451 7454 7461 7464 7471 7474 7481 7484 7491 7494 7607 7617 7627 7637 7647 7657 7667 7677 7687 7697 7701 7704 7711 7714 7721 7724 7731 7734 7741 7744 7751 7754 7761 7764 7771 7774 7781 7784 7791 7794 7907 7917 7927 7937 7947 7957 7967 7977 7987 7997 8007 8017 8027 8037 8047 8057 8067 8077 8087 8097 8101 8104 8111 8114 8121 8124 8131 8134 8141 8144 8151 8154 8161 8164 8171 8174 8181 8184 8191 8194 8307 8317 8327 8337 8347 8357 8367 8377 8387 8397 8401 8404 8411 8414 8421 8424 8431 8434 8441 8444 8451 8454 8461 8464 8471 8474 8481 8484 8491 8494 8607 8617 8627 8637 8647 8657 8667 8677 8687 8697 8701 8704 8711 8714 8721 8724 8731 8734 8741 8744 8751 8754 8761 8764 8771 8774 8781 8784 8791 8794 8907 8917 8927 8937 8947 8957 8967 8977 8987 8997 9007 9017 9027 9037 9047 9057 9067 9077 9087 9097 9101 9104 9111 9114 9121 9124 9131 9134 9141 9144 9151 9154 9161 9164 9171 9174 9181 9184 9191 9194 9307 9317 9327 9337 9347 9357 9367 9377 9387 9397 9401 9404 9411 9414 9421 9424 9431 9434 9441 9444 9451 9454 9461 9464 9471 9474 9481 9484 9491 9494 9607 9617 9627 9637 9647 9657 9667 9677 9687 9697 9701 9704 9711 9714 9721 9724 9731 9734 9741 9744 9751 9754 9761 9764 9771 9774 9781 9784 9791 9794 9907 9917 9927 9937 9947 9957 9967 9977 9987 9997 
</Matrix>
   <Matrix name="neuronThresh" type="complete" rows="1" columns="10000" multiplier="1.0">
   0.015 0.015 0.015 0.015 0.015 0.015 0.015 0.0136439 0.015 0.015 0.015 0.015 0.015 0.015 0.015 0.015 0.015 0.0135698 0.015 0.015 0.015 0.015 0.015 0.015 0.015 0.015 0.015 0.0136035 0.015 0.015 0.015 0.015 0.015 0.015 0.015 0.015 0.015 0.0136481 0.015 0.015 0.015 0.015 0.015 0.015 0.015 0.015 0.015 0.0136154 0.015 0.015 0.015 0.015 0.015 0.015 0.015 0.015 0.015 0.0135983 0.015 0.015 0.015 0.015 0.015 0.015 0.015 0.015 0.015 0.0136005 0.015 0.015 0.015 0.015 0.015 0.015 0.015 0.015 0.015 0.0136454 0.015 0.015 0.015 0.015 0.015 0.015 0.015 0.015 0.015 0.013621 0.015 0.015 0.015 0.015 0.015 0.015 0.015 0.015 0.015 0.0136163 0.015 0.015 0.015 0.0136306 0.015 0.015 0.0135787 0.015 0.015 0.015 0.015 0.015 0.015 0.013637 0.015 0.015 0.0136354 0.015 0.015 0.015 0.015 0.015 0.015 0.0136048 0.015 0.015 0.0135841 0.015 0.015 0.015 0.015 0.015 0.015 0.0136373 0.015 0.015 0.0135667 0.015 0.015 0.015 0.015 0.015 0.015 0.0136506 0.015 0.015 0.013629 0.015 0.015 0.015 0.015 0.015 0.015 0.0136295 0.015 0.015 0.0135911 0.015 0.015 0.015 0.015 0.015 0.015 0.0136282 0.015 0.015 0.0136164 0.015 0.015 0.015 0.015 0.015 0.015 0.0136093 0.015 0.015 0.0135955 0.015 0.015 0.015 0.015 0.015 0.015 0.0136397 0.015 0.015 0.0136323 0.015 0.015 0.015 0.015 0.015 0.015 0.0135837 0.015 0.015 0.0135764 0.015 0.015 0.015 0.015 0.015 0.015 0.015 0.015 0.015 0.015 0.015 0.015 0.015 0.015 0.015 0.015 0.015 0.015 0.015 0.015 0.015 0.015 0.015 0.015 0.015 0.015 0.015 0.015 0.015 0.015 0.015 0.015 0.015 0.015 0.015 0.015 0.015 0.015 0.015 0.015 0.015 0.015 0.015 0.015 0.015 0.015 0.015 0.015 0.015 0.015 0.015 0.015 0.015 0.015 0.015 0.015 0.015 0.015 0.015 0.015 0.015 0.015 0.015 0.015 0.015 0.015 0.015 0.015 0.015 0.015 0.015 0.015 0.015 0.015 0.015 0.015 0.015 0.015 0.015 0.015 0.015 0.015 0.015 0.015 0.015 0.015 0.015 0.015 0.015 0.015 0.015 0.015 0.015 0.015 0.015 0.015 0.015 0.015 0.015 0.015 0.015 0.015 0.015 0.015 0.015 0.015 0.015 0.015 0.015 0.015 0.015 0.015 0.0135665 0.015 0.015 0.015 0.015 0.015 0.015 0.015 0.015 0.015 0.0136164 0.015 0.015 0.015 0.015 0.015 0.015 0.015 0.015 0.015 0.0135824 0.015 0.015 0.015 0.015 0.015 0.015 0.015 0.015 0.015 0.013596 0.015 0.015 0.015 0.015 0.015 0.015 0.015 0.015 0.015 0.0136212 0.015 0.015 0.015 0.015 0.015 0.015 0.015 0.015 0.015 0.0136442 0.015 0.015 0.015 0.015 0.015 0.015 0.015 0.015 0.015 0.0135722 0.015 0.015 0.015 0.015 0.015 0.015 0.015 0.015 0.015 0.0136065 0.015 0.015 0.015 0.015 0.015 0.015 0.015 0.015 0.015 0.0136511 0.015 0.015 0.015 0.015 0.015 0.015 0.015 0.015 0.015 0.0136527 0.015 0.015 0.015 0.0136073 0.015 0.015 0.0135995 0.015 0.015 0.015 0.015 0.015 0.015 0.0135721 0.015 0.015 0.0135816 0.015 0.015 0.015 0.015 0.015 0.015 0.0136014 0.015 0.015 0.013628 0.015 0.015 0.015 0.015 0.015 0.015 0.0136155 0.015 0.015 0.0136116 0.015 0.015 0.015 0.015 0.015 0.015 0.0135663 0.015 0.015 0.0136303 0.015 0.015 0.015 0.015 0.015 0.015 0.0136347 0.015 0.015 0.0136512 0.015 0.015 0.015 0.015 0.015 0.015 0.0135853 0.015 0.015 0.0135961 0.015 0.015 0.015 0.015 0.015 0.015 0.01359 0.015 0.015 0.0135908 0.015 0.015 0.015 0.015 0.015 0.015 0.0136246 0.015 0.015 0.0136541 0.015 0.015 0.015 0.015 0.015 0.015 0.0135781 0.015 0.015 0.0136152 0.015 0.015 0.015 0.015 0.015 0.015 0.015 0.015 0.015 0.015 0.015 0.015 0.015 0.015 0.015 0.015 0.015 0.015 0.015 0.015 0.015 0.015 0.015 0.015 0.015 0.015 0.015 0.015 0.015 0.015 0.015 0.015 0.015 0.015 0.015 0.015 0.015 0.015 0.015 0.015 0.015 0.015 0.015 0.015 0.015 0.015 0.015 0.015 0.015 0.015 0.015 0.015 0.015 0.015 0.015 0.015 0.015 0.015 0.015 0.015 0.015 0.015 0.015 0.015 0.015 0.015 0.015 0.015 0.015 0.015 0.015 0.015 0.015 0.015 0.015 0.015 0.015 0.015 0.015 0.015 0.015 0.015 0.015 0.015 0.015 0.015 0.015 0.015 0.015 0.015 0.015 0.015 0.015 0.015 0.015 0.015 0.015 0.015 0.015 0.015 0.015 0.015 0.015 0.015 0.015 0.015 0.015 0.015 0.015 0.015 0.015 0.015 0.0136191 0.015 0.015 0.015 0.015 0.015 0.015 0.015 0.015 0.015 0.0135718 0.015 0.015 0.015 0.015 0.015 0.015 0.015 0.015 0.015 0.013576 0.015 0.015 0.015 0.015 0.015 0.015 0.015 0.015 0.015 0.013586 0.015 0.015 0.015 0.015 0.015 0.015 0.015 0.015 0.015 0.0136109 0.015 0.015 0.015 0.015 0.015 0.015 0.015 0.015 0.015 0.0136463 0.015 0.015 0.015 0.015 0.015 0.015 0.015 0.015 0.015 0.0135989 0.015 0.015 0.015 0.015 0.015 0.015 0.015 0.015 0.015 0.0136193 0.015 0.015 0.015 0.015 0.015 0.015 0.015 0.015 0.015 0.0135652 0.015 0.015 0.015 0.015 0.015 0.015 0.015 0.015 0.015 0.0136276 0.015 0.015 0.015 0.0135667 0.015 0.015 0.0136325 0.015 0.015 0.015 0.015 0.015 0.015 0.0136098 0.015 0.015 0.0136002 0.015 0.015 0.015 0.015 0.015 0.015 0.0136319 0.015 0.015 0.0136328 0.015 0.015 0.015 0.015 0.015 0.015 0.0136487 0.015 0.015 0.0136318 0.015 0.015 0.015 0.015 0.015 0.015 0.0136247 0.015 0.015 0.0135822 0.015 0.015 0.015 0.015 0.015 0.015 0.0135936 0.015 0.015 0.0136344 0.015 0.015 0.015 0.015 0.015 0.015 0.0136209 0.015 0.015 0.0135754 0.015 0.015 0.015 0.015 0.015 0.015 0.0136483 0.015 0.015 0.013618 0.015 0.015 0.015 0.015 0.015 0.015 0.0135754 0.015 0.015 0.0135851 0.015 0.015 0.015 0.015 0.015 0.015 0.0135741 0.015 0.015 0.0136358 0.015 0.015 0.015 0.015 0.015 0.015 0.015 0.015 0.015 0.015 0.015 0.015 0.015 0.015 0.015 0.015 0.015 0.015 0.015 0.015 0.015 0.015 0.015 0.015 0.015 0.015 0.015 0.015 0.015 0.015 0.015 0.015 0.015 0.015 0.015 0.015 0.015 0.015 0.015 0.015 0.015 0.015 0.015 0.015 0.015 0.015 0.015 0.015 0.015 0.015 0.015 0.015 0.015 0.015 0.015 0.015 0.015 0.015 0.015 0.015 0.015 0.015 0.015 0.015 0.015 0.015 0.015 0.015 0.015 0.015 0.015 0.015 0.015 0.015 0.015 0.015 0.015 0.015 0.015 0.015 0.015 0.015 0.015 0.015 0.015 0.015 0.015 0.015 0.015 0.015 0.015 0.015 0.015 0.015 0.015 0.015 0.015 0.015 0.015 0.015 0.015 0.015 0.015 0.015 0.015 0.015 0.015 0.015 0.015 0.015 0.015 0.015 0.0136168 0.015 0.015 0.015 0.015 0.015 0.015 0.015 0.015 0.015 0.0136395 0.015 0.015 0.015 0.015 0.015 0.015 0.015 0.015 0.015 0.0135833 0.015 0.015 0.015 0.015 0.015 0.015 0.015 0.015 0.015 0.0135932 0.015 0.015 0.015 0.015 0.015 0.015 0.015 0.015 0.015 0.0136517 0.015 0.015 0.015 0.015 0.015 0.015 0.015 0.015 0.015 0.0136159 0.015 0.015 0.015 0.015 0.015 0.015 0.015 0.015 0.015 0.0136364 0.015 0.015 0.015 0.015 0.015 0.015 0.015 0.015 0.015 0.0136426 0.015 0.015 0.015 0.015 0.015 0.015 0.015 0.015 0.015 0.0135883 0.015 0.015 0.015 0.015 0.015 0.015 0.015 0.015 0.015 0.0136479 0.015 0.015 0.015 0.015 0.015 0.015 0.015 0.015 0.015 0.013627 0.015 0.015 0.015 0.015 0.015 0.015 0.015 0.015 0.015 0.0135715 0.015 0.015 0.015 0.015 0.015 0.015 0.015 0.015 0.015 0.0135862 0.015 0.015 0.015 0.015 0.015 0.015 0.015 0.015 0.015 0.01357 0.015 0.015 0.015 0.015 0.015 0.015 0.015 0.015 0.015 0.0135834 0.015 0.015 0.015 0.015 0.015 0.015 0.015 0.015 0.015 0.0136515 0.015 0.015 0.015 0.015 0.015 0.015 0.015 0.015 0.015 0.0136177 0.015 0.015 0.015 0.015 0.015 0.015 0.015 0.015 0.015 0.0135865 0.015 0.015 0.015 0.015 0.015 0.015 0.015 0.015 0.015 0.0135739 0.015 0.015 0.015 0.015 0.015 0.015 0.015 0.015 0.015 0.01359 0.015 0.015 0.015 0.0135804 0.015 0.015 0.0135991 0.015 0.015 0.015 0.015 0.015 0.015 0.0135935 0.015 0.015 0.0136291 0.015 0.015 0.015 0.015 0.015 0.015 0.0135784 0.015 0.015 0.0136097 0.015 0.015 0.015 0.015 0.015 0.015 0.0135885 0.015 0.015 0.0135748 0.015 0.015 0.015 0.015 0.015 0.015 0.0135889 0.015 0.015 0.0135947 0.015 0.015 0.015 0.015 0.015 0.015 0.0135815 0.015 0.015 0.0135767 0.015 0.015 0.015 0.015 0.015 0.015 0.0135934 0.015 0.015 0.0135799 0.015 0.015 0.015 0.015 0.015 0.015 0.0135986 0.015 0.015 0.0135849 0.015 0.015 0.015 0.015 0.015 0.015 0.0136255 0.015 0.015 0.0136105 0.015 0.015 0.015 0.015 0.015 0.015 0.0135859 0.015 0.015 0.0136134 0.015 0.015 0.015 0.015 0.015 0.015 0.015 0.015 0.015 0.015 0.015 0.015 0.015 0.015 0.015 0.015 0.015 0.015 0.015 0.015 0.015 0.015 0.015 0.015 0.015 0.015 0.015 0.015 0.015 0.015 0.015 0.015 0.015 0.015 0.015 0.015 0.015 0.015 0.015 0.015 0.015 0.015 0.015 0.015 0.015 0.015 0.015 0.015 0.015 0.015 0.015 0.015 0.015 0.015 0.015 0.015 0.015 0.015 0.015 0.015 0.015 0.015 0.015 0.015 0.015 0.015 0.015 0.015 0.015 0.015 0.015 0.015 0.015 0.015 0.015 0.015 0.015 0.015 0.015 0.015 0.015 0.015 0.015 0.015 0.015 0.015 0.015 0.015 0.015 0.015 0.015 0.015 0.015 0.015 0.015 0.015 0.015 0.015 0.015 0.015 0.015 0.015 0.015 0.015 0.015 0.015 0.015 0.015 0.015 0.015 0.015 0.015 0.0136023 0.015 0.015 0.015 0.015 0.015 0.015 0.015 0.015 0.015 0.0136455 0.015 0.015 0.015 0.015 0.015 0.015 0.015 0.015 0.015 0.0135768 0.015 0.015 0.015 0.015 0.015 0.015 0.015 0.015 0.015 0.0136461 0.015 0.015 0.015 0.015 0.015 0.015 0.015 0.015 0.015 0.0135967 0.015 0.015 0.015 0.015 0.015 0.015 0.015 0.015 0.015 0.0135663 0.015 0.015 0.015 0.015 0.015 0.015 0.015 0.015 0.015 0.0136306 0.015 0.015 0.015 0.015 0.015 0.015 0.015 0.015 0.015 0.0136231 0.015 0.015 0.015 0.015 0.015 0.015 0.015 0.015 0.015 0.0136204 0.015 0.015 0.015 0.015 0.015 0.015 0.015 0.015 0.015 0.0135932 0.015 0.015 0.015 0.0135899 0.015 0.015 0.0136315 0.015 0.015 0.015 0.015 0.015 0.015 0.0136336 0.015 0.015 0.0136529 0.015 0.015 0.015 0.015 0.015 0.015 0.0135919 0.015 0.015 0.0135714 0.015 0.015 0.015 0.015 0.015 0.015 0.0135698 0.015 0.015 0.0136031 0.015 0.015 0.015 0.015 0.015 0.015 0.0135743 0.015 0.015 0.0136103 0.015 0.015 0.015 0.015 0.015 0.015 0.0135671 0.015 0.015 0.01357 0.015 0.015 0.015 0.015 0.015 0.015 0.0135735 0.015 0.015 0.0136487 0.015 0.015 0.015 0.015 0.015 0.015 0.0136001 0.015 0.015 0.0136311 0.015 0.015 0.015 0.015 0.015 0.015 0.0136271 0.015 0.015 0.0135719 0.015 0.015 0.015 0.015 0.015 0.015 0.0136449 0.015 0.015 0.0135903 0.015 0.015 0.015 0.015 0.015 0.015 0.015 0.015 0.015 0.015 0.015 0.015 0.015 0.015 0.015 0.015 0.015 0.015 0.015 0.015 0.015 0.015 0.015 0.015 0.015 0.015 0.015 0.015 0.015 0.015 0.015 0.015 0.015 0.015 0.015 0.015 0.015 0.015 0.015 0.015 0.015 0.015 0.015 0.015 0.015 0.015 0.015 0.015 0.015 0.015 0.015 0.015 0.015 0.015 0.015 0.015 0.015 0.015 0.015 0.015 0.015 0.015 0.015 0.015 0.015 0.015 0.015 0.015 0.015 0.015 0.015 0.015 0.015 0.015 0.015 0.015 0.015 0.015 0.015 0.015 0.015 0.015 0.015 0.015 0.015 0.015 0.015 0.015 0.015 0.015 0.015 0.015 0.015 0.015 0.015 0.015 0.015 0.015 0.015 0.015 0.015 0.015 0.015 0.015 0.015 0.015 0.015 0.015 0.015 0.015 0.015 0.015 0.0135781 0.015 0.015 0.015 0.015 0.015 0.015 0.015 0.015 0.015 0.0136525 0.015 0.015 0.015 0.015 0.015 0.015 0.015 0.015 0.015 0.0135883 0.015 0.015 0.015 0.015 0.015 0.015 0.015 0.015 0.015 0.0135735 0.015 0.015 0.015 0.015 0.015 0.015 0.015 0.015 0.015 0.0136496 0.015 0.015 0.015 0.015 0.015 0.015 0.015 0.015 0.015 0.0135822 0.015 0.015 0.015 0.015 0.015 0.015 0.015 0.015 0.015 0.013591 0.015 0.015 0.015 0.015 0.015 0.015 0.015 0.015 0.015 0.0136099 0.015 0.015 0.015 0.015 0.015 0.015 0.015 0.015 0.015 0.0135862 0.015 0.015 0.015 0.015 0.015 0.015 0.015 0.015 0.015 0.0136015 0.015 0.015 0.015 0.0135812 0.015 0.015 0.0136026 0.015 0.015 0.015 0.015 0.015 0.015 0.0135905 0.015 0.015 0.0135932 0.015 0.015 0.015 0.015 0.015 0.015 0.0135881 0.015 0.015 0.0136003 0.015 0.015 0.015 0.015 0.015 0.015 0.0136094 0.015 0.015 0.0135652 0.015 0.015 0.015 0.015 0.015 0.015 0.0136292 0.015 0.015 0.0136164 0.015 0.015 0.015 0.015 0.015 0.015 0.0136356 0.015 0.015 0.0135875 0.015 0.015 0.015 0.015 0.015 0.015 0.0136458 0.015 0.015 0.0136522 0.015 0.015 0.015 0.015 0.015 0.015 0.0136062 0.015 0.015 0.0136246 0.015 0.015 0.015 0.015 0.015 0.015 0.013618 0.015 0.015 0.0136066 0.015 0.015 0.015 0.015 0.015 0.015 0.0135857 0.015 0.015 0.0136504 0.015 0.015 0.015 0.015 0.015 0.015 0.015 0.015 0.015 0.015 0.015 0.015 0.015 0.015 0.015 0.015 0.015 0.015 0.015 0.015 0.015 0.015 0.015 0.015 0.015 0.015 0.015 0.015 0.015 0.015 0.015 0.015 0.015 0.015 0.015 0.015 0.015 0.015 0.015 0.015 0.015 0.015 0.015 0.015 0.015 0.015 0.015 0.015 0.015 0.015 0.015 0.015 0.015 0.015 0.015 0.015 0.015 0.015 0.015 0.015 0.015 0.015 0.015 0.015 0.015 0.015 0.015 0.015 0.015 0.015 0.015 0.015 0.015 0.015 0.015 0.015 0.015 0.015 0.015 0.015 0.015 0.015 0.015 0.015 0.015 0.015 0.015 0.015 0.015 0.015 0.015 0.015 0.015 0.015 0.015 0.015 0.015 0.015 0.015 0.015 0.015 0.015 0.015 0.015 0.015 0.015 0.015 0.015 0.015 0.015 0.015 0.015 0.0136305 0.015 0.015 0.015 0.015 0.015 0.015 0.015 0.015 0.015 0.0136223 0.015 0.015 0.015 0.015 0.015 0.015 0.015 0.015 0.015 0.0136281 0.015 0.015 0.015 0.015 0.015 0.015 0.015 0.015 0.015 0.0135701 0.015 0.015 0.015 0.015 0.015 0.015 0.015 0.015 0.015 0.0136152 0.015 0.015 0.015 0.015 0.015 0.015 0.015 0.015 0.015 0.0135663 0.015 0.015 0.015 0.015 0.015 0.015 0.015 0.015 0.015 0.0136424 0.015 0.015 0.015 0.015 0.015 0.015 0.015 0.015 0.015 0.0136266 0.015 0.015 0.015 0.015 0.015 0.015 0.015 0.015 0.015 0.0135793 0.015 0.015 0.015 0.015 0.015 0.015 0.015 0.015 0.015 0.0136263 0.015 0.015 0.015 0.015 0.015 0.015 0.015 0.015 0.015 0.0135857 0.015 0.015 0.015 0.015 0.015 0.015 0.015 0.015 0.015 0.0136177 0.015 0.015 0.015 0.015 0.015 0.015 0.015 0.015 0.015 0.0136474 0.015 0.015 0.015 0.015 0.015 0.015 0.015 0.015 0.015 0.0136012 0.015 0.015 0.015 0.015 0.015 0.015 0.015 0.015 0.015 0.0136052 0.015 0.015 0.015 0.015 0.015 0.015 0.015 0.015 0.015 0.0136536 0.015 0.015 0.015 0.015 0.015 0.015 0.015 0.015 0.015 0.0135678 0.015 0.015 0.015 0.015 0.015 0.015 0.015 0.015 0.015 0.0136157 0.015 0.015 0.015 0.015 0.015 0.015 0.015 0.015 0.015 0.0135737 0.015 0.015 0.015 0.015 0.015 0.015 0.015 0.015 0.015 0.0136244 0.015 0.015 0.015 0.0136031 0.015 0.015 0.0136475 0.015 0.015 0.015 0.015 0.015 0.015 0.013635 0.015 0.015 0.0135685 0.015 0.015 0.015 0.015 0.015 0.015 0.0136091 0.015 0.015 0.013602 0.015 0.015 0.015 0.015 0.015 0.015 0.0136109 0.015 0.015 0.0135876 0.015 0.015 0.015 0.015 0.015 0.015 0.013634 0.015 0.015 0.0135847 0.015 0.015 0.015 0.015 0.015 0.015 0.0136079 0.015 0.015 0.0135732 0.015 0.015 0.015 0.015 0.015 0.015 0.0135959 0.015 0.015 0.0136265 0.015 0.015 0.015 0.015 0.015 0.015 0.0135942 0.015 0.015 0.0136175 0.015 0.015 0.015 0.015 0.015 0.015 0.0135663 0.015 0.015 0.0136432 0.015 0.015 0.015 0.015 0.015 0.015 0.0136181 0.015 0.015 0.0136339 0.015 0.015 0.015 0.015 0.015 0.015 0.015 0.015 0.015 0.015 0.015 0.015 0.015 0.015 0.015 0.015 0.015 0.015 0.015 0.015 0.015 0.015 0.015 0.015 0.015 0.015 0.015 0.015 0.015 0.015 0.015 0.015 0.015 0.015 0.015 0.015 0.015 0.015 0.015 0.015 0.015 0.015 0.015 0.015 0.015 0.015 0.015 0.015 0.015 0.015 0.015 0.015 0.015 0.015 0.015 0.015 0.015 0.015 0.015 0.015 0.015 0.015 0.015 0.015 0.015 0.015 0.015 0.015 0.015 0.015 0.015 0.015 0.015 0.015 0.015 0.015 0.015 0.015 0.015 0.015 0.015 0.015 0.015 0.015 0.015 0.015 0.015 0.015 0.015 0.015 0.015 0.015 0.015 0.015 0.015 0.015 0.015 0.015 0.015 0.015 0.015 0.015 0.015 0.015 0.015 0.015 0.015 0.015 0.015 0.015 0.015 0.015 0.0135842 0.015 0.015 0.015 0.015 0.015 0.015 0.015 0.015 0.015 0.013611 0.015 0.015 0.015 0.015 0.015 0.015 0.015 0.015 0.015 0.0136368 0.015 0.015 0.015 0.015 0.015 0.015 0.015 0.015 0.015 0.0136017 0.015 0.015 0.015 0.015 0.015 0.015 0.015 0.015 0.015 0.0136376 0.015 0.015 0.015 0.015 0.015 0.015 0.015 0.015 0.015 0.0136318 0.015 0.015 0.015 0.015 0.015 0.015 0.015 0.015 0.015 0.013591 0.015 0.015 0.015 0.015 0.015 0.015 0.015 0.015 0.015 0.0136528 0.015 0.015 0.015 0.015 0.015 0.015 0.015 0.015 0.015 0.0136094 0.015 0.015 0.015 0.015 0.015 0.015 0.015 0.015 0.015 0.013568 0.015 0.015 0.015 0.0135655 0.015 0.015 0.0136531 0.015 0.015 0.015 0.015 0.015 0.015 0.0136342 0.015 0.015 0.0136031 0.015 0.015 0.015 0.015 0.015 0.015 0.0136292 0.015 0.015 0.0135821 0.015 0.015 0.015 0.015 0.015 0.015 0.0135824 0.015 0.015 0.0136304 0.015 0.015 0.015 0.015 0.015 0.015 0.0136332 0.015 0.015 0.0136433 0.015 0.015 0.015 0.015 0.015 0.015 0.0136171 0.015 0.015 0.0135735 0.015 0.015 0.015 0.015 0.015 0.015 0.0135893 0.015 0.015 0.0136051 0.015 0.015 0.015 0.015 0.015 0.015 0.013582 0.015 0.015 0.0136068 0.015 0.015 0.015 0.015 0.015 0.015 0.0135806 0.015 0.015 0.0135881 0.015 0.015 0.015 0.015 0.015 0.015 0.0136176 0.015 0.015 0.0136202 0.015 0.015 0.015 0.015 0.015 0.015 0.015 0.015 0.015 0.015 0.015 0.015 0.015 0.015 0.015 0.015 0.015 0.015 0.015 0.015 0.015 0.015 0.015 0.015 0.015 0.015 0.015 0.015 0.015 0.015 0.015 0.015 0.015 0.015 0.015 0.015 0.015 0.015 0.015 0.015 0.015 0.015 0.015 0.015 0.015 0.015 0.015 0.015 0.015 0.015 0.015 0.015 0.015 0.015 0.015 0.015 0.015 0.015 0.015 0.015 0.015 0.015 0.015 0.015 0.015 0.015 0.015 0.015 0.015 0.015 0.015 0.015 0.015 0.015 0.015 0.015 0.015 0.015 0.015 0.015 0.015 0.015 0.015 0.015 0.015 0.015 0.015 0.015 0.015 0.015 0.015 0.015 0.015 0.015 0.015 0.015 0.015 0.015 0.015 0.015 0.015 0.015 0.015 0.015 0.015 0.015 0.015 0.015 0.015 0.015 0.015 0.015 0.0135745 0.015 0.015 0.015 0.015 0.015 0.015 0.015 0.015 0.015 0.0136485 0.015 0.015 0.015 0.015 0.015 0.015 0.015 0.015 0.015 0.0136352 0.015 0.015 0.015 0.015 0.015 0.015 0.015 0.015 0.015 0.0135995 0.015 0.015 0.015 0.015 0.015 0.015 0.015 0.015 0.015 0.0135862 0.015 0.015 0.015 0.015 0.015 0.015 0.015 0.015 0.015 0.0135945 0.015 0.015 0.015 0.015 0.015 0.015 0.015 0.015 0.015 0.013633 0.015 0.015 0.015 0.015 0.015 0.015 0.015 0.015 0.015 0.0135739 0.015 0.015 0.015 0.015 0.015 0.015 0.015 0.015 0.015 0.0135901 0.015 0.015 0.015 0.015 0.015 0.015 0.015 0.015 0.015 0.0135657 0.015 0.015 0.015 0.013639 0.015 0.015 0.0136477 0.015 0.015 0.015 0.015 0.015 0.015 0.0136231 0.015 0.015 0.0136467 0.015 0.015 0.015 0.015 0.015 0.015 0.013596 0.015 0.015 0.0135796 0.015 0.015 0.015 0.015 0.015 0.015 0.0136545 0.015 0.015 0.0136038 0.015 0.015 0.015 0.015 0.015 0.015 0.0135816 0.015 0.015 0.0136424 0.015 0.015 0.015 0.015 0.015 0.015 0.013573 0.015 0.015 0.0135776 0.015 0.015 0.015 0.015 0.015 0.015 0.0136374 0.015 0.015 0.0136389 0.015 0.015 0.015 0.015 0.015 0.015 0.0135928 0.015 0.015 0.0135724 0.015 0.015 0.015 0.015 0.015 0.015 0.0136396 0.015 0.015 0.0135655 0.015 0.015 0.015 0.015 0.015 0.015 0.0136109 0.015 0.015 0.013566 0.015 0.015 0.015 0.015 0.015 0.015 0.015 0.015 0.015 0.015 0.015 0.015 0.015 0.015 0.015 0.015 0.015 0.015 0.015 0.015 0.015 0.015 0.015 0.015 0.015 0.015 0.015 0.015 0.015 0.015 0.015 0.015 0.015 0.015 0.015 0.015 0.015 0.015 0.015 0.015 0.015 0.015 0.015 0.015 0.015 0.015 0.015 0.015 0.015 0.015 0.015 0.015 0.015 0.015 0.015 0.015 0.015 0.015 0.015 0.015 0.015 0.015 0.015 0.015 0.015 0.015 0.015 0.015 0.015 0.015 0.015 0.015 0.015 0.015 0.015 0.015 0.015 0.015 0.015 0.015 0.015 0.015 0.015 0.015 0.015 0.015 0.015 0.015 0.015 0.015 0.015 0.015 0.015 0.015 0.015 0.015 0.015 0.015 0.015 0.015 0.015 0.015 0.015 0.015 0.015 0.015 0.015 0.015 0.015 0.015 0.015 0.015 0.013613 0.015 0.015 0.015 0.015 0.015 0.015 0.015 0.015 0.015 0.0136146 0.015 0.015 0.015 0.015 0.015 0.015 0.015 0.015 0.015 0.0136069 0.015 0.015 0.015 0.015 0.015 0.015 0.015 0.015 0.015 0.0136048 0.015 0.015 0.015 0.015 0.015 0.015 0.015 0.015 0.015 0.0135872 0.015 0.015 0.015 0.015 0.015 0.015 0.015 0.015 0.015 0.013592 0.015 0.015 0.015 0.015 0.015 0.015 0.015 0.015 0.015 0.0136473 0.015 0.015 0.015 0.015 0.015 0.015 0.015 0.015 0.015 0.0136018 0.015 0.015 0.015 0.015 0.015 0.015 0.015 0.015 0.015 0.0135673 0.015 0.015 0.015 0.015 0.015 0.015 0.015 0.015 0.015 0.013596 0.015 0.015 0.015 0.015 0.015 0.015 0.015 0.015 0.015 0.0135738 0.015 0.015 0.015 0.015 0.015 0.015 0.015 0.015 0.015 0.0136237 0.015 0.015 0.015 0.015 0.015 0.015 0.015 0.015 0.015 0.0135799 0.015 0.015 0.015 0.015 0.015 0.015 0.015 0.015 0.015 0.0135692 0.015 0.015 0.015 0.015 0.015 0.015 0.015 0.015 0.015 0.0136 0.015 0.015 0.015 0.015 0.015 0.015 0.015 0.015 0.015 0.013629 0.015 0.015 0.015 0.015 0.015 0.015 0.015 0.015 0.015 0.0135874 0.015 0.015 0.015 0.015 0.015 0.015 0.015 0.015 0.015 0.0135655 0.015 0.015 0.015 0.015 0.015 0.015 0.015 0.015 0.015 0.0136144 0.015 0.015 0.015 0.015 0.015 0.015 0.015 0.015 0.015 0.0136465 0.015 0.015 0.015 0.0136326 0.015 0.015 0.0135902 0.015 0.015 0.015 0.015 0.015 0.015 0.0136015 0.015 0.015 0.0136438 0.015 0.015 0.015 0.015 0.015 0.015 0.0136047 0.015 0.015 0.0136465 0.015 0.015 0.015 0.015 0.015 0.015 0.0136493 0.015 0.015 0.0136258 0.015 0.015 0.015 0.015 0.015 0.015 0.0135986 0.015 0.015 0.0136469 0.015 0.015 0.015 0.015 0.015 0.015 0.0136411 0.015 0.015 0.0136498 0.015 0.015 0.015 0.015 0.015 0.015 0.0136273 0.015 0.015 0.0136108 0.015 0.015 0.015 0.015 0.015 0.015 0.0135813 0.015 0.015 0.0136007 0.015 0.015 0.015 0.015 0.015 0.015 0.0136381 0.015 0.015 0.0136387 0.015 0.015 0.015 0.015 0.015 0.015 0.0136176 0.015 0.015 0.0136183 0.015 0.015 0.015 0.015 0.015 0.015 0.015 0.015 0.015 0.015 0.015 0.015 0.015 0.015 0.015 0.015 0.015 0.015 0.015 0.015 0.015 0.015 0.015 0.015 0.015 0.015 0.015 0.015 0.015 0.015 0.015 0.015 0.015 0.015 0.015 0.015 0.015 0.015 0.015 0.015 0.015 0.015 0.015 0.015 0.015 0.015 0.015 0.015 0.015 0.015 0.015 0.015 0.015 0.015 0.015 0.015 0.015 0.015 0.015 0.015 0.015 0.015 0.015 0.015 0.015 0.015 0.015 0.015 0.015 0.015 0.015 0.015 0.015 0.015 0.015 0.015 0.015 0.015 0.015 0.015 0.015 0.015 0.015 0.015 0.015 0.015 0.015 0.015 0.015 0.015 0.015 0.015 0.015 0.015 0.015 0.015 0.015 0.015 0.015 0.015 0.015 0.015 0.015 0.015 0.015 0.015 0.015 0.015 0.015 0.015 0.015 0.015 0.0136414 0.015 0.015 0.015 0.015 0.015 0.015 0.015 0.015 0.015 0.0136194 0.015 0.015 0.015 0.015 0.015 0.015 0.015 0.015 0.015 0.0135881 0.015 0.015 0.015 0.015 0.015 0.015 0.015 0.015 0.015 0.013597 0.015 0.015 0.015 0.015 0.015 0.015 0.015 0.015 0.015 0.0135776 0.015 0.015 0.015 0.015 0.015 0.015 0.015 0.015 0.015 0.0135887 0.015 0.015 0.015 0.015 0.015 0.015 0.015 0.015 0.015 0.0136312 0.015 0.015 0.015 0.015 0.015 0.015 0.015 0.015 0.015 0.0136002 0.015 0.015 0.015 0.015 0.015 0.015 0.015 0.015 0.015 0.0135683 0.015 0.015 0.015 0.015 0.015 0.015 0.015 0.015 0.015 0.0136432 0.015 0.015 0.015 0.0136404 0.015 0.015 0.0136121 0.015 0.015 0.015 0.015 0.015 0.015 0.0136209 0.015 0.015 0.0136371 0.015 0.015 0.015 0.015 0.015 0.015 0.0136185 0.015 0.015 0.0136052 0.015 0.015 0.015 0.015 0.015 0.015 0.0136254 0.015 0.015 0.013649 0.015 0.015 0.015 0.015 0.015 0.015 0.0135885 0.015 0.015 0.013575 0.015 0.015 0.015 0.015 0.015 0.015 0.0135907 0.015 0.015 0.0135911 0.015 0.015 0.015 0.015 0.015 0.015 0.0135959 0.015 0.015 0.0135757 0.015 0.015 0.015 0.015 0.015 0.015 0.0136036 0.015 0.015 0.0135691 0.015 0.015 0.015 0.015 0.015 0.015 0.0135669 0.015 0.015 0.0136425 0.015 0.015 0.015 0.015 0.015 0.015 0.013592 0.015 0.015 0.0136541 0.015 0.015 0.015 0.015 0.015 0.015 0.015 0.015 0.015 0.015 0.015 0.015 0.015 0.015 0.015 0.015 0.015 0.015 0.015 0.015 0.015 0.015 0.015 0.015 0.015 0.015 0.015 0.015 0.015 0.015 0.015 0.015 0.015 0.015 0.015 0.015 0.015 0.015 0.015 0.015 0.015 0.015 0.015 0.015 0.015 0.015 0.015 0.015 0.015 0.015 0.015 0.015 0.015 0.015 0.015 0.015 0.015 0.015 0.015 0.015 0.015 0.015 0.015 0.015 0.015 0.015 0.015 0.015 0.015 0.015 0.015 0.015 0.015 0.015 0.015 0.015 0.015 0.015 0.015 0.015 0.015 0.015 0.015 0.015 0.015 0.015 0.015 0.015 0.015 0.015 0.015 0.015 0.015 0.015 0.015 0.015 0.015 0.015 0.015 0.015 0.015 0.015 0.015 0.015 0.015 0.015 0.015 0.015 0.015 0.015 0.015 0.015 0.013567 0.015 0.015 0.015 0.015 0.015 0.015 0.015 0.015 0.015 0.0136484 0.015 0.015 0.015 0.015 0.015 0.015 0.015 0.015 0.015 0.0136455 0.015 0.015 0.015 0.015 0.015 0.015 0.015 0.015 0.015 0.0136122 0.015 0.015 0.015 0.015 0.015 0.015 0.015 0.015 0.015 0.0136299 0.015 0.015 0.015 0.015 0.015 0.015 0.015 0.015 0.015 0.0136453 0.015 0.015 0.015 0.015 0.015 0.015 0.015 0.015 0.015 0.0136263 0.015 0.015 0.015 0.015 0.015 0.015 0.015 0.015 0.015 0.0135928 0.015 0.015 0.015 0.015 0.015 0.015 0.015 0.015 0.015 0.0136501 0.015 0.015 0.015 0.015 0.015 0.015 0.015 0.015 0.015 0.0135707 0.015 0.015 0.015 0.0135721 0.015 0.015 0.0135888 0.015 0.015 0.015 0.015 0.015 0.015 0.013582 0.015 0.015 0.0135752 0.015 0.015 0.015 0.015 0.015 0.015 0.0136293 0.015 0.015 0.0136396 0.015 0.015 0.015 0.015 0.015 0.015 0.0136227 0.015 0.015 0.013652 0.015 0.015 0.015 0.015 0.015 0.015 0.0135982 0.015 0.015 0.0136476 0.015 0.015 0.015 0.015 0.015 0.015 0.013617 0.015 0.015 0.0136331 0.015 0.015 0.015 0.015 0.015 0.015 0.0135878 0.015 0.015 0.0135927 0.015 0.015 0.015 0.015 0.015 0.015 0.0135657 0.015 0.015 0.0136126 0.015 0.015 0.015 0.015 0.015 0.015 0.0135805 0.015 0.015 0.0135713 0.015 0.015 0.015 0.015 0.015 0.015 0.0136094 0.015 0.015 0.0136331 0.015 0.015 0.015 0.015 0.015 0.015 0.015 0.015 0.015 0.015 0.015 0.015 0.015 0.015 0.015 0.015 0.015 0.015 0.015 0.015 0.015 0.015 0.015 0.015 0.015 0.015 0.015 0.015 0.015 0.015 0.015 0.015 0.015 0.015 0.015 0.015 0.015 0.015 0.015 0.015 0.015 0.015 0.015 0.015 0.015 0.015 0.015 0.015 0.015 0.015 0.015 0.015 0.015 0.015 0.015 0.015 0.015 0.015 0.015 0.015 0.015 0.015 0.015 0.015 0.015 0.015 0.015 0.015 0.015 0.015 0.015 0.015 0.015 0.015 0.015 0.015 0.015 0.015 0.015 0.015 0.015 0.015 0.015 0.015 0.015 0.015 0.015 0.015 0.015 0.015 0.015 0.015 0.015 0.015 0.015 0.015 0.015 0.015 0.015 0.015 0.015 0.015 0.015 0.015 0.015 0.015 0.015 0.015 0.015 0.015 0.015 0.015 0.0136124 0.015 0.015 0.015 0.015 0.015 0.015 0.015 0.015 0.015 0.013635 0.015 0.015 0.015 0.015 0.015 0.015 0.015 0.015 0.015 0.0135843 0.015 0.015 0.015 0.015 0.015 0.015 0.015 0.015 0.015 0.0136217 0.015 0.015 0.015 0.015 0.015 0.015 0.015 0.015 0.015 0.0135662 0.015 0.015 0.015 0.015 0.015 0.015 0.015 0.015 0.015 0.013625 0.015 0.015 0.015 0.015 0.015 0.015 0.015 0.015 0.015 0.0136448 0.015 0.015 0.015 0.015 0.015 0.015 0.015 0.015 0.015 0.0136264 0.015 0.015 0.015 0.015 0.015 0.015 0.015 0.015 0.015 0.0136062 0.015 0.015 0.015 0.015 0.015 0.015 0.015 0.015 0.015 0.0136178 0.015 0.015 0.015 0.015 0.015 0.015 0.015 0.015 0.015 0.0136385 0.015 0.015 0.015 0.015 0.015 0.015 0.015 0.015 0.015 0.0136514 0.015 0.015 0.015 0.015 0.015 0.015 0.015 0.015 0.015 0.0135974 0.015 0.015 0.015 0.015 0.015 0.015 0.015 0.015 0.015 0.0136326 0.015 0.015 0.015 0.015 0.015 0.015 0.015 0.015 0.015 0.0136216 0.015 0.015 0.015 0.015 0.015 0.015 0.015 0.015 0.015 0.0136088 0.015 0.015 0.015 0.015 0.015 0.015 0.015 0.015 0.015 0.0136249 0.015 0.015 0.015 0.015 0.015 0.015 0.015 0.015 0.015 0.0135655 0.015 0.015 0.015 0.015 0.015 0.015 0.015 0.015 0.015 0.0135941 0.015 0.015 0.015 0.015 0.015 0.015 0.015 0.015 0.015 0.0135894 0.015 0.015 0.015 0.0136477 0.015 0.015 0.0136014 0.015 0.015 0.015 0.015 0.015 0.015 0.0135948 0.015 0.015 0.0135871 0.015 0.015 0.015 0.015 0.015 0.015 0.0136219 0.015 0.015 0.0136249 0.015 0.015 0.015 0.015 0.015 0.015 0.0135929 0.015 0.015 0.0136207 0.015 0.015 0.015 0.015 0.015 0.015 0.013648 0.015 0.015 0.0135809 0.015 0.015 0.015 0.015 0.015 0.015 0.0136053 0.015 0.015 0.0136364 0.015 0.015 0.015 0.015 0.015 0.015 0.0136111 0.015 0.015 0.0136396 0.015 0.015 0.015 0.015 0.015 0.015 0.0136146 0.015 0.015 0.0135876 0.015 0.015 0.015 0.015 0.015 0.015 0.0136523 0.015 0.015 0.0136077 0.015 0.015 0.015 0.015 0.015 0.015 0.0135661 0.015 0.015 0.0136257 0.015 0.015 0.015 0.015 0.015 0.015 0.015 0.015 0.015 0.015 0.015 0.015 0.015 0.015 0.015 0.015 0.015 0.015 0.015 0.015 0.015 0.015 0.015 0.015 0.015 0.015 0.015 0.015 0.015 0.015 0.015 0.015 0.015 0.015 0.015 0.015 0.015 0.015 0.015 0.015 0.015 0.015 0.015 0.015 0.015 0.015 0.015 0.015 0.015 0.015 0.015 0.015 0.015 0.015 0.015 0.015 0.015 0.015 0.015 0.015 0.015 0.015 0.015 0.015 0.015 0.015 0.015 0.015 0.015 0.015 0.015 0.015 0.015 0.015 0.015 0.015 0.015 0.015 0.015 0.015 0.015 0.015 0.015 0.015 0.015 0.015 0.015 0.015 0.015 0.015 0.015 0.015 0.015 0.015 0.015 0.015 0.015 0.015 0.015 0.015 0.015 0.015 0.015 0.015 0.015 0.015 0.015 0.015 0.015 0.015 0.015 0.015 0.0136236 0.015 0.015 0.015 0.015 0.015 0.015 0.015 0.015 0.015 0.0135985 0.015 0.015 0.015 0.015 0.015 0.015 0.015 0.015 0.015 0.0136323 0.015 0.015 0.015 0.015 0.015 0.015 0.015 0.015 0.015 0.0135897 0.015 0.015 0.015 0.015 0.015 0.015 0.015 0.015 0.015 0.0136507 0.015 0.015 0.015 0.015 0.015 0.015 0.015 0.015 0.015 0.0136119 0.015 0.015 0.015 0.015 0.015 0.015 0.015 0.015 0.015 0.0136382 0.015 0.015 0.015 0.015 0.015 0.015 0.015 0.015 0.015 0.0136466 0.015 0.015 0.015 0.015 0.015 0.015 0.015 0.015 0.015 0.0135798 0.015 0.015 0.015 0.015 0.015 0.015 0.015 0.015 0.015 0.013641 0.015 0.015 0.015 0.0135994 0.015 0.015 0.0135803 0.015 0.015 0.015 0.015 0.015 0.015 0.0135692 0.015 0.015 0.0136486 0.015 0.015 0.015 0.015 0.015 0.015 0.0135867 0.015 0.015 0.013587 0.015 0.015 0.015 0.015 0.015 0.015 0.0136229 0.015 0.015 0.0135685 0.015 0.015 0.015 0.015 0.015 0.015 0.0136036 0.015 0.015 0.0136002 0.015 0.015 0.015 0.015 0.015 0.015 0.013588 0.015 0.015 0.013651 0.015 0.015 0.015 0.015 0.015 0.015 0.0135977 0.015 0.015 0.0136358 0.015 0.015 0.015 0.015 0.015 0.015 0.0136549 0.015 0.015 0.0136462 0.015 0.015 0.015 0.015 0.015 0.015 0.0136374 0.015 0.015 0.0136148 0.015 0.015 0.015 0.015 0.015 0.015 0.0135872 0.015 0.015 0.0136069 0.015 0.015 0.015 0.015 0.015 0.015 0.015 0.015 0.015 0.015 0.015 0.015 0.015 0.015 0.015 0.015 0.015 0.015 0.015 0.015 0.015 0.015 0.015 0.015 0.015 0.015 0.015 0.015 0.015 0.015 0.015 0.015 0.015 0.015 0.015 0.015 0.015 0.015 0.015 0.015 0.015 0.015 0.015 0.015 0.015 0.015 0.015 0.015 0.015 0.015 0.015 0.015 0.015 0.015 0.015 0.015 0.015 0.015 0.015 0.015 0.015 0.015 0.015 0.015 0.015 0.015 0.015 0.015 0.015 0.015 0.015 0.015 0.015 0.015 0.015 0.015 0.015 0.015 0.015 0.015 0.015 0.015 0.015 0.015 0.015 0.015 0.015 0.015 0.015 0.015 0.015 0.015 0.015 0.015 0.015 0.015 0.015 0.015 0.015 0.015 0.015 0.015 0.015 0.015 0.015 0.015 0.015 0.015 0.015 0.015 0.015 0.015 0.0135841 0.015 0.015 0.015 0.015 0.015 0.015 0.015 0.015 0.015 0.0136224 0.015 0.015 0.015 0.015 0.015 0.015 0.015 0.015 0.015 0.0135951 0.015 0.015 0.015 0.015 0.015 0.015 0.015 0.015 0.015 0.0135984 0.015 0.015 0.015 0.015 0.015 0.015 0.015 0.015 0.015 0.0135768 0.015 0.015 0.015 0.015 0.015 0.015 0.015 0.015 0.015 0.0136253 0.015 0.015 0.015 0.015 0.015 0.015 0.015 0.015 0.015 0.0135686 0.015 0.015 0.015 0.015 0.015 0.015 0.015 0.015 0.015 0.0136265 0.015 0.015 0.015 0.015 0.015 0.015 0.015 0.015 0.015 0.0136199 0.015 0.015 0.015 0.015 0.015 0.015 0.015 0.015 0.015 0.0135661 0.015 0.015 0.015 0.0135838 0.015 0.015 0.0136151 0.015 0.015 0.015 0.015 0.015 0.015 0.0135877 0.015 0.015 0.0136204 0.015 0.015 0.015 0.015 0.015 0.015 0.0135884 0.015 0.015 0.013641 0.015 0.015 0.015 0.015 0.015 0.015 0.0136045 0.015 0.015 0.0136437 0.015 0.015 0.015 0.015 0.015 0.015 0.0136312 0.015 0.015 0.0135688 0.015 0.015 0.015 0.015 0.015 0.015 0.0135958 0.015 0.015 0.0136484 0.015 0.015 0.015 0.015 0.015 0.015 0.0136213 0.015 0.015 0.0136323 0.015 0.015 0.015 0.015 0.015 0.015 0.0136057 0.015 0.015 0.0135891 0.015 0.015 0.015 0.015 0.015 0.015 0.0136272 0.015 0.015 0.0136081 0.015 0.015 0.015 0.015 0.015 0.015 0.0135667 0.015 0.015 0.0135856 0.015 0.015 0.015 0.015 0.015 0.015 0.015 0.015 0.015 0.015 0.015 0.015 0.015 0.015 0.015 0.015 0.015 0.015 0.015 0.015 0.015 0.015 0.015 0.015 0.015 0.015 0.015 0.015 0.015 0.015 0.015 0.015 0.015 0.015 0.015 0.015 0.015 0.015 0.015 0.015 0.015 0.015 0.015 0.015 0.015 0.015 0.015 0.015 0.015 0.015 0.015 0.015 0.015 0.015 0.015 0.015 0.015 0.015 0.015 0.015 0.015 0.015 0.015 0.015 0.015 0.015 0.015 0.015 0.015 0.015 0.015 0.015 0.015 0.015 0.015 0.015 0.015 0.015 0.015 0.015 0.015 0.015 0.015 0.015 0.015 0.015 0.015 0.015 0.015 0.015 0.015 0.015 0.015 0.015 0.015 0.015 0.015 0.015 0.015 0.015 0.015 0.015 0.015 0.015 0.015 0.015 0.015 0.015 0.015 0.015 0.015 0.015 0.0135879 0.015 0.015 0.015 0.015 0.015 0.015 0.015 0.015 0.015 0.0136325 0.015 0.015 0.015 0.015 0.015 0.015 0.015 0.015 0.015 0.0136138 0.015 0.015 0.015 0.015 0.015 0.015 0.015 0.015 0.015 0.0136151 0.015 0.015 0.015 0.015 0.015 0.015 0.015 0.015 0.015 0.0136111 0.015 0.015 0.015 0.015 0.015 0.015 0.015 0.015 0.015 0.013609 0.015 0.015 0.015 0.015 0.015 0.015 0.015 0.015 0.015 0.0135658 0.015 0.015 0.015 0.015 0.015 0.015 0.015 0.015 0.015 0.013573 0.015 0.015 0.015 0.015 0.015 0.015 0.015 0.015 0.015 0.0136225 0.015 0.015 0.015 0.015 0.015 0.015 0.015 0.015 0.015 0.0136241 0.015 0.015 0.015 0.015 0.015 0.015 0.015 0.015 0.015 0.0136251 0.015 0.015 0.015 0.015 0.015 0.015 0.015 0.015 0.015 0.0136188 0.015 0.015 0.015 0.015 0.015 0.015 0.015 0.015 0.015 0.0136089 0.015 0.015 0.015 0.015 0.015 0.015 0.015 0.015 0.015 0.0135937 0.015 0.015 0.015 0.015 0.015 0.015 0.015 0.015 0.015 0.0135714 0.015 0.015 0.015 0.015 0.015 0.015 0.015 0.015 0.015 0.0136056 0.015 0.015 0.015 0.015 0.015 0.015 0.015 0.015 0.015 0.0135934 0.015 0.015 0.015 0.015 0.015 0.015 0.015 0.015 0.015 0.0136488 0.015 0.015 0.015 0.015 0.015 0.015 0.015 0.015 0.015 0.0135853 0.015 0.015 0.015 0.015 0.015 0.015 0.015 0.015 0.015 0.0136192 0.015 0.015 0.015 0.0136442 0.015 0.015 0.013597 0.015 0.015 0.015 0.015 0.015 0.015 0.0136154 0.015 0.015 0.0135689 0.015 0.015 0.015 0.015 0.015 0.015 0.0135853 0.015 0.015 0.0135747 0.015 0.015 0.015 0.015 0.015 0.015 0.0136317 0.015 0.015 0.0136333 0.015 0.015 0.015 0.015 0.015 0.015 0.0136205 0.015 0.015 0.0136479 0.015 0.015 0.015 0.015 0.015 0.015 0.0136126 0.015 0.015 0.013571 0.015 0.015 0.015 0.015 0.015 0.015 0.0136539 0.015 0.015 0.0136401 0.015 0.015 0.015 0.015 0.015 0.015 0.013587 0.015 0.015 0.0136131 0.015 0.015 0.015 0.015 0.015 0.015 0.0136398 0.015 0.015 0.0135997 0.015 0.015 0.015 0.015 0.015 0.015 0.013608 0.015 0.015 0.0136521 0.015 0.015 0.015 0.015 0.015 0.015 0.015 0.015 0.015 0.015 0.015 0.015 0.015 0.015 0.015 0.015 0.015 0.015 0.015 0.015 0.015 0.015 0.015 0.015 0.015 0.015 0.015 0.015 0.015 0.015 0.015 0.015 0.015 0.015 0.015 0.015 0.015 0.015 0.015 0.015 0.015 0.015 0.015 0.015 0.015 0.015 0.015 0.015 0.015 0.015 0.015 0.015 0.015 0.015 0.015 0.015 0.015 0.015 0.015 0.015 0.015 0.015 0.015 0.015 0.015 0.015 0.015 0.015 0.015 0.015 0.015 0.015 0.015 0.015 0.015 0.015 0.015 0.015 0.015 0.015 0.015 0.015 0.015 0.015 0.015 0.015 0.015 0.015 0.015 0.015 0.015 0.015 0.015 0.015 0.015 0.015 0.015 0.015 0.015 0.015 0.015 0.015 0.015 0.015 0.015 0.015 0.015 0.015 0.015 0.015 0.015 0.015 0.0136244 0.015 0.015 0.015 0.015 0.015 0.015 0.015 0.015 0.015 0.0135812 0.015 0.015 0.015 0.015 0.015 0.015 0.015 0.015 0.015 0.0135881 0.015 0.015 0.015 0.015 0.015 0.015 0.015 0.015 0.015 0.0136304 0.015 0.015 0.015 0.015 0.015 0.015 0.015 0.015 0.015 0.0135945 0.015 0.015 0.015 0.015 0.015 0.015 0.015 0.015 0.015 0.0135793 0.015 0.015 0.015 0.015 0.015 0.015 0.015 0.015 0.015 0.0136501 0.015 0.015 0.015 0.015 0.015 0.015 0.015 0.015 0.015 0.0135769 0.015 0.015 0.015 0.015 0.015 0.015 0.015 0.015 0.015 0.013633 0.015 0.015 0.015 0.015 0.015 0.015 0.015 0.015 0.015 0.0135652 0.015 0.015 0.015 0.0136156 0.015 0.015 0.0136342 0.015 0.015 0.015 0.015 0.015 0.015 0.0136316 0.015 0.015 0.0135694 0.015 0.015 0.015 0.015 0.015 0.015 0.0136027 0.015 0.015 0.0136151 0.015 0.015 0.015 0.015 0.015 0.015 0.013582 0.015 0.015 0.0136492 0.015 0.015 0.015 0.015 0.015 0.015 0.0135882 0.015 0.015 0.013652 0.015 0.015 0.015 0.015 0.015 0.015 0.0135998 0.015 0.015 0.0136421 0.015 0.015 0.015 0.015 0.015 0.015 0.0135712 0.015 0.015 0.0135772 0.015 0.015 0.015 0.015 0.015 0.015 0.0135785 0.015 0.015 0.0136115 0.015 0.015 0.015 0.015 0.015 0.015 0.0135733 0.015 0.015 0.0136139 0.015 0.015 0.015 0.015 0.015 0.015 0.0135879 0.015 0.015 0.0136246 0.015 0.015 0.015 0.015 0.015 0.015 0.015 0.015 0.015 0.015 0.015 0.015 0.015 0.015 0.015 0.015 0.015 0.015 0.015 0.015 0.015 0.015 0.015 0.015 0.015 0.015 0.015 0.015 0.015 0.015 0.015 0.015 0.015 0.015 0.015 0.015 0.015 0.015 0.015 0.015 0.015 0.015 0.015 0.015 0.015 0.015 0.015 0.015 0.015 0.015 0.015 0.015 0.015 0.015 0.015 0.015 0.015 0.015 0.015 0.015 0.015 0.015 0.015 0.015 0.015 0.015 0.015 0.015 0.015 0.015 0.015 0.015 0.015 0.015 0.015 0.015 0.015 0.015 0.015 0.015 0.015 0.015 0.015 0.015 0.015 0.015 0.015 0.015 0.015 0.015 0.015 0.015 0.015 0.015 0.015 0.015 0.015 0.015 0.015 0.015 0.015 0.015 0.015 0.015 0.015 0.015 0.015 0.015 0.015 0.015 0.015 0.015 0.0135666 0.015 0.015 0.015 0.015 0.015 0.015 0.015 0.015 0.015 0.0135805 0.015 0.015 0.015 0.015 0.015 0.015 0.015 0.015 0.015 0.0135802 0.015 0.015 0.015 0.015 0.015 0.015 0.015 0.015 0.015 0.0135832 0.015 0.015 0.015 0.015 0.015 0.015 0.015 0.015 0.015 0.0136353 0.015 0.015 0.015 0.015 0.015 0.015 0.015 0.015 0.015 0.0136344 0.015 0.015 0.015 0.015 0.015 0.015 0.015 0.015 0.015 0.0136419 0.015 0.015 0.015 0.015 0.015 0.015 0.015 0.015 0.015 0.0136345 0.015 0.015 0.015 0.015 0.015 0.015 0.015 0.015 0.015 0.0135711 0.015 0.015 0.015 0.015 0.015 0.015 0.015 0.015 0.015 0.0135774 0.015 0.015 0.015 0.0136502 0.015 0.015 0.0136437 0.015 0.015 0.015 0.015 0.015 0.015 0.0136401 0.015 0.015 0.0136493 0.015 0.015 0.015 0.015 0.015 0.015 0.0136355 0.015 0.015 0.0136227 0.015 0.015 0.015 0.015 0.015 0.015 0.0136087 0.015 0.015 0.0135828 0.015 0.015 0.015 0.015 0.015 0.015 0.0135958 0.015 0.015 0.0135977 0.015 0.015 0.015 0.015 0.015 0.015 0.0136041 0.015 0.015 0.0136115 0.015 0.015 0.015 0.015 0.015 0.015 0.0136178 0.015 0.015 0.0136357 0.015 0.015 0.015 0.015 0.015 0.015 0.0136001 0.015 0.015 0.0136009 0.015 0.015 0.015 0.015 0.015 0.015 0.0136328 0.015 0.015 0.0136493 0.015 0.015 0.015 0.015 0.015 0.015 0.0136299 0.015 0.015 0.0136088 0.015 0.015 0.015 0.015 0.015 0.015 0.015 0.015 0.015 0.015 0.015 0.015 0.015 0.015 0.015 0.015 0.015 0.015 0.015 0.015 0.015 0.015 0.015 0.015 0.015 0.015 0.015 0.015 0.015 0.015 0.015 0.015 0.015 0.015 0.015 0.015 0.015 0.015 0.015 0.015 0.015 0.015 0.015 0.015 0.015 0.015 0.015 0.015 0.015 0.015 0.015 0.015 0.015 0.015 0.015 0.015 0.015 0.015 0.015 0.015 0.015 0.015 0.015 0.015 0.015 0.015 0.015 0.015 0.015 0.015 0.015 0.015 0.015 0.015 0.015 0.015 0.015 0.015 0.015 0.015 0.015 0.015 0.015 0.015 0.015 0.015 0.015 0.015 0.015 0.015 0.015 0.015 0.015 0.015 0.015 0.015 0.015 0.015 0.015 0.015 0.015 0.015 0.015 0.015 0.015 0.015 0.015 0.015 0.015 0.015 0.015 0.015 0.0135875 0.015 0.015 0.015 0.015 0.015 0.015 0.015 0.015 0.015 0.0136429 0.015 0.015 0.015 0.015 0.015 0.015 0.015 0.015 0.015 0.0136424 0.015 0.015 0.015 0.015 0.015 0.015 0.015 0.015 0.015 0.0136207 0.015 0.015 0.015 0.015 0.015 0.015 0.015 0.015 0.015 0.013615 0.015 0.015 0.015 0.015 0.015 0.015 0.015 0.015 0.015 0.013609 0.015 0.015 0.015 0.015 0.015 0.015 0.015 0.015 0.015 0.0135939 0.015 0.015 0.015 0.015 0.015 0.015 0.015 0.015 0.015 0.0136144 0.015 0.015 0.015 0.015 0.015 0.015 0.015 0.015 0.015 0.0136197 0.015 0.015 0.015 0.015 0.015 0.015 0.015 0.015 0.015 0.0136076 0.015 0.015 0.015 0.015 0.015 0.015 0.015 0.015 0.015 0.0136063 0.015 0.015 0.015 0.015 0.015 0.015 0.015 0.015 0.015 0.0135935 0.015 0.015 0.015 0.015 0.015 0.015 0.015 0.015 0.015 0.0136276 0.015 0.015 0.015 0.015 0.015 0.015 0.015 0.015 0.015 0.0135728 0.015 0.015 0.015 0.015 0.015 0.015 0.015 0.015 0.015 0.0136401 0.015 0.015 0.015 0.015 0.015 0.015 0.015 0.015 0.015 0.0135996 0.015 0.015 0.015 0.015 0.015 0.015 0.015 0.015 0.015 0.0136137 0.015 0.015 0.015 0.015 0.015 0.015 0.015 0.015 0.015 0.0135705 0.015 0.015 0.015 0.015 0.015 0.015 0.015 0.015 0.015 0.0135881 0.015 0.015 0.015 0.015 0.015 0.015 0.015 0.015 0.015 0.0135942 0.015 0.015 0.015 0.0135932 0.015 0.015 0.0136517 0.015 0.015 0.015 0.015 0.015 0.015 0.0136258 0.015 0.015 0.0136155 0.015 0.015 0.015 0.015 0.015 0.015 0.0136465 0.015 0.015 0.0136282 0.015 0.015 0.015 0.015 0.015 0.015 0.0136141 0.015 0.015 0.0136102 0.015 0.015 0.015 0.015 0.015 0.015 0.0136028 0.015 0.015 0.0136355 0.015 0.015 0.015 0.015 0.015 0.015 0.0135673 0.015 0.015 0.0136006 0.015 0.015 0.015 0.015 0.015 0.015 0.0136135 0.015 0.015 0.0135846 0.015 0.015 0.015 0.015 0.015 0.015 0.0135914 0.015 0.015 0.0135816 0.015 0.015 0.015 0.015 0.015 0.015 0.0136046 0.015 0.015 0.0136378 0.015 0.015 0.015 0.015 0.015 0.015 0.0136316 0.015 0.015 0.0136058 0.015 0.015 0.015 0.015 0.015 0.015 0.015 0.015 0.015 0.015 0.015 0.015 0.015 0.015 0.015 0.015 0.015 0.015 0.015 0.015 0.015 0.015 0.015 0.015 0.015 0.015 0.015 0.015 0.015 0.015 0.015 0.015 0.015 0.015 0.015 0.015 0.015 0.015 0.015 0.015 0.015 0.015 0.015 0.015 0.015 0.015 0.015 0.015 0.015 0.015 0.015 0.015 0.015 0.015 0.015 0.015 0.015 0.015 0.015 0.015 0.015 0.015 0.015 0.015 0.015 0.015 0.015 0.015 0.015 0.015 0.015 0.015 0.015 0.015 0.015 0.015 0.015 0.015 0.015 0.015 0.015 0.015 0.015 0.015 0.015 0.015 0.015 0.015 0.015 0.015 0.015 0.015 0.015 0.015 0.015 0.015 0.015 0.015 0.015 0.015 0.015 0.015 0.015 0.015 0.015 0.015 0.015 0.015 0.015 0.015 0.015 0.015 0.0136393 0.015 0.015 0.015 0.015 0.015 0.015 0.015 0.015 0.015 0.013641 0.015 0.015 0.015 0.015 0.015 0.015 0.015 0.015 0.015 0.0136089 0.015 0.015 0.015 0.015 0.015 0.015 0.015 0.015 0.015 0.0136435 0.015 0.015 0.015 0.015 0.015 0.015 0.015 0.015 0.015 0.0136206 0.015 0.015 0.015 0.015 0.015 0.015 0.015 0.015 0.015 0.0135798 0.015 0.015 0.015 0.015 0.015 0.015 0.015 0.015 0.015 0.0136374 0.015 0.015 0.015 0.015 0.015 0.015 0.015 0.015 0.015 0.0135946 0.015 0.015 0.015 0.015 0.015 0.015 0.015 0.015 0.015 0.0136509 0.015 0.015 0.015 0.015 0.015 0.015 0.015 0.015 0.015 0.0135696 0.015 0.015 0.015 0.013646 0.015 0.015 0.0136289 0.015 0.015 0.015 0.015 0.015 0.015 0.013582 0.015 0.015 0.0136141 0.015 0.015 0.015 0.015 0.015 0.015 0.0136091 0.015 0.015 0.0136333 0.015 0.015 0.015 0.015 0.015 0.015 0.0136397 0.015 0.015 0.0136304 0.015 0.015 0.015 0.015 0.015 0.015 0.0135809 0.015 0.015 0.0136357 0.015 0.015 0.015 0.015 0.015 0.015 0.0136094 0.015 0.015 0.0136151 0.015 0.015 0.015 0.015 0.015 0.015 0.0136118 0.015 0.015 0.0135833 0.015 0.015 0.015 0.015 0.015 0.015 0.0136297 0.015 0.015 0.0136281 0.015 0.015 0.015 0.015 0.015 0.015 0.013599 0.015 0.015 0.0136186 0.015 0.015 0.015 0.015 0.015 0.015 0.0136122 0.015 0.015 0.0135732 0.015 0.015 0.015 0.015 0.015 0.015 0.015 0.015 0.015 0.015 0.015 0.015 0.015 0.015 0.015 0.015 0.015 0.015 0.015 0.015 0.015 0.015 0.015 0.015 0.015 0.015 0.015 0.015 0.015 0.015 0.015 0.015 0.015 0.015 0.015 0.015 0.015 0.015 0.015 0.015 0.015 0.015 0.015 0.015 0.015 0.015 0.015 0.015 0.015 0.015 0.015 0.015 0.015 0.015 0.015 0.015 0.015 0.015 0.015 0.015 0.015 0.015 0.015 0.015 0.015 0.015 0.015 0.015 0.015 0.015 0.015 0.015 0.015 0.015 0.015 0.015 0.015 0.015 0.015 0.015 0.015 0.015 0.015 0.015 0.015 0.015 0.015 0.015 0.015 0.015 0.015 0.015 0.015 0.015 0.015 0.015 0.015 0.015 0.015 0.015 0.015 0.015 0.015 0.015 0.015 0.015 0.015 0.015 0.015 0.015 0.015 0.015 0.013582 0.015 0.015 0.015 0.015 0.015 0.015 0.015 0.015 0.015 0.0135715 0.015 0.015 0.015 0.015 0.015 0.015 0.015 0.015 0.015 0.0135815 0.015 0.015 0.015 0.015 0.015 0.015 0.015 0.015 0.015 0.0135774 0.015 0.015 0.015 0.015 0.015 0.015 0.015 0.015 0.015 0.0135897 0.015 0.015 0.015 0.015 0.015 0.015 0.015 0.015 0.015 0.0136093 0.015 0.015 0.015 0.015 0.015 0.015 0.015 0.015 0.015 0.0135832 0.015 0.015 0.015 0.015 0.015 0.015 0.015 0.015 0.015 0.0136475 0.015 0.015 0.015 0.015 0.015 0.015 0.015 0.015 0.015 0.0136405 0.015 0.015 0.015 0.015 0.015 0.015 0.015 0.015 0.015 0.0136138 0.015 0.015 0.015 0.013648 0.015 0.015 0.0136301 0.015 0.015 0.015 0.015 0.015 0.015 0.0136036 0.015 0.015 0.0135942 0.015 0.015 0.015 0.015 0.015 0.015 0.0136349 0.015 0.015 0.0136025 0.015 0.015 0.015 0.015 0.015 0.015 0.0135976 0.015 0.015 0.0136457 0.015 0.015 0.015 0.015 0.015 0.015 0.0136146 0.015 0.015 0.013611 0.015 0.015 0.015 0.015 0.015 0.015 0.0136134 0.015 0.015 0.0136039 0.015 0.015 0.015 0.015 0.015 0.015 0.0135699 0.015 0.015 0.0136289 0.015 0.015 0.015 0.015 0.015 0.015 0.0136165 0.015 0.015 0.0136385 0.015 0.015 0.015 0.015 0.015 0.015 0.0136132 0.015 0.015 0.0135964 0.015 0.015 0.015 0.015 0.015 0.015 0.0136477 0.015 0.015 0.0136425 0.015 0.015 0.015 0.015 0.015 0.015 0.015 0.015 0.015 0.015 0.015 0.015 0.015 0.015 0.015 0.015 0.015 0.015 0.015 0.015 0.015 0.015 0.015 0.015 0.015 0.015 0.015 0.015 0.015 0.015 0.015 0.015 0.015 0.015 0.015 0.015 0.015 0.015 0.015 0.015 0.015 0.015 0.015 0.015 0.015 0.015 0.015 0.015 0.015 0.015 0.015 0.015 0.015 0.015 0.015 0.015 0.015 0.015 0.015 0.015 0.015 0.015 0.015 0.015 0.015 0.015 0.015 0.015 0.015 0.015 0.015 0.015 0.015 0.015 0.015 0.015 0.015 0.015 0.015 0.015 0.015 0.015 0.015 0.015 0.015 0.015 0.015 0.015 0.015 0.015 0.015 0.015 0.015 0.015 0.015 0.015 0.015 0.015 0.015 0.015 0.015 0.015 0.015 0.015 0.015 0.015 0.015 0.015 0.015 0.015 0.015 0.015 0.013596 0.015 0.015 0.015 0.015 0.015 0.015 0.015 0.015 0.015 0.0136506 0.015 0.015 0.015 0.015 0.015 0.015 0.015 0.015 0.015 0.0136176 0.015 0.015 0.015 0.015 0.015 0.015 0.015 0.015 0.015 0.0135957 0.015 0.015 0.015 0.015 0.015 0.015 0.015 0.015 0.015 0.0135805 0.015 0.015 0.015 0.015 0.015 0.015 0.015 0.015 0.015 0.0135966 0.015 0.015 0.015 0.015 0.015 0.015 0.015 0.015 0.015 0.0135941 0.015 0.015 0.015 0.015 0.015 0.015 0.015 0.015 0.015 0.0136076 0.015 0.015 0.015 0.015 0.015 0.015 0.015 0.015 0.015 0.0135682 0.015 0.015 0.015 0.015 0.015 0.015 0.015 0.015 0.015 0.0135697 0.015 0.015 0.015 0.015 0.015 0.015 0.015 0.015 0.015 0.0136077 0.015 0.015 0.015 0.015 0.015 0.015 0.015 0.015 0.015 0.0136146 0.015 0.015 0.015 0.015 0.015 0.015 0.015 0.015 0.015 0.01363 0.015 0.015 0.015 0.015 0.015 0.015 0.015 0.015 0.015 0.0136082 0.015 0.015 0.015 0.015 0.015 0.015 0.015 0.015 0.015 0.0136495 0.015 0.015 0.015 0.015 0.015 0.015 0.015 0.015 0.015 0.013631 0.015 0.015 0.015 0.015 0.015 0.015 0.015 0.015 0.015 0.0135871 0.015 0.015 0.015 0.015 0.015 0.015 0.015 0.015 0.015 0.0136194 0.015 0.015 0.015 0.015 0.015 0.015 0.015 0.015 0.015 0.0136495 0.015 0.015 0.015 0.015 0.015 0.015 0.015 0.015 0.015 0.0136447 0.015 0.015 0.015 0.0136317 0.015 0.015 0.0135868 0.015 0.015 0.015 0.015 0.015 0.015 0.0135737 0.015 0.015 0.0136139 0.015 0.015 0.015 0.015 0.015 0.015 0.0135724 0.015 0.015 0.0136095 0.015 0.015 0.015 0.015 0.015 0.015 0.0135656 0.015 0.015 0.0136322 0.015 0.015 0.015 0.015 0.015 0.015 0.0136349 0.015 0.015 0.013616 0.015 0.015 0.015 0.015 0.015 0.015 0.0135806 0.015 0.015 0.0136375 0.015 0.015 0.015 0.015 0.015 0.015 0.0135943 0.015 0.015 0.0136362 0.015 0.015 0.015 0.015 0.015 0.015 0.0136141 0.015 0.015 0.0136129 0.015 0.015 0.015 0.015 0.015 0.015 0.0136182 0.015 0.015 0.0135679 0.015 0.015 0.015 0.015 0.015 0.015 0.0136205 0.015 0.015 0.0136288 0.015 0.015 0.015 0.015 0.015 0.015 0.015 0.015 0.015 0.015 0.015 0.015 0.015 0.015 0.015 0.015 0.015 0.015 0.015 0.015 0.015 0.015 0.015 0.015 0.015 0.015 0.015 0.015 0.015 0.015 0.015 0.015 0.015 0.015 0.015 0.015 0.015 0.015 0.015 0.015 0.015 0.015 0.015 0.015 0.015 0.015 0.015 0.015 0.015 0.015 0.015 0.015 0.015 0.015 0.015 0.015 0.015 0.015 0.015 0.015 0.015 0.015 0.015 0.015 0.015 0.015 0.015 0.015 0.015 0.015 0.015 0.015 0.015 0.015 0.015 0.015 0.015 0.015 0.015 0.015 0.015 0.015 0.015 0.015 0.015 0.015 0.015 0.015 0.015 0.015 0.015 0.015 0.015 0.015 0.015 0.015 0.015 0.015 0.015 0.015 0.015 0.015 0.015 0.015 0.015 0.015 0.015 0.015 0.015 0.015 0.015 0.015 0.0136149 0.015 0.015 0.015 0.015 0.015 0.015 0.015 0.015 0.015 0.0136098 0.015 0.015 0.015 0.015 0.015 0.015 0.015 0.015 0.015 0.013581 0.015 0.015 0.015 0.015 0.015 0.015 0.015 0.015 0.015 0.0136131 0.015 0.015 0.015 0.015 0.015 0.015 0.015 0.015 0.015 0.0136228 0.015 0.015 0.015 0.015 0.015 0.015 0.015 0.015 0.015 0.0136156 0.015 0.015 0.015 0.015 0.015 0.015 0.015 0.015 0.015 0.0136009 0.015 0.015 0.015 0.015 0.015 0.015 0.015 0.015 0.015 0.0135702 0.015 0.015 0.015 0.015 0.015 0.015 0.015 0.015 0.015 0.0136057 0.015 0.015 0.015 0.015 0.015 0.015 0.015 0.015 0.015 0.0136125 0.015 0.015 0.015 0.013628 0.015 0.015 0.0136332 0.015 0.015 0.015 0.015 0.015 0.015 0.0136117 0.015 0.015 0.0136102 0.015 0.015 0.015 0.015 0.015 0.015 0.013631 0.015 0.015 0.013603 0.015 0.015 0.015 0.015 0.015 0.015 0.0136453 0.015 0.015 0.0136402 0.015 0.015 0.015 0.015 0.015 0.015 0.0135841 0.015 0.015 0.0136498 0.015 0.015 0.015 0.015 0.015 0.015 0.0135841 0.015 0.015 0.0136391 0.015 0.015 0.015 0.015 0.015 0.015 0.0136477 0.015 0.015 0.0136385 0.015 0.015 0.015 0.015 0.015 0.015 0.0136284 0.015 0.015 0.0136087 0.015 0.015 0.015 0.015 0.015 0.015 0.0136277 0.015 0.015 0.0135914 0.015 0.015 0.015 0.015 0.015 0.015 0.0136363 0.015 0.015 0.0135939 0.015 0.015 0.015 0.015 0.015 0.015 0.015 0.015 0.015 0.015 0.015 0.015 0.015 0.015 0.015 0.015 0.015 0.015 0.015 0.015 0.015 0.015 0.015 0.015 0.015 0.015 0.015 0.015 0.015 0.015 0.015 0.015 0.015 0.015 0.015 0.015 0.015 0.015 0.015 0.015 0.015 0.015 0.015 0.015 0.015 0.015 0.015 0.015 0.015 0.015 0.015 0.015 0.015 0.015 0.015 0.015 0.015 0.015 0.015 0.015 0.015 0.015 0.015 0.015 0.015 0.015 0.015 0.015 0.015 0.015 0.015 0.015 0.015 0.015 0.015 0.015 0.015 0.015 0.015 0.015 0.015 0.015 0.015 0.015 0.015 0.015 0.015 0.015 0.015 0.015 0.015 0.015 0.015 0.015 0.015 0.015 0.015 0.015 0.015 0.015 0.015 0.015 0.015 0.015 0.015 0.015 0.015 0.015 0.015 0.015 0.015 0.015 0.0136221 0.015 0.015 0.015 0.015 0.015 0.015 0.015 0.015 0.015 0.0136232 0.015 0.015 0.015 0.015 0.015 0.015 0.015 0.015 0.015 0.0136341 0.015 0.015 0.015 0.015 0.015 0.015 0.015 0.015 0.015 0.0136185 0.015 0.015 0.015 0.015 0.015 0.015 0.015 0.015 0.015 0.0136543 0.015 0.015 0.015 0.015 0.015 0.015 0.015 0.015 0.015 0.0136125 0.015 0.015 0.015 0.015 0.015 0.015 0.015 0.015 0.015 0.0135941 0.015 0.015 0.015 0.015 0.015 0.015 0.015 0.015 0.015 0.0135715 0.015 0.015 0.015 0.015 0.015 0.015 0.015 0.015 0.015 0.0136199 0.015 0.015 0.015 0.015 0.015 0.015 0.015 0.015 0.015 0.0136258 0.015 0.015 0.015 0.0135938 0.015 0.015 0.0136314 0.015 0.015 0.015 0.015 0.015 0.015 0.0136361 0.015 0.015 0.0135983 0.015 0.015 0.015 0.015 0.015 0.015 0.0136148 0.015 0.015 0.0136111 0.015 0.015 0.015 0.015 0.015 0.015 0.0136447 0.015 0.015 0.0136533 0.015 0.015 0.015 0.015 0.015 0.015 0.0135735 0.015 0.015 0.0136338 0.015 0.015 0.015 0.015 0.015 0.015 0.0136362 0.015 0.015 0.0136026 0.015 0.015 0.015 0.015 0.015 0.015 0.0136289 0.015 0.015 0.0136099 0.015 0.015 0.015 0.015 0.015 0.015 0.0136053 0.015 0.015 0.0136232 0.015 0.015 0.015 0.015 0.015 0.015 0.0136388 0.015 0.015 0.013596 0.015 0.015 0.015 0.015 0.015 0.015 0.013596 0.015 0.015 0.0136103 0.015 0.015 0.015 0.015 0.015 0.015 0.015 0.015 0.015 0.015 0.015 0.015 0.015 0.015 0.015 0.015 0.015 0.015 0.015 0.015 0.015 0.015 0.015 0.015 0.015 0.015 0.015 0.015 0.015 0.015 0.015 0.015 0.015 0.015 0.015 0.015 0.015 0.015 0.015 0.015 0.015 0.015 0.015 0.015 0.015 0.015 0.015 0.015 0.015 0.015 0.015 0.015 0.015 0.015 0.015 0.015 0.015 0.015 0.015 0.015 0.015 0.015 0.015 0.015 0.015 0.015 0.015 0.015 0.015 0.015 0.015 0.015 0.015 0.015 0.015 0.015 0.015 0.015 0.015 0.015 0.015 0.015 0.015 0.015 0.015 0.015 0.015 0.015 0.015 0.015 0.015 0.015 0.015 0.015 0.015 0.015 0.015 0.015 0.015 0.015 0.015 0.015 0.015 0.015 0.015 0.015 0.015 0.015 0.015 0.015 0.015 0.015 0.0135776 0.015 0.015 0.015 0.015 0.015 0.015 0.015 0.015 0.015 0.0135801 0.015 0.015 0.015 0.015 0.015 0.015 0.015 0.015 0.015 0.0136461 0.015 0.015 0.015 0.015 0.015 0.015 0.015 0.015 0.015 0.013578 0.015 0.015 0.015 0.015 0.015 0.015 0.015 0.015 0.015 0.0136438 0.015 0.015 0.015 0.015 0.015 0.015 0.015 0.015 0.015 0.0136302 0.015 0.015 0.015 0.015 0.015 0.015 0.015 0.015 0.015 0.0136071 0.015 0.015 0.015 0.015 0.015 0.015 0.015 0.015 0.015 0.0135991 0.015 0.015 0.015 0.015 0.015 0.015 0.015 0.015 0.015 0.013568 0.015 0.015 0.015 0.015 0.015 0.015 0.015 0.015 0.015 0.0136288 0.015 0.015 0.015 0.015 0.015 0.015 0.015 0.015 0.015 0.0136285 0.015 0.015 0.015 0.015 0.015 0.015 0.015 0.015 0.015 0.0136358 0.015 0.015 0.015 0.015 0.015 0.015 0.015 0.015 0.015 0.0136362 0.015 0.015 0.015 0.015 0.015 0.015 0.015 0.015 0.015 0.0136339 0.015 0.015 0.015 0.015 0.015 0.015 0.015 0.015 0.015 0.0135852 0.015 0.015 0.015 0.015 0.015 0.015 0.015 0.015 0.015 0.0135663 0.015 0.015 0.015 0.015 0.015 0.015 0.015 0.015 0.015 0.013587 0.015 0.015 0.015 0.015 0.015 0.015 0.015 0.015 0.015 0.0136351 0.015 0.015 0.015 0.015 0.015 0.015 0.015 0.015 0.015 0.0136122 0.015 0.015 0.015 0.015 0.015 0.015 0.015 0.015 0.015 0.0135801 0.015 0.015 0.015 0.0136098 0.015 0.015 0.0136424 0.015 0.015 0.015 0.015 0.015 0.015 0.013652 0.015 0.015 0.0136019 0.015 0.015 0.015 0.015 0.015 0.015 0.0136176 0.015 0.015 0.0135673 0.015 0.015 0.015 0.015 0.015 0.015 0.0135688 0.015 0.015 0.0135846 0.015 0.015 0.015 0.015 0.015 0.015 0.0135686 0.015 0.015 0.0136384 0.015 0.015 0.015 0.015 0.015 0.015 0.0136074 0.015 0.015 0.0136524 0.015 0.015 0.015 0.015 0.015 0.015 0.0136543 0.015 0.015 0.0136265 0.015 0.015 0.015 0.015 0.015 0.015 0.0136477 0.015 0.015 0.0135707 0.015 0.015 0.015 0.015 0.015 0.015 0.0136129 0.015 0.015 0.013612 0.015 0.015 0.015 0.015 0.015 0.015 0.0136362 0.015 0.015 0.0136096 0.015 0.015 0.015 0.015 0.015 0.015 0.015 0.015 0.015 0.015 0.015 0.015 0.015 0.015 0.015 0.015 0.015 0.015 0.015 0.015 0.015 0.015 0.015 0.015 0.015 0.015 0.015 0.015 0.015 0.015 0.015 0.015 0.015 0.015 0.015 0.015 0.015 0.015 0.015 0.015 0.015 0.015 0.015 0.015 0.015 0.015 0.015 0.015 0.015 0.015 0.015 0.015 0.015 0.015 0.015 0.015 0.015 0.015 0.015 0.015 0.015 0.015 0.015 0.015 0.015 0.015 0.015 0.015 0.015 0.015 0.015 0.015 0.015 0.015 0.015 0.015 0.015 0.015 0.015 0.015 0.015 0.015 0.015 0.015 0.015 0.015 0.015 0.015 0.015 0.015 0.015 0.015 0.015 0.015 0.015 0.015 0.015 0.015 0.015 0.015 0.015 0.015 0.015 0.015 0.015 0.015 0.015 0.015 0.015 0.015 0.015 0.015 0.0135905 0.015 0.015 0.015 0.015 0.015 0.015 0.015 0.015 0.015 0.0136219 0.015 0.015 0.015 0.015 0.015 0.015 0.015 0.015 0.015 0.0135696 0.015 0.015 0.015 0.015 0.015 0.015 0.015 0.015 0.015 0.0136119 0.015 0.015 0.015 0.015 0.015 0.015 0.015 0.015 0.015 0.0136448 0.015 0.015 0.015 0.015 0.015 0.015 0.015 0.015 0.015 0.0136536 0.015 0.015 0.015 0.015 0.015 0.015 0.015 0.015 0.015 0.0136475 0.015 0.015 0.015 0.015 0.015 0.015 0.015 0.015 0.015 0.0136251 0.015 0.015 0.015 0.015 0.015 0.015 0.015 0.015 0.015 0.0135963 0.015 0.015 0.015 0.015 0.015 0.015 0.015 0.015 0.015 0.0135654 0.015 0.015 0.015 0.0135683 0.015 0.015 0.0136093 0.015 0.015 0.015 0.015 0.015 0.015 0.0135937 0.015 0.015 0.0136078 0.015 0.015 0.015 0.015 0.015 0.015 0.0135824 0.015 0.015 0.0136364 0.015 0.015 0.015 0.015 0.015 0.015 0.0136009 0.015 0.015 0.0135859 0.015 0.015 0.015 0.015 0.015 0.015 0.0135921 0.015 0.015 0.0136221 0.015 0.015 0.015 0.015 0.015 0.015 0.0135737 0.015 0.015 0.0136422 0.015 0.015 0.015 0.015 0.015 0.015 0.0135786 0.015 0.015 0.0135672 0.015 0.015 0.015 0.015 0.015 0.015 0.0136523 0.015 0.015 0.0135807 0.015 0.015 0.015 0.015 0.015 0.015 0.013636 0.015 0.015 0.0135789 0.015 0.015 0.015 0.015 0.015 0.015 0.0136473 0.015 0.015 0.0136355 0.015 0.015 0.015 0.015 0.015 0.015 0.015 0.015 0.015 0.015 0.015 0.015 0.015 0.015 0.015 0.015 0.015 0.015 0.015 0.015 0.015 0.015 0.015 0.015 0.015 0.015 0.015 0.015 0.015 0.015 0.015 0.015 0.015 0.015 0.015 0.015 0.015 0.015 0.015 0.015 0.015 0.015 0.015 0.015 0.015 0.015 0.015 0.015 0.015 0.015 0.015 0.015 0.015 0.015 0.015 0.015 0.015 0.015 0.015 0.015 0.015 0.015 0.015 0.015 0.015 0.015 0.015 0.015 0.015 0.015 0.015 0.015 0.015 0.015 0.015 0.015 0.015 0.015 0.015 0.015 0.015 0.015 0.015 0.015 0.015 0.015 0.015 0.015 0.015 0.015 0.015 0.015 0.015 0.015 0.015 0.015 0.015 0.015 0.015 0.015 0.015 0.015 0.015 0.015 0.015 0.015 0.015 0.015 0.015 0.015 0.015 0.015 0.0136053 0.015 0.015 0.015 0.015 0.015 0.015 0.015 0.015 0.015 0.0135666 0.015 0.015 0.015 0.015 0.015 0.015 0.015 0.015 0.015 0.0135823 0.015 0.015 0.015 0.015 0.015 0.015 0.015 0.015 0.015 0.0135971 0.015 0.015 0.015 0.015 0.015 0.015 0.015 0.015 0.015 0.013593 0.015 0.015 0.015 0.015 0.015 0.015 0.015 0.015 0.015 0.0136306 0.015 0.015 0.015 0.015 0.015 0.015 0.015 0.015 0.015 0.013597 0.015 0.015 0.015 0.015 0.015 0.015 0.015 0.015 0.015 0.0136032 0.015 0.015 0.015 0.015 0.015 0.015 0.015 0.015 0.015 0.013619 0.015 0.015 0.015 0.015 0.015 0.015 0.015 0.015 0.015 0.013609 0.015 0.015 0.015 0.0136496 0.015 0.015 0.013614 0.015 0.015 0.015 0.015 0.015 0.015 0.0135777 0.015 0.015 0.0135729 0.015 0.015 0.015 0.015 0.015 0.015 0.0136468 0.015 0.015 0.0135802 0.015 0.015 0.015 0.015 0.015 0.015 0.0135833 0.015 0.015 0.0136108 0.015 0.015 0.015 0.015 0.015 0.015 0.0135699 0.015 0.015 0.0136236 0.015 0.015 0.015 0.015 0.015 0.015 0.0136326 0.015 0.015 0.013645 0.015 0.015 0.015 0.015 0.015 0.015 0.0135779 0.015 0.015 0.0136411 0.015 0.015 0.015 0.015 0.015 0.015 0.0135855 0.015 0.015 0.0136362 0.015 0.015 0.015 0.015 0.015 0.015 0.0136348 0.015 0.015 0.0136131 0.015 0.015 0.015 0.015 0.015 0.015 0.0136004 0.015 0.015 0.0135761 0.015 0.015 0.015 0.015 0.015 0.015 0.015 0.015 0.015 0.015 0.015 0.015 0.015 0.015 0.015 0.015 0.015 0.015 0.015 0.015 0.015 0.015 0.015 0.015 0.015 0.015 0.015 0.015 0.015 0.015 0.015 0.015 0.015 0.015 0.015 0.015 0.015 0.015 0.015 0.015 0.015 0.015 0.015 0.015 0.015 0.015 0.015 0.015 0.015 0.015 0.015 0.015 0.015 0.015 0.015 0.015 0.015 0.015 0.015 0.015 0.015 0.015 0.015 0.015 0.015 0.015 0.015 0.015 0.015 0.015 0.015 0.015 0.015 0.015 0.015 0.015 0.015 0.015 0.015 0.015 0.015 0.015 0.015 0.015 0.015 0.015 0.015 0.015 0.015 0.015 0.015 0.015 0.015 0.015 0.015 0.015 0.015 0.015 0.015 0.015 0.015 0.015 0.015 0.015 0.015 0.015 0.015 0.015 0.015 0.015 0.015 0.015 0.0136513 0.015 0.015 0.015 0.015 0.015 0.015 0.015 0.015 0.015 0.0136345 0.015 0.015 0.015 0.015 0.015 0.015 0.015 0.015 0.015 0.0136092 0.015 0.015 0.015 0.015 0.015 0.015 0.015 0.015 0.015 0.0135852 0.015 0.015 0.015 0.015 0.015 0.015 0.015 0.015 0.015 0.0136328 0.015 0.015 0.015 0.015 0.015 0.015 0.015 0.015 0.015 0.0136158 0.015 0.015 0.015 0.015 0.015 0.015 0.015 0.015 0.015 0.0136315 0.015 0.015 0.015 0.015 0.015 0.015 0.015 0.015 0.015 0.0136545 0.015 0.015 0.015 0.015 0.015 0.015 0.015 0.015 0.015 0.0136256 0.015 0.015 0.015 0.015 0.015 0.015 0.015 0.015 0.015 0.0135744 0.015 0.015 0.015 0.015 0.015 0.015 0.015 0.015 0.015 0.0136342 0.015 0.015 0.015 0.015 0.015 0.015 0.015 0.015 0.015 0.0135942 0.015 0.015 0.015 0.015 0.015 0.015 0.015 0.015 0.015 0.0136418 0.015 0.015 0.015 0.015 0.015 0.015 0.015 0.015 0.015 0.0136067 0.015 0.015 0.015 0.015 0.015 0.015 0.015 0.015 0.015 0.0136512 0.015 0.015 0.015 0.015 0.015 0.015 0.015 0.015 0.015 0.0135982 0.015 0.015 0.015 0.015 0.015 0.015 0.015 0.015 0.015 0.0136493 0.015 0.015 0.015 0.015 0.015 0.015 0.015 0.015 0.015 0.0135692 0.015 0.015 0.015 0.015 0.015 0.015 0.015 0.015 0.015 0.013649 0.015 0.015 0.015 0.015 0.015 0.015 0.015 0.015 0.015 0.0136272 0.015 0.015 0.015 0.0136301 0.015 0.015 0.0136062 0.015 0.015 0.015 0.015 0.015 0.015 0.013649 0.015 0.015 0.0136019 0.015 0.015 0.015 0.015 0.015 0.015 0.0136327 0.015 0.015 0.0135833 0.015 0.015 0.015 0.015 0.015 0.015 0.0136064 0.015 0.015 0.013611 0.015 0.015 0.015 0.015 0.015 0.015 0.0136379 0.015 0.015 0.0135722 0.015 0.015 0.015 0.015 0.015 0.015 0.0136422 0.015 0.015 0.0136189 0.015 0.015 0.015 0.015 0.015 0.015 0.0135815 0.015 0.015 0.0135765 0.015 0.015 0.015 0.015 0.015 0.015 0.0136034 0.015 0.015 0.0136061 0.015 0.015 0.015 0.015 0.015 0.015 0.0136115 0.015 0.015 0.0136232 0.015 0.015 0.015 0.015 0.015 0.015 0.0135863 0.015 0.015 0.0136455 0.015 0.015 0.015 0.015 0.015 0.015 0.015 0.015 0.015 0.015 0.015 0.015 0.015 0.015 0.015 0.015 0.015 0.015 0.015 0.015 0.015 0.015 0.015 0.015 0.015 0.015 0.015 0.015 0.015 0.015 0.015 0.015 0.015 0.015 0.015 0.015 0.015 0.015 0.015 0.015 0.015 0.015 0.015 0.015 0.015 0.015 0.015 0.015 0.015 0.015 0.015 0.015 0.015 0.015 0.015 0.015 0.015 0.015 0.015 0.015 0.015 0.015 0.015 0.015 0.015 0.015 0.015 0.015 0.015 0.015 0.015 0.015 0.015 0.015 0.015 0.015 0.015 0.015 0.015 0.015 0.015 0.015 0.015 0.015 0.015 0.015 0.015 0.015 0.015 0.015 0.015 0.015 0.015 0.015 0.015 0.015 0.015 0.015 0.015 0.015 0.015 0.015 0.015 0.015 0.015 0.015 0.015 0.015 0.015 0.015 0.015 0.015 0.0136445 0.015 0.015 0.015 0.015 0.015 0.015 0.015 0.015 0.015 0.0136199 0.015 0.015 0.015 0.015 0.015 0.015 0.015 0.015 0.015 0.0136045 0.015 0.015 0.015 0.015 0.015 0.015 0.015 0.015 0.015 0.013632 0.015 0.015 0.015 0.015 0.015 0.015 0.015 0.015 0.015 0.0136169 0.015 0.015 0.015 0.015 0.015 0.015 0.015 0.015 0.015 0.013609 0.015 0.015 0.015 0.015 0.015 0.015 0.015 0.015 0.015 0.0136216 0.015 0.015 0.015 0.015 0.015 0.015 0.015 0.015 0.015 0.0135987 0.015 0.015 0.015 0.015 0.015 0.015 0.015 0.015 0.015 0.0136463 0.015 0.015 0.015 0.015 0.015 0.015 0.015 0.015 0.015 0.0136256 0.015 0.015 0.015 0.0136175 0.015 0.015 0.0136355 0.015 0.015 0.015 0.015 0.015 0.015 0.0135712 0.015 0.015 0.0136376 0.015 0.015 0.015 0.015 0.015 0.015 0.0136166 0.015 0.015 0.0135856 0.015 0.015 0.015 0.015 0.015 0.015 0.0135863 0.015 0.015 0.0136418 0.015 0.015 0.015 0.015 0.015 0.015 0.013643 0.015 0.015 0.0135833 0.015 0.015 0.015 0.015 0.015 0.015 0.0136492 0.015 0.015 0.0135993 0.015 0.015 0.015 0.015 0.015 0.015 0.0136493 0.015 0.015 0.0136323 0.015 0.015 0.015 0.015 0.015 0.015 0.0136292 0.015 0.015 0.0136372 0.015 0.015 0.015 0.015 0.015 0.015 0.0135745 0.015 0.015 0.0136117 0.015 0.015 0.015 0.015 0.015 0.015 0.0136033 0.015 0.015 0.0135882 0.015 0.015 0.015 0.015 0.015 0.015 0.015 0.015 0.015 0.015 0.015 0.015 0.015 0.015 0.015 0.015 0.015 0.015 0.015 0.015 0.015 0.015 0.015 0.015 0.015 0.015 0.015 0.015 0.015 0.015 0.015 0.015 0.015 0.015 0.015 0.015 0.015 0.015 0.015 0.015 0.015 0.015 0.015 0.015 0.015 0.015 0.015 0.015 0.015 0.015 0.015 0.015 0.015 0.015 0.015 0.015 0.015 0.015 0.015 0.015 0.015 0.015 0.015 0.015 0.015 0.015 0.015 0.015 0.015 0.015 0.015 0.015 0.015 0.015 0.015 0.015 0.015 0.015 0.015 0.015 0.015 0.015 0.015 0.015 0.015 0.015 0.015 0.015 0.015 0.015 0.015 0.015 0.015 0.015 0.015 0.015 0.015 0.015 0.015 0.015 0.015 0.015 0.015 0.015 0.015 0.015 0.015 0.015 0.015 0.015 0.015 0.015 0.0136293 0.015 0.015 0.015 0.015 0.015 0.015 0.015 0.015 0.015 0.0136515 0.015 0.015 0.015 0.015 0.015 0.015 0.015 0.015 0.015 0.0136258 0.015 0.015 0.015 0.015 0.015 0.015 0.015 0.015 0.015 0.0135963 0.015 0.015 0.015 0.015 0.015 0.015 0.015 0.015 0.015 0.0135969 0.015 0.015 0.015 0.015 0.015 0.015 0.015 0.015 0.015 0.0136248 0.015 0.015 0.015 0.015 0.015 0.015 0.015 0.015 0.015 0.013648 0.015 0.015 0.015 0.015 0.015 0.015 0.015 0.015 0.015 0.0136501 0.015 0.015 0.015 0.015 0.015 0.015 0.015 0.015 0.015 0.0135988 0.015 0.015 0.015 0.015 0.015 0.015 0.015 0.015 0.015 0.0135737 0.015 0.015 0.015 0.0135931 0.015 0.015 0.0136355 0.015 0.015 0.015 0.015 0.015 0.015 0.0135913 0.015 0.015 0.0136458 0.015 0.015 0.015 0.015 0.015 0.015 0.0135789 0.015 0.015 0.0136346 0.015 0.015 0.015 0.015 0.015 0.015 0.013566 0.015 0.015 0.0136298 0.015 0.015 0.015 0.015 0.015 0.015 0.0136034 0.015 0.015 0.0135817 0.015 0.015 0.015 0.015 0.015 0.015 0.0136166 0.015 0.015 0.0135755 0.015 0.015 0.015 0.015 0.015 0.015 0.0136005 0.015 0.015 0.013592 0.015 0.015 0.015 0.015 0.015 0.015 0.0136171 0.015 0.015 0.013643 0.015 0.015 0.015 0.015 0.015 0.015 0.0136038 0.015 0.015 0.0135838 0.015 0.015 0.015 0.015 0.015 0.015 0.0136126 0.015 0.015 0.0135964 0.015 0.015 0.015 0.015 0.015 0.015 0.015 0.015 0.015 0.015 0.015 0.015 0.015 0.015 0.015 0.015 0.015 0.015 0.015 0.015 0.015 0.015 0.015 0.015 0.015 0.015 0.015 0.015 0.015 0.015 0.015 0.015 0.015 0.015 0.015 0.015 0.015 0.015 0.015 0.015 0.015 0.015 0.015 0.015 0.015 0.015 0.015 0.015 0.015 0.015 0.015 0.015 0.015 0.015 0.015 0.015 0.015 0.015 0.015 0.015 0.015 0.015 0.015 0.015 0.015 0.015 0.015 0.015 0.015 0.015 0.015 0.015 0.015 0.015 0.015 0.015 0.015 0.015 0.015 0.015 0.015 0.015 0.015 0.015 0.015 0.015 0.015 0.015 0.015 0.015 0.015 0.015 0.015 0.015 0.015 0.015 0.015 0.015 0.015 0.015 0.015 0.015 0.015 0.015 0.015 0.015 0.015 0.015 0.015 0.015 0.015 0.015 0.0136435 0.015 0.015 0.015 0.015 0.015 0.015 0.015 0.015 0.015 0.0136139 0.015 0.015 0.015 0.015 0.015 0.015 0.015 0.015 0.015 0.0136501 0.015 0.015 0.015 0.015 0.015 0.015 0.015 0.015 0.015 0.0136399 0.015 0.015 0.015 0.015 0.015 0.015 0.015 0.015 0.015 0.0135692 0.015 0.015 0.015 0.015 0.015 0.015 0.015 0.015 0.015 0.0135925 0.015 0.015 0.015 0.015 0.015 0.015 0.015 0.015 0.015 0.0135926 0.015 0.015 0.015 0.015 0.015 0.015 0.015 0.015 0.015 0.0135786 0.015 0.015 0.015 0.015 0.015 0.015 0.015 0.015 0.015 0.0135944 0.015 0.015 0.015 0.015 0.015 0.015 0.015 0.015 0.015 0.0136373 0.015 0.015 
</Matrix>
   <Matrix name="Tsim" type="complete" rows="1" columns="1" multiplier="1.0">
   100
</Matrix>
   <Matrix name="simulationEndTime" type="complete" rows="1" columns="1" multiplier="1.0">
   1000
</Matrix>
</SimState>
