<?xml version="1.0" standalone="no"?>
<Matrix name="Neuron_7" type="complete" rows="1" columns="962" multiplier="1.0">
   14159 18777 20123 32635 48558 75686 100355 103147 113993 115604 117387 140475 145167 146519 161874 163728 178066 215683 223960 228689 233148 234007 246256 254231 276690 279706 298851 300429 303737 320939 331642 336491 357281 370713 377927 391242 421923 440282 446090 465374 468351 480018 484666 491976 495304 500369 504264 515725 529534 535079 537242 540737 545285 549954 563610 569173 643960 647616 650747 654707 661804 663922 673668 675594 683052 698813 713137 721596 735680 752943 762452 767879 784454 795664 799364 808928 817251 832734 836768 843622 849553 888412 891914 897996 901544 910220 953689 955496 978732 982913 1000433 1003423 1012970 1035585 1073828 1079966 1081717 1090063 1099722 1110743 1127918 1135762 1139875 1144516 1157471 1158953 1161841 1181320 1199343 1218946 1220251 1224318 1226825 1252510 1254248 1265458 1276792 1300154 1308851 1311251 1313858 1318765 1325783 1329351 1332664 1342456 1346018 1354032 1370036 1372945 1377888 1395245 1414766 1441820 1450147 1453016 1457226 1466598 1470887 1506384 1510537 1514289 1517626 1529152 1530483 1542002 1545872 1583040 1591649 1614730 1638290 1640902 1644772 1647007 1649249 1686783 1691867 1702600 1709983 1714118 1733136 1741440 1750174 1761304 1793672 1803162 1810576 1834071 1844491 1850175 1862603 1867909 1870733 1872950 1876394 1878206 1884721 1895763 1900020 1912440 1929327 1949780 1952125 1959364 1979927 1982232 1992534 2009016 2010444 2012302 2028383 2041077 2068744 2091604 2103452 2113163 2116734 2145232 2172268 2179957 2187608 2193846 2208269 2221371 2229857 2271078 2301281 2314175 2337784 2344798 2346234 2350212 2352903 2367966 2370426 2396718 2412987 2421462 2440374 2451744 2452570 2462667 2464122 2474143 2489412 2491355 2496337 2502661 2504420 2509156 2515974 2518315 2531661 2566123 2570146 2574676 2578833 2586261 2596544 2599831 2608829 2613424 2623632 2673856 2702137 2708959 2714132 2734312 2757749 2762260 2769940 2770969 2772189 2778403 2782430 2803417 2813425 2837196 2842017 2848362 2854072 2860565 2864131 2869113 2874260 2889192 2899930 2901745 2904723 2917415 2924608 2937800 2942760 2948077 2951064 2965433 2969022 2974904 2980717 2995070 3011758 3023923 3027877 3029140 3031645 3032768 3035325 3042118 3043521 3052540 3058356 3065164 3090857 3096174 3100728 3107862 3135983 3138285 3154894 3163473 3167149 3177045 3194921 3207713 3218819 3221785 3227207 3231279 3238466 3247564 3248797 3255244 3267976 3321296 3330121 3341390 3342267 3346730 3352120 3354099 3358980 3360731 3383366 3388639 3396328 3404870 3411233 3417478 3422295 3425188 3439978 3453502 3462788 3465027 3476054 3479497 3485077 3491935 3495718 3516317 3520207 3540178 3543657 3554565 3557178 3576591 3587656 3590186 3593329 3598049 3601099 3616624 3656336 3659088 3677044 3695480 3715289 3721645 3765614 3775087 3788521 3793754 3795276 3803614 3805412 3816164 3854861 3856039 3876161 3903814 3907180 3918540 3925634 3927247 3936905 3938777 3942054 3946994 3955471 3968155 3972288 3974802 3987494 3994417 3996342 4004609 4008645 4025531 4030626 4035090 4043749 4059530 4063048 4069637 4075211 4078154 4082610 4099636 4100861 4132380 4147935 4161171 4195318 4207620 4208934 4212661 4237882 4240588 4244494 4273297 4275327 4284175 4294288 4304858 4331384 4342298 4352197 4357866 4373535 4375074 4384005 4390495 4393094 4404469 4414688 4433360 4436651 4445068 4460473 4502941 4515894 4533797 4558247 4559777 4561476 4562871 4579138 4607190 4614471 4620006 4623378 4637450 4655438 4667074 4675867 4685395 4694180 4704565 4707917 4715415 4730074 4737154 4748053 4752894 4761823 4769043 4770327 4773038 4788915 4798758 4813038 4821450 4838265 4859543 4877916 4897445 4901948 4913027 4915214 4920323 4922643 4947864 4949074 4951519 4970888 4978296 4989441 4996194 5002155 5008671 5013998 5024357 5044523 5057157 5063983 5066060 5067675 5085109 5102139 5110689 5130494 5134839 5136863 5180509 5185245 5191344 5211060 5216720 5262167 5270147 5277678 5280422 5282683 5288246 5290089 5305074 5312392 5321709 5326697 5336816 5338241 5344444 5350565 5357183 5360837 5365413 5366855 5374942 5387183 5397985 5406770 5410596 5428673 5433808 5444544 5449794 5452821 5456362 5464777 5473302 5480302 5486438 5489237 5494212 5514024 5533484 5546245 5548786 5551954 5563639 5597219 5606276 5635427 5644474 5663248 5669858 5688754 5698462 5703064 5730167 5733892 5737474 5750786 5760665 5771807 5788907 5791404 5795056 5818972 5831586 5835051 5841696 5843926 5856096 5871819 5874812 5895865 5902814 5904433 5915333 5927956 5929886 5936113 5955128 5956695 5962058 5965015 5966647 5967766 5982602 6000868 6005599 6012700 6023614 6029328 6034017 6062078 6067574 6078494 6079888 6089740 6105022 6114450 6131864 6142498 6146302 6156323 6176817 6182268 6206086 6210516 6244497 6255191 6258307 6261734 6284875 6296737 6307643 6319744 6328631 6337166 6342906 6354801 6360261 6374767 6379240 6390077 6393189 6412405 6415262 6422552 6431812 6442133 6466705 6475156 6481121 6498798 6500194 6508638 6512554 6531535 6550506 6567752 6574152 6581086 6589108 6592410 6596219 6600599 6608199 6639716 6661106 6668217 6672295 6693573 6696880 6703886 6716851 6720660 6721674 6724387 6736294 6740654 6756307 6778923 6800361 6803629 6820901 6823729 6829282 6851750 6857777 6860402 6881219 6904232 6912491 6915271 6930620 6949650 6955164 6958952 6995228 7005925 7010188 7018777 7043357 7067326 7068403 7071078 7104732 7106963 7119275 7144555 7147150 7188893 7191707 7192825 7196954 7212961 7223887 7232759 7242714 7248773 7265070 7272546 7289544 7291315 7307330 7312980 7315691 7318210 7327946 7339024 7354542 7360570 7371573 7376185 7377717 7384995 7386410 7392234 7394371 7411635 7425273 7429792 7436465 7456486 7484764 7488996 7503458 7515330 7522184 7531563 7538670 7539915 7544298 7556097 7558695 7562489 7567472 7568636 7570921 7580971 7586409 7601850 7611114 7620829 7629192 7636331 7640173 7652631 7689813 7706083 7708114 7717883 7725332 7731025 7741039 7742086 7744870 7753225 7756079 7762002 7776062 7781176 7782727 7798804 7825713 7832065 7842541 7851754 7854294 7865220 7878744 7880688 7883613 7884785 7886288 7893828 7903137 7906810 7925767 7936745 7944736 7951395 7963578 7968883 7972712 7974562 7977093 7987499 7994834 7999438 8015523 8025354 8028370 8031995 8087724 8128172 8133741 8142570 8149244 8156791 8169765 8173648 8178850 8184451 8195910 8200627 8214853 8220986 8252207 8260040 8263635 8274810 8293248 8312211 8313852 8316892 8338726 8353355 8356710 8361407 8368825 8403217 8408197 8424367 8430216 8436287 8446882 8468965 8472699 8485896 8503903 8512475 8527017 8528856 8531663 8544385 8554959 8559315 8591077 8603246 8612454 8616155 8623815 8631884 8634655 8639363 8668615 8681582 8686082 8700332 8704511 8726623 8732109 8733848 8747909 8762684 8784996 8786771 8806157 8810817 8825454 8844473 8889183 8891722 8930253 8935837 8936983 8943671 8945001 8968312 8979599 8988954 9002444 9014285 9021129 9028218 9055048 9076860 9086803 9119723 9129475 9159946 9193128 9210233 9211469 9241572 9252095 9269419 9287248 9288610 9298985 9303572 9308979 9310140 9316388 9323882 9327325 9342693 9344955 9348501 9359532 9362018 9393721 9423058 9425310 9437405 9458823 9470174 9477637 9507239 9514394 9516043 9525730 9551421 9553391 9555557 9564113 9568711 9571982 9579534 9580957 9582651 9609951 9636438 9639966 9649412 9670187 9679372 9682147 9694821 9703974 9706605 9708579 9710720 9719634 9723729 9734322 9749390 9754343 9764465 9765825 9769319 9794487 9796305 9802043 9805896 9820251 9824661 9826200 9832255 9839648 9849841 9851751 9871751 9874693 9877626 9879503 9890488 9897026 9905033 9925113 9946997 9950090 9955231 9961489 9963037 9968789 9984513 9996726 
</Matrix>
<Matrix name="Neuron_17" type="complete" rows="1" columns="5639" multiplier="1.0">
   549 1803 2852 3436 4062 6878 8508 9289 14763 15651 18045 19266 23415 25837 27640 30221 31218 35605 36799 37764 40321 42640 44503 45932 47919 48965 51244 52696 54531 55380 56754 58108 59022 59821 63820 64606 65515 66503 67820 70605 71451 75733 76970 78254 79829 80520 81576 83320 85531 86471 88306 89224 91751 93013 95307 96367 98154 100974 102032 104462 106412 109300 110717 113767 114844 116107 121256 123717 126043 127868 129099 133673 135835 137221 139541 142533 147911 149749 151261 151983 153454 157191 160708 161868 162908 163781 166078 167036 168133 170515 172486 174174 175583 176597 178662 181228 183139 185891 186868 187729 189044 190223 191637 192692 193597 195579 196996 198740 200264 201547 203501 204437 205781 207515 208430 210272 212043 212825 215502 216772 217877 218429 219943 220855 222894 227437 229009 231306 232713 235468 236702 239264 242173 243731 244460 245739 247426 248522 249514 250430 253369 254056 255085 255879 258195 259841 262814 264429 265623 266681 269700 270593 273064 274246 276175 276884 278114 280587 282250 284581 285905 288121 290457 291345 291962 293125 294016 294655 295421 296198 297642 304171 307950 314184 316243 319299 321290 322561 324129 325254 326482 327440 328497 330638 332709 337491 341546 342560 346763 348579 349725 350823 352073 353329 357351 358706 360506 361878 366616 370061 373485 375640 377385 378566 380132 381598 382204 382980 384284 385566 387618 388180 389591 391477 392869 394309 397121 398291 399213 400434 403763 405327 406454 407722 409748 412207 413095 414051 415230 416473 420778 423043 423928 425185 427599 428511 429337 431094 432256 433131 435350 437522 438670 440938 442918 445603 446274 448604 450671 451651 452838 454054 455161 456984 458188 460075 461362 461992 463147 465098 466630 467423 468307 469476 470610 472905 475206 476829 481272 482562 483996 485579 487483 488116 490584 492140 493491 494794 495590 496442 497255 499169 500288 501164 503634 506442 508832 512263 513742 516294 517680 519147 520772 522207 523488 524455 526695 528000 529061 531781 534263 536400 537388 539377 542557 543799 546594 547661 551578 553767 554697 555210 556050 557525 559298 564078 567449 568974 569801 570391 572823 574424 575740 576485 577403 580341 582351 583523 584899 585543 586653 587686 589261 594161 597521 598978 600265 601054 602961 605662 608001 610349 611508 613828 616379 618864 620139 621780 623035 624170 625958 627411 628203 629563 631604 633033 634051 636362 638006 641412 642498 643696 644948 646633 647209 649701 650348 650835 652109 654327 655766 656892 660042 661063 662829 665037 666012 668467 670899 671629 673452 674457 675824 676517 678633 679502 682929 683536 685052 686246 687630 689543 690742 692469 693565 694933 696390 698138 699546 701006 701792 704953 706625 707465 709171 710623 712162 713868 714855 716055 717327 721255 722493 723686 724993 726882 727619 730870 732213 734476 736811 738989 740460 741305 742738 744757 747113 747807 748581 749823 751555 752552 753240 755623 757647 760342 761633 762518 766031 767411 772572 774112 776058 777050 781286 782665 784097 784772 786927 789052 790560 792368 793362 796029 796593 798028 798677 799892 802430 803848 806305 808978 809860 811859 814576 818341 819472 822953 823684 827987 828733 829944 832424 833053 834048 836519 837725 843096 846275 848399 850088 851468 852352 854238 858629 861597 863031 864607 866023 867911 869100 870465 873026 874860 876129 877764 879508 881198 882072 883658 885225 887328 889931 891172 895450 896366 897479 898980 899794 901398 902807 904058 904945 908194 910971 912413 919185 920597 923013 924641 925425 927050 929383 931024 935806 937875 938835 940428 942678 944808 945412 947053 948577 949695 951450 955726 956813 959232 960787 961524 962825 964811 965499 966865 967495 969097 970452 972525 974479 976292 977730 978708 979854 981417 984795 986066 987531 989475 991704 992639 994602 996474 997729 999196 1000610 1002853 1004187 1008301 1010311 1012534 1014739 1015867 1016875 1017916 1020811 1022587 1026718 1027985 1029382 1032303 1036235 1037100 1038321 1039363 1040923 1042001 1043510 1045329 1047462 1048919 1049818 1052798 1054620 1055543 1056547 1060220 1061751 1064818 1065854 1067019 1070482 1071435 1072435 1074024 1076143 1077532 1080623 1081999 1084845 1088536 1089580 1091694 1092829 1093905 1096466 1098764 1100041 1101373 1102741 1105415 1106563 1108067 1109841 1112346 1113653 1115108 1115932 1117598 1118873 1120856 1122037 1123416 1125107 1126678 1127809 1128960 1130200 1131454 1136215 1139051 1141826 1143176 1145508 1146605 1149262 1151137 1153009 1154130 1155645 1156862 1157856 1159587 1161393 1162955 1164161 1165532 1166646 1167986 1170175 1171437 1173932 1175358 1176888 1178694 1179979 1182173 1185493 1186195 1188252 1191029 1193580 1198176 1202357 1203626 1205293 1206455 1208021 1210382 1213452 1214746 1215709 1216210 1217362 1218906 1221290 1222604 1226108 1227007 1228101 1229617 1230267 1231413 1232299 1233574 1235074 1237024 1238174 1239397 1240976 1242213 1243253 1244136 1244896 1246038 1246668 1248185 1251068 1254374 1255269 1257993 1259819 1261888 1263333 1266452 1267536 1268155 1269017 1269857 1271141 1273916 1275987 1276956 1277894 1278600 1279407 1281162 1284166 1286671 1288184 1289303 1292279 1293474 1294534 1296405 1301174 1302022 1304269 1305686 1307160 1310383 1311155 1313011 1316165 1317008 1319556 1320743 1323129 1324693 1326845 1327743 1328686 1329298 1330802 1333869 1334982 1336367 1337725 1340428 1342352 1343176 1344008 1345142 1346453 1349150 1349918 1350934 1352037 1354060 1356768 1357249 1359134 1362214 1364657 1366222 1366740 1367678 1368538 1369508 1370477 1371538 1374628 1375637 1377559 1378926 1380334 1382733 1384539 1386327 1387574 1389686 1392453 1394608 1395201 1401797 1408511 1410011 1411911 1414569 1416316 1417951 1420299 1421599 1422892 1424260 1425829 1428459 1430327 1431192 1435531 1436727 1438672 1439713 1442190 1443516 1444408 1445321 1448267 1449010 1451441 1453053 1454983 1456919 1458134 1458851 1459670 1462327 1464534 1465529 1467791 1470176 1471285 1472991 1475102 1479262 1480108 1481087 1483595 1484333 1484991 1485745 1488449 1490190 1492213 1493340 1494810 1496285 1498248 1499163 1500793 1503578 1504512 1505801 1507214 1509783 1510620 1512519 1514183 1515433 1515908 1517896 1518674 1519724 1520846 1522276 1525928 1530652 1532860 1535589 1536495 1539919 1544510 1546104 1547191 1548048 1549661 1550692 1551602 1552369 1552949 1555695 1556913 1557962 1558768 1560955 1562467 1564089 1565407 1566190 1567341 1573032 1574556 1576526 1580368 1581483 1583138 1584154 1588205 1590224 1591728 1595046 1599510 1600375 1601226 1602764 1603618 1605164 1605842 1606809 1607475 1608560 1612772 1613882 1616291 1618209 1620718 1623967 1625359 1626835 1628938 1629989 1631049 1633085 1634106 1636745 1638180 1640025 1640870 1642163 1643500 1644829 1646894 1650419 1651942 1653220 1655921 1659329 1659865 1662954 1663814 1664980 1666431 1667633 1670857 1672194 1673487 1674351 1675149 1676394 1677768 1678441 1681141 1682342 1684238 1686558 1689997 1691543 1692213 1694503 1696624 1698020 1699112 1700258 1700830 1701647 1704037 1705499 1707881 1710138 1712785 1714738 1719216 1720478 1721437 1722391 1724258 1725063 1726686 1728763 1730726 1732351 1733023 1734678 1736974 1740142 1744923 1746112 1747847 1748802 1750059 1750555 1754510 1758076 1759236 1760665 1761714 1763856 1765298 1766484 1768130 1769233 1770464 1772555 1773661 1775119 1776725 1779824 1782285 1784551 1785554 1789479 1794107 1795257 1796654 1798902 1799697 1801141 1801792 1802525 1803547 1804177 1805083 1806510 1809264 1810236 1812038 1813246 1814265 1816882 1819250 1820227 1821266 1822925 1825859 1827179 1827855 1829045 1829806 1830909 1831628 1835411 1836431 1838688 1839654 1844476 1845659 1848351 1849503 1851192 1852222 1853597 1855022 1857032 1857950 1861080 1862247 1863194 1864643 1868625 1871208 1872911 1874186 1876917 1878068 1880129 1881201 1884336 1886342 1889494 1890070 1891264 1892610 1893796 1895321 1896763 1897984 1899160 1900027 1901229 1902347 1904852 1907734 1910530 1911883 1912790 1914477 1915784 1917873 1919144 1921949 1923334 1924684 1925616 1928234 1930313 1934203 1935041 1936260 1937816 1939720 1941417 1942942 1944218 1945113 1946295 1946994 1948469 1949866 1951251 1954314 1957709 1959341 1960402 1961783 1963926 1965648 1968255 1969536 1970188 1972194 1973251 1975383 1976402 1978216 1979623 1982152 1984281 1985467 1986516 1988936 1989663 1992150 1993475 1995355 1997152 1998111 2000707 2003263 2004689 2006593 2007323 2009101 2010284 2011724 2012967 2015384 2016577 2017682 2018464 2021670 2022477 2023121 2024251 2030155 2032189 2033324 2039699 2040500 2044586 2045412 2051829 2054975 2055811 2057723 2059685 2060702 2063731 2064939 2066239 2068101 2069178 2070751 2071776 2072643 2075122 2076284 2081387 2083823 2084764 2086791 2088620 2091132 2092463 2093916 2096067 2097007 2098610 2099991 2100924 2104492 2105649 2106497 2108498 2110338 2111851 2114924 2116978 2119550 2122965 2125665 2126722 2127221 2129349 2130479 2132188 2133756 2134429 2135712 2139150 2139887 2140770 2141804 2143327 2146590 2148262 2148939 2150853 2154223 2158540 2159135 2161854 2162826 2163911 2165299 2166721 2167440 2170266 2171681 2172958 2175040 2176765 2177796 2179275 2180500 2182521 2183661 2185195 2186605 2188327 2189288 2190281 2190928 2194041 2195191 2196842 2199583 2200734 2204602 2206225 2207540 2211127 2214272 2215295 2218457 2221132 2223024 2223810 2225749 2227807 2229124 2230223 2231166 2233393 2235104 2236092 2237429 2238913 2241920 2243264 2244968 2246827 2250315 2254570 2255757 2257060 2258271 2260995 2264314 2265419 2266418 2267393 2269775 2271043 2272089 2274411 2276624 2278487 2281635 2282580 2283727 2284535 2285976 2288406 2289485 2290288 2291913 2293410 2294765 2298154 2301251 2303009 2306643 2311670 2312910 2315996 2317187 2318795 2320493 2321337 2322260 2323821 2324747 2330275 2331284 2333267 2334242 2337088 2338567 2339570 2341444 2343832 2345563 2347777 2348501 2349733 2352680 2353515 2354535 2355461 2356413 2359083 2360635 2361506 2363485 2364171 2365414 2368791 2369999 2372472 2374294 2376101 2378431 2379382 2380675 2384613 2386855 2388808 2389931 2393518 2395752 2396951 2398718 2399661 2400668 2402955 2404437 2406109 2407519 2409473 2410667 2413357 2414232 2417864 2421929 2423227 2424331 2426807 2432569 2434552 2435608 2437770 2438785 2441135 2443240 2444529 2445603 2447073 2449980 2452413 2453533 2456662 2457798 2461112 2462250 2463292 2464365 2466304 2467312 2468960 2471174 2472608 2474051 2474814 2475770 2477213 2478784 2479965 2481902 2483108 2486429 2487430 2488438 2489603 2492005 2495474 2496688 2498116 2499510 2500686 2502962 2506782 2508674 2511413 2513536 2519286 2522065 2523814 2524691 2525693 2526811 2528389 2530013 2530836 2531822 2533594 2534664 2535983 2538374 2542727 2544422 2545224 2548415 2549563 2551568 2553679 2555559 2558166 2559307 2563759 2568176 2569500 2571091 2572352 2577924 2579320 2582227 2583745 2585283 2586100 2586718 2587822 2590090 2590741 2593578 2595066 2595800 2596823 2598488 2603376 2605095 2606811 2609349 2612116 2613908 2616806 2619227 2619937 2621241 2624512 2626651 2628043 2630693 2634370 2635236 2636078 2637625 2638662 2642594 2645190 2647185 2648606 2650261 2651426 2652613 2653623 2657427 2662247 2663133 2664844 2666220 2667386 2668526 2669929 2671060 2672854 2674697 2676517 2677922 2679616 2680490 2681635 2683040 2684061 2686985 2688311 2691341 2692429 2693591 2697311 2698154 2699096 2700018 2702304 2704920 2706212 2709525 2710720 2711379 2712366 2713758 2714477 2716158 2716933 2717925 2719089 2720128 2721357 2722138 2722832 2724364 2725152 2725949 2727214 2731099 2732642 2734976 2736874 2742010 2743239 2746641 2749889 2750609 2752096 2753370 2754493 2755734 2756844 2758185 2759932 2761295 2763495 2765182 2766560 2767987 2772320 2773144 2774244 2775675 2778956 2781006 2787650 2788609 2792996 2794626 2796198 2797608 2799147 2800431 2801611 2806155 2808140 2809191 2811501 2812170 2813265 2814540 2816479 2817067 2818717 2819608 2820652 2823078 2824206 2826113 2827272 2829690 2831272 2833922 2834625 2835317 2836734 2838250 2840672 2842143 2844221 2846985 2848115 2848844 2850399 2851054 2851654 2852657 2855425 2857132 2858877 2860988 2865106 2866396 2868115 2869492 2871810 2873049 2876104 2877491 2878980 2881296 2882217 2884333 2889341 2890545 2892173 2893067 2895223 2896894 2897871 2900258 2901876 2903717 2905287 2907441 2911195 2912648 2913546 2916436 2919192 2920497 2922033 2923101 2923775 2926665 2927484 2930428 2934493 2935913 2937974 2941348 2942638 2944388 2947106 2950688 2951487 2953012 2953690 2955993 2958485 2960422 2962301 2963221 2965821 2966460 2968192 2971939 2973772 2975346 2977080 2978129 2979345 2982575 2983518 2984459 2985313 2987283 2988199 2992560 2993822 2994853 2995886 2997242 2998116 2999528 3000924 3003795 3006892 3009442 3012282 3013217 3014275 3015047 3017337 3018771 3020709 3021745 3022768 3023695 3025774 3027468 3029528 3030910 3031699 3032444 3033828 3034958 3037018 3039327 3040447 3041829 3044002 3045161 3047417 3048368 3050461 3051351 3053531 3054555 3055266 3058610 3062794 3064001 3064554 3065400 3066026 3066767 3068045 3069331 3070006 3071821 3073820 3075727 3078108 3080982 3084136 3085692 3087011 3091001 3092133 3093389 3094653 3099790 3100705 3101724 3102303 3103337 3108523 3111839 3112704 3113442 3115139 3116834 3118713 3120839 3121424 3122277 3123321 3124641 3125427 3127121 3128921 3130755 3132650 3134419 3135416 3137093 3138819 3140745 3143197 3144262 3145303 3146873 3148282 3153206 3154324 3156709 3159593 3162823 3164084 3164873 3165740 3167373 3168285 3169723 3170355 3172166 3174786 3175999 3176947 3178854 3181456 3187242 3188710 3190469 3191200 3195742 3196899 3198106 3199461 3204920 3205526 3207256 3207923 3208902 3209711 3211753 3213007 3214990 3219947 3220998 3222840 3227055 3229109 3229848 3230507 3232871 3235030 3241580 3246739 3247831 3249271 3252401 3254921 3256177 3260311 3262197 3264438 3265120 3270570 3271492 3274209 3274786 3278031 3278517 3281619 3282986 3287787 3288682 3289416 3290438 3293005 3294969 3296516 3298792 3299824 3302838 3305889 3306786 3309149 3310243 3311007 3312162 3313262 3314268 3317015 3317804 3319254 3319942 3321741 3323385 3325343 3327539 3328970 3330262 3331762 3332363 3333488 3337438 3338071 3339811 3341186 3342442 3344808 3346371 3348548 3350002 3353512 3354541 3357062 3357953 3360794 3362853 3363417 3364714 3367098 3368374 3369597 3370026 3371173 3372010 3374287 3377273 3381177 3382828 3383544 3384059 3385134 3388089 3389060 3391034 3392091 3393938 3395007 3395866 3399463 3400357 3403497 3405637 3410541 3411386 3413494 3414183 3415111 3417650 3419195 3420469 3422823 3425423 3427945 3429205 3435559 3439215 3440294 3441984 3443469 3444352 3448305 3450142 3454372 3455439 3456749 3458059 3458964 3461857 3462985 3464360 3466095 3466785 3468158 3470006 3470989 3472565 3475322 3477954 3482234 3483712 3488775 3492676 3493488 3494946 3495921 3497256 3498027 3500187 3504196 3505251 3507859 3508703 3510003 3511157 3512415 3513676 3515399 3516257 3517723 3520166 3522299 3525555 3531847 3534109 3535472 3536824 3539047 3541106 3542513 3543552 3545633 3547126 3548840 3553129 3553913 3555893 3556879 3559450 3561089 3564118 3565243 3567041 3569225 3571131 3571850 3572694 3573729 3575673 3579398 3580152 3581346 3582076 3582593 3586040 3588729 3590853 3592333 3593482 3595762 3597131 3597955 3598968 3599981 3600791 3602153 3602787 3605235 3606876 3608323 3609390 3610089 3610712 3612182 3613630 3615629 3617258 3618478 3619469 3621486 3622824 3628799 3629709 3632813 3634129 3635299 3638394 3640126 3641262 3643361 3644386 3646056 3647522 3648526 3650451 3652319 3653614 3655165 3657268 3659249 3660805 3662310 3663209 3664231 3666545 3668121 3669956 3671651 3673645 3675203 3676566 3679265 3681090 3681853 3682477 3683596 3684326 3685491 3686937 3687529 3689079 3690104 3694033 3696949 3698606 3699572 3703648 3704622 3706022 3706856 3709087 3710673 3711297 3712179 3713405 3716318 3717520 3719165 3720245 3721609 3722234 3724343 3726136 3727589 3729267 3730253 3733211 3734470 3735130 3736185 3742485 3743496 3744737 3746866 3750092 3752542 3753445 3756441 3757241 3762074 3763426 3765629 3766694 3767741 3769504 3770851 3771680 3773385 3774351 3776734 3778232 3779719 3781418 3785287 3786496 3787361 3788297 3789252 3790493 3794267 3795316 3797982 3799281 3801017 3803573 3804838 3808605 3809989 3810847 3811961 3813991 3814850 3815960 3818060 3819544 3822081 3824582 3826093 3827325 3828116 3829288 3830031 3832458 3833528 3835538 3837124 3838391 3839518 3842399 3844518 3845909 3848026 3850491 3851466 3852484 3854680 3859131 3860526 3862258 3864092 3865082 3868192 3869418 3870476 3872411 3873219 3874231 3875630 3876317 3877766 3879125 3881078 3882824 3885355 3887938 3889490 3890838 3892073 3896273 3899256 3900252 3901273 3904021 3905017 3906034 3912034 3913386 3914783 3917006 3918642 3920886 3922979 3924725 3925672 3927353 3928811 3930906 3931595 3934486 3936893 3937807 3942061 3943437 3944222 3947237 3947995 3950383 3952708 3953544 3955056 3955839 3960644 3961096 3962123 3963075 3966108 3967086 3972753 3973963 3976963 3978425 3979424 3980283 3980761 3981878 3983607 3985177 3987043 3988832 3989890 3990868 3991886 3995569 3998459 4000215 4002650 4006595 4007799 4008495 4010713 4011808 4012594 4015260 4018723 4022277 4025330 4028268 4029203 4030074 4031497 4032994 4035481 4038797 4042139 4044200 4045586 4047132 4047927 4050368 4052321 4053375 4053863 4054609 4055725 4060243 4061686 4062812 4063787 4064669 4066293 4067978 4070208 4071109 4071601 4072469 4073555 4074623 4076795 4077351 4080964 4081806 4082796 4085089 4086816 4088059 4089772 4093580 4094239 4096646 4098505 4100810 4104376 4106150 4107069 4108976 4109640 4111792 4114309 4115310 4117140 4119177 4121467 4123626 4124761 4126706 4129814 4132301 4133714 4134997 4135840 4138120 4139125 4139546 4140775 4142523 4143800 4145861 4146819 4148735 4149735 4152902 4153934 4157457 4158526 4160908 4164712 4166685 4169516 4174438 4175403 4179511 4184052 4185638 4187604 4188670 4190089 4191522 4192154 4195205 4196246 4197473 4198341 4200360 4202137 4204965 4206610 4209026 4209988 4211429 4213752 4215135 4216155 4217955 4218705 4220180 4222156 4225740 4226770 4230416 4231433 4232784 4233904 4235762 4237477 4238838 4240136 4244097 4249172 4251519 4255372 4257865 4259534 4261909 4263732 4264840 4266978 4269772 4271008 4271693 4272931 4273783 4275561 4277492 4279408 4280695 4283113 4284282 4284993 4286208 4290506 4292351 4293689 4295557 4297489 4299367 4301517 4303833 4305170 4306884 4307533 4310653 4312584 4314147 4316219 4318195 4319757 4321150 4323547 4325457 4327129 4328530 4329964 4332931 4334099 4337690 4339179 4342758 4344055 4345455 4347815 4348593 4350526 4352883 4355523 4360227 4361415 4362190 4363784 4366166 4367930 4368982 4371279 4376054 4378365 4379604 4381958 4383251 4384007 4385576 4389832 4391183 4392317 4393540 4395181 4395950 4399583 4401123 4402175 4404266 4404824 4405750 4406647 4408820 4411450 4414722 4418078 4419727 4421831 4422812 4424060 4425496 4426249 4427467 4428754 4429741 4430874 4431756 4432360 4436387 4439465 4440973 4441811 4442686 4445398 4447134 4448480 4449233 4451855 4453577 4455972 4457553 4459151 4460154 4461230 4464529 4465579 4467053 4469717 4471951 4472507 4475015 4476465 4477697 4479878 4480803 4485549 4487371 4489295 4491487 4492828 4493600 4496223 4496802 4498038 4499846 4501538 4503569 4504884 4506246 4509032 4510503 4512125 4512983 4513877 4514999 4517221 4519309 4520446 4522129 4524398 4525111 4528044 4529386 4530014 4531243 4532168 4533249 4534548 4535731 4536385 4538929 4539776 4540625 4541347 4542801 4545585 4546183 4548036 4549455 4550405 4556810 4558114 4558599 4561178 4564496 4565508 4566454 4567396 4568485 4570625 4571806 4574855 4577405 4578628 4579906 4581758 4582597 4583634 4584255 4585294 4586694 4588574 4589199 4590064 4591026 4592001 4593768 4594592 4597661 4599057 4601710 4602443 4606113 4606919 4608242 4609037 4611978 4614829 4615773 4617188 4618626 4619588 4620398 4621387 4622340 4624096 4627389 4628140 4629224 4631797 4636702 4638101 4640440 4642005 4642992 4643840 4644934 4645994 4648596 4651477 4652861 4656000 4658593 4659577 4661191 4662047 4663141 4665753 4666469 4668358 4669185 4670897 4671355 4673822 4675072 4676901 4678151 4680067 4683156 4684467 4685566 4686279 4687549 4689112 4692097 4694437 4697707 4698685 4699656 4704431 4717059 4720398 4722512 4724189 4726424 4728563 4729995 4731638 4732360 4735163 4737822 4740694 4742638 4745258 4746424 4747512 4749921 4750634 4753956 4755873 4759172 4760506 4761679 4763973 4767791 4770470 4771539 4772514 4774549 4776105 4777563 4779500 4780739 4783949 4784821 4787129 4791195 4792559 4794279 4795310 4796379 4798120 4799273 4800946 4801881 4802541 4803525 4804428 4805859 4807071 4808174 4810591 4811849 4813273 4814141 4814925 4815696 4817000 4820138 4820904 4823351 4824513 4825889 4827857 4828755 4829354 4830542 4831468 4832784 4835296 4836457 4838600 4843713 4846092 4848059 4850251 4851836 4852480 4855114 4856370 4857072 4861356 4863669 4864433 4866967 4869567 4872237 4873553 4874547 4875216 4875977 4877040 4878245 4878804 4880006 4880755 4883390 4886671 4889571 4891389 4892790 4894180 4895023 4895912 4897305 4899200 4900225 4901281 4902659 4904646 4907824 4908524 4910052 4910579 4912334 4917216 4918217 4920228 4922302 4924940 4928248 4929088 4930382 4931552 4933061 4935352 4937074 4939314 4942565 4943618 4948114 4949649 4950710 4951788 4952886 4956767 4959729 4961307 4963160 4963993 4964957 4965653 4967096 4970086 4972855 4974705 4976067 4977442 4979862 4981746 4983219 4986165 4987677 4988607 4989593 4990395 4991013 4992089 4993041 4998955 4999863 5003164 5004941 5005973 5006659 5007591 5009330 5011048 5012520 5016174 5016715 5017699 5019139 5020447 5022220 5023546 5025300 5026716 5029383 5030569 5031392 5034456 5035751 5037458 5038365 5039534 5040356 5041408 5043071 5044018 5044947 5045665 5047407 5048625 5049568 5050488 5051576 5052838 5055048 5056589 5057733 5058743 5061221 5065630 5068032 5069270 5070488 5072027 5074499 5075123 5078585 5080067 5081764 5084199 5085437 5086793 5088240 5090284 5092364 5094553 5096448 5097279 5098092 5099368 5101578 5102749 5103680 5105803 5106845 5107854 5109223 5110415 5113129 5114645 5117372 5118395 5120256 5122799 5123614 5126363 5127368 5131959 5133645 5134499 5135606 5137796 5138742 5143817 5147737 5149316 5150331 5151366 5154221 5155751 5158030 5158628 5159783 5168540 5169515 5170478 5176932 5181959 5182752 5183893 5185555 5189211 5190735 5192154 5194781 5197255 5199970 5201172 5202191 5203028 5203606 5205303 5206094 5210091 5211250 5212290 5213758 5215525 5217542 5218101 5218819 5220155 5221036 5221590 5229809 5230722 5233168 5234230 5235458 5237259 5238824 5243114 5244645 5249276 5250451 5251183 5253634 5256339 5257448 5258264 5259785 5261489 5263053 5264118 5264842 5265620 5266173 5267951 5269537 5270198 5271231 5271990 5273053 5276623 5277731 5280921 5284075 5286610 5287817 5290253 5291627 5292997 5295231 5296767 5297798 5299709 5302032 5303451 5307064 5307970 5309085 5311055 5313579 5316710 5318947 5320839 5322140 5323449 5324746 5325693 5327234 5330340 5331270 5332148 5333836 5334621 5336244 5338389 5340059 5341617 5342887 5347021 5349331 5350346 5351202 5355085 5356297 5357235 5358526 5360992 5364150 5365650 5366387 5367353 5368517 5369582 5370601 5371402 5372657 5375034 5377098 5377929 5378671 5381002 5384016 5385866 5386430 5390129 5391566 5393364 5394972 5396382 5397646 5398951 5399708 5400619 5402316 5405162 5406199 5407744 5408520 5409571 5410703 5412427 5414163 5415696 5419741 5421616 5422876 5423848 5427227 5428125 5428971 5431720 5434532 5436225 5436792 5438126 5439631 5440456 5441952 5443605 5445804 5449047 5450283 5453459 5454390 5456031 5458413 5460080 5460719 5461887 5463390 5464905 5466224 5468526 5469692 5471592 5473171 5474894 5475763 5476532 5478607 5480011 5482311 5484439 5487369 5489038 5489846 5490816 5491909 5493294 5495110 5496580 5497361 5499076 5501492 5502717 5508990 5512108 5512825 5513602 5514184 5515543 5518459 5519199 5519714 5521154 5521962 5522872 5524923 5526112 5526822 5528594 5530691 5532930 5536368 5537896 5539087 5540704 5542856 5546354 5548193 5549250 5551380 5552158 5554344 5555469 5556384 5557697 5558763 5560317 5561629 5562582 5563560 5565232 5566300 5569417 5570460 5572408 5573143 5574948 5576625 5579902 5582191 5583352 5584129 5587029 5587651 5588869 5589847 5591523 5592918 5593951 5594624 5597119 5598676 5601127 5602334 5602963 5605153 5609995 5612056 5613309 5614445 5617260 5618561 5619725 5623473 5624401 5625675 5626535 5627517 5628228 5629954 5631789 5633010 5634777 5636358 5637656 5638610 5639264 5640536 5641751 5642900 5645089 5647624 5649705 5650599 5653034 5654002 5655602 5656459 5657603 5659092 5660720 5661677 5663080 5664306 5666066 5666890 5670039 5672591 5673827 5676185 5677539 5681801 5682667 5684585 5686704 5690871 5691494 5692466 5693766 5694715 5696008 5697236 5699288 5701336 5703738 5705219 5707083 5708080 5709731 5712215 5714292 5715503 5716728 5717684 5720171 5721594 5723594 5724677 5726045 5729142 5730423 5732629 5733649 5734887 5735533 5736854 5737703 5742248 5743812 5745426 5746878 5750105 5750955 5754417 5756651 5757671 5759480 5761748 5763444 5766496 5767221 5767694 5768545 5770904 5771742 5775594 5777429 5778549 5782339 5782885 5783687 5784391 5788216 5790956 5792828 5793489 5795969 5796790 5798899 5800115 5803639 5805603 5807240 5810574 5811861 5813760 5815548 5816693 5817646 5819191 5820531 5825576 5828093 5829333 5830532 5831088 5832537 5834775 5836449 5837343 5840869 5843324 5846078 5847339 5848340 5849264 5851200 5853994 5856912 5860022 5861151 5862920 5865785 5866525 5869484 5872237 5872983 5876128 5877338 5879682 5880574 5884808 5889616 5892313 5893467 5894601 5897013 5898696 5901394 5902375 5903899 5905300 5906896 5908005 5910613 5911609 5913466 5914637 5916328 5916999 5918435 5919385 5920082 5922837 5923834 5925444 5929370 5932664 5934166 5935703 5937087 5937958 5939288 5940662 5943311 5945046 5946705 5947658 5948650 5950950 5953453 5954602 5956897 5958494 5959573 5961520 5962322 5963360 5969900 5970692 5972307 5973573 5977160 5981727 5983829 5986881 5989157 5991247 5993292 5995642 6000007 6003711 6007240 6008642 6010354 6011637 6013439 6014844 6016886 6018064 6020802 6022494 6023221 6023930 6024953 6028878 6030386 6031320 6032846 6034630 6035604 6038238 6040157 6042924 6045638 6047324 6051028 6051962 6054423 6055441 6058462 6060847 6064342 6066359 6069424 6070867 6072726 6074940 6076456 6078068 6079217 6079901 6082338 6084555 6085320 6087073 6090382 6092008 6093521 6094942 6096270 6098251 6099413 6101571 6102646 6104106 6105222 6105946 6107205 6108796 6109783 6111531 6112781 6115447 6116822 6120072 6122948 6123599 6124841 6126090 6127369 6130476 6133698 6134611 6136058 6137147 6138117 6140847 6141726 6142815 6143481 6147434 6148233 6149198 6150247 6151735 6156037 6156988 6158793 6159690 6161988 6164475 6167029 6168462 6169709 6172612 6174200 6175836 6178577 6179377 6182139 6183547 6183981 6186794 6189670 6190919 6193333 6196114 6197648 6199320 6201302 6202609 6205951 6206592 6207899 6209714 6212108 6213754 6217776 6219232 6220767 6223234 6224970 6225833 6230062 6231592 6233691 6234495 6236321 6238583 6241826 6242690 6245160 6246361 6247888 6250212 6255308 6256631 6258191 6260951 6263619 6264648 6266736 6269491 6270857 6271730 6273310 6274265 6275715 6277791 6278688 6279902 6281091 6282560 6283370 6285168 6287345 6287976 6290850 6293059 6294262 6295099 6296640 6298185 6299891 6301115 6303174 6305039 6307033 6308381 6309957 6314614 6316814 6317784 6320313 6321162 6323198 6325063 6326046 6329030 6330889 6331784 6335416 6336762 6337946 6338860 6340673 6341370 6344584 6345585 6350592 6356191 6360500 6362036 6363061 6365034 6365819 6367199 6368402 6369688 6371361 6373346 6374495 6379349 6380608 6382942 6384022 6384928 6387533 6389193 6390909 6392837 6394042 6394618 6395659 6397312 6398550 6400601 6401267 6403136 6403953 6407103 6408042 6409138 6410502 6411590 6413197 6414778 6416255 6416938 6419197 6420458 6427103 6428061 6430596 6432476 6434323 6434915 6437103 6438312 6440483 6441694 6442383 6444386 6445197 6446712 6448515 6450157 6451740 6453378 6454832 6458507 6459550 6460927 6461836 6464165 6465845 6467515 6469332 6472717 6473821 6474472 6474975 6476218 6477203 6478142 6478882 6479727 6480480 6482081 6487205 6487906 6490064 6490704 6491715 6496052 6497385 6499071 6501315 6502606 6503766 6504626 6508287 6509219 6510274 6511538 6513181 6514678 6515980 6517106 6519310 6521098 6522347 6524198 6528664 6530354 6531761 6534324 6536372 6537154 6539408 6541980 6544056 6546099 6547116 6548394 6549271 6550302 6551028 6552035 6554075 6557827 6558574 6559656 6560833 6562023 6563741 6564754 6566770 6569194 6571702 6573499 6574796 6577319 6578520 6579691 6581903 6583858 6584478 6585970 6586891 6588285 6589016 6591100 6594312 6595505 6596955 6598250 6601325 6602761 6604957 6606338 6608738 6610985 6619127 6619961 6621513 6622391 6624792 6625284 6627743 6628539 6629665 6633142 6634833 6635671 6636519 6637522 6639134 6640800 6641478 6644703 6645712 6646604 6647506 6653560 6654101 6656995 6659635 6663036 6664755 6665792 6666989 6668592 6670542 6671207 6672372 6673548 6675264 6676755 6679394 6680197 6681568 6683639 6684240 6686735 6687392 6688198 6689182 6691047 6692108 6692817 6693686 6696069 6697690 6698567 6699103 6700045 6702645 6703720 6704688 6705912 6707136 6708280 6709351 6710798 6713084 6715621 6718199 6719767 6720678 6721962 6722717 6724349 6727088 6729773 6731262 6731940 6732968 6733824 6734981 6738516 6739877 6743377 6744496 6746760 6748442 6749625 6750548 6751626 6752287 6754370 6757440 6758860 6760108 6760967 6762405 6764846 6766073 6767275 6769665 6770312 6771298 6771963 6777520 6780978 6781985 6783336 6785878 6786884 6789879 6792779 6794045 6796269 6797318 6799514 6800264 6800754 6804111 6808236 6809316 6811652 6812554 6814501 6817803 6820478 6822539 6823336 6824196 6825716 6829171 6830423 6831129 6831975 6835254 6836005 6837821 6839753 6840747 6842431 6843893 6844514 6845935 6847970 6849763 6850925 6851596 6854529 6855662 6860227 6861757 6863662 6865229 6866473 6867460 6869281 6871635 6874139 6875094 6876780 6879701 6881323 6882703 6884579 6885638 6886405 6887408 6888716 6890881 6892557 6894070 6895405 6897286 6898617 6900370 6901338 6902876 6904638 6906187 6907803 6909205 6910353 6913293 6914450 6916865 6918228 6919364 6920831 6922020 6923716 6926711 6928260 6930074 6931268 6933310 6934435 6935318 6938715 6940839 6942945 6945488 6946425 6947541 6949862 6957790 6958630 6962130 6964726 6965734 6968053 6969259 6971974 6973454 6977442 6979493 6980084 6981752 6983396 6984726 6987656 6988284 6989806 6990711 6993716 6994706 6996041 6997604 6998973 7000024 7001043 7005474 7006461 7008780 7010869 7012215 7013443 7014336 7018207 7019867 7022390 7024669 7026648 7028333 7029040 7030364 7034306 7036886 7037792 7039642 7040375 7041168 7042627 7043662 7045186 7046073 7047380 7051111 7052214 7058070 7059015 7060085 7061411 7064256 7065279 7066306 7067386 7068445 7069305 7070451 7074371 7075783 7076601 7078412 7080812 7082170 7083343 7085479 7087464 7089525 7092590 7093271 7095318 7097860 7099640 7103369 7104094 7104874 7105631 7106876 7108012 7109296 7111044 7112165 7115053 7116888 7119063 7120064 7122150 7125185 7127467 7128825 7130749 7132222 7134464 7135017 7136403 7140758 7142241 7145666 7146443 7148101 7149691 7150579 7152430 7154072 7155352 7159929 7161506 7163346 7166473 7169247 7170713 7172572 7173711 7174484 7175845 7177876 7179089 7180595 7181311 7182677 7183734 7186252 7187687 7189104 7191199 7192110 7194651 7196208 7197405 7198424 7199403 7200530 7203071 7204090 7204960 7208683 7210625 7212572 7213213 7214845 7216758 7218488 7219770 7221080 7222482 7223682 7224458 7226799 7229925 7231842 7235472 7236281 7239372 7241151 7242133 7243847 7246495 7250153 7251004 7253386 7256481 7258327 7259718 7261804 7262748 7263940 7266027 7267046 7270064 7271112 7272732 7273920 7275546 7277525 7279239 7280878 7282152 7283487 7286770 7289087 7290367 7291218 7292526 7295178 7296012 7296724 7297957 7300003 7302135 7306491 7308740 7310032 7311684 7313275 7314304 7315220 7316906 7317679 7318498 7320135 7320775 7321724 7323983 7324836 7326894 7327749 7329831 7334195 7335018 7337685 7338198 7342500 7343379 7344395 7345967 7347503 7349777 7351553 7353004 7355006 7355747 7357167 7359012 7363655 7365141 7367953 7369426 7370638 7371445 7372237 7374996 7381508 7382183 7382787 7385334 7387127 7390015 7391324 7392143 7393438 7394735 7395907 7396937 7399385 7401510 7402476 7403839 7407483 7408696 7410097 7411196 7413081 7413831 7415421 7416360 7417255 7418876 7420380 7421574 7425908 7428877 7430306 7431211 7432967 7434576 7436503 7437318 7438529 7441704 7442495 7444041 7445466 7447338 7448368 7450060 7450822 7451928 7455941 7457056 7458456 7460772 7462642 7466267 7468206 7469904 7470677 7471598 7473082 7476047 7477712 7480388 7482822 7483728 7484537 7485671 7489646 7490244 7491480 7492733 7493566 7494601 7496697 7498424 7503056 7504025 7504837 7506196 7508358 7509378 7511457 7513921 7515474 7517702 7520189 7521243 7522248 7522911 7524558 7526582 7529340 7531351 7532615 7534666 7535963 7537423 7539353 7542057 7546205 7549150 7549925 7552757 7555277 7557367 7559074 7562449 7564532 7565466 7566538 7568836 7570039 7570984 7573364 7576110 7576812 7578559 7580880 7582297 7583170 7585077 7586420 7587767 7588821 7591903 7593010 7593820 7597502 7599171 7601077 7603003 7609084 7611352 7613509 7616233 7618258 7619979 7620565 7622152 7625258 7627374 7629908 7634152 7636003 7637931 7639007 7641640 7642673 7644126 7647587 7648771 7651911 7653897 7654424 7655125 7656297 7657337 7658559 7660285 7660999 7662131 7662823 7666420 7667530 7669332 7670587 7671500 7672485 7673596 7675332 7676699 7680452 7681760 7682666 7684928 7688742 7689705 7691853 7692849 7694463 7695919 7698995 7699985 7701839 7704616 7709252 7710506 7712441 7714692 7716435 7717463 7719423 7721508 7723364 7726007 7728262 7728927 7731190 7734119 7735580 7738094 7740728 7741584 7742427 7743645 7746464 7748501 7749827 7751435 7753003 7753882 7755360 7755949 7757942 7759602 7762196 7765192 7768123 7768814 7770509 7776424 7777121 7777688 7782767 7783535 7785491 7787451 7790571 7791639 7793892 7794579 7796379 7797870 7799834 7800679 7805403 7808411 7810327 7813766 7817537 7818422 7820719 7821742 7824170 7825272 7826093 7827212 7828452 7830409 7833496 7835209 7836711 7838498 7839975 7842874 7843901 7846738 7849437 7851121 7852744 7854372 7855268 7856445 7857384 7861156 7861913 7864733 7866210 7867420 7874400 7875699 7878331 7881360 7883573 7885046 7886173 7888267 7890094 7893445 7894164 7896353 7897955 7898657 7899615 7900199 7901918 7903505 7904623 7909112 7909935 7910820 7912820 7915121 7916324 7919866 7920912 7921539 7925638 7927811 7930210 7931545 7932574 7933166 7935316 7939780 7940754 7942345 7943279 7944409 7945603 7946898 7948771 7950506 7952874 7954747 7957142 7960908 7961324 7963012 7964809 7965658 7966607 7967298 7968835 7971198 7972324 7973670 7975650 7979984 7982309 7983994 7986136 7987014 7989746 7995670 7997894 7999424 8000638 8001831 8003598 8005433 8008671 8010657 8011769 8013558 8015104 8019396 8020612 8021337 8023878 8024428 8025794 8027002 8028324 8029138 8032853 8034380 8035221 8036095 8037519 8039249 8040099 8041726 8042791 8044583 8045240 8050887 8051936 8052908 8053579 8056144 8057522 8060433 8061421 8063601 8064864 8068127 8069818 8070529 8072799 8073795 8076287 8078589 8079763 8081522 8083013 8087624 8091807 8095523 8097206 8098524 8099350 8099848 8101955 8104556 8107060 8108404 8109399 8110549 8111685 8114155 8115453 8116386 8118440 8119821 8120752 8123059 8123732 8125613 8126674 8128366 8130789 8132696 8134850 8137360 8139282 8140904 8141760 8143506 8144104 8148041 8152063 8153749 8154595 8156327 8160464 8161361 8162209 8163802 8164894 8165494 8166149 8167240 8169298 8171144 8171751 8172583 8173707 8174948 8175894 8180604 8181185 8183334 8184305 8186560 8188042 8189371 8192151 8194674 8195567 8197011 8199706 8200745 8201319 8202494 8203542 8204430 8207027 8209405 8210953 8212746 8213906 8215668 8217118 8218139 8218895 8219855 8220858 8222826 8223491 8224418 8225223 8227594 8230449 8231574 8233222 8234854 8235835 8237859 8239143 8240406 8241358 8242304 8245057 8247338 8249363 8250602 8251510 8256590 8257831 8260940 8262101 8263394 8264139 8268142 8269381 8270349 8272412 8274306 8275224 8277336 8282456 8284358 8285765 8286786 8288573 8290172 8293593 8294854 8295462 8296735 8297820 8298967 8300018 8301477 8304055 8309048 8310850 8312732 8315837 8318087 8319675 8321525 8323401 8326087 8327383 8328841 8330331 8332911 8334197 8336841 8337987 8338950 8340607 8342090 8343582 8345641 8349016 8350383 8351717 8353393 8354814 8355545 8357249 8360590 8365278 8366009 8367302 8369764 8370899 8371940 8374860 8375940 8377801 8380753 8383330 8384261 8386228 8388091 8389310 8390248 8391912 8393839 8395163 8398296 8399028 8399989 8400735 8402495 8404012 8405092 8406001 8408732 8409799 8412641 8413691 8414999 8417036 8420745 8421869 8422724 8425058 8425537 8427544 8429616 8431141 8432564 8434818 8436620 8437982 8438935 8440143 8441587 8442813 8444315 8445870 8447090 8448608 8450053 8451289 8453457 8454983 8456438 8457412 8458374 8459966 8461608 8463912 8465321 8467185 8467974 8469439 8471366 8473380 8474736 8476163 8477238 8479979 8480793 8482509 8483989 8487380 8488396 8489132 8489986 8491437 8492245 8493810 8495142 8496756 8498558 8499590 8500613 8504217 8506027 8506718 8507739 8509383 8513530 8516247 8518741 8526319 8528679 8529557 8531924 8534828 8536298 8537034 8540466 8541565 8544878 8546448 8547115 8547854 8548815 8550224 8551537 8552711 8553573 8554274 8556923 8559184 8560282 8561222 8562391 8563736 8564838 8565985 8568864 8569460 8571129 8572098 8573534 8575801 8577606 8579296 8580836 8583615 8584831 8586250 8587599 8590243 8591976 8593424 8594410 8596242 8598492 8599848 8600813 8602058 8603156 8603901 8605008 8608713 8611460 8612074 8613692 8617167 8619921 8621657 8624013 8625093 8625711 8626811 8630147 8632126 8633554 8634991 8635930 8637897 8642041 8644657 8645742 8648084 8650740 8651430 8653709 8656272 8657388 8658094 8660065 8660869 8664247 8666061 8667482 8668741 8669585 8671330 8672832 8675865 8677238 8678456 8679086 8681425 8682582 8684330 8685892 8688922 8691069 8699208 8700411 8702140 8703287 8705672 8706559 8707281 8708149 8709466 8712214 8713039 8714089 8715533 8716501 8717210 8719885 8722444 8725367 8726238 8728146 8730132 8731235 8732654 8733431 8735871 8737451 8738799 8740615 8741352 8742351 8743331 8744412 8746852 8747577 8748914 8750344 8752908 8754347 8755389 8759729 8760808 8762430 8764053 8765858 8768560 8769496 8770464 8771528 8774295 8776362 8779656 8781944 8782734 8783780 8784617 8787080 8788919 8790616 8791286 8793971 8796827 8799783 8801303 8802563 8805411 8806685 8807994 8809132 8810831 8812441 8813256 8816087 8817310 8818618 8819828 8821493 8823894 8824971 8827089 8828449 8829519 8830638 8831219 8831911 8836416 8837884 8838758 8840130 8843227 8844244 8847440 8851551 8853158 8854540 8856218 8856964 8858647 8861988 8863811 8864784 8866849 8868729 8869490 8870223 8872882 8873908 8876067 8877444 8878045 8880271 8884837 8889811 8894485 8895976 8898132 8899193 8902402 8904146 8905364 8906462 8907551 8911845 8914202 8914851 8915893 8920912 8921819 8924833 8926793 8927770 8929356 8931503 8932969 8934368 8935645 8936357 8937861 8938843 8939625 8942187 8943604 8944353 8945751 8946517 8947876 8948468 8950577 8952063 8952855 8954422 8955307 8956174 8958790 8960583 8961331 8963484 8964935 8965792 8968702 8972787 8974302 8976696 8979669 8981118 8983878 8986631 8987962 8989445 8992000 8993646 8994675 8995723 8998675 8999969 9002197 9003555 9005758 9009797 9010516 9011868 9013401 9016001 9017381 9018919 9019691 9022254 9024377 9025995 9027489 9028888 9031187 9035127 9036436 9038183 9040904 9042132 9043303 9044595 9045845 9047276 9049820 9050579 9051255 9052101 9053185 9054520 9055199 9056266 9060280 9060893 9061797 9062568 9066710 9067933 9069542 9070499 9071255 9073195 9074270 9076794 9077826 9079562 9082547 9083271 9084046 9084717 9086320 9088759 9089876 9091724 9093781 9095246 9097471 9099483 9100745 9101431 9102344 9104385 9106086 9109203 9111709 9112430 9113068 9114081 9115167 9116312 9118402 9120952 9123243 9124940 9126265 9126966 9128746 9129866 9130771 9133064 9135063 9136817 9142900 9144327 9145763 9147012 9147848 9149385 9150322 9153359 9154743 9155337 9157092 9158284 9160260 9161361 9163854 9166378 9167046 9169636 9170457 9172803 9174737 9176117 9181066 9181933 9182746 9186918 9188685 9189848 9190546 9193486 9199128 9200156 9201211 9203100 9203649 9204387 9206686 9210255 9211427 9212572 9213574 9217682 9219629 9220955 9223473 9224327 9224957 9226185 9228198 9229222 9229933 9230844 9231589 9232745 9233666 9235304 9238234 9239671 9242372 9243615 9244975 9245917 9247379 9248253 9249018 9249970 9251729 9253814 9256019 9258223 9259745 9260544 9262349 9263786 9265503 9267718 9270941 9271924 9273710 9275689 9277736 9278832 9279932 9280836 9282458 9283779 9286367 9288149 9290780 9292381 9293438 9295260 9296746 9297631 9298584 9299863 9301247 9302762 9304454 9306098 9308024 9309170 9310332 9311811 9314442 9316528 9317181 9319375 9321344 9322761 9324257 9326462 9328657 9329784 9333148 9333921 9336025 9338639 9340856 9341993 9342719 9343704 9345414 9346177 9346995 9348366 9350838 9351443 9353216 9355829 9356757 9358796 9360773 9363688 9367595 9368641 9369614 9370284 9373439 9375043 9376554 9377634 9379659 9381033 9382179 9382995 9385416 9389845 9391586 9392722 9396982 9397741 9399499 9400856 9402293 9404480 9406050 9407174 9408300 9408915 9410864 9414187 9415188 9418171 9419668 9422258 9423816 9424910 9426990 9428482 9429371 9430947 9432174 9433837 9434843 9437348 9438439 9442247 9443275 9445369 9447795 9449614 9451635 9452317 9454467 9455562 9456697 9459458 9462887 9464790 9466344 9467683 9469302 9470119 9470997 9472121 9473060 9473707 9474904 9475879 9478169 9479376 9480738 9482131 9483873 9484963 9486690 9487252 9488944 9490274 9491273 9495054 9496026 9499221 9500002 9500945 9501838 9502711 9503795 9505228 9507599 9509206 9513315 9515167 9517819 9519569 9521461 9523239 9525068 9526520 9528431 9529922 9530687 9531566 9532524 9534261 9536423 9539004 9539731 9540381 9542183 9543104 9543789 9547317 9548017 9550609 9551135 9554576 9557174 9559293 9560996 9561877 9562802 9564307 9567177 9569208 9570772 9572006 9574681 9576398 9578712 9580038 9582113 9582894 9583787 9584942 9586007 9587624 9588761 9590068 9592346 9593041 9594155 9596105 9598811 9599892 9602504 9604740 9606197 9607213 9609056 9610830 9612129 9613987 9615323 9620596 9622437 9623667 9624551 9626350 9627878 9631878 9634775 9635402 9636649 9637747 9640820 9643396 9644317 9645439 9647803 9650208 9650768 9651403 9654008 9655448 9656677 9659143 9661396 9663883 9665042 9668114 9670522 9672451 9673589 9674251 9675387 9677940 9679043 9679972 9682158 9683642 9687058 9688010 9688965 9690165 9691811 9692936 9694373 9696592 9697936 9698760 9701925 9702429 9704731 9705863 9708987 9709881 9711424 9712430 9715615 9717408 9718046 9718977 9719909 9723065 9723829 9724708 9726019 9726762 9727826 9729145 9729915 9730853 9732360 9733263 9735560 9738507 9740035 9744095 9746215 9746967 9748079 9751065 9754688 9755459 9756939 9758449 9759294 9760519 9762802 9764193 9767378 9769414 9771364 9773037 9776647 9779813 9781450 9783036 9784491 9785525 9786319 9788381 9789127 9789995 9791483 9793623 9795527 9796327 9797624 9799129 9802126 9806805 9808901 9809828 9811029 9812749 9814016 9814826 9815883 9818995 9820833 9822331 9823450 9824487 9826085 9828540 9829270 9829724 9831054 9831961 9833383 9836499 9837685 9838801 9841444 9842624 9843257 9846847 9850726 9853228 9855858 9857593 9859497 9860680 9862148 9863998 9867912 9868755 9870629 9871667 9872605 9875664 9877154 9879287 9880713 9882433 9885066 9886584 9889411 9889991 9892335 9894010 9901867 9904771 9906972 9907982 9910623 9911206 9913647 9914532 9915293 9919250 9921048 9922344 9923075 9924778 9926812 9927801 9932776 9934712 9936770 9937409 9938064 9939143 9940219 9943671 9944965 9947013 9947909 9949458 9950044 9953099 9953673 9954503 9955587 9956257 9957274 9958517 9959224 9960462 9963423 9964097 9966839 9970418 9971895 9973114 9974611 9975565 9976826 9978413 9980348 9982159 9983143 9983723 9986050 9987436 9988352 9993479 9994268 9997034 9998400 9999978 
</Matrix>
<Matrix name="Neuron_27" type="complete" rows="1" columns="2881" multiplier="1.0">
   626 4033 5596 7263 8755 10698 11444 13321 16770 17628 21688 24601 27440 32006 38186 43377 45381 46711 52912 55467 57662 59764 61478 70246 84206 85183 87757 90846 91594 94964 97581 99281 102549 104960 105976 109593 111067 112814 120693 122390 125236 131814 133721 142290 143412 149664 157281 158863 161165 163336 167450 169627 179086 183443 185738 186769 189708 192525 202165 204467 205985 206772 207452 210179 212478 217514 220354 221547 227167 230072 231791 233403 234491 236137 237750 247792 252589 254168 262310 265458 268890 270475 271792 275039 278513 280472 281765 282913 285177 287968 290804 292311 297547 299851 301273 306653 308616 309392 311978 316449 319518 325689 328996 329796 331191 332923 340072 341359 343445 348696 351730 354140 356676 358290 364959 369897 372231 380186 381363 382338 386711 388963 391339 392539 396430 403079 404680 408007 411246 412621 415025 419278 421231 424590 430107 434231 436823 441105 443222 447830 449490 450315 458640 460997 461586 466709 468712 470380 472615 476401 478596 480000 481971 488345 494491 497556 501024 503245 507180 508396 511253 512548 513498 514814 516929 523395 533852 542936 544332 552750 555719 559927 563328 564176 565534 567697 572550 573444 577995 579498 583251 585370 586644 592633 601823 605101 607204 609202 610124 614062 616572 617903 621750 623790 624999 626657 630095 632268 639216 645171 648773 650321 655948 659127 663004 666985 671563 675980 677812 679269 680082 683167 688956 693412 698591 703791 706427 710675 711550 715864 719746 724482 725473 728416 729646 732547 734256 739173 749154 751899 755458 758229 760803 763441 764444 766588 773659 777226 780607 784235 787449 788646 792520 797548 801246 807207 813539 815947 819753 824531 827617 833025 834390 836519 838054 841546 843318 847114 849030 851976 854092 856191 858625 859832 861362 865922 866602 868320 871901 877349 878473 880195 884569 889611 890633 891514 894202 901376 905533 910852 912733 915243 916983 918218 919361 922735 928785 929943 939906 942009 948909 950391 953082 957924 959297 960903 962414 964167 966638 967169 969129 975928 986432 988138 989940 996303 998324 1002978 1009383 1010470 1013169 1014430 1019223 1020826 1026590 1027968 1029856 1030954 1033809 1035822 1037785 1038563 1042366 1045283 1048550 1052534 1054105 1057143 1062914 1064256 1071381 1072651 1075707 1085577 1087704 1090514 1096343 1098677 1100686 1113392 1123695 1126699 1133241 1140431 1145153 1149292 1150560 1152723 1157137 1158429 1161302 1168183 1170425 1173332 1178022 1185090 1189352 1195291 1199519 1201218 1203782 1206659 1210395 1211726 1213062 1218366 1220652 1235128 1237365 1240367 1245072 1249139 1252059 1254879 1255981 1256699 1257542 1266661 1271340 1274063 1279883 1282028 1286957 1289090 1290702 1294473 1295701 1297010 1300130 1301625 1304859 1312437 1322337 1323482 1325830 1326934 1327864 1332424 1336564 1341495 1343986 1345142 1347313 1360378 1362170 1366541 1370908 1372368 1375977 1379003 1379920 1386036 1388240 1403841 1406345 1414651 1415394 1422044 1425796 1429417 1433062 1435728 1441654 1444100 1446929 1452125 1456957 1462720 1464430 1466020 1475300 1483964 1492184 1496398 1498779 1501911 1505454 1507669 1513045 1514098 1515530 1517119 1518617 1525240 1527565 1535243 1537510 1539484 1542874 1546286 1548937 1552310 1553568 1555492 1556815 1559518 1562761 1566008 1578008 1578987 1584447 1586994 1588132 1601002 1603181 1607560 1614896 1617773 1620929 1623863 1624665 1626227 1627593 1629578 1632210 1635140 1636476 1639684 1641562 1643724 1647882 1649267 1651851 1652885 1653923 1655983 1660026 1663894 1664951 1666247 1667632 1673416 1675284 1676552 1678751 1681329 1682996 1685322 1688002 1695753 1701647 1705745 1707848 1710568 1717427 1726602 1729685 1734878 1738224 1739972 1745488 1748035 1751510 1755755 1759878 1761028 1763766 1766665 1769971 1771124 1775020 1778003 1779639 1781885 1782629 1784344 1787308 1788473 1790169 1791960 1795152 1801555 1805777 1807356 1818480 1825248 1829245 1834136 1836843 1838952 1841408 1847324 1849735 1852325 1856685 1863884 1868033 1875431 1876779 1880369 1883133 1889328 1893321 1894037 1899286 1900165 1901083 1902843 1904277 1911512 1912595 1913290 1916119 1917387 1919624 1920623 1922791 1925251 1926176 1928518 1929321 1935899 1938824 1941027 1942446 1947031 1949378 1950747 1951584 1959407 1961635 1964829 1968082 1972763 1975801 1983704 1987486 1993201 1994224 1998571 2000099 2005100 2011627 2013958 2018075 2019422 2020430 2028334 2029055 2032713 2040513 2046262 2052223 2053301 2055220 2059863 2062608 2064610 2077362 2083295 2085273 2089404 2098351 2113309 2114044 2115037 2118945 2125940 2127404 2139576 2140394 2144001 2147666 2150346 2152102 2153526 2157958 2165479 2168028 2172082 2178543 2180987 2182446 2185181 2189484 2190886 2194787 2195716 2197925 2200054 2203289 2207145 2211143 2213019 2218444 2221961 2223311 2224125 2228830 2230157 2235630 2243081 2244061 2245910 2247864 2249906 2251208 2254066 2255030 2258366 2259532 2262077 2265100 2266245 2267751 2276291 2279890 2284412 2289136 2289704 2295060 2300341 2303106 2304456 2307720 2312837 2317776 2321116 2322588 2326215 2333647 2334603 2336691 2342382 2344167 2352131 2353805 2358456 2368835 2371971 2375950 2380903 2383382 2384464 2386507 2391517 2397364 2399205 2403378 2404838 2406644 2413026 2415112 2436544 2441372 2448772 2451687 2458899 2463300 2465978 2468840 2470961 2480515 2485487 2488140 2490054 2495369 2496520 2509923 2519847 2521345 2532807 2539517 2543770 2548354 2549127 2555456 2565024 2566744 2570669 2572689 2578954 2579784 2587131 2589290 2590325 2599689 2601249 2602645 2603628 2606049 2608408 2611205 2612162 2613485 2615036 2631153 2634473 2637105 2640181 2643196 2654978 2656569 2660883 2663246 2664763 2671144 2672831 2676554 2677889 2680634 2682267 2683903 2685588 2687036 2689575 2693256 2694854 2695612 2698052 2700712 2706900 2709942 2714516 2715828 2721571 2723041 2725102 2727976 2739713 2742861 2744930 2748426 2749336 2752390 2755360 2756727 2758131 2759206 2760080 2761330 2773868 2775864 2777921 2779413 2783648 2785762 2791630 2796368 2800163 2809031 2818011 2821319 2825161 2826853 2829741 2830811 2840586 2843452 2851875 2854162 2861648 2863488 2864395 2866009 2869713 2871863 2873338 2875645 2876551 2877261 2878353 2879531 2882180 2883810 2893494 2895883 2899237 2907191 2909387 2912087 2914924 2916261 2916944 2920356 2924279 2939932 2946984 2949467 2957078 2959588 2964206 2967912 2974625 2978090 2987228 2994885 2999873 3001093 3002336 3007394 3009090 3017716 3020420 3026637 3031441 3033728 3049566 3051884 3054184 3058410 3063303 3071081 3072652 3074912 3077642 3082176 3084904 3087369 3088510 3089540 3091388 3105425 3107880 3111488 3113724 3117073 3122879 3124639 3125668 3127523 3129659 3134004 3136150 3137747 3143944 3144792 3146310 3149617 3154838 3159022 3161820 3166225 3168300 3170958 3187078 3193160 3199071 3202933 3208736 3212372 3214222 3215790 3218584 3221005 3223701 3225387 3229887 3231213 3236358 3239161 3243059 3244894 3247988 3254558 3257357 3258521 3259189 3260016 3263048 3264786 3266844 3272119 3273992 3276992 3279485 3280862 3282099 3283355 3288493 3295204 3295851 3297631 3301398 3302862 3304806 3306666 3309248 3316760 3319448 3325479 3331419 3332726 3334657 3337320 3340666 3343122 3345359 3351794 3354179 3357171 3363934 3365269 3367169 3369626 3371323 3373446 3377125 3379643 3384528 3387510 3391497 3393172 3397908 3399558 3402602 3404584 3409145 3417313 3418806 3422645 3424182 3427699 3428710 3433104 3436343 3438394 3440089 3446475 3447969 3449103 3451291 3452602 3453516 3454733 3456064 3458633 3462427 3463686 3466297 3468873 3469801 3472773 3474648 3476446 3480697 3484430 3486483 3490993 3494150 3500345 3503136 3507984 3514170 3518144 3519883 3525855 3533738 3538086 3539956 3553077 3553823 3555548 3557150 3563252 3569379 3571421 3574509 3580510 3583891 3587373 3589144 3591197 3596458 3602395 3604718 3607391 3612859 3615075 3616725 3617320 3623022 3629698 3640137 3641069 3646519 3648322 3651457 3652804 3655521 3659560 3661463 3666866 3669439 3674592 3675609 3677523 3679855 3683332 3696052 3698251 3701337 3703944 3705666 3710033 3711291 3712689 3719345 3723028 3724759 3726077 3736767 3741324 3748990 3751499 3753488 3755419 3761093 3765278 3767806 3773316 3783857 3785747 3788746 3791757 3795541 3797029 3798881 3801604 3809775 3811172 3812456 3815085 3817428 3819438 3822470 3825378 3830028 3832893 3834312 3840068 3846085 3848773 3850107 3853045 3859080 3864610 3866378 3867743 3873111 3875372 3876851 3879968 3884165 3887567 3890454 3895547 3896652 3898598 3900469 3903198 3908967 3911402 3916224 3919244 3924840 3929254 3939688 3941340 3950866 3953752 3959180 3966047 3977231 3984404 3987093 3989923 3991158 3992238 3994272 3995281 3998322 4000017 4005121 4010448 4025556 4026961 4029477 4030881 4037614 4042258 4043229 4045138 4046580 4047514 4050073 4052506 4054221 4055274 4057855 4059255 4061225 4068309 4069439 4073027 4077852 4079858 4083606 4094602 4095641 4098975 4102242 4105996 4107498 4114596 4116394 4132592 4133680 4137952 4141867 4143202 4144704 4146755 4147320 4148433 4149940 4156564 4159410 4162522 4164751 4166241 4168608 4169651 4172785 4181814 4182651 4184424 4187998 4189225 4190090 4193365 4195248 4198935 4209196 4212537 4216793 4221690 4224602 4227662 4228743 4232835 4237963 4241680 4245605 4247255 4249350 4251670 4254336 4262162 4264185 4270760 4272205 4274772 4277039 4280339 4281604 4283289 4285519 4287193 4288436 4290695 4293498 4297339 4304066 4305331 4307910 4311445 4313072 4318821 4321427 4324649 4326856 4327832 4329107 4334841 4336800 4343214 4346770 4352270 4355262 4360098 4363843 4366230 4368451 4373612 4375726 4378277 4379742 4383351 4384601 4387720 4399511 4403770 4406458 4413088 4419133 4426780 4429958 4431753 4433489 4439086 4442214 4443507 4447929 4450232 4453676 4455625 4458534 4460385 4465421 4466835 4467982 4475425 4479378 4484648 4485527 4488212 4493947 4501861 4503377 4504588 4508629 4510972 4513928 4516169 4519727 4520723 4523944 4526577 4532002 4540270 4543010 4545045 4546109 4548824 4551852 4553322 4557975 4564519 4567257 4568650 4569659 4572346 4573660 4576530 4580279 4592766 4594210 4611467 4613164 4618828 4622446 4623988 4629135 4633267 4634884 4637581 4643214 4656951 4659755 4660813 4667854 4671413 4674158 4678148 4679297 4681278 4682027 4694121 4697196 4702150 4710392 4712623 4714644 4717254 4718158 4720180 4722218 4725320 4727720 4730275 4734888 4737635 4738638 4742427 4745207 4750657 4755229 4757175 4758480 4759422 4762166 4764580 4768199 4769365 4772064 4773561 4774899 4780300 4781409 4782518 4786835 4790597 4792170 4793971 4799248 4802950 4808486 4809810 4814242 4817077 4817959 4822189 4826382 4828750 4830126 4831219 4837244 4840143 4845872 4847165 4848270 4850493 4853227 4860684 4863795 4869106 4870348 4872483 4874049 4877226 4884318 4888686 4890743 4900982 4906600 4910966 4918792 4922511 4924956 4929200 4933092 4933775 4937925 4939814 4941336 4948340 4950989 4960223 4970339 4972175 4979083 4980881 4982211 4983713 4984874 4985858 4987316 4990074 4993151 5000135 5001629 5005773 5006712 5008124 5011524 5012865 5022991 5024227 5027009 5029316 5032717 5035855 5038469 5045252 5049099 5050935 5052630 5053973 5058222 5061922 5063318 5066890 5070695 5075622 5080600 5081822 5082700 5086630 5094585 5095372 5098380 5100264 5101588 5103369 5110398 5114384 5115427 5125475 5137722 5139183 5146803 5149845 5152469 5154646 5157916 5162034 5167895 5169953 5173585 5183815 5187647 5203430 5212604 5214475 5217234 5220989 5228486 5232034 5233843 5235246 5237418 5240893 5243404 5247163 5251642 5258821 5259983 5262462 5265199 5266598 5267876 5277860 5281503 5286556 5288935 5289915 5291452 5295051 5296770 5301615 5306884 5308690 5311995 5317323 5320718 5323829 5330720 5334201 5336380 5340074 5341370 5343004 5350311 5358610 5359681 5368854 5371461 5375360 5377384 5383049 5384430 5386043 5390689 5394927 5398228 5405148 5407965 5411523 5419294 5420561 5423682 5426565 5429085 5431710 5432598 5433555 5434991 5437573 5440984 5448748 5449823 5452814 5456266 5459284 5460646 5463011 5465100 5466369 5469085 5470918 5475175 5477394 5481950 5484211 5485888 5487005 5490016 5491053 5493638 5503585 5508696 5511697 5513230 5515810 5517252 5518608 5519834 5523148 5524038 5529378 5533749 5535718 5537479 5538185 5540335 5543585 5544986 5548583 5549730 5552071 5557875 5559512 5563479 5569856 5575526 5577403 5578726 5579509 5583502 5590929 5593894 5595211 5599042 5602107 5603130 5604735 5606439 5611279 5615858 5620303 5625109 5626684 5629053 5634869 5643028 5644106 5645816 5648921 5653715 5658312 5662132 5666386 5668290 5669853 5671852 5675653 5680735 5682079 5683769 5687206 5692904 5699308 5700662 5703934 5709524 5714026 5716235 5718566 5720595 5724208 5727851 5731178 5732550 5733864 5741248 5742666 5746261 5747285 5750280 5751252 5759135 5771661 5772842 5774111 5781004 5783436 5784795 5785800 5787298 5790090 5791106 5795895 5800791 5801776 5804362 5806810 5810492 5811634 5813308 5814360 5815648 5817699 5818332 5820573 5825523 5827022 5831813 5835994 5838575 5842082 5843075 5845199 5850630 5854278 5859751 5860515 5862071 5864570 5865821 5867332 5870758 5871967 5873779 5876116 5879084 5882482 5884091 5887658 5891551 5892378 5898806 5900103 5905820 5907000 5908919 5912160 5922327 5932272 5939225 5944198 5946832 5949752 5951188 5957787 5965917 5967979 5971973 5975814 5976999 5978699 5979908 5980833 5984799 5986492 5990531 5995066 5996070 5999196 6000008 6003045 6005803 6006847 6014254 6017057 6021580 6022673 6024227 6031019 6034629 6041839 6046038 6061587 6063243 6066807 6068852 6076298 6078691 6079698 6083492 6087290 6090711 6092157 6093202 6095547 6098043 6101037 6104821 6110733 6112402 6113841 6118043 6119400 6130942 6133757 6144706 6146138 6154546 6159761 6163546 6169956 6175262 6176709 6177872 6179568 6184339 6187612 6191753 6193001 6200903 6205886 6207383 6211566 6214738 6218014 6219828 6221541 6222900 6228393 6232028 6235286 6236584 6239584 6240591 6243775 6244545 6250526 6252792 6254572 6260712 6262270 6266584 6272792 6278444 6282452 6285966 6289568 6294300 6295709 6303468 6304576 6306134 6310221 6311593 6319624 6321804 6322620 6324707 6326141 6328658 6329762 6331601 6334940 6336384 6338339 6341979 6342871 6344840 6346419 6348008 6348786 6349737 6354231 6355183 6356939 6358749 6360305 6362172 6363825 6365862 6372447 6374713 6376146 6379556 6386420 6393013 6395443 6402509 6403816 6408588 6413981 6415992 6421149 6427532 6429039 6430643 6431759 6434118 6436536 6440814 6450401 6453872 6459628 6460519 6461936 6463327 6465464 6467663 6469882 6471058 6477946 6481015 6482400 6493214 6494152 6499517 6502082 6504692 6507355 6508697 6509584 6511130 6511889 6516602 6523291 6530014 6534295 6538141 6540489 6547836 6548608 6551385 6553566 6555216 6556512 6559872 6564667 6573757 6576323 6577093 6577902 6579525 6588682 6596016 6599021 6599727 6605455 6610688 6613435 6630729 6632717 6634281 6637225 6644727 6645903 6648834 6651223 6655611 6657733 6664690 6672313 6673922 6676610 6677804 6681554 6688877 6693304 6698787 6705259 6706556 6708048 6710989 6711781 6713349 6715406 6718104 6727091 6728913 6731747 6733133 6733846 6740460 6754748 6757364 6760274 6769770 6771512 6773335 6776570 6777996 6779938 6782821 6790826 6794624 6798883 6801586 6804959 6806990 6808347 6810197 6815960 6817188 6819515 6821876 6823056 6825436 6826651 6831209 6833721 6837182 6843289 6845760 6849184 6851240 6852152 6856059 6861893 6869633 6871356 6873013 6874567 6882602 6884027 6886182 6890386 6894547 6895912 6898013 6899749 6902884 6904053 6906589 6907573 6911326 6914337 6916601 6922214 6927871 6933461 6941636 6960849 6963193 6965144 6966913 6969177 6971863 6977238 6979067 6981343 6985231 6986756 6988920 6990030 6996094 6998940 7000421 7004484 7007153 7014568 7021564 7023521 7026980 7035378 7040219 7042559 7044848 7046410 7052348 7053594 7057528 7059313 7060501 7063072 7063968 7067006 7069366 7072997 7076760 7081922 7083329 7084406 7087086 7088560 7090658 7097511 7100316 7101162 7104887 7107106 7109143 7110437 7111871 7113212 7115804 7118724 7123857 7125024 7127396 7128091 7131130 7132864 7140938 7146233 7147842 7161716 7162565 7163954 7165118 7173194 7175126 7176306 7177680 7179287 7180689 7183047 7184496 7185311 7191232 7196606 7197905 7199405 7203399 7204587 7205833 7208414 7209453 7222685 7227811 7229370 7231698 7233064 7236032 7239020 7241168 7243350 7244673 7249960 7253128 7260136 7265619 7268855 7271248 7272426 7275000 7283318 7286393 7289457 7292486 7301353 7305068 7306971 7311192 7316539 7318071 7327316 7330100 7330902 7333452 7340759 7342619 7348424 7349552 7353176 7355557 7358248 7360279 7362617 7370118 7374149 7375943 7377600 7389647 7390975 7392249 7393263 7395320 7396635 7399599 7402915 7406012 7412991 7415445 7417744 7427976 7428931 7439701 7440794 7441857 7447233 7448393 7460477 7461573 7468050 7469353 7470772 7478200 7479670 7486356 7491471 7492362 7493821 7499055 7503689 7506299 7507500 7518988 7520451 7525789 7535494 7537857 7540310 7542743 7546083 7551021 7553432 7559425 7562250 7563378 7568060 7571285 7572204 7574133 7577853 7579421 7580551 7581653 7586356 7591210 7596129 7603849 7608265 7612507 7614746 7623810 7628772 7630734 7632496 7637338 7642848 7644472 7648953 7652229 7653160 7655917 7657967 7664676 7667319 7668712 7673662 7675670 7679416 7685024 7687276 7691641 7693690 7696227 7698002 7704565 7706826 7717117 7718805 7719948 7723187 7724031 7726319 7727687 7733754 7735570 7736857 7738697 7740608 7743988 7745148 7746917 7756045 7764285 7767669 7774440 7779112 7780014 7783575 7791688 7795180 7802373 7803181 7805391 7806429 7809476 7812879 7815502 7820498 7830793 7832799 7834693 7841075 7844016 7845806 7846840 7848109 7849205 7853482 7865217 7866521 7867502 7872012 7873681 7877743 7878570 7880535 7883791 7885048 7888680 7892561 7894664 7896124 7897182 7897998 7903807 7906395 7921237 7929762 7931803 7934629 7936140 7938399 7939727 7941335 7942653 7947728 7951173 7953388 7956087 7966036 7973461 7975840 7977539 7978940 7981743 7983199 7985558 7989976 7991190 7994085 7995324 7996501 8001658 8006293 8010387 8012011 8012769 8015397 8019331 8022723 8028299 8042339 8048252 8052438 8053586 8054845 8057647 8062493 8065679 8066669 8073053 8075300 8077356 8079032 8084362 8090991 8092689 8097469 8100719 8101767 8105429 8107695 8109757 8113733 8121306 8122687 8125437 8129956 8132838 8136766 8137461 8138656 8141503 8146336 8148708 8150873 8153595 8156650 8159735 8160910 8166049 8167213 8169071 8171567 8174606 8178357 8180000 8183031 8189804 8195715 8199377 8201823 8208888 8210463 8217828 8220708 8225315 8229083 8233922 8237768 8240643 8242274 8244246 8253236 8260810 8263546 8264503 8268864 8273734 8274877 8280603 8283387 8289468 8294296 8296030 8300369 8302508 8303692 8304923 8308755 8312645 8317742 8320311 8322671 8324010 8325141 8327068 8328147 8332488 8339798 8347341 8349199 8354221 8364525 8365610 8366641 8368146 8378200 8379678 8380777 8381772 8382879 8384906 8388027 8389721 8394078 8398933 8402620 8403674 8409336 8412217 8415074 8426415 8435702 8439039 8440849 8446488 8448250 8452555 8456206 8462896 8464160 8466393 8469009 8476220 8477996 8484774 8487940 8493827 8496540 8498159 8500909 8506837 8508032 8510195 8511070 8512399 8517055 8518733 8519695 8521259 8522701 8525547 8527368 8533379 8538727 8542838 8560167 8561645 8564084 8565727 8574218 8582137 8591224 8594058 8598643 8599504 8600651 8601457 8603104 8609285 8610248 8616021 8617983 8623476 8624632 8625758 8630470 8634297 8635295 8636860 8637893 8639640 8642700 8643971 8645425 8647853 8653434 8654559 8664168 8668355 8670203 8675348 8676472 8680460 8681193 8685739 8692391 8695256 8698576 8700411 8703010 8705206 8707626 8710910 8713983 8718998 8721683 8729723 8732360 8734158 8735968 8736981 8739726 8740841 8742339 8744304 8747353 8750272 8753488 8756965 8758496 8761681 8762460 8769122 8772708 8774080 8775971 8778668 8779536 8782157 8785217 8790076 8791202 8795724 8796994 8799806 8800834 8805080 8807262 8809908 8810923 8812035 8824004 8824861 8825850 8829775 8831118 8834838 8839166 8843454 8850309 8858488 8862811 8866149 8871678 8872869 8877348 8879545 8882861 8884018 8886345 8891261 8897792 8898710 8899677 8903029 8904871 8912346 8913617 8914275 8915904 8919166 8925266 8928410 8931945 8936174 8939646 8940718 8944875 8948279 8951510 8953020 8957219 8959213 8965161 8970063 8971945 8978108 8980358 8981231 8982214 8986044 8988595 8989638 8994137 8997750 9004990 9006471 9011912 9017780 9020891 9023639 9027030 9028084 9030497 9032259 9035673 9038057 9044325 9054787 9062449 9068536 9070818 9073631 9075670 9078364 9080237 9082715 9084886 9086654 9093830 9097373 9108310 9110497 9112205 9113428 9114588 9115989 9117193 9118770 9123654 9126784 9140556 9142163 9146706 9147861 9150451 9153172 9156570 9157698 9159978 9165846 9168780 9170726 9175659 9177432 9178834 9180863 9183464 9186218 9188267 9194154 9199507 9206008 9207485 9210437 9211926 9214301 9215539 9219492 9223376 9225440 9228243 9230081 9233541 9235940 9242155 9245141 9246811 9250011 9262384 9263056 9265209 9270121 9282688 9284433 9286104 9291056 9292769 9294560 9304165 9305530 9307974 9311039 9312364 9314877 9316648 9325368 9326851 9328870 9329791 9330906 9332329 9338602 9342951 9350965 9359590 9361267 9362612 9364396 9366117 9367827 9374402 9375566 9378488 9385408 9386341 9387279 9389111 9391628 9397330 9402578 9404850 9406731 9410096 9414743 9416203 9421120 9421917 9424719 9428908 9431269 9434123 9437206 9439141 9441042 9448200 9449721 9454294 9456260 9459313 9460223 9461372 9464188 9466462 9468423 9475242 9478176 9481182 9483272 9486431 9489324 9491372 9494358 9498274 9501064 9504476 9507527 9510716 9515480 9516227 9524550 9526934 9530397 9533829 9537870 9544228 9546176 9548601 9549435 9551047 9552172 9554700 9558426 9561676 9562763 9566483 9567921 9568800 9573742 9576641 9577576 9588521 9591136 9592621 9593780 9595152 9599997 9606159 9610096 9611741 9614209 9616951 9624034 9632508 9634607 9638489 9640193 9641597 9643697 9644982 9649551 9654461 9658523 9660758 9661616 9667362 9668756 9670228 9675696 9676627 9678650 9683732 9691403 9694321 9696986 9700871 9701955 9703738 9705373 9706217 9707208 9709429 9720101 9725336 9739025 9745755 9748526 9750793 9753421 9762014 9764164 9765403 9767323 9768690 9774015 9779969 9789643 9791586 9796763 9797985 9799651 9804046 9804735 9806773 9808253 9810330 9816703 9817769 9819853 9820798 9828814 9839862 9841766 9843510 9844605 9846947 9858505 9861297 9862308 9863784 9867258 9868688 9873523 9886758 9890110 9891735 9893124 9896757 9899915 9903511 9908532 9911491 9914968 9917044 9920684 9923475 9927274 9931511 9934232 9935301 9938580 9949148 9951216 9952226 9955562 9958603 9964563 9967264 9970021 9974509 9976429 9989350 9994007 9996506 9997675 9999590 
</Matrix>
<Matrix name="Neuron_31" type="complete" rows="1" columns="2006" multiplier="1.0">
   9751 13337 15560 19222 23897 25749 29610 39169 42643 44560 47333 49968 53145 61438 65042 66225 67314 70872 82589 88218 94723 103486 104459 105966 107927 118251 120823 121590 127141 130740 133184 135387 137179 138743 148097 156102 160012 162336 172411 184155 186785 206369 208704 211349 213502 215667 219204 224204 227306 229403 230321 234167 237082 239892 245767 248085 257845 259238 268657 275391 282411 288639 290044 301078 302690 309325 312206 314809 319211 326612 329765 336938 339974 345157 351763 354265 359193 371688 373331 375008 380682 386725 395928 399529 405213 406160 420275 424974 426537 433641 437142 447770 448557 457387 461679 462553 464546 465418 471392 482702 487958 492284 494636 498003 504145 507072 516743 522954 528278 541299 544507 552430 558064 561272 570965 577351 584869 588206 589759 593654 594938 598288 602327 604451 608483 614278 618435 629058 630856 632644 636049 639003 640839 642006 644543 645855 662504 671138 673949 676558 677591 679235 683971 687150 696095 698541 701587 704473 705474 707425 713005 714145 719700 721831 730210 731089 737658 739453 740366 741980 747720 761177 766543 770061 771116 781600 786727 792844 798214 800791 803327 808291 814456 818085 818958 826441 827714 829547 831998 840056 841189 848058 863610 864938 865606 877020 879867 881136 883344 884441 887002 888886 891407 894608 899058 900724 911990 915125 916178 933992 947117 949530 954483 956973 959265 961915 964273 968494 983727 986589 987955 996241 1010627 1013962 1017077 1022210 1025165 1036304 1042222 1044514 1048228 1057537 1058785 1061423 1071012 1072629 1074490 1085231 1090616 1093561 1094301 1111829 1116340 1121349 1125238 1131846 1132947 1134610 1146639 1151564 1156687 1160978 1161730 1166376 1169615 1185603 1190146 1199922 1202524 1210474 1212006 1213560 1216977 1220483 1222622 1225902 1228885 1240142 1249261 1251750 1253738 1256515 1260809 1269576 1273862 1276593 1282287 1290633 1292662 1302815 1304165 1305763 1314960 1319731 1328358 1335318 1336734 1343516 1353416 1356352 1361630 1369364 1377984 1398513 1402722 1408094 1409511 1413607 1416866 1427453 1430612 1431757 1435234 1438648 1441260 1442578 1449684 1450789 1458227 1460497 1465638 1468364 1475251 1487094 1490371 1494828 1504402 1506965 1508323 1510813 1515714 1518254 1520079 1521290 1524916 1532282 1535837 1538819 1542000 1548592 1549537 1550834 1552342 1554473 1570636 1582502 1585259 1586737 1592958 1602884 1606193 1609837 1612642 1615646 1623785 1631435 1635580 1647051 1657300 1664612 1667282 1669397 1672091 1678731 1685733 1692027 1695859 1705953 1706941 1707967 1713781 1719035 1727112 1731605 1732832 1736670 1749569 1760984 1766644 1772442 1775103 1778855 1788645 1793347 1794787 1800203 1803493 1805995 1807198 1814495 1819183 1828594 1839657 1840791 1842480 1846469 1847706 1852386 1856161 1859816 1877188 1884682 1889899 1895850 1905115 1911473 1912865 1917962 1922592 1923688 1931086 1941146 1956410 1960030 1962930 1970553 1977165 1979254 1981940 1989500 1991319 2000796 2015449 2016731 2021201 2023106 2024609 2027844 2030493 2035186 2037602 2039609 2045909 2054614 2055393 2061036 2064188 2066610 2070015 2075464 2083700 2086282 2087741 2088863 2092135 2097985 2105362 2112517 2113442 2115692 2117519 2121040 2123102 2130401 2134983 2136616 2140437 2141281 2146994 2159540 2161703 2162750 2180695 2184972 2204935 2206720 2210845 2212535 2215311 2217117 2221057 2224667 2226636 2229166 2235556 2237775 2239252 2241300 2245247 2245915 2251850 2255691 2259733 2264324 2270096 2277252 2280977 2283489 2284508 2286105 2298396 2312688 2316594 2323189 2324128 2332765 2334291 2336955 2340627 2341560 2343015 2346202 2347704 2349282 2353424 2355249 2357248 2358132 2362924 2366678 2368131 2371484 2375077 2382939 2393582 2396135 2399420 2401202 2412288 2416125 2418777 2419421 2421876 2424558 2432941 2436374 2442788 2458030 2460217 2465913 2476326 2479439 2492278 2495655 2501247 2505041 2517033 2518817 2524553 2530461 2542045 2543063 2545216 2550195 2560738 2561699 2577836 2585982 2589389 2592016 2596173 2600737 2606866 2608355 2612705 2614573 2615799 2624181 2625573 2629713 2632285 2636879 2640259 2642222 2647550 2653167 2656118 2659732 2669091 2672631 2674192 2679519 2681355 2687395 2692842 2697598 2702503 2706352 2708913 2712286 2713874 2716367 2722203 2734082 2746044 2751377 2752658 2756790 2766276 2770042 2774350 2778766 2783501 2785865 2796800 2798467 2802856 2805250 2806169 2812745 2817731 2825515 2834302 2844183 2872912 2876158 2878690 2880909 2884824 2888386 2893614 2902565 2905208 2907307 2910029 2926767 2929035 2930556 2933810 2935189 2938305 2940352 2942082 2943358 2944321 2948587 2953187 2956461 2965853 2969472 2975277 2977393 2980197 2984744 2987257 2993970 2997358 2999613 3000924 3005523 3006651 3015015 3025475 3030649 3033799 3043096 3044239 3053243 3059197 3067332 3068681 3077244 3079489 3082456 3088116 3089562 3094333 3100612 3103140 3108653 3122746 3125190 3129467 3135399 3138132 3141874 3149505 3153741 3155455 3160173 3163240 3165220 3179370 3181776 3185444 3186126 3190048 3192932 3194478 3196615 3202062 3206806 3208470 3216946 3219011 3225576 3251270 3253806 3256178 3263462 3270529 3276272 3277676 3279964 3286356 3291044 3292643 3295216 3307397 3312270 3316238 3318793 3329614 3333052 3335915 3338542 3342871 3347029 3355180 3357551 3361917 3367940 3378536 3380095 3386340 3389691 3392130 3394481 3396254 3397892 3406773 3421310 3422953 3428765 3430394 3433642 3435550 3444402 3460347 3461547 3463543 3466573 3469417 3470491 3471708 3473212 3484890 3497338 3501706 3504180 3508447 3511744 3515493 3518784 3524352 3525675 3527210 3537058 3539395 3544205 3555037 3562782 3563914 3565510 3567831 3570391 3578629 3582063 3585283 3587193 3591696 3596544 3598724 3607039 3613950 3614636 3616177 3622536 3624674 3627113 3633269 3645353 3648697 3655546 3661039 3676184 3678030 3680692 3681745 3686330 3689993 3692601 3694881 3700297 3707415 3720050 3722049 3724551 3731677 3733422 3734818 3736206 3741179 3751571 3761436 3776610 3780636 3784951 3788437 3793581 3797034 3800362 3804544 3811317 3814955 3822958 3827976 3832654 3834020 3837937 3843655 3848104 3852071 3857154 3864833 3868259 3884485 3886260 3895557 3897888 3903775 3908181 3909807 3911914 3913522 3918276 3919679 3923529 3927736 3936603 3939425 3943084 3946468 3952259 3955281 3957692 3973256 3984966 3987099 3993698 3999574 4005349 4007682 4009350 4012235 4017326 4020214 4021932 4041249 4047363 4051286 4053707 4058684 4063916 4066234 4069993 4093077 4094000 4101890 4102806 4108958 4118106 4125073 4135221 4138080 4142173 4144289 4148022 4150358 4153348 4161232 4163320 4175103 4196496 4208815 4210353 4211425 4213589 4216062 4217523 4221048 4223514 4235683 4238196 4240908 4242762 4244037 4245121 4247651 4252893 4260582 4262335 4272713 4283833 4290882 4292198 4293202 4296276 4301746 4307372 4314150 4322173 4328697 4331063 4332841 4334388 4341554 4343462 4354129 4358361 4370941 4384192 4389448 4390993 4392114 4393687 4395479 4399589 4402226 4403269 4406080 4410602 4420529 4429281 4435751 4442626 4452813 4454125 4454965 4459425 4460986 4465736 4479927 4487677 4491361 4495949 4509509 4513131 4514826 4517889 4521196 4524300 4540533 4543147 4548902 4552464 4557672 4560136 4562411 4563465 4564506 4569788 4573547 4580948 4584646 4598295 4600731 4613675 4615799 4625335 4627188 4628658 4633681 4645984 4647903 4653238 4655120 4658489 4659701 4664315 4666288 4667702 4677763 4680334 4682716 4684169 4697420 4699586 4725199 4731011 4734721 4736706 4737403 4739573 4746595 4748989 4752682 4754817 4757924 4760600 4764066 4778910 4781975 4782850 4788318 4792681 4795041 4798548 4803687 4808184 4811685 4813605 4823362 4830507 4840096 4842405 4845114 4847094 4854411 4857751 4860789 4868567 4871798 4875726 4878464 4883573 4885712 4890001 4892851 4901517 4905743 4908427 4910794 4912477 4929987 4931744 4933489 4942896 4944487 4964931 4966731 4970168 4985421 4986311 4988855 4989491 4990566 4997936 5009731 5011715 5016152 5026352 5028599 5030854 5032185 5041587 5044039 5056416 5058410 5063591 5066993 5070253 5080234 5085333 5090874 5101239 5106953 5111123 5118675 5121905 5125415 5127056 5132482 5137737 5144922 5147761 5151772 5153500 5158535 5165407 5167173 5170570 5177868 5183956 5188585 5194994 5198585 5200860 5206124 5211373 5220995 5223434 5225226 5233394 5241161 5242313 5244793 5247660 5251306 5256612 5265034 5269927 5271136 5280059 5282739 5283972 5284956 5295893 5296985 5299239 5300534 5312581 5316438 5320977 5322195 5326562 5328916 5334645 5341560 5345599 5347927 5349663 5351535 5353264 5354189 5366267 5367683 5371692 5383909 5393467 5398699 5412795 5415808 5424429 5428958 5437834 5446340 5449865 5453959 5458339 5461693 5465212 5471576 5473826 5480307 5485071 5489668 5496523 5502067 5508842 5516305 5529697 5532403 5549220 5550244 5552781 5554289 5559618 5561810 5566493 5567414 5572171 5583952 5588608 5592915 5596055 5600333 5606745 5616364 5618973 5622573 5624330 5645454 5649137 5652120 5655972 5658840 5668082 5675102 5676473 5678516 5683479 5686612 5688879 5691751 5697550 5711340 5716538 5722254 5726854 5736034 5738218 5739486 5743921 5753658 5760262 5765392 5769207 5772987 5776347 5779376 5784474 5790141 5791688 5797967 5803006 5804987 5806501 5815811 5839720 5841069 5842612 5855267 5859542 5868989 5878206 5879148 5883405 5890309 5895209 5897434 5899566 5907597 5909226 5914221 5921330 5924145 5927012 5939369 5944575 5949269 5956772 5958809 5960669 5963915 5971710 5975871 5978951 5983372 5984439 5987504 5993625 5995212 5998281 5999911 6007590 6021324 6029099 6031715 6033081 6035810 6042080 6044293 6048245 6061852 6064062 6065701 6075783 6094496 6097427 6107190 6108391 6110430 6118577 6121865 6129159 6130305 6135229 6137027 6141228 6144343 6156871 6161854 6163022 6166690 6168100 6171147 6174051 6180533 6186106 6191783 6199278 6207496 6208540 6215014 6217553 6223372 6226233 6230810 6233893 6235370 6237467 6240845 6242033 6245800 6253403 6256474 6258642 6259746 6260984 6268416 6274956 6275886 6293635 6296176 6298379 6304220 6309348 6310819 6311424 6323623 6330277 6334614 6337651 6339240 6343862 6350465 6352164 6362851 6367341 6370076 6374118 6377323 6380029 6384932 6391858 6397644 6401178 6406672 6410337 6418361 6419985 6424310 6426060 6428816 6431299 6432470 6434144 6439588 6444406 6447644 6457032 6458609 6463055 6473940 6493509 6503394 6509871 6511539 6514060 6519962 6522194 6527804 6536924 6537716 6539288 6540925 6541775 6546226 6563605 6568699 6572144 6573924 6575529 6576788 6582687 6585547 6587991 6591276 6604253 6611273 6619942 6622761 6625592 6631713 6633961 6635360 6639994 6641019 6645073 6655081 6662365 6667148 6674314 6688593 6695427 6696144 6698003 6700003 6702963 6713569 6717932 6718757 6734823 6737768 6738768 6742777 6743783 6746089 6755921 6762889 6774541 6777108 6783591 6794280 6796223 6802533 6805418 6806240 6817917 6822630 6824793 6829797 6834642 6835950 6838665 6849306 6851214 6857442 6873428 6876175 6891356 6894888 6897237 6898195 6902643 6908566 6910347 6913560 6917476 6934089 6943205 6945838 6948392 6950114 6955122 6959242 6960308 6962043 6963295 6967337 6974226 6976027 6989141 6997174 7010789 7012588 7018653 7019995 7022161 7025076 7030847 7045982 7049629 7052551 7055853 7061779 7070566 7073113 7074068 7076590 7078514 7089875 7091681 7093129 7095558 7096745 7100117 7102930 7111589 7120382 7123722 7126148 7131753 7135234 7138334 7140881 7146270 7151454 7152749 7154726 7158656 7161178 7164861 7178680 7181872 7182604 7199433 7208890 7226307 7231501 7233896 7238631 7240951 7244383 7253265 7261849 7264563 7265874 7271977 7273818 7281737 7288820 7294639 7304181 7306013 7313796 7316051 7318371 7332501 7346525 7355961 7357520 7364497 7370555 7374567 7376807 7381537 7383270 7390729 7394401 7400197 7401102 7402769 7403961 7405281 7409148 7411859 7414047 7419933 7422333 7426831 7448346 7452034 7453242 7455089 7459349 7464579 7469560 7476497 7481447 7483805 7497795 7498489 7508013 7510628 7518373 7520224 7523864 7525854 7532250 7538828 7542072 7544070 7545590 7552324 7560625 7561895 7568953 7577413 7580236 7582534 7586953 7590502 7593344 7607104 7617701 7622454 7623726 7624466 7626339 7630109 7633225 7640684 7645679 7650428 7661067 7667752 7677086 7690125 7691777 7693529 7699039 7704510 7705321 7717797 7719503 7730667 7737678 7739460 7749239 7759375 7760320 7763169 7780514 7789588 7792581 7797137 7798149 7804455 7808666 7809876 7816278 7823277 7833100 7844681 7846054 7856320 7864080 7867552 7870358 7873130 7874640 7876250 7883370 7889489 7893213 7901528 7904969 7910620 7920770 7922509 7928993 7936637 7939382 7942164 7945064 7946066 7951440 7953903 7955211 7957375 7960026 7963173 7965646 7967135 7972556 7973979 7981679 7984965 7991502 7992305 8003967 8019504 8022195 8024693 8031867 8041109 8043252 8047783 8051865 8057493 8059982 8063978 8067486 8081276 8082549 8083863 8095931 8098538 8108342 8110607 8113765 8119129 8121004 8125798 8128186 8131438 8136150 8137906 8139168 8140199 8143641 8147126 8150081 8152157 8166905 8170035 8179941 8186734 8193807 8198193 8199102 8212821 8215113 8223858 8226775 8235508 8240088 8248206 8249124 8252847 8270798 8274933 8276143 8282065 8285605 8286790 8293068 8297869 8317739 8319658 8323594 8325262 8342067 8343322 8351001 8361115 8379611 8381305 8390600 8398974 8403210 8411312 8417985 8419709 8423766 8425606 8427614 8431051 8433035 8438264 8442122 8443364 8454179 8462732 8465160 8466966 8474160 8478331 8479907 8487731 8496299 8498575 8499783 8503400 8522244 8523681 8524880 8526112 8529948 8533055 8538590 8549253 8552023 8554139 8555330 8556627 8564023 8568076 8573993 8576888 8583038 8583806 8584991 8604925 8608401 8612090 8622824 8628148 8630054 8632695 8634804 8638012 8639818 8642084 8654952 8669505 8672058 8674152 8679148 8682208 8687882 8690681 8695081 8702628 8710092 8713256 8715255 8718508 8720309 8726826 8728660 8731496 8733548 8735163 8739914 8751203 8756791 8758885 8760324 8764839 8770404 8772411 8775682 8776866 8785725 8790910 8792181 8794411 8796857 8800483 8809556 8811825 8816466 8826217 8831403 8838739 8842851 8847413 8848807 8850463 8852684 8854052 8856470 8866477 8867734 8881777 8887066 8889048 8890747 8893690 8897802 8898776 8905068 8913793 8916173 8919073 8932449 8934780 8936353 8938055 8943460 8953565 8959295 8961216 8964351 8973136 8975046 8981792 8992897 9000643 9007923 9012609 9018747 9024836 9029788 9031012 9033762 9035821 9039984 9044049 9050443 9052344 9055405 9070335 9076317 9083132 9102015 9104906 9111667 9113358 9115906 9117675 9128800 9135709 9141560 9142457 9150510 9154518 9155554 9156823 9158016 9160480 9163695 9165315 9166631 9170392 9172590 9176931 9181000 9192789 9207109 9217130 9222516 9223843 9224970 9230478 9232523 9233258 9238217 9241705 9247429 9249719 9251603 9253659 9254658 9256311 9259408 9262278 9271974 9273607 9275706 9280756 9283227 9297815 9299563 9310007 9321752 9324446 9326119 9329204 9333194 9338428 9339272 9347438 9352176 9354243 9355803 9371812 9373338 9385301 9388929 9389851 9393818 9394985 9397933 9401058 9405439 9407503 9423852 9434152 9443173 9449864 9456398 9459502 9462714 9463903 9479667 9483193 9484447 9486368 9488256 9495110 9503190 9508266 9517128 9525891 9527538 9532965 9536429 9545837 9551634 9554052 9556068 9568684 9572539 9577506 9578897 9579901 9585497 9594948 9599257 9602365 9607071 9610365 9614361 9618474 9623079 9623989 9628500 9634551 9636301 9639906 9645367 9648468 9657736 9662018 9665824 9668198 9674847 9688001 9690660 9696951 9700786 9715248 9720658 9731764 9743899 9747322 9749724 9755322 9757356 9761195 9768871 9769718 9777346 9778281 9790829 9801422 9805307 9815133 9816128 9831606 9832624 9833741 9839841 9848128 9853071 9853872 9858949 9863465 9872082 9876171 9891369 9902465 9907424 9910100 9913466 9917949 9921079 9937397 9939234 9941150 9944020 9946169 9947439 9951720 9953611 9955141 9958577 9961884 9970130 9976506 9978639 9993557 
</Matrix>
<Matrix name="Neuron_34" type="complete" rows="1" columns="116" multiplier="1.0">
   4752 29873 56049 89249 155869 203464 235898 251740 322825 409446 481257 495947 511030 581282 587716 623774 672088 745198 808648 838510 920726 949161 1059329 1062180 1097759 1130179 1227843 1573762 1638818 1660092 1915884 2070663 2095029 2158063 2311749 2400937 2458132 2505187 2719667 2734576 2796552 2879709 2934272 3268869 3283758 3338865 3399443 3430412 3623154 3667738 3770259 3924875 3989840 4219047 4643002 4841991 4884188 4947766 4948898 4972649 4993437 5031470 5057034 5105583 5166129 5299464 5358750 5383817 5428938 5605903 5620173 5665179 5743178 5756675 5866063 5871877 5878436 6042680 6382356 6499441 6575421 6635318 6666012 6681264 6851496 6963433 6984660 7322619 7327409 7338236 7381787 7396244 7471789 7781495 7902579 7913562 8271407 8340463 8347467 8357995 8496373 8595546 9022290 9094080 9120804 9140259 9161829 9178271 9194441 9441398 9460215 9481489 9531047 9532964 9629237 9636743 
</Matrix>
<Matrix name="Neuron_41" type="complete" rows="1" columns="115" multiplier="1.0">
   14970 22854 36870 84944 210690 219042 262502 339803 639469 685533 689659 737923 773365 838527 916381 963436 992909 1321838 1449890 1473783 1547225 1607823 1613410 1660302 1662000 1716645 1771077 2048092 2133869 2156658 2470989 2537715 2574012 2632678 2651776 2668536 2783100 2841519 2849535 2919272 3006597 3029844 3184550 3197255 3603099 3724538 3727663 3830017 3924656 4011597 4019222 4072694 4260988 4275011 4298406 4349519 4621272 4761211 4877331 4942564 4978698 5213516 5293061 5356945 5433086 5470296 5550579 5781171 5906403 6069816 6261311 6320386 6360012 6429245 6584720 6624394 6658310 6674676 6719233 6872912 6878891 6993492 7042228 7055620 7196720 7354941 7389536 7430237 7447036 7508916 7604641 7712801 7822807 7923504 7959666 7963794 7967722 8088001 8110689 8253137 8620810 8862777 8867860 9034231 9129448 9565875 9567141 9599794 9661722 9664237 9696597 9716635 9857694 9957521 9978667 
</Matrix>
<Matrix name="Neuron_44" type="complete" rows="1" columns="4751" multiplier="1.0">
   1642 3734 4793 7522 9082 10298 14498 15412 16839 19433 22751 26224 27063 30728 34384 35429 36911 38218 40331 44222 47436 52497 54567 56214 57654 60219 64701 65815 67325 68284 71076 73519 75091 75828 78093 79815 80933 88041 90593 92414 93837 96069 97216 98650 100512 106086 106903 111511 115496 116801 118155 118886 119944 125046 126671 129270 130457 133481 138014 138934 140987 142057 145610 147937 148908 149967 150695 152012 154611 155965 158540 160224 162099 163193 164414 165937 167029 171866 173247 176990 178757 179773 181786 184255 187324 188256 190087 191555 193359 195335 197267 200772 202293 203445 204496 206262 207370 209149 211156 212938 214506 215979 218185 220851 221807 223306 224205 227879 231924 233563 236717 237540 238518 239630 240532 241539 242127 246645 247448 250299 253836 255254 256877 257783 258619 260897 266377 268770 270425 272383 273440 278664 279950 280704 282512 284568 286755 287541 288887 291406 294493 295943 296689 297899 304122 308052 308940 311499 314728 319725 321502 323773 326801 328175 329178 330333 333565 335300 337148 340494 343549 345156 346863 347698 349170 350579 351878 354917 356670 358140 364132 366193 371104 374202 375610 377109 378477 379974 381462 383279 384560 385722 388095 390128 392063 395322 401378 402430 406324 407659 409156 411013 412971 414052 415514 418577 420460 421748 422939 425182 430747 431894 435369 436740 437975 440907 443648 444730 447386 448688 451360 454136 455501 457621 458618 459976 460994 463599 464777 466254 467974 469212 471851 473251 476716 482296 483535 488279 493943 497598 499200 503323 504257 506521 508293 510884 513482 515347 518307 519158 520492 521996 527098 528840 529686 535812 538116 539523 542341 544077 547292 549696 552222 552975 554608 557126 558149 559822 562686 564362 565056 566730 568024 569467 570772 573898 575580 581842 582575 583825 584795 585982 587486 588431 591197 596326 597247 597787 598630 599673 605251 606846 607613 612713 613852 614863 616069 618645 622848 627543 630011 630999 635015 637819 639154 640749 641436 645114 651024 652833 654828 655963 657797 659562 660866 663463 664805 667666 668652 672398 673352 674080 678596 679536 681665 684891 686415 689587 691923 693412 696670 697517 698311 700377 701554 702789 706925 708197 709300 712158 712837 715686 716583 719785 720976 721946 724344 726130 727790 730331 733578 735030 737133 739551 740464 741430 742315 742984 744028 744637 746502 747539 748884 752430 753809 756772 757481 759412 760938 763555 764698 765954 767694 771604 774003 775905 777221 780081 784708 786572 787922 789680 793386 798137 802210 803371 805299 806495 809722 812133 814577 818815 820286 822995 825234 826606 828900 830296 833738 835305 836796 838566 841438 844128 845673 846577 847425 856993 860696 862871 865945 869214 870632 873730 874505 876965 881194 882577 883407 884742 886436 888997 890911 892877 897660 899007 900024 902022 902890 903699 905357 906435 907521 909348 910691 913882 916868 919590 920371 920907 925049 927112 928989 930484 931413 934476 935184 937219 938829 939690 941666 942613 947640 950343 951782 953608 954589 956334 956999 957730 962623 965893 967281 968847 973112 974582 975427 976387 982903 983869 985355 986722 989376 991283 992428 998090 1001448 1002377 1004247 1007048 1011929 1013672 1014816 1015572 1016725 1017572 1022787 1024114 1028730 1031856 1033310 1035644 1036573 1038450 1039510 1041793 1043686 1044734 1048280 1050392 1052121 1053963 1055426 1057008 1061835 1063429 1066668 1067435 1068360 1070666 1071571 1073102 1075617 1079527 1080848 1082515 1083915 1085192 1086871 1089421 1091382 1092593 1093223 1094508 1098549 1100878 1102312 1105317 1107087 1109360 1112000 1112880 1114453 1115817 1117100 1118966 1119967 1121424 1122552 1123923 1125021 1126084 1128082 1130148 1132201 1134239 1135366 1139040 1142135 1144765 1146125 1147142 1149247 1151149 1152828 1156856 1160045 1163102 1164836 1167295 1170043 1172855 1175093 1175736 1177301 1179028 1180612 1182126 1183265 1183903 1184802 1186500 1190455 1193314 1194249 1196110 1196815 1199830 1201120 1202710 1203680 1205052 1205991 1208169 1210362 1211541 1213716 1215577 1218630 1219379 1220274 1221520 1222790 1225036 1226497 1227561 1230292 1230986 1232231 1236354 1237820 1241108 1242092 1243165 1244323 1246227 1248123 1248979 1253753 1257196 1258509 1260678 1263040 1270309 1271500 1274463 1276006 1277416 1279513 1280942 1281760 1283306 1284544 1286271 1288530 1289967 1290891 1293314 1294614 1296872 1297974 1299523 1302047 1303048 1305692 1308483 1310731 1311372 1315239 1316432 1317689 1320349 1322856 1325432 1326518 1332394 1333063 1335673 1337165 1338322 1338994 1342534 1343665 1345165 1346636 1349351 1351743 1353459 1354382 1355399 1358519 1360902 1363285 1365397 1366852 1369429 1371480 1372835 1376030 1377538 1378766 1384291 1386893 1387888 1388389 1390192 1391783 1398219 1399270 1401635 1402383 1405258 1407684 1408257 1411216 1412667 1414749 1422394 1424360 1425514 1426368 1427467 1428649 1430551 1431273 1432285 1433121 1437628 1439286 1441402 1442665 1444476 1447071 1448692 1449559 1450448 1451821 1457678 1460304 1462999 1464758 1466220 1468764 1470244 1470974 1474121 1477207 1478019 1480372 1482020 1483117 1484109 1484932 1486311 1487250 1491109 1493897 1495340 1496742 1498867 1499859 1503159 1504787 1506519 1509338 1511139 1512463 1513478 1514718 1515861 1518704 1520477 1523393 1526683 1528478 1530062 1531874 1534376 1535306 1537523 1540142 1541937 1543607 1545266 1550170 1551876 1552812 1556254 1559770 1561038 1563493 1564191 1566596 1567331 1568407 1569610 1570581 1573348 1574038 1574856 1576962 1578849 1579903 1582615 1583980 1584981 1586612 1589057 1590818 1592081 1596250 1599964 1601445 1603992 1605902 1607295 1608650 1611426 1613533 1619091 1623149 1623956 1624671 1625952 1627128 1630648 1633399 1634757 1638378 1639147 1639993 1642346 1644363 1650661 1651953 1652945 1654580 1656809 1659390 1661278 1662858 1667630 1668913 1669916 1671649 1674519 1676202 1679207 1681101 1683236 1684195 1691746 1692734 1693527 1696198 1697184 1699143 1700579 1702912 1703976 1705955 1706655 1707371 1708642 1709570 1710601 1713197 1715209 1718965 1720189 1722448 1724192 1726641 1727562 1729597 1730570 1731836 1733813 1736207 1737429 1739598 1741775 1744142 1747402 1749182 1752505 1753597 1754643 1757277 1760519 1761436 1762843 1764646 1766862 1768017 1770320 1772314 1775309 1776464 1778153 1779009 1780961 1782036 1784247 1792861 1796557 1797578 1798392 1802365 1805429 1807062 1808259 1814760 1816488 1817744 1821793 1824340 1825580 1826789 1830381 1835049 1836315 1837332 1839582 1840931 1843233 1846273 1847094 1848417 1849663 1852055 1853432 1856977 1859383 1861264 1863069 1864684 1869859 1870890 1872442 1872948 1873660 1874833 1877041 1878168 1881422 1884117 1886290 1887061 1888435 1889680 1890431 1896934 1899865 1901334 1902712 1908053 1909051 1912572 1913549 1916014 1917280 1920306 1922022 1926843 1929333 1931977 1933813 1935536 1936515 1938707 1940374 1942272 1944974 1945716 1948459 1949482 1951496 1952982 1956308 1959810 1960777 1962060 1964610 1966588 1974985 1975839 1980978 1982206 1983341 1986323 1988341 1990133 1993210 1995990 1997570 1998344 1999270 2000679 2002303 2003981 2007473 2008715 2012289 2013114 2017683 2022499 2024180 2025954 2028205 2029671 2032914 2035397 2036204 2038106 2042455 2048613 2051732 2053088 2054052 2055009 2056945 2057911 2060238 2062387 2064580 2066468 2067028 2072803 2073702 2079004 2081484 2083074 2084809 2086973 2089260 2090845 2092675 2097461 2101544 2103608 2104831 2107011 2109842 2113374 2115545 2116943 2118848 2122949 2125363 2130068 2132128 2135186 2136755 2137985 2139153 2142523 2147206 2148940 2150482 2151265 2153482 2157244 2158442 2160251 2165584 2167264 2169669 2172245 2175241 2178011 2183041 2184244 2185547 2187668 2189626 2191986 2193560 2194601 2196963 2197655 2198219 2202614 2205087 2206667 2208107 2211375 2213715 2218221 2218991 2219774 2221199 2222145 2223154 2225332 2228270 2230080 2231911 2234205 2235676 2237231 2238833 2240527 2242241 2244339 2245399 2247576 2248550 2251014 2252546 2254107 2257503 2258060 2260390 2263136 2266276 2268073 2270633 2271505 2274716 2278290 2281328 2282230 2286039 2289124 2296695 2298046 2299483 2302482 2304516 2307363 2310834 2312162 2317347 2319721 2321510 2323217 2325281 2325937 2331165 2334063 2335500 2336983 2338116 2340817 2345557 2346422 2347524 2348631 2353795 2354549 2356418 2358348 2360217 2361088 2362210 2363498 2364726 2366876 2367817 2370615 2371872 2372703 2376942 2382929 2385635 2386663 2388097 2389403 2391331 2393221 2394787 2396104 2397432 2400645 2403634 2408055 2410232 2414849 2418080 2419000 2424842 2426968 2435757 2437220 2441558 2442371 2447003 2448287 2449623 2450500 2453148 2453881 2456059 2457810 2459834 2460577 2461496 2462894 2465266 2466218 2467211 2469803 2476536 2477844 2479119 2480779 2482318 2484802 2485367 2486610 2487961 2489383 2490348 2491413 2492654 2495029 2497534 2499433 2500873 2501959 2502692 2503939 2505555 2507435 2509112 2510017 2511548 2513950 2515460 2517658 2519918 2527548 2529365 2530539 2532769 2534540 2536413 2537530 2539945 2542096 2544526 2547539 2549525 2550489 2552183 2554594 2555762 2556742 2560029 2562005 2563112 2564263 2566742 2568047 2574373 2577748 2580035 2580964 2583935 2584891 2585788 2588457 2589364 2591304 2592486 2594377 2597582 2600045 2601250 2602581 2603821 2604522 2607887 2610109 2610839 2612243 2613087 2614350 2616524 2617407 2621127 2624825 2627583 2629904 2631361 2632876 2634368 2636233 2637312 2639073 2641919 2643045 2647860 2650000 2650774 2652999 2655932 2659479 2661468 2662276 2663825 2664865 2666818 2669178 2670318 2675294 2678764 2681834 2683205 2685238 2686497 2687811 2688775 2689861 2691633 2693774 2695283 2696295 2698335 2699038 2703376 2704975 2707825 2709447 2710100 2711887 2712774 2715412 2717285 2720011 2726017 2726864 2729337 2732089 2733210 2734357 2735094 2736670 2739082 2741390 2742339 2744850 2747577 2751614 2753161 2755291 2756181 2757742 2759265 2761204 2762372 2763475 2766718 2772347 2777814 2780307 2780892 2787915 2792616 2794364 2797547 2799682 2801977 2805227 2811180 2812161 2813233 2818269 2819348 2822791 2826144 2827665 2828962 2829964 2832283 2833074 2836635 2839563 2841195 2842066 2844890 2846757 2848166 2849179 2850314 2851846 2853700 2856188 2861625 2862864 2863924 2865221 2866588 2868939 2870166 2874859 2877475 2879047 2880189 2882890 2885424 2887752 2889278 2892334 2894047 2895139 2896183 2897385 2898773 2901897 2908996 2909825 2913915 2915668 2917229 2919318 2921113 2922608 2923559 2925926 2928970 2930163 2931518 2932431 2933477 2936486 2941336 2942237 2943998 2945388 2946205 2947745 2949723 2950522 2951594 2953828 2955667 2956422 2957732 2958922 2960421 2961386 2963413 2964745 2965929 2969035 2970113 2972989 2973985 2976097 2976997 2977721 2979150 2980366 2981723 2983930 2985601 2986606 2988494 2990231 2994980 2996305 2999687 3000678 3005070 3006352 3009308 3013540 3014859 3019435 3022427 3026226 3027671 3029594 3031529 3033589 3035816 3038854 3040956 3043074 3046397 3048653 3049801 3052508 3054657 3056892 3057855 3058873 3059741 3060752 3063312 3064925 3070019 3071464 3073219 3075931 3081451 3082267 3083979 3085367 3086427 3088301 3090586 3092808 3094822 3098551 3100649 3102789 3105199 3106229 3108084 3110644 3113901 3117294 3118925 3127010 3131178 3132921 3136476 3138319 3139156 3140687 3142027 3143742 3145443 3148117 3149054 3149888 3151890 3153080 3154349 3155677 3156810 3157777 3162734 3164000 3165959 3167105 3168430 3170292 3171798 3175277 3176914 3178154 3182486 3185025 3187611 3189863 3191333 3192818 3194527 3195185 3196850 3198280 3200477 3203785 3206754 3207529 3210349 3212590 3213651 3215373 3216345 3219431 3220814 3222053 3223788 3225315 3226348 3231183 3237743 3240107 3242421 3243616 3245436 3247104 3248153 3248964 3250828 3252008 3254142 3256660 3258683 3259479 3260400 3261337 3262905 3266353 3267280 3267852 3269726 3270668 3271634 3272492 3274125 3276061 3279849 3282086 3283527 3285591 3286815 3288131 3288984 3290941 3291953 3293564 3295675 3297302 3299872 3301612 3303752 3307044 3307771 3312345 3313288 3315970 3317282 3319100 3320594 3322016 3323249 3323882 3327513 3328514 3331024 3333143 3335275 3335971 3341850 3343451 3349350 3351178 3352233 3354161 3357898 3359037 3360541 3361889 3363200 3364967 3366666 3369500 3371380 3372588 3374061 3376132 3377866 3380314 3381874 3383820 3387089 3388790 3391403 3394370 3395373 3396966 3397936 3402047 3406204 3409556 3413073 3414098 3417611 3421883 3422970 3424538 3427449 3429113 3430595 3431942 3438183 3442207 3445178 3446517 3448164 3448996 3450587 3453514 3454690 3459992 3461563 3467375 3471072 3472821 3473855 3474644 3475718 3478949 3480918 3484428 3486349 3488028 3491669 3495543 3497858 3500397 3502900 3504619 3506468 3507660 3508531 3511054 3515500 3518673 3520596 3524855 3526716 3527602 3531645 3532951 3539583 3541217 3542793 3544050 3547608 3552003 3553150 3553907 3555082 3556472 3557446 3559110 3562640 3563745 3565894 3566847 3569222 3573585 3580389 3583788 3585471 3587064 3588912 3591025 3595135 3597790 3602349 3604417 3608179 3612932 3613574 3616155 3616908 3618801 3621049 3622756 3623722 3624855 3630117 3631125 3631924 3633444 3635080 3635972 3639689 3640757 3641860 3643637 3647640 3650241 3651600 3653307 3655004 3658088 3659774 3662624 3665840 3668372 3671264 3673541 3675479 3677339 3679473 3680880 3682651 3685035 3687739 3688773 3691661 3693506 3697546 3700265 3701786 3703548 3705647 3708009 3708677 3710712 3723708 3724534 3726280 3727228 3731608 3733342 3734381 3735603 3737214 3740295 3743957 3747973 3752113 3753961 3755273 3756744 3759495 3763934 3765093 3766172 3767888 3770962 3772048 3773325 3778751 3779969 3781971 3783107 3785872 3786804 3788719 3790640 3792169 3795285 3796205 3798737 3800652 3802161 3804275 3805250 3806328 3807801 3809414 3810324 3811430 3812510 3813803 3816027 3817877 3822245 3824724 3826453 3827787 3830297 3832370 3837155 3840716 3844193 3844974 3846171 3847483 3849751 3850814 3852226 3853325 3854659 3856994 3859983 3861142 3865180 3866885 3869607 3874263 3875115 3878452 3880570 3883169 3884523 3885369 3887075 3888149 3893696 3895827 3897234 3902813 3906598 3911488 3912946 3913994 3918307 3920709 3923084 3924183 3926482 3927452 3928628 3929509 3930749 3932539 3936777 3938170 3941741 3942759 3944920 3946747 3948255 3949618 3952501 3954328 3955674 3957348 3958110 3958990 3962025 3966750 3968600 3969720 3970634 3971414 3974256 3975428 3976537 3978034 3979487 3981489 3985756 3988545 3990141 3991111 3992632 3995883 3998155 3999329 4001567 4002922 4006681 4007512 4011058 4012294 4013982 4017129 4018795 4020240 4024292 4025267 4026192 4027404 4030078 4032244 4035631 4038411 4040433 4041864 4042848 4047953 4049035 4050230 4059354 4060285 4061643 4063241 4064232 4066516 4067672 4070207 4073423 4074442 4076040 4078423 4079336 4082027 4082832 4084639 4088098 4090364 4091245 4092729 4093700 4094731 4096677 4097837 4101043 4102216 4105774 4108331 4111310 4115570 4116422 4118721 4120806 4122707 4124438 4126047 4127064 4127933 4131397 4132235 4133388 4135000 4136593 4137583 4138718 4140286 4141874 4144562 4145374 4146856 4148700 4149637 4150619 4152228 4159393 4161355 4163940 4165556 4168709 4170017 4171740 4172962 4176271 4180781 4182350 4183250 4184299 4185292 4188391 4190219 4193770 4194836 4198139 4199841 4201641 4202962 4204052 4205566 4207742 4209425 4211244 4211970 4213624 4215534 4217969 4222416 4223462 4227291 4229724 4231580 4232677 4233794 4238230 4239307 4243361 4244661 4246416 4248670 4250079 4251659 4254589 4255282 4256213 4261102 4267159 4268197 4269322 4270571 4271985 4277217 4279225 4280113 4282182 4283076 4284997 4287275 4291520 4293447 4294714 4295930 4296816 4298983 4301296 4302069 4304286 4305776 4308202 4310236 4312075 4313264 4317195 4318519 4320548 4321838 4323507 4325303 4326727 4328060 4328979 4330132 4331506 4336253 4337561 4339852 4341231 4341942 4342942 4345734 4346724 4348172 4349718 4351683 4353001 4354001 4355074 4357263 4358190 4359292 4360363 4362309 4363757 4367909 4373113 4374456 4378898 4381056 4382354 4387758 4388836 4390040 4391741 4394133 4395282 4396795 4400063 4401273 4402305 4403083 4407614 4410537 4414412 4415663 4416895 4418210 4419482 4421196 4423186 4427583 4428218 4430799 4432281 4433891 4436511 4440092 4441871 4443191 4444446 4445897 4448045 4449521 4450804 4452095 4456260 4457486 4458138 4462284 4466581 4467371 4468744 4471692 4473090 4474643 4475974 4476976 4478003 4479581 4480302 4481509 4485826 4487599 4488362 4490124 4493005 4495037 4499576 4500227 4501693 4509891 4511763 4513487 4514329 4514955 4516131 4519324 4520190 4521546 4522524 4523459 4524762 4526362 4530128 4532943 4534377 4540124 4540971 4542199 4543410 4545762 4546625 4548727 4549604 4552839 4554187 4557113 4561699 4563744 4569793 4570971 4572067 4575781 4577041 4578940 4583078 4584735 4586908 4588383 4589741 4591672 4592885 4593721 4597157 4599215 4600094 4603526 4606008 4606658 4608672 4610701 4611797 4617277 4619423 4621139 4622223 4623281 4624694 4632920 4635155 4636734 4639968 4640892 4644860 4646112 4647769 4649377 4652673 4654392 4655764 4657883 4659452 4660446 4661809 4662730 4664315 4665764 4667849 4669211 4672913 4673692 4675112 4676045 4678524 4679347 4680723 4684768 4691941 4694618 4696256 4698619 4701196 4702042 4703618 4705754 4708784 4709737 4712167 4714478 4717055 4718485 4719421 4727568 4730116 4732966 4734034 4737518 4739440 4741352 4742827 4745095 4747155 4748487 4751755 4754508 4755659 4756683 4757417 4758441 4759434 4760732 4763023 4763967 4767128 4769632 4772615 4776828 4778309 4778988 4784174 4788071 4789747 4791596 4792413 4793442 4794035 4795392 4796144 4797489 4799558 4802689 4804736 4805376 4806556 4810708 4812355 4815182 4818230 4819324 4822622 4823358 4827822 4829864 4831082 4833261 4833961 4835331 4837870 4840736 4841615 4844749 4845502 4847630 4850472 4851251 4853995 4856087 4857297 4863650 4865811 4871774 4873046 4873960 4875163 4877188 4881020 4882120 4883622 4886954 4889855 4891487 4892709 4895137 4897019 4897730 4899618 4900395 4901450 4902235 4905471 4907182 4908926 4910239 4912783 4915440 4917667 4919439 4921781 4923173 4926452 4927742 4931250 4933740 4935883 4937531 4938183 4939019 4944144 4952104 4953482 4960953 4962702 4964359 4969295 4971203 4972725 4974356 4976698 4978100 4980716 4981524 4982498 4985678 4987315 4988471 4989501 4991849 4993596 4995007 4996721 4998215 5000488 5001400 5003074 5004252 5005578 5006623 5008720 5013277 5015204 5021722 5023370 5025054 5026326 5030120 5031388 5033475 5034385 5040457 5042412 5043594 5044369 5045141 5046859 5048338 5049693 5051434 5052583 5055100 5057229 5060174 5061556 5066002 5067509 5068609 5070592 5071538 5073246 5074300 5076826 5079444 5080354 5084206 5086402 5087302 5091072 5093828 5096482 5100119 5101649 5102589 5104389 5106952 5109364 5110774 5112564 5116095 5117120 5118494 5119736 5122856 5125341 5128029 5128891 5131417 5132904 5136972 5142957 5143957 5145117 5146107 5147401 5148442 5149657 5152358 5153385 5155289 5157612 5161533 5167132 5168817 5171247 5173418 5174385 5176374 5177100 5179014 5180142 5183032 5184742 5188044 5188781 5192267 5193496 5196262 5197169 5198307 5201924 5205288 5207368 5207980 5210684 5212363 5214905 5215936 5222354 5223662 5225161 5227934 5228607 5231455 5233341 5234469 5235603 5236761 5237964 5239027 5240136 5241323 5242954 5244836 5245777 5247992 5249423 5250426 5252198 5256451 5257355 5261453 5262450 5263497 5265273 5266723 5268276 5269847 5271401 5274093 5275271 5276537 5277432 5278437 5281621 5282924 5284484 5285149 5286014 5289315 5292683 5294262 5295029 5299121 5301431 5303643 5304680 5305824 5307078 5308529 5310044 5311077 5315193 5316868 5318816 5319861 5324186 5325520 5327423 5328517 5330080 5331610 5335151 5336731 5339481 5341736 5345653 5348355 5350366 5352395 5353991 5354844 5356359 5360085 5362168 5364834 5370237 5371438 5373545 5378321 5381572 5382938 5383800 5384897 5386999 5388784 5390102 5391123 5392862 5394183 5394754 5396270 5397148 5400885 5403814 5404917 5406045 5408081 5409503 5411344 5414616 5416808 5417847 5422837 5424255 5426732 5428654 5429931 5430849 5434172 5435526 5437367 5441925 5443137 5444384 5445307 5449245 5451101 5452651 5453866 5457574 5460308 5462095 5463542 5464941 5466548 5468341 5469751 5472123 5475413 5476981 5478325 5479860 5480691 5481793 5483460 5485632 5488638 5491236 5493424 5495524 5498214 5506438 5508097 5509484 5511822 5513223 5517137 5518157 5523313 5524472 5528720 5530182 5531638 5534268 5536096 5537481 5538865 5541391 5544298 5545579 5546448 5549094 5552189 5556141 5558238 5559396 5562535 5563797 5567866 5569156 5572886 5576759 5578051 5581061 5582086 5583604 5587585 5594087 5595661 5596591 5597288 5599684 5602606 5604254 5605703 5606771 5610318 5612951 5614934 5616174 5617981 5618667 5624354 5626139 5627974 5629721 5631097 5633108 5634063 5634984 5637056 5638420 5639332 5640317 5641318 5642503 5643252 5646311 5648526 5650527 5652535 5653338 5655118 5656431 5657465 5658232 5658970 5660172 5663557 5664835 5666927 5668191 5669805 5671816 5673038 5675381 5677403 5679924 5681238 5685041 5685999 5688224 5689165 5690936 5696784 5699232 5700988 5701903 5704130 5705491 5707725 5711520 5712064 5712721 5713660 5716227 5718674 5720498 5721578 5725115 5726029 5728380 5730544 5733544 5735269 5736233 5738311 5739422 5741895 5745707 5747466 5750458 5752421 5754000 5756017 5759598 5760606 5764060 5766529 5768742 5773181 5774384 5775121 5778160 5779902 5785166 5786102 5788277 5789890 5790563 5791704 5793098 5794651 5797917 5799300 5800740 5801769 5810035 5814133 5815222 5816894 5818900 5819696 5821558 5823486 5824570 5829694 5830525 5831851 5835086 5840601 5841886 5843827 5844976 5846279 5850385 5851328 5852794 5854394 5856109 5857263 5858779 5860814 5861755 5862749 5864310 5868051 5868574 5869960 5870806 5871422 5872113 5875389 5877669 5881744 5882611 5883569 5884361 5886128 5887438 5894239 5895282 5897152 5899343 5900860 5902392 5903976 5904933 5906982 5908773 5910020 5912077 5913930 5915879 5917795 5919304 5920601 5924543 5926426 5929593 5930497 5933912 5935833 5941719 5942518 5944117 5946594 5948774 5950229 5953129 5954695 5960267 5962612 5964138 5965240 5968252 5969476 5970614 5974940 5976203 5978631 5981727 5983118 5986544 5987399 5988982 5990240 5994963 5996147 5998791 6001201 6002161 6003325 6004616 6005726 6010256 6014890 6015634 6018350 6019694 6021256 6022326 6026009 6027995 6029317 6033269 6034469 6036015 6044888 6045646 6046847 6047985 6049076 6052865 6056880 6058933 6061844 6063302 6066203 6067453 6069728 6070840 6072190 6073201 6074533 6075801 6078033 6081170 6082039 6085536 6086719 6089528 6090440 6092352 6098549 6102816 6103815 6107151 6108342 6111517 6112604 6114281 6116549 6118316 6123129 6124809 6126900 6131392 6133488 6136254 6137664 6141274 6142413 6143564 6144839 6147220 6148681 6150674 6154712 6155758 6157439 6159816 6162839 6164862 6168131 6173867 6174763 6176308 6178004 6180477 6183160 6184613 6185302 6187898 6189399 6193115 6195604 6198092 6199058 6200847 6202914 6204272 6205160 6207266 6208236 6210017 6212024 6212857 6214997 6216273 6217383 6219500 6224345 6227934 6231002 6231970 6233215 6235265 6239241 6241157 6242179 6247870 6249080 6249906 6252211 6254118 6255048 6258020 6258839 6259742 6260900 6262018 6263679 6264796 6266518 6269533 6271222 6273687 6274400 6276478 6277701 6279237 6281372 6285803 6286631 6288194 6291162 6296255 6299136 6300474 6302443 6304262 6306742 6307728 6312419 6313468 6317572 6318823 6320344 6322899 6326323 6329059 6330507 6335990 6338134 6339060 6340102 6348711 6351490 6352656 6356525 6358083 6359227 6360933 6363718 6364727 6365538 6366715 6367690 6369382 6371743 6374450 6379530 6381908 6383781 6386386 6388289 6389317 6391728 6395710 6398002 6399297 6401872 6402818 6404142 6406453 6408834 6411807 6415247 6420096 6423207 6426065 6428858 6429931 6431032 6432788 6433657 6435511 6438673 6439983 6441474 6444790 6445540 6446495 6450620 6452467 6455846 6456705 6460346 6463182 6464768 6466801 6467643 6469314 6470751 6472131 6474893 6479567 6486122 6487597 6489108 6491913 6493320 6494856 6496351 6497268 6498513 6502704 6503938 6505817 6506564 6508234 6511041 6512317 6514351 6519775 6520532 6522507 6523923 6524778 6526772 6529532 6531661 6533478 6534269 6535999 6537458 6538909 6540164 6543620 6544345 6545867 6546961 6548523 6550197 6551255 6552724 6554142 6555436 6559144 6560945 6562643 6563607 6564624 6565766 6566642 6570771 6572611 6573677 6575537 6577197 6578565 6583290 6584550 6585929 6586753 6588486 6589878 6590999 6592838 6597268 6598995 6600825 6601663 6602510 6603864 6606440 6607306 6609163 6610319 6617722 6620286 6622943 6624109 6625911 6627248 6628998 6630410 6631619 6633612 6634514 6635875 6636706 6640768 6642167 6643803 6645744 6647399 6648188 6650736 6654888 6656502 6657159 6658658 6660440 6661500 6662695 6663483 6664766 6667494 6668898 6671010 6673990 6675797 6677990 6679360 6684150 6686113 6687962 6690363 6691390 6693196 6694213 6696355 6697190 6697809 6699235 6700291 6701093 6703327 6704510 6706680 6707690 6711065 6712500 6713764 6715043 6721415 6723439 6726358 6728235 6731031 6733762 6735138 6737425 6738232 6740107 6741463 6743746 6745177 6746784 6748093 6749081 6749849 6752566 6757858 6761397 6762560 6766728 6768492 6770459 6772134 6772915 6774794 6776884 6777883 6780207 6781927 6783939 6785766 6786760 6790951 6792969 6793973 6797329 6799186 6801141 6806059 6807594 6808476 6811089 6813743 6814925 6816227 6817845 6819486 6825112 6825871 6834233 6836561 6837773 6840759 6841411 6842633 6843612 6844470 6845697 6849791 6853100 6854649 6856531 6857428 6861145 6861831 6862858 6864305 6867082 6869436 6870877 6876660 6877579 6879798 6881013 6883922 6885399 6887790 6889345 6890780 6891734 6893683 6894957 6896011 6897507 6898516 6899221 6901807 6905256 6907447 6910415 6913105 6914609 6916151 6917106 6918430 6919705 6921959 6925023 6926301 6927938 6929171 6930488 6931274 6932771 6935625 6936692 6938156 6941312 6942269 6944703 6945441 6947567 6948798 6950531 6951188 6952967 6955184 6956208 6957218 6958785 6960492 6962745 6964195 6966734 6969161 6972839 6973691 6975095 6975951 6978486 6980012 6980976 6982492 6984135 6987098 6990956 6993078 6994396 6996090 6999034 7001847 7002580 7004805 7006964 7008162 7009060 7010568 7011234 7014410 7015376 7019403 7021053 7022393 7025486 7027632 7028861 7030034 7035547 7037355 7040118 7045928 7047688 7050378 7051199 7052314 7056272 7059937 7068165 7069409 7075765 7077862 7081147 7082302 7086118 7088205 7090128 7091718 7092915 7095903 7096776 7098752 7100782 7103841 7104795 7106144 7107991 7108827 7111291 7114855 7115576 7116649 7118494 7120426 7121623 7123850 7127494 7129527 7130365 7131826 7134360 7135690 7138193 7139007 7140393 7141823 7144167 7146431 7147298 7148394 7151346 7152532 7154267 7157290 7158797 7159573 7160518 7161652 7163723 7165305 7166712 7168603 7169894 7173604 7176463 7177527 7178839 7179997 7181939 7183215 7186743 7189018 7191484 7192348 7195139 7196775 7199393 7202105 7203427 7205051 7206262 7208622 7212692 7215036 7216545 7219547 7221642 7228697 7229651 7231452 7233153 7234702 7237563 7238953 7240802 7242523 7247052 7249818 7253526 7254766 7258710 7259793 7260724 7262236 7263188 7265933 7270503 7271456 7275117 7276270 7278261 7281888 7282984 7283984 7285124 7286451 7288003 7289876 7291537 7296391 7298699 7299463 7304103 7307341 7311479 7312460 7313663 7316353 7321095 7323791 7327153 7329280 7330358 7331554 7332513 7333231 7335657 7336791 7337828 7342658 7344500 7346020 7347586 7350400 7352274 7353017 7354739 7356416 7357988 7359957 7361534 7365580 7366737 7369188 7370040 7370997 7372203 7372886 7375129 7376314 7377326 7378403 7382548 7386626 7389672 7390595 7392520 7395137 7396446 7398420 7400014 7401480 7402776 7404023 7406163 7408648 7409721 7411488 7413879 7416544 7417376 7418966 7419939 7421222 7422925 7423853 7426868 7429560 7431449 7434401 7436965 7438123 7440315 7442831 7444450 7445905 7447273 7449706 7452019 7454847 7456281 7457726 7459029 7460024 7461587 7463587 7464439 7465350 7466434 7467710 7469419 7470494 7471705 7473657 7475707 7476781 7479718 7482252 7484739 7486998 7487886 7489598 7490968 7493503 7494433 7495597 7502716 7504965 7507643 7508877 7512203 7515845 7519988 7521137 7523160 7524443 7525605 7526369 7530633 7531739 7533595 7535863 7537839 7541667 7544098 7546048 7547757 7549685 7551269 7552628 7554381 7556232 7557434 7561039 7562641 7566344 7568030 7573095 7574464 7576372 7579106 7582553 7583796 7584909 7585827 7587411 7591465 7592909 7596409 7597073 7599644 7602397 7603050 7604792 7607889 7610783 7614185 7614868 7616169 7619202 7620761 7621799 7623174 7624610 7625467 7630027 7631734 7636132 7637331 7639469 7640896 7641807 7642667 7648492 7650942 7653808 7654860 7655908 7659027 7659798 7660721 7664731 7667446 7668646 7669568 7672883 7675415 7677576 7679337 7681082 7685138 7686615 7688678 7690177 7691429 7694638 7698891 7699736 7704518 7706252 7709642 7711847 7713717 7715777 7716829 7718437 7719323 7721256 7723008 7723970 7726135 7730689 7731794 7733119 7734270 7735159 7738555 7740706 7744479 7747997 7749432 7752591 7755069 7758994 7760206 7761888 7764482 7765688 7769247 7770518 7774047 7775731 7776650 7778553 7781865 7783512 7786765 7787794 7789466 7790869 7792147 7793249 7795824 7797050 7798842 7799754 7800599 7802589 7803792 7807359 7808008 7811649 7815273 7816333 7818838 7821263 7823649 7826280 7829557 7831486 7833753 7836644 7838550 7839777 7840621 7845141 7846831 7848109 7851033 7851999 7852864 7853648 7854432 7856799 7861823 7863695 7864946 7866319 7868056 7869901 7872136 7873713 7876838 7879178 7880746 7882165 7883590 7884964 7887603 7888568 7892102 7895098 7896345 7905994 7908340 7909588 7911739 7912442 7913606 7919178 7920599 7924010 7925280 7926407 7927274 7928119 7930488 7931986 7933599 7934599 7935799 7938068 7939481 7940285 7940805 7942484 7944143 7946269 7949474 7951612 7952958 7954006 7955289 7956710 7957939 7966687 7969219 7974631 7976856 7977580 7978956 7980908 7982461 7983744 7984344 7986140 7987419 7988631 7989608 7992072 7993027 7994367 7995932 8000619 8003776 8005640 8007110 8008632 8011076 8016674 8017806 8019358 8021566 8023326 8024473 8025188 8026738 8028162 8030216 8030908 8032863 8033898 8034889 8036236 8038036 8042394 8044110 8044875 8046230 8052318 8053924 8056026 8057715 8059870 8061370 8068816 8069799 8072278 8075598 8076263 8079036 8080585 8082030 8084816 8085700 8088441 8089509 8092342 8094873 8096358 8097704 8101207 8102905 8105769 8107352 8109228 8112372 8115030 8120222 8120876 8123869 8124620 8126088 8126887 8128189 8134362 8135293 8138413 8139487 8140779 8143187 8146190 8147733 8150070 8151731 8154679 8155781 8157169 8159334 8160746 8162481 8164840 8167479 8169154 8170098 8173605 8174939 8176421 8177794 8178983 8180871 8183042 8185909 8187062 8189031 8190773 8191628 8192488 8194150 8195035 8198936 8200179 8201365 8203269 8205117 8208479 8212086 8213723 8221424 8222228 8223933 8226243 8227445 8228773 8231273 8233427 8234556 8235945 8237635 8238816 8240399 8241402 8243891 8246837 8247353 8249286 8254677 8255978 8260359 8261482 8265894 8266969 8268961 8270346 8272454 8273187 8278121 8280391 8281224 8282545 8284749 8288089 8289313 8291054 8292203 8293183 8294996 8296250 8298674 8299320 8302014 8303207 8304985 8311261 8313565 8314843 8316196 8319516 8322578 8324123 8328024 8328823 8329838 8331701 8336607 8339331 8341654 8343528 8348226 8349839 8351355 8354888 8360502 8362289 8364076 8368296 8371463 8372783 8374028 8375566 8377580 8379348 8380952 8389826 8391864 8393041 8394994 8397490 8399357 8400412 8401682 8402475 8406241 8407075 8408047 8409235 8412039 8413918 8421546 8423812 8424830 8427055 8428093 8429995 8431700 8432653 8433897 8435722 8440642 8442017 8443366 8448679 8451573 8455008 8456161 8461030 8464606 8466264 8467337 8472216 8473649 8475315 8476908 8477759 8483974 8484954 8489038 8490261 8491537 8494675 8495812 8497501 8501305 8502184 8505130 8506422 8509445 8511173 8512525 8513554 8515389 8516227 8518740 8520229 8521125 8524286 8528220 8532931 8535756 8540010 8542038 8543114 8544766 8548817 8553104 8559692 8561597 8563690 8564297 8566222 8567907 8569971 8573245 8575459 8576619 8577607 8581447 8587486 8588847 8590640 8592133 8594969 8595880 8597322 8598299 8601332 8602445 8603870 8605354 8607041 8608986 8610040 8611456 8612500 8617885 8620797 8621557 8623126 8626615 8628865 8630004 8632380 8633438 8634395 8636425 8637797 8639146 8643390 8647494 8648677 8649797 8653576 8655947 8657084 8658024 8660055 8662982 8664458 8665930 8667354 8670841 8674108 8676832 8678002 8678879 8679934 8683273 8685240 8686062 8689774 8690560 8694997 8697493 8699005 8707504 8710638 8712102 8718865 8720434 8721712 8723635 8724768 8725694 8731602 8733410 8736104 8737992 8739238 8740936 8743956 8745551 8746610 8747940 8748527 8750947 8751978 8753277 8754457 8756826 8758821 8759489 8762291 8764268 8765813 8767194 8768371 8770728 8772490 8773315 8774668 8776499 8777900 8779606 8781146 8781905 8784889 8785961 8787275 8788539 8791824 8793065 8795382 8798235 8799800 8800726 8802245 8807770 8809411 8811337 8812879 8813791 8814676 8816038 8820668 8822611 8825609 8827615 8829736 8830687 8833604 8835113 8837823 8841044 8843426 8846431 8847752 8851411 8852278 8853087 8854227 8856709 8858110 8859087 8860490 8862140 8863681 8864137 8867658 8870747 8876295 8877175 8880419 8881857 8885080 8886062 8887400 8888883 8890417 8891570 8893905 8896363 8897306 8898395 8901530 8905285 8906207 8909003 8915417 8916367 8917451 8918364 8924950 8931980 8933100 8936100 8939827 8941505 8943459 8944571 8945849 8947667 8950827 8952136 8952986 8953618 8954985 8959131 8960725 8961461 8962749 8965545 8966797 8967719 8969480 8972284 8974848 8980144 8981301 8983666 8984685 8985403 8986222 8987791 8990393 8991994 8995436 8996775 8997856 8998936 9000906 9001970 9002739 9004708 9007059 9010317 9011416 9013755 9020643 9022191 9023379 9025942 9027540 9030853 9032894 9033857 9036788 9038086 9038826 9039600 9041054 9041821 9043082 9046020 9047461 9049692 9050734 9053026 9055519 9062080 9065138 9066448 9071720 9074564 9075895 9077059 9077967 9080721 9081409 9086717 9091554 9093338 9094828 9096726 9098623 9100450 9101503 9102635 9103685 9105045 9106665 9107737 9108704 9109710 9114135 9115878 9117126 9117761 9119798 9120955 9122608 9124761 9127562 9132453 9135527 9137010 9137620 9138966 9141458 9142600 9144423 9147003 9148801 9149873 9151194 9151937 9156262 9157285 9159493 9161186 9163658 9166415 9169484 9172774 9175166 9177302 9180537 9190022 9192885 9194834 9195597 9197500 9198311 9199093 9202344 9204057 9204950 9207285 9211382 9212293 9213009 9214406 9215834 9218493 9220054 9221898 9222835 9223601 9225922 9227357 9228244 9232229 9234857 9236152 9237659 9240435 9242591 9245628 9246797 9248599 9250199 9255319 9256777 9257587 9262462 9265082 9268532 9271046 9275578 9278441 9280534 9287742 9292388 9295755 9297557 9298951 9299966 9306387 9309478 9310247 9311852 9313006 9317290 9319318 9320674 9321437 9324025 9327035 9329842 9331498 9332433 9334536 9336463 9339015 9339865 9341887 9343355 9343985 9346735 9347605 9349427 9353438 9356540 9358872 9362188 9365156 9366027 9367025 9368271 9369583 9372112 9373608 9376034 9376854 9380043 9383374 9384232 9385060 9387357 9388439 9394256 9395830 9397649 9399825 9401514 9402796 9403878 9404573 9405520 9407493 9409138 9411742 9414311 9415423 9421018 9422308 9422749 9424507 9428472 9429883 9431021 9433795 9434569 9435499 9441632 9444365 9451165 9452073 9454783 9458556 9459768 9461550 9463595 9467068 9468563 9469581 9470820 9473082 9475018 9478111 9482224 9485410 9488845 9490877 9491547 9493100 9493980 9495638 9499817 9501042 9501996 9503315 9504174 9507939 9511049 9512509 9513944 9514840 9516761 9520371 9521772 9525781 9532565 9536778 9537621 9538439 9540425 9542896 9545000 9545703 9546940 9550881 9551697 9554203 9561192 9562729 9565894 9568264 9570131 9571716 9573222 9575481 9576175 9577452 9578547 9580413 9584758 9590153 9591606 9593407 9594223 9596771 9599876 9601874 9606238 9607320 9610134 9610703 9611459 9612360 9616884 9619901 9621886 9623843 9625010 9628306 9629126 9629908 9631221 9633060 9634743 9637105 9638214 9639849 9641103 9644284 9650418 9651201 9653911 9657291 9658821 9659845 9661641 9662245 9665082 9665820 9667956 9668665 9669660 9674453 9675637 9679913 9680953 9681964 9685786 9687302 9688272 9689726 9690620 9691529 9692887 9694355 9696746 9698074 9700479 9702113 9706031 9707328 9708641 9709744 9711949 9713087 9715378 9716480 9718978 9722507 9725607 9727219 9729350 9735099 9738877 9741191 9742801 9743835 9745403 9747159 9747811 9748591 9749170 9750507 9752522 9754554 9759615 9762076 9765727 9768113 9770555 9771830 9775242 9778668 9780980 9782096 9783910 9785135 9786131 9789046 9790798 9794569 9796621 9798580 9800414 9801535 9804462 9806540 9807809 9809094 9811932 9813571 9816925 9821684 9823266 9824689 9830955 9833314 9838589 9839868 9840965 9842079 9844249 9845955 9847338 9849150 9850969 9852443 9853902 9858111 9861585 9864732 9865894 9868792 9869792 9872940 9874703 9876950 9878486 9881070 9883115 9885598 9886628 9887633 9888985 9890056 9891158 9892959 9894093 9895396 9899211 9902114 9903149 9904023 9906180 9907571 9909046 9910242 9911699 9915323 9916904 9918735 9922528 9924220 9925810 9926680 9927917 9928398 9931173 9933993 9935900 9936915 9938329 9939233 9941298 9942857 9945991 9948303 9949118 9952786 9958283 9959037 9963623 9966650 9968183 9969358 9971552 9974080 9975839 9977005 9979245 9984253 9985466 9991943 9993125 9994795 9996859 
</Matrix>
<Matrix name="Neuron_51" type="complete" rows="1" columns="327" multiplier="1.0">
   8080 36250 55308 124802 131185 165157 215065 217657 221408 387922 431143 453610 480432 482473 524476 563104 587225 636214 708132 779493 815519 835761 869673 880201 892885 937221 965968 991600 1023845 1039018 1043644 1077884 1094760 1152519 1156116 1170203 1201411 1203721 1215449 1277532 1288481 1291750 1316758 1358061 1375884 1433511 1472994 1496931 1499860 1535998 1554074 1564274 1579033 1658678 1686011 1759835 1765658 1819631 1824314 1842481 1844488 1859815 1920091 1958172 1976665 2140265 2157147 2160082 2162749 2174985 2208801 2232434 2260025 2262731 2278514 2280295 2287616 2324453 2341916 2482501 2491342 2554633 2573220 2608724 2641148 2665307 2700699 2742721 2751092 2754813 2758483 2920133 2960788 2963300 2974622 2996956 3018496 3083043 3096171 3126701 3187362 3220691 3223361 3267153 3268604 3321915 3369549 3412409 3435095 3436364 3442569 3443426 3457240 3477712 3487506 3501292 3527877 3531960 3570546 3573656 3575116 3585453 3636129 3673770 3701627 3736880 3744564 3750318 3795835 3848789 3869182 3923589 3935068 3982058 4007061 4108471 4115385 4119245 4128066 4130783 4163995 4255752 4257322 4280913 4308144 4325476 4544671 4594036 4596292 4624125 4683878 4690907 4745320 4754831 4816978 4839097 4841808 4844843 4925951 4985175 5037407 5043719 5059831 5078283 5147392 5185881 5200066 5205474 5234755 5245614 5247112 5254827 5338863 5468611 5472116 5490165 5609352 5629036 5716285 5765605 5778163 5781551 5787771 5799017 5839152 5876367 5889683 5912688 5928374 5967654 5981977 6023093 6028859 6033175 6067896 6084175 6087439 6099123 6130562 6145059 6158100 6163850 6180605 6200168 6207606 6214777 6251951 6283014 6298921 6306737 6372961 6427959 6444778 6490721 6653121 6663861 6668513 6750849 6831407 6841275 6854552 6872990 6889264 6937214 6961447 6985946 7003829 7045422 7058365 7096122 7098095 7124193 7145895 7165810 7192217 7222408 7267075 7279465 7298592 7305195 7332268 7409068 7422114 7437260 7458679 7502059 7510022 7513168 7574234 7582925 7662595 7671629 7744467 7819328 7826392 7827717 7847231 7857064 7859473 7863365 7877592 7932753 7954211 7992882 8010095 8066999 8111080 8204075 8240769 8247698 8273617 8276938 8341890 8385826 8400859 8478316 8489076 8499292 8529940 8532737 8586856 8621822 8641437 8663856 8814610 8825574 8847808 8890100 8943803 8973734 9009647 9030128 9055154 9063189 9109022 9122971 9157357 9167584 9200566 9206565 9218147 9248973 9267476 9282845 9302589 9335882 9360128 9449794 9459174 9466414 9502719 9525412 9534485 9537114 9591351 9597404 9614598 9721060 9732892 9737892 9749148 9809759 9865251 9935476 9947867 9959055 9964826 
</Matrix>
<Matrix name="Neuron_54" type="complete" rows="1" columns="2647" multiplier="1.0">
   732 8648 9600 14571 18939 27005 27947 33488 35853 37714 45137 47443 52988 57152 62853 67589 70473 73467 77728 81433 82544 87352 88873 90365 93970 99476 101607 103058 106789 108405 109933 113302 119895 124433 126295 131005 133472 137557 138435 143565 145137 146914 150251 151181 154696 156787 160709 162158 169012 170354 171232 178692 180829 181779 183145 186225 187888 189608 194602 197149 198440 200108 201327 208285 209602 215919 219283 227579 238702 240579 246346 249277 253562 263808 265550 267407 287086 288560 290645 293765 295506 296964 299845 303713 304942 306939 316172 328506 330099 332769 341953 343439 347031 347918 351302 356523 361353 367202 368586 377316 379189 379995 381154 382153 383698 387002 389137 393037 395132 396898 400575 402832 404013 406093 412339 414309 422417 425320 430678 438040 441667 446298 450967 454072 455981 457375 460984 464313 466558 468525 469920 471010 472126 474316 480269 484324 485406 486805 491136 496838 498037 505567 508832 517202 521840 523440 526229 533661 541250 547348 550492 552297 553796 556664 557253 559250 563797 566655 572292 578146 580883 581771 583732 586423 589017 593966 598001 599657 601836 605495 608452 612640 614607 617291 621563 638555 639713 656071 657585 661969 662996 664932 665942 666627 668759 676959 679756 681257 693880 695386 698298 700039 709297 716431 722154 730750 735963 737619 744148 748416 751016 758936 760101 764114 767115 768030 770161 772173 779045 780132 784608 787417 792526 795705 802692 803765 816139 817541 820962 825827 828764 830881 832517 835457 838357 845632 846989 849306 852216 855996 857785 860371 861599 864697 866806 869056 870090 872805 874862 891466 896983 901336 910250 911895 917354 920019 922734 926832 935235 936889 938741 942972 944955 947021 948910 951445 956803 961726 965631 971452 982513 986311 989342 991573 1005407 1007711 1008501 1013813 1015287 1016828 1024183 1028337 1030501 1033515 1035960 1044875 1050326 1053189 1054587 1057345 1062673 1066718 1069408 1073565 1074840 1078731 1082450 1086095 1087466 1090378 1092310 1095179 1096344 1099038 1101001 1108052 1114429 1129490 1134623 1135671 1138200 1145019 1146895 1149424 1154601 1155819 1156897 1158860 1161098 1166546 1175349 1176329 1182045 1187865 1195632 1196832 1198440 1200132 1202408 1205523 1208067 1209256 1211542 1214773 1216680 1218955 1223556 1225238 1232968 1234921 1239942 1247899 1249348 1251017 1253945 1255030 1256265 1258638 1267186 1269378 1273945 1275192 1279613 1283460 1287868 1292403 1300942 1302119 1305808 1307742 1310624 1314628 1315784 1321538 1323257 1324917 1330131 1334287 1335092 1336537 1338351 1343573 1347288 1349123 1351418 1353021 1354651 1360409 1362486 1365142 1370550 1373709 1380590 1384832 1387614 1393561 1395762 1399152 1402308 1403743 1410935 1414680 1418911 1429386 1433903 1439551 1440673 1448314 1450042 1453781 1459366 1461635 1463820 1468860 1473272 1483548 1486208 1488054 1490501 1498231 1499096 1501365 1503609 1506749 1510910 1513230 1517285 1524803 1529490 1535734 1538379 1546268 1547707 1551248 1561269 1565674 1567005 1572137 1579070 1581847 1591401 1593586 1603809 1605785 1616637 1620309 1623782 1628373 1632416 1634504 1636285 1638350 1640482 1642261 1644629 1645840 1649963 1652071 1655694 1656764 1663229 1664260 1674667 1682215 1684305 1685636 1692128 1699405 1702442 1703657 1715902 1720947 1724205 1725832 1737167 1738477 1743196 1744435 1747229 1748186 1756131 1759380 1760935 1766508 1771479 1772858 1774153 1776538 1777998 1781444 1781965 1787675 1791473 1801965 1809976 1815994 1816913 1821769 1823705 1824749 1828134 1832324 1841383 1843198 1845563 1846796 1853319 1864291 1867490 1873037 1874089 1876793 1880348 1884912 1890177 1891629 1893811 1895972 1897867 1901020 1904300 1906016 1907802 1909426 1913487 1916074 1921606 1924363 1926719 1929412 1931461 1932731 1936716 1941043 1942830 1943464 1950794 1954628 1967863 1972163 1978444 1979783 1980751 1984015 1990853 1994161 1996137 2001311 2005928 2008346 2010996 2012156 2013498 2016471 2018999 2020099 2024618 2026076 2033720 2039068 2040737 2044793 2046866 2048507 2050252 2053675 2061512 2062698 2068941 2075245 2078378 2080278 2081689 2082795 2083390 2087616 2101968 2107341 2115204 2117955 2121970 2126478 2131514 2134101 2138236 2145800 2150030 2156553 2157351 2158737 2160308 2164572 2165799 2167127 2168141 2170436 2172722 2174556 2185181 2195247 2198590 2200582 2204649 2207276 2210494 2212209 2215703 2220069 2225735 2231035 2233775 2236686 2241014 2244334 2248229 2250732 2254236 2258278 2259507 2260886 2265107 2266200 2268336 2269079 2273439 2279476 2284612 2292043 2293426 2294822 2296133 2299423 2301463 2308862 2311019 2320302 2321677 2327074 2328989 2330511 2331494 2334895 2338992 2342867 2352655 2355483 2356258 2363688 2370562 2371957 2378901 2381799 2383400 2388916 2393131 2397676 2401170 2406635 2408421 2409954 2412702 2417439 2418345 2419378 2424595 2425695 2437439 2443075 2446232 2450221 2451745 2460421 2462075 2464652 2467127 2469782 2478712 2481526 2497854 2498719 2507308 2512666 2513836 2523659 2525627 2527046 2528313 2531874 2534719 2538686 2546793 2552227 2557732 2560229 2561679 2563584 2565749 2569244 2570848 2571821 2574187 2580761 2586297 2587710 2590011 2595488 2599078 2603377 2606999 2608455 2613304 2622201 2625528 2627073 2632776 2635999 2637881 2640530 2642860 2646002 2650906 2651663 2653506 2657924 2664249 2668152 2674781 2679309 2681505 2684322 2690390 2693272 2694493 2701494 2703134 2704147 2713813 2714951 2719129 2721607 2723402 2726569 2735758 2742139 2742892 2744695 2746350 2749161 2750596 2753321 2756823 2759949 2769016 2771177 2772681 2774448 2781995 2790309 2792164 2793794 2798478 2803110 2803990 2817550 2819755 2820985 2822990 2829788 2834599 2835475 2837991 2840251 2845801 2850645 2864159 2865911 2872373 2875670 2876986 2881154 2882400 2886924 2888328 2890044 2892794 2895325 2900527 2909123 2911252 2916084 2919233 2921444 2927272 2928372 2929987 2933097 2939721 2942130 2944868 2946671 2951007 2954269 2956170 2957773 2959624 2965788 2967166 2971707 2975700 2978353 2982326 2983477 2987440 2989138 2996457 3004417 3007798 3009504 3011246 3013717 3021495 3023283 3030656 3034645 3038971 3039910 3040717 3043106 3049470 3050506 3055586 3057506 3064143 3065128 3068712 3079033 3082376 3086985 3088528 3090294 3092651 3095970 3098639 3099627 3103858 3113155 3119324 3123741 3125423 3128361 3130230 3132192 3136115 3145040 3148201 3150626 3163872 3165083 3167087 3168378 3171605 3172660 3175950 3177235 3178595 3180139 3184264 3186861 3188031 3193768 3195158 3196834 3200769 3204307 3207281 3209610 3212643 3220122 3222031 3225979 3227494 3229399 3231388 3242479 3246856 3248569 3252967 3254144 3258221 3260873 3262539 3264584 3266547 3271168 3273052 3279088 3289886 3295119 3300621 3302286 3306834 3308386 3311269 3312473 3322882 3324202 3325980 3328982 3330720 3331930 3334500 3342499 3344354 3345853 3347788 3354380 3355606 3362872 3365712 3367115 3368269 3369843 3370707 3373200 3375154 3377003 3379730 3383465 3385805 3389165 3390371 3391304 3395071 3396074 3398434 3400976 3406349 3409115 3415792 3422392 3424682 3426405 3429928 3432898 3436065 3438694 3443475 3446172 3451844 3454525 3461042 3463399 3465149 3470782 3479453 3483614 3486547 3488285 3491125 3493786 3499599 3503152 3511986 3513526 3514563 3520344 3522249 3523655 3526598 3527708 3538150 3540295 3543362 3544133 3548889 3549618 3552047 3553863 3555241 3557510 3559703 3561632 3574970 3578191 3580061 3581076 3583750 3589129 3590743 3593097 3597590 3604038 3606097 3608602 3612156 3623700 3626015 3628664 3633557 3637119 3638601 3639573 3642735 3646682 3650475 3653346 3655860 3660546 3663744 3668671 3674881 3678399 3681552 3683663 3684582 3685862 3690235 3694156 3696744 3699207 3699944 3704089 3707136 3709111 3710598 3712512 3717993 3719563 3722345 3724561 3725500 3732704 3737076 3739045 3742479 3744592 3746633 3752527 3761721 3765155 3767382 3771671 3774496 3775475 3776131 3777530 3781170 3783871 3785205 3786005 3789307 3793828 3795000 3812143 3815359 3818388 3822683 3825843 3827785 3829751 3832456 3833463 3838985 3840070 3849057 3854298 3857560 3859897 3862487 3864980 3869347 3881341 3883574 3885501 3886383 3892820 3893983 3896640 3902872 3907639 3913824 3916128 3929666 3930360 3931597 3936587 3939670 3941022 3944552 3948493 3958128 3960454 3961585 3969171 3975594 3978198 3981548 3990048 3991786 3999517 4013065 4015746 4021540 4022990 4025202 4032634 4035239 4039810 4042059 4045546 4046675 4050692 4052658 4053694 4066737 4069448 4073522 4076760 4084499 4089118 4090793 4093477 4094376 4098802 4106828 4109497 4120675 4124910 4128091 4131679 4134091 4137118 4139139 4140985 4142429 4146255 4157211 4159618 4160909 4166117 4168390 4169868 4170490 4179243 4184795 4186121 4189649 4197567 4201910 4203129 4204421 4205237 4217991 4220023 4227425 4229005 4230686 4232941 4234017 4242837 4245182 4246481 4250597 4252512 4258901 4260690 4267832 4278808 4283974 4293092 4295985 4297263 4300874 4302156 4303384 4304936 4308619 4313451 4319397 4321094 4323259 4329586 4333614 4339207 4341306 4342377 4346264 4349093 4350571 4352232 4355859 4361628 4367105 4367680 4373173 4377482 4378680 4381136 4382993 4384623 4389474 4391418 4394872 4407659 4411486 4420317 4422728 4429700 4431647 4433466 4436708 4437800 4439991 4442145 4443369 4445872 4449463 4455452 4456550 4461041 4466540 4467756 4469494 4471740 4476159 4478744 4479414 4483960 4485567 4487092 4488722 4492190 4496217 4498695 4499872 4502874 4508734 4510982 4514286 4515781 4520247 4523970 4526989 4528963 4531539 4534442 4535540 4538600 4549131 4550323 4553984 4556397 4559843 4562858 4571618 4574093 4576844 4582611 4586223 4588824 4591559 4601098 4603672 4607460 4610344 4614634 4619079 4622237 4623565 4627401 4637315 4638656 4647065 4649476 4652155 4653674 4657921 4660550 4671298 4678280 4679770 4681371 4690436 4693264 4694945 4696349 4698356 4700059 4701304 4705724 4708701 4713150 4715604 4718502 4719432 4721455 4725728 4731201 4734740 4738477 4740270 4746892 4750294 4758848 4760084 4763807 4765787 4768069 4779047 4781010 4784060 4786044 4787065 4788167 4789185 4793628 4797307 4800924 4805504 4813844 4821447 4824874 4830649 4833818 4840603 4844677 4846081 4855033 4856083 4860491 4862013 4864844 4868148 4871742 4873714 4875756 4878142 4879745 4884181 4886010 4894464 4898253 4905057 4905990 4907986 4910300 4912771 4917436 4921465 4929210 4932574 4934166 4938115 4941517 4942843 4948379 4953846 4955671 4958332 4959619 4960784 4971493 4974304 4975650 4982110 4983588 4994091 4994807 4999239 5000281 5004184 5008379 5011477 5015702 5017467 5022453 5024412 5028101 5035898 5038103 5039948 5042566 5044355 5053433 5061530 5062258 5065859 5066649 5067311 5070306 5072843 5085136 5087438 5089218 5095313 5100103 5105641 5124314 5126670 5128370 5131687 5134543 5137984 5138857 5156744 5159780 5165067 5168556 5174554 5179673 5184852 5197283 5198090 5201237 5203675 5209455 5210574 5218695 5220469 5224217 5234120 5238626 5240076 5240927 5248725 5251995 5256414 5261544 5268325 5270730 5272387 5274507 5277165 5278317 5286863 5288184 5294784 5301633 5305927 5308953 5310954 5317539 5319953 5326420 5327802 5330460 5332191 5335940 5337057 5346376 5347498 5349580 5350810 5357748 5359624 5366043 5369157 5370140 5372250 5384900 5386544 5389487 5392177 5396678 5397867 5401638 5407391 5409263 5413194 5414983 5416287 5418027 5423521 5430641 5435021 5437569 5438339 5442255 5445186 5456323 5466082 5471266 5474560 5478583 5485872 5489414 5491815 5498634 5504653 5513586 5515367 5516936 5520608 5523013 5529757 5533331 5534510 5537491 5545814 5547641 5548833 5550429 5552599 5555000 5560177 5562498 5565707 5567020 5572621 5575481 5579763 5582822 5585775 5591820 5592838 5597046 5599653 5601734 5606078 5608564 5613287 5617026 5621674 5624413 5630702 5659270 5663497 5677740 5683579 5687023 5694018 5695666 5697085 5699032 5704530 5706414 5711389 5712604 5714550 5720646 5725512 5727750 5729244 5732965 5734667 5735625 5739726 5740437 5741223 5742515 5749243 5754937 5757418 5758160 5760040 5765140 5768746 5771807 5776064 5778281 5782815 5783609 5786154 5787106 5792445 5793961 5795915 5797099 5800695 5803413 5808475 5810254 5811561 5816136 5824993 5829704 5832429 5833869 5840218 5841090 5841602 5843216 5844631 5846156 5849566 5856980 5858888 5863201 5864902 5865582 5867537 5868597 5871981 5875843 5881535 5884302 5887182 5889164 5892536 5894723 5896509 5897206 5899329 5902609 5904520 5909030 5910572 5912365 5915815 5918558 5923845 5928126 5929380 5937405 5945057 5947587 5948894 5953097 5961451 5963035 5965305 5981209 5982195 5996640 5998799 6000261 6001999 6007223 6011087 6015978 6022521 6027079 6029684 6031580 6033819 6035378 6036552 6040439 6042048 6043007 6044995 6047149 6054906 6058186 6059784 6064664 6066947 6068248 6070425 6073326 6075854 6078436 6080679 6082218 6086895 6092779 6102559 6110110 6112331 6114057 6122477 6124895 6128028 6130288 6136413 6140187 6141191 6144392 6146470 6149855 6154464 6155668 6159072 6159833 6162698 6167784 6169557 6171565 6173008 6174592 6177471 6179828 6180992 6182517 6183873 6185290 6193343 6204651 6208873 6212134 6213522 6216856 6219658 6221528 6223128 6227768 6234270 6238182 6241863 6244113 6247319 6254018 6258976 6259977 6264112 6271563 6274285 6278405 6280939 6282127 6285002 6287830 6304458 6305436 6307317 6309543 6313372 6314479 6316205 6320334 6328253 6331949 6333232 6335369 6338931 6343818 6347370 6350019 6356121 6357983 6359105 6365081 6366463 6374444 6376554 6378656 6382041 6388882 6391042 6393271 6400850 6405354 6412080 6414847 6420108 6422776 6427052 6427919 6438548 6441097 6449976 6453308 6458750 6460920 6464042 6471628 6473397 6474534 6480406 6482796 6491200 6492997 6497138 6518567 6524886 6526949 6528121 6533747 6535772 6539776 6545317 6548843 6562707 6563683 6566466 6570084 6575182 6576163 6578924 6579872 6589196 6593895 6594877 6609132 6610574 6612584 6614886 6619348 6623436 6625757 6628846 6634202 6635568 6637843 6640759 6645984 6648331 6653911 6656139 6657257 6660774 6671339 6675354 6677852 6678984 6681017 6683710 6684905 6689312 6694040 6697429 6700159 6701775 6702925 6704719 6711867 6714206 6715865 6719822 6721809 6722962 6727187 6731643 6733817 6734908 6737890 6739711 6742363 6755450 6758845 6762507 6763900 6777057 6778159 6787577 6789390 6792701 6801413 6803874 6805713 6811529 6817190 6822384 6825892 6832087 6834197 6837053 6838154 6850067 6856755 6861971 6864541 6869468 6871658 6873163 6880551 6881838 6890442 6892391 6895575 6898935 6907529 6912192 6914790 6920833 6925584 6927546 6935780 6940501 6943541 6945788 6950058 6950952 6957340 6962779 6963544 6965049 6971418 6975384 6976748 6978071 6980061 6987463 6992490 6993450 6997320 7001930 7004541 7012811 7015915 7018019 7020894 7033243 7034499 7037144 7042894 7043772 7047024 7051006 7055077 7056961 7058698 7060386 7070217 7071235 7075306 7076817 7078872 7084946 7090259 7091242 7099533 7102467 7103435 7110556 7116894 7118525 7122028 7123626 7127806 7131324 7134781 7139894 7154822 7157285 7161801 7166495 7168407 7175646 7178072 7181766 7183601 7187457 7195548 7199410 7201060 7203229 7205117 7209611 7213381 7217598 7219425 7225446 7228730 7233460 7240066 7245004 7248311 7251680 7256299 7258824 7265714 7268662 7269634 7270631 7273055 7277186 7278371 7280296 7296828 7304402 7310106 7311129 7316595 7317526 7318199 7320014 7321805 7323138 7323869 7328202 7332619 7339837 7341464 7345378 7349345 7353618 7357655 7359547 7361236 7365154 7368298 7370660 7373539 7378887 7380813 7381932 7383531 7386131 7389646 7392600 7394348 7399539 7402704 7403307 7417824 7419964 7421570 7423332 7430104 7433669 7439851 7441732 7447629 7450955 7454318 7457371 7463477 7466830 7471859 7473665 7478340 7480153 7481665 7484852 7492404 7493279 7495480 7505862 7508361 7514934 7519329 7520898 7522764 7528855 7533801 7536565 7538660 7540720 7544116 7546849 7549461 7552181 7553422 7554395 7558009 7559954 7560861 7563696 7567233 7573905 7575779 7580129 7583193 7586958 7590253 7594575 7604129 7606501 7610170 7612855 7615505 7617071 7626981 7635139 7639627 7641988 7647956 7650024 7654485 7657804 7665247 7666387 7667956 7673794 7682115 7684050 7686955 7688453 7690159 7691026 7694106 7694848 7704379 7705916 7711728 7712673 7715335 7716666 7720142 7722823 7723945 7727782 7731116 7734201 7741415 7742591 7745370 7748977 7753446 7757152 7767307 7769473 7772701 7778459 7782619 7785337 7787196 7792727 7795411 7798362 7801488 7811468 7812340 7842022 7842829 7844810 7849911 7851780 7856366 7859309 7864564 7868990 7871729 7875215 7884353 7885567 7887187 7888599 7890986 7893612 7894911 7898789 7900894 7907095 7913054 7914911 7920554 7922584 7927400 7931293 7932835 7933927 7937426 7945310 7953621 7956948 7958165 7959531 7962708 7968849 7975420 7979038 7980363 7985802 7992985 7996808 7998613 8001226 8002704 8003779 8006693 8008395 8009358 8013853 8017205 8018726 8020146 8029987 8034484 8037517 8039209 8042093 8045176 8047810 8054285 8056094 8058115 8072750 8074962 8076140 8079766 8080660 8083545 8089854 8090492 8092134 8095452 8097234 8098688 8102478 8106235 8120882 8123576 8125503 8127663 8128632 8131014 8134376 8140826 8142395 8144865 8145647 8149038 8154404 8155727 8157622 8160842 8162132 8163366 8169613 8173101 8177073 8181048 8184365 8187153 8188230 8192954 8193839 8207356 8208528 8211052 8216695 8219493 8224600 8227991 8233702 8236205 8241731 8243540 8248078 8250325 8251541 8253281 8255494 8259774 8261711 8273934 8274966 8277427 8278847 8282725 8284953 8285996 8290264 8292587 8293546 8296930 8299672 8302234 8308654 8310515 8313080 8315383 8317945 8324905 8326253 8330878 8334994 8336836 8345423 8350999 8352665 8356907 8359624 8363347 8365675 8371236 8373009 8385053 8387823 8390069 8393331 8401447 8405209 8411231 8412320 8416386 8425093 8425825 8428756 8432003 8435274 8441320 8442792 8449804 8450688 8453031 8454309 8464048 8468357 8471556 8474463 8476678 8480213 8482836 8486863 8487930 8489428 8490195 8503277 8504151 8506452 8507928 8509026 8511312 8513034 8514990 8519171 8521454 8522931 8523830 8527268 8530932 8534040 8541353 8544998 8558130 8560125 8568303 8569176 8574304 8575565 8579868 8588335 8595595 8609468 8610318 8613939 8615307 8624958 8626743 8634331 8643833 8649607 8650934 8663413 8666307 8668550 8671751 8674070 8677180 8681268 8682614 8685466 8687363 8692872 8704973 8709692 8712873 8716299 8718199 8721196 8722592 8725902 8729305 8731824 8735633 8756301 8757518 8759181 8764101 8775342 8777520 8786599 8791864 8802626 8803841 8813557 8814970 8816796 8822944 8830834 8833215 8839779 8843629 8847899 8850195 8851339 8858913 8862222 8867027 8869507 8875996 8878227 8885685 8889462 8898395 8899384 8902916 8904102 8911361 8916945 8923563 8927503 8930495 8931756 8935068 8936627 8937482 8938751 8940625 8949730 8958560 8963957 8965679 8967782 8970194 8975119 8988394 8992620 8998001 9000604 9003266 9004823 9009422 9011607 9016550 9022202 9025789 9030847 9032751 9035345 9043220 9047310 9048486 9053563 9055375 9058762 9063069 9066530 9069457 9079897 9082376 9083562 9086963 9089791 9091485 9092661 9094749 9101623 9105924 9109352 9111496 9113488 9123441 9125623 9128336 9132391 9134644 9138114 9139167 9144381 9153060 9159111 9159842 9162481 9164474 9173434 9174261 9178532 9182449 9184344 9186675 9189638 9191010 9193150 9195484 9199391 9202001 9215792 9221119 9222243 9224573 9227044 9230685 9233547 9235376 9237513 9240789 9243110 9244704 9247070 9254067 9256875 9259990 9261675 9264813 9266423 9267512 9271389 9275068 9276811 9279316 9280520 9282323 9286314 9291516 9301871 9305950 9308467 9314974 9316349 9326490 9333025 9334057 9344070 9347493 9352746 9361358 9372433 9373921 9379657 9381475 9383973 9389616 9390544 9391809 9393462 9396953 9405098 9408677 9412079 9422721 9428544 9429801 9434801 9437338 9438563 9440249 9444266 9444846 9455911 9460353 9466460 9467560 9469114 9472452 9476750 9480218 9486008 9494731 9497795 9499253 9500338 9501967 9503795 9504836 9505794 9507173 9509903 9512408 9513262 9515421 9516857 9519186 9521232 9523374 9525504 9530167 9531482 9532628 9534143 9539484 9541098 9542383 9547628 9548823 9553174 9554287 9562433 9566184 9571207 9584675 9586846 9587802 9588998 9591302 9600926 9601989 9606995 9611062 9612316 9616247 9618205 9619897 9621127 9621878 9625677 9629928 9632926 9636974 9640071 9646702 9649972 9660947 9669948 9676345 9679590 9684541 9695050 9700113 9702668 9704792 9706617 9711342 9717400 9720063 9724206 9728230 9728894 9734086 9743075 9745018 9753786 9757353 9759345 9764054 9764941 9767230 9769128 9770758 9775616 9792148 9802359 9808509 9812148 9814266 9816083 9827846 9829543 9834180 9840720 9841624 9843780 9847319 9851118 9854386 9856056 9858108 9859363 9863465 9865899 9870582 9876099 9880663 9882727 9888744 9893197 9896194 9902257 9903565 9906469 9908950 9909523 9912519 9913619 9916149 9919355 9920595 9926490 9927679 9932433 9935102 9936659 9945394 9946773 9952001 9956814 9963815 9964888 9967400 9973984 9980400 9982137 9989250 9998029 
</Matrix>
<Matrix name="Neuron_97" type="complete" rows="1" columns="2415" multiplier="1.0">
   7475 11133 13876 24746 28671 29829 31506 36026 47486 50790 52195 55508 58875 71658 75846 77294 81433 82290 87543 91492 92822 94151 101278 109896 115767 117522 126111 133903 136085 138142 142189 143616 150674 153003 156329 162568 168009 186361 187611 191397 195261 199820 211074 214726 216374 218992 223252 225860 226791 228350 242037 245192 247955 251783 254222 256439 258209 260376 262609 263512 266361 271584 273053 275067 278003 279950 282556 285667 291633 294616 296114 297566 304474 310342 312591 329035 333951 339596 346309 347980 353830 366444 373191 376690 378935 380108 382284 386065 387635 390089 391282 396333 400812 405686 408380 417872 427958 430789 439927 443547 446988 448892 450866 452702 459633 461486 471173 472426 479671 482100 486025 489260 491319 493758 499621 502559 505166 509769 512711 513985 519947 524615 530877 539642 541651 544031 544859 548550 554514 556017 557919 559707 561117 573977 581398 582931 588934 592338 603049 607595 610900 622243 631659 632702 637865 640277 641419 649309 652482 653998 655149 667207 672121 675138 677467 682724 684452 685778 691017 695279 697306 699273 702275 713147 724645 725803 728952 731555 733073 736699 739660 746275 757391 759662 765981 769405 772332 776364 777323 779003 783348 786379 788487 791165 794078 797787 811663 814374 816233 821190 831941 833693 838016 839469 842322 844341 850489 852702 859589 862409 868422 870806 872867 873596 875851 881424 884418 885323 891411 897747 905666 907293 911079 918345 920618 928425 930901 938665 940810 944270 953468 956116 958105 962087 962801 964554 968080 974137 980067 982079 987455 989610 995480 999546 1001359 1003220 1012877 1015950 1017469 1019029 1022015 1025270 1029501 1033321 1045485 1051807 1054461 1055879 1058946 1060214 1061867 1078021 1080067 1085559 1091424 1092952 1097039 1100593 1102015 1105970 1113176 1115367 1117282 1119563 1125041 1128691 1131031 1133261 1142328 1150310 1151819 1153342 1154637 1157213 1158556 1161410 1163121 1165918 1170013 1183944 1198453 1200487 1202753 1204497 1206301 1211891 1214259 1215443 1223047 1230073 1231931 1235295 1246088 1250806 1256073 1257530 1260645 1263634 1264415 1273823 1276059 1279239 1286688 1289714 1301439 1304877 1307004 1319874 1323311 1325199 1328714 1331776 1332888 1336049 1341583 1343467 1344672 1349003 1364501 1366952 1368685 1372819 1376539 1380025 1381176 1384808 1396615 1402031 1404462 1406294 1407530 1409122 1413473 1416543 1420303 1422889 1424766 1426780 1429039 1431612 1435049 1436724 1437473 1441626 1446581 1456335 1457527 1458923 1461646 1476777 1480186 1481400 1483337 1488596 1490947 1502208 1504513 1506335 1520290 1521932 1525546 1526893 1533615 1537757 1541314 1545808 1548401 1551538 1555603 1563792 1576431 1578280 1579603 1584738 1591454 1598611 1601312 1602196 1606122 1607356 1608646 1610321 1613196 1616720 1629212 1638679 1639837 1642535 1644764 1655195 1658499 1662235 1673052 1674025 1675760 1676982 1679112 1682143 1683430 1684949 1689404 1695512 1697077 1702847 1708129 1710261 1711462 1712669 1723673 1726231 1728624 1729578 1732346 1735111 1756016 1759186 1762744 1767219 1771653 1776858 1780999 1787987 1790364 1791590 1797125 1800538 1805554 1807070 1820433 1824919 1830268 1833864 1837631 1839280 1849934 1869068 1870665 1872257 1875428 1881490 1888415 1890982 1894556 1896693 1899003 1904038 1907578 1910615 1913070 1917184 1918391 1920419 1922633 1923506 1935202 1938014 1942301 1947244 1948065 1949192 1953460 1959332 1961467 1966262 1967591 1972690 1978281 1981619 1987185 1992846 1995303 1998459 2002070 2007175 2011762 2012823 2016381 2017759 2018577 2019998 2024158 2025409 2029824 2035242 2036988 2041434 2047062 2052709 2054988 2056033 2062312 2063590 2066063 2073240 2086395 2088147 2091033 2095660 2098171 2102734 2111494 2112262 2117709 2118920 2121731 2123557 2125134 2133656 2136493 2138877 2141346 2153769 2157359 2166995 2167925 2175687 2178178 2184942 2189725 2191211 2196458 2197400 2205292 2208601 2211408 2216979 2224593 2228004 2232093 2232841 2248911 2262393 2268155 2276054 2278818 2281400 2289449 2294104 2300380 2303724 2310298 2311054 2315755 2318440 2326272 2330564 2332174 2333296 2337359 2341078 2343886 2344997 2349252 2351963 2354743 2355850 2358138 2362085 2364442 2365547 2368165 2372531 2373670 2376303 2380671 2386364 2400288 2403056 2409740 2418224 2422551 2426779 2432590 2438860 2441103 2443389 2445706 2450137 2453782 2457098 2463160 2466133 2467975 2473496 2475842 2477411 2480885 2485670 2487791 2500503 2502173 2504150 2507913 2508887 2510110 2511413 2516099 2523079 2528323 2534203 2540568 2547239 2554980 2560622 2563313 2566675 2574273 2579931 2580911 2583036 2586567 2591515 2592995 2597779 2603232 2605277 2607504 2615136 2617238 2627394 2628410 2632027 2633691 2638478 2639247 2641078 2644330 2646812 2647809 2651395 2656114 2661477 2664072 2665833 2667435 2669146 2673844 2679659 2685411 2686640 2689650 2697272 2699062 2700989 2706033 2711011 2712659 2715112 2715822 2721413 2725120 2729638 2732131 2738608 2742409 2743400 2745724 2752184 2754128 2758202 2761099 2766799 2768209 2771073 2773083 2776528 2778015 2780763 2782277 2784212 2787620 2789475 2790262 2794367 2796148 2805279 2807107 2814456 2818824 2820280 2825376 2829487 2833120 2841576 2846841 2853185 2860807 2866218 2871196 2876868 2878148 2879832 2887000 2889388 2891627 2893331 2896304 2924929 2931250 2935060 2947056 2952127 2954359 2962129 2964176 2972929 2976237 2978334 2987047 3011570 3017757 3019601 3023716 3027645 3030113 3044089 3051539 3054089 3056590 3059941 3062853 3065893 3070432 3071760 3073324 3080178 3081647 3084880 3086519 3092418 3094301 3095625 3110581 3111761 3118359 3141334 3143137 3145448 3146926 3155761 3161078 3166083 3167939 3174338 3175946 3177283 3181043 3182797 3184891 3192123 3197042 3199287 3206032 3209123 3210799 3214143 3215731 3217263 3220279 3226555 3230705 3232942 3234804 3235824 3238273 3239960 3243542 3245715 3249088 3251952 3253264 3259660 3266114 3269877 3271666 3273881 3276861 3283567 3286627 3289461 3292442 3294294 3295813 3302021 3303252 3307872 3313983 3314982 3321073 3322380 3331201 3338357 3339793 3342063 3345224 3347446 3354290 3362783 3364227 3365849 3366908 3368755 3370326 3377596 3380398 3387921 3391625 3399115 3411777 3416852 3425287 3426412 3429459 3438612 3442111 3447068 3448119 3450090 3457306 3466369 3468620 3471485 3476336 3487160 3489379 3493601 3499798 3501576 3506298 3509185 3512849 3519961 3523648 3525260 3526622 3534101 3549087 3567672 3574862 3580466 3585790 3590099 3590953 3596915 3606984 3611109 3615874 3618421 3623631 3624340 3629768 3631178 3636261 3643212 3644516 3649488 3650987 3654401 3657884 3666441 3669475 3670634 3672709 3674298 3677576 3679356 3681620 3683300 3688015 3697513 3702941 3706630 3712667 3713853 3719949 3726124 3727294 3731756 3734160 3735696 3743697 3761652 3764104 3767898 3770003 3777311 3779909 3785681 3787057 3795062 3800115 3812890 3823759 3830985 3835977 3837291 3846222 3864298 3871872 3878085 3884122 3894523 3898347 3907670 3914602 3917235 3918299 3921252 3926684 3930686 3934783 3938907 3943439 3948683 3958931 3959927 3964359 3970473 3973208 3977535 3979673 3982975 3988809 3998247 4007748 4009911 4027307 4034386 4037636 4040922 4044192 4046262 4051928 4053536 4060239 4061071 4062755 4066101 4069252 4071343 4077615 4078792 4080048 4083336 4091324 4093476 4098377 4106433 4108216 4108856 4112349 4114403 4121972 4122976 4125338 4126895 4129870 4131426 4135508 4137536 4138802 4141233 4144664 4146526 4147593 4153341 4154250 4159898 4164598 4171593 4178088 4181608 4184253 4186371 4191373 4194359 4201728 4205597 4206984 4207765 4210225 4215280 4218902 4226952 4231694 4234223 4237552 4242462 4245791 4251571 4254634 4257038 4258788 4261946 4265402 4268154 4271504 4279900 4280500 4284193 4289557 4295810 4299580 4303923 4306914 4310307 4311809 4317064 4318036 4327690 4344141 4348310 4350804 4352422 4355492 4357845 4358651 4361481 4364691 4367374 4369367 4374141 4376209 4381394 4383240 4392949 4402752 4406024 4410757 4411649 4412822 4416352 4422237 4425420 4428182 4432486 4435164 4440759 4452128 4453913 4458647 4461166 4467294 4470999 4478426 4487212 4490218 4495116 4498938 4499725 4501591 4505657 4511838 4522067 4524597 4525488 4530180 4533576 4539964 4541071 4542823 4545590 4546890 4548814 4552866 4556216 4564353 4569009 4570800 4572643 4578087 4579041 4582016 4585076 4587931 4590150 4595167 4598739 4601081 4607418 4609551 4611362 4616756 4620581 4622774 4626359 4630631 4639413 4641690 4644589 4648052 4649941 4652234 4664079 4670705 4681925 4682987 4688668 4691978 4696408 4704729 4717505 4720642 4725323 4726335 4735198 4754381 4760368 4765614 4768748 4771364 4774325 4783286 4786884 4789144 4791052 4793392 4803940 4809799 4810540 4811533 4813872 4814755 4820102 4821239 4825071 4828362 4831526 4832954 4833969 4836024 4836949 4841138 4842412 4846307 4847937 4850317 4853639 4854974 4857623 4866035 4866877 4872737 4874999 4876708 4877505 4878360 4884448 4886944 4888087 4890780 4894492 4895655 4905050 4908534 4910526 4912144 4913169 4916531 4917340 4919235 4929368 4931956 4934436 4940148 4941543 4946541 4949864 4952557 4953560 4956806 4958334 4962532 4963881 4971093 4977725 4979536 4985303 4987202 4988917 4991581 4993033 4993887 4995831 4999266 5001485 5002572 5004407 5018039 5019476 5023702 5024809 5029270 5033837 5036081 5038237 5044494 5048546 5052630 5054494 5064819 5070062 5071476 5073393 5075198 5079006 5080149 5082859 5084138 5087718 5088547 5092484 5102324 5102868 5111443 5118155 5124469 5128006 5128746 5133545 5137626 5139464 5142622 5153028 5154437 5158078 5159590 5160683 5166205 5179294 5180577 5186327 5191524 5204237 5206612 5208560 5214551 5217224 5220132 5221406 5225571 5228952 5237963 5245123 5248427 5256961 5261931 5265527 5272237 5283549 5287943 5289997 5291829 5293753 5297452 5303244 5304238 5316094 5317087 5322373 5325583 5327761 5334224 5343220 5348595 5350241 5353458 5354870 5362079 5364512 5367086 5368608 5370747 5372222 5373568 5379456 5382296 5387443 5395706 5402010 5407004 5410422 5411364 5413105 5414805 5417281 5420108 5421489 5425089 5426081 5429116 5432330 5438842 5440404 5442023 5446199 5455032 5458018 5465729 5471200 5472880 5474128 5476673 5481941 5483085 5485743 5489286 5499551 5502565 5504221 5514731 5515988 5519575 5523828 5525911 5527858 5532246 5538531 5547105 5548703 5556223 5562324 5564691 5566083 5569731 5571876 5573943 5576121 5581691 5584574 5586131 5588010 5595583 5600307 5601441 5617292 5623129 5624827 5635328 5642515 5645675 5647134 5649960 5650781 5658966 5660858 5668682 5671753 5673514 5676074 5679575 5689685 5703599 5705599 5707014 5722470 5729036 5730281 5733659 5735320 5740825 5744002 5752915 5758174 5774903 5778057 5787276 5793143 5795534 5803727 5805280 5807251 5809561 5816465 5817435 5820966 5827412 5829294 5831880 5835845 5838598 5839851 5840830 5843418 5851948 5854100 5856706 5862612 5870572 5872618 5874039 5883857 5901213 5902829 5905443 5911118 5912003 5914464 5916976 5921784 5924596 5925834 5926934 5928997 5931167 5934843 5936791 5937436 5938597 5943165 5946065 5949572 5954543 5955861 5959502 5961264 5967949 5968987 5970947 5975368 5976708 5983790 5989180 5992267 6001664 6011035 6013274 6015901 6018164 6019728 6032124 6035727 6039427 6042233 6044322 6052062 6058536 6060428 6061729 6067701 6070374 6077333 6082315 6094778 6098292 6101575 6103785 6115602 6119512 6126497 6131933 6135345 6136393 6142359 6148319 6150344 6153981 6156162 6159199 6162265 6166968 6167921 6170237 6178894 6182019 6192715 6197304 6202816 6206048 6208448 6211572 6213519 6214590 6219075 6221545 6223230 6229802 6233866 6239529 6245597 6249731 6253125 6254899 6257373 6260068 6260658 6261653 6265383 6268491 6270451 6273973 6280936 6283054 6285601 6287395 6288780 6289858 6291657 6293639 6299679 6304803 6309457 6315085 6317116 6321852 6326172 6328176 6332034 6334462 6336571 6341963 6344080 6354485 6359628 6374514 6376517 6379458 6381108 6385555 6391957 6395178 6396190 6398859 6411268 6414894 6420310 6422373 6425424 6429850 6436379 6438434 6440830 6442827 6444445 6447376 6454323 6457446 6458763 6463047 6466267 6472738 6475170 6477458 6486344 6489051 6492992 6495582 6500489 6505251 6507338 6511979 6516621 6523226 6528057 6529025 6539302 6540478 6546643 6550409 6553113 6554332 6557374 6558764 6562526 6566696 6568625 6569777 6574715 6581043 6585782 6591346 6600626 6601590 6603138 6608370 6610366 6615676 6617513 6620977 6626003 6630370 6635387 6638912 6641503 6645421 6648396 6655800 6658470 6663020 6666382 6672085 6674302 6675539 6678139 6679223 6681150 6688577 6689417 6692527 6693722 6703414 6704427 6706458 6709660 6710889 6716513 6719967 6723488 6726389 6732009 6733613 6735012 6737401 6739444 6740269 6748240 6750889 6756451 6759085 6764775 6772382 6777983 6781580 6785743 6793281 6799815 6802417 6804643 6807918 6809372 6812153 6815649 6818608 6822275 6826823 6831115 6834248 6835312 6838891 6842961 6846832 6850785 6852951 6860889 6862105 6864865 6866785 6884500 6888070 6896428 6901416 6907515 6909483 6911324 6914864 6922688 6926466 6936844 6938527 6939588 6941013 6943304 6947649 6953758 6954463 6957000 6959348 6962149 6963233 6973279 6986810 6994981 7004733 7013828 7021335 7022497 7024700 7026960 7032240 7034374 7037913 7039758 7045368 7047098 7056550 7064150 7074356 7079032 7082205 7085521 7087916 7089594 7090704 7092603 7104337 7108814 7111932 7113778 7117073 7120446 7123852 7128182 7131017 7131845 7134010 7143960 7145788 7147265 7150409 7151999 7155203 7158006 7163847 7167749 7170054 7171316 7173258 7189395 7190707 7192225 7198291 7200131 7207535 7215114 7222455 7223926 7226192 7230087 7232088 7232804 7236868 7237940 7239334 7244805 7249935 7250836 7252362 7255133 7258675 7261963 7265686 7276826 7284524 7289614 7291454 7293796 7303698 7307133 7322247 7327291 7331006 7332556 7341718 7344343 7345843 7346863 7348088 7351563 7357480 7363242 7369851 7371340 7374262 7388679 7391369 7395115 7402399 7412778 7415720 7416371 7418611 7421284 7432376 7438766 7458359 7465513 7469840 7472270 7475066 7477860 7490922 7497826 7499783 7502234 7505473 7507866 7510893 7515849 7519141 7527825 7534788 7536222 7538309 7540689 7545175 7546816 7551470 7555397 7556469 7559411 7561337 7566028 7569489 7573972 7582423 7584788 7591267 7594214 7598194 7602314 7604970 7607321 7611074 7615643 7616913 7620686 7621887 7623449 7626164 7629998 7635173 7637013 7645929 7646603 7651909 7657620 7660974 7662464 7663619 7667987 7668899 7670181 7672402 7680677 7685293 7697904 7702980 7706132 7710548 7715941 7717330 7722035 7723412 7725989 7731357 7732732 7736280 7744482 7747264 7749113 7750186 7752596 7755075 7756137 7762143 7763980 7766594 7773071 7779530 7780763 7791946 7794423 7796777 7798945 7806947 7808298 7814186 7815512 7824707 7836977 7839881 7846039 7853383 7856754 7859597 7867462 7869403 7874919 7877290 7880806 7882110 7883610 7886149 7887230 7889429 7892745 7896696 7900993 7904218 7909129 7912675 7917719 7919674 7925470 7932827 7934410 7937709 7939441 7942157 7945070 7947739 7949006 7961263 7962251 7963553 7966079 7967599 7973801 7976656 7980933 7988525 7990294 7992328 7998410 8000500 8005163 8007001 8008529 8011966 8012759 8013854 8014947 8017714 8021336 8023489 8029332 8030940 8032444 8038315 8039446 8045011 8048719 8056285 8057902 8059132 8059854 8061733 8063808 8068156 8070299 8071614 8079084 8080091 8084934 8087689 8094618 8096587 8097327 8099692 8106293 8113278 8114209 8120922 8124735 8127454 8128130 8131442 8139477 8142799 8146672 8149393 8153564 8155728 8156975 8163763 8167139 8170129 8173796 8180544 8183209 8191045 8211146 8212262 8214590 8219124 8227587 8233351 8241032 8246206 8249110 8253863 8256889 8269996 8275122 8278501 8282999 8286357 8287199 8308958 8312598 8315574 8316605 8320118 8325092 8331386 8335779 8341311 8343347 8347421 8354829 8356743 8361367 8363007 8364612 8366611 8379248 8381693 8384772 8388572 8390163 8392135 8395260 8402008 8405863 8407399 8409337 8413297 8416019 8420815 8423537 8425255 8426123 8429113 8431622 8435831 8443332 8444451 8447777 8449147 8452560 8453715 8456393 8463074 8466104 8467702 8469430 8474251 8485677 8491003 8494808 8495812 8500056 8516563 8523828 8526228 8528905 8532880 8536505 8539567 8541691 8543684 8548173 8549634 8551657 8557393 8559339 8566459 8569448 8577827 8583160 8591264 8596358 8601721 8604503 8606556 8610259 8616411 8620350 8621837 8626750 8628968 8631351 8635016 8637156 8638165 8645373 8653894 8656008 8657803 8668154 8671015 8677161 8679253 8687316 8699808 8702839 8704327 8705841 8713858 8714972 8718828 8720717 8722603 8728298 8732421 8734466 8736456 8738237 8744861 8746928 8752062 8753623 8757723 8765714 8770633 8772555 8782866 8784587 8787824 8792095 8794639 8802700 8806549 8807499 8813164 8819778 8823591 8824812 8826018 8831176 8833168 8841932 8846748 8853159 8856234 8859981 8861617 8862372 8865467 8867812 8869968 8877991 8879222 8880792 8881738 8887968 8894026 8899123 8900479 8904258 8906710 8907951 8912569 8916310 8917524 8920515 8924466 8927505 8942718 8947526 8958260 8962121 8963073 8964515 8965507 8975891 8977151 8988250 8990059 8991232 8994189 8995282 8997159 8999708 9000864 9003221 9006727 9009286 9013546 9017970 9023868 9026467 9031612 9033659 9034976 9038711 9041266 9050632 9051694 9058359 9065127 9066925 9077633 9082518 9088694 9089756 9091126 9093552 9100679 9102256 9112368 9118725 9125922 9129418 9134522 9138925 9143567 9144580 9150873 9152725 9164204 9165904 9170169 9174606 9178288 9180234 9185695 9189693 9193850 9196228 9200715 9202702 9204461 9207527 9209638 9211979 9222278 9223678 9226110 9229811 9231913 9235521 9240679 9243730 9248471 9250013 9258629 9260963 9271083 9281204 9283633 9288446 9293374 9295835 9296873 9303046 9312069 9316496 9317760 9323147 9333521 9336681 9340463 9341420 9342634 9345605 9346934 9349014 9350639 9352699 9353806 9355539 9357511 9360727 9361519 9370515 9375507 9378936 9380846 9383629 9385334 9386595 9389128 9390646 9399642 9401352 9403761 9405908 9407154 9408934 9410795 9412358 9415351 9429114 9430989 9433760 9434945 9435968 9439222 9442534 9450861 9454563 9456134 9464537 9468677 9475412 9477938 9483356 9484193 9494246 9495236 9500456 9502024 9504261 9505519 9506363 9512705 9513928 9517857 9521071 9524535 9525755 9531715 9537424 9539503 9543770 9544948 9545628 9549082 9550863 9552396 9557712 9560244 9564398 9568708 9569756 9574933 9579279 9582108 9583537 9588901 9592008 9596137 9597461 9600504 9602441 9604243 9607167 9608557 9611184 9612489 9619905 9623270 9631079 9632730 9638908 9640921 9644503 9645307 9647010 9655691 9657753 9659168 9663629 9665533 9667230 9669670 9672221 9680083 9681558 9683102 9686819 9693092 9695188 9697496 9699791 9702821 9706834 9719019 9722292 9726334 9728117 9731183 9733743 9738220 9742256 9743865 9748426 9760030 9762080 9763218 9766349 9769640 9774702 9784013 9797213 9800213 9801014 9802413 9807287 9823799 9829088 9839312 9842041 9844910 9846827 9850775 9856075 9857703 9861712 9864630 9866015 9871138 9878198 9891351 9892751 9895021 9896797 9901274 9903889 9913849 9920408 9922730 9935342 9940451 9942977 9951362 9957934 9962256 9975698 9978784 9984581 9986631 9988125 9996524 
</Matrix>
<Matrix name="Neuron_107" type="complete" rows="1" columns="251" multiplier="1.0">
   56206 60693 166165 193967 207884 329097 347120 409901 485995 565079 769006 776707 830947 844052 874808 912455 933484 985955 990327 1028696 1030067 1090152 1167969 1170152 1173673 1195607 1216283 1374376 1394711 1441085 1498879 1527600 1597725 1616096 1644004 1652679 1673393 1706498 1716013 1765949 1784163 1794174 1944784 1947951 2037015 2049308 2057093 2256529 2328963 2362786 2426780 2449787 2453596 2464647 2499107 2619679 2640168 2701250 2719720 2736395 2824281 2830579 2846291 2866770 2922309 2952001 3009775 3076086 3080114 3082442 3113256 3122348 3143323 3156999 3198391 3225871 3240376 3247792 3298502 3414236 3444732 3558509 3560956 3598051 3675710 3748184 3750981 3784341 3829945 3861059 3893609 3903066 3909448 3921694 3942040 3965822 3982528 4032904 4071084 4075444 4079740 4082117 4167132 4218403 4233374 4246282 4286161 4308579 4365711 4391122 4405474 4409745 4412144 4423290 4431762 4498719 4538332 4909634 4945831 4976205 5003648 5088311 5126568 5158962 5179273 5256898 5296602 5303908 5361454 5368050 5401928 5404817 5480559 5505878 5513133 5524547 5528795 5536666 5620456 5660652 5667183 5689101 5800412 5804965 5899006 5943802 5991747 6020753 6090049 6145740 6183182 6191712 6194984 6208160 6217391 6266661 6317510 6370540 6453630 6454840 6476847 6494006 6530519 6566655 6571319 6582644 6587066 6599802 6697022 6700060 6703974 6743937 6820962 6827902 6844860 6847054 6879525 6891787 6958930 7079191 7104489 7119888 7141294 7180750 7233615 7294967 7296879 7376872 7399777 7412101 7465248 7541852 7548124 7656977 7672191 7691228 7696245 7698161 7728496 7771975 7776271 7786966 7791403 7881750 7944350 7969141 8074828 8100610 8103323 8154625 8156096 8218103 8219798 8255735 8286542 8372651 8421295 8427593 8454730 8477296 8487027 8493060 8519361 8566465 8596865 8628390 8671523 8686095 8712997 8731630 8757305 8830002 8937756 8981130 9090920 9129987 9138210 9169086 9248724 9289424 9526554 9530908 9584551 9610768 9611968 9678390 9709115 9740752 9751860 9771363 9978357 
</Matrix>
<Matrix name="Neuron_117" type="complete" rows="1" columns="1363" multiplier="1.0">
   3477 5241 7270 13580 24928 26770 28563 34439 35532 37611 43486 71520 73452 87756 92269 108577 114365 123680 126820 137417 140081 150223 153732 172074 179386 182074 188068 202578 219669 221258 224016 241268 244863 246848 258253 270701 275882 278846 288427 296653 305767 306829 328623 339203 343452 350203 351873 362797 371829 376192 384250 399974 405256 410929 417500 431586 434503 441562 442569 445633 449908 472652 480375 498698 501272 506192 507152 511740 549074 554093 569870 574507 579103 585141 586702 588937 594064 599874 604338 605805 612854 615990 630202 637738 646734 652485 664487 666313 672532 673827 686484 695894 697203 700459 704580 715226 717783 720930 724557 735038 739249 748248 760230 769094 770763 773884 779463 784050 788502 791036 799239 806068 814850 817736 819291 826178 827963 833619 834959 853346 854670 856075 858321 868357 871785 879829 884536 886007 888351 889041 892160 898366 909405 913885 917261 935671 943918 946399 950106 952333 957620 968938 979897 981732 983277 987542 1000282 1001813 1010882 1015578 1020118 1027274 1039836 1067085 1075919 1080011 1088671 1108097 1113045 1115876 1117973 1126296 1140742 1141430 1144220 1152136 1156999 1158293 1168034 1190743 1192366 1195088 1198047 1204726 1215500 1219681 1231729 1249096 1267179 1274500 1282377 1284808 1290497 1305974 1311435 1315508 1316969 1320464 1323689 1328871 1335909 1339099 1346630 1362797 1370353 1371782 1387144 1390339 1393096 1404270 1418380 1430962 1440544 1444019 1447020 1456606 1474660 1484385 1486502 1499436 1503500 1523510 1529659 1531787 1544521 1546830 1557004 1571184 1574207 1576786 1591440 1600195 1626394 1634708 1652897 1654579 1661741 1676184 1678786 1692554 1694644 1706361 1707609 1716172 1718992 1734863 1739242 1745372 1749621 1752616 1754061 1764643 1769716 1777144 1790747 1795316 1799559 1803910 1810479 1814127 1815633 1820613 1832573 1834954 1836047 1838523 1841884 1847775 1851743 1853101 1855126 1864013 1870309 1877032 1879799 1900406 1905556 1920560 1923823 1938964 1944188 1945860 1947368 1949938 1957669 1959215 1963957 1971136 1974258 1976095 1984696 1995661 1997242 2001001 2022309 2024379 2031387 2037280 2041159 2047844 2053699 2057061 2066040 2077192 2079488 2085824 2087050 2099114 2117805 2121257 2138757 2151258 2162893 2167410 2178312 2186727 2203227 2204567 2208450 2223932 2226981 2233557 2243764 2259305 2265982 2277267 2282171 2288789 2292092 2309556 2311249 2324484 2345694 2347583 2355935 2361175 2363291 2378533 2380399 2389108 2391818 2396684 2403792 2410129 2414955 2421357 2437894 2445749 2457422 2459057 2466186 2467774 2474225 2475292 2483850 2486741 2494920 2502156 2514457 2522655 2529187 2535763 2546190 2551862 2559860 2565973 2572251 2582207 2584088 2590436 2593838 2616433 2617732 2620225 2622216 2634807 2636564 2638395 2647821 2661380 2670036 2679727 2681076 2687295 2689456 2699573 2700618 2717601 2720533 2721678 2735341 2745188 2760801 2770874 2777871 2783050 2793773 2795848 2838695 2841061 2848867 2858646 2866946 2883635 2884614 2889165 2891717 2893927 2902971 2912967 2949694 2972061 2982435 2984344 2993542 3016692 3018007 3033468 3039772 3051295 3060137 3070078 3072012 3084125 3092884 3095084 3103585 3113102 3114361 3116066 3124619 3139349 3152258 3168272 3170855 3173690 3196660 3197765 3206493 3218291 3224581 3230059 3232498 3239413 3243385 3257551 3262233 3266605 3269714 3274629 3289034 3299770 3318974 3324523 3339893 3348606 3356789 3360430 3398894 3402471 3407003 3413927 3416823 3432100 3436688 3439475 3445326 3453119 3459110 3467936 3470556 3478591 3486925 3502266 3507407 3510984 3512734 3516993 3520344 3521264 3524927 3536864 3537847 3539726 3541694 3547539 3550196 3557019 3568912 3570787 3577578 3581407 3589967 3592413 3594186 3598314 3600124 3604885 3610819 3615380 3620578 3623147 3626003 3635874 3643977 3648572 3660714 3665032 3668145 3673421 3684121 3690359 3696491 3705336 3709757 3713247 3714489 3731906 3742719 3746245 3749185 3750488 3753688 3763719 3775071 3778383 3779941 3787813 3790183 3803717 3819667 3839490 3844671 3848063 3849611 3856469 3864122 3870514 3879254 3883156 3894193 3896431 3902854 3914495 3918879 3924660 3925511 3936642 3937648 3939630 3952602 3956032 3959688 3963419 3966742 3974124 3983816 3987864 3991080 3992538 4000411 4013012 4015664 4019484 4024809 4027238 4031180 4032685 4054015 4061293 4078363 4088094 4103393 4118807 4125359 4126731 4128103 4131582 4158827 4171776 4173365 4183215 4193290 4202666 4206577 4208765 4214188 4216228 4220869 4221912 4227232 4235145 4244037 4246584 4252111 4260057 4293542 4311818 4329502 4333938 4339861 4340889 4344729 4348576 4353733 4361781 4366561 4372836 4388862 4393625 4397267 4403641 4410835 4417060 4423829 4434907 4444961 4449042 4450250 4462999 4471944 4478767 4489603 4504960 4512966 4516408 4524905 4538693 4545923 4548469 4563892 4568616 4572907 4593899 4597914 4628934 4630660 4633528 4637714 4648840 4652874 4661058 4667093 4668932 4675676 4680897 4681689 4685593 4691534 4724022 4734549 4740812 4748437 4762882 4771334 4773311 4782184 4789298 4796376 4797263 4798685 4809194 4817219 4819037 4823483 4827155 4842552 4845406 4864249 4871600 4875977 4905519 4916110 4917939 4923779 4925137 4930873 4936119 4945234 4948859 4970990 4972135 4974297 4976809 4995536 5000177 5023178 5027806 5030509 5035233 5045427 5047476 5057422 5065065 5071478 5074728 5086112 5090555 5095386 5112349 5113945 5119482 5120915 5131564 5133621 5151713 5159879 5161193 5164871 5168549 5176413 5182369 5185675 5197126 5202154 5215802 5225798 5227396 5240306 5256822 5266664 5281208 5282529 5288152 5299912 5305317 5317661 5333759 5336622 5341183 5352134 5359340 5395769 5400024 5403568 5421290 5425440 5427180 5429530 5446222 5452907 5467356 5469662 5474863 5486310 5491213 5498260 5504026 5506638 5519885 5522010 5529740 5532463 5535540 5539773 5548875 5550872 5552890 5554392 5556765 5561160 5565947 5590711 5627282 5628298 5653850 5662414 5681213 5687996 5699615 5701778 5709050 5710943 5713153 5717722 5721578 5741836 5743716 5744765 5746518 5753102 5758247 5765684 5767621 5774111 5787788 5799624 5810189 5813320 5814629 5821399 5823536 5830925 5835663 5849387 5851875 5866821 5868789 5869762 5896087 5901189 5904590 5907174 5909131 5914678 5921766 5929821 5933307 5942044 5944988 5953525 5962834 5971054 5976521 5979162 5992749 5997433 6009598 6016634 6022930 6026406 6029359 6033456 6036534 6038520 6039935 6045746 6047827 6055413 6057529 6066446 6088900 6093995 6096264 6110544 6120033 6121523 6128809 6130004 6134268 6135914 6149524 6162605 6166691 6171438 6177548 6187120 6192945 6197823 6204552 6205982 6209639 6212577 6222092 6222882 6238558 6241020 6244262 6246649 6249657 6258559 6261318 6265431 6279011 6285026 6287164 6291477 6294758 6297845 6312770 6318243 6321312 6324806 6327662 6347426 6381066 6406074 6411139 6417282 6427554 6438248 6443436 6448790 6459944 6461497 6467481 6472665 6475403 6489110 6494747 6515746 6527176 6540879 6543711 6560989 6566083 6570206 6572516 6577586 6579977 6583475 6589473 6595539 6597576 6602560 6607097 6610719 6628381 6632280 6638938 6642432 6667267 6678139 6680345 6682370 6687691 6692503 6699376 6703052 6714946 6718905 6734214 6735038 6741687 6747598 6758991 6772817 6783866 6794244 6795310 6797969 6799847 6804311 6807042 6818273 6821240 6822888 6825933 6828849 6837747 6841439 6845469 6856355 6866307 6867945 6877931 6897781 6915686 6921043 6928924 6933211 6940456 6950297 6957599 6965130 6966996 6969164 6971443 6972260 6973265 6978810 6988303 6993255 7003023 7004562 7015404 7021619 7036543 7038740 7046646 7047509 7050847 7060242 7065446 7067357 7069687 7075032 7086792 7094536 7101416 7110021 7111084 7113177 7116176 7123504 7130374 7139364 7146837 7155523 7173306 7193185 7205098 7210359 7212223 7217160 7220598 7230423 7240805 7248708 7255933 7259850 7268833 7276812 7281906 7284037 7289590 7290949 7292565 7295566 7298100 7299917 7305830 7312892 7320564 7347430 7349546 7352508 7355491 7367143 7371856 7402074 7420170 7428674 7434138 7449085 7450791 7457968 7463677 7465889 7481274 7485956 7502426 7513699 7520609 7534508 7544640 7548361 7550695 7552482 7555171 7572861 7574280 7576522 7588649 7589963 7598239 7602466 7605661 7607875 7619031 7621884 7624357 7645257 7649959 7683892 7689408 7694117 7726760 7738333 7747859 7760092 7761677 7765396 7766458 7771496 7776691 7794032 7810751 7819633 7822364 7826921 7829700 7844736 7853532 7855581 7870870 7875107 7878882 7882177 7883840 7886497 7890963 7898189 7901461 7902923 7915923 7918800 7926687 7935708 7941817 7943054 7945397 7946577 7953818 7963967 7968704 7979139 7983848 7990176 7993585 7998476 8002428 8003672 8014475 8021839 8031028 8033013 8039247 8045278 8047828 8054420 8055767 8070093 8072551 8075735 8093541 8100246 8103728 8107732 8112792 8114226 8121949 8128376 8130931 8132777 8135850 8141499 8142890 8149309 8153673 8173957 8178732 8182642 8185185 8188320 8189911 8198437 8210334 8215035 8218026 8220692 8230243 8233988 8241905 8250743 8254495 8256899 8262427 8264436 8271419 8279208 8283457 8285248 8289594 8296232 8318045 8330885 8336787 8338116 8340858 8354583 8361611 8365053 8379861 8382059 8387620 8391543 8394272 8397759 8410830 8413104 8417685 8422164 8424482 8425511 8433285 8442705 8456610 8458202 8465901 8469120 8475026 8494894 8501641 8511271 8515543 8519109 8526911 8527924 8532852 8538610 8540375 8542256 8548359 8549736 8556750 8558292 8565728 8569242 8583022 8589935 8592806 8594060 8606548 8613020 8637598 8638888 8642111 8654965 8662795 8663867 8665570 8668933 8680337 8688071 8691654 8714044 8716760 8726483 8730239 8732099 8740986 8750423 8755029 8759643 8767925 8778943 8781562 8792788 8802515 8804589 8806970 8810344 8816207 8821520 8837606 8840394 8846388 8849799 8851173 8857082 8863528 8879735 8882894 8896233 8897566 8907802 8920000 8921852 8929124 8933958 8941063 8943672 8948387 8953158 8957029 8968999 8979071 8988777 8992710 8995062 9000229 9028598 9034732 9043125 9051986 9054859 9058878 9065838 9067115 9073387 9089707 9105219 9110067 9144640 9145864 9156139 9161104 9179790 9187114 9196132 9201337 9206822 9231486 9241907 9243476 9247754 9260932 9266347 9271357 9279177 9280713 9288137 9298818 9301948 9312002 9313093 9315896 9335790 9340774 9344299 9353756 9358672 9361260 9362447 9365424 9380982 9392368 9394481 9403761 9406559 9417380 9419354 9446976 9453062 9462844 9467775 9476717 9493501 9504070 9515619 9533646 9535219 9544608 9548793 9549842 9559194 9564148 9571707 9575473 9589030 9598124 9611825 9615944 9619516 9624066 9629803 9644244 9659925 9669403 9672242 9696062 9701689 9720979 9727882 9745514 9752177 9754526 9763425 9772132 9775733 9799936 9807364 9808904 9818157 9823566 9836844 9845698 9855991 9876024 9882539 9890987 9899663 9901368 9922971 9930069 9954160 9955732 9956858 9958390 9967528 9968726 9992669 
</Matrix>
<Matrix name="Neuron_121" type="complete" rows="1" columns="1490" multiplier="1.0">
   16499 26056 31857 36995 39274 42912 44656 48825 53131 54671 70180 71992 74298 82606 87722 91579 93033 105822 116625 120536 124952 129014 136079 137885 139553 144006 146478 147549 152213 154053 155992 158969 163178 182340 183427 186102 190645 204540 211254 223700 229201 230652 253514 267698 276535 282294 288140 291690 306423 316713 320019 334269 335944 341953 347233 351901 354321 355672 358980 366062 371419 374648 381112 394035 403940 405955 407044 409788 418752 424298 428197 434320 445008 456990 467152 468783 479063 480438 492439 493270 499283 502537 512227 521602 533728 554596 562608 569157 569883 576328 580828 582398 583611 596960 609813 616575 640738 643375 647251 654743 660500 672349 682834 686754 691690 696312 702329 705576 713462 714682 717886 720360 725694 730453 732781 744259 745562 753624 759409 761885 764659 766883 769443 787844 793905 807966 809610 811738 815713 834926 853548 866541 867762 870584 872857 875429 882029 884727 889370 915900 917866 919558 935973 938230 951617 954071 976971 978809 981559 985504 988057 993566 995727 997540 1007717 1016395 1023967 1026239 1033474 1039216 1040399 1046022 1048868 1052375 1053620 1054938 1056151 1057907 1065405 1069987 1070556 1074035 1077545 1088403 1093494 1094651 1097923 1102324 1106169 1111080 1118299 1123668 1126229 1132189 1134976 1142059 1151641 1168923 1174174 1185778 1190057 1194451 1210492 1220175 1222492 1225302 1237669 1249665 1257513 1260060 1264685 1268628 1291771 1299293 1301361 1312831 1319477 1321412 1323816 1328603 1341352 1345529 1351416 1372268 1375383 1378466 1379785 1383924 1385608 1386647 1389557 1393355 1394280 1396541 1405468 1410950 1412797 1429290 1432773 1447022 1449787 1451569 1455888 1459003 1464722 1467882 1472056 1473860 1474577 1478858 1486987 1503001 1515172 1526490 1531888 1536340 1546347 1548556 1561091 1564465 1571316 1583993 1592566 1596356 1606521 1608419 1611739 1613168 1614906 1618095 1624642 1634470 1636724 1643590 1648741 1653393 1657692 1659640 1668984 1670845 1674035 1686890 1698788 1718551 1720436 1721727 1731434 1755046 1756486 1759283 1761294 1775128 1785922 1792759 1794203 1796920 1822851 1826273 1827992 1829054 1830423 1843078 1848742 1854916 1871241 1893217 1894542 1895674 1906640 1910721 1921494 1930473 1935633 1936933 1944820 1945760 1948892 1951594 1962582 1965061 1967538 1972949 1979591 1982215 1999618 2009956 2012540 2024534 2026808 2029581 2031719 2034360 2056362 2060533 2062458 2066679 2070286 2082690 2083889 2102404 2104738 2105536 2111904 2118215 2119818 2144670 2148445 2153034 2155572 2159827 2168444 2169864 2176240 2181959 2189414 2194982 2197543 2200665 2206800 2223457 2224266 2227228 2229595 2230412 2238668 2242954 2247080 2252023 2274117 2290576 2297656 2300923 2314800 2318158 2322030 2333247 2333936 2339729 2349453 2353228 2355701 2358176 2370203 2373066 2384914 2412058 2416151 2418181 2426956 2432561 2434559 2442683 2444451 2452064 2454285 2467958 2474234 2488147 2497430 2501166 2503029 2508133 2509351 2513861 2516401 2527644 2537517 2551677 2558922 2561433 2571249 2585428 2588398 2594335 2600898 2605701 2614395 2621789 2634002 2642747 2659154 2665273 2677428 2683712 2694098 2696791 2704449 2710691 2716445 2729574 2734192 2756079 2765039 2769562 2783242 2787013 2789453 2798668 2802731 2817880 2820642 2848547 2851419 2855026 2868495 2874126 2897992 2909251 2910718 2915265 2927249 2928228 2930184 2936788 2938345 2948214 2949361 2957389 2958724 2968470 2972867 2974638 2976461 2978096 2986538 2991961 2994847 3009168 3017854 3024372 3035868 3039827 3042084 3050437 3060830 3064634 3069162 3080993 3106897 3107968 3113233 3116769 3118273 3119680 3131691 3138768 3141314 3144398 3147701 3148747 3154332 3158424 3170255 3174837 3187545 3190661 3203452 3206281 3212171 3222242 3225222 3229282 3235590 3247692 3257704 3268338 3270453 3286607 3304835 3307479 3319969 3337429 3341089 3370086 3371642 3373263 3374577 3377648 3383685 3388455 3419733 3420929 3424873 3430291 3433295 3436611 3446031 3447859 3455981 3466279 3468614 3482924 3500245 3501403 3504184 3506191 3509003 3514014 3518271 3520405 3522717 3540741 3544516 3548254 3550158 3557744 3560978 3564262 3568695 3570874 3588152 3589657 3599820 3600680 3610992 3616272 3631257 3641625 3649650 3656236 3663439 3667913 3669289 3673269 3675074 3684008 3685310 3691320 3692630 3711890 3731374 3734431 3740307 3742590 3745638 3747166 3754662 3762227 3771957 3777897 3787738 3791456 3801776 3804817 3806366 3810110 3815699 3833926 3844791 3846525 3856529 3861062 3864394 3865558 3867430 3870494 3878374 3882720 3891383 3898245 3919467 3921307 3931323 3941074 3962296 3967557 3971821 3978071 3981386 3988728 3990372 3991198 3993223 3996176 4004722 4011546 4014547 4021582 4028985 4039792 4042578 4045367 4046762 4062677 4063953 4076254 4084370 4094833 4107007 4110101 4111475 4122191 4134496 4137309 4141066 4145910 4148518 4152311 4158363 4160805 4176802 4183730 4189182 4194470 4195879 4214304 4214973 4216184 4219140 4222988 4226802 4233933 4242345 4245426 4254486 4263965 4265948 4269421 4275789 4282114 4301820 4304493 4320058 4324067 4325783 4338877 4340506 4347895 4354681 4357242 4360204 4370824 4371705 4372902 4377136 4386409 4392292 4395141 4411490 4417014 4418819 4434949 4438630 4449477 4454553 4455439 4481730 4483524 4486223 4491067 4498197 4507475 4514808 4524426 4531916 4538008 4540485 4544407 4549550 4564148 4575138 4578096 4580813 4585040 4595260 4599808 4605597 4611047 4615218 4618046 4646877 4649997 4662990 4665627 4672153 4676077 4689583 4706682 4722846 4723960 4726845 4728921 4730315 4732978 4734133 4744206 4745770 4749490 4751152 4759886 4767995 4775678 4790557 4793670 4803811 4805474 4809710 4819499 4822926 4830928 4841640 4845257 4859782 4862465 4868359 4884625 4891653 4894762 4897156 4904167 4905689 4909102 4913051 4916255 4920619 4924231 4926776 4937828 4944471 4947649 4963364 4965874 4972904 4976135 4978115 4983758 4987436 4996974 5002715 5006128 5008128 5013481 5031945 5038774 5041526 5046136 5047889 5049058 5052982 5059094 5066680 5070124 5071757 5090052 5103862 5119421 5123184 5126471 5131403 5147030 5150612 5158177 5160270 5163070 5177857 5190985 5200036 5200928 5209146 5219568 5227323 5229785 5237654 5245355 5249111 5256573 5263255 5266220 5268189 5269390 5277855 5288599 5303544 5329446 5334221 5337724 5342768 5346489 5348816 5354157 5357529 5359575 5363298 5365392 5371023 5377989 5394064 5396768 5397829 5400986 5404369 5405689 5409333 5415438 5423527 5430446 5434630 5451136 5452812 5460769 5473667 5480516 5487142 5496134 5507677 5509788 5516248 5518736 5520417 5523879 5527122 5530986 5535844 5547076 5549389 5555425 5572737 5580477 5584823 5588339 5591381 5602115 5610205 5611715 5634535 5638664 5647195 5648803 5654772 5665916 5667467 5669884 5670929 5679772 5684294 5697072 5698011 5699906 5701590 5712100 5728301 5730858 5734110 5741754 5747569 5755981 5765976 5769354 5788038 5789536 5802213 5819588 5824181 5840360 5847748 5861263 5867466 5876518 5882086 5892679 5895352 5896285 5899676 5913830 5925561 5937408 5938718 5950548 5951842 5970079 5990002 5994130 6000070 6006422 6022066 6024136 6025157 6040577 6044107 6065394 6077237 6079656 6083614 6085897 6090970 6094393 6113193 6145719 6163140 6164285 6178094 6190527 6192826 6194825 6196691 6202238 6223192 6236665 6244734 6254561 6256085 6264899 6277735 6281353 6283009 6288337 6291418 6295270 6306394 6318911 6321625 6323776 6335954 6339760 6341541 6343802 6345375 6359925 6368227 6375941 6378506 6382062 6399455 6401348 6403948 6409782 6423033 6430193 6431651 6433822 6437648 6439191 6451082 6452068 6455679 6466841 6480013 6481824 6482886 6488950 6491845 6495005 6497305 6498264 6506568 6511560 6524403 6525459 6526597 6529140 6531704 6532829 6539474 6548495 6570714 6575057 6585073 6592120 6599909 6601899 6624021 6629243 6648950 6663574 6677228 6680810 6684300 6688323 6690577 6717639 6725212 6742315 6755511 6759229 6765607 6767062 6769241 6773677 6775088 6790113 6795939 6799444 6803284 6805104 6811630 6815864 6822126 6825465 6830160 6839900 6842688 6845409 6852988 6855354 6864345 6868882 6871733 6880273 6884062 6885234 6888235 6903149 6916932 6921447 6924681 6929414 6931214 6932606 6940876 6945444 6951727 6956548 6962780 6972248 6974023 6979372 6993293 6995651 7004931 7018272 7025028 7053808 7054835 7065835 7081711 7082856 7084505 7087388 7095175 7098537 7105252 7111271 7116442 7132386 7133781 7140943 7158918 7178657 7187394 7192035 7193551 7202261 7205193 7216409 7226773 7230332 7232203 7234254 7239085 7252431 7255577 7263313 7283565 7290809 7293100 7299354 7301855 7305785 7309114 7311464 7333588 7340326 7351779 7356083 7374794 7378386 7379246 7382079 7384570 7388785 7393028 7396467 7408615 7420314 7422168 7427410 7431374 7435326 7449565 7452650 7470671 7473704 7477128 7490884 7507014 7514726 7516161 7518563 7529047 7534764 7551893 7557690 7559213 7560714 7565209 7568921 7570436 7579107 7583313 7600221 7601374 7609413 7624838 7630242 7633951 7652964 7654468 7660671 7663348 7666543 7668814 7673328 7684256 7696290 7701619 7704850 7709894 7722493 7731168 7736547 7745550 7749102 7760358 7767945 7771620 7772870 7777227 7784135 7785515 7793040 7794298 7805698 7810060 7812845 7819743 7831082 7833582 7836446 7841969 7843708 7856496 7860206 7865297 7867822 7879959 7894167 7895762 7898856 7902063 7906713 7910845 7926431 7932339 7934715 7946482 7949517 7956493 7962508 7977992 7979603 7984810 7993496 7995906 7997714 8000077 8002573 8012413 8026328 8035011 8049044 8053463 8058739 8075876 8080203 8089687 8094199 8100753 8104328 8111947 8114098 8127888 8129748 8135250 8147050 8151244 8157803 8162253 8168181 8176600 8190662 8196586 8198921 8200667 8206315 8211606 8216780 8221057 8253093 8259889 8264652 8270998 8278481 8287900 8293741 8295044 8296347 8300093 8307885 8310905 8326260 8347856 8358095 8363173 8373994 8382754 8408063 8409531 8413714 8427527 8429795 8430666 8444274 8448480 8452813 8458888 8475928 8480355 8481789 8483773 8490052 8492905 8498110 8500153 8508257 8513134 8515538 8517105 8519051 8524875 8528973 8530766 8549674 8553777 8560789 8564843 8571124 8604625 8614181 8621473 8627681 8630541 8633873 8647169 8652450 8654008 8676133 8678269 8690505 8691748 8694033 8725266 8735981 8744620 8770173 8775760 8783169 8794963 8796445 8802011 8803827 8811998 8818712 8822891 8838813 8852050 8855493 8860553 8865702 8875675 8876466 8878737 8883428 8894377 8904552 8906862 8909821 8911217 8913632 8915398 8926570 8933394 8937700 8940954 8945259 8956295 8960754 8968076 8976892 8979157 8989475 8994029 8995878 8997534 8999311 9005646 9013448 9017318 9020560 9029789 9032685 9051408 9059038 9068268 9071977 9078854 9082962 9088762 9093834 9096685 9100161 9105673 9113382 9123208 9139165 9157315 9165724 9171383 9174134 9177059 9191587 9207595 9208814 9215967 9220888 9223820 9225625 9244852 9254388 9257207 9265133 9267678 9271380 9276887 9282664 9289885 9292261 9294526 9302796 9309460 9332486 9341966 9344781 9351057 9363917 9372460 9383755 9388375 9391170 9395408 9398448 9420032 9422932 9426497 9430435 9441783 9456595 9457830 9467738 9473593 9478702 9486560 9495859 9501321 9507618 9509985 9513602 9519647 9523387 9540489 9551186 9552337 9564956 9565924 9568577 9569604 9571585 9572856 9575569 9586090 9590113 9602086 9602782 9604894 9610219 9615864 9617060 9627947 9637073 9639845 9641786 9651474 9656085 9661652 9674573 9678230 9683529 9685560 9702297 9709323 9724015 9732552 9736970 9749958 9753356 9755528 9758013 9764177 9769732 9774139 9776302 9778341 9789034 9799415 9803988 9811908 9814821 9816675 9817875 9821027 9834967 9839892 9841410 9842727 9848240 9852095 9862373 9887263 9888810 9903254 9906540 9908686 9917945 9924105 9925348 9929216 9930232 9935589 9940645 9942380 9944619 9954851 9960482 9963265 9967147 9970530 9974441 9976431 9977767 9991860 9995366 
</Matrix>
<Matrix name="Neuron_124" type="complete" rows="1" columns="5088" multiplier="1.0">
   1370 2251 4454 9052 11641 13697 15905 17988 19834 21488 23503 25186 26028 27179 32632 35061 37087 39781 43412 44423 45079 46275 47312 48118 49410 51275 52608 55834 57126 59643 61146 62622 64854 67810 69750 74962 78388 80072 81451 85205 86918 87702 89143 93587 96988 99389 101177 103785 105567 108105 110391 112109 113257 114175 115590 117226 118856 120342 121098 122049 124112 126232 127026 128241 130395 131942 133208 135102 135958 137978 139343 140222 143409 145494 148811 149887 152880 154126 155277 156094 157917 160779 163123 164399 167496 170543 172098 174167 175672 177975 179098 181969 184662 186282 187561 188704 190256 191097 192161 193772 195129 197867 203408 206195 208530 210306 212020 213527 216070 217045 217955 220695 222105 226025 227529 228940 230217 231356 233014 235546 238689 239642 243788 245088 246931 248255 249633 250564 253225 254273 257592 258999 262804 263377 265430 266284 267808 272636 273790 275647 277692 278338 279168 279897 281232 283067 284652 287139 288638 289585 290933 292111 293057 295391 300722 302691 304243 305701 307152 308442 310192 311360 313078 316536 318453 319783 320633 323285 324783 326207 326869 327629 333189 336703 338062 340462 341922 343260 344398 345561 347690 348922 350416 352313 353525 354377 356135 359248 359987 361451 367451 370785 372932 374637 377584 380537 381870 383982 384928 387611 391957 393010 396510 397496 399143 400749 401718 403114 404181 405281 406541 407492 409149 409796 411265 414349 415959 422984 423702 424799 426815 427712 430365 434680 435947 437228 440449 441503 446784 447649 449215 451959 453068 454492 455222 459194 459930 462287 463562 465260 466348 468657 469706 470773 471773 475497 476959 478146 479258 480891 485717 488512 490469 492383 493248 494240 496649 501470 503226 506700 508846 510080 510807 514989 516897 517927 521184 522891 526127 527534 529065 532225 534504 536033 539318 541691 544360 545244 549379 551258 552376 553685 554729 558820 561464 563581 565989 568753 569630 573696 576066 577593 578674 580476 581586 585126 586999 587721 590982 591553 592975 594343 595929 597486 601226 603104 605633 607573 610169 612049 613698 615007 615835 619044 620296 621222 622565 625171 627971 629968 634050 634986 638205 639965 641831 644020 646133 647107 651111 653868 655259 656501 657048 658850 660311 664635 666055 667634 668477 671205 672169 674563 676871 677866 678513 681047 682065 682896 684280 686376 687171 688955 690094 691351 692801 693927 697451 700724 704231 707319 708531 709202 712419 713040 714428 717307 718882 720260 721106 722798 726516 727408 728739 731224 733272 734552 735732 737396 739125 743021 744877 747577 749825 750660 752110 753339 754550 760129 761736 762436 764851 769873 770713 773956 774779 775468 777379 778731 780659 781351 783323 784501 786032 789774 790784 791860 793107 794225 796789 797554 799529 802240 803093 804611 807030 810799 812146 813096 815573 816629 818130 818765 820680 822155 826820 829881 831352 833656 834922 838242 839132 840128 844408 847145 847962 850423 853922 855426 858329 859878 862204 863373 865875 868509 869784 873006 874176 879434 880787 882377 884186 885118 885964 888746 889941 891283 895378 899369 900873 902332 903676 904983 906588 907623 910880 914531 916248 917914 919707 920376 921208 922605 924060 925077 925604 927039 929337 930870 931616 932644 934450 935500 936389 937471 938954 939935 946334 948072 949745 950944 953254 954007 955390 957300 958526 960077 962517 965604 968463 970298 973353 976087 978070 980700 983864 985447 986913 988520 990085 991442 994388 995405 996709 1000028 1001385 1003097 1004027 1006507 1007915 1009956 1011929 1012734 1014745 1019418 1020557 1021392 1023003 1024968 1026722 1027794 1029359 1031308 1032613 1033715 1035050 1038768 1039687 1040720 1043526 1046385 1049841 1051408 1053662 1055823 1057518 1059776 1062192 1062937 1063932 1065087 1067731 1068310 1070376 1072670 1073401 1075216 1076723 1077625 1078567 1082870 1086006 1088091 1089996 1091520 1092903 1094450 1097998 1098655 1100921 1103076 1104265 1105676 1107112 1110220 1111420 1113456 1122270 1125183 1126991 1128359 1129663 1130984 1133145 1134615 1135839 1137245 1139394 1140395 1142209 1143234 1145166 1146553 1147591 1148744 1149836 1152104 1153598 1156559 1162004 1162614 1165094 1165984 1167381 1169704 1171375 1172453 1174118 1178216 1181377 1182517 1183539 1185551 1186927 1188459 1194841 1196105 1198347 1200778 1201580 1202968 1203820 1205395 1207168 1211292 1214856 1216378 1218833 1219463 1220192 1221048 1221783 1223328 1229468 1230956 1232416 1233605 1235015 1237640 1241857 1242907 1246932 1249414 1250847 1252132 1253894 1257274 1258213 1259789 1261967 1264635 1267993 1271790 1272658 1275303 1277949 1279294 1280216 1282056 1283935 1286860 1288460 1289648 1292136 1294846 1295912 1297211 1300897 1302024 1304760 1306484 1307968 1308868 1311159 1316514 1318437 1319300 1322042 1323859 1324914 1329135 1329913 1331302 1332060 1334893 1335612 1338219 1339127 1340297 1342026 1342823 1344511 1345332 1348477 1349669 1353818 1355540 1356779 1357578 1361948 1366105 1367095 1368157 1368995 1369804 1373401 1374222 1375269 1376181 1377066 1379472 1380727 1382460 1383764 1384963 1387621 1388812 1390247 1391520 1394015 1395482 1401516 1403713 1404302 1405232 1407298 1412111 1415729 1416867 1418091 1419557 1420862 1421527 1424596 1425711 1427309 1428220 1428716 1429602 1430991 1432054 1433347 1434297 1437472 1439513 1441045 1442350 1445390 1447922 1449852 1451107 1452735 1457294 1459204 1459947 1463392 1465956 1467751 1475106 1475823 1477990 1480308 1482823 1485097 1486498 1490613 1491159 1492533 1493541 1494909 1496713 1499620 1501062 1501934 1506219 1508279 1511064 1512116 1517963 1518821 1520005 1522386 1523735 1525294 1526703 1529912 1530940 1533586 1535884 1537396 1538603 1541952 1543488 1544926 1552710 1554846 1555656 1556786 1560981 1562846 1565190 1566179 1567330 1569000 1570604 1572801 1576162 1577497 1579765 1582221 1583084 1585286 1586231 1586947 1590006 1590709 1592877 1595553 1596393 1599830 1600976 1601860 1602889 1603774 1607152 1608847 1611466 1612869 1614800 1616996 1617698 1619790 1620592 1622035 1623302 1624130 1626518 1628411 1630164 1632464 1633553 1634913 1636737 1637470 1641583 1643370 1646060 1647810 1649420 1650546 1652302 1653025 1653901 1656494 1657393 1660625 1664729 1666101 1667438 1668441 1670278 1670926 1672289 1673895 1675600 1678990 1680565 1683558 1686582 1689034 1693810 1694839 1696794 1700407 1701511 1703358 1704707 1707260 1709672 1712436 1713377 1714742 1715608 1716230 1717109 1718379 1719405 1720113 1723109 1726397 1727874 1730152 1731650 1734139 1735598 1738968 1740168 1741238 1743088 1744624 1746848 1748404 1749514 1751323 1752426 1754949 1756783 1759973 1760815 1763337 1769831 1771059 1771852 1774644 1775926 1777155 1778296 1781915 1785855 1787134 1790181 1792058 1792858 1796583 1798093 1802267 1805240 1805960 1806942 1808310 1811153 1812707 1814908 1816209 1817320 1819242 1823061 1827043 1827837 1829451 1833500 1835949 1836664 1838762 1840018 1841844 1843205 1844666 1848204 1848963 1850439 1851836 1853821 1856653 1859177 1860819 1862406 1866993 1872444 1874684 1875983 1877938 1880006 1883061 1887272 1890221 1891204 1892947 1893491 1895458 1897730 1898979 1900578 1902270 1903696 1904861 1907679 1908529 1909314 1911641 1912341 1915038 1916653 1918799 1924108 1926269 1929827 1931512 1932551 1936175 1938490 1941784 1944357 1945028 1949364 1950668 1951982 1953629 1955242 1957246 1961157 1962471 1963483 1967075 1969556 1971858 1973091 1974265 1977887 1979819 1981696 1982650 1984387 1985330 1986526 1989907 1990533 1993069 1995523 1997114 1998977 2000022 2002823 2004291 2005429 2008571 2010722 2013546 2015670 2017971 2019172 2020695 2022999 2024068 2027146 2030140 2031421 2034548 2035807 2037137 2038283 2039666 2041970 2043146 2045675 2049971 2053387 2057005 2058839 2059501 2062360 2064770 2067813 2068681 2069949 2071304 2072841 2074082 2074871 2076473 2081488 2082858 2084569 2086957 2088183 2090394 2091379 2093441 2096503 2097852 2098711 2103678 2108233 2109357 2110502 2111411 2113246 2115690 2117075 2120072 2121391 2123706 2124785 2125391 2127605 2130236 2130929 2135138 2136411 2138176 2143989 2145358 2147051 2147725 2149146 2151591 2153551 2156310 2158837 2160825 2162025 2163631 2165632 2168628 2174438 2175206 2178008 2178687 2179889 2181636 2183043 2185577 2186516 2187580 2191521 2192379 2193685 2196402 2198111 2199642 2201505 2202519 2203302 2204327 2205211 2206922 2207685 2208526 2210291 2216619 2218450 2220611 2223160 2224312 2225518 2226908 2228457 2231772 2233440 2234324 2235235 2236042 2239266 2240650 2241813 2242656 2244037 2245765 2250031 2252743 2254121 2255991 2260015 2261238 2267216 2268842 2269790 2271035 2272038 2272810 2274707 2276342 2278086 2279118 2280925 2285138 2286043 2288225 2291697 2292270 2292975 2295985 2298270 2299269 2300278 2301514 2302527 2303610 2306813 2308736 2311848 2314238 2316712 2318590 2320351 2326714 2335102 2337221 2343051 2343771 2346253 2347962 2349432 2351821 2352895 2355385 2356802 2357922 2358783 2361004 2362766 2363385 2364410 2365312 2367476 2368338 2370402 2374023 2376476 2377628 2381082 2383046 2385554 2388934 2393751 2396644 2397739 2399080 2400432 2401622 2403887 2406064 2407192 2408314 2410159 2411009 2412445 2413840 2414964 2416684 2418856 2422284 2424982 2427881 2430481 2433779 2436643 2439230 2441187 2442210 2445893 2447293 2448723 2449550 2451155 2453398 2457851 2459834 2461443 2462087 2464055 2467019 2470711 2473083 2476442 2478088 2479721 2480700 2483020 2484238 2486119 2487536 2488467 2489916 2490710 2493522 2494936 2496192 2498778 2499602 2503589 2504653 2506162 2507397 2509872 2512663 2513747 2514850 2515812 2517741 2518684 2520155 2521634 2522473 2526475 2528778 2529687 2531688 2534325 2535297 2537845 2540343 2542353 2545090 2546502 2547329 2548839 2550192 2551605 2554983 2556345 2557608 2559134 2563615 2565242 2566161 2567288 2572647 2574069 2578186 2579447 2581014 2582281 2583228 2584427 2585827 2586898 2588160 2589982 2593528 2594821 2595643 2597581 2599829 2602514 2603800 2605232 2606610 2608318 2610124 2612161 2614603 2615734 2618239 2620644 2622036 2624460 2625809 2627027 2629027 2630302 2632495 2635724 2640781 2641612 2642801 2644102 2648549 2651307 2653305 2657040 2659906 2661478 2662980 2663885 2666087 2667883 2670337 2675416 2677091 2678391 2680233 2683136 2686285 2687112 2689087 2690811 2691963 2692890 2697598 2698494 2699810 2701520 2705434 2706949 2711372 2714080 2716386 2718319 2722308 2723568 2726315 2727473 2728597 2732948 2736461 2738367 2739622 2743011 2743905 2744854 2745815 2746924 2748435 2751220 2752780 2753642 2754491 2756262 2758969 2760283 2761780 2764268 2766458 2767286 2768145 2769829 2772800 2773707 2775067 2776813 2777941 2779606 2780516 2781132 2782482 2784085 2785199 2786812 2788332 2789516 2790505 2792531 2793821 2797412 2798297 2799690 2804194 2805191 2806552 2808067 2808852 2810839 2814095 2815473 2816265 2818167 2819666 2824137 2828644 2830022 2832845 2833647 2836747 2838406 2842605 2844288 2845829 2848390 2852209 2854777 2856108 2858313 2860130 2861042 2863794 2865016 2866203 2867889 2870029 2871265 2872745 2874059 2876431 2878733 2881666 2882861 2884149 2885073 2886659 2888521 2890113 2891697 2892924 2894797 2899722 2900586 2901256 2904461 2907538 2908609 2911179 2911862 2913433 2915233 2916323 2917429 2918736 2919599 2922262 2923201 2924335 2925160 2926228 2929381 2930125 2932724 2933892 2936406 2938200 2939710 2940982 2942891 2944677 2947247 2948610 2955824 2958091 2959685 2962095 2962992 2967245 2968217 2969672 2970433 2973531 2976201 2977977 2980778 2985749 2986954 2988211 2989188 2990821 2991835 2994891 2995690 2997730 2999615 3002593 3004709 3008508 3014297 3016754 3019476 3021366 3022173 3024267 3025146 3026308 3027641 3029662 3031256 3032244 3034409 3035788 3037294 3039977 3041148 3042167 3043286 3047342 3048806 3051406 3055429 3055965 3056883 3061203 3062288 3063640 3065556 3066305 3067370 3068061 3070272 3070961 3074714 3076109 3077875 3079847 3082198 3083150 3084587 3086900 3089812 3090793 3094328 3096755 3097914 3100844 3104925 3106454 3107285 3108918 3110911 3114000 3117601 3119059 3122232 3125898 3130135 3133075 3135389 3136762 3139501 3140570 3143774 3147809 3149184 3150669 3153214 3153953 3155608 3156509 3157720 3160779 3162165 3163918 3164790 3165668 3166713 3167556 3169673 3171997 3174834 3176467 3177552 3180002 3183895 3184792 3186271 3187045 3188402 3189979 3191985 3192908 3193709 3195425 3197304 3198374 3201537 3203574 3205748 3206875 3208631 3209652 3212054 3213197 3216236 3217396 3219858 3222860 3224098 3226509 3228154 3230444 3232099 3235622 3236867 3238735 3240132 3241322 3248339 3249506 3250414 3252036 3254021 3260589 3262020 3262972 3265897 3266937 3268767 3271470 3272099 3273407 3274413 3275459 3277268 3280343 3282079 3283162 3284761 3287182 3290395 3291140 3293820 3295586 3297594 3298720 3301100 3302200 3307160 3309968 3311583 3315773 3319831 3323350 3325332 3326865 3328182 3330162 3330976 3332009 3333607 3334447 3336504 3338087 3338897 3341871 3342867 3344255 3345092 3346386 3347177 3348481 3349411 3351948 3355975 3359718 3361268 3362012 3363822 3365051 3367039 3367727 3373544 3375958 3377016 3378281 3379018 3381320 3383639 3385101 3386041 3388513 3390739 3394140 3396620 3398879 3401606 3402460 3403512 3404262 3405400 3406674 3408890 3410278 3413647 3414639 3416010 3418119 3420135 3421337 3423335 3424290 3425125 3426825 3428075 3429576 3430472 3431748 3432941 3434186 3435725 3436882 3437885 3438985 3441105 3442997 3444334 3446324 3447985 3452330 3453525 3455517 3456594 3459038 3460364 3461951 3465092 3467747 3469214 3470412 3470995 3473333 3474737 3475711 3476887 3478374 3479528 3480643 3482348 3483477 3484675 3487415 3489184 3490897 3493272 3494283 3496216 3497987 3500091 3501390 3503150 3505465 3506682 3509227 3510305 3511216 3512179 3513552 3515093 3515973 3519000 3520695 3521667 3522562 3523960 3526039 3527333 3528964 3530741 3533357 3533938 3534980 3537923 3540645 3541590 3542614 3544967 3545897 3550317 3555943 3559461 3560154 3562376 3563440 3564061 3565342 3566403 3568260 3569292 3570147 3572088 3573270 3574649 3576501 3578402 3579526 3584565 3587121 3588682 3589492 3593677 3595347 3596845 3598274 3599398 3600766 3601828 3603944 3607571 3608317 3609557 3610526 3612174 3615294 3616923 3618380 3622055 3623969 3626250 3627721 3629615 3632120 3633402 3634210 3636116 3638395 3641944 3643490 3644134 3645810 3647332 3648939 3651671 3653462 3656601 3661025 3661804 3663086 3665164 3668332 3669286 3671961 3674181 3675609 3677745 3680030 3682105 3683377 3685514 3689106 3692499 3695260 3696417 3697779 3698601 3699732 3705707 3706735 3708547 3710580 3712000 3713199 3715276 3716315 3717070 3717807 3718487 3719634 3721201 3722542 3723738 3724908 3726855 3728063 3728870 3730880 3732748 3733970 3735652 3737355 3740204 3741948 3743361 3745405 3748073 3750611 3755258 3759180 3761315 3762446 3764275 3767174 3767856 3768757 3771323 3772278 3774936 3775625 3777119 3780326 3781943 3784277 3786780 3790357 3792238 3793129 3796747 3797450 3799097 3801249 3802266 3803340 3805236 3807613 3811364 3812915 3814964 3815479 3816488 3818304 3820874 3822589 3824103 3825426 3829258 3830730 3832931 3833904 3835310 3836422 3839620 3841662 3844559 3846121 3846916 3848533 3850047 3851196 3856067 3859439 3860527 3864367 3865393 3869155 3871299 3874281 3877084 3879845 3881450 3883292 3886369 3891540 3893978 3894824 3895564 3897634 3900835 3904488 3908208 3910879 3911830 3913223 3914051 3918401 3923080 3923906 3927683 3929008 3931073 3932577 3933088 3934975 3940055 3941748 3944526 3947649 3949288 3950130 3953205 3955080 3957160 3959333 3960635 3962209 3963904 3964939 3965984 3967520 3969245 3970558 3972663 3973653 3976341 3977638 3982509 3985983 3987264 3989190 3990891 3992746 3993577 3996001 3997895 3998511 3999765 4002936 4003965 4005119 4006027 4008144 4012023 4013996 4015232 4016806 4017731 4019514 4021567 4022632 4023643 4024770 4025600 4027387 4029595 4031289 4032148 4033030 4035324 4036444 4038415 4041046 4041756 4042743 4045808 4046634 4055099 4058694 4059394 4061941 4062815 4063978 4067531 4069311 4071619 4074551 4075623 4078114 4079219 4080116 4086944 4088048 4089048 4091417 4092468 4096642 4097453 4099371 4100105 4102726 4104313 4105775 4106893 4112150 4114504 4114979 4117774 4119032 4119891 4121826 4123357 4124898 4127215 4130288 4131661 4132550 4133990 4137164 4139874 4140553 4144187 4147807 4148973 4152043 4153559 4155289 4156747 4158121 4159085 4160050 4164881 4166505 4168857 4170672 4172907 4174400 4175409 4179197 4181578 4186527 4187922 4189290 4192204 4197468 4199797 4200848 4201722 4202741 4204001 4205573 4207234 4208404 4210817 4211740 4216323 4217368 4218949 4221801 4222844 4224334 4225923 4227064 4228704 4231267 4233138 4233921 4235325 4236672 4238399 4239759 4241406 4244853 4245804 4246826 4249115 4250424 4252977 4254571 4256695 4258007 4259311 4260313 4260813 4263777 4264372 4269744 4272754 4274123 4274898 4275775 4283475 4293387 4294353 4295526 4297346 4298346 4299275 4304765 4308121 4310674 4312676 4317236 4319636 4320504 4329034 4329909 4331139 4332751 4335407 4338778 4340578 4342337 4343457 4344243 4344951 4346308 4347434 4348833 4350399 4352161 4353776 4357829 4362471 4364405 4366650 4367530 4368912 4371523 4374058 4376688 4378669 4384667 4385732 4386962 4387850 4388439 4389708 4392854 4393600 4395472 4396283 4398854 4401638 4403050 4404327 4405732 4406725 4408205 4408940 4411957 4414098 4415663 4416788 4418068 4421416 4428327 4430918 4432138 4433818 4435354 4438202 4439205 4441175 4443251 4445279 4446722 4451651 4454076 4457004 4458970 4464603 4465691 4466713 4467909 4473988 4475640 4481250 4483061 4490256 4491820 4493520 4496931 4500599 4508838 4509929 4513627 4515598 4517729 4522285 4523222 4529943 4532076 4532917 4534320 4537354 4538760 4541630 4542557 4544551 4545285 4546457 4547648 4549355 4552354 4553760 4555340 4556834 4562271 4563550 4565856 4566737 4567422 4568965 4569513 4570427 4573653 4574577 4575166 4580708 4582217 4584182 4586638 4587540 4589438 4591056 4592431 4593653 4594564 4595801 4598030 4599263 4600523 4601908 4603538 4605036 4606320 4607932 4610667 4612579 4613893 4615012 4618342 4619991 4620913 4626534 4628582 4630233 4631289 4633818 4639286 4641216 4644884 4648549 4653569 4655092 4655948 4657516 4659297 4661074 4661953 4663301 4665326 4666641 4669829 4670986 4671776 4672816 4674722 4675969 4678768 4679392 4683283 4684522 4685749 4687367 4691129 4692867 4695746 4698410 4699822 4701170 4701950 4705408 4706573 4708791 4711424 4712287 4713299 4714521 4717878 4719194 4720602 4723404 4724206 4727052 4728719 4729600 4730880 4732938 4736217 4737242 4738033 4740257 4740944 4745077 4745827 4746819 4747807 4749084 4750681 4751439 4752904 4754634 4755526 4756778 4761554 4764168 4765404 4766612 4768221 4770006 4770797 4772498 4774497 4775768 4776458 4779178 4782838 4785362 4787739 4791714 4794107 4798281 4800189 4802100 4804518 4806860 4810354 4814350 4816113 4817849 4819831 4822326 4824231 4825723 4829298 4832870 4834408 4835868 4836654 4839935 4842776 4844787 4848565 4849650 4852209 4853853 4854765 4860253 4861396 4862383 4863898 4865683 4867179 4869666 4871834 4873796 4875549 4877182 4878294 4879357 4881736 4882552 4885265 4886249 4889012 4890130 4892383 4893963 4895695 4897083 4898016 4900444 4901919 4903765 4904621 4909214 4910087 4911507 4912498 4915656 4916568 4917590 4920087 4921047 4922026 4922618 4923430 4924626 4925375 4926310 4928030 4929170 4930458 4931891 4933128 4934539 4937503 4940555 4941452 4943799 4945902 4947798 4949697 4951607 4953090 4955076 4957160 4961617 4962452 4963982 4965190 4969474 4970872 4975768 4976868 4977785 4979550 4980406 4982121 4983774 4984768 4985649 4989738 4992351 4995023 4996056 4997209 4998873 4999933 5001325 5002612 5003413 5004571 5006649 5008865 5010559 5011253 5013193 5014634 5016302 5017595 5019035 5021970 5023412 5025314 5026409 5027061 5029022 5031520 5033693 5035489 5037576 5038806 5041444 5046134 5047821 5051931 5053038 5054848 5057450 5058672 5062275 5063478 5064766 5068442 5070758 5072251 5074150 5075715 5077602 5081181 5083540 5086700 5087661 5088546 5090057 5091137 5092327 5099598 5100846 5101866 5104964 5105773 5107768 5109105 5110001 5110920 5113235 5114186 5115158 5115961 5116943 5119786 5128974 5130608 5132077 5134069 5135508 5139245 5140147 5141022 5144045 5148084 5150435 5152287 5153506 5154658 5156544 5157467 5158659 5160319 5161678 5163111 5164041 5165006 5169202 5174725 5175593 5179382 5181123 5183048 5184602 5187253 5188709 5191063 5192679 5194152 5195145 5196890 5198763 5200623 5202089 5203578 5206003 5209043 5211428 5212869 5213920 5217375 5219642 5221777 5222734 5224924 5226081 5227730 5230344 5234821 5236617 5238499 5240113 5243240 5244773 5245734 5247321 5250302 5251583 5253444 5254571 5256778 5257900 5258959 5261366 5266112 5267911 5268881 5269813 5271696 5273430 5274746 5276097 5276991 5278428 5280284 5284895 5286175 5287713 5288757 5289840 5292324 5293871 5298215 5300802 5305376 5310033 5313292 5314997 5316447 5318387 5319936 5324488 5325830 5327675 5329664 5330960 5338775 5340659 5341809 5343676 5345757 5348456 5350418 5351599 5352371 5353190 5354479 5357244 5358243 5359188 5360147 5361583 5363635 5366603 5367165 5369294 5371434 5372235 5375702 5376560 5378709 5383211 5384620 5386061 5387540 5389508 5391106 5397089 5400039 5402369 5406613 5407745 5408719 5411086 5412783 5415145 5416384 5418613 5421517 5422921 5423636 5427221 5428293 5429348 5430490 5431589 5435002 5437728 5438890 5440055 5442739 5443701 5445750 5447214 5448454 5450855 5451841 5452904 5454264 5455405 5456646 5458049 5460912 5461933 5462959 5463709 5466599 5468025 5469273 5470164 5471485 5472560 5475259 5476859 5479989 5481448 5482527 5483896 5485130 5486338 5489835 5491587 5493787 5495823 5497668 5499348 5502086 5503012 5506795 5510017 5513293 5514801 5515820 5518029 5519060 5521211 5524233 5524907 5526027 5527554 5528593 5530046 5531132 5532459 5534210 5535519 5536494 5537279 5539567 5540392 5543074 5545690 5546539 5553141 5556684 5559845 5560710 5561504 5567493 5572095 5573537 5574885 5577495 5579875 5582556 5586127 5587828 5589638 5593590 5595274 5596454 5597356 5599428 5601026 5603675 5606648 5608107 5611489 5612936 5614578 5615974 5617557 5618662 5619648 5620543 5622202 5622881 5624581 5626231 5628245 5630146 5630992 5632873 5634368 5635822 5639984 5641907 5644075 5645232 5646725 5647539 5649130 5651997 5652815 5654866 5658229 5659863 5661351 5663895 5664913 5666271 5667344 5668892 5669960 5671504 5672437 5673715 5675176 5678079 5680188 5681678 5683024 5685178 5685976 5687817 5691055 5692324 5693460 5697562 5698886 5699834 5700845 5701937 5703644 5704801 5706991 5709225 5710504 5716877 5717717 5720648 5722042 5725284 5726002 5728063 5729452 5731006 5731888 5735567 5737200 5739709 5742120 5745454 5747963 5748884 5749978 5750710 5753800 5756092 5757704 5761858 5762686 5763472 5766197 5767887 5769565 5770384 5773950 5775031 5777273 5779740 5783632 5784651 5786364 5787584 5789314 5791069 5793181 5794741 5795853 5796791 5798171 5799179 5805382 5806500 5807596 5808269 5810513 5811117 5812267 5813977 5815401 5817054 5818869 5822110 5824361 5827932 5829999 5832450 5833392 5835066 5836646 5840956 5844004 5845362 5846933 5847502 5850011 5851249 5853552 5854892 5856515 5859515 5860328 5861492 5862974 5863691 5864808 5865472 5866579 5872137 5874214 5875190 5877113 5878546 5881165 5882927 5885128 5887282 5888658 5894421 5896210 5898028 5902843 5905831 5908749 5910184 5911414 5913172 5914808 5916668 5919190 5920403 5922192 5923225 5924337 5925558 5926547 5928018 5930053 5932758 5933895 5936338 5938247 5939488 5940752 5941909 5946729 5948303 5949764 5951169 5952248 5954250 5956394 5957207 5959382 5961604 5962577 5963897 5966281 5967136 5968250 5969055 5974029 5975889 5976395 5979984 5980967 5982791 5984782 5986713 5990647 5994823 5996087 5997694 5999365 6001848 6002777 6003881 6006017 6007480 6013008 6015078 6016744 6018296 6020440 6022195 6024864 6029768 6036953 6038374 6040437 6044069 6045464 6047323 6048115 6050683 6052486 6057495 6058948 6060276 6061846 6063889 6066626 6068229 6072650 6074407 6077412 6080366 6081373 6082395 6082915 6085341 6087767 6089565 6092028 6093035 6095729 6098320 6100206 6100811 6102403 6104036 6107158 6107982 6112477 6116819 6118203 6119512 6121925 6124552 6127884 6129057 6132311 6134709 6135860 6137948 6139259 6142622 6145170 6147036 6148139 6149608 6151251 6152685 6153629 6155160 6155760 6157985 6159437 6160844 6162346 6163427 6164264 6168376 6169774 6172143 6173286 6174743 6176044 6177384 6179173 6180516 6183122 6185629 6186139 6191379 6192551 6196730 6198144 6199042 6201802 6203281 6204758 6208131 6210649 6211931 6212676 6214812 6215874 6217319 6218430 6220007 6220548 6221834 6223004 6224228 6225609 6227165 6228533 6233151 6235063 6237827 6239006 6240378 6241976 6243408 6244070 6246977 6250276 6251277 6253004 6254440 6255410 6256796 6259976 6261257 6263282 6266372 6268670 6273694 6275297 6276868 6278072 6279258 6280661 6281406 6285240 6287419 6291883 6293306 6295286 6297830 6298624 6301163 6302432 6304103 6306746 6308342 6309523 6310635 6311520 6312843 6313851 6314885 6316881 6317810 6320248 6321598 6323081 6327466 6328580 6330554 6334712 6337166 6337879 6339238 6341315 6343768 6344664 6345960 6347800 6349004 6351877 6355207 6356266 6359769 6362925 6365227 6366841 6367656 6368674 6371413 6373123 6377303 6378408 6380554 6383573 6387615 6392562 6394182 6395080 6397405 6400038 6402731 6404125 6404700 6407687 6409979 6411976 6412932 6413697 6414940 6417335 6420251 6422012 6422965 6425135 6428501 6430815 6431733 6432478 6433807 6435259 6436543 6438501 6439627 6440493 6441961 6443531 6447402 6448793 6450680 6452010 6454208 6454995 6457340 6460069 6460774 6461956 6465573 6467464 6469133 6470177 6471097 6472854 6474833 6478012 6479252 6480527 6484217 6487851 6488701 6489696 6491034 6495780 6497169 6498785 6500393 6504846 6505564 6506250 6506860 6509550 6511034 6512479 6513516 6515295 6517129 6518500 6521016 6522986 6524063 6525957 6526902 6528647 6531597 6533649 6534902 6536662 6538133 6541176 6542392 6545189 6546191 6548071 6550052 6552180 6554326 6556878 6560163 6561623 6563339 6564080 6567785 6570863 6572170 6578000 6579014 6581970 6585477 6587451 6589159 6590624 6595015 6596172 6597560 6598281 6600226 6602638 6606059 6607648 6610951 6612620 6614097 6615667 6616925 6620259 6622130 6622888 6626958 6629096 6630239 6631922 6633168 6635487 6636753 6639677 6640780 6642602 6645712 6646416 6647144 6648352 6649633 6650981 6654509 6656346 6658562 6659918 6661204 6662770 6664005 6666774 6670136 6670934 6672489 6674255 6675094 6676055 6677620 6678554 6679608 6680854 6682420 6683594 6684652 6685784 6686930 6688129 6689832 6691838 6696923 6698363 6700360 6701332 6702324 6704783 6708706 6709854 6713370 6716615 6718144 6719804 6725055 6726211 6727432 6728380 6729575 6731614 6734146 6734776 6736846 6739058 6740985 6746347 6747824 6749787 6750875 6751825 6753957 6755743 6757472 6762029 6763562 6766792 6767511 6769323 6770459 6772168 6775070 6776074 6778655 6783589 6786822 6788366 6789362 6791675 6793612 6798898 6799748 6800938 6805440 6807224 6809909 6810815 6813217 6815430 6821209 6822156 6823496 6824319 6826830 6830847 6835302 6836177 6836980 6838977 6840864 6841374 6842801 6843903 6846469 6848311 6850260 6853503 6855643 6858066 6859002 6861432 6863457 6865462 6867991 6869026 6871877 6875500 6876760 6879627 6881026 6882058 6883934 6885148 6886704 6890785 6892519 6893566 6896491 6898338 6900900 6901932 6902804 6905041 6906973 6907881 6909142 6912572 6914039 6914901 6916617 6918959 6923202 6926012 6927697 6928949 6932488 6933408 6936679 6938409 6939706 6943218 6946305 6950366 6951721 6954383 6955154 6957565 6959798 6961341 6962836 6965703 6966629 6968412 6969802 6971624 6972975 6973642 6975039 6978025 6979379 6981255 6982604 6984618 6988194 6989081 6989952 6991617 6992738 6995005 6996371 6998633 6999599 7001171 7002076 7003395 7004254 7005493 7010651 7011960 7016331 7019563 7021403 7024193 7025742 7029665 7031129 7032877 7034256 7036025 7037017 7037738 7038331 7040204 7041454 7042903 7043876 7045741 7047370 7051853 7052470 7059229 7061087 7062989 7064977 7065997 7067949 7069385 7073626 7078127 7081102 7085135 7088121 7089580 7091242 7092471 7094286 7096136 7097361 7098216 7099016 7100823 7101548 7104965 7106201 7107339 7110537 7112171 7115181 7124467 7125399 7126890 7129225 7130567 7132745 7135399 7136645 7140405 7141133 7143347 7144761 7146355 7149583 7150917 7152934 7154744 7155576 7156557 7159033 7160025 7162685 7164998 7166128 7167712 7168894 7172419 7176839 7178475 7180707 7183322 7184993 7187916 7188590 7189543 7193884 7197847 7199394 7206856 7207828 7209059 7211146 7212820 7214021 7215574 7218490 7223318 7223963 7224791 7227307 7228636 7230730 7232398 7236304 7237564 7238520 7242158 7245887 7247352 7250757 7256169 7257964 7259921 7262770 7263795 7265552 7267134 7268820 7272428 7273462 7278211 7279693 7280565 7283223 7286279 7286848 7287624 7289312 7291051 7292424 7296711 7298205 7302061 7304959 7306024 7310044 7311564 7312826 7313554 7317325 7318867 7322517 7325076 7328089 7329934 7333086 7334651 7339858 7341261 7343017 7345371 7347229 7348262 7349343 7350588 7351880 7352552 7353453 7354808 7356887 7357969 7358819 7362211 7364220 7366917 7368370 7369223 7370256 7377412 7379039 7381192 7382661 7384333 7388353 7392148 7394149 7397389 7398292 7399351 7401174 7402414 7405587 7407214 7408334 7409407 7411577 7414536 7416057 7417392 7418445 7420048 7421965 7423225 7424676 7426556 7432114 7434033 7436452 7438043 7439955 7440898 7441942 7443402 7446054 7451309 7452830 7453697 7455755 7456782 7458094 7459275 7462513 7464002 7464906 7466467 7467365 7468657 7469652 7473103 7475121 7480006 7483362 7484189 7486541 7487761 7489614 7493215 7494855 7496239 7497981 7502098 7503477 7505999 7507478 7511271 7512090 7513428 7514226 7514960 7519814 7520672 7524279 7529263 7531604 7533862 7536605 7537662 7540278 7541538 7542336 7543994 7545874 7546869 7547474 7548597 7549369 7550986 7553277 7554769 7555845 7557679 7560900 7563294 7563886 7565088 7567064 7569560 7571840 7573424 7574204 7575789 7578235 7579837 7581044 7585078 7586081 7587384 7588246 7591494 7592272 7595926 7597092 7598082 7599439 7604837 7606469 7607168 7609541 7613651 7615636 7616980 7619171 7620977 7623206 7625356 7626362 7628939 7630457 7634343 7635601 7637841 7640494 7641172 7642188 7643145 7644519 7646062 7650165 7653859 7655645 7656718 7657438 7662811 7663564 7666021 7667281 7668637 7670431 7672282 7673237 7674980 7676088 7676649 7677886 7679450 7681835 7682649 7685151 7689858 7690886 7691872 7693114 7694148 7695014 7696127 7698478 7699464 7700257 7701639 7702715 7705265 7706869 7709898 7711518 7713907 7714996 7718496 7720362 7724806 7726021 7727866 7730153 7731033 7733828 7734724 7736176 7740435 7741228 7742957 7744038 7744987 7745919 7747085 7748998 7751558 7752217 7753327 7754759 7760206 7764466 7766407 7769368 7771002 7772758 7775463 7777226 7778139 7779013 7779759 7781692 7783463 7784375 7786568 7787537 7790436 7792868 7793730 7794695 7795824 7799037 7801301 7804738 7808683 7809613 7810621 7814343 7816156 7817294 7818717 7819658 7820545 7822425 7823747 7825534 7826511 7830302 7831295 7834091 7836072 7839357 7840169 7841320 7843011 7845822 7847748 7850440 7851666 7853907 7854646 7855438 7859585 7863372 7867797 7871408 7873417 7875363 7876830 7878676 7880600 7881383 7882815 7884566 7886060 7887827 7888950 7890127 7890894 7893588 7898839 7899694 7901045 7902719 7903639 7907476 7912446 7913185 7913849 7914670 7919250 7919892 7922382 7923809 7924983 7926265 7928504 7929135 7931684 7932832 7933621 7934496 7936564 7937685 7939046 7940356 7941553 7943985 7945142 7946256 7949358 7950525 7953342 7955551 7959429 7960505 7961639 7962257 7965047 7969868 7971934 7973806 7975452 7976793 7979589 7980952 7981762 7984314 7985896 7986715 7988030 7989524 7990336 7993745 7994428 7996749 7998906 8000371 8001714 8002983 8004167 8006463 8007685 8009757 8010494 8012435 8013446 8015673 8017153 8018930 8022561 8028046 8031645 8033192 8035035 8036912 8039337 8041444 8045651 8047145 8050971 8052351 8053228 8056475 8057600 8061064 8063087 8064301 8066418 8067351 8068573 8069850 8070477 8071414 8072321 8073635 8075145 8075717 8076844 8078488 8079884 8080520 8081602 8083582 8085481 8088652 8089537 8092191 8093896 8098804 8101639 8107867 8109671 8110951 8113232 8114003 8116774 8119323 8121335 8122834 8124705 8125631 8129641 8130458 8131412 8132666 8134353 8135223 8138331 8139759 8142901 8144524 8145620 8148256 8149444 8152716 8154879 8155544 8157004 8158158 8159778 8164339 8165412 8167337 8169502 8170343 8173076 8174475 8175747 8177693 8178437 8181250 8182068 8185324 8186482 8188005 8189300 8192028 8194006 8195194 8195987 8197583 8198580 8199632 8200735 8203014 8206868 8207959 8208894 8211739 8213046 8215895 8218574 8219218 8220011 8220945 8224895 8226275 8227237 8229236 8230884 8232044 8233099 8234754 8236557 8237243 8238095 8238836 8239912 8243935 8246888 8248378 8249409 8250419 8254699 8255607 8256755 8258289 8259810 8265109 8266808 8269216 8269880 8271385 8274381 8275413 8278217 8279498 8281438 8283161 8287431 8293549 8295311 8297180 8298403 8299850 8302475 8304036 8304735 8305598 8306861 8310328 8311653 8313185 8315500 8317395 8318900 8321188 8322934 8324251 8326981 8328323 8329112 8329756 8332395 8335183 8337361 8340250 8342372 8345165 8346387 8347335 8348345 8349316 8352307 8354720 8358376 8360947 8362814 8363474 8364848 8366045 8368209 8368823 8371463 8373109 8374346 8375688 8376664 8377707 8378682 8380461 8384472 8385260 8386409 8387366 8388578 8393330 8394169 8399795 8400318 8402073 8403142 8404413 8405505 8408829 8410161 8411970 8413201 8416464 8417584 8419916 8421240 8422491 8424439 8426323 8427180 8429715 8434895 8437758 8440759 8443458 8444343 8445229 8448787 8449693 8452731 8455125 8455800 8456781 8458321 8462265 8464411 8465094 8466339 8468082 8470683 8471874 8474546 8476138 8478581 8479620 8481570 8487953 8493744 8495113 8496685 8501745 8504684 8506429 8507474 8509751 8511785 8514325 8516239 8517000 8520095 8523366 8526787 8528042 8529296 8531333 8535183 8536403 8540350 8541822 8542771 8544486 8545359 8546542 8547594 8549207 8551346 8552552 8553353 8554066 8556090 8557459 8558770 8559907 8561109 8562420 8565010 8569490 8571317 8573248 8576306 8579501 8585186 8588262 8589305 8590557 8593063 8594301 8595514 8596891 8598127 8600484 8602297 8605876 8608348 8609068 8609701 8611244 8612872 8615800 8617112 8625171 8626994 8629330 8633290 8634543 8635844 8636670 8639214 8642165 8644226 8645617 8647328 8649027 8650040 8651667 8654991 8655972 8658322 8659387 8662588 8664736 8666087 8667145 8668943 8670102 8671665 8673364 8674859 8677386 8678082 8679075 8683924 8685567 8686947 8688284 8689468 8690417 8691740 8694553 8697846 8698779 8700410 8702467 8704641 8707006 8707923 8708878 8710576 8711401 8712782 8714498 8715341 8716253 8717289 8718444 8719450 8721038 8723830 8726871 8727727 8729071 8731717 8733565 8736946 8738306 8739928 8742759 8747026 8748016 8748784 8750687 8757418 8758461 8759921 8762459 8764094 8767113 8768322 8769074 8770628 8772168 8773556 8775735 8776349 8777819 8779210 8784282 8785789 8788361 8790044 8791448 8792622 8796406 8799001 8801398 8804872 8806179 8808712 8810044 8813137 8814251 8817875 8820632 8821425 8822796 8823944 8826306 8827286 8828460 8833827 8837787 8838993 8844354 8846934 8848734 8850159 8851128 8851928 8855069 8855905 8856929 8860214 8864301 8866034 8872417 8874441 8878486 8879674 8880702 8881403 8882585 8883140 8884120 8884797 8885498 8887619 8888383 8891939 8895974 8897203 8898673 8900045 8902928 8903588 8904551 8906557 8907619 8909302 8910783 8911771 8913788 8915779 8918831 8919997 8925037 8928224 8929603 8931651 8933115 8935876 8938176 8939186 8940927 8941422 8946628 8947891 8949475 8955421 8956631 8957924 8960644 8961558 8963741 8969424 8972081 8973823 8974525 8975109 8977770 8979385 8981670 8982768 8984393 8985660 8986979 8989302 8990666 8991819 8994285 8996823 9000547 9002439 9004408 9006299 9007842 9010009 9010830 9012709 9013356 9015905 9018579 9019337 9020715 9022182 9026305 9030188 9033719 9034728 9035875 9038602 9039585 9042607 9044796 9046885 9048930 9051399 9052441 9054001 9061491 9062090 9064122 9065131 9066759 9068899 9070690 9073550 9075736 9076577 9077666 9079198 9081166 9084186 9085087 9090238 9092499 9094986 9097101 9099342 9100040 9100924 9102904 9105217 9106619 9109085 9111852 9112840 9117500 9118260 9120466 9122637 9123866 9128414 9132093 9135323 9136911 9138193 9139284 9140404 9141034 9142942 9145528 9146300 9150849 9152066 9154476 9155576 9157193 9158414 9160285 9167983 9168716 9172593 9173957 9174807 9175932 9177917 9178578 9182136 9184372 9185672 9188709 9190250 9191195 9193928 9195500 9197587 9198365 9199596 9200943 9202485 9204308 9205788 9207127 9208562 9209925 9210941 9214133 9219274 9220624 9222214 9223581 9224365 9226202 9227509 9228871 9231420 9233305 9234217 9235732 9236580 9238499 9239442 9240668 9244949 9246412 9247558 9248448 9250382 9251481 9252795 9255278 9256707 9258511 9260407 9262089 9265424 9266765 9268229 9270936 9272104 9274658 9275851 9276844 9277696 9280234 9283601 9285072 9286447 9289089 9292649 9294135 9295085 9297836 9303638 9304848 9305939 9307084 9308614 9311081 9313100 9314453 9316335 9317004 9318281 9319527 9320874 9323381 9324387 9325954 9328752 9329754 9331325 9333215 9334731 9338161 9339223 9341952 9343197 9345544 9346590 9347545 9350315 9351377 9352635 9356204 9357556 9358472 9360749 9362333 9363627 9364996 9366648 9367456 9369319 9370612 9374263 9377113 9378427 9379578 9380744 9383105 9384152 9385384 9386094 9388043 9390994 9392235 9396060 9397457 9400129 9402761 9403619 9405958 9408382 9410199 9412704 9414219 9415385 9416480 9419128 9421092 9422222 9424964 9426423 9428252 9430354 9431437 9433147 9435298 9435955 9437734 9439061 9440435 9443292 9444557 9446041 9447068 9449852 9451592 9457715 9458501 9459345 9460448 9465762 9472736 9475044 9476355 9477818 9478688 9480427 9482137 9483829 9484568 9485869 9487229 9489114 9490503 9493426 9495847 9502601 9503865 9506050 9506948 9510364 9513483 9514761 9516932 9518484 9520717 9522235 9524820 9526513 9529427 9530593 9531824 9532893 9535659 9536820 9537876 9539628 9542123 9543391 9544766 9546792 9548283 9549646 9550412 9554449 9556192 9557415 9559675 9560888 9563166 9565205 9566744 9568570 9570404 9572223 9573076 9574463 9575755 9576873 9578387 9580154 9580901 9583868 9588184 9590837 9591833 9593048 9595942 9598403 9601085 9602538 9604846 9606392 9607653 9609653 9611546 9612189 9614185 9616652 9619454 9621451 9622278 9624061 9627011 9628406 9634366 9635634 9637914 9638519 9640076 9641877 9643159 9644763 9646619 9647912 9648988 9650292 9652005 9652757 9654112 9655546 9657094 9658078 9659564 9661229 9663251 9664699 9665882 9669184 9669971 9673125 9674517 9676595 9677479 9679369 9681256 9682368 9684013 9686382 9687604 9689081 9690450 9692604 9700338 9701966 9704350 9705645 9707059 9708808 9709570 9714160 9715738 9718578 9720047 9721064 9724931 9726739 9733027 9733726 9735543 9736981 9737648 9739869 9742307 9743698 9745357 9747668 9751220 9752383 9753285 9755998 9757309 9758151 9759260 9762159 9763356 9765071 9766591 9768962 9770270 9771800 9774952 9776078 9777783 9779587 9780377 9781288 9783262 9786015 9787586 9788171 9790473 9791859 9794844 9795738 9796777 9798319 9799981 9803102 9810768 9812586 9813442 9813995 9815991 9817653 9818953 9820944 9826662 9827461 9829593 9831133 9832691 9836159 9838000 9839088 9842178 9845049 9851495 9854148 9856111 9858227 9859443 9864930 9865897 9867039 9868609 9869746 9872108 9872856 9873870 9876361 9879357 9880253 9880802 9885073 9886501 9888069 9890146 9891990 9893852 9896911 9900525 9904817 9905590 9907518 9909399 9911473 9912462 9913162 9914863 9916518 9918178 9920023 9921626 9923024 9924024 9926503 9929017 9932798 9936091 9937026 9937797 9938506 9939828 9942161 9943362 9945526 9946448 9947349 9948138 9949720 9952411 9957094 9958597 9959514 9961810 9964065 9966529 9970575 9971945 9973274 9975453 9978113 9980747 9981328 9983116 9984550 9989931 9990629 9991869 9993473 9995990 9997980 
</Matrix>
<Matrix name="Neuron_131" type="complete" rows="1" columns="4773" multiplier="1.0">
   835 4520 6138 7569 8329 15014 15870 17480 18135 22121 23396 26857 33389 35133 37126 38531 45577 49542 51493 56354 57132 59273 62730 65957 67785 70435 71932 74987 77602 78762 80367 82957 84368 87410 89139 90558 92267 94528 96472 97469 100686 101666 103001 104240 105061 107224 110589 111978 114411 115563 116829 117537 121306 126221 127720 129914 133488 136279 139407 140743 141919 143608 147951 148968 151401 152896 153610 154524 157246 158942 162308 170871 172051 173988 175438 177576 179103 180695 182096 186852 187918 189302 190472 192957 194478 197526 198841 203663 207002 208144 209960 211294 213932 215878 218698 221213 225333 229307 230542 231382 232769 234476 237273 238171 239502 241428 242176 244775 246167 248878 251819 253179 255176 259441 263176 264404 265610 267293 269387 272823 274798 276303 278291 281042 288271 291520 293339 295264 296135 298263 299149 300148 301301 304008 308984 311468 313630 315557 316174 317226 319508 323693 325148 326951 331014 333758 334727 335744 336988 338082 339131 340636 342521 343596 345554 347148 348653 352008 353074 354923 356612 358534 359782 361659 363496 367981 368981 370375 372136 373731 376069 377894 378886 380096 381322 382503 384453 385565 388482 391547 392335 395979 397354 398286 399958 402436 403181 406415 408610 409489 410983 414200 418272 424243 426503 428424 429818 432256 433190 433875 435205 437290 440590 448666 450783 451328 452506 456254 460292 463720 466864 472771 473585 474843 475821 478182 478889 479627 482293 483896 485144 486197 489148 490138 491241 493860 495728 497365 501354 503778 504489 508275 509886 511175 512764 513485 514897 516116 518566 520676 524062 525107 527254 530074 532035 533149 535302 538967 544700 547774 548929 550636 552341 556187 557425 558958 560302 561314 563118 566192 568497 570611 572092 573406 578072 578743 579793 581813 584337 588756 592076 594613 595936 597285 600461 602194 605354 607113 608971 610770 611850 613477 614410 617804 619343 620789 622335 623749 625902 627226 631815 634906 636887 640068 642150 644159 645851 647810 648680 650476 657486 659788 661119 663908 665274 668090 670668 673017 673679 675450 676952 678734 679618 681674 684388 687527 689805 691302 692204 693651 695548 698542 701756 704308 707351 708719 710988 711994 713768 714592 715535 717135 719678 721562 722513 724175 725054 728420 730466 731974 733209 735099 735692 736889 737943 742596 744831 746295 751359 752735 757271 761974 762804 763798 771806 773437 774800 776301 777872 779436 780917 782324 784077 785219 787359 789212 790968 792336 794046 795956 797037 798526 801013 802251 805744 806705 807806 808815 810175 812233 816524 817506 819543 820554 823365 824785 828194 831205 832456 833151 835028 837194 838726 840483 846076 848505 849504 853432 855273 858548 860896 861968 864839 866779 868956 872512 874871 875678 877539 880095 882668 888688 892938 894401 898403 899379 901759 903208 907373 908764 910819 913396 915009 916459 917895 920961 921790 922983 923891 925869 927240 928071 930179 931240 932229 938489 940150 941116 943106 945552 948178 949837 950760 952101 954394 956155 958008 959673 961062 962376 963458 964431 966402 967025 970869 971652 973441 974456 975385 976850 978838 979685 983803 985676 987655 989169 990764 991549 992914 995420 996620 998753 1000233 1001558 1003209 1004434 1005390 1006339 1010471 1012025 1013073 1014375 1015385 1017706 1018864 1022238 1026713 1029470 1031655 1033309 1035640 1037259 1038488 1039885 1041402 1042839 1045297 1046185 1047846 1049329 1058084 1059677 1062526 1065166 1070085 1070916 1072488 1073431 1074244 1075807 1082208 1083834 1084704 1085508 1089241 1090344 1091581 1092671 1093590 1095286 1096440 1098337 1099414 1100035 1101351 1102360 1103462 1104510 1107160 1109695 1111688 1113921 1115327 1116273 1119150 1121750 1122777 1124240 1127108 1131274 1134941 1137878 1139970 1142066 1145175 1146541 1147142 1150538 1153620 1155039 1156286 1160848 1162817 1164052 1166005 1166732 1170945 1174408 1175430 1177599 1178934 1182275 1185735 1186942 1187980 1189709 1192057 1195222 1196036 1198716 1200238 1201367 1203188 1206802 1208369 1209740 1210932 1212741 1214507 1216476 1218251 1219554 1220063 1223674 1224428 1225108 1226967 1228325 1231876 1233171 1235080 1235894 1241125 1245853 1251891 1253030 1256400 1259173 1259933 1260891 1263593 1264519 1266712 1269290 1271497 1273683 1275750 1282525 1283838 1285898 1289762 1292201 1295590 1297634 1299802 1302332 1303898 1305620 1307008 1309339 1310454 1311150 1312790 1314201 1315232 1320503 1322248 1323114 1324001 1329295 1330786 1331527 1333987 1335385 1340692 1342882 1344967 1347321 1348128 1349798 1352865 1355390 1356643 1358521 1360059 1362077 1363215 1364966 1365633 1368183 1369890 1370970 1373851 1374538 1379397 1385150 1387704 1390226 1391390 1392329 1394377 1396826 1399363 1401435 1405079 1409379 1411517 1413055 1415034 1417171 1418090 1420329 1421459 1425437 1426708 1428570 1431172 1433188 1434103 1434954 1435722 1437313 1440183 1441678 1443194 1444797 1445905 1446830 1449113 1450717 1451859 1453877 1455233 1456879 1458718 1462107 1463687 1466502 1468575 1469890 1470870 1471911 1473713 1476889 1479975 1481331 1484322 1484987 1489634 1490811 1491578 1493296 1494171 1496257 1496894 1498849 1502409 1503323 1505466 1509855 1512783 1513817 1519217 1520349 1522635 1523591 1525367 1529188 1530777 1532189 1534420 1536668 1538363 1540249 1542309 1547125 1549065 1550451 1554171 1555258 1556053 1562713 1567813 1569037 1572112 1574331 1577091 1579400 1580634 1582563 1584278 1584961 1588928 1591239 1592552 1593858 1594771 1596388 1597678 1599359 1600588 1603111 1604391 1605284 1606328 1607776 1608601 1609791 1613374 1614214 1616041 1617778 1619844 1621355 1622918 1624241 1626699 1628044 1628764 1630715 1632047 1633522 1636232 1637473 1638496 1639615 1641109 1642534 1645903 1649084 1650603 1651432 1652403 1658594 1663488 1665453 1666803 1671562 1673946 1676005 1677514 1679281 1680144 1681473 1682419 1684081 1686229 1687271 1690029 1691252 1692705 1696300 1699352 1700776 1703132 1704397 1709321 1710786 1712833 1714009 1716301 1717161 1719573 1721599 1724751 1726572 1727466 1730193 1732984 1734603 1738470 1740690 1742169 1744723 1746802 1748831 1752801 1754074 1755064 1756628 1757406 1758738 1762121 1765658 1768666 1770579 1772971 1775956 1780329 1781856 1784402 1789254 1790630 1791652 1794098 1795409 1803035 1807679 1810504 1812935 1817094 1818859 1820592 1821604 1825201 1826109 1828847 1833527 1834925 1835696 1837290 1839110 1840649 1844178 1844834 1848017 1849310 1850535 1851984 1855370 1856090 1857484 1858495 1859449 1863098 1864428 1865328 1871091 1873775 1875841 1877466 1880893 1882696 1884191 1885309 1886218 1887761 1889031 1890734 1892267 1894535 1895915 1897182 1898145 1900552 1902274 1903235 1904272 1905542 1909649 1910925 1914164 1919919 1922293 1923288 1925990 1927372 1931026 1931822 1933238 1934809 1938800 1939635 1940754 1944570 1951711 1954111 1956718 1959739 1962213 1963613 1966721 1970236 1971068 1972301 1973300 1975098 1978745 1980759 1981567 1984092 1985421 1988917 1991352 1993452 1994189 1996422 1997705 1998682 2000376 2002988 2006102 2008034 2009926 2010977 2012279 2012999 2015132 2016504 2017193 2017968 2019001 2022953 2026093 2028846 2035634 2037001 2038024 2041798 2043047 2044918 2045854 2047328 2048181 2051342 2052812 2055106 2056926 2061401 2065293 2068946 2070582 2073604 2076696 2082377 2083303 2086726 2090348 2092198 2095263 2096281 2096894 2098713 2100282 2103455 2104645 2108754 2112207 2113861 2114738 2115994 2118139 2120927 2125658 2127338 2128493 2131051 2133189 2133924 2136317 2137082 2140005 2141128 2142905 2144643 2146123 2150624 2153347 2154100 2154868 2156241 2157643 2158496 2160766 2168765 2170203 2171092 2173069 2175849 2176662 2185452 2187796 2189191 2190733 2192160 2196379 2197860 2198855 2200684 2201864 2203014 2206433 2208927 2210731 2213386 2214692 2217300 2218947 2222522 2223147 2224565 2225530 2226496 2228970 2230391 2232820 2234582 2236491 2238359 2239522 2240622 2242415 2243667 2244741 2247601 2249141 2251458 2252483 2253591 2254657 2256441 2258253 2261428 2263560 2264541 2265203 2270578 2271192 2272990 2274572 2276132 2282157 2282787 2283504 2284640 2286784 2292525 2294931 2296652 2300073 2300827 2302689 2304297 2308350 2311129 2314197 2317304 2319064 2321335 2322912 2324081 2324676 2325569 2327038 2329918 2330933 2332547 2335401 2338274 2340280 2341198 2341961 2343216 2348525 2349141 2353127 2353935 2356274 2357459 2358940 2360699 2362606 2364223 2368991 2374122 2382172 2384627 2386090 2389509 2391250 2392424 2393354 2395197 2396442 2398133 2400792 2403384 2404610 2408433 2409910 2412002 2414963 2416629 2419363 2423124 2427293 2428485 2429766 2432842 2435658 2436874 2438769 2439760 2441094 2442182 2443683 2447419 2448403 2449799 2451150 2452400 2454540 2455657 2457320 2459565 2461874 2463237 2464277 2465674 2466400 2471115 2473685 2474731 2478393 2481435 2482447 2484223 2488579 2489528 2491753 2493834 2495106 2497621 2499410 2501800 2505073 2505887 2508138 2510735 2512261 2513326 2514303 2515236 2516883 2518658 2520430 2521873 2522889 2526353 2529024 2531079 2533780 2536635 2539463 2540118 2542686 2545928 2547554 2548790 2549690 2556753 2558751 2560507 2562595 2565584 2566208 2567728 2569041 2570014 2571733 2572737 2573769 2574596 2579488 2580616 2581542 2582429 2584599 2585515 2588125 2591021 2592164 2594664 2597494 2598301 2599483 2601627 2603343 2605185 2605978 2612243 2612816 2616728 2620658 2621734 2626741 2627601 2629549 2630725 2634119 2635382 2637231 2638354 2639551 2644762 2646950 2648151 2649644 2650813 2655412 2656442 2661416 2663320 2666099 2667043 2668280 2671663 2672721 2675300 2678177 2679404 2681380 2682963 2684016 2686418 2690544 2692510 2696018 2703661 2704383 2705695 2709757 2716305 2717997 2719283 2720506 2722770 2725065 2727127 2733768 2739688 2742070 2751753 2753411 2755069 2756137 2757480 2760654 2762561 2763635 2765896 2768153 2771056 2773003 2774637 2777773 2782464 2783405 2786419 2787395 2788886 2790915 2791967 2793542 2797371 2802400 2804593 2805759 2807630 2810125 2812264 2814480 2816894 2818445 2819481 2820600 2821673 2825964 2826779 2827653 2829787 2830828 2832320 2833455 2836068 2841641 2842992 2844345 2845824 2847974 2852808 2853977 2856894 2860069 2861581 2865978 2868193 2869720 2870307 2871398 2875492 2877169 2878896 2879971 2881103 2882311 2883790 2887305 2888303 2890434 2891721 2894133 2896581 2898282 2900098 2901051 2902325 2903388 2904817 2905861 2906487 2912378 2913309 2916050 2918620 2921265 2923619 2929257 2930324 2931819 2933534 2936486 2939537 2942060 2943976 2945464 2949192 2953910 2957745 2958728 2963835 2964744 2965973 2967607 2969090 2970633 2973482 2974726 2976363 2977509 2979786 2984290 2985667 2990374 2991455 2993178 2994173 2995168 2997162 2998362 3002961 3005090 3006684 3007697 3014389 3017953 3018958 3019905 3021683 3024234 3025060 3025866 3026984 3029508 3035307 3036395 3039084 3040566 3041793 3043291 3047551 3051420 3053853 3061945 3063691 3065141 3069431 3070572 3072145 3075238 3076948 3083419 3085840 3090046 3093167 3095231 3096548 3098783 3100673 3104716 3107549 3109439 3114155 3115962 3118649 3121642 3123496 3125590 3132512 3136080 3138820 3141284 3143079 3145275 3146297 3148737 3151762 3153389 3154314 3162008 3163938 3165988 3170265 3172383 3173475 3176460 3178062 3179123 3180613 3183310 3191122 3192774 3194188 3195028 3196423 3197670 3199945 3201300 3203149 3204946 3206446 3208391 3212170 3215053 3216813 3218578 3221865 3223713 3225626 3230676 3232785 3234037 3234986 3236158 3237441 3238390 3240127 3243898 3245498 3247742 3249419 3251527 3254140 3256243 3257220 3258048 3259553 3261267 3264192 3265972 3267436 3269507 3270573 3272032 3273179 3275060 3277282 3277879 3279171 3280156 3280785 3284604 3286932 3289639 3290233 3292120 3295578 3297053 3299674 3301885 3302887 3304272 3305861 3310550 3312667 3313451 3319509 3320918 3324099 3326033 3327626 3329782 3332306 3334452 3338275 3341123 3342624 3343750 3347700 3350744 3351912 3353414 3355919 3356758 3358085 3362622 3363391 3369733 3371022 3372046 3373325 3374578 3375829 3377429 3379240 3380335 3386516 3390320 3393165 3396769 3400423 3403646 3404775 3406256 3408194 3410786 3414172 3415388 3417864 3419806 3421343 3423268 3423780 3426349 3427338 3429963 3431331 3433447 3435731 3436465 3437911 3446569 3449549 3450484 3453979 3455015 3457030 3458335 3459589 3461968 3463192 3465639 3466896 3467773 3468980 3471072 3476266 3482748 3485752 3487790 3490181 3491639 3494669 3496100 3496962 3497853 3498941 3501065 3503358 3505635 3506691 3507692 3508460 3510290 3512205 3514371 3515067 3517811 3519195 3521671 3522932 3524047 3526485 3528176 3529245 3530850 3533673 3535106 3536980 3539227 3541165 3542696 3543823 3545214 3547351 3548675 3551683 3552292 3553520 3555452 3556646 3558936 3561572 3563757 3564958 3567700 3569342 3571390 3577191 3578154 3578927 3583525 3585245 3586709 3591788 3593607 3595145 3597697 3599361 3600489 3603706 3607744 3610210 3616056 3618545 3620648 3621714 3624365 3626131 3627266 3629359 3632094 3632998 3633867 3635565 3636285 3638027 3639379 3640567 3641854 3642786 3645400 3647564 3648785 3650542 3651458 3654450 3657410 3660352 3661945 3669074 3670406 3672204 3673781 3675133 3678094 3680900 3682083 3683325 3685595 3686660 3689316 3690704 3693092 3694385 3697011 3698233 3700367 3701465 3702862 3703726 3706605 3708151 3709674 3714513 3716048 3717445 3725732 3727977 3729936 3731717 3732567 3734665 3736039 3738149 3739205 3741616 3743493 3745622 3748960 3750246 3753389 3757438 3760108 3762622 3765207 3768083 3769586 3772262 3773787 3776482 3778271 3780189 3782043 3783103 3785348 3789522 3790642 3792255 3797418 3798363 3799267 3800693 3803041 3806274 3810253 3811093 3812602 3815932 3818542 3821186 3823662 3827025 3830078 3833738 3834731 3835523 3837451 3839164 3839848 3843033 3844340 3845484 3848502 3850385 3852164 3853368 3855885 3857403 3858802 3860125 3864664 3865567 3867040 3869375 3870117 3871159 3871930 3873924 3874835 3876409 3878767 3879850 3881602 3882917 3884485 3885296 3887043 3888056 3889247 3890041 3891004 3893150 3895959 3899936 3902454 3905175 3906343 3908211 3909426 3910515 3914169 3916048 3917724 3919343 3924202 3927532 3930254 3931610 3936196 3937619 3938769 3940790 3942176 3943313 3945051 3945758 3946750 3948195 3951280 3952661 3954593 3956272 3958013 3962344 3963594 3964696 3967729 3969190 3971773 3975115 3976386 3978623 3979760 3980981 3981942 3985215 3987082 3989875 3992198 3995275 3996816 3997424 3998156 3999492 4004666 4006169 4008429 4009542 4011061 4012365 4013520 4014642 4015618 4020304 4022899 4025703 4026983 4028140 4029101 4031140 4032192 4034155 4037036 4037912 4038727 4041268 4045292 4046866 4048250 4049307 4054396 4057509 4059311 4062660 4065073 4067988 4069784 4078538 4082826 4084644 4087640 4088211 4089597 4091887 4093070 4094728 4097388 4098529 4099885 4101920 4102807 4105516 4106989 4108872 4110615 4111300 4114573 4115388 4116856 4118434 4119878 4120680 4122137 4123083 4127448 4129211 4130953 4133404 4134674 4138571 4139511 4140168 4142914 4144091 4145055 4145843 4146527 4149702 4150355 4156455 4158396 4160085 4161051 4162725 4164560 4165372 4167321 4168919 4170816 4176329 4179457 4179954 4181935 4184346 4185376 4186221 4186990 4188144 4189471 4190659 4191335 4194527 4197025 4197756 4200659 4202048 4202822 4203814 4204429 4205860 4207369 4208365 4209060 4209904 4210755 4212288 4217762 4218916 4226078 4229680 4231116 4232483 4233376 4234213 4235509 4236472 4237863 4239122 4240783 4241768 4243569 4244119 4245186 4246067 4247011 4248609 4251602 4252936 4253591 4255115 4256374 4257149 4261340 4262836 4263707 4265042 4267179 4274318 4274953 4278830 4285793 4287897 4291141 4293891 4296007 4296892 4302691 4304413 4305114 4305648 4307521 4309834 4310417 4311888 4314371 4315135 4316187 4317036 4318979 4321051 4323945 4325750 4327634 4328326 4329928 4330990 4336748 4337945 4341522 4343198 4344826 4347114 4347856 4349914 4353572 4354640 4355456 4357066 4360161 4361362 4362661 4366786 4370455 4371689 4375334 4380349 4381465 4383920 4385309 4387974 4389104 4390225 4391113 4393536 4394333 4395408 4397135 4398758 4400360 4401853 4403544 4405379 4406754 4408006 4408739 4411322 4413933 4416366 4420077 4421217 4422234 4424700 4426529 4427221 4428570 4429618 4430344 4431149 4432836 4434031 4436982 4439790 4441040 4443573 4448961 4450942 4452347 4453557 4457959 4461878 4465300 4466687 4467825 4469888 4473112 4474642 4477182 4478045 4479212 4481656 4483515 4486497 4487921 4490140 4491601 4492797 4493488 4494446 4495785 4497190 4500021 4505084 4506779 4509211 4510628 4517225 4518603 4520415 4521109 4522553 4524353 4525267 4526320 4526972 4528409 4529427 4534832 4537304 4538766 4544241 4545217 4547060 4548168 4549435 4555102 4556339 4558884 4559719 4562131 4566483 4567621 4571022 4573288 4577091 4578469 4581175 4584579 4586173 4589124 4589877 4591904 4595316 4596558 4597373 4599618 4602459 4604736 4608829 4610449 4612205 4614039 4615455 4616906 4617945 4619913 4621368 4622014 4623822 4625372 4626409 4627601 4629011 4630749 4635585 4637416 4638693 4639482 4640205 4642308 4646342 4647768 4649189 4650383 4651292 4652043 4653605 4655394 4658979 4661407 4662222 4663381 4665375 4667015 4668145 4669847 4673027 4674339 4676227 4678129 4680771 4683008 4684747 4685989 4687865 4691073 4693270 4695044 4697068 4698984 4706924 4708186 4711246 4712385 4714986 4716846 4717621 4718720 4719946 4722241 4725628 4733450 4735865 4737006 4740335 4741668 4742885 4743734 4744480 4745419 4746200 4748716 4750319 4752863 4754057 4759737 4760918 4762631 4764351 4765345 4768101 4770248 4772218 4774038 4774971 4776511 4777835 4778727 4781210 4784210 4786750 4792959 4795868 4797412 4799170 4800820 4805436 4807375 4811961 4813135 4814714 4816561 4817354 4820107 4820774 4822770 4825880 4827598 4828859 4829965 4831854 4833353 4834482 4837162 4838303 4839148 4840110 4842662 4850170 4851810 4854091 4856716 4858433 4859539 4860899 4864724 4866278 4868060 4869222 4872011 4874654 4877025 4879379 4882928 4884607 4885674 4886230 4887321 4888108 4889510 4890351 4892598 4896776 4898961 4905187 4908447 4910702 4913171 4914198 4915623 4918389 4924871 4926433 4929101 4930731 4937345 4939385 4942787 4943809 4947214 4948952 4950566 4953228 4955178 4957668 4959732 4965158 4968913 4972862 4974364 4975127 4976384 4978446 4979692 4980506 4981611 4989173 4994536 4996440 4997537 4998685 5002163 5002891 5004003 5006625 5009712 5010393 5013858 5017736 5020060 5021786 5026622 5027765 5028650 5030549 5032145 5032977 5034239 5036191 5037757 5039309 5041238 5042142 5043545 5045996 5049653 5050429 5052830 5054233 5057133 5058570 5059948 5061425 5062887 5063971 5065453 5066760 5068740 5070561 5071990 5074949 5075742 5077554 5078846 5080585 5083352 5084653 5085235 5088095 5091991 5094199 5096095 5097771 5099749 5100957 5103504 5105239 5107146 5112664 5113582 5114549 5115882 5116657 5118085 5118895 5123038 5125015 5126391 5130007 5130664 5132401 5135473 5137569 5139135 5140370 5141900 5142844 5143793 5144681 5145693 5146809 5147934 5149034 5150084 5151976 5152798 5153460 5154113 5154929 5158246 5161783 5162603 5163683 5164916 5166301 5169309 5170794 5172411 5173437 5177315 5182981 5183934 5185346 5186353 5187908 5192202 5193751 5198151 5198706 5200119 5202986 5203853 5205389 5207065 5210835 5217469 5218977 5224240 5225107 5226453 5227527 5228301 5229397 5231292 5232801 5233721 5234511 5237633 5239815 5241484 5243296 5244607 5246440 5249923 5250900 5252817 5253992 5256798 5260458 5262425 5263473 5267617 5268984 5271877 5272571 5274817 5277329 5281848 5282495 5283633 5284840 5286474 5288037 5292616 5293879 5295052 5295901 5296950 5298038 5298733 5300621 5306623 5307580 5311787 5313738 5314579 5315930 5317356 5318344 5320268 5321907 5322999 5324201 5326249 5330580 5331425 5334582 5337418 5339803 5340825 5342244 5345240 5346206 5349759 5350847 5352180 5353933 5356884 5357684 5358722 5360942 5362301 5364268 5365018 5368901 5370690 5371804 5373700 5379031 5379927 5385014 5387760 5389138 5394051 5396153 5398232 5400199 5401856 5404513 5406073 5407398 5410198 5413548 5414333 5416602 5422819 5425554 5429219 5430124 5431564 5432776 5435642 5437993 5439679 5441194 5446249 5447640 5448522 5450295 5451397 5456506 5457183 5458039 5461144 5464222 5465937 5467169 5469110 5474628 5476160 5478143 5480620 5482824 5483777 5485586 5487809 5488991 5493770 5496090 5497598 5498998 5500855 5503410 5505140 5510311 5511841 5512994 5514489 5515553 5517253 5518601 5519701 5521113 5523360 5524113 5527560 5529754 5530677 5531664 5533829 5537136 5538520 5540471 5542339 5544000 5548282 5549519 5551191 5555283 5557720 5558576 5560661 5569725 5570246 5571226 5574005 5574973 5576261 5577063 5578998 5580397 5581407 5585200 5586353 5587802 5590351 5592181 5594120 5595488 5597249 5599908 5602456 5605211 5607195 5608807 5612980 5614489 5615825 5618291 5620090 5621128 5622519 5623849 5625030 5626584 5630008 5634332 5635174 5636184 5636844 5638094 5640038 5641409 5644428 5645723 5647177 5648989 5651491 5653252 5654981 5657032 5657731 5658995 5661136 5662126 5663327 5667945 5669385 5670972 5672421 5674664 5676709 5677681 5679552 5681967 5682744 5683587 5686644 5691477 5692275 5693055 5693871 5694817 5696282 5699381 5700705 5702096 5703537 5704880 5705924 5709438 5711005 5712310 5712950 5716681 5718299 5720933 5724602 5727439 5728347 5729250 5729969 5731694 5733667 5736573 5738172 5743446 5745238 5748286 5749216 5750353 5752356 5753852 5756475 5760547 5765677 5768943 5770089 5772013 5773618 5774911 5776377 5778553 5781188 5783671 5786453 5788314 5789208 5790886 5791945 5792585 5794153 5795518 5796952 5798548 5800432 5801392 5802192 5804207 5805691 5808926 5810681 5811770 5814820 5816315 5821477 5822350 5823305 5825069 5825864 5827331 5829500 5830653 5832325 5833422 5836673 5838547 5845276 5846098 5848833 5849652 5854314 5856528 5857692 5862986 5865152 5867356 5868403 5869706 5870810 5873303 5881015 5883344 5884462 5885891 5887851 5891321 5895718 5896351 5897519 5898564 5900723 5901458 5903057 5904513 5906378 5908931 5909608 5910898 5912284 5913388 5917172 5920391 5921213 5922278 5923846 5926066 5929426 5930554 5932599 5935937 5939447 5940675 5942399 5944587 5949712 5952747 5954459 5955534 5956255 5958376 5960281 5962110 5964471 5965852 5966742 5968824 5974487 5975963 5977121 5979617 5982028 5984477 5985654 5986749 5988429 5989976 5992504 5994411 5997123 5998097 5998997 6002928 6003926 6008723 6011827 6013943 6015673 6017233 6018813 6025176 6026370 6027392 6029366 6030611 6032454 6033489 6035141 6036217 6037237 6039996 6041667 6042714 6045328 6046236 6049568 6052374 6056070 6059706 6061078 6061829 6064275 6066669 6068187 6072454 6074669 6075676 6077532 6079010 6081301 6082958 6085771 6090028 6091200 6092444 6093876 6094916 6096420 6098380 6101532 6103535 6105195 6105836 6107424 6108622 6109836 6111309 6112988 6115055 6115970 6117361 6118625 6121065 6122322 6123625 6124834 6127736 6128791 6129504 6133086 6136295 6137135 6139543 6141516 6142656 6144133 6145257 6146257 6149340 6150466 6152523 6155041 6155904 6156997 6159577 6160747 6162644 6163624 6165768 6168423 6169603 6174665 6178025 6178877 6180724 6184134 6187308 6189180 6189893 6192117 6194112 6196200 6200295 6202734 6205197 6206318 6207735 6208951 6210010 6214530 6218402 6219337 6221938 6224769 6225446 6226609 6232990 6236726 6239304 6240661 6245300 6246396 6248831 6250603 6251476 6254028 6255037 6255747 6258201 6261366 6264776 6267816 6270537 6272285 6273500 6274391 6276078 6281505 6282931 6288909 6290554 6297133 6297790 6299282 6300570 6301645 6302130 6305441 6306764 6308033 6310641 6311693 6313472 6315465 6317512 6320456 6322758 6324100 6325065 6326480 6328385 6329864 6334105 6336932 6337899 6338785 6340622 6342010 6342916 6348200 6349258 6350570 6353090 6355275 6356398 6360430 6362364 6366187 6367527 6368686 6371964 6373958 6375835 6380466 6382010 6384430 6385705 6386813 6388306 6389972 6394276 6395787 6400048 6400640 6402497 6404342 6404963 6407800 6410503 6411628 6415307 6417607 6418229 6422493 6426969 6428280 6429138 6430720 6431827 6432581 6434152 6436652 6440746 6442678 6444672 6445774 6446330 6449967 6450965 6452468 6453138 6455216 6457686 6458990 6464262 6466145 6467586 6468483 6470312 6471739 6476439 6477242 6478372 6479866 6481892 6482505 6484005 6485844 6487505 6489538 6491363 6493690 6497017 6497710 6499573 6501259 6502085 6502866 6503967 6505047 6508060 6509029 6512593 6513500 6519097 6519914 6521171 6522435 6523501 6525017 6525674 6526505 6528769 6529851 6532592 6534271 6538682 6541401 6543001 6544230 6546589 6547906 6552538 6553489 6555669 6560170 6563997 6565506 6566896 6568677 6570323 6572348 6573753 6579964 6582668 6587001 6591360 6592059 6593310 6596920 6602529 6605038 6607520 6609408 6610704 6612034 6615228 6615867 6616828 6619020 6621345 6622729 6624537 6625489 6629218 6634432 6636176 6637077 6638982 6640696 6642319 6643624 6645309 6646108 6647651 6648539 6651892 6654194 6654957 6656073 6656879 6659180 6661487 6662546 6663776 6664783 6667067 6668454 6671570 6673234 6674566 6676023 6679131 6682037 6685138 6687487 6688071 6690018 6693206 6694216 6699086 6700858 6704249 6709769 6711439 6715346 6718765 6720808 6721778 6724928 6726696 6727740 6729245 6731259 6732301 6734673 6735692 6738202 6739936 6741830 6744817 6745716 6747144 6749561 6750565 6751447 6752932 6754543 6756802 6758380 6759307 6761215 6762871 6764875 6768286 6769302 6770325 6771938 6773221 6775048 6778299 6780571 6781337 6783194 6784389 6787273 6788192 6789327 6794004 6795971 6796653 6798075 6800007 6803725 6804645 6805662 6808899 6812193 6812877 6813805 6814656 6815475 6818614 6820108 6821258 6823463 6824612 6826556 6828716 6833045 6836237 6839013 6840296 6842056 6844061 6845854 6846724 6847956 6849767 6850818 6851661 6852666 6853998 6856687 6858098 6859508 6861661 6864764 6868682 6869867 6872329 6873086 6873994 6876467 6879574 6881402 6883125 6883906 6887485 6891150 6892438 6893841 6895214 6896238 6897431 6898477 6899872 6900875 6901555 6903177 6905220 6908986 6911715 6913610 6915086 6915907 6919866 6920892 6924016 6927771 6928532 6931011 6936352 6939083 6940577 6942394 6943333 6944790 6947493 6950285 6951331 6952811 6955147 6955926 6956911 6959313 6964021 6970510 6974810 6976982 6978686 6980638 6984267 6984964 6986756 6987955 6989925 6991318 6993745 6994953 6999473 7000630 7002582 7003762 7006786 7008489 7009565 7011667 7013647 7014441 7017031 7019875 7023634 7024837 7029839 7030811 7034117 7036636 7038204 7038856 7041868 7044195 7045389 7052660 7054341 7056244 7057179 7058065 7058889 7063085 7066228 7069338 7071066 7072206 7073130 7075117 7076384 7081142 7081811 7085970 7087872 7089114 7090774 7091798 7093240 7097303 7098323 7100825 7101587 7102598 7104001 7108674 7111526 7112854 7114079 7115229 7117223 7118645 7119869 7121469 7123869 7125298 7126908 7127780 7128595 7130532 7135572 7137098 7139594 7140862 7142848 7145494 7147615 7149818 7152559 7153524 7155352 7157204 7157852 7159654 7161705 7163520 7167225 7170449 7171970 7173987 7175098 7176502 7185619 7189252 7190434 7191628 7193848 7194823 7195342 7196881 7197689 7201074 7202330 7204052 7205040 7206356 7207732 7210131 7211083 7211695 7218033 7220712 7221647 7223605 7229973 7231383 7232120 7234459 7236660 7238624 7242288 7243590 7246565 7249343 7252793 7256528 7260546 7262910 7265073 7266501 7269714 7271202 7272470 7279334 7283890 7287546 7288263 7289301 7290833 7293512 7295592 7296751 7298043 7300502 7302887 7306198 7309133 7311462 7312290 7313864 7316597 7318958 7322601 7324905 7327575 7332588 7336209 7339044 7339553 7340515 7342416 7343767 7346197 7350786 7351773 7355418 7356805 7358370 7361686 7364216 7365254 7366752 7368396 7370971 7372016 7373303 7378100 7379880 7381924 7384468 7385429 7387842 7389877 7392012 7394113 7395174 7396599 7397806 7399281 7400099 7402542 7403578 7405084 7407549 7409397 7412332 7416608 7418224 7420075 7426199 7429007 7430070 7430775 7432157 7433666 7434481 7437563 7442992 7445677 7448425 7451963 7454076 7456949 7458784 7460220 7463000 7468788 7469617 7474912 7477404 7479589 7480839 7483065 7486025 7486999 7488727 7491743 7493319 7495365 7496755 7497649 7501257 7502201 7503659 7504919 7506594 7508770 7511590 7512643 7514472 7515931 7517343 7518650 7522556 7524076 7527592 7529875 7531468 7533828 7536224 7537954 7539754 7545041 7546513 7550102 7551602 7553274 7559680 7561378 7563125 7564885 7566378 7566963 7571167 7575384 7577728 7579579 7580495 7581502 7583828 7585151 7589181 7590513 7591852 7594560 7600911 7603094 7604139 7605177 7607068 7609079 7613672 7614854 7616693 7618240 7620720 7623054 7624195 7627269 7628887 7632133 7632540 7634036 7634866 7636643 7638445 7642633 7644533 7648049 7652677 7653656 7656143 7657435 7659053 7661097 7663262 7666335 7667484 7668441 7669551 7671752 7673642 7674501 7675691 7677923 7679068 7680834 7683995 7684917 7687122 7689939 7691857 7693384 7694115 7695335 7699744 7701497 7703287 7704917 7709154 7710493 7713262 7715441 7716425 7717529 7722497 7723766 7725034 7726514 7727840 7729391 7731404 7732446 7737458 7740322 7741299 7743191 7746866 7747645 7748822 7749825 7750828 7751792 7752806 7755249 7757089 7759215 7760986 7763205 7764868 7767456 7770547 7772220 7773865 7775218 7776110 7777896 7778707 7781060 7784143 7785737 7786921 7788874 7795794 7796978 7801656 7803192 7805009 7806408 7807291 7811385 7813534 7814477 7816138 7818435 7819995 7820921 7823896 7824892 7829534 7831261 7833020 7835153 7836276 7838189 7838853 7839880 7842631 7843715 7844813 7845899 7846736 7849618 7850760 7853343 7855583 7858735 7860481 7862026 7864867 7867829 7872906 7873954 7875008 7876109 7876950 7879031 7881314 7885119 7886259 7887413 7888382 7889129 7890362 7891785 7892441 7894962 7899337 7900316 7901240 7902795 7904228 7907229 7910756 7911879 7913400 7914053 7915887 7918068 7926910 7928026 7929002 7929857 7931671 7932502 7936620 7937402 7940945 7943122 7944378 7947234 7949040 7950698 7951448 7957524 7960047 7961763 7968306 7969399 7973905 7974846 7975842 7976746 7977989 7980639 7981737 7982477 7983519 7987741 7990457 7993263 7994313 7996571 7997994 7998922 8000067 8001718 8002809 8004950 8006287 8007811 8011110 8014214 8015177 8017628 8021034 8023359 8024770 8026270 8027712 8030944 8032670 8034281 8036411 8038525 8040362 8045104 8046844 8052419 8056142 8058305 8059177 8062699 8067384 8071391 8074464 8075602 8077477 8081108 8082182 8084125 8084840 8086726 8089956 8091315 8091916 8093076 8093681 8095398 8097820 8099750 8103146 8106067 8108754 8109561 8110805 8113465 8115721 8117212 8121508 8123904 8125362 8128914 8130404 8132414 8134162 8134874 8137410 8139600 8140980 8143777 8144636 8145553 8146521 8147683 8151024 8155923 8156898 8157702 8159679 8161268 8162295 8166557 8168031 8169850 8171263 8174905 8176118 8179728 8182356 8183477 8185249 8188924 8191715 8193432 8195552 8202162 8203487 8204953 8205608 8206579 8208671 8212833 8213924 8215426 8218213 8219231 8220852 8226146 8228935 8229569 8230869 8233444 8235418 8237423 8238717 8242681 8245557 8246768 8247835 8248550 8253278 8257362 8257919 8258941 8260459 8262072 8263732 8264736 8265944 8266674 8268322 8272136 8274169 8275621 8276834 8277585 8278463 8279814 8282714 8286938 8287793 8289355 8290890 8292419 8293599 8295616 8297385 8299221 8302141 8303351 8304875 8305655 8307703 8309700 8312474 8314116 8315903 8317017 8319164 8320222 8324021 8325556 8329905 8333710 8336760 8339631 8341046 8342720 8344908 8345694 8346941 8347677 8350009 8351457 8352644 8353670 8355861 8357766 8360219 8361643 8365683 8367011 8368470 8369673 8371552 8373561 8375308 8378013 8380149 8382231 8384527 8385964 8387415 8388773 8390013 8390984 8393070 8398466 8404972 8407038 8408930 8409611 8412226 8415031 8418525 8419791 8422175 8423607 8427253 8428537 8430611 8434809 8436977 8438178 8439251 8440337 8442805 8447582 8450659 8451889 8453041 8455749 8457566 8458978 8459975 8461279 8462259 8463850 8468326 8469271 8470098 8474583 8476114 8477170 8479057 8481915 8483984 8485645 8487065 8490030 8491073 8492030 8493134 8497125 8499581 8500953 8502107 8503820 8506377 8507891 8509670 8512932 8516391 8517978 8518871 8519624 8521464 8523471 8525671 8526388 8530255 8531582 8532630 8534563 8536388 8538178 8539230 8539935 8542755 8546714 8547667 8548276 8548964 8550224 8551767 8552575 8554428 8557228 8558001 8559895 8565869 8566686 8572107 8574300 8575582 8578730 8581009 8582710 8585589 8588311 8589628 8591433 8593731 8594771 8595685 8596926 8598891 8601364 8607778 8609934 8610819 8612250 8612929 8614487 8616892 8618811 8620854 8624626 8629591 8630225 8633366 8636769 8637684 8639226 8640468 8641534 8642377 8644278 8647469 8652019 8653399 8654819 8660131 8664198 8667006 8669677 8671376 8672648 8674004 8677589 8678985 8679762 8680805 8683864 8688369 8691785 8693706 8695162 8697697 8698888 8704219 8704963 8706847 8709816 8710563 8712609 8714666 8717223 8718899 8723507 8724662 8725488 8726506 8728069 8730756 8732403 8733460 8735603 8737904 8739137 8742740 8744368 8748651 8751226 8752617 8754314 8756540 8758613 8760732 8762323 8767771 8768620 8770949 8776055 8777490 8780821 8782333 8784101 8785969 8789286 8792050 8792901 8794225 8795096 8795550 8796269 8797321 8799148 8800231 8803529 8805226 8809292 8811374 8813358 8814543 8815955 8817096 8819340 8820481 8823790 8824857 8825453 8828007 8830011 8834194 8837272 8838398 8839179 8841059 8843601 8846082 8848442 8849799 8850414 8852109 8854815 8856930 8860898 8862205 8864259 8866689 8868377 8870082 8875728 8878674 8880160 8881499 8883747 8884900 8889594 8893413 8894301 8895004 8897543 8900853 8902495 8903722 8905300 8907328 8909184 8911637 8913766 8917147 8920520 8921944 8922770 8923507 8926115 8931416 8933143 8934344 8935597 8936841 8938752 8940890 8941617 8942702 8944128 8945316 8946202 8947388 8949697 8953013 8954683 8961842 8965712 8966796 8967249 8968265 8969593 8973186 8975220 8976934 8986961 8988188 8990073 8990939 8993804 8995520 8999991 9001938 9003804 9005657 9010665 9012559 9016963 9018150 9019521 9020554 9022219 9024421 9027957 9031492 9032557 9034044 9036082 9038283 9040747 9041369 9042356 9044358 9045276 9049281 9050377 9051623 9053386 9054283 9059415 9060326 9062027 9062538 9063825 9065221 9066770 9068055 9070134 9074213 9075242 9077248 9082298 9083672 9084968 9085838 9086906 9089564 9090252 9093015 9094681 9096347 9098455 9099178 9102896 9104445 9105276 9106356 9108531 9111291 9114146 9115293 9118673 9120256 9124589 9126264 9127442 9129289 9130403 9131487 9132627 9134100 9135739 9137547 9139606 9140637 9144109 9145642 9146520 9148969 9150171 9150946 9151689 9152889 9153958 9155643 9156963 9158300 9162947 9163930 9167990 9169843 9171826 9173195 9174698 9175435 9180780 9181835 9182664 9184220 9185701 9187834 9190031 9193715 9195028 9196362 9197263 9200052 9202619 9203909 9204696 9205437 9206347 9207218 9207813 9209662 9211051 9212925 9215985 9217723 9220584 9221862 9224876 9227599 9228823 9230668 9232577 9234077 9235820 9238396 9240465 9242229 9245011 9245829 9248297 9249933 9251675 9252736 9256972 9258205 9260405 9262759 9274654 9275713 9276984 9278846 9280644 9282058 9285897 9287448 9288561 9289444 9290401 9291647 9293911 9296353 9299235 9309493 9311339 9312578 9317672 9318919 9320983 9321987 9323104 9325036 9327596 9328420 9331671 9333635 9334378 9337723 9339343 9342534 9344081 9345719 9346879 9348359 9349379 9351127 9352548 9353999 9355385 9357584 9358158 9359192 9361823 9364239 9365797 9368579 9369585 9370843 9371796 9373017 9374850 9380898 9383124 9384068 9386340 9388525 9389816 9390394 9393178 9394293 9395497 9397800 9398720 9402893 9404175 9406305 9408612 9409557 9412896 9415961 9417940 9420907 9422584 9423861 9424867 9425623 9426909 9430066 9431743 9433058 9436763 9438828 9440730 9447675 9449520 9452071 9453066 9456665 9457674 9459807 9465674 9466840 9468520 9470565 9474309 9475428 9478280 9480493 9482234 9483242 9485128 9486548 9487765 9491644 9495643 9498567 9501888 9502839 9503622 9507623 9510251 9512124 9513396 9514360 9517715 9518504 9520230 9521223 9522153 9528417 9530220 9533525 9538925 9541193 9542555 9544427 9545398 9548272 9550940 9551902 9553439 9554268 9555651 9561317 9563499 9565442 9567790 9569912 9571422 9572352 9573808 9576152 9577544 9579745 9582002 9584888 9586563 9592872 9595758 9599554 9602236 9603657 9605248 9606046 9608693 9609634 9615900 9616901 9621284 9624102 9625814 9628338 9629581 9631763 9633222 9636619 9639234 9642382 9644210 9646461 9647544 9648606 9651739 9657138 9658490 9660271 9661886 9662730 9665964 9669519 9671016 9673896 9675910 9678245 9679303 9680720 9682745 9683770 9687573 9688564 9692207 9694545 9695141 9696212 9697418 9698584 9699493 9701228 9704073 9705674 9709238 9710738 9712060 9713964 9714730 9716039 9718796 9721285 9722219 9724016 9726989 9729971 9731585 9732351 9738455 9739648 9740972 9741961 9745607 9746764 9750335 9752188 9753105 9757047 9759244 9761464 9764439 9766782 9768684 9771253 9775535 9776960 9780850 9783549 9786245 9787560 9790108 9792222 9796387 9798156 9799419 9800127 9804189 9806792 9808133 9809288 9812665 9813633 9815194 9818170 9820890 9822120 9822800 9823880 9826318 9828002 9828966 9830057 9832381 9836524 9837498 9838416 9841161 9843608 9844448 9845650 9847128 9849353 9853594 9855529 9858757 9860006 9862501 9864917 9867878 9868820 9870186 9872437 9874532 9876346 9877243 9878995 9879567 9884976 9887818 9895997 9899318 9901733 9903593 9905162 9908284 9909577 9913383 9915769 9917516 9920279 9922451 9924969 9926672 9928689 9930605 9931747 9932695 9933785 9935127 9937538 9943682 9944855 9947283 9949034 9949901 9953938 9956374 9957105 9958256 9959102 9960365 9961879 9962369 9964568 9967659 9968766 9973039 9974564 9976589 9978956 9980834 9982266 9985972 9986908 9987550 9989159 9990309 9997611 9999162 
</Matrix>
<Matrix name="Neuron_134" type="complete" rows="1" columns="4778" multiplier="1.0">
   3335 5589 7574 9493 10349 11206 12811 14800 16183 18428 19455 21229 24942 26701 28006 29178 32780 35903 37894 40563 41560 42649 44225 45160 47206 47955 49880 53118 55551 57684 59681 60960 61864 63003 65634 67337 68124 70788 71320 76099 78687 80684 83136 83798 84716 87330 92026 93492 94359 95805 99295 103918 107177 108590 109780 113313 115758 117029 119284 121597 122572 123534 125215 128075 131975 132657 134034 135603 137317 140453 143192 144204 145427 148249 149903 152358 153564 155290 156086 157518 158569 160436 160983 162644 164734 165801 167914 169194 170249 172628 174242 175155 177686 179052 185274 186732 188277 190862 193802 194685 195476 196402 197833 198388 200012 202015 203032 205452 206812 209220 210733 212001 213346 216441 217371 219373 221210 224629 225556 226472 229285 230833 231574 234747 237505 240971 242361 243190 245968 246945 248099 249923 251556 254260 257879 260258 262717 264247 265193 267100 270270 272516 274517 279212 281277 283388 288527 290456 292584 293409 295456 301317 302534 305087 308844 310628 313511 314500 316571 318267 321294 323885 324805 328795 330766 333341 335958 338494 341020 343199 344941 345793 347409 348487 350078 352390 353431 354952 356752 358299 359943 361565 362594 363921 365696 367627 369503 373222 374667 375456 376698 378175 383147 386843 387799 389427 391226 392041 394605 398948 400075 402637 406271 408803 410115 412122 414153 416538 417440 418593 421156 422159 422853 424406 425654 426876 428136 430476 431631 434094 435351 436043 437141 438296 440150 441728 443209 445199 447318 449149 452047 454080 455105 456468 458272 461513 462039 464253 467243 467996 469274 472805 474861 476594 477508 478727 480349 484598 486668 489028 490499 493674 494834 496084 496762 498411 501117 502173 502875 505093 506427 508751 516515 517780 519278 521018 523008 526553 529381 531576 534865 535540 537480 540000 541198 542752 544154 545561 546203 547148 551182 551823 552446 554847 558889 561138 563619 564476 567413 568697 571300 572105 573810 575175 578123 581021 585306 589202 591627 596111 597470 599973 603018 604962 607938 609505 611725 612879 614005 614951 620789 624270 625915 630790 634036 637176 640611 642412 643624 645926 648670 651601 652481 653320 655867 657826 659615 660517 661797 665921 667211 668762 670307 673815 675228 676650 677711 679579 682628 686042 687557 688757 690398 691604 693446 698720 699899 701041 702436 703384 704675 706297 707733 708626 710578 711388 715507 718447 723322 724160 726292 728149 730050 731375 732015 733101 736301 737188 738821 739581 740667 744803 746741 748100 749928 756865 758548 759341 760091 763545 765790 767297 769808 773346 776068 777439 778999 780300 784793 785812 787935 790519 791278 792833 794775 795634 797834 800681 802772 804407 805671 806946 811322 812637 815160 816632 817780 819271 821531 825971 827564 828768 829604 831053 835152 837511 839575 840924 843559 844998 848505 852698 853453 855461 857576 859457 861068 863646 869417 873614 874609 875776 876507 877470 878668 880389 885482 888446 889916 891244 893977 894809 895600 896743 903617 905346 906762 913548 916093 917677 920009 921213 922331 923265 925500 926738 930250 931852 933254 934518 936221 937828 938463 942502 945403 947698 948984 951237 952308 953351 954456 955515 958164 960680 964737 970053 972712 973986 975447 976538 978269 979538 980918 982220 983790 985404 986675 989248 991192 991910 994045 995673 996600 997866 998726 999629 1002252 1004363 1006040 1007613 1009836 1011783 1013800 1015811 1016767 1019684 1020896 1024324 1025508 1027510 1029592 1030839 1032905 1033805 1038179 1039140 1040431 1043803 1044683 1046758 1048041 1049228 1049991 1051867 1052489 1054203 1055313 1057093 1060183 1061314 1063939 1066789 1068566 1072052 1073334 1075362 1077271 1078355 1081292 1082119 1083377 1089586 1092037 1093845 1094888 1095877 1098575 1101295 1102339 1104236 1107227 1108395 1110084 1112124 1115096 1116811 1117898 1118598 1120765 1122096 1124547 1125192 1127203 1129410 1130726 1131405 1133422 1134255 1135672 1137264 1139653 1141009 1143471 1146818 1148976 1150705 1151609 1153813 1155282 1159767 1161449 1163582 1166051 1167061 1169589 1171714 1173153 1176883 1180064 1181193 1185442 1186430 1188107 1189516 1191791 1195532 1197038 1198963 1199614 1200390 1203798 1206228 1208186 1210066 1211627 1214383 1215249 1216727 1218179 1220375 1221455 1222103 1223580 1225776 1226629 1228160 1229547 1230821 1232530 1233388 1235679 1236474 1238254 1239135 1240861 1242197 1245519 1250269 1252896 1253628 1254814 1256444 1258083 1258830 1261474 1263826 1265307 1267298 1267710 1269340 1270500 1274369 1276674 1279750 1282623 1283820 1286113 1288515 1291045 1292651 1294151 1297050 1299496 1300794 1302918 1304433 1306674 1307374 1308698 1312158 1315636 1316889 1319567 1321081 1322700 1323822 1326219 1327291 1329209 1331140 1332781 1334144 1335299 1336786 1339908 1342757 1343852 1347243 1348739 1351733 1354639 1362193 1365366 1370245 1372459 1373952 1375443 1376547 1377285 1379949 1381430 1382578 1384213 1387487 1390734 1392019 1392788 1394633 1395476 1396353 1398914 1399965 1401477 1402224 1403370 1407186 1409724 1411817 1413774 1415509 1416407 1417733 1418656 1419527 1421582 1424235 1425803 1427435 1431333 1436259 1438812 1440497 1441460 1443247 1444701 1448756 1453989 1455837 1457400 1460238 1463435 1465993 1466689 1468189 1469305 1472316 1473991 1475061 1477733 1480572 1481751 1484473 1486335 1487066 1488684 1489853 1494828 1495694 1497797 1498784 1504467 1505381 1506874 1510779 1511850 1514632 1517152 1519108 1520202 1523781 1524923 1526904 1528901 1529960 1531550 1533946 1535774 1540632 1541685 1542820 1544355 1547208 1549990 1554266 1557587 1558714 1562314 1566908 1568990 1570493 1572678 1575642 1576545 1577161 1578068 1579528 1582698 1585123 1586806 1587703 1588586 1591323 1592839 1596479 1600581 1602787 1604456 1607966 1609602 1610825 1612411 1613416 1617130 1618873 1621059 1623860 1625327 1626306 1629229 1632375 1634317 1635469 1636304 1638248 1640056 1641719 1643367 1644957 1646082 1647909 1649280 1650578 1652087 1653941 1655890 1657272 1657907 1658463 1660653 1662590 1664817 1665996 1668311 1669933 1671040 1675946 1677013 1678178 1679566 1681913 1684335 1685651 1688908 1691837 1694080 1695675 1698326 1701368 1705985 1708123 1709795 1713396 1714199 1715796 1717468 1720159 1721061 1722802 1725141 1726774 1728139 1729185 1729932 1730824 1731898 1733768 1735282 1736767 1737706 1741005 1741604 1742699 1744856 1746279 1747048 1747800 1749259 1752699 1755748 1758168 1759604 1760297 1762069 1763616 1764842 1765933 1767072 1767965 1770690 1771738 1773313 1774728 1776485 1777756 1778879 1781475 1783332 1787157 1787902 1789830 1790521 1795544 1796842 1798633 1802601 1805605 1808349 1811985 1814657 1817060 1818005 1820676 1822380 1823777 1824893 1825546 1827428 1828892 1831357 1833284 1836727 1838295 1839147 1844759 1850177 1852908 1853528 1855086 1857222 1859554 1862059 1863508 1866708 1868190 1869885 1873174 1877200 1878038 1880009 1881198 1885850 1886644 1887509 1888248 1890275 1891496 1896179 1897589 1902812 1903750 1906369 1912457 1917079 1918511 1922240 1923045 1924750 1934928 1935737 1937288 1938637 1940183 1942136 1944023 1944781 1945596 1947361 1954328 1956901 1958131 1960339 1964870 1966714 1969939 1971652 1973108 1974941 1977380 1978814 1980670 1981970 1987040 1989101 1990540 1993013 1994800 2002801 2006274 2007491 2012913 2014004 2018800 2022836 2023940 2024932 2029663 2031296 2032846 2038962 2040471 2041797 2042846 2044100 2046002 2051277 2052399 2055105 2058615 2061871 2064552 2065184 2068198 2069543 2070390 2071856 2072946 2074081 2075578 2076776 2079403 2080617 2081797 2082819 2086160 2088943 2093243 2094560 2100649 2102056 2103384 2104277 2106260 2108260 2108916 2109801 2111456 2112304 2113230 2116055 2116853 2119329 2120126 2121771 2123830 2126823 2128051 2130227 2131266 2132891 2134062 2136829 2137938 2138994 2140926 2142195 2147310 2148818 2150178 2154284 2155123 2158058 2159750 2162127 2165045 2166995 2168027 2169283 2171917 2173777 2177753 2179124 2181149 2185503 2187912 2189160 2190072 2190752 2191546 2193308 2194320 2195915 2198694 2200214 2201574 2202667 2204601 2205340 2206408 2211043 2212175 2220726 2222358 2223140 2224319 2226733 2228260 2230005 2230991 2236446 2237464 2241142 2243602 2244955 2245812 2246941 2253520 2256053 2257874 2259524 2261505 2263376 2264763 2267287 2272431 2273965 2276396 2278509 2280727 2283308 2284929 2287732 2288777 2290618 2293001 2294273 2296872 2298469 2306679 2308883 2310610 2311808 2314281 2320227 2323760 2325249 2326823 2328305 2329584 2331929 2336072 2344845 2346305 2349631 2351510 2352538 2354560 2356460 2360781 2361621 2362908 2368984 2370268 2372523 2374850 2376615 2377460 2380801 2382055 2383583 2386188 2390846 2391753 2392697 2394152 2395829 2398248 2400702 2401133 2401742 2403482 2404057 2405323 2406794 2408809 2412522 2413165 2414879 2415659 2418006 2419055 2420790 2422950 2424420 2425427 2431060 2432183 2433632 2436254 2437949 2439732 2441194 2447143 2448529 2449965 2450743 2454666 2455377 2456245 2460229 2461652 2463360 2464037 2467439 2469143 2470652 2471903 2472968 2474983 2476772 2478842 2480036 2483660 2486431 2490784 2494179 2496622 2497752 2501026 2502118 2504333 2505988 2507249 2509308 2515394 2517294 2520646 2523012 2527239 2528694 2529731 2530780 2532003 2536101 2539697 2541391 2542855 2549471 2551235 2552263 2553970 2555608 2556518 2558581 2559585 2560415 2562707 2563356 2565178 2566863 2568640 2573054 2575187 2576850 2577692 2578528 2583054 2584528 2590539 2592264 2593064 2594837 2597309 2600790 2601528 2602226 2604725 2608231 2609301 2612659 2614265 2618222 2618963 2620616 2621903 2623197 2625571 2627538 2628779 2630498 2631370 2636877 2637802 2639579 2641193 2642464 2643207 2644567 2646913 2653025 2655266 2657793 2658830 2660937 2663331 2666242 2667062 2668199 2669848 2670992 2672926 2675097 2676560 2678971 2681130 2682158 2687534 2688978 2692221 2693622 2694533 2696493 2700835 2702716 2714731 2716093 2717544 2719378 2721827 2724132 2725849 2728001 2729030 2730660 2732278 2734226 2736321 2740715 2744095 2745854 2749011 2754410 2758297 2762293 2764558 2766440 2767731 2768980 2770755 2772139 2773502 2775016 2775988 2777273 2779551 2780942 2784112 2785037 2785748 2786754 2792230 2793964 2795959 2799946 2802996 2804702 2808276 2811839 2813382 2815172 2816302 2818738 2821790 2822883 2824354 2826701 2831089 2831847 2832941 2835132 2840936 2842781 2844383 2846911 2849118 2850726 2851160 2852654 2853364 2856463 2857740 2858519 2859179 2860932 2861762 2864807 2868849 2871206 2874861 2877299 2880555 2881790 2882872 2884325 2885952 2886540 2887757 2892236 2893987 2895392 2897255 2898438 2899611 2900600 2901532 2903445 2904435 2906352 2907769 2909053 2911814 2912829 2915138 2917756 2920597 2921459 2922872 2924968 2926314 2930305 2932365 2933187 2936079 2936796 2938031 2938991 2940738 2942304 2943221 2944436 2945795 2948484 2954677 2958052 2961058 2963732 2969179 2971642 2975640 2977670 2981250 2982890 2986799 2989971 2991539 2993186 2995586 2997174 2999986 3003579 3004438 3005535 3006950 3010349 3014584 3016610 3018538 3023307 3024154 3026641 3027697 3030863 3032239 3034363 3035851 3037174 3039358 3042350 3044146 3046167 3047502 3048821 3050863 3052019 3054840 3055961 3057916 3061239 3062546 3065235 3066821 3068320 3070070 3072092 3073706 3076572 3077732 3081250 3084595 3085608 3086721 3094873 3096940 3100569 3102695 3103601 3104363 3105565 3106272 3108570 3110398 3113536 3116667 3117550 3120576 3121423 3122990 3123985 3125048 3128713 3130167 3132826 3135297 3138508 3139654 3142333 3144991 3146983 3147732 3148608 3150865 3151485 3153041 3154666 3159049 3160567 3161983 3163848 3165079 3168455 3170743 3172252 3173933 3175983 3179564 3180417 3182735 3183695 3187270 3188909 3190865 3192148 3195296 3197006 3199048 3200608 3204995 3210079 3211565 3214986 3216575 3217854 3221304 3223311 3224476 3226122 3227072 3228716 3231365 3234942 3239678 3241045 3242144 3243829 3246442 3248609 3249359 3250777 3252363 3256065 3257875 3258858 3260060 3261287 3263329 3264135 3265250 3267671 3269560 3271907 3272619 3276338 3277466 3279091 3281481 3282561 3286981 3287738 3289064 3290349 3291666 3294743 3296456 3297797 3299808 3301684 3303615 3311218 3313215 3314425 3316164 3317605 3324307 3325571 3328395 3330965 3332541 3334428 3337023 3338832 3340191 3341235 3343355 3344963 3346987 3349402 3350105 3351938 3353703 3354971 3358465 3359993 3361381 3362923 3363835 3366940 3371534 3372523 3373138 3374557 3377711 3378462 3387198 3390020 3394626 3396792 3400142 3403460 3404789 3405507 3406015 3407897 3410532 3411886 3413292 3418067 3420580 3421118 3422072 3426765 3427939 3433008 3436340 3437759 3440131 3442849 3443657 3446425 3448164 3448958 3450338 3452163 3453944 3455592 3456518 3457086 3459444 3460631 3462368 3464668 3467306 3468687 3469722 3470545 3472219 3473083 3474216 3476046 3477212 3480259 3481557 3483090 3484009 3485734 3486945 3488114 3488981 3490327 3493457 3494662 3495794 3496913 3498213 3500510 3501660 3503152 3504214 3505424 3507370 3508428 3509881 3511826 3514207 3517228 3519155 3519954 3520996 3523383 3524624 3529042 3529758 3531388 3532971 3533747 3537208 3538646 3539509 3540372 3545118 3548154 3550748 3552189 3556799 3558101 3560399 3561546 3563283 3568267 3571394 3574333 3576490 3577526 3581558 3582732 3585155 3588245 3589992 3591878 3594527 3597491 3598627 3600351 3601881 3605937 3606803 3608175 3609985 3613064 3615212 3616964 3617808 3622498 3623096 3627971 3629409 3635123 3636193 3640346 3642245 3642937 3645156 3646889 3650129 3652270 3653492 3654694 3658458 3660827 3662334 3664653 3665635 3667426 3672873 3673615 3674405 3676699 3678485 3680364 3682455 3683375 3685819 3687432 3688583 3690035 3691421 3693732 3695368 3698054 3698768 3699770 3700457 3702720 3704683 3706378 3707173 3708289 3709847 3712797 3718508 3719950 3723665 3726378 3727098 3729506 3731544 3732718 3734029 3735763 3736909 3741736 3743026 3744542 3745159 3746833 3749247 3750823 3754848 3757246 3759117 3761456 3763325 3764026 3764987 3766337 3768326 3773030 3774818 3777576 3779375 3780224 3783762 3791437 3793664 3794601 3795162 3797174 3798022 3799173 3800167 3800793 3801482 3805138 3808647 3809906 3810675 3812862 3813737 3814803 3815619 3817196 3817932 3818891 3821396 3823400 3825226 3827530 3828372 3830357 3832494 3834926 3836792 3840823 3844403 3845920 3846711 3849170 3850179 3852929 3855597 3857314 3858339 3860123 3861816 3865235 3866376 3868440 3869398 3870626 3873429 3874303 3877410 3879833 3880473 3881679 3883650 3884905 3886071 3887591 3888574 3889574 3890909 3894692 3895743 3898907 3901031 3905939 3907576 3909531 3913535 3914593 3916909 3917593 3922494 3923432 3926431 3927636 3929440 3930107 3930763 3932424 3935427 3938105 3940722 3941470 3942081 3943030 3943914 3944936 3947713 3948652 3950070 3956688 3957575 3960364 3962331 3963258 3964474 3966253 3967886 3969871 3973597 3976673 3982805 3984195 3988450 3989434 3991198 3992475 3996556 3998570 4002583 4003533 4004991 4006287 4012106 4015759 4017778 4020898 4022134 4022819 4025818 4030326 4032304 4036500 4039207 4040408 4041436 4042463 4044237 4045258 4049089 4049990 4051137 4053128 4056204 4059462 4060380 4062793 4066024 4069044 4072707 4073835 4075415 4076599 4078240 4080335 4083117 4085986 4087029 4087856 4093197 4094233 4094929 4097397 4098994 4099733 4101858 4103037 4105047 4107262 4108961 4109960 4111440 4114432 4115473 4116564 4118161 4120398 4122688 4125578 4127414 4129092 4132885 4135249 4136312 4138318 4139589 4141483 4143922 4147411 4148966 4151283 4153170 4155199 4157321 4158403 4159767 4162172 4163866 4166194 4168276 4169861 4172830 4174069 4175857 4178364 4179643 4180419 4181813 4186112 4187808 4189064 4190510 4193474 4194697 4198774 4199819 4201290 4202541 4203393 4205367 4209125 4210295 4211000 4212856 4214364 4218489 4219578 4220995 4221900 4223005 4224865 4227736 4229827 4230624 4233475 4234570 4236864 4239409 4240497 4243686 4248607 4250713 4251999 4254047 4254975 4257659 4258861 4259909 4261170 4264397 4265631 4266545 4269154 4270209 4272969 4276368 4277762 4281032 4281973 4282541 4284415 4289561 4290684 4292890 4294530 4302601 4305667 4307233 4308320 4309089 4311850 4315450 4315986 4316766 4317616 4319121 4319832 4320685 4321459 4325052 4326114 4327523 4329812 4331220 4333082 4334535 4335414 4336804 4338769 4341399 4343573 4345878 4348109 4349245 4350327 4353217 4356074 4357106 4358436 4359364 4360701 4362195 4363313 4365445 4370616 4372258 4375910 4383788 4386463 4393256 4399611 4402760 4403885 4404520 4407067 4408750 4412217 4413739 4414886 4415878 4417913 4422531 4424004 4427979 4428692 4431294 4434975 4436482 4437625 4439882 4441525 4443102 4445349 4446346 4447640 4451075 4452426 4453550 4455000 4458321 4460464 4462764 4463824 4468944 4470695 4472188 4473041 4474094 4475824 4477690 4479494 4481461 4482184 4483318 4483990 4488421 4489988 4495327 4497580 4498460 4500032 4506813 4507873 4510940 4513896 4515751 4517018 4519127 4522825 4524554 4525660 4526672 4529718 4531574 4535060 4537911 4539074 4539923 4544145 4546424 4548848 4551468 4554574 4556019 4557007 4559028 4560544 4562617 4564643 4566642 4567556 4568404 4571592 4572510 4573685 4575058 4578947 4581908 4584079 4585543 4587480 4594992 4597880 4598609 4599836 4601577 4605777 4606811 4611358 4613098 4614666 4616706 4618398 4619383 4620674 4623531 4628819 4629850 4630740 4633446 4636286 4637930 4642521 4643689 4645646 4646701 4648363 4656847 4657923 4662821 4665048 4666107 4667385 4670329 4672011 4673193 4673928 4675516 4676165 4677609 4679475 4682329 4683354 4684407 4687545 4690267 4691344 4695237 4697686 4698281 4698971 4700040 4701372 4704479 4707257 4708334 4709151 4710984 4713246 4713761 4715855 4717000 4719277 4720922 4721746 4723123 4724243 4725060 4728969 4732436 4734222 4738140 4740470 4741578 4743017 4747701 4749197 4751081 4755395 4756415 4757347 4760977 4762526 4764405 4765865 4770297 4771852 4773956 4775377 4777485 4779658 4781507 4784277 4785774 4787036 4787878 4792047 4795200 4796706 4798181 4799391 4800143 4801137 4802354 4804049 4805643 4807018 4808664 4810257 4813935 4814603 4817457 4820008 4821150 4825884 4828321 4834671 4837617 4840596 4841769 4842747 4846357 4847812 4850430 4853198 4854477 4858045 4860143 4860962 4864115 4865578 4870539 4871221 4872021 4874330 4876751 4878109 4880379 4883135 4884686 4889320 4890690 4892178 4894308 4896560 4897976 4901694 4903046 4904183 4904813 4906405 4908208 4916938 4918067 4920501 4922257 4924209 4926196 4927588 4928328 4932529 4934242 4935648 4936445 4937588 4938674 4939735 4940509 4941803 4943355 4944338 4947042 4948101 4949639 4951475 4953464 4954144 4955259 4955813 4958783 4960079 4962478 4963705 4964542 4967006 4968060 4970317 4971767 4972675 4974327 4975672 4976797 4977886 4979779 4980764 4982208 4986485 4988632 4991403 4993201 4995871 4997390 5000184 5001325 5004817 5007116 5008084 5009632 5011982 5013754 5015893 5018535 5020394 5021700 5022852 5024621 5027868 5030067 5030877 5032090 5035312 5036709 5038722 5039831 5041036 5044836 5046113 5047596 5050584 5052991 5055762 5057470 5058382 5059732 5066722 5067962 5069104 5071797 5072537 5073150 5074339 5076750 5084958 5086687 5088255 5091118 5092273 5093401 5095127 5097936 5100123 5102554 5104762 5106362 5108885 5110387 5111377 5114148 5115521 5116720 5117708 5118600 5119367 5120636 5121708 5124353 5125221 5129831 5131134 5134160 5136954 5141776 5143562 5145006 5146511 5148789 5150143 5153773 5155139 5157506 5159188 5160463 5165161 5167109 5168507 5169835 5175445 5176837 5180085 5182799 5183668 5185595 5186983 5191453 5193069 5194678 5195720 5196656 5199356 5200694 5201967 5206095 5208356 5209654 5212697 5213247 5214087 5214581 5216743 5219432 5220811 5222513 5224670 5226452 5229141 5231876 5233410 5235781 5239429 5242207 5243789 5246360 5247759 5252073 5253236 5254176 5256359 5257543 5259231 5261342 5262663 5264148 5267440 5268425 5269798 5271048 5272517 5274441 5277776 5278739 5280641 5282770 5287149 5288324 5289951 5291635 5295439 5296832 5298423 5301756 5303011 5305308 5306214 5308214 5311033 5315469 5317389 5318926 5320809 5322594 5324944 5326898 5328680 5330777 5334902 5336919 5338832 5340983 5345171 5348227 5349991 5352801 5354833 5357042 5360620 5362524 5363995 5366417 5367940 5370322 5371366 5372378 5380685 5382332 5388896 5392991 5396442 5398433 5400406 5404278 5405988 5408719 5411992 5412929 5415675 5416796 5417482 5419783 5421730 5423604 5425626 5428143 5429460 5431233 5431987 5436641 5438573 5442684 5444576 5445518 5449318 5451417 5453474 5455145 5456849 5458174 5459665 5463020 5467330 5468718 5470981 5473992 5476205 5477089 5478456 5480752 5481624 5483944 5486659 5488190 5491000 5495625 5497576 5499727 5502813 5504303 5506044 5511253 5513886 5515096 5517718 5518982 5520317 5521543 5523874 5525820 5527337 5528347 5530548 5532457 5533968 5534928 5536122 5538660 5541424 5542073 5543657 5545416 5546304 5548299 5549665 5550340 5551504 5553890 5555042 5559546 5560409 5564514 5565733 5566520 5568761 5572336 5574428 5575832 5576656 5578884 5580422 5584455 5587526 5588750 5590215 5591070 5593421 5595043 5597371 5599369 5600186 5604233 5606673 5608063 5611085 5614147 5617334 5619363 5620216 5624425 5625068 5626910 5629892 5631272 5632580 5633944 5639240 5640811 5644995 5646692 5647531 5651080 5651799 5653183 5655397 5656678 5657950 5660001 5661921 5663065 5664451 5668312 5669063 5670118 5672030 5677887 5681800 5683029 5684767 5689577 5691544 5693298 5695532 5696720 5697958 5699011 5701108 5706186 5707164 5708395 5710324 5712472 5717799 5719289 5720739 5722647 5724964 5726703 5728754 5731146 5733643 5734667 5737273 5738247 5739237 5742156 5744456 5745666 5748064 5750032 5751141 5753293 5755895 5760963 5761834 5765015 5766598 5767409 5768647 5769953 5771435 5772761 5776368 5778380 5780428 5783664 5784740 5785980 5788460 5790495 5791261 5791964 5793359 5799653 5800920 5802036 5803677 5804831 5806438 5809350 5811064 5813234 5817896 5818793 5819572 5823353 5828390 5829734 5830581 5836222 5837077 5838563 5839769 5843338 5846394 5848318 5852023 5853821 5855092 5856758 5860129 5862192 5863025 5865209 5866385 5867041 5868278 5871369 5875278 5878887 5880287 5881152 5884483 5886028 5887665 5894768 5895467 5900370 5905792 5906785 5908101 5911068 5912095 5913926 5914878 5917843 5919030 5920954 5921810 5922961 5924742 5925766 5928037 5930780 5933439 5934339 5936050 5938610 5940176 5942909 5944568 5945875 5946875 5948470 5951311 5952624 5953804 5956266 5959083 5959964 5961791 5963158 5964043 5964991 5968094 5969422 5971569 5974059 5975835 5976755 5978027 5980117 5981686 5984875 5986416 5987858 5990010 5991052 5994403 5995158 5997933 5998858 6000884 6002000 6004862 6005935 6007101 6007910 6009105 6010530 6014936 6017278 6018871 6020481 6021403 6023950 6024952 6027642 6028587 6030520 6031376 6032543 6034900 6035715 6036710 6040865 6042955 6043759 6044596 6046255 6047320 6049257 6050211 6054794 6055816 6058484 6067561 6068490 6069996 6071465 6072117 6073205 6077241 6079353 6080382 6082842 6083341 6085120 6086825 6090172 6092804 6093870 6098564 6100908 6105372 6110045 6111252 6112056 6115064 6116348 6117322 6119189 6122832 6123493 6126752 6132137 6132915 6136067 6137148 6139387 6141979 6144483 6145708 6146572 6147761 6148716 6150725 6151953 6152877 6154827 6157452 6161308 6162520 6164381 6165078 6165907 6167554 6168942 6169660 6173015 6174210 6175892 6178761 6180781 6181458 6182447 6183281 6184434 6186307 6186946 6189167 6190901 6191588 6193516 6195152 6197594 6199524 6200947 6201963 6203977 6210866 6212287 6214737 6215720 6217411 6220700 6221740 6223999 6225243 6228458 6230727 6232876 6233973 6237147 6238018 6239077 6242078 6242835 6245257 6250634 6252361 6256293 6257837 6259760 6260914 6261796 6264159 6268339 6270317 6275384 6276902 6279415 6280849 6281664 6283565 6284492 6286136 6287043 6289571 6291354 6294330 6295212 6297073 6298475 6300304 6305647 6306728 6307784 6308531 6309227 6311285 6314038 6316030 6318973 6320342 6321418 6323074 6324191 6326146 6328103 6331409 6332393 6334005 6335534 6336681 6341667 6342578 6345098 6346228 6347704 6349277 6354793 6356188 6357159 6358043 6359416 6364933 6368233 6369128 6372319 6373244 6375797 6378163 6380251 6380703 6382340 6383859 6387532 6389146 6391111 6394313 6395363 6397011 6402149 6405439 6407345 6409684 6411981 6413033 6417424 6419042 6419962 6420945 6422930 6428284 6429615 6430934 6434473 6435798 6442915 6445535 6447998 6448930 6450499 6451254 6453372 6457776 6459043 6460905 6462113 6463568 6464533 6468107 6469953 6472435 6477213 6478438 6479469 6483994 6487330 6488492 6489133 6490133 6491945 6493444 6494853 6495826 6497280 6500578 6503309 6505671 6508829 6510851 6512062 6512731 6513875 6516819 6517945 6519600 6522407 6526336 6529620 6531256 6536707 6542501 6543525 6545575 6547899 6548638 6551599 6559099 6562236 6565598 6566791 6567846 6569844 6570510 6573300 6574309 6575937 6576770 6577614 6578867 6579872 6583038 6585891 6587861 6590075 6591244 6592808 6595146 6598069 6600610 6603751 6604529 6605643 6609668 6611013 6612223 6615116 6621595 6623353 6625700 6628992 6630080 6632460 6634252 6635180 6637174 6639055 6641535 6642429 6643308 6647364 6650956 6652778 6657126 6659487 6660850 6663757 6664817 6665590 6666740 6669612 6670985 6672343 6673425 6674528 6676122 6677041 6677748 6679231 6680309 6684483 6687093 6688699 6689857 6691196 6693223 6694529 6695488 6697012 6697891 6699846 6701824 6703966 6704865 6705756 6707141 6709686 6710440 6712465 6713006 6713994 6714752 6716227 6719581 6720755 6724102 6727379 6728407 6729826 6732528 6734515 6736060 6737602 6741024 6745439 6746907 6750363 6753216 6754393 6756382 6756956 6758455 6762359 6763089 6765141 6766779 6769405 6771191 6776169 6778928 6779822 6781738 6783509 6784450 6785506 6792038 6793225 6799958 6801651 6802762 6807676 6811937 6814523 6816337 6818764 6821361 6824168 6824933 6827787 6829209 6830773 6832540 6835264 6835969 6838897 6840689 6841441 6846628 6848946 6850318 6851231 6852692 6853680 6855058 6856107 6859043 6861301 6862536 6863448 6865512 6866659 6868896 6872615 6877309 6878821 6880159 6882694 6886084 6887469 6888802 6891093 6892587 6893774 6896570 6898121 6899586 6902581 6903725 6905037 6906957 6908353 6909409 6909968 6911303 6912928 6913954 6915792 6916518 6917194 6918613 6920072 6921355 6924428 6925629 6927733 6931401 6932771 6934519 6938812 6939606 6940318 6945666 6946487 6948541 6950762 6951568 6953596 6955430 6956461 6957791 6959294 6962968 6969973 6971968 6974980 6975744 6976889 6982422 6983153 6985440 6992028 6993824 6995326 6997045 6998019 6998831 7001203 7002917 7004168 7006886 7008556 7011681 7013032 7014270 7016451 7017129 7018784 7019741 7020807 7023250 7030006 7035023 7036218 7037259 7038256 7039373 7040880 7042103 7044508 7045483 7047126 7048639 7050859 7051964 7054667 7059641 7060650 7061581 7063335 7065020 7065818 7068495 7069396 7070868 7074966 7075564 7077000 7077771 7079447 7080960 7082993 7083640 7085533 7088488 7089790 7091100 7092543 7095698 7099698 7100504 7102053 7104187 7104748 7105610 7106600 7113490 7115985 7118753 7119429 7123131 7123701 7125748 7128446 7130859 7132704 7135159 7137096 7138985 7140900 7141970 7143948 7144880 7145912 7147434 7150013 7153243 7154657 7155711 7156957 7159774 7160856 7162899 7168779 7171630 7173113 7174882 7175627 7177199 7178502 7179454 7180546 7182393 7185316 7186330 7188553 7189885 7190431 7195184 7196887 7201819 7203605 7205058 7205788 7208024 7211183 7212914 7214670 7219066 7223336 7226191 7229302 7230161 7231548 7234510 7235802 7237021 7239321 7241627 7242461 7243837 7245856 7246656 7248849 7253358 7255585 7256720 7257930 7259117 7262149 7263648 7266910 7269545 7271170 7275119 7276520 7277772 7280681 7282595 7283645 7285510 7286424 7287628 7289141 7290466 7292149 7294087 7296095 7297936 7299288 7301002 7303397 7304725 7306447 7307266 7309951 7311363 7312436 7313772 7314571 7315489 7319872 7326025 7327358 7331588 7334566 7335782 7337285 7338720 7340186 7344455 7347480 7348613 7350766 7355546 7356239 7360142 7361815 7364509 7365609 7366563 7367562 7369970 7372262 7375316 7376470 7377785 7379131 7380161 7384655 7385585 7387162 7389717 7392088 7398970 7400865 7403150 7405054 7406066 7408019 7412691 7414153 7416012 7416773 7418023 7419688 7421261 7423544 7424636 7426287 7429672 7432832 7434119 7436475 7438373 7444657 7448136 7449469 7451316 7454677 7455400 7456555 7459080 7461633 7463405 7464739 7468019 7470359 7474636 7476860 7478056 7480902 7483341 7484768 7486185 7487685 7489312 7492842 7498256 7498992 7504009 7505842 7507013 7508617 7513218 7515787 7518815 7520306 7521752 7526064 7527750 7529205 7533216 7536713 7537646 7540266 7541847 7545361 7547576 7551854 7554131 7561780 7563385 7565239 7566850 7569073 7570592 7572228 7573616 7575080 7576664 7578102 7578760 7580080 7584883 7586530 7588083 7588900 7590201 7593281 7595693 7598811 7600936 7601532 7602888 7603964 7606124 7608290 7610078 7611073 7614473 7616301 7617217 7620007 7622553 7623481 7624634 7625662 7627863 7628645 7629825 7634064 7635786 7637045 7638658 7639929 7641765 7643382 7644986 7645801 7649538 7650139 7651201 7655451 7657947 7660161 7663112 7663937 7664806 7665714 7668143 7669969 7672045 7675876 7677142 7678651 7679255 7681403 7683563 7685341 7686464 7688676 7689978 7692148 7693482 7694956 7698908 7699933 7701069 7701984 7704487 7705943 7707248 7707974 7709418 7710387 7712940 7714864 7720950 7722975 7723926 7725837 7727307 7730511 7733039 7738099 7741725 7742620 7745396 7746294 7749290 7751199 7754295 7756281 7759405 7761686 7763241 7764804 7767177 7769616 7773829 7774666 7775983 7776848 7777892 7779545 7781801 7782747 7785602 7786722 7791297 7792911 7795125 7797044 7800027 7801544 7803578 7805456 7807661 7809757 7810515 7814381 7816371 7819003 7821946 7824385 7825790 7827746 7828852 7830074 7832264 7833647 7834115 7835546 7836032 7837659 7840205 7842677 7847962 7851755 7853298 7854202 7856614 7858437 7859988 7861893 7863613 7866938 7868336 7869280 7872668 7874137 7877044 7877961 7882751 7887118 7888836 7890714 7891703 7895892 7898052 7900405 7901130 7904399 7907926 7909052 7910810 7912238 7915081 7919548 7920671 7923691 7929210 7931495 7933614 7934935 7935979 7937025 7940935 7942192 7946404 7948059 7954476 7955863 7958814 7962661 7963783 7965943 7967617 7969499 7970819 7972040 7973341 7974515 7976441 7980642 7982405 7986083 7987738 7991831 7995088 8001331 8007591 8008031 8011038 8012734 8014828 8017568 8018944 8020082 8026394 8029398 8032681 8034624 8035722 8036998 8039025 8039959 8041004 8042120 8043008 8047660 8048815 8052061 8054401 8055094 8058882 8061238 8064215 8065155 8066788 8068605 8070124 8073975 8075671 8078415 8080000 8081956 8085193 8086044 8087900 8090051 8090781 8092211 8093598 8094374 8096768 8098716 8101022 8102491 8103563 8105097 8107440 8108532 8110690 8111372 8113825 8114973 8117102 8119348 8120567 8122380 8123262 8124782 8125747 8127731 8129239 8130135 8132241 8135007 8136608 8139181 8141935 8143012 8144934 8146117 8147619 8148476 8152358 8159602 8161321 8162529 8163251 8165057 8167425 8168408 8170155 8171050 8174441 8175706 8179299 8183168 8185261 8186919 8188529 8190147 8197120 8200042 8201800 8204786 8206081 8207502 8211116 8212493 8213808 8215745 8218246 8222402 8223396 8233515 8236472 8237283 8239218 8242663 8247314 8248459 8250072 8252496 8254720 8255785 8257152 8258360 8259570 8260766 8263541 8265731 8268223 8272670 8274519 8276044 8280433 8282256 8283288 8284644 8286516 8288282 8289543 8291387 8293644 8295234 8296653 8297910 8299087 8300249 8301594 8304111 8304930 8306007 8308935 8310059 8314582 8315444 8318277 8319181 8321365 8323768 8325067 8326660 8329235 8332272 8333576 8334560 8335810 8337455 8340624 8342748 8346333 8348367 8356042 8357910 8360337 8363544 8364872 8366009 8368318 8370101 8371228 8372047 8372661 8375705 8379098 8385798 8392755 8394803 8400146 8401633 8402745 8406093 8407628 8409773 8411907 8413022 8413759 8415003 8415993 8419705 8422615 8423667 8424841 8426721 8427576 8429253 8431124 8432909 8435942 8437900 8441718 8443953 8445308 8446423 8447426 8448518 8450593 8452113 8457004 8458141 8459772 8465432 8468846 8470037 8475644 8478863 8482057 8486361 8488631 8492802 8494125 8499631 8500804 8501570 8503620 8506400 8507496 8511878 8512458 8513876 8515149 8517374 8518500 8519259 8520363 8521961 8522775 8525492 8529004 8530183 8531330 8532389 8535573 8539607 8541205 8541771 8544684 8546730 8547755 8550675 8552009 8554715 8555901 8557483 8558721 8560005 8563410 8565896 8570458 8571625 8573799 8575037 8576639 8578473 8580441 8582068 8583449 8584936 8585988 8587846 8588785 8591904 8592490 8594536 8596317 8597594 8598346 8599340 8601782 8602644 8604078 8605242 8606828 8608493 8609309 8610367 8611904 8613819 8615337 8616272 8619242 8622258 8623509 8625266 8627443 8629755 8632181 8636210 8637772 8639371 8641541 8642713 8643668 8645164 8646491 8649222 8651786 8652837 8657647 8659877 8660710 8662000 8668296 8669109 8674420 8675478 8676987 8679343 8682559 8685952 8689592 8690992 8691757 8692849 8697967 8708355 8710518 8712765 8714574 8715939 8717240 8719302 8722231 8722980 8724080 8727578 8731844 8732370 8736552 8737874 8740188 8745600 8747351 8750742 8752017 8756478 8758789 8760661 8761634 8762243 8763347 8764213 8765464 8767741 8771143 8774012 8776228 8778812 8781694 8782982 8784499 8786300 8789850 8793286 8794661 8796058 8797592 8801390 8805014 8808818 8812025 8813311 8815692 8816792 8818021 8821224 8824019 8826905 8830283 8834463 8835523 8837308 8839342 8841342 8843679 8846075 8847140 8848308 8849782 8850823 8854372 8857583 8860330 8864649 8865678 8867443 8871732 8874602 8879163 8880414 8883374 8886444 8889774 8894252 8895754 8899669 8900516 8901880 8903473 8904354 8907367 8914189 8918591 8920073 8922746 8923606 8925077 8927776 8933350 8933950 8935278 8936931 8938989 8942492 8944503 8946620 8949287 8951332 8952483 8955146 8956724 8957763 8959486 8964132 8968617 8970969 8973405 8974353 8977790 8979629 8981082 8983271 8984331 8986395 8988378 8989428 8992174 8993799 8998116 9001517 9003768 9006477 9009907 9011724 9014563 9015826 9016687 9019962 9021452 9023939 9029156 9031090 9034037 9035211 9039503 9041457 9045088 9048788 9049666 9050746 9051710 9052851 9053646 9054830 9056747 9058362 9061093 9062103 9062729 9065862 9066760 9068116 9069310 9070794 9072203 9074480 9076711 9079926 9081011 9084180 9085918 9087793 9091789 9093648 9095479 9101179 9101828 9103586 9104931 9105983 9106701 9109498 9113975 9115506 9116682 9118398 9122431 9123371 9124341 9126308 9126991 9129153 9133095 9135820 9137537 9143757 9145864 9146995 9150350 9151731 9152819 9155205 9158726 9160311 9162028 9164201 9166914 9173196 9175439 9177528 9178474 9179205 9180410 9182808 9183914 9186590 9192014 9192833 9197902 9200520 9202092 9211385 9215163 9218714 9220980 9222935 9224884 9226036 9228899 9233279 9237338 9240722 9241555 9242985 9245093 9246251 9247453 9248171 9249825 9251365 9252662 9253268 9256216 9257879 9260036 9261437 9267841 9270484 9271304 9272498 9274492 9283325 9285375 9288303 9291172 9292557 9293319 9295273 9296143 9301075 9302205 9304514 9309292 9310919 9312184 9313646 9315066 9316670 9317990 9320123 9323111 9323723 9325585 9326622 9328342 9331520 9332727 9334145 9334894 9335611 9336589 9338285 9340919 9342702 9343987 9347364 9348857 9349905 9353977 9357651 9358757 9359554 9361707 9364874 9368083 9369015 9370374 9371977 9373862 9374777 9378904 9381195 9385691 9386909 9391653 9394153 9394913 9398013 9400630 9402213 9404516 9408087 9409263 9410868 9414789 9416062 9416926 9417938 9419514 9422573 9424311 9426973 9428636 9430894 9432377 9434215 9437679 9441196 9443326 9444977 9448091 9448687 9450487 9453925 9455801 9457362 9458397 9460351 9461421 9462601 9464172 9466832 9468057 9469234 9469983 9472245 9473652 9476300 9477711 9479535 9485121 9486017 9488043 9489814 9493289 9494538 9496028 9502349 9504728 9507816 9508801 9517208 9517723 9519528 9521045 9521732 9522934 9525415 9526828 9528952 9529914 9531815 9535354 9535962 9539400 9540252 9543503 9546131 9549084 9552798 9557414 9558560 9566537 9568130 9570287 9573425 9574566 9575569 9577002 9580391 9581530 9588056 9589359 9590690 9594015 9595201 9597274 9599113 9600101 9606282 9608223 9609440 9611908 9617042 9618145 9619602 9623899 9626314 9627262 9629099 9633593 9635854 9637057 9637759 9639834 9641064 9641922 9647187 9648003 9651669 9653298 9654324 9655298 9658952 9659699 9660672 9661816 9663319 9664089 9666181 9667859 9668892 9669599 9671343 9672241 9673313 9677480 9680729 9681509 9682265 9683301 9685555 9686850 9688720 9690733 9693962 9695211 9703461 9704476 9706847 9708003 9710255 9712269 9713583 9715332 9718534 9720851 9723189 9724484 9728895 9729630 9731221 9732164 9734203 9735320 9740321 9741862 9746622 9747776 9749952 9751795 9752730 9753978 9756517 9760619 9762320 9764243 9767369 9768462 9769232 9771271 9772619 9776379 9777538 9780381 9781886 9782893 9784026 9785147 9786457 9789492 9791110 9794987 9796053 9798140 9800654 9802190 9805587 9807905 9808762 9813257 9817556 9819819 9822520 9824584 9826768 9828321 9830560 9831600 9832622 9835934 9838204 9838774 9842829 9843551 9844826 9847606 9848480 9849135 9850269 9851639 9852376 9856809 9859552 9861068 9862305 9865406 9869318 9872162 9873097 9876247 9877357 9878676 9880062 9881114 9883497 9884862 9885770 9886681 9888586 9890203 9893048 9895981 9899066 9901367 9902266 9902948 9904326 9906884 9912388 9915787 9918758 9920111 9922450 9924675 9928153 9929125 9930415 9931939 9934640 9936591 9937887 9939346 9940168 9942488 9944170 9945370 9946381 9947176 9948051 9949575 9951984 9956123 9957203 9960661 9962414 9963604 9965892 9970482 9971730 9973227 9978650 9979808 9981842 9984034 9986897 9988808 9990032 9991322 9993368 9994523 9996620 9998371 9999311 
</Matrix>
<Matrix name="Neuron_141" type="complete" rows="1" columns="2159" multiplier="1.0">
   1776 3482 8230 13355 23293 29165 31875 35027 41148 43603 53329 55553 56664 58121 68415 73513 83954 85737 88662 101737 107850 111549 112632 122422 129736 133995 144187 147391 153418 157857 164509 167052 174149 181770 184500 189751 196833 199978 206673 213979 219302 220387 224409 228118 230352 237354 238424 239985 256758 258296 261033 267020 272196 284767 288282 291556 296502 306107 310917 314154 317395 320053 325832 328125 338869 347288 365831 374985 375896 377065 381663 383416 385612 390003 391819 399209 402069 403360 404170 416508 418537 434162 440813 442725 443933 445436 450275 452082 456767 459246 461014 466645 468357 469867 471619 475847 477559 486159 488554 489734 497926 503103 512858 521354 525906 532802 534681 536080 540429 542767 544420 550268 553657 554995 557574 558924 561362 565391 567014 569671 576671 581601 584903 587861 603413 605401 606646 617778 623335 625545 626892 638330 641591 646837 648445 650033 654925 656819 657777 660242 662444 667549 669201 672396 674791 677220 681479 682833 688642 700748 702211 705873 712248 713496 721434 739442 741474 746364 747548 748431 751136 753434 757291 762687 764506 766528 773694 775412 776105 781514 791787 799061 801277 810082 812750 821582 822373 823450 831059 837362 851037 862381 865413 868918 872519 875140 876860 881156 891772 897237 901300 904694 917077 921479 925012 940284 949304 950980 952029 953181 955963 960140 982251 983649 987741 992801 998079 999045 1000028 1002083 1005995 1013683 1018860 1028971 1038492 1043925 1047054 1048392 1049978 1054719 1057398 1059724 1063285 1070639 1082473 1091066 1098768 1100130 1102113 1104548 1111341 1119467 1122527 1128863 1130298 1134149 1144584 1146079 1154019 1168426 1174624 1177255 1182697 1185788 1190328 1221605 1226792 1234187 1238950 1243348 1259276 1260367 1264211 1267278 1268733 1279212 1281130 1284628 1287802 1293552 1295293 1307033 1309177 1314760 1322786 1324276 1331985 1333908 1338958 1350189 1354103 1356508 1358005 1364544 1366219 1369479 1370902 1376667 1379059 1385495 1388130 1389236 1396344 1402920 1413873 1418037 1421096 1425555 1429552 1434384 1438044 1447158 1449501 1452019 1460730 1462270 1469841 1473582 1476192 1484735 1487358 1490088 1492502 1496860 1504718 1513755 1516007 1520834 1525894 1528411 1532474 1536363 1541429 1548191 1552802 1561213 1566508 1581224 1583256 1585757 1592527 1593761 1601274 1603003 1607257 1614247 1614906 1616320 1619453 1621362 1623500 1627292 1628480 1630728 1637528 1641851 1642732 1653503 1660444 1662883 1667048 1668024 1677235 1678839 1683024 1691547 1692708 1693922 1695335 1697923 1699594 1706586 1708562 1716761 1719768 1729903 1733733 1737414 1739928 1757252 1775376 1778064 1780619 1783586 1785161 1791895 1802859 1803612 1804475 1806036 1811298 1820703 1822334 1833965 1841127 1843483 1844177 1846304 1847510 1852787 1860434 1868213 1868993 1871566 1873257 1874704 1875733 1877135 1880958 1886240 1888855 1899751 1907684 1909131 1912791 1915713 1919353 1923446 1926171 1927987 1931947 1938924 1940510 1941961 1946517 1952593 1953858 1955708 1957249 1958336 1962725 1981891 1991033 1992448 1996906 2005772 2007303 2009133 2013251 2016590 2017745 2019381 2022854 2023896 2026615 2029607 2035158 2041967 2045605 2047589 2054092 2056244 2057883 2060295 2066411 2068423 2072343 2078329 2084892 2090679 2094072 2096888 2102649 2107000 2109081 2120302 2125946 2131382 2134400 2137861 2139915 2141097 2143353 2147266 2154350 2155161 2157511 2162058 2171638 2182610 2184312 2191536 2200262 2211174 2213984 2222778 2235392 2241370 2244345 2245838 2250251 2271523 2274751 2276596 2277862 2295506 2308012 2315752 2318339 2326431 2328852 2332093 2333326 2336202 2337763 2339722 2345176 2346972 2349390 2359237 2363391 2365684 2367615 2370339 2374196 2377997 2378860 2380855 2381678 2389934 2392418 2394185 2401157 2421175 2423850 2427959 2429904 2432380 2434523 2440500 2441431 2445527 2450341 2453420 2454510 2455386 2456908 2458381 2467232 2472631 2473396 2485556 2487414 2490321 2491861 2500359 2508774 2512078 2517589 2519567 2537300 2538524 2540522 2543653 2544674 2546047 2554162 2555873 2562190 2567726 2568530 2573396 2578710 2580075 2593344 2593896 2601891 2605096 2613441 2615196 2621366 2628912 2632182 2635141 2637769 2645106 2646853 2648808 2658394 2659585 2663100 2668353 2679618 2685554 2692454 2695736 2696623 2697825 2700287 2703409 2706133 2711187 2712536 2719278 2723144 2730797 2732001 2734621 2737536 2739094 2741566 2748705 2753697 2758158 2759414 2763640 2765540 2769948 2771082 2776529 2784354 2785337 2799219 2801771 2805438 2809158 2816555 2820667 2842432 2843815 2850515 2851845 2857055 2858414 2860716 2863366 2870542 2873688 2880203 2883441 2884312 2885856 2887850 2891476 2895485 2896397 2904214 2910932 2921485 2923081 2924798 2926228 2929055 2932898 2935063 2936031 2938714 2941125 2943524 2948402 2951083 2955418 2960071 2971159 2984165 2985564 2990956 2992356 3000473 3004820 3006620 3009482 3012942 3020029 3022437 3025465 3027772 3031372 3033939 3035535 3039182 3042969 3045177 3051039 3056899 3065684 3068911 3076236 3083880 3085223 3087051 3090515 3099701 3105281 3122101 3126291 3127019 3132443 3133678 3139033 3141029 3142768 3143899 3145087 3162406 3164028 3171074 3173729 3176979 3185813 3188099 3190614 3193684 3199865 3209408 3217451 3219740 3224288 3230956 3236148 3240895 3245895 3254619 3257410 3263638 3266701 3268761 3274697 3283125 3286458 3291865 3292731 3302619 3303688 3306140 3311393 3321449 3326138 3329512 3333238 3336886 3340692 3350893 3365192 3366405 3369544 3370612 3373746 3374613 3377542 3378355 3386035 3389662 3393016 3398078 3401735 3404793 3405827 3417553 3421812 3427688 3436671 3445040 3448521 3449611 3455466 3456936 3458092 3459885 3462806 3468851 3475124 3478236 3481499 3483526 3485548 3493432 3495619 3499726 3503194 3504147 3518246 3521849 3525549 3526832 3528939 3533224 3537127 3548093 3549472 3552485 3553612 3556833 3565377 3568494 3570587 3575820 3582924 3584873 3588750 3589605 3599848 3602822 3604993 3606319 3610483 3621820 3622794 3627909 3635335 3638682 3639278 3648283 3663503 3665527 3667027 3671283 3674064 3684359 3687068 3687696 3689404 3695649 3703957 3706984 3709437 3711539 3712385 3716545 3718965 3723629 3726091 3729446 3734097 3737525 3743606 3744546 3748631 3751119 3757622 3759059 3761340 3764393 3779940 3781559 3783055 3784755 3786419 3801363 3813102 3816243 3819789 3823324 3831159 3833189 3835410 3837794 3839762 3847146 3850700 3853529 3858171 3859180 3860275 3863498 3865346 3867665 3879053 3885799 3887798 3894763 3896286 3903208 3905897 3907898 3917766 3923105 3933832 3945068 3947486 3953344 3962801 3968156 3976526 3977979 3978741 3985282 3987128 3989727 3997812 3998900 4001077 4007787 4012679 4016970 4021119 4023499 4025172 4031030 4045660 4046913 4056415 4059536 4061273 4069172 4071584 4075942 4077979 4079772 4082361 4092210 4095844 4098988 4100730 4101908 4110992 4118177 4121842 4124546 4127199 4129820 4136804 4143309 4148293 4149161 4157764 4168190 4173743 4177451 4183365 4187855 4204130 4206029 4208252 4210741 4219720 4221956 4223890 4227706 4232433 4234615 4236440 4240436 4242825 4245169 4252553 4254976 4257312 4260656 4268169 4273578 4275194 4278053 4281719 4283204 4285883 4298177 4300782 4313074 4315343 4318956 4322016 4338185 4339276 4343168 4346738 4351628 4353286 4355058 4360687 4368406 4371013 4372739 4373941 4379276 4385069 4386712 4397272 4402795 4404909 4405672 4408490 4409751 4416716 4417440 4420097 4426334 4428125 4430908 4435287 4438664 4439893 4441161 4447109 4456321 4460731 4464548 4478043 4481202 4484963 4490333 4501808 4507550 4511558 4512848 4513988 4515049 4521608 4524901 4526250 4532438 4535046 4536289 4538730 4541447 4547024 4550495 4552715 4554365 4558441 4563837 4567127 4572559 4577243 4580307 4581554 4591296 4594861 4600480 4602085 4603439 4606520 4612340 4616347 4630324 4632487 4633978 4636609 4639581 4644200 4645760 4651196 4665232 4676407 4679189 4680867 4681801 4683090 4689353 4697890 4706568 4710642 4729918 4732111 4734184 4741856 4744386 4746822 4763857 4774722 4781302 4785429 4788530 4790616 4792448 4794461 4796682 4813920 4816003 4816939 4824475 4826119 4827698 4833548 4835833 4840395 4844921 4846377 4849089 4854398 4856716 4858051 4872864 4873787 4875115 4883322 4883998 4886306 4889995 4893340 4904765 4907605 4912770 4916590 4918319 4923597 4925659 4926968 4929684 4933046 4940563 4947946 4952450 4955150 4959897 4960794 4961980 4964082 4978079 4984106 4989300 4990385 4991672 4992411 4997874 5000144 5007148 5010597 5016676 5019869 5023224 5025091 5026528 5031643 5037643 5040160 5041593 5049026 5054490 5056757 5062649 5065003 5074728 5079530 5085745 5099463 5102110 5104171 5110557 5118413 5125577 5128225 5134140 5138456 5146431 5151051 5158884 5165913 5167846 5169115 5171255 5172170 5176702 5179514 5189097 5192603 5193589 5196741 5199242 5202351 5206019 5210615 5223605 5226663 5228739 5240300 5242296 5256476 5259144 5261753 5265230 5275784 5277411 5279530 5289585 5293183 5295062 5297084 5308423 5309980 5313529 5314653 5316103 5324083 5330466 5337375 5341768 5343606 5344904 5349096 5353655 5354971 5356929 5363230 5367269 5369441 5383491 5388400 5390454 5393020 5395499 5399342 5401977 5402963 5408092 5409763 5413622 5423035 5427416 5435326 5438477 5445294 5455146 5456075 5459922 5462155 5464420 5469576 5476551 5489756 5492793 5496311 5497376 5501839 5510115 5512354 5516491 5517542 5536198 5539634 5543775 5547664 5552479 5565146 5567571 5572614 5576679 5581816 5583295 5584994 5586771 5588695 5590649 5602402 5604563 5609830 5614310 5617945 5621567 5623447 5625033 5634857 5635813 5639156 5641606 5645426 5652911 5657136 5660458 5662512 5666580 5669362 5670461 5675067 5678239 5689107 5690972 5694654 5698428 5705823 5708747 5709811 5713511 5716240 5718110 5719139 5720212 5726851 5730343 5732582 5739642 5740960 5744699 5755141 5760371 5783951 5793070 5798574 5808052 5814348 5815125 5817854 5827722 5828644 5834190 5840032 5840950 5850929 5851997 5853600 5861785 5870213 5876203 5884776 5887682 5889815 5892240 5895672 5896593 5905258 5912759 5915125 5930175 5933686 5936788 5944260 5945385 5950030 5957149 5960714 5966465 5969304 5974349 5983897 5989799 5994950 5996129 5999044 6001047 6002128 6004175 6017729 6022563 6026028 6034537 6035901 6038689 6042555 6051237 6052782 6056956 6073093 6078296 6082422 6083459 6088483 6090834 6092352 6096991 6098048 6101410 6102788 6104184 6110320 6113908 6115827 6117062 6127973 6134868 6136573 6138026 6142932 6146233 6153778 6154384 6157766 6167295 6171482 6176534 6179056 6182285 6187274 6189595 6192426 6194515 6196672 6197408 6199312 6202701 6204634 6212974 6219907 6225430 6231769 6236184 6241548 6246541 6247928 6249990 6253071 6262084 6270357 6275975 6277880 6279526 6280472 6284509 6287636 6292094 6296022 6305767 6311096 6311954 6315521 6316996 6321716 6323275 6326671 6330087 6331270 6332601 6339602 6343831 6351760 6354343 6367817 6372825 6379113 6384081 6386229 6388067 6389069 6391213 6391905 6395471 6414618 6417359 6418300 6427430 6431670 6436776 6442236 6445403 6447597 6452551 6454025 6459533 6460572 6463249 6466785 6474889 6481235 6483517 6487508 6493025 6501808 6520691 6525536 6539595 6541865 6543547 6548845 6551684 6555017 6570401 6575152 6576422 6579260 6590745 6593131 6603516 6609537 6620769 6623308 6630505 6635694 6637718 6642021 6646659 6647685 6653266 6656420 6660284 6664013 6669525 6684291 6687894 6695542 6698269 6701228 6702760 6709009 6710308 6713134 6732472 6741906 6748206 6758009 6761408 6764321 6775821 6776827 6780676 6782073 6786881 6788056 6793361 6794340 6796228 6799259 6802884 6809097 6816480 6818772 6821898 6826687 6832236 6835037 6843072 6848092 6854014 6859666 6860861 6862043 6867077 6869790 6870993 6876337 6877539 6879994 6884337 6886343 6888935 6898364 6899876 6901155 6909287 6912757 6915979 6924893 6925667 6928861 6930916 6937817 6953355 6955000 6962140 6963625 6969485 6977596 6979029 6979814 6982509 6986960 6987852 6994765 6996092 6997524 7004124 7009081 7015096 7017950 7019261 7024423 7030993 7042793 7044103 7049637 7050966 7053245 7061566 7066508 7068011 7082018 7086297 7093914 7096943 7098518 7106341 7109063 7120293 7124331 7131157 7136382 7138179 7142772 7145228 7149726 7155457 7160083 7165409 7167005 7169468 7170490 7176897 7181447 7185679 7188749 7192942 7199724 7203995 7206608 7210312 7212052 7221601 7228187 7237253 7238031 7239520 7255145 7256710 7259238 7260215 7265324 7272544 7273566 7277145 7283843 7287864 7289916 7301314 7314747 7317371 7327331 7330187 7332813 7338004 7351727 7354212 7355145 7366908 7368256 7371805 7373908 7385193 7386626 7388225 7391714 7393468 7399743 7400603 7403490 7412482 7417026 7424215 7429134 7432223 7436625 7441621 7448728 7449793 7455449 7456919 7458109 7460234 7476199 7480783 7483265 7486562 7487597 7499336 7500282 7503026 7505450 7506734 7508769 7513824 7515145 7522874 7525388 7526914 7532823 7535689 7537813 7539654 7542320 7549664 7554458 7561388 7565006 7568031 7574983 7580702 7585346 7587493 7600353 7601291 7605889 7615626 7618303 7623950 7626444 7630175 7631366 7640256 7658106 7664087 7667010 7669968 7678711 7681354 7686857 7688541 7698565 7704491 7706015 7707991 7711305 7715935 7717359 7718508 7720285 7721960 7723214 7727992 7728976 7732280 7735638 7737429 7740103 7743347 7744275 7747362 7758866 7764579 7765518 7774538 7780876 7784041 7788879 7791694 7794710 7797161 7802726 7813210 7818655 7819854 7821425 7823428 7828760 7843223 7857266 7860332 7869052 7872428 7876847 7878388 7881041 7882261 7886981 7888451 7891140 7894365 7895519 7897744 7902618 7905606 7910500 7914844 7915593 7930529 7936515 7949216 7951832 7955905 7960727 7962723 7978386 7979676 7991788 7993882 7997998 8003779 8005673 8012711 8021761 8030057 8039360 8040824 8044405 8046678 8062534 8065104 8069842 8071420 8072740 8073634 8075969 8078147 8082075 8086560 8087775 8099095 8103775 8115089 8115783 8129413 8133464 8150258 8154953 8156989 8162219 8164037 8166384 8172940 8179327 8187542 8190148 8192619 8195058 8197817 8199488 8206717 8209523 8212208 8214409 8215883 8219483 8223362 8228156 8229295 8234109 8242919 8247780 8252781 8254771 8258344 8264109 8266040 8266882 8270059 8278721 8279792 8282181 8291566 8292387 8309370 8312634 8315205 8321517 8327753 8329579 8350173 8357075 8359449 8366148 8368449 8370255 8372273 8375160 8398755 8400845 8402721 8406552 8416621 8427705 8432367 8446979 8451746 8466123 8469160 8472930 8482179 8485582 8488014 8489662 8492203 8497065 8500255 8510952 8516041 8522516 8524569 8526579 8530351 8531235 8532615 8534221 8537763 8539322 8547037 8548688 8549540 8553488 8555843 8558416 8560772 8562825 8574083 8576401 8578818 8586422 8588493 8593459 8594625 8598400 8603354 8607198 8618465 8626007 8628076 8632110 8648123 8652639 8654263 8656988 8664359 8678817 8680084 8681315 8682887 8689061 8690373 8692940 8693977 8701632 8705637 8712099 8726875 8727652 8731682 8732864 8733971 8736330 8742515 8745347 8754691 8763797 8766810 8769069 8770726 8776480 8778548 8782413 8786839 8789679 8791494 8804952 8818583 8823955 8838337 8841336 8843731 8846090 8852016 8854124 8864267 8869674 8872306 8878433 8881740 8885845 8892779 8895681 8897122 8901257 8902180 8907641 8909298 8911359 8912896 8914093 8915423 8918106 8924515 8925312 8927678 8932716 8939549 8951673 8955471 8960340 8965763 8971666 8974307 8978457 8980788 8988405 8993066 8995509 8999372 9004500 9009174 9011012 9021661 9030195 9034734 9039277 9040224 9043910 9045417 9046328 9053000 9064398 9066081 9068001 9072820 9075130 9077818 9082110 9084519 9086180 9097982 9099265 9102149 9105653 9111797 9119176 9121602 9130243 9142461 9147740 9157154 9159666 9161118 9162082 9164972 9169738 9172736 9176243 9177246 9181189 9187317 9191802 9194737 9201670 9209652 9216129 9217265 9222376 9231214 9236425 9238560 9239282 9247525 9251951 9256392 9261487 9278795 9281962 9295154 9300935 9302854 9308764 9310599 9315430 9317038 9319373 9320564 9324478 9326566 9332029 9333374 9345180 9347107 9349427 9351791 9355939 9360514 9363262 9371776 9380517 9382493 9383921 9393482 9398205 9405067 9409361 9417336 9424543 9430901 9433615 9435635 9440864 9451212 9459695 9476911 9486154 9488215 9492415 9496979 9499007 9512436 9516249 9520592 9522118 9522852 9525629 9533447 9537629 9542795 9546336 9552041 9557203 9558811 9571535 9575672 9578077 9580193 9583143 9584617 9586501 9587875 9594746 9597659 9600823 9604387 9613602 9617610 9619311 9621257 9624783 9629974 9636291 9638175 9644221 9646116 9658005 9659641 9665387 9667298 9673511 9676820 9679778 9687219 9689010 9690482 9692356 9694595 9700213 9713724 9728026 9736922 9739277 9741248 9742832 9745724 9746729 9747821 9754832 9756654 9761602 9769662 9770522 9776077 9777242 9783229 9785033 9787992 9793089 9795649 9797259 9800070 9804917 9808682 9821694 9824006 9825326 9827679 9831924 9834015 9835946 9840211 9842191 9855492 9859423 9864303 9865028 9866551 9868888 9870632 9873948 9878338 9886531 9900991 9903851 9905232 9907147 9911796 9917280 9919527 9921874 9926852 9928805 9939918 9945849 9948638 9950593 9953978 9960218 9964453 9965579 9969351 9977590 9978446 9980000 9984031 9986112 9997007 
</Matrix>
<Matrix name="Neuron_144" type="complete" rows="1" columns="604" multiplier="1.0">
   1451 88766 94011 103345 108489 116778 138262 151203 164443 182355 191912 211130 227854 244556 249668 286869 306364 317029 357634 386342 412010 433960 436017 447224 477015 480308 493995 497808 523853 528243 545696 552347 553518 578550 610674 622348 637775 647979 667551 692135 722584 724879 748141 767964 773213 787149 799004 817555 835216 848309 854263 874517 922215 927154 934559 951008 964972 1000655 1008747 1028746 1054038 1057698 1069415 1076938 1080836 1091845 1119331 1126981 1128014 1134510 1138061 1175070 1205253 1211332 1221983 1229894 1263159 1277099 1295415 1310990 1313413 1322220 1326584 1334245 1361424 1376943 1382332 1397725 1404422 1462864 1470276 1489627 1496469 1503173 1532320 1536783 1541433 1554539 1564608 1570149 1572826 1617906 1623692 1662061 1664284 1686955 1692617 1700162 1732508 1763202 1777316 1841972 1855039 1905387 1909745 1922163 1931077 1949985 1955191 1957893 1964615 1968442 1996890 2007407 2056440 2060455 2083034 2098609 2105035 2121116 2125515 2142107 2182031 2194655 2229443 2235335 2243319 2250501 2253716 2254942 2256492 2297295 2300584 2314063 2334567 2347672 2358182 2359808 2391400 2409236 2430093 2431460 2439398 2471403 2488639 2494138 2496659 2504392 2525528 2531830 2545767 2569424 2571006 2574064 2603769 2627520 2642806 2648309 2661826 2666894 2705244 2741103 2748072 2755289 2763890 2775408 2812342 2839009 2842426 2843896 2852153 2853309 2856211 2872133 2877239 2879478 2914489 2934034 2939338 2953021 2966433 2980474 2981786 2994571 3012297 3020800 3064923 3085536 3100890 3113404 3168985 3171232 3175200 3176688 3202270 3242824 3250470 3288235 3321195 3341761 3347060 3354486 3360424 3365918 3407851 3423865 3440821 3444697 3447272 3455935 3495781 3511327 3515413 3519269 3532589 3549914 3560746 3577222 3578847 3585234 3643989 3645696 3652753 3666975 3682129 3693989 3725549 3736023 3778932 3781271 3825859 3878949 3895830 3960136 3978431 3996527 4001835 4034252 4053475 4055935 4074254 4088683 4149948 4159712 4182632 4210381 4215096 4243939 4253232 4274332 4276945 4299365 4325717 4337737 4354291 4421463 4425192 4438021 4442058 4455575 4459418 4465774 4470421 4483627 4565654 4576172 4584667 4592423 4604956 4626960 4628081 4634885 4654110 4664169 4687402 4698334 4705136 4736293 4788163 4806025 4821820 4826340 4832005 4834982 4843094 4869801 4871789 4903173 4922566 4923894 4988918 5018144 5019560 5028795 5040658 5072878 5079792 5082999 5088754 5110338 5118694 5128608 5131231 5180248 5201979 5216118 5229064 5247634 5260663 5269543 5277535 5321898 5329987 5334993 5336167 5374469 5442868 5488760 5490898 5534142 5569972 5575101 5577218 5584296 5627404 5636252 5661423 5665354 5686166 5712375 5717592 5722366 5754410 5763336 5769533 5803262 5814027 5832144 5862905 5870777 5873866 5888629 5905375 6016873 6017723 6032652 6048144 6051738 6053738 6142927 6147905 6163561 6215799 6231510 6277250 6283703 6309225 6325017 6331506 6342392 6349062 6360496 6370660 6413100 6416688 6422967 6439015 6456395 6473456 6474919 6485398 6495857 6511451 6538309 6579303 6598615 6617408 6623829 6635791 6657987 6680667 6689427 6695688 6725578 6734490 6748626 6763394 6765232 6774760 6778000 6784378 6808078 6822758 6835361 6842599 6846602 6861846 6885126 6889964 6891772 6893617 6897385 6907370 6910076 6925168 6937567 6958011 6998698 7007902 7032358 7036847 7049578 7058067 7063781 7068926 7074922 7106837 7114251 7133013 7151078 7185430 7192834 7200636 7214597 7240732 7243947 7247183 7248745 7264751 7299490 7319331 7363783 7364659 7376236 7397381 7410935 7422051 7436883 7440132 7452568 7473382 7474565 7481520 7482595 7487172 7495906 7511748 7515771 7531078 7533321 7535310 7561420 7595647 7598881 7611084 7626627 7635037 7648965 7652096 7664627 7678265 7681235 7685586 7729206 7733599 7736718 7745026 7752071 7764078 7767966 7800563 7803732 7804876 7807463 7812971 7835562 7839560 7868909 7878622 7901625 7918195 7925929 7964406 7995521 8010079 8017490 8030279 8089760 8093339 8110172 8133919 8202873 8234137 8237922 8263141 8266040 8299713 8325729 8341819 8399433 8420906 8449409 8473336 8527656 8531087 8583085 8584288 8588879 8589901 8601588 8629347 8670061 8708676 8770355 8789322 8792066 8793348 8806399 8817381 8822436 8834498 8860868 8865812 8900714 8902234 8922610 8938226 8965301 8970338 9028642 9065409 9072022 9075716 9087609 9112337 9122820 9124334 9131881 9144665 9149908 9163628 9173948 9182328 9198761 9231420 9261940 9277335 9282565 9292509 9302486 9309985 9321804 9330905 9346605 9359903 9379230 9388695 9392281 9415850 9428632 9430668 9439437 9484666 9501556 9507094 9523639 9534849 9630553 9644466 9649578 9679287 9686955 9693117 9705188 9706555 9733523 9740020 9757882 9767135 9779541 9791717 9792857 9806876 9810004 9812986 9862752 9870075 9933111 9949081 9967326 9970216 9973977 9982411 9990741 
</Matrix>
<Matrix name="Neuron_187" type="complete" rows="1" columns="424" multiplier="1.0">
   37472 57740 75961 81801 84526 154680 172689 185606 213856 226268 233391 241452 251489 282662 299790 322934 377971 381545 386362 396950 399514 455382 495791 517074 523537 525866 533367 663686 693759 764157 772759 785955 800168 834087 836311 847470 853510 854892 876452 885050 887100 890879 942366 986976 1023838 1025860 1037487 1047626 1062108 1080562 1088606 1102820 1112819 1127966 1137978 1166732 1198839 1202284 1205121 1235797 1257672 1303692 1327937 1332676 1341297 1347195 1373560 1388420 1396153 1425010 1446790 1489830 1540704 1562895 1569738 1663471 1670366 1679155 1718715 1738802 1757019 1767109 1795421 1800207 1801983 1808196 1818190 1823635 1840500 1869664 1991593 2023173 2043963 2071538 2112597 2172614 2263864 2293788 2300546 2331412 2357649 2375554 2456528 2485621 2550159 2559593 2595970 2647705 2710490 2737533 2827940 2877407 2888800 2938672 2980995 2988550 2994344 3011212 3035015 3058543 3061292 3119068 3124977 3135096 3136191 3155079 3177210 3195317 3211912 3291854 3301222 3345317 3350190 3353842 3381955 3439785 3484023 3486675 3512105 3563585 3571484 3603318 3685798 3708849 3721845 3732481 3735104 3775322 3802772 3804026 3807114 3849729 3854840 3893590 3918315 3925406 3928695 3945814 3947955 3990104 4001937 4019769 4035455 4053152 4076161 4079414 4112229 4177815 4218840 4263236 4271822 4277151 4295019 4297943 4359075 4362706 4369566 4397140 4431591 4443261 4453234 4531240 4551558 4569367 4592667 4597030 4605756 4609258 4640526 4663391 4797469 4815829 4865027 4873772 4887562 4900031 4919233 4973155 4979025 4986528 4999210 5003022 5024905 5034598 5092462 5101837 5134460 5156736 5186775 5223837 5255013 5298920 5301536 5312810 5386933 5402540 5408779 5411668 5413143 5430938 5435144 5487423 5508330 5572587 5590113 5635912 5640432 5648933 5660315 5663702 5665818 5726893 5741955 5757124 5782044 5787016 5793138 5794701 5800236 5837322 5863367 5890028 5920927 5936537 5947056 5977870 6011581 6018197 6036977 6071251 6072696 6074799 6089927 6094150 6100565 6114756 6135055 6196009 6206042 6223460 6245302 6272211 6297503 6300331 6327030 6336428 6340666 6351542 6388628 6390869 6400121 6417838 6454676 6459264 6461575 6465032 6488729 6499280 6516715 6522138 6529325 6557906 6573539 6613340 6637662 6653416 6656115 6660940 6680118 6688024 6693156 6721206 6729625 6732935 6762582 6776230 6789546 6834045 6840123 6860691 6882870 6917128 6969285 6970430 7000806 7004892 7010750 7058265 7068048 7078668 7089197 7093735 7157521 7192606 7200122 7206928 7223305 7231429 7287540 7329893 7339797 7343359 7344987 7361448 7367489 7409128 7413018 7437318 7473316 7504391 7522864 7543501 7545234 7557045 7602642 7650337 7662789 7676515 7681336 7696982 7729726 7764596 7782717 7800365 7805997 7812991 7933615 7937383 7943450 7961525 8048025 8067927 8071056 8079765 8088192 8123634 8138807 8154040 8208926 8240174 8269214 8275522 8278243 8298035 8303043 8318362 8327947 8371736 8394051 8424383 8475166 8496785 8549406 8556263 8566591 8568890 8605195 8627429 8650922 8666550 8670868 8681812 8736846 8780148 8787645 8790386 8800167 8811455 8818045 8882169 8888038 8897224 8917560 8925454 8957631 8969984 8981142 9059356 9210511 9226386 9233849 9286742 9297150 9314395 9336181 9351283 9359332 9448962 9460962 9520663 9522567 9539137 9585900 9603571 9607388 9663939 9668329 9684175 9686255 9695820 9757445 9825420 9839905 9963317 
</Matrix>
<Matrix name="Neuron_197" type="complete" rows="1" columns="2251" multiplier="1.0">
   5802 8516 11291 16098 17176 20472 22688 23538 25906 28636 32489 41896 53511 59022 61868 64354 72824 77194 84300 86319 91772 92737 95368 101796 103005 111980 117920 118936 121820 123964 124750 129894 131033 132569 135057 141351 144077 146999 153646 155167 161147 163528 164532 170944 174571 178611 182641 184199 188593 189465 196457 201129 203664 216004 219590 224242 230210 231959 232960 236944 239326 244455 248921 252229 259713 267919 272173 273272 276701 278373 282453 285203 294356 296015 299331 303958 305244 309246 329717 330835 333790 342406 353126 357475 361230 367188 377561 378928 379982 386962 396505 400309 406667 409465 411758 412644 414260 415551 420747 425587 429685 438474 440946 443428 446379 454422 456277 469795 472173 475466 480277 481943 482951 488979 490776 501347 510022 514063 515768 522887 524054 525426 527655 528608 529820 533723 537894 541155 543471 546765 557470 560129 561840 574155 575383 578344 579605 581461 599249 601259 608317 612117 614925 623530 625492 627224 634540 643724 646008 653219 654072 656117 668304 670711 674428 678804 680926 684142 685237 687934 695388 697794 700895 702911 707002 709126 713980 721345 734882 739875 741448 743399 744864 749838 752356 754190 757955 761271 762323 763978 768105 772104 774560 778356 780371 783393 793700 796777 799341 804859 808860 811364 813474 818511 821723 823353 829854 831370 833953 835097 839103 840352 855459 861648 866127 867451 870357 872048 873729 876184 877483 884184 886510 887271 888957 894529 899834 903053 914673 924602 929556 936302 943243 946878 954845 957432 958660 971437 984475 987399 989022 993814 997958 1007887 1014054 1018966 1024811 1034932 1037354 1045768 1058645 1062409 1067306 1078961 1082911 1098773 1101830 1103067 1110537 1112901 1118240 1122006 1122912 1126474 1129429 1131647 1148133 1152426 1160176 1165736 1166896 1174113 1177823 1179400 1181255 1187086 1189050 1191744 1195741 1196791 1200173 1202698 1205606 1207410 1211373 1212531 1220963 1225999 1228520 1231086 1237287 1241169 1242188 1252440 1253747 1256140 1258465 1269202 1274934 1277126 1279759 1282289 1284479 1286976 1290566 1296739 1298110 1306917 1308460 1315819 1319935 1322468 1328448 1336436 1337836 1342906 1344463 1356569 1363257 1365780 1374352 1385253 1388288 1390210 1399017 1401752 1404108 1409206 1415512 1422528 1424206 1427399 1435204 1436609 1440908 1447788 1451462 1453566 1455327 1462620 1463931 1467435 1469367 1475715 1481759 1483106 1484730 1487246 1487999 1495824 1497338 1499556 1501672 1502968 1509733 1521913 1523954 1525694 1529193 1531326 1534524 1538472 1542955 1544411 1550205 1551824 1556232 1567213 1569645 1576142 1579034 1580552 1587312 1596946 1600534 1603030 1604439 1607200 1609623 1611444 1612876 1617094 1622751 1626744 1628813 1633361 1635065 1637017 1641715 1644730 1647799 1651790 1653317 1654929 1658855 1661877 1664020 1671868 1673213 1674655 1681775 1685359 1686728 1688845 1690606 1697100 1704342 1711384 1717203 1721643 1728556 1739173 1741268 1743191 1749963 1757369 1759675 1770984 1774300 1777456 1780164 1781368 1785147 1791901 1793669 1798960 1800679 1801680 1807518 1814216 1817355 1828522 1834670 1836498 1841195 1849074 1851059 1853964 1856973 1860493 1868308 1871243 1881163 1883014 1888168 1890822 1897046 1904750 1907996 1917066 1921407 1933864 1936343 1951145 1952859 1955901 1957857 1958872 1963586 1965795 1973301 1989991 1992728 1996197 2000926 2005564 2007312 2008385 2013146 2014791 2018377 2019947 2025119 2026660 2030194 2032002 2038916 2048033 2052531 2055275 2056664 2061412 2062656 2065090 2066812 2068502 2070382 2077634 2082280 2084833 2087010 2087870 2089181 2091421 2093807 2094582 2095776 2099912 2102030 2105801 2113690 2115251 2119291 2125327 2126321 2127223 2133551 2140736 2147022 2151620 2153758 2168977 2175995 2179064 2181546 2191087 2194670 2197709 2199000 2200082 2202550 2205802 2217048 2218693 2220704 2223236 2228590 2231172 2233837 2238841 2240146 2242480 2252259 2266699 2280149 2283903 2288477 2293589 2298582 2303284 2310862 2316256 2319847 2325035 2334118 2348449 2357385 2358631 2364390 2366029 2370478 2375060 2378536 2382269 2383044 2385609 2388419 2391050 2392766 2395054 2399013 2403014 2404470 2408735 2410608 2421870 2424121 2425793 2427218 2432854 2441543 2452763 2469509 2476026 2478988 2492011 2498732 2501438 2505773 2513026 2514407 2515291 2518464 2523089 2524362 2526457 2528577 2536420 2543243 2546155 2547244 2549082 2559498 2563501 2568452 2569323 2574670 2576756 2581026 2583961 2585083 2587903 2592268 2595269 2601397 2603410 2605765 2614273 2619455 2624030 2626594 2629378 2632176 2639789 2641407 2643110 2649732 2653950 2655255 2658189 2661750 2669228 2672839 2676545 2677788 2680061 2682061 2684554 2686964 2689178 2694181 2695821 2704877 2706533 2711794 2714428 2717154 2720414 2723250 2728916 2730247 2737551 2739471 2744617 2755314 2757159 2764314 2770364 2774945 2788292 2791372 2793050 2796288 2800221 2811617 2814167 2815171 2816939 2818449 2825709 2828560 2835538 2841303 2849951 2851607 2858714 2860385 2869619 2870960 2872156 2876027 2883845 2887914 2891831 2897798 2899191 2908685 2911068 2919167 2924988 2926889 2929204 2936427 2938941 2943975 2949193 2955456 2960702 2966852 2968218 2969286 2974558 2975707 2977042 2983779 2986555 2989386 2999863 3003506 3013103 3016242 3023184 3032773 3035480 3036406 3039401 3041386 3045141 3054334 3055905 3057098 3058784 3059444 3066031 3070236 3072043 3073629 3075742 3078079 3091253 3092655 3097732 3101589 3109081 3113746 3117721 3123087 3124820 3129384 3135829 3145510 3146937 3157148 3160314 3165773 3169730 3171050 3179450 3180069 3181199 3185224 3186966 3188520 3189679 3195107 3197137 3209507 3211149 3216486 3222509 3224282 3228713 3239088 3247019 3248224 3260179 3261825 3275790 3285960 3289624 3292022 3301706 3305125 3306520 3310046 3310731 3316203 3319101 3321615 3325214 3331785 3335288 3340020 3340902 3343190 3347869 3351614 3355493 3365476 3368820 3370366 3374968 3382668 3385271 3386872 3394993 3398137 3399617 3401439 3406304 3410742 3413353 3421430 3425756 3432065 3438376 3441451 3444656 3451052 3452552 3453616 3454711 3458303 3462839 3464793 3469244 3474276 3478563 3482843 3486015 3486886 3489843 3499394 3502054 3503472 3505731 3522286 3529965 3537452 3545286 3548813 3552782 3556879 3559301 3563162 3564699 3567703 3573520 3588617 3592856 3596100 3599013 3600266 3603199 3611833 3618984 3621728 3626255 3632316 3636736 3640066 3647549 3649375 3650057 3658959 3660668 3664263 3665911 3667560 3670730 3681936 3684852 3689464 3692706 3695304 3703880 3708959 3715211 3718950 3724479 3726711 3731289 3733629 3740631 3745097 3755288 3764157 3765184 3769247 3775674 3778550 3780961 3782442 3783771 3789515 3790587 3791997 3794244 3799302 3802240 3804520 3807113 3811744 3813199 3814251 3820182 3832725 3844443 3845570 3851826 3853808 3855086 3856428 3857149 3857988 3862383 3868559 3875789 3876909 3878177 3883580 3889765 3893409 3902359 3909337 3910830 3912473 3919004 3926705 3933192 3937602 3939758 3943307 3951313 3956775 3965993 3969617 3975721 3977814 3979861 3986756 3995443 4000112 4003648 4005756 4009975 4016040 4019882 4021085 4022827 4023746 4024961 4027901 4031298 4033961 4036601 4045736 4051817 4057335 4058459 4061110 4065885 4069204 4070847 4072414 4076077 4082349 4084610 4085352 4087544 4088525 4093121 4097466 4099547 4132839 4134733 4140362 4144944 4148756 4149976 4153853 4158568 4160235 4162492 4164650 4171821 4177555 4180583 4186705 4203585 4212362 4215784 4222111 4224185 4226431 4228470 4229437 4234856 4236996 4239908 4241838 4243271 4245037 4251232 4252578 4255799 4260433 4263385 4265766 4267462 4269430 4272756 4277724 4285808 4287475 4291952 4296878 4314226 4322261 4327154 4328637 4331286 4333410 4335216 4343120 4349780 4354113 4356993 4359743 4363094 4365173 4370842 4374876 4380969 4384505 4388235 4391400 4394281 4397918 4401460 4409235 4413458 4426551 4428410 4430134 4433059 4442271 4444238 4447906 4448968 4456863 4457690 4459059 4460586 4466337 4471607 4477087 4481460 4493523 4501984 4503719 4506377 4512384 4515132 4519282 4521632 4523255 4525454 4536083 4542205 4548979 4551072 4554460 4555638 4558486 4560890 4562854 4569214 4571574 4574845 4576706 4585097 4590946 4596628 4605726 4614716 4620010 4625930 4629311 4636954 4639690 4644939 4645944 4648357 4653472 4664641 4669723 4675635 4678902 4687327 4690327 4691866 4693470 4698713 4716723 4721802 4722955 4725751 4727128 4728347 4730568 4734372 4736554 4739696 4740802 4741713 4750423 4751966 4756805 4764045 4767435 4773215 4774643 4784772 4788069 4798507 4800189 4802564 4803702 4806712 4811178 4820282 4821664 4822616 4828585 4829586 4833304 4835864 4837143 4852213 4854539 4858850 4864571 4867003 4869615 4871379 4873143 4881964 4888151 4893738 4899406 4900900 4906132 4912852 4914901 4921083 4925830 4927883 4934177 4944363 4946134 4948127 4950485 4960329 4964411 4967593 4974217 4975625 4978394 4987579 4994318 4998692 5000398 5003252 5009536 5011566 5014370 5033917 5036495 5039027 5057619 5060890 5067593 5072133 5078045 5085291 5094428 5096332 5097243 5099720 5107112 5109814 5116732 5119348 5124611 5128280 5135748 5140571 5143972 5145431 5147144 5154815 5156148 5157390 5174162 5176227 5185393 5187872 5189478 5194341 5202207 5220937 5229261 5231169 5233085 5235798 5239119 5248284 5253439 5256343 5260581 5266975 5271653 5276095 5278572 5286585 5291262 5293034 5294675 5297483 5303532 5305817 5315397 5320097 5321775 5329398 5330649 5332772 5335390 5339031 5348374 5353113 5373690 5383669 5385131 5386476 5389191 5394707 5395696 5409755 5410964 5416430 5417545 5420858 5423399 5425954 5429535 5431524 5434513 5435726 5447484 5448507 5451073 5455471 5458672 5462105 5473710 5475394 5478677 5484124 5486798 5490424 5492207 5494412 5500301 5507479 5508758 5511942 5517840 5520290 5525152 5526498 5530188 5538935 5542746 5550343 5565906 5574492 5575931 5579626 5580397 5584059 5592301 5594945 5598051 5602682 5611170 5625776 5641060 5647335 5649606 5650634 5657516 5659785 5660850 5663944 5670486 5677007 5684800 5688141 5689874 5691837 5695446 5700125 5701427 5708740 5713313 5717196 5720842 5723918 5724664 5727427 5730938 5733602 5735092 5739562 5743112 5749430 5752934 5754097 5756866 5765016 5770991 5773418 5777096 5781116 5782951 5785949 5792545 5796638 5799401 5804902 5806826 5809151 5813806 5816749 5818998 5827191 5830715 5833424 5842926 5849887 5851249 5862923 5872410 5874255 5878479 5881702 5884486 5886225 5891751 5904623 5906304 5910999 5913363 5916911 5920503 5922466 5924210 5928910 5930515 5931382 5948385 5952616 5958478 5959116 5963272 5979900 5981431 5984062 5985717 5987596 5989628 5999920 6009814 6016559 6018680 6023380 6034077 6036791 6038640 6040754 6047127 6051638 6053581 6062732 6065425 6069292 6070021 6074967 6076160 6077085 6078960 6087191 6098106 6099200 6101107 6105004 6107945 6111870 6115065 6116142 6121808 6123321 6124799 6126054 6128006 6129839 6133334 6134584 6136598 6144655 6148105 6150582 6154267 6156923 6161892 6164904 6166984 6171327 6173657 6182407 6187242 6191418 6194634 6198408 6200187 6202892 6213253 6220045 6222112 6224778 6240287 6242580 6244738 6245640 6248407 6252707 6256240 6260912 6265968 6269306 6271157 6272299 6276039 6280881 6283930 6292172 6295766 6301531 6305308 6306260 6310433 6320081 6327286 6328285 6332982 6342630 6348197 6352592 6355667 6358097 6361215 6366309 6373166 6375399 6376403 6382052 6386127 6392257 6394268 6399094 6410420 6414253 6421274 6433481 6442472 6443968 6448641 6454047 6460008 6461206 6463091 6465390 6467986 6473189 6474500 6476847 6480343 6485067 6487075 6489238 6492576 6493413 6496980 6509594 6511395 6514655 6527840 6552331 6556345 6557540 6563467 6564828 6566816 6570534 6576381 6581447 6582818 6589645 6591290 6594462 6602437 6606546 6608288 6612628 6616169 6616860 6635276 6637399 6639145 6644898 6650496 6651997 6654279 6654991 6658053 6659922 6662254 6665704 6671485 6678927 6686652 6689444 6705416 6708137 6711436 6713801 6717530 6722986 6725181 6734304 6742417 6756262 6758414 6760635 6765083 6767839 6772737 6774347 6781508 6788275 6798114 6800347 6804306 6809969 6826760 6832157 6836144 6839393 6840630 6841779 6844435 6849915 6851510 6852524 6857231 6858916 6860115 6861859 6869383 6875711 6877368 6878750 6880075 6881629 6882790 6888441 6893472 6897711 6899897 6902094 6903758 6905789 6906853 6913344 6939910 6942293 6944845 6947300 6948548 6956317 6957644 6960860 6962676 6964132 6976032 6980918 6982752 6987147 6989282 6990904 6993774 6997605 7000064 7002185 7005609 7007342 7010092 7014801 7020523 7024742 7034297 7037065 7051358 7056984 7060288 7063142 7065745 7070479 7072705 7073916 7075800 7080395 7095397 7101984 7111704 7120307 7125434 7127542 7129799 7133179 7137190 7147954 7150249 7155168 7155917 7158734 7161103 7162813 7168484 7180035 7188018 7192604 7196689 7199453 7201527 7202565 7203942 7207112 7210459 7224144 7228602 7230049 7233758 7234965 7242824 7251287 7256102 7257360 7258658 7260079 7265500 7272428 7278731 7281159 7283825 7287264 7291409 7302409 7304973 7306660 7312666 7316486 7317892 7322092 7325095 7326549 7328579 7340878 7350973 7352891 7355330 7359107 7362139 7366049 7381746 7385001 7387159 7394531 7395538 7397050 7400240 7402439 7404575 7408712 7413867 7416579 7419446 7420654 7423122 7432984 7436866 7439668 7440989 7447412 7455284 7461151 7464044 7467153 7468168 7474713 7479897 7491364 7499824 7502204 7513221 7516002 7520360 7525743 7527115 7528176 7529182 7534376 7536976 7540162 7541584 7546018 7547267 7554712 7560596 7565852 7574726 7576631 7581306 7583692 7590444 7602117 7607155 7608843 7614258 7624883 7635579 7637336 7638398 7640254 7647891 7656022 7661153 7663796 7667547 7670564 7681429 7683622 7685589 7691430 7693404 7710129 7711303 7715153 7719948 7725124 7728244 7729574 7737095 7740235 7742420 7746570 7751125 7752389 7754232 7756416 7763775 7766159 7772265 7780778 7782788 7783404 7785386 7788220 7789008 7791099 7791870 7799601 7804951 7808328 7811011 7816251 7824818 7839833 7848344 7852494 7853460 7857241 7859363 7863757 7867767 7871681 7875794 7877245 7879548 7884086 7885945 7891923 7894758 7898787 7904025 7905566 7908358 7910824 7912011 7914065 7918366 7919562 7926433 7929072 7934661 7938062 7942317 7948937 7951371 7956905 7961542 7963779 7977086 7980536 7983243 7988050 7989639 7994066 7995608 7997901 8005163 8013811 8016612 8019766 8023129 8028477 8032123 8033579 8036040 8041812 8046441 8048207 8053055 8055371 8062054 8076335 8080337 8081463 8082560 8083965 8085317 8087089 8093689 8094917 8096266 8097779 8098577 8111123 8112986 8114314 8119120 8124213 8129372 8132655 8135917 8138992 8139990 8143786 8147413 8149698 8154277 8160607 8165404 8168697 8172669 8187536 8198299 8199275 8199894 8202260 8205527 8213356 8215738 8216893 8222926 8224908 8226824 8230656 8232431 8240573 8254258 8255085 8265241 8267879 8270830 8272761 8275013 8276655 8285073 8287902 8288890 8302563 8304483 8305644 8307226 8309773 8310433 8324255 8326774 8328182 8329257 8331447 8334338 8340424 8345483 8349687 8359240 8360021 8360950 8368799 8371545 8376779 8381209 8399652 8402366 8406024 8410911 8413177 8415911 8419534 8428818 8431485 8436765 8438584 8450606 8459692 8462150 8464066 8471156 8485944 8495936 8498733 8500729 8506552 8509338 8513654 8517406 8523925 8527256 8528735 8532382 8534651 8535374 8543190 8544085 8551686 8552786 8560047 8567036 8570675 8575868 8577031 8578625 8580357 8592441 8602354 8613891 8617534 8620528 8625499 8632390 8634548 8638776 8646017 8649594 8659167 8666078 8680016 8683334 8688482 8690635 8692833 8698870 8700466 8702748 8712527 8715328 8716872 8720436 8722609 8724524 8725258 8727214 8728472 8733594 8741769 8744113 8745559 8747857 8749782 8754055 8758473 8759508 8761817 8765372 8766544 8776213 8778882 8780073 8782402 8787207 8790067 8795406 8808131 8810322 8812664 8814346 8817932 8823833 8825947 8827439 8829118 8833244 8836067 8843660 8846681 8854827 8866290 8867805 8869712 8872419 8875531 8877828 8885300 8888478 8891178 8892550 8896608 8902669 8906655 8914066 8918987 8927194 8930844 8932786 8934649 8936821 8939719 8944998 8946873 8964345 8977363 8990160 8993362 8996010 8997837 9004613 9027325 9031507 9035229 9036877 9047478 9062902 9073998 9075573 9089646 9092670 9094691 9100928 9102560 9103562 9119102 9123268 9133255 9139246 9140593 9154228 9167699 9171014 9173832 9178315 9179415 9189816 9193040 9194919 9195648 9196444 9198301 9202195 9205129 9206710 9208057 9211926 9218322 9220612 9224854 9231239 9234412 9237069 9243447 9248774 9250982 9254406 9258678 9261113 9267397 9273331 9277528 9279754 9281108 9288340 9294567 9297035 9299129 9303443 9305321 9307281 9314910 9316456 9324845 9328800 9330889 9335359 9346872 9349924 9353181 9354329 9356948 9363603 9365764 9372891 9374227 9377312 9378788 9379972 9386980 9392956 9395201 9397182 9399717 9401347 9408422 9414724 9416006 9424157 9425455 9428336 9437227 9438488 9440456 9443317 9446115 9455033 9459563 9468851 9473225 9484610 9491496 9503117 9506538 9515753 9522434 9531797 9534144 9536571 9538788 9542419 9548799 9554933 9560323 9561761 9566161 9568761 9574501 9587146 9588702 9596416 9600426 9602310 9606044 9611171 9612464 9615052 9618194 9620082 9621984 9622971 9624164 9625780 9627189 9629259 9632138 9646801 9650639 9651848 9655127 9658158 9667532 9670994 9674585 9678436 9680431 9693124 9699242 9700660 9702710 9704292 9705329 9708848 9710073 9721021 9721869 9729677 9736096 9740504 9745748 9748426 9755135 9757680 9758989 9769508 9770701 9772222 9774517 9781990 9789324 9791343 9794008 9795630 9798056 9800559 9801592 9809709 9815742 9828008 9853041 9856205 9862747 9865674 9872332 9879048 9883357 9893809 9895352 9898340 9901009 9902847 9910897 9912786 9919616 9922702 9924075 9929282 9934999 9940721 9941555 9955037 9957390 9961935 9966343 9968066 9970670 9973726 9980601 9984974 9987647 9991638 9993702 9995059 
</Matrix>
<Matrix name="Neuron_207" type="complete" rows="1" columns="2852" multiplier="1.0">
   2499 7183 17011 19325 20396 24534 26599 27916 31080 35681 41799 51695 54074 58795 75806 78019 79866 80661 82274 87911 89881 90881 91989 102219 103950 107141 108182 111844 112603 114555 115897 118986 121719 126758 129196 149134 152745 157702 158699 162212 166168 168312 181611 184470 196654 198523 202343 204409 209195 214804 217006 219531 222115 224356 236343 237191 243221 245055 252083 261164 263449 264846 267258 267985 269358 270460 273893 281235 284456 285525 287750 290103 293577 297980 299200 314037 317814 323487 328589 337256 339070 347886 353272 356192 358995 371353 374329 375597 376573 382098 385125 385938 392517 398857 406584 408635 414508 417311 419211 420117 421149 423633 424949 430722 431540 432895 439310 442950 444717 445865 447605 449567 451341 460592 462723 464726 468519 469592 471299 473732 477020 481723 485928 487134 488261 491187 495118 496179 500402 506776 508172 509517 518574 520620 524068 529863 531432 532933 538132 545157 553721 556873 557986 560386 564131 568214 570854 571805 575518 578419 580230 582787 584250 588175 590615 595664 599007 600182 601198 602603 613902 620791 624926 630437 633742 635509 642630 643682 645235 647876 650551 658189 660987 668154 669143 671072 675635 677733 683519 690143 694177 698613 706690 712376 713777 715327 717061 720761 729741 731550 735021 736249 738122 743643 746045 748559 749392 752003 753052 754691 756874 759017 759965 761116 763064 764258 767445 770055 781184 787765 788985 791340 797145 799332 800944 801621 804339 805869 807310 810739 814922 816444 821363 825512 826636 828904 829798 831539 845344 846112 849456 851108 854500 856941 858491 859902 861689 870335 873139 875988 878306 879588 881799 886099 889849 891811 892935 894951 896126 900107 902831 904148 906205 907429 909290 911974 912997 915873 919284 923933 926586 929612 930666 936291 937855 939025 941057 945399 957993 959143 964252 976160 978502 982706 983779 984986 990437 991672 997343 998074 1000803 1004922 1016880 1018676 1020491 1025763 1028486 1030186 1033360 1037671 1042457 1044519 1046016 1049002 1050788 1054312 1059402 1064134 1067546 1068546 1074576 1076147 1079406 1085994 1092994 1094087 1096108 1102358 1103570 1105205 1109804 1120902 1124086 1128965 1130320 1133929 1137286 1138793 1140599 1142443 1144734 1148964 1156927 1157831 1159321 1160472 1162669 1166919 1172761 1175829 1180994 1189059 1189914 1192944 1197326 1198840 1201781 1203683 1207069 1211658 1214327 1217917 1220005 1221872 1230010 1231946 1236689 1238678 1251730 1254219 1255437 1257265 1263234 1268577 1274267 1275524 1276897 1289479 1290536 1291794 1293354 1298416 1299765 1301062 1304092 1310175 1313365 1315463 1316226 1316969 1317940 1324528 1325706 1326570 1332224 1333946 1353692 1357383 1360908 1363631 1364253 1368176 1372948 1375494 1376812 1385370 1388788 1393145 1401743 1404377 1405992 1408215 1411981 1418340 1419885 1426561 1429255 1433966 1443934 1453107 1454703 1455768 1460064 1464967 1471329 1473978 1482336 1483283 1484345 1489256 1492008 1494469 1500805 1503850 1505499 1517372 1519982 1521852 1524345 1527816 1529825 1531518 1536090 1538664 1540743 1544223 1549478 1551848 1553018 1553883 1559400 1563818 1567270 1569821 1572085 1584825 1596067 1599097 1603750 1609536 1610630 1612756 1617019 1621476 1623800 1627096 1629740 1631618 1633351 1637966 1641888 1642523 1643847 1646251 1651980 1656348 1659251 1663318 1665713 1669659 1672768 1684310 1685958 1687054 1688316 1700753 1703585 1708057 1709445 1712122 1715770 1718974 1723179 1724938 1733221 1734665 1736066 1738042 1740201 1742341 1745412 1746473 1747480 1749803 1751951 1753662 1755690 1763784 1765126 1766519 1770910 1772000 1773374 1782890 1786969 1789285 1790558 1792024 1795361 1796717 1797657 1799661 1803302 1808691 1814740 1820846 1823056 1827877 1829416 1831357 1836891 1840163 1842230 1843172 1846357 1847212 1848300 1850768 1851980 1852973 1855528 1857444 1864856 1869062 1870251 1871016 1873262 1885438 1887664 1889473 1890178 1893369 1894640 1904075 1914202 1916314 1917705 1919189 1920676 1923325 1926235 1929169 1935273 1940563 1942273 1944302 1946136 1948190 1948867 1950400 1955206 1956128 1958074 1961352 1965364 1970614 1972682 1974622 1975497 1980227 1981300 1983430 1987030 1990680 1996259 1999110 2001227 2008521 2010098 2012339 2015248 2016821 2021856 2026117 2029702 2033723 2043782 2045793 2047644 2050704 2051636 2056962 2059351 2060726 2062657 2069326 2071515 2072344 2073531 2075077 2076482 2079833 2081600 2083823 2084918 2086127 2090897 2096576 2099439 2101578 2104320 2107983 2109385 2110938 2116674 2126608 2130504 2135475 2141595 2143511 2152120 2155891 2158789 2159458 2160347 2162682 2165773 2168297 2170201 2172077 2174186 2175540 2179692 2181158 2183680 2193689 2198320 2203891 2204819 2211673 2212857 2214697 2217470 2220726 2224275 2226367 2227614 2230117 2231158 2232025 2240645 2241651 2246641 2252163 2253981 2254831 2259593 2265001 2266399 2268566 2272304 2273300 2276222 2277322 2278626 2283450 2292051 2293334 2294449 2296677 2299602 2305663 2310191 2318040 2321640 2322514 2325819 2328084 2338533 2344084 2348318 2356121 2358051 2362838 2371222 2372767 2377706 2380959 2385478 2387299 2388204 2389839 2392035 2395832 2404532 2406914 2410131 2416483 2418099 2426881 2431650 2433147 2435457 2442229 2443022 2447387 2449794 2451286 2453910 2460382 2463106 2465055 2469574 2470847 2473547 2474597 2482676 2486743 2491137 2492741 2494334 2498633 2507910 2508684 2514936 2516796 2518915 2523515 2527180 2530351 2533070 2535140 2540882 2562074 2563945 2564946 2567278 2569772 2572001 2584017 2586543 2588074 2592032 2593573 2599918 2600905 2602018 2603169 2605058 2615517 2617154 2619613 2624555 2625949 2628955 2629813 2633349 2635764 2637669 2639584 2645134 2651137 2652968 2654374 2655504 2657667 2663420 2673918 2693173 2697831 2699441 2704210 2706126 2711992 2716325 2718514 2721272 2724460 2725604 2727160 2730115 2731598 2735440 2738464 2740821 2742625 2745969 2748247 2749939 2755135 2757427 2761249 2765859 2773419 2775111 2777001 2778987 2780266 2781624 2782838 2793890 2798443 2802461 2806966 2808668 2810125 2811804 2812719 2813549 2820419 2821528 2826344 2828049 2841538 2846015 2852954 2854051 2858278 2863465 2866162 2869075 2871506 2872615 2876429 2885926 2890195 2892208 2892893 2900291 2903706 2904880 2910842 2914596 2915307 2920852 2922341 2923689 2926022 2930601 2940642 2943925 2947405 2953156 2955460 2959277 2962658 2963602 2966108 2967861 2970409 2972695 2975430 2979600 2981546 2984916 2990472 2992858 2994896 2998022 3004807 3005645 3008106 3008917 3010070 3014817 3016537 3017238 3018070 3019160 3020293 3023002 3027177 3030704 3039338 3041581 3045364 3048621 3050694 3051897 3058937 3061556 3064915 3066490 3067612 3069653 3071131 3073357 3074983 3086001 3088505 3091463 3097599 3098875 3101706 3103235 3108364 3109519 3110500 3115387 3121885 3122961 3126669 3130119 3131907 3135248 3136662 3138213 3143525 3147789 3154687 3156868 3157977 3162531 3163477 3165523 3167895 3168728 3172633 3176743 3180481 3182553 3183985 3186259 3188799 3190291 3191121 3195170 3198734 3203503 3206781 3207840 3209891 3217607 3218591 3222659 3223689 3225201 3226756 3230521 3233750 3235113 3238057 3240585 3242390 3243861 3245372 3249062 3251608 3252608 3255074 3262208 3269445 3270609 3279034 3281928 3293582 3294557 3299761 3301524 3307618 3309436 3315736 3322543 3327353 3329940 3331096 3332951 3336267 3339519 3347094 3349391 3357134 3359009 3363848 3373162 3376464 3377929 3383411 3391183 3395341 3396354 3403026 3406381 3411514 3412611 3413904 3419186 3425953 3429820 3431233 3433465 3437094 3452433 3453316 3456427 3463142 3464928 3468973 3475710 3482226 3485679 3490871 3494645 3497643 3500040 3503491 3505951 3507237 3512268 3526793 3528370 3529990 3537860 3540015 3544407 3554917 3559005 3561416 3562655 3569178 3574341 3578062 3584455 3586850 3588741 3590162 3592425 3594160 3595924 3601789 3604451 3607307 3609688 3611351 3612653 3614424 3616146 3621296 3624759 3625657 3629148 3630331 3632533 3637899 3640818 3642512 3644107 3644933 3646188 3647433 3648614 3650553 3651499 3653137 3655358 3657392 3663560 3670154 3675109 3681544 3682349 3686107 3687082 3694303 3695962 3696861 3700304 3701746 3708901 3713215 3716785 3718370 3720097 3720689 3721797 3727331 3730970 3740879 3744005 3745025 3748326 3750854 3751658 3755944 3758662 3762682 3763220 3766797 3770322 3774602 3775742 3781004 3784870 3788992 3793144 3796113 3799762 3802550 3804522 3806233 3810125 3811282 3814988 3816644 3817988 3821415 3823090 3828012 3829122 3833231 3837910 3839621 3848354 3854553 3855969 3857553 3860263 3861688 3867821 3870572 3872565 3875175 3879449 3881794 3886326 3891294 3894686 3897112 3898308 3902845 3903998 3905312 3907276 3908084 3914831 3924372 3927189 3930226 3932032 3937347 3939372 3942214 3944284 3950660 3952295 3959632 3961460 3966625 3982616 3985809 3988924 3991154 3992577 3996425 3998097 3999794 4009949 4013195 4018702 4023730 4030426 4031807 4038884 4043977 4047702 4051379 4054431 4055713 4059242 4061264 4064710 4069098 4073940 4076920 4078321 4079781 4082991 4090598 4095086 4098006 4099499 4101148 4103326 4108260 4111739 4113526 4114972 4116071 4120611 4124467 4141023 4146077 4148628 4151284 4157109 4162759 4168110 4171898 4173899 4176050 4178263 4181871 4184193 4185668 4188345 4189505 4191333 4194149 4196882 4208729 4210879 4214363 4217947 4220056 4220998 4222898 4247389 4251146 4253905 4255502 4257425 4261874 4263518 4265690 4267897 4269253 4273573 4279632 4281043 4283384 4289189 4291534 4292853 4296013 4297173 4299174 4302804 4304631 4309714 4311584 4314989 4318897 4328767 4331093 4333210 4337558 4341379 4346268 4347876 4355312 4357526 4358592 4360917 4365123 4366090 4367446 4371251 4372587 4374169 4379344 4382671 4385727 4387625 4389654 4392317 4395090 4396489 4398565 4401746 4405021 4408807 4410574 4411899 4416201 4418277 4420095 4426690 4430537 4432251 4434080 4439592 4440690 4445292 4449490 4450746 4455026 4460897 4468803 4477270 4477890 4478773 4487420 4501091 4502299 4510157 4511850 4514569 4516913 4519039 4521713 4522530 4523258 4524100 4526118 4528401 4529867 4534045 4542505 4545288 4551767 4553969 4554931 4557444 4559656 4563360 4567521 4572451 4581040 4586339 4590280 4592871 4596873 4598380 4600619 4602137 4605418 4608552 4610124 4612135 4624535 4628621 4633502 4635148 4637540 4642183 4647141 4648280 4652885 4654400 4657224 4658219 4664048 4670103 4671624 4674468 4678339 4681988 4683431 4684739 4689649 4692016 4694726 4696812 4703044 4706003 4709563 4713987 4720395 4721975 4728649 4730090 4731257 4732496 4735496 4739984 4742643 4748915 4755743 4758984 4762095 4764731 4767396 4768613 4771717 4775868 4777556 4781012 4783841 4790862 4795208 4796987 4798908 4805187 4809392 4812385 4817334 4820233 4821796 4823534 4825951 4828653 4831603 4832574 4834048 4837765 4838840 4841253 4845186 4846535 4847726 4849017 4851228 4853217 4854989 4857379 4863147 4866246 4867264 4868335 4869435 4872033 4873180 4879551 4882822 4886434 4888197 4889385 4894016 4897511 4900359 4904986 4910185 4918729 4921419 4924948 4931683 4933821 4934881 4935776 4940234 4941873 4944772 4946061 4949917 4953899 4958777 4960951 4962674 4963993 4966914 4969065 4969819 4972729 4975050 4982552 4983764 4987425 4989747 4995497 4999385 5001763 5013401 5014943 5017230 5022052 5026031 5027339 5029623 5034585 5036158 5038713 5040611 5049660 5052984 5053491 5056614 5061113 5065029 5074030 5077480 5082237 5083595 5086522 5090015 5094058 5096711 5100503 5103024 5107888 5109238 5110010 5111219 5112643 5119213 5124818 5130153 5132267 5136152 5137560 5139679 5142037 5143300 5144995 5148402 5150262 5151765 5154941 5156784 5159973 5162470 5165722 5181527 5183613 5185067 5187907 5189764 5191204 5192781 5194840 5199336 5202259 5205482 5210177 5213946 5219702 5221143 5223720 5228066 5229253 5237462 5239079 5245006 5249360 5250192 5256020 5258276 5259501 5260361 5263297 5275308 5281125 5290084 5293957 5296342 5299900 5304470 5311879 5313616 5315066 5316404 5320744 5325504 5330262 5331312 5337950 5346460 5353712 5356589 5361157 5363077 5364505 5372098 5375024 5378855 5387709 5391270 5393187 5397142 5400977 5403885 5410200 5410832 5413139 5415524 5423059 5424596 5428147 5429659 5438177 5441714 5444619 5446727 5448194 5451436 5453845 5456323 5458523 5461063 5462603 5465395 5469671 5470799 5473160 5475179 5478482 5479670 5482577 5490861 5492056 5493300 5500262 5501731 5502898 5510524 5511971 5514499 5515824 5518353 5519096 5520752 5522278 5530035 5534916 5539186 5540872 5544150 5546612 5547480 5548830 5549413 5552530 5559470 5563232 5567298 5568456 5573004 5576977 5580963 5581768 5582964 5586415 5589155 5590692 5595204 5596303 5597732 5599755 5603906 5604924 5606021 5607126 5611661 5613820 5614792 5618806 5624339 5625943 5639131 5642497 5653036 5660085 5665303 5669731 5671814 5682543 5685297 5699086 5704689 5708702 5712471 5713724 5716932 5723867 5725958 5732065 5733871 5744088 5745445 5747251 5748948 5758587 5770471 5774959 5779147 5780682 5783692 5791868 5798505 5800785 5802699 5806492 5810825 5813537 5817254 5821089 5822522 5827065 5840532 5841324 5848155 5848882 5849937 5856439 5859905 5869125 5872358 5880251 5882899 5883724 5886018 5887101 5888398 5890004 5895785 5896964 5899141 5901532 5903811 5906136 5907111 5913238 5914880 5929356 5934142 5941046 5944049 5946349 5948248 5949320 5954799 5957014 5957996 5959374 5961915 5963099 5964812 5967960 5972329 5973600 5976388 5980582 5981654 5986286 5991507 5996521 5997326 6000394 6002745 6005025 6006356 6008408 6009977 6013547 6018577 6019427 6021463 6026141 6035590 6038578 6039544 6044170 6045194 6050511 6054173 6061961 6062830 6069194 6074918 6075707 6077431 6080520 6081775 6083381 6086262 6090228 6092354 6093151 6095220 6097206 6098157 6100126 6102499 6110154 6112748 6114823 6115959 6121612 6134483 6137318 6138569 6139644 6143290 6144792 6146095 6150515 6153425 6162550 6165208 6166036 6167325 6168523 6170382 6173841 6176278 6177354 6180883 6183989 6189758 6192093 6193473 6195678 6198340 6200957 6202281 6203926 6206188 6207371 6216034 6217582 6222536 6230985 6236011 6238177 6243052 6246951 6248631 6252370 6254421 6255823 6261752 6264234 6266316 6267875 6270032 6272135 6273104 6278419 6284001 6291366 6292398 6295293 6297022 6300196 6301291 6306034 6310479 6312685 6313594 6318706 6321576 6323305 6324913 6326912 6329041 6333824 6341748 6344922 6348375 6353248 6355106 6365178 6366572 6371349 6375175 6377204 6390885 6393103 6402613 6407978 6409884 6410542 6413009 6414091 6420147 6421093 6421579 6425703 6429885 6432561 6433815 6437390 6443902 6445983 6450736 6454645 6455733 6457174 6461900 6468137 6472139 6475357 6479297 6480081 6481364 6490135 6496327 6500873 6508055 6512810 6515409 6523160 6525907 6527311 6529980 6532607 6538594 6540195 6545416 6547887 6552525 6556584 6565410 6569025 6572153 6576074 6577169 6581620 6587043 6591027 6597130 6598540 6602393 6603762 6607694 6608910 6610103 6613009 6615915 6625395 6630382 6632588 6638241 6639613 6641248 6648350 6652636 6653750 6655765 6658188 6659391 6668936 6670662 6673971 6680369 6683262 6687866 6689379 6691486 6695309 6700019 6707920 6712383 6716730 6718237 6721648 6724624 6728619 6730928 6734131 6737924 6739062 6742424 6743511 6745256 6747407 6749340 6750857 6752792 6754160 6758119 6761627 6763554 6776307 6779685 6780529 6787509 6793529 6802048 6806197 6808274 6813455 6815586 6817807 6822381 6825742 6827703 6828754 6830316 6836689 6839568 6843514 6844921 6846654 6848207 6853800 6855266 6856054 6857226 6865709 6866920 6870250 6871243 6874039 6876809 6879112 6882962 6888264 6890373 6891037 6892521 6894122 6894936 6895643 6898240 6904623 6909355 6915355 6920306 6921606 6929135 6934286 6937886 6940573 6942022 6944226 6949055 6954940 6958552 6962654 6963827 6966452 6968963 6972032 6973769 6974678 6975900 6980299 6986583 6989248 6992244 6994622 6995736 7000594 7003478 7005793 7008246 7009486 7010576 7012398 7014487 7016450 7024791 7025639 7027150 7028688 7030754 7036339 7038891 7040813 7043512 7045192 7049558 7051258 7053223 7054135 7055757 7057134 7058750 7063015 7068670 7074630 7076470 7077014 7078558 7080360 7084621 7085957 7087593 7088806 7090494 7095294 7097303 7099893 7101430 7105726 7113184 7115490 7122548 7123700 7125098 7127098 7129118 7130911 7137862 7140244 7141870 7146242 7148457 7149885 7152112 7153126 7155714 7159901 7161122 7162445 7166540 7168089 7171379 7173417 7175835 7176990 7179935 7181852 7183217 7186483 7190971 7191951 7200965 7207256 7215234 7224094 7227285 7228677 7230090 7234620 7236349 7238954 7241644 7245220 7248011 7250754 7255695 7256552 7259545 7261528 7263247 7269638 7276270 7282680 7283659 7289191 7291177 7294058 7297235 7298389 7303596 7306858 7308292 7317923 7318695 7323638 7328002 7338358 7347698 7358823 7360065 7361557 7363425 7365616 7366996 7370414 7372568 7376698 7378156 7381801 7389348 7392604 7396218 7397464 7398766 7400918 7404560 7408326 7409332 7411906 7416793 7419338 7423149 7426915 7429282 7442324 7448256 7449918 7453211 7456163 7462122 7463999 7465284 7472437 7474782 7478013 7479508 7483621 7484773 7487911 7490017 7491581 7494578 7496333 7500359 7502154 7506741 7508654 7513893 7515654 7517932 7519055 7525428 7527143 7529662 7531046 7534091 7536503 7538378 7541108 7544558 7545788 7550556 7552235 7558941 7562651 7564203 7567097 7569202 7570482 7572219 7573542 7575369 7578628 7581274 7590306 7592699 7594450 7603636 7607431 7610035 7610813 7615655 7620969 7624707 7635015 7643079 7645222 7649502 7650684 7652138 7659936 7662014 7669133 7670653 7674082 7680919 7681946 7684537 7686114 7690873 7700127 7708487 7723037 7729631 7735023 7741689 7745377 7746255 7747326 7749202 7750693 7751459 7753152 7761267 7763717 7765015 7767645 7768873 7775673 7777402 7779275 7780631 7782852 7790918 7794886 7810283 7816284 7819959 7823867 7826722 7829445 7830478 7833153 7841248 7843885 7846629 7848399 7854136 7856009 7860401 7863666 7870294 7873707 7877706 7880998 7889081 7891438 7894515 7897547 7898638 7899946 7908007 7911631 7914168 7921071 7921739 7926095 7928443 7929650 7931354 7936767 7938067 7940310 7947548 7952607 7955251 7959218 7961845 7969431 7982685 7986406 7992135 7993581 7999136 8000968 8006843 8013456 8016304 8020110 8022111 8027013 8028213 8029600 8034668 8037375 8042716 8050879 8054113 8060035 8061313 8065848 8070101 8071717 8076711 8082398 8086895 8087570 8091383 8094719 8105743 8107608 8110416 8116339 8118477 8120346 8123131 8125864 8133477 8137521 8143002 8144845 8153503 8156007 8161627 8164555 8165631 8166556 8167545 8168545 8171158 8172995 8175882 8183719 8189041 8192570 8194188 8198852 8207343 8209984 8211092 8213406 8216458 8219018 8220611 8221585 8225763 8227678 8229596 8235712 8236970 8237962 8239020 8248835 8250611 8254787 8258397 8261291 8262232 8263496 8264512 8269512 8272416 8274240 8276624 8277591 8279179 8281290 8283649 8284697 8289725 8296509 8300094 8301048 8302787 8306782 8311163 8312944 8315955 8320295 8321819 8323714 8329794 8334253 8335903 8337598 8347229 8356549 8358200 8362695 8363562 8365796 8374809 8375992 8376905 8380876 8384433 8387245 8388354 8394177 8398257 8403206 8405189 8407703 8409552 8410947 8414119 8415558 8420222 8424028 8428537 8430031 8432457 8443707 8446888 8448498 8452678 8456214 8460507 8464556 8465867 8471882 8472796 8476383 8477857 8479644 8480830 8482513 8491591 8496302 8497284 8502226 8511423 8517195 8522215 8529804 8532094 8535792 8536827 8539180 8549328 8552120 8559995 8561227 8562678 8564135 8568443 8571523 8573960 8574998 8586390 8588165 8595355 8598923 8603952 8609247 8610538 8613666 8616775 8618852 8622024 8624465 8632633 8638836 8639812 8642758 8644016 8645823 8648555 8649064 8653708 8656612 8667141 8673736 8675011 8676694 8680927 8683313 8690197 8692384 8698718 8701919 8709491 8712193 8717715 8720561 8722540 8728263 8729153 8733735 8735578 8744829 8747248 8751301 8753266 8759277 8760640 8762490 8766504 8777775 8780770 8792560 8793982 8802891 8806793 8812113 8818841 8822387 8831916 8834352 8839751 8841116 8842176 8847218 8849126 8855228 8861961 8865254 8866570 8871720 8872844 8875235 8877256 8878544 8880178 8884752 8887885 8891779 8895147 8899932 8907137 8908802 8910637 8922874 8927870 8929380 8930289 8934487 8937501 8941436 8946171 8947544 8948085 8950619 8952719 8956471 8958539 8960526 8961446 8969497 8971379 8972957 8976740 8978739 8983390 8989819 8992971 8995992 8996816 9002020 9004675 9010098 9012160 9020741 9023933 9025020 9028283 9031652 9040733 9044929 9049019 9052860 9056663 9059117 9067815 9069349 9070420 9073978 9076806 9081658 9086496 9088685 9091875 9097313 9103653 9106543 9109808 9112196 9113151 9116115 9119071 9122698 9124266 9127380 9128589 9135043 9138351 9142972 9147091 9157110 9163010 9166399 9170249 9173832 9176843 9178105 9181801 9186708 9188705 9192310 9194014 9196813 9207174 9212650 9215646 9218171 9219426 9220856 9222927 9227200 9234448 9238193 9240392 9248702 9250819 9254949 9257597 9262242 9271384 9272998 9280280 9281400 9282531 9284930 9285628 9288803 9291959 9298131 9299049 9300775 9302696 9307677 9316562 9324104 9331271 9337201 9338988 9343445 9347191 9354188 9357129 9361631 9362805 9372384 9373338 9375206 9385881 9388000 9389220 9390975 9393015 9401453 9404322 9406754 9410624 9414998 9419836 9422263 9425421 9427433 9431210 9433340 9438138 9441880 9443254 9444145 9451224 9457553 9458872 9459937 9461186 9464702 9470823 9474784 9481368 9482312 9489359 9491324 9492963 9494850 9497752 9502884 9509061 9511393 9513256 9514718 9517226 9521394 9528571 9531824 9534045 9535526 9538881 9540373 9541406 9546279 9555377 9558114 9558914 9563644 9567431 9568591 9570651 9573413 9575599 9576956 9581039 9582739 9587321 9591258 9595865 9597153 9598998 9599567 9607208 9612509 9613763 9615765 9623793 9625960 9628753 9635277 9638888 9644722 9648705 9657081 9658967 9665323 9669069 9673089 9674488 9678686 9681228 9683402 9684193 9685704 9693859 9698173 9699206 9701952 9705301 9709684 9712957 9713931 9719559 9720495 9722428 9724032 9730401 9734156 9736874 9738154 9738742 9741317 9744584 9745379 9747197 9748342 9754848 9757908 9761177 9764181 9768572 9775562 9781167 9788453 9790626 9802473 9807807 9809228 9810963 9812374 9815582 9817182 9821436 9827286 9828706 9830838 9832773 9833943 9838392 9843499 9845602 9854021 9857888 9860733 9864703 9867362 9869694 9871768 9873609 9878184 9881275 9883555 9884836 9885820 9891973 9895845 9898772 9903255 9906295 9907856 9914327 9918208 9920624 9922119 9926129 9930530 9933416 9935974 9938522 9941500 9948735 9952025 9955254 9956690 9963287 9965439 9968117 9970907 9972035 9975606 9985123 9986504 9993434 9993977 9998214 
</Matrix>
<Matrix name="Neuron_211" type="complete" rows="1" columns="5461" multiplier="1.0">
   2538 5135 9601 10669 12220 14500 15520 16830 18744 20864 21521 22420 24517 26439 27686 28670 29903 30843 32871 37184 39298 40097 41156 43584 44577 46569 49702 53196 55723 56282 58419 61539 64132 66632 67290 70727 71514 72817 74246 76167 77181 78303 79378 81720 82351 85943 88133 89716 94482 95349 97607 99144 99905 101109 102204 105391 106285 108930 112135 114301 115110 118190 119814 120954 122385 124760 127321 130390 132378 133148 134474 135976 137486 141000 142272 143676 144537 146420 147487 151089 153954 155852 160026 163654 164349 167144 169832 170584 172252 174062 175599 176748 177496 179638 183162 184467 186471 189200 189958 191099 192990 194431 195267 198280 199257 200358 201685 203297 206864 208101 209693 210531 214874 217576 219489 221195 223402 224442 225399 226406 227422 229556 230352 233174 235017 236211 237912 239459 240711 241596 242228 244332 245289 246225 248259 249423 250557 259382 260707 262543 266516 267720 270620 271636 274342 275149 276583 277461 279592 284688 288357 290188 291711 293359 296485 298414 300235 302820 303982 305461 308352 310141 311369 312550 314048 315681 317224 321455 324405 325415 326224 327990 331091 334025 336050 336948 337754 338940 340508 341550 342187 343698 345022 348898 350056 351311 354229 355172 356131 361324 366237 367917 369116 370223 370966 371671 373504 375040 376082 377574 381494 384390 385280 387106 388190 390912 392321 393923 395689 397587 399217 404448 407355 410678 412201 415564 416239 417373 418561 419261 420214 421535 423627 425066 428063 429424 431070 433516 436008 437729 438388 441407 443832 445300 447336 448137 448949 451097 452304 454293 456925 458196 459632 461507 462342 464291 465598 469315 471241 472663 473537 475904 477906 479644 481230 481994 484014 484967 486015 488415 489348 492372 493874 497995 499331 499979 502059 503186 505125 507019 509622 511371 512616 516534 517439 518449 521128 523680 524785 526261 527555 528535 530164 533026 534942 536124 537128 539782 541253 542969 546320 547832 548947 549825 550715 552247 553673 555269 556247 558088 560171 561020 562796 563494 564545 565450 566466 568821 569365 574282 575983 577298 579229 582036 583412 585232 586316 590299 591539 594309 594906 596103 600488 603672 604671 608141 611038 615063 618023 619295 620156 621080 622024 623363 624576 625537 626167 627708 629772 630812 632138 632980 635342 637808 639392 640501 642611 644770 645801 647369 648659 652415 653647 655052 657716 658911 659770 662609 665205 666959 667623 670830 672396 673511 674545 676222 678243 679043 680141 680788 681914 683425 685024 686663 688225 689474 692327 693452 694949 696366 699802 702021 703385 704277 706076 707518 708587 710874 711797 713528 715391 716523 717177 718470 719726 720638 721805 723334 725422 726117 728475 729295 730146 731474 732631 733790 734636 736277 737545 742579 743566 745634 746859 747503 750268 751815 754155 757837 758729 759476 762232 766828 768067 769326 771761 773476 775703 776971 778498 780360 785140 787576 789205 790957 792443 793636 794648 795248 796466 797821 800297 801391 802214 806214 807925 809032 811644 812723 813525 814850 817311 818286 818945 824232 829958 832437 834246 835273 837446 842210 843881 845647 847955 852003 854171 855416 856618 859911 861340 862912 864615 865270 867219 868362 870138 871641 873253 875138 876849 877833 880478 882565 884811 886275 887071 887979 891055 891870 893208 894030 894651 900278 902817 905009 905901 906609 908862 910605 911672 913399 915607 917730 919146 921147 921944 924459 925442 928569 930003 931923 932591 933502 936242 938413 940061 941558 943650 945576 948934 951609 954683 956614 957633 958897 960225 962024 963128 964298 965774 970520 971466 972752 973764 974425 975185 976974 978362 980887 981908 983270 983841 985043 988824 990649 991800 992859 993570 994625 997530 998966 1001256 1007836 1010425 1010949 1011867 1012575 1015924 1016641 1019017 1020044 1021672 1022889 1024604 1026308 1030122 1031401 1034191 1035144 1036135 1038008 1039739 1041434 1045104 1047520 1049518 1051048 1051889 1053794 1055072 1056008 1058469 1060747 1066487 1067840 1068839 1069911 1072351 1074018 1075089 1076285 1079824 1080598 1082171 1083070 1083776 1086833 1089820 1093540 1094579 1098117 1099847 1100409 1101437 1102954 1105604 1106696 1107368 1109144 1110645 1111243 1112588 1114300 1115086 1116199 1117825 1118811 1119817 1120664 1121613 1122829 1125235 1127967 1129061 1131437 1133285 1135562 1136567 1138314 1140436 1141099 1144677 1147038 1149457 1151757 1153486 1157485 1161133 1162398 1164573 1167624 1169507 1172433 1173163 1174308 1176739 1178808 1180500 1183566 1184607 1186159 1187262 1188527 1189846 1196974 1199693 1201241 1202797 1205025 1205856 1211111 1212887 1214055 1215340 1217386 1219142 1220319 1221354 1225087 1226305 1228693 1229759 1231829 1232810 1233831 1236455 1237479 1238702 1240596 1241296 1243542 1245104 1246025 1246816 1247726 1250279 1252126 1256660 1258439 1260011 1261172 1262117 1263965 1265040 1267446 1269820 1270787 1271957 1274555 1278804 1282822 1286608 1289628 1292309 1301369 1302175 1304678 1305478 1306776 1308569 1309535 1311609 1312885 1313576 1316526 1318259 1319204 1320971 1322133 1323760 1324880 1325653 1327547 1329758 1330971 1333122 1335524 1338000 1340751 1341319 1343223 1344092 1345789 1347319 1348340 1348900 1350201 1351118 1353184 1354559 1356218 1357890 1359093 1360698 1361672 1362519 1363978 1364649 1365360 1366653 1368090 1368825 1371223 1372563 1373567 1376759 1379691 1386634 1388758 1391217 1392081 1393486 1394471 1395718 1396869 1399112 1400895 1402352 1403462 1404724 1408418 1409663 1411277 1413660 1414530 1415707 1417937 1419025 1420445 1422649 1426565 1427602 1428314 1429544 1432006 1433628 1434285 1439170 1440001 1440877 1441472 1442384 1443341 1445936 1447446 1449397 1454450 1456298 1457936 1458621 1459534 1461159 1465679 1466717 1467706 1472362 1473360 1477924 1480423 1481659 1482904 1487116 1488639 1490794 1492750 1496048 1498682 1501095 1502834 1504169 1505665 1508360 1509360 1510911 1511986 1513878 1515610 1517692 1518893 1520896 1522708 1523583 1525096 1525965 1527760 1528711 1531367 1534142 1534836 1535716 1537909 1539065 1541324 1542280 1543266 1544570 1545374 1546350 1547426 1548828 1550240 1552581 1554627 1559541 1560480 1561946 1563579 1565071 1566337 1568076 1569573 1571282 1572725 1573555 1575619 1577352 1578703 1581020 1582235 1583037 1585996 1591425 1593243 1595781 1597073 1599225 1601096 1605126 1608385 1612042 1612645 1613793 1617692 1619510 1621249 1624671 1626243 1627454 1632008 1633245 1636809 1639443 1640103 1641750 1642864 1647549 1649696 1652124 1653859 1655701 1656791 1657988 1658984 1661780 1663576 1664519 1666694 1668458 1669428 1670141 1672003 1676192 1679631 1681768 1684073 1685586 1686961 1689424 1690162 1692922 1694404 1695807 1698753 1699951 1701378 1703350 1704729 1706271 1706969 1707785 1708779 1712563 1714468 1717511 1719773 1721778 1723844 1724509 1725852 1727458 1730277 1731159 1732187 1733981 1735519 1736334 1738043 1739773 1741040 1741734 1742791 1744281 1747075 1748311 1749478 1751428 1752183 1754656 1758275 1761289 1762904 1765270 1766857 1771999 1776784 1782821 1784209 1785147 1786133 1786979 1787795 1788921 1790193 1791930 1794021 1795187 1796924 1798110 1799489 1802063 1805438 1806473 1807866 1808731 1811860 1812720 1814006 1815155 1817528 1819747 1820701 1821516 1822688 1825857 1828242 1833972 1835505 1840575 1841709 1844321 1845891 1846475 1849838 1851155 1852883 1853916 1855535 1857903 1861761 1862683 1864119 1864882 1867467 1868752 1873059 1874735 1876094 1877492 1879126 1881723 1882623 1883985 1886366 1889924 1894329 1897884 1899195 1900723 1902060 1905995 1906874 1908065 1908866 1910564 1911899 1915764 1916765 1921624 1923719 1924498 1925913 1926706 1928854 1929521 1931188 1932308 1935242 1938981 1942802 1943381 1947467 1948584 1949954 1952544 1953063 1953905 1955648 1956771 1958330 1959473 1960905 1963491 1966472 1967345 1968886 1969315 1972253 1973556 1975577 1977276 1979275 1980096 1981090 1982218 1983903 1986034 1986980 1987936 1988496 1990097 1991788 1992732 1994207 1996272 1998607 2001314 2003194 2005710 2006754 2008186 2009247 2010308 2011322 2013447 2014839 2016534 2018783 2021005 2021997 2022912 2024027 2025368 2028103 2029505 2031307 2032202 2033129 2033899 2035260 2036614 2038028 2038972 2039964 2042239 2049538 2050917 2051713 2055806 2059161 2059822 2060963 2062207 2066851 2068736 2072118 2072768 2074446 2075204 2076129 2077720 2078522 2080099 2082173 2082921 2083773 2085905 2086536 2087350 2088842 2092235 2093452 2097584 2098564 2101267 2103190 2104698 2107920 2108917 2110597 2111372 2114337 2116525 2117769 2118632 2121690 2124346 2127589 2128766 2129717 2131365 2134170 2135204 2136138 2137435 2139556 2141051 2142620 2145057 2146106 2147954 2151192 2154002 2155596 2157227 2158949 2161160 2162839 2164344 2166443 2169576 2171148 2172592 2175931 2176912 2178285 2181213 2182334 2184474 2185579 2186584 2188263 2189146 2190642 2192759 2194158 2195483 2198613 2199357 2199972 2201612 2202923 2204438 2205248 2207208 2209879 2211409 2213276 2217950 2219004 2219923 2220375 2221057 2221648 2224961 2227526 2229041 2230800 2231595 2237280 2238396 2240438 2241480 2242264 2243169 2243790 2245166 2247013 2250932 2252048 2254807 2255965 2258281 2258843 2260385 2263913 2265987 2266477 2268492 2269244 2269891 2270955 2272258 2275040 2276348 2277183 2278098 2280826 2282021 2283347 2284510 2286458 2288789 2289392 2291545 2292311 2293966 2297763 2298879 2300571 2301793 2302854 2304213 2308135 2309187 2310857 2311604 2312309 2313984 2315015 2319730 2321790 2322829 2328332 2330987 2333168 2334476 2336268 2337499 2339817 2341413 2342229 2343410 2345130 2346862 2349017 2352113 2356355 2358047 2359463 2365691 2368751 2370493 2371564 2373775 2374840 2375756 2376719 2377949 2379826 2380706 2383037 2383896 2385537 2390372 2391796 2395257 2396404 2398249 2404054 2409727 2412115 2412761 2414064 2414990 2416334 2417907 2419340 2421329 2422905 2424626 2426546 2429890 2431582 2434098 2436365 2439148 2442331 2446037 2448001 2449421 2450451 2452547 2456874 2457952 2459824 2463207 2464191 2465507 2466371 2468230 2469627 2473018 2474857 2476017 2477223 2481278 2482269 2484077 2485149 2487320 2491396 2493761 2494570 2496092 2498346 2500527 2501289 2502947 2504021 2505292 2505970 2507581 2508107 2509418 2512382 2513579 2516391 2517257 2518994 2519627 2521941 2524632 2525500 2527894 2534413 2541177 2544656 2545955 2547415 2548918 2555055 2556600 2557564 2558490 2559878 2561633 2565996 2567500 2568766 2569607 2572621 2574349 2576801 2577458 2578772 2580137 2582654 2583381 2585917 2587299 2588761 2589626 2592620 2593490 2594660 2596364 2598163 2600100 2602604 2604776 2605545 2606944 2608485 2610604 2613209 2616416 2617450 2620365 2621652 2624840 2627376 2629225 2631179 2632825 2633877 2636035 2636752 2637760 2640088 2642209 2643856 2645325 2646212 2646996 2649474 2650477 2652267 2653998 2654640 2656159 2657635 2658683 2659692 2660812 2661675 2663392 2664968 2665932 2668628 2669865 2673148 2675030 2676496 2678578 2680897 2682677 2684000 2686364 2688003 2689021 2691106 2693995 2694886 2695900 2697824 2699680 2700762 2703111 2704355 2705128 2706097 2708972 2709723 2711148 2713765 2720789 2721639 2722773 2723446 2724978 2727683 2730924 2733139 2735100 2736029 2737238 2739049 2743934 2745226 2747376 2748762 2753129 2754025 2756084 2757184 2762047 2763939 2766980 2768522 2770386 2772369 2773157 2775491 2779061 2779812 2780834 2782805 2785579 2787274 2788236 2791306 2792200 2793278 2796300 2798215 2799900 2802850 2804056 2805346 2806279 2807470 2808933 2811649 2812661 2813630 2814742 2817519 2818611 2820520 2821433 2822447 2825054 2828295 2829202 2830573 2832210 2832989 2834880 2841114 2842480 2843468 2845164 2847038 2848540 2849387 2850004 2851318 2855113 2856898 2857801 2858643 2859976 2861242 2861923 2864154 2865333 2867318 2870837 2871819 2874220 2876330 2878776 2879701 2880503 2883192 2884105 2884510 2892461 2895724 2898415 2900249 2902669 2903575 2905553 2906293 2907572 2913210 2914769 2916302 2917127 2918464 2925900 2928032 2933459 2934456 2935738 2936890 2937694 2939657 2942405 2943971 2945802 2947404 2948848 2949661 2950776 2953416 2954304 2955542 2958536 2959337 2960219 2962335 2963453 2965141 2968355 2970110 2971148 2973821 2974891 2976089 2980949 2983465 2984962 2986217 2987538 2988921 2990615 2992770 2994194 2995335 2996172 2998640 3002137 3004837 3005712 3008014 3010986 3013835 3016438 3017421 3021167 3021938 3024498 3027102 3028531 3029576 3032114 3034210 3035279 3037895 3038725 3039761 3040762 3042643 3043519 3044198 3045774 3047655 3049216 3052242 3053550 3055241 3058372 3062003 3062880 3067471 3069996 3071426 3072918 3074670 3075563 3080923 3081579 3082437 3083217 3086098 3088428 3089200 3090191 3091399 3093155 3094505 3095783 3097374 3099681 3101756 3104166 3104784 3107012 3108063 3109938 3110785 3113327 3114248 3115937 3118280 3119865 3121553 3122543 3123880 3125290 3127482 3128964 3132791 3134011 3135107 3135905 3136700 3137733 3138487 3140882 3142774 3144219 3148845 3150534 3151546 3152701 3154702 3157973 3159303 3162295 3163417 3165441 3167912 3168685 3169956 3173662 3174752 3175928 3177886 3180427 3181065 3182724 3185104 3186246 3188106 3190359 3191098 3192406 3194826 3195897 3198630 3199823 3201557 3202513 3204768 3206375 3208515 3209885 3213377 3214594 3215356 3216797 3218805 3223587 3230893 3232133 3233618 3235563 3236358 3238383 3240073 3243265 3244753 3245367 3246829 3247970 3252349 3254520 3255451 3257550 3259927 3261158 3264519 3271088 3274002 3274949 3275550 3278729 3281483 3283297 3284910 3286431 3287676 3289054 3290406 3294298 3296204 3296891 3297811 3300481 3304089 3306346 3307619 3309162 3311453 3312466 3313834 3315406 3316764 3319602 3324430 3328248 3333869 3337959 3339015 3343317 3344586 3346525 3347495 3348972 3351313 3354846 3356630 3357690 3359142 3359892 3370050 3371602 3374658 3376518 3377542 3378375 3380048 3381669 3384498 3388622 3389870 3391540 3393485 3395521 3396513 3397285 3397721 3399985 3401758 3404067 3405317 3406853 3410755 3411610 3413249 3414786 3416075 3417854 3419024 3421334 3422687 3424814 3426529 3427665 3429853 3430762 3432855 3434877 3437528 3438786 3440161 3441779 3443691 3444491 3447203 3448159 3450558 3452632 3453689 3455882 3458025 3461909 3463079 3463944 3465184 3466994 3467707 3470653 3471848 3472622 3475893 3478021 3480346 3481466 3483096 3486726 3487805 3488605 3489834 3490637 3492201 3493200 3494502 3495751 3496734 3497843 3499910 3503406 3507164 3508406 3509116 3511236 3512811 3516535 3520779 3525150 3526376 3528184 3529125 3530089 3533935 3536440 3537628 3540913 3544880 3547224 3548084 3551016 3552156 3553249 3555196 3557498 3559178 3560662 3563040 3565902 3566768 3568270 3569847 3571873 3574727 3576183 3577782 3578784 3580231 3581756 3583829 3585063 3588557 3589588 3590696 3591816 3595424 3597650 3598758 3599939 3604775 3606674 3607833 3610526 3611825 3617853 3620332 3624200 3626177 3627488 3632757 3635603 3640384 3642369 3643944 3645112 3647094 3648732 3650234 3650986 3651861 3653112 3654888 3656657 3659727 3661090 3662218 3663120 3664125 3666617 3667877 3669246 3671342 3674478 3676024 3677222 3679504 3680670 3683913 3686568 3688050 3689267 3690085 3691931 3693394 3695257 3696547 3697454 3698071 3699255 3702635 3710739 3712417 3714640 3715724 3717431 3718905 3721247 3726112 3726873 3732356 3734667 3735759 3736491 3741536 3743908 3745799 3749309 3749907 3750580 3755448 3757981 3760326 3762348 3764056 3767158 3768081 3772904 3773992 3776537 3778213 3779008 3781863 3785574 3787044 3790403 3790957 3793357 3794850 3796859 3798584 3799895 3800704 3801688 3807622 3809015 3812269 3813163 3814680 3816778 3817702 3821759 3823122 3823759 3825062 3825625 3830347 3831785 3832911 3837461 3840314 3842259 3845311 3846649 3848317 3850643 3852350 3853408 3854043 3855050 3856858 3858390 3859764 3864124 3865163 3867201 3868898 3870099 3873221 3875753 3878526 3881563 3882327 3883875 3887523 3889328 3891662 3892520 3894141 3895927 3897138 3898863 3899635 3900591 3901521 3903262 3905662 3910390 3913257 3914052 3918255 3920322 3923050 3924334 3925877 3927583 3928351 3930344 3931194 3932605 3934443 3937723 3941278 3942599 3943891 3945043 3945820 3948253 3950761 3951866 3952858 3953488 3954281 3958932 3960443 3961402 3963078 3963994 3965308 3966178 3967930 3969151 3970343 3971995 3972862 3976612 3978065 3979888 3981226 3981752 3983223 3984872 3985859 3987474 3988590 3990801 3991423 3992385 3993556 3996499 3997751 3999577 4001279 4002919 4004568 4007313 4010391 4011328 4012155 4013936 4016169 4020781 4022425 4023558 4026757 4027526 4028288 4030132 4032984 4034952 4036495 4038337 4040079 4041946 4042826 4045153 4047114 4048072 4049448 4050757 4051952 4054677 4058231 4059120 4060445 4062183 4063933 4064854 4066665 4068106 4069589 4070372 4072302 4074183 4075150 4077384 4078738 4079359 4081978 4083026 4085071 4086334 4088181 4089249 4090362 4093226 4094767 4097175 4099105 4100749 4103395 4107235 4107852 4110723 4111816 4113013 4113847 4117517 4119424 4121039 4124256 4131755 4132910 4134089 4136768 4139024 4139790 4141383 4142385 4143539 4144475 4146615 4147731 4149146 4149971 4153563 4155746 4156760 4158870 4159908 4161197 4162678 4164790 4167339 4169663 4172603 4173691 4174712 4176384 4177266 4179516 4180424 4182630 4186505 4188621 4190452 4192153 4194629 4196514 4197972 4200028 4201632 4203209 4205064 4207488 4208871 4214029 4215929 4217110 4219451 4220242 4226011 4227012 4228294 4229529 4230206 4233112 4236626 4238496 4239977 4241622 4242269 4243853 4246062 4247227 4247953 4250945 4253452 4254940 4255900 4257403 4258004 4258959 4261285 4263523 4265263 4268686 4271409 4275834 4278136 4279176 4279816 4280471 4282185 4284292 4285187 4286693 4287529 4288973 4291359 4292587 4293581 4294663 4296774 4297586 4298509 4300861 4302747 4305192 4307166 4307828 4310011 4311548 4313213 4314898 4321589 4324169 4326723 4327617 4330100 4331412 4332521 4333483 4334145 4335121 4337926 4339334 4343988 4344727 4349792 4350404 4352531 4355408 4357396 4359323 4362600 4363346 4365120 4367265 4368487 4371044 4372388 4373318 4374541 4377835 4378602 4379785 4382705 4384206 4385453 4387935 4388997 4390574 4391683 4392948 4393506 4395151 4395761 4401635 4403124 4404805 4406311 4407063 4407756 4409002 4412846 4414272 4416307 4417594 4418595 4419528 4420930 4421773 4423087 4424152 4426689 4427461 4430993 4432111 4435015 4436156 4437411 4439543 4440698 4443386 4444312 4446713 4448414 4450607 4451357 4451999 4453757 4454863 4458229 4460128 4462207 4463642 4464499 4468866 4470472 4471302 4472091 4473112 4474009 4475469 4478777 4479834 4482247 4484941 4486906 4489061 4491521 4493029 4494136 4495080 4496221 4497390 4499530 4501581 4504437 4507623 4509155 4509936 4511135 4513661 4515657 4516552 4517498 4518675 4519984 4520882 4523213 4524672 4525817 4527836 4529190 4531784 4532284 4534447 4535604 4537052 4541366 4545715 4548649 4550363 4551980 4553679 4555078 4557377 4558551 4559823 4560743 4564788 4565888 4566771 4571295 4572620 4574244 4575834 4576540 4581819 4583154 4584279 4584880 4586116 4588598 4591500 4592188 4594463 4597609 4599691 4600894 4602034 4603616 4604626 4605386 4606522 4608061 4610203 4612851 4615133 4616199 4617334 4618948 4621986 4622966 4626242 4629839 4630363 4633416 4634456 4635272 4636218 4637756 4639088 4643905 4645280 4646858 4647853 4650498 4651592 4656060 4657626 4659441 4660614 4661767 4662834 4664269 4665461 4671356 4674539 4675709 4676748 4678972 4681627 4682551 4683446 4686682 4687469 4688183 4690368 4692404 4693180 4693701 4695415 4696573 4698936 4701027 4704805 4706275 4707222 4708130 4709032 4710105 4711137 4711912 4713408 4715575 4716455 4718139 4719192 4721537 4722795 4724837 4725934 4728482 4729551 4730938 4733418 4735025 4737012 4738080 4740600 4744182 4745169 4748232 4749314 4750386 4752997 4754399 4756416 4759463 4761137 4763690 4765811 4767239 4768482 4769514 4771616 4773197 4774635 4776771 4778040 4779704 4780677 4781965 4784865 4787056 4788173 4789677 4791046 4793327 4797769 4801953 4803573 4804272 4805264 4807519 4808697 4811185 4813683 4815718 4816638 4817939 4819006 4821004 4824075 4829610 4830989 4833019 4833881 4836105 4837781 4841098 4842167 4843458 4844344 4845455 4847096 4848841 4850917 4851995 4853328 4855222 4856551 4857371 4859190 4860814 4861608 4862597 4865541 4869836 4871414 4872916 4873747 4876250 4877937 4878798 4880690 4882406 4884619 4885444 4886132 4887188 4888330 4889525 4891498 4892139 4893707 4896751 4898641 4900331 4903435 4906155 4907850 4908378 4909628 4910386 4912181 4913085 4915994 4917424 4918549 4921140 4922446 4923533 4924890 4926004 4927769 4929045 4930354 4931490 4932950 4933968 4935207 4939984 4941237 4942179 4943515 4945015 4948102 4948620 4949350 4950841 4952929 4955467 4958651 4959122 4962555 4963567 4964237 4966121 4969541 4972000 4972875 4974956 4976449 4977895 4984018 4984835 4985882 4986590 4987257 4989226 4989940 4991997 4992706 4995891 4998834 4999536 5000813 5004760 5008312 5011081 5012998 5017892 5021199 5022132 5022959 5023956 5026033 5027372 5029329 5030649 5032654 5033633 5035315 5037319 5038305 5039238 5040725 5042888 5043946 5049122 5050045 5050993 5052473 5053564 5055133 5059527 5060855 5063517 5065313 5066846 5067448 5069056 5072704 5076615 5080143 5081242 5082656 5086019 5087654 5089549 5090755 5091453 5091956 5093430 5094704 5096753 5099757 5100791 5101513 5102356 5103193 5103983 5104845 5108537 5111128 5113394 5114982 5116129 5117587 5118286 5121292 5122371 5125421 5127036 5129607 5131392 5132657 5133751 5134805 5135999 5137203 5139150 5140874 5141712 5142429 5143393 5143981 5145658 5147808 5148976 5151396 5152423 5153243 5154255 5157025 5158084 5159436 5160921 5162164 5163291 5164460 5165481 5168489 5170569 5172684 5174851 5182031 5182918 5184756 5186018 5187338 5188781 5190354 5192360 5194788 5197408 5198217 5199571 5200408 5202045 5202934 5203615 5205666 5206498 5209834 5210699 5212075 5214390 5216357 5217556 5219235 5220241 5221882 5224241 5226316 5228593 5230089 5234658 5235707 5236703 5237662 5239243 5241046 5242497 5243167 5245010 5245744 5247434 5248746 5250726 5253082 5254296 5255060 5258657 5259817 5261145 5267210 5268247 5269261 5272459 5274479 5276665 5278119 5279406 5281500 5283001 5284184 5285443 5287285 5289237 5294757 5295908 5298254 5300527 5301209 5303047 5303957 5305492 5306707 5307391 5308783 5311635 5314436 5318313 5319635 5320437 5321756 5327042 5333150 5334482 5336195 5337396 5338775 5340272 5341158 5342713 5343681 5344843 5346265 5347386 5349220 5352327 5353710 5354679 5356668 5357938 5360776 5362900 5364931 5366371 5368371 5369365 5371007 5372015 5373199 5374781 5376650 5377789 5379323 5380996 5381578 5382664 5384555 5386463 5388262 5390775 5392879 5394141 5395192 5398294 5399931 5401611 5405802 5407126 5409295 5412977 5415069 5415566 5419701 5421717 5425039 5426028 5427102 5428896 5433766 5437627 5439180 5442655 5444577 5446142 5447167 5448033 5449536 5451940 5452697 5453550 5454803 5455663 5456593 5463409 5465039 5466484 5468723 5470485 5476583 5478239 5479523 5480966 5482146 5484625 5485699 5487279 5488481 5494637 5495406 5496548 5497826 5498602 5500174 5501889 5503161 5505372 5507075 5510083 5511263 5512915 5513846 5514823 5519944 5521184 5525512 5526443 5528534 5529996 5533439 5534628 5535554 5537075 5538077 5538708 5539430 5541412 5542613 5544894 5547387 5548300 5550698 5554173 5555157 5559183 5560360 5562892 5567710 5568668 5569765 5570580 5571862 5573069 5574844 5575856 5577235 5579326 5581942 5583451 5586716 5590479 5591555 5592622 5598873 5600222 5601222 5603351 5605292 5609272 5611545 5612237 5613059 5615005 5618771 5620423 5622388 5624090 5625162 5626454 5627575 5630216 5631898 5633497 5635561 5637179 5637887 5639283 5642221 5645019 5647479 5648683 5650166 5651133 5652324 5653331 5654367 5656072 5657786 5659368 5660218 5662923 5663826 5664729 5665972 5666848 5668116 5669542 5670312 5672876 5675096 5678126 5680085 5681635 5685635 5687169 5688784 5689774 5692643 5695121 5695829 5697761 5698535 5699295 5701267 5703213 5705491 5707808 5708484 5709636 5711132 5714571 5715240 5716238 5717697 5718520 5719816 5720346 5723393 5724268 5725276 5726161 5728268 5729074 5731214 5732120 5733196 5738595 5740089 5741891 5744604 5747306 5748857 5749811 5750954 5751824 5754111 5756979 5758048 5760999 5762361 5763316 5764293 5773831 5774740 5777763 5778440 5781441 5782713 5783984 5785050 5786722 5787718 5789298 5790287 5791146 5792896 5797536 5798648 5801201 5803997 5805096 5809070 5810750 5812843 5814151 5814868 5817648 5820170 5822826 5823592 5824332 5825620 5829029 5831131 5832054 5833078 5834630 5839588 5841741 5844253 5846899 5849299 5850696 5852028 5854101 5855111 5856663 5857953 5858487 5859485 5861684 5862727 5864702 5866058 5867309 5868965 5870091 5871182 5871970 5873152 5875102 5876468 5877725 5878977 5881085 5884895 5885800 5887209 5889786 5892186 5893718 5895189 5896415 5898528 5900186 5904233 5907255 5909813 5914741 5915933 5916890 5918124 5920106 5922136 5923693 5925131 5929395 5931173 5932311 5937519 5938798 5939580 5941327 5945241 5948109 5949620 5950698 5951664 5952473 5953223 5954702 5955927 5957209 5960385 5961688 5963241 5964616 5965488 5966510 5967860 5969977 5971015 5972057 5973555 5975596 5977733 5978706 5979648 5982905 5983471 5984308 5985340 5986432 5987592 5988584 5991115 5992406 5993278 5995018 5996733 5999087 6000580 6001636 6002510 6004424 6005867 6008664 6009603 6011015 6013182 6017201 6018298 6019289 6021637 6022497 6023646 6024790 6025786 6031561 6033200 6034317 6036111 6037456 6038780 6039442 6041418 6043018 6043750 6045247 6047092 6051564 6053353 6055994 6057096 6058845 6059926 6061771 6062599 6063752 6066056 6067761 6068415 6070451 6073350 6074140 6076030 6077357 6080551 6082137 6083091 6084072 6086437 6089047 6091091 6094471 6095887 6097866 6098986 6099781 6104114 6105322 6107063 6109084 6111943 6114937 6116523 6117753 6119302 6123463 6123974 6125370 6126837 6129034 6132228 6135643 6137556 6138860 6139861 6141087 6141802 6142687 6143486 6146295 6149450 6150439 6152589 6153730 6159097 6163004 6163708 6166048 6166958 6168166 6171781 6173968 6175489 6180546 6181807 6182514 6183654 6185247 6185993 6186928 6187572 6189007 6191208 6192146 6192937 6195412 6196291 6197882 6198883 6200212 6202975 6206066 6206885 6207875 6210839 6212346 6213745 6214555 6216904 6218016 6221585 6222616 6223400 6224418 6228045 6230422 6231639 6232501 6234320 6237436 6241875 6242486 6246570 6247777 6249033 6250511 6251932 6253345 6253961 6256150 6257420 6259809 6261727 6265114 6266794 6272032 6272584 6273757 6274518 6275549 6276533 6277928 6278669 6280522 6284009 6285007 6285815 6287390 6288892 6290015 6291152 6292463 6295287 6296455 6297567 6299728 6301246 6302252 6303586 6307519 6310423 6312064 6312602 6314285 6318050 6318964 6321413 6322679 6325248 6327792 6328635 6329693 6335631 6336657 6341906 6342938 6344485 6346606 6347373 6348662 6350564 6351705 6353175 6354636 6356412 6357577 6360395 6361217 6362706 6365552 6367149 6368215 6369376 6371641 6372717 6379429 6382820 6384131 6385693 6386694 6389468 6391104 6392360 6394757 6396031 6396926 6397778 6399104 6400303 6401317 6402410 6403495 6405830 6406980 6409176 6410072 6415425 6416823 6417479 6420157 6421201 6422293 6423215 6423934 6425831 6427179 6428487 6429025 6430452 6433617 6434885 6436284 6437880 6439321 6440115 6440789 6444199 6445365 6446503 6453393 6455466 6457619 6461809 6462726 6465630 6469183 6470547 6472944 6473973 6475889 6479586 6480682 6481468 6482474 6485437 6487331 6487845 6489620 6490368 6491271 6492920 6494590 6495382 6500390 6501571 6503410 6506898 6507679 6510483 6511208 6512762 6514077 6515274 6516505 6517721 6520647 6521523 6522372 6524568 6527517 6528405 6529602 6532623 6534108 6535357 6538715 6539586 6541587 6543215 6547696 6550796 6551493 6552101 6552858 6553645 6554581 6556035 6557664 6558648 6559766 6562652 6564399 6565502 6566744 6568016 6568821 6569580 6570366 6571677 6573976 6576621 6577629 6578483 6583337 6584501 6585471 6588394 6589033 6590555 6592318 6594191 6596235 6598834 6599550 6601504 6602670 6605277 6609123 6611329 6612015 6612848 6614894 6618217 6619546 6620345 6621723 6624869 6628549 6631072 6636714 6638061 6639073 6640583 6642848 6651261 6653602 6654249 6656332 6657434 6660151 6661659 6663218 6664467 6666578 6667357 6668332 6669964 6670992 6673648 6675284 6676420 6679447 6680127 6681257 6683102 6684957 6685861 6688655 6689777 6690768 6691817 6692750 6696461 6699084 6701329 6705078 6706053 6707990 6709599 6710575 6711632 6713070 6716759 6719717 6721205 6722786 6724242 6725741 6727149 6729003 6729922 6730798 6733334 6734674 6737468 6739246 6741221 6747362 6748581 6750637 6752600 6753808 6755824 6760011 6762111 6763232 6764151 6765711 6767856 6769701 6770404 6771190 6774551 6776113 6778808 6779579 6780297 6781913 6782551 6783312 6785279 6786613 6787601 6788856 6790834 6792271 6793388 6795248 6798373 6799862 6801144 6801807 6803332 6804536 6806398 6807707 6808391 6809563 6811216 6812464 6813287 6814862 6815996 6817347 6818859 6820829 6822892 6824985 6826744 6828866 6831582 6833585 6834712 6835845 6837495 6838624 6839885 6844511 6846141 6848968 6850650 6851938 6856690 6858822 6860888 6862955 6863724 6864908 6866298 6867293 6873907 6875858 6877460 6880764 6881873 6884989 6885843 6887485 6891015 6892687 6894625 6897595 6900362 6901985 6904336 6905928 6910628 6912087 6912904 6913684 6914515 6916870 6918324 6920190 6921416 6925235 6926332 6927584 6930639 6932671 6933517 6938721 6939952 6941614 6942942 6945551 6948426 6950361 6952022 6953828 6955966 6957966 6961333 6962441 6966598 6968596 6970823 6972172 6973533 6975639 6977632 6979565 6980902 6981917 6984237 6985244 6985803 6987270 6989783 6991420 6992876 6994468 6995707 6998788 7001648 7003187 7004697 7005329 7006415 7009697 7010430 7012898 7013821 7015349 7017727 7018580 7020669 7021933 7023743 7024512 7025755 7029061 7030020 7031234 7034117 7035355 7037229 7040194 7041246 7042717 7043974 7044958 7051116 7052107 7055104 7059030 7060800 7061857 7063266 7064401 7065290 7066247 7067215 7069871 7071180 7071977 7074362 7076842 7081204 7082274 7084234 7085346 7086438 7088656 7089702 7090591 7092147 7092983 7096046 7097959 7100210 7101285 7102701 7103814 7105464 7106618 7107761 7110747 7113793 7114870 7115497 7116578 7117830 7119052 7119882 7120615 7122770 7124307 7125274 7127139 7129270 7130080 7131291 7132045 7132820 7136324 7137300 7140756 7142456 7144315 7147183 7151079 7152732 7153594 7156165 7157093 7158148 7158996 7161173 7162925 7163872 7165051 7169664 7171991 7172710 7173667 7175058 7178747 7179652 7183369 7185177 7186911 7188074 7191225 7192335 7194341 7195640 7199962 7201250 7205937 7206557 7208218 7209133 7210926 7212683 7214204 7216144 7218925 7222452 7225096 7226206 7228267 7231593 7233659 7234996 7236882 7237944 7239062 7240484 7241875 7244416 7246001 7248637 7250013 7253561 7257260 7260099 7265409 7266281 7268567 7269657 7272914 7274424 7275703 7277185 7279316 7280365 7281238 7283111 7284671 7287346 7288356 7290076 7291573 7292813 7294058 7295543 7298140 7298784 7300053 7302049 7304204 7305768 7307678 7311000 7312051 7312986 7314294 7315589 7316532 7318136 7319600 7322556 7323683 7324726 7325542 7326396 7327715 7329182 7330329 7331679 7332844 7335060 7336980 7337990 7339376 7340297 7341334 7345450 7347245 7349995 7351073 7353553 7354654 7355756 7357523 7361150 7363574 7365987 7367689 7375755 7376831 7378141 7379357 7380890 7382220 7383872 7384897 7385844 7387127 7389095 7390094 7390885 7393383 7395228 7396262 7397504 7401072 7402673 7404506 7406129 7406924 7408573 7410998 7411966 7414297 7417132 7418097 7420136 7420977 7422302 7424276 7425730 7431533 7433054 7434846 7435929 7437537 7438895 7439904 7440715 7441874 7443039 7443784 7445094 7446144 7447007 7447944 7449763 7452280 7454158 7455104 7457973 7459598 7461498 7462868 7464216 7465557 7467418 7468855 7473477 7475309 7476361 7477623 7479974 7483501 7485234 7486416 7489449 7490289 7491723 7493527 7494473 7495996 7498855 7499654 7501713 7504246 7507330 7508811 7510705 7514071 7515498 7519942 7520804 7523459 7524707 7526720 7527441 7529731 7531063 7532605 7536911 7538059 7540237 7541738 7542478 7544362 7545812 7550478 7551866 7554143 7557232 7559424 7560857 7563317 7565665 7567627 7569946 7571571 7572637 7573384 7574511 7576692 7578441 7580786 7583930 7589129 7590880 7592513 7593772 7595196 7596410 7601478 7611081 7611886 7612724 7613486 7615109 7617817 7619137 7619861 7621019 7622321 7623130 7624072 7627272 7629306 7631434 7633639 7634809 7636230 7637209 7639285 7641565 7643071 7643763 7645297 7646711 7647647 7648954 7650496 7651553 7652193 7653156 7654442 7655669 7656385 7657299 7659500 7660898 7662268 7664227 7666092 7667778 7669700 7670732 7672248 7673107 7674753 7678915 7680539 7681848 7683907 7685583 7686976 7690110 7692267 7693676 7694856 7699096 7701147 7702941 7704033 7707196 7709580 7711479 7712692 7713305 7714401 7717266 7718681 7721153 7721723 7722780 7724460 7726865 7727712 7730155 7731679 7734246 7739015 7739467 7741582 7743272 7744706 7745827 7747042 7747633 7751169 7752533 7759609 7762993 7765200 7766074 7767155 7769819 7772524 7773656 7779237 7779956 7781034 7782935 7784198 7786785 7788067 7790424 7791126 7792084 7799085 7800127 7801216 7805148 7805872 7807498 7808811 7810266 7811304 7813013 7814299 7815590 7816442 7819215 7820261 7822736 7824182 7825411 7828011 7829041 7830757 7833526 7835718 7837725 7838738 7839717 7844000 7844795 7846394 7846946 7847857 7849533 7852845 7853881 7855623 7857375 7859838 7861351 7863210 7865234 7866391 7867801 7868749 7869822 7871038 7871556 7875389 7876196 7877754 7878760 7880498 7881720 7882993 7883783 7885614 7886583 7888558 7891406 7892666 7893920 7897593 7898638 7901509 7905526 7909161 7910545 7912433 7913295 7915701 7917450 7919760 7922011 7923474 7924408 7926977 7929449 7930890 7931645 7932993 7934510 7935747 7937122 7938194 7939978 7942312 7945630 7946881 7949474 7950646 7954337 7955923 7956587 7958231 7961190 7962078 7963102 7966369 7967931 7970247 7971583 7972404 7973055 7973883 7975600 7977527 7978268 7979711 7982200 7983557 7984439 7985471 7987064 7989007 7990327 7991740 7993180 7993982 7995261 7995888 7996773 7997437 8000851 8001879 8004429 8008935 8010662 8012464 8014721 8017815 8020422 8021436 8022617 8025335 8026213 8030128 8031113 8031906 8033085 8034524 8036992 8038062 8039662 8040672 8041952 8043645 8045133 8046513 8048470 8050627 8053144 8056874 8057555 8058237 8059180 8061893 8063816 8064687 8066393 8068519 8069376 8071722 8073639 8076884 8078301 8081140 8083286 8086957 8088913 8090177 8091409 8092492 8093368 8095954 8097822 8098729 8100114 8101454 8102210 8103573 8104567 8108600 8112040 8113033 8115240 8116065 8117720 8118428 8120779 8121661 8124155 8125827 8128641 8129716 8131663 8132999 8133734 8135175 8138904 8139653 8140673 8143066 8148438 8150031 8152307 8154958 8155959 8156653 8164273 8165415 8166736 8168503 8169406 8170787 8171796 8173770 8176186 8177982 8178824 8180285 8181588 8184106 8184857 8186495 8187466 8189374 8191151 8193212 8194307 8195320 8196976 8198306 8199349 8200632 8201528 8202953 8204636 8206511 8209404 8210082 8211174 8212106 8215051 8217598 8219437 8220392 8221439 8222902 8225333 8227674 8228963 8230507 8234426 8236443 8239578 8240166 8241244 8242162 8244753 8246534 8247431 8249464 8250998 8256128 8257787 8259605 8261401 8262707 8263747 8264938 8267333 8270339 8272128 8272953 8274055 8275304 8275994 8277583 8278673 8280163 8281546 8283195 8285335 8287399 8288393 8290921 8292394 8293624 8296432 8297616 8298408 8299422 8302099 8304480 8305463 8307044 8308507 8309459 8310972 8313486 8315008 8317511 8319336 8320311 8321901 8325286 8326322 8329465 8334720 8336878 8338367 8339648 8340715 8342601 8344640 8345683 8346717 8348495 8350143 8351323 8353160 8356166 8357515 8358888 8359679 8361905 8363416 8364381 8367194 8368247 8370287 8371128 8372557 8373831 8375740 8377152 8379621 8381846 8384447 8385783 8387204 8388608 8389789 8391556 8393202 8394970 8395799 8398386 8400686 8401455 8404258 8407692 8408807 8412390 8413467 8417364 8418191 8419776 8422256 8424146 8427920 8428995 8429804 8431310 8432549 8434110 8436229 8437427 8439546 8441708 8446297 8447316 8448740 8450677 8451700 8452599 8453772 8455182 8456476 8457938 8461654 8464427 8468451 8469128 8470947 8473213 8475611 8476906 8478318 8480218 8481047 8482890 8485347 8487515 8488452 8490225 8492184 8497169 8498560 8502200 8503145 8506612 8507554 8508595 8510543 8514278 8515317 8517129 8518584 8520073 8521389 8522934 8523722 8524724 8526974 8529916 8531186 8532397 8534638 8536801 8538522 8544562 8545375 8546605 8548349 8549637 8550712 8552020 8553117 8554796 8556598 8561610 8565288 8568835 8569994 8573165 8574626 8577762 8580835 8582062 8582828 8586005 8586636 8589089 8589687 8590985 8591862 8594195 8595602 8596857 8600535 8601533 8603282 8606971 8608190 8610065 8614936 8616694 8619428 8622584 8625173 8627591 8628972 8630062 8631387 8632342 8633834 8634539 8636212 8641360 8642414 8644785 8645630 8647563 8649500 8651779 8652463 8653364 8654504 8655495 8659439 8661000 8663186 8666445 8668193 8673264 8677112 8678635 8679840 8681427 8682528 8683460 8684048 8685003 8686344 8687935 8689848 8691543 8693306 8695048 8696107 8698011 8699165 8700594 8704184 8707271 8707766 8708581 8711608 8714256 8715333 8716674 8718667 8721189 8721763 8723406 8724527 8726367 8728017 8728847 8730524 8731551 8734442 8735614 8736418 8737279 8739517 8740701 8742131 8745282 8746064 8748914 8751191 8753152 8756156 8757350 8758177 8759276 8761328 8762877 8764288 8767303 8768373 8769609 8770631 8772003 8773396 8774726 8776694 8779159 8780721 8784411 8786180 8787942 8789676 8790789 8792516 8794625 8796622 8797609 8799029 8799956 8801796 8804694 8808115 8809393 8810870 8812010 8813432 8816233 8816849 8818219 8820023 8822064 8822909 8824242 8825159 8827052 8828595 8829222 8831398 8833084 8835192 8837240 8838889 8840796 8842067 8843777 8846618 8848417 8849229 8850967 8852007 8853962 8858244 8859236 8861428 8862555 8863708 8866773 8868151 8869596 8871789 8872552 8874947 8875798 8881338 8882780 8884835 8885727 8886975 8891981 8893501 8894767 8895840 8896956 8899164 8899807 8900683 8904154 8905997 8907404 8911525 8913068 8920438 8921738 8922517 8924112 8924691 8926241 8928439 8929218 8930758 8933406 8936239 8938778 8940389 8941257 8944142 8946342 8947933 8949288 8951112 8952053 8953402 8955178 8957412 8958307 8960560 8961194 8963350 8966358 8967171 8969637 8971249 8973075 8974710 8975472 8978119 8979329 8980524 8981643 8982717 8983950 8985549 8989365 8990614 8995078 8996680 8999025 8999886 9002138 9003882 9006356 9008743 9010094 9011331 9014954 9016994 9019479 9023915 9024785 9026636 9028478 9029914 9031342 9032180 9033068 9034896 9037276 9038449 9041781 9042599 9043990 9045274 9045835 9047536 9049002 9051198 9052713 9053750 9054622 9056349 9057546 9059912 9061919 9063387 9065326 9069419 9071521 9072618 9073892 9075463 9076343 9077881 9078722 9079723 9080401 9083401 9085310 9086395 9087354 9091293 9092171 9096850 9099198 9100191 9101200 9103500 9105710 9107126 9108645 9109289 9111042 9113987 9115552 9116236 9118372 9119516 9120654 9122991 9123681 9128724 9131375 9132457 9133404 9134581 9139265 9140514 9143648 9144400 9145837 9146619 9147488 9148641 9149642 9150900 9153442 9154538 9156042 9157375 9158912 9161003 9164817 9167650 9168815 9170171 9171335 9172494 9173436 9174565 9176081 9176923 9177816 9181305 9183474 9184695 9187233 9188206 9189310 9191053 9193079 9194365 9195449 9197285 9202133 9203624 9204889 9206530 9207656 9211607 9213914 9216093 9218856 9221231 9224378 9225872 9230637 9232244 9233114 9234250 9235191 9237951 9240086 9241358 9242143 9243517 9244729 9247085 9249630 9251390 9253307 9254020 9254775 9256850 9257536 9258545 9260464 9268672 9269543 9270464 9271646 9273111 9275329 9275910 9277110 9280503 9281805 9285292 9289925 9290959 9291868 9294024 9295598 9297958 9298657 9300305 9305030 9306885 9309503 9310260 9313358 9314647 9315326 9316120 9317871 9318993 9321097 9321706 9323735 9326173 9328155 9329616 9331712 9332300 9335223 9338084 9339559 9340580 9341542 9342210 9345071 9347421 9348233 9349421 9351510 9352227 9353122 9354992 9356938 9359255 9360639 9362111 9363344 9365820 9368729 9370917 9371708 9376091 9378154 9379012 9380546 9382204 9386352 9387537 9388512 9390347 9391637 9392669 9393403 9395148 9397643 9399577 9402215 9403263 9404675 9407406 9408878 9409773 9411059 9412189 9414077 9416098 9418622 9420519 9421750 9422875 9424014 9426309 9428192 9430291 9431765 9432903 9437167 9438229 9439653 9441291 9442518 9444037 9445306 9447163 9448442 9450031 9451164 9453902 9454805 9455980 9456960 9461137 9462118 9465212 9466706 9467510 9470102 9472334 9474042 9475324 9476742 9477322 9479341 9481928 9482986 9485491 9488208 9488964 9490465 9492415 9495921 9497061 9499065 9501590 9502788 9504223 9504905 9506025 9508402 9510815 9512833 9514673 9515315 9516376 9517423 9519302 9520517 9522907 9523352 9525244 9526756 9528686 9529597 9530319 9531481 9534795 9537014 9538637 9539463 9540906 9543223 9543918 9545554 9546644 9547265 9548874 9551280 9552454 9554454 9556301 9557645 9559321 9560207 9562263 9564316 9565980 9567210 9568501 9572477 9573328 9574149 9575154 9575989 9577527 9580302 9582931 9584188 9584860 9585846 9587397 9588300 9589417 9590351 9591685 9593207 9594137 9596019 9596802 9597744 9599326 9600180 9600868 9602861 9604234 9606373 9607797 9611313 9612281 9615089 9616160 9617178 9617759 9619696 9620609 9621572 9623968 9624780 9625956 9627612 9628812 9629579 9631561 9633009 9636721 9638947 9640764 9642797 9644190 9644824 9645904 9647304 9649781 9650572 9652357 9654337 9658024 9661149 9665830 9667955 9669359 9670604 9671538 9672817 9674362 9676064 9677233 9679753 9682058 9684409 9685575 9686893 9688994 9690514 9691441 9692942 9695184 9696141 9698981 9703624 9704961 9706032 9707878 9708907 9710885 9712069 9713857 9717288 9719200 9719837 9721626 9723119 9725685 9726708 9727610 9728803 9730155 9731615 9732748 9734915 9737207 9738792 9744199 9744948 9746088 9747767 9750197 9751684 9752901 9755084 9759470 9761561 9763742 9764883 9766064 9768463 9769320 9770697 9773771 9774969 9775913 9778410 9779963 9781092 9782066 9782828 9784705 9786192 9787350 9788207 9789513 9791252 9793121 9795563 9796935 9803178 9804179 9806065 9806917 9808308 9808880 9809680 9810575 9814623 9815258 9818545 9820105 9821455 9822714 9825102 9827518 9828418 9829309 9832462 9834655 9835495 9836559 9837815 9838614 9839376 9841021 9843950 9845199 9846672 9847822 9848675 9850849 9853162 9855254 9856386 9860884 9862121 9863186 9864582 9866400 9868808 9869798 9870911 9872952 9874894 9877201 9878382 9880864 9882706 9884283 9885332 9886728 9890621 9892867 9893720 9895240 9900049 9905065 9906940 9907857 9910541 9912856 9916903 9919495 9921043 9922526 9923723 9924457 9925569 9926121 9929417 9930267 9931256 9932843 9935932 9936691 9938230 9941469 9943199 9947032 9948465 9950216 9952417 9953402 9956441 9957567 9960131 9960833 9961708 9962767 9963744 9964816 9966763 9968156 9971332 9972919 9974265 9978024 9982951 9985583 9989277 9991162 9994684 9995844 9996947 9997711 9998664 
</Matrix>
<Matrix name="Neuron_214" type="complete" rows="1" columns="3919" multiplier="1.0">
   2522 5051 12937 14122 15488 18820 20415 22119 24531 25749 28232 29666 34997 36825 40598 45351 46170 47836 51768 53913 56040 59910 62605 64711 68251 69181 70336 73109 73949 78129 82913 85970 87856 92706 94064 98269 99354 103701 105265 106294 107077 110191 114978 120440 122227 125314 126906 129797 132048 134105 135004 136487 139385 141263 142993 144218 145317 146805 148522 149917 152203 153179 157071 160256 161969 163198 164226 165586 166940 168619 170487 174353 178606 180073 180973 182184 185874 190367 191550 192230 194986 196195 198737 201105 209066 215493 216925 218326 221229 223547 224984 229000 233011 234085 236612 239783 243299 244584 246443 248992 253380 254565 255731 256724 260575 262688 264669 268379 269566 271778 272515 273365 276245 278197 286330 287564 289363 290164 291062 293978 299160 301736 304170 313934 316980 317673 320458 321268 323472 324860 326463 327559 334720 335706 338313 340168 346147 348152 349651 350767 354255 357689 358586 360761 362475 363922 366158 370910 371825 373587 377748 379671 381121 383767 386802 388508 389073 391653 392595 395936 396782 401419 402313 403827 405166 406175 409180 410298 411524 415135 419605 420852 424591 425483 428372 429618 432313 434084 436004 439416 440572 444137 448352 454636 456207 460549 462140 465524 466785 469057 470166 471895 474693 475868 477641 480504 481891 483261 485115 486586 488862 492070 497704 499198 505783 507212 510222 511601 513291 516078 517803 519519 520610 524011 524801 526111 528172 529372 531342 532806 535023 536958 540791 541522 542885 546696 549311 550658 554076 555395 561947 563249 570418 571478 574968 576547 579430 582214 584018 587286 588141 590382 596568 601524 603341 604710 605902 606976 609553 611887 617618 619003 623035 627740 636145 637817 639821 645774 647338 648890 651080 653521 654433 655563 658805 661786 663857 666318 675373 676501 681998 684042 686182 689101 690082 691239 694440 697066 698154 700001 702694 705356 707854 709808 712870 714245 716258 717691 719846 721476 722497 724092 724933 728099 728870 730398 731648 733118 734084 738257 739965 741097 743164 745004 748444 751329 753782 755427 758621 760203 762076 762944 763904 765088 766163 768526 771981 775893 779926 780915 784118 785728 787807 792551 794012 794861 796507 798591 800399 802240 807706 808925 811293 814139 822956 824434 828749 829503 830896 835936 837378 841567 843206 846586 850888 852314 856545 860828 861917 864058 869103 874437 875322 876949 879130 880513 882196 884028 885408 886187 889319 890558 891934 895391 899947 901650 905518 907257 911171 913199 916258 917080 922453 924367 929591 934614 936238 938001 938924 939730 943384 945286 950541 952980 953992 955112 957298 957764 965134 969207 975883 991141 992595 996969 998864 1000930 1004236 1005071 1011341 1013733 1015702 1017505 1019734 1023602 1024500 1026077 1028571 1030570 1031330 1037199 1042018 1046044 1049094 1050060 1051643 1055056 1057751 1059831 1061145 1065666 1066627 1067456 1068684 1070470 1074274 1076724 1080157 1081672 1083129 1085512 1088252 1090510 1092086 1093587 1097612 1098889 1109334 1110881 1114026 1116200 1117594 1120539 1124880 1125705 1129923 1133075 1133932 1135195 1136938 1138144 1140787 1141817 1147240 1149193 1150352 1151997 1154375 1159219 1160658 1165950 1166871 1168111 1170658 1171923 1176513 1178778 1180212 1186076 1188728 1192915 1197757 1199512 1201749 1204490 1207149 1210661 1211644 1214288 1216818 1218924 1220619 1224105 1227419 1228417 1229522 1232478 1234199 1236586 1239380 1240416 1244073 1247264 1249349 1251884 1253970 1256517 1257465 1258853 1260527 1264496 1269993 1272247 1275742 1277250 1279131 1285347 1286622 1289324 1291360 1292847 1295521 1297819 1299817 1302249 1302813 1304391 1305482 1307524 1310144 1311248 1316224 1319187 1320730 1325999 1326751 1329723 1331574 1335057 1336952 1338002 1342738 1350015 1351861 1353632 1355707 1358845 1360268 1361333 1363365 1365766 1367100 1369688 1372969 1376824 1378775 1381708 1384383 1391822 1393991 1395715 1398260 1399396 1400528 1404327 1405426 1406734 1409317 1411214 1413161 1415691 1417608 1419428 1420826 1422204 1423633 1425169 1431203 1434901 1436221 1438997 1440286 1443355 1446552 1447770 1451421 1457747 1461168 1463885 1466463 1469227 1470173 1471074 1473565 1474952 1476356 1477883 1482113 1484031 1487407 1489966 1491705 1494341 1496620 1499940 1501761 1504427 1507114 1508406 1511434 1512744 1513871 1514618 1517650 1519407 1521229 1522217 1525772 1527431 1529876 1533157 1537973 1539515 1541804 1544739 1548345 1550202 1551793 1553125 1555102 1564817 1567362 1568601 1571384 1572396 1573750 1579190 1581166 1585105 1586491 1589066 1591765 1592855 1596114 1599958 1600967 1603561 1604604 1612349 1616659 1619740 1622481 1624177 1625545 1626722 1628819 1630883 1631710 1633310 1636759 1637951 1641060 1644152 1645262 1648137 1651521 1654626 1655688 1658749 1660227 1661433 1662064 1663692 1669740 1672309 1673620 1678300 1679984 1681847 1684336 1685175 1687837 1689206 1690345 1691793 1693305 1698598 1705061 1707331 1709422 1710807 1712991 1719127 1721736 1722811 1726022 1728131 1733841 1736690 1738162 1740580 1741770 1743270 1744125 1744981 1748936 1752180 1754474 1756928 1758201 1761990 1764211 1764978 1773780 1774756 1777690 1780978 1782799 1787698 1788674 1791110 1792637 1793453 1797321 1802970 1804950 1805913 1812034 1814067 1821591 1822826 1826326 1827221 1828453 1829126 1830127 1830878 1832438 1835540 1836525 1837462 1838342 1840283 1841432 1844158 1845267 1846062 1853170 1858559 1860182 1865701 1866903 1869983 1872316 1876804 1877609 1879296 1880842 1887187 1889835 1892374 1894239 1895702 1901228 1903223 1906630 1907350 1913213 1914112 1915328 1916749 1920757 1922959 1926930 1928268 1929725 1931125 1932039 1934795 1937232 1938095 1940230 1940882 1942061 1943631 1944543 1948325 1949783 1951988 1953638 1954585 1955204 1959295 1961066 1962842 1965295 1966061 1967132 1969710 1970637 1973709 1976582 1977699 1981710 1983402 1984336 1986478 1989821 1990818 1994578 1996438 2000783 2001944 2002718 2003704 2004789 2006492 2008486 2011169 2012598 2013756 2016077 2018446 2020310 2025317 2026124 2030725 2031958 2034214 2037090 2038205 2043225 2048947 2051151 2055081 2061901 2067268 2068170 2069147 2071353 2072734 2073644 2077517 2083777 2085194 2088331 2089928 2090929 2092005 2093088 2096168 2096927 2097850 2099636 2102713 2109943 2111368 2117609 2124591 2128003 2136384 2137555 2139745 2146002 2147740 2148795 2152927 2155898 2159811 2161340 2163688 2165803 2167899 2170842 2175250 2176512 2177622 2180044 2181551 2191469 2193226 2195037 2202870 2206638 2207445 2214718 2219233 2225200 2226774 2228014 2229306 2232044 2232937 2234094 2235238 2236702 2239627 2242046 2244674 2246333 2254447 2255502 2256784 2258856 2262463 2268604 2269261 2270634 2271817 2273861 2278544 2281424 2282889 2284015 2284803 2288310 2289984 2290970 2293858 2295132 2297850 2302616 2305069 2310630 2312522 2313802 2314791 2315611 2317785 2318856 2320134 2321584 2325358 2329885 2331486 2333351 2334377 2337153 2338099 2338815 2341550 2346585 2347515 2349518 2351722 2352521 2354619 2356106 2357801 2359449 2366267 2368420 2371831 2372796 2377374 2392523 2394560 2399097 2401413 2404167 2405886 2407985 2410206 2412675 2418041 2419203 2423205 2428552 2432339 2434270 2437482 2440892 2442804 2444475 2446002 2448847 2450335 2452349 2454716 2459753 2461956 2463464 2468141 2472425 2474635 2475860 2477115 2479383 2482551 2484027 2484923 2493367 2494324 2501913 2502988 2504641 2508408 2510946 2512491 2515248 2517576 2521026 2523483 2524822 2527348 2529316 2530916 2534585 2537415 2539119 2540874 2552879 2555984 2557155 2558178 2559343 2560743 2562066 2562987 2565878 2568255 2569599 2571562 2572392 2574469 2576686 2580125 2584106 2585706 2590549 2592251 2593441 2595387 2598847 2600652 2602278 2609596 2612133 2614523 2616828 2621085 2622703 2624530 2628461 2630393 2634513 2635953 2637426 2640170 2641786 2644683 2646202 2647541 2649567 2653752 2656424 2660036 2668041 2672497 2674622 2676399 2679116 2679971 2683997 2685146 2686030 2686910 2689329 2692168 2694713 2706269 2707606 2710228 2715235 2719001 2720520 2722364 2726743 2730110 2731091 2736677 2737691 2739837 2744254 2749671 2750501 2753172 2754926 2759660 2766337 2768782 2774457 2776469 2779578 2782409 2783695 2784497 2785720 2786808 2790618 2792768 2793995 2797298 2798892 2800172 2802431 2805521 2809306 2811659 2814141 2815432 2817165 2820725 2822790 2825599 2827792 2829448 2834297 2835729 2837460 2839222 2840303 2842132 2846176 2847311 2847969 2850983 2851769 2853050 2855929 2858557 2863297 2866232 2868123 2869372 2870632 2872007 2877219 2879775 2881192 2882481 2886963 2888753 2890163 2891617 2893797 2894815 2896534 2898025 2899399 2900981 2902465 2905788 2908252 2909518 2917875 2920034 2921211 2924307 2926682 2931569 2933653 2934728 2937406 2941571 2944194 2945936 2948827 2950648 2952483 2955938 2963787 2966950 2968706 2974099 2975404 2977138 2980055 2981525 2985031 2987770 2990821 2993408 2999633 3000944 3003505 3004846 3006962 3009641 3010457 3012862 3016149 3017935 3020971 3021701 3025130 3028105 3031563 3034372 3038924 3040944 3044304 3047627 3049866 3052624 3053937 3057746 3058657 3059936 3061093 3065383 3066547 3068260 3079143 3081777 3084333 3086222 3087405 3089291 3090659 3091474 3095360 3095983 3097841 3099288 3100814 3102095 3106831 3108514 3111817 3115924 3118242 3120185 3121409 3125593 3126839 3133111 3136974 3138203 3142972 3146434 3149718 3151432 3152282 3154391 3158545 3163964 3168147 3169861 3173412 3175520 3179257 3180996 3183761 3185239 3187452 3189919 3192723 3193676 3197261 3198717 3201097 3202616 3204905 3205679 3206916 3208572 3210288 3213412 3214910 3216734 3219982 3220958 3223401 3226517 3227820 3229724 3230878 3237037 3239264 3241099 3244035 3252326 3256506 3258042 3260448 3262760 3263890 3265316 3269755 3274539 3277618 3278496 3280215 3282562 3285130 3289258 3290926 3292975 3296549 3298052 3303025 3304670 3305988 3309146 3309938 3313189 3313933 3316603 3318405 3319381 3322996 3324025 3325532 3328210 3329461 3330948 3332810 3336407 3338040 3339634 3340465 3343253 3344348 3346799 3351909 3355812 3357945 3359426 3361036 3363543 3364312 3370417 3371540 3375406 3376190 3378640 3381018 3384062 3385212 3391251 3394291 3395793 3398142 3399885 3401612 3407909 3410479 3411708 3414463 3415982 3420089 3421005 3422092 3424418 3425346 3426560 3429510 3432913 3433647 3437781 3443700 3448024 3449639 3457349 3460203 3461399 3463978 3465121 3466502 3467991 3470222 3473583 3475754 3477840 3480555 3483707 3485462 3487655 3488617 3491849 3494348 3495967 3500767 3502868 3509740 3514053 3518686 3520847 3522969 3525993 3526850 3527958 3536491 3542096 3546800 3547807 3548753 3552458 3555805 3558193 3561560 3564627 3569754 3570836 3572595 3574015 3577326 3578878 3585243 3596788 3598824 3602947 3604987 3606839 3608727 3612190 3614816 3616226 3620867 3622621 3623550 3626413 3628555 3630743 3631942 3632965 3635108 3642984 3646965 3648036 3648847 3653551 3660954 3662266 3663170 3664197 3665466 3669953 3674311 3676904 3680254 3681532 3683319 3688410 3690792 3693858 3694850 3698922 3700921 3704853 3706212 3707408 3708627 3709888 3711571 3715205 3721450 3722400 3725300 3727351 3730515 3731918 3734514 3735990 3737707 3739490 3740517 3742390 3744002 3745802 3748943 3751375 3753095 3755206 3756380 3758048 3759813 3760839 3761767 3762728 3765223 3770051 3771888 3773324 3774747 3777317 3780799 3782141 3783552 3784704 3786171 3788927 3792913 3797013 3801571 3803498 3810621 3811837 3814933 3816358 3817451 3818631 3823385 3824711 3826915 3828426 3832547 3834945 3839576 3842240 3843318 3847737 3851391 3853377 3854315 3856271 3860390 3862542 3863994 3868439 3870638 3871908 3873010 3874246 3876040 3879813 3881598 3886660 3887766 3888787 3890643 3891552 3894416 3895696 3898019 3901970 3905385 3907930 3910837 3911569 3914686 3916059 3918351 3923984 3928313 3932040 3933699 3934987 3936344 3941937 3943715 3947208 3948895 3950718 3954836 3956579 3958269 3960894 3962500 3966414 3968220 3969282 3973429 3974605 3976967 3978270 3979245 3980065 3982532 3984482 3985530 3987931 3989620 3991035 3993358 3995972 3997832 3999205 4000728 4001681 4004896 4007883 4009299 4011938 4013668 4016675 4018103 4018790 4020240 4022209 4023265 4026494 4027419 4029261 4031656 4034320 4035793 4040193 4042180 4043721 4045486 4046593 4051806 4054357 4055800 4063868 4065044 4066613 4068060 4069597 4070864 4072788 4074672 4078205 4080714 4085830 4087356 4089862 4091312 4092196 4093602 4095528 4097036 4098023 4100567 4101838 4103668 4105964 4106787 4109616 4110939 4112264 4114159 4116269 4119047 4121089 4127364 4129327 4131112 4132953 4134321 4137243 4140818 4145829 4148013 4150287 4152997 4155081 4156373 4157648 4159217 4161353 4162123 4163331 4164335 4171485 4175983 4178065 4179931 4189802 4191097 4192828 4197401 4200475 4202482 4203466 4205079 4206922 4208255 4212153 4215363 4217493 4220287 4222597 4223675 4225080 4227325 4230926 4233626 4234648 4238561 4240606 4245186 4250347 4252839 4254217 4256659 4258282 4259571 4260454 4262538 4263442 4273237 4274941 4280132 4281616 4283819 4284679 4285855 4287083 4290782 4296433 4298710 4301662 4305004 4306659 4311012 4313380 4318070 4319181 4321421 4323573 4326336 4328296 4330404 4332279 4333975 4335310 4336939 4338338 4339459 4342138 4343402 4345154 4348287 4349445 4350652 4355856 4356982 4359445 4364268 4366153 4368178 4370054 4371734 4373203 4374433 4377570 4380625 4381372 4382465 4384204 4385980 4387932 4389628 4392056 4398244 4399003 4402372 4404821 4407011 4408958 4410302 4412830 4414278 4419215 4426049 4427912 4429237 4431420 4432305 4433466 4441730 4449203 4451416 4453181 4454835 4456400 4458939 4460194 4463412 4464780 4467083 4469142 4470157 4471638 4472908 4473657 4477721 4478857 4481210 4482815 4484819 4486517 4488027 4491106 4493132 4494039 4495238 4498867 4501507 4502344 4503277 4505577 4508148 4509541 4511565 4513049 4515587 4516794 4517794 4519626 4523949 4532039 4533772 4537425 4547768 4553201 4554058 4555699 4560087 4562677 4567621 4569733 4571944 4573594 4574779 4575806 4576874 4578995 4580995 4583916 4587296 4589243 4590546 4592095 4592706 4593736 4597342 4598469 4599794 4603727 4611471 4614189 4618178 4619865 4620653 4622164 4629789 4632806 4634111 4639727 4641728 4643038 4644755 4645488 4649539 4651277 4654989 4659779 4662695 4665793 4668597 4669814 4670782 4671986 4673525 4680636 4682515 4685400 4687387 4688494 4689508 4691052 4693230 4694616 4696958 4698212 4699471 4703559 4709496 4710530 4712967 4713882 4715128 4717483 4718273 4720170 4722858 4724372 4725868 4729627 4735945 4739268 4743505 4744694 4745835 4750077 4756488 4760766 4764632 4768017 4769520 4771100 4776147 4777106 4778176 4779548 4781093 4784542 4785537 4787380 4789475 4791464 4793729 4794628 4800530 4803290 4804905 4809558 4811882 4814838 4817017 4824484 4826226 4827930 4829853 4831212 4833229 4834032 4841436 4843628 4848055 4849529 4852024 4855147 4857508 4861466 4862290 4867311 4870233 4873159 4874700 4879204 4880268 4885987 4889529 4891722 4892607 4897926 4899663 4900919 4902417 4903393 4904878 4910916 4912507 4914072 4915039 4917292 4918025 4923824 4925633 4930455 4936737 4942512 4945226 4947279 4948897 4950666 4951873 4953950 4955356 4957411 4958630 4963251 4972531 4975844 4976640 4982220 4985668 4987887 4989757 4991384 4993953 4995393 4996388 4998026 4999234 5001141 5004258 5008065 5009299 5010159 5012333 5014437 5017075 5018043 5024462 5026136 5027063 5028556 5029769 5031117 5034488 5037797 5041704 5043045 5046642 5047563 5049728 5052352 5052968 5056310 5059141 5059809 5061183 5062827 5064977 5066367 5070778 5072384 5073499 5077245 5083603 5085970 5087232 5089212 5092282 5095130 5096779 5101765 5103708 5112229 5113248 5114168 5115013 5116485 5119344 5120188 5122205 5123049 5124205 5125432 5126900 5129377 5135197 5136944 5138067 5141647 5148040 5150017 5153462 5161266 5162852 5165404 5166574 5168074 5170295 5173340 5174881 5179238 5180736 5184134 5187524 5188970 5194661 5195436 5198806 5199783 5201880 5205869 5214871 5215873 5219402 5227438 5232519 5234255 5235559 5238596 5239659 5240806 5242811 5243740 5246827 5250714 5251407 5257254 5259856 5261778 5268195 5271078 5274911 5275992 5279139 5281300 5283412 5289472 5290870 5293651 5298420 5300517 5302091 5303228 5304338 5307090 5309162 5312399 5313832 5316005 5321693 5327410 5330272 5330926 5333634 5336133 5337413 5344948 5347188 5348775 5353784 5356964 5358639 5361412 5364281 5365720 5366818 5368394 5371181 5373056 5376325 5377968 5379633 5382421 5386257 5387841 5393080 5399252 5401230 5402370 5406109 5408455 5410886 5411870 5413013 5418228 5421114 5427255 5428412 5429622 5431759 5433114 5435147 5436094 5437461 5438519 5440251 5445024 5446530 5448372 5452337 5455585 5459536 5460716 5463106 5464455 5465291 5469471 5472721 5473749 5477908 5480478 5481934 5483171 5484302 5485690 5486723 5489195 5490298 5491376 5492693 5495043 5496560 5499668 5500358 5501623 5503889 5507163 5508172 5509245 5510281 5511699 5513626 5514721 5515521 5516277 5519156 5521909 5525648 5526921 5528676 5530813 5532839 5537881 5538530 5540157 5541465 5542800 5546181 5547438 5553872 5555064 5558112 5560109 5562008 5564231 5567279 5572268 5576570 5578368 5581145 5582674 5586062 5588411 5592865 5594390 5599222 5601305 5604299 5605483 5607448 5608189 5609599 5614721 5616940 5619731 5621723 5623670 5625010 5626279 5631932 5635542 5637504 5638111 5639627 5642297 5644249 5647384 5648884 5650757 5652160 5653625 5654685 5658636 5659582 5660873 5662845 5669197 5669833 5671609 5672869 5674034 5675607 5676866 5681775 5683945 5686780 5689164 5689809 5691060 5692814 5694902 5697775 5699030 5701800 5706024 5707018 5715149 5716990 5718958 5720263 5721139 5723179 5724786 5727196 5729193 5735156 5738334 5743046 5744266 5747252 5749736 5752179 5754353 5755931 5757702 5758737 5760956 5761977 5763261 5767293 5773851 5777997 5778858 5782343 5784878 5787255 5788386 5793990 5797411 5798603 5800133 5801835 5806163 5806907 5809793 5813136 5813958 5818911 5819976 5821991 5823512 5825248 5827376 5829160 5830441 5832203 5836162 5836925 5840030 5840864 5841992 5842828 5845305 5846990 5848089 5851204 5852908 5857380 5858361 5859411 5860488 5862756 5863533 5866946 5869682 5870809 5872374 5877364 5878160 5882445 5883633 5884737 5885887 5890644 5892088 5892757 5898028 5901863 5905544 5909349 5912111 5912749 5913759 5914766 5916622 5919425 5921353 5922181 5923424 5926411 5931070 5932138 5934959 5936809 5938391 5940141 5941202 5941805 5943234 5945661 5948040 5951077 5951960 5961801 5965323 5966448 5974706 5976003 5983180 5984731 5987983 5995007 5996620 6000921 6002715 6004373 6005585 6009201 6010536 6012723 6016069 6017270 6019598 6020522 6022232 6023274 6024477 6025814 6027470 6028389 6030802 6033511 6034420 6036196 6038601 6039946 6044892 6046981 6047975 6049546 6051421 6052768 6055265 6056512 6058027 6058785 6059759 6063634 6064566 6065933 6068013 6068839 6071403 6072993 6078467 6081106 6082733 6084452 6088329 6089279 6091574 6093562 6094671 6096750 6097923 6100669 6102415 6105331 6106294 6107357 6113300 6115233 6116402 6118059 6119645 6123154 6126085 6128303 6131491 6132686 6136624 6138398 6141427 6146717 6147608 6153612 6155428 6156839 6160423 6161655 6166452 6167734 6172278 6174783 6180937 6181513 6182400 6184731 6193138 6194211 6195659 6198988 6200719 6202604 6204642 6205976 6207364 6208794 6210075 6212119 6213561 6215373 6217997 6220154 6221201 6227200 6233426 6239444 6242596 6244262 6249396 6250169 6252083 6252785 6254152 6255124 6258343 6259436 6260549 6264647 6265729 6268216 6270541 6271492 6278740 6280010 6281105 6283550 6289448 6290996 6292601 6298659 6299519 6301570 6303240 6304515 6305510 6307279 6310422 6316367 6324032 6325016 6328232 6335582 6339309 6342609 6346238 6348512 6349896 6354578 6357653 6363067 6364481 6369723 6372496 6374906 6378211 6383215 6385449 6387675 6390806 6393004 6395765 6396565 6399608 6405647 6410774 6412318 6416156 6417048 6418461 6420850 6422644 6424957 6426089 6427255 6428452 6429838 6432152 6434146 6436667 6437751 6439351 6440496 6442199 6444151 6447399 6449524 6451071 6454177 6455414 6456761 6463402 6466193 6474701 6475999 6482140 6485353 6489412 6491674 6492977 6494201 6500314 6501934 6503480 6506628 6507513 6509326 6514015 6516933 6518583 6521407 6523090 6524793 6526050 6527780 6531712 6535898 6538880 6539822 6541563 6543818 6547141 6553172 6560759 6564980 6565900 6570592 6571935 6573743 6579150 6581767 6582841 6586095 6591636 6599727 6601050 6607096 6608588 6612303 6616679 6618211 6621056 6622439 6623710 6624513 6626344 6627769 6630778 6634378 6637598 6638614 6648302 6650552 6653164 6653968 6655592 6656360 6662494 6663212 6667942 6672788 6673951 6680956 6682923 6685003 6686468 6687712 6689081 6689895 6693276 6694264 6695280 6697961 6701550 6703982 6706918 6709949 6711967 6713372 6717229 6719418 6723201 6725330 6731261 6734624 6739398 6740950 6749274 6750262 6755666 6760214 6764496 6768453 6769210 6770532 6773495 6775623 6777759 6780000 6783148 6784831 6786545 6788806 6792017 6795546 6798517 6800152 6802496 6803669 6805168 6806293 6810790 6812089 6814260 6817321 6820038 6823963 6826132 6827202 6828637 6833765 6835348 6836956 6838867 6839782 6842560 6846840 6849186 6850952 6854191 6856063 6859823 6861095 6862740 6863443 6877457 6878392 6879109 6883172 6884229 6885494 6889481 6890669 6892375 6898160 6900267 6901419 6904483 6906269 6907619 6912892 6915581 6916680 6919333 6920155 6923122 6924386 6926371 6931354 6934663 6940914 6942847 6945132 6948562 6951077 6958340 6960726 6962795 6963908 6966179 6971283 6974485 6975991 6978043 6979547 6980933 6984084 6987262 6988422 6990059 6991493 6993219 6994512 6996190 6997264 6998734 6999565 7000797 7002182 7003535 7011696 7016128 7017711 7027423 7028077 7032001 7033931 7036626 7037213 7039798 7041816 7043212 7044390 7048379 7050323 7054390 7055911 7057214 7062766 7066307 7068479 7075261 7079220 7080652 7083760 7084861 7085686 7086374 7094638 7103613 7104735 7113142 7114924 7116407 7118172 7119340 7122626 7124105 7126006 7126713 7130018 7132074 7133796 7134988 7137913 7140255 7142054 7143546 7144924 7149239 7152187 7154029 7158580 7160216 7162612 7166179 7169851 7172959 7175885 7177035 7179129 7182531 7184356 7188271 7191040 7192653 7193763 7195450 7197196 7198606 7199239 7200782 7202487 7204526 7207458 7210485 7211853 7212839 7215465 7219066 7220765 7223060 7225131 7226766 7230860 7233645 7237972 7240934 7242186 7242928 7246114 7248698 7251186 7254843 7257640 7260327 7262572 7264488 7266057 7267036 7273495 7276870 7280928 7286163 7287710 7289066 7290163 7291336 7292765 7294845 7295871 7299913 7305503 7308032 7309860 7312235 7313694 7316364 7317904 7320833 7322195 7326002 7328014 7329796 7339383 7341217 7344360 7345493 7347223 7351015 7356716 7359107 7363257 7364051 7365486 7367094 7370325 7373702 7374551 7376991 7378804 7383252 7385500 7386400 7388156 7389911 7391318 7394206 7399247 7400496 7402139 7404255 7406606 7408677 7412072 7414154 7415971 7417296 7421043 7422437 7425156 7427996 7433789 7435024 7436106 7438654 7440635 7442760 7444861 7446555 7447440 7448507 7450707 7452230 7455660 7457815 7459516 7460786 7463778 7464895 7466208 7467945 7468887 7471636 7474849 7477420 7480127 7481916 7483360 7486048 7487190 7488239 7491412 7493679 7496612 7500828 7502473 7508008 7509592 7510842 7515320 7516451 7522256 7526498 7527817 7529547 7530559 7532349 7534110 7537469 7539967 7544291 7546160 7553986 7558318 7559053 7561308 7565608 7570186 7571454 7572307 7573983 7575567 7576960 7578151 7581118 7583954 7585603 7588262 7589653 7591327 7593961 7595527 7599220 7600571 7602196 7604145 7605610 7610297 7613656 7617594 7622543 7626261 7629717 7631433 7632190 7633706 7642332 7648170 7651509 7657086 7659748 7662280 7663872 7664814 7665595 7666326 7667633 7669344 7672350 7676053 7677604 7682237 7684235 7688196 7690180 7691776 7692589 7699564 7704300 7708260 7711614 7715265 7717141 7719446 7721587 7722717 7724854 7726195 7730305 7731899 7737378 7738298 7740146 7742531 7743311 7744552 7745794 7746813 7750389 7751981 7754444 7755214 7757040 7758943 7760625 7762643 7763358 7764948 7765677 7767919 7768934 7771416 7772887 7774141 7775678 7777452 7779380 7780949 7783412 7786215 7787152 7788355 7789586 7791793 7797148 7798229 7800565 7802025 7802961 7804474 7806603 7810183 7811829 7817682 7820009 7823259 7826075 7827032 7827793 7831663 7843859 7847245 7850838 7851874 7853006 7854021 7856621 7858323 7859935 7864491 7873559 7874809 7876445 7877621 7879221 7880139 7881318 7882449 7885130 7889354 7890934 7894764 7897460 7899107 7899999 7900827 7902163 7906320 7908526 7910182 7911347 7915275 7917008 7918166 7919334 7921730 7922921 7926726 7927634 7929668 7931185 7932270 7933024 7934534 7935718 7937731 7939540 7941313 7942538 7955284 7963292 7964338 7965213 7969018 7971007 7972127 7974084 7976246 7978470 7979802 7980920 7983249 7985348 7989393 7994001 7995535 7999560 8004968 8006967 8008709 8010952 8012703 8015142 8017602 8018572 8021722 8023005 8026242 8028133 8029278 8030803 8033095 8036009 8040219 8043057 8046319 8048131 8049934 8051892 8054616 8057045 8060113 8064526 8065669 8072262 8073974 8076523 8077733 8085081 8085923 8087185 8090289 8092960 8093792 8097268 8099231 8101256 8103161 8105808 8108431 8115914 8119223 8121982 8126864 8130697 8135644 8136684 8139743 8144575 8148228 8157731 8159315 8160538 8161529 8162119 8166834 8168068 8171694 8178385 8181734 8182846 8185159 8186023 8189114 8193078 8197274 8200131 8201638 8203395 8204538 8207086 8208418 8209848 8211549 8215020 8216312 8218375 8220056 8222095 8223129 8224587 8226225 8227477 8228521 8229419 8231066 8233461 8235868 8241205 8246530 8248894 8250832 8252261 8255650 8256745 8262650 8264600 8266822 8271255 8280629 8281749 8283556 8284551 8288211 8289278 8290692 8296688 8298374 8301291 8302788 8304067 8307382 8311369 8314089 8315492 8316537 8319737 8326445 8328403 8330676 8332229 8334485 8335397 8336744 8340827 8343997 8346978 8350299 8351337 8354622 8356133 8357023 8359789 8364396 8365469 8366960 8372770 8374347 8375702 8376858 8378314 8380457 8381298 8386786 8390198 8392066 8395248 8397007 8399153 8404001 8405179 8407976 8409001 8411482 8414282 8415401 8419837 8424844 8425913 8428192 8429620 8431125 8432722 8436379 8437110 8438543 8439942 8443618 8445029 8447625 8449283 8451256 8454439 8458710 8464277 8467443 8469182 8470993 8473540 8476063 8477775 8480126 8483838 8486145 8487257 8489394 8490431 8491939 8501793 8503035 8505353 8507493 8508387 8510181 8511188 8512583 8514882 8521034 8524401 8525759 8527309 8530587 8534486 8535973 8537175 8538107 8541900 8542748 8544642 8547188 8548680 8549908 8551181 8552216 8553685 8555991 8558838 8561085 8562767 8573966 8578351 8580750 8582526 8584225 8590699 8595538 8597150 8598163 8599163 8600935 8603035 8604958 8607735 8609318 8611646 8612604 8614728 8616180 8620249 8624430 8630180 8631203 8641696 8642921 8644387 8647355 8648974 8654512 8655775 8657596 8659707 8660995 8663706 8667772 8668857 8672352 8673799 8676968 8679157 8680410 8681323 8684231 8685261 8686845 8691331 8692116 8693979 8697020 8699507 8703090 8704098 8706518 8708961 8709805 8711526 8713674 8717858 8722336 8725122 8727229 8728614 8734410 8737797 8741597 8742886 8743875 8749925 8751181 8754203 8763075 8767958 8769845 8773105 8774996 8776261 8779521 8787375 8789243 8790034 8792477 8795629 8797439 8798450 8802680 8805808 8809006 8813727 8821712 8829664 8830541 8833602 8835880 8837383 8840090 8843671 8845198 8846339 8849636 8852524 8854532 8855871 8857387 8858046 8865827 8868499 8870798 8874328 8877147 8878055 8879679 8882081 8883284 8886262 8888136 8892964 8894212 8895324 8904448 8906128 8907440 8909954 8912982 8915254 8919834 8920795 8922222 8924147 8924996 8926468 8928008 8929240 8930162 8933543 8934964 8936824 8938056 8945036 8954677 8958079 8959356 8960421 8967618 8969938 8972970 8973971 8975230 8977144 8978463 8980704 8981832 8985509 8989534 8990562 8992058 8995686 8997094 8998831 9004750 9006175 9008512 9012377 9014465 9015345 9017621 9018969 9022831 9027732 9032924 9034575 9036549 9042294 9046476 9052791 9054106 9054928 9056984 9058312 9060309 9061074 9062809 9064666 9067987 9073220 9074011 9075942 9077317 9083210 9087328 9088392 9090777 9092144 9093276 9095609 9098051 9099214 9101581 9103195 9104130 9108154 9111430 9113625 9117724 9121790 9123820 9129291 9131953 9133194 9135046 9136358 9144018 9145879 9149586 9151337 9153955 9157599 9159432 9162517 9172121 9174825 9175903 9178026 9181468 9182676 9183951 9186758 9191387 9193698 9195631 9197850 9199319 9205955 9208136 9211118 9216652 9220234 9222223 9230573 9232253 9234943 9237292 9239238 9242496 9245323 9246237 9248908 9249953 9250917 9255020 9257009 9258037 9260851 9262762 9265052 9265846 9268975 9271765 9273748 9274887 9279952 9282030 9282628 9283272 9285544 9287326 9288277 9289692 9292655 9294625 9299718 9306067 9307538 9310645 9316855 9318474 9319554 9325039 9325969 9328071 9330808 9332918 9333877 9338689 9341757 9342445 9344115 9345879 9347296 9348063 9349828 9351846 9356122 9358278 9359448 9360920 9363452 9364352 9365839 9368624 9369787 9371368 9375321 9376315 9378338 9379289 9379981 9384876 9386505 9391356 9392982 9396121 9397343 9400904 9404210 9410429 9413828 9416375 9419261 9420933 9424529 9427743 9429074 9431913 9432730 9434848 9438139 9439790 9441254 9443494 9449251 9452072 9452840 9454659 9455402 9457604 9460712 9461806 9463530 9467456 9468492 9469514 9472097 9473621 9476841 9481846 9483419 9484336 9485523 9492280 9494067 9495922 9496935 9504239 9506027 9507416 9508969 9511565 9512691 9514736 9515919 9518079 9522840 9525505 9527275 9528675 9530897 9534448 9540737 9546961 9548000 9549398 9555339 9557751 9560565 9562915 9563780 9565150 9566985 9571208 9572954 9574297 9576908 9580034 9582075 9587082 9591404 9593751 9594882 9596125 9597171 9603819 9605585 9608783 9610136 9613031 9614786 9616339 9620627 9623084 9629039 9634143 9635869 9637115 9639849 9641277 9642621 9643787 9647214 9652540 9656120 9664781 9665819 9667368 9669728 9673231 9676196 9678513 9682123 9683471 9686870 9692651 9695735 9697684 9700539 9701687 9705915 9707802 9708999 9711460 9713412 9715177 9716494 9720811 9722533 9724794 9726817 9729553 9731437 9732970 9734295 9736390 9741428 9742032 9746894 9748540 9750144 9751696 9752381 9754978 9756850 9758304 9760374 9767936 9769274 9770459 9773876 9775868 9777737 9778879 9780109 9786770 9787924 9788919 9790872 9794100 9796032 9797351 9800463 9801785 9802746 9805821 9809453 9820299 9827112 9828777 9831132 9833002 9834106 9835435 9836677 9838522 9839442 9845741 9847113 9848353 9850736 9852620 9855517 9858186 9859054 9859930 9862506 9863297 9866060 9867650 9869953 9871580 9876705 9879334 9880105 9884424 9887532 9893364 9896067 9898079 9900877 9902497 9904979 9905829 9909068 9913047 9916069 9918807 9922830 9924168 9927807 9938792 9939917 9941603 9942394 9943319 9945247 9949564 9956399 9957277 9958434 9961635 9964277 9966326 9968213 9980267 9984035 9985754 9986681 9988793 9989793 9995494 
</Matrix>
<Matrix name="Neuron_221" type="complete" rows="1" columns="1407" multiplier="1.0">
   2932 6061 14564 17298 30913 33353 35374 37430 42468 62445 63363 64930 69730 71065 76694 78464 82422 85682 87267 88619 91119 95233 105003 106130 109776 126228 139932 149669 160833 169535 171189 179092 181258 184654 187813 191172 196889 210385 213343 223376 227262 233816 235939 244408 245719 269190 270575 275745 281449 293865 297235 309628 314155 324524 326074 328702 339514 346607 352225 353472 358198 365652 371063 385260 389299 390567 391820 415968 418178 420156 426031 435840 441970 443884 464298 465686 473855 484209 486552 490477 491825 496863 506302 509516 512900 518381 527475 541707 543769 553863 559374 566925 579266 583213 588670 590781 594310 601105 605917 606553 613353 638008 640097 646173 648026 649945 656405 657880 665515 674493 680220 689945 702359 720412 724494 726668 729834 734906 737754 774317 786684 795318 808240 816928 832106 837472 848568 861134 881590 912082 925482 940148 961847 962833 978313 989959 993535 999140 1004615 1014121 1019370 1025209 1030142 1034088 1037344 1062798 1063930 1068050 1069072 1070779 1072750 1074698 1079130 1101672 1114189 1115959 1119987 1139661 1143272 1146450 1147869 1149348 1150990 1155717 1167739 1170468 1172451 1175281 1189131 1194805 1195496 1197692 1203361 1206628 1221031 1224355 1245184 1247284 1262017 1277558 1279374 1284547 1294625 1310731 1322052 1330729 1336896 1361891 1369785 1372226 1378986 1384067 1386559 1390752 1393156 1395203 1402995 1405857 1419061 1427302 1441418 1450718 1463554 1469162 1472780 1476640 1488467 1495443 1498339 1510702 1511751 1523090 1534064 1542003 1548416 1551183 1554439 1558461 1562066 1569970 1570978 1580366 1581528 1584326 1586016 1623130 1625748 1627603 1634439 1638082 1641311 1646377 1648400 1658077 1659858 1677705 1681950 1683903 1685914 1688046 1692466 1699560 1706964 1714291 1718084 1724048 1730835 1742482 1745950 1754588 1757766 1782996 1788193 1803076 1814605 1822340 1825539 1831166 1834419 1839003 1839950 1847602 1855566 1858103 1861610 1871504 1879768 1882808 1894571 1921489 1928584 1933393 1941819 1951943 1959763 1972163 1973531 1981178 1987902 1995573 2008225 2013995 2029559 2034376 2045133 2054755 2072174 2086046 2088334 2089255 2091903 2099856 2107464 2113900 2126895 2136186 2137623 2143436 2148822 2149958 2164307 2175772 2181139 2183276 2201303 2212613 2219335 2226781 2238230 2249533 2261984 2266747 2275033 2276654 2281675 2283822 2287192 2294326 2298863 2304124 2308371 2311899 2319583 2324982 2337007 2348873 2357283 2369398 2371551 2374105 2378356 2379811 2390900 2393729 2395295 2398290 2407001 2411098 2417268 2421844 2433078 2439925 2443118 2456273 2465018 2469395 2478128 2481658 2484389 2490670 2504808 2539156 2544200 2545971 2550131 2553164 2556122 2565303 2569464 2574844 2592385 2595172 2602184 2607902 2625562 2627336 2630136 2631492 2637141 2641959 2643895 2658820 2660263 2665826 2686918 2688484 2692105 2695422 2704172 2711853 2714238 2719233 2723276 2740922 2747519 2753487 2766375 2768774 2775653 2779660 2793524 2801441 2812128 2824319 2827428 2831634 2839242 2846187 2851308 2854752 2872065 2874147 2876363 2886051 2888916 2893271 2901518 2905240 2908792 2910673 2913946 2923669 2926265 2946903 2953525 2960583 2965393 2969792 2975251 2981932 2985509 2988723 2990503 2992512 2998767 3000359 3004020 3006253 3009773 3012819 3015035 3026913 3031705 3036732 3055084 3062998 3084488 3095453 3097200 3112964 3115789 3135564 3138297 3140104 3144695 3146354 3147762 3156726 3160514 3168981 3172041 3175739 3185322 3196268 3224998 3235199 3237447 3239939 3243184 3246134 3283250 3284159 3285283 3286749 3293648 3302065 3310075 3325189 3332043 3333904 3339368 3353377 3356755 3363771 3375683 3383558 3387640 3391397 3400002 3401639 3403435 3415881 3419621 3421785 3423347 3426725 3440989 3446932 3465145 3471615 3472806 3484061 3494707 3497056 3509575 3513660 3516702 3518682 3534731 3565410 3570139 3581097 3582143 3598221 3599483 3601954 3606320 3622665 3628623 3639383 3644434 3648855 3653416 3657838 3659512 3673879 3676765 3687408 3692493 3695864 3698542 3712221 3726484 3746388 3750774 3756532 3758912 3762390 3769313 3771962 3778269 3779547 3812140 3815896 3817835 3820925 3833194 3838583 3848815 3849695 3855545 3857936 3869208 3881224 3899529 3917515 3926497 3936810 3941823 3945572 3947117 3949088 3968357 3971012 3972181 3980606 3987408 3989108 3991069 3994349 4003913 4005927 4009560 4015423 4020580 4030858 4037854 4052702 4057334 4061110 4064966 4075602 4081598 4088078 4102469 4106453 4115023 4117865 4119145 4122757 4125700 4129947 4135149 4146429 4147958 4154045 4162923 4164142 4171443 4174931 4179954 4189666 4198917 4211631 4223958 4230446 4233226 4234251 4239241 4243518 4259903 4261733 4269738 4271806 4275428 4277280 4285399 4290735 4301595 4302768 4310483 4324434 4352259 4359943 4368323 4374077 4378262 4388505 4389882 4392133 4411227 4418009 4429784 4440806 4451019 4457077 4474313 4475351 4478503 4492532 4498467 4506239 4508342 4514053 4520931 4529930 4538703 4557481 4563736 4565793 4567465 4578623 4580934 4586246 4590642 4594245 4598200 4612305 4618155 4629973 4631204 4632381 4646794 4667371 4694540 4697616 4698324 4701453 4710321 4714034 4721299 4724579 4728598 4730201 4733453 4740024 4748109 4756892 4766131 4768673 4772675 4774985 4780074 4788448 4789349 4801958 4810348 4834482 4840646 4845015 4861871 4862641 4866235 4867903 4873007 4875507 4879757 4884983 4891024 4897284 4899122 4903380 4915866 4917627 4923175 4936183 4940337 4951160 4967962 4969625 4989264 4990922 4996792 5000223 5005325 5008049 5013311 5016717 5045799 5047195 5049254 5062050 5069067 5070653 5072280 5094972 5099497 5120730 5125567 5133473 5138750 5144408 5154041 5158708 5164540 5181783 5184379 5199727 5212496 5216750 5220212 5227933 5236121 5254512 5260791 5275123 5276415 5280489 5300177 5310791 5315226 5317450 5321238 5323198 5329563 5331495 5341986 5359852 5374337 5377506 5381762 5410325 5413825 5416097 5418681 5419657 5432705 5436612 5443543 5445350 5465518 5480925 5488246 5502387 5507679 5511849 5522312 5527998 5531301 5537149 5539195 5551161 5555597 5560943 5581607 5590799 5629346 5633364 5656354 5658264 5660864 5670181 5684780 5706022 5715334 5728937 5739640 5751674 5758487 5763577 5766482 5768171 5772833 5784576 5787104 5796774 5806480 5813973 5825072 5835341 5846491 5852234 5860279 5862745 5865336 5868381 5873586 5876117 5881575 5893181 5896247 5907950 5909128 5910512 5916329 5918610 5924073 5926732 5933729 5937871 5952879 5958853 5963210 5966403 5986210 5987688 5990337 5998555 6003659 6004655 6046840 6054155 6062098 6067414 6070848 6083288 6089275 6091525 6095524 6103807 6110957 6112604 6128862 6129816 6136141 6143370 6151900 6167141 6168121 6174682 6181168 6182723 6187737 6192353 6195391 6196224 6221279 6224200 6230812 6237911 6246567 6248961 6263095 6267115 6268713 6284526 6288254 6289851 6292463 6294423 6321306 6323705 6329132 6331282 6337903 6343043 6349969 6353224 6354715 6359204 6360238 6364097 6375518 6379231 6381019 6389086 6390862 6403441 6405692 6409036 6412727 6414070 6434707 6452437 6455256 6459541 6465898 6468769 6470878 6479493 6491644 6503775 6520408 6524616 6528083 6532014 6537736 6543361 6546152 6550927 6555078 6564012 6571218 6580471 6584003 6595828 6596850 6609119 6629093 6632740 6634867 6655656 6658895 6666378 6667928 6669750 6682362 6688188 6697603 6698490 6703510 6707158 6714790 6720522 6725517 6743595 6749265 6759355 6764626 6765906 6774586 6786749 6790377 6796440 6828417 6832138 6835055 6835995 6837403 6841884 6846490 6849415 6852126 6860965 6863062 6865954 6887468 6889620 6895561 6903449 6911810 6913116 6918698 6921311 6924483 6930254 6938706 6956512 6961226 6962381 6963863 6967749 6969260 6981846 6988329 6994914 6999463 7001599 7019089 7023758 7025964 7033296 7035556 7036456 7053497 7069514 7094489 7097125 7104822 7110045 7111707 7127534 7146853 7148166 7153011 7162561 7165112 7166071 7168514 7172160 7175232 7185822 7191053 7192386 7196714 7197932 7206920 7209012 7210579 7220443 7230164 7233815 7234890 7235818 7251279 7256587 7261059 7269224 7270668 7276073 7289588 7292044 7297615 7299609 7302295 7303540 7309592 7311387 7317990 7320807 7330425 7333389 7335152 7336673 7352659 7356169 7364110 7367825 7369645 7377677 7379767 7389536 7395377 7399811 7401564 7406949 7412746 7422280 7429237 7433301 7438506 7446732 7450765 7454051 7477930 7482351 7489605 7502853 7519436 7532363 7534847 7552414 7562298 7572430 7578241 7580688 7583417 7584558 7592796 7594610 7596987 7602358 7616056 7626019 7630131 7635251 7641142 7644858 7647557 7653587 7655441 7668617 7679668 7700394 7712384 7718333 7723061 7744282 7745486 7747791 7753621 7755770 7758794 7769903 7777887 7783501 7787240 7823973 7824872 7830856 7842452 7854267 7859229 7869294 7871305 7887939 7898843 7907098 7909444 7918383 7930924 7937675 7946321 7956077 7957407 7959091 7961757 7963376 7967932 7976444 7984234 7985195 7988160 7990138 8002240 8005883 8007245 8011118 8013963 8015456 8025802 8033841 8044049 8058316 8059590 8061672 8090183 8098310 8099765 8104295 8118927 8123835 8128540 8134036 8144513 8162971 8171409 8183793 8185656 8192857 8193929 8202026 8206715 8210273 8215404 8217221 8227965 8232939 8238281 8244147 8246321 8260644 8262784 8279558 8287420 8291887 8314166 8319617 8324127 8325384 8329769 8337712 8340791 8341770 8343346 8348150 8356502 8375179 8378921 8386018 8392247 8401089 8410333 8420331 8424208 8425211 8440951 8446596 8448000 8450507 8452477 8467964 8469530 8470857 8479002 8481295 8491389 8494388 8499455 8505996 8511842 8513467 8523552 8535060 8542895 8545731 8548030 8554705 8558753 8561727 8567068 8568879 8589107 8594884 8603926 8608330 8611448 8614131 8624511 8629805 8644088 8656122 8666656 8675225 8683858 8697822 8704765 8710665 8713536 8714680 8723075 8727137 8735552 8744690 8747881 8748821 8754966 8759790 8762159 8771122 8793222 8797280 8803769 8814948 8816635 8823727 8828609 8836419 8842860 8844535 8850365 8858418 8888212 8898512 8900014 8900900 8904880 8909212 8913185 8921960 8934968 8937135 8940945 8952142 8974004 8975248 8977442 8988299 8994874 9001086 9025256 9039091 9048643 9050844 9056125 9057868 9058920 9075698 9079556 9080617 9082128 9089222 9094298 9096579 9099189 9117504 9126896 9131075 9134275 9137117 9144022 9159459 9166264 9175772 9182317 9183165 9189244 9190529 9195911 9197424 9205677 9216125 9217189 9219818 9225200 9228659 9235395 9238485 9239613 9244744 9248594 9257310 9259141 9275645 9329349 9332010 9334275 9347163 9352768 9356771 9361052 9361919 9375562 9386260 9389577 9392110 9407442 9409252 9412476 9431235 9447062 9453823 9454836 9456256 9467616 9471482 9474034 9476591 9484463 9494547 9504313 9510377 9518332 9521711 9526332 9543288 9544217 9546070 9549543 9552814 9557642 9565812 9569566 9575280 9578239 9583174 9586415 9596333 9599979 9603386 9636095 9653286 9667686 9669638 9678796 9684121 9688854 9689834 9690987 9726380 9731503 9744891 9747270 9760159 9764540 9768973 9772684 9777871 9780528 9803513 9807519 9834488 9835228 9842578 9851244 9858740 9860929 9873052 9875507 9887313 9890899 9899732 9904550 9912419 9917173 9918245 9919363 9923067 9955121 9956585 9960669 9968274 9971047 9979049 9985049 9986232 9995115 
</Matrix>
<Matrix name="Neuron_224" type="complete" rows="1" columns="4134" multiplier="1.0">
   2976 4270 7074 8769 11203 12615 16506 19326 23208 25718 27604 29644 30698 32242 34158 35274 38937 39800 42221 49858 53844 55889 59652 62640 63430 64504 67862 71216 73071 74597 75482 78078 80968 82308 85352 86361 86855 89037 92065 95614 103591 106755 108950 120645 122283 123768 127175 129618 133030 136566 137762 139192 141501 143969 146571 147527 148889 149586 151517 152817 154144 156991 158233 159701 167424 168573 169763 171332 176034 176920 181114 184498 186488 188461 190648 193677 195406 200549 201955 203273 204134 206517 208840 210785 211853 213514 217417 219136 222495 225244 226654 227535 228802 230393 234903 235976 238969 239686 241749 245719 247080 248407 249686 252097 257290 264833 266931 268849 271028 273642 275967 282910 284269 286911 293700 298372 299837 303114 304811 306672 309629 310804 317506 318388 318930 325842 326828 327814 329002 330067 331972 334848 336956 337825 338506 339210 341635 342660 343722 347093 347960 349950 350975 353045 356280 357598 360782 361889 363917 367666 371745 374084 382365 386037 388643 389543 390996 392422 398429 401195 402322 403043 404197 405790 410703 418877 421054 428142 430499 431171 433945 435743 437024 438718 442117 443539 446654 448416 451608 453693 455246 456549 457931 460697 462925 463801 464906 474942 475781 478364 480860 486556 489219 490108 491374 498256 499282 500467 501615 502558 504616 507426 510759 511603 514295 515074 515959 517627 521117 522922 525106 526503 527214 529271 534316 535470 536256 539961 541319 543162 545710 547666 548369 554807 557047 558550 560054 562305 564785 567966 572628 579674 582164 583524 584531 586107 587072 588663 590607 593624 595301 597378 599229 604375 605929 608723 611592 612997 613894 615002 617562 619637 622597 625014 626613 628053 631067 631853 633017 633856 639416 643049 644923 646030 648643 649960 651020 655182 656239 658290 659800 660992 663235 664934 668114 669782 670901 672449 673858 675791 684743 690633 693486 696270 697487 699291 701512 702492 703836 706765 708554 712034 713773 715084 718482 720412 722913 724730 725591 726868 728937 730437 731840 733558 734458 738021 740820 742318 743292 744754 747122 751810 753728 755264 757885 759178 762572 763953 767479 772504 774257 776492 779006 782770 787948 789631 791341 793767 794605 795529 797510 798948 802319 803173 804919 807596 809036 811882 813246 815796 817416 818465 821614 825845 826670 829926 837188 841735 847544 850673 852662 853597 854785 856023 858862 860087 862422 864552 866590 869703 870704 874118 876609 878250 881269 883133 884121 885282 889616 891855 894668 896022 897430 899705 902478 903872 905074 906244 908460 910144 913999 918153 921651 924144 926619 927770 933545 936289 937317 939700 944551 947747 948718 951621 952488 954499 956222 957203 958069 966639 967578 968441 971236 973817 975944 980066 981776 987855 989579 992595 993678 995486 996545 998623 1000770 1003107 1006456 1013294 1015978 1017485 1022418 1028565 1031684 1033031 1040744 1041990 1046514 1048334 1049617 1051331 1052159 1054778 1057540 1061917 1062591 1063389 1065890 1069962 1070837 1073741 1078150 1081695 1082719 1083955 1087383 1089026 1091203 1097051 1100140 1105966 1107253 1110500 1113520 1114566 1118224 1120460 1121429 1122280 1123975 1128011 1129230 1130515 1131524 1132772 1134458 1136811 1138289 1139586 1140866 1145843 1151515 1152209 1155837 1161173 1163182 1164846 1169183 1170198 1171394 1172286 1175509 1177047 1181747 1185060 1188772 1193653 1195944 1198326 1200347 1202302 1205145 1207918 1213456 1214831 1217473 1219961 1221731 1222924 1225808 1226579 1227887 1229629 1231678 1233340 1234416 1236274 1240112 1241153 1242072 1244843 1245347 1252081 1254735 1255655 1259019 1259872 1263391 1264498 1266038 1267296 1270680 1272227 1274119 1277461 1279471 1280779 1281913 1283519 1284602 1286937 1291206 1293376 1296406 1299263 1300694 1304531 1306174 1308414 1310100 1312836 1314434 1316525 1318364 1321022 1322738 1327508 1332522 1336067 1340651 1342363 1344473 1345154 1347688 1349482 1352843 1353814 1358995 1361193 1361950 1365034 1367318 1368189 1369329 1373100 1376944 1379386 1380509 1384441 1386564 1387367 1394376 1395481 1396270 1397173 1401661 1402828 1409523 1410599 1414378 1415431 1416777 1420618 1421467 1424616 1431276 1432134 1436221 1436901 1440231 1441296 1442903 1444845 1445585 1447683 1450259 1451539 1452160 1453082 1455589 1456811 1458916 1466583 1468338 1470271 1471002 1472348 1473306 1474262 1475669 1479857 1482090 1484060 1485668 1489365 1490687 1491914 1495167 1497918 1499657 1500729 1502509 1503291 1504619 1505473 1507823 1511573 1514944 1516479 1518175 1519157 1521620 1525169 1526580 1527883 1528766 1530721 1534265 1535722 1538610 1541061 1544968 1546172 1557579 1560190 1563234 1565187 1569044 1569999 1572577 1573695 1574677 1575758 1576719 1578329 1580935 1582503 1583333 1589763 1591629 1593911 1594483 1595387 1598087 1599555 1602927 1604513 1607049 1607783 1608706 1615299 1617765 1621299 1624731 1626550 1627857 1629222 1631783 1633524 1634504 1641123 1642390 1643620 1646043 1647398 1649803 1653349 1656001 1660143 1661470 1665356 1668047 1669704 1670518 1675053 1676116 1677165 1679221 1680516 1683771 1685901 1686353 1687888 1689052 1690652 1691587 1695169 1698055 1701521 1702948 1705502 1707315 1708276 1710515 1711491 1713668 1716918 1719268 1721972 1724118 1726494 1728511 1734567 1737018 1738411 1739883 1745471 1753532 1755079 1758742 1760921 1763244 1768421 1769582 1770346 1771579 1773476 1774547 1776021 1778024 1780036 1783585 1784755 1787183 1788432 1791100 1793807 1796324 1797575 1798721 1799603 1801137 1804164 1808550 1811591 1812136 1813622 1815325 1820304 1824987 1827628 1828512 1832437 1834371 1837792 1839252 1843288 1844789 1846868 1849376 1851865 1852646 1859997 1861501 1864034 1864636 1865482 1866682 1869521 1873760 1875090 1876882 1877969 1882711 1883566 1887867 1892496 1896262 1898761 1902760 1906737 1909563 1911297 1912827 1918530 1919917 1922056 1923254 1924141 1925036 1926151 1927231 1932733 1934394 1936042 1938859 1941293 1944335 1946827 1949013 1950062 1950733 1951406 1952262 1954367 1959063 1960588 1961780 1963323 1966383 1967556 1968805 1972168 1973437 1974710 1978613 1979539 1981863 1985772 1989102 1991198 1992419 1993692 1994856 1996440 1999186 2000603 2002693 2007212 2011088 2012412 2015095 2018554 2027960 2029135 2030409 2031802 2034345 2037405 2038552 2043198 2044291 2045001 2046087 2051827 2052481 2055533 2057348 2058266 2060537 2062424 2065355 2068193 2070627 2072784 2074417 2076095 2079496 2084207 2086252 2087316 2089297 2091209 2092772 2094949 2096117 2100844 2101856 2104596 2106811 2107876 2109876 2111556 2113295 2114765 2116092 2117555 2120673 2121646 2124716 2125645 2130409 2131409 2132897 2134338 2136710 2138533 2140644 2142075 2143492 2144738 2148164 2149654 2150786 2153174 2155670 2157199 2163452 2165040 2170110 2171730 2173162 2181101 2182053 2185799 2186768 2189845 2195110 2196668 2198500 2199835 2201032 2204091 2211322 2216833 2218740 2219695 2221217 2224629 2225452 2227176 2229074 2231201 2231847 2232802 2233919 2237959 2242338 2247830 2249251 2249989 2254942 2257790 2259150 2262755 2264564 2268450 2269540 2274840 2277736 2279021 2280734 2282254 2283357 2284413 2286671 2288253 2289138 2294137 2296049 2298681 2302392 2305513 2307138 2309606 2310608 2311602 2314942 2316780 2317807 2319010 2323267 2324923 2329552 2332001 2332803 2334895 2336363 2339517 2342259 2344850 2346407 2347948 2353578 2358061 2359558 2362297 2363306 2366221 2370683 2372414 2374230 2375424 2378201 2379092 2381312 2382379 2383422 2384639 2385635 2388643 2391376 2393227 2394336 2397191 2402011 2403753 2408258 2409245 2410651 2413903 2414385 2416541 2417620 2418884 2420485 2421163 2421930 2424972 2425665 2433236 2434394 2440401 2441489 2443345 2444954 2449200 2450575 2452863 2457620 2461147 2464479 2466743 2469125 2470787 2472133 2473118 2476947 2481831 2483525 2485458 2487013 2490847 2494108 2495697 2498577 2504542 2505297 2507440 2515358 2518171 2519490 2521221 2521998 2527023 2535131 2536648 2539757 2540835 2542144 2543046 2544457 2547892 2548959 2554137 2559193 2561576 2564573 2567904 2570141 2572203 2574988 2576875 2577773 2579195 2581296 2583169 2584758 2586360 2588587 2592656 2593369 2596807 2597795 2599050 2600773 2601991 2603393 2606567 2610551 2612307 2614032 2621924 2622811 2624186 2626276 2627242 2631583 2635894 2637976 2639353 2640680 2641895 2643238 2645900 2648445 2651246 2654172 2655255 2658136 2661627 2665683 2667622 2670557 2672744 2675841 2679167 2681272 2682651 2684311 2685950 2688003 2692730 2695242 2696464 2700529 2702879 2706266 2712735 2715287 2716959 2718862 2719671 2722676 2723563 2729248 2729987 2733792 2736267 2737936 2739086 2744488 2746074 2749588 2750402 2752294 2753449 2754355 2758749 2763694 2765335 2766498 2767308 2769192 2769888 2772038 2773315 2774587 2779392 2785540 2788025 2790560 2791627 2792687 2796181 2799523 2800658 2801326 2803609 2805367 2806808 2807558 2812324 2813074 2818389 2819495 2822926 2826722 2827431 2828100 2832270 2836004 2837521 2838683 2845732 2851359 2858625 2860565 2862117 2865329 2866308 2867922 2875648 2878493 2879694 2890341 2893127 2897060 2899061 2899732 2901107 2902664 2906224 2907356 2912063 2913240 2913912 2915680 2920428 2924788 2927009 2930696 2931250 2937055 2938352 2940275 2941026 2944232 2950175 2952404 2954277 2955966 2957785 2961439 2962353 2964162 2966558 2967322 2971193 2976314 2977544 2978410 2979618 2985566 2987119 2993755 2994988 2998208 2998968 3003077 3005337 3008519 3010122 3011320 3012293 3014971 3016858 3018430 3020689 3021774 3023754 3025466 3029311 3030210 3031602 3034975 3036628 3038555 3040846 3043280 3046718 3048589 3054650 3055974 3058373 3063775 3064363 3066803 3067703 3070292 3072017 3073167 3073791 3074964 3076832 3078410 3080505 3084642 3085853 3087732 3089341 3091544 3092306 3093903 3096562 3097830 3098744 3100280 3104023 3105466 3111882 3113920 3116579 3118701 3127577 3128481 3129171 3133420 3135790 3141966 3145638 3147522 3148660 3155546 3157566 3161521 3162444 3163789 3165352 3167974 3177518 3180120 3182273 3183386 3185087 3193958 3197587 3199588 3202098 3204887 3205945 3209265 3210182 3212569 3215933 3217169 3218013 3219354 3221236 3221956 3223634 3224879 3226557 3230102 3234004 3241723 3248986 3250060 3252655 3253346 3255846 3257078 3258591 3260089 3261514 3263429 3266394 3269918 3271590 3274883 3276351 3280813 3283265 3284400 3285166 3286855 3291028 3292060 3292880 3296215 3298062 3299806 3301562 3305318 3306969 3309324 3311053 3314295 3316698 3318897 3320219 3323512 3324668 3332378 3334550 3336340 3337840 3339166 3342243 3344595 3349342 3352122 3354467 3356904 3358104 3364220 3366801 3368067 3369748 3370726 3375443 3376822 3378380 3380152 3381035 3388044 3390496 3398055 3402077 3404067 3407083 3411538 3416014 3419811 3421427 3422275 3422940 3427719 3429128 3430166 3433984 3435673 3437112 3440478 3442115 3443086 3447497 3448406 3452522 3454488 3456793 3457475 3458890 3462292 3463833 3465916 3466894 3468375 3469344 3470738 3471896 3473548 3475018 3477908 3480786 3481689 3484724 3486843 3493817 3499226 3501836 3505626 3506324 3508764 3509928 3513284 3515597 3517225 3519573 3524324 3526462 3528372 3529147 3532863 3536010 3538382 3543514 3546793 3549227 3552814 3554199 3555883 3556838 3560034 3562378 3564150 3571062 3572414 3574749 3575733 3577440 3580721 3581567 3582990 3585935 3587043 3588430 3589599 3592238 3593021 3594051 3594730 3595515 3596829 3598121 3599126 3601841 3602930 3604984 3607372 3608705 3611049 3613503 3614570 3617467 3622763 3625644 3628316 3629055 3630721 3632293 3633287 3633964 3636802 3638230 3639392 3641904 3644328 3646133 3650547 3653584 3654426 3657714 3663262 3664229 3666132 3667808 3669660 3671236 3675495 3677782 3682654 3685517 3686429 3687940 3690105 3692212 3694172 3697351 3698969 3701422 3702605 3703310 3704669 3706522 3709149 3710112 3711318 3712556 3714613 3715461 3716551 3717665 3719763 3722142 3723350 3725871 3726898 3729062 3734420 3737695 3740172 3741395 3742133 3743881 3745619 3747579 3749495 3750364 3754380 3756976 3759155 3760299 3761597 3763119 3764264 3768083 3768939 3770423 3772251 3776252 3777911 3779209 3781279 3786119 3787108 3791429 3793440 3795517 3798470 3801792 3805562 3806496 3808949 3810025 3811563 3816422 3818755 3823056 3823722 3827115 3829133 3834306 3836563 3839767 3842686 3845226 3847404 3848470 3849217 3853755 3854599 3855597 3859663 3861264 3864594 3865847 3867457 3869683 3870629 3872279 3873111 3873771 3875055 3876574 3879679 3882282 3886273 3886929 3888085 3889659 3891111 3892010 3896874 3898993 3903349 3906266 3908374 3914820 3916035 3917182 3918621 3920407 3922980 3925013 3930678 3932854 3934287 3937203 3939970 3941292 3943193 3944858 3947925 3951494 3957497 3961327 3962116 3962783 3963678 3969539 3973769 3978087 3978758 3981092 3981807 3988025 3989309 3992199 3995504 3998492 4004718 4009854 4011283 4011981 4012880 4013383 4014823 4018106 4020710 4022008 4025584 4027782 4030490 4031366 4034738 4037217 4038907 4042334 4044485 4046562 4048592 4050680 4052747 4053893 4055249 4057262 4059053 4059718 4062701 4065753 4071000 4073891 4074713 4075912 4078083 4082256 4083887 4084868 4086687 4094732 4095785 4097273 4099202 4099925 4101835 4103887 4106446 4111060 4114534 4116713 4117796 4121075 4129776 4134718 4136058 4138821 4140803 4142072 4144237 4145454 4146622 4148987 4153516 4154445 4155878 4156948 4158262 4162906 4164863 4166288 4171927 4173743 4174952 4180870 4186639 4188289 4191441 4194733 4196278 4197669 4201160 4202303 4204370 4207179 4208170 4209449 4212128 4213121 4217705 4221837 4225207 4227565 4231740 4234178 4236155 4237017 4238029 4239953 4241501 4243721 4245440 4250318 4251936 4252973 4254303 4256775 4258944 4259976 4261313 4263325 4266432 4269158 4277324 4281511 4283432 4287391 4288352 4289848 4291113 4294045 4296424 4298338 4300341 4302077 4303088 4305193 4306516 4308435 4311572 4313141 4314602 4316747 4319410 4323364 4330026 4331448 4334698 4337902 4341234 4342367 4345733 4346427 4348534 4350139 4351962 4352747 4354836 4356091 4357392 4361915 4363345 4364594 4369848 4371512 4375035 4376957 4379054 4380399 4381930 4386412 4387217 4388120 4390977 4393185 4394381 4397611 4398710 4401513 4402797 4404208 4406119 4407572 4409247 4417054 4419067 4420563 4423958 4424830 4428066 4435110 4440607 4444950 4446545 4452574 4453926 4455566 4456312 4458862 4460835 4463768 4465779 4467988 4469289 4470113 4472426 4475115 4477889 4479020 4479935 4480953 4484219 4487329 4490244 4491461 4494304 4495043 4499359 4500341 4502086 4503277 4505698 4508463 4512110 4522520 4524018 4525771 4526587 4527924 4529425 4532160 4536387 4537281 4540015 4541436 4543178 4545025 4549100 4551813 4552708 4554338 4557190 4558123 4559445 4564012 4564975 4567062 4567942 4569016 4570665 4571469 4573163 4573914 4576284 4580560 4583244 4586252 4590149 4593592 4595467 4597548 4602544 4605240 4606417 4610758 4612451 4613678 4615873 4620057 4623030 4627045 4629350 4631164 4636907 4638060 4639121 4640713 4643229 4644638 4648178 4650362 4651119 4656853 4659728 4662049 4668303 4671494 4672660 4676094 4677148 4680015 4684545 4688049 4690780 4695272 4698650 4702654 4705914 4707051 4708495 4710036 4711253 4712229 4713158 4714799 4719258 4721830 4722869 4726274 4728398 4730836 4731523 4732645 4733952 4736936 4738343 4740600 4742551 4744187 4744801 4746764 4749571 4750917 4752100 4752908 4754904 4757324 4759282 4764035 4764947 4766019 4767739 4772846 4774027 4777582 4781918 4783700 4784194 4789379 4792370 4794286 4795741 4796857 4797820 4801224 4803752 4809116 4814375 4816892 4818561 4820592 4822276 4827259 4828408 4829868 4831693 4834167 4837293 4839988 4841023 4843302 4845451 4848377 4851757 4854868 4856233 4857226 4861139 4863180 4864913 4866032 4869015 4875068 4878992 4884097 4887137 4889454 4892219 4893188 4894245 4896643 4899013 4907733 4910290 4911638 4912693 4914133 4915684 4919368 4921866 4924845 4926213 4927188 4928259 4931969 4934009 4935372 4936143 4939602 4944034 4945507 4950722 4951679 4954827 4955749 4956808 4958402 4959284 4961636 4962930 4964936 4966331 4968515 4970880 4971516 4972318 4974984 4978362 4980011 4982025 4983242 4984491 4986376 4991985 4993657 4996269 4996915 4999888 5001665 5003528 5010785 5015932 5016796 5018604 5021166 5024290 5025980 5027664 5032767 5035008 5036370 5039181 5040603 5046149 5053221 5054851 5056169 5059265 5063221 5063993 5065923 5066815 5067984 5069369 5071434 5072446 5073299 5073934 5077195 5078477 5081345 5084158 5085581 5089189 5090777 5093198 5094433 5095819 5100701 5108263 5109489 5111482 5114509 5116909 5118198 5119187 5120165 5120801 5122068 5124686 5126054 5129289 5132523 5134378 5138278 5139275 5142391 5143817 5145876 5147865 5149700 5150521 5155735 5159417 5160438 5162759 5164060 5165403 5169523 5170636 5171802 5172614 5174752 5181655 5183154 5184687 5186298 5187742 5188900 5190550 5195565 5196949 5198601 5199260 5200753 5202298 5204446 5205648 5207496 5209125 5213860 5216015 5217634 5220037 5221128 5223702 5225933 5227468 5230500 5234081 5235430 5236777 5238021 5240281 5241286 5243027 5244599 5246548 5248667 5250722 5251763 5254263 5259742 5262756 5264320 5266932 5271492 5273047 5274971 5279347 5280602 5281789 5284971 5286461 5287049 5290020 5291114 5293864 5298516 5305362 5307865 5312351 5314194 5315697 5318025 5318942 5320461 5321245 5323656 5327166 5329680 5333122 5334704 5339436 5342087 5346662 5347780 5348345 5349916 5353675 5357986 5359643 5362113 5364885 5367906 5370079 5372839 5374345 5377174 5378445 5380098 5383977 5385555 5388214 5391498 5392864 5393898 5395025 5396416 5398066 5402736 5405360 5408577 5409614 5411380 5413595 5415293 5416639 5418077 5419694 5421231 5422858 5426298 5430018 5431264 5435478 5437163 5438319 5442737 5443772 5445966 5450383 5451315 5452579 5454261 5457810 5459112 5465241 5466741 5471711 5475333 5484321 5486907 5488569 5493194 5495200 5498501 5500706 5502274 5504580 5506507 5508650 5509751 5510605 5513620 5519995 5525333 5527744 5529256 5530233 5531241 5532075 5533335 5535044 5536231 5538925 5541318 5543841 5545055 5546759 5552116 5553085 5558510 5567448 5569150 5569946 5570974 5573887 5575107 5579046 5580685 5585054 5586203 5587588 5590397 5592678 5594489 5599283 5601113 5604239 5605052 5606484 5607476 5609420 5617321 5618498 5622339 5624782 5626606 5627921 5631678 5634039 5634885 5636328 5638082 5643613 5644917 5647920 5648764 5650381 5655052 5660341 5664045 5665887 5667944 5669030 5670709 5671691 5672815 5675092 5677981 5680085 5682356 5683294 5684575 5687951 5690610 5692066 5693749 5697204 5698666 5700118 5702897 5704095 5705637 5707696 5709617 5715275 5717329 5719233 5722083 5723429 5727391 5733241 5734233 5740618 5742850 5744402 5745689 5746795 5748887 5750965 5754418 5759271 5760846 5762227 5765250 5769319 5770395 5771609 5772631 5773660 5774624 5778343 5780090 5780683 5782218 5786939 5791913 5793865 5796086 5797532 5800320 5805251 5806272 5807497 5809327 5811488 5813469 5818763 5821615 5823910 5825024 5826857 5829093 5830197 5833734 5835173 5836171 5838368 5840113 5843279 5844708 5848107 5852461 5853980 5855577 5859026 5861969 5864775 5866435 5868419 5871874 5873804 5874970 5877563 5878662 5880021 5882902 5886934 5889017 5891064 5892755 5895253 5896783 5901307 5904383 5907258 5908242 5909450 5910810 5915167 5916240 5919494 5922474 5924089 5926731 5927714 5929486 5931174 5932308 5933740 5935280 5937317 5940485 5942578 5943102 5945531 5947765 5949394 5950360 5952348 5953082 5956897 5959077 5959974 5961897 5963996 5964639 5967487 5969772 5974397 5976573 5985575 5986740 5989937 5991133 5992114 5994926 5998372 6004861 6008400 6015801 6020993 6021597 6022862 6025990 6027350 6029885 6032064 6034197 6040472 6042477 6043204 6044227 6044688 6045628 6048227 6049914 6052953 6054457 6059738 6060572 6065616 6069418 6070376 6071014 6072188 6073121 6078815 6083731 6084617 6086161 6088410 6089827 6091455 6093651 6095361 6097319 6102001 6105544 6107827 6110995 6114496 6115357 6117862 6120816 6122028 6123342 6128175 6129812 6131591 6134347 6135605 6138593 6139254 6140757 6146850 6152080 6153205 6157810 6159330 6160285 6161869 6165199 6167094 6169457 6173830 6176713 6178267 6180598 6185166 6188974 6189869 6191685 6194028 6195994 6200910 6209106 6214235 6224603 6226024 6228668 6229500 6231490 6232333 6236430 6237697 6240293 6245643 6246250 6247440 6249117 6250323 6251136 6253803 6255849 6259149 6260089 6262053 6265541 6272901 6275739 6278341 6281572 6282379 6283651 6284595 6287595 6292160 6293717 6294675 6295947 6297059 6300839 6301740 6304410 6308365 6315810 6318527 6319437 6323762 6325031 6326270 6328508 6339256 6340997 6342365 6343826 6347868 6349827 6354488 6355655 6357266 6358868 6360159 6363891 6366203 6367295 6368804 6371087 6373664 6374861 6375714 6376618 6382315 6383976 6385292 6387237 6389410 6391973 6399302 6400527 6402324 6405624 6406909 6409858 6411220 6411996 6415299 6418976 6421745 6423169 6424763 6426645 6427817 6429825 6430952 6431925 6434346 6437807 6440994 6442605 6443923 6446854 6450096 6451788 6454187 6455076 6457141 6458798 6459643 6461787 6463597 6466224 6467927 6470452 6471761 6472912 6473786 6475372 6476745 6480022 6482953 6483834 6484856 6487301 6488688 6490610 6491269 6493593 6494923 6497333 6498349 6499067 6501132 6501922 6504411 6505669 6506277 6507737 6509155 6512076 6513654 6515432 6517844 6519855 6520772 6524594 6526459 6527664 6530669 6531606 6532819 6534007 6536280 6537396 6540463 6542230 6545323 6546445 6548052 6551007 6551797 6553836 6555344 6557476 6558947 6560313 6562868 6566600 6569887 6573412 6574524 6575399 6577416 6579933 6586347 6588908 6592363 6598955 6601149 6601860 6604382 6606292 6607311 6610748 6613837 6614942 6616313 6619156 6626077 6627020 6628656 6630797 6632910 6636293 6637492 6638255 6639190 6642295 6644703 6646998 6650502 6651963 6653531 6655271 6656835 6658397 6660125 6661624 6663911 6664913 6665592 6666462 6668832 6671269 6675455 6676337 6678019 6679356 6682322 6687533 6688696 6689323 6691142 6691838 6693256 6694302 6695742 6697440 6699289 6700273 6702718 6703962 6706003 6708636 6710892 6711482 6713526 6716410 6717900 6722140 6722924 6724328 6726140 6727637 6729217 6730656 6732527 6734123 6735903 6737894 6739829 6742489 6745408 6746433 6747973 6750158 6751359 6757119 6759115 6760533 6761883 6767676 6771169 6775282 6777822 6779509 6786080 6787633 6790081 6794638 6797510 6799403 6802555 6804204 6806562 6807762 6808776 6813301 6816252 6817931 6819431 6825424 6831427 6833281 6834509 6836069 6840996 6842172 6844392 6846828 6849406 6850811 6852238 6853221 6857635 6858780 6859757 6861062 6862109 6863608 6865925 6867204 6870539 6872597 6880401 6885414 6886140 6886604 6889265 6891377 6892297 6894449 6896478 6903857 6907198 6909490 6915088 6916502 6919036 6922694 6923837 6924934 6925559 6928149 6930247 6931864 6933226 6934994 6936800 6939060 6940643 6944829 6946528 6948733 6950802 6954903 6958151 6958962 6962516 6964302 6967201 6968842 6970159 6972241 6973726 6977633 6983066 6983903 6988883 6991238 6994317 6995586 6997044 6998126 7000649 7001895 7007613 7010127 7013383 7015371 7017208 7018137 7020139 7022862 7024631 7026054 7029289 7031042 7032434 7036841 7041403 7043358 7045348 7048895 7050494 7052302 7054974 7057203 7060562 7061328 7065266 7067546 7072629 7073572 7074392 7077126 7079446 7080913 7087483 7089951 7092929 7094428 7095330 7097261 7098406 7106279 7108227 7110798 7115500 7121104 7122872 7125621 7126409 7127282 7129121 7130913 7132317 7133537 7134670 7136455 7137327 7139059 7141181 7143153 7146150 7147553 7151824 7153819 7155133 7156067 7158187 7160309 7161510 7163531 7164169 7167961 7170179 7171320 7175079 7176995 7177531 7182244 7188146 7191202 7191887 7193364 7194474 7195632 7196291 7196836 7200109 7202038 7204325 7208236 7211709 7212889 7216489 7216926 7220326 7222650 7223430 7227733 7229908 7234164 7236626 7238366 7241169 7242331 7244155 7245241 7247731 7252746 7254489 7260922 7263063 7267920 7271351 7273468 7275433 7276382 7277446 7279785 7281095 7282217 7288396 7291195 7292490 7296900 7299947 7300911 7302860 7305085 7306198 7307539 7308458 7309845 7310901 7313339 7318315 7327338 7331363 7332457 7333732 7340138 7343072 7343834 7351054 7352188 7354425 7356807 7357450 7359053 7363869 7364398 7365302 7367914 7370450 7373605 7377246 7379311 7380166 7384147 7387180 7389064 7390286 7391539 7394330 7397681 7398732 7399607 7406746 7410134 7415217 7417809 7420689 7426846 7427964 7429662 7430845 7439697 7442995 7446817 7448131 7449309 7451442 7453468 7454578 7457806 7459700 7460988 7462256 7471500 7472732 7474066 7476579 7478523 7479198 7482487 7485803 7487855 7492007 7494709 7498848 7501775 7503118 7504405 7505558 7509059 7512972 7515887 7519592 7522366 7523509 7526161 7527076 7530456 7531210 7532133 7533265 7534155 7536093 7538362 7539771 7543090 7544196 7544978 7548669 7550389 7551819 7554784 7556413 7557287 7558459 7562397 7566483 7568046 7569520 7570372 7575087 7578185 7579717 7581726 7583059 7584895 7587340 7588852 7590482 7594961 7595823 7601626 7603781 7604740 7606243 7609626 7612461 7613389 7614379 7621941 7622563 7625365 7628062 7629826 7630574 7631280 7634272 7635491 7638893 7644947 7648387 7652363 7653239 7656752 7659209 7665672 7669192 7672399 7678565 7685638 7689389 7690760 7692934 7693997 7699761 7700627 7701974 7704185 7704818 7706065 7708604 7709897 7710883 7712000 7713143 7715239 7716312 7717477 7722469 7723514 7724931 7725978 7728364 7733247 7734170 7738805 7740288 7741075 7743290 7745760 7751104 7752517 7754216 7755651 7758666 7761243 7764065 7766075 7767266 7769018 7772253 7772884 7775764 7777754 7779434 7781212 7782777 7785239 7786971 7787996 7793314 7796706 7799846 7800840 7803368 7809957 7811977 7812716 7814026 7816600 7819836 7824541 7826400 7828347 7832866 7834607 7837302 7838313 7841321 7842866 7845370 7849894 7852019 7852546 7856870 7858296 7860099 7862509 7868207 7870027 7875842 7877421 7878532 7879948 7882142 7883379 7884484 7887948 7890180 7892050 7896515 7898130 7898649 7902808 7908519 7911055 7913350 7916388 7917351 7918190 7920494 7922116 7924686 7928016 7933586 7936111 7938042 7944246 7947400 7951743 7952628 7954844 7962475 7964986 7968652 7971003 7972933 7974316 7977075 7980013 7983361 7985796 7988899 7992090 7994045 7996438 8000089 8003235 8005437 8006849 8008048 8008756 8010152 8011518 8012578 8014220 8015070 8019023 8019912 8022663 8025205 8029123 8030234 8032661 8035224 8038394 8039366 8040473 8041471 8043617 8044481 8046899 8047695 8050543 8055980 8068941 8070514 8075528 8076918 8077764 8079047 8080183 8081760 8084521 8085886 8087240 8089714 8093543 8098205 8101453 8104298 8107278 8111870 8113841 8115790 8118052 8120343 8124354 8125707 8126772 8128112 8128908 8133011 8138987 8141254 8144673 8145955 8148371 8151445 8153968 8162361 8167082 8169964 8170980 8172186 8173360 8181850 8182918 8184456 8186511 8188077 8189441 8190574 8192214 8194382 8195221 8197013 8200363 8202947 8206315 8207820 8210930 8212662 8214122 8216551 8217793 8219066 8220579 8221585 8224074 8224878 8227682 8228873 8231038 8233595 8235133 8239930 8241830 8243663 8245097 8248653 8251944 8255776 8257365 8258361 8260799 8265652 8270172 8272430 8273948 8279292 8281554 8282134 8282908 8283631 8284720 8293255 8294948 8296898 8298075 8299275 8299891 8301518 8302429 8304726 8309625 8313313 8316432 8317280 8319663 8322371 8323586 8325073 8325740 8329907 8331048 8331625 8333005 8336739 8338791 8340995 8342819 8351831 8353622 8356065 8357659 8360865 8370354 8372731 8373718 8377819 8380558 8389874 8390911 8394081 8396561 8398207 8404649 8405922 8406590 8407443 8411183 8416429 8419534 8420626 8425149 8427531 8432784 8434015 8437735 8443745 8446454 8450183 8452026 8456404 8457599 8458465 8459875 8462464 8463828 8464571 8466498 8468012 8469735 8471126 8472602 8473846 8475242 8476844 8479366 8482167 8483320 8485954 8488119 8492171 8496640 8499695 8500883 8501829 8505250 8506613 8510162 8512182 8515631 8518860 8523173 8525508 8526742 8527581 8530249 8532250 8533184 8534278 8537802 8541002 8542408 8543201 8548833 8551149 8552892 8554032 8556697 8558478 8559526 8563292 8564790 8571239 8574001 8575218 8577832 8581382 8582408 8586610 8590805 8595065 8595795 8597764 8600752 8606144 8607990 8610104 8611149 8612046 8614426 8615875 8617720 8620364 8623770 8624977 8626865 8630434 8631960 8633989 8635679 8636446 8637551 8639673 8642761 8644121 8649132 8651165 8657964 8666414 8667806 8674254 8682565 8684909 8686708 8690317 8691531 8695279 8696772 8701574 8704369 8705615 8706417 8707841 8710720 8712997 8713544 8715905 8716869 8725194 8727248 8728406 8731564 8732267 8734099 8736309 8737307 8738406 8739806 8741686 8744178 8745146 8747987 8751012 8752255 8753287 8755136 8758525 8760872 8761701 8763397 8767507 8769423 8774914 8776008 8780441 8781868 8784279 8787488 8788913 8790607 8791990 8794190 8795115 8799595 8802421 8803684 8806151 8812055 8813005 8815582 8816844 8818826 8821084 8822257 8824437 8825877 8827432 8829569 8832715 8838074 8839476 8846501 8847822 8850913 8851576 8855900 8857046 8862964 8866057 8868032 8869400 8870157 8871542 8882589 8885479 8890233 8891404 8892302 8894625 8897701 8898810 8899778 8903894 8904793 8907906 8909596 8914675 8921665 8923388 8924199 8925896 8930952 8933767 8938000 8942049 8943495 8946516 8947399 8948549 8952727 8956183 8958966 8960109 8961065 8963588 8967179 8968569 8971247 8975816 8977727 8983993 8985600 8989269 8991450 8992920 8996026 8997636 9001179 9004422 9007026 9009554 9014312 9015101 9017363 9018630 9020379 9021289 9025656 9028194 9032116 9036884 9040432 9044361 9046288 9050476 9051242 9054685 9059723 9060663 9062302 9064883 9068697 9070639 9072690 9073373 9076026 9078027 9079408 9083975 9084661 9085717 9087783 9090249 9091876 9092886 9094732 9099663 9100858 9104377 9109046 9110144 9112782 9114035 9118692 9122218 9124455 9128042 9130599 9132612 9134394 9137588 9138645 9139622 9140658 9141844 9142571 9144067 9145350 9147058 9149389 9150205 9152117 9153810 9155544 9157653 9159651 9160770 9162420 9163431 9164959 9167447 9169661 9173561 9174871 9175767 9179317 9180574 9181576 9182708 9183909 9187341 9188799 9189514 9192051 9198148 9200086 9200555 9204236 9206661 9213261 9217401 9220330 9221344 9222491 9227726 9228991 9231423 9233012 9236364 9239227 9239973 9241359 9243122 9244835 9246970 9250148 9251418 9257355 9258580 9263404 9265120 9266386 9273308 9276361 9277332 9283117 9284729 9285719 9287161 9288058 9289721 9290523 9294736 9297909 9299480 9300931 9302386 9304463 9307896 9312451 9314017 9316752 9320702 9322892 9325301 9326217 9330393 9335406 9339268 9347400 9349266 9354027 9355950 9357379 9358724 9359879 9360990 9361954 9363022 9364465 9366435 9367457 9370085 9371625 9373819 9379662 9382031 9387400 9389005 9390278 9392109 9393769 9395042 9396699 9398103 9398779 9400263 9401134 9403246 9404416 9406775 9407863 9411514 9413467 9414463 9415245 9416822 9420574 9421904 9424359 9426348 9428289 9430312 9432593 9433350 9435892 9437552 9440098 9449264 9452417 9453653 9458190 9459763 9460832 9464133 9468001 9469820 9471159 9482327 9485584 9495339 9496845 9497981 9499561 9500030 9503066 9503889 9504930 9505810 9509363 9510434 9512472 9513841 9516853 9520404 9522579 9525722 9528051 9529931 9530456 9533924 9535063 9540616 9541941 9543200 9544247 9545544 9549944 9550975 9552918 9555103 9558695 9561896 9564022 9564729 9566572 9568231 9572572 9576671 9581236 9582362 9583648 9585046 9586357 9589267 9590268 9593910 9595687 9597774 9598570 9601692 9605820 9606913 9611728 9615885 9616719 9617461 9619253 9624969 9630471 9631595 9632536 9636035 9638657 9640968 9642043 9643416 9645008 9646085 9647564 9648316 9650691 9653671 9656394 9659570 9661483 9664023 9667312 9668089 9671191 9673882 9675136 9677225 9678696 9680222 9681768 9683344 9685502 9687022 9690499 9691725 9695175 9698372 9702214 9703668 9706248 9707209 9709585 9712512 9715686 9716708 9718949 9721254 9723170 9724813 9726288 9728447 9729969 9731136 9733133 9734534 9736509 9739178 9741712 9743783 9744901 9754313 9755575 9768039 9770529 9773577 9776504 9780921 9782462 9786209 9786872 9792748 9797439 9802223 9804114 9805840 9809216 9812080 9818699 9820539 9822752 9825912 9826782 9827814 9829840 9834372 9838383 9841058 9850319 9851905 9853171 9854426 9855744 9858499 9859287 9859855 9860852 9865133 9866500 9870325 9871788 9873111 9874506 9875428 9876977 9880708 9882652 9884280 9886696 9890273 9892689 9896852 9898709 9899944 9906171 9907680 9908623 9911933 9916373 9917320 9918566 9919883 9922614 9924928 9928713 9932566 9934332 9936614 9938390 9940473 9941948 9944483 9947701 9949867 9951774 9952970 9954394 9956588 9959429 9961620 9962964 9964682 9966133 9972121 9975436 9976559 9981211 9983577 9987698 9989474 9990372 9992351 9993607 9997711 9998872 
</Matrix>
<Matrix name="Neuron_231" type="complete" rows="1" columns="1159" multiplier="1.0">
   5156 7247 18422 27482 46662 53402 68413 76135 82105 85495 92237 95463 99891 107757 110277 114053 121650 131519 135781 139600 146616 154392 158150 161311 169742 177734 180171 200837 217769 236153 241578 254577 266853 269695 271234 277673 287999 293560 309622 322632 325213 329902 332378 333813 336876 348956 350877 352838 364497 376730 383744 387347 402132 406379 423457 443289 448579 452794 458754 464545 470673 475794 478636 480263 485387 490637 492561 497549 501022 517884 529901 556605 560430 595153 606174 611219 615748 623753 629404 637742 639246 641844 646728 650484 657486 689242 695556 701087 715071 721247 724029 726712 731038 740463 754575 760606 774787 778540 779973 790895 793342 796618 799677 815249 822629 838501 842302 870089 875760 880246 944737 945851 953461 967601 985709 990524 1010663 1020199 1035945 1039091 1042937 1044531 1048729 1051569 1052714 1055091 1067310 1072139 1085961 1108795 1127929 1144995 1161349 1173485 1184012 1191319 1195821 1213143 1219322 1237048 1242850 1273044 1274476 1304938 1341013 1356273 1361605 1368724 1376880 1393936 1409405 1412664 1429247 1430544 1448972 1454760 1464135 1471667 1480509 1483194 1485814 1495503 1505626 1507385 1513449 1520457 1527420 1528877 1532435 1538072 1569502 1570610 1576353 1582104 1584046 1585121 1602215 1611657 1629204 1639125 1642180 1656570 1666011 1669463 1674399 1687219 1690632 1701011 1710161 1720047 1721339 1738102 1739949 1743964 1754334 1768242 1787132 1801703 1806578 1814594 1818503 1827072 1835794 1848278 1851478 1853615 1856000 1862734 1865257 1873784 1882376 1886202 1887372 1902061 1904533 1910213 1912693 1915576 1921485 1925948 1928540 1937913 1960485 1963775 1967417 1969179 1976598 1980185 1993831 1997958 2005960 2027440 2039085 2084342 2092596 2095396 2098520 2116788 2119379 2137167 2139027 2145080 2148220 2168622 2197273 2201068 2211748 2216795 2220679 2233161 2237277 2240681 2245214 2247186 2263567 2265559 2270208 2272015 2277805 2282570 2284602 2299986 2306950 2322482 2331027 2332613 2339652 2348212 2354158 2359633 2380405 2393280 2397042 2406235 2416034 2419985 2426461 2431873 2468515 2479743 2483721 2485189 2488390 2497332 2524445 2533627 2548693 2560714 2575952 2599551 2602167 2617454 2634223 2637246 2637824 2648918 2653094 2672838 2675329 2682172 2683810 2685388 2688217 2700614 2725251 2738898 2746876 2789806 2792341 2806066 2823324 2830410 2832904 2839019 2843456 2844871 2845586 2859715 2873892 2877085 2910221 2922588 2927846 2951899 2967055 3003806 3009863 3018527 3022146 3023811 3026982 3033172 3044662 3067582 3069345 3073404 3076061 3086737 3089360 3094168 3095589 3103351 3122252 3128466 3137398 3146812 3177216 3184224 3192794 3196226 3205528 3212903 3217934 3227646 3231971 3233477 3252671 3254201 3257004 3261955 3265748 3280195 3284850 3303925 3305907 3311261 3313320 3318534 3321878 3333024 3335060 3348207 3350537 3367522 3372315 3376750 3378512 3385367 3390970 3395823 3403723 3409668 3422442 3423840 3434550 3440979 3458245 3460312 3463728 3465949 3470192 3472012 3476429 3482057 3484608 3485468 3493250 3507504 3515965 3520756 3527208 3535435 3540189 3542960 3544277 3566710 3569989 3573484 3580102 3582658 3589262 3591024 3604673 3605785 3613962 3618388 3624743 3636986 3643282 3652681 3664208 3671786 3675731 3679103 3679807 3690803 3694300 3698853 3700326 3722388 3733292 3735820 3746804 3749173 3775928 3789949 3802196 3813608 3843082 3851729 3867811 3869455 3882025 3887086 3892161 3904015 3929294 3939290 3943459 3947956 3952553 3959109 3965449 3972499 3989245 4003172 4021855 4044060 4046527 4052749 4064855 4068429 4080203 4082472 4085766 4087262 4091214 4094520 4101765 4110135 4120521 4122334 4125261 4130042 4137661 4145770 4161101 4165907 4168511 4172474 4183214 4190963 4212941 4232081 4246128 4248136 4256120 4260426 4265734 4269885 4272643 4288341 4292560 4303993 4329629 4331789 4338396 4353351 4361879 4384404 4385170 4388360 4422415 4427014 4429542 4444567 4456337 4459489 4462866 4471440 4498674 4518790 4520022 4523545 4537133 4541755 4596195 4603358 4607731 4609344 4611699 4622249 4623678 4632627 4638146 4643217 4663910 4667411 4670981 4672763 4680989 4692966 4700013 4709742 4718012 4720887 4723730 4738456 4743870 4752630 4763926 4766972 4769930 4775067 4780628 4789852 4792841 4811610 4821499 4830999 4833837 4838368 4839522 4848179 4853069 4856665 4859114 4866516 4867848 4878361 4884172 4902180 4911320 4913154 4915683 4927242 4948089 4963495 4997723 5013899 5014841 5035621 5038832 5059669 5064066 5066502 5074677 5080177 5084221 5100192 5107451 5110799 5112474 5121653 5127874 5130407 5141648 5157431 5159303 5167141 5171351 5173884 5175193 5194928 5202228 5215191 5220378 5233868 5235222 5246640 5249555 5250659 5256394 5260025 5261532 5267591 5279949 5291856 5316677 5336787 5346966 5349076 5365168 5372405 5399543 5410246 5416141 5417316 5421115 5425524 5432449 5442974 5447270 5449553 5465008 5470875 5506165 5517894 5520997 5524036 5533880 5536044 5538244 5549004 5551870 5557291 5572881 5573907 5589415 5598527 5600996 5607371 5613826 5620169 5623266 5630262 5631768 5642153 5643274 5650892 5656171 5658877 5666957 5673208 5678391 5699032 5709435 5710144 5714795 5725783 5728282 5750777 5773013 5780619 5784467 5796635 5814078 5816713 5821157 5824864 5839864 5852417 5853650 5865647 5882496 5886791 5903814 5917554 5928665 5934277 5983937 5985711 5997082 6004804 6007307 6008354 6016791 6031967 6047464 6051952 6072713 6073509 6075564 6081808 6092535 6095163 6105770 6111720 6116347 6119086 6127058 6130272 6138314 6143061 6144368 6145914 6152857 6154143 6157784 6162164 6167760 6169161 6180706 6181975 6197693 6199053 6204243 6209048 6220121 6231688 6248715 6252128 6273327 6276262 6289648 6291916 6295633 6297560 6303642 6310626 6312360 6336745 6339425 6350332 6360305 6371251 6375621 6377811 6388991 6389746 6392247 6395490 6396236 6398045 6402503 6410583 6413637 6417848 6422620 6432155 6455296 6467308 6468966 6488835 6499315 6521731 6528799 6533088 6540929 6554454 6562844 6569824 6572130 6576914 6579064 6600007 6601149 6620463 6627923 6645842 6658399 6708834 6729451 6744822 6746180 6748257 6751023 6769947 6777867 6783031 6784862 6788939 6793820 6800258 6822898 6846226 6850451 6858339 6860035 6868637 6873988 6877480 6879090 6880561 6894818 6902129 6907304 6917913 6919979 6925403 6934319 6941414 6945089 6956651 6972431 6974422 7001385 7003591 7010364 7014964 7030014 7034691 7046711 7063541 7084197 7091691 7096873 7102059 7107856 7115172 7129762 7141794 7148341 7158748 7162244 7163008 7179301 7206872 7210306 7225779 7233784 7235097 7242167 7244527 7246395 7248617 7264261 7269665 7273521 7277588 7278767 7286981 7290696 7295763 7296863 7299158 7322979 7325769 7328979 7331937 7339944 7346079 7348870 7364598 7371991 7385060 7396481 7400817 7424533 7430347 7442704 7463769 7464840 7467796 7475919 7496551 7500487 7517240 7519596 7522749 7528327 7529065 7537442 7561014 7587549 7589958 7593329 7601325 7609225 7611349 7615980 7617128 7618440 7620058 7628472 7631574 7633770 7645663 7657486 7660324 7663603 7680915 7692855 7702473 7713757 7715925 7737333 7749977 7757172 7773258 7783255 7786509 7801388 7802462 7805610 7808920 7837268 7840470 7845212 7861996 7868498 7870476 7872275 7874341 7884117 7895178 7915713 7928839 7938841 7942213 7971332 7975751 7981163 7983329 8001206 8002974 8003739 8008420 8025117 8026941 8044398 8052479 8064391 8073148 8086864 8097345 8103081 8106242 8115560 8117907 8133739 8150374 8168591 8169444 8181829 8201039 8205360 8211401 8228983 8232130 8239636 8251646 8255143 8259054 8293214 8296598 8299188 8305368 8310451 8316139 8321481 8324067 8343708 8345720 8348739 8353915 8360359 8368911 8370911 8378267 8388324 8395694 8405042 8411485 8414251 8415565 8419790 8422567 8426928 8429958 8439868 8446179 8477524 8481414 8492248 8500782 8541627 8558369 8560631 8563211 8588343 8597378 8608386 8610733 8616059 8630277 8634877 8635861 8641471 8647043 8656334 8658751 8661583 8663334 8668961 8676490 8697564 8698907 8708136 8711785 8718077 8720472 8724150 8745462 8761447 8771349 8784370 8785352 8787947 8791933 8808218 8811728 8812861 8835654 8841378 8846164 8856353 8860936 8862555 8865252 8866982 8869285 8879113 8884739 8891320 8895733 8901328 8904167 8907812 8914137 8918277 8927546 8952089 8974235 8982004 8988858 8994132 8999980 9001567 9002572 9005266 9006167 9007067 9024005 9043412 9046662 9056653 9060541 9061539 9064648 9074801 9096140 9104795 9114674 9124448 9135799 9164035 9167285 9174818 9178858 9183860 9230116 9232956 9239586 9241399 9247534 9251264 9256554 9259193 9272451 9277345 9286508 9295768 9298762 9302839 9305092 9317113 9320405 9331424 9349503 9351052 9372144 9374604 9385772 9399003 9407087 9408570 9419604 9420797 9424855 9431352 9432610 9446924 9450075 9461433 9462646 9463748 9471591 9474543 9478891 9492287 9499021 9510064 9536814 9539111 9546393 9549442 9555158 9560512 9575373 9580985 9589600 9592598 9603950 9605575 9607518 9628401 9656074 9664258 9691054 9694699 9699644 9711872 9723399 9728906 9736614 9740568 9751563 9753236 9774556 9783611 9810514 9837726 9840591 9855454 9868016 9875267 9886947 9892923 9909632 9915918 9922073 9927683 9934297 9938757 9943457 9945475 9956028 9995505 
</Matrix>
<Matrix name="Neuron_234" type="complete" rows="1" columns="4536" multiplier="1.0">
   1495 2393 4221 5853 9377 12235 14201 16671 20896 24085 25650 26805 28104 29216 30504 32862 35526 37513 39493 41007 44590 46114 50827 52982 54200 55368 56466 57992 60587 61504 62848 64015 64907 67243 68624 69746 70841 73799 77133 78887 80792 84139 86651 88284 90760 92336 95647 96817 100478 101598 103592 105263 106744 107838 111555 115279 116863 119093 120733 123026 129379 132751 133797 135783 139146 141753 145774 147326 149232 152526 153376 154551 155623 156422 157400 158618 159721 160597 164562 166541 169738 171176 173897 175824 179371 180260 181475 182323 185336 188781 190100 191884 193217 196740 198063 203095 210264 214441 224380 225436 226593 231581 232581 234343 236715 237672 239061 241478 243812 247471 248638 250310 252621 254554 255720 256994 258738 261948 267697 268891 270281 271443 272379 274761 275698 276708 277439 280100 282161 283387 287901 292614 298416 299558 301890 303387 304645 306030 309300 310283 311616 312371 314714 316114 317555 323250 324205 325273 329855 332614 333567 337632 338483 339356 341008 345513 347158 348333 353695 356110 357106 359421 360506 361345 362710 363595 365914 367545 368283 369225 370923 373690 375110 378122 380376 383572 386118 387576 389297 390848 392082 393076 394953 402923 404909 406411 407077 409968 410830 413258 414185 417118 417943 418954 421377 422503 424569 430163 431450 433746 435541 436534 437878 439381 440994 442297 444442 445954 450490 451570 452451 454853 455673 458019 459049 463376 465693 466454 467304 469459 476838 480059 481676 483418 485213 487094 488228 490098 493480 494378 495484 496270 497271 500048 501299 503697 507219 509908 511328 513891 515677 518553 521008 529595 531303 532485 541129 543352 547016 549587 554167 556535 557862 559566 560554 562787 563664 564707 566622 569756 571505 575369 576934 579287 581755 586906 587875 588558 590048 591312 592670 595167 596184 597256 598908 601651 603220 604645 609447 612148 613891 616374 617324 620557 622294 623347 626118 629017 630737 634348 635107 637265 637956 639578 640571 646030 647206 649693 653477 655325 656575 658953 660575 661830 665381 669802 672291 675061 677454 678436 680986 685207 687515 691348 693583 694845 698544 703543 704572 705406 707891 710382 712873 713984 716239 717235 718509 719537 721595 722663 724369 725654 727992 729260 730023 731368 733099 734397 736422 738014 742661 746644 748452 753887 756810 765770 766755 768013 769398 771264 773466 776031 780394 783757 786100 787471 788633 790311 792963 794463 795744 798014 799458 803478 805599 807016 809341 810445 813819 815864 818820 820808 823681 825842 826810 828052 829231 830228 832981 834478 835762 836900 838311 839526 840253 842526 843435 844312 844790 851424 854064 854886 860029 860539 861755 864358 866765 868057 869408 870293 871456 874691 876570 878579 879884 883684 886616 887755 889401 890776 892015 894079 896418 897527 898775 899777 900931 901931 903873 905179 906718 907778 909497 911886 913293 915104 916477 917428 921612 927671 929133 930706 931890 938880 939653 942557 943409 945084 946110 947401 948094 949436 951360 952986 953877 956017 957420 958243 960157 962158 964120 966375 967296 968753 969767 972175 973708 978061 978871 979688 983377 984216 987052 987847 992894 994393 997178 998467 999474 1000851 1002545 1003330 1004704 1005230 1008682 1010138 1011565 1015787 1020778 1024318 1025752 1026516 1028910 1031378 1033610 1036638 1037457 1038885 1039666 1041225 1042492 1043713 1045378 1047526 1048427 1049230 1052067 1054862 1057616 1061160 1068003 1070774 1072365 1073366 1075625 1077835 1079607 1082300 1084528 1086620 1093262 1094581 1096911 1099647 1100795 1102264 1104777 1108199 1108865 1109889 1111497 1113005 1119383 1120198 1122365 1123450 1125286 1126982 1128822 1130451 1133989 1135626 1136784 1138487 1140848 1142575 1147069 1148270 1149527 1151001 1151950 1154908 1156266 1160297 1162039 1164016 1171068 1173325 1177916 1181014 1181948 1182735 1185468 1186530 1188080 1188876 1190665 1194939 1196552 1198920 1205909 1207058 1208648 1210489 1215080 1218070 1219170 1223377 1224505 1225761 1227793 1229592 1232504 1233613 1234547 1238370 1240825 1243179 1246501 1249818 1250633 1252036 1254205 1256645 1257531 1261397 1265150 1266432 1268478 1269711 1270708 1272155 1273248 1273923 1275546 1276438 1277331 1278649 1279774 1282400 1283148 1284462 1287385 1288229 1291160 1292335 1294463 1296119 1299032 1301132 1302875 1304769 1305920 1306913 1309197 1311123 1312745 1313929 1315276 1316428 1317610 1318918 1320494 1321324 1324835 1325906 1328070 1329345 1331182 1334354 1336311 1337842 1338597 1339908 1341376 1343891 1345316 1348499 1351242 1356019 1358433 1359977 1361548 1362874 1363942 1367078 1369056 1371380 1372259 1373506 1375927 1376871 1378199 1379408 1381822 1382957 1385347 1386389 1389785 1390568 1393205 1394508 1396783 1398077 1399325 1400566 1401231 1402172 1409310 1412786 1413893 1414924 1415838 1416962 1418900 1421817 1422815 1425374 1426775 1430404 1433515 1435684 1436929 1445083 1446259 1453564 1455816 1458471 1460321 1463803 1464808 1466083 1470005 1471130 1473029 1474232 1475478 1477986 1479278 1480532 1481587 1483486 1484362 1488083 1489550 1491508 1495500 1497081 1498129 1499960 1502052 1502821 1503900 1506495 1507727 1508861 1510570 1513710 1515717 1516971 1518388 1520124 1520995 1522473 1523723 1526325 1528005 1528778 1529820 1530830 1534482 1537516 1541382 1542460 1544063 1545327 1547722 1550554 1551552 1553739 1554621 1555310 1556594 1559196 1559802 1562063 1563670 1565938 1567694 1568515 1570838 1571896 1575415 1576490 1577388 1578941 1579813 1582952 1584387 1586008 1587362 1590142 1592157 1594386 1596862 1601524 1606862 1608358 1612923 1614312 1615675 1616571 1617603 1618681 1620234 1624991 1625712 1629520 1633112 1634560 1638162 1639251 1640470 1641644 1644694 1645614 1647586 1649078 1650445 1655729 1657332 1659994 1663026 1664871 1666699 1668263 1669582 1670568 1673801 1675530 1677004 1679897 1681485 1683000 1684541 1687524 1689282 1689962 1691570 1694046 1694859 1696979 1698092 1699488 1702145 1706757 1708308 1709926 1717596 1718554 1720181 1721478 1722960 1725543 1728865 1730896 1732570 1737669 1739210 1740975 1742009 1744613 1745720 1748392 1752450 1754505 1757989 1760156 1761640 1764105 1765555 1768599 1769688 1771081 1774397 1776246 1777782 1780074 1781041 1783796 1785904 1787089 1789267 1791063 1793463 1794245 1795679 1798822 1801634 1803138 1805463 1807339 1812520 1814307 1815965 1817092 1818578 1819712 1822067 1823389 1829059 1830114 1830887 1831838 1835241 1838120 1840204 1841358 1843399 1844913 1845619 1847578 1849064 1855923 1858793 1861208 1862656 1864931 1865604 1866750 1867469 1868766 1872474 1877937 1879872 1881318 1882230 1884093 1885454 1886525 1888230 1889242 1890580 1891375 1894464 1895304 1898254 1901117 1905277 1906772 1911346 1912292 1913124 1914930 1917538 1920197 1922967 1924297 1927500 1928378 1930409 1931370 1935655 1936941 1938971 1942100 1943079 1944173 1946765 1952662 1955179 1956265 1960987 1962070 1962829 1966078 1968419 1970851 1971857 1975116 1977296 1981714 1982359 1983754 1987601 1992929 1993814 1996870 1999110 2000307 2000975 2002840 2003558 2007340 2012207 2016182 2018693 2022353 2025392 2026995 2029988 2032016 2035419 2037141 2039551 2042544 2043216 2046532 2049536 2050250 2054101 2057959 2059163 2060581 2062655 2064240 2066990 2069196 2070451 2071370 2075628 2076375 2079432 2080626 2083127 2084573 2089028 2095385 2096593 2100995 2102923 2105288 2106715 2107838 2109352 2109885 2112153 2116783 2118652 2120357 2122081 2125755 2127431 2138958 2141170 2142474 2143545 2144809 2145798 2148384 2149702 2151681 2154129 2155000 2162391 2164026 2165324 2168573 2170044 2173317 2175387 2177391 2179769 2181038 2182623 2186036 2188345 2190317 2197008 2198273 2200692 2201881 2203359 2205502 2206191 2207790 2210200 2211116 2211886 2213922 2216742 2219141 2222879 2225376 2228857 2229923 2231389 2232604 2235859 2237456 2239086 2243412 2244597 2246638 2249765 2252634 2253487 2254221 2255413 2257350 2258835 2259775 2261140 2262135 2269042 2270003 2270950 2271725 2275027 2276426 2278345 2280779 2281653 2282744 2284343 2287329 2289653 2290473 2292595 2293443 2294852 2296266 2300477 2301105 2302542 2305067 2310900 2312134 2313641 2315048 2316736 2320259 2322089 2332926 2335288 2340616 2343233 2344691 2346699 2350322 2352741 2353785 2357069 2358065 2362578 2365912 2368852 2371259 2372279 2373286 2374883 2375681 2377788 2378412 2379308 2382826 2384434 2385226 2386213 2387225 2391826 2393897 2395132 2396116 2397381 2398665 2400873 2404177 2405586 2406934 2408244 2409938 2411401 2414991 2417845 2418423 2422009 2424806 2425965 2426754 2427600 2430224 2433389 2435433 2436701 2439576 2441619 2442825 2443589 2444885 2446952 2448796 2450842 2452361 2456702 2457345 2458433 2459889 2460994 2464682 2469486 2472940 2476198 2479400 2481956 2483149 2488403 2490677 2495674 2496854 2498013 2499130 2499833 2500627 2503814 2505905 2507048 2508058 2509902 2511044 2513554 2514859 2518521 2519563 2523293 2524626 2527380 2528496 2529516 2531922 2534209 2537700 2538926 2540417 2543867 2545959 2549177 2550774 2551925 2553014 2559134 2560702 2563788 2565082 2566669 2569316 2572624 2574115 2579250 2580741 2584549 2587380 2589086 2591654 2592691 2593340 2594722 2595755 2597345 2598909 2599896 2601420 2605538 2607387 2609263 2610670 2612284 2613111 2614326 2616509 2621594 2624724 2630144 2631015 2632387 2638453 2639106 2642160 2643618 2644666 2646632 2648402 2652490 2658304 2659683 2660633 2662095 2665195 2671661 2672845 2674480 2676073 2678768 2679952 2683519 2685121 2686561 2689125 2692612 2694237 2698006 2702724 2703212 2704192 2705471 2707744 2708854 2709498 2711406 2713395 2715641 2718925 2719746 2720920 2721683 2724123 2725102 2727162 2729751 2731370 2734521 2735832 2737047 2739023 2740119 2741513 2742722 2748585 2750224 2751548 2752951 2757099 2762300 2763942 2765891 2768140 2769406 2771335 2771865 2775006 2776926 2777760 2784233 2788128 2789652 2793543 2796078 2800366 2801735 2804617 2806161 2807744 2808870 2809989 2815981 2816699 2817450 2819721 2823087 2823842 2827521 2830021 2830975 2832435 2835581 2836713 2838736 2841278 2842783 2847117 2854232 2855169 2855789 2857722 2858693 2860970 2864652 2866117 2867093 2868087 2871209 2873034 2875422 2877655 2878516 2883336 2885661 2886266 2890730 2891964 2892755 2895363 2901346 2903233 2904228 2905500 2907129 2909323 2910316 2912358 2916784 2923815 2924754 2928044 2928966 2929849 2931961 2933827 2936862 2939551 2944339 2946622 2947973 2954481 2955961 2957466 2958349 2961623 2963033 2964780 2966528 2971370 2972050 2974564 2976800 2978659 2982261 2985630 2988083 2992147 2994567 2996351 3001169 3005282 3006484 3007842 3010279 3011284 3014396 3019697 3022753 3024764 3028696 3029307 3030336 3032572 3033402 3034764 3038324 3041070 3044177 3045492 3050719 3053647 3056416 3058644 3063291 3064409 3066224 3067781 3071499 3078771 3079783 3080379 3083259 3087979 3088845 3093456 3102044 3104525 3107436 3112721 3113770 3116807 3117606 3121866 3124669 3126185 3128427 3131509 3132776 3134703 3137764 3139989 3145531 3147877 3151645 3153414 3156133 3157464 3158456 3160386 3161294 3164323 3167892 3168934 3172353 3174449 3175390 3176815 3180049 3182380 3184422 3188148 3189036 3191692 3192381 3193714 3194685 3197894 3199932 3201628 3202534 3203459 3205447 3210964 3212429 3214569 3216728 3220069 3221579 3222378 3223670 3233322 3238461 3241109 3243161 3250235 3251565 3254723 3255736 3258234 3259477 3263717 3265288 3269436 3270157 3276558 3280294 3284176 3285558 3288153 3289393 3293734 3297124 3299626 3303582 3305521 3307167 3309509 3311069 3313664 3315680 3316747 3317770 3319278 3320393 3322502 3325722 3328700 3329743 3331600 3335967 3340488 3341816 3345498 3348786 3350745 3354582 3356645 3357863 3360439 3363620 3364529 3365384 3367090 3368087 3369370 3370146 3373519 3380861 3383479 3384987 3387457 3388305 3390098 3392833 3396583 3401967 3404131 3407840 3414799 3416771 3418879 3425685 3427278 3432571 3436615 3438925 3440680 3442069 3448598 3450055 3450997 3454075 3457310 3459074 3460058 3463862 3466402 3468116 3469626 3471573 3477221 3479735 3480960 3483660 3485571 3487718 3490221 3492130 3493111 3495066 3496452 3502031 3503110 3504383 3505307 3508632 3509471 3510871 3513102 3514112 3515045 3519134 3519928 3521688 3524412 3526818 3529292 3538102 3539929 3541141 3544404 3545390 3546489 3548343 3551989 3554170 3555979 3557649 3558761 3560495 3566226 3568720 3570502 3572009 3574125 3576078 3579292 3581877 3584321 3585442 3588014 3590884 3592355 3593208 3594490 3595222 3597348 3598182 3601009 3605206 3607724 3608670 3610778 3614695 3616197 3619507 3621373 3623109 3627253 3628022 3631073 3631943 3633524 3634771 3636422 3637165 3638151 3639639 3641125 3642684 3645641 3646980 3648107 3649776 3650858 3654692 3656075 3658132 3660439 3662400 3664272 3667656 3671465 3672932 3675169 3676946 3680570 3684973 3685853 3687697 3689806 3690655 3691388 3694936 3696136 3698550 3703475 3704582 3705866 3706935 3709897 3711517 3717528 3721089 3722266 3725487 3726191 3727399 3729513 3732146 3733366 3735291 3736396 3738418 3739202 3739879 3741322 3741834 3742776 3744594 3747251 3748179 3749549 3750800 3751747 3755955 3757658 3761843 3763403 3765639 3766462 3767593 3771169 3773465 3774490 3777428 3779082 3783855 3786239 3788103 3789570 3790619 3793323 3795690 3797392 3804560 3805766 3806657 3807982 3810964 3812330 3813446 3814113 3815780 3818142 3819677 3821102 3822774 3824508 3827555 3829475 3833222 3834406 3837094 3840958 3842134 3843101 3848015 3848679 3849699 3851600 3852148 3854708 3855818 3858782 3860275 3863744 3864440 3865916 3867883 3870163 3872376 3873488 3876626 3878458 3881434 3883505 3885717 3886842 3888162 3889533 3891040 3891846 3896228 3903449 3908029 3909603 3910454 3912255 3913300 3915123 3918877 3920318 3922233 3923776 3924570 3927440 3928865 3929873 3930715 3933876 3937493 3941938 3942741 3943453 3944905 3946680 3949548 3950949 3952024 3954412 3958292 3960235 3962338 3965191 3968480 3969894 3971649 3977285 3979935 3980920 3982541 3983952 3985390 3987362 3990500 3992202 3993440 3995638 3996843 3999295 4001550 4002724 4005818 4006850 4011089 4013203 4016394 4017692 4019361 4020206 4020779 4021554 4024977 4027631 4031241 4032997 4034672 4040310 4042502 4044699 4047730 4050398 4054300 4062626 4063720 4067204 4069468 4077283 4084287 4086567 4087773 4089256 4092202 4093596 4095042 4096230 4096837 4099966 4101222 4105320 4107536 4108217 4109607 4110711 4111359 4114144 4115104 4116652 4119677 4121503 4122419 4124135 4126564 4129817 4131106 4133437 4134320 4137356 4138288 4140915 4142383 4143134 4147006 4148611 4151033 4152021 4152907 4153519 4156218 4157983 4158979 4160861 4164871 4168047 4168918 4170463 4172663 4179126 4180117 4181957 4186372 4187189 4188108 4193273 4194819 4195915 4197889 4199134 4202125 4205144 4206323 4208099 4212724 4214059 4215439 4217178 4218024 4218513 4222739 4224615 4226086 4232441 4235094 4236396 4238125 4240077 4240857 4242605 4243816 4244779 4246466 4248766 4251223 4252142 4255622 4256994 4259766 4262818 4264042 4265258 4267266 4268402 4269699 4270554 4273438 4275089 4275621 4280295 4284978 4286933 4288559 4294044 4296177 4297250 4298539 4303389 4304709 4305509 4306581 4308725 4313034 4314654 4317554 4318362 4319082 4320852 4322605 4331377 4335838 4338747 4340928 4341762 4343588 4344642 4346938 4350120 4352266 4353575 4354697 4359977 4363875 4365280 4366878 4368285 4369085 4370449 4373646 4375427 4380297 4382593 4384362 4387038 4389383 4391068 4393495 4394677 4397504 4398653 4402326 4404138 4405364 4407250 4409878 4411035 4413466 4414155 4416571 4417539 4418835 4421119 4422826 4425150 4426993 4428416 4429375 4431634 4434468 4435197 4440510 4443876 4445838 4450590 4456364 4458928 4461153 4462383 4463725 4468472 4472730 4474831 4477159 4478944 4479794 4486587 4487910 4490172 4491087 4495446 4496172 4501026 4502640 4504592 4507719 4509730 4516732 4517499 4519579 4521975 4522761 4529344 4531658 4537499 4540993 4544491 4546591 4547571 4554364 4555018 4557485 4558454 4561686 4564166 4565663 4570868 4575851 4576873 4578716 4580675 4585007 4587486 4588179 4590187 4591983 4594936 4599449 4600587 4602685 4604818 4609065 4609723 4610565 4617810 4620304 4622135 4622972 4627299 4629316 4631657 4632356 4633706 4635231 4637430 4638325 4639343 4642719 4645428 4646506 4647598 4649591 4652249 4654394 4655231 4656227 4657905 4659394 4660134 4661571 4663977 4667494 4668122 4676739 4680736 4682933 4686753 4691984 4693505 4699753 4701334 4702534 4704029 4706377 4709670 4710810 4718139 4719728 4720739 4723539 4724307 4726428 4727900 4729486 4732133 4734532 4737611 4738729 4740437 4744348 4747754 4751328 4753241 4755040 4757271 4758423 4760182 4761944 4763880 4768233 4769296 4770702 4771927 4774197 4776936 4777926 4779790 4783902 4788252 4789054 4792819 4793917 4797587 4799537 4801207 4802237 4803737 4804884 4805791 4808913 4811060 4813398 4816198 4817009 4818086 4818994 4821469 4823618 4824745 4825796 4829185 4830001 4830976 4834714 4836685 4837827 4839209 4841054 4841864 4844390 4846381 4846980 4850572 4852501 4854438 4857213 4857914 4859950 4861048 4862806 4865284 4866343 4869810 4873237 4874708 4876537 4878709 4879874 4880698 4884049 4886386 4889537 4890764 4892655 4894153 4896744 4898471 4899589 4900932 4903757 4904990 4907672 4910189 4911354 4914905 4916567 4921981 4925086 4927591 4929158 4930326 4934390 4935506 4939656 4944992 4946170 4947312 4948955 4953008 4954097 4956732 4959859 4964609 4965106 4966009 4966850 4968698 4971732 4972894 4974823 4976212 4977925 4979393 4980470 4981424 4982099 4984684 4986880 4988919 4989598 4991470 4997993 5003081 5004233 5005593 5008069 5010080 5011592 5017176 5018049 5019653 5021730 5028234 5032482 5033895 5038962 5040613 5043541 5044962 5047842 5052593 5053823 5055186 5057480 5058701 5060787 5063039 5066768 5067863 5071337 5075666 5079093 5081700 5085059 5085750 5088336 5090060 5091006 5092507 5094202 5095706 5096449 5098562 5100976 5105720 5109341 5111305 5112861 5115555 5118629 5120956 5122940 5124052 5124708 5127234 5130478 5132821 5134034 5138405 5140089 5141957 5143677 5144955 5146549 5150594 5152604 5156443 5159068 5161015 5162805 5169664 5173018 5174550 5176382 5178264 5181487 5183585 5184818 5186191 5191690 5199771 5203381 5204108 5205496 5206856 5208574 5215279 5217669 5219240 5221510 5226912 5227536 5229442 5236026 5238970 5242488 5244227 5246574 5247843 5249924 5253533 5255938 5260804 5262669 5263902 5264913 5266252 5267292 5268377 5269158 5271140 5273815 5274746 5276515 5277446 5278818 5280125 5281356 5283511 5286304 5287456 5288328 5291030 5293916 5298852 5300181 5303902 5304910 5306145 5307356 5309036 5310520 5311391 5313242 5316524 5320800 5322431 5324573 5327223 5328240 5330039 5330975 5335018 5336131 5339071 5342353 5344921 5346675 5348234 5351236 5353365 5354878 5357245 5359524 5362194 5365976 5369963 5371605 5373390 5375117 5376663 5379079 5380665 5385440 5388319 5389083 5389894 5392576 5394021 5396101 5399974 5403158 5405239 5407376 5409729 5411178 5416712 5419156 5420366 5423976 5425355 5426362 5428362 5431451 5433388 5435461 5439300 5441829 5442787 5446058 5447284 5448333 5449121 5451502 5452826 5453800 5456176 5456970 5457592 5458910 5460803 5462475 5463181 5467402 5468255 5470161 5471393 5473364 5474180 5483756 5485351 5486960 5490991 5492048 5496100 5498770 5499460 5505040 5510764 5512758 5514459 5516692 5517669 5518811 5520004 5522261 5523265 5526280 5527712 5529770 5532215 5533059 5535068 5536859 5540619 5542922 5543870 5545672 5548386 5549591 5550854 5552281 5555047 5557582 5560177 5561501 5562194 5563914 5565447 5568126 5569706 5571767 5581406 5584123 5586483 5587608 5590035 5591471 5592682 5593985 5594892 5596494 5596913 5601430 5603429 5604819 5608648 5609804 5613206 5614672 5616438 5617900 5621006 5621930 5623292 5627254 5628337 5629256 5631794 5634423 5635396 5636421 5638306 5639396 5642082 5643134 5644297 5649791 5651528 5653167 5655636 5658909 5660921 5662033 5664176 5666318 5668254 5670877 5672118 5675487 5676858 5681477 5684754 5687455 5688892 5692662 5693562 5697481 5701588 5703840 5708308 5710779 5712800 5717487 5720173 5721948 5722970 5724045 5726782 5731853 5733492 5734280 5740921 5743864 5745110 5746960 5751193 5753527 5756994 5760609 5761917 5764420 5765766 5766873 5768755 5769255 5770939 5773639 5774541 5777258 5778061 5779171 5780882 5781825 5784164 5785573 5790781 5792770 5794569 5796671 5798163 5800313 5801417 5803653 5805349 5807852 5808874 5812094 5816307 5817577 5818838 5819411 5821017 5822139 5822911 5824825 5826290 5828520 5830824 5833503 5834726 5836331 5839029 5842171 5844045 5844876 5848663 5850788 5852730 5855375 5859655 5861438 5862348 5864333 5868360 5871508 5873310 5874977 5876651 5877600 5879397 5880169 5883555 5888721 5891207 5892755 5895988 5896843 5898107 5900454 5901206 5903086 5907979 5909236 5911247 5912473 5913376 5915401 5917534 5918395 5920125 5922368 5923234 5925940 5927328 5928533 5930813 5931660 5933941 5934908 5936537 5939130 5942266 5944624 5947765 5949293 5955160 5960296 5961616 5964189 5967231 5968235 5973539 5974801 5977460 5983821 5989340 5993596 5995089 5996495 5998191 5999619 6000861 6002833 6003502 6005794 6009103 6009953 6015095 6016301 6017671 6022640 6023356 6024935 6026010 6028256 6030505 6031589 6033065 6033942 6034932 6037654 6040147 6041736 6043182 6045434 6046585 6049682 6053563 6055573 6056820 6058791 6060041 6063267 6064447 6065488 6066206 6067581 6069464 6070887 6071558 6072671 6073475 6074882 6077210 6079479 6083012 6084309 6085294 6090644 6091901 6093588 6095015 6096145 6098688 6101232 6105500 6107961 6110380 6114109 6116128 6117132 6118015 6119429 6120559 6124387 6125428 6129393 6133307 6134282 6136467 6137888 6140563 6142565 6144021 6146457 6150405 6154070 6157611 6160598 6161914 6164226 6167363 6170691 6171888 6174045 6177049 6178443 6179820 6180748 6183184 6186782 6191174 6194067 6196379 6197919 6201072 6202208 6204218 6206353 6208878 6210361 6213446 6216391 6218410 6224128 6227100 6228434 6229853 6231131 6232315 6233576 6235176 6238166 6240814 6241804 6242518 6246036 6248330 6250859 6251891 6253446 6254380 6254935 6256160 6257900 6261163 6262888 6264013 6268076 6269086 6271389 6273383 6277863 6279985 6281540 6283367 6285150 6288954 6294536 6299165 6300863 6304914 6306635 6311934 6314136 6315050 6316958 6318269 6320943 6323496 6326902 6329832 6331242 6334958 6336570 6337647 6338444 6341544 6342172 6344824 6346847 6347581 6349174 6350905 6353336 6354169 6354982 6358191 6359429 6366839 6368556 6369596 6371026 6372940 6374140 6378667 6381967 6383533 6386020 6387919 6388539 6391846 6394957 6397766 6399520 6400885 6402410 6403425 6405310 6407009 6410596 6412265 6413883 6414952 6416282 6417862 6419087 6421489 6422992 6425438 6427471 6428707 6434609 6437400 6438554 6439865 6440756 6443302 6444231 6449664 6451244 6452628 6455896 6460186 6469190 6471240 6472543 6475181 6477241 6478330 6483856 6485007 6489064 6489716 6490764 6491976 6493092 6496858 6499204 6500824 6504712 6505615 6508010 6509205 6511042 6512179 6514661 6517216 6520829 6522258 6523323 6525986 6528436 6529471 6531951 6537786 6539954 6541842 6543512 6544688 6546215 6548276 6551051 6553158 6554393 6556984 6558165 6559817 6565933 6568237 6569352 6570295 6572052 6576220 6577670 6579272 6581182 6583675 6585865 6586783 6587798 6589953 6591004 6593861 6594704 6597329 6598584 6600281 6603299 6605603 6609990 6610637 6611475 6613252 6614530 6616495 6618731 6620152 6622949 6624709 6625999 6627066 6630603 6631963 6637039 6639056 6640364 6642827 6644541 6646469 6648606 6650875 6653265 6654761 6656377 6658436 6659548 6661783 6662689 6668128 6669309 6670509 6672133 6674709 6680113 6681255 6687241 6688425 6689197 6692659 6693856 6696230 6698505 6700830 6702313 6709124 6712232 6714105 6715397 6716264 6717198 6719666 6721528 6722804 6724360 6725872 6727538 6728964 6731363 6731924 6733794 6736027 6737330 6740396 6743630 6744657 6747472 6750832 6753336 6755079 6756281 6757594 6760887 6763010 6764707 6766674 6768710 6771087 6774186 6776163 6777171 6779939 6784111 6785931 6786831 6788136 6791242 6792577 6794189 6795312 6798779 6801591 6803015 6807455 6808633 6809491 6811765 6814349 6818573 6819376 6822048 6825005 6826949 6827728 6828720 6830800 6836946 6838113 6838960 6842513 6845265 6845945 6848805 6850963 6854285 6856843 6857886 6860294 6861605 6863148 6865504 6866213 6868540 6871173 6873534 6875080 6876282 6877732 6880110 6882105 6885043 6888044 6891204 6893509 6896384 6898028 6902287 6906121 6907275 6908426 6909524 6910555 6912092 6918293 6921270 6922667 6924680 6928285 6930066 6931587 6933037 6935618 6936745 6938911 6941400 6942278 6942967 6944709 6945896 6947175 6948079 6948973 6950067 6951639 6954731 6956881 6957913 6960115 6963701 6965243 6971269 6972723 6973927 6975097 6978014 6980118 6981216 6982328 6983562 6985932 6987305 6989574 6990433 6993855 6997343 6998939 7001292 7006094 7009180 7010878 7012062 7012911 7014436 7016769 7019218 7020673 7025204 7026387 7029569 7030610 7033011 7034651 7036407 7037711 7040218 7042578 7044267 7045490 7046787 7047957 7049246 7051152 7052702 7053441 7056257 7058132 7059561 7060213 7062941 7065883 7068130 7069601 7071781 7074158 7078235 7079137 7081560 7086149 7088793 7090098 7092085 7093374 7094636 7096873 7098715 7101804 7103079 7103825 7105414 7109010 7117676 7118834 7121370 7123864 7124935 7125623 7127762 7130201 7132211 7135696 7137916 7139146 7140588 7142630 7144101 7146897 7148257 7149209 7150062 7151096 7153923 7157508 7158654 7160578 7162923 7163566 7164253 7168775 7169758 7170521 7173519 7175355 7176820 7178611 7179588 7180548 7182299 7184191 7186612 7190052 7194427 7197243 7202876 7203934 7207325 7210554 7211659 7213282 7214518 7215482 7218127 7219272 7221192 7229937 7232343 7233317 7240217 7242120 7243714 7247614 7248625 7251276 7253503 7255664 7256761 7259116 7260092 7265431 7267143 7268906 7273363 7275466 7276227 7278912 7280601 7283857 7285340 7286243 7287076 7287745 7290704 7292836 7294052 7299248 7300925 7303037 7303665 7304392 7312007 7313582 7319073 7322940 7325358 7326408 7327630 7328940 7330927 7337931 7339746 7343912 7346847 7348081 7349088 7352093 7353224 7354679 7357048 7358082 7360293 7362298 7365919 7367763 7369150 7370433 7371226 7372389 7375490 7382381 7383931 7388821 7391155 7395628 7396994 7401541 7402233 7405418 7406669 7408094 7408869 7410940 7412826 7413928 7418833 7421323 7423181 7424704 7427033 7429046 7431801 7433274 7436284 7436968 7443847 7445355 7448351 7449829 7451183 7453647 7457560 7459985 7460850 7462507 7467304 7470118 7471701 7474487 7477710 7479817 7480963 7482259 7483905 7486599 7489994 7492508 7493993 7496301 7497537 7498202 7499283 7501919 7504499 7505698 7510047 7511084 7513312 7517583 7521754 7523763 7525294 7533512 7534372 7535962 7538472 7540864 7547097 7547851 7549532 7553543 7558262 7560343 7561373 7562736 7564183 7564868 7566045 7567818 7568884 7570195 7571116 7573624 7576361 7577572 7579332 7581055 7582682 7584554 7586792 7591399 7595259 7596495 7598026 7598936 7600478 7601661 7602981 7606209 7607435 7612982 7613959 7615690 7620430 7621391 7622552 7624805 7627550 7630597 7631739 7632697 7636864 7638469 7639861 7642143 7645144 7645994 7648438 7649109 7650277 7654671 7655352 7656575 7658554 7659155 7661125 7661986 7666458 7669642 7671466 7672335 7673118 7675408 7676650 7679334 7681055 7683109 7685054 7685797 7687596 7688527 7691478 7692270 7692862 7694175 7695352 7697371 7698212 7699879 7701931 7705477 7708227 7710253 7711218 7712746 7713358 7718808 7720074 7722187 7724539 7725416 7728112 7730977 7732159 7737286 7738218 7738985 7740286 7741433 7743069 7743850 7748273 7751190 7752072 7754134 7755856 7756810 7759947 7761521 7763181 7764677 7766982 7769956 7771253 7772462 7773813 7775390 7777704 7779473 7780715 7783939 7785900 7787173 7790266 7792678 7795061 7796312 7797674 7800018 7809023 7810912 7811764 7813513 7820192 7822454 7824041 7826956 7828271 7832965 7833972 7835946 7838173 7840353 7841189 7846416 7849333 7851119 7853224 7855836 7858045 7861882 7862853 7864149 7865559 7867257 7868779 7869568 7871215 7872410 7874126 7876405 7879339 7881986 7883040 7884962 7887794 7888929 7890991 7896001 7897658 7901417 7904038 7906302 7907947 7913301 7915665 7916715 7921565 7922565 7924729 7929095 7932536 7933495 7935061 7936010 7938244 7940954 7943206 7944133 7944813 7946105 7949866 7950715 7953716 7954837 7956669 7957300 7958381 7962231 7964598 7965949 7971326 7972466 7973723 7977649 7980926 7985067 7987630 7988455 7989999 7991638 7995260 7996664 7998780 8000114 8001631 8002256 8004398 8006161 8010298 8012340 8013507 8015477 8017042 8019501 8023124 8026560 8028266 8030620 8034417 8038160 8044545 8045600 8049444 8050947 8052823 8056085 8057706 8059453 8062803 8065481 8066362 8067385 8069837 8071317 8073974 8077462 8081649 8083038 8086261 8088113 8090676 8092192 8095614 8096928 8100685 8103391 8105304 8106420 8107239 8109307 8111709 8112863 8114349 8115735 8116662 8118736 8121915 8123448 8124906 8128605 8137120 8137964 8140482 8141569 8146176 8148398 8151406 8152867 8159073 8164407 8166697 8171468 8174032 8176434 8177201 8181551 8183196 8185417 8189049 8190272 8191288 8193074 8193948 8196300 8201412 8202726 8204945 8208089 8209923 8211019 8214489 8217582 8220197 8223028 8224838 8226196 8227150 8228594 8229854 8231942 8237120 8243104 8246942 8248080 8251980 8254652 8256564 8257938 8259926 8262938 8265845 8267701 8271445 8274959 8277024 8277921 8279400 8281189 8282112 8283742 8284996 8285839 8287105 8290034 8291275 8293216 8298540 8300805 8302127 8303208 8304859 8307988 8309211 8310130 8311761 8313060 8314716 8320168 8321805 8326032 8327555 8331706 8333322 8335753 8337481 8341710 8343661 8346823 8349548 8353897 8355758 8358546 8359276 8361463 8362419 8365865 8367336 8369300 8372576 8373825 8375914 8378944 8380447 8381762 8383763 8385088 8385731 8387313 8389536 8392627 8393920 8395002 8396120 8397037 8402981 8405289 8406539 8408592 8409736 8411156 8412385 8419993 8421633 8423102 8424679 8426210 8430009 8431296 8438952 8440066 8445097 8446278 8448081 8450041 8451232 8452150 8454011 8455828 8458672 8462887 8464700 8467518 8469678 8471122 8473062 8477336 8478482 8479995 8482046 8483515 8484873 8487153 8490288 8491191 8495024 8497049 8499192 8500917 8503035 8507395 8510579 8514019 8517670 8519046 8521195 8522476 8524038 8525342 8526659 8528361 8529126 8530144 8531822 8533986 8535942 8539394 8540321 8541699 8543174 8544579 8546787 8550579 8552524 8553932 8555174 8556511 8557188 8561242 8567858 8571217 8572876 8574532 8575293 8577558 8580421 8584890 8587853 8588870 8589519 8591354 8594250 8597046 8597920 8599414 8600162 8601539 8604029 8607443 8608508 8612451 8616386 8616953 8618002 8618811 8621219 8623217 8625410 8628062 8629382 8634622 8635555 8636961 8638390 8640903 8641608 8642682 8644568 8645758 8647201 8649105 8655236 8659460 8661728 8662849 8663795 8666710 8670325 8672713 8677745 8678780 8680082 8683185 8685285 8686707 8688175 8690098 8691193 8695193 8696986 8697805 8700232 8701401 8705291 8706595 8710353 8711038 8713222 8714657 8716044 8717298 8720050 8724257 8726235 8727939 8729971 8730794 8731849 8734871 8740234 8741073 8746595 8750527 8752066 8754114 8756781 8757569 8759040 8760972 8762341 8766348 8767180 8768864 8771706 8774978 8776271 8778408 8782481 8785636 8787075 8788366 8791706 8792908 8794309 8796202 8798762 8800891 8802521 8809773 8811903 8813192 8814949 8818349 8819041 8821006 8821525 8823586 8825545 8827371 8829015 8833878 8837560 8839310 8840746 8842168 8844531 8846155 8849218 8851465 8852534 8853960 8856119 8857979 8858610 8859740 8861198 8863785 8865038 8869509 8871726 8873502 8879414 8881273 8882829 8884131 8888340 8889829 8891224 8892233 8898167 8899655 8902709 8903902 8906050 8907413 8908282 8910298 8912813 8913753 8915290 8918100 8920155 8921870 8927292 8930888 8934024 8935525 8937576 8939040 8941422 8942446 8943136 8945059 8947852 8948923 8950235 8953330 8954272 8955310 8959026 8960252 8960836 8962185 8963428 8964534 8965858 8968385 8970991 8973915 8976133 8980964 8985598 8986713 8988526 8989068 8991363 8992517 8994060 8994683 8995541 8997871 8999852 9001395 9002496 9003504 9004911 9005909 9008319 9009765 9010645 9013187 9015340 9016475 9018785 9022250 9023131 9026093 9029950 9032080 9033383 9034606 9036172 9037227 9038764 9043656 9045073 9047470 9049249 9050967 9054647 9057065 9057965 9059955 9062773 9063433 9064883 9068347 9069441 9070914 9072279 9075318 9077993 9081772 9084200 9085353 9086598 9087858 9091541 9092984 9095473 9099602 9101681 9107473 9110117 9111505 9112809 9115100 9117229 9118392 9123696 9125141 9129243 9130615 9133695 9135280 9138024 9139311 9140188 9144858 9145743 9148412 9150144 9150693 9152969 9154429 9155388 9160153 9160966 9162462 9163669 9165251 9166595 9169260 9171866 9173010 9176544 9178996 9180132 9181832 9183278 9184032 9184592 9185231 9186991 9190320 9192115 9194962 9197396 9198428 9201861 9206301 9207622 9209853 9211612 9214074 9220217 9221413 9224339 9227387 9229038 9230644 9232013 9233313 9234719 9237279 9239583 9240984 9243318 9246800 9247975 9251904 9255187 9257590 9260381 9263204 9264631 9265658 9268041 9269960 9273303 9274030 9275260 9276985 9277432 9279157 9280889 9283500 9285091 9286335 9287176 9288820 9289874 9293450 9295352 9297614 9307823 9308851 9311159 9313325 9314825 9315804 9316743 9317918 9321222 9323630 9324588 9326983 9328414 9330476 9334724 9336388 9337683 9338686 9340506 9341459 9344754 9350479 9351356 9352977 9354876 9355789 9359865 9362024 9363807 9365669 9369426 9372406 9373438 9375955 9382774 9383908 9387572 9388607 9389898 9391939 9394104 9394872 9401520 9403004 9405080 9410837 9415383 9418658 9419959 9420957 9422079 9423872 9426341 9427695 9428168 9430092 9432159 9439067 9440607 9442536 9444357 9444970 9453622 9455489 9456220 9457716 9458678 9460753 9461607 9462679 9466394 9467693 9470554 9471661 9474928 9480557 9481512 9484344 9489730 9490612 9492519 9493747 9494802 9498521 9500796 9503806 9505055 9506522 9508285 9510177 9512020 9516391 9517178 9519170 9521059 9525318 9528187 9530709 9536164 9538449 9539645 9540915 9542722 9543934 9548098 9550081 9550674 9552253 9559051 9561437 9563076 9568761 9570167 9571588 9573416 9576262 9577053 9580218 9587840 9589365 9590161 9592500 9593447 9594131 9596004 9596843 9598257 9603693 9604618 9605884 9606509 9607786 9611129 9613279 9614632 9616639 9620378 9622171 9623610 9626776 9629916 9632069 9633719 9635271 9636621 9640344 9642323 9643454 9646504 9649007 9650085 9652525 9653454 9654504 9655803 9657878 9661489 9663271 9665049 9667266 9674359 9677580 9679538 9681749 9684438 9685214 9687084 9688760 9690222 9692067 9693040 9694428 9695645 9697244 9698708 9700362 9702125 9702623 9704255 9705634 9706538 9707837 9710007 9714106 9715699 9718111 9719617 9720600 9721743 9723250 9725000 9727004 9728929 9729666 9730262 9731899 9734203 9735375 9741879 9744166 9747355 9748487 9749365 9752463 9753780 9755531 9757010 9758838 9761703 9766333 9770092 9771777 9774110 9776079 9776961 9780042 9781419 9783183 9785587 9787842 9791015 9793104 9796846 9799806 9800742 9802459 9804230 9807044 9809366 9812201 9813733 9814982 9817016 9820487 9822999 9824196 9827154 9828407 9829668 9832729 9834627 9835405 9838774 9839851 9842583 9843709 9847507 9848858 9850892 9853101 9854911 9855776 9856946 9862906 9864385 9865737 9873329 9873976 9874872 9878717 9880671 9883525 9884380 9886206 9887034 9888553 9892459 9894142 9897024 9898129 9899105 9900659 9902335 9904475 9905715 9907214 9908382 9909525 9914292 9916043 9917922 9919238 9920506 9922157 9925513 9927119 9928803 9930166 9932988 9938115 9939501 9940477 9941508 9942843 9946900 9951000 9951739 9954215 9959458 9961274 9962179 9963936 9965298 9966116 9967108 9967899 9970379 9973107 9975424 9976392 9977384 9978915 9980239 9983578 9984865 9987052 9988259 9989552 9990772 9991648 9993312 9997058 
</Matrix>
<Matrix name="Neuron_277" type="complete" rows="1" columns="1880" multiplier="1.0">
   6328 9550 14074 15820 19297 24047 27738 29502 34793 43557 44886 46222 50148 51866 62423 73732 81036 84234 92548 94171 106231 109124 110489 113121 119310 121100 131291 136225 142841 144849 159458 161640 169025 173874 178152 191783 197845 200582 209980 212193 214429 217820 219204 228108 230754 231755 232784 243202 245051 259484 275889 284993 291214 301710 308004 313517 323584 329921 330919 335347 336993 338042 340665 354064 368969 371118 374596 377038 381167 383265 398562 405716 407800 409120 414272 420585 426414 430332 433186 434483 436881 446679 456471 466019 469435 470212 471442 481714 485106 488722 494035 497223 504861 507071 509116 518409 525868 527995 530676 537064 542839 554086 556893 559528 564426 566030 568646 602905 616724 619795 623003 624568 625802 630414 631433 633624 639188 642755 649948 659771 661191 669016 673780 683955 686701 698895 708210 711581 722108 726514 728321 735428 737566 738234 741505 742354 765042 776159 778091 781133 782645 789316 796996 798896 806543 809842 812563 814900 816451 818164 820712 825267 830716 833219 844404 847440 856977 859237 868556 870247 872046 875494 879754 883548 884561 888040 890327 901212 906517 909135 910040 912326 917036 921682 922893 923950 931577 932784 936101 940310 944397 946228 948455 952256 953524 955825 958914 972661 983771 992171 995719 997336 999797 1000891 1005242 1006674 1008251 1017224 1018073 1022018 1029864 1034048 1037134 1043080 1044643 1046816 1056386 1071489 1075953 1079694 1086053 1090266 1094445 1097347 1105449 1106775 1116677 1122231 1125367 1136206 1137581 1139220 1139961 1141171 1144055 1145354 1153684 1157249 1170604 1181278 1184033 1188037 1190405 1191801 1195921 1197429 1199564 1205138 1208986 1210372 1212175 1218708 1220127 1224185 1235656 1244324 1249754 1255235 1277991 1283512 1291307 1292736 1294576 1297166 1300085 1304542 1315967 1316893 1326779 1327912 1330608 1334049 1335684 1340773 1342707 1356990 1358875 1368719 1371098 1375071 1377132 1383378 1390682 1392422 1401396 1403715 1407251 1413687 1422877 1432195 1434931 1436481 1445588 1447320 1450109 1468636 1471187 1472372 1476371 1477482 1488485 1497550 1502756 1504401 1518779 1523213 1527924 1536446 1545814 1554015 1557155 1566234 1567587 1571275 1574297 1578681 1587292 1593405 1594913 1596036 1600625 1602292 1609277 1610135 1612662 1617936 1622418 1631076 1633365 1637054 1638639 1649498 1652855 1660038 1661509 1669599 1675517 1683832 1686863 1690242 1700004 1703158 1714637 1718004 1723386 1735021 1739425 1742923 1745342 1758808 1760490 1770949 1773845 1777412 1780556 1784993 1794623 1798171 1802775 1804772 1809334 1811682 1821712 1828959 1831822 1841639 1843341 1851284 1856662 1867213 1873693 1883071 1894230 1900075 1907845 1913616 1925488 1937692 1950283 1952453 1955926 1965030 1967425 1970363 1986421 1998443 2001524 2003274 2005836 2009064 2016308 2018470 2021668 2024064 2031725 2042172 2061899 2067349 2088474 2091318 2101365 2113341 2114711 2118810 2120741 2123872 2127772 2145550 2149701 2151950 2157115 2164057 2182629 2186645 2187596 2196184 2203558 2206113 2210120 2211500 2214562 2226797 2228693 2237883 2240898 2242585 2245568 2248618 2254565 2261241 2263419 2266627 2267926 2272021 2287533 2289550 2291051 2303415 2306566 2315112 2325213 2333341 2336513 2338468 2344493 2346242 2350125 2351456 2357741 2384399 2387331 2392050 2396246 2401443 2409993 2413164 2415034 2422594 2426099 2427460 2428369 2445846 2448653 2451731 2453628 2456832 2470763 2472336 2474676 2487917 2501038 2502750 2508699 2517103 2520394 2523389 2527060 2529140 2530235 2535859 2537632 2543068 2545912 2547137 2548938 2550364 2561058 2562746 2564305 2566110 2570804 2573444 2574489 2576065 2580364 2585563 2590931 2598872 2605439 2608159 2613356 2618078 2618879 2620920 2623717 2625826 2627999 2633123 2637568 2638886 2641259 2642770 2645250 2650082 2654591 2675040 2677075 2679216 2681635 2683820 2687464 2690263 2691556 2693861 2701863 2709388 2727671 2732133 2734809 2738449 2741669 2745458 2752272 2754181 2758030 2770202 2772667 2776722 2782590 2785421 2801047 2802673 2805028 2809111 2819527 2824854 2826689 2831060 2832965 2843061 2844226 2846121 2851125 2862286 2866811 2869615 2871718 2875818 2877793 2890543 2903415 2909833 2912186 2920989 2924009 2925569 2930386 2932008 2933158 2934333 2938262 2949160 2963731 2970168 2976425 2981922 2985534 2988121 2988935 2997116 3001021 3002547 3008948 3012096 3014522 3019226 3035166 3039500 3046104 3047100 3050239 3051237 3054984 3063619 3066832 3073175 3074027 3078654 3085062 3087082 3094614 3096123 3100362 3102301 3109842 3113738 3114950 3119946 3129550 3130659 3134263 3138322 3144062 3146504 3147785 3151525 3155440 3157660 3167058 3178094 3187888 3194628 3200317 3203589 3210701 3218670 3219986 3222485 3229473 3231002 3232803 3241683 3251459 3253069 3253980 3254879 3260327 3263147 3267596 3272472 3283073 3292303 3302209 3303009 3304295 3308297 3318681 3321380 3328613 3333306 3336499 3337944 3340743 3352797 3367115 3370731 3371544 3379402 3382769 3388290 3396514 3407111 3408612 3409892 3411005 3418716 3427596 3434272 3438447 3446363 3452592 3455179 3460943 3462126 3464510 3470054 3472638 3477475 3481149 3482581 3485415 3486863 3490451 3492440 3502742 3511164 3512803 3516943 3526966 3537641 3554594 3558813 3559649 3563574 3570387 3575729 3579330 3580337 3581415 3587257 3597348 3599322 3603186 3603962 3619795 3627963 3644590 3657389 3658764 3669827 3677337 3683992 3689545 3695984 3703920 3707448 3712650 3715264 3723687 3724875 3727802 3738337 3740791 3745340 3748146 3751115 3754206 3755913 3758087 3766414 3777542 3778928 3780512 3782278 3785010 3786227 3799042 3803323 3808498 3815094 3821846 3832325 3836626 3838863 3856804 3863557 3867192 3876771 3884505 3888989 3896581 3900054 3903776 3913313 3918832 3921678 3926580 3931558 3934099 3935429 3937745 3940136 3944257 3946521 3953735 3956967 3961355 3962318 3963650 3965754 3976437 3979359 3980757 3984391 3990059 3992831 3994936 3996199 4009417 4017482 4026079 4030731 4035022 4037222 4039321 4040728 4042658 4051927 4053472 4056537 4069673 4085636 4094191 4096209 4103140 4105645 4106815 4120604 4134728 4136300 4142220 4144892 4146019 4151866 4161615 4164297 4165377 4167991 4169206 4171530 4172706 4174901 4189264 4208790 4211573 4213464 4215347 4224485 4228097 4229317 4235683 4241959 4245182 4250052 4260774 4264321 4268455 4279822 4282408 4287321 4295566 4296816 4315180 4319020 4320496 4326991 4331556 4333265 4340405 4343241 4345066 4347998 4351358 4353234 4356126 4357876 4371527 4380134 4386491 4397449 4401957 4409219 4415507 4417477 4420352 4428984 4431275 4437548 4443956 4454302 4457077 4460550 4462072 4472151 4474237 4478234 4488687 4491590 4502542 4505448 4509066 4513936 4525638 4527657 4535198 4545205 4553466 4555185 4557868 4566190 4575563 4587734 4592753 4595446 4596256 4608453 4621390 4624969 4627073 4629326 4630926 4637294 4640232 4643116 4645276 4647717 4650926 4653960 4656926 4661180 4662491 4671125 4676309 4681386 4688099 4694768 4704892 4710445 4723485 4729644 4731129 4731961 4734837 4737863 4740467 4744611 4759966 4766879 4770393 4777254 4780871 4787012 4790427 4794506 4797894 4804025 4819554 4820595 4823446 4826408 4827754 4835924 4848989 4858022 4861665 4865091 4867753 4872029 4875520 4878690 4881362 4884215 4886386 4891084 4894217 4900316 4902227 4905379 4906973 4909820 4916675 4917911 4919407 4921698 4925173 4942980 4947965 4951634 4955980 4971746 4980890 4989413 4991002 4994054 5004797 5006498 5008510 5011281 5016105 5020767 5022367 5027283 5033364 5034620 5037381 5043611 5045658 5078736 5080560 5082650 5091361 5097090 5105544 5108353 5113307 5117833 5119775 5126034 5133055 5136254 5137897 5140985 5143854 5144951 5146796 5154777 5158047 5161183 5180251 5183673 5191588 5199606 5203435 5206716 5216089 5232638 5236623 5239611 5241827 5244395 5245536 5246596 5252474 5257123 5260291 5267265 5273086 5277717 5281630 5286400 5288019 5291343 5292299 5301627 5306671 5308620 5310352 5315934 5317382 5318624 5320727 5341966 5344016 5345454 5347340 5350054 5353311 5364938 5368665 5375892 5382150 5393080 5397885 5402302 5408740 5410421 5413882 5416446 5420524 5426889 5431119 5433839 5435210 5439359 5443500 5445433 5449539 5461828 5477765 5479983 5483569 5485324 5489782 5498268 5503469 5509069 5516239 5519811 5521617 5524446 5527685 5528913 5538492 5549064 5552113 5556105 5559103 5566628 5568140 5571544 5581727 5588255 5592063 5598278 5604942 5610472 5612830 5619039 5621554 5627728 5648034 5656235 5662710 5668893 5672825 5674804 5675516 5679305 5684791 5690269 5696793 5699996 5702314 5706656 5714133 5718278 5719632 5729062 5737797 5741031 5743040 5746090 5747739 5750725 5752249 5757921 5761467 5768638 5770257 5777329 5779384 5784415 5805677 5817147 5820632 5822760 5827302 5831019 5837887 5841719 5847291 5851417 5853851 5855157 5858818 5861879 5869514 5873876 5876472 5892353 5896404 5901546 5910567 5913485 5920260 5925424 5926854 5927684 5930370 5932882 5941019 5948158 5950551 5955245 5987819 5997454 5998446 6003531 6005203 6013169 6014274 6019035 6020121 6021614 6030393 6041224 6045326 6047540 6057727 6063430 6068104 6074936 6077274 6079509 6081729 6086270 6090112 6096378 6099204 6101100 6103719 6107307 6108851 6112839 6121294 6122990 6132965 6137830 6139112 6152557 6157486 6161295 6162496 6163918 6172674 6173833 6180154 6183671 6188322 6195406 6202330 6209222 6217302 6223130 6225411 6229831 6232192 6234943 6236674 6237515 6240110 6260293 6269809 6270886 6290317 6299044 6308097 6319162 6327969 6328931 6337467 6341553 6343592 6347802 6350209 6358408 6359210 6368480 6370504 6373638 6374624 6375863 6379851 6388000 6390553 6394806 6397804 6402247 6407038 6409174 6426340 6427373 6435215 6438085 6447908 6457265 6461544 6470364 6482340 6486266 6487860 6491940 6509406 6525826 6528585 6530171 6535488 6543045 6557055 6559806 6566098 6567457 6569720 6576859 6596728 6600057 6603525 6609569 6615768 6617386 6620352 6622630 6642413 6645198 6650059 6651764 6661345 6671059 6674334 6677513 6683941 6684898 6690867 6692871 6706980 6708551 6710910 6713287 6715969 6717495 6723943 6727880 6734687 6745113 6755772 6763813 6781838 6785351 6793318 6798416 6804989 6810962 6817815 6819377 6820887 6822686 6823667 6836067 6848011 6853256 6863207 6865076 6873443 6876583 6880466 6881395 6884625 6887944 6890867 6894948 6903910 6907285 6908499 6911237 6912989 6917799 6925207 6928438 6929932 6939290 6944967 6946632 6950755 6957313 6958152 6959785 6961317 6976876 6981977 6983132 6989749 7003089 7009427 7019571 7022592 7024808 7027552 7029094 7046307 7048057 7053378 7057094 7061772 7066787 7069895 7086781 7095375 7097818 7100572 7112927 7115619 7117526 7120919 7124226 7128937 7132188 7137118 7143480 7146528 7150493 7154346 7159626 7161578 7163653 7166870 7171239 7177714 7181086 7183130 7187824 7188891 7193769 7196099 7215955 7218766 7220815 7224097 7232792 7240664 7247839 7253337 7259756 7264457 7265220 7275619 7279563 7285613 7291055 7296033 7300614 7304549 7308186 7331771 7335113 7336335 7344347 7346431 7353033 7355950 7358812 7371939 7378806 7379994 7385336 7388162 7389588 7399190 7403159 7404907 7409447 7414079 7419227 7424546 7427671 7429224 7432264 7433275 7436617 7437807 7440388 7454165 7456597 7460876 7462114 7469137 7472952 7475811 7481712 7485757 7497781 7501743 7503969 7506154 7511698 7513426 7514909 7521528 7530092 7537539 7539616 7542414 7549672 7550800 7552941 7565081 7567481 7568751 7571062 7591346 7601721 7605434 7607560 7608498 7611975 7616472 7619417 7622737 7631073 7632257 7633766 7645267 7646839 7647962 7651852 7686135 7688952 7690321 7692006 7698028 7700022 7712568 7736875 7740048 7747687 7750388 7764142 7769126 7770720 7779399 7782015 7792513 7794011 7796029 7799686 7807897 7809636 7811050 7812889 7814480 7816426 7818677 7820246 7829728 7842338 7843439 7845882 7856702 7859131 7862230 7868759 7870608 7877212 7883414 7886802 7888945 7910581 7927928 7929046 7931575 7938310 7941442 7942277 7945750 7948040 7958149 7969300 7972609 7977661 7986819 7989471 7998095 8009299 8014775 8020675 8021790 8035044 8036109 8039018 8049262 8053929 8056521 8062714 8072612 8084343 8089749 8094315 8098988 8100511 8102561 8106012 8114841 8134007 8135557 8143745 8152161 8152863 8162487 8164239 8166662 8172506 8179036 8182534 8195349 8197025 8210257 8212511 8235873 8237638 8241254 8249221 8251942 8254594 8269692 8272432 8273570 8278673 8283110 8287119 8289296 8296081 8298843 8308076 8310755 8313397 8317594 8334094 8338526 8341636 8345638 8350453 8354117 8360116 8371189 8389435 8409461 8411869 8415332 8417054 8419133 8423655 8436444 8449422 8451837 8454117 8475087 8478622 8488702 8495965 8504395 8509351 8510962 8516056 8518316 8524822 8526825 8533037 8534610 8536852 8543906 8547872 8550481 8552094 8555899 8562646 8568952 8577341 8581068 8587344 8590127 8596832 8604818 8606152 8607851 8612353 8614099 8615568 8618443 8619847 8625170 8629478 8631403 8633986 8637799 8639745 8648949 8654401 8656036 8660672 8663482 8664609 8668440 8684974 8687094 8688764 8693348 8698670 8703648 8707574 8718753 8722995 8728061 8735122 8756395 8758574 8765533 8769385 8772657 8781939 8800316 8807650 8810169 8813602 8817284 8830494 8834348 8840902 8843715 8849303 8859856 8867305 8873932 8876331 8881042 8882787 8886692 8889204 8899041 8902492 8903851 8905383 8912368 8914240 8916597 8918049 8920628 8924111 8926567 8946176 8948933 8952400 8965271 8967254 8974709 8980754 8982035 8988876 8992475 8998165 9004654 9007574 9014143 9018311 9019554 9022655 9024268 9026258 9032671 9034557 9038010 9039425 9054461 9064482 9066234 9074294 9084932 9096463 9101264 9103592 9111296 9122074 9127607 9132686 9134164 9149595 9156852 9158524 9163575 9168735 9170205 9183284 9188001 9191096 9199538 9201077 9205123 9217080 9230652 9234209 9241148 9242646 9243701 9245060 9246220 9248305 9252885 9262628 9265312 9272756 9278963 9279901 9281255 9289011 9301148 9306114 9307514 9316850 9320567 9330230 9336022 9338862 9345406 9346779 9352305 9364927 9366802 9373094 9377396 9396895 9400874 9402171 9405447 9410819 9414123 9433254 9436243 9449971 9452456 9457921 9462081 9467996 9469509 9472485 9477011 9492266 9498117 9505399 9507932 9511239 9535606 9557471 9561534 9569347 9577053 9581941 9583237 9587294 9594034 9594902 9602538 9607776 9613039 9625095 9630584 9632928 9638145 9653313 9656465 9659010 9662933 9663913 9671183 9677999 9682234 9683838 9688757 9690418 9692193 9695809 9697589 9705415 9707520 9710388 9713577 9715338 9725480 9730317 9734045 9740494 9748604 9752364 9753919 9755372 9756784 9760046 9765302 9767439 9774852 9777883 9780867 9783785 9788670 9793911 9795777 9802835 9806687 9808534 9816770 9824750 9832779 9836852 9838163 9841932 9848771 9854577 9857890 9861714 9868574 9869953 9884685 9891056 9894810 9896089 9903521 9909231 9916304 9933042 9937710 9950613 9955659 9958935 9960904 9962919 9964753 9967482 9970130 9983911 9987419 9991692 9993098 9994997 
</Matrix>
<Matrix name="Neuron_287" type="complete" rows="1" columns="1323" multiplier="1.0">
   20181 21794 25424 34554 51564 57941 68659 72974 75409 81619 93608 99991 113905 117935 119580 121898 130627 135972 142219 147355 149181 163729 168512 176191 180911 196077 197756 200204 201836 209844 235220 236178 245456 249284 261237 275622 279083 283861 289637 294455 314171 316728 320972 324303 327692 332258 337564 356051 360222 368181 376577 377825 384793 389481 391588 395733 398610 418722 422193 425369 441119 448066 472343 476485 479659 499785 502286 515968 521831 535639 542399 545620 550957 563130 569670 570757 573744 586275 599333 604351 605325 608628 613604 619372 631864 638251 642078 651708 654974 656560 657899 672188 680872 687621 694227 706943 708713 713943 714975 720037 725715 734079 743220 747982 755254 759480 765014 771518 777113 778930 779964 788534 793787 813228 818191 825746 831541 832767 844658 849098 855371 858117 868126 877663 886038 889016 898725 902672 904183 924001 933331 935542 959052 961659 963399 965808 979464 980535 991479 998629 1010396 1016973 1018300 1019896 1022127 1024290 1025678 1031162 1043244 1051161 1057694 1058686 1066155 1067749 1068738 1070147 1072268 1086318 1096827 1102600 1110919 1113051 1117636 1125297 1129298 1134552 1137098 1170600 1177547 1190640 1194792 1196666 1205083 1207247 1210031 1214853 1230866 1232317 1236314 1248036 1273305 1294984 1304523 1307251 1308386 1309377 1332304 1336436 1342652 1348004 1350523 1359893 1375534 1376463 1383191 1389697 1393801 1396486 1403990 1404889 1413634 1415809 1416794 1434523 1444851 1456082 1470100 1475237 1476792 1479902 1481970 1483185 1486429 1496165 1502551 1504754 1517270 1538223 1539577 1549198 1572644 1585447 1588246 1603987 1635165 1637107 1643373 1649677 1653014 1669545 1684949 1691025 1697505 1715804 1722272 1752797 1759501 1763326 1775848 1789270 1792462 1796311 1804736 1819580 1826003 1849373 1853635 1861845 1875335 1900364 1909676 1918414 1919865 1922321 1927727 1946105 1949108 1952270 1961255 1968089 1987595 1989200 1994088 1996776 1998098 2006282 2014489 2022872 2027315 2034196 2045181 2046246 2059008 2070291 2088412 2090103 2093796 2094985 2099613 2108009 2109333 2119538 2141992 2143669 2158173 2171469 2173770 2181167 2199931 2206104 2208772 2241683 2249988 2263000 2269927 2272003 2279015 2286237 2317159 2324633 2342312 2353960 2355237 2360251 2387880 2391026 2400556 2403214 2414076 2434441 2443503 2447326 2458277 2461720 2462817 2464598 2467256 2473559 2476673 2480211 2486195 2501549 2511427 2513578 2526545 2529378 2530726 2532007 2537349 2539255 2540806 2542665 2544188 2546170 2548689 2558349 2569399 2581887 2588403 2590525 2592011 2599541 2608770 2620799 2632705 2636198 2638186 2644254 2658934 2672805 2675120 2679148 2690546 2694919 2696643 2701378 2703501 2709896 2717387 2721566 2727825 2732697 2739499 2756560 2760898 2762071 2775346 2776774 2780795 2786797 2794924 2801813 2804642 2806702 2807830 2836084 2848058 2874235 2881091 2886328 2888866 2893568 2895457 2898349 2906118 2911533 2913943 2921255 2924290 2968159 3022239 3023817 3047525 3058899 3062222 3065227 3070416 3077602 3083780 3106902 3118045 3121016 3125932 3127895 3130430 3133931 3135886 3137047 3149728 3152879 3156785 3166638 3169400 3175244 3176034 3182505 3185426 3189700 3193855 3210122 3210965 3212867 3256248 3259163 3265421 3271314 3287184 3288191 3296209 3298730 3301765 3305665 3307156 3310352 3319472 3320806 3339530 3340831 3342230 3355439 3381823 3387314 3388722 3390437 3397959 3399271 3406056 3407836 3418051 3418940 3453760 3474734 3476516 3483766 3485434 3494793 3502388 3508522 3514240 3519696 3524335 3527476 3533384 3537541 3541525 3548128 3549708 3552572 3554270 3569594 3575471 3579140 3583345 3589968 3598888 3604750 3641324 3642940 3645923 3660882 3669135 3674533 3677755 3680862 3686389 3693494 3697188 3707759 3717294 3733053 3735262 3753929 3762832 3766060 3767085 3768294 3780894 3802280 3806036 3827172 3828819 3843563 3859111 3872078 3873572 3877142 3896244 3907624 3912072 3915401 3924182 3934484 3947120 3957981 3959966 3972560 3976234 3989229 3998677 4013951 4017686 4021866 4026093 4041809 4050274 4052629 4063728 4074118 4082854 4097613 4101462 4109179 4136895 4142732 4146601 4148643 4150916 4156002 4181137 4191213 4192706 4195410 4212998 4214253 4215792 4220980 4254615 4263835 4268482 4271776 4281991 4293747 4297784 4303479 4317832 4321678 4325598 4326749 4331107 4336711 4338572 4353515 4355865 4359699 4361166 4364874 4387295 4392213 4393552 4398171 4399891 4404375 4414309 4419734 4425077 4428438 4437301 4446600 4458635 4481370 4483648 4489663 4499273 4502677 4504480 4508565 4524525 4527954 4529220 4535429 4546300 4548299 4549735 4551632 4553652 4555262 4559366 4562350 4575364 4579948 4585196 4586966 4614782 4636917 4639162 4659686 4683463 4685296 4686564 4690287 4694244 4695388 4702535 4710676 4727047 4729278 4741068 4748812 4770220 4775219 4776816 4791127 4795822 4796891 4798011 4806436 4819690 4823349 4825074 4829770 4836584 4852969 4857454 4860157 4862455 4871566 4872910 4877506 4880026 4881013 4882127 4884678 4886628 4888384 4892547 4899962 4901651 4912904 4914766 4916485 4926453 4930430 4931798 4934930 4939227 4942260 4950334 4952997 4955104 4956325 4958367 4966202 4979843 5009062 5016243 5020549 5026161 5033152 5046779 5049322 5057792 5062336 5070927 5072494 5089819 5093770 5095021 5097740 5101574 5112586 5114438 5117303 5126981 5130209 5131662 5140651 5142779 5146983 5149293 5153298 5164019 5175090 5178950 5195889 5196730 5199286 5202212 5227746 5242676 5246132 5248712 5253444 5257344 5274880 5276036 5283335 5284579 5305944 5311834 5317619 5320088 5324487 5334928 5340821 5342216 5345822 5347205 5348656 5365718 5367080 5389211 5394906 5400341 5411530 5421520 5423695 5427878 5454999 5458434 5468405 5473391 5474461 5477074 5485040 5489928 5493782 5499944 5521147 5527054 5533114 5536245 5549550 5555220 5566444 5568411 5602588 5604772 5609987 5613119 5616536 5635676 5638741 5643630 5647324 5675693 5693042 5696194 5703261 5729072 5751417 5754632 5762267 5766387 5767965 5772144 5776221 5779131 5782118 5784285 5790813 5797394 5810261 5818287 5820764 5839299 5845966 5860719 5872409 5886397 5889000 5895476 5898386 5902650 5909026 5915016 5916493 5925378 5929723 5934374 5941082 5943561 5948522 5958560 5967594 5981925 6004442 6008807 6020400 6029998 6035033 6038285 6041793 6069311 6076453 6078945 6095713 6096885 6103668 6116902 6120359 6123720 6136876 6141194 6153016 6163135 6166110 6174634 6181711 6184928 6197670 6199854 6219034 6228990 6241334 6253270 6271929 6273750 6277796 6287793 6296989 6299491 6302846 6324225 6326492 6329360 6339088 6351862 6355903 6359066 6366230 6369817 6371473 6382862 6385454 6405798 6415979 6422871 6430476 6432853 6435623 6451115 6460769 6472245 6477415 6478845 6497990 6501496 6507995 6512488 6515163 6520999 6540991 6547193 6552163 6563710 6566478 6573906 6592582 6594990 6597251 6600466 6602552 6607655 6609616 6622508 6625719 6628057 6632931 6644615 6655515 6658781 6662871 6666780 6671802 6682001 6691674 6703483 6704496 6722064 6724264 6733204 6743204 6756342 6766824 6778527 6780495 6782137 6792834 6796129 6800123 6803721 6809498 6818471 6833793 6836745 6868130 6884195 6887708 6893462 6903835 6906951 6911319 6919859 6943155 6948501 6951892 6952731 6955690 6959767 6968736 6971030 6978500 6994078 7008121 7011608 7014680 7037719 7040239 7055725 7064751 7066671 7068434 7088408 7105518 7121093 7131599 7146554 7149400 7164553 7168528 7169904 7178177 7186013 7193446 7195178 7207320 7215029 7219644 7226163 7232876 7235142 7245321 7256391 7258013 7267242 7269579 7272614 7279844 7284366 7290329 7294167 7303390 7305007 7318360 7324916 7362057 7365467 7368357 7374209 7384877 7393284 7397871 7415142 7418456 7421019 7426526 7435404 7458177 7466032 7471320 7475161 7477677 7487375 7497525 7500211 7503149 7522857 7531031 7533482 7536389 7555343 7561542 7569252 7571420 7578436 7591108 7593799 7597520 7608254 7619434 7623920 7625286 7630392 7632025 7640275 7645513 7652902 7660014 7664847 7669485 7686260 7702578 7728030 7733075 7741591 7744066 7759059 7764221 7772232 7779275 7784626 7785580 7794624 7802860 7806007 7809542 7820255 7825426 7854191 7855016 7866882 7878848 7890739 7892319 7894039 7900584 7903366 7906664 7923718 7958968 7966355 7968188 7969877 7972372 7973341 7979985 7982894 7986709 8013094 8022533 8025486 8028228 8034243 8045230 8055706 8058414 8072310 8073864 8075202 8111845 8113848 8116334 8131302 8153683 8158270 8162488 8165342 8175824 8177409 8185255 8187412 8189607 8193067 8194127 8199293 8220079 8227825 8231012 8235096 8236798 8241526 8244259 8251538 8271001 8284589 8288454 8301028 8309152 8324332 8327098 8328962 8333948 8344016 8356182 8357474 8365410 8368755 8378891 8381467 8382756 8385053 8388322 8394814 8396121 8397584 8402714 8414194 8424127 8428618 8442876 8445201 8446620 8454737 8457682 8459929 8461423 8465013 8467795 8501637 8503734 8546540 8553366 8556041 8558254 8561675 8566204 8568906 8582908 8584110 8598343 8617286 8624490 8636823 8640567 8643283 8656141 8661245 8668748 8670396 8688403 8690837 8702264 8703673 8706260 8719117 8721446 8728553 8737823 8743233 8747208 8754574 8756657 8760076 8765403 8768980 8776551 8786992 8806116 8812596 8835579 8836836 8840320 8856129 8857458 8859960 8861879 8864211 8879897 8887710 8902392 8911468 8919318 8939661 8946633 8950569 8953949 8955504 8966285 8973465 8995048 9000563 9003940 9005227 9009457 9025897 9040406 9041651 9045108 9050416 9061877 9078884 9083319 9085221 9093866 9094834 9097320 9099674 9102300 9107421 9118797 9123518 9132572 9134357 9140358 9142156 9144771 9150438 9156958 9182141 9196546 9197793 9200145 9203261 9212890 9216378 9218373 9232071 9234570 9239045 9246022 9248095 9250194 9253789 9266574 9271110 9272404 9275050 9276922 9299359 9321520 9323070 9326729 9331765 9336994 9345787 9368525 9375032 9382516 9386428 9409100 9429915 9437363 9447347 9457888 9459716 9469276 9471557 9474971 9485879 9493608 9502282 9510001 9516830 9529237 9542827 9551993 9555302 9579417 9592026 9607398 9609096 9620479 9627648 9630507 9636129 9646977 9653150 9663954 9678195 9689165 9690858 9694408 9697713 9706066 9712708 9728854 9733126 9743924 9758325 9762156 9770214 9775357 9779103 9785649 9797752 9805109 9812395 9815583 9832925 9839703 9842092 9853614 9860772 9862343 9865080 9875543 9880866 9887328 9888927 9891104 9896095 9905922 9910671 9915592 9917612 9923720 9926752 9929790 9935489 9941295 9945056 9948670 9949759 9953772 9958592 9963208 9968364 9969664 9973805 9976677 9986426 9993073 9995592 
</Matrix>
<Matrix name="Neuron_297" type="complete" rows="1" columns="717" multiplier="1.0">
   9858 25072 35264 41671 43342 48732 55127 58411 62767 76453 84106 97882 107824 121109 129569 130975 140934 169287 176152 194417 197636 203383 229079 234957 241959 247007 289465 295365 300240 305402 315810 321291 328844 338705 348389 362037 369674 378637 390143 405552 411029 423900 445677 457487 473343 503018 556388 590082 598112 642721 655145 672414 682830 688610 692881 700067 717871 727137 769567 776615 781523 782328 794261 799448 812282 817510 833345 839447 841152 843263 854352 886204 892235 898659 901322 928782 931636 963175 979431 1002586 1017317 1055786 1058336 1072338 1081702 1146660 1155758 1165283 1167612 1174352 1185676 1214603 1232221 1269409 1272445 1278556 1287286 1292555 1295492 1300295 1302203 1304362 1308788 1318380 1334106 1347388 1395491 1467861 1470373 1495367 1501998 1506473 1512835 1522114 1551832 1558470 1590490 1602047 1608891 1614809 1618506 1620835 1632029 1635308 1656789 1678693 1724592 1733395 1740943 1746003 1750119 1754550 1768446 1770233 1794837 1800823 1817470 1824858 1839418 1848139 1880755 1883236 1899437 1925908 1935452 1939997 1959527 1996204 2032647 2040070 2048903 2060925 2062859 2084376 2100650 2128587 2157233 2167095 2171592 2203678 2216246 2235925 2242563 2247145 2299975 2301637 2303738 2306579 2317839 2333559 2355886 2391751 2394272 2409110 2413042 2415796 2426112 2435275 2446853 2458908 2479116 2492719 2517377 2520971 2550735 2581286 2590983 2604359 2629240 2651486 2671606 2682902 2685742 2687127 2697795 2702833 2721376 2725965 2744502 2751982 2760144 2780870 2802727 2815515 2824494 2830607 2837593 2896771 2913317 2935153 2939888 2942630 2950705 2970516 2995385 3025421 3028113 3037229 3040598 3054094 3065964 3088782 3127934 3165074 3177606 3194567 3199123 3234742 3239572 3243147 3256275 3274788 3284758 3290045 3294902 3313312 3321413 3325527 3359841 3384888 3413681 3418807 3471159 3482154 3493222 3494415 3496238 3513135 3516978 3524056 3530592 3543670 3561796 3568527 3595593 3601237 3617854 3636430 3657108 3674650 3696462 3701352 3720212 3724603 3741009 3748241 3758934 3761988 3764430 3770786 3778754 3782215 3803843 3806747 3827403 3858972 3933758 3947230 3954265 3966268 3968551 3980046 3984929 4009536 4033368 4046742 4055156 4057108 4061819 4094915 4105116 4132615 4138988 4150401 4167237 4173413 4212250 4222305 4232886 4245343 4260445 4266509 4269764 4274166 4277257 4313755 4321011 4342616 4378482 4390089 4395573 4406524 4428233 4436298 4463124 4469774 4479850 4509106 4536159 4546124 4556867 4569963 4572269 4598628 4627607 4633475 4634425 4638235 4643130 4650046 4664058 4710108 4732010 4735771 4738964 4769353 4777237 4834014 4844039 4850560 4874680 4878498 4884589 4887621 4903753 4917206 4921941 4925913 4991870 4998356 5015756 5023407 5027533 5073613 5086669 5096204 5109429 5134976 5137389 5162465 5167804 5171417 5173324 5280965 5283924 5289929 5308016 5310981 5314537 5329643 5342627 5356873 5373765 5385294 5396719 5405295 5415853 5418706 5447529 5470193 5473739 5499879 5517505 5519973 5529761 5543025 5560633 5577453 5596307 5601672 5613247 5615565 5617036 5634833 5637720 5638889 5658173 5668271 5708212 5721447 5730165 5735702 5742243 5746741 5769557 5779247 5789412 5797640 5821005 5836907 5848391 5862152 5890154 5902713 5923849 5934300 5948757 5966738 5974749 5984538 5992846 5997962 6010435 6025103 6029064 6036890 6046096 6050560 6051941 6086475 6103791 6121909 6123377 6127848 6144284 6164361 6168996 6175195 6214235 6231984 6243695 6251137 6253886 6257984 6268388 6274147 6277369 6289098 6312716 6315842 6335586 6348408 6359365 6374821 6378961 6400573 6421414 6485206 6509661 6511192 6522574 6542075 6556081 6558550 6582927 6597452 6604843 6616514 6620065 6633363 6653678 6660272 6661998 6702702 6708154 6712597 6718316 6729091 6741432 6760439 6777446 6799048 6814822 6822239 6832243 6837551 6843057 6845332 6854293 6860664 6864752 6881048 6936436 6942293 6947665 6974528 7000293 7006003 7015269 7030285 7039795 7056038 7082957 7086006 7096726 7099841 7118260 7125110 7128591 7139067 7142493 7172708 7177333 7183274 7187602 7228815 7230177 7291624 7306387 7346292 7353495 7357345 7365395 7377810 7381749 7397822 7408017 7416712 7424785 7427681 7444745 7453957 7465152 7473613 7477272 7478779 7541350 7571739 7590388 7595641 7599620 7625120 7636107 7644401 7661047 7662331 7663688 7665028 7673719 7683727 7687523 7690758 7701048 7705401 7727244 7738920 7743746 7788150 7800006 7802614 7834647 7850779 7856725 7864601 7882614 7897542 7899891 7905056 7920720 7925433 7932628 7941247 7945189 7950492 7959237 7971127 7983253 7990087 7996633 8000565 8014657 8040699 8046812 8055515 8080684 8113168 8171526 8185734 8188201 8211363 8217105 8239281 8247674 8259298 8300094 8323422 8329350 8334369 8336247 8379465 8384935 8392562 8405404 8413278 8417824 8454554 8493044 8496374 8506825 8508764 8561507 8564846 8570551 8587429 8593606 8601556 8612889 8616008 8644864 8669355 8684234 8688594 8697352 8705878 8738828 8744433 8751995 8753538 8757330 8810734 8829493 8831240 8850591 8856906 8870689 8875854 8906116 8917852 8944457 8957977 8962873 9015689 9037303 9060250 9062550 9072724 9104446 9112060 9119144 9136229 9140214 9163333 9195397 9197549 9199117 9211927 9216226 9241446 9246025 9269717 9288750 9290689 9318607 9329672 9345057 9371181 9384242 9389422 9398031 9401906 9410402 9416638 9438181 9449833 9454588 9458303 9469580 9475737 9481218 9488422 9500370 9521415 9539777 9555205 9562563 9571618 9583222 9603493 9613217 9623601 9626406 9634709 9656095 9673106 9687019 9703940 9711221 9718942 9724682 9743038 9763309 9774544 9779888 9783072 9804177 9817713 9818630 9827049 9829001 9843226 9845207 9874782 9876557 9881611 9903916 9926769 9949120 
</Matrix>
<Matrix name="Neuron_307" type="complete" rows="1" columns="4479" multiplier="1.0">
   870 4481 8525 10361 13164 14863 15806 18304 21070 22926 24279 27520 30426 33169 34084 38225 39494 41671 42548 43998 46772 50742 52678 53619 56366 58826 61729 66435 68041 71138 72149 73693 75238 76237 79438 81083 81625 83620 84819 86865 87836 90368 91757 93048 93899 96316 98719 100192 102970 107496 108706 109999 111708 113960 116142 117475 119728 122145 123656 126977 128943 131122 133337 135537 136935 140414 147013 148764 149775 150632 152141 156010 156871 158146 159040 161319 162391 163995 164602 165927 167657 169930 174364 176077 177220 178067 181282 182931 184975 186058 188480 190387 192976 194394 195400 198152 200594 203253 204746 206529 207610 210500 213160 214808 217135 219202 221715 223431 224537 225761 227736 230141 231384 234003 236668 237632 243419 246051 248110 249070 250458 252471 254537 256632 257848 260124 261869 262695 264625 266035 268407 269751 270423 273274 275125 275835 276886 280023 283819 285440 286142 287167 289741 291974 294214 295675 296406 298867 300111 302006 303090 305146 307006 309031 314003 316483 317748 318886 321386 322615 323851 325335 326707 330182 333969 334854 336273 337371 339839 344499 346451 348162 350734 352078 352980 354307 355656 356553 358615 360355 362063 363794 367845 368854 372013 372681 377746 382478 387115 388439 389691 390996 392795 395289 398353 400116 402641 407093 408045 408977 411083 412860 414532 416047 419246 426291 429167 429983 431458 437181 439517 441327 445513 447579 449247 450429 452930 454513 460718 461952 462944 465024 466660 471864 473932 477803 478996 481062 482472 484781 489492 490427 492353 493199 496889 498321 505297 507592 509634 511130 512349 519303 520424 523481 525531 528979 530025 534725 535604 536923 538251 539234 542525 544699 546988 549327 550779 551718 552810 554117 556373 561238 564610 566445 569456 571554 572476 573364 578249 583582 585657 587767 595053 596704 597979 600538 602432 605048 609475 610938 612851 613605 614579 617342 619256 621321 624367 625966 627311 631452 632392 636279 637348 640032 641392 643962 647372 649125 653831 657822 658955 661091 663572 664705 672342 677384 678266 683109 688185 690637 693221 695861 697386 702552 705077 707124 709549 711228 712896 714555 716175 718144 720644 721580 725088 726185 728690 730046 731385 732447 734240 736334 737764 739608 745934 747932 749704 750994 753367 756562 758913 762664 764340 765595 767509 769823 771125 774254 776286 777560 779707 780450 782020 784585 786810 790825 791919 793854 795606 796576 798000 799322 803328 804844 806025 807002 808024 812172 813082 814949 817137 819061 821343 822659 824653 828231 831552 839005 841154 845039 850311 855370 855984 857464 860164 861219 864634 865719 868289 869540 871487 873256 875505 876399 878406 881383 882378 884456 886469 891049 894157 895369 896391 897902 898636 900518 901828 905996 909113 910573 914673 916306 919212 921765 922740 923880 924967 929044 930335 932323 933220 934040 937263 939830 942940 944871 945744 946765 947630 953080 957978 959765 961184 964576 966366 968315 970870 972480 973679 975036 980147 981377 983873 984910 988823 990734 994181 996271 997326 999411 1000979 1004320 1007498 1008764 1011441 1014460 1020224 1021746 1024546 1026337 1028766 1029979 1031504 1032481 1033318 1035036 1038415 1040217 1041060 1042151 1045641 1047408 1049434 1050597 1051655 1053270 1054484 1056280 1058792 1060352 1064950 1066234 1068097 1069469 1073366 1075180 1076527 1078844 1082246 1083480 1084491 1087421 1088822 1090885 1092311 1096272 1099325 1101799 1103459 1105013 1108026 1108792 1110503 1112987 1115222 1116443 1120573 1123799 1126785 1127988 1129874 1131469 1132290 1133856 1135949 1138805 1143483 1144340 1146800 1148617 1153668 1155066 1159397 1161095 1165468 1167295 1168217 1169840 1170642 1173168 1174070 1175169 1175917 1177984 1179158 1181020 1182513 1184617 1185206 1186672 1189524 1191492 1192749 1196293 1198096 1199101 1200986 1202341 1208327 1210715 1213810 1215164 1218750 1220308 1225701 1229365 1232702 1236969 1243466 1245252 1246102 1249609 1250537 1251667 1255258 1256104 1258478 1260204 1261796 1265630 1266948 1268369 1269616 1270899 1272901 1277980 1281799 1283704 1284845 1288173 1291248 1293357 1294573 1296694 1297633 1300693 1303367 1306174 1307356 1312209 1313124 1314249 1315658 1317588 1318534 1319557 1320999 1324030 1325935 1327283 1329440 1331859 1333718 1335174 1337123 1340398 1343683 1346561 1347164 1349814 1350881 1353206 1354394 1358457 1363218 1364179 1365636 1367043 1367842 1372203 1377175 1378348 1380920 1382438 1383600 1384637 1388072 1389596 1390954 1391658 1393268 1394889 1395621 1397942 1399008 1401559 1403754 1404544 1406695 1407945 1409848 1411055 1413086 1417104 1418831 1420695 1422263 1423445 1424752 1425571 1427529 1428940 1431074 1432387 1433411 1436849 1439700 1440820 1442436 1443061 1444887 1446332 1447932 1451202 1452113 1453388 1456701 1457882 1459885 1461260 1463705 1465818 1471198 1472614 1474935 1477049 1481034 1481638 1483476 1492636 1494578 1498033 1503814 1505162 1506804 1508850 1512402 1513975 1516062 1519209 1521523 1522131 1522978 1525077 1526729 1528144 1529437 1530296 1531150 1532212 1532942 1537190 1539221 1541158 1546091 1547189 1550890 1554533 1559723 1562818 1564276 1567249 1568412 1570087 1572252 1573537 1576115 1577179 1577993 1579777 1582093 1583127 1583829 1585460 1586529 1588041 1589885 1591196 1599580 1600975 1606432 1609201 1611330 1612499 1619609 1622248 1623184 1626705 1630464 1631042 1632077 1634445 1636179 1637147 1638467 1639460 1642464 1643628 1644359 1646063 1647412 1648230 1651009 1653258 1654916 1656256 1659051 1660126 1661460 1667662 1669326 1672283 1673961 1674489 1677727 1679294 1681345 1684035 1685403 1686120 1688821 1691188 1694116 1696106 1697571 1698808 1701362 1703118 1706478 1707447 1712497 1716761 1718312 1720513 1722954 1724048 1725627 1727159 1728209 1731400 1732520 1734369 1737338 1738841 1741370 1742703 1748523 1753270 1754592 1756888 1760180 1762461 1766476 1768154 1769910 1774197 1777062 1778723 1779914 1782039 1788849 1790315 1791803 1792534 1793529 1798316 1800404 1802609 1803246 1804906 1809486 1810759 1811961 1813574 1815420 1816658 1819675 1820980 1821920 1823643 1827108 1833582 1838230 1842101 1843224 1843837 1846538 1850067 1851354 1854071 1856969 1859896 1861017 1863765 1864799 1865895 1867743 1872534 1873771 1876979 1878590 1879986 1881427 1882695 1887406 1888573 1889664 1896267 1897050 1898891 1902862 1907331 1909243 1910331 1913443 1914422 1919061 1921639 1922802 1925454 1929112 1930706 1931641 1933428 1934283 1935832 1937169 1938202 1939292 1940083 1941317 1945225 1946173 1949728 1955497 1956709 1958333 1963557 1964625 1970421 1971198 1972188 1973078 1975690 1977141 1978516 1980788 1982995 1984799 1990277 1992873 1994315 1995199 1996923 1999533 2000577 2006434 2008120 2008870 2017717 2019986 2021584 2025865 2028391 2029960 2032774 2034468 2042507 2044185 2047989 2050579 2052528 2054551 2055858 2058156 2060040 2061742 2064172 2065181 2067123 2068784 2069825 2071769 2072739 2075611 2079386 2080866 2086653 2088323 2089187 2092422 2096174 2098598 2099423 2100873 2101857 2103199 2104821 2105817 2107476 2109992 2111747 2117950 2118846 2120833 2124776 2128248 2129286 2130857 2131851 2139802 2141200 2144872 2148654 2151692 2152800 2157675 2158504 2161154 2162062 2167501 2168616 2170988 2171950 2173464 2174147 2177536 2178772 2182269 2184366 2186224 2187873 2189975 2190906 2193191 2194557 2201618 2204286 2205813 2209610 2214488 2215514 2216645 2217992 2219782 2225072 2230345 2231536 2233064 2234568 2235979 2237108 2242064 2243751 2245059 2245963 2247406 2249032 2250608 2256254 2257471 2258459 2259245 2261729 2262591 2263892 2265197 2267094 2268311 2270517 2272033 2275392 2277225 2279227 2282425 2283549 2286365 2289629 2292920 2294469 2295263 2298893 2300174 2302605 2303744 2309611 2313910 2316073 2317309 2318444 2320169 2322037 2325247 2326242 2328659 2332001 2333147 2334041 2337567 2338952 2340145 2341005 2343843 2348516 2350729 2352522 2357458 2358471 2361718 2373535 2374507 2376798 2378504 2382241 2383598 2386121 2388917 2390514 2392392 2394390 2395407 2398249 2402931 2406230 2407894 2409663 2413284 2416233 2420671 2422928 2425607 2426763 2428063 2429893 2431696 2433498 2434674 2436477 2439470 2441430 2443913 2445472 2448111 2449042 2449781 2451545 2453248 2454656 2456983 2458587 2460469 2462671 2466579 2470783 2472064 2473986 2475674 2477191 2478531 2480453 2481422 2482962 2484890 2486055 2487342 2489400 2490739 2492755 2494546 2497223 2499004 2500200 2502573 2504485 2505249 2506983 2510146 2511462 2513044 2514116 2516074 2517866 2520166 2521296 2522424 2523607 2525428 2527374 2528608 2529658 2531337 2534707 2535962 2538167 2539974 2541576 2542491 2544002 2545475 2547126 2553244 2554841 2556067 2557158 2559552 2561016 2563084 2568788 2569894 2572029 2572737 2578102 2579556 2581211 2582268 2583686 2585921 2587639 2590049 2592037 2594636 2596688 2598137 2599550 2602501 2603425 2604320 2607097 2609810 2611866 2616624 2621085 2627108 2628119 2635303 2636316 2637543 2640686 2642741 2644052 2645339 2647028 2651057 2654480 2655538 2656374 2658565 2661689 2665729 2666641 2668426 2669747 2674090 2677956 2679819 2681347 2682716 2685235 2687598 2688916 2690190 2691372 2692583 2698018 2699825 2700930 2702267 2704233 2707185 2708282 2712579 2714327 2717485 2722254 2725649 2726797 2728716 2729670 2730684 2732647 2733561 2734575 2735513 2737073 2738179 2743383 2750204 2750836 2751807 2752756 2753919 2756027 2758180 2759956 2763218 2765100 2765957 2773278 2775160 2776730 2779563 2783093 2786868 2792904 2793645 2795152 2801777 2802891 2805869 2807126 2809757 2812192 2814777 2815802 2818472 2819585 2823501 2825116 2828483 2830831 2831989 2834294 2835857 2837367 2839605 2841125 2846159 2849138 2850418 2851817 2858917 2860229 2861827 2862794 2863539 2864873 2866407 2867590 2872883 2874069 2875143 2878055 2879030 2880678 2883677 2884783 2887472 2888299 2891194 2894227 2895666 2896634 2899060 2902156 2903139 2907203 2911460 2913417 2914903 2916704 2917864 2918558 2922444 2925998 2928559 2930130 2933250 2938364 2940393 2943799 2944972 2946605 2947630 2950226 2954005 2954793 2957037 2958459 2960654 2963119 2965358 2967546 2970842 2974048 2979926 2981413 2987597 2990122 2993270 2994418 3001276 3002531 3004714 3005899 3007078 3009252 3010571 3011905 3013637 3014722 3015470 3016857 3018216 3019205 3021507 3022804 3023894 3025616 3028274 3029058 3030578 3033203 3035202 3038324 3040999 3043327 3048570 3052961 3054941 3056992 3058236 3059586 3061875 3063073 3065243 3066197 3069809 3074603 3078713 3079858 3083103 3084381 3088161 3089532 3090985 3094651 3095609 3098799 3101025 3101948 3104219 3105329 3107410 3108721 3109812 3111704 3114376 3115619 3116691 3119664 3120715 3123581 3125744 3132475 3133742 3134978 3140556 3144368 3145826 3147607 3149458 3151012 3151757 3153411 3156105 3156954 3158795 3161111 3162635 3166514 3168443 3170509 3171715 3173055 3173872 3175789 3180340 3183127 3188965 3191762 3192740 3197085 3198758 3200307 3201505 3202707 3203633 3206513 3209804 3211187 3212544 3213517 3215482 3216864 3218172 3219448 3220769 3222868 3223879 3228972 3230503 3232380 3234250 3236714 3239102 3240095 3241359 3242342 3243866 3247322 3249592 3250543 3252504 3254006 3255979 3257466 3259499 3260350 3261472 3263428 3265795 3269216 3270530 3271493 3272423 3275359 3281212 3282555 3284611 3285936 3287697 3288369 3290914 3292243 3293792 3295479 3298481 3300816 3304439 3305276 3306858 3307888 3309376 3310314 3312905 3315999 3319680 3322118 3325446 3329207 3330122 3331854 3333680 3336130 3338071 3339223 3342912 3348222 3349090 3354693 3356758 3361740 3363990 3364927 3367429 3368594 3371605 3372761 3375888 3380780 3382532 3383541 3384796 3386779 3389118 3390651 3394217 3396445 3398347 3400677 3403465 3404467 3406289 3409131 3413437 3414852 3416687 3418927 3423531 3425811 3429106 3429960 3431155 3432454 3433960 3435426 3436600 3439112 3442368 3443362 3445890 3448758 3452646 3454090 3457058 3457920 3459737 3460491 3464814 3466403 3471145 3472293 3473283 3474510 3476561 3477655 3479078 3479937 3482509 3483523 3485802 3488801 3491815 3492572 3495672 3496883 3498248 3499658 3503554 3504666 3505487 3507212 3508468 3510286 3511274 3513284 3514084 3515397 3517605 3518455 3519436 3523265 3526270 3529163 3530299 3532696 3533963 3535160 3538386 3539596 3540282 3541682 3544260 3547516 3549823 3551064 3552168 3553772 3557055 3558239 3560626 3562193 3563893 3565502 3566839 3570246 3573593 3574579 3575692 3578348 3581182 3582379 3584265 3586629 3590289 3592824 3594312 3596088 3597528 3598657 3602600 3605946 3606699 3607588 3609400 3610369 3611570 3612460 3614535 3616496 3625982 3627288 3628895 3631207 3634287 3636956 3638561 3639615 3641605 3643056 3644473 3646854 3647816 3649309 3650875 3654147 3655843 3659216 3661414 3663069 3663883 3666085 3667290 3668278 3669233 3670456 3671723 3672509 3674249 3676313 3679871 3680946 3683992 3687005 3688010 3690855 3692015 3693666 3696672 3698288 3700514 3702700 3707911 3708978 3712541 3713624 3715695 3721349 3722940 3724073 3726690 3732260 3733365 3737821 3740726 3742129 3746840 3748778 3751476 3753794 3754739 3759403 3760983 3764221 3767875 3771585 3774058 3776703 3778186 3782704 3788580 3790117 3794077 3794979 3797626 3800512 3803258 3804423 3806218 3807661 3808574 3810968 3812010 3813222 3815356 3816468 3818545 3823228 3825423 3827237 3830288 3831441 3832207 3835667 3836603 3839075 3839756 3840586 3841545 3843175 3844288 3845182 3847584 3851366 3853283 3854631 3855937 3857192 3858222 3859579 3861004 3861961 3862892 3871833 3875655 3878332 3879280 3880169 3882070 3884093 3888050 3891061 3897870 3898771 3900941 3902829 3905378 3907369 3908270 3911525 3914119 3918060 3920696 3921592 3928009 3929416 3930242 3933456 3939288 3941783 3942958 3945642 3948566 3949545 3950763 3952042 3955360 3957628 3961503 3963289 3965834 3967277 3970592 3972523 3973929 3974972 3978994 3980149 3982116 3984206 3987424 3988801 3990788 3993436 3995203 3997089 3998000 3999396 4001769 4002755 4004187 4005666 4006560 4008701 4010006 4011372 4013521 4015507 4017132 4019512 4022262 4023365 4024875 4026955 4028159 4029219 4030675 4031612 4033162 4034304 4035125 4036742 4038634 4040195 4041106 4045494 4047680 4049976 4051062 4051793 4054156 4055545 4057208 4058486 4060013 4063234 4067057 4068563 4070014 4071394 4074245 4076528 4081639 4082610 4088638 4089641 4093368 4096161 4099993 4101213 4103639 4105894 4107441 4108245 4108915 4110279 4111366 4112716 4115496 4116278 4118356 4120953 4123193 4125389 4130093 4133812 4135127 4136498 4137872 4139823 4142894 4144425 4148479 4152390 4154411 4156676 4160423 4163800 4167028 4168014 4169406 4172107 4177253 4186281 4188167 4190907 4194377 4195749 4197067 4198882 4200195 4202999 4205887 4207058 4210214 4211469 4214021 4216732 4217868 4219094 4221206 4223751 4227044 4228727 4234462 4236142 4240230 4243566 4245248 4245940 4246708 4250559 4251801 4253877 4254533 4256301 4261584 4262511 4268415 4270910 4275984 4278288 4279146 4280774 4282554 4283788 4285555 4287748 4289683 4290496 4294126 4296277 4298634 4300155 4301711 4305298 4307749 4310135 4313998 4315184 4316612 4317897 4319400 4321319 4323148 4324171 4327279 4328403 4332381 4334524 4336027 4337515 4340044 4343636 4345977 4347041 4348799 4350343 4351386 4353260 4354466 4355662 4356738 4358214 4361106 4363219 4365089 4366234 4368026 4369030 4372091 4373813 4375592 4376687 4377749 4378959 4380421 4384776 4387168 4392946 4396625 4397999 4399478 4401679 4403115 4403876 4405086 4411397 4413149 4415633 4418611 4420233 4421443 4422394 4423705 4425747 4427369 4428602 4431010 4432832 4434258 4437687 4440355 4442256 4443921 4447578 4449139 4450035 4452186 4456216 4457351 4459165 4463660 4464530 4465340 4468928 4472253 4473257 4475079 4476805 4478300 4480886 4481981 4482894 4484071 4486354 4488053 4494724 4496135 4497966 4499215 4503117 4505688 4506751 4511749 4514413 4515531 4516874 4518438 4520117 4521263 4524446 4525684 4527406 4528415 4530472 4532013 4533454 4536264 4537736 4540627 4543210 4544927 4546215 4547263 4548239 4550229 4551965 4555564 4557217 4561225 4563645 4564953 4567081 4571087 4572757 4573752 4578783 4582525 4586378 4588416 4590626 4592072 4594678 4597924 4599011 4600792 4602657 4604731 4607440 4609003 4610855 4612310 4614356 4615873 4618535 4619914 4622432 4624566 4626932 4628913 4630404 4632884 4635407 4637251 4638646 4639595 4640658 4641979 4645577 4647113 4649508 4650840 4658187 4660749 4664944 4665888 4667132 4668405 4675535 4677274 4679733 4683575 4686263 4687089 4688870 4691381 4693367 4698211 4700350 4701538 4703212 4707512 4708832 4711685 4713446 4714820 4715872 4718575 4720557 4721870 4723223 4724906 4726882 4727838 4729477 4730852 4733204 4734940 4737433 4739552 4741615 4743130 4744695 4748556 4749312 4751441 4753724 4754803 4758457 4759734 4762401 4764291 4765344 4767782 4769918 4771854 4773934 4777641 4778633 4781680 4784682 4788580 4792077 4794690 4796361 4797141 4799046 4800552 4801698 4805154 4806296 4807218 4810325 4813407 4820198 4824377 4826811 4828173 4829205 4831784 4833010 4834700 4835778 4837634 4844641 4847176 4848115 4850348 4851522 4853693 4855165 4857293 4858714 4861916 4864501 4866362 4867181 4871421 4874801 4875817 4877668 4880280 4881937 4882786 4884115 4885539 4886533 4888202 4889136 4892372 4893445 4895004 4896577 4898240 4899085 4899981 4902850 4904487 4906833 4908401 4909146 4911703 4914492 4919958 4921724 4923266 4924816 4927396 4929054 4930535 4933272 4934073 4937815 4939567 4941660 4943385 4946384 4948075 4949406 4951928 4955028 4958417 4961091 4963259 4968840 4969830 4970708 4972808 4977254 4979127 4981823 4984482 4986640 4988551 4989115 4990096 4991921 4993483 4995992 4997434 5000200 5001876 5003317 5007763 5008673 5013278 5014390 5015837 5018035 5018759 5021660 5022957 5025268 5028511 5031375 5034391 5037186 5039475 5042698 5043799 5045431 5047132 5048469 5049523 5050308 5052628 5053909 5056055 5057218 5059220 5060466 5063278 5066548 5067922 5069332 5070836 5072026 5073792 5074849 5078331 5081472 5084178 5085796 5087377 5088520 5092517 5094979 5096213 5098289 5099379 5100917 5102633 5103681 5105338 5106389 5107445 5108527 5109217 5111558 5113652 5116076 5116888 5120566 5121704 5122801 5124064 5125356 5128624 5129721 5134156 5135150 5135892 5137534 5140359 5143833 5145998 5148723 5154538 5156328 5158392 5159434 5162104 5165985 5168123 5169217 5171887 5173892 5175438 5176994 5179031 5180734 5181887 5183159 5184522 5186616 5188284 5189783 5190797 5191835 5194012 5195672 5196494 5200577 5202076 5204341 5205593 5206515 5210278 5211272 5213745 5215445 5220901 5223422 5225204 5226499 5227549 5229973 5231763 5232716 5234144 5235644 5238840 5240924 5241891 5243410 5245311 5246662 5249755 5251319 5254064 5256159 5259681 5260887 5263773 5266069 5267321 5268758 5270581 5272301 5272977 5274153 5275753 5279126 5280325 5282890 5285862 5287604 5288580 5291365 5299012 5300655 5301883 5302672 5304552 5308650 5310535 5311837 5313197 5314186 5314912 5317575 5322371 5324079 5325949 5332066 5333920 5338161 5339890 5342232 5345042 5348496 5350210 5351456 5352693 5356011 5356688 5359416 5360116 5363088 5364675 5368505 5370926 5372195 5374173 5375100 5382623 5383719 5384703 5387748 5389865 5391149 5392053 5393882 5395077 5397205 5403341 5409330 5413595 5416009 5419890 5422211 5424255 5426453 5427879 5428988 5432774 5438276 5439564 5440342 5441182 5442354 5443445 5445804 5447658 5449623 5451992 5454184 5457816 5459301 5460433 5461328 5464419 5466483 5470177 5473616 5475510 5476716 5479183 5482537 5484709 5487693 5490773 5492632 5495765 5497372 5499616 5500642 5503939 5505321 5509769 5519124 5520345 5522668 5523509 5525303 5526975 5530558 5533541 5536654 5537816 5539029 5540073 5542985 5545578 5551295 5552477 5553372 5555468 5556329 5562926 5566838 5569008 5572755 5573617 5577148 5578225 5579532 5581366 5583859 5585858 5587946 5590305 5591331 5594721 5598601 5602052 5606548 5607922 5612290 5613534 5616291 5619835 5622741 5626232 5627094 5627958 5629249 5630102 5632435 5634826 5638135 5639321 5642108 5643357 5645624 5646745 5648068 5649420 5650442 5653406 5654983 5656811 5658004 5661094 5664455 5665231 5666425 5671003 5672976 5679970 5681992 5684207 5689418 5691098 5692054 5693508 5696271 5697690 5699003 5701031 5703040 5708318 5713036 5715571 5718313 5719566 5721075 5723213 5725665 5727328 5728704 5731368 5733866 5735120 5736245 5737967 5740601 5742044 5743098 5745616 5746453 5750029 5751173 5753516 5755042 5757997 5765645 5769981 5771761 5772805 5774249 5775645 5776983 5779338 5780949 5782266 5783984 5785412 5786745 5788523 5789558 5793034 5798289 5800771 5801869 5804693 5806258 5807803 5809206 5812193 5815596 5816618 5818916 5821470 5822287 5824814 5826540 5827926 5834157 5836344 5838380 5840758 5841445 5844844 5846111 5847534 5849299 5853897 5856185 5857492 5858465 5860919 5865735 5866985 5868713 5870766 5873413 5874427 5876735 5880178 5881196 5883475 5886520 5887610 5890007 5892328 5895179 5897559 5899458 5900865 5903969 5906560 5907323 5909151 5910418 5912099 5914377 5916474 5919783 5921390 5923873 5927028 5928064 5932812 5934288 5937727 5940181 5944137 5946651 5952295 5955260 5957104 5961646 5963330 5964042 5966472 5968330 5972189 5975780 5977463 5978737 5979765 5981405 5983290 5985372 5989833 5991976 5993086 5994603 5997970 5999771 6002400 6004792 6006489 6009001 6010587 6014673 6017038 6019324 6021178 6026033 6029458 6033050 6034522 6036895 6038690 6044174 6045372 6048820 6050192 6051964 6053108 6056404 6057896 6060174 6061737 6062829 6063633 6065335 6066291 6069456 6071176 6072466 6074766 6076134 6077935 6079664 6086796 6089620 6091235 6092747 6095544 6096106 6099856 6101645 6107163 6108056 6108806 6110731 6114905 6116008 6117702 6120820 6123449 6127330 6131427 6133303 6134226 6136119 6138937 6140312 6141735 6142546 6144572 6145724 6149702 6150745 6151859 6153206 6154974 6157897 6161130 6163619 6164894 6166206 6167748 6168596 6171348 6172864 6173827 6176280 6183846 6185986 6189113 6190574 6192681 6193466 6194629 6197683 6199032 6204398 6206360 6207277 6212741 6216463 6217466 6218420 6220271 6227223 6228123 6232143 6232937 6234311 6235436 6239260 6245977 6247351 6250460 6252600 6254798 6256182 6258428 6260490 6262850 6265085 6266641 6268454 6271510 6272834 6274635 6275822 6277320 6280690 6285074 6289686 6290523 6294187 6295509 6299220 6301139 6302708 6305732 6307151 6309221 6310578 6312217 6313076 6315318 6316414 6317287 6321266 6321998 6322813 6324078 6325241 6326370 6327148 6329570 6331561 6333666 6338606 6339567 6343403 6347009 6348678 6351253 6352400 6354996 6355947 6357456 6358131 6359678 6362950 6364169 6366001 6368067 6369650 6370605 6371460 6373100 6374313 6375691 6377925 6379623 6380924 6382290 6383175 6385198 6388022 6389344 6392577 6394302 6396325 6397577 6401687 6403521 6404288 6406318 6409049 6410713 6412480 6413918 6415583 6419789 6421454 6423580 6424537 6429258 6434437 6437066 6441853 6444552 6448423 6451393 6453031 6454110 6455645 6457243 6459450 6461221 6463539 6464699 6469046 6470495 6472572 6474088 6475502 6476700 6480856 6481519 6483473 6484862 6486874 6488089 6490406 6492298 6493189 6495002 6496077 6498295 6503338 6505055 6506171 6507103 6508711 6509865 6512417 6513424 6516639 6518372 6522539 6524927 6526400 6527403 6529251 6531321 6535957 6537618 6539599 6540317 6541842 6546144 6547130 6548239 6549674 6554663 6555983 6557183 6559871 6562310 6563951 6566668 6569433 6570203 6574409 6575752 6578130 6579156 6580878 6583094 6585709 6588038 6589224 6592753 6598243 6603921 6606459 6607794 6608969 6610022 6613168 6614567 6616886 6617662 6619934 6621535 6623410 6627681 6628978 6631718 6632680 6635278 6638045 6639909 6646339 6647107 6651545 6653382 6654751 6658589 6659651 6660987 6663140 6665351 6666656 6669734 6671937 6673238 6673910 6681524 6683505 6685768 6686932 6689009 6692633 6693560 6695995 6697542 6701144 6708052 6710063 6716675 6718505 6719478 6721506 6728115 6729768 6730917 6732273 6733197 6734284 6737724 6739416 6741917 6743130 6746986 6749308 6750753 6751541 6753831 6758586 6760212 6761492 6762710 6764197 6766692 6769230 6771276 6773495 6777036 6778815 6782124 6783545 6785362 6786634 6790187 6794980 6796375 6799297 6800046 6801315 6803275 6804375 6807487 6812592 6813834 6817235 6818365 6819816 6822367 6823943 6824975 6826204 6827271 6834163 6836333 6837921 6839915 6841369 6843188 6844918 6847990 6851589 6854134 6855451 6857893 6862031 6862954 6864233 6867287 6871501 6873949 6875312 6880313 6883237 6885284 6888610 6889289 6891099 6892087 6893282 6894170 6895665 6900457 6905414 6909667 6911631 6913332 6916745 6918009 6918914 6920865 6924832 6926069 6929326 6931544 6933433 6934528 6937363 6941006 6942836 6945846 6949053 6951413 6955199 6957005 6961346 6962106 6966884 6969015 6971073 6973124 6975431 6976422 6977336 6979844 6982439 6985848 6987461 6988261 6989041 6992634 6997038 6999337 7000532 7001462 7003172 7004467 7005946 7007098 7008089 7010954 7014971 7016033 7016736 7020534 7022698 7026500 7028709 7031510 7034383 7037188 7039280 7040885 7041873 7043193 7049416 7053578 7055884 7056970 7057963 7060014 7060885 7061741 7064701 7068701 7070110 7074861 7078719 7079899 7083290 7086340 7087727 7089697 7091858 7094768 7096730 7098427 7099308 7101261 7102183 7103132 7105248 7108041 7109872 7111887 7112759 7113659 7114770 7116878 7118210 7119482 7120806 7123146 7128084 7130011 7135210 7137879 7139507 7140922 7142429 7145304 7148211 7151226 7153168 7156015 7158589 7160177 7161593 7163905 7168205 7170817 7175784 7177495 7182806 7184256 7185763 7187214 7188574 7191998 7194058 7197773 7198949 7203493 7207131 7209050 7211517 7215090 7216869 7217862 7220912 7223066 7227211 7230150 7231791 7233265 7237431 7238340 7241022 7243598 7245812 7246696 7248290 7249518 7250656 7256293 7259426 7260327 7261723 7262596 7263505 7266076 7268357 7270047 7273226 7274916 7277852 7280538 7286499 7288042 7288777 7292637 7295299 7297938 7303914 7305287 7308186 7310181 7311918 7313443 7317992 7320467 7321286 7325887 7327095 7327858 7328778 7330441 7335173 7337739 7339083 7340907 7344043 7344915 7346375 7350750 7352824 7355123 7360791 7361721 7363880 7367832 7368843 7370044 7373782 7375464 7377201 7381557 7382609 7384323 7386912 7387876 7388701 7390898 7393315 7397210 7399807 7402711 7404887 7407941 7410843 7411720 7413384 7414084 7417918 7419267 7424037 7426763 7428254 7430972 7433025 7435758 7438015 7440609 7442196 7444622 7445927 7448775 7449949 7452537 7458282 7460424 7463344 7464517 7466631 7469214 7470857 7472198 7474051 7476150 7476899 7482161 7484563 7485345 7488634 7492696 7496335 7497732 7502343 7503839 7507223 7508482 7512298 7513576 7516239 7519899 7521832 7524131 7525142 7528642 7530023 7531461 7532574 7535121 7537322 7541660 7543141 7544786 7546858 7550628 7555951 7556944 7558789 7560204 7565413 7568523 7570122 7571370 7575691 7579129 7580744 7586457 7588537 7590330 7593020 7597897 7599043 7603128 7604581 7605426 7607636 7610326 7611422 7614640 7616190 7619564 7621131 7622910 7624355 7626289 7627500 7628882 7631219 7632336 7634092 7636472 7639029 7642356 7643194 7647383 7649764 7651269 7652750 7653878 7655101 7657094 7658652 7660198 7661518 7665364 7666973 7670102 7671514 7673276 7674810 7676263 7677757 7679091 7681275 7682571 7684053 7685850 7686888 7687904 7689254 7690830 7692377 7693853 7696482 7698945 7701624 7703640 7704750 7706710 7709149 7713346 7715099 7719938 7721891 7723309 7728094 7731789 7735687 7741945 7743804 7745256 7746656 7747484 7748583 7750367 7751975 7753144 7754087 7756750 7759626 7761108 7764140 7765354 7766488 7768449 7771460 7772768 7775049 7778862 7780213 7783983 7789123 7790958 7797297 7804034 7805283 7809135 7813406 7814528 7816196 7817565 7820122 7821865 7822771 7823878 7824677 7826295 7827437 7828810 7830109 7832492 7833832 7834725 7836268 7839828 7840531 7841326 7842554 7844069 7845154 7846941 7847979 7849014 7849813 7850771 7852378 7855506 7859862 7861017 7862997 7864407 7865839 7869068 7870363 7873129 7876675 7880485 7882606 7886497 7889050 7890989 7895097 7897310 7899852 7903473 7904612 7907706 7910475 7913958 7915171 7917120 7917848 7919529 7920820 7921959 7924783 7927110 7927981 7929925 7931183 7934546 7937785 7939144 7940049 7942100 7945740 7946429 7948274 7949683 7951620 7953029 7956399 7957695 7960678 7961878 7962799 7965354 7966674 7968661 7970395 7973299 7975016 7976108 7977100 7984296 7988077 7991687 7994719 7996086 8003572 8004641 8005746 8006963 8009618 8010629 8012539 8014313 8015993 8017305 8022673 8027979 8031978 8034015 8034986 8036973 8039177 8042950 8044976 8046087 8047721 8049975 8051647 8053877 8057062 8059796 8061049 8064624 8067164 8070439 8072289 8076122 8076825 8081535 8084614 8085875 8086971 8088084 8088985 8089904 8092517 8094140 8095339 8095958 8101303 8105868 8106555 8108560 8110272 8112121 8114830 8116491 8117800 8118767 8119712 8125885 8126893 8128359 8129515 8132220 8136168 8143404 8144086 8146611 8147638 8150016 8151871 8156416 8159278 8160607 8161697 8162564 8163654 8165010 8167573 8169615 8171892 8173420 8174443 8176365 8178545 8179548 8180545 8181606 8183044 8188240 8191254 8193972 8196344 8198816 8200512 8201443 8202443 8204974 8206993 8210826 8212826 8214104 8215251 8217021 8221133 8223206 8225230 8226521 8228672 8230534 8232694 8234972 8236735 8238099 8239516 8240650 8243795 8245241 8246294 8247285 8249098 8249961 8252332 8253651 8256028 8258225 8260209 8261479 8270237 8274102 8274877 8279155 8280195 8281314 8283273 8285355 8288138 8289443 8291660 8293095 8295526 8299838 8303560 8304974 8306109 8307360 8310150 8311495 8314697 8315512 8319200 8321738 8322875 8325910 8326745 8327924 8329393 8333199 8335295 8336776 8337699 8339621 8341862 8343663 8348238 8349204 8352933 8355457 8357936 8364645 8365363 8367677 8368509 8369725 8371037 8375496 8376518 8379352 8383012 8384086 8386220 8389406 8390671 8392534 8396624 8398404 8400975 8402509 8404176 8407434 8411759 8413374 8417121 8418132 8423022 8424073 8427230 8428780 8432116 8434898 8436296 8439714 8441637 8443943 8448127 8449730 8451738 8453593 8455003 8456218 8457246 8458764 8460239 8462123 8464233 8468895 8470674 8472083 8477673 8479313 8481524 8485850 8491327 8492644 8495126 8497054 8498668 8501368 8505642 8507592 8512098 8513684 8514936 8518042 8520592 8521703 8525089 8529563 8533471 8536145 8538070 8539128 8539876 8542053 8545359 8547810 8548809 8549924 8552044 8553263 8554482 8556428 8560444 8561887 8562894 8565566 8566710 8569043 8570707 8573068 8574101 8576457 8577650 8582359 8585326 8587545 8588543 8590753 8592256 8594014 8595554 8596511 8598592 8600152 8601878 8609263 8610321 8611859 8612722 8614822 8616287 8618489 8620003 8622815 8624598 8627512 8629750 8631720 8633168 8634183 8636477 8639151 8640639 8643577 8647106 8648434 8649929 8657167 8658986 8660783 8662394 8664241 8666167 8667035 8667875 8668996 8670487 8678184 8679521 8683761 8685918 8686917 8689241 8690683 8694528 8696530 8697814 8699841 8700772 8702073 8704538 8706047 8710378 8711574 8712731 8714654 8717867 8719194 8720458 8727507 8729029 8733591 8739511 8741799 8743030 8745298 8746787 8747797 8750776 8751956 8753445 8755779 8757167 8758255 8763028 8763977 8765804 8769326 8770599 8771875 8773607 8774812 8776796 8779016 8781669 8784527 8787484 8788683 8793835 8795397 8797374 8798717 8800497 8801885 8803157 8804456 8805882 8808357 8809247 8812095 8814098 8817805 8819677 8822331 8824093 8829277 8830494 8832786 8835905 8837823 8839752 8840787 8842597 8844485 8847163 8848240 8850850 8852286 8853938 8855526 8861057 8862679 8865645 8868740 8869454 8872247 8875013 8877457 8880704 8886288 8889667 8892296 8893268 8894411 8896066 8897631 8898864 8900700 8901705 8902560 8903232 8907667 8910093 8913108 8915416 8916688 8920015 8921000 8924784 8926186 8934252 8935966 8937188 8940399 8941710 8943116 8944035 8945530 8950514 8953647 8956475 8957378 8958693 8960193 8962622 8964762 8967587 8968750 8972025 8972838 8975239 8976713 8978712 8981131 8982281 8984666 8985917 8990090 8995210 8997646 9001632 9006142 9010635 9012628 9015932 9017750 9020719 9023836 9025990 9028147 9029334 9030563 9032121 9035238 9037362 9039641 9046783 9050107 9051297 9054946 9058869 9060733 9062446 9066956 9067946 9069148 9070681 9073025 9078191 9079031 9083020 9086969 9088430 9092957 9094548 9098535 9102144 9102985 9104566 9108983 9116005 9117080 9118525 9120677 9123212 9130759 9132665 9133678 9134402 9136470 9137449 9139518 9141904 9143838 9148582 9150344 9152204 9154506 9155560 9157326 9158979 9161513 9164975 9166234 9167939 9168940 9169939 9170435 9172143 9175456 9177592 9179698 9181824 9183857 9188834 9189788 9190725 9193428 9194774 9196627 9197546 9198930 9199970 9202257 9203711 9206334 9211586 9215791 9217671 9219998 9222540 9227220 9228531 9233299 9240462 9241757 9242590 9247717 9249103 9250974 9255315 9256839 9266319 9268603 9269669 9271604 9272488 9273517 9275434 9276558 9280700 9283011 9284020 9285458 9287831 9289612 9292352 9296551 9298215 9300605 9301842 9302710 9305041 9308297 9310374 9312343 9314245 9315817 9317676 9320640 9321352 9325463 9330246 9333258 9334832 9336102 9340300 9342590 9345157 9346657 9347389 9351374 9355775 9356626 9358552 9360333 9361214 9362851 9363863 9364927 9366023 9367116 9368270 9370060 9371431 9375932 9378615 9380954 9381972 9383502 9385394 9388727 9390337 9396681 9397526 9402784 9405971 9407170 9409349 9410362 9411222 9412762 9414546 9416040 9418703 9422423 9423482 9424438 9426885 9429208 9431210 9433808 9436248 9437192 9438634 9439952 9442301 9443591 9445425 9447297 9448821 9449617 9452757 9458083 9460117 9461064 9464556 9475226 9477187 9478073 9480302 9482237 9483462 9489164 9490849 9491791 9494511 9496170 9497694 9498638 9500258 9503795 9505565 9506290 9507372 9510639 9512531 9514572 9516355 9517675 9518974 9520300 9521301 9522805 9523665 9524732 9526851 9529063 9533443 9535965 9537313 9539522 9546527 9548922 9549863 9551412 9553410 9555170 9556321 9557591 9558914 9560086 9561743 9563287 9565106 9567512 9574087 9576436 9577332 9579616 9581057 9585140 9586904 9588978 9592211 9593716 9601501 9602770 9604226 9606192 9607127 9611296 9614984 9616012 9621978 9623544 9624166 9625581 9626934 9630520 9632094 9633307 9635260 9636897 9642062 9644084 9649507 9650657 9653223 9656565 9661522 9665982 9667528 9668514 9670483 9671602 9674230 9676898 9679541 9684287 9686184 9687470 9688437 9689944 9691156 9692992 9698078 9704036 9705646 9706627 9708783 9709609 9711237 9712493 9713946 9716427 9717440 9720794 9722476 9723549 9725043 9726293 9727487 9732100 9735018 9735882 9737267 9738826 9739787 9742377 9743472 9747085 9748196 9750154 9751145 9754552 9755889 9757102 9759756 9762013 9772751 9774323 9777558 9780133 9782981 9787754 9789332 9791134 9794263 9796419 9799332 9803711 9804520 9806417 9808770 9810151 9811002 9815713 9817733 9821427 9822219 9823956 9825663 9826613 9828369 9832378 9833329 9834561 9837095 9840520 9844640 9849048 9850319 9852576 9855381 9856593 9858386 9863511 9865634 9868140 9870256 9872011 9875981 9877097 9880029 9881780 9885208 9887230 9891964 9894274 9895866 9897737 9899009 9903031 9904288 9906619 9909563 9912387 9913619 9916023 9916778 9918499 9922281 9924916 9926078 9926919 9928631 9930937 9935009 9937547 9939245 9942403 9947267 9947991 9949782 9950897 9952076 9953777 9954885 9958099 9959595 9961266 9962789 9965550 9967205 9968230 9970401 9971179 9973129 9977331 9980289 9982391 9983794 9986163 9988137 9991206 9994217 9999153 
</Matrix>
<Matrix name="Neuron_317" type="complete" rows="1" columns="621" multiplier="1.0">
   3422 20282 88326 111997 113289 125228 139919 214668 230226 262562 285724 299208 335055 347052 351523 360667 366969 405092 413274 435276 441395 445242 470936 495030 515906 522110 529068 535995 653870 672474 678248 698670 707852 716152 725826 740020 750750 803443 807092 812712 817803 836780 838024 852972 867950 872106 885127 896833 904419 919231 933556 935574 971281 982955 1016056 1021356 1045500 1090943 1123980 1129025 1140721 1142782 1144333 1183867 1186249 1187300 1229923 1236475 1247040 1274937 1278298 1281112 1295466 1299559 1316591 1368432 1381911 1419378 1434910 1454892 1475094 1477783 1479341 1481429 1485294 1487358 1508214 1518445 1525073 1565815 1568856 1598532 1604241 1614915 1634465 1636062 1642092 1646705 1651725 1677325 1761311 1781674 1794230 1800141 1804342 1831343 1848599 1852620 1864614 1880465 1896526 1898886 1916066 1927634 1979864 1982946 1987188 1996995 2000276 2027101 2036166 2040515 2056176 2059154 2060556 2065868 2136274 2176191 2210645 2234012 2245432 2266951 2273896 2275663 2284151 2296949 2323779 2353982 2356022 2357184 2365123 2373364 2408925 2424649 2438727 2447631 2464455 2500397 2505275 2524475 2526975 2546711 2583137 2595509 2607459 2643034 2652067 2657050 2674829 2682171 2714276 2748002 2778926 2797031 2825084 2879181 2882809 2916764 2941175 2947143 2993892 3021800 3024498 3031982 3045887 3053664 3060000 3063055 3070309 3076766 3090452 3096506 3106083 3114657 3126038 3147548 3176342 3185443 3192234 3233338 3247362 3266003 3284644 3378932 3386335 3396532 3402567 3431719 3458587 3461408 3466581 3475953 3496948 3499576 3508706 3520241 3538342 3540947 3554503 3556577 3571653 3574129 3584151 3604841 3630340 3636060 3669212 3679620 3696379 3698479 3715016 3726202 3767136 3789742 3791382 3805676 3807682 3812468 3827722 3836537 3841779 3862687 3867019 3917083 3918616 3925924 3931923 3941759 3957535 3966715 3971793 3995355 4018992 4020983 4023847 4054193 4067608 4093809 4097061 4100010 4112514 4127331 4142313 4208769 4221754 4276127 4277165 4285790 4294381 4301312 4310578 4325762 4333702 4352192 4356247 4382150 4384480 4393309 4408520 4412233 4425212 4427173 4449568 4454119 4457478 4473135 4479900 4487637 4499872 4538647 4542486 4557435 4561095 4575130 4583805 4612707 4644021 4663620 4670981 4699964 4729585 4746661 4759014 4781408 4790743 4794966 4826653 4843359 4851864 4853500 4856624 4880990 4890650 4903371 4906103 4910692 4913259 4921356 4927336 4939428 4946797 4967631 4987341 4996325 5020539 5041941 5044236 5061543 5083410 5118167 5121160 5132592 5141519 5162725 5179563 5182358 5191448 5213549 5237062 5269344 5281971 5286262 5290550 5303776 5317573 5344705 5363327 5376816 5389062 5413937 5454921 5469542 5494841 5503874 5513789 5523958 5537516 5585904 5587031 5592916 5598565 5602370 5615611 5625234 5634215 5646922 5675182 5691683 5705042 5805234 5808815 5815463 5816836 5822247 5839896 5851701 5878250 5883747 5891830 5896395 5910888 5960611 5965464 5966782 5974602 5995891 6007820 6014726 6078058 6105783 6132637 6143229 6153170 6169325 6190348 6222009 6249940 6259558 6262137 6264645 6271954 6279786 6285031 6289934 6291567 6293969 6303700 6319230 6374984 6379045 6381656 6403894 6414232 6435739 6447983 6466022 6492498 6502713 6525819 6577261 6581825 6593426 6598693 6616949 6641571 6690469 6695085 6697224 6761649 6776177 6778239 6780382 6784390 6789246 6792720 6800467 6806131 6814580 6821536 6822819 6832284 6836105 6840753 6848028 6849294 6861589 6870087 6871575 6878089 6892715 6910484 6915145 6923650 6926361 6933055 6934336 6976888 7008070 7023761 7051758 7057996 7134958 7144264 7157046 7163813 7176454 7188911 7199279 7214371 7217062 7230233 7237986 7284805 7355545 7358624 7375567 7402467 7432945 7437254 7464533 7481072 7504281 7542963 7555154 7557682 7569565 7571052 7603929 7607157 7661162 7674723 7676768 7718717 7741990 7750126 7757076 7760528 7791546 7799716 7807372 7869094 7871223 7874035 7877073 7885007 7890322 7950244 7953664 8009668 8023922 8030873 8050898 8059132 8065067 8077805 8096078 8108200 8122708 8165143 8185805 8195876 8199490 8214104 8226546 8243972 8265088 8370995 8377353 8381747 8392520 8406222 8409360 8413994 8428229 8441271 8445749 8447243 8453739 8465285 8478771 8511037 8572369 8593452 8629108 8636515 8644161 8647284 8669767 8676085 8689358 8698807 8701635 8716022 8722052 8768472 8776561 8778860 8781980 8785427 8818627 8834845 8839163 8856315 8868881 8886535 8893847 8909544 8930017 8931853 8959442 8979467 8981873 9011347 9029975 9044661 9055081 9068008 9107994 9118790 9123006 9133403 9148250 9151408 9168742 9178502 9187742 9212314 9221636 9225630 9227807 9229051 9231052 9255022 9267613 9290214 9304672 9308363 9329400 9333752 9351188 9359369 9378013 9392055 9409866 9447545 9470774 9503717 9514472 9556883 9570958 9574684 9577421 9589194 9600897 9609967 9616724 9652520 9745821 9794552 9806525 9838558 9840789 9857141 9858191 9897228 9904776 9912453 9920090 9973892 9983189 9993217 
</Matrix>
<Matrix name="Neuron_327" type="complete" rows="1" columns="3278" multiplier="1.0">
   2151 3280 5550 8558 9904 13036 18824 19627 24007 32303 34478 35481 37866 38898 39879 42031 49223 59331 61373 62781 64739 66848 73227 74426 76272 81688 83108 89446 92075 99783 104014 105993 108695 116803 120027 121529 122646 123388 126444 127854 129717 133521 134997 136445 138717 139703 145755 155364 156767 159019 165737 170369 171548 173504 174279 176019 183575 185602 186994 191407 193028 195370 196604 198033 199713 201402 202026 203985 210435 211824 213832 216159 220382 224166 226589 227980 229558 233583 240483 242331 246124 247549 248692 251861 257237 261161 261951 263368 265416 266500 268986 271781 273801 278253 281535 285405 286354 287644 288449 293717 298711 299506 305331 307516 309593 311370 317674 326521 328607 331756 338104 340516 344497 347194 348279 353403 354382 356070 360284 361842 363189 365152 366450 368371 370418 375353 377846 384613 391558 412068 414330 417041 419338 420421 426000 432951 436364 439610 441584 445884 447674 450041 455514 457077 458842 462482 466385 467894 471001 472202 475206 479055 480692 483396 488375 489016 490177 491395 493422 495150 496692 500482 506974 507895 513581 517168 518908 520761 523002 525332 526675 528841 530102 534030 536183 543048 546367 549188 550831 555113 555716 557156 557871 564960 568978 570367 574698 576980 578365 580532 582469 584864 586070 588567 589317 590094 592179 594307 596872 610267 611758 613947 618271 619153 621514 625478 630242 639360 641254 643666 648038 649188 650397 653638 660135 661280 663173 670453 673764 678051 681274 682125 683550 685790 690113 691675 693140 700294 701388 703598 706237 708018 708916 712500 717712 719696 722739 729458 731701 734339 736770 738405 742770 744025 745442 749921 753562 756803 758167 759983 763612 771602 780206 781040 782347 786928 793776 801046 806096 808380 812879 814267 816509 820036 822138 823238 827246 828648 830149 831972 835125 836545 837772 839406 841190 844851 848656 850210 851675 853575 857628 863670 864682 865814 866717 869430 870393 872458 882160 883986 885642 887734 889714 891049 892663 895289 901148 903539 904548 907108 913754 918911 926315 929189 934297 937492 940201 942399 949641 951504 953350 965282 966511 967428 968833 970868 973184 973864 975446 978317 984848 987281 988998 990880 992291 997808 1001921 1014235 1019325 1023759 1024604 1028173 1029761 1031508 1039081 1042873 1048667 1050709 1057205 1061014 1062632 1066131 1067967 1070746 1071755 1074527 1076966 1079058 1080297 1081541 1083552 1085355 1086568 1091935 1094845 1097369 1098410 1102296 1104022 1105488 1106533 1108733 1110087 1112816 1113643 1114580 1115475 1117614 1122018 1127506 1132100 1133642 1134785 1136981 1143183 1146321 1149408 1151544 1153442 1155723 1157111 1161118 1163554 1165478 1168570 1171107 1172910 1174988 1177134 1178268 1180447 1182086 1184523 1187070 1192768 1196029 1197709 1199269 1207278 1216220 1217515 1219311 1222257 1227734 1229934 1232818 1234082 1237723 1242267 1244260 1246064 1247898 1253876 1257018 1258157 1265668 1270203 1274475 1275958 1278692 1290905 1294035 1294919 1296600 1301946 1303779 1305720 1309425 1311023 1316330 1319769 1324460 1326384 1329508 1334254 1337569 1338449 1341126 1342389 1345134 1347906 1350618 1351552 1353072 1356034 1362137 1365419 1366476 1369305 1370491 1373447 1374585 1376005 1379275 1380562 1391351 1393372 1397065 1405339 1407201 1410674 1412528 1415157 1417081 1419512 1422484 1425840 1428608 1429474 1430919 1433369 1434899 1441146 1444138 1445837 1450227 1460055 1462543 1464467 1465859 1468014 1472003 1474178 1481408 1486379 1487233 1494051 1495984 1497378 1498199 1500420 1501200 1507933 1510393 1515686 1528853 1537034 1539274 1542919 1543743 1545130 1547306 1549241 1553149 1555837 1559234 1565971 1567415 1575634 1576932 1578903 1582422 1595056 1596442 1598199 1604069 1613949 1616000 1616937 1619663 1622528 1624033 1627020 1634027 1639078 1642534 1644519 1646995 1648486 1650372 1652951 1659479 1660628 1662420 1665597 1666422 1668535 1670659 1676465 1682404 1683280 1691001 1695862 1698781 1701873 1702807 1708900 1716153 1718422 1719191 1722609 1724386 1734644 1736763 1740107 1741665 1744604 1748614 1752171 1760520 1763234 1767783 1772995 1776776 1777849 1780594 1782468 1784772 1787114 1788605 1792382 1795614 1799146 1800011 1803344 1805547 1807135 1809359 1814406 1815760 1820078 1821794 1822730 1826298 1828523 1830258 1836171 1839158 1842436 1843678 1848723 1854993 1857078 1858578 1860771 1862105 1865404 1866626 1868431 1870343 1872643 1874082 1881184 1886961 1888356 1889159 1891377 1897291 1899714 1904273 1904954 1908568 1914547 1915956 1920608 1925074 1927616 1933514 1934393 1938213 1942146 1945468 1950690 1954840 1957517 1962246 1963400 1964986 1966226 1967789 1971091 1972758 1975494 1977851 1979089 1981040 1986657 1992073 1996591 2001046 2005983 2006886 2008490 2011901 2013751 2017018 2018042 2023510 2025251 2029336 2032924 2036381 2037984 2039754 2041322 2042301 2043608 2045095 2049827 2052188 2054711 2057556 2059864 2063512 2066865 2068319 2069734 2071073 2073775 2074779 2083529 2086830 2088249 2091668 2106667 2111631 2113652 2115961 2123170 2127871 2131285 2135918 2138904 2142377 2144536 2147164 2148282 2149500 2151255 2153575 2155696 2159533 2164603 2170321 2171267 2172976 2173930 2175339 2176466 2181024 2183437 2185538 2189401 2192657 2195603 2197420 2200714 2205256 2206926 2208448 2210935 2212385 2214381 2216347 2218151 2220665 2225355 2227631 2228650 2230611 2231815 2234113 2237861 2242507 2245840 2249451 2252486 2253702 2255267 2257872 2259809 2261778 2262944 2264160 2266315 2273975 2275930 2281330 2282880 2283938 2287112 2288444 2298469 2299712 2306285 2308599 2312065 2313297 2316038 2323049 2326339 2328092 2329697 2332580 2341752 2348688 2351816 2353544 2365952 2367507 2371963 2374737 2377674 2378511 2385099 2389941 2392070 2396963 2401385 2404845 2409092 2411135 2412975 2416184 2418747 2423453 2424468 2425960 2429008 2430150 2433052 2438003 2439362 2443659 2446636 2450114 2451660 2452682 2454554 2456312 2460071 2462177 2467152 2469137 2470190 2476908 2479135 2481148 2485530 2488048 2489302 2491010 2502921 2506403 2509603 2514167 2516694 2519918 2522380 2524304 2525526 2527643 2528922 2534467 2536488 2538858 2542654 2545798 2549312 2553982 2557111 2561150 2562290 2566049 2567778 2574034 2583654 2586217 2587974 2588822 2592586 2593803 2595729 2602115 2605845 2612908 2613728 2616931 2620504 2622072 2626595 2628161 2630226 2632512 2634138 2636201 2637148 2642537 2644477 2645445 2646157 2646850 2649385 2658683 2662749 2664308 2665486 2670094 2671709 2673417 2674307 2675629 2677191 2680012 2687892 2694665 2697479 2698396 2699448 2705042 2707061 2712157 2714151 2714926 2720177 2722438 2727344 2730103 2731390 2732801 2735196 2738548 2741978 2750977 2753283 2756458 2758744 2762612 2764127 2767411 2773198 2776392 2779171 2781666 2785336 2793085 2797832 2800373 2805621 2807301 2808823 2812043 2816086 2817442 2818612 2820238 2822187 2824770 2831686 2839471 2841834 2844557 2846229 2850541 2852492 2854015 2854750 2857191 2859258 2860213 2861184 2863771 2865556 2869051 2869931 2870681 2871715 2873162 2874145 2877788 2881941 2882990 2886365 2892806 2895500 2897127 2898252 2901075 2902242 2905730 2913081 2914372 2916824 2923644 2926834 2928620 2931905 2933275 2935007 2936558 2939445 2940958 2943131 2945127 2949348 2954811 2956902 2962544 2965992 2968763 2970335 2971653 2973332 2974771 2978103 2979700 2982288 2983559 2987059 2991442 2993232 2995473 2998103 3002242 3007250 3009699 3010877 3012686 3013961 3015152 3016339 3017881 3021500 3024232 3026378 3028899 3031768 3033336 3036227 3038083 3041026 3043959 3050565 3054318 3058401 3063517 3066562 3070296 3073353 3074371 3075496 3079649 3080544 3085117 3088625 3089623 3093882 3095086 3099823 3100621 3104559 3106443 3108948 3113542 3116003 3116868 3117647 3120038 3121474 3125072 3127050 3129811 3134557 3137351 3139539 3145405 3146618 3148035 3152520 3154136 3159606 3165414 3167214 3172298 3177591 3178703 3179864 3183585 3189114 3194989 3200659 3202612 3204951 3208830 3215621 3219825 3225698 3226556 3229159 3235184 3243046 3244439 3247051 3249478 3250832 3251865 3258019 3260521 3265311 3266493 3267736 3270327 3274953 3278056 3280029 3294466 3295494 3298340 3302696 3305795 3308519 3310049 3311723 3313322 3317948 3319287 3322037 3322776 3325171 3326610 3332240 3339162 3341430 3347082 3348928 3353855 3355487 3358756 3361491 3366733 3371581 3374501 3380808 3385336 3386339 3389857 3391558 3392747 3396349 3397324 3399736 3404393 3405334 3406983 3408532 3411613 3414962 3419011 3420885 3425439 3428059 3431264 3434345 3446457 3447494 3448308 3450118 3460674 3463684 3466134 3470822 3477268 3479304 3480578 3482348 3483470 3484707 3490006 3491483 3492990 3494785 3498376 3503829 3505150 3518881 3522831 3526342 3527555 3531986 3534114 3535877 3541419 3545322 3547782 3555330 3557520 3558935 3560092 3564563 3570886 3573446 3574428 3575897 3577182 3579350 3582916 3585356 3587587 3590225 3593649 3597012 3599670 3604724 3606153 3607401 3611128 3617318 3621456 3622539 3628222 3632760 3636305 3637764 3639474 3641851 3642924 3644067 3648900 3655344 3657619 3663304 3665538 3667543 3673866 3680567 3681920 3685229 3686958 3690295 3692369 3693624 3696711 3701892 3703789 3705660 3707228 3710143 3713658 3714834 3719903 3722782 3726256 3732335 3736195 3737636 3739730 3742086 3743345 3746396 3749381 3751398 3752840 3756854 3758743 3761907 3764543 3767787 3769242 3773780 3774399 3781342 3782230 3785194 3786390 3795373 3797208 3805985 3807316 3810647 3812945 3819227 3822886 3826163 3827793 3829239 3834266 3835080 3839000 3841075 3843538 3847927 3849913 3850728 3852615 3853764 3855436 3858090 3871830 3878999 3883855 3884995 3885871 3887537 3888345 3891263 3892424 3893823 3894735 3897301 3899087 3901859 3903105 3905631 3907225 3909066 3910360 3913318 3915216 3918543 3921375 3922858 3925585 3928476 3941678 3943387 3945345 3948591 3951163 3952362 3960796 3962409 3970197 3972160 3974291 3983093 3987372 3989431 3991335 3994248 3996281 3997137 4001365 4003055 4005080 4015296 4016681 4019968 4022981 4024753 4027706 4032451 4040219 4041432 4045693 4046973 4049149 4052636 4054007 4056052 4057398 4058183 4060406 4061798 4063173 4071237 4073625 4077940 4079560 4083166 4086874 4090863 4093387 4098062 4100370 4101325 4102856 4104698 4107531 4110871 4111840 4115644 4117814 4119157 4120528 4124072 4127273 4129317 4130314 4132321 4133787 4137853 4138889 4140527 4141626 4142537 4146699 4151280 4152470 4154788 4157202 4158213 4159420 4162377 4163890 4169363 4177079 4178456 4186737 4188365 4189153 4190244 4192872 4196426 4202409 4205637 4207674 4208885 4209614 4213575 4214820 4215957 4221229 4223329 4225470 4227838 4230055 4232000 4237080 4237808 4238866 4239682 4241495 4244073 4245644 4249041 4250708 4252293 4254518 4255726 4258341 4260326 4262455 4264029 4265547 4267403 4269913 4271062 4272406 4273569 4277521 4280166 4280800 4282532 4288502 4292185 4293861 4295299 4299837 4302255 4303000 4306085 4308501 4310599 4311982 4313760 4314943 4316298 4319879 4321320 4324084 4325260 4330531 4332061 4334104 4336057 4338231 4341807 4343092 4344403 4345716 4347119 4349163 4355741 4356973 4364379 4366858 4371072 4374964 4379881 4382249 4385795 4390750 4391670 4394028 4395715 4397979 4399233 4400946 4402114 4404807 4412760 4414578 4416191 4417754 4422503 4428946 4434808 4438538 4440376 4442676 4444314 4447120 4448319 4452369 4455806 4459398 4461709 4463350 4464426 4466235 4471434 4472892 4477529 4482502 4484271 4488237 4489837 4492607 4494541 4498770 4500389 4506733 4508717 4509764 4511053 4514255 4515704 4518900 4520524 4522658 4525796 4527659 4536165 4537420 4538483 4541103 4544227 4553014 4558017 4560209 4562795 4564788 4566587 4569772 4571343 4572214 4575211 4579181 4581079 4584741 4597117 4597815 4600573 4602072 4604175 4605544 4610350 4613027 4615741 4617552 4625160 4627520 4630554 4632308 4634082 4634971 4636175 4640809 4645461 4647042 4648862 4652144 4656105 4658295 4661834 4662882 4664272 4673644 4675339 4676450 4678707 4680361 4683411 4684607 4686844 4689114 4693177 4694094 4700236 4701647 4703740 4708476 4709535 4716560 4718713 4720442 4723108 4724387 4729522 4731354 4736138 4739158 4740576 4744976 4751119 4752826 4755414 4756530 4758407 4762793 4764332 4765620 4769985 4773048 4774156 4775891 4779012 4781164 4784103 4786598 4792275 4794433 4796594 4798323 4799524 4811405 4815134 4816921 4818027 4819649 4821563 4823060 4824543 4826191 4827031 4834344 4835855 4839567 4849667 4850849 4852149 4855807 4857622 4860528 4862969 4865341 4867226 4872240 4873506 4875536 4878319 4881785 4883025 4884824 4887621 4896161 4897625 4899607 4900564 4902707 4906089 4912857 4915126 4917772 4919284 4921327 4930183 4931675 4934408 4939441 4942277 4943758 4946728 4954358 4955539 4957247 4958660 4963173 4963948 4966082 4967931 4971410 4976563 4979719 4983055 4986476 4990892 4995277 4996754 5000709 5004505 5006709 5008266 5010737 5014415 5016433 5017903 5019813 5021058 5024042 5024837 5026197 5032069 5036627 5040650 5046545 5049087 5050736 5053930 5055232 5056908 5057928 5058967 5060669 5063166 5064379 5067948 5068824 5070608 5072831 5076315 5082791 5083668 5087367 5090150 5097342 5099619 5105879 5107991 5112153 5117138 5119635 5120765 5123823 5125567 5127463 5131221 5135232 5137114 5139695 5141628 5144712 5146321 5147822 5159242 5161524 5162895 5166596 5168719 5171872 5177109 5180263 5182237 5183489 5184912 5195267 5197295 5205234 5215405 5219152 5220735 5224878 5226020 5227462 5232203 5234343 5239057 5240354 5241721 5243551 5246906 5249406 5253769 5260871 5262790 5264771 5265596 5268291 5272707 5276030 5280974 5282157 5285625 5288479 5294514 5301292 5302597 5304924 5310286 5312932 5314415 5318927 5320278 5323730 5327419 5335232 5338398 5340279 5341889 5347495 5353346 5361408 5365177 5366226 5369663 5370635 5371986 5373932 5381056 5383216 5387504 5388953 5394980 5396587 5398053 5402668 5405176 5406524 5413491 5416715 5417763 5425746 5432906 5434863 5438015 5442301 5446660 5449112 5452816 5454366 5455616 5461341 5463299 5466863 5469763 5471189 5474897 5479003 5481980 5489927 5493159 5494419 5498491 5500008 5501267 5504669 5509454 5511190 5515147 5522968 5524683 5525818 5527082 5530951 5531836 5538722 5544326 5545800 5549182 5550421 5551330 5555058 5556764 5563358 5568319 5568989 5570806 5576587 5580695 5582560 5583737 5586600 5591573 5598028 5599162 5601226 5605705 5607644 5609935 5612205 5614011 5615348 5618174 5620259 5621639 5624405 5626315 5628192 5643423 5647526 5655645 5656468 5658709 5660870 5665267 5673841 5681947 5687203 5689007 5691100 5701813 5703937 5706983 5708083 5711842 5714028 5714903 5719698 5720647 5724521 5727687 5729389 5730266 5733316 5738030 5745647 5747413 5751112 5759735 5760945 5763802 5766138 5770070 5772034 5774171 5778515 5782463 5784248 5787319 5789872 5790789 5793629 5798655 5800516 5802254 5803661 5810147 5810880 5812392 5814188 5817099 5818852 5821076 5824681 5826017 5828005 5831642 5836950 5838686 5840951 5845142 5846527 5851092 5854337 5858428 5859495 5860681 5864971 5868656 5871541 5875229 5876119 5881994 5887075 5888907 5890408 5892414 5893933 5895547 5899875 5902066 5904273 5908021 5916112 5918243 5919408 5922335 5924261 5925186 5929055 5934306 5936629 5938360 5942720 5945334 5946913 5950060 5953057 5955246 5956170 5958029 5959857 5961480 5964220 5965780 5968594 5970613 5972626 5978925 5981278 5983825 5986887 5988042 5989802 5991674 5998654 6002005 6003316 6007649 6010937 6011896 6014455 6017164 6019229 6025500 6027079 6029658 6030566 6032757 6033931 6036230 6037498 6040851 6048402 6051247 6053384 6055409 6058300 6059188 6060516 6066445 6067679 6068683 6070544 6074929 6076020 6080383 6081552 6082912 6085662 6088945 6090195 6092130 6093600 6095906 6098059 6099981 6102304 6109470 6113782 6117649 6120214 6121182 6127315 6133044 6138938 6142578 6144376 6152884 6155734 6156905 6158233 6163953 6168311 6170070 6171720 6177219 6178936 6180528 6186128 6193459 6195839 6200708 6202446 6205433 6212586 6216966 6219779 6220733 6222931 6225189 6226560 6229095 6230301 6235389 6238511 6240153 6250109 6251491 6254981 6257621 6259621 6260414 6262043 6264608 6265653 6266847 6270636 6272552 6274422 6276047 6278855 6280328 6284917 6287546 6290490 6291641 6293373 6295650 6297047 6299549 6300144 6302335 6303929 6307756 6312701 6315824 6317650 6324202 6327461 6330227 6331716 6337272 6338457 6339680 6342737 6346979 6347921 6352146 6354433 6356205 6361126 6363084 6364641 6370559 6377877 6380073 6383151 6386875 6389441 6391698 6395696 6398452 6400405 6408310 6412782 6417338 6419142 6422813 6426592 6429507 6430738 6433683 6436671 6439688 6441545 6448733 6456506 6457941 6459046 6463844 6465567 6468623 6472563 6473369 6474685 6477006 6479992 6481278 6482256 6492388 6501087 6502969 6504031 6506992 6508928 6510969 6512206 6514343 6519668 6523146 6523995 6526354 6535531 6542266 6544593 6548409 6557988 6561820 6562765 6567953 6570150 6574286 6575428 6576867 6579123 6580908 6581748 6584555 6587731 6590093 6599005 6607424 6610521 6612382 6614723 6616813 6618644 6620950 6622251 6623262 6624451 6627020 6628207 6630247 6632441 6635582 6636854 6640244 6642447 6645767 6647575 6648453 6649425 6651281 6658166 6664818 6670025 6676151 6679467 6682690 6693732 6696676 6698747 6700058 6701780 6704871 6709503 6711883 6712804 6714997 6727168 6730416 6732121 6736838 6737834 6738733 6740888 6743138 6749627 6751983 6754154 6763599 6768526 6771941 6776404 6777539 6783861 6785058 6787349 6792368 6794951 6801110 6804589 6806325 6808523 6811199 6813058 6815366 6816369 6817799 6822065 6823164 6824420 6827194 6830685 6833525 6835097 6836206 6838142 6840234 6841074 6842660 6844285 6845496 6851215 6853386 6857005 6860260 6866780 6869125 6870513 6871641 6872508 6873636 6876586 6879427 6880943 6893407 6895690 6900968 6901830 6907233 6915149 6918798 6921720 6923871 6927448 6928698 6934164 6937995 6941016 6945064 6948222 6951050 6954662 6959405 6962186 6963179 6970234 6976290 6978395 6979686 6980571 6985667 6992723 6993617 6997910 7002285 7005793 7007409 7009571 7011421 7019185 7026161 7028193 7031676 7035818 7038552 7040034 7042234 7046299 7048410 7050173 7053116 7054501 7056018 7061745 7066223 7069835 7072346 7078855 7083447 7087473 7089231 7090127 7091059 7092635 7094574 7097478 7099490 7103904 7108879 7110969 7112267 7117178 7120219 7121390 7122359 7126736 7130484 7132079 7133251 7137708 7140736 7143690 7147018 7152307 7153966 7155878 7159526 7160845 7164208 7165475 7166485 7167498 7174975 7177070 7179258 7183406 7184840 7185983 7188555 7192639 7193913 7200222 7202969 7204992 7207045 7209698 7210907 7214652 7216516 7217883 7224266 7228338 7229032 7231691 7232832 7233713 7235846 7237145 7240969 7242786 7246985 7248656 7249824 7251340 7255422 7256421 7267379 7270437 7272038 7273208 7274844 7276915 7283930 7285967 7288780 7289506 7290627 7292612 7295784 7299595 7305074 7306429 7308914 7310253 7312719 7316628 7317259 7319987 7323554 7325156 7333023 7334830 7340112 7344918 7348458 7358070 7359004 7362772 7364180 7367201 7368603 7372169 7375168 7376898 7381419 7392855 7395597 7400844 7405895 7407467 7411500 7414948 7416012 7416822 7419462 7420462 7428615 7429422 7431330 7433469 7434958 7444359 7445572 7447758 7450262 7452072 7454258 7456236 7459119 7464335 7467592 7468728 7470614 7474177 7476316 7479754 7490367 7493032 7501104 7503163 7508839 7511395 7515836 7520254 7523139 7524745 7526450 7529161 7533740 7534893 7536181 7546321 7549976 7552824 7555280 7562455 7564724 7566693 7574006 7578126 7581271 7586982 7589184 7590513 7591592 7594151 7596378 7597465 7599167 7601566 7604860 7611107 7615715 7618246 7619407 7626026 7628851 7632924 7637713 7639909 7644388 7645930 7647421 7648565 7659031 7662720 7664119 7667178 7667948 7668953 7670676 7675907 7678822 7684761 7688838 7690410 7693375 7695799 7697882 7702892 7706092 7708309 7709158 7712154 7713657 7718974 7720381 7724495 7725347 7727372 7731153 7733016 7734217 7736162 7738669 7741911 7745581 7746833 7748333 7757596 7763498 7764971 7772850 7775010 7780156 7783745 7790470 7798481 7799936 7801624 7805835 7808110 7810796 7814605 7815256 7816065 7819867 7823786 7835512 7838580 7839392 7841948 7846782 7848961 7850955 7853234 7856551 7860020 7861087 7871142 7874900 7877702 7880289 7886683 7888349 7891098 7896753 7899558 7907984 7910903 7915689 7919384 7920103 7920707 7921256 7924013 7925626 7927002 7930063 7931005 7938589 7940479 7944335 7948988 7952055 7963876 7965452 7968123 7970277 7979356 7980856 7983127 7992114 7994160 7995393 7997476 7999533 8002261 8006666 8010194 8011514 8013540 8022849 8024870 8026260 8028067 8031397 8033328 8034832 8037117 8044304 8047834 8054107 8055993 8058239 8059354 8061304 8063079 8066047 8067617 8069572 8070658 8073160 8077009 8078233 8079256 8083629 8085178 8086756 8088279 8091258 8093727 8095200 8099329 8100681 8104555 8105835 8107209 8109528 8115476 8116517 8119783 8121474 8122856 8124270 8131138 8133858 8136139 8139701 8140563 8142772 8147587 8150174 8151769 8152478 8155614 8160803 8164047 8171379 8175097 8182060 8183760 8185517 8187831 8191990 8194465 8201635 8204785 8206606 8207793 8209118 8211222 8212826 8216975 8221563 8223183 8224247 8225818 8234771 8238937 8240806 8243976 8245705 8246694 8249958 8253144 8255334 8256592 8258599 8263649 8269488 8271783 8272862 8275085 8276245 8282826 8285838 8293878 8295439 8297747 8299361 8302201 8303066 8303992 8306168 8311611 8312959 8317214 8323883 8326237 8328676 8330039 8332740 8336360 8337219 8339604 8341976 8344859 8345775 8346850 8349233 8351085 8352523 8355599 8358048 8360505 8362523 8363982 8366201 8370161 8374024 8377527 8380253 8381221 8386102 8388521 8390037 8390642 8391659 8396538 8398183 8399775 8406655 8414024 8417280 8420777 8423763 8426343 8427987 8430135 8431904 8433437 8436632 8439853 8444045 8447469 8451439 8452356 8456935 8458536 8461744 8462873 8463801 8464796 8468772 8470793 8476963 8479195 8480865 8483386 8484823 8487921 8489408 8492340 8494350 8495892 8497363 8502580 8505968 8509551 8513334 8517107 8522013 8523189 8526048 8527324 8528566 8532454 8533636 8538637 8539949 8542951 8545185 8551790 8552675 8555687 8557005 8558302 8559444 8563557 8564403 8566963 8570211 8572319 8575916 8578422 8581973 8583263 8589800 8593328 8596798 8606396 8610618 8612381 8617232 8619444 8620336 8621673 8623126 8629748 8632459 8636017 8638711 8641869 8643417 8644600 8645885 8651744 8653490 8655455 8660743 8661726 8663296 8664328 8668040 8672776 8675057 8677371 8678523 8679637 8681666 8682708 8685694 8687390 8689292 8691061 8692368 8694856 8696518 8699292 8700504 8702441 8703582 8705197 8708509 8711514 8712611 8716122 8735625 8739322 8741259 8747186 8749126 8755000 8756065 8759703 8770698 8772295 8774748 8775752 8781947 8783002 8787239 8793605 8805316 8806354 8809107 8815417 8816408 8820867 8823537 8827843 8833929 8838671 8847681 8849332 8851319 8856319 8858249 8863895 8866901 8874968 8878065 8881204 8886026 8891742 8892419 8896277 8905752 8910334 8914052 8916143 8918315 8922283 8924919 8926333 8932050 8935026 8943206 8945852 8948558 8955015 8956210 8959062 8962275 8963744 8966900 8969679 8971062 8971964 8975313 8976257 8978047 8979390 8981972 8984749 8987130 8989000 8991263 8993759 8995419 9000338 9002273 9008012 9012053 9020433 9022000 9027413 9029166 9031247 9033676 9039528 9046545 9047766 9048347 9049625 9051396 9052395 9056160 9059608 9061949 9067440 9068917 9069575 9070580 9072208 9073671 9075606 9084309 9087118 9089226 9090239 9091128 9094941 9096894 9099209 9100641 9103311 9105967 9107054 9111091 9113508 9114500 9117493 9118972 9126006 9129021 9133274 9138624 9140081 9144428 9151311 9152694 9156442 9158997 9162138 9163663 9166217 9173966 9179014 9182160 9183721 9185728 9189930 9192208 9194251 9196441 9197657 9203280 9205851 9207398 9211051 9217567 9218827 9219972 9223973 9225835 9227483 9230855 9232298 9234911 9238272 9240566 9242843 9245574 9246217 9251454 9262121 9264006 9265523 9269248 9279409 9281534 9283362 9286215 9290254 9291843 9295448 9296288 9298570 9304161 9305665 9308601 9312659 9315397 9319403 9320533 9323106 9324715 9326261 9331408 9335293 9339180 9341359 9343655 9345759 9348615 9357640 9360593 9363229 9365224 9367854 9368791 9377553 9378508 9379860 9384390 9387882 9389839 9391004 9392944 9393992 9400060 9401163 9403279 9405308 9407614 9412133 9414752 9417824 9420988 9424776 9428996 9431788 9434232 9438234 9441277 9442079 9443236 9444900 9449243 9449975 9453843 9457916 9459925 9462129 9465999 9467346 9469829 9471642 9473973 9476038 9478903 9479988 9482622 9484413 9487778 9490732 9492260 9493585 9497559 9498861 9501387 9502219 9504357 9506730 9508653 9512520 9518790 9522460 9524999 9527130 9528724 9530619 9535008 9538679 9540041 9542681 9546501 9548426 9552292 9553950 9556398 9558374 9559506 9561247 9562452 9565421 9568972 9570701 9571800 9572714 9575378 9577989 9581671 9584567 9592726 9595151 9596795 9600668 9604330 9606776 9609410 9612121 9616007 9617920 9619162 9621446 9622564 9628561 9629682 9632423 9634073 9637909 9641997 9643006 9646111 9647838 9648759 9649716 9652987 9655527 9660245 9663336 9666106 9668176 9669345 9670172 9672490 9673468 9677454 9678847 9680659 9683559 9702991 9704374 9706660 9709407 9715199 9718615 9720389 9721445 9729894 9735424 9742892 9744607 9747289 9748635 9756767 9758427 9759603 9763017 9764043 9765083 9767117 9771971 9773982 9775458 9776253 9779213 9783402 9785967 9787950 9790290 9791397 9798962 9800323 9801323 9802478 9803431 9805539 9807875 9812811 9815046 9817535 9821049 9823695 9827177 9828139 9829117 9830458 9835872 9838008 9844443 9845782 9848389 9849550 9854828 9859012 9866644 9868050 9871229 9873177 9875162 9877745 9878703 9882561 9883913 9884933 9890306 9894416 9898095 9899525 9904591 9905764 9910921 9914243 9920363 9922866 9924495 9925901 9931592 9932490 9933540 9942027 9944524 9948600 9950325 9952926 9959231 9963446 9965575 9966693 9968647 9970646 9974359 9977627 9979156 9983230 9988435 9990185 9993987 9995937 9997083 
</Matrix>
<Matrix name="Neuron_331" type="complete" rows="1" columns="166" multiplier="1.0">
   162331 248703 274182 506498 554385 689706 699057 749900 854136 912991 989020 1009617 1086310 1231656 1246058 1361761 1389869 1423702 1464288 1484051 1689568 1843960 1904857 1930732 1968287 2034736 2062589 2152991 2203288 2356505 2368641 2424559 2533231 2545708 2638200 2659882 2713105 2757948 2763405 2836367 3038720 3169976 3191333 3219219 3281415 3283472 3310234 3346569 3370293 3406144 3423796 3426150 3442951 3495360 3562690 3576957 3736982 3868895 3930925 4055832 4088171 4258522 4275952 4280857 4284815 4389788 4483098 4484381 4574695 4698245 4705813 4763257 4787328 5025276 5030689 5136772 5139633 5364955 5449377 5454378 5473702 5506470 5538620 5543065 5554323 5665748 5673732 5687052 5907871 5910747 5911708 5916846 5924661 5936423 6010455 6018877 6057725 6275227 6407919 6456562 6457813 6506079 6554204 6578438 6612616 6619627 6636142 6687444 6704012 6725295 6767409 6773833 6900689 6953273 7105834 7212876 7428344 7470126 7522840 7558227 7565575 7579489 7595906 7765823 7794054 7832797 7906490 8005991 8021095 8071243 8287416 8312543 8390261 8588818 8684919 8713504 8770749 8784066 8834419 8841427 8899892 8916578 8934528 8986060 9039399 9134937 9140451 9172475 9223921 9248848 9324612 9337880 9363621 9393749 9399392 9427079 9435927 9454528 9558695 9583129 9636924 9693621 9780571 9812416 9888369 9920751 
</Matrix>
<Matrix name="Neuron_334" type="complete" rows="1" columns="483" multiplier="1.0">
   10200 27086 47279 97040 111657 116648 123861 127229 137419 161645 199039 222541 261927 276933 285707 296298 332159 341785 344353 377676 388421 394078 401284 402806 462388 466200 467913 523009 525276 538579 548649 567437 588308 591500 620372 626021 629308 649783 693800 712497 726289 727301 763685 768418 777595 795294 856428 867959 903828 954859 958342 963171 1022946 1068607 1069633 1103555 1123765 1136186 1142212 1152907 1171189 1180280 1216005 1222523 1225864 1275379 1285737 1287482 1290108 1297231 1307732 1322406 1341731 1357259 1360053 1363376 1385443 1390394 1413182 1433592 1454193 1522742 1530222 1534261 1581858 1597449 1611121 1613911 1624767 1641637 1650307 1692994 1694691 1708882 1722978 1791937 1803601 1810381 1811979 1828341 1833527 1837862 1840860 1878096 1889041 1905671 1909757 1936890 1949592 1994803 2105136 2135770 2152373 2176038 2179144 2182085 2183395 2215170 2223063 2261732 2295763 2330799 2355792 2357159 2391424 2392432 2394580 2400378 2404312 2409807 2428384 2447620 2453563 2462595 2467184 2473779 2475750 2529837 2549896 2571409 2580308 2600397 2609946 2611749 2653590 2658323 2669009 2707237 2756205 2765346 2806351 2823919 2826201 2848701 2862679 2903751 2987281 3024365 3028946 3039451 3057841 3095716 3109970 3135668 3167731 3171075 3210524 3212796 3230547 3238789 3258082 3283335 3300335 3309981 3318622 3345469 3354077 3445316 3474657 3480555 3524035 3536089 3541446 3624926 3661233 3698246 3727495 3744837 3779598 3805244 3898255 3907713 3918844 4031578 4073920 4093025 4121156 4146064 4147718 4179831 4196465 4226007 4237393 4273024 4305657 4329390 4354458 4356548 4390696 4407670 4423117 4432065 4450318 4451740 4454448 4460332 4557915 4593187 4609656 4610812 4624429 4626130 4636774 4645585 4661058 4666996 4671469 4693634 4747789 4773236 4780403 4802825 4812272 4872680 4921734 4932527 4961864 5045045 5050103 5062253 5064781 5099858 5108212 5112142 5132205 5146769 5164160 5189217 5197701 5252375 5272444 5273779 5293738 5310045 5320352 5336190 5376050 5381026 5402962 5449703 5457097 5480132 5512621 5518889 5529940 5545697 5551929 5554433 5582637 5664815 5726589 5758573 5767823 5771803 5775684 5781769 5844682 5859831 5955292 5974978 5978534 5986261 5992389 5997675 6008623 6023078 6046516 6088507 6181123 6206552 6210673 6212327 6215107 6219427 6224638 6230065 6232635 6233979 6243099 6247818 6266175 6278956 6291124 6314270 6339779 6344803 6359345 6361080 6393603 6400119 6433679 6440445 6460455 6470213 6486400 6495720 6503815 6509888 6511653 6540576 6565793 6576341 6581288 6584412 6609500 6620157 6671496 6675702 6707612 6709792 6715785 6718309 6726715 6728895 6793516 6810313 6858347 6973856 6993914 7003831 7010954 7027044 7047750 7092037 7193503 7202611 7215540 7231995 7254826 7259402 7277697 7281104 7317487 7329882 7353581 7386897 7436441 7453869 7461850 7468309 7504567 7523873 7534535 7551305 7561595 7593783 7613268 7627630 7640890 7642323 7654231 7660294 7774641 7808644 7823045 7869675 7877989 7914896 7950854 7953434 7980776 8026524 8032132 8063378 8067546 8082988 8086078 8101441 8116332 8141228 8190399 8240782 8255189 8265524 8280618 8301506 8311554 8359781 8371109 8378007 8383258 8402000 8421767 8424180 8469758 8515923 8517781 8518737 8588884 8592355 8601189 8616661 8627549 8634385 8639794 8656005 8691742 8700538 8711524 8742779 8747051 8758347 8764388 8786968 8792100 8799385 8804993 8832588 8858832 8891220 8926511 8931578 8967526 8987922 9002583 9012640 9030377 9062957 9072032 9079406 9099392 9145203 9151302 9159685 9170346 9185388 9188265 9215502 9275627 9283852 9285748 9295815 9310785 9328699 9347378 9354311 9370896 9385189 9416922 9428224 9429178 9439218 9524173 9599180 9611753 9625130 9646972 9673943 9682661 9699916 9702890 9737403 9755535 9767326 9796445 9879802 9904400 9914967 9930488 9938845 9952480 9972863 9988092 
</Matrix>
<Matrix name="Neuron_341" type="complete" rows="1" columns="4724" multiplier="1.0">
   881 3378 4185 5875 7107 10644 12193 12836 16392 18100 19084 20350 24932 27929 30677 35407 36928 38734 41723 43647 45289 48377 52115 53201 55690 57774 60091 61448 62563 65368 66354 68142 71532 74131 78328 80654 82423 83471 85144 86060 87130 87888 88737 90087 91239 97617 99085 101288 106886 109676 111139 114614 115791 121300 123730 125561 130176 131853 136237 139283 141122 142366 144244 145122 146240 147257 148120 152502 153142 154203 156472 157394 160683 163611 164830 166470 169601 170363 172450 173904 174834 176206 177502 179088 181653 182965 183894 184799 189165 190248 190881 192636 194158 196059 197183 200174 201564 203862 204768 206285 208128 208920 211078 212877 214169 215585 218744 219973 221536 222986 224406 227160 228111 228929 231380 232644 233370 236923 237780 238908 240691 242609 245487 247792 250219 252198 254542 256222 260548 261293 263842 266095 266662 267403 269164 270403 272204 273605 274379 276550 277667 278674 279661 280647 285148 286168 287380 288393 292367 296759 298334 299429 301531 306326 307171 307783 309787 311779 314978 317080 319059 320986 325769 327172 328505 332546 334723 335481 337674 338969 340351 346964 349753 352948 354717 355723 356750 359093 362101 364141 366285 367398 368587 371765 372658 373961 378387 379286 381613 382578 384787 385863 387896 389631 391230 393463 394479 395068 397052 398859 399957 402545 404679 405910 407323 408640 410112 412217 414452 415721 416501 417771 420574 422969 425754 427299 429315 430064 433711 436485 437494 440785 441903 443741 445442 450442 451568 453582 455478 457252 459344 460935 465492 467063 468842 472418 473849 476515 478447 479594 483484 484414 487133 488870 490886 493404 494577 496963 499039 500491 504916 506907 508297 513816 514626 517020 520386 522175 525155 526900 528141 530640 531656 532516 536071 537375 538641 540246 543237 545421 546576 547638 550049 551213 553348 557463 558091 559032 561743 564128 567882 569271 570837 571544 573594 576129 578008 580439 581200 582275 585938 587162 589007 591516 596216 597587 598925 602104 606824 608153 609731 610322 611974 613310 616643 617481 619170 622973 624170 625492 627642 628836 633185 635072 636149 637439 639494 641847 642843 644927 645807 649898 651763 653106 654095 655412 657595 659754 661255 663477 667089 669481 674121 676664 681160 682040 684498 686020 687375 688250 690121 691747 692938 695095 695899 697297 698261 701428 702337 703508 705631 708531 711502 713081 716140 719779 721426 725095 727220 728311 729309 731243 732922 737442 740319 744145 745593 747896 749177 751719 752827 753987 755484 756078 757957 760489 761679 763820 766047 770552 772619 773827 776452 778465 779499 780618 782755 784724 785884 787348 788220 792891 793782 797154 800465 801475 806605 809097 810910 815043 817220 818810 821117 822140 823143 826113 829365 830722 832485 833640 835701 838028 838772 841792 844437 847163 849659 850455 852372 858694 859255 860896 861856 862756 864447 865300 866208 867709 868698 869423 871946 873709 875177 877124 878529 881907 884069 886333 890371 892130 893274 894651 896693 899054 901962 902866 904764 905424 907282 908052 909795 911171 914628 918143 918970 920112 922278 924044 925850 929687 931555 932561 935199 938440 940959 941878 942982 944121 945342 946311 948942 950823 953269 955025 956774 958470 962077 963683 968720 971782 975553 977432 980289 982524 984106 988284 991055 992566 993714 995194 997492 1000434 1002989 1004287 1005408 1007094 1010074 1016883 1018651 1021014 1022853 1023660 1024619 1028495 1029465 1031687 1033491 1035498 1036601 1039829 1040554 1044040 1047458 1051011 1052708 1057099 1058622 1061130 1063180 1064492 1065548 1066567 1067912 1068685 1069714 1071786 1074061 1075188 1076516 1079181 1080130 1080849 1081829 1084301 1085708 1088059 1090868 1092497 1093362 1094335 1097034 1100289 1105003 1111359 1112539 1113944 1115337 1116298 1117778 1120176 1121093 1123930 1125581 1126489 1127355 1128770 1130162 1131753 1133260 1134238 1136175 1136850 1138787 1140644 1142893 1143682 1146385 1147763 1150810 1152384 1154297 1157597 1165225 1166591 1171977 1174622 1177072 1178873 1182187 1183316 1185204 1185868 1187639 1189402 1191089 1194324 1195065 1198560 1200715 1203770 1204727 1206749 1208096 1210704 1213070 1215933 1217879 1219047 1219823 1220884 1227626 1231368 1232659 1235528 1236165 1239267 1239905 1242863 1244830 1248531 1249228 1250510 1251690 1252674 1254080 1256293 1258251 1260999 1262217 1263342 1268461 1272550 1275042 1276626 1280819 1282347 1283057 1289253 1292083 1294048 1296008 1297593 1298756 1304988 1306955 1308692 1309772 1311096 1313899 1316374 1317071 1319473 1320969 1325917 1327386 1328338 1329861 1330954 1332404 1335061 1338008 1339545 1341711 1344355 1351392 1353373 1354565 1356556 1357919 1358797 1360874 1366066 1367625 1368417 1369106 1371565 1373911 1375117 1376221 1378649 1380014 1384832 1385667 1387798 1389101 1390016 1392691 1395065 1396625 1398088 1400017 1401439 1403792 1406277 1407306 1411544 1413018 1413924 1415207 1415961 1416797 1420211 1421727 1422503 1423565 1425231 1426064 1429129 1429917 1431475 1432742 1434319 1437541 1450588 1451620 1455944 1456826 1460734 1461485 1463243 1466666 1470210 1474301 1475146 1481814 1483640 1486556 1493633 1497285 1498210 1499272 1500474 1502389 1503756 1505475 1506759 1508424 1510747 1512575 1515458 1517583 1518370 1519954 1521330 1523402 1524327 1527895 1529479 1532140 1534947 1538589 1539522 1543919 1544867 1547963 1549998 1554961 1557196 1560403 1561564 1569231 1571648 1574313 1575621 1576200 1579519 1581599 1583949 1584921 1586671 1587785 1590407 1594182 1595491 1596770 1598335 1599656 1601061 1602708 1603883 1606500 1609213 1610221 1611350 1612399 1616310 1619402 1621675 1626444 1627740 1629225 1630615 1631964 1633218 1635831 1637382 1640309 1641043 1642872 1643743 1645623 1648263 1652752 1654161 1656486 1658573 1665369 1666623 1668871 1671806 1676408 1677100 1678920 1680174 1681481 1683441 1687573 1688943 1693343 1699611 1700851 1703294 1705210 1708118 1708714 1710108 1711750 1713147 1715700 1716888 1720062 1723569 1726421 1729232 1730560 1732432 1737781 1738418 1740060 1743062 1744448 1746143 1747401 1748728 1750903 1751943 1753641 1755642 1756537 1758251 1759244 1761650 1763531 1764673 1766706 1769603 1772267 1773385 1777015 1780056 1781772 1787652 1789202 1790663 1791484 1792714 1793961 1795354 1796476 1797368 1799906 1801848 1802900 1804122 1805035 1806274 1813115 1814729 1818264 1819230 1820324 1822000 1824935 1827208 1828151 1830612 1833696 1834810 1836490 1837433 1838646 1839603 1841039 1844007 1846012 1848573 1850293 1851578 1853329 1854517 1855354 1857459 1859260 1861587 1862922 1864197 1867493 1869365 1870521 1871586 1873270 1875144 1880202 1882449 1884333 1885265 1887966 1889813 1890801 1892261 1893840 1895704 1896920 1898643 1904264 1905400 1906867 1908627 1910428 1912211 1913456 1914561 1916880 1918460 1919486 1920909 1921976 1925831 1927397 1928675 1929694 1930785 1932036 1932699 1934616 1936556 1937803 1938927 1941136 1942049 1943073 1943679 1945386 1947231 1949701 1950490 1953151 1954824 1957085 1959515 1962465 1963739 1965472 1967587 1970861 1973711 1974887 1977848 1978967 1980015 1980680 1982133 1985222 1988190 1989723 1991540 1993404 1994429 1997429 2000035 2002419 2004037 2005375 2007364 2008317 2009585 2013693 2015295 2019929 2023398 2026217 2027578 2029865 2035655 2037283 2039420 2040658 2044120 2045302 2048011 2054333 2055560 2057113 2057976 2059281 2063203 2064315 2069148 2070340 2071664 2072927 2076710 2077999 2081786 2083831 2085491 2086789 2088037 2089273 2091192 2092289 2094745 2096347 2097683 2098930 2099874 2102917 2103741 2105739 2106390 2108545 2112689 2115274 2117796 2119628 2121086 2123568 2124801 2126549 2130422 2131762 2136208 2140915 2142373 2146544 2148761 2150630 2153263 2155710 2156815 2163370 2165422 2167328 2168098 2170136 2171182 2176095 2177611 2178453 2179562 2184828 2185828 2187355 2188108 2189747 2194195 2195156 2197499 2198434 2203361 2205952 2210626 2217162 2220443 2222695 2224190 2226056 2227596 2228764 2229487 2230772 2242130 2244862 2245716 2248489 2249737 2251207 2252360 2253388 2255145 2257431 2259269 2260989 2262197 2264085 2267617 2269445 2271657 2274093 2275009 2277481 2280372 2282817 2285456 2286685 2287444 2288610 2292587 2293930 2296226 2301451 2302330 2303487 2304576 2305803 2309702 2312234 2317684 2321608 2322752 2323818 2324700 2327381 2330809 2334198 2336290 2339534 2341663 2342577 2343787 2344908 2346052 2346918 2348564 2349617 2350684 2351637 2353747 2355252 2357317 2361772 2363156 2364335 2365121 2365874 2366689 2368126 2369350 2373251 2374405 2375931 2379277 2381522 2382684 2387294 2388423 2391059 2392507 2393602 2395456 2396599 2398426 2399689 2401765 2402582 2404663 2406849 2409043 2413588 2414981 2416434 2417650 2420090 2421613 2425283 2426052 2429556 2430252 2431411 2433304 2436631 2437895 2439387 2442559 2443956 2445376 2447001 2451748 2453440 2455283 2459898 2461545 2463624 2467515 2468993 2471546 2475081 2478826 2481507 2483305 2485544 2489108 2491623 2493268 2496876 2499475 2500365 2508311 2509380 2511350 2514932 2519018 2519936 2521702 2525283 2528734 2530156 2532403 2535449 2536954 2538327 2539862 2543011 2544345 2546863 2550626 2553314 2555906 2557224 2558916 2561984 2564674 2566226 2567861 2574335 2575480 2577028 2579303 2581816 2583254 2586378 2587204 2589098 2591359 2592437 2593276 2594851 2595918 2596718 2597440 2600249 2601701 2603954 2605624 2606714 2608081 2609841 2610466 2611849 2612510 2613902 2617628 2619877 2624434 2626480 2631650 2633248 2634754 2636176 2636938 2638518 2640756 2643202 2644283 2648147 2650445 2653236 2656353 2657574 2659706 2662564 2664092 2665878 2669095 2671572 2673019 2673802 2675003 2675988 2679214 2680648 2681709 2682994 2686027 2687664 2691726 2693575 2695211 2697339 2701263 2702747 2703602 2706205 2707270 2709930 2712737 2714215 2717221 2719604 2723226 2725713 2728311 2729618 2732517 2736386 2738701 2741466 2742427 2743546 2747303 2749077 2750171 2751640 2752875 2753535 2754761 2755900 2759482 2763332 2766888 2774336 2775863 2778037 2779583 2780456 2782790 2785228 2786041 2786951 2790221 2791526 2792343 2794280 2795329 2799049 2800935 2803351 2805841 2810690 2811598 2813141 2814008 2816248 2821244 2822038 2824690 2827646 2830971 2832340 2833956 2835533 2838158 2839159 2842338 2845720 2848410 2849329 2852476 2853992 2855748 2858381 2860956 2862166 2864542 2866776 2870616 2873924 2875202 2879055 2880132 2883478 2884916 2886009 2887225 2890779 2891568 2893291 2895823 2896508 2899777 2901210 2901996 2903360 2904360 2906601 2907737 2911038 2912164 2913833 2916662 2918763 2920057 2923921 2925519 2927428 2928459 2930078 2932347 2935483 2939585 2941911 2942840 2944315 2945117 2950687 2954049 2958704 2960267 2960994 2963346 2964753 2970315 2971159 2973645 2977116 2978057 2979765 2982647 2986088 2988936 2990649 2991808 2992563 2995375 2997317 2997943 3001625 3003141 3005772 3006363 3007072 3008637 3010851 3012335 3013459 3014421 3021089 3024404 3025581 3026135 3027297 3029942 3031514 3034645 3035389 3038010 3039044 3041515 3043169 3046091 3047920 3049507 3050656 3052290 3054035 3056253 3059243 3060546 3062785 3064041 3065430 3066831 3068152 3072692 3076131 3078392 3079356 3081537 3084351 3085753 3086881 3087478 3089044 3089882 3091407 3092123 3092939 3095913 3097934 3100885 3103358 3106466 3109571 3112279 3114169 3115345 3117881 3120575 3123421 3125969 3127368 3128224 3129450 3131052 3132149 3135431 3140024 3141457 3142634 3144387 3147614 3148900 3150424 3151274 3154293 3155172 3156455 3158746 3160949 3161783 3163943 3168095 3169054 3170549 3171715 3173126 3174990 3178593 3179442 3180052 3181118 3184134 3186611 3188590 3189808 3191350 3194844 3195544 3198934 3200294 3202452 3204809 3207959 3209347 3210543 3211474 3213677 3215342 3216983 3218333 3219705 3221227 3222438 3223344 3226814 3228410 3229573 3230502 3231553 3233162 3234835 3236365 3238191 3240535 3241347 3243772 3244525 3245696 3246764 3249129 3250422 3251649 3254477 3258791 3259876 3262373 3263293 3264189 3265897 3271046 3272097 3273400 3276503 3278861 3280087 3281190 3283199 3284340 3285338 3287592 3288980 3291695 3292799 3293782 3295587 3299787 3305089 3308027 3309227 3310836 3313026 3314848 3319386 3321658 3323116 3324976 3328091 3331326 3333432 3334390 3336131 3336991 3337968 3339941 3342822 3344273 3347539 3352501 3354583 3356671 3358620 3360588 3364015 3366491 3368488 3370381 3371492 3377630 3382039 3383237 3384993 3387286 3389285 3395388 3399731 3401513 3402720 3403653 3406607 3408140 3409009 3410549 3411716 3412804 3415134 3416434 3417262 3418440 3419333 3423239 3426102 3429816 3431054 3432333 3438733 3443006 3448762 3449500 3450496 3451789 3452606 3453868 3455013 3457770 3459571 3461304 3462956 3465290 3466237 3467916 3469906 3471101 3472808 3476725 3478443 3479929 3482472 3483271 3484887 3486297 3487552 3488803 3489876 3492894 3496169 3498108 3503244 3506157 3509783 3511385 3514985 3515775 3517836 3518981 3521665 3524290 3526382 3527575 3528609 3531248 3532552 3536273 3537351 3539591 3540531 3543281 3545067 3546810 3551186 3554159 3555701 3556785 3560175 3562276 3565826 3567126 3568700 3570468 3572399 3574821 3576077 3577496 3579741 3581793 3585479 3587065 3591197 3592984 3595937 3596816 3598288 3600654 3603751 3605249 3607684 3611311 3612148 3613343 3614353 3616745 3617791 3618657 3619792 3621844 3626960 3628803 3631014 3631766 3632757 3633998 3635859 3638188 3640714 3642555 3647763 3648768 3655463 3657928 3661428 3662694 3663763 3664901 3666143 3672901 3674899 3676250 3677635 3679176 3681988 3683803 3686517 3687591 3690146 3691467 3694843 3696242 3697716 3703062 3705116 3707585 3708809 3710603 3713411 3715508 3717978 3720128 3721381 3723089 3725050 3726511 3727613 3731819 3735853 3738677 3740201 3741628 3746668 3749731 3752935 3755642 3757787 3758322 3762338 3763298 3765464 3768015 3771246 3772009 3774588 3776333 3780184 3784081 3789920 3792379 3794438 3797322 3799897 3800817 3802320 3804424 3806032 3806933 3809568 3812586 3815325 3816290 3817513 3818168 3819952 3820716 3822597 3823526 3825734 3827031 3828727 3830616 3831718 3835297 3836253 3840918 3841822 3843612 3844770 3845973 3847628 3850189 3851152 3853397 3855575 3856175 3857870 3859206 3861532 3862454 3866046 3867672 3872396 3873555 3874643 3875458 3877772 3885525 3886817 3889164 3890461 3891757 3894449 3899494 3900348 3902616 3904404 3905464 3906207 3910164 3911496 3914208 3915156 3916234 3918868 3920879 3923012 3925022 3926094 3928397 3929938 3932329 3935026 3937631 3941747 3945566 3946692 3947605 3948948 3951055 3951941 3953692 3954920 3957070 3958455 3959497 3961476 3963075 3965868 3969958 3971400 3972751 3973776 3977923 3978903 3980185 3981345 3982752 3984391 3985465 3987161 3988118 3989725 3990883 3993352 3994807 3996248 3997908 3998630 4000145 4001249 4002262 4004270 4005828 4006808 4007884 4009765 4012924 4015146 4017154 4018147 4019933 4021334 4026595 4028148 4030280 4031855 4032997 4034328 4035601 4038499 4041807 4042814 4043519 4045964 4047304 4049317 4050528 4051253 4052954 4056263 4057431 4060851 4062857 4064693 4066819 4069033 4071865 4074605 4082195 4086550 4089144 4090647 4091667 4093980 4095729 4097188 4098688 4101261 4103749 4105355 4106206 4107695 4110322 4113004 4114675 4116086 4120730 4122242 4126300 4129246 4130846 4132280 4138065 4141005 4142617 4143911 4145559 4149881 4152461 4155523 4156523 4159968 4161078 4163133 4165985 4169147 4170843 4173503 4175207 4180085 4183188 4184323 4186252 4187339 4188928 4190348 4197198 4198160 4199506 4200452 4209085 4210754 4211790 4214694 4218343 4220096 4221360 4222369 4225080 4226255 4229052 4230157 4233211 4234713 4236680 4238210 4240264 4243198 4244678 4248595 4250023 4250889 4252096 4253457 4255619 4256553 4260494 4261838 4265356 4266923 4268977 4270068 4271957 4273810 4274998 4278101 4280998 4285516 4286358 4291126 4296747 4297972 4300173 4302348 4309199 4314964 4316072 4317984 4319048 4320884 4323109 4324129 4326823 4329322 4330067 4335314 4336931 4339178 4341521 4344677 4345859 4348626 4350812 4352441 4354841 4356732 4358726 4359692 4361814 4364918 4367109 4369745 4371151 4372435 4376533 4377961 4379437 4380879 4383778 4384872 4387640 4391299 4393434 4395693 4397062 4399597 4401024 4403851 4406170 4410035 4412305 4413855 4414858 4416893 4419885 4421871 4423202 4427022 4427772 4429108 4431791 4433603 4435128 4440840 4443581 4444421 4448083 4450693 4451806 4453364 4455639 4458251 4460840 4462420 4463869 4465120 4466821 4468374 4470202 4471471 4473968 4476018 4477277 4478543 4479518 4480951 4483894 4485712 4487993 4492699 4495818 4497446 4500349 4501603 4502863 4504257 4506246 4507881 4509239 4511862 4513814 4514710 4516886 4517622 4519133 4520389 4525564 4528324 4530413 4531907 4533182 4535237 4537773 4540940 4542941 4545070 4546139 4547896 4549786 4554437 4555842 4557789 4559508 4561063 4562567 4564199 4566386 4568461 4570594 4571999 4574539 4575873 4576644 4578439 4580778 4582292 4582950 4587454 4588163 4589290 4590640 4591943 4592622 4594736 4598400 4599511 4600807 4601792 4604500 4606856 4607688 4609925 4614115 4615038 4617059 4619313 4622453 4624959 4625940 4629795 4630533 4631648 4633022 4634643 4637887 4639565 4640775 4642158 4643747 4646899 4649002 4652279 4659900 4661191 4663638 4668557 4671920 4673169 4676423 4677613 4678287 4680029 4681745 4684105 4687488 4690889 4694434 4701230 4704335 4705469 4709613 4710357 4714555 4718451 4719697 4721938 4723233 4726667 4731081 4732743 4733708 4734748 4737763 4743021 4744286 4747377 4748908 4751527 4755391 4761956 4763102 4768034 4771242 4771987 4774666 4776803 4778199 4780751 4787088 4789483 4795327 4796022 4798731 4800413 4803010 4804752 4808421 4809715 4812751 4814392 4816703 4820911 4823986 4825743 4826884 4827801 4828607 4832308 4834433 4837059 4839500 4840298 4842203 4843072 4845472 4846740 4847470 4849617 4850578 4852918 4854598 4855433 4856535 4861418 4864373 4865719 4866709 4870417 4873438 4874728 4876966 4881704 4883166 4884365 4886574 4889992 4892106 4895032 4895994 4897470 4898992 4902867 4904915 4907418 4909201 4910826 4912557 4917214 4918644 4919950 4921514 4923598 4925193 4927873 4928778 4930011 4933535 4935319 4938025 4939399 4941946 4943361 4944909 4948600 4950682 4952619 4953740 4958923 4960103 4961407 4962756 4964969 4966456 4970911 4972444 4977071 4978254 4979922 4981275 4982566 4984976 4988045 4990213 4991206 4995567 4997229 4998108 5001168 5002542 5005469 5007355 5009832 5010825 5013066 5014970 5017773 5019248 5020253 5021206 5022595 5023928 5025631 5028629 5029629 5032029 5033980 5034883 5040512 5042285 5043765 5045129 5050238 5052265 5054047 5056907 5058927 5059798 5060778 5061777 5066135 5067613 5069450 5071700 5072812 5073869 5075516 5077525 5078454 5080733 5081870 5086097 5088290 5092450 5093646 5095205 5096028 5099690 5100764 5103870 5104971 5108661 5109693 5116329 5117936 5120428 5124463 5125718 5126748 5127426 5129652 5130491 5132628 5133541 5134147 5135275 5136887 5139245 5144762 5146679 5148848 5149975 5153642 5160344 5162663 5166849 5168325 5169058 5173746 5177771 5179328 5181911 5184354 5186112 5188000 5193138 5193962 5194905 5196087 5196882 5199388 5200922 5203904 5206636 5208872 5210363 5212209 5213727 5215873 5216955 5217820 5223306 5224390 5226897 5227802 5229392 5230966 5233690 5237239 5238998 5241270 5242236 5247033 5252820 5255006 5256711 5257951 5259142 5260138 5263057 5264505 5266233 5267499 5268350 5269615 5273629 5274600 5276105 5278818 5280107 5282907 5284064 5285760 5287491 5290108 5291868 5295194 5300477 5302226 5303290 5304568 5306076 5307109 5309915 5311639 5315001 5317902 5320564 5322326 5323196 5326777 5328160 5329343 5330210 5331921 5332838 5334186 5338018 5339123 5340743 5342336 5344742 5346070 5347004 5347700 5350049 5353017 5355242 5357368 5360698 5361738 5363206 5365363 5366426 5368732 5371880 5373963 5375121 5375861 5379856 5382629 5384996 5386945 5387910 5388705 5394528 5395398 5396513 5399371 5400702 5403379 5404895 5406712 5410612 5414375 5415577 5416644 5418500 5423149 5424464 5425716 5428949 5431597 5435041 5436674 5437743 5438631 5440921 5441859 5443815 5446001 5446978 5451181 5452401 5457110 5460219 5462035 5463919 5465023 5466623 5469597 5471210 5473501 5477189 5482837 5483959 5485864 5488597 5496556 5497626 5500613 5502033 5506740 5509002 5510703 5512534 5516164 5521745 5524105 5526941 5529274 5530536 5531984 5533757 5536416 5540678 5542372 5545038 5548876 5549670 5551108 5552706 5554036 5555017 5555857 5558529 5560623 5562237 5563571 5566662 5571702 5574274 5575563 5577185 5580299 5582329 5583193 5584676 5585453 5586570 5588597 5589855 5591495 5592813 5593547 5595749 5599455 5600416 5601715 5602675 5604976 5607774 5610506 5611233 5612002 5614939 5615972 5619312 5620931 5621924 5623835 5625417 5627047 5629120 5630871 5633309 5634006 5635964 5637393 5639159 5639925 5642994 5644738 5646294 5649930 5651114 5654012 5655137 5658358 5659258 5661303 5662395 5663242 5664173 5667848 5671333 5672481 5673097 5674174 5679528 5684501 5688815 5691444 5693022 5694624 5695548 5697099 5699434 5701101 5703025 5705127 5706693 5708062 5709952 5711588 5714843 5716993 5719658 5722792 5725950 5727886 5729165 5731264 5732023 5734733 5736019 5738187 5742189 5744193 5745568 5747673 5749035 5750314 5751510 5755174 5756430 5758348 5763262 5764616 5765651 5766632 5768866 5770361 5771836 5773485 5774452 5778431 5780926 5781889 5782680 5784226 5786674 5789493 5790597 5791807 5792776 5794085 5799251 5802454 5804291 5807170 5809527 5811459 5812927 5814831 5819449 5821173 5823042 5823947 5826040 5827060 5830174 5833615 5836081 5836945 5840138 5841125 5841831 5844160 5845883 5852366 5854402 5856052 5857433 5858099 5859710 5861250 5862532 5865789 5867912 5869573 5875134 5878932 5880919 5885141 5891019 5892956 5894491 5899030 5900320 5901156 5904006 5904823 5906106 5907924 5909347 5911820 5914250 5916663 5917661 5918902 5920199 5921638 5922454 5924387 5924953 5927289 5928056 5928675 5931569 5932669 5936641 5938702 5940165 5942049 5943585 5946308 5947740 5950801 5952134 5954138 5956553 5958134 5959086 5960996 5962332 5966408 5967882 5970908 5972512 5974592 5976229 5978334 5981764 5986951 5990595 5992710 5993964 5996070 5998431 5999765 6001887 6004296 6007072 6011219 6013782 6017267 6020682 6021985 6023301 6026945 6027926 6030621 6034148 6035730 6041781 6043122 6044614 6049493 6052884 6054937 6060119 6061216 6063697 6064228 6065670 6069677 6071020 6073230 6074481 6075527 6083965 6087994 6091645 6094736 6096211 6098487 6101004 6107471 6108555 6110901 6112464 6115703 6116590 6117662 6118514 6120790 6122230 6123237 6124621 6127879 6131551 6135420 6137347 6138869 6140997 6146841 6150354 6151383 6152700 6154671 6157633 6159102 6160648 6162810 6165548 6166771 6168488 6169583 6172681 6174642 6176215 6177285 6179298 6180423 6182895 6185048 6192608 6194267 6197093 6200159 6201760 6203427 6205529 6207117 6209785 6210729 6213130 6214975 6217016 6220458 6225242 6229536 6235057 6239643 6241085 6242485 6243983 6244843 6246843 6247785 6251705 6253342 6254880 6255813 6259869 6262549 6263275 6264478 6266070 6270728 6274283 6276625 6278058 6279299 6284290 6286064 6287309 6289990 6292881 6294293 6296155 6296761 6298802 6299399 6300692 6303639 6307628 6308582 6310322 6311705 6313701 6314702 6317233 6319939 6320628 6321968 6325039 6326921 6328017 6330043 6331627 6332928 6334442 6341390 6343842 6346218 6347597 6351000 6353727 6356667 6358341 6360055 6361097 6364482 6366031 6367117 6368865 6370380 6372331 6374669 6375811 6379773 6381504 6384652 6386439 6387805 6388683 6390078 6391528 6393464 6397235 6398749 6400323 6403738 6404457 6406501 6410403 6411846 6414030 6415302 6418017 6420762 6421818 6422905 6429213 6432022 6434154 6436137 6439519 6441181 6441851 6442936 6444072 6445247 6448686 6452872 6453924 6455806 6459815 6460905 6463428 6464920 6465730 6468526 6471207 6472214 6474831 6476531 6480452 6482400 6484929 6489048 6491498 6498404 6499481 6501184 6503808 6506193 6507517 6509867 6510818 6512115 6515747 6518527 6520038 6521360 6522907 6524886 6533403 6537685 6539209 6541829 6544552 6545076 6545906 6547540 6548795 6556080 6557747 6559084 6563861 6564439 6566208 6567649 6568688 6569615 6571786 6572935 6574166 6575459 6579097 6580361 6582718 6583495 6585180 6586351 6588231 6590952 6592324 6596384 6597975 6600326 6601271 6604162 6605625 6607131 6610033 6611890 6613545 6614528 6617234 6618352 6620107 6623674 6625273 6626020 6626939 6627718 6629369 6632373 6633837 6635312 6636779 6638597 6639519 6641615 6643457 6645204 6646097 6651647 6652562 6653518 6654597 6656894 6658746 6660834 6661681 6666283 6669176 6670117 6671823 6674016 6677976 6679470 6680242 6682258 6683742 6684721 6687000 6688384 6692889 6693550 6694885 6696291 6698129 6699810 6702030 6703976 6705508 6707762 6708707 6709911 6711290 6711972 6714505 6715774 6716778 6717687 6719361 6721706 6723976 6725657 6730874 6733108 6734477 6736632 6737730 6738759 6740256 6741829 6743727 6745051 6746565 6747627 6749332 6751070 6754208 6756085 6758733 6761798 6764082 6765524 6767123 6769857 6771513 6772328 6773204 6775421 6777549 6779996 6781128 6782915 6785167 6786176 6791673 6797277 6797986 6799253 6802548 6803854 6805140 6806025 6806803 6808937 6809810 6810482 6812173 6813757 6815610 6817206 6818304 6820388 6821816 6822944 6823773 6825322 6827583 6829905 6832805 6834887 6838672 6840116 6841624 6843329 6844692 6848329 6849620 6852703 6855549 6857144 6858165 6860159 6860958 6862302 6863122 6864647 6867524 6869610 6872322 6873061 6874098 6874893 6877300 6879431 6882558 6884450 6888525 6890786 6891905 6897880 6901840 6906288 6911170 6912212 6914132 6915000 6918963 6920589 6922458 6923288 6925254 6926471 6928119 6929016 6929977 6934738 6936348 6937266 6939734 6940850 6944267 6945510 6946236 6947284 6950008 6954914 6955887 6957134 6958270 6959649 6963839 6964799 6967276 6968155 6969167 6970080 6973556 6974836 6978085 6978883 6982347 6985913 6989874 6991297 6993846 6996883 6997660 7000302 7002714 7003521 7005931 7008002 7009638 7010763 7014496 7015245 7016316 7017714 7020332 7022627 7024914 7028642 7035307 7036295 7037316 7039808 7042900 7045505 7046825 7049050 7050081 7055002 7060871 7064582 7066165 7067066 7070613 7072832 7074560 7075928 7078967 7079819 7083405 7084512 7085226 7086294 7086973 7089023 7091355 7092733 7096037 7096992 7099738 7102782 7104280 7107157 7108193 7110887 7113510 7115277 7119132 7120716 7121825 7124829 7125695 7126948 7127595 7131534 7132153 7134734 7136592 7137817 7139186 7142144 7146274 7147488 7150449 7152307 7154614 7157122 7157653 7158638 7160852 7165352 7167054 7169296 7170341 7172594 7174257 7175447 7176817 7178054 7179473 7181654 7183232 7187425 7189106 7190648 7192846 7194303 7195619 7199958 7204509 7206301 7208197 7209027 7210149 7211177 7213488 7214620 7219004 7220046 7220954 7222802 7224734 7225930 7231301 7232488 7234741 7238130 7240822 7243455 7244656 7246161 7248087 7250006 7251894 7252645 7254008 7255355 7256546 7258208 7261070 7261767 7263777 7266664 7268128 7269058 7270077 7271379 7273500 7274922 7276658 7278824 7280190 7281553 7282577 7287947 7289396 7300398 7301559 7303255 7311126 7312892 7314439 7316286 7320828 7322967 7324262 7329078 7330228 7331939 7335913 7337519 7344026 7346402 7347594 7349848 7351799 7354580 7355429 7356001 7359142 7360079 7360642 7361833 7364376 7365088 7367383 7369057 7371735 7373048 7375773 7378615 7380688 7384636 7386187 7388522 7392510 7393755 7396412 7397922 7401037 7401733 7403582 7404923 7405610 7408594 7409641 7412985 7414130 7415896 7417097 7418966 7421342 7422450 7425125 7429763 7436346 7439259 7441242 7444374 7445980 7447890 7451160 7453562 7454906 7458905 7460611 7461454 7463827 7465306 7466804 7467957 7469562 7470966 7475267 7476207 7477580 7481098 7482614 7484695 7485924 7486713 7489008 7490194 7491261 7493746 7494724 7496363 7498162 7500046 7503183 7504340 7505773 7506529 7507933 7510606 7513103 7516926 7521426 7522255 7523010 7525639 7529204 7530909 7535122 7542480 7545541 7546855 7548327 7549771 7550721 7553581 7555291 7557390 7558673 7560969 7564139 7565086 7565943 7570425 7572035 7573274 7575111 7578591 7579882 7580903 7582464 7583913 7585176 7587651 7589652 7593967 7595460 7597460 7598323 7599452 7602453 7604993 7606599 7608610 7609295 7610651 7612587 7615334 7619620 7621070 7622969 7624231 7625090 7628017 7629182 7630370 7631921 7635036 7639701 7643973 7644807 7646712 7649517 7650675 7652372 7653203 7654024 7655458 7656626 7658375 7662746 7664706 7665864 7666769 7669283 7671671 7675501 7677115 7678289 7679312 7680322 7681645 7682788 7684934 7686475 7689223 7690802 7696143 7699067 7699775 7702824 7703702 7705085 7707779 7709079 7713903 7715354 7718513 7722704 7725711 7727859 7729597 7733392 7736102 7737359 7741109 7744062 7745425 7746310 7747353 7752026 7753352 7754548 7759080 7762013 7763200 7764059 7766047 7767894 7770801 7772946 7775248 7776630 7777531 7779706 7780660 7782491 7783529 7786361 7788813 7789923 7795861 7796540 7797448 7799114 7800374 7807556 7809826 7811903 7812691 7813522 7815880 7816866 7818882 7820251 7822945 7826670 7827769 7829062 7831392 7832904 7833927 7837311 7839914 7841154 7842328 7844372 7847482 7850086 7853846 7854873 7855770 7856974 7860964 7863265 7865717 7866700 7870341 7872201 7873959 7875912 7877511 7879461 7881152 7882541 7883925 7885900 7886791 7890601 7892527 7893628 7894767 7895730 7896708 7898861 7899730 7901129 7902194 7903546 7906723 7907311 7909080 7910071 7912045 7913316 7914344 7914996 7916928 7918757 7920877 7924607 7925304 7927304 7928680 7930577 7932282 7933944 7935163 7936293 7937321 7939072 7941581 7943941 7946091 7947812 7949932 7953358 7955214 7956784 7959086 7962131 7964822 7966086 7967571 7968557 7971006 7972500 7977131 7978033 7980577 7983908 7986726 7988300 7991020 7991749 7993424 8000040 8001652 8004834 8006357 8007223 8009982 8013880 8017313 8018778 8019967 8023761 8026248 8027176 8029517 8031431 8032252 8033074 8034779 8036129 8037217 8038140 8040045 8042563 8044411 8047037 8048248 8049184 8054295 8056075 8057841 8060388 8063112 8064178 8065047 8065988 8067710 8069694 8071814 8073238 8077285 8079350 8080317 8082384 8084773 8085850 8087394 8089640 8093058 8093865 8095621 8096784 8097606 8099422 8101297 8103278 8106083 8113845 8115895 8117143 8117893 8118986 8120111 8122550 8124069 8125169 8126524 8128473 8130288 8132335 8133845 8136130 8137678 8138844 8139944 8141625 8142831 8144060 8145929 8147071 8148856 8150160 8151684 8153045 8154340 8156288 8159585 8162199 8163147 8164626 8171556 8172364 8174957 8176441 8180451 8184140 8185235 8186676 8189037 8190092 8194395 8196016 8196891 8197976 8198901 8203275 8206689 8207381 8208345 8211119 8212334 8212982 8213701 8215074 8218585 8220215 8221201 8224998 8226750 8230190 8231429 8233488 8234999 8237106 8238332 8242812 8246092 8248517 8249611 8250973 8252233 8254059 8254953 8255773 8256717 8262154 8267467 8269224 8269939 8273133 8275649 8278744 8281725 8284392 8290416 8293238 8296077 8297123 8299879 8302368 8304953 8305756 8307326 8307914 8309151 8311429 8312233 8315294 8315964 8317140 8319969 8322282 8323679 8329153 8332052 8335270 8336043 8337773 8339320 8342646 8343970 8349787 8352900 8355774 8356602 8358024 8359827 8361742 8362710 8366169 8368609 8371940 8373406 8375332 8377247 8380329 8381985 8384604 8385588 8388121 8389514 8391152 8392755 8395399 8397953 8399311 8401302 8403189 8404993 8406180 8407205 8411209 8413759 8414795 8416761 8417792 8420197 8421563 8423555 8424413 8427577 8430309 8433355 8434919 8436380 8437278 8439141 8440599 8442021 8444115 8446674 8447788 8448635 8450789 8453303 8455563 8459984 8461042 8463971 8466386 8467719 8473684 8478802 8479863 8483153 8485231 8486611 8488617 8489669 8498305 8500345 8503866 8505190 8507140 8509086 8512445 8514060 8515878 8518730 8519938 8525846 8528605 8529494 8533242 8535259 8536880 8538133 8539812 8541617 8542828 8544140 8545327 8548763 8550753 8554561 8555296 8556790 8560188 8562718 8564023 8566983 8568067 8572667 8575178 8576430 8578017 8581419 8582732 8585072 8586523 8589121 8590026 8595887 8598680 8600302 8602797 8603774 8604518 8605739 8607430 8608151 8609350 8610840 8613344 8614119 8615555 8616576 8618140 8619488 8622024 8623640 8627818 8629533 8630452 8633655 8639109 8640230 8643419 8644267 8647547 8648334 8649835 8652455 8654379 8655973 8657471 8660708 8662284 8665790 8666992 8668668 8675166 8676492 8677820 8681599 8682697 8684126 8684993 8685798 8688998 8690268 8691328 8693549 8695334 8697159 8703858 8706282 8707393 8708759 8709554 8711288 8713024 8715805 8720103 8721382 8723705 8726305 8730450 8731056 8731919 8733941 8735063 8736494 8740116 8740660 8743672 8745256 8746863 8750372 8751219 8754319 8755086 8756066 8757422 8759733 8761158 8763014 8764934 8765898 8767421 8768449 8771746 8772574 8773506 8775522 8780018 8781774 8784662 8785817 8787008 8787635 8789591 8791833 8794097 8794977 8799150 8802611 8804939 8808856 8811548 8813253 8816565 8820598 8821830 8822659 8824793 8826065 8830177 8832162 8833280 8834769 8836114 8836825 8840610 8843117 8843953 8844767 8847336 8850260 8851628 8854603 8856574 8858095 8865065 8867103 8870138 8871425 8874366 8876032 8876687 8877687 8878554 8880432 8882806 8883483 8886370 8887284 8889403 8890217 8891112 8892358 8894770 8897548 8899414 8900764 8902320 8903003 8905285 8908106 8910223 8914413 8916069 8917951 8922539 8924473 8925392 8926944 8927711 8931691 8933682 8934555 8935352 8936911 8938249 8939300 8940145 8940926 8941948 8943745 8944504 8946921 8948414 8950538 8953081 8954031 8955557 8960938 8962516 8964330 8965342 8966678 8967492 8969506 8973804 8975226 8976080 8978432 8981192 8983627 8984301 8985356 8986551 8987428 8991302 8994252 8995558 8998854 8999784 9001837 9002972 9004055 9005552 9007324 9008715 9010891 9013034 9015914 9018237 9019195 9021123 9023587 9026746 9028124 9029833 9033363 9034430 9035634 9038049 9038975 9040672 9041743 9047919 9049329 9050187 9051667 9053289 9054300 9056662 9058061 9059569 9060618 9062082 9064784 9065551 9070274 9072592 9075608 9077236 9078207 9080787 9081851 9084294 9086567 9087842 9089676 9090524 9092586 9095829 9097009 9099507 9105323 9108076 9109394 9111296 9115340 9117103 9122822 9124114 9126503 9127289 9128686 9132050 9137834 9139449 9141933 9143299 9145165 9147788 9148656 9150363 9153523 9156582 9157536 9161004 9161721 9162894 9164698 9165971 9167529 9169787 9174781 9175627 9177777 9179986 9181793 9182659 9183759 9184658 9187637 9188820 9193301 9195791 9196830 9199232 9201384 9202958 9206564 9207463 9209786 9211382 9213062 9214217 9215223 9217170 9220269 9221498 9225896 9228571 9232307 9233752 9235148 9235916 9238040 9239623 9240699 9243964 9245117 9246360 9249783 9251000 9252504 9255680 9256852 9257855 9260444 9262674 9264298 9266875 9268179 9269344 9273225 9276294 9277646 9279399 9286364 9292988 9294693 9297228 9299519 9301177 9303444 9304006 9304797 9306395 9308391 9311951 9314987 9316563 9317528 9318942 9322025 9323953 9324986 9325927 9328279 9332333 9334737 9339586 9340968 9343867 9345632 9353237 9354583 9356730 9358209 9361653 9365218 9367069 9369081 9372443 9374407 9375468 9376206 9377460 9379620 9382880 9387746 9390485 9391247 9395322 9397274 9398345 9399028 9400159 9401812 9403410 9404345 9406901 9408248 9409480 9412332 9414127 9415689 9418592 9422651 9423327 9424963 9425805 9426945 9431278 9432624 9435035 9437994 9439937 9441069 9444854 9446504 9447898 9450543 9451718 9454442 9457448 9458705 9460455 9462448 9463626 9467671 9471195 9474310 9475337 9478348 9479900 9481333 9483481 9484503 9487986 9492591 9496768 9498007 9499216 9500611 9502657 9504413 9505547 9509751 9512447 9514610 9515790 9516930 9520784 9522105 9523259 9525259 9526230 9529932 9533080 9534862 9536765 9538243 9538925 9541221 9544096 9545676 9547809 9551044 9552454 9553417 9554316 9558743 9562469 9563601 9565486 9566092 9573323 9578205 9579034 9582736 9591001 9591933 9593247 9593947 9595311 9598039 9598868 9600161 9602314 9603491 9604497 9606889 9608097 9615576 9616575 9618822 9620767 9623282 9630189 9630974 9632570 9634036 9634939 9638599 9639230 9643503 9644442 9647257 9648546 9650118 9651575 9652847 9657169 9663515 9665577 9667605 9669323 9670403 9671566 9672992 9673638 9674969 9676449 9679910 9680763 9682503 9684565 9689245 9690666 9692346 9694343 9695492 9696546 9699109 9701153 9702826 9704235 9705551 9711657 9712762 9714891 9716768 9718955 9721933 9725512 9727241 9730108 9730755 9731734 9732636 9734356 9735621 9736793 9738998 9742268 9743784 9746245 9747272 9749105 9750685 9751808 9753885 9755752 9756799 9757750 9760463 9762342 9763420 9764651 9766539 9771337 9772095 9774834 9777065 9778210 9779391 9782893 9783861 9786224 9790507 9793273 9796305 9798982 9801157 9804476 9805785 9807072 9810645 9811398 9813132 9815394 9820235 9821533 9822944 9824621 9827741 9832846 9834050 9837587 9839152 9842624 9844411 9847080 9850706 9851540 9854584 9855733 9857959 9860059 9861375 9866707 9869178 9870361 9871442 9874634 9876862 9878357 9887622 9889700 9892331 9894584 9896107 9897113 9898472 9899839 9902260 9903041 9904064 9906550 9909666 9910878 9911550 9915652 9919764 9922113 9923093 9924375 9925593 9929439 9931880 9934355 9935681 9936816 9939536 9941348 9942700 9946044 9947873 9950385 9952869 9955729 9958180 9960395 9962404 9964107 9965224 9969050 9970399 9972502 9975742 9976694 9978892 9982167 9983563 9984527 9987013 9989381 9991567 9996122 
</Matrix>
<Matrix name="Neuron_344" type="complete" rows="1" columns="258" multiplier="1.0">
   74210 122547 211098 219112 240131 244997 292573 298736 364541 404873 445129 469891 472776 540230 569787 582152 624805 629737 696123 746913 749892 778850 821753 836935 875213 957492 989647 1010288 1014719 1045312 1076071 1268854 1336032 1388491 1434185 1494967 1536673 1542609 1554392 1570770 1591324 1615048 1626508 1719619 1809299 1834312 1850623 1894584 1902982 1935845 1971337 1989782 2007165 2010059 2015709 2101684 2119848 2196948 2231901 2273161 2327961 2341198 2369005 2382475 2401206 2419037 2508488 2572280 2595681 2635335 2688381 2720908 2767127 2776917 2889329 2912379 2991222 3002703 3064290 3130511 3198896 3243830 3279350 3323293 3329359 3368651 3393414 3410363 3426778 3524884 3547568 3563621 3572279 3634262 3717490 3739015 3791687 3793643 3846117 3848409 3852361 3857578 3916950 3961949 4045378 4133733 4146745 4176851 4197179 4224348 4252220 4270644 4272799 4344946 4422492 4439061 4454612 4507181 4568751 4747909 4883598 4904638 4909448 4927770 4935143 4981410 5139069 5144864 5146153 5163216 5184254 5233766 5242465 5258459 5356564 5379424 5548537 5563983 5610982 5644563 5689736 5738901 5772156 5800028 5967427 6027953 6089290 6106742 6128658 6132916 6251372 6263070 6322370 6351066 6447455 6449437 6477569 6560541 6576589 6588413 6598713 6608220 6707128 6796092 6830306 6885376 7001683 7012556 7104414 7122518 7157247 7226943 7325577 7327397 7335388 7337399 7344588 7434083 7464867 7485683 7566128 7617811 7663084 7748467 7773787 7802545 7809298 7884315 7888166 7906126 7939303 8001528 8018219 8044142 8076212 8112823 8136612 8154625 8171223 8229523 8240197 8270807 8276323 8372429 8378025 8412193 8421877 8515774 8567408 8587178 8593876 8610429 8649061 8663966 8669646 8716050 8731120 8774789 8798437 8812692 8825390 8852291 8866519 8949701 8981783 9055861 9079255 9085247 9114676 9125218 9134749 9161083 9174687 9231176 9240149 9268841 9275459 9294605 9311174 9324754 9494152 9495805 9502175 9537848 9553550 9590730 9689917 9714841 9724883 9726800 9758928 9825103 9871804 9898295 9899794 9931176 9949009 9988622 
</Matrix>
<Matrix name="Neuron_351" type="complete" rows="1" columns="2203" multiplier="1.0">
   5537 12063 17285 20445 22330 34220 40383 43442 47850 48699 55334 61988 64552 68550 71801 76866 85917 93068 96784 106576 115883 117520 122055 123742 131549 138765 152873 156872 163599 168720 174438 177334 181590 184873 188022 190362 197231 211624 214775 220298 223314 227032 228923 231923 242294 244546 263369 269277 272669 277753 278947 282561 287347 294476 296234 299359 300940 301722 304403 307997 310292 311507 312943 318676 323146 331001 341087 343704 346720 350331 360067 363279 365326 370404 385351 387101 391925 405589 414919 417349 420679 423838 425980 428246 430938 432270 435142 445729 453172 454108 456627 465457 466707 491146 497376 502015 510392 511983 518795 525742 528814 534643 541608 542899 546102 553168 556173 563630 566861 567977 569028 570236 575733 577433 581854 584912 588092 590383 591023 593241 594976 596336 601484 604923 607739 610799 612220 617069 618798 620246 623759 628744 633674 640402 642680 646880 651600 656201 659999 665034 666275 670416 671287 673116 674696 688018 692761 698932 700918 704199 706530 708783 717709 718772 725204 730565 731528 737095 739591 745074 747138 751613 753732 755842 759566 772703 776787 779723 786600 798655 802543 803887 808911 812401 822783 824486 827185 829178 832206 843249 845167 850471 856518 859371 863419 869420 871449 873136 877957 881364 882983 902006 902815 907171 913978 919638 924155 925837 932999 938920 940001 942048 944010 948501 951411 955549 959996 965322 970118 972013 974446 977683 978996 981691 985543 994027 997256 998831 1000594 1003491 1007253 1010545 1013203 1022856 1023873 1025204 1028616 1029763 1032003 1034319 1038868 1041736 1050936 1053427 1056970 1058836 1065154 1066957 1067831 1073185 1075548 1076582 1080904 1083854 1091488 1102174 1107591 1108469 1116905 1123211 1128783 1130628 1133317 1135502 1138655 1139886 1141177 1145669 1150088 1152572 1156064 1169361 1173290 1177988 1182641 1183952 1186362 1188107 1191203 1198964 1200430 1204960 1212437 1214391 1217620 1221027 1225499 1235155 1240387 1242383 1245342 1248104 1256361 1264996 1270923 1285383 1295611 1298050 1306922 1308508 1309715 1313773 1315319 1319992 1323144 1333272 1335620 1341096 1344850 1348038 1356490 1362158 1363530 1366077 1368442 1372030 1375708 1378329 1385262 1386254 1389883 1392609 1395272 1405236 1408520 1410064 1419306 1423361 1431643 1433441 1435019 1441742 1444327 1447305 1453464 1458984 1465125 1466522 1473100 1483737 1486412 1495147 1496447 1516801 1518063 1521063 1526488 1527861 1528583 1532558 1536608 1537760 1540887 1543471 1548487 1550580 1553119 1559961 1566461 1570499 1571780 1576384 1580386 1582654 1585612 1587535 1590070 1604933 1609512 1611834 1612946 1614761 1623895 1624766 1628250 1636419 1638573 1647549 1648705 1650478 1656428 1660019 1672511 1675762 1680517 1682400 1687562 1691045 1692040 1704595 1705902 1720750 1727697 1733876 1740325 1744284 1746331 1748932 1756635 1760519 1763423 1764937 1766113 1773487 1778209 1782665 1787253 1789174 1794204 1795172 1799944 1806229 1811043 1812626 1817182 1826922 1833110 1834842 1838052 1845574 1855506 1856530 1858822 1871350 1875219 1879365 1889203 1891787 1897612 1902977 1903886 1907477 1912138 1917142 1919511 1921673 1924299 1928557 1936119 1939719 1955365 1961170 1972336 1980424 1983361 1986249 2005115 2008453 2009598 2011696 2018967 2029051 2034297 2042935 2044967 2048389 2050146 2055351 2064326 2070833 2073752 2079668 2081709 2086358 2092713 2095437 2101141 2103839 2104569 2107130 2111061 2113339 2116293 2121797 2130129 2132507 2136535 2139232 2142700 2145506 2148563 2155358 2156167 2159261 2163209 2166298 2167926 2170396 2171293 2175098 2176327 2178325 2185123 2191486 2199721 2206282 2211216 2221536 2222391 2226570 2236198 2247998 2255738 2260024 2261682 2265421 2268164 2276712 2279431 2280369 2283323 2285549 2295078 2300236 2303035 2311556 2317244 2318517 2320057 2325433 2331704 2337313 2340034 2343762 2345337 2356115 2362341 2364066 2380006 2386576 2390817 2393125 2396064 2400522 2402397 2408183 2413299 2416447 2417139 2419752 2426946 2433716 2440137 2445788 2461174 2465752 2467142 2467898 2469164 2470278 2473471 2479332 2481461 2483575 2485277 2487169 2503063 2505936 2507292 2518536 2521824 2524254 2535374 2540320 2542403 2545484 2548998 2550709 2556254 2558095 2566268 2569176 2576185 2577590 2578875 2581682 2593377 2599057 2606576 2609230 2616418 2621075 2624411 2626683 2631519 2635717 2638189 2641523 2651331 2652392 2653767 2658310 2659660 2664515 2672676 2673903 2683803 2685500 2687047 2688987 2697267 2699888 2704656 2706796 2719013 2727574 2728433 2732237 2734735 2747783 2749571 2756768 2758763 2763751 2769141 2774981 2784822 2787678 2792984 2793991 2797381 2799848 2806647 2816156 2818830 2825107 2833691 2841468 2845484 2847642 2849602 2853695 2857255 2858458 2867100 2869818 2873295 2876224 2880902 2889758 2890586 2893419 2896662 2901683 2903777 2910860 2912082 2913318 2917162 2924632 2932915 2946386 2951745 2953180 2954348 2957226 2962383 2964111 2997967 3003363 3008069 3013750 3015646 3019655 3030863 3032624 3041790 3061650 3062402 3066412 3070855 3073277 3078481 3083685 3092608 3095121 3097017 3097806 3112507 3115085 3117644 3119663 3126413 3129010 3130597 3132688 3135678 3147458 3149317 3157805 3160768 3163518 3167936 3169066 3174221 3176422 3181939 3182696 3184953 3196101 3204440 3210996 3213738 3217196 3223959 3226491 3228368 3232196 3235870 3242777 3245350 3248558 3264009 3277744 3287204 3288321 3290828 3292441 3300465 3304077 3309915 3325758 3327136 3328305 3329456 3330765 3343549 3344509 3353789 3356935 3375728 3377568 3379286 3384861 3387958 3398230 3400957 3404329 3405494 3412693 3413947 3416753 3431716 3433797 3437648 3440865 3443441 3445676 3449688 3451868 3453460 3465526 3468379 3474295 3480189 3488692 3492858 3495879 3498368 3500283 3505479 3512974 3514134 3518091 3525897 3528181 3529888 3533925 3549969 3560864 3562376 3566021 3566852 3570685 3579307 3580365 3596256 3600007 3606223 3608647 3609787 3618484 3620395 3622794 3628079 3631348 3634090 3638744 3648385 3650375 3652002 3656406 3658626 3659746 3665949 3675492 3678910 3682192 3685046 3688550 3691654 3698042 3702504 3714577 3717323 3719479 3726642 3729498 3732603 3734202 3736006 3741559 3742779 3756573 3760750 3766561 3768136 3772431 3775233 3778010 3785388 3787428 3792508 3800162 3806843 3808168 3809533 3815511 3820023 3825994 3829520 3839048 3843938 3845401 3849912 3856186 3858854 3861793 3862891 3864109 3864859 3870079 3872704 3879222 3880370 3886786 3888103 3890048 3893055 3899869 3911572 3916372 3918192 3923789 3925845 3927125 3942445 3943809 3949514 3953015 3953934 3959462 3964337 3965196 3979314 3981384 3985673 3989814 3996787 4000346 4008913 4010505 4011867 4013837 4022819 4024856 4029364 4049938 4055166 4066331 4076503 4080992 4082348 4085997 4098178 4107635 4113792 4115191 4121833 4127878 4129903 4131754 4138886 4140883 4146793 4147844 4149485 4160368 4163062 4171118 4178382 4180308 4182181 4183416 4185415 4189446 4195796 4197406 4209871 4218063 4223771 4224664 4226334 4229099 4231648 4235475 4241313 4245315 4247399 4249038 4266977 4271078 4273424 4289742 4297760 4303105 4307871 4309568 4312773 4314922 4315784 4318993 4320187 4323834 4328028 4329834 4335398 4345875 4348012 4352969 4354305 4358768 4360179 4374497 4383233 4385091 4389004 4392294 4399443 4400428 4401092 4405971 4410694 4414311 4415657 4418346 4425250 4428365 4431489 4434404 4435875 4438198 4444238 4447478 4448258 4451143 4472340 4476457 4487292 4496073 4498383 4509471 4526418 4536258 4543308 4545121 4556410 4563457 4571775 4578592 4583798 4585346 4592145 4601958 4603485 4608625 4609513 4611303 4613066 4615013 4616883 4629700 4631525 4635969 4639177 4640258 4641956 4643216 4648084 4649816 4652488 4654572 4675034 4676988 4681273 4685400 4687553 4689349 4692675 4693934 4695440 4697596 4699582 4703059 4704274 4707708 4712066 4715250 4718046 4721257 4722232 4730466 4733226 4743385 4745028 4747037 4751298 4757815 4762559 4773403 4782706 4785940 4794518 4795898 4798764 4801098 4805495 4807767 4812151 4813730 4814851 4822459 4825520 4826565 4828067 4831832 4844337 4850906 4855936 4871275 4872405 4884075 4888987 4895289 4896456 4898547 4903131 4905363 4907361 4910212 4923146 4928891 4931434 4936052 4938161 4941795 4944435 4953991 4955382 4961181 4962034 4973405 4974547 4976678 4978100 4984878 4992362 4994249 4997438 5000518 5024451 5025704 5031568 5034966 5037603 5044593 5048305 5056769 5061018 5062857 5069761 5072698 5080080 5088130 5089656 5092056 5095433 5096821 5098781 5101628 5106349 5115980 5118802 5119682 5155494 5163492 5165015 5171560 5172608 5176065 5179068 5186228 5192260 5194240 5196736 5204234 5205982 5210552 5211328 5213940 5220831 5222393 5224343 5228093 5230037 5232254 5233333 5235615 5245177 5246402 5247987 5250433 5251861 5254342 5268188 5272257 5275283 5278841 5280360 5285659 5290035 5292198 5294354 5298724 5300183 5302259 5304427 5313641 5318711 5323317 5332952 5334773 5343423 5344857 5349172 5351319 5352968 5357690 5365016 5375257 5382092 5383377 5385803 5386972 5390550 5392946 5396020 5399584 5405961 5412689 5417784 5427890 5430922 5436597 5440527 5444877 5447691 5455778 5461114 5463466 5465688 5468031 5469330 5471525 5478067 5481217 5483551 5491573 5492927 5497685 5498908 5500642 5507560 5508682 5511685 5512978 5519506 5520973 5523493 5527989 5531056 5541221 5543589 5544969 5551964 5558694 5561649 5565861 5575450 5576248 5578822 5580396 5587141 5588949 5591146 5593757 5597867 5601948 5604653 5606520 5610494 5612945 5616509 5627579 5629563 5632069 5636795 5642583 5644844 5648703 5652550 5653720 5656381 5658070 5663235 5664419 5665790 5669631 5685210 5689940 5695662 5697867 5702558 5705234 5712345 5714354 5718248 5721188 5730540 5734757 5736302 5739206 5748497 5749889 5754410 5755555 5759351 5767807 5770196 5777612 5779785 5783081 5784639 5786600 5790871 5794446 5796561 5799388 5800708 5810719 5828943 5830151 5832283 5836996 5844218 5851198 5854527 5856135 5858514 5872699 5891357 5898388 5907515 5909719 5910656 5916164 5919734 5934480 5936974 5940141 5943467 5945190 5947510 5952451 5954977 5956491 5973446 5974711 5979870 5983725 5985591 5986945 5994293 5996586 6006873 6007804 6013450 6021411 6028940 6032024 6032794 6035503 6037262 6043053 6054637 6057688 6060397 6066053 6076376 6079137 6085383 6087024 6089453 6090684 6102973 6108749 6115076 6117403 6118933 6119696 6124265 6139939 6140805 6151789 6154047 6158106 6160736 6163135 6166173 6170423 6180509 6181675 6183675 6192378 6193179 6194654 6205798 6208902 6211990 6213181 6215469 6216377 6223431 6225469 6232477 6243393 6244271 6246921 6247698 6251604 6255997 6259115 6262743 6263553 6265546 6272259 6276041 6283595 6286797 6288717 6292172 6293333 6297168 6299919 6306476 6309618 6320930 6323197 6334496 6336069 6341066 6342508 6348356 6349444 6357685 6361200 6363635 6368502 6370656 6375667 6380099 6385451 6387260 6389736 6395877 6402192 6409508 6412224 6413918 6418384 6419358 6422778 6427868 6429798 6434795 6443787 6450370 6453270 6461029 6463947 6466354 6467556 6487336 6490198 6494296 6495517 6500101 6501521 6503029 6504725 6505612 6521032 6523892 6525022 6528079 6532079 6535031 6543528 6546669 6549116 6557149 6557831 6564126 6566872 6569338 6572684 6577718 6582778 6591933 6593300 6595167 6597678 6604889 6609934 6611591 6612696 6614651 6616836 6617849 6619276 6624734 6625959 6626981 6629728 6632990 6634673 6636044 6640438 6642668 6645642 6646451 6649009 6652317 6654078 6655973 6664345 6666328 6669076 6671126 6675248 6679260 6684701 6686629 6690834 6691565 6693220 6695555 6697832 6699247 6701373 6710596 6713410 6716433 6725640 6727502 6731062 6733436 6737166 6741357 6747532 6749286 6754619 6756111 6765828 6767823 6768807 6784688 6787103 6789731 6796241 6800868 6803286 6809437 6813932 6822340 6831786 6833595 6846150 6853914 6858749 6863322 6869409 6873278 6885492 6887502 6889160 6894043 6906589 6908995 6909834 6913551 6914768 6916515 6927106 6928906 6933151 6938982 6942412 6947812 6960206 6969466 6973347 6986708 6988499 6989368 6992336 6996982 7005793 7008348 7014055 7033855 7038148 7040651 7043036 7049166 7054539 7056379 7061495 7070710 7075791 7080687 7082337 7088244 7092637 7098229 7101504 7103156 7106256 7112943 7113821 7115008 7123489 7127482 7137138 7138417 7149338 7156618 7160707 7168448 7170305 7171190 7172740 7176564 7185400 7186413 7187962 7192571 7197960 7212493 7215139 7217359 7219560 7224282 7225677 7227330 7229653 7231340 7236890 7241047 7247444 7261111 7263469 7266841 7272042 7276400 7284415 7289054 7292613 7298076 7301265 7309318 7312063 7313665 7317076 7330739 7339067 7341458 7350421 7351993 7359356 7361071 7362271 7365395 7371878 7383877 7386663 7388513 7390711 7392349 7393919 7395448 7398479 7401765 7403094 7405002 7406186 7411411 7412508 7414669 7416456 7424300 7426064 7426859 7430621 7432729 7449410 7456562 7462831 7464800 7468196 7469282 7471196 7472938 7478087 7483370 7487200 7495925 7501602 7503005 7509087 7514320 7517012 7524185 7525648 7526579 7529660 7533815 7537416 7546883 7551977 7555616 7556650 7559628 7562927 7563926 7567515 7569710 7572639 7577169 7585236 7589176 7594931 7597820 7599740 7605160 7609041 7611521 7612957 7617848 7623971 7629073 7634995 7638540 7645274 7652408 7657308 7682746 7686116 7690156 7691759 7698586 7706613 7711887 7714515 7717830 7718634 7732201 7733682 7734454 7735904 7739388 7743490 7749873 7752872 7754649 7757750 7761797 7763934 7766113 7767380 7768832 7770187 7771849 7772849 7775734 7788443 7800787 7804342 7805189 7810579 7811991 7821579 7823701 7825818 7842910 7845085 7851455 7854526 7856645 7861227 7879264 7879887 7887395 7889981 7894313 7896359 7899972 7908325 7913339 7916656 7921417 7926702 7931060 7938784 7940752 7949026 7955469 7961434 7962390 7967365 7968749 7969434 7971628 7973115 7978498 7983487 7984574 7991892 7995206 7999359 8000945 8003337 8006038 8008734 8011871 8014257 8026113 8031677 8034087 8040855 8046015 8050865 8052379 8055561 8058137 8059554 8061598 8067687 8070067 8076690 8080891 8094865 8097424 8103178 8106629 8111144 8112312 8116722 8122692 8124482 8130667 8133920 8140007 8144324 8146796 8148813 8150106 8152559 8154496 8157460 8163603 8165029 8173944 8185316 8186188 8205259 8207263 8208131 8210793 8213880 8215558 8220862 8222411 8228283 8229005 8232171 8234336 8236475 8241639 8251081 8253572 8255587 8257598 8260496 8264254 8266849 8272981 8275834 8283492 8287120 8288860 8291535 8294761 8298118 8308725 8313394 8330896 8335506 8336705 8339633 8346863 8354234 8356228 8357083 8358622 8360645 8370661 8371907 8373839 8375208 8379919 8381965 8389080 8404753 8408065 8413912 8421258 8424420 8435339 8437595 8438331 8441019 8446581 8449557 8456034 8458323 8464844 8472022 8477043 8480281 8482123 8483076 8486429 8490366 8493632 8496792 8500238 8502676 8512987 8514815 8517273 8522600 8524888 8527279 8532223 8533596 8542681 8543740 8550428 8560322 8563039 8564173 8576202 8578181 8580271 8583966 8586931 8588193 8591338 8602065 8605588 8616523 8619818 8628714 8629816 8637232 8638462 8644152 8647750 8660082 8666464 8667969 8670206 8674752 8676479 8678361 8688252 8692274 8693553 8695371 8702429 8706526 8709521 8711068 8712923 8715126 8716230 8717858 8722752 8732622 8733522 8736529 8738411 8746998 8750789 8757022 8759182 8767643 8777625 8780355 8782154 8792227 8795742 8799167 8804540 8806821 8809240 8816265 8817726 8820674 8831513 8839253 8842238 8855651 8858229 8862740 8869544 8874279 8875024 8886446 8889126 8891290 8896624 8899696 8904252 8905628 8913709 8915954 8921577 8924146 8928653 8929868 8931486 8941329 8942893 8944327 8950635 8955902 8962114 8973364 8974935 8983939 8988080 8995071 8998143 8999749 9000752 9002200 9004514 9009753 9013237 9013853 9019284 9021880 9027484 9036014 9037122 9039558 9042944 9055449 9056321 9057504 9063469 9066924 9068002 9070051 9071754 9073823 9075692 9076270 9076841 9082512 9089496 9090933 9098850 9102548 9106872 9111092 9122843 9127061 9131610 9134830 9143372 9163502 9164606 9178035 9179353 9183934 9188450 9198414 9200636 9206084 9211262 9214633 9216403 9217594 9218450 9220667 9222816 9227519 9230704 9236780 9240825 9242378 9245015 9247921 9249078 9252055 9259188 9261956 9263822 9266896 9269535 9272007 9273338 9274834 9281781 9283796 9286259 9290803 9308452 9318491 9327129 9330561 9335130 9336312 9341006 9347008 9358140 9360796 9364233 9372800 9375455 9390721 9395114 9396332 9398935 9401467 9403597 9405269 9407962 9410396 9412466 9414944 9417311 9423058 9424156 9429755 9433132 9434420 9442783 9444537 9450990 9451850 9464928 9467177 9467902 9474601 9478113 9484002 9490172 9491209 9509298 9511104 9513493 9520675 9521502 9523958 9529312 9534021 9543020 9546257 9548895 9552387 9555542 9561056 9562542 9567345 9570389 9573165 9574370 9581350 9590045 9596733 9598892 9600465 9601875 9610146 9611879 9615255 9616709 9628697 9634030 9647763 9652005 9656687 9660941 9666616 9670027 9672315 9675799 9682798 9691093 9695378 9704849 9710001 9712787 9715952 9716753 9721099 9722291 9727767 9728870 9731267 9731962 9740842 9748254 9749779 9752472 9754110 9755299 9767611 9770521 9776348 9779937 9781946 9784017 9786097 9787787 9789828 9792902 9798396 9808257 9812134 9814981 9818840 9823551 9825972 9838165 9844048 9846507 9849272 9852147 9874581 9876396 9882921 9886332 9887049 9889612 9890916 9892729 9894217 9896439 9904888 9906827 9909527 9913191 9916131 9917305 9918665 9930955 9947026 9947988 9957349 9963087 9967466 9969811 9975452 9976747 9981676 9982493 9985232 9996020 
</Matrix>
<Matrix name="Neuron_354" type="complete" rows="1" columns="3286" multiplier="1.0">
   1823 3164 8310 9464 13361 15268 17694 19514 29386 31612 33852 37717 38883 39923 42006 42935 44249 49207 55859 60446 62134 67291 73665 78242 79708 83521 84592 87984 88781 92292 94466 96407 100782 101481 103275 110105 112356 113280 118789 122690 124885 126168 128379 130133 136480 137645 142813 145078 146700 150000 151154 153644 155585 157343 159252 160562 161301 164350 166583 167893 170290 174833 178295 180479 182354 183710 187537 189640 195252 196851 198140 202344 204202 207646 211535 214036 216606 218091 224150 226085 228333 229816 231351 232242 238989 240996 241765 243715 244759 247166 248557 250193 254443 258796 263745 265082 274077 281917 283110 284802 285879 289358 290756 294705 296476 298210 300894 302188 303021 305209 313182 314699 315913 320712 322665 323924 324776 325923 327571 334754 336970 338120 342432 345420 348220 352845 354414 358018 365793 367503 373331 375224 378161 385904 387194 388572 393501 401534 405106 407721 410416 411659 414728 415599 420932 422106 424438 431795 433407 434832 439701 441614 443108 446639 450238 453514 454883 458285 462031 464505 465367 466459 469467 476074 478115 479309 482339 487055 491418 492949 494712 500819 502861 505103 505994 509227 514701 516391 518443 520169 521140 522806 528708 530600 534564 537704 539129 549554 551283 552858 556050 558670 562566 567295 568161 570859 577554 582280 584023 586634 589244 590304 592717 593436 595748 605795 606858 608625 609895 611149 615364 618396 620585 625725 629822 631283 633825 640015 644730 649848 653276 654956 656689 662937 671187 672389 674220 675635 676400 680911 687846 690709 692322 693646 697516 699017 701808 704811 706377 708020 709687 713174 715044 717158 718302 723981 726241 728505 731351 735420 743169 746970 748776 750728 751931 754135 756406 759971 767580 771139 772406 774589 776887 780649 783089 786589 789426 790844 794524 799436 800956 806465 813043 814706 818177 823468 827461 830187 833313 836709 837493 839197 841434 842779 846472 847532 850303 852586 856296 864250 867463 870517 875118 876612 880863 883398 884746 885990 888067 889262 900830 904177 905059 909401 914008 915212 918730 923342 924846 926432 928592 929789 936481 938762 941418 943686 949420 951610 952863 958110 959743 961164 963657 966672 969797 972417 978277 984597 985839 987046 990079 999977 1001230 1002752 1004923 1010052 1012085 1016551 1017489 1018200 1020843 1022950 1024269 1027493 1028413 1032380 1034439 1042564 1048915 1052845 1054567 1056279 1061264 1064161 1066286 1067524 1071544 1073827 1075556 1077710 1080191 1082805 1084848 1086173 1087757 1091713 1095271 1097222 1098122 1107156 1113708 1119616 1125581 1126575 1128956 1131494 1132707 1137530 1139403 1141381 1142190 1151389 1156639 1160164 1161502 1163684 1164807 1170636 1175861 1177042 1180664 1184721 1186671 1187892 1188478 1189771 1190797 1196054 1199939 1200782 1202210 1203799 1204898 1208689 1212170 1214623 1217299 1218200 1219401 1220232 1226805 1227954 1230909 1232369 1235698 1236845 1240927 1242883 1244502 1247328 1249261 1250699 1253435 1255225 1257621 1259497 1260609 1261468 1264872 1267912 1274400 1276250 1277080 1279472 1280911 1286838 1289690 1291177 1296943 1304742 1305906 1307310 1308658 1309693 1312514 1313564 1314509 1315310 1320424 1321521 1322903 1325247 1327028 1328248 1330635 1332444 1337615 1346869 1348267 1350876 1359743 1362837 1363495 1365959 1367216 1368520 1370730 1371688 1372801 1373990 1375341 1383295 1385988 1390468 1396867 1398141 1405027 1407500 1408717 1410130 1412314 1414272 1415367 1417959 1419290 1420860 1422686 1425605 1426741 1432393 1435568 1438488 1441452 1443796 1445637 1448946 1449891 1453468 1457637 1459841 1460673 1464677 1466621 1468252 1471153 1472192 1476879 1479203 1481291 1483809 1488093 1492433 1495137 1499795 1501311 1502389 1505693 1507445 1509835 1512281 1517309 1518555 1519674 1520840 1522288 1524174 1527139 1533151 1534667 1539952 1543032 1544720 1547220 1551759 1553108 1555972 1556779 1559114 1563268 1565898 1568313 1569638 1571507 1576848 1577777 1579557 1581445 1582070 1590561 1591955 1596342 1597824 1601992 1607469 1608302 1616612 1617825 1620687 1623764 1625901 1628761 1634548 1635364 1636035 1640223 1642302 1643418 1651500 1653420 1658333 1660943 1663154 1664849 1666521 1672284 1673369 1676916 1677897 1680393 1683710 1686094 1690871 1692727 1696015 1699823 1701070 1703567 1705187 1707689 1708616 1709496 1710574 1716196 1717236 1718768 1719971 1723204 1727324 1728153 1732353 1739572 1741225 1749744 1756637 1760112 1762906 1766605 1769866 1770853 1773997 1774622 1775836 1778122 1783182 1785346 1788993 1797806 1799281 1804592 1807258 1812893 1815381 1818622 1823662 1826436 1829479 1835305 1836542 1839626 1846511 1850859 1852404 1857677 1858797 1860881 1861926 1863610 1866585 1869596 1871814 1873557 1876051 1878720 1880728 1881615 1883698 1884739 1887064 1893411 1894719 1898967 1902012 1904796 1906403 1907606 1909398 1912531 1914657 1916287 1917841 1921169 1923255 1924527 1931791 1936553 1946255 1948990 1954648 1956256 1958585 1959491 1962484 1964818 1967125 1970587 1977677 1981211 1982260 1984429 1987242 1988585 1989700 1992763 1993957 1996161 1997467 2003038 2005267 2006413 2009841 2012976 2014813 2017321 2019987 2023678 2024928 2026903 2033254 2035116 2038260 2041387 2044331 2045599 2049082 2050905 2053385 2054266 2055566 2058130 2066590 2068998 2073038 2076564 2077644 2078340 2081996 2085224 2086007 2087089 2090212 2096956 2103543 2105549 2107699 2110695 2112798 2113895 2115715 2118631 2123313 2128277 2133660 2135671 2136891 2139470 2140120 2141354 2143580 2145089 2148586 2151486 2153942 2156788 2163091 2165809 2169919 2173206 2178795 2181445 2186201 2192906 2200894 2203416 2205531 2208685 2209790 2211589 2214080 2216258 2216731 2217669 2223071 2223913 2225443 2226773 2232507 2233840 2238722 2241450 2244659 2247734 2251411 2252345 2253225 2256382 2257763 2259647 2261464 2264348 2274164 2274853 2276144 2278534 2280418 2285889 2286964 2288179 2291003 2292874 2295134 2298238 2300271 2303661 2304755 2309635 2312545 2320141 2321364 2322184 2323389 2324269 2326547 2331236 2331983 2337394 2339049 2340746 2348498 2351787 2354939 2357610 2360771 2365045 2369193 2372400 2375774 2382493 2385628 2386627 2387847 2389113 2390917 2401153 2408995 2412285 2418368 2420018 2423390 2429575 2430735 2438790 2440135 2441451 2448160 2450673 2452538 2453702 2456035 2461410 2462538 2465601 2466642 2468383 2471325 2473515 2481625 2487896 2496580 2497705 2500204 2504440 2505595 2507667 2510794 2511829 2517579 2521922 2524675 2527243 2531411 2534973 2537686 2544122 2545431 2548192 2549179 2554986 2556354 2557847 2560450 2562917 2568491 2572482 2575299 2579375 2580375 2583618 2585745 2589695 2590880 2594993 2599815 2601001 2602211 2604888 2610160 2615724 2618635 2631338 2634977 2637184 2639330 2642849 2644125 2650347 2657317 2661294 2664467 2667999 2670113 2671870 2677119 2680355 2688790 2690025 2693242 2695227 2696514 2699755 2702703 2703595 2709722 2712886 2715594 2717281 2719585 2722265 2730548 2734164 2737856 2744636 2747050 2753921 2755696 2757244 2763678 2766257 2769359 2772610 2774755 2777572 2788683 2791821 2795137 2796321 2797087 2798760 2801165 2805542 2807218 2807970 2813344 2816582 2817659 2819302 2820912 2822595 2823982 2825938 2830637 2835513 2839900 2845215 2849235 2852016 2853807 2857912 2860918 2862737 2863891 2867774 2874469 2876366 2877731 2879125 2881361 2883105 2885121 2888844 2889788 2893376 2894856 2899843 2904623 2906339 2906971 2909846 2910787 2915493 2919424 2920375 2922424 2925771 2927185 2931271 2950907 2952950 2956541 2958067 2964147 2971447 2974355 2975902 2978460 2981898 2989566 2994912 2998427 2999648 3001750 3007526 3009299 3010292 3012513 3015826 3016957 3019165 3023296 3025637 3028903 3032247 3033838 3038827 3043275 3048314 3050818 3064142 3065608 3069898 3071038 3073906 3075477 3077856 3081114 3085608 3088761 3091102 3092748 3093503 3094326 3095599 3098854 3100488 3103278 3107990 3121397 3122490 3125339 3127036 3134893 3140176 3141943 3142806 3144832 3150104 3151138 3154927 3155823 3157107 3158160 3162465 3164657 3171120 3172816 3175195 3176075 3178111 3181871 3183042 3187947 3194184 3197963 3199572 3201853 3210509 3211399 3213628 3215590 3222719 3229154 3233156 3237040 3237913 3239658 3242789 3244875 3245871 3255567 3256844 3258530 3259801 3263294 3269557 3270537 3271883 3274517 3276894 3281600 3283300 3284452 3286470 3288092 3289656 3291474 3295009 3296010 3299096 3300136 3303269 3304509 3316844 3317832 3320019 3320692 3323729 3328372 3329847 3330603 3334179 3339654 3342786 3345876 3349833 3350659 3352714 3356644 3357766 3363158 3371897 3376755 3378061 3379287 3380937 3384546 3386348 3388437 3390773 3392774 3394505 3410747 3416462 3417715 3418897 3421619 3422623 3425237 3430111 3435003 3439801 3442961 3449898 3455012 3456556 3458286 3461486 3462348 3465685 3475397 3481879 3487348 3491969 3493531 3496996 3497920 3499264 3502305 3505545 3509943 3512423 3517552 3519623 3525010 3527268 3530631 3533901 3535331 3536384 3537458 3539343 3541442 3543335 3546530 3549925 3551034 3552233 3554171 3555983 3560514 3563442 3565319 3570407 3574371 3575757 3577698 3579033 3584198 3588696 3591331 3603316 3606296 3614670 3616205 3618118 3621753 3622867 3627866 3629388 3632755 3633735 3636190 3637340 3638198 3643486 3644375 3646568 3648680 3650088 3655772 3659445 3660727 3663883 3664952 3665879 3668144 3675938 3681214 3682895 3685309 3686360 3688208 3692472 3695126 3696376 3698052 3700995 3706332 3708229 3718265 3722815 3723724 3724531 3725760 3728923 3729833 3733342 3736242 3740200 3745670 3749884 3752404 3755876 3762330 3764118 3766590 3768270 3770025 3771188 3775867 3777152 3778969 3783113 3785592 3787176 3794263 3795688 3796709 3807806 3809260 3812062 3813292 3815278 3816838 3817849 3819427 3821557 3828166 3831287 3834900 3835875 3837134 3843633 3844851 3847048 3848558 3850774 3852992 3856726 3859540 3861743 3867221 3872137 3875059 3877456 3878931 3883044 3883880 3888792 3890543 3894024 3896611 3898190 3903428 3906727 3911841 3915739 3920765 3924757 3926395 3927509 3936649 3938847 3941911 3948470 3951387 3952761 3954206 3964635 3966238 3971561 3986602 3991872 3993804 3995530 3996732 3999251 4000030 4001507 4002473 4004574 4005712 4009805 4011856 4013561 4014421 4020046 4021365 4024736 4031838 4034315 4036214 4037561 4040426 4044978 4048313 4050874 4054828 4059147 4063521 4069433 4070880 4073738 4074921 4076237 4077152 4082970 4083766 4086346 4088830 4090250 4091506 4092790 4094706 4097447 4101539 4102968 4106356 4108564 4109935 4111496 4114026 4115829 4116614 4118674 4124824 4126056 4129824 4132277 4134681 4136780 4140679 4142086 4143024 4145090 4147648 4149745 4155430 4157836 4160268 4163611 4165480 4167411 4170432 4171462 4172453 4175300 4177052 4178242 4184705 4188039 4191291 4193350 4194499 4203669 4205815 4206592 4209100 4210258 4212769 4214707 4218726 4220729 4223051 4227533 4229573 4232771 4237803 4238835 4242714 4247369 4252951 4254419 4256675 4259711 4262945 4264297 4270150 4271438 4272784 4276655 4277606 4279062 4280316 4281533 4282546 4285223 4290338 4291556 4292411 4294558 4298486 4300967 4305390 4307105 4310000 4310710 4312646 4315705 4321415 4322704 4323637 4324968 4325826 4327555 4328788 4350823 4351662 4353285 4363919 4366288 4368227 4370784 4372057 4375112 4375868 4377665 4379590 4380536 4381656 4384913 4386655 4389753 4391171 4395802 4397792 4402997 4403688 4406268 4407340 4408861 4410312 4412381 4418344 4420967 4422203 4423420 4425384 4427171 4428716 4430334 4435167 4438838 4440874 4441688 4443873 4446716 4448136 4453891 4457413 4459770 4460774 4463589 4465398 4467617 4471674 4474201 4477020 4478887 4479753 4483546 4484491 4485775 4488406 4490977 4492498 4493622 4496932 4503978 4505846 4508100 4510260 4511389 4518902 4520409 4521572 4522941 4528161 4529529 4533451 4534204 4544661 4546548 4550166 4562416 4564942 4567975 4574183 4575860 4578500 4584637 4588383 4594658 4599328 4603400 4604310 4607187 4610465 4611489 4612754 4613957 4616234 4619041 4620638 4621714 4625633 4629982 4637898 4644176 4648286 4650183 4652029 4653658 4656311 4657702 4659399 4660639 4666001 4667654 4673031 4678611 4680025 4681093 4682247 4683490 4685831 4689848 4698582 4699515 4700693 4701609 4706614 4709320 4710424 4711609 4713418 4715159 4716968 4720118 4721256 4727927 4731698 4738418 4740038 4742260 4744669 4747971 4750368 4752545 4754817 4759671 4761364 4762386 4764521 4768654 4772038 4775615 4777035 4778249 4791107 4792683 4794743 4795599 4799477 4801245 4804102 4808676 4809494 4810897 4812102 4814675 4815475 4824967 4828344 4835104 4840086 4841802 4844962 4849345 4853654 4857139 4858739 4859596 4861333 4863700 4871507 4872983 4874986 4875798 4878665 4882416 4883213 4888814 4891079 4896183 4897198 4900403 4905320 4908857 4910756 4911744 4915755 4916565 4919890 4920980 4923079 4925181 4926145 4928596 4931493 4935577 4938136 4940249 4941822 4945442 4950363 4951745 4953503 4957523 4959978 4961901 4966652 4970301 4971884 4974592 4975373 4979156 4982165 4993847 4996100 4997186 4998426 5000293 5002055 5004869 5014338 5015047 5021556 5026541 5031455 5032742 5035685 5036730 5038063 5039011 5040467 5043261 5044246 5045844 5052659 5057974 5060415 5062183 5063523 5072775 5073967 5076215 5081023 5089148 5092166 5095190 5103673 5106268 5108326 5111604 5113587 5116114 5117207 5124732 5125868 5127029 5129008 5134826 5136397 5137202 5139035 5141270 5143775 5147488 5149189 5150396 5156398 5159279 5161335 5165007 5169322 5170217 5173021 5175373 5177442 5179273 5182256 5183007 5184363 5187916 5189881 5191285 5193120 5194249 5194924 5197991 5200440 5203355 5204683 5206928 5212691 5217067 5217909 5223388 5229567 5231840 5233398 5238068 5239814 5241369 5244261 5247424 5249304 5250753 5255555 5257243 5261850 5264252 5265310 5269332 5271959 5274266 5283800 5289032 5293165 5295056 5299787 5301138 5302229 5305823 5307711 5310317 5314977 5318287 5319276 5324856 5326270 5327695 5332192 5334181 5335541 5339301 5341630 5344365 5346204 5348666 5351592 5352510 5357462 5358541 5361848 5362964 5365442 5367465 5368315 5370529 5372104 5377061 5378332 5381421 5382161 5385595 5387952 5390970 5396668 5397608 5398831 5399920 5402524 5403338 5407445 5417985 5421903 5425842 5427504 5429198 5431741 5432458 5435150 5435965 5436830 5439178 5441360 5442784 5448809 5452891 5455005 5457059 5461501 5463223 5466663 5473124 5474259 5475657 5477436 5480079 5484819 5486135 5487640 5496020 5498022 5506300 5511309 5513175 5515026 5518451 5519716 5521139 5524627 5525419 5527220 5529277 5531134 5534827 5536496 5538881 5543963 5550912 5553353 5554510 5557377 5559805 5562438 5563289 5565601 5569358 5570192 5578116 5580913 5582273 5587966 5591075 5595395 5596300 5597453 5600911 5602575 5604865 5606149 5613619 5615366 5616559 5618714 5622374 5626179 5628070 5629736 5633753 5634537 5640155 5642287 5646126 5647395 5656079 5658555 5664544 5665511 5666637 5670307 5673461 5678931 5680647 5682958 5685257 5688938 5694470 5696668 5699260 5701253 5703385 5705027 5707633 5708849 5713890 5716177 5719588 5720642 5722195 5727976 5736288 5738020 5738928 5740246 5741026 5745039 5746535 5749448 5750791 5755882 5757647 5760658 5764392 5765635 5768604 5771442 5773664 5779556 5780971 5783286 5785833 5786490 5788566 5790346 5793044 5795836 5797695 5799654 5801822 5805646 5806617 5807822 5810951 5812740 5814220 5819364 5821792 5837502 5839132 5842340 5844416 5846853 5850441 5852970 5853739 5855954 5862344 5863998 5871743 5874984 5881084 5885980 5886626 5890250 5902334 5906273 5908172 5911370 5913002 5915313 5917489 5922845 5930444 5933815 5938257 5942158 5944034 5944937 5947434 5951430 5955159 5961727 5966331 5969635 5973435 5976126 5978505 5979953 5983047 5984101 5985498 5988218 5989094 5991935 6002208 6007435 6008965 6013437 6016743 6017700 6019639 6020715 6022256 6032144 6034376 6041127 6042313 6049858 6058631 6063883 6065530 6067844 6068826 6069872 6072126 6074799 6076510 6078747 6081020 6082344 6090903 6093588 6096238 6100483 6104349 6107147 6111221 6115559 6116611 6119082 6123520 6129046 6130956 6132204 6134041 6135819 6136945 6139630 6147370 6148449 6149468 6151560 6155627 6159827 6162582 6164638 6165294 6168154 6169362 6176695 6179907 6181776 6188173 6189190 6191597 6197576 6199553 6201679 6207406 6212302 6216145 6218020 6221221 6229606 6230929 6240799 6243162 6247457 6249343 6253500 6262428 6264510 6268677 6270617 6272771 6273794 6275275 6276804 6278297 6279385 6286842 6288157 6291598 6294372 6300654 6303873 6304853 6307358 6313581 6315790 6317585 6322822 6326359 6331025 6336261 6337319 6342377 6345151 6357293 6358989 6362596 6363156 6364938 6366459 6368139 6373491 6376908 6381292 6387360 6388311 6389994 6393692 6394815 6396641 6400866 6401967 6403849 6407016 6411325 6412341 6413249 6414659 6419402 6420267 6421969 6423080 6424164 6426733 6428854 6430310 6433488 6434102 6435666 6437619 6438704 6441213 6444555 6446155 6449151 6450262 6454268 6456522 6457646 6459829 6461190 6461985 6463378 6464960 6465956 6468183 6475980 6477806 6480430 6483828 6487400 6498764 6501748 6505501 6509267 6511953 6516719 6521970 6524278 6527832 6530800 6535474 6537849 6552910 6554619 6556458 6562213 6564725 6567350 6570891 6572156 6575906 6581598 6585808 6587449 6590265 6592765 6593958 6598802 6601587 6605521 6610145 6616216 6622982 6624535 6625769 6628583 6631132 6637822 6640299 6644642 6649206 6650298 6651208 6655348 6657851 6662310 6666690 6670038 6674378 6677240 6681876 6690472 6695351 6699859 6705580 6706618 6710126 6719050 6721735 6722974 6728602 6729923 6731248 6733696 6737106 6738976 6740278 6743137 6750168 6753420 6756844 6758721 6763267 6765951 6769980 6771151 6772877 6775256 6776903 6779218 6784825 6789510 6796763 6798420 6801286 6802448 6804125 6806113 6811731 6813637 6819608 6824188 6824966 6826268 6828014 6828844 6834269 6837291 6838523 6840884 6842064 6843548 6848154 6850714 6853431 6857955 6858867 6860567 6861696 6867984 6873182 6876310 6882878 6884953 6886805 6889017 6891002 6893144 6894589 6897250 6898688 6900157 6901045 6906210 6910156 6912239 6913860 6915927 6917703 6920758 6923401 6924758 6926122 6927026 6928569 6930093 6932559 6934979 6936820 6945429 6947342 6948327 6955356 6959868 6963814 6966256 6967026 6974752 6976777 6977628 6979899 6987789 6990771 6996654 6998237 7003742 7005533 7007455 7011729 7013186 7016291 7021076 7022284 7024667 7025569 7029633 7034328 7040786 7043199 7047510 7048447 7049643 7052138 7054873 7058539 7061319 7064956 7066564 7075388 7076301 7079822 7081512 7082282 7084556 7088753 7090101 7091257 7103238 7104475 7105255 7106548 7115696 7121435 7124613 7126941 7129096 7133919 7136283 7143154 7147989 7152120 7153253 7157939 7159400 7160812 7162658 7164071 7170357 7174191 7176307 7177628 7178406 7184022 7188676 7191709 7200703 7204684 7207171 7208927 7218673 7220219 7221874 7228140 7231368 7232981 7234963 7237201 7241495 7243737 7246126 7246998 7249495 7253900 7255734 7259273 7261012 7264940 7270034 7272769 7274710 7275410 7277277 7278424 7282448 7286031 7289781 7290534 7291503 7296036 7305551 7308780 7312497 7314020 7315001 7317408 7320823 7323126 7326611 7327691 7330238 7331057 7332777 7336502 7339999 7344606 7348607 7353571 7355446 7359201 7361613 7364447 7366860 7368223 7370706 7372023 7373354 7377213 7380836 7389961 7391333 7399547 7402391 7410280 7411920 7414752 7419277 7423491 7425184 7428659 7435828 7437011 7438459 7444995 7446486 7448645 7452331 7457067 7459543 7461837 7468624 7477929 7479077 7484629 7486658 7488371 7489587 7493419 7495129 7501394 7503440 7508425 7510344 7511370 7515133 7519718 7521873 7526713 7529336 7530489 7531426 7535401 7536720 7537729 7539422 7541418 7542786 7545552 7546418 7551000 7552351 7554133 7557822 7561471 7563837 7569616 7570760 7572630 7574179 7575617 7580121 7583304 7585820 7590716 7597210 7597992 7598627 7601010 7604474 7605799 7606474 7609504 7611254 7621077 7622144 7626676 7628162 7636141 7638419 7643450 7644738 7649414 7661191 7662622 7665258 7667693 7668614 7673131 7678635 7682367 7684475 7685953 7690392 7695403 7703929 7709390 7710643 7712383 7713865 7715476 7716315 7717407 7719823 7721230 7726969 7732590 7734550 7735493 7737167 7739248 7741156 7742462 7744993 7746259 7749243 7750401 7752218 7756462 7757980 7763337 7768243 7769656 7778048 7780739 7785798 7787093 7789921 7790893 7796145 7801282 7802563 7804546 7805334 7814766 7819222 7825081 7828617 7830249 7836158 7839925 7843359 7846132 7847596 7853285 7855870 7858042 7864905 7866808 7870821 7871638 7874196 7877033 7882322 7887085 7893214 7900222 7904901 7909003 7909826 7916226 7923102 7924003 7928578 7933259 7934396 7939308 7941422 7948260 7951052 7952173 7953267 7954494 7959240 7960343 7962473 7968703 7972842 7975078 7978971 7980576 7982922 7987264 7989135 7990994 7992605 7999192 8001609 8004862 8008859 8010619 8012409 8014365 8023128 8024343 8025416 8031284 8033172 8034835 8038578 8045511 8046587 8047883 8057065 8058715 8061665 8068696 8069932 8071312 8074770 8083976 8086013 8088797 8093333 8095208 8097115 8099198 8100869 8102932 8104409 8105353 8106677 8107687 8110986 8114615 8120802 8121630 8122448 8129276 8133118 8135007 8144365 8146617 8148324 8151156 8152478 8154713 8155930 8158166 8162651 8163512 8167788 8172389 8175493 8176210 8179653 8183154 8184213 8186388 8192598 8194398 8195806 8197606 8199044 8200937 8205041 8207932 8209957 8214076 8221158 8222022 8226613 8228347 8234157 8236084 8245279 8246211 8248238 8252311 8254539 8257282 8262193 8265129 8273424 8277520 8278727 8280951 8283403 8285062 8286431 8292952 8294330 8299342 8300435 8301805 8306335 8309084 8310622 8316057 8319797 8321934 8326432 8328832 8331047 8338169 8342195 8344640 8351628 8357374 8366205 8367897 8369060 8373373 8379831 8381126 8385570 8388814 8393000 8400473 8403067 8409063 8410404 8410806 8412776 8414514 8418178 8421460 8424988 8425851 8427767 8432111 8438673 8441291 8442462 8443726 8450371 8451740 8455346 8457191 8458769 8460315 8461434 8466857 8470297 8484714 8487026 8487912 8490406 8492647 8493814 8494530 8498784 8500386 8502225 8503299 8506280 8509307 8512282 8513704 8517032 8520894 8523362 8527412 8529626 8532968 8539981 8541568 8543376 8546164 8548054 8550642 8555429 8556029 8558328 8560316 8564082 8565055 8568578 8569981 8575374 8579241 8594467 8595187 8596559 8599453 8602033 8606719 8610058 8611606 8618416 8620200 8624065 8634734 8640670 8641849 8646415 8649489 8652157 8657290 8660423 8661451 8665357 8666931 8667714 8668448 8670384 8673534 8677131 8678251 8682192 8683397 8685591 8687844 8689781 8691472 8694262 8697396 8699480 8702855 8704074 8705994 8707391 8710865 8718823 8722891 8725456 8731596 8738785 8740005 8746084 8747693 8750436 8753652 8758390 8763670 8766350 8767878 8768993 8773232 8774974 8780171 8785315 8794211 8796495 8798751 8800828 8803984 8805143 8808282 8813873 8814604 8815855 8818578 8819794 8822031 8826396 8830046 8838414 8840169 8845760 8848099 8850722 8853882 8855499 8858872 8861705 8863553 8864749 8866105 8866844 8869573 8873703 8876837 8879848 8881099 8883652 8884582 8887940 8890703 8892365 8893884 8897014 8901636 8904811 8906507 8910027 8911861 8914365 8918988 8920659 8921602 8929482 8933107 8940470 8943328 8949186 8951143 8956692 8957993 8959794 8963626 8966483 8967364 8968559 8976901 8978461 8979602 8980678 8983250 8984955 8986838 8990425 8992730 8995634 8999652 9004417 9009322 9010872 9014927 9015907 9016939 9018065 9019768 9023747 9024703 9026723 9030059 9032140 9034052 9036317 9042066 9043651 9045482 9047558 9048920 9052148 9054367 9055433 9056870 9062603 9067359 9074622 9078530 9080655 9081512 9083121 9088403 9090449 9092075 9093127 9094446 9095240 9098588 9100109 9106875 9108435 9111830 9118079 9124448 9129844 9134347 9138157 9142856 9146403 9148467 9152886 9153755 9155362 9157288 9158518 9160648 9167125 9173565 9176577 9177933 9179309 9182017 9184648 9188091 9190658 9191996 9193280 9194126 9195937 9202968 9204046 9208062 9211045 9212831 9217359 9219169 9230856 9239082 9242273 9243496 9247993 9250718 9252616 9261466 9267011 9270836 9273194 9277877 9281685 9284755 9285659 9288905 9290573 9292701 9293869 9295208 9295862 9299475 9301207 9302412 9305152 9308393 9309764 9312582 9314969 9318673 9323656 9324700 9328098 9331070 9333170 9335280 9338093 9339891 9342147 9344305 9345976 9348369 9349755 9352121 9356895 9359927 9361510 9364858 9365978 9366993 9367700 9369897 9374202 9376871 9379001 9384091 9385219 9387009 9392324 9393664 9394795 9396233 9398465 9399768 9402247 9404794 9405809 9407032 9410433 9415542 9420777 9423324 9433753 9439195 9441696 9442635 9444354 9448604 9452199 9457798 9459814 9463563 9467015 9469829 9474405 9477837 9479644 9484313 9486173 9487658 9494057 9495864 9498189 9502357 9504857 9508050 9510210 9511562 9512841 9517865 9519113 9519988 9522267 9523753 9528784 9531608 9536977 9539909 9543480 9546131 9549853 9554509 9555423 9560039 9561603 9565995 9569238 9572536 9573730 9577262 9578622 9579661 9585877 9591700 9592709 9595259 9597552 9599906 9603386 9604554 9609109 9610762 9612007 9616006 9618038 9620347 9622014 9637853 9640698 9651292 9652384 9653499 9658973 9660373 9661385 9664407 9666559 9668346 9673411 9677232 9678367 9687285 9688262 9689124 9691535 9694937 9700710 9701355 9707569 9709162 9710299 9716475 9717699 9718754 9728427 9730839 9735799 9740379 9742003 9744238 9746171 9748934 9751132 9755801 9757616 9762314 9766446 9767510 9768777 9776055 9777600 9785272 9786981 9788349 9793515 9794467 9797320 9799560 9800603 9803501 9811488 9816776 9817993 9819237 9821108 9822399 9828924 9834231 9835060 9836588 9839152 9841887 9844955 9847874 9848617 9854345 9857830 9859604 9861118 9861967 9869847 9870952 9872520 9873956 9875176 9876383 9877438 9881930 9883362 9884351 9886180 9891625 9893649 9896388 9898654 9901010 9903411 9905023 9906478 9908126 9910372 9915041 9921257 9922852 9924420 9932044 9933336 9936252 9938136 9938977 9940998 9943750 9948318 9949795 9952916 9957980 9959042 9965763 9969157 9970132 9971736 9973619 9977436 9979902 9984003 9985468 9987766 9991545 9995158 9997622 
</Matrix>
<Matrix name="Neuron_397" type="complete" rows="1" columns="222" multiplier="1.0">
   97529 162401 234950 255672 319157 324633 335797 440586 556083 580994 584058 608033 669900 752695 757495 813244 829583 1078835 1080575 1091959 1094336 1113414 1136774 1224621 1288397 1323548 1339372 1347369 1365682 1386771 1421673 1449812 1500803 1548919 1603285 1631140 1712932 1738867 1753802 1760955 1784874 1889946 2071255 2182501 2274582 2277810 2304599 2421540 2426560 2540737 2555516 2613261 2693409 2700506 2740163 2755754 2872825 2938880 3156570 3205066 3236131 3357209 3458497 3468514 3488642 3574543 3633331 3684465 3785897 3794923 3809292 3871197 3920331 3942557 3947980 3991019 4137017 4197990 4237640 4323158 4340553 4349891 4356466 4414891 4426865 4436908 4446435 4447597 4458476 4474449 4511756 4524001 4610275 4630295 4746927 4760642 4787176 4792049 4809805 4882735 4894032 4901193 4921648 4963899 4975622 5257841 5292746 5298258 5325627 5352409 5366996 5419283 5427995 5443649 5479706 5514202 5633601 5648790 5673692 5880042 5882140 5912609 5970838 6060668 6146809 6150357 6191295 6206833 6225378 6254351 6267351 6291770 6335511 6350757 6358580 6518609 6582825 6644951 6646735 6716259 6746254 6855474 6882473 6889829 6937839 6993732 7065966 7113219 7188633 7194442 7256511 7263203 7275570 7280273 7295786 7314818 7319725 7322641 7353545 7448478 7520171 7549702 7557613 7638001 7691693 7693927 7704439 7705974 7786752 7833166 7839992 7943283 7961349 8065900 8214438 8217918 8240368 8294705 8301234 8313198 8350972 8439677 8503567 8590881 8630503 8655294 8695232 8714160 8731529 8776027 8777869 8781105 8836044 8925709 8950887 8963099 8964495 9014889 9022736 9033665 9160823 9174808 9312190 9336664 9460140 9473437 9478007 9481144 9511017 9532330 9535906 9550455 9578232 9628396 9732933 9742898 9748028 9807044 9817847 9881271 9903282 9974210 
</Matrix>
<Matrix name="Neuron_407" type="complete" rows="1" columns="3739" multiplier="1.0">
   796 1934 3735 6633 15511 16557 30567 35850 37136 42936 44213 45157 52275 56452 59849 62352 68063 70684 71994 77924 78805 81449 83129 84805 87029 88109 88944 89725 92085 96136 97251 101495 104969 106480 107859 109638 111888 112998 116860 120412 121020 123296 126017 127467 134881 136517 138455 140170 142740 143809 152232 153288 157165 157885 160246 162309 164770 166437 170314 172581 173615 181169 183457 184410 186112 187252 188816 191486 192363 195189 198063 199801 201007 206342 209918 215984 219611 226510 227953 234765 239122 240441 244276 249048 250810 252440 254120 256140 257619 259613 264872 265993 268105 271895 277707 288024 291204 293877 298964 302079 304201 305414 308082 311556 316205 318733 321287 323647 325064 326925 330552 335847 343249 344840 345571 350128 351672 352514 353312 354743 355959 357504 361808 363777 365130 368314 372854 374175 378193 381071 383577 385462 387121 389551 391377 395013 396248 398928 401748 407594 410763 411662 412897 414205 417655 420431 424332 436112 437497 438697 439947 444728 446322 450629 453069 456087 460220 462019 463079 464573 470777 474844 476621 479750 481772 484618 485950 488207 489443 491310 492370 496435 497287 500504 501112 502743 505964 509801 512706 516865 518854 520855 521609 522989 524595 525694 527058 529412 533265 537514 538804 540570 541429 544579 545618 552424 554144 559672 562144 569330 572179 575670 577583 579366 580274 581061 586416 587583 588694 591851 594024 595389 596478 598413 599235 602428 603766 604559 608888 609824 616167 617613 619435 624191 628126 630212 635161 637767 640186 641598 644699 645682 646460 649182 650574 652921 660112 665796 670256 672688 674535 675690 682325 683521 684565 690240 691418 692419 695708 699214 700852 702756 704527 705512 706816 708933 711370 714204 715307 717836 720353 721710 728512 731467 732922 734838 735696 740670 741628 744659 746094 747350 749019 752500 755453 758039 759617 765736 766921 768847 772027 774002 776086 780409 783081 785809 788843 792304 793649 800774 802738 803568 804727 811577 815942 816679 819814 821095 822350 824293 827193 828258 829812 832227 833025 834875 837254 842756 851320 854399 858146 860073 864100 865229 866672 867925 870638 872342 873591 875600 877859 879858 882065 885299 888228 889046 889842 891760 896805 898435 900153 902882 905773 906896 907862 910300 911166 915445 921225 923070 924728 926500 930420 932178 933477 934829 937504 940039 940833 943348 945209 946683 947929 949999 951424 955335 956869 958086 963818 966440 967437 970165 973674 979181 981195 984423 988574 990186 992642 995932 997993 999076 1000214 1005469 1007615 1008940 1010794 1012754 1013741 1015193 1017460 1019368 1020419 1023053 1024400 1027098 1028085 1031855 1033203 1034465 1036103 1038132 1040435 1041396 1044450 1046422 1049039 1056317 1063895 1067712 1069186 1070072 1071542 1072439 1077426 1079076 1081274 1084329 1087192 1090603 1091489 1096991 1100924 1104548 1106615 1108333 1110729 1115056 1117041 1122669 1127842 1132577 1133999 1136383 1137329 1142077 1145453 1147461 1148550 1151519 1153038 1155413 1156366 1163951 1168126 1170784 1176290 1179908 1181178 1184383 1186215 1189244 1195685 1199766 1200632 1202780 1206079 1207523 1208691 1212341 1216309 1222505 1229481 1233588 1235935 1239430 1244040 1244738 1245991 1247394 1250565 1253999 1255919 1257358 1261737 1262509 1263240 1269033 1270287 1272606 1277656 1278515 1279346 1282395 1289274 1290660 1292035 1293484 1295565 1300125 1301536 1302803 1305328 1306413 1308295 1309594 1310444 1311390 1312543 1314719 1316133 1317436 1318442 1319558 1330131 1332584 1338490 1339674 1342109 1343144 1345701 1350981 1354763 1356754 1357618 1360425 1361445 1363997 1364799 1370530 1374907 1376789 1377702 1378834 1382591 1384487 1386146 1387613 1390197 1392437 1393453 1394531 1397434 1398898 1407151 1408480 1409104 1419889 1421787 1424627 1430187 1431298 1432850 1435896 1437486 1439972 1444162 1445540 1448865 1451652 1453335 1454985 1458585 1460727 1462590 1464379 1466082 1469581 1471738 1473310 1478826 1479711 1480748 1481831 1485025 1486223 1489704 1492076 1493244 1495373 1499607 1500863 1506633 1510352 1511351 1512279 1513215 1519132 1520341 1523532 1525167 1527824 1529867 1530965 1534219 1538776 1540889 1542208 1543258 1544536 1548765 1549704 1555118 1563703 1567131 1569415 1576415 1577274 1578777 1585112 1587183 1589364 1590475 1591668 1595019 1597421 1598542 1602767 1604219 1606172 1608749 1609446 1616330 1618244 1621067 1621941 1622726 1626070 1628421 1634663 1636584 1641145 1642366 1644690 1646886 1648809 1650234 1651098 1653877 1655262 1658611 1662238 1664078 1664819 1666275 1668845 1669755 1671643 1673108 1674420 1678731 1684275 1686035 1687960 1692247 1693876 1695896 1696909 1697921 1701131 1702882 1704176 1706439 1707893 1712173 1714355 1715668 1716970 1718939 1719652 1720963 1722322 1732365 1735790 1736825 1738572 1739940 1744907 1749163 1750187 1754204 1757349 1758954 1759819 1763760 1768858 1770513 1771288 1777392 1782347 1783291 1786251 1787456 1789205 1790883 1796027 1799272 1802623 1807002 1808584 1810921 1812721 1814098 1819068 1828962 1834187 1836460 1837910 1842654 1843983 1846788 1852103 1852808 1855467 1856670 1859254 1861155 1864761 1869520 1871378 1872718 1873629 1877372 1878788 1879939 1884137 1886643 1887646 1889087 1893675 1896893 1899389 1900781 1902811 1909795 1913044 1913840 1915624 1917516 1918502 1919995 1921065 1921980 1924018 1925164 1926736 1933417 1934707 1939022 1940441 1945768 1947963 1949140 1952204 1956170 1956986 1959956 1961142 1963472 1967633 1969754 1970854 1972751 1975598 1977732 1979832 1982734 1984581 1987479 1988790 1992114 1993931 1996005 1999869 2000915 2001821 2003761 2004810 2005975 2007091 2009037 2010458 2012522 2016523 2017527 2019686 2022830 2025250 2026646 2028234 2032856 2034611 2036285 2037650 2039719 2041440 2044291 2047788 2048748 2050787 2053092 2055047 2058216 2062516 2064051 2068970 2071965 2073597 2077252 2084943 2089838 2091596 2100002 2101289 2102837 2105645 2108241 2109496 2110997 2112444 2116221 2117628 2118581 2119698 2126177 2130204 2131386 2137143 2140320 2146299 2148951 2150076 2152734 2155630 2156730 2158240 2162392 2164459 2174753 2176180 2178812 2180431 2183180 2184665 2190590 2191773 2194824 2198568 2200507 2203254 2204453 2206386 2207583 2208782 2213271 2216974 2218354 2220904 2222751 2223710 2226045 2229008 2230407 2232908 2234755 2236300 2241018 2241892 2243722 2244780 2246559 2249398 2250437 2251897 2253094 2254483 2261614 2267080 2271098 2273602 2278400 2279822 2283312 2286852 2291927 2297767 2300356 2302025 2303000 2305002 2314410 2315874 2317218 2318646 2320126 2322590 2323693 2324957 2327501 2331969 2335315 2336159 2338088 2339653 2341718 2345204 2350352 2354507 2355503 2356864 2359610 2360666 2363429 2365866 2367946 2369751 2370526 2372778 2373891 2375628 2377847 2380582 2381292 2383759 2386275 2388284 2390936 2391919 2393311 2395067 2396378 2400988 2402614 2403845 2408767 2411019 2412471 2414907 2419071 2420099 2421433 2426325 2434372 2435470 2437974 2440535 2441609 2447086 2448218 2454111 2457698 2460934 2463149 2465997 2470597 2473351 2478784 2482162 2485773 2486496 2488446 2489471 2493025 2496921 2498031 2500052 2501476 2502496 2510137 2511027 2513789 2515273 2517052 2518810 2519738 2522286 2523762 2525570 2531143 2532190 2533515 2534541 2537631 2539372 2541696 2544431 2548660 2551642 2554383 2555463 2557743 2558788 2559872 2561375 2561962 2567326 2569737 2580085 2582357 2583295 2584718 2585714 2587073 2589058 2590688 2592165 2593208 2594032 2595709 2597984 2599516 2600642 2604204 2605255 2606210 2609163 2610696 2616128 2624515 2626431 2628082 2630699 2633066 2634491 2635413 2637355 2638569 2639570 2643026 2644497 2648015 2649372 2650419 2655697 2657301 2663973 2668911 2669887 2671390 2672237 2673835 2674882 2681098 2683227 2685099 2689199 2690105 2691205 2693253 2695056 2695999 2697644 2699754 2700950 2702213 2703743 2705503 2706588 2707602 2708364 2709232 2711146 2712630 2713447 2714730 2718176 2719372 2720514 2725408 2730372 2732687 2734975 2741288 2742394 2743075 2746071 2747040 2748810 2752981 2757667 2758613 2764519 2766792 2768220 2770636 2773000 2776046 2779418 2781052 2782768 2784769 2790740 2792306 2797419 2808500 2811498 2815271 2816383 2818169 2818898 2820677 2822111 2824327 2827222 2828848 2830155 2831316 2833586 2835440 2839442 2841784 2844823 2847535 2848878 2854452 2855317 2858803 2862289 2863543 2865351 2865937 2867899 2870856 2874165 2882784 2884188 2886390 2890958 2892619 2893844 2895341 2899134 2902447 2903605 2908263 2909924 2915392 2917036 2919255 2920404 2921134 2925521 2928438 2929755 2933720 2934644 2938165 2941426 2943657 2944623 2947859 2949660 2952475 2954324 2960587 2964157 2966028 2969536 2973512 2974785 2977962 2979974 2981397 2984027 2985992 2989253 2993580 2995658 2997829 3002421 3006609 3010204 3011351 3012342 3022916 3023869 3025282 3029239 3030597 3031416 3034395 3035081 3036032 3037810 3038983 3040637 3041505 3045523 3046601 3048902 3050879 3052713 3053697 3054951 3056536 3059669 3061437 3063368 3066496 3070044 3072750 3073780 3075698 3079539 3082858 3086835 3093331 3096168 3100904 3104167 3105147 3113338 3116793 3121194 3122266 3124069 3125296 3127276 3129494 3131952 3132970 3134524 3135999 3140278 3146349 3147658 3148730 3150772 3153454 3154381 3156064 3159768 3160562 3163873 3165530 3169401 3172060 3173486 3174757 3177205 3181040 3184576 3187212 3188848 3192153 3193324 3194888 3196890 3199438 3200825 3205792 3207475 3209787 3212101 3213386 3215423 3216954 3221629 3228277 3229085 3230724 3232556 3233954 3242707 3244222 3246741 3248634 3252116 3256187 3259401 3261249 3262621 3264021 3268017 3271155 3275564 3277406 3280576 3281963 3286258 3287217 3288636 3290519 3293506 3295739 3296623 3297308 3298855 3303271 3307206 3309308 3311087 3313024 3315398 3316967 3317804 3324761 3328817 3330189 3332008 3333190 3334808 3339157 3342008 3343164 3349823 3352454 3355450 3357097 3360761 3363885 3367041 3369474 3370020 3375094 3377234 3381248 3383357 3386619 3391754 3392895 3395179 3397855 3398820 3400641 3402755 3403554 3406507 3411232 3413364 3415086 3416456 3420782 3423350 3424110 3426264 3428126 3430540 3432007 3433005 3434775 3437219 3437646 3439440 3443565 3444683 3447714 3449155 3451820 3455003 3456148 3460219 3467493 3478813 3482255 3483706 3485349 3489792 3492624 3497176 3498137 3504698 3510400 3511784 3514620 3516861 3520675 3521959 3526136 3528336 3532023 3533359 3536800 3539381 3541750 3545757 3546961 3550324 3551313 3554304 3556810 3557806 3559592 3560390 3564675 3568430 3570558 3573257 3574303 3576757 3580190 3581799 3582663 3583827 3585798 3589033 3593222 3595039 3598902 3602911 3605351 3607369 3613883 3617507 3623459 3625730 3626995 3632771 3638805 3642987 3644220 3646135 3648793 3650087 3655614 3658421 3662022 3663897 3665671 3667686 3669457 3672583 3673979 3681301 3683443 3684876 3688453 3692671 3694209 3697177 3698887 3700691 3701829 3704404 3706226 3709360 3717961 3719990 3721357 3722895 3726532 3728759 3730287 3730966 3732061 3734564 3739045 3740520 3743198 3744746 3746690 3753070 3756467 3759018 3760194 3769189 3772805 3775430 3776917 3778245 3779995 3785923 3787205 3788922 3792620 3794667 3797051 3800712 3804849 3807571 3810426 3814034 3817857 3820009 3823560 3825536 3828315 3844413 3848028 3849742 3851176 3852449 3853995 3855087 3858231 3859225 3861395 3862424 3864466 3870065 3872454 3874030 3876476 3878829 3883241 3884301 3885265 3887960 3889543 3891207 3892079 3894295 3897156 3900616 3902589 3908448 3914070 3916490 3917718 3923204 3925996 3930086 3932937 3934444 3936090 3939034 3940584 3941509 3943665 3945046 3948738 3949715 3950516 3952871 3954563 3955885 3962831 3964679 3971918 3973040 3980640 3982738 3983554 3986627 3988049 3989130 3990285 3991676 3993229 3994694 3995713 3999248 4002407 4003636 4004770 4008702 4009400 4010976 4013358 4018932 4021044 4022031 4025658 4026520 4027437 4028455 4029278 4036824 4041558 4043160 4045944 4048398 4051308 4055846 4061307 4065971 4068082 4072240 4073120 4079093 4082472 4084648 4087592 4090760 4093693 4098281 4099677 4103468 4107301 4112200 4113292 4116475 4119280 4120521 4122258 4124226 4127300 4129943 4137376 4138869 4141751 4144364 4145090 4152716 4159326 4160344 4162606 4164280 4166360 4167367 4170818 4172033 4173430 4174390 4176492 4178913 4181511 4183597 4187319 4187960 4189700 4190433 4196642 4198310 4200159 4203477 4207282 4210080 4212644 4213586 4216851 4217941 4218834 4220231 4223873 4227488 4230954 4232801 4234013 4240676 4243893 4245512 4246765 4249839 4257973 4264483 4272178 4277422 4280291 4284706 4286142 4289218 4294876 4298241 4301801 4303824 4304668 4305772 4307049 4308845 4310095 4310845 4312841 4318572 4321595 4324195 4326140 4328324 4329833 4332344 4333364 4336719 4339878 4340588 4343024 4347186 4348626 4352025 4354135 4360093 4363438 4366925 4368325 4369368 4374067 4374956 4375780 4376983 4379306 4382651 4386361 4387406 4388215 4391177 4399020 4402314 4404565 4405843 4409411 4410756 4415034 4418268 4419941 4422366 4423491 4430554 4432414 4437504 4439945 4442802 4444895 4448647 4449718 4452695 4455814 4459889 4462865 4465486 4467710 4469930 4471223 4472938 4473654 4476557 4478751 4480492 4482638 4487141 4487745 4489210 4491125 4496000 4498608 4500889 4503195 4504596 4506493 4509266 4515417 4517011 4520049 4520825 4521987 4523371 4525308 4529134 4530880 4532819 4535253 4536092 4536547 4537855 4542475 4543568 4547567 4549060 4550432 4551787 4559784 4561134 4562476 4564661 4565836 4567039 4569682 4571389 4573697 4575039 4576339 4578294 4580339 4581929 4583912 4585992 4587476 4588714 4590942 4592155 4594175 4602341 4606729 4608759 4609892 4613234 4618246 4622691 4626523 4628183 4629148 4633237 4636281 4640737 4646125 4647608 4648654 4651219 4653006 4655276 4658334 4662240 4664670 4665742 4667866 4675994 4677083 4678909 4681119 4683007 4685266 4691835 4692907 4700260 4702489 4707413 4709641 4717442 4722314 4725764 4726712 4727804 4730607 4732857 4738004 4741965 4743508 4746862 4748915 4751585 4754798 4756197 4757539 4759301 4760996 4763063 4764600 4772099 4772779 4774510 4775919 4783621 4785823 4786688 4788832 4799084 4803676 4804896 4808114 4811294 4813808 4815204 4818650 4819558 4821737 4823124 4828768 4834124 4835364 4836954 4839136 4841736 4844628 4847515 4848215 4852954 4854088 4856213 4857359 4858640 4861540 4862808 4865456 4867934 4871572 4874185 4875057 4878157 4879958 4886138 4887104 4887988 4890488 4893234 4896348 4897568 4903250 4905142 4907200 4913473 4919737 4920721 4925131 4927395 4933803 4937824 4939526 4942706 4946057 4949008 4951603 4957359 4959539 4963200 4964180 4965278 4968498 4972718 4974502 4976038 4979257 4983229 4985872 4990273 4994635 4997702 5002453 5004099 5005942 5006829 5010445 5012687 5014212 5015114 5019495 5020528 5024824 5027896 5028817 5029851 5031828 5033975 5036813 5039002 5040849 5043850 5047820 5056640 5057813 5060028 5063093 5066348 5069045 5071546 5075172 5076804 5078415 5079668 5081084 5082623 5084608 5087280 5088501 5103307 5104721 5107016 5112760 5114679 5116083 5118055 5121600 5123330 5124752 5127637 5129380 5130353 5132714 5135264 5136628 5140872 5142155 5145044 5146107 5147915 5154154 5155398 5160250 5169005 5173702 5175691 5177881 5180702 5183152 5187701 5195855 5198415 5199218 5207711 5208786 5209754 5216048 5218611 5220061 5225841 5226929 5228264 5231913 5233271 5235952 5237801 5238725 5239977 5241425 5246281 5247746 5250893 5254487 5255285 5258456 5261758 5263806 5265912 5266466 5268650 5271068 5271819 5272851 5275451 5276831 5280933 5283202 5285714 5289783 5292550 5293609 5295955 5297547 5298429 5301965 5304852 5307137 5308121 5310678 5312120 5315882 5316889 5319146 5321461 5324387 5325083 5328985 5331328 5332389 5342210 5345406 5347593 5354053 5359194 5360752 5361938 5364647 5366764 5368783 5370600 5371638 5375850 5376782 5381037 5383858 5388900 5390793 5395833 5397736 5399411 5403083 5406344 5408367 5409095 5411801 5413684 5415551 5417655 5419455 5421396 5422554 5428172 5429810 5431809 5433868 5438335 5440430 5443777 5447798 5448628 5452775 5455909 5463654 5466035 5468115 5470061 5471735 5472886 5475353 5476382 5477378 5479591 5482432 5486908 5489055 5492665 5493798 5495808 5497431 5502594 5503942 5505049 5508774 5509878 5512937 5521059 5526284 5533044 5541114 5543710 5545238 5547031 5549012 5554360 5555597 5560227 5562487 5565281 5566231 5569432 5572968 5582620 5584693 5586223 5586959 5588127 5590261 5592153 5594896 5595973 5597245 5598582 5600712 5601710 5603529 5605726 5607647 5614483 5616616 5618759 5624725 5626875 5634264 5635275 5636904 5638337 5645115 5647150 5653930 5654839 5658523 5659539 5662141 5665674 5667196 5671466 5672770 5675157 5677299 5678327 5679093 5682662 5685176 5688726 5690569 5693209 5697062 5700424 5703467 5704775 5705976 5707282 5710679 5711848 5714546 5716898 5718518 5719600 5721791 5725396 5726628 5727719 5730882 5735045 5735838 5737577 5738699 5746227 5747567 5753253 5758146 5762050 5763610 5765693 5767822 5769587 5774400 5775374 5776673 5780262 5783772 5786437 5787257 5791757 5794715 5801634 5804119 5804947 5807376 5808222 5809378 5813610 5814952 5820192 5822506 5824060 5825622 5827185 5832203 5833271 5838450 5839144 5840370 5846120 5848520 5854413 5855423 5856883 5858660 5861071 5867099 5868688 5870344 5874859 5877679 5880177 5883932 5890506 5892390 5897088 5900155 5902025 5904050 5904943 5905749 5906840 5910488 5912598 5914261 5916610 5918030 5923966 5928820 5929990 5932189 5934147 5935146 5935962 5939266 5941773 5944127 5949002 5954285 5956039 5956838 5957918 5965680 5967089 5971716 5973527 5978437 5980801 5982743 5984271 5985891 5987268 5989604 5990252 5993921 5997790 5999710 6000650 6008216 6009226 6012708 6014231 6015183 6016297 6017846 6020153 6021999 6023595 6027776 6034391 6036181 6039278 6042293 6047385 6048839 6050187 6052344 6054123 6059184 6064930 6066790 6069148 6071085 6073261 6077762 6080609 6081654 6083277 6086469 6087559 6088403 6091856 6092959 6094045 6095475 6097178 6097991 6102122 6109146 6117734 6119473 6121323 6125975 6132575 6133935 6137412 6142789 6145495 6146243 6147219 6152959 6156098 6157352 6159689 6160875 6161667 6165924 6167172 6168109 6172725 6174304 6175532 6178331 6182731 6184091 6186693 6189845 6196769 6201928 6206421 6207657 6209551 6212496 6213926 6214582 6215318 6220628 6223599 6225048 6227138 6228084 6229885 6233611 6235535 6239923 6241405 6243001 6245020 6245589 6246500 6251824 6255463 6256420 6262797 6264275 6265420 6267577 6271748 6272668 6277170 6281199 6282320 6284455 6285658 6288550 6292085 6293486 6297097 6302479 6304112 6305467 6309741 6310835 6317847 6321036 6325381 6327139 6328578 6329489 6340844 6344839 6346654 6347831 6358281 6359171 6360914 6362883 6367116 6367738 6368607 6374498 6377893 6379398 6381504 6382536 6387350 6389422 6391437 6393917 6398461 6402534 6404707 6410548 6412469 6413626 6418203 6420174 6422184 6423872 6424439 6426523 6430518 6431592 6432415 6433380 6437682 6443664 6445363 6447807 6451762 6453325 6454395 6455330 6456919 6464219 6465093 6472293 6472935 6475517 6477194 6492220 6493879 6494665 6500732 6503980 6504806 6506824 6507899 6511833 6513540 6515069 6517738 6520362 6521933 6525411 6527827 6530849 6532514 6533639 6535093 6537997 6540133 6542384 6543203 6546538 6550065 6557908 6560808 6562471 6564496 6566778 6569632 6571694 6572769 6573511 6575040 6576398 6578538 6580607 6583027 6583952 6585152 6588186 6593762 6596402 6601170 6608232 6609210 6612365 6617461 6628674 6630837 6631850 6633986 6636220 6637416 6641667 6643470 6647932 6654053 6656117 6663440 6666339 6667308 6672753 6675415 6676916 6679316 6681725 6683218 6685966 6688774 6691692 6699343 6700770 6701350 6703242 6704677 6706342 6707941 6709932 6711334 6714102 6718795 6721037 6723556 6725210 6727000 6728048 6730166 6734106 6735070 6738746 6739660 6741522 6742504 6744838 6749764 6753558 6756839 6764275 6765056 6766276 6767500 6768348 6772074 6776231 6778840 6779997 6781573 6785787 6789999 6791918 6792830 6795170 6799112 6801503 6802673 6805674 6811265 6816377 6817709 6822097 6823713 6825573 6828782 6830052 6833096 6836085 6838113 6844053 6846133 6848897 6850767 6853761 6855407 6858213 6859378 6861235 6863112 6865613 6873908 6875541 6879176 6882020 6883110 6886932 6891228 6895021 6896602 6898020 6905754 6906550 6909045 6909717 6910892 6912335 6919279 6923746 6927308 6928309 6929250 6930434 6933413 6936640 6937984 6939081 6944916 6946071 6949046 6955283 6958321 6960176 6961893 6963966 6965348 6967405 6968198 6969481 6970546 6973604 6978231 6987737 6989788 6991128 6992213 6993966 6996331 6997862 6998871 7000183 7001245 7002876 7010578 7014654 7016013 7020046 7024038 7026058 7029987 7031147 7035382 7037306 7042743 7043536 7044766 7049731 7051812 7052696 7057253 7059940 7062222 7064698 7068228 7075648 7076847 7078020 7078832 7083000 7083673 7085851 7086654 7091453 7094014 7096898 7098120 7102339 7104515 7113122 7115468 7117053 7119572 7121889 7123105 7125749 7132376 7133030 7134215 7135338 7138028 7139069 7145700 7148955 7150483 7152101 7157967 7159295 7162981 7164503 7167504 7170932 7173674 7175980 7177914 7180006 7181143 7182619 7183502 7184946 7186199 7187061 7189145 7191903 7193666 7195578 7201559 7204605 7205762 7209135 7210237 7211184 7212583 7213100 7215236 7218307 7220660 7223727 7227148 7229907 7232725 7235182 7238215 7239495 7245570 7248305 7249483 7252541 7255209 7261531 7264443 7276842 7281121 7282578 7284451 7285789 7287256 7289914 7291074 7292392 7298166 7303917 7304951 7306033 7306981 7307853 7309203 7310838 7312461 7313382 7316527 7317739 7319329 7321251 7328689 7330407 7333141 7334641 7336324 7338921 7342150 7345982 7348478 7355217 7357791 7361245 7368585 7372060 7374129 7375905 7378870 7380834 7388248 7389815 7391654 7393490 7396559 7398521 7400171 7401647 7402876 7403662 7404767 7408609 7412055 7414593 7416777 7417963 7419973 7425154 7432724 7437013 7439911 7440882 7446318 7447160 7449154 7450200 7454423 7456284 7461175 7462896 7464169 7466081 7468815 7470652 7472174 7474355 7475077 7476466 7478898 7480200 7481992 7487800 7490136 7490913 7491819 7504066 7506420 7509000 7513805 7515871 7522641 7526136 7528894 7530129 7532713 7535370 7537043 7538077 7541080 7551119 7553013 7554587 7558008 7560551 7561445 7563513 7564388 7565933 7567907 7571599 7572765 7574781 7576223 7577324 7580452 7581672 7584295 7585446 7587955 7591079 7592743 7593578 7598321 7599163 7600377 7604981 7606357 7608229 7609680 7612031 7614977 7623685 7624351 7626822 7628447 7631882 7636358 7638145 7640062 7641650 7645462 7649847 7651285 7653499 7655479 7656876 7659683 7663737 7664510 7668079 7669045 7669497 7672067 7676655 7677577 7681875 7683547 7685276 7688225 7689441 7690564 7692627 7696646 7698402 7701010 7702873 7704101 7706634 7708209 7709887 7713371 7723715 7726852 7729715 7731092 7733908 7736764 7739315 7741524 7742942 7743778 7747046 7748410 7749790 7753325 7754624 7757614 7758632 7759641 7760576 7763409 7764474 7768797 7769830 7776185 7778717 7784066 7785713 7786896 7787596 7789067 7792531 7798417 7800886 7802145 7805010 7813724 7816292 7817840 7822099 7824604 7826014 7827792 7828541 7834192 7836828 7840783 7841989 7845347 7846558 7849796 7851069 7853594 7855979 7858147 7859508 7862119 7864186 7866238 7871534 7872697 7873601 7876586 7879068 7883145 7884935 7888569 7892001 7897740 7905718 7907614 7909906 7912242 7914191 7915305 7917758 7918760 7920768 7923620 7928593 7930181 7931453 7932979 7939241 7947602 7951579 7953053 7954489 7955734 7957180 7960987 7961802 7964077 7965501 7969655 7973507 7975617 7978341 7984337 7988081 7989467 7994903 7995926 8000839 8005167 8007163 8009696 8011503 8013607 8018595 8019331 8020373 8023661 8026328 8028067 8033179 8035945 8037115 8041344 8042135 8044199 8046661 8048500 8049486 8051171 8053380 8055679 8060580 8062092 8063625 8066319 8071533 8074262 8077096 8078585 8081045 8083675 8087230 8090547 8091376 8094747 8096227 8097775 8099098 8101799 8105519 8107210 8115178 8117556 8118813 8123158 8125125 8125939 8127387 8129319 8133008 8137799 8138859 8145366 8147982 8154718 8155307 8159109 8160501 8162906 8169977 8172494 8173413 8175514 8176596 8177783 8180490 8182031 8184000 8185264 8187150 8189532 8190939 8192176 8194493 8195294 8198712 8200069 8200955 8202277 8212350 8213182 8215867 8220059 8223445 8224703 8226517 8231960 8234655 8237115 8238153 8240580 8242583 8244065 8245418 8247175 8250554 8252706 8253900 8255229 8257082 8258316 8261757 8262966 8265498 8267144 8269032 8270406 8274965 8276238 8280733 8283415 8284407 8285203 8287220 8287948 8288767 8289626 8293386 8295136 8296153 8299471 8305794 8307763 8312968 8318888 8320157 8320873 8321857 8323305 8324558 8327668 8328845 8336080 8345016 8346437 8349616 8350612 8354533 8355955 8357148 8358093 8367232 8370050 8372780 8373395 8376635 8378489 8379309 8379985 8382858 8384547 8386922 8392663 8394443 8395755 8397376 8400296 8406665 8408601 8411302 8412273 8414350 8419241 8421953 8425837 8427594 8428635 8432034 8433011 8439853 8442358 8443363 8450620 8453917 8457832 8459042 8460651 8462383 8463873 8470447 8471602 8473139 8476596 8479727 8483155 8483977 8485870 8490314 8491969 8493696 8496830 8500025 8500801 8509222 8513249 8515182 8521312 8524805 8526630 8529827 8533728 8535874 8538305 8544481 8545647 8546351 8548700 8553930 8557826 8562951 8563958 8569854 8573712 8575719 8576471 8579187 8580363 8586022 8588502 8591398 8593073 8599340 8602928 8603825 8605284 8606063 8607925 8613213 8614590 8617158 8619054 8620893 8621967 8623654 8624715 8625619 8631303 8634867 8637968 8641816 8643003 8645468 8648949 8650259 8652477 8653967 8656233 8658542 8659711 8661570 8664968 8666246 8667737 8669076 8670835 8672705 8675091 8676648 8678019 8678748 8680291 8681341 8684575 8687201 8688826 8690817 8695161 8697957 8699712 8705142 8711305 8714438 8717059 8719634 8724723 8725668 8728003 8731912 8736449 8738333 8741640 8745339 8747757 8749433 8752567 8753384 8758993 8760264 8762044 8763749 8765741 8773632 8775123 8777293 8779307 8779941 8780900 8783628 8786444 8787342 8788480 8789049 8794423 8795661 8797541 8798717 8809381 8811446 8814635 8815818 8817724 8819628 8821855 8824400 8827223 8830534 8836883 8838648 8840736 8841837 8846630 8849206 8851056 8853004 8854226 8856853 8858193 8859824 8861422 8862269 8863610 8864307 8868832 8872300 8875463 8877905 8880671 8884382 8886816 8893391 8899795 8901846 8909946 8911511 8912697 8914734 8915634 8919891 8921758 8924134 8927794 8930239 8936166 8936652 8937821 8940807 8942289 8945550 8949546 8951496 8953008 8957126 8957980 8961842 8964724 8968173 8969473 8970621 8975066 8976921 8981760 8984525 8987936 8990174 8991255 8993280 8994703 8996625 8999420 9002397 9010997 9013101 9015634 9018731 9032013 9034140 9037681 9039314 9040630 9044764 9050508 9055391 9056411 9058102 9062208 9065414 9066451 9071882 9074374 9077124 9078349 9079579 9081933 9086565 9087956 9093235 9094908 9097432 9103717 9104829 9109256 9111169 9118354 9120743 9123161 9124377 9128664 9129687 9136312 9139158 9142832 9144357 9145472 9147391 9148703 9149445 9154467 9155921 9158366 9160537 9162493 9163899 9164814 9167125 9168615 9172299 9173990 9175725 9178932 9180968 9182901 9183877 9185074 9188528 9189411 9190466 9191845 9192900 9194429 9196569 9198273 9203532 9204568 9205613 9208958 9211624 9213548 9215339 9216835 9218077 9219429 9220250 9221325 9223574 9229568 9231705 9233585 9234886 9243209 9244260 9247520 9252392 9253264 9254033 9255494 9256744 9260404 9262347 9265312 9269826 9272069 9273292 9277482 9280311 9281302 9287641 9291555 9297323 9298241 9299348 9299922 9302111 9303669 9309428 9316108 9319426 9320793 9327938 9328982 9335229 9336320 9338945 9340033 9340880 9341843 9343325 9345391 9347126 9349566 9350620 9352825 9354011 9356374 9357513 9360683 9361703 9364011 9370037 9373057 9375434 9378960 9386612 9389108 9390416 9397560 9407308 9411322 9417975 9422088 9423004 9423903 9431659 9432594 9435409 9436805 9437653 9440451 9447987 9449351 9450358 9453009 9454771 9458818 9459915 9461750 9462833 9463665 9464976 9467538 9469482 9475954 9477352 9479796 9485607 9491013 9493419 9494332 9499150 9503124 9503994 9508171 9509814 9510900 9515778 9520908 9522622 9523450 9526959 9528894 9536430 9537713 9538529 9539559 9540293 9541685 9543140 9545201 9547313 9548047 9551878 9555997 9557340 9557975 9559095 9564234 9565722 9566606 9567795 9569570 9572643 9573820 9575938 9576993 9578440 9579910 9581805 9583825 9586262 9589440 9592490 9599023 9600531 9607862 9610305 9611008 9617379 9619329 9621377 9622390 9623116 9627428 9628254 9629169 9630739 9637745 9638595 9643096 9645019 9647742 9648537 9649788 9653507 9655211 9656710 9657709 9659487 9661630 9663253 9665866 9667451 9669669 9672532 9673198 9683378 9689343 9690843 9692129 9694200 9696917 9700722 9702195 9703775 9706172 9712695 9713646 9717569 9722763 9725729 9727926 9730138 9731366 9734375 9736055 9741877 9745880 9747625 9749691 9754846 9756823 9760598 9764150 9765725 9770739 9772821 9776220 9780531 9783521 9785505 9790471 9795168 9802008 9802993 9806347 9809327 9818625 9820431 9822607 9825576 9829580 9830556 9831703 9840177 9846209 9850085 9851070 9853515 9856525 9857751 9859446 9861469 9862882 9865684 9866996 9868526 9871649 9872403 9874090 9875837 9879628 9880758 9884019 9885202 9887795 9889799 9892104 9893190 9895502 9896518 9900530 9902418 9903926 9909406 9911356 9912551 9914910 9920599 9922124 9924628 9926397 9927901 9929567 9932426 9938342 9942168 9948689 9949886 9952883 9954187 9956275 9958519 9961421 9964133 9965004 9966366 9967564 9970693 9972037 9972961 9974693 9978556 9980465 9983854 9988676 9990783 9993333 9996344 
</Matrix>
<Matrix name="Neuron_417" type="complete" rows="1" columns="496" multiplier="1.0">
   2622 3579 12899 18186 45276 69749 117003 138579 167992 171403 182829 235808 257297 287681 291384 307166 344632 396854 458662 469214 513164 538316 563036 572055 587203 597333 615936 680919 706152 761820 785469 786510 796971 798084 812660 814447 860469 886548 899839 902733 931664 940900 1021659 1032662 1044043 1066810 1074963 1077724 1113324 1116937 1127321 1149287 1150540 1156885 1162575 1186082 1202518 1244075 1248990 1330973 1422210 1424477 1426567 1456801 1474219 1481975 1496770 1505183 1550800 1600530 1605107 1626684 1630861 1674475 1679876 1702252 1704464 1742301 1771874 1804213 1811776 1820686 1838912 1842951 1873603 1896375 1918604 1923623 1944028 1984545 2066303 2071554 2090326 2112344 2121790 2140249 2174179 2177529 2190459 2192456 2195083 2203851 2229694 2233448 2269303 2293245 2330259 2341098 2343654 2344846 2381414 2393319 2403598 2456013 2486910 2545327 2547923 2557135 2564439 2572090 2638245 2651947 2672206 2694501 2706164 2739797 2768974 2780025 2785276 2799259 2809485 2840940 2851709 2874072 2875525 2888730 2895242 2899906 2910074 2938400 2953398 2977774 2998498 3123934 3125225 3191093 3192452 3216447 3223531 3233813 3247562 3271996 3310345 3350542 3358109 3377728 3381243 3393355 3411714 3413709 3422208 3437063 3472576 3515786 3520652 3542508 3560381 3569346 3579344 3590971 3620912 3635973 3669850 3730394 3733588 3832413 3834987 3863552 3911113 3933975 3938061 3942260 3944687 3965884 3986404 4024147 4027434 4043866 4055064 4062373 4070380 4079462 4082384 4116037 4123541 4138558 4151869 4158432 4169260 4177038 4188086 4189273 4228675 4245459 4274403 4284219 4288722 4331814 4365416 4412989 4432469 4491389 4525622 4533259 4539109 4564203 4582131 4608533 4610714 4625624 4647580 4663713 4715746 4734404 4760200 4779568 4788928 4790925 4813559 4820385 4846095 4848197 4879197 4898142 4902176 4910043 4922763 4954671 4966916 5025672 5043452 5079597 5082164 5087307 5122225 5145253 5165070 5171773 5188338 5192273 5197718 5220197 5223060 5251215 5254846 5282716 5286956 5323910 5342552 5366215 5373397 5389755 5434580 5448195 5456799 5472742 5485046 5512977 5554652 5568880 5583075 5601681 5604490 5607526 5628452 5656007 5660737 5667766 5680417 5682797 5690398 5699012 5714772 5728547 5736948 5742142 5766414 5809423 5817478 5855019 5873823 5879090 5917132 5972906 5981048 6003265 6028690 6031056 6033373 6040975 6042460 6049213 6060192 6062448 6075670 6077648 6090597 6109803 6111122 6125143 6139685 6169009 6174000 6197594 6256421 6257762 6278540 6283547 6287417 6288829 6335712 6338670 6369585 6371591 6406217 6500271 6501451 6508498 6544544 6552655 6568037 6572078 6574977 6576701 6595602 6632917 6635454 6701901 6720100 6748725 6764342 6800348 6803199 6811035 6845077 6870573 6885041 6938065 6961956 6979762 6999778 7014745 7022978 7034825 7096864 7127959 7180374 7209290 7217860 7228075 7276658 7328704 7336706 7351784 7354040 7374290 7405469 7425123 7442482 7447437 7462014 7510989 7518660 7523916 7546891 7557680 7568318 7582124 7597947 7621859 7639613 7669300 7686742 7723201 7733036 7750279 7755440 7773718 7774695 7813914 7839181 7856274 7867470 7872944 7903822 7912408 7965104 7967651 7985243 7998798 8002726 8065868 8090079 8103312 8136926 8145207 8164799 8179855 8181847 8259569 8282428 8308761 8316639 8324334 8332739 8337921 8352682 8375430 8387831 8399879 8408779 8420914 8423150 8432798 8514330 8543547 8558214 8583196 8596864 8637898 8666619 8703806 8721931 8777292 8787933 8844470 8856456 8860245 8920788 8952826 8970900 8986242 8991131 8992844 9008223 9033208 9043693 9075729 9078215 9114720 9158763 9226424 9234364 9236764 9275545 9280073 9283580 9291841 9316444 9330931 9393507 9408144 9422967 9424575 9466586 9468833 9480028 9500297 9510208 9521454 9533727 9553062 9592891 9600841 9621093 9641801 9647541 9654890 9656817 9661456 9663889 9669392 9676018 9716035 9728993 9758224 9788728 9824556 9844199 9863737 9880283 9927743 9937957 9961062 9976481 9985835 
</Matrix>
<Matrix name="Neuron_421" type="complete" rows="1" columns="3565" multiplier="1.0">
   2202 5691 7508 9421 11878 19361 22864 29704 33407 34703 39178 40373 45204 46439 47445 48712 50282 51767 56412 57948 58716 59982 61121 66242 69110 70391 73414 75190 77032 80274 81092 82097 84958 87901 90021 91966 93376 94333 97838 99464 106873 107943 109060 110318 111278 113809 116808 119190 121164 124255 129594 133998 135782 136830 137752 139165 139854 141204 144131 145608 147509 151615 153745 155142 157218 159051 162536 164326 166659 170871 172266 174613 179505 180618 185207 186864 188192 189548 195695 198649 201276 202156 203521 209293 210599 212434 213736 214710 216412 218014 220228 221283 225985 227333 228901 232948 236603 245352 246849 248976 252806 254767 258655 259485 261275 263115 264031 265871 267214 270183 271590 272888 274723 276404 279921 283296 284864 288009 290882 292594 294832 301104 302838 303529 308086 312690 315602 317740 322418 324919 325841 328483 330464 332862 339355 341567 342645 343508 351057 353545 355792 357941 358631 359704 360355 362297 363219 364897 366922 368870 370658 372099 376661 379613 389747 393279 395336 396306 397804 399635 404386 407395 408417 410511 413058 414590 416436 417787 418610 419391 424412 427739 429251 431049 432111 439871 449103 453469 455479 457786 459949 462823 464121 465898 469248 470900 474860 475821 479901 481457 482098 485273 486275 491383 493597 494999 496870 499104 501700 502664 504084 508219 509446 510445 515945 517502 518433 520341 522956 524505 525576 529501 537513 538142 539969 540574 541914 544814 545828 550817 552656 558981 562750 564102 567066 568148 570625 573996 577423 580210 584242 585858 587395 588195 591728 600423 601840 605717 607552 609992 616482 618504 620045 621478 627474 635013 640846 642250 643109 644156 644694 646727 648853 650796 652295 655010 657496 659247 661219 666499 671142 672662 674125 678527 680284 681451 683094 684413 685262 686358 688602 696831 699557 701767 703764 707374 710571 719139 720615 722905 724159 729881 731111 735652 737521 742438 744186 745885 746583 752141 753384 754394 755815 756835 757856 761984 763992 768608 770131 773600 777354 781155 782551 789290 791178 792866 800737 804248 808038 811756 812975 820230 821554 823499 825570 827094 828797 833245 835018 838886 839455 841200 841911 844532 845683 848692 850357 853737 855895 858335 860227 861583 863432 865306 866952 869409 872491 875711 877129 879490 884734 888442 890156 892187 893893 902315 903431 904459 912686 914655 916510 921143 922522 927761 930019 943789 948261 951880 953745 956160 959161 962628 964784 966849 968483 973702 975426 985076 986749 989667 991743 994655 996854 1007374 1010740 1013717 1019489 1022199 1023684 1027346 1028951 1029704 1032093 1035616 1042316 1043825 1045792 1046706 1049783 1051280 1052198 1055895 1057206 1060948 1063872 1065441 1067295 1070955 1072343 1078940 1079973 1083630 1084229 1086233 1091963 1093078 1096156 1097436 1099544 1101135 1105532 1107639 1109944 1116358 1118002 1119425 1122493 1131524 1132473 1135943 1137683 1140228 1144767 1153709 1157156 1167674 1169910 1171287 1177275 1179282 1180832 1185808 1193692 1198123 1204357 1207940 1211027 1213900 1219570 1223357 1234551 1237577 1238835 1243645 1246178 1248765 1253979 1258276 1261941 1267784 1269478 1271928 1276607 1279333 1281291 1292529 1294502 1296060 1296975 1303171 1305374 1313056 1318429 1321344 1330699 1332037 1334769 1337808 1341966 1345954 1347559 1349087 1349996 1351955 1353431 1355163 1358437 1361232 1362032 1363230 1364758 1366757 1370689 1373025 1376983 1380130 1382965 1384734 1385729 1389178 1389859 1397109 1398645 1402417 1403358 1404615 1408585 1412577 1414439 1419670 1420876 1424389 1431957 1433427 1435912 1436790 1440328 1444130 1447188 1447984 1449121 1450521 1455345 1457150 1459235 1460727 1462400 1464742 1475783 1479013 1490103 1494005 1495505 1496827 1498532 1501196 1503487 1504233 1506067 1508192 1510439 1512417 1516110 1517301 1521489 1524975 1529808 1536261 1540941 1542809 1544156 1549468 1557278 1558917 1560480 1565033 1570492 1573306 1576042 1581594 1584152 1585207 1586364 1588450 1591882 1592481 1594915 1598843 1599988 1600935 1611013 1612302 1616726 1621092 1626270 1628855 1636813 1638164 1642486 1643953 1651443 1653186 1658794 1660477 1661472 1665243 1667854 1670543 1671629 1673909 1680453 1681385 1682566 1683835 1687164 1688322 1690097 1691803 1694635 1696959 1702822 1708779 1711154 1711885 1714705 1715925 1720742 1723779 1726451 1732850 1735381 1736671 1740150 1742027 1743157 1744793 1748452 1751686 1758995 1768982 1770295 1772911 1774746 1776793 1777906 1779560 1782153 1789318 1793443 1796493 1798024 1799796 1808513 1809473 1810925 1815559 1818308 1824216 1828104 1831657 1833242 1839342 1840562 1846545 1852864 1854768 1856767 1859003 1860950 1865001 1867141 1867764 1871053 1874814 1875524 1876780 1880565 1882139 1883151 1884499 1886604 1891369 1892563 1895196 1896035 1897091 1899546 1904214 1905519 1907508 1910023 1912289 1920140 1923257 1926065 1929233 1930746 1932409 1933981 1938410 1939244 1939990 1943216 1944297 1945528 1947726 1949306 1951627 1955951 1958030 1961057 1962896 1965312 1966011 1974460 1976024 1977992 1979405 1980977 1982762 1984703 1989001 1990399 1992970 1994406 1997297 1999465 2003113 2004386 2006950 2011983 2014222 2015165 2016334 2021082 2024948 2025605 2036214 2037258 2038001 2040548 2042792 2048314 2050193 2055528 2056667 2057875 2059627 2060727 2064610 2066185 2070007 2072025 2076507 2081518 2083769 2085848 2092149 2093670 2094897 2097565 2100395 2103048 2105460 2106657 2113432 2115308 2116741 2117553 2120620 2121891 2123254 2127808 2129255 2131329 2133012 2140191 2141399 2144431 2145843 2149476 2151456 2154562 2156235 2157548 2162736 2164472 2170322 2172360 2173779 2178573 2182885 2184248 2187824 2191518 2193079 2196635 2199628 2200959 2202831 2205424 2207709 2209199 2210905 2213528 2216753 2217737 2221881 2230880 2236898 2238022 2239675 2241306 2244020 2246006 2247414 2248791 2251925 2261682 2274205 2276567 2281588 2287236 2288188 2290860 2292035 2293646 2295406 2301354 2302642 2311961 2313014 2318443 2321060 2323606 2325273 2328593 2336938 2343004 2346693 2347624 2348971 2349932 2351634 2352979 2354610 2358781 2360153 2361761 2362914 2368268 2371087 2372304 2373977 2374636 2378502 2381484 2382371 2383326 2387353 2388812 2390237 2392066 2395758 2399976 2402960 2404849 2409366 2419354 2421424 2424253 2425780 2427895 2430926 2435368 2437891 2440416 2448295 2451994 2453924 2455297 2463805 2464573 2466170 2467095 2471857 2474062 2475704 2477059 2480702 2481682 2482862 2485082 2486197 2487656 2488628 2491609 2494327 2498778 2503121 2504222 2505358 2506743 2516272 2519184 2520027 2527536 2530704 2537490 2540262 2543313 2544340 2548722 2550233 2555282 2557689 2560482 2563399 2565099 2566925 2569051 2570804 2574586 2576438 2577902 2581725 2582713 2585522 2588197 2590187 2591350 2593755 2596481 2598150 2600324 2601321 2604129 2606021 2608699 2610443 2613257 2617345 2619827 2621757 2623306 2629094 2630320 2631319 2632045 2636238 2637179 2639248 2645670 2646621 2656029 2657277 2658287 2661277 2662737 2665156 2667729 2669695 2670406 2673181 2674811 2675919 2681411 2684597 2685668 2688665 2690656 2694730 2695990 2697840 2699053 2700358 2702196 2705562 2708983 2711263 2714214 2716263 2718166 2720469 2725444 2728843 2729714 2730876 2735139 2736512 2738063 2740117 2746050 2747994 2751175 2752867 2754043 2759071 2763719 2765627 2766793 2769524 2770560 2771453 2777369 2783465 2785786 2787885 2789475 2792665 2794979 2797624 2801419 2805229 2807483 2808359 2809379 2811743 2815336 2817359 2820332 2825404 2829042 2834097 2836999 2840979 2842949 2844997 2849997 2851254 2855031 2856971 2860015 2861885 2864441 2865959 2873117 2878347 2879092 2882108 2884340 2887494 2888091 2890492 2892965 2897252 2903487 2905278 2908019 2912650 2913249 2914798 2916857 2919293 2920477 2924415 2926810 2934079 2938047 2940491 2942607 2945681 2948004 2949335 2954691 2958640 2961267 2963377 2964827 2967508 2968469 2970001 2973414 2981796 2983394 2986572 2988808 2991795 2992945 2996405 2999633 3001069 3003244 3005966 3007440 3009294 3011416 3015807 3018139 3019232 3020027 3021093 3025614 3027236 3029410 3035532 3038227 3041097 3042046 3043924 3047491 3050166 3051972 3056359 3057691 3059248 3061877 3065969 3068142 3072895 3074320 3076686 3078521 3080038 3084213 3088192 3089850 3090955 3093121 3094259 3096836 3099047 3100723 3105187 3106524 3108788 3114076 3116011 3118849 3122424 3125099 3133472 3134576 3139118 3140793 3143045 3145808 3147210 3149707 3154385 3157622 3160061 3166454 3174515 3177196 3178679 3181120 3183925 3185390 3192077 3193740 3196830 3197533 3198588 3200559 3201597 3202888 3203796 3207476 3210611 3212788 3217376 3219088 3220310 3222863 3225544 3228048 3229112 3230853 3232805 3236527 3244790 3245489 3251283 3253248 3255581 3257561 3266426 3268319 3269852 3271909 3273038 3276085 3277925 3281723 3283479 3288757 3290772 3296406 3297472 3301208 3303710 3308917 3310354 3313662 3314787 3316242 3320411 3322592 3324577 3325531 3331542 3333821 3336088 3336860 3338640 3339964 3340713 3344997 3347273 3354380 3355523 3356605 3359336 3360475 3363785 3365632 3367858 3371674 3374017 3377126 3379817 3381938 3382573 3385221 3387524 3388472 3390836 3395396 3397381 3399297 3402448 3403201 3405888 3407165 3409832 3411504 3418772 3420495 3423088 3424981 3426920 3428158 3432754 3435266 3441042 3443653 3444681 3445709 3446537 3447775 3451921 3454477 3463830 3466251 3467492 3470223 3471736 3472836 3476440 3480119 3482174 3489558 3492620 3496225 3499126 3501429 3508852 3512173 3512840 3514775 3525397 3527336 3530524 3533038 3537760 3541089 3542952 3543708 3548986 3557218 3557754 3558641 3566700 3571224 3580294 3583053 3585607 3587192 3588115 3589676 3592409 3599644 3601011 3602971 3606031 3609734 3612444 3615181 3616944 3619024 3623020 3625049 3626851 3630256 3637389 3638894 3640104 3641381 3644271 3644905 3648819 3650485 3652521 3653912 3655542 3656687 3660041 3662315 3668773 3671253 3673338 3675243 3676911 3686799 3692550 3694943 3698763 3701049 3701936 3705159 3711415 3712322 3718224 3721676 3723630 3724626 3727267 3729300 3731661 3735772 3737071 3738372 3739932 3743169 3746387 3748636 3753170 3755036 3756707 3758485 3762142 3763396 3764659 3766794 3769643 3774664 3777236 3778028 3778812 3779380 3783225 3784474 3787057 3788642 3790085 3793081 3797773 3799784 3802885 3803814 3805087 3808885 3814298 3816281 3818747 3820610 3821732 3824502 3827880 3828906 3832618 3833813 3834899 3837533 3843947 3845427 3847361 3853739 3854404 3857108 3860488 3861771 3863572 3864191 3865719 3866888 3868572 3869477 3872342 3876584 3879462 3882041 3884029 3886144 3887333 3889664 3894181 3895893 3896576 3898067 3902462 3903941 3905424 3908489 3918803 3923814 3924803 3926226 3928189 3932501 3936413 3944690 3947322 3957923 3958530 3960499 3962445 3974842 3977602 3980578 3981874 3987221 3988321 3991911 3994174 3996677 4004977 4009092 4010626 4013727 4018546 4019451 4021461 4023777 4026200 4030443 4032406 4033465 4034741 4038821 4039627 4041580 4043258 4046204 4048839 4052483 4055524 4056829 4057701 4061028 4064181 4068829 4070634 4073287 4074367 4076374 4078860 4080195 4081431 4087959 4088718 4089995 4094496 4095534 4096513 4099862 4102268 4103664 4104777 4105599 4106630 4109648 4110471 4111943 4117000 4118468 4120407 4125405 4130821 4133889 4135131 4136134 4142582 4143591 4144763 4149022 4150253 4151267 4155767 4157755 4158979 4162460 4164715 4167622 4175122 4178494 4179411 4183242 4189929 4191227 4192390 4196209 4198827 4199806 4206225 4213629 4217729 4219266 4222378 4224300 4225818 4227374 4229431 4232377 4233521 4237607 4242403 4243493 4247996 4253072 4257999 4264125 4267069 4268481 4270249 4271058 4274238 4276740 4281117 4288217 4291721 4293558 4295138 4296701 4297879 4299188 4300986 4302009 4303728 4306293 4309598 4314252 4315566 4317924 4319010 4322725 4323650 4325066 4327469 4333528 4337033 4338918 4340271 4342060 4343729 4344735 4345678 4347667 4348996 4350615 4351982 4353636 4354818 4357844 4363299 4368016 4372672 4373913 4377473 4378529 4381103 4388634 4389629 4391703 4392680 4396560 4403626 4407802 4410798 4413363 4416169 4424626 4426375 4429048 4430468 4432200 4434430 4438371 4444221 4445864 4447471 4453579 4457991 4459925 4466266 4468457 4473309 4475602 4478954 4481896 4482683 4486679 4487901 4494634 4495990 4497736 4500333 4502224 4504298 4511052 4511964 4514349 4519225 4520946 4521724 4527309 4528407 4536427 4537287 4540216 4542552 4544320 4546350 4548080 4549851 4554355 4555717 4561219 4562658 4565952 4569068 4570629 4574768 4577822 4582121 4586241 4587810 4589075 4590475 4591305 4597750 4602031 4608274 4610426 4611338 4614421 4616615 4617851 4619906 4621303 4623130 4626409 4627057 4629751 4631014 4636367 4639182 4643233 4650492 4652388 4654400 4655641 4657897 4660093 4664295 4670665 4672688 4675729 4677355 4678785 4681753 4686235 4689333 4690939 4696107 4702868 4703774 4707227 4709650 4718540 4723035 4728663 4730702 4734025 4735488 4736570 4743678 4752448 4758350 4759932 4763460 4764649 4765593 4767225 4768010 4769435 4770165 4772236 4776157 4777216 4779441 4780747 4785419 4789925 4793782 4796679 4798199 4798977 4800288 4801632 4806391 4808751 4809539 4813107 4816588 4819572 4821927 4823558 4824661 4825922 4827549 4831522 4834872 4836719 4838079 4839879 4845112 4851325 4852549 4854849 4861597 4865231 4870101 4874260 4875822 4879904 4881013 4882016 4885096 4887018 4888760 4905224 4907873 4910017 4911045 4918642 4919815 4923426 4928766 4931163 4934460 4935599 4936465 4942207 4943203 4944894 4945930 4949437 4950579 4951588 4953469 4956698 4958807 4964536 4966879 4968724 4971162 4972348 4977633 4979254 4984134 4988326 4989364 4990176 4992986 4994017 4997478 5009158 5011502 5014192 5015801 5018145 5020295 5021370 5022441 5023568 5026130 5027386 5029195 5033827 5037498 5039143 5042407 5043409 5044662 5047049 5048469 5052058 5054466 5057847 5061327 5062519 5063701 5067830 5069705 5070981 5073257 5075054 5077730 5080247 5082010 5085363 5087708 5097296 5098224 5100784 5101640 5102751 5106562 5108581 5111801 5113981 5114850 5117138 5119296 5122604 5123933 5124843 5128133 5133053 5134791 5137953 5139978 5144468 5146728 5149396 5152011 5154800 5158275 5160048 5162867 5163699 5165346 5173111 5175590 5177466 5178625 5182201 5184942 5187926 5193233 5196004 5197282 5198050 5199830 5205677 5208417 5212893 5214644 5218284 5219956 5221987 5227073 5230100 5232104 5233593 5238945 5240197 5242954 5245246 5247190 5248584 5249641 5251043 5252324 5257086 5258377 5259554 5261245 5265602 5267364 5268893 5274946 5277056 5280406 5281112 5282202 5285208 5286124 5287613 5289220 5291425 5293481 5296304 5299997 5300727 5302256 5304367 5306083 5307192 5308192 5310622 5312147 5312860 5316841 5334299 5335050 5335749 5338886 5340747 5345863 5346887 5348869 5350560 5352812 5354666 5358843 5361150 5365385 5369786 5373436 5376439 5379465 5380248 5381693 5385476 5386945 5391687 5392844 5394420 5395629 5399228 5411201 5416902 5417979 5421368 5423215 5424170 5427631 5428789 5429568 5431181 5435474 5437451 5438680 5441792 5445327 5446568 5449433 5453708 5456685 5464159 5465255 5466355 5472019 5472881 5474405 5478216 5483021 5487079 5489567 5492580 5493205 5494826 5499419 5508130 5512866 5521221 5524437 5526885 5527316 5529518 5532831 5536224 5541105 5543485 5545731 5549232 5550609 5555956 5558336 5559610 5561166 5562276 5563876 5572048 5575722 5578966 5579986 5585914 5589067 5594375 5595840 5596925 5602420 5605156 5607732 5609032 5611295 5612989 5614837 5615766 5617328 5619979 5621564 5623511 5625040 5626431 5635044 5637187 5638851 5639532 5640765 5644542 5646739 5650360 5651919 5652506 5653680 5654861 5656028 5657536 5660278 5662807 5665953 5668350 5668915 5676878 5680877 5681941 5684440 5690788 5693919 5697209 5699213 5703256 5704125 5706383 5714011 5719536 5731782 5733962 5740406 5742997 5745983 5747292 5748658 5750816 5752156 5753733 5755143 5757051 5759206 5761837 5762714 5767975 5771335 5773044 5777064 5778672 5780274 5781672 5783036 5784317 5786964 5790894 5792616 5794674 5796145 5802199 5803184 5804041 5804880 5806792 5809935 5810756 5816253 5817295 5819796 5820866 5823052 5828834 5830751 5833737 5838904 5839869 5841413 5844491 5846619 5849262 5850419 5851709 5855465 5858464 5860361 5863187 5864354 5868586 5870454 5872316 5877700 5879357 5881346 5883028 5884700 5893349 5895191 5896063 5899910 5902842 5904277 5907361 5908407 5910652 5913780 5917181 5918392 5924530 5929899 5930471 5933811 5936439 5941969 5943916 5947199 5949327 5951299 5951991 5953041 5955795 5958500 5960635 5961620 5964198 5965411 5969051 5972938 5976531 5980546 5984875 5986119 5987585 5990299 5991481 5993356 5994569 5998544 6002782 6005997 6012380 6016769 6019542 6021434 6023695 6025250 6026422 6032691 6036040 6040643 6042569 6048135 6057255 6060246 6062515 6063894 6065795 6068269 6072262 6073020 6076728 6078957 6091657 6097114 6099432 6101801 6107385 6112295 6116103 6118496 6119487 6122626 6124523 6126580 6138141 6140122 6146427 6153125 6155411 6162799 6176852 6177642 6178835 6179778 6184245 6186073 6187533 6191500 6192939 6194944 6196331 6197719 6199318 6202973 6207738 6212504 6216019 6221786 6222696 6223962 6224715 6228309 6233419 6234985 6236780 6238522 6241393 6242713 6245796 6246687 6249618 6253800 6255681 6257142 6258918 6263682 6265116 6265733 6267186 6269093 6270007 6272369 6273618 6275073 6276872 6278564 6280421 6282373 6283503 6287248 6289508 6293547 6296228 6297470 6298804 6302713 6304595 6310756 6312679 6315379 6316852 6318510 6329314 6330807 6332111 6334992 6337883 6342473 6343611 6344393 6348021 6350809 6352465 6353798 6359714 6361390 6367675 6377522 6381779 6386387 6388354 6393131 6396671 6399007 6402138 6403105 6404411 6407411 6410626 6417588 6418855 6420589 6421807 6422853 6425023 6425966 6428465 6431450 6432584 6434649 6442229 6443797 6444583 6455256 6456658 6458834 6460747 6463503 6466092 6468199 6469015 6472072 6474062 6477323 6478112 6479060 6481446 6482865 6484996 6488073 6489232 6493221 6498169 6499831 6503442 6508151 6509030 6514656 6516183 6521953 6523754 6526225 6528337 6530724 6532352 6533629 6535164 6538559 6539996 6541763 6542620 6545317 6548112 6549205 6552463 6554132 6555721 6557868 6567458 6572232 6573833 6577715 6578481 6579770 6580983 6589191 6592257 6594817 6596144 6598869 6603869 6605098 6608951 6610570 6615780 6619041 6620842 6621820 6623974 6626030 6628455 6632782 6635743 6637435 6640451 6642182 6644079 6645285 6646932 6647786 6650982 6658092 6661179 6665475 6670246 6671395 6674108 6675494 6678508 6680503 6681999 6689856 6693378 6694168 6694897 6696490 6703002 6707094 6710031 6711176 6713634 6716137 6720879 6722335 6723428 6727447 6730389 6733994 6734960 6736505 6739238 6743047 6744477 6748423 6751168 6754821 6760737 6768134 6772160 6775137 6776594 6777706 6782697 6783807 6785278 6788827 6792583 6794318 6797099 6805005 6810999 6812329 6814749 6820754 6824149 6826322 6828686 6829618 6831432 6832378 6842046 6845230 6846370 6850765 6853423 6856364 6857139 6858396 6861599 6862472 6864511 6867397 6868231 6869804 6873113 6873918 6877115 6878657 6884428 6887931 6889416 6895333 6896873 6903636 6906463 6910388 6911535 6914619 6916915 6919911 6921162 6923009 6927101 6928792 6929691 6933401 6934370 6935496 6937219 6938024 6943745 6944394 6947893 6948481 6949484 6954466 6958154 6961989 6963512 6966105 6967421 6970155 6975092 6975845 6983293 6987144 6988526 6991257 6996545 6997550 6998578 6999801 7002360 7012681 7015711 7016624 7020174 7022816 7023635 7026099 7028005 7029538 7033130 7034497 7036284 7038610 7041235 7044554 7047700 7050912 7052444 7053655 7055017 7058163 7061291 7062451 7064425 7067204 7070573 7073378 7076628 7081133 7082472 7083483 7091648 7093309 7094205 7097249 7097975 7099380 7103121 7104890 7107860 7109073 7109956 7115010 7116134 7121735 7127728 7128352 7133220 7137243 7139829 7143785 7144680 7147749 7148986 7155100 7159682 7162710 7163839 7167767 7170407 7171566 7174000 7178001 7183352 7184552 7189703 7192812 7194535 7196436 7197341 7200041 7202499 7203294 7204377 7206032 7212114 7213988 7216684 7217976 7219204 7222093 7223424 7228319 7234408 7235742 7237998 7240557 7243077 7244971 7249858 7251065 7253250 7254746 7258951 7263197 7265931 7266800 7272381 7274123 7275839 7277173 7278851 7280411 7285094 7285950 7287375 7290242 7291306 7293054 7296684 7298274 7299888 7310827 7312412 7314852 7317093 7319155 7322918 7324606 7325932 7328739 7330887 7335198 7336305 7337628 7338842 7340217 7343018 7343800 7344740 7345417 7347877 7349783 7357189 7361917 7364761 7367884 7368733 7374863 7378328 7379307 7381699 7382800 7383943 7389232 7395460 7397333 7403279 7405278 7406988 7408485 7412628 7414734 7416808 7419100 7421006 7424774 7429508 7434012 7435980 7436942 7438113 7439051 7441529 7442846 7444558 7450031 7456117 7459216 7460292 7462304 7468819 7469944 7471345 7474502 7475913 7476902 7479177 7481070 7482594 7483519 7485674 7486667 7488023 7489489 7494230 7495533 7496401 7498543 7500260 7505233 7506481 7510460 7511960 7514199 7516352 7520643 7526563 7528962 7529518 7530697 7532249 7533553 7534817 7535713 7536612 7537611 7538606 7539738 7542805 7543911 7546120 7549118 7550061 7551724 7555339 7556314 7557804 7562296 7564247 7567299 7569157 7570588 7574505 7576614 7582210 7584583 7587092 7589084 7589781 7591617 7592872 7593636 7602474 7604392 7605210 7608920 7610668 7614143 7616215 7623448 7626856 7631410 7632410 7633138 7634095 7636167 7638874 7640677 7643201 7645028 7647619 7649161 7650875 7652689 7653840 7656690 7657683 7668521 7670955 7673909 7676174 7678798 7684280 7685824 7688357 7689506 7691740 7695984 7696761 7699525 7700659 7702646 7703915 7704944 7708143 7710487 7712197 7713614 7717010 7721058 7722564 7725627 7726941 7727984 7730410 7732684 7733571 7739040 7744754 7746359 7748118 7752662 7754043 7762010 7767254 7768581 7769870 7773097 7774998 7776623 7782672 7783774 7789425 7790581 7792381 7795505 7802647 7803502 7805470 7806213 7807017 7810574 7813024 7814981 7819296 7820663 7822023 7822846 7824880 7827498 7831598 7835681 7838443 7841781 7845870 7849828 7852902 7854912 7858633 7862967 7873281 7875153 7876529 7878245 7879534 7880365 7882626 7883092 7886159 7890165 7893160 7894385 7896792 7904529 7906484 7908155 7912530 7914782 7915674 7916706 7918192 7919862 7921254 7922261 7923467 7924558 7927137 7931116 7933976 7935534 7937313 7940941 7942988 7945679 7949918 7953291 7954272 7955693 7957405 7958470 7959497 7963315 7969448 7970808 7978012 7981631 7982518 7983351 7986085 7987506 7994863 7998756 8001002 8002262 8004557 8006246 8009953 8010745 8013083 8018758 8023738 8026144 8027478 8028905 8030984 8033320 8034278 8046601 8050273 8056554 8057783 8060918 8062724 8063935 8071411 8080452 8084526 8086139 8086911 8087916 8093259 8096000 8099239 8100516 8104229 8105641 8106550 8107521 8110610 8111906 8115269 8116180 8117995 8120160 8121330 8123184 8126654 8134506 8136369 8142405 8145830 8153356 8154923 8156542 8160275 8161217 8170428 8171139 8173023 8177070 8178290 8181477 8187463 8189520 8190759 8192818 8194250 8198773 8201769 8202848 8205169 8208240 8209841 8218817 8219556 8223266 8225229 8226772 8230151 8231645 8233165 8234946 8236208 8236992 8243889 8246151 8248255 8250461 8252052 8255317 8256351 8257213 8259290 8262232 8264322 8271178 8278045 8280173 8281856 8283992 8285642 8288311 8291346 8294148 8298128 8304952 8306737 8308598 8311492 8312872 8316536 8317399 8320412 8323634 8327470 8329170 8330422 8332933 8336548 8339938 8342006 8347269 8352870 8355458 8356569 8359766 8361778 8366315 8369151 8370613 8373631 8374533 8377484 8383801 8396093 8397597 8404578 8405236 8406317 8410099 8411606 8413499 8415890 8418053 8423886 8425658 8427511 8429535 8435514 8437896 8439054 8440591 8445278 8446729 8449882 8450894 8452111 8453322 8457074 8460695 8464535 8466267 8470631 8473174 8477805 8479915 8484499 8485524 8490942 8499850 8501527 8503117 8507550 8509624 8512593 8515511 8517285 8523376 8524440 8526043 8530493 8532558 8534158 8538138 8539850 8541166 8553311 8555200 8557094 8566772 8567966 8573559 8575704 8576581 8581449 8583598 8588425 8591365 8592222 8593621 8595974 8596913 8598195 8603975 8605907 8609004 8617505 8620004 8623637 8626162 8628238 8629264 8631765 8633343 8634830 8636885 8637918 8639670 8644881 8649345 8651824 8655083 8656350 8659077 8662075 8664532 8667593 8668932 8671956 8674406 8676944 8682606 8684818 8686838 8688571 8689555 8690602 8692217 8693071 8696086 8696961 8700761 8702474 8704235 8707166 8708416 8709935 8717336 8722116 8725667 8727481 8729457 8730341 8731985 8732693 8733792 8734908 8742371 8743749 8746171 8750869 8751912 8752404 8754692 8756860 8759622 8766982 8770735 8772007 8773832 8775029 8783463 8785989 8787716 8790907 8795148 8797526 8799555 8806317 8808230 8810741 8812043 8813054 8814330 8815475 8817337 8820412 8822148 8824518 8827530 8831083 8832243 8835018 8839982 8842036 8846771 8850865 8856023 8857745 8859784 8861059 8865949 8868424 8871149 8873590 8874506 8878998 8880377 8882933 8884749 8886202 8888925 8890552 8893625 8895191 8898639 8901817 8903491 8909672 8911071 8914634 8915779 8919076 8925088 8927050 8929394 8930896 8933033 8934739 8936908 8942283 8943568 8944640 8945998 8946941 8949718 8951350 8953952 8960543 8964126 8966833 8968455 8969966 8971922 8975619 8978739 8983262 8984061 8985401 8990846 8994297 8996815 8999895 9002767 9007040 9009715 9013120 9015956 9017250 9020011 9022332 9024337 9028764 9032852 9041744 9045376 9047073 9055628 9056952 9057640 9059607 9063650 9067204 9068771 9072751 9075165 9077093 9079448 9081262 9082115 9082835 9085675 9086406 9088783 9090018 9093877 9095307 9098849 9101669 9102692 9104671 9107089 9110512 9113661 9115772 9119982 9122982 9127932 9129393 9131890 9134782 9137396 9142182 9145683 9149699 9152221 9155664 9160021 9165255 9166770 9169604 9173601 9174650 9175941 9178251 9179904 9185496 9187717 9191295 9197573 9199038 9201221 9202991 9203747 9205187 9207667 9211395 9212826 9214859 9216799 9220111 9223893 9225186 9228557 9230418 9232068 9235294 9236638 9241172 9243694 9246345 9248319 9251307 9253660 9255781 9261100 9261809 9263596 9265479 9266548 9268557 9271253 9275111 9277520 9279563 9280799 9282249 9284256 9284995 9288892 9293521 9294740 9296108 9300549 9305578 9309819 9314521 9316152 9322863 9325045 9328490 9332691 9333887 9334972 9335641 9340691 9342262 9344880 9347775 9349129 9350179 9351584 9353952 9357563 9363902 9368152 9374467 9377983 9380246 9383521 9385122 9386441 9387471 9389666 9391824 9393332 9397548 9398786 9404890 9405788 9407486 9408627 9409904 9412020 9414358 9416812 9420910 9422518 9424365 9426300 9427987 9432775 9435632 9440416 9444335 9448657 9449663 9452726 9454459 9456447 9460473 9465318 9468942 9473299 9476810 9477798 9481764 9484567 9486517 9487667 9489540 9493305 9494723 9497864 9499364 9504445 9506178 9511383 9514203 9515599 9522127 9522872 9524863 9527613 9529177 9535285 9537824 9539162 9543868 9545823 9548891 9557485 9562478 9565463 9567036 9570345 9572569 9574045 9576091 9577242 9578283 9580877 9582913 9584044 9585176 9586956 9589082 9591418 9595360 9596890 9600893 9602226 9603745 9616505 9617303 9620232 9621403 9623042 9628533 9630122 9631547 9633447 9638115 9642187 9643274 9644097 9645479 9647616 9649823 9652007 9654423 9656646 9658863 9660360 9672009 9676578 9684260 9687573 9696290 9703446 9704096 9705035 9705923 9710889 9712769 9715571 9716551 9718602 9719640 9729589 9730368 9732564 9733933 9735750 9738192 9746317 9748155 9750811 9752780 9755070 9758018 9764120 9765377 9768125 9769334 9770819 9773556 9776609 9779388 9781742 9782479 9783909 9785741 9788653 9789625 9792256 9795132 9797797 9799776 9802577 9803732 9804902 9807703 9809314 9812422 9817334 9819212 9820875 9821914 9823677 9826878 9833316 9835323 9836799 9838418 9841272 9844143 9849993 9852099 9853772 9856626 9861869 9862898 9869311 9871951 9873414 9875107 9877103 9877991 9882883 9884585 9885903 9886737 9893958 9895065 9896282 9897624 9898722 9900180 9903188 9905124 9908123 9908847 9911275 9912803 9916779 9917793 9919215 9921449 9923461 9925449 9928711 9930678 9931958 9933688 9937770 9939649 9940891 9942941 9945036 9949874 9951003 9955268 9959905 9967768 9975944 9982021 9983218 9988427 9995178 9996136 
</Matrix>
<Matrix name="Neuron_424" type="complete" rows="1" columns="868" multiplier="1.0">
   1569 10627 13779 20491 37442 45747 61842 66390 78402 87919 90352 105228 114790 116521 117688 124797 131513 145807 152344 158958 172737 180503 190054 205258 209804 218814 228590 229766 233295 236204 245717 248774 275979 278154 287656 304640 306640 322603 325877 330609 332241 347189 350367 358020 360096 361888 365136 366888 391263 395406 413466 419085 454593 467989 480858 495512 511585 514998 519420 534105 541415 547816 555571 556859 561865 568232 569633 573423 582609 587123 597152 600028 603186 605069 612165 622667 630672 636397 640206 652666 668042 685324 700587 717135 721541 730460 734167 738389 743028 745590 747321 749985 752129 756441 771531 772592 783994 787286 790172 807474 820940 834690 839203 842923 847301 855054 871499 874849 883345 894312 900166 917719 938907 942230 946655 958351 984711 988959 1036927 1055744 1084306 1089351 1100549 1132922 1135366 1141044 1159159 1165951 1183398 1191089 1205178 1222697 1224442 1229608 1236281 1238881 1242888 1248105 1249284 1252329 1254022 1256623 1275471 1281904 1286606 1289472 1314403 1315846 1318756 1324341 1333205 1343297 1368543 1381744 1384294 1387849 1407478 1417613 1436523 1445882 1447546 1472427 1504915 1509544 1512583 1515128 1525821 1532773 1536734 1595165 1604716 1628259 1629542 1643421 1656710 1681127 1691311 1727412 1729407 1748370 1752731 1764702 1768801 1770407 1772774 1777372 1805532 1812369 1819408 1824455 1831332 1841330 1845708 1859565 1873043 1876125 1887789 1891286 1904135 1915283 1921687 1923995 1941366 1950986 1970989 1980429 2003585 2017689 2045921 2053389 2061074 2072448 2078774 2083510 2099948 2104834 2106583 2123112 2134447 2138936 2161599 2167543 2176904 2232114 2247293 2277025 2280539 2282022 2288460 2342710 2344121 2351794 2361749 2374878 2378402 2386412 2420984 2439938 2442390 2445074 2480026 2484917 2499654 2505973 2517129 2523591 2575385 2587342 2596480 2609293 2658362 2660373 2668373 2669375 2700016 2719705 2739985 2761657 2773888 2778290 2791448 2808150 2813315 2839530 2858421 2861447 2863556 2870019 2885041 2916334 2941674 2955731 2991773 2996399 3003361 3033827 3037723 3052079 3055220 3056282 3059983 3063302 3080605 3083463 3103238 3123686 3144393 3149116 3151583 3178952 3191108 3214825 3223692 3235539 3240592 3242416 3260494 3272963 3307798 3330785 3355125 3367536 3370048 3373132 3380208 3404851 3413280 3415696 3422495 3425670 3432547 3439933 3459055 3481344 3512921 3521339 3527341 3534549 3544287 3563507 3585637 3587200 3612011 3632852 3643834 3647449 3650940 3653181 3672036 3691488 3725397 3738155 3744438 3759031 3761454 3770054 3771981 3778090 3779417 3789504 3793137 3800607 3820488 3827679 3835800 3839341 3846866 3858627 3862504 3866399 3872742 3882538 3902195 3918902 3927049 3935136 3968088 3999052 4011330 4040659 4045205 4048719 4055002 4061947 4084129 4092353 4118124 4121602 4132920 4139659 4148643 4155082 4163513 4190379 4195123 4205301 4206729 4212236 4220183 4231356 4232943 4259053 4265374 4272018 4275058 4311087 4316057 4322409 4346052 4349932 4370840 4391845 4401385 4413104 4428743 4430282 4434881 4451846 4460769 4493881 4511754 4521883 4527887 4534905 4539613 4543148 4546392 4549218 4558524 4561350 4569500 4576772 4593955 4608043 4626309 4631239 4635390 4637900 4669303 4671758 4682410 4698626 4707895 4714045 4738802 4749141 4761728 4766023 4767993 4787286 4813714 4832686 4834084 4839721 4866410 4870066 4900930 4907334 4919392 4925097 4931796 4941669 4960021 4986531 5019701 5022848 5043055 5081010 5093845 5119090 5140273 5173453 5191457 5197830 5211950 5216697 5218245 5222296 5248063 5274825 5291664 5320534 5347743 5351844 5382882 5391423 5401918 5404483 5417553 5443743 5489684 5491837 5493380 5508197 5509491 5516748 5527431 5530596 5559874 5609179 5630654 5634892 5636512 5639044 5643644 5661882 5686854 5695537 5705707 5708671 5723054 5737888 5759142 5767267 5781942 5790293 5799883 5808628 5812003 5813625 5831177 5834581 5844306 5861272 5866384 5872222 5878790 5892427 5898833 5925555 5942128 5944141 5970143 5974961 5977628 5985207 5995167 6019893 6034776 6041707 6063892 6087591 6090484 6121826 6127749 6130498 6136741 6152173 6159417 6169785 6174550 6178625 6229683 6239575 6243918 6250898 6267954 6278636 6286464 6308439 6332123 6382651 6387267 6398582 6415761 6417314 6421524 6424912 6435117 6440141 6451619 6457580 6462128 6467927 6485018 6489045 6512311 6518438 6525901 6528393 6531214 6546430 6552780 6558846 6571889 6574570 6591134 6601635 6603152 6609953 6622306 6670203 6677564 6690183 6751965 6753834 6755425 6757050 6759369 6760847 6769731 6779838 6808520 6822860 6824360 6836938 6862542 6878222 6889490 6905262 6909277 6912188 6914456 6918738 6955773 6964034 6974831 6982553 6995771 7004131 7011837 7013270 7020270 7024239 7034727 7059400 7100459 7110367 7116659 7131078 7135557 7142646 7149897 7163204 7164596 7178356 7181672 7203089 7205957 7242813 7246710 7256886 7266594 7282153 7286870 7288499 7303304 7327377 7330151 7356194 7388481 7391196 7395343 7396719 7420002 7424288 7427793 7445486 7460342 7472683 7500492 7513233 7525047 7534796 7538389 7545683 7560542 7588904 7607022 7612347 7623378 7645903 7648487 7662528 7675850 7682433 7684022 7686631 7704997 7734469 7741962 7743321 7761620 7763685 7766984 7813337 7830374 7862649 7868303 7876815 7881701 7887364 7890594 7893651 7903520 7907018 7911953 7924294 7935945 7938217 7941334 7946833 7951579 7967919 7986732 7988702 8001322 8025273 8034483 8042877 8045286 8063102 8088204 8091535 8095092 8099404 8101874 8119143 8129066 8137619 8139042 8143509 8146025 8166268 8187787 8235944 8240898 8246927 8269876 8276136 8279542 8292617 8295078 8297512 8302184 8317115 8323698 8334214 8349197 8355186 8373526 8375388 8402732 8407435 8415099 8465365 8467090 8477175 8493515 8496477 8502876 8525176 8532398 8534687 8539065 8550784 8554655 8557470 8558646 8599865 8615939 8631787 8635223 8639606 8640810 8646632 8649843 8656396 8666244 8685563 8690701 8695980 8703826 8736177 8748695 8750363 8758414 8761745 8784314 8796736 8798772 8808583 8815679 8817077 8823754 8825723 8826877 8830726 8833680 8846859 8857146 8869428 8874808 8878560 8893091 8897667 8924651 8933583 8938714 8992259 9025226 9027434 9034699 9046274 9076914 9080886 9085631 9098200 9105203 9118264 9120242 9121243 9129205 9140715 9145421 9150275 9176463 9190207 9194153 9229694 9232934 9256650 9259718 9271650 9275635 9304327 9330632 9344430 9349754 9372253 9377309 9386623 9388378 9395183 9414472 9421723 9423170 9435099 9440545 9443056 9445472 9447046 9463609 9472207 9478215 9484863 9503432 9508193 9526783 9534047 9576106 9577512 9581350 9588117 9633512 9655576 9658022 9665615 9673355 9682547 9704349 9710695 9747455 9755079 9756474 9771572 9773714 9781211 9808959 9822591 9839344 9850837 9877077 9879477 9890120 9912328 9918041 9919600 9921748 9929803 9931524 9942110 9954426 9960982 9962402 9983422 9995016 9998329 
</Matrix>
<Matrix name="Neuron_431" type="complete" rows="1" columns="1372" multiplier="1.0">
   8036 13808 26266 27993 31175 59591 62093 66457 73234 85593 93841 106781 114378 131489 141596 145919 157432 163077 164246 172586 182465 193435 198119 208887 211349 219279 222361 223986 235035 243192 244077 250257 264702 275361 300475 315012 326636 330415 331765 339877 347930 352853 353839 358424 378521 387553 392113 395349 402603 409238 412517 414438 427834 430189 431411 445684 447382 454582 458712 472226 473615 477707 490597 495189 513149 518379 521928 535427 540724 543254 545067 549626 555236 558814 567934 570137 582008 586373 587588 596829 613510 616176 623103 624166 625724 632353 640646 641948 644750 650677 655780 689168 696753 700103 713057 719890 728937 734099 735056 737214 760264 765120 770254 771761 802834 810623 821134 842335 846658 848029 851330 854696 855661 859674 860813 875705 879170 888943 893039 899471 911930 915471 919790 924940 926821 937346 940021 947520 961487 971081 977259 984665 995576 998119 1011781 1030157 1037380 1041085 1061289 1064652 1071836 1075633 1077771 1087033 1091994 1100456 1120657 1123951 1128309 1134411 1137565 1140821 1171470 1179416 1184921 1189680 1200095 1203302 1207005 1215695 1223482 1236370 1240039 1248954 1251748 1255044 1261767 1292161 1317464 1327460 1329179 1332632 1338705 1347388 1354636 1394462 1396205 1417487 1430472 1439833 1446634 1452224 1457307 1459858 1462606 1466281 1485277 1486452 1490654 1494490 1506117 1513516 1523249 1533601 1547940 1553977 1568829 1574130 1581555 1585987 1591349 1597611 1610593 1613907 1616938 1618576 1627147 1639184 1642924 1644169 1657652 1662699 1673812 1694024 1699422 1701284 1706572 1710362 1720079 1727833 1733800 1737425 1747085 1760981 1775417 1778866 1782663 1794001 1805811 1814203 1822526 1825985 1832615 1839297 1846209 1854725 1870108 1882294 1888810 1893593 1894959 1896402 1899586 1921733 1941647 1944747 1952126 1958247 1966016 1971997 1974185 1979493 1981567 1991768 2001995 2009812 2010764 2012797 2014057 2016941 2028036 2036309 2057442 2063846 2071394 2074532 2077315 2102572 2110075 2112168 2136791 2154702 2179228 2202801 2205260 2226070 2236071 2241438 2252823 2259991 2260687 2263432 2276518 2287079 2289574 2307998 2315400 2320075 2323530 2331092 2353489 2356233 2358817 2359892 2363757 2375373 2379636 2387174 2397337 2420728 2423829 2424896 2442495 2462186 2468725 2475585 2477012 2478552 2480293 2481279 2483803 2486538 2497643 2507201 2525378 2530328 2538234 2547368 2572405 2574571 2590326 2591721 2594880 2598509 2605333 2613144 2621711 2626343 2628300 2636599 2639930 2643563 2663370 2666660 2668055 2672652 2682931 2685339 2688833 2692223 2699634 2711593 2718282 2725932 2736263 2738041 2745619 2746917 2758362 2759504 2782075 2783364 2786119 2787319 2790670 2793625 2796124 2803081 2807267 2809413 2810798 2836812 2840963 2844872 2857460 2861722 2864872 2868891 2885306 2902712 2903765 2911697 2917292 2918479 2919915 2936331 2945791 2955583 2982735 2983950 2986331 2992008 2996694 3006101 3010025 3019490 3031515 3041276 3047313 3053179 3058822 3071462 3075079 3088422 3098569 3100396 3106667 3111656 3115598 3121687 3125987 3130169 3135656 3138065 3141728 3151900 3162374 3175095 3181136 3183324 3195828 3198487 3236662 3239408 3245706 3249787 3254068 3260293 3266558 3268774 3270688 3273366 3283555 3285692 3292490 3293865 3302018 3303934 3312024 3314249 3321150 3324703 3340308 3342875 3353856 3355465 3357229 3365977 3379521 3388554 3404388 3414677 3422064 3429999 3431558 3438895 3464471 3466162 3472629 3479435 3482729 3484564 3486690 3488899 3490096 3492881 3502073 3505343 3517294 3518882 3525760 3530198 3531830 3532957 3535426 3537709 3541915 3543915 3546513 3554644 3557014 3565969 3572023 3573060 3578159 3583043 3588877 3591726 3597840 3608558 3610491 3625218 3634737 3637479 3649064 3653563 3657193 3671068 3673549 3678517 3681899 3688289 3694089 3696239 3714871 3733122 3739031 3742225 3744797 3747154 3752258 3756679 3765245 3773688 3780090 3796611 3801505 3805722 3810045 3825180 3842577 3847097 3852224 3856563 3859091 3876692 3877825 3883468 3887282 3891569 3918535 3920578 3924057 3925679 3932976 3972638 3979582 3982246 3991534 3994876 4002697 4007063 4024450 4030579 4036125 4048976 4054349 4055693 4056921 4059154 4068124 4074485 4079874 4082922 4087436 4099245 4114499 4123336 4124828 4126571 4127236 4132214 4137560 4150144 4152168 4155321 4157445 4158968 4163709 4169849 4192702 4199324 4211274 4216654 4219620 4224906 4231225 4238791 4240847 4246593 4256921 4261546 4272897 4279513 4283730 4288615 4293300 4300303 4302311 4308578 4310378 4314445 4322246 4328228 4330106 4331468 4339512 4354791 4359687 4368277 4376731 4378224 4386328 4389704 4395003 4398077 4413921 4424067 4435544 4446071 4452031 4459004 4468252 4474556 4497475 4498358 4511467 4522242 4527597 4533904 4539943 4543335 4551351 4552784 4555635 4557816 4562245 4581103 4592252 4600445 4604311 4620323 4638479 4648353 4655150 4662483 4666208 4668732 4679995 4695099 4719259 4723710 4733680 4740693 4754380 4756599 4766399 4776925 4781769 4796948 4809483 4823621 4840323 4846572 4851067 4859441 4860597 4880736 4907342 4934526 4944839 4946952 4958686 4963460 4967082 4975314 4981929 4984846 4987375 4992589 4993334 4999699 5005227 5008999 5024241 5034364 5042911 5044063 5056746 5058257 5069591 5075755 5087189 5100038 5105844 5107441 5108656 5112724 5115221 5118137 5119855 5140326 5142417 5144132 5145411 5162297 5168254 5169633 5188539 5210966 5212939 5217446 5223183 5244596 5254192 5258082 5260670 5274536 5280780 5286695 5292422 5309709 5316800 5327742 5331303 5349992 5369091 5371953 5374697 5379175 5380563 5385748 5396829 5401659 5404917 5409481 5414432 5422106 5429289 5435278 5439730 5463875 5465306 5470975 5479721 5500907 5506122 5520257 5524851 5537165 5543709 5549046 5553252 5560923 5566504 5579926 5580871 5583717 5591859 5593982 5606859 5612884 5615765 5622417 5626942 5637566 5646805 5656881 5662025 5675749 5680627 5682039 5687225 5692269 5714272 5717252 5722688 5733836 5740109 5741757 5753620 5764056 5771929 5773486 5790004 5812585 5814434 5818188 5836237 5838378 5839265 5847972 5849585 5863100 5870559 5885121 5887805 5893031 5895385 5908309 5911521 5919005 5920844 5923910 5925582 5934054 5937453 5941818 5944911 5948949 5952498 5957849 5962512 5971305 5972794 5978584 5981078 5991799 5993847 5997976 6003522 6028331 6034622 6038629 6043043 6049356 6051522 6052687 6054251 6060354 6071521 6080247 6083975 6085069 6090529 6094576 6095748 6109972 6111148 6121139 6133883 6138493 6146411 6158391 6161913 6166966 6168789 6176659 6178694 6183308 6202778 6215405 6217958 6233456 6235241 6243582 6250200 6261987 6274553 6279683 6289477 6296253 6298246 6300740 6303343 6306625 6311132 6320933 6326171 6330300 6333290 6340500 6346061 6367079 6378209 6379629 6382549 6390542 6395037 6400408 6403803 6411689 6413729 6423684 6425394 6426745 6428844 6431861 6445491 6446787 6450612 6459061 6462734 6464036 6472698 6480411 6481641 6498782 6506952 6508748 6513285 6520140 6526174 6529223 6545449 6549472 6567386 6570715 6575863 6591528 6605098 6610714 6618424 6622254 6623753 6625225 6630539 6632756 6641088 6651292 6654797 6656534 6657737 6668407 6684689 6691451 6695981 6702119 6709270 6713081 6739834 6749455 6772745 6785573 6801700 6803617 6807260 6811650 6829167 6834513 6840661 6864518 6874278 6889398 6894357 6896527 6903864 6929580 6938542 6956678 6959522 6966980 6968241 6973986 6975272 6976452 6982295 6988332 6990512 6995960 7002827 7004254 7013007 7014338 7017323 7021440 7027695 7034324 7036648 7047463 7050887 7052912 7053834 7059082 7069293 7084469 7087868 7099494 7100728 7104506 7109461 7113879 7115878 7117932 7120109 7127271 7130484 7131846 7137827 7146255 7159594 7170708 7172379 7175883 7202540 7214472 7218394 7221246 7237998 7239994 7245266 7248626 7254979 7257326 7264820 7266731 7272509 7279426 7281636 7289611 7298352 7302215 7313142 7323920 7328075 7335780 7350754 7352335 7354233 7363668 7368488 7369350 7371093 7374692 7375497 7387917 7396800 7401397 7410590 7427410 7429751 7437443 7445856 7454540 7467204 7475498 7478371 7479566 7486442 7488745 7490613 7495842 7508096 7539266 7544669 7546554 7547769 7572312 7574210 7577339 7586269 7589515 7592568 7595651 7599347 7609074 7613238 7617675 7625751 7629528 7630801 7634861 7636822 7640054 7642341 7649673 7663563 7685641 7688270 7693603 7702977 7704928 7713610 7720482 7722088 7723241 7727005 7729233 7739253 7746822 7783345 7788261 7792254 7797115 7799645 7811118 7817306 7822983 7838303 7845886 7861028 7863521 7865475 7869824 7892961 7895073 7897281 7925089 7935951 7938434 7943212 7944484 7950750 7958859 7967465 7972368 7973564 7976523 7978398 8005098 8008560 8010075 8018383 8030879 8039793 8043489 8052362 8053663 8072759 8088034 8097992 8105468 8111653 8115715 8120183 8122006 8129102 8131446 8139246 8157703 8168317 8172081 8183603 8184969 8192630 8196891 8201805 8210205 8224994 8228673 8232000 8234397 8236800 8240280 8258736 8263643 8288258 8307137 8312888 8317971 8327979 8335362 8351882 8357290 8359979 8363548 8372552 8378914 8381069 8385113 8392127 8407872 8409540 8412680 8421050 8441548 8448434 8449214 8452430 8453649 8466859 8480302 8482035 8484536 8500550 8533281 8538134 8539793 8547559 8555576 8557816 8561768 8565003 8565738 8567701 8569202 8575705 8583471 8591151 8597915 8603123 8608696 8611745 8617056 8629099 8639557 8642857 8644029 8648764 8654158 8656742 8660897 8662244 8677479 8685791 8691797 8711972 8714724 8719258 8721712 8736008 8743236 8746448 8754178 8759975 8765200 8771789 8775455 8776558 8782234 8786395 8787788 8790260 8794075 8796287 8804130 8808614 8815787 8822454 8823795 8830299 8833097 8841076 8852290 8856936 8865576 8874686 8876213 8894087 8897483 8900620 8907131 8918439 8921961 8925392 8947218 8957313 8959548 8975326 8979376 8984605 8989775 8993239 8997650 9004596 9013381 9018448 9026094 9030824 9032110 9055030 9057716 9061401 9077530 9095126 9096625 9114433 9118441 9122770 9125366 9131734 9134652 9141278 9153927 9159778 9162575 9175985 9188677 9193954 9209379 9211712 9213114 9213969 9217514 9227585 9229750 9233374 9234537 9237308 9245606 9248935 9256650 9262128 9270449 9272112 9278107 9280531 9291888 9292832 9302614 9308008 9320101 9336991 9349726 9359449 9379052 9397533 9401581 9407075 9412729 9425358 9428648 9438704 9448714 9466808 9471121 9487102 9497753 9520054 9522354 9523902 9529235 9535832 9537445 9540858 9545007 9549752 9551580 9553243 9559615 9561612 9563985 9570583 9605681 9606855 9609691 9613875 9624566 9632511 9636235 9639450 9644707 9654341 9658368 9660716 9666905 9669076 9671463 9679262 9697615 9701660 9723104 9730911 9732187 9747449 9755441 9759745 9777203 9797376 9811583 9818563 9820344 9822734 9827527 9830272 9836212 9840498 9842468 9843987 9852267 9859485 9862301 9866084 9868148 9885142 9889157 9892163 9896047 9910179 9912252 9913492 9917121 9926972 9934356 9949335 9951161 9954571 9966373 9974279 9975123 9997072 9998291 
</Matrix>
<Matrix name="Neuron_434" type="complete" rows="1" columns="4965" multiplier="1.0">
   1282 3789 4931 6466 8605 12522 14286 18636 19526 22904 23854 27644 29360 32897 34122 39809 44081 47029 51793 55120 56961 59002 61858 64515 65168 66360 67731 71673 72708 74859 76028 77160 78708 80893 84090 85098 87082 90270 93451 94470 95828 96906 99665 100744 104128 105881 107299 110512 112582 116643 117643 121478 122920 124667 125675 126642 128396 131119 134920 135565 136594 137681 140240 141204 143472 144523 145817 146873 148914 149850 151457 154372 156291 158488 160807 162083 163376 165386 168292 169107 170115 172232 175729 176795 178244 182944 186196 189839 191725 192995 194815 195656 198195 199489 205288 206426 207819 210255 213726 214720 215442 218407 221337 223911 225099 226941 227445 231194 232664 233763 238032 240284 244536 246458 248591 250952 252116 259851 264121 265104 266165 268094 269221 272457 274044 276624 278055 279422 282510 283346 284852 286769 287558 289492 290799 291704 293901 295351 297649 298895 300309 302615 305189 308308 310994 313083 319246 321592 324015 328810 332124 337746 338908 341355 342397 346835 348468 349058 352558 353832 354876 356468 359661 362160 366338 367384 368882 370745 373459 375252 376661 378286 379919 383416 386684 389213 391476 392976 394217 397883 403295 404355 406087 411428 412437 413533 414770 416933 418562 419937 421297 423939 427298 428198 433681 434264 437593 439702 443540 445004 446130 447413 448646 449548 451018 452061 454882 456769 459490 460273 461187 463704 465865 467387 468823 470879 474064 476467 480613 482775 486229 488281 492408 494061 496111 497823 500169 501976 503115 505380 506698 508614 511516 512327 513330 514947 517457 519078 520129 520852 521729 522983 524861 527981 530333 532661 534688 537318 539208 540894 543770 545999 547073 549418 552753 554038 557027 558613 561057 562452 563318 564680 566947 567695 568912 570643 572943 574176 575554 577369 578653 580515 582891 584343 586966 590946 592392 593309 595192 596638 599040 600610 602240 603208 606451 607048 610723 611579 612624 613821 616215 619078 622049 624501 628741 630704 633800 636995 637934 639103 641689 644203 646799 649005 651952 653226 654592 656451 660917 666599 667823 670078 674035 680098 681841 683891 684855 685717 687647 690889 692186 693901 695060 698368 699517 701824 704804 708048 711607 712892 714727 717006 718236 721640 722367 725673 727977 729820 731512 732897 733697 734496 737591 740665 742201 743711 744420 745855 747585 748379 750317 753401 757925 760445 761485 764197 766374 768539 770807 772619 775112 776976 777852 779426 780496 784463 787621 790137 791625 792948 795566 796513 799488 801706 805845 808414 812102 814259 816154 816844 818385 822703 828611 830818 834352 835636 838343 839061 840760 842206 843691 846348 847810 849047 850050 851562 855747 861391 862333 864635 866050 868941 874620 876344 878163 880491 881689 883365 884355 885110 885930 886892 887697 888527 890279 891459 893638 894851 899060 900069 904067 905507 908762 910530 913224 917928 920047 924536 925972 927063 928360 930631 931826 933727 935809 937300 938266 940306 941150 942628 945043 946196 947047 948590 949749 950514 952644 955849 957744 961222 963428 966212 966742 970455 972505 974325 977914 978755 980542 982399 983272 985984 987573 988412 989169 990931 992795 994987 996457 1001379 1003305 1006987 1009145 1011588 1013197 1017328 1018167 1022964 1026224 1028988 1030133 1032988 1037930 1039115 1040259 1043374 1045380 1046412 1049419 1051674 1055103 1055911 1057549 1059929 1060973 1062451 1065821 1067480 1069969 1070708 1071980 1074449 1077098 1079531 1082141 1085027 1087149 1087962 1090136 1092148 1094151 1096881 1100236 1102038 1103663 1104525 1105245 1106614 1108623 1109904 1110636 1111433 1114959 1116396 1117425 1118730 1119733 1122948 1123761 1124395 1126355 1128347 1129556 1130704 1133466 1136016 1137526 1139150 1139894 1142057 1146178 1147270 1148687 1154326 1155300 1156131 1158337 1162287 1165744 1166748 1168023 1169828 1171758 1173940 1175275 1176625 1177691 1183516 1184628 1187057 1189309 1191258 1192900 1194998 1196243 1198114 1199823 1201641 1203579 1204737 1205673 1208579 1210594 1214866 1217441 1218850 1221640 1222949 1224298 1225919 1232613 1235241 1236335 1237303 1241432 1244102 1244842 1248468 1249479 1250409 1252968 1254978 1255965 1257885 1258976 1260248 1261522 1264329 1266630 1271907 1272994 1276650 1278053 1279716 1280668 1281324 1284052 1285659 1287806 1290401 1292117 1294451 1303732 1305623 1308252 1310037 1312173 1313870 1315038 1316226 1317064 1319454 1321432 1322657 1324378 1325757 1326985 1333036 1335069 1338789 1339925 1342379 1344324 1345258 1346975 1348735 1351750 1352826 1354505 1356465 1361051 1362909 1363726 1364495 1365301 1367363 1368490 1371041 1376453 1377716 1379778 1382429 1387723 1388930 1390244 1392552 1393967 1396684 1398394 1402829 1407327 1410580 1412446 1413933 1416843 1417643 1421241 1422575 1425034 1426522 1428133 1429612 1432710 1433445 1435934 1437331 1438237 1439443 1440257 1441232 1442364 1443728 1444889 1446220 1447368 1448793 1449679 1450913 1452064 1455373 1456539 1458689 1459922 1461123 1462565 1466106 1469435 1470172 1477518 1478992 1481452 1482456 1486386 1488538 1489801 1492127 1493584 1496588 1497802 1501372 1503167 1504891 1506972 1509496 1514424 1515722 1516266 1518433 1518978 1520123 1523408 1524825 1527365 1528847 1530560 1534411 1535557 1537295 1538226 1541471 1543158 1544497 1546551 1548054 1550225 1551234 1551969 1552740 1553482 1555263 1556227 1560590 1563442 1564765 1567243 1569611 1571165 1573393 1576959 1578434 1580362 1583083 1583735 1586440 1587305 1589022 1589623 1590330 1592640 1594448 1596787 1597942 1601778 1602462 1603245 1604425 1605602 1606700 1608272 1609026 1610199 1611794 1612904 1614492 1616069 1617587 1619143 1625914 1626909 1628846 1630642 1632452 1633467 1636262 1637591 1640396 1641517 1642412 1643182 1646338 1647463 1649548 1650464 1651525 1655550 1657526 1659513 1660680 1662267 1664669 1665663 1666625 1669641 1671244 1673068 1675585 1680572 1681827 1682653 1685789 1689552 1692573 1693945 1694933 1695576 1697463 1698454 1699768 1702173 1704098 1707022 1708843 1710041 1711062 1714198 1716551 1717368 1723056 1724287 1726653 1730105 1730870 1736208 1736943 1739908 1741686 1742361 1743908 1746881 1750680 1751751 1755588 1756374 1757240 1759363 1761018 1764767 1766873 1768038 1769047 1770063 1772676 1773641 1774633 1776075 1777178 1781746 1784343 1785560 1786800 1791241 1792445 1793434 1794651 1795754 1798949 1801167 1802345 1805991 1807674 1809469 1811284 1812990 1814230 1815840 1816940 1818157 1820686 1822909 1825091 1828532 1830009 1833972 1834820 1835744 1840939 1841929 1844720 1846855 1848403 1850857 1852581 1855171 1857309 1858547 1860525 1864365 1866939 1867871 1871217 1873446 1876467 1877581 1881434 1884135 1886618 1888167 1889651 1890663 1893402 1895376 1896623 1900367 1904037 1912269 1914012 1919211 1920284 1921667 1923191 1927121 1928094 1929367 1931456 1932963 1934387 1936433 1938310 1939737 1941190 1942413 1943685 1944709 1946704 1949066 1951330 1953460 1954219 1956485 1959615 1961031 1962610 1967106 1968325 1969944 1971701 1972858 1974475 1975902 1977136 1977945 1979922 1981260 1983229 1984605 1988647 1991425 1992994 1993729 1995759 1997433 1998297 2000809 2001768 2002435 2004184 2007566 2009028 2009909 2015553 2017488 2018728 2021685 2022749 2029707 2031681 2033458 2034454 2035868 2040391 2043290 2045530 2048094 2050558 2052577 2054048 2056338 2060182 2060883 2064100 2065290 2066083 2066964 2067794 2069056 2070399 2071446 2073774 2075613 2076625 2077923 2080510 2081956 2083084 2084405 2085229 2086499 2088109 2089470 2090699 2092254 2094273 2094838 2096933 2098123 2101080 2102425 2105227 2106612 2108401 2110308 2111693 2112953 2114521 2116524 2118836 2121004 2125074 2126934 2128248 2129313 2131571 2133015 2135132 2137585 2140794 2143220 2144410 2145565 2146978 2150291 2151396 2155521 2157645 2158918 2159752 2161186 2161927 2163097 2164789 2165998 2168067 2172761 2173577 2174379 2178548 2182071 2183666 2184586 2185522 2187354 2190512 2191123 2195619 2196155 2197990 2199482 2201225 2202795 2203988 2206978 2214271 2217203 2218527 2219802 2221674 2222703 2224054 2227906 2229125 2230431 2232643 2234251 2237175 2238130 2240426 2242668 2243736 2245415 2248121 2251338 2255130 2259078 2260411 2262424 2263622 2265145 2266471 2268286 2270183 2272209 2273237 2274053 2275510 2278128 2279189 2280049 2283404 2284455 2285288 2291231 2292542 2293902 2297193 2298723 2304749 2305852 2307132 2308981 2311221 2312897 2315698 2318263 2319664 2321297 2322433 2324398 2325926 2327663 2329900 2331876 2332857 2334334 2335386 2336684 2337618 2338521 2345476 2346889 2349272 2350019 2352194 2353690 2355639 2356817 2357873 2360472 2362610 2364309 2365540 2367046 2368521 2369507 2370877 2374009 2374774 2377686 2379069 2380204 2381169 2382965 2384131 2385194 2386380 2387734 2389808 2393051 2394494 2398500 2399790 2402029 2403554 2406080 2410076 2412046 2415219 2416249 2419138 2421627 2423295 2426720 2429295 2431505 2435000 2437479 2441832 2443884 2446465 2450035 2451045 2452491 2455074 2457361 2461012 2465974 2466964 2468408 2470456 2471694 2473185 2475532 2477862 2480091 2481178 2482736 2484136 2485548 2486796 2488573 2489324 2491542 2492558 2496155 2497602 2499665 2501455 2502946 2504067 2505063 2508312 2510660 2512011 2513653 2516925 2517544 2520199 2521186 2524745 2526922 2531473 2533265 2534939 2538093 2540700 2542565 2543888 2545949 2550239 2551961 2554505 2557450 2558635 2559951 2561117 2562557 2563865 2565107 2567460 2568343 2569622 2571756 2572662 2574341 2575346 2576471 2580987 2581926 2583375 2584530 2586734 2588285 2589111 2590553 2591677 2592940 2594016 2597334 2599313 2600458 2601347 2602526 2603665 2604621 2606851 2608630 2610539 2611257 2614408 2616237 2617586 2618887 2622255 2625108 2626566 2629461 2630215 2631288 2632614 2636553 2637781 2639887 2640823 2641659 2644333 2648745 2650980 2652056 2653177 2654075 2656793 2659058 2660448 2661793 2663938 2665678 2669574 2673461 2674510 2676061 2677331 2678193 2679035 2680659 2681811 2682826 2687598 2688586 2691585 2693259 2694929 2697788 2699479 2702032 2703134 2704392 2705289 2707335 2710547 2712522 2716229 2718229 2720156 2724399 2726274 2727204 2731168 2732314 2734718 2736012 2736928 2739037 2740877 2744793 2747796 2753138 2756639 2758562 2759811 2761443 2762296 2764588 2766466 2768210 2769374 2770462 2774863 2775873 2780777 2782360 2784930 2785942 2788150 2788919 2789816 2791489 2792649 2794444 2795099 2797393 2798139 2799013 2801895 2802782 2805660 2808993 2812953 2813822 2815710 2816764 2817498 2818513 2820685 2823915 2824672 2826221 2828520 2830387 2833537 2834122 2836179 2837004 2838883 2840382 2842125 2843341 2845483 2847830 2849262 2851236 2852625 2854389 2856440 2858079 2859490 2860563 2862623 2863790 2864424 2865986 2866933 2868309 2871626 2872506 2873737 2876367 2877359 2879108 2882143 2883854 2885029 2886412 2888275 2891083 2892105 2894540 2898258 2901885 2904284 2905371 2908139 2909122 2912018 2913106 2917210 2919189 2920050 2922434 2926931 2927590 2930213 2931267 2932309 2941207 2943298 2944793 2946631 2948063 2949721 2951198 2952982 2954354 2957661 2959779 2960607 2962164 2963824 2965893 2967761 2969628 2971283 2972201 2973501 2975061 2976625 2979441 2980539 2982474 2985170 2985780 2987816 2988619 2991818 2993343 2995572 2997193 2998879 3000999 3002228 3003404 3004682 3006287 3009032 3012082 3013333 3014114 3016370 3019277 3021401 3025222 3027681 3028561 3030010 3031569 3032367 3033692 3035540 3037431 3042108 3049459 3050463 3054097 3056948 3058153 3060765 3062368 3065453 3067370 3068543 3074059 3075028 3078102 3079492 3081854 3083361 3084994 3087955 3089588 3091213 3095424 3098408 3099889 3104682 3107878 3110269 3110783 3114979 3117069 3118415 3121646 3122594 3123473 3125343 3127447 3128666 3129663 3133963 3135262 3137618 3139894 3142843 3144314 3147046 3147743 3151038 3151679 3153001 3155777 3156406 3157577 3158223 3158930 3160693 3162245 3165931 3166774 3167905 3168992 3175234 3176841 3179999 3181847 3184605 3187742 3189828 3191583 3192901 3194156 3196730 3198136 3199163 3200763 3202080 3203534 3205821 3207361 3210021 3211379 3212411 3214508 3216307 3217887 3218998 3222429 3226552 3227372 3228489 3229772 3231043 3232957 3234430 3239280 3240942 3242470 3245977 3247880 3248936 3252430 3255243 3256588 3257455 3264963 3265800 3268553 3270553 3271976 3273682 3274502 3275462 3277564 3283092 3284417 3286183 3287570 3292529 3293517 3294434 3296361 3297958 3300224 3301977 3303937 3304816 3306942 3310712 3312082 3313803 3314860 3321065 3323617 3324745 3325666 3327291 3329103 3330313 3332621 3333888 3336997 3339772 3341939 3343126 3344159 3345063 3346684 3349474 3350683 3351988 3354009 3356714 3358171 3360098 3363746 3365639 3366621 3368075 3369047 3371373 3372194 3377947 3380080 3383498 3384753 3387976 3390593 3391470 3392928 3394027 3397662 3398892 3399802 3401345 3403139 3405364 3407255 3410747 3412366 3415017 3416181 3419402 3420583 3425490 3426640 3428934 3430193 3433080 3434185 3436101 3440328 3441581 3442432 3454614 3455887 3457008 3457769 3459232 3462776 3465296 3467797 3469195 3471420 3472730 3473667 3474783 3477434 3480120 3484387 3488703 3489860 3491243 3493518 3496607 3498911 3500300 3501363 3502307 3503258 3504646 3508776 3510930 3514286 3516053 3519526 3520654 3521593 3525376 3526581 3527568 3528569 3530684 3531952 3532801 3534483 3538134 3540152 3540853 3543074 3547226 3548836 3549935 3551542 3553129 3554550 3555719 3559070 3560041 3563447 3564557 3565611 3567105 3569620 3571679 3573475 3575255 3575981 3577263 3579284 3581958 3583326 3585248 3586808 3588932 3591483 3594086 3595697 3597301 3598068 3599312 3602864 3603597 3604492 3605622 3609214 3610989 3612910 3618676 3621053 3622314 3623572 3624289 3625163 3625896 3627234 3628096 3629516 3632568 3636246 3642623 3644681 3651609 3654901 3656987 3658299 3661643 3664441 3665926 3669829 3670543 3671710 3673285 3678736 3682830 3684391 3687069 3688949 3691350 3693970 3695972 3696746 3697671 3699404 3702875 3705967 3707621 3709574 3710745 3714001 3719362 3722284 3724489 3726235 3728927 3729781 3731008 3731812 3733824 3735998 3738939 3740565 3742472 3746751 3748589 3751079 3752256 3755712 3756769 3758370 3760598 3762343 3764001 3767213 3769807 3771402 3773179 3775446 3776829 3778137 3781927 3783749 3784504 3786083 3787288 3789396 3791254 3793725 3796280 3798113 3801388 3802256 3803087 3804304 3805329 3806625 3809260 3812043 3813248 3814559 3815994 3816892 3819324 3820677 3822288 3823512 3825400 3827708 3829550 3831013 3832384 3834753 3836826 3840360 3843328 3845539 3848782 3854440 3855693 3861572 3864830 3865517 3867482 3868868 3869547 3872517 3874992 3878635 3880837 3882306 3884527 3886251 3887282 3888852 3889780 3890656 3891776 3894689 3897341 3898494 3899347 3902821 3904797 3908085 3909364 3911480 3912472 3914929 3916683 3919877 3921045 3924418 3927120 3929409 3931438 3933762 3935850 3937951 3938549 3941263 3943052 3944023 3946939 3950047 3951305 3954236 3955344 3957141 3958164 3961724 3963465 3971688 3973282 3976717 3978637 3981342 3982933 3985382 3987906 3990061 3991186 3991971 3993158 3994153 3995745 3997333 3998605 3999908 4000693 4001435 4002564 4003377 4005232 4009662 4011780 4012823 4014696 4015293 4018398 4020671 4022047 4023557 4025671 4026883 4029645 4031287 4033070 4034583 4035509 4039311 4041669 4042701 4043498 4045823 4048192 4048908 4052343 4053435 4054362 4055944 4057662 4060183 4062784 4063668 4065781 4067096 4069214 4070284 4075478 4077399 4082639 4084298 4085855 4089389 4090845 4092556 4093367 4097181 4099164 4101775 4102774 4105040 4108075 4109524 4112794 4115759 4118478 4120068 4121524 4124627 4126429 4130719 4134209 4135564 4139325 4143230 4147132 4151409 4152440 4154755 4156403 4159696 4160394 4163888 4164753 4165733 4167327 4169669 4175092 4176596 4180202 4181105 4182103 4184200 4185374 4189589 4191130 4192367 4193716 4194379 4195527 4198023 4198902 4199639 4200870 4205742 4208334 4212244 4213850 4214612 4215389 4217121 4222420 4223873 4225269 4227487 4229493 4230373 4232054 4237259 4238073 4239084 4239913 4241672 4242826 4244983 4247325 4248180 4249525 4250345 4252044 4255225 4256607 4257679 4261284 4262917 4265340 4267775 4268856 4269699 4270994 4272066 4273811 4275108 4277023 4278024 4279360 4281021 4284110 4287651 4289438 4293507 4295491 4296455 4297680 4299636 4301982 4304797 4306972 4309057 4310751 4313263 4314696 4317035 4319537 4320692 4322556 4323603 4326662 4327775 4329127 4330748 4332689 4334997 4338127 4342540 4344164 4346827 4347887 4349601 4350774 4353789 4357172 4358728 4360477 4364695 4366966 4368128 4369564 4370602 4371626 4374499 4376146 4380155 4381078 4382081 4382914 4383785 4390527 4391934 4395031 4396117 4397456 4398980 4401159 4402845 4403663 4405319 4407720 4410564 4412440 4413632 4415128 4416240 4417675 4419722 4420455 4422098 4424326 4426311 4427945 4429859 4433361 4435198 4436481 4438035 4439505 4443126 4446158 4447122 4449733 4450690 4452374 4452984 4456153 4457602 4458802 4460335 4461448 4462518 4463710 4465781 4467737 4468448 4471579 4476110 4477302 4480079 4480915 4483032 4483885 4485424 4489064 4491982 4495053 4496378 4498152 4501841 4503460 4505273 4506299 4507809 4509420 4512574 4513940 4514980 4517562 4518740 4519562 4521112 4526760 4529166 4531666 4532721 4535575 4537106 4542295 4544243 4545156 4546433 4547685 4549010 4550833 4552836 4554999 4556437 4557936 4559372 4561203 4562449 4563198 4565759 4568555 4569636 4570540 4572563 4574414 4575395 4580860 4582466 4583420 4584347 4588715 4589720 4591256 4592726 4593521 4594604 4595519 4597117 4598622 4599999 4603325 4604948 4605706 4608085 4609360 4610286 4611721 4615090 4618078 4620225 4625805 4628072 4629135 4631044 4632528 4633207 4635561 4636374 4638038 4641795 4645327 4646647 4648028 4649888 4652630 4653638 4658159 4663528 4664995 4665534 4668317 4670841 4671588 4673948 4675153 4678620 4681164 4683469 4687549 4688751 4690282 4692460 4693827 4695068 4696391 4698606 4701701 4703089 4703967 4704922 4705909 4707636 4708421 4711071 4711809 4713433 4716637 4721019 4724541 4727260 4729004 4730595 4734555 4735909 4738891 4740636 4746196 4749298 4750198 4753241 4755576 4756866 4758949 4761436 4763053 4764388 4766519 4767768 4769990 4774979 4776428 4777013 4779299 4780589 4783674 4785787 4787494 4789932 4790985 4793751 4795243 4796874 4799718 4801053 4802525 4803917 4805230 4807037 4811164 4811764 4814875 4817556 4819101 4820063 4821477 4824219 4824905 4825879 4830712 4831849 4833491 4835760 4837683 4840928 4843527 4846364 4852421 4854304 4857786 4858571 4860159 4861799 4865270 4866650 4868625 4871278 4874259 4875274 4876968 4878512 4879334 4880997 4882736 4884301 4895932 4897372 4899764 4900763 4901677 4902771 4903944 4905648 4908790 4909578 4911277 4912520 4913428 4914774 4918128 4918953 4921641 4922784 4923819 4924754 4929932 4933254 4934191 4934988 4937292 4940561 4941337 4942118 4943962 4946437 4947462 4948213 4949621 4954121 4955558 4960067 4962325 4963520 4965480 4966806 4967707 4968615 4970179 4972037 4973736 4975235 4976430 4977692 4979871 4981040 4982887 4985375 4987110 4988968 4989740 4990734 4993040 4995153 4998172 4999905 5000817 5002700 5004134 5007706 5014798 5016351 5019081 5020227 5021780 5023003 5026795 5027793 5028587 5031982 5033218 5035688 5037363 5038474 5042506 5047157 5048361 5050777 5055471 5063292 5065121 5066760 5068254 5071141 5072332 5073403 5075252 5076438 5077960 5079480 5080573 5081295 5082962 5085750 5089204 5093456 5095904 5096735 5097895 5098870 5102951 5103893 5106616 5107471 5108389 5112749 5116575 5117809 5119178 5121363 5125026 5127714 5132368 5134611 5136396 5138138 5138969 5140442 5142238 5143198 5144181 5146168 5146910 5149465 5153040 5154637 5156067 5160801 5161966 5165624 5167267 5170323 5172419 5174936 5175861 5176667 5180050 5182474 5183737 5184524 5186960 5189159 5190479 5191856 5194460 5195606 5196702 5198089 5198965 5203437 5205937 5206986 5208142 5210875 5213024 5214619 5215450 5219678 5221564 5222491 5224759 5232739 5234846 5235801 5237118 5239106 5242347 5243672 5247044 5248728 5251020 5252043 5253088 5255419 5256658 5258432 5259639 5261653 5262549 5264237 5268713 5269593 5271997 5272896 5275206 5280855 5284145 5286925 5287690 5290436 5294928 5296209 5297328 5299233 5301791 5302978 5306179 5308428 5309456 5311673 5314019 5315922 5318399 5320070 5321211 5323196 5325786 5329489 5331024 5332224 5333845 5335446 5338794 5340032 5342258 5344511 5346314 5348489 5350279 5352944 5356696 5359292 5360810 5364745 5366356 5368578 5370394 5373938 5374791 5378645 5379284 5382056 5383531 5384912 5386900 5390795 5391806 5392467 5393344 5394643 5396104 5397728 5399120 5402631 5404005 5406243 5409358 5410758 5411901 5412727 5414540 5416369 5417711 5419673 5421192 5423222 5425469 5427129 5429302 5431274 5433566 5438528 5440434 5442752 5444090 5445796 5447032 5449587 5450797 5452376 5454377 5455679 5457823 5465005 5468670 5469543 5470563 5471688 5476701 5478449 5480130 5481799 5484868 5486149 5489768 5492340 5493316 5494497 5495434 5497734 5499704 5502668 5504375 5506421 5509148 5511942 5513483 5514424 5515791 5517247 5519549 5521712 5522483 5523694 5526142 5527276 5529848 5530660 5532377 5535497 5537281 5538931 5540097 5541268 5542673 5547935 5550444 5551279 5553063 5555476 5556978 5558786 5559910 5561198 5563497 5565010 5568221 5569275 5573561 5574966 5576392 5578729 5579525 5580297 5581671 5583522 5584378 5586389 5588119 5590144 5595749 5599265 5602016 5604098 5605132 5607822 5609215 5610883 5612314 5613351 5614521 5617203 5618424 5620059 5622548 5624066 5624987 5626055 5626917 5630360 5631178 5631874 5633539 5634779 5636819 5637631 5639939 5642561 5643490 5644370 5648684 5650553 5651686 5652518 5654475 5655784 5657831 5659462 5660552 5662646 5664215 5665830 5670563 5671833 5674481 5677725 5681120 5682860 5683616 5685333 5694982 5697583 5699121 5700378 5702203 5705702 5707411 5709202 5711990 5713136 5714603 5716094 5717394 5718757 5720188 5721073 5723583 5729035 5730733 5731532 5733324 5734560 5735936 5737341 5738294 5742249 5746240 5748407 5749454 5751790 5753970 5756615 5758862 5760020 5762139 5763935 5764797 5766553 5769203 5770572 5771584 5772890 5774454 5778073 5778664 5779525 5783803 5785248 5787535 5788810 5790074 5794316 5797356 5799628 5801678 5803137 5804109 5804912 5805687 5807671 5810003 5811539 5813538 5817542 5821043 5822374 5823200 5825299 5830905 5834537 5836035 5837643 5838749 5841547 5842380 5845009 5846501 5847276 5849566 5854611 5856569 5857784 5859093 5861418 5863162 5866972 5868044 5869219 5871382 5872426 5873402 5875527 5877745 5878620 5880245 5881362 5882562 5883762 5885475 5886013 5889812 5891657 5893336 5894827 5896193 5898957 5900182 5902068 5902913 5904243 5908107 5912438 5913751 5917017 5917870 5918964 5920853 5923438 5924787 5926184 5927374 5928434 5930143 5932446 5934861 5938800 5940829 5941507 5944035 5945548 5948538 5949782 5951924 5952800 5953989 5956338 5957288 5959728 5962179 5966312 5968808 5970270 5971903 5976020 5977965 5980447 5981879 5983565 5984348 5985277 5987550 5988603 5989618 5991066 5991936 5995260 5997252 5999790 6003033 6003839 6004861 6005877 6007707 6009858 6011473 6015878 6016935 6019329 6020276 6021821 6022626 6024439 6026811 6029005 6032370 6036014 6040185 6041598 6045937 6047674 6049129 6051727 6054798 6056044 6057090 6058254 6059394 6061217 6062154 6063527 6065159 6065802 6067422 6070132 6071314 6073673 6074915 6077149 6079075 6080275 6084002 6086369 6087966 6088907 6090751 6097260 6100648 6105983 6107213 6108736 6109771 6114013 6115126 6118621 6121157 6122173 6123447 6124278 6125524 6129275 6132355 6134221 6135257 6137146 6138376 6142239 6144577 6145980 6146674 6147724 6151261 6152269 6154029 6157951 6159896 6164342 6167635 6174389 6177039 6178941 6180369 6182189 6183131 6184174 6185483 6186544 6188426 6189805 6192230 6193225 6196302 6197608 6200709 6202369 6206625 6209691 6215025 6216400 6220664 6223462 6226533 6228215 6230519 6233688 6235878 6238848 6239935 6240567 6241633 6244276 6245005 6246744 6248262 6251471 6253005 6254003 6254824 6256736 6257924 6259496 6263145 6266454 6267304 6269724 6272066 6277451 6279091 6280944 6282499 6284327 6287223 6289023 6292765 6295323 6297447 6300340 6303847 6309214 6311003 6314586 6315591 6318512 6319983 6323416 6325023 6327698 6328570 6329767 6331175 6333969 6336950 6338563 6339740 6342415 6345142 6346181 6348101 6350574 6351085 6353347 6354786 6357619 6359778 6362951 6365392 6366793 6367602 6369142 6370063 6371771 6372945 6374969 6376400 6378095 6380305 6381879 6383489 6385508 6388246 6390920 6393346 6395119 6396704 6397353 6398448 6399461 6404394 6405398 6406783 6409630 6412149 6412976 6413523 6415002 6416983 6418313 6419366 6420199 6421477 6422795 6423667 6424556 6426428 6428275 6433442 6437676 6443136 6443892 6446209 6450745 6453074 6454035 6461306 6463395 6465262 6470501 6475563 6476824 6480307 6481223 6484883 6485525 6486168 6487582 6488624 6490046 6491077 6492120 6494943 6496153 6497693 6499684 6501700 6502856 6504480 6505214 6506579 6507987 6509128 6512207 6517388 6519115 6520049 6520817 6521628 6524649 6525889 6528375 6531258 6532817 6535356 6536254 6540254 6541674 6546503 6549558 6550251 6551662 6552796 6553834 6554500 6556290 6557939 6559334 6561051 6562070 6564496 6566089 6567905 6570060 6571549 6572192 6574194 6575272 6577306 6580666 6583153 6584108 6586083 6587832 6588838 6589664 6590832 6593676 6595928 6596833 6598251 6599397 6601059 6602242 6604183 6605159 6607206 6608913 6612875 6614159 6615533 6617874 6619868 6623338 6628588 6629620 6633705 6634768 6636469 6637548 6640549 6643560 6647045 6649320 6653137 6654401 6656229 6659623 6660561 6661578 6667359 6669726 6671680 6682267 6684971 6687278 6688522 6690825 6692350 6699996 6703402 6706807 6707629 6708971 6709863 6711018 6713794 6720609 6721548 6722298 6723050 6724904 6730425 6731978 6733475 6736858 6738798 6741459 6743299 6744706 6747700 6751532 6752796 6753680 6755932 6758613 6759369 6760648 6762873 6766051 6768639 6771429 6772261 6774060 6775647 6780203 6781352 6782108 6783087 6785430 6787289 6789503 6791158 6797219 6798661 6799985 6801675 6802572 6804152 6805720 6806316 6807281 6810428 6815605 6817478 6822136 6824299 6825871 6829785 6831985 6834266 6838901 6840707 6841841 6843289 6844843 6845805 6847019 6847887 6851397 6855051 6855868 6859487 6860989 6864264 6865421 6866446 6867535 6869549 6871403 6872457 6874343 6876585 6877737 6879204 6880918 6882171 6884327 6884871 6887187 6887593 6889223 6890106 6892742 6895740 6896652 6898017 6899228 6900921 6903913 6904927 6905999 6908019 6908952 6910631 6914233 6915611 6916742 6917669 6919647 6926521 6928185 6930123 6931655 6932527 6934242 6936873 6938911 6940243 6941429 6942865 6947388 6948421 6951763 6952979 6954455 6959324 6962075 6964558 6965615 6968949 6971146 6972158 6976040 6981482 6985669 6988348 6989709 6991962 6992576 6996158 6997995 6999360 7000824 7003910 7005136 7007561 7008845 7009858 7012149 7013093 7014448 7015501 7020134 7021322 7024052 7024797 7026233 7027580 7028751 7032374 7033575 7035047 7038599 7040090 7041474 7046194 7047994 7049565 7054489 7055726 7057205 7059091 7060637 7065134 7065786 7067366 7068854 7069869 7071207 7072470 7073878 7074603 7077262 7080030 7081846 7084156 7085269 7086441 7089062 7092519 7094498 7095117 7096162 7097115 7098701 7101599 7103472 7104846 7106179 7110355 7111325 7113512 7115243 7116436 7117892 7121321 7122972 7124069 7125199 7126776 7128927 7130411 7133082 7134480 7135519 7136831 7139710 7142329 7144426 7145666 7147846 7149594 7151246 7152802 7153541 7154995 7155942 7156830 7159517 7161787 7163225 7164658 7166036 7167422 7168552 7171759 7172840 7173805 7176369 7178184 7179986 7180875 7184151 7187392 7188606 7190546 7191942 7194321 7196413 7198477 7201598 7202398 7203184 7204307 7206204 7208311 7210212 7212676 7214946 7216113 7217214 7218075 7219518 7223054 7224741 7225911 7227125 7228266 7229706 7231260 7232288 7235401 7240268 7241096 7242826 7243426 7244073 7248536 7250105 7251317 7252439 7253245 7254245 7255492 7257043 7257891 7258579 7260906 7264501 7266024 7268260 7269684 7272530 7273499 7277317 7279959 7282313 7283230 7289675 7291329 7292284 7296153 7297714 7298656 7299909 7301540 7304056 7315564 7317614 7319952 7321328 7322651 7323955 7325546 7326526 7327505 7329366 7330579 7331557 7332834 7335056 7336457 7337531 7338681 7342019 7346118 7347638 7351317 7354411 7355721 7356689 7358721 7360211 7365703 7366764 7368105 7369727 7370987 7373322 7375131 7376446 7377148 7378485 7379114 7382034 7383407 7384490 7386410 7387336 7389446 7391745 7393498 7394580 7395660 7396605 7398414 7399105 7400927 7402585 7403625 7404690 7405597 7408498 7409296 7411922 7413071 7415050 7417013 7418047 7419088 7420787 7421992 7424466 7425680 7428775 7430250 7431681 7432940 7439239 7440658 7442115 7443150 7445258 7448672 7450459 7452246 7453330 7458613 7460043 7461375 7465070 7468761 7470586 7473204 7477953 7482867 7484807 7489178 7492270 7493797 7496310 7497410 7498620 7499755 7500693 7502274 7504724 7506655 7507632 7508603 7512322 7513411 7514291 7515761 7516847 7518189 7519366 7520579 7521350 7522576 7524216 7525478 7526842 7528209 7530254 7533643 7534717 7538411 7539956 7541744 7542710 7545744 7547091 7548075 7549962 7550907 7552216 7553007 7556188 7558146 7559224 7561452 7563142 7566398 7567273 7568363 7572929 7573953 7575687 7576926 7580099 7581418 7582465 7583570 7584293 7585969 7589001 7589997 7592035 7592704 7594932 7596609 7597826 7599890 7602046 7604121 7605415 7607694 7608494 7609998 7613277 7614361 7615154 7617047 7618185 7620068 7621312 7623447 7624350 7631825 7633035 7635546 7637100 7640744 7642119 7643317 7644254 7645371 7646907 7650509 7652388 7653741 7655338 7657252 7658228 7660074 7661046 7662689 7663771 7667596 7668171 7670569 7675467 7676981 7680168 7681049 7682240 7685228 7687787 7691897 7693401 7694250 7695157 7697872 7699397 7700311 7701498 7705007 7707128 7708352 7709701 7710648 7714521 7716913 7719192 7722067 7726306 7728762 7731357 7735278 7736259 7740142 7743862 7745927 7747312 7749704 7751679 7753008 7754931 7756533 7759419 7762995 7763919 7767047 7769832 7771435 7773257 7775424 7778356 7781154 7782446 7784532 7785458 7787545 7788440 7789270 7792080 7793678 7796684 7797964 7800177 7801597 7803198 7806586 7808232 7809044 7810361 7811442 7813029 7816080 7817432 7818577 7819736 7820615 7821698 7824136 7826143 7827851 7829538 7831069 7831843 7836636 7837962 7838813 7840598 7841588 7842851 7844891 7846422 7849237 7850252 7853333 7854695 7855710 7856995 7862326 7863227 7864589 7865455 7870427 7872548 7874518 7875267 7876364 7877417 7878308 7879663 7881365 7882368 7886443 7888309 7889323 7891374 7892540 7893673 7897336 7898140 7901869 7903235 7906540 7908809 7909648 7911050 7918758 7919411 7920000 7920907 7922311 7926895 7928682 7930130 7931041 7936359 7938227 7939868 7942087 7943408 7944122 7946947 7949876 7951104 7954673 7956409 7959002 7963965 7969057 7971331 7975166 7977748 7979109 7979909 7981279 7982761 7983656 7985583 7987080 7988501 7990897 7992552 7994834 7996494 8000150 8001095 8001998 8003904 8006793 8009521 8013929 8015314 8017576 8020693 8022585 8024537 8025320 8026845 8028228 8029349 8032554 8035437 8036993 8038536 8039335 8041824 8043016 8044990 8045851 8049338 8050383 8051862 8053589 8056341 8060522 8061205 8062617 8064162 8066217 8069801 8070949 8074706 8076239 8078574 8079372 8081799 8083037 8084208 8085466 8086605 8088107 8089186 8091739 8093605 8094717 8097292 8102031 8104664 8106039 8108433 8110050 8113030 8114898 8116258 8118330 8120442 8121447 8123111 8124401 8125759 8126990 8130222 8131346 8132921 8133997 8135518 8136166 8139047 8141079 8143718 8144841 8148744 8150695 8151662 8155971 8156922 8158432 8161694 8163251 8164638 8167318 8171236 8173811 8175019 8176576 8177431 8180131 8181558 8183141 8184598 8186982 8188746 8192352 8194201 8196143 8198099 8200326 8202302 8204159 8206424 8207122 8207931 8209166 8211110 8213279 8215369 8216028 8216950 8219111 8220298 8221486 8222490 8224270 8226726 8227659 8229608 8230688 8231620 8232832 8233807 8236182 8237357 8239169 8240478 8242051 8244724 8245880 8247084 8249314 8255713 8256670 8258924 8261878 8263084 8265092 8266545 8267408 8268687 8271723 8275008 8279129 8280735 8284380 8285826 8286774 8288349 8292358 8293372 8295654 8297546 8298310 8299028 8301193 8303077 8305901 8307976 8309837 8311223 8312429 8313363 8315253 8316752 8319671 8321188 8324334 8326045 8327131 8328852 8330330 8331466 8333110 8334038 8337503 8339149 8340634 8341267 8344967 8348758 8350814 8351648 8354949 8356054 8357101 8360298 8361439 8362311 8363114 8364144 8365331 8368274 8369965 8371551 8372788 8374694 8378475 8380348 8380862 8382597 8384924 8386630 8389310 8390486 8393509 8394603 8395814 8398487 8399100 8400747 8401966 8403708 8406179 8406698 8407879 8408877 8409829 8412815 8414366 8416348 8418832 8420525 8421349 8423007 8425674 8428026 8433554 8435800 8437938 8440826 8443441 8446393 8448337 8451022 8453653 8455591 8457602 8459444 8460893 8463039 8464881 8466934 8469137 8470323 8475039 8476784 8478211 8479569 8483811 8485370 8486449 8490211 8491052 8493908 8495390 8501310 8501910 8502678 8504586 8508485 8510171 8512993 8513882 8514892 8517053 8518973 8523496 8525550 8529350 8530910 8534134 8535386 8536870 8538596 8540669 8541868 8544755 8547434 8548882 8550367 8553351 8555115 8556964 8558025 8560131 8561118 8567528 8570217 8571509 8573583 8576859 8578692 8579634 8582061 8584815 8585823 8588180 8589252 8590846 8591737 8592549 8594257 8595221 8597888 8598931 8601979 8603181 8604556 8608778 8611562 8613248 8615573 8620885 8623125 8626610 8628982 8630191 8632354 8633110 8634698 8636223 8638128 8638993 8640990 8643336 8645643 8653706 8655377 8659344 8660703 8663126 8666631 8667874 8668484 8669683 8671306 8672592 8676138 8676787 8677434 8678425 8681053 8682113 8684607 8685710 8688904 8690182 8691908 8693874 8695711 8698472 8701340 8705180 8706458 8709574 8712354 8713637 8714658 8716383 8718181 8719086 8720229 8721199 8726042 8726925 8728746 8731141 8732741 8735199 8735986 8737493 8738341 8739829 8742925 8744130 8744961 8747621 8749132 8751055 8752003 8753562 8754335 8756566 8759092 8760956 8763619 8764543 8766761 8769873 8771686 8772469 8776357 8777441 8778871 8779867 8781957 8783979 8785066 8787144 8788669 8790129 8791396 8796644 8798352 8799768 8800993 8802214 8803754 8804415 8805423 8809530 8811269 8818438 8819878 8821120 8822793 8825012 8826063 8826943 8828350 8832299 8835598 8836533 8839056 8840261 8843609 8845066 8846835 8848161 8850323 8853074 8855232 8856928 8857879 8859285 8861034 8862991 8863834 8864492 8865656 8866873 8868867 8870734 8872426 8873054 8874518 8876673 8878103 8879242 8881610 8885740 8887469 8889234 8891065 8892184 8894138 8895575 8898464 8901335 8903927 8905926 8907301 8908569 8911850 8913014 8914413 8915087 8916128 8917734 8920916 8921665 8923689 8927068 8928868 8930449 8934050 8935814 8939539 8941811 8947158 8948080 8949187 8950099 8952112 8955396 8957228 8958916 8960262 8961328 8962582 8964648 8965428 8966384 8967496 8970288 8971157 8972883 8974599 8975749 8979169 8979878 8982105 8983098 8984056 8984769 8987596 8990437 8991703 8993486 8994413 8996683 8998943 9001552 9003378 9004532 9005819 9008169 9010613 9012805 9015990 9016726 9020620 9022359 9023693 9027149 9027921 9028948 9029699 9031470 9032715 9035440 9036712 9040188 9041332 9042662 9043805 9045217 9046435 9048844 9051806 9056949 9058689 9060534 9062878 9064678 9066471 9068628 9071161 9072193 9073300 9076615 9079085 9083216 9085681 9089833 9091065 9092628 9095003 9096544 9097966 9099193 9100128 9101470 9102311 9107337 9108992 9110974 9112219 9117705 9118760 9122023 9125088 9131085 9132981 9133990 9136407 9137833 9138868 9143018 9144970 9146685 9147554 9149684 9151865 9154655 9156016 9158201 9160565 9161798 9163087 9165690 9168109 9170720 9172269 9174383 9177592 9179728 9180536 9181639 9183304 9187006 9188425 9190475 9191010 9192308 9193463 9195532 9196679 9198146 9200015 9201786 9203837 9205010 9206397 9208156 9209356 9211925 9213483 9215409 9217978 9222762 9224336 9226409 9229633 9232343 9233129 9234286 9236177 9237232 9238418 9240825 9246299 9247466 9248560 9250489 9251952 9253353 9258232 9260876 9263742 9265083 9266783 9269302 9272319 9274285 9276362 9277317 9278627 9279471 9285540 9286521 9287886 9289513 9290974 9292865 9294065 9295120 9299265 9300484 9301603 9304326 9306222 9307690 9308498 9313820 9314737 9317554 9319489 9320295 9324156 9325339 9326492 9331002 9331846 9333065 9334869 9335927 9337671 9339179 9340211 9342101 9343544 9344682 9347035 9350188 9350943 9354647 9355716 9357649 9358412 9359493 9360503 9361902 9364547 9367370 9371010 9372410 9374522 9376376 9378526 9379910 9380627 9383407 9384488 9386910 9389941 9392091 9393268 9398246 9400553 9402397 9403535 9404144 9406967 9408425 9409926 9413464 9417638 9419829 9428066 9429511 9431307 9432012 9434020 9438613 9439795 9440788 9441751 9444067 9444835 9445577 9446780 9448594 9449753 9452629 9455059 9456161 9457436 9458397 9460268 9461490 9462770 9464427 9466360 9467527 9469409 9470639 9471643 9472278 9475922 9477021 9478148 9478816 9480241 9481181 9484083 9485762 9491115 9496485 9497370 9498391 9500119 9501948 9504609 9506586 9507623 9508735 9510127 9511842 9514608 9516200 9520102 9522802 9524035 9525386 9528374 9529679 9532353 9534710 9535920 9537123 9538159 9539450 9540933 9542989 9544690 9548286 9549932 9552299 9557074 9558501 9563083 9564202 9567205 9568117 9569162 9571809 9573292 9574770 9576209 9579485 9580383 9581740 9583834 9586416 9588730 9590460 9592005 9593192 9594345 9595680 9602406 9604327 9605184 9607096 9608478 9609482 9611706 9614373 9615139 9616356 9621952 9622715 9623942 9626039 9627403 9628396 9630602 9631501 9632781 9634709 9635853 9637326 9643028 9644551 9647472 9650127 9652298 9654069 9655523 9656882 9657851 9661610 9662614 9665850 9666772 9667871 9669083 9670078 9671966 9673032 9676231 9678689 9680557 9682727 9684997 9687382 9688245 9690125 9691900 9695402 9697954 9699230 9700255 9701703 9702653 9704043 9705106 9706762 9708912 9710737 9713455 9713995 9716531 9717332 9718859 9719707 9721685 9723741 9731135 9731920 9733110 9736706 9742731 9744116 9745603 9746482 9748441 9750168 9751475 9753748 9754717 9756361 9757367 9760780 9762390 9764268 9765479 9766795 9768360 9770940 9772883 9774545 9777309 9778268 9779042 9779876 9780898 9782608 9783594 9784816 9786595 9787144 9789032 9790354 9793030 9795255 9796318 9798696 9799757 9803242 9805004 9806205 9808442 9811320 9814591 9820524 9822823 9825270 9826433 9827158 9827982 9828965 9830258 9831217 9833187 9834719 9836405 9839691 9841160 9842894 9844739 9845949 9851478 9852024 9853609 9854982 9856822 9857587 9858862 9860665 9861924 9864355 9866916 9867804 9871800 9873648 9875991 9879096 9880438 9882439 9883960 9884686 9885751 9886997 9889240 9890645 9891904 9895564 9896848 9897839 9899221 9901985 9904832 9905605 9906831 9908180 9910744 9913340 9916448 9917318 9918465 9920169 9920941 9921614 9923135 9924334 9925207 9925966 9927750 9929522 9931941 9932805 9934339 9935172 9937362 9940913 9941689 9944573 9946519 9947922 9948700 9950552 9951989 9954628 9956234 9957474 9961954 9963584 9964916 9965645 9967064 9968110 9968736 9972909 9975496 9979669 9981481 9984970 9986550 9989036 9990454 9992475 9995140 9997062 9997974 9998787 9999903 
</Matrix>
<Matrix name="Neuron_441" type="complete" rows="1" columns="5173" multiplier="1.0">
   697 2750 3480 4637 5462 7344 9837 12328 15643 17350 18185 18896 19702 23171 26404 29122 30807 31641 32931 35938 36857 39037 40680 44689 46057 48236 52677 53701 55140 61401 62730 63674 65550 66852 67567 69225 71508 72626 74418 75311 76353 77064 78881 82536 86041 88358 89117 94626 95754 96865 100631 101173 103054 104006 109089 109844 111331 113023 114761 115668 121024 122463 124025 125744 127560 130995 131880 132861 133626 135146 136640 137820 138815 140086 142871 144040 144947 148247 152695 154245 158396 160428 161578 162536 163967 164960 166297 167345 168624 170634 171548 175515 176284 178726 179722 180695 181551 182719 183760 185570 187125 188536 189809 192598 195651 197147 198099 199402 200755 202495 204235 205858 207212 209199 210186 211829 215819 219504 221491 222435 223832 225607 228076 229214 231847 233196 234233 237313 238892 240265 241059 241794 244716 246009 247164 249584 250662 251512 255638 257050 258392 259611 261384 262393 263441 265951 270073 272204 273928 276310 280949 282601 285517 286036 286983 288050 289617 292443 296683 297733 299252 300827 301775 304007 305623 307477 308243 310333 311979 313280 316025 318322 322387 325789 326842 328054 329106 329772 331016 333607 335655 337384 340497 341374 343084 345684 347258 349620 352264 355940 357224 359433 360839 361591 363460 365391 366632 367327 368394 369188 371825 372817 374040 375657 377410 379764 381991 387908 389688 392942 394799 395607 397198 399946 402652 403820 404903 407076 408745 413892 416341 417833 420290 421148 422685 424474 426422 427451 429287 432384 434461 436040 441386 443629 444914 446894 449764 450773 452157 453579 455943 458533 459503 460421 465413 466556 467499 468812 471946 473389 474172 475592 477453 478283 479494 480598 483304 484262 485650 488506 490007 491476 493491 499827 500573 502286 504257 508334 513327 514136 514925 516013 518121 521631 523878 526248 527057 528848 530732 533399 534539 536542 537670 538763 543489 546056 549708 551956 553881 555819 559993 560734 566629 568037 568665 570434 572186 576605 577890 578703 581291 582622 584742 585459 588632 594292 595037 596235 597663 598640 599702 601951 605744 608087 609148 613882 615023 615732 619716 621548 624929 626882 628351 629905 630788 633825 635797 638406 645151 648931 649917 652231 654420 655221 656987 660523 662389 663924 664964 666054 667389 670239 672939 673622 675458 676387 678440 679093 680710 681718 686654 688171 689347 692650 693881 694631 696965 699578 701719 703702 705049 705848 706895 708519 712145 713773 714545 715964 718390 723421 724789 725707 727765 729361 730353 731211 736010 737724 740639 743091 744756 748061 751821 752698 754877 756906 759339 761773 762851 764263 769829 771123 773283 774431 776169 779365 780474 782104 783162 785117 787076 788396 789730 790588 792041 795247 796333 797551 798730 800492 803626 804527 806396 808348 810727 811495 812497 815382 818849 819928 821581 822335 823267 824916 825469 826921 828980 830765 831863 832996 834378 835655 836979 839864 841955 843341 845547 849040 851143 853156 854583 855735 856812 858353 860096 861857 862663 867014 869872 870939 872086 873709 877621 878560 880067 881751 883267 884903 888221 889456 890119 891664 893007 896145 897660 898332 900136 908182 911486 913098 914239 915017 917852 919567 921456 923457 925706 929634 931434 932389 934162 937274 939313 940393 941582 943536 944796 945661 946489 950248 953756 956033 960118 961247 965116 967797 969139 970127 971643 974484 976785 977616 979111 981547 984913 985912 987275 993697 995708 997029 998094 999603 1001660 1003080 1003960 1005172 1005999 1007708 1009461 1011348 1012273 1014045 1017491 1019494 1023989 1025720 1028166 1029509 1030475 1031877 1033870 1035016 1036565 1037402 1038640 1041012 1042152 1045902 1048253 1049981 1052000 1055602 1057681 1060578 1062411 1063256 1066287 1067068 1069283 1070254 1071679 1074367 1075380 1076175 1079682 1080775 1081618 1084056 1085028 1086831 1087799 1089553 1091490 1100065 1101731 1103827 1107335 1111843 1113836 1115394 1117557 1120547 1121965 1122950 1124451 1125547 1126492 1127328 1131368 1134797 1136860 1139909 1141796 1143884 1145083 1146560 1148810 1152022 1153030 1154961 1156868 1158582 1159166 1159948 1161936 1166736 1168126 1169294 1169845 1172830 1174284 1175238 1177099 1178218 1184017 1186038 1188968 1190246 1191686 1192633 1195838 1198185 1201026 1202613 1207165 1208957 1212575 1213789 1214986 1216191 1221331 1227146 1231026 1232972 1234601 1236931 1238123 1239276 1241591 1243493 1244522 1246171 1248207 1248955 1252369 1255883 1256696 1257851 1260538 1262348 1263271 1265075 1265961 1266960 1268596 1269652 1273683 1276186 1278188 1279026 1281607 1282397 1283676 1285051 1286638 1288029 1289235 1290390 1290947 1292850 1294762 1296045 1297493 1298789 1302109 1304846 1313200 1313870 1314633 1317621 1319228 1320593 1322859 1324055 1327533 1328614 1330626 1332951 1333623 1335336 1337239 1339126 1339868 1341121 1342314 1345483 1346641 1347538 1351159 1352335 1354056 1354768 1356486 1361063 1361787 1364277 1365772 1367298 1369252 1370710 1372533 1373657 1376518 1377311 1379712 1381606 1382567 1383286 1384299 1385384 1386457 1388676 1389859 1391251 1394628 1395363 1396288 1398223 1400249 1400876 1401758 1403051 1405261 1408741 1409761 1411984 1415125 1416971 1418323 1419303 1421412 1425097 1425892 1427937 1429175 1430528 1432193 1433909 1436512 1437697 1438436 1442276 1443442 1449731 1451555 1453006 1454835 1456101 1456916 1461727 1464495 1465503 1467718 1469432 1470257 1471706 1472808 1474201 1475340 1476313 1477109 1478219 1479526 1480677 1481983 1484046 1485515 1486590 1488463 1489686 1490966 1494365 1495803 1496589 1499604 1501299 1502447 1504795 1505853 1507978 1511058 1512229 1514774 1516972 1517895 1519095 1519685 1523035 1524512 1527163 1528287 1530209 1533429 1534876 1537551 1540386 1542565 1543396 1544729 1546425 1550353 1556676 1558614 1560669 1563422 1564347 1569196 1571184 1573902 1575181 1579935 1580757 1582128 1583651 1586083 1587991 1589216 1590327 1593149 1596895 1598436 1601260 1602923 1605583 1607009 1609280 1611047 1612145 1614030 1615024 1617888 1621985 1624434 1625413 1626673 1628915 1629874 1631905 1632838 1633863 1635116 1636998 1638958 1640623 1643392 1644147 1646697 1648770 1650987 1651841 1652954 1654940 1661643 1663214 1664835 1665790 1666935 1668982 1671482 1672184 1672934 1675141 1676604 1677733 1681657 1683134 1683853 1685110 1685967 1686735 1689518 1690584 1691635 1693470 1696215 1698726 1701651 1702731 1704131 1705607 1707040 1708141 1709095 1712912 1718177 1719490 1722217 1723465 1724898 1725823 1726902 1729770 1738233 1740407 1742982 1744533 1746438 1749912 1751502 1755346 1756368 1757248 1758235 1759891 1763334 1766739 1768131 1769302 1770662 1772327 1773558 1774231 1776176 1777785 1779498 1780484 1781198 1782297 1785312 1787289 1788701 1792268 1796493 1798302 1799742 1802663 1803956 1808548 1810142 1810744 1812193 1813430 1814502 1815538 1818636 1824092 1825228 1826876 1828578 1829020 1829953 1833311 1835658 1838377 1839619 1842334 1843649 1846031 1847373 1851668 1852493 1854531 1855672 1856594 1857219 1860516 1861378 1862448 1866927 1871950 1873719 1874868 1878698 1880693 1881506 1882164 1884287 1885025 1885943 1888409 1890336 1893403 1894270 1901701 1903570 1905974 1907550 1909448 1910844 1912526 1914154 1915677 1916877 1919490 1920945 1923116 1924520 1926615 1929210 1930096 1931581 1932914 1933993 1935567 1938877 1940200 1941564 1943829 1945471 1946244 1946910 1948786 1951977 1955954 1958240 1959277 1963075 1964256 1965698 1966788 1968417 1969798 1970783 1971447 1974740 1976419 1977705 1979053 1981714 1983110 1984212 1985010 1988208 1989433 1990532 1992202 1994731 1995966 1997183 1998285 2001465 2002056 2003417 2005670 2007035 2008217 2009036 2011031 2012381 2014259 2016534 2017317 2024293 2025117 2026574 2027592 2030630 2032268 2034838 2036555 2042651 2044171 2045825 2047034 2048330 2051683 2057064 2060600 2062334 2062908 2063524 2064829 2067172 2072110 2072972 2074475 2076545 2078382 2079313 2080684 2082773 2085586 2087401 2090692 2092134 2093767 2096456 2097947 2098495 2100093 2102138 2103158 2105261 2107442 2110239 2112918 2113938 2119009 2120203 2122846 2123785 2125565 2126885 2129063 2129909 2131176 2133260 2134478 2136724 2137325 2138843 2140280 2143020 2144819 2146299 2147636 2148320 2149932 2154048 2156294 2158017 2159477 2163191 2165542 2166907 2167946 2172046 2173303 2179022 2180348 2181084 2184949 2186713 2188552 2191144 2192094 2193406 2195654 2196637 2198775 2202697 2203566 2204486 2205993 2207567 2209876 2211999 2213039 2214269 2218574 2222011 2222913 2225119 2226015 2227738 2231252 2234033 2240745 2241986 2243406 2245257 2247987 2249843 2251278 2252051 2253530 2259889 2260643 2266190 2267583 2269003 2270449 2271720 2272380 2274495 2277531 2278532 2281038 2282663 2284199 2286566 2288019 2289818 2291261 2293534 2295417 2296780 2298731 2302314 2303244 2304760 2306975 2307720 2309002 2309656 2310531 2312003 2315553 2316152 2317587 2318885 2321427 2324506 2325226 2328647 2329825 2331499 2334193 2335848 2337538 2340116 2342661 2345886 2347257 2349685 2351207 2354180 2356015 2356761 2360848 2364215 2365827 2366790 2371677 2372933 2374961 2376337 2378342 2379394 2382953 2385222 2386323 2395542 2396474 2397712 2399057 2401924 2403173 2404161 2407568 2408982 2410774 2411878 2413905 2415547 2417367 2418535 2419413 2420892 2421992 2423589 2424896 2425851 2427523 2432243 2435176 2437397 2441596 2443784 2446803 2450814 2451895 2453600 2455320 2457779 2458527 2459478 2460840 2461785 2464099 2465563 2469455 2470651 2472268 2474457 2475387 2476496 2477393 2480427 2481601 2483344 2484520 2485315 2489173 2489917 2490876 2493947 2497341 2498710 2499766 2501977 2503985 2515078 2517229 2518015 2518951 2520703 2522634 2523797 2525313 2527547 2529867 2533247 2534675 2536571 2537266 2540086 2541383 2542017 2543394 2544113 2546437 2548821 2550541 2551950 2552765 2553767 2556202 2557158 2558002 2558630 2559823 2561900 2563790 2567801 2568783 2570877 2573372 2574372 2575848 2577523 2578859 2580995 2583939 2586101 2587342 2588577 2590155 2591760 2592942 2593591 2596552 2597704 2599292 2606048 2609332 2610779 2611710 2614880 2618531 2619956 2620829 2622057 2623767 2625590 2627113 2628169 2630227 2633745 2637550 2638804 2642011 2646273 2647038 2647904 2649489 2653021 2654706 2655860 2657663 2658714 2660313 2661205 2663281 2664759 2666053 2667530 2668476 2669758 2670993 2672919 2674810 2676174 2677140 2678896 2679601 2683748 2684748 2687455 2688697 2691567 2694463 2695854 2697127 2697975 2700136 2701091 2702174 2704525 2705589 2706988 2708105 2709688 2712297 2713791 2714840 2715306 2717459 2718658 2720158 2721292 2723579 2725404 2726594 2728751 2729909 2732094 2735571 2736260 2738088 2740407 2742620 2744158 2745427 2746435 2751939 2755821 2757101 2758246 2759186 2763435 2764711 2767622 2769838 2770509 2774226 2775252 2778712 2780319 2782469 2784435 2786375 2787639 2789464 2790591 2792443 2794772 2796315 2798090 2799873 2801084 2802493 2804607 2806188 2809105 2811202 2812301 2815263 2816805 2818098 2822211 2825606 2826618 2827879 2830246 2831217 2832298 2833668 2835891 2836566 2838039 2844650 2846553 2847896 2851515 2852185 2854706 2856001 2860033 2861289 2863054 2864845 2865994 2867250 2869347 2872179 2874427 2876104 2877976 2878883 2880666 2881469 2882589 2883349 2884169 2889812 2891028 2896047 2897182 2898614 2902114 2904630 2907281 2908806 2909476 2911481 2912694 2914169 2915094 2916463 2918645 2921325 2922261 2922948 2924833 2925877 2927049 2928080 2930000 2931545 2932391 2934414 2935566 2940482 2945758 2947112 2950473 2951713 2955517 2957724 2958518 2960488 2961584 2962952 2964113 2965748 2967039 2967988 2968857 2969756 2971813 2973251 2974376 2976982 2977774 2980311 2981355 2983139 2984576 2986065 2988454 2990192 2993349 2994638 2996689 2997544 2999403 3002019 3002825 3003744 3007340 3008301 3009795 3010538 3011596 3013598 3015570 3017366 3018956 3020617 3022631 3024195 3024830 3026073 3026858 3027591 3029214 3030758 3031933 3033882 3034491 3035949 3037125 3039098 3040472 3042044 3048505 3050042 3051797 3052545 3054488 3056385 3057685 3059451 3060581 3061486 3068712 3070334 3075687 3076854 3078682 3079463 3080444 3081877 3083759 3084543 3085762 3087411 3089425 3093317 3095408 3097261 3099068 3100303 3101218 3102565 3105643 3107332 3111365 3114576 3115485 3117675 3122293 3123034 3124730 3133548 3134812 3137976 3139309 3142567 3143467 3144281 3146236 3148357 3149340 3150566 3152261 3153695 3155677 3157878 3158724 3162371 3163783 3165198 3173616 3175764 3178934 3180328 3182262 3183935 3184848 3188760 3189546 3190405 3191912 3192771 3194417 3195401 3196581 3197720 3198735 3200763 3203436 3204771 3205850 3208307 3214994 3218084 3219749 3222046 3223705 3228299 3231264 3232786 3234106 3235316 3236950 3238766 3239736 3241043 3243712 3246025 3247001 3248499 3250691 3251626 3253119 3255302 3258220 3260221 3263851 3264593 3266792 3269160 3270215 3271760 3272735 3274062 3275721 3277142 3278225 3281502 3283620 3286018 3287232 3288507 3290253 3292034 3292993 3298205 3299450 3302454 3303891 3305617 3309295 3312385 3314359 3315255 3316756 3318547 3321877 3322924 3325398 3328153 3328850 3330538 3333004 3335156 3336372 3337021 3340522 3341223 3342758 3347580 3349320 3351271 3352530 3353492 3357905 3359257 3360800 3362334 3363766 3364383 3366714 3368373 3369361 3370939 3371751 3372527 3374235 3377727 3378581 3379371 3382945 3387576 3391876 3393204 3394088 3395942 3398013 3399877 3401568 3405754 3406928 3408308 3411149 3413793 3414645 3415827 3418768 3420440 3421607 3422814 3427076 3428781 3430428 3431362 3433455 3434762 3436118 3438932 3439818 3442321 3442996 3443964 3445060 3450765 3453310 3454772 3455940 3459290 3460607 3461573 3464083 3465226 3467907 3469807 3473640 3474480 3476279 3477661 3479844 3481511 3482327 3485153 3489335 3490774 3493088 3495001 3495904 3496518 3498696 3500292 3501709 3506500 3507136 3508285 3509870 3512927 3514949 3516634 3517975 3519477 3520328 3521238 3523741 3524609 3529006 3530509 3532131 3534391 3535483 3536986 3537777 3542849 3544202 3546184 3549236 3551130 3551907 3556004 3556857 3557683 3558933 3559919 3561548 3562737 3563587 3566339 3567374 3568193 3571217 3574087 3575514 3577999 3579229 3579860 3581278 3582504 3583833 3586018 3588792 3593403 3594882 3595542 3596507 3597969 3600561 3602755 3604733 3605490 3606468 3607691 3611250 3612949 3614556 3615627 3617482 3622348 3623394 3624517 3627245 3629654 3630933 3633751 3635864 3636869 3638116 3639952 3645540 3647032 3649765 3651603 3655526 3658728 3660954 3662300 3663777 3664367 3666123 3667387 3669700 3671145 3673307 3674194 3675178 3676417 3678453 3679998 3683691 3687075 3689500 3690960 3693173 3694667 3697021 3700552 3704065 3705667 3707550 3708458 3710812 3712016 3713424 3714468 3715742 3717685 3719075 3722628 3726952 3729164 3730507 3732735 3738325 3739488 3741418 3742154 3744183 3745134 3748205 3749482 3752226 3754850 3758505 3759801 3760622 3761369 3762874 3766207 3767679 3769050 3770079 3771489 3772559 3773852 3775403 3776592 3779886 3782271 3783324 3784038 3784951 3786313 3787526 3788795 3789705 3792521 3794134 3795413 3797810 3799196 3802308 3804542 3805807 3806917 3809080 3810330 3812195 3814045 3814908 3815937 3817266 3819502 3821257 3822260 3826064 3827265 3830819 3831608 3834699 3838527 3839407 3842244 3843730 3844729 3850654 3851569 3852344 3855596 3856306 3857450 3861574 3864695 3866805 3869860 3870851 3873077 3874043 3875666 3879194 3881632 3882597 3887826 3889761 3890950 3894743 3897000 3898657 3899407 3901673 3903594 3905697 3906838 3909479 3910757 3912091 3914512 3918599 3919289 3922604 3924311 3925671 3927865 3929249 3930295 3931485 3933743 3935302 3936502 3939044 3940490 3943201 3945438 3948746 3950824 3952294 3954197 3956572 3957923 3958652 3959948 3960724 3962364 3963609 3966782 3969447 3970391 3974555 3978311 3980457 3982020 3984203 3984873 3985782 3986392 3987359 3990804 3994383 3997209 3998745 4001160 4002142 4004504 4005941 4007714 4010400 4011255 4013488 4014607 4018022 4019492 4020834 4021604 4023295 4024479 4025698 4026956 4029569 4031392 4033076 4033894 4035909 4036866 4037852 4038492 4040767 4041894 4042952 4044407 4045570 4047969 4049162 4051009 4054315 4055524 4060535 4061387 4062361 4063504 4064288 4065040 4066256 4067303 4069594 4074174 4075336 4079165 4081243 4089743 4091923 4092536 4093438 4094775 4096790 4097646 4101563 4102518 4105263 4106862 4108239 4111152 4111982 4114630 4116036 4117550 4118421 4120403 4121763 4124020 4126655 4130045 4131838 4136084 4138690 4141060 4143372 4145162 4148047 4149112 4150155 4152432 4153426 4155232 4156543 4158201 4160937 4163966 4164714 4166723 4168634 4171142 4173193 4174926 4177549 4178579 4179572 4180633 4182102 4183197 4184541 4185937 4189081 4190136 4191057 4193203 4195175 4198708 4200840 4204991 4207478 4209870 4212889 4214023 4214788 4215696 4216994 4218045 4219542 4221580 4223680 4224933 4225719 4226607 4228881 4230431 4232254 4234019 4236860 4240613 4241388 4244442 4246040 4248878 4250625 4252374 4254070 4256693 4257830 4260233 4261174 4261805 4262755 4264803 4268358 4269549 4272644 4274484 4275972 4278710 4281754 4284352 4285746 4290091 4292531 4293714 4294935 4295788 4297005 4300391 4302100 4304167 4308506 4309113 4314049 4316024 4317025 4318416 4320397 4321192 4323350 4324634 4325734 4328232 4329599 4331327 4335035 4336384 4338224 4339342 4343335 4344466 4346097 4348211 4349345 4350072 4351084 4352767 4354129 4356053 4358837 4359571 4361999 4363162 4364407 4365664 4367089 4368053 4370461 4371781 4372627 4374118 4375045 4377076 4379283 4380416 4381828 4384766 4385697 4387043 4387777 4389663 4390887 4391746 4392626 4394123 4396706 4397781 4400119 4400740 4402230 4406366 4408463 4411535 4414078 4416143 4418608 4421791 4422547 4423353 4424600 4425591 4426581 4427777 4430146 4431880 4434446 4435762 4440136 4441372 4443866 4447096 4448598 4449695 4451829 4454165 4455521 4456828 4457694 4463668 4465589 4467555 4469176 4470654 4473628 4477055 4478315 4479242 4481594 4483326 4485030 4489137 4491060 4492192 4496999 4499010 4500469 4502237 4503469 4509401 4510547 4511911 4512968 4514102 4515014 4518168 4522210 4522958 4524969 4525907 4526742 4528416 4531081 4532860 4534715 4536830 4537725 4540448 4542635 4546128 4547254 4548394 4551049 4553261 4554324 4555425 4557922 4561094 4562019 4563869 4567118 4569246 4570342 4571503 4574304 4574830 4576757 4577825 4579376 4583562 4585463 4588585 4589361 4591561 4596731 4597956 4602887 4605357 4606073 4607957 4613081 4616078 4617152 4618804 4619746 4621129 4622374 4624075 4625950 4627317 4628734 4629611 4630377 4631147 4632749 4633662 4634761 4636105 4638095 4640392 4642258 4643740 4645136 4647496 4650938 4654174 4655662 4656809 4659499 4660291 4664386 4665633 4667503 4668701 4670478 4672245 4673834 4674938 4677904 4679313 4680470 4681972 4683991 4685942 4688081 4689819 4693002 4695350 4696636 4697799 4699030 4700690 4703313 4704550 4705824 4707449 4709448 4712548 4715971 4716782 4718236 4720098 4721055 4722071 4724068 4727147 4728608 4729668 4731895 4733060 4735512 4736248 4737991 4739501 4740412 4743523 4745769 4749633 4750692 4753196 4753853 4755356 4757935 4759238 4761631 4764187 4765762 4766591 4769904 4770902 4773810 4776662 4778949 4780654 4782769 4783554 4785239 4786699 4788346 4790611 4794430 4795198 4796865 4798140 4801201 4803409 4804571 4806800 4808709 4809795 4811473 4814016 4815011 4817374 4818183 4819305 4820604 4821761 4822949 4824383 4827377 4830109 4832053 4833317 4835019 4836242 4837503 4838681 4839858 4840409 4841528 4843365 4845026 4852197 4853434 4854991 4856453 4859709 4863306 4864820 4865642 4866136 4867471 4868624 4871052 4871878 4874527 4876319 4877355 4878165 4879298 4882412 4883870 4884919 4886099 4887302 4889752 4890735 4891772 4893895 4895224 4897637 4901361 4903560 4904617 4906850 4907829 4910246 4911868 4912638 4913551 4914400 4915548 4916317 4920480 4921739 4923741 4925705 4926813 4927567 4930889 4933394 4934652 4937090 4938461 4941722 4942535 4944408 4945454 4947575 4955810 4957683 4962067 4964487 4965842 4967251 4968638 4969635 4971302 4973296 4975133 4976382 4982031 4984107 4986295 4987127 4989937 4990640 4991940 4993653 4994542 4995352 4996679 4999764 5001944 5003794 5004938 5006733 5008685 5010516 5011950 5015701 5018621 5019322 5021100 5022444 5023286 5024367 5025876 5028262 5029919 5031646 5033226 5037662 5040122 5042263 5043736 5045117 5045933 5047384 5048416 5050079 5052405 5055684 5056946 5058386 5060420 5061456 5062534 5063499 5065460 5068276 5070097 5072809 5075351 5077523 5080371 5082354 5085991 5087788 5090929 5093158 5093681 5094565 5095716 5096722 5097969 5098763 5100179 5101537 5102308 5105343 5106813 5108585 5111075 5112110 5113905 5114857 5116214 5122622 5124569 5127353 5130189 5132960 5135602 5137121 5139190 5140051 5143238 5144527 5151862 5153594 5155248 5156120 5158020 5160390 5163615 5164994 5165892 5167229 5171279 5175008 5177767 5179529 5180153 5181843 5185653 5188035 5190821 5192007 5193849 5195579 5198184 5199301 5202028 5203847 5204733 5206026 5207238 5208323 5209000 5211646 5214026 5217736 5218456 5219284 5221753 5223875 5225473 5227452 5228088 5230481 5231525 5232603 5234092 5236320 5239063 5240045 5240706 5242663 5243982 5245510 5246408 5247914 5249914 5253930 5257438 5258351 5259034 5259955 5261515 5262908 5264949 5266517 5268012 5271605 5273691 5276062 5277734 5278702 5284082 5285550 5288131 5289883 5291276 5292524 5295502 5297121 5299136 5299941 5301501 5302443 5303136 5305040 5306385 5307672 5308644 5310249 5311066 5313086 5314282 5317813 5319122 5320121 5322166 5323310 5324347 5325073 5326255 5327832 5329071 5329942 5332999 5335304 5336563 5338948 5341908 5342707 5343435 5345962 5347995 5349757 5351201 5352898 5354526 5356325 5358449 5359381 5360525 5362922 5365240 5365800 5366360 5367751 5368571 5369718 5371864 5377560 5381081 5383152 5384815 5387200 5388238 5393967 5396625 5398956 5399497 5400862 5406128 5408472 5410349 5412618 5416634 5417713 5419101 5420154 5421513 5423958 5424767 5427421 5428330 5429920 5432186 5433349 5434755 5435914 5437731 5439111 5439943 5440754 5442342 5446979 5448425 5449679 5452906 5454591 5455321 5456164 5463486 5465316 5466313 5467942 5469021 5470573 5471604 5473083 5474338 5475533 5479015 5482301 5484869 5486701 5489321 5490442 5491288 5492600 5493755 5494714 5496468 5498422 5499873 5503762 5504719 5505460 5510582 5513892 5515099 5516435 5518961 5521480 5522606 5524236 5527664 5528786 5529788 5532512 5533945 5535189 5537933 5539605 5540772 5545703 5548298 5549052 5549963 5551587 5552758 5557713 5558921 5560689 5565254 5569945 5570705 5583186 5585101 5585788 5588031 5589638 5590692 5591568 5594257 5597053 5600385 5601602 5603542 5610006 5611462 5614349 5616132 5617493 5618707 5623761 5625357 5628710 5631057 5632807 5633758 5634445 5638259 5642130 5644147 5646285 5654188 5655450 5657759 5658711 5660097 5661679 5662514 5664707 5667286 5668467 5669732 5670442 5674916 5677443 5679471 5680609 5682046 5683479 5685146 5686780 5688408 5689385 5690282 5693239 5694327 5697623 5700078 5702398 5703449 5704589 5705948 5707069 5709709 5710776 5713041 5716563 5717330 5718854 5722471 5723222 5725283 5727597 5728406 5729202 5730587 5731335 5732821 5734830 5735488 5737747 5743504 5745150 5747983 5749332 5752785 5753633 5754777 5755539 5756704 5757428 5760182 5763402 5766962 5770437 5772406 5775354 5776376 5777518 5778707 5781121 5782341 5783266 5784494 5785075 5785967 5788566 5789590 5793647 5796945 5798927 5801540 5802277 5804462 5806548 5807799 5812500 5813515 5814943 5816435 5817597 5818430 5819121 5822308 5824950 5829237 5830938 5834042 5835240 5838308 5844600 5845963 5847021 5849167 5850494 5852138 5853308 5854165 5855365 5855867 5857174 5858030 5858903 5861232 5862021 5862794 5863720 5865372 5866393 5867477 5868256 5870689 5872065 5873497 5875008 5876437 5877434 5878386 5879433 5883970 5885632 5886603 5887571 5889301 5890398 5891627 5892377 5893036 5893840 5894591 5898354 5902311 5905023 5905861 5906637 5907532 5908372 5909380 5911947 5913643 5916514 5917648 5919572 5921166 5924754 5929408 5931453 5934045 5935703 5937184 5938423 5940411 5943608 5946292 5948327 5950853 5953323 5954289 5955671 5958763 5959961 5960968 5961773 5963287 5965202 5966018 5968697 5970985 5974106 5976882 5978288 5979031 5981149 5981957 5982706 5985727 5986848 5988564 5990025 5991895 5994565 5997401 5998436 6000278 6001045 6002144 6005509 6006862 6008673 6010335 6011377 6012775 6015010 6016116 6018752 6020718 6021225 6024379 6025391 6028200 6028885 6029804 6031796 6032352 6034047 6036578 6037513 6038389 6039256 6041746 6042602 6044017 6045590 6046387 6047049 6049735 6050983 6052923 6055522 6059225 6062851 6064045 6067209 6070796 6072460 6073254 6075293 6077774 6079180 6079899 6080732 6083077 6084088 6085956 6087170 6089424 6090261 6091723 6093796 6098338 6099706 6101497 6103458 6105296 6106610 6110436 6111627 6112958 6115067 6116495 6118726 6124628 6126099 6129039 6131627 6133003 6137213 6139068 6140492 6141539 6143956 6145409 6147445 6148557 6149828 6151762 6157259 6158155 6161324 6166851 6167909 6168918 6171033 6172997 6175959 6177202 6178288 6179599 6183292 6184242 6185619 6186992 6188189 6189180 6192897 6194485 6196482 6198532 6200373 6201527 6204746 6206453 6209104 6210714 6213339 6214626 6216891 6217948 6219252 6220193 6220766 6225182 6226360 6233282 6235006 6237865 6238954 6240269 6244378 6245321 6247699 6249858 6251583 6252430 6255811 6256728 6261537 6265307 6266875 6269953 6272971 6273985 6275515 6276892 6278654 6279414 6281173 6282107 6284431 6287144 6292570 6294553 6295619 6297557 6298487 6301163 6302563 6305096 6306117 6309466 6311852 6312931 6313963 6315652 6319167 6322721 6325392 6326609 6330039 6331105 6336065 6338241 6339045 6340016 6343893 6346397 6347205 6348441 6349253 6350522 6351671 6353672 6354836 6356509 6358023 6360590 6362713 6363899 6365074 6365797 6368453 6373207 6374119 6379502 6380771 6384609 6387570 6388516 6389920 6390553 6392519 6394248 6395129 6399297 6401878 6404479 6406298 6408400 6409420 6410897 6412476 6414047 6415564 6419131 6420104 6420978 6422083 6423026 6425698 6426832 6428383 6429847 6433327 6434911 6437717 6439720 6442314 6443759 6444506 6446397 6447317 6452419 6453638 6456491 6458584 6461577 6464652 6465669 6466952 6470815 6472486 6474575 6475596 6476540 6479115 6480919 6483859 6485799 6487645 6489304 6490467 6491279 6493012 6493931 6494763 6496596 6498058 6499700 6501281 6502229 6504279 6505758 6506429 6508171 6511177 6512074 6514174 6514835 6515875 6517582 6521919 6525649 6526597 6527730 6529268 6529842 6531195 6534082 6535468 6540202 6541268 6543719 6546624 6547581 6550307 6553291 6555130 6556832 6558959 6562936 6564080 6565920 6569368 6574542 6575633 6576568 6577906 6580086 6582084 6585375 6587794 6588848 6591319 6597875 6598971 6600264 6601593 6603193 6605873 6607112 6608297 6612657 6613709 6614617 6616426 6617764 6620649 6622684 6624344 6625780 6627607 6629809 6633363 6635493 6636353 6637930 6639934 6641764 6643660 6644441 6645653 6648672 6649737 6650768 6652507 6655753 6663499 6665701 6667185 6670884 6671737 6673797 6676303 6677534 6678401 6679986 6681378 6682609 6684865 6691649 6694521 6696003 6698144 6699240 6701129 6702520 6703724 6705035 6706352 6707928 6709281 6712653 6713369 6714368 6716250 6717354 6718681 6719381 6720142 6723088 6724728 6725514 6727470 6728986 6730593 6731351 6732236 6733329 6734675 6738261 6739353 6740151 6741889 6743014 6747959 6750393 6754903 6756362 6758345 6759505 6761313 6762110 6762874 6763681 6765552 6766976 6769306 6774859 6776364 6778704 6779654 6780676 6783276 6784564 6785958 6787938 6789151 6789872 6791136 6792897 6799196 6800182 6802091 6803224 6803916 6807952 6808708 6811194 6814148 6815438 6816051 6818343 6819651 6821228 6822392 6824210 6826060 6828778 6829816 6832509 6833868 6834914 6837321 6840513 6842611 6843804 6844440 6846843 6848178 6849663 6850618 6853415 6855019 6857990 6860300 6863296 6864610 6865424 6866153 6867558 6869480 6870735 6875774 6877430 6878797 6879977 6881284 6883704 6884973 6889539 6891572 6892417 6893573 6894593 6895393 6897171 6900496 6901399 6904043 6906325 6907156 6908538 6910561 6912276 6912750 6914300 6916629 6918429 6920300 6921504 6922607 6924601 6925802 6926849 6928032 6929854 6932948 6937575 6940777 6942936 6944361 6947954 6951498 6953920 6955059 6956857 6958129 6959474 6964507 6966629 6967798 6968586 6969565 6971107 6971920 6974368 6975797 6979450 6980630 6982605 6983893 6987407 6989188 6990931 6992335 6994398 6996827 6997833 6999986 7001488 7003324 7004573 7005639 7006506 7007838 7008974 7013243 7014597 7015792 7017259 7018533 7020849 7021742 7022457 7023149 7025525 7026841 7034151 7036109 7037678 7038644 7039540 7041068 7042007 7043851 7045802 7047733 7049106 7052345 7054078 7055364 7057144 7058057 7060637 7063653 7064610 7066112 7067371 7068314 7070009 7072423 7073433 7074940 7076964 7078069 7080142 7081422 7082971 7084544 7085906 7090492 7091473 7093633 7094740 7095951 7097137 7098352 7100189 7101166 7103063 7106606 7107525 7108901 7110729 7111636 7112569 7114824 7116678 7117871 7120128 7121492 7124113 7127489 7128636 7129919 7131239 7132302 7133698 7135572 7136625 7138131 7140400 7141346 7142018 7144528 7147013 7147785 7151167 7152068 7154588 7156490 7157527 7158050 7159773 7161382 7162402 7164059 7165228 7166169 7167170 7170930 7171654 7173166 7174100 7177015 7178641 7179219 7181775 7184625 7185521 7186576 7188322 7189795 7190719 7191394 7192164 7195570 7197439 7198333 7199411 7200147 7201531 7202789 7204033 7204771 7206391 7207347 7210336 7211701 7212850 7213573 7214694 7220493 7221923 7223708 7225624 7227953 7229287 7230201 7231075 7232662 7236701 7239421 7240226 7242075 7245026 7246112 7247414 7249958 7252204 7254717 7255732 7258426 7259288 7260184 7263281 7265170 7266891 7268206 7270923 7276169 7278108 7279633 7281200 7290820 7296322 7299472 7300938 7301970 7303611 7305028 7307910 7308606 7309990 7311516 7312531 7313145 7314893 7316723 7318251 7319738 7321395 7323212 7325022 7327541 7328917 7329887 7330929 7333540 7335073 7336657 7341190 7343448 7345051 7347079 7349766 7352680 7354869 7356577 7358879 7359938 7367795 7369772 7370950 7373780 7376448 7377425 7387049 7388464 7390431 7391795 7392723 7394164 7396144 7397425 7399243 7401010 7401606 7403902 7406680 7408708 7410556 7412691 7415663 7417975 7419549 7420682 7423782 7424596 7429714 7431186 7431972 7434194 7435238 7436578 7438010 7440239 7441475 7443157 7444253 7446127 7448394 7449554 7452084 7455518 7456535 7457562 7459014 7460699 7462111 7462828 7463710 7464627 7465418 7466118 7467021 7469219 7470417 7471719 7473495 7475667 7477201 7478668 7479400 7480070 7480859 7482500 7483567 7485825 7487508 7489820 7492309 7493488 7495385 7499205 7499981 7502204 7503496 7504888 7506072 7507030 7508695 7512424 7513837 7515189 7518236 7520506 7523416 7525013 7526423 7529044 7529539 7530844 7537020 7540434 7541195 7542077 7542904 7545843 7548072 7549107 7552116 7554643 7556311 7558509 7560630 7565516 7566506 7567748 7569117 7569980 7571504 7572361 7575239 7578062 7579079 7581151 7583022 7586058 7595890 7597796 7600132 7603513 7604195 7605060 7607577 7611227 7612860 7613728 7618080 7619670 7620987 7622124 7623685 7625551 7628318 7631020 7632245 7633033 7633965 7635380 7638416 7640725 7643375 7644682 7646754 7649863 7653358 7655556 7656741 7658358 7659290 7663106 7664020 7665179 7667183 7668761 7670172 7672022 7673468 7674393 7677121 7677838 7681152 7682784 7684625 7686705 7689840 7692519 7696445 7701318 7702604 7711572 7713078 7713993 7714748 7716618 7717699 7719010 7723288 7724181 7726158 7727477 7730197 7731557 7733083 7735089 7736491 7739504 7740438 7741798 7742770 7744820 7746194 7750071 7752005 7753805 7755147 7756769 7757989 7759456 7760913 7761867 7762624 7765946 7768702 7771351 7773211 7774787 7778561 7781069 7786726 7787912 7791087 7794479 7798618 7802284 7804546 7806157 7808322 7809178 7810088 7812569 7815010 7816486 7817756 7818572 7821042 7823062 7823802 7825143 7827359 7830973 7832352 7837422 7839073 7842714 7847326 7848186 7849942 7852099 7853959 7855372 7858605 7860626 7861349 7862528 7863585 7864510 7866876 7869029 7871084 7871938 7874691 7875411 7876511 7880331 7882805 7883692 7884764 7887774 7890557 7892417 7894048 7895070 7897171 7898164 7899985 7901029 7902578 7903584 7905348 7906139 7906753 7907620 7909163 7913566 7915083 7916453 7917332 7918666 7919738 7922170 7923410 7926548 7928480 7929645 7931718 7935267 7938063 7939171 7942452 7944673 7946260 7947108 7950227 7952551 7953173 7958125 7959362 7960703 7962254 7963310 7966612 7968220 7969325 7970128 7972631 7975731 7977096 7977961 7979899 7982578 7984946 7985666 7986628 7988063 7989997 7990721 7992015 7995288 7996697 7998061 8000807 8001662 8002856 8004003 8008245 8010187 8012615 8014223 8016057 8018086 8019486 8024349 8025186 8028519 8029306 8032495 8033655 8034686 8036156 8041152 8042741 8045258 8046213 8047178 8049613 8050577 8053151 8055706 8059399 8061496 8063657 8064820 8066357 8069093 8070155 8071584 8072243 8075889 8077436 8083564 8087606 8090703 8091905 8093410 8095622 8096545 8098096 8100896 8104107 8104886 8109944 8110773 8112655 8114685 8115952 8118059 8122159 8123748 8126642 8129360 8130818 8133802 8135770 8139853 8141828 8142763 8144350 8145490 8148473 8150211 8153698 8155403 8156207 8158576 8160054 8161972 8163267 8166004 8168441 8169570 8172635 8174522 8175534 8176666 8180598 8181963 8184098 8188634 8191412 8195864 8198423 8200788 8203029 8204299 8204947 8205447 8207534 8208686 8209625 8210754 8212818 8214662 8216176 8217829 8220550 8222203 8224186 8225075 8228767 8230526 8231116 8236300 8238191 8239233 8240287 8241799 8243818 8245413 8246397 8247092 8249369 8250064 8251115 8252131 8252884 8255949 8259719 8263810 8264774 8270074 8273261 8277293 8278097 8279121 8280438 8281692 8282905 8284731 8292285 8294379 8296136 8297722 8300222 8304064 8305690 8306932 8309521 8314665 8316907 8317996 8319018 8320811 8322106 8323003 8326803 8327917 8330397 8332455 8333488 8335600 8338062 8340464 8342014 8343058 8343890 8348095 8349666 8352631 8353802 8354833 8355465 8356903 8358575 8360990 8362338 8363416 8369086 8372691 8373948 8376284 8377374 8378019 8379102 8380015 8382269 8383138 8386601 8388785 8390651 8394512 8395713 8397969 8398834 8399490 8403372 8404582 8407355 8408657 8409688 8414182 8415258 8416989 8418739 8420594 8421692 8423680 8426912 8428206 8429447 8430717 8432234 8433082 8434286 8435240 8438541 8439879 8441195 8442049 8445676 8446458 8452152 8453236 8456124 8458228 8459097 8460945 8462712 8464748 8467355 8468806 8470165 8473004 8475533 8477089 8478291 8481544 8482363 8484378 8485870 8486648 8487818 8489153 8489880 8492921 8495265 8497566 8498326 8499044 8499553 8500990 8501830 8503589 8504628 8505402 8506420 8508383 8511467 8513558 8515674 8517442 8518672 8520166 8521953 8524480 8526422 8528550 8531453 8535747 8537592 8538909 8539908 8543010 8543957 8545110 8545911 8548068 8549012 8551998 8552889 8557420 8559282 8560213 8562819 8568776 8569989 8573041 8575453 8576813 8577991 8579621 8581172 8582013 8583582 8585597 8587892 8589679 8591884 8594824 8595848 8599019 8602950 8604175 8606831 8610283 8611988 8613284 8615971 8617780 8622277 8625305 8631699 8632665 8634612 8635294 8636966 8637848 8638795 8639964 8641317 8643842 8644776 8646361 8648653 8653927 8655247 8656692 8657843 8658673 8661295 8663361 8664278 8665655 8666317 8667278 8668098 8669792 8671267 8672087 8675592 8680073 8683195 8684828 8686561 8688236 8690443 8691212 8693597 8695375 8697120 8698586 8699583 8701991 8702851 8704482 8707611 8710566 8713560 8714638 8716110 8719427 8720766 8722272 8725942 8729843 8730306 8731849 8733880 8736206 8737208 8738898 8739767 8741167 8741902 8743144 8744637 8747008 8748649 8749924 8752183 8752845 8753685 8754736 8756603 8758309 8759878 8761744 8762753 8763826 8766322 8767499 8768987 8770277 8774736 8775396 8776948 8778191 8779080 8780204 8781174 8785081 8785759 8786651 8789813 8792063 8793339 8795238 8796022 8797300 8798298 8799326 8801296 8804607 8806369 8808230 8808929 8810281 8813041 8814118 8814778 8816455 8822455 8824055 8825999 8827143 8828160 8828880 8830101 8831446 8832287 8834098 8837149 8842058 8845568 8847128 8848311 8850075 8853100 8855316 8856135 8858023 8860089 8865469 8866214 8867551 8869106 8871666 8873221 8875894 8877202 8881683 8882856 8886292 8887328 8889706 8890736 8892947 8893696 8896302 8897624 8898998 8900827 8903655 8906604 8908838 8912585 8914184 8915454 8918033 8920929 8924611 8928228 8929688 8930773 8932558 8935166 8935781 8936490 8938049 8941281 8943659 8946069 8951120 8953946 8955239 8956733 8959254 8960166 8965486 8966702 8968146 8970951 8974064 8975465 8977123 8978914 8984410 8985348 8986192 8987434 8990683 8993946 8995310 8996629 8997312 8999541 9003195 9004776 9006232 9010197 9012715 9013451 9018631 9020807 9022243 9023542 9025980 9027548 9028970 9030962 9032144 9032935 9034295 9035846 9041193 9042560 9043153 9044148 9047125 9048471 9049856 9052502 9055477 9058387 9062732 9063854 9065070 9066989 9068189 9070387 9073245 9075200 9076776 9077751 9078228 9079435 9080453 9081427 9082712 9084792 9085885 9087800 9088804 9090095 9091550 9094807 9097814 9098330 9099308 9108567 9111476 9112651 9113559 9115158 9117053 9118827 9120626 9124463 9125654 9129439 9131689 9134507 9137215 9138034 9139842 9142117 9144352 9145226 9147341 9148629 9150844 9157948 9159598 9161972 9162775 9164653 9166071 9167580 9168907 9170709 9172195 9173682 9174929 9178192 9179791 9181116 9184784 9186897 9188968 9190962 9192474 9193381 9194481 9196817 9198086 9199933 9201380 9202642 9206361 9208109 9209662 9210778 9211920 9214559 9215523 9216253 9217280 9220124 9221295 9223424 9226015 9229285 9232886 9235199 9236952 9237871 9238926 9239906 9240780 9242359 9244257 9245170 9246589 9247622 9249330 9249993 9251333 9253150 9254415 9256370 9258255 9260166 9262214 9263313 9264955 9266365 9270819 9273522 9275193 9276370 9278775 9280054 9283030 9289673 9290880 9291886 9294562 9297903 9299449 9300892 9303121 9306360 9306904 9307939 9310210 9312872 9315844 9318244 9321538 9322301 9323146 9325200 9328309 9328860 9330243 9332442 9334070 9336325 9337313 9338539 9340585 9341293 9342511 9345285 9346348 9346889 9348166 9350543 9352010 9353027 9354802 9355567 9357257 9359930 9362190 9364093 9366130 9367432 9369367 9371401 9374401 9376279 9378630 9379677 9382943 9383682 9385816 9387336 9390798 9391928 9392788 9394611 9397140 9398502 9400110 9404198 9405203 9406575 9408587 9409911 9412855 9414438 9415235 9416228 9418434 9420485 9422223 9423388 9425319 9426123 9427838 9429991 9430917 9434585 9436291 9437959 9439983 9441687 9444542 9445710 9446828 9449045 9450507 9452942 9454098 9455620 9456639 9460457 9464564 9467504 9468580 9469987 9471398 9472356 9475653 9477093 9487133 9488053 9490221 9491469 9492544 9494722 9495749 9498590 9500499 9503395 9505268 9506384 9511599 9512249 9514512 9516746 9521611 9523206 9526148 9526717 9527851 9529396 9533278 9534267 9538697 9541278 9543931 9546116 9546882 9550327 9553165 9556201 9559453 9560443 9561754 9563302 9564387 9566324 9567679 9570106 9571852 9573030 9574191 9575478 9576310 9577414 9579117 9580328 9581796 9583185 9585641 9586543 9589831 9591073 9594943 9596246 9599959 9601270 9604093 9605371 9607818 9611174 9613610 9615166 9616433 9617840 9619344 9622268 9623243 9624697 9625805 9627815 9628954 9632146 9632972 9635876 9636954 9638768 9641219 9642751 9649180 9650476 9655887 9657591 9659111 9660564 9663331 9666890 9668681 9670810 9672311 9674889 9675676 9678410 9680314 9681271 9682168 9683968 9685423 9687441 9690006 9691361 9692494 9693314 9694135 9698021 9699616 9702963 9705520 9708134 9709046 9711188 9713260 9715434 9717118 9718939 9720401 9726680 9729133 9730896 9732563 9733328 9734143 9735183 9736198 9737071 9741258 9742488 9744274 9745637 9746922 9748455 9750476 9751691 9754899 9756388 9759532 9761054 9761857 9766200 9769512 9770309 9771211 9772371 9773955 9774989 9776399 9778710 9779579 9782169 9783430 9783988 9785314 9786468 9791538 9793187 9794273 9796585 9797326 9799202 9800230 9804503 9808282 9809548 9812840 9814873 9815790 9817593 9819246 9821304 9822591 9823581 9824651 9825579 9826884 9828617 9829876 9831242 9833818 9836224 9838501 9840034 9842223 9846002 9849326 9851004 9853478 9855376 9858580 9859774 9861402 9864622 9865587 9866716 9868787 9871057 9873490 9874503 9876379 9878289 9879783 9882548 9885543 9887609 9889130 9890863 9892031 9895243 9896060 9898335 9899271 9900341 9901466 9902868 9904614 9910509 9913661 9917760 9920117 9921720 9922936 9923824 9925976 9927238 9928483 9930019 9931869 9932752 9934052 9937673 9938371 9940430 9941798 9942879 9943689 9945128 9947018 9947859 9950347 9953214 9957085 9958509 9959603 9960715 9961666 9963985 9964900 9967254 9970316 9972609 9973427 9974616 9975542 9976371 9977274 9979073 9981127 9982217 9985052 9987092 9990455 9993219 9996090 9997392 
</Matrix>
<Matrix name="Neuron_444" type="complete" rows="1" columns="2710" multiplier="1.0">
   1265 10239 12212 13933 18181 20302 22708 26626 27757 34086 37813 38985 40829 44090 46116 49229 51642 57515 58587 63557 64819 68997 71007 74136 77240 81998 88645 90133 91838 93007 95178 97734 102094 104078 111082 112601 113644 119243 120521 122774 124827 128982 133211 137739 139697 142127 146393 149518 151234 153903 157496 160377 163646 165004 166583 171129 173468 175229 176680 178903 183943 185609 191376 195246 198848 201359 205340 211772 215119 220323 223598 226230 227221 234574 236351 238251 240276 241836 248633 253283 258444 260180 261958 269825 271256 272743 273786 276410 285781 289724 292510 294095 295765 299003 301733 303157 311491 318421 321942 323875 327869 329990 331874 335460 339732 343512 346411 349614 353382 355666 358368 360394 365924 368586 369829 377056 384149 390356 391485 393486 395237 398389 399556 402941 406900 408152 410236 420512 425260 426863 432791 434578 437333 439139 441357 443216 448335 451026 452226 453072 457123 462025 470343 472507 474714 490385 491093 502552 504561 506491 510857 514582 519939 532004 532981 540986 550440 554342 555871 563101 571040 575038 580652 583925 587351 589454 591531 592141 595315 596799 601891 604802 611264 614665 617368 623464 627776 631191 635674 643158 644222 645672 653513 657146 660268 661938 663644 664365 666559 677238 680509 682185 688099 694054 696268 703595 707664 710169 712642 715895 723376 742283 745162 748186 756024 760125 765506 767047 776111 778436 792074 794669 797901 815183 817788 819125 824471 826559 827560 829133 836496 844256 851709 856453 857706 859431 862408 864740 876000 879656 881776 883846 884484 887413 888702 892154 895300 898336 900832 903610 904876 911713 913233 917986 920148 924707 925964 926892 927972 930812 934337 938056 941908 946249 948132 952479 955521 957369 958664 960471 967164 972507 976451 981107 989057 993313 995518 999093 1002339 1007935 1011414 1015730 1023160 1029136 1041816 1044517 1045663 1047330 1056613 1058430 1059551 1060729 1086314 1089896 1094096 1098550 1101887 1103884 1106234 1107916 1121695 1123622 1126567 1136856 1141313 1147771 1152524 1156730 1162906 1165437 1168001 1169215 1181079 1182624 1188109 1189556 1191464 1193682 1195497 1196560 1200474 1201434 1204882 1206183 1207066 1212746 1215487 1221232 1227111 1231659 1234413 1236074 1241675 1242595 1246990 1248526 1250838 1257677 1260614 1264130 1265736 1267450 1276357 1278674 1280161 1281793 1285051 1288479 1294529 1296630 1298766 1300772 1302805 1307257 1311233 1314058 1315352 1323782 1326855 1336003 1345747 1351918 1353749 1355000 1356747 1358357 1359678 1363412 1365436 1367203 1369397 1376853 1378523 1379861 1381487 1383657 1390168 1391622 1397312 1401346 1403973 1411596 1416283 1428483 1430569 1433064 1436404 1437630 1443665 1449147 1451592 1453804 1458187 1460870 1463574 1468791 1470895 1473334 1478865 1480801 1483843 1485312 1486796 1489641 1491682 1499458 1501590 1503945 1509664 1520396 1523882 1526974 1528116 1529154 1531346 1532582 1534339 1535589 1537733 1542713 1545831 1548910 1553212 1555677 1556717 1557895 1561298 1568024 1571050 1572414 1573754 1586639 1594873 1597366 1598951 1601466 1604632 1607895 1610195 1611917 1615846 1620052 1623272 1627845 1630877 1633366 1644856 1647581 1654636 1656996 1658848 1662796 1673448 1680603 1685882 1688406 1690737 1693278 1696866 1699499 1701228 1704468 1708882 1710042 1715417 1718853 1720683 1723110 1728895 1732113 1734168 1735730 1738225 1739622 1747367 1755258 1761803 1768378 1772108 1779037 1780543 1783401 1784585 1789001 1793038 1794581 1803839 1806465 1807749 1813409 1815019 1818107 1823762 1825357 1829131 1831922 1834482 1838214 1843322 1850237 1853848 1855546 1859409 1862574 1866980 1869960 1871272 1881527 1883047 1883943 1890388 1892963 1893879 1900744 1904012 1910617 1912321 1913713 1916087 1923642 1930550 1932688 1933709 1951034 1953319 1954390 1956508 1958856 1960780 1972445 1976254 1978964 1982279 1986412 1987449 1988330 1990988 1992360 1996052 1998552 1999592 2006803 2008983 2011647 2020948 2022501 2026133 2035299 2038076 2041053 2042019 2043281 2044792 2047338 2050793 2054810 2059004 2065218 2067950 2070819 2071946 2078881 2079754 2085753 2087588 2088969 2090933 2097954 2100777 2111939 2113865 2118184 2124775 2127013 2133607 2136178 2140293 2145042 2153706 2156034 2158339 2162089 2167423 2168753 2172834 2179637 2181034 2186056 2198863 2202057 2204781 2205776 2206838 2209172 2209992 2219139 2224163 2237865 2241756 2249803 2251406 2255190 2256464 2257364 2259615 2261440 2266256 2267863 2270192 2273134 2274729 2279120 2290263 2292574 2296140 2297988 2299355 2305641 2310241 2314121 2315634 2318128 2324211 2326036 2329347 2333084 2334305 2335523 2339883 2343091 2344924 2350862 2353447 2354733 2360222 2363512 2366572 2368644 2371134 2372455 2375883 2378212 2379557 2383948 2385970 2388247 2390143 2391700 2393708 2394905 2402311 2404137 2407030 2408956 2413813 2416375 2420611 2422256 2424416 2428257 2432186 2437935 2441097 2444640 2446399 2448886 2451044 2456400 2457761 2461615 2463403 2469358 2470944 2479309 2483136 2485383 2487639 2488850 2491179 2495053 2496492 2499232 2501039 2502006 2507227 2508345 2511223 2514024 2519318 2526832 2528981 2534793 2540783 2544548 2547739 2550809 2552095 2555866 2564544 2568387 2569551 2574429 2580951 2594391 2596345 2598191 2600455 2602850 2605903 2625585 2626891 2639391 2644052 2646684 2649784 2651126 2663265 2664889 2670662 2677779 2682376 2687913 2689495 2692775 2696560 2700175 2707393 2710674 2712999 2718211 2719118 2721406 2724258 2732085 2733744 2734437 2736307 2738402 2747855 2751288 2755576 2761622 2765650 2769922 2771078 2772156 2775685 2778611 2780166 2785108 2786380 2789936 2797199 2800388 2804270 2806672 2809365 2817721 2823687 2824843 2828828 2831040 2832049 2833027 2835017 2837121 2838740 2839788 2841759 2844654 2845725 2847636 2848393 2853396 2858297 2860551 2862779 2864845 2867315 2871021 2872205 2873619 2874715 2878400 2881308 2882597 2883750 2884932 2888376 2890678 2892444 2893821 2896275 2897710 2899697 2901246 2903960 2910914 2913221 2915086 2915990 2917367 2918707 2921547 2924504 2927249 2928448 2930745 2939703 2943269 2949519 2952850 2954215 2960090 2961182 2962298 2966809 2971549 2976191 2979057 2988864 2993723 3001167 3004753 3009584 3012260 3015173 3016853 3018699 3020185 3023534 3025048 3028611 3032125 3035749 3038664 3040526 3042857 3046087 3053957 3057265 3066003 3075793 3078525 3079611 3081534 3085256 3087142 3090271 3093712 3096310 3098249 3100683 3105280 3106827 3108120 3111459 3113954 3115242 3118286 3126575 3133559 3135886 3137825 3140346 3149038 3157169 3160170 3163259 3166072 3168873 3170037 3176820 3187385 3191561 3194430 3198233 3199426 3201795 3209949 3212526 3214981 3216428 3219880 3221480 3223797 3227461 3232875 3236912 3243680 3247011 3250401 3254225 3257456 3260150 3272530 3273711 3276892 3281186 3288613 3289960 3292257 3295939 3301809 3305761 3313107 3316002 3322656 3327198 3330450 3331947 3334543 3339374 3340446 3345582 3348324 3350860 3353457 3355394 3356406 3362050 3363604 3365905 3367561 3369334 3372127 3377523 3378905 3381174 3385579 3387474 3389682 3390813 3391890 3393188 3399582 3404212 3405796 3407049 3410193 3412425 3413603 3416977 3420106 3421748 3425606 3427400 3428711 3429982 3431185 3440848 3444021 3444931 3450793 3455436 3456674 3469471 3470375 3473420 3481892 3492769 3502542 3503959 3507233 3508218 3514437 3523062 3527483 3536379 3538743 3542306 3543261 3546465 3553745 3555365 3557597 3559435 3562439 3564318 3569376 3571242 3587938 3592118 3594408 3598350 3605832 3606953 3607991 3610794 3617932 3619837 3623464 3627383 3630037 3630921 3634429 3638186 3641184 3652655 3654762 3662407 3664909 3668281 3669397 3674263 3680458 3682677 3686530 3687881 3695217 3697412 3698666 3700711 3703119 3705531 3706857 3708206 3710300 3711439 3715007 3718397 3719555 3722866 3724179 3727099 3730157 3731341 3732791 3733857 3735195 3736226 3740861 3742966 3744831 3746058 3753076 3755962 3760054 3765918 3768777 3775596 3779242 3780096 3784598 3786632 3794494 3796174 3797198 3801184 3803297 3808724 3812011 3815582 3816987 3819090 3820246 3825235 3826381 3827535 3829762 3834558 3838058 3843160 3846575 3850409 3852888 3854296 3855686 3859298 3864196 3871082 3871781 3875339 3877985 3879420 3880918 3887063 3889951 3892696 3900407 3903913 3907687 3910629 3912211 3923294 3925971 3931045 3932410 3935477 3937228 3938895 3942853 3950507 3953099 3955652 3958291 3959987 3962762 3969525 3977708 3982265 3986646 3990227 3991892 3994385 3996367 4005200 4007664 4010841 4022507 4024758 4028857 4030471 4031685 4038142 4040730 4042217 4043956 4049784 4051675 4054949 4056651 4059680 4065039 4066189 4070033 4071690 4073378 4075871 4077838 4086406 4087114 4088625 4092263 4095877 4097006 4102945 4104424 4105288 4107434 4117796 4123995 4125337 4135694 4137497 4140669 4141486 4144187 4145129 4146903 4152936 4159287 4161337 4166965 4168689 4170474 4175068 4177455 4182475 4184053 4187657 4190690 4194039 4196275 4203358 4205614 4206861 4210316 4211601 4213208 4217623 4219653 4221968 4225830 4228010 4232089 4235442 4236950 4242423 4249853 4251932 4256630 4258617 4263555 4268759 4270207 4273100 4280744 4283660 4286286 4287998 4289797 4295375 4297920 4300847 4303357 4307599 4311586 4312799 4314531 4315220 4316831 4320101 4325400 4332743 4334291 4335309 4337974 4346134 4347580 4348902 4355354 4356741 4357955 4359169 4360441 4364681 4368369 4382077 4392278 4396294 4400353 4403897 4405088 4409396 4412293 4414504 4419542 4421182 4424336 4428804 4430648 4431987 4433805 4439275 4443869 4445732 4447959 4449796 4460349 4464341 4465942 4478288 4486478 4492658 4499457 4500799 4503300 4506563 4507937 4509894 4514294 4517872 4532227 4542251 4544707 4547538 4555785 4557600 4563463 4570228 4571843 4574337 4577250 4579496 4580926 4583119 4585262 4594324 4595936 4599192 4601911 4603570 4605856 4608859 4612386 4613611 4614759 4615572 4616645 4619406 4623049 4627767 4631079 4632836 4634802 4637081 4641320 4642505 4644479 4647283 4651745 4652685 4654190 4659984 4662162 4664199 4665966 4669166 4674402 4681686 4685291 4687977 4693803 4698280 4700901 4704894 4706061 4706924 4714409 4720173 4728138 4729309 4736890 4738419 4749260 4751752 4754487 4758471 4763365 4768281 4771543 4773858 4776712 4778016 4780191 4781577 4782826 4785600 4787212 4789747 4791279 4792705 4796263 4798860 4801264 4805536 4807148 4812573 4815555 4819978 4823424 4824536 4825973 4826798 4830586 4832482 4839887 4842019 4843137 4845452 4847320 4852402 4856002 4858300 4859441 4862346 4865709 4870234 4873042 4873747 4875175 4879351 4882290 4883609 4891609 4892729 4894210 4903657 4908314 4913397 4917337 4920899 4924486 4926249 4929704 4931201 4933523 4937109 4940376 4942912 4945001 4948666 4952839 4954216 4955381 4956761 4957859 4968784 4971422 4972395 4982518 4987869 4990448 4997041 4999780 5011488 5012870 5028599 5033045 5034086 5037347 5041151 5049396 5057503 5059213 5062632 5069570 5072758 5074833 5079127 5080698 5089293 5092594 5094394 5097247 5100367 5109375 5110673 5120108 5121425 5129492 5131167 5132506 5136307 5137049 5141278 5143373 5144741 5147614 5149808 5157102 5159374 5161018 5169854 5173555 5178203 5181425 5183920 5187189 5192626 5193638 5195449 5202796 5206190 5209259 5212569 5214065 5216341 5217584 5219828 5221070 5222756 5224685 5232108 5234644 5238988 5244528 5254662 5262619 5264112 5265913 5269415 5273312 5276762 5280523 5282357 5293829 5297456 5304347 5308517 5309533 5312139 5313410 5314507 5319688 5322419 5330673 5331853 5342017 5344053 5350256 5351601 5353252 5358870 5360002 5362500 5365204 5366601 5367342 5374980 5375814 5379243 5380965 5386598 5388499 5391578 5393883 5396171 5397275 5401082 5403266 5411858 5418661 5428916 5431739 5438986 5441606 5442866 5448270 5452267 5456724 5459927 5462565 5463523 5468837 5470133 5473267 5476310 5479014 5480368 5488323 5490586 5491984 5502500 5504683 5510168 5511166 5519688 5520892 5523102 5529226 5534729 5540491 5544660 5547106 5548915 5550110 5552102 5552940 5557511 5566613 5581785 5587222 5588127 5590408 5600213 5615039 5621330 5626819 5629624 5631729 5634202 5639150 5640801 5642963 5644040 5648360 5649840 5652906 5655392 5659836 5662686 5665757 5667428 5671543 5672747 5677502 5679319 5681727 5687049 5688825 5695963 5697718 5699252 5700629 5703556 5707012 5715469 5720059 5721306 5723304 5734212 5742825 5747314 5756409 5758253 5763130 5764431 5766060 5766736 5770665 5771954 5774777 5780924 5783665 5786783 5787878 5789047 5803569 5807057 5808969 5812896 5814203 5815028 5822284 5824484 5825243 5828112 5834644 5836370 5838375 5846349 5851974 5855706 5864899 5878870 5881960 5882937 5888606 5890087 5891013 5893569 5899172 5904160 5905143 5905978 5910640 5916827 5920306 5924681 5925663 5926732 5927911 5932134 5935253 5936650 5939941 5946463 5947973 5951692 5954367 5957752 5961080 5966401 5973723 5975845 5981199 5983059 5984250 5988513 5989946 5991616 5994765 5996578 5998518 5999738 6004597 6006838 6012197 6015079 6021092 6023267 6025209 6026464 6029134 6030376 6032047 6038350 6043285 6056982 6060562 6062517 6065429 6066773 6070525 6073240 6076022 6079265 6080721 6081629 6085001 6089058 6093495 6095125 6096858 6099146 6106035 6108614 6114406 6120194 6123135 6124437 6132129 6137711 6138781 6147310 6148126 6155059 6156570 6160065 6160997 6174477 6176367 6179331 6181402 6182060 6186135 6193404 6201007 6202334 6208752 6219088 6222929 6228242 6236270 6239516 6244648 6245730 6248123 6253408 6265156 6267269 6270477 6272975 6274051 6275821 6280103 6284019 6285559 6287886 6290450 6294736 6298430 6299589 6302399 6311111 6318283 6318926 6321852 6324498 6330089 6333033 6336202 6341403 6343752 6345077 6347390 6350454 6351983 6354522 6358163 6359708 6361544 6366509 6368903 6372909 6374299 6376055 6376835 6378944 6380344 6382177 6384751 6386084 6395348 6400964 6402611 6407516 6414069 6415489 6417225 6419281 6422725 6423832 6426986 6427807 6431216 6435330 6443621 6447992 6450921 6456072 6459290 6468967 6471920 6474825 6476356 6481593 6482460 6489244 6491443 6495465 6500521 6502387 6503829 6507535 6517864 6520642 6526760 6535261 6540200 6541374 6542799 6547083 6553244 6556379 6560094 6563109 6564173 6564977 6573794 6575197 6580800 6585949 6588465 6589551 6594163 6597509 6613377 6616282 6617871 6620114 6622935 6630116 6631433 6634322 6635591 6640186 6642065 6643488 6649670 6652612 6655215 6657556 6660338 6661975 6671026 6673821 6675257 6678082 6680118 6687555 6694234 6696516 6704623 6711637 6718459 6731016 6733872 6737870 6741300 6743307 6745003 6753484 6758202 6761585 6762631 6763784 6769693 6783187 6787216 6791314 6793147 6796906 6801561 6802348 6803363 6806946 6808714 6815952 6817354 6819010 6826164 6826992 6827710 6830514 6835232 6838162 6843297 6845360 6858741 6862619 6864600 6867191 6871170 6873326 6877586 6888992 6891736 6894678 6896424 6901506 6907254 6909259 6914368 6922313 6923259 6924789 6931960 6937968 6940416 6942476 6944400 6945528 6948294 6949518 6961500 6965495 6968910 6970168 6973338 6976748 6978345 6983718 6985426 6989060 6995327 7002870 7005601 7007687 7009860 7011525 7013241 7017413 7021551 7027571 7035967 7047188 7051489 7053622 7056166 7062974 7066785 7075302 7078092 7081537 7084396 7086126 7088311 7089044 7094422 7097629 7101410 7107806 7109431 7113852 7117658 7119114 7124695 7126223 7127812 7134307 7141565 7143141 7147986 7151271 7157272 7161773 7163456 7168941 7171189 7177776 7184546 7186896 7191904 7195014 7199914 7204302 7210414 7213946 7217634 7221118 7225586 7230349 7240762 7250951 7260562 7270439 7280384 7283189 7285035 7289395 7291023 7293550 7299192 7304480 7308297 7314082 7317261 7318521 7319890 7322670 7323741 7325348 7331669 7335461 7337179 7342291 7343954 7348511 7349988 7351200 7353994 7358403 7360097 7363504 7368650 7369882 7378817 7382354 7384139 7391654 7394714 7402068 7404189 7409547 7414174 7420674 7421389 7424510 7427568 7430659 7432518 7434364 7436058 7443629 7449238 7451128 7452983 7455572 7459346 7462799 7464562 7466442 7467724 7468890 7470760 7472788 7479066 7481487 7488392 7492066 7495029 7497710 7502533 7507037 7508118 7511980 7513660 7519890 7521348 7523186 7525221 7528875 7532014 7534568 7535217 7537011 7538067 7541438 7545118 7546871 7548296 7549736 7551259 7552456 7560030 7562595 7573046 7578932 7583388 7584694 7587048 7590617 7594017 7595081 7597552 7601007 7604652 7611612 7615994 7617585 7622486 7624079 7636413 7646285 7648263 7657761 7659875 7663563 7665160 7670619 7671809 7673993 7681253 7684598 7689741 7692000 7703753 7713194 7715360 7721131 7724553 7726996 7728135 7728995 7736889 7739694 7741082 7744700 7748546 7750987 7753545 7756843 7758665 7762910 7778092 7781423 7783947 7785995 7790515 7792699 7796225 7799675 7806013 7811846 7815403 7816731 7818085 7823390 7824880 7826279 7827848 7828866 7833362 7835175 7840278 7841727 7849502 7852718 7855157 7858336 7862037 7864326 7868334 7873331 7878787 7880391 7882127 7884615 7889029 7893259 7901121 7909409 7911855 7913536 7914678 7917185 7919080 7925574 7935372 7939638 7941431 7945409 7946917 7948611 7951443 7952872 7954330 7958327 7960865 7962138 7966858 7968472 7977147 7979245 7982307 7983624 7988849 7989630 7994626 7997302 7999079 8002897 8005695 8007880 8011810 8014604 8019305 8020415 8024634 8030272 8033139 8044639 8047007 8055136 8056146 8059399 8061891 8066920 8069285 8072727 8075684 8083050 8092922 8095107 8096839 8099965 8102974 8106746 8113249 8116301 8120786 8125644 8132956 8135191 8137141 8138129 8141443 8145512 8149512 8151789 8154616 8157706 8169383 8171410 8172719 8180314 8182763 8186223 8189826 8195097 8196114 8200827 8205729 8207997 8208826 8212324 8222685 8225986 8227054 8231125 8235127 8236720 8240046 8244889 8246079 8248248 8255080 8259827 8263134 8266148 8267908 8275706 8279540 8284910 8290496 8293405 8301716 8302556 8304695 8311615 8318166 8320317 8321362 8322766 8324454 8326154 8329196 8332882 8336275 8337582 8339411 8344288 8346744 8348955 8350205 8351226 8352480 8354732 8356237 8366326 8368025 8368734 8371316 8374663 8376739 8377810 8379457 8387503 8389184 8397285 8401468 8405142 8410310 8413962 8415690 8420049 8422593 8424463 8426723 8431362 8434415 8435042 8437698 8439184 8441688 8446244 8450478 8452435 8458914 8462365 8463780 8470448 8475735 8478059 8482587 8484713 8489896 8495458 8500189 8502003 8503809 8505860 8509270 8510479 8511974 8516665 8518612 8520811 8529727 8531065 8533200 8535316 8536683 8541133 8542312 8544831 8552450 8557882 8559914 8562598 8567007 8571340 8572724 8575942 8582889 8584564 8587421 8594851 8597599 8601863 8606341 8607894 8611575 8620038 8622481 8630077 8633023 8635925 8638777 8642434 8646902 8648429 8649390 8652314 8660070 8663325 8666867 8670505 8672926 8677824 8684428 8685857 8687919 8694086 8695526 8698914 8705106 8706843 8709502 8714086 8717356 8732131 8735809 8740306 8744003 8748151 8750538 8752699 8755181 8758445 8760352 8763140 8764859 8770119 8773062 8777181 8789901 8793252 8795794 8798207 8809012 8811956 8814785 8817268 8818828 8820128 8828242 8829972 8833228 8834598 8835724 8837556 8840286 8842533 8843872 8844838 8846384 8848654 8855883 8859061 8860102 8871584 8874377 8877231 8883548 8887016 8888198 8890589 8892039 8892915 8897837 8900927 8911815 8917092 8920523 8921950 8926483 8928676 8933239 8936882 8939523 8942790 8945420 8950179 8952120 8955986 8957689 8967509 8979094 8984070 8986075 8988725 8997740 9000139 9005189 9009038 9010823 9012311 9014235 9019342 9024719 9031045 9034376 9036457 9038898 9046853 9048751 9049890 9053614 9056729 9062133 9065363 9067449 9068294 9071007 9072070 9074964 9078327 9083272 9092099 9093180 9095049 9105404 9106698 9113422 9118475 9123774 9128199 9137151 9139376 9145047 9147930 9153156 9156302 9159325 9161003 9163628 9164456 9166640 9169006 9171037 9176589 9179295 9182495 9183506 9193004 9194631 9198253 9200263 9203407 9210723 9215488 9218183 9220183 9222722 9227796 9228693 9233198 9236994 9239597 9241967 9242857 9245194 9248337 9250885 9263329 9274006 9275037 9278247 9285882 9287082 9289118 9290295 9294774 9298011 9303075 9305800 9309465 9311352 9314730 9320665 9329268 9344013 9359525 9367163 9369039 9372923 9376043 9377622 9378789 9382969 9387949 9389858 9394177 9402021 9408550 9411606 9415119 9418056 9419008 9428171 9429907 9432408 9434587 9436129 9443154 9445087 9446447 9453585 9455196 9457012 9458633 9460415 9462351 9467048 9470209 9475089 9485983 9487838 9498924 9500685 9503183 9506567 9508636 9510842 9512121 9516710 9518583 9519792 9527794 9531844 9541145 9542611 9548205 9552499 9555744 9560891 9569008 9570102 9579039 9582510 9586500 9588571 9590634 9597048 9598903 9618903 9629109 9633622 9641528 9646182 9649143 9651502 9652597 9654595 9664482 9667873 9668738 9670019 9676421 9679005 9680917 9684590 9687425 9688881 9690401 9693029 9694972 9700184 9701895 9703011 9703832 9705066 9706558 9709190 9710714 9714531 9715511 9721786 9726496 9730085 9731316 9733196 9736689 9747477 9749732 9759093 9763928 9771682 9777230 9778812 9780238 9781720 9787655 9793190 9794544 9797733 9804665 9812092 9813541 9815231 9816240 9818943 9820980 9822062 9827116 9828914 9831320 9835568 9840596 9849890 9855641 9861674 9863039 9865044 9866781 9870877 9872537 9875645 9877633 9879164 9884568 9886022 9889363 9890751 9892565 9898931 9899965 9910912 9912368 9918394 9925147 9926710 9927430 9930448 9932729 9940113 9947956 9948884 9950880 9952358 9954244 9954903 9956567 9958839 9964210 9965162 9968293 9971384 9973902 9977741 9981875 9989159 9990038 9992101 9993402 9995244 
</Matrix>
<Matrix name="Neuron_487" type="complete" rows="1" columns="973" multiplier="1.0">
   2780 15896 20607 33790 40891 43111 49475 61435 87316 101083 105630 135512 146740 153576 155652 166155 183672 186777 188309 196531 227511 241606 268493 305306 307591 313535 315329 319878 353835 360033 391722 396777 417217 424247 428089 436337 468446 488034 496369 504153 521704 527898 529546 540285 566361 580754 587897 589993 611720 620621 623574 625470 627857 641382 658915 662685 671917 680525 683475 694305 700541 716437 719211 736322 743940 747449 758919 759791 780636 800593 821741 822835 846592 871339 883458 885913 897431 916630 921848 938298 942271 947191 951333 972446 993404 996638 1006947 1008924 1016755 1021125 1028439 1095971 1104499 1115841 1129313 1137494 1160993 1165278 1166711 1173423 1190221 1192769 1203502 1218098 1241150 1250555 1251450 1253994 1258601 1260725 1266310 1268241 1269615 1273132 1280999 1288551 1293975 1302734 1305882 1311524 1324458 1335367 1353844 1367396 1411542 1416102 1419924 1432250 1445171 1460418 1491423 1498465 1504340 1522578 1532786 1540211 1551066 1556124 1559630 1577693 1583247 1613282 1616568 1620215 1633801 1652720 1667145 1697511 1710552 1714175 1742597 1752609 1805171 1839296 1861817 1872949 1878552 1903851 1916726 1943871 1946983 1948018 1949954 1977364 1978646 1990620 1994773 2000004 2024861 2029871 2041938 2059771 2070776 2086286 2098622 2104484 2109708 2123379 2128088 2132500 2136854 2150311 2173631 2175780 2204879 2207149 2208217 2224822 2227127 2233010 2242471 2262726 2267533 2281886 2288836 2290350 2292794 2295022 2309580 2311316 2331483 2354778 2365008 2379962 2386592 2387486 2392658 2394681 2401438 2402506 2404060 2410073 2416864 2419486 2421030 2425768 2445376 2447498 2451835 2454831 2458240 2460180 2468840 2475931 2479950 2486940 2489682 2499752 2500758 2502922 2518239 2572666 2574326 2578952 2591120 2596038 2602413 2606260 2617768 2619676 2627109 2642197 2650342 2652236 2653690 2656616 2677298 2682001 2699155 2712983 2728098 2757327 2769553 2770756 2775196 2782654 2790448 2793846 2803132 2833967 2837976 2841418 2844362 2849849 2865076 2870853 2896285 2899472 2901568 2913939 2924991 2931473 2940100 2943896 2955715 2958771 2966363 2995425 3003133 3060765 3072009 3077128 3087369 3094496 3109965 3135394 3140212 3142621 3146289 3159980 3163161 3164208 3167391 3170299 3181564 3184872 3197290 3200566 3208724 3212302 3218153 3226728 3238156 3242045 3243967 3266790 3276713 3298871 3304322 3309018 3325275 3346899 3364767 3377935 3385569 3387216 3392908 3417599 3422338 3425634 3430603 3446520 3460764 3470549 3485321 3490988 3520024 3523373 3529718 3553577 3566716 3570873 3579474 3588846 3606616 3617312 3617995 3624055 3628833 3645589 3649022 3651680 3682322 3696726 3720795 3726394 3754610 3756482 3775675 3808575 3813573 3868734 3884382 3887347 3892479 3899874 3910715 3914198 3925775 3927078 3937952 3947163 3948742 3981266 3982899 3991934 4022794 4031420 4033974 4050192 4055558 4071523 4076377 4078163 4092877 4136812 4165361 4172535 4195040 4202295 4218200 4231728 4238485 4243612 4244599 4247862 4262978 4276955 4296517 4298284 4305102 4306885 4315359 4318453 4324857 4329607 4332381 4347641 4351369 4381236 4382718 4389306 4395335 4404960 4409977 4418541 4428314 4444075 4446079 4460238 4463416 4489908 4491939 4492977 4496979 4502234 4504104 4508354 4514210 4535930 4549932 4554223 4562014 4570568 4588922 4601141 4605783 4632171 4649060 4653406 4680174 4689459 4701161 4704573 4725515 4735442 4738348 4745084 4750519 4769583 4770873 4776785 4778652 4785690 4788677 4798590 4804455 4825561 4833509 4834340 4839447 4864537 4866355 4869223 4872270 4879881 4881014 4887999 4889103 4900526 4910791 4926561 4932557 4933829 4935300 4949460 4953664 4977250 4981529 4987484 4991790 4998868 5004835 5008213 5011376 5020835 5040308 5063406 5068859 5070923 5072194 5086299 5091870 5122050 5136366 5143427 5149808 5176369 5180168 5181812 5196612 5205491 5211936 5225971 5235915 5238976 5271288 5277133 5284428 5287720 5292405 5295874 5306926 5319491 5325165 5329000 5333231 5373222 5383401 5400107 5415342 5417955 5420509 5431478 5432287 5450536 5459022 5465167 5467672 5478679 5513595 5527523 5531640 5535959 5537990 5551111 5558928 5567095 5593996 5595121 5597514 5613760 5624374 5629768 5649411 5654181 5702126 5706698 5710833 5717944 5722152 5740079 5767497 5774403 5775652 5777894 5780195 5791151 5792642 5800505 5824944 5828377 5835791 5840349 5855362 5861101 5873328 5877313 5920783 5927504 5928555 5930064 5932848 5947225 5953679 5972836 5977477 5982295 5984912 6001671 6011013 6016669 6042027 6053154 6069088 6070181 6072421 6076594 6078833 6086626 6094402 6095637 6100644 6106492 6129124 6167914 6177437 6183042 6188329 6191948 6202460 6228982 6249847 6270732 6286121 6296851 6302571 6307665 6310163 6313005 6317567 6345180 6363668 6367968 6380188 6383004 6396921 6404579 6430951 6435364 6442120 6444442 6469763 6472957 6494661 6519091 6523119 6525960 6540952 6543018 6551704 6588307 6596288 6623728 6634936 6688704 6696288 6702270 6713141 6722765 6734569 6741861 6764033 6769746 6784264 6785853 6787125 6802497 6832214 6837734 6845451 6848283 6850223 6868821 6871183 6877744 6888583 6907875 6910784 6922704 6928592 6942548 6947035 6965111 6973039 6987598 7004920 7015051 7017582 7026446 7028221 7033729 7037947 7055249 7058300 7063341 7078013 7088422 7104902 7107883 7124747 7129615 7145234 7152360 7175734 7198773 7200362 7212208 7232791 7242335 7244470 7270704 7274834 7278789 7281940 7283234 7288096 7289511 7316079 7324412 7329033 7330360 7340228 7352729 7372684 7379033 7380500 7387761 7390122 7408171 7427708 7429334 7433047 7454288 7458667 7472238 7474714 7483747 7489288 7501209 7503777 7514632 7544075 7559643 7565669 7575110 7584170 7588552 7590120 7609392 7611903 7620158 7626527 7653843 7689064 7697149 7702214 7717966 7733611 7734674 7755122 7756183 7761401 7770990 7774830 7778019 7779380 7793344 7813433 7834686 7838329 7842884 7853027 7868916 7869725 7880212 7884480 7888284 7895732 7909393 7916078 7921474 7932185 7939116 7942405 7947274 7952639 7959430 7981505 7986052 7993654 8013365 8022091 8026377 8038182 8044603 8053488 8054963 8063246 8068598 8089146 8117181 8119347 8133282 8134524 8141723 8146275 8155946 8163417 8179820 8183853 8215670 8218590 8244802 8248139 8251629 8258226 8264365 8268606 8273644 8278026 8279001 8286422 8291605 8296214 8318091 8333814 8359440 8374264 8375263 8379018 8393421 8400776 8431372 8434169 8443754 8449330 8452782 8455974 8459678 8460929 8462374 8474538 8489910 8494676 8496885 8499573 8517295 8529925 8544493 8581058 8583205 8588567 8608992 8620671 8623735 8628179 8665662 8707267 8710914 8715092 8727950 8732897 8748827 8755904 8762887 8764479 8784893 8789746 8793692 8832431 8846063 8854130 8856795 8868294 8876319 8898015 8915065 8921583 8931710 8933570 8935042 8954259 8977824 8980311 8988907 9000946 9002164 9011739 9013790 9022097 9028854 9044323 9054276 9070142 9073267 9076241 9101283 9105079 9114327 9125263 9135293 9136602 9144402 9148949 9153958 9163360 9169558 9195375 9216406 9220585 9237434 9238901 9242581 9245523 9255245 9257735 9269357 9274860 9286326 9287309 9303496 9307845 9311140 9334003 9349179 9355194 9368606 9381340 9384480 9387159 9403953 9433688 9443287 9444593 9451813 9456823 9459107 9463306 9473390 9474217 9481203 9487769 9493190 9496439 9501215 9521455 9525332 9529238 9531403 9536877 9542829 9573751 9580832 9584557 9588188 9593401 9608004 9620826 9623713 9630181 9636805 9643783 9646604 9653813 9669606 9671350 9674312 9690181 9695958 9703777 9708263 9709860 9716123 9717261 9728113 9739105 9741372 9743522 9751112 9764941 9774479 9809662 9814226 9819757 9829796 9832020 9853538 9855331 9859491 9861477 9877071 9888599 9901645 9914256 9916825 9918740 9928951 9932858 9959303 9973814 9981081 9991652 
</Matrix>
<Matrix name="Neuron_497" type="complete" rows="1" columns="5412" multiplier="1.0">
   1007 3886 8026 10632 11720 13930 14757 16748 18215 20027 21946 23526 25631 27024 28150 29528 30431 32150 32931 36376 37929 44306 45544 47329 49414 52666 53991 54795 55637 57566 59059 60571 63218 63774 66914 68821 70524 71793 73134 73941 75604 76411 80202 81917 82892 85305 86146 88695 89480 90521 94436 96974 100162 100981 102495 105882 107517 108228 109419 110012 113919 116065 117756 119475 121690 122865 125691 127517 129098 130206 132971 135284 137559 138701 139524 140386 141345 142020 142945 147837 154881 155873 159207 162013 164691 166190 169094 170236 171344 174170 176405 177235 179273 180349 181542 183749 186243 187197 188297 190272 192752 195026 195748 197410 198295 199222 200761 202922 204792 206333 207350 210310 212052 212781 214610 215423 216083 217941 219596 221599 222857 223731 224541 228948 229746 230938 233692 234569 235175 236289 237694 240554 242057 243121 244819 245533 247804 251027 252709 254982 257892 258933 260214 262007 263782 265111 266017 268440 269713 275103 276128 277149 277762 280560 282240 284179 287376 290017 291494 294357 295409 296008 296765 298348 299371 300898 301866 303550 304865 307872 309113 309849 311347 313860 315489 317171 318100 318821 321455 322759 324282 325861 326585 327662 330523 332963 333904 336853 338560 339478 341903 343931 344816 346667 347723 348732 350351 351748 352616 357914 358450 360554 362287 363637 364854 366056 369061 373034 373990 375734 377027 379485 383060 385644 387137 388995 390449 393310 395489 396138 397000 398357 399641 400689 401773 403272 404606 405658 409129 411133 412008 413375 414573 416204 417185 419036 420197 422076 423251 425438 426036 429379 431111 431946 433528 434563 436536 437736 441106 443539 444487 447339 448938 450987 451788 456590 457644 459261 460504 462766 464259 465141 466373 467386 468963 469605 471028 472086 473542 474840 478902 480567 482414 484060 485385 487524 491835 493197 494502 497298 498707 501185 503402 505279 506293 507192 509990 511070 514132 515682 517651 519339 521584 522873 524389 525316 525890 533771 535377 538486 540840 542324 543377 544516 545561 546563 547927 550815 553016 555124 558178 560895 562306 566165 569697 571068 572174 572845 574018 575484 576428 577400 578913 580593 582164 584537 586321 589231 590382 593880 595140 596347 597255 600314 602265 604126 608311 608973 610051 612556 613560 614610 615481 618698 619458 621279 622840 626272 626899 630470 632843 636366 637130 642374 644157 646965 649171 651705 654555 655583 656638 658026 660217 661407 662792 666044 666749 668124 671189 672322 674008 675961 677116 679019 680640 681875 682920 684513 685375 686750 689032 690420 691855 692390 695340 696280 697390 700213 703643 705434 707277 708549 709459 712309 714378 715857 716558 717262 718079 719044 721431 723250 725286 727080 729110 731241 732772 736560 737612 738911 740061 743125 744577 748164 749654 750809 752029 754823 756383 757765 763839 764671 765663 768049 771941 772934 778301 779583 783358 787985 789246 791479 793026 793722 794987 795768 797337 799050 799953 804518 805559 807018 808140 810712 813528 815234 817478 818874 820514 821352 822843 823957 824672 825291 826054 826924 828781 831544 832499 833272 834561 836072 837068 838279 840710 841745 843495 846123 849337 850211 856274 857760 859238 860761 862014 862954 864576 865256 866483 867495 868934 870534 871548 872452 876790 880977 884191 885670 887781 890991 891746 893422 894421 896314 899184 900703 902265 903581 905122 908433 910105 911093 912593 913426 914477 915661 916790 918147 925321 926466 928789 929801 931301 932239 933139 935458 936437 937454 938832 941750 943270 944146 946026 948095 950400 951830 953241 954415 956704 958709 959748 960541 962189 963839 964763 966272 968973 971488 972345 973817 975834 976785 980463 981488 983074 984440 985396 986783 989541 990753 992113 995152 996835 998381 1000028 1000978 1001940 1002794 1004095 1007983 1011751 1013572 1014883 1016495 1020522 1024599 1025265 1027398 1028714 1029950 1033126 1034569 1037294 1039452 1041681 1044289 1045122 1045920 1047699 1048423 1050668 1051814 1054086 1055500 1056411 1057295 1058156 1059416 1062327 1064656 1066858 1068950 1071112 1072557 1076117 1078423 1080995 1082885 1084241 1085410 1087052 1088222 1090268 1092196 1093231 1093832 1095981 1097200 1102147 1103104 1104469 1106134 1107102 1107838 1110295 1111471 1115008 1115792 1117415 1118239 1121127 1122752 1123370 1129626 1131794 1135341 1135968 1138751 1141350 1142511 1143804 1145745 1147560 1148665 1149932 1150943 1151744 1152939 1155074 1156265 1158910 1161109 1162618 1166526 1168069 1170192 1170803 1172847 1174584 1177180 1179323 1183642 1185500 1189249 1190637 1192349 1193736 1195172 1195708 1197052 1201264 1202311 1204585 1205944 1206779 1208139 1212165 1213856 1215462 1216536 1219281 1220591 1222517 1224463 1225440 1227805 1229045 1230410 1231724 1235188 1236475 1237659 1241408 1242977 1244611 1247321 1248418 1249255 1254496 1257034 1260215 1262835 1266720 1269304 1271264 1272815 1274821 1278296 1280972 1281611 1285331 1291297 1292698 1295674 1297153 1298363 1299842 1302310 1304439 1306406 1309205 1310952 1313370 1316524 1317237 1318191 1319354 1320106 1322104 1323941 1326137 1329917 1330694 1331944 1333392 1336192 1337912 1339664 1340777 1341829 1343431 1345643 1346900 1348069 1351019 1352004 1354585 1356813 1360432 1361887 1363211 1364226 1367012 1369764 1371032 1371984 1374267 1375421 1376537 1377507 1378688 1380546 1382560 1386466 1388061 1390189 1391177 1392621 1394986 1396061 1397006 1399229 1400255 1401221 1402065 1403377 1404408 1405646 1406725 1408503 1409658 1410438 1413197 1415846 1416836 1420234 1421207 1422227 1424331 1425218 1426735 1427790 1430231 1432162 1433013 1435607 1436915 1438434 1439918 1441449 1442791 1443660 1445207 1447068 1449610 1452220 1454303 1455758 1457494 1459727 1460542 1463333 1467021 1468361 1469818 1471149 1474245 1475590 1477975 1479270 1480338 1482997 1484271 1485704 1486663 1488066 1489814 1490732 1491739 1493749 1495087 1495902 1496814 1498304 1499204 1500248 1503397 1505080 1505944 1506734 1509150 1510267 1512738 1514270 1515114 1517612 1519339 1520613 1526265 1527733 1529958 1531029 1534321 1535320 1536315 1537616 1538120 1541567 1543314 1547980 1548946 1549853 1550682 1554604 1559413 1560556 1561825 1562876 1563849 1565284 1567452 1569072 1573884 1576632 1578293 1579016 1582301 1587689 1589139 1590201 1591936 1592831 1596520 1597699 1598487 1599978 1602296 1604567 1606638 1607660 1610311 1612958 1615059 1615860 1619947 1620832 1623952 1626096 1627451 1630388 1631074 1632225 1635214 1637508 1639427 1641222 1642011 1646257 1647486 1651064 1653344 1655936 1657511 1659444 1660786 1661532 1664787 1666218 1668295 1673187 1675200 1677203 1678030 1680382 1685449 1686588 1690164 1691926 1692856 1694268 1701723 1703520 1705567 1706756 1707956 1709100 1711705 1714907 1716534 1718937 1719900 1722020 1723010 1723847 1725188 1727151 1731165 1731723 1732631 1734062 1738646 1739459 1740137 1741042 1741889 1743406 1745189 1746343 1747295 1748463 1749442 1751734 1753571 1754592 1757806 1759249 1762236 1763230 1763953 1765643 1766938 1768044 1768956 1770551 1771816 1773134 1775203 1777076 1779005 1783421 1785472 1786426 1787504 1789554 1790740 1792210 1794452 1799317 1800497 1802380 1803407 1805816 1808376 1811319 1812694 1813391 1817119 1819108 1822303 1823497 1826111 1826825 1827754 1829356 1831719 1833121 1834161 1835458 1839698 1842355 1845670 1846458 1848286 1850302 1852154 1852982 1854611 1856607 1859636 1860627 1862347 1864748 1866987 1868109 1872061 1873533 1874365 1875037 1876354 1879252 1881408 1883434 1887503 1888437 1889236 1892014 1894117 1894938 1896317 1897432 1898277 1901611 1902807 1903763 1905782 1908063 1911368 1912363 1913995 1915614 1917432 1918707 1920079 1921211 1922136 1923555 1925346 1926402 1927355 1929139 1931014 1931854 1934712 1937981 1945700 1947616 1948759 1950421 1951552 1952499 1959241 1960007 1961033 1961859 1964156 1965381 1967814 1970647 1972444 1974456 1975297 1976262 1977429 1981910 1984235 1985229 1986878 1987670 1988844 1992608 1994269 1995460 1997821 1999510 2001293 2003244 2004921 2006849 2007716 2010013 2011903 2015879 2017903 2019040 2019680 2022086 2023153 2024657 2029296 2030081 2031124 2032911 2034093 2034925 2037063 2039322 2041214 2042668 2045610 2051037 2052102 2053996 2055996 2056927 2057697 2060130 2062846 2064206 2073075 2073873 2075445 2078608 2079148 2080256 2084018 2084703 2087062 2087970 2089068 2092499 2094691 2097789 2099719 2101540 2105411 2107312 2108335 2109733 2110917 2113252 2116797 2119559 2122835 2123860 2125266 2126382 2127594 2129771 2130734 2131841 2133225 2134861 2136366 2137949 2138793 2140280 2142128 2145098 2147415 2148802 2151423 2153009 2155816 2157229 2158456 2159666 2160573 2162553 2163595 2164640 2165899 2169150 2170077 2170681 2173543 2177691 2178580 2180537 2181342 2182857 2184373 2187108 2188172 2192742 2200282 2202299 2203453 2205478 2206468 2208177 2210195 2212678 2214035 2216176 2217590 2218630 2219524 2223686 2224388 2225608 2227254 2230242 2232684 2233459 2235228 2238373 2239407 2241706 2242912 2244853 2246837 2248852 2252434 2254542 2256555 2260505 2262077 2262967 2263636 2264817 2267305 2269234 2270843 2274293 2275086 2276001 2278048 2280155 2283900 2285679 2287093 2289631 2292446 2293113 2294914 2296318 2297399 2299569 2300257 2303008 2306183 2307349 2308863 2310539 2311621 2312772 2313379 2314837 2316465 2318787 2319533 2320207 2322221 2323741 2325155 2326046 2327665 2328800 2330516 2332484 2333400 2335306 2336809 2340544 2343739 2346151 2350047 2351887 2354175 2355326 2356240 2357023 2358895 2360973 2363052 2364474 2365943 2367254 2368934 2369685 2371884 2372820 2374287 2375903 2378080 2378909 2381425 2383023 2386427 2387209 2388042 2388702 2390074 2392536 2393396 2397010 2398669 2401789 2403297 2405639 2406653 2410875 2412110 2415402 2416561 2417625 2419797 2422511 2423589 2424842 2426480 2427041 2429371 2431095 2433117 2436004 2437419 2439495 2444314 2445564 2447085 2451065 2451829 2454471 2461008 2462997 2465098 2466627 2468731 2469888 2471334 2472176 2473211 2474578 2475742 2476941 2480153 2482241 2484049 2485478 2486431 2489421 2490169 2490797 2492938 2495173 2496059 2497106 2498037 2501636 2507070 2508357 2509252 2510676 2512596 2514752 2518759 2519703 2521616 2524592 2525641 2528796 2530924 2532153 2534183 2536055 2537705 2538804 2540466 2541182 2542216 2543439 2545123 2546495 2549311 2550119 2551460 2552834 2554317 2555502 2557367 2558316 2560677 2562579 2564588 2569778 2572885 2575168 2577227 2580224 2583150 2584125 2586689 2589623 2595018 2596538 2599717 2602687 2603959 2605866 2609236 2611044 2613129 2614201 2615662 2616283 2619956 2621119 2625622 2627833 2628482 2629287 2631101 2632440 2633242 2635743 2636589 2639551 2640500 2642215 2643258 2644761 2647423 2648667 2650309 2654062 2655592 2657145 2658495 2660407 2662150 2665094 2667462 2669153 2671588 2672890 2676657 2678344 2679777 2680646 2681790 2683139 2684475 2685742 2687628 2689390 2690644 2693242 2696540 2702018 2703289 2707104 2709898 2712229 2716693 2717480 2720124 2722016 2723623 2724391 2725764 2726477 2727855 2730253 2735195 2736126 2737248 2738965 2739671 2741278 2742500 2745325 2746601 2748101 2749779 2751770 2754429 2756668 2758271 2759906 2762324 2764584 2765742 2766593 2767635 2769120 2769995 2771280 2772421 2775487 2777286 2780149 2781669 2782622 2783973 2787302 2789117 2790749 2793970 2796290 2797554 2798913 2800204 2801274 2802059 2803507 2804859 2807674 2808540 2809455 2815520 2816999 2818019 2819217 2820036 2820513 2821197 2822679 2825020 2830741 2832751 2835761 2837471 2838260 2840413 2846995 2848754 2850049 2851816 2852728 2853695 2854996 2856012 2859012 2860175 2861247 2863107 2863816 2865814 2868915 2869660 2872149 2875017 2876007 2877138 2879571 2881567 2883033 2884441 2887005 2887806 2888917 2889866 2891324 2893155 2894129 2895528 2896557 2899784 2902559 2904170 2905456 2906381 2910587 2912807 2914276 2915286 2917641 2920517 2921262 2922186 2923848 2924667 2928252 2931077 2931694 2933304 2934688 2936402 2938866 2940003 2941023 2942700 2944745 2946788 2948528 2950173 2952151 2953946 2958715 2959628 2960374 2961518 2963743 2967034 2968484 2969732 2970743 2973778 2975423 2976315 2977331 2978703 2979746 2982095 2983730 2984699 2985924 2987570 2989260 2990679 2991864 2993333 2994678 2996292 2998552 3000185 3001105 3006072 3006973 3009705 3010445 3011759 3014941 3016182 3018085 3019356 3020436 3021997 3023895 3025315 3029365 3032412 3034516 3036613 3037780 3040635 3041818 3042639 3044490 3046473 3049270 3051013 3052046 3053991 3054896 3056433 3058654 3059755 3060737 3064256 3065854 3066911 3067869 3069376 3071530 3072399 3073521 3075622 3077201 3078826 3080765 3083498 3085032 3087893 3088563 3092657 3097737 3098554 3100035 3101009 3102956 3103933 3105662 3106465 3107612 3108568 3109714 3111943 3112901 3113915 3116013 3121003 3122878 3123760 3125086 3126625 3128722 3131478 3137603 3141244 3142280 3143705 3145069 3146329 3148499 3150163 3151472 3153132 3157179 3158012 3160067 3161044 3161876 3163312 3165120 3166179 3168931 3170757 3174084 3174730 3175870 3179259 3181033 3182303 3184187 3185741 3188013 3190145 3192842 3194135 3195955 3198583 3200615 3201615 3206361 3208572 3210685 3214271 3216602 3219881 3221991 3223124 3224453 3228922 3230840 3231656 3232964 3233818 3237202 3239828 3242290 3243217 3244094 3245469 3247741 3249371 3252089 3253385 3254900 3257165 3258130 3259504 3260522 3261608 3263174 3266254 3266842 3267514 3268594 3270365 3274019 3274857 3276674 3278967 3281012 3282014 3283691 3284430 3289095 3291243 3292099 3294170 3295158 3298706 3302868 3304316 3307971 3309195 3310741 3312273 3313423 3314605 3315215 3317636 3318490 3323652 3325693 3327255 3329992 3331521 3335444 3336569 3340229 3341392 3342301 3349783 3350981 3353572 3355131 3356826 3357665 3360542 3361780 3363131 3363925 3364787 3367882 3368962 3369753 3370707 3372252 3373179 3374533 3376140 3380863 3381876 3384296 3385584 3387837 3388718 3390252 3391194 3392388 3393640 3394651 3396664 3398091 3398685 3404191 3406562 3408525 3410352 3412250 3414086 3414829 3416110 3417146 3419465 3421082 3423526 3424426 3425378 3426187 3427932 3429023 3430838 3431858 3432926 3433941 3435255 3437113 3437988 3439061 3440590 3442126 3443669 3445384 3446165 3449953 3451012 3451593 3454533 3456721 3457944 3462366 3463564 3464268 3465510 3468919 3471459 3473151 3475583 3476532 3478618 3481147 3482656 3484333 3485271 3486877 3488737 3491249 3491970 3493878 3494976 3499906 3501875 3508484 3512052 3513622 3516202 3517877 3518553 3521163 3522648 3523828 3524998 3525771 3526647 3530053 3530862 3532569 3534519 3535680 3537654 3539516 3541242 3542244 3544480 3546277 3547732 3549069 3550749 3552179 3552936 3554560 3558144 3561263 3562075 3564087 3565309 3567116 3568064 3574834 3576007 3577262 3578630 3581939 3583916 3586372 3587971 3589155 3593053 3596325 3597268 3599625 3600808 3602860 3605904 3607394 3608501 3609672 3612621 3615254 3616468 3618022 3618889 3620394 3622594 3624100 3624989 3626554 3628205 3630655 3631668 3633343 3635799 3636748 3638957 3640046 3641352 3644252 3647962 3649009 3650103 3651113 3652685 3654263 3654872 3655604 3656372 3659434 3662480 3664916 3666415 3667308 3670040 3671106 3672435 3673444 3674786 3677121 3678605 3679982 3684001 3685564 3686938 3688123 3690673 3691960 3696979 3698910 3700684 3701370 3702747 3704707 3707398 3711463 3713577 3714899 3716327 3718659 3719806 3722141 3724436 3726117 3729874 3732659 3734937 3736393 3737299 3742703 3747458 3748739 3749688 3750516 3752136 3755570 3758052 3759523 3761113 3762824 3763714 3770421 3771332 3772631 3774516 3777039 3779232 3780084 3781298 3782489 3783836 3786532 3788671 3790101 3793506 3794481 3795921 3797069 3798104 3799454 3801075 3801957 3802931 3804432 3805260 3806462 3810121 3811636 3815107 3816437 3817175 3819970 3821243 3822686 3824798 3826833 3828086 3830388 3832041 3832963 3837229 3839546 3841287 3842185 3842978 3843930 3845098 3847891 3849055 3852125 3853287 3856879 3857655 3858359 3859176 3861842 3863140 3864626 3866933 3868615 3873107 3874886 3876250 3879011 3879945 3880557 3881363 3882528 3883866 3885561 3886605 3890943 3891871 3893225 3894486 3895575 3896803 3900165 3901964 3903448 3904290 3905709 3906526 3908136 3909714 3910882 3912645 3913564 3914472 3915613 3916598 3917670 3918908 3920029 3921254 3922631 3924108 3925189 3926514 3927940 3928701 3930615 3932228 3934397 3935555 3936693 3938184 3939852 3941678 3943115 3945827 3946989 3947772 3948828 3950074 3953529 3954435 3955669 3961262 3964548 3965538 3967196 3967951 3971228 3972277 3973473 3975734 3977193 3978733 3979765 3981764 3983420 3984223 3985700 3986565 3987536 3991284 3992490 3994344 3995667 3998771 3999936 4002222 4003555 4005240 4006139 4007414 4008508 4009368 4011819 4012928 4015795 4017108 4021377 4023818 4028067 4029305 4032654 4034062 4035784 4036464 4037131 4038418 4040213 4043535 4044888 4045504 4047694 4048871 4050116 4051052 4053892 4055115 4056671 4060371 4062073 4063781 4067752 4068804 4071693 4073349 4075418 4078788 4080207 4081460 4083069 4084184 4086460 4087513 4089286 4091455 4095025 4097013 4101267 4103135 4108146 4110055 4112152 4114196 4115334 4116622 4117791 4121739 4123376 4126950 4128871 4131216 4132637 4134335 4135534 4138763 4140562 4142011 4143227 4144249 4146651 4147758 4150507 4152839 4157626 4158886 4159798 4161088 4162797 4163999 4165944 4167099 4168041 4169487 4172782 4174173 4176197 4178858 4180143 4181233 4182366 4184177 4185335 4186738 4187725 4188938 4189795 4191077 4193012 4195067 4196064 4197152 4198304 4202624 4203991 4204936 4208284 4209367 4210416 4212023 4213134 4213887 4216360 4217390 4218037 4219937 4220684 4222042 4223307 4225384 4227087 4228967 4229696 4230561 4233262 4235660 4241706 4244089 4246528 4250409 4251694 4254383 4255907 4256720 4257362 4258534 4263735 4264809 4266133 4268188 4271552 4272454 4274433 4275758 4276734 4280290 4282983 4284943 4287016 4289753 4292445 4294284 4295223 4296931 4299235 4300271 4301825 4303161 4306110 4307631 4310982 4312001 4313101 4316290 4317086 4320691 4322314 4324968 4325754 4327051 4328321 4329231 4329934 4331015 4332370 4335319 4337223 4338317 4340368 4340870 4342255 4343342 4344777 4345675 4348190 4352463 4355135 4355787 4358245 4359556 4360845 4361571 4363762 4365835 4367785 4368531 4369562 4371106 4375598 4377849 4379145 4379878 4382180 4383445 4388136 4392823 4394066 4395860 4397371 4400323 4400946 4403961 4405360 4406463 4407469 4408677 4410044 4411807 4414292 4415923 4417029 4418923 4421631 4423548 4425134 4426383 4427880 4429225 4431253 4432830 4434166 4435399 4436695 4440687 4444502 4446225 4447747 4449731 4450562 4451691 4452951 4454131 4457143 4459020 4460152 4461520 4463503 4465131 4466277 4467904 4469221 4471494 4473427 4475632 4478339 4479219 4481478 4482380 4483998 4487295 4488715 4489837 4491836 4493366 4494402 4496863 4497961 4499648 4500961 4502341 4505991 4507290 4511118 4512679 4514806 4515555 4517135 4518518 4519553 4528952 4537892 4539619 4541144 4545007 4547912 4549663 4551474 4552217 4552876 4555645 4558247 4559441 4560990 4562461 4564186 4564789 4567863 4569692 4570873 4572312 4574471 4577356 4578882 4582594 4583665 4584780 4587608 4588940 4591036 4592130 4594581 4595273 4599545 4601287 4602158 4603544 4604694 4606747 4608040 4610864 4612430 4613742 4614562 4616145 4617583 4618840 4620485 4621440 4622271 4623678 4624284 4625203 4627010 4627914 4629149 4630431 4632535 4633694 4636002 4637109 4643821 4644927 4645822 4646660 4651282 4652552 4654493 4655359 4656323 4658462 4659594 4661091 4663031 4665909 4668020 4673720 4674521 4675552 4676450 4681350 4682303 4683164 4684915 4685612 4686375 4687483 4688406 4690503 4691400 4693274 4694451 4695815 4697428 4698975 4701362 4702528 4705113 4706119 4707702 4709636 4711407 4715077 4716944 4722330 4724159 4725407 4727399 4728554 4731511 4734144 4735206 4736543 4738003 4739585 4741372 4742355 4744272 4747062 4749288 4752547 4754553 4756356 4760056 4761025 4762229 4765448 4767174 4768189 4769815 4772051 4773469 4774796 4776269 4777644 4778807 4781248 4782539 4784314 4786035 4787505 4788593 4789662 4792269 4795894 4797400 4799285 4800294 4801484 4803510 4804501 4806746 4808044 4809226 4810605 4813695 4815425 4819872 4823074 4825782 4827184 4829340 4830097 4831846 4833390 4836530 4837503 4838780 4840132 4841481 4843307 4845599 4846634 4848114 4849366 4852199 4853927 4858091 4860594 4861227 4862473 4863722 4865238 4866820 4868685 4870091 4871893 4874461 4877003 4877703 4879773 4880873 4884105 4885692 4888643 4891460 4893532 4895551 4896771 4897576 4898954 4900268 4901644 4902561 4903477 4905854 4906743 4908517 4909855 4912361 4913005 4913892 4914718 4916044 4917082 4917999 4920403 4921439 4922775 4924634 4926162 4927025 4929343 4931338 4935069 4938031 4939310 4940759 4944627 4947128 4948143 4950019 4955101 4956703 4958280 4960228 4961179 4963976 4965854 4967550 4969139 4971887 4973549 4975421 4976844 4977974 4979470 4980658 4982019 4982900 4984022 4984680 4986681 4991416 4992109 4994474 4996080 4997221 4997850 4998823 4999532 5000045 5001358 5002889 5007290 5008646 5011899 5013828 5014635 5016552 5017223 5018558 5021087 5022460 5025558 5026649 5028067 5028891 5029941 5032425 5034319 5037340 5038257 5038890 5039732 5040710 5042889 5045242 5046181 5047297 5051503 5052788 5056477 5059795 5060821 5062562 5064148 5067862 5069033 5069875 5071795 5073283 5074551 5076761 5078970 5081165 5083397 5083920 5084674 5085612 5086792 5087769 5090717 5092110 5093440 5094488 5096298 5097261 5099750 5101111 5105362 5107121 5108373 5110146 5114304 5117285 5118335 5119814 5121565 5122840 5124214 5125249 5127272 5128651 5130185 5130941 5131831 5133390 5134851 5136326 5137919 5139804 5143227 5146625 5148409 5149330 5151345 5152717 5154057 5154993 5156583 5157946 5158969 5160378 5161818 5162933 5164647 5166111 5168489 5170349 5172341 5174816 5175610 5176912 5178270 5181460 5182758 5185324 5187293 5188823 5191084 5193632 5196902 5199321 5202277 5203861 5207135 5208800 5210271 5211783 5212845 5218657 5220427 5222444 5225398 5226522 5230281 5232779 5233969 5235790 5237628 5239161 5242103 5245442 5247107 5248224 5249036 5250720 5252381 5253344 5254555 5255463 5257991 5258818 5260073 5261369 5262356 5263676 5265004 5266988 5268553 5269560 5270365 5271566 5276365 5277506 5278921 5279715 5281516 5282660 5283942 5286017 5287443 5288564 5291175 5292247 5294025 5296401 5297137 5299897 5300564 5301860 5302639 5304150 5304866 5308900 5310297 5311322 5312551 5313585 5316119 5318786 5319885 5321724 5322914 5324168 5330985 5332967 5335379 5336400 5337253 5338824 5342246 5342946 5345306 5348238 5349752 5350907 5351750 5352514 5355663 5357004 5359006 5362948 5364225 5366249 5368011 5370910 5372031 5374117 5375246 5376441 5377268 5378555 5380739 5381369 5382386 5383495 5384300 5388075 5390434 5391224 5394023 5395355 5396715 5399474 5400892 5403175 5404326 5405039 5408314 5409046 5418845 5419698 5421847 5422860 5423691 5425483 5427162 5427939 5428659 5429825 5430431 5434082 5437159 5438712 5441884 5444779 5446728 5447907 5449812 5451959 5452985 5454577 5455508 5459069 5462141 5465293 5467010 5468095 5469346 5470476 5471906 5476218 5477843 5478716 5480251 5481752 5485053 5488439 5489805 5492700 5494981 5495854 5497100 5498143 5500325 5501114 5503750 5505258 5507863 5509826 5513261 5514202 5516153 5517758 5518996 5520983 5522411 5527119 5528688 5533551 5534398 5535450 5536232 5540302 5541032 5543103 5546889 5547684 5549092 5551119 5553812 5555073 5555781 5556803 5558072 5560617 5562313 5564976 5565614 5567358 5568949 5570874 5572854 5577996 5579842 5580734 5582276 5586064 5587239 5589889 5592411 5594596 5595806 5597082 5600441 5602973 5605835 5607074 5609316 5610119 5612853 5613921 5614837 5616910 5618253 5619776 5622817 5624085 5626626 5629901 5631558 5632383 5633236 5637079 5637890 5639066 5639878 5640831 5641737 5645815 5648239 5649454 5650466 5651921 5654508 5656394 5660311 5663397 5664674 5666031 5667946 5668634 5670541 5672640 5674010 5675323 5676945 5679722 5680896 5681945 5684820 5687874 5690129 5690827 5693240 5695566 5696368 5697188 5698008 5699132 5700317 5701340 5702484 5703590 5710815 5713393 5714553 5715561 5719639 5720704 5722688 5724658 5725870 5728343 5730760 5732268 5735235 5737485 5738940 5741461 5743412 5745093 5746314 5747540 5751359 5754760 5756116 5757913 5758816 5761491 5762717 5763475 5765425 5766639 5769765 5770570 5772142 5777940 5780352 5781042 5783242 5785637 5786784 5787726 5789308 5790996 5791899 5792745 5793851 5796305 5798131 5800586 5801673 5802733 5805767 5807924 5813118 5815613 5817444 5820038 5821636 5823794 5825390 5827541 5832879 5836140 5840390 5841731 5844815 5845360 5846986 5847811 5849056 5851734 5854007 5854525 5856244 5857573 5858750 5860817 5862884 5864458 5867861 5869615 5872342 5873199 5875447 5877329 5878008 5878813 5881426 5882528 5884607 5885188 5886495 5890654 5892426 5894106 5896974 5897569 5899615 5904705 5905970 5907178 5908232 5909567 5910791 5912335 5913852 5915118 5916290 5917450 5918594 5922044 5924079 5925677 5926642 5927327 5930883 5933893 5935160 5936195 5937962 5938933 5941306 5942647 5944874 5945640 5947955 5948709 5955561 5959905 5960758 5962769 5965366 5967146 5968267 5969017 5971593 5972569 5973070 5975871 5977361 5978433 5979539 5980572 5981615 5985418 5988078 5989445 5993156 5994278 5997481 5999233 6001695 6006410 6008902 6010450 6012417 6014343 6015550 6016850 6018946 6020019 6021484 6024797 6029393 6030781 6032540 6035403 6037702 6040450 6041696 6042622 6044579 6046310 6048062 6049404 6050408 6055076 6055652 6060856 6061789 6062571 6064029 6065418 6066561 6067804 6069002 6071159 6072970 6074860 6076255 6077885 6080471 6084225 6085846 6087618 6088732 6089506 6090703 6092451 6093153 6094808 6095861 6098793 6102361 6104861 6105976 6107616 6108602 6109624 6110722 6114526 6116137 6117043 6118525 6119451 6120414 6121442 6124727 6126208 6126967 6129922 6131196 6133935 6135475 6137477 6140446 6144373 6146183 6150003 6152375 6154365 6155345 6156347 6157486 6158329 6162191 6163480 6164612 6166387 6168856 6170454 6171572 6173701 6176699 6179399 6180662 6181947 6185130 6186350 6187184 6187879 6188611 6190075 6191761 6193312 6194415 6196582 6197776 6198719 6200664 6202622 6204411 6205790 6206842 6210239 6212244 6213250 6216795 6218832 6222093 6222995 6225913 6229320 6230439 6235500 6236178 6239812 6240823 6243212 6248067 6250531 6252079 6253261 6254824 6256644 6258542 6259622 6260570 6262565 6263629 6265677 6266348 6267731 6269671 6271149 6272603 6273867 6275612 6279606 6281286 6282324 6286398 6288096 6289768 6290529 6291367 6295356 6296183 6297502 6298287 6300920 6304180 6305816 6307531 6308341 6309569 6310358 6315674 6317319 6318517 6321724 6322674 6324678 6327809 6331038 6332373 6333132 6334971 6336890 6337765 6339455 6340664 6342145 6344605 6347370 6348679 6350810 6352311 6353713 6357495 6360703 6363145 6365634 6367523 6370786 6372131 6372895 6374228 6375518 6376696 6377995 6379866 6380816 6383518 6385935 6387455 6389113 6391667 6392711 6393686 6394736 6395900 6397961 6399240 6401473 6403940 6405178 6408993 6410438 6411733 6412494 6413389 6414618 6416424 6417746 6419724 6421511 6425616 6426875 6428817 6431486 6434004 6437672 6438515 6439705 6441457 6442208 6446920 6448956 6450984 6452932 6453871 6455096 6459080 6460687 6463228 6466641 6469185 6471645 6473693 6476346 6478612 6479305 6480040 6481373 6482615 6485788 6488113 6489284 6493370 6496009 6497777 6500031 6501151 6505021 6507570 6510978 6512219 6515656 6518468 6519074 6520031 6521999 6524238 6525916 6527177 6529126 6530259 6531775 6534433 6535580 6537173 6540799 6544093 6545244 6546708 6548125 6550549 6552756 6556187 6556937 6558781 6559849 6561457 6562216 6564972 6567831 6568809 6569904 6572280 6573250 6574756 6575817 6576728 6579657 6581598 6582749 6584197 6585364 6586479 6587707 6588419 6589189 6590363 6591504 6592274 6593341 6594322 6596460 6598746 6599488 6600649 6602145 6603049 6605032 6607575 6609106 6610918 6611785 6614130 6616160 6617824 6618690 6620724 6622241 6624405 6625893 6626995 6629870 6631183 6632742 6633673 6637719 6638758 6642542 6644368 6646475 6647346 6649259 6650044 6650893 6654701 6655935 6657429 6659879 6661329 6664232 6666757 6668159 6669409 6671491 6673285 6674518 6677635 6679088 6679993 6682774 6684763 6686790 6688278 6689957 6692838 6694849 6698255 6700394 6701679 6708256 6709421 6711318 6712011 6713402 6714141 6715250 6716684 6717501 6721637 6726078 6726736 6727626 6729844 6731418 6733389 6734944 6735915 6737295 6737978 6739258 6740320 6741138 6743333 6743962 6744589 6745980 6747137 6748312 6749406 6750264 6752716 6753596 6755195 6755868 6758076 6759603 6761991 6762971 6763730 6765626 6766918 6768967 6772144 6775627 6777171 6778527 6780082 6781287 6783827 6785629 6789007 6789697 6792067 6793749 6797321 6799893 6800812 6801741 6802692 6805504 6808042 6813147 6814838 6815582 6816297 6817953 6821502 6822049 6824633 6828065 6829133 6832817 6834233 6835537 6836224 6838305 6839187 6841464 6843955 6846036 6848430 6849706 6852082 6853105 6854393 6855391 6857552 6860154 6861766 6862400 6864064 6866427 6869385 6870717 6872797 6873766 6875696 6877920 6878933 6879914 6880828 6882119 6885784 6886420 6887783 6890410 6892609 6893574 6894764 6895722 6897531 6898633 6899868 6901597 6902431 6904127 6906888 6907884 6909099 6910132 6912125 6915765 6917269 6918179 6920302 6921370 6923564 6924381 6926034 6926867 6929874 6931407 6932671 6934105 6935856 6938587 6939502 6940496 6942172 6943972 6945020 6946028 6947883 6950391 6951237 6951942 6953981 6955704 6959064 6961149 6962876 6964927 6966631 6972147 6972753 6974228 6975680 6977320 6978268 6981515 6982752 6984321 6987060 6989720 6992048 6994569 6996573 6997772 6999117 6999794 7002780 7004192 7005095 7008116 7013357 7014597 7015627 7017070 7018507 7022302 7023147 7027202 7028462 7034359 7036467 7037976 7039200 7039990 7042750 7044115 7045377 7046304 7047357 7049685 7052860 7054047 7054899 7055799 7056984 7057999 7061010 7063811 7066407 7067020 7068717 7071512 7072577 7073433 7074546 7076205 7077435 7078708 7079508 7081854 7082771 7084133 7085881 7090087 7092270 7093170 7095362 7097118 7099522 7101281 7102348 7104001 7106453 7108580 7114489 7115656 7116511 7118687 7121078 7122618 7125076 7125970 7127519 7129220 7130539 7131359 7136174 7137154 7138075 7139796 7140829 7143309 7144713 7146604 7150207 7151012 7152571 7153398 7155520 7157156 7162705 7164288 7167448 7169034 7171032 7171684 7172828 7175050 7176414 7177279 7179203 7181683 7185151 7188126 7189411 7190219 7190586 7192137 7193713 7195714 7197248 7199121 7200465 7202084 7203768 7204937 7206216 7209505 7212324 7215225 7216621 7217987 7218945 7221319 7223295 7224840 7225919 7227546 7231010 7232559 7234310 7234905 7236303 7237412 7238685 7241378 7243371 7244523 7245511 7246615 7247500 7250415 7252125 7252896 7254254 7256050 7257577 7258484 7259861 7261506 7262620 7265548 7267495 7271448 7272832 7273582 7274628 7275580 7280054 7282958 7284125 7285197 7286956 7288573 7289321 7290632 7292599 7295861 7298670 7302654 7303477 7305289 7306784 7308189 7309477 7310388 7312965 7314130 7317239 7319548 7320967 7321885 7323821 7325230 7326276 7327104 7330088 7334725 7336027 7337465 7339321 7340548 7342175 7344896 7346445 7349366 7350829 7353456 7354532 7355550 7356824 7358542 7359431 7360797 7363119 7364904 7366297 7367087 7370183 7371791 7374900 7375758 7376305 7378432 7379423 7380343 7381221 7382522 7384991 7385832 7386362 7387994 7389024 7391675 7397565 7398786 7399782 7400598 7404022 7405603 7408573 7409692 7411388 7413039 7418681 7420441 7423104 7424026 7425928 7427423 7428540 7429383 7430349 7431115 7432120 7434366 7436546 7439959 7442876 7444044 7445089 7446165 7447447 7449307 7450758 7451817 7453968 7457261 7458884 7460576 7461556 7462163 7464306 7466776 7469518 7470168 7472219 7473801 7474794 7476179 7479469 7480883 7482010 7483676 7488339 7490339 7491408 7492508 7493513 7496106 7497926 7499177 7499916 7504682 7505916 7507802 7509312 7511097 7512343 7516380 7518605 7520714 7521989 7525019 7526171 7527558 7531847 7532694 7533781 7535625 7537589 7539146 7541338 7542067 7544824 7547067 7548738 7549847 7551622 7554141 7555059 7556842 7558512 7560474 7562058 7563720 7567522 7568244 7570197 7572540 7573378 7576595 7577886 7579978 7582000 7584962 7586616 7589724 7590856 7592517 7593560 7594479 7598835 7600386 7604456 7605942 7609341 7610704 7611474 7613616 7614658 7616629 7618031 7620978 7625715 7627524 7628659 7629917 7632338 7633369 7634771 7636505 7640883 7641747 7642538 7644067 7646233 7647814 7648682 7649487 7651363 7652218 7653827 7656347 7657848 7660757 7661795 7663014 7663681 7664653 7667700 7668818 7669795 7670567 7674485 7677067 7677964 7680380 7681358 7683736 7686549 7690586 7692328 7693617 7696380 7698170 7700581 7704203 7704739 7706984 7709002 7711192 7712658 7717362 7718439 7719079 7721390 7723197 7724878 7725917 7728018 7728796 7730240 7733459 7734607 7735669 7736278 7737188 7738504 7739173 7739842 7743876 7746217 7748402 7749906 7751753 7752400 7753200 7754664 7756232 7759802 7760632 7761711 7763431 7764357 7765402 7768660 7769582 7770219 7771494 7772118 7773023 7774453 7775157 7776887 7778163 7779979 7783754 7785589 7786968 7788161 7792509 7793491 7794496 7797311 7798743 7801216 7801986 7803713 7804949 7806407 7808061 7810097 7811527 7813001 7814003 7815812 7816843 7818419 7820691 7821586 7823287 7824272 7826173 7827606 7832453 7833675 7835019 7836353 7838589 7841092 7843413 7845969 7847004 7847662 7848618 7849835 7850755 7851802 7852938 7856593 7857274 7858878 7859431 7859959 7863040 7866125 7867237 7869047 7870140 7871528 7872828 7874620 7876135 7877393 7879804 7880504 7881641 7882535 7883332 7883990 7886584 7888161 7889579 7890699 7894132 7897239 7900361 7901511 7905796 7906828 7907515 7909027 7911708 7914203 7917773 7919319 7920298 7920925 7921685 7922954 7925270 7927309 7932553 7934464 7937970 7938709 7941432 7942381 7944817 7946108 7946738 7947965 7949169 7950238 7951307 7952274 7953843 7955014 7957513 7958791 7960946 7962847 7963809 7967502 7969272 7970768 7972692 7974190 7975524 7978071 7979574 7980678 7982022 7983991 7985278 7986952 7988732 7992385 7994836 7995777 7996498 8000587 8004502 8005407 8008338 8009655 8012498 8018905 8019889 8020877 8023629 8024587 8025609 8027871 8032361 8033656 8035933 8037275 8038460 8039521 8043203 8046380 8046941 8047585 8048475 8052682 8054525 8055774 8056555 8058790 8062986 8064135 8064870 8065693 8072614 8073715 8075207 8076212 8077882 8081508 8082530 8083320 8086840 8091567 8092429 8093630 8095290 8098322 8101714 8105629 8106642 8108024 8110794 8113204 8114279 8116059 8119110 8121470 8123423 8124614 8125995 8127410 8129129 8131801 8132683 8135369 8136152 8137973 8138777 8139680 8140888 8141660 8143245 8144305 8146990 8148253 8149922 8151440 8153867 8155926 8159419 8160307 8162113 8163913 8167500 8168975 8170604 8172014 8174234 8175257 8180039 8181697 8184252 8187417 8189808 8191410 8193352 8194762 8195676 8197404 8199760 8202599 8203294 8204728 8205537 8206759 8210809 8211490 8212881 8214359 8215854 8216765 8218464 8220355 8222243 8224015 8225704 8227039 8228067 8229680 8232262 8233156 8235280 8236977 8238369 8239527 8241622 8243068 8244111 8245547 8247022 8248483 8250040 8252534 8254755 8255698 8257926 8261164 8262443 8265922 8266687 8269198 8270143 8271962 8272679 8273794 8275291 8277253 8277809 8282110 8283159 8283903 8286791 8287343 8288260 8290025 8292186 8293494 8294807 8296669 8298528 8299800 8301350 8302674 8303847 8305339 8306103 8308713 8310600 8312425 8313354 8315809 8318163 8319826 8320799 8322519 8324074 8325137 8326403 8327215 8328385 8331815 8332618 8338147 8340018 8343702 8345270 8349328 8350119 8351087 8352003 8355389 8357073 8358069 8359815 8361725 8365098 8367195 8368366 8369377 8372035 8373137 8374302 8375890 8377017 8378509 8379395 8380719 8381949 8386743 8387801 8388781 8390121 8391073 8391948 8394106 8395834 8398685 8400645 8402244 8405046 8408476 8410028 8410579 8412067 8415776 8417623 8418245 8420557 8421724 8422698 8424462 8425894 8426783 8428488 8433404 8437750 8439201 8440103 8441027 8443678 8444721 8446439 8449258 8450301 8451547 8453564 8454294 8455582 8457042 8460916 8462413 8464327 8465117 8468338 8470554 8472863 8473957 8478233 8479499 8482299 8485245 8486350 8490784 8492945 8494617 8496454 8497276 8500736 8502429 8504277 8507027 8508528 8509279 8513529 8515585 8516838 8518300 8520516 8522410 8523162 8524293 8526576 8529724 8533089 8535721 8536181 8537450 8539011 8540686 8541581 8542075 8543037 8543866 8546034 8547523 8548668 8549922 8551328 8553693 8555930 8558281 8559176 8560792 8562117 8564054 8566681 8572615 8574239 8575625 8578184 8583005 8583642 8589953 8590737 8591806 8592635 8596525 8597763 8598685 8599523 8601636 8603664 8604599 8607436 8608985 8610203 8612113 8613393 8615472 8620845 8622624 8624535 8625700 8628569 8631780 8632801 8634777 8638340 8639962 8641571 8643837 8646297 8647258 8650896 8651592 8653281 8654472 8655720 8656818 8657607 8658564 8660546 8662134 8664286 8665266 8667545 8669986 8671651 8674511 8676369 8677339 8679737 8681933 8683523 8685451 8686589 8687968 8690169 8692211 8694187 8695947 8697228 8698439 8699236 8701745 8703217 8704048 8707442 8711531 8716430 8719300 8721356 8724115 8728022 8730634 8731333 8732699 8734543 8735796 8737200 8738534 8739561 8741389 8744957 8746137 8747759 8748727 8750515 8752012 8754758 8756343 8758207 8760859 8761652 8763251 8765026 8766064 8767063 8769053 8773779 8777469 8780093 8781223 8782582 8784323 8785139 8787151 8788039 8788822 8791095 8792757 8794653 8795930 8798227 8804763 8807004 8808358 8810682 8811902 8813586 8815421 8818074 8819240 8821149 8822096 8822984 8824137 8829140 8830557 8832008 8833357 8834960 8837359 8838573 8839726 8840620 8844044 8846676 8848627 8849469 8850795 8852246 8853531 8857062 8858350 8859599 8861173 8862414 8865152 8867210 8868465 8869756 8870491 8872130 8872877 8874246 8877798 8878789 8879563 8881358 8883460 8886913 8887867 8889719 8891133 8893023 8893904 8894340 8895348 8896887 8898056 8900045 8901194 8902235 8902950 8904500 8907418 8908429 8913833 8914870 8916456 8918404 8919023 8920040 8924389 8925737 8927494 8930585 8931699 8933631 8934381 8936979 8937500 8939285 8940109 8941816 8943396 8944697 8946873 8947847 8953046 8954571 8955629 8957101 8960625 8962129 8963520 8964206 8967352 8969205 8970920 8972108 8973343 8975543 8978552 8979774 8981342 8982389 8983126 8984163 8986162 8987705 8988439 8990651 8992092 8993274 8994785 8996598 8997789 9000281 9004449 9006709 9007546 9009188 9011981 9014020 9014523 9015609 9019488 9020385 9023603 9025027 9025836 9027506 9032602 9036201 9038035 9039172 9040975 9044362 9045399 9050800 9052009 9054883 9056994 9057408 9059203 9060419 9065552 9066817 9067830 9069240 9072294 9074749 9076464 9078825 9081580 9083035 9086332 9089484 9090514 9091941 9093653 9094767 9099396 9100280 9101459 9107491 9109305 9113002 9114048 9116778 9119915 9120849 9121731 9123073 9124475 9126207 9127595 9130059 9130989 9131787 9132721 9135444 9140214 9143517 9145841 9147089 9148625 9149491 9150599 9151833 9154227 9155246 9157506 9159026 9162128 9163454 9165167 9166296 9167677 9169911 9173465 9174880 9175912 9178127 9179070 9184030 9190016 9193148 9194679 9197262 9198180 9202120 9204112 9205916 9206957 9208552 9209527 9210382 9211933 9212844 9214379 9217838 9219661 9220900 9222025 9224441 9226155 9228227 9229832 9231260 9233920 9237180 9238288 9239631 9240528 9242505 9244057 9246081 9247044 9250005 9253305 9256335 9257749 9260486 9261678 9263570 9265171 9266460 9267054 9268679 9271679 9276454 9277932 9278913 9279812 9281581 9282659 9284859 9286417 9287239 9288503 9290459 9291561 9293779 9295189 9295992 9298233 9299335 9301379 9302351 9303693 9305492 9306598 9307665 9309673 9310822 9311618 9313873 9315259 9316858 9320636 9321376 9322063 9325922 9327566 9328567 9330383 9331902 9335155 9337206 9340452 9341711 9346079 9347626 9348853 9349873 9351030 9351918 9353839 9356574 9357532 9359355 9361898 9363173 9365971 9367206 9370313 9371173 9373303 9374353 9377925 9379287 9382167 9385193 9387458 9390671 9392789 9394852 9395454 9396259 9397086 9398733 9401236 9402697 9403280 9404740 9407428 9408168 9411924 9414002 9420069 9429345 9430213 9432046 9435396 9436687 9437354 9439616 9441433 9443453 9445052 9445910 9447270 9448555 9449641 9450735 9452400 9453226 9454085 9459505 9461033 9462365 9465085 9468194 9469014 9470775 9472291 9473214 9474902 9476164 9477154 9479064 9481917 9488011 9489133 9491172 9495942 9499554 9500475 9501218 9502719 9504774 9506908 9507785 9512990 9515717 9517561 9518614 9521704 9522424 9523494 9525263 9527426 9529476 9530725 9535837 9536854 9537740 9538366 9540329 9541648 9543282 9544034 9545902 9548114 9549454 9553107 9554587 9558730 9561820 9563080 9564541 9566730 9567981 9571360 9572624 9573883 9574714 9576559 9578744 9579886 9581465 9584705 9586009 9587659 9588967 9589685 9591452 9593590 9594739 9600763 9601686 9604286 9605019 9608522 9610736 9611724 9612839 9614895 9616434 9618438 9619706 9620422 9621733 9625752 9626896 9628302 9629188 9630196 9631707 9632891 9635197 9638156 9640323 9642630 9644219 9646421 9647388 9648531 9651450 9653106 9654916 9657599 9659150 9661083 9661912 9663819 9664769 9665633 9666627 9667478 9669062 9670007 9671015 9672863 9674520 9675095 9676885 9677798 9679475 9680396 9682473 9684004 9685367 9687205 9688199 9689139 9691554 9692785 9693955 9696178 9699439 9700909 9702071 9703076 9706188 9707449 9708123 9709159 9709905 9711370 9715074 9716990 9717775 9720728 9722466 9724333 9727327 9729190 9731024 9734804 9738352 9740158 9743542 9745534 9746790 9747887 9749419 9750151 9753016 9754313 9755484 9758516 9762214 9765024 9767366 9768712 9770683 9771590 9773238 9774035 9775651 9779413 9780660 9782336 9783251 9784316 9784915 9787027 9788469 9789978 9791036 9791864 9796320 9797811 9799066 9800510 9803583 9805065 9805923 9807344 9808555 9812299 9813494 9815449 9817481 9819920 9822984 9823664 9824980 9826754 9828454 9832095 9832946 9834082 9836599 9838438 9839237 9840335 9842318 9844018 9845744 9846969 9848124 9849880 9851266 9852864 9853582 9854150 9856755 9858434 9860358 9862344 9864131 9865174 9866455 9868679 9870209 9873467 9875162 9877090 9879037 9885277 9886704 9887707 9888534 9889341 9891299 9893707 9896393 9900558 9902812 9904188 9906777 9908822 9912279 9913711 9916169 9916905 9917846 9918554 9919683 9920535 9922378 9923542 9926446 9928632 9931463 9932490 9933771 9934662 9936168 9937389 9938090 9939325 9942894 9949472 9951790 9954401 9956696 9958232 9960522 9962293 9963276 9964523 9966997 9968098 9969688 9971984 9973036 9974552 9975505 9976590 9977730 9980044 9980924 9982569 9984490 9988385 9989599 9992218 9993892 9995989 9997017 9998250 9999045 
</Matrix>
<Matrix name="Neuron_507" type="complete" rows="1" columns="2183" multiplier="1.0">
   798 3064 7039 13845 17059 21685 22883 24184 29965 38126 45492 52581 56427 58314 62336 69677 80024 81346 82327 83650 84966 91379 101780 107746 112030 113597 121305 126052 128231 139940 154043 158516 160970 165746 167694 171028 173782 183334 184893 190509 200283 204645 205696 212468 222078 229665 231330 232474 233886 239618 244528 252006 253321 259030 260866 268909 272294 275924 279719 282308 286234 291656 293348 299219 308180 329335 330541 333261 338926 345242 348308 353207 356994 367794 374369 379960 387008 388585 394371 400223 401686 403038 404493 406855 410107 414702 417119 418558 425024 426353 433475 438912 441630 450463 453167 461545 466250 472484 474241 476866 478175 482948 489047 490996 493017 505152 511715 516508 522289 524439 530215 536053 538331 539410 541034 549563 550526 553379 556117 561898 564272 566966 568781 570002 571554 577748 580254 583116 588801 596274 600720 603919 606801 613766 618390 624888 625674 633696 635371 639735 643045 648728 658040 671721 678091 679859 684652 687041 690304 694815 696657 698887 700805 726323 729516 733148 736166 738947 742185 754009 754983 757448 759365 761014 764843 776789 777831 779337 790058 794691 797128 803707 805252 808199 825837 832251 837880 840344 843301 846073 861325 863876 866509 867881 880176 883463 889405 894256 902168 907265 910567 912300 919467 921337 927004 929092 943254 945267 947611 951820 962234 964231 966992 969118 972033 986343 988513 992238 996564 1007715 1015651 1018497 1020811 1026431 1033001 1035537 1046442 1049088 1051844 1059097 1063986 1065499 1067998 1075249 1076524 1081802 1085789 1090632 1097749 1098940 1103692 1112254 1116402 1117960 1119198 1127314 1132145 1134312 1148210 1153400 1154400 1157006 1158705 1161991 1165943 1170112 1178934 1197242 1198741 1200249 1201463 1205728 1209099 1212756 1220362 1227808 1229944 1234116 1237226 1238593 1240500 1243114 1244163 1246223 1250242 1267830 1269843 1270669 1276255 1279303 1280392 1281672 1283387 1284723 1288318 1291394 1292689 1299181 1302957 1310247 1318964 1333115 1335836 1336818 1339644 1341140 1344789 1348319 1358857 1360403 1365416 1367317 1371023 1372250 1376091 1378838 1382674 1384228 1389624 1392360 1395597 1405281 1411200 1414286 1418869 1421153 1433596 1450316 1451632 1453660 1457395 1458606 1462172 1466095 1469272 1473747 1479311 1485578 1492730 1504286 1507101 1507935 1510024 1512752 1517053 1519103 1524097 1529468 1533813 1535543 1538250 1541014 1543478 1544799 1547897 1549228 1554966 1557624 1567578 1574133 1576310 1578425 1584357 1589676 1592743 1595649 1597311 1599937 1604066 1613044 1616397 1619459 1629756 1633697 1648636 1658776 1666763 1668017 1673179 1680588 1684851 1687642 1690115 1692582 1698241 1701594 1708113 1713405 1719846 1722858 1724974 1729469 1733966 1736536 1738269 1742314 1745817 1756992 1775131 1779431 1780682 1787705 1789714 1796095 1801468 1806728 1809862 1815380 1816449 1819357 1820546 1834109 1838335 1844711 1848052 1849352 1850999 1852760 1855195 1858716 1863976 1865711 1867063 1873719 1878039 1880389 1885204 1891055 1894498 1903605 1906099 1920260 1922167 1926035 1929942 1933393 1946188 1953366 1957328 1958342 1964147 1973070 1976703 1985019 1986523 1990465 1992724 1995888 2007522 2008815 2011610 2012913 2014439 2017385 2019714 2025148 2026083 2031005 2033578 2051928 2053143 2058406 2065576 2076008 2078003 2079260 2081350 2082317 2083210 2096704 2106200 2109809 2112063 2113521 2118660 2120833 2122543 2125929 2133669 2139601 2140905 2142586 2149777 2158583 2160056 2163080 2164743 2171321 2183935 2199843 2201246 2208527 2211435 2213778 2220734 2223206 2232134 2234220 2235287 2238959 2240278 2242087 2253925 2255288 2256479 2257696 2272128 2273602 2281081 2282641 2286866 2292694 2296933 2297716 2305374 2308970 2318590 2320484 2325417 2330824 2333598 2335889 2337298 2346684 2353541 2357238 2358820 2362872 2365210 2371802 2374439 2379100 2398264 2399560 2405256 2406840 2421687 2423330 2425113 2428320 2432889 2435402 2438843 2440676 2444799 2446649 2457344 2458548 2464141 2469643 2473206 2475164 2476452 2478074 2481338 2486368 2487267 2488130 2489240 2498651 2512223 2514693 2517393 2527336 2543291 2552371 2555121 2557138 2567306 2570096 2571276 2574592 2577164 2579075 2581985 2586270 2589787 2592471 2594197 2597510 2599275 2600958 2603479 2605700 2613006 2616149 2617754 2619079 2622297 2628327 2637546 2641543 2648842 2657883 2660127 2661700 2671613 2675886 2678810 2680400 2683790 2685310 2691463 2695009 2696609 2705844 2714422 2716380 2722838 2724456 2733628 2737670 2742792 2748231 2749566 2761755 2763522 2766521 2769341 2776002 2780981 2782160 2788981 2790758 2792218 2793494 2798242 2800130 2812456 2827398 2836970 2841735 2845221 2846315 2847689 2848441 2857255 2859111 2860582 2861845 2863782 2867155 2869301 2876629 2882828 2885085 2887527 2901977 2911743 2914022 2916065 2917774 2920661 2927961 2929888 2939067 2940411 2944341 2945988 2949778 2953379 2957535 2962784 2964906 2971787 2974077 2976318 2987210 2990371 2994373 3000776 3003288 3010102 3011286 3015698 3026212 3032207 3037432 3039723 3041041 3041885 3043517 3046253 3057739 3063350 3068004 3079172 3081262 3086531 3090653 3102585 3103972 3107019 3110241 3118908 3122517 3126494 3137802 3139092 3144066 3151113 3152103 3155261 3158576 3161637 3164814 3167503 3177247 3186192 3189992 3191141 3192453 3193442 3201408 3203137 3204712 3206189 3211433 3216637 3221205 3222567 3226086 3227131 3231083 3235806 3236874 3238710 3241764 3245106 3253227 3255080 3256754 3265242 3267327 3269310 3278615 3283646 3293987 3296916 3302183 3304257 3305546 3312550 3314449 3315109 3318282 3323904 3330374 3343248 3344696 3350866 3352355 3360749 3365047 3366903 3374625 3377275 3384629 3395560 3399285 3410648 3415483 3416503 3422245 3426175 3434108 3441733 3445945 3448699 3450817 3454070 3456257 3457986 3465763 3466580 3471071 3475578 3479501 3480821 3491382 3492432 3499929 3502738 3517089 3525746 3526715 3538698 3542044 3544057 3552786 3555227 3561271 3566303 3567737 3571966 3575909 3586351 3600699 3603307 3607783 3608517 3612380 3616591 3617849 3619237 3620673 3626160 3627584 3633279 3639184 3643109 3644155 3654688 3655694 3665679 3672348 3676227 3689182 3693752 3700185 3702041 3704203 3710220 3712640 3716709 3723210 3726462 3730318 3733635 3735806 3738721 3739867 3742225 3747926 3752094 3761076 3772722 3775093 3780253 3781649 3784811 3791393 3796717 3803740 3805589 3809513 3819595 3821833 3826112 3828247 3830892 3831719 3836113 3838638 3841141 3842677 3847399 3849110 3852258 3853819 3858335 3859698 3864798 3874906 3876398 3877647 3888342 3890683 3893276 3907115 3913145 3915370 3916686 3918256 3919928 3922759 3925360 3929937 3931918 3938968 3944517 3950349 3954213 3968411 3973664 3976822 3986292 3989434 3992154 3993369 3998913 4001964 4005394 4019622 4020636 4022012 4023680 4026465 4027390 4028950 4033169 4035127 4036143 4038847 4042469 4045280 4046686 4048265 4054344 4055627 4066188 4069217 4074077 4087122 4088254 4089518 4092900 4098277 4103750 4105498 4111591 4115278 4116696 4119750 4125009 4136919 4140994 4142872 4143906 4155994 4159850 4161682 4168146 4173633 4180052 4183251 4184441 4187300 4190402 4194730 4196294 4197892 4200010 4201250 4205221 4213043 4216097 4217461 4218937 4224690 4232841 4239435 4241031 4250297 4252713 4253807 4255927 4260161 4262259 4266239 4272059 4274276 4276702 4280697 4284086 4290988 4293023 4295407 4312690 4316314 4318010 4320531 4323502 4325114 4331532 4343210 4348958 4353711 4359774 4360701 4364720 4369226 4374910 4385276 4387650 4391535 4392742 4394411 4396820 4405559 4411515 4421607 4427384 4431377 4437357 4441167 4445464 4451049 4452684 4453910 4457923 4459754 4462478 4464210 4467280 4478745 4480858 4492837 4499441 4500991 4503113 4506949 4521311 4524883 4533959 4539644 4542375 4548502 4552075 4560708 4565962 4568837 4571034 4572423 4578812 4584675 4587496 4591271 4601161 4606286 4613365 4617820 4621016 4623247 4624377 4626201 4628391 4633312 4638304 4642372 4650403 4653426 4657821 4659744 4673673 4678992 4683087 4684111 4693526 4696447 4698426 4705420 4708328 4711603 4715220 4721065 4725167 4727634 4731070 4735113 4739644 4747776 4752000 4755126 4756649 4760391 4768204 4777002 4779866 4782183 4787353 4791687 4797302 4806858 4809210 4812511 4815398 4817753 4826326 4830013 4841813 4843945 4847316 4849437 4852233 4855541 4863888 4865401 4867408 4868594 4871908 4874506 4875937 4877975 4884408 4885774 4889232 4894816 4896881 4901632 4908012 4910820 4914671 4918582 4922909 4928312 4945587 4947386 4949005 4954382 4957591 4963920 4970014 4972907 4974808 4977199 4979537 4983108 4989328 4993677 4998656 5000320 5003544 5007687 5009503 5011699 5016268 5018795 5027291 5029974 5030969 5032555 5034854 5036979 5042500 5045237 5054849 5059731 5066435 5069015 5072109 5073158 5079062 5082458 5084118 5087384 5090284 5091608 5110668 5113395 5116068 5121295 5124782 5126158 5130149 5140877 5149041 5156730 5166203 5174734 5177438 5179200 5180697 5191171 5201700 5204659 5206038 5211817 5214001 5223565 5225806 5227291 5233308 5237588 5247833 5253520 5260544 5262707 5265562 5268021 5280452 5284911 5287026 5289844 5295856 5298399 5307363 5311393 5314880 5320183 5322463 5324014 5325488 5331634 5333741 5335574 5337303 5341868 5347003 5350439 5355167 5364414 5373804 5377329 5379855 5381993 5396780 5400638 5406218 5408971 5413901 5416608 5422886 5423614 5430153 5437808 5442523 5445416 5449655 5451087 5452354 5460604 5466408 5474966 5477272 5479493 5481307 5482471 5483963 5490408 5492264 5497567 5499449 5505132 5506016 5517071 5519708 5522333 5524609 5525622 5527174 5530210 5532570 5539783 5544378 5546577 5557144 5566464 5569011 5574955 5577374 5578636 5582434 5586648 5590653 5592702 5601951 5605895 5613585 5615728 5620866 5629884 5637973 5641443 5647540 5650537 5655122 5656921 5662965 5663882 5666352 5670978 5676283 5678613 5680133 5683680 5691895 5694519 5697491 5701867 5705436 5706653 5708125 5716700 5724589 5728545 5736171 5740295 5746816 5751654 5754595 5760370 5762610 5768193 5776012 5777120 5778512 5779525 5780704 5785550 5788963 5802871 5803703 5813934 5815013 5824825 5826582 5836863 5841288 5845609 5847180 5848770 5854258 5856854 5858854 5871372 5874305 5877245 5880013 5882787 5883990 5886839 5889020 5891886 5894023 5894962 5903410 5905430 5906717 5915979 5919008 5926512 5929363 5931608 5935765 5940601 5944974 5946737 5949934 5961205 5963264 5971975 5973286 5991596 5993304 5995698 6004654 6005812 6008493 6009684 6011690 6013590 6015912 6019812 6022908 6025772 6029255 6030564 6032182 6040241 6042257 6056804 6058759 6063602 6077741 6083550 6087241 6089199 6111403 6118546 6139889 6141329 6143203 6144277 6145927 6162270 6163227 6164905 6167091 6174499 6175740 6179523 6180772 6189950 6190789 6199671 6205717 6208205 6209327 6211661 6214937 6219343 6221176 6223050 6228562 6231262 6242937 6253844 6255209 6260725 6261669 6264892 6266396 6270701 6272659 6274032 6275806 6278294 6286705 6289805 6291724 6292889 6294545 6301211 6305051 6318086 6331786 6340241 6342189 6343246 6346825 6348742 6364973 6369579 6373283 6376666 6378987 6382161 6383376 6388467 6405240 6407016 6416570 6418484 6432910 6438199 6447947 6450112 6462561 6466735 6471181 6474634 6476460 6478136 6482281 6484237 6486356 6495612 6497562 6503187 6508347 6509404 6511524 6513532 6515313 6519818 6522277 6525340 6530063 6538191 6539488 6541875 6543753 6548222 6550780 6557507 6560551 6564726 6567487 6571626 6572907 6576723 6581194 6589433 6590806 6598611 6606807 6614440 6619109 6627516 6631107 6633587 6637655 6649656 6652086 6654412 6656473 6659939 6665291 6666338 6669347 6672019 6678496 6680710 6684003 6686803 6691088 6696008 6698333 6710944 6714028 6722622 6735823 6738114 6741014 6741986 6744817 6751899 6753585 6760844 6762281 6764300 6768178 6769546 6774354 6776075 6782554 6788838 6794431 6796603 6803335 6812540 6821721 6827211 6830546 6831954 6837995 6839178 6842567 6848337 6850386 6852344 6854505 6861150 6872550 6873882 6883141 6888445 6890900 6895490 6903304 6905866 6911580 6913710 6916406 6922635 6929226 6933231 6934880 6936870 6941196 6943675 6949175 6954765 6958903 6964926 6970397 6973744 6975393 6977348 6979747 6986699 6991000 6997713 7000145 7005368 7008675 7011294 7017128 7025235 7031470 7033904 7041848 7055515 7060138 7062913 7064927 7070545 7077048 7080837 7088049 7089291 7097464 7108210 7112131 7114192 7120934 7122885 7127635 7130834 7132073 7133271 7145637 7150306 7153026 7156107 7157426 7163758 7170338 7176609 7180796 7183649 7187256 7189297 7191450 7203042 7206463 7210606 7214551 7219716 7221477 7224047 7226514 7229809 7232439 7235532 7247399 7260436 7265686 7267056 7275554 7278605 7285090 7293779 7297753 7300001 7319162 7320943 7330575 7334322 7335126 7337562 7340182 7341357 7342425 7349121 7352207 7353960 7358251 7360649 7361856 7364076 7366125 7367459 7371372 7373843 7377258 7380456 7383983 7384985 7388285 7411632 7412859 7415486 7416645 7419280 7420643 7431624 7435975 7437484 7442316 7448477 7453485 7455830 7458985 7460693 7470385 7477818 7483409 7489438 7492546 7504897 7506065 7513335 7515582 7527287 7530398 7531748 7533561 7543065 7551144 7553644 7560135 7564085 7565209 7567452 7583703 7588378 7592098 7609629 7615406 7620737 7633341 7636855 7644372 7646866 7652181 7656663 7658874 7668038 7685698 7687167 7688775 7692063 7698154 7699530 7702292 7712297 7723338 7728008 7728956 7730123 7734942 7739190 7747636 7750264 7753320 7757212 7767471 7770152 7775815 7779940 7787105 7787958 7794046 7799124 7802640 7809543 7816137 7819569 7823434 7825173 7827183 7835488 7843711 7847219 7850701 7856797 7864614 7871953 7875764 7888153 7891837 7894322 7899397 7901659 7906585 7907989 7912249 7915066 7917409 7919078 7921927 7933008 7938824 7939937 7944714 7951299 7953836 7959047 7963344 7967203 7970706 7973035 7974246 7977273 7978305 7981241 7983225 7992123 8001734 8007225 8011024 8016283 8017270 8028874 8030409 8032559 8039246 8043895 8049025 8053607 8055226 8058615 8061168 8065542 8067471 8068398 8073996 8077271 8082438 8086759 8089585 8101983 8116709 8117607 8119099 8121466 8123054 8130711 8134325 8143625 8145116 8160971 8162277 8174829 8183805 8198904 8204213 8209707 8212446 8216216 8218866 8223744 8233793 8238804 8249831 8253849 8257176 8266452 8267657 8274608 8277662 8278717 8282777 8284672 8287412 8290879 8294201 8297094 8298675 8299667 8303516 8305995 8310290 8312285 8323995 8328223 8329549 8331890 8335203 8339767 8345720 8351657 8354670 8357437 8359484 8370977 8375201 8390591 8394239 8395254 8400080 8405711 8407720 8413814 8423951 8426226 8427392 8433130 8435888 8436688 8439214 8441805 8444267 8448948 8451043 8454234 8459663 8461575 8463627 8469863 8472988 8474959 8476260 8478582 8481018 8482706 8487134 8494420 8496377 8510324 8512119 8516210 8517998 8521308 8533932 8541399 8549982 8551677 8558305 8562626 8570764 8572343 8576599 8581075 8585287 8586649 8589033 8590395 8598349 8604653 8612472 8616637 8618577 8621594 8625290 8627227 8630908 8643999 8654281 8664356 8669581 8672537 8676225 8681174 8683315 8685489 8688307 8690459 8693750 8695211 8701260 8702740 8704557 8710799 8715217 8725537 8738959 8741554 8744277 8751279 8754629 8762826 8764380 8770209 8777303 8778811 8779655 8784009 8785670 8786601 8794518 8795935 8797181 8805005 8807694 8809569 8813338 8817071 8818516 8820770 8830211 8831470 8846927 8848938 8858931 8861038 8864805 8865944 8868290 8870512 8883341 8885479 8887663 8897280 8904699 8907970 8911141 8912473 8916335 8917747 8923714 8925475 8928753 8929996 8932170 8939465 8945416 8947194 8954447 8960913 8966050 8970220 8988127 8990559 8995300 8996759 9003346 9013634 9015380 9016216 9021014 9022931 9026160 9027884 9030843 9031876 9035497 9040987 9049976 9052208 9057653 9058960 9061521 9066234 9067472 9069285 9070616 9075910 9078405 9082320 9083848 9093502 9105365 9106953 9108790 9110994 9115056 9118584 9123620 9128771 9138594 9140715 9143322 9144465 9146150 9149164 9150440 9152826 9155134 9160876 9166719 9171428 9173169 9176538 9179649 9185636 9190459 9191517 9193434 9204399 9207934 9211782 9214082 9220050 9221887 9225484 9232570 9235743 9241178 9242421 9244729 9252416 9257389 9259002 9260511 9263261 9266271 9269069 9278288 9280484 9286391 9288048 9293077 9298137 9301697 9306256 9312484 9317719 9319679 9322563 9323635 9325357 9331702 9342059 9347377 9352228 9364958 9369855 9372394 9375005 9378086 9397743 9401270 9405333 9407994 9410548 9413458 9434263 9436411 9449437 9484422 9487859 9489579 9491766 9496947 9511122 9518367 9523126 9527642 9532462 9544356 9550969 9552153 9556204 9559076 9562923 9564346 9573260 9576244 9590546 9592585 9594634 9600224 9605641 9609212 9610407 9614350 9621819 9623192 9629204 9630680 9632505 9633656 9637827 9639805 9646995 9649860 9654304 9655335 9657951 9659867 9664375 9666612 9676821 9684539 9689162 9692026 9708505 9712511 9718519 9720104 9723309 9733691 9735443 9745621 9751000 9752907 9754696 9757184 9758626 9760592 9763995 9765217 9767629 9771212 9777749 9790570 9793111 9798100 9803120 9805952 9809482 9812002 9823990 9828621 9830520 9833509 9850343 9858168 9861043 9867442 9874610 9876845 9878096 9879564 9883005 9884755 9885852 9889372 9897859 9902718 9903975 9906852 9909219 9913540 9919928 9922032 9928632 9936129 9951511 9970911 9973698 9976052 9977471 9979395 9982459 9987667 9989706 9990864 9995738 9999377 
</Matrix>
<Matrix name="Neuron_511" type="complete" rows="1" columns="436" multiplier="1.0">
   38319 65316 106454 108816 164341 209556 218610 243665 349459 351678 372433 383423 401790 425306 436051 479190 483279 488909 496999 503911 525281 526218 550625 598436 609331 614205 655165 667587 689750 737557 791512 854208 883527 900584 904542 911444 930737 956757 990855 998882 1037940 1100985 1106165 1188020 1196206 1202877 1225614 1235165 1276041 1362719 1386220 1425789 1462723 1540883 1569775 1595885 1629486 1680831 1695798 1738996 1739930 1775400 1782889 1827931 1836904 1859294 1865088 1883061 1885856 1892864 1896149 1912558 1965553 1993700 2009078 2028569 2066299 2157371 2162728 2196309 2215887 2218805 2223079 2265659 2282821 2304161 2311746 2328876 2401200 2444027 2517498 2532990 2574738 2637986 2667251 2672856 2691467 2700138 2701703 2706118 2708501 2721499 2726136 2748928 2755852 2835803 2866228 2869566 2976160 3089735 3095924 3147918 3151499 3176374 3207948 3222548 3240384 3331295 3341308 3362051 3385645 3397162 3402619 3414414 3434230 3439169 3494535 3500400 3505664 3590377 3623229 3634719 3637993 3737050 3755198 3773199 3793211 3806915 3812274 3866004 3917032 3924116 3928505 3935810 3979473 3985641 4015262 4028455 4033236 4039468 4043103 4079427 4090789 4098473 4152997 4191613 4213729 4235576 4240097 4241615 4288619 4313461 4369547 4396861 4441180 4457315 4476690 4527825 4534133 4547852 4556364 4576387 4595170 4629713 4636120 4650228 4693915 4695745 4714244 4715637 4725945 4752163 4789350 4796126 4846217 4854049 4880090 4883049 4909485 5044924 5055642 5077599 5103473 5108859 5126695 5129566 5134168 5142923 5149828 5170419 5202950 5209602 5243544 5314051 5322148 5354477 5372099 5382760 5385197 5386767 5414022 5424371 5441886 5443745 5456556 5470036 5476304 5483946 5495365 5516150 5536882 5550215 5601468 5606268 5669592 5692415 5696614 5710457 5738060 5744068 5754363 5783341 5817059 5821351 5846081 5851079 5963388 5969169 5986846 5989166 6004590 6013776 6051995 6068567 6070306 6072526 6074929 6085752 6116757 6132465 6210491 6214504 6223429 6250806 6257774 6277461 6279944 6312905 6325354 6326472 6333682 6355341 6374739 6378054 6390009 6395157 6400357 6410706 6434411 6450244 6453249 6467925 6472904 6479979 6550880 6561540 6585536 6591461 6619556 6621626 6625242 6657510 6661286 6729071 6733618 6735614 6754728 6793955 6847338 6933715 6945980 6972945 7055768 7064697 7067713 7070519 7072398 7090973 7130434 7131751 7133623 7151113 7162036 7169124 7171485 7183182 7218297 7219114 7221584 7228871 7286929 7309001 7348094 7358870 7375158 7384738 7401912 7421035 7429040 7478065 7491430 7518063 7520967 7532396 7555755 7565069 7607353 7615784 7704492 7709874 7753039 7759726 7768941 7779558 7800742 7865439 7874853 7892987 7912086 7938752 7941843 7967466 7993142 8008043 8049903 8052939 8073567 8085941 8105892 8114314 8124673 8139890 8143242 8170916 8177960 8180558 8183989 8199600 8204443 8271943 8324242 8339860 8365601 8403198 8424282 8432924 8447916 8459528 8485583 8496307 8499502 8500321 8507000 8548611 8564776 8574004 8576962 8597205 8600186 8608357 8613051 8642963 8674933 8699898 8716709 8783114 8788511 8802428 8810752 8846245 8853903 8861608 8893717 8899591 8914483 8916398 8956608 8973220 8987314 9030164 9073559 9100833 9106199 9159649 9225777 9243035 9284793 9293343 9347767 9377535 9381353 9425916 9435954 9483164 9577651 9583556 9591142 9594053 9598579 9613445 9627977 9668076 9682134 9683875 9687797 9710845 9726050 9832487 9884571 9890444 9901530 9931807 9939510 9942049 9984206 9990482 
</Matrix>
<Matrix name="Neuron_514" type="complete" rows="1" columns="1838" multiplier="1.0">
   3853 5546 7262 10545 12849 17402 21042 22772 26414 34364 42109 50716 58782 63102 71664 75484 79925 85171 88536 99373 105271 112785 124867 128362 131295 162606 168610 172675 174866 179233 189199 197511 202457 203776 217361 220706 224084 227912 243756 248229 251983 261122 268491 272078 283355 298606 301113 312136 315030 325123 339754 344196 347237 352217 356506 362502 363788 369434 378318 380006 391124 396033 397602 400219 411463 414190 429519 435282 441985 450153 451485 452860 471296 483313 488240 490313 492042 493175 497220 500743 511646 523922 531666 532778 534837 537784 556231 566241 567421 570612 572770 574411 580574 582778 585445 590871 595874 610748 612510 613544 615751 619420 625980 632136 633558 637060 643708 648877 650135 651204 652597 661824 663989 668205 672325 679270 680842 684248 692055 693057 697493 703323 704657 714518 723275 726487 727831 730121 738308 741410 746664 751115 754464 757927 760316 763807 765962 768005 772433 774214 776602 789686 791400 797644 801679 810718 816310 820284 824029 826700 840591 846413 847612 849308 851018 858068 861562 863161 864376 865860 871014 880350 886355 887652 889928 893541 894448 899964 901839 917392 922357 926448 929121 931619 933348 935324 942082 974198 990190 992572 994231 1002788 1005444 1011588 1014513 1017515 1020618 1026337 1039695 1043105 1052928 1054843 1067876 1069557 1071024 1081310 1088869 1090257 1091489 1100842 1105299 1122164 1126100 1131985 1135571 1142437 1143652 1145926 1149257 1152648 1162512 1168039 1175708 1186121 1193052 1196338 1198009 1200141 1212556 1216485 1223247 1227093 1232039 1236985 1239746 1241037 1246247 1249682 1271296 1274962 1279450 1282412 1285552 1287738 1293195 1295854 1305191 1306666 1312030 1319410 1324191 1327795 1330274 1331320 1347603 1354239 1361547 1376379 1379000 1382788 1384664 1386648 1389057 1395896 1404044 1406505 1407886 1409118 1424346 1430096 1433935 1440465 1443783 1447942 1457453 1464869 1476450 1478958 1483250 1484638 1504147 1519172 1523245 1524984 1533743 1536926 1545314 1546517 1549725 1554482 1567188 1580261 1592373 1593976 1602809 1610568 1617280 1623371 1625023 1632268 1641379 1644571 1647689 1652832 1655922 1659917 1667293 1671413 1673502 1681873 1684459 1689059 1704205 1711013 1715207 1718308 1735688 1739616 1754792 1774899 1778425 1781353 1790336 1794216 1797918 1801031 1803691 1805374 1811128 1814887 1816964 1822280 1825226 1842223 1845997 1850879 1853221 1854667 1862459 1867104 1868685 1870295 1879847 1885706 1890125 1893337 1898398 1901306 1903202 1906321 1926632 1930969 1935502 1941133 1955430 1956709 1970809 1979303 1982224 1991850 1996943 2008441 2013056 2017639 2019623 2034761 2037677 2041061 2042316 2044209 2054634 2064669 2077831 2080307 2086610 2096456 2102794 2110592 2122026 2128210 2132479 2137245 2141319 2154988 2158125 2161947 2166077 2170144 2183334 2188566 2197490 2208795 2220002 2221029 2223032 2225820 2228102 2231399 2234921 2242283 2246891 2248467 2249714 2251001 2259323 2262491 2275918 2288931 2294888 2298927 2300872 2303639 2310234 2313883 2315147 2317924 2322594 2331822 2333596 2334444 2336280 2338515 2340694 2350898 2354960 2361051 2372446 2373997 2374947 2386746 2398212 2399573 2401170 2404550 2406402 2408644 2414861 2425784 2426717 2428645 2439418 2452367 2454739 2456323 2457194 2462738 2468909 2474595 2506031 2513916 2515436 2518173 2527819 2530395 2535594 2536578 2538649 2547734 2548990 2566801 2570063 2573091 2576715 2580309 2584722 2609293 2611230 2615480 2616685 2622648 2624022 2631714 2643629 2653806 2661875 2663247 2665546 2670806 2673472 2675623 2679849 2682904 2688109 2691600 2701321 2703147 2704799 2708065 2711089 2721428 2729983 2734715 2738706 2747836 2753159 2770045 2771628 2773950 2775078 2776794 2778534 2783595 2785196 2787266 2789099 2791968 2796714 2798167 2800831 2806565 2809131 2812189 2819120 2820691 2831087 2833957 2835232 2842718 2847425 2850097 2851645 2853086 2865611 2872172 2873895 2876907 2879540 2891086 2897049 2900358 2914251 2924822 2947235 2951521 2954537 2957167 2965365 2967387 2972026 2975734 2984102 2990378 3003127 3012130 3022158 3035527 3037744 3038763 3039745 3041289 3050388 3052900 3058481 3061461 3065592 3067055 3070302 3072955 3074200 3084560 3092714 3097321 3109650 3112586 3131772 3136273 3141730 3148715 3151542 3183686 3190397 3193173 3195507 3202288 3204284 3210617 3218425 3227283 3230476 3232724 3238140 3240701 3242777 3245053 3248801 3256396 3257475 3260487 3270152 3271893 3273209 3274773 3280736 3282220 3284149 3287489 3298518 3302147 3304887 3307027 3309378 3310615 3317536 3320157 3324591 3327022 3330854 3339307 3346682 3350140 3358333 3365960 3366886 3369576 3375649 3378773 3380199 3382477 3400676 3405859 3412181 3413864 3420019 3426167 3427775 3428922 3432790 3443905 3455681 3461361 3476469 3479541 3487863 3496938 3500018 3502434 3508367 3509726 3512124 3517272 3518800 3529688 3531464 3540026 3546364 3548866 3551176 3554506 3570378 3577568 3581973 3585313 3612880 3615747 3620579 3623091 3636997 3640211 3642391 3657821 3663199 3665843 3669110 3674876 3678767 3683709 3698536 3701529 3704065 3705954 3715842 3730730 3745041 3762904 3764400 3768662 3771582 3773049 3775660 3778465 3783051 3784602 3790657 3793621 3795139 3798723 3820155 3822438 3824492 3832308 3833791 3835631 3838593 3842825 3852616 3855554 3857832 3861185 3864103 3865010 3875384 3880161 3882453 3902547 3910152 3912349 3931814 3944428 3947664 3948893 3951612 3958390 3965836 3976526 3979583 3981405 3983144 3986746 3995618 3997614 4006571 4013674 4016572 4018499 4023323 4028538 4030133 4036599 4040904 4050138 4053610 4056118 4060801 4062568 4064005 4066767 4070007 4075674 4078193 4079394 4083156 4091044 4108440 4109547 4111250 4117405 4118775 4123891 4127059 4131968 4135860 4136974 4138342 4141694 4150433 4158680 4163256 4166930 4168113 4177322 4178968 4191408 4193551 4195115 4203952 4206711 4215154 4222966 4236701 4241167 4251115 4259307 4260743 4262483 4264122 4269239 4274212 4282126 4283080 4284886 4287245 4291211 4296068 4308634 4315898 4318499 4320355 4325706 4343648 4354069 4355599 4360026 4360806 4368691 4371512 4379622 4382794 4389804 4395959 4404845 4412580 4416076 4425942 4434085 4437096 4440514 4442036 4444587 4460115 4462756 4464240 4465792 4466740 4472005 4473197 4476030 4485245 4486386 4491330 4499076 4509443 4515057 4521768 4526333 4537656 4543990 4544957 4548345 4561008 4565911 4569205 4570731 4580533 4589057 4592847 4594624 4611800 4615488 4625868 4629077 4637987 4639771 4641900 4644099 4646535 4650926 4657366 4660354 4663293 4664818 4669341 4681766 4685356 4695799 4697071 4708463 4717429 4721942 4723336 4726880 4732946 4735950 4737471 4742875 4747454 4758986 4783050 4785383 4790790 4794128 4796105 4805886 4812330 4818933 4821247 4824375 4831086 4833441 4837894 4840294 4844393 4852278 4855445 4857052 4861088 4864941 4870300 4871497 4876429 4878899 4882696 4884291 4885895 4890006 4892360 4896868 4905664 4910973 4917323 4918412 4919868 4922293 4925097 4938335 4948741 4953412 4961288 4962701 4964715 4969831 4979794 4982586 4994244 4995077 4998560 5001469 5006222 5009732 5011731 5025455 5028706 5030084 5040702 5046188 5054875 5062793 5075441 5081291 5088412 5090668 5096747 5098556 5106992 5112063 5113858 5117942 5120477 5121748 5126025 5131544 5134446 5136162 5141443 5142889 5146147 5149179 5153081 5155023 5158109 5159516 5161284 5166547 5169707 5175137 5187807 5191251 5197629 5201188 5203371 5205770 5210255 5216517 5219092 5229749 5235135 5238573 5241286 5245693 5247058 5257335 5264261 5265236 5275349 5290741 5293466 5302539 5305325 5308303 5311365 5314769 5323305 5326698 5330641 5332508 5335348 5350353 5362852 5374554 5376107 5381790 5388225 5399758 5407300 5411562 5413484 5416071 5417401 5423038 5440249 5448676 5453120 5455894 5458455 5460717 5464335 5469893 5472075 5481920 5487304 5501286 5519239 5521484 5528775 5530977 5535695 5537743 5540379 5543039 5544070 5550602 5553435 5555300 5556418 5557536 5564423 5567194 5570490 5581850 5584063 5597227 5600021 5605968 5607695 5619937 5621703 5625021 5633645 5640143 5641173 5645390 5648641 5651560 5653665 5656473 5665299 5669608 5670853 5680121 5693423 5695398 5697316 5699673 5702173 5706888 5708070 5710103 5713074 5718975 5727141 5728156 5741737 5744984 5748018 5749936 5756367 5758083 5760861 5771865 5774563 5781109 5787895 5795614 5803077 5807235 5812457 5816640 5819983 5826621 5829278 5833525 5835097 5842408 5846688 5847959 5860369 5862648 5863614 5868396 5870224 5874878 5884862 5889960 5894682 5897297 5903989 5923298 5928570 5933413 5935569 5939569 5943793 5946021 5947242 5951184 5952810 5957163 5961382 5963340 5964830 5966900 5969476 5970159 5974195 5980059 5991403 5995959 5998414 6014787 6018866 6020557 6024590 6028567 6032752 6038904 6044610 6055150 6057580 6060261 6062245 6066814 6070002 6073359 6078153 6081153 6083408 6091218 6113205 6131572 6140641 6143507 6146979 6148743 6158831 6161282 6165365 6167011 6177713 6181519 6182569 6188595 6198998 6201782 6203439 6210866 6216619 6217975 6228514 6231162 6234076 6239098 6244378 6255719 6263222 6267132 6273526 6275631 6279118 6283644 6290105 6292288 6294209 6305957 6308519 6313283 6316955 6322900 6324776 6326316 6327936 6337508 6342843 6348552 6350903 6359892 6361792 6363135 6365054 6367302 6372015 6380452 6390397 6403160 6408155 6425286 6432175 6433204 6441954 6444831 6453310 6454630 6463934 6471194 6482451 6484045 6492687 6495718 6509542 6519730 6525401 6528754 6532578 6537064 6539196 6544968 6548823 6556757 6561039 6564433 6566400 6568460 6574838 6596339 6606067 6616417 6622405 6626841 6629142 6638475 6642797 6648051 6650648 6653572 6656880 6675020 6682281 6683458 6685542 6700156 6701099 6704217 6705394 6706982 6709481 6711203 6720183 6723408 6729472 6732634 6736567 6748281 6756867 6759654 6762109 6766549 6769119 6774879 6777723 6780770 6786169 6793028 6795822 6797734 6814058 6815684 6823229 6826057 6832744 6834242 6852552 6858523 6867462 6874196 6880494 6881972 6883506 6886810 6891603 6892350 6893647 6896599 6903163 6908310 6910411 6912202 6918273 6920857 6923913 6925933 6930178 6931637 6935582 6941273 6945433 6947206 6954067 6956755 6970259 6976625 6984679 6995177 7002768 7009103 7018184 7021402 7029737 7033718 7036537 7058276 7066569 7070504 7076329 7078976 7086194 7097152 7101978 7115978 7117919 7118974 7133153 7145078 7155610 7165287 7167968 7169496 7175919 7177623 7178447 7179915 7188596 7191647 7195618 7201458 7204162 7206617 7208566 7211178 7215080 7220042 7222802 7226669 7229810 7238339 7240665 7243452 7246606 7250903 7265186 7270809 7272038 7275091 7279523 7282344 7285817 7292975 7298899 7304823 7306333 7315006 7324320 7335361 7341011 7344268 7348782 7357028 7366187 7367402 7376127 7379065 7383852 7387891 7392008 7395539 7407839 7411679 7416680 7417941 7419856 7424819 7429235 7431346 7434674 7436131 7437873 7440467 7452609 7461517 7468081 7475726 7494851 7502492 7504419 7517801 7527116 7528255 7533968 7539049 7553820 7555639 7561094 7562702 7567747 7577621 7578687 7583263 7584753 7593177 7595201 7601564 7606552 7618350 7639123 7644992 7647300 7648327 7656333 7658711 7664850 7670019 7679449 7683813 7688028 7698913 7703223 7707561 7708743 7717801 7721600 7741126 7747155 7754193 7756568 7757876 7761180 7770694 7772723 7776647 7779896 7783109 7787326 7789633 7795538 7801363 7803827 7813046 7819520 7821905 7823828 7829182 7832182 7836756 7838280 7839344 7843867 7850181 7860321 7866129 7877903 7879750 7882336 7884157 7890847 7897226 7899598 7910961 7916314 7917848 7921626 7936393 7938515 7942075 7946467 7953257 7954682 7959199 7966404 7969797 7973473 7985615 7986417 7987774 8008917 8010852 8015322 8017553 8022637 8024049 8030902 8032518 8034183 8038006 8060593 8066486 8070786 8077403 8080570 8086396 8087414 8091505 8096723 8101320 8102972 8105955 8117347 8123267 8127449 8130866 8132922 8133957 8135110 8138370 8141276 8145922 8148547 8163975 8167467 8168950 8179308 8187798 8198569 8206506 8209749 8214785 8225539 8232388 8250395 8251764 8252910 8254570 8255630 8261349 8263548 8274502 8276242 8288607 8292474 8294179 8300041 8302504 8306384 8307842 8309808 8319506 8326798 8332229 8333280 8351061 8356441 8364874 8371174 8372832 8378734 8384965 8387042 8392032 8400693 8403304 8415999 8419365 8431082 8441480 8443845 8452041 8463929 8465134 8466489 8483153 8486818 8490581 8491982 8494269 8497813 8506839 8513767 8518019 8521094 8522402 8530225 8531590 8534708 8543877 8545851 8553338 8554945 8562665 8565450 8569985 8571052 8574177 8584190 8590017 8591319 8594928 8598280 8604667 8609457 8611681 8617758 8621636 8630610 8643191 8649267 8652064 8654622 8659609 8680385 8700164 8703409 8715311 8723115 8724173 8729050 8733824 8742615 8747500 8756617 8758985 8763114 8776050 8777662 8785223 8790275 8795329 8797886 8799512 8801734 8814128 8824114 8825175 8832784 8839431 8854495 8868836 8869954 8871308 8873348 8877791 8881643 8884478 8894661 8903423 8907041 8914825 8924921 8926205 8931993 8934696 8936932 8942965 8944719 8950221 8952675 8953631 8954515 8956749 8961798 8975299 8987449 8992499 8997152 9000570 9004684 9008719 9009946 9022568 9023930 9025623 9033719 9035992 9037506 9044976 9047649 9050110 9060137 9074923 9075970 9081295 9084859 9086249 9090321 9098181 9102984 9112774 9119970 9121834 9128316 9129867 9132517 9134266 9135415 9136548 9138920 9143968 9163719 9171051 9175182 9176558 9183335 9186339 9187288 9193895 9199490 9205305 9211879 9215453 9217043 9218760 9220500 9223793 9241202 9263849 9266957 9268311 9274889 9278941 9283789 9293065 9298517 9303204 9311899 9317869 9324056 9325573 9331136 9336397 9344002 9347855 9353159 9354858 9357636 9361859 9364313 9376844 9385052 9396071 9404426 9405361 9409468 9414181 9420516 9422823 9425074 9430001 9433737 9437218 9438782 9446723 9448162 9449490 9450856 9453827 9456428 9458629 9463015 9467867 9476740 9478721 9495452 9497851 9509038 9517592 9522114 9525982 9528302 9534308 9538122 9547445 9553459 9556516 9562761 9568931 9573620 9574861 9584618 9593352 9597306 9609994 9613855 9617981 9619034 9624966 9630759 9637633 9639216 9645237 9646932 9653200 9664419 9667394 9668805 9671127 9672368 9678055 9688381 9694241 9696875 9703316 9706116 9715748 9721318 9727399 9740855 9745047 9757849 9759071 9764180 9772279 9775969 9777686 9783492 9789864 9803374 9804511 9808208 9809749 9811375 9814027 9819470 9820588 9823128 9836038 9858968 9865429 9875585 9881703 9889240 9890547 9893043 9894824 9903646 9917657 9925450 9936159 9940535 9942787 9947685 9960492 9964980 9967167 9970590 9979801 9980538 9981416 9983894 9986928 9988856 9990598 9993229 9998517 
</Matrix>
<Matrix name="Neuron_521" type="complete" rows="1" columns="1128" multiplier="1.0">
   3682 7287 12340 44350 62618 77681 108877 110340 113056 156701 163975 166436 210285 218883 220270 223601 231161 241985 249055 268255 284188 289338 303572 315180 317826 334379 360400 366941 368655 372918 380887 389603 396068 397900 399922 412185 415438 438105 442015 444991 489905 506821 514205 547232 563222 565328 575272 589932 596220 604742 607985 628285 629888 634655 644947 648972 650092 655214 659800 665160 671268 678986 697255 716857 750371 753694 769172 775898 777780 783090 798412 814160 820046 826374 830145 841062 846372 854299 872903 877016 878773 883547 890027 892399 901189 910374 917732 931292 950591 969551 981828 1002451 1005042 1007559 1012301 1016952 1026109 1039796 1041029 1062006 1090226 1098488 1119765 1125879 1132124 1137787 1146405 1153881 1158038 1162687 1179697 1182660 1184529 1190460 1195847 1198425 1213525 1223472 1245579 1255452 1260311 1266113 1274022 1287361 1300847 1302493 1305090 1335076 1349495 1352942 1354698 1367819 1369485 1371524 1382552 1389627 1394706 1399887 1420389 1441050 1452730 1461263 1469760 1480715 1484037 1487529 1488903 1514736 1522294 1525759 1539870 1544454 1552865 1555115 1559904 1562889 1570774 1580232 1582135 1589422 1595991 1620634 1648464 1649700 1652113 1660621 1667163 1669763 1674693 1679740 1697650 1708078 1720330 1747678 1759571 1763917 1780445 1786030 1793351 1802301 1847717 1853605 1856317 1858963 1862913 1871747 1876815 1884929 1889902 1891673 1895225 1898136 1903063 1911276 1917041 1926932 1935808 1960129 1969630 1973312 1994571 2004418 2016631 2023098 2030663 2059183 2064173 2074336 2080922 2088423 2095401 2097215 2103124 2108893 2110796 2116994 2120149 2131438 2158795 2165203 2168929 2175359 2195162 2201679 2205732 2212917 2227615 2233868 2237390 2240571 2250801 2255298 2265038 2267217 2275419 2278806 2282533 2306908 2327923 2339712 2345985 2350858 2351895 2363629 2366751 2370930 2377869 2387340 2392676 2394423 2403251 2404258 2421330 2425036 2441479 2442677 2451578 2461590 2474288 2477107 2485776 2499909 2501163 2502756 2504993 2523704 2526114 2531856 2539819 2543666 2546545 2551587 2568265 2573696 2576186 2583525 2586715 2590189 2600883 2602326 2622714 2626230 2636011 2637606 2642277 2647046 2656212 2663141 2667743 2681251 2689182 2699331 2702954 2703969 2720027 2743554 2769859 2774545 2786578 2797130 2803507 2808941 2811078 2825770 2828113 2833112 2835326 2867231 2885497 2887009 2893602 2912512 2916743 2925527 2926469 2930168 2942904 2944225 2946411 2951003 2956919 2961365 2963018 2979424 2980732 2986384 2989522 2992296 2993970 2996208 3007131 3013291 3017664 3023054 3031481 3037761 3040109 3047304 3056668 3061762 3068384 3073590 3075484 3079619 3096699 3105111 3112731 3127982 3142191 3147100 3173872 3178649 3185149 3188631 3196725 3201928 3236776 3244598 3253029 3259528 3290930 3300166 3303378 3310186 3314448 3320701 3330969 3337568 3359946 3368078 3373506 3377408 3385706 3404782 3406078 3419373 3426590 3445153 3455164 3463662 3471060 3477287 3482110 3485861 3492912 3494535 3505891 3518988 3526132 3531354 3539813 3551981 3553560 3572475 3600318 3601819 3604059 3606325 3615372 3617942 3623028 3633837 3634865 3636651 3659000 3662980 3677436 3681299 3689645 3696637 3700590 3703838 3710430 3731558 3740200 3752268 3762409 3774215 3805736 3811920 3815228 3816293 3825935 3839547 3842283 3848616 3857159 3860697 3880667 3895256 3896921 3903904 3908584 3913955 3918504 3920619 3928439 3933062 3934974 3940531 3948864 3955220 3958437 3965526 3988426 4013488 4030612 4044209 4047336 4060155 4083572 4086712 4100175 4112376 4114432 4122766 4144376 4148268 4157095 4158811 4162593 4173348 4179899 4185675 4186826 4196193 4203619 4204916 4217040 4222985 4242894 4252546 4255195 4266622 4278572 4280030 4285318 4295302 4305961 4324166 4330756 4347787 4356058 4366884 4369944 4378243 4388584 4397480 4404668 4406080 4434064 4457725 4464033 4470357 4476810 4478755 4481458 4523485 4554019 4570243 4573771 4581908 4594798 4600976 4604243 4626831 4630878 4639562 4644576 4655225 4658698 4659577 4670246 4677485 4685169 4711990 4728363 4729937 4738705 4744861 4752109 4770520 4773463 4776585 4789171 4791919 4801352 4805103 4809079 4815368 4825926 4829742 4853342 4855689 4875014 4897757 4921428 4925700 4932491 4933372 4952050 4960747 4962778 4963920 4989039 5015996 5025450 5032245 5036937 5047158 5052144 5053785 5084403 5092279 5097050 5101052 5106706 5112595 5122803 5146109 5166354 5169536 5176095 5179567 5184270 5189178 5206729 5208592 5218916 5240711 5247605 5255668 5272319 5274739 5276143 5279597 5281032 5287211 5304319 5308139 5310443 5317348 5321359 5328391 5332742 5355213 5360428 5361933 5386965 5390763 5396449 5397635 5400206 5412400 5417121 5440318 5442022 5459976 5464100 5478486 5484263 5505075 5511760 5515083 5517558 5524707 5544243 5545064 5549722 5555229 5556972 5561375 5573515 5578848 5580732 5586013 5592368 5613517 5620679 5662719 5664342 5667772 5669368 5671959 5673411 5681352 5696411 5702426 5710788 5712865 5714617 5725921 5742321 5753190 5763233 5775752 5808996 5811316 5837171 5841964 5843620 5850691 5858123 5873444 5876303 5891211 5892959 5896385 5904619 5910141 5912543 5914751 5946230 5951858 5961093 5964018 5986484 6001308 6010302 6021550 6027787 6033961 6035465 6039248 6054693 6062025 6088357 6089711 6093189 6097642 6108457 6119483 6129937 6145318 6171659 6179668 6182754 6184897 6210558 6228422 6233446 6234818 6240290 6256865 6265723 6270046 6274002 6276372 6278958 6285088 6301642 6306143 6310945 6319673 6327233 6330748 6337218 6338555 6350292 6351504 6379702 6381505 6383824 6395126 6396215 6410104 6416746 6438383 6439700 6448349 6450404 6475448 6478216 6481161 6487164 6493144 6501619 6505512 6511159 6513793 6540508 6549999 6551601 6560822 6566981 6599542 6604787 6610607 6617010 6624798 6627723 6652341 6655486 6663503 6664631 6667672 6681604 6685098 6691627 6697609 6698454 6701306 6705524 6719474 6722490 6739149 6760176 6763241 6787455 6789625 6794322 6799290 6806779 6819299 6827435 6842324 6852362 6857178 6858953 6862250 6865101 6882510 6887614 6893768 6897373 6910116 6912565 6917427 6923188 6925084 6935530 6957711 6964170 6965522 6974504 6976489 6980377 6991350 7017051 7032372 7035771 7040053 7042540 7048243 7052213 7056404 7062537 7063840 7075010 7082612 7087192 7105272 7107788 7123620 7127963 7146740 7159632 7164827 7169701 7174181 7176176 7179600 7182271 7190013 7215681 7218183 7224011 7265533 7270385 7271679 7277254 7280930 7284674 7305704 7310437 7312173 7316073 7317158 7323793 7332388 7350698 7364055 7383870 7391519 7397439 7401035 7405531 7422403 7424063 7434838 7439615 7441186 7445429 7449504 7451598 7460272 7487925 7489226 7491490 7530911 7536999 7540232 7543716 7551597 7553638 7558142 7561161 7569334 7573557 7581820 7586110 7595944 7596920 7605237 7620747 7634027 7638326 7710297 7719202 7721484 7725169 7731088 7732716 7752291 7754561 7759826 7771210 7792097 7809730 7813137 7817242 7820966 7827573 7837874 7844162 7848110 7860996 7874808 7875975 7888104 7894941 7897164 7906667 7913193 7915195 7918651 7924895 7935125 7940540 7952781 7964799 7972114 7973737 7985198 7988448 7993049 7999551 8008842 8025606 8050566 8064554 8068017 8072738 8082680 8088546 8099262 8114952 8120799 8123527 8136633 8137562 8139453 8143225 8175482 8199295 8202954 8205757 8215372 8219875 8229281 8249780 8252904 8261303 8273931 8286888 8290719 8294362 8298537 8333625 8343281 8345789 8352941 8355271 8357553 8360757 8364133 8383560 8391178 8409467 8418154 8424030 8439596 8441866 8460096 8473791 8487695 8492238 8506945 8518040 8532745 8539710 8544001 8552234 8562850 8573142 8576539 8580745 8581751 8588209 8592764 8598398 8608900 8616946 8619895 8625083 8626081 8653985 8660796 8668040 8691047 8696254 8725115 8731529 8743957 8752805 8757446 8761342 8773866 8777006 8793672 8795944 8808189 8816786 8822763 8832109 8836683 8840875 8842320 8844202 8851004 8853692 8861368 8868139 8887398 8891827 8907326 8911622 8915214 8923500 8926675 8929133 8931581 8936885 8954055 8954997 8957320 8961665 8984555 8988946 8993066 9013631 9018573 9021298 9023397 9028904 9047676 9052387 9058614 9066269 9078062 9086717 9092968 9100364 9107792 9111212 9113916 9121813 9135465 9140154 9141910 9143983 9172003 9185154 9187392 9202668 9210503 9231521 9245934 9266979 9273496 9282812 9284450 9288175 9302179 9308322 9311395 9321513 9330937 9333435 9336175 9361487 9367416 9382381 9398726 9400437 9406607 9422488 9430674 9435147 9443031 9460603 9476541 9478617 9488295 9503621 9505137 9517881 9528604 9539587 9555162 9557238 9572191 9580156 9584223 9591164 9607816 9609418 9613932 9621784 9625443 9627830 9633583 9639629 9642893 9647528 9651397 9653953 9672833 9685749 9693531 9705564 9708111 9721638 9724558 9728792 9732789 9735036 9738692 9753374 9774543 9781803 9806681 9816431 9831086 9840674 9863969 9866389 9868977 9872908 9875749 9877406 9882054 9895126 9904185 9909413 9911123 9950156 9951265 9955347 9957415 9958805 9967603 9969700 9978217 9981903 9985257 9989560 9993693 
</Matrix>
<Matrix name="Neuron_524" type="complete" rows="1" columns="1372" multiplier="1.0">
   1819 30255 35306 38653 40720 48945 55252 58354 92300 97675 101576 105519 118406 121166 130366 141255 144626 151919 163463 167004 177330 180472 182046 184364 185756 187732 190796 210133 215407 227942 236827 246727 249683 257566 264830 276550 292436 296341 323493 324950 328201 332198 349144 350835 352941 356563 357768 360464 363642 365588 378764 380689 383535 391327 401419 415802 420539 432422 434211 438936 444824 447212 448017 452026 463277 497161 505926 507296 519095 521726 533077 535893 540723 545254 547449 564194 578502 589373 595040 602157 605026 612791 613857 616260 632304 639455 641895 644668 647007 656941 663077 667957 669016 670413 675265 680073 688663 690557 720985 726445 734057 759413 765046 768576 771604 777948 782853 788233 794419 795545 804171 806272 810593 812960 813894 819862 825271 831753 835959 850679 859626 865252 866906 869378 884661 888251 892287 906053 917163 921295 934061 944302 946355 950501 952488 954447 959275 968685 969468 976145 999592 1023136 1028688 1036474 1044172 1046905 1053218 1055770 1058486 1062431 1064653 1083074 1085441 1088769 1092340 1100738 1109425 1111900 1126530 1133178 1138454 1140276 1149690 1178235 1192588 1193471 1198789 1200198 1205935 1219068 1226724 1247284 1276399 1283985 1287936 1290322 1294624 1297524 1308896 1317660 1318754 1326236 1334958 1341254 1349986 1355432 1357292 1369156 1375804 1382215 1386984 1389701 1404709 1406771 1409518 1425743 1434291 1436943 1438971 1441129 1444183 1460451 1461469 1478078 1482903 1492587 1499463 1503840 1510047 1510994 1519971 1526614 1530299 1541032 1548946 1553847 1558652 1575451 1578048 1587265 1590093 1591812 1595871 1598248 1608319 1610958 1620823 1624709 1633860 1641603 1644916 1656688 1669535 1690889 1695326 1706612 1712094 1720569 1726392 1730350 1737453 1749687 1752489 1758970 1761543 1775160 1784850 1789438 1796028 1800369 1807177 1810250 1814515 1818751 1823121 1839085 1851941 1854499 1859719 1867322 1869048 1875835 1895675 1905241 1907542 1910320 1915393 1945213 1946937 1958317 1963512 1964647 1968406 1969583 1970990 1974070 1993614 2002601 2010466 2012777 2014312 2039189 2041799 2047516 2051815 2055504 2059666 2062532 2074242 2077198 2079716 2081443 2089416 2097720 2110671 2121998 2128030 2141724 2148238 2164638 2197797 2200103 2203755 2212780 2222048 2223647 2232793 2237037 2244893 2248399 2264106 2273319 2288077 2293751 2296340 2305515 2317714 2335867 2337137 2364149 2369705 2389550 2400191 2407828 2433596 2443489 2446965 2463487 2467547 2477436 2487151 2493833 2511207 2512916 2523583 2539528 2541360 2542582 2557033 2592116 2593697 2602022 2605140 2615900 2616954 2630110 2632398 2633518 2641297 2665367 2668777 2671284 2675233 2687346 2693316 2700092 2706360 2713680 2731196 2741760 2748201 2755912 2769336 2777500 2780610 2796584 2803339 2805945 2821544 2843273 2847259 2848450 2858823 2865163 2870435 2876542 2880053 2881064 2888766 2899565 2902300 2907146 2916592 2927484 2931429 2957481 2963987 2965296 2972636 2978146 2979128 2987028 2991038 2998123 3003279 3020296 3029224 3033670 3038600 3056225 3076173 3079134 3081510 3086249 3097139 3099567 3100920 3127647 3129529 3131903 3135826 3143991 3149153 3170860 3172117 3175688 3177560 3184388 3186459 3189951 3197035 3209064 3210933 3217620 3220830 3224200 3230791 3236231 3237890 3247476 3251323 3252689 3255422 3259031 3271103 3272602 3282126 3299064 3304627 3308616 3310798 3334159 3335774 3341383 3343873 3349350 3354114 3357413 3362772 3374506 3375906 3386736 3387953 3395288 3401003 3403134 3408830 3420103 3430954 3441274 3469466 3476933 3488485 3495762 3499857 3501978 3505943 3515160 3519255 3531466 3535078 3539357 3542516 3546835 3560123 3563499 3567878 3568985 3578578 3589766 3596715 3597864 3600000 3609442 3610555 3620892 3622031 3624175 3626800 3628258 3631524 3638310 3652488 3659777 3662547 3668266 3672201 3676381 3678225 3693693 3704470 3732963 3734511 3737976 3738853 3747636 3749836 3763973 3768002 3784574 3792848 3800225 3802368 3810380 3816742 3819987 3832863 3834305 3836623 3843554 3861061 3872897 3879517 3880220 3885794 3888419 3893675 3898317 3903213 3906385 3919073 3925602 3931686 3940339 3948728 3959946 3961027 3964478 3970443 3972644 3974713 3984000 4001340 4009640 4019459 4027101 4029622 4033912 4037804 4040482 4042727 4055813 4058898 4067733 4069406 4074508 4075193 4078166 4094785 4103573 4106480 4110954 4116563 4141340 4145552 4154479 4163565 4167295 4169173 4179771 4183226 4185177 4188011 4190132 4198477 4201433 4241906 4246793 4249304 4253473 4260482 4266264 4278331 4288011 4310958 4312735 4320617 4322404 4338127 4339577 4359859 4364860 4369790 4380492 4383058 4387404 4389884 4394665 4400598 4425869 4430720 4440563 4445025 4449792 4452853 4455141 4457101 4460082 4462199 4472333 4475995 4491443 4492652 4502631 4514606 4526261 4531483 4549027 4554193 4559213 4568203 4574174 4575359 4580161 4581582 4584799 4595483 4601343 4603629 4606836 4609713 4613513 4615072 4619716 4634958 4650702 4655276 4656488 4660695 4667309 4669397 4671979 4702234 4704392 4711943 4717850 4722711 4726668 4733108 4738741 4748306 4758260 4763263 4769249 4774079 4779094 4783411 4798428 4801052 4804603 4807377 4809781 4817890 4833238 4834485 4836066 4841064 4842622 4845244 4847541 4859961 4868123 4872849 4876120 4877941 4879669 4882013 4884571 4890756 4894211 4908619 4910481 4911751 4917743 4925757 4926860 4947352 4956191 4957923 4978644 4984029 4986676 4994013 5001488 5007199 5016286 5026344 5032975 5044874 5049583 5058788 5067658 5076514 5095935 5106431 5109932 5112391 5115941 5126921 5143011 5157746 5161594 5162520 5166963 5185341 5189725 5195709 5197239 5210959 5215532 5217435 5227314 5229822 5234354 5237396 5241995 5243605 5259651 5262476 5270627 5274874 5278658 5284239 5285697 5287227 5292940 5309279 5318087 5326387 5332326 5337747 5339980 5355721 5357888 5362638 5370694 5375937 5410312 5416753 5420077 5424553 5428520 5433902 5443074 5465648 5468454 5474710 5496639 5503149 5532271 5533200 5539386 5541075 5543127 5550639 5554331 5557371 5562260 5569671 5592401 5596535 5600294 5605667 5612246 5625529 5628835 5634554 5640017 5647217 5669653 5670391 5672950 5679496 5694746 5697309 5710559 5712623 5717038 5718114 5724702 5735131 5742900 5750612 5755976 5757218 5777115 5778149 5784105 5787955 5796688 5812097 5832917 5836671 5846839 5864070 5866455 5876664 5881582 5885561 5895593 5914476 5917984 5939914 5949238 5963521 5972417 5979074 5986110 5987210 5992020 5997850 6003167 6007406 6012402 6016772 6021394 6033145 6034434 6040301 6058764 6077562 6082502 6113254 6129061 6131320 6136062 6139614 6143961 6145174 6150557 6178294 6191345 6211638 6230807 6237470 6240759 6253449 6275666 6278281 6283869 6299069 6301173 6322625 6347410 6349150 6359713 6368812 6371631 6377180 6378228 6382018 6383544 6416094 6422729 6425647 6428302 6457373 6461166 6468756 6476934 6486219 6493405 6503054 6511269 6523233 6540011 6541814 6544780 6550806 6554839 6566340 6572252 6578001 6582028 6583284 6585322 6589658 6612177 6613752 6617929 6619594 6624606 6633876 6638114 6650458 6654330 6664133 6666593 6675224 6687555 6698771 6718514 6725712 6730491 6735842 6738354 6741073 6742497 6745088 6761389 6771681 6773177 6781551 6783324 6809183 6825177 6826757 6837137 6842551 6849756 6855492 6857748 6862681 6864676 6869559 6870844 6881593 6883360 6890419 6900427 6926129 6927270 6933183 6935482 6938908 6940317 6943249 6958312 6960232 6961631 6963260 6966786 6975684 6977331 6979576 6980789 6982489 6988913 7000280 7009752 7014436 7024677 7026187 7033491 7036561 7039259 7041125 7060538 7066529 7069105 7093975 7102140 7109783 7117045 7122828 7126193 7134849 7147475 7156156 7161391 7164742 7166049 7169517 7171489 7172965 7186154 7197781 7198788 7208981 7210478 7216475 7220424 7237159 7239024 7254842 7256097 7261213 7270471 7274731 7275595 7281048 7285479 7286512 7288780 7291600 7293922 7301695 7305207 7321441 7332469 7334679 7339838 7345018 7353057 7371360 7382190 7387227 7392167 7394209 7396590 7414992 7420325 7424206 7432015 7436222 7450365 7454916 7458041 7464309 7469393 7472117 7477775 7487474 7488684 7490070 7502873 7506170 7509830 7515295 7526571 7531162 7534621 7540320 7546119 7547423 7549493 7551734 7560079 7561348 7588705 7599613 7605322 7611834 7613104 7615465 7624789 7631728 7637615 7644170 7645993 7647746 7656884 7671554 7675620 7677016 7679953 7681453 7686021 7688964 7694255 7696291 7702958 7723085 7728887 7732136 7733159 7734977 7751926 7761244 7762892 7768601 7773208 7794917 7811091 7813685 7822994 7829501 7837596 7839629 7843861 7846185 7850627 7857535 7866428 7874175 7879439 7892748 7898083 7918924 7924257 7926743 7932302 7938208 7940187 7945857 7948848 7972737 7973941 7978750 7988682 7993884 8006850 8009625 8022554 8029826 8043083 8046095 8056829 8060970 8068123 8074118 8084962 8086289 8100516 8104511 8106240 8111635 8113530 8119436 8127966 8137628 8139983 8154014 8156294 8160663 8164658 8174768 8177840 8178846 8193986 8199085 8203823 8206643 8210483 8213376 8218334 8219733 8224633 8241328 8283933 8304261 8306151 8314364 8318179 8320564 8324822 8334123 8343589 8345702 8347842 8359808 8370731 8373902 8402413 8410014 8412683 8427007 8431241 8448964 8459778 8462467 8470770 8480675 8487059 8489530 8490543 8493100 8499251 8500993 8507294 8515649 8530031 8535515 8541706 8559546 8563739 8566492 8570958 8582283 8583428 8584578 8590638 8619288 8623612 8630834 8636202 8641527 8646692 8655883 8662774 8673328 8681705 8684794 8689770 8692188 8696854 8703918 8726001 8732755 8743937 8745873 8755616 8758011 8759787 8762416 8766426 8781922 8785273 8787691 8794192 8799475 8808465 8818757 8822309 8823541 8837174 8847671 8853721 8878220 8879538 8883612 8887097 8911364 8925465 8932509 8938937 8948190 8955803 8961347 8970331 8975270 8976377 8977643 8982821 8996124 9001047 9005068 9033930 9039727 9043647 9045088 9049032 9054634 9067687 9072091 9076280 9078684 9079952 9085522 9090847 9101327 9104695 9111891 9118069 9121982 9157754 9161849 9188474 9190660 9199245 9201479 9203946 9216282 9224529 9229435 9236563 9239327 9241288 9243385 9247798 9261913 9263664 9267637 9280096 9281615 9283887 9292637 9298025 9305732 9313358 9315896 9317920 9320443 9324303 9331175 9338519 9346006 9349946 9360845 9371526 9372568 9387481 9389514 9394778 9399172 9404902 9406991 9411286 9418556 9430171 9431958 9438347 9440882 9444581 9448253 9452966 9456542 9460431 9466025 9480104 9488245 9504082 9506037 9528982 9539384 9546703 9552918 9561002 9580329 9599563 9603201 9610121 9621016 9623399 9635146 9644583 9653713 9664232 9667551 9669773 9671748 9674101 9679142 9681120 9686000 9699205 9704163 9706909 9709723 9716824 9740949 9747516 9750658 9756654 9759709 9777714 9781271 9786919 9794883 9795585 9801234 9811957 9815004 9826756 9850113 9852315 9869233 9884783 9888512 9895214 9899629 9902063 9909647 9920655 9926118 9942283 9956157 9959018 9965134 9984038 9987003 9988138 
</Matrix>
<Matrix name="Neuron_531" type="complete" rows="1" columns="2597" multiplier="1.0">
   4142 7605 14121 16934 17592 20940 24553 25510 26646 35573 36522 39285 41240 43625 46363 50327 51477 60632 65368 67580 68737 74286 80473 89718 97525 99321 102112 105953 107344 108931 111676 114103 116911 120739 121557 134674 135813 141576 144042 145843 148883 151161 152494 156971 167892 171690 191062 193642 196783 198657 201978 206818 211370 214858 218426 221002 222041 223317 228125 229246 234045 249895 253363 261707 269769 271116 274444 278100 297294 301252 303653 305638 310779 316560 320564 322654 324979 328267 329505 330459 331489 333436 334878 337082 346472 348896 350205 365730 366583 369735 370746 372045 374102 387163 391666 398010 403369 408861 412434 413590 415842 420199 421317 423908 429030 430968 431938 435736 437501 439188 439848 443161 445174 449044 451831 455424 457026 473415 475411 481454 483051 490297 494111 495396 498182 503779 505554 506532 507773 509356 510122 512303 527049 532169 535195 536250 538665 540858 541860 544769 546202 551984 557224 558820 560381 566603 568221 569318 570081 571833 573441 576333 581629 585122 587855 597527 600549 604461 606184 609106 611482 615440 617331 622586 630670 634613 636862 640596 646203 647907 651588 654905 662810 665775 670970 677022 678166 681653 684500 689875 692064 694090 700062 712607 714979 721972 728170 731548 734207 742482 745632 752424 756469 757505 758667 770169 774252 776024 782236 783464 784822 786829 787935 792811 794781 796636 800426 807731 812449 813466 814775 818141 819099 824125 829216 838333 841430 843848 847161 850142 855242 863337 865390 866796 877134 879283 880659 882112 884057 885433 886471 894928 901751 905653 907737 918598 919994 924618 929386 932915 937717 947173 948157 952367 953518 954763 959506 962254 963771 982202 991675 995842 997695 1001231 1002851 1008009 1010073 1013418 1015861 1017225 1022229 1024214 1026253 1027794 1028741 1029932 1030678 1031780 1035765 1039255 1042309 1055938 1065255 1067492 1068483 1069098 1075346 1077104 1081331 1083874 1085873 1091071 1092284 1097019 1099639 1102062 1103299 1104905 1106031 1108088 1109903 1111400 1115098 1123060 1128930 1130308 1145176 1146175 1150665 1152345 1153509 1161661 1163730 1169040 1170458 1180340 1187941 1194862 1197535 1198670 1200978 1202970 1206357 1217985 1218903 1220708 1222424 1223855 1225974 1228006 1230830 1232947 1234964 1238718 1242098 1245034 1263729 1266943 1269355 1271777 1279396 1281860 1288197 1290648 1293901 1297247 1301984 1302841 1309491 1312740 1316872 1318314 1320942 1331017 1336920 1341854 1343894 1349878 1363978 1369575 1372949 1377505 1382957 1385116 1390976 1393169 1395429 1399062 1400082 1403520 1404791 1406379 1413258 1422126 1428690 1431693 1436051 1439142 1441165 1443191 1444656 1453125 1456027 1457925 1462641 1469708 1471275 1473281 1474554 1483970 1485652 1490180 1491499 1498089 1502165 1514146 1516548 1518351 1521833 1526530 1527701 1529029 1530423 1533147 1538224 1542886 1545640 1547399 1553593 1558165 1558739 1562260 1565149 1568317 1578988 1582352 1583984 1586358 1589967 1590949 1592272 1596683 1598939 1600028 1603335 1604824 1606989 1613713 1622810 1624327 1625641 1629266 1630299 1640896 1642188 1645529 1651101 1651608 1654467 1658968 1660221 1668048 1669944 1673351 1677838 1679008 1688730 1690262 1694767 1696352 1701123 1709389 1710681 1714394 1715528 1719746 1721403 1726760 1729383 1731735 1732729 1733975 1739246 1741653 1744237 1748827 1749921 1750601 1753326 1757301 1759095 1761018 1763945 1781441 1786067 1790302 1791738 1793830 1802080 1812720 1817505 1828329 1835450 1847425 1849772 1857013 1860719 1864805 1865943 1866837 1868203 1871878 1873132 1877735 1882851 1884563 1885614 1891313 1896053 1900674 1902290 1903531 1910314 1914765 1930716 1936791 1939279 1941470 1950058 1954026 1960494 1961586 1967474 1968464 1969663 1983798 1986591 1989641 1991650 1993080 1998326 2002482 2006147 2010200 2013386 2015828 2018636 2019967 2024037 2025675 2032791 2043826 2045226 2046858 2049408 2051015 2056334 2059348 2065170 2071026 2071968 2075039 2076752 2078273 2088228 2093344 2100925 2103742 2108611 2111469 2119049 2122035 2124977 2126783 2128757 2130325 2132299 2146896 2148250 2150459 2154546 2157679 2163390 2166884 2168773 2171109 2177193 2179120 2180580 2181740 2182763 2189388 2192572 2193494 2195328 2196376 2197890 2203676 2206559 2208741 2213667 2218587 2220622 2222701 2227372 2232361 2255049 2260281 2267708 2272234 2274530 2279538 2282493 2284090 2285836 2287579 2290050 2293840 2296193 2299010 2306035 2315715 2318058 2320822 2321892 2324388 2326410 2331926 2333967 2337996 2345670 2346970 2348950 2359968 2365617 2367183 2369612 2371851 2373306 2379107 2382539 2388101 2393071 2396797 2397898 2406350 2407762 2408801 2415332 2417142 2418951 2426787 2428354 2431909 2437863 2439894 2442166 2444088 2447631 2449752 2450907 2453906 2456831 2459539 2462500 2464605 2468274 2470566 2472106 2474642 2478520 2480035 2494503 2497069 2500614 2504312 2507560 2514378 2515743 2517628 2520301 2525172 2528125 2530145 2532876 2533603 2536183 2540896 2546381 2549477 2558390 2560681 2562079 2564224 2570766 2572168 2574494 2577084 2589735 2592617 2594875 2595652 2597244 2600930 2603082 2605235 2606493 2607881 2609856 2618936 2621725 2623358 2626568 2629335 2636340 2638328 2640261 2641467 2646520 2650956 2655244 2660351 2661719 2663819 2665820 2667534 2669634 2675017 2680521 2682803 2688520 2693014 2698004 2698999 2705631 2708109 2719367 2721360 2723238 2730156 2732665 2738523 2739945 2755599 2756767 2760190 2761817 2764529 2766229 2770982 2774178 2783388 2784413 2786067 2793209 2795549 2802760 2822697 2824306 2834158 2836167 2836889 2843298 2844403 2851058 2852975 2855745 2858287 2859468 2861604 2864856 2865894 2866985 2868923 2871496 2872219 2876232 2877757 2883988 2886815 2887738 2889263 2892074 2895120 2896223 2899102 2910744 2911562 2913050 2916887 2919561 2921694 2925702 2927322 2940910 2942474 2946322 2948727 2953528 2957823 2962023 2967334 2980542 2981849 2985788 2988130 2991767 2992821 2995507 2996771 3005688 3012194 3015872 3018580 3022779 3026871 3030480 3034960 3036838 3039371 3043327 3044400 3045815 3055202 3056361 3059048 3060295 3062471 3063958 3067407 3068941 3070070 3074982 3084462 3088340 3090452 3093794 3101463 3102400 3104966 3107769 3113162 3114586 3115937 3119870 3125456 3128754 3129756 3136106 3142201 3144967 3145992 3147048 3152166 3154537 3158388 3161854 3162476 3165213 3167400 3168287 3173436 3174763 3181160 3184452 3187859 3193756 3196087 3210017 3211337 3214215 3215732 3220983 3226918 3230589 3237881 3243662 3248875 3252949 3256607 3259908 3264086 3265862 3269780 3271474 3275159 3277002 3283689 3286072 3292658 3294495 3298770 3300666 3306255 3309858 3311639 3320904 3327133 3338197 3339756 3344968 3348878 3352059 3359890 3360850 3365124 3366606 3367369 3371709 3376857 3380217 3383598 3387855 3392085 3397905 3401145 3402935 3405418 3408469 3410067 3411499 3428943 3430397 3433292 3434866 3439283 3441824 3451866 3453667 3455467 3459563 3462647 3464685 3467113 3480040 3481809 3482962 3485783 3488329 3493617 3510845 3512642 3514819 3516583 3525262 3527235 3532153 3533685 3541961 3543602 3547892 3555248 3558593 3561680 3562860 3564093 3566305 3575200 3576348 3581638 3585812 3589409 3591904 3594576 3597320 3602110 3603558 3607875 3611414 3616097 3624899 3627970 3629136 3631306 3632031 3633566 3636504 3637514 3641611 3651905 3656684 3662566 3664010 3668687 3669699 3675060 3677491 3678884 3682351 3683841 3689045 3693488 3695509 3699597 3704828 3706470 3710472 3714187 3720417 3728100 3730017 3744556 3746722 3747767 3750712 3752193 3753553 3757955 3762161 3768872 3775714 3780869 3782446 3785815 3787137 3797709 3798910 3800655 3803180 3805227 3806240 3810766 3814724 3818215 3823851 3832274 3834338 3836460 3838517 3842376 3844230 3851044 3851722 3854405 3856367 3858553 3862702 3872713 3877948 3885289 3886279 3888588 3897804 3900408 3902597 3903426 3908121 3910950 3914642 3918548 3926724 3928044 3935384 3940717 3950406 3951566 3955970 3958574 3965172 3977882 3984357 3986727 3988417 3991018 3992285 3994501 3995906 3997772 4000081 4004682 4006222 4014526 4018463 4024083 4034800 4039271 4040972 4041807 4043608 4051911 4055028 4056473 4059462 4061098 4061988 4063269 4065767 4071262 4072334 4073215 4074921 4078317 4081214 4092284 4094498 4106548 4115172 4121291 4125442 4126374 4128667 4131133 4137985 4141179 4143358 4144425 4145491 4157253 4159939 4161464 4165422 4169813 4177498 4179537 4181717 4185230 4187427 4188752 4191663 4195583 4197737 4202211 4206930 4213236 4216216 4219456 4226285 4231604 4233305 4235193 4236602 4240082 4244673 4249877 4253794 4257116 4259147 4270313 4275151 4283345 4285993 4289118 4291427 4294872 4297276 4301305 4303176 4304451 4312850 4317766 4321925 4324640 4325964 4331427 4336642 4346629 4349724 4353589 4355781 4358122 4361288 4364084 4367593 4369432 4381264 4382181 4387488 4390924 4392761 4399335 4400876 4402972 4407605 4408415 4415515 4416742 4417962 4424580 4427081 4429379 4431966 4433516 4435323 4446388 4448891 4450833 4452769 4454821 4456510 4457695 4459212 4462564 4465498 4468203 4470252 4472944 4474003 4478953 4483108 4485307 4486844 4489079 4490114 4493258 4495629 4496985 4504635 4506399 4509327 4517925 4532599 4540099 4542858 4544385 4552290 4557587 4558404 4565032 4569577 4574622 4580984 4587186 4590033 4592840 4608911 4610094 4613512 4615667 4617588 4621580 4623634 4627446 4630463 4634711 4645007 4645947 4648531 4658131 4662021 4663092 4669896 4670985 4681460 4695656 4696306 4700815 4702787 4705061 4707161 4708672 4712035 4715584 4718344 4720689 4725229 4728568 4731947 4737138 4738042 4742102 4751454 4753741 4761235 4764646 4772460 4775192 4778811 4781219 4792437 4795724 4802318 4804160 4807875 4810628 4814290 4815735 4817335 4820957 4823608 4828638 4830427 4835407 4836570 4843510 4845312 4849423 4850851 4854507 4857203 4857948 4859709 4862772 4866866 4868308 4870276 4873419 4875327 4879084 4883334 4887086 4889959 4892322 4893929 4904890 4906899 4907716 4911299 4914182 4915076 4917249 4918975 4921607 4923719 4925288 4931370 4933594 4936660 4938918 4942365 4949667 4952926 4955977 4960350 4961384 4965168 4972991 4975999 4979842 4985862 4993087 4998602 5000115 5001222 5013583 5016075 5019306 5020490 5021492 5029637 5030930 5032523 5035753 5040905 5047309 5050130 5051198 5051835 5053434 5057575 5060865 5064405 5072884 5076929 5080853 5084972 5086303 5089266 5090720 5092109 5094625 5097200 5098299 5101777 5103686 5106168 5109914 5115568 5118357 5121163 5124486 5133791 5139332 5141897 5144403 5150821 5156229 5158922 5164536 5167501 5174001 5178448 5181753 5185890 5187325 5191153 5192957 5195682 5197462 5202882 5205144 5206723 5213019 5214300 5216225 5218559 5221318 5222612 5227848 5229716 5239727 5242346 5243674 5258151 5261332 5271361 5279999 5282767 5284051 5286105 5288096 5289014 5292026 5300125 5305605 5306988 5309216 5312633 5314213 5324871 5332990 5334525 5335900 5345306 5348360 5351038 5354290 5362944 5368562 5370090 5371848 5372585 5376419 5377625 5380076 5381744 5384482 5387898 5389748 5392629 5395522 5396826 5401033 5405382 5409026 5410761 5414377 5434525 5438955 5441395 5442833 5447898 5453523 5455232 5458563 5463807 5468994 5478390 5481977 5482681 5488916 5500426 5504345 5506670 5507734 5513107 5513872 5515679 5518758 5521966 5533432 5537748 5546356 5549841 5556279 5557361 5558835 5560801 5563322 5566912 5569475 5573621 5575422 5576492 5580841 5583417 5588294 5591311 5594460 5598634 5602352 5616874 5619719 5623721 5626063 5630141 5631501 5635301 5638132 5641959 5644378 5654372 5655354 5657524 5661706 5664246 5666878 5668048 5669994 5679738 5684219 5690385 5694078 5695335 5697521 5703871 5706841 5715061 5716323 5718322 5723381 5725432 5728133 5730479 5732591 5734728 5737264 5739368 5745361 5752207 5754079 5757856 5759965 5764349 5766740 5769714 5770987 5772758 5774308 5778158 5782112 5789901 5792379 5794070 5796832 5800350 5807975 5812495 5813831 5820916 5827266 5831317 5833537 5840593 5843431 5849671 5852196 5857978 5861689 5862989 5869523 5881302 5882558 5886292 5893294 5894631 5898466 5900048 5902301 5903755 5905573 5908098 5913849 5920247 5924813 5926120 5932435 5934574 5935743 5939353 5942793 5944639 5949341 5953702 5957449 5964292 5979800 5983295 5984676 5987035 5991614 5993212 5995397 6004232 6005816 6011100 6018005 6021668 6024811 6040956 6042977 6046309 6050322 6051745 6053173 6054134 6055381 6057104 6058801 6063574 6071022 6073918 6074610 6078601 6082455 6085933 6087162 6089587 6098141 6100032 6101666 6105496 6109746 6111467 6118088 6123885 6125838 6129785 6131560 6144328 6145380 6147554 6149033 6152278 6157751 6161509 6163809 6165322 6179771 6181150 6182686 6184312 6187099 6198488 6201692 6205481 6207209 6209895 6213379 6216989 6221137 6226873 6228284 6230801 6235042 6241931 6243855 6244894 6248429 6250891 6252353 6254547 6258584 6261028 6262634 6263527 6267229 6274628 6279910 6282303 6284486 6285786 6287254 6288475 6292613 6295360 6297132 6304779 6313187 6316231 6322930 6328421 6331297 6336021 6347836 6348549 6349884 6351561 6359113 6361681 6364642 6365985 6370136 6372157 6373344 6374300 6377842 6386820 6393466 6398824 6403131 6411577 6415544 6419548 6420912 6424874 6425630 6436757 6440203 6451618 6453639 6456650 6458897 6465549 6467245 6469064 6476547 6483262 6488432 6490058 6491468 6495630 6496961 6509788 6511106 6513297 6516754 6517904 6519876 6521670 6525755 6539042 6541181 6543185 6544040 6552591 6556187 6559113 6562447 6573761 6576817 6578370 6581120 6589329 6590793 6594429 6596317 6599573 6603166 6606272 6608366 6614650 6616773 6618312 6625456 6629676 6634859 6638050 6639910 6642962 6646164 6648270 6658241 6663228 6669071 6675543 6676246 6677620 6680094 6682416 6691867 6692528 6694699 6698661 6705133 6706693 6708413 6713530 6716579 6718035 6719342 6721659 6723648 6727919 6734864 6737764 6742855 6745130 6747474 6749544 6755615 6760065 6765917 6769171 6782110 6786448 6790660 6792789 6795683 6809860 6812052 6814859 6826029 6827747 6830680 6832121 6845340 6847900 6852458 6853944 6854762 6857511 6858131 6864093 6869080 6871503 6874965 6876478 6883919 6885800 6890725 6893008 6893605 6894452 6896571 6902678 6904373 6905698 6909505 6913773 6915711 6917860 6925237 6934624 6945878 6946917 6947942 6953668 6959757 6962986 6963826 6964605 6967362 6969046 6971715 6977690 6979865 6982161 6982896 6985631 6988153 6991164 6995378 6999793 7000967 7013356 7016755 7018270 7022653 7027466 7028700 7029762 7034486 7039498 7041607 7046153 7060326 7064330 7074656 7082843 7088392 7091007 7091891 7096511 7103042 7107073 7109018 7113779 7115101 7117952 7119041 7122019 7125802 7128412 7133432 7139456 7141693 7147845 7149573 7151788 7154567 7159523 7161192 7172833 7173946 7179394 7183870 7187837 7190369 7203393 7207588 7208511 7210640 7212424 7216537 7221649 7226562 7228170 7232273 7237939 7244616 7247259 7249865 7255437 7258692 7261958 7264872 7270474 7274981 7276857 7283693 7286615 7287845 7288763 7290374 7291983 7294383 7296801 7300175 7301187 7317718 7324403 7328760 7331381 7333407 7338538 7345640 7349233 7350804 7355715 7364561 7369743 7375017 7380301 7381286 7383504 7384739 7385774 7390703 7392661 7393755 7394889 7406196 7407690 7410454 7421772 7428758 7429761 7433283 7436241 7437830 7439216 7440904 7448052 7450442 7452291 7459074 7461129 7464145 7468561 7470567 7481241 7485853 7487021 7492029 7496174 7497108 7498784 7509015 7511442 7514016 7519969 7521444 7522977 7527052 7528066 7538921 7539749 7542428 7546054 7547806 7551339 7554311 7555056 7560709 7562900 7565632 7571259 7573911 7577318 7579411 7582436 7585172 7586133 7589675 7596204 7599751 7601363 7608782 7612401 7617530 7618759 7622842 7629167 7632145 7635571 7640955 7645778 7647862 7653562 7657750 7665955 7670744 7673131 7674275 7680437 7686536 7690762 7692557 7693615 7696948 7701982 7704607 7707459 7712388 7717416 7727487 7736483 7741794 7742667 7743743 7745192 7750848 7753670 7755949 7761584 7773946 7775823 7780242 7783207 7784445 7786285 7788358 7790614 7793597 7800678 7804240 7805798 7814896 7816663 7831566 7833858 7836439 7837624 7841304 7845449 7853631 7858672 7861313 7866283 7871231 7882768 7888364 7889842 7894724 7895608 7896860 7906227 7912905 7915219 7917760 7918634 7920098 7921938 7923812 7926692 7930001 7937557 7939131 7943761 7944888 7947451 7952106 7954977 7955995 7960502 7961782 7964432 7965705 7968441 7969419 7974602 7984497 7985468 7986649 7987877 7990166 7995705 7999210 8000759 8002452 8009809 8012473 8015556 8017689 8021251 8022236 8032914 8034384 8037123 8038934 8040739 8045272 8051344 8053551 8056900 8058911 8069803 8071279 8072487 8075576 8082436 8087522 8088575 8094889 8096782 8098876 8103138 8108371 8113445 8114389 8118662 8123045 8129490 8132561 8134511 8136333 8144936 8152484 8156273 8162411 8170873 8172105 8176333 8179186 8180349 8181799 8189274 8191886 8196696 8197574 8200114 8219283 8221276 8225729 8232084 8233036 8236008 8239813 8241601 8246147 8248606 8253836 8255996 8265121 8267235 8269568 8273725 8279817 8281178 8286374 8288683 8289595 8291533 8296425 8313145 8323972 8326216 8331679 8333168 8338001 8342079 8346339 8348738 8353410 8358435 8359453 8360337 8374033 8375905 8381281 8386388 8389146 8390162 8393271 8395070 8402559 8405493 8409096 8410875 8418473 8420256 8423257 8424589 8426552 8431618 8433268 8438019 8445287 8449581 8450651 8459823 8461994 8463889 8466022 8466896 8467940 8472006 8475717 8476504 8480008 8488187 8490008 8494940 8495855 8497639 8502538 8503296 8504978 8511302 8513112 8520503 8523457 8525425 8526643 8530834 8532342 8537412 8541699 8544033 8544743 8547414 8549894 8551691 8555297 8556936 8558171 8563066 8564062 8566847 8569185 8572989 8574466 8575659 8577729 8579288 8583307 8586803 8598423 8599381 8604987 8607959 8609058 8610375 8612659 8614578 8616675 8625551 8626543 8629926 8634117 8636640 8638543 8639518 8643188 8648838 8655498 8656745 8663035 8664087 8665855 8675028 8676769 8680882 8683383 8685454 8693991 8695022 8696475 8700442 8706993 8715808 8718896 8723381 8729182 8737128 8744022 8755328 8769178 8773751 8775186 8778798 8781147 8783193 8786058 8791757 8805796 8807006 8809193 8811343 8813702 8814496 8821445 8827068 8831138 8836739 8842047 8852927 8854642 8855484 8857020 8864637 8868133 8874954 8876909 8880007 8883957 8887136 8890535 8893116 8898877 8900357 8914997 8918695 8920189 8925403 8927085 8931412 8945143 8948977 8958700 8964114 8970525 8973553 8975833 8978194 8978989 8987220 8989072 8997209 8998763 9001378 9007811 9014649 9019298 9026265 9028633 9033911 9037748 9042497 9045874 9049627 9050922 9053798 9060979 9062128 9063345 9068909 9070337 9072356 9073375 9078596 9079704 9081320 9082254 9083488 9086666 9098709 9101475 9105367 9106718 9108446 9109610 9113186 9115978 9119550 9127752 9129769 9131479 9133243 9141640 9149594 9151145 9153547 9162130 9167496 9171841 9173009 9174777 9176225 9177369 9182232 9183743 9190360 9193380 9196756 9198056 9204892 9206648 9212009 9214627 9216444 9217688 9218815 9223471 9229262 9233164 9239210 9241546 9246723 9248280 9249390 9253341 9257319 9261096 9262139 9264495 9270086 9270835 9278254 9279842 9283396 9288531 9290414 9291933 9294321 9295345 9296522 9301043 9305655 9308914 9310788 9321542 9325868 9334381 9342278 9343858 9347041 9350786 9357540 9362308 9366416 9368585 9370550 9376407 9377352 9379690 9380785 9382148 9399802 9402028 9407174 9409496 9410919 9413214 9415839 9417467 9419197 9426687 9427457 9429074 9430527 9431389 9434570 9437756 9440979 9442333 9443609 9445200 9448485 9452642 9454746 9458894 9464453 9465722 9469028 9471074 9472770 9477750 9480685 9481990 9483145 9484645 9486379 9488588 9491855 9504634 9506664 9508689 9513832 9515047 9519546 9521655 9523047 9530442 9533419 9536614 9538344 9541432 9544104 9546742 9548331 9552805 9568006 9573480 9576618 9578027 9580916 9583805 9586007 9589805 9604497 9607834 9611627 9614906 9620768 9622354 9624168 9625034 9626315 9631735 9640979 9652027 9653135 9654694 9662620 9676260 9678811 9684260 9685965 9690850 9692931 9695874 9701727 9711736 9713757 9714672 9721028 9722689 9724668 9727515 9733251 9738172 9742170 9744094 9746219 9751108 9752666 9754751 9764439 9765280 9766546 9769125 9780501 9787569 9793696 9795790 9800434 9808606 9811044 9812204 9817597 9820343 9823303 9826671 9830458 9840018 9842342 9851518 9853510 9858389 9860910 9869522 9871402 9874863 9890211 9896199 9897173 9898721 9905583 9906913 9908787 9909525 9914255 9915462 9916189 9920287 9922295 9925125 9925960 9934356 9938355 9940322 9945163 9946573 9953373 9956705 9959240 9960497 9970196 9973485 9975274 9981939 9982916 9983964 9990228 9992100 9994927 
</Matrix>
<Matrix name="Neuron_534" type="complete" rows="1" columns="2520" multiplier="1.0">
   4334 5557 10115 13230 19015 25266 26252 30761 33225 34808 36764 38967 40269 41349 43275 45093 47728 54078 56305 58505 59536 60972 67459 70022 75064 75980 77290 83110 84396 89259 98039 100876 103535 106431 113462 114452 117474 122140 123321 125825 127143 129236 139334 140785 142649 152836 158813 161340 162887 164347 167672 169496 172188 175749 187380 200468 207201 216170 220824 226908 230027 231126 232796 239105 241786 243401 247321 248241 253496 257973 259527 265744 267247 268316 275835 284171 288671 289690 290635 301081 302108 312443 322814 332885 335826 346124 347387 353022 356309 358254 361430 363887 368063 369399 371020 379115 384054 386398 387865 389250 390475 394489 399550 402714 406341 408261 410045 412289 414219 423447 426985 435531 438033 441117 447391 460694 461618 465386 480650 490014 495087 497178 501644 507806 508859 511592 517399 518320 520323 526126 528642 531730 536267 537580 540721 543203 545362 546703 548563 550690 553608 555749 557322 559716 562137 565837 567660 569654 570868 571905 574842 580768 584688 586342 587297 590262 592256 596969 601773 602946 604357 606197 609370 612287 613466 616368 617295 620974 626181 628151 638820 644130 646272 649764 651619 653041 654157 659625 661598 667361 669607 671626 674676 676110 683162 684042 688439 689812 690892 698275 700079 702823 706724 708022 710271 712089 716575 722416 725508 726793 729833 732188 748477 751124 756027 758683 759699 762880 770809 775640 778501 779781 784929 787196 792242 794289 795119 797827 800599 810444 817236 822674 824068 827164 832625 836798 840138 842443 849353 852057 857281 860966 862929 868707 871117 872430 873338 876568 882215 883049 885093 888031 889853 899084 900630 903171 910037 916062 917222 918987 924199 932714 939909 945966 950370 951782 955041 956485 957535 960363 966896 970573 972875 975496 979728 983394 985486 988338 991072 1000165 1005061 1008949 1016941 1020876 1025206 1031481 1035744 1040578 1042634 1050835 1058375 1059541 1060298 1062097 1064547 1065604 1068049 1071770 1074956 1083361 1084576 1086652 1092210 1097248 1105682 1106713 1108453 1110303 1114876 1118828 1128982 1132439 1136545 1139265 1146467 1147547 1157269 1161053 1163850 1172350 1173839 1179255 1181020 1184036 1188855 1192303 1193319 1195277 1198727 1200874 1208248 1210254 1211161 1213697 1214657 1216704 1218105 1223283 1224513 1226801 1230705 1232449 1233925 1235539 1237171 1238802 1243121 1245046 1247557 1250965 1253956 1255421 1265762 1269173 1272504 1275549 1288279 1292654 1294157 1295923 1298902 1300480 1301278 1305884 1307781 1313859 1317331 1320051 1321392 1322859 1325638 1337130 1339451 1344241 1347302 1350438 1351324 1353345 1354833 1358352 1360256 1363497 1366759 1370934 1371863 1377989 1383353 1386118 1388638 1394768 1400670 1405523 1415482 1417286 1423147 1424223 1425774 1437096 1440275 1446174 1450772 1453792 1456910 1467205 1469197 1471772 1477044 1482263 1483639 1491554 1494727 1495833 1501178 1504443 1505217 1506600 1509643 1511168 1520862 1536249 1538581 1543425 1545638 1549919 1551181 1554844 1562114 1563143 1573661 1580485 1590903 1592237 1596509 1598497 1600398 1602042 1604010 1614317 1615730 1632831 1635871 1638194 1640899 1647112 1647928 1658291 1666243 1667923 1669346 1670227 1674397 1678659 1682086 1683196 1684919 1687121 1697543 1702236 1708503 1709469 1714971 1719830 1722095 1728909 1730833 1734859 1740267 1748468 1749846 1754996 1758541 1759780 1763505 1774814 1776633 1780666 1785588 1786944 1791643 1794854 1800086 1803850 1806702 1812481 1814828 1817552 1821298 1822552 1834760 1836474 1837337 1840776 1842839 1844951 1846886 1848963 1853642 1856063 1860801 1862896 1867056 1868302 1869887 1871830 1876435 1878260 1879412 1881262 1883810 1885583 1891690 1894597 1899113 1901714 1904400 1908245 1910833 1916714 1923626 1927556 1930019 1933595 1935307 1939224 1940633 1945085 1957468 1958832 1961335 1970611 1976871 1982041 1982817 1984634 1986859 1991913 2001212 2014323 2018555 2019786 2036218 2037652 2047831 2049161 2052355 2056709 2058205 2061902 2063349 2064793 2066827 2068187 2071215 2079937 2088075 2090662 2094229 2098841 2099727 2104887 2112508 2115707 2118600 2120383 2122863 2124311 2135704 2142769 2146349 2147653 2149840 2151607 2153419 2154913 2157569 2158320 2160202 2161831 2163658 2166386 2169432 2173255 2177097 2180162 2181067 2183081 2192605 2195632 2196504 2197278 2200768 2207662 2216823 2222673 2229443 2232455 2235503 2239755 2241982 2244655 2246782 2250865 2256094 2262705 2265990 2271758 2280656 2283833 2285106 2285803 2288197 2291697 2292949 2302195 2309958 2311213 2312478 2314379 2318026 2321354 2322677 2327036 2338864 2341182 2349765 2352328 2355858 2357515 2362037 2363433 2365341 2376850 2379882 2381414 2385874 2389492 2393868 2396346 2399175 2403859 2407455 2411580 2412906 2420384 2421762 2425820 2432633 2436924 2442711 2446200 2452232 2456016 2458685 2463343 2464223 2472427 2475597 2478645 2488755 2490357 2491725 2493547 2497467 2498701 2499597 2500694 2504655 2506845 2507848 2508982 2512125 2513272 2515482 2520128 2521017 2524411 2525954 2527967 2529731 2531576 2532496 2535820 2539853 2541638 2548711 2549811 2552312 2556774 2558870 2559982 2562569 2563963 2568990 2575687 2578026 2582065 2583607 2586452 2593427 2596533 2599189 2601541 2606955 2611746 2613153 2627921 2632754 2633976 2643492 2648941 2654710 2668335 2674862 2676592 2686737 2693801 2696015 2710706 2712138 2714460 2720118 2722384 2728087 2734094 2741788 2745304 2748750 2752049 2757874 2764654 2765959 2769260 2771576 2789390 2795889 2796968 2798737 2800078 2805199 2812911 2817083 2821447 2828164 2829769 2835114 2836639 2841632 2846821 2849412 2850775 2852422 2855342 2857513 2859064 2862901 2865314 2867204 2868692 2873892 2876268 2882104 2887351 2893128 2897402 2908286 2910651 2912463 2913415 2916324 2920879 2921891 2926050 2928860 2929845 2933987 2936416 2939237 2940636 2941682 2953757 2959309 2961450 2968542 2971776 2975666 2984500 2985296 2987496 2989637 2993542 2997589 3000100 3004315 3011482 3022048 3026173 3028130 3032482 3034557 3036008 3038224 3045361 3046808 3050216 3056678 3063348 3064515 3072020 3074915 3077613 3083396 3086916 3088844 3100635 3101951 3105777 3109973 3113717 3115530 3124583 3129604 3131096 3132153 3136276 3137900 3142099 3145952 3151671 3153392 3154172 3157874 3161426 3163341 3164716 3169665 3172999 3177509 3180160 3185297 3187081 3189411 3193279 3195119 3200738 3203667 3209050 3223895 3225277 3226771 3237224 3246091 3247594 3252054 3263725 3267580 3269632 3271072 3272277 3279008 3282921 3286865 3291811 3297749 3300755 3301984 3303387 3306053 3311188 3312542 3319614 3324510 3333870 3348032 3349680 3350561 3351697 3357535 3359414 3361024 3366763 3379479 3380888 3387334 3389764 3391019 3392237 3394625 3399350 3403665 3404630 3407893 3412042 3413377 3416308 3421662 3423130 3435423 3438116 3439017 3445862 3449702 3464181 3465313 3471204 3473505 3478714 3482469 3484994 3487258 3494785 3500081 3505920 3509694 3513556 3516060 3517376 3525773 3527273 3529444 3532084 3537312 3543977 3544983 3546116 3549135 3551015 3554285 3556142 3557556 3560821 3564135 3568702 3572315 3581063 3584069 3586711 3591292 3594646 3605161 3607229 3610967 3614556 3616278 3618118 3620670 3622664 3627621 3629814 3635445 3640804 3650194 3654809 3660693 3662176 3664005 3667502 3668688 3672085 3676264 3680034 3683216 3684161 3700557 3702592 3703942 3706767 3714237 3719237 3725091 3728801 3738347 3743617 3752511 3757894 3761989 3766103 3768054 3780260 3784522 3786643 3787896 3790334 3792618 3794521 3807270 3808125 3810079 3812736 3819624 3825116 3826523 3833452 3836155 3837761 3840459 3841896 3845801 3848592 3850591 3855965 3866675 3868947 3871182 3872915 3877468 3881724 3883687 3888344 3893987 3896031 3899270 3901639 3903405 3908838 3916674 3919858 3921390 3923203 3926590 3927871 3932015 3955409 3961229 3962733 3964198 3969132 3972103 3973974 3976335 3978068 3983636 3987124 3990850 3995893 3997240 3997995 3999629 4006401 4011883 4017706 4022840 4024192 4029625 4037765 4042250 4044909 4049565 4056613 4060753 4066542 4068656 4070653 4072272 4074005 4081802 4083097 4087538 4088829 4089884 4096783 4101656 4103716 4111843 4114621 4118004 4123517 4124876 4127380 4134197 4136197 4141525 4142526 4145439 4149651 4150878 4156932 4161490 4164980 4166845 4169794 4173258 4175236 4178284 4184265 4186272 4188402 4191488 4196376 4199918 4200818 4207388 4209675 4212264 4213299 4216212 4219071 4220715 4223009 4225373 4227975 4234233 4236512 4239195 4240005 4246069 4251012 4252567 4256323 4261509 4270172 4271300 4276053 4277561 4280630 4283273 4284742 4288287 4291407 4294437 4296588 4300494 4301899 4310081 4316812 4326087 4327301 4333265 4338793 4340669 4342998 4349987 4351681 4356854 4359407 4360894 4362447 4368431 4373334 4381794 4384413 4386951 4387868 4399725 4404634 4409716 4410882 4412828 4416485 4418138 4424410 4427062 4433888 4451551 4458705 4459818 4469575 4473068 4480159 4485099 4486891 4488762 4492949 4494769 4497839 4501497 4503554 4509712 4516075 4517865 4520909 4525140 4527886 4530811 4534199 4536496 4537360 4539809 4550658 4553185 4556465 4559875 4562906 4566662 4577122 4583000 4586866 4588504 4589664 4592426 4594573 4604219 4607091 4614960 4621774 4624922 4627020 4628356 4631457 4632593 4642729 4645704 4649625 4652767 4654275 4665426 4668859 4671633 4673833 4677044 4682347 4685804 4696993 4700923 4702003 4705905 4707354 4710777 4713577 4722000 4726071 4735144 4736364 4752247 4757101 4758722 4768430 4771483 4777020 4780303 4781967 4787075 4788104 4790119 4791666 4798127 4802501 4806672 4807677 4809432 4822185 4825103 4832202 4834415 4837844 4842786 4843963 4854409 4855942 4859601 4864013 4867489 4871516 4873538 4879309 4881782 4884841 4887636 4892871 4894107 4896473 4899871 4902386 4904926 4911592 4918781 4922092 4924543 4926269 4928720 4932538 4934149 4935644 4940590 4945297 4946569 4948937 4951239 4952841 4954187 4962300 4970132 4974249 4978361 4981461 4984140 4987582 4992894 4994469 4996900 4999189 5002682 5003972 5005668 5010118 5013175 5014658 5015989 5017648 5019513 5020389 5021003 5032431 5041638 5042676 5044928 5060058 5061803 5073847 5077070 5091486 5094914 5096422 5100134 5104285 5112641 5116730 5119465 5122040 5125160 5127475 5130154 5133386 5135319 5139145 5146553 5156572 5159524 5161720 5165886 5166858 5172349 5176093 5179685 5181500 5185015 5187018 5192446 5203760 5208313 5209376 5211969 5213395 5217079 5220707 5230918 5234092 5237762 5240751 5252387 5259780 5260621 5264071 5273031 5280587 5282705 5286988 5289281 5295844 5300534 5303175 5308919 5311964 5316528 5326188 5329918 5332556 5336207 5337693 5346951 5348911 5351315 5352322 5356191 5358788 5361102 5362440 5370760 5387032 5395459 5396862 5398985 5404102 5405038 5406853 5408027 5409109 5413173 5414341 5418688 5419687 5424812 5426561 5431886 5433439 5434832 5436011 5441640 5447862 5452835 5454088 5461962 5464065 5466075 5474877 5479570 5485105 5488510 5490203 5497692 5498980 5505050 5508668 5511443 5512968 5517553 5519880 5521131 5523843 5526864 5530326 5533499 5535214 5536375 5539306 5540245 5553478 5555253 5557435 5564638 5566192 5571772 5574328 5575749 5577357 5580427 5582278 5584511 5587124 5592036 5595404 5600306 5601706 5603177 5605393 5616984 5627616 5635015 5636524 5639441 5640459 5644492 5647115 5649439 5651724 5653294 5656868 5667545 5669784 5671287 5676264 5686165 5688381 5693189 5701444 5705130 5706961 5709932 5712636 5722547 5725121 5725763 5726690 5728055 5733394 5734305 5741275 5745166 5751019 5753373 5756405 5768274 5771110 5775721 5783967 5786416 5796155 5798301 5802739 5806129 5807481 5810098 5813014 5814717 5819237 5820151 5823660 5829592 5830840 5835279 5836471 5838175 5848169 5850558 5856972 5858070 5859792 5862147 5865773 5868760 5871438 5875253 5879845 5881434 5886389 5894975 5899849 5901978 5904715 5920029 5921034 5923094 5926389 5929230 5930297 5940336 5944803 5945760 5947949 5950581 5955705 5962371 5964621 5967004 5974565 5981839 5982985 5994209 5995857 6004119 6005188 6009822 6012876 6017864 6021733 6026782 6028784 6034803 6048123 6051181 6053627 6058301 6062633 6066229 6067891 6071835 6076883 6082162 6088391 6093362 6095738 6110396 6114926 6118578 6120161 6122633 6126902 6129207 6134084 6135693 6143901 6146843 6153456 6157035 6158497 6165608 6169787 6172139 6181422 6183057 6184326 6197914 6203351 6204907 6208887 6216800 6218926 6220990 6221905 6223004 6224766 6227008 6237367 6239736 6244031 6245870 6248825 6259086 6262205 6263575 6264692 6267617 6269850 6270905 6275950 6278096 6286116 6287423 6289332 6290791 6293937 6296169 6298423 6302617 6304167 6306067 6308968 6311851 6318356 6324003 6325373 6331360 6333799 6337947 6343570 6345194 6346114 6352148 6354373 6368943 6373563 6400829 6405380 6410053 6416289 6417370 6423037 6426264 6430305 6433280 6436127 6438764 6444805 6461233 6462690 6468127 6470414 6473733 6479746 6483197 6487465 6488338 6489784 6492600 6494682 6499894 6506467 6512876 6517896 6523943 6531603 6535619 6537051 6539133 6541330 6543429 6550021 6553969 6556133 6557120 6559997 6564272 6564995 6568523 6572894 6575554 6579356 6583953 6587276 6590426 6594191 6596908 6597973 6599603 6602311 6605347 6608958 6615983 6617363 6630523 6631985 6645470 6656774 6659128 6661731 6670232 6675435 6684356 6686952 6689645 6691981 6695874 6703046 6711192 6714529 6718383 6724681 6726885 6729725 6732415 6734217 6736761 6737616 6742546 6744230 6747607 6750690 6753148 6755126 6756321 6760291 6771718 6775529 6777770 6781370 6783193 6786947 6793341 6800705 6808914 6811748 6815901 6817127 6818916 6825970 6829307 6835168 6840840 6841650 6845972 6851804 6858881 6862759 6865680 6869274 6870266 6872266 6873918 6882277 6889900 6895143 6902686 6904734 6909820 6915780 6921326 6922898 6926574 6927914 6932361 6939784 6940637 6943442 6946019 6953810 6962585 6968114 6973344 6977591 6980391 6984913 6986221 6989287 6991698 6997358 7001011 7005990 7007295 7013761 7028317 7033784 7035353 7036682 7038406 7041064 7044855 7049106 7052495 7055301 7056441 7072715 7075071 7076620 7077947 7079406 7081519 7083430 7087872 7089017 7094321 7098938 7101002 7102172 7105483 7107758 7114035 7118102 7119987 7123830 7124758 7127581 7131092 7133327 7138664 7150201 7152400 7154083 7157127 7157873 7158946 7160577 7161839 7163410 7174869 7178097 7179397 7181711 7184369 7190571 7206407 7209844 7216013 7218151 7222747 7229218 7231337 7234581 7235933 7240767 7243542 7245400 7251533 7257995 7261863 7264804 7266786 7268681 7280024 7282292 7286219 7292451 7295329 7297587 7298161 7303360 7306593 7308075 7309949 7314632 7317543 7323300 7326590 7328916 7339769 7342980 7345203 7351625 7356316 7358953 7362605 7369182 7373095 7375640 7383240 7386556 7391592 7399452 7401366 7407850 7409274 7409943 7412505 7414521 7419381 7426625 7429330 7438239 7444524 7448183 7466198 7468323 7470499 7477995 7485631 7489310 7490294 7493158 7497320 7498445 7501519 7502791 7504707 7506186 7507757 7510153 7511500 7513401 7514369 7517860 7519841 7522556 7525563 7528807 7530075 7536620 7545438 7546530 7548732 7551827 7554406 7559204 7561616 7567921 7571377 7585220 7587679 7593882 7595074 7599912 7605494 7608301 7612751 7613744 7616173 7617284 7636502 7637993 7651245 7652637 7669027 7671310 7672076 7676358 7679804 7681264 7683496 7685457 7687115 7687899 7692975 7697605 7698629 7702912 7708643 7713809 7718803 7721757 7723134 7724215 7729274 7734417 7747921 7753040 7754947 7758233 7768756 7771811 7773327 7776080 7781855 7786514 7789877 7799839 7803142 7804355 7807239 7808645 7810142 7811604 7819847 7821678 7827795 7830251 7832349 7835197 7838126 7846968 7850002 7851981 7865215 7869475 7875623 7877144 7879889 7885210 7886441 7887996 7890981 7895127 7897031 7910669 7913902 7918291 7920614 7923939 7934465 7938335 7943249 7949404 7951221 7953982 7956425 7958563 7961253 7967868 7975496 7977135 7980905 7985482 7993422 7994820 7997378 8004119 8006097 8011059 8017967 8022068 8023729 8024978 8029510 8031369 8032347 8041317 8046468 8052720 8054932 8059522 8062814 8067005 8070971 8074176 8077221 8083573 8086673 8089297 8090270 8095664 8096948 8106355 8107297 8112312 8115049 8116533 8120821 8123957 8126461 8130449 8132701 8136336 8140503 8149129 8151898 8155112 8163305 8164517 8165653 8168772 8173777 8178710 8191122 8192724 8195472 8196261 8197801 8202686 8204912 8206032 8207068 8215331 8220437 8222051 8223428 8226220 8229006 8230493 8238640 8249262 8256291 8264942 8267361 8268694 8269715 8276430 8279786 8286119 8292261 8293837 8295156 8296343 8299438 8303923 8306956 8312914 8314460 8318225 8321043 8328661 8334450 8337142 8340228 8358322 8359880 8364011 8369094 8370591 8378812 8386077 8390278 8392040 8394046 8399872 8406985 8408517 8420918 8421941 8422936 8432980 8436837 8440058 8452004 8458138 8460219 8462625 8466458 8478973 8482581 8484225 8490828 8491995 8493166 8494251 8495069 8497108 8500143 8502155 8504181 8505672 8506743 8507775 8511806 8512796 8516814 8520669 8524450 8527596 8531048 8534357 8539034 8546024 8549608 8551863 8555752 8561075 8563875 8572383 8576563 8583531 8585176 8587659 8589138 8592821 8593910 8596110 8599866 8600907 8603852 8606262 8607451 8613993 8622777 8634337 8637011 8641093 8642732 8644250 8645240 8651908 8654517 8656328 8659472 8666960 8676361 8679505 8682149 8684553 8686710 8690149 8697225 8700142 8702786 8706677 8707754 8709809 8713436 8718295 8721838 8724392 8729499 8738001 8741433 8743423 8744177 8755051 8756730 8760266 8761462 8774722 8776453 8778879 8781937 8783848 8788891 8793739 8795501 8800572 8802194 8808025 8811616 8818852 8820320 8823087 8827667 8829066 8837612 8841054 8848394 8851795 8853458 8857071 8858133 8860775 8862935 8866245 8871254 8876972 8886740 8888859 8890023 8898370 8906408 8910575 8914532 8915739 8922842 8925294 8929216 8936323 8942440 8944057 8948481 8951030 8955454 8956962 8959507 8960658 8965466 8967092 8969221 8972937 8976066 8976792 8980261 8983793 8985369 8986875 8988276 8990962 8994978 9001906 9009573 9011617 9013629 9015461 9016610 9023507 9026532 9029934 9032335 9034024 9038860 9043606 9047109 9050413 9053660 9055891 9059019 9075776 9077839 9080636 9085360 9086130 9087418 9093234 9094515 9096290 9097703 9102984 9115640 9119487 9121198 9122349 9123674 9125666 9131661 9137321 9143703 9145600 9152280 9154178 9160837 9164541 9167067 9168703 9170610 9180302 9185502 9187157 9190221 9196103 9202477 9204909 9206295 9208983 9213947 9215449 9216768 9217836 9219411 9221208 9224665 9228490 9232318 9235602 9240736 9242100 9252001 9257167 9258158 9264888 9266711 9271823 9276485 9280598 9282430 9296505 9301727 9309927 9312776 9314508 9319859 9321204 9325601 9327347 9329404 9331655 9332859 9335665 9336842 9344050 9350641 9352028 9359606 9364202 9365268 9369270 9371055 9373470 9378628 9381642 9385093 9386709 9389513 9391028 9397615 9399806 9401447 9409560 9412344 9419652 9427072 9436259 9437930 9439475 9441638 9444085 9451611 9453664 9459894 9460936 9466325 9471824 9473258 9475829 9479996 9492321 9496930 9501580 9505270 9513397 9516198 9521111 9525129 9528426 9531580 9536527 9552578 9556842 9557866 9560099 9569560 9578911 9583127 9589380 9592429 9593444 9598553 9600133 9601572 9604128 9610253 9621974 9622997 9626006 9629888 9634323 9637289 9641093 9644849 9646005 9650711 9652577 9654204 9655126 9656302 9660563 9664692 9669540 9673298 9676078 9684558 9688843 9689915 9692379 9694089 9695785 9699865 9704901 9705972 9707085 9708431 9709955 9712318 9715551 9718955 9720106 9722696 9724802 9725733 9728835 9731773 9737701 9745550 9753908 9755288 9760555 9762251 9772682 9780763 9791872 9795205 9797750 9802219 9805881 9807170 9809752 9811537 9814119 9820943 9821992 9827077 9828302 9831730 9846580 9848048 9850303 9851894 9857464 9861222 9863507 9864459 9867184 9872834 9878101 9881424 9885422 9888631 9891522 9902296 9904096 9906037 9910668 9915503 9918111 9928236 9930943 9932702 9934528 9936608 9938635 9955521 9959687 9965075 9966192 9968246 9977204 9979015 9984704 9986504 9991724 9995079 9998829 
</Matrix>
<Matrix name="Neuron_577" type="complete" rows="1" columns="583" multiplier="1.0">
   3896 19128 48239 59056 70239 82629 87372 93067 103977 119850 124196 125843 141335 147505 169145 184120 208100 213389 241668 264204 266055 302716 305747 349600 365391 392587 412345 443014 452243 462913 488259 499926 506305 519429 566656 598796 624446 627379 629855 638966 644323 650008 683796 688939 714847 741484 789407 819637 835993 847880 905323 924477 929263 930506 942022 1003147 1054886 1071166 1086294 1115947 1126391 1165098 1167373 1173204 1179541 1184888 1201082 1244039 1314121 1322094 1329487 1349079 1359438 1373204 1378576 1380682 1396299 1432964 1463614 1475057 1510968 1515379 1528807 1583407 1591006 1633178 1683312 1730142 1745562 1750175 1757704 1762988 1781016 1833359 1838444 1849052 1924613 1927963 1937486 1952058 1956820 1970979 2004369 2007511 2025077 2031710 2074659 2082861 2098755 2132303 2148975 2164786 2175021 2218930 2222098 2227734 2246196 2249756 2251878 2266292 2268952 2272599 2281209 2318492 2324802 2327168 2335102 2344920 2348092 2353112 2355826 2392153 2398123 2408121 2413407 2421357 2427765 2429636 2454267 2476307 2479366 2538866 2553323 2561501 2575845 2593260 2666024 2680050 2693845 2713918 2728226 2744721 2758578 2764883 2783770 2791912 2793743 2830568 2836842 2866099 2881662 2962828 2973678 2977562 3001536 3020880 3024436 3042193 3043721 3046315 3053853 3059782 3071916 3099138 3131355 3142750 3150554 3227999 3238582 3241287 3282376 3290947 3297343 3321425 3328615 3334336 3337962 3348445 3365542 3387768 3398998 3411077 3414926 3426936 3456808 3471933 3479103 3481070 3517829 3527177 3574905 3577866 3580851 3620841 3651884 3659712 3660931 3677530 3684715 3689804 3691368 3700789 3721769 3729035 3746881 3759817 3769078 3784934 3795799 3801387 3818569 3845557 3847784 3859144 3873455 3896557 3923309 3940281 4035941 4048555 4057351 4062838 4106290 4112396 4118221 4139701 4166638 4183029 4206726 4235390 4261622 4265165 4299762 4329457 4334900 4344281 4361909 4381595 4384289 4400643 4417135 4497880 4531863 4544477 4551343 4556270 4559076 4598285 4605619 4655151 4668784 4698473 4709161 4712062 4764029 4773616 4776920 4796158 4799868 4810075 4855273 4866668 4873565 4918814 4920150 4923492 4933960 4972187 4976618 5021779 5036679 5058256 5075912 5107470 5129258 5150181 5158906 5207476 5211590 5227280 5235657 5239299 5247898 5260588 5275890 5286248 5307692 5341109 5345963 5354506 5358035 5450705 5461780 5488287 5495250 5513070 5556175 5566280 5580357 5584165 5611576 5626422 5653591 5679559 5686738 5689282 5718105 5723330 5727751 5729970 5739087 5780260 5806893 5809073 5816936 5831209 5863829 5872510 5892382 5911169 5918431 5924891 5945144 5948928 5967159 5969428 5973592 5991607 6009353 6012994 6041963 6052271 6063500 6079606 6088879 6090968 6099102 6105411 6110873 6139568 6157111 6165326 6168478 6208603 6214661 6221717 6238229 6248513 6251761 6270791 6285929 6299888 6333161 6342349 6366257 6377689 6379913 6414582 6426148 6436628 6473971 6496088 6523835 6544676 6579028 6605039 6616061 6631560 6649176 6664880 6671494 6676466 6680710 6688396 6702175 6731500 6746181 6748021 6788318 6807572 6812122 6819132 6858220 6860381 6902087 6910703 6916003 6970011 6975031 6979485 7011475 7021192 7026033 7027312 7038499 7042279 7061802 7063225 7091720 7115562 7118421 7149688 7151893 7217589 7220616 7224913 7239615 7247690 7302878 7320632 7322454 7330217 7333100 7393552 7399923 7419819 7422641 7425747 7427687 7431489 7435284 7443717 7490408 7511815 7535408 7537009 7544573 7554775 7558337 7562049 7592398 7597868 7606922 7616750 7619848 7639627 7692199 7699519 7702079 7712271 7721819 7723711 7735173 7780131 7781203 7791089 7793074 7796996 7819895 7841941 7853294 7855553 7894759 7939764 7960301 7995958 8047821 8060933 8114954 8133164 8184841 8225889 8230987 8258270 8271114 8273002 8302022 8305106 8345887 8373951 8380678 8388037 8397992 8399175 8430103 8468271 8477843 8508089 8510329 8519398 8528853 8538999 8548281 8570301 8581782 8593148 8609330 8656406 8665826 8673056 8680579 8688932 8692283 8693797 8764018 8773944 8777246 8780569 8805011 8810454 8812709 8816885 8831642 8854808 8878558 8917148 8925870 8931144 8936593 8990225 9030522 9115205 9159368 9161731 9212580 9224153 9235159 9249104 9271734 9293184 9304431 9306677 9308121 9317340 9324679 9329132 9344511 9348045 9360511 9365009 9383845 9388282 9391520 9405746 9441241 9445871 9468546 9470002 9484082 9501224 9521417 9531993 9536689 9554647 9563417 9571438 9590273 9600752 9602271 9637452 9647896 9651529 9669508 9672879 9701946 9719510 9749795 9757362 9772676 9780814 9804305 9826798 9835384 9840664 9844371 9854329 9896414 9918462 9932400 9953012 9958429 9962230 9965012 
</Matrix>
<Matrix name="Neuron_587" type="complete" rows="1" columns="195" multiplier="1.0">
   7156 24252 50989 77130 79202 122877 188660 220479 249889 491969 628726 635308 670281 778543 867178 984326 1132031 1135816 1176531 1276313 1309124 1314723 1370372 1428390 1460336 1572720 1614960 1660800 1669147 1866677 1873623 1899026 1971171 1973594 1976421 1999307 2037833 2155950 2240940 2276971 2278695 2313135 2362561 2435068 2497515 2667334 2675549 2766039 2769180 2820737 2837283 2848619 2870301 2872555 2901698 3089989 3166794 3177107 3185215 3243609 3345314 3404646 3443594 3469926 3486959 3518117 3526476 3532864 3557683 3585872 3664921 3715552 3773486 3781505 3918520 3931979 3969109 4130321 4133436 4211390 4283652 4298683 4311526 4329765 4409007 4435530 4549652 4579742 4619437 4688134 4731824 4744021 4768328 4776628 4786474 4832937 4993742 5019434 5095553 5133887 5204942 5226717 5252963 5361391 5407412 5443469 5482303 5547758 5570478 5582807 5664877 5766311 5785544 5822169 5909597 6095694 6156235 6160230 6211001 6298813 6304531 6335690 6378887 6429436 6462748 6484222 6506420 6515176 6583596 6626528 6674261 6708819 6826518 6901568 6925679 6947430 6985212 7000401 7056360 7108998 7175553 7203036 7255781 7303808 7350294 7408446 7417271 7420908 7462623 7488601 7503233 7635251 7643908 7704863 7987663 7993443 8113690 8202694 8244592 8252633 8388087 8418633 8438479 8495591 8561598 8592573 8605941 8619274 8683182 8741576 8829324 8836765 8922335 8989390 8998213 9025477 9091415 9127077 9199771 9238959 9270270 9291994 9295864 9323403 9502633 9538959 9634893 9725414 9877801 9879196 9886096 9900406 9932833 9947861 9997824 
</Matrix>
<Matrix name="Neuron_597" type="complete" rows="1" columns="421" multiplier="1.0">
   2466 34915 66747 70897 84515 93319 101446 127806 142164 148062 150424 207672 233476 267114 331421 347643 385595 404122 421132 422541 439825 468514 487432 498183 509470 567926 584754 586755 622196 635401 641203 651354 652676 684325 693378 715770 717695 721058 742108 753277 757713 772709 787809 807082 838714 844588 881974 898161 904406 913085 929884 951208 961471 967192 969186 971516 974870 1077295 1086602 1092484 1093532 1169063 1203762 1206762 1233883 1238782 1283650 1294975 1299597 1362615 1366212 1373560 1384626 1415372 1437559 1540010 1622655 1627401 1681590 1715696 1729769 1774174 1783283 1800156 1832765 1836048 1858540 1902202 1904860 1917785 1928246 1956654 1979840 1993790 1996945 2007854 2050745 2067492 2089008 2122925 2132006 2194594 2207008 2254218 2263235 2295937 2299898 2312675 2316610 2319447 2330520 2338115 2369655 2382572 2397476 2435136 2455121 2456478 2469185 2484191 2486450 2522227 2532468 2547750 2554022 2558398 2560229 2620744 2677659 2680768 2726448 2803894 2808581 2822538 2840231 2853704 2875210 2954366 2963415 2996536 3006225 3023972 3026163 3053380 3072818 3112482 3149082 3200297 3245422 3338919 3348899 3390896 3437797 3501950 3527387 3534861 3585327 3594789 3619791 3633055 3652500 3698965 3702784 3736960 3746421 3750258 3753524 3760466 3763321 3772560 3779694 3782554 3784183 3837031 3856029 3869094 3876495 3930106 3973950 3977210 3987533 3994753 3997046 4005336 4093944 4101204 4106872 4110722 4192906 4226786 4229716 4291297 4390220 4433831 4525082 4563699 4632234 4660777 4669697 4682674 4685620 4695449 4700384 4715686 4720578 4739579 4744656 4758924 4780052 4833236 4892058 4897566 4937993 4958261 5008824 5014604 5057164 5059371 5075569 5079278 5084361 5088550 5131870 5138300 5185682 5221227 5306598 5308431 5330416 5340360 5343369 5355649 5359504 5363309 5380503 5397233 5407694 5455543 5458416 5466727 5468659 5505838 5511145 5544992 5556096 5568610 5606951 5640426 5653170 5667678 5680300 5695932 5699019 5719490 5721873 5765473 5897658 5936335 5939452 5942080 5965158 5980278 6005639 6067901 6070775 6082634 6092032 6096639 6117600 6139981 6163362 6222355 6237485 6281316 6295738 6322867 6327074 6348032 6385450 6394935 6463809 6467214 6493564 6496264 6499561 6513494 6554566 6591884 6605180 6618388 6646385 6647653 6651349 6702674 6710163 6723312 6725965 6784209 6839744 6847714 6871173 6897590 6904859 6938893 6948960 6970277 6973698 7020243 7039430 7042652 7063127 7074912 7078046 7085730 7090827 7101230 7135558 7147373 7180335 7194980 7225905 7261528 7274828 7284716 7309747 7337808 7341252 7359784 7402214 7406170 7407783 7479932 7547211 7576137 7581702 7585867 7693202 7696457 7706188 7720356 7729354 7766278 7773798 7780283 7789540 7801670 7822996 7850393 7876545 7890987 7918412 8000066 8014025 8027734 8037466 8157881 8160192 8262149 8281583 8296834 8323358 8326905 8361635 8392770 8427647 8463042 8475724 8494645 8511431 8549268 8624679 8629013 8630904 8655812 8674388 8695833 8697921 8709595 8772460 8805698 8831156 8837790 8844821 8849094 8860319 8943599 8951777 8956826 8976631 8988381 8999403 9042103 9137224 9175895 9181385 9185480 9262572 9270828 9273580 9307282 9363517 9439301 9449056 9457388 9508284 9509800 9516994 9541516 9579054 9640995 9670928 9702861 9728596 9765138 9781943 9795963 9824084 9907438 9945489 9966842 9987228 
</Matrix>
<Matrix name="Neuron_607" type="complete" rows="1" columns="2470" multiplier="1.0">
   3507 4385 6532 8215 9707 15364 18936 20698 25228 27516 39055 39951 48590 54170 55586 59791 61473 64733 67860 69689 71268 75646 82768 84844 86001 96069 97087 98972 102553 108439 111149 113186 117526 121001 124449 126458 130329 131999 135585 147736 150931 153013 157015 161657 163666 169336 178770 181030 184609 186234 189102 196391 199154 201673 203194 205414 214123 216892 218790 222318 229248 231027 237534 239305 247338 250693 254179 256163 258504 265539 268162 270636 275145 281200 283947 286807 292114 293045 294062 294841 298729 302183 307418 314241 316066 319335 320704 323143 324464 332968 335426 337742 339192 343445 346908 351989 352814 354363 358183 359291 368802 373919 377101 378362 382589 383782 389013 396962 399364 404016 404872 405953 409201 411420 415727 431169 432475 438190 444128 452069 452902 455633 461110 462325 466728 468752 475796 480022 481465 483682 488177 491927 493461 498163 501776 502919 504591 516723 520970 524840 529663 531365 533330 534947 536413 545273 548297 551269 556070 558207 559406 561618 565362 566302 567590 571057 581614 585028 587201 589778 592038 593017 595092 599528 602682 607997 609872 611801 618330 623035 623899 629253 633165 635945 638744 640342 643255 645500 649671 657431 660173 663229 673805 675361 677170 678805 682567 684462 687198 689234 691192 693492 695254 700660 706837 707988 718396 719421 723224 736666 740321 747560 754293 757561 759212 766706 767653 769318 770385 775101 780390 784667 801554 802606 811196 817570 818892 822002 828520 829565 832726 834534 841658 845007 850637 853836 857350 858587 861383 869076 873242 877387 879894 882098 883868 891468 900526 901808 906926 910923 912387 913819 921357 924407 926087 937186 939000 941362 948145 963017 971197 973337 975708 982367 985825 989756 990770 992425 994663 999700 1001976 1006071 1008451 1018564 1019729 1028965 1033269 1037731 1039212 1045686 1048347 1052703 1054051 1056524 1059963 1061857 1070671 1076388 1080073 1084989 1087513 1089438 1094384 1096809 1099269 1100915 1102993 1105228 1107787 1111149 1112679 1116147 1125312 1127573 1129890 1131388 1135337 1139984 1140791 1145295 1147407 1155777 1164779 1168835 1171706 1172397 1183433 1185101 1186222 1187836 1194216 1206367 1212668 1214531 1215209 1216617 1225789 1228748 1235373 1243182 1248442 1249945 1255875 1257697 1258404 1259896 1263316 1266158 1268003 1270221 1278398 1279607 1287258 1288602 1295400 1299053 1302436 1304277 1306579 1314115 1331723 1332835 1339338 1341309 1346462 1350771 1351606 1356993 1358574 1362393 1364672 1365827 1368110 1371379 1376920 1380063 1381173 1398069 1404917 1407602 1411359 1416330 1417498 1420253 1422808 1426485 1428338 1431014 1444046 1446961 1452079 1454642 1459126 1460163 1466892 1471303 1476094 1482925 1494852 1497182 1503194 1507658 1509683 1512342 1514696 1515265 1521805 1525366 1528082 1531660 1545403 1548007 1551038 1557346 1563810 1566494 1567273 1568259 1575931 1584889 1589971 1598805 1600276 1603780 1606983 1609025 1613817 1618599 1620491 1624353 1634157 1637999 1641062 1643797 1647350 1648115 1649553 1650586 1652357 1654496 1658589 1663005 1664577 1665291 1671772 1672831 1676509 1678141 1681527 1685192 1687904 1689190 1691294 1696918 1702780 1712316 1714015 1719518 1720329 1721732 1733655 1735188 1740773 1742590 1743536 1751376 1753204 1758397 1759428 1763621 1769492 1770324 1771775 1777070 1788913 1793575 1798094 1799842 1805243 1806390 1810622 1811132 1814264 1815743 1817775 1821773 1830374 1831995 1835600 1841324 1848540 1852302 1854165 1856986 1858005 1867183 1871507 1878938 1882485 1883917 1885798 1888319 1891029 1892529 1895527 1912902 1913611 1914845 1918175 1929130 1936944 1937939 1939162 1942091 1944089 1945170 1946709 1949397 1954503 1955355 1957379 1958452 1967938 1972118 1986746 1990664 1991945 1995690 1997190 2000429 2001818 2004480 2007105 2008364 2012742 2017854 2019829 2025000 2025997 2029103 2048096 2051561 2058284 2064667 2076191 2079308 2084808 2086717 2088411 2096051 2097038 2099734 2100894 2101870 2102823 2112346 2120553 2121608 2124651 2128615 2129673 2137253 2142290 2144356 2150331 2158277 2162018 2164530 2170893 2176311 2177429 2182767 2187008 2188007 2190627 2198183 2198961 2207015 2208247 2217585 2223162 2225308 2226446 2228562 2231787 2233235 2235462 2238527 2242118 2252834 2261212 2263908 2266432 2270082 2272712 2273856 2279377 2281322 2282192 2284090 2293894 2297933 2301217 2307677 2309052 2318821 2321811 2328144 2330019 2331697 2332901 2334080 2341158 2352489 2373724 2375176 2383490 2385965 2388737 2395073 2399085 2402837 2404746 2409710 2411044 2411860 2413317 2425645 2437440 2445140 2446730 2456058 2459490 2464392 2467630 2470299 2473698 2475211 2478182 2482933 2487386 2488448 2496997 2504931 2506691 2508049 2512411 2517950 2523163 2525078 2527206 2531699 2537267 2538145 2542142 2542930 2546159 2550929 2551961 2559886 2565627 2566865 2571994 2573409 2575393 2578344 2582373 2583887 2584887 2586052 2603267 2606561 2611366 2612827 2620406 2621535 2624157 2633191 2636433 2639433 2641364 2645362 2646986 2662077 2663881 2666711 2669488 2670827 2671901 2673034 2676195 2681086 2688327 2692902 2694232 2697769 2707627 2712078 2716471 2717809 2721798 2731435 2732861 2739007 2746138 2747178 2755487 2756701 2765642 2768561 2772686 2784929 2787246 2789760 2791221 2797906 2798865 2799456 2800838 2807763 2809425 2813171 2819070 2820516 2829258 2833898 2836496 2841476 2843756 2846491 2850260 2851350 2857687 2864660 2869583 2873698 2881760 2885459 2889201 2898855 2905168 2910771 2919655 2922094 2923188 2925234 2930764 2937137 2938894 2942369 2946353 2947067 2949856 2953993 2955169 2958133 2960232 2966517 2973719 2976591 2978753 2982954 2984036 2987487 2990699 2992664 2999097 3012397 3017253 3018714 3022081 3029377 3032529 3033458 3041499 3044564 3045973 3048357 3050638 3053034 3055260 3061471 3062830 3065100 3069812 3072428 3074670 3079450 3082365 3083165 3085940 3087954 3091676 3094403 3096728 3098465 3100002 3103279 3115246 3117132 3119177 3124687 3130130 3131040 3132424 3134822 3140078 3145844 3149888 3166081 3166693 3172372 3177660 3179603 3183219 3184383 3185474 3190071 3196502 3200450 3205247 3208410 3211845 3216344 3219524 3225998 3234859 3239141 3241046 3244314 3246929 3252709 3261146 3267062 3273351 3276057 3279012 3283264 3285040 3289445 3293475 3294818 3299448 3303013 3304286 3306060 3307466 3312610 3316005 3317104 3319029 3322135 3323180 3327544 3329776 3330734 3336803 3342009 3344198 3346667 3350140 3351347 3352006 3355659 3360556 3361927 3363368 3364758 3366426 3367303 3372357 3375291 3376128 3377720 3380814 3385235 3386594 3394157 3396407 3399859 3401377 3405153 3415134 3416344 3424073 3429111 3434556 3439092 3447262 3457637 3463362 3469534 3474570 3481964 3483513 3485265 3486701 3487713 3489601 3492287 3493402 3496652 3502768 3505132 3509685 3511036 3513210 3521123 3528094 3532330 3535725 3539216 3540907 3542222 3543558 3547166 3550671 3557059 3568929 3570789 3575030 3575808 3581457 3583979 3587549 3593515 3613854 3615334 3618779 3625447 3631046 3638500 3639535 3641325 3642311 3643937 3644955 3648023 3649742 3652051 3657003 3659977 3660870 3668524 3673051 3677173 3680755 3685127 3687348 3692115 3694112 3696092 3702941 3709148 3710686 3714934 3719500 3722224 3727130 3729833 3730684 3733433 3738543 3739444 3741027 3743790 3748780 3750702 3755753 3761068 3763290 3767630 3770916 3771830 3778173 3782355 3783026 3787924 3789594 3796900 3800512 3802296 3804501 3806274 3807424 3811801 3814127 3838062 3839630 3853628 3857640 3867585 3877354 3880713 3882141 3884154 3893063 3894954 3899287 3904291 3908960 3910001 3913398 3917368 3918195 3918897 3919889 3927622 3936459 3946244 3954382 3957800 3962627 3964909 3966923 3969847 3970573 3971146 3980686 3986099 3992079 3994357 4001415 4003589 4005282 4006508 4009424 4015883 4018835 4023259 4034921 4042365 4056360 4059585 4062256 4069848 4070726 4078752 4080220 4082998 4090198 4092809 4099277 4101098 4104748 4111248 4115011 4120544 4136298 4140165 4144056 4145673 4150649 4156945 4160351 4164051 4168935 4184966 4187775 4193565 4196423 4198861 4205938 4207434 4211402 4212015 4217028 4218841 4221264 4222151 4229115 4235724 4243374 4250717 4253936 4255701 4257196 4260151 4261183 4264657 4266189 4270217 4272489 4275885 4278371 4285333 4286353 4298245 4300695 4309163 4310745 4315798 4330315 4335244 4337040 4343010 4344626 4346794 4349314 4353411 4357855 4362621 4364667 4366997 4368349 4370950 4374437 4375591 4380808 4385064 4392371 4395004 4401376 4402489 4408116 4409759 4411047 4414104 4420980 4425868 4427638 4429017 4444000 4447504 4452268 4456514 4462330 4468802 4473803 4483454 4484755 4486118 4488054 4493185 4494467 4499615 4506305 4509171 4510841 4513205 4522533 4530293 4531307 4538861 4542671 4551272 4555074 4556125 4557067 4562681 4569431 4570700 4572283 4575278 4576611 4582112 4583143 4586037 4588006 4589405 4591638 4594194 4597416 4599329 4602101 4607110 4607886 4616324 4617902 4624557 4627457 4628205 4642130 4646585 4662929 4663751 4667137 4673080 4675981 4679676 4682119 4685834 4688513 4690346 4693558 4694630 4703277 4705345 4707590 4713366 4720038 4723502 4724962 4727676 4731186 4737082 4738752 4746952 4751104 4753075 4755349 4758523 4760402 4764606 4765702 4767151 4774509 4779610 4780357 4782797 4798128 4801623 4802657 4806331 4810459 4812595 4816705 4824199 4830121 4837836 4845328 4848099 4850322 4852744 4859081 4861417 4867054 4869362 4871891 4874629 4878198 4880386 4884948 4890709 4897319 4900234 4907155 4910387 4912514 4915471 4919962 4921215 4932132 4932891 4935311 4940933 4943892 4955529 4957100 4965263 4968787 4972107 4975821 4977610 4978885 4986659 4988547 4993391 4995513 4996950 5000653 5003866 5004613 5005650 5007287 5012690 5016382 5019586 5022181 5028086 5048120 5053810 5056874 5059880 5061618 5062571 5064095 5066925 5067640 5074119 5079178 5087912 5095285 5098861 5100643 5101885 5105118 5112940 5116235 5117741 5121075 5122245 5127511 5129595 5133649 5141045 5149811 5155004 5156007 5156964 5173419 5174963 5178119 5181237 5183729 5191722 5193352 5194555 5197368 5199893 5210810 5214477 5221857 5229312 5233559 5239002 5240735 5245596 5249141 5252601 5253996 5260147 5265491 5266176 5270443 5272244 5274916 5280384 5284025 5288383 5289761 5290746 5295564 5302611 5303730 5309141 5313853 5318476 5319921 5321998 5342845 5344758 5346221 5348539 5349892 5357977 5360227 5362049 5364676 5366775 5373345 5374430 5377236 5377887 5379902 5381884 5383447 5385358 5386987 5394866 5401451 5402459 5414261 5427306 5429669 5432376 5436564 5440631 5448158 5455253 5457474 5460434 5469959 5471453 5472800 5474343 5475164 5476384 5479545 5481864 5483222 5485712 5487586 5493197 5498091 5503119 5508269 5509481 5511719 5513855 5516018 5521100 5528870 5530603 5538635 5542423 5547030 5550043 5554184 5556078 5560027 5562502 5563635 5573844 5577890 5581794 5590859 5593857 5604624 5605806 5614775 5622898 5624523 5643687 5645561 5652402 5657697 5658965 5660503 5668007 5672549 5673931 5675563 5679498 5688955 5694234 5702127 5703960 5710483 5712904 5719484 5721177 5723822 5728252 5730399 5731788 5732900 5737197 5740321 5742428 5744798 5755149 5760038 5765508 5767454 5769817 5770999 5772632 5776405 5780117 5788094 5788981 5790349 5795322 5796911 5801120 5809419 5812434 5815543 5829997 5833291 5835398 5837922 5839754 5845420 5847928 5850237 5851240 5853612 5854728 5865735 5871962 5876283 5879314 5882081 5885698 5888670 5895009 5896462 5899269 5920267 5922572 5924098 5925663 5927927 5936092 5943112 5945548 5949267 5950331 5951378 5953835 5954687 5958391 5962396 5967785 5980568 5988835 5990866 5992374 5995073 6000412 6002716 6005176 6011243 6017458 6019159 6022891 6028116 6030896 6038797 6040986 6044752 6048644 6055796 6059127 6060176 6063133 6065938 6072299 6079478 6080805 6083400 6086750 6087637 6089415 6092940 6100424 6104971 6110275 6111614 6116100 6128162 6136825 6140933 6145497 6148202 6150206 6162916 6167057 6171448 6180619 6182945 6184414 6194146 6195851 6198776 6202129 6203658 6207720 6208735 6215317 6219440 6221634 6224660 6228790 6232238 6236776 6239925 6242655 6244294 6245681 6250250 6255495 6260891 6272244 6285283 6289874 6290759 6296162 6296777 6300636 6302427 6308317 6309398 6310483 6312967 6332357 6347556 6349742 6354281 6355546 6357446 6359123 6361543 6366455 6369914 6374750 6382003 6383983 6385159 6386470 6390900 6397780 6407936 6411298 6414438 6428218 6435301 6439096 6442069 6449005 6450195 6453273 6456883 6462047 6470476 6471979 6473028 6476244 6482614 6485618 6490224 6491745 6493552 6496833 6506338 6508343 6509774 6512347 6520400 6522253 6527893 6535144 6536879 6539001 6541333 6544081 6545047 6550745 6552326 6557688 6563254 6566333 6569768 6576164 6579159 6583501 6586817 6587936 6589615 6595654 6597868 6602024 6603044 6605481 6608896 6611801 6614649 6615973 6618082 6624118 6634466 6637549 6639375 6651942 6657698 6659751 6662403 6670474 6674023 6677051 6679647 6684844 6686284 6687438 6688417 6690299 6692428 6697428 6701919 6703306 6710919 6713581 6717520 6722289 6724447 6727340 6729657 6736713 6738432 6741788 6744406 6745647 6747961 6751171 6752165 6756493 6762243 6767503 6770513 6773253 6777588 6779799 6787096 6788460 6799162 6801459 6803576 6804622 6810540 6812842 6814570 6815743 6817308 6827327 6835216 6837100 6841337 6842467 6845661 6847438 6848157 6850755 6851788 6853433 6857804 6860749 6866899 6868319 6873931 6875404 6877531 6879547 6881854 6884526 6886931 6892222 6893425 6897444 6899057 6903559 6909950 6911404 6920233 6921925 6924356 6925339 6932230 6933655 6934804 6938406 6941012 6943756 6945019 6946366 6951290 6952040 6958726 6966209 6967339 6969803 6973223 6977103 6979053 6982721 6984664 6991308 6992614 6994324 7000365 7002635 7009225 7010377 7014571 7018343 7022509 7024897 7026990 7031402 7043335 7046671 7055565 7065750 7074910 7079645 7085181 7086078 7087144 7088398 7095662 7098084 7101882 7103591 7115333 7116760 7120355 7127147 7132605 7135064 7139401 7141135 7144601 7146043 7151293 7154718 7155551 7160205 7160911 7162423 7164438 7165758 7170799 7173587 7178812 7179693 7182958 7187357 7191550 7192809 7194003 7195125 7201774 7207562 7227721 7230550 7234895 7236621 7240548 7245101 7249798 7253839 7257022 7258041 7265247 7267953 7274044 7275331 7277410 7281423 7283744 7290112 7296983 7298228 7299853 7301131 7302377 7303231 7305402 7311144 7312174 7313562 7332356 7342030 7343516 7347679 7354559 7362000 7364030 7366205 7368163 7370334 7372836 7375542 7381322 7388859 7392499 7400462 7401391 7409578 7411284 7416571 7418119 7421139 7423391 7429248 7437389 7441016 7448103 7451644 7457118 7459203 7469724 7471043 7472214 7474206 7476043 7477987 7480460 7484975 7486552 7492873 7494912 7497388 7500622 7504904 7509726 7510970 7515933 7520162 7528645 7530671 7532058 7533380 7535540 7545548 7550128 7562393 7566003 7566990 7571431 7573393 7574921 7576114 7577070 7584864 7586680 7590419 7592594 7602737 7607164 7614767 7625593 7630119 7632161 7639384 7644005 7647324 7655830 7662976 7666126 7669352 7671542 7672956 7680590 7682877 7684445 7690126 7691698 7696682 7700515 7701639 7704663 7709600 7710862 7712367 7713335 7714315 7730181 7731558 7740883 7745437 7747484 7751201 7757578 7763316 7767258 7774666 7779347 7781131 7788844 7795489 7796566 7800464 7806331 7817507 7819216 7821633 7826304 7831386 7834126 7841627 7850778 7853992 7858109 7861369 7865435 7866882 7867652 7869957 7871703 7880978 7884083 7886848 7889967 7891764 7893854 7895646 7902979 7913998 7918045 7922826 7934320 7940690 7942854 7944680 7946326 7947068 7949149 7951042 7954265 7956967 7959344 7966547 7970923 7974428 7982932 7984565 7987077 7988127 7990017 7991236 7996485 8000866 8005130 8012292 8013556 8023019 8026639 8027513 8028689 8034600 8045913 8049978 8050760 8066934 8069803 8072133 8075818 8078109 8080740 8085299 8089470 8093540 8096520 8100310 8107378 8113090 8118994 8120258 8121608 8122867 8127743 8129412 8134970 8158105 8170745 8175440 8178320 8181126 8182324 8188249 8192628 8195584 8206855 8209354 8210047 8221768 8231217 8233820 8243342 8246695 8248845 8250594 8252714 8256767 8264221 8265935 8266876 8269668 8276146 8280771 8287194 8289169 8292973 8294483 8297083 8299822 8305105 8315320 8318029 8318694 8322710 8325098 8328362 8329835 8332218 8336205 8338727 8340067 8345703 8353962 8362380 8372357 8376322 8383674 8389006 8393627 8397001 8401470 8403636 8407891 8416554 8420735 8424292 8425046 8428289 8431763 8432856 8436154 8438777 8442379 8444617 8449860 8452180 8455917 8458236 8462516 8465729 8471995 8475809 8478586 8481428 8482183 8483791 8484579 8487367 8494942 8496076 8497505 8506227 8508701 8515234 8517948 8522688 8523577 8531226 8535499 8538881 8545236 8548068 8549941 8552100 8553923 8556823 8563953 8565735 8569163 8570692 8572089 8578503 8581279 8582363 8583765 8584792 8588544 8594347 8597165 8607570 8611693 8615226 8616745 8619297 8623259 8635838 8646330 8649762 8653517 8657017 8659531 8660507 8666103 8669410 8680175 8692910 8706756 8710497 8714518 8715467 8717457 8718466 8721982 8723385 8728501 8729645 8734127 8740252 8741625 8743418 8745162 8755866 8765318 8768379 8771312 8775785 8780573 8788312 8790522 8795942 8797038 8798515 8800598 8801917 8803531 8818370 8824177 8833507 8837039 8840588 8842481 8849163 8850331 8852768 8857751 8858876 8863053 8866220 8871199 8873024 8879491 8880637 8885899 8889096 8899469 8902664 8903961 8911474 8920293 8930898 8932748 8935492 8940729 8946403 8947762 8950891 8953151 8955822 8958747 8964520 8967668 8970603 8978912 8980725 8984538 8997659 8999218 9001991 9003999 9013434 9016103 9022788 9024582 9025200 9026423 9027603 9031129 9033297 9037841 9040707 9043622 9048114 9052938 9054285 9057069 9059603 9061702 9064544 9066701 9073451 9083286 9087217 9093183 9094137 9101069 9102088 9102900 9108836 9110556 9112208 9115538 9116403 9120017 9123688 9126064 9131529 9134004 9139888 9146058 9150592 9160451 9164738 9166342 9180769 9199554 9210513 9211964 9217149 9218663 9219677 9221384 9224489 9225803 9227835 9229719 9237783 9239479 9245084 9246939 9252503 9254150 9258368 9264530 9267265 9268934 9270528 9274090 9275197 9276486 9277471 9278734 9283678 9285044 9286254 9294275 9298459 9304037 9305605 9308939 9311153 9312258 9314627 9316024 9317095 9322714 9323545 9324451 9327359 9332235 9336141 9337723 9338369 9340004 9340723 9354412 9359672 9365619 9367828 9375633 9382589 9384455 9398140 9406493 9416448 9422371 9424240 9426378 9439229 9447661 9448700 9449838 9460283 9462896 9464891 9465898 9467721 9469072 9480919 9485796 9490380 9497388 9504804 9507555 9510320 9512435 9518411 9521483 9525218 9527021 9528948 9546193 9548715 9551304 9555237 9555908 9557516 9560723 9574165 9588279 9595919 9601940 9603071 9607351 9608563 9614088 9621849 9627219 9637669 9639634 9642229 9648289 9649354 9654924 9661429 9662460 9667617 9672073 9682976 9685494 9689487 9690504 9699230 9702468 9705227 9707298 9709416 9710459 9711652 9717613 9719488 9721474 9723044 9724329 9728260 9729413 9731563 9737177 9738367 9740681 9742112 9745472 9746354 9751821 9760036 9766414 9769602 9771561 9773681 9776833 9778112 9790620 9795698 9797961 9803174 9806876 9808544 9810754 9812995 9819081 9826247 9828560 9830169 9832140 9842541 9846487 9850165 9853044 9854513 9857508 9861034 9870337 9872171 9873906 9888650 9891922 9894826 9898042 9900936 9902600 9903921 9904885 9910130 9914030 9916158 9917763 9921847 9927751 9930484 9933882 9940659 9943436 9945180 9948414 9949623 9952235 9953713 9958043 9959677 9963026 9968063 9971763 9973022 9974663 9978163 9980152 9982439 9987717 9988387 9992204 9997479 9999717 
</Matrix>
<Matrix name="Neuron_617" type="complete" rows="1" columns="4765" multiplier="1.0">
   660 2171 7956 8767 9735 11080 11971 13312 14417 17436 18237 20415 21589 23633 24568 26304 27843 30294 31985 33047 34905 37317 38614 41822 42434 45907 47867 48812 50201 52054 54308 55492 56284 63836 64622 67074 69779 74153 75505 79118 80119 82103 84143 85341 86101 90517 92227 94017 98233 99412 100806 102611 104922 105750 107628 108883 109987 112345 114969 116108 118007 121557 131343 133615 135243 136348 137373 138017 139567 141586 142688 144264 145871 148373 152280 153174 154846 157782 158518 160764 163735 165319 167175 169111 170401 171711 174339 176279 177168 180017 182409 184429 186733 189415 190378 191202 192872 195875 197676 199558 202188 203669 206033 208601 209460 210145 213686 217038 219345 220777 223131 224461 225506 228437 232619 233447 235410 236715 238120 239073 241162 244605 246678 249477 251218 252481 254207 256250 258094 258814 261127 262177 265639 266458 268027 269797 271189 273179 274922 278138 280914 282840 283721 285327 287016 289028 295417 297334 299160 303293 305737 307220 312829 314230 315678 317424 321804 328748 334584 336511 338481 340849 342568 343841 344480 346857 348251 349941 351183 352136 354662 356744 357536 358302 360980 363988 366294 369408 372217 377217 381557 384761 385871 386990 388586 389869 390637 392393 395221 399672 402382 404451 408115 410861 413611 415022 419142 421088 421823 422779 424911 429481 433766 434569 437407 438517 439395 442518 446855 449765 450716 452280 453916 457060 459271 460118 462146 464390 465669 466654 470028 471181 474044 475984 477298 480013 481896 482891 486078 489773 491209 493402 494277 496387 497476 498548 500137 502977 503752 505108 506436 510423 512198 513527 515551 516952 518307 519306 521674 524065 526602 529014 530931 531679 532695 534591 535617 538225 539603 540790 542205 546061 548104 549755 550381 552138 554011 555182 556323 559470 560726 561684 562556 563131 565490 568563 569956 575619 576538 577506 581609 583326 584280 585729 586515 591365 592819 595642 596960 598948 601709 603144 606226 607515 608847 610014 611733 613178 614195 617390 619493 620342 623952 624698 629272 630195 631233 634717 635799 637102 640426 642320 645882 647008 648541 649567 652538 655827 657868 659976 662867 665481 667257 667950 669392 670529 675808 677694 679577 681383 682222 683565 689779 695125 696564 697546 698777 702927 705011 707683 708619 710451 711346 714201 714892 715981 718174 719297 720519 724102 725941 727593 728616 732146 733514 737478 739009 741411 743206 745081 746751 750156 751679 753685 755386 758385 759278 760447 762486 766864 767642 770778 773249 775694 776458 777390 778822 780752 782255 783458 786021 786933 788082 793049 794193 795623 797079 799771 800636 801851 803416 805999 808222 809277 810616 812510 815242 819615 820767 823101 824127 825496 826336 827295 831335 836256 844053 846039 847726 849401 850526 852534 853878 854922 855473 857537 858553 860671 861423 862304 865065 865919 866795 867667 868524 869857 870779 873885 874621 876533 878923 879654 880885 883724 884077 886834 887788 889657 891220 895413 899132 901571 903694 906785 908104 910815 913950 915259 916870 917963 918879 922027 922962 924851 926053 927691 929915 931179 932004 934302 935446 937627 938425 940255 941509 942275 943545 946867 948135 949287 956435 956922 959103 959908 960546 962885 969676 971072 972224 974260 975023 976545 979035 981523 983176 984339 988114 990209 991264 992173 993529 994619 996921 999696 1000523 1002542 1004635 1006205 1006920 1010171 1011684 1015546 1017758 1020093 1021622 1022542 1023951 1026111 1028184 1029341 1030544 1031994 1034261 1035822 1037227 1038492 1041797 1045233 1047183 1048013 1049030 1050665 1053667 1055604 1056559 1060982 1062939 1064345 1065153 1068291 1069822 1070618 1073584 1074756 1075913 1078134 1080082 1081094 1086124 1086919 1088705 1090187 1090853 1092824 1093819 1098358 1101591 1102881 1103956 1114459 1119189 1120888 1121947 1124268 1126194 1127591 1128930 1132650 1134631 1136062 1137516 1138377 1139417 1141863 1143647 1146874 1149219 1150359 1151259 1154931 1156062 1160767 1161363 1163062 1164057 1165183 1166640 1169211 1170935 1174065 1177728 1178998 1181353 1185290 1186857 1187594 1192040 1193842 1194722 1198817 1200386 1201323 1203519 1211766 1212862 1216929 1218592 1219966 1221378 1224488 1226733 1231225 1232528 1234797 1236764 1237822 1239016 1240319 1241069 1242703 1246901 1247882 1249273 1250816 1251626 1254225 1255750 1257341 1259197 1260087 1265403 1266226 1268932 1269780 1272844 1274128 1275026 1276714 1280982 1282174 1285206 1287853 1289621 1291632 1293097 1294021 1295610 1296427 1298601 1300863 1304066 1306847 1308766 1310858 1312056 1313083 1314197 1315327 1317022 1318003 1320544 1322135 1329938 1331624 1341821 1342868 1344505 1349351 1351157 1352453 1353533 1355458 1356443 1361016 1362179 1365499 1367399 1369202 1371052 1371963 1374113 1375122 1376288 1377532 1379721 1381315 1384526 1386087 1387961 1389658 1391618 1394481 1395836 1397904 1399301 1401147 1402161 1403963 1405036 1406391 1408825 1409822 1411394 1413484 1415848 1417918 1419248 1420917 1421935 1423198 1423941 1425788 1428433 1431779 1436279 1438160 1441320 1444082 1444760 1447496 1448352 1449758 1450905 1452806 1453501 1459262 1461068 1465482 1466736 1467821 1468601 1470728 1474162 1475087 1479823 1482884 1484512 1486078 1487893 1489543 1490348 1493125 1495164 1496580 1498386 1499606 1500789 1501567 1506040 1507758 1509432 1511097 1511959 1515282 1516535 1519028 1522061 1524432 1526440 1530356 1533474 1536309 1540244 1543748 1544917 1545911 1548402 1549385 1551339 1555803 1558188 1562737 1564714 1567537 1570629 1572490 1575785 1578317 1579509 1582724 1584052 1588647 1593026 1594728 1596757 1599288 1602852 1603499 1604608 1608370 1610197 1611515 1613848 1614603 1616368 1617853 1622964 1624963 1627752 1629537 1632101 1634664 1635490 1637067 1642301 1643662 1646096 1648141 1649611 1650639 1651794 1655529 1656686 1657298 1658880 1659652 1660718 1661715 1664849 1666393 1667243 1669262 1671492 1673586 1676742 1679453 1685047 1692650 1693854 1694469 1695381 1698041 1699021 1700369 1702080 1704049 1705891 1709564 1711408 1713610 1714484 1715416 1716304 1717529 1720895 1722936 1724569 1725713 1726925 1727891 1728541 1730418 1733205 1734678 1736345 1737997 1740133 1741663 1742693 1744639 1747928 1751018 1751721 1753168 1754906 1755678 1756856 1757794 1760214 1761473 1763493 1766556 1767892 1769107 1772672 1773854 1775379 1776173 1777276 1778093 1779043 1781247 1782789 1783307 1784448 1785811 1789204 1790224 1795399 1796691 1799552 1800951 1802019 1802971 1807095 1808789 1811276 1812285 1816748 1817932 1819223 1820330 1822716 1824804 1826729 1829371 1830978 1832378 1836146 1837351 1842722 1844579 1845388 1846614 1848952 1849947 1850739 1851301 1855621 1857758 1859062 1866396 1870199 1875231 1876213 1877904 1879519 1881430 1884036 1889517 1892603 1894121 1897206 1900048 1902911 1904474 1906004 1909199 1913527 1917478 1920118 1923635 1925450 1926650 1927923 1929807 1931759 1932865 1934625 1937961 1938947 1945114 1946722 1949388 1950399 1953308 1957507 1960558 1961403 1962887 1964387 1965706 1966612 1968429 1969799 1971408 1973953 1975780 1978183 1979123 1980699 1981955 1985600 1987089 1990767 1993785 1995894 1996785 1998287 1999090 2001291 2002540 2005006 2008604 2010205 2016223 2017699 2019451 2022173 2023057 2026930 2027551 2028500 2030438 2032033 2034923 2036246 2039982 2041912 2044026 2045611 2046571 2048063 2049461 2051630 2052623 2053798 2055087 2058710 2059273 2059971 2061524 2063950 2066261 2070780 2071524 2075264 2076724 2079129 2080048 2084638 2086669 2088051 2089412 2091952 2093134 2095449 2097151 2098303 2099634 2101869 2102757 2105620 2107099 2109286 2111571 2113417 2116849 2118910 2119801 2120656 2122284 2123815 2127164 2129314 2130804 2132933 2134384 2135828 2136673 2137665 2139799 2140982 2144528 2147036 2148332 2151781 2153955 2155372 2157502 2159948 2161343 2164013 2165542 2166821 2168079 2171402 2172592 2173781 2174531 2178035 2181024 2182848 2187146 2189251 2190539 2192993 2194440 2196185 2197458 2201497 2203020 2204777 2208471 2209747 2212043 2213201 2214413 2215792 2217007 2220102 2221072 2223679 2226972 2230010 2233627 2236537 2237446 2240234 2241779 2243357 2246661 2247751 2251091 2254598 2255718 2256972 2258149 2260103 2261760 2269858 2270943 2273438 2274628 2276258 2280666 2282503 2283418 2285576 2286998 2287895 2288926 2290107 2292946 2294179 2296100 2297668 2299935 2302508 2304005 2305562 2308054 2315359 2316940 2318728 2321844 2323071 2324214 2329725 2330871 2332955 2336077 2337204 2337984 2339767 2341743 2342529 2344382 2345573 2346793 2347984 2351017 2352034 2353258 2354317 2355267 2356328 2358527 2359477 2360024 2361538 2365200 2368810 2372350 2373900 2376022 2378191 2380021 2381604 2384383 2385615 2391135 2392989 2394872 2395771 2400300 2406665 2408138 2412863 2413885 2414975 2417313 2418872 2420241 2420892 2422037 2423170 2424194 2426815 2428200 2436269 2437496 2438353 2439957 2442367 2444288 2445896 2447383 2452230 2453521 2455297 2456155 2457879 2459270 2460138 2461635 2464171 2464890 2468184 2469317 2472735 2476368 2478995 2479501 2481695 2484325 2487534 2493349 2496073 2498121 2499941 2501353 2502899 2503887 2506994 2507621 2509162 2512034 2514782 2515682 2517056 2517806 2521665 2522521 2524074 2524758 2526377 2530254 2531567 2533363 2535364 2540165 2541248 2542426 2543815 2544956 2547832 2549946 2551786 2553980 2555431 2557218 2557749 2561234 2563543 2566555 2568127 2569239 2570239 2571277 2573250 2578278 2579278 2580102 2581949 2583784 2586991 2588467 2591460 2592241 2593156 2594448 2596113 2597048 2598758 2599606 2600846 2604324 2606046 2607044 2608593 2609746 2611175 2613640 2618536 2621239 2622258 2624000 2624891 2628213 2630198 2631498 2636121 2636956 2637966 2641852 2648619 2651803 2654902 2655772 2658313 2659394 2664222 2666836 2668267 2669289 2670397 2671588 2672845 2674800 2676724 2677948 2678745 2680014 2680955 2681760 2683360 2685370 2688049 2689074 2694197 2696026 2699537 2700656 2701478 2703696 2708960 2710084 2713479 2714368 2715675 2717229 2718678 2720455 2721346 2723272 2724830 2726149 2728554 2733995 2736144 2739545 2740965 2746371 2748529 2749568 2751564 2752828 2756587 2759836 2761905 2762774 2763416 2764882 2765671 2770573 2771954 2775829 2776842 2778249 2780171 2781860 2786307 2788203 2790131 2794736 2801833 2802895 2805855 2807973 2811462 2812438 2813851 2814898 2816083 2817056 2819367 2820131 2827860 2831639 2833451 2836168 2838473 2840163 2841369 2844379 2845685 2846983 2848868 2852551 2854151 2857369 2860268 2862797 2869943 2872052 2873905 2876409 2877840 2880438 2882747 2883745 2884763 2887607 2888390 2889326 2891756 2892729 2894817 2895733 2897874 2898828 2903146 2903670 2905047 2907567 2910190 2911483 2915612 2917649 2919140 2919829 2920493 2921819 2922923 2923650 2926195 2932156 2933454 2934274 2935702 2936907 2937782 2938778 2939893 2941180 2942742 2943520 2947431 2950660 2953318 2954581 2956602 2958341 2959751 2962289 2965866 2967122 2968586 2970812 2971967 2973493 2975427 2976785 2977617 2980237 2981163 2982659 2983805 2985110 2987554 2990113 2992067 2994112 2997518 2998790 3001613 3002545 3006738 3007990 3012312 3013786 3014835 3015486 3017733 3021349 3023353 3024834 3027300 3028220 3031379 3034281 3037199 3039542 3043742 3045946 3048840 3049716 3051262 3052844 3055763 3058380 3059524 3063316 3066840 3069775 3070726 3071895 3073848 3074604 3076950 3078964 3081141 3082713 3083676 3085409 3086499 3087849 3089454 3092945 3094795 3097287 3098617 3101587 3103132 3104109 3108004 3109287 3109986 3111128 3112035 3113273 3114582 3116298 3118179 3118857 3119873 3122192 3123806 3125595 3128756 3133161 3138150 3139863 3147846 3150463 3152953 3156849 3159294 3160085 3162545 3164138 3165363 3166628 3168257 3170716 3172832 3173603 3177064 3178611 3179558 3182257 3184413 3186954 3189447 3192572 3195388 3196168 3198062 3199513 3202489 3203201 3204489 3206572 3208588 3210327 3211291 3212539 3213614 3216053 3217064 3220247 3221762 3223650 3226724 3228029 3230509 3232413 3234087 3237334 3238190 3241028 3242177 3243471 3244294 3245458 3247082 3247733 3249302 3251311 3252046 3254406 3255286 3257303 3258281 3264769 3265995 3267554 3269706 3270594 3271849 3273645 3274941 3276054 3277659 3282376 3283102 3289212 3290949 3291841 3293765 3294628 3295988 3297169 3298482 3299925 3306870 3307920 3308645 3310534 3311342 3313429 3314859 3317785 3319467 3321259 3322249 3329490 3331494 3332313 3334137 3335894 3337693 3339426 3340443 3342101 3342990 3344007 3349162 3350311 3351391 3353070 3356089 3357667 3358754 3362541 3364052 3365299 3366356 3368586 3371624 3372736 3377799 3380939 3385126 3387869 3388911 3389939 3392256 3392937 3393955 3395563 3396591 3401308 3402858 3404746 3407115 3408021 3409048 3410722 3411982 3413818 3414987 3416409 3417366 3418751 3422365 3424308 3435993 3437035 3439430 3443614 3444892 3446985 3448226 3449288 3450943 3454393 3455698 3458519 3460256 3462107 3465115 3466543 3467618 3468335 3470926 3473617 3474555 3476021 3477234 3478573 3479522 3480225 3483034 3484369 3485833 3489866 3491999 3495054 3496976 3497900 3499993 3501472 3504981 3505489 3506429 3507304 3508693 3509649 3513103 3514884 3517470 3518757 3519608 3526099 3528899 3530331 3531201 3532641 3534237 3536238 3537427 3538437 3539513 3540776 3541727 3543915 3545098 3546188 3548201 3549201 3550152 3551511 3555053 3555797 3557852 3559004 3560551 3563030 3565205 3568203 3568933 3572921 3574257 3575471 3578079 3579507 3580662 3581975 3584038 3585030 3588270 3590199 3594376 3599010 3599752 3600604 3602075 3603749 3606603 3611426 3615152 3617546 3621477 3622929 3624877 3627360 3633318 3635533 3636579 3639117 3642079 3644518 3647650 3649937 3650761 3652659 3655642 3659368 3663488 3664222 3665156 3667413 3669424 3671108 3675837 3679568 3682127 3683643 3687149 3688573 3695130 3696466 3697881 3699064 3700507 3702132 3704098 3707828 3709563 3710464 3713440 3719204 3721468 3725871 3726916 3728161 3729843 3733175 3736588 3738422 3740254 3741763 3743016 3744608 3746722 3748511 3749506 3751271 3752937 3754892 3757013 3759172 3762387 3765828 3767527 3769673 3770707 3773603 3774324 3775360 3776826 3782466 3783502 3784513 3787142 3788005 3789825 3790492 3793655 3796645 3798891 3802030 3804448 3806916 3810301 3812183 3813219 3816674 3817849 3819491 3820439 3823264 3824603 3827716 3829646 3831271 3832482 3834470 3836406 3840323 3842351 3843189 3845327 3847214 3849988 3852485 3854917 3856046 3859379 3860894 3861977 3864613 3866726 3868943 3870147 3870969 3872642 3875890 3878928 3879870 3880992 3882010 3883044 3884240 3887315 3889003 3890139 3892216 3893682 3894339 3895373 3895927 3898376 3900719 3902266 3905625 3906515 3907541 3912011 3912847 3914505 3917503 3919985 3923080 3923817 3924899 3926275 3929109 3930070 3931806 3934110 3938041 3939264 3940362 3944245 3946386 3947519 3952011 3953147 3954899 3959529 3961327 3965588 3967682 3971426 3973088 3974367 3976950 3977771 3979459 3981403 3986128 3988196 3991348 3992654 3993463 3996175 3998575 4001849 4003315 4005188 4007973 4009176 4011865 4012774 4014458 4015841 4016995 4017593 4019232 4020631 4021621 4024949 4027790 4031232 4033112 4034168 4036288 4037775 4039072 4039741 4042949 4043994 4045334 4046628 4048547 4050000 4056446 4057814 4059730 4060390 4065341 4067682 4076043 4077783 4079046 4080986 4083858 4085194 4086423 4087805 4090747 4092058 4094787 4095761 4098005 4098961 4100217 4101709 4104561 4106146 4108282 4110210 4111735 4114735 4116845 4123999 4125190 4128826 4129950 4133542 4134922 4137431 4141137 4142539 4144627 4147858 4149273 4150092 4151341 4153103 4154320 4156275 4161223 4165463 4167215 4169815 4171805 4175316 4177265 4179027 4180239 4182017 4183249 4185814 4187674 4188683 4190061 4190821 4192492 4195293 4201422 4203041 4210041 4212657 4217314 4219986 4221800 4222584 4224517 4226748 4230749 4232859 4233882 4234785 4235912 4237296 4240261 4245107 4247218 4249569 4250410 4252010 4253798 4260217 4261394 4262425 4264412 4265519 4268283 4268827 4269939 4270595 4271616 4274096 4275743 4276626 4277789 4285031 4285847 4287730 4288876 4290010 4293565 4295914 4296506 4297955 4300472 4302130 4303218 4304962 4306865 4308682 4310077 4310702 4314768 4316071 4317982 4319150 4320682 4322079 4323922 4324569 4325538 4332526 4333357 4334362 4336305 4337967 4339887 4340722 4341966 4343906 4347351 4348616 4349419 4351231 4353057 4354839 4357255 4358211 4361839 4365209 4366979 4368805 4371671 4373587 4377514 4382438 4384917 4385936 4387223 4388256 4391096 4394554 4396646 4397515 4399309 4400337 4401352 4402784 4403563 4405051 4406599 4408374 4409949 4411280 4413438 4414116 4418017 4420364 4422778 4425874 4427479 4431578 4432578 4433557 4435598 4437013 4439126 4439952 4441481 4443019 4444648 4447080 4448067 4449543 4451735 4456669 4459326 4461416 4462468 4465007 4468330 4468943 4470048 4471602 4475151 4476277 4482195 4484646 4485679 4487208 4488880 4491818 4493239 4495396 4496314 4497153 4498979 4500323 4501052 4502406 4504092 4505404 4506205 4509056 4510526 4512538 4513285 4515710 4517209 4518285 4520416 4524475 4525860 4527213 4528645 4532041 4534567 4535287 4535977 4537807 4543012 4545099 4550832 4552133 4554650 4556315 4560614 4562395 4563749 4570655 4572828 4574722 4577450 4579607 4582434 4587406 4588573 4593048 4595169 4596994 4599147 4604150 4605174 4607222 4608829 4611400 4612814 4615081 4617449 4619294 4620484 4622001 4623255 4625448 4626781 4629533 4630233 4633480 4634302 4637211 4640282 4641883 4644565 4645587 4649238 4650784 4653453 4655797 4657190 4658375 4660681 4661563 4662490 4663986 4665462 4667049 4669371 4671280 4672691 4673383 4674775 4677289 4679598 4681632 4683192 4685410 4696203 4697575 4699743 4701515 4704524 4705828 4707496 4708670 4711131 4714341 4715591 4717184 4718709 4720931 4722965 4724499 4725672 4729391 4730599 4733356 4735807 4736960 4737956 4740528 4748646 4749626 4750558 4754240 4755735 4757388 4759284 4761938 4763227 4765030 4766164 4770441 4771821 4774324 4777211 4778993 4781055 4784409 4785779 4786660 4788577 4792586 4795765 4797261 4798116 4798923 4799936 4801812 4804960 4809229 4811338 4811970 4812909 4813907 4815241 4818131 4818802 4820155 4821496 4826906 4828275 4829643 4830936 4832912 4834961 4838397 4840206 4842450 4843698 4845268 4846863 4847726 4852787 4854892 4857785 4859171 4860943 4862020 4863491 4866861 4868773 4870218 4871187 4872059 4876106 4877430 4879148 4880792 4882023 4883737 4884806 4885899 4891679 4893974 4895686 4896726 4897732 4899497 4901039 4903134 4903932 4906029 4907819 4908942 4912008 4915478 4918013 4919586 4921812 4923418 4924087 4925333 4927025 4928912 4930225 4931820 4932992 4935854 4937289 4939598 4941546 4942476 4945714 4946707 4951817 4954940 4957332 4959294 4960493 4962441 4964277 4966371 4968579 4971000 4972306 4974591 4977019 4980656 4984151 4985345 4988435 4989746 4991042 4992643 4994175 4996247 4997528 4999089 5001032 5002952 5003938 5011145 5013185 5016359 5018756 5020896 5022035 5022976 5023766 5024556 5025619 5028421 5029445 5031104 5034516 5038753 5040143 5042406 5043657 5046251 5047449 5048546 5049763 5050973 5052357 5053548 5054683 5055624 5056885 5059410 5064888 5066947 5069444 5073357 5077053 5080157 5081171 5082412 5086134 5087827 5089290 5091500 5092855 5096253 5105824 5107298 5109633 5110921 5112933 5114429 5115356 5117812 5119998 5121273 5122139 5125350 5126397 5127053 5130158 5132899 5134293 5136201 5137029 5138652 5141546 5144395 5147374 5149838 5151657 5152603 5154046 5157312 5158434 5159864 5161289 5166930 5168277 5170188 5177489 5183021 5185000 5185628 5187683 5191545 5192806 5195237 5196576 5197824 5200232 5203527 5206267 5208282 5209480 5211637 5215582 5216656 5218126 5221395 5224603 5229190 5231123 5235361 5237321 5238532 5239812 5243658 5244893 5248998 5250479 5251694 5253345 5254507 5256995 5258451 5260259 5261807 5262870 5264889 5266131 5271984 5273574 5274981 5275842 5279429 5281879 5282918 5286394 5287492 5288856 5292287 5293359 5295576 5297613 5299186 5300195 5302259 5304721 5305668 5306551 5307247 5308714 5310549 5312210 5314319 5316195 5317873 5320628 5323134 5325955 5331295 5335266 5337913 5339835 5340561 5341440 5342620 5343829 5347839 5349820 5350925 5353442 5354725 5355451 5356341 5357653 5360480 5361615 5364640 5365819 5368285 5372585 5378474 5384870 5387502 5389164 5391242 5393800 5396941 5398810 5399610 5402669 5405601 5410508 5412788 5413575 5416313 5416884 5423091 5424389 5426326 5427389 5430140 5430777 5431772 5432920 5434302 5439256 5440496 5441726 5442667 5443579 5445540 5447607 5449923 5452937 5453848 5457229 5460191 5461151 5462267 5465232 5466121 5467498 5469285 5472252 5473817 5475518 5476726 5478155 5479027 5480797 5487205 5492548 5495695 5496323 5497289 5499034 5501493 5505030 5507110 5509449 5512125 5514320 5519234 5520250 5521522 5523320 5526118 5527425 5528647 5529511 5531835 5534053 5535472 5536577 5539230 5540107 5540930 5542293 5542992 5544119 5546614 5547735 5552328 5553252 5554928 5557048 5559430 5561027 5562012 5563288 5565050 5566439 5567274 5568840 5570262 5574588 5576024 5579072 5581643 5585437 5586568 5587723 5590290 5593648 5594596 5597624 5599581 5604270 5606620 5612243 5614868 5617116 5620019 5621581 5622516 5624760 5625315 5629352 5634036 5636018 5636907 5638598 5642972 5644358 5645285 5646609 5647479 5648918 5651717 5653794 5654795 5659860 5662592 5667270 5668459 5670147 5673636 5675539 5677051 5678543 5680333 5680944 5681903 5685777 5687425 5688637 5690275 5691957 5694940 5695742 5696611 5697713 5698832 5699603 5700790 5702481 5704802 5707102 5708569 5711296 5712566 5713644 5715667 5718298 5721122 5723029 5724114 5726051 5730351 5731670 5733150 5738773 5739879 5741726 5746899 5751938 5752887 5754639 5756803 5761590 5762659 5766139 5767203 5768865 5770434 5771750 5773963 5776795 5781804 5782554 5783430 5787201 5788027 5789175 5790093 5792998 5794935 5796280 5798178 5799502 5800512 5801089 5801854 5805064 5807118 5808786 5814582 5816300 5819518 5822624 5825108 5826323 5827147 5829908 5830979 5831866 5832990 5836726 5838234 5841275 5843307 5845004 5846517 5847500 5849809 5851374 5853119 5855159 5857617 5858313 5859282 5860704 5863457 5864803 5865602 5868269 5869556 5873843 5874409 5875743 5881278 5883181 5884433 5885997 5886745 5888783 5890611 5896691 5897805 5899533 5900821 5904440 5905610 5909512 5910545 5911553 5913490 5914722 5916043 5917825 5918536 5919869 5920927 5925411 5927277 5930282 5932089 5939751 5940743 5942226 5943661 5944395 5945510 5949320 5950582 5953285 5954995 5955852 5957140 5958816 5959898 5960848 5964196 5965416 5967048 5968870 5969780 5972109 5974487 5976102 5977392 5982305 5984049 5985187 5987463 5988193 5988844 5991104 5992067 5994137 5995438 5997286 5998271 5999902 6001602 6002432 6005176 6007333 6013998 6014768 6019973 6021574 6022352 6026744 6028201 6030044 6032461 6033934 6035150 6037074 6039184 6040109 6041119 6042073 6043107 6044563 6046571 6048001 6049727 6051634 6054421 6056942 6061706 6065606 6067106 6068704 6070824 6074411 6075652 6078797 6082473 6084155 6085190 6085949 6088200 6089422 6091676 6095100 6095866 6096974 6098920 6102130 6103077 6104359 6105481 6107514 6112009 6115459 6118334 6120060 6123284 6125889 6127099 6128180 6131317 6132413 6137953 6139013 6140258 6141741 6146365 6147366 6148827 6152584 6153520 6165074 6170325 6174910 6176892 6181719 6182747 6184548 6186463 6188348 6189156 6192076 6197004 6197953 6199821 6200743 6202189 6203784 6204914 6207451 6209585 6212432 6214062 6217094 6219450 6221430 6222715 6224985 6225819 6227863 6229544 6231665 6234545 6238185 6239740 6245722 6249510 6251735 6253525 6254539 6255067 6257171 6260832 6262521 6263891 6265245 6267187 6270205 6272323 6276734 6278128 6280165 6282182 6283252 6288318 6289119 6291775 6294668 6296017 6297700 6298531 6301094 6301966 6303391 6305050 6308240 6309323 6313689 6316474 6318856 6320022 6322516 6324260 6327434 6328885 6330232 6331008 6332256 6333394 6334891 6338051 6340039 6341939 6345802 6347629 6348493 6349830 6352722 6354351 6355742 6357128 6358353 6361657 6363657 6364701 6366233 6369708 6373387 6377947 6379885 6380824 6383860 6385049 6386090 6386998 6387999 6388770 6395149 6396422 6399360 6401606 6403967 6407862 6409566 6414205 6414952 6416742 6417570 6420653 6423283 6424183 6425342 6426678 6431346 6432938 6434082 6436635 6438323 6439308 6441802 6443618 6444954 6446858 6452415 6455821 6457956 6460797 6463398 6464697 6467535 6472226 6473648 6474814 6476574 6478573 6479799 6481469 6482935 6485316 6486835 6487652 6489819 6496250 6500695 6503541 6506440 6507194 6508503 6510181 6511099 6512133 6513068 6515534 6517663 6519157 6520433 6522227 6525209 6527152 6528941 6530326 6531432 6532974 6534351 6536746 6537510 6538500 6539357 6540663 6543750 6545835 6546409 6550330 6551317 6553775 6555221 6557226 6558710 6560653 6561554 6562561 6564774 6566001 6567467 6568418 6570422 6571472 6572574 6574309 6575778 6578676 6580177 6583008 6588253 6591332 6592958 6594647 6595859 6597634 6599299 6604389 6606706 6607889 6609218 6610611 6612049 6615034 6617317 6619023 6623864 6628182 6628937 6629886 6634054 6638514 6640399 6642789 6644334 6645330 6647190 6648602 6650816 6654678 6655596 6660813 6664003 6666243 6667090 6668009 6669210 6670409 6671544 6672702 6674666 6675893 6677159 6680701 6681607 6682724 6684370 6685719 6687702 6689465 6690931 6693510 6695245 6696067 6697060 6698414 6700740 6703030 6703952 6705385 6707532 6708757 6710498 6711414 6713067 6714588 6717402 6724396 6725843 6728724 6730634 6732091 6733208 6736687 6737617 6739036 6740564 6743296 6744754 6746036 6750299 6755437 6757456 6758994 6760368 6766038 6766994 6770044 6772065 6773619 6776414 6780876 6783138 6783894 6785524 6787552 6789738 6792506 6797630 6798815 6799763 6801056 6802170 6804033 6811430 6812924 6814589 6815906 6817134 6818881 6819779 6824835 6827309 6830162 6830843 6832043 6834530 6836819 6839444 6840418 6847404 6851343 6852302 6853151 6854141 6855373 6858138 6860218 6861297 6862395 6863592 6865129 6868882 6870455 6874233 6875213 6877132 6880057 6881485 6882508 6883242 6887065 6888375 6890432 6891583 6895268 6896343 6898219 6899890 6900495 6903996 6905166 6906862 6908673 6917235 6919138 6920804 6922448 6924483 6934862 6935655 6937825 6939252 6940832 6942068 6943331 6949285 6950695 6954371 6957168 6959089 6960284 6962987 6966717 6967861 6969396 6970249 6972025 6974726 6979231 6979963 6982511 6984023 6984993 6988657 6991467 6992748 6993543 6994850 6997506 6998739 7000020 7002806 7003965 7005390 7007745 7009690 7011077 7014767 7017361 7018818 7023015 7024584 7025429 7029494 7031521 7033568 7035468 7036058 7037835 7043297 7046490 7048524 7049567 7050224 7052066 7054254 7056919 7057692 7059000 7061301 7063219 7063744 7066249 7066872 7068130 7070109 7071954 7073399 7076157 7079368 7080121 7081909 7083412 7084950 7086798 7087806 7088613 7089668 7092597 7100708 7103641 7106098 7107728 7108683 7110102 7111234 7112973 7114653 7117341 7118214 7119928 7121463 7124471 7125470 7128240 7129119 7132026 7134067 7136615 7141321 7143505 7145254 7147972 7149540 7152149 7154659 7157316 7158097 7161020 7162875 7163557 7165859 7166812 7169031 7170606 7174740 7176541 7178264 7178876 7180230 7182878 7184353 7185305 7187252 7190620 7193990 7195296 7197028 7199249 7201263 7202733 7204070 7205829 7207102 7209075 7209852 7210641 7211508 7213161 7214670 7215784 7217069 7218586 7221656 7226792 7232854 7235130 7237512 7238869 7240907 7241671 7244483 7246309 7249057 7250129 7253336 7254511 7257921 7259005 7261497 7262659 7267146 7268215 7268941 7272050 7278404 7280120 7280971 7282343 7283353 7285233 7287780 7290105 7291353 7292971 7293913 7296200 7298131 7299002 7300460 7304522 7305607 7308855 7309921 7314290 7315471 7317636 7319671 7320759 7321703 7324589 7325718 7330070 7332434 7336692 7338356 7339144 7340943 7342718 7345108 7346535 7348597 7351246 7353093 7354032 7354934 7355826 7357728 7359498 7360762 7362153 7363344 7364969 7366818 7369321 7372083 7374085 7374798 7376186 7378674 7379788 7384306 7385217 7387986 7388558 7396775 7397771 7398417 7399981 7408230 7411211 7414014 7415352 7418054 7421088 7423291 7425287 7428088 7428901 7431660 7434239 7437251 7440831 7443398 7445966 7447696 7451142 7452928 7454073 7457357 7459836 7466016 7466921 7471752 7474178 7477774 7483134 7485874 7489210 7490158 7493418 7495187 7497376 7498657 7501191 7502709 7506128 7506942 7507800 7510313 7511150 7513312 7514202 7515883 7517288 7518179 7520863 7522709 7524836 7528330 7529705 7532085 7533624 7538637 7540309 7544813 7545778 7548211 7548830 7552754 7553833 7554919 7557289 7558506 7565056 7565915 7569427 7571075 7573043 7574602 7576425 7579572 7581463 7586388 7587634 7588354 7590896 7594423 7595417 7597151 7597793 7600606 7602086 7603561 7605164 7608158 7611236 7614055 7615353 7616496 7618572 7620595 7622538 7623406 7624305 7625825 7626648 7627348 7629529 7631184 7632539 7638142 7641879 7645191 7646710 7648638 7650513 7653859 7657057 7658573 7660544 7661851 7663110 7664659 7668066 7673327 7674310 7675408 7677162 7679193 7681942 7683872 7687211 7688284 7691107 7692350 7693199 7695396 7696752 7699278 7700185 7701903 7704149 7706050 7709506 7710813 7712051 7713717 7716102 7722403 7724997 7728435 7729860 7730731 7732239 7732846 7734784 7738080 7740146 7741254 7742354 7743991 7744930 7745898 7748307 7749328 7750590 7751555 7754505 7757657 7758595 7760547 7762324 7764901 7766062 7766736 7768760 7770107 7774723 7775770 7777561 7778771 7779850 7789149 7790145 7791587 7792591 7797217 7798161 7799549 7802052 7808279 7810953 7815581 7817554 7819627 7820733 7821492 7822133 7824028 7826181 7831906 7833286 7834664 7836162 7837606 7840903 7842127 7844500 7845487 7847765 7848926 7850887 7851923 7852574 7853660 7854733 7856274 7857848 7858953 7860042 7861009 7862736 7865583 7867546 7871957 7873036 7875473 7876450 7877653 7879205 7881273 7882374 7883233 7884387 7885901 7888166 7889813 7890909 7892421 7893330 7895153 7896850 7897925 7898708 7899994 7903550 7906538 7909503 7910145 7911555 7914673 7915630 7917439 7918878 7920683 7922865 7924060 7925990 7928238 7934491 7935611 7937148 7938733 7941441 7947242 7949325 7950541 7952494 7955245 7956753 7957916 7960437 7961888 7963261 7965868 7967078 7969021 7972420 7979481 7981017 7982162 7983979 7986457 7988911 7990218 7994290 7996730 7998489 7999182 7999973 8000919 8001905 8002934 8004313 8005032 8007454 8008522 8010606 8011566 8014271 8015160 8016339 8019271 8019922 8020681 8021689 8024845 8027660 8029672 8031141 8033246 8034322 8035416 8036946 8038196 8039980 8043921 8046078 8050050 8051489 8052049 8053421 8054225 8055042 8057199 8060301 8061737 8065354 8067294 8072629 8074057 8076698 8080151 8081848 8085833 8086890 8089814 8090717 8092068 8093760 8094758 8096153 8097452 8098782 8101108 8102437 8104891 8107564 8114924 8117818 8118614 8119515 8120580 8122046 8124004 8125566 8127737 8128974 8130509 8132095 8136137 8137014 8139780 8140738 8144249 8145732 8147082 8148277 8149429 8152053 8154343 8156836 8161168 8163236 8164762 8166065 8167504 8170402 8173809 8174846 8179507 8181007 8188525 8190604 8192934 8197012 8199552 8201082 8202283 8205170 8205872 8207912 8210059 8211027 8213106 8215039 8216738 8217711 8220637 8223043 8223731 8227434 8228754 8230864 8232852 8234645 8237639 8241308 8243420 8244289 8248521 8251494 8252328 8253376 8254067 8256087 8257467 8259045 8263227 8267588 8272257 8273528 8275727 8280694 8282670 8283680 8284625 8286862 8287614 8290068 8294565 8296032 8296804 8298650 8301696 8302483 8303743 8307513 8309401 8312735 8314132 8316786 8318771 8320519 8325324 8327099 8328101 8330340 8334684 8335708 8336628 8337627 8339470 8342172 8343214 8345685 8348473 8349724 8350767 8353779 8358023 8361389 8362401 8363524 8365766 8368957 8369757 8371135 8374600 8377267 8378272 8379149 8380042 8381561 8384341 8385804 8387793 8389848 8392224 8394493 8397553 8401923 8403419 8405751 8410544 8413853 8414868 8417978 8418797 8419566 8422022 8423033 8425288 8426598 8428473 8429855 8432266 8433954 8435128 8436616 8437635 8438988 8440194 8440902 8444185 8446049 8450954 8452688 8455840 8456976 8460309 8461297 8466206 8471996 8475665 8477139 8479492 8483286 8484268 8485324 8488037 8489121 8491415 8495219 8496549 8498051 8501486 8502819 8504776 8505608 8506735 8510181 8511783 8515289 8515844 8517813 8519095 8522587 8523609 8524954 8527038 8528139 8529766 8532349 8533781 8536175 8538343 8539279 8541041 8544352 8545044 8546589 8547811 8548999 8550395 8553069 8553865 8557116 8558476 8559301 8560321 8562781 8564281 8566411 8568716 8572424 8574881 8576922 8578540 8582050 8585897 8589645 8590441 8592895 8593649 8597480 8599871 8602394 8606209 8607397 8608722 8610751 8611339 8612251 8612767 8614910 8617148 8619766 8621153 8622567 8624760 8626285 8627547 8636940 8638563 8639949 8644892 8646301 8647102 8650109 8650869 8653412 8656059 8657205 8658267 8661074 8664816 8666976 8668183 8670359 8672259 8672875 8674312 8675813 8677489 8679981 8681629 8682989 8683825 8687542 8691073 8691745 8692908 8694309 8698825 8704001 8706925 8709863 8711445 8713153 8714643 8716712 8718738 8721373 8724317 8727990 8729350 8732518 8737318 8741774 8745452 8747244 8749832 8750903 8752976 8753810 8759074 8761197 8762912 8763695 8765141 8768494 8770306 8772563 8774751 8775787 8780295 8783710 8786064 8787574 8788642 8789961 8792343 8795235 8796976 8799870 8800647 8802703 8804120 8804818 8809218 8811325 8817824 8820516 8822016 8828469 8832975 8834410 8836365 8838140 8840629 8842678 8844342 8845463 8849725 8851780 8853224 8855699 8857401 8859088 8861062 8862771 8864297 8869552 8871274 8873624 8876485 8877713 8880567 8883122 8884897 8887012 8889957 8893068 8895646 8898209 8900803 8905497 8907438 8909716 8912298 8913899 8915555 8917869 8921853 8923119 8924515 8929091 8931459 8938902 8942134 8943950 8946375 8948048 8949033 8950696 8955620 8956980 8958844 8959811 8961039 8968912 8970767 8971528 8973903 8974846 8976587 8977650 8982412 8986284 8987475 8988603 8995260 8996213 8998374 9002906 9005844 9008203 9011446 9012819 9016146 9018258 9020063 9022332 9024546 9028300 9029520 9031778 9032745 9035086 9037261 9039093 9040921 9043166 9046615 9047709 9048707 9051256 9052508 9053753 9054839 9057252 9058476 9061044 9062900 9064365 9067475 9068756 9069970 9071180 9072855 9074148 9076254 9077599 9083052 9087000 9088659 9089819 9095031 9097781 9099179 9100420 9101164 9101931 9104984 9108065 9110365 9111533 9113113 9114780 9116166 9116860 9119006 9124610 9125874 9126478 9127564 9129406 9133023 9139624 9141251 9142303 9143288 9147657 9149139 9149899 9151760 9154265 9156798 9158851 9162356 9167025 9168422 9172124 9174150 9175877 9177360 9178444 9183713 9185461 9186291 9188654 9189490 9192352 9193494 9195304 9196661 9197718 9200676 9203167 9205110 9207399 9210198 9212429 9214130 9215874 9216921 9222477 9225523 9227980 9230389 9233179 9234454 9235680 9239032 9240314 9242971 9244310 9246881 9250242 9252102 9256022 9258387 9259875 9262678 9268674 9271454 9274454 9277471 9278610 9279726 9280436 9284313 9290823 9295715 9296911 9300383 9301520 9304037 9306468 9308147 9309732 9311262 9315522 9318723 9319560 9322292 9324803 9326305 9328844 9329590 9331579 9334524 9335776 9337403 9338704 9342941 9344821 9346715 9350057 9351785 9353028 9354866 9356618 9357918 9358862 9359605 9360734 9364264 9365410 9366922 9370491 9371984 9373322 9376412 9377075 9379309 9380133 9381934 9384469 9385548 9386865 9389620 9391740 9396221 9397638 9399190 9401163 9405297 9406989 9409780 9410939 9412449 9414147 9417513 9419459 9422227 9424755 9426651 9429827 9431219 9432269 9432864 9436166 9439870 9441009 9443855 9445483 9449600 9455790 9457058 9458911 9460491 9463407 9465054 9466310 9467910 9468720 9470116 9471590 9473598 9477058 9479572 9481284 9484656 9486389 9487450 9489624 9493494 9495804 9498397 9499073 9500590 9502062 9503173 9505225 9506802 9507846 9511000 9513372 9513956 9515448 9518087 9518951 9520915 9522903 9523909 9528353 9529310 9530094 9531162 9532262 9533899 9535546 9537191 9539310 9540279 9547812 9549612 9550854 9552448 9554258 9558746 9559457 9562463 9565032 9566501 9569623 9572491 9575592 9577531 9578796 9580619 9582840 9584598 9585663 9586705 9590828 9592718 9598557 9599322 9601209 9602560 9605314 9608501 9613465 9618307 9620454 9621680 9623729 9625786 9627984 9629131 9630323 9633220 9635559 9636843 9638173 9640761 9643116 9644356 9645233 9650833 9651741 9652550 9654256 9655414 9657057 9659495 9660354 9662539 9663412 9664868 9666308 9667408 9669341 9671673 9675480 9678763 9680563 9681599 9683498 9684549 9685414 9686558 9688602 9690337 9693541 9701972 9704963 9708802 9710845 9711791 9714343 9715992 9719150 9721962 9724333 9726398 9728942 9730698 9734391 9735362 9736173 9738137 9740776 9742389 9743612 9744903 9746579 9747907 9748848 9750300 9752528 9753455 9754539 9755898 9757327 9762299 9764967 9768081 9769119 9770007 9771143 9772581 9773589 9774896 9777139 9778057 9780575 9787311 9790326 9791416 9793057 9794114 9796790 9797886 9799638 9802009 9804426 9807121 9808485 9810053 9811931 9813921 9814879 9817007 9818373 9823208 9824881 9828964 9830049 9832427 9833941 9836017 9836787 9838750 9841799 9842696 9843966 9846328 9847281 9848707 9850123 9852102 9853497 9854246 9856388 9862285 9864553 9865291 9867081 9869071 9872359 9882155 9884395 9888077 9890991 9892487 9894355 9896100 9897464 9899716 9901532 9903216 9903937 9906620 9909083 9911518 9913845 9915441 9917139 9919928 9921740 9923902 9928904 9930612 9931578 9934174 9935919 9936679 9938502 9940664 9943238 9944244 9945610 9947529 9952508 9955699 9956756 9960174 9962087 9963023 9969112 9972482 9973436 9975260 9976311 9977688 9978972 9981528 9982829 9987395 9989007 9991685 9992792 9993814 9995113 9996404 9998241 
</Matrix>
<Matrix name="Neuron_627" type="complete" rows="1" columns="4959" multiplier="1.0">
   1140 2984 4804 6930 8129 9002 11313 15088 17635 20222 21430 23569 24561 25212 26420 27764 29530 31032 34775 36746 38593 40543 42629 47862 51395 52447 53402 56631 59224 60106 61686 62541 64455 69259 70051 70687 72318 73145 74522 79213 81707 82651 86993 89403 91587 92759 94404 96641 97326 98839 100957 102865 103816 104806 105824 107510 108487 110537 116262 118608 121601 124149 125164 126597 127729 130655 132449 134245 134840 135717 138349 139560 141170 143961 147130 149680 151706 156347 157073 158775 160237 162921 165675 166173 167763 169362 171314 172609 175977 177085 179315 180838 182241 189787 190459 191972 194531 196112 197440 198277 200219 201058 203421 204428 205313 208704 212197 214190 216901 218780 219346 221678 222636 223378 227215 229572 230701 231464 233036 237625 240126 242505 243219 244810 249388 251106 253850 255925 258573 259975 260909 266106 267640 268479 272430 275925 277164 278785 279503 280978 282431 284955 287258 288757 289575 290975 292472 295086 296859 302784 304828 307903 309038 311407 313582 314872 315759 317187 319524 322483 323442 327114 327894 329687 331425 332599 334046 337428 340851 341678 342510 346591 348420 349259 351379 352634 355591 360273 362181 363460 365769 366948 368308 370465 377199 379411 380538 386983 389966 392147 393038 393651 394691 396596 400261 401492 403860 404622 407064 410993 411874 414060 416151 416912 418733 420162 421080 422084 424097 425943 427364 428968 429739 430545 432341 433290 435165 436300 439306 441080 442210 445917 451492 452468 453931 456406 458000 459704 460542 463904 464521 465567 469198 471231 473480 474405 477542 479807 480821 481647 484473 485470 488740 489800 493087 494718 496497 499051 501892 509146 513089 514878 516218 518708 522030 523377 525125 526178 528612 532429 534067 536342 537117 538308 540317 542792 545990 546736 549438 550027 557657 558830 559967 562107 564535 565541 567723 568444 572456 575857 577745 584158 586277 587329 588956 589842 596294 597026 598526 600455 604566 607473 610875 612552 614126 614820 615592 616912 619043 620401 621298 621930 624278 625318 627029 627935 630147 631851 632860 637137 638714 639668 640304 641539 644869 645782 650813 653132 655005 656149 657140 660968 661979 664345 666742 668014 670434 671093 672219 674563 676146 677279 679697 680470 682341 683844 684714 685744 687811 689304 690660 692172 693169 696316 698553 700128 702068 702863 703967 709141 709953 713128 714145 715084 717503 718619 720329 721294 722117 727236 729023 732145 733851 735688 737443 739510 743426 744187 745531 746528 748520 752350 753858 755020 757766 758545 760204 761718 762751 764125 766987 768009 771605 772599 773711 774393 777606 780267 781428 782565 785377 788554 789515 791345 792117 795383 797668 799805 801179 802299 805280 806175 810621 812021 814079 815643 817396 820100 821675 823072 824610 825512 828103 829501 830655 832572 833982 836931 838829 841392 842637 847120 850378 852695 855347 857489 858763 861715 863297 864115 865436 866486 867556 868819 870493 871177 872523 875765 877101 879405 880527 882465 883385 887518 894024 895333 897619 899198 900428 904163 906410 907677 909058 909756 911230 914304 916923 918114 920908 922846 923909 927085 928180 929971 933564 934615 935477 936402 940032 942115 943345 944780 946012 947084 948392 952359 960093 961831 964791 967842 969461 970395 972005 973962 975443 977631 980048 982559 986009 986717 989469 991406 993801 996384 997919 999593 1001260 1002148 1003801 1004826 1006224 1010420 1011624 1013091 1015201 1018262 1021303 1025721 1026276 1027806 1028964 1029749 1033246 1037769 1039843 1040910 1042255 1043253 1044426 1046160 1047608 1048771 1049940 1051292 1052902 1054726 1055470 1057203 1058775 1059737 1061065 1062216 1063379 1065696 1066613 1068742 1070625 1071975 1072836 1074061 1075038 1077784 1079648 1082041 1083261 1084316 1085542 1087072 1090686 1092069 1092833 1093481 1097455 1099078 1103012 1106416 1108342 1109031 1110393 1113653 1115563 1118886 1120462 1123064 1124923 1130995 1132138 1132994 1135931 1137927 1141905 1143520 1145249 1146419 1147296 1150055 1151293 1152456 1154124 1155849 1158618 1159512 1160614 1162232 1164820 1165732 1166258 1167690 1169693 1171716 1175379 1177413 1179107 1180596 1182514 1183178 1186072 1187100 1190250 1193229 1196274 1197994 1199902 1203562 1206580 1208719 1215170 1217009 1220962 1223483 1226289 1231543 1233378 1234874 1236472 1238038 1241087 1244974 1249286 1251699 1253646 1255697 1256512 1257772 1260285 1261220 1262718 1264312 1265161 1266410 1270047 1274526 1276511 1277338 1278149 1279461 1280810 1285950 1288306 1292276 1293316 1297871 1298905 1301093 1302306 1304522 1305893 1306544 1307669 1310416 1311639 1312241 1313493 1316715 1317707 1318767 1320311 1322839 1324392 1325597 1327807 1329446 1331098 1332498 1333611 1335659 1336394 1337820 1338816 1339526 1340185 1342494 1344889 1346035 1352211 1352890 1358762 1360829 1363112 1366641 1369220 1371128 1372304 1373692 1376470 1379309 1381475 1382054 1383963 1386484 1387707 1388484 1391630 1392858 1395229 1396206 1399696 1401510 1403578 1405259 1410343 1412544 1414112 1415262 1416628 1417326 1419230 1420653 1422266 1423103 1424798 1425994 1429132 1431076 1434104 1435337 1436671 1439141 1440765 1441998 1443218 1444821 1446455 1450577 1454277 1455825 1457900 1464115 1466857 1468596 1469723 1471186 1472226 1475143 1478171 1478844 1480589 1482736 1486660 1488235 1493066 1494330 1496740 1498358 1501851 1503952 1507296 1508951 1510514 1511126 1513593 1515832 1517635 1518892 1520343 1523904 1527074 1531189 1535267 1536963 1538656 1540047 1541458 1542433 1544315 1545955 1549431 1550471 1552071 1552652 1553692 1556488 1558915 1562048 1565592 1566540 1568657 1572012 1572858 1574694 1576861 1580024 1583241 1584090 1588005 1590813 1591664 1593096 1595282 1596267 1597362 1599075 1599879 1601021 1602202 1604884 1606242 1607604 1608803 1611058 1613030 1613660 1615694 1620740 1621614 1623181 1625680 1627867 1630399 1632535 1633730 1634903 1636088 1638425 1640535 1642067 1644357 1647958 1648955 1651693 1656026 1658008 1661068 1662199 1666246 1667454 1670303 1673586 1674439 1675715 1677194 1678895 1681126 1682010 1684096 1686035 1686839 1689862 1691383 1692319 1695896 1697492 1698331 1699132 1705638 1707379 1709352 1713561 1714603 1716281 1717565 1724972 1725886 1727891 1731420 1733083 1734853 1736934 1737876 1738573 1739767 1743927 1745733 1749973 1751163 1753935 1755905 1758872 1761210 1763104 1764482 1766063 1772544 1774785 1776967 1778974 1780523 1781452 1784570 1786121 1789911 1792275 1794864 1795909 1798033 1799023 1800499 1801739 1805410 1806297 1808552 1810420 1812251 1813869 1816212 1817554 1819437 1821168 1821993 1823436 1826830 1829557 1830700 1832146 1833355 1834721 1836062 1837535 1838131 1839417 1841406 1842620 1843592 1845340 1846650 1848086 1849840 1852376 1853367 1856812 1858827 1860520 1861765 1863043 1865115 1866501 1867558 1868795 1869884 1872319 1874582 1876423 1877366 1878329 1880052 1881186 1882023 1883592 1886783 1888958 1890147 1890787 1891910 1894349 1895240 1898152 1899210 1900035 1901824 1903166 1904573 1906456 1907394 1908696 1913140 1914058 1917847 1918843 1919920 1920900 1922767 1924258 1926551 1927966 1928849 1933477 1934322 1935872 1937549 1938384 1939363 1940939 1943831 1948198 1950833 1951801 1953247 1954813 1956129 1957116 1958736 1959696 1961365 1962426 1964045 1965626 1966991 1969367 1971630 1974928 1976986 1978269 1979364 1980147 1981729 1986085 1988120 1989383 1991581 1992502 1993973 1996564 1999603 2000945 2003405 2004412 2005705 2010824 2011985 2013482 2018267 2021277 2023313 2027049 2027986 2028849 2033496 2035306 2037248 2038705 2041939 2043452 2045722 2048190 2051714 2053212 2054823 2055741 2056501 2057058 2058641 2061350 2063133 2064260 2065170 2066026 2066961 2068068 2069131 2071372 2073286 2074347 2075673 2077132 2079276 2081458 2082465 2085079 2086642 2088562 2089752 2091875 2095981 2100088 2103963 2104844 2106406 2109163 2110925 2115282 2116765 2118428 2119884 2122276 2122921 2124672 2126754 2128344 2129840 2130924 2133420 2135700 2138540 2140180 2145300 2149457 2152001 2152886 2155057 2156188 2157499 2159034 2160184 2163021 2166465 2168508 2170519 2171379 2172096 2173256 2174801 2178728 2182056 2183932 2185844 2186998 2189093 2192732 2195184 2196338 2198253 2199645 2202484 2206648 2207719 2208594 2210777 2213216 2214928 2216905 2219096 2221402 2222158 2227211 2228674 2232964 2235716 2239377 2240913 2241717 2244028 2244719 2246835 2248080 2250530 2251817 2253494 2257086 2257922 2259377 2262132 2265033 2268294 2270887 2271756 2273590 2274713 2275864 2277786 2280208 2281740 2285499 2287868 2290734 2291741 2292890 2294705 2296288 2303429 2304286 2305196 2306949 2308164 2309078 2309716 2311348 2311966 2313144 2314673 2317845 2319521 2321190 2323286 2328761 2332598 2335234 2336155 2337463 2339599 2342132 2343054 2352367 2353895 2354910 2355942 2358628 2360029 2362691 2364575 2366378 2370828 2372940 2374754 2376481 2378390 2379230 2383597 2385708 2386639 2387611 2389635 2391045 2392148 2393285 2394609 2396036 2397671 2399156 2400797 2406715 2408286 2409740 2412688 2415358 2416633 2417973 2418822 2420681 2421978 2422845 2425151 2427048 2429375 2431576 2432560 2434924 2440012 2441246 2442417 2444696 2445712 2446431 2450802 2453787 2456333 2457972 2458652 2460044 2461209 2462849 2467869 2469147 2469991 2470863 2472118 2473118 2474379 2475971 2477636 2479324 2480262 2481163 2483034 2485267 2486217 2487035 2488590 2492168 2495176 2499126 2500967 2502108 2504172 2506279 2510711 2513610 2515498 2516383 2519529 2520815 2523031 2524468 2525734 2528352 2529577 2530871 2532682 2533783 2535496 2537315 2540208 2542073 2543685 2545830 2548556 2550118 2551341 2553006 2554343 2555617 2556666 2558151 2559632 2561710 2565576 2567005 2568218 2569685 2573303 2576498 2578538 2580149 2582693 2583864 2585788 2588115 2589114 2592011 2594237 2595416 2596998 2599176 2602004 2602986 2604777 2606945 2608045 2609589 2610286 2612504 2613959 2615118 2615771 2619506 2623674 2625689 2628394 2631623 2635377 2638507 2640099 2642206 2644114 2645401 2646444 2647477 2650965 2652344 2654405 2655947 2656913 2660951 2665214 2667787 2668763 2670086 2671319 2672107 2673057 2674777 2677949 2680485 2681929 2683402 2684351 2686212 2686909 2688019 2690450 2695050 2696297 2698281 2699520 2700735 2703402 2705165 2705991 2707900 2710770 2711391 2714499 2716032 2717221 2718287 2725925 2726755 2730244 2731884 2733405 2734399 2736445 2741710 2743000 2745359 2747408 2750414 2751558 2753337 2756150 2758221 2760140 2761328 2762694 2764425 2766553 2768158 2772843 2774368 2775411 2781008 2782102 2783211 2785720 2792994 2794009 2794735 2795478 2797693 2798769 2800144 2803845 2805909 2811503 2815974 2818905 2821112 2824334 2826571 2827950 2830080 2831094 2833010 2836089 2838284 2839841 2841528 2845847 2846781 2849501 2850685 2852376 2857639 2858626 2859828 2862566 2863506 2864932 2865546 2867729 2869280 2873216 2874885 2876134 2877732 2879047 2880829 2883340 2885064 2887584 2891720 2893394 2895342 2897038 2897748 2898423 2900773 2902067 2903697 2905500 2907409 2909487 2911252 2912169 2913577 2917407 2920077 2923735 2924731 2927490 2928746 2930974 2932211 2934091 2936851 2938039 2941934 2942939 2945189 2947918 2951003 2952865 2954300 2955222 2956390 2957455 2958458 2959941 2960697 2962345 2965894 2969534 2970870 2972057 2973377 2974343 2976804 2977667 2979075 2980462 2981056 2982299 2983677 2988491 2990968 2991838 2992519 2993684 2996717 2998212 3003531 3005373 3008127 3009572 3010548 3011824 3013613 3015609 3017978 3018696 3022404 3023564 3024720 3028400 3030664 3032349 3034686 3036378 3037298 3038373 3040023 3042855 3044746 3046094 3047979 3054539 3058554 3063616 3067130 3068148 3069172 3070006 3071541 3073361 3074146 3075866 3077996 3079236 3083301 3084382 3087360 3088370 3090231 3091768 3092993 3097298 3098421 3099589 3103614 3104771 3106004 3109522 3112633 3115382 3116416 3121196 3121923 3123503 3124537 3129066 3130190 3132349 3134169 3135642 3136585 3138097 3139177 3141836 3145951 3149313 3150833 3152149 3153971 3156717 3157827 3160858 3162013 3164188 3167617 3169270 3171728 3176541 3178458 3180383 3183542 3185146 3187453 3191147 3192744 3194586 3196054 3200271 3201257 3202744 3203927 3205278 3206331 3209392 3212882 3215976 3217578 3218519 3221588 3222961 3223952 3226320 3229064 3231023 3231897 3234372 3235576 3236622 3238195 3241218 3242301 3244655 3245740 3247860 3248875 3251017 3254556 3255984 3258437 3260483 3261426 3263696 3267387 3268432 3270306 3271070 3272597 3274714 3276276 3277712 3279328 3282265 3285682 3290412 3293253 3294880 3295887 3296717 3300722 3301868 3309079 3310819 3312403 3313476 3319533 3321243 3322270 3323064 3327805 3328731 3329357 3330908 3331661 3333498 3334550 3338683 3340167 3344371 3346820 3347841 3349175 3352208 3353215 3357727 3361159 3362296 3366728 3367828 3369421 3370321 3371578 3373590 3374391 3376058 3376969 3380144 3383044 3385025 3386843 3388248 3389091 3393105 3394077 3396018 3399872 3400841 3403174 3405528 3407414 3409176 3409896 3415761 3418188 3418869 3419819 3421470 3423784 3425383 3426323 3428001 3429695 3430980 3433449 3440194 3441206 3443898 3445332 3448463 3452559 3453737 3456585 3458150 3458954 3460517 3461891 3462986 3465539 3466471 3470841 3471657 3472565 3475585 3482296 3484562 3486543 3488559 3489759 3490897 3491735 3496223 3497368 3499432 3501679 3504003 3507007 3508569 3509575 3510611 3511570 3513034 3516551 3517578 3519126 3520983 3522672 3525992 3527976 3532197 3533026 3536341 3539389 3541716 3543172 3545342 3546294 3546986 3548485 3549478 3551243 3552643 3556568 3557876 3564032 3564751 3568196 3569758 3571106 3574420 3575415 3576906 3579829 3581837 3582461 3583892 3587578 3589927 3591776 3592480 3595050 3595820 3597255 3600935 3601578 3602699 3604328 3608426 3609103 3613726 3615354 3621595 3622534 3625873 3629251 3632155 3634160 3638509 3642011 3642885 3643763 3645259 3649355 3651823 3652816 3654091 3655359 3657420 3658407 3664176 3665699 3669871 3671579 3679184 3680571 3681680 3682570 3683632 3685525 3688051 3692687 3694482 3695746 3696926 3698475 3699996 3700743 3702553 3705566 3707027 3709968 3711549 3712647 3715233 3718490 3719353 3720028 3720827 3723364 3724686 3725873 3727650 3728532 3732445 3734029 3738156 3741044 3744082 3744905 3746129 3747294 3749107 3750255 3750977 3753030 3754416 3755252 3757704 3759549 3761300 3762410 3764066 3766462 3768670 3769495 3771140 3773337 3774928 3775877 3779567 3782300 3783500 3785127 3790333 3790851 3792338 3793601 3795481 3797000 3798109 3801157 3802311 3803578 3806839 3811469 3812718 3814120 3815983 3816520 3817951 3820561 3821923 3824477 3825749 3827365 3828121 3829253 3831332 3832192 3833567 3836515 3839812 3841461 3842646 3845146 3845966 3847320 3849689 3853674 3854686 3861117 3862585 3864223 3865679 3866768 3869643 3873180 3878038 3878853 3880844 3882187 3882862 3884821 3886030 3887266 3889301 3891072 3892268 3894300 3895352 3898547 3900878 3901923 3904419 3906470 3907203 3908717 3911440 3913346 3914033 3917110 3919941 3922004 3923320 3924706 3925831 3929402 3930288 3932606 3935455 3937873 3938830 3945231 3946145 3949044 3950288 3952366 3955002 3956442 3958718 3963690 3964847 3966252 3967241 3968150 3970375 3972095 3974504 3977464 3978925 3979744 3981278 3984130 3986642 3988980 3990080 3991858 3995696 3997647 3999312 4006842 4008411 4009128 4010655 4012274 4012989 4013759 4014676 4015205 4016141 4018206 4018970 4020426 4023016 4023909 4027794 4032458 4034392 4036063 4037040 4040083 4041029 4043137 4043825 4044955 4046118 4048605 4050868 4052685 4055320 4057809 4058960 4059697 4060901 4063411 4064570 4065520 4066727 4068173 4070930 4072976 4075411 4080268 4081349 4083640 4084847 4087061 4089001 4090984 4092406 4095301 4098192 4099090 4100090 4102416 4103098 4104106 4106514 4107376 4108953 4109651 4112229 4113335 4114527 4115717 4116962 4117605 4118296 4119345 4120879 4122770 4123893 4124939 4126515 4127317 4129560 4130740 4131987 4135191 4138797 4139841 4143879 4145007 4145966 4148271 4152834 4154542 4157268 4159337 4160575 4162431 4163960 4167432 4170046 4172167 4172886 4175014 4176915 4178103 4179148 4183502 4187056 4188312 4191203 4192207 4194591 4195904 4197443 4198858 4200617 4201894 4203007 4203591 4204445 4206599 4207527 4210816 4212387 4214932 4216148 4221500 4223605 4225010 4226268 4228208 4230281 4233454 4234914 4235689 4237743 4239251 4241114 4243625 4249765 4251575 4253426 4255090 4259421 4262281 4263535 4265255 4266489 4270322 4271551 4272574 4275607 4277698 4279446 4280236 4284490 4287357 4289462 4290678 4291664 4295039 4296233 4299780 4302041 4304156 4305273 4307896 4308854 4309612 4312980 4315793 4317123 4318274 4319129 4321483 4322509 4325769 4330682 4331746 4332748 4333998 4336167 4338068 4339767 4344525 4346694 4347767 4349280 4350883 4353282 4355049 4356168 4357208 4358202 4359911 4360950 4362580 4363508 4366396 4367724 4371558 4373332 4377689 4379255 4381916 4384847 4385994 4388493 4390197 4392962 4395035 4397198 4397965 4398776 4399893 4402588 4405211 4410835 4413038 4414742 4415783 4422208 4424006 4426502 4429944 4432009 4433568 4434468 4435920 4436925 4439158 4441594 4443429 4444980 4447164 4450800 4452963 4454642 4455893 4456753 4458797 4460842 4464833 4466303 4467215 4468869 4470085 4471238 4473182 4475462 4476720 4477625 4478257 4480643 4482110 4487296 4488542 4490965 4497647 4499245 4502777 4506005 4508754 4510683 4511976 4513496 4516159 4519932 4522076 4527466 4528254 4529591 4530580 4532687 4534050 4535442 4537404 4540000 4544003 4546938 4549795 4552500 4553489 4554997 4555669 4557446 4560394 4561762 4563500 4565063 4568019 4568858 4570217 4574437 4575331 4578522 4579740 4580902 4582117 4585254 4588797 4589333 4590814 4592673 4594735 4598720 4599840 4601477 4603329 4607420 4608214 4608877 4613573 4614768 4618382 4622534 4626038 4626986 4628117 4629951 4632280 4634991 4637146 4639145 4640571 4643238 4644185 4645439 4645965 4647192 4649575 4650659 4653764 4654966 4658125 4659676 4661073 4661675 4663000 4664219 4666975 4668388 4672051 4675071 4678456 4684342 4688171 4689698 4690660 4691653 4693498 4694205 4695229 4698103 4700898 4702287 4703998 4706201 4707786 4710947 4714086 4715925 4717235 4718523 4720966 4722629 4723418 4725351 4726642 4728678 4729852 4731507 4732329 4736334 4738153 4739278 4740281 4741249 4742499 4744995 4746907 4748974 4754161 4756391 4758281 4762869 4765905 4767939 4769398 4770638 4772477 4773862 4775021 4777095 4779133 4780164 4781372 4785610 4788000 4789262 4791905 4794549 4797189 4798481 4801265 4803150 4803986 4805269 4807298 4809797 4811847 4816038 4818190 4820349 4821223 4823852 4825233 4826584 4828508 4829086 4831084 4832829 4835326 4838906 4840475 4841171 4841892 4844485 4845973 4848766 4850782 4852450 4855692 4856430 4858133 4859762 4860725 4862509 4864983 4866654 4869449 4872303 4873185 4874436 4875939 4876886 4880536 4882334 4885181 4886420 4888743 4890103 4891511 4894585 4897340 4899298 4901769 4903294 4904954 4906213 4907410 4908917 4910746 4911661 4912832 4914503 4915378 4917231 4919799 4921305 4923848 4924745 4926114 4928282 4931982 4932761 4937230 4938957 4941627 4944155 4945543 4947710 4949332 4953389 4954073 4955091 4957746 4960562 4963534 4967546 4968576 4972110 4973065 4974323 4977052 4979746 4983475 4985255 4987995 4989628 4991222 4992662 4993684 4994804 4996137 4997598 5000457 5002121 5003510 5004709 5007593 5011955 5015275 5018049 5020493 5023287 5026290 5029536 5030492 5034528 5035848 5040482 5041790 5044880 5048196 5050464 5051636 5052810 5056060 5058117 5059278 5061470 5064139 5065077 5065631 5067417 5070244 5074359 5076242 5077760 5082272 5084716 5087443 5089717 5090690 5093393 5094635 5095753 5097364 5099552 5100486 5101331 5105548 5107084 5108270 5109272 5112465 5115604 5118889 5120254 5122447 5124811 5125633 5127636 5130505 5132669 5135615 5136691 5137746 5138620 5141528 5142516 5143636 5145278 5148813 5151861 5152701 5153315 5156551 5158704 5162432 5164102 5166969 5168449 5170690 5172083 5174018 5180164 5182362 5186382 5188186 5189691 5191113 5191771 5194103 5196255 5197030 5198665 5202095 5203506 5204142 5204997 5206495 5207516 5210573 5211755 5212678 5214810 5216077 5217066 5218141 5222036 5223938 5226261 5228119 5232684 5235341 5240127 5242491 5246431 5247432 5249917 5252412 5253616 5256289 5261468 5265052 5266350 5267610 5273085 5274001 5275217 5276537 5280847 5281604 5283896 5286978 5288146 5291101 5295467 5296464 5304439 5307104 5309780 5310913 5311599 5312881 5314758 5318501 5321943 5323826 5325838 5330194 5330896 5331386 5333451 5334349 5340658 5342965 5344052 5344939 5346003 5346824 5348271 5350509 5351484 5352699 5354739 5357592 5359312 5361973 5363925 5369000 5370842 5373853 5377090 5379825 5381212 5382634 5385606 5386385 5388311 5389249 5390297 5391860 5394112 5395143 5399058 5401005 5402027 5404287 5406853 5408220 5409629 5411333 5412332 5413335 5416194 5417460 5419063 5420353 5421615 5425452 5427018 5431371 5432743 5434949 5436447 5437133 5439326 5440989 5441992 5445215 5450971 5454211 5455637 5457780 5460937 5462561 5463303 5466260 5468230 5469304 5470337 5471791 5472836 5474234 5475352 5476092 5476647 5479167 5480679 5481632 5482595 5483454 5485113 5486812 5490522 5495574 5496705 5498165 5499487 5502538 5504148 5506272 5507530 5509677 5511509 5513193 5514229 5517149 5518744 5520093 5521661 5522293 5524494 5525967 5527430 5529880 5531189 5534073 5535346 5536504 5537041 5538464 5541603 5542448 5544530 5545523 5547515 5550184 5552109 5553735 5554887 5557410 5559297 5564629 5565791 5568435 5569705 5571284 5574376 5575705 5576745 5580516 5581785 5583816 5585309 5588097 5591201 5593619 5594656 5597155 5598191 5598966 5599868 5602272 5603648 5604937 5607265 5609559 5613145 5614112 5616567 5618349 5619312 5621949 5623028 5624132 5625250 5627268 5628702 5629517 5632729 5634113 5635142 5636203 5637525 5638595 5640416 5642325 5643799 5645314 5646828 5647994 5649992 5651636 5652558 5655205 5657354 5661132 5661910 5662761 5664652 5666368 5668562 5671839 5675540 5677271 5679019 5681176 5683827 5684928 5688181 5689521 5691007 5694950 5696594 5698254 5699217 5701120 5702043 5702712 5704963 5705901 5709092 5712531 5713980 5714851 5716276 5720179 5721775 5725551 5726473 5728900 5731109 5732103 5732850 5734692 5736983 5738701 5739918 5741397 5743586 5744576 5746075 5747474 5748897 5750364 5751785 5752839 5753707 5756423 5757511 5761186 5766609 5769517 5770613 5774327 5776119 5776921 5780184 5780997 5782699 5785636 5788726 5790366 5792479 5793586 5796598 5798070 5800298 5801221 5802410 5804960 5806083 5806670 5808864 5815122 5817447 5818147 5820796 5823197 5823918 5825046 5827235 5828853 5830340 5831474 5832357 5833842 5835317 5837599 5838793 5839808 5842238 5843229 5847026 5848784 5850926 5853305 5855836 5856782 5857431 5858568 5861098 5862037 5863942 5866579 5868725 5872209 5873197 5874794 5876903 5878501 5879548 5882344 5883847 5886101 5886864 5888913 5891531 5892765 5893921 5896192 5897753 5898679 5899353 5900525 5902712 5903798 5905041 5910843 5914534 5916629 5917745 5918584 5919534 5920777 5922406 5923995 5925412 5926198 5927180 5928064 5929399 5931263 5932781 5934237 5935649 5939430 5940448 5941819 5944127 5945195 5947008 5950507 5952281 5953775 5955863 5958393 5961029 5962905 5966119 5969358 5972669 5975248 5981124 5983156 5985348 5986419 5987197 5990299 5992167 5993017 5994237 5997633 6000646 6003910 6005134 6006292 6007468 6009140 6010519 6014467 6015698 6016916 6018170 6020678 6021608 6022573 6025121 6026388 6028674 6032447 6033971 6035732 6037553 6039171 6040949 6041900 6043167 6045280 6048353 6050073 6051052 6052587 6053802 6055285 6056532 6060488 6062899 6063903 6066210 6068415 6069628 6072599 6073404 6075168 6078260 6079240 6082342 6082925 6083774 6085534 6086772 6090294 6093150 6095121 6096665 6097764 6098582 6099473 6103049 6104679 6105447 6106121 6108260 6110156 6113996 6115952 6116767 6119179 6120083 6121034 6121834 6124446 6125570 6127481 6130290 6136616 6140160 6141195 6143065 6144673 6146947 6147708 6149651 6151169 6152747 6153421 6154217 6155750 6157809 6158893 6162762 6163945 6168796 6170862 6173694 6175077 6177837 6179426 6182507 6183656 6186477 6187487 6188218 6190760 6191725 6193762 6194602 6196075 6197517 6199080 6201752 6203048 6206666 6208482 6210085 6213437 6219989 6224713 6228422 6229573 6230728 6231309 6232289 6234018 6236222 6237717 6242077 6245424 6246458 6250796 6251479 6253284 6255156 6258365 6261488 6264578 6265616 6266298 6268171 6269469 6271708 6274878 6276527 6279449 6280767 6282057 6284166 6285817 6289904 6291954 6293226 6295693 6297353 6300490 6302381 6305354 6308338 6309533 6311263 6313819 6317237 6323116 6324303 6326306 6328099 6329035 6330912 6334846 6335982 6337126 6338731 6341284 6343130 6344416 6345210 6346167 6347818 6349040 6350691 6351916 6352919 6354077 6355328 6356619 6357910 6358821 6359581 6362853 6363871 6365246 6366687 6367954 6370522 6372080 6373630 6377162 6379699 6380718 6382693 6385555 6389305 6390237 6391699 6393030 6394944 6396239 6400384 6405216 6405889 6406681 6410603 6414202 6416911 6417972 6420202 6421098 6421725 6422636 6423537 6424626 6427784 6429564 6431629 6432798 6436028 6437146 6438555 6441595 6443685 6444918 6447470 6449243 6452670 6453647 6457222 6457977 6458911 6461490 6465923 6468773 6471596 6475110 6477938 6479197 6479955 6482571 6483608 6485133 6488348 6490227 6491938 6492784 6493818 6497987 6499331 6501511 6504174 6506178 6507747 6509058 6509837 6511954 6514608 6515455 6516347 6520847 6521462 6523668 6524701 6526194 6527247 6528135 6531360 6532079 6533993 6538194 6539140 6540966 6541833 6544665 6545990 6548697 6551344 6553578 6556619 6557455 6558372 6559284 6561641 6563966 6565894 6567495 6568417 6574180 6575282 6576410 6577115 6578026 6578706 6580970 6582325 6583218 6584756 6589419 6592657 6594769 6596015 6596976 6598038 6600087 6602937 6604681 6606482 6611000 6612394 6613488 6614915 6617535 6618530 6620690 6622983 6624531 6626183 6627480 6628613 6631083 6632883 6633976 6635433 6639104 6639936 6641519 6642770 6643963 6645502 6648106 6651570 6652992 6653726 6658344 6662065 6664705 6665431 6667737 6671353 6672465 6673837 6679710 6681465 6683149 6684602 6686077 6687435 6690609 6691915 6694725 6695848 6697295 6699405 6701261 6702921 6704436 6708934 6711103 6712440 6714449 6716826 6717904 6719066 6721985 6722501 6723386 6724605 6730901 6734255 6735732 6739024 6740001 6741537 6745852 6746908 6748288 6750227 6751198 6753013 6755621 6756697 6758680 6763473 6765830 6769384 6772462 6778412 6780413 6781560 6784192 6787999 6793221 6797186 6798857 6801235 6802114 6802965 6805853 6807381 6809029 6811406 6812376 6814196 6815518 6818465 6821534 6822832 6824846 6825650 6826636 6830000 6831395 6832483 6833364 6834392 6835663 6838221 6840487 6842278 6843225 6844363 6845125 6846445 6848026 6849211 6850462 6851453 6855424 6856832 6858438 6862044 6863056 6865258 6866145 6870289 6871998 6872829 6874393 6874937 6876782 6877711 6878770 6879733 6881058 6882644 6883555 6885700 6887416 6891326 6895375 6900505 6902389 6903930 6905392 6906575 6907676 6909001 6911378 6913046 6916900 6922388 6923766 6925808 6926872 6928872 6932382 6935514 6938680 6940818 6943829 6945088 6948566 6949567 6951135 6952061 6954691 6955477 6958167 6959554 6961175 6964855 6966129 6970246 6972202 6973917 6976145 6977450 6985578 6986786 6988006 6988930 6989959 6992683 6993401 6994282 6995484 6996616 6999950 7002701 7004725 7005673 7007424 7009425 7013779 7014335 7015699 7018192 7019445 7021791 7023517 7025722 7027110 7028316 7029186 7030819 7033600 7036002 7039401 7042881 7044613 7046043 7047884 7048657 7051125 7051921 7054200 7056422 7058076 7059467 7060196 7062380 7063172 7064396 7065601 7066879 7067794 7070015 7071241 7071994 7077119 7080229 7084448 7089781 7090893 7095430 7100535 7101801 7105164 7109555 7111436 7112153 7115375 7116645 7118468 7121695 7123971 7125388 7127559 7132973 7134836 7136457 7137996 7140558 7143045 7144111 7145603 7147396 7148954 7150272 7151353 7152961 7154956 7156893 7160234 7161885 7163033 7165043 7166121 7168667 7172077 7175209 7177861 7179307 7183313 7185717 7187220 7188378 7191533 7194378 7195677 7199765 7200849 7201914 7202982 7204114 7205077 7206116 7207060 7208234 7209481 7212637 7214655 7216310 7218505 7223454 7225061 7228032 7230084 7232053 7233089 7234255 7235923 7236933 7237669 7239277 7240630 7241283 7242903 7243478 7244537 7248381 7249630 7250195 7255287 7257008 7264070 7269504 7270704 7272009 7272904 7275013 7276206 7277632 7280249 7283591 7285431 7286751 7287938 7289063 7290303 7291930 7292434 7293557 7294360 7300613 7301535 7303349 7306373 7308012 7310866 7311564 7313721 7317258 7318846 7319760 7320534 7321759 7322631 7325175 7326517 7327516 7328397 7331982 7333040 7334313 7335736 7338049 7338998 7340217 7343636 7346007 7350733 7355180 7356428 7359240 7361235 7362931 7364655 7366426 7369073 7370923 7371621 7377176 7378359 7381333 7383019 7383839 7384741 7387278 7391031 7392950 7396632 7401859 7403105 7405571 7406872 7408444 7409259 7410658 7414509 7417289 7417868 7421104 7425370 7426769 7428691 7431543 7433699 7437445 7441877 7443548 7444751 7448045 7451015 7453008 7455905 7457335 7458955 7459793 7460502 7461808 7463148 7466584 7467141 7468341 7470326 7473540 7475613 7476412 7476940 7482741 7485201 7487682 7490138 7490879 7492076 7493667 7495322 7496436 7497213 7500791 7501805 7504142 7507214 7509064 7510879 7513652 7514830 7515838 7518593 7520315 7521555 7522963 7524075 7525625 7527096 7531365 7533166 7534311 7537467 7538417 7539636 7540150 7541456 7542206 7544469 7545336 7549081 7552273 7555369 7556884 7558187 7558728 7559593 7560351 7562725 7563516 7565516 7566795 7568490 7569817 7571105 7572188 7573248 7574147 7575786 7577056 7578041 7579469 7581083 7583177 7592876 7594349 7595532 7596593 7598367 7599131 7601447 7604553 7605483 7607411 7608456 7614517 7615477 7616334 7617301 7618828 7620722 7621374 7622454 7623824 7624681 7626087 7628209 7629688 7630283 7632555 7635492 7638818 7639935 7640981 7642237 7642958 7643816 7650219 7651656 7654235 7655824 7661914 7664546 7669001 7670746 7675028 7677769 7678902 7680032 7682587 7685013 7687302 7688593 7689729 7691931 7692800 7694074 7696339 7697146 7701983 7703137 7705483 7706982 7708134 7710049 7711435 7713575 7715039 7717788 7719467 7721774 7723197 7728891 7729817 7732807 7735323 7736400 7738663 7739943 7741072 7742448 7744842 7745841 7748535 7751243 7752115 7752738 7753908 7756113 7756870 7758680 7760048 7762012 7764503 7765830 7767247 7767968 7769578 7770854 7771454 7772614 7775383 7777425 7779805 7780687 7784363 7784871 7786686 7789919 7792510 7796168 7797334 7798317 7800588 7803520 7804852 7812742 7815576 7818076 7823072 7825841 7830020 7833721 7843476 7844899 7846434 7849551 7851578 7853295 7854755 7856113 7859459 7863254 7864119 7866242 7871378 7874067 7875045 7876183 7877135 7877573 7878877 7880318 7881148 7882458 7884266 7885115 7885905 7890474 7892349 7894767 7895449 7900031 7901247 7902544 7905020 7905758 7907897 7908640 7910285 7912909 7915041 7917983 7919012 7919613 7921214 7925700 7926512 7927461 7929905 7931842 7935281 7937174 7938239 7940560 7942516 7943286 7945114 7951181 7953463 7954535 7955282 7956950 7957963 7960935 7965750 7966370 7968983 7971387 7972185 7977038 7981372 7982094 7986594 7987751 7989041 7989789 7995389 7996335 8000262 8006885 8009244 8009939 8012274 8014684 8017659 8023590 8026205 8027214 8029081 8031373 8033134 8034996 8035973 8037424 8040085 8041045 8042003 8044560 8045995 8047178 8048562 8049846 8050746 8052197 8054550 8057987 8059716 8060415 8064616 8065197 8067101 8069852 8070529 8072260 8076535 8078487 8081008 8083975 8085944 8087035 8088083 8089612 8092339 8093299 8097301 8098529 8101493 8104229 8105657 8106979 8110516 8112545 8115981 8117496 8118864 8121169 8121979 8122645 8123395 8124759 8126607 8130798 8135007 8136328 8137146 8137853 8142121 8143416 8144869 8145389 8146641 8148669 8153170 8154769 8156599 8158377 8160968 8163422 8166042 8167382 8171972 8173638 8174658 8184115 8186802 8187683 8189207 8190107 8192371 8192996 8193643 8195020 8198855 8199846 8202664 8204095 8204855 8206030 8208232 8209083 8210287 8214729 8220506 8224068 8225098 8227391 8228530 8230257 8231916 8232888 8234742 8236561 8238024 8239262 8241001 8243686 8245336 8246856 8250964 8253926 8255789 8260247 8262786 8263986 8265686 8266623 8270874 8271658 8280474 8281828 8283633 8285206 8286588 8288179 8289627 8291236 8292568 8294576 8296371 8297404 8298499 8302761 8304416 8305187 8307700 8309087 8309983 8310730 8312093 8316617 8319303 8321948 8323017 8327592 8329523 8330472 8331356 8332728 8334266 8336945 8338277 8339567 8340784 8341650 8347423 8348978 8350767 8352356 8354065 8355603 8356725 8357377 8358402 8360955 8361611 8362619 8363337 8366286 8369464 8371311 8375364 8375930 8377095 8379352 8381045 8382018 8383806 8385443 8389945 8392181 8396062 8397044 8397582 8399235 8400130 8400989 8402324 8407494 8408798 8410269 8413830 8415040 8416217 8416917 8418946 8423313 8424844 8426646 8427348 8429614 8432216 8433508 8435049 8436781 8437718 8439732 8441770 8443586 8444882 8450796 8452054 8452743 8454486 8456742 8457916 8460242 8460933 8463119 8468281 8468787 8471221 8472531 8476067 8478115 8479583 8480531 8482980 8484170 8485662 8487631 8490111 8495811 8497271 8501224 8502052 8503705 8506840 8508917 8509596 8510501 8515739 8518381 8520459 8525662 8527276 8529955 8531098 8532823 8534828 8535578 8537165 8539271 8540331 8541829 8542470 8549680 8551086 8553372 8555052 8558824 8560687 8561675 8562456 8565826 8566962 8569168 8571470 8572323 8573242 8575180 8577049 8578733 8580995 8582983 8583564 8586907 8589495 8591649 8593239 8594868 8596329 8599118 8603632 8605215 8607046 8610386 8611682 8613390 8614996 8616510 8617291 8619251 8620692 8621864 8623019 8624278 8626937 8628745 8630979 8632046 8633600 8634378 8635111 8635730 8636867 8637914 8641219 8642002 8642705 8644816 8649060 8651683 8653173 8656295 8657344 8658622 8659891 8661041 8662284 8667199 8668152 8670357 8672946 8674702 8676747 8678916 8682360 8683956 8686157 8687471 8688812 8693097 8694205 8696846 8698095 8699693 8702178 8702835 8704622 8707043 8710797 8712716 8716191 8720828 8723616 8725232 8728595 8729553 8731244 8732546 8733428 8734773 8736311 8737139 8738711 8739795 8740693 8745158 8746225 8748222 8749632 8752054 8753584 8755668 8758157 8759050 8759932 8762563 8764556 8765416 8767537 8768368 8770158 8772694 8773929 8775544 8777352 8779309 8781784 8782488 8784205 8785159 8786214 8786974 8788497 8791388 8794514 8797475 8800860 8802078 8804597 8808276 8811930 8813311 8815828 8817207 8819112 8824554 8825827 8830034 8834380 8837879 8839052 8840513 8842236 8844059 8845218 8847798 8849269 8853666 8856821 8857757 8860030 8861602 8862451 8864032 8865703 8866595 8868891 8871489 8874179 8878082 8881010 8882146 8883940 8884698 8885993 8887946 8891104 8893862 8901336 8902946 8904177 8906425 8907650 8908752 8913775 8915710 8918443 8921660 8922840 8924347 8925316 8927322 8929276 8931365 8932105 8934104 8936950 8937674 8939009 8939731 8943786 8944614 8947613 8948503 8950239 8952804 8955937 8957475 8958820 8960069 8960955 8962451 8964157 8967719 8968948 8969760 8971148 8972633 8976292 8977563 8978809 8980011 8981754 8983022 8985539 8987155 8988007 8990287 8990759 8992801 8994101 8997408 9001612 9002701 9003726 9005260 9006407 9007742 9011838 9013409 9017682 9019444 9020104 9020873 9021961 9022864 9023667 9024693 9026103 9026927 9027883 9031059 9032015 9033436 9034753 9038336 9040633 9041593 9042954 9043852 9044814 9047881 9054977 9056691 9060425 9061528 9064745 9065682 9067395 9069899 9070730 9072498 9073503 9075810 9076725 9078262 9080318 9082601 9089005 9092028 9092993 9096732 9100209 9101624 9103008 9109329 9110752 9115115 9116190 9117154 9119630 9122691 9123374 9124448 9128507 9129778 9132531 9134379 9136185 9137858 9139712 9141772 9143418 9144900 9146905 9149040 9150323 9151228 9152092 9153024 9153683 9156991 9159402 9160716 9162091 9163057 9164441 9165619 9166792 9167628 9169265 9170427 9171486 9172433 9174368 9175172 9177418 9181055 9181960 9183119 9185236 9187329 9188071 9189734 9191423 9194382 9195600 9197122 9198863 9199909 9200977 9203017 9205934 9207727 9210999 9213163 9214332 9216169 9218643 9221351 9225597 9226852 9229442 9231154 9232030 9232982 9233782 9234398 9236189 9237796 9239656 9242835 9244229 9245731 9250344 9251926 9254486 9255391 9256927 9262924 9264151 9265845 9267885 9269824 9270566 9272858 9275445 9276575 9277585 9279520 9281845 9291098 9292531 9293330 9297670 9299334 9300753 9302827 9304330 9306199 9307831 9310309 9313841 9315467 9317464 9318560 9320012 9320923 9322731 9325347 9326569 9328058 9330121 9332984 9334327 9336841 9339959 9342479 9345971 9348297 9349681 9350804 9352029 9355391 9356415 9358614 9359543 9360550 9363903 9365929 9366853 9368845 9372570 9373434 9376226 9376944 9377923 9379526 9381552 9382912 9384352 9388706 9390036 9391612 9392383 9394890 9396080 9398568 9399949 9401775 9402844 9404152 9405073 9407458 9409555 9412457 9413479 9416107 9421842 9425333 9427399 9428965 9430279 9431099 9438908 9441209 9444344 9446603 9449996 9452409 9457243 9458223 9459661 9460560 9461479 9462527 9465360 9466149 9467874 9468583 9469430 9474234 9475613 9478243 9479828 9482273 9483812 9484360 9485182 9486546 9487249 9490066 9491892 9492751 9493405 9495013 9497317 9499717 9502106 9503296 9504927 9507414 9509816 9511127 9513108 9513971 9515620 9516562 9520629 9522480 9529691 9531574 9534816 9536218 9539674 9542475 9544814 9546917 9548314 9553053 9554822 9556619 9557509 9560014 9561898 9564645 9566431 9567386 9568672 9570682 9573334 9575153 9578944 9581807 9583479 9584818 9586319 9588714 9592334 9593358 9596197 9600354 9601393 9602404 9604683 9608300 9609558 9611304 9612013 9614105 9615453 9616033 9618811 9620129 9624610 9625506 9628370 9629993 9634123 9637091 9638301 9639282 9640758 9643878 9647922 9649138 9651195 9651871 9653984 9655388 9656558 9659330 9662066 9664188 9666514 9669824 9671455 9676412 9677943 9679318 9680108 9680884 9683355 9685694 9687779 9690560 9691900 9692441 9694918 9696026 9697648 9701248 9704101 9707918 9709757 9710935 9713319 9714100 9715169 9716811 9718899 9721888 9724456 9726389 9727804 9729137 9730934 9737249 9738723 9742059 9742945 9743994 9745486 9748619 9752577 9754465 9755607 9756454 9757297 9760804 9764788 9767265 9768716 9769965 9772706 9774095 9779196 9781695 9784051 9787431 9788966 9789497 9791773 9793984 9795218 9801295 9803549 9804909 9806522 9807881 9809505 9811426 9811833 9814683 9815644 9821116 9822333 9823459 9824531 9825306 9826836 9827981 9830907 9832393 9835408 9836732 9839707 9840637 9844474 9846995 9848490 9849128 9849811 9851135 9853185 9854238 9856231 9860864 9861815 9862905 9863775 9865150 9872557 9877848 9883975 9884897 9888525 9890637 9892031 9893265 9894597 9896457 9898437 9900223 9900950 9902411 9904458 9908501 9909687 9910401 9911489 9912810 9914301 9915992 9917836 9921306 9921995 9923902 9927826 9930605 9934562 9935419 9936509 9937623 9938794 9940638 9941527 9943904 9945283 9947374 9948181 9949487 9950833 9955144 9957202 9958537 9959476 9961786 9963145 9966636 9967317 9969752 9971005 9975619 9977050 9978023 9981639 9983071 9985436 9987403 9989963 9996183 9999866 
</Matrix>
<Matrix name="Neuron_631" type="complete" rows="1" columns="843" multiplier="1.0">
   16042 64126 80429 110563 115400 172050 173525 180974 206049 223811 242517 296274 297677 306330 309573 312310 325273 332536 341035 365703 382115 387718 391641 403916 404786 424178 428017 445849 447576 452458 457317 478764 487536 493811 499927 508671 538974 543900 546031 549006 556597 574091 584471 599165 600449 608838 623935 647327 670003 672974 680171 688462 728282 731028 737715 742010 749958 756101 766184 773227 782713 785314 827876 829264 846220 866895 870569 876653 882724 896885 899125 915637 919105 922001 925799 943039 955342 967651 978696 1004857 1018931 1029187 1041910 1045808 1052986 1059121 1067484 1073799 1084645 1100485 1110823 1117666 1125491 1127119 1131731 1138840 1141186 1167320 1198466 1242308 1269769 1273633 1280416 1281477 1283468 1307393 1309117 1315040 1320494 1342850 1347419 1364555 1377709 1386183 1405355 1406823 1417435 1420312 1424548 1433275 1462141 1464805 1471791 1484319 1493081 1506705 1510413 1540679 1542890 1543887 1556881 1568447 1601520 1606335 1613723 1638025 1668324 1669671 1684289 1687991 1691050 1716471 1720537 1730393 1739368 1764038 1786604 1796879 1801571 1807917 1810510 1818194 1831965 1833246 1838810 1841031 1850904 1855757 1864641 1870643 1872831 1891706 1896624 1915259 1961212 1969213 1985988 2004905 2017042 2019590 2022396 2037676 2044220 2119334 2131241 2134954 2137736 2138857 2148377 2179209 2183938 2200266 2203108 2204683 2208296 2210648 2213949 2219888 2222193 2226905 2234795 2244179 2247623 2254139 2273212 2274650 2285989 2289923 2310357 2316715 2331434 2346572 2358473 2361212 2382227 2397522 2404515 2437174 2451243 2452607 2465371 2474347 2480879 2497357 2500669 2515731 2519155 2532292 2545563 2547061 2551292 2554012 2561389 2575120 2586240 2587841 2597031 2632130 2636494 2647046 2662462 2698397 2705231 2709484 2718598 2747997 2763846 2771951 2794075 2819562 2837802 2857444 2860675 2862180 2866840 2873777 2878474 2881601 2882835 2897295 2899800 2911195 2941038 2949099 2960256 2962600 2983949 3006401 3007670 3036740 3043850 3065589 3068244 3078683 3081874 3089013 3096384 3103974 3131960 3151339 3154918 3167320 3173900 3199916 3208324 3248756 3254762 3263787 3267890 3289894 3309178 3314901 3318747 3328194 3369011 3392740 3397149 3415408 3417783 3428810 3433881 3437462 3441043 3486460 3503082 3504140 3531618 3534226 3538721 3541248 3550033 3556003 3576756 3588898 3596701 3597894 3618789 3622241 3629403 3644719 3653827 3659131 3662518 3670543 3697251 3703345 3706773 3718084 3755293 3758242 3786646 3792944 3797967 3816210 3820261 3822608 3865414 3869714 3872592 3874819 3902738 3905935 3953124 3962075 3985496 3989044 4012580 4019697 4023568 4044992 4058082 4069394 4077718 4091424 4105069 4110598 4116524 4134635 4137882 4146189 4147440 4167297 4175534 4187566 4189439 4204132 4231668 4232709 4238232 4246970 4254147 4264765 4272090 4278299 4300720 4318365 4347522 4353446 4359634 4392884 4401740 4412642 4452629 4468196 4475511 4476997 4481696 4506084 4516804 4538976 4550961 4559074 4569465 4571662 4578387 4588119 4590878 4592463 4601872 4607547 4626642 4650936 4659173 4667363 4671269 4676824 4697037 4701523 4704733 4705744 4730311 4761000 4763470 4769419 4771760 4773953 4778229 4783708 4809944 4825817 4830433 4869346 4886340 4896161 4914058 4915772 4917842 4926175 4933102 4944302 4956499 4963833 4986555 4987871 4993319 4994960 5005461 5008937 5010863 5064248 5073162 5129058 5133368 5159176 5164297 5166678 5170727 5176205 5206483 5221409 5233033 5255663 5256806 5261212 5273995 5278304 5293413 5298635 5315794 5320299 5346870 5351060 5362237 5380428 5387975 5403969 5408279 5425203 5461097 5465532 5473488 5505389 5509297 5518387 5519801 5543515 5546395 5564976 5570108 5571708 5577167 5578756 5582334 5612592 5625290 5627007 5648816 5651477 5659860 5676559 5688314 5701049 5710422 5718997 5744353 5748809 5750593 5757300 5787862 5808176 5815298 5820250 5825732 5833230 5837038 5841184 5843400 5852083 5854132 5857892 5860442 5872034 5874505 5900231 5924871 5939668 5946542 5954644 5960451 5964787 5973084 5982288 5985113 5987644 6006530 6020369 6023846 6030873 6062709 6076282 6078469 6086250 6090735 6099633 6147294 6179366 6184229 6189420 6200703 6215315 6246079 6250370 6261312 6269541 6271257 6279860 6287426 6288385 6308474 6315498 6320517 6332027 6364759 6398492 6428705 6445156 6467338 6470108 6473330 6498122 6525950 6533224 6537310 6539547 6555075 6556335 6557350 6569665 6589355 6617595 6643771 6679602 6694949 6700308 6705821 6716626 6736674 6759203 6788851 6847389 6873746 6914390 6920729 6926768 6934951 6941925 6944869 6960720 7011903 7017303 7043836 7045897 7051970 7061854 7065770 7078150 7104771 7112569 7115137 7116586 7117521 7127605 7152676 7168407 7192518 7218173 7221164 7240525 7253043 7261969 7264953 7274769 7290951 7298273 7300100 7305517 7333357 7339814 7368377 7375265 7394713 7400137 7417643 7421378 7437641 7445834 7457724 7483593 7486800 7489297 7495178 7500413 7508612 7518248 7528123 7529176 7553271 7586599 7598491 7628936 7638276 7646512 7661467 7674540 7687896 7690484 7695545 7701770 7707822 7718264 7734086 7746592 7750444 7767521 7781072 7793798 7823699 7837318 7840899 7844579 7882582 7906280 7958250 7969711 7974243 7979165 8015201 8025340 8031689 8049793 8056377 8057491 8063126 8080386 8087165 8096155 8112262 8119695 8138176 8148491 8165768 8177291 8179913 8186172 8199397 8203508 8245919 8247238 8250415 8254596 8286932 8313743 8326876 8327948 8335873 8370749 8401721 8416847 8418238 8429948 8432747 8434899 8438804 8457854 8462214 8476990 8493135 8504190 8522732 8525037 8530695 8536289 8544975 8549355 8562236 8586776 8588728 8594625 8599754 8602787 8607799 8611982 8614184 8630737 8646713 8671295 8683690 8697981 8699528 8707242 8708186 8727284 8731547 8733477 8736953 8741500 8753747 8755550 8768413 8774213 8791958 8818983 8827767 8837767 8839008 8844862 8851116 8877603 8879743 8880659 8885051 8893173 8919905 8923671 8927125 8966628 8972302 8982689 8985559 9010623 9026807 9033627 9044495 9051025 9058291 9061186 9078414 9101678 9109649 9122097 9134127 9148799 9152136 9155937 9158935 9172144 9188950 9195018 9229313 9239252 9262168 9269848 9283669 9289418 9299742 9313762 9325286 9330112 9333312 9351845 9364769 9372758 9381018 9383155 9385726 9389115 9395978 9400236 9401084 9404427 9420734 9452378 9470256 9477763 9478917 9494344 9497033 9502808 9506266 9520546 9531197 9550670 9558244 9562029 9572970 9577958 9582970 9605927 9613879 9622779 9626847 9657321 9676594 9680608 9684019 9695664 9703613 9705035 9705870 9711322 9720596 9738732 9753327 9759458 9764947 9795897 9815393 9836106 9841764 9854671 9864698 9874689 9896719 9900726 9912333 9918964 9926860 9951119 9967987 9975094 9977174 9980010 9994765 
</Matrix>
<Matrix name="Neuron_634" type="complete" rows="1" columns="849" multiplier="1.0">
   5599 10611 52938 69979 82380 86550 171646 180717 188207 211423 229322 260540 271742 276218 277814 350205 355467 360135 365572 376087 402664 403715 406762 423679 431822 452077 453558 461990 494033 508600 522809 552207 553546 574783 592189 599716 604177 611240 624309 629635 636991 639281 640441 658651 662679 671777 678066 688285 731146 741506 755950 766797 787663 801733 812278 816478 827124 840263 862722 872321 883666 884589 913391 923305 935279 938836 941565 953898 962474 983472 997439 1007250 1054769 1087798 1089501 1101506 1114306 1128125 1151946 1159503 1174727 1184179 1187220 1193176 1200381 1216265 1228060 1233470 1263647 1290098 1292357 1299448 1310070 1328315 1331500 1333704 1358688 1361970 1369614 1373677 1377513 1382191 1401380 1417074 1420741 1426105 1439010 1449909 1464623 1470544 1477569 1493980 1508839 1509688 1521806 1526496 1534867 1540770 1548831 1559120 1567787 1579773 1583626 1591512 1600716 1606344 1635436 1640311 1646483 1648342 1659235 1664944 1670037 1688214 1725297 1727382 1738179 1744017 1754096 1762409 1784307 1798786 1800035 1808497 1834182 1843679 1846354 1860289 1887020 1890499 1913038 1954070 1955696 1963831 1968215 1970495 1980781 1983527 1986249 1991409 1997018 2021758 2036861 2047606 2055429 2081802 2085395 2107422 2122851 2127173 2136063 2145586 2149605 2154056 2157478 2174167 2181034 2195226 2271686 2276281 2280531 2292025 2354301 2363337 2364659 2397613 2399360 2402042 2416776 2426141 2430119 2434461 2447407 2469796 2472299 2475573 2516314 2520197 2552192 2557320 2565743 2588497 2609370 2646431 2651137 2654958 2672483 2686404 2699652 2708613 2712844 2732604 2745636 2767486 2774197 2777919 2781443 2791067 2796282 2798748 2821953 2824328 2842395 2846974 2851912 2864404 2893572 2936715 2939608 2940559 2950877 2962475 2964665 2980385 2986885 2987636 2992998 3009834 3016327 3030460 3034991 3043218 3044177 3049432 3057579 3059241 3065142 3070587 3095533 3099378 3107651 3145090 3153925 3163626 3164933 3167421 3183439 3194196 3196461 3228423 3233882 3260395 3267595 3275351 3280461 3293744 3326568 3367719 3376793 3397249 3427659 3446561 3451428 3481362 3500198 3506288 3512539 3522270 3524186 3531214 3535602 3542463 3552965 3571629 3584601 3595608 3618875 3641164 3647386 3674464 3682996 3685840 3687700 3690390 3715686 3721893 3724032 3727150 3736538 3738906 3766239 3774075 3787678 3791031 3795777 3797507 3814740 3821371 3837092 3843135 3861476 3863282 3886436 3905772 3934282 3936664 3940867 3947086 3953826 3980663 3995930 4001381 4015751 4034332 4044604 4052403 4056330 4074644 4084623 4101561 4104735 4120528 4122178 4129461 4141710 4146105 4148314 4160300 4180536 4186699 4188850 4223491 4232886 4238712 4250152 4256442 4261036 4265142 4282912 4303223 4313837 4317823 4420640 4427373 4430836 4434690 4437952 4459101 4461989 4467863 4471515 4492438 4516391 4541069 4543649 4552225 4554437 4560136 4561916 4567509 4595757 4597687 4600924 4624177 4671038 4674891 4695969 4717579 4723634 4730002 4733899 4769170 4783194 4794868 4826681 4839003 4850373 4851936 4857985 4861714 4877454 4892951 4908337 4921644 4940555 4950955 4970449 4976676 5011972 5021644 5024970 5027920 5036591 5046959 5049832 5062520 5067506 5080301 5091266 5128081 5146357 5147789 5184121 5194318 5200984 5217644 5231037 5232688 5252676 5269226 5287077 5321211 5325003 5390614 5392438 5397312 5417685 5436801 5448399 5458453 5466743 5470487 5486536 5493907 5506401 5520531 5523858 5546115 5558661 5566016 5568860 5570568 5572673 5583961 5590140 5626285 5631616 5635691 5657105 5665698 5673238 5674037 5677103 5690146 5694159 5725476 5730423 5762631 5771715 5774321 5786523 5791036 5799637 5801009 5804701 5813148 5824371 5826664 5830013 5839213 5844263 5860863 5865164 5867198 5885987 5892231 5905789 5910664 5921018 5923614 5937916 5947177 5970797 5986815 6004381 6005850 6016095 6018317 6024042 6038146 6040991 6041876 6045345 6052670 6055270 6059324 6063732 6087326 6088946 6092606 6099339 6112608 6128492 6133487 6155354 6156922 6168092 6175301 6176481 6188733 6193768 6201414 6213047 6219437 6223581 6225544 6241727 6246025 6247327 6257229 6258554 6264853 6271423 6303963 6330229 6335199 6341170 6344009 6347501 6351507 6368015 6392773 6398670 6403820 6408989 6414442 6432444 6454570 6468431 6469522 6477872 6483037 6491671 6501407 6504121 6510007 6513385 6526672 6545401 6575602 6577896 6603053 6610307 6644024 6650365 6658255 6661318 6672411 6684395 6704479 6709397 6713326 6717561 6741637 6757494 6759383 6763135 6788434 6804025 6832794 6835983 6840730 6843800 6857034 6888884 6898181 6903610 6914509 6924485 6927767 6963531 6966058 6972726 6989771 6994634 6996221 7000789 7001786 7013906 7024218 7039596 7065966 7094962 7096805 7103343 7108028 7115879 7117653 7164984 7170649 7177574 7198181 7208472 7220301 7236482 7240662 7242224 7253321 7276507 7280243 7286894 7290284 7294749 7315583 7332683 7339198 7353768 7361336 7366326 7374069 7386588 7410496 7434091 7448325 7458358 7491331 7494458 7502935 7511778 7530948 7555486 7563889 7591360 7596108 7597227 7598904 7613767 7628686 7637854 7641821 7650787 7664496 7670899 7692651 7700767 7708942 7714582 7717182 7718827 7732118 7750943 7756789 7774706 7800128 7803712 7804698 7818182 7832635 7834153 7835983 7840728 7854402 7865904 7868087 7870929 7894133 7913425 7939176 7951538 7969836 7982056 7985231 7988344 7994604 7995897 7997815 8013816 8019368 8033922 8042150 8044969 8054536 8057718 8060702 8073910 8078344 8080331 8084594 8097260 8098792 8115991 8130559 8140845 8146530 8156404 8167906 8171181 8184044 8189063 8192200 8199919 8208292 8213238 8215765 8217119 8253293 8285681 8297274 8340430 8365689 8370167 8387244 8413636 8419893 8422720 8459275 8467447 8470230 8472595 8474840 8488586 8503314 8511167 8533573 8544266 8551864 8566651 8569235 8590315 8606971 8624820 8635374 8636391 8638164 8641665 8665180 8668738 8671000 8683700 8685357 8688951 8708079 8725972 8733555 8748266 8762940 8772470 8774851 8777084 8795893 8798568 8811379 8821905 8850631 8860426 8900390 8908985 8923642 8940138 8945815 8948155 8951288 8956278 8979468 8986025 8987324 9001203 9005013 9023003 9029844 9046334 9048082 9056778 9060266 9078746 9126129 9136837 9154542 9155685 9158764 9159918 9161594 9177012 9207716 9212015 9234181 9238654 9240737 9250624 9254689 9260485 9283397 9286428 9295902 9324884 9336216 9342661 9354563 9359996 9365281 9374483 9422167 9480813 9485540 9488948 9498548 9518345 9523454 9530703 9545455 9558061 9566173 9569033 9581082 9596003 9613428 9626783 9642481 9653836 9667524 9670032 9685637 9705409 9714064 9715198 9720022 9727688 9732004 9737431 9757690 9772756 9781053 9804738 9820454 9821845 9829810 9831594 9857124 9880488 9892549 9908559 9909437 9927465 9933510 9936310 9944834 9951618 9963738 9994971 
</Matrix>
<Matrix name="Neuron_641" type="complete" rows="1" columns="948" multiplier="1.0">
   6681 15950 18278 28952 29938 110064 111979 114040 117676 124766 140080 144105 147837 162093 167213 171436 179222 183881 193264 196876 200418 206307 225205 230363 235080 240807 263549 267556 278127 291462 295073 317031 332817 337438 344911 349518 355224 358573 379897 387053 396288 398725 403032 410922 416099 430543 473122 475868 488207 492683 500102 502644 506145 508606 519615 527063 549424 552938 555579 569783 583367 587618 592554 601866 621761 630820 632736 639329 661124 663377 692165 704919 743763 745970 746906 747807 777115 778301 792831 797616 798818 808944 815858 824619 848670 850173 857810 889272 895919 913942 921149 933270 942429 969226 976246 988078 993519 995982 1021217 1029553 1059620 1060714 1073367 1084168 1091731 1096359 1107165 1110246 1118054 1128342 1131842 1146075 1149633 1158113 1173999 1175811 1183445 1188834 1205442 1217929 1229200 1259173 1261250 1272122 1274703 1302178 1311981 1315120 1334001 1339826 1353545 1362830 1365710 1379092 1380567 1385458 1401353 1407116 1451355 1457862 1463806 1497846 1501330 1503121 1506932 1509179 1532311 1592008 1599878 1604541 1608820 1623679 1635405 1640457 1649071 1656214 1659871 1664943 1721888 1727234 1741981 1744103 1760245 1794977 1803213 1823100 1832599 1835918 1851628 1858930 1864970 1872066 1879773 1898098 1900973 1905000 1910949 1915927 1927009 1938972 1945846 1962934 1965270 1968096 1987578 1993065 2006279 2009750 2018979 2031350 2037739 2054152 2080905 2090499 2102028 2104080 2105140 2116185 2118005 2119376 2120750 2122781 2153651 2174679 2184641 2187351 2201909 2208116 2211522 2221096 2232613 2237475 2239430 2249967 2253261 2257478 2263088 2269202 2276570 2280136 2281282 2296695 2301061 2306095 2319268 2321562 2326275 2344005 2355436 2360680 2373802 2390287 2410380 2413896 2419083 2449849 2454845 2456637 2465059 2473587 2476766 2482053 2495006 2505097 2513400 2518065 2521224 2533843 2541984 2545466 2561879 2569414 2571887 2574543 2583995 2587975 2593211 2599971 2608664 2614496 2624192 2627197 2645576 2651758 2652691 2668864 2675630 2684917 2686312 2688547 2689753 2690885 2703985 2706917 2723076 2739460 2747071 2749558 2778123 2782934 2786955 2790372 2804178 2805721 2824663 2826503 2859828 2876219 2899072 2906466 2920640 2930945 2938848 2942529 2945888 2961618 2968821 3009054 3013685 3025176 3035407 3045986 3052423 3064302 3076453 3078213 3110100 3121852 3131921 3133621 3155862 3186548 3189358 3216697 3244387 3251684 3255809 3277303 3297839 3305471 3307163 3309519 3313714 3319462 3325036 3396598 3399327 3404126 3407209 3416785 3430129 3439235 3461604 3465928 3485743 3493156 3501969 3508573 3522385 3524825 3529746 3533119 3544583 3551696 3561779 3581682 3589022 3609421 3611779 3622696 3635970 3674699 3687601 3690970 3693766 3708356 3718086 3724711 3744433 3757246 3790680 3798079 3807697 3813745 3823070 3833535 3849388 3856898 3871959 3875488 3884205 3889593 3916281 3935480 3950526 3955176 3960440 3990043 3997901 4005917 4027628 4029518 4040776 4062565 4081213 4087981 4096328 4104622 4113657 4126923 4136795 4145762 4151671 4152838 4158201 4166067 4172996 4185250 4190415 4231410 4237181 4264680 4269482 4275560 4278500 4279622 4288919 4295306 4312550 4319682 4354281 4362238 4369690 4377674 4395478 4424778 4428432 4430792 4439156 4440356 4446344 4447549 4459267 4464292 4475128 4490716 4502657 4504292 4506618 4513712 4545361 4549239 4550756 4555586 4560281 4569547 4572453 4576475 4605776 4615702 4619452 4641128 4646790 4654475 4656003 4657667 4662365 4674654 4679334 4681331 4684159 4707620 4713194 4717915 4722848 4728188 4733974 4740161 4748087 4759750 4764313 4776926 4778268 4790283 4798539 4844926 4863537 4884647 4899279 4917083 4920769 4928778 4957114 4965566 4971651 4973202 4980610 4984375 4999294 5038708 5039818 5045162 5047591 5050930 5059916 5095082 5123538 5149090 5151215 5154019 5162051 5166071 5181586 5183762 5215589 5217221 5225165 5246304 5267156 5272008 5296163 5310590 5321695 5335790 5351611 5358552 5363820 5377857 5396643 5407148 5413055 5416481 5420006 5458185 5477388 5498124 5503250 5512493 5528081 5539317 5545227 5554043 5561219 5563446 5569049 5619382 5621298 5626607 5631669 5638356 5641215 5645841 5650278 5664718 5695734 5703862 5715529 5723256 5724901 5735932 5760069 5768766 5775036 5777253 5783976 5794142 5803733 5808247 5820005 5829889 5834321 5858762 5865502 5896711 5901734 5924845 5933322 5940422 5943861 5962465 5963967 5982396 5990819 5993477 6002856 6016985 6024286 6032125 6036300 6046365 6055860 6059042 6060661 6062578 6068349 6075563 6089637 6109828 6111980 6122631 6143821 6156839 6199923 6208621 6222872 6226475 6228598 6236688 6239658 6242344 6244986 6245688 6248002 6259845 6268125 6278475 6288466 6295772 6322126 6340489 6343152 6345841 6369739 6376141 6378630 6381246 6387853 6393468 6412552 6419693 6421128 6476111 6482754 6491604 6497891 6503373 6507666 6510183 6513316 6516069 6519669 6542099 6551696 6557618 6562878 6568432 6572321 6579617 6580788 6601731 6606183 6616464 6626577 6643954 6651353 6673753 6687823 6701392 6708383 6714468 6732611 6746897 6779980 6782008 6785403 6787650 6791791 6804527 6833977 6841563 6844570 6855565 6865907 6867042 6873195 6876394 6877568 6892847 6903615 6905674 6926804 6950302 6974417 6989362 6995885 7000898 7008986 7013728 7020045 7030532 7050261 7059067 7067540 7073031 7079964 7082444 7108317 7114479 7117118 7126363 7127769 7145453 7167975 7173423 7198513 7202420 7205702 7206880 7215257 7232795 7247031 7253008 7257220 7264432 7272946 7280673 7283684 7298575 7299937 7313885 7317801 7327143 7332544 7334412 7338319 7348995 7373118 7379435 7381542 7389542 7395045 7405066 7408443 7412151 7442988 7446600 7453590 7469710 7473933 7477368 7481102 7491576 7501658 7508323 7509931 7527625 7544091 7563839 7565124 7583822 7605488 7611013 7621005 7622802 7624458 7626902 7628990 7636736 7641847 7648698 7655162 7662387 7665959 7666812 7672721 7709299 7712822 7720765 7722622 7741171 7746450 7761132 7778446 7808126 7809291 7810724 7824894 7830482 7834159 7847965 7853519 7861747 7864266 7868108 7879637 7888120 7899683 7909662 7914023 7954570 7958231 7992017 8019788 8025308 8027472 8040718 8057637 8066060 8069572 8075682 8079344 8102235 8115839 8119092 8130780 8159743 8200869 8204248 8217443 8220499 8231720 8236476 8241237 8244751 8272185 8293459 8299246 8315800 8319753 8334753 8346196 8348434 8351282 8357123 8375622 8383167 8399532 8403647 8420133 8428664 8435966 8439315 8455135 8462611 8479661 8489035 8492937 8510027 8516013 8544068 8548159 8589367 8593218 8603247 8607200 8630404 8648262 8649957 8655207 8667848 8678670 8683738 8709521 8722394 8729167 8730680 8741861 8748525 8759176 8763003 8770828 8778672 8804276 8818491 8865367 8877765 8892338 8898337 8905209 8916141 8926615 8930298 8956895 8962907 8999316 9005344 9007101 9012305 9030496 9059354 9070456 9082636 9095078 9105791 9109913 9152013 9155479 9166745 9168714 9180458 9188091 9189277 9216101 9222371 9225400 9228708 9231451 9232684 9242915 9267052 9320453 9322807 9334459 9336822 9359142 9377876 9381214 9417460 9437623 9441981 9450121 9455623 9460798 9466597 9468201 9475043 9480285 9490000 9502687 9518025 9521082 9523175 9525322 9537206 9542538 9575398 9585594 9587404 9599307 9601518 9603600 9606514 9647363 9649362 9655850 9662554 9669061 9680673 9707683 9716479 9732369 9742172 9755959 9770457 9775851 9779654 9789576 9793713 9800294 9806904 9813860 9820026 9858373 9860035 9863990 9871262 9882834 9890728 9910441 9927201 9929095 9940407 9942470 9945424 9948143 9973092 9980740 9997990 
</Matrix>
<Matrix name="Neuron_644" type="complete" rows="1" columns="883" multiplier="1.0">
   8343 39111 45809 56712 61595 90971 98824 103060 113073 121346 144835 146545 160143 168465 169678 188967 192436 196911 203823 213062 226632 245658 256732 288025 291356 292680 315505 329009 333712 350075 380329 392967 402802 424913 432131 455047 457725 463868 485862 494152 498477 504061 513706 526407 530528 539336 544962 570895 578713 600283 624300 637210 639070 647181 668545 708734 723334 727455 731456 738137 767156 818633 820321 821664 827108 830129 862221 864442 867824 871457 876714 881994 886202 895458 904995 933364 936183 950732 970278 1024072 1030084 1044686 1060889 1078374 1085052 1091803 1102860 1110769 1113725 1129440 1139052 1170922 1173446 1179782 1193884 1204309 1210839 1213956 1217809 1221690 1239396 1240912 1242748 1248814 1261071 1267270 1274060 1284798 1289457 1324051 1340699 1372955 1393149 1394416 1398818 1418485 1422590 1434899 1441918 1462313 1468814 1484776 1488748 1506860 1532666 1535250 1541471 1562711 1571236 1577299 1582143 1587262 1590533 1594679 1610341 1631490 1634005 1647355 1682859 1685267 1686578 1713087 1716713 1720103 1750829 1752333 1753111 1779767 1793042 1795257 1829754 1832274 1852045 1856820 1874669 1880074 1884371 1886038 1889173 1900590 1909331 1924009 1931730 1935668 1943917 1946317 1963948 1965579 1969506 1974192 1982850 1998979 2013443 2015278 2016583 2032444 2037626 2041266 2043327 2050407 2059614 2063531 2079684 2085036 2100572 2112719 2127289 2157435 2178781 2183147 2189841 2208461 2222666 2236640 2262235 2268795 2279109 2282287 2287694 2302421 2305178 2315585 2319420 2323759 2333988 2335191 2338680 2356170 2361134 2365194 2371664 2382927 2387272 2399083 2403312 2408581 2416817 2418240 2430498 2447959 2449210 2469788 2474390 2502932 2541775 2546556 2572082 2580535 2586153 2615719 2618382 2627781 2639083 2643296 2660542 2663364 2665275 2689406 2694449 2705448 2711598 2717158 2733256 2740795 2745768 2763300 2770101 2778199 2783975 2814407 2819818 2821179 2830466 2853504 2862184 2871791 2874488 2876058 2889597 2895972 2925456 2936128 2941282 2974246 2985633 2987013 2997631 3006663 3022287 3033971 3040989 3049138 3053393 3062080 3065251 3069026 3071928 3076846 3079253 3081304 3085182 3089743 3105409 3108240 3110229 3115513 3128048 3141110 3146256 3174945 3177655 3185285 3196004 3207032 3219774 3224367 3228866 3246865 3253005 3259785 3340948 3372395 3390739 3460031 3464339 3475058 3484232 3487854 3495424 3497330 3502564 3510176 3542731 3545835 3550849 3566986 3588246 3589809 3599251 3608453 3617097 3619934 3625887 3651620 3662184 3668923 3686956 3690892 3715768 3744912 3749334 3758828 3766676 3768424 3770222 3780872 3783205 3792841 3800731 3814046 3815623 3818618 3822091 3836765 3838261 3890578 3893790 3896232 3897759 3900187 3906325 3911469 3916438 3940990 3946927 3950219 4000275 4003159 4006116 4013837 4023146 4037147 4043257 4071809 4073830 4077015 4084135 4095277 4100657 4106392 4108638 4113708 4137980 4154120 4156014 4160105 4168568 4179262 4192649 4197272 4198570 4203337 4204887 4205814 4215307 4222886 4232975 4264220 4289457 4295232 4307224 4310748 4319201 4368415 4372682 4382244 4384162 4394373 4416492 4432868 4454080 4456006 4458437 4459685 4465934 4495167 4497563 4509414 4513771 4518157 4520869 4524292 4525815 4535276 4538685 4552168 4561064 4569148 4581608 4589030 4606260 4612714 4617754 4620012 4639764 4645093 4647585 4657258 4660447 4683234 4690896 4705322 4716939 4721389 4726529 4729175 4730356 4738539 4754028 4773660 4774843 4783391 4787508 4803928 4816682 4821268 4841554 4862131 4867343 4874539 4877787 4879201 4886857 4888806 4914758 4917658 4940816 4944505 4945489 4973201 4997515 4999793 5013144 5027294 5095477 5105756 5108897 5114735 5129656 5136244 5141003 5152332 5183745 5224020 5241970 5246340 5254389 5259406 5268639 5273031 5286301 5314050 5318656 5363177 5367548 5381064 5418347 5426703 5464369 5479176 5488867 5491075 5498746 5504010 5508795 5538085 5556583 5564219 5572703 5595139 5597254 5601054 5615084 5632513 5657853 5672628 5686421 5691797 5724824 5731307 5732968 5741720 5749175 5750865 5752927 5763889 5771741 5778400 5779886 5785655 5788717 5803019 5814851 5818169 5823356 5835141 5841195 5845031 5867186 5878482 5895414 5905474 5915244 5930478 5936292 5939365 5944082 5948745 5953101 5980217 5985733 5994497 5996930 5999073 6003788 6010026 6021417 6027006 6049440 6057119 6063102 6070261 6094873 6117838 6121752 6149644 6154299 6165379 6167538 6170353 6176076 6191339 6219302 6229208 6243726 6247732 6267004 6268400 6270105 6285712 6291803 6296390 6312799 6321015 6329174 6392343 6416096 6435997 6439467 6446442 6487883 6492066 6495748 6521795 6524355 6541927 6568642 6574649 6583619 6586939 6621331 6636349 6664848 6666841 6713022 6735308 6737040 6740674 6741768 6744195 6786171 6787849 6789392 6791940 6808189 6817761 6819640 6828309 6904542 6914079 6923648 6929216 6931127 6940386 6946589 6955552 6982186 6988750 6993006 7004787 7019269 7022050 7023844 7024852 7028118 7037090 7043404 7044561 7065557 7076516 7085454 7092668 7106862 7112615 7114780 7131569 7170642 7175263 7179861 7195980 7203760 7209474 7224916 7228540 7233626 7243617 7246119 7251992 7313934 7327988 7365397 7405248 7415902 7419095 7488650 7491929 7502289 7513871 7516847 7523102 7523861 7546999 7548988 7553499 7565251 7569321 7578831 7603332 7614891 7618526 7619774 7622254 7627420 7632775 7636344 7638789 7643119 7652557 7661876 7674159 7677750 7688083 7689401 7692801 7698714 7701755 7710367 7730257 7742149 7748408 7779059 7785132 7807131 7825368 7851554 7862129 7868214 7871638 7879607 7885977 7894045 7899957 7902110 7908875 7929806 7931513 7940313 7951202 7964637 7969228 7996764 8002441 8012393 8014598 8021019 8026713 8037843 8058246 8060884 8087647 8090549 8094698 8104010 8108524 8110308 8112095 8132793 8137787 8140259 8144671 8154488 8160465 8164321 8171657 8172745 8192574 8207455 8214084 8217620 8221015 8239933 8253210 8257703 8272814 8276626 8281785 8309879 8321616 8333746 8337537 8365883 8373987 8379562 8382156 8436782 8442568 8444848 8455284 8466776 8472287 8476924 8480823 8487869 8490999 8527971 8533116 8537600 8545828 8573074 8584300 8592918 8621019 8623254 8637966 8655760 8664939 8671209 8692604 8693687 8707442 8726851 8743400 8777612 8779504 8799138 8821562 8879757 8882330 8904090 8923774 8932174 8933383 8954484 8985445 8989878 8993104 9003051 9013861 9022586 9024087 9026405 9039456 9042528 9047577 9051555 9060822 9073660 9113236 9142363 9163270 9169028 9184630 9213508 9214938 9227310 9233244 9235946 9239414 9265526 9279281 9286282 9293963 9354996 9359650 9363684 9365473 9366423 9385825 9396360 9398380 9404038 9429431 9430657 9444481 9464661 9480110 9486393 9489717 9490699 9529173 9540651 9558663 9562430 9575367 9577932 9580134 9581060 9583959 9607285 9613813 9617571 9620302 9631022 9635834 9645262 9662082 9668619 9680876 9713924 9717883 9740450 9753354 9760784 9766581 9782065 9783264 9785472 9802046 9819089 9841874 9894153 9910307 9913438 9919669 9924453 9937655 9941271 9977261 9980354 9988477 9991523 9997391 9998643 
</Matrix>
<Matrix name="Neuron_651" type="complete" rows="1" columns="840" multiplier="1.0">
   10002 26729 38317 49710 52517 67770 72123 83661 86676 95639 100870 117265 125970 139885 144578 198448 202948 207181 208490 210583 227843 235382 238368 239699 244221 251326 258578 268345 274954 295027 299533 302763 319974 323152 327140 328209 333523 391988 403292 409347 417250 444851 451934 454465 459964 467835 486542 490351 508915 526273 553858 557753 582775 594347 595918 601518 638876 696212 701210 705064 716704 720644 740417 746449 754777 775137 788565 794621 795881 802427 804000 827893 840049 871639 877517 893170 901397 902876 903720 929258 950358 957018 972447 981178 986357 992994 1000143 1014916 1042468 1046896 1056391 1057887 1065027 1067095 1113561 1124702 1129735 1144228 1149558 1168199 1170913 1195432 1202654 1204205 1212746 1220682 1230039 1244577 1261189 1270679 1277586 1285479 1317668 1326360 1334114 1347539 1356987 1358385 1366790 1376473 1379175 1382107 1385887 1392774 1404094 1424569 1437661 1446023 1447632 1450249 1452534 1472139 1473701 1498404 1509582 1511723 1541782 1563179 1566292 1570698 1576487 1579504 1581868 1589254 1592670 1630419 1634092 1640927 1643907 1647724 1651769 1653875 1688869 1690663 1693187 1711981 1714349 1724816 1749556 1759763 1761875 1771505 1779678 1784741 1801382 1813784 1830795 1838761 1841555 1857366 1867021 1875001 1880604 1882756 1891428 1897064 1918147 1926906 1936758 1952424 1958386 1984260 2005137 2016663 2021741 2032129 2049178 2059869 2070382 2077922 2089660 2095772 2114554 2127376 2133017 2152499 2156972 2176903 2183054 2206160 2213901 2231390 2241588 2258789 2260042 2265372 2276340 2279322 2283101 2288552 2297035 2325441 2329152 2380047 2381726 2383896 2413626 2419376 2424241 2429197 2440959 2441969 2450850 2472125 2473513 2475723 2480154 2483352 2506169 2510750 2528900 2545429 2547627 2575816 2578938 2589618 2599829 2606364 2624113 2634443 2642728 2645162 2663537 2675677 2676993 2686150 2701617 2704268 2730426 2733685 2736227 2745947 2763952 2766438 2778129 2784948 2790469 2795110 2823399 2825536 2831335 2838361 2843194 2880491 2881726 2882722 2884592 2889872 2893948 2913790 2920190 2930335 2939846 2947794 2948716 2952197 2967223 2970122 2984075 2995889 2998856 3001356 3004113 3010946 3021331 3036128 3042122 3055534 3058537 3067217 3074129 3076461 3091622 3093779 3101376 3107037 3108098 3112756 3137502 3157517 3176210 3181802 3278332 3425478 3432956 3458607 3469126 3506035 3509945 3511462 3517252 3523344 3537361 3541375 3543807 3559310 3573400 3588969 3599539 3615582 3617513 3622025 3640234 3644418 3647955 3650656 3653197 3675949 3680477 3696312 3715536 3723963 3764058 3769656 3785324 3827727 3834809 3888192 3892813 3895942 3922940 3925715 3927532 3941067 3958313 3962614 3967582 3987560 4005956 4008903 4014919 4032456 4040487 4056118 4114886 4134617 4170718 4172752 4175609 4189328 4193428 4199567 4202713 4217472 4241526 4250391 4257643 4264568 4289937 4349785 4353887 4371454 4384406 4393089 4401230 4407649 4409797 4416034 4420859 4423991 4450743 4463775 4468436 4472717 4478568 4485145 4489795 4505023 4508892 4510980 4512466 4514981 4532062 4541117 4544229 4559649 4581156 4613817 4616329 4620445 4634615 4635628 4650162 4651229 4666153 4672852 4686967 4693922 4713936 4725431 4730445 4749251 4750927 4764953 4769671 4793940 4802024 4805248 4810593 4844823 4848371 4897429 4903293 4915812 4935599 4944671 4954841 4957595 4970371 4990351 4992055 5035381 5068011 5080650 5083511 5119486 5126972 5144129 5146510 5160231 5171473 5183422 5197280 5220220 5236743 5243297 5245747 5248042 5253834 5255885 5257048 5275384 5279474 5281672 5283948 5288227 5319396 5326577 5339279 5350062 5351578 5354644 5365772 5373986 5381011 5393431 5408778 5413451 5420004 5421879 5456942 5474517 5480318 5489808 5532462 5541183 5546128 5573380 5603293 5607863 5610763 5616581 5629562 5634091 5657037 5674813 5687669 5729070 5745422 5779992 5788818 5799615 5807345 5816251 5818166 5842359 5844228 5845702 5847589 5860810 5866200 5912924 5922529 5960511 5977587 6001054 6006529 6010174 6017885 6021679 6035586 6066825 6076768 6080743 6082703 6089201 6100301 6103014 6116259 6133029 6152127 6185024 6205887 6222644 6235741 6237922 6244761 6253348 6256734 6257584 6266359 6267735 6278601 6285880 6288101 6298274 6308718 6311297 6319847 6326363 6328252 6335530 6345299 6351577 6355462 6357440 6374284 6421968 6423562 6425152 6429119 6440109 6456259 6464115 6473739 6491198 6497202 6509728 6533125 6543924 6553724 6573999 6592981 6600947 6634189 6650729 6657399 6663942 6667338 6668623 6673041 6700813 6713311 6724471 6727030 6737164 6742189 6751953 6757302 6786898 6789335 6834354 6871092 6882328 6897468 6903932 6909408 6928778 6933021 6941938 6951541 6961047 6977336 6982242 6987549 7013195 7022310 7031009 7047388 7069322 7071421 7080036 7086362 7092490 7093838 7112221 7126676 7143571 7150233 7180144 7190008 7202226 7207332 7211790 7223277 7224629 7237672 7294819 7307894 7332672 7335275 7350842 7365077 7370550 7376849 7388670 7398481 7404910 7407642 7415469 7419730 7457887 7479121 7480627 7491713 7499516 7524500 7559206 7561710 7579598 7605424 7616581 7635035 7649873 7663000 7671470 7674997 7681335 7682337 7696447 7700796 7702031 7727231 7728867 7749468 7752316 7768069 7790336 7798143 7853079 7884305 7887636 7890489 7894492 7908241 7941707 7950390 7955030 7956894 7962981 7996243 8020590 8078957 8092862 8098159 8101435 8129042 8138106 8144512 8161258 8183509 8191271 8196274 8198521 8202903 8251288 8256710 8265223 8280727 8303779 8310097 8315575 8318908 8320924 8327976 8335540 8336490 8337856 8343445 8358805 8362049 8410963 8414320 8448843 8468801 8495192 8498624 8533216 8535625 8537966 8540481 8562746 8566221 8568048 8571569 8573849 8583043 8609590 8615585 8631660 8639859 8662464 8694153 8703320 8705500 8722721 8737993 8759246 8773449 8788618 8795897 8798944 8802165 8819760 8821624 8830414 8837477 8849702 8854672 8856933 8857521 8867690 8871582 8883139 8920508 8957505 8960805 8965639 8991617 8992424 8994337 9025667 9034839 9043618 9058832 9071846 9077841 9080867 9098664 9103352 9111728 9117425 9119071 9125976 9128418 9140376 9141818 9145582 9151060 9159828 9164061 9168826 9180083 9184376 9186624 9189369 9197569 9212007 9246065 9269281 9283336 9287054 9304220 9306140 9312432 9316254 9345202 9347117 9406545 9417009 9419776 9424251 9429928 9437417 9443132 9447984 9448917 9469174 9479372 9483588 9492747 9525432 9526755 9534348 9568677 9575838 9577616 9578945 9584993 9618387 9623362 9634927 9638453 9647040 9653309 9656366 9715969 9718544 9750520 9766329 9771461 9775566 9783374 9785275 9786530 9810775 9837957 9852633 9860254 9868609 9877395 9885987 9887324 9895990 9908024 9909261 9956444 9964992 9986846 9999028 
</Matrix>
<Matrix name="Neuron_654" type="complete" rows="1" columns="319" multiplier="1.0">
   7898 39386 66681 86973 124013 131434 137072 177767 193294 205949 283531 291231 294828 420236 452707 462642 509096 524149 525466 526378 585603 609949 616079 622247 635598 645530 838454 861585 894247 903488 945675 948531 952201 972289 980184 1024787 1031849 1064751 1086726 1110052 1179049 1191408 1197888 1229938 1335185 1349150 1361533 1407110 1468088 1489827 1541030 1562782 1604997 1675060 1677871 1679284 1748012 1752083 1765709 1833331 1838563 1840556 1889878 1939888 2107355 2115346 2197045 2236873 2242512 2243981 2249256 2272210 2281250 2283197 2307887 2309961 2350802 2386966 2426553 2452671 2509102 2514393 2540926 2600293 2603158 2635696 2699675 2712751 2722833 2724598 2775764 2781843 2803883 2838301 2983124 3048947 3117763 3129774 3209027 3260566 3291573 3363667 3416050 3435468 3439001 3506835 3511381 3557164 3613351 3635823 3643838 3763931 3815235 3823212 3827359 3832241 3844916 3885393 3938770 3953431 3957306 4027976 4051880 4074651 4080703 4106567 4109241 4130597 4147267 4153198 4180964 4187861 4270274 4337104 4356500 4369219 4417915 4454470 4514969 4549419 4555084 4592698 4605087 4614230 4618506 4688846 4729896 4747928 4772205 4782955 4807543 4812255 4876804 4888948 4917197 4968686 4980518 4988546 5007551 5096000 5121521 5154393 5173953 5175714 5313850 5341185 5355235 5409668 5487326 5505029 5516854 5564711 5580096 5592459 5594202 5597344 5619329 5628894 5681283 5728803 5747910 5754545 5782481 5789730 5790953 5840073 5851871 5874146 5884842 5911936 5919072 5929182 5936141 5939825 5949280 5970099 6038565 6074964 6105961 6131694 6132463 6177073 6221587 6240037 6242436 6265836 6271493 6325591 6341232 6390019 6411049 6458392 6472504 6551174 6556345 6618862 6622771 6753260 6797629 6813472 6834386 6900423 6903185 6932763 6935192 6996124 7007220 7023617 7025345 7053950 7099895 7183631 7221790 7244542 7267102 7295408 7302841 7358124 7372967 7378520 7382443 7403544 7413800 7433590 7448551 7469591 7490059 7501692 7517786 7522036 7536268 7562940 7617823 7627175 7661268 7662709 7758068 7802465 7841113 7893080 7944499 8010326 8017657 8036415 8108868 8127563 8145301 8161429 8205805 8207653 8258574 8332948 8410480 8445446 8471809 8477195 8483724 8494607 8506458 8604977 8680533 8701654 8714326 8757820 8763073 8783557 8873131 8942636 8955484 8976495 9001457 9011878 9018032 9045732 9091592 9151194 9249692 9255913 9280525 9332388 9344062 9375879 9408952 9482497 9553908 9600265 9632184 9674249 9743871 9777691 9790822 9797133 9808788 9901866 9919304 9952050 9963468 9976663 9996182 
</Matrix>
<Matrix name="Neuron_697" type="complete" rows="1" columns="2021" multiplier="1.0">
   6581 19129 24693 38140 43846 47083 50009 54169 59369 60294 63330 67514 68819 74635 81641 82886 84051 85311 89043 97305 102460 113680 119658 123341 140348 143177 145418 149177 150885 152910 158513 164459 166001 167666 176317 183998 190797 192196 197393 204134 207402 209556 212177 214008 214938 216920 218539 223417 228378 229338 230854 234232 237417 249581 261578 264748 276180 282980 289667 300222 305321 309800 313773 319914 321448 322854 327056 328322 331229 335131 336756 338940 342255 347613 348581 350608 356008 357099 361539 371642 372665 379934 383763 385932 396333 399482 406854 420660 423888 425932 429141 432602 437522 438921 440401 442177 455154 463225 464672 470461 474999 476396 482313 487647 492960 494175 495619 504531 508188 509699 511203 511867 521180 522742 527860 539972 541824 544062 555436 557350 562500 564124 567506 570194 571154 575191 576659 582808 585376 586942 590600 594584 596354 604260 610840 612028 613585 619045 622728 627129 628291 648684 652378 657943 667306 672556 676601 678153 692818 696019 703199 707573 717156 718554 719648 721649 722335 725376 729034 744404 756514 760332 771349 774918 777959 781137 783090 784404 790332 793292 797706 799091 806434 818687 824372 838689 847223 849054 855583 857054 858046 863331 872211 874084 875786 880108 883291 884107 885642 887097 889959 892850 895314 900251 902498 903724 904835 908132 912461 913310 915473 919973 921444 925591 936093 939384 956841 966485 969815 973370 983596 985761 990493 995026 998631 1005888 1014394 1016917 1031458 1045414 1048745 1050870 1054853 1058061 1059037 1073393 1078340 1083579 1091202 1097891 1104990 1106010 1115299 1122018 1133649 1137978 1144783 1145845 1161718 1163045 1166054 1171964 1174768 1183610 1188150 1190510 1192320 1194104 1220906 1225146 1233449 1234998 1238441 1239615 1242441 1247030 1248390 1251808 1255795 1258405 1262702 1265452 1267049 1275294 1283140 1285536 1287414 1288832 1299286 1305004 1308541 1315455 1327467 1333538 1339365 1342177 1346040 1366360 1377186 1382075 1382869 1385960 1388573 1392595 1396175 1397619 1401046 1405735 1408079 1409781 1411922 1414172 1420192 1426403 1432420 1437577 1444348 1445131 1446104 1447871 1458258 1460739 1462307 1468350 1476527 1477599 1493073 1495550 1499466 1504951 1513027 1527657 1531973 1536784 1537594 1539234 1545943 1550775 1552664 1553716 1558619 1562346 1570891 1574525 1576072 1577800 1580108 1583040 1589142 1590358 1594669 1595947 1608757 1609873 1611688 1614820 1615433 1617393 1623419 1626280 1631605 1637353 1640925 1647141 1654924 1661835 1663354 1666029 1670399 1677443 1690263 1692501 1698152 1701224 1707250 1711338 1714985 1718149 1722426 1724220 1729078 1733327 1735741 1738107 1740783 1742992 1744095 1759398 1761250 1762059 1765057 1767584 1771058 1775436 1792167 1794122 1800189 1802531 1809582 1810830 1812242 1815866 1823637 1838167 1839387 1843774 1846234 1849014 1850139 1853302 1859127 1860198 1866266 1878562 1886391 1890923 1892620 1896838 1900811 1901817 1906610 1917649 1926694 1933253 1943590 1944320 1954361 1958685 1962868 1967857 1972611 1974749 1984238 1986963 1990062 1992968 1994301 2000166 2001051 2006039 2006936 2009525 2013271 2016284 2017987 2020175 2021949 2026042 2033276 2035531 2050157 2052434 2058597 2061527 2076104 2077663 2086168 2093392 2103725 2107259 2113319 2115035 2118037 2120749 2127792 2135238 2138718 2146538 2147971 2149506 2159838 2161867 2168856 2171816 2173776 2179444 2188546 2192418 2193569 2199457 2205470 2207659 2212338 2213965 2217068 2221336 2228841 2231545 2233526 2234752 2238927 2245917 2253387 2262414 2282093 2286588 2290453 2295969 2301302 2304369 2306171 2317164 2326766 2342374 2355434 2363663 2370496 2372198 2377692 2380637 2382807 2383810 2399559 2400894 2406607 2410414 2413922 2415164 2418492 2422370 2429347 2434875 2437862 2442389 2447013 2451547 2461103 2465360 2467923 2474104 2477285 2486276 2488809 2493932 2497946 2501116 2507238 2515809 2522144 2527936 2530592 2532386 2534276 2535817 2541119 2552215 2559978 2561017 2562154 2567812 2576275 2580780 2586041 2587725 2589259 2595242 2596475 2598408 2603350 2605301 2608696 2610647 2614694 2615815 2618601 2622228 2632015 2635649 2643089 2650261 2653906 2654564 2663049 2669917 2674815 2676832 2681980 2687735 2689433 2692497 2700844 2702504 2706318 2708469 2717912 2725431 2727035 2730842 2738644 2744934 2751563 2758656 2766081 2767365 2772765 2776342 2783384 2787007 2789268 2790429 2798399 2803899 2813139 2815805 2816752 2819186 2823302 2829991 2835346 2847336 2850521 2853790 2861988 2864843 2871842 2878057 2882934 2884464 2886379 2892233 2901048 2910144 2914090 2920270 2924932 2928849 2947258 2950534 2952269 2957422 2959761 2962898 2968027 2972856 2974513 2978842 2983633 2985610 2998707 3005098 3006328 3023762 3027244 3028684 3036114 3054352 3063093 3067453 3076639 3078508 3080628 3082425 3091029 3096306 3099734 3107795 3110517 3117982 3119913 3128210 3136922 3141296 3145887 3147805 3160033 3171175 3176803 3179021 3181010 3185504 3192007 3200982 3201709 3209531 3216785 3220467 3221519 3232704 3234098 3249498 3254557 3255898 3273183 3274402 3281084 3285906 3288863 3289448 3293898 3298483 3302668 3304333 3309252 3310530 3323476 3326850 3337162 3341645 3346143 3348614 3351859 3353781 3363846 3365067 3370425 3386385 3388734 3394989 3396514 3397714 3406808 3415255 3426423 3430412 3438813 3443122 3449900 3452898 3463206 3465842 3475227 3480221 3488178 3498208 3499567 3501535 3515615 3517624 3527321 3528639 3533835 3537246 3539207 3544916 3555499 3558632 3565870 3577457 3578444 3582102 3583858 3591822 3598451 3600527 3605474 3610562 3612522 3622911 3628756 3631339 3635291 3642380 3648771 3651742 3655731 3664735 3667282 3668661 3671661 3673924 3678905 3681286 3686704 3705934 3709406 3712996 3719935 3721844 3727606 3732355 3739742 3742912 3746576 3750675 3752323 3761168 3767847 3775285 3777082 3781239 3782355 3784634 3789591 3791291 3794667 3796957 3803902 3808675 3813265 3818329 3826623 3833480 3834577 3837715 3845372 3868532 3871114 3879383 3881222 3882169 3883539 3884535 3886168 3891008 3899257 3902575 3907094 3909749 3910908 3916783 3917893 3918935 3927120 3930131 3931749 3933635 3940099 3953976 3973442 3979965 3981131 3984835 3986348 3991269 3993043 3994490 3997395 4006094 4010227 4019677 4021715 4024107 4033194 4034649 4040547 4043694 4048905 4051250 4070920 4072613 4075076 4078021 4079591 4083238 4094921 4095671 4097602 4108071 4110989 4117857 4124784 4128874 4134220 4135246 4136455 4146020 4146760 4149163 4150098 4170050 4180171 4180890 4182267 4184387 4186003 4187534 4188980 4190336 4192268 4195892 4197357 4201689 4203916 4212537 4213657 4218690 4219410 4224186 4230310 4234305 4247008 4252008 4254348 4256627 4259905 4261863 4262943 4266546 4271250 4273877 4278145 4282005 4285289 4290431 4295038 4301868 4305033 4312556 4315651 4320067 4322411 4324114 4329226 4330215 4332742 4346544 4347652 4357255 4362288 4368063 4379567 4381086 4388630 4389879 4391086 4395877 4406858 4409081 4412410 4418650 4420551 4423088 4426373 4428819 4431412 4434909 4438477 4447804 4449662 4452760 4453889 4456635 4472947 4474618 4476022 4479768 4485475 4490335 4493877 4500568 4503615 4504601 4513381 4515099 4524108 4528555 4533031 4536564 4541082 4549977 4551079 4558294 4564638 4566399 4568998 4572546 4574535 4587874 4595801 4598269 4602869 4606590 4611738 4613965 4622719 4641484 4642637 4649102 4650049 4652251 4654089 4658848 4661992 4663344 4665317 4668660 4672075 4675299 4677497 4685624 4687276 4695759 4699326 4705030 4706461 4715929 4718422 4729220 4734968 4737548 4742196 4744933 4746193 4758422 4760859 4764979 4766711 4770304 4773730 4775535 4777707 4780907 4787889 4791238 4799133 4805230 4806687 4821886 4824133 4830260 4837270 4841203 4843609 4846599 4847723 4851712 4853173 4854442 4858402 4870210 4875740 4879907 4884047 4888781 4903485 4905984 4914060 4921175 4934689 4937855 4941015 4942366 4945331 4947419 4955001 4956219 4958568 4963005 4964011 4968810 4971913 4975818 4976631 4979211 4994175 4999137 5002596 5005993 5007458 5012627 5015301 5017445 5026102 5029334 5030864 5032791 5037065 5040991 5047312 5049993 5059761 5069518 5079705 5094936 5098806 5100844 5105163 5108341 5109302 5110719 5113841 5122137 5124554 5125827 5141649 5143375 5156598 5171283 5177383 5178756 5182511 5193990 5199190 5202284 5207848 5216101 5222148 5234082 5238565 5242746 5245656 5249617 5255443 5269709 5272083 5273415 5282470 5303401 5306587 5308277 5314736 5317264 5319425 5323652 5341465 5344581 5347422 5356566 5359977 5368460 5375707 5386123 5387438 5389829 5392176 5393099 5395488 5397683 5402252 5406598 5412252 5413739 5417355 5421652 5423318 5429272 5431867 5438553 5441760 5455086 5461010 5463008 5464133 5467216 5483370 5487050 5491413 5492472 5496224 5505070 5506448 5518723 5527004 5532348 5535351 5543153 5545575 5547866 5551822 5553818 5559886 5568998 5586352 5588835 5592666 5599251 5609006 5612245 5622808 5630092 5637016 5648889 5653877 5656432 5659008 5660011 5662141 5677122 5712530 5715702 5716950 5720139 5721923 5724689 5729175 5730028 5733843 5734778 5753685 5778437 5784777 5788776 5790054 5792407 5797625 5800538 5801116 5803431 5808025 5818246 5818880 5826188 5828983 5831959 5835449 5840273 5842926 5850164 5855515 5867257 5873385 5880354 5886852 5888722 5903743 5905466 5909049 5910230 5911390 5913788 5917491 5919698 5920582 5924271 5928271 5932341 5945770 5951226 5954874 5956831 5961168 5964428 5965819 5967800 5973025 5980707 5990021 5998047 6008479 6011995 6013442 6019717 6025600 6029211 6030463 6036173 6039011 6041797 6043214 6046699 6060275 6063513 6067391 6071052 6079397 6081713 6083447 6085978 6087309 6095580 6098236 6101130 6107424 6111359 6112921 6119962 6123560 6129306 6133091 6137404 6143168 6146283 6148840 6154274 6159186 6164784 6166817 6168715 6177767 6178931 6181935 6187453 6196668 6197775 6200740 6202298 6204271 6210268 6215530 6224009 6228725 6229522 6244609 6246311 6247006 6249603 6253382 6265534 6268492 6271471 6274219 6276669 6281376 6282593 6291978 6295604 6296800 6305250 6306481 6307558 6312680 6317103 6318297 6338975 6340656 6350403 6352650 6357245 6360506 6362554 6367004 6367967 6372930 6385264 6388508 6394408 6395447 6398845 6404607 6411544 6415854 6428453 6429441 6435184 6436795 6438607 6440993 6451107 6452555 6455340 6458984 6481688 6484806 6491021 6493918 6495230 6497722 6502041 6515517 6517671 6523611 6534128 6546888 6549009 6550449 6568421 6570472 6571907 6574107 6584490 6588595 6592757 6603793 6609801 6614885 6617450 6619483 6624192 6630728 6637272 6640559 6644175 6657406 6658426 6669596 6696495 6702677 6704477 6705508 6720299 6726401 6731318 6738476 6743721 6745065 6745806 6752261 6756032 6759539 6762080 6763188 6770410 6771904 6773098 6793957 6797014 6800537 6804018 6805116 6806821 6810969 6816330 6826797 6830155 6831297 6840318 6843925 6846261 6854947 6859240 6871427 6880184 6890798 6900721 6904689 6911149 6932211 6933226 6936968 6938381 6940177 6944595 6952245 6955154 6957014 6960006 6971726 6987359 6989993 6995472 6997900 7003306 7004165 7011407 7016018 7029719 7033359 7035093 7042554 7045156 7047437 7053192 7055048 7056295 7059443 7065541 7067597 7081719 7088970 7092466 7094550 7098989 7105301 7110641 7115026 7119735 7122017 7130246 7133535 7135476 7136551 7140871 7142071 7153759 7167603 7168860 7179363 7184115 7184810 7188190 7190996 7194085 7197642 7199599 7201402 7203776 7206093 7209235 7218917 7224300 7225855 7227594 7231548 7239768 7242553 7245221 7250119 7254925 7257538 7259589 7260778 7263725 7267649 7270973 7280591 7287591 7290170 7293949 7295872 7310775 7314392 7320690 7322636 7326974 7328960 7337115 7341348 7349392 7354820 7356382 7359691 7360735 7362842 7367442 7369432 7370997 7388740 7389638 7395417 7411692 7413927 7429359 7432600 7437791 7440136 7452267 7458123 7459820 7461418 7463829 7466452 7477917 7482968 7484521 7486246 7488509 7489870 7493312 7494010 7495788 7509423 7510858 7525545 7530657 7534089 7535573 7537940 7548905 7552784 7557463 7558885 7569559 7571063 7574034 7581623 7588961 7595385 7597412 7599921 7604089 7606158 7611307 7615014 7616669 7619929 7633090 7643067 7645874 7647324 7656304 7659753 7662396 7666574 7668644 7670201 7678168 7679787 7683401 7685688 7689529 7694812 7698275 7704845 7706355 7708046 7711038 7712680 7713938 7715881 7721296 7728181 7731681 7734003 7736626 7751564 7755666 7759577 7761657 7766927 7770371 7779516 7783702 7792454 7797603 7808442 7809269 7813501 7819187 7825457 7831264 7832375 7836394 7842956 7851574 7866915 7871831 7882245 7889724 7896542 7898801 7901546 7904915 7910972 7914393 7916928 7921699 7930196 7937680 7939837 7940773 7942921 7944330 7949129 7954806 7957045 7961295 7964957 7967347 7973267 7974798 7979015 7987474 8006682 8013831 8024344 8027005 8035631 8039058 8043496 8060934 8064857 8068385 8084779 8089888 8093500 8101798 8117405 8121149 8124171 8126412 8130398 8135758 8142585 8149479 8152091 8155178 8158881 8160714 8166027 8169847 8177835 8190446 8196954 8198411 8202180 8207804 8208962 8212562 8219785 8221188 8222202 8223774 8224536 8230839 8231757 8240768 8241823 8242927 8248138 8251640 8254031 8263193 8264464 8265425 8275380 8279161 8309367 8312242 8321574 8331056 8335221 8341648 8343978 8347062 8352220 8355665 8369153 8373494 8378473 8391033 8395227 8399642 8401933 8404064 8407780 8412511 8415901 8418784 8419702 8421469 8433182 8434839 8442191 8447066 8459804 8461318 8463219 8464118 8464996 8466879 8469160 8471056 8472021 8474578 8480788 8482136 8484009 8486949 8491070 8492459 8495249 8506882 8509273 8514929 8523064 8525491 8527489 8530817 8534680 8537479 8545261 8548987 8549695 8551483 8558162 8559537 8562479 8572993 8584376 8591245 8592890 8597962 8605042 8609152 8611890 8622484 8624041 8625467 8639852 8644001 8655553 8660966 8663512 8669144 8673666 8677783 8680229 8683197 8684722 8689294 8692138 8697259 8705261 8706705 8718682 8721509 8723653 8728317 8734276 8747538 8748788 8755257 8762225 8765536 8767269 8768148 8771689 8774898 8776765 8781508 8784848 8787204 8789051 8795717 8797351 8800925 8804175 8807697 8814586 8821860 8826203 8835336 8838736 8850290 8852687 8854106 8859278 8874955 8875939 8879199 8880116 8881698 8885436 8887292 8889674 8891418 8892724 8897502 8903289 8905744 8908200 8909348 8912460 8916425 8920898 8923858 8938894 8949990 8952887 8955324 8969499 8984038 8993632 8995973 8999472 9007239 9010425 9019875 9026876 9042260 9046050 9055231 9065941 9069176 9073455 9074335 9075947 9080466 9093289 9100608 9102644 9103631 9113836 9115926 9116830 9126937 9130110 9131539 9140781 9143571 9147627 9158368 9159583 9164226 9165473 9171119 9178633 9182268 9191723 9196886 9201793 9206653 9210070 9213119 9219614 9232286 9234185 9235716 9237637 9239922 9250289 9252794 9258185 9272787 9282429 9288293 9289528 9295454 9296674 9299136 9301305 9307375 9316254 9321101 9323693 9328854 9332442 9333715 9336325 9338190 9341591 9342537 9346071 9349361 9364610 9370368 9372534 9375226 9387573 9395688 9403227 9406413 9412620 9417089 9419138 9424811 9433002 9437904 9439167 9442311 9445093 9447677 9456693 9463651 9469332 9471333 9478831 9482227 9488801 9491151 9496413 9515140 9517093 9536845 9538543 9546193 9551030 9552623 9555334 9558411 9561810 9563300 9568645 9569982 9574408 9575331 9576496 9577317 9577988 9579777 9583245 9589222 9591216 9596588 9600367 9603397 9611617 9624832 9631629 9633101 9639584 9642046 9647753 9650476 9660807 9668136 9671549 9673817 9679410 9684218 9685677 9699585 9705924 9708199 9714733 9719160 9722110 9724083 9724796 9725790 9727570 9734866 9738689 9740914 9741546 9744863 9747030 9750788 9752385 9755535 9757176 9758497 9764234 9770317 9779003 9786494 9793610 9798632 9803876 9809440 9812684 9822526 9823834 9831266 9832404 9833501 9838139 9841925 9844117 9853862 9855289 9859173 9863219 9866747 9867391 9874545 9875659 9880339 9882560 9888342 9896432 9905770 9913879 9919253 9926072 9929849 9941112 9944880 9954508 9956032 9958324 9959800 9964287 9969102 9970730 9974581 9981228 9983159 9985869 9993650 9997162 
</Matrix>
<Matrix name="Neuron_707" type="complete" rows="1" columns="3613" multiplier="1.0">
   3394 6599 8410 11342 15914 18643 21525 25230 28081 31590 33614 35239 36070 37684 42858 45241 46100 50690 53438 55340 56988 58142 61008 67543 69527 71968 77082 79408 80628 86544 87781 89582 90484 91557 93650 100436 102068 103665 105802 109994 111984 116353 118049 121967 123383 125222 127439 129175 130878 131978 135153 137151 141196 143016 145340 146186 147337 153503 154748 156780 158082 160505 161753 162463 163367 169382 171828 172838 174790 176297 178620 182457 185987 186711 189190 189850 191870 196684 198983 200737 204629 206258 207578 208751 210709 211929 214727 217243 218281 219643 220757 223622 227616 229275 230576 233275 236092 237153 239968 243044 244075 244917 251910 254657 256688 259613 261148 262530 266934 268462 270766 272404 273208 281257 283596 286289 298827 301799 302780 308063 310904 313143 314250 316871 319200 320871 323546 327377 328742 331140 334865 336999 339648 341410 342511 344327 345652 347238 348137 349310 350441 355706 357240 361352 362785 365098 373924 376717 379205 380027 382115 383801 387983 390116 392355 393217 394514 397640 399349 402644 411137 414317 415901 423796 426664 427787 428823 429501 430549 434261 436758 440343 441269 444300 446689 448650 449881 451619 453269 461509 463029 467780 469233 476157 477776 479221 480396 483214 484210 485314 488068 490048 492585 495002 496147 504822 513245 514205 518700 520522 522288 524859 528021 529193 530423 533884 537341 544448 548219 549544 552624 554020 554673 556036 561002 562787 566106 567438 569103 571442 575272 577439 579450 581282 584363 585889 591005 592998 595132 597279 606802 607720 609888 610786 612638 621452 625779 627579 629333 630803 632148 638952 641842 646163 649571 653616 654461 658694 659939 662811 663808 666881 667437 669327 669998 670960 673349 674208 676374 686628 687822 693192 696732 698204 700549 702789 705226 706207 707519 711717 713852 719929 721463 723478 728405 731352 732656 735636 737430 740759 742790 747692 753523 755363 756326 765868 767547 771159 772310 775839 779415 783195 785719 786280 789537 791987 795808 798160 799998 800893 804427 806859 809183 813105 814632 818402 819476 823948 828420 829523 832338 833483 835305 836315 838043 839331 840311 841126 841764 846277 849168 852575 857920 861412 863647 864438 865798 867029 868226 869653 871020 873118 874937 878587 879038 883982 886298 889365 891142 892521 894548 902825 905079 909476 912521 916422 919033 920931 922400 924203 928101 930856 931856 939197 940285 942137 948687 950091 951389 952985 955523 956979 960373 967259 970192 972283 973524 974622 979450 983171 984279 985696 988132 991675 994200 996442 997601 998427 1000137 1002399 1010069 1011744 1014244 1015962 1018552 1021084 1021837 1023286 1027215 1028205 1030927 1033660 1036681 1037570 1039563 1048602 1050531 1051682 1053238 1057642 1060230 1063724 1069521 1077688 1081146 1086458 1087336 1088373 1090292 1094082 1097833 1099729 1101335 1103290 1105149 1108369 1114353 1115942 1117450 1120498 1126082 1128152 1129073 1132517 1135085 1138025 1139919 1140678 1141837 1144466 1146162 1154378 1157050 1158805 1165184 1166357 1170474 1172297 1177473 1185579 1189934 1191067 1193569 1196651 1199000 1201152 1202359 1204583 1206678 1207796 1218208 1221955 1226250 1228554 1230596 1233112 1234372 1239209 1242588 1243844 1245923 1246868 1253338 1256519 1259965 1262641 1265820 1267431 1268978 1270747 1271991 1281243 1283117 1285828 1291097 1292018 1293372 1294843 1296665 1300361 1301396 1305253 1308250 1309858 1312753 1317172 1317985 1319170 1320422 1322401 1328008 1331438 1332731 1337522 1338968 1340306 1342080 1342912 1349321 1350067 1351180 1352261 1353864 1355704 1357438 1358808 1372903 1375276 1376060 1377027 1382509 1387607 1390956 1392816 1403897 1406231 1407866 1410617 1411725 1413738 1415814 1419390 1420917 1422193 1424273 1425631 1426413 1434783 1440270 1441380 1442077 1445349 1448328 1452269 1455994 1457655 1461121 1466555 1468288 1471480 1476053 1477979 1479715 1482108 1484431 1486988 1487667 1488772 1490065 1492009 1499185 1501524 1502857 1504716 1509975 1513137 1514019 1514983 1519322 1524356 1526424 1529183 1531528 1535472 1536571 1539793 1548445 1549916 1551151 1552581 1555501 1559310 1560480 1563409 1565316 1570392 1573861 1576552 1579922 1583420 1591472 1593124 1600660 1603657 1607105 1608308 1613560 1615423 1617085 1620495 1621286 1627776 1628864 1635719 1637394 1639038 1642495 1644883 1650394 1658333 1661991 1672982 1674335 1677134 1681699 1684224 1686596 1689467 1692658 1695937 1697519 1699428 1701002 1701793 1703799 1704417 1706178 1707508 1708955 1711919 1713356 1718240 1722413 1726874 1730109 1732710 1734008 1736419 1737753 1739396 1745675 1750275 1752796 1755352 1756307 1758825 1761062 1764684 1767227 1773409 1776297 1777771 1782599 1785572 1788936 1792755 1797084 1800137 1801584 1803227 1805182 1809820 1822322 1826640 1836286 1839584 1842805 1843793 1844886 1849426 1851053 1854267 1862761 1864783 1872842 1873688 1875282 1879029 1880850 1883702 1888896 1890060 1890920 1892017 1892853 1899169 1902915 1906727 1909745 1915374 1918155 1920189 1921989 1923600 1925096 1928651 1931525 1932440 1934431 1935953 1939668 1941751 1944526 1946930 1948468 1950087 1952723 1956258 1957185 1961040 1967583 1969585 1974768 1978505 1979750 1982031 1983051 1984242 1986867 1989890 1991722 1992715 1993968 2000408 2001719 2003687 2013759 2015153 2020245 2021262 2023137 2026955 2028791 2030387 2031865 2033459 2036152 2038868 2041560 2047403 2048199 2062568 2064445 2065590 2067123 2082401 2084012 2085906 2087923 2092743 2095020 2097406 2099111 2102227 2104190 2107470 2109126 2111741 2115652 2119926 2125428 2127713 2132807 2134119 2136013 2138126 2144493 2147304 2152384 2153614 2156355 2158183 2160295 2161869 2164454 2166012 2167004 2167875 2170678 2176179 2179041 2181229 2182555 2184451 2186827 2187888 2188488 2190133 2192133 2192771 2193473 2195964 2202379 2205663 2207296 2209449 2211909 2213249 2218701 2220060 2221934 2223242 2225536 2228920 2230373 2232157 2233494 2235437 2237540 2239257 2240359 2243347 2246136 2249540 2250831 2252535 2256322 2260022 2261568 2266338 2267314 2271937 2273925 2275511 2276539 2280903 2286895 2287579 2288744 2289510 2290842 2294601 2297659 2301210 2302027 2304734 2306079 2310269 2313698 2315880 2319374 2324524 2325634 2328072 2329919 2331946 2335940 2339025 2341134 2342208 2344289 2345665 2347468 2349570 2352191 2356084 2360949 2362980 2367220 2368279 2370662 2372832 2374844 2375911 2378175 2379775 2384164 2389543 2395946 2398493 2400624 2403050 2406284 2411564 2415046 2418577 2420583 2429024 2429852 2434504 2435535 2438645 2439946 2443844 2450982 2452252 2453951 2459691 2461807 2463827 2464630 2466300 2469179 2470235 2474532 2475860 2477643 2479134 2483960 2488272 2491186 2492708 2493886 2495789 2498149 2501552 2505225 2506574 2509249 2511072 2512554 2514368 2517062 2521753 2523468 2527282 2530617 2532275 2534614 2538234 2541563 2545269 2546351 2552795 2558296 2561539 2562614 2563629 2566744 2568939 2570776 2576682 2579331 2583270 2585527 2587257 2588210 2589875 2592578 2596396 2599439 2602535 2603685 2605780 2608920 2610696 2614231 2616256 2619171 2623781 2626156 2627859 2630761 2633771 2634749 2636647 2639671 2640822 2642932 2645613 2646910 2652803 2657169 2658553 2660329 2663855 2665844 2668826 2669743 2670496 2672705 2675551 2678373 2683291 2684027 2687024 2688019 2690382 2691620 2696063 2697714 2698798 2700165 2703419 2705258 2706488 2707840 2709990 2712068 2714905 2716340 2724519 2725664 2726998 2731142 2736797 2739605 2742427 2743199 2745811 2747842 2750153 2752453 2756195 2763034 2765006 2766033 2768656 2770539 2772257 2773847 2777577 2778513 2780236 2782282 2795044 2796378 2802235 2806763 2808497 2810709 2816026 2818947 2819713 2822145 2823707 2824785 2827810 2831304 2836454 2837206 2840855 2844328 2846467 2849943 2852120 2856091 2858530 2860053 2863758 2872434 2873296 2875861 2880326 2881865 2884107 2885663 2886673 2888680 2890957 2892325 2899209 2900894 2902543 2906929 2909364 2914797 2916256 2920586 2921362 2923284 2925445 2927781 2938893 2940200 2941160 2943455 2944532 2948170 2949584 2950759 2955173 2958662 2959748 2962817 2963638 2966841 2969698 2971231 2973363 2980106 2981498 2983433 2984008 2990251 2991109 2992830 2994707 3000714 3001781 3003175 3011777 3012931 3015034 3018693 3019910 3024645 3027222 3028207 3028954 3033071 3036650 3038064 3041832 3042519 3043851 3045130 3046608 3047470 3048788 3055815 3058867 3063353 3064722 3068196 3072760 3075301 3077346 3081250 3083421 3084393 3088894 3091322 3091988 3095117 3100155 3101915 3103911 3106890 3110690 3114931 3117713 3120288 3123168 3125276 3126478 3127861 3129712 3131309 3132219 3132773 3133678 3134874 3140095 3143148 3145455 3153782 3157707 3158935 3159626 3160921 3162698 3164561 3165415 3169689 3171267 3173891 3175292 3179721 3183402 3186491 3188131 3190295 3192468 3195117 3197214 3201376 3202204 3203613 3204360 3206285 3208790 3211628 3212716 3216380 3218524 3221055 3222154 3225784 3226776 3228384 3231633 3233666 3236854 3237995 3244018 3244942 3247432 3249087 3257319 3259100 3260645 3267150 3268948 3271192 3272483 3273981 3276202 3278547 3280186 3282875 3283942 3285997 3287972 3289012 3292445 3295327 3296949 3298440 3303372 3306848 3310620 3311665 3315366 3320791 3322769 3324248 3325565 3326614 3329402 3330733 3333695 3335805 3336709 3338332 3339780 3341027 3341868 3344094 3350553 3353080 3355663 3357569 3360737 3365040 3365942 3367857 3369650 3371538 3373312 3377865 3378809 3381943 3383765 3386594 3388031 3390569 3394413 3396773 3400392 3403815 3409805 3412275 3414718 3416313 3417610 3419161 3421074 3423844 3427508 3429654 3430438 3440819 3442791 3443946 3446530 3448055 3457131 3458172 3459431 3465324 3467082 3468526 3470275 3472358 3475477 3476761 3478284 3485673 3486708 3492120 3496008 3497785 3499875 3501104 3502144 3503592 3507582 3510335 3511159 3514696 3518456 3521053 3522118 3523894 3531991 3533169 3538846 3539767 3540482 3543997 3545776 3546698 3548229 3551243 3556059 3557343 3563317 3564456 3566953 3569292 3571829 3574328 3575263 3577178 3578506 3579803 3582234 3584887 3587827 3588815 3594589 3601641 3602669 3604574 3608907 3612035 3614306 3620491 3623019 3624956 3629082 3632836 3634537 3636043 3637850 3639884 3643038 3646653 3649135 3650390 3652365 3655832 3657738 3659267 3661766 3664164 3667056 3672941 3676946 3680033 3681333 3682515 3685519 3689983 3695044 3697240 3703633 3706135 3708666 3710078 3711205 3712487 3715377 3716392 3721501 3722714 3724394 3727556 3728602 3733005 3734881 3736854 3738932 3741001 3743885 3745326 3746313 3747513 3753707 3754907 3756423 3760744 3762139 3765517 3767860 3775036 3778174 3781845 3786122 3791144 3793911 3795541 3796842 3797730 3799803 3802391 3809053 3811771 3814888 3817669 3819064 3820301 3821730 3825894 3828291 3830690 3833713 3838341 3843340 3846079 3849057 3851033 3853716 3856033 3856998 3858722 3863292 3867685 3869189 3872831 3873383 3875741 3879672 3880856 3885827 3888314 3889516 3893913 3896281 3898120 3899184 3900160 3902115 3903456 3905657 3906524 3908366 3911067 3913940 3915186 3918397 3919620 3923269 3928949 3932991 3934854 3936237 3937328 3941350 3942448 3946168 3949824 3950765 3953596 3956343 3961126 3965509 3968529 3971589 3972908 3975985 3977605 3981698 3988496 3991452 3999114 4005079 4006381 4009664 4013938 4016063 4017307 4021155 4022747 4026828 4030462 4037552 4040357 4041645 4046835 4058577 4060994 4063421 4065384 4069591 4072560 4074012 4078149 4080014 4081500 4083138 4089053 4096324 4098132 4098945 4100293 4101812 4102758 4103509 4106579 4107604 4108895 4114011 4115370 4116568 4117924 4120014 4122244 4123471 4126199 4128100 4129740 4131247 4133593 4141952 4143258 4144883 4152685 4156964 4158473 4168895 4173274 4175752 4177499 4179561 4182275 4184278 4187421 4189087 4190785 4194953 4198707 4202611 4205984 4208712 4211322 4214943 4215866 4217865 4219594 4220308 4222011 4222935 4227726 4230448 4231863 4237506 4238957 4239990 4242511 4245556 4246519 4248330 4252463 4254718 4259840 4262751 4263800 4267870 4270630 4272395 4274444 4275801 4278486 4282627 4284852 4287699 4290328 4292756 4293923 4297730 4301037 4304223 4305264 4306465 4311490 4312407 4314475 4316679 4318180 4319352 4321145 4329572 4330846 4332093 4336070 4336962 4343317 4346363 4348350 4349410 4350898 4354502 4359503 4361370 4363212 4364163 4365549 4367607 4369865 4372060 4374578 4376409 4379827 4381583 4383201 4385911 4391120 4396703 4397555 4398615 4404862 4406228 4414995 4419309 4421395 4422872 4424265 4425405 4433687 4437610 4439327 4442443 4446611 4448107 4449397 4450704 4452268 4456026 4463239 4465336 4466942 4472971 4473701 4476098 4476834 4480719 4482786 4488383 4490991 4492180 4495634 4499877 4503062 4503986 4509123 4513421 4518150 4519593 4521345 4524685 4526787 4527886 4531241 4536030 4538020 4539446 4542397 4543575 4546690 4549033 4550264 4552856 4557642 4563851 4565207 4568972 4569989 4572005 4580778 4583093 4586436 4588740 4592199 4593406 4595662 4598021 4600094 4602552 4603676 4608043 4609816 4614561 4631099 4633484 4640862 4652559 4653384 4654246 4655464 4656378 4658056 4660340 4664240 4665380 4667070 4670312 4676621 4678387 4682780 4687018 4687943 4692374 4693361 4697760 4703831 4705230 4708246 4709898 4711268 4712169 4713293 4716216 4720944 4721967 4723046 4725804 4727553 4729440 4730763 4734598 4736646 4738555 4740074 4740948 4742507 4748381 4750307 4756850 4759040 4760067 4761140 4764606 4766829 4768483 4769888 4770974 4772546 4775165 4776881 4778325 4789341 4795905 4798776 4801090 4805846 4807304 4809131 4812369 4813526 4820379 4821660 4822477 4823125 4826163 4827106 4834108 4835410 4836095 4837910 4842440 4844600 4849122 4850358 4851740 4856415 4858278 4861786 4865818 4869079 4872241 4874732 4875791 4884256 4885361 4891855 4894031 4895519 4899339 4902733 4904797 4910027 4912879 4914853 4917732 4922264 4924972 4925800 4928423 4930339 4931053 4934594 4935231 4940153 4948542 4951350 4953457 4956637 4960428 4962829 4963613 4966211 4970635 4973088 4977732 4979148 4982112 4987231 4988049 4990650 4992076 4996468 4998502 5001560 5002476 5007254 5008726 5011231 5014035 5019529 5020641 5022217 5024221 5026470 5027653 5029483 5033723 5034522 5035440 5036480 5040427 5041696 5046542 5048889 5049454 5050634 5052477 5053698 5059528 5063325 5064158 5065711 5067271 5069234 5070035 5070908 5072468 5075257 5077424 5081758 5083380 5084281 5091178 5100629 5103461 5114388 5115359 5116284 5117715 5119335 5130242 5132491 5135521 5136401 5141821 5143207 5144838 5146481 5149867 5151477 5154554 5161319 5164670 5168269 5169790 5172605 5175631 5176346 5177808 5179380 5180479 5181160 5182696 5188090 5189214 5191097 5193249 5194188 5196625 5200694 5206812 5209746 5211530 5217297 5219158 5222156 5224332 5225249 5229090 5231279 5233570 5234913 5237346 5240504 5242041 5243909 5244926 5247958 5250015 5252364 5254937 5256984 5261668 5269319 5272215 5273791 5274904 5276024 5277493 5278709 5279894 5290640 5297375 5301906 5303527 5307181 5309564 5311181 5314392 5316331 5318186 5320652 5322044 5323372 5325995 5329750 5332047 5345595 5353372 5356987 5359891 5365137 5369474 5370454 5374245 5375649 5377750 5383318 5384468 5385490 5387808 5388804 5391431 5392123 5394609 5396754 5407619 5410369 5417344 5424051 5428596 5430992 5433382 5436167 5438390 5440813 5444219 5446361 5448623 5450054 5451601 5453448 5455404 5458149 5459847 5461074 5463323 5465997 5466972 5467981 5470417 5474948 5475913 5477947 5479155 5480111 5481419 5482365 5485586 5486741 5490982 5499690 5500861 5503177 5508979 5513635 5514487 5519096 5520387 5521697 5522677 5524303 5525254 5525962 5532567 5533671 5536091 5537359 5545119 5546534 5548046 5548788 5550788 5555742 5558319 5567997 5570216 5580790 5584184 5588021 5590715 5593673 5595404 5600557 5602388 5604571 5605863 5607663 5615613 5616938 5618405 5621338 5624560 5628103 5629250 5632936 5635887 5637670 5640952 5641638 5642438 5646535 5647779 5648810 5654248 5656537 5660287 5663424 5665271 5668773 5671026 5672727 5676912 5680887 5682080 5691672 5692557 5694096 5695836 5698413 5699805 5704239 5706882 5709552 5711570 5714527 5716336 5719228 5724704 5727231 5729998 5732120 5733029 5734474 5738326 5740796 5743510 5747452 5750372 5752464 5755287 5757294 5758778 5763857 5766718 5768027 5769346 5771301 5775242 5775917 5777676 5782464 5784376 5785556 5788406 5792112 5793709 5799533 5801748 5804798 5805412 5806827 5811442 5812708 5813445 5815610 5818733 5823566 5824766 5828031 5830466 5831747 5833455 5835419 5837183 5839585 5840774 5842677 5850402 5853603 5855216 5857192 5860265 5866449 5868089 5870136 5875628 5880271 5884028 5888243 5890321 5893068 5898826 5900763 5901447 5902688 5906853 5913813 5915748 5917105 5919709 5921417 5922716 5924859 5926162 5930365 5932724 5934559 5935922 5938642 5942158 5945139 5949810 5951737 5954736 5960342 5962735 5966224 5968084 5969179 5972449 5975241 5979278 5983461 5985381 5986223 5987751 5990766 5992278 5997152 5999030 6001193 6004350 6007097 6009095 6010327 6012684 6015009 6017494 6026129 6027177 6029181 6035235 6045496 6046880 6050673 6052383 6053712 6058974 6060526 6062886 6066995 6070574 6072196 6074619 6075555 6077610 6083363 6084561 6085903 6088437 6091545 6093655 6098303 6101533 6105722 6107473 6110479 6113640 6115440 6116730 6121020 6123160 6123941 6124973 6128292 6129429 6132679 6133819 6136407 6138043 6141044 6142700 6146254 6151535 6153310 6155325 6159495 6165745 6167646 6172812 6174567 6178470 6180815 6181482 6182399 6184177 6185447 6189365 6191314 6193148 6194526 6195727 6196980 6204023 6205472 6206659 6207543 6210702 6213435 6214837 6216642 6218919 6222855 6224280 6231960 6234004 6242033 6245221 6247863 6249729 6252092 6257987 6258853 6260484 6263527 6269831 6271232 6278966 6281062 6284135 6288333 6296438 6298313 6299567 6302720 6305714 6308045 6311212 6313051 6314789 6317576 6322589 6324014 6326933 6328723 6329853 6331217 6332721 6334107 6340625 6344470 6346325 6348163 6349706 6352641 6357173 6363626 6365797 6372389 6373207 6376813 6378275 6382297 6390644 6394261 6395761 6397472 6399060 6402631 6403850 6408517 6411778 6412706 6414136 6415742 6417179 6419167 6420262 6421220 6424662 6426057 6429770 6431279 6434443 6435744 6439128 6439970 6446492 6449078 6451155 6453107 6455597 6459196 6463697 6464857 6467644 6468719 6471282 6473027 6478003 6482622 6484083 6485778 6492799 6495535 6498095 6499462 6502017 6504076 6505311 6507390 6511921 6513925 6515146 6516956 6518206 6519920 6522735 6527559 6530400 6535426 6536734 6540210 6548104 6549098 6550497 6555424 6557129 6563469 6564748 6565798 6568494 6572731 6579449 6581849 6583733 6586514 6591671 6593155 6597776 6600592 6601906 6604911 6606175 6610561 6611232 6613960 6617607 6619981 6623740 6625300 6627622 6629250 6630405 6631453 6633534 6635063 6637650 6639890 6640702 6641747 6642714 6644930 6647974 6649948 6653371 6654092 6655856 6657317 6660869 6664241 6665447 6668378 6669523 6671190 6672063 6673279 6675395 6678206 6679377 6680497 6690213 6691293 6692926 6696121 6697366 6701991 6705142 6705886 6707414 6708024 6710525 6712213 6713566 6719440 6720331 6721563 6723236 6724264 6725424 6726984 6728190 6729099 6731003 6733050 6742185 6743201 6743909 6748096 6749355 6752387 6753954 6756644 6758878 6761260 6762944 6767015 6767667 6768552 6771203 6774772 6775790 6777027 6780402 6783014 6784290 6786484 6788334 6790387 6793655 6798052 6799666 6804034 6807020 6808307 6810392 6815594 6824792 6826440 6830045 6831936 6833613 6837983 6840497 6842389 6845939 6848163 6850920 6851953 6853172 6854259 6860302 6862374 6866447 6869083 6873119 6877459 6880037 6882576 6884462 6886072 6889689 6891201 6894035 6895554 6898433 6904228 6910324 6917204 6919369 6924318 6926406 6931861 6935188 6936299 6937999 6940311 6946001 6946795 6951118 6952865 6955600 6958159 6959316 6960459 6963440 6965314 6967515 6972643 6976601 6979945 6981111 6983135 6986912 6988052 6989664 6990500 6995619 6996551 6998926 7000402 7006889 7008259 7009142 7010511 7014934 7018803 7019711 7022068 7024402 7027834 7029627 7033383 7038509 7046610 7049731 7054366 7060302 7062347 7065579 7069006 7074132 7076524 7079401 7081251 7083407 7086190 7089514 7097322 7100039 7106247 7113318 7114759 7115803 7117629 7118828 7120276 7120954 7123527 7127714 7128719 7135612 7137809 7140789 7142102 7144616 7145875 7148840 7151065 7152578 7154651 7157299 7158352 7160355 7161481 7163005 7165180 7166757 7168718 7173319 7175702 7179059 7182976 7185901 7186598 7187896 7188977 7191358 7192749 7196027 7198589 7207419 7211341 7212795 7214215 7215263 7216810 7224948 7228389 7231038 7232285 7236321 7239312 7243231 7245719 7250392 7251806 7254534 7257664 7261234 7264355 7267521 7268649 7269669 7270459 7271833 7274827 7277942 7282105 7289799 7290813 7296958 7298994 7300967 7301860 7303766 7305779 7306879 7307545 7308766 7311365 7312290 7316212 7318941 7320298 7323742 7325450 7326962 7328737 7331646 7334204 7336544 7338681 7339877 7342226 7344025 7349890 7350805 7357617 7360291 7364308 7367692 7371022 7371994 7374945 7382132 7383391 7386043 7387221 7389208 7391057 7394702 7398637 7400477 7402220 7402987 7406160 7411266 7413972 7416481 7425261 7427876 7429200 7430891 7432619 7441611 7443425 7450348 7452738 7455015 7458182 7461276 7465627 7466943 7469629 7472607 7474069 7474694 7475631 7479066 7479868 7482020 7482669 7485256 7487194 7490590 7504947 7507716 7509357 7510672 7512636 7517724 7520412 7521971 7523880 7527515 7528535 7529929 7537392 7540412 7544749 7547831 7550348 7553993 7559163 7564434 7566367 7569735 7573644 7574695 7579768 7582458 7585859 7589051 7593124 7594211 7596076 7597000 7600915 7602803 7603627 7604524 7606538 7610133 7612499 7623118 7624037 7625932 7627178 7629590 7631230 7633677 7635436 7638290 7641128 7646119 7648195 7652911 7654463 7655298 7657489 7661797 7666477 7668279 7674355 7676477 7679211 7683014 7686706 7689694 7693099 7696350 7702069 7703553 7705897 7708287 7709630 7710650 7714660 7724798 7726919 7732267 7738282 7739216 7741120 7743937 7745722 7747960 7749437 7752685 7754780 7758634 7760856 7766175 7768443 7769876 7771462 7775204 7778167 7780391 7781515 7784088 7785559 7789467 7799619 7802026 7804656 7808807 7810017 7814121 7817587 7822381 7826767 7828592 7829971 7833398 7835555 7845415 7850317 7851300 7853213 7855512 7857760 7865374 7866861 7873048 7874845 7876237 7877533 7881585 7882817 7883577 7886073 7886806 7888368 7892828 7894379 7895924 7897668 7899016 7907649 7915435 7917576 7919998 7922745 7925165 7927681 7929408 7932544 7935161 7936493 7938125 7939609 7943707 7945558 7947391 7950414 7951880 7953605 7956733 7959897 7961398 7962359 7964955 7968174 7971370 7974543 7975877 7978824 7981298 7986706 7988267 7988985 7991335 7992140 7997259 7998659 7999375 8000252 8001127 8003123 8004923 8007217 8009280 8018591 8020427 8026438 8028763 8029982 8031037 8031973 8033803 8039437 8042683 8043886 8045855 8046572 8050915 8052485 8056128 8057303 8060136 8063077 8064528 8065811 8069011 8073077 8074496 8076668 8079156 8080153 8082490 8083992 8086753 8087800 8089323 8092485 8094225 8096312 8098107 8103591 8104662 8105451 8109982 8111853 8113198 8114578 8115989 8117695 8118367 8119848 8121247 8123163 8128561 8129213 8131013 8132265 8133367 8135649 8139562 8145474 8152671 8154032 8159202 8162607 8165698 8169337 8173624 8174634 8177000 8178520 8179699 8182961 8185300 8188441 8192682 8195701 8197494 8198674 8200891 8205121 8205994 8207509 8210810 8215610 8217076 8218682 8222106 8225529 8228809 8233898 8235194 8237604 8239428 8243096 8245070 8254152 8257306 8258274 8259132 8261272 8265017 8267258 8269333 8270561 8272040 8273030 8280284 8283986 8285310 8288285 8289516 8293784 8296023 8299070 8300272 8302152 8304905 8305904 8307400 8310985 8314879 8323277 8325446 8327338 8329260 8336256 8338475 8342667 8346308 8356391 8360928 8362093 8363447 8364648 8369329 8372309 8374778 8377633 8380353 8382155 8383277 8387593 8389769 8391330 8393799 8397369 8399436 8404866 8406520 8408939 8411605 8414620 8416562 8418686 8422155 8426558 8433051 8434391 8435471 8439759 8442300 8443712 8445238 8448783 8450920 8454875 8456035 8458039 8462533 8464913 8467695 8469622 8471518 8472744 8473857 8475581 8476511 8478807 8480140 8482627 8487802 8489174 8493075 8494390 8496453 8497643 8500980 8502113 8506342 8507288 8512426 8516828 8518530 8519412 8524335 8525593 8528855 8534883 8536276 8537887 8540790 8544600 8552083 8553832 8555884 8561377 8564277 8567175 8569215 8571392 8579249 8582858 8587261 8588822 8592243 8593529 8595113 8597770 8598859 8600530 8603923 8608453 8609548 8612450 8617145 8618940 8623086 8624626 8625479 8626660 8627978 8635395 8638438 8641852 8644496 8646363 8650261 8651254 8652260 8653115 8655076 8657101 8659596 8660300 8661423 8666886 8667704 8669353 8672235 8674322 8678709 8682309 8683914 8686006 8687286 8688267 8693455 8698776 8700726 8704194 8707094 8710541 8711604 8712651 8714082 8716007 8717281 8718813 8724672 8727832 8729899 8731627 8734632 8735412 8738776 8739876 8741250 8742224 8746458 8748039 8753422 8754936 8756868 8760414 8761516 8765912 8768814 8769632 8772050 8788284 8789441 8790519 8792428 8793622 8795102 8801924 8803189 8806304 8810055 8816740 8818328 8821800 8824039 8825340 8828960 8830690 8833322 8836503 8837851 8840910 8842974 8849922 8850792 8854817 8857657 8860749 8862208 8863106 8864064 8865171 8866294 8868528 8870198 8872979 8874539 8875487 8879889 8881150 8886545 8888764 8890306 8891766 8893322 8895373 8897197 8898913 8901104 8905092 8908302 8911869 8912444 8914274 8916337 8918206 8921077 8925025 8927573 8928479 8931970 8935525 8936815 8940446 8943200 8944770 8949154 8958860 8960385 8962099 8964742 8966108 8972306 8975457 8978130 8979906 8980812 8983995 8986462 8987500 8990537 8991762 8996221 8997393 9000462 9002563 9003957 9004771 9006892 9010741 9013867 9017593 9023731 9024486 9027155 9028632 9030787 9031635 9034485 9036598 9038461 9039463 9040704 9046176 9048701 9054266 9056629 9058136 9060070 9060844 9061800 9065185 9068201 9071099 9076002 9081609 9084737 9087558 9090513 9093623 9095042 9096740 9099584 9101438 9104630 9106387 9111092 9112485 9113928 9115289 9116384 9117486 9120295 9123353 9124401 9128173 9130103 9133784 9140649 9142853 9145986 9149540 9151349 9152072 9153768 9158821 9162620 9168913 9173767 9177661 9179099 9182367 9187731 9189124 9190182 9192768 9195493 9196502 9197757 9199678 9201280 9203142 9204142 9205120 9209201 9212678 9214124 9215853 9219518 9223774 9231268 9236609 9237469 9245080 9250147 9254784 9257031 9258960 9262598 9264663 9268186 9269503 9271071 9276364 9279454 9281856 9285454 9286955 9288943 9290652 9291978 9292914 9294954 9296891 9297689 9302012 9306184 9307156 9308445 9310726 9313583 9318394 9320015 9324188 9326513 9327920 9337892 9346634 9351173 9353139 9354694 9361102 9362635 9364663 9369626 9373922 9375407 9377464 9378272 9379113 9380221 9382058 9384682 9385932 9391912 9394043 9395334 9397121 9403804 9406807 9409492 9410828 9412151 9414924 9417827 9420013 9423703 9425233 9426948 9428035 9432762 9435695 9437747 9438978 9443440 9447518 9449912 9451302 9452315 9455238 9458886 9460053 9461482 9463243 9464077 9465113 9466449 9468059 9469548 9471028 9473374 9475830 9479987 9482858 9487410 9489074 9491127 9493582 9496406 9500324 9506825 9508049 9510270 9511438 9516594 9519377 9521019 9523537 9529044 9531441 9533108 9536578 9537868 9543036 9544849 9547047 9547865 9548898 9551375 9557143 9559389 9560397 9561350 9562937 9567960 9570465 9571609 9576286 9577408 9582275 9583432 9584939 9588212 9592082 9594121 9597964 9598625 9599703 9602843 9605277 9610053 9613882 9616160 9617355 9619305 9620733 9622749 9624172 9631350 9632546 9633715 9635478 9636416 9645303 9650111 9651637 9657199 9659257 9661796 9663223 9664246 9672691 9673582 9675090 9678008 9679295 9683104 9684119 9685668 9687057 9688534 9689968 9691274 9694849 9695965 9697141 9698989 9703594 9712399 9713862 9715792 9721322 9734707 9735462 9738498 9740015 9741037 9746555 9747880 9749084 9753291 9755112 9757948 9759085 9760369 9761475 9763440 9764782 9765637 9767354 9768753 9777157 9778601 9784597 9786516 9789332 9798599 9800143 9802636 9803497 9808460 9809893 9813090 9814636 9815983 9817880 9821890 9824433 9826201 9830852 9840330 9841240 9843000 9848665 9851058 9854344 9855638 9858607 9860544 9862053 9865438 9868010 9876554 9878220 9881305 9887840 9889461 9892098 9893146 9894493 9903283 9904085 9906675 9915354 9916932 9918600 9925978 9929481 9932543 9936592 9939032 9942725 9945421 9946491 9949034 9951019 9953714 9959314 9962931 9966393 9968482 9974217 9975496 9981914 9982619 9983910 9984977 9987944 9990911 9992863 9996828 9998467 
</Matrix>
<Matrix name="Neuron_717" type="complete" rows="1" columns="5997" multiplier="1.0">
   1258 2259 3803 5856 8366 9376 11222 12021 13231 14544 15436 16561 18015 18687 20001 21121 23404 24618 25737 26845 27930 30106 31679 33877 34744 36484 39300 40876 42895 43792 44577 46715 48238 49023 50157 51114 52041 52918 54498 55497 57452 58951 60682 61819 64439 65323 66718 68697 70139 72924 74135 76789 79666 80588 82073 83018 83990 85459 86173 88073 88978 89580 90359 91557 92595 93824 95258 96937 98333 99341 100234 101386 103050 103767 105802 107668 112182 113382 113986 114797 115439 117761 118583 119492 120301 121395 122773 124035 124989 125920 127114 128959 129771 131169 132051 132848 134166 136546 138010 139169 140279 140915 144372 147703 148312 150454 151940 152902 154601 155343 157158 159368 160751 161978 163372 164302 165823 167238 168884 169447 170956 171658 174360 176152 177001 178416 179804 180785 181896 182876 184187 185875 188775 191896 193696 196131 196950 198591 200569 201608 202355 203011 205010 207024 207920 209864 210683 211634 212674 213460 215442 218346 219959 220838 222032 223839 224512 225257 226464 227740 229996 231055 231773 237799 238433 239071 241117 244320 245848 247743 249110 252610 255670 257521 258027 259202 261297 263839 264856 266442 267353 268783 270746 271545 274941 277622 278645 279862 283483 285239 287255 290262 292778 294360 295553 296853 299530 301392 304704 305940 310068 310934 312692 314108 316431 319069 321215 322265 325967 327370 329022 331380 333030 334499 335197 336191 337744 344351 346371 347745 351121 352056 353302 354841 356855 358306 359744 361285 362059 364116 365519 367060 368566 369711 370351 371439 372547 375890 377747 379804 381200 384749 386209 387433 388766 393611 394709 395461 396937 398384 404484 406781 408562 409319 411794 412567 413437 413957 415631 416210 417018 418373 420192 422921 424079 425288 426129 430552 433240 434053 441095 442250 446424 449990 451270 452447 453693 455697 456831 457991 459092 461680 462573 464201 465647 467113 470436 471311 472879 479462 481234 483578 484514 486440 489504 490633 492169 493152 494073 496336 497148 498960 503925 505862 507345 510228 511066 511780 513947 515528 516409 518869 519987 521163 523671 524798 526466 527688 529487 530521 531013 532360 535472 537424 538004 538822 539601 541389 543578 544948 547705 553058 554255 556190 557103 557899 559152 561233 562933 564208 566664 567969 568666 569699 571807 573324 575982 576665 579086 580406 582729 584810 585742 586774 587836 589251 591126 596233 596931 598514 599616 601097 602194 605642 606411 607330 608179 609650 613568 614288 615195 615989 619017 621222 622221 623315 625059 626154 626927 629359 630281 633885 635566 636731 638926 640040 641234 641877 642545 645886 647962 649331 653936 654878 656005 658162 661212 663716 664293 666972 669385 671233 672650 673915 675205 677777 678919 680319 681064 682042 683026 685008 685819 687463 688205 690215 693214 694297 695467 696683 699451 702803 705490 707708 710290 714338 716713 719116 721740 722973 725499 726436 727634 728907 729886 730934 733032 733547 737565 740659 741378 742857 743819 745027 746121 747166 748450 749663 751388 753079 754201 754865 756281 757001 757996 758899 760922 761832 763369 767228 770013 772586 773558 774591 776545 777426 779302 780211 784749 787333 789592 790683 791861 792798 796090 797355 799853 801388 802963 805265 806310 807212 808683 810404 811740 814229 816153 819258 820219 822485 823162 824867 826100 826995 828310 829960 830999 833443 835952 837004 838323 842689 844478 846406 848001 849108 851595 853911 855349 856046 856771 859132 860393 861626 864978 866254 867761 869099 870700 874696 875914 877204 881425 886972 888218 889718 891939 892609 895214 895905 896275 897734 899215 902392 906317 907170 907814 910156 914316 916181 918367 921432 922537 926880 927849 928881 932232 932945 936573 937968 938763 939924 941622 942560 943402 944542 946013 946926 947977 950840 951937 954034 956084 957199 958234 959001 960363 961322 962366 964535 967747 968430 971502 972490 974592 975461 976564 977412 979513 981469 982452 984029 984781 988019 991070 991961 994767 996430 997280 998073 999354 1000437 1001193 1002476 1003614 1004402 1005638 1006640 1011004 1012080 1013183 1014000 1016216 1017466 1018589 1020339 1021157 1025962 1029207 1030049 1031057 1032012 1035342 1036531 1038003 1041008 1042014 1044437 1045827 1047943 1049361 1050112 1051340 1051980 1054245 1054891 1057170 1058180 1058892 1060551 1063275 1066964 1068654 1069283 1073257 1077304 1080113 1081578 1082313 1083262 1084061 1085796 1088801 1090090 1091409 1092516 1094212 1095477 1096644 1097420 1099009 1101273 1102484 1103084 1104023 1104853 1105585 1107144 1111131 1113895 1115925 1119259 1120362 1123248 1124589 1125642 1127487 1128903 1129951 1131153 1132303 1134100 1134871 1136066 1137990 1138914 1140585 1141352 1142857 1144352 1145341 1146066 1147096 1148065 1148797 1150201 1151154 1152094 1153103 1156119 1158905 1159563 1162919 1164724 1166433 1167197 1170148 1170955 1172189 1173204 1173721 1174736 1177382 1178918 1180348 1181752 1185256 1185861 1188114 1189957 1191182 1194250 1196585 1198305 1200059 1200841 1202035 1202738 1203706 1204786 1207069 1208349 1209309 1213003 1213930 1215177 1216080 1218484 1219446 1221459 1223383 1225002 1226397 1228069 1229705 1232092 1233438 1234900 1236406 1237910 1240147 1241381 1242972 1244234 1245252 1246962 1249473 1250134 1251206 1252038 1252609 1253992 1255662 1257811 1259217 1260227 1261539 1262253 1263497 1264358 1266552 1269421 1271658 1273530 1274729 1275726 1276416 1278861 1279911 1280868 1282496 1283547 1285617 1286556 1287336 1288347 1290329 1292353 1293480 1294706 1296878 1298530 1300159 1301606 1303379 1304898 1305684 1308828 1310535 1311658 1312538 1314809 1315535 1318106 1319723 1320988 1325199 1326379 1328914 1330205 1334283 1334886 1335727 1337396 1339641 1344025 1345103 1346681 1347408 1347855 1349704 1352336 1353113 1354152 1356187 1357334 1358654 1361554 1362936 1364173 1365743 1367950 1369441 1370547 1371688 1372649 1374129 1374689 1375453 1377372 1379404 1380797 1383611 1384185 1385606 1386436 1388504 1391978 1392960 1395043 1395889 1397209 1399836 1403824 1404926 1405845 1408251 1409295 1409938 1411884 1413395 1414186 1416695 1418334 1419781 1420689 1422358 1423892 1425461 1427263 1428626 1429645 1430778 1431342 1433461 1434445 1437190 1439177 1439990 1440984 1442457 1444554 1446526 1447998 1450176 1451328 1454584 1455706 1456933 1458004 1459047 1461728 1462752 1463751 1465250 1466794 1469287 1470619 1473742 1474801 1475622 1476268 1477891 1479177 1480244 1482185 1484271 1485591 1486744 1489769 1490441 1491126 1493575 1496065 1497291 1499541 1500739 1501720 1504343 1506787 1507696 1513396 1516020 1516898 1518850 1524603 1526231 1527328 1528408 1529702 1537774 1539452 1542127 1542863 1543628 1544658 1545472 1546282 1547872 1549048 1549605 1551099 1552155 1553974 1557265 1558524 1559780 1562092 1562911 1564529 1565314 1565861 1566892 1567965 1569246 1571960 1572628 1573793 1575757 1576446 1577085 1578840 1580460 1581502 1582617 1586474 1587386 1589650 1591326 1592591 1595831 1598215 1599329 1601309 1602759 1603905 1605808 1608504 1609675 1610738 1613459 1616040 1617787 1618588 1620048 1621332 1623133 1625415 1626642 1628508 1630448 1632156 1633855 1634952 1635841 1637219 1639022 1642164 1644155 1645924 1646930 1648196 1649544 1651440 1655064 1656522 1658159 1658855 1659844 1660712 1661865 1663137 1663876 1664864 1665887 1666613 1668138 1668833 1669511 1670975 1671681 1672492 1673818 1674994 1675995 1676954 1678418 1680631 1682553 1683473 1684685 1686027 1686684 1687710 1689620 1692515 1693386 1695487 1697368 1700246 1700895 1702367 1705233 1706286 1707213 1707844 1710316 1711479 1712975 1714511 1715359 1716649 1719185 1720191 1721064 1724029 1727561 1728757 1732420 1733633 1735608 1736493 1737377 1738485 1741206 1742554 1744206 1745502 1746492 1748592 1749583 1750566 1751511 1753151 1754583 1756053 1756951 1758041 1759442 1762919 1764557 1767182 1768033 1771074 1776578 1777452 1779087 1781747 1783445 1784294 1785515 1787147 1790014 1794793 1796475 1798188 1798960 1801007 1802867 1805237 1807458 1810442 1814874 1815477 1816422 1817379 1819299 1822413 1823223 1826430 1827768 1828386 1829709 1831722 1832797 1833658 1836084 1837485 1838326 1841757 1842611 1843951 1846127 1848072 1848652 1849691 1850874 1852727 1855851 1859513 1860434 1861306 1865009 1866109 1867716 1868675 1871857 1874584 1877870 1879496 1880395 1881439 1882274 1883995 1884646 1886678 1889119 1892539 1895192 1896143 1899079 1902702 1903598 1905871 1909386 1910245 1911477 1912164 1913659 1915058 1915816 1916393 1918533 1919580 1920384 1921400 1922710 1923684 1924587 1925697 1926708 1927527 1929182 1930151 1931053 1932369 1933716 1935475 1938918 1939538 1940452 1941263 1942195 1944973 1947311 1948639 1950846 1952294 1956013 1960321 1962446 1964419 1965921 1968354 1969481 1970528 1972014 1972987 1974727 1977953 1979463 1980584 1986465 1987233 1988292 1992444 1995294 1996272 1998747 2003088 2004286 2005280 2008119 2009589 2011208 2014857 2016782 2017552 2018796 2019768 2022042 2023131 2023979 2026067 2026936 2028271 2029240 2030344 2031869 2032728 2034528 2035685 2037317 2038311 2040358 2042250 2043401 2045593 2046281 2047629 2049073 2049971 2052089 2054180 2054980 2056153 2058819 2059682 2061491 2062934 2063848 2064597 2066857 2068163 2069150 2071458 2073356 2074645 2075488 2076503 2078532 2079755 2082719 2084146 2085711 2087481 2088765 2090288 2092503 2093583 2094337 2096769 2098349 2099759 2101691 2105522 2107717 2108886 2110252 2111596 2112854 2114900 2115710 2116736 2117525 2121484 2122457 2124236 2125116 2129745 2130619 2134276 2135322 2136350 2138983 2139784 2140946 2141784 2143164 2143992 2146940 2148161 2150801 2152685 2153767 2155933 2156652 2157645 2159524 2162160 2162757 2164702 2165472 2166907 2168122 2170554 2172920 2174898 2176419 2178055 2179705 2180921 2182368 2182822 2184979 2186563 2189351 2190657 2194478 2195311 2196218 2198828 2203214 2205462 2206480 2207892 2210114 2210669 2211948 2214427 2216049 2217828 2218813 2219575 2220857 2223098 2223880 2225354 2226216 2227397 2228468 2229419 2230723 2233032 2235262 2239466 2241057 2242693 2244669 2246807 2247989 2249484 2250400 2252831 2254104 2259077 2260749 2262290 2264970 2265681 2267696 2270001 2275603 2277529 2278267 2279643 2280838 2283118 2283873 2285647 2286642 2289445 2290358 2292353 2293515 2294694 2297047 2298371 2299353 2300786 2301393 2302655 2304138 2307477 2309566 2311754 2312615 2313730 2314943 2315447 2318340 2320064 2322162 2324072 2328209 2331911 2333712 2334647 2335453 2336450 2338070 2339632 2341477 2342868 2343801 2345498 2347708 2348408 2349408 2350289 2351929 2352527 2354233 2354995 2356574 2358643 2359808 2361239 2362493 2363345 2365970 2367004 2368416 2369255 2373084 2373860 2377177 2378535 2379200 2380648 2381845 2382953 2383569 2385811 2387070 2387767 2388798 2389889 2391445 2394511 2395746 2396437 2399021 2400948 2401683 2404580 2406237 2407060 2410966 2412035 2413228 2415955 2417853 2420405 2421679 2422653 2424082 2424644 2425484 2426603 2428071 2430059 2433772 2434366 2435360 2436624 2439051 2440018 2441113 2442781 2443687 2444926 2445593 2446300 2447218 2449351 2451648 2452811 2456169 2457138 2458821 2459784 2461995 2463048 2464114 2465025 2465699 2466626 2468949 2470748 2471781 2474427 2475924 2477786 2481230 2482830 2483566 2485878 2486588 2489020 2491253 2492815 2494481 2496070 2497193 2497943 2498990 2499653 2500520 2501516 2502285 2503715 2505497 2506079 2507505 2510583 2512045 2513089 2514532 2515728 2517415 2519355 2521442 2522986 2523890 2526823 2527900 2531287 2532930 2535449 2536833 2537741 2539264 2540873 2541415 2542094 2543274 2549142 2551739 2552935 2554158 2556271 2557683 2560135 2561862 2564467 2565851 2567191 2568769 2572801 2573928 2574679 2577066 2577764 2578968 2579839 2582867 2585435 2586748 2587882 2588566 2591247 2592509 2593390 2594397 2595697 2596762 2598930 2601101 2602067 2602919 2603635 2605001 2607199 2608884 2610185 2611304 2612548 2614305 2616523 2618944 2619716 2621219 2622199 2624284 2625736 2626786 2628773 2629422 2632387 2633190 2634319 2635559 2636988 2637995 2638576 2639747 2641023 2642555 2644692 2646907 2649409 2652745 2654792 2656669 2659442 2660030 2663025 2664782 2666392 2667952 2668603 2671122 2672097 2673234 2674696 2677106 2678745 2679841 2684035 2685723 2687167 2689400 2692261 2693453 2694652 2696453 2698231 2700549 2702082 2703002 2707976 2709864 2710774 2713535 2715637 2720648 2721797 2724584 2725986 2727361 2729114 2730087 2731246 2732361 2733537 2736261 2738828 2739482 2742048 2744331 2745080 2745978 2747251 2749528 2750975 2752150 2753300 2754225 2755607 2757098 2760534 2762860 2764821 2766717 2770670 2772169 2772815 2774095 2776083 2777007 2778414 2779997 2780882 2782093 2784078 2784845 2785989 2786870 2788078 2789247 2791415 2794446 2795857 2797064 2798206 2799233 2799842 2801538 2802967 2804475 2805164 2808708 2809677 2811841 2812696 2814148 2815625 2817472 2820322 2822483 2823570 2825158 2826309 2828531 2829409 2831519 2832588 2834660 2835730 2838317 2839767 2841607 2843965 2846545 2847597 2849220 2849651 2850691 2851766 2852962 2858468 2859094 2859928 2860869 2862843 2865371 2866184 2872401 2873453 2875461 2877479 2878990 2880044 2880678 2886574 2887257 2887952 2888983 2890372 2891380 2894350 2896636 2898010 2899628 2900838 2906303 2907518 2908873 2910936 2913291 2917128 2918338 2922032 2922702 2923795 2924700 2926537 2929708 2932111 2933033 2934452 2937234 2941005 2944529 2947216 2948491 2948961 2951174 2954321 2957093 2958171 2958981 2962694 2965671 2967477 2968809 2969677 2971439 2973880 2975277 2977098 2979399 2980650 2982380 2983243 2984167 2984931 2986571 2989391 2991689 2994049 2994974 2995902 2997162 2999095 3000465 3002365 3003759 3004641 3006581 3007899 3009551 3010315 3011391 3016703 3019043 3022269 3027563 3029165 3031215 3032216 3035327 3036880 3038735 3040398 3042040 3045364 3046418 3047921 3049994 3052178 3053346 3054472 3055544 3056857 3057915 3060289 3061120 3062031 3063616 3064455 3065353 3066986 3070581 3071847 3073243 3074243 3075804 3077032 3077731 3079188 3079700 3080287 3082475 3084013 3085091 3085964 3087649 3090875 3091917 3096055 3096875 3097596 3098780 3099474 3101766 3102509 3104484 3107572 3108582 3109723 3111088 3112064 3114683 3117993 3119281 3120173 3122573 3124313 3124992 3125993 3128536 3129700 3130359 3131819 3134263 3135903 3137309 3138059 3138821 3141178 3141866 3143888 3146212 3147982 3149172 3150078 3153958 3155273 3156511 3159270 3160484 3162719 3163670 3165487 3167720 3169199 3171357 3172140 3173117 3176531 3177832 3182052 3184156 3185332 3186691 3187510 3188936 3191237 3192171 3193266 3194073 3195183 3196327 3197240 3198174 3199074 3201834 3202409 3207274 3208132 3210008 3210771 3212962 3214266 3216004 3216496 3217957 3218702 3219905 3221944 3223955 3225492 3226672 3228230 3229660 3230378 3231923 3232953 3234934 3236088 3238067 3239700 3241044 3241793 3243519 3244228 3245008 3246954 3248706 3252474 3253783 3254561 3255616 3256909 3259259 3261718 3264513 3265564 3267232 3268646 3272640 3273514 3274890 3276687 3279143 3281628 3283288 3284204 3285299 3286567 3288213 3289280 3290489 3292059 3294054 3295398 3297903 3299136 3302509 3305879 3306922 3308950 3312023 3314036 3315856 3316949 3318589 3320906 3323506 3325240 3326979 3329449 3331627 3334363 3335145 3337559 3338468 3340454 3343294 3349797 3350917 3352057 3353478 3354554 3355365 3356781 3357970 3358625 3360869 3362525 3363090 3364489 3366125 3368219 3370327 3372160 3373258 3374564 3375630 3377063 3378857 3379976 3381414 3383455 3384389 3385555 3386468 3388278 3389695 3391751 3393011 3394797 3396509 3400284 3401620 3402155 3403789 3406415 3408762 3410531 3412688 3413370 3416626 3418118 3419193 3420006 3423038 3427358 3428707 3430197 3432274 3433459 3435589 3438019 3439149 3440303 3441850 3443540 3446796 3447533 3448478 3450057 3451705 3452565 3456599 3458041 3458965 3459681 3460538 3462024 3463822 3464413 3466169 3468357 3470178 3471326 3472592 3473685 3476783 3479765 3481175 3482132 3483402 3485889 3488201 3490645 3491831 3493119 3495607 3500047 3503185 3505859 3506560 3508163 3509189 3509965 3510701 3512516 3513084 3514847 3515873 3517549 3519205 3520764 3521498 3523018 3525142 3529866 3530614 3533819 3534620 3535402 3535947 3537855 3538600 3539382 3540205 3542420 3543346 3544022 3545094 3547265 3550173 3551537 3552817 3556298 3557593 3559617 3564623 3565429 3566704 3567989 3569943 3572943 3573644 3574448 3578431 3579501 3580670 3581332 3583184 3584270 3585661 3587637 3588990 3591514 3594394 3597609 3598546 3599512 3600318 3602778 3603384 3604990 3605893 3608699 3611174 3611560 3612984 3613739 3615297 3617698 3620547 3621708 3622760 3623890 3625055 3628525 3631944 3633242 3634388 3634931 3635953 3638635 3640279 3641716 3642936 3643852 3644516 3645365 3647362 3649987 3652676 3657294 3657854 3659605 3660847 3661660 3662787 3666673 3667844 3669173 3670042 3672504 3674026 3675108 3678000 3678506 3679716 3681084 3682065 3682706 3684919 3686707 3690422 3691891 3692864 3693756 3694771 3696898 3698212 3702060 3703941 3706535 3707661 3709233 3710586 3712438 3713169 3713857 3717422 3718093 3720816 3722715 3724094 3724829 3726201 3728459 3730508 3731686 3733195 3734574 3737624 3738801 3740064 3741157 3742427 3743800 3745695 3747023 3749171 3750951 3751525 3752420 3754772 3756048 3756743 3757779 3759029 3760435 3762237 3764818 3766277 3768906 3770382 3771348 3772186 3774046 3775161 3775891 3778412 3779558 3780563 3781435 3782119 3784534 3785688 3787629 3789045 3792841 3794642 3796784 3798059 3800485 3802829 3806042 3808243 3811738 3812684 3814728 3816144 3818640 3819506 3820076 3821172 3822641 3823452 3824765 3827105 3829056 3830216 3831271 3833004 3835527 3836524 3837525 3838656 3839863 3841775 3846138 3847019 3847811 3849105 3850491 3852242 3853314 3854440 3855142 3856649 3858583 3860519 3861870 3864113 3865435 3866406 3867665 3869944 3871010 3873020 3873686 3874440 3878135 3879282 3880478 3881288 3882258 3887079 3892062 3893276 3896034 3901229 3903512 3904526 3905946 3907134 3907876 3911454 3913131 3914220 3919736 3920477 3921839 3922980 3925581 3929834 3932202 3933820 3935240 3937159 3938171 3940403 3941366 3942426 3944141 3946445 3948325 3949143 3952179 3954421 3956455 3958409 3959058 3960083 3961501 3962118 3964083 3965542 3967219 3968409 3971489 3973594 3976121 3976960 3977913 3979760 3980616 3983170 3984968 3985878 3987702 3989157 3991075 3993409 3994385 3995372 3996766 3997475 3999248 4000856 4001944 4005927 4007233 4008705 4009798 4011568 4012253 4014546 4020216 4021501 4022666 4023748 4024594 4025992 4026571 4027791 4029353 4030260 4032276 4033340 4035415 4036144 4037256 4038134 4040338 4041510 4043811 4046120 4047964 4052781 4053977 4054543 4055039 4057668 4059121 4061160 4063678 4065240 4067240 4068497 4069693 4071175 4073117 4073796 4075286 4076698 4077911 4081612 4086454 4087351 4089235 4091821 4092647 4094475 4096334 4097260 4099071 4100210 4101530 4109304 4111110 4113472 4114780 4115430 4118347 4118949 4120497 4121944 4122932 4124859 4126916 4128040 4129553 4131548 4133470 4134720 4135828 4136519 4137396 4140183 4141770 4142621 4143896 4146764 4148237 4150781 4151855 4152595 4153371 4154717 4155541 4157410 4158990 4161080 4162367 4163634 4164321 4165504 4166966 4169843 4170525 4172157 4174435 4175524 4176351 4177518 4178586 4179573 4180858 4183340 4185340 4186173 4187833 4191120 4193200 4196067 4197236 4198163 4199165 4200910 4201946 4204629 4207142 4208074 4211530 4212232 4215867 4216498 4217312 4220075 4220856 4221476 4222330 4225091 4226056 4227299 4229838 4230625 4233089 4234280 4235497 4236973 4239236 4241432 4242808 4244940 4249325 4251537 4254785 4255672 4257450 4258541 4260196 4264005 4267398 4268431 4269348 4270562 4271939 4273025 4273790 4275101 4275862 4277100 4279637 4281594 4283238 4284575 4286512 4287822 4290203 4291152 4292363 4293813 4295519 4296938 4298856 4299675 4302415 4303108 4304570 4305847 4307073 4307782 4310089 4310951 4316341 4318504 4319646 4321002 4322512 4325580 4327842 4329079 4330451 4330963 4334878 4336197 4337063 4337709 4340164 4340782 4341409 4344587 4348552 4350222 4351137 4352146 4354817 4355870 4357583 4358561 4359702 4362170 4363963 4368616 4369397 4372126 4373517 4375448 4377507 4378109 4379110 4380320 4381283 4384567 4385644 4388632 4390251 4391425 4393769 4394758 4398158 4399733 4401375 4402356 4403528 4406796 4407348 4408808 4410145 4412893 4414346 4416470 4418036 4422264 4424000 4425108 4426528 4428305 4429828 4431547 4432685 4439546 4440721 4441287 4442077 4442908 4445363 4446963 4448284 4451107 4452971 4453968 4454888 4457392 4459759 4460478 4463404 4464316 4465633 4467141 4470345 4472713 4473783 4475057 4478825 4479839 4480696 4481596 4482527 4485146 4486197 4487263 4488448 4490106 4492248 4493349 4494932 4495670 4496558 4497228 4497975 4498994 4500782 4503537 4505234 4508072 4509372 4512817 4514211 4515047 4516715 4518011 4520872 4523599 4529465 4530276 4531172 4533123 4534100 4534784 4535919 4536954 4539948 4541563 4542671 4543327 4545233 4546576 4548822 4549927 4550621 4551607 4552746 4553396 4557058 4560962 4562313 4562972 4564007 4565247 4566605 4567620 4568869 4570996 4573054 4574501 4576833 4579624 4580364 4581726 4583171 4584255 4584939 4587114 4589285 4590929 4592122 4593182 4594803 4596024 4596775 4598162 4601109 4602313 4604979 4605752 4607475 4608240 4609206 4610733 4612210 4613998 4615352 4617160 4618297 4622000 4624871 4626208 4628163 4631658 4633676 4634910 4635669 4636405 4638516 4640775 4642774 4643997 4644750 4646899 4648549 4649239 4650032 4650995 4652037 4653334 4654457 4656232 4658424 4659896 4665761 4667131 4669884 4671112 4671744 4672888 4674733 4679286 4681240 4682908 4685447 4689235 4691666 4692589 4695706 4697775 4699468 4700703 4701698 4702523 4703363 4704900 4706051 4708313 4712607 4713832 4715199 4716910 4718300 4719871 4720855 4722035 4725860 4726662 4730100 4732264 4734309 4735529 4736601 4738940 4739711 4742246 4746561 4747561 4748763 4751599 4754259 4755662 4756224 4757345 4758250 4759213 4762692 4764404 4765254 4766509 4767494 4768420 4773555 4778888 4779748 4781747 4785047 4786249 4787154 4791023 4792651 4794729 4795986 4797146 4798257 4799155 4802126 4802752 4803425 4804270 4805108 4806091 4806982 4808428 4809875 4810477 4811791 4813308 4814084 4816339 4818163 4819333 4821120 4822327 4823269 4824081 4825079 4827915 4828759 4829908 4832075 4833023 4833956 4835445 4836086 4837182 4839807 4842575 4843832 4845412 4847018 4847964 4850008 4851960 4852995 4855405 4856875 4858265 4859462 4860838 4863593 4865600 4867601 4869668 4872088 4873423 4875321 4876173 4877176 4879370 4880228 4881556 4882323 4883107 4884116 4885186 4886092 4887626 4889164 4891056 4891987 4893028 4897575 4899165 4900892 4902140 4906646 4908694 4910330 4912921 4913640 4916632 4918022 4918801 4919695 4921236 4922064 4923678 4925166 4927281 4929303 4930896 4931786 4936548 4942108 4943896 4945223 4947092 4949234 4950597 4952557 4954669 4955960 4958019 4958950 4959903 4960604 4961494 4962369 4964761 4966902 4967806 4968706 4970055 4970705 4971307 4972792 4975331 4976709 4978353 4979538 4980241 4981921 4983035 4984192 4985332 4986975 4989250 4989971 4990901 4991896 4993366 4994447 4995149 4997085 4998220 4999398 5002666 5004021 5005824 5006687 5007831 5010121 5011127 5012440 5013543 5014955 5015718 5016830 5019729 5021039 5022721 5023645 5024471 5027939 5028969 5030050 5031315 5033869 5036799 5041022 5042900 5044040 5045548 5049873 5051122 5052129 5054922 5055544 5056092 5057694 5058220 5060018 5061042 5062203 5063227 5064544 5068936 5070478 5072315 5073670 5075687 5077232 5078650 5080842 5081902 5082614 5083656 5085564 5086142 5090528 5091562 5093239 5094082 5094589 5098024 5099920 5101701 5102883 5105278 5105992 5108723 5109684 5111406 5115136 5116372 5117713 5118820 5119608 5120645 5121653 5124414 5125279 5126271 5130320 5132953 5134701 5135653 5136321 5136802 5137913 5138528 5139197 5140876 5142561 5143336 5144374 5146288 5147872 5148737 5151780 5154135 5157872 5158877 5159564 5160819 5162921 5164003 5166190 5167165 5169231 5170152 5171606 5173117 5177659 5178721 5179214 5179821 5181035 5183657 5185974 5186588 5188226 5189003 5190080 5191703 5193954 5197899 5198946 5199853 5201370 5202114 5203448 5204139 5208151 5209912 5211130 5212490 5213105 5214280 5216486 5217213 5218487 5219674 5220805 5222273 5223471 5225385 5227135 5229137 5232760 5233570 5234742 5236067 5238166 5239065 5240538 5244826 5245953 5247455 5249195 5249870 5251406 5253510 5254803 5255852 5256335 5258526 5259903 5262223 5263673 5265323 5266588 5269027 5270833 5273053 5274271 5275906 5279228 5280252 5280930 5284571 5288019 5291343 5292455 5293615 5296030 5296868 5299891 5300870 5303070 5304189 5305513 5306244 5307078 5308598 5309372 5310605 5312383 5315702 5316436 5318474 5320117 5321319 5322350 5323969 5325884 5326341 5326990 5328053 5330290 5332481 5334705 5336445 5337823 5338564 5339590 5342449 5344196 5345602 5346653 5347627 5348239 5349267 5353146 5355749 5356994 5357629 5360183 5361496 5365123 5366298 5367517 5368811 5370858 5372135 5372907 5375853 5376593 5378260 5380632 5383725 5385166 5386180 5387138 5389745 5391800 5393497 5396803 5397262 5399431 5401394 5402528 5405057 5406375 5407155 5411068 5412458 5416225 5418009 5419009 5420443 5421658 5423625 5424502 5426853 5428416 5429240 5430058 5430995 5432432 5433784 5435734 5436441 5438913 5440414 5442969 5443730 5444619 5446989 5447611 5448909 5450116 5451516 5452401 5454885 5458249 5459856 5463529 5464719 5466710 5468397 5470472 5472232 5474200 5474989 5476229 5478133 5479702 5481185 5482540 5483373 5484642 5486187 5487306 5489261 5490073 5491581 5492326 5493578 5495209 5497408 5499097 5500807 5502642 5504889 5506103 5507955 5509284 5509856 5512782 5513966 5515236 5516598 5517549 5518594 5520499 5522380 5525039 5526624 5528663 5530197 5531334 5532809 5533425 5537513 5539029 5540520 5541323 5542399 5544011 5544617 5545754 5547063 5548499 5549767 5550491 5551735 5552724 5554200 5555208 5556333 5557837 5558526 5560543 5562512 5564012 5567059 5567718 5569687 5570792 5572049 5573873 5575887 5576574 5578588 5581944 5582847 5585708 5587758 5590244 5591109 5593228 5594540 5595420 5597216 5598956 5599771 5600350 5601372 5603419 5604818 5606083 5608394 5610689 5611552 5613368 5615802 5618470 5619426 5620565 5621401 5622132 5623347 5624610 5629821 5632227 5633190 5634290 5635454 5636336 5638650 5639884 5640911 5641938 5643561 5645653 5646431 5647610 5648460 5649392 5650526 5651066 5652069 5654407 5655633 5656338 5658029 5658636 5659870 5661131 5662025 5662854 5664112 5666008 5668482 5669580 5670571 5674538 5675603 5678277 5679108 5680966 5682405 5683142 5684379 5687645 5690715 5693112 5694109 5694910 5696900 5697890 5699199 5699961 5701531 5703755 5704761 5706262 5709375 5712552 5713565 5714372 5715909 5719013 5721010 5722993 5724551 5727157 5728772 5730088 5731880 5739584 5741937 5742586 5744692 5745971 5747259 5748894 5750983 5752179 5753134 5754936 5756076 5757229 5758012 5758893 5760470 5761517 5763263 5764967 5765791 5767000 5770323 5772506 5773577 5775229 5776833 5778067 5779553 5780716 5782400 5784285 5785962 5790198 5791536 5792324 5793926 5795533 5796707 5797580 5800177 5801503 5806212 5808542 5811229 5813246 5816749 5818410 5819197 5820704 5821507 5822401 5825324 5828123 5829116 5831850 5833007 5834687 5835724 5837085 5837732 5839519 5841275 5843011 5845032 5847491 5849155 5850944 5851741 5852499 5853219 5855073 5856553 5857292 5858673 5859631 5860533 5860962 5861565 5866361 5868370 5869895 5872985 5873998 5875877 5876520 5877310 5879227 5881369 5882602 5884648 5886650 5887730 5889356 5890362 5891922 5893032 5894149 5894648 5895338 5897232 5899326 5901887 5903244 5906225 5907852 5908402 5910619 5913522 5914981 5917344 5920203 5920912 5922465 5923326 5924779 5926714 5934286 5935550 5938613 5939921 5940780 5942287 5942846 5943697 5947299 5948822 5949491 5950696 5952029 5954045 5954615 5958365 5959514 5961144 5964484 5967378 5968550 5970158 5971110 5973327 5973980 5976681 5979666 5980664 5981732 5982508 5983774 5986183 5987297 5989899 5991378 5992831 5994762 5996865 5997626 5999157 6001515 6004201 6004794 6007784 6008619 6012484 6013821 6015315 6017431 6019183 6020868 6023436 6024882 6026426 6027120 6029001 6029802 6030739 6031713 6033545 6034536 6036619 6038638 6039556 6040485 6042266 6046944 6048168 6051118 6052197 6052996 6053972 6054786 6056076 6057176 6058101 6060335 6061164 6062623 6063484 6064871 6065728 6067138 6068781 6070570 6071524 6075154 6076520 6078755 6079270 6081022 6083110 6084995 6085842 6087889 6090969 6091489 6093642 6094770 6095509 6097497 6098705 6099577 6101360 6102488 6104696 6108577 6110107 6112376 6113002 6113824 6114907 6115679 6116323 6117546 6118815 6119885 6121267 6125582 6128756 6129380 6134563 6135564 6137087 6138594 6140785 6142762 6143721 6145206 6145821 6146995 6147968 6150047 6151305 6153147 6155319 6156818 6157523 6159112 6162104 6165859 6166584 6168731 6170147 6171619 6172917 6174033 6175790 6177893 6179567 6181147 6182601 6184059 6185073 6186492 6190226 6192857 6194675 6195551 6196528 6197377 6198749 6200814 6201362 6203461 6208850 6209926 6211907 6213091 6216214 6219103 6220530 6221851 6224019 6227542 6228518 6230414 6231263 6232618 6233741 6234509 6235774 6236550 6237406 6238020 6240515 6241980 6243622 6244367 6245425 6247008 6251401 6252277 6253365 6254198 6258261 6259552 6262411 6267429 6268289 6269299 6270133 6274659 6277015 6278717 6280368 6281281 6283686 6284557 6285744 6286751 6288132 6288648 6289322 6290650 6292088 6295497 6299448 6300366 6301109 6301798 6303692 6305588 6306859 6307901 6311371 6313183 6315011 6316314 6317707 6319431 6319944 6321799 6323779 6324647 6325858 6328282 6330784 6331625 6333907 6335132 6336314 6341943 6343159 6345212 6346112 6349908 6352708 6354895 6356724 6357799 6359118 6361501 6362204 6364719 6366130 6367834 6370374 6373294 6375804 6377284 6379492 6380090 6380964 6383624 6384554 6385295 6386766 6388333 6390382 6392258 6393455 6395333 6396505 6398439 6399239 6400863 6402215 6404902 6406039 6407083 6408288 6409365 6411277 6411996 6412935 6415184 6418351 6419110 6420489 6424510 6425705 6427531 6428599 6429622 6430815 6433434 6434095 6435444 6436332 6438050 6439132 6440084 6443647 6444939 6446068 6448502 6450224 6451808 6452429 6454071 6455381 6456950 6461597 6462854 6465240 6466379 6467782 6468751 6470932 6472686 6473467 6476560 6477619 6478922 6479948 6480887 6482331 6483413 6484451 6487784 6489867 6492034 6493906 6497120 6498476 6499452 6500134 6500956 6501711 6503404 6504796 6505636 6507025 6507835 6510903 6513309 6514319 6515561 6516321 6517162 6517982 6519647 6520848 6523599 6524695 6525717 6526857 6528775 6529386 6530483 6533519 6534461 6536328 6537662 6538627 6541496 6543936 6544798 6545786 6550572 6551580 6553185 6554288 6555131 6558752 6559858 6560478 6564445 6565433 6566324 6568493 6569385 6570464 6571586 6572268 6574070 6574888 6575697 6577182 6579291 6580821 6582779 6585013 6587358 6588270 6590867 6592492 6594355 6595587 6596975 6599033 6600808 6602091 6602947 6603589 6604579 6605690 6609185 6611280 6612273 6612866 6621361 6623006 6624382 6625081 6626052 6627098 6628343 6631373 6632633 6634249 6635930 6636891 6640303 6642064 6643113 6643803 6644907 6647148 6648380 6650838 6652171 6654691 6657322 6659509 6661965 6662757 6665130 6666401 6668488 6670087 6671109 6671978 6674307 6675439 6676869 6679297 6680524 6682575 6685134 6687694 6689299 6690370 6692942 6695474 6696089 6698480 6700499 6702530 6704500 6705617 6706248 6707429 6708702 6709267 6710408 6717364 6718821 6719870 6720950 6723524 6724068 6726807 6728356 6730071 6733121 6734507 6735415 6736387 6737146 6739026 6740958 6742064 6743082 6746176 6747362 6749149 6750272 6751140 6757645 6758580 6761631 6763160 6768471 6769980 6771970 6772896 6774116 6775214 6776322 6777989 6778815 6780898 6782137 6782781 6785163 6786419 6789912 6791130 6792018 6792805 6794901 6795691 6796748 6797424 6798539 6799516 6800671 6802939 6805325 6808137 6810118 6811485 6812731 6813394 6815085 6817238 6818505 6819540 6820335 6822189 6822900 6824498 6826109 6827237 6828512 6829790 6830879 6831960 6833024 6834828 6835508 6836382 6839635 6841813 6844081 6844849 6847298 6847981 6848852 6852650 6853434 6854060 6855577 6857049 6859831 6860998 6863989 6865512 6866296 6867278 6868102 6868680 6870310 6871573 6873526 6875374 6875986 6877065 6878408 6880342 6881635 6882882 6885533 6886451 6888775 6889699 6890435 6892278 6893302 6896060 6898005 6898564 6899208 6900284 6903038 6906184 6907245 6907983 6909442 6910273 6911721 6913178 6914613 6915812 6917036 6917928 6920496 6922243 6923588 6924464 6926466 6928785 6934481 6936007 6937633 6940704 6941530 6942538 6943220 6945329 6945788 6948587 6950113 6950853 6951812 6953184 6957328 6958353 6960338 6961580 6962504 6965755 6966735 6968693 6970122 6973344 6974988 6977705 6978978 6979931 6980540 6984166 6985283 6988177 6989451 6991971 6994259 6994966 6995906 6999236 7001250 7002171 7004223 7007456 7008430 7010673 7011335 7013124 7014069 7014634 7016576 7017289 7019056 7021214 7021912 7023506 7024991 7026468 7027650 7029181 7031536 7032568 7034454 7035561 7036434 7039048 7040264 7040907 7042435 7044430 7045836 7047058 7049506 7051306 7053254 7054849 7058022 7059617 7061743 7062735 7063491 7068053 7068957 7070207 7072289 7074178 7075084 7075902 7076997 7078200 7079563 7081720 7083869 7084491 7085630 7086399 7088942 7091106 7092148 7094432 7095963 7097648 7099949 7101556 7102872 7104815 7105996 7106674 7107424 7109620 7113573 7114334 7115383 7116681 7119021 7119832 7120414 7121812 7123802 7125856 7126609 7128042 7129242 7130284 7132788 7134044 7135657 7138666 7140488 7142554 7146399 7147472 7148940 7150450 7152008 7153476 7154151 7156160 7157858 7159217 7160369 7161638 7163310 7167707 7168846 7169987 7171498 7172902 7173522 7176567 7177775 7178489 7180143 7180854 7182149 7182951 7184360 7185000 7185719 7186984 7188710 7192263 7194228 7195718 7198022 7199231 7200444 7202402 7203491 7204665 7206274 7206928 7207815 7209517 7211735 7213828 7215167 7216078 7216806 7217596 7218517 7221837 7222943 7224147 7225427 7226632 7227368 7227897 7229421 7230019 7232493 7234959 7236549 7237206 7239088 7240650 7244039 7247705 7248601 7252916 7254286 7256587 7257613 7259778 7261592 7263589 7266420 7267522 7269215 7269888 7270881 7271944 7272784 7276298 7277822 7279319 7280059 7281143 7282491 7284597 7287831 7288798 7289890 7291131 7292692 7293350 7295342 7296718 7300705 7301729 7303016 7305296 7305942 7308832 7309967 7311263 7313388 7317333 7318364 7319522 7320911 7322210 7322891 7323764 7324772 7326128 7328026 7329415 7330263 7331444 7332529 7333945 7337845 7340169 7341235 7342602 7343850 7345505 7346178 7347293 7352121 7354424 7356665 7358562 7359374 7362455 7363429 7365938 7367768 7369001 7369825 7371255 7373525 7374927 7375797 7376559 7378017 7382204 7383611 7385948 7387699 7389221 7390484 7392137 7393260 7394826 7396064 7397448 7398604 7399440 7401274 7402930 7404231 7405755 7407180 7407764 7409141 7410332 7411578 7415404 7417699 7418434 7419302 7421410 7423181 7425079 7426631 7427776 7430600 7431127 7432650 7433710 7435928 7437038 7437994 7441459 7442918 7444083 7445395 7446299 7448817 7449601 7450989 7452373 7453296 7454337 7457333 7458152 7459583 7460200 7460940 7462237 7464964 7466219 7467387 7468052 7469439 7471080 7473117 7474227 7476037 7477037 7477939 7480710 7482752 7485606 7487100 7488908 7490586 7493583 7496048 7497022 7498082 7499384 7501528 7502659 7504011 7507319 7508419 7509621 7511408 7513253 7517059 7519838 7520669 7522431 7525757 7527126 7528983 7529677 7530461 7531648 7533828 7534689 7536631 7537358 7538625 7539553 7542019 7543220 7545872 7547124 7548279 7550081 7551684 7555827 7556483 7557557 7559694 7560449 7562639 7563851 7564518 7566499 7567642 7569681 7572416 7574254 7575354 7576511 7578422 7582203 7582963 7585632 7588460 7590317 7591526 7592288 7593745 7595458 7597017 7598937 7600854 7601622 7603985 7606957 7607826 7608732 7611040 7613480 7615034 7616165 7617048 7618497 7619504 7622061 7622904 7624469 7625542 7627179 7628534 7631147 7633248 7635212 7636895 7638403 7640075 7641094 7642978 7644123 7645806 7646791 7649455 7650795 7654150 7657448 7659862 7660558 7664617 7665756 7666753 7667413 7668079 7669711 7670896 7671628 7673681 7675756 7677491 7679234 7680381 7683450 7684117 7685990 7686818 7688379 7690749 7692782 7694004 7695108 7696115 7696966 7698118 7699516 7701469 7702238 7703081 7704691 7708724 7710576 7711722 7713129 7716908 7719225 7720118 7721914 7723115 7725447 7727572 7728329 7729392 7730566 7733253 7734377 7735813 7736477 7737380 7739444 7742121 7745394 7749518 7750905 7752485 7754231 7757340 7760002 7761807 7762921 7765231 7766081 7767757 7768840 7770130 7771360 7773467 7775284 7777603 7778748 7779615 7781093 7782490 7785467 7786960 7789078 7790124 7790990 7792341 7796489 7798780 7802640 7803795 7805511 7806713 7807399 7808571 7809937 7813977 7814929 7816038 7816999 7818373 7819408 7820267 7823082 7823674 7825403 7826141 7827706 7828949 7831632 7833769 7834402 7835886 7836912 7838210 7839516 7841073 7843999 7845262 7846995 7848471 7849490 7850522 7852268 7857463 7859299 7859817 7861884 7862830 7863787 7864631 7865629 7871660 7872439 7873131 7874499 7875329 7877275 7878119 7880003 7882463 7884430 7887087 7888245 7889313 7890734 7892226 7894258 7894866 7896102 7897466 7898725 7899953 7900893 7902712 7905359 7908081 7908711 7909431 7911375 7914913 7918702 7919641 7920294 7922256 7923543 7925370 7927166 7930313 7932688 7933534 7937755 7939901 7941446 7943619 7944865 7947020 7947895 7948879 7951156 7951699 7952758 7954445 7956128 7956881 7957528 7960248 7961840 7962884 7964008 7965738 7967267 7969436 7971849 7972904 7974715 7976372 7977958 7978970 7979469 7980296 7982657 7984243 7986583 7988644 7992223 7994041 7994669 7996852 7997980 7998935 8002753 8004025 8005796 8006548 8008142 8009163 8010697 8013128 8014148 8018377 8019371 8021013 8022974 8024395 8025977 8028172 8029243 8031685 8035148 8037489 8038924 8040206 8041778 8045070 8046399 8048407 8050526 8051111 8053621 8055083 8055797 8056894 8057631 8060551 8063263 8064666 8065840 8067579 8068401 8069694 8070921 8071787 8072569 8073255 8074355 8075914 8077332 8078173 8079370 8081144 8082665 8084670 8086611 8087674 8089076 8089810 8090912 8092478 8093330 8094294 8095599 8096403 8098782 8100663 8103042 8103777 8105367 8108072 8109871 8110949 8113561 8116998 8120301 8121605 8122900 8125258 8126731 8129484 8131512 8136834 8141713 8142819 8144716 8145669 8147047 8149359 8152834 8154626 8155541 8156859 8159712 8160364 8161941 8162971 8163922 8164924 8165465 8168859 8172072 8173179 8173962 8175888 8177386 8178330 8179482 8180791 8181624 8182740 8184214 8187363 8189520 8190247 8193122 8194706 8196844 8198746 8199866 8201801 8203817 8205528 8206450 8207786 8208962 8210597 8213460 8214532 8217124 8220045 8221669 8223639 8225131 8227846 8229102 8230257 8231573 8233670 8234662 8236045 8237515 8240167 8241864 8243898 8245397 8247322 8249109 8250517 8253549 8254592 8257454 8258640 8259269 8260000 8260983 8262167 8264427 8266532 8269989 8270827 8273304 8274540 8275574 8277540 8279083 8280676 8285166 8287544 8288712 8290666 8294212 8296059 8297719 8300452 8302461 8304371 8307335 8310724 8311868 8315920 8321638 8322424 8324083 8326216 8327560 8329098 8330083 8331152 8331834 8333153 8335274 8335964 8336755 8337887 8338739 8341912 8344540 8345581 8347098 8349573 8352304 8353798 8355505 8358566 8359301 8360541 8361936 8363631 8365004 8365693 8368447 8369683 8370241 8371882 8373221 8374519 8375373 8376499 8377612 8378487 8379501 8380263 8382475 8383353 8384503 8386119 8388066 8388746 8390793 8392107 8392767 8395833 8397529 8398573 8400146 8401264 8405138 8405884 8408677 8410708 8411523 8412488 8414679 8416541 8418698 8419249 8423208 8424234 8425376 8426177 8429094 8430403 8431628 8433143 8434278 8435295 8435995 8437180 8437755 8440080 8442002 8442935 8445614 8447368 8448599 8450237 8452061 8453075 8454109 8457868 8459536 8460744 8462282 8464522 8466753 8468413 8471958 8473893 8475271 8477261 8478427 8481021 8482327 8486405 8490377 8491612 8493764 8495472 8496405 8500584 8502052 8502746 8504016 8505563 8508977 8510157 8511203 8511857 8512860 8519804 8520824 8522419 8523078 8525818 8526488 8528165 8528954 8533058 8536972 8539423 8542336 8543279 8544618 8547322 8548144 8549198 8550353 8552109 8554483 8556340 8557994 8559327 8561723 8562931 8563879 8564774 8567102 8569853 8570760 8571452 8572426 8573138 8573929 8576329 8577668 8580077 8581102 8583568 8584252 8585295 8587564 8589501 8590237 8593164 8594620 8596953 8597723 8598474 8600153 8600730 8601556 8603440 8604323 8606968 8609106 8610512 8611207 8614939 8615827 8617234 8618700 8621596 8622872 8628578 8629746 8630716 8631599 8633876 8634694 8636857 8638865 8641293 8642398 8643854 8644446 8646158 8648059 8649283 8650525 8651155 8651948 8655216 8657300 8659009 8659987 8660879 8662172 8664137 8665074 8666589 8668176 8670574 8671768 8672724 8673552 8674461 8675209 8676079 8679315 8680744 8681725 8682687 8683531 8684407 8686327 8688024 8692230 8694416 8695416 8697283 8697976 8699325 8701830 8702802 8706013 8707243 8708458 8710129 8711417 8712333 8713578 8714955 8715791 8718544 8720081 8721192 8722654 8724064 8725020 8726441 8727485 8729274 8732905 8734685 8736126 8737715 8738453 8739465 8740466 8741531 8742103 8743483 8744775 8746098 8747512 8748655 8750782 8752213 8755712 8756832 8758152 8759141 8759762 8761232 8762037 8762689 8763432 8765621 8766959 8767947 8768785 8772101 8772728 8773753 8774857 8776617 8777848 8780303 8782026 8785128 8786156 8792788 8796912 8798243 8800859 8804271 8807644 8808128 8809325 8810967 8812061 8813248 8816512 8818836 8823250 8824612 8827004 8829339 8830586 8831164 8832114 8833128 8833946 8836234 8837085 8838262 8841142 8842164 8842818 8844033 8845642 8846256 8847430 8849358 8851900 8854226 8855746 8857628 8859898 8861072 8861856 8862713 8864419 8865592 8869116 8870649 8871659 8872294 8873856 8875063 8877172 8878514 8880106 8882781 8883515 8884638 8886404 8887340 8888367 8889664 8891437 8892722 8893494 8896131 8897126 8898510 8899325 8900791 8902147 8902798 8904447 8905676 8907430 8909365 8911371 8913551 8916892 8918563 8919787 8921984 8922724 8923984 8926080 8928746 8932047 8933095 8934665 8939101 8940534 8941627 8943083 8945330 8946864 8947830 8948998 8950877 8952743 8954556 8956491 8957041 8958014 8959608 8963226 8965190 8966522 8968095 8970673 8971439 8973251 8976019 8977592 8978855 8981424 8982440 8983702 8985394 8986229 8987164 8989497 8991721 8992476 8994156 8996090 8997303 8998203 8999792 9002176 9003419 9003975 9006043 9008177 9009221 9010264 9011445 9012412 9015985 9016609 9017393 9018655 9020977 9021919 9023894 9024796 9025896 9027326 9031098 9032169 9032946 9037156 9038173 9041325 9044304 9044910 9045946 9046861 9047572 9049198 9051107 9053958 9058145 9060954 9062813 9064762 9066236 9067518 9070650 9073407 9074572 9075731 9077245 9079441 9080779 9083239 9084474 9088489 9090718 9093047 9095181 9096169 9097773 9098666 9101199 9101875 9104519 9106418 9107168 9108585 9109362 9111317 9112990 9113954 9115687 9116746 9118721 9119581 9121134 9124115 9125007 9125971 9126633 9127745 9129207 9130521 9131680 9133393 9135003 9136899 9140875 9141997 9143242 9143848 9145418 9146737 9147476 9149124 9150465 9151646 9153950 9158038 9159845 9160818 9163087 9165084 9166584 9168374 9169831 9170790 9174679 9175892 9181193 9182015 9182978 9183960 9185928 9187195 9191405 9194493 9195299 9196908 9198204 9200454 9202138 9203384 9205310 9206257 9207260 9208886 9210455 9212514 9214640 9216133 9217296 9219251 9219796 9221772 9222652 9223200 9223933 9224525 9226339 9227817 9229875 9231056 9232320 9233460 9234128 9235612 9237955 9239837 9240981 9242693 9245109 9246163 9249277 9250138 9251294 9255129 9256896 9257876 9260428 9262023 9262995 9263975 9265408 9266317 9269800 9271770 9272692 9273646 9275973 9277160 9278482 9280067 9281695 9283954 9285703 9287143 9288252 9292219 9293779 9295398 9297212 9298427 9299790 9302005 9303376 9304957 9307014 9308830 9312294 9316110 9317666 9319269 9320692 9321819 9323112 9326127 9328839 9329512 9331525 9333192 9334772 9335436 9336970 9338364 9339462 9340577 9341367 9342258 9343746 9344770 9345464 9346393 9350449 9352540 9353241 9354838 9355843 9358238 9359097 9360874 9361608 9363604 9364385 9367229 9368871 9371040 9371895 9373750 9374828 9375953 9376828 9378251 9380248 9381258 9383258 9384121 9388684 9389423 9391527 9392365 9393540 9394652 9396717 9397891 9398570 9399924 9401163 9402861 9403703 9404354 9407113 9408836 9410247 9411101 9414225 9416410 9417285 9418862 9419356 9420148 9420923 9422583 9424106 9425902 9426854 9427847 9428778 9430360 9430955 9432572 9433563 9434193 9436143 9437069 9438289 9441902 9442955 9444488 9445644 9447195 9449390 9451354 9459070 9460384 9462061 9464330 9465550 9467036 9467971 9469115 9471076 9472091 9473239 9474803 9475878 9477405 9480037 9482954 9483973 9485702 9486692 9487891 9489258 9490915 9491750 9492854 9495822 9498335 9503330 9508949 9510788 9512083 9513549 9516303 9517467 9519329 9522118 9523898 9525066 9526837 9531133 9532830 9534704 9535420 9536472 9538968 9542264 9544770 9547079 9548682 9550272 9550986 9552241 9556813 9558571 9560687 9562855 9565078 9568581 9570005 9571514 9574104 9575337 9576391 9579054 9580589 9581670 9583212 9585980 9586599 9588150 9589598 9590614 9592748 9594458 9596835 9597831 9598946 9599761 9600910 9602609 9604821 9606237 9607531 9608077 9611612 9612640 9615143 9615974 9618170 9619427 9620192 9620949 9622010 9623155 9625830 9628773 9631088 9633030 9634460 9635639 9636600 9637778 9639356 9640710 9644491 9646944 9648551 9649341 9650469 9651423 9652080 9653238 9657365 9658505 9661270 9664746 9665339 9668471 9670545 9671258 9672441 9674651 9675664 9678544 9679561 9681097 9683425 9684496 9686854 9688201 9689000 9689792 9691207 9693384 9694668 9695642 9697465 9698525 9700402 9701617 9702615 9706317 9707339 9708379 9709481 9712066 9712977 9713806 9714786 9715911 9718496 9720595 9723217 9724613 9726634 9727772 9731134 9733469 9734315 9736029 9736911 9738301 9739196 9741569 9743108 9743926 9745193 9746068 9746828 9747839 9750390 9752020 9755452 9756380 9757050 9757739 9758410 9759245 9760680 9762515 9764538 9765668 9767754 9768759 9769845 9771512 9773694 9774277 9775990 9776863 9778179 9781026 9783320 9784291 9787724 9788528 9790747 9791792 9793720 9795184 9796784 9798144 9800329 9801903 9805074 9806539 9808828 9811559 9812579 9814151 9816232 9817613 9819202 9819881 9822572 9825654 9826592 9827517 9828960 9829743 9830508 9831970 9835664 9836828 9838113 9840209 9842908 9845205 9846483 9847195 9848381 9849185 9850693 9852054 9853415 9856171 9858459 9860796 9862507 9863961 9866071 9867775 9868724 9871391 9873383 9875021 9876273 9878546 9880032 9881494 9882294 9883048 9883714 9884488 9887021 9888805 9891324 9893313 9894026 9896500 9897260 9898091 9900387 9903621 9905270 9908505 9909969 9914448 9915381 9918248 9919374 9920393 9921639 9922751 9924328 9927163 9927881 9928828 9930752 9933778 9937486 9938823 9940439 9942204 9943494 9944648 9945544 9948579 9950625 9952037 9955542 9956525 9960124 9961129 9962925 9963930 9965449 9965942 9967431 9971403 9973011 9975776 9977485 9978215 9979015 9980362 9981213 9983086 9984250 9985313 9987831 9989084 9989763 9991275 9992640 9996254 9997500 
</Matrix>
<Matrix name="Neuron_721" type="complete" rows="1" columns="3239" multiplier="1.0">
   2428 3965 5536 9939 12239 13659 15361 21956 24679 26832 28269 41921 45432 48260 50946 54269 55999 58454 62998 65650 66408 70130 71675 73622 76317 77408 83938 85416 87854 89021 90245 91163 92105 95339 99570 101918 106186 114372 116031 117166 122224 125650 128001 130400 136388 139310 146149 149157 152199 153560 154869 157669 160372 162901 163683 166557 168494 170030 173768 177022 181045 184736 186807 188796 190207 191801 196485 199658 201058 207855 208762 209734 213040 214176 222437 228314 230022 232818 234534 238968 244043 246686 249482 252221 253306 255318 258180 258974 259903 266129 268477 274501 277881 279812 282610 284305 291052 292584 302449 306458 310189 321145 322570 324561 325796 328293 333341 334814 336227 339280 346656 351135 352636 357632 359219 366060 368312 370344 372323 376656 378453 385006 386606 388004 390826 393993 395087 397633 407339 409096 412869 417189 421491 425513 427282 439817 445843 446908 448821 450146 453101 454951 461431 471224 472155 474973 476398 479514 481598 482886 484903 490272 493295 499969 503504 508575 510399 513254 516062 517885 520346 522638 523633 527781 533749 535447 539560 543609 545240 547730 549076 550911 558661 560460 562582 567674 569910 572142 574043 575414 578672 580993 582652 584564 589511 592551 597698 601489 602883 606229 607037 608626 614536 616631 619217 621221 622744 625670 626829 631103 631912 633643 638355 640908 641760 650228 652653 653415 654103 655095 659966 666056 668409 675130 676010 677070 678933 680274 681491 683783 686540 691730 701584 702785 703823 705745 708000 709518 711779 715035 717590 720920 722457 723577 726199 728190 730427 732375 733987 735656 737219 738324 740092 743526 745323 747500 754737 757002 762162 764355 768799 775846 780095 781674 787665 788681 791485 792998 794690 798038 799044 801029 802861 803796 808980 810069 814631 815898 821380 823139 827694 829857 830895 833470 835206 836330 844815 847392 849394 853208 854194 859435 861976 863560 866027 867205 869376 871458 872865 875883 877180 878651 882091 885154 889656 891776 893683 898198 902460 916794 922482 926288 927481 930543 935559 939430 940538 943938 947067 950269 958619 960889 963706 966846 972157 975845 977169 978866 984309 986521 987505 988712 1000655 1003232 1004228 1006125 1008703 1011203 1012308 1016606 1020390 1028432 1032647 1037066 1040217 1041805 1043732 1044483 1047466 1050605 1051984 1054256 1058450 1061508 1063708 1065004 1066266 1067850 1071609 1072453 1078919 1081273 1084766 1086313 1087503 1089174 1095442 1097826 1104547 1106013 1112080 1114261 1115428 1116743 1120355 1121623 1123928 1124852 1127459 1129355 1135871 1141335 1146932 1148571 1151225 1156272 1158011 1160091 1164209 1167416 1174666 1179002 1184397 1189478 1191549 1193779 1197647 1198851 1201626 1205257 1206570 1208907 1212933 1214120 1216385 1217763 1220304 1226623 1228069 1232327 1233586 1234703 1237403 1241070 1241787 1243923 1246012 1247530 1248704 1249721 1251301 1255413 1256486 1257674 1259871 1262256 1265549 1268935 1272889 1279774 1280958 1283332 1285003 1287884 1289524 1292424 1295121 1311592 1313295 1319492 1320325 1321448 1325023 1328661 1334021 1338653 1345732 1347509 1348924 1351368 1352398 1353834 1355917 1357041 1361238 1362923 1372006 1373733 1375094 1384384 1387946 1390430 1394055 1396911 1400320 1410695 1414567 1415666 1418043 1420086 1421019 1426197 1428260 1430510 1432401 1434388 1435134 1436547 1440558 1442549 1443380 1445705 1448000 1455633 1457722 1460784 1465350 1467865 1470733 1475273 1480110 1482281 1485290 1486026 1490519 1492753 1494005 1494741 1496682 1498067 1499708 1502223 1505743 1508660 1511059 1513860 1519745 1522546 1524229 1525971 1528001 1531739 1535111 1540571 1543631 1544737 1546893 1552307 1556665 1562117 1563638 1565546 1570355 1573204 1579526 1581415 1582729 1583845 1585084 1588302 1590477 1592395 1595023 1597633 1598865 1600362 1604917 1606298 1613708 1615475 1617175 1619555 1621142 1622728 1624452 1629448 1635820 1638559 1643592 1646411 1650044 1655083 1662541 1665188 1666932 1681246 1685210 1688471 1694003 1699475 1700437 1702637 1706599 1711859 1714028 1715895 1717623 1723111 1724745 1726464 1728777 1733251 1734350 1735301 1736049 1740508 1744667 1747615 1749262 1753506 1758271 1762805 1764695 1767009 1768792 1771896 1773079 1776080 1777497 1779582 1780581 1784317 1785660 1794475 1801292 1802825 1804663 1805859 1808614 1810412 1815296 1817348 1821802 1823965 1824937 1832423 1836388 1847130 1854770 1856068 1862362 1866273 1867428 1869610 1876263 1879406 1883254 1883908 1887758 1890646 1900927 1901880 1907319 1908691 1910113 1912656 1913969 1917016 1921156 1924057 1926527 1929892 1932173 1933638 1934862 1938486 1947363 1949852 1951579 1958899 1960591 1964131 1965469 1978944 1982222 1984142 1988243 1989900 1992545 1997005 1998419 2000804 2005432 2012039 2015835 2024215 2025094 2026608 2028234 2029380 2032637 2033573 2037845 2038884 2040342 2044041 2046258 2049489 2050271 2052144 2061271 2062394 2064668 2068734 2071373 2073363 2075377 2076701 2080409 2084598 2087534 2089660 2092582 2096221 2101775 2107215 2110098 2111445 2112682 2115014 2123234 2125627 2127145 2128581 2130520 2131920 2133342 2137146 2146375 2152268 2158228 2159252 2161812 2162946 2163828 2168574 2170565 2173798 2175252 2178000 2180515 2182538 2185041 2187602 2189477 2194538 2199408 2202827 2203912 2205353 2206492 2207717 2208823 2210958 2211971 2212892 2214198 2220462 2224714 2226617 2229513 2233803 2238391 2243387 2247992 2252339 2256021 2258254 2259625 2264677 2265880 2267178 2269619 2274703 2276204 2278736 2281721 2286086 2287110 2290435 2292002 2294113 2297505 2302387 2304076 2308564 2310114 2311357 2313968 2316482 2317364 2319083 2321392 2326591 2328680 2331267 2332690 2334037 2336566 2337832 2344550 2347433 2349063 2351596 2353467 2361874 2364181 2366026 2370950 2376229 2377563 2379208 2380481 2389887 2392387 2397144 2400886 2404130 2406124 2409268 2412901 2417350 2418431 2423218 2431519 2433696 2436510 2440854 2442347 2445389 2447942 2452784 2456943 2458032 2459117 2460766 2465917 2467529 2468567 2470692 2475836 2479185 2480667 2482944 2484265 2486613 2488173 2493341 2495645 2498127 2499171 2501202 2502389 2505873 2507492 2508792 2510897 2512545 2514382 2515573 2516521 2517530 2519590 2520616 2526690 2533064 2535802 2537611 2539137 2543170 2544727 2554403 2555320 2557208 2558399 2562343 2563626 2566999 2570346 2572144 2577663 2579686 2582524 2584192 2588197 2590632 2592269 2593553 2594450 2597623 2598667 2601960 2614886 2617211 2620505 2622062 2624787 2626304 2632010 2635832 2641977 2644590 2648363 2649429 2653484 2655079 2656549 2661008 2665375 2668193 2669917 2670874 2673840 2675694 2677456 2678819 2685560 2689235 2695586 2700406 2704589 2711561 2714940 2716106 2717973 2719282 2726988 2731704 2732721 2735348 2737889 2740246 2743793 2745128 2748383 2751906 2754359 2755553 2757803 2760280 2763157 2764160 2767686 2773512 2778187 2778933 2781246 2784017 2789982 2791465 2792679 2796439 2797891 2802551 2807890 2809766 2812034 2817727 2820950 2822555 2823823 2831967 2833437 2836370 2838227 2840625 2843761 2845053 2853374 2857527 2859388 2862797 2863949 2866971 2872633 2875005 2876669 2878894 2880418 2884212 2890633 2892491 2897794 2901095 2902036 2904000 2906726 2908113 2910357 2911565 2912848 2918751 2919690 2920733 2922291 2923912 2931576 2932729 2936796 2943842 2945131 2952314 2954179 2956659 2964835 2970809 2972169 2974479 2981598 2982483 2987646 2994773 2996641 2999837 3002382 3003444 3005654 3009350 3011321 3014164 3016896 3022375 3025842 3028006 3029388 3030890 3034214 3036438 3039079 3045202 3048063 3053436 3054452 3058542 3059733 3062974 3065463 3067313 3070261 3071856 3073306 3075114 3079375 3080785 3082096 3093505 3095980 3097371 3100624 3103656 3115682 3117494 3119382 3123419 3126043 3127483 3131551 3132729 3138883 3140217 3143692 3145900 3147868 3149510 3152634 3155067 3160203 3161059 3162384 3163597 3165493 3169666 3173310 3175132 3176715 3178674 3179626 3182597 3184757 3187595 3189135 3190423 3191221 3194888 3196342 3197768 3202918 3205257 3209369 3210905 3213152 3217155 3218655 3222628 3223998 3225694 3227806 3229363 3232069 3238390 3240771 3242009 3243020 3245868 3248375 3251152 3253643 3255303 3261174 3262665 3275256 3277854 3280584 3281822 3287510 3289740 3292511 3293880 3295981 3302542 3304181 3307361 3314198 3316690 3321019 3326636 3327959 3339911 3341389 3343306 3346407 3359646 3364076 3371135 3380329 3382494 3385884 3389918 3394495 3395700 3397524 3398280 3400836 3402943 3404462 3406770 3409759 3412693 3414532 3415743 3417986 3423003 3426342 3428486 3437751 3443120 3445936 3449199 3452445 3453808 3456875 3459842 3461991 3466904 3470528 3472642 3474003 3474862 3478331 3482117 3489081 3492054 3499190 3501604 3502418 3505628 3507013 3508647 3509619 3520815 3523198 3525536 3528479 3534044 3536539 3537676 3541054 3543627 3549472 3553384 3554883 3556463 3561209 3562590 3563803 3564739 3566231 3570582 3571557 3575321 3576956 3579142 3581317 3583553 3584783 3588659 3593386 3598506 3600254 3601732 3603188 3611510 3612365 3614009 3618685 3619472 3621916 3630613 3639229 3641887 3646900 3649406 3650398 3651485 3655577 3661627 3663936 3667431 3668579 3675091 3681140 3683078 3686431 3688460 3690667 3691805 3695489 3697158 3701431 3702951 3703781 3705244 3710535 3724005 3729061 3733660 3737706 3741131 3744523 3746263 3746976 3747917 3752658 3755996 3758208 3760663 3765173 3767382 3770728 3772112 3776027 3781736 3783196 3784196 3787582 3790915 3800757 3802363 3803930 3804961 3807335 3814849 3817601 3820560 3826251 3828545 3830182 3832947 3837600 3839918 3842294 3847492 3850766 3854150 3861481 3865524 3868019 3869390 3873314 3876365 3878289 3886321 3890192 3891651 3893741 3899152 3900501 3902260 3905606 3909259 3911065 3913323 3916851 3921193 3925760 3926704 3928687 3930516 3931597 3934990 3938113 3940960 3945949 3946604 3947674 3948883 3960675 3965149 3970620 3977388 3978035 3984959 3986274 3988617 3990547 3992841 3994364 3997299 4000467 4004152 4007890 4011356 4013065 4016747 4020193 4024503 4029651 4031619 4036241 4040100 4043923 4047754 4051816 4052740 4054307 4056413 4059265 4060619 4063537 4067522 4071076 4072208 4074882 4076883 4078602 4081715 4085557 4087115 4088178 4092964 4094751 4101206 4104033 4108114 4110346 4115272 4117898 4120734 4122158 4123471 4125478 4127063 4132529 4136113 4137536 4139165 4141497 4146719 4147800 4152458 4157900 4162049 4162969 4166927 4170808 4176497 4177982 4182129 4183508 4197184 4199945 4200705 4201467 4202830 4204735 4208266 4209844 4210969 4212972 4215156 4220103 4223106 4225460 4228860 4230253 4231726 4233856 4235605 4238554 4239656 4241758 4242983 4243765 4246896 4249420 4251422 4253125 4256981 4258568 4263755 4267275 4271372 4272802 4274734 4278072 4282250 4287177 4289259 4290571 4299035 4302469 4304049 4321440 4322672 4328426 4330068 4332340 4334704 4337377 4342823 4344135 4346033 4348278 4351364 4353575 4354682 4358711 4360185 4363598 4368669 4370363 4372151 4374679 4378773 4380151 4383587 4386687 4393282 4393974 4400711 4403133 4405300 4408583 4416994 4418690 4423747 4424435 4432967 4436022 4438618 4442641 4447097 4448240 4452795 4456054 4460655 4461900 4466920 4469021 4473290 4477016 4478245 4482346 4483773 4485998 4489262 4491614 4500400 4501973 4505707 4515718 4523164 4524425 4532323 4533689 4537614 4539037 4540501 4542071 4547191 4548770 4553761 4556982 4557727 4562758 4566014 4568086 4570228 4575735 4579944 4581623 4586318 4588990 4592578 4596994 4600878 4603826 4607913 4609730 4611867 4613149 4620279 4621600 4626939 4633400 4634391 4641025 4643713 4644953 4646032 4647600 4651412 4653990 4656872 4659113 4661811 4664168 4665888 4668858 4673745 4676293 4681186 4686598 4693171 4696023 4697076 4699880 4701745 4704731 4707693 4712585 4714041 4717925 4718951 4720551 4723613 4728747 4729952 4731112 4739224 4749061 4751821 4756116 4757727 4758825 4761319 4762742 4767884 4774286 4775364 4783281 4787782 4789224 4791618 4793412 4796167 4799966 4803115 4804677 4805759 4810591 4812402 4813976 4817017 4819995 4821027 4823017 4827260 4828114 4830498 4841940 4844401 4845730 4849777 4850853 4852014 4854515 4862035 4864469 4865534 4867583 4868287 4870433 4872638 4874678 4877902 4880379 4882960 4885220 4887788 4895025 4896861 4898925 4900552 4902488 4904465 4906952 4909967 4912052 4917790 4919183 4920354 4923207 4926468 4930628 4932752 4937675 4939557 4940970 4942592 4948707 4952398 4954386 4957466 4963084 4968988 4976174 4979542 4980551 4981964 4985311 4989363 4991900 4995155 4996823 4997749 5004449 5009812 5013926 5015118 5026644 5029199 5032334 5033862 5035685 5039209 5041924 5044811 5046572 5049323 5050942 5051857 5053991 5055600 5059521 5062257 5063590 5070224 5072870 5079168 5085224 5086327 5087297 5089423 5092051 5095869 5099152 5101589 5103520 5105813 5106872 5109694 5111963 5116695 5117890 5119940 5122156 5128623 5130786 5134051 5135532 5136957 5146399 5153946 5157466 5158557 5159992 5162020 5167755 5170110 5172189 5173780 5176051 5177493 5182628 5183420 5184457 5185390 5189374 5192567 5196469 5199914 5202429 5205515 5206901 5209960 5212796 5215972 5217290 5223679 5224758 5228109 5229902 5230990 5241544 5249075 5250260 5253160 5257275 5260534 5261772 5263091 5267448 5269056 5272942 5274875 5276646 5281305 5282583 5284396 5288046 5289592 5292870 5295540 5296719 5299231 5301031 5302916 5313867 5318170 5319783 5321648 5324592 5326736 5327621 5331163 5337211 5339056 5345239 5348679 5350617 5356761 5359105 5360426 5368194 5369909 5373515 5382173 5383631 5385199 5386157 5388784 5394486 5396429 5399232 5402015 5404008 5407831 5409716 5412176 5415776 5417280 5419497 5423564 5427317 5428239 5430048 5431707 5433393 5435098 5436877 5440061 5442214 5443217 5445222 5450378 5452746 5462080 5466949 5468722 5471155 5475337 5477135 5479035 5479898 5486521 5488789 5491065 5494934 5497923 5499532 5503756 5505111 5507683 5511779 5513530 5514671 5523706 5525886 5526901 5528419 5529251 5533587 5536980 5540732 5541512 5543440 5552389 5555143 5557511 5559722 5561295 5566531 5569468 5570565 5572137 5575798 5580340 5582113 5586674 5589732 5590643 5592654 5596269 5597431 5599124 5600752 5602459 5603662 5607320 5611109 5612805 5614090 5615147 5621545 5623991 5629435 5632451 5634999 5638042 5639268 5642654 5644574 5646969 5649510 5655692 5660531 5661456 5664254 5667667 5670215 5671526 5672437 5673210 5676278 5679544 5682540 5684737 5685863 5689511 5693959 5698898 5700240 5703183 5704838 5708104 5710999 5711814 5717245 5724761 5732451 5735228 5741971 5744767 5746588 5747863 5750538 5753471 5755918 5757159 5759851 5762076 5767485 5769632 5770847 5772642 5774759 5776516 5780959 5789619 5796707 5799231 5800895 5802825 5806708 5809358 5811455 5819824 5821110 5822435 5823220 5828989 5834167 5839012 5840913 5841959 5844920 5846152 5848664 5854079 5857183 5859480 5861776 5865736 5867402 5869480 5870869 5873531 5876767 5880671 5882980 5885877 5887981 5889471 5891427 5894511 5899788 5902881 5904493 5907151 5910157 5912491 5914303 5917243 5926826 5930001 5933614 5934350 5935551 5937452 5940956 5946018 5948269 5950602 5952065 5953389 5956525 5958546 5959899 5961566 5969819 5970999 5971989 5974391 5976346 5978168 5981712 5983289 5984765 5994918 5996881 6001346 6003179 6005623 6010324 6013875 6021360 6026034 6037286 6038615 6039780 6041855 6043102 6045931 6049256 6052477 6055341 6056603 6057449 6060476 6063634 6064660 6069649 6071093 6071928 6074357 6076441 6078604 6079628 6082587 6085846 6089895 6093777 6094826 6098596 6103712 6104929 6110985 6112370 6117732 6123301 6129343 6132213 6136126 6139470 6141002 6143364 6147021 6149009 6152865 6156191 6159032 6159846 6161629 6172251 6173178 6177970 6179070 6181975 6184633 6189041 6190609 6192802 6195295 6198529 6199507 6201181 6202728 6207977 6209828 6212397 6214148 6217477 6222138 6226103 6227556 6229714 6234092 6236294 6237549 6242077 6244872 6247928 6250738 6253651 6255783 6256519 6259991 6265506 6268465 6270205 6275081 6277340 6283690 6285993 6287956 6289315 6292277 6293908 6296265 6297187 6300677 6306297 6307420 6309306 6310787 6313707 6317011 6319228 6322399 6323174 6327472 6329192 6334681 6336274 6337470 6343416 6345251 6346121 6349475 6351365 6354306 6356559 6359626 6361159 6365198 6368911 6371290 6373500 6374661 6378618 6379983 6381557 6382427 6383379 6394739 6396336 6398882 6400557 6402821 6404866 6408566 6409894 6411211 6412753 6414564 6416572 6419344 6420906 6422806 6427622 6429672 6433066 6436480 6437599 6440194 6441562 6443395 6450001 6452765 6459962 6461021 6461963 6462821 6465105 6473132 6479170 6484138 6487318 6489520 6491252 6494780 6498249 6499841 6502787 6504293 6510946 6517224 6518857 6521877 6523767 6524796 6528549 6529920 6537278 6541449 6543899 6545057 6546020 6548236 6549990 6551009 6553485 6554248 6556439 6558541 6564691 6567825 6570593 6573470 6576463 6577888 6579050 6582266 6585649 6589620 6591208 6598012 6599646 6600848 6605309 6607478 6613424 6615748 6617103 6633821 6638496 6640600 6642489 6650629 6652352 6653331 6654622 6656267 6658006 6659479 6662072 6666256 6667792 6669821 6673754 6675882 6677786 6679124 6682334 6683309 6687353 6691297 6692409 6695670 6697694 6698827 6703627 6705277 6708417 6711495 6713885 6716742 6719560 6722324 6731323 6732594 6734139 6736087 6737490 6739921 6743401 6746314 6748223 6749370 6755030 6756913 6758728 6760358 6763227 6765886 6767304 6771612 6773076 6773943 6777596 6781547 6785721 6789374 6790145 6792706 6794077 6795789 6797744 6800297 6801945 6803335 6804710 6805902 6807668 6809594 6821406 6823196 6829514 6830412 6832171 6833357 6837537 6840130 6841348 6843877 6845856 6847461 6849837 6855321 6857948 6867183 6869094 6870415 6872920 6877824 6880018 6885059 6887570 6890691 6893632 6900184 6903922 6907241 6909660 6913415 6914881 6916740 6922509 6924097 6928817 6936805 6938071 6940890 6947897 6950057 6951746 6953496 6954445 6960983 6965099 6972388 6976850 6979938 6985488 6988330 6989497 6990525 6992287 6994435 6997635 6999079 7002559 7009047 7011515 7014196 7017470 7018781 7024333 7031419 7032471 7033584 7036529 7039932 7042504 7043718 7045704 7048377 7048988 7050991 7052558 7055700 7057127 7060119 7062917 7067252 7072877 7076618 7077932 7079591 7081194 7085343 7096566 7100519 7103802 7106491 7109535 7112330 7117435 7119693 7121355 7128669 7138376 7139544 7140926 7146189 7147557 7148992 7151069 7154607 7156042 7161434 7163394 7164556 7169705 7172560 7175207 7177542 7180052 7181102 7182578 7187415 7188811 7195479 7198177 7204297 7209041 7210293 7212501 7213456 7214724 7217672 7226695 7228441 7230012 7231878 7236068 7239011 7242894 7244210 7248057 7251951 7253422 7255563 7256969 7258676 7262621 7266233 7268367 7272470 7275318 7276075 7277785 7279208 7288357 7289955 7291484 7292949 7295338 7299142 7301258 7303120 7304496 7305817 7314203 7315987 7317566 7318900 7321767 7323945 7325909 7333609 7339203 7342301 7343981 7348024 7351617 7354331 7359245 7361323 7362548 7368661 7373078 7374395 7378564 7380187 7383669 7388051 7389948 7405427 7406129 7409336 7411304 7413868 7418866 7420476 7421741 7422840 7423949 7426164 7427984 7430169 7431955 7441743 7443134 7444329 7446625 7454403 7458261 7459636 7460452 7465423 7466810 7468577 7469657 7471483 7473339 7474534 7475473 7477150 7478718 7480363 7485625 7494050 7496024 7500700 7502598 7508123 7514587 7519591 7521692 7523713 7525352 7532197 7537112 7538144 7540446 7548380 7551050 7552892 7556836 7560491 7562947 7566567 7569320 7570344 7574047 7578702 7581008 7585548 7590210 7592352 7596411 7598703 7601026 7602268 7603531 7604789 7607355 7609075 7611537 7613228 7616297 7618837 7621959 7627040 7628645 7630832 7637322 7641722 7649188 7652520 7653397 7657745 7662530 7664582 7667709 7670566 7673303 7676063 7677778 7680872 7682358 7683289 7688093 7690127 7691548 7694028 7700310 7703397 7704713 7709767 7711470 7713031 7717968 7720745 7722959 7727371 7731753 7738000 7740829 7741642 7746190 7748276 7751124 7752565 7760528 7762884 7766090 7770062 7774270 7777629 7788122 7789698 7791818 7797273 7798992 7805187 7807132 7808602 7814134 7818264 7819568 7830971 7834263 7834930 7836967 7840122 7842397 7846860 7849293 7852371 7858509 7864281 7866474 7868617 7872043 7875151 7876678 7878127 7878714 7884845 7887258 7890282 7893329 7896043 7897125 7901421 7903838 7905352 7907569 7912500 7913826 7918355 7925558 7929138 7930296 7931852 7937637 7939713 7948645 7950256 7953212 7954386 7957074 7959468 7960827 7962174 7963304 7967110 7968841 7970264 7971419 7973674 7974442 7975947 7980275 7982535 7986648 7993497 7996823 7999550 8002339 8004437 8007901 8009666 8010965 8019844 8021367 8022600 8027978 8043503 8044829 8046499 8047378 8050069 8054446 8056818 8063923 8067384 8069853 8073868 8075769 8076567 8082302 8088562 8094798 8102140 8107768 8112977 8113731 8115989 8118895 8121309 8123079 8126486 8127814 8130411 8131863 8134783 8139925 8149012 8153948 8155528 8158680 8159620 8160735 8163553 8164996 8172070 8181013 8186496 8188524 8191506 8203605 8205838 8209685 8212337 8214872 8216954 8219432 8224644 8228114 8229466 8230194 8232448 8233447 8234928 8237101 8244300 8245867 8250551 8255072 8256714 8261883 8264651 8265671 8267728 8268819 8270127 8271333 8277526 8279499 8282296 8284200 8286911 8288446 8289863 8292064 8294046 8298272 8299248 8301866 8303719 8306746 8307653 8316419 8318889 8320184 8323164 8324384 8328980 8330170 8332870 8334015 8335493 8336699 8338875 8340909 8345531 8347154 8351481 8357366 8361079 8363608 8367929 8370381 8374016 8379283 8381538 8388136 8391145 8392945 8393797 8396657 8398466 8400528 8402070 8404858 8406874 8411302 8412254 8416239 8417161 8418826 8420884 8422944 8424503 8426412 8427315 8429636 8430417 8433690 8438762 8447819 8450821 8453730 8455659 8459124 8463722 8465888 8468109 8469260 8471696 8472461 8482595 8484832 8486697 8495102 8499938 8501111 8504315 8512501 8515473 8523385 8525189 8529757 8532123 8541031 8542403 8543182 8546440 8550852 8558415 8560115 8566158 8567402 8571127 8580064 8581059 8587648 8594289 8595543 8599039 8605562 8607485 8611294 8612509 8614136 8617287 8621645 8624115 8629270 8633026 8635721 8638056 8645684 8648386 8651825 8652441 8656285 8665684 8670424 8672288 8675504 8677311 8686715 8689262 8690949 8694190 8698379 8700487 8701776 8703806 8705552 8707820 8708890 8711014 8712837 8715123 8717331 8724884 8729513 8730496 8734241 8739301 8740735 8741895 8743983 8745089 8754655 8756282 8759497 8768817 8770516 8774665 8781819 8783776 8787910 8789574 8790840 8792218 8793654 8797039 8799555 8800567 8805348 8807529 8808507 8810053 8811040 8811853 8815872 8817201 8818776 8823113 8824653 8827994 8829040 8833485 8838475 8848497 8851251 8853026 8855901 8865645 8874818 8875958 8876852 8877742 8888678 8892453 8893164 8897788 8902415 8908787 8910610 8911736 8913479 8915961 8917674 8920021 8922840 8924712 8927847 8929944 8930600 8932190 8933774 8936091 8937873 8947719 8948926 8954784 8955786 8959526 8964778 8969799 8970926 8971843 8973124 8974073 8983064 8985173 8986552 8990567 8991495 8995665 8997473 8999062 9000183 9002902 9004266 9005168 9007397 9010757 9012690 9016232 9019834 9021828 9024567 9028370 9030771 9031969 9034370 9044811 9047507 9048510 9049799 9051973 9056160 9057861 9059857 9062506 9063458 9068020 9070865 9072443 9076900 9080319 9084340 9088723 9091796 9092866 9096647 9097955 9098750 9101922 9106746 9107751 9114309 9118143 9119505 9124609 9126126 9129914 9133389 9134315 9135216 9141128 9142069 9145903 9147144 9151835 9152824 9154463 9157215 9158074 9171684 9173246 9175965 9178457 9183899 9185643 9187370 9190141 9192373 9195654 9197046 9198896 9205973 9206709 9208160 9213602 9221781 9226765 9231410 9232711 9233778 9240528 9244493 9249821 9250765 9255289 9257496 9260309 9264000 9266599 9270450 9273701 9275714 9278047 9281692 9285153 9302065 9308066 9311874 9315653 9319738 9324707 9327317 9328437 9330401 9332697 9336468 9340459 9345204 9346382 9348901 9352720 9360597 9362876 9367557 9369693 9376791 9379901 9381258 9390281 9392135 9394156 9395024 9396394 9401922 9405594 9409927 9411679 9413914 9416596 9419420 9424781 9427564 9428394 9431492 9434080 9438367 9439587 9440948 9447197 9448907 9453559 9457091 9461278 9464679 9466457 9468753 9470486 9475125 9477567 9480343 9481833 9483507 9486493 9487440 9488304 9491298 9497421 9498613 9500512 9503190 9507772 9510166 9510925 9512299 9513900 9515476 9517487 9518568 9525303 9527108 9531578 9537666 9539059 9541611 9543514 9546427 9547734 9549473 9551021 9552915 9553849 9556316 9558290 9560485 9561837 9563157 9564048 9569803 9571681 9573514 9575504 9579534 9583960 9585623 9588958 9591094 9594120 9595728 9600775 9604894 9606759 9623221 9624385 9627006 9631838 9634965 9638739 9641987 9644735 9647272 9651420 9652642 9654749 9657530 9658833 9660987 9665735 9668689 9671699 9674337 9679424 9682979 9685378 9689758 9691877 9694173 9696512 9700108 9703702 9706210 9712872 9715057 9716391 9720652 9723496 9731158 9732743 9736417 9738475 9743299 9745289 9749359 9750786 9754701 9759336 9763347 9765768 9767964 9770867 9772091 9773283 9774058 9775787 9776755 9778157 9781753 9783371 9784322 9786573 9791475 9792687 9796852 9799892 9801812 9802820 9808077 9810471 9814142 9819101 9820516 9823938 9827175 9830966 9838188 9843162 9846751 9847903 9849093 9852731 9853694 9859799 9864830 9866447 9870190 9873231 9877489 9879057 9883602 9885436 9887003 9887893 9894131 9898814 9901110 9902295 9905119 9906640 9907740 9910416 9913643 9917266 9919703 9922892 9924894 9925813 9928729 9933498 9935715 9939653 9943402 9948816 9951016 9952583 9953620 9955609 9961524 9963031 9963797 9968050 9970262 9972899 9975111 9977434 9978597 9980615 9983630 9993686 9995870 9997540 9998972 
</Matrix>
<Matrix name="Neuron_724" type="complete" rows="1" columns="349" multiplier="1.0">
   18033 20360 146041 156212 157762 196107 208370 215786 241338 323543 338950 349393 360514 377136 449185 475395 528349 550976 590996 612241 621647 629885 644487 675520 680838 706481 717705 736949 741274 769180 771781 787076 850433 856313 890225 902781 908125 964341 996804 1003864 1023197 1071245 1096339 1103230 1124620 1138825 1175460 1187667 1222211 1245335 1263752 1282074 1320791 1343898 1353680 1369368 1408785 1419774 1432731 1513739 1523817 1529762 1540646 1543907 1547605 1716554 1738920 1754413 1759948 1779124 1780215 1836770 1844375 1860887 1869450 1964380 1969630 1972446 2024890 2042047 2049399 2062363 2085590 2105941 2117630 2135566 2140566 2145538 2148338 2175578 2202297 2213137 2218596 2224705 2235345 2275771 2320666 2328010 2332526 2362507 2462611 2506074 2571353 2586952 2616505 2622901 2653202 2671781 2682405 2694013 2810943 2827124 2847283 2868952 2883038 2964439 2999447 3016979 3022793 3081831 3087674 3176511 3188379 3194721 3233006 3240409 3255327 3278455 3284351 3286088 3291869 3322518 3396769 3409145 3426280 3463914 3472683 3506154 3533292 3657013 3659767 3709609 3714306 3722442 3796807 3812687 3851079 3869570 3890064 3914749 3917323 3975430 3990911 4074003 4155450 4158052 4164751 4177747 4202372 4221371 4241706 4255617 4322264 4336168 4349030 4357134 4390196 4406240 4422993 4424015 4482096 4502661 4522654 4525528 4535033 4634663 4637487 4743599 4775024 4777192 4856608 4864999 4874306 4889370 4897091 4899997 4915234 4983696 4987196 5043315 5089136 5133730 5139485 5147225 5218369 5278278 5281548 5317203 5338998 5366990 5406268 5479548 5518984 5523816 5537360 5547092 5671254 5714129 5752306 5770978 5842667 5867910 5883492 5888718 5913556 5937888 5995683 6004676 6069453 6103100 6106556 6107887 6139571 6141259 6176542 6189356 6280226 6302638 6314677 6348614 6381121 6433401 6443350 6471813 6487960 6507847 6512530 6534310 6586571 6635053 6660439 6681547 6685246 6810204 6840992 6848551 6976405 7035566 7045953 7065351 7133266 7168163 7169008 7175349 7178101 7191265 7198089 7204956 7327354 7341276 7353872 7399062 7413789 7431010 7538966 7608304 7658745 7698433 7701984 7745651 7789167 7796522 7891281 7906677 7912652 7938335 7944263 7953786 7955202 7966141 7973083 7978026 7992273 8012143 8040208 8058379 8063131 8139059 8178687 8191147 8196345 8204975 8212969 8261025 8288384 8327977 8332459 8387267 8389103 8408098 8444395 8449755 8507300 8552314 8560707 8633847 8725149 8751807 8760714 8771712 8779325 8823255 8835689 8855366 8869871 8913222 8926900 8993611 9034962 9087784 9099423 9135947 9173311 9213949 9241895 9253883 9284321 9343546 9365216 9371514 9383735 9482105 9518500 9521133 9607216 9660102 9695278 9712362 9718636 9731468 9743245 9801572 9830615 9847718 9851154 9857462 9893982 9905562 9964757 
</Matrix>
<Matrix name="Neuron_731" type="complete" rows="1" columns="3234" multiplier="1.0">
   1242 5583 10354 13004 14074 16516 20967 22103 24525 25566 28787 32473 36283 37506 42501 44249 47327 51518 52261 55710 59381 60606 61670 64141 68086 69417 73238 75795 79890 84809 85860 87529 91682 95171 96629 98130 101577 109290 111920 116412 120028 121841 123076 125355 127951 143447 147288 148785 154511 160215 163144 164982 166807 168236 171045 173233 174014 174950 176479 179769 180686 184008 189555 193135 197792 202085 204718 207394 211590 216287 217358 221693 227083 228266 229713 231730 233515 234995 236909 238116 240714 241711 242817 244199 247582 253395 255407 258201 263290 267504 272130 279135 282267 286724 288063 291881 293609 296066 299416 303915 307859 309088 319264 321196 323772 329669 336585 340518 342251 346931 351970 354149 357003 359639 363511 364512 369004 370828 372268 374619 381335 389134 391356 393543 395149 398473 400321 402246 403812 411232 413356 416558 418479 424310 429234 432528 443464 445135 446410 452347 453754 456572 460396 461738 462897 469159 472709 477655 478316 481763 483823 490589 492064 493559 496474 497990 500300 504050 506034 507172 508274 511005 514336 517968 519461 522595 526438 529452 530390 531779 532603 533656 538175 539789 541963 548122 552418 554683 559195 561786 565966 568261 570893 574879 577348 579758 582118 586182 589772 592006 592602 593864 594940 599021 602411 606343 608391 609376 612189 613101 615256 616744 619789 622275 624769 629665 635569 637665 644115 649332 653843 657802 659155 663625 665938 667980 669154 671784 674134 675671 679943 686735 689683 693897 697090 699098 703049 706356 709989 715863 718113 719302 723713 725925 727945 730045 731519 733000 740036 741530 742312 749734 756155 758803 761747 764774 772597 774739 782739 785491 787092 791071 793112 794742 796948 797970 800918 802435 805445 808828 811315 815006 817716 822771 825575 826721 828143 830335 831400 833953 837023 842970 844053 847096 860215 862220 865439 868549 870738 872432 874890 877058 880872 881838 885639 887948 890862 893969 896257 897368 901021 905213 907151 910644 914985 917524 918402 921828 924523 926834 933928 936256 939260 942659 945858 947255 948245 949452 956932 961231 966732 971124 976769 982243 986840 988792 990054 991498 992765 994148 995258 996593 998592 999786 1002984 1003842 1005878 1008377 1018696 1022442 1025446 1028519 1032090 1032795 1034828 1041884 1044005 1045984 1048147 1051336 1058912 1061574 1065945 1069154 1079524 1082491 1084182 1085791 1089425 1090363 1096741 1098615 1101073 1102797 1104033 1105161 1106497 1110302 1112478 1119850 1133009 1135584 1140802 1142528 1145323 1147249 1150896 1158513 1160531 1162152 1166647 1167551 1169128 1172605 1177045 1178324 1180013 1180737 1184883 1186614 1188426 1189784 1194578 1198563 1200018 1205766 1207431 1212808 1216159 1222680 1224410 1226053 1228607 1229330 1237195 1238889 1241378 1243841 1245508 1247408 1248809 1251424 1255171 1258472 1259463 1261086 1267749 1271170 1272213 1276967 1278122 1282797 1283755 1287311 1289827 1293518 1297278 1301344 1307104 1312032 1315026 1316018 1319375 1320361 1322509 1324862 1328086 1334876 1337957 1339468 1341932 1342927 1346331 1349421 1353282 1356987 1359112 1362942 1364207 1366098 1369475 1372507 1373546 1377309 1379617 1382913 1387300 1388964 1390148 1391843 1394060 1395287 1398726 1407780 1410149 1413173 1415178 1420013 1423033 1426415 1428960 1430661 1434362 1435642 1436403 1438830 1444255 1446553 1448596 1452706 1457684 1459033 1466606 1468322 1471435 1481228 1482510 1488795 1490767 1491858 1495148 1496597 1498801 1501555 1502277 1507903 1513880 1515070 1516645 1519572 1522819 1524025 1526116 1528292 1529052 1532345 1533462 1535645 1536522 1538928 1542538 1549300 1551202 1553490 1554494 1556016 1563690 1565440 1570397 1572716 1575984 1576832 1580371 1589046 1590348 1592255 1594295 1599100 1600254 1602150 1603081 1605454 1606955 1609157 1611996 1616753 1618902 1621257 1622617 1631499 1632572 1634440 1635561 1638086 1640901 1642823 1644149 1645947 1649238 1650117 1654303 1656205 1663598 1664817 1666813 1667781 1670234 1671576 1673053 1675774 1677452 1685774 1688305 1689896 1695324 1696845 1701359 1703230 1704807 1706501 1709182 1713874 1717575 1718602 1725143 1727323 1731000 1733536 1736793 1739208 1741824 1744414 1746882 1750293 1752711 1755543 1757671 1758593 1761779 1763893 1764928 1767152 1767841 1772498 1778080 1782177 1784794 1791444 1794765 1796826 1800879 1802485 1804253 1806900 1811549 1815456 1817134 1819468 1822473 1823599 1826295 1828276 1834231 1837133 1838326 1844804 1848893 1849996 1853144 1855530 1860485 1865171 1866490 1871025 1873217 1874524 1878889 1879627 1881863 1884495 1889604 1892907 1894271 1895781 1897619 1904315 1906506 1907447 1911439 1915118 1916486 1917805 1922403 1927020 1928019 1934168 1941073 1942050 1945258 1947622 1949723 1953517 1955941 1958823 1962795 1965207 1968942 1972013 1974772 1975771 1985365 1987446 1989581 1993116 1997899 2000764 2001691 2002904 2011563 2013394 2015263 2018660 2021753 2023077 2024245 2027603 2029494 2034867 2036470 2038103 2039229 2042251 2043612 2044177 2045709 2048452 2054511 2055459 2057953 2059465 2062301 2073314 2074627 2078589 2081876 2089213 2090171 2091890 2095426 2098352 2101274 2103511 2106106 2107646 2109686 2114281 2116361 2120545 2121534 2122946 2124188 2125234 2126024 2137533 2140237 2142376 2150596 2153903 2155937 2160474 2163146 2163878 2169751 2172160 2173095 2174298 2175957 2178060 2181463 2186177 2187910 2191313 2192476 2194303 2201675 2203709 2206611 2208638 2212171 2214396 2220482 2225669 2228230 2229561 2234668 2237021 2238741 2241615 2246298 2247171 2250184 2253182 2261813 2264578 2266766 2268381 2269239 2271338 2278431 2279970 2281087 2284365 2286087 2286984 2288443 2291065 2294595 2295559 2298218 2299583 2302879 2303968 2304890 2306074 2307650 2308543 2311169 2313173 2314856 2318549 2319514 2325159 2327946 2333219 2350822 2353557 2354354 2358839 2360662 2362044 2364620 2366176 2368676 2370083 2371672 2378277 2379113 2382234 2386579 2389511 2393504 2394795 2402452 2403244 2404459 2405499 2406826 2409780 2412407 2414836 2415976 2419302 2420808 2422881 2428215 2431889 2435766 2437132 2438303 2440940 2442129 2444286 2446087 2450768 2455658 2459155 2461257 2463523 2464967 2473398 2476454 2483158 2484858 2486112 2493394 2497993 2504577 2505731 2512306 2521303 2525321 2531234 2536843 2539550 2542082 2543257 2544298 2549502 2550816 2555363 2556602 2558232 2559461 2560495 2562073 2565367 2567867 2570573 2574555 2575658 2576948 2580835 2584574 2585881 2589215 2591898 2593205 2596812 2606419 2608302 2613108 2614601 2618291 2620079 2622694 2625392 2628332 2629445 2635812 2643535 2648448 2649593 2653652 2655760 2661579 2662683 2666984 2668383 2670107 2672999 2674783 2682761 2686678 2689231 2690476 2693609 2695510 2699722 2703407 2713644 2716844 2717670 2720951 2723489 2725535 2726370 2729500 2732834 2737173 2737981 2740688 2741565 2743106 2745982 2750667 2752092 2757559 2758902 2761271 2763378 2773166 2776227 2780102 2783601 2785281 2790050 2791673 2793530 2795488 2796552 2798085 2799359 2804383 2810154 2811744 2816767 2819263 2823073 2824023 2825361 2826640 2829302 2834350 2835712 2837731 2839163 2841927 2850787 2853717 2854916 2856450 2864711 2871967 2873846 2876125 2879225 2886205 2888127 2889184 2899309 2901145 2902201 2904262 2906484 2907480 2908740 2912912 2913983 2918629 2922346 2925492 2927626 2928620 2935756 2937332 2942868 2945483 2950720 2951429 2954178 2956409 2958675 2960380 2963114 2965117 2971392 2972284 2973603 2979616 2985674 2987654 2990194 2992034 2996138 3007638 3009015 3011473 3012397 3019552 3022036 3024505 3025745 3029047 3031113 3032647 3036230 3039304 3040548 3044124 3046582 3047565 3048674 3055466 3057643 3059628 3061017 3062006 3063579 3064714 3066121 3068085 3070624 3072237 3077947 3080574 3083060 3087830 3090958 3095574 3099719 3105265 3110262 3114397 3118686 3124948 3127068 3130128 3135161 3140135 3147643 3149118 3150229 3151012 3155647 3158553 3159919 3160696 3163130 3165915 3168257 3173423 3176866 3184839 3186657 3190533 3197727 3198916 3200783 3202924 3205632 3209057 3211755 3216904 3218545 3219358 3222180 3225175 3229679 3231090 3234877 3235633 3239255 3241302 3246127 3248463 3253689 3257940 3265701 3268892 3277796 3280416 3282331 3288267 3294040 3297999 3303185 3304983 3305899 3307456 3310487 3311794 3315071 3316917 3318685 3323871 3330520 3332639 3334228 3337636 3339769 3341407 3342698 3343923 3345657 3347033 3350079 3352401 3354004 3360700 3362647 3364412 3366712 3369943 3373621 3374965 3377407 3379926 3380903 3384002 3388236 3389639 3391969 3396369 3398750 3402422 3404535 3409954 3411393 3420784 3425326 3427715 3429741 3432273 3436219 3437454 3439997 3441556 3443442 3447024 3448783 3451766 3455954 3458401 3464205 3469302 3471235 3473435 3475471 3477485 3478479 3480072 3483259 3484865 3486117 3490333 3495735 3497922 3504044 3506932 3507819 3509579 3511494 3513728 3515024 3518364 3522850 3525287 3526136 3527204 3528580 3534427 3535639 3538692 3543288 3544161 3547650 3549772 3554206 3556108 3558322 3560031 3561145 3563949 3567406 3573431 3574338 3576244 3579539 3586534 3591168 3592799 3595505 3596668 3597916 3604089 3611470 3613631 3615918 3617787 3619229 3620043 3627628 3629367 3630177 3632132 3633765 3636151 3637047 3639567 3643059 3643996 3646575 3648540 3654852 3661522 3663468 3665668 3667893 3670404 3673470 3675025 3676389 3680087 3686212 3689012 3691563 3695923 3697543 3703473 3706028 3707525 3708672 3711264 3712737 3714730 3715847 3720343 3722913 3725753 3729929 3732833 3734680 3735728 3739818 3750470 3758342 3764450 3766812 3767550 3770429 3773699 3779445 3782454 3787244 3789442 3790505 3792877 3795014 3805594 3807819 3811448 3813649 3816649 3819739 3827846 3830577 3833816 3837999 3841803 3843127 3845064 3850137 3851989 3853831 3856656 3857638 3860393 3862063 3864243 3865983 3871184 3876173 3877478 3883749 3886166 3889739 3896090 3897193 3897984 3905697 3906793 3908595 3910243 3912244 3918336 3919901 3922846 3924738 3926107 3929072 3930265 3935385 3937906 3942564 3944566 3955130 3956191 3963406 3964338 3973718 3982517 3983423 3988118 3990420 3992313 3994837 4002095 4005871 4011332 4013109 4018224 4019909 4025075 4025657 4028279 4030415 4033153 4034557 4037788 4040550 4041799 4043847 4045409 4050965 4052026 4053899 4056971 4063235 4067087 4073887 4075506 4076850 4078922 4081994 4083807 4089564 4091307 4093368 4095290 4096563 4099975 4108029 4109335 4111195 4113094 4115524 4117483 4119789 4121609 4124890 4143681 4148445 4151620 4157741 4158865 4164091 4165387 4174718 4176071 4178295 4187889 4188811 4192748 4195847 4197444 4204247 4208610 4210809 4212593 4215331 4217391 4219029 4221131 4228220 4234247 4237171 4239659 4240877 4241819 4249456 4251224 4253413 4257463 4261968 4265221 4267308 4268987 4272226 4277906 4280972 4285639 4290756 4291706 4292896 4294095 4300928 4301974 4307029 4308054 4309168 4312926 4314662 4315892 4322782 4325094 4331800 4336475 4339937 4341315 4344039 4346482 4347615 4350047 4355113 4359227 4363729 4367450 4370086 4372034 4376291 4378723 4381630 4384145 4386516 4388474 4391890 4393515 4395062 4397049 4399221 4401329 4402683 4407070 4408437 4409358 4410198 4413815 4414518 4416281 4417086 4429472 4430848 4435649 4437925 4440761 4442282 4444450 4445997 4447547 4453516 4456899 4459357 4460703 4462833 4464480 4466150 4467174 4468579 4469680 4472744 4473843 4477566 4482960 4484094 4485584 4487585 4488377 4491902 4497196 4502151 4504378 4511209 4513900 4516965 4518573 4520862 4526269 4527700 4532910 4534784 4536111 4536955 4539723 4542684 4545231 4546965 4548581 4551424 4552611 4555148 4557009 4568510 4576211 4578324 4581042 4584532 4586601 4590247 4598055 4600668 4603803 4615044 4621434 4622424 4623508 4625739 4628144 4631075 4632291 4635110 4637033 4638730 4642361 4644447 4645605 4647098 4648375 4650169 4658807 4660732 4663337 4665476 4673123 4674241 4676391 4677971 4681624 4682790 4684143 4689485 4694110 4695293 4701787 4703301 4705394 4709100 4714515 4719873 4722444 4725112 4729317 4731050 4733617 4735196 4740809 4744699 4746678 4749787 4753140 4755159 4756916 4759637 4764435 4765374 4768295 4770759 4771808 4774734 4776865 4786195 4791811 4794047 4795608 4799437 4809671 4811966 4814320 4819850 4821101 4823234 4826130 4830375 4831967 4833956 4835310 4844131 4846039 4848956 4853073 4862955 4864246 4865233 4870941 4873244 4875387 4881710 4889056 4891147 4893768 4896513 4899214 4901370 4903526 4905248 4909913 4912912 4915762 4920268 4921111 4923304 4924354 4925309 4928919 4929685 4932861 4933652 4938131 4940275 4942461 4944614 4946832 4950154 4953837 4956496 4958620 4962900 4965270 4967719 4970583 4973729 4975967 4977893 4979776 4981160 4982865 4984079 4988836 4989913 4990942 4993802 4995206 4998007 4999908 5001554 5003122 5004799 5009093 5014192 5017159 5021777 5022644 5023799 5024717 5026184 5028166 5031637 5033091 5038824 5040579 5043083 5044994 5047730 5051471 5058308 5061663 5065556 5067703 5073427 5076904 5078387 5079439 5080674 5087323 5090084 5092088 5098730 5101393 5104395 5117014 5118818 5127185 5128035 5128794 5130389 5136087 5137234 5138199 5147516 5151929 5152933 5154770 5158030 5168937 5171910 5176758 5184186 5186926 5188280 5194355 5196994 5199019 5200078 5201541 5205653 5207146 5212121 5214461 5218527 5219821 5221046 5224344 5225746 5233652 5234825 5238973 5243977 5245703 5247404 5249490 5252001 5254663 5256630 5257750 5260152 5262281 5263616 5264674 5265711 5273869 5276521 5280852 5289770 5291700 5292859 5304696 5308322 5314003 5315451 5321451 5323107 5324635 5325812 5328068 5329816 5333837 5336701 5342288 5345333 5346939 5349964 5353326 5355291 5356851 5358616 5362111 5366593 5373325 5377360 5379626 5380676 5382291 5383702 5393753 5396191 5397848 5399104 5400554 5403165 5404753 5407331 5409095 5411846 5414569 5417053 5418689 5420021 5422006 5424572 5430046 5431876 5436028 5437448 5438666 5442243 5448402 5449462 5450773 5454094 5460839 5462297 5467503 5472830 5474313 5477921 5485658 5487793 5491440 5494499 5496379 5498594 5501172 5503758 5505079 5509398 5511724 5515802 5517520 5526215 5529047 5536654 5541033 5543637 5546427 5549184 5555199 5560231 5569333 5575410 5578701 5581482 5583164 5585458 5588623 5589710 5590566 5600477 5601629 5603217 5609260 5616042 5627646 5632241 5636892 5644520 5646275 5655406 5656413 5658992 5660352 5670172 5671976 5674849 5678193 5680121 5685854 5686806 5689779 5692058 5693586 5698135 5699011 5700743 5703693 5704756 5706901 5709024 5711100 5713648 5715666 5724901 5727090 5728845 5732081 5733641 5739766 5747572 5751009 5754592 5759887 5761822 5766487 5768661 5771952 5774587 5777012 5779102 5780375 5788750 5795052 5796500 5799035 5801453 5802758 5804502 5805883 5807266 5809571 5811257 5816883 5818890 5820406 5822147 5823971 5825542 5828374 5829694 5832582 5834426 5835561 5842971 5849378 5850611 5853723 5856340 5858183 5860346 5863273 5866725 5877354 5878415 5884890 5887355 5888371 5889567 5891425 5895037 5896001 5898468 5900500 5904991 5907204 5909551 5913854 5918755 5920623 5924923 5925765 5930006 5931486 5932518 5938298 5940924 5943432 5944367 5945429 5946793 5949652 5954786 5957909 5960191 5968880 5975279 5988854 5990494 5991776 5995206 5998322 6000259 6010870 6017952 6019726 6021331 6023441 6024923 6031402 6033523 6039970 6042222 6045010 6048356 6050617 6052523 6055712 6057404 6063537 6072125 6076887 6081049 6087651 6090855 6093317 6094700 6097202 6101120 6103860 6105797 6117507 6120455 6127212 6129739 6130633 6132950 6135398 6137101 6139090 6144991 6151353 6152313 6153908 6154462 6155167 6156750 6160716 6162830 6163620 6165868 6167341 6170299 6183903 6186394 6187760 6189312 6190796 6191911 6194963 6202490 6204922 6209176 6210858 6212686 6213665 6216026 6218120 6219175 6220780 6228195 6230398 6235611 6238040 6242188 6247959 6249870 6251577 6253018 6253859 6255190 6257020 6262032 6265526 6267410 6271477 6274626 6275840 6276577 6278487 6281184 6283227 6288084 6289671 6291311 6293826 6295092 6297977 6300583 6305743 6308828 6310000 6312193 6314346 6316320 6318209 6319476 6321211 6323227 6324667 6327109 6328597 6331082 6333222 6336002 6338059 6340147 6341391 6349152 6351670 6358464 6362024 6364141 6365589 6370633 6371715 6376033 6377699 6381110 6386148 6389086 6391084 6393831 6397991 6398903 6400885 6402576 6404572 6414940 6419912 6422757 6424536 6428123 6432517 6433204 6436065 6443269 6444489 6450583 6453657 6455223 6456474 6457380 6459876 6465590 6468950 6470525 6474050 6475016 6476854 6480668 6482682 6486581 6488699 6490263 6491590 6495032 6498850 6501107 6506539 6507970 6509425 6518046 6518612 6528206 6529334 6532429 6534318 6536179 6539120 6542678 6545036 6546528 6548160 6550021 6556386 6559283 6568011 6570278 6577871 6579986 6582082 6582967 6584729 6592512 6593795 6595062 6609227 6610891 6612330 6613593 6614597 6618312 6627340 6628727 6631372 6634500 6636326 6637387 6640485 6651232 6652853 6654498 6656821 6659212 6662342 6666903 6668871 6675585 6679701 6680465 6681792 6688583 6698634 6700481 6702079 6704206 6706711 6708315 6710156 6714074 6715374 6719530 6723941 6725096 6726213 6727083 6730955 6735469 6738388 6739650 6742104 6743184 6748211 6749314 6751511 6753425 6754642 6757740 6761388 6762675 6764645 6766080 6767253 6772409 6776201 6776920 6781128 6782410 6783607 6787032 6788223 6790086 6791740 6796767 6800091 6802627 6806003 6815030 6818272 6819893 6821300 6822585 6826780 6828463 6833955 6838971 6841899 6844207 6845423 6848073 6850534 6854846 6856844 6861295 6864345 6866251 6871189 6873938 6876113 6881822 6882919 6884376 6889860 6892568 6893550 6897454 6900800 6903710 6910051 6915630 6917651 6919778 6925390 6927580 6930026 6930744 6934302 6936188 6937788 6941891 6944227 6946912 6949507 6956842 6958633 6964453 6965779 6970945 6972334 6973973 6978002 6979840 6981376 6982953 6985277 6986121 6988241 6992964 6996139 6998790 6999914 7002224 7009935 7014668 7024480 7027484 7031618 7032705 7037933 7042768 7044269 7045619 7049082 7052999 7054298 7055509 7060027 7064023 7069913 7076736 7082611 7084741 7091444 7093237 7094366 7097973 7099864 7101312 7105271 7107940 7110713 7112137 7118132 7123400 7129646 7133030 7137665 7140500 7141640 7143862 7148966 7155920 7158478 7160578 7161885 7164631 7165149 7166135 7167220 7169262 7171593 7177684 7179028 7186851 7188119 7191612 7196046 7198138 7199523 7201173 7202490 7210705 7224146 7225282 7231551 7235381 7238502 7240310 7241639 7243357 7246099 7247199 7256009 7261226 7263004 7269663 7271918 7278119 7278997 7283555 7285570 7291661 7293073 7296366 7300177 7308335 7310037 7314185 7319042 7322344 7325807 7330097 7332030 7334637 7339380 7345814 7346767 7349487 7351263 7364312 7367001 7369557 7371585 7372227 7374403 7379495 7380884 7391419 7394414 7396061 7397892 7400805 7404644 7406610 7409369 7410870 7414001 7415423 7421511 7427033 7428321 7432207 7433943 7436138 7442091 7443994 7445162 7446482 7447145 7450290 7451504 7452369 7453580 7458325 7463206 7465117 7466768 7468578 7469540 7475606 7476903 7485367 7488520 7489459 7492685 7494102 7496121 7496965 7500573 7502175 7503499 7507819 7509546 7512845 7515182 7517104 7524202 7526139 7528810 7539924 7543154 7547925 7549260 7550938 7552518 7553345 7554406 7555892 7559560 7562093 7568965 7573940 7575980 7579275 7583528 7588318 7591253 7593151 7595444 7597931 7599463 7604803 7606039 7607141 7608187 7616101 7618576 7620143 7621047 7622690 7624878 7626086 7628738 7629550 7634830 7637864 7639095 7640278 7651937 7654028 7658120 7659243 7660938 7663089 7665361 7668820 7671191 7675437 7677061 7678028 7680070 7685767 7688270 7690448 7692377 7694889 7700465 7704268 7707928 7708608 7711764 7715425 7717713 7719228 7725274 7737463 7738545 7740826 7742446 7752282 7755347 7758162 7760333 7762413 7766892 7770147 7773470 7778375 7779087 7780606 7787493 7788994 7789912 7793821 7797394 7802814 7805870 7807523 7811624 7813866 7823468 7824976 7825975 7831498 7834096 7835336 7836983 7841353 7842071 7844967 7846979 7848200 7852208 7855951 7856834 7857774 7859464 7860300 7862103 7863115 7866253 7867361 7868970 7871705 7874785 7878304 7879441 7882762 7884623 7887241 7888626 7891967 7893933 7897226 7900504 7901959 7903672 7905552 7906968 7913232 7916208 7917266 7920721 7923085 7924273 7929461 7930342 7936634 7940325 7943027 7944039 7945492 7946178 7947501 7948762 7954234 7957966 7961428 7964903 7966616 7972104 7976186 7977823 7979125 7980232 7986956 7988607 7989551 7994125 7996418 7999629 8002523 8004605 8006335 8010711 8012367 8013472 8016823 8022654 8025893 8030846 8034025 8036763 8040131 8049669 8055964 8060890 8062253 8064888 8066377 8067792 8071762 8072971 8077041 8079880 8083059 8087534 8089092 8091044 8092125 8095917 8097804 8099833 8103867 8105215 8107798 8109579 8112258 8114189 8119194 8121432 8122911 8131138 8132694 8134285 8135751 8141296 8143228 8148456 8149100 8150079 8150801 8151963 8154368 8155611 8156565 8162283 8163868 8173552 8174619 8176388 8178476 8184071 8190155 8196814 8200965 8204739 8205723 8207507 8209298 8212397 8215735 8216904 8217686 8226511 8228169 8229438 8231737 8234541 8237408 8239626 8241545 8242452 8243790 8248353 8251021 8253701 8257045 8260491 8263372 8264564 8269021 8270592 8275159 8276728 8278123 8280219 8281505 8284196 8285768 8290040 8294866 8295548 8297532 8298751 8301807 8307360 8309137 8311043 8313789 8330659 8332478 8333681 8336830 8341434 8343819 8348747 8350419 8351132 8351935 8358378 8359155 8360064 8375007 8376854 8379543 8380785 8382160 8383370 8386856 8388606 8389882 8392600 8404692 8408234 8412053 8413340 8414357 8416655 8418687 8421566 8422405 8423355 8424797 8427424 8429459 8431209 8435007 8436927 8439019 8446227 8448458 8449169 8457990 8459033 8465221 8467019 8476357 8479585 8480514 8481733 8483707 8489137 8490310 8493989 8496528 8498196 8502732 8504877 8506112 8508881 8513807 8517554 8520029 8524003 8525363 8527086 8532975 8533845 8537053 8540287 8541886 8550192 8553456 8554180 8556201 8557266 8558492 8561120 8563093 8565527 8566504 8568420 8572349 8573077 8574875 8578178 8589315 8592239 8593093 8596010 8599366 8600395 8601074 8606710 8610355 8617163 8618144 8622747 8624133 8625208 8628188 8630572 8638333 8643230 8643947 8650567 8652216 8657928 8662335 8663825 8666325 8667471 8669200 8671056 8673359 8678798 8682404 8683704 8685297 8688810 8692254 8693916 8696338 8697779 8699331 8701502 8706573 8714162 8716283 8717619 8721552 8722282 8725044 8728095 8729711 8733177 8735907 8754032 8757159 8765363 8767003 8769350 8779340 8783587 8788522 8791206 8792608 8794028 8796868 8798519 8804412 8807231 8809823 8811052 8813158 8815874 8818780 8822282 8828266 8830994 8838508 8842213 8843952 8846281 8848161 8850517 8854910 8862657 8865412 8866250 8868159 8872286 8874629 8878332 8881243 8882437 8886954 8888838 8890171 8897203 8902020 8903862 8905737 8910089 8912785 8918365 8919747 8923017 8924537 8925456 8929407 8931648 8936153 8938039 8940978 8943254 8947287 8947890 8951198 8952411 8954927 8957451 8961031 8962442 8964179 8967905 8972623 8975335 8977262 8979038 8980906 8983491 8984736 8990018 8991444 8992313 9002606 9004768 9006674 9011024 9012151 9013976 9018560 9022604 9025187 9027745 9029384 9032238 9034501 9035254 9038684 9040208 9047140 9051566 9057243 9058667 9064094 9066008 9068146 9069251 9070388 9071975 9074113 9076089 9077518 9082059 9089547 9093755 9094739 9102229 9107318 9109382 9112591 9115128 9116275 9117284 9119606 9130235 9132277 9138224 9139586 9140631 9141700 9146121 9147708 9151343 9153685 9155767 9161586 9164918 9168771 9172895 9176086 9178864 9180639 9188325 9191293 9193429 9194961 9201638 9206331 9208590 9217980 9219017 9221223 9224714 9226509 9228280 9243108 9247185 9248438 9249656 9256432 9258984 9260195 9262297 9265783 9267193 9268440 9271626 9273782 9279515 9285134 9287051 9288067 9288953 9291438 9293723 9298101 9300200 9306973 9308867 9310618 9313358 9315040 9316338 9319258 9320133 9323404 9324944 9327603 9330883 9336929 9338417 9340673 9342189 9344293 9345567 9347173 9349477 9354762 9358950 9361420 9366282 9369703 9371021 9373065 9376039 9378220 9379990 9381927 9387863 9389214 9391363 9395989 9397076 9399063 9400037 9402332 9404688 9406558 9407698 9409908 9411720 9417805 9426151 9427758 9432619 9433904 9437868 9442128 9443717 9446531 9448668 9451386 9453896 9460150 9461289 9467327 9477313 9479121 9480641 9483911 9486298 9488785 9490231 9494079 9495428 9496382 9500330 9501796 9506668 9511255 9514649 9515688 9517161 9518089 9519725 9522983 9524653 9527491 9530149 9534796 9536240 9537472 9538584 9540217 9541234 9544410 9549661 9557238 9559092 9561269 9562398 9565703 9568861 9571660 9575488 9581870 9586629 9588482 9591712 9592810 9596897 9598267 9601544 9602512 9604609 9607348 9614259 9616345 9617277 9618336 9624478 9626710 9627658 9629144 9631176 9634142 9636454 9646950 9649003 9652328 9653654 9656311 9657036 9658546 9664722 9667615 9669279 9673940 9680773 9686695 9689471 9692493 9696853 9698036 9701356 9702484 9704755 9706495 9707673 9710717 9717453 9721344 9723662 9727043 9731475 9732524 9733410 9735386 9740416 9748182 9750916 9752838 9753591 9755737 9756596 9758334 9760155 9761169 9762298 9765318 9767611 9771087 9773128 9774870 9777153 9789463 9792507 9800234 9802143 9803054 9805467 9809112 9811881 9814732 9816231 9819235 9821988 9827377 9836343 9840309 9844238 9845378 9848551 9850132 9855051 9857257 9859998 9861413 9865059 9871638 9872913 9874639 9876190 9880388 9882637 9883207 9884383 9886549 9888544 9891035 9892627 9899287 9904782 9906910 9910327 9912338 9913183 9914441 9917513 9933538 9935358 9938824 9942622 9957524 9961331 9970016 9971766 9975510 9982709 9984034 9985296 9989024 9994317 9997794 
</Matrix>
<Matrix name="Neuron_734" type="complete" rows="1" columns="324" multiplier="1.0">
   21603 27824 53478 59433 185866 300074 316788 329799 348811 387846 415957 432425 442307 456896 487900 490747 505823 517392 575053 598976 604039 647037 672048 675958 680887 722843 744337 842283 859620 981200 996656 1003301 1067752 1090838 1104076 1141554 1174546 1256749 1306445 1365705 1401817 1418603 1433999 1439180 1521235 1526775 1560221 1564669 1672366 1684002 1724782 1783339 1837572 1908101 1933184 1944289 1981742 2011739 2026860 2035080 2037027 2049475 2136493 2178201 2193526 2207152 2221555 2255380 2287205 2331876 2365769 2452496 2460365 2572975 2615838 2657982 2718968 2802622 2822460 2840332 2844487 2857842 2864067 2892019 2908204 2918241 2927058 2936852 2946480 3025497 3035814 3039480 3070021 3079001 3093839 3114149 3120683 3154643 3194216 3214108 3244676 3288878 3290100 3312231 3315231 3351027 3365461 3368326 3419810 3423153 3447661 3626741 3670315 3700377 3732045 3737155 3740690 3748468 3773997 3778687 3911214 3930439 3938195 4010873 4013690 4018333 4022715 4071638 4084676 4143005 4178226 4188959 4191278 4205867 4269477 4369425 4450176 4575956 4604927 4619914 4660424 4711431 4722929 4728103 4816648 4824596 4864563 4920469 4927874 4930666 4968115 5061381 5133430 5156139 5272428 5288565 5324685 5329369 5375733 5394414 5431578 5458044 5460707 5474490 5522915 5530235 5538768 5549036 5600960 5639982 5664652 5688561 5706536 5712536 5798706 5826767 5844636 5855819 5877616 5958863 5969234 5985157 6019022 6057414 6086701 6094332 6121090 6129399 6131964 6192775 6203623 6227210 6251674 6291851 6329301 6361211 6387435 6410496 6446724 6542888 6675587 6682161 6725602 6742365 6751205 6755736 6807568 6819137 6844092 6849180 6883405 6904587 6908334 6927747 6997604 7004652 7051631 7095426 7170235 7189987 7205050 7222025 7231690 7250794 7281445 7315347 7351012 7371947 7374987 7392681 7457987 7483734 7567674 7614609 7637643 7667295 7673473 7689815 7733336 7745684 7806085 7884970 7905200 7922806 7937226 7944348 7960348 7981342 7993030 8020065 8058952 8080034 8099707 8148021 8169051 8192774 8260322 8271949 8298955 8303883 8387368 8430043 8440354 8511120 8535316 8552240 8602135 8604814 8608776 8637478 8668082 8689853 8796912 8801621 8826508 8834467 8851149 8866848 8890752 8897897 8936443 8948607 8959732 8964671 8991509 9002407 9172320 9178046 9226538 9242651 9253161 9281881 9293946 9303771 9306244 9333126 9343524 9352422 9394140 9408543 9418146 9430219 9437052 9444813 9458262 9484655 9502211 9529900 9537144 9560847 9583324 9668937 9701821 9710876 9734579 9777740 9783193 9791305 9862288 9885821 9905644 9911099 9916942 9997527 
</Matrix>
<Matrix name="Neuron_741" type="complete" rows="1" columns="1176" multiplier="1.0">
   12066 25241 28322 30096 35874 38225 47708 53502 60549 72146 89591 104767 107669 124015 127155 133076 134274 137044 139786 156611 162192 169569 176325 178442 181090 195383 201084 236372 241176 249090 251152 262769 270387 279279 280501 287903 296095 313652 325795 333511 339492 348505 352221 356380 357885 359079 378526 379382 382338 389044 404471 407934 415162 423672 425819 429464 439058 443037 457372 467715 479883 507271 513949 515041 517405 525086 533467 539454 551871 564223 573631 612373 614322 624053 633522 647254 648466 657251 666033 670003 672967 675949 678575 680978 689474 692343 711119 733784 739979 749293 758313 762160 765150 768716 774020 780694 796024 807067 832874 842787 846646 849076 854008 866472 868116 876771 881287 883729 900377 913431 919633 921962 930929 934685 939330 941585 948777 951587 964989 988369 1020296 1027291 1029613 1037614 1040861 1042271 1045158 1048590 1071980 1103555 1110748 1111398 1125728 1126872 1142913 1148689 1169579 1174223 1182343 1184025 1187541 1190065 1205736 1207603 1209999 1225442 1233202 1244964 1250392 1261453 1274145 1276605 1292414 1296404 1299913 1302874 1311025 1318915 1341587 1344880 1348328 1354523 1358104 1360156 1379981 1388525 1393241 1394784 1396685 1398897 1401092 1407258 1412441 1414737 1418358 1437075 1438140 1441978 1456347 1460057 1467334 1482355 1490511 1494865 1495716 1501096 1518196 1527399 1530346 1536498 1538563 1542925 1553612 1559714 1563539 1565280 1569855 1572096 1575959 1582764 1588378 1596246 1599316 1600712 1612837 1616049 1625333 1627134 1637338 1651503 1657948 1671099 1693563 1696604 1700255 1701815 1706112 1709925 1716532 1724960 1730909 1741277 1743242 1750666 1761525 1771753 1784310 1813808 1819286 1821138 1825535 1834424 1840196 1844922 1849949 1872684 1885363 1911883 1927369 1930117 1935444 1937548 1953529 1954851 1966563 1969100 1979259 1981208 1997426 2012099 2036873 2037919 2042343 2046996 2063322 2068412 2073080 2078348 2081750 2089818 2093508 2095876 2112552 2123121 2133030 2141258 2166667 2194391 2206968 2211248 2220044 2225037 2234183 2243181 2246698 2252540 2262761 2271123 2274049 2287713 2293357 2297176 2299593 2344974 2348736 2358911 2360806 2363778 2370627 2372938 2386641 2401708 2412430 2421008 2422982 2432415 2434338 2456636 2458515 2464327 2476275 2478363 2489910 2497488 2509025 2514822 2524638 2541263 2543354 2558698 2559702 2562497 2565975 2569323 2581000 2605120 2607350 2614196 2627632 2632525 2655431 2675395 2691520 2727619 2753758 2767264 2772231 2773664 2778396 2784674 2793258 2799817 2811185 2816195 2821179 2821852 2831215 2847759 2851676 2853069 2857111 2876390 2888182 2896789 2898700 2900380 2905405 2907679 2918066 2941571 2946506 2954068 2965832 2970027 2982090 2989028 2990578 3048735 3049945 3072980 3095674 3097403 3106544 3112106 3114229 3121500 3156578 3161309 3162458 3165817 3171780 3184880 3192692 3195977 3203025 3208525 3216224 3233318 3237782 3246458 3252676 3263389 3265571 3271868 3272594 3273642 3283969 3287973 3290023 3294421 3304394 3305392 3310525 3315841 3335483 3336389 3339357 3341415 3348043 3351499 3355721 3370502 3382720 3386005 3396776 3411788 3413373 3420349 3454915 3455975 3458393 3473491 3475939 3483318 3486675 3511255 3513292 3516098 3518598 3530439 3538793 3542778 3549095 3574538 3581974 3595607 3608181 3612304 3623514 3625127 3639409 3650422 3661907 3674764 3687507 3691365 3694914 3700933 3710182 3716351 3724167 3734741 3738904 3764848 3766774 3795906 3809739 3811718 3824518 3827985 3837357 3855215 3862025 3870191 3873666 3883654 3892592 3894271 3901968 3904058 3909147 3916932 3918049 3931065 3934291 3967351 3976492 3979150 3989199 3996405 3999269 4004256 4006845 4026599 4030813 4053353 4074534 4104524 4113693 4117660 4123965 4127015 4130053 4147134 4149629 4159044 4170689 4173286 4174616 4183498 4195713 4202813 4207085 4210254 4211573 4222478 4231995 4233420 4236957 4262478 4264683 4267599 4285005 4287915 4299128 4300875 4302831 4306124 4312097 4315000 4317284 4332358 4336741 4342201 4350830 4360735 4371670 4373491 4376366 4385696 4388112 4390237 4396996 4401324 4410641 4415198 4430924 4440730 4449262 4451538 4468654 4469721 4491995 4494584 4497033 4507789 4513175 4516437 4520596 4530769 4535067 4563930 4572412 4579848 4589446 4599210 4604262 4626785 4635986 4637201 4650195 4654188 4686947 4712010 4737618 4739033 4740174 4744032 4748121 4758554 4760887 4763640 4771824 4774392 4776932 4779968 4783169 4785414 4792089 4818111 4826870 4830116 4835383 4853340 4854625 4879503 4890162 4918783 4929766 4942766 4950555 4967020 4971182 4982679 5004314 5009822 5014829 5020224 5036175 5041786 5056451 5060121 5067855 5071544 5072499 5085746 5090162 5093152 5096235 5112704 5115394 5126160 5153255 5162968 5164927 5180247 5185661 5194349 5216585 5218229 5226336 5241223 5257019 5260782 5290179 5298792 5316799 5322814 5332236 5333500 5342336 5345362 5357558 5371402 5375017 5401569 5420265 5425313 5426453 5427675 5433689 5438520 5441207 5445023 5456690 5458290 5461956 5469807 5512066 5522558 5527279 5531896 5536259 5541296 5543061 5554176 5565666 5584620 5593179 5606936 5609679 5611266 5613707 5623351 5633753 5640176 5648164 5652080 5656868 5662287 5669136 5675245 5680351 5684693 5690084 5694932 5696414 5706954 5711448 5720980 5725886 5750390 5760618 5765071 5772308 5786069 5793577 5795420 5797636 5799333 5811096 5820642 5823317 5834875 5836974 5840891 5854266 5857965 5867966 5872757 5880907 5902944 5906707 5918117 5920084 5922820 5931126 5941014 5967308 5980401 5987667 5992847 5996131 6002757 6006612 6020880 6032272 6044488 6048838 6076101 6078780 6079561 6089720 6099927 6102656 6124740 6128457 6142026 6149729 6155070 6172587 6173533 6188150 6219382 6257992 6265984 6280680 6285053 6290878 6302444 6305033 6309735 6317020 6333509 6355832 6384418 6388344 6390622 6396066 6408666 6417171 6424708 6427654 6431292 6434426 6436594 6451266 6454303 6463694 6479791 6490183 6507322 6522410 6535879 6554219 6560939 6582556 6587812 6596623 6597625 6601031 6615065 6618438 6623952 6626024 6629974 6661846 6670313 6689649 6707174 6710715 6714037 6718930 6729358 6737363 6739849 6742971 6746005 6763892 6771892 6774187 6778847 6782827 6821562 6832117 6837705 6840485 6847756 6851523 6901963 6914765 6922373 6929674 6946171 6949701 6951721 6956458 6957341 6965475 6975697 6984910 6992874 7002288 7009736 7013228 7021436 7022955 7026718 7036517 7054793 7065649 7077255 7088292 7096267 7098141 7102330 7103295 7125727 7127638 7131484 7135121 7136624 7139102 7140392 7142295 7163530 7171330 7174268 7176405 7187890 7196641 7225634 7227016 7230034 7232609 7238960 7245484 7249644 7255843 7266737 7269951 7273167 7279295 7287239 7290561 7307692 7310657 7321846 7325159 7329104 7333953 7342268 7360344 7362372 7365768 7371233 7382755 7399706 7410702 7417870 7419585 7436050 7474325 7476246 7479146 7481016 7484747 7487597 7495866 7498232 7512379 7514054 7515723 7521362 7525148 7526217 7527914 7561363 7568689 7602214 7605236 7625716 7632504 7646638 7648516 7655544 7673838 7687726 7697759 7704015 7710631 7719241 7720846 7743593 7749661 7757948 7759301 7769911 7773714 7782590 7790344 7792165 7799257 7810258 7812889 7817039 7832991 7842053 7847459 7851022 7893465 7912950 7914362 7923827 7928010 7930811 7938695 7943057 7945474 7954824 7969515 7970868 7973090 7982364 7988058 7990796 7995184 7997667 7999736 8002564 8009014 8010783 8011961 8013173 8016659 8018337 8020326 8024797 8025975 8034638 8046027 8046715 8055275 8066648 8071092 8074455 8093172 8107478 8119420 8124800 8129634 8153613 8162280 8164034 8180285 8183947 8186349 8195641 8198571 8202689 8215990 8217538 8229121 8230859 8232374 8244222 8250721 8253907 8264088 8270531 8271300 8287087 8289979 8292762 8296654 8307125 8313667 8322806 8343888 8352281 8358712 8359708 8371046 8378370 8389647 8394775 8402076 8411314 8413767 8420085 8433270 8443234 8446938 8453633 8476512 8477887 8489557 8491413 8507384 8517472 8520421 8531938 8533997 8546556 8556796 8561436 8562296 8564014 8567287 8576959 8584683 8591330 8598440 8611630 8622329 8628334 8645991 8650525 8654466 8657920 8666673 8668686 8679283 8692657 8702747 8706319 8715761 8752336 8756592 8771039 8778643 8788333 8793008 8822802 8831054 8834048 8841841 8859750 8873106 8882221 8889625 8892247 8902346 8922638 8927986 8933814 8934416 8937360 8940529 8941559 8944255 8948116 8961121 8969798 8972752 8974502 8981160 8987132 8989170 8999992 9014655 9019195 9036108 9055924 9060257 9061089 9074415 9079548 9084573 9096132 9112225 9121676 9125604 9126997 9133417 9134941 9144275 9154242 9156402 9159563 9171933 9183832 9184974 9187708 9190523 9192019 9204973 9212754 9215906 9218129 9221103 9277240 9287114 9292152 9293768 9295766 9299791 9303548 9323356 9325691 9331716 9337079 9352919 9360047 9361115 9363795 9403561 9417956 9421711 9429259 9433459 9452997 9483053 9485979 9494959 9500372 9501770 9507414 9513740 9518385 9520673 9523490 9544670 9562950 9571571 9592384 9597688 9601402 9613887 9626525 9635877 9640711 9645515 9647141 9653519 9662245 9676400 9687016 9698018 9700437 9703746 9708010 9716746 9725188 9755106 9764860 9776482 9777314 9783032 9786438 9788359 9790598 9792091 9796140 9803432 9808078 9814862 9816205 9818366 9827281 9830007 9831792 9846091 9879326 9880889 9882821 9884176 9908984 9944738 9947430 9961280 9973920 9977542 9979687 9982934 9997305 
</Matrix>
<Matrix name="Neuron_744" type="complete" rows="1" columns="2799" multiplier="1.0">
   1252 3542 6188 7776 9889 13611 16123 20417 27504 29452 31994 40751 42275 44425 45480 46711 54327 56761 65051 66547 69951 80666 83211 84587 86094 88241 93124 94245 96481 106397 115952 117581 120027 125641 127078 132527 134924 136303 138080 140740 142815 143855 150619 153038 154317 158681 161253 166502 167784 169159 170898 173468 178380 182568 183635 190558 191704 194483 200820 203734 205910 214011 217573 219225 227362 229671 232372 234563 243324 248317 249953 256713 258729 261369 263146 265006 268519 269680 271314 273544 276099 279848 282745 288311 291773 300061 314313 316478 317859 328677 330806 333360 334686 339811 340979 346062 352725 354024 355505 358734 361477 365068 367589 369810 374782 375869 378329 381298 386497 387637 389940 394994 406525 413736 415120 415941 418425 427471 430351 431600 432425 438555 440882 442887 445547 447915 450160 454139 455807 457225 459546 461261 463080 468654 474994 477201 481499 483129 485229 488047 492627 493835 496855 498477 501854 507915 509632 511948 513858 515518 516166 517429 521114 525340 526345 532963 536103 538495 543263 545380 546833 547866 549390 551207 552423 553752 559398 561259 566136 568596 574013 575022 577452 579651 580529 582834 584387 589483 591224 592382 595566 596692 597964 602622 609686 612497 624034 626952 627712 630570 636569 639260 641462 644233 645853 646665 654452 658820 660965 667435 671952 676761 679248 684586 687729 691588 694449 697395 702493 706808 713217 715491 723109 724982 726159 729154 733468 734913 739246 741977 745118 748737 751580 754600 756922 759752 762878 764725 768006 769375 772133 774538 775634 784749 787214 788195 794180 797483 806168 808379 809315 811514 812754 816899 819684 821819 822932 829031 831164 833453 835693 839559 840841 842354 843536 849151 851812 855444 857822 862096 869900 871765 877339 878781 879969 882170 883479 884761 886792 893075 894513 899087 901609 910973 912988 915395 929087 932922 937067 940596 946253 950719 953079 956153 957810 962168 968104 970146 971483 984411 992414 993309 995262 996875 999864 1001523 1006003 1007018 1017551 1019304 1020733 1023082 1025896 1026987 1032126 1034992 1036963 1046477 1051317 1055433 1057194 1059598 1061017 1063828 1073015 1074273 1076386 1087274 1088470 1094425 1101989 1103935 1115192 1118815 1120971 1125620 1127589 1129159 1131998 1135602 1136476 1139957 1146660 1154015 1156028 1158153 1160791 1162418 1164474 1166133 1167858 1171514 1172988 1174713 1177059 1184816 1190823 1193180 1194862 1196196 1197111 1206835 1212277 1216919 1220830 1225321 1226379 1227757 1229240 1237321 1238599 1241397 1244550 1249519 1253996 1256870 1258064 1262889 1264106 1266234 1267425 1268624 1275249 1276934 1280789 1285130 1286055 1289467 1296676 1300460 1301740 1303170 1305524 1306508 1309929 1316930 1320955 1323651 1325212 1328283 1330837 1333243 1338297 1345811 1360348 1361646 1363010 1364683 1367393 1369860 1372711 1373566 1374924 1376226 1384340 1392711 1398341 1406269 1411127 1413828 1417636 1429137 1431462 1438680 1441877 1446098 1447372 1454370 1455641 1461067 1463881 1465825 1466892 1468071 1472590 1473559 1474890 1482957 1484210 1486872 1490007 1493223 1503110 1506237 1508577 1512123 1515759 1518058 1518860 1523660 1524893 1526465 1527842 1529172 1532922 1534351 1535192 1537346 1540213 1541154 1542171 1546141 1549745 1551664 1555996 1559349 1561752 1568089 1569642 1572259 1573016 1579232 1581775 1583677 1584709 1588082 1588943 1590306 1592507 1595154 1607005 1608902 1611249 1614293 1618215 1622907 1624253 1625374 1630330 1634953 1636674 1644516 1646238 1649953 1652256 1673470 1675076 1678888 1685843 1688206 1689388 1696605 1698400 1699800 1705608 1710441 1711467 1716704 1722021 1724718 1726421 1728056 1730489 1731825 1733050 1737022 1738217 1739563 1742324 1743620 1744872 1748387 1751054 1753235 1755923 1759496 1762478 1763564 1764516 1774723 1776016 1778994 1789576 1792301 1794087 1796741 1797661 1802472 1804295 1805637 1816575 1822260 1824298 1827774 1830526 1832475 1841756 1845610 1849054 1850203 1851196 1854439 1863312 1869233 1870778 1873563 1878590 1880630 1886926 1888452 1889482 1890773 1892728 1896124 1899021 1901053 1903147 1912018 1929334 1937864 1940195 1942593 1944396 1954527 1958307 1962551 1964557 1966039 1970218 1976414 1978452 1981280 1990264 1991998 1993493 1994659 1996762 1999231 2004139 2006200 2013314 2018428 2020519 2023957 2028339 2032414 2033731 2035976 2036823 2040272 2042370 2045742 2047805 2049419 2052302 2061916 2063244 2074755 2080334 2081943 2084934 2088133 2091250 2094263 2095862 2097349 2109420 2115657 2117362 2119503 2122704 2124441 2128540 2130780 2132344 2134697 2136019 2138903 2142714 2146751 2152817 2166511 2171215 2179555 2180777 2183340 2186373 2191516 2193040 2194975 2197622 2202045 2206407 2211398 2220941 2222663 2227290 2230568 2239669 2241561 2243738 2247974 2249888 2251395 2253360 2262434 2264429 2271735 2277196 2285842 2289695 2301807 2304958 2313445 2315821 2316920 2325585 2330277 2332778 2333687 2342871 2347402 2349744 2350665 2351686 2356721 2358340 2361908 2363800 2364891 2367709 2368700 2372475 2374799 2378055 2385417 2390964 2394060 2394862 2403892 2408653 2409703 2412477 2415066 2424421 2426517 2428961 2431829 2433425 2443507 2447419 2451405 2453546 2455067 2459217 2461328 2462515 2470730 2475497 2477795 2479779 2481305 2483594 2484905 2486564 2490605 2493769 2500294 2508607 2509433 2514107 2518093 2519206 2524889 2527593 2529426 2533494 2539273 2545542 2547821 2550972 2553290 2556787 2565763 2571831 2572962 2576264 2578186 2579223 2581575 2584430 2590719 2593550 2596651 2598116 2603572 2605302 2607301 2615493 2620821 2622461 2623911 2628635 2633681 2634892 2639114 2640053 2641005 2643011 2646352 2649717 2650979 2651828 2652728 2654423 2658117 2659359 2662239 2664161 2665701 2670078 2671844 2673278 2676651 2678576 2684311 2686495 2688095 2694235 2698328 2700551 2701527 2702687 2707344 2712088 2716739 2718191 2720456 2723936 2726900 2733088 2735304 2737073 2738787 2741732 2744731 2748032 2749167 2754379 2756442 2757320 2761525 2763929 2765579 2780875 2786295 2787777 2790778 2794619 2801237 2804957 2807691 2809677 2810652 2811671 2816508 2819157 2820444 2823433 2826018 2829893 2834182 2836992 2845241 2847868 2849937 2851339 2861977 2865783 2870074 2871930 2872798 2875639 2880831 2891461 2894523 2897670 2899788 2903480 2906316 2909141 2918644 2924167 2926501 2933098 2933929 2937344 2938695 2941795 2943972 2947478 2949737 2956768 2959957 2973542 2974579 2979210 2983311 2993676 2996395 2998137 3001236 3005894 3008740 3010562 3014961 3020835 3026383 3027649 3036806 3042084 3045485 3049973 3052093 3053547 3055562 3061083 3064529 3068963 3072112 3074917 3077667 3078318 3081955 3085881 3088301 3090310 3091487 3095042 3096570 3098867 3102277 3105095 3108008 3115028 3116046 3118822 3124928 3127150 3128865 3130361 3137714 3142561 3144244 3147667 3148625 3159499 3161583 3163402 3164628 3166506 3168051 3170473 3172529 3174446 3179824 3186224 3191376 3197680 3198803 3200181 3202513 3204919 3210138 3212355 3214767 3223306 3226723 3229469 3230441 3233447 3234840 3236645 3240955 3243697 3246136 3250028 3251452 3254715 3257336 3273471 3274229 3278243 3280320 3282240 3292229 3295492 3297312 3302442 3304590 3306879 3314430 3317241 3320562 3323874 3326980 3339871 3341519 3342341 3348858 3353521 3355113 3356487 3362063 3364966 3371545 3372721 3377103 3382910 3385705 3388321 3395569 3396702 3397800 3405640 3409826 3410631 3412144 3412871 3414335 3416188 3416931 3418175 3429207 3430103 3431411 3435145 3440926 3443136 3444651 3450884 3452070 3453062 3453900 3458684 3459689 3461675 3462985 3467120 3471986 3474773 3479469 3481926 3483928 3485665 3488935 3493706 3495506 3499937 3507806 3509347 3512844 3514166 3523710 3528468 3530461 3532774 3533517 3535683 3538037 3541161 3544638 3553230 3555313 3556876 3560504 3562325 3569640 3580003 3585059 3588512 3590813 3593296 3598007 3603927 3608806 3610356 3612377 3613665 3615246 3618883 3621584 3623642 3625388 3626294 3632194 3635712 3641910 3643949 3653461 3655243 3656940 3664942 3673001 3674281 3676325 3684206 3685343 3698078 3699612 3700445 3711684 3715788 3718489 3723693 3727438 3729099 3730782 3732127 3733499 3737810 3739716 3743017 3744485 3747362 3750623 3752500 3754047 3754827 3764459 3765564 3766902 3778341 3782644 3784433 3787881 3789463 3790245 3792231 3793391 3794521 3796770 3797879 3804503 3806816 3809137 3813356 3814841 3817152 3818869 3820593 3822126 3825936 3829800 3837187 3839057 3841753 3842560 3845115 3846099 3852404 3860085 3862528 3864431 3869941 3871072 3873423 3879682 3884224 3891068 3895022 3896152 3900936 3903412 3908899 3914291 3917072 3920339 3921673 3928200 3930300 3932280 3935718 3939010 3944183 3951869 3954398 3956344 3961037 3963635 3976177 3979209 3984340 3988341 3992146 3993335 3995571 3998591 4000067 4005121 4007604 4012746 4015220 4017604 4022046 4023550 4025788 4029433 4035659 4042634 4044202 4046621 4051236 4055699 4056501 4062515 4064455 4069068 4070120 4075465 4083198 4085325 4086322 4088996 4094824 4103508 4108274 4114633 4120065 4121656 4124700 4125808 4129661 4133056 4135694 4137361 4148202 4149583 4151367 4153534 4154819 4158716 4159764 4162567 4171146 4176352 4177909 4180061 4183129 4188125 4188897 4192212 4194821 4196014 4201527 4202559 4203420 4205437 4209459 4213365 4217452 4220052 4222997 4228932 4231425 4233154 4237958 4239983 4243473 4245369 4249565 4252656 4254826 4256557 4258551 4260160 4262546 4268504 4269816 4271318 4277231 4283461 4288512 4290637 4294293 4296264 4300614 4306784 4308646 4315663 4316328 4325952 4328342 4332030 4333910 4335601 4337381 4339536 4345357 4348732 4351538 4354044 4366418 4371244 4372396 4375169 4376456 4382017 4383277 4384973 4390592 4397572 4402851 4404556 4410565 4414986 4418487 4425881 4429883 4430685 4436088 4443533 4449065 4454703 4456133 4456864 4458182 4459949 4461948 4463602 4465945 4471457 4473220 4475075 4478648 4480801 4481828 4484935 4485996 4486950 4488300 4491724 4492980 4495318 4508369 4510237 4519168 4523887 4529248 4534938 4536573 4539076 4540976 4547319 4548239 4550753 4553509 4555447 4559085 4565380 4567530 4573645 4577495 4580550 4586358 4588011 4589718 4590705 4591386 4593108 4596893 4598964 4601959 4606565 4610478 4616205 4619979 4625861 4627847 4629154 4633509 4635034 4636063 4638215 4647799 4649589 4653854 4658460 4660459 4661955 4664441 4665598 4667573 4682535 4684172 4685594 4689322 4690526 4693674 4695660 4703562 4706462 4717692 4719928 4723232 4727081 4729012 4730016 4738148 4739633 4741180 4745093 4751563 4752991 4754134 4760343 4762302 4765744 4771881 4773041 4775084 4775997 4779070 4782215 4785464 4786824 4790865 4793353 4797837 4800225 4805547 4810216 4818027 4819490 4821114 4824132 4830888 4834749 4840362 4842597 4843762 4849167 4850552 4853426 4854646 4856587 4861599 4867069 4871572 4875109 4878260 4881619 4883650 4890572 4894492 4902858 4913983 4914918 4915894 4919413 4920585 4924630 4926428 4932103 4936462 4940454 4941957 4943899 4945132 4948628 4956655 4964719 4969395 4973312 4974675 4979626 4982022 4984121 4988784 4995415 4997705 5002245 5004525 5007556 5008936 5010851 5016729 5018933 5021677 5026833 5028886 5030970 5031782 5040550 5042726 5050953 5053086 5057496 5061671 5069932 5074503 5081081 5081867 5088635 5095548 5096900 5098349 5114535 5120096 5122436 5131283 5139950 5143044 5145515 5146728 5152624 5153510 5155655 5157651 5164750 5165673 5172637 5177655 5182228 5184058 5184864 5186462 5189270 5199877 5201971 5204137 5206242 5208806 5213026 5216102 5218150 5219221 5224418 5249936 5253726 5262128 5264072 5267804 5271349 5276768 5281219 5284570 5288830 5292650 5294001 5297320 5300291 5302093 5303396 5306665 5309282 5315717 5324853 5325666 5328571 5331377 5333642 5335583 5340200 5349099 5357376 5358719 5362458 5366607 5370241 5373853 5376551 5384748 5390183 5392456 5395639 5399646 5400782 5405514 5408683 5411177 5419530 5423556 5424907 5428020 5430415 5433058 5440242 5443745 5446595 5447803 5449872 5451079 5452348 5455693 5458373 5459189 5460605 5461788 5468208 5469612 5473043 5480628 5482843 5489897 5499225 5501038 5503460 5508417 5512035 5516237 5519175 5520539 5521800 5523335 5524010 5532885 5535216 5539781 5540998 5547982 5551531 5554785 5560281 5562223 5564622 5566153 5569007 5572405 5576525 5582742 5589484 5591300 5595612 5603868 5607173 5607991 5610100 5611865 5613115 5614308 5620385 5621899 5629710 5632926 5634350 5638236 5639882 5641492 5647337 5649320 5650396 5651530 5652613 5655743 5658320 5659536 5664279 5666263 5667193 5669509 5680743 5681612 5683610 5687352 5699045 5704729 5705741 5708611 5709397 5712692 5715132 5725635 5728421 5732782 5734024 5735896 5739056 5741026 5745690 5746592 5751308 5755361 5758767 5763395 5766915 5767664 5769131 5782047 5785807 5791090 5794517 5798649 5803655 5805267 5806371 5808005 5813913 5821156 5823119 5824372 5825737 5832137 5835627 5836588 5841132 5843558 5847730 5848918 5850000 5852216 5853840 5854783 5860630 5863018 5864925 5866203 5869613 5870859 5873198 5878113 5880724 5889276 5891822 5893624 5897675 5900908 5907164 5911225 5912576 5918664 5921116 5925029 5928949 5932313 5938870 5946676 5955598 5957852 5962257 5969984 5971632 5975692 5977267 5984915 5986472 5987596 5995615 5998138 5999920 6001377 6004033 6006438 6013671 6022224 6025950 6027678 6031559 6034674 6040281 6044383 6045136 6047340 6050032 6054923 6056688 6060966 6062845 6066968 6069293 6073834 6075792 6076914 6078915 6086074 6090317 6094762 6107418 6110961 6112188 6115824 6117690 6122699 6123738 6125143 6128565 6130410 6131516 6133805 6141210 6145648 6147886 6149703 6151185 6152211 6153972 6156346 6159274 6169197 6176398 6181169 6183433 6189855 6193111 6193805 6198135 6207249 6208291 6210361 6212179 6218420 6220391 6223297 6226881 6228213 6230516 6231703 6232930 6234552 6236654 6238731 6240116 6241216 6243057 6245462 6248751 6255841 6264445 6269387 6275107 6277508 6281798 6289791 6290646 6291395 6293400 6296778 6305787 6310016 6314437 6324066 6327212 6329276 6330864 6333243 6335123 6340055 6342331 6347151 6354439 6372139 6379409 6383962 6389727 6394427 6400646 6405055 6406285 6408220 6409049 6412863 6416011 6421889 6424269 6432498 6436489 6437700 6438665 6441895 6443589 6445179 6446762 6449467 6457770 6459709 6460869 6462507 6464789 6465754 6472959 6475614 6479225 6480783 6483628 6485604 6492515 6498726 6501325 6503929 6513949 6515311 6522708 6524889 6529281 6531339 6540263 6541870 6545417 6547573 6549407 6551218 6553558 6558627 6561911 6565232 6565954 6567487 6575860 6577660 6582315 6587088 6589442 6596935 6600785 6602707 6606030 6612724 6614617 6617253 6622397 6626647 6628026 6631114 6635605 6642030 6643462 6649531 6650832 6652346 6653335 6654743 6659888 6663198 6664438 6667152 6668954 6671098 6680360 6681954 6687279 6688667 6689740 6694092 6695118 6698287 6703882 6705249 6706890 6714465 6718903 6720974 6721862 6727329 6729995 6730951 6732725 6735344 6737659 6740228 6741740 6745617 6746788 6749959 6751240 6752567 6754821 6758472 6761399 6766138 6767037 6772812 6776742 6777784 6778945 6781766 6782993 6786082 6787119 6787840 6788960 6794516 6797341 6806443 6812523 6815906 6817712 6828227 6829716 6832329 6836426 6845657 6848971 6853080 6856100 6858034 6860645 6862924 6865682 6868540 6871347 6872814 6880879 6894070 6895526 6896899 6899445 6900936 6903887 6911509 6912346 6918869 6925053 6927157 6935444 6937354 6939406 6940541 6941696 6944012 6945031 6958133 6961367 6968347 6976595 6978836 6980072 6983390 6985493 6989990 7002238 7009166 7011273 7016907 7018104 7020614 7026253 7029474 7030791 7031855 7041000 7047481 7049464 7063615 7065397 7067837 7076352 7079022 7081827 7083551 7086058 7088742 7090583 7094770 7096094 7098100 7103758 7106116 7113507 7115488 7119678 7120752 7123946 7126587 7137692 7140311 7142188 7144361 7145855 7147224 7148617 7153716 7170021 7173247 7175015 7179086 7184281 7185968 7187521 7188647 7191134 7194686 7200308 7206504 7210605 7215647 7223953 7232695 7239616 7240946 7243881 7245935 7252625 7262697 7264135 7268522 7270518 7279343 7281488 7286683 7293308 7295914 7298089 7302522 7303410 7307052 7310794 7311810 7313910 7317735 7322535 7324038 7327277 7343298 7345371 7347250 7353581 7358055 7359776 7361868 7364343 7371754 7374435 7376411 7382516 7387005 7390789 7394857 7409406 7411372 7414138 7415765 7418089 7420255 7423145 7427970 7429397 7441197 7443221 7444433 7446814 7447638 7448863 7455365 7457013 7460784 7461870 7464767 7466293 7471302 7473632 7476337 7481936 7485741 7488556 7489645 7491910 7498771 7502146 7505906 7507678 7514141 7516845 7518541 7520670 7526509 7528953 7529992 7536304 7537398 7542990 7549231 7553463 7560303 7567852 7569494 7571517 7584028 7587772 7591299 7592245 7596983 7597901 7604282 7606580 7607274 7609920 7611892 7616651 7622654 7624881 7632958 7639476 7641069 7646265 7650198 7651347 7657417 7658341 7660930 7664262 7667582 7681432 7683580 7688586 7693680 7698731 7701153 7704298 7706758 7709089 7713260 7718625 7720760 7722527 7726855 7729080 7730054 7732111 7733112 7733988 7735976 7738584 7741264 7743195 7750184 7758428 7765898 7767074 7768167 7770900 7773444 7775643 7777651 7781815 7785918 7789065 7790908 7792236 7801606 7805503 7808623 7810203 7819148 7820306 7824098 7830246 7835277 7837254 7839204 7840486 7842195 7844403 7848403 7849917 7852111 7855105 7857045 7859655 7862265 7865532 7868702 7871809 7873689 7879915 7881879 7883162 7886531 7897715 7900005 7903421 7906069 7910765 7911983 7913896 7916343 7920276 7925948 7929962 7940747 7942117 7945175 7949317 7954779 7956839 7959776 7962185 7966310 7969440 7977878 7979125 7991657 7992987 8001795 8010114 8013773 8016827 8024362 8026642 8030664 8037376 8042810 8045607 8050762 8052686 8054076 8056375 8057200 8060256 8061919 8063648 8065027 8068069 8070451 8071830 8073413 8076291 8080293 8081092 8083738 8089258 8091738 8092741 8094680 8095775 8102659 8105129 8111192 8116048 8119120 8123812 8125046 8126944 8132481 8137021 8139838 8142580 8145204 8149670 8152815 8156565 8161778 8163242 8165308 8168319 8169580 8171862 8177806 8183920 8185369 8186750 8190022 8195808 8197473 8200618 8201553 8203144 8204007 8210434 8211468 8216246 8218644 8220093 8226163 8227587 8229675 8230585 8234988 8238338 8242941 8246534 8254210 8257418 8259841 8281688 8284674 8291631 8297126 8302798 8309316 8317152 8318804 8321215 8322141 8327714 8329338 8335458 8337473 8341680 8342687 8344031 8352196 8357240 8358520 8359899 8361403 8365175 8372912 8376286 8377832 8381122 8383563 8387355 8395529 8408910 8413082 8415366 8420145 8421689 8429754 8433943 8434783 8438024 8439481 8445965 8450124 8452930 8453845 8458696 8462923 8464209 8465965 8468465 8477113 8480305 8482491 8486433 8489857 8490710 8494245 8496045 8497976 8499592 8509588 8511752 8513988 8520291 8525381 8527946 8529992 8533557 8535189 8538226 8539279 8540499 8550390 8557370 8558741 8561231 8574341 8576772 8584437 8585622 8591056 8592378 8597056 8601342 8602502 8603417 8614500 8617918 8619857 8621184 8624777 8627185 8628021 8631806 8635537 8636215 8642199 8647167 8653822 8660504 8661582 8664052 8667509 8669574 8672661 8674725 8676051 8679011 8682450 8687422 8691884 8700339 8703136 8705777 8707693 8723965 8729983 8735299 8736744 8747801 8748657 8750550 8751603 8753791 8756096 8761593 8764173 8766044 8766909 8769490 8770656 8776042 8781571 8790212 8795146 8797774 8800403 8802980 8811481 8813216 8814481 8816781 8819161 8828170 8833656 8842134 8843950 8845952 8847521 8852257 8854639 8856877 8859603 8861546 8864068 8867153 8871860 8872714 8875549 8877606 8879606 8880521 8881538 8886431 8888264 8890463 8891603 8896164 8900325 8902518 8909830 8912792 8919193 8923987 8926004 8927801 8929721 8930624 8933193 8935414 8938238 8940214 8943636 8947306 8954633 8958062 8962266 8964054 8968828 8973970 8977361 8979184 8984448 8992188 8995276 8996199 9001504 9005444 9007456 9009948 9017336 9022194 9028665 9029693 9034241 9037369 9038694 9040442 9043125 9045259 9047583 9052133 9053492 9055732 9058338 9064707 9067159 9070712 9073972 9077020 9082361 9084583 9089241 9093560 9100058 9104387 9106829 9109173 9113179 9114445 9116383 9120461 9125706 9127000 9128413 9132356 9134290 9135174 9138110 9141362 9144591 9146345 9150472 9152522 9157796 9160044 9167261 9168364 9170010 9172119 9176064 9177716 9181852 9189290 9196099 9196817 9204920 9206163 9210738 9212344 9216775 9218950 9220716 9223602 9224718 9225983 9227225 9231178 9233786 9245036 9246353 9247362 9250075 9253845 9256844 9258536 9262736 9264655 9268117 9270435 9282364 9290913 9298338 9300624 9302528 9305356 9318511 9321841 9328374 9332612 9335339 9340676 9343277 9344237 9345748 9347866 9348845 9356309 9358955 9363337 9369696 9372660 9374154 9375348 9381245 9383654 9386202 9396271 9399718 9401834 9404765 9417597 9420838 9423247 9424585 9429008 9431117 9433506 9438569 9441506 9443655 9444575 9447740 9451444 9453725 9454943 9456824 9464823 9466269 9468651 9470173 9471770 9478627 9481241 9484332 9490011 9491621 9494762 9497498 9501450 9504484 9505767 9507151 9509409 9511190 9512717 9515523 9516614 9523022 9525439 9526765 9531010 9532623 9535913 9537182 9539358 9543489 9546037 9549988 9553678 9559161 9560936 9562392 9564573 9569011 9570088 9571546 9572656 9573557 9585791 9592085 9595480 9599453 9604714 9607170 9608300 9614260 9619655 9625774 9628496 9631349 9633650 9636152 9639189 9640171 9641473 9647535 9649383 9652041 9653132 9659424 9663738 9665385 9666817 9672637 9673961 9674961 9677865 9678952 9683567 9685393 9690967 9692611 9693847 9702062 9704843 9707644 9715177 9718897 9727144 9728895 9731069 9734146 9738215 9739235 9740702 9743282 9745428 9746947 9751590 9754157 9755252 9759398 9763126 9764515 9765650 9769956 9784535 9785954 9788033 9796231 9799516 9802830 9808335 9810803 9812830 9817248 9821057 9822336 9823781 9826027 9830565 9836566 9837641 9842437 9846473 9851187 9855350 9864343 9866316 9869453 9874438 9875752 9877716 9883592 9890668 9897056 9900734 9902318 9903318 9913166 9916250 9919107 9920617 9925590 9926815 9928298 9936053 9937439 9939994 9948686 9951742 9952882 9955848 9958857 9965668 9970860 9977424 9978513 9979522 9982827 9986758 9989961 9990988 9991881 9995127 9998420 
</Matrix>
<Matrix name="Neuron_787" type="complete" rows="1" columns="4366" multiplier="1.0">
   2656 5379 8089 10175 12028 13633 15599 20433 22021 22909 24932 26363 27335 28720 33497 34817 42111 43537 47164 51537 58015 62352 63662 66212 67668 69225 71068 72175 74485 79321 80712 81360 86098 87439 88911 89935 92884 95372 96446 98574 99688 101283 102161 103563 110385 113708 115494 119919 122973 123771 125972 130214 131788 133107 136273 137326 139695 141194 142587 150632 151751 152917 154158 156218 157647 159807 160654 161850 164028 165194 169682 172080 172957 173846 175726 179073 179616 180939 182158 183016 183942 185236 187584 189231 191408 193347 194451 195907 199262 200115 201447 204179 205260 206937 208129 213073 215036 215874 218738 220975 222560 227645 228711 230626 234664 237128 238126 239436 245611 246556 247779 249428 251146 252685 254000 255119 259010 259911 261388 264374 266271 268949 269852 274275 276609 278787 284762 287258 290232 291986 293337 294781 296730 297286 298465 300068 302183 305166 306453 307660 309455 310796 313269 313982 318227 322489 324417 326424 327724 330088 334667 337563 340380 342871 343845 346201 350294 352697 355053 358547 360474 361963 365156 368533 370222 372014 374070 374784 378357 379730 383854 385845 390913 391810 395195 396144 398458 402459 403266 407095 412990 414722 415625 418381 420582 423497 424622 425837 428723 430278 432394 433447 435559 437796 442274 443182 443932 445491 447446 448503 450561 452082 452664 455730 457062 458029 459799 461840 462852 464832 470908 473107 475584 477661 481253 482962 483766 485722 487525 488791 493929 494708 498942 502125 506294 510357 512696 515298 524618 529401 534489 535370 538506 541487 545725 547531 548381 552225 553720 554885 555633 557724 559869 560554 563226 564507 566073 567152 569712 571723 573855 576824 578469 580172 583291 584722 588744 590323 591479 595183 596681 597612 600046 601598 604021 606392 609074 615451 617534 622654 626738 627875 630726 632396 634812 637565 639696 644507 648760 649942 650923 655003 656971 658603 660348 667243 671679 672450 683800 685015 687486 689992 691550 692491 693573 698431 700443 704856 706401 711345 714676 717178 719188 720144 721870 722788 724402 725788 727993 730552 731568 734279 736178 737892 738921 741925 743554 746311 747768 750937 754767 757174 760776 764019 765379 767273 768392 775752 776665 780668 782644 783690 784972 789745 790816 792806 795658 796492 797498 799303 801428 802573 803128 804271 806294 807641 808777 810090 813463 814340 815028 816101 818460 820011 821838 824571 827137 828327 828965 830467 835388 837393 840901 842359 843963 846970 852271 856517 858621 859384 860553 861654 864110 867095 867858 870860 874299 876247 877394 879682 880781 882244 883795 885186 888662 889853 890685 891926 893381 894668 896766 898418 902132 905246 906220 910635 914789 915935 918810 921012 922344 924283 927000 929187 932352 933104 935098 937500 938233 939236 941622 944795 949943 950932 953204 956162 958455 961075 966874 974744 976045 978296 981979 989100 990288 991312 996414 997551 999307 1000174 1001823 1003083 1006602 1009569 1011085 1015874 1017611 1020402 1023493 1025661 1026881 1028732 1030918 1037416 1039481 1043282 1044221 1046402 1047463 1050762 1054932 1056255 1059599 1072066 1075240 1076758 1078088 1079521 1081546 1083941 1085529 1087004 1089048 1090357 1092446 1094086 1095427 1100083 1100986 1102173 1104707 1108004 1111208 1117165 1118278 1124506 1129210 1130075 1139913 1141987 1143844 1147007 1150089 1152341 1155887 1156906 1158971 1161848 1165449 1167651 1169210 1171657 1174110 1175423 1178633 1181116 1182907 1185854 1187152 1189206 1192672 1193341 1196551 1198062 1199886 1200748 1202513 1204499 1206176 1207440 1212497 1213107 1214157 1215310 1220866 1223618 1226868 1228494 1229255 1230311 1232048 1233996 1235141 1238917 1243814 1245440 1246935 1248395 1249894 1251255 1253966 1256429 1258870 1261671 1264999 1266224 1269153 1272759 1274924 1276276 1281247 1283118 1287294 1289880 1291420 1293480 1295515 1296667 1298950 1299874 1301668 1303906 1304957 1306757 1312127 1314481 1316340 1319921 1321501 1323212 1324342 1325408 1329062 1331276 1335572 1339711 1343310 1346271 1347258 1349483 1352137 1355382 1356483 1360063 1361338 1362770 1366137 1367005 1369636 1370391 1375376 1377408 1380590 1381583 1383040 1388788 1390077 1391536 1393950 1394608 1396129 1398379 1400987 1403301 1404733 1406020 1408823 1411685 1413345 1414145 1416977 1419167 1420750 1421622 1424889 1425985 1427559 1429978 1433994 1435368 1436545 1442291 1443455 1445072 1446671 1449730 1452236 1456469 1457532 1463982 1465356 1470778 1476812 1478844 1485020 1487693 1489376 1490934 1493055 1496868 1498820 1499532 1500143 1501583 1502578 1507529 1509644 1511972 1516399 1517243 1519394 1521083 1528619 1530729 1533046 1535359 1537535 1539108 1552358 1556148 1558535 1559879 1560576 1564349 1568316 1569462 1570755 1572982 1575813 1581380 1583689 1588964 1593224 1596703 1598699 1600153 1602021 1603270 1605393 1606215 1609184 1612886 1615853 1621729 1629180 1630479 1631207 1635284 1636540 1638700 1640313 1641319 1642855 1644792 1646299 1648418 1651231 1653069 1657955 1658781 1661337 1663403 1664957 1666970 1668413 1670098 1672090 1673805 1675816 1676821 1678916 1682110 1683587 1684983 1685929 1686782 1688549 1689750 1693594 1694948 1696995 1697927 1699497 1701527 1705034 1710496 1712715 1714808 1718385 1721802 1722423 1724504 1725956 1726747 1728658 1731750 1733950 1735864 1739050 1743657 1744658 1747781 1748729 1749677 1750525 1752579 1754305 1757972 1762347 1763227 1764558 1765649 1766649 1767729 1770940 1776077 1776896 1779837 1784267 1786784 1789684 1791430 1792386 1793556 1794854 1796252 1797907 1799406 1802947 1807331 1809024 1809814 1812454 1814115 1816232 1817704 1820032 1822055 1827225 1828488 1831669 1836032 1836902 1838271 1838948 1839996 1841478 1847683 1848488 1850056 1851607 1852964 1854012 1855677 1856660 1857273 1860682 1863267 1863901 1865709 1867021 1867810 1868365 1870562 1871377 1876130 1878160 1880833 1883550 1885962 1887298 1889372 1892256 1893181 1895448 1898414 1902155 1903969 1907300 1911481 1912537 1916272 1919118 1921933 1929304 1931874 1933804 1937004 1937821 1941098 1943831 1948205 1949485 1950895 1951847 1954115 1956300 1960831 1962067 1963881 1965202 1967242 1968640 1971621 1972603 1973870 1974543 1978805 1979455 1982138 1983390 1984263 1985375 1986292 1988545 1992913 1994381 1995588 1997956 1999103 2000997 2002570 2004430 2005921 2008865 2013024 2015376 2017119 2020758 2024323 2025999 2029888 2032435 2033307 2035291 2036413 2038801 2042658 2043947 2045989 2046880 2048068 2049968 2051577 2052428 2055345 2057835 2059120 2059952 2062077 2065914 2070356 2073622 2074819 2076862 2078753 2080132 2081914 2084582 2085767 2087193 2089631 2091315 2092342 2093998 2095796 2097183 2099323 2101310 2102430 2104973 2106808 2110376 2111564 2114485 2115255 2116155 2117088 2119286 2119944 2121678 2123949 2125985 2127768 2134560 2137073 2141164 2143809 2147274 2150727 2152061 2154110 2160173 2162821 2164795 2169216 2170220 2173464 2175243 2177315 2178876 2180086 2181539 2186781 2187760 2193046 2195155 2196016 2197018 2203104 2204665 2206184 2207602 2210260 2214492 2218219 2219124 2221232 2222189 2225000 2226873 2228045 2233403 2234732 2237360 2240574 2241689 2242603 2243751 2246838 2248300 2251181 2256341 2257477 2258548 2259294 2261158 2262836 2264279 2266834 2268220 2269251 2272942 2275131 2283742 2285128 2286355 2289221 2290999 2294417 2297531 2301735 2303060 2303941 2306979 2308741 2312406 2315463 2320286 2321095 2324718 2327621 2329993 2331694 2334032 2336465 2338997 2341591 2345325 2348028 2349172 2351235 2352169 2353292 2356833 2361225 2362811 2364034 2368625 2372838 2375754 2377287 2381014 2388336 2391208 2392291 2398846 2399987 2402491 2404916 2409824 2410731 2411731 2414375 2415937 2417162 2419038 2422010 2425353 2427309 2428268 2430237 2432662 2434498 2435335 2439219 2440510 2443784 2448433 2452156 2454727 2455922 2456819 2457987 2458979 2460014 2460921 2461777 2463208 2465163 2467474 2468535 2470981 2473081 2475430 2478392 2480619 2485432 2486488 2489249 2490337 2494102 2496314 2498518 2500087 2502595 2503619 2505301 2507629 2508439 2515908 2517305 2519986 2521832 2523458 2525239 2526353 2528373 2530917 2532634 2534973 2535871 2536912 2538765 2541464 2542801 2547191 2552187 2554094 2554936 2564900 2566393 2567438 2568595 2570180 2574413 2575658 2577910 2581496 2583678 2585280 2586563 2588264 2589555 2592788 2595456 2599371 2600439 2601764 2604219 2605160 2608238 2610408 2612020 2615941 2618733 2620513 2621711 2627330 2628269 2629034 2630104 2632594 2636084 2639528 2643035 2644494 2650466 2651063 2652509 2657159 2658149 2659442 2660929 2661945 2664180 2666932 2671590 2673123 2675204 2676873 2677704 2679050 2681195 2682523 2683983 2685074 2686324 2686988 2689080 2692743 2694507 2696995 2700605 2702744 2704196 2706392 2709607 2716009 2717963 2718960 2721346 2723182 2724213 2726573 2731453 2732124 2733402 2735024 2736330 2738115 2739080 2741402 2741988 2742945 2747298 2748552 2751707 2755575 2756583 2757566 2759561 2761956 2763685 2765384 2768723 2770540 2772866 2773652 2776182 2777744 2780871 2782286 2783853 2784882 2787983 2789467 2791492 2797391 2798528 2804901 2807373 2808290 2809012 2810320 2812535 2814420 2817272 2822143 2823588 2824167 2825061 2827907 2828607 2831651 2837584 2840007 2843430 2845531 2846824 2848682 2850553 2852154 2856547 2859168 2860310 2861155 2863070 2864315 2865241 2866613 2871425 2874517 2876285 2878231 2880528 2881154 2883926 2885778 2886658 2888872 2890488 2891636 2893068 2896822 2897615 2898955 2899901 2900990 2902322 2903468 2906410 2908696 2911134 2914304 2915554 2920149 2921457 2922554 2925340 2927136 2928889 2929940 2937250 2940085 2942660 2946397 2948846 2950532 2951548 2956374 2959097 2963500 2965074 2968090 2969531 2974579 2975404 2976404 2977773 2979378 2980464 2981642 2983770 2986669 2988069 2994933 2997956 2999133 3000664 3001951 3003057 3004810 3006868 3008275 3012744 3018360 3019433 3025582 3029238 3030690 3031879 3033041 3037408 3038722 3041522 3043920 3045933 3047104 3049084 3050309 3051526 3053337 3054439 3058161 3060742 3062675 3064258 3065591 3068250 3069120 3070941 3071943 3074895 3076226 3077266 3078592 3079381 3080773 3082330 3084100 3088620 3089793 3091215 3092737 3094107 3095369 3096864 3098536 3099596 3101150 3103693 3105171 3111767 3114117 3116079 3119292 3123554 3125332 3128227 3130043 3131228 3132407 3133220 3137302 3138430 3142165 3148050 3149176 3150100 3151065 3153927 3154825 3155642 3157161 3159042 3165810 3167906 3171075 3172674 3175667 3176481 3177389 3178798 3180990 3185518 3186463 3188236 3189820 3192412 3195413 3196432 3197369 3200844 3201836 3203381 3210617 3211297 3214409 3215702 3219001 3222123 3223513 3224992 3226663 3229740 3232493 3234845 3236017 3240446 3243069 3247323 3248444 3250901 3252533 3254366 3257198 3259896 3262256 3263317 3267159 3269159 3270769 3273873 3276078 3277765 3281326 3282876 3287886 3291843 3292834 3294081 3295179 3296543 3297818 3298758 3299583 3300897 3302101 3303135 3304786 3305825 3307231 3309858 3314038 3314766 3316228 3317404 3318492 3320109 3323856 3326647 3331758 3334508 3336205 3338596 3340672 3342288 3345355 3346276 3348774 3350300 3351012 3353458 3356353 3358427 3359209 3361275 3361970 3363448 3365739 3368017 3371131 3372880 3374229 3375626 3378080 3379789 3390068 3392005 3393480 3395174 3396264 3404645 3407854 3409577 3411147 3412300 3413461 3415208 3417317 3419586 3430367 3436686 3437537 3440292 3445179 3450159 3453284 3454977 3459448 3460224 3462154 3465743 3466758 3468364 3472698 3477368 3479282 3480776 3482950 3486389 3488164 3490769 3491884 3493453 3494791 3497292 3498847 3503973 3504758 3507416 3509430 3512120 3514385 3515620 3517459 3518730 3519917 3520789 3522064 3524808 3526840 3527710 3528918 3529752 3530720 3537030 3539010 3541212 3542572 3546789 3548007 3549626 3551114 3553284 3555778 3557475 3560685 3563553 3566853 3567893 3569804 3572520 3573186 3573961 3575341 3577389 3583860 3588778 3591027 3592286 3593954 3595588 3596484 3598246 3599601 3603028 3603830 3605328 3608473 3610927 3613818 3616082 3617596 3619209 3620513 3622324 3623707 3628687 3629890 3630858 3633279 3636746 3638824 3641102 3642191 3644377 3645881 3648648 3649998 3651376 3652271 3652938 3654002 3657412 3658514 3661153 3663475 3665473 3667922 3669580 3670499 3672113 3672968 3674901 3676160 3677917 3680579 3686417 3688172 3689824 3691483 3693038 3696732 3698657 3700302 3701841 3703326 3705067 3707718 3709277 3711841 3715772 3717721 3720785 3723194 3725449 3727197 3729205 3732021 3732647 3733802 3735969 3736609 3737681 3738871 3740320 3742290 3743846 3745693 3749853 3755316 3757076 3763392 3765737 3767882 3768878 3773028 3773922 3775132 3778558 3780818 3782417 3783158 3784145 3785164 3786342 3790269 3793998 3795939 3797543 3799310 3800884 3801737 3803674 3805014 3805942 3807684 3810958 3812552 3814386 3815715 3817298 3818936 3821965 3823519 3825523 3826356 3827462 3828232 3830673 3831422 3833058 3834064 3834774 3836222 3841680 3842509 3846098 3849645 3854814 3855796 3858246 3859706 3862246 3863729 3867890 3869394 3870394 3871656 3872865 3875213 3882462 3884655 3886393 3887351 3892548 3893969 3895876 3897306 3902671 3910892 3912000 3914542 3918277 3923070 3924076 3928696 3929860 3935595 3936458 3939167 3942106 3945103 3946294 3949585 3953484 3954750 3955666 3957429 3959915 3964755 3965873 3968504 3972256 3974534 3976405 3978299 3979160 3979664 3984105 3985520 3987983 3990300 3991872 3994447 3995096 3999294 4000836 4004072 4008802 4011396 4013082 4016131 4017382 4019495 4021997 4022653 4023884 4025058 4025957 4030843 4032782 4034233 4035598 4039822 4041451 4043692 4045264 4048863 4050264 4051277 4053852 4056966 4061367 4062953 4063857 4064760 4068675 4071956 4074395 4075824 4077637 4079005 4080080 4081900 4083453 4086988 4092929 4094889 4100318 4104115 4106644 4109336 4110636 4113047 4116017 4117445 4119754 4120878 4123676 4125337 4126630 4127737 4128427 4129701 4130619 4131178 4137372 4138772 4139862 4144164 4146279 4148580 4154862 4157594 4159322 4160125 4161284 4165477 4166895 4169161 4170760 4171947 4173055 4174721 4176244 4179497 4181842 4185384 4187072 4189336 4190106 4192590 4193744 4196419 4197228 4198327 4199202 4200736 4201585 4203172 4204910 4206310 4208481 4210590 4212231 4213260 4214281 4216469 4217641 4222216 4224179 4226003 4227721 4230850 4231928 4234738 4236209 4238232 4242875 4244913 4247510 4249141 4251208 4253484 4256374 4257846 4258789 4264709 4266518 4267427 4271668 4273225 4275738 4278331 4279622 4282147 4284916 4287712 4289736 4292832 4298649 4299829 4301416 4302847 4304437 4305843 4307252 4308111 4308854 4312338 4313612 4319955 4322963 4326497 4328976 4330594 4331656 4332888 4334025 4335400 4336329 4337855 4338598 4339954 4341040 4342853 4344833 4345898 4348209 4349323 4352530 4354441 4357450 4358417 4361718 4362280 4363899 4367191 4370179 4373443 4374712 4376376 4377087 4377881 4379481 4383485 4385491 4389263 4391755 4393948 4395578 4397608 4398670 4399636 4401040 4404338 4405761 4407393 4408426 4410090 4411216 4417393 4418386 4420501 4421335 4423059 4425224 4426789 4428816 4429999 4431736 4432934 4436713 4438401 4439325 4441439 4443038 4446279 4448362 4451560 4452986 4455710 4456517 4463590 4465114 4466446 4467626 4468442 4470028 4471364 4472915 4474305 4475596 4478699 4482038 4483768 4487435 4490417 4491513 4492335 4496384 4499651 4500602 4501776 4502619 4504100 4508082 4510323 4511665 4513347 4515329 4516014 4518783 4519807 4521056 4522442 4524120 4526506 4527427 4529784 4530575 4531307 4533363 4534289 4538325 4539108 4541239 4544087 4545675 4547405 4548061 4549788 4550743 4556219 4557266 4562084 4563392 4565316 4569360 4571729 4574617 4575299 4578725 4580305 4584936 4586247 4589003 4590950 4593788 4596032 4597085 4598017 4601968 4604085 4606472 4609611 4611711 4612960 4617935 4619351 4620877 4621971 4623312 4627153 4628389 4629370 4630113 4631901 4634777 4635934 4636854 4645237 4647124 4648304 4649436 4651389 4655093 4657794 4659182 4661906 4663278 4670234 4671801 4672864 4674035 4675092 4679555 4684233 4685344 4687576 4689470 4690922 4692114 4694892 4698635 4700941 4702915 4703764 4708457 4712613 4715264 4717379 4718494 4721519 4723286 4727627 4730300 4731985 4734230 4736644 4737720 4738758 4740427 4741657 4743746 4745541 4746550 4748053 4749366 4753700 4756609 4758522 4760276 4762688 4768016 4769634 4771466 4772257 4779583 4783501 4784964 4786249 4787274 4790798 4792099 4793387 4797219 4800663 4801314 4802318 4804073 4808272 4809279 4810158 4813815 4815381 4817054 4818078 4818932 4824705 4826752 4828249 4829423 4830679 4831507 4832843 4834013 4836896 4843041 4844788 4847711 4854638 4856124 4857893 4858817 4862056 4863939 4867689 4868902 4870919 4873609 4875048 4877831 4879571 4880831 4882109 4884595 4887870 4889111 4890593 4891645 4893253 4896380 4897841 4901267 4904376 4906338 4909430 4911142 4912779 4914523 4917097 4918575 4919473 4920799 4923307 4924684 4926706 4928383 4929127 4930766 4933751 4936332 4938682 4939370 4940984 4945147 4947515 4948805 4949916 4951741 4954411 4959096 4961292 4962021 4966299 4969324 4974142 4976260 4980217 4982350 4983156 4984598 4985480 4988475 4989658 4990925 4994433 4995545 4996765 4999965 5003681 5005282 5008233 5010335 5012665 5014811 5016467 5020857 5022002 5025200 5027241 5028182 5029982 5037531 5039515 5044701 5045620 5046311 5048117 5050481 5052668 5054200 5056222 5061358 5063041 5064254 5067206 5070124 5071394 5072895 5075782 5076863 5081045 5082817 5085123 5091552 5092742 5095678 5096897 5101030 5102152 5104126 5105722 5106702 5107797 5109100 5110131 5111391 5115726 5117190 5119682 5121149 5123087 5124461 5127484 5131364 5132952 5137873 5140418 5145568 5146717 5147632 5149826 5151082 5154992 5156308 5158827 5159489 5160327 5161789 5164485 5165754 5167812 5174332 5175509 5177239 5178474 5183271 5184479 5186264 5187136 5188391 5189543 5195225 5196711 5198604 5200800 5201497 5202808 5204391 5207153 5207979 5209529 5211233 5212840 5214398 5215282 5216195 5218577 5219913 5221339 5224505 5225592 5226218 5228062 5229309 5230713 5234256 5236551 5237381 5238716 5241386 5242929 5245412 5246687 5247691 5249573 5251705 5256702 5260597 5261818 5264291 5267303 5269423 5273548 5274688 5275459 5276302 5277518 5279089 5280455 5284287 5285537 5286687 5288282 5290112 5294068 5296147 5298044 5300882 5304933 5307135 5308546 5314140 5317131 5322264 5323508 5324283 5327212 5328166 5330547 5331165 5332361 5333397 5336605 5342155 5344248 5345827 5347924 5352650 5353513 5355781 5357381 5360340 5362185 5365296 5366600 5367692 5373376 5374348 5376690 5383925 5388537 5389848 5390847 5395909 5398822 5401432 5403397 5407825 5411571 5413987 5415715 5421099 5423905 5426021 5428573 5431346 5433436 5434704 5438561 5439280 5444485 5446349 5447762 5448659 5450377 5456822 5459382 5461027 5462124 5463262 5465501 5466043 5473630 5475424 5478705 5481203 5482820 5484506 5487309 5488792 5492066 5493083 5495267 5498807 5502870 5504195 5505304 5507571 5510044 5511795 5516208 5517611 5532307 5534012 5535786 5536942 5537512 5543699 5545255 5553271 5555496 5556594 5557724 5563403 5564720 5565753 5567448 5571947 5574428 5578095 5584023 5585841 5587495 5588926 5591367 5593200 5595318 5596442 5599343 5600019 5601344 5602961 5604675 5607056 5608506 5611073 5612517 5613828 5616521 5620184 5622014 5623571 5626391 5628813 5631462 5635837 5637105 5641931 5644658 5649403 5652522 5655172 5657846 5659827 5661341 5662288 5663490 5665286 5666595 5670429 5672483 5674489 5675634 5677835 5679424 5682963 5683880 5685865 5688019 5689942 5691665 5692590 5695650 5697137 5700944 5704784 5707753 5714384 5716015 5717708 5719728 5722139 5724085 5724913 5728696 5731969 5738375 5739483 5743075 5746682 5749157 5751818 5753944 5759188 5760302 5763686 5765848 5767044 5771065 5774181 5774979 5777093 5779262 5781141 5784525 5790155 5792399 5794563 5795390 5798942 5799895 5801533 5803485 5805010 5806891 5808151 5813336 5817790 5818625 5819397 5820612 5821519 5823289 5824697 5826961 5829256 5830888 5833531 5838224 5841219 5842923 5845314 5846939 5849879 5851037 5853542 5856638 5859097 5861109 5864871 5867013 5868155 5869986 5871934 5874326 5875868 5877541 5878689 5884283 5886623 5888294 5891611 5894884 5896089 5897866 5899967 5901392 5904825 5906584 5909311 5914379 5917227 5919779 5922913 5923937 5925922 5929734 5930991 5932652 5936256 5939160 5941218 5946362 5947847 5948613 5950548 5952202 5953137 5959853 5960963 5963275 5965962 5967617 5969777 5971395 5974363 5976292 5977432 5979634 5981075 5982017 5982840 5984307 5986522 5987734 5988423 5993058 5996029 5997867 6000316 6002988 6004144 6005033 6006649 6009553 6011280 6013103 6015076 6016992 6017698 6018355 6022279 6025001 6026427 6027199 6029666 6033695 6037610 6038309 6040413 6041786 6042639 6045200 6045811 6046983 6048427 6050501 6052594 6053546 6056524 6057985 6062466 6064392 6066738 6067640 6068475 6071215 6073368 6079407 6081213 6086009 6087440 6089966 6097017 6099172 6101545 6103981 6106963 6109165 6110911 6114626 6116881 6118346 6120286 6121371 6122520 6123923 6126858 6127774 6129717 6131821 6132780 6135597 6139357 6140673 6142697 6145111 6145953 6146823 6152628 6154849 6157454 6159490 6161053 6164197 6166550 6168629 6170246 6171528 6173778 6176632 6179276 6180236 6183045 6186524 6188479 6190720 6191529 6194812 6196648 6198833 6201624 6202851 6205103 6213244 6214648 6217191 6218032 6219342 6223452 6224982 6226399 6231455 6233828 6235489 6240356 6242699 6245679 6249144 6251072 6253082 6255387 6261028 6262450 6264511 6266657 6267595 6269179 6274479 6275626 6277775 6279336 6281576 6282289 6285019 6286183 6288716 6290716 6291885 6292542 6294247 6297919 6302163 6307424 6312837 6314385 6315567 6318793 6319705 6322320 6323293 6324765 6325696 6328837 6330606 6333686 6336416 6337700 6338760 6340453 6341988 6342714 6344421 6347128 6349644 6350462 6352767 6354699 6359679 6360617 6362384 6364167 6366607 6368097 6370997 6372415 6373814 6376802 6378071 6379893 6381225 6383670 6386358 6391939 6393384 6395507 6396485 6401940 6403744 6406013 6406946 6409985 6412218 6413443 6415668 6419288 6420974 6423861 6424491 6428330 6434092 6435160 6436003 6438492 6443730 6445978 6446849 6447625 6453011 6455823 6457024 6458897 6460214 6462452 6463585 6464786 6470200 6472434 6476716 6478558 6481548 6482584 6485034 6489041 6490352 6493153 6494420 6495312 6496864 6498295 6499273 6501048 6504665 6507013 6508872 6510523 6512689 6513682 6516602 6517877 6519133 6522705 6524581 6525925 6527255 6528703 6531538 6533871 6536689 6538060 6539768 6542701 6544828 6549179 6550366 6553024 6554085 6555181 6556627 6558493 6559334 6564067 6567109 6569581 6570248 6573675 6577633 6579124 6582787 6584313 6587378 6588697 6590171 6591705 6594811 6596268 6599104 6600620 6605363 6607198 6608508 6612220 6613218 6614120 6617803 6619506 6621009 6621822 6624958 6629005 6629831 6632402 6633935 6637883 6638884 6644433 6646727 6648721 6652958 6655576 6657399 6659700 6660783 6661885 6662677 6664917 6667714 6670632 6673088 6676236 6677765 6678488 6679579 6681267 6684972 6685783 6688503 6689318 6691524 6693836 6695750 6696717 6698439 6699305 6700287 6701776 6703100 6705708 6706676 6707540 6708123 6710133 6711745 6713693 6718464 6720589 6723593 6729007 6730328 6736258 6736849 6737932 6738628 6740459 6751174 6753156 6754359 6757031 6757745 6761256 6762784 6765255 6766016 6767027 6770181 6771271 6773295 6774253 6782503 6787411 6788774 6789876 6791127 6792407 6794144 6795185 6797219 6800445 6801541 6802765 6804620 6809539 6810093 6815314 6816536 6819135 6820142 6821351 6822118 6824924 6826136 6828128 6831383 6833887 6836329 6838068 6838818 6843333 6845557 6846930 6848808 6850972 6853103 6853848 6856566 6858103 6859989 6863590 6866704 6867930 6868992 6875432 6878030 6878923 6879966 6883220 6885811 6889126 6890918 6891830 6892686 6893620 6895376 6897771 6899616 6904418 6906331 6909820 6911336 6912303 6913480 6915504 6917330 6918737 6919814 6921146 6924821 6925677 6927130 6930136 6932199 6935972 6939308 6940969 6944353 6946344 6948393 6949340 6950574 6952172 6952867 6954837 6961860 6963111 6966262 6967280 6974779 6976616 6979267 6982368 6983315 6984818 6986431 6987514 6988529 6989359 6990013 6992707 6994849 6997114 6998267 7000327 7001471 7002578 7004458 7016012 7018272 7019958 7020690 7022057 7023105 7027955 7028758 7031039 7032140 7033562 7034702 7037538 7038740 7040068 7041611 7043022 7045106 7053103 7054312 7055533 7058445 7060766 7063261 7067830 7069605 7070609 7071864 7072800 7075747 7076844 7079355 7080508 7081633 7084364 7085440 7086483 7088654 7090533 7092094 7093583 7094934 7096020 7097176 7098411 7099707 7100438 7101890 7103312 7106073 7107721 7111038 7112394 7115809 7117574 7119514 7121240 7125419 7126378 7128049 7133014 7134823 7136640 7137926 7139725 7142656 7143987 7145677 7149095 7150747 7152570 7156018 7158695 7160108 7163813 7168729 7170500 7175983 7179257 7183071 7184328 7186452 7192659 7193199 7194052 7195615 7197491 7198783 7199857 7201672 7203857 7205782 7210547 7212313 7214769 7215886 7217171 7220036 7222171 7223888 7225347 7227593 7233016 7240509 7242438 7243157 7244337 7246527 7249308 7251185 7253821 7255699 7257262 7258289 7259940 7260812 7263021 7266823 7271135 7274426 7277229 7283001 7283888 7284999 7293795 7295479 7298110 7299512 7301522 7302931 7304838 7305768 7307918 7310972 7314401 7316411 7319369 7321032 7323362 7325479 7330415 7332588 7333490 7342636 7343492 7345114 7348270 7349297 7350114 7352343 7356960 7358997 7360071 7361500 7363682 7367834 7374882 7378010 7383798 7385557 7387078 7390742 7393924 7399225 7400702 7403563 7406078 7407354 7410070 7415531 7418914 7420221 7425740 7428190 7433016 7436220 7438087 7439497 7441768 7444225 7446542 7448105 7448850 7449983 7451215 7452774 7454793 7456371 7457503 7464764 7465604 7468038 7469928 7473791 7481706 7483474 7487455 7491803 7493960 7502746 7505711 7510050 7512741 7514795 7518037 7520540 7521480 7522480 7523723 7525008 7526577 7534411 7536390 7538599 7540767 7542587 7547612 7550641 7551899 7555428 7556428 7558380 7560241 7565225 7568640 7572466 7573796 7575077 7581591 7587127 7591305 7598273 7600260 7601539 7602892 7604003 7606018 7612811 7616001 7618550 7620192 7621247 7626440 7627907 7630476 7631094 7633224 7635925 7637862 7638605 7640659 7642012 7644588 7647428 7648327 7651086 7653344 7654941 7655858 7657810 7658513 7659827 7666135 7667004 7670124 7671590 7672786 7677002 7678760 7682595 7685771 7690323 7692076 7693847 7695485 7696565 7697736 7698706 7702220 7706644 7708189 7709079 7712835 7715093 7716730 7717859 7718664 7719843 7723055 7727979 7729911 7731508 7734937 7740193 7741156 7745276 7746910 7749126 7750923 7752713 7754380 7756926 7762512 7764671 7768451 7770455 7772329 7773422 7775762 7778188 7780275 7783708 7787476 7788262 7789069 7790831 7792346 7794093 7794875 7796542 7800579 7801652 7802814 7807922 7809183 7819793 7824362 7827691 7828742 7830759 7833768 7835413 7838908 7840369 7841445 7847426 7849268 7851575 7853719 7855287 7859018 7860889 7861643 7865616 7869120 7870179 7871025 7872302 7876019 7877347 7879616 7881568 7882404 7882950 7883901 7886880 7890227 7890918 7892092 7893394 7895073 7898585 7901632 7903033 7906336 7907936 7911346 7915200 7916334 7917552 7918395 7919744 7921368 7922413 7924301 7925515 7927085 7929961 7930745 7931500 7934204 7935309 7936535 7938130 7939311 7941773 7944656 7945922 7950230 7952430 7953154 7956296 7957413 7959239 7969149 7975099 7976705 7977525 7979576 7982262 7985012 7985774 7987864 7989015 7992681 7993926 7995652 7997630 7998836 8001453 8002256 8004034 8006905 8009592 8012162 8012925 8013630 8016260 8017559 8022275 8023232 8025169 8027266 8028896 8032059 8034121 8036176 8038629 8039647 8041728 8042505 8045518 8047164 8049038 8050578 8063015 8063908 8065836 8068417 8070018 8077116 8078585 8079721 8082523 8085552 8086495 8088164 8090034 8091420 8094073 8097167 8099145 8100893 8103111 8104239 8105020 8106539 8108029 8110891 8113352 8114069 8115459 8117229 8119098 8120206 8120962 8121982 8127431 8129152 8132522 8136073 8137722 8139076 8142672 8144644 8148046 8151301 8152879 8155367 8156634 8163051 8165301 8167132 8169298 8170008 8177668 8179074 8182211 8188138 8189793 8190396 8192178 8194542 8202133 8205607 8208200 8213006 8221117 8222183 8223102 8224345 8225301 8226502 8228425 8234287 8235633 8237733 8238617 8242689 8244388 8245898 8247362 8249219 8252208 8254890 8256845 8258283 8262154 8263579 8265035 8268857 8270230 8273359 8274546 8277553 8280305 8281245 8282403 8285155 8286740 8289712 8290883 8292041 8293589 8294590 8297022 8299116 8300775 8303142 8308046 8309296 8311405 8312415 8314856 8316358 8318135 8320453 8321788 8323864 8324688 8325989 8328871 8330040 8331267 8332443 8333800 8334679 8336452 8337985 8338799 8342049 8343639 8348173 8349546 8352612 8353434 8355372 8356251 8357460 8359526 8362160 8367986 8373332 8376660 8381633 8383708 8384964 8388939 8390011 8391888 8392907 8393564 8396682 8400593 8401471 8402391 8403649 8404570 8405543 8408576 8409683 8410851 8412202 8413374 8414635 8416124 8418262 8423545 8425273 8431223 8431982 8433535 8437522 8441142 8442294 8443069 8444150 8445725 8446366 8448290 8449868 8451141 8453851 8457342 8458194 8461162 8462149 8462805 8463587 8466458 8468152 8471823 8475770 8476941 8479426 8480617 8481454 8484533 8486265 8487139 8488614 8490466 8491629 8494857 8496417 8497487 8500467 8505831 8506692 8507705 8509101 8510817 8513101 8516098 8517067 8519436 8521067 8522335 8524018 8525216 8526156 8527995 8528702 8531019 8533071 8533688 8534582 8536819 8543493 8555985 8557609 8558863 8560517 8561849 8569775 8572038 8573057 8573749 8576089 8577838 8584564 8589511 8590898 8594070 8596982 8598673 8604432 8606064 8607680 8611505 8612699 8613781 8618236 8619691 8621370 8622308 8623625 8625510 8627125 8629686 8637733 8639212 8640277 8644076 8645761 8647013 8647996 8648814 8650046 8652091 8654976 8656763 8657768 8658878 8660837 8663294 8666687 8668781 8671525 8676646 8677674 8680952 8681856 8684439 8685969 8687999 8691850 8693077 8694186 8695151 8699715 8702663 8705014 8706945 8708550 8709427 8710731 8717244 8720308 8722636 8725755 8726370 8728540 8734043 8735681 8738491 8739441 8743543 8744685 8746170 8749472 8752843 8753405 8757193 8758540 8760440 8762440 8763205 8766834 8767627 8768619 8770606 8774062 8778718 8780319 8782154 8785506 8786688 8791505 8793715 8796440 8800200 8801787 8803246 8804411 8807609 8809710 8810676 8812821 8813762 8814824 8818110 8819728 8822351 8823287 8824780 8828014 8829548 8830460 8832270 8833774 8836555 8837684 8841177 8842293 8846510 8847596 8852076 8854143 8854903 8855585 8860207 8862783 8863569 8866739 8869088 8876152 8877619 8878760 8880536 8884499 8885856 8889228 8891400 8893862 8896025 8899881 8900702 8902137 8905165 8907326 8908469 8910340 8914625 8915764 8917667 8919049 8920325 8921237 8922340 8923916 8925233 8927097 8929992 8931156 8934465 8936028 8936960 8941447 8944953 8945838 8948444 8950830 8952285 8953825 8958684 8960326 8962807 8965665 8967443 8968753 8970518 8972971 8975310 8982015 8982804 8984301 8986584 8991481 8992292 8993984 8994775 8996823 8998502 8999718 9003358 9009096 9010599 9011540 9014936 9016122 9017084 9022423 9024856 9030793 9031774 9033214 9035272 9042965 9044019 9047908 9049041 9050287 9053183 9054637 9055694 9057000 9059704 9061898 9066650 9067536 9069993 9071216 9073163 9074145 9074992 9079353 9080545 9081202 9083558 9084532 9090903 9092885 9098294 9103845 9105882 9107740 9108553 9109577 9112877 9114361 9118055 9120009 9121886 9123678 9124795 9128511 9129276 9130507 9132716 9136004 9141037 9142313 9143628 9144844 9149687 9154364 9156616 9158701 9161268 9162359 9163719 9165976 9167654 9169906 9171508 9174489 9175867 9177306 9180542 9182623 9183426 9185258 9188217 9189015 9193259 9196059 9197540 9199389 9200117 9203049 9208000 9211048 9211754 9212667 9214212 9219681 9220794 9222620 9226071 9227244 9228299 9232573 9233528 9236074 9240101 9242585 9243988 9244546 9246224 9247162 9248094 9251148 9251775 9255616 9257770 9259279 9263153 9265083 9266031 9269096 9270845 9272757 9275666 9277996 9280603 9282358 9283821 9284633 9285578 9287466 9289704 9290423 9293646 9296134 9297425 9298095 9299373 9300684 9302367 9306119 9308491 9309987 9312773 9314542 9315464 9316711 9318451 9319103 9319911 9323941 9326020 9327038 9331545 9333262 9335436 9338199 9345421 9348927 9350383 9351475 9357673 9360813 9361732 9365512 9367433 9369413 9370315 9372787 9373479 9374921 9378595 9380138 9383854 9388643 9389477 9391004 9392157 9394425 9397186 9399765 9400698 9402138 9404707 9407343 9409244 9412842 9413560 9415168 9416920 9418114 9419270 9420666 9422155 9422985 9426210 9429350 9432647 9435567 9438376 9440658 9441680 9443488 9444583 9449700 9455461 9457248 9458927 9460202 9460782 9462532 9464468 9468674 9469599 9470832 9473717 9474883 9477678 9478958 9482089 9482974 9484374 9485944 9487877 9489056 9493532 9494997 9496696 9498477 9502957 9504638 9507954 9508674 9514484 9516192 9517711 9520306 9522701 9525162 9527109 9528150 9531099 9538096 9540150 9541282 9543974 9546495 9549712 9552172 9553246 9555051 9555919 9557050 9558387 9561516 9564681 9566780 9568240 9570984 9572485 9574564 9577444 9578765 9582955 9586037 9588524 9589486 9594392 9596700 9597620 9599725 9600706 9601787 9603041 9604582 9607774 9609023 9612463 9613795 9616808 9619572 9620356 9622810 9624151 9625625 9626865 9634181 9636154 9637617 9639482 9642719 9644111 9648100 9652265 9653805 9654988 9662161 9663564 9664560 9667696 9668794 9670119 9676772 9678141 9683546 9687052 9689484 9692803 9694096 9695244 9698642 9700058 9700757 9701992 9706179 9706991 9708583 9709705 9711397 9712766 9713695 9716414 9718049 9720164 9720930 9724284 9726096 9726753 9729550 9733750 9736603 9738814 9739868 9741041 9743380 9744705 9745858 9750159 9750918 9752715 9754803 9755672 9757079 9763052 9763735 9765325 9768536 9769173 9770420 9771468 9778165 9779753 9780364 9784460 9785910 9787748 9788772 9791292 9797442 9799733 9802150 9803248 9805596 9808206 9811890 9814159 9816867 9818505 9820072 9821478 9827127 9830238 9831497 9833191 9835159 9836206 9839593 9848103 9849063 9852278 9854828 9857344 9861475 9865108 9867525 9871833 9876214 9878324 9882343 9883211 9884858 9885550 9888882 9889956 9890647 9892178 9896907 9898599 9900164 9902930 9909414 9911688 9913490 9916078 9918142 9920244 9921690 9928022 9929538 9930994 9933429 9934479 9936386 9937674 9942827 9947176 9950151 9957504 9959736 9961575 9963944 9965673 9967048 9970457 9971434 9977911 9980016 9983749 9985332 9985915 9990147 9991513 9995007 9998333 9999484 
</Matrix>
<Matrix name="Neuron_797" type="complete" rows="1" columns="222" multiplier="1.0">
   5699 82458 106006 113895 122700 131480 138060 209872 230983 298013 348290 370810 384898 479248 847970 872158 913829 983739 1006787 1010589 1027562 1089867 1101953 1125213 1225224 1299273 1308428 1325630 1438959 1449314 1468199 1655620 1683372 1690219 1718619 1782059 1789923 1817044 1866754 1911229 1994502 1996771 2006281 2033488 2068780 2193545 2226674 2232577 2273070 2346373 2355548 2363954 2462285 2489223 2650446 2742162 2785002 2830826 2923443 2986535 3077311 3096761 3127817 3157093 3181588 3217319 3263665 3268562 3281321 3337374 3352770 3380018 3417353 3424941 3440126 3468753 3480480 3498935 3522734 3603902 3623750 3668725 3750538 3757528 3835667 3874958 3919216 3936022 3939429 3985427 4026057 4073147 4080052 4083582 4096316 4103183 4170126 4193064 4282710 4384340 4415827 4490762 4641967 4648395 4807604 4815239 4908813 4973378 4982001 4999519 5020227 5089302 5108985 5116883 5137389 5256094 5367180 5377441 5396648 5492292 5501012 5607748 5628007 5650284 5676387 5680561 5720062 5742142 5773779 5790120 5795941 5841847 5910697 5919222 6033047 6060113 6123581 6147439 6244394 6347948 6546533 6574761 6619799 6631514 6686412 6768968 6837596 6998769 7028043 7034529 7061945 7089583 7169648 7191191 7241764 7301311 7309086 7374288 7377809 7387327 7391959 7490300 7510742 7529656 7552298 7588515 7598866 7663385 7680379 7751218 7822171 7840949 7865547 7898138 7994569 8135983 8139217 8164499 8224164 8244761 8288574 8331059 8343905 8355363 8411135 8451397 8519160 8569962 8606099 8646837 8654173 8658958 8688558 8861824 8875842 8896013 8909327 8920050 8956826 8966372 8982925 9099457 9115709 9123919 9214755 9261601 9326620 9393107 9395937 9420018 9422546 9431596 9453747 9601078 9615584 9636577 9817116 9848531 9883792 9928914 9951334 9956656 
</Matrix>
<Matrix name="Neuron_807" type="complete" rows="1" columns="1588" multiplier="1.0">
   21195 34581 39943 42532 44557 48501 56741 62524 70463 77068 87321 88795 97094 98958 101251 107847 110371 120573 125272 129621 135556 140492 151539 153725 155314 176709 184303 194494 195241 201453 219796 223125 225897 227969 248504 253394 256227 265244 267786 268613 272128 274959 284376 298282 322918 332009 336818 338074 341935 363506 370923 374337 377872 393887 395678 408657 410987 418391 419111 420265 426121 440472 446202 451355 453543 455654 476223 477536 478515 484569 493055 495659 499000 510161 517179 522083 523543 527592 528701 534876 541444 546589 553864 557608 571593 574069 589871 601814 615387 629948 632648 635458 641161 644675 645670 646665 648283 654472 660627 665927 674327 676491 677086 683959 686006 692233 693720 697078 705780 707491 710291 717682 718724 724160 728296 744064 748187 752947 764827 773544 776604 778513 786290 790734 793224 803356 804145 811215 821190 827336 831202 833199 835821 860463 862809 865236 874497 879559 881569 887008 889003 891265 897564 909828 911977 919885 921094 922589 927334 928597 935672 943040 950700 952723 963083 972644 980397 985306 988062 991578 1007974 1015907 1020185 1025790 1030934 1035236 1040808 1041733 1044448 1052382 1064147 1065723 1069991 1074938 1100293 1107372 1120784 1133029 1153495 1157905 1160488 1162095 1165468 1173232 1178038 1191268 1194651 1199041 1205404 1207625 1212489 1220910 1230013 1231576 1240010 1246286 1252083 1254524 1264607 1272413 1274590 1284075 1288408 1289871 1300854 1307684 1318668 1321816 1324322 1343214 1352530 1360281 1364602 1376235 1381538 1387300 1393670 1410511 1412761 1413581 1417108 1421359 1423328 1430072 1445754 1449182 1451982 1456573 1462128 1463846 1474254 1475614 1480295 1485701 1488103 1495376 1514973 1518988 1522276 1523056 1525538 1529661 1530675 1542627 1549221 1555828 1565341 1569095 1571247 1573977 1576908 1578132 1579395 1591238 1601921 1603872 1612628 1628825 1631427 1632941 1635280 1643168 1663111 1666507 1673536 1675160 1680098 1683381 1688207 1689925 1702691 1707604 1716420 1719478 1726158 1728099 1732331 1734246 1736714 1742977 1746606 1748309 1759711 1767876 1780769 1796708 1799799 1801243 1804101 1807144 1814898 1829688 1842843 1846827 1848410 1865594 1869714 1871017 1876113 1878830 1882041 1888177 1890470 1900361 1908674 1917624 1920233 1921360 1922891 1923676 1932244 1954235 1957315 1962266 1968421 1970571 1972788 1990717 2001762 2005116 2008170 2014921 2017661 2028003 2030474 2031798 2035306 2036288 2039024 2043255 2047929 2052932 2055622 2056970 2063159 2064277 2067435 2068964 2072278 2087890 2101852 2103139 2104520 2105521 2106945 2117462 2119385 2120257 2121718 2130297 2134645 2147608 2149519 2154624 2156419 2163720 2165858 2168685 2176984 2179310 2183962 2199947 2204865 2210586 2212539 2213698 2216090 2219111 2221959 2222829 2231477 2236489 2239998 2252430 2253555 2268445 2269677 2274838 2276828 2282342 2294377 2303192 2312534 2319504 2320663 2328049 2330687 2332206 2343180 2344347 2346098 2364153 2368724 2373420 2386587 2387907 2394187 2400152 2403486 2413658 2420725 2428345 2434248 2439710 2442796 2447726 2457918 2479627 2483095 2484048 2487087 2505866 2512441 2514508 2537896 2539164 2560318 2563752 2569087 2573480 2579902 2587318 2588431 2592053 2593801 2599857 2617386 2624129 2626025 2628220 2630006 2631051 2638813 2647169 2651555 2652894 2654399 2660132 2662362 2664772 2667031 2690372 2691377 2705964 2711307 2718218 2719121 2722458 2735700 2740575 2746033 2754274 2756595 2758399 2759524 2762007 2767724 2768808 2782040 2786613 2810010 2817271 2820018 2833046 2842285 2843798 2846521 2854216 2864035 2872341 2875875 2876559 2878799 2882128 2883612 2889930 2895071 2897178 2899789 2902258 2904639 2913407 2920026 2932509 2934513 2937790 2941024 2951038 2960038 2961550 2966276 2973042 2976400 2980766 2987220 2993429 2995705 3015613 3019849 3023557 3025979 3035382 3036448 3049444 3055313 3063165 3081171 3082234 3084266 3085639 3087112 3097839 3109050 3113922 3116953 3118946 3127922 3142436 3145813 3148829 3151832 3153047 3155113 3156631 3164744 3165727 3167469 3176608 3185724 3204183 3206594 3218159 3227428 3231904 3234481 3235604 3239255 3244654 3246650 3253391 3265132 3282610 3285849 3294849 3305648 3307680 3309959 3311734 3320332 3326441 3329192 3333787 3338040 3339924 3342901 3345740 3347560 3357488 3368380 3369792 3373039 3380926 3384869 3390573 3392669 3396465 3397871 3406719 3410549 3417188 3419538 3421628 3423196 3438113 3450202 3452061 3453736 3469099 3473310 3482736 3486914 3510268 3511560 3523648 3526731 3532695 3535943 3537576 3545071 3556438 3558754 3561506 3564722 3566242 3574804 3586033 3588955 3591620 3596629 3625501 3631218 3645765 3652201 3656850 3660136 3669300 3672793 3681219 3684470 3686539 3693676 3695367 3696622 3698231 3708205 3712483 3717726 3719238 3722624 3728119 3733138 3739309 3742008 3749772 3759651 3768128 3781596 3787480 3789582 3801265 3803725 3808410 3815619 3816946 3825557 3831645 3841274 3843986 3872673 3874338 3877500 3878664 3881460 3892130 3901482 3903377 3907081 3918501 3920940 3922054 3923722 3927422 3930329 3934093 3939255 3942748 3947459 3959718 3967944 3971561 3973594 4011401 4021232 4029041 4034994 4036411 4043057 4084298 4086589 4090836 4093114 4096211 4108632 4112539 4115089 4119864 4122613 4124249 4125920 4128191 4130766 4137867 4142927 4145173 4146164 4147560 4149057 4161762 4171025 4172298 4173189 4187586 4191837 4194832 4196527 4202341 4204183 4205919 4213274 4214417 4216114 4224929 4227202 4231927 4239726 4241362 4245848 4251939 4257594 4258803 4264768 4287980 4293270 4314835 4317443 4321936 4323896 4348482 4349715 4352746 4354170 4360535 4364385 4367834 4379993 4381218 4384491 4385308 4387539 4394618 4402618 4419423 4420784 4425919 4430965 4436402 4440095 4447567 4449076 4459764 4467448 4473937 4475831 4481211 4486544 4487477 4489833 4490882 4500800 4502083 4521789 4529921 4539571 4545541 4551814 4553698 4560836 4563078 4564570 4577357 4583525 4593924 4596155 4598836 4603686 4606696 4623007 4626550 4629829 4634254 4656881 4660959 4672621 4694787 4697725 4700121 4704307 4710051 4711860 4725433 4734272 4740022 4758482 4765525 4770557 4778907 4779603 4792056 4795675 4801513 4804232 4808784 4811244 4814459 4823140 4833328 4835403 4838931 4843223 4845860 4847572 4856224 4861804 4872277 4877332 4880911 4901531 4904999 4908089 4911360 4915617 4917417 4929139 4936110 4941893 4949668 4953116 4973700 4990722 4992104 4994308 4996055 5009707 5012506 5018527 5019710 5021583 5022872 5041151 5043829 5057544 5067921 5069968 5079463 5083911 5097034 5099127 5108427 5110428 5112672 5117078 5118672 5140867 5150111 5164813 5175445 5178676 5187084 5212313 5214112 5222701 5244798 5249775 5251216 5261709 5266426 5275512 5277503 5280538 5288460 5293417 5295390 5327978 5329785 5337129 5338887 5353186 5359182 5360982 5364391 5367039 5377639 5388726 5398289 5405565 5411604 5412720 5416806 5418512 5419994 5434435 5442041 5446931 5452169 5454416 5462120 5469661 5497875 5500334 5511888 5519275 5521329 5526048 5539330 5549964 5569213 5574641 5578343 5595683 5599271 5600776 5605055 5611311 5625227 5629305 5639962 5659866 5661039 5664362 5667866 5669909 5676743 5683593 5686704 5691757 5695975 5697090 5698161 5708646 5711760 5720421 5730870 5734245 5735534 5742007 5746661 5747589 5750450 5756361 5765554 5773769 5777708 5785529 5797015 5804664 5819895 5822005 5824534 5830622 5834168 5836585 5843719 5854526 5862436 5869439 5870761 5876941 5887446 5894887 5897462 5902323 5920133 5933524 5941088 5946500 5959269 5965162 5970706 5992356 5993309 5995246 5996385 5999613 6005662 6018671 6029876 6032936 6036702 6041663 6051031 6054937 6058410 6065171 6066682 6074174 6087653 6089647 6108406 6115352 6117841 6121879 6123329 6135727 6146902 6152694 6154722 6157926 6158575 6163045 6170993 6180758 6196734 6201328 6205089 6207959 6213010 6217781 6219745 6225713 6233980 6237674 6239047 6255951 6263036 6265095 6267949 6282923 6286007 6288218 6290703 6294374 6308352 6332941 6338636 6342147 6350390 6364638 6367588 6369974 6377603 6396362 6407266 6417594 6424247 6448216 6450221 6454835 6468432 6469722 6471734 6476312 6509025 6522316 6524216 6525926 6540363 6549371 6554443 6557618 6563857 6565532 6566945 6597359 6600472 6622524 6626127 6629181 6632151 6634239 6637378 6642491 6645070 6652100 6653873 6657920 6662440 6666262 6668918 6684868 6690186 6696879 6703556 6720799 6731272 6734164 6743061 6744396 6756926 6767184 6771244 6772647 6774714 6792562 6794735 6797292 6798783 6799703 6804404 6805547 6814990 6819529 6826219 6831145 6832200 6836508 6847329 6852096 6860065 6868861 6872944 6875091 6882611 6884962 6887941 6898430 6900308 6925997 6926908 6940181 6951809 6957976 6962467 6972701 6988277 6994798 6998426 7000578 7006334 7010250 7011306 7016262 7027933 7043842 7057506 7060533 7061865 7064428 7066998 7070986 7074267 7094994 7098947 7105682 7108962 7112912 7114164 7116556 7130546 7135010 7140648 7142426 7146167 7149451 7153707 7155090 7160001 7169509 7183275 7190402 7193367 7204442 7210425 7217259 7228234 7232983 7236486 7256463 7259314 7264074 7265840 7270149 7274650 7284420 7286125 7291893 7295555 7307262 7311550 7320488 7325407 7338113 7345198 7359765 7361985 7366687 7369157 7372804 7376142 7379821 7382360 7389917 7394682 7396299 7402055 7407512 7414513 7421285 7424311 7439742 7449606 7458335 7466033 7481192 7494813 7497433 7501477 7505142 7515656 7519832 7524613 7527084 7546536 7548551 7556560 7558692 7560683 7565083 7567037 7579718 7581759 7583167 7598961 7609966 7620780 7628062 7635084 7637834 7652750 7658807 7675332 7677854 7685961 7687673 7690516 7700132 7701233 7702151 7709170 7717417 7720272 7731993 7741344 7749188 7756467 7758464 7805189 7806774 7812183 7813915 7817484 7821786 7825847 7828807 7835379 7844026 7845299 7854690 7860507 7864702 7867053 7871462 7873329 7878581 7879651 7881907 7883619 7885652 7889837 7892311 7893229 7896150 7898932 7907476 7913877 7923321 7924728 7926140 7929740 7954058 7960644 7963683 7966814 7970509 7976874 7990219 7992507 8005254 8006986 8011043 8018373 8020364 8025886 8040228 8041516 8046664 8051709 8062337 8084456 8092659 8096132 8098086 8100080 8111838 8114361 8115940 8117232 8117985 8120117 8124492 8131584 8139642 8155837 8157754 8159772 8179615 8188207 8191186 8199359 8202555 8208998 8229092 8237083 8241502 8247463 8249642 8258122 8263945 8269666 8284414 8285974 8289478 8293217 8306496 8310496 8319784 8324317 8327469 8330036 8331850 8339392 8340473 8346236 8353122 8363412 8375225 8381501 8390843 8399579 8402122 8406107 8410333 8414444 8418885 8420409 8434540 8456782 8458532 8459495 8468860 8475758 8479230 8499871 8514543 8517813 8529853 8532607 8534092 8538795 8543863 8546497 8561707 8567483 8568706 8570161 8573340 8575254 8578207 8582321 8592960 8602209 8605284 8614132 8616648 8619928 8638519 8643131 8645003 8650600 8657544 8663821 8673352 8680846 8697183 8702553 8704643 8712377 8717992 8721964 8728133 8732310 8743376 8747686 8749000 8750395 8759577 8761883 8768632 8775470 8789097 8799783 8808415 8809581 8814605 8817106 8826589 8828492 8832818 8834811 8839642 8845241 8854851 8861999 8864806 8883001 8885177 8890323 8895132 8896413 8897337 8905037 8910731 8916987 8917692 8919057 8923213 8925242 8926372 8931855 8940597 8947472 8960876 8971153 8978153 8992860 9000666 9004268 9021661 9024227 9027499 9040618 9048811 9051039 9052399 9061423 9062840 9074590 9095337 9098564 9103548 9116495 9119726 9123068 9126551 9129909 9138234 9144708 9146994 9149159 9150279 9152784 9160496 9162013 9163372 9165440 9169957 9174230 9202704 9205079 9206325 9213915 9217607 9221055 9223538 9232647 9234934 9239881 9242395 9247493 9249036 9254154 9259436 9262101 9263154 9267073 9277369 9279668 9291025 9298320 9306850 9310683 9313284 9325313 9328617 9330917 9332853 9337873 9342684 9353219 9358553 9367099 9370748 9372136 9373727 9385608 9390129 9391853 9397256 9398833 9413184 9419005 9421583 9439309 9442557 9444545 9446147 9450474 9454668 9460571 9461872 9463389 9468960 9477540 9479498 9492566 9500209 9509588 9525618 9529644 9547551 9552646 9558529 9561837 9572755 9575063 9579054 9593371 9598348 9609055 9611765 9613646 9614910 9622802 9629837 9643018 9643845 9657242 9670804 9681523 9685582 9692562 9700662 9707133 9719190 9721827 9727795 9734164 9745420 9753016 9759343 9766129 9768481 9769888 9787351 9789057 9807014 9817342 9821104 9825527 9828001 9831406 9834947 9844332 9847974 9852965 9858305 9860670 9881610 9884121 9897764 9911719 9922069 9923134 9926045 9928494 9931307 9934728 9937367 9943388 9948128 9949033 9958427 9960415 9961465 9963836 9975134 9977002 9979490 9983918 
</Matrix>
<Matrix name="Neuron_811" type="complete" rows="1" columns="4229" multiplier="1.0">
   2689 3956 7022 8421 9461 11137 12653 15332 16663 18892 22312 26571 28461 29644 30791 32386 36287 37698 39169 40588 42312 44378 46736 47344 48438 49511 51036 55191 56176 57548 60290 63443 64544 65613 66698 68181 69328 72431 74974 77000 79882 81183 84508 85460 87375 88642 91360 94690 95982 99915 104070 109274 110646 116246 117379 119061 120046 131521 133408 136422 137721 139504 141425 143151 146128 147412 149877 151122 154328 156579 158463 160386 165081 166766 168749 170534 171950 172664 175338 178920 179714 180539 181819 183006 184468 185559 188822 191320 194808 197626 199315 201500 203843 206758 210275 210902 212157 216353 217475 220824 223193 224874 226723 229312 231124 238646 239889 242599 250010 251380 252762 255067 256038 257065 262387 263918 274640 276836 277594 278804 280556 281517 286734 290228 291465 293012 294107 295875 300104 301006 302841 304736 307585 311951 312811 314853 319745 322390 325605 327645 331619 333629 335345 336719 338471 339673 341017 343527 346848 350407 352264 353342 355834 357175 358485 360635 363435 365303 366081 367548 372528 373857 375428 377014 379794 383687 386493 388560 389700 390608 395698 398465 402202 403652 409189 410943 411757 413486 416409 417584 420270 422666 427838 428891 430097 435481 437001 440476 441881 442913 446535 450879 452376 453626 459912 461979 464796 466949 469668 470686 474132 475440 476684 479230 480666 486432 488150 490511 491680 492741 494309 502880 505955 508111 510602 513172 515351 516905 517989 520143 520916 522117 523974 527180 528482 530698 532993 536799 541527 543499 548505 549372 553130 554306 557310 560868 568020 568906 572081 573783 575892 577394 578614 582198 583047 587771 590527 591838 593275 595036 597268 600234 604382 605931 606889 613257 614820 618356 620304 621242 623553 626484 628023 632364 634468 635169 636152 637619 642372 648998 650811 654847 657079 659179 661943 662792 663765 666724 668811 672547 673419 675754 680613 683129 683842 684718 688050 690752 694400 696608 699189 701617 703478 705006 706117 707686 708979 710989 712405 717104 718550 721065 722340 723673 725563 726805 728945 730891 735200 741521 743334 749721 750807 752519 755463 756281 757988 759118 760826 763303 765502 767443 770758 772631 773743 774814 778138 779176 780368 783652 784848 786309 788163 789108 789784 790466 793871 795033 798520 802020 802874 806084 807398 809629 811925 814207 815298 816522 818034 819152 827539 829739 831435 833776 834605 838129 839879 841726 844044 846869 849257 851510 853662 854672 856350 857387 859998 860920 862489 864038 867384 868423 871444 873508 874407 876251 877561 882355 883373 885022 889759 893783 895519 896402 898032 899778 902134 903331 905425 908791 910623 911425 917060 918532 920206 923072 925283 927730 928938 931599 932257 935079 938808 940922 942133 947884 951934 955049 956513 962187 964162 968363 971131 972978 974902 976076 977168 980447 984002 987114 988421 996467 998187 999430 1001416 1004732 1010404 1011504 1012609 1014341 1017515 1019641 1021227 1023604 1025008 1027745 1033053 1034483 1036090 1038562 1039733 1041114 1042631 1046098 1046905 1048534 1050520 1052117 1053948 1055727 1058627 1060015 1063353 1067265 1068465 1069789 1071834 1074141 1076757 1085491 1087030 1089107 1091101 1095543 1098237 1103418 1106491 1108143 1114679 1119440 1120366 1124513 1128789 1132087 1133864 1135277 1138873 1143119 1144360 1144928 1146788 1148709 1153009 1160804 1164165 1165519 1168635 1171612 1174156 1174825 1177712 1178756 1184939 1186556 1187357 1190472 1192390 1195681 1196762 1198545 1199437 1200374 1204675 1209270 1211551 1212726 1213916 1216239 1217260 1219272 1220447 1224182 1225218 1227429 1229662 1231754 1235397 1236271 1238458 1240178 1241296 1243620 1245130 1246896 1249175 1250706 1254376 1260371 1263151 1266140 1266786 1272715 1277201 1279607 1284850 1288556 1290907 1292102 1293263 1295029 1295707 1300449 1302093 1303393 1305252 1306391 1307812 1308837 1313770 1315691 1318313 1319366 1320361 1321511 1323506 1325711 1326578 1333286 1335219 1338469 1339993 1342069 1344628 1349487 1350798 1352170 1354497 1355902 1358176 1359235 1365649 1369667 1371147 1373963 1377801 1380582 1382148 1384616 1387919 1391189 1395507 1397505 1399820 1400925 1401832 1408416 1412630 1417160 1419594 1421166 1422774 1425779 1427376 1433284 1436282 1437193 1439216 1441607 1443195 1447341 1448554 1449428 1458021 1461155 1462366 1463586 1466070 1468816 1471375 1474402 1475755 1477524 1479398 1482280 1483169 1484363 1485352 1487478 1489203 1490080 1490829 1492800 1494274 1496174 1499039 1504905 1508351 1509178 1510234 1512033 1518879 1521143 1522442 1524247 1530059 1530753 1539861 1541125 1544518 1545912 1546763 1549686 1554059 1554927 1558078 1559537 1565385 1566680 1567814 1572085 1573692 1577241 1578547 1579289 1580951 1582088 1583370 1587027 1590417 1591595 1594598 1596138 1597659 1598770 1600233 1601086 1602193 1604515 1605316 1609529 1614526 1615653 1617574 1618344 1620003 1620776 1624541 1626260 1628508 1629390 1630304 1634672 1636511 1638633 1639828 1641112 1642392 1644400 1645493 1647684 1649598 1652485 1654817 1660702 1663092 1664834 1667120 1668607 1671813 1674410 1676600 1685723 1686989 1688071 1691542 1692768 1694200 1695312 1698138 1700184 1702106 1704067 1707691 1709505 1711581 1714664 1716118 1720885 1723017 1724877 1726613 1727351 1728991 1729819 1730924 1732235 1735354 1737032 1742768 1744574 1746074 1747191 1752091 1753577 1755405 1756645 1758039 1760112 1761434 1763770 1768050 1768850 1770831 1774496 1776335 1779365 1781225 1784070 1787818 1789784 1792834 1794545 1797816 1802031 1803246 1804506 1806856 1808679 1813424 1814909 1816515 1818341 1819654 1820324 1824038 1824889 1829217 1831246 1833589 1835769 1838091 1839042 1840356 1841260 1843358 1844192 1847814 1849866 1851838 1853353 1854401 1856721 1859973 1860914 1862920 1863987 1864628 1866209 1867310 1868179 1871098 1874637 1876415 1877352 1878454 1881199 1883746 1887504 1888875 1889779 1894800 1895918 1898300 1901749 1904962 1905767 1908367 1909178 1910666 1911575 1912621 1916108 1917641 1919668 1920982 1922877 1924032 1925553 1930453 1931515 1934825 1941193 1943769 1946232 1950006 1954131 1956178 1959239 1963129 1965413 1966617 1970614 1973891 1975704 1977845 1979446 1984128 1986425 1990943 1991685 1992821 1995614 1997084 1997895 1999878 2008013 2009586 2012857 2014109 2016159 2018758 2021130 2028051 2031972 2033551 2035548 2037710 2039795 2041404 2043292 2044321 2046253 2047351 2048566 2050435 2052399 2054372 2056347 2061376 2063730 2065886 2066979 2068298 2069159 2070879 2073032 2075980 2076772 2077467 2078752 2080755 2081843 2087086 2088480 2090192 2095639 2097446 2099189 2100622 2102501 2105113 2106555 2109979 2115553 2117950 2119569 2125206 2125749 2128859 2130162 2131583 2133492 2134909 2136393 2139033 2140568 2141891 2144418 2145771 2148240 2151676 2153342 2155063 2156966 2160167 2164343 2166442 2168270 2169792 2172320 2173316 2177697 2179221 2183833 2185127 2187024 2188500 2189642 2191606 2195314 2197078 2197899 2200797 2201395 2203077 2204065 2210100 2211818 2213159 2215753 2216952 2219551 2221221 2225916 2230367 2231657 2235754 2237985 2240614 2242013 2245011 2246746 2248032 2249785 2251751 2254309 2256348 2258471 2259737 2261393 2262730 2265216 2267594 2272054 2273302 2275483 2278863 2280071 2283615 2284906 2286130 2289081 2291707 2296637 2297718 2298262 2300206 2301114 2302803 2304862 2307786 2309393 2311022 2312689 2314316 2316259 2317515 2318698 2320071 2324103 2327335 2328799 2331748 2333395 2335356 2336852 2338534 2340523 2341934 2343696 2344838 2346419 2348252 2349358 2350690 2352498 2357500 2359455 2361014 2364114 2365076 2368822 2371026 2374714 2377199 2381612 2384955 2386429 2389505 2390550 2391807 2392990 2395143 2396345 2401538 2402292 2405970 2408493 2409555 2411157 2413436 2417389 2419863 2422906 2424661 2425610 2429427 2430353 2432182 2432978 2435644 2438355 2440603 2444786 2447977 2449128 2450131 2452058 2453327 2455342 2456650 2458964 2460619 2461527 2464918 2468005 2470140 2471213 2474105 2475047 2477814 2481005 2482178 2483098 2484450 2486980 2488447 2492996 2494659 2497028 2499111 2500145 2501614 2503050 2505029 2506763 2512199 2514578 2515365 2518226 2519331 2521515 2522204 2524454 2526359 2528317 2530253 2532206 2533252 2534024 2535516 2539626 2542368 2543712 2551575 2552352 2553723 2556100 2557212 2559997 2562849 2564364 2564992 2565940 2567171 2571879 2573076 2575272 2580591 2581948 2583364 2585885 2587881 2589552 2591019 2593757 2596245 2599636 2601058 2604325 2607017 2608633 2610097 2612701 2614829 2616425 2618215 2619091 2624592 2626981 2631230 2632737 2634926 2635850 2639170 2641595 2642875 2643658 2648544 2652851 2655831 2657984 2660164 2661468 2665261 2667084 2670380 2672141 2673187 2675176 2676968 2679480 2680302 2683817 2687980 2689338 2690534 2692829 2700007 2701132 2702859 2704074 2705169 2710799 2712350 2713872 2715598 2717828 2723580 2726549 2727568 2730017 2734732 2737325 2738760 2740968 2744307 2746587 2747813 2749277 2751681 2757873 2763941 2767440 2768402 2769951 2770802 2776512 2777997 2781504 2785722 2786796 2788589 2790167 2791311 2795622 2797377 2799904 2804267 2805484 2808928 2809428 2810484 2814433 2817211 2818864 2820109 2820766 2822111 2823522 2824311 2825992 2826873 2829714 2830904 2835957 2839046 2839983 2843026 2844215 2845455 2847487 2848790 2851636 2856004 2857202 2858803 2861193 2863726 2866147 2867587 2870037 2871498 2877508 2879055 2881229 2886655 2889209 2890373 2891931 2895756 2899640 2901043 2904939 2906922 2909964 2912631 2913363 2915026 2916283 2919003 2921364 2922782 2924456 2931473 2932816 2934911 2939018 2940155 2943753 2949723 2953487 2954830 2956456 2959807 2964410 2968055 2970279 2971319 2972521 2974963 2977271 2981192 2983141 2989925 2994559 2996812 2997559 3002861 3004989 3008811 3011646 3014475 3015858 3016995 3019278 3020791 3022844 3023810 3026943 3030426 3033013 3033620 3035363 3036558 3039603 3040432 3044864 3047653 3049117 3052495 3055023 3055873 3056624 3059086 3062171 3066711 3068574 3071593 3073983 3076345 3079420 3084864 3086094 3089584 3092414 3094465 3096749 3098140 3100242 3102506 3104431 3108005 3115616 3117978 3124211 3125413 3128293 3133256 3135438 3138410 3143274 3144622 3146358 3147179 3148588 3149895 3155154 3156874 3163216 3165168 3166424 3167317 3172734 3174150 3177137 3178017 3181019 3182690 3185995 3188706 3191459 3194930 3197277 3199503 3200408 3202790 3204251 3208768 3210680 3213369 3214871 3217988 3220249 3222333 3224631 3227441 3233118 3237098 3239385 3243996 3245686 3246310 3248724 3249993 3253844 3258089 3260151 3262736 3264143 3268248 3270689 3271908 3274250 3277367 3281074 3282264 3283437 3289179 3293316 3294439 3296325 3297786 3299337 3300697 3303634 3304717 3306000 3307087 3308431 3309573 3311606 3314745 3315682 3317051 3320108 3321372 3322444 3324610 3326164 3327518 3332045 3333203 3338949 3339847 3341714 3343228 3344206 3346857 3348735 3352545 3356746 3358738 3360362 3361556 3362973 3365064 3366680 3370348 3371755 3372921 3377380 3378984 3383671 3385725 3387384 3391458 3394337 3395615 3396528 3398773 3400165 3402053 3403275 3404099 3405301 3406635 3409366 3411558 3413689 3414674 3418599 3422277 3424226 3425911 3430056 3432090 3433932 3438361 3439784 3445005 3447064 3448863 3451031 3452505 3454036 3458282 3460073 3461303 3462699 3467504 3468625 3474985 3478722 3479806 3482036 3484498 3488360 3489595 3491795 3493616 3494446 3496459 3497642 3498395 3499834 3501808 3503998 3505738 3508563 3509604 3510849 3512354 3514899 3517652 3520255 3521516 3523948 3525324 3526055 3527707 3528352 3529236 3530741 3534955 3537847 3540146 3542006 3543087 3545364 3548982 3551635 3553436 3554669 3557871 3559508 3561287 3563126 3564450 3567015 3571602 3574701 3576003 3578748 3580582 3581759 3583189 3586862 3590102 3593605 3594412 3599430 3603068 3604013 3606228 3607667 3610353 3611963 3615734 3616682 3617547 3618330 3621218 3621712 3624156 3625522 3630359 3634626 3635918 3637877 3639448 3641707 3643343 3645640 3647818 3649825 3655671 3658828 3660014 3661419 3662640 3664506 3666650 3668457 3669321 3670283 3671436 3672776 3673841 3675427 3676447 3677813 3679573 3684542 3689178 3691917 3693403 3697533 3700879 3703464 3705635 3710798 3712954 3714181 3715062 3716139 3719888 3721629 3722933 3724147 3726486 3728605 3732546 3733922 3741881 3743278 3745935 3751883 3757531 3758639 3760236 3764567 3768202 3769776 3773028 3773987 3776353 3777391 3779121 3780878 3781790 3787408 3789780 3794143 3795296 3796448 3800252 3802367 3807959 3809152 3810294 3812440 3816057 3820527 3822905 3824105 3825788 3827046 3828359 3829364 3832500 3835162 3838769 3841813 3843199 3845108 3846877 3848678 3850569 3855404 3856448 3860446 3863176 3865726 3866936 3868882 3872525 3875629 3876826 3877441 3879320 3881235 3884016 3886730 3888335 3890959 3895254 3897774 3899603 3902567 3906560 3908324 3910412 3918358 3919804 3922359 3923105 3923790 3925694 3928648 3931177 3932276 3934325 3938896 3945383 3946899 3948428 3949575 3953792 3954566 3956005 3964710 3969530 3970629 3972212 3975294 3976744 3977998 3979349 3982022 3982911 3984587 3988295 3989096 3994006 3997708 3998749 4001657 4003578 4005323 4007572 4008334 4010969 4011981 4014248 4016801 4018042 4021677 4022710 4024906 4025935 4030935 4032444 4033683 4035502 4036567 4040501 4041742 4042827 4044282 4046585 4047836 4048965 4053524 4058437 4060583 4061789 4063301 4066088 4067434 4069960 4071042 4073853 4077871 4084967 4091014 4093329 4094471 4096280 4097757 4098724 4100923 4104673 4106501 4108001 4109992 4112661 4114230 4119870 4120326 4122521 4123548 4124832 4126455 4127501 4129424 4131281 4132635 4134462 4138085 4139998 4141381 4144662 4145301 4146349 4147367 4148325 4151983 4153146 4154357 4163822 4169593 4171031 4174263 4178857 4185618 4186695 4192064 4195146 4197022 4198489 4200364 4201375 4202887 4205287 4207318 4210442 4212847 4213997 4214968 4215959 4218744 4221392 4222475 4227876 4228770 4232950 4234184 4235246 4236153 4238966 4240330 4242241 4245028 4246243 4249870 4251632 4252439 4253440 4255028 4258121 4261403 4263503 4265135 4266381 4269218 4271235 4272178 4272812 4277362 4279204 4281171 4282624 4283686 4288350 4293254 4295360 4298729 4303389 4305364 4309391 4310334 4311429 4313392 4315527 4316639 4322524 4324260 4326229 4328891 4331822 4337279 4339218 4340053 4341111 4341886 4342640 4348795 4350041 4351012 4352558 4356420 4357233 4358296 4363552 4367469 4369614 4371717 4374098 4376206 4377836 4380571 4383074 4385851 4387291 4390439 4392965 4394233 4395743 4400354 4401219 4402615 4405541 4409113 4412600 4414739 4415776 4418456 4419546 4422314 4423695 4427850 4430545 4431620 4432486 4435935 4438496 4440188 4440870 4443390 4446434 4448158 4452574 4454416 4455216 4456336 4460146 4463214 4464803 4467659 4470090 4471284 4474838 4476441 4481493 4485559 4486601 4490449 4491283 4492574 4493345 4495065 4497233 4503537 4504669 4506032 4507728 4513641 4523630 4526432 4527495 4529593 4530667 4531633 4532908 4535454 4539666 4541629 4542624 4544801 4546976 4550614 4552338 4558310 4563284 4567890 4568902 4570412 4573339 4575121 4576992 4578068 4579144 4584104 4585283 4586874 4587438 4589686 4590823 4595036 4599343 4602453 4603697 4606528 4608419 4609645 4610385 4612452 4613724 4615570 4616296 4617742 4619435 4620155 4621672 4624642 4626700 4629042 4632392 4635423 4637534 4644004 4645225 4647171 4649271 4650391 4651865 4655143 4658260 4659392 4660199 4665455 4668258 4669390 4671241 4676347 4677345 4679811 4680881 4681931 4683679 4685394 4688190 4690639 4694088 4696228 4697412 4699725 4702996 4704722 4706643 4709208 4711521 4713163 4718678 4724275 4727009 4728559 4733293 4734419 4738553 4739321 4741281 4743440 4744597 4747345 4749060 4751629 4752968 4754470 4757021 4759094 4760123 4761455 4766886 4768689 4769838 4775535 4776813 4778915 4781323 4783205 4784753 4785881 4787207 4789258 4791037 4792635 4794025 4796301 4797216 4798003 4800032 4801920 4803106 4804997 4807598 4808892 4810556 4812044 4816933 4817947 4818996 4822734 4825383 4828117 4829643 4830572 4832052 4834474 4835954 4837124 4839159 4841668 4843193 4845646 4847462 4848590 4849444 4851330 4853772 4854936 4855729 4858106 4858776 4859743 4863566 4864545 4865489 4867052 4869006 4871759 4873269 4878011 4879011 4880561 4882309 4884552 4885382 4886501 4889087 4890119 4893154 4895104 4896321 4898169 4900025 4909868 4913190 4915420 4916410 4918857 4920159 4925197 4926175 4928334 4929618 4931474 4939656 4941099 4942449 4944189 4946011 4947184 4948563 4949528 4951254 4953770 4957266 4960581 4961649 4963766 4965848 4968541 4969434 4970823 4971890 4972736 4974427 4975430 4976115 4977655 4979113 4981860 4986550 4987638 4988951 4991303 4992697 4994593 4995596 4996372 4997824 4998711 5000581 5008588 5009712 5010389 5013073 5014524 5015401 5016881 5017682 5020232 5021976 5023056 5024983 5026625 5029632 5036679 5037845 5038970 5040270 5041360 5042850 5044845 5047389 5050206 5052900 5054009 5054872 5055644 5056768 5058706 5059384 5064702 5066353 5067106 5070774 5072273 5074234 5076144 5080157 5080949 5083433 5085413 5086550 5087286 5090104 5091250 5092201 5092724 5093771 5094768 5095668 5097964 5099451 5103318 5105050 5107270 5110077 5111232 5116218 5117862 5119522 5120749 5125259 5128677 5131650 5133129 5134254 5138893 5141537 5143711 5145620 5146796 5160456 5169628 5172519 5175693 5176631 5177563 5178603 5181368 5182585 5185019 5185854 5187503 5193764 5197702 5199208 5200059 5201990 5205362 5209050 5210561 5211815 5214215 5217855 5222366 5227597 5230416 5233927 5234920 5239846 5240722 5245566 5250476 5251177 5252783 5254049 5256230 5264145 5267035 5269511 5270813 5275337 5280226 5281765 5288034 5290006 5292442 5293699 5295425 5297846 5299225 5300529 5302256 5303429 5306384 5308620 5309908 5311144 5313975 5316699 5320079 5323002 5328864 5330901 5333901 5335033 5336204 5337805 5340300 5345466 5346871 5350578 5351958 5354005 5357119 5358480 5359888 5361360 5363600 5364443 5366190 5367934 5370096 5371238 5374735 5376255 5379562 5381718 5385005 5385811 5388146 5391165 5395635 5397196 5401111 5407483 5409461 5412323 5414093 5415646 5421114 5422445 5426638 5428978 5434300 5436621 5437506 5439867 5441449 5442057 5443456 5445514 5446818 5447842 5449692 5451805 5457473 5460575 5461785 5463175 5465692 5468367 5470554 5474675 5476613 5478482 5479764 5481260 5481960 5482690 5483634 5484607 5488689 5490617 5494074 5496214 5498404 5500697 5502816 5505218 5506058 5508790 5509875 5512822 5518541 5520550 5523310 5525025 5527742 5529050 5531236 5534782 5537080 5538392 5539675 5544608 5545954 5546850 5547869 5550458 5552433 5553523 5555275 5559459 5562481 5563128 5569620 5572327 5573236 5579760 5580990 5586157 5587517 5588657 5589781 5591607 5592591 5594719 5598007 5600412 5603677 5605349 5606833 5607774 5610544 5612482 5613922 5616267 5618720 5621257 5622558 5626017 5630835 5632414 5634230 5637322 5638379 5639921 5646235 5647503 5650927 5652524 5654970 5657964 5659085 5661965 5663835 5667339 5668734 5669490 5671420 5676189 5678403 5681361 5686092 5688527 5691283 5693374 5695062 5696617 5698698 5704260 5705811 5707274 5709665 5712499 5718627 5721317 5723342 5727037 5729077 5733428 5739134 5741687 5746375 5747763 5750128 5751079 5751643 5752784 5755108 5758778 5760189 5763604 5765589 5768247 5771227 5774266 5778244 5781603 5783147 5785270 5788805 5794938 5801228 5802813 5806338 5808137 5809895 5810983 5811693 5815475 5817507 5819026 5822527 5823934 5825316 5828185 5831194 5832291 5834734 5836391 5839080 5842254 5843422 5847780 5848807 5850771 5852534 5855205 5857334 5858503 5862492 5864734 5868258 5870409 5871224 5873122 5874236 5876053 5878615 5881366 5882627 5887741 5892747 5896076 5897135 5899570 5901379 5903510 5904654 5906353 5907886 5909362 5910324 5918083 5919209 5923328 5924463 5925283 5926453 5927488 5929971 5932393 5934454 5936648 5939040 5942142 5944119 5948359 5949614 5950696 5952989 5954040 5956282 5958306 5960768 5968161 5969883 5970743 5972745 5975857 5978677 5980632 5982309 5984725 5987253 5988241 5990789 5991762 5993350 5997358 5999915 6002017 6002903 6004881 6006270 6008422 6009684 6010699 6011959 6015010 6016429 6021421 6022227 6024153 6024983 6029125 6033564 6037748 6038913 6039747 6042503 6043271 6045002 6049703 6051025 6052530 6055648 6057280 6060390 6062841 6065486 6066651 6067724 6070441 6074768 6077153 6080682 6081734 6083928 6084719 6085746 6088867 6090684 6093289 6095524 6096540 6098444 6101041 6101795 6103187 6104610 6106172 6109638 6113644 6116054 6118672 6121851 6123824 6128306 6130892 6134204 6139040 6140131 6142161 6145039 6146585 6147658 6148905 6150536 6158980 6161633 6163029 6165931 6167725 6168618 6169997 6171234 6173007 6173692 6175548 6179669 6181013 6182986 6186817 6190407 6194849 6196369 6197755 6199173 6201181 6203449 6207193 6209384 6211180 6212800 6217238 6226251 6229050 6230267 6234552 6236416 6238070 6240363 6245793 6248063 6249201 6251418 6252575 6256943 6258159 6260471 6262699 6263995 6269152 6271470 6272515 6273439 6274542 6275298 6277219 6279563 6280396 6281121 6282128 6284086 6285521 6289070 6293424 6294791 6296437 6298123 6299955 6301147 6302274 6306639 6307516 6313184 6315389 6316954 6321528 6327151 6328767 6329626 6332505 6334047 6337613 6340068 6341079 6348180 6349120 6350936 6354172 6361528 6362316 6362982 6368312 6369862 6374095 6377519 6381202 6383540 6386381 6389537 6390416 6391417 6393246 6394958 6397315 6398812 6400166 6400895 6404894 6406965 6408978 6410357 6411781 6413597 6415503 6420870 6423158 6425847 6426757 6429370 6430787 6433093 6435120 6438880 6441781 6446246 6450004 6452601 6455068 6456894 6457917 6464274 6465291 6466913 6469613 6471249 6472920 6477177 6477922 6479679 6482090 6485677 6492758 6495490 6496551 6498920 6500642 6501914 6508759 6511971 6518311 6522505 6527564 6531796 6533935 6534654 6535936 6538879 6540741 6541744 6544993 6547012 6552052 6554581 6555875 6558126 6559476 6560944 6563401 6564287 6569425 6570822 6575033 6576386 6579213 6580350 6581811 6582701 6584491 6586554 6588913 6595833 6599100 6599980 6602657 6605032 6605957 6609874 6612100 6615903 6617594 6619654 6621189 6624363 6630499 6632632 6635972 6638746 6640334 6641216 6643709 6652452 6655892 6656526 6657881 6661740 6669959 6671181 6673024 6673982 6675936 6677603 6681043 6682315 6685430 6686805 6690522 6693580 6695017 6697010 6699028 6700731 6704844 6708701 6710361 6711731 6714201 6715558 6716701 6717511 6719868 6723452 6725363 6726916 6727999 6729265 6732597 6734175 6736313 6738413 6739279 6740164 6742186 6743256 6744304 6746220 6749819 6751948 6753379 6756802 6759104 6762251 6764462 6765528 6766700 6767460 6768660 6772097 6774387 6775400 6777571 6779156 6780550 6783384 6785474 6789570 6791145 6793189 6794023 6796125 6797760 6800007 6803696 6805087 6806137 6808759 6811456 6812419 6814110 6815544 6820523 6822269 6826053 6827617 6828623 6832349 6834217 6835666 6838297 6838982 6839899 6841985 6843489 6847873 6849487 6850530 6853964 6855725 6857583 6858546 6860738 6861467 6864255 6865887 6867353 6869382 6871111 6874037 6877863 6882600 6884188 6889512 6894756 6896283 6902682 6903909 6904994 6906647 6907875 6909773 6913054 6917844 6920299 6921501 6922818 6928131 6929349 6930779 6931776 6932438 6934192 6936214 6938579 6939799 6940920 6942853 6944141 6945841 6948141 6948891 6951132 6952687 6954713 6955862 6957318 6959436 6960278 6962214 6968405 6971400 6972445 6974378 6977072 6978277 6979481 6980405 6981972 6982878 6985457 6987976 6989815 6990542 6992161 6993605 6998164 6999306 7001165 7002779 7006121 7007091 7007986 7008984 7010577 7011856 7014903 7016214 7018531 7019547 7024224 7025993 7029378 7031464 7035200 7037167 7041331 7043845 7045192 7048442 7052694 7057992 7059321 7060458 7062550 7063716 7070253 7071469 7080075 7081730 7085089 7090531 7093751 7095711 7097013 7099317 7102812 7104674 7106744 7107881 7113075 7115681 7116777 7118881 7120838 7123405 7125424 7126724 7133238 7136107 7138995 7141462 7142875 7143753 7147443 7148557 7151144 7153129 7154620 7157245 7161661 7162476 7166356 7172623 7176386 7177150 7179753 7185508 7186721 7189058 7190954 7196596 7197364 7201738 7204833 7207181 7208788 7210283 7212821 7215608 7219839 7221115 7227459 7232755 7234640 7236252 7238508 7245887 7248891 7249958 7251597 7253110 7258192 7259155 7260399 7263620 7265718 7270469 7275023 7276401 7277626 7281150 7283391 7289344 7290853 7292541 7293994 7295673 7298929 7302422 7305579 7306622 7309874 7311579 7312581 7318044 7325077 7326443 7329565 7330596 7331916 7332749 7333379 7336891 7339351 7343064 7345022 7345746 7346874 7347838 7350369 7353385 7355382 7356985 7362163 7366991 7369804 7370497 7371809 7373394 7374755 7377095 7379723 7383905 7388088 7391683 7395607 7399693 7400483 7402640 7404601 7406575 7407972 7408816 7410981 7412320 7414204 7417166 7418924 7420488 7421909 7423324 7426151 7427801 7429927 7433736 7435658 7437435 7439066 7441852 7444533 7447478 7448828 7451457 7452828 7455284 7458105 7460253 7461569 7469695 7471052 7474555 7475607 7476380 7477660 7479653 7481167 7484735 7491433 7494486 7497526 7498655 7500976 7502740 7507966 7510769 7511955 7515226 7517370 7520524 7521779 7523158 7524176 7528052 7530638 7532469 7535975 7537671 7543460 7545187 7547580 7549346 7550876 7552753 7557311 7559007 7560786 7565447 7568128 7568911 7569575 7570991 7572836 7573938 7574786 7577107 7578165 7580086 7583071 7584145 7585106 7588914 7590498 7593760 7594908 7600621 7603977 7605100 7610052 7613873 7615594 7617678 7619818 7621526 7623438 7627997 7631762 7635077 7637106 7638182 7639038 7646906 7653095 7654715 7656965 7658431 7659542 7660716 7662870 7667573 7668981 7671468 7675285 7675971 7680786 7681956 7684006 7685521 7686778 7687793 7691208 7700766 7702408 7704379 7705361 7708435 7711288 7714383 7721754 7722692 7723803 7727398 7729729 7732092 7735578 7738570 7740306 7741279 7742834 7744296 7745311 7747722 7749027 7750151 7751509 7752309 7753517 7754348 7756426 7757338 7758931 7760427 7764271 7765220 7766491 7769194 7769957 7773763 7776382 7780420 7784342 7784973 7786763 7788028 7790030 7796703 7798633 7799311 7800169 7803512 7807196 7809074 7810192 7811561 7814018 7816629 7820111 7821165 7822555 7825745 7827474 7829401 7830482 7834678 7838826 7841165 7842477 7843570 7845983 7851338 7852117 7853581 7856299 7858367 7859878 7864483 7865704 7873195 7875608 7877010 7878730 7880313 7883550 7885685 7887043 7887724 7889943 7893881 7896469 7898111 7899665 7901939 7903349 7905009 7906250 7909042 7910838 7912782 7915118 7916157 7923556 7926219 7929085 7936379 7938238 7939081 7940231 7941232 7946591 7947548 7949245 7951645 7954577 7959568 7961153 7962933 7965859 7967575 7972122 7973018 7976406 7977813 7979011 7980827 7982591 7983799 7984374 7986279 7988461 7997060 7998168 8001174 8004441 8007326 8010437 8012731 8015250 8017265 8018821 8024427 8025389 8031659 8033665 8035444 8037228 8039223 8041363 8042296 8043416 8045657 8046880 8047916 8048959 8052298 8053586 8060719 8061880 8062793 8064743 8066656 8068080 8069593 8074969 8076943 8079365 8081180 8086015 8087765 8088934 8091419 8094478 8095379 8100640 8102037 8103050 8105319 8107098 8108261 8110242 8113675 8115681 8118364 8120087 8121234 8123637 8125918 8127087 8128489 8129463 8130235 8135770 8137266 8139251 8141691 8143431 8144781 8145981 8147162 8150737 8151495 8155515 8159888 8161091 8161955 8166027 8169148 8170643 8172414 8173805 8177301 8178493 8185096 8186795 8189056 8189984 8191787 8194937 8198049 8199186 8200021 8200947 8207280 8208314 8211525 8213499 8214945 8215885 8218856 8222524 8223334 8225167 8226842 8228557 8229697 8232887 8234595 8241560 8242466 8244308 8245808 8247905 8248964 8251703 8252920 8254024 8257962 8259247 8262433 8268329 8270199 8274801 8281187 8286103 8287606 8293651 8294644 8296723 8297932 8302613 8304549 8305843 8306773 8309828 8316611 8318596 8321087 8322275 8323644 8324940 8327560 8329190 8330905 8332218 8333630 8337096 8338265 8342104 8346286 8347051 8351243 8355722 8358514 8360774 8362209 8363634 8365126 8366325 8369311 8371528 8373311 8374899 8378646 8379718 8382406 8383730 8386823 8388784 8392449 8394055 8394935 8397652 8399707 8400893 8402150 8405424 8406336 8408141 8408998 8410119 8413460 8414350 8416833 8419622 8420233 8421823 8423107 8426394 8428334 8431055 8434890 8436794 8439053 8444334 8445788 8447677 8449152 8451444 8453672 8455136 8458603 8460040 8460692 8467123 8470719 8471815 8475352 8476131 8477788 8484198 8486810 8489045 8493114 8495376 8496404 8501513 8504231 8505194 8506856 8509038 8510481 8511459 8513413 8518914 8522597 8533207 8534353 8537432 8539843 8543115 8545270 8550703 8551832 8552827 8554314 8556238 8559266 8561484 8568425 8574673 8576223 8580808 8582007 8583785 8585812 8586620 8588667 8590340 8592635 8594501 8596396 8599443 8600605 8601581 8603808 8606825 8608048 8610887 8612088 8613140 8615129 8620062 8621282 8625602 8627254 8628717 8633469 8636774 8639842 8641450 8642731 8647138 8648349 8649958 8650623 8654904 8660862 8661998 8663459 8666064 8667658 8668406 8675447 8676534 8677854 8683538 8684577 8686434 8688964 8697642 8699946 8701727 8707121 8708359 8712893 8713708 8715487 8719034 8720376 8721826 8722452 8724726 8725525 8726953 8727922 8730852 8732913 8735550 8738775 8743420 8747020 8754162 8756403 8759884 8762142 8763323 8765429 8769431 8772083 8773574 8775561 8778445 8779530 8781104 8786763 8791174 8792998 8794656 8796318 8800408 8802440 8803859 8805202 8808087 8813980 8815434 8816583 8819174 8820691 8826459 8827577 8828612 8829676 8834043 8835785 8838354 8838947 8839909 8841210 8846831 8847942 8850592 8853045 8855049 8858982 8860865 8862545 8864203 8866004 8867424 8869214 8870746 8873462 8875183 8876535 8881029 8882146 8885513 8888598 8889991 8892023 8894931 8898102 8900102 8902985 8904769 8909674 8911159 8912909 8914383 8917753 8920332 8922058 8923584 8924822 8927296 8928271 8931386 8938824 8941161 8946724 8950182 8953277 8955997 8959008 8963562 8966561 8969585 8971163 8972329 8973604 8975524 8977936 8981436 8985657 8988694 8991979 8995104 9000287 9002250 9005038 9006617 9008629 9011117 9012602 9014662 9016975 9018467 9019485 9023434 9025765 9028369 9032955 9033902 9035333 9037382 9040166 9041524 9042661 9044097 9045097 9049190 9050396 9051776 9055270 9056016 9060433 9061451 9063136 9068205 9070958 9072719 9073957 9075625 9077018 9078621 9079538 9082159 9085761 9088303 9093251 9094407 9096300 9098970 9101140 9103988 9105440 9107397 9111830 9114497 9120267 9122489 9124559 9125857 9127908 9128750 9132088 9135655 9136418 9137564 9139193 9140108 9142436 9144885 9145892 9147596 9148850 9150362 9151396 9153276 9158548 9161550 9162661 9166214 9169909 9171095 9172579 9179079 9185715 9187134 9189321 9191468 9194509 9198740 9201617 9205700 9208856 9210197 9211408 9212533 9213668 9216651 9217550 9220697 9223456 9224530 9226170 9227996 9229498 9231473 9232861 9234852 9236013 9236920 9238263 9239589 9241106 9242640 9244398 9248045 9249264 9250312 9253095 9254962 9256646 9257517 9258404 9260339 9262344 9266969 9271135 9272648 9273228 9274061 9278244 9279251 9280826 9284736 9287272 9288389 9290878 9292187 9296121 9298068 9302664 9304578 9307320 9308751 9309648 9312447 9313947 9315044 9316225 9322036 9322991 9325161 9327485 9331380 9332244 9336633 9339501 9342196 9346468 9356290 9357909 9362084 9365200 9366913 9371291 9373710 9376557 9377814 9379079 9380464 9384565 9385653 9389589 9390087 9391679 9393591 9397713 9399609 9401938 9403703 9408761 9411925 9413759 9416705 9418187 9419504 9421835 9427513 9428207 9431386 9434559 9436118 9438792 9441433 9444281 9446381 9448092 9450495 9453433 9454642 9456795 9459035 9460535 9462035 9464214 9465767 9467758 9469169 9470187 9471940 9477353 9479949 9481273 9485114 9486674 9489230 9497224 9500227 9506726 9508488 9510848 9515481 9518070 9522258 9524589 9526292 9529210 9530529 9533197 9535519 9536672 9537884 9539562 9540786 9543581 9545485 9548750 9551042 9554313 9555846 9559261 9561216 9563477 9565864 9566739 9567413 9570148 9571688 9572344 9577102 9579179 9579798 9581457 9585452 9588749 9589756 9590807 9591909 9593038 9595284 9597343 9597995 9600810 9607530 9608588 9614202 9617234 9620871 9625019 9627229 9628432 9630009 9631060 9634780 9635500 9637115 9640471 9644162 9644937 9647518 9649993 9656677 9657848 9659154 9661706 9664341 9665636 9667648 9669957 9671667 9673364 9681811 9682851 9685424 9686652 9688103 9689918 9690618 9691215 9692815 9695622 9699423 9700824 9702728 9705401 9707014 9708748 9709920 9711561 9713034 9714873 9718042 9721107 9722748 9726327 9738076 9740756 9743144 9744538 9747991 9749449 9750357 9751191 9753596 9755339 9759164 9761526 9764962 9766316 9768467 9770282 9773626 9775330 9776601 9777710 9781057 9782547 9785247 9785959 9787214 9789600 9792576 9796561 9799832 9801362 9803401 9806681 9808147 9809984 9811164 9811852 9813142 9814876 9815863 9817519 9818581 9822487 9823349 9825364 9826274 9828575 9831120 9832324 9832871 9836696 9837627 9843014 9845007 9846461 9848013 9849666 9851113 9853571 9854574 9857396 9859484 9860478 9861112 9861859 9862890 9865503 9866085 9868116 9869149 9873529 9874433 9877504 9880128 9881161 9882812 9885660 9886624 9888437 9889604 9893634 9895273 9896150 9897224 9898347 9899982 9902205 9911156 9914822 9916673 9917961 9919822 9921361 9924176 9926705 9927985 9929744 9932016 9933995 9935467 9936481 9939146 9944275 9946442 9947582 9950034 9951412 9953285 9955529 9957453 9960888 9968585 9973649 9974666 9977731 9980084 9981681 9983224 9985346 9987182 9992528 9995603 9996203 9997288 
</Matrix>
<Matrix name="Neuron_814" type="complete" rows="1" columns="2306" multiplier="1.0">
   2058 3214 8818 9491 15672 17690 24651 30192 41060 42980 47764 49764 59729 63538 67070 74626 83248 84566 86430 87202 89243 94107 97578 100502 107191 111626 115462 116868 130579 134258 135645 137948 159401 164286 168008 171784 177670 179329 181878 183444 184725 207456 208623 212586 216791 221481 225023 229554 237791 241913 250985 253385 261507 262958 265538 269683 273217 277006 285672 290215 293313 295410 298293 306692 309751 311760 321266 323643 327309 329948 331859 337688 358286 361716 365360 368698 371082 372560 382352 383426 390531 397770 404317 407006 412751 424981 431846 435575 443924 450636 452446 457017 463767 466796 467684 470195 471240 473084 475729 482419 491162 493037 494233 503602 512395 513208 513950 515457 520533 523131 529832 536001 537576 540605 545059 546798 556331 566854 572582 577056 584507 586599 589545 591475 596438 598185 613212 617671 620231 622174 624438 628998 640362 641883 646833 649855 652831 656681 672186 673495 679592 683374 691736 693336 694859 700424 703781 714006 716179 719099 723148 724439 728664 732816 734264 736005 737498 738432 740754 744836 750064 751649 752657 755403 758002 765332 766672 768370 771547 779324 782262 783707 791903 797254 798928 801900 808096 809422 817030 824555 825741 828606 831754 840506 844012 852909 855462 856645 874328 879544 880817 883663 885550 887479 890758 894844 897138 899650 900693 902317 903641 906959 908733 909765 913451 916047 917790 918841 920342 927587 931731 943432 945387 946579 953177 970347 974300 975936 979385 982036 998269 1005745 1011289 1015650 1020786 1029054 1039609 1041206 1048727 1055148 1064130 1072339 1074624 1077899 1083837 1088179 1091440 1094348 1100656 1102576 1106680 1118567 1120426 1125206 1127642 1141879 1143510 1145696 1147507 1150066 1151965 1157249 1159074 1164380 1166340 1177965 1183770 1185613 1191220 1197581 1199847 1203399 1205755 1206893 1211881 1213040 1218578 1222119 1223349 1225318 1226743 1228611 1234696 1239760 1242004 1245145 1246766 1248003 1249857 1250784 1265856 1267483 1270416 1274073 1276073 1280766 1285343 1288885 1291694 1293285 1297905 1299404 1304147 1310790 1315428 1330925 1335338 1336395 1337329 1339536 1344383 1346429 1351313 1356241 1358741 1365962 1370480 1375268 1378357 1380630 1385646 1396025 1413992 1418350 1426590 1428080 1430527 1431951 1442129 1442998 1444957 1447326 1448878 1449542 1451196 1452302 1456799 1458765 1459555 1470475 1475595 1478765 1482150 1484038 1486419 1492050 1494054 1496905 1506906 1509571 1511826 1517473 1519880 1524786 1525882 1539960 1541750 1547754 1552081 1556203 1558656 1559766 1562835 1565535 1567327 1570170 1573931 1587014 1594124 1604537 1606128 1607841 1614277 1616953 1622905 1627110 1628416 1632104 1635398 1637425 1639371 1641421 1662975 1666555 1668597 1672489 1673835 1675549 1676560 1680610 1682962 1686535 1687679 1688772 1692423 1694267 1695986 1696815 1701157 1702400 1707136 1711806 1713621 1715450 1728563 1729773 1731880 1733991 1739519 1741890 1747227 1751907 1753199 1757345 1758663 1759928 1762332 1772332 1773738 1777793 1780112 1788348 1789146 1790369 1801979 1803562 1813208 1815863 1817060 1819252 1821466 1824505 1833596 1836500 1842455 1846437 1850721 1854521 1859456 1861010 1869478 1871769 1873724 1875864 1877204 1880666 1881726 1882764 1884712 1889013 1893548 1896123 1898555 1899396 1901738 1906169 1907704 1913069 1915105 1923606 1929881 1933756 1944156 1967052 1971371 1973605 1976401 1989038 1991015 1997119 2000130 2004196 2011290 2014403 2016522 2020480 2022372 2027150 2031285 2042160 2043683 2048825 2051608 2055090 2061978 2074723 2077690 2079387 2080639 2086620 2088032 2089037 2096283 2097454 2101464 2110611 2122085 2124081 2133110 2134549 2138037 2139215 2147742 2151088 2153588 2154949 2156338 2158191 2160983 2161992 2169519 2175283 2178872 2180481 2181959 2184742 2187181 2191980 2193886 2194715 2196373 2197316 2201700 2202694 2204907 2206461 2207214 2215763 2219248 2223472 2226387 2228348 2232591 2234729 2236189 2237252 2238367 2240458 2243781 2244722 2249354 2260027 2272384 2275638 2281891 2284599 2285648 2289760 2292093 2294857 2297164 2300947 2302838 2305764 2308264 2314205 2315753 2317825 2324683 2335574 2337143 2341200 2347021 2353367 2357491 2358592 2360175 2365767 2371257 2375455 2396692 2402899 2404368 2408363 2416756 2429077 2430869 2440399 2444961 2447171 2451387 2454463 2457568 2463087 2469031 2470769 2473002 2485268 2486689 2489363 2492502 2496156 2498580 2501048 2503058 2506648 2513508 2518251 2523868 2525906 2527505 2529364 2537500 2542877 2547445 2548332 2549640 2560758 2564311 2565945 2569445 2575917 2581936 2584573 2586578 2589410 2590953 2592152 2596055 2599327 2600477 2603910 2605563 2607733 2610342 2614476 2619674 2621472 2622784 2627133 2628367 2634896 2637079 2639088 2640465 2643006 2650213 2652546 2653585 2660379 2664722 2671424 2675263 2680772 2682131 2685241 2687080 2692436 2696295 2697338 2698720 2700878 2705170 2718618 2725396 2727455 2738641 2745634 2749373 2759638 2763351 2774032 2775371 2783385 2784870 2785639 2789240 2790526 2793259 2812150 2815763 2816979 2819125 2820308 2823145 2824740 2829630 2838543 2839669 2844438 2846145 2851973 2853682 2857994 2866632 2876897 2878189 2886139 2888712 2896129 2907302 2908791 2912249 2914077 2916132 2917432 2918850 2921843 2930543 2932293 2937075 2938850 2941110 2947811 2949732 2951529 2955874 2957973 2961361 2968239 2970856 2972991 2974253 2981493 2986914 2988178 2989797 2992117 2994773 2996182 2998743 2999793 3005851 3008582 3010654 3012705 3023365 3026226 3027417 3028884 3030172 3031276 3035355 3039377 3048027 3059206 3064293 3066897 3072432 3080991 3084232 3087596 3088817 3092380 3097156 3098920 3101152 3106701 3115494 3116729 3121293 3124963 3129152 3136333 3144206 3150528 3159545 3161699 3163365 3166221 3167854 3169352 3173184 3175124 3180928 3188024 3189497 3190941 3193813 3194993 3196466 3199432 3200436 3210337 3214789 3217355 3221201 3224613 3229698 3233000 3237459 3243854 3245143 3248210 3257252 3259026 3264280 3269146 3272621 3273493 3279216 3287363 3302289 3306492 3319075 3325234 3326356 3328942 3331123 3333153 3334357 3337455 3342224 3346513 3351212 3354365 3360149 3361302 3362842 3367824 3369154 3373820 3378472 3382857 3392285 3396080 3399238 3400424 3402599 3407623 3410906 3412944 3422969 3427729 3434605 3436000 3437827 3441262 3443637 3450493 3453182 3455335 3459031 3460230 3463059 3465482 3471412 3473789 3480683 3487804 3490160 3494538 3499315 3503827 3506736 3514903 3517904 3519370 3520884 3531300 3533464 3536218 3537606 3539572 3541889 3542666 3546581 3551313 3562282 3572522 3573622 3575344 3594961 3600262 3602701 3606791 3614774 3618006 3623670 3625357 3627118 3632990 3636755 3641481 3646019 3657418 3665132 3673366 3675883 3677266 3685162 3685708 3690107 3691059 3696163 3697373 3701739 3704265 3705761 3709852 3712617 3720910 3722751 3730272 3731697 3737370 3741466 3743523 3747879 3761133 3763410 3768096 3770272 3779583 3781371 3786417 3790100 3797644 3798383 3803132 3804463 3805971 3807700 3820557 3823276 3826963 3828069 3836479 3838017 3843122 3848805 3854541 3856876 3858093 3859401 3863222 3871726 3873333 3877123 3885735 3886507 3891166 3895371 3902385 3903738 3905114 3907613 3912174 3914658 3918925 3920905 3924628 3930925 3933271 3938739 3941771 3947567 3948841 3959912 3962982 3964175 3966582 3971678 3975691 3978752 3980913 3984092 3993337 3997939 4001368 4005232 4007739 4010551 4015026 4016536 4017444 4020474 4025447 4033069 4037006 4043051 4055456 4060346 4062102 4064037 4075786 4077187 4084555 4087445 4088857 4092879 4096123 4099176 4107631 4114348 4115602 4117314 4118580 4123053 4126385 4128954 4132993 4134454 4140334 4142653 4144046 4147605 4149908 4155209 4160341 4162524 4164210 4167692 4174682 4176699 4178020 4183061 4185644 4192566 4199933 4201942 4207694 4210323 4214265 4221213 4225881 4234831 4237371 4240234 4243165 4245351 4247116 4251027 4254085 4265118 4274084 4285786 4291648 4300745 4302017 4310481 4315629 4319103 4330067 4330937 4341289 4348531 4349733 4353493 4354767 4356771 4359456 4360754 4362238 4364150 4368297 4371787 4378111 4381052 4382805 4392274 4393410 4394486 4401523 4404017 4410931 4414729 4418971 4420647 4433115 4435565 4437625 4440300 4445072 4454853 4465284 4466194 4470498 4471806 4473295 4474915 4477625 4483966 4486237 4489567 4493551 4500301 4503900 4507701 4515971 4521606 4523306 4529041 4535620 4537840 4548452 4550827 4552090 4553409 4556490 4560309 4562850 4563883 4566011 4572198 4573854 4576011 4580019 4583705 4588964 4590416 4608268 4617746 4620131 4626630 4628068 4632515 4634121 4643997 4647861 4650859 4654325 4660385 4661517 4662890 4663978 4667969 4674144 4676562 4683993 4691533 4694024 4696076 4701301 4704495 4709269 4713053 4714858 4718841 4720644 4729172 4733855 4735733 4736897 4740319 4741619 4743644 4747163 4748277 4752542 4753597 4759143 4770682 4774989 4778294 4781723 4790081 4803789 4810393 4815485 4817003 4819706 4827217 4829798 4831575 4833786 4836250 4840633 4844890 4849701 4851308 4858036 4860737 4865458 4869907 4877271 4883769 4886743 4893704 4899239 4901062 4903400 4907888 4909456 4911981 4918729 4921323 4926701 4929706 4931969 4938408 4940203 4950208 4959663 4962764 4969149 4970863 4974967 4976035 4978617 4981230 4991415 5001125 5003352 5007309 5009061 5010897 5012457 5015996 5017515 5026336 5029598 5035087 5040441 5044217 5047173 5048313 5061641 5068929 5069955 5072710 5077896 5080328 5082230 5089502 5091542 5095854 5105145 5112283 5116372 5122936 5124605 5129825 5131158 5148007 5153986 5155166 5156428 5160972 5163416 5175084 5178604 5181288 5186192 5188803 5195170 5198121 5200333 5203113 5204899 5211219 5213831 5215013 5216516 5217332 5221913 5222866 5228151 5230885 5235481 5238931 5248259 5262281 5264110 5265851 5267386 5272478 5280707 5283686 5287424 5291767 5302797 5314987 5317295 5321993 5326018 5326654 5328315 5332353 5334271 5336428 5338109 5344601 5348700 5354423 5355577 5367480 5371050 5374359 5385261 5390791 5392809 5399174 5403063 5404352 5407761 5408934 5410359 5413294 5415962 5420334 5427064 5430521 5433370 5434062 5438656 5441864 5442793 5455852 5466909 5468996 5471447 5474277 5476053 5477613 5479400 5480997 5488182 5492524 5493957 5496161 5498057 5512438 5520287 5522188 5523245 5524592 5526467 5527497 5528821 5531539 5532426 5534409 5539432 5540407 5545969 5553098 5559832 5564177 5573077 5581721 5587021 5590519 5594609 5599060 5600392 5607039 5608249 5609219 5610882 5616346 5633698 5640528 5646892 5648648 5650954 5653513 5654622 5664784 5667561 5670810 5675158 5677810 5678861 5696449 5700320 5701812 5704221 5706609 5707983 5718852 5723315 5725831 5728097 5732508 5737219 5738650 5746297 5749924 5754162 5758119 5763941 5770382 5778797 5783037 5789800 5794903 5795917 5798218 5799540 5808908 5810083 5811872 5822339 5826899 5832569 5834925 5865446 5867818 5873370 5877924 5878929 5881610 5883654 5886129 5889486 5892375 5905716 5906937 5908957 5914056 5917719 5919343 5922498 5929900 5940738 5946684 5949445 5951294 5952658 5970558 5981270 5982515 5984222 5985162 5993369 6000100 6003774 6009564 6011160 6013715 6015095 6017699 6019867 6021858 6029567 6030712 6039469 6040703 6048058 6053139 6057034 6060117 6065093 6075565 6083247 6086216 6097435 6099033 6106524 6110606 6112708 6118188 6120397 6121699 6123139 6125452 6129307 6131144 6133701 6135134 6140083 6141405 6144727 6147470 6161993 6165871 6169407 6170826 6175098 6179638 6187659 6188760 6191891 6196280 6197831 6218135 6232869 6234649 6239312 6241065 6247610 6251598 6260724 6270581 6275658 6279220 6280338 6285975 6289167 6291946 6299726 6316924 6319352 6325295 6326940 6330214 6339490 6350406 6358850 6361512 6362353 6365424 6369444 6371988 6374678 6382743 6388718 6392672 6405259 6411184 6415019 6420744 6422936 6424705 6429858 6433049 6435105 6436354 6439760 6445630 6447802 6458607 6461178 6462151 6465158 6466645 6470433 6476760 6483614 6486916 6497751 6508695 6513547 6515030 6516776 6519939 6529281 6535768 6539309 6546970 6557387 6560680 6564394 6570278 6576139 6577943 6580433 6582814 6589501 6592023 6593861 6595464 6603908 6607585 6609980 6614943 6618213 6633055 6634916 6638462 6646057 6649453 6655389 6657076 6658719 6664295 6676486 6678118 6692200 6702914 6707882 6710007 6711786 6712800 6715238 6716912 6728569 6731202 6734815 6742798 6752218 6756938 6760217 6762256 6763510 6769107 6776634 6778477 6782870 6792197 6794731 6797631 6802859 6805160 6808342 6811817 6815821 6817800 6819280 6820578 6822288 6823706 6826184 6830397 6833106 6846267 6853199 6857816 6862754 6866735 6877000 6880810 6885632 6887254 6891547 6894760 6900965 6902149 6927706 6930192 6932837 6936867 6939140 6945860 6951096 6954798 6957694 6963733 6975110 6978316 6986966 6990568 6994563 7000241 7001689 7002738 7004329 7005068 7008355 7013156 7014104 7024686 7039925 7043317 7046964 7049553 7053491 7055712 7056859 7058524 7061007 7073283 7078907 7082326 7084232 7086853 7099301 7103986 7105837 7107094 7108490 7110764 7119081 7125579 7130266 7131707 7132488 7134096 7136969 7150285 7156746 7158944 7166432 7170189 7173640 7176264 7180673 7185031 7188909 7191569 7195937 7208097 7210466 7211636 7224574 7227436 7229171 7230352 7242210 7245418 7247491 7249537 7250541 7254717 7258739 7264955 7269750 7274761 7276967 7281388 7283317 7293635 7301960 7304757 7309305 7316781 7322262 7326578 7330814 7333779 7339993 7342277 7348083 7350586 7361035 7364684 7372428 7378607 7381130 7383927 7387078 7389833 7402565 7406055 7412322 7414546 7424914 7428056 7429828 7443357 7447464 7448968 7452595 7454283 7458232 7459172 7462744 7464055 7473228 7477316 7482507 7488952 7490161 7495275 7498462 7499890 7503751 7509529 7517043 7521953 7532014 7537568 7540593 7545822 7547505 7550589 7551471 7555591 7558879 7560877 7562390 7563705 7564876 7571534 7579124 7584970 7594896 7598413 7600719 7603786 7604613 7606922 7609660 7611760 7616054 7622145 7624098 7631367 7633609 7635953 7637427 7643781 7645069 7646124 7646966 7653466 7656630 7660951 7662909 7664709 7667092 7676412 7684307 7688126 7691116 7698786 7703482 7706047 7712339 7723730 7728396 7759702 7765580 7768054 7776153 7778750 7781864 7788267 7794887 7798397 7799549 7805609 7808798 7809876 7815373 7816669 7823664 7826321 7829574 7839858 7841040 7844738 7864941 7866964 7867776 7870106 7870960 7873713 7878662 7882317 7883404 7885158 7890507 7893712 7894518 7898441 7910306 7915840 7924322 7928714 7942585 7954382 7957774 7963811 7965928 7969693 7971203 7974280 7976378 7986302 7988784 7992279 7994187 8011674 8013861 8015146 8016486 8024362 8028289 8030366 8034994 8036365 8043870 8050644 8061243 8062755 8069137 8070558 8074066 8079002 8080632 8093067 8095519 8102010 8105052 8112669 8114718 8119432 8122460 8133352 8134131 8140832 8146852 8153297 8155685 8158712 8162906 8171329 8176664 8178205 8187937 8190659 8195499 8204752 8208022 8210135 8212346 8221912 8223682 8224898 8228397 8230844 8232069 8233773 8235815 8237560 8241807 8242897 8245482 8247859 8250735 8256573 8257907 8263382 8264869 8274589 8279741 8282217 8284942 8288889 8291604 8293931 8295880 8297596 8302037 8305061 8308045 8309372 8318147 8322594 8330202 8335245 8339968 8345924 8352994 8359475 8360875 8370652 8373342 8374348 8377542 8379322 8380428 8383616 8386994 8394380 8396704 8397621 8410516 8411688 8418388 8420024 8422937 8430168 8432373 8435594 8437393 8439114 8443904 8447279 8452879 8455428 8457249 8459113 8471008 8473061 8480048 8481288 8488084 8497481 8502180 8504959 8507441 8510336 8512747 8515247 8516840 8518774 8521270 8524262 8540231 8541356 8553884 8556088 8560112 8561249 8565207 8569094 8574135 8582781 8590408 8600177 8604426 8605668 8608045 8609470 8611293 8615451 8617249 8618170 8626989 8630881 8633312 8638249 8654809 8655686 8659204 8663948 8673261 8674432 8676074 8677796 8678352 8682704 8689792 8695641 8698025 8700531 8706526 8711547 8713429 8718734 8722654 8723691 8741546 8745655 8749247 8751822 8753152 8754572 8761040 8763840 8765634 8767052 8776342 8777653 8780064 8780775 8782356 8784476 8786557 8789637 8802762 8807986 8824073 8831208 8841719 8844410 8846900 8848744 8852931 8855049 8861744 8868215 8869656 8872275 8878021 8887112 8888489 8890899 8895267 8900561 8902600 8905951 8911217 8921830 8923315 8926509 8929199 8930258 8938919 8942210 8943119 8946642 8953738 8958416 8960107 8964080 8967347 8970260 8971731 8973402 8978191 8982861 8988621 8995575 8999317 9001360 9002237 9005163 9008500 9010502 9011742 9017650 9021240 9023253 9029864 9033775 9034833 9053997 9066656 9069447 9076652 9078526 9080605 9081889 9089115 9091819 9093033 9094770 9109907 9113862 9115908 9119826 9122355 9123741 9124960 9126477 9127539 9133017 9134078 9137811 9154291 9159277 9163901 9167231 9168938 9170000 9174825 9180023 9191503 9197782 9203175 9208098 9212643 9215283 9219724 9221019 9224756 9233176 9241077 9243496 9246438 9253795 9255843 9257652 9259359 9281282 9283439 9286003 9287386 9289933 9291682 9293728 9295484 9296812 9303170 9305323 9307200 9308361 9309161 9318436 9323913 9332069 9334466 9340720 9343853 9350177 9351945 9352706 9360626 9362105 9367246 9369910 9372052 9391472 9395654 9398034 9399311 9400321 9403303 9404253 9405690 9408776 9413220 9415712 9422683 9429959 9432344 9441728 9446332 9449156 9455677 9457427 9464651 9469758 9471552 9476873 9488481 9495776 9501571 9503800 9506502 9511062 9521723 9522882 9527251 9529989 9531432 9537706 9542596 9543800 9547706 9549422 9551052 9554885 9560970 9562674 9570381 9576347 9582432 9584049 9586737 9592701 9593695 9595495 9599407 9601172 9605610 9617388 9620026 9621554 9624642 9627424 9631565 9633280 9641213 9643006 9645243 9647013 9650618 9653027 9658400 9668493 9674440 9676011 9678616 9682538 9687660 9689051 9692855 9697282 9703000 9711918 9713450 9716490 9719862 9731627 9740250 9744841 9746227 9750022 9760427 9761733 9765504 9773976 9775404 9777453 9779840 9783072 9784794 9791274 9794041 9795733 9797446 9799859 9807174 9809651 9814558 9815560 9816499 9824291 9825585 9827558 9829594 9841149 9846329 9850521 9851970 9856829 9860153 9866118 9869861 9872939 9877074 9878833 9882520 9883777 9887015 9889968 9897946 9902353 9907194 9910771 9917279 9920597 9925082 9928132 9937462 9938676 9942817 9953564 9955780 9956865 9958826 9960366 9961534 9965290 9970992 9973168 9980388 9983314 9988026 9994034 9995338 
</Matrix>
<Matrix name="Neuron_821" type="complete" rows="1" columns="2511" multiplier="1.0">
   1368 2866 5447 10801 13458 23976 27944 29525 30112 34848 36065 38984 44155 45634 48555 52043 54170 59246 63872 65800 67488 68600 74590 82932 86774 91204 94283 106964 108298 112245 114436 121352 124187 125949 131231 136379 136989 140265 143043 144889 146237 150238 155556 166211 176249 180287 189047 200510 204907 205910 210110 213530 215599 223064 224599 226954 229645 232467 235404 237828 241625 242755 244074 248597 256207 264825 266607 269214 277469 278302 282179 285212 293584 297585 299308 303843 305447 308794 310505 311357 320383 325547 337837 340676 342929 345055 346363 348239 352789 356132 361441 366407 367703 371121 374095 375383 377524 378793 383516 386278 387504 390686 397924 401097 412366 414454 416723 421657 423326 431490 434875 436940 439434 440992 443885 447105 448812 453966 459656 465353 478484 480732 481348 484065 485545 489155 491746 493448 502266 508289 510981 514732 517937 520488 527626 531131 537565 539977 543497 545006 547328 555549 556718 561978 567645 571847 573593 576864 581499 585468 589576 593829 595333 598911 602751 604508 616054 633773 635995 638339 639472 645636 650048 659719 663668 664419 669520 675517 678448 682613 684005 686213 688550 691007 694338 697255 698849 705575 707460 718274 722998 729276 731019 732985 734248 746111 753007 762447 769200 770831 772772 774715 775817 780200 782030 786791 794925 797260 798696 802222 807999 816857 819567 821347 825543 834175 845047 846403 855175 858932 859596 867283 873496 882075 892026 895803 899614 901148 903116 906356 908563 913588 919167 919847 923053 926471 929540 931578 941231 945992 954289 955617 959788 961002 962835 964823 967039 979879 981823 1001350 1004388 1014202 1016832 1018928 1022942 1027556 1035980 1037650 1043180 1044945 1049561 1050424 1052847 1054882 1057596 1058540 1061775 1063061 1070100 1074778 1075661 1080214 1085116 1086337 1090004 1091237 1092208 1094737 1095755 1099224 1101075 1109402 1114118 1118568 1120803 1129027 1130463 1134978 1141007 1144507 1148950 1151209 1152558 1155942 1165973 1171673 1178214 1179415 1181628 1184465 1185490 1187294 1194825 1199029 1203460 1213341 1215715 1218708 1227809 1232028 1237823 1245836 1249700 1254755 1255557 1261740 1262426 1264833 1267470 1270252 1271530 1281549 1284306 1285852 1288246 1292505 1304373 1306173 1313727 1317223 1318833 1321061 1323839 1325803 1327588 1331606 1334271 1344403 1345516 1347546 1348717 1349695 1356919 1360175 1361205 1366822 1370154 1374518 1376805 1378457 1379376 1386824 1390540 1391688 1403577 1407956 1408850 1410422 1412067 1418039 1419527 1426881 1435790 1437919 1441095 1442877 1445277 1453842 1454717 1464856 1471237 1488165 1489374 1492035 1497433 1498461 1500028 1506051 1508190 1518817 1525060 1527436 1528916 1532942 1533907 1536475 1544772 1549675 1552477 1556645 1559546 1563525 1565189 1566790 1569374 1570755 1575823 1577067 1582024 1583168 1584090 1587218 1598825 1601355 1603781 1605587 1607715 1608416 1610112 1616590 1627784 1633602 1634504 1636241 1637444 1644371 1645655 1647397 1649797 1652149 1658279 1661104 1662807 1663793 1667713 1668671 1669839 1679486 1680414 1683155 1685505 1686578 1689239 1690507 1694001 1695280 1702633 1704877 1707606 1712984 1714183 1716166 1725355 1727902 1729409 1732521 1734290 1735905 1742279 1748079 1748720 1749875 1751882 1753926 1756688 1761023 1763663 1768159 1782610 1789623 1795539 1798840 1803773 1805544 1809119 1812248 1816930 1818385 1820260 1821551 1824930 1827368 1828647 1830612 1833263 1836137 1838702 1839460 1841029 1842807 1845061 1847388 1851893 1854050 1856050 1861639 1866103 1870869 1874533 1878745 1881846 1883159 1889530 1909457 1925968 1932705 1934697 1939380 1940208 1941029 1944785 1945607 1946611 1951930 1953172 1954983 1955493 1958540 1960937 1963250 1968961 1969681 1974399 1975615 1978197 1980086 1982500 1984676 1985500 1986548 1989656 2000334 2001513 2003690 2005734 2008170 2010856 2015710 2022796 2023995 2026022 2028729 2032060 2035746 2038561 2040429 2050977 2052701 2054374 2055949 2057802 2062813 2072165 2074704 2079177 2080061 2082485 2088788 2091346 2092742 2094542 2096546 2102171 2105486 2107764 2112790 2114174 2117574 2119366 2121996 2125431 2127933 2131855 2133060 2134176 2138436 2148142 2154459 2158154 2161079 2167721 2168778 2171894 2174088 2181281 2184714 2187423 2191660 2200547 2203710 2206470 2218280 2222474 2230882 2232049 2234247 2236576 2239832 2243987 2254967 2263071 2264481 2268007 2276210 2277868 2280733 2286310 2293477 2297828 2302098 2312416 2320005 2321955 2326498 2330648 2337219 2338459 2340417 2344764 2356856 2361771 2363713 2366680 2372330 2374123 2375134 2386172 2387619 2389692 2392717 2396681 2404231 2405704 2406736 2408300 2412471 2413590 2416900 2419431 2422983 2428441 2434040 2437514 2442204 2448396 2453012 2458933 2462155 2465480 2467040 2471951 2477549 2478729 2484614 2487515 2497682 2500085 2501226 2503863 2512165 2513523 2515736 2531749 2532996 2545257 2547272 2549197 2554847 2557163 2564462 2575567 2576606 2584646 2587631 2589506 2590369 2592161 2603180 2609299 2619072 2620383 2621148 2624727 2628714 2630685 2632013 2636637 2639852 2644411 2649641 2653257 2655640 2666993 2669195 2673225 2677806 2683194 2686198 2689816 2693366 2704620 2707994 2719908 2721558 2727119 2732626 2739223 2747173 2754950 2758653 2769866 2772873 2775461 2777329 2781986 2783497 2784981 2789824 2797803 2799078 2809748 2819738 2820770 2829215 2831507 2837010 2838468 2845232 2847069 2849477 2851157 2855308 2858684 2861289 2863034 2866204 2870362 2872385 2874984 2878302 2884439 2889657 2891905 2896183 2899404 2902889 2904636 2905485 2907609 2910439 2911844 2922860 2932338 2935679 2938837 2940739 2942294 2945917 2949104 2950512 2951648 2954173 2958768 2962085 2966325 2967108 2972244 2979482 2981521 2984090 2988980 2994303 3003398 3008929 3010067 3012864 3014856 3016133 3018995 3024526 3029482 3031832 3035618 3037414 3039486 3050024 3051876 3056107 3059579 3070755 3080582 3087035 3091084 3094105 3099315 3102272 3110905 3113898 3123049 3126257 3131894 3132916 3135810 3138218 3145391 3146727 3150966 3153788 3155162 3158847 3160499 3178937 3180502 3183342 3188073 3189350 3193672 3198271 3200886 3204616 3205536 3207212 3209629 3213365 3214456 3216345 3219928 3222251 3236061 3236940 3243413 3244246 3247479 3249242 3251649 3253106 3254097 3255026 3255843 3256984 3266412 3271703 3278016 3279728 3280731 3286374 3293277 3299240 3304554 3311053 3313554 3315974 3317842 3319055 3328622 3332276 3341219 3351590 3353179 3356790 3358150 3359304 3362995 3366509 3367980 3369192 3374782 3378182 3379547 3382163 3383020 3389150 3397859 3411926 3413176 3424692 3427420 3428269 3431176 3434164 3435744 3438372 3439977 3444733 3446300 3450165 3453812 3455764 3463146 3465590 3468513 3471948 3477675 3479385 3480950 3482271 3490080 3494086 3499314 3508292 3513663 3515919 3517689 3518714 3521869 3523469 3533480 3535590 3536631 3539765 3543379 3547171 3555799 3567013 3580288 3581321 3585230 3586196 3588599 3593497 3605444 3611716 3618434 3627813 3629786 3635297 3636754 3640305 3644190 3652918 3660663 3665903 3670289 3673150 3675583 3677876 3679153 3683788 3688273 3690854 3692396 3693287 3696092 3700306 3708465 3710678 3720979 3722999 3726434 3728134 3735859 3743228 3748356 3750392 3752823 3757797 3760874 3770254 3778840 3784199 3793132 3797343 3798656 3813557 3815370 3816430 3818958 3820429 3822948 3825313 3826814 3829184 3834375 3845194 3850667 3852093 3855316 3858356 3864829 3869120 3876866 3878374 3881743 3883602 3884741 3888193 3898478 3900337 3905022 3906627 3910813 3912138 3916476 3917470 3918150 3920109 3924527 3927204 3928812 3933890 3937450 3943189 3945110 3950266 3951571 3959164 3962721 3968716 3984514 3988186 3992691 3999677 4004777 4007850 4010711 4014208 4017682 4018975 4020526 4023308 4025411 4038687 4049428 4051510 4056879 4059037 4063371 4064895 4072854 4085366 4086789 4087987 4089861 4094571 4099198 4101723 4110552 4115973 4118695 4122486 4124563 4125684 4132634 4134839 4136885 4142188 4148692 4151487 4153272 4154544 4157562 4164261 4165990 4177510 4185900 4188061 4193168 4195718 4196648 4200023 4201674 4205478 4206208 4209311 4214871 4225697 4227861 4232093 4244850 4246957 4252015 4260121 4263795 4265509 4267624 4278763 4281110 4282489 4285711 4299905 4304450 4306482 4307118 4311035 4313611 4319453 4324504 4330605 4345159 4352411 4355905 4359248 4360423 4362738 4364421 4371532 4377883 4382562 4387435 4390943 4399207 4405633 4410436 4413076 4423067 4425279 4428690 4438908 4442115 4449432 4453720 4459379 4461313 4464540 4466338 4471899 4480817 4482841 4488910 4491980 4501872 4504314 4512138 4519552 4521716 4526774 4527881 4533158 4535738 4541002 4543400 4548146 4549158 4550738 4551409 4554520 4558711 4561324 4570116 4572355 4575397 4576473 4586966 4588032 4589635 4598868 4600750 4602701 4608140 4611153 4624078 4628109 4630146 4631487 4634458 4636448 4637897 4638863 4642517 4648883 4650585 4653535 4656287 4660082 4663099 4664400 4665893 4671127 4675906 4677655 4679962 4687219 4690852 4692793 4695035 4701423 4702885 4707891 4712711 4715200 4722516 4728148 4731554 4734006 4735484 4741788 4749512 4751024 4759359 4760778 4767458 4769199 4772085 4774809 4776422 4777324 4781318 4785807 4787071 4789036 4792657 4799584 4801320 4803406 4812256 4818135 4819906 4824053 4825657 4833513 4843723 4846180 4847145 4850343 4853700 4855246 4857808 4861297 4862413 4863969 4865173 4865973 4868056 4875995 4878656 4890802 4892114 4893860 4898036 4900649 4905439 4906706 4911289 4914951 4918003 4920001 4921415 4925090 4926044 4929143 4942904 4945288 4948241 4949842 4952424 4963724 4964591 4967066 4971733 4974121 4977654 4979066 4980236 4982078 4984240 4985294 4988836 4990975 4993295 4996028 4998645 5010444 5014935 5016639 5018118 5020421 5025297 5032579 5040457 5042264 5048143 5057605 5062295 5064785 5075488 5080050 5085471 5086714 5088088 5089328 5097104 5099464 5101560 5103965 5106092 5115617 5118752 5122105 5126021 5127788 5131048 5132057 5134521 5135637 5142964 5159424 5160797 5166331 5168139 5169469 5170680 5172517 5173621 5178639 5179733 5181031 5184772 5191373 5202441 5212114 5218077 5220907 5225910 5226912 5230218 5232247 5240855 5242281 5243259 5249588 5253901 5255225 5259739 5262517 5264656 5271319 5272208 5276116 5282658 5291419 5294147 5295641 5297139 5300576 5304678 5307472 5309512 5311492 5313185 5319492 5321567 5325812 5329080 5337443 5339297 5341439 5343710 5347828 5350613 5354213 5357181 5360426 5362295 5367834 5373540 5375025 5378423 5380804 5387745 5393564 5396429 5399882 5400420 5402589 5403793 5407465 5409971 5413478 5416818 5420683 5422906 5424529 5427339 5429256 5431858 5436509 5440225 5442711 5444287 5447061 5450057 5453228 5454121 5458251 5460934 5462256 5464023 5466857 5468089 5470268 5472458 5478783 5482041 5484421 5488349 5491079 5492990 5498156 5500915 5504377 5507384 5512057 5519726 5532961 5535614 5539567 5544610 5550111 5553390 5559951 5561950 5565095 5569684 5576479 5579354 5582357 5585532 5595092 5596568 5603075 5604575 5606652 5608070 5612899 5613904 5614850 5622049 5623036 5633694 5637973 5651194 5653245 5663485 5665764 5675784 5683999 5686376 5691662 5694033 5697157 5699572 5704252 5718250 5722757 5729568 5733449 5740333 5745433 5747145 5750116 5756960 5768459 5770100 5772054 5774875 5787688 5790944 5796511 5798417 5800778 5812848 5814115 5815933 5819431 5821210 5826229 5827999 5829918 5831160 5833901 5841381 5844498 5866289 5867822 5872157 5874356 5886421 5895168 5897503 5899231 5900512 5903722 5906108 5910392 5914461 5915709 5918613 5927570 5935306 5941070 5941927 5943719 5945987 5947048 5953245 5975050 5977183 5979340 5980353 5984098 5985891 5990822 6000173 6001829 6003093 6006693 6009385 6012437 6014378 6021071 6022904 6024855 6025837 6031297 6032637 6037851 6039527 6040561 6042825 6044805 6047696 6054784 6061385 6064426 6068468 6070064 6075391 6077582 6080051 6084767 6088590 6091230 6094676 6095864 6097415 6101227 6105867 6107452 6112134 6114479 6120437 6122324 6123252 6124800 6136165 6137814 6141038 6143891 6145422 6160334 6162986 6164242 6166720 6171519 6177677 6185893 6188405 6192696 6193852 6195707 6197240 6198468 6200016 6209630 6212410 6219144 6221161 6222449 6224694 6227711 6232037 6234412 6240311 6241246 6242966 6244868 6249573 6251378 6255507 6258727 6261307 6263495 6266362 6269732 6273957 6275395 6276698 6281209 6288740 6296426 6298124 6302124 6306218 6310450 6313630 6314714 6316004 6320213 6324512 6325808 6327473 6328234 6338403 6341972 6344056 6352915 6354084 6362995 6368774 6370670 6372683 6378729 6379873 6383124 6391791 6394090 6406863 6408300 6411724 6421195 6423920 6425579 6428664 6429921 6432970 6434502 6436980 6439409 6441065 6444330 6446488 6447385 6448187 6452791 6455044 6464033 6469342 6470863 6472338 6473719 6475116 6480173 6487164 6499134 6501070 6505810 6509298 6518530 6523839 6533925 6537141 6542045 6544761 6548425 6560260 6561510 6565095 6566135 6570720 6573766 6577866 6579695 6585397 6593765 6597141 6598393 6605460 6606761 6621613 6626259 6627375 6631101 6632429 6633870 6634885 6636365 6639837 6643047 6646278 6651997 6653150 6656055 6666962 6669439 6672995 6674059 6678872 6680240 6680751 6682248 6684187 6685951 6689514 6700424 6704576 6710184 6714685 6715640 6718879 6731868 6734542 6735784 6741605 6749243 6750022 6753773 6754656 6761575 6768650 6773007 6778307 6786482 6787757 6788538 6789737 6798412 6800569 6803458 6810918 6815744 6819567 6821933 6823655 6827866 6830239 6833890 6835886 6837452 6838846 6841716 6843951 6845702 6848710 6853852 6856291 6858287 6859543 6867577 6869328 6871144 6878677 6881224 6881917 6884736 6888250 6891381 6896912 6898887 6904417 6906001 6907791 6911978 6913649 6916673 6917529 6924016 6930288 6933286 6938171 6940966 6944089 6945193 6950891 6958435 6959303 6966617 6975057 6976446 6983656 6986717 6994959 7005799 7006975 7007818 7015630 7019661 7025362 7027522 7030286 7031295 7036944 7039675 7042853 7048450 7050633 7057464 7059170 7061405 7064772 7069773 7073139 7081635 7084691 7086384 7091282 7091994 7094401 7097392 7099517 7108044 7112011 7119272 7121998 7123681 7127917 7129239 7130611 7132832 7133512 7135183 7136544 7138554 7140129 7142546 7147454 7152299 7165268 7167651 7168966 7172126 7174488 7179866 7185119 7188349 7191507 7194885 7196530 7198429 7203243 7205358 7209575 7217412 7226383 7228987 7237249 7242452 7244459 7249849 7254107 7254993 7264749 7270012 7274647 7276842 7281073 7283382 7286392 7289904 7291947 7295351 7296027 7301043 7305868 7309626 7311669 7314416 7328535 7330980 7343926 7346630 7353400 7354479 7357024 7358579 7361074 7364677 7365645 7373151 7379090 7381923 7385715 7394067 7396783 7400342 7402520 7404194 7405933 7409050 7409964 7411181 7420693 7421548 7423189 7427813 7433943 7437127 7442448 7446331 7453430 7457006 7458820 7460899 7462090 7463476 7472323 7479017 7482853 7484422 7486240 7497851 7502541 7507265 7509584 7510602 7512255 7515041 7518940 7522653 7540292 7542177 7544267 7551441 7552785 7562347 7563911 7572011 7574487 7576527 7578512 7580783 7582544 7585919 7587388 7596223 7600235 7603422 7608327 7610218 7611472 7613096 7614440 7615447 7620505 7622174 7625490 7628500 7629530 7632036 7639068 7642488 7651666 7655005 7660199 7662188 7667177 7669159 7670463 7672396 7680428 7683456 7687782 7693020 7698182 7703622 7706315 7709106 7711064 7716281 7723454 7724392 7728299 7731684 7735074 7738164 7741350 7747383 7752477 7754035 7755755 7758397 7765613 7773734 7776934 7778744 7780519 7785341 7787333 7793641 7797131 7798282 7802740 7803672 7807953 7822132 7827330 7829797 7839883 7841596 7843379 7847853 7851822 7853786 7859047 7860156 7862608 7864296 7865216 7865923 7867625 7868452 7870429 7871351 7876353 7886622 7890732 7905942 7908583 7911833 7916772 7921073 7922951 7923655 7930574 7931930 7934357 7938642 7939803 7943121 7945556 7946249 7948055 7953785 7955849 7958292 7959489 7961294 7981419 7990479 7991550 7994341 7996078 7997202 7999010 8003791 8017429 8019811 8023264 8030187 8030915 8032149 8033117 8036577 8040302 8042086 8043966 8046234 8049239 8059041 8069761 8074185 8086011 8088561 8093266 8098151 8099531 8102669 8104564 8107002 8115141 8122178 8136497 8140304 8150746 8152208 8153331 8158137 8167488 8168470 8173599 8180196 8184657 8188912 8191862 8197103 8200469 8203680 8205381 8207889 8212828 8216715 8219648 8224759 8234158 8238201 8240429 8241415 8245615 8253942 8260914 8263337 8268840 8273696 8277323 8278811 8293621 8295596 8300029 8303734 8305390 8306218 8307596 8308715 8311331 8315740 8316734 8318963 8323027 8329144 8336476 8339694 8343234 8347831 8352146 8353514 8354301 8355662 8359765 8362235 8368542 8371757 8376615 8380447 8382996 8386792 8390395 8392679 8393686 8397976 8408519 8414906 8416973 8421475 8425720 8426673 8445070 8453042 8454334 8456125 8457855 8460244 8461260 8464299 8467785 8478354 8481221 8482288 8484527 8493421 8498618 8501113 8502940 8506087 8508617 8516224 8518189 8523151 8532606 8535605 8542615 8544286 8548415 8551250 8556410 8559299 8561405 8562895 8563670 8565370 8567563 8572823 8580215 8585970 8590338 8592430 8593284 8600308 8602124 8603119 8604388 8605312 8606226 8608909 8611763 8623915 8626331 8632801 8646027 8650293 8651906 8653853 8659378 8663344 8666683 8670597 8671427 8672733 8675027 8680570 8681755 8688089 8691562 8692859 8695418 8700474 8709108 8710199 8717842 8719818 8724473 8725969 8728147 8731116 8737457 8738851 8740477 8745530 8749447 8752786 8754181 8756289 8766253 8766984 8769220 8772572 8777067 8778728 8783975 8786861 8788256 8791562 8794861 8796811 8798569 8799739 8802175 8806781 8809915 8812057 8818681 8819605 8830836 8836827 8840404 8841447 8843212 8845132 8847967 8853339 8855139 8860636 8865012 8868872 8872990 8877537 8889614 8890376 8896056 8897294 8900368 8902304 8904076 8905350 8910839 8912984 8920510 8921524 8929407 8936389 8937303 8938712 8940803 8941944 8943703 8945738 8948971 8950513 8956676 8962229 8970415 8973399 8977213 8979708 8984958 8987383 8988984 8990402 8998735 9005782 9014088 9015986 9017151 9023194 9032546 9035320 9047203 9051110 9052851 9054788 9065740 9072003 9078387 9079273 9080035 9086316 9089097 9091297 9095561 9101103 9103268 9105904 9107015 9109776 9112950 9114273 9117051 9118156 9119494 9123862 9128829 9130695 9132474 9138618 9141899 9143302 9151028 9159059 9161503 9170879 9181595 9183155 9188200 9191318 9201116 9207600 9213110 9215073 9218224 9227866 9230059 9242344 9244319 9251747 9255068 9264540 9267529 9272235 9276379 9277638 9286124 9288415 9296852 9297637 9301579 9310458 9314093 9318023 9319041 9326584 9329662 9332567 9338495 9345110 9346314 9350006 9350991 9354095 9356132 9357704 9362881 9370284 9373763 9377435 9382483 9383791 9385048 9390449 9392859 9396135 9398332 9402950 9410039 9411018 9414752 9426768 9432930 9440228 9443747 9449779 9450654 9452403 9454232 9459001 9461645 9469089 9470148 9472098 9480093 9482939 9484718 9485710 9487448 9488517 9490777 9494730 9497394 9502433 9504487 9509009 9511365 9515829 9519047 9521894 9525776 9528695 9530340 9531813 9533520 9541567 9542811 9546792 9548201 9550047 9554336 9555876 9561321 9569353 9580434 9592446 9595672 9598300 9606567 9617389 9618846 9620218 9623763 9625529 9629068 9630045 9633995 9634895 9636557 9639170 9647351 9648911 9651127 9657387 9660373 9662464 9672162 9675355 9676300 9680341 9681682 9683727 9692414 9694992 9698849 9701551 9702575 9704446 9706978 9708119 9712175 9713991 9716991 9719375 9720463 9721577 9729605 9734160 9735694 9737523 9739277 9758355 9770928 9772891 9777755 9778724 9783636 9784760 9786131 9792191 9794861 9796711 9797655 9802090 9803639 9807324 9808782 9810839 9812402 9817735 9822725 9838311 9839952 9841996 9849220 9853778 9856085 9860708 9864231 9869263 9871553 9872755 9880516 9883729 9889790 9890854 9892762 9894687 9898969 9900745 9908661 9928847 9936477 9939852 9959351 9962168 9964138 9964792 9969829 9973138 9974602 9978107 9980818 9983097 9991109 9992508 9995007 9995857 9998076 
</Matrix>
<Matrix name="Neuron_824" type="complete" rows="1" columns="1035" multiplier="1.0">
   2499 3522 18965 35689 40735 54618 66407 80625 89239 91279 138041 142794 148005 156617 171611 178841 180175 191874 194003 203254 226395 238585 251454 254571 256344 279145 307482 340431 342075 355461 359183 365195 375303 376196 379117 389246 398414 409336 424991 426462 427493 431145 442887 448182 465577 514648 521101 534201 538533 540843 551923 559431 562764 577919 600601 604134 618180 621466 625546 626905 636167 639908 648601 652337 678585 684909 693613 695562 702258 716009 717468 721010 722733 724162 726249 735827 754524 756675 776791 782706 792873 795507 802053 813613 829331 841334 876354 886011 905539 914355 920251 929541 933544 935533 955487 958965 976410 986105 988935 1002744 1008372 1009442 1014340 1019170 1029208 1047200 1054898 1059181 1065440 1083495 1101363 1122859 1130582 1145541 1147409 1150637 1153284 1157367 1159062 1163818 1174248 1183979 1185749 1191444 1218837 1220719 1229141 1230552 1232332 1234095 1247895 1257230 1276304 1289995 1296132 1301554 1303838 1305908 1345989 1364873 1375437 1379265 1382203 1387357 1389990 1403014 1417754 1420115 1425749 1429091 1436250 1442322 1459620 1466641 1469283 1474217 1483862 1502051 1505762 1518141 1528640 1535197 1547738 1551362 1555334 1557023 1560237 1565610 1567601 1573794 1593126 1596533 1626254 1632484 1642199 1645155 1663904 1667194 1677745 1683896 1710590 1713537 1718956 1728992 1739553 1741191 1745175 1749714 1755493 1757167 1769740 1771118 1773894 1782572 1797506 1813860 1822037 1829530 1836433 1840660 1851385 1871760 1891112 1892334 1898812 1912287 1914080 1918360 1920285 1923918 1929853 1949921 1958717 1977507 1983859 1993138 1997744 2003177 2009047 2017628 2019510 2036732 2056950 2072566 2077202 2089406 2099304 2115867 2121489 2123782 2133111 2155237 2177784 2182663 2185415 2194289 2198010 2202912 2204822 2214730 2240151 2245298 2250488 2253027 2265214 2266644 2268815 2279709 2287209 2289931 2298459 2311897 2328644 2344553 2345633 2373575 2383782 2385446 2402263 2407400 2411132 2412243 2426285 2429116 2434548 2436309 2442793 2447652 2464217 2481919 2499170 2505238 2510215 2513269 2517180 2519467 2526848 2535079 2546641 2560373 2569080 2584769 2588676 2592721 2598377 2601293 2604615 2608253 2612042 2618659 2627741 2634297 2640835 2649734 2657431 2685202 2700171 2704120 2726481 2727334 2730938 2764842 2791496 2796941 2798460 2800339 2811766 2814487 2854620 2857571 2870362 2878402 2912271 2916832 2919812 2923274 2942183 2944538 2951355 2955985 2986749 2998545 3007694 3016324 3020264 3026336 3051739 3060714 3099858 3100937 3102399 3112859 3116268 3118161 3122794 3129783 3149585 3152860 3183523 3188833 3190368 3196529 3198591 3224015 3229544 3254648 3259556 3291238 3315948 3326776 3340567 3358744 3366940 3368439 3372529 3392304 3396339 3397780 3415822 3423748 3425516 3428305 3436508 3446317 3470822 3472841 3489966 3498636 3536168 3576398 3582206 3590916 3595983 3603136 3624506 3628009 3653163 3661320 3665021 3667493 3687991 3691443 3696200 3713985 3716302 3723746 3724550 3725902 3730288 3735960 3742455 3745719 3751507 3786968 3790017 3809373 3813892 3830131 3838925 3844300 3851563 3855454 3870345 3891032 3896085 3897772 3904312 3911982 3918450 3924549 3925521 3932655 3936786 3945362 3946375 3954423 3961089 3965676 3977078 3979682 3985169 3992003 3997295 4014965 4016489 4039874 4044529 4049439 4056241 4065690 4068517 4074603 4090642 4097675 4100873 4129564 4137993 4146603 4152470 4155052 4157735 4161647 4165152 4166749 4180424 4193711 4213466 4219520 4221497 4225274 4226907 4228896 4236349 4245271 4250472 4251756 4263506 4264658 4276288 4285605 4291179 4299580 4315637 4317767 4324757 4326534 4328800 4343492 4352253 4357177 4360053 4369890 4383287 4400059 4403237 4427490 4442438 4443432 4449476 4456760 4459294 4466153 4496721 4505308 4510697 4528508 4531206 4532827 4543405 4544752 4555527 4559020 4560572 4570758 4602004 4606840 4616679 4641020 4654223 4658930 4672804 4678415 4683805 4693081 4696576 4697709 4710034 4711395 4714787 4732528 4733675 4743027 4753042 4771407 4773130 4774461 4777043 4778625 4781281 4790717 4806290 4820544 4822655 4825811 4841356 4845293 4848843 4855772 4857150 4871238 4880912 4882959 4899381 4914664 4921095 4926581 4945764 4955728 4958799 4967600 4971088 4976744 4978765 4994905 4999042 5000073 5007955 5018638 5034097 5041019 5073659 5077717 5081225 5083798 5101510 5108684 5116818 5121665 5136694 5144022 5149582 5155092 5159292 5164805 5170926 5190965 5198467 5199695 5212081 5216254 5235721 5244853 5246228 5248997 5251443 5253624 5266128 5312525 5318954 5337633 5350339 5383825 5387836 5389675 5393779 5425984 5428390 5433511 5441997 5473015 5483010 5494174 5507798 5519469 5531754 5542171 5552988 5561737 5580991 5589257 5590482 5601156 5619369 5622030 5623079 5629343 5641660 5668559 5672082 5676567 5685946 5693543 5695039 5709697 5713400 5721782 5725767 5733411 5739364 5744954 5747356 5752484 5758323 5774047 5785383 5789284 5794186 5796943 5801340 5809091 5830165 5862084 5889490 5908710 5913401 5922480 5932795 5934171 5936053 5945015 5948213 5965976 5969465 6005025 6005981 6007642 6012643 6035166 6069832 6077651 6082625 6092166 6102931 6106180 6109039 6114561 6122680 6139711 6144823 6151304 6152430 6164662 6166919 6167866 6182746 6186973 6191223 6203632 6208272 6221674 6226924 6232116 6251404 6259286 6263703 6267976 6274608 6299911 6314694 6333860 6360673 6364116 6368806 6376367 6391401 6406474 6416395 6430885 6474761 6479011 6487120 6497909 6504946 6522886 6524371 6529099 6543602 6554592 6568247 6585989 6598658 6634110 6635907 6650273 6652235 6661928 6686151 6714304 6723425 6741429 6781901 6786900 6790630 6806674 6834761 6837350 6845507 6857483 6886084 6905662 6923125 6925650 6927541 6931120 6933557 6936170 6952677 6965180 6978295 6982649 6995879 7001612 7010639 7021520 7041610 7043569 7074841 7081399 7111715 7125361 7151993 7154496 7159383 7161539 7171720 7173404 7175989 7200689 7206733 7221678 7225211 7242577 7244882 7251526 7266479 7303715 7309081 7320550 7332541 7337071 7346250 7348694 7352612 7358928 7361741 7370438 7371671 7374538 7383981 7394723 7411719 7413934 7417123 7425199 7442622 7449169 7462966 7466581 7471277 7483771 7496744 7497559 7502242 7514540 7517980 7522046 7533248 7534576 7538768 7540478 7552766 7554305 7556094 7557480 7560444 7573666 7575175 7591102 7605846 7609157 7634017 7640038 7651861 7658439 7666330 7667240 7677714 7688834 7701704 7708936 7710139 7726073 7731623 7735982 7759527 7761001 7775468 7794671 7797013 7799745 7801038 7823645 7829070 7843737 7859328 7871958 7879909 7885983 7899876 7907634 7910269 7919107 7922627 7928006 7940041 7949764 7955918 7962236 7970219 7987648 7994055 8004500 8024962 8040049 8041887 8049844 8064935 8070604 8095035 8099727 8102748 8107724 8113235 8115152 8118352 8120281 8128138 8137988 8144834 8151940 8168053 8170201 8173350 8182021 8200550 8201663 8209627 8211492 8224602 8232742 8237279 8242733 8265307 8266371 8269978 8281803 8285132 8307109 8323446 8331147 8342303 8377906 8397003 8409397 8451789 8454829 8458819 8481438 8486965 8490068 8495020 8523467 8527682 8553251 8557779 8563756 8578883 8583373 8584509 8611316 8623226 8673131 8691190 8707102 8708527 8713255 8724513 8727777 8730935 8739095 8742023 8749557 8756765 8779786 8782977 8806334 8810594 8818021 8832879 8843015 8846512 8858874 8866912 8893483 8909651 8913630 8925907 8930723 8933547 8937538 8957115 8973405 9011198 9018714 9020437 9026064 9032694 9036931 9038623 9064284 9070120 9076644 9085396 9091607 9093104 9111028 9113813 9124371 9139825 9146726 9149727 9173464 9175239 9181800 9194701 9210438 9216046 9248820 9252891 9256809 9259090 9277281 9305382 9314151 9316645 9323953 9326444 9327793 9364357 9376658 9380645 9384306 9388354 9394974 9399383 9408958 9419780 9426571 9430087 9432974 9443350 9452019 9460683 9461742 9474681 9478394 9483129 9494664 9495583 9501385 9524714 9541727 9545482 9548301 9554791 9560072 9564240 9567759 9587552 9617057 9618229 9632334 9633632 9639108 9643210 9671366 9684225 9691587 9705280 9740604 9743242 9747228 9748153 9763240 9776156 9778067 9789850 9804054 9825788 9832933 9838232 9850884 9873566 9877858 9880233 9883833 9895371 9898919 9920872 9925834 9964156 9973413 9994250 9997055 9998251 
</Matrix>
<Matrix name="Neuron_831" type="complete" rows="1" columns="210" multiplier="1.0">
   10406 92948 176320 233349 266639 443844 453385 465583 506084 533797 581627 616005 671219 679329 714015 747357 769580 880097 926647 961350 994143 1001583 1010810 1045284 1120778 1148772 1169243 1281697 1342887 1376513 1388893 1408474 1451934 1477185 1546112 1574610 1714239 1786441 1845426 1866889 1870063 1893222 1956815 1964148 1990509 2011427 2026365 2039617 2112165 2118039 2186230 2201153 2227196 2248915 2253318 2271961 2277598 2438920 2510739 2525923 2543299 2737278 2803579 2871078 2879522 2924927 2988594 3006220 3009730 3104516 3180093 3207628 3214227 3359267 3375176 3415771 3439034 3455454 3464541 3613425 3685762 3713688 3749530 3765751 3897445 3999544 4008544 4016057 4070781 4153914 4270952 4299949 4546994 4580867 4649885 4661685 4726012 4742060 4757163 4774917 4894292 4898675 4921053 4923682 4927493 4937900 5014302 5040476 5046539 5054562 5096943 5101010 5161185 5184487 5206405 5230424 5330647 5338050 5340602 5462680 5509560 5543932 5550185 5579634 5597175 5656370 5688622 5790826 5799495 5841448 5923771 5966606 6053325 6092220 6095205 6148742 6176978 6190945 6272936 6275892 6385533 6441538 6479673 6620853 6656496 6678030 6686533 6759489 6819456 6864245 6904559 6947241 7033014 7094134 7163314 7166953 7215540 7234195 7289124 7373066 7389235 7432749 7433786 7455329 7543539 7555216 7570050 7590252 7593457 7599930 7608148 7666508 7672429 7736187 7798195 7822968 7831931 8006343 8047616 8112885 8156081 8157405 8197402 8287546 8351172 8371644 8552099 8571402 8603279 8661031 8783568 8850755 8867452 9020524 9062826 9148380 9170794 9227518 9450771 9458746 9520311 9529427 9610480 9696580 9739570 9792126 9828629 9880427 9895944 9991860 
</Matrix>
<Matrix name="Neuron_834" type="complete" rows="1" columns="1976" multiplier="1.0">
   4446 8960 13652 14708 16560 18309 23193 39209 40444 47008 52639 56310 58906 63092 63846 77922 86011 93146 97784 99034 103272 105697 108816 114104 118700 119577 122584 130217 134995 137772 139925 141090 144197 146955 149583 162383 166644 168250 174052 181581 184066 191735 200853 203364 213940 220126 223862 239913 240930 243733 248250 254827 258350 260230 264097 265391 269325 270842 273015 276494 282675 286202 293081 296210 303390 307441 308639 310030 311216 321580 331753 335882 342354 343855 347013 349612 352075 354180 356884 359056 368966 371965 374964 376145 378275 383071 385291 387440 398923 400138 402818 405438 407670 409644 411650 421712 436613 441540 472737 475592 494885 496479 498529 499881 501670 504520 512366 521295 525272 529228 535120 543143 551889 558428 569499 572885 575714 579800 581838 589892 596640 600038 603016 607991 609848 615564 620379 622069 626267 627816 630586 637121 652115 654454 655534 656294 661444 663165 667782 669439 676441 686535 698461 701291 702737 707152 710836 726524 735841 741522 745223 747674 749254 751915 756602 759255 767143 787185 788689 791661 796233 800027 806117 808779 811411 814236 819484 823422 824450 828386 830065 831595 833582 842877 845650 846953 851697 854423 856601 858716 865052 866875 870708 874995 883799 887339 888398 891496 893777 904065 909007 916014 917542 920386 924926 935857 941429 943053 951221 962835 965314 968524 976127 980441 983609 985904 991424 996281 999570 1007279 1010785 1016676 1023568 1025270 1035958 1038561 1039577 1044124 1049246 1059191 1061443 1063775 1066445 1071884 1077835 1081926 1086270 1093296 1102041 1106817 1109659 1113580 1114580 1119241 1125783 1128684 1132248 1133396 1138142 1141564 1142713 1144527 1148751 1154655 1159397 1168955 1175456 1185773 1187392 1189930 1192352 1194253 1214114 1219692 1222918 1224485 1227000 1232799 1235637 1241209 1242012 1254630 1264859 1267568 1268722 1281528 1287955 1289836 1291702 1294338 1307160 1309603 1311302 1322913 1329287 1334576 1338392 1341831 1343272 1344246 1346213 1349217 1350797 1363365 1367675 1378665 1386195 1388520 1390216 1400220 1401836 1417655 1420794 1424047 1429637 1434416 1439008 1444439 1451028 1453088 1461336 1468949 1470558 1471833 1484363 1486691 1513124 1517394 1518904 1525503 1526456 1528837 1535943 1536839 1538250 1542032 1543714 1545855 1554260 1558846 1570293 1574179 1590573 1606747 1609715 1611833 1613841 1615009 1617842 1621343 1628009 1632108 1633412 1638918 1648227 1650436 1651148 1653278 1660157 1661220 1662483 1673108 1676299 1677608 1683447 1684602 1688097 1693221 1699417 1702575 1713388 1717366 1718621 1722717 1724645 1727094 1729604 1731940 1738722 1741857 1743243 1747079 1756077 1758726 1759549 1760759 1771645 1773427 1787942 1790950 1791961 1802191 1805783 1810631 1812099 1825960 1827969 1830322 1833137 1841078 1842372 1844781 1848243 1852335 1853930 1856146 1893515 1895530 1898618 1901134 1901886 1906988 1911974 1914864 1916749 1920900 1929984 1932137 1937606 1946051 1947806 1948588 1952494 1956611 1957905 1960295 1961652 1971082 1980812 1984170 1989693 1992462 1995241 2007234 2014096 2019566 2023079 2026799 2035960 2037254 2039189 2049564 2053622 2066098 2068731 2079147 2084221 2093031 2102032 2119724 2123149 2130183 2131276 2137043 2140176 2142636 2147047 2150812 2152354 2155927 2161646 2169333 2171079 2176193 2177510 2182050 2184579 2186843 2197391 2199118 2200281 2201403 2203653 2206551 2211199 2215558 2217412 2221385 2224114 2227870 2231279 2241113 2246627 2254190 2259744 2261309 2263425 2265017 2270074 2278805 2281289 2291287 2295687 2299485 2300652 2306263 2310536 2311584 2316997 2318129 2319418 2322005 2330903 2333941 2341510 2345523 2347428 2352896 2354657 2360566 2367694 2370944 2378300 2380636 2387178 2388384 2389963 2391921 2396346 2402543 2405939 2409393 2411009 2413285 2420708 2426205 2427565 2435776 2439082 2447051 2448707 2453505 2454356 2460053 2464268 2475018 2476583 2479392 2484796 2492787 2498016 2507869 2509966 2521143 2526567 2533853 2543489 2548484 2553543 2555335 2561512 2563721 2569789 2576752 2579944 2588964 2591860 2595868 2600994 2602222 2606336 2608667 2609905 2612410 2613627 2615837 2616650 2619156 2621542 2624434 2626135 2631308 2637498 2644906 2646593 2658190 2670893 2673110 2679359 2687878 2690818 2692628 2695258 2696131 2697097 2703387 2705600 2709799 2712751 2718249 2719846 2725762 2729031 2732006 2737243 2741163 2744920 2746373 2749909 2751683 2753531 2757147 2758565 2760987 2762468 2764629 2768540 2775021 2787813 2790392 2791647 2796841 2810861 2816959 2820415 2827258 2829823 2835420 2836215 2837625 2842545 2859225 2869403 2871357 2874946 2876584 2878291 2883877 2888845 2895765 2901199 2902934 2907037 2908306 2909210 2927311 2930541 2953686 2966775 2972153 2983985 2993103 2997632 3007860 3011280 3019873 3023224 3026092 3040468 3046251 3052743 3063726 3072948 3078007 3081907 3086261 3088613 3093552 3098469 3108690 3110302 3113158 3117061 3124820 3139364 3142162 3151115 3160188 3163974 3165883 3168703 3172295 3182620 3188220 3198547 3201739 3205653 3207775 3209079 3212553 3218304 3222360 3223795 3225221 3233176 3235769 3237666 3242815 3246522 3254140 3262393 3267745 3270755 3274459 3275955 3279716 3281615 3285375 3290455 3299330 3306753 3309541 3326413 3327360 3340159 3342398 3351234 3355796 3357493 3370311 3375333 3378563 3380750 3397201 3398080 3400430 3406762 3407957 3411311 3415959 3417379 3419265 3425261 3433139 3435248 3441212 3450144 3460743 3464426 3469255 3472624 3474991 3480788 3481894 3486624 3491960 3493824 3496043 3500156 3501764 3504402 3509898 3515908 3519564 3523134 3526432 3528837 3529942 3535230 3542741 3549268 3552926 3582291 3584164 3585246 3586298 3592809 3596092 3599810 3604469 3609074 3612626 3619604 3621529 3623135 3625280 3631816 3632766 3638977 3642553 3646880 3659000 3673410 3675847 3682079 3686060 3689054 3693407 3698688 3705435 3707165 3709514 3712217 3715002 3719565 3726742 3727923 3734518 3741911 3748533 3757507 3770171 3777746 3782734 3785777 3796425 3798942 3800125 3802060 3803521 3806344 3812804 3816173 3817735 3818610 3824892 3833110 3839903 3841813 3844171 3848548 3864156 3867536 3868846 3871249 3875245 3880638 3887122 3888926 3891685 3893393 3915167 3916980 3922642 3931356 3937671 3941710 3945295 3947075 3948666 3951697 3955162 3956323 3958749 3973165 3979988 3999152 4003704 4007768 4015750 4023631 4027145 4029536 4031492 4032309 4039515 4043727 4048411 4050156 4056123 4061350 4065417 4076349 4080210 4086436 4089512 4090577 4095273 4097603 4101131 4103331 4106768 4109312 4119226 4121101 4125878 4132341 4151755 4154782 4162519 4164197 4168266 4170544 4174669 4183797 4186515 4187471 4189361 4190886 4192112 4219413 4220769 4224443 4227182 4231329 4235531 4238417 4241425 4248124 4259751 4274168 4275621 4280282 4282628 4284600 4287086 4288082 4300892 4304575 4307607 4312008 4314156 4321528 4324600 4334192 4336243 4337831 4354355 4356758 4357634 4366085 4367401 4378108 4381115 4382350 4385657 4390995 4412484 4416223 4418329 4419475 4426243 4431027 4433656 4436264 4447706 4448899 4451383 4463192 4477396 4479449 4491835 4494319 4498379 4502982 4504617 4511331 4514004 4530824 4535850 4537949 4549502 4552625 4555303 4556686 4557659 4563088 4567276 4569250 4575008 4585030 4590248 4595081 4595959 4597802 4606669 4609690 4613644 4617013 4619356 4624410 4627815 4629075 4631023 4632751 4635276 4636309 4638120 4640549 4644310 4651922 4655464 4664230 4666415 4673395 4682116 4686006 4690996 4694013 4699817 4704115 4705426 4706341 4710445 4726787 4735223 4737266 4738464 4741505 4743274 4747302 4756212 4758264 4760812 4764110 4770692 4774969 4786555 4803027 4812949 4814712 4817274 4826847 4833053 4843137 4848194 4861216 4862649 4866340 4867310 4876686 4880391 4895271 4897069 4899004 4901814 4904747 4907062 4915101 4916175 4917118 4921633 4926829 4930849 4935032 4940158 4942170 4946460 4948897 4954507 4964460 4968544 4978911 4985478 4993229 4996334 5000661 5003830 5007762 5009131 5017961 5029835 5036653 5038792 5046647 5047487 5050991 5052870 5072865 5076778 5079950 5094371 5099555 5101496 5107676 5112171 5116987 5118684 5122606 5123842 5125373 5128709 5150435 5162173 5176751 5184026 5185472 5189254 5193895 5202205 5206122 5210121 5216591 5217522 5220886 5222976 5224194 5232461 5233605 5237943 5239692 5245370 5259933 5263153 5264031 5268677 5270040 5272964 5275036 5276051 5286614 5292763 5298412 5301698 5305220 5314431 5316384 5319746 5324680 5328172 5332126 5334612 5336819 5345156 5347212 5349100 5352329 5367764 5373940 5375440 5377411 5385372 5387096 5391054 5396087 5406840 5416353 5418427 5420626 5424221 5432504 5438069 5442487 5450930 5453497 5460418 5463008 5464239 5469157 5472338 5482743 5486867 5488597 5491076 5497033 5505859 5515866 5518170 5529368 5534729 5537856 5541617 5546577 5554241 5558775 5560686 5561648 5564835 5586503 5597841 5612166 5614867 5617750 5623574 5626851 5628942 5634623 5638189 5639520 5651589 5656154 5662701 5666989 5680077 5685051 5686319 5688315 5693841 5695908 5697628 5703706 5706625 5709850 5711722 5717935 5719408 5721870 5724005 5741383 5742975 5746565 5750365 5751553 5761551 5762606 5770222 5771771 5777422 5784822 5791258 5795355 5796440 5808095 5811895 5814800 5833907 5844292 5848399 5854158 5860447 5863123 5867225 5871183 5874306 5879214 5882493 5887486 5897949 5899718 5907894 5913114 5914189 5917063 5924337 5930238 5931863 5936747 5944175 5948819 5950657 5952209 5955737 5961706 5965028 5968422 5969612 5987177 5988800 5999641 6001281 6002588 6005250 6013344 6015749 6019288 6021511 6023028 6026501 6033225 6038650 6046410 6058859 6077564 6078920 6082810 6087525 6090335 6094036 6105308 6109446 6112206 6126931 6127756 6135170 6139421 6145379 6147277 6148447 6153226 6155520 6158586 6161522 6162832 6164360 6166194 6175216 6177775 6185381 6187633 6191184 6193676 6195118 6211408 6214859 6216933 6220006 6221659 6246578 6248928 6250842 6253692 6264422 6267296 6280837 6291451 6293787 6303243 6309445 6317478 6319080 6322984 6330965 6348674 6353847 6361482 6363383 6368013 6370237 6373604 6380875 6382239 6383296 6388861 6401436 6410646 6422494 6423929 6425137 6432102 6433612 6439038 6441331 6444852 6450447 6454843 6457633 6462589 6477176 6488827 6492428 6501028 6502858 6508292 6515306 6526809 6528825 6535843 6540810 6542768 6545905 6547670 6550835 6562040 6562934 6568343 6572760 6573955 6576107 6581776 6583218 6587533 6590131 6591619 6600627 6607500 6611663 6615759 6618667 6619579 6620816 6625392 6627362 6635563 6636680 6641155 6643095 6645674 6647689 6649992 6656903 6666279 6668351 6669663 6671599 6681109 6694613 6697345 6698899 6702286 6710767 6712819 6714682 6722823 6726192 6727875 6729924 6732232 6734825 6736579 6751819 6757662 6765360 6776797 6780093 6786387 6803650 6807048 6813502 6814343 6820608 6826928 6831280 6835871 6841204 6848988 6858448 6870929 6872656 6878748 6882029 6884594 6886120 6904657 6907597 6909100 6919807 6928595 6934373 6937975 6940906 6943178 6944545 6953495 6955546 6962291 6965096 6982641 6993587 6994542 7002739 7012033 7017269 7025236 7027363 7028660 7033026 7043047 7045040 7049297 7051540 7056057 7065078 7073159 7074386 7082072 7089963 7096708 7102323 7121760 7123805 7132356 7134282 7135502 7140677 7146942 7151494 7152978 7157382 7162948 7175439 7191253 7196449 7198596 7202550 7227342 7228914 7232700 7233701 7237008 7238453 7240275 7248439 7250058 7252450 7265783 7277920 7282721 7291813 7294483 7298309 7307882 7309898 7322698 7328354 7334740 7336675 7342167 7346277 7350452 7355904 7361007 7371048 7378070 7379431 7381035 7383345 7387392 7398330 7400435 7408181 7411439 7421807 7423204 7426085 7436307 7437301 7440108 7450501 7454330 7455565 7464937 7469204 7470926 7473838 7484307 7489630 7493640 7509571 7522168 7523281 7525798 7527764 7531230 7541024 7547463 7551090 7557109 7560445 7571808 7574573 7578711 7581052 7591563 7597499 7601070 7602640 7604446 7606104 7617437 7622338 7623374 7626000 7627297 7632610 7638425 7639662 7645209 7651303 7664081 7665338 7667539 7673116 7682292 7691648 7692668 7693882 7694809 7710316 7712038 7717982 7723509 7726234 7727573 7735622 7745106 7748318 7753244 7759879 7761821 7763524 7768384 7771115 7777200 7781462 7785752 7811696 7814907 7816321 7817804 7823273 7828127 7833325 7834187 7837522 7845530 7860806 7864423 7869563 7877132 7878975 7886362 7898478 7900192 7903968 7905061 7910313 7911183 7913467 7919694 7922057 7923691 7926856 7929068 7936226 7949933 7962489 7973389 7977914 7980759 7982665 7988803 7993371 8006469 8012097 8016304 8019080 8023318 8024314 8027016 8029482 8032034 8035524 8039528 8040596 8043574 8045043 8050651 8052471 8065668 8071667 8082533 8090631 8091910 8092947 8106559 8119438 8123723 8129247 8133036 8151847 8158063 8198015 8204470 8206008 8212473 8214392 8227561 8228960 8230379 8235777 8239767 8241959 8249000 8252286 8254988 8258159 8265165 8266499 8271768 8275277 8284878 8291584 8293896 8296943 8300416 8304068 8307569 8309495 8324408 8337571 8339797 8342224 8343662 8346969 8352951 8359795 8366651 8369251 8375875 8387659 8393258 8399081 8400472 8408920 8413359 8417229 8427535 8430498 8434715 8441360 8443893 8447665 8451552 8454653 8461570 8476591 8482533 8487293 8490434 8493799 8497021 8499109 8504020 8515547 8521613 8523714 8527740 8530875 8536050 8541929 8545435 8547630 8549255 8550726 8551849 8553078 8558855 8560318 8571305 8573601 8579002 8585935 8588193 8598965 8599979 8601927 8603952 8608881 8612804 8615970 8617997 8627390 8633774 8635828 8640290 8654798 8659268 8662267 8664148 8665693 8669181 8677064 8682627 8684876 8687806 8691523 8696648 8699328 8701329 8702428 8705606 8707128 8711555 8714842 8733552 8752557 8758504 8762538 8766706 8768180 8773918 8777087 8779237 8781000 8789586 8791496 8792790 8798843 8800606 8802230 8804625 8810862 8813747 8815648 8824668 8834999 8843498 8852890 8860794 8863422 8870650 8874141 8875341 8883644 8888401 8889603 8894820 8899524 8901036 8904693 8906394 8907578 8911306 8913195 8920362 8929684 8939481 8951832 8953153 8963414 8974736 8975806 8986875 8990398 8998262 9002017 9014181 9022984 9025245 9026674 9029454 9031892 9034786 9040834 9046994 9048376 9055930 9057415 9068070 9074830 9079356 9081593 9090129 9102042 9110597 9113919 9115967 9124305 9129391 9132579 9135245 9144827 9150609 9161801 9166222 9168993 9171240 9177121 9181589 9191650 9195936 9199085 9205256 9207232 9212188 9220825 9221883 9226266 9229585 9233135 9238608 9241795 9254793 9258966 9260583 9263698 9270970 9275608 9279268 9280755 9284541 9288573 9295517 9309218 9321437 9337683 9340014 9341234 9342792 9344558 9346824 9352397 9355077 9359730 9362010 9364061 9365368 9374446 9388165 9390427 9401273 9407860 9408799 9412882 9418926 9421543 9426779 9430408 9436438 9438134 9454289 9460321 9461715 9465487 9470270 9475567 9481062 9485047 9488677 9489911 9492650 9503452 9509370 9513176 9516698 9533483 9536683 9540163 9543423 9550949 9558907 9563483 9566585 9569090 9572798 9574587 9581488 9589483 9594227 9597353 9607113 9618157 9625019 9633124 9634325 9641628 9644729 9647861 9650071 9654207 9666376 9672592 9680350 9682192 9685677 9689827 9693242 9699377 9701181 9702487 9704827 9715253 9723703 9726412 9729306 9733947 9735274 9736949 9739738 9744055 9746026 9750621 9752559 9754787 9756324 9758985 9760680 9761811 9763912 9768215 9778263 9782460 9785689 9790013 9797666 9803544 9819000 9826016 9829315 9837306 9839405 9847693 9848881 9852597 9854720 9862780 9865671 9866984 9871371 9875248 9876599 9878018 9881877 9886065 9888932 9890157 9892107 9894897 9895878 9901585 9915257 9917812 9918715 9925661 9930260 9939207 9940702 9955068 9961249 9967465 9973009 9974954 9978738 9980433 9985773 9990781 
</Matrix>
<Matrix name="Neuron_877" type="complete" rows="1" columns="1475" multiplier="1.0">
   1010 9302 13729 19841 49852 57168 58170 72996 75284 77020 80173 84700 86450 93682 99806 105684 110078 123515 125343 131049 139614 154810 157205 159625 163953 180613 181993 197536 200518 203452 209729 213383 216619 220016 225104 227068 238730 240970 261294 267638 272366 283674 287546 292630 312022 314872 318578 321670 323747 326160 337820 339195 340812 342816 356793 364178 367454 370183 379630 385527 391988 395409 414310 416222 419217 426848 434990 449004 461209 469927 472331 473291 477173 489547 493122 499381 504998 506822 514062 520926 523390 525854 528978 532137 533041 535740 553849 557403 558344 566108 578542 581417 591369 593933 595603 606791 612840 621915 627513 631891 634315 643673 648128 655945 660747 663618 664535 674473 682862 693553 697810 700960 705803 714191 719285 724013 728415 736904 743359 745241 773711 784570 787233 800544 804580 805510 806877 818517 823564 832457 838782 843994 855924 858406 865592 868095 869310 874120 878110 893555 908418 910858 926090 928420 930654 935811 938839 945128 962647 963657 969186 975477 976279 1007725 1010812 1012266 1019726 1021646 1024264 1027633 1043844 1049477 1069369 1071938 1074408 1076529 1083143 1086003 1086908 1095354 1102780 1105296 1126644 1135360 1143770 1145563 1147635 1151934 1154831 1158038 1164086 1167677 1170942 1180769 1193981 1195996 1205533 1210310 1212496 1215688 1221505 1222729 1223972 1226572 1232056 1233459 1240414 1247023 1255246 1259248 1266639 1270267 1281492 1284495 1296504 1298018 1299107 1301707 1303527 1314534 1323477 1326020 1328459 1335467 1341659 1345451 1352047 1356372 1365070 1367817 1377179 1379330 1380977 1383085 1396515 1402680 1403977 1413138 1416609 1420765 1428222 1430278 1432148 1441693 1447409 1460913 1464741 1466725 1472025 1475117 1478449 1484671 1486896 1489461 1495330 1496524 1497710 1501042 1522184 1524229 1543561 1545311 1550358 1557396 1562021 1573562 1578980 1584648 1589062 1599800 1607227 1610247 1635251 1636601 1646714 1670771 1675239 1677196 1688863 1690524 1702832 1711508 1713411 1717522 1725706 1727624 1731175 1741870 1769551 1779089 1786114 1796788 1814990 1816430 1820635 1822324 1827305 1847724 1849076 1851269 1852733 1862050 1865845 1873669 1884119 1889392 1893376 1902019 1905039 1908142 1912610 1915579 1921798 1935868 1940590 1942878 1945094 1947078 1950244 1951685 1957273 1966045 1968127 1971024 1974504 1978560 1981010 1984446 1999076 2005544 2019789 2037848 2040797 2065436 2070979 2080304 2082901 2093877 2095866 2097001 2105827 2107976 2124710 2135172 2147179 2157920 2160293 2174284 2181825 2191335 2201897 2204155 2207421 2216865 2218474 2233857 2235262 2236825 2243242 2244578 2247489 2259245 2262334 2268720 2289016 2316486 2318248 2330584 2331798 2345299 2350136 2353295 2355878 2366761 2372896 2384263 2388394 2425609 2434372 2437349 2440311 2443233 2444812 2449398 2454672 2465757 2468434 2469989 2471733 2483848 2486380 2497478 2510017 2530684 2539927 2546392 2577674 2597887 2601082 2606173 2609685 2613823 2614970 2617798 2630020 2636302 2641177 2643390 2653376 2655578 2661211 2666633 2674708 2678244 2683864 2692512 2703517 2706257 2708164 2723167 2728352 2735148 2736882 2741299 2757017 2759278 2768601 2770564 2776320 2780630 2784951 2786174 2793827 2795757 2801901 2804330 2809972 2815323 2818623 2844503 2851458 2853976 2861741 2863333 2871318 2882507 2883594 2891669 2894691 2898153 2917363 2927676 2934706 2936502 2940434 2943293 2945151 2951023 2966450 2971573 2976595 2992021 2998442 3001419 3016166 3020556 3024266 3031218 3038321 3040951 3045159 3045946 3054185 3058979 3069029 3083196 3089788 3093311 3095819 3103806 3111285 3117079 3121009 3124277 3130699 3149667 3158644 3161064 3166825 3174637 3183815 3188862 3198867 3202834 3204463 3208644 3211829 3216167 3217577 3221645 3224712 3241784 3244277 3246685 3251518 3258531 3264882 3266395 3268597 3274571 3298530 3301814 3303933 3314210 3321200 3328944 3362292 3372273 3389281 3392261 3403117 3421708 3424519 3425608 3427303 3442753 3447300 3448778 3455767 3459458 3463386 3468477 3470628 3479883 3480725 3484781 3487308 3490153 3515967 3520438 3523826 3528431 3530941 3533604 3541366 3546869 3550513 3568246 3587202 3598078 3607143 3617574 3630590 3637562 3644245 3657878 3661884 3669639 3671726 3673922 3677546 3679676 3683577 3688807 3695394 3700395 3705392 3710614 3712359 3714381 3719463 3721095 3722631 3723403 3726279 3729199 3733639 3748688 3760875 3765262 3766101 3774666 3791754 3824488 3832084 3834728 3840102 3857103 3860406 3871610 3878360 3879451 3881099 3914536 3923959 3932138 3933117 3944181 3953154 3955632 3957324 3968942 3977020 3989331 3999915 4002920 4017304 4019118 4022237 4023280 4025499 4031281 4040276 4041672 4046752 4051809 4061785 4063914 4070532 4075025 4077891 4080448 4086838 4090290 4091724 4097710 4101160 4113374 4126930 4129425 4136055 4139305 4140324 4144094 4161800 4168473 4171031 4183622 4186018 4195949 4202637 4204427 4205469 4208734 4213106 4215497 4220612 4226942 4239632 4247379 4262690 4268297 4269854 4274212 4287499 4293402 4302714 4306187 4315023 4322746 4329962 4336346 4347618 4350982 4360819 4363169 4378294 4395010 4396753 4408478 4412535 4422179 4423210 4436354 4439845 4446804 4455939 4456886 4458598 4462697 4465754 4470423 4486699 4490352 4512861 4518282 4519723 4524196 4526467 4536709 4546871 4554902 4557957 4561218 4563135 4571080 4580341 4582669 4584169 4596406 4612800 4651333 4668794 4675368 4680229 4690147 4693497 4698580 4717620 4720152 4726513 4741103 4751173 4762360 4767512 4775543 4777098 4784858 4790711 4792728 4794912 4801813 4803941 4808942 4829063 4835060 4836593 4839389 4844223 4847091 4848532 4858225 4860767 4865525 4868387 4870887 4874554 4875559 4879402 4884356 4887158 4897789 4909664 4913953 4940613 4944712 4950045 4953014 4954830 4961079 4970137 4979677 4982058 4984457 4995880 5000343 5002006 5024824 5028795 5031462 5033080 5041994 5047008 5052053 5078462 5079511 5086580 5091292 5099764 5102403 5104744 5106832 5117732 5119373 5127112 5136397 5141857 5144417 5146099 5157285 5159431 5162571 5169570 5178896 5183507 5189051 5190439 5192307 5210969 5219286 5227797 5239053 5253661 5258370 5263766 5284256 5296951 5298267 5299461 5309967 5311239 5315225 5319305 5324738 5339351 5344611 5346834 5356959 5358180 5365047 5366837 5370605 5376184 5380745 5385405 5402477 5405681 5406643 5415126 5434673 5441878 5454753 5457510 5485542 5486666 5501065 5504199 5526707 5531060 5532286 5540059 5561271 5574341 5582783 5586182 5587119 5592286 5593629 5602724 5609217 5615036 5621141 5626639 5633234 5641446 5656752 5668448 5669749 5673368 5696367 5697828 5706587 5711383 5716426 5718242 5722842 5724846 5730142 5732257 5735164 5742197 5773123 5781298 5788431 5792231 5797084 5801332 5803741 5811533 5823168 5830862 5835805 5836575 5837723 5869775 5882237 5887447 5890123 5891184 5901159 5911184 5912589 5915028 5919335 5925871 5936898 5948060 5951965 5953392 5959968 5962849 5965434 5966653 5970008 5982225 5986373 5988551 5990185 5993934 5998536 6003485 6028314 6034546 6043659 6056926 6059012 6074008 6075132 6076654 6086390 6098674 6102944 6104381 6118436 6124519 6134833 6136555 6137895 6150777 6157108 6159302 6161234 6171472 6177039 6180077 6189325 6193443 6198530 6203735 6208634 6236114 6237524 6243525 6254163 6259395 6260594 6265272 6271478 6279627 6281292 6289655 6300497 6302127 6308387 6312160 6313687 6317289 6319499 6320952 6337077 6345687 6357507 6361176 6371528 6380323 6386402 6393691 6396822 6401961 6406582 6413943 6420724 6429244 6436077 6437551 6439692 6441654 6447053 6450275 6451476 6459943 6465235 6466564 6479145 6480717 6482426 6484154 6485117 6489507 6490423 6493820 6499837 6505188 6510637 6512731 6513571 6517335 6523080 6551023 6552948 6559751 6563027 6577888 6579440 6588954 6590012 6594074 6600362 6603176 6611152 6614790 6622398 6633390 6635850 6648580 6655637 6667906 6681155 6686621 6693528 6694992 6705572 6709766 6714430 6717948 6721319 6725350 6729913 6731423 6736078 6749651 6758061 6763736 6785449 6796816 6799385 6802540 6815385 6816737 6818955 6829115 6834034 6843071 6844174 6861950 6863377 6869916 6873290 6878109 6881568 6884513 6894469 6897034 6907486 6932369 6939974 6947844 6964902 6966395 6969604 6973159 6995534 6998890 7018495 7020484 7025594 7037232 7051813 7053436 7058015 7060622 7075180 7077959 7079663 7084398 7086582 7088749 7090975 7102503 7105675 7107572 7113152 7116814 7125361 7149967 7162863 7174704 7178501 7185687 7194371 7203099 7212838 7213921 7218971 7234445 7239263 7243904 7247440 7250640 7271385 7279431 7284665 7290603 7292675 7297434 7325222 7359606 7363146 7364556 7371809 7374355 7379743 7395478 7402556 7415929 7434524 7437170 7448901 7452165 7461073 7469462 7471327 7473239 7476087 7477014 7489106 7500345 7505901 7506769 7516925 7526452 7528355 7545722 7549374 7555442 7557009 7566170 7581505 7589551 7593548 7599474 7602254 7606719 7615578 7632458 7636231 7641403 7656067 7664924 7675117 7676157 7680262 7688488 7691169 7699978 7705049 7707886 7710156 7718758 7720053 7723128 7726122 7740528 7748047 7754816 7757649 7760017 7772320 7779764 7781528 7789990 7795226 7801401 7802190 7809785 7821476 7823916 7830199 7834303 7845250 7858834 7861560 7866392 7881576 7890964 7892496 7905822 7907834 7914899 7919592 7921423 7926979 7928853 7933700 7934539 7956046 7958141 7960371 7965171 7966877 7975886 7989830 8002464 8007393 8017744 8023529 8025520 8036776 8038381 8039824 8046053 8051549 8054173 8080572 8092962 8097994 8104379 8107488 8114021 8130180 8137619 8151972 8188914 8190664 8193248 8196000 8199100 8209645 8214396 8218179 8225748 8227716 8254682 8258029 8267132 8277155 8278500 8279626 8291495 8294407 8298049 8300729 8301954 8305185 8315652 8320462 8321498 8327383 8329698 8334390 8338611 8346341 8347171 8350043 8354176 8371762 8374170 8378055 8384257 8388542 8397988 8398924 8402120 8413141 8424211 8431747 8435119 8441349 8442801 8449433 8452477 8454292 8457071 8465592 8470269 8475306 8484499 8488320 8500074 8509072 8513738 8518641 8521618 8525092 8540161 8554182 8556868 8562255 8563962 8566003 8579591 8580907 8599008 8601261 8606813 8618967 8621849 8628231 8633049 8636881 8644181 8647537 8648540 8660793 8662012 8662917 8672429 8682553 8684229 8689385 8694158 8696598 8702944 8704576 8711068 8712959 8719969 8723325 8734471 8752003 8753786 8757406 8765970 8770111 8772858 8789380 8797961 8804456 8807707 8817138 8819506 8831296 8847591 8862393 8864473 8866441 8888790 8891253 8892692 8902971 8951395 8952956 8966423 8968128 8971433 8992853 9003771 9005967 9010520 9024934 9025876 9029361 9036334 9038881 9041830 9044738 9050992 9057082 9060862 9071398 9091076 9104270 9106549 9122559 9125249 9129629 9140572 9142125 9147874 9153730 9160019 9161832 9164816 9168075 9173385 9178080 9179655 9181265 9184765 9188280 9191508 9193386 9220555 9221932 9224029 9233802 9235140 9244735 9255164 9264158 9273725 9290060 9292421 9305559 9311323 9315501 9322865 9348027 9349110 9353330 9355699 9361638 9364252 9371421 9380032 9383697 9386190 9390530 9407147 9409643 9412258 9418080 9420610 9423852 9430901 9433905 9438524 9455374 9469385 9473451 9477707 9487877 9493224 9505193 9510691 9515943 9525762 9538155 9563634 9564844 9580608 9582717 9586710 9592351 9600872 9607334 9610205 9613819 9616141 9624266 9635532 9643143 9652472 9661307 9664455 9695972 9697192 9699324 9701661 9704376 9710206 9725282 9729836 9732282 9747341 9750420 9753536 9755216 9757246 9759809 9767349 9770811 9773484 9777812 9781408 9796830 9804445 9807725 9808798 9817868 9829219 9830562 9868002 9871345 9873865 9882754 9887010 9891503 9894483 9896827 9898925 9913829 9917523 9921342 9928824 9934250 9946074 9948134 9953502 9954490 9958867 9968807 9974153 9992869 9996558 
</Matrix>
<Matrix name="Neuron_887" type="complete" rows="1" columns="628" multiplier="1.0">
   14119 65883 93024 98017 102671 122623 129215 132442 139249 166578 198588 211146 256110 262427 268071 271685 323323 351562 366387 383920 385127 389658 414772 428145 439398 448414 489726 504330 516266 519759 527131 529609 539697 546742 563462 566845 590206 597990 614872 628295 635163 683893 711971 717987 744029 782991 818075 822935 839569 875079 918275 932976 937001 939263 990038 992645 1004879 1013111 1020189 1046132 1055714 1097926 1105794 1107824 1145496 1147072 1171582 1174930 1181250 1187409 1203984 1205646 1208806 1220442 1225533 1237140 1260889 1271346 1290845 1308903 1359892 1362582 1364058 1392880 1394388 1429517 1483638 1486571 1491815 1502299 1518195 1539180 1546826 1579566 1592779 1602007 1616913 1626508 1648382 1668853 1675171 1679703 1683113 1707478 1713372 1722358 1742909 1749843 1788158 1810712 1822107 1855822 1861656 1891716 1896605 1920104 1921605 1952420 1965585 1972651 1980873 1983685 2000563 2021960 2082165 2093485 2127863 2132456 2135124 2152857 2188093 2189791 2224025 2230708 2236927 2249238 2255273 2265626 2276563 2281093 2297200 2316132 2319521 2326025 2352951 2395590 2412804 2419368 2430117 2434896 2463371 2486690 2488173 2526476 2545655 2551497 2572173 2578661 2605607 2642172 2646140 2649980 2651138 2670242 2673542 2708738 2755875 2762467 2828687 2835492 2836579 2849233 2851764 2868875 2902817 2908844 2978584 2986899 2996019 3002162 3003406 3026661 3028269 3031335 3034932 3045675 3050353 3059828 3099686 3120653 3148857 3151972 3162147 3177224 3185900 3191567 3215878 3225132 3234165 3252913 3264027 3302779 3314115 3331964 3334607 3336826 3350431 3366125 3370559 3404019 3417872 3430642 3453713 3479189 3482468 3490769 3492379 3518353 3522060 3527788 3561520 3582120 3583542 3593059 3596292 3605186 3632293 3661105 3664022 3672065 3685083 3686724 3696581 3705760 3711725 3723801 3740327 3765991 3767874 3770262 3777014 3782609 3787774 3842565 3844362 3849648 3856546 3864436 3873814 3888007 3900862 3905866 3915884 3923132 3964374 3970303 3978110 4005804 4018869 4072294 4074905 4088906 4100404 4126221 4134393 4144790 4178895 4205301 4254441 4258039 4267257 4275941 4296996 4304192 4339192 4365373 4382114 4385360 4404664 4418065 4438867 4447503 4458716 4468313 4473937 4478587 4490693 4495181 4500623 4505456 4554040 4591745 4615748 4623189 4628994 4647864 4651494 4675649 4682106 4742534 4762339 4807616 4809650 4824565 4825691 4855483 4859484 4867295 4891093 4902932 4951241 4966732 4980354 4996520 5002774 5017757 5027543 5066566 5074583 5085463 5089865 5094368 5140631 5145702 5165787 5168708 5185423 5194691 5258660 5261315 5275032 5283190 5304157 5320621 5338707 5389539 5397652 5401718 5407221 5414492 5436801 5449444 5466960 5495372 5498994 5504089 5572103 5575489 5578088 5594095 5607528 5610745 5621045 5627246 5632877 5646274 5649376 5664824 5676736 5694492 5715767 5758686 5779948 5803985 5820019 5822593 5824206 5864209 5879023 5882388 5901139 5915248 5927871 5929864 5932998 5942092 5972629 5975989 6009408 6049257 6084986 6106257 6108578 6118540 6145158 6152702 6161227 6165840 6183639 6194663 6224435 6232720 6241351 6272093 6314299 6317751 6323138 6326794 6331043 6341095 6345996 6392818 6406083 6421413 6449670 6453525 6455266 6464628 6474128 6484006 6488713 6507928 6509633 6517998 6560070 6573654 6582058 6594304 6596924 6615698 6622825 6631893 6633563 6638231 6685165 6686266 6690518 6707152 6745851 6754067 6761496 6779544 6781355 6817061 6821038 6824020 6830957 6844293 6877563 6897163 6902788 6904795 6926144 6928052 6936997 6943204 6977259 7015674 7062934 7067829 7071670 7074981 7084924 7088171 7128219 7136681 7158510 7166597 7175931 7177537 7186771 7202261 7216125 7224462 7230356 7239182 7243384 7246571 7254671 7265750 7268609 7271931 7276640 7300093 7301750 7311160 7370735 7378469 7387880 7397177 7447171 7462461 7470470 7518646 7587289 7625294 7650925 7667566 7683784 7684892 7688307 7717200 7721105 7749403 7752454 7776672 7809223 7812685 7820880 7826696 7835399 7839762 7900699 7910774 7923202 7932084 7938944 7975253 8027715 8032287 8058221 8064006 8081254 8113628 8139931 8157031 8173356 8180396 8186642 8207804 8250837 8255168 8267510 8281149 8287866 8320720 8352719 8366978 8394240 8409914 8455835 8480026 8485502 8506224 8562081 8595212 8608305 8625808 8634822 8642457 8650442 8669218 8704459 8712806 8714845 8764715 8783901 8800513 8807986 8810064 8826668 8830781 8850784 8862009 8883758 8891189 8898270 8903438 8908111 8915603 8920995 8935437 8971567 8973478 8996521 8997283 9001505 9006921 9035311 9057694 9065421 9082661 9086136 9087262 9090416 9126854 9137641 9142943 9162637 9183969 9206930 9208063 9239470 9269207 9292122 9323019 9382645 9386970 9397913 9409384 9424494 9428021 9433111 9451832 9460333 9497987 9499209 9517154 9519676 9522801 9530109 9541424 9548146 9560951 9566416 9584237 9592565 9611705 9628522 9643724 9652841 9669246 9680683 9706720 9750288 9786756 9810139 9829842 9855712 9860508 9865327 9884275 9911589 9920168 9933016 9950833 9953149 9977683 
</Matrix>
<Matrix name="Neuron_897" type="complete" rows="1" columns="404" multiplier="1.0">
   22833 80396 81349 141975 193704 198296 250164 312419 359242 373954 439751 481154 483835 497109 519069 524280 566103 573646 591403 625599 636826 708998 744881 789670 822011 830148 849726 861624 865947 873505 890593 910433 948267 967175 975738 990579 994264 1006320 1023964 1037550 1075366 1148111 1157169 1217090 1260920 1267774 1286534 1296715 1368647 1389716 1397144 1422719 1457395 1479957 1531009 1600079 1627534 1637839 1654405 1666551 1667698 1685635 1746353 1752864 1758943 1764291 1768879 1801371 1835296 1873755 1902300 1962796 1965915 2001759 2014376 2046477 2069655 2072468 2086014 2104518 2125955 2197338 2228415 2250609 2285690 2334648 2349295 2357728 2365363 2457432 2474715 2500296 2524297 2553720 2557351 2570874 2626057 2636447 2647447 2692604 2710945 2715878 2743989 2751580 2757612 2774657 2831670 2854376 2866114 2878821 2934481 2967468 2983935 3019181 3070521 3123664 3138154 3139776 3157268 3164453 3175789 3184086 3222689 3242535 3258230 3290891 3319383 3339168 3356345 3370523 3389509 3393085 3430154 3434675 3436816 3471542 3495506 3524578 3585476 3625481 3647573 3669665 3707662 3710238 3750167 3774895 3841950 3948630 3975310 3999473 4002087 4018057 4026157 4044218 4057410 4067553 4102762 4112707 4114536 4122310 4146682 4173995 4174923 4181938 4207067 4216289 4286450 4293200 4295784 4296728 4398935 4401289 4468216 4486392 4501047 4526402 4540627 4572217 4582359 4598553 4616017 4618688 4634087 4639632 4645351 4660614 4677059 4743410 4763390 4791508 4837725 4841110 4845704 4858119 4875820 4891926 4893534 4923380 4929699 4941388 4971368 5012559 5017215 5046618 5074562 5080924 5105688 5126579 5157542 5186116 5200165 5201958 5221401 5231811 5297251 5320628 5353861 5362034 5370208 5373216 5382113 5401593 5422225 5440853 5448662 5495986 5509130 5519378 5523195 5528878 5537401 5562717 5590911 5597909 5651728 5656206 5686861 5696240 5732823 5753595 5759087 5761725 5816061 5849650 5862992 5881550 5900438 5926963 5932401 5942745 5954392 5964563 6016237 6022710 6037281 6060838 6087844 6130709 6202857 6213432 6269585 6319014 6336020 6343719 6390856 6394469 6454296 6485092 6501569 6521514 6547439 6559638 6596772 6600545 6615953 6639051 6646443 6649428 6658068 6681863 6692230 6696450 6699122 6712829 6714248 6725056 6769213 6771825 6877260 6965797 7005223 7019094 7117025 7127570 7162985 7206367 7238363 7254510 7295759 7304714 7314371 7338792 7408941 7461275 7468203 7503560 7541866 7573631 7653192 7662065 7665227 7669155 7671525 7683291 7713501 7753590 7776828 7795842 7821294 7844021 7867858 7877472 7954524 7963480 7964710 8010171 8024526 8030340 8033840 8045723 8048905 8074801 8077052 8095989 8108574 8121693 8145054 8226440 8276037 8292421 8343441 8386275 8421805 8432640 8437547 8466320 8481451 8500012 8504302 8510918 8532379 8564011 8623556 8660357 8681919 8691742 8706439 8718257 8725397 8780417 8826804 8829994 8866927 8872352 8883475 8899817 9120357 9128171 9141056 9174976 9181409 9182778 9212557 9297871 9304458 9358830 9387930 9392603 9451131 9467743 9504529 9505890 9526362 9572051 9576250 9577847 9595138 9599774 9617122 9620906 9634332 9653405 9706300 9753903 9803193 9814643 9864169 9866802 9880548 9903329 9927726 9958705 9961857 9985743 
</Matrix>
