<?xml version="1.0" standalone="no"?>
<Matrix name="x_Location" type="complete" rows="1" columns="900" multiplier="1.0">
   0 1 2 3 4 5 6 7 8 9 10 11 12 13 14 15 16 17 18 19 20 21 22 23 24 25 26 27 28 29 0 1 2 3 4 5 6 7 8 9 10 11 12 13 14 15 16 17 18 19 20 21 22 23 24 25 26 27 28 29 0 1 2 3 4 5 6 7 8 9 10 11 12 13 14 15 16 17 18 19 20 21 22 23 24 25 26 27 28 29 0 1 2 3 4 5 6 7 8 9 10 11 12 13 14 15 16 17 18 19 20 21 22 23 24 25 26 27 28 29 0 1 2 3 4 5 6 7 8 9 10 11 12 13 14 15 16 17 18 19 20 21 22 23 24 25 26 27 28 29 0 1 2 3 4 5 6 7 8 9 10 11 12 13 14 15 16 17 18 19 20 21 22 23 24 25 26 27 28 29 0 1 2 3 4 5 6 7 8 9 10 11 12 13 14 15 16 17 18 19 20 21 22 23 24 25 26 27 28 29 0 1 2 3 4 5 6 7 8 9 10 11 12 13 14 15 16 17 18 19 20 21 22 23 24 25 26 27 28 29 0 1 2 3 4 5 6 7 8 9 10 11 12 13 14 15 16 17 18 19 20 21 22 23 24 25 26 27 28 29 0 1 2 3 4 5 6 7 8 9 10 11 12 13 14 15 16 17 18 19 20 21 22 23 24 25 26 27 28 29 0 1 2 3 4 5 6 7 8 9 10 11 12 13 14 15 16 17 18 19 20 21 22 23 24 25 26 27 28 29 0 1 2 3 4 5 6 7 8 9 10 11 12 13 14 15 16 17 18 19 20 21 22 23 24 25 26 27 28 29 0 1 2 3 4 5 6 7 8 9 10 11 12 13 14 15 16 17 18 19 20 21 22 23 24 25 26 27 28 29 0 1 2 3 4 5 6 7 8 9 10 11 12 13 14 15 16 17 18 19 20 21 22 23 24 25 26 27 28 29 0 1 2 3 4 5 6 7 8 9 10 11 12 13 14 15 16 17 18 19 20 21 22 23 24 25 26 27 28 29 0 1 2 3 4 5 6 7 8 9 10 11 12 13 14 15 16 17 18 19 20 21 22 23 24 25 26 27 28 29 0 1 2 3 4 5 6 7 8 9 10 11 12 13 14 15 16 17 18 19 20 21 22 23 24 25 26 27 28 29 0 1 2 3 4 5 6 7 8 9 10 11 12 13 14 15 16 17 18 19 20 21 22 23 24 25 26 27 28 29 0 1 2 3 4 5 6 7 8 9 10 11 12 13 14 15 16 17 18 19 20 21 22 23 24 25 26 27 28 29 0 1 2 3 4 5 6 7 8 9 10 11 12 13 14 15 16 17 18 19 20 21 22 23 24 25 26 27 28 29 0 1 2 3 4 5 6 7 8 9 10 11 12 13 14 15 16 17 18 19 20 21 22 23 24 25 26 27 28 29 0 1 2 3 4 5 6 7 8 9 10 11 12 13 14 15 16 17 18 19 20 21 22 23 24 25 26 27 28 29 0 1 2 3 4 5 6 7 8 9 10 11 12 13 14 15 16 17 18 19 20 21 22 23 24 25 26 27 28 29 0 1 2 3 4 5 6 7 8 9 10 11 12 13 14 15 16 17 18 19 20 21 22 23 24 25 26 27 28 29 0 1 2 3 4 5 6 7 8 9 10 11 12 13 14 15 16 17 18 19 20 21 22 23 24 25 26 27 28 29 0 1 2 3 4 5 6 7 8 9 10 11 12 13 14 15 16 17 18 19 20 21 22 23 24 25 26 27 28 29 0 1 2 3 4 5 6 7 8 9 10 11 12 13 14 15 16 17 18 19 20 21 22 23 24 25 26 27 28 29 0 1 2 3 4 5 6 7 8 9 10 11 12 13 14 15 16 17 18 19 20 21 22 23 24 25 26 27 28 29 0 1 2 3 4 5 6 7 8 9 10 11 12 13 14 15 16 17 18 19 20 21 22 23 24 25 26 27 28 29 0 1 2 3 4 5 6 7 8 9 10 11 12 13 14 15 16 17 18 19 20 21 22 23 24 25 26 27 28 29 
</Matrix>
<Matrix name="y_Location" type="complete" rows="1" columns="900" multiplier="1.0">
   0 0 0 0 0 0 0 0 0 0 0 0 0 0 0 0 0 0 0 0 0 0 0 0 0 0 0 0 0 0 1 1 1 1 1 1 1 1 1 1 1 1 1 1 1 1 1 1 1 1 1 1 1 1 1 1 1 1 1 1 2 2 2 2 2 2 2 2 2 2 2 2 2 2 2 2 2 2 2 2 2 2 2 2 2 2 2 2 2 2 3 3 3 3 3 3 3 3 3 3 3 3 3 3 3 3 3 3 3 3 3 3 3 3 3 3 3 3 3 3 4 4 4 4 4 4 4 4 4 4 4 4 4 4 4 4 4 4 4 4 4 4 4 4 4 4 4 4 4 4 5 5 5 5 5 5 5 5 5 5 5 5 5 5 5 5 5 5 5 5 5 5 5 5 5 5 5 5 5 5 6 6 6 6 6 6 6 6 6 6 6 6 6 6 6 6 6 6 6 6 6 6 6 6 6 6 6 6 6 6 7 7 7 7 7 7 7 7 7 7 7 7 7 7 7 7 7 7 7 7 7 7 7 7 7 7 7 7 7 7 8 8 8 8 8 8 8 8 8 8 8 8 8 8 8 8 8 8 8 8 8 8 8 8 8 8 8 8 8 8 9 9 9 9 9 9 9 9 9 9 9 9 9 9 9 9 9 9 9 9 9 9 9 9 9 9 9 9 9 9 10 10 10 10 10 10 10 10 10 10 10 10 10 10 10 10 10 10 10 10 10 10 10 10 10 10 10 10 10 10 11 11 11 11 11 11 11 11 11 11 11 11 11 11 11 11 11 11 11 11 11 11 11 11 11 11 11 11 11 11 12 12 12 12 12 12 12 12 12 12 12 12 12 12 12 12 12 12 12 12 12 12 12 12 12 12 12 12 12 12 13 13 13 13 13 13 13 13 13 13 13 13 13 13 13 13 13 13 13 13 13 13 13 13 13 13 13 13 13 13 14 14 14 14 14 14 14 14 14 14 14 14 14 14 14 14 14 14 14 14 14 14 14 14 14 14 14 14 14 14 15 15 15 15 15 15 15 15 15 15 15 15 15 15 15 15 15 15 15 15 15 15 15 15 15 15 15 15 15 15 16 16 16 16 16 16 16 16 16 16 16 16 16 16 16 16 16 16 16 16 16 16 16 16 16 16 16 16 16 16 17 17 17 17 17 17 17 17 17 17 17 17 17 17 17 17 17 17 17 17 17 17 17 17 17 17 17 17 17 17 18 18 18 18 18 18 18 18 18 18 18 18 18 18 18 18 18 18 18 18 18 18 18 18 18 18 18 18 18 18 19 19 19 19 19 19 19 19 19 19 19 19 19 19 19 19 19 19 19 19 19 19 19 19 19 19 19 19 19 19 20 20 20 20 20 20 20 20 20 20 20 20 20 20 20 20 20 20 20 20 20 20 20 20 20 20 20 20 20 20 21 21 21 21 21 21 21 21 21 21 21 21 21 21 21 21 21 21 21 21 21 21 21 21 21 21 21 21 21 21 22 22 22 22 22 22 22 22 22 22 22 22 22 22 22 22 22 22 22 22 22 22 22 22 22 22 22 22 22 22 23 23 23 23 23 23 23 23 23 23 23 23 23 23 23 23 23 23 23 23 23 23 23 23 23 23 23 23 23 23 24 24 24 24 24 24 24 24 24 24 24 24 24 24 24 24 24 24 24 24 24 24 24 24 24 24 24 24 24 24 25 25 25 25 25 25 25 25 25 25 25 25 25 25 25 25 25 25 25 25 25 25 25 25 25 25 25 25 25 25 26 26 26 26 26 26 26 26 26 26 26 26 26 26 26 26 26 26 26 26 26 26 26 26 26 26 26 26 26 26 27 27 27 27 27 27 27 27 27 27 27 27 27 27 27 27 27 27 27 27 27 27 27 27 27 27 27 27 27 27 28 28 28 28 28 28 28 28 28 28 28 28 28 28 28 28 28 28 28 28 28 28 28 28 28 28 28 28 28 28 29 29 29 29 29 29 29 29 29 29 29 29 29 29 29 29 29 29 29 29 29 29 29 29 29 29 29 29 29 29 
</Matrix>
<Matrix name="vertexTypeMap" type="complete" rows="1" columns="900" multiplier="1.0">
   2 2 1 2 2 2 2 2 2 2 2 2 1 2 2 2 2 2 2 2 2 2 1 2 2 2 2 2 2 2 2 2 2 2 2 2 2 2 2 2 2 2 2 2 2 2 2 2 2 2 2 2 2 2 2 2 2 2 2 2 2 2 2 2 2 1 2 2 1 2 2 2 2 2 2 1 2 2 1 2 2 2 2 2 2 1 2 2 1 2 2 2 1 2 2 2 2 2 2 2 2 2 1 2 2 2 2 2 2 2 2 2 1 2 2 2 2 2 2 2 2 2 2 2 2 2 2 2 2 2 2 2 2 2 2 2 2 2 2 2 2 2 2 2 2 2 2 2 2 2 2 2 2 2 2 1 2 2 1 2 2 2 2 2 2 1 2 2 1 2 2 2 2 2 2 1 2 2 1 2 2 2 1 2 2 2 2 2 2 2 2 2 1 2 2 2 2 2 2 2 2 2 1 2 2 2 2 2 2 2 2 2 2 2 2 2 2 2 2 2 2 2 2 2 2 2 2 2 2 2 2 2 2 2 2 2 2 2 2 2 2 2 2 2 2 1 2 2 1 2 2 2 2 2 2 1 2 2 1 2 2 2 2 2 2 1 2 2 1 2 2 2 1 2 2 2 2 2 2 2 2 2 1 2 2 2 2 2 2 2 2 2 1 2 2 2 2 2 2 2 2 2 2 2 2 2 2 2 1 2 2 2 2 2 2 2 2 2 1 2 2 2 2 2 2 2 2 2 1 2 2 2 2 2 2 2 2 2 2 2 2 2 2 2 2 2 2 2 2 2 2 2 2 2 2 2 2 2 2 2 2 2 1 2 2 1 2 2 2 2 2 2 1 2 2 1 2 2 2 2 2 2 1 2 2 1 2 2 2 2 2 2 2 2 2 2 2 2 1 2 2 2 2 2 2 2 2 2 1 2 2 2 2 2 2 2 2 2 1 2 2 2 2 2 2 2 2 2 2 2 2 2 2 2 2 2 2 2 2 2 2 2 2 2 2 2 2 2 2 2 2 2 1 2 2 1 2 2 2 2 2 2 1 2 2 1 2 2 2 2 2 2 1 2 2 1 2 2 2 2 2 2 2 2 2 2 2 2 1 2 2 2 2 2 2 2 2 2 1 2 2 2 2 2 2 2 2 2 1 2 2 2 2 2 2 2 2 2 2 2 2 2 2 2 2 2 2 2 2 2 2 2 2 2 2 2 2 2 2 2 2 2 1 2 2 1 2 2 2 2 2 2 1 2 2 1 2 2 2 2 2 2 1 2 2 1 2 2 2 2 2 2 2 2 2 2 2 2 1 2 2 2 2 2 2 2 2 2 1 2 2 2 2 2 2 2 2 2 1 2 2 2 1 2 2 2 2 2 2 2 2 2 1 2 2 2 2 2 2 2 2 2 1 2 2 2 2 2 2 2 2 2 2 2 2 2 2 2 2 2 2 2 2 2 2 2 2 2 2 2 2 2 2 2 2 2 2 2 2 2 2 2 2 2 2 1 2 2 1 2 2 2 2 2 2 1 2 2 1 2 2 2 2 2 2 1 2 2 1 2 2 2 1 2 2 2 2 2 2 2 2 2 1 2 2 2 2 2 2 2 2 2 1 2 2 2 2 2 2 2 2 2 2 2 2 2 2 2 2 2 2 2 2 2 2 2 2 2 2 2 2 2 2 2 2 2 2 2 2 2 2 2 2 2 2 1 2 2 1 2 2 2 2 2 2 1 2 2 1 2 2 2 2 2 2 1 2 2 1 2 2 2 1 2 2 2 2 2 2 2 2 2 1 2 2 2 2 2 2 2 2 2 1 2 2 2 2 2 2 2 2 2 2 2 2 2 2 2 2 2 2 2 2 2 2 2 2 2 2 2 2 2 2 2 2 2 2 2 2 2 2 2 2 2 2 1 2 2 1 2 2 2 2 2 2 1 2 2 1 2 2 2 2 2 2 1 2 2 1 2 2 2 1 2 2 2 2 2 2 2 2 2 1 2 2 2 2 2 2 2 2 2 1 2 2 2 2 2 2 2 
</Matrix>
<Matrix name="Neuron_7" type="complete" rows="1" columns="187" multiplier="1.0">
   14159 18777 20123 32635 48558 75686 100355 103147 113993 115604 117387 140475 145167 146519 161874 163728 178066 215683 223960 228689 233148 234007 246256 254231 276690 279706 298851 300429 303737 320939 331642 336491 357281 370713 377927 391242 421923 440282 446090 465374 468351 480018 484666 491976 495304 500369 504264 515725 529534 535079 537242 540737 545285 549954 563610 569173 643960 647616 650747 654707 661804 663922 673668 675594 683052 698813 713137 721596 735680 752943 762452 767879 784454 795664 799364 808928 817251 832734 836768 843622 849553 888412 891914 897996 901544 910220 953689 955496 978732 982913 1000433 1003423 1012970 1035585 1073828 1079966 1081717 1090063 1099722 1110743 1127918 1135762 1139875 1144516 1157471 1158953 1161841 1181320 1199343 1218946 1220251 1224318 1226825 1252510 1254248 1265458 1276792 1300154 1308851 1311251 1313858 1318765 1325783 1329351 1332664 1342456 1346018 1354032 1370036 1372945 1377888 1395245 1414766 1441820 1450147 1453016 1457226 1466598 1470887 1506384 1510537 1514289 1517626 1529152 1530483 1542002 1545872 1583040 1591649 1614730 1638290 1640902 1644772 1647007 1649249 1686783 1691867 1702600 1709983 1714118 1733136 1741440 1750174 1761304 1793672 1803162 1810576 1834071 1844491 1850175 1862603 1867909 1870733 1872950 1876394 1878206 1884721 1895763 1900020 1912440 1929327 1949780 1952125 1959364 1979927 1982232 1992534 
</Matrix>
<Matrix name="Neuron_17" type="complete" rows="1" columns="1135" multiplier="1.0">
   549 1803 2852 3436 4062 6878 8508 9289 14763 15651 18045 19266 23415 25837 27640 30221 31218 35605 36799 37764 40321 42640 44503 45932 47919 48965 51244 52696 54531 55380 56754 58108 59022 59821 63820 64606 65515 66503 67820 70605 71451 75733 76970 78254 79829 80520 81576 83320 85531 86471 88306 89224 91751 93013 95307 96367 98154 100974 102032 104462 106412 109300 110717 113767 114844 116107 121256 123717 126043 127868 129099 133673 135835 137221 139541 142533 147911 149749 151261 151983 153454 157191 160708 161868 162908 163781 166078 167036 168133 170515 172486 174174 175583 176597 178662 181228 183139 185891 186868 187729 189044 190223 191637 192692 193597 195579 196996 198740 200264 201547 203501 204437 205781 207515 208430 210272 212043 212825 215502 216772 217877 218429 219943 220855 222894 227437 229009 231306 232713 235468 236702 239264 242173 243731 244460 245739 247426 248522 249514 250430 253369 254056 255085 255879 258195 259841 262814 264429 265623 266681 269700 270593 273064 274246 276175 276884 278114 280587 282250 284581 285905 288121 290457 291345 291962 293125 294016 294655 295421 296198 297642 304171 307950 314184 316243 319299 321290 322561 324129 325254 326482 327440 328497 330638 332709 337491 341546 342560 346763 348579 349725 350823 352073 353329 357351 358706 360506 361878 366616 370061 373485 375640 377385 378566 380132 381598 382204 382980 384284 385566 387618 388180 389591 391477 392869 394309 397121 398291 399213 400434 403763 405327 406454 407722 409748 412207 413095 414051 415230 416473 420778 423043 423928 425185 427599 428511 429337 431094 432256 433131 435350 437522 438670 440938 442918 445603 446274 448604 450671 451651 452838 454054 455161 456984 458188 460075 461362 461992 463147 465098 466630 467423 468307 469476 470610 472905 475206 476829 481272 482562 483996 485579 487483 488116 490584 492140 493491 494794 495590 496442 497255 499169 500288 501164 503634 506442 508832 512263 513742 516294 517680 519147 520772 522207 523488 524455 526695 528000 529061 531781 534263 536400 537388 539377 542557 543799 546594 547661 551578 553767 554697 555210 556050 557525 559298 564078 567449 568974 569801 570391 572823 574424 575740 576485 577403 580341 582351 583523 584899 585543 586653 587686 589261 594161 597521 598978 600265 601054 602961 605662 608001 610349 611508 613828 616379 618864 620139 621780 623035 624170 625958 627411 628203 629563 631604 633033 634051 636362 638006 641412 642498 643696 644948 646633 647209 649701 650348 650835 652109 654327 655766 656892 660042 661063 662829 665037 666012 668467 670899 671629 673452 674457 675824 676517 678633 679502 682929 683536 685052 686246 687630 689543 690742 692469 693565 694933 696390 698138 699546 701006 701792 704953 706625 707465 709171 710623 712162 713868 714855 716055 717327 721255 722493 723686 724993 726882 727619 730870 732213 734476 736811 738989 740460 741305 742738 744757 747113 747807 748581 749823 751555 752552 753240 755623 757647 760342 761633 762518 766031 767411 772572 774112 776058 777050 781286 782665 784097 784772 786927 789052 790560 792368 793362 796029 796593 798028 798677 799892 802430 803848 806305 808978 809860 811859 814576 818341 819472 822953 823684 827987 828733 829944 832424 833053 834048 836519 837725 843096 846275 848399 850088 851468 852352 854238 858629 861597 863031 864607 866023 867911 869100 870465 873026 874860 876129 877764 879508 881198 882072 883658 885225 887328 889931 891172 895450 896366 897479 898980 899794 901398 902807 904058 904945 908194 910971 912413 919185 920597 923013 924641 925425 927050 929383 931024 935806 937875 938835 940428 942678 944808 945412 947053 948577 949695 951450 955726 956813 959232 960787 961524 962825 964811 965499 966865 967495 969097 970452 972525 974479 976292 977730 978708 979854 981417 984795 986066 987531 989475 991704 992639 994602 996474 997729 999196 1000610 1002853 1004187 1008301 1010311 1012534 1014739 1015867 1016875 1017916 1020811 1022587 1026718 1027985 1029382 1032303 1036235 1037100 1038321 1039363 1040923 1042001 1043510 1045329 1047462 1048919 1049818 1052798 1054620 1055543 1056547 1060220 1061751 1064818 1065854 1067019 1070482 1071435 1072435 1074024 1076143 1077532 1080623 1081999 1084845 1088536 1089580 1091694 1092829 1093905 1096466 1098764 1100041 1101373 1102741 1105415 1106563 1108067 1109841 1112346 1113653 1115108 1115932 1117598 1118873 1120856 1122037 1123416 1125107 1126678 1127809 1128960 1130200 1131454 1136215 1139051 1141826 1143176 1145508 1146605 1149262 1151137 1153009 1154130 1155645 1156862 1157856 1159587 1161393 1162955 1164161 1165532 1166646 1167986 1170175 1171437 1173932 1175358 1176888 1178694 1179979 1182173 1185493 1186195 1188252 1191029 1193580 1198176 1202357 1203626 1205293 1206455 1208021 1210382 1213452 1214746 1215709 1216210 1217362 1218906 1221290 1222604 1226108 1227007 1228101 1229617 1230267 1231413 1232299 1233574 1235074 1237024 1238174 1239397 1240976 1242213 1243253 1244136 1244896 1246038 1246668 1248185 1251068 1254374 1255269 1257993 1259819 1261888 1263333 1266452 1267536 1268155 1269017 1269857 1271141 1273916 1275987 1276956 1277894 1278600 1279407 1281162 1284166 1286671 1288184 1289303 1292279 1293474 1294534 1296405 1301174 1302022 1304269 1305686 1307160 1310383 1311155 1313011 1316165 1317008 1319556 1320743 1323129 1324693 1326845 1327743 1328686 1329298 1330802 1333869 1334982 1336367 1337725 1340428 1342352 1343176 1344008 1345142 1346453 1349150 1349918 1350934 1352037 1354060 1356768 1357249 1359134 1362214 1364657 1366222 1366740 1367678 1368538 1369508 1370477 1371538 1374628 1375637 1377559 1378926 1380334 1382733 1384539 1386327 1387574 1389686 1392453 1394608 1395201 1401797 1408511 1410011 1411911 1414569 1416316 1417951 1420299 1421599 1422892 1424260 1425829 1428459 1430327 1431192 1435531 1436727 1438672 1439713 1442190 1443516 1444408 1445321 1448267 1449010 1451441 1453053 1454983 1456919 1458134 1458851 1459670 1462327 1464534 1465529 1467791 1470176 1471285 1472991 1475102 1479262 1480108 1481087 1483595 1484333 1484991 1485745 1488449 1490190 1492213 1493340 1494810 1496285 1498248 1499163 1500793 1503578 1504512 1505801 1507214 1509783 1510620 1512519 1514183 1515433 1515908 1517896 1518674 1519724 1520846 1522276 1525928 1530652 1532860 1535589 1536495 1539919 1544510 1546104 1547191 1548048 1549661 1550692 1551602 1552369 1552949 1555695 1556913 1557962 1558768 1560955 1562467 1564089 1565407 1566190 1567341 1573032 1574556 1576526 1580368 1581483 1583138 1584154 1588205 1590224 1591728 1595046 1599510 1600375 1601226 1602764 1603618 1605164 1605842 1606809 1607475 1608560 1612772 1613882 1616291 1618209 1620718 1623967 1625359 1626835 1628938 1629989 1631049 1633085 1634106 1636745 1638180 1640025 1640870 1642163 1643500 1644829 1646894 1650419 1651942 1653220 1655921 1659329 1659865 1662954 1663814 1664980 1666431 1667633 1670857 1672194 1673487 1674351 1675149 1676394 1677768 1678441 1681141 1682342 1684238 1686558 1689997 1691543 1692213 1694503 1696624 1698020 1699112 1700258 1700830 1701647 1704037 1705499 1707881 1710138 1712785 1714738 1719216 1720478 1721437 1722391 1724258 1725063 1726686 1728763 1730726 1732351 1733023 1734678 1736974 1740142 1744923 1746112 1747847 1748802 1750059 1750555 1754510 1758076 1759236 1760665 1761714 1763856 1765298 1766484 1768130 1769233 1770464 1772555 1773661 1775119 1776725 1779824 1782285 1784551 1785554 1789479 1794107 1795257 1796654 1798902 1799697 1801141 1801792 1802525 1803547 1804177 1805083 1806510 1809264 1810236 1812038 1813246 1814265 1816882 1819250 1820227 1821266 1822925 1825859 1827179 1827855 1829045 1829806 1830909 1831628 1835411 1836431 1838688 1839654 1844476 1845659 1848351 1849503 1851192 1852222 1853597 1855022 1857032 1857950 1861080 1862247 1863194 1864643 1868625 1871208 1872911 1874186 1876917 1878068 1880129 1881201 1884336 1886342 1889494 1890070 1891264 1892610 1893796 1895321 1896763 1897984 1899160 1900027 1901229 1902347 1904852 1907734 1910530 1911883 1912790 1914477 1915784 1917873 1919144 1921949 1923334 1924684 1925616 1928234 1930313 1934203 1935041 1936260 1937816 1939720 1941417 1942942 1944218 1945113 1946295 1946994 1948469 1949866 1951251 1954314 1957709 1959341 1960402 1961783 1963926 1965648 1968255 1969536 1970188 1972194 1973251 1975383 1976402 1978216 1979623 1982152 1984281 1985467 1986516 1988936 1989663 1992150 1993475 1995355 1997152 1998111 
</Matrix>
<Matrix name="Neuron_27" type="complete" rows="1" columns="590" multiplier="1.0">
   626 4033 5596 7263 8755 10698 11444 13321 16770 17628 21688 24601 27440 32006 38186 43377 45381 46711 52912 55467 57662 59764 61478 70246 84206 85183 87757 90846 91594 94964 97581 99281 102549 104960 105976 109593 111067 112814 120693 122390 125236 131814 133721 142290 143412 149664 157281 158863 161165 163336 167450 169627 179086 183443 185738 186769 189708 192525 202165 204467 205985 206772 207452 210179 212478 217514 220354 221547 227167 230072 231791 233403 234491 236137 237750 247792 252589 254168 262310 265458 268890 270475 271792 275039 278513 280472 281765 282913 285177 287968 290804 292311 297547 299851 301273 306653 308616 309392 311978 316449 319518 325689 328996 329796 331191 332923 340072 341359 343445 348696 351730 354140 356676 358290 364959 369897 372231 380186 381363 382338 386711 388963 391339 392539 396430 403079 404680 408007 411246 412621 415025 419278 421231 424590 430107 434231 436823 441105 443222 447830 449490 450315 458640 460997 461586 466709 468712 470380 472615 476401 478596 480000 481971 488345 494491 497556 501024 503245 507180 508396 511253 512548 513498 514814 516929 523395 533852 542936 544332 552750 555719 559927 563328 564176 565534 567697 572550 573444 577995 579498 583251 585370 586644 592633 601823 605101 607204 609202 610124 614062 616572 617903 621750 623790 624999 626657 630095 632268 639216 645171 648773 650321 655948 659127 663004 666985 671563 675980 677812 679269 680082 683167 688956 693412 698591 703791 706427 710675 711550 715864 719746 724482 725473 728416 729646 732547 734256 739173 749154 751899 755458 758229 760803 763441 764444 766588 773659 777226 780607 784235 787449 788646 792520 797548 801246 807207 813539 815947 819753 824531 827617 833025 834390 836519 838054 841546 843318 847114 849030 851976 854092 856191 858625 859832 861362 865922 866602 868320 871901 877349 878473 880195 884569 889611 890633 891514 894202 901376 905533 910852 912733 915243 916983 918218 919361 922735 928785 929943 939906 942009 948909 950391 953082 957924 959297 960903 962414 964167 966638 967169 969129 975928 986432 988138 989940 996303 998324 1002978 1009383 1010470 1013169 1014430 1019223 1020826 1026590 1027968 1029856 1030954 1033809 1035822 1037785 1038563 1042366 1045283 1048550 1052534 1054105 1057143 1062914 1064256 1071381 1072651 1075707 1085577 1087704 1090514 1096343 1098677 1100686 1113392 1123695 1126699 1133241 1140431 1145153 1149292 1150560 1152723 1157137 1158429 1161302 1168183 1170425 1173332 1178022 1185090 1189352 1195291 1199519 1201218 1203782 1206659 1210395 1211726 1213062 1218366 1220652 1235128 1237365 1240367 1245072 1249139 1252059 1254879 1255981 1256699 1257542 1266661 1271340 1274063 1279883 1282028 1286957 1289090 1290702 1294473 1295701 1297010 1300130 1301625 1304859 1312437 1322337 1323482 1325830 1326934 1327864 1332424 1336564 1341495 1343986 1345142 1347313 1360378 1362170 1366541 1370908 1372368 1375977 1379003 1379920 1386036 1388240 1403841 1406345 1414651 1415394 1422044 1425796 1429417 1433062 1435728 1441654 1444100 1446929 1452125 1456957 1462720 1464430 1466020 1475300 1483964 1492184 1496398 1498779 1501911 1505454 1507669 1513045 1514098 1515530 1517119 1518617 1525240 1527565 1535243 1537510 1539484 1542874 1546286 1548937 1552310 1553568 1555492 1556815 1559518 1562761 1566008 1578008 1578987 1584447 1586994 1588132 1601002 1603181 1607560 1614896 1617773 1620929 1623863 1624665 1626227 1627593 1629578 1632210 1635140 1636476 1639684 1641562 1643724 1647882 1649267 1651851 1652885 1653923 1655983 1660026 1663894 1664951 1666247 1667632 1673416 1675284 1676552 1678751 1681329 1682996 1685322 1688002 1695753 1701647 1705745 1707848 1710568 1717427 1726602 1729685 1734878 1738224 1739972 1745488 1748035 1751510 1755755 1759878 1761028 1763766 1766665 1769971 1771124 1775020 1778003 1779639 1781885 1782629 1784344 1787308 1788473 1790169 1791960 1795152 1801555 1805777 1807356 1818480 1825248 1829245 1834136 1836843 1838952 1841408 1847324 1849735 1852325 1856685 1863884 1868033 1875431 1876779 1880369 1883133 1889328 1893321 1894037 1899286 1900165 1901083 1902843 1904277 1911512 1912595 1913290 1916119 1917387 1919624 1920623 1922791 1925251 1926176 1928518 1929321 1935899 1938824 1941027 1942446 1947031 1949378 1950747 1951584 1959407 1961635 1964829 1968082 1972763 1975801 1983704 1987486 1993201 1994224 1998571 
</Matrix>
<Matrix name="Neuron_31" type="complete" rows="1" columns="401" multiplier="1.0">
   9751 13337 15560 19222 23897 25749 29610 39169 42643 44560 47333 49968 53145 61438 65042 66225 67314 70872 82589 88218 94723 103486 104459 105966 107927 118251 120823 121590 127141 130740 133184 135387 137179 138743 148097 156102 160012 162336 172411 184155 186785 206369 208704 211349 213502 215667 219204 224204 227306 229403 230321 234167 237082 239892 245767 248085 257845 259238 268657 275391 282411 288639 290044 301078 302690 309325 312206 314809 319211 326612 329765 336938 339974 345157 351763 354265 359193 371688 373331 375008 380682 386725 395928 399529 405213 406160 420275 424974 426537 433641 437142 447770 448557 457387 461679 462553 464546 465418 471392 482702 487958 492284 494636 498003 504145 507072 516743 522954 528278 541299 544507 552430 558064 561272 570965 577351 584869 588206 589759 593654 594938 598288 602327 604451 608483 614278 618435 629058 630856 632644 636049 639003 640839 642006 644543 645855 662504 671138 673949 676558 677591 679235 683971 687150 696095 698541 701587 704473 705474 707425 713005 714145 719700 721831 730210 731089 737658 739453 740366 741980 747720 761177 766543 770061 771116 781600 786727 792844 798214 800791 803327 808291 814456 818085 818958 826441 827714 829547 831998 840056 841189 848058 863610 864938 865606 877020 879867 881136 883344 884441 887002 888886 891407 894608 899058 900724 911990 915125 916178 933992 947117 949530 954483 956973 959265 961915 964273 968494 983727 986589 987955 996241 1010627 1013962 1017077 1022210 1025165 1036304 1042222 1044514 1048228 1057537 1058785 1061423 1071012 1072629 1074490 1085231 1090616 1093561 1094301 1111829 1116340 1121349 1125238 1131846 1132947 1134610 1146639 1151564 1156687 1160978 1161730 1166376 1169615 1185603 1190146 1199922 1202524 1210474 1212006 1213560 1216977 1220483 1222622 1225902 1228885 1240142 1249261 1251750 1253738 1256515 1260809 1269576 1273862 1276593 1282287 1290633 1292662 1302815 1304165 1305763 1314960 1319731 1328358 1335318 1336734 1343516 1353416 1356352 1361630 1369364 1377984 1398513 1402722 1408094 1409511 1413607 1416866 1427453 1430612 1431757 1435234 1438648 1441260 1442578 1449684 1450789 1458227 1460497 1465638 1468364 1475251 1487094 1490371 1494828 1504402 1506965 1508323 1510813 1515714 1518254 1520079 1521290 1524916 1532282 1535837 1538819 1542000 1548592 1549537 1550834 1552342 1554473 1570636 1582502 1585259 1586737 1592958 1602884 1606193 1609837 1612642 1615646 1623785 1631435 1635580 1647051 1657300 1664612 1667282 1669397 1672091 1678731 1685733 1692027 1695859 1705953 1706941 1707967 1713781 1719035 1727112 1731605 1732832 1736670 1749569 1760984 1766644 1772442 1775103 1778855 1788645 1793347 1794787 1800203 1803493 1805995 1807198 1814495 1819183 1828594 1839657 1840791 1842480 1846469 1847706 1852386 1856161 1859816 1877188 1884682 1889899 1895850 1905115 1911473 1912865 1917962 1922592 1923688 1931086 1941146 1956410 1960030 1962930 1970553 1977165 1979254 1981940 1989500 1991319 
</Matrix>
<Matrix name="Neuron_34" type="complete" rows="1" columns="31" multiplier="1.0">
   4752 29873 56049 89249 155869 203464 235898 251740 322825 409446 481257 495947 511030 581282 587716 623774 672088 745198 808648 838510 920726 949161 1059329 1062180 1097759 1130179 1227843 1573762 1638818 1660092 1915884 
</Matrix>
<Matrix name="Neuron_41" type="complete" rows="1" columns="27" multiplier="1.0">
   14970 22854 36870 84944 210690 219042 262502 339803 639469 685533 689659 737923 773365 838527 916381 963436 992909 1321838 1449890 1473783 1547225 1607823 1613410 1660302 1662000 1716645 1771077 
</Matrix>
<Matrix name="Neuron_44" type="complete" rows="1" columns="958" multiplier="1.0">
   1642 3734 4793 7522 9082 10298 14498 15412 16839 19433 22751 26224 27063 30728 34384 35429 36911 38218 40331 44222 47436 52497 54567 56214 57654 60219 64701 65815 67325 68284 71076 73519 75091 75828 78093 79815 80933 88041 90593 92414 93837 96069 97216 98650 100512 106086 106903 111511 115496 116801 118155 118886 119944 125046 126671 129270 130457 133481 138014 138934 140987 142057 145610 147937 148908 149967 150695 152012 154611 155965 158540 160224 162099 163193 164414 165937 167029 171866 173247 176990 178757 179773 181786 184255 187324 188256 190087 191555 193359 195335 197267 200772 202293 203445 204496 206262 207370 209149 211156 212938 214506 215979 218185 220851 221807 223306 224205 227879 231924 233563 236717 237540 238518 239630 240532 241539 242127 246645 247448 250299 253836 255254 256877 257783 258619 260897 266377 268770 270425 272383 273440 278664 279950 280704 282512 284568 286755 287541 288887 291406 294493 295943 296689 297899 304122 308052 308940 311499 314728 319725 321502 323773 326801 328175 329178 330333 333565 335300 337148 340494 343549 345156 346863 347698 349170 350579 351878 354917 356670 358140 364132 366193 371104 374202 375610 377109 378477 379974 381462 383279 384560 385722 388095 390128 392063 395322 401378 402430 406324 407659 409156 411013 412971 414052 415514 418577 420460 421748 422939 425182 430747 431894 435369 436740 437975 440907 443648 444730 447386 448688 451360 454136 455501 457621 458618 459976 460994 463599 464777 466254 467974 469212 471851 473251 476716 482296 483535 488279 493943 497598 499200 503323 504257 506521 508293 510884 513482 515347 518307 519158 520492 521996 527098 528840 529686 535812 538116 539523 542341 544077 547292 549696 552222 552975 554608 557126 558149 559822 562686 564362 565056 566730 568024 569467 570772 573898 575580 581842 582575 583825 584795 585982 587486 588431 591197 596326 597247 597787 598630 599673 605251 606846 607613 612713 613852 614863 616069 618645 622848 627543 630011 630999 635015 637819 639154 640749 641436 645114 651024 652833 654828 655963 657797 659562 660866 663463 664805 667666 668652 672398 673352 674080 678596 679536 681665 684891 686415 689587 691923 693412 696670 697517 698311 700377 701554 702789 706925 708197 709300 712158 712837 715686 716583 719785 720976 721946 724344 726130 727790 730331 733578 735030 737133 739551 740464 741430 742315 742984 744028 744637 746502 747539 748884 752430 753809 756772 757481 759412 760938 763555 764698 765954 767694 771604 774003 775905 777221 780081 784708 786572 787922 789680 793386 798137 802210 803371 805299 806495 809722 812133 814577 818815 820286 822995 825234 826606 828900 830296 833738 835305 836796 838566 841438 844128 845673 846577 847425 856993 860696 862871 865945 869214 870632 873730 874505 876965 881194 882577 883407 884742 886436 888997 890911 892877 897660 899007 900024 902022 902890 903699 905357 906435 907521 909348 910691 913882 916868 919590 920371 920907 925049 927112 928989 930484 931413 934476 935184 937219 938829 939690 941666 942613 947640 950343 951782 953608 954589 956334 956999 957730 962623 965893 967281 968847 973112 974582 975427 976387 982903 983869 985355 986722 989376 991283 992428 998090 1001448 1002377 1004247 1007048 1011929 1013672 1014816 1015572 1016725 1017572 1022787 1024114 1028730 1031856 1033310 1035644 1036573 1038450 1039510 1041793 1043686 1044734 1048280 1050392 1052121 1053963 1055426 1057008 1061835 1063429 1066668 1067435 1068360 1070666 1071571 1073102 1075617 1079527 1080848 1082515 1083915 1085192 1086871 1089421 1091382 1092593 1093223 1094508 1098549 1100878 1102312 1105317 1107087 1109360 1112000 1112880 1114453 1115817 1117100 1118966 1119967 1121424 1122552 1123923 1125021 1126084 1128082 1130148 1132201 1134239 1135366 1139040 1142135 1144765 1146125 1147142 1149247 1151149 1152828 1156856 1160045 1163102 1164836 1167295 1170043 1172855 1175093 1175736 1177301 1179028 1180612 1182126 1183265 1183903 1184802 1186500 1190455 1193314 1194249 1196110 1196815 1199830 1201120 1202710 1203680 1205052 1205991 1208169 1210362 1211541 1213716 1215577 1218630 1219379 1220274 1221520 1222790 1225036 1226497 1227561 1230292 1230986 1232231 1236354 1237820 1241108 1242092 1243165 1244323 1246227 1248123 1248979 1253753 1257196 1258509 1260678 1263040 1270309 1271500 1274463 1276006 1277416 1279513 1280942 1281760 1283306 1284544 1286271 1288530 1289967 1290891 1293314 1294614 1296872 1297974 1299523 1302047 1303048 1305692 1308483 1310731 1311372 1315239 1316432 1317689 1320349 1322856 1325432 1326518 1332394 1333063 1335673 1337165 1338322 1338994 1342534 1343665 1345165 1346636 1349351 1351743 1353459 1354382 1355399 1358519 1360902 1363285 1365397 1366852 1369429 1371480 1372835 1376030 1377538 1378766 1384291 1386893 1387888 1388389 1390192 1391783 1398219 1399270 1401635 1402383 1405258 1407684 1408257 1411216 1412667 1414749 1422394 1424360 1425514 1426368 1427467 1428649 1430551 1431273 1432285 1433121 1437628 1439286 1441402 1442665 1444476 1447071 1448692 1449559 1450448 1451821 1457678 1460304 1462999 1464758 1466220 1468764 1470244 1470974 1474121 1477207 1478019 1480372 1482020 1483117 1484109 1484932 1486311 1487250 1491109 1493897 1495340 1496742 1498867 1499859 1503159 1504787 1506519 1509338 1511139 1512463 1513478 1514718 1515861 1518704 1520477 1523393 1526683 1528478 1530062 1531874 1534376 1535306 1537523 1540142 1541937 1543607 1545266 1550170 1551876 1552812 1556254 1559770 1561038 1563493 1564191 1566596 1567331 1568407 1569610 1570581 1573348 1574038 1574856 1576962 1578849 1579903 1582615 1583980 1584981 1586612 1589057 1590818 1592081 1596250 1599964 1601445 1603992 1605902 1607295 1608650 1611426 1613533 1619091 1623149 1623956 1624671 1625952 1627128 1630648 1633399 1634757 1638378 1639147 1639993 1642346 1644363 1650661 1651953 1652945 1654580 1656809 1659390 1661278 1662858 1667630 1668913 1669916 1671649 1674519 1676202 1679207 1681101 1683236 1684195 1691746 1692734 1693527 1696198 1697184 1699143 1700579 1702912 1703976 1705955 1706655 1707371 1708642 1709570 1710601 1713197 1715209 1718965 1720189 1722448 1724192 1726641 1727562 1729597 1730570 1731836 1733813 1736207 1737429 1739598 1741775 1744142 1747402 1749182 1752505 1753597 1754643 1757277 1760519 1761436 1762843 1764646 1766862 1768017 1770320 1772314 1775309 1776464 1778153 1779009 1780961 1782036 1784247 1792861 1796557 1797578 1798392 1802365 1805429 1807062 1808259 1814760 1816488 1817744 1821793 1824340 1825580 1826789 1830381 1835049 1836315 1837332 1839582 1840931 1843233 1846273 1847094 1848417 1849663 1852055 1853432 1856977 1859383 1861264 1863069 1864684 1869859 1870890 1872442 1872948 1873660 1874833 1877041 1878168 1881422 1884117 1886290 1887061 1888435 1889680 1890431 1896934 1899865 1901334 1902712 1908053 1909051 1912572 1913549 1916014 1917280 1920306 1922022 1926843 1929333 1931977 1933813 1935536 1936515 1938707 1940374 1942272 1944974 1945716 1948459 1949482 1951496 1952982 1956308 1959810 1960777 1962060 1964610 1966588 1974985 1975839 1980978 1982206 1983341 1986323 1988341 1990133 1993210 1995990 1997570 1998344 1999270 
</Matrix>
<Matrix name="Neuron_51" type="complete" rows="1" columns="65" multiplier="1.0">
   8080 36250 55308 124802 131185 165157 215065 217657 221408 387922 431143 453610 480432 482473 524476 563104 587225 636214 708132 779493 815519 835761 869673 880201 892885 937221 965968 991600 1023845 1039018 1043644 1077884 1094760 1152519 1156116 1170203 1201411 1203721 1215449 1277532 1288481 1291750 1316758 1358061 1375884 1433511 1472994 1496931 1499860 1535998 1554074 1564274 1579033 1658678 1686011 1759835 1765658 1819631 1824314 1842481 1844488 1859815 1920091 1958172 1976665 
</Matrix>
<Matrix name="Neuron_54" type="complete" rows="1" columns="527" multiplier="1.0">
   732 8648 9600 14571 18939 27005 27947 33488 35853 37714 45137 47443 52988 57152 62853 67589 70473 73467 77728 81433 82544 87352 88873 90365 93970 99476 101607 103058 106789 108405 109933 113302 119895 124433 126295 131005 133472 137557 138435 143565 145137 146914 150251 151181 154696 156787 160709 162158 169012 170354 171232 178692 180829 181779 183145 186225 187888 189608 194602 197149 198440 200108 201327 208285 209602 215919 219283 227579 238702 240579 246346 249277 253562 263808 265550 267407 287086 288560 290645 293765 295506 296964 299845 303713 304942 306939 316172 328506 330099 332769 341953 343439 347031 347918 351302 356523 361353 367202 368586 377316 379189 379995 381154 382153 383698 387002 389137 393037 395132 396898 400575 402832 404013 406093 412339 414309 422417 425320 430678 438040 441667 446298 450967 454072 455981 457375 460984 464313 466558 468525 469920 471010 472126 474316 480269 484324 485406 486805 491136 496838 498037 505567 508832 517202 521840 523440 526229 533661 541250 547348 550492 552297 553796 556664 557253 559250 563797 566655 572292 578146 580883 581771 583732 586423 589017 593966 598001 599657 601836 605495 608452 612640 614607 617291 621563 638555 639713 656071 657585 661969 662996 664932 665942 666627 668759 676959 679756 681257 693880 695386 698298 700039 709297 716431 722154 730750 735963 737619 744148 748416 751016 758936 760101 764114 767115 768030 770161 772173 779045 780132 784608 787417 792526 795705 802692 803765 816139 817541 820962 825827 828764 830881 832517 835457 838357 845632 846989 849306 852216 855996 857785 860371 861599 864697 866806 869056 870090 872805 874862 891466 896983 901336 910250 911895 917354 920019 922734 926832 935235 936889 938741 942972 944955 947021 948910 951445 956803 961726 965631 971452 982513 986311 989342 991573 1005407 1007711 1008501 1013813 1015287 1016828 1024183 1028337 1030501 1033515 1035960 1044875 1050326 1053189 1054587 1057345 1062673 1066718 1069408 1073565 1074840 1078731 1082450 1086095 1087466 1090378 1092310 1095179 1096344 1099038 1101001 1108052 1114429 1129490 1134623 1135671 1138200 1145019 1146895 1149424 1154601 1155819 1156897 1158860 1161098 1166546 1175349 1176329 1182045 1187865 1195632 1196832 1198440 1200132 1202408 1205523 1208067 1209256 1211542 1214773 1216680 1218955 1223556 1225238 1232968 1234921 1239942 1247899 1249348 1251017 1253945 1255030 1256265 1258638 1267186 1269378 1273945 1275192 1279613 1283460 1287868 1292403 1300942 1302119 1305808 1307742 1310624 1314628 1315784 1321538 1323257 1324917 1330131 1334287 1335092 1336537 1338351 1343573 1347288 1349123 1351418 1353021 1354651 1360409 1362486 1365142 1370550 1373709 1380590 1384832 1387614 1393561 1395762 1399152 1402308 1403743 1410935 1414680 1418911 1429386 1433903 1439551 1440673 1448314 1450042 1453781 1459366 1461635 1463820 1468860 1473272 1483548 1486208 1488054 1490501 1498231 1499096 1501365 1503609 1506749 1510910 1513230 1517285 1524803 1529490 1535734 1538379 1546268 1547707 1551248 1561269 1565674 1567005 1572137 1579070 1581847 1591401 1593586 1603809 1605785 1616637 1620309 1623782 1628373 1632416 1634504 1636285 1638350 1640482 1642261 1644629 1645840 1649963 1652071 1655694 1656764 1663229 1664260 1674667 1682215 1684305 1685636 1692128 1699405 1702442 1703657 1715902 1720947 1724205 1725832 1737167 1738477 1743196 1744435 1747229 1748186 1756131 1759380 1760935 1766508 1771479 1772858 1774153 1776538 1777998 1781444 1781965 1787675 1791473 1801965 1809976 1815994 1816913 1821769 1823705 1824749 1828134 1832324 1841383 1843198 1845563 1846796 1853319 1864291 1867490 1873037 1874089 1876793 1880348 1884912 1890177 1891629 1893811 1895972 1897867 1901020 1904300 1906016 1907802 1909426 1913487 1916074 1921606 1924363 1926719 1929412 1931461 1932731 1936716 1941043 1942830 1943464 1950794 1954628 1967863 1972163 1978444 1979783 1980751 1984015 1990853 1994161 1996137 
</Matrix>
<Matrix name="Neuron_97" type="complete" rows="1" columns="472" multiplier="1.0">
   7475 11133 13876 24746 28671 29829 31506 36026 47486 50790 52195 55508 58875 71658 75846 77294 81433 82290 87543 91492 92822 94151 101278 109896 115767 117522 126111 133903 136085 138142 142189 143616 150674 153003 156329 162568 168009 186361 187611 191397 195261 199820 211074 214726 216374 218992 223252 225860 226791 228350 242037 245192 247955 251783 254222 256439 258209 260376 262609 263512 266361 271584 273053 275067 278003 279950 282556 285667 291633 294616 296114 297566 304474 310342 312591 329035 333951 339596 346309 347980 353830 366444 373191 376690 378935 380108 382284 386065 387635 390089 391282 396333 400812 405686 408380 417872 427958 430789 439927 443547 446988 448892 450866 452702 459633 461486 471173 472426 479671 482100 486025 489260 491319 493758 499621 502559 505166 509769 512711 513985 519947 524615 530877 539642 541651 544031 544859 548550 554514 556017 557919 559707 561117 573977 581398 582931 588934 592338 603049 607595 610900 622243 631659 632702 637865 640277 641419 649309 652482 653998 655149 667207 672121 675138 677467 682724 684452 685778 691017 695279 697306 699273 702275 713147 724645 725803 728952 731555 733073 736699 739660 746275 757391 759662 765981 769405 772332 776364 777323 779003 783348 786379 788487 791165 794078 797787 811663 814374 816233 821190 831941 833693 838016 839469 842322 844341 850489 852702 859589 862409 868422 870806 872867 873596 875851 881424 884418 885323 891411 897747 905666 907293 911079 918345 920618 928425 930901 938665 940810 944270 953468 956116 958105 962087 962801 964554 968080 974137 980067 982079 987455 989610 995480 999546 1001359 1003220 1012877 1015950 1017469 1019029 1022015 1025270 1029501 1033321 1045485 1051807 1054461 1055879 1058946 1060214 1061867 1078021 1080067 1085559 1091424 1092952 1097039 1100593 1102015 1105970 1113176 1115367 1117282 1119563 1125041 1128691 1131031 1133261 1142328 1150310 1151819 1153342 1154637 1157213 1158556 1161410 1163121 1165918 1170013 1183944 1198453 1200487 1202753 1204497 1206301 1211891 1214259 1215443 1223047 1230073 1231931 1235295 1246088 1250806 1256073 1257530 1260645 1263634 1264415 1273823 1276059 1279239 1286688 1289714 1301439 1304877 1307004 1319874 1323311 1325199 1328714 1331776 1332888 1336049 1341583 1343467 1344672 1349003 1364501 1366952 1368685 1372819 1376539 1380025 1381176 1384808 1396615 1402031 1404462 1406294 1407530 1409122 1413473 1416543 1420303 1422889 1424766 1426780 1429039 1431612 1435049 1436724 1437473 1441626 1446581 1456335 1457527 1458923 1461646 1476777 1480186 1481400 1483337 1488596 1490947 1502208 1504513 1506335 1520290 1521932 1525546 1526893 1533615 1537757 1541314 1545808 1548401 1551538 1555603 1563792 1576431 1578280 1579603 1584738 1591454 1598611 1601312 1602196 1606122 1607356 1608646 1610321 1613196 1616720 1629212 1638679 1639837 1642535 1644764 1655195 1658499 1662235 1673052 1674025 1675760 1676982 1679112 1682143 1683430 1684949 1689404 1695512 1697077 1702847 1708129 1710261 1711462 1712669 1723673 1726231 1728624 1729578 1732346 1735111 1756016 1759186 1762744 1767219 1771653 1776858 1780999 1787987 1790364 1791590 1797125 1800538 1805554 1807070 1820433 1824919 1830268 1833864 1837631 1839280 1849934 1869068 1870665 1872257 1875428 1881490 1888415 1890982 1894556 1896693 1899003 1904038 1907578 1910615 1913070 1917184 1918391 1920419 1922633 1923506 1935202 1938014 1942301 1947244 1948065 1949192 1953460 1959332 1961467 1966262 1967591 1972690 1978281 1981619 1987185 1992846 1995303 1998459 
</Matrix>
<Matrix name="Neuron_107" type="complete" rows="1" columns="44" multiplier="1.0">
   56206 60693 166165 193967 207884 329097 347120 409901 485995 565079 769006 776707 830947 844052 874808 912455 933484 985955 990327 1028696 1030067 1090152 1167969 1170152 1173673 1195607 1216283 1374376 1394711 1441085 1498879 1527600 1597725 1616096 1644004 1652679 1673393 1706498 1716013 1765949 1784163 1794174 1944784 1947951 
</Matrix>
<Matrix name="Neuron_117" type="complete" rows="1" columns="283" multiplier="1.0">
   3477 5241 7270 13580 24928 26770 28563 34439 35532 37611 43486 71520 73452 87756 92269 108577 114365 123680 126820 137417 140081 150223 153732 172074 179386 182074 188068 202578 219669 221258 224016 241268 244863 246848 258253 270701 275882 278846 288427 296653 305767 306829 328623 339203 343452 350203 351873 362797 371829 376192 384250 399974 405256 410929 417500 431586 434503 441562 442569 445633 449908 472652 480375 498698 501272 506192 507152 511740 549074 554093 569870 574507 579103 585141 586702 588937 594064 599874 604338 605805 612854 615990 630202 637738 646734 652485 664487 666313 672532 673827 686484 695894 697203 700459 704580 715226 717783 720930 724557 735038 739249 748248 760230 769094 770763 773884 779463 784050 788502 791036 799239 806068 814850 817736 819291 826178 827963 833619 834959 853346 854670 856075 858321 868357 871785 879829 884536 886007 888351 889041 892160 898366 909405 913885 917261 935671 943918 946399 950106 952333 957620 968938 979897 981732 983277 987542 1000282 1001813 1010882 1015578 1020118 1027274 1039836 1067085 1075919 1080011 1088671 1108097 1113045 1115876 1117973 1126296 1140742 1141430 1144220 1152136 1156999 1158293 1168034 1190743 1192366 1195088 1198047 1204726 1215500 1219681 1231729 1249096 1267179 1274500 1282377 1284808 1290497 1305974 1311435 1315508 1316969 1320464 1323689 1328871 1335909 1339099 1346630 1362797 1370353 1371782 1387144 1390339 1393096 1404270 1418380 1430962 1440544 1444019 1447020 1456606 1474660 1484385 1486502 1499436 1503500 1523510 1529659 1531787 1544521 1546830 1557004 1571184 1574207 1576786 1591440 1600195 1626394 1634708 1652897 1654579 1661741 1676184 1678786 1692554 1694644 1706361 1707609 1716172 1718992 1734863 1739242 1745372 1749621 1752616 1754061 1764643 1769716 1777144 1790747 1795316 1799559 1803910 1810479 1814127 1815633 1820613 1832573 1834954 1836047 1838523 1841884 1847775 1851743 1853101 1855126 1864013 1870309 1877032 1879799 1900406 1905556 1920560 1923823 1938964 1944188 1945860 1947368 1949938 1957669 1959215 1963957 1971136 1974258 1976095 1984696 1995661 1997242 
</Matrix>
<Matrix name="Neuron_121" type="complete" rows="1" columns="315" multiplier="1.0">
   16499 26056 31857 36995 39274 42912 44656 48825 53131 54671 70180 71992 74298 82606 87722 91579 93033 105822 116625 120536 124952 129014 136079 137885 139553 144006 146478 147549 152213 154053 155992 158969 163178 182340 183427 186102 190645 204540 211254 223700 229201 230652 253514 267698 276535 282294 288140 291690 306423 316713 320019 334269 335944 341953 347233 351901 354321 355672 358980 366062 371419 374648 381112 394035 403940 405955 407044 409788 418752 424298 428197 434320 445008 456990 467152 468783 479063 480438 492439 493270 499283 502537 512227 521602 533728 554596 562608 569157 569883 576328 580828 582398 583611 596960 609813 616575 640738 643375 647251 654743 660500 672349 682834 686754 691690 696312 702329 705576 713462 714682 717886 720360 725694 730453 732781 744259 745562 753624 759409 761885 764659 766883 769443 787844 793905 807966 809610 811738 815713 834926 853548 866541 867762 870584 872857 875429 882029 884727 889370 915900 917866 919558 935973 938230 951617 954071 976971 978809 981559 985504 988057 993566 995727 997540 1007717 1016395 1023967 1026239 1033474 1039216 1040399 1046022 1048868 1052375 1053620 1054938 1056151 1057907 1065405 1069987 1070556 1074035 1077545 1088403 1093494 1094651 1097923 1102324 1106169 1111080 1118299 1123668 1126229 1132189 1134976 1142059 1151641 1168923 1174174 1185778 1190057 1194451 1210492 1220175 1222492 1225302 1237669 1249665 1257513 1260060 1264685 1268628 1291771 1299293 1301361 1312831 1319477 1321412 1323816 1328603 1341352 1345529 1351416 1372268 1375383 1378466 1379785 1383924 1385608 1386647 1389557 1393355 1394280 1396541 1405468 1410950 1412797 1429290 1432773 1447022 1449787 1451569 1455888 1459003 1464722 1467882 1472056 1473860 1474577 1478858 1486987 1503001 1515172 1526490 1531888 1536340 1546347 1548556 1561091 1564465 1571316 1583993 1592566 1596356 1606521 1608419 1611739 1613168 1614906 1618095 1624642 1634470 1636724 1643590 1648741 1653393 1657692 1659640 1668984 1670845 1674035 1686890 1698788 1718551 1720436 1721727 1731434 1755046 1756486 1759283 1761294 1775128 1785922 1792759 1794203 1796920 1822851 1826273 1827992 1829054 1830423 1843078 1848742 1854916 1871241 1893217 1894542 1895674 1906640 1910721 1921494 1930473 1935633 1936933 1944820 1945760 1948892 1951594 1962582 1965061 1967538 1972949 1979591 1982215 1999618 
</Matrix>
<Matrix name="Neuron_124" type="complete" rows="1" columns="1020" multiplier="1.0">
   1370 2251 4454 9052 11641 13697 15905 17988 19834 21488 23503 25186 26028 27179 32632 35061 37087 39781 43412 44423 45079 46275 47312 48118 49410 51275 52608 55834 57126 59643 61146 62622 64854 67810 69750 74962 78388 80072 81451 85205 86918 87702 89143 93587 96988 99389 101177 103785 105567 108105 110391 112109 113257 114175 115590 117226 118856 120342 121098 122049 124112 126232 127026 128241 130395 131942 133208 135102 135958 137978 139343 140222 143409 145494 148811 149887 152880 154126 155277 156094 157917 160779 163123 164399 167496 170543 172098 174167 175672 177975 179098 181969 184662 186282 187561 188704 190256 191097 192161 193772 195129 197867 203408 206195 208530 210306 212020 213527 216070 217045 217955 220695 222105 226025 227529 228940 230217 231356 233014 235546 238689 239642 243788 245088 246931 248255 249633 250564 253225 254273 257592 258999 262804 263377 265430 266284 267808 272636 273790 275647 277692 278338 279168 279897 281232 283067 284652 287139 288638 289585 290933 292111 293057 295391 300722 302691 304243 305701 307152 308442 310192 311360 313078 316536 318453 319783 320633 323285 324783 326207 326869 327629 333189 336703 338062 340462 341922 343260 344398 345561 347690 348922 350416 352313 353525 354377 356135 359248 359987 361451 367451 370785 372932 374637 377584 380537 381870 383982 384928 387611 391957 393010 396510 397496 399143 400749 401718 403114 404181 405281 406541 407492 409149 409796 411265 414349 415959 422984 423702 424799 426815 427712 430365 434680 435947 437228 440449 441503 446784 447649 449215 451959 453068 454492 455222 459194 459930 462287 463562 465260 466348 468657 469706 470773 471773 475497 476959 478146 479258 480891 485717 488512 490469 492383 493248 494240 496649 501470 503226 506700 508846 510080 510807 514989 516897 517927 521184 522891 526127 527534 529065 532225 534504 536033 539318 541691 544360 545244 549379 551258 552376 553685 554729 558820 561464 563581 565989 568753 569630 573696 576066 577593 578674 580476 581586 585126 586999 587721 590982 591553 592975 594343 595929 597486 601226 603104 605633 607573 610169 612049 613698 615007 615835 619044 620296 621222 622565 625171 627971 629968 634050 634986 638205 639965 641831 644020 646133 647107 651111 653868 655259 656501 657048 658850 660311 664635 666055 667634 668477 671205 672169 674563 676871 677866 678513 681047 682065 682896 684280 686376 687171 688955 690094 691351 692801 693927 697451 700724 704231 707319 708531 709202 712419 713040 714428 717307 718882 720260 721106 722798 726516 727408 728739 731224 733272 734552 735732 737396 739125 743021 744877 747577 749825 750660 752110 753339 754550 760129 761736 762436 764851 769873 770713 773956 774779 775468 777379 778731 780659 781351 783323 784501 786032 789774 790784 791860 793107 794225 796789 797554 799529 802240 803093 804611 807030 810799 812146 813096 815573 816629 818130 818765 820680 822155 826820 829881 831352 833656 834922 838242 839132 840128 844408 847145 847962 850423 853922 855426 858329 859878 862204 863373 865875 868509 869784 873006 874176 879434 880787 882377 884186 885118 885964 888746 889941 891283 895378 899369 900873 902332 903676 904983 906588 907623 910880 914531 916248 917914 919707 920376 921208 922605 924060 925077 925604 927039 929337 930870 931616 932644 934450 935500 936389 937471 938954 939935 946334 948072 949745 950944 953254 954007 955390 957300 958526 960077 962517 965604 968463 970298 973353 976087 978070 980700 983864 985447 986913 988520 990085 991442 994388 995405 996709 1000028 1001385 1003097 1004027 1006507 1007915 1009956 1011929 1012734 1014745 1019418 1020557 1021392 1023003 1024968 1026722 1027794 1029359 1031308 1032613 1033715 1035050 1038768 1039687 1040720 1043526 1046385 1049841 1051408 1053662 1055823 1057518 1059776 1062192 1062937 1063932 1065087 1067731 1068310 1070376 1072670 1073401 1075216 1076723 1077625 1078567 1082870 1086006 1088091 1089996 1091520 1092903 1094450 1097998 1098655 1100921 1103076 1104265 1105676 1107112 1110220 1111420 1113456 1122270 1125183 1126991 1128359 1129663 1130984 1133145 1134615 1135839 1137245 1139394 1140395 1142209 1143234 1145166 1146553 1147591 1148744 1149836 1152104 1153598 1156559 1162004 1162614 1165094 1165984 1167381 1169704 1171375 1172453 1174118 1178216 1181377 1182517 1183539 1185551 1186927 1188459 1194841 1196105 1198347 1200778 1201580 1202968 1203820 1205395 1207168 1211292 1214856 1216378 1218833 1219463 1220192 1221048 1221783 1223328 1229468 1230956 1232416 1233605 1235015 1237640 1241857 1242907 1246932 1249414 1250847 1252132 1253894 1257274 1258213 1259789 1261967 1264635 1267993 1271790 1272658 1275303 1277949 1279294 1280216 1282056 1283935 1286860 1288460 1289648 1292136 1294846 1295912 1297211 1300897 1302024 1304760 1306484 1307968 1308868 1311159 1316514 1318437 1319300 1322042 1323859 1324914 1329135 1329913 1331302 1332060 1334893 1335612 1338219 1339127 1340297 1342026 1342823 1344511 1345332 1348477 1349669 1353818 1355540 1356779 1357578 1361948 1366105 1367095 1368157 1368995 1369804 1373401 1374222 1375269 1376181 1377066 1379472 1380727 1382460 1383764 1384963 1387621 1388812 1390247 1391520 1394015 1395482 1401516 1403713 1404302 1405232 1407298 1412111 1415729 1416867 1418091 1419557 1420862 1421527 1424596 1425711 1427309 1428220 1428716 1429602 1430991 1432054 1433347 1434297 1437472 1439513 1441045 1442350 1445390 1447922 1449852 1451107 1452735 1457294 1459204 1459947 1463392 1465956 1467751 1475106 1475823 1477990 1480308 1482823 1485097 1486498 1490613 1491159 1492533 1493541 1494909 1496713 1499620 1501062 1501934 1506219 1508279 1511064 1512116 1517963 1518821 1520005 1522386 1523735 1525294 1526703 1529912 1530940 1533586 1535884 1537396 1538603 1541952 1543488 1544926 1552710 1554846 1555656 1556786 1560981 1562846 1565190 1566179 1567330 1569000 1570604 1572801 1576162 1577497 1579765 1582221 1583084 1585286 1586231 1586947 1590006 1590709 1592877 1595553 1596393 1599830 1600976 1601860 1602889 1603774 1607152 1608847 1611466 1612869 1614800 1616996 1617698 1619790 1620592 1622035 1623302 1624130 1626518 1628411 1630164 1632464 1633553 1634913 1636737 1637470 1641583 1643370 1646060 1647810 1649420 1650546 1652302 1653025 1653901 1656494 1657393 1660625 1664729 1666101 1667438 1668441 1670278 1670926 1672289 1673895 1675600 1678990 1680565 1683558 1686582 1689034 1693810 1694839 1696794 1700407 1701511 1703358 1704707 1707260 1709672 1712436 1713377 1714742 1715608 1716230 1717109 1718379 1719405 1720113 1723109 1726397 1727874 1730152 1731650 1734139 1735598 1738968 1740168 1741238 1743088 1744624 1746848 1748404 1749514 1751323 1752426 1754949 1756783 1759973 1760815 1763337 1769831 1771059 1771852 1774644 1775926 1777155 1778296 1781915 1785855 1787134 1790181 1792058 1792858 1796583 1798093 1802267 1805240 1805960 1806942 1808310 1811153 1812707 1814908 1816209 1817320 1819242 1823061 1827043 1827837 1829451 1833500 1835949 1836664 1838762 1840018 1841844 1843205 1844666 1848204 1848963 1850439 1851836 1853821 1856653 1859177 1860819 1862406 1866993 1872444 1874684 1875983 1877938 1880006 1883061 1887272 1890221 1891204 1892947 1893491 1895458 1897730 1898979 1900578 1902270 1903696 1904861 1907679 1908529 1909314 1911641 1912341 1915038 1916653 1918799 1924108 1926269 1929827 1931512 1932551 1936175 1938490 1941784 1944357 1945028 1949364 1950668 1951982 1953629 1955242 1957246 1961157 1962471 1963483 1967075 1969556 1971858 1973091 1974265 1977887 1979819 1981696 1982650 1984387 1985330 1986526 1989907 1990533 1993069 1995523 1997114 1998977 
</Matrix>
<Matrix name="Neuron_131" type="complete" rows="1" columns="949" multiplier="1.0">
   835 4520 6138 7569 8329 15014 15870 17480 18135 22121 23396 26857 33389 35133 37126 38531 45577 49542 51493 56354 57132 59273 62730 65957 67785 70435 71932 74987 77602 78762 80367 82957 84368 87410 89139 90558 92267 94528 96472 97469 100686 101666 103001 104240 105061 107224 110589 111978 114411 115563 116829 117537 121306 126221 127720 129914 133488 136279 139407 140743 141919 143608 147951 148968 151401 152896 153610 154524 157246 158942 162308 170871 172051 173988 175438 177576 179103 180695 182096 186852 187918 189302 190472 192957 194478 197526 198841 203663 207002 208144 209960 211294 213932 215878 218698 221213 225333 229307 230542 231382 232769 234476 237273 238171 239502 241428 242176 244775 246167 248878 251819 253179 255176 259441 263176 264404 265610 267293 269387 272823 274798 276303 278291 281042 288271 291520 293339 295264 296135 298263 299149 300148 301301 304008 308984 311468 313630 315557 316174 317226 319508 323693 325148 326951 331014 333758 334727 335744 336988 338082 339131 340636 342521 343596 345554 347148 348653 352008 353074 354923 356612 358534 359782 361659 363496 367981 368981 370375 372136 373731 376069 377894 378886 380096 381322 382503 384453 385565 388482 391547 392335 395979 397354 398286 399958 402436 403181 406415 408610 409489 410983 414200 418272 424243 426503 428424 429818 432256 433190 433875 435205 437290 440590 448666 450783 451328 452506 456254 460292 463720 466864 472771 473585 474843 475821 478182 478889 479627 482293 483896 485144 486197 489148 490138 491241 493860 495728 497365 501354 503778 504489 508275 509886 511175 512764 513485 514897 516116 518566 520676 524062 525107 527254 530074 532035 533149 535302 538967 544700 547774 548929 550636 552341 556187 557425 558958 560302 561314 563118 566192 568497 570611 572092 573406 578072 578743 579793 581813 584337 588756 592076 594613 595936 597285 600461 602194 605354 607113 608971 610770 611850 613477 614410 617804 619343 620789 622335 623749 625902 627226 631815 634906 636887 640068 642150 644159 645851 647810 648680 650476 657486 659788 661119 663908 665274 668090 670668 673017 673679 675450 676952 678734 679618 681674 684388 687527 689805 691302 692204 693651 695548 698542 701756 704308 707351 708719 710988 711994 713768 714592 715535 717135 719678 721562 722513 724175 725054 728420 730466 731974 733209 735099 735692 736889 737943 742596 744831 746295 751359 752735 757271 761974 762804 763798 771806 773437 774800 776301 777872 779436 780917 782324 784077 785219 787359 789212 790968 792336 794046 795956 797037 798526 801013 802251 805744 806705 807806 808815 810175 812233 816524 817506 819543 820554 823365 824785 828194 831205 832456 833151 835028 837194 838726 840483 846076 848505 849504 853432 855273 858548 860896 861968 864839 866779 868956 872512 874871 875678 877539 880095 882668 888688 892938 894401 898403 899379 901759 903208 907373 908764 910819 913396 915009 916459 917895 920961 921790 922983 923891 925869 927240 928071 930179 931240 932229 938489 940150 941116 943106 945552 948178 949837 950760 952101 954394 956155 958008 959673 961062 962376 963458 964431 966402 967025 970869 971652 973441 974456 975385 976850 978838 979685 983803 985676 987655 989169 990764 991549 992914 995420 996620 998753 1000233 1001558 1003209 1004434 1005390 1006339 1010471 1012025 1013073 1014375 1015385 1017706 1018864 1022238 1026713 1029470 1031655 1033309 1035640 1037259 1038488 1039885 1041402 1042839 1045297 1046185 1047846 1049329 1058084 1059677 1062526 1065166 1070085 1070916 1072488 1073431 1074244 1075807 1082208 1083834 1084704 1085508 1089241 1090344 1091581 1092671 1093590 1095286 1096440 1098337 1099414 1100035 1101351 1102360 1103462 1104510 1107160 1109695 1111688 1113921 1115327 1116273 1119150 1121750 1122777 1124240 1127108 1131274 1134941 1137878 1139970 1142066 1145175 1146541 1147142 1150538 1153620 1155039 1156286 1160848 1162817 1164052 1166005 1166732 1170945 1174408 1175430 1177599 1178934 1182275 1185735 1186942 1187980 1189709 1192057 1195222 1196036 1198716 1200238 1201367 1203188 1206802 1208369 1209740 1210932 1212741 1214507 1216476 1218251 1219554 1220063 1223674 1224428 1225108 1226967 1228325 1231876 1233171 1235080 1235894 1241125 1245853 1251891 1253030 1256400 1259173 1259933 1260891 1263593 1264519 1266712 1269290 1271497 1273683 1275750 1282525 1283838 1285898 1289762 1292201 1295590 1297634 1299802 1302332 1303898 1305620 1307008 1309339 1310454 1311150 1312790 1314201 1315232 1320503 1322248 1323114 1324001 1329295 1330786 1331527 1333987 1335385 1340692 1342882 1344967 1347321 1348128 1349798 1352865 1355390 1356643 1358521 1360059 1362077 1363215 1364966 1365633 1368183 1369890 1370970 1373851 1374538 1379397 1385150 1387704 1390226 1391390 1392329 1394377 1396826 1399363 1401435 1405079 1409379 1411517 1413055 1415034 1417171 1418090 1420329 1421459 1425437 1426708 1428570 1431172 1433188 1434103 1434954 1435722 1437313 1440183 1441678 1443194 1444797 1445905 1446830 1449113 1450717 1451859 1453877 1455233 1456879 1458718 1462107 1463687 1466502 1468575 1469890 1470870 1471911 1473713 1476889 1479975 1481331 1484322 1484987 1489634 1490811 1491578 1493296 1494171 1496257 1496894 1498849 1502409 1503323 1505466 1509855 1512783 1513817 1519217 1520349 1522635 1523591 1525367 1529188 1530777 1532189 1534420 1536668 1538363 1540249 1542309 1547125 1549065 1550451 1554171 1555258 1556053 1562713 1567813 1569037 1572112 1574331 1577091 1579400 1580634 1582563 1584278 1584961 1588928 1591239 1592552 1593858 1594771 1596388 1597678 1599359 1600588 1603111 1604391 1605284 1606328 1607776 1608601 1609791 1613374 1614214 1616041 1617778 1619844 1621355 1622918 1624241 1626699 1628044 1628764 1630715 1632047 1633522 1636232 1637473 1638496 1639615 1641109 1642534 1645903 1649084 1650603 1651432 1652403 1658594 1663488 1665453 1666803 1671562 1673946 1676005 1677514 1679281 1680144 1681473 1682419 1684081 1686229 1687271 1690029 1691252 1692705 1696300 1699352 1700776 1703132 1704397 1709321 1710786 1712833 1714009 1716301 1717161 1719573 1721599 1724751 1726572 1727466 1730193 1732984 1734603 1738470 1740690 1742169 1744723 1746802 1748831 1752801 1754074 1755064 1756628 1757406 1758738 1762121 1765658 1768666 1770579 1772971 1775956 1780329 1781856 1784402 1789254 1790630 1791652 1794098 1795409 1803035 1807679 1810504 1812935 1817094 1818859 1820592 1821604 1825201 1826109 1828847 1833527 1834925 1835696 1837290 1839110 1840649 1844178 1844834 1848017 1849310 1850535 1851984 1855370 1856090 1857484 1858495 1859449 1863098 1864428 1865328 1871091 1873775 1875841 1877466 1880893 1882696 1884191 1885309 1886218 1887761 1889031 1890734 1892267 1894535 1895915 1897182 1898145 1900552 1902274 1903235 1904272 1905542 1909649 1910925 1914164 1919919 1922293 1923288 1925990 1927372 1931026 1931822 1933238 1934809 1938800 1939635 1940754 1944570 1951711 1954111 1956718 1959739 1962213 1963613 1966721 1970236 1971068 1972301 1973300 1975098 1978745 1980759 1981567 1984092 1985421 1988917 1991352 1993452 1994189 1996422 1997705 1998682 
</Matrix>
<Matrix name="Neuron_134" type="complete" rows="1" columns="986" multiplier="1.0">
   3335 5589 7574 9493 10349 11206 12811 14800 16183 18428 19455 21229 24942 26701 28006 29178 32780 35903 37894 40563 41560 42649 44225 45160 47206 47955 49880 53118 55551 57684 59681 60960 61864 63003 65634 67337 68124 70788 71320 76099 78687 80684 83136 83798 84716 87330 92026 93492 94359 95805 99295 103918 107177 108590 109780 113313 115758 117029 119284 121597 122572 123534 125215 128075 131975 132657 134034 135603 137317 140453 143192 144204 145427 148249 149903 152358 153564 155290 156086 157518 158569 160436 160983 162644 164734 165801 167914 169194 170249 172628 174242 175155 177686 179052 185274 186732 188277 190862 193802 194685 195476 196402 197833 198388 200012 202015 203032 205452 206812 209220 210733 212001 213346 216441 217371 219373 221210 224629 225556 226472 229285 230833 231574 234747 237505 240971 242361 243190 245968 246945 248099 249923 251556 254260 257879 260258 262717 264247 265193 267100 270270 272516 274517 279212 281277 283388 288527 290456 292584 293409 295456 301317 302534 305087 308844 310628 313511 314500 316571 318267 321294 323885 324805 328795 330766 333341 335958 338494 341020 343199 344941 345793 347409 348487 350078 352390 353431 354952 356752 358299 359943 361565 362594 363921 365696 367627 369503 373222 374667 375456 376698 378175 383147 386843 387799 389427 391226 392041 394605 398948 400075 402637 406271 408803 410115 412122 414153 416538 417440 418593 421156 422159 422853 424406 425654 426876 428136 430476 431631 434094 435351 436043 437141 438296 440150 441728 443209 445199 447318 449149 452047 454080 455105 456468 458272 461513 462039 464253 467243 467996 469274 472805 474861 476594 477508 478727 480349 484598 486668 489028 490499 493674 494834 496084 496762 498411 501117 502173 502875 505093 506427 508751 516515 517780 519278 521018 523008 526553 529381 531576 534865 535540 537480 540000 541198 542752 544154 545561 546203 547148 551182 551823 552446 554847 558889 561138 563619 564476 567413 568697 571300 572105 573810 575175 578123 581021 585306 589202 591627 596111 597470 599973 603018 604962 607938 609505 611725 612879 614005 614951 620789 624270 625915 630790 634036 637176 640611 642412 643624 645926 648670 651601 652481 653320 655867 657826 659615 660517 661797 665921 667211 668762 670307 673815 675228 676650 677711 679579 682628 686042 687557 688757 690398 691604 693446 698720 699899 701041 702436 703384 704675 706297 707733 708626 710578 711388 715507 718447 723322 724160 726292 728149 730050 731375 732015 733101 736301 737188 738821 739581 740667 744803 746741 748100 749928 756865 758548 759341 760091 763545 765790 767297 769808 773346 776068 777439 778999 780300 784793 785812 787935 790519 791278 792833 794775 795634 797834 800681 802772 804407 805671 806946 811322 812637 815160 816632 817780 819271 821531 825971 827564 828768 829604 831053 835152 837511 839575 840924 843559 844998 848505 852698 853453 855461 857576 859457 861068 863646 869417 873614 874609 875776 876507 877470 878668 880389 885482 888446 889916 891244 893977 894809 895600 896743 903617 905346 906762 913548 916093 917677 920009 921213 922331 923265 925500 926738 930250 931852 933254 934518 936221 937828 938463 942502 945403 947698 948984 951237 952308 953351 954456 955515 958164 960680 964737 970053 972712 973986 975447 976538 978269 979538 980918 982220 983790 985404 986675 989248 991192 991910 994045 995673 996600 997866 998726 999629 1002252 1004363 1006040 1007613 1009836 1011783 1013800 1015811 1016767 1019684 1020896 1024324 1025508 1027510 1029592 1030839 1032905 1033805 1038179 1039140 1040431 1043803 1044683 1046758 1048041 1049228 1049991 1051867 1052489 1054203 1055313 1057093 1060183 1061314 1063939 1066789 1068566 1072052 1073334 1075362 1077271 1078355 1081292 1082119 1083377 1089586 1092037 1093845 1094888 1095877 1098575 1101295 1102339 1104236 1107227 1108395 1110084 1112124 1115096 1116811 1117898 1118598 1120765 1122096 1124547 1125192 1127203 1129410 1130726 1131405 1133422 1134255 1135672 1137264 1139653 1141009 1143471 1146818 1148976 1150705 1151609 1153813 1155282 1159767 1161449 1163582 1166051 1167061 1169589 1171714 1173153 1176883 1180064 1181193 1185442 1186430 1188107 1189516 1191791 1195532 1197038 1198963 1199614 1200390 1203798 1206228 1208186 1210066 1211627 1214383 1215249 1216727 1218179 1220375 1221455 1222103 1223580 1225776 1226629 1228160 1229547 1230821 1232530 1233388 1235679 1236474 1238254 1239135 1240861 1242197 1245519 1250269 1252896 1253628 1254814 1256444 1258083 1258830 1261474 1263826 1265307 1267298 1267710 1269340 1270500 1274369 1276674 1279750 1282623 1283820 1286113 1288515 1291045 1292651 1294151 1297050 1299496 1300794 1302918 1304433 1306674 1307374 1308698 1312158 1315636 1316889 1319567 1321081 1322700 1323822 1326219 1327291 1329209 1331140 1332781 1334144 1335299 1336786 1339908 1342757 1343852 1347243 1348739 1351733 1354639 1362193 1365366 1370245 1372459 1373952 1375443 1376547 1377285 1379949 1381430 1382578 1384213 1387487 1390734 1392019 1392788 1394633 1395476 1396353 1398914 1399965 1401477 1402224 1403370 1407186 1409724 1411817 1413774 1415509 1416407 1417733 1418656 1419527 1421582 1424235 1425803 1427435 1431333 1436259 1438812 1440497 1441460 1443247 1444701 1448756 1453989 1455837 1457400 1460238 1463435 1465993 1466689 1468189 1469305 1472316 1473991 1475061 1477733 1480572 1481751 1484473 1486335 1487066 1488684 1489853 1494828 1495694 1497797 1498784 1504467 1505381 1506874 1510779 1511850 1514632 1517152 1519108 1520202 1523781 1524923 1526904 1528901 1529960 1531550 1533946 1535774 1540632 1541685 1542820 1544355 1547208 1549990 1554266 1557587 1558714 1562314 1566908 1568990 1570493 1572678 1575642 1576545 1577161 1578068 1579528 1582698 1585123 1586806 1587703 1588586 1591323 1592839 1596479 1600581 1602787 1604456 1607966 1609602 1610825 1612411 1613416 1617130 1618873 1621059 1623860 1625327 1626306 1629229 1632375 1634317 1635469 1636304 1638248 1640056 1641719 1643367 1644957 1646082 1647909 1649280 1650578 1652087 1653941 1655890 1657272 1657907 1658463 1660653 1662590 1664817 1665996 1668311 1669933 1671040 1675946 1677013 1678178 1679566 1681913 1684335 1685651 1688908 1691837 1694080 1695675 1698326 1701368 1705985 1708123 1709795 1713396 1714199 1715796 1717468 1720159 1721061 1722802 1725141 1726774 1728139 1729185 1729932 1730824 1731898 1733768 1735282 1736767 1737706 1741005 1741604 1742699 1744856 1746279 1747048 1747800 1749259 1752699 1755748 1758168 1759604 1760297 1762069 1763616 1764842 1765933 1767072 1767965 1770690 1771738 1773313 1774728 1776485 1777756 1778879 1781475 1783332 1787157 1787902 1789830 1790521 1795544 1796842 1798633 1802601 1805605 1808349 1811985 1814657 1817060 1818005 1820676 1822380 1823777 1824893 1825546 1827428 1828892 1831357 1833284 1836727 1838295 1839147 1844759 1850177 1852908 1853528 1855086 1857222 1859554 1862059 1863508 1866708 1868190 1869885 1873174 1877200 1878038 1880009 1881198 1885850 1886644 1887509 1888248 1890275 1891496 1896179 1897589 1902812 1903750 1906369 1912457 1917079 1918511 1922240 1923045 1924750 1934928 1935737 1937288 1938637 1940183 1942136 1944023 1944781 1945596 1947361 1954328 1956901 1958131 1960339 1964870 1966714 1969939 1971652 1973108 1974941 1977380 1978814 1980670 1981970 1987040 1989101 1990540 1993013 1994800 
</Matrix>
<Matrix name="Neuron_141" type="complete" rows="1" columns="415" multiplier="1.0">
   1776 3482 8230 13355 23293 29165 31875 35027 41148 43603 53329 55553 56664 58121 68415 73513 83954 85737 88662 101737 107850 111549 112632 122422 129736 133995 144187 147391 153418 157857 164509 167052 174149 181770 184500 189751 196833 199978 206673 213979 219302 220387 224409 228118 230352 237354 238424 239985 256758 258296 261033 267020 272196 284767 288282 291556 296502 306107 310917 314154 317395 320053 325832 328125 338869 347288 365831 374985 375896 377065 381663 383416 385612 390003 391819 399209 402069 403360 404170 416508 418537 434162 440813 442725 443933 445436 450275 452082 456767 459246 461014 466645 468357 469867 471619 475847 477559 486159 488554 489734 497926 503103 512858 521354 525906 532802 534681 536080 540429 542767 544420 550268 553657 554995 557574 558924 561362 565391 567014 569671 576671 581601 584903 587861 603413 605401 606646 617778 623335 625545 626892 638330 641591 646837 648445 650033 654925 656819 657777 660242 662444 667549 669201 672396 674791 677220 681479 682833 688642 700748 702211 705873 712248 713496 721434 739442 741474 746364 747548 748431 751136 753434 757291 762687 764506 766528 773694 775412 776105 781514 791787 799061 801277 810082 812750 821582 822373 823450 831059 837362 851037 862381 865413 868918 872519 875140 876860 881156 891772 897237 901300 904694 917077 921479 925012 940284 949304 950980 952029 953181 955963 960140 982251 983649 987741 992801 998079 999045 1000028 1002083 1005995 1013683 1018860 1028971 1038492 1043925 1047054 1048392 1049978 1054719 1057398 1059724 1063285 1070639 1082473 1091066 1098768 1100130 1102113 1104548 1111341 1119467 1122527 1128863 1130298 1134149 1144584 1146079 1154019 1168426 1174624 1177255 1182697 1185788 1190328 1221605 1226792 1234187 1238950 1243348 1259276 1260367 1264211 1267278 1268733 1279212 1281130 1284628 1287802 1293552 1295293 1307033 1309177 1314760 1322786 1324276 1331985 1333908 1338958 1350189 1354103 1356508 1358005 1364544 1366219 1369479 1370902 1376667 1379059 1385495 1388130 1389236 1396344 1402920 1413873 1418037 1421096 1425555 1429552 1434384 1438044 1447158 1449501 1452019 1460730 1462270 1469841 1473582 1476192 1484735 1487358 1490088 1492502 1496860 1504718 1513755 1516007 1520834 1525894 1528411 1532474 1536363 1541429 1548191 1552802 1561213 1566508 1581224 1583256 1585757 1592527 1593761 1601274 1603003 1607257 1614247 1614906 1616320 1619453 1621362 1623500 1627292 1628480 1630728 1637528 1641851 1642732 1653503 1660444 1662883 1667048 1668024 1677235 1678839 1683024 1691547 1692708 1693922 1695335 1697923 1699594 1706586 1708562 1716761 1719768 1729903 1733733 1737414 1739928 1757252 1775376 1778064 1780619 1783586 1785161 1791895 1802859 1803612 1804475 1806036 1811298 1820703 1822334 1833965 1841127 1843483 1844177 1846304 1847510 1852787 1860434 1868213 1868993 1871566 1873257 1874704 1875733 1877135 1880958 1886240 1888855 1899751 1907684 1909131 1912791 1915713 1919353 1923446 1926171 1927987 1931947 1938924 1940510 1941961 1946517 1952593 1953858 1955708 1957249 1958336 1962725 1981891 1991033 1992448 1996906 
</Matrix>
<Matrix name="Neuron_144" type="complete" rows="1" columns="123" multiplier="1.0">
   1451 88766 94011 103345 108489 116778 138262 151203 164443 182355 191912 211130 227854 244556 249668 286869 306364 317029 357634 386342 412010 433960 436017 447224 477015 480308 493995 497808 523853 528243 545696 552347 553518 578550 610674 622348 637775 647979 667551 692135 722584 724879 748141 767964 773213 787149 799004 817555 835216 848309 854263 874517 922215 927154 934559 951008 964972 1000655 1008747 1028746 1054038 1057698 1069415 1076938 1080836 1091845 1119331 1126981 1128014 1134510 1138061 1175070 1205253 1211332 1221983 1229894 1263159 1277099 1295415 1310990 1313413 1322220 1326584 1334245 1361424 1376943 1382332 1397725 1404422 1462864 1470276 1489627 1496469 1503173 1532320 1536783 1541433 1554539 1564608 1570149 1572826 1617906 1623692 1662061 1664284 1686955 1692617 1700162 1732508 1763202 1777316 1841972 1855039 1905387 1909745 1922163 1931077 1949985 1955191 1957893 1964615 1968442 1996890 
</Matrix>
<Matrix name="Neuron_187" type="complete" rows="1" columns="91" multiplier="1.0">
   37472 57740 75961 81801 84526 154680 172689 185606 213856 226268 233391 241452 251489 282662 299790 322934 377971 381545 386362 396950 399514 455382 495791 517074 523537 525866 533367 663686 693759 764157 772759 785955 800168 834087 836311 847470 853510 854892 876452 885050 887100 890879 942366 986976 1023838 1025860 1037487 1047626 1062108 1080562 1088606 1102820 1112819 1127966 1137978 1166732 1198839 1202284 1205121 1235797 1257672 1303692 1327937 1332676 1341297 1347195 1373560 1388420 1396153 1425010 1446790 1489830 1540704 1562895 1569738 1663471 1670366 1679155 1718715 1738802 1757019 1767109 1795421 1800207 1801983 1808196 1818190 1823635 1840500 1869664 1991593 
</Matrix>
<Matrix name="Neuron_197" type="complete" rows="1" columns="454" multiplier="1.0">
   5802 8516 11291 16098 17176 20472 22688 23538 25906 28636 32489 41896 53511 59022 61868 64354 72824 77194 84300 86319 91772 92737 95368 101796 103005 111980 117920 118936 121820 123964 124750 129894 131033 132569 135057 141351 144077 146999 153646 155167 161147 163528 164532 170944 174571 178611 182641 184199 188593 189465 196457 201129 203664 216004 219590 224242 230210 231959 232960 236944 239326 244455 248921 252229 259713 267919 272173 273272 276701 278373 282453 285203 294356 296015 299331 303958 305244 309246 329717 330835 333790 342406 353126 357475 361230 367188 377561 378928 379982 386962 396505 400309 406667 409465 411758 412644 414260 415551 420747 425587 429685 438474 440946 443428 446379 454422 456277 469795 472173 475466 480277 481943 482951 488979 490776 501347 510022 514063 515768 522887 524054 525426 527655 528608 529820 533723 537894 541155 543471 546765 557470 560129 561840 574155 575383 578344 579605 581461 599249 601259 608317 612117 614925 623530 625492 627224 634540 643724 646008 653219 654072 656117 668304 670711 674428 678804 680926 684142 685237 687934 695388 697794 700895 702911 707002 709126 713980 721345 734882 739875 741448 743399 744864 749838 752356 754190 757955 761271 762323 763978 768105 772104 774560 778356 780371 783393 793700 796777 799341 804859 808860 811364 813474 818511 821723 823353 829854 831370 833953 835097 839103 840352 855459 861648 866127 867451 870357 872048 873729 876184 877483 884184 886510 887271 888957 894529 899834 903053 914673 924602 929556 936302 943243 946878 954845 957432 958660 971437 984475 987399 989022 993814 997958 1007887 1014054 1018966 1024811 1034932 1037354 1045768 1058645 1062409 1067306 1078961 1082911 1098773 1101830 1103067 1110537 1112901 1118240 1122006 1122912 1126474 1129429 1131647 1148133 1152426 1160176 1165736 1166896 1174113 1177823 1179400 1181255 1187086 1189050 1191744 1195741 1196791 1200173 1202698 1205606 1207410 1211373 1212531 1220963 1225999 1228520 1231086 1237287 1241169 1242188 1252440 1253747 1256140 1258465 1269202 1274934 1277126 1279759 1282289 1284479 1286976 1290566 1296739 1298110 1306917 1308460 1315819 1319935 1322468 1328448 1336436 1337836 1342906 1344463 1356569 1363257 1365780 1374352 1385253 1388288 1390210 1399017 1401752 1404108 1409206 1415512 1422528 1424206 1427399 1435204 1436609 1440908 1447788 1451462 1453566 1455327 1462620 1463931 1467435 1469367 1475715 1481759 1483106 1484730 1487246 1487999 1495824 1497338 1499556 1501672 1502968 1509733 1521913 1523954 1525694 1529193 1531326 1534524 1538472 1542955 1544411 1550205 1551824 1556232 1567213 1569645 1576142 1579034 1580552 1587312 1596946 1600534 1603030 1604439 1607200 1609623 1611444 1612876 1617094 1622751 1626744 1628813 1633361 1635065 1637017 1641715 1644730 1647799 1651790 1653317 1654929 1658855 1661877 1664020 1671868 1673213 1674655 1681775 1685359 1686728 1688845 1690606 1697100 1704342 1711384 1717203 1721643 1728556 1739173 1741268 1743191 1749963 1757369 1759675 1770984 1774300 1777456 1780164 1781368 1785147 1791901 1793669 1798960 1800679 1801680 1807518 1814216 1817355 1828522 1834670 1836498 1841195 1849074 1851059 1853964 1856973 1860493 1868308 1871243 1881163 1883014 1888168 1890822 1897046 1904750 1907996 1917066 1921407 1933864 1936343 1951145 1952859 1955901 1957857 1958872 1963586 1965795 1973301 1989991 1992728 1996197 
</Matrix>
<Matrix name="Neuron_207" type="complete" rows="1" columns="566" multiplier="1.0">
   2499 7183 17011 19325 20396 24534 26599 27916 31080 35681 41799 51695 54074 58795 75806 78019 79866 80661 82274 87911 89881 90881 91989 102219 103950 107141 108182 111844 112603 114555 115897 118986 121719 126758 129196 149134 152745 157702 158699 162212 166168 168312 181611 184470 196654 198523 202343 204409 209195 214804 217006 219531 222115 224356 236343 237191 243221 245055 252083 261164 263449 264846 267258 267985 269358 270460 273893 281235 284456 285525 287750 290103 293577 297980 299200 314037 317814 323487 328589 337256 339070 347886 353272 356192 358995 371353 374329 375597 376573 382098 385125 385938 392517 398857 406584 408635 414508 417311 419211 420117 421149 423633 424949 430722 431540 432895 439310 442950 444717 445865 447605 449567 451341 460592 462723 464726 468519 469592 471299 473732 477020 481723 485928 487134 488261 491187 495118 496179 500402 506776 508172 509517 518574 520620 524068 529863 531432 532933 538132 545157 553721 556873 557986 560386 564131 568214 570854 571805 575518 578419 580230 582787 584250 588175 590615 595664 599007 600182 601198 602603 613902 620791 624926 630437 633742 635509 642630 643682 645235 647876 650551 658189 660987 668154 669143 671072 675635 677733 683519 690143 694177 698613 706690 712376 713777 715327 717061 720761 729741 731550 735021 736249 738122 743643 746045 748559 749392 752003 753052 754691 756874 759017 759965 761116 763064 764258 767445 770055 781184 787765 788985 791340 797145 799332 800944 801621 804339 805869 807310 810739 814922 816444 821363 825512 826636 828904 829798 831539 845344 846112 849456 851108 854500 856941 858491 859902 861689 870335 873139 875988 878306 879588 881799 886099 889849 891811 892935 894951 896126 900107 902831 904148 906205 907429 909290 911974 912997 915873 919284 923933 926586 929612 930666 936291 937855 939025 941057 945399 957993 959143 964252 976160 978502 982706 983779 984986 990437 991672 997343 998074 1000803 1004922 1016880 1018676 1020491 1025763 1028486 1030186 1033360 1037671 1042457 1044519 1046016 1049002 1050788 1054312 1059402 1064134 1067546 1068546 1074576 1076147 1079406 1085994 1092994 1094087 1096108 1102358 1103570 1105205 1109804 1120902 1124086 1128965 1130320 1133929 1137286 1138793 1140599 1142443 1144734 1148964 1156927 1157831 1159321 1160472 1162669 1166919 1172761 1175829 1180994 1189059 1189914 1192944 1197326 1198840 1201781 1203683 1207069 1211658 1214327 1217917 1220005 1221872 1230010 1231946 1236689 1238678 1251730 1254219 1255437 1257265 1263234 1268577 1274267 1275524 1276897 1289479 1290536 1291794 1293354 1298416 1299765 1301062 1304092 1310175 1313365 1315463 1316226 1316969 1317940 1324528 1325706 1326570 1332224 1333946 1353692 1357383 1360908 1363631 1364253 1368176 1372948 1375494 1376812 1385370 1388788 1393145 1401743 1404377 1405992 1408215 1411981 1418340 1419885 1426561 1429255 1433966 1443934 1453107 1454703 1455768 1460064 1464967 1471329 1473978 1482336 1483283 1484345 1489256 1492008 1494469 1500805 1503850 1505499 1517372 1519982 1521852 1524345 1527816 1529825 1531518 1536090 1538664 1540743 1544223 1549478 1551848 1553018 1553883 1559400 1563818 1567270 1569821 1572085 1584825 1596067 1599097 1603750 1609536 1610630 1612756 1617019 1621476 1623800 1627096 1629740 1631618 1633351 1637966 1641888 1642523 1643847 1646251 1651980 1656348 1659251 1663318 1665713 1669659 1672768 1684310 1685958 1687054 1688316 1700753 1703585 1708057 1709445 1712122 1715770 1718974 1723179 1724938 1733221 1734665 1736066 1738042 1740201 1742341 1745412 1746473 1747480 1749803 1751951 1753662 1755690 1763784 1765126 1766519 1770910 1772000 1773374 1782890 1786969 1789285 1790558 1792024 1795361 1796717 1797657 1799661 1803302 1808691 1814740 1820846 1823056 1827877 1829416 1831357 1836891 1840163 1842230 1843172 1846357 1847212 1848300 1850768 1851980 1852973 1855528 1857444 1864856 1869062 1870251 1871016 1873262 1885438 1887664 1889473 1890178 1893369 1894640 1904075 1914202 1916314 1917705 1919189 1920676 1923325 1926235 1929169 1935273 1940563 1942273 1944302 1946136 1948190 1948867 1950400 1955206 1956128 1958074 1961352 1965364 1970614 1972682 1974622 1975497 1980227 1981300 1983430 1987030 1990680 1996259 1999110 
</Matrix>
<Matrix name="Neuron_211" type="complete" rows="1" columns="1084" multiplier="1.0">
   2538 5135 9601 10669 12220 14500 15520 16830 18744 20864 21521 22420 24517 26439 27686 28670 29903 30843 32871 37184 39298 40097 41156 43584 44577 46569 49702 53196 55723 56282 58419 61539 64132 66632 67290 70727 71514 72817 74246 76167 77181 78303 79378 81720 82351 85943 88133 89716 94482 95349 97607 99144 99905 101109 102204 105391 106285 108930 112135 114301 115110 118190 119814 120954 122385 124760 127321 130390 132378 133148 134474 135976 137486 141000 142272 143676 144537 146420 147487 151089 153954 155852 160026 163654 164349 167144 169832 170584 172252 174062 175599 176748 177496 179638 183162 184467 186471 189200 189958 191099 192990 194431 195267 198280 199257 200358 201685 203297 206864 208101 209693 210531 214874 217576 219489 221195 223402 224442 225399 226406 227422 229556 230352 233174 235017 236211 237912 239459 240711 241596 242228 244332 245289 246225 248259 249423 250557 259382 260707 262543 266516 267720 270620 271636 274342 275149 276583 277461 279592 284688 288357 290188 291711 293359 296485 298414 300235 302820 303982 305461 308352 310141 311369 312550 314048 315681 317224 321455 324405 325415 326224 327990 331091 334025 336050 336948 337754 338940 340508 341550 342187 343698 345022 348898 350056 351311 354229 355172 356131 361324 366237 367917 369116 370223 370966 371671 373504 375040 376082 377574 381494 384390 385280 387106 388190 390912 392321 393923 395689 397587 399217 404448 407355 410678 412201 415564 416239 417373 418561 419261 420214 421535 423627 425066 428063 429424 431070 433516 436008 437729 438388 441407 443832 445300 447336 448137 448949 451097 452304 454293 456925 458196 459632 461507 462342 464291 465598 469315 471241 472663 473537 475904 477906 479644 481230 481994 484014 484967 486015 488415 489348 492372 493874 497995 499331 499979 502059 503186 505125 507019 509622 511371 512616 516534 517439 518449 521128 523680 524785 526261 527555 528535 530164 533026 534942 536124 537128 539782 541253 542969 546320 547832 548947 549825 550715 552247 553673 555269 556247 558088 560171 561020 562796 563494 564545 565450 566466 568821 569365 574282 575983 577298 579229 582036 583412 585232 586316 590299 591539 594309 594906 596103 600488 603672 604671 608141 611038 615063 618023 619295 620156 621080 622024 623363 624576 625537 626167 627708 629772 630812 632138 632980 635342 637808 639392 640501 642611 644770 645801 647369 648659 652415 653647 655052 657716 658911 659770 662609 665205 666959 667623 670830 672396 673511 674545 676222 678243 679043 680141 680788 681914 683425 685024 686663 688225 689474 692327 693452 694949 696366 699802 702021 703385 704277 706076 707518 708587 710874 711797 713528 715391 716523 717177 718470 719726 720638 721805 723334 725422 726117 728475 729295 730146 731474 732631 733790 734636 736277 737545 742579 743566 745634 746859 747503 750268 751815 754155 757837 758729 759476 762232 766828 768067 769326 771761 773476 775703 776971 778498 780360 785140 787576 789205 790957 792443 793636 794648 795248 796466 797821 800297 801391 802214 806214 807925 809032 811644 812723 813525 814850 817311 818286 818945 824232 829958 832437 834246 835273 837446 842210 843881 845647 847955 852003 854171 855416 856618 859911 861340 862912 864615 865270 867219 868362 870138 871641 873253 875138 876849 877833 880478 882565 884811 886275 887071 887979 891055 891870 893208 894030 894651 900278 902817 905009 905901 906609 908862 910605 911672 913399 915607 917730 919146 921147 921944 924459 925442 928569 930003 931923 932591 933502 936242 938413 940061 941558 943650 945576 948934 951609 954683 956614 957633 958897 960225 962024 963128 964298 965774 970520 971466 972752 973764 974425 975185 976974 978362 980887 981908 983270 983841 985043 988824 990649 991800 992859 993570 994625 997530 998966 1001256 1007836 1010425 1010949 1011867 1012575 1015924 1016641 1019017 1020044 1021672 1022889 1024604 1026308 1030122 1031401 1034191 1035144 1036135 1038008 1039739 1041434 1045104 1047520 1049518 1051048 1051889 1053794 1055072 1056008 1058469 1060747 1066487 1067840 1068839 1069911 1072351 1074018 1075089 1076285 1079824 1080598 1082171 1083070 1083776 1086833 1089820 1093540 1094579 1098117 1099847 1100409 1101437 1102954 1105604 1106696 1107368 1109144 1110645 1111243 1112588 1114300 1115086 1116199 1117825 1118811 1119817 1120664 1121613 1122829 1125235 1127967 1129061 1131437 1133285 1135562 1136567 1138314 1140436 1141099 1144677 1147038 1149457 1151757 1153486 1157485 1161133 1162398 1164573 1167624 1169507 1172433 1173163 1174308 1176739 1178808 1180500 1183566 1184607 1186159 1187262 1188527 1189846 1196974 1199693 1201241 1202797 1205025 1205856 1211111 1212887 1214055 1215340 1217386 1219142 1220319 1221354 1225087 1226305 1228693 1229759 1231829 1232810 1233831 1236455 1237479 1238702 1240596 1241296 1243542 1245104 1246025 1246816 1247726 1250279 1252126 1256660 1258439 1260011 1261172 1262117 1263965 1265040 1267446 1269820 1270787 1271957 1274555 1278804 1282822 1286608 1289628 1292309 1301369 1302175 1304678 1305478 1306776 1308569 1309535 1311609 1312885 1313576 1316526 1318259 1319204 1320971 1322133 1323760 1324880 1325653 1327547 1329758 1330971 1333122 1335524 1338000 1340751 1341319 1343223 1344092 1345789 1347319 1348340 1348900 1350201 1351118 1353184 1354559 1356218 1357890 1359093 1360698 1361672 1362519 1363978 1364649 1365360 1366653 1368090 1368825 1371223 1372563 1373567 1376759 1379691 1386634 1388758 1391217 1392081 1393486 1394471 1395718 1396869 1399112 1400895 1402352 1403462 1404724 1408418 1409663 1411277 1413660 1414530 1415707 1417937 1419025 1420445 1422649 1426565 1427602 1428314 1429544 1432006 1433628 1434285 1439170 1440001 1440877 1441472 1442384 1443341 1445936 1447446 1449397 1454450 1456298 1457936 1458621 1459534 1461159 1465679 1466717 1467706 1472362 1473360 1477924 1480423 1481659 1482904 1487116 1488639 1490794 1492750 1496048 1498682 1501095 1502834 1504169 1505665 1508360 1509360 1510911 1511986 1513878 1515610 1517692 1518893 1520896 1522708 1523583 1525096 1525965 1527760 1528711 1531367 1534142 1534836 1535716 1537909 1539065 1541324 1542280 1543266 1544570 1545374 1546350 1547426 1548828 1550240 1552581 1554627 1559541 1560480 1561946 1563579 1565071 1566337 1568076 1569573 1571282 1572725 1573555 1575619 1577352 1578703 1581020 1582235 1583037 1585996 1591425 1593243 1595781 1597073 1599225 1601096 1605126 1608385 1612042 1612645 1613793 1617692 1619510 1621249 1624671 1626243 1627454 1632008 1633245 1636809 1639443 1640103 1641750 1642864 1647549 1649696 1652124 1653859 1655701 1656791 1657988 1658984 1661780 1663576 1664519 1666694 1668458 1669428 1670141 1672003 1676192 1679631 1681768 1684073 1685586 1686961 1689424 1690162 1692922 1694404 1695807 1698753 1699951 1701378 1703350 1704729 1706271 1706969 1707785 1708779 1712563 1714468 1717511 1719773 1721778 1723844 1724509 1725852 1727458 1730277 1731159 1732187 1733981 1735519 1736334 1738043 1739773 1741040 1741734 1742791 1744281 1747075 1748311 1749478 1751428 1752183 1754656 1758275 1761289 1762904 1765270 1766857 1771999 1776784 1782821 1784209 1785147 1786133 1786979 1787795 1788921 1790193 1791930 1794021 1795187 1796924 1798110 1799489 1802063 1805438 1806473 1807866 1808731 1811860 1812720 1814006 1815155 1817528 1819747 1820701 1821516 1822688 1825857 1828242 1833972 1835505 1840575 1841709 1844321 1845891 1846475 1849838 1851155 1852883 1853916 1855535 1857903 1861761 1862683 1864119 1864882 1867467 1868752 1873059 1874735 1876094 1877492 1879126 1881723 1882623 1883985 1886366 1889924 1894329 1897884 1899195 1900723 1902060 1905995 1906874 1908065 1908866 1910564 1911899 1915764 1916765 1921624 1923719 1924498 1925913 1926706 1928854 1929521 1931188 1932308 1935242 1938981 1942802 1943381 1947467 1948584 1949954 1952544 1953063 1953905 1955648 1956771 1958330 1959473 1960905 1963491 1966472 1967345 1968886 1969315 1972253 1973556 1975577 1977276 1979275 1980096 1981090 1982218 1983903 1986034 1986980 1987936 1988496 1990097 1991788 1992732 1994207 1996272 1998607 
</Matrix>
<Matrix name="Neuron_214" type="complete" rows="1" columns="800" multiplier="1.0">
   2522 5051 12937 14122 15488 18820 20415 22119 24531 25749 28232 29666 34997 36825 40598 45351 46170 47836 51768 53913 56040 59910 62605 64711 68251 69181 70336 73109 73949 78129 82913 85970 87856 92706 94064 98269 99354 103701 105265 106294 107077 110191 114978 120440 122227 125314 126906 129797 132048 134105 135004 136487 139385 141263 142993 144218 145317 146805 148522 149917 152203 153179 157071 160256 161969 163198 164226 165586 166940 168619 170487 174353 178606 180073 180973 182184 185874 190367 191550 192230 194986 196195 198737 201105 209066 215493 216925 218326 221229 223547 224984 229000 233011 234085 236612 239783 243299 244584 246443 248992 253380 254565 255731 256724 260575 262688 264669 268379 269566 271778 272515 273365 276245 278197 286330 287564 289363 290164 291062 293978 299160 301736 304170 313934 316980 317673 320458 321268 323472 324860 326463 327559 334720 335706 338313 340168 346147 348152 349651 350767 354255 357689 358586 360761 362475 363922 366158 370910 371825 373587 377748 379671 381121 383767 386802 388508 389073 391653 392595 395936 396782 401419 402313 403827 405166 406175 409180 410298 411524 415135 419605 420852 424591 425483 428372 429618 432313 434084 436004 439416 440572 444137 448352 454636 456207 460549 462140 465524 466785 469057 470166 471895 474693 475868 477641 480504 481891 483261 485115 486586 488862 492070 497704 499198 505783 507212 510222 511601 513291 516078 517803 519519 520610 524011 524801 526111 528172 529372 531342 532806 535023 536958 540791 541522 542885 546696 549311 550658 554076 555395 561947 563249 570418 571478 574968 576547 579430 582214 584018 587286 588141 590382 596568 601524 603341 604710 605902 606976 609553 611887 617618 619003 623035 627740 636145 637817 639821 645774 647338 648890 651080 653521 654433 655563 658805 661786 663857 666318 675373 676501 681998 684042 686182 689101 690082 691239 694440 697066 698154 700001 702694 705356 707854 709808 712870 714245 716258 717691 719846 721476 722497 724092 724933 728099 728870 730398 731648 733118 734084 738257 739965 741097 743164 745004 748444 751329 753782 755427 758621 760203 762076 762944 763904 765088 766163 768526 771981 775893 779926 780915 784118 785728 787807 792551 794012 794861 796507 798591 800399 802240 807706 808925 811293 814139 822956 824434 828749 829503 830896 835936 837378 841567 843206 846586 850888 852314 856545 860828 861917 864058 869103 874437 875322 876949 879130 880513 882196 884028 885408 886187 889319 890558 891934 895391 899947 901650 905518 907257 911171 913199 916258 917080 922453 924367 929591 934614 936238 938001 938924 939730 943384 945286 950541 952980 953992 955112 957298 957764 965134 969207 975883 991141 992595 996969 998864 1000930 1004236 1005071 1011341 1013733 1015702 1017505 1019734 1023602 1024500 1026077 1028571 1030570 1031330 1037199 1042018 1046044 1049094 1050060 1051643 1055056 1057751 1059831 1061145 1065666 1066627 1067456 1068684 1070470 1074274 1076724 1080157 1081672 1083129 1085512 1088252 1090510 1092086 1093587 1097612 1098889 1109334 1110881 1114026 1116200 1117594 1120539 1124880 1125705 1129923 1133075 1133932 1135195 1136938 1138144 1140787 1141817 1147240 1149193 1150352 1151997 1154375 1159219 1160658 1165950 1166871 1168111 1170658 1171923 1176513 1178778 1180212 1186076 1188728 1192915 1197757 1199512 1201749 1204490 1207149 1210661 1211644 1214288 1216818 1218924 1220619 1224105 1227419 1228417 1229522 1232478 1234199 1236586 1239380 1240416 1244073 1247264 1249349 1251884 1253970 1256517 1257465 1258853 1260527 1264496 1269993 1272247 1275742 1277250 1279131 1285347 1286622 1289324 1291360 1292847 1295521 1297819 1299817 1302249 1302813 1304391 1305482 1307524 1310144 1311248 1316224 1319187 1320730 1325999 1326751 1329723 1331574 1335057 1336952 1338002 1342738 1350015 1351861 1353632 1355707 1358845 1360268 1361333 1363365 1365766 1367100 1369688 1372969 1376824 1378775 1381708 1384383 1391822 1393991 1395715 1398260 1399396 1400528 1404327 1405426 1406734 1409317 1411214 1413161 1415691 1417608 1419428 1420826 1422204 1423633 1425169 1431203 1434901 1436221 1438997 1440286 1443355 1446552 1447770 1451421 1457747 1461168 1463885 1466463 1469227 1470173 1471074 1473565 1474952 1476356 1477883 1482113 1484031 1487407 1489966 1491705 1494341 1496620 1499940 1501761 1504427 1507114 1508406 1511434 1512744 1513871 1514618 1517650 1519407 1521229 1522217 1525772 1527431 1529876 1533157 1537973 1539515 1541804 1544739 1548345 1550202 1551793 1553125 1555102 1564817 1567362 1568601 1571384 1572396 1573750 1579190 1581166 1585105 1586491 1589066 1591765 1592855 1596114 1599958 1600967 1603561 1604604 1612349 1616659 1619740 1622481 1624177 1625545 1626722 1628819 1630883 1631710 1633310 1636759 1637951 1641060 1644152 1645262 1648137 1651521 1654626 1655688 1658749 1660227 1661433 1662064 1663692 1669740 1672309 1673620 1678300 1679984 1681847 1684336 1685175 1687837 1689206 1690345 1691793 1693305 1698598 1705061 1707331 1709422 1710807 1712991 1719127 1721736 1722811 1726022 1728131 1733841 1736690 1738162 1740580 1741770 1743270 1744125 1744981 1748936 1752180 1754474 1756928 1758201 1761990 1764211 1764978 1773780 1774756 1777690 1780978 1782799 1787698 1788674 1791110 1792637 1793453 1797321 1802970 1804950 1805913 1812034 1814067 1821591 1822826 1826326 1827221 1828453 1829126 1830127 1830878 1832438 1835540 1836525 1837462 1838342 1840283 1841432 1844158 1845267 1846062 1853170 1858559 1860182 1865701 1866903 1869983 1872316 1876804 1877609 1879296 1880842 1887187 1889835 1892374 1894239 1895702 1901228 1903223 1906630 1907350 1913213 1914112 1915328 1916749 1920757 1922959 1926930 1928268 1929725 1931125 1932039 1934795 1937232 1938095 1940230 1940882 1942061 1943631 1944543 1948325 1949783 1951988 1953638 1954585 1955204 1959295 1961066 1962842 1965295 1966061 1967132 1969710 1970637 1973709 1976582 1977699 1981710 1983402 1984336 1986478 1989821 1990818 1994578 1996438 
</Matrix>
<Matrix name="Neuron_221" type="complete" rows="1" columns="280" multiplier="1.0">
   2932 6061 14564 17298 30913 33353 35374 37430 42468 62445 63363 64930 69730 71065 76694 78464 82422 85682 87267 88619 91119 95233 105003 106130 109776 126228 139932 149669 160833 169535 171189 179092 181258 184654 187813 191172 196889 210385 213343 223376 227262 233816 235939 244408 245719 269190 270575 275745 281449 293865 297235 309628 314155 324524 326074 328702 339514 346607 352225 353472 358198 365652 371063 385260 389299 390567 391820 415968 418178 420156 426031 435840 441970 443884 464298 465686 473855 484209 486552 490477 491825 496863 506302 509516 512900 518381 527475 541707 543769 553863 559374 566925 579266 583213 588670 590781 594310 601105 605917 606553 613353 638008 640097 646173 648026 649945 656405 657880 665515 674493 680220 689945 702359 720412 724494 726668 729834 734906 737754 774317 786684 795318 808240 816928 832106 837472 848568 861134 881590 912082 925482 940148 961847 962833 978313 989959 993535 999140 1004615 1014121 1019370 1025209 1030142 1034088 1037344 1062798 1063930 1068050 1069072 1070779 1072750 1074698 1079130 1101672 1114189 1115959 1119987 1139661 1143272 1146450 1147869 1149348 1150990 1155717 1167739 1170468 1172451 1175281 1189131 1194805 1195496 1197692 1203361 1206628 1221031 1224355 1245184 1247284 1262017 1277558 1279374 1284547 1294625 1310731 1322052 1330729 1336896 1361891 1369785 1372226 1378986 1384067 1386559 1390752 1393156 1395203 1402995 1405857 1419061 1427302 1441418 1450718 1463554 1469162 1472780 1476640 1488467 1495443 1498339 1510702 1511751 1523090 1534064 1542003 1548416 1551183 1554439 1558461 1562066 1569970 1570978 1580366 1581528 1584326 1586016 1623130 1625748 1627603 1634439 1638082 1641311 1646377 1648400 1658077 1659858 1677705 1681950 1683903 1685914 1688046 1692466 1699560 1706964 1714291 1718084 1724048 1730835 1742482 1745950 1754588 1757766 1782996 1788193 1803076 1814605 1822340 1825539 1831166 1834419 1839003 1839950 1847602 1855566 1858103 1861610 1871504 1879768 1882808 1894571 1921489 1928584 1933393 1941819 1951943 1959763 1972163 1973531 1981178 1987902 1995573 
</Matrix>
<Matrix name="Neuron_224" type="complete" rows="1" columns="835" multiplier="1.0">
   2976 4270 7074 8769 11203 12615 16506 19326 23208 25718 27604 29644 30698 32242 34158 35274 38937 39800 42221 49858 53844 55889 59652 62640 63430 64504 67862 71216 73071 74597 75482 78078 80968 82308 85352 86361 86855 89037 92065 95614 103591 106755 108950 120645 122283 123768 127175 129618 133030 136566 137762 139192 141501 143969 146571 147527 148889 149586 151517 152817 154144 156991 158233 159701 167424 168573 169763 171332 176034 176920 181114 184498 186488 188461 190648 193677 195406 200549 201955 203273 204134 206517 208840 210785 211853 213514 217417 219136 222495 225244 226654 227535 228802 230393 234903 235976 238969 239686 241749 245719 247080 248407 249686 252097 257290 264833 266931 268849 271028 273642 275967 282910 284269 286911 293700 298372 299837 303114 304811 306672 309629 310804 317506 318388 318930 325842 326828 327814 329002 330067 331972 334848 336956 337825 338506 339210 341635 342660 343722 347093 347960 349950 350975 353045 356280 357598 360782 361889 363917 367666 371745 374084 382365 386037 388643 389543 390996 392422 398429 401195 402322 403043 404197 405790 410703 418877 421054 428142 430499 431171 433945 435743 437024 438718 442117 443539 446654 448416 451608 453693 455246 456549 457931 460697 462925 463801 464906 474942 475781 478364 480860 486556 489219 490108 491374 498256 499282 500467 501615 502558 504616 507426 510759 511603 514295 515074 515959 517627 521117 522922 525106 526503 527214 529271 534316 535470 536256 539961 541319 543162 545710 547666 548369 554807 557047 558550 560054 562305 564785 567966 572628 579674 582164 583524 584531 586107 587072 588663 590607 593624 595301 597378 599229 604375 605929 608723 611592 612997 613894 615002 617562 619637 622597 625014 626613 628053 631067 631853 633017 633856 639416 643049 644923 646030 648643 649960 651020 655182 656239 658290 659800 660992 663235 664934 668114 669782 670901 672449 673858 675791 684743 690633 693486 696270 697487 699291 701512 702492 703836 706765 708554 712034 713773 715084 718482 720412 722913 724730 725591 726868 728937 730437 731840 733558 734458 738021 740820 742318 743292 744754 747122 751810 753728 755264 757885 759178 762572 763953 767479 772504 774257 776492 779006 782770 787948 789631 791341 793767 794605 795529 797510 798948 802319 803173 804919 807596 809036 811882 813246 815796 817416 818465 821614 825845 826670 829926 837188 841735 847544 850673 852662 853597 854785 856023 858862 860087 862422 864552 866590 869703 870704 874118 876609 878250 881269 883133 884121 885282 889616 891855 894668 896022 897430 899705 902478 903872 905074 906244 908460 910144 913999 918153 921651 924144 926619 927770 933545 936289 937317 939700 944551 947747 948718 951621 952488 954499 956222 957203 958069 966639 967578 968441 971236 973817 975944 980066 981776 987855 989579 992595 993678 995486 996545 998623 1000770 1003107 1006456 1013294 1015978 1017485 1022418 1028565 1031684 1033031 1040744 1041990 1046514 1048334 1049617 1051331 1052159 1054778 1057540 1061917 1062591 1063389 1065890 1069962 1070837 1073741 1078150 1081695 1082719 1083955 1087383 1089026 1091203 1097051 1100140 1105966 1107253 1110500 1113520 1114566 1118224 1120460 1121429 1122280 1123975 1128011 1129230 1130515 1131524 1132772 1134458 1136811 1138289 1139586 1140866 1145843 1151515 1152209 1155837 1161173 1163182 1164846 1169183 1170198 1171394 1172286 1175509 1177047 1181747 1185060 1188772 1193653 1195944 1198326 1200347 1202302 1205145 1207918 1213456 1214831 1217473 1219961 1221731 1222924 1225808 1226579 1227887 1229629 1231678 1233340 1234416 1236274 1240112 1241153 1242072 1244843 1245347 1252081 1254735 1255655 1259019 1259872 1263391 1264498 1266038 1267296 1270680 1272227 1274119 1277461 1279471 1280779 1281913 1283519 1284602 1286937 1291206 1293376 1296406 1299263 1300694 1304531 1306174 1308414 1310100 1312836 1314434 1316525 1318364 1321022 1322738 1327508 1332522 1336067 1340651 1342363 1344473 1345154 1347688 1349482 1352843 1353814 1358995 1361193 1361950 1365034 1367318 1368189 1369329 1373100 1376944 1379386 1380509 1384441 1386564 1387367 1394376 1395481 1396270 1397173 1401661 1402828 1409523 1410599 1414378 1415431 1416777 1420618 1421467 1424616 1431276 1432134 1436221 1436901 1440231 1441296 1442903 1444845 1445585 1447683 1450259 1451539 1452160 1453082 1455589 1456811 1458916 1466583 1468338 1470271 1471002 1472348 1473306 1474262 1475669 1479857 1482090 1484060 1485668 1489365 1490687 1491914 1495167 1497918 1499657 1500729 1502509 1503291 1504619 1505473 1507823 1511573 1514944 1516479 1518175 1519157 1521620 1525169 1526580 1527883 1528766 1530721 1534265 1535722 1538610 1541061 1544968 1546172 1557579 1560190 1563234 1565187 1569044 1569999 1572577 1573695 1574677 1575758 1576719 1578329 1580935 1582503 1583333 1589763 1591629 1593911 1594483 1595387 1598087 1599555 1602927 1604513 1607049 1607783 1608706 1615299 1617765 1621299 1624731 1626550 1627857 1629222 1631783 1633524 1634504 1641123 1642390 1643620 1646043 1647398 1649803 1653349 1656001 1660143 1661470 1665356 1668047 1669704 1670518 1675053 1676116 1677165 1679221 1680516 1683771 1685901 1686353 1687888 1689052 1690652 1691587 1695169 1698055 1701521 1702948 1705502 1707315 1708276 1710515 1711491 1713668 1716918 1719268 1721972 1724118 1726494 1728511 1734567 1737018 1738411 1739883 1745471 1753532 1755079 1758742 1760921 1763244 1768421 1769582 1770346 1771579 1773476 1774547 1776021 1778024 1780036 1783585 1784755 1787183 1788432 1791100 1793807 1796324 1797575 1798721 1799603 1801137 1804164 1808550 1811591 1812136 1813622 1815325 1820304 1824987 1827628 1828512 1832437 1834371 1837792 1839252 1843288 1844789 1846868 1849376 1851865 1852646 1859997 1861501 1864034 1864636 1865482 1866682 1869521 1873760 1875090 1876882 1877969 1882711 1883566 1887867 1892496 1896262 1898761 1902760 1906737 1909563 1911297 1912827 1918530 1919917 1922056 1923254 1924141 1925036 1926151 1927231 1932733 1934394 1936042 1938859 1941293 1944335 1946827 1949013 1950062 1950733 1951406 1952262 1954367 1959063 1960588 1961780 1963323 1966383 1967556 1968805 1972168 1973437 1974710 1978613 1979539 1981863 1985772 1989102 1991198 1992419 1993692 1994856 1996440 1999186 
</Matrix>
<Matrix name="Neuron_231" type="complete" rows="1" columns="230" multiplier="1.0">
   5156 7247 18422 27482 46662 53402 68413 76135 82105 85495 92237 95463 99891 107757 110277 114053 121650 131519 135781 139600 146616 154392 158150 161311 169742 177734 180171 200837 217769 236153 241578 254577 266853 269695 271234 277673 287999 293560 309622 322632 325213 329902 332378 333813 336876 348956 350877 352838 364497 376730 383744 387347 402132 406379 423457 443289 448579 452794 458754 464545 470673 475794 478636 480263 485387 490637 492561 497549 501022 517884 529901 556605 560430 595153 606174 611219 615748 623753 629404 637742 639246 641844 646728 650484 657486 689242 695556 701087 715071 721247 724029 726712 731038 740463 754575 760606 774787 778540 779973 790895 793342 796618 799677 815249 822629 838501 842302 870089 875760 880246 944737 945851 953461 967601 985709 990524 1010663 1020199 1035945 1039091 1042937 1044531 1048729 1051569 1052714 1055091 1067310 1072139 1085961 1108795 1127929 1144995 1161349 1173485 1184012 1191319 1195821 1213143 1219322 1237048 1242850 1273044 1274476 1304938 1341013 1356273 1361605 1368724 1376880 1393936 1409405 1412664 1429247 1430544 1448972 1454760 1464135 1471667 1480509 1483194 1485814 1495503 1505626 1507385 1513449 1520457 1527420 1528877 1532435 1538072 1569502 1570610 1576353 1582104 1584046 1585121 1602215 1611657 1629204 1639125 1642180 1656570 1666011 1669463 1674399 1687219 1690632 1701011 1710161 1720047 1721339 1738102 1739949 1743964 1754334 1768242 1787132 1801703 1806578 1814594 1818503 1827072 1835794 1848278 1851478 1853615 1856000 1862734 1865257 1873784 1882376 1886202 1887372 1902061 1904533 1910213 1912693 1915576 1921485 1925948 1928540 1937913 1960485 1963775 1967417 1969179 1976598 1980185 1993831 1997958 
</Matrix>
<Matrix name="Neuron_234" type="complete" rows="1" columns="949" multiplier="1.0">
   1495 2393 4221 5853 9377 12235 14201 16671 20896 24085 25650 26805 28104 29216 30504 32862 35526 37513 39493 41007 44590 46114 50827 52982 54200 55368 56466 57992 60587 61504 62848 64015 64907 67243 68624 69746 70841 73799 77133 78887 80792 84139 86651 88284 90760 92336 95647 96817 100478 101598 103592 105263 106744 107838 111555 115279 116863 119093 120733 123026 129379 132751 133797 135783 139146 141753 145774 147326 149232 152526 153376 154551 155623 156422 157400 158618 159721 160597 164562 166541 169738 171176 173897 175824 179371 180260 181475 182323 185336 188781 190100 191884 193217 196740 198063 203095 210264 214441 224380 225436 226593 231581 232581 234343 236715 237672 239061 241478 243812 247471 248638 250310 252621 254554 255720 256994 258738 261948 267697 268891 270281 271443 272379 274761 275698 276708 277439 280100 282161 283387 287901 292614 298416 299558 301890 303387 304645 306030 309300 310283 311616 312371 314714 316114 317555 323250 324205 325273 329855 332614 333567 337632 338483 339356 341008 345513 347158 348333 353695 356110 357106 359421 360506 361345 362710 363595 365914 367545 368283 369225 370923 373690 375110 378122 380376 383572 386118 387576 389297 390848 392082 393076 394953 402923 404909 406411 407077 409968 410830 413258 414185 417118 417943 418954 421377 422503 424569 430163 431450 433746 435541 436534 437878 439381 440994 442297 444442 445954 450490 451570 452451 454853 455673 458019 459049 463376 465693 466454 467304 469459 476838 480059 481676 483418 485213 487094 488228 490098 493480 494378 495484 496270 497271 500048 501299 503697 507219 509908 511328 513891 515677 518553 521008 529595 531303 532485 541129 543352 547016 549587 554167 556535 557862 559566 560554 562787 563664 564707 566622 569756 571505 575369 576934 579287 581755 586906 587875 588558 590048 591312 592670 595167 596184 597256 598908 601651 603220 604645 609447 612148 613891 616374 617324 620557 622294 623347 626118 629017 630737 634348 635107 637265 637956 639578 640571 646030 647206 649693 653477 655325 656575 658953 660575 661830 665381 669802 672291 675061 677454 678436 680986 685207 687515 691348 693583 694845 698544 703543 704572 705406 707891 710382 712873 713984 716239 717235 718509 719537 721595 722663 724369 725654 727992 729260 730023 731368 733099 734397 736422 738014 742661 746644 748452 753887 756810 765770 766755 768013 769398 771264 773466 776031 780394 783757 786100 787471 788633 790311 792963 794463 795744 798014 799458 803478 805599 807016 809341 810445 813819 815864 818820 820808 823681 825842 826810 828052 829231 830228 832981 834478 835762 836900 838311 839526 840253 842526 843435 844312 844790 851424 854064 854886 860029 860539 861755 864358 866765 868057 869408 870293 871456 874691 876570 878579 879884 883684 886616 887755 889401 890776 892015 894079 896418 897527 898775 899777 900931 901931 903873 905179 906718 907778 909497 911886 913293 915104 916477 917428 921612 927671 929133 930706 931890 938880 939653 942557 943409 945084 946110 947401 948094 949436 951360 952986 953877 956017 957420 958243 960157 962158 964120 966375 967296 968753 969767 972175 973708 978061 978871 979688 983377 984216 987052 987847 992894 994393 997178 998467 999474 1000851 1002545 1003330 1004704 1005230 1008682 1010138 1011565 1015787 1020778 1024318 1025752 1026516 1028910 1031378 1033610 1036638 1037457 1038885 1039666 1041225 1042492 1043713 1045378 1047526 1048427 1049230 1052067 1054862 1057616 1061160 1068003 1070774 1072365 1073366 1075625 1077835 1079607 1082300 1084528 1086620 1093262 1094581 1096911 1099647 1100795 1102264 1104777 1108199 1108865 1109889 1111497 1113005 1119383 1120198 1122365 1123450 1125286 1126982 1128822 1130451 1133989 1135626 1136784 1138487 1140848 1142575 1147069 1148270 1149527 1151001 1151950 1154908 1156266 1160297 1162039 1164016 1171068 1173325 1177916 1181014 1181948 1182735 1185468 1186530 1188080 1188876 1190665 1194939 1196552 1198920 1205909 1207058 1208648 1210489 1215080 1218070 1219170 1223377 1224505 1225761 1227793 1229592 1232504 1233613 1234547 1238370 1240825 1243179 1246501 1249818 1250633 1252036 1254205 1256645 1257531 1261397 1265150 1266432 1268478 1269711 1270708 1272155 1273248 1273923 1275546 1276438 1277331 1278649 1279774 1282400 1283148 1284462 1287385 1288229 1291160 1292335 1294463 1296119 1299032 1301132 1302875 1304769 1305920 1306913 1309197 1311123 1312745 1313929 1315276 1316428 1317610 1318918 1320494 1321324 1324835 1325906 1328070 1329345 1331182 1334354 1336311 1337842 1338597 1339908 1341376 1343891 1345316 1348499 1351242 1356019 1358433 1359977 1361548 1362874 1363942 1367078 1369056 1371380 1372259 1373506 1375927 1376871 1378199 1379408 1381822 1382957 1385347 1386389 1389785 1390568 1393205 1394508 1396783 1398077 1399325 1400566 1401231 1402172 1409310 1412786 1413893 1414924 1415838 1416962 1418900 1421817 1422815 1425374 1426775 1430404 1433515 1435684 1436929 1445083 1446259 1453564 1455816 1458471 1460321 1463803 1464808 1466083 1470005 1471130 1473029 1474232 1475478 1477986 1479278 1480532 1481587 1483486 1484362 1488083 1489550 1491508 1495500 1497081 1498129 1499960 1502052 1502821 1503900 1506495 1507727 1508861 1510570 1513710 1515717 1516971 1518388 1520124 1520995 1522473 1523723 1526325 1528005 1528778 1529820 1530830 1534482 1537516 1541382 1542460 1544063 1545327 1547722 1550554 1551552 1553739 1554621 1555310 1556594 1559196 1559802 1562063 1563670 1565938 1567694 1568515 1570838 1571896 1575415 1576490 1577388 1578941 1579813 1582952 1584387 1586008 1587362 1590142 1592157 1594386 1596862 1601524 1606862 1608358 1612923 1614312 1615675 1616571 1617603 1618681 1620234 1624991 1625712 1629520 1633112 1634560 1638162 1639251 1640470 1641644 1644694 1645614 1647586 1649078 1650445 1655729 1657332 1659994 1663026 1664871 1666699 1668263 1669582 1670568 1673801 1675530 1677004 1679897 1681485 1683000 1684541 1687524 1689282 1689962 1691570 1694046 1694859 1696979 1698092 1699488 1702145 1706757 1708308 1709926 1717596 1718554 1720181 1721478 1722960 1725543 1728865 1730896 1732570 1737669 1739210 1740975 1742009 1744613 1745720 1748392 1752450 1754505 1757989 1760156 1761640 1764105 1765555 1768599 1769688 1771081 1774397 1776246 1777782 1780074 1781041 1783796 1785904 1787089 1789267 1791063 1793463 1794245 1795679 1798822 1801634 1803138 1805463 1807339 1812520 1814307 1815965 1817092 1818578 1819712 1822067 1823389 1829059 1830114 1830887 1831838 1835241 1838120 1840204 1841358 1843399 1844913 1845619 1847578 1849064 1855923 1858793 1861208 1862656 1864931 1865604 1866750 1867469 1868766 1872474 1877937 1879872 1881318 1882230 1884093 1885454 1886525 1888230 1889242 1890580 1891375 1894464 1895304 1898254 1901117 1905277 1906772 1911346 1912292 1913124 1914930 1917538 1920197 1922967 1924297 1927500 1928378 1930409 1931370 1935655 1936941 1938971 1942100 1943079 1944173 1946765 1952662 1955179 1956265 1960987 1962070 1962829 1966078 1968419 1970851 1971857 1975116 1977296 1981714 1982359 1983754 1987601 1992929 1993814 1996870 1999110 
</Matrix>
<Matrix name="Neuron_277" type="complete" rows="1" columns="376" multiplier="1.0">
   6328 9550 14074 15820 19297 24047 27738 29502 34793 43557 44886 46222 50148 51866 62423 73732 81036 84234 92548 94171 106231 109124 110489 113121 119310 121100 131291 136225 142841 144849 159458 161640 169025 173874 178152 191783 197845 200582 209980 212193 214429 217820 219204 228108 230754 231755 232784 243202 245051 259484 275889 284993 291214 301710 308004 313517 323584 329921 330919 335347 336993 338042 340665 354064 368969 371118 374596 377038 381167 383265 398562 405716 407800 409120 414272 420585 426414 430332 433186 434483 436881 446679 456471 466019 469435 470212 471442 481714 485106 488722 494035 497223 504861 507071 509116 518409 525868 527995 530676 537064 542839 554086 556893 559528 564426 566030 568646 602905 616724 619795 623003 624568 625802 630414 631433 633624 639188 642755 649948 659771 661191 669016 673780 683955 686701 698895 708210 711581 722108 726514 728321 735428 737566 738234 741505 742354 765042 776159 778091 781133 782645 789316 796996 798896 806543 809842 812563 814900 816451 818164 820712 825267 830716 833219 844404 847440 856977 859237 868556 870247 872046 875494 879754 883548 884561 888040 890327 901212 906517 909135 910040 912326 917036 921682 922893 923950 931577 932784 936101 940310 944397 946228 948455 952256 953524 955825 958914 972661 983771 992171 995719 997336 999797 1000891 1005242 1006674 1008251 1017224 1018073 1022018 1029864 1034048 1037134 1043080 1044643 1046816 1056386 1071489 1075953 1079694 1086053 1090266 1094445 1097347 1105449 1106775 1116677 1122231 1125367 1136206 1137581 1139220 1139961 1141171 1144055 1145354 1153684 1157249 1170604 1181278 1184033 1188037 1190405 1191801 1195921 1197429 1199564 1205138 1208986 1210372 1212175 1218708 1220127 1224185 1235656 1244324 1249754 1255235 1277991 1283512 1291307 1292736 1294576 1297166 1300085 1304542 1315967 1316893 1326779 1327912 1330608 1334049 1335684 1340773 1342707 1356990 1358875 1368719 1371098 1375071 1377132 1383378 1390682 1392422 1401396 1403715 1407251 1413687 1422877 1432195 1434931 1436481 1445588 1447320 1450109 1468636 1471187 1472372 1476371 1477482 1488485 1497550 1502756 1504401 1518779 1523213 1527924 1536446 1545814 1554015 1557155 1566234 1567587 1571275 1574297 1578681 1587292 1593405 1594913 1596036 1600625 1602292 1609277 1610135 1612662 1617936 1622418 1631076 1633365 1637054 1638639 1649498 1652855 1660038 1661509 1669599 1675517 1683832 1686863 1690242 1700004 1703158 1714637 1718004 1723386 1735021 1739425 1742923 1745342 1758808 1760490 1770949 1773845 1777412 1780556 1784993 1794623 1798171 1802775 1804772 1809334 1811682 1821712 1828959 1831822 1841639 1843341 1851284 1856662 1867213 1873693 1883071 1894230 1900075 1907845 1913616 1925488 1937692 1950283 1952453 1955926 1965030 1967425 1970363 1986421 1998443 
</Matrix>
<Matrix name="Neuron_287" type="complete" rows="1" columns="265" multiplier="1.0">
   20181 21794 25424 34554 51564 57941 68659 72974 75409 81619 93608 99991 113905 117935 119580 121898 130627 135972 142219 147355 149181 163729 168512 176191 180911 196077 197756 200204 201836 209844 235220 236178 245456 249284 261237 275622 279083 283861 289637 294455 314171 316728 320972 324303 327692 332258 337564 356051 360222 368181 376577 377825 384793 389481 391588 395733 398610 418722 422193 425369 441119 448066 472343 476485 479659 499785 502286 515968 521831 535639 542399 545620 550957 563130 569670 570757 573744 586275 599333 604351 605325 608628 613604 619372 631864 638251 642078 651708 654974 656560 657899 672188 680872 687621 694227 706943 708713 713943 714975 720037 725715 734079 743220 747982 755254 759480 765014 771518 777113 778930 779964 788534 793787 813228 818191 825746 831541 832767 844658 849098 855371 858117 868126 877663 886038 889016 898725 902672 904183 924001 933331 935542 959052 961659 963399 965808 979464 980535 991479 998629 1010396 1016973 1018300 1019896 1022127 1024290 1025678 1031162 1043244 1051161 1057694 1058686 1066155 1067749 1068738 1070147 1072268 1086318 1096827 1102600 1110919 1113051 1117636 1125297 1129298 1134552 1137098 1170600 1177547 1190640 1194792 1196666 1205083 1207247 1210031 1214853 1230866 1232317 1236314 1248036 1273305 1294984 1304523 1307251 1308386 1309377 1332304 1336436 1342652 1348004 1350523 1359893 1375534 1376463 1383191 1389697 1393801 1396486 1403990 1404889 1413634 1415809 1416794 1434523 1444851 1456082 1470100 1475237 1476792 1479902 1481970 1483185 1486429 1496165 1502551 1504754 1517270 1538223 1539577 1549198 1572644 1585447 1588246 1603987 1635165 1637107 1643373 1649677 1653014 1669545 1684949 1691025 1697505 1715804 1722272 1752797 1759501 1763326 1775848 1789270 1792462 1796311 1804736 1819580 1826003 1849373 1853635 1861845 1875335 1900364 1909676 1918414 1919865 1922321 1927727 1946105 1949108 1952270 1961255 1968089 1987595 1989200 1994088 1996776 1998098 
</Matrix>
<Matrix name="Neuron_297" type="complete" rows="1" columns="148" multiplier="1.0">
   9858 25072 35264 41671 43342 48732 55127 58411 62767 76453 84106 97882 107824 121109 129569 130975 140934 169287 176152 194417 197636 203383 229079 234957 241959 247007 289465 295365 300240 305402 315810 321291 328844 338705 348389 362037 369674 378637 390143 405552 411029 423900 445677 457487 473343 503018 556388 590082 598112 642721 655145 672414 682830 688610 692881 700067 717871 727137 769567 776615 781523 782328 794261 799448 812282 817510 833345 839447 841152 843263 854352 886204 892235 898659 901322 928782 931636 963175 979431 1002586 1017317 1055786 1058336 1072338 1081702 1146660 1155758 1165283 1167612 1174352 1185676 1214603 1232221 1269409 1272445 1278556 1287286 1292555 1295492 1300295 1302203 1304362 1308788 1318380 1334106 1347388 1395491 1467861 1470373 1495367 1501998 1506473 1512835 1522114 1551832 1558470 1590490 1602047 1608891 1614809 1618506 1620835 1632029 1635308 1656789 1678693 1724592 1733395 1740943 1746003 1750119 1754550 1768446 1770233 1794837 1800823 1817470 1824858 1839418 1848139 1880755 1883236 1899437 1925908 1935452 1939997 1959527 1996204 
</Matrix>
<Matrix name="Neuron_307" type="complete" rows="1" columns="905" multiplier="1.0">
   870 4481 8525 10361 13164 14863 15806 18304 21070 22926 24279 27520 30426 33169 34084 38225 39494 41671 42548 43998 46772 50742 52678 53619 56366 58826 61729 66435 68041 71138 72149 73693 75238 76237 79438 81083 81625 83620 84819 86865 87836 90368 91757 93048 93899 96316 98719 100192 102970 107496 108706 109999 111708 113960 116142 117475 119728 122145 123656 126977 128943 131122 133337 135537 136935 140414 147013 148764 149775 150632 152141 156010 156871 158146 159040 161319 162391 163995 164602 165927 167657 169930 174364 176077 177220 178067 181282 182931 184975 186058 188480 190387 192976 194394 195400 198152 200594 203253 204746 206529 207610 210500 213160 214808 217135 219202 221715 223431 224537 225761 227736 230141 231384 234003 236668 237632 243419 246051 248110 249070 250458 252471 254537 256632 257848 260124 261869 262695 264625 266035 268407 269751 270423 273274 275125 275835 276886 280023 283819 285440 286142 287167 289741 291974 294214 295675 296406 298867 300111 302006 303090 305146 307006 309031 314003 316483 317748 318886 321386 322615 323851 325335 326707 330182 333969 334854 336273 337371 339839 344499 346451 348162 350734 352078 352980 354307 355656 356553 358615 360355 362063 363794 367845 368854 372013 372681 377746 382478 387115 388439 389691 390996 392795 395289 398353 400116 402641 407093 408045 408977 411083 412860 414532 416047 419246 426291 429167 429983 431458 437181 439517 441327 445513 447579 449247 450429 452930 454513 460718 461952 462944 465024 466660 471864 473932 477803 478996 481062 482472 484781 489492 490427 492353 493199 496889 498321 505297 507592 509634 511130 512349 519303 520424 523481 525531 528979 530025 534725 535604 536923 538251 539234 542525 544699 546988 549327 550779 551718 552810 554117 556373 561238 564610 566445 569456 571554 572476 573364 578249 583582 585657 587767 595053 596704 597979 600538 602432 605048 609475 610938 612851 613605 614579 617342 619256 621321 624367 625966 627311 631452 632392 636279 637348 640032 641392 643962 647372 649125 653831 657822 658955 661091 663572 664705 672342 677384 678266 683109 688185 690637 693221 695861 697386 702552 705077 707124 709549 711228 712896 714555 716175 718144 720644 721580 725088 726185 728690 730046 731385 732447 734240 736334 737764 739608 745934 747932 749704 750994 753367 756562 758913 762664 764340 765595 767509 769823 771125 774254 776286 777560 779707 780450 782020 784585 786810 790825 791919 793854 795606 796576 798000 799322 803328 804844 806025 807002 808024 812172 813082 814949 817137 819061 821343 822659 824653 828231 831552 839005 841154 845039 850311 855370 855984 857464 860164 861219 864634 865719 868289 869540 871487 873256 875505 876399 878406 881383 882378 884456 886469 891049 894157 895369 896391 897902 898636 900518 901828 905996 909113 910573 914673 916306 919212 921765 922740 923880 924967 929044 930335 932323 933220 934040 937263 939830 942940 944871 945744 946765 947630 953080 957978 959765 961184 964576 966366 968315 970870 972480 973679 975036 980147 981377 983873 984910 988823 990734 994181 996271 997326 999411 1000979 1004320 1007498 1008764 1011441 1014460 1020224 1021746 1024546 1026337 1028766 1029979 1031504 1032481 1033318 1035036 1038415 1040217 1041060 1042151 1045641 1047408 1049434 1050597 1051655 1053270 1054484 1056280 1058792 1060352 1064950 1066234 1068097 1069469 1073366 1075180 1076527 1078844 1082246 1083480 1084491 1087421 1088822 1090885 1092311 1096272 1099325 1101799 1103459 1105013 1108026 1108792 1110503 1112987 1115222 1116443 1120573 1123799 1126785 1127988 1129874 1131469 1132290 1133856 1135949 1138805 1143483 1144340 1146800 1148617 1153668 1155066 1159397 1161095 1165468 1167295 1168217 1169840 1170642 1173168 1174070 1175169 1175917 1177984 1179158 1181020 1182513 1184617 1185206 1186672 1189524 1191492 1192749 1196293 1198096 1199101 1200986 1202341 1208327 1210715 1213810 1215164 1218750 1220308 1225701 1229365 1232702 1236969 1243466 1245252 1246102 1249609 1250537 1251667 1255258 1256104 1258478 1260204 1261796 1265630 1266948 1268369 1269616 1270899 1272901 1277980 1281799 1283704 1284845 1288173 1291248 1293357 1294573 1296694 1297633 1300693 1303367 1306174 1307356 1312209 1313124 1314249 1315658 1317588 1318534 1319557 1320999 1324030 1325935 1327283 1329440 1331859 1333718 1335174 1337123 1340398 1343683 1346561 1347164 1349814 1350881 1353206 1354394 1358457 1363218 1364179 1365636 1367043 1367842 1372203 1377175 1378348 1380920 1382438 1383600 1384637 1388072 1389596 1390954 1391658 1393268 1394889 1395621 1397942 1399008 1401559 1403754 1404544 1406695 1407945 1409848 1411055 1413086 1417104 1418831 1420695 1422263 1423445 1424752 1425571 1427529 1428940 1431074 1432387 1433411 1436849 1439700 1440820 1442436 1443061 1444887 1446332 1447932 1451202 1452113 1453388 1456701 1457882 1459885 1461260 1463705 1465818 1471198 1472614 1474935 1477049 1481034 1481638 1483476 1492636 1494578 1498033 1503814 1505162 1506804 1508850 1512402 1513975 1516062 1519209 1521523 1522131 1522978 1525077 1526729 1528144 1529437 1530296 1531150 1532212 1532942 1537190 1539221 1541158 1546091 1547189 1550890 1554533 1559723 1562818 1564276 1567249 1568412 1570087 1572252 1573537 1576115 1577179 1577993 1579777 1582093 1583127 1583829 1585460 1586529 1588041 1589885 1591196 1599580 1600975 1606432 1609201 1611330 1612499 1619609 1622248 1623184 1626705 1630464 1631042 1632077 1634445 1636179 1637147 1638467 1639460 1642464 1643628 1644359 1646063 1647412 1648230 1651009 1653258 1654916 1656256 1659051 1660126 1661460 1667662 1669326 1672283 1673961 1674489 1677727 1679294 1681345 1684035 1685403 1686120 1688821 1691188 1694116 1696106 1697571 1698808 1701362 1703118 1706478 1707447 1712497 1716761 1718312 1720513 1722954 1724048 1725627 1727159 1728209 1731400 1732520 1734369 1737338 1738841 1741370 1742703 1748523 1753270 1754592 1756888 1760180 1762461 1766476 1768154 1769910 1774197 1777062 1778723 1779914 1782039 1788849 1790315 1791803 1792534 1793529 1798316 1800404 1802609 1803246 1804906 1809486 1810759 1811961 1813574 1815420 1816658 1819675 1820980 1821920 1823643 1827108 1833582 1838230 1842101 1843224 1843837 1846538 1850067 1851354 1854071 1856969 1859896 1861017 1863765 1864799 1865895 1867743 1872534 1873771 1876979 1878590 1879986 1881427 1882695 1887406 1888573 1889664 1896267 1897050 1898891 1902862 1907331 1909243 1910331 1913443 1914422 1919061 1921639 1922802 1925454 1929112 1930706 1931641 1933428 1934283 1935832 1937169 1938202 1939292 1940083 1941317 1945225 1946173 1949728 1955497 1956709 1958333 1963557 1964625 1970421 1971198 1972188 1973078 1975690 1977141 1978516 1980788 1982995 1984799 1990277 1992873 1994315 1995199 1996923 1999533 
</Matrix>
<Matrix name="Neuron_317" type="complete" rows="1" columns="118" multiplier="1.0">
   3422 20282 88326 111997 113289 125228 139919 214668 230226 262562 285724 299208 335055 347052 351523 360667 366969 405092 413274 435276 441395 445242 470936 495030 515906 522110 529068 535995 653870 672474 678248 698670 707852 716152 725826 740020 750750 803443 807092 812712 817803 836780 838024 852972 867950 872106 885127 896833 904419 919231 933556 935574 971281 982955 1016056 1021356 1045500 1090943 1123980 1129025 1140721 1142782 1144333 1183867 1186249 1187300 1229923 1236475 1247040 1274937 1278298 1281112 1295466 1299559 1316591 1368432 1381911 1419378 1434910 1454892 1475094 1477783 1479341 1481429 1485294 1487358 1508214 1518445 1525073 1565815 1568856 1598532 1604241 1614915 1634465 1636062 1642092 1646705 1651725 1677325 1761311 1781674 1794230 1800141 1804342 1831343 1848599 1852620 1864614 1880465 1896526 1898886 1916066 1927634 1979864 1982946 1987188 1996995 
</Matrix>
<Matrix name="Neuron_327" type="complete" rows="1" columns="639" multiplier="1.0">
   2151 3280 5550 8558 9904 13036 18824 19627 24007 32303 34478 35481 37866 38898 39879 42031 49223 59331 61373 62781 64739 66848 73227 74426 76272 81688 83108 89446 92075 99783 104014 105993 108695 116803 120027 121529 122646 123388 126444 127854 129717 133521 134997 136445 138717 139703 145755 155364 156767 159019 165737 170369 171548 173504 174279 176019 183575 185602 186994 191407 193028 195370 196604 198033 199713 201402 202026 203985 210435 211824 213832 216159 220382 224166 226589 227980 229558 233583 240483 242331 246124 247549 248692 251861 257237 261161 261951 263368 265416 266500 268986 271781 273801 278253 281535 285405 286354 287644 288449 293717 298711 299506 305331 307516 309593 311370 317674 326521 328607 331756 338104 340516 344497 347194 348279 353403 354382 356070 360284 361842 363189 365152 366450 368371 370418 375353 377846 384613 391558 412068 414330 417041 419338 420421 426000 432951 436364 439610 441584 445884 447674 450041 455514 457077 458842 462482 466385 467894 471001 472202 475206 479055 480692 483396 488375 489016 490177 491395 493422 495150 496692 500482 506974 507895 513581 517168 518908 520761 523002 525332 526675 528841 530102 534030 536183 543048 546367 549188 550831 555113 555716 557156 557871 564960 568978 570367 574698 576980 578365 580532 582469 584864 586070 588567 589317 590094 592179 594307 596872 610267 611758 613947 618271 619153 621514 625478 630242 639360 641254 643666 648038 649188 650397 653638 660135 661280 663173 670453 673764 678051 681274 682125 683550 685790 690113 691675 693140 700294 701388 703598 706237 708018 708916 712500 717712 719696 722739 729458 731701 734339 736770 738405 742770 744025 745442 749921 753562 756803 758167 759983 763612 771602 780206 781040 782347 786928 793776 801046 806096 808380 812879 814267 816509 820036 822138 823238 827246 828648 830149 831972 835125 836545 837772 839406 841190 844851 848656 850210 851675 853575 857628 863670 864682 865814 866717 869430 870393 872458 882160 883986 885642 887734 889714 891049 892663 895289 901148 903539 904548 907108 913754 918911 926315 929189 934297 937492 940201 942399 949641 951504 953350 965282 966511 967428 968833 970868 973184 973864 975446 978317 984848 987281 988998 990880 992291 997808 1001921 1014235 1019325 1023759 1024604 1028173 1029761 1031508 1039081 1042873 1048667 1050709 1057205 1061014 1062632 1066131 1067967 1070746 1071755 1074527 1076966 1079058 1080297 1081541 1083552 1085355 1086568 1091935 1094845 1097369 1098410 1102296 1104022 1105488 1106533 1108733 1110087 1112816 1113643 1114580 1115475 1117614 1122018 1127506 1132100 1133642 1134785 1136981 1143183 1146321 1149408 1151544 1153442 1155723 1157111 1161118 1163554 1165478 1168570 1171107 1172910 1174988 1177134 1178268 1180447 1182086 1184523 1187070 1192768 1196029 1197709 1199269 1207278 1216220 1217515 1219311 1222257 1227734 1229934 1232818 1234082 1237723 1242267 1244260 1246064 1247898 1253876 1257018 1258157 1265668 1270203 1274475 1275958 1278692 1290905 1294035 1294919 1296600 1301946 1303779 1305720 1309425 1311023 1316330 1319769 1324460 1326384 1329508 1334254 1337569 1338449 1341126 1342389 1345134 1347906 1350618 1351552 1353072 1356034 1362137 1365419 1366476 1369305 1370491 1373447 1374585 1376005 1379275 1380562 1391351 1393372 1397065 1405339 1407201 1410674 1412528 1415157 1417081 1419512 1422484 1425840 1428608 1429474 1430919 1433369 1434899 1441146 1444138 1445837 1450227 1460055 1462543 1464467 1465859 1468014 1472003 1474178 1481408 1486379 1487233 1494051 1495984 1497378 1498199 1500420 1501200 1507933 1510393 1515686 1528853 1537034 1539274 1542919 1543743 1545130 1547306 1549241 1553149 1555837 1559234 1565971 1567415 1575634 1576932 1578903 1582422 1595056 1596442 1598199 1604069 1613949 1616000 1616937 1619663 1622528 1624033 1627020 1634027 1639078 1642534 1644519 1646995 1648486 1650372 1652951 1659479 1660628 1662420 1665597 1666422 1668535 1670659 1676465 1682404 1683280 1691001 1695862 1698781 1701873 1702807 1708900 1716153 1718422 1719191 1722609 1724386 1734644 1736763 1740107 1741665 1744604 1748614 1752171 1760520 1763234 1767783 1772995 1776776 1777849 1780594 1782468 1784772 1787114 1788605 1792382 1795614 1799146 1800011 1803344 1805547 1807135 1809359 1814406 1815760 1820078 1821794 1822730 1826298 1828523 1830258 1836171 1839158 1842436 1843678 1848723 1854993 1857078 1858578 1860771 1862105 1865404 1866626 1868431 1870343 1872643 1874082 1881184 1886961 1888356 1889159 1891377 1897291 1899714 1904273 1904954 1908568 1914547 1915956 1920608 1925074 1927616 1933514 1934393 1938213 1942146 1945468 1950690 1954840 1957517 1962246 1963400 1964986 1966226 1967789 1971091 1972758 1975494 1977851 1979089 1981040 1986657 1992073 1996591 
</Matrix>
<Matrix name="Neuron_331" type="complete" rows="1" columns="25" multiplier="1.0">
   162331 248703 274182 506498 554385 689706 699057 749900 854136 912991 989020 1009617 1086310 1231656 1246058 1361761 1389869 1423702 1464288 1484051 1689568 1843960 1904857 1930732 1968287 
</Matrix>
<Matrix name="Neuron_334" type="complete" rows="1" columns="110" multiplier="1.0">
   10200 27086 47279 97040 111657 116648 123861 127229 137419 161645 199039 222541 261927 276933 285707 296298 332159 341785 344353 377676 388421 394078 401284 402806 462388 466200 467913 523009 525276 538579 548649 567437 588308 591500 620372 626021 629308 649783 693800 712497 726289 727301 763685 768418 777595 795294 856428 867959 903828 954859 958342 963171 1022946 1068607 1069633 1103555 1123765 1136186 1142212 1152907 1171189 1180280 1216005 1222523 1225864 1275379 1285737 1287482 1290108 1297231 1307732 1322406 1341731 1357259 1360053 1363376 1385443 1390394 1413182 1433592 1454193 1522742 1530222 1534261 1581858 1597449 1611121 1613911 1624767 1641637 1650307 1692994 1694691 1708882 1722978 1791937 1803601 1810381 1811979 1828341 1833527 1837862 1840860 1878096 1889041 1905671 1909757 1936890 1949592 1994803 
</Matrix>
<Matrix name="Neuron_341" type="complete" rows="1" columns="969" multiplier="1.0">
   881 3378 4185 5875 7107 10644 12193 12836 16392 18100 19084 20350 24932 27929 30677 35407 36928 38734 41723 43647 45289 48377 52115 53201 55690 57774 60091 61448 62563 65368 66354 68142 71532 74131 78328 80654 82423 83471 85144 86060 87130 87888 88737 90087 91239 97617 99085 101288 106886 109676 111139 114614 115791 121300 123730 125561 130176 131853 136237 139283 141122 142366 144244 145122 146240 147257 148120 152502 153142 154203 156472 157394 160683 163611 164830 166470 169601 170363 172450 173904 174834 176206 177502 179088 181653 182965 183894 184799 189165 190248 190881 192636 194158 196059 197183 200174 201564 203862 204768 206285 208128 208920 211078 212877 214169 215585 218744 219973 221536 222986 224406 227160 228111 228929 231380 232644 233370 236923 237780 238908 240691 242609 245487 247792 250219 252198 254542 256222 260548 261293 263842 266095 266662 267403 269164 270403 272204 273605 274379 276550 277667 278674 279661 280647 285148 286168 287380 288393 292367 296759 298334 299429 301531 306326 307171 307783 309787 311779 314978 317080 319059 320986 325769 327172 328505 332546 334723 335481 337674 338969 340351 346964 349753 352948 354717 355723 356750 359093 362101 364141 366285 367398 368587 371765 372658 373961 378387 379286 381613 382578 384787 385863 387896 389631 391230 393463 394479 395068 397052 398859 399957 402545 404679 405910 407323 408640 410112 412217 414452 415721 416501 417771 420574 422969 425754 427299 429315 430064 433711 436485 437494 440785 441903 443741 445442 450442 451568 453582 455478 457252 459344 460935 465492 467063 468842 472418 473849 476515 478447 479594 483484 484414 487133 488870 490886 493404 494577 496963 499039 500491 504916 506907 508297 513816 514626 517020 520386 522175 525155 526900 528141 530640 531656 532516 536071 537375 538641 540246 543237 545421 546576 547638 550049 551213 553348 557463 558091 559032 561743 564128 567882 569271 570837 571544 573594 576129 578008 580439 581200 582275 585938 587162 589007 591516 596216 597587 598925 602104 606824 608153 609731 610322 611974 613310 616643 617481 619170 622973 624170 625492 627642 628836 633185 635072 636149 637439 639494 641847 642843 644927 645807 649898 651763 653106 654095 655412 657595 659754 661255 663477 667089 669481 674121 676664 681160 682040 684498 686020 687375 688250 690121 691747 692938 695095 695899 697297 698261 701428 702337 703508 705631 708531 711502 713081 716140 719779 721426 725095 727220 728311 729309 731243 732922 737442 740319 744145 745593 747896 749177 751719 752827 753987 755484 756078 757957 760489 761679 763820 766047 770552 772619 773827 776452 778465 779499 780618 782755 784724 785884 787348 788220 792891 793782 797154 800465 801475 806605 809097 810910 815043 817220 818810 821117 822140 823143 826113 829365 830722 832485 833640 835701 838028 838772 841792 844437 847163 849659 850455 852372 858694 859255 860896 861856 862756 864447 865300 866208 867709 868698 869423 871946 873709 875177 877124 878529 881907 884069 886333 890371 892130 893274 894651 896693 899054 901962 902866 904764 905424 907282 908052 909795 911171 914628 918143 918970 920112 922278 924044 925850 929687 931555 932561 935199 938440 940959 941878 942982 944121 945342 946311 948942 950823 953269 955025 956774 958470 962077 963683 968720 971782 975553 977432 980289 982524 984106 988284 991055 992566 993714 995194 997492 1000434 1002989 1004287 1005408 1007094 1010074 1016883 1018651 1021014 1022853 1023660 1024619 1028495 1029465 1031687 1033491 1035498 1036601 1039829 1040554 1044040 1047458 1051011 1052708 1057099 1058622 1061130 1063180 1064492 1065548 1066567 1067912 1068685 1069714 1071786 1074061 1075188 1076516 1079181 1080130 1080849 1081829 1084301 1085708 1088059 1090868 1092497 1093362 1094335 1097034 1100289 1105003 1111359 1112539 1113944 1115337 1116298 1117778 1120176 1121093 1123930 1125581 1126489 1127355 1128770 1130162 1131753 1133260 1134238 1136175 1136850 1138787 1140644 1142893 1143682 1146385 1147763 1150810 1152384 1154297 1157597 1165225 1166591 1171977 1174622 1177072 1178873 1182187 1183316 1185204 1185868 1187639 1189402 1191089 1194324 1195065 1198560 1200715 1203770 1204727 1206749 1208096 1210704 1213070 1215933 1217879 1219047 1219823 1220884 1227626 1231368 1232659 1235528 1236165 1239267 1239905 1242863 1244830 1248531 1249228 1250510 1251690 1252674 1254080 1256293 1258251 1260999 1262217 1263342 1268461 1272550 1275042 1276626 1280819 1282347 1283057 1289253 1292083 1294048 1296008 1297593 1298756 1304988 1306955 1308692 1309772 1311096 1313899 1316374 1317071 1319473 1320969 1325917 1327386 1328338 1329861 1330954 1332404 1335061 1338008 1339545 1341711 1344355 1351392 1353373 1354565 1356556 1357919 1358797 1360874 1366066 1367625 1368417 1369106 1371565 1373911 1375117 1376221 1378649 1380014 1384832 1385667 1387798 1389101 1390016 1392691 1395065 1396625 1398088 1400017 1401439 1403792 1406277 1407306 1411544 1413018 1413924 1415207 1415961 1416797 1420211 1421727 1422503 1423565 1425231 1426064 1429129 1429917 1431475 1432742 1434319 1437541 1450588 1451620 1455944 1456826 1460734 1461485 1463243 1466666 1470210 1474301 1475146 1481814 1483640 1486556 1493633 1497285 1498210 1499272 1500474 1502389 1503756 1505475 1506759 1508424 1510747 1512575 1515458 1517583 1518370 1519954 1521330 1523402 1524327 1527895 1529479 1532140 1534947 1538589 1539522 1543919 1544867 1547963 1549998 1554961 1557196 1560403 1561564 1569231 1571648 1574313 1575621 1576200 1579519 1581599 1583949 1584921 1586671 1587785 1590407 1594182 1595491 1596770 1598335 1599656 1601061 1602708 1603883 1606500 1609213 1610221 1611350 1612399 1616310 1619402 1621675 1626444 1627740 1629225 1630615 1631964 1633218 1635831 1637382 1640309 1641043 1642872 1643743 1645623 1648263 1652752 1654161 1656486 1658573 1665369 1666623 1668871 1671806 1676408 1677100 1678920 1680174 1681481 1683441 1687573 1688943 1693343 1699611 1700851 1703294 1705210 1708118 1708714 1710108 1711750 1713147 1715700 1716888 1720062 1723569 1726421 1729232 1730560 1732432 1737781 1738418 1740060 1743062 1744448 1746143 1747401 1748728 1750903 1751943 1753641 1755642 1756537 1758251 1759244 1761650 1763531 1764673 1766706 1769603 1772267 1773385 1777015 1780056 1781772 1787652 1789202 1790663 1791484 1792714 1793961 1795354 1796476 1797368 1799906 1801848 1802900 1804122 1805035 1806274 1813115 1814729 1818264 1819230 1820324 1822000 1824935 1827208 1828151 1830612 1833696 1834810 1836490 1837433 1838646 1839603 1841039 1844007 1846012 1848573 1850293 1851578 1853329 1854517 1855354 1857459 1859260 1861587 1862922 1864197 1867493 1869365 1870521 1871586 1873270 1875144 1880202 1882449 1884333 1885265 1887966 1889813 1890801 1892261 1893840 1895704 1896920 1898643 1904264 1905400 1906867 1908627 1910428 1912211 1913456 1914561 1916880 1918460 1919486 1920909 1921976 1925831 1927397 1928675 1929694 1930785 1932036 1932699 1934616 1936556 1937803 1938927 1941136 1942049 1943073 1943679 1945386 1947231 1949701 1950490 1953151 1954824 1957085 1959515 1962465 1963739 1965472 1967587 1970861 1973711 1974887 1977848 1978967 1980015 1980680 1982133 1985222 1988190 1989723 1991540 1993404 1994429 1997429 
</Matrix>
<Matrix name="Neuron_344" type="complete" rows="1" columns="52" multiplier="1.0">
   74210 122547 211098 219112 240131 244997 292573 298736 364541 404873 445129 469891 472776 540230 569787 582152 624805 629737 696123 746913 749892 778850 821753 836935 875213 957492 989647 1010288 1014719 1045312 1076071 1268854 1336032 1388491 1434185 1494967 1536673 1542609 1554392 1570770 1591324 1615048 1626508 1719619 1809299 1834312 1850623 1894584 1902982 1935845 1971337 1989782 
</Matrix>
<Matrix name="Neuron_351" type="complete" rows="1" columns="436" multiplier="1.0">
   5537 12063 17285 20445 22330 34220 40383 43442 47850 48699 55334 61988 64552 68550 71801 76866 85917 93068 96784 106576 115883 117520 122055 123742 131549 138765 152873 156872 163599 168720 174438 177334 181590 184873 188022 190362 197231 211624 214775 220298 223314 227032 228923 231923 242294 244546 263369 269277 272669 277753 278947 282561 287347 294476 296234 299359 300940 301722 304403 307997 310292 311507 312943 318676 323146 331001 341087 343704 346720 350331 360067 363279 365326 370404 385351 387101 391925 405589 414919 417349 420679 423838 425980 428246 430938 432270 435142 445729 453172 454108 456627 465457 466707 491146 497376 502015 510392 511983 518795 525742 528814 534643 541608 542899 546102 553168 556173 563630 566861 567977 569028 570236 575733 577433 581854 584912 588092 590383 591023 593241 594976 596336 601484 604923 607739 610799 612220 617069 618798 620246 623759 628744 633674 640402 642680 646880 651600 656201 659999 665034 666275 670416 671287 673116 674696 688018 692761 698932 700918 704199 706530 708783 717709 718772 725204 730565 731528 737095 739591 745074 747138 751613 753732 755842 759566 772703 776787 779723 786600 798655 802543 803887 808911 812401 822783 824486 827185 829178 832206 843249 845167 850471 856518 859371 863419 869420 871449 873136 877957 881364 882983 902006 902815 907171 913978 919638 924155 925837 932999 938920 940001 942048 944010 948501 951411 955549 959996 965322 970118 972013 974446 977683 978996 981691 985543 994027 997256 998831 1000594 1003491 1007253 1010545 1013203 1022856 1023873 1025204 1028616 1029763 1032003 1034319 1038868 1041736 1050936 1053427 1056970 1058836 1065154 1066957 1067831 1073185 1075548 1076582 1080904 1083854 1091488 1102174 1107591 1108469 1116905 1123211 1128783 1130628 1133317 1135502 1138655 1139886 1141177 1145669 1150088 1152572 1156064 1169361 1173290 1177988 1182641 1183952 1186362 1188107 1191203 1198964 1200430 1204960 1212437 1214391 1217620 1221027 1225499 1235155 1240387 1242383 1245342 1248104 1256361 1264996 1270923 1285383 1295611 1298050 1306922 1308508 1309715 1313773 1315319 1319992 1323144 1333272 1335620 1341096 1344850 1348038 1356490 1362158 1363530 1366077 1368442 1372030 1375708 1378329 1385262 1386254 1389883 1392609 1395272 1405236 1408520 1410064 1419306 1423361 1431643 1433441 1435019 1441742 1444327 1447305 1453464 1458984 1465125 1466522 1473100 1483737 1486412 1495147 1496447 1516801 1518063 1521063 1526488 1527861 1528583 1532558 1536608 1537760 1540887 1543471 1548487 1550580 1553119 1559961 1566461 1570499 1571780 1576384 1580386 1582654 1585612 1587535 1590070 1604933 1609512 1611834 1612946 1614761 1623895 1624766 1628250 1636419 1638573 1647549 1648705 1650478 1656428 1660019 1672511 1675762 1680517 1682400 1687562 1691045 1692040 1704595 1705902 1720750 1727697 1733876 1740325 1744284 1746331 1748932 1756635 1760519 1763423 1764937 1766113 1773487 1778209 1782665 1787253 1789174 1794204 1795172 1799944 1806229 1811043 1812626 1817182 1826922 1833110 1834842 1838052 1845574 1855506 1856530 1858822 1871350 1875219 1879365 1889203 1891787 1897612 1902977 1903886 1907477 1912138 1917142 1919511 1921673 1924299 1928557 1936119 1939719 1955365 1961170 1972336 1980424 1983361 1986249 
</Matrix>
<Matrix name="Neuron_354" type="complete" rows="1" columns="686" multiplier="1.0">
   1823 3164 8310 9464 13361 15268 17694 19514 29386 31612 33852 37717 38883 39923 42006 42935 44249 49207 55859 60446 62134 67291 73665 78242 79708 83521 84592 87984 88781 92292 94466 96407 100782 101481 103275 110105 112356 113280 118789 122690 124885 126168 128379 130133 136480 137645 142813 145078 146700 150000 151154 153644 155585 157343 159252 160562 161301 164350 166583 167893 170290 174833 178295 180479 182354 183710 187537 189640 195252 196851 198140 202344 204202 207646 211535 214036 216606 218091 224150 226085 228333 229816 231351 232242 238989 240996 241765 243715 244759 247166 248557 250193 254443 258796 263745 265082 274077 281917 283110 284802 285879 289358 290756 294705 296476 298210 300894 302188 303021 305209 313182 314699 315913 320712 322665 323924 324776 325923 327571 334754 336970 338120 342432 345420 348220 352845 354414 358018 365793 367503 373331 375224 378161 385904 387194 388572 393501 401534 405106 407721 410416 411659 414728 415599 420932 422106 424438 431795 433407 434832 439701 441614 443108 446639 450238 453514 454883 458285 462031 464505 465367 466459 469467 476074 478115 479309 482339 487055 491418 492949 494712 500819 502861 505103 505994 509227 514701 516391 518443 520169 521140 522806 528708 530600 534564 537704 539129 549554 551283 552858 556050 558670 562566 567295 568161 570859 577554 582280 584023 586634 589244 590304 592717 593436 595748 605795 606858 608625 609895 611149 615364 618396 620585 625725 629822 631283 633825 640015 644730 649848 653276 654956 656689 662937 671187 672389 674220 675635 676400 680911 687846 690709 692322 693646 697516 699017 701808 704811 706377 708020 709687 713174 715044 717158 718302 723981 726241 728505 731351 735420 743169 746970 748776 750728 751931 754135 756406 759971 767580 771139 772406 774589 776887 780649 783089 786589 789426 790844 794524 799436 800956 806465 813043 814706 818177 823468 827461 830187 833313 836709 837493 839197 841434 842779 846472 847532 850303 852586 856296 864250 867463 870517 875118 876612 880863 883398 884746 885990 888067 889262 900830 904177 905059 909401 914008 915212 918730 923342 924846 926432 928592 929789 936481 938762 941418 943686 949420 951610 952863 958110 959743 961164 963657 966672 969797 972417 978277 984597 985839 987046 990079 999977 1001230 1002752 1004923 1010052 1012085 1016551 1017489 1018200 1020843 1022950 1024269 1027493 1028413 1032380 1034439 1042564 1048915 1052845 1054567 1056279 1061264 1064161 1066286 1067524 1071544 1073827 1075556 1077710 1080191 1082805 1084848 1086173 1087757 1091713 1095271 1097222 1098122 1107156 1113708 1119616 1125581 1126575 1128956 1131494 1132707 1137530 1139403 1141381 1142190 1151389 1156639 1160164 1161502 1163684 1164807 1170636 1175861 1177042 1180664 1184721 1186671 1187892 1188478 1189771 1190797 1196054 1199939 1200782 1202210 1203799 1204898 1208689 1212170 1214623 1217299 1218200 1219401 1220232 1226805 1227954 1230909 1232369 1235698 1236845 1240927 1242883 1244502 1247328 1249261 1250699 1253435 1255225 1257621 1259497 1260609 1261468 1264872 1267912 1274400 1276250 1277080 1279472 1280911 1286838 1289690 1291177 1296943 1304742 1305906 1307310 1308658 1309693 1312514 1313564 1314509 1315310 1320424 1321521 1322903 1325247 1327028 1328248 1330635 1332444 1337615 1346869 1348267 1350876 1359743 1362837 1363495 1365959 1367216 1368520 1370730 1371688 1372801 1373990 1375341 1383295 1385988 1390468 1396867 1398141 1405027 1407500 1408717 1410130 1412314 1414272 1415367 1417959 1419290 1420860 1422686 1425605 1426741 1432393 1435568 1438488 1441452 1443796 1445637 1448946 1449891 1453468 1457637 1459841 1460673 1464677 1466621 1468252 1471153 1472192 1476879 1479203 1481291 1483809 1488093 1492433 1495137 1499795 1501311 1502389 1505693 1507445 1509835 1512281 1517309 1518555 1519674 1520840 1522288 1524174 1527139 1533151 1534667 1539952 1543032 1544720 1547220 1551759 1553108 1555972 1556779 1559114 1563268 1565898 1568313 1569638 1571507 1576848 1577777 1579557 1581445 1582070 1590561 1591955 1596342 1597824 1601992 1607469 1608302 1616612 1617825 1620687 1623764 1625901 1628761 1634548 1635364 1636035 1640223 1642302 1643418 1651500 1653420 1658333 1660943 1663154 1664849 1666521 1672284 1673369 1676916 1677897 1680393 1683710 1686094 1690871 1692727 1696015 1699823 1701070 1703567 1705187 1707689 1708616 1709496 1710574 1716196 1717236 1718768 1719971 1723204 1727324 1728153 1732353 1739572 1741225 1749744 1756637 1760112 1762906 1766605 1769866 1770853 1773997 1774622 1775836 1778122 1783182 1785346 1788993 1797806 1799281 1804592 1807258 1812893 1815381 1818622 1823662 1826436 1829479 1835305 1836542 1839626 1846511 1850859 1852404 1857677 1858797 1860881 1861926 1863610 1866585 1869596 1871814 1873557 1876051 1878720 1880728 1881615 1883698 1884739 1887064 1893411 1894719 1898967 1902012 1904796 1906403 1907606 1909398 1912531 1914657 1916287 1917841 1921169 1923255 1924527 1931791 1936553 1946255 1948990 1954648 1956256 1958585 1959491 1962484 1964818 1967125 1970587 1977677 1981211 1982260 1984429 1987242 1988585 1989700 1992763 1993957 1996161 1997467 
</Matrix>
<Matrix name="Neuron_397" type="complete" rows="1" columns="42" multiplier="1.0">
   97529 162401 234950 255672 319157 324633 335797 440586 556083 580994 584058 608033 669900 752695 757495 813244 829583 1078835 1080575 1091959 1094336 1113414 1136774 1224621 1288397 1323548 1339372 1347369 1365682 1386771 1421673 1449812 1500803 1548919 1603285 1631140 1712932 1738867 1753802 1760955 1784874 1889946 
</Matrix>
<Matrix name="Neuron_407" type="complete" rows="1" columns="754" multiplier="1.0">
   796 1934 3735 6633 15511 16557 30567 35850 37136 42936 44213 45157 52275 56452 59849 62352 68063 70684 71994 77924 78805 81449 83129 84805 87029 88109 88944 89725 92085 96136 97251 101495 104969 106480 107859 109638 111888 112998 116860 120412 121020 123296 126017 127467 134881 136517 138455 140170 142740 143809 152232 153288 157165 157885 160246 162309 164770 166437 170314 172581 173615 181169 183457 184410 186112 187252 188816 191486 192363 195189 198063 199801 201007 206342 209918 215984 219611 226510 227953 234765 239122 240441 244276 249048 250810 252440 254120 256140 257619 259613 264872 265993 268105 271895 277707 288024 291204 293877 298964 302079 304201 305414 308082 311556 316205 318733 321287 323647 325064 326925 330552 335847 343249 344840 345571 350128 351672 352514 353312 354743 355959 357504 361808 363777 365130 368314 372854 374175 378193 381071 383577 385462 387121 389551 391377 395013 396248 398928 401748 407594 410763 411662 412897 414205 417655 420431 424332 436112 437497 438697 439947 444728 446322 450629 453069 456087 460220 462019 463079 464573 470777 474844 476621 479750 481772 484618 485950 488207 489443 491310 492370 496435 497287 500504 501112 502743 505964 509801 512706 516865 518854 520855 521609 522989 524595 525694 527058 529412 533265 537514 538804 540570 541429 544579 545618 552424 554144 559672 562144 569330 572179 575670 577583 579366 580274 581061 586416 587583 588694 591851 594024 595389 596478 598413 599235 602428 603766 604559 608888 609824 616167 617613 619435 624191 628126 630212 635161 637767 640186 641598 644699 645682 646460 649182 650574 652921 660112 665796 670256 672688 674535 675690 682325 683521 684565 690240 691418 692419 695708 699214 700852 702756 704527 705512 706816 708933 711370 714204 715307 717836 720353 721710 728512 731467 732922 734838 735696 740670 741628 744659 746094 747350 749019 752500 755453 758039 759617 765736 766921 768847 772027 774002 776086 780409 783081 785809 788843 792304 793649 800774 802738 803568 804727 811577 815942 816679 819814 821095 822350 824293 827193 828258 829812 832227 833025 834875 837254 842756 851320 854399 858146 860073 864100 865229 866672 867925 870638 872342 873591 875600 877859 879858 882065 885299 888228 889046 889842 891760 896805 898435 900153 902882 905773 906896 907862 910300 911166 915445 921225 923070 924728 926500 930420 932178 933477 934829 937504 940039 940833 943348 945209 946683 947929 949999 951424 955335 956869 958086 963818 966440 967437 970165 973674 979181 981195 984423 988574 990186 992642 995932 997993 999076 1000214 1005469 1007615 1008940 1010794 1012754 1013741 1015193 1017460 1019368 1020419 1023053 1024400 1027098 1028085 1031855 1033203 1034465 1036103 1038132 1040435 1041396 1044450 1046422 1049039 1056317 1063895 1067712 1069186 1070072 1071542 1072439 1077426 1079076 1081274 1084329 1087192 1090603 1091489 1096991 1100924 1104548 1106615 1108333 1110729 1115056 1117041 1122669 1127842 1132577 1133999 1136383 1137329 1142077 1145453 1147461 1148550 1151519 1153038 1155413 1156366 1163951 1168126 1170784 1176290 1179908 1181178 1184383 1186215 1189244 1195685 1199766 1200632 1202780 1206079 1207523 1208691 1212341 1216309 1222505 1229481 1233588 1235935 1239430 1244040 1244738 1245991 1247394 1250565 1253999 1255919 1257358 1261737 1262509 1263240 1269033 1270287 1272606 1277656 1278515 1279346 1282395 1289274 1290660 1292035 1293484 1295565 1300125 1301536 1302803 1305328 1306413 1308295 1309594 1310444 1311390 1312543 1314719 1316133 1317436 1318442 1319558 1330131 1332584 1338490 1339674 1342109 1343144 1345701 1350981 1354763 1356754 1357618 1360425 1361445 1363997 1364799 1370530 1374907 1376789 1377702 1378834 1382591 1384487 1386146 1387613 1390197 1392437 1393453 1394531 1397434 1398898 1407151 1408480 1409104 1419889 1421787 1424627 1430187 1431298 1432850 1435896 1437486 1439972 1444162 1445540 1448865 1451652 1453335 1454985 1458585 1460727 1462590 1464379 1466082 1469581 1471738 1473310 1478826 1479711 1480748 1481831 1485025 1486223 1489704 1492076 1493244 1495373 1499607 1500863 1506633 1510352 1511351 1512279 1513215 1519132 1520341 1523532 1525167 1527824 1529867 1530965 1534219 1538776 1540889 1542208 1543258 1544536 1548765 1549704 1555118 1563703 1567131 1569415 1576415 1577274 1578777 1585112 1587183 1589364 1590475 1591668 1595019 1597421 1598542 1602767 1604219 1606172 1608749 1609446 1616330 1618244 1621067 1621941 1622726 1626070 1628421 1634663 1636584 1641145 1642366 1644690 1646886 1648809 1650234 1651098 1653877 1655262 1658611 1662238 1664078 1664819 1666275 1668845 1669755 1671643 1673108 1674420 1678731 1684275 1686035 1687960 1692247 1693876 1695896 1696909 1697921 1701131 1702882 1704176 1706439 1707893 1712173 1714355 1715668 1716970 1718939 1719652 1720963 1722322 1732365 1735790 1736825 1738572 1739940 1744907 1749163 1750187 1754204 1757349 1758954 1759819 1763760 1768858 1770513 1771288 1777392 1782347 1783291 1786251 1787456 1789205 1790883 1796027 1799272 1802623 1807002 1808584 1810921 1812721 1814098 1819068 1828962 1834187 1836460 1837910 1842654 1843983 1846788 1852103 1852808 1855467 1856670 1859254 1861155 1864761 1869520 1871378 1872718 1873629 1877372 1878788 1879939 1884137 1886643 1887646 1889087 1893675 1896893 1899389 1900781 1902811 1909795 1913044 1913840 1915624 1917516 1918502 1919995 1921065 1921980 1924018 1925164 1926736 1933417 1934707 1939022 1940441 1945768 1947963 1949140 1952204 1956170 1956986 1959956 1961142 1963472 1967633 1969754 1970854 1972751 1975598 1977732 1979832 1982734 1984581 1987479 1988790 1992114 1993931 1996005 1999869 
</Matrix>
<Matrix name="Neuron_417" type="complete" rows="1" columns="90" multiplier="1.0">
   2622 3579 12899 18186 45276 69749 117003 138579 167992 171403 182829 235808 257297 287681 291384 307166 344632 396854 458662 469214 513164 538316 563036 572055 587203 597333 615936 680919 706152 761820 785469 786510 796971 798084 812660 814447 860469 886548 899839 902733 931664 940900 1021659 1032662 1044043 1066810 1074963 1077724 1113324 1116937 1127321 1149287 1150540 1156885 1162575 1186082 1202518 1244075 1248990 1330973 1422210 1424477 1426567 1456801 1474219 1481975 1496770 1505183 1550800 1600530 1605107 1626684 1630861 1674475 1679876 1702252 1704464 1742301 1771874 1804213 1811776 1820686 1838912 1842951 1873603 1896375 1918604 1923623 1944028 1984545 
</Matrix>
<Matrix name="Neuron_421" type="complete" rows="1" columns="697" multiplier="1.0">
   2202 5691 7508 9421 11878 19361 22864 29704 33407 34703 39178 40373 45204 46439 47445 48712 50282 51767 56412 57948 58716 59982 61121 66242 69110 70391 73414 75190 77032 80274 81092 82097 84958 87901 90021 91966 93376 94333 97838 99464 106873 107943 109060 110318 111278 113809 116808 119190 121164 124255 129594 133998 135782 136830 137752 139165 139854 141204 144131 145608 147509 151615 153745 155142 157218 159051 162536 164326 166659 170871 172266 174613 179505 180618 185207 186864 188192 189548 195695 198649 201276 202156 203521 209293 210599 212434 213736 214710 216412 218014 220228 221283 225985 227333 228901 232948 236603 245352 246849 248976 252806 254767 258655 259485 261275 263115 264031 265871 267214 270183 271590 272888 274723 276404 279921 283296 284864 288009 290882 292594 294832 301104 302838 303529 308086 312690 315602 317740 322418 324919 325841 328483 330464 332862 339355 341567 342645 343508 351057 353545 355792 357941 358631 359704 360355 362297 363219 364897 366922 368870 370658 372099 376661 379613 389747 393279 395336 396306 397804 399635 404386 407395 408417 410511 413058 414590 416436 417787 418610 419391 424412 427739 429251 431049 432111 439871 449103 453469 455479 457786 459949 462823 464121 465898 469248 470900 474860 475821 479901 481457 482098 485273 486275 491383 493597 494999 496870 499104 501700 502664 504084 508219 509446 510445 515945 517502 518433 520341 522956 524505 525576 529501 537513 538142 539969 540574 541914 544814 545828 550817 552656 558981 562750 564102 567066 568148 570625 573996 577423 580210 584242 585858 587395 588195 591728 600423 601840 605717 607552 609992 616482 618504 620045 621478 627474 635013 640846 642250 643109 644156 644694 646727 648853 650796 652295 655010 657496 659247 661219 666499 671142 672662 674125 678527 680284 681451 683094 684413 685262 686358 688602 696831 699557 701767 703764 707374 710571 719139 720615 722905 724159 729881 731111 735652 737521 742438 744186 745885 746583 752141 753384 754394 755815 756835 757856 761984 763992 768608 770131 773600 777354 781155 782551 789290 791178 792866 800737 804248 808038 811756 812975 820230 821554 823499 825570 827094 828797 833245 835018 838886 839455 841200 841911 844532 845683 848692 850357 853737 855895 858335 860227 861583 863432 865306 866952 869409 872491 875711 877129 879490 884734 888442 890156 892187 893893 902315 903431 904459 912686 914655 916510 921143 922522 927761 930019 943789 948261 951880 953745 956160 959161 962628 964784 966849 968483 973702 975426 985076 986749 989667 991743 994655 996854 1007374 1010740 1013717 1019489 1022199 1023684 1027346 1028951 1029704 1032093 1035616 1042316 1043825 1045792 1046706 1049783 1051280 1052198 1055895 1057206 1060948 1063872 1065441 1067295 1070955 1072343 1078940 1079973 1083630 1084229 1086233 1091963 1093078 1096156 1097436 1099544 1101135 1105532 1107639 1109944 1116358 1118002 1119425 1122493 1131524 1132473 1135943 1137683 1140228 1144767 1153709 1157156 1167674 1169910 1171287 1177275 1179282 1180832 1185808 1193692 1198123 1204357 1207940 1211027 1213900 1219570 1223357 1234551 1237577 1238835 1243645 1246178 1248765 1253979 1258276 1261941 1267784 1269478 1271928 1276607 1279333 1281291 1292529 1294502 1296060 1296975 1303171 1305374 1313056 1318429 1321344 1330699 1332037 1334769 1337808 1341966 1345954 1347559 1349087 1349996 1351955 1353431 1355163 1358437 1361232 1362032 1363230 1364758 1366757 1370689 1373025 1376983 1380130 1382965 1384734 1385729 1389178 1389859 1397109 1398645 1402417 1403358 1404615 1408585 1412577 1414439 1419670 1420876 1424389 1431957 1433427 1435912 1436790 1440328 1444130 1447188 1447984 1449121 1450521 1455345 1457150 1459235 1460727 1462400 1464742 1475783 1479013 1490103 1494005 1495505 1496827 1498532 1501196 1503487 1504233 1506067 1508192 1510439 1512417 1516110 1517301 1521489 1524975 1529808 1536261 1540941 1542809 1544156 1549468 1557278 1558917 1560480 1565033 1570492 1573306 1576042 1581594 1584152 1585207 1586364 1588450 1591882 1592481 1594915 1598843 1599988 1600935 1611013 1612302 1616726 1621092 1626270 1628855 1636813 1638164 1642486 1643953 1651443 1653186 1658794 1660477 1661472 1665243 1667854 1670543 1671629 1673909 1680453 1681385 1682566 1683835 1687164 1688322 1690097 1691803 1694635 1696959 1702822 1708779 1711154 1711885 1714705 1715925 1720742 1723779 1726451 1732850 1735381 1736671 1740150 1742027 1743157 1744793 1748452 1751686 1758995 1768982 1770295 1772911 1774746 1776793 1777906 1779560 1782153 1789318 1793443 1796493 1798024 1799796 1808513 1809473 1810925 1815559 1818308 1824216 1828104 1831657 1833242 1839342 1840562 1846545 1852864 1854768 1856767 1859003 1860950 1865001 1867141 1867764 1871053 1874814 1875524 1876780 1880565 1882139 1883151 1884499 1886604 1891369 1892563 1895196 1896035 1897091 1899546 1904214 1905519 1907508 1910023 1912289 1920140 1923257 1926065 1929233 1930746 1932409 1933981 1938410 1939244 1939990 1943216 1944297 1945528 1947726 1949306 1951627 1955951 1958030 1961057 1962896 1965312 1966011 1974460 1976024 1977992 1979405 1980977 1982762 1984703 1989001 1990399 1992970 1994406 1997297 1999465 
</Matrix>
<Matrix name="Neuron_424" type="complete" rows="1" columns="206" multiplier="1.0">
   1569 10627 13779 20491 37442 45747 61842 66390 78402 87919 90352 105228 114790 116521 117688 124797 131513 145807 152344 158958 172737 180503 190054 205258 209804 218814 228590 229766 233295 236204 245717 248774 275979 278154 287656 304640 306640 322603 325877 330609 332241 347189 350367 358020 360096 361888 365136 366888 391263 395406 413466 419085 454593 467989 480858 495512 511585 514998 519420 534105 541415 547816 555571 556859 561865 568232 569633 573423 582609 587123 597152 600028 603186 605069 612165 622667 630672 636397 640206 652666 668042 685324 700587 717135 721541 730460 734167 738389 743028 745590 747321 749985 752129 756441 771531 772592 783994 787286 790172 807474 820940 834690 839203 842923 847301 855054 871499 874849 883345 894312 900166 917719 938907 942230 946655 958351 984711 988959 1036927 1055744 1084306 1089351 1100549 1132922 1135366 1141044 1159159 1165951 1183398 1191089 1205178 1222697 1224442 1229608 1236281 1238881 1242888 1248105 1249284 1252329 1254022 1256623 1275471 1281904 1286606 1289472 1314403 1315846 1318756 1324341 1333205 1343297 1368543 1381744 1384294 1387849 1407478 1417613 1436523 1445882 1447546 1472427 1504915 1509544 1512583 1515128 1525821 1532773 1536734 1595165 1604716 1628259 1629542 1643421 1656710 1681127 1691311 1727412 1729407 1748370 1752731 1764702 1768801 1770407 1772774 1777372 1805532 1812369 1819408 1824455 1831332 1841330 1845708 1859565 1873043 1876125 1887789 1891286 1904135 1915283 1921687 1923995 1941366 1950986 1970989 1980429 
</Matrix>
<Matrix name="Neuron_431" type="complete" rows="1" columns="254" multiplier="1.0">
   8036 13808 26266 27993 31175 59591 62093 66457 73234 85593 93841 106781 114378 131489 141596 145919 157432 163077 164246 172586 182465 193435 198119 208887 211349 219279 222361 223986 235035 243192 244077 250257 264702 275361 300475 315012 326636 330415 331765 339877 347930 352853 353839 358424 378521 387553 392113 395349 402603 409238 412517 414438 427834 430189 431411 445684 447382 454582 458712 472226 473615 477707 490597 495189 513149 518379 521928 535427 540724 543254 545067 549626 555236 558814 567934 570137 582008 586373 587588 596829 613510 616176 623103 624166 625724 632353 640646 641948 644750 650677 655780 689168 696753 700103 713057 719890 728937 734099 735056 737214 760264 765120 770254 771761 802834 810623 821134 842335 846658 848029 851330 854696 855661 859674 860813 875705 879170 888943 893039 899471 911930 915471 919790 924940 926821 937346 940021 947520 961487 971081 977259 984665 995576 998119 1011781 1030157 1037380 1041085 1061289 1064652 1071836 1075633 1077771 1087033 1091994 1100456 1120657 1123951 1128309 1134411 1137565 1140821 1171470 1179416 1184921 1189680 1200095 1203302 1207005 1215695 1223482 1236370 1240039 1248954 1251748 1255044 1261767 1292161 1317464 1327460 1329179 1332632 1338705 1347388 1354636 1394462 1396205 1417487 1430472 1439833 1446634 1452224 1457307 1459858 1462606 1466281 1485277 1486452 1490654 1494490 1506117 1513516 1523249 1533601 1547940 1553977 1568829 1574130 1581555 1585987 1591349 1597611 1610593 1613907 1616938 1618576 1627147 1639184 1642924 1644169 1657652 1662699 1673812 1694024 1699422 1701284 1706572 1710362 1720079 1727833 1733800 1737425 1747085 1760981 1775417 1778866 1782663 1794001 1805811 1814203 1822526 1825985 1832615 1839297 1846209 1854725 1870108 1882294 1888810 1893593 1894959 1896402 1899586 1921733 1941647 1944747 1952126 1958247 1966016 1971997 1974185 1979493 1981567 1991768 
</Matrix>
<Matrix name="Neuron_434" type="complete" rows="1" columns="962" multiplier="1.0">
   1282 3789 4931 6466 8605 12522 14286 18636 19526 22904 23854 27644 29360 32897 34122 39809 44081 47029 51793 55120 56961 59002 61858 64515 65168 66360 67731 71673 72708 74859 76028 77160 78708 80893 84090 85098 87082 90270 93451 94470 95828 96906 99665 100744 104128 105881 107299 110512 112582 116643 117643 121478 122920 124667 125675 126642 128396 131119 134920 135565 136594 137681 140240 141204 143472 144523 145817 146873 148914 149850 151457 154372 156291 158488 160807 162083 163376 165386 168292 169107 170115 172232 175729 176795 178244 182944 186196 189839 191725 192995 194815 195656 198195 199489 205288 206426 207819 210255 213726 214720 215442 218407 221337 223911 225099 226941 227445 231194 232664 233763 238032 240284 244536 246458 248591 250952 252116 259851 264121 265104 266165 268094 269221 272457 274044 276624 278055 279422 282510 283346 284852 286769 287558 289492 290799 291704 293901 295351 297649 298895 300309 302615 305189 308308 310994 313083 319246 321592 324015 328810 332124 337746 338908 341355 342397 346835 348468 349058 352558 353832 354876 356468 359661 362160 366338 367384 368882 370745 373459 375252 376661 378286 379919 383416 386684 389213 391476 392976 394217 397883 403295 404355 406087 411428 412437 413533 414770 416933 418562 419937 421297 423939 427298 428198 433681 434264 437593 439702 443540 445004 446130 447413 448646 449548 451018 452061 454882 456769 459490 460273 461187 463704 465865 467387 468823 470879 474064 476467 480613 482775 486229 488281 492408 494061 496111 497823 500169 501976 503115 505380 506698 508614 511516 512327 513330 514947 517457 519078 520129 520852 521729 522983 524861 527981 530333 532661 534688 537318 539208 540894 543770 545999 547073 549418 552753 554038 557027 558613 561057 562452 563318 564680 566947 567695 568912 570643 572943 574176 575554 577369 578653 580515 582891 584343 586966 590946 592392 593309 595192 596638 599040 600610 602240 603208 606451 607048 610723 611579 612624 613821 616215 619078 622049 624501 628741 630704 633800 636995 637934 639103 641689 644203 646799 649005 651952 653226 654592 656451 660917 666599 667823 670078 674035 680098 681841 683891 684855 685717 687647 690889 692186 693901 695060 698368 699517 701824 704804 708048 711607 712892 714727 717006 718236 721640 722367 725673 727977 729820 731512 732897 733697 734496 737591 740665 742201 743711 744420 745855 747585 748379 750317 753401 757925 760445 761485 764197 766374 768539 770807 772619 775112 776976 777852 779426 780496 784463 787621 790137 791625 792948 795566 796513 799488 801706 805845 808414 812102 814259 816154 816844 818385 822703 828611 830818 834352 835636 838343 839061 840760 842206 843691 846348 847810 849047 850050 851562 855747 861391 862333 864635 866050 868941 874620 876344 878163 880491 881689 883365 884355 885110 885930 886892 887697 888527 890279 891459 893638 894851 899060 900069 904067 905507 908762 910530 913224 917928 920047 924536 925972 927063 928360 930631 931826 933727 935809 937300 938266 940306 941150 942628 945043 946196 947047 948590 949749 950514 952644 955849 957744 961222 963428 966212 966742 970455 972505 974325 977914 978755 980542 982399 983272 985984 987573 988412 989169 990931 992795 994987 996457 1001379 1003305 1006987 1009145 1011588 1013197 1017328 1018167 1022964 1026224 1028988 1030133 1032988 1037930 1039115 1040259 1043374 1045380 1046412 1049419 1051674 1055103 1055911 1057549 1059929 1060973 1062451 1065821 1067480 1069969 1070708 1071980 1074449 1077098 1079531 1082141 1085027 1087149 1087962 1090136 1092148 1094151 1096881 1100236 1102038 1103663 1104525 1105245 1106614 1108623 1109904 1110636 1111433 1114959 1116396 1117425 1118730 1119733 1122948 1123761 1124395 1126355 1128347 1129556 1130704 1133466 1136016 1137526 1139150 1139894 1142057 1146178 1147270 1148687 1154326 1155300 1156131 1158337 1162287 1165744 1166748 1168023 1169828 1171758 1173940 1175275 1176625 1177691 1183516 1184628 1187057 1189309 1191258 1192900 1194998 1196243 1198114 1199823 1201641 1203579 1204737 1205673 1208579 1210594 1214866 1217441 1218850 1221640 1222949 1224298 1225919 1232613 1235241 1236335 1237303 1241432 1244102 1244842 1248468 1249479 1250409 1252968 1254978 1255965 1257885 1258976 1260248 1261522 1264329 1266630 1271907 1272994 1276650 1278053 1279716 1280668 1281324 1284052 1285659 1287806 1290401 1292117 1294451 1303732 1305623 1308252 1310037 1312173 1313870 1315038 1316226 1317064 1319454 1321432 1322657 1324378 1325757 1326985 1333036 1335069 1338789 1339925 1342379 1344324 1345258 1346975 1348735 1351750 1352826 1354505 1356465 1361051 1362909 1363726 1364495 1365301 1367363 1368490 1371041 1376453 1377716 1379778 1382429 1387723 1388930 1390244 1392552 1393967 1396684 1398394 1402829 1407327 1410580 1412446 1413933 1416843 1417643 1421241 1422575 1425034 1426522 1428133 1429612 1432710 1433445 1435934 1437331 1438237 1439443 1440257 1441232 1442364 1443728 1444889 1446220 1447368 1448793 1449679 1450913 1452064 1455373 1456539 1458689 1459922 1461123 1462565 1466106 1469435 1470172 1477518 1478992 1481452 1482456 1486386 1488538 1489801 1492127 1493584 1496588 1497802 1501372 1503167 1504891 1506972 1509496 1514424 1515722 1516266 1518433 1518978 1520123 1523408 1524825 1527365 1528847 1530560 1534411 1535557 1537295 1538226 1541471 1543158 1544497 1546551 1548054 1550225 1551234 1551969 1552740 1553482 1555263 1556227 1560590 1563442 1564765 1567243 1569611 1571165 1573393 1576959 1578434 1580362 1583083 1583735 1586440 1587305 1589022 1589623 1590330 1592640 1594448 1596787 1597942 1601778 1602462 1603245 1604425 1605602 1606700 1608272 1609026 1610199 1611794 1612904 1614492 1616069 1617587 1619143 1625914 1626909 1628846 1630642 1632452 1633467 1636262 1637591 1640396 1641517 1642412 1643182 1646338 1647463 1649548 1650464 1651525 1655550 1657526 1659513 1660680 1662267 1664669 1665663 1666625 1669641 1671244 1673068 1675585 1680572 1681827 1682653 1685789 1689552 1692573 1693945 1694933 1695576 1697463 1698454 1699768 1702173 1704098 1707022 1708843 1710041 1711062 1714198 1716551 1717368 1723056 1724287 1726653 1730105 1730870 1736208 1736943 1739908 1741686 1742361 1743908 1746881 1750680 1751751 1755588 1756374 1757240 1759363 1761018 1764767 1766873 1768038 1769047 1770063 1772676 1773641 1774633 1776075 1777178 1781746 1784343 1785560 1786800 1791241 1792445 1793434 1794651 1795754 1798949 1801167 1802345 1805991 1807674 1809469 1811284 1812990 1814230 1815840 1816940 1818157 1820686 1822909 1825091 1828532 1830009 1833972 1834820 1835744 1840939 1841929 1844720 1846855 1848403 1850857 1852581 1855171 1857309 1858547 1860525 1864365 1866939 1867871 1871217 1873446 1876467 1877581 1881434 1884135 1886618 1888167 1889651 1890663 1893402 1895376 1896623 1900367 1904037 1912269 1914012 1919211 1920284 1921667 1923191 1927121 1928094 1929367 1931456 1932963 1934387 1936433 1938310 1939737 1941190 1942413 1943685 1944709 1946704 1949066 1951330 1953460 1954219 1956485 1959615 1961031 1962610 1967106 1968325 1969944 1971701 1972858 1974475 1975902 1977136 1977945 1979922 1981260 1983229 1984605 1988647 1991425 1992994 1993729 1995759 1997433 1998297 
</Matrix>
<Matrix name="Neuron_441" type="complete" rows="1" columns="1030" multiplier="1.0">
   697 2750 3480 4637 5462 7344 9837 12328 15643 17350 18185 18896 19702 23171 26404 29122 30807 31641 32931 35938 36857 39037 40680 44689 46057 48236 52677 53701 55140 61401 62730 63674 65550 66852 67567 69225 71508 72626 74418 75311 76353 77064 78881 82536 86041 88358 89117 94626 95754 96865 100631 101173 103054 104006 109089 109844 111331 113023 114761 115668 121024 122463 124025 125744 127560 130995 131880 132861 133626 135146 136640 137820 138815 140086 142871 144040 144947 148247 152695 154245 158396 160428 161578 162536 163967 164960 166297 167345 168624 170634 171548 175515 176284 178726 179722 180695 181551 182719 183760 185570 187125 188536 189809 192598 195651 197147 198099 199402 200755 202495 204235 205858 207212 209199 210186 211829 215819 219504 221491 222435 223832 225607 228076 229214 231847 233196 234233 237313 238892 240265 241059 241794 244716 246009 247164 249584 250662 251512 255638 257050 258392 259611 261384 262393 263441 265951 270073 272204 273928 276310 280949 282601 285517 286036 286983 288050 289617 292443 296683 297733 299252 300827 301775 304007 305623 307477 308243 310333 311979 313280 316025 318322 322387 325789 326842 328054 329106 329772 331016 333607 335655 337384 340497 341374 343084 345684 347258 349620 352264 355940 357224 359433 360839 361591 363460 365391 366632 367327 368394 369188 371825 372817 374040 375657 377410 379764 381991 387908 389688 392942 394799 395607 397198 399946 402652 403820 404903 407076 408745 413892 416341 417833 420290 421148 422685 424474 426422 427451 429287 432384 434461 436040 441386 443629 444914 446894 449764 450773 452157 453579 455943 458533 459503 460421 465413 466556 467499 468812 471946 473389 474172 475592 477453 478283 479494 480598 483304 484262 485650 488506 490007 491476 493491 499827 500573 502286 504257 508334 513327 514136 514925 516013 518121 521631 523878 526248 527057 528848 530732 533399 534539 536542 537670 538763 543489 546056 549708 551956 553881 555819 559993 560734 566629 568037 568665 570434 572186 576605 577890 578703 581291 582622 584742 585459 588632 594292 595037 596235 597663 598640 599702 601951 605744 608087 609148 613882 615023 615732 619716 621548 624929 626882 628351 629905 630788 633825 635797 638406 645151 648931 649917 652231 654420 655221 656987 660523 662389 663924 664964 666054 667389 670239 672939 673622 675458 676387 678440 679093 680710 681718 686654 688171 689347 692650 693881 694631 696965 699578 701719 703702 705049 705848 706895 708519 712145 713773 714545 715964 718390 723421 724789 725707 727765 729361 730353 731211 736010 737724 740639 743091 744756 748061 751821 752698 754877 756906 759339 761773 762851 764263 769829 771123 773283 774431 776169 779365 780474 782104 783162 785117 787076 788396 789730 790588 792041 795247 796333 797551 798730 800492 803626 804527 806396 808348 810727 811495 812497 815382 818849 819928 821581 822335 823267 824916 825469 826921 828980 830765 831863 832996 834378 835655 836979 839864 841955 843341 845547 849040 851143 853156 854583 855735 856812 858353 860096 861857 862663 867014 869872 870939 872086 873709 877621 878560 880067 881751 883267 884903 888221 889456 890119 891664 893007 896145 897660 898332 900136 908182 911486 913098 914239 915017 917852 919567 921456 923457 925706 929634 931434 932389 934162 937274 939313 940393 941582 943536 944796 945661 946489 950248 953756 956033 960118 961247 965116 967797 969139 970127 971643 974484 976785 977616 979111 981547 984913 985912 987275 993697 995708 997029 998094 999603 1001660 1003080 1003960 1005172 1005999 1007708 1009461 1011348 1012273 1014045 1017491 1019494 1023989 1025720 1028166 1029509 1030475 1031877 1033870 1035016 1036565 1037402 1038640 1041012 1042152 1045902 1048253 1049981 1052000 1055602 1057681 1060578 1062411 1063256 1066287 1067068 1069283 1070254 1071679 1074367 1075380 1076175 1079682 1080775 1081618 1084056 1085028 1086831 1087799 1089553 1091490 1100065 1101731 1103827 1107335 1111843 1113836 1115394 1117557 1120547 1121965 1122950 1124451 1125547 1126492 1127328 1131368 1134797 1136860 1139909 1141796 1143884 1145083 1146560 1148810 1152022 1153030 1154961 1156868 1158582 1159166 1159948 1161936 1166736 1168126 1169294 1169845 1172830 1174284 1175238 1177099 1178218 1184017 1186038 1188968 1190246 1191686 1192633 1195838 1198185 1201026 1202613 1207165 1208957 1212575 1213789 1214986 1216191 1221331 1227146 1231026 1232972 1234601 1236931 1238123 1239276 1241591 1243493 1244522 1246171 1248207 1248955 1252369 1255883 1256696 1257851 1260538 1262348 1263271 1265075 1265961 1266960 1268596 1269652 1273683 1276186 1278188 1279026 1281607 1282397 1283676 1285051 1286638 1288029 1289235 1290390 1290947 1292850 1294762 1296045 1297493 1298789 1302109 1304846 1313200 1313870 1314633 1317621 1319228 1320593 1322859 1324055 1327533 1328614 1330626 1332951 1333623 1335336 1337239 1339126 1339868 1341121 1342314 1345483 1346641 1347538 1351159 1352335 1354056 1354768 1356486 1361063 1361787 1364277 1365772 1367298 1369252 1370710 1372533 1373657 1376518 1377311 1379712 1381606 1382567 1383286 1384299 1385384 1386457 1388676 1389859 1391251 1394628 1395363 1396288 1398223 1400249 1400876 1401758 1403051 1405261 1408741 1409761 1411984 1415125 1416971 1418323 1419303 1421412 1425097 1425892 1427937 1429175 1430528 1432193 1433909 1436512 1437697 1438436 1442276 1443442 1449731 1451555 1453006 1454835 1456101 1456916 1461727 1464495 1465503 1467718 1469432 1470257 1471706 1472808 1474201 1475340 1476313 1477109 1478219 1479526 1480677 1481983 1484046 1485515 1486590 1488463 1489686 1490966 1494365 1495803 1496589 1499604 1501299 1502447 1504795 1505853 1507978 1511058 1512229 1514774 1516972 1517895 1519095 1519685 1523035 1524512 1527163 1528287 1530209 1533429 1534876 1537551 1540386 1542565 1543396 1544729 1546425 1550353 1556676 1558614 1560669 1563422 1564347 1569196 1571184 1573902 1575181 1579935 1580757 1582128 1583651 1586083 1587991 1589216 1590327 1593149 1596895 1598436 1601260 1602923 1605583 1607009 1609280 1611047 1612145 1614030 1615024 1617888 1621985 1624434 1625413 1626673 1628915 1629874 1631905 1632838 1633863 1635116 1636998 1638958 1640623 1643392 1644147 1646697 1648770 1650987 1651841 1652954 1654940 1661643 1663214 1664835 1665790 1666935 1668982 1671482 1672184 1672934 1675141 1676604 1677733 1681657 1683134 1683853 1685110 1685967 1686735 1689518 1690584 1691635 1693470 1696215 1698726 1701651 1702731 1704131 1705607 1707040 1708141 1709095 1712912 1718177 1719490 1722217 1723465 1724898 1725823 1726902 1729770 1738233 1740407 1742982 1744533 1746438 1749912 1751502 1755346 1756368 1757248 1758235 1759891 1763334 1766739 1768131 1769302 1770662 1772327 1773558 1774231 1776176 1777785 1779498 1780484 1781198 1782297 1785312 1787289 1788701 1792268 1796493 1798302 1799742 1802663 1803956 1808548 1810142 1810744 1812193 1813430 1814502 1815538 1818636 1824092 1825228 1826876 1828578 1829020 1829953 1833311 1835658 1838377 1839619 1842334 1843649 1846031 1847373 1851668 1852493 1854531 1855672 1856594 1857219 1860516 1861378 1862448 1866927 1871950 1873719 1874868 1878698 1880693 1881506 1882164 1884287 1885025 1885943 1888409 1890336 1893403 1894270 1901701 1903570 1905974 1907550 1909448 1910844 1912526 1914154 1915677 1916877 1919490 1920945 1923116 1924520 1926615 1929210 1930096 1931581 1932914 1933993 1935567 1938877 1940200 1941564 1943829 1945471 1946244 1946910 1948786 1951977 1955954 1958240 1959277 1963075 1964256 1965698 1966788 1968417 1969798 1970783 1971447 1974740 1976419 1977705 1979053 1981714 1983110 1984212 1985010 1988208 1989433 1990532 1992202 1994731 1995966 1997183 1998285 
</Matrix>
<Matrix name="Neuron_444" type="complete" rows="1" columns="531" multiplier="1.0">
   1265 10239 12212 13933 18181 20302 22708 26626 27757 34086 37813 38985 40829 44090 46116 49229 51642 57515 58587 63557 64819 68997 71007 74136 77240 81998 88645 90133 91838 93007 95178 97734 102094 104078 111082 112601 113644 119243 120521 122774 124827 128982 133211 137739 139697 142127 146393 149518 151234 153903 157496 160377 163646 165004 166583 171129 173468 175229 176680 178903 183943 185609 191376 195246 198848 201359 205340 211772 215119 220323 223598 226230 227221 234574 236351 238251 240276 241836 248633 253283 258444 260180 261958 269825 271256 272743 273786 276410 285781 289724 292510 294095 295765 299003 301733 303157 311491 318421 321942 323875 327869 329990 331874 335460 339732 343512 346411 349614 353382 355666 358368 360394 365924 368586 369829 377056 384149 390356 391485 393486 395237 398389 399556 402941 406900 408152 410236 420512 425260 426863 432791 434578 437333 439139 441357 443216 448335 451026 452226 453072 457123 462025 470343 472507 474714 490385 491093 502552 504561 506491 510857 514582 519939 532004 532981 540986 550440 554342 555871 563101 571040 575038 580652 583925 587351 589454 591531 592141 595315 596799 601891 604802 611264 614665 617368 623464 627776 631191 635674 643158 644222 645672 653513 657146 660268 661938 663644 664365 666559 677238 680509 682185 688099 694054 696268 703595 707664 710169 712642 715895 723376 742283 745162 748186 756024 760125 765506 767047 776111 778436 792074 794669 797901 815183 817788 819125 824471 826559 827560 829133 836496 844256 851709 856453 857706 859431 862408 864740 876000 879656 881776 883846 884484 887413 888702 892154 895300 898336 900832 903610 904876 911713 913233 917986 920148 924707 925964 926892 927972 930812 934337 938056 941908 946249 948132 952479 955521 957369 958664 960471 967164 972507 976451 981107 989057 993313 995518 999093 1002339 1007935 1011414 1015730 1023160 1029136 1041816 1044517 1045663 1047330 1056613 1058430 1059551 1060729 1086314 1089896 1094096 1098550 1101887 1103884 1106234 1107916 1121695 1123622 1126567 1136856 1141313 1147771 1152524 1156730 1162906 1165437 1168001 1169215 1181079 1182624 1188109 1189556 1191464 1193682 1195497 1196560 1200474 1201434 1204882 1206183 1207066 1212746 1215487 1221232 1227111 1231659 1234413 1236074 1241675 1242595 1246990 1248526 1250838 1257677 1260614 1264130 1265736 1267450 1276357 1278674 1280161 1281793 1285051 1288479 1294529 1296630 1298766 1300772 1302805 1307257 1311233 1314058 1315352 1323782 1326855 1336003 1345747 1351918 1353749 1355000 1356747 1358357 1359678 1363412 1365436 1367203 1369397 1376853 1378523 1379861 1381487 1383657 1390168 1391622 1397312 1401346 1403973 1411596 1416283 1428483 1430569 1433064 1436404 1437630 1443665 1449147 1451592 1453804 1458187 1460870 1463574 1468791 1470895 1473334 1478865 1480801 1483843 1485312 1486796 1489641 1491682 1499458 1501590 1503945 1509664 1520396 1523882 1526974 1528116 1529154 1531346 1532582 1534339 1535589 1537733 1542713 1545831 1548910 1553212 1555677 1556717 1557895 1561298 1568024 1571050 1572414 1573754 1586639 1594873 1597366 1598951 1601466 1604632 1607895 1610195 1611917 1615846 1620052 1623272 1627845 1630877 1633366 1644856 1647581 1654636 1656996 1658848 1662796 1673448 1680603 1685882 1688406 1690737 1693278 1696866 1699499 1701228 1704468 1708882 1710042 1715417 1718853 1720683 1723110 1728895 1732113 1734168 1735730 1738225 1739622 1747367 1755258 1761803 1768378 1772108 1779037 1780543 1783401 1784585 1789001 1793038 1794581 1803839 1806465 1807749 1813409 1815019 1818107 1823762 1825357 1829131 1831922 1834482 1838214 1843322 1850237 1853848 1855546 1859409 1862574 1866980 1869960 1871272 1881527 1883047 1883943 1890388 1892963 1893879 1900744 1904012 1910617 1912321 1913713 1916087 1923642 1930550 1932688 1933709 1951034 1953319 1954390 1956508 1958856 1960780 1972445 1976254 1978964 1982279 1986412 1987449 1988330 1990988 1992360 1996052 1998552 1999592 
</Matrix>
<Matrix name="Neuron_487" type="complete" rows="1" columns="167" multiplier="1.0">
   2780 15896 20607 33790 40891 43111 49475 61435 87316 101083 105630 135512 146740 153576 155652 166155 183672 186777 188309 196531 227511 241606 268493 305306 307591 313535 315329 319878 353835 360033 391722 396777 417217 424247 428089 436337 468446 488034 496369 504153 521704 527898 529546 540285 566361 580754 587897 589993 611720 620621 623574 625470 627857 641382 658915 662685 671917 680525 683475 694305 700541 716437 719211 736322 743940 747449 758919 759791 780636 800593 821741 822835 846592 871339 883458 885913 897431 916630 921848 938298 942271 947191 951333 972446 993404 996638 1006947 1008924 1016755 1021125 1028439 1095971 1104499 1115841 1129313 1137494 1160993 1165278 1166711 1173423 1190221 1192769 1203502 1218098 1241150 1250555 1251450 1253994 1258601 1260725 1266310 1268241 1269615 1273132 1280999 1288551 1293975 1302734 1305882 1311524 1324458 1335367 1353844 1367396 1411542 1416102 1419924 1432250 1445171 1460418 1491423 1498465 1504340 1522578 1532786 1540211 1551066 1556124 1559630 1577693 1583247 1613282 1616568 1620215 1633801 1652720 1667145 1697511 1710552 1714175 1742597 1752609 1805171 1839296 1861817 1872949 1878552 1903851 1916726 1943871 1946983 1948018 1949954 1977364 1978646 1990620 1994773 
</Matrix>
<Matrix name="Neuron_497" type="complete" rows="1" columns="1084" multiplier="1.0">
   1007 3886 8026 10632 11720 13930 14757 16748 18215 20027 21946 23526 25631 27024 28150 29528 30431 32150 32931 36376 37929 44306 45544 47329 49414 52666 53991 54795 55637 57566 59059 60571 63218 63774 66914 68821 70524 71793 73134 73941 75604 76411 80202 81917 82892 85305 86146 88695 89480 90521 94436 96974 100162 100981 102495 105882 107517 108228 109419 110012 113919 116065 117756 119475 121690 122865 125691 127517 129098 130206 132971 135284 137559 138701 139524 140386 141345 142020 142945 147837 154881 155873 159207 162013 164691 166190 169094 170236 171344 174170 176405 177235 179273 180349 181542 183749 186243 187197 188297 190272 192752 195026 195748 197410 198295 199222 200761 202922 204792 206333 207350 210310 212052 212781 214610 215423 216083 217941 219596 221599 222857 223731 224541 228948 229746 230938 233692 234569 235175 236289 237694 240554 242057 243121 244819 245533 247804 251027 252709 254982 257892 258933 260214 262007 263782 265111 266017 268440 269713 275103 276128 277149 277762 280560 282240 284179 287376 290017 291494 294357 295409 296008 296765 298348 299371 300898 301866 303550 304865 307872 309113 309849 311347 313860 315489 317171 318100 318821 321455 322759 324282 325861 326585 327662 330523 332963 333904 336853 338560 339478 341903 343931 344816 346667 347723 348732 350351 351748 352616 357914 358450 360554 362287 363637 364854 366056 369061 373034 373990 375734 377027 379485 383060 385644 387137 388995 390449 393310 395489 396138 397000 398357 399641 400689 401773 403272 404606 405658 409129 411133 412008 413375 414573 416204 417185 419036 420197 422076 423251 425438 426036 429379 431111 431946 433528 434563 436536 437736 441106 443539 444487 447339 448938 450987 451788 456590 457644 459261 460504 462766 464259 465141 466373 467386 468963 469605 471028 472086 473542 474840 478902 480567 482414 484060 485385 487524 491835 493197 494502 497298 498707 501185 503402 505279 506293 507192 509990 511070 514132 515682 517651 519339 521584 522873 524389 525316 525890 533771 535377 538486 540840 542324 543377 544516 545561 546563 547927 550815 553016 555124 558178 560895 562306 566165 569697 571068 572174 572845 574018 575484 576428 577400 578913 580593 582164 584537 586321 589231 590382 593880 595140 596347 597255 600314 602265 604126 608311 608973 610051 612556 613560 614610 615481 618698 619458 621279 622840 626272 626899 630470 632843 636366 637130 642374 644157 646965 649171 651705 654555 655583 656638 658026 660217 661407 662792 666044 666749 668124 671189 672322 674008 675961 677116 679019 680640 681875 682920 684513 685375 686750 689032 690420 691855 692390 695340 696280 697390 700213 703643 705434 707277 708549 709459 712309 714378 715857 716558 717262 718079 719044 721431 723250 725286 727080 729110 731241 732772 736560 737612 738911 740061 743125 744577 748164 749654 750809 752029 754823 756383 757765 763839 764671 765663 768049 771941 772934 778301 779583 783358 787985 789246 791479 793026 793722 794987 795768 797337 799050 799953 804518 805559 807018 808140 810712 813528 815234 817478 818874 820514 821352 822843 823957 824672 825291 826054 826924 828781 831544 832499 833272 834561 836072 837068 838279 840710 841745 843495 846123 849337 850211 856274 857760 859238 860761 862014 862954 864576 865256 866483 867495 868934 870534 871548 872452 876790 880977 884191 885670 887781 890991 891746 893422 894421 896314 899184 900703 902265 903581 905122 908433 910105 911093 912593 913426 914477 915661 916790 918147 925321 926466 928789 929801 931301 932239 933139 935458 936437 937454 938832 941750 943270 944146 946026 948095 950400 951830 953241 954415 956704 958709 959748 960541 962189 963839 964763 966272 968973 971488 972345 973817 975834 976785 980463 981488 983074 984440 985396 986783 989541 990753 992113 995152 996835 998381 1000028 1000978 1001940 1002794 1004095 1007983 1011751 1013572 1014883 1016495 1020522 1024599 1025265 1027398 1028714 1029950 1033126 1034569 1037294 1039452 1041681 1044289 1045122 1045920 1047699 1048423 1050668 1051814 1054086 1055500 1056411 1057295 1058156 1059416 1062327 1064656 1066858 1068950 1071112 1072557 1076117 1078423 1080995 1082885 1084241 1085410 1087052 1088222 1090268 1092196 1093231 1093832 1095981 1097200 1102147 1103104 1104469 1106134 1107102 1107838 1110295 1111471 1115008 1115792 1117415 1118239 1121127 1122752 1123370 1129626 1131794 1135341 1135968 1138751 1141350 1142511 1143804 1145745 1147560 1148665 1149932 1150943 1151744 1152939 1155074 1156265 1158910 1161109 1162618 1166526 1168069 1170192 1170803 1172847 1174584 1177180 1179323 1183642 1185500 1189249 1190637 1192349 1193736 1195172 1195708 1197052 1201264 1202311 1204585 1205944 1206779 1208139 1212165 1213856 1215462 1216536 1219281 1220591 1222517 1224463 1225440 1227805 1229045 1230410 1231724 1235188 1236475 1237659 1241408 1242977 1244611 1247321 1248418 1249255 1254496 1257034 1260215 1262835 1266720 1269304 1271264 1272815 1274821 1278296 1280972 1281611 1285331 1291297 1292698 1295674 1297153 1298363 1299842 1302310 1304439 1306406 1309205 1310952 1313370 1316524 1317237 1318191 1319354 1320106 1322104 1323941 1326137 1329917 1330694 1331944 1333392 1336192 1337912 1339664 1340777 1341829 1343431 1345643 1346900 1348069 1351019 1352004 1354585 1356813 1360432 1361887 1363211 1364226 1367012 1369764 1371032 1371984 1374267 1375421 1376537 1377507 1378688 1380546 1382560 1386466 1388061 1390189 1391177 1392621 1394986 1396061 1397006 1399229 1400255 1401221 1402065 1403377 1404408 1405646 1406725 1408503 1409658 1410438 1413197 1415846 1416836 1420234 1421207 1422227 1424331 1425218 1426735 1427790 1430231 1432162 1433013 1435607 1436915 1438434 1439918 1441449 1442791 1443660 1445207 1447068 1449610 1452220 1454303 1455758 1457494 1459727 1460542 1463333 1467021 1468361 1469818 1471149 1474245 1475590 1477975 1479270 1480338 1482997 1484271 1485704 1486663 1488066 1489814 1490732 1491739 1493749 1495087 1495902 1496814 1498304 1499204 1500248 1503397 1505080 1505944 1506734 1509150 1510267 1512738 1514270 1515114 1517612 1519339 1520613 1526265 1527733 1529958 1531029 1534321 1535320 1536315 1537616 1538120 1541567 1543314 1547980 1548946 1549853 1550682 1554604 1559413 1560556 1561825 1562876 1563849 1565284 1567452 1569072 1573884 1576632 1578293 1579016 1582301 1587689 1589139 1590201 1591936 1592831 1596520 1597699 1598487 1599978 1602296 1604567 1606638 1607660 1610311 1612958 1615059 1615860 1619947 1620832 1623952 1626096 1627451 1630388 1631074 1632225 1635214 1637508 1639427 1641222 1642011 1646257 1647486 1651064 1653344 1655936 1657511 1659444 1660786 1661532 1664787 1666218 1668295 1673187 1675200 1677203 1678030 1680382 1685449 1686588 1690164 1691926 1692856 1694268 1701723 1703520 1705567 1706756 1707956 1709100 1711705 1714907 1716534 1718937 1719900 1722020 1723010 1723847 1725188 1727151 1731165 1731723 1732631 1734062 1738646 1739459 1740137 1741042 1741889 1743406 1745189 1746343 1747295 1748463 1749442 1751734 1753571 1754592 1757806 1759249 1762236 1763230 1763953 1765643 1766938 1768044 1768956 1770551 1771816 1773134 1775203 1777076 1779005 1783421 1785472 1786426 1787504 1789554 1790740 1792210 1794452 1799317 1800497 1802380 1803407 1805816 1808376 1811319 1812694 1813391 1817119 1819108 1822303 1823497 1826111 1826825 1827754 1829356 1831719 1833121 1834161 1835458 1839698 1842355 1845670 1846458 1848286 1850302 1852154 1852982 1854611 1856607 1859636 1860627 1862347 1864748 1866987 1868109 1872061 1873533 1874365 1875037 1876354 1879252 1881408 1883434 1887503 1888437 1889236 1892014 1894117 1894938 1896317 1897432 1898277 1901611 1902807 1903763 1905782 1908063 1911368 1912363 1913995 1915614 1917432 1918707 1920079 1921211 1922136 1923555 1925346 1926402 1927355 1929139 1931014 1931854 1934712 1937981 1945700 1947616 1948759 1950421 1951552 1952499 1959241 1960007 1961033 1961859 1964156 1965381 1967814 1970647 1972444 1974456 1975297 1976262 1977429 1981910 1984235 1985229 1986878 1987670 1988844 1992608 1994269 1995460 1997821 1999510 
</Matrix>
<Matrix name="Neuron_507" type="complete" rows="1" columns="428" multiplier="1.0">
   798 3064 7039 13845 17059 21685 22883 24184 29965 38126 45492 52581 56427 58314 62336 69677 80024 81346 82327 83650 84966 91379 101780 107746 112030 113597 121305 126052 128231 139940 154043 158516 160970 165746 167694 171028 173782 183334 184893 190509 200283 204645 205696 212468 222078 229665 231330 232474 233886 239618 244528 252006 253321 259030 260866 268909 272294 275924 279719 282308 286234 291656 293348 299219 308180 329335 330541 333261 338926 345242 348308 353207 356994 367794 374369 379960 387008 388585 394371 400223 401686 403038 404493 406855 410107 414702 417119 418558 425024 426353 433475 438912 441630 450463 453167 461545 466250 472484 474241 476866 478175 482948 489047 490996 493017 505152 511715 516508 522289 524439 530215 536053 538331 539410 541034 549563 550526 553379 556117 561898 564272 566966 568781 570002 571554 577748 580254 583116 588801 596274 600720 603919 606801 613766 618390 624888 625674 633696 635371 639735 643045 648728 658040 671721 678091 679859 684652 687041 690304 694815 696657 698887 700805 726323 729516 733148 736166 738947 742185 754009 754983 757448 759365 761014 764843 776789 777831 779337 790058 794691 797128 803707 805252 808199 825837 832251 837880 840344 843301 846073 861325 863876 866509 867881 880176 883463 889405 894256 902168 907265 910567 912300 919467 921337 927004 929092 943254 945267 947611 951820 962234 964231 966992 969118 972033 986343 988513 992238 996564 1007715 1015651 1018497 1020811 1026431 1033001 1035537 1046442 1049088 1051844 1059097 1063986 1065499 1067998 1075249 1076524 1081802 1085789 1090632 1097749 1098940 1103692 1112254 1116402 1117960 1119198 1127314 1132145 1134312 1148210 1153400 1154400 1157006 1158705 1161991 1165943 1170112 1178934 1197242 1198741 1200249 1201463 1205728 1209099 1212756 1220362 1227808 1229944 1234116 1237226 1238593 1240500 1243114 1244163 1246223 1250242 1267830 1269843 1270669 1276255 1279303 1280392 1281672 1283387 1284723 1288318 1291394 1292689 1299181 1302957 1310247 1318964 1333115 1335836 1336818 1339644 1341140 1344789 1348319 1358857 1360403 1365416 1367317 1371023 1372250 1376091 1378838 1382674 1384228 1389624 1392360 1395597 1405281 1411200 1414286 1418869 1421153 1433596 1450316 1451632 1453660 1457395 1458606 1462172 1466095 1469272 1473747 1479311 1485578 1492730 1504286 1507101 1507935 1510024 1512752 1517053 1519103 1524097 1529468 1533813 1535543 1538250 1541014 1543478 1544799 1547897 1549228 1554966 1557624 1567578 1574133 1576310 1578425 1584357 1589676 1592743 1595649 1597311 1599937 1604066 1613044 1616397 1619459 1629756 1633697 1648636 1658776 1666763 1668017 1673179 1680588 1684851 1687642 1690115 1692582 1698241 1701594 1708113 1713405 1719846 1722858 1724974 1729469 1733966 1736536 1738269 1742314 1745817 1756992 1775131 1779431 1780682 1787705 1789714 1796095 1801468 1806728 1809862 1815380 1816449 1819357 1820546 1834109 1838335 1844711 1848052 1849352 1850999 1852760 1855195 1858716 1863976 1865711 1867063 1873719 1878039 1880389 1885204 1891055 1894498 1903605 1906099 1920260 1922167 1926035 1929942 1933393 1946188 1953366 1957328 1958342 1964147 1973070 1976703 1985019 1986523 1990465 1992724 1995888 
</Matrix>
<Matrix name="Neuron_511" type="complete" rows="1" columns="74" multiplier="1.0">
   38319 65316 106454 108816 164341 209556 218610 243665 349459 351678 372433 383423 401790 425306 436051 479190 483279 488909 496999 503911 525281 526218 550625 598436 609331 614205 655165 667587 689750 737557 791512 854208 883527 900584 904542 911444 930737 956757 990855 998882 1037940 1100985 1106165 1188020 1196206 1202877 1225614 1235165 1276041 1362719 1386220 1425789 1462723 1540883 1569775 1595885 1629486 1680831 1695798 1738996 1739930 1775400 1782889 1827931 1836904 1859294 1865088 1883061 1885856 1892864 1896149 1912558 1965553 1993700 
</Matrix>
<Matrix name="Neuron_514" type="complete" rows="1" columns="351" multiplier="1.0">
   3853 5546 7262 10545 12849 17402 21042 22772 26414 34364 42109 50716 58782 63102 71664 75484 79925 85171 88536 99373 105271 112785 124867 128362 131295 162606 168610 172675 174866 179233 189199 197511 202457 203776 217361 220706 224084 227912 243756 248229 251983 261122 268491 272078 283355 298606 301113 312136 315030 325123 339754 344196 347237 352217 356506 362502 363788 369434 378318 380006 391124 396033 397602 400219 411463 414190 429519 435282 441985 450153 451485 452860 471296 483313 488240 490313 492042 493175 497220 500743 511646 523922 531666 532778 534837 537784 556231 566241 567421 570612 572770 574411 580574 582778 585445 590871 595874 610748 612510 613544 615751 619420 625980 632136 633558 637060 643708 648877 650135 651204 652597 661824 663989 668205 672325 679270 680842 684248 692055 693057 697493 703323 704657 714518 723275 726487 727831 730121 738308 741410 746664 751115 754464 757927 760316 763807 765962 768005 772433 774214 776602 789686 791400 797644 801679 810718 816310 820284 824029 826700 840591 846413 847612 849308 851018 858068 861562 863161 864376 865860 871014 880350 886355 887652 889928 893541 894448 899964 901839 917392 922357 926448 929121 931619 933348 935324 942082 974198 990190 992572 994231 1002788 1005444 1011588 1014513 1017515 1020618 1026337 1039695 1043105 1052928 1054843 1067876 1069557 1071024 1081310 1088869 1090257 1091489 1100842 1105299 1122164 1126100 1131985 1135571 1142437 1143652 1145926 1149257 1152648 1162512 1168039 1175708 1186121 1193052 1196338 1198009 1200141 1212556 1216485 1223247 1227093 1232039 1236985 1239746 1241037 1246247 1249682 1271296 1274962 1279450 1282412 1285552 1287738 1293195 1295854 1305191 1306666 1312030 1319410 1324191 1327795 1330274 1331320 1347603 1354239 1361547 1376379 1379000 1382788 1384664 1386648 1389057 1395896 1404044 1406505 1407886 1409118 1424346 1430096 1433935 1440465 1443783 1447942 1457453 1464869 1476450 1478958 1483250 1484638 1504147 1519172 1523245 1524984 1533743 1536926 1545314 1546517 1549725 1554482 1567188 1580261 1592373 1593976 1602809 1610568 1617280 1623371 1625023 1632268 1641379 1644571 1647689 1652832 1655922 1659917 1667293 1671413 1673502 1681873 1684459 1689059 1704205 1711013 1715207 1718308 1735688 1739616 1754792 1774899 1778425 1781353 1790336 1794216 1797918 1801031 1803691 1805374 1811128 1814887 1816964 1822280 1825226 1842223 1845997 1850879 1853221 1854667 1862459 1867104 1868685 1870295 1879847 1885706 1890125 1893337 1898398 1901306 1903202 1906321 1926632 1930969 1935502 1941133 1955430 1956709 1970809 1979303 1982224 1991850 1996943 
</Matrix>
<Matrix name="Neuron_521" type="complete" rows="1" columns="201" multiplier="1.0">
   3682 7287 12340 44350 62618 77681 108877 110340 113056 156701 163975 166436 210285 218883 220270 223601 231161 241985 249055 268255 284188 289338 303572 315180 317826 334379 360400 366941 368655 372918 380887 389603 396068 397900 399922 412185 415438 438105 442015 444991 489905 506821 514205 547232 563222 565328 575272 589932 596220 604742 607985 628285 629888 634655 644947 648972 650092 655214 659800 665160 671268 678986 697255 716857 750371 753694 769172 775898 777780 783090 798412 814160 820046 826374 830145 841062 846372 854299 872903 877016 878773 883547 890027 892399 901189 910374 917732 931292 950591 969551 981828 1002451 1005042 1007559 1012301 1016952 1026109 1039796 1041029 1062006 1090226 1098488 1119765 1125879 1132124 1137787 1146405 1153881 1158038 1162687 1179697 1182660 1184529 1190460 1195847 1198425 1213525 1223472 1245579 1255452 1260311 1266113 1274022 1287361 1300847 1302493 1305090 1335076 1349495 1352942 1354698 1367819 1369485 1371524 1382552 1389627 1394706 1399887 1420389 1441050 1452730 1461263 1469760 1480715 1484037 1487529 1488903 1514736 1522294 1525759 1539870 1544454 1552865 1555115 1559904 1562889 1570774 1580232 1582135 1589422 1595991 1620634 1648464 1649700 1652113 1660621 1667163 1669763 1674693 1679740 1697650 1708078 1720330 1747678 1759571 1763917 1780445 1786030 1793351 1802301 1847717 1853605 1856317 1858963 1862913 1871747 1876815 1884929 1889902 1891673 1895225 1898136 1903063 1911276 1917041 1926932 1935808 1960129 1969630 1973312 1994571 
</Matrix>
<Matrix name="Neuron_524" type="complete" rows="1" columns="277" multiplier="1.0">
   1819 30255 35306 38653 40720 48945 55252 58354 92300 97675 101576 105519 118406 121166 130366 141255 144626 151919 163463 167004 177330 180472 182046 184364 185756 187732 190796 210133 215407 227942 236827 246727 249683 257566 264830 276550 292436 296341 323493 324950 328201 332198 349144 350835 352941 356563 357768 360464 363642 365588 378764 380689 383535 391327 401419 415802 420539 432422 434211 438936 444824 447212 448017 452026 463277 497161 505926 507296 519095 521726 533077 535893 540723 545254 547449 564194 578502 589373 595040 602157 605026 612791 613857 616260 632304 639455 641895 644668 647007 656941 663077 667957 669016 670413 675265 680073 688663 690557 720985 726445 734057 759413 765046 768576 771604 777948 782853 788233 794419 795545 804171 806272 810593 812960 813894 819862 825271 831753 835959 850679 859626 865252 866906 869378 884661 888251 892287 906053 917163 921295 934061 944302 946355 950501 952488 954447 959275 968685 969468 976145 999592 1023136 1028688 1036474 1044172 1046905 1053218 1055770 1058486 1062431 1064653 1083074 1085441 1088769 1092340 1100738 1109425 1111900 1126530 1133178 1138454 1140276 1149690 1178235 1192588 1193471 1198789 1200198 1205935 1219068 1226724 1247284 1276399 1283985 1287936 1290322 1294624 1297524 1308896 1317660 1318754 1326236 1334958 1341254 1349986 1355432 1357292 1369156 1375804 1382215 1386984 1389701 1404709 1406771 1409518 1425743 1434291 1436943 1438971 1441129 1444183 1460451 1461469 1478078 1482903 1492587 1499463 1503840 1510047 1510994 1519971 1526614 1530299 1541032 1548946 1553847 1558652 1575451 1578048 1587265 1590093 1591812 1595871 1598248 1608319 1610958 1620823 1624709 1633860 1641603 1644916 1656688 1669535 1690889 1695326 1706612 1712094 1720569 1726392 1730350 1737453 1749687 1752489 1758970 1761543 1775160 1784850 1789438 1796028 1800369 1807177 1810250 1814515 1818751 1823121 1839085 1851941 1854499 1859719 1867322 1869048 1875835 1895675 1905241 1907542 1910320 1915393 1945213 1946937 1958317 1963512 1964647 1968406 1969583 1970990 1974070 1993614 
</Matrix>
<Matrix name="Neuron_531" type="complete" rows="1" columns="511" multiplier="1.0">
   4142 7605 14121 16934 17592 20940 24553 25510 26646 35573 36522 39285 41240 43625 46363 50327 51477 60632 65368 67580 68737 74286 80473 89718 97525 99321 102112 105953 107344 108931 111676 114103 116911 120739 121557 134674 135813 141576 144042 145843 148883 151161 152494 156971 167892 171690 191062 193642 196783 198657 201978 206818 211370 214858 218426 221002 222041 223317 228125 229246 234045 249895 253363 261707 269769 271116 274444 278100 297294 301252 303653 305638 310779 316560 320564 322654 324979 328267 329505 330459 331489 333436 334878 337082 346472 348896 350205 365730 366583 369735 370746 372045 374102 387163 391666 398010 403369 408861 412434 413590 415842 420199 421317 423908 429030 430968 431938 435736 437501 439188 439848 443161 445174 449044 451831 455424 457026 473415 475411 481454 483051 490297 494111 495396 498182 503779 505554 506532 507773 509356 510122 512303 527049 532169 535195 536250 538665 540858 541860 544769 546202 551984 557224 558820 560381 566603 568221 569318 570081 571833 573441 576333 581629 585122 587855 597527 600549 604461 606184 609106 611482 615440 617331 622586 630670 634613 636862 640596 646203 647907 651588 654905 662810 665775 670970 677022 678166 681653 684500 689875 692064 694090 700062 712607 714979 721972 728170 731548 734207 742482 745632 752424 756469 757505 758667 770169 774252 776024 782236 783464 784822 786829 787935 792811 794781 796636 800426 807731 812449 813466 814775 818141 819099 824125 829216 838333 841430 843848 847161 850142 855242 863337 865390 866796 877134 879283 880659 882112 884057 885433 886471 894928 901751 905653 907737 918598 919994 924618 929386 932915 937717 947173 948157 952367 953518 954763 959506 962254 963771 982202 991675 995842 997695 1001231 1002851 1008009 1010073 1013418 1015861 1017225 1022229 1024214 1026253 1027794 1028741 1029932 1030678 1031780 1035765 1039255 1042309 1055938 1065255 1067492 1068483 1069098 1075346 1077104 1081331 1083874 1085873 1091071 1092284 1097019 1099639 1102062 1103299 1104905 1106031 1108088 1109903 1111400 1115098 1123060 1128930 1130308 1145176 1146175 1150665 1152345 1153509 1161661 1163730 1169040 1170458 1180340 1187941 1194862 1197535 1198670 1200978 1202970 1206357 1217985 1218903 1220708 1222424 1223855 1225974 1228006 1230830 1232947 1234964 1238718 1242098 1245034 1263729 1266943 1269355 1271777 1279396 1281860 1288197 1290648 1293901 1297247 1301984 1302841 1309491 1312740 1316872 1318314 1320942 1331017 1336920 1341854 1343894 1349878 1363978 1369575 1372949 1377505 1382957 1385116 1390976 1393169 1395429 1399062 1400082 1403520 1404791 1406379 1413258 1422126 1428690 1431693 1436051 1439142 1441165 1443191 1444656 1453125 1456027 1457925 1462641 1469708 1471275 1473281 1474554 1483970 1485652 1490180 1491499 1498089 1502165 1514146 1516548 1518351 1521833 1526530 1527701 1529029 1530423 1533147 1538224 1542886 1545640 1547399 1553593 1558165 1558739 1562260 1565149 1568317 1578988 1582352 1583984 1586358 1589967 1590949 1592272 1596683 1598939 1600028 1603335 1604824 1606989 1613713 1622810 1624327 1625641 1629266 1630299 1640896 1642188 1645529 1651101 1651608 1654467 1658968 1660221 1668048 1669944 1673351 1677838 1679008 1688730 1690262 1694767 1696352 1701123 1709389 1710681 1714394 1715528 1719746 1721403 1726760 1729383 1731735 1732729 1733975 1739246 1741653 1744237 1748827 1749921 1750601 1753326 1757301 1759095 1761018 1763945 1781441 1786067 1790302 1791738 1793830 1802080 1812720 1817505 1828329 1835450 1847425 1849772 1857013 1860719 1864805 1865943 1866837 1868203 1871878 1873132 1877735 1882851 1884563 1885614 1891313 1896053 1900674 1902290 1903531 1910314 1914765 1930716 1936791 1939279 1941470 1950058 1954026 1960494 1961586 1967474 1968464 1969663 1983798 1986591 1989641 1991650 1993080 1998326 
</Matrix>
<Matrix name="Neuron_534" type="complete" rows="1" columns="526" multiplier="1.0">
   4334 5557 10115 13230 19015 25266 26252 30761 33225 34808 36764 38967 40269 41349 43275 45093 47728 54078 56305 58505 59536 60972 67459 70022 75064 75980 77290 83110 84396 89259 98039 100876 103535 106431 113462 114452 117474 122140 123321 125825 127143 129236 139334 140785 142649 152836 158813 161340 162887 164347 167672 169496 172188 175749 187380 200468 207201 216170 220824 226908 230027 231126 232796 239105 241786 243401 247321 248241 253496 257973 259527 265744 267247 268316 275835 284171 288671 289690 290635 301081 302108 312443 322814 332885 335826 346124 347387 353022 356309 358254 361430 363887 368063 369399 371020 379115 384054 386398 387865 389250 390475 394489 399550 402714 406341 408261 410045 412289 414219 423447 426985 435531 438033 441117 447391 460694 461618 465386 480650 490014 495087 497178 501644 507806 508859 511592 517399 518320 520323 526126 528642 531730 536267 537580 540721 543203 545362 546703 548563 550690 553608 555749 557322 559716 562137 565837 567660 569654 570868 571905 574842 580768 584688 586342 587297 590262 592256 596969 601773 602946 604357 606197 609370 612287 613466 616368 617295 620974 626181 628151 638820 644130 646272 649764 651619 653041 654157 659625 661598 667361 669607 671626 674676 676110 683162 684042 688439 689812 690892 698275 700079 702823 706724 708022 710271 712089 716575 722416 725508 726793 729833 732188 748477 751124 756027 758683 759699 762880 770809 775640 778501 779781 784929 787196 792242 794289 795119 797827 800599 810444 817236 822674 824068 827164 832625 836798 840138 842443 849353 852057 857281 860966 862929 868707 871117 872430 873338 876568 882215 883049 885093 888031 889853 899084 900630 903171 910037 916062 917222 918987 924199 932714 939909 945966 950370 951782 955041 956485 957535 960363 966896 970573 972875 975496 979728 983394 985486 988338 991072 1000165 1005061 1008949 1016941 1020876 1025206 1031481 1035744 1040578 1042634 1050835 1058375 1059541 1060298 1062097 1064547 1065604 1068049 1071770 1074956 1083361 1084576 1086652 1092210 1097248 1105682 1106713 1108453 1110303 1114876 1118828 1128982 1132439 1136545 1139265 1146467 1147547 1157269 1161053 1163850 1172350 1173839 1179255 1181020 1184036 1188855 1192303 1193319 1195277 1198727 1200874 1208248 1210254 1211161 1213697 1214657 1216704 1218105 1223283 1224513 1226801 1230705 1232449 1233925 1235539 1237171 1238802 1243121 1245046 1247557 1250965 1253956 1255421 1265762 1269173 1272504 1275549 1288279 1292654 1294157 1295923 1298902 1300480 1301278 1305884 1307781 1313859 1317331 1320051 1321392 1322859 1325638 1337130 1339451 1344241 1347302 1350438 1351324 1353345 1354833 1358352 1360256 1363497 1366759 1370934 1371863 1377989 1383353 1386118 1388638 1394768 1400670 1405523 1415482 1417286 1423147 1424223 1425774 1437096 1440275 1446174 1450772 1453792 1456910 1467205 1469197 1471772 1477044 1482263 1483639 1491554 1494727 1495833 1501178 1504443 1505217 1506600 1509643 1511168 1520862 1536249 1538581 1543425 1545638 1549919 1551181 1554844 1562114 1563143 1573661 1580485 1590903 1592237 1596509 1598497 1600398 1602042 1604010 1614317 1615730 1632831 1635871 1638194 1640899 1647112 1647928 1658291 1666243 1667923 1669346 1670227 1674397 1678659 1682086 1683196 1684919 1687121 1697543 1702236 1708503 1709469 1714971 1719830 1722095 1728909 1730833 1734859 1740267 1748468 1749846 1754996 1758541 1759780 1763505 1774814 1776633 1780666 1785588 1786944 1791643 1794854 1800086 1803850 1806702 1812481 1814828 1817552 1821298 1822552 1834760 1836474 1837337 1840776 1842839 1844951 1846886 1848963 1853642 1856063 1860801 1862896 1867056 1868302 1869887 1871830 1876435 1878260 1879412 1881262 1883810 1885583 1891690 1894597 1899113 1901714 1904400 1908245 1910833 1916714 1923626 1927556 1930019 1933595 1935307 1939224 1940633 1945085 1957468 1958832 1961335 1970611 1976871 1982041 1982817 1984634 1986859 1991913 
</Matrix>
<Matrix name="Neuron_577" type="complete" rows="1" columns="102" multiplier="1.0">
   3896 19128 48239 59056 70239 82629 87372 93067 103977 119850 124196 125843 141335 147505 169145 184120 208100 213389 241668 264204 266055 302716 305747 349600 365391 392587 412345 443014 452243 462913 488259 499926 506305 519429 566656 598796 624446 627379 629855 638966 644323 650008 683796 688939 714847 741484 789407 819637 835993 847880 905323 924477 929263 930506 942022 1003147 1054886 1071166 1086294 1115947 1126391 1165098 1167373 1173204 1179541 1184888 1201082 1244039 1314121 1322094 1329487 1349079 1359438 1373204 1378576 1380682 1396299 1432964 1463614 1475057 1510968 1515379 1528807 1583407 1591006 1633178 1683312 1730142 1745562 1750175 1757704 1762988 1781016 1833359 1838444 1849052 1924613 1927963 1937486 1952058 1956820 1970979 
</Matrix>
<Matrix name="Neuron_587" type="complete" rows="1" columns="36" multiplier="1.0">
   7156 24252 50989 77130 79202 122877 188660 220479 249889 491969 628726 635308 670281 778543 867178 984326 1132031 1135816 1176531 1276313 1309124 1314723 1370372 1428390 1460336 1572720 1614960 1660800 1669147 1866677 1873623 1899026 1971171 1973594 1976421 1999307 
</Matrix>
<Matrix name="Neuron_597" type="complete" rows="1" columns="95" multiplier="1.0">
   2466 34915 66747 70897 84515 93319 101446 127806 142164 148062 150424 207672 233476 267114 331421 347643 385595 404122 421132 422541 439825 468514 487432 498183 509470 567926 584754 586755 622196 635401 641203 651354 652676 684325 693378 715770 717695 721058 742108 753277 757713 772709 787809 807082 838714 844588 881974 898161 904406 913085 929884 951208 961471 967192 969186 971516 974870 1077295 1086602 1092484 1093532 1169063 1203762 1206762 1233883 1238782 1283650 1294975 1299597 1362615 1366212 1373560 1384626 1415372 1437559 1540010 1622655 1627401 1681590 1715696 1729769 1774174 1783283 1800156 1832765 1836048 1858540 1902202 1904860 1917785 1928246 1956654 1979840 1993790 1996945 
</Matrix>
<Matrix name="Neuron_607" type="complete" rows="1" columns="509" multiplier="1.0">
   3507 4385 6532 8215 9707 15364 18936 20698 25228 27516 39055 39951 48590 54170 55586 59791 61473 64733 67860 69689 71268 75646 82768 84844 86001 96069 97087 98972 102553 108439 111149 113186 117526 121001 124449 126458 130329 131999 135585 147736 150931 153013 157015 161657 163666 169336 178770 181030 184609 186234 189102 196391 199154 201673 203194 205414 214123 216892 218790 222318 229248 231027 237534 239305 247338 250693 254179 256163 258504 265539 268162 270636 275145 281200 283947 286807 292114 293045 294062 294841 298729 302183 307418 314241 316066 319335 320704 323143 324464 332968 335426 337742 339192 343445 346908 351989 352814 354363 358183 359291 368802 373919 377101 378362 382589 383782 389013 396962 399364 404016 404872 405953 409201 411420 415727 431169 432475 438190 444128 452069 452902 455633 461110 462325 466728 468752 475796 480022 481465 483682 488177 491927 493461 498163 501776 502919 504591 516723 520970 524840 529663 531365 533330 534947 536413 545273 548297 551269 556070 558207 559406 561618 565362 566302 567590 571057 581614 585028 587201 589778 592038 593017 595092 599528 602682 607997 609872 611801 618330 623035 623899 629253 633165 635945 638744 640342 643255 645500 649671 657431 660173 663229 673805 675361 677170 678805 682567 684462 687198 689234 691192 693492 695254 700660 706837 707988 718396 719421 723224 736666 740321 747560 754293 757561 759212 766706 767653 769318 770385 775101 780390 784667 801554 802606 811196 817570 818892 822002 828520 829565 832726 834534 841658 845007 850637 853836 857350 858587 861383 869076 873242 877387 879894 882098 883868 891468 900526 901808 906926 910923 912387 913819 921357 924407 926087 937186 939000 941362 948145 963017 971197 973337 975708 982367 985825 989756 990770 992425 994663 999700 1001976 1006071 1008451 1018564 1019729 1028965 1033269 1037731 1039212 1045686 1048347 1052703 1054051 1056524 1059963 1061857 1070671 1076388 1080073 1084989 1087513 1089438 1094384 1096809 1099269 1100915 1102993 1105228 1107787 1111149 1112679 1116147 1125312 1127573 1129890 1131388 1135337 1139984 1140791 1145295 1147407 1155777 1164779 1168835 1171706 1172397 1183433 1185101 1186222 1187836 1194216 1206367 1212668 1214531 1215209 1216617 1225789 1228748 1235373 1243182 1248442 1249945 1255875 1257697 1258404 1259896 1263316 1266158 1268003 1270221 1278398 1279607 1287258 1288602 1295400 1299053 1302436 1304277 1306579 1314115 1331723 1332835 1339338 1341309 1346462 1350771 1351606 1356993 1358574 1362393 1364672 1365827 1368110 1371379 1376920 1380063 1381173 1398069 1404917 1407602 1411359 1416330 1417498 1420253 1422808 1426485 1428338 1431014 1444046 1446961 1452079 1454642 1459126 1460163 1466892 1471303 1476094 1482925 1494852 1497182 1503194 1507658 1509683 1512342 1514696 1515265 1521805 1525366 1528082 1531660 1545403 1548007 1551038 1557346 1563810 1566494 1567273 1568259 1575931 1584889 1589971 1598805 1600276 1603780 1606983 1609025 1613817 1618599 1620491 1624353 1634157 1637999 1641062 1643797 1647350 1648115 1649553 1650586 1652357 1654496 1658589 1663005 1664577 1665291 1671772 1672831 1676509 1678141 1681527 1685192 1687904 1689190 1691294 1696918 1702780 1712316 1714015 1719518 1720329 1721732 1733655 1735188 1740773 1742590 1743536 1751376 1753204 1758397 1759428 1763621 1769492 1770324 1771775 1777070 1788913 1793575 1798094 1799842 1805243 1806390 1810622 1811132 1814264 1815743 1817775 1821773 1830374 1831995 1835600 1841324 1848540 1852302 1854165 1856986 1858005 1867183 1871507 1878938 1882485 1883917 1885798 1888319 1891029 1892529 1895527 1912902 1913611 1914845 1918175 1929130 1936944 1937939 1939162 1942091 1944089 1945170 1946709 1949397 1954503 1955355 1957379 1958452 1967938 1972118 1986746 1990664 1991945 1995690 1997190 
</Matrix>
<Matrix name="Neuron_617" type="complete" rows="1" columns="970" multiplier="1.0">
   660 2171 7956 8767 9735 11080 11971 13312 14417 17436 18237 20415 21589 23633 24568 26304 27843 30294 31985 33047 34905 37317 38614 41822 42434 45907 47867 48812 50201 52054 54308 55492 56284 63836 64622 67074 69779 74153 75505 79118 80119 82103 84143 85341 86101 90517 92227 94017 98233 99412 100806 102611 104922 105750 107628 108883 109987 112345 114969 116108 118007 121557 131343 133615 135243 136348 137373 138017 139567 141586 142688 144264 145871 148373 152280 153174 154846 157782 158518 160764 163735 165319 167175 169111 170401 171711 174339 176279 177168 180017 182409 184429 186733 189415 190378 191202 192872 195875 197676 199558 202188 203669 206033 208601 209460 210145 213686 217038 219345 220777 223131 224461 225506 228437 232619 233447 235410 236715 238120 239073 241162 244605 246678 249477 251218 252481 254207 256250 258094 258814 261127 262177 265639 266458 268027 269797 271189 273179 274922 278138 280914 282840 283721 285327 287016 289028 295417 297334 299160 303293 305737 307220 312829 314230 315678 317424 321804 328748 334584 336511 338481 340849 342568 343841 344480 346857 348251 349941 351183 352136 354662 356744 357536 358302 360980 363988 366294 369408 372217 377217 381557 384761 385871 386990 388586 389869 390637 392393 395221 399672 402382 404451 408115 410861 413611 415022 419142 421088 421823 422779 424911 429481 433766 434569 437407 438517 439395 442518 446855 449765 450716 452280 453916 457060 459271 460118 462146 464390 465669 466654 470028 471181 474044 475984 477298 480013 481896 482891 486078 489773 491209 493402 494277 496387 497476 498548 500137 502977 503752 505108 506436 510423 512198 513527 515551 516952 518307 519306 521674 524065 526602 529014 530931 531679 532695 534591 535617 538225 539603 540790 542205 546061 548104 549755 550381 552138 554011 555182 556323 559470 560726 561684 562556 563131 565490 568563 569956 575619 576538 577506 581609 583326 584280 585729 586515 591365 592819 595642 596960 598948 601709 603144 606226 607515 608847 610014 611733 613178 614195 617390 619493 620342 623952 624698 629272 630195 631233 634717 635799 637102 640426 642320 645882 647008 648541 649567 652538 655827 657868 659976 662867 665481 667257 667950 669392 670529 675808 677694 679577 681383 682222 683565 689779 695125 696564 697546 698777 702927 705011 707683 708619 710451 711346 714201 714892 715981 718174 719297 720519 724102 725941 727593 728616 732146 733514 737478 739009 741411 743206 745081 746751 750156 751679 753685 755386 758385 759278 760447 762486 766864 767642 770778 773249 775694 776458 777390 778822 780752 782255 783458 786021 786933 788082 793049 794193 795623 797079 799771 800636 801851 803416 805999 808222 809277 810616 812510 815242 819615 820767 823101 824127 825496 826336 827295 831335 836256 844053 846039 847726 849401 850526 852534 853878 854922 855473 857537 858553 860671 861423 862304 865065 865919 866795 867667 868524 869857 870779 873885 874621 876533 878923 879654 880885 883724 884077 886834 887788 889657 891220 895413 899132 901571 903694 906785 908104 910815 913950 915259 916870 917963 918879 922027 922962 924851 926053 927691 929915 931179 932004 934302 935446 937627 938425 940255 941509 942275 943545 946867 948135 949287 956435 956922 959103 959908 960546 962885 969676 971072 972224 974260 975023 976545 979035 981523 983176 984339 988114 990209 991264 992173 993529 994619 996921 999696 1000523 1002542 1004635 1006205 1006920 1010171 1011684 1015546 1017758 1020093 1021622 1022542 1023951 1026111 1028184 1029341 1030544 1031994 1034261 1035822 1037227 1038492 1041797 1045233 1047183 1048013 1049030 1050665 1053667 1055604 1056559 1060982 1062939 1064345 1065153 1068291 1069822 1070618 1073584 1074756 1075913 1078134 1080082 1081094 1086124 1086919 1088705 1090187 1090853 1092824 1093819 1098358 1101591 1102881 1103956 1114459 1119189 1120888 1121947 1124268 1126194 1127591 1128930 1132650 1134631 1136062 1137516 1138377 1139417 1141863 1143647 1146874 1149219 1150359 1151259 1154931 1156062 1160767 1161363 1163062 1164057 1165183 1166640 1169211 1170935 1174065 1177728 1178998 1181353 1185290 1186857 1187594 1192040 1193842 1194722 1198817 1200386 1201323 1203519 1211766 1212862 1216929 1218592 1219966 1221378 1224488 1226733 1231225 1232528 1234797 1236764 1237822 1239016 1240319 1241069 1242703 1246901 1247882 1249273 1250816 1251626 1254225 1255750 1257341 1259197 1260087 1265403 1266226 1268932 1269780 1272844 1274128 1275026 1276714 1280982 1282174 1285206 1287853 1289621 1291632 1293097 1294021 1295610 1296427 1298601 1300863 1304066 1306847 1308766 1310858 1312056 1313083 1314197 1315327 1317022 1318003 1320544 1322135 1329938 1331624 1341821 1342868 1344505 1349351 1351157 1352453 1353533 1355458 1356443 1361016 1362179 1365499 1367399 1369202 1371052 1371963 1374113 1375122 1376288 1377532 1379721 1381315 1384526 1386087 1387961 1389658 1391618 1394481 1395836 1397904 1399301 1401147 1402161 1403963 1405036 1406391 1408825 1409822 1411394 1413484 1415848 1417918 1419248 1420917 1421935 1423198 1423941 1425788 1428433 1431779 1436279 1438160 1441320 1444082 1444760 1447496 1448352 1449758 1450905 1452806 1453501 1459262 1461068 1465482 1466736 1467821 1468601 1470728 1474162 1475087 1479823 1482884 1484512 1486078 1487893 1489543 1490348 1493125 1495164 1496580 1498386 1499606 1500789 1501567 1506040 1507758 1509432 1511097 1511959 1515282 1516535 1519028 1522061 1524432 1526440 1530356 1533474 1536309 1540244 1543748 1544917 1545911 1548402 1549385 1551339 1555803 1558188 1562737 1564714 1567537 1570629 1572490 1575785 1578317 1579509 1582724 1584052 1588647 1593026 1594728 1596757 1599288 1602852 1603499 1604608 1608370 1610197 1611515 1613848 1614603 1616368 1617853 1622964 1624963 1627752 1629537 1632101 1634664 1635490 1637067 1642301 1643662 1646096 1648141 1649611 1650639 1651794 1655529 1656686 1657298 1658880 1659652 1660718 1661715 1664849 1666393 1667243 1669262 1671492 1673586 1676742 1679453 1685047 1692650 1693854 1694469 1695381 1698041 1699021 1700369 1702080 1704049 1705891 1709564 1711408 1713610 1714484 1715416 1716304 1717529 1720895 1722936 1724569 1725713 1726925 1727891 1728541 1730418 1733205 1734678 1736345 1737997 1740133 1741663 1742693 1744639 1747928 1751018 1751721 1753168 1754906 1755678 1756856 1757794 1760214 1761473 1763493 1766556 1767892 1769107 1772672 1773854 1775379 1776173 1777276 1778093 1779043 1781247 1782789 1783307 1784448 1785811 1789204 1790224 1795399 1796691 1799552 1800951 1802019 1802971 1807095 1808789 1811276 1812285 1816748 1817932 1819223 1820330 1822716 1824804 1826729 1829371 1830978 1832378 1836146 1837351 1842722 1844579 1845388 1846614 1848952 1849947 1850739 1851301 1855621 1857758 1859062 1866396 1870199 1875231 1876213 1877904 1879519 1881430 1884036 1889517 1892603 1894121 1897206 1900048 1902911 1904474 1906004 1909199 1913527 1917478 1920118 1923635 1925450 1926650 1927923 1929807 1931759 1932865 1934625 1937961 1938947 1945114 1946722 1949388 1950399 1953308 1957507 1960558 1961403 1962887 1964387 1965706 1966612 1968429 1969799 1971408 1973953 1975780 1978183 1979123 1980699 1981955 1985600 1987089 1990767 1993785 1995894 1996785 1998287 1999090 
</Matrix>
<Matrix name="Neuron_627" type="complete" rows="1" columns="1003" multiplier="1.0">
   1140 2984 4804 6930 8129 9002 11313 15088 17635 20222 21430 23569 24561 25212 26420 27764 29530 31032 34775 36746 38593 40543 42629 47862 51395 52447 53402 56631 59224 60106 61686 62541 64455 69259 70051 70687 72318 73145 74522 79213 81707 82651 86993 89403 91587 92759 94404 96641 97326 98839 100957 102865 103816 104806 105824 107510 108487 110537 116262 118608 121601 124149 125164 126597 127729 130655 132449 134245 134840 135717 138349 139560 141170 143961 147130 149680 151706 156347 157073 158775 160237 162921 165675 166173 167763 169362 171314 172609 175977 177085 179315 180838 182241 189787 190459 191972 194531 196112 197440 198277 200219 201058 203421 204428 205313 208704 212197 214190 216901 218780 219346 221678 222636 223378 227215 229572 230701 231464 233036 237625 240126 242505 243219 244810 249388 251106 253850 255925 258573 259975 260909 266106 267640 268479 272430 275925 277164 278785 279503 280978 282431 284955 287258 288757 289575 290975 292472 295086 296859 302784 304828 307903 309038 311407 313582 314872 315759 317187 319524 322483 323442 327114 327894 329687 331425 332599 334046 337428 340851 341678 342510 346591 348420 349259 351379 352634 355591 360273 362181 363460 365769 366948 368308 370465 377199 379411 380538 386983 389966 392147 393038 393651 394691 396596 400261 401492 403860 404622 407064 410993 411874 414060 416151 416912 418733 420162 421080 422084 424097 425943 427364 428968 429739 430545 432341 433290 435165 436300 439306 441080 442210 445917 451492 452468 453931 456406 458000 459704 460542 463904 464521 465567 469198 471231 473480 474405 477542 479807 480821 481647 484473 485470 488740 489800 493087 494718 496497 499051 501892 509146 513089 514878 516218 518708 522030 523377 525125 526178 528612 532429 534067 536342 537117 538308 540317 542792 545990 546736 549438 550027 557657 558830 559967 562107 564535 565541 567723 568444 572456 575857 577745 584158 586277 587329 588956 589842 596294 597026 598526 600455 604566 607473 610875 612552 614126 614820 615592 616912 619043 620401 621298 621930 624278 625318 627029 627935 630147 631851 632860 637137 638714 639668 640304 641539 644869 645782 650813 653132 655005 656149 657140 660968 661979 664345 666742 668014 670434 671093 672219 674563 676146 677279 679697 680470 682341 683844 684714 685744 687811 689304 690660 692172 693169 696316 698553 700128 702068 702863 703967 709141 709953 713128 714145 715084 717503 718619 720329 721294 722117 727236 729023 732145 733851 735688 737443 739510 743426 744187 745531 746528 748520 752350 753858 755020 757766 758545 760204 761718 762751 764125 766987 768009 771605 772599 773711 774393 777606 780267 781428 782565 785377 788554 789515 791345 792117 795383 797668 799805 801179 802299 805280 806175 810621 812021 814079 815643 817396 820100 821675 823072 824610 825512 828103 829501 830655 832572 833982 836931 838829 841392 842637 847120 850378 852695 855347 857489 858763 861715 863297 864115 865436 866486 867556 868819 870493 871177 872523 875765 877101 879405 880527 882465 883385 887518 894024 895333 897619 899198 900428 904163 906410 907677 909058 909756 911230 914304 916923 918114 920908 922846 923909 927085 928180 929971 933564 934615 935477 936402 940032 942115 943345 944780 946012 947084 948392 952359 960093 961831 964791 967842 969461 970395 972005 973962 975443 977631 980048 982559 986009 986717 989469 991406 993801 996384 997919 999593 1001260 1002148 1003801 1004826 1006224 1010420 1011624 1013091 1015201 1018262 1021303 1025721 1026276 1027806 1028964 1029749 1033246 1037769 1039843 1040910 1042255 1043253 1044426 1046160 1047608 1048771 1049940 1051292 1052902 1054726 1055470 1057203 1058775 1059737 1061065 1062216 1063379 1065696 1066613 1068742 1070625 1071975 1072836 1074061 1075038 1077784 1079648 1082041 1083261 1084316 1085542 1087072 1090686 1092069 1092833 1093481 1097455 1099078 1103012 1106416 1108342 1109031 1110393 1113653 1115563 1118886 1120462 1123064 1124923 1130995 1132138 1132994 1135931 1137927 1141905 1143520 1145249 1146419 1147296 1150055 1151293 1152456 1154124 1155849 1158618 1159512 1160614 1162232 1164820 1165732 1166258 1167690 1169693 1171716 1175379 1177413 1179107 1180596 1182514 1183178 1186072 1187100 1190250 1193229 1196274 1197994 1199902 1203562 1206580 1208719 1215170 1217009 1220962 1223483 1226289 1231543 1233378 1234874 1236472 1238038 1241087 1244974 1249286 1251699 1253646 1255697 1256512 1257772 1260285 1261220 1262718 1264312 1265161 1266410 1270047 1274526 1276511 1277338 1278149 1279461 1280810 1285950 1288306 1292276 1293316 1297871 1298905 1301093 1302306 1304522 1305893 1306544 1307669 1310416 1311639 1312241 1313493 1316715 1317707 1318767 1320311 1322839 1324392 1325597 1327807 1329446 1331098 1332498 1333611 1335659 1336394 1337820 1338816 1339526 1340185 1342494 1344889 1346035 1352211 1352890 1358762 1360829 1363112 1366641 1369220 1371128 1372304 1373692 1376470 1379309 1381475 1382054 1383963 1386484 1387707 1388484 1391630 1392858 1395229 1396206 1399696 1401510 1403578 1405259 1410343 1412544 1414112 1415262 1416628 1417326 1419230 1420653 1422266 1423103 1424798 1425994 1429132 1431076 1434104 1435337 1436671 1439141 1440765 1441998 1443218 1444821 1446455 1450577 1454277 1455825 1457900 1464115 1466857 1468596 1469723 1471186 1472226 1475143 1478171 1478844 1480589 1482736 1486660 1488235 1493066 1494330 1496740 1498358 1501851 1503952 1507296 1508951 1510514 1511126 1513593 1515832 1517635 1518892 1520343 1523904 1527074 1531189 1535267 1536963 1538656 1540047 1541458 1542433 1544315 1545955 1549431 1550471 1552071 1552652 1553692 1556488 1558915 1562048 1565592 1566540 1568657 1572012 1572858 1574694 1576861 1580024 1583241 1584090 1588005 1590813 1591664 1593096 1595282 1596267 1597362 1599075 1599879 1601021 1602202 1604884 1606242 1607604 1608803 1611058 1613030 1613660 1615694 1620740 1621614 1623181 1625680 1627867 1630399 1632535 1633730 1634903 1636088 1638425 1640535 1642067 1644357 1647958 1648955 1651693 1656026 1658008 1661068 1662199 1666246 1667454 1670303 1673586 1674439 1675715 1677194 1678895 1681126 1682010 1684096 1686035 1686839 1689862 1691383 1692319 1695896 1697492 1698331 1699132 1705638 1707379 1709352 1713561 1714603 1716281 1717565 1724972 1725886 1727891 1731420 1733083 1734853 1736934 1737876 1738573 1739767 1743927 1745733 1749973 1751163 1753935 1755905 1758872 1761210 1763104 1764482 1766063 1772544 1774785 1776967 1778974 1780523 1781452 1784570 1786121 1789911 1792275 1794864 1795909 1798033 1799023 1800499 1801739 1805410 1806297 1808552 1810420 1812251 1813869 1816212 1817554 1819437 1821168 1821993 1823436 1826830 1829557 1830700 1832146 1833355 1834721 1836062 1837535 1838131 1839417 1841406 1842620 1843592 1845340 1846650 1848086 1849840 1852376 1853367 1856812 1858827 1860520 1861765 1863043 1865115 1866501 1867558 1868795 1869884 1872319 1874582 1876423 1877366 1878329 1880052 1881186 1882023 1883592 1886783 1888958 1890147 1890787 1891910 1894349 1895240 1898152 1899210 1900035 1901824 1903166 1904573 1906456 1907394 1908696 1913140 1914058 1917847 1918843 1919920 1920900 1922767 1924258 1926551 1927966 1928849 1933477 1934322 1935872 1937549 1938384 1939363 1940939 1943831 1948198 1950833 1951801 1953247 1954813 1956129 1957116 1958736 1959696 1961365 1962426 1964045 1965626 1966991 1969367 1971630 1974928 1976986 1978269 1979364 1980147 1981729 1986085 1988120 1989383 1991581 1992502 1993973 1996564 1999603 
</Matrix>
<Matrix name="Neuron_631" type="complete" rows="1" columns="167" multiplier="1.0">
   16042 64126 80429 110563 115400 172050 173525 180974 206049 223811 242517 296274 297677 306330 309573 312310 325273 332536 341035 365703 382115 387718 391641 403916 404786 424178 428017 445849 447576 452458 457317 478764 487536 493811 499927 508671 538974 543900 546031 549006 556597 574091 584471 599165 600449 608838 623935 647327 670003 672974 680171 688462 728282 731028 737715 742010 749958 756101 766184 773227 782713 785314 827876 829264 846220 866895 870569 876653 882724 896885 899125 915637 919105 922001 925799 943039 955342 967651 978696 1004857 1018931 1029187 1041910 1045808 1052986 1059121 1067484 1073799 1084645 1100485 1110823 1117666 1125491 1127119 1131731 1138840 1141186 1167320 1198466 1242308 1269769 1273633 1280416 1281477 1283468 1307393 1309117 1315040 1320494 1342850 1347419 1364555 1377709 1386183 1405355 1406823 1417435 1420312 1424548 1433275 1462141 1464805 1471791 1484319 1493081 1506705 1510413 1540679 1542890 1543887 1556881 1568447 1601520 1606335 1613723 1638025 1668324 1669671 1684289 1687991 1691050 1716471 1720537 1730393 1739368 1764038 1786604 1796879 1801571 1807917 1810510 1818194 1831965 1833246 1838810 1841031 1850904 1855757 1864641 1870643 1872831 1891706 1896624 1915259 1961212 1969213 1985988 
</Matrix>
<Matrix name="Neuron_634" type="complete" rows="1" columns="161" multiplier="1.0">
   5599 10611 52938 69979 82380 86550 171646 180717 188207 211423 229322 260540 271742 276218 277814 350205 355467 360135 365572 376087 402664 403715 406762 423679 431822 452077 453558 461990 494033 508600 522809 552207 553546 574783 592189 599716 604177 611240 624309 629635 636991 639281 640441 658651 662679 671777 678066 688285 731146 741506 755950 766797 787663 801733 812278 816478 827124 840263 862722 872321 883666 884589 913391 923305 935279 938836 941565 953898 962474 983472 997439 1007250 1054769 1087798 1089501 1101506 1114306 1128125 1151946 1159503 1174727 1184179 1187220 1193176 1200381 1216265 1228060 1233470 1263647 1290098 1292357 1299448 1310070 1328315 1331500 1333704 1358688 1361970 1369614 1373677 1377513 1382191 1401380 1417074 1420741 1426105 1439010 1449909 1464623 1470544 1477569 1493980 1508839 1509688 1521806 1526496 1534867 1540770 1548831 1559120 1567787 1579773 1583626 1591512 1600716 1606344 1635436 1640311 1646483 1648342 1659235 1664944 1670037 1688214 1725297 1727382 1738179 1744017 1754096 1762409 1784307 1798786 1800035 1808497 1834182 1843679 1846354 1860289 1887020 1890499 1913038 1954070 1955696 1963831 1968215 1970495 1980781 1983527 1986249 1991409 1997018 
</Matrix>
<Matrix name="Neuron_641" type="complete" rows="1" columns="186" multiplier="1.0">
   6681 15950 18278 28952 29938 110064 111979 114040 117676 124766 140080 144105 147837 162093 167213 171436 179222 183881 193264 196876 200418 206307 225205 230363 235080 240807 263549 267556 278127 291462 295073 317031 332817 337438 344911 349518 355224 358573 379897 387053 396288 398725 403032 410922 416099 430543 473122 475868 488207 492683 500102 502644 506145 508606 519615 527063 549424 552938 555579 569783 583367 587618 592554 601866 621761 630820 632736 639329 661124 663377 692165 704919 743763 745970 746906 747807 777115 778301 792831 797616 798818 808944 815858 824619 848670 850173 857810 889272 895919 913942 921149 933270 942429 969226 976246 988078 993519 995982 1021217 1029553 1059620 1060714 1073367 1084168 1091731 1096359 1107165 1110246 1118054 1128342 1131842 1146075 1149633 1158113 1173999 1175811 1183445 1188834 1205442 1217929 1229200 1259173 1261250 1272122 1274703 1302178 1311981 1315120 1334001 1339826 1353545 1362830 1365710 1379092 1380567 1385458 1401353 1407116 1451355 1457862 1463806 1497846 1501330 1503121 1506932 1509179 1532311 1592008 1599878 1604541 1608820 1623679 1635405 1640457 1649071 1656214 1659871 1664943 1721888 1727234 1741981 1744103 1760245 1794977 1803213 1823100 1832599 1835918 1851628 1858930 1864970 1872066 1879773 1898098 1900973 1905000 1910949 1915927 1927009 1938972 1945846 1962934 1965270 1968096 1987578 1993065 
</Matrix>
<Matrix name="Neuron_644" type="complete" rows="1" columns="172" multiplier="1.0">
   8343 39111 45809 56712 61595 90971 98824 103060 113073 121346 144835 146545 160143 168465 169678 188967 192436 196911 203823 213062 226632 245658 256732 288025 291356 292680 315505 329009 333712 350075 380329 392967 402802 424913 432131 455047 457725 463868 485862 494152 498477 504061 513706 526407 530528 539336 544962 570895 578713 600283 624300 637210 639070 647181 668545 708734 723334 727455 731456 738137 767156 818633 820321 821664 827108 830129 862221 864442 867824 871457 876714 881994 886202 895458 904995 933364 936183 950732 970278 1024072 1030084 1044686 1060889 1078374 1085052 1091803 1102860 1110769 1113725 1129440 1139052 1170922 1173446 1179782 1193884 1204309 1210839 1213956 1217809 1221690 1239396 1240912 1242748 1248814 1261071 1267270 1274060 1284798 1289457 1324051 1340699 1372955 1393149 1394416 1398818 1418485 1422590 1434899 1441918 1462313 1468814 1484776 1488748 1506860 1532666 1535250 1541471 1562711 1571236 1577299 1582143 1587262 1590533 1594679 1610341 1631490 1634005 1647355 1682859 1685267 1686578 1713087 1716713 1720103 1750829 1752333 1753111 1779767 1793042 1795257 1829754 1832274 1852045 1856820 1874669 1880074 1884371 1886038 1889173 1900590 1909331 1924009 1931730 1935668 1943917 1946317 1963948 1965579 1969506 1974192 1982850 1998979 
</Matrix>
<Matrix name="Neuron_651" type="complete" rows="1" columns="182" multiplier="1.0">
   10002 26729 38317 49710 52517 67770 72123 83661 86676 95639 100870 117265 125970 139885 144578 198448 202948 207181 208490 210583 227843 235382 238368 239699 244221 251326 258578 268345 274954 295027 299533 302763 319974 323152 327140 328209 333523 391988 403292 409347 417250 444851 451934 454465 459964 467835 486542 490351 508915 526273 553858 557753 582775 594347 595918 601518 638876 696212 701210 705064 716704 720644 740417 746449 754777 775137 788565 794621 795881 802427 804000 827893 840049 871639 877517 893170 901397 902876 903720 929258 950358 957018 972447 981178 986357 992994 1000143 1014916 1042468 1046896 1056391 1057887 1065027 1067095 1113561 1124702 1129735 1144228 1149558 1168199 1170913 1195432 1202654 1204205 1212746 1220682 1230039 1244577 1261189 1270679 1277586 1285479 1317668 1326360 1334114 1347539 1356987 1358385 1366790 1376473 1379175 1382107 1385887 1392774 1404094 1424569 1437661 1446023 1447632 1450249 1452534 1472139 1473701 1498404 1509582 1511723 1541782 1563179 1566292 1570698 1576487 1579504 1581868 1589254 1592670 1630419 1634092 1640927 1643907 1647724 1651769 1653875 1688869 1690663 1693187 1711981 1714349 1724816 1749556 1759763 1761875 1771505 1779678 1784741 1801382 1813784 1830795 1838761 1841555 1857366 1867021 1875001 1880604 1882756 1891428 1897064 1918147 1926906 1936758 1952424 1958386 1984260 
</Matrix>
<Matrix name="Neuron_654" type="complete" rows="1" columns="64" multiplier="1.0">
   7898 39386 66681 86973 124013 131434 137072 177767 193294 205949 283531 291231 294828 420236 452707 462642 509096 524149 525466 526378 585603 609949 616079 622247 635598 645530 838454 861585 894247 903488 945675 948531 952201 972289 980184 1024787 1031849 1064751 1086726 1110052 1179049 1191408 1197888 1229938 1335185 1349150 1361533 1407110 1468088 1489827 1541030 1562782 1604997 1675060 1677871 1679284 1748012 1752083 1765709 1833331 1838563 1840556 1889878 1939888 
</Matrix>
<Matrix name="Neuron_697" type="complete" rows="1" columns="417" multiplier="1.0">
   6581 19129 24693 38140 43846 47083 50009 54169 59369 60294 63330 67514 68819 74635 81641 82886 84051 85311 89043 97305 102460 113680 119658 123341 140348 143177 145418 149177 150885 152910 158513 164459 166001 167666 176317 183998 190797 192196 197393 204134 207402 209556 212177 214008 214938 216920 218539 223417 228378 229338 230854 234232 237417 249581 261578 264748 276180 282980 289667 300222 305321 309800 313773 319914 321448 322854 327056 328322 331229 335131 336756 338940 342255 347613 348581 350608 356008 357099 361539 371642 372665 379934 383763 385932 396333 399482 406854 420660 423888 425932 429141 432602 437522 438921 440401 442177 455154 463225 464672 470461 474999 476396 482313 487647 492960 494175 495619 504531 508188 509699 511203 511867 521180 522742 527860 539972 541824 544062 555436 557350 562500 564124 567506 570194 571154 575191 576659 582808 585376 586942 590600 594584 596354 604260 610840 612028 613585 619045 622728 627129 628291 648684 652378 657943 667306 672556 676601 678153 692818 696019 703199 707573 717156 718554 719648 721649 722335 725376 729034 744404 756514 760332 771349 774918 777959 781137 783090 784404 790332 793292 797706 799091 806434 818687 824372 838689 847223 849054 855583 857054 858046 863331 872211 874084 875786 880108 883291 884107 885642 887097 889959 892850 895314 900251 902498 903724 904835 908132 912461 913310 915473 919973 921444 925591 936093 939384 956841 966485 969815 973370 983596 985761 990493 995026 998631 1005888 1014394 1016917 1031458 1045414 1048745 1050870 1054853 1058061 1059037 1073393 1078340 1083579 1091202 1097891 1104990 1106010 1115299 1122018 1133649 1137978 1144783 1145845 1161718 1163045 1166054 1171964 1174768 1183610 1188150 1190510 1192320 1194104 1220906 1225146 1233449 1234998 1238441 1239615 1242441 1247030 1248390 1251808 1255795 1258405 1262702 1265452 1267049 1275294 1283140 1285536 1287414 1288832 1299286 1305004 1308541 1315455 1327467 1333538 1339365 1342177 1346040 1366360 1377186 1382075 1382869 1385960 1388573 1392595 1396175 1397619 1401046 1405735 1408079 1409781 1411922 1414172 1420192 1426403 1432420 1437577 1444348 1445131 1446104 1447871 1458258 1460739 1462307 1468350 1476527 1477599 1493073 1495550 1499466 1504951 1513027 1527657 1531973 1536784 1537594 1539234 1545943 1550775 1552664 1553716 1558619 1562346 1570891 1574525 1576072 1577800 1580108 1583040 1589142 1590358 1594669 1595947 1608757 1609873 1611688 1614820 1615433 1617393 1623419 1626280 1631605 1637353 1640925 1647141 1654924 1661835 1663354 1666029 1670399 1677443 1690263 1692501 1698152 1701224 1707250 1711338 1714985 1718149 1722426 1724220 1729078 1733327 1735741 1738107 1740783 1742992 1744095 1759398 1761250 1762059 1765057 1767584 1771058 1775436 1792167 1794122 1800189 1802531 1809582 1810830 1812242 1815866 1823637 1838167 1839387 1843774 1846234 1849014 1850139 1853302 1859127 1860198 1866266 1878562 1886391 1890923 1892620 1896838 1900811 1901817 1906610 1917649 1926694 1933253 1943590 1944320 1954361 1958685 1962868 1967857 1972611 1974749 1984238 1986963 1990062 1992968 1994301 
</Matrix>
<Matrix name="Neuron_707" type="complete" rows="1" columns="713" multiplier="1.0">
   3394 6599 8410 11342 15914 18643 21525 25230 28081 31590 33614 35239 36070 37684 42858 45241 46100 50690 53438 55340 56988 58142 61008 67543 69527 71968 77082 79408 80628 86544 87781 89582 90484 91557 93650 100436 102068 103665 105802 109994 111984 116353 118049 121967 123383 125222 127439 129175 130878 131978 135153 137151 141196 143016 145340 146186 147337 153503 154748 156780 158082 160505 161753 162463 163367 169382 171828 172838 174790 176297 178620 182457 185987 186711 189190 189850 191870 196684 198983 200737 204629 206258 207578 208751 210709 211929 214727 217243 218281 219643 220757 223622 227616 229275 230576 233275 236092 237153 239968 243044 244075 244917 251910 254657 256688 259613 261148 262530 266934 268462 270766 272404 273208 281257 283596 286289 298827 301799 302780 308063 310904 313143 314250 316871 319200 320871 323546 327377 328742 331140 334865 336999 339648 341410 342511 344327 345652 347238 348137 349310 350441 355706 357240 361352 362785 365098 373924 376717 379205 380027 382115 383801 387983 390116 392355 393217 394514 397640 399349 402644 411137 414317 415901 423796 426664 427787 428823 429501 430549 434261 436758 440343 441269 444300 446689 448650 449881 451619 453269 461509 463029 467780 469233 476157 477776 479221 480396 483214 484210 485314 488068 490048 492585 495002 496147 504822 513245 514205 518700 520522 522288 524859 528021 529193 530423 533884 537341 544448 548219 549544 552624 554020 554673 556036 561002 562787 566106 567438 569103 571442 575272 577439 579450 581282 584363 585889 591005 592998 595132 597279 606802 607720 609888 610786 612638 621452 625779 627579 629333 630803 632148 638952 641842 646163 649571 653616 654461 658694 659939 662811 663808 666881 667437 669327 669998 670960 673349 674208 676374 686628 687822 693192 696732 698204 700549 702789 705226 706207 707519 711717 713852 719929 721463 723478 728405 731352 732656 735636 737430 740759 742790 747692 753523 755363 756326 765868 767547 771159 772310 775839 779415 783195 785719 786280 789537 791987 795808 798160 799998 800893 804427 806859 809183 813105 814632 818402 819476 823948 828420 829523 832338 833483 835305 836315 838043 839331 840311 841126 841764 846277 849168 852575 857920 861412 863647 864438 865798 867029 868226 869653 871020 873118 874937 878587 879038 883982 886298 889365 891142 892521 894548 902825 905079 909476 912521 916422 919033 920931 922400 924203 928101 930856 931856 939197 940285 942137 948687 950091 951389 952985 955523 956979 960373 967259 970192 972283 973524 974622 979450 983171 984279 985696 988132 991675 994200 996442 997601 998427 1000137 1002399 1010069 1011744 1014244 1015962 1018552 1021084 1021837 1023286 1027215 1028205 1030927 1033660 1036681 1037570 1039563 1048602 1050531 1051682 1053238 1057642 1060230 1063724 1069521 1077688 1081146 1086458 1087336 1088373 1090292 1094082 1097833 1099729 1101335 1103290 1105149 1108369 1114353 1115942 1117450 1120498 1126082 1128152 1129073 1132517 1135085 1138025 1139919 1140678 1141837 1144466 1146162 1154378 1157050 1158805 1165184 1166357 1170474 1172297 1177473 1185579 1189934 1191067 1193569 1196651 1199000 1201152 1202359 1204583 1206678 1207796 1218208 1221955 1226250 1228554 1230596 1233112 1234372 1239209 1242588 1243844 1245923 1246868 1253338 1256519 1259965 1262641 1265820 1267431 1268978 1270747 1271991 1281243 1283117 1285828 1291097 1292018 1293372 1294843 1296665 1300361 1301396 1305253 1308250 1309858 1312753 1317172 1317985 1319170 1320422 1322401 1328008 1331438 1332731 1337522 1338968 1340306 1342080 1342912 1349321 1350067 1351180 1352261 1353864 1355704 1357438 1358808 1372903 1375276 1376060 1377027 1382509 1387607 1390956 1392816 1403897 1406231 1407866 1410617 1411725 1413738 1415814 1419390 1420917 1422193 1424273 1425631 1426413 1434783 1440270 1441380 1442077 1445349 1448328 1452269 1455994 1457655 1461121 1466555 1468288 1471480 1476053 1477979 1479715 1482108 1484431 1486988 1487667 1488772 1490065 1492009 1499185 1501524 1502857 1504716 1509975 1513137 1514019 1514983 1519322 1524356 1526424 1529183 1531528 1535472 1536571 1539793 1548445 1549916 1551151 1552581 1555501 1559310 1560480 1563409 1565316 1570392 1573861 1576552 1579922 1583420 1591472 1593124 1600660 1603657 1607105 1608308 1613560 1615423 1617085 1620495 1621286 1627776 1628864 1635719 1637394 1639038 1642495 1644883 1650394 1658333 1661991 1672982 1674335 1677134 1681699 1684224 1686596 1689467 1692658 1695937 1697519 1699428 1701002 1701793 1703799 1704417 1706178 1707508 1708955 1711919 1713356 1718240 1722413 1726874 1730109 1732710 1734008 1736419 1737753 1739396 1745675 1750275 1752796 1755352 1756307 1758825 1761062 1764684 1767227 1773409 1776297 1777771 1782599 1785572 1788936 1792755 1797084 1800137 1801584 1803227 1805182 1809820 1822322 1826640 1836286 1839584 1842805 1843793 1844886 1849426 1851053 1854267 1862761 1864783 1872842 1873688 1875282 1879029 1880850 1883702 1888896 1890060 1890920 1892017 1892853 1899169 1902915 1906727 1909745 1915374 1918155 1920189 1921989 1923600 1925096 1928651 1931525 1932440 1934431 1935953 1939668 1941751 1944526 1946930 1948468 1950087 1952723 1956258 1957185 1961040 1967583 1969585 1974768 1978505 1979750 1982031 1983051 1984242 1986867 1989890 1991722 1992715 1993968 
</Matrix>
<Matrix name="Neuron_717" type="complete" rows="1" columns="1199" multiplier="1.0">
   1258 2259 3803 5856 8366 9376 11222 12021 13231 14544 15436 16561 18015 18687 20001 21121 23404 24618 25737 26845 27930 30106 31679 33877 34744 36484 39300 40876 42895 43792 44577 46715 48238 49023 50157 51114 52041 52918 54498 55497 57452 58951 60682 61819 64439 65323 66718 68697 70139 72924 74135 76789 79666 80588 82073 83018 83990 85459 86173 88073 88978 89580 90359 91557 92595 93824 95258 96937 98333 99341 100234 101386 103050 103767 105802 107668 112182 113382 113986 114797 115439 117761 118583 119492 120301 121395 122773 124035 124989 125920 127114 128959 129771 131169 132051 132848 134166 136546 138010 139169 140279 140915 144372 147703 148312 150454 151940 152902 154601 155343 157158 159368 160751 161978 163372 164302 165823 167238 168884 169447 170956 171658 174360 176152 177001 178416 179804 180785 181896 182876 184187 185875 188775 191896 193696 196131 196950 198591 200569 201608 202355 203011 205010 207024 207920 209864 210683 211634 212674 213460 215442 218346 219959 220838 222032 223839 224512 225257 226464 227740 229996 231055 231773 237799 238433 239071 241117 244320 245848 247743 249110 252610 255670 257521 258027 259202 261297 263839 264856 266442 267353 268783 270746 271545 274941 277622 278645 279862 283483 285239 287255 290262 292778 294360 295553 296853 299530 301392 304704 305940 310068 310934 312692 314108 316431 319069 321215 322265 325967 327370 329022 331380 333030 334499 335197 336191 337744 344351 346371 347745 351121 352056 353302 354841 356855 358306 359744 361285 362059 364116 365519 367060 368566 369711 370351 371439 372547 375890 377747 379804 381200 384749 386209 387433 388766 393611 394709 395461 396937 398384 404484 406781 408562 409319 411794 412567 413437 413957 415631 416210 417018 418373 420192 422921 424079 425288 426129 430552 433240 434053 441095 442250 446424 449990 451270 452447 453693 455697 456831 457991 459092 461680 462573 464201 465647 467113 470436 471311 472879 479462 481234 483578 484514 486440 489504 490633 492169 493152 494073 496336 497148 498960 503925 505862 507345 510228 511066 511780 513947 515528 516409 518869 519987 521163 523671 524798 526466 527688 529487 530521 531013 532360 535472 537424 538004 538822 539601 541389 543578 544948 547705 553058 554255 556190 557103 557899 559152 561233 562933 564208 566664 567969 568666 569699 571807 573324 575982 576665 579086 580406 582729 584810 585742 586774 587836 589251 591126 596233 596931 598514 599616 601097 602194 605642 606411 607330 608179 609650 613568 614288 615195 615989 619017 621222 622221 623315 625059 626154 626927 629359 630281 633885 635566 636731 638926 640040 641234 641877 642545 645886 647962 649331 653936 654878 656005 658162 661212 663716 664293 666972 669385 671233 672650 673915 675205 677777 678919 680319 681064 682042 683026 685008 685819 687463 688205 690215 693214 694297 695467 696683 699451 702803 705490 707708 710290 714338 716713 719116 721740 722973 725499 726436 727634 728907 729886 730934 733032 733547 737565 740659 741378 742857 743819 745027 746121 747166 748450 749663 751388 753079 754201 754865 756281 757001 757996 758899 760922 761832 763369 767228 770013 772586 773558 774591 776545 777426 779302 780211 784749 787333 789592 790683 791861 792798 796090 797355 799853 801388 802963 805265 806310 807212 808683 810404 811740 814229 816153 819258 820219 822485 823162 824867 826100 826995 828310 829960 830999 833443 835952 837004 838323 842689 844478 846406 848001 849108 851595 853911 855349 856046 856771 859132 860393 861626 864978 866254 867761 869099 870700 874696 875914 877204 881425 886972 888218 889718 891939 892609 895214 895905 896275 897734 899215 902392 906317 907170 907814 910156 914316 916181 918367 921432 922537 926880 927849 928881 932232 932945 936573 937968 938763 939924 941622 942560 943402 944542 946013 946926 947977 950840 951937 954034 956084 957199 958234 959001 960363 961322 962366 964535 967747 968430 971502 972490 974592 975461 976564 977412 979513 981469 982452 984029 984781 988019 991070 991961 994767 996430 997280 998073 999354 1000437 1001193 1002476 1003614 1004402 1005638 1006640 1011004 1012080 1013183 1014000 1016216 1017466 1018589 1020339 1021157 1025962 1029207 1030049 1031057 1032012 1035342 1036531 1038003 1041008 1042014 1044437 1045827 1047943 1049361 1050112 1051340 1051980 1054245 1054891 1057170 1058180 1058892 1060551 1063275 1066964 1068654 1069283 1073257 1077304 1080113 1081578 1082313 1083262 1084061 1085796 1088801 1090090 1091409 1092516 1094212 1095477 1096644 1097420 1099009 1101273 1102484 1103084 1104023 1104853 1105585 1107144 1111131 1113895 1115925 1119259 1120362 1123248 1124589 1125642 1127487 1128903 1129951 1131153 1132303 1134100 1134871 1136066 1137990 1138914 1140585 1141352 1142857 1144352 1145341 1146066 1147096 1148065 1148797 1150201 1151154 1152094 1153103 1156119 1158905 1159563 1162919 1164724 1166433 1167197 1170148 1170955 1172189 1173204 1173721 1174736 1177382 1178918 1180348 1181752 1185256 1185861 1188114 1189957 1191182 1194250 1196585 1198305 1200059 1200841 1202035 1202738 1203706 1204786 1207069 1208349 1209309 1213003 1213930 1215177 1216080 1218484 1219446 1221459 1223383 1225002 1226397 1228069 1229705 1232092 1233438 1234900 1236406 1237910 1240147 1241381 1242972 1244234 1245252 1246962 1249473 1250134 1251206 1252038 1252609 1253992 1255662 1257811 1259217 1260227 1261539 1262253 1263497 1264358 1266552 1269421 1271658 1273530 1274729 1275726 1276416 1278861 1279911 1280868 1282496 1283547 1285617 1286556 1287336 1288347 1290329 1292353 1293480 1294706 1296878 1298530 1300159 1301606 1303523 1304898 1305684 1308828 1310535 1311658 1312538 1314809 1315535 1318106 1319723 1320988 1325199 1326379 1328914 1330205 1334283 1334886 1335727 1337396 1339641 1344025 1345103 1346681 1347408 1347855 1349704 1352336 1353113 1354152 1356187 1357334 1358654 1361554 1362936 1364173 1365743 1367950 1369441 1370547 1371688 1372649 1374129 1374689 1375453 1377372 1379404 1380797 1383611 1384185 1385606 1386436 1388504 1391978 1392960 1395043 1395889 1397209 1399836 1403824 1404926 1405845 1408251 1409295 1409938 1411884 1413395 1414186 1416695 1418334 1419781 1420689 1422358 1423892 1425461 1427263 1428626 1429645 1430778 1431342 1433461 1434445 1437190 1439177 1439990 1440984 1442457 1444554 1446526 1447998 1450176 1451328 1454584 1455706 1456933 1458004 1459047 1461728 1462752 1463751 1465250 1466794 1469287 1470619 1473742 1474801 1475622 1476268 1477891 1479177 1480244 1482185 1484271 1485591 1486744 1489769 1490441 1491126 1493575 1496065 1497291 1499541 1500739 1501720 1504343 1506787 1507696 1513396 1516020 1516898 1518850 1524603 1526231 1527328 1528408 1529702 1537774 1539452 1542127 1542863 1543628 1544658 1545472 1546282 1547872 1549048 1549605 1551099 1552155 1553974 1557265 1558524 1559780 1562092 1562911 1564529 1565314 1565861 1566892 1567965 1569246 1571960 1572628 1573793 1575757 1576446 1577085 1578840 1580460 1581502 1582617 1586474 1587386 1589650 1591326 1592591 1595831 1598215 1599329 1601309 1602759 1603905 1605808 1608504 1609675 1610738 1613459 1616040 1617787 1618588 1620048 1621332 1623133 1625415 1626642 1628508 1630448 1632156 1633855 1634952 1635841 1637219 1639022 1642164 1644155 1645924 1646930 1648196 1649544 1651440 1655064 1656522 1658159 1658855 1659844 1660712 1661865 1663137 1663876 1664864 1665887 1666613 1668138 1668833 1669511 1670975 1671681 1672492 1673818 1674994 1675995 1676954 1678418 1680631 1682553 1683473 1684685 1686027 1686684 1687710 1689620 1692515 1693386 1695487 1697368 1700246 1700895 1702367 1705233 1706286 1707213 1707844 1710316 1711479 1712975 1714511 1715359 1716649 1719185 1720191 1721064 1724029 1727561 1728757 1732420 1733633 1735608 1736493 1737377 1738485 1741206 1742554 1744206 1745502 1746492 1748592 1749583 1750566 1751511 1753151 1754583 1756053 1756951 1758041 1759442 1762919 1764557 1767182 1768033 1771074 1776578 1777452 1779087 1781747 1783445 1784294 1785515 1787147 1790014 1794793 1796475 1798188 1798960 1801007 1802867 1805237 1807458 1810442 1814874 1815477 1816422 1817379 1819299 1822413 1823223 1826430 1827768 1828386 1829709 1831722 1832797 1833658 1836084 1837485 1838326 1841757 1842611 1843951 1846127 1848072 1848652 1849691 1850874 1852727 1855851 1859513 1860434 1861306 1865009 1866109 1867716 1868675 1871857 1874584 1877870 1879496 1880395 1881439 1882274 1883995 1884646 1886678 1889119 1892539 1895192 1896143 1899079 1902702 1903598 1905871 1909386 1910245 1911477 1912164 1913659 1915058 1915816 1916393 1918533 1919580 1920384 1921400 1922710 1923684 1924587 1925697 1926708 1927527 1929182 1930151 1931053 1932369 1933716 1935475 1938918 1939538 1940452 1941263 1942195 1944973 1947311 1948639 1950846 1952294 1956013 1960321 1962446 1964419 1965921 1968354 1969481 1970528 1972014 1972987 1974727 1977953 1979463 1980584 1986465 1987233 1988292 1992444 1995294 1996272 1998747 
</Matrix>
<Matrix name="Neuron_721" type="complete" rows="1" columns="641" multiplier="1.0">
   2428 3965 5536 9939 12239 13659 15361 21956 24679 26832 28269 41921 45432 48260 50946 54269 55999 58454 62998 65650 66408 70130 71675 73622 76317 77408 83938 85416 87854 89021 90245 91163 92105 95339 99570 101918 106186 114372 116031 117166 122224 125650 128001 130400 136388 139310 146149 149157 152199 153560 154869 157669 160372 162901 163683 166557 168494 170030 173768 177022 181045 184736 186807 188796 190207 191801 196485 199658 201058 207855 208762 209734 213040 214176 222437 228314 230022 232818 234534 238968 244043 246686 249482 252221 253306 255318 258180 258974 259903 266129 268477 274501 277881 279812 282610 284305 291052 292584 302449 306458 310189 321145 322570 324561 325796 328293 333341 334814 336227 339280 346656 351135 352636 357632 359219 366060 368312 370344 372323 376656 378453 385006 386606 388004 390826 393993 395087 397633 407339 409096 412869 417189 421491 425513 427282 439817 445843 446908 448821 450146 453101 454951 461431 471224 472155 474973 476398 479514 481598 482886 484903 490272 493295 499969 503504 508575 510399 513254 516062 517885 520346 522638 523633 527781 533749 535447 539560 543609 545240 547730 549076 550911 558661 560460 562582 567674 569910 572142 574043 575414 578672 580993 582652 584564 589511 592551 597698 601489 602883 606229 607037 608626 614536 616631 619217 621221 622744 625670 626829 631103 631912 633643 638355 640908 641760 650228 652653 653415 654103 655095 659966 666056 668409 675130 676010 677070 678933 680274 681491 683783 686540 691730 701584 702785 703823 705745 708000 709518 711779 715035 717590 720920 722457 723577 726199 728190 730427 732375 733987 735656 737219 738324 740092 743526 745323 747500 754737 757002 762162 764355 768799 775846 780095 781674 787665 788681 791485 792998 794690 798038 799044 801029 802861 803796 808980 810069 814631 815898 821380 823139 827694 829857 830895 833470 835206 836330 844815 847392 849394 853208 854194 859435 861976 863560 866027 867205 869376 871458 872865 875883 877180 878651 882091 885154 889656 891776 893683 898198 902460 916794 922482 926288 927481 930543 935559 939430 940538 943938 947067 950269 958619 960889 963706 966846 972157 975845 977169 978866 984309 986521 987505 988712 1000655 1003232 1004228 1006125 1008703 1011203 1012308 1016606 1020390 1028432 1032647 1037066 1040217 1041805 1043732 1044483 1047466 1050605 1051984 1054256 1058450 1061508 1063708 1065004 1066266 1067850 1071609 1072453 1078919 1081273 1084766 1086313 1087503 1089174 1095442 1097826 1104547 1106013 1112080 1114261 1115428 1116743 1120355 1121623 1123928 1124852 1127459 1129355 1135871 1141335 1146932 1148571 1151225 1156272 1158011 1160091 1164209 1167416 1174666 1179002 1184397 1189478 1191549 1193779 1197647 1198851 1201626 1205257 1206570 1208907 1212933 1214120 1216385 1217763 1220304 1226623 1228069 1232327 1233586 1234703 1237403 1241070 1241787 1243923 1246012 1247530 1248704 1249721 1251301 1255413 1256486 1257674 1259871 1262256 1265549 1268935 1272889 1279774 1280958 1283332 1285003 1287884 1289524 1292424 1295121 1311592 1313295 1319492 1320325 1321448 1325023 1328661 1334021 1338653 1345732 1347509 1348924 1351368 1352398 1353834 1355917 1357041 1361238 1362923 1372006 1373733 1375094 1384384 1387946 1390430 1394055 1396911 1400320 1410695 1414567 1415666 1418043 1420086 1421019 1426197 1428260 1430510 1432401 1434388 1435134 1436547 1440558 1442549 1443380 1445705 1448000 1455633 1457722 1460784 1465350 1467865 1470733 1475273 1480110 1482281 1485290 1486026 1490519 1492753 1494005 1494741 1496682 1498067 1499708 1502223 1505743 1508660 1511059 1513860 1519745 1522546 1524229 1525971 1528001 1531739 1535111 1540571 1543631 1544737 1546893 1552307 1556665 1562117 1563638 1565546 1570355 1573204 1579526 1581415 1582729 1583845 1585084 1588302 1590477 1592395 1595023 1597633 1598865 1600362 1604917 1606298 1613708 1615475 1617175 1619555 1621142 1622728 1624452 1629448 1635820 1638559 1643592 1646411 1650044 1655083 1662541 1665188 1666932 1681246 1685210 1688471 1694003 1699475 1700437 1702637 1706599 1711859 1714028 1715895 1717623 1723111 1724745 1726464 1728777 1733251 1734350 1735301 1736049 1740508 1744667 1747615 1749262 1753506 1758271 1762805 1764695 1767009 1768792 1771896 1773079 1776080 1777497 1779582 1780581 1784317 1785660 1794475 1801292 1802825 1804663 1805859 1808614 1810412 1815296 1817348 1821802 1823965 1824937 1832423 1836388 1847130 1854770 1856068 1862362 1866273 1867428 1869610 1876263 1879406 1883254 1883908 1887758 1890646 1900927 1901880 1907319 1908691 1910113 1912656 1913969 1917016 1921156 1924057 1926527 1929892 1932173 1933638 1934862 1938486 1947363 1949852 1951579 1958899 1960591 1964131 1965469 1978944 1982222 1984142 1988243 1989900 1992545 1997005 1998419 
</Matrix>
<Matrix name="Neuron_724" type="complete" rows="1" columns="78" multiplier="1.0">
   18033 20360 146041 156212 157762 196107 208370 215786 241338 323543 338950 349393 360514 377136 449185 475395 528349 550976 590996 612241 621647 629885 644487 675520 680838 706481 717705 736949 741274 769180 771781 787076 850433 856313 890225 902781 908125 964341 996804 1003864 1023197 1071245 1096339 1103230 1124620 1138825 1175460 1187667 1222211 1245335 1263752 1282074 1320791 1343898 1353680 1369368 1408785 1419774 1432731 1513739 1523817 1529762 1540646 1543907 1547605 1716554 1738920 1754413 1759948 1779124 1780215 1836770 1844375 1860887 1869450 1964380 1969630 1972446 
</Matrix>
<Matrix name="Neuron_731" type="complete" rows="1" columns="655" multiplier="1.0">
   1242 5583 10354 13004 14074 16516 20967 22103 24525 25566 28787 32473 36283 37506 42501 44249 47327 51518 52261 55710 59381 60606 61670 64141 68086 69417 73238 75795 79890 84809 85860 87529 91682 95171 96629 98130 101577 109290 111920 116412 120028 121841 123076 125355 127951 143447 147288 148785 154511 160215 163144 164982 166807 168236 171045 173233 174014 174950 176479 179769 180686 184008 189555 193135 197792 202085 204718 207394 211590 216287 217358 221693 227083 228266 229713 231730 233515 234995 236909 238116 240714 241711 242817 244199 247582 253395 255407 258201 263290 267504 272130 279135 282267 286724 288063 291881 293609 296066 299416 303915 307859 309088 319264 321196 323772 329669 336585 340518 342251 346931 351970 354149 357003 359639 363511 364512 369004 370828 372268 374619 381335 389134 391356 393543 395149 398473 400321 402246 403812 411232 413356 416558 418479 424310 429234 432528 443464 445135 446410 452347 453754 456572 460396 461738 462897 469159 472709 477655 478316 481763 483823 490589 492064 493559 496474 497990 500300 504050 506034 507172 508274 511005 514336 517968 519461 522595 526438 529452 530390 531779 532603 533656 538175 539789 541963 548122 552418 554683 559195 561786 565966 568261 570893 574879 577348 579758 582118 586182 589772 592006 592602 593864 594940 599021 602411 606343 608391 609376 612189 613101 615256 616744 619789 622275 624769 629665 635569 637665 644115 649332 653843 657802 659155 663625 665938 667980 669154 671784 674134 675671 679943 686735 689683 693897 697090 699098 703049 706356 709989 715863 718113 719302 723713 725925 727945 730045 731519 733000 740036 741530 742312 749734 756155 758803 761747 764774 772597 774739 782739 785491 787092 791071 793112 794742 796948 797970 800918 802435 805445 808828 811315 815006 817716 822771 825575 826721 828143 830335 831400 833953 837023 842970 844053 847096 860215 862220 865439 868549 870738 872432 874890 877058 880872 881838 885639 887948 890862 893969 896257 897368 901021 905213 907151 910644 914985 917524 918402 921828 924523 926834 933928 936256 939260 942659 945858 947255 948245 949452 956932 961231 966732 971124 976769 982243 986840 988792 990054 991498 992765 994148 995258 996593 998592 999786 1002984 1003842 1005878 1008377 1018696 1022442 1025446 1028519 1032090 1032795 1034828 1041884 1044005 1045984 1048147 1051336 1058912 1061574 1065945 1069154 1079524 1082491 1084182 1085791 1089425 1090363 1096741 1098615 1101073 1102797 1104033 1105161 1106497 1110302 1112478 1119850 1133009 1135584 1140802 1142528 1145323 1147249 1150896 1158513 1160531 1162152 1166647 1167551 1169128 1172605 1177045 1178324 1180013 1180737 1184883 1186614 1188426 1189784 1194578 1198563 1200018 1205766 1207431 1212808 1216159 1222680 1224410 1226053 1228607 1229330 1237195 1238889 1241378 1243841 1245508 1247408 1248809 1251424 1255171 1258472 1259463 1261086 1267749 1271170 1272213 1276967 1278122 1282797 1283755 1287311 1289827 1293518 1297278 1301344 1307104 1312032 1315026 1316018 1319375 1320361 1322509 1324862 1328086 1334876 1337957 1339468 1341932 1342927 1346331 1349421 1353282 1356987 1359112 1362942 1364207 1366098 1369475 1372507 1373546 1377309 1379617 1382913 1387300 1388964 1390148 1391843 1394060 1395287 1398726 1407780 1410149 1413173 1415178 1420013 1423033 1426415 1428960 1430661 1434362 1435642 1436403 1438830 1444255 1446553 1448596 1452706 1457684 1459033 1466606 1468322 1471435 1481228 1482510 1488795 1490767 1491858 1495148 1496597 1498801 1501555 1502277 1507903 1513880 1515070 1516645 1519572 1522819 1524025 1526116 1528292 1529052 1532345 1533462 1535645 1536522 1538928 1542538 1549300 1551202 1553490 1554494 1556016 1563690 1565440 1570397 1572716 1575984 1576832 1580371 1589046 1590348 1592255 1594295 1599100 1600254 1602150 1603081 1605454 1606955 1609157 1611996 1616753 1618902 1621257 1622617 1631499 1632572 1634440 1635561 1638086 1640901 1642823 1644149 1645947 1649238 1650117 1654303 1656205 1663598 1664817 1666813 1667781 1670234 1671576 1673053 1675774 1677452 1685774 1688305 1689896 1695324 1696845 1701359 1703230 1704807 1706501 1709182 1713874 1717575 1718602 1725143 1727323 1731000 1733536 1736793 1739208 1741824 1744414 1746882 1750293 1752711 1755543 1757671 1758593 1761779 1763893 1764928 1767152 1767841 1772498 1778080 1782177 1784794 1791444 1794765 1796826 1800879 1802485 1804253 1806900 1811549 1815456 1817134 1819468 1822473 1823599 1826295 1828276 1834231 1837133 1838326 1844804 1848893 1849996 1853144 1855530 1860485 1865171 1866490 1871025 1873217 1874524 1878889 1879627 1881863 1884495 1889604 1892907 1894271 1895781 1897619 1904315 1906506 1907447 1911439 1915118 1916486 1917805 1922403 1927020 1928019 1934168 1941073 1942050 1945258 1947622 1949723 1953517 1955941 1958823 1962795 1965207 1968942 1972013 1974772 1975771 1985365 1987446 1989581 1993116 1997899 
</Matrix>
<Matrix name="Neuron_734" type="complete" rows="1" columns="57" multiplier="1.0">
   21603 27824 53478 59433 185866 300074 316788 329799 348811 387846 415957 432425 442307 456896 487900 490747 505823 517392 575053 598976 604039 647037 672048 675958 680887 722843 744337 842283 859620 981200 996656 1003301 1067752 1090838 1104076 1141554 1174546 1256749 1306445 1365705 1401817 1418603 1433999 1439180 1521235 1526775 1560221 1564669 1672366 1684002 1724782 1783339 1837572 1908101 1933184 1944289 1981742 
</Matrix>
<Matrix name="Neuron_741" type="complete" rows="1" columns="249" multiplier="1.0">
   12066 25241 28322 30096 35874 38225 47708 53502 60549 72146 89591 104767 107669 124015 127155 133076 134274 137044 139786 156611 162192 169569 176325 178442 181090 195383 201084 236372 241176 249090 251152 262769 270387 279279 280501 287903 296095 313652 325795 333511 339492 348505 352221 356380 357885 359079 378526 379382 382338 389044 404471 407934 415162 423672 425819 429464 439058 443037 457372 467715 479883 507271 513949 515041 517405 525086 533467 539454 551871 564223 573631 612373 614322 624053 633522 647254 648466 657251 666033 670003 672967 675949 678575 680978 689474 692343 711119 733784 739979 749293 758313 762160 765150 768716 774020 780694 796024 807067 832874 842787 846646 849076 854008 866472 868116 876771 881287 883729 900377 913431 919633 921962 930929 934685 939330 941585 948777 951587 964989 988369 1020296 1027291 1029613 1037614 1040861 1042271 1045158 1048590 1071980 1103555 1110748 1111398 1125728 1126872 1142913 1148689 1169579 1174223 1182343 1184025 1187541 1190065 1205736 1207603 1209999 1225442 1233202 1244964 1250392 1261453 1274145 1276605 1292414 1296404 1299913 1302874 1311025 1318915 1341587 1344880 1348328 1354523 1358104 1360156 1379981 1388525 1393241 1394784 1396685 1398897 1401092 1407258 1412441 1414737 1418358 1437075 1438140 1441978 1456347 1460057 1467334 1482355 1490511 1494865 1495716 1501096 1518196 1527399 1530346 1536498 1538563 1542925 1553612 1559714 1563539 1565280 1569855 1572096 1575959 1582764 1588378 1596246 1599316 1600712 1612837 1616049 1625333 1627134 1637338 1651503 1657948 1671099 1693563 1696604 1700255 1701815 1706112 1709925 1716532 1724960 1730909 1741277 1743242 1750666 1761525 1771753 1784310 1813808 1819286 1821138 1825535 1834424 1840196 1844922 1849949 1872684 1885363 1911883 1927369 1930117 1935444 1937548 1953529 1954851 1966563 1969100 1979259 1981208 1997426 
</Matrix>
<Matrix name="Neuron_744" type="complete" rows="1" columns="578" multiplier="1.0">
   1252 3542 6188 7776 9889 13611 16123 20417 27504 29452 31994 40751 42275 44425 45480 46711 54327 56761 65051 66547 69951 80666 83211 84587 86094 88241 93124 94245 96481 106397 115952 117581 120027 125641 127078 132527 134924 136303 138080 140740 142815 143855 150619 153038 154317 158681 161253 166502 167784 169159 170898 173468 178380 182568 183635 190558 191704 194483 200820 203734 205910 214011 217573 219225 227362 229671 232372 234563 243324 248317 249953 256713 258729 261369 263146 265006 268519 269680 271314 273544 276099 279848 282745 288311 291773 300061 314313 316478 317859 328677 330806 333360 334686 339811 340979 346062 352725 354024 355505 358734 361477 365068 367589 369810 374782 375869 378329 381298 386497 387637 389940 394994 406525 413736 415120 415941 418425 427471 430351 431600 432425 438555 440882 442887 445547 447915 450160 454139 455807 457225 459546 461261 463080 468654 474994 477201 481499 483129 485229 488047 492627 493835 496855 498477 501854 507915 509632 511948 513858 515518 516166 517429 521114 525340 526345 532963 536103 538495 543263 545380 546833 547866 549390 551207 552423 553752 559398 561259 566136 568596 574013 575022 577452 579651 580529 582834 584387 589483 591224 592382 595566 596692 597964 602622 609686 612497 624034 626952 627712 630570 636569 639260 641462 644233 645853 646665 654452 658820 660965 667435 671952 676761 679248 684586 687729 691588 694449 697395 702493 706808 713217 715491 723109 724982 726159 729154 733468 734913 739246 741977 745118 748737 751580 754600 756922 759752 762878 764725 768006 769375 772133 774538 775634 784749 787214 788195 794180 797483 806168 808379 809315 811514 812754 816899 819684 821819 822932 829031 831164 833453 835693 839559 840841 842354 843536 849151 851812 855444 857822 862096 869900 871765 877339 878781 879969 882170 883479 884761 886792 893075 894513 899087 901609 910973 912988 915395 929087 932922 937067 940596 946253 950719 953079 956153 957810 962168 968104 970146 971483 984411 992414 993309 995262 996875 999864 1001523 1006003 1007018 1017551 1019304 1020733 1023082 1025896 1026987 1032126 1034992 1036963 1046477 1051317 1055433 1057194 1059598 1061017 1063828 1073015 1074273 1076386 1087274 1088470 1094425 1101989 1103935 1115192 1118815 1120971 1125620 1127589 1129159 1131998 1135602 1136476 1139957 1146660 1154015 1156028 1158153 1160791 1162418 1164474 1166133 1167858 1171514 1172988 1174713 1177059 1184816 1190823 1193180 1194862 1196196 1197111 1206835 1212277 1216919 1220830 1225321 1226379 1227757 1229240 1237321 1238599 1241397 1244550 1249519 1253996 1256870 1258064 1262889 1264106 1266234 1267425 1268624 1275249 1276934 1280789 1285130 1286055 1289467 1296676 1300460 1301740 1303170 1305524 1306508 1309929 1316930 1320955 1323651 1325212 1328283 1330837 1333243 1338297 1345811 1360348 1361646 1363010 1364683 1367393 1369860 1372711 1373566 1374924 1376226 1384340 1392711 1398341 1406269 1411127 1413828 1417636 1429137 1431462 1438680 1441877 1446098 1447372 1454370 1455641 1461067 1463881 1465825 1466892 1468071 1472590 1473559 1474890 1482957 1484210 1486872 1490007 1493223 1503110 1506237 1508577 1512123 1515759 1518058 1518860 1523660 1524893 1526465 1527842 1529172 1532922 1534351 1535192 1537346 1540213 1541154 1542171 1546141 1549745 1551664 1555996 1559349 1561752 1568089 1569642 1572259 1573016 1579232 1581775 1583677 1584709 1588082 1588943 1590306 1592507 1595154 1607005 1608902 1611249 1614293 1618215 1622907 1624253 1625374 1630330 1634953 1636674 1644516 1646238 1649953 1652256 1673470 1675076 1678888 1685843 1688206 1689388 1696605 1698400 1699800 1705608 1710441 1711467 1716704 1722021 1724718 1726421 1728056 1730489 1731825 1733050 1737022 1738217 1739563 1742324 1743620 1744872 1748387 1751054 1753235 1755923 1759496 1762478 1763564 1764516 1774723 1776016 1778994 1789576 1792301 1794087 1796741 1797661 1802472 1804295 1805637 1816575 1822260 1824298 1827774 1830526 1832475 1841756 1845610 1849054 1850203 1851196 1854439 1863312 1869233 1870778 1873563 1878590 1880630 1886926 1888452 1889482 1890773 1892728 1896124 1899021 1901053 1903147 1912018 1929334 1937864 1940195 1942593 1944396 1954527 1958307 1962551 1964557 1966039 1970218 1976414 1978452 1981280 1990264 1991998 1993493 1994659 1996762 1999231 
</Matrix>
<Matrix name="Neuron_787" type="complete" rows="1" columns="850" multiplier="1.0">
   2656 5379 8089 10175 12028 13633 15599 20433 22021 22909 24932 26363 27335 28720 33497 34817 42111 43537 47164 51537 58015 62352 63662 66212 67668 69225 71068 72175 74485 79321 80712 81360 86098 87439 88911 89935 92884 95372 96446 98574 99688 101283 102161 103563 110385 113708 115494 119919 122973 123771 125972 130214 131788 133107 136273 137326 139695 141194 142587 150632 151751 152917 154158 156218 157647 159807 160654 161850 164028 165194 169682 172080 172957 173846 175726 179073 179616 180939 182158 183016 183942 185236 187584 189231 191408 193347 194451 195907 199262 200115 201447 204179 205260 206937 208129 213073 215036 215874 218738 220975 222560 227645 228711 230626 234664 237128 238126 239436 245611 246556 247779 249428 251146 252685 254000 255119 259010 259911 261388 264374 266271 268949 269852 274275 276609 278787 284762 287258 290232 291986 293337 294781 296730 297286 298465 300068 302183 305166 306453 307660 309455 310796 313269 313982 318227 322489 324417 326424 327724 330088 334667 337563 340380 342871 343845 346201 350294 352697 355053 358547 360474 361963 365156 368533 370222 372014 374070 374784 378357 379730 383854 385845 390913 391810 395195 396144 398458 402459 403266 407095 412990 414722 415625 418381 420582 423497 424622 425837 428723 430278 432394 433447 435559 437796 442274 443182 443932 445491 447446 448503 450561 452082 452664 455730 457062 458029 459799 461840 462852 464832 470908 473107 475584 477661 481253 482962 483766 485722 487525 488791 493929 494708 498942 502125 506294 510357 512696 515298 524618 529401 534489 535370 538506 541487 545725 547531 548381 552225 553720 554885 555633 557724 559869 560554 563226 564507 566073 567152 569712 571723 573855 576824 578469 580172 583291 584722 588744 590323 591479 595183 596681 597612 600046 601598 604021 606392 609074 615451 617534 622654 626738 627875 630726 632396 634812 637565 639696 644507 648760 649942 650923 655003 656971 658603 660348 667243 671679 672450 683800 685015 687486 689992 691550 692491 693573 698431 700443 704856 706401 711345 714676 717178 719188 720144 721870 722788 724402 725788 727993 730552 731568 734279 736178 737892 738921 741925 743554 746311 747768 750937 754767 757174 760776 764019 765379 767273 768392 775752 776665 780668 782644 783690 784972 789745 790816 792806 795658 796492 797498 799303 801428 802573 803128 804271 806294 807641 808777 810090 813463 814340 815028 816101 818460 820011 821838 824571 827137 828327 828965 830467 835388 837393 840901 842359 843963 846970 852271 856517 858621 859384 860553 861654 864110 867095 867858 870860 874299 876247 877394 879682 880781 882244 883795 885186 888662 889853 890685 891926 893381 894668 896766 898418 902132 905246 906220 910635 914789 915935 918810 921012 922344 924283 927000 929187 932352 933104 935098 937500 938233 939236 941622 944795 949943 950932 953204 956162 958455 961075 966874 974744 976045 978296 981979 989100 990288 991312 996414 997551 999307 1000174 1001823 1003083 1006602 1009569 1011085 1015874 1017611 1020402 1023493 1025661 1026881 1028732 1030918 1037416 1039481 1043282 1044221 1046402 1047463 1050762 1054932 1056255 1059599 1072066 1075240 1076758 1078088 1079521 1081546 1083941 1085529 1087004 1089048 1090357 1092446 1094086 1095427 1100083 1100986 1102173 1104707 1108004 1111208 1117165 1118278 1124506 1129210 1130075 1139913 1141987 1143844 1147007 1150089 1152341 1155887 1156906 1158971 1161848 1165449 1167651 1169210 1171657 1174110 1175423 1178633 1181116 1182907 1185854 1187152 1189206 1192672 1193341 1196551 1198062 1199886 1200748 1202513 1204499 1206176 1207440 1212497 1213107 1214157 1215310 1220866 1223618 1226868 1228494 1229255 1230311 1232048 1233996 1235141 1238917 1243814 1245440 1246935 1248395 1249894 1251255 1253966 1256429 1258870 1261671 1264999 1266224 1269153 1272759 1274924 1276276 1281247 1283118 1287294 1289880 1291420 1293480 1295515 1296667 1298950 1299874 1301668 1303906 1304957 1306757 1312127 1314481 1316340 1319921 1321501 1323212 1324342 1325408 1329062 1331276 1335572 1339711 1343310 1346271 1347258 1349483 1352137 1355382 1356483 1360063 1361338 1362770 1366137 1367005 1369636 1370391 1375376 1377408 1380590 1381583 1383040 1388788 1390077 1391536 1393950 1394608 1396129 1398379 1400987 1403301 1404733 1406020 1408823 1411685 1413345 1414145 1416977 1419167 1420750 1421622 1424889 1425985 1427559 1429978 1433994 1435368 1436545 1442291 1443455 1445072 1446671 1449730 1452236 1456469 1457532 1463982 1465356 1470778 1476812 1478844 1485020 1487693 1489376 1490934 1493055 1496868 1498820 1499532 1500143 1501583 1502578 1507529 1509644 1511972 1516399 1517243 1519394 1521083 1528619 1530729 1533046 1535359 1537535 1539108 1552358 1556148 1558535 1559879 1560576 1564349 1568316 1569462 1570755 1572982 1575813 1581380 1583689 1588964 1593224 1596703 1598699 1600153 1602021 1603270 1605393 1606215 1609184 1612886 1615853 1621729 1629180 1630479 1631207 1635284 1636540 1638700 1640313 1641319 1642855 1644792 1646299 1648418 1651231 1653069 1657955 1658781 1661337 1663403 1664957 1666970 1668413 1670098 1672090 1673805 1675816 1676821 1678916 1682110 1683587 1684983 1685929 1686782 1688549 1689750 1693594 1694948 1696995 1697927 1699497 1701527 1705034 1710496 1712715 1714808 1718385 1721802 1722423 1724504 1725956 1726747 1728658 1731750 1733950 1735864 1739050 1743657 1744658 1747781 1748729 1749677 1750525 1752579 1754305 1757972 1762347 1763227 1764558 1765649 1766649 1767729 1770940 1776077 1776896 1779837 1784267 1786784 1789684 1791430 1792386 1793556 1794854 1796252 1797907 1799406 1802947 1807331 1809024 1809814 1812454 1814115 1816232 1817704 1820032 1822055 1827225 1828488 1831669 1836032 1836902 1838271 1838948 1839996 1841478 1847683 1848488 1850056 1851607 1852964 1854012 1855677 1856660 1857273 1860682 1863267 1863901 1865709 1867021 1867810 1868365 1870562 1871377 1876130 1878160 1880833 1883550 1885962 1887298 1889372 1892256 1893181 1895448 1898414 1902155 1903969 1907300 1911481 1912537 1916272 1919118 1921933 1929304 1931874 1933804 1937004 1937821 1941098 1943831 1948205 1949485 1950895 1951847 1954115 1956300 1960831 1962067 1963881 1965202 1967242 1968640 1971621 1972603 1973870 1974543 1978805 1979455 1982138 1983390 1984263 1985375 1986292 1988545 1992913 1994381 1995588 1997956 1999103 
</Matrix>
<Matrix name="Neuron_797" type="complete" rows="1" columns="42" multiplier="1.0">
   5699 82458 106006 113895 122700 131480 138060 209872 230983 298013 348290 370810 384898 479248 847970 872158 913829 983739 1006787 1010589 1027562 1089867 1101953 1125213 1225224 1299273 1308428 1325630 1438959 1449314 1468199 1655620 1683372 1690219 1718619 1782059 1789923 1817044 1866754 1911229 1994502 1996771 
</Matrix>
<Matrix name="Neuron_807" type="complete" rows="1" columns="318" multiplier="1.0">
   21195 34581 39943 42532 44557 48501 56741 62524 70463 77068 87321 88795 97094 98958 101251 107847 110371 120573 125272 129621 135556 140492 151539 153725 155314 176709 184303 194494 195241 201453 219796 223125 225897 227969 248504 253394 256227 265244 267786 268613 272128 274959 284376 298282 322918 332009 336818 338074 341935 363506 370923 374337 377872 393887 395678 408657 410987 418391 419111 420265 426121 440472 446202 451355 453543 455654 476223 477536 478515 484569 493055 495659 499000 510161 517179 522083 523543 527592 528701 534876 541444 546589 553864 557608 571593 574069 589871 601814 615387 629948 632648 635458 641161 644675 645670 646665 648283 654472 660627 665927 674327 676491 677086 683959 686006 692233 693720 697078 705780 707491 710291 717682 718724 724160 728296 744064 748187 752947 764827 773544 776604 778513 786290 790734 793224 803356 804145 811215 821190 827336 831202 833199 835821 860463 862809 865236 874497 879559 881569 887008 889003 891265 897564 909828 911977 919885 921094 922589 927334 928597 935672 943040 950700 952723 963083 972644 980397 985306 988062 991578 1007974 1015907 1020185 1025790 1030934 1035236 1040808 1041733 1044448 1052382 1064147 1065723 1069991 1074938 1100293 1107372 1120784 1133029 1153495 1157905 1160488 1162095 1165468 1173232 1178038 1191268 1194651 1199041 1205404 1207625 1212489 1220910 1230013 1231576 1240010 1246286 1252083 1254524 1264607 1272413 1274590 1284075 1288408 1289871 1300854 1307684 1318668 1321816 1324322 1343214 1352530 1360281 1364602 1376235 1381538 1387300 1393670 1410511 1412761 1413581 1417108 1421359 1423328 1430072 1445754 1449182 1451982 1456573 1462128 1463846 1474254 1475614 1480295 1485701 1488103 1495376 1514973 1518988 1522276 1523056 1525538 1529661 1530675 1542627 1549221 1555828 1565341 1569095 1571247 1573977 1576908 1578132 1579395 1591238 1601921 1603872 1612628 1628825 1631427 1632941 1635280 1643168 1663111 1666507 1673536 1675160 1680098 1683381 1688207 1689925 1702691 1707604 1716420 1719478 1726158 1728099 1732331 1734246 1736714 1742977 1746606 1748309 1759711 1767876 1780769 1796708 1799799 1801243 1804101 1807144 1814898 1829688 1842843 1846827 1848410 1865594 1869714 1871017 1876113 1878830 1882041 1888177 1890470 1900361 1908674 1917624 1920233 1921360 1922891 1923676 1932244 1954235 1957315 1962266 1968421 1970571 1972788 1990717 
</Matrix>
<Matrix name="Neuron_811" type="complete" rows="1" columns="845" multiplier="1.0">
   2689 3956 7022 8421 9461 11137 12653 15332 16663 18892 22312 26571 28461 29644 30791 32386 36287 37698 39169 40588 42312 44378 46736 47344 48438 49511 51036 55191 56176 57548 60290 63443 64544 65613 66698 68181 69328 72431 74974 77000 79882 81183 84508 85460 87375 88642 91360 94690 95982 99915 104070 109274 110646 116246 117379 119061 120046 131521 133408 136422 137721 139504 141425 143151 146128 147412 149877 151122 154328 156579 158463 160386 165081 166766 168749 170534 171950 172664 175338 178920 179714 180539 181819 183006 184468 185559 188822 191320 194808 197626 199315 201500 203843 206758 210275 210902 212157 216353 217475 220824 223193 224874 226723 229312 231124 238646 239889 242599 250010 251380 252762 255067 256038 257065 262387 263918 274640 276836 277594 278804 280556 281517 286734 290228 291465 293012 294107 295875 300104 301006 302841 304736 307585 311951 312811 314853 319745 322390 325605 327645 331619 333629 335345 336719 338471 339673 341017 343527 346848 350407 352264 353342 355834 357175 358485 360635 363435 365303 366081 367548 372528 373857 375428 377014 379794 383687 386493 388560 389700 390608 395698 398465 402202 403652 409189 410943 411757 413486 416409 417584 420270 422666 427838 428891 430097 435481 437001 440476 441881 442913 446535 450879 452376 453626 459912 461979 464796 466949 469668 470686 474132 475440 476684 479230 480666 486432 488150 490511 491680 492741 494309 502880 505955 508111 510602 513172 515351 516905 517989 520143 520916 522117 523974 527180 528482 530698 532993 536799 541527 543499 548505 549372 553130 554306 557310 560868 568020 568906 572081 573783 575892 577394 578614 582198 583047 587771 590527 591838 593275 595036 597268 600234 604382 605931 606889 613257 614820 618356 620304 621242 623553 626484 628023 632364 634468 635169 636152 637619 642372 648998 650811 654847 657079 659179 661943 662792 663765 666724 668811 672547 673419 675754 680613 683129 683842 684718 688050 690752 694400 696608 699189 701617 703478 705006 706117 707686 708979 710989 712405 717104 718550 721065 722340 723673 725563 726805 728945 730891 735200 741521 743334 749721 750807 752519 755463 756281 757988 759118 760826 763303 765502 767443 770758 772631 773743 774814 778138 779176 780368 783652 784848 786309 788163 789108 789784 790466 793871 795033 798520 802020 802874 806084 807398 809629 811925 814207 815298 816522 818034 819152 827539 829739 831435 833776 834605 838129 839879 841726 844044 846869 849257 851510 853662 854672 856350 857387 859998 860920 862489 864038 867384 868423 871444 873508 874407 876251 877561 882355 883373 885022 889759 893783 895519 896402 898032 899778 902134 903331 905425 908791 910623 911425 917060 918532 920206 923072 925283 927730 928938 931599 932257 935079 938808 940922 942133 947884 951934 955049 956513 962187 964162 968363 971131 972978 974902 976076 977168 980447 984002 987114 988421 996467 998187 999430 1001415 1004732 1010404 1011504 1012609 1014341 1017515 1019641 1021227 1023604 1025008 1027745 1033053 1034483 1036090 1038562 1039733 1041114 1042631 1046098 1046905 1048534 1050520 1052117 1053948 1055727 1058627 1060015 1063353 1067265 1068465 1069789 1071834 1074141 1076757 1085491 1087030 1089107 1091101 1095543 1098237 1103418 1106491 1108143 1114679 1119440 1120366 1124513 1128789 1132087 1133864 1135277 1138873 1143119 1144360 1144928 1146788 1148709 1153009 1160804 1164165 1165519 1168635 1171612 1174156 1174825 1177712 1178756 1184939 1186556 1187357 1190472 1192390 1195681 1196762 1198545 1199437 1200374 1204675 1209270 1211551 1212726 1213916 1216239 1217260 1219272 1220447 1224182 1225218 1227429 1229662 1231754 1235397 1236271 1238458 1240178 1241296 1243620 1245130 1246896 1249175 1250706 1254376 1260371 1263151 1266140 1266786 1272715 1277201 1279607 1284850 1288556 1290907 1292102 1293263 1295029 1295707 1300449 1302093 1303393 1305252 1306391 1307812 1308837 1313770 1315691 1318313 1319366 1320361 1321511 1323506 1325711 1326578 1333286 1335219 1338469 1339993 1342069 1344628 1349487 1350798 1352170 1354497 1355902 1358176 1359235 1365649 1369667 1371147 1373963 1377801 1380582 1382148 1384616 1387919 1391189 1395507 1397505 1399820 1400925 1401832 1408416 1412630 1417160 1419594 1421166 1422774 1425779 1427376 1433284 1436282 1437193 1439216 1441607 1443195 1447341 1448554 1449428 1458021 1461155 1462366 1463586 1466070 1468816 1471375 1474402 1475755 1477524 1479398 1482280 1483169 1484363 1485352 1487478 1489203 1490080 1490829 1492800 1494274 1496174 1499039 1504905 1508351 1509178 1510234 1512033 1518879 1521143 1522442 1524247 1530059 1530753 1539861 1541125 1544518 1545912 1546763 1549686 1554059 1554927 1558078 1559537 1565385 1566680 1567814 1572085 1573692 1577241 1578547 1579289 1580951 1582088 1583370 1587027 1590417 1591595 1594598 1596138 1597659 1598770 1600233 1601086 1602193 1604515 1605316 1609529 1614526 1615653 1617574 1618344 1620003 1620776 1624541 1626260 1628508 1629390 1630304 1634672 1636511 1638633 1639828 1641112 1642392 1644400 1645493 1647684 1649598 1652485 1654817 1660702 1663092 1664834 1667120 1668607 1671813 1674410 1676600 1685723 1686989 1688071 1691542 1692768 1694200 1695312 1698138 1700184 1702106 1704067 1707691 1709505 1711581 1714664 1716118 1720885 1723017 1724877 1726613 1727351 1728991 1729819 1730924 1732235 1735354 1737032 1742768 1744574 1746074 1747191 1752091 1753577 1755405 1756645 1758039 1760112 1761434 1763770 1768050 1768850 1770831 1774496 1776335 1779365 1781225 1784070 1787818 1789784 1792834 1794545 1797816 1802031 1803246 1804506 1806856 1808679 1813424 1814909 1816515 1818341 1819654 1820324 1824038 1824889 1829217 1831246 1833589 1835769 1838091 1839042 1840356 1841260 1843358 1844192 1847814 1849866 1851838 1853353 1854401 1856721 1859973 1860914 1862920 1863987 1864628 1866209 1867310 1868179 1871098 1874637 1876415 1877352 1878454 1881199 1883746 1887504 1888875 1889779 1894800 1895918 1898300 1901749 1904962 1905767 1908367 1909178 1910666 1911575 1912621 1916108 1917641 1919668 1920982 1922877 1924032 1925553 1930453 1931515 1934825 1941193 1943769 1946232 1950006 1954131 1956178 1959239 1963129 1965413 1966617 1970614 1973891 1975704 1977845 1979446 1984128 1986425 1990943 1991685 1992821 1995614 1997084 1997895 1999878 
</Matrix>
<Matrix name="Neuron_814" type="complete" rows="1" columns="460" multiplier="1.0">
   2058 3214 8818 9491 15672 17690 24651 30192 41060 42980 47764 49764 59729 63538 67070 74626 83248 84566 86430 87202 89243 94107 97578 100502 107191 111626 115462 116868 130579 134258 135645 137948 159401 164286 168008 171784 177670 179329 181878 183444 184725 207456 208623 212586 216791 221481 225023 229554 237791 241913 250985 253385 261507 262958 265538 269683 273217 277006 285672 290215 293313 295410 298293 306692 309751 311760 321266 323643 327309 329948 331859 337688 358286 361716 365360 368698 371082 372560 382352 383426 390531 397770 404317 407006 412751 424981 431846 435575 443924 450636 452446 457017 463767 466796 467684 470195 471240 473084 475729 482419 491162 493037 494233 503602 512395 513208 513950 515457 520533 523131 529832 536001 537576 540605 545059 546798 556331 566854 572582 577056 584507 586599 589545 591475 596438 598185 613212 617671 620231 622174 624438 628998 640362 641883 646833 649855 652831 656681 672186 673495 679592 683374 691736 693336 694859 700424 703781 714006 716179 719099 723148 724439 728664 732816 734264 736005 737498 738432 740754 744836 750064 751649 752657 755403 758002 765332 766672 768370 771547 779324 782262 783707 791903 797254 798928 801900 808096 809422 817030 824555 825741 828606 831754 840506 844012 852909 855462 856645 874328 879544 880817 883663 885550 887479 890758 894844 897138 899650 900693 902317 903641 906959 908733 909765 913451 916047 917790 918841 920342 927587 931731 943432 945387 946579 953177 970347 974300 975936 979385 982036 998269 1005745 1011289 1015650 1020786 1029054 1039609 1041206 1048727 1055148 1064130 1072339 1074624 1077899 1083837 1088179 1091440 1094348 1100656 1102576 1106680 1118567 1120426 1125206 1127642 1141879 1143510 1145696 1147507 1150066 1151965 1157249 1159074 1164380 1166340 1177965 1183770 1185613 1191220 1197581 1199847 1203399 1205755 1206893 1211881 1213040 1218578 1222119 1223349 1225318 1226743 1228611 1234696 1239760 1242004 1245145 1246766 1248003 1249857 1250784 1265856 1267483 1270416 1274073 1276073 1280766 1285343 1288885 1291694 1293285 1297905 1299404 1304147 1310790 1315428 1330925 1335338 1336395 1337329 1339536 1344383 1346429 1351313 1356241 1358741 1365962 1370480 1375268 1378357 1380630 1385646 1396025 1413992 1418350 1426590 1428080 1430527 1431951 1442129 1442998 1444957 1447326 1448878 1449542 1451196 1452302 1456799 1458765 1459555 1470475 1475595 1478765 1482150 1484038 1486419 1492050 1494054 1496905 1506906 1509571 1511826 1517473 1519880 1524786 1525882 1539960 1541750 1547754 1552081 1556203 1558656 1559766 1562835 1565535 1567327 1570170 1573931 1587014 1594124 1604537 1606128 1607841 1614277 1616953 1622905 1627110 1628416 1632104 1635398 1637425 1639371 1641421 1662975 1666555 1668597 1672489 1673835 1675549 1676560 1680610 1682962 1686535 1687679 1688772 1692423 1694267 1695986 1696815 1701157 1702400 1707136 1711806 1713621 1715450 1728563 1729773 1731880 1733991 1739519 1741890 1747227 1751907 1753199 1757345 1758663 1759928 1762332 1772332 1773738 1777793 1780112 1788348 1789146 1790369 1801979 1803562 1813208 1815863 1817060 1819252 1821466 1824505 1833596 1836500 1842455 1846437 1850721 1854521 1859456 1861010 1869478 1871769 1873724 1875864 1877204 1880666 1881726 1882764 1884712 1889013 1893548 1896123 1898555 1899396 1901738 1906169 1907704 1913069 1915105 1923606 1929881 1933756 1944156 1967052 1971371 1973605 1976401 1989038 1991015 1997119 
</Matrix>
<Matrix name="Neuron_821" type="complete" rows="1" columns="511" multiplier="1.0">
   1368 2866 5447 10801 13458 23976 27944 29525 30112 34848 36065 38984 44155 45634 48555 52043 54170 59246 63872 65800 67488 68600 74590 82932 86774 91204 94283 106964 108298 112245 114436 121352 124187 125949 131231 136379 136989 140265 143043 144889 146237 150238 155556 166211 176249 180287 189047 200510 204907 205910 210110 213530 215599 223064 224599 226954 229645 232467 235404 237828 241625 242755 244074 248597 256207 264825 266607 269214 277469 278302 282179 285212 293584 297585 299308 303843 305447 308794 310505 311357 320383 325547 337837 340676 342929 345055 346363 348239 352789 356132 361441 366407 367703 371121 374095 375383 377524 378793 383516 386278 387504 390686 397924 401097 412366 414454 416723 421657 423326 431490 434875 436940 439434 440992 443885 447105 448812 453966 459656 465353 478484 480732 481348 484065 485545 489155 491746 493448 502266 508289 510981 514732 517937 520488 527626 531131 537565 539977 543497 545006 547328 555549 556718 561978 567645 571847 573593 576864 581499 585468 589576 593829 595333 598911 602751 604508 616054 633773 635995 638339 639472 645636 650048 659719 663668 664419 669520 675517 678448 682613 684005 686213 688550 691007 694338 697255 698849 705575 707460 718274 722998 729276 731019 732985 734248 746111 753007 762447 769200 770831 772772 774715 775817 780200 782030 786791 794925 797260 798696 802222 807999 816857 819567 821347 825543 834175 845047 846403 855175 858932 859596 867283 873496 882075 892026 895803 899614 901148 903116 906356 908563 913588 919167 919847 923053 926471 929540 931578 941231 945992 954289 955617 959788 961002 962835 964823 967039 979879 981823 1001350 1004388 1014202 1016832 1018928 1022942 1027556 1035980 1037650 1043180 1044945 1049561 1050424 1052847 1054882 1057596 1058540 1061775 1063061 1070100 1074778 1075661 1080214 1085116 1086337 1090004 1091237 1092208 1094737 1095755 1099224 1101075 1109402 1114118 1118568 1120803 1129027 1130463 1134978 1141007 1144507 1148950 1151209 1152558 1155942 1165973 1171673 1178214 1179415 1181628 1184465 1185490 1187294 1194825 1199029 1203460 1213341 1215715 1218708 1227809 1232028 1237823 1245836 1249700 1254755 1255557 1261740 1262426 1264833 1267470 1270252 1271530 1281549 1284306 1285852 1288246 1292505 1304373 1306173 1313727 1317223 1318833 1321061 1323839 1325803 1327588 1331606 1334271 1344403 1345516 1347546 1348717 1349695 1356919 1360175 1361205 1366822 1370154 1374518 1376805 1378457 1379376 1386824 1390540 1391688 1403577 1407956 1408850 1410422 1412067 1418039 1419527 1426881 1435790 1437919 1441095 1442877 1445277 1453842 1454717 1464856 1471237 1488165 1489374 1492035 1497433 1498461 1500028 1506051 1508190 1518817 1525060 1527436 1528916 1532942 1533907 1536475 1544772 1549675 1552477 1556645 1559546 1563525 1565189 1566790 1569374 1570755 1575823 1577067 1582024 1583168 1584090 1587218 1598825 1601355 1603781 1605587 1607715 1608416 1610112 1616590 1627784 1633602 1634504 1636241 1637444 1644371 1645655 1647397 1649797 1652149 1658279 1661104 1662807 1663793 1667713 1668671 1669839 1679486 1680414 1683155 1685505 1686578 1689239 1690507 1694001 1695280 1702633 1704877 1707606 1712984 1714183 1716166 1725355 1727902 1729409 1732521 1734290 1735905 1742279 1748079 1748720 1749875 1751882 1753926 1756688 1761023 1763663 1768159 1782610 1789623 1795539 1798840 1803773 1805544 1809119 1812248 1816930 1818385 1820260 1821551 1824930 1827368 1828647 1830612 1833263 1836137 1838702 1839460 1841029 1842807 1845061 1847388 1851893 1854050 1856050 1861639 1866103 1870869 1874533 1878745 1881846 1883159 1889530 1909457 1925968 1932705 1934697 1939380 1940208 1941029 1944785 1945607 1946611 1951930 1953172 1954983 1955493 1958540 1960937 1963250 1968961 1969681 1974399 1975615 1978197 1980086 1982500 1984676 1985500 1986548 1989656 
</Matrix>
<Matrix name="Neuron_824" type="complete" rows="1" columns="217" multiplier="1.0">
   2499 3522 18965 35689 40735 54618 66407 80625 89239 91279 138041 142794 148005 156617 171611 178841 180175 191874 194003 203254 226395 238585 251454 254571 256344 279145 307482 340431 342075 355461 359183 365195 375303 376196 379117 389246 398414 409336 424991 426462 427493 431145 442887 448182 465577 514648 521101 534201 538533 540843 551923 559431 562764 577919 600601 604134 618180 621466 625546 626905 636167 639908 648601 652337 678585 684909 693613 695562 702258 716009 717468 721010 722733 724162 726249 735827 754524 756675 776791 782706 792873 795507 802053 813613 829331 841334 876354 886011 905539 914355 920251 929541 933544 935533 955487 958965 976410 986105 988935 1002744 1008372 1009442 1014340 1019170 1029208 1047200 1054898 1059181 1065440 1083495 1101363 1122859 1130582 1145541 1147409 1150637 1153284 1157367 1159062 1163818 1174248 1183979 1185749 1191444 1218837 1220719 1229141 1230552 1232332 1234095 1247895 1257230 1276304 1289995 1296132 1301554 1303838 1305908 1345989 1364873 1375437 1379265 1382203 1387357 1389990 1403014 1417754 1420115 1425749 1429091 1436250 1442322 1459620 1466641 1469283 1474217 1483862 1502051 1505762 1518141 1528640 1535197 1547738 1551362 1555334 1557023 1560237 1565610 1567601 1573794 1593126 1596533 1626254 1632484 1642199 1645155 1663904 1667194 1677745 1683896 1710590 1713537 1718956 1728992 1739553 1741191 1745175 1749714 1755493 1757167 1769740 1771118 1773894 1782572 1797506 1813860 1822037 1829530 1836433 1840660 1851385 1871760 1891112 1892334 1898812 1912287 1914080 1918360 1920285 1923918 1929853 1949921 1958717 1977507 1983859 1993138 1997744 
</Matrix>
<Matrix name="Neuron_831" type="complete" rows="1" columns="45" multiplier="1.0">
   10406 92948 176320 233349 266639 443844 453385 465583 506084 533797 581627 616005 671219 679329 714015 747357 769580 880097 926647 961350 994143 1001583 1010810 1045284 1120778 1148772 1169243 1281697 1342887 1376513 1388893 1408474 1451934 1477185 1546112 1574610 1714239 1786441 1845426 1866889 1870063 1893222 1956815 1964148 1990509 
</Matrix>
<Matrix name="Neuron_834" type="complete" rows="1" columns="413" multiplier="1.0">
   4446 8960 13652 14708 16560 18309 23193 39209 40444 47008 52639 56310 58906 63092 63846 77922 86011 93146 97784 99034 103272 105697 108816 114104 118700 119577 122584 130217 134995 137772 139925 141090 144197 146955 149583 162383 166644 168250 174052 181581 184066 191735 200853 203364 213940 220126 223862 239913 240930 243733 248250 254827 258350 260230 264097 265391 269325 270842 273015 276494 282675 286202 293081 296210 303390 307441 308639 310030 311216 321580 331753 335882 342354 343855 347013 349612 352075 354180 356884 359056 368966 371965 374964 376145 378275 383071 385291 387440 398923 400138 402818 405438 407670 409644 411650 421712 436613 441540 472737 475592 494885 496479 498529 499881 501670 504520 512366 521295 525272 529228 535120 543143 551889 558428 569499 572885 575714 579800 581838 589892 596640 600038 603016 607991 609848 615564 620379 622069 626267 627816 630586 637121 652115 654454 655534 656294 661444 663165 667782 669439 676441 686535 698461 701291 702737 707152 710836 726524 735841 741522 745223 747674 749254 751915 756602 759255 767143 787185 788689 791661 796233 800027 806117 808779 811411 814236 819484 823422 824450 828386 830065 831595 833582 842877 845650 846953 851697 854423 856601 858716 865052 866875 870708 874995 883799 887339 888398 891496 893777 904065 909007 916014 917542 920386 924926 935857 941429 943053 951221 962835 965314 968524 976127 980441 983609 985904 991424 996281 999570 1007279 1010785 1016676 1023568 1025270 1035958 1038561 1039577 1044124 1049246 1059191 1061443 1063775 1066445 1071884 1077835 1081926 1086270 1093296 1102041 1106817 1109659 1113580 1114580 1119241 1125783 1128684 1132248 1133396 1138142 1141564 1142713 1144527 1148751 1154655 1159397 1168955 1175456 1185773 1187392 1189930 1192352 1194253 1214114 1219692 1222918 1224485 1227000 1232799 1235637 1241209 1242012 1254630 1264859 1267568 1268722 1281528 1287955 1289836 1291702 1294338 1307160 1309603 1311302 1322913 1329287 1334576 1338392 1341831 1343272 1344246 1346213 1349217 1350797 1363365 1367675 1378665 1386195 1388520 1390216 1400220 1401836 1417655 1420794 1424047 1429637 1434416 1439008 1444439 1451028 1453088 1461336 1468949 1470558 1471833 1484363 1486691 1513124 1517394 1518904 1525503 1526456 1528837 1535943 1536839 1538250 1542032 1543714 1545855 1554260 1558846 1570293 1574179 1590573 1606747 1609715 1611833 1613841 1615009 1617842 1621343 1628009 1632108 1633412 1638918 1648227 1650436 1651148 1653278 1660157 1661220 1662483 1673108 1676299 1677608 1683447 1684602 1688097 1693221 1699417 1702575 1713388 1717366 1718621 1722717 1724645 1727094 1729604 1731940 1738722 1741857 1743243 1747079 1756077 1758726 1759549 1760759 1771645 1773427 1787942 1790950 1791961 1802191 1805783 1810631 1812099 1825960 1827969 1830322 1833137 1841078 1842372 1844781 1848243 1852335 1853930 1856146 1893515 1895530 1898618 1901134 1901886 1906988 1911974 1914864 1916749 1920900 1929984 1932137 1937606 1946051 1947806 1948588 1952494 1956611 1957905 1960295 1961652 1971082 1980812 1984170 1989693 1992462 1995241 
</Matrix>
<Matrix name="Neuron_877" type="complete" rows="1" columns="319" multiplier="1.0">
   1010 9302 13729 19841 49852 57168 58170 72996 75284 77020 80173 84700 86450 93682 99806 105684 110078 123515 125343 131049 139614 154810 157205 159625 163953 180613 181993 197536 200518 203452 209729 213383 216619 220016 225104 227068 238730 240970 261294 267638 272366 283674 287546 292630 312022 314872 318578 321670 323747 326160 337820 339195 340812 342816 356793 364178 367454 370183 379630 385527 391988 395409 414310 416222 419217 426848 434990 449004 461209 469927 472331 473291 477173 489547 493122 499381 504998 506822 514062 520926 523390 525854 528978 532137 533041 535740 553849 557403 558344 566108 578542 581417 591369 593933 595603 606791 612840 621915 627513 631891 634315 643673 648128 655945 660747 663618 664535 674473 682862 693553 697810 700960 705803 714191 719285 724013 728415 736904 743359 745241 773711 784570 787233 800544 804580 805510 806877 818517 823564 832457 838782 843994 855924 858406 865592 868095 869310 874120 878110 893555 908418 910858 926090 928420 930654 935811 938839 945128 962647 963657 969186 975477 976279 1007725 1010812 1012266 1019726 1021646 1024264 1027633 1043844 1049477 1069369 1071938 1074408 1076529 1083143 1086003 1086908 1095354 1102780 1105296 1126644 1135360 1143770 1145563 1147635 1151934 1154831 1158038 1164086 1167677 1170942 1180769 1193981 1195996 1205533 1210310 1212496 1215688 1221505 1222729 1223972 1226572 1232056 1233459 1240414 1247023 1255246 1259248 1266639 1270267 1281492 1284495 1296504 1298018 1299107 1301707 1303527 1314534 1323477 1326020 1328459 1335467 1341659 1345451 1352047 1356372 1365070 1367817 1377179 1379330 1380977 1383085 1396515 1402680 1403977 1413138 1416609 1420765 1428222 1430278 1432148 1441693 1447409 1460913 1464741 1466725 1472025 1475117 1478449 1484671 1486896 1489461 1495330 1496524 1497710 1501042 1522184 1524229 1543561 1545311 1550358 1557396 1562021 1573562 1578980 1584648 1589062 1599800 1607227 1610247 1635251 1636601 1646714 1670771 1675239 1677196 1688863 1690524 1702832 1711508 1713411 1717522 1725706 1727624 1731175 1741870 1769551 1779089 1786114 1796788 1814990 1816430 1820635 1822324 1827305 1847724 1849076 1851269 1852733 1862050 1865845 1873669 1884119 1889392 1893376 1902019 1905039 1908142 1912610 1915579 1921798 1935868 1940590 1942878 1945094 1947078 1950244 1951685 1957273 1966045 1968127 1971024 1974504 1978560 1981010 1984446 1999076 
</Matrix>
<Matrix name="Neuron_887" type="complete" rows="1" columns="122" multiplier="1.0">
   14119 65883 93024 98017 102671 122623 129215 132442 139249 166578 198588 211146 256110 262427 268071 271685 323323 351562 366387 383920 385127 389658 414772 428145 439398 448414 489726 504330 516266 519759 527131 529609 539697 546742 563462 566845 590206 597990 614872 628295 635163 683893 711971 717987 744029 782991 818075 822935 839569 875079 918275 932976 937001 939263 990038 992645 1004879 1013111 1020189 1046132 1055714 1097926 1105794 1107824 1145496 1147072 1171582 1174930 1181250 1187409 1203984 1205646 1208806 1220442 1225533 1237140 1260889 1271346 1290845 1308903 1359892 1362582 1364058 1392880 1394388 1429517 1483638 1486571 1491815 1502299 1518195 1539180 1546826 1579566 1592779 1602007 1616913 1626508 1648382 1668853 1675171 1679703 1683113 1707478 1713372 1722358 1742909 1749843 1788158 1810712 1822107 1855822 1861656 1891716 1896605 1920104 1921605 1952420 1965585 1972651 1980873 1983685 
</Matrix>
<Matrix name="Neuron_897" type="complete" rows="1" columns="73" multiplier="1.0">
   22833 80396 81349 141975 193704 198296 250164 312419 359242 373954 439751 481154 483835 497109 519069 524280 566103 573646 591403 625599 636826 708998 744881 789670 822011 830148 849726 861624 865947 873505 890593 910433 948267 967175 975738 990579 994264 1006320 1023964 1037550 1075366 1148111 1157169 1217090 1260920 1267774 1286534 1296715 1368647 1389716 1397144 1422719 1457395 1479957 1531009 1600079 1627534 1637839 1654405 1666551 1667698 1685635 1746353 1752864 1758943 1764291 1768879 1801371 1835296 1873755 1902300 1962796 1965915 
</Matrix>
<Matrix name="vertexTypeMap" type="complete" rows="1" columns="900" multiplier="1.0">
   2 2 1 2 2 2 2 2 2 2 2 2 1 2 2 2 2 2 2 2 2 2 1 2 2 2 2 2 2 2 2 2 2 2 2 2 2 2 2 2 2 2 2 2 2 2 2 2 2 2 2 2 2 2 2 2 2 2 2 2 2 2 2 2 2 1 2 2 1 2 2 2 2 2 2 1 2 2 1 2 2 2 2 2 2 1 2 2 1 2 2 2 1 2 2 2 2 2 2 2 2 2 1 2 2 2 2 2 2 2 2 2 1 2 2 2 2 2 2 2 2 2 2 2 2 2 2 2 2 2 2 2 2 2 2 2 2 2 2 2 2 2 2 2 2 2 2 2 2 2 2 2 2 2 2 1 2 2 1 2 2 2 2 2 2 1 2 2 1 2 2 2 2 2 2 1 2 2 1 2 2 2 1 2 2 2 2 2 2 2 2 2 1 2 2 2 2 2 2 2 2 2 1 2 2 2 2 2 2 2 2 2 2 2 2 2 2 2 2 2 2 2 2 2 2 2 2 2 2 2 2 2 2 2 2 2 2 2 2 2 2 2 2 2 2 1 2 2 1 2 2 2 2 2 2 1 2 2 1 2 2 2 2 2 2 1 2 2 1 2 2 2 1 2 2 2 2 2 2 2 2 2 1 2 2 2 2 2 2 2 2 2 1 2 2 2 2 2 2 2 2 2 2 2 2 2 2 2 1 2 2 2 2 2 2 2 2 2 1 2 2 2 2 2 2 2 2 2 1 2 2 2 2 2 2 2 2 2 2 2 2 2 2 2 2 2 2 2 2 2 2 2 2 2 2 2 2 2 2 2 2 2 1 2 2 1 2 2 2 2 2 2 1 2 2 1 2 2 2 2 2 2 1 2 2 1 2 2 2 2 2 2 2 2 2 2 2 2 1 2 2 2 2 2 2 2 2 2 1 2 2 2 2 2 2 2 2 2 1 2 2 2 2 2 2 2 2 2 2 2 2 2 2 2 2 2 2 2 2 2 2 2 2 2 2 2 2 2 2 2 2 2 1 2 2 1 2 2 2 2 2 2 1 2 2 1 2 2 2 2 2 2 1 2 2 1 2 2 2 2 2 2 2 2 2 2 2 2 1 2 2 2 2 2 2 2 2 2 1 2 2 2 2 2 2 2 2 2 1 2 2 2 2 2 2 2 2 2 2 2 2 2 2 2 2 2 2 2 2 2 2 2 2 2 2 2 2 2 2 2 2 2 1 2 2 1 2 2 2 2 2 2 1 2 2 1 2 2 2 2 2 2 1 2 2 1 2 2 2 2 2 2 2 2 2 2 2 2 1 2 2 2 2 2 2 2 2 2 1 2 2 2 2 2 2 2 2 2 1 2 2 2 1 2 2 2 2 2 2 2 2 2 1 2 2 2 2 2 2 2 2 2 1 2 2 2 2 2 2 2 2 2 2 2 2 2 2 2 2 2 2 2 2 2 2 2 2 2 2 2 2 2 2 2 2 2 2 2 2 2 2 2 2 2 2 1 2 2 1 2 2 2 2 2 2 1 2 2 1 2 2 2 2 2 2 1 2 2 1 2 2 2 1 2 2 2 2 2 2 2 2 2 1 2 2 2 2 2 2 2 2 2 1 2 2 2 2 2 2 2 2 2 2 2 2 2 2 2 2 2 2 2 2 2 2 2 2 2 2 2 2 2 2 2 2 2 2 2 2 2 2 2 2 2 2 1 2 2 1 2 2 2 2 2 2 1 2 2 1 2 2 2 2 2 2 1 2 2 1 2 2 2 1 2 2 2 2 2 2 2 2 2 1 2 2 2 2 2 2 2 2 2 1 2 2 2 2 2 2 2 2 2 2 2 2 2 2 2 2 2 2 2 2 2 2 2 2 2 2 2 2 2 2 2 2 2 2 2 2 2 2 2 2 2 2 1 2 2 1 2 2 2 2 2 2 1 2 2 1 2 2 2 2 2 2 1 2 2 1 2 2 2 1 2 2 2 2 2 2 2 2 2 1 2 2 2 2 2 2 2 2 2 1 2 2 2 2 2 2 2 
</Matrix>
<Matrix name="x_Location" type="complete" rows="1" columns="900" multiplier="1.0">
   0 1 2 3 4 5 6 7 8 9 10 11 12 13 14 15 16 17 18 19 20 21 22 23 24 25 26 27 28 29 0 1 2 3 4 5 6 7 8 9 10 11 12 13 14 15 16 17 18 19 20 21 22 23 24 25 26 27 28 29 0 1 2 3 4 5 6 7 8 9 10 11 12 13 14 15 16 17 18 19 20 21 22 23 24 25 26 27 28 29 0 1 2 3 4 5 6 7 8 9 10 11 12 13 14 15 16 17 18 19 20 21 22 23 24 25 26 27 28 29 0 1 2 3 4 5 6 7 8 9 10 11 12 13 14 15 16 17 18 19 20 21 22 23 24 25 26 27 28 29 0 1 2 3 4 5 6 7 8 9 10 11 12 13 14 15 16 17 18 19 20 21 22 23 24 25 26 27 28 29 0 1 2 3 4 5 6 7 8 9 10 11 12 13 14 15 16 17 18 19 20 21 22 23 24 25 26 27 28 29 0 1 2 3 4 5 6 7 8 9 10 11 12 13 14 15 16 17 18 19 20 21 22 23 24 25 26 27 28 29 0 1 2 3 4 5 6 7 8 9 10 11 12 13 14 15 16 17 18 19 20 21 22 23 24 25 26 27 28 29 0 1 2 3 4 5 6 7 8 9 10 11 12 13 14 15 16 17 18 19 20 21 22 23 24 25 26 27 28 29 0 1 2 3 4 5 6 7 8 9 10 11 12 13 14 15 16 17 18 19 20 21 22 23 24 25 26 27 28 29 0 1 2 3 4 5 6 7 8 9 10 11 12 13 14 15 16 17 18 19 20 21 22 23 24 25 26 27 28 29 0 1 2 3 4 5 6 7 8 9 10 11 12 13 14 15 16 17 18 19 20 21 22 23 24 25 26 27 28 29 0 1 2 3 4 5 6 7 8 9 10 11 12 13 14 15 16 17 18 19 20 21 22 23 24 25 26 27 28 29 0 1 2 3 4 5 6 7 8 9 10 11 12 13 14 15 16 17 18 19 20 21 22 23 24 25 26 27 28 29 0 1 2 3 4 5 6 7 8 9 10 11 12 13 14 15 16 17 18 19 20 21 22 23 24 25 26 27 28 29 0 1 2 3 4 5 6 7 8 9 10 11 12 13 14 15 16 17 18 19 20 21 22 23 24 25 26 27 28 29 0 1 2 3 4 5 6 7 8 9 10 11 12 13 14 15 16 17 18 19 20 21 22 23 24 25 26 27 28 29 0 1 2 3 4 5 6 7 8 9 10 11 12 13 14 15 16 17 18 19 20 21 22 23 24 25 26 27 28 29 0 1 2 3 4 5 6 7 8 9 10 11 12 13 14 15 16 17 18 19 20 21 22 23 24 25 26 27 28 29 0 1 2 3 4 5 6 7 8 9 10 11 12 13 14 15 16 17 18 19 20 21 22 23 24 25 26 27 28 29 0 1 2 3 4 5 6 7 8 9 10 11 12 13 14 15 16 17 18 19 20 21 22 23 24 25 26 27 28 29 0 1 2 3 4 5 6 7 8 9 10 11 12 13 14 15 16 17 18 19 20 21 22 23 24 25 26 27 28 29 0 1 2 3 4 5 6 7 8 9 10 11 12 13 14 15 16 17 18 19 20 21 22 23 24 25 26 27 28 29 0 1 2 3 4 5 6 7 8 9 10 11 12 13 14 15 16 17 18 19 20 21 22 23 24 25 26 27 28 29 0 1 2 3 4 5 6 7 8 9 10 11 12 13 14 15 16 17 18 19 20 21 22 23 24 25 26 27 28 29 0 1 2 3 4 5 6 7 8 9 10 11 12 13 14 15 16 17 18 19 20 21 22 23 24 25 26 27 28 29 0 1 2 3 4 5 6 7 8 9 10 11 12 13 14 15 16 17 18 19 20 21 22 23 24 25 26 27 28 29 0 1 2 3 4 5 6 7 8 9 10 11 12 13 14 15 16 17 18 19 20 21 22 23 24 25 26 27 28 29 0 1 2 3 4 5 6 7 8 9 10 11 12 13 14 15 16 17 18 19 20 21 22 23 24 25 26 27 28 29 
</Matrix>
<Matrix name="y_Location" type="complete" rows="1" columns="900" multiplier="1.0">
   0 0 0 0 0 0 0 0 0 0 0 0 0 0 0 0 0 0 0 0 0 0 0 0 0 0 0 0 0 0 1 1 1 1 1 1 1 1 1 1 1 1 1 1 1 1 1 1 1 1 1 1 1 1 1 1 1 1 1 1 2 2 2 2 2 2 2 2 2 2 2 2 2 2 2 2 2 2 2 2 2 2 2 2 2 2 2 2 2 2 3 3 3 3 3 3 3 3 3 3 3 3 3 3 3 3 3 3 3 3 3 3 3 3 3 3 3 3 3 3 4 4 4 4 4 4 4 4 4 4 4 4 4 4 4 4 4 4 4 4 4 4 4 4 4 4 4 4 4 4 5 5 5 5 5 5 5 5 5 5 5 5 5 5 5 5 5 5 5 5 5 5 5 5 5 5 5 5 5 5 6 6 6 6 6 6 6 6 6 6 6 6 6 6 6 6 6 6 6 6 6 6 6 6 6 6 6 6 6 6 7 7 7 7 7 7 7 7 7 7 7 7 7 7 7 7 7 7 7 7 7 7 7 7 7 7 7 7 7 7 8 8 8 8 8 8 8 8 8 8 8 8 8 8 8 8 8 8 8 8 8 8 8 8 8 8 8 8 8 8 9 9 9 9 9 9 9 9 9 9 9 9 9 9 9 9 9 9 9 9 9 9 9 9 9 9 9 9 9 9 10 10 10 10 10 10 10 10 10 10 10 10 10 10 10 10 10 10 10 10 10 10 10 10 10 10 10 10 10 10 11 11 11 11 11 11 11 11 11 11 11 11 11 11 11 11 11 11 11 11 11 11 11 11 11 11 11 11 11 11 12 12 12 12 12 12 12 12 12 12 12 12 12 12 12 12 12 12 12 12 12 12 12 12 12 12 12 12 12 12 13 13 13 13 13 13 13 13 13 13 13 13 13 13 13 13 13 13 13 13 13 13 13 13 13 13 13 13 13 13 14 14 14 14 14 14 14 14 14 14 14 14 14 14 14 14 14 14 14 14 14 14 14 14 14 14 14 14 14 14 15 15 15 15 15 15 15 15 15 15 15 15 15 15 15 15 15 15 15 15 15 15 15 15 15 15 15 15 15 15 16 16 16 16 16 16 16 16 16 16 16 16 16 16 16 16 16 16 16 16 16 16 16 16 16 16 16 16 16 16 17 17 17 17 17 17 17 17 17 17 17 17 17 17 17 17 17 17 17 17 17 17 17 17 17 17 17 17 17 17 18 18 18 18 18 18 18 18 18 18 18 18 18 18 18 18 18 18 18 18 18 18 18 18 18 18 18 18 18 18 19 19 19 19 19 19 19 19 19 19 19 19 19 19 19 19 19 19 19 19 19 19 19 19 19 19 19 19 19 19 20 20 20 20 20 20 20 20 20 20 20 20 20 20 20 20 20 20 20 20 20 20 20 20 20 20 20 20 20 20 21 21 21 21 21 21 21 21 21 21 21 21 21 21 21 21 21 21 21 21 21 21 21 21 21 21 21 21 21 21 22 22 22 22 22 22 22 22 22 22 22 22 22 22 22 22 22 22 22 22 22 22 22 22 22 22 22 22 22 22 23 23 23 23 23 23 23 23 23 23 23 23 23 23 23 23 23 23 23 23 23 23 23 23 23 23 23 23 23 23 24 24 24 24 24 24 24 24 24 24 24 24 24 24 24 24 24 24 24 24 24 24 24 24 24 24 24 24 24 24 25 25 25 25 25 25 25 25 25 25 25 25 25 25 25 25 25 25 25 25 25 25 25 25 25 25 25 25 25 25 26 26 26 26 26 26 26 26 26 26 26 26 26 26 26 26 26 26 26 26 26 26 26 26 26 26 26 26 26 26 27 27 27 27 27 27 27 27 27 27 27 27 27 27 27 27 27 27 27 27 27 27 27 27 27 27 27 27 27 27 28 28 28 28 28 28 28 28 28 28 28 28 28 28 28 28 28 28 28 28 28 28 28 28 28 28 28 28 28 28 29 29 29 29 29 29 29 29 29 29 29 29 29 29 29 29 29 29 29 29 29 29 29 29 29 29 29 29 29 29 
</Matrix>
