<?xml version="1.0" standalone="no"?>
<Matrix name="Neuron_7" type="complete" rows="1" columns="962" multiplier="1.0">
   14159 18777 20123 32635 48558 75686 100355 103147 113993 115604 117387 140475 145167 146519 161874 163728 178066 215683 223960 228689 233148 234007 246256 254231 276690 279706 298851 300429 303737 320939 331642 336491 357281 370713 377927 391242 421923 440282 446090 465374 468351 480018 484666 491976 495304 500369 504264 515725 529534 535079 537242 540737 545285 549954 563610 569173 643960 647616 650747 654707 661804 663922 673668 675594 683052 698813 713137 721596 735680 752943 762452 767879 784454 795664 799364 808928 817251 832734 836768 843622 849553 888412 891914 897996 901544 910220 953689 955496 978732 982913 1000433 1003423 1012970 1035585 1073828 1079966 1081717 1090063 1099722 1110743 1127918 1135762 1139875 1144516 1157471 1158953 1161841 1181320 1199343 1218946 1220251 1224318 1226825 1252510 1254248 1265458 1276792 1300154 1308851 1311251 1313858 1318765 1325783 1329351 1332664 1342456 1346018 1354032 1370036 1372945 1377888 1395245 1414766 1441820 1450147 1453016 1457226 1466598 1470887 1506384 1510537 1514289 1517626 1529152 1530483 1542002 1545872 1583040 1591649 1614730 1638290 1640902 1644772 1647007 1649249 1686783 1691867 1702600 1709983 1714118 1733136 1741440 1750174 1761304 1793672 1803162 1810576 1834071 1844491 1850175 1862603 1867909 1870733 1872950 1876394 1878206 1884721 1895763 1900020 1912440 1929327 1949780 1952125 1959364 1979927 1982232 1992534 2009016 2010444 2012302 2028383 2041077 2068744 2091604 2103452 2113163 2116734 2145232 2172268 2179957 2187608 2193846 2208269 2221371 2229857 2271078 2301281 2314175 2337784 2344798 2346234 2350212 2352903 2367966 2370426 2396718 2412987 2421462 2440374 2451744 2452570 2462667 2464122 2474143 2489412 2491355 2496337 2502661 2504420 2509156 2515974 2518315 2531661 2566123 2570146 2574676 2578833 2586261 2596544 2599831 2608829 2613424 2623632 2673856 2702137 2708959 2714132 2734312 2757749 2762260 2769940 2770969 2772189 2778403 2782430 2803417 2813425 2837196 2842017 2848362 2854072 2860565 2864131 2869113 2874260 2889192 2899930 2901745 2904723 2917415 2924608 2937800 2942760 2948077 2951064 2965433 2969022 2974904 2980717 2995070 3011758 3023923 3027877 3029140 3031645 3032768 3035325 3042118 3043521 3052540 3058356 3065164 3090857 3096174 3100728 3107862 3135983 3138285 3154894 3163473 3167149 3177045 3194921 3207713 3218819 3221785 3227207 3231279 3238466 3247564 3248797 3255244 3267976 3321296 3330121 3341390 3342267 3346730 3352120 3354099 3358980 3360731 3383366 3388639 3396328 3404870 3411233 3417478 3422295 3425188 3439978 3453502 3462788 3465027 3476054 3479497 3485077 3491935 3495718 3516317 3520207 3540178 3543657 3554565 3557178 3576591 3587656 3590186 3593329 3598049 3601099 3616624 3656336 3659088 3677044 3695480 3715289 3721645 3765614 3775087 3788521 3793754 3795276 3803614 3805412 3816164 3854861 3856039 3876161 3903814 3907180 3918540 3925634 3927247 3936905 3938777 3942054 3946994 3955471 3968155 3972288 3974802 3987494 3994417 3996342 4004609 4008645 4025531 4030626 4035090 4043749 4059530 4063048 4069637 4075211 4078154 4082610 4099636 4100861 4132380 4147935 4161171 4195318 4207620 4208934 4212661 4237882 4240588 4244494 4273297 4275327 4284175 4294288 4304858 4331384 4342298 4352197 4357866 4373535 4375074 4384005 4390495 4393094 4404469 4414688 4433360 4436651 4445068 4460473 4502941 4515894 4533797 4558247 4559777 4561476 4562871 4579138 4607190 4614471 4620006 4623378 4637450 4655438 4667074 4675867 4685395 4694180 4704565 4707917 4715415 4730074 4737154 4748053 4752894 4761823 4769043 4770327 4773038 4788915 4798758 4813038 4821450 4838265 4859543 4877916 4897445 4901948 4913027 4915214 4920323 4922643 4947864 4949074 4951519 4970888 4978296 4989441 4996194 5002155 5008671 5013998 5024357 5044523 5057157 5063983 5066060 5067675 5085109 5102139 5110689 5130494 5134839 5136863 5180509 5185245 5191344 5211060 5216720 5262167 5270147 5277678 5280422 5282683 5288246 5290089 5305074 5312392 5321709 5326697 5336816 5338241 5344444 5350565 5357183 5360837 5365413 5366855 5374942 5387183 5397985 5406770 5410596 5428673 5433808 5444544 5449794 5452821 5456362 5464777 5473302 5480302 5486438 5489237 5494212 5514024 5533484 5546245 5548786 5551954 5563639 5597219 5606276 5635427 5644474 5663248 5669858 5688754 5698462 5703064 5730167 5733892 5737474 5750786 5760665 5771807 5788907 5791404 5795056 5818972 5831586 5835051 5841696 5843926 5856096 5871819 5874812 5895865 5902814 5904433 5915333 5927956 5929886 5936113 5955128 5956695 5962058 5965015 5966647 5967766 5982602 6000868 6005599 6012700 6023614 6029328 6034017 6062078 6067574 6078494 6079888 6089740 6105022 6114450 6131864 6142498 6146302 6156323 6176817 6182268 6206086 6210516 6244497 6255191 6258307 6261734 6284875 6296737 6307643 6319744 6328631 6337166 6342906 6354801 6360261 6374767 6379240 6390077 6393189 6412405 6415262 6422552 6431812 6442133 6466705 6475156 6481121 6498798 6500194 6508638 6512554 6531535 6550506 6567752 6574152 6581086 6589108 6592410 6596219 6600599 6608199 6639716 6661106 6668217 6672295 6693573 6696880 6703886 6716851 6720660 6721674 6724387 6736294 6740654 6756307 6778923 6800361 6803629 6820901 6823729 6829282 6851750 6857777 6860402 6881219 6904232 6912491 6915271 6930620 6949650 6955164 6958952 6995228 7005925 7010188 7018777 7043357 7067326 7068403 7071078 7104732 7106963 7119275 7144555 7147150 7188893 7191707 7192825 7196954 7212961 7223887 7232759 7242714 7248773 7265070 7272546 7289544 7291315 7307330 7312980 7315691 7318210 7327946 7339024 7354542 7360570 7371573 7376185 7377717 7384995 7386410 7392234 7394371 7411635 7425273 7429792 7436465 7456486 7484764 7488996 7503458 7515330 7522184 7531563 7538670 7539915 7544298 7556097 7558695 7562489 7567472 7568636 7570921 7580971 7586409 7601850 7611114 7620829 7629192 7636331 7640173 7652631 7689813 7706083 7708114 7717883 7725332 7731025 7741039 7742086 7744870 7753225 7756079 7762002 7776062 7781176 7782727 7798804 7825713 7832065 7842541 7851754 7854294 7865220 7878744 7880688 7883613 7884785 7886288 7893828 7903137 7906810 7925767 7936745 7944736 7951395 7963578 7968883 7972712 7974562 7977093 7987499 7994834 7999438 8015523 8025354 8028370 8031995 8087724 8128172 8133741 8142570 8149244 8156791 8169765 8173648 8178850 8184451 8195910 8200627 8214853 8220986 8252207 8260040 8263635 8274810 8293248 8312211 8313852 8316892 8338726 8353355 8356710 8361407 8368825 8403217 8408197 8424367 8430216 8436287 8446882 8468965 8472699 8485896 8503903 8512475 8527017 8528856 8531663 8544385 8554959 8559315 8591077 8603246 8612454 8616155 8623815 8631884 8634655 8639363 8668615 8681582 8686082 8700332 8704511 8726623 8732109 8733848 8747909 8762684 8784996 8786771 8806157 8810817 8825454 8844473 8889183 8891722 8930253 8935837 8936983 8943671 8945001 8968312 8979599 8988954 9002444 9014285 9021129 9028218 9055048 9076860 9086803 9119723 9129475 9159946 9193128 9210233 9211469 9241572 9252095 9269419 9287248 9288610 9298985 9303572 9308979 9310140 9316388 9323882 9327325 9342693 9344955 9348501 9359532 9362018 9393721 9423058 9425310 9437405 9458823 9470174 9477637 9507239 9514394 9516043 9525730 9551421 9553391 9555557 9564113 9568711 9571982 9579534 9580957 9582651 9609951 9636438 9639966 9649412 9670187 9679372 9682147 9694821 9703974 9706605 9708579 9710720 9719634 9723729 9734322 9749390 9754343 9764465 9765825 9769319 9794487 9796305 9802043 9805896 9820251 9824661 9826200 9832255 9839648 9849841 9851751 9871751 9874693 9877626 9879503 9890488 9897026 9905033 9925113 9946997 9950090 9955231 9961489 9963037 9968789 9984513 9996726 
</Matrix>
<Matrix name="Neuron_11" type="complete" rows="1" columns="333" multiplier="1.0">
   11868 15183 34747 52037 54657 106365 107451 110320 124427 157459 174804 193788 231242 269742 313108 314693 325548 368721 375584 406595 412727 429449 572701 604906 632849 641875 684087 695924 705805 757672 769452 773864 787773 866033 881233 894778 925435 985378 994445 997602 1050253 1101841 1107997 1133515 1149451 1151298 1152362 1156737 1184730 1192977 1247795 1265142 1276499 1281948 1297552 1388243 1454854 1551267 1623450 1656373 1694983 1737743 1765455 1856743 1888355 1894268 1902672 1913780 1928382 1942464 2012291 2042400 2084866 2107557 2131955 2205778 2248716 2283381 2292782 2317078 2326657 2332362 2360749 2378291 2380214 2390243 2404270 2423171 2485653 2534491 2537303 2541250 2588870 2622060 2657708 2688481 2720385 2746003 2749781 2763519 2788728 2799400 2852979 2884550 2895549 2923749 3030030 3034394 3047581 3060734 3078091 3132495 3147696 3171170 3183328 3205185 3259953 3270548 3290831 3327558 3366475 3373344 3376051 3388046 3409293 3471225 3495741 3523349 3545553 3611542 3714363 3723137 3750532 3805380 3846041 3890092 3965097 3969211 3992197 4037752 4064362 4148543 4175660 4187567 4231962 4290268 4316233 4329957 4376992 4410508 4448855 4451918 4489424 4522779 4644439 4687608 4707498 4795950 4819424 4820791 4862366 4870740 4889211 4993598 5009908 5011328 5028207 5068685 5146088 5152101 5167458 5176247 5180228 5197497 5217203 5224944 5274339 5283493 5287212 5316634 5339172 5362399 5378126 5468437 5562391 5614893 5635886 5660303 5689864 5716166 5745018 5759308 5776035 5781416 5891165 5894149 5902416 5911322 5953882 5957185 5978879 6088130 6152777 6157317 6158454 6236444 6267643 6275693 6281288 6301289 6362326 6393920 6446408 6464879 6490077 6505657 6518548 6536854 6569404 6571376 6585612 6589229 6590868 6597355 6632709 6636876 6697850 6731369 6810306 6820709 6830128 6865347 6946173 6980088 6993395 6999804 7012416 7057390 7060115 7067071 7136483 7151298 7168869 7199999 7222504 7245031 7266185 7306872 7344460 7407969 7412418 7414865 7437656 7465407 7608207 7635311 7656216 7704971 7732335 7753865 7765081 7792489 7805776 7844334 7849061 7892903 7898450 7910362 7913142 7917612 7945180 7974623 7977885 8005770 8041784 8089934 8187983 8216268 8220314 8317843 8320733 8332241 8399832 8429766 8447812 8478864 8513572 8571470 8627195 8784108 8980841 8995802 9035556 9041096 9044129 9061746 9097127 9113532 9128044 9135683 9138992 9197909 9213937 9222242 9247234 9292496 9306745 9311554 9368051 9377562 9433649 9449668 9452767 9500844 9502794 9593430 9617076 9618432 9651470 9703987 9717223 9745302 9758009 9813744 9829567 9834526 9836174 9843335 9898700 9909029 9917379 9956872 9971556 
</Matrix>
<Matrix name="Neuron_14" type="complete" rows="1" columns="1822" multiplier="1.0">
   1865 6044 15621 18952 24794 28752 29737 35284 36376 38599 39528 41576 46655 48451 51758 54121 59343 63852 72559 99665 104995 122408 128567 141145 144233 145472 149519 154249 156183 158286 161435 170095 173416 177852 183633 184647 196426 243013 246384 250048 250968 262551 264795 269245 277663 282304 285336 286673 295416 305963 306949 313193 323280 325104 330092 340103 347392 348662 351453 353364 355954 359235 360571 363953 365727 373889 376830 387262 391617 393636 402148 418050 420759 423224 425921 431366 432949 436834 443129 444428 446690 449242 453555 455849 457739 466990 471159 481027 482963 484366 488219 489588 493687 505174 514147 517479 518377 520212 525837 527971 535719 547373 566711 568563 571557 576050 593328 599856 601862 609097 630798 633228 636997 658415 664569 668604 670502 683371 684942 686611 689621 693672 694994 704689 707676 709200 711688 713611 717318 725636 738554 746319 754721 756273 757365 758861 765705 775807 783732 786629 792012 797151 804912 809243 822422 825517 833870 838242 840190 845793 848435 849837 854393 856679 859262 861291 867471 872771 892305 902792 911279 912648 917819 921987 928489 930781 932287 951022 954114 958584 964008 968224 973137 977278 983732 984604 988402 992253 994574 999213 1008811 1011225 1012214 1013949 1015991 1021603 1022643 1024758 1026755 1028732 1034115 1044429 1046282 1052772 1056489 1057399 1059296 1066461 1071672 1087099 1092879 1098854 1100678 1102827 1103837 1105388 1108208 1110219 1116203 1121469 1124524 1135813 1145969 1147248 1151176 1153954 1159371 1164482 1167068 1169465 1177578 1185355 1187355 1189699 1194440 1207453 1225257 1228893 1231548 1239032 1246209 1247402 1248808 1251896 1257249 1259864 1261318 1267803 1272490 1286843 1291156 1292968 1295752 1301167 1305652 1319029 1325241 1332881 1341680 1343661 1345056 1348377 1352390 1362690 1364717 1373545 1375909 1390382 1392093 1393091 1396726 1415554 1417571 1423948 1426557 1437851 1450757 1457903 1459988 1464251 1465215 1467592 1478204 1481431 1484354 1494471 1497187 1502055 1512287 1514838 1528319 1531501 1534857 1540574 1548820 1550845 1558843 1570418 1579744 1587095 1599583 1601132 1602360 1606870 1617874 1624056 1625601 1628001 1645921 1648424 1650480 1654677 1659910 1665422 1668407 1670228 1675192 1678021 1684697 1691760 1694520 1696505 1700400 1711581 1715299 1729938 1741279 1742653 1748058 1750961 1754364 1755368 1762959 1764683 1766482 1768593 1772520 1774152 1780432 1783744 1790281 1804055 1805460 1806679 1811292 1822054 1824734 1830349 1833977 1835706 1844051 1855809 1858800 1860302 1866349 1885408 1895887 1898608 1902266 1913555 1916677 1925576 1927562 1934621 1937403 1939334 1940361 1945120 1946682 1947854 1948841 1949940 1950912 1957506 1958677 1960469 1963390 1965540 1979143 1981652 1987601 1991088 2002242 2003393 2004457 2006752 2023149 2029393 2033675 2040093 2049472 2050830 2053411 2055646 2070904 2077262 2083219 2089508 2092884 2099734 2104057 2107567 2119114 2133682 2137813 2144116 2145792 2150442 2152263 2155564 2163668 2167602 2170595 2172886 2177018 2179704 2181862 2189188 2197503 2198976 2200343 2201508 2215443 2219981 2230755 2239720 2241032 2242947 2244830 2246121 2247596 2252864 2254060 2258123 2261022 2266178 2276669 2280603 2286928 2290371 2292319 2295402 2303583 2305094 2306480 2307728 2311889 2313885 2315762 2318280 2321704 2323228 2326524 2328159 2335368 2338161 2341296 2354987 2357568 2367634 2369467 2371512 2373937 2382405 2383548 2387342 2396225 2398059 2403019 2404137 2407868 2411256 2422530 2429738 2430883 2436683 2443648 2446759 2452213 2457639 2463114 2464223 2465576 2467522 2469695 2473928 2475046 2480622 2487822 2493320 2495064 2507171 2509405 2512166 2525015 2536305 2542055 2552355 2554135 2557256 2558910 2562422 2567363 2574627 2578913 2583100 2585386 2593166 2596020 2608084 2609805 2617954 2619957 2621226 2623200 2628477 2629787 2631608 2639460 2640948 2647367 2652742 2655667 2659042 2665068 2679535 2683223 2693162 2695300 2708389 2719151 2720950 2728475 2735810 2742253 2745707 2747231 2774539 2781701 2793214 2801474 2814188 2815553 2824550 2831019 2836118 2840982 2842101 2846565 2851496 2853460 2857886 2859365 2860173 2865001 2870310 2883967 2886520 2888178 2890488 2897899 2904505 2911084 2917842 2919411 2923541 2928540 2930218 2937799 2942882 2943923 2954050 2963633 2964397 2981720 2983438 2989297 2996343 2998573 3000712 3003395 3004294 3008066 3011107 3014451 3016158 3018866 3022827 3024919 3031064 3035853 3039466 3046328 3056040 3058061 3062494 3067964 3076205 3084461 3087140 3091126 3100502 3102414 3103585 3124119 3146736 3151549 3153136 3156891 3166392 3175108 3181294 3190103 3193137 3206134 3208541 3210714 3215219 3218348 3224395 3233158 3237137 3245659 3257780 3275882 3277621 3284392 3291777 3298665 3304721 3317773 3319619 3322586 3341930 3348129 3353720 3358181 3371452 3374981 3377184 3380432 3385796 3394753 3396019 3401875 3403177 3405277 3406322 3416683 3420223 3421894 3422883 3424397 3436789 3442626 3444202 3452710 3460018 3463657 3468499 3470285 3476364 3477681 3483129 3491965 3494409 3498934 3512452 3518620 3526873 3530257 3532209 3534712 3537985 3544032 3559902 3567930 3572712 3576600 3589935 3613272 3617298 3622064 3624407 3625933 3633913 3635236 3642688 3645401 3654293 3673874 3680419 3709363 3712503 3716133 3722471 3724136 3727645 3737323 3747090 3751199 3759152 3764911 3769932 3773081 3778183 3789522 3790416 3794087 3797493 3803640 3804992 3813880 3819507 3830096 3834131 3846560 3854659 3864799 3868997 3874009 3879340 3882901 3886478 3894685 3900123 3901706 3904594 3907840 3912022 3917445 3918445 3925074 3930715 3932588 3933415 3936707 3949301 3951786 3973752 3975736 3978665 3980746 3989282 3993101 3995722 4001790 4022833 4038121 4039407 4044710 4046041 4047068 4055281 4056761 4058357 4060804 4064578 4068767 4070330 4071634 4073428 4076947 4079870 4084809 4086033 4088632 4100303 4103285 4106273 4109330 4123245 4125843 4128048 4138358 4141545 4144671 4147656 4160173 4168553 4172198 4174578 4176618 4178219 4181367 4193805 4202970 4204263 4207612 4211392 4213053 4216268 4222675 4225430 4237314 4246020 4251171 4252744 4258974 4261154 4272625 4273908 4275101 4279479 4286969 4288961 4295027 4297746 4306630 4313368 4317532 4321540 4326442 4333866 4336402 4340400 4345975 4359037 4366698 4370261 4379925 4383622 4385235 4387724 4392119 4394252 4402805 4410729 4414032 4423178 4440256 4445912 4451987 4453736 4457148 4465920 4474008 4476997 4480432 4488389 4490450 4500445 4505579 4509504 4519437 4520882 4537795 4541768 4546132 4553243 4555684 4558960 4561909 4569116 4573398 4575640 4577370 4579992 4581493 4583635 4585226 4592185 4601192 4602810 4609595 4617089 4618611 4619703 4621096 4628853 4631749 4636701 4638274 4644866 4651563 4654877 4659213 4671535 4680722 4686652 4689658 4692184 4715091 4719710 4724926 4730900 4737530 4743219 4744901 4747147 4756876 4763034 4767155 4771176 4774565 4776814 4779436 4782287 4783585 4784479 4787947 4794451 4797352 4806157 4809595 4820696 4822565 4827489 4829376 4831342 4835119 4836295 4850442 4852103 4856994 4864909 4866347 4868385 4870065 4878336 4883611 4884716 4885903 4887120 4887996 4890292 4907970 4920647 4924239 4927648 4934205 4939114 4941292 4948642 4951995 4955837 4964461 4967391 4981948 4997132 4999997 5002426 5013013 5019463 5041573 5044101 5047492 5048746 5072198 5076656 5089015 5090711 5093141 5095398 5100022 5104411 5121926 5125516 5131596 5148414 5154855 5162729 5168894 5171011 5174512 5185916 5192284 5193898 5202000 5202879 5213649 5217379 5228882 5232465 5235816 5243438 5245482 5248927 5257326 5260749 5269056 5272858 5279439 5288792 5291640 5294359 5301759 5304136 5306137 5309808 5311401 5320221 5324937 5325791 5330406 5333876 5337839 5340323 5344317 5347085 5356874 5362468 5366120 5370130 5375722 5379510 5381479 5396065 5398532 5405862 5419938 5435762 5441422 5443713 5449296 5453249 5455122 5460669 5478511 5482812 5494222 5496137 5499409 5501840 5508856 5520767 5523252 5534428 5547577 5551657 5557897 5565496 5570977 5572685 5575713 5582506 5585930 5588102 5594268 5596703 5606449 5612691 5613905 5615152 5622806 5624461 5633150 5637213 5639491 5643290 5654475 5664220 5674599 5676592 5684239 5689205 5693519 5694767 5697623 5702927 5711057 5715755 5722917 5727062 5733391 5738911 5742888 5744153 5748179 5750295 5751994 5760811 5762744 5778766 5799109 5800539 5807422 5811482 5812801 5820370 5832727 5839727 5851275 5853514 5854655 5860786 5862122 5864368 5867380 5872809 5878964 5886222 5890520 5891790 5894916 5898005 5903014 5916891 5926112 5927334 5942334 5949657 5958453 5969393 5972792 5979626 5983508 5985325 5997300 5998667 6003407 6014685 6018376 6020031 6032374 6035378 6037258 6039919 6047454 6048596 6058632 6059704 6067227 6071224 6083634 6085152 6096337 6100417 6103377 6109195 6112085 6116026 6122519 6125977 6127866 6131549 6154568 6157375 6159931 6162019 6164865 6172606 6181319 6187282 6192458 6196362 6203798 6206490 6214418 6215481 6218574 6221280 6226096 6231734 6235251 6243652 6248284 6258472 6267191 6280103 6281596 6287098 6292980 6302517 6311830 6315181 6317325 6327776 6337818 6339096 6345929 6347176 6363749 6370730 6373675 6374562 6378562 6387183 6389213 6390888 6395393 6401772 6406047 6414751 6424494 6434939 6439741 6440882 6445139 6448410 6455199 6458760 6470639 6473061 6475972 6477190 6500092 6508985 6510883 6520728 6522710 6537400 6538475 6545912 6548758 6550292 6562431 6563410 6566973 6570300 6571667 6598107 6604501 6612186 6616148 6621113 6640857 6648025 6664260 6666620 6669582 6671271 6672682 6680370 6696808 6697981 6703302 6706931 6710051 6716098 6718799 6727660 6743482 6747830 6757225 6761305 6764018 6773254 6786448 6795512 6796725 6797953 6805119 6807785 6817553 6819223 6821306 6824594 6828449 6847227 6855888 6867513 6874537 6876056 6880275 6881774 6887473 6894385 6898183 6901435 6905280 6912517 6923712 6930261 6933914 6938959 6940833 6969889 6978954 6989421 6995824 6998272 7002058 7008163 7010701 7019478 7024339 7035748 7042848 7047161 7053657 7054941 7060076 7065300 7067063 7076904 7079255 7086240 7091250 7094002 7097237 7100951 7104972 7113278 7115609 7118935 7122218 7126301 7133394 7135665 7140557 7149770 7151851 7156115 7169302 7172543 7184734 7189158 7191374 7200547 7207888 7209122 7212657 7218547 7220985 7222069 7232237 7238537 7247180 7250364 7265625 7268097 7272247 7274869 7276269 7279975 7288417 7298491 7302040 7303713 7308462 7315425 7319436 7320867 7327123 7328482 7329855 7333851 7338535 7346893 7352538 7361641 7365288 7374912 7377215 7379614 7381505 7395102 7398955 7400174 7400938 7408210 7413249 7428663 7432746 7438126 7440793 7444228 7449300 7456235 7458438 7468209 7469844 7483664 7488363 7493406 7502972 7505476 7510108 7517745 7522181 7525909 7529168 7539126 7548129 7554152 7570066 7575912 7582050 7583813 7585400 7588291 7594304 7599136 7605278 7607670 7617314 7631805 7633958 7638158 7656784 7660628 7662654 7664937 7667199 7669171 7671316 7675793 7678975 7683593 7686326 7699089 7699909 7705911 7709542 7714866 7716433 7719170 7732045 7736041 7742013 7762127 7767631 7779511 7786559 7789734 7792623 7800871 7804107 7807267 7812472 7825466 7836272 7847086 7849796 7855780 7857428 7859266 7860766 7866587 7871665 7873764 7875206 7876358 7877153 7879920 7890918 7894185 7896883 7900181 7901831 7904730 7907277 7908807 7914663 7915542 7916907 7920110 7922716 7924489 7947450 7959409 7963145 7966489 7968027 7970144 7971831 7987418 7989842 7990834 7992052 8001942 8003746 8006262 8010977 8017579 8020893 8035196 8045784 8050635 8055067 8056540 8062526 8064786 8069677 8074165 8079773 8085214 8088022 8092657 8095955 8117637 8123445 8126002 8145985 8159286 8161143 8183479 8187048 8190095 8196947 8199576 8210829 8217260 8218698 8224181 8228316 8234634 8235750 8238295 8248827 8251093 8252669 8258116 8262275 8267751 8270037 8274285 8278920 8280229 8282751 8286776 8296363 8322386 8333439 8335094 8339534 8342324 8348326 8358260 8362111 8364199 8370324 8372958 8375843 8382443 8384819 8389565 8409281 8414656 8422200 8433425 8436118 8441814 8447268 8467734 8477495 8486218 8489274 8493798 8495556 8503884 8511841 8519072 8520905 8522995 8525849 8547514 8548826 8550480 8553981 8556013 8560843 8562688 8564468 8578321 8585371 8588021 8591536 8602570 8604974 8610633 8618617 8622574 8624587 8634703 8637942 8640498 8641532 8645106 8650020 8659483 8666886 8686901 8690257 8692720 8699574 8712870 8732837 8733880 8735137 8740203 8743331 8751609 8754412 8755980 8760947 8761924 8766673 8770710 8772004 8777278 8785513 8789294 8792665 8794865 8796578 8804238 8810885 8815753 8820417 8824167 8829793 8831158 8832974 8841535 8846416 8850574 8851369 8853509 8855222 8856936 8858342 8859352 8862066 8871163 8872637 8879584 8882479 8885201 8887132 8888351 8889895 8890628 8899244 8902554 8925083 8937151 8939327 8950424 8980414 8984389 8985476 8988375 8993272 8996983 8999671 9006697 9008030 9009593 9020786 9030591 9036607 9041823 9043845 9060567 9062174 9063255 9064765 9070298 9075377 9077238 9081361 9085274 9088125 9095650 9097709 9104295 9106316 9111754 9121276 9127755 9133070 9143059 9162066 9163796 9164977 9166221 9175457 9177503 9180789 9185321 9199810 9207940 9221164 9224045 9228884 9231817 9234572 9236685 9244843 9246533 9248004 9259215 9265434 9270667 9275363 9278378 9280173 9289712 9292359 9297361 9303944 9306894 9308150 9310762 9314047 9322715 9327041 9331216 9344106 9346688 9349016 9350769 9352065 9355944 9361128 9367751 9370670 9373697 9383169 9384725 9391964 9404354 9418525 9420000 9423780 9426733 9434607 9441777 9444201 9446237 9448012 9449229 9451229 9457258 9458348 9461417 9467558 9490982 9495457 9499201 9503742 9507044 9508458 9509750 9517772 9519346 9524103 9528117 9530995 9539236 9542138 9556309 9559138 9563731 9567349 9571280 9572882 9576372 9594989 9599346 9605646 9608157 9620012 9620834 9633006 9634948 9642367 9646350 9648974 9650829 9659664 9665555 9667626 9669512 9673007 9683385 9686073 9696590 9705807 9713443 9716427 9717553 9722338 9724249 9726893 9732947 9736378 9748092 9751488 9756142 9762729 9767313 9768773 9770513 9777410 9780535 9781745 9786387 9790054 9797329 9800872 9813846 9815137 9816390 9820888 9830294 9834262 9837397 9845042 9847418 9850336 9852294 9855818 9861489 9863673 9865639 9871351 9878256 9893513 9898226 9899946 9905646 9907011 9911930 9915703 9922354 9932322 9936653 9938164 9944137 9947610 9950561 9953284 9958388 9961966 9976788 9979881 9983044 9990555 9996688 
</Matrix>
<Matrix name="Neuron_37" type="complete" rows="1" columns="180" multiplier="1.0">
   16981 26179 239874 258940 306086 377128 407189 417592 441659 487046 506273 563291 652522 684345 705434 727847 751310 969854 1122746 1212403 1245326 1273776 1382007 1387808 1412924 1531923 1577013 1591540 1593602 1617086 1683473 1788797 1823013 1846873 1876156 1892980 1962543 2005600 2076167 2091670 2338183 2430173 2518242 2568171 2612915 2626969 2634886 2645757 2695501 2775712 2845434 3078882 3096345 3099302 3106300 3127490 3135583 3139807 3172484 3190103 3247997 3450779 3571577 3634336 3700521 3763614 3775499 3839624 3863700 3882202 3911382 3914364 3921834 3987065 3998085 4226656 4302091 4346868 4351212 4388133 4586240 4673833 4689509 4724597 4739090 4744073 4777887 4882447 4944623 4949558 5017517 5124124 5265518 5279780 5325156 5350432 5411473 5484785 5574056 5592498 5801053 5809644 5881325 5890619 5914997 5952444 5982864 6019048 6038699 6124667 6133245 6191164 6237332 6254717 6311178 6362669 6366896 6418020 6437465 6570332 6668058 6733180 6778812 6797207 6829308 6919351 6942540 6998630 7024285 7064731 7169075 7283756 7315241 7345503 7366692 7385498 7401073 7445541 7451977 7579107 7669869 7739870 7789266 7829743 7833770 7873992 7956530 7959681 8013801 8025895 8027413 8038664 8092792 8192011 8325707 8378071 8395292 8448109 8554471 8587659 8608810 8613523 8670449 8687734 8739657 8872357 9015446 9089639 9228006 9252485 9406727 9413338 9421410 9436932 9442230 9553166 9679367 9856809 9888999 9935740 
</Matrix>
<Matrix name="Neuron_41" type="complete" rows="1" columns="937" multiplier="1.0">
   3732 27758 56478 61906 64724 96845 105094 107004 122472 133405 151533 157836 164933 177430 187983 208315 224099 226572 230663 234209 242523 249109 260887 275503 288698 312130 315049 318413 320293 322732 346335 352507 358883 361765 368466 373479 375099 382108 391849 397552 412724 431890 436286 449586 472962 486075 489246 493993 497822 504449 530407 542998 545399 551888 562343 569598 571069 593324 638310 658302 660741 670393 682437 685036 689426 702093 704912 710918 714363 730444 736862 742290 743455 747147 770638 774367 780194 782972 786756 801405 816687 830829 845510 852777 870338 878744 884128 895836 900011 901283 915559 920084 933188 947106 949796 967420 989785 991973 995205 997578 1036333 1038770 1040221 1041675 1046084 1075449 1078630 1082309 1085136 1090528 1102967 1111692 1118356 1135959 1138718 1173273 1182387 1185245 1191082 1228651 1250073 1253674 1286112 1306439 1331161 1334553 1358994 1361942 1367805 1372685 1389287 1400782 1403879 1406002 1415919 1456117 1463359 1481659 1513391 1517707 1520403 1525985 1532361 1541608 1557939 1568441 1570659 1578759 1581823 1583820 1600855 1607042 1652953 1669401 1691568 1696381 1713020 1727671 1737597 1750597 1752902 1754584 1759896 1767674 1774128 1775547 1786283 1803126 1806015 1827044 1853022 1863595 1873663 1879632 1888548 1890814 1901299 1912170 1913327 1932969 1935009 1941414 1950432 1959683 1974020 1975887 1986913 2008875 2035522 2038699 2055472 2064019 2079870 2087101 2093968 2099836 2112845 2130212 2133238 2142230 2146186 2148075 2151131 2160110 2168339 2192840 2203160 2211908 2226415 2260514 2274469 2286189 2294562 2296483 2297928 2307023 2324085 2352398 2357497 2366203 2383888 2410662 2412852 2416280 2425671 2430722 2438020 2443630 2462627 2473731 2483967 2498489 2502794 2507905 2510608 2534104 2577251 2582952 2587442 2590656 2597346 2608816 2609676 2612212 2620450 2626758 2640926 2688411 2691241 2699747 2701543 2732617 2733880 2738037 2743778 2763607 2778647 2784762 2794133 2796822 2808203 2811732 2820710 2839005 2859035 2861712 2865071 2871760 2881714 2884133 2908677 2921746 2961240 2964606 3011167 3014055 3032708 3041250 3043941 3053080 3063099 3070868 3072040 3075624 3084441 3097925 3099014 3110464 3142509 3156539 3158946 3161978 3178524 3203059 3204652 3220377 3260300 3261584 3262899 3268046 3273617 3308271 3312553 3317403 3319344 3332584 3336331 3365641 3370083 3377788 3385186 3396386 3399664 3403077 3407096 3411561 3427904 3442286 3454222 3469659 3477697 3480748 3485917 3493255 3508255 3532198 3609045 3615596 3628597 3634615 3638191 3647073 3650885 3654357 3658788 3664835 3671147 3678158 3689687 3706632 3712277 3717497 3718710 3727596 3738577 3746523 3757432 3770753 3773156 3778689 3796106 3799024 3814910 3822437 3823871 3828454 3841300 3846105 3849917 3857981 3861648 3863907 3868747 3875295 3877658 3879765 3888723 3898161 3901226 3904598 3906696 3932832 3969295 3983101 4015067 4018682 4039440 4049982 4083678 4100275 4104580 4118152 4121545 4126936 4134613 4147451 4159398 4164680 4169464 4171746 4191923 4234200 4253852 4263189 4284104 4299890 4318259 4323438 4325168 4332304 4341301 4342755 4345162 4353296 4355855 4357899 4368490 4375991 4385404 4390777 4392073 4393533 4402945 4407369 4415309 4426329 4448470 4449879 4460287 4469946 4481876 4483742 4512815 4524330 4526215 4529630 4542478 4548664 4553664 4558979 4569270 4605745 4614329 4627651 4630918 4633499 4645864 4654320 4671904 4684570 4696007 4712522 4713948 4724238 4728466 4748757 4750490 4757178 4765413 4769747 4776094 4784383 4789969 4796435 4803785 4816609 4832422 4861654 4863831 4869065 4870319 4878747 4885104 4891732 4897394 4907260 4911447 4916250 4917285 4937561 4970533 4980708 4982723 4989976 5003880 5007885 5027059 5051067 5056810 5072102 5084127 5093070 5102812 5104461 5113719 5117195 5129177 5139679 5156345 5177856 5193067 5217255 5218890 5231785 5239852 5243437 5252703 5272449 5273475 5276912 5279797 5283774 5297766 5302854 5304292 5306060 5309328 5310591 5312107 5318544 5325345 5340769 5346462 5361131 5374796 5384492 5394688 5402531 5420589 5424276 5432746 5443792 5475615 5484068 5499859 5508260 5522843 5528487 5547644 5557686 5568061 5580341 5582279 5588334 5602196 5608716 5628056 5630219 5647371 5657066 5669640 5678578 5681550 5685255 5711155 5712991 5722014 5732092 5750559 5773490 5775268 5777746 5783056 5802949 5824058 5826647 5831582 5838969 5848798 5859038 5864612 5867329 5894658 5896804 5930476 5935801 5943461 5952213 5965146 5969256 5981409 5985917 5990566 6012756 6020907 6030840 6040354 6055451 6066280 6067502 6075722 6096453 6111367 6140364 6149795 6155391 6179526 6193460 6196168 6223312 6235607 6245123 6274422 6276730 6293895 6308114 6309505 6326612 6336013 6339793 6356648 6358665 6381520 6384581 6387879 6402487 6403362 6446017 6449959 6451398 6466317 6476455 6505327 6506937 6520592 6525992 6550094 6572268 6578558 6580201 6588517 6596190 6598897 6601270 6612485 6625850 6638997 6646100 6647403 6651883 6676106 6689916 6704885 6709606 6727107 6729083 6730076 6738489 6748093 6804356 6808409 6814291 6818183 6819895 6824128 6828452 6831306 6856239 6866768 6869797 6875445 6879065 6882713 6886485 6906883 6918431 6925082 6928958 6931199 6943344 6953477 6965746 6979060 6986754 6993658 7000702 7002765 7034664 7040316 7042935 7048897 7052141 7072110 7087875 7103813 7118294 7132357 7145592 7150063 7173168 7194602 7200202 7217599 7220223 7225349 7228082 7232563 7238490 7258508 7278417 7291619 7295750 7299779 7309730 7310950 7312207 7317633 7373106 7393057 7409237 7411533 7420407 7424593 7438773 7443826 7457300 7458492 7462342 7471209 7472563 7474796 7480434 7482036 7492247 7500645 7504389 7507785 7518920 7543280 7551629 7558031 7567082 7573335 7581299 7596689 7601882 7604691 7619234 7627306 7656609 7670459 7680951 7686660 7692780 7701163 7739717 7741334 7744914 7765226 7772840 7786350 7788473 7793695 7800186 7806336 7809343 7828246 7836965 7844329 7849095 7856293 7864715 7870574 7880073 7886609 7890494 7895118 7921068 7922721 7925009 7928055 7930244 7933894 7951925 7956362 7964628 7972383 7979939 8047967 8066912 8074698 8076366 8084364 8115762 8127110 8160091 8163247 8166394 8191377 8199507 8204237 8206598 8208854 8232525 8235731 8241277 8244642 8247318 8269015 8280477 8286311 8288189 8307919 8312232 8317074 8332393 8350611 8372245 8404408 8408153 8424661 8427523 8438257 8447877 8450052 8464431 8469929 8497822 8503273 8506607 8509996 8512859 8521994 8537600 8551976 8564154 8587626 8598467 8603317 8608028 8632626 8635867 8665226 8671486 8683016 8697764 8715362 8721165 8727373 8730956 8755251 8773010 8777606 8782302 8804726 8816236 8818525 8820663 8828293 8861349 8870023 8877300 8888154 8895705 8916957 8930238 8931794 8933919 8944514 9036834 9040756 9043882 9083426 9092106 9096904 9119775 9123864 9131046 9141056 9143522 9147698 9161066 9167933 9177648 9180243 9189163 9216819 9221483 9229367 9241246 9243902 9270770 9273715 9280436 9295147 9314269 9323008 9325152 9326907 9330238 9348967 9401855 9430441 9441479 9451538 9454612 9477781 9479897 9484769 9486389 9496527 9504808 9520888 9528299 9530682 9541266 9544360 9549280 9567335 9586637 9602422 9608780 9614709 9624318 9631864 9636600 9640199 9657725 9678147 9694652 9703204 9715918 9744273 9749155 9753019 9758573 9777870 9784338 9804961 9830062 9845066 9862942 9869273 9870502 9883016 9888036 9892923 9899674 9912964 9918126 9937701 9943919 9949981 9951688 9956340 9976213 9991777 
</Matrix>
<Matrix name="Neuron_44" type="complete" rows="1" columns="1423" multiplier="1.0">
   4613 10329 26176 32028 39485 42784 57003 58817 64435 72341 85118 87501 91381 93707 100924 102277 107834 112870 148834 150121 156978 159618 165523 167716 170566 172145 176746 181342 193179 203730 205995 207850 213249 214255 217846 220654 221654 225599 232758 240882 247043 247943 255995 258287 266441 271149 285144 290447 298676 299947 303910 307933 310745 319058 339703 346264 351240 361464 363239 379845 387955 401429 402846 404571 438171 439910 442936 446169 459316 464044 470262 473791 479670 494011 496581 507619 510165 517330 525378 528973 534723 545767 563160 569249 572468 577047 584114 588419 594872 597955 600145 632498 646667 653248 654620 657058 673927 676979 679228 683810 687925 698572 710648 717543 719533 729144 734051 751308 760374 769982 779111 786695 788720 792072 817978 829500 832019 833119 836085 836940 843176 845793 847241 851725 854360 859083 874538 880513 883923 889960 894309 903114 904807 905646 915795 918482 922875 931644 933861 949593 966789 985329 988844 990834 996484 1017296 1025216 1026323 1040602 1055917 1082255 1093196 1097047 1102708 1106943 1123009 1128031 1142651 1149418 1151490 1155108 1157141 1159912 1161038 1184367 1185907 1195444 1197242 1217311 1220432 1244409 1283303 1299994 1301790 1304894 1317526 1321628 1332448 1337178 1345762 1349994 1353100 1355345 1358957 1368057 1376313 1377730 1393337 1395962 1401172 1401975 1412861 1417238 1423845 1427639 1431336 1447049 1470302 1479315 1497604 1512308 1521975 1523093 1529086 1554138 1556116 1563172 1566477 1569244 1570708 1589986 1591682 1598253 1603939 1621706 1629324 1653847 1658625 1659779 1662375 1664727 1666950 1672480 1678578 1682382 1684124 1697314 1702910 1718711 1733642 1738588 1744570 1745564 1747221 1751229 1752970 1755976 1763344 1766337 1769250 1773596 1778160 1781803 1794525 1801586 1803329 1810003 1812318 1822518 1826104 1827320 1832099 1833183 1837117 1844480 1845887 1847695 1853938 1854935 1871032 1878910 1883155 1884653 1894807 1897370 1898540 1901557 1906699 1914907 1916424 1941082 1944376 1945574 1948270 1957320 1964336 1968983 1971982 1975166 1979433 1984520 1991094 2000104 2004487 2006011 2013799 2015454 2024045 2024848 2029909 2033608 2035067 2036837 2041229 2061995 2064453 2070082 2074636 2078241 2111191 2114372 2124258 2144981 2153086 2166581 2171248 2184258 2193927 2210648 2213233 2218758 2220656 2231773 2236263 2240966 2246801 2247991 2260014 2264634 2266058 2268722 2271875 2276422 2286428 2288069 2293360 2295416 2296599 2311897 2314162 2318850 2324187 2332012 2335629 2338120 2352753 2355602 2358139 2365051 2368581 2373401 2378388 2382627 2384121 2388281 2388883 2393598 2396978 2404426 2420420 2427453 2438157 2441262 2448940 2455415 2461457 2463638 2465232 2466586 2467466 2472699 2482908 2487689 2502240 2510022 2513392 2530339 2536019 2538243 2541631 2548356 2549809 2554238 2569887 2578983 2581212 2591774 2594942 2597458 2605370 2626006 2631952 2633951 2640490 2643616 2652050 2656802 2665234 2668660 2670026 2674264 2687335 2692071 2693804 2697702 2716636 2717590 2719463 2721186 2734281 2741216 2743768 2755043 2757054 2758326 2759047 2760447 2771167 2773734 2782624 2789041 2792110 2806567 2809982 2816096 2819671 2829359 2838339 2842239 2845085 2848251 2852762 2868908 2871616 2872525 2874634 2898779 2903496 2907471 2912905 2919142 2924700 2934633 2947899 2959703 2967146 2974878 2999590 3000516 3012769 3014123 3015249 3022801 3026939 3032062 3038416 3044783 3060282 3067173 3068171 3069908 3078599 3082618 3087344 3089433 3110844 3124403 3126055 3128142 3137817 3156635 3158290 3167678 3181593 3184307 3185651 3190488 3210234 3215512 3224942 3240673 3242658 3244790 3246249 3248773 3253069 3259810 3260995 3262848 3265467 3266928 3286309 3292964 3298732 3304454 3307043 3309086 3313040 3322895 3336051 3340685 3346057 3353407 3354524 3364231 3367901 3370937 3374677 3379772 3391758 3399136 3409485 3416550 3425225 3432044 3449504 3452633 3456315 3460927 3462167 3464449 3470101 3479114 3481942 3483129 3497455 3504571 3517704 3532594 3545473 3546470 3550108 3553410 3559026 3568132 3573914 3580014 3591431 3615752 3623136 3626627 3627927 3629204 3634883 3640055 3653701 3658578 3667112 3673556 3680555 3684106 3685604 3697109 3703790 3709045 3714621 3717538 3719679 3736837 3750168 3754680 3758203 3790245 3796052 3804141 3806768 3810548 3831005 3832281 3837421 3839999 3856483 3859053 3871370 3872821 3874097 3886939 3889579 3907912 3943126 3943985 3948533 3953979 3955153 3958724 3964353 3970897 4001441 4003504 4009135 4010105 4011384 4013333 4019632 4032056 4034022 4043473 4045026 4057050 4060814 4076740 4083300 4089678 4097309 4100531 4103212 4105725 4107817 4122758 4127117 4135422 4161185 4162632 4164467 4174756 4175830 4180824 4195558 4215162 4230953 4243441 4260609 4265161 4272629 4274250 4280231 4284749 4306085 4309773 4315189 4318165 4332906 4345836 4352291 4360020 4364864 4366869 4368348 4370896 4381524 4383822 4424135 4426016 4433170 4435499 4439377 4443029 4444706 4449385 4453227 4455215 4457774 4471179 4473722 4476474 4480484 4491459 4494928 4496196 4519601 4525122 4529637 4533323 4535496 4546299 4560650 4568192 4573197 4580073 4598941 4600818 4601738 4608106 4614201 4616463 4621727 4642104 4648013 4652458 4654236 4656438 4659228 4665145 4669245 4672478 4673673 4677256 4682109 4693540 4698977 4706964 4716349 4725528 4742093 4746338 4754003 4771461 4778672 4783853 4788096 4792866 4796938 4809156 4816418 4818438 4820955 4827448 4829174 4839433 4841438 4842523 4850442 4856405 4864839 4866628 4868479 4879462 4884653 4885919 4889172 4898056 4912197 4916360 4921716 4930598 4934076 4943839 4949474 4980511 4982243 4983234 5001198 5002770 5003533 5007076 5023562 5034876 5036929 5042029 5045875 5047684 5050829 5054285 5076718 5083095 5088237 5094199 5098060 5105163 5108235 5116071 5118431 5122977 5132698 5135145 5148940 5151120 5156512 5172803 5180007 5189653 5195775 5196887 5201609 5207429 5237166 5250508 5274829 5277460 5281326 5284293 5294917 5296134 5305136 5310696 5311658 5320814 5323051 5324111 5326674 5331284 5334516 5337582 5342368 5344821 5351728 5359855 5366000 5370340 5383243 5387124 5391035 5394745 5401261 5409143 5410671 5414419 5415790 5434489 5438707 5445680 5451543 5454172 5459218 5466978 5477733 5481658 5491678 5494060 5511130 5512965 5521232 5522446 5527036 5530975 5533002 5537191 5541406 5557832 5560494 5566074 5572953 5580083 5582296 5587844 5593098 5598172 5603028 5605806 5609071 5614586 5625601 5627603 5632855 5635973 5642005 5649040 5656407 5671143 5683015 5696308 5697348 5704501 5712600 5714385 5719715 5725945 5755397 5757086 5758563 5770622 5776943 5779610 5784506 5797415 5814873 5832383 5858222 5862426 5867833 5881157 5890969 5895913 5899366 5902110 5903479 5905255 5909420 5918560 5923267 5925385 5932687 5934402 5949000 5954103 5965126 5968481 5972026 5978052 5981635 5988571 5995639 5998744 6000908 6008609 6010545 6013198 6015289 6020190 6020951 6029884 6032428 6036470 6045139 6048852 6056791 6065203 6066989 6102664 6113966 6117997 6122734 6129034 6131054 6136582 6151953 6160985 6169899 6170763 6174194 6179113 6181612 6186601 6191870 6192758 6202876 6206524 6224571 6235823 6242847 6255202 6261627 6267733 6289996 6296258 6297452 6305869 6315332 6318893 6321103 6327314 6344152 6359662 6375850 6379062 6383362 6388198 6414862 6434467 6438757 6441083 6446506 6448173 6453201 6457063 6459504 6485697 6487997 6492331 6493457 6500707 6503250 6506544 6514682 6518517 6531574 6538723 6550917 6553646 6556122 6559826 6564368 6575060 6580188 6582282 6590589 6596589 6605362 6612692 6623572 6629011 6630640 6634878 6639000 6649882 6657030 6678803 6684318 6692845 6704284 6705875 6713913 6735265 6741699 6748521 6754200 6758736 6770308 6776211 6789010 6790524 6803843 6808725 6816010 6819336 6822334 6851862 6854112 6858849 6860588 6862142 6864295 6878276 6880889 6884991 6897703 6902579 6905040 6919934 6925928 6934352 6938397 6941831 6947825 6964756 6969067 6983422 7000071 7001565 7020640 7028943 7038658 7042299 7050362 7053850 7065634 7068987 7077795 7098091 7102683 7105903 7108906 7110327 7120238 7126445 7136082 7138734 7140446 7148171 7155688 7157239 7169086 7175553 7177328 7191479 7193097 7204381 7206563 7221723 7230393 7236815 7242307 7243521 7255446 7262772 7270635 7274207 7280069 7282721 7285331 7296859 7298926 7304107 7320387 7333544 7340647 7343621 7345246 7351586 7352675 7353763 7360948 7366809 7371817 7381043 7381899 7388518 7395906 7401172 7402811 7404200 7411602 7415737 7421844 7425849 7442336 7445024 7449261 7459239 7467360 7495804 7498524 7505925 7506641 7516945 7529757 7576629 7584054 7586493 7589810 7592283 7594480 7596270 7603634 7613149 7614164 7623835 7631706 7637345 7648566 7652974 7656635 7668234 7673670 7678719 7686462 7691200 7693897 7710586 7712848 7715135 7721904 7727625 7749345 7761515 7775290 7783629 7788559 7802411 7806478 7808855 7816748 7825569 7833338 7847440 7848438 7851936 7871696 7877956 7881139 7882269 7886442 7890010 7898464 7903457 7924824 7927297 7948249 7957000 7970188 7982409 7985795 7988280 7995427 8002939 8011244 8012688 8014401 8017172 8032486 8039098 8055924 8063590 8067339 8070153 8089181 8099292 8112978 8115692 8121190 8124145 8126459 8149870 8157665 8158632 8165201 8166054 8167628 8174246 8175277 8197259 8231653 8248900 8255182 8265355 8280200 8283592 8286428 8291963 8304933 8318086 8319489 8320454 8321560 8322485 8347879 8367442 8369379 8370599 8383091 8385753 8397914 8409046 8411137 8418610 8421226 8428211 8435950 8440427 8441820 8443092 8445527 8450390 8461547 8465449 8472325 8478647 8479823 8488048 8494301 8509500 8546533 8558626 8566442 8576307 8585564 8591702 8597289 8599319 8600520 8603997 8611547 8613877 8618010 8629723 8632219 8639733 8640894 8645998 8649621 8652564 8655152 8657166 8672409 8692587 8699826 8706838 8714021 8718984 8720532 8729376 8732448 8735505 8742449 8749613 8778807 8782183 8791512 8802005 8816931 8839712 8846044 8847617 8849365 8853748 8854541 8875351 8886224 8888077 8892047 8893152 8895963 8904643 8907668 8911280 8916255 8919717 8926626 8929603 8931686 8935926 8938523 8946671 8951777 8962711 8967025 8972349 8979863 8990015 8991669 8992926 8995963 9004215 9005496 9019091 9021103 9033949 9057539 9064951 9074373 9082464 9091050 9092347 9109254 9129381 9133564 9139990 9151997 9158447 9160485 9161865 9165221 9178371 9179453 9181102 9186454 9190778 9196501 9199847 9207292 9235465 9237305 9241507 9252862 9266801 9275816 9277855 9279459 9291107 9296192 9308097 9308875 9317247 9328663 9335543 9340434 9344089 9348018 9358289 9361234 9369375 9375511 9384672 9407368 9413398 9415697 9418382 9420310 9430837 9432118 9433782 9438080 9439239 9441364 9454844 9456456 9458059 9477214 9480599 9484006 9504938 9513668 9516773 9526475 9532395 9535441 9542593 9547698 9548889 9552517 9555520 9566954 9570802 9581922 9586509 9600577 9607430 9614597 9617789 9625355 9628021 9635853 9639488 9640322 9646114 9655245 9663897 9668225 9674535 9695618 9708206 9710215 9711658 9712522 9717360 9718460 9722219 9726324 9752341 9766288 9768093 9804718 9815203 9820152 9827112 9829048 9833591 9837480 9845843 9852391 9853801 9856127 9864466 9866582 9868691 9870491 9879447 9888571 9894914 9896367 9904435 9911695 9914441 9915970 9920508 9930876 9943133 9946126 9947344 9949400 9968429 9977672 9984844 
</Matrix>
<Matrix name="Neuron_67" type="complete" rows="1" columns="2289" multiplier="1.0">
   6101 9520 11513 13087 14805 18815 20763 31719 38372 39623 45365 47690 50107 54912 65874 73417 76672 84117 85868 88278 92961 99047 101757 104499 107867 110334 112122 115376 129792 132185 135690 141402 145306 155293 156818 158473 159964 167152 172511 175528 177217 180926 182261 184645 201625 204314 206568 223071 225668 238468 252258 255837 257806 271842 274003 288287 298951 305709 312987 320581 324416 325722 330736 333596 335603 339169 346053 348926 353288 354263 356502 360460 366454 371399 372229 376747 379033 382802 391823 395823 421736 423486 433608 436079 439857 443057 445417 447244 454148 455867 465810 466646 470385 473326 481550 484532 487953 499565 501933 510715 516608 529511 534702 541883 548083 551155 553014 554784 556571 560175 561944 571957 574598 581155 584754 589235 590294 593245 596401 601255 608058 612245 625023 630266 632779 636854 644636 648913 650007 652387 654295 655204 662366 665631 668530 672420 676360 684015 686664 688216 698708 702868 706292 710933 712362 717152 718831 727062 736198 746110 747298 749141 750500 752317 755555 761292 770076 771449 774049 783599 786936 789965 795018 799317 800557 805112 811338 813418 814473 815568 816667 821301 827487 829310 832367 833964 838340 839771 853718 854442 858279 860917 875678 877381 882296 884731 885988 890051 901139 902029 912925 914288 920101 922843 925575 927148 931284 933640 935428 936855 940074 957867 961369 974369 980645 982411 983513 988980 997018 999629 1003303 1010595 1021729 1028752 1029890 1035834 1039494 1041378 1044081 1053424 1057931 1060413 1062431 1064792 1067324 1070047 1072802 1080525 1082721 1084817 1086609 1088314 1091781 1094374 1096061 1106905 1112520 1120459 1121992 1125207 1126713 1129431 1141514 1143780 1149185 1152050 1153556 1157885 1162456 1172363 1173732 1175185 1177843 1179891 1184964 1197645 1200744 1202534 1204765 1206100 1209642 1213375 1217069 1218341 1227110 1230780 1232848 1238430 1240589 1241957 1243494 1248181 1250502 1256832 1261257 1262456 1264348 1266166 1273296 1278804 1280443 1286562 1289446 1290954 1296039 1303883 1304609 1306260 1308870 1311325 1312412 1319466 1322569 1324599 1327459 1331347 1332979 1337344 1340973 1341833 1343602 1348111 1352127 1353918 1356418 1362210 1364885 1368508 1369212 1372236 1373378 1375925 1380451 1382306 1386576 1387762 1392124 1399291 1409093 1415403 1416769 1420809 1425989 1430787 1435618 1438026 1444394 1447753 1450589 1461835 1465124 1470169 1477033 1482536 1484706 1488458 1489876 1490916 1496871 1502719 1507710 1518307 1520203 1523564 1524533 1531402 1533687 1539872 1543513 1545034 1546352 1548050 1549477 1551433 1554985 1561983 1576494 1579148 1580198 1581958 1582975 1590356 1595783 1603941 1608328 1609560 1617697 1618950 1619919 1626375 1630756 1638265 1641907 1645083 1646687 1655249 1656946 1658808 1660230 1666026 1669550 1673518 1681438 1685940 1687328 1694636 1697577 1700716 1703230 1711271 1715411 1718355 1721788 1723057 1727084 1728162 1729935 1733914 1737561 1738583 1740426 1743732 1770019 1772736 1776912 1779387 1786581 1791052 1795420 1801462 1805513 1808611 1810776 1814772 1825119 1826993 1829526 1831745 1833404 1835855 1839940 1845511 1849725 1851739 1855531 1861685 1864054 1865648 1869015 1873569 1875281 1877639 1892427 1896691 1898822 1909171 1914138 1921435 1924399 1932334 1940426 1943094 1947798 1955216 1960984 1967479 1968762 1970328 1975671 1978474 1982250 1983830 1991030 2003168 2006086 2015115 2018494 2020281 2025728 2031615 2042702 2044177 2045267 2046576 2048026 2049265 2053668 2056729 2060083 2073276 2075889 2080565 2082182 2084036 2096722 2098237 2102605 2111608 2113795 2116733 2120323 2127358 2131101 2133214 2134342 2138194 2140562 2142620 2143861 2146712 2151059 2152111 2160111 2162558 2170685 2172143 2174935 2176081 2180795 2187265 2190741 2191884 2197237 2208938 2214758 2216877 2218721 2220123 2223549 2228673 2233791 2236084 2245202 2258016 2260137 2265108 2266275 2271353 2272934 2279561 2282824 2284677 2287594 2289608 2292402 2299597 2301401 2306027 2307402 2309573 2316939 2319442 2321279 2324596 2326881 2332449 2334486 2336590 2342899 2344596 2350094 2353468 2355648 2359588 2363421 2366820 2369494 2378439 2383581 2385980 2391049 2394480 2396319 2403982 2414078 2419769 2421602 2425454 2429394 2432139 2435019 2438214 2446491 2449576 2450672 2454052 2461807 2462605 2463939 2466246 2468923 2474083 2476676 2481404 2484862 2487759 2492564 2500008 2501437 2503434 2504949 2506523 2509231 2513178 2516109 2519781 2523490 2525096 2527715 2533068 2534800 2536619 2537706 2539734 2543201 2545769 2550891 2560375 2563964 2565092 2567025 2568785 2571392 2572365 2575448 2579187 2585283 2587573 2590683 2595245 2597186 2598857 2600289 2601655 2603254 2604212 2605800 2606627 2608351 2619342 2622641 2624144 2632383 2636731 2640112 2642998 2652346 2654147 2659752 2665839 2668127 2669729 2671967 2674552 2685140 2686165 2687461 2692043 2695121 2710502 2714571 2716520 2722205 2731733 2740426 2743851 2746726 2750130 2753544 2755220 2757636 2759400 2764221 2766732 2772548 2775682 2780511 2782540 2783891 2796804 2804094 2808875 2812321 2816050 2818581 2821518 2842540 2845148 2850848 2852875 2858339 2863377 2865317 2870644 2877818 2880096 2886190 2892784 2894220 2905438 2922842 2926510 2928551 2935415 2941701 2945664 2947196 2948513 2958102 2966587 2970742 2974145 2978982 2986311 2987804 2990533 2992465 2997350 2999972 3001965 3007288 3009046 3016094 3021423 3025157 3031241 3052833 3055756 3062661 3067502 3075106 3080557 3083982 3090927 3093430 3095741 3098607 3103338 3104575 3105377 3111742 3113587 3115458 3116490 3117806 3123111 3130081 3132105 3133434 3137175 3138248 3143949 3146968 3149546 3151040 3153397 3157735 3161379 3165194 3167857 3174250 3176915 3184983 3186301 3188340 3191787 3196276 3203928 3211787 3222221 3223798 3230751 3233603 3235237 3238831 3244594 3250142 3252758 3254540 3262235 3264440 3277629 3278799 3280953 3283473 3289120 3290664 3294470 3299454 3301733 3306069 3308415 3315569 3317166 3319508 3328600 3332303 3334489 3336073 3337313 3338380 3345852 3347693 3349854 3356118 3357571 3359639 3370394 3378004 3383068 3384964 3390016 3392084 3395736 3396557 3398813 3400130 3402552 3405571 3410285 3411598 3414580 3418347 3420802 3422321 3425714 3431839 3433134 3445621 3448083 3452276 3453646 3460314 3467615 3468338 3472908 3479570 3487665 3491097 3503230 3508203 3510214 3511870 3514010 3523200 3525812 3529521 3536145 3537350 3541218 3542186 3545606 3553551 3556719 3560457 3561510 3562763 3568006 3571219 3587507 3589105 3589870 3592227 3594058 3603555 3610435 3611613 3617521 3619750 3625151 3631236 3632545 3634200 3636885 3638407 3641270 3644172 3648958 3652535 3654756 3658857 3660874 3663391 3669886 3679733 3693498 3695335 3698265 3705076 3711721 3717325 3719741 3723663 3729447 3731163 3734393 3735329 3746115 3752227 3755758 3759647 3761137 3764218 3766634 3767992 3777801 3778987 3785159 3790436 3798076 3801567 3811753 3814693 3820074 3827044 3830305 3840000 3841999 3848510 3853200 3856015 3857490 3858638 3859751 3865190 3867280 3869084 3878747 3884206 3887450 3888270 3896688 3901110 3902254 3906659 3907859 3915869 3919741 3923855 3927824 3929759 3934050 3935175 3939564 3949725 3960839 3963615 3979203 3988185 3992104 3993617 3995551 3997181 3999168 4001140 4002927 4012157 4013950 4017161 4019288 4022111 4023637 4030813 4041156 4044513 4048641 4050916 4064070 4069349 4104879 4105393 4108518 4110102 4112176 4121026 4124694 4127839 4137908 4143844 4146217 4151919 4156170 4160423 4161667 4169375 4176743 4183494 4188381 4192838 4194857 4200685 4205680 4208855 4210680 4215477 4216883 4218030 4225807 4226757 4239696 4243682 4245529 4250450 4251606 4258306 4274406 4276736 4277718 4280514 4286312 4290921 4293882 4297209 4306725 4310552 4318317 4319422 4320965 4325221 4326422 4331726 4335392 4337151 4338122 4341695 4344657 4347318 4349649 4352040 4358100 4362778 4373134 4375607 4379567 4380739 4383446 4389814 4392007 4397809 4402872 4404952 4406914 4409344 4416984 4421063 4423033 4424491 4426747 4428778 4430860 4439568 4440656 4447547 4449296 4454426 4457948 4462265 4465730 4467113 4471784 4473063 4479637 4486796 4495216 4497773 4505814 4507337 4513054 4514311 4515687 4522427 4524258 4526619 4527740 4528982 4542928 4548311 4554063 4555160 4557722 4558839 4560616 4565590 4571047 4574120 4586030 4587568 4590108 4593046 4594253 4595191 4597663 4606153 4610003 4615833 4620839 4621515 4622543 4628863 4633697 4641543 4644976 4645918 4647922 4658665 4673221 4676036 4677222 4686279 4688101 4690922 4691968 4696129 4699888 4703413 4704500 4711207 4715495 4718263 4720326 4722402 4735415 4737031 4740692 4742445 4743899 4746984 4748463 4750219 4756763 4760087 4763085 4769631 4776535 4783169 4784836 4786368 4787647 4790865 4792918 4796025 4805361 4809889 4813910 4821599 4824231 4827222 4832477 4835015 4837037 4839033 4853898 4862965 4864373 4875610 4882145 4890474 4891753 4896547 4897960 4901404 4907779 4908898 4911346 4918314 4922928 4928721 4929506 4933578 4940404 4945641 4947521 4949016 4952964 4957996 4960199 4966294 4974433 4979526 4983058 4984137 4989885 4996851 4998235 5001749 5004416 5013055 5015851 5024124 5025110 5027777 5028656 5029671 5030717 5031617 5036322 5037468 5042283 5047360 5049795 5053488 5058078 5070563 5072364 5081117 5087546 5098776 5100042 5105927 5107392 5110015 5114878 5115910 5122164 5126720 5138434 5140583 5145515 5146543 5150700 5157581 5158731 5162424 5169373 5175394 5176773 5180559 5186711 5192199 5193252 5196816 5201825 5206582 5208794 5211037 5225020 5230836 5232020 5237246 5238367 5248247 5254811 5272148 5276573 5277806 5279809 5295719 5299605 5303784 5304971 5312493 5314552 5319038 5328059 5330451 5333187 5336064 5338502 5343816 5346151 5351572 5354193 5375818 5378022 5380418 5385009 5395016 5401743 5405999 5412163 5415049 5421666 5424625 5426878 5428427 5430156 5437879 5441756 5443917 5448065 5449741 5451371 5457046 5464903 5470402 5472926 5476520 5477395 5490251 5502726 5507579 5509123 5513251 5523285 5525266 5539007 5540761 5545375 5551131 5552933 5558473 5559786 5560677 5563250 5567710 5571568 5576923 5578561 5583170 5590483 5592599 5594277 5604391 5606014 5618445 5621603 5623788 5631964 5633605 5640164 5642139 5646613 5653549 5666339 5667578 5668765 5669864 5689347 5692111 5693366 5694125 5696680 5709860 5713265 5718278 5723421 5724393 5727548 5736045 5737271 5740461 5741837 5742955 5745402 5751672 5755858 5760921 5765740 5767027 5777007 5784126 5788732 5790996 5798311 5800720 5801852 5809280 5811182 5813433 5825692 5827268 5832641 5843632 5844887 5849181 5856287 5859005 5861233 5866778 5869042 5870788 5873195 5875624 5879606 5883841 5886534 5887808 5888715 5895549 5898232 5906224 5910813 5923014 5937216 5939570 5954268 5955886 5963742 5966365 5978388 5979964 5980845 5983354 5985448 5990567 5995663 5997969 6000952 6002921 6009754 6020998 6029178 6033494 6038727 6040874 6043360 6045237 6050662 6053131 6054524 6059004 6059934 6062509 6068354 6072245 6073541 6075425 6076913 6081406 6083538 6088318 6089741 6099415 6103221 6105617 6110689 6121983 6126263 6136700 6139563 6146291 6148271 6153053 6160277 6168658 6183821 6188790 6196204 6209779 6210995 6223410 6232930 6240275 6246158 6251137 6253568 6254763 6257163 6259196 6263052 6268407 6274205 6279133 6280690 6281861 6284222 6285612 6288262 6290256 6294055 6298720 6305429 6311766 6314674 6317628 6319168 6324940 6337819 6339502 6340979 6344948 6356217 6372282 6375043 6375846 6378842 6379901 6383738 6388618 6390531 6392095 6395882 6399023 6403122 6410495 6416336 6418399 6424846 6431515 6432636 6440036 6445990 6448404 6451334 6454129 6458953 6460159 6462481 6474472 6481175 6483524 6486800 6488287 6489294 6493646 6497538 6500676 6504213 6507676 6517392 6525469 6527721 6529197 6531529 6532751 6534184 6544732 6546274 6550853 6553543 6555646 6559069 6560419 6564322 6571835 6572749 6581777 6585656 6591349 6592038 6595007 6599471 6610121 6614451 6618424 6621492 6623017 6634831 6636927 6643040 6649061 6650137 6658177 6660458 6662798 6667821 6672785 6695978 6699541 6703447 6704779 6710949 6715510 6718845 6720527 6732387 6734110 6737309 6741816 6743628 6748595 6753206 6759916 6764548 6769684 6777545 6781252 6789415 6791454 6792852 6794564 6804057 6809921 6812009 6816007 6826404 6830260 6833947 6836724 6844813 6846258 6859634 6861615 6869014 6873898 6877579 6879840 6892027 6895863 6900203 6904818 6907286 6910801 6912994 6914257 6919582 6920799 6923109 6930170 6933985 6940386 6944241 6955544 6957059 6959087 6959750 6960513 6964822 6965893 6970714 6974112 6976808 6983783 6988315 6990751 6991885 6999257 7002668 7005464 7010480 7015078 7018919 7020931 7022496 7030398 7032692 7034728 7038040 7042085 7045866 7054122 7057253 7059901 7061948 7066317 7067860 7069801 7077351 7085335 7088015 7089734 7093776 7099003 7102479 7104998 7106028 7107678 7109545 7110661 7114468 7115611 7117795 7118747 7123478 7138373 7142280 7148089 7149715 7159081 7163372 7168484 7172554 7173807 7177188 7183406 7186792 7188397 7190085 7191188 7197379 7199862 7212311 7214917 7226415 7228175 7234193 7235556 7237016 7240550 7241851 7244413 7253569 7257144 7258342 7259799 7270178 7270753 7274296 7285188 7308848 7311550 7312765 7318495 7321085 7321851 7326593 7330678 7332508 7333585 7335518 7338141 7340810 7341934 7344188 7345268 7353515 7355904 7370639 7374293 7381991 7387499 7389640 7394636 7396865 7403189 7405459 7409505 7410625 7413803 7419035 7425285 7426246 7438970 7440479 7449984 7453287 7454510 7457211 7458911 7462326 7471461 7478806 7488768 7490821 7493306 7494206 7499848 7501876 7502819 7507975 7514064 7516828 7524077 7525454 7530229 7532493 7555673 7558176 7561187 7567730 7570065 7572963 7575422 7578836 7585987 7591384 7593248 7595202 7596557 7597845 7601090 7604613 7608956 7609597 7615636 7624051 7631803 7633093 7636888 7641587 7645646 7647837 7649430 7656309 7670358 7672088 7673547 7674289 7677908 7684866 7691288 7695251 7701027 7711618 7712697 7715124 7717474 7720420 7721234 7722168 7725330 7731401 7742309 7748082 7751815 7757761 7763642 7766308 7769455 7778783 7788952 7796404 7807451 7810173 7822613 7836296 7838993 7839995 7842470 7846256 7847542 7850667 7853130 7855730 7858970 7865831 7877750 7879785 7882755 7886771 7899201 7900412 7904412 7907367 7910430 7914300 7916994 7918195 7920133 7921278 7924219 7928295 7929415 7931440 7937115 7938481 7942201 7955619 7958736 7964097 7965809 7973668 7975989 7979088 7980636 7983766 7992675 8006133 8008719 8023030 8027535 8033059 8035128 8037165 8039466 8040306 8041968 8046878 8049213 8051301 8053503 8065206 8067460 8069178 8071346 8074995 8078584 8080939 8084545 8089206 8093771 8102409 8109973 8112867 8117228 8121352 8124083 8125178 8127106 8128638 8133136 8137197 8141228 8146749 8151852 8153627 8156629 8158750 8160550 8163005 8168464 8171022 8178665 8180695 8185355 8196346 8202062 8206416 8210005 8211452 8212867 8216411 8218469 8219443 8220447 8222468 8228383 8229255 8234377 8235292 8237266 8240711 8242402 8243656 8245266 8246544 8255173 8258133 8260392 8262505 8271633 8273349 8276032 8277279 8279570 8280232 8282649 8285875 8289801 8291298 8293131 8294208 8309422 8317570 8323942 8328093 8330171 8332736 8336019 8338060 8340781 8348647 8359945 8362785 8366233 8367815 8370918 8371760 8377167 8386482 8390261 8394916 8401584 8410020 8411695 8412633 8414922 8418859 8423526 8428808 8444039 8448730 8452577 8455165 8461377 8467790 8469118 8474571 8479483 8482836 8485871 8494059 8501825 8511123 8514292 8523994 8528649 8537639 8538886 8544116 8547165 8549937 8552141 8558543 8562844 8564221 8565386 8566441 8568968 8570738 8572257 8574218 8582441 8589003 8593097 8600304 8602348 8615727 8625334 8640115 8644447 8650149 8653236 8664013 8667041 8671739 8673171 8679155 8681212 8687415 8697993 8713122 8715803 8726838 8729619 8737391 8741084 8743225 8747013 8749023 8752779 8757544 8759159 8777697 8779256 8782421 8783431 8787832 8793042 8795781 8797355 8800122 8808895 8811828 8813581 8821463 8824436 8826000 8835195 8837562 8840779 8842631 8846543 8850283 8856008 8857983 8859900 8863978 8865420 8870132 8874961 8886996 8891186 8894167 8902320 8905128 8907135 8911270 8919975 8928390 8931187 8933022 8934457 8937933 8943247 8954904 8956083 8961152 8962070 8963862 8964647 8971273 8978686 8982647 8990223 8996056 8999008 9000576 9007993 9008971 9013761 9016864 9022037 9023346 9030206 9035333 9044466 9048675 9051078 9054629 9056188 9059005 9067025 9068432 9084069 9086259 9088777 9089736 9091023 9095997 9099137 9105590 9110056 9110774 9113979 9115833 9117532 9118503 9120619 9126861 9129917 9131160 9138806 9150550 9152256 9153664 9163061 9173875 9179942 9190578 9191732 9193702 9196399 9197577 9203150 9205573 9211467 9213091 9218368 9219858 9224130 9230210 9236900 9241363 9242866 9250863 9258377 9262435 9264367 9266947 9277110 9283095 9285986 9287750 9295027 9296471 9299249 9301240 9308433 9311116 9316039 9322133 9334738 9340438 9344453 9353411 9356668 9365956 9367893 9368688 9371126 9374024 9385769 9388033 9401858 9403688 9404577 9406636 9411682 9420557 9421651 9422992 9424411 9435391 9437271 9442618 9448342 9451862 9456077 9457388 9461835 9468842 9471775 9480200 9482181 9485276 9489908 9493841 9499660 9505605 9513510 9516351 9524644 9533059 9538904 9540251 9544938 9546963 9551020 9552431 9554318 9558885 9563526 9568829 9570436 9576221 9578477 9580434 9585975 9589164 9592431 9599052 9603905 9611640 9614654 9616121 9617767 9621364 9624744 9629401 9633670 9641118 9643141 9645427 9646423 9655211 9660212 9662109 9665227 9669169 9676407 9680917 9681626 9692212 9695988 9696954 9701245 9702805 9706964 9712430 9713589 9719889 9725935 9727115 9729131 9730456 9736018 9744992 9746933 9753186 9756535 9761832 9768121 9772416 9778471 9780298 9782874 9787336 9790623 9793056 9795812 9798024 9809719 9814565 9819300 9823400 9828470 9833548 9835452 9841919 9845293 9858247 9860697 9862958 9867231 9869841 9871400 9872236 9879239 9882399 9888648 9889413 9906269 9908740 9915966 9923368 9927263 9929928 9931401 9933662 9939185 9943106 9947436 9950141 9951715 9956450 9958017 9967512 9972386 9973379 9975888 9985619 9988389 9989673 9991013 9993076 9994192 9996357 9999031 
</Matrix>
<Matrix name="Neuron_71" type="complete" rows="1" columns="180" multiplier="1.0">
   184872 214738 262356 266523 295154 311881 379790 387142 433000 624317 768748 798977 891205 986958 1100367 1104415 1166412 1230032 1272274 1298643 1317069 1321593 1340890 1354283 1392347 1440061 1485402 1533979 1555463 1581383 1639597 1703918 1707223 1795421 1911123 1947950 1969244 2011244 2037151 2149679 2156143 2179828 2274016 2333703 2437511 2442796 2451117 2461212 2509696 2546091 2651325 2701266 2818025 2819883 2849594 2876271 3103761 3115486 3145534 3156987 3169436 3246764 3297148 3313384 3453543 3478522 3495684 3504788 3508926 3558426 3734333 3754290 3891731 3953343 4076632 4107444 4134587 4233259 4259413 4263331 4359816 4407356 4504201 4534785 4549633 4559964 4594152 4731206 4740454 4865501 4872213 5073569 5087125 5113400 5116399 5167759 5197335 5232297 5254824 5432791 5471219 5526953 5626249 5691085 5787497 5810473 6024697 6070430 6074892 6231901 6253999 6536728 6579944 6604533 6714984 6741977 6766446 6781365 6796044 6824287 6832503 6868694 6929185 7020842 7129575 7135932 7162649 7198262 7266868 7301390 7325415 7329451 7366141 7436167 7495132 7554457 7616298 7669152 7791611 7836779 7873302 7877276 7881407 7910822 7914303 7918682 7926743 7943686 7993065 8036473 8155121 8197631 8371760 8394386 8482590 8523323 8606120 8623310 8643070 8676948 8733275 8747386 8815245 8842146 8855351 9107476 9129576 9243956 9447852 9527106 9547263 9593105 9614348 9634927 9707248 9738515 9745103 9750419 9772093 9798885 
</Matrix>
<Matrix name="Neuron_74" type="complete" rows="1" columns="2882" multiplier="1.0">
   1055 5070 13658 17630 18473 19256 31593 35487 39580 44506 45818 47970 49588 50599 54758 60648 63898 65286 66806 68890 70775 76632 78319 83127 84727 86723 91908 98556 99369 105020 124527 132389 135280 140654 144643 145562 155462 157249 163034 166632 168403 169752 171239 175010 177313 179007 182436 183165 188684 192752 194647 205205 206293 208944 211197 216513 218257 227450 228843 230146 232924 234715 235860 236868 248035 249099 254360 257150 261180 262776 265527 266983 269003 270508 272775 274679 278843 285462 288397 298446 301678 310350 312426 315144 321118 325366 328766 333878 341043 341908 345936 349509 352880 354156 355469 356825 358090 361132 362222 364928 369060 372797 378540 384334 386503 388431 392521 394146 400124 400893 405880 408510 411465 413972 418680 422943 427131 428765 430678 432845 436523 439946 441976 443544 445865 447380 452115 454350 462627 463705 466000 468781 477573 479740 480860 484961 485768 488497 497757 499121 506314 508171 510825 511926 513497 518502 519190 523253 527069 535028 536752 538863 541054 542903 550077 552879 554535 561860 562998 564310 568674 570361 574737 582560 583525 590654 592036 596897 599840 610341 613938 615146 618209 623095 630841 632201 635231 639235 640677 644464 645571 648742 652702 653554 654987 656887 659982 663108 665412 668995 673118 676397 681956 689690 691305 693077 694452 696145 701929 715254 720711 725932 733760 736740 739168 740761 742429 748278 750360 754637 765305 768221 773353 774824 783498 785236 786009 802543 804310 806472 809307 810740 811777 813282 818028 823905 827622 830574 835041 836042 838528 839996 845252 848076 849796 852457 857352 858524 861942 864424 866503 869275 873979 877299 880902 890600 893359 894577 896158 902228 906167 914282 918121 921693 923491 925034 930117 931723 935210 937444 939526 940627 945821 952142 958137 960955 963322 965177 968798 970968 974316 975666 976535 978441 983945 986301 987844 989506 991136 993161 996840 998261 999747 1001280 1002570 1016878 1018966 1025879 1027440 1029184 1031409 1039077 1040232 1042468 1046812 1050066 1056490 1064193 1067215 1070604 1075937 1077079 1078144 1079646 1083108 1085082 1090942 1093302 1094643 1097076 1099321 1100635 1103272 1109545 1111887 1114847 1117355 1118712 1121633 1129651 1130508 1134649 1141676 1145792 1150435 1151838 1153075 1153934 1155554 1160892 1162929 1168142 1176148 1182660 1184964 1196196 1199510 1205089 1208368 1209891 1212718 1219332 1220200 1224678 1225454 1228592 1231929 1235108 1242298 1243727 1249581 1253918 1256159 1265501 1266655 1270632 1271717 1276512 1279289 1282840 1284793 1289495 1290810 1292813 1297338 1301055 1302325 1303829 1306774 1307742 1309746 1310799 1314477 1316809 1318966 1321679 1323712 1327417 1332099 1337070 1338285 1344894 1347637 1348921 1351389 1352526 1358478 1359702 1361537 1363061 1364467 1365752 1368401 1370272 1372356 1374377 1375679 1395699 1400686 1403240 1406196 1407462 1412571 1416059 1418458 1420652 1423219 1426299 1427947 1430710 1435648 1436338 1440186 1443528 1444746 1445992 1457053 1460814 1464833 1467628 1470898 1472297 1474983 1475836 1478780 1480229 1485058 1489350 1491111 1492689 1494626 1496920 1508189 1511825 1514586 1518671 1527603 1529718 1532037 1533395 1535738 1539282 1545700 1546899 1548095 1552904 1553972 1555363 1560430 1561679 1563225 1565426 1568067 1571062 1572978 1575268 1578047 1579540 1581232 1583598 1591640 1596317 1600107 1602520 1609639 1613692 1615171 1622576 1624086 1626141 1627204 1634753 1636709 1641985 1643570 1645982 1648396 1652128 1653459 1659283 1675526 1677276 1678799 1680934 1683275 1692849 1700813 1702893 1705684 1708395 1710704 1711663 1718478 1724801 1726734 1731715 1732777 1734482 1735898 1739444 1745626 1747043 1751945 1757163 1758192 1764513 1772515 1775091 1779752 1780680 1782115 1782883 1786409 1793425 1794497 1795672 1799658 1803438 1805404 1808313 1814184 1821298 1822393 1825744 1828565 1829686 1832370 1834917 1839571 1840965 1843016 1854694 1857338 1863345 1876305 1877213 1878336 1880516 1886812 1890040 1893799 1896156 1901055 1908375 1909820 1914390 1915823 1916530 1928390 1930866 1942580 1943562 1952759 1955822 1958556 1959741 1963365 1975520 1986252 1990602 2000340 2004784 2006343 2008453 2009876 2015452 2018504 2021004 2025705 2026964 2034807 2036587 2038157 2039364 2043769 2046708 2050956 2052217 2058583 2059401 2063264 2069180 2072475 2073857 2078195 2079377 2081520 2083277 2088670 2090902 2094513 2096694 2103321 2105478 2109321 2110549 2112346 2113244 2114682 2115727 2121140 2123416 2127565 2129226 2133476 2136271 2143461 2148278 2155555 2158202 2166993 2168742 2171925 2179460 2194548 2199116 2202176 2205617 2210493 2213121 2214540 2215978 2216705 2218964 2226127 2227583 2230154 2232557 2237743 2238984 2240820 2243473 2245840 2247333 2255825 2256977 2261146 2263751 2265057 2274353 2275064 2280526 2285135 2288249 2289820 2299054 2303018 2308586 2313886 2315695 2318280 2319711 2326089 2329289 2331634 2333565 2335270 2336910 2344441 2363237 2365029 2368974 2374041 2374934 2379061 2380323 2385868 2388059 2391567 2404784 2406054 2409991 2414034 2416238 2417444 2418690 2419613 2430107 2433117 2440772 2442595 2445848 2452480 2454112 2456084 2459584 2464088 2468971 2472226 2474642 2476038 2478316 2486294 2489207 2490645 2494255 2498168 2501515 2503135 2507991 2511224 2513411 2517404 2518618 2530463 2540110 2542660 2546503 2552537 2553514 2557274 2560944 2562007 2569658 2571528 2574668 2576043 2581567 2583568 2588335 2590717 2591843 2594673 2595824 2600263 2601144 2606634 2608744 2609861 2612575 2613733 2617176 2625544 2626985 2634246 2640637 2643005 2645122 2646225 2648930 2657711 2664939 2667844 2669160 2672343 2674286 2679212 2681702 2687367 2690522 2694323 2699660 2706107 2710208 2713409 2717811 2719269 2722178 2723455 2727970 2729373 2733523 2737852 2739262 2748774 2750471 2757127 2757879 2762738 2764751 2770887 2773547 2775615 2778165 2781922 2783654 2786341 2788038 2790394 2792488 2796163 2798355 2799282 2801489 2807490 2810092 2811280 2815918 2824150 2826435 2829786 2831654 2835062 2836439 2837486 2842097 2845435 2847146 2851826 2854365 2861390 2862921 2863959 2864804 2866765 2868896 2870348 2873413 2884417 2888223 2892617 2894453 2903201 2904141 2912159 2913382 2916032 2923815 2927418 2934339 2937238 2952662 2955607 2960132 2963973 2965425 2967509 2970089 2973715 2974527 2978088 2985374 2988371 2995026 3004055 3007380 3009221 3010692 3012381 3014996 3018752 3020281 3032636 3038313 3039174 3040399 3050371 3052458 3055136 3055961 3060129 3066576 3069352 3072897 3077171 3078019 3084993 3086512 3091285 3092394 3094629 3101891 3103274 3104968 3111465 3112455 3114373 3119792 3126538 3133255 3134819 3141229 3143821 3148183 3151609 3153554 3156016 3158517 3164327 3165223 3168739 3169617 3171730 3174330 3177268 3180010 3181739 3192632 3195524 3199098 3201707 3202950 3205970 3212745 3216528 3218834 3221870 3228336 3229768 3232972 3238446 3239599 3244018 3252051 3261483 3266406 3270822 3274917 3276173 3277770 3283921 3287556 3291422 3292435 3295236 3299298 3301626 3303388 3306844 3308588 3312802 3315367 3316200 3317917 3324858 3326140 3330316 3332387 3334292 3336862 3344070 3346529 3350405 3353327 3356266 3357641 3359290 3360025 3362207 3363302 3364674 3367080 3372356 3387280 3389716 3392569 3396713 3398704 3401126 3402798 3405048 3408197 3411279 3416818 3419769 3422760 3431303 3434470 3436264 3439970 3444575 3445926 3448585 3451382 3454437 3457228 3459225 3465603 3471140 3475599 3481390 3483719 3487447 3493066 3501505 3503870 3511585 3512769 3514260 3518329 3520365 3525133 3526647 3527847 3530652 3541381 3543696 3545051 3548597 3554316 3559403 3564922 3566654 3568131 3569545 3571647 3573257 3574618 3575729 3581105 3582162 3584692 3587152 3589696 3591525 3594629 3597989 3604243 3609021 3610614 3611956 3612745 3620448 3624195 3628751 3629723 3631106 3632715 3634603 3641024 3642583 3644415 3649393 3653119 3656894 3658411 3663655 3667511 3668869 3672013 3675287 3677731 3679885 3684173 3685104 3687506 3696728 3698134 3702510 3705405 3709613 3710584 3712414 3714443 3716044 3717761 3724171 3728168 3731051 3732913 3734419 3736270 3739525 3741747 3742871 3743957 3744792 3748904 3754351 3756416 3758194 3768003 3771453 3777805 3780284 3781269 3786622 3788562 3791361 3794760 3797081 3803480 3805236 3806373 3808957 3812651 3814236 3815016 3820137 3822500 3825636 3827003 3831376 3833718 3838046 3838876 3840739 3844346 3848636 3855274 3856651 3857618 3860431 3863700 3864653 3866257 3867829 3872782 3875011 3879069 3880396 3881192 3888080 3890091 3895408 3899626 3902455 3906471 3909910 3919924 3921691 3923309 3924549 3927951 3930970 3950575 3953795 3956555 3961347 3964631 3968612 3973000 3974334 3975289 3976670 3978300 3979534 3981731 3985206 3987970 3997782 4002023 4005441 4006863 4009047 4012678 4019011 4022028 4025946 4039791 4042066 4049230 4050985 4052842 4055095 4060634 4063749 4065012 4067167 4069104 4070910 4075062 4076304 4078613 4080013 4085672 4089268 4094137 4097154 4100611 4101973 4103629 4107758 4115231 4118165 4122309 4128516 4135090 4143022 4148887 4150169 4153347 4154837 4157022 4158777 4162334 4167250 4170789 4173134 4177847 4181848 4182710 4184226 4191866 4194226 4195739 4204850 4210019 4213534 4215366 4216232 4218449 4221142 4222934 4224178 4225312 4226704 4229472 4231700 4234695 4236563 4237739 4239574 4258492 4260723 4267936 4270116 4273888 4274820 4276684 4279394 4281074 4285897 4292872 4294812 4301861 4304670 4312494 4315409 4326327 4330076 4337462 4341694 4344216 4347422 4350403 4355588 4356837 4361304 4363326 4373987 4375989 4377490 4380841 4383298 4384470 4385994 4387975 4390182 4394414 4396136 4401286 4402687 4408649 4410199 4416394 4418021 4421509 4425642 4426663 4436736 4438476 4440475 4443450 4444860 4453073 4454257 4455584 4460538 4463342 4464763 4467411 4469495 4473857 4474994 4477005 4478870 4483120 4484615 4486615 4487363 4489688 4492545 4495421 4499136 4501974 4503511 4504636 4507153 4509177 4515774 4517685 4524459 4526126 4530614 4533940 4540462 4543607 4544571 4545584 4550091 4552153 4553476 4563670 4565273 4568514 4572241 4573434 4574597 4580630 4585563 4589587 4591090 4594065 4597103 4599248 4602051 4603834 4604927 4606644 4609200 4612840 4613402 4614500 4620803 4622732 4626010 4626896 4628559 4629777 4634540 4636313 4637857 4641035 4642716 4646022 4646941 4649815 4652623 4655444 4658853 4662057 4663346 4666506 4679264 4681029 4683826 4687742 4690836 4691927 4693592 4695350 4696407 4699336 4705642 4710429 4714648 4716735 4720794 4725527 4728595 4730089 4731257 4732415 4733362 4734707 4743355 4744172 4746997 4748961 4754178 4757106 4758095 4759818 4761871 4765738 4772526 4774367 4776630 4778780 4781417 4787894 4791945 4792841 4794808 4799025 4804072 4806264 4809802 4811426 4813017 4817666 4830063 4834737 4840251 4845712 4848721 4849655 4851675 4853079 4856631 4860263 4863225 4871556 4873541 4875289 4876631 4879410 4883064 4884804 4893828 4895098 4899838 4902351 4906763 4911925 4913752 4918431 4920212 4921495 4930108 4936718 4942052 4946625 4952114 4953356 4955065 4957956 4962961 4978737 4980389 4983896 4990031 4991559 4997594 5001055 5003059 5005118 5006821 5012131 5015924 5022768 5026440 5028757 5029928 5031788 5032992 5033895 5037036 5045814 5047755 5050882 5054961 5058213 5058995 5062870 5065425 5066573 5072393 5073608 5075950 5081763 5082669 5085178 5087682 5092461 5096574 5101279 5102145 5106114 5109525 5111718 5113717 5117301 5118624 5123364 5126069 5131316 5134492 5136223 5139008 5142463 5143854 5149704 5152180 5161281 5166353 5167979 5170805 5172440 5174233 5177580 5181764 5183849 5188142 5189200 5199347 5201473 5202657 5205865 5206813 5210168 5211621 5212826 5218925 5220181 5222406 5223222 5226336 5229799 5237682 5240517 5242459 5244274 5250463 5253040 5257897 5262415 5264487 5270144 5270934 5275796 5284843 5286616 5296883 5299697 5312666 5317060 5318127 5321567 5323214 5327470 5329160 5343525 5356564 5358048 5362337 5367463 5370005 5372397 5377598 5380926 5382533 5387094 5388175 5395439 5399324 5402796 5405631 5407183 5408323 5415903 5417466 5420178 5420839 5427302 5429313 5431582 5437130 5444765 5449748 5453300 5458035 5464247 5468927 5472752 5476052 5480540 5482460 5484169 5485856 5499761 5504453 5505549 5510083 5516654 5518002 5524068 5527026 5528196 5529426 5532334 5534061 5536807 5546265 5559057 5560749 5567434 5569732 5576479 5578340 5580368 5584611 5585664 5590400 5593500 5595814 5598499 5601749 5606172 5609424 5610802 5612604 5615703 5616979 5621424 5625011 5626844 5629097 5632401 5634578 5635806 5637001 5644538 5646692 5650325 5658140 5667925 5676025 5678617 5681661 5684543 5686961 5688787 5697985 5699852 5706350 5707834 5712913 5734247 5737071 5740012 5741654 5745010 5749125 5750626 5751759 5754009 5758569 5765722 5769623 5773773 5775505 5779388 5780904 5784943 5788931 5790798 5792329 5795634 5796945 5801531 5803455 5804911 5806088 5812846 5820018 5826529 5829435 5831926 5841893 5844966 5846376 5847858 5849403 5851240 5853101 5856295 5859810 5861855 5864433 5865496 5866785 5868702 5879283 5882860 5883766 5885858 5888289 5890165 5892229 5894308 5897746 5901613 5905027 5908875 5909821 5912657 5918484 5920846 5922878 5924374 5925936 5932417 5935759 5940970 5945920 5949885 5951575 5954867 5961795 5963088 5964705 5965596 5968029 5969095 5973838 5977833 5982399 5983996 5991206 5994193 5997516 5999036 6000750 6002819 6010857 6011899 6017520 6019165 6019928 6020852 6022608 6024944 6027016 6028317 6029429 6031268 6032371 6033465 6035375 6036402 6040978 6043552 6046463 6048116 6051878 6055175 6066710 6073113 6075180 6086168 6090278 6091056 6092201 6096205 6097506 6101976 6102852 6105124 6107567 6109590 6122149 6124174 6126148 6133459 6134484 6137085 6138948 6142678 6145780 6148873 6157668 6164973 6166813 6167742 6171865 6174282 6176379 6177913 6179522 6187426 6196406 6198335 6206361 6207999 6210204 6212306 6212934 6213605 6219200 6221046 6231390 6235466 6236541 6241938 6245758 6247166 6247950 6250091 6257250 6259667 6262396 6271068 6271725 6276403 6278450 6279824 6283841 6287504 6290378 6297211 6302597 6304331 6306466 6308538 6309449 6314534 6315417 6316575 6321677 6329110 6330125 6332681 6333590 6334796 6336783 6341588 6344185 6345605 6347005 6348236 6353395 6355478 6364569 6365506 6370026 6380973 6383033 6386523 6393667 6399750 6404380 6405424 6406325 6408013 6409177 6413303 6415166 6418496 6423430 6428306 6430290 6433334 6436941 6437515 6441204 6445095 6458558 6461103 6462698 6465853 6467451 6468407 6479481 6480957 6488297 6492346 6493403 6494818 6502519 6509816 6510935 6512973 6514775 6516987 6519535 6521833 6523333 6524666 6526536 6527897 6534468 6540257 6541979 6542794 6544657 6547597 6550613 6553538 6555147 6564582 6566435 6574117 6577541 6578895 6583262 6587724 6589119 6594557 6595257 6602960 6609892 6610711 6612587 6616262 6619141 6622334 6627495 6628665 6629680 6632205 6638653 6639642 6642068 6652012 6653205 6655936 6659298 6661031 6663015 6664085 6665071 6667845 6671851 6677191 6679730 6685624 6687235 6691117 6694913 6701473 6705670 6707865 6711211 6714126 6715728 6717217 6719021 6720201 6723823 6726502 6732815 6734803 6739808 6747084 6748337 6752887 6755827 6764268 6766136 6770385 6776991 6778235 6780832 6784224 6785564 6786894 6794717 6797942 6801160 6807427 6810783 6812978 6815373 6817919 6819310 6820978 6822727 6824999 6826202 6829463 6830526 6843982 6846189 6852888 6855095 6860483 6870860 6872316 6875103 6877933 6882748 6884029 6888497 6890462 6897384 6904331 6908875 6913690 6915352 6918576 6920674 6924308 6926307 6930228 6943089 6945086 6951292 6962206 6963617 6964687 6967806 6968886 6970223 6973028 6976907 6980731 6985820 6992968 7003404 7006968 7011138 7016663 7018664 7019643 7024259 7029312 7035032 7037263 7040533 7041493 7051816 7056319 7057212 7058806 7060566 7061557 7063304 7067192 7070512 7073231 7074645 7075954 7078703 7085567 7086580 7088362 7089604 7090365 7093314 7096228 7097402 7100663 7103176 7109143 7121115 7122261 7123555 7125779 7130710 7131839 7132989 7139140 7141215 7142287 7143301 7148355 7152850 7154129 7155950 7157052 7162802 7165840 7172500 7177282 7178612 7181455 7182911 7186982 7188988 7192405 7194364 7207263 7211264 7213082 7216306 7218616 7219836 7223105 7232277 7235672 7238257 7243041 7244139 7247019 7249160 7257180 7258158 7263291 7267753 7271858 7273099 7274885 7280317 7282912 7284788 7287722 7290156 7294726 7297598 7302400 7303311 7305498 7309422 7311146 7312272 7314421 7317456 7322892 7324816 7326820 7330326 7331270 7335193 7345206 7350075 7352856 7356506 7358298 7359350 7366054 7369621 7371361 7374754 7377861 7380608 7382369 7388352 7391142 7392410 7395796 7396880 7402908 7403763 7406747 7416129 7418646 7424102 7425376 7430602 7441308 7444657 7445554 7457623 7458462 7460327 7461817 7466892 7477478 7480381 7486342 7487306 7488409 7490673 7494243 7495260 7496259 7499680 7501156 7501825 7503648 7508005 7509523 7510836 7516244 7519915 7520574 7522179 7523118 7525467 7526217 7531436 7534233 7537749 7550766 7553607 7556129 7561933 7565028 7566515 7567591 7569258 7571240 7572751 7579531 7581916 7584542 7589589 7592546 7595038 7596216 7597825 7599152 7600557 7604320 7605432 7607929 7609935 7613841 7616159 7617308 7619214 7624248 7629788 7631513 7633992 7637558 7638655 7640531 7645050 7646228 7650036 7651057 7652976 7654801 7656499 7659355 7662780 7665605 7669070 7670604 7676098 7692098 7696531 7701090 7707817 7709327 7711977 7714028 7717116 7721182 7724326 7725427 7733012 7738476 7743423 7750726 7753990 7758603 7760041 7768568 7769540 7779207 7781177 7782104 7783844 7785226 7788982 7792413 7794455 7799061 7800185 7806280 7808012 7813960 7816566 7819023 7820440 7823422 7825017 7828188 7834039 7836491 7837907 7843480 7846419 7849199 7851039 7851989 7855347 7856239 7856991 7861254 7863736 7865734 7872427 7876371 7877733 7880082 7882599 7884215 7888264 7889108 7890560 7891993 7892702 7894576 7896644 7901425 7907937 7912342 7913829 7916687 7919392 7920371 7921822 7923631 7926983 7931073 7937916 7941271 7943478 7944533 7946222 7950838 7955749 7958026 7959727 7962252 7963975 7967641 7970575 7974173 7975512 7977575 7979857 7985507 7986603 7988517 7997320 7999261 8004595 8005665 8012134 8013435 8016308 8020757 8021863 8024797 8026134 8028345 8030228 8035970 8036768 8040865 8043162 8045317 8048838 8053915 8056470 8073415 8074287 8075124 8077398 8082646 8084506 8086183 8089118 8089777 8093101 8096203 8098229 8102403 8103677 8108136 8120406 8126557 8127478 8128797 8130364 8131958 8135790 8137722 8140920 8152620 8156336 8157706 8162192 8165967 8176914 8178378 8179990 8187993 8190916 8194286 8200397 8202781 8210713 8212628 8215738 8221509 8226816 8232598 8234778 8238227 8241687 8245153 8247042 8249391 8251351 8253940 8256284 8258338 8267242 8270533 8275245 8281790 8284922 8286199 8291091 8296937 8305771 8308171 8312456 8316605 8319634 8326896 8327710 8334375 8336884 8338323 8339453 8343126 8344209 8345480 8348561 8351707 8353382 8356184 8359000 8362239 8365632 8367937 8372412 8374592 8378604 8380722 8382945 8384300 8386129 8387804 8394308 8405260 8413137 8419033 8420018 8421280 8425675 8430034 8433020 8434615 8435864 8437872 8441202 8444784 8448605 8452617 8454357 8456581 8459513 8461245 8462621 8464912 8467492 8470640 8473894 8476457 8479253 8481324 8483789 8486311 8487447 8489500 8490612 8492295 8498379 8503064 8504690 8508321 8509898 8512808 8513784 8515578 8517394 8519565 8523593 8528189 8531779 8534787 8538968 8541747 8543187 8545265 8546989 8548347 8549654 8556001 8557174 8558041 8559547 8562864 8564807 8566825 8569592 8573126 8574696 8580884 8581731 8589620 8592617 8593906 8600276 8603525 8607668 8609133 8611422 8613921 8614753 8615933 8616807 8620814 8624414 8626147 8630196 8639040 8641455 8644514 8651873 8654922 8656739 8658258 8660515 8662560 8669991 8671462 8674915 8681455 8689916 8707280 8709809 8712697 8716353 8717699 8721442 8722719 8734201 8738725 8741906 8743509 8745245 8747297 8748671 8753786 8755276 8767057 8771660 8776529 8779095 8780058 8782055 8785329 8795916 8796951 8799200 8804060 8806479 8807915 8809509 8814915 8824171 8825125 8826872 8830029 8831049 8837356 8841797 8846379 8859398 8861821 8863726 8865203 8866831 8880243 8887670 8888367 8891515 8896818 8898370 8900053 8904844 8906131 8914357 8917753 8923302 8925638 8926529 8928497 8936378 8944017 8945606 8946529 8950353 8951904 8956326 8958616 8960682 8964934 8967886 8970350 8973265 8976133 8982028 8983400 8986639 8988073 8991326 8996898 8998340 9005157 9008826 9011305 9015232 9017324 9018255 9022236 9022982 9029092 9030598 9032419 9034074 9037424 9040285 9043652 9050096 9051668 9052309 9055317 9057069 9058655 9067983 9068903 9075861 9078890 9079930 9082789 9090838 9091659 9097441 9103380 9107459 9109196 9110531 9113323 9115197 9116238 9119889 9124883 9125759 9129197 9133022 9137054 9140916 9143478 9154020 9155029 9159166 9160875 9163092 9165045 9166326 9168770 9171153 9179027 9184838 9185879 9189820 9194156 9196438 9203815 9207082 9209459 9215260 9218105 9228449 9229421 9231620 9234035 9235295 9243067 9244580 9245941 9249197 9254527 9259520 9260480 9261565 9262353 9264882 9267111 9270630 9274758 9276697 9279063 9281262 9282995 9287458 9294302 9295644 9301633 9308141 9310472 9314174 9319098 9320659 9321683 9324501 9331511 9338781 9351916 9354285 9359665 9362014 9366189 9367671 9368801 9376034 9377955 9380826 9382711 9385060 9391115 9397688 9399284 9401456 9412533 9414800 9415950 9418700 9424211 9425275 9426247 9428892 9429932 9439464 9442471 9450357 9452847 9458679 9460512 9462412 9465286 9468204 9471513 9475754 9477886 9482786 9484278 9486548 9488638 9490753 9495639 9497209 9498543 9508865 9513071 9515859 9522512 9525336 9527390 9529098 9530518 9532283 9537687 9541633 9549189 9549771 9553027 9564262 9566334 9567612 9572281 9577942 9587365 9590214 9592778 9593969 9597865 9603180 9603962 9607696 9608576 9611501 9614154 9615900 9617086 9627836 9629886 9633294 9637067 9639125 9640228 9641047 9652820 9656495 9657718 9659963 9666016 9675744 9677117 9678577 9679903 9680810 9682908 9685305 9687651 9694474 9698880 9705106 9707630 9708830 9709846 9713572 9714846 9724508 9727878 9730225 9733549 9737248 9740824 9742326 9747421 9748721 9752623 9753543 9759542 9764667 9768461 9771278 9775568 9782517 9787132 9788992 9792577 9794242 9796606 9799677 9803452 9805034 9807391 9810216 9815176 9817438 9818774 9822174 9826508 9828608 9831248 9833138 9837536 9839491 9842081 9849581 9853115 9854488 9855586 9857461 9857982 9862022 9863371 9868348 9870310 9875077 9879539 9881461 9882739 9889032 9893143 9897260 9902172 9906838 9909953 9917045 9921678 9923759 9927232 9930192 9932155 9935046 9938509 9941560 9943043 9946356 9947575 9951379 9955863 9957344 9958790 9960395 9961376 9963341 9966932 9972098 9976253 9978112 9982179 9983756 9985249 9988803 9990407 9996895 9999783 
</Matrix>
<Matrix name="Neuron_97" type="complete" rows="1" columns="2378" multiplier="1.0">
   4738 6539 17781 19129 24690 38093 43811 47057 50008 52187 54158 56242 59316 60214 63322 67508 68816 72647 74622 81637 82760 83937 85302 89042 97235 102453 113679 114838 119657 123340 124603 128969 139605 143163 145412 149175 150880 152708 158508 164422 166000 167662 176313 178829 183956 190775 192189 197389 200899 203158 204781 207399 209556 212176 213993 214935 216917 218505 223417 224281 225898 228375 229336 230854 232986 237396 241687 244604 246902 249568 256257 261577 264741 276178 282978 289666 291096 296571 300132 305137 309798 313770 319910 321447 322853 327050 328319 331212 335128 336744 338938 342254 347613 348531 350267 355967 357031 357951 361539 371641 372662 375085 379931 383762 385931 396119 399477 402261 404914 406848 420638 423867 425924 429134 432564 437513 438914 440308 442173 445204 455099 456395 463218 464672 470460 473705 474999 476393 482304 487633 492952 494163 495618 504531 508183 509679 511201 511847 521169 522737 527836 531171 539954 541820 544059 555434 557350 562497 564120 567451 570188 571154 575172 576624 582807 585374 586941 590597 592467 594584 596330 601697 604257 610838 612027 613125 615373 619037 622722 627129 628287 648680 652374 657942 660650 662529 667305 670142 672551 676598 678153 690375 692743 696017 703192 707563 715816 717159 718553 719628 721648 722334 725371 728862 744401 752076 756512 760323 771344 774916 777956 781132 783083 784403 790327 793282 797690 799091 806431 818682 824372 838668 847223 849053 853358 855582 857054 858033 863330 872209 874084 875732 880103 883291 884107 885503 887090 889955 892847 895290 898977 900253 902433 903712 904773 908094 911113 912461 913307 915389 919962 921441 923106 925591 936085 939382 956837 965741 969780 973368 983595 985760 990492 995023 998594 1005880 1012280 1014356 1016917 1031458 1045411 1048744 1050867 1054832 1058047 1059035 1061365 1071075 1073363 1078339 1083555 1091200 1097888 1103747 1104992 1106007 1108883 1114981 1116538 1122016 1124691 1133642 1137971 1144759 1145844 1161708 1163040 1166051 1171964 1174750 1183595 1188147 1190507 1192267 1193400 1194333 1197573 1220897 1225104 1233446 1234344 1236138 1237901 1238934 1240989 1242441 1247028 1248389 1251805 1255794 1258308 1262698 1265448 1267048 1275293 1283139 1285536 1287410 1288826 1299191 1304999 1308536 1315443 1326828 1333023 1339362 1342172 1346039 1366206 1372895 1377181 1382066 1382838 1385954 1388555 1392588 1396172 1397617 1400077 1405730 1408075 1409781 1411900 1414167 1420192 1422782 1426403 1432418 1437576 1442400 1444318 1445116 1445941 1446812 1458257 1460736 1462222 1468348 1476511 1477597 1493039 1495544 1499466 1504945 1506957 1513026 1527654 1531971 1536760 1537591 1539232 1541097 1545935 1550774 1552663 1553614 1558616 1562341 1564800 1570640 1571353 1574522 1576070 1577799 1580011 1583037 1589139 1590352 1594669 1595918 1608678 1609780 1611510 1614814 1615430 1617377 1620162 1623407 1626279 1631604 1632805 1637325 1640906 1647129 1654921 1658950 1661828 1663347 1665996 1670390 1677441 1687176 1690261 1692498 1698147 1701222 1704778 1707245 1711328 1714977 1718148 1722426 1724143 1729078 1733183 1735727 1738106 1740782 1742850 1743652 1744468 1750278 1759398 1760992 1761954 1763155 1764998 1767582 1771057 1775420 1791210 1792170 1793899 1800189 1802528 1809581 1810766 1812231 1815864 1823634 1838166 1839299 1843773 1846222 1849013 1850139 1852925 1859118 1860198 1866030 1878513 1886350 1887960 1890922 1892618 1896804 1900809 1901776 1906610 1917643 1922384 1926688 1929413 1933251 1943561 1944310 1954360 1958510 1962863 1967855 1970871 1972583 1974687 1984237 1986960 1990051 1992963 1994224 2000163 2001050 2006032 2006932 2009524 2012765 2013911 2016282 2017985 2020173 2021946 2026041 2033273 2034961 2050150 2052423 2058591 2061527 2075423 2077660 2086157 2086861 2093389 2095725 2103724 2106652 2113277 2115033 2118021 2120749 2127789 2135221 2138063 2138980 2146397 2147969 2149502 2151497 2159835 2161865 2164316 2168833 2171815 2173773 2179418 2188546 2192417 2193530 2199455 2205466 2207602 2212336 2213739 2217066 2218306 2220943 2228840 2231544 2233522 2234720 2238917 2242874 2245915 2247327 2253379 2256695 2262400 2275504 2282092 2286583 2290437 2295967 2301284 2304368 2306163 2307928 2317158 2326764 2342373 2344601 2346199 2355429 2356373 2363529 2370418 2371355 2372217 2377690 2380636 2382805 2383809 2391202 2393970 2399554 2400860 2406605 2410384 2413918 2415158 2418487 2420404 2422329 2426047 2429343 2434628 2435959 2437853 2442388 2446990 2451537 2454865 2461099 2465336 2467863 2474104 2477279 2486269 2488808 2493919 2497942 2501116 2507237 2515753 2519618 2522144 2527908 2530587 2532374 2534275 2535779 2541117 2552213 2559967 2561017 2562153 2567809 2571433 2576253 2580779 2584949 2586041 2587722 2589256 2594836 2596456 2598396 2603346 2605300 2606790 2608689 2610646 2614679 2615814 2618531 2622162 2623632 2631995 2635648 2643055 2650260 2653895 2654561 2663029 2668343 2669912 2674814 2676826 2681943 2687734 2689298 2692492 2694857 2700836 2702502 2706317 2708464 2717909 2723180 2725428 2727034 2730842 2738633 2744907 2751451 2758561 2766081 2767364 2772762 2776228 2779263 2783382 2786999 2789261 2790420 2797809 2798503 2803898 2813134 2815800 2816752 2819185 2821538 2823301 2826964 2829990 2835323 2847334 2850371 2853781 2861986 2864840 2871839 2875600 2878042 2882928 2884463 2886379 2892229 2895496 2901048 2906233 2910142 2913276 2920264 2924918 2928848 2947257 2950475 2952264 2957414 2959761 2962895 2968017 2972852 2974511 2978814 2983098 2983805 2985600 2998706 3005095 3006308 3010217 3023762 3027235 3028621 3036113 3051882 3054349 3063093 3067452 3069609 3076579 3078487 3080628 3082423 3091028 3096303 3099731 3105207 3107792 3110517 3117978 3119906 3121665 3128205 3136920 3141294 3142535 3143986 3145885 3147786 3152947 3160032 3162321 3171167 3176803 3178786 3179683 3181010 3185311 3190397 3192005 3200978 3201699 3209525 3213009 3216779 3220444 3221516 3230994 3232704 3234096 3239773 3249319 3254549 3255896 3272763 3274399 3281082 3285906 3288807 3289434 3293893 3298481 3302666 3304315 3309250 3310528 3311871 3323471 3326847 3337131 3339105 3341631 3345576 3348612 3351793 3353778 3363838 3364949 3366377 3370423 3374464 3386310 3388734 3394973 3396512 3397714 3406789 3415251 3426414 3430404 3438811 3443116 3449900 3452867 3453509 3463020 3465841 3475227 3480214 3484333 3488161 3495810 3498204 3499561 3501499 3515614 3517614 3527321 3528634 3533832 3537244 3539205 3544913 3555489 3556800 3558631 3564370 3565859 3573349 3577457 3578410 3580516 3582100 3583857 3589125 3591797 3598446 3600527 3605447 3610561 3612508 3622911 3628755 3631199 3634235 3635294 3642379 3645122 3647718 3649057 3651741 3655730 3664706 3667281 3668659 3671645 3673917 3678900 3681285 3686538 3705931 3709404 3712994 3719935 3721829 3727606 3729306 3732348 3733951 3739741 3742910 3746574 3750675 3752311 3761164 3766652 3767848 3775277 3777078 3781231 3782348 3784376 3789584 3791152 3793663 3794677 3796946 3803899 3808536 3813263 3818241 3826618 3833479 3834574 3837713 3839344 3845370 3853546 3859662 3868250 3869389 3870863 3872186 3879383 3881220 3882168 3883537 3884505 3886168 3890984 3896771 3899256 3900739 3902575 3907087 3909724 3910906 3916768 3917891 3918922 3920008 3927055 3929597 3931744 3933635 3940097 3953968 3962702 3968881 3973441 3979962 3981130 3984833 3986345 3991239 3993043 3994480 3997391 4006051 4010220 4019651 4021697 4024107 4033186 4034649 4037899 4040530 4043690 4048774 4051250 4070718 4072280 4075069 4078001 4079587 4083232 4090882 4094921 4095657 4097531 4108069 4110981 4117846 4122939 4124779 4128854 4134219 4135229 4136448 4141884 4146018 4146758 4149158 4150093 4160635 4170047 4177631 4180170 4180855 4182262 4184386 4185976 4187521 4188978 4190336 4192234 4195892 4197356 4201686 4203902 4212530 4213656 4218688 4219408 4221579 4224099 4230308 4234299 4239272 4247006 4252008 4254347 4256621 4259905 4261862 4262942 4266539 4271244 4273866 4278140 4281986 4285287 4290429 4295037 4301852 4303852 4307438 4312529 4315651 4319974 4322409 4324113 4329221 4330214 4332739 4346491 4347631 4357255 4360694 4362287 4368059 4376947 4379566 4381085 4388627 4389878 4391084 4395855 4406858 4409080 4412409 4418646 4420547 4423086 4426367 4428748 4431408 4434907 4438476 4447798 4449659 4452753 4453872 4456632 4472924 4474602 4476017 4479762 4485447 4490334 4493874 4500558 4503603 4504595 4513373 4515093 4522515 4524107 4528554 4533030 4536537 4541078 4549976 4551064 4554671 4558290 4564617 4566397 4568849 4570151 4572545 4574530 4587874 4595791 4598268 4602866 4606589 4611389 4613929 4622708 4641482 4642637 4649096 4649940 4652250 4653847 4658840 4661987 4663342 4665312 4668658 4672071 4675288 4677488 4685621 4687270 4695743 4699318 4705030 4706459 4715928 4718417 4729217 4730808 4734967 4737476 4741973 4744932 4746193 4758422 4760465 4761597 4764978 4766709 4769935 4773713 4775519 4777672 4780904 4787886 4791235 4795099 4799130 4805229 4806686 4808548 4821884 4824130 4830219 4837264 4841200 4843609 4846598 4847719 4849724 4851710 4853168 4854442 4858397 4870209 4875736 4879869 4884039 4888757 4903483 4905983 4914039 4921162 4934684 4937854 4941011 4942362 4945330 4947316 4954973 4956217 4958566 4963003 4964008 4965521 4968786 4971910 4975750 4976623 4979204 4994174 4999136 5002564 5005993 5007435 5009894 5012625 5015291 5017211 5026011 5027679 5029304 5030864 5032791 5037040 5040985 5047310 5049984 5059757 5062873 5069516 5079704 5094887 5098774 5100820 5102064 5105143 5108336 5109301 5110717 5113838 5122110 5124519 5125813 5141548 5143366 5156529 5171215 5177382 5178553 5182463 5193984 5199175 5202282 5207848 5216099 5222147 5227414 5234079 5238565 5242721 5245651 5249614 5255439 5263988 5269698 5272082 5273404 5282200 5291663 5303400 5306565 5308267 5314569 5317260 5319421 5323650 5341464 5344326 5347419 5349602 5352571 5356565 5358310 5359958 5364656 5367899 5375705 5386122 5387432 5389799 5392176 5393098 5395469 5397665 5402248 5406598 5412251 5413735 5417350 5421650 5423269 5429272 5431853 5434883 5438475 5441750 5449340 5452209 5455076 5461007 5462781 5464105 5467210 5483348 5487049 5491405 5492469 5496223 5505069 5506444 5518695 5524565 5526984 5532345 5535349 5543125 5545573 5547864 5551718 5553814 5559650 5568997 5582510 5586352 5588637 5592469 5599243 5609002 5612244 5614278 5618928 5622775 5630091 5637012 5648856 5653876 5655481 5656439 5659007 5660011 5662139 5671909 5677067 5678949 5685872 5694491 5702237 5709973 5712530 5715700 5716872 5720129 5721912 5724670 5729173 5730027 5733840 5734778 5746871 5753683 5770538 5776149 5778428 5784741 5788775 5790050 5792404 5797622 5799996 5800920 5803428 5807966 5811890 5818244 5818878 5826161 5828980 5831024 5832014 5833669 5835449 5840269 5842924 5845544 5850156 5855511 5867255 5873378 5880333 5884250 5886845 5888721 5891393 5903742 5905465 5909049 5910219 5911384 5913781 5917489 5919695 5920582 5924267 5928263 5932340 5945758 5948599 5951222 5954863 5956829 5961163 5964422 5965817 5967797 5973022 5976681 5980704 5990020 5998042 6008479 6011984 6013435 6019623 6025600 6029198 6030458 6036167 6039010 6041752 6043212 6046685 6060268 6063510 6067389 6070973 6079375 6081691 6083446 6085935 6087290 6095561 6098235 6100990 6103780 6107420 6110432 6111367 6112920 6115875 6119930 6123559 6129304 6133063 6137402 6143167 6146283 6148836 6154270 6156946 6159180 6164784 6166805 6168658 6175137 6177692 6178919 6181932 6187451 6191705 6196618 6197770 6200146 6201042 6202298 6204271 6205486 6210268 6215529 6224007 6228502 6229460 6238526 6244596 6246300 6247005 6249182 6253370 6265508 6268473 6271442 6274218 6276222 6281067 6282580 6284322 6291978 6295597 6296799 6304894 6306478 6307530 6312680 6316662 6317664 6332621 6338952 6340654 6350396 6352647 6357240 6360499 6362551 6367002 6367961 6372926 6379629 6384967 6386153 6388492 6394403 6395444 6398816 6404605 6407627 6411542 6413702 6415854 6420678 6428415 6429431 6435154 6436790 6438599 6440977 6450924 6452522 6455299 6458978 6464025 6466801 6481669 6484642 6491009 6493915 6495220 6497722 6500709 6502041 6513859 6515514 6517667 6523607 6527961 6534101 6535000 6538066 6546884 6549009 6550445 6568355 6570470 6571891 6573989 6584488 6588594 6592752 6603793 6609785 6612088 6614867 6616885 6619480 6622119 6624188 6630715 6637239 6640557 6644168 6657390 6658413 6669596 6671568 6674373 6682191 6696494 6698685 6701206 6702676 6704474 6705342 6720298 6726395 6731316 6738473 6743706 6745061 6745797 6752257 6756016 6757088 6759537 6762075 6763147 6765517 6770410 6771900 6773094 6793956 6796996 6800537 6804016 6805114 6806428 6810965 6813286 6816323 6826797 6830154 6831296 6836468 6839125 6840318 6843923 6846258 6854934 6859237 6871425 6874728 6880168 6890787 6900719 6904686 6911148 6915887 6932210 6933225 6936238 6938369 6940175 6944584 6952242 6955147 6957013 6959920 6971723 6987359 6989993 6995445 6997899 7000933 7003304 7004164 7011217 7015866 7029401 7033353 7035050 7039751 7042506 7045081 7047424 7053189 7055042 7056294 7059425 7065480 7067506 7078143 7081715 7088939 7092440 7094548 7097350 7098988 7105160 7110629 7114997 7118957 7122014 7130244 7133529 7135171 7136523 7140867 7142068 7153756 7167600 7168857 7179326 7184063 7184796 7188186 7190950 7192104 7194085 7197641 7199582 7201398 7203775 7206092 7209228 7218913 7224294 7225852 7227581 7231545 7239763 7242553 7245220 7250116 7254924 7257536 7259589 7260771 7263706 7267642 7270970 7275917 7280587 7287571 7290169 7293947 7295870 7297095 7310772 7314368 7315728 7320213 7322633 7326973 7328957 7337112 7341346 7346989 7349386 7354819 7356380 7359689 7360699 7362117 7363437 7367439 7369425 7370969 7380423 7388734 7389635 7392601 7395412 7396337 7409020 7411691 7413898 7417785 7422890 7424620 7429324 7432377 7437785 7440136 7452257 7458122 7459819 7461213 7463803 7466451 7469139 7476581 7477917 7482967 7484517 7486241 7488492 7489870 7493308 7494010 7495777 7497169 7499766 7501956 7509423 7510853 7525486 7530652 7532846 7534097 7535571 7537939 7548905 7552662 7557027 7558137 7567054 7569559 7571055 7574031 7581620 7588945 7595383 7597409 7599403 7604083 7606031 7611306 7615005 7616667 7619928 7633087 7637149 7640192 7643065 7645874 7647321 7653889 7656301 7659752 7662395 7666422 7667175 7668644 7670196 7678163 7679769 7683264 7685687 7688424 7694752 7698267 7704843 7706352 7708044 7711032 7712636 7713932 7715807 7721295 7728180 7730736 7731699 7733980 7736618 7739617 7751561 7755662 7758229 7759577 7761641 7766911 7770367 7774300 7775775 7779481 7781394 7783702 7792453 7797603 7808439 7809269 7813500 7819185 7820221 7825448 7831262 7832374 7836391 7838260 7842955 7844157 7851564 7860233 7866914 7871827 7882243 7888061 7889700 7893701 7896540 7898798 7901541 7902458 7904915 7910972 7914383 7916919 7921694 7930194 7932017 7937523 7939828 7940767 7942920 7944330 7949090 7951950 7954785 7957043 7958602 7961260 7964833 7966858 7967929 7973262 7974778 7979003 7987467 8006678 8013829 8018487 8023927 8026970 8035620 8038539 8039747 8043463 8048514 8060933 8061875 8064842 8068286 8084679 8089747 8093460 8101796 8103859 8117402 8121149 8124157 8126411 8130397 8135716 8142584 8149479 8152090 8155052 8158836 8160701 8166026 8169794 8171373 8177835 8190443 8195209 8196943 8198411 8200737 8202180 8207802 8208909 8212543 8219785 8221188 8222193 8223763 8224534 8230824 8231755 8240767 8241816 8242925 8248136 8251633 8253423 8263076 8264460 8265425 8273041 8275379 8279079 8294706 8309365 8312242 8321571 8328282 8330697 8335218 8341645 8343945 8347055 8352214 8354106 8355665 8359938 8362499 8369152 8373174 8378470 8383154 8390919 8395207 8398513 8399735 8401932 8404056 8407777 8412505 8415897 8418783 8419631 8421465 8430631 8433087 8434832 8442114 8446984 8448112 8459798 8461297 8463218 8464100 8464994 8466851 8468662 8471055 8472020 8474536 8480784 8482006 8483886 8486910 8491066 8492443 8495245 8504396 8506879 8509221 8514929 8522977 8525491 8527487 8530788 8534670 8537473 8545192 8548852 8549549 8551442 8553598 8558155 8559535 8562479 8566292 8572993 8583910 8591233 8592888 8597957 8602048 8605039 8609120 8611865 8622464 8623897 8625413 8635108 8639851 8643373 8654456 8655561 8660966 8663512 8666342 8669058 8673664 8677233 8680123 8683182 8684722 8689291 8691665 8692516 8697168 8705253 8706704 8718663 8721508 8723650 8728315 8734251 8747536 8748767 8755254 8762224 8764018 8765536 8767267 8768141 8771688 8773033 8774898 8776763 8781508 8784848 8787195 8789009 8795717 8797336 8800873 8804173 8807388 8810341 8814578 8821858 8826203 8832120 8835153 8838712 8850151 8852682 8854106 8859277 8866611 8874951 8875934 8877029 8879199 8880109 8881697 8885433 8887289 8889672 8891417 8892723 8896433 8897551 8903268 8905743 8908200 8909346 8912458 8916422 8920895 8922479 8923858 8928727 8934704 8938893 8947830 8949980 8952887 8955311 8969499 8984000 8993632 8995972 8999454 9007239 9008741 9010423 9014268 9019871 9021833 9026791 9042258 9046050 9055198 9065934 9068966 9069879 9073455 9074328 9075945 9080465 9083631 9086731 9093286 9100572 9102644 9103630 9113832 9115917 9116796 9126922 9130082 9131536 9140778 9143568 9147626 9150398 9158364 9159514 9163097 9164227 9165465 9171004 9178629 9182266 9191722 9195554 9196903 9201786 9203591 9206653 9210069 9213118 9219611 9232283 9234178 9235705 9237518 9239918 9250281 9252609 9258185 9263719 9272783 9282427 9288293 9289508 9295452 9296668 9299115 9300849 9301637 9307367 9316254 9321092 9323692 9328847 9332438 9333706 9336308 9338177 9341586 9342456 9346069 9349291 9357049 9364609 9370331 9372515 9375213 9376732 9387565 9391201 9395687 9399396 9403211 9405586 9406495 9412617 9417088 9419137 9424543 9432989 9434867 9437865 9439149 9442220 9445092 9447675 9456693 9463649 9469330 9471331 9478829 9482226 9484649 9488801 9491148 9496413 9515140 9516947 9532901 9536836 9538488 9540315 9541900 9546099 9551029 9552622 9555033 9558405 9561733 9563296 9567432 9569927 9574205 9575295 9576491 9577209 9577948 9579771 9583237 9589220 9591214 9596578 9600366 9603396 9611592 9624815 9631628 9633097 9639542 9641945 9647746 9650249 9652291 9660805 9668116 9669486 9671527 9673805 9679409 9684215 9685676 9699582 9705924 9707211 9714732 9719151 9722108 9724081 9724786 9725784 9727569 9729004 9734807 9738686 9740914 9741545 9744831 9747024 9750386 9752382 9755530 9757174 9758496 9763822 9770316 9778956 9786477 9790866 9793554 9798629 9803876 9809432 9812682 9814814 9822520 9823828 9831228 9832403 9833500 9837468 9841921 9844116 9850264 9853859 9855161 9859140 9863219 9866740 9867390 9871255 9874507 9875656 9880335 9882553 9888341 9896427 9905768 9913878 9919249 9926063 9929843 9941108 9944879 9954506 9955989 9958283 9959797 9964258 9968347 9970715 9974581 9981227 9983157 9985868 9990478 9993649 9997158 
</Matrix>
<Matrix name="vertexTypeMap" type="complete" rows="1" columns="100" multiplier="1.0">
   2 2 1 2 2 2 2 2 2 2 2 2 2 2 2 2 2 2 2 2 2 2 2 2 2 1 2 2 1 2 2 2 1 2 2 2 2 2 2 2 2 2 2 2 2 2 2 2 2 2 2 2 2 2 2 1 2 2 1 2 2 2 1 2 2 2 2 2 2 2 2 2 2 2 2 2 2 2 2 2 2 2 2 2 2 1 2 2 1 2 2 2 1 2 2 2 2 2 2 2 
</Matrix>
<Matrix name="x_Location" type="complete" rows="1" columns="100" multiplier="1.0">
   0 1 2 3 4 5 6 7 8 9 0 1 2 3 4 5 6 7 8 9 0 1 2 3 4 5 6 7 8 9 0 1 2 3 4 5 6 7 8 9 0 1 2 3 4 5 6 7 8 9 0 1 2 3 4 5 6 7 8 9 0 1 2 3 4 5 6 7 8 9 0 1 2 3 4 5 6 7 8 9 0 1 2 3 4 5 6 7 8 9 0 1 2 3 4 5 6 7 8 9 
</Matrix>
<Matrix name="y_Location" type="complete" rows="1" columns="100" multiplier="1.0">
   0 0 0 0 0 0 0 0 0 0 1 1 1 1 1 1 1 1 1 1 2 2 2 2 2 2 2 2 2 2 3 3 3 3 3 3 3 3 3 3 4 4 4 4 4 4 4 4 4 4 5 5 5 5 5 5 5 5 5 5 6 6 6 6 6 6 6 6 6 6 7 7 7 7 7 7 7 7 7 7 8 8 8 8 8 8 8 8 8 8 9 9 9 9 9 9 9 9 9 9 
</Matrix>
