<?xml version="1.0" standalone="no"?>
<Matrix name="Neuron_7" type="complete" rows="1" columns="193" multiplier="1.0">
   11902 52292 53451 63973 78448 82829 111929 118193 144364 146173 151620 160934 172451 173669 178985 189478 198367 238259 244969 247897 251983 259101 263427 284759 286726 303839 307740 327249 339669 356729 365354 384960 392774 400925 419829 457679 459941 483562 496015 506706 517466 528563 541076 541886 544372 568051 585394 599499 611888 617331 627664 630188 639852 644093 646691 656815 668556 674233 695240 704735 727176 751323 761886 768528 774997 788493 791460 794812 800246 802247 805565 822540 850928 860129 881428 891820 900160 902245 906503 910702 923977 936955 941005 943556 948023 956993 974852 991887 999037 1000704 1006802 1040341 1045646 1054174 1066682 1078242 1079501 1099978 1102674 1109245 1110949 1112242 1119645 1124536 1131000 1139375 1146904 1150525 1159985 1171720 1184119 1185983 1188622 1197785 1207025 1218251 1224786 1226426 1228097 1231567 1239676 1254163 1255771 1257163 1259821 1270554 1278287 1285599 1292220 1294490 1301912 1304508 1325507 1328816 1334504 1347475 1350404 1354524 1370285 1372218 1393614 1404534 1405695 1416356 1419338 1438881 1454736 1456710 1457709 1461123 1471986 1481505 1484456 1497409 1499198 1504226 1511098 1522224 1531552 1539595 1545476 1549400 1557623 1578175 1586667 1604911 1623682 1625708 1635793 1640321 1646316 1650319 1663760 1669238 1677236 1714172 1723014 1724791 1726705 1750746 1763984 1781775 1801200 1818573 1842155 1854627 1879944 1887566 1919954 1923100 1924136 1962147 1983835 
</Matrix>
<Matrix name="Neuron_17" type="complete" rows="1" columns="1134" multiplier="1.0">
   804 1382 3367 4988 6342 7747 8550 9336 11948 13279 14911 15960 17456 18463 19607 20330 21283 25486 27462 29422 31963 34349 35443 39294 40553 42719 43635 44667 46088 47594 49333 50603 52415 53855 54908 56360 57684 59161 61062 62367 63559 65585 67942 69162 70222 70875 72621 74157 75455 77084 78038 80205 81506 83635 85168 86479 87890 89545 91039 93496 97320 98876 100725 102685 104875 105878 106676 107314 109790 111114 113777 114996 116106 117152 117868 119423 122106 124689 126124 126703 128002 128676 129790 133264 134045 135717 138191 140389 141966 143579 145708 146646 148927 150629 153474 155475 157243 158380 159239 160012 161048 163794 165602 167070 168248 169753 172933 174718 179927 184052 185121 188240 191113 192346 193807 195093 196237 197616 198534 199224 200643 202895 205632 206559 207688 208775 211308 211824 212659 214144 218947 220318 221698 224459 225366 226352 227552 230201 231496 233711 234932 236501 237385 238425 240557 244955 247922 250208 251411 253885 255281 258011 259197 260403 263057 266047 267796 269311 271379 272695 273535 277871 279401 280739 282295 283525 284750 285607 287414 288988 290764 294482 297195 299869 300798 302157 302898 306886 308314 309510 311876 313175 315286 316333 317761 319162 322864 323817 326593 327935 330505 331487 332587 333706 335187 336569 337313 337960 342783 344047 345073 345823 347295 349061 350686 351766 352689 353630 356346 357473 361879 363958 365037 367264 368368 370077 371143 374229 376324 378665 380064 381060 381930 382988 384094 386845 387761 388703 392294 394095 395186 397569 398392 401320 402755 403707 404421 407995 409501 410779 411536 412718 415535 417771 419820 420714 421564 422662 423777 425217 426107 427084 427891 429006 430737 432316 437203 440474 441632 442363 443320 444579 445939 447390 449033 450285 451298 454007 454884 457193 459019 460035 463277 469939 471106 472660 474875 475392 476565 477510 478208 479399 482650 484302 485203 485849 487375 489981 490851 493022 493968 495880 498150 499807 503327 505222 507003 508498 509586 511808 514579 516605 518748 523680 525751 528702 530504 531302 532587 533392 535033 539236 542548 545663 546664 547926 548907 550066 550568 552270 552848 553624 558122 560463 561289 562212 563424 567437 571049 573422 575099 576038 577396 580408 581546 583082 586208 587368 591135 593919 595158 595998 599811 600864 601801 603984 605798 608124 610115 610912 612060 613515 614264 615771 616423 617697 618529 619717 621582 623090 625783 626500 627278 628500 629389 630055 633045 633623 634402 638486 641256 645746 648302 649078 649835 650740 652483 653634 654558 659102 661229 663323 665515 670515 672840 675321 676613 677741 681108 682728 683898 685755 687076 688744 690307 691577 692400 693328 694274 695314 697236 698659 700973 702128 702712 704755 706587 707760 709653 714668 715470 716877 717836 718578 719766 720934 721766 722624 723552 724379 725185 726174 727984 729173 729730 731138 732397 733355 735382 736524 737762 738763 739567 741152 742850 743961 745138 745962 746852 748459 749377 750832 753413 754481 755260 757585 758444 759884 761041 761695 762520 765268 767518 768935 770895 773075 774815 776350 778896 780744 782797 784848 786905 791325 793016 794195 795627 800499 802205 803675 806650 810345 811026 812567 813632 814366 816112 817764 820449 821507 823470 824794 825788 826818 827550 828387 831436 832233 834245 835517 837349 840282 841460 842030 845390 846707 847707 848982 851709 853219 855038 857181 858983 859842 861573 866227 868282 869053 871905 872871 874216 876771 878930 879970 880749 883908 885070 886406 888782 891090 892630 894249 895911 896690 903982 905218 907178 912397 913770 915940 917149 919081 919837 921837 926115 928005 929679 930625 933534 934613 937434 938231 939415 943191 944486 945796 946586 948477 949390 951488 953391 954824 955608 956394 957326 958845 960637 963497 964414 966255 967327 973730 975632 976354 977344 979312 981455 982997 984764 986310 990401 992344 993858 994407 996086 997649 998214 999580 1000915 1003372 1004843 1005667 1006778 1007576 1010031 1010988 1012372 1013204 1014181 1017586 1019597 1022351 1025091 1026835 1027553 1029455 1030452 1031533 1032320 1034392 1036033 1038470 1043434 1044702 1048587 1049781 1051250 1052511 1055162 1056034 1057479 1059411 1061463 1062338 1065759 1066862 1068183 1069239 1071818 1073046 1075419 1076576 1079084 1080857 1082633 1083851 1086968 1087902 1089412 1090951 1091495 1092595 1093926 1095909 1098090 1099362 1101571 1102301 1103632 1104523 1106694 1108245 1110613 1113692 1118826 1120004 1120903 1122178 1124428 1125886 1127547 1128821 1130504 1131660 1132953 1134016 1137513 1139162 1140340 1141891 1142810 1144222 1145277 1146900 1150367 1151806 1154493 1156538 1157717 1159698 1163143 1164425 1165314 1166987 1168788 1169701 1171315 1171969 1174357 1175176 1177437 1178275 1179662 1181384 1182871 1183708 1185713 1186973 1187782 1188825 1190417 1191308 1193055 1194415 1197596 1198640 1201116 1202685 1205895 1207412 1208715 1209559 1210870 1212205 1213282 1217475 1219547 1220323 1221810 1223857 1225702 1227178 1227919 1228693 1229868 1230488 1233459 1234865 1237802 1240337 1241831 1247456 1248464 1249317 1250181 1254234 1256691 1257549 1258845 1260292 1262073 1263361 1265739 1266971 1268346 1269567 1271726 1274455 1276475 1277822 1278835 1280732 1282736 1283867 1285391 1286769 1289562 1290257 1291107 1292445 1295274 1296590 1298390 1299230 1300162 1302944 1304166 1306093 1307024 1307939 1309263 1311043 1313486 1315487 1316534 1319291 1321478 1322558 1325412 1328804 1329580 1330761 1333591 1335090 1336349 1339260 1341672 1342735 1343943 1344936 1346078 1347076 1350093 1351393 1352890 1353639 1355277 1356145 1358063 1359466 1360871 1364743 1366015 1367528 1369160 1369781 1370961 1374047 1374696 1377735 1378465 1379830 1381041 1382232 1383444 1384786 1385687 1386328 1387128 1388539 1391721 1393200 1394443 1395801 1397965 1399893 1402480 1404469 1408257 1411441 1412425 1413633 1414424 1417120 1418699 1420974 1422064 1423422 1424839 1425793 1427615 1429059 1432364 1433818 1435734 1437250 1439281 1441146 1442695 1446402 1448429 1449647 1453468 1455236 1456525 1457911 1460897 1461684 1463042 1465011 1466159 1466681 1468846 1470476 1472080 1474490 1475471 1476619 1479666 1481495 1482215 1482866 1488206 1492014 1493635 1495160 1497599 1498556 1499688 1501150 1502042 1504497 1505934 1506782 1508854 1512141 1513270 1514690 1516626 1518437 1520273 1521528 1522605 1524084 1525541 1528316 1529301 1531650 1532704 1534520 1540656 1543373 1544055 1547326 1549068 1553180 1554138 1556512 1558305 1559860 1561394 1563383 1565513 1566971 1570405 1571395 1572367 1575070 1576722 1577908 1580069 1581554 1584190 1586733 1589298 1590163 1593008 1594187 1595915 1597370 1599154 1602711 1604909 1606412 1607692 1608476 1610572 1612874 1613786 1617554 1621061 1622616 1624943 1626091 1629205 1633732 1635771 1636789 1638534 1639665 1640173 1641379 1642500 1644717 1645559 1646619 1649101 1650157 1652425 1653288 1655829 1658307 1660552 1661865 1664550 1665201 1668605 1669810 1671872 1673498 1677446 1678706 1680129 1682365 1683135 1683798 1687194 1688219 1689137 1691529 1692391 1693809 1697668 1698948 1699718 1701486 1703371 1705292 1706528 1708652 1710588 1712225 1714640 1715915 1719323 1721196 1722870 1725138 1727728 1728904 1730577 1732702 1733571 1734602 1737573 1742428 1743794 1745248 1747484 1751092 1752294 1757309 1758105 1759950 1761864 1763359 1766576 1768435 1769323 1771553 1772956 1775614 1778136 1779407 1780141 1782234 1785413 1786753 1787798 1789178 1789772 1791973 1792913 1793834 1794632 1796985 1799573 1800108 1801347 1803001 1803815 1806416 1807574 1810023 1813301 1814282 1814904 1815919 1816980 1823634 1825122 1826739 1827840 1828737 1831342 1832186 1834471 1835128 1835911 1837014 1838366 1841672 1842753 1843407 1844235 1847275 1848086 1851103 1853087 1854696 1857865 1860317 1862746 1865159 1866217 1870128 1871774 1873787 1876489 1877491 1878351 1880072 1880852 1882945 1884054 1884823 1886124 1887815 1889269 1890033 1893173 1894281 1898697 1901059 1902178 1903222 1906179 1907603 1908338 1911918 1913090 1915563 1919046 1921587 1922621 1924653 1925852 1927691 1929059 1930173 1933298 1933842 1935006 1937623 1938445 1941336 1944074 1946622 1947482 1948556 1950520 1952424 1955173 1956024 1958053 1959490 1962153 1963891 1964995 1969689 1970794 1972847 1973772 1975006 1975756 1979658 1980793 1982066 1983203 1987094 1989259 1992635 1993751 1997223 
</Matrix>
<Matrix name="Neuron_27" type="complete" rows="1" columns="567" multiplier="1.0">
   2299 4619 8916 10922 15359 17802 23792 24673 25767 27274 29093 31538 34597 41435 44886 48496 49772 52679 56909 63795 65969 66692 68135 69153 73465 76965 87470 89493 90392 92698 96885 101566 104237 107312 109724 111259 115306 118435 121701 123059 125228 126790 128534 131975 137234 142626 144420 145738 150369 157875 161413 162550 164564 167934 171132 179402 182255 185507 187783 190940 192286 195354 196321 198835 200481 212520 220130 226675 227982 231746 232560 236418 237410 242198 243990 245656 248641 254252 255862 260219 262029 263775 269979 274938 275661 279379 282138 284764 290580 294267 297285 300580 302533 308036 312264 318116 321206 322347 327837 329048 333665 335388 338156 345853 346746 347805 349445 351502 352433 354281 356589 360926 362886 369370 373121 374532 375519 377592 379120 382572 384007 385810 387234 396281 399934 401505 403889 408491 410419 412668 414197 427687 430476 432417 436525 438854 445921 452435 456351 457629 465562 466708 467895 471304 473800 475126 476947 478171 481616 483323 484791 497228 498381 499880 501838 503473 505784 516123 520766 523950 526086 528419 531160 538936 544628 545653 547325 549341 554367 558197 562305 563975 569158 571900 574694 576313 578518 582114 583988 585750 587707 588733 595865 599475 600877 603232 608432 609609 611821 616798 621470 626541 630385 632047 634599 636161 640026 643151 647716 650730 654663 663222 669188 674740 675660 679408 683357 685678 694985 698791 703805 707509 709794 711510 712518 714919 716355 717419 718134 720475 721692 727397 729691 732091 737840 744449 761472 765798 768636 770587 778986 780703 782634 784823 785841 787895 789613 792142 794129 795127 798150 798959 800283 803203 804837 807720 809115 810406 817973 824529 828650 832170 835245 841642 844528 853865 855902 860313 862652 867909 871361 874481 876634 877929 880276 883941 886682 888253 889324 896902 901428 903214 905459 911929 914075 915616 917060 923149 926383 927278 929071 931311 938820 942702 944481 946789 947935 950416 953286 958035 959831 961025 963535 964728 968200 971181 976463 978165 979571 984057 990388 997362 999583 1003373 1005513 1012987 1015909 1018590 1019435 1021868 1024123 1033448 1036240 1039327 1042033 1043969 1051525 1056638 1058487 1065434 1069735 1072746 1074535 1082337 1083837 1087699 1088661 1089688 1094989 1095867 1102619 1110688 1112402 1117915 1138895 1142923 1148532 1153828 1157942 1180139 1181274 1183366 1185023 1186944 1191238 1194820 1199417 1200885 1204496 1208156 1216251 1220330 1221787 1224330 1228560 1236166 1239415 1241342 1244689 1248032 1249632 1251730 1252955 1254721 1259639 1262463 1264363 1266468 1269766 1270542 1275824 1279486 1280945 1283265 1284757 1290702 1292441 1295877 1300806 1302169 1304852 1309108 1311444 1315104 1319830 1323404 1326227 1328750 1330331 1337352 1338526 1339381 1340134 1344140 1345379 1346980 1349436 1352016 1356534 1362940 1364321 1365675 1367134 1372161 1376738 1378795 1380384 1382137 1384073 1385363 1386551 1389155 1392347 1394631 1396027 1401683 1412264 1415015 1418818 1420764 1422112 1424019 1425478 1431541 1432140 1440029 1442360 1444153 1445863 1446941 1449127 1452820 1459066 1468435 1473762 1476814 1480738 1484640 1486097 1488449 1495290 1503499 1506270 1507371 1511371 1514854 1525204 1528834 1535118 1538356 1543095 1545788 1546993 1549982 1553847 1558117 1562632 1567114 1569628 1571965 1579221 1581135 1582836 1590381 1592833 1597950 1602097 1605145 1610461 1612197 1618766 1621189 1630025 1631195 1632616 1634331 1637424 1640519 1649037 1651076 1653144 1654958 1661791 1663297 1665559 1669008 1671346 1673111 1674146 1678230 1679311 1681378 1686582 1689336 1696183 1701390 1705395 1709777 1713113 1715546 1720647 1726729 1731537 1735538 1738560 1743550 1748868 1755104 1758143 1760439 1765802 1768938 1771000 1772293 1778083 1782201 1787341 1789462 1792724 1795250 1796517 1797642 1798857 1802067 1804257 1808780 1810986 1821828 1823476 1826314 1838061 1840326 1846073 1848879 1850800 1863393 1865127 1868168 1877699 1878687 1881271 1884556 1885962 1887233 1889881 1893359 1900047 1905481 1914406 1919437 1922737 1925083 1928579 1931844 1932550 1939459 1941933 1943499 1948316 1950646 1953432 1956966 1966139 1972135 1980810 1986876 1990090 
</Matrix>
<Matrix name="Neuron_31" type="complete" rows="1" columns="405" multiplier="1.0">
   2546 4632 17613 24264 31957 32964 41134 42949 48462 50486 60137 74262 80873 82477 88773 94044 96527 97377 98826 106546 111797 113204 120702 122148 125803 127337 130859 133388 134477 137503 142001 147150 148722 152832 156277 163522 171491 172948 174094 175711 180301 182301 192054 196993 202576 208591 210522 215901 224482 230460 232294 234798 246437 247772 249151 265290 271085 273976 278869 280748 288286 294843 296825 303527 310502 336827 340950 348503 353886 360780 362685 365837 367876 377879 383012 385201 388418 391416 392900 395728 404645 409658 417280 421090 422085 423612 425175 427945 432484 437998 442065 446745 449557 453745 460007 467713 473669 487807 499663 502737 508263 516760 518490 522627 532393 543702 545670 547081 554830 561578 572125 573545 579587 580747 581748 590632 595887 597457 602278 605121 608057 611932 614163 624780 633115 639332 640983 645083 656244 663242 665560 670805 673849 678457 681010 695770 698295 703354 705556 717436 720956 723003 731029 737899 741573 743152 746702 748417 766225 767945 770364 772598 773534 799070 802334 810146 813666 835163 838326 846425 847485 864848 870780 873503 875414 881034 888193 895399 900538 903132 911982 918892 921326 925364 933945 939394 940643 954233 955822 957338 959602 961478 974300 981001 992981 995147 999981 1001590 1009486 1012920 1018037 1020335 1022606 1026594 1027838 1033762 1038759 1041036 1043773 1050726 1052616 1053604 1056182 1059916 1062745 1066625 1070368 1075299 1076672 1078161 1084428 1087989 1095475 1102092 1107937 1121367 1122124 1124886 1140186 1144953 1154841 1160817 1163486 1165446 1167206 1171459 1182923 1184316 1186018 1190558 1192251 1193897 1195452 1197535 1198403 1203370 1213366 1218830 1221659 1228932 1230321 1236869 1248569 1251784 1258740 1261695 1268365 1271376 1274963 1284565 1288932 1290335 1293693 1295182 1309386 1315580 1319528 1321345 1328902 1331942 1333093 1339469 1349531 1351718 1353101 1355949 1361193 1367465 1377000 1378460 1386162 1393396 1396290 1397375 1399016 1400199 1405448 1408602 1413962 1419809 1422391 1426773 1430214 1433258 1441634 1454634 1456069 1458827 1461956 1466261 1468114 1476360 1479525 1486883 1493653 1505505 1506719 1512373 1515826 1520852 1531292 1540702 1542517 1545521 1547105 1549702 1559552 1562683 1563971 1579381 1584547 1597633 1604307 1609388 1614314 1624615 1626865 1638593 1640118 1646423 1648099 1652965 1654702 1657496 1662202 1671522 1674558 1676870 1692466 1698844 1699425 1701683 1705727 1707859 1708745 1711740 1715375 1716579 1722583 1726325 1730670 1737878 1740107 1745258 1751328 1752913 1755606 1756517 1757992 1759197 1763447 1767381 1770070 1773747 1774956 1780051 1789313 1791663 1799052 1802258 1816166 1820294 1821710 1825200 1826133 1827610 1832218 1835095 1836043 1839979 1841348 1845409 1857075 1863229 1866174 1870261 1872895 1877650 1881311 1882858 1886025 1888545 1889289 1902735 1907774 1916541 1919450 1923674 1925499 1927175 1930125 1934471 1940756 1945661 1948635 1950163 1956026 1962073 1969770 1973944 1976823 1977808 1981626 1985187 1987533 
</Matrix>
<Matrix name="Neuron_34" type="complete" rows="1" columns="35" multiplier="1.0">
   21719 56235 113770 178098 257547 294453 348935 415684 574407 579066 654700 674599 678177 832809 866253 872929 1097592 1210904 1224173 1279400 1373745 1461690 1484137 1522672 1568365 1573696 1606683 1669635 1702579 1772003 1836320 1859899 1889460 1938038 1967826 
</Matrix>
<Matrix name="Neuron_41" type="complete" rows="1" columns="16" multiplier="1.0">
   126390 382784 545359 722483 766040 1014252 1103240 1106924 1157748 1170728 1275274 1804231 1810627 1816716 1907565 1958637 
</Matrix>
<Matrix name="Neuron_44" type="complete" rows="1" columns="924" multiplier="1.0">
   2659 5365 6291 7310 8137 12936 15478 16768 18679 21594 23199 24028 25188 29111 30395 30868 31612 33597 35242 36349 38672 41036 42860 45725 48355 52092 53675 55331 56206 57505 61204 62939 66593 67583 70783 74843 77387 78761 80219 83658 85221 86719 88960 90534 93915 94663 96893 99122 101004 101705 102773 104235 104925 107729 109844 110486 112953 116542 120390 122173 125643 127435 128462 129788 131316 132418 136316 137918 140643 146594 148150 152004 153005 156591 159400 160114 161197 162850 164573 166258 167800 169481 170770 171779 172721 174276 175188 175719 179222 182524 185349 189165 191471 198240 202666 204783 206184 208829 211689 212454 213897 215508 216537 217388 218362 219532 221969 224138 225714 228446 229149 230058 231080 232380 238431 240002 241145 242775 244990 246452 248739 253446 254446 255423 256967 258091 259856 260796 262884 265643 268199 271389 276776 280361 282394 283453 285426 286191 287224 292185 293027 294830 296626 300295 300960 304177 306065 307231 308830 312544 316481 318158 319055 320294 323652 327527 329637 331648 334902 336414 337494 338937 343045 344620 347939 349286 350817 354984 357501 360012 361045 362229 364228 370695 372193 374210 379140 380694 383172 387314 388517 389446 390766 392121 394018 397037 398381 399924 400765 402225 406095 409508 410758 412206 414803 418372 421170 424202 425711 426893 428490 433525 434602 436886 439194 441459 442411 446654 449092 450062 451662 453889 455255 456280 457801 460316 461565 465629 467410 469277 475291 476370 479231 480010 481322 484253 485182 490991 492048 493439 498337 500522 502404 503778 504872 505830 508750 509805 511225 513850 516123 518347 519125 521760 523796 527648 528489 529970 534200 537862 539948 541512 542668 546047 551684 553980 556548 559049 560544 564170 565600 567486 568674 570449 572123 572809 576094 580079 582469 583231 586719 587922 592714 593929 595258 596582 597288 598221 600081 600799 604868 605803 606807 608891 610470 611216 613223 614088 616786 617435 619352 624084 625381 626911 629101 629893 631154 633246 634785 636025 640781 645389 646204 649399 652832 654788 657863 659830 663524 666167 668240 670290 672522 676415 677384 678394 680343 684110 686343 688484 689360 693146 694358 695334 698572 702399 704100 705612 711057 712162 713235 715684 716259 726058 729347 730266 733492 736026 738134 740855 744144 745997 747623 749836 753472 755837 756550 759182 763277 765011 765823 772355 773613 776570 782263 783219 784678 792005 794502 795891 797027 798895 802450 803332 804958 808321 810679 813099 814580 815635 817455 819264 821345 822629 823917 825969 829541 831279 833389 834692 840139 842083 844870 848495 849974 851941 854462 858085 859903 861517 862646 864366 865491 870537 871820 873057 874498 877039 878473 879977 882793 884651 886530 888652 889656 890629 891498 892668 896843 900848 902126 905104 906526 908978 910501 912372 916823 918235 919645 922190 923551 924384 925233 926710 927448 928978 932614 933616 934997 937662 938399 939697 942147 943006 943985 947979 949694 952954 958715 961121 967007 970266 972813 976798 979123 980389 982501 984100 987145 987857 990775 994026 995934 996859 998028 999585 1001864 1003427 1004313 1005184 1006698 1007815 1008934 1009685 1012036 1014888 1016357 1018127 1022697 1024007 1027156 1028963 1029908 1034302 1035267 1038078 1040171 1041339 1043653 1048742 1051360 1053348 1057039 1060269 1062758 1066654 1070278 1071132 1076719 1078044 1080243 1081715 1083252 1087055 1088858 1090281 1091315 1091940 1093914 1095267 1096438 1098443 1099756 1102869 1103769 1105309 1107640 1109771 1111808 1113030 1114210 1115754 1116813 1119575 1121277 1122244 1123374 1124996 1128628 1130454 1131243 1132193 1133632 1135976 1141190 1142355 1143287 1147761 1149567 1152992 1154042 1155399 1157544 1160668 1161791 1162908 1166612 1167676 1169120 1171675 1176947 1178301 1180006 1181485 1183093 1185168 1187020 1188866 1191169 1193611 1195118 1196065 1198572 1199648 1200775 1201546 1203317 1206790 1207985 1209710 1212145 1213647 1215286 1219157 1222659 1223322 1225042 1229023 1230688 1234423 1236077 1237700 1239865 1243519 1245422 1246982 1250305 1252756 1253531 1260033 1262738 1264217 1270341 1272186 1273154 1275020 1277701 1278496 1279247 1280894 1282538 1284768 1285961 1290123 1292786 1297713 1298911 1300894 1301873 1302633 1303954 1307425 1309317 1310929 1314096 1315722 1317511 1318187 1319499 1321292 1323019 1323802 1325711 1326729 1328276 1329794 1335207 1337940 1338905 1340058 1342765 1348380 1349079 1350626 1351962 1355085 1357960 1360276 1362080 1363250 1367500 1368605 1372198 1373128 1375098 1377462 1378388 1379830 1380849 1382159 1383830 1385115 1385943 1387028 1390073 1392443 1393197 1395380 1396462 1397235 1401039 1404273 1407401 1408456 1412538 1414625 1415463 1416487 1420519 1422859 1427334 1428617 1429439 1432379 1435457 1436716 1437588 1438488 1440614 1442443 1443473 1445261 1446116 1449969 1451016 1452777 1454578 1455464 1457127 1459083 1461305 1462347 1464035 1468974 1473740 1475046 1475933 1479941 1487177 1490984 1493222 1495523 1497838 1498773 1499621 1500803 1503486 1507116 1508565 1509567 1511061 1512185 1515002 1516526 1517916 1520531 1521818 1524119 1526075 1527173 1529887 1532171 1533453 1534105 1534994 1538725 1541541 1546456 1547668 1549316 1551548 1555217 1556540 1557762 1558848 1561336 1564838 1566012 1566746 1568334 1572804 1574046 1580810 1583324 1585579 1586465 1589107 1590672 1593773 1594786 1596905 1599929 1601229 1602845 1604368 1606850 1608279 1611598 1612875 1616225 1617910 1618527 1620780 1622790 1625885 1629623 1631350 1632367 1634558 1638647 1639554 1640167 1641184 1642733 1644364 1646280 1648731 1649696 1652258 1655591 1657511 1658998 1665513 1666710 1668302 1671403 1673756 1674655 1680002 1681911 1683072 1684431 1688345 1690288 1693404 1694486 1696911 1698298 1701591 1703355 1705941 1707955 1711264 1713290 1714166 1716252 1718110 1720301 1724003 1728314 1729465 1730819 1731883 1733263 1735792 1737668 1738822 1739777 1743648 1744445 1745542 1746473 1747407 1748137 1750404 1755251 1757152 1759610 1761211 1762600 1766020 1767357 1770702 1773013 1775092 1781112 1785467 1787337 1790135 1794357 1796951 1798465 1803556 1804990 1805578 1808897 1809806 1811688 1813611 1815131 1816191 1819607 1822596 1825296 1827600 1829589 1830887 1833799 1835557 1836977 1838440 1839764 1840602 1841447 1843460 1849335 1851313 1852936 1854824 1855658 1856631 1860975 1861935 1863498 1868548 1872560 1876098 1877663 1878584 1885063 1888398 1890026 1891038 1892959 1894416 1895828 1897976 1899172 1900846 1902850 1904994 1905917 1907858 1908421 1910537 1912796 1914203 1916813 1917691 1918924 1921539 1922662 1925217 1928898 1930949 1932311 1934493 1939648 1940533 1942036 1944515 1948212 1949520 1952257 1953410 1955477 1958023 1959096 1961294 1962004 1964431 1965607 1968292 1974147 1975844 1978937 1980678 1984031 1987144 1989283 1991496 1992620 1995535 1999109 
</Matrix>
<Matrix name="Neuron_51" type="complete" rows="1" columns="68" multiplier="1.0">
   22193 75033 79961 93749 154467 164545 179779 203453 214612 240602 337569 353866 361772 369591 377054 417141 422685 441631 476804 497001 515728 561575 562988 612291 637731 645692 741615 755776 781798 819055 821686 830535 872997 900825 928857 932600 1117246 1138132 1157057 1167418 1196343 1200677 1219205 1264555 1292188 1375389 1419626 1421022 1446528 1448718 1472487 1532479 1557046 1570534 1653392 1658356 1664840 1743617 1760561 1762268 1767864 1789024 1813611 1822790 1900347 1924485 1947091 1949648 
</Matrix>
<Matrix name="Neuron_54" type="complete" rows="1" columns="507" multiplier="1.0">
   2434 7408 17210 18116 20453 22168 27366 29707 31239 32389 36038 39086 43636 47448 48928 51319 52683 54835 57989 59486 60261 65181 70131 74179 80081 82455 88972 96176 97755 99883 107014 108876 112215 114143 133005 136857 141028 143391 145077 147802 150533 153088 154702 155587 166265 167742 172143 174919 184022 186966 192342 196095 201724 213532 217531 219253 221205 228051 231945 233677 241727 245936 253725 256330 263271 264497 273019 274796 275451 276894 281711 283151 286045 290687 292678 293891 300848 306022 307060 308595 312429 316590 319380 326671 334453 338707 340741 343612 347310 350686 362776 363772 366240 371969 373523 382278 396391 397334 400574 406593 407909 415893 427804 432009 440558 442181 445624 450387 458778 459938 463975 468892 475675 478497 481235 482367 496531 497901 501131 506908 508454 510345 520454 524731 527864 530604 532312 546413 548034 550972 554112 555665 557489 564913 567096 569422 571753 577652 578843 580995 583578 591983 594001 594803 602886 609666 611756 613048 614162 620419 625132 630556 633388 641424 644908 646365 653173 654741 658867 668359 673955 675791 677317 678699 681701 684825 688786 691068 694208 697400 699960 704740 709059 713895 717910 724930 726167 739065 740907 742503 746208 747151 748625 754114 755022 757664 762127 765883 766972 770177 772024 774174 777995 780049 787449 789740 793572 794295 799558 802101 804163 806437 807601 810893 811977 814202 815959 816941 821484 827055 838948 841856 857646 858855 861440 869962 872988 874617 877721 879640 881582 883478 885643 887048 888633 892160 893772 896862 898059 901105 910705 919700 921354 922986 925285 930800 935214 939867 944152 947818 950085 955284 959030 960467 962291 966106 969351 975446 976316 977450 986735 993157 995643 999013 1004355 1006600 1013646 1021628 1023310 1028931 1035790 1037770 1042213 1043245 1055943 1057905 1058561 1061545 1067607 1070960 1078499 1084836 1089424 1097142 1098211 1100563 1103292 1104181 1105649 1110541 1114835 1116216 1123759 1127776 1130585 1132275 1136190 1140665 1142428 1145542 1150277 1151569 1163792 1165104 1167530 1173049 1174925 1183586 1185540 1187223 1188758 1189844 1202608 1205516 1207524 1208756 1215482 1217133 1218840 1221901 1229541 1232086 1235368 1237896 1239796 1244506 1248319 1249458 1251082 1252640 1254382 1257555 1258942 1260765 1266803 1270619 1272789 1276540 1278247 1280660 1284860 1295526 1303641 1307894 1310361 1312691 1315298 1318722 1321807 1323353 1325863 1327525 1330086 1331962 1333926 1336412 1343185 1346082 1349429 1352658 1357503 1362992 1364899 1369329 1371093 1374476 1380982 1381720 1383411 1389568 1392930 1394911 1399242 1401016 1411054 1414275 1417586 1424238 1425943 1430129 1431298 1435484 1439565 1441443 1442378 1444168 1448009 1458979 1460620 1464114 1470254 1472287 1473518 1474621 1476958 1479000 1484461 1487285 1489937 1493785 1497698 1500885 1503484 1508169 1512969 1517323 1524512 1527798 1547158 1548593 1555886 1564948 1570944 1572687 1575944 1577827 1584138 1584940 1587143 1588618 1590000 1592094 1593345 1596277 1599963 1601842 1605154 1611814 1619998 1623347 1624510 1625316 1626297 1628589 1635243 1636879 1639192 1651926 1652759 1654022 1657793 1664304 1670654 1674362 1681871 1683625 1685492 1690499 1693480 1695750 1697019 1706809 1711177 1714918 1718729 1722047 1724937 1728741 1733122 1735189 1736788 1738793 1744603 1746430 1753018 1754877 1756575 1765165 1776641 1778309 1781785 1783173 1788537 1791846 1793792 1800661 1804612 1816401 1819398 1826557 1838373 1843073 1847686 1851092 1855192 1860050 1863972 1866170 1871480 1873534 1877616 1881351 1887231 1890149 1895221 1897193 1904428 1907647 1908744 1919644 1922559 1930566 1936631 1938169 1939789 1941025 1945796 1951465 1958048 1959344 1961523 1970085 1971764 1980451 1990587 1997062 1998394 
</Matrix>
<Matrix name="Neuron_97" type="complete" rows="1" columns="512" multiplier="1.0">
   2966 8305 14350 18701 21564 30089 32767 34547 36328 40282 45166 47618 49558 51906 54190 62897 70035 75004 76242 79182 92635 103261 106360 108306 110363 117859 119908 121884 134669 142366 151108 157200 164219 165036 169292 171627 178672 191875 197957 199149 200849 202493 203852 216344 220990 224517 227085 232352 233928 237036 240861 243353 245299 247542 252173 262964 268227 276349 280411 282835 287622 290484 291948 293453 295163 305458 319803 322976 324380 327284 328606 331103 332015 339399 341800 346517 349334 352825 355853 358368 365971 367641 374306 375282 376201 377788 383833 392782 395217 401779 404269 408209 412857 416240 417497 419173 423216 424360 427280 431048 436424 438216 440271 443442 445953 446500 449392 454876 456473 464155 469284 472356 475946 479102 485444 489725 494737 496168 499711 502250 506053 508061 517850 524065 528479 530025 533323 536924 539839 542916 544952 546201 552476 555329 561728 562609 569156 575786 580794 583337 584947 589305 602219 615062 616475 618325 619775 628099 631705 634975 636906 640087 641466 642251 644908 646291 647506 652676 662036 663738 664559 667479 668903 670085 672323 680088 681228 684021 688892 692065 694185 695419 696844 701192 701888 708223 713438 714362 715306 717526 718944 721742 723956 729814 733212 734009 735158 735768 739219 740964 741736 743044 746831 748401 750691 758053 765311 775532 776662 784222 788072 795826 804341 820783 823614 830785 834892 837602 838724 840896 848527 852963 855544 858542 860513 861466 864677 871584 875296 878643 884098 885904 893191 894721 895692 896755 901592 906988 909345 911286 912657 919671 921782 927004 931018 932704 937171 938611 941326 943180 957699 959157 960958 963152 971854 976256 978042 981122 987823 992931 997870 1001244 1003285 1005509 1009166 1012552 1020560 1023219 1026126 1029603 1033830 1038461 1040304 1043025 1045307 1047101 1049947 1052312 1055078 1062173 1064753 1065978 1067227 1074538 1076596 1079928 1081625 1085639 1099302 1117907 1120918 1123513 1124693 1126633 1135279 1139502 1142457 1149986 1152498 1154697 1157782 1158555 1162059 1163995 1166070 1170249 1172207 1175527 1178219 1183200 1184274 1191458 1194582 1196300 1201063 1207748 1209054 1209841 1211213 1212949 1218735 1225183 1226974 1228749 1233220 1237082 1241034 1243096 1243913 1245736 1248176 1251896 1255566 1257671 1259605 1261550 1268370 1275336 1278936 1282379 1284215 1294098 1296306 1298205 1305375 1309217 1310537 1312779 1314654 1316321 1318077 1319318 1321328 1322460 1325194 1336114 1339062 1344531 1354869 1358163 1362468 1373917 1376738 1378446 1379930 1386154 1391366 1398675 1407735 1410479 1416646 1420544 1421877 1422693 1423528 1424228 1431441 1433077 1436944 1439339 1442273 1443610 1464476 1468449 1469944 1471164 1478093 1479259 1486472 1487585 1493615 1494909 1498919 1500906 1508490 1512193 1513613 1521966 1532396 1533684 1535278 1536643 1537487 1538905 1545256 1551388 1555881 1556857 1560390 1563066 1564502 1570198 1578738 1582000 1583514 1587064 1598810 1600538 1602073 1605283 1607123 1613910 1617285 1619109 1624571 1627692 1633675 1634999 1641049 1644659 1645811 1646856 1648546 1651730 1656230 1658070 1663865 1667039 1668671 1670411 1671409 1679663 1681260 1683404 1687148 1688962 1693144 1701431 1710033 1713918 1714661 1717765 1719043 1721583 1725544 1727656 1736585 1742271 1746547 1748159 1752237 1758290 1762157 1766399 1768522 1770310 1774835 1780973 1786938 1792959 1795123 1798611 1807295 1810440 1813101 1814190 1816938 1821516 1822278 1825886 1828146 1830271 1837150 1840840 1842405 1845264 1846654 1848166 1851981 1858418 1860366 1864593 1869399 1879864 1882046 1886631 1892326 1893484 1896407 1898175 1899325 1900327 1906171 1909589 1912900 1918983 1923620 1924808 1929516 1930752 1948686 1950169 1958162 1959690 1961278 1975679 1977205 1982525 1984414 1985615 1987300 1988336 
</Matrix>
<Matrix name="Neuron_107" type="complete" rows="1" columns="42" multiplier="1.0">
   69005 118427 169246 192566 204972 275756 300036 343188 347088 529851 573054 640830 734927 739228 774826 816841 821155 862428 919987 935801 1002620 1049543 1056852 1084232 1087997 1147644 1176463 1182726 1269510 1272020 1397058 1420681 1471800 1719050 1732821 1737027 1784930 1804896 1833264 1850191 1933393 1995511 
</Matrix>
<Matrix name="Neuron_117" type="complete" rows="1" columns="237" multiplier="1.0">
   1747 11436 16840 19065 21985 23024 37515 40674 43102 45553 50355 64337 88391 90884 111403 122530 132286 157690 159336 167780 177364 201873 205110 207168 215628 217325 227023 232842 238969 240151 262425 288555 294897 318513 328448 330098 340678 342810 349751 356781 362996 369191 374266 378461 389480 394196 398154 409554 411534 443828 455292 466880 470309 477011 493164 500073 503832 509781 516132 519265 529807 556207 562829 565319 582662 588981 596355 601442 629220 631260 641306 646533 648969 670798 680641 683354 687747 696073 702150 708083 710962 713260 714895 717688 736778 752980 775428 778405 781662 782839 802017 829392 863523 888486 895371 902487 908870 913251 917127 927743 930179 966462 975561 982266 983438 986064 996988 1004136 1005263 1010228 1018456 1025207 1032873 1034364 1038779 1044762 1050211 1059636 1069186 1070612 1076401 1079704 1084183 1089060 1095355 1104985 1106288 1108672 1110627 1124169 1130787 1135850 1152005 1172223 1178936 1190788 1197111 1208598 1211597 1227295 1232646 1244325 1247042 1259090 1282133 1287433 1295727 1298956 1304271 1312417 1315393 1321948 1323888 1332933 1345847 1346864 1349719 1351754 1354983 1356047 1362496 1366795 1367969 1379552 1381222 1385021 1386646 1404757 1405786 1410619 1421269 1429875 1458255 1459666 1464732 1482647 1501548 1502998 1504218 1506998 1511040 1512627 1527040 1554789 1593765 1603876 1617100 1618554 1631854 1634153 1642334 1647754 1649920 1653822 1663572 1671217 1679957 1682107 1685406 1698438 1711758 1729197 1734845 1743282 1752693 1754462 1762156 1776596 1780452 1792407 1796593 1798872 1803500 1811513 1818686 1824128 1832296 1841663 1852747 1856679 1861602 1868328 1881138 1884133 1897330 1914780 1920113 1924111 1930153 1946157 1950010 1963638 1978011 1980670 1991369 1995007 1998534 
</Matrix>
<Matrix name="Neuron_121" type="complete" rows="1" columns="310" multiplier="1.0">
   27318 32713 33889 41493 45850 55782 58135 59309 60872 68043 71324 74310 77782 82157 86269 89612 91926 105316 113204 116123 126839 133698 143302 160983 187591 200311 219730 227649 233023 240322 243204 250768 254130 260075 264852 269244 282241 291503 304345 314521 317326 325614 329130 334804 336453 340970 342771 350373 352203 354764 357493 361973 365304 371769 375239 383898 384698 390549 392102 394665 398388 405259 409574 413958 415780 419147 420280 431648 434054 437404 456256 462735 465403 467516 475341 482770 493354 509603 511461 513516 516864 522587 524753 533193 543346 548243 549930 552429 562545 563431 581289 585095 588151 594738 599928 603104 605996 608397 616397 619112 632126 637032 640146 668578 676246 683014 688237 693835 704914 707289 714081 716027 728627 730414 742144 761669 763402 781034 783201 788557 789941 808264 814792 817557 820194 829918 835952 839745 851054 852449 854601 858126 860258 864746 868794 874044 874956 893854 906225 913582 918522 920477 925715 929595 931004 932231 933684 940205 942619 947365 948812 963999 974800 976881 983706 987134 988484 1010089 1018421 1020272 1053360 1065681 1072498 1076125 1079676 1100544 1105709 1116887 1118820 1120241 1131327 1136465 1137763 1143608 1149991 1156895 1169025 1174997 1185029 1196098 1207482 1215351 1226725 1240197 1243997 1246571 1270172 1279202 1286259 1289829 1302678 1306667 1308376 1316148 1319566 1324465 1337654 1346978 1361973 1366363 1373924 1377843 1386975 1393825 1395486 1397720 1398932 1402995 1406720 1417235 1424001 1430862 1434722 1442735 1445399 1446157 1451781 1461610 1466147 1469950 1471246 1478267 1482444 1493338 1497743 1526432 1529745 1530669 1534858 1538426 1556862 1559617 1568243 1572764 1576483 1585681 1588450 1590498 1595413 1598999 1602817 1608727 1613304 1619006 1622151 1624700 1626622 1630491 1639432 1643275 1649812 1656091 1658791 1659759 1662943 1665297 1672797 1675232 1680146 1685089 1687591 1691185 1696683 1708134 1711881 1712833 1714146 1716911 1720954 1742497 1762801 1764636 1771158 1781405 1783619 1785549 1803298 1804862 1806287 1821223 1825928 1839985 1843248 1860767 1865372 1867116 1868129 1869489 1872631 1878102 1879475 1883950 1888125 1890022 1900227 1902220 1914176 1917257 1919077 1921130 1921875 1923221 1924934 1925835 1939380 1948222 1959131 1963313 1965303 1995069 
</Matrix>
<Matrix name="Neuron_124" type="complete" rows="1" columns="1020" multiplier="1.0">
   2532 3354 5102 5961 9797 10674 13870 15290 16690 18970 20524 22638 25461 26602 28855 31068 33849 35886 38522 40454 41266 43703 44814 47980 49031 49818 52277 53853 54575 55262 56186 57850 60426 61249 65277 69970 70976 73973 75064 76980 78142 80501 81731 84917 87039 88516 89773 90885 91906 93335 94314 96301 97065 100379 102244 105547 106539 111650 112337 114615 116491 118441 119615 120744 121654 125349 125989 127154 129991 131594 132544 135972 137425 138528 140567 143242 145548 148535 149905 151552 152241 155813 157796 158615 159985 160837 161992 163423 164410 165312 168331 169242 170920 171729 176296 178971 183516 185683 188076 189110 189900 192438 193740 195257 197441 198307 203080 203926 205214 206287 207197 211355 212556 216993 217969 223049 224489 228978 232677 233514 238099 239849 240781 243488 245785 247841 249501 251114 252012 253057 255743 257448 258339 261740 263023 267574 269266 271611 272287 274294 275736 277716 279201 279941 281774 283139 285411 286075 288687 290801 292147 293604 294439 295947 299064 300881 301480 303558 305250 307095 308376 311423 312820 315158 316308 317701 320009 324065 324849 326644 327434 328913 332474 333838 335421 336489 337894 339710 341439 344718 345319 347307 352867 354466 356619 358898 361173 362298 362963 363721 366571 367167 368137 369958 371027 372758 374255 375620 379181 380377 381239 382480 383927 387361 389355 391069 395668 396936 399062 400727 401559 403913 405249 406320 407425 408457 410195 411806 414842 416032 417949 419327 420821 423854 425239 426399 429357 432891 434254 436641 439384 443772 445300 446153 450821 452494 455213 456597 458129 459940 461899 463707 467156 468135 469040 469947 471468 472247 474879 478482 481843 483304 484408 485289 486606 489130 491068 494877 497989 501606 503895 504778 507111 508443 510787 511972 515098 516898 522991 524931 526016 527949 528972 530034 531046 532522 535797 536584 537428 541450 542978 544355 547563 551290 553544 554803 556536 558380 561078 564672 565613 567580 570042 571188 572564 573178 576317 577578 579919 581993 584544 586438 592465 593598 594348 595428 598834 600070 601051 605016 606901 609386 611057 611732 614524 615871 616962 617883 619080 621216 621845 623451 626263 627348 628867 631612 635302 636057 637999 638604 640046 641187 645171 646913 649256 651844 653093 654361 656056 657166 658612 659864 660838 662832 665048 667366 668154 670407 674749 678622 681156 682914 685032 688650 691149 693506 695318 696319 699826 701402 702732 703789 705901 708197 709655 712068 713168 714686 717211 719001 719766 720633 721935 722827 725024 727237 728297 730583 731324 734022 735415 736963 738108 739540 741399 742681 743774 745191 746430 751945 754602 755808 759877 761281 763973 768243 769217 770674 774335 776106 778802 783032 784204 788613 789465 790451 791701 792367 794983 796189 797502 798402 800155 801493 803485 804668 806585 807391 808362 810370 811872 813090 814652 816012 817261 818390 819822 822361 823808 826243 827013 828315 829173 830193 831493 832351 833263 834830 836627 840151 844119 845917 847805 850410 851469 852900 854153 855137 856575 861500 863594 866491 867860 868576 869869 871927 872486 873943 876409 877224 878361 880605 882124 883809 884863 886282 887832 888896 890827 893615 894527 895993 897205 901063 903096 904268 906413 907905 909226 911772 913177 916159 917519 919883 920879 922672 923430 926985 928080 930197 931352 932551 934024 936122 938974 941983 942953 944843 947213 948142 950276 952963 955319 956335 957427 960051 961770 962440 967922 971675 974493 975311 976976 978362 979768 981774 982705 984654 986950 988214 991516 992376 996488 1001524 1002634 1004181 1004742 1007700 1009479 1010570 1011296 1014050 1016236 1018370 1020689 1021483 1027030 1033163 1034176 1037441 1038289 1040750 1042483 1045437 1046631 1047860 1049380 1051611 1054959 1055760 1057209 1058937 1060904 1062460 1064288 1066781 1070662 1072542 1073799 1075790 1077643 1080793 1082037 1084418 1086540 1088024 1090104 1091572 1092851 1094022 1095593 1099007 1102357 1105323 1107256 1109535 1112266 1113949 1116596 1117961 1119867 1121328 1122566 1124086 1126592 1128623 1130643 1132377 1133895 1137587 1141100 1142910 1145886 1146484 1148274 1150716 1152195 1153256 1155422 1156993 1157942 1160954 1162236 1165406 1166720 1168711 1171246 1173395 1176353 1178143 1181950 1183001 1184712 1188296 1189452 1190400 1192077 1193160 1195983 1197361 1198447 1201246 1202927 1205286 1206700 1211085 1212510 1215919 1217484 1221895 1224123 1227033 1228341 1231006 1232494 1235240 1238160 1239926 1243311 1249302 1251015 1252579 1253475 1254203 1255196 1261030 1264420 1265458 1268586 1272753 1273594 1274982 1275936 1278074 1280923 1282488 1286326 1288025 1289743 1293046 1293982 1296446 1297316 1298466 1299722 1301319 1302584 1304267 1305061 1306063 1308844 1309855 1310712 1311320 1312483 1315062 1319327 1320732 1322439 1325352 1329407 1331574 1332406 1335092 1337410 1338118 1339034 1340036 1342027 1343163 1347663 1349165 1354257 1355833 1358132 1360601 1363102 1364910 1366046 1367478 1369183 1370964 1372159 1375137 1379322 1380862 1382381 1383785 1384887 1386661 1389627 1390250 1392321 1393493 1394617 1399426 1402669 1404437 1408368 1411608 1413231 1415680 1416740 1419299 1420673 1421754 1423435 1424948 1427268 1429227 1430034 1432403 1434573 1435999 1443468 1444154 1445074 1447706 1452647 1453533 1457037 1459526 1463090 1465290 1466149 1466947 1470459 1472119 1473061 1475551 1477021 1478283 1481963 1484548 1487236 1488857 1492093 1493515 1497855 1501013 1503024 1506442 1508297 1509625 1511007 1514232 1516777 1517863 1519701 1520874 1522678 1523826 1527700 1529540 1532847 1533875 1534735 1535823 1537816 1541472 1543888 1545330 1546627 1548219 1551949 1557480 1563443 1566143 1569680 1571293 1572651 1573554 1577248 1578441 1579095 1580605 1582171 1583354 1585340 1586979 1587675 1589177 1591518 1593305 1595498 1596225 1596837 1597893 1601898 1604359 1607471 1609065 1612264 1615408 1620707 1622357 1624983 1628514 1630563 1631418 1632708 1634275 1635112 1636084 1638407 1642238 1645022 1646449 1647404 1648122 1651946 1653520 1654341 1657235 1658934 1660996 1661860 1662962 1665319 1666868 1668213 1669258 1675154 1676343 1678227 1679787 1680825 1681539 1683928 1687670 1690060 1692010 1693580 1694536 1695452 1696500 1698872 1699972 1703068 1704855 1705624 1707344 1709251 1712299 1713285 1714702 1715667 1718882 1720854 1723280 1723842 1725438 1726860 1728657 1729725 1731484 1732917 1734308 1735111 1737353 1738642 1740314 1745321 1747097 1754787 1756225 1757661 1758783 1759797 1761248 1762591 1763326 1764573 1768313 1769777 1770642 1774218 1776516 1777430 1778698 1780058 1780994 1781778 1783297 1785005 1786542 1787793 1789031 1790950 1792081 1794920 1797103 1798466 1801435 1803320 1804541 1808769 1810321 1811456 1813067 1817709 1820190 1821670 1824215 1825566 1826812 1827836 1831378 1833114 1835336 1839353 1840443 1842116 1844261 1847514 1850095 1851106 1852685 1854909 1857378 1859275 1860233 1861911 1862916 1863698 1865355 1866703 1867833 1870740 1872362 1873649 1874407 1875607 1877334 1878210 1880443 1882480 1885461 1886788 1888194 1889407 1890084 1890795 1893151 1896478 1897921 1899348 1900633 1902697 1904256 1906411 1908165 1908900 1909548 1912193 1914095 1919413 1920505 1923348 1927710 1929556 1931101 1932641 1935039 1938387 1943112 1944066 1946180 1947111 1949352 1950666 1952661 1953997 1955108 1956569 1959132 1960309 1962615 1965165 1966155 1966867 1968242 1969805 1971316 1972087 1972954 1974388 1976309 1978501 1980037 1981773 1982630 1983498 1989283 1990998 1992399 1993959 1995641 1996862 1997804 
</Matrix>
<Matrix name="Neuron_131" type="complete" rows="1" columns="969" multiplier="1.0">
   2797 5476 9482 10499 14621 15721 18381 22608 26112 28797 31302 32242 33677 34532 37588 41336 42582 46439 49669 51571 52883 53754 56323 57294 60096 61306 62285 63565 64699 66903 68235 70519 72562 74604 76219 78227 79281 82345 86623 90706 91248 94568 98943 100865 102803 107086 109231 114356 115367 117017 119809 122900 123887 125084 128909 130111 134637 135794 137112 139420 141021 144720 146012 148273 149920 151879 153041 154564 160131 162133 164453 166935 170156 171262 172353 173237 174024 175526 177179 179452 182455 183953 188545 192985 193874 195183 196405 197743 199976 200973 203631 204425 206541 208739 209478 210824 215146 217020 218724 221040 221955 223082 224931 227689 228994 230211 232004 235016 236823 237516 238995 241408 242947 244090 246678 247428 248722 250113 251402 252342 253045 254732 256852 257688 258564 259785 261050 263087 264275 266091 266851 271812 273709 274689 277562 279507 283094 285409 286398 287697 289230 291893 292816 295552 296953 300494 307526 310297 314302 316864 318713 320276 321115 322103 323994 326415 328529 330223 332079 333012 335256 336508 337890 339383 341050 343154 343957 350603 351342 353994 355784 356434 359736 360975 361962 363924 365618 367182 369230 370246 371591 374698 375844 377687 379782 381223 383144 384754 386988 388048 389923 391395 392499 394629 397313 399000 401798 403258 406345 407839 410226 411729 414856 416464 418171 419250 423039 425413 426994 429297 432489 434815 436178 437514 438952 440776 442224 443750 445046 446353 448608 450555 451788 455044 457282 459972 460950 463286 465308 465837 467520 468576 469834 471263 472032 474963 476983 482460 484191 485505 487231 489020 490862 491863 494530 495723 496772 498306 500539 504153 505315 506420 507432 510244 512202 515357 518091 519313 521898 524321 525148 527714 530275 531713 532821 533640 534824 537689 538498 539715 542584 544209 546703 555115 557125 558628 560592 561393 562077 562872 563858 565714 568664 570796 573816 574388 575684 577207 580341 582366 583541 584530 586247 587526 590819 592671 594290 595384 597198 598239 599545 600798 602290 603963 606599 607765 609201 613460 614953 616393 617335 621228 622586 623636 626421 627912 629560 636941 641432 646321 647399 648593 649964 653610 654545 655402 656946 659189 660080 661728 663024 663924 665995 667063 668667 669771 671729 678497 679442 681962 682741 684688 685857 687121 688129 692746 695555 697066 698243 702031 703554 704089 705407 708360 710215 712089 713904 715491 717342 717919 718615 719606 722682 723309 725490 729297 730287 731565 733451 735105 736891 738776 741868 746023 747840 750595 752034 754433 756129 759918 761710 762767 765494 766927 770074 771287 773889 774844 776027 777639 781246 781963 784016 784659 786949 788467 790817 792085 794097 795218 797641 801542 802676 806145 810593 811338 812536 813745 816256 817709 824108 827696 828984 829610 831248 833475 834625 837663 838309 839870 841235 845552 846672 848784 850639 851690 852692 856582 858614 861010 862823 863645 865600 867822 870569 872789 876997 878554 888294 890238 891103 892631 896188 898418 902493 903735 904572 908548 911954 913593 915925 917866 919572 922437 924133 925239 927562 930105 931697 932697 933682 935245 936946 937948 939080 940641 942539 944228 945127 946617 948029 949669 952576 954750 957160 957853 959195 960405 962761 966397 968396 971655 973174 974027 975128 976615 977529 979060 983982 987611 991399 992864 994169 995077 995712 997238 1001343 1002461 1004111 1005532 1007210 1017274 1019390 1021606 1022818 1024174 1025817 1026611 1028264 1029827 1031299 1034029 1035498 1037369 1038854 1040961 1042533 1044103 1045627 1049643 1051569 1053136 1054162 1056346 1057185 1059219 1061063 1066605 1067843 1069777 1074803 1075595 1077171 1079183 1080822 1081567 1082916 1085040 1088123 1091776 1094919 1096967 1101644 1103699 1108343 1109488 1109942 1113791 1115455 1120894 1121791 1124528 1128609 1129472 1131836 1134211 1136378 1137312 1139534 1140944 1142283 1144128 1145022 1147961 1148641 1149946 1151390 1152926 1154292 1155356 1156209 1157106 1158460 1159148 1160373 1162429 1165209 1166228 1170669 1173318 1175738 1178010 1179362 1183910 1184806 1185712 1186664 1187621 1189553 1190931 1191644 1194062 1195818 1196704 1203494 1205059 1205796 1208923 1211728 1217664 1219533 1221103 1221976 1223089 1229741 1231576 1233496 1236224 1239222 1240866 1241811 1243290 1245072 1249613 1250506 1252832 1254678 1256135 1257334 1260186 1262576 1263926 1266009 1267816 1273022 1277418 1278439 1281610 1284506 1286193 1286981 1289410 1291455 1292825 1293719 1294966 1296013 1297115 1299519 1301260 1305069 1307895 1308836 1312185 1313652 1315203 1317126 1319369 1321466 1323284 1324141 1326398 1328693 1330069 1332075 1335188 1337578 1339991 1342353 1348449 1354788 1356545 1358776 1360029 1361301 1362347 1365304 1368645 1369941 1371721 1375094 1376007 1380545 1384138 1385133 1386805 1388152 1389639 1392909 1398063 1399499 1400443 1402499 1403394 1407359 1409834 1410832 1412096 1413390 1415434 1416636 1417551 1419875 1422982 1424582 1428514 1431624 1432188 1434677 1435620 1438970 1440052 1441901 1446458 1448993 1454751 1456424 1457479 1459687 1461189 1463247 1464712 1466071 1468010 1468915 1470001 1471023 1472718 1474353 1478484 1479203 1482817 1486638 1487827 1489189 1494009 1495822 1496978 1497804 1498645 1502675 1503947 1508251 1509438 1511110 1517686 1519202 1520273 1521341 1522442 1524242 1527617 1529243 1529993 1531826 1532840 1533444 1534749 1536989 1538680 1539834 1541811 1542785 1544055 1547049 1549835 1553058 1555624 1560876 1563453 1567446 1570109 1572232 1575261 1577585 1583258 1585433 1586525 1590470 1594004 1598619 1599494 1600509 1602880 1605539 1607048 1608990 1613348 1614890 1616192 1617408 1619589 1620806 1624865 1627018 1628349 1628840 1630139 1631987 1633838 1636548 1637932 1639026 1641341 1642315 1644553 1645570 1648004 1650738 1651604 1652795 1654274 1656926 1658382 1659178 1660632 1662595 1665118 1666129 1668410 1672998 1677444 1678206 1679976 1681021 1685926 1687940 1689788 1690798 1691772 1694105 1694860 1696479 1699918 1702877 1704084 1706037 1707765 1708973 1709899 1712657 1713860 1715459 1716915 1718483 1720305 1722863 1724612 1725846 1730991 1732890 1733667 1736161 1739143 1742320 1744160 1745377 1748083 1750013 1751700 1756108 1757030 1760024 1760900 1762507 1765523 1767166 1768729 1770599 1772254 1773521 1774590 1775874 1778052 1779976 1781477 1782204 1782919 1786235 1788674 1789851 1791076 1793172 1794180 1795933 1801283 1802603 1805782 1807898 1810705 1811567 1812685 1817883 1820239 1821961 1825229 1827656 1828901 1830682 1833513 1834409 1835863 1838853 1842344 1844034 1845477 1850087 1851728 1853678 1856566 1859096 1861753 1863384 1867847 1869999 1871005 1872018 1874599 1875490 1878070 1879180 1880329 1881463 1882247 1884190 1885433 1886747 1887910 1888558 1889605 1892551 1893324 1894538 1895391 1897842 1900361 1901867 1903440 1904798 1906300 1913292 1914612 1916245 1917009 1918866 1921432 1923003 1924383 1926045 1927605 1928795 1932737 1935636 1937170 1938559 1940419 1942002 1947460 1948900 1952612 1953734 1955924 1960883 1967533 1969017 1969642 1973805 1977300 1978449 1979306 1983848 1986414 1987759 1988540 1990254 1991789 1996313 1997155 1999488 
</Matrix>
<Matrix name="Neuron_134" type="complete" rows="1" columns="974" multiplier="1.0">
   4463 5890 7685 8755 12376 15535 17075 18294 23442 24374 26102 28820 30381 32833 33330 33974 35581 40227 41941 44549 46494 48533 50202 52518 54295 55285 57300 58894 60322 62670 64273 65612 66374 68844 70596 71345 74713 76161 77477 80037 81528 82958 86293 87927 89793 94232 96259 98049 101678 103427 105690 108890 112458 113803 114819 117179 120010 121157 123327 124777 125990 129328 131321 132577 134659 137158 138032 139821 142153 144150 146488 147819 148841 153070 154496 155094 157059 157652 159033 159987 162553 163744 164471 166103 166750 168771 170806 171613 172555 175387 177151 178040 181690 188623 189699 192381 193825 194915 196641 199277 201937 203871 205465 209195 210743 211703 213242 214267 216394 218180 220434 224432 228220 230190 230772 231330 235753 237696 240855 243747 245254 246792 248535 250227 251136 253254 255244 258431 260539 261443 263219 265115 266072 270611 272262 274003 278746 279361 281071 284143 286722 287735 290293 294021 295447 296764 298372 299677 300743 301706 303425 308606 312547 315830 317713 318528 319836 321289 322266 324540 325486 326885 328212 328928 331414 332108 333738 334938 336677 338977 340313 341204 344109 346478 347435 347988 350291 352670 354780 356066 359486 361176 363265 364011 369716 373431 374210 375379 377476 379825 382064 385050 388306 389595 393750 396873 402568 403744 404486 405699 409897 412445 413461 417143 418747 419939 420743 422089 424700 426315 428759 432753 434246 436155 437228 440356 443568 445354 446373 449018 450972 452735 454172 456019 459085 460605 462084 465391 466890 467848 470636 472939 474516 476326 477251 478226 480055 484290 485263 486105 489060 490367 493974 494989 498328 501233 502236 503301 505725 507469 509146 510179 511568 513057 515006 519148 520640 522052 523893 525269 526643 528319 532505 535345 536248 538851 540243 542365 544370 545718 546604 547595 549125 550867 552446 553472 556584 559339 562408 563085 565109 566414 567909 569308 570680 572797 574026 576221 580663 582113 583074 586265 588491 589313 596842 597698 599580 600541 603786 604517 605296 606301 607969 608796 610485 611435 614097 617284 618762 621639 623395 627834 630069 630968 631574 632963 634720 637350 640430 647128 650568 652923 655677 657339 659120 660862 662188 664276 667633 668833 672661 675413 680922 683362 685870 687182 693627 695287 697287 701511 702263 704641 707941 709532 710656 712191 715920 717371 718805 721301 722379 723711 726639 728444 729567 732165 734912 735811 736993 739466 741222 744418 745762 750673 752514 754997 757766 760433 761918 763613 764893 766941 769209 771005 772108 773589 774641 775906 776736 778405 779399 783911 785030 788513 792233 793308 795570 796965 798614 800810 801466 803160 804227 806218 807579 808657 810548 816013 816775 817848 820862 821889 823795 826033 827877 830715 833522 834682 835487 836398 837457 838881 840687 841758 842954 845255 846823 850841 852544 855427 857605 859554 861315 863750 867418 868325 871124 873138 874989 878474 881653 882430 883206 884372 886088 886733 889342 890866 893404 895301 902840 905022 907638 911638 912488 913527 915724 919972 921059 922341 925809 926532 927371 930568 931404 933888 937328 940172 941786 942610 945738 952430 955494 957436 958874 960663 962625 963535 965637 966339 967564 971379 973715 974543 976691 977462 978318 980566 982106 984345 985580 987460 988031 990200 994276 995181 997058 998374 1000713 1002147 1003268 1005225 1006842 1009796 1011341 1015186 1017411 1018455 1019968 1020999 1026406 1027247 1028283 1030800 1033319 1038052 1039261 1042486 1043220 1044206 1046934 1048555 1050216 1052791 1055084 1056244 1057769 1060319 1061557 1065245 1067599 1070442 1071949 1072770 1075357 1076328 1077666 1080102 1081554 1082282 1083198 1087425 1088891 1092057 1094844 1097576 1098384 1100097 1103044 1104091 1106359 1108536 1109441 1110238 1112150 1112921 1113844 1115150 1116437 1118115 1119251 1121609 1122380 1124598 1129026 1131976 1132845 1134432 1138255 1139555 1140630 1146905 1147889 1149229 1152305 1154078 1158279 1160214 1162310 1163070 1164932 1167179 1167846 1170989 1175489 1176944 1178402 1180381 1182503 1183828 1185934 1187276 1189370 1191642 1194193 1195421 1197078 1198984 1205476 1206551 1207652 1210705 1214139 1216832 1217811 1218901 1219941 1221099 1223503 1227409 1228615 1229535 1231589 1232729 1236456 1237958 1239638 1241977 1243706 1245358 1247134 1248091 1249415 1252034 1256676 1262183 1263574 1265338 1266368 1269611 1271520 1273323 1276737 1277982 1280374 1283774 1285729 1288424 1293972 1295354 1297311 1298043 1299749 1304417 1305988 1308648 1313460 1316935 1320398 1326920 1329685 1330328 1331548 1333106 1335197 1337175 1338221 1340555 1341967 1342864 1344623 1349626 1351142 1352318 1355215 1358078 1360074 1363228 1364163 1365149 1367280 1369359 1370356 1371399 1375381 1378097 1381839 1383365 1384917 1389600 1390678 1392465 1394857 1396047 1398153 1398995 1399755 1401844 1403456 1407898 1409913 1411161 1412183 1413873 1414898 1416531 1418073 1422911 1424347 1427946 1429144 1431631 1432697 1436550 1439034 1439920 1440977 1441709 1446425 1447436 1450263 1451843 1454903 1455820 1456815 1457983 1458987 1462840 1464580 1466126 1466779 1468721 1471711 1474339 1475722 1476657 1478482 1479477 1481919 1483280 1484048 1487559 1488827 1490114 1495934 1497447 1498595 1500067 1501057 1503398 1504371 1506356 1508440 1514902 1515990 1517365 1518442 1522527 1523706 1525900 1527198 1528295 1531196 1533033 1533485 1536238 1539245 1540578 1541379 1543338 1546266 1547158 1551276 1553612 1555314 1559445 1560876 1562756 1564583 1566489 1568680 1571288 1575154 1577230 1578654 1580727 1585795 1589385 1592834 1594193 1595371 1597697 1600173 1602042 1602996 1604040 1607141 1612106 1615610 1617304 1619619 1621776 1623692 1624498 1625927 1632681 1634358 1637220 1639323 1642083 1644078 1646055 1647143 1649904 1652225 1653671 1654937 1656654 1659725 1661460 1662609 1663866 1664698 1665750 1669740 1674056 1675770 1678578 1682282 1684237 1686580 1689665 1690546 1693826 1698354 1701507 1702579 1704504 1706312 1709032 1710849 1712936 1714613 1716945 1718145 1720743 1722598 1726033 1727689 1728484 1730873 1732726 1734949 1735842 1737356 1737996 1740220 1742396 1743318 1744332 1745192 1747558 1748777 1749758 1751983 1752752 1759155 1760504 1761604 1763288 1768764 1770643 1771936 1775057 1776512 1777713 1778837 1783516 1785493 1787091 1788064 1789184 1790456 1791702 1793061 1794772 1796274 1802621 1803783 1804932 1806238 1807091 1807720 1812162 1814359 1816138 1816840 1819565 1822611 1823614 1824546 1826642 1827894 1830719 1834074 1836381 1837341 1838550 1840703 1842908 1843818 1845710 1849694 1850894 1852013 1853927 1855118 1856046 1859145 1860068 1861402 1864705 1866351 1867755 1870788 1873447 1875750 1877912 1879629 1880392 1881378 1885870 1888131 1889689 1890807 1892279 1893205 1897055 1900766 1901681 1903147 1904973 1905700 1907518 1909711 1912718 1913471 1915509 1916687 1917794 1918397 1919590 1921872 1924386 1925648 1934165 1935137 1936156 1937172 1938414 1939544 1941651 1942789 1944049 1946015 1950542 1952151 1953022 1953851 1956320 1957851 1960225 1962094 1963165 1964473 1965728 1969623 1970471 1971595 1972419 1974462 1975278 1977202 1977836 1979533 1981161 1983797 1985043 1987055 1988166 1990591 1992414 1998222 1999741 
</Matrix>
<Matrix name="Neuron_141" type="complete" rows="1" columns="409" multiplier="1.0">
   7429 11521 13104 14709 27791 42302 49537 62861 68935 73145 77850 84071 86532 94924 97862 104503 110831 123372 126801 137224 142666 147529 167477 175321 177326 178126 179075 181451 182603 184064 186825 199318 205137 211233 213398 214413 215210 217455 226928 237602 249464 253196 259673 271529 280210 288599 292573 300931 309253 310293 313687 314934 316239 318235 324040 325303 327556 328541 331133 335164 350788 357084 364471 368035 369933 374429 375908 388617 392082 394538 400308 401657 406553 408665 411574 413317 416739 431061 443498 447244 448905 450867 455626 456714 462365 466766 472034 478331 480630 484955 487617 489959 500839 507593 511182 522776 528313 532984 535917 542312 555888 557656 561542 568738 575428 576796 580836 582644 591001 592101 594274 600338 601341 604328 614377 615424 617605 619653 635796 641083 643692 648532 653099 671126 674656 680680 682220 684131 688304 691027 692550 693771 700071 701870 706996 714749 716194 727008 728637 731806 735559 737280 739528 742916 753504 754815 767370 771348 774174 783051 791911 796415 799823 809648 812068 825128 830610 841627 844801 846086 854929 856617 857656 859353 864658 865418 868063 875000 883809 885726 894903 895679 897668 899964 902362 911344 914164 921203 930834 936041 939939 941898 944182 946678 948317 950094 952943 959721 976493 979167 988759 991502 994699 1002023 1005024 1007803 1011428 1012231 1023866 1025729 1027760 1037674 1040782 1043075 1055236 1063415 1073185 1075267 1077813 1082754 1085426 1086880 1091576 1093975 1100942 1102251 1112037 1116297 1118288 1122224 1123520 1125661 1130259 1133454 1135893 1139080 1139940 1141957 1152631 1159944 1160881 1162676 1173293 1174292 1175497 1177049 1178295 1188701 1199274 1200664 1202100 1208726 1210965 1214783 1221764 1223830 1227859 1231194 1234622 1240111 1241506 1252002 1257459 1264658 1269091 1270393 1281962 1286908 1292184 1293639 1296492 1299164 1304529 1310881 1317908 1319054 1336511 1348243 1350857 1354580 1359626 1364607 1377828 1381466 1385264 1387055 1392909 1396547 1403176 1408724 1415324 1420642 1424633 1426673 1429495 1433738 1442043 1442801 1444040 1449108 1451605 1454245 1463131 1467349 1475041 1477964 1483905 1487365 1488820 1490043 1491803 1501009 1503295 1508465 1520632 1522529 1524990 1527284 1537888 1544829 1547455 1553317 1561240 1564472 1566886 1569279 1582175 1593560 1597879 1602865 1604037 1610821 1613239 1620245 1626523 1628927 1630224 1633236 1637541 1639144 1640168 1658143 1666153 1673419 1674886 1676050 1685273 1687162 1690958 1693761 1699923 1704583 1707862 1715510 1722641 1723848 1730322 1731952 1733457 1737887 1746421 1749681 1750665 1753447 1758429 1763573 1773128 1774019 1777684 1783573 1796186 1803059 1807616 1810202 1814974 1820036 1830725 1833876 1835420 1837009 1843417 1845958 1851130 1865817 1867669 1868507 1871307 1875549 1878733 1880872 1887617 1891836 1894939 1896972 1909734 1911784 1918135 1921269 1925716 1927424 1930218 1934502 1939542 1940610 1953230 1955623 1958794 1961170 1962348 1964958 1967315 1969257 1972875 1975006 1978447 1981864 1983432 1995006 1996999 
</Matrix>
<Matrix name="Neuron_144" type="complete" rows="1" columns="107" multiplier="1.0">
   24243 32915 40068 49508 91361 113157 164682 172604 177084 184241 192147 200587 215354 228447 230488 240311 269134 303108 306764 327894 338216 360313 431735 437185 450620 457726 459105 465625 468362 481024 491019 508647 530388 542521 551303 554500 573212 586536 641538 657296 659477 680654 690804 699788 705263 712368 725969 729053 766613 769954 841930 847038 880107 894086 908369 910109 928883 932978 933866 951894 980306 994087 1001515 1030969 1044293 1098401 1111214 1115952 1142350 1145274 1154957 1178449 1213684 1229944 1252168 1265826 1336157 1341955 1368834 1382680 1405455 1433380 1451843 1483999 1494787 1496461 1498529 1587996 1619264 1632733 1637810 1670417 1692039 1725909 1731233 1765752 1775937 1781241 1809349 1819553 1832728 1836772 1880979 1895341 1918349 1927808 1965189 
</Matrix>
<Matrix name="Neuron_187" type="complete" rows="1" columns="80" multiplier="1.0">
   9344 18173 20366 22706 40802 49774 58955 60741 88298 120857 135900 139363 195617 201030 220442 224364 241819 265650 266808 297048 332799 335160 450843 459153 614099 632658 643929 657189 707642 758071 856628 865483 882749 887061 892181 955139 983781 1011545 1017602 1025403 1055650 1065648 1112149 1119635 1133926 1142598 1149355 1162648 1253508 1267141 1292981 1324314 1354786 1364366 1380632 1413050 1463936 1490270 1513199 1526085 1538552 1578679 1590180 1622664 1626424 1655097 1678248 1713458 1738056 1758011 1768584 1808843 1821021 1842772 1879123 1891293 1929815 1947859 1951616 1958064 
</Matrix>
<Matrix name="Neuron_197" type="complete" rows="1" columns="447" multiplier="1.0">
   6827 16855 19015 20119 21825 23289 31505 34546 38432 39250 40628 43688 44799 48676 50673 70958 74179 79423 83744 85111 86439 92900 95966 97431 100969 103826 105146 112085 117454 118424 127603 134064 139193 147749 151016 153002 154546 155592 157444 167936 172924 178300 180716 186162 188298 191665 194555 198695 204875 206867 209554 212034 215458 217727 220633 232369 234454 239092 244216 254508 255970 262767 268731 270731 274827 279763 288987 300221 302948 307933 310112 314258 317926 320495 322517 324665 334497 339945 346214 348841 352390 354319 355270 368198 375640 377754 380479 388405 394382 399641 402971 409895 412968 415008 418399 424990 429896 431255 432900 441361 443116 445768 455104 457812 461249 463155 470495 473258 475910 486003 487324 503555 505516 508312 518324 519646 523259 527091 538510 549846 557192 558436 570237 572602 574544 576593 583341 588051 592766 597674 599074 608186 610334 613251 615837 617219 619639 621815 625876 627205 632677 639136 642488 645488 654321 656719 658042 661706 671232 673718 674916 677180 679904 682896 687761 689685 692182 694251 701982 703254 709185 719918 723127 725484 728516 732577 745351 751149 761181 765152 768044 772272 773653 775518 777155 781019 786685 791513 794192 796736 799622 801423 807859 816760 818631 820980 826400 829580 832744 834588 835517 850342 851884 853270 858987 866621 871807 879431 888546 889890 891835 897465 905606 910955 915273 917542 921975 943407 946295 951004 968688 980974 983935 988404 991017 1001145 1003848 1005058 1007808 1009159 1012104 1013545 1017188 1020438 1022217 1025420 1028789 1030378 1031250 1035580 1039100 1043001 1047851 1057215 1060512 1062404 1064662 1066024 1067889 1073042 1082572 1097262 1114738 1119002 1123388 1125544 1126471 1127474 1131294 1138962 1140273 1145455 1153773 1157636 1162374 1164135 1169983 1172652 1176125 1181507 1185724 1187515 1192786 1195764 1199647 1206191 1207642 1212561 1214840 1220305 1226058 1229602 1231124 1239412 1247047 1249095 1250512 1255692 1261148 1265219 1269280 1274274 1279856 1281375 1284163 1286555 1290831 1291986 1295141 1297926 1306493 1307958 1316211 1320248 1321506 1324651 1325447 1332095 1334098 1347236 1350746 1354240 1355770 1358359 1369793 1373935 1378687 1381840 1384776 1386798 1388787 1395354 1398241 1401453 1403948 1409422 1413424 1415794 1421935 1425581 1432332 1433946 1439327 1443769 1445129 1454034 1456719 1458910 1462762 1468131 1470322 1478487 1482131 1491556 1493616 1494750 1497617 1498990 1500232 1502621 1519698 1523876 1526001 1537612 1539962 1542153 1543480 1550686 1554320 1556367 1557781 1559294 1564358 1570860 1576816 1578490 1581978 1588788 1595439 1597708 1600052 1606633 1608908 1616776 1617860 1627273 1638477 1646106 1652449 1656315 1664657 1666048 1678064 1682682 1684578 1688618 1692048 1694298 1695522 1696875 1703466 1715310 1716613 1719294 1723634 1726584 1728587 1733337 1735734 1736609 1740418 1743638 1751006 1754489 1761772 1769042 1771805 1773997 1775252 1778271 1780700 1783446 1786190 1788293 1800283 1809518 1810615 1816381 1821305 1823437 1826907 1835733 1842760 1844647 1847307 1850358 1852780 1862833 1869601 1887819 1889836 1891785 1892784 1894460 1901830 1915623 1921265 1934643 1937817 1943340 1944342 1945142 1954971 1957917 1959677 1964785 1966500 1971269 1973147 1975364 1976226 1977853 1978949 1981475 1987098 1994970 1996375 
</Matrix>
<Matrix name="Neuron_207" type="complete" rows="1" columns="571" multiplier="1.0">
   5105 8020 12991 20467 22781 24815 26362 29653 32289 43219 46630 47641 56598 62998 65655 66406 67603 71053 73711 81182 88205 92251 98927 105282 108810 109720 113418 114418 127494 129843 131874 134993 137800 143140 144835 147044 149989 155701 157657 165915 169061 170721 177822 180777 183489 186378 190237 190915 195013 195826 198353 205050 211340 213910 215976 220277 221597 225265 227399 229233 234201 236781 239866 242044 248307 254103 257548 258613 260671 266540 267767 268808 271224 274627 278195 283426 285371 289884 290636 291393 294639 296344 298151 300651 303683 306508 308676 312158 314252 317223 321354 328650 331008 335955 338726 340482 351831 355869 357181 360725 362148 364702 366337 371482 373306 378409 381375 384582 386610 390813 394127 398533 401074 401865 411610 414150 420382 428132 429527 437275 440042 445182 446566 447883 451672 456610 460591 462061 462803 467724 469205 472874 474949 480100 482832 484853 487590 496266 499522 504740 506994 508730 512091 519676 520638 523361 527930 529691 533201 535046 540605 542311 544783 549220 550787 552890 558482 562147 565379 568971 570577 574927 576159 580927 581805 587210 589247 594877 600323 607812 619712 622427 624631 626543 629574 630882 633193 634995 641895 644268 647117 648694 657580 659705 661938 668491 670337 673340 674754 681826 691424 694660 701473 703559 705765 707428 711370 714449 718294 721933 724527 727084 728531 731340 737942 742409 745306 747363 749193 753711 757379 758646 762818 773408 775404 781631 786814 788243 791030 792209 797037 801204 805698 812008 820527 823380 824771 825642 827335 829539 833758 836706 838177 846358 848121 850317 852503 857116 861461 867192 870128 873131 874925 882772 884282 889051 892760 894810 895663 897678 898511 902728 907061 907871 909280 910577 911668 915931 919001 920893 931964 934035 944532 951735 955249 956964 959700 961553 965618 967326 977614 985342 990668 993548 994812 1000054 1002170 1012692 1014163 1020730 1022473 1025947 1029098 1031590 1033056 1037730 1038753 1040819 1042755 1046045 1047573 1054838 1057864 1059483 1066068 1068869 1070388 1071347 1072411 1076469 1077546 1078960 1082127 1084017 1087637 1090500 1093989 1098261 1099515 1101252 1102932 1105258 1107294 1108368 1110689 1117838 1119619 1120871 1122820 1125650 1127881 1129452 1131944 1133116 1136051 1136803 1139845 1142017 1144590 1150369 1152873 1156264 1158573 1160044 1164986 1165739 1166796 1168092 1172435 1173799 1174850 1180155 1183675 1185567 1186458 1188558 1190504 1191559 1195310 1198535 1200367 1210449 1216531 1225889 1227120 1229021 1233277 1238171 1242155 1245890 1248499 1249712 1254978 1256986 1258059 1259401 1265768 1267690 1268860 1270339 1272545 1281363 1282874 1284221 1292217 1295183 1298380 1305313 1306203 1308680 1313204 1319488 1323055 1325594 1327222 1328561 1331227 1333085 1334828 1336964 1348044 1349032 1350505 1354727 1356545 1359919 1369635 1371731 1374026 1375227 1376966 1377846 1380277 1383309 1387541 1395034 1400911 1407312 1409815 1415073 1423637 1425987 1426912 1428747 1430390 1431564 1442644 1445734 1451539 1456175 1459510 1465681 1469013 1475538 1477972 1480267 1489644 1492186 1493804 1494640 1497096 1499595 1510976 1513734 1515414 1517411 1518985 1522388 1530477 1536253 1539481 1542063 1544697 1550152 1556583 1557890 1563259 1564810 1569382 1571134 1573896 1576473 1578721 1585445 1589353 1590391 1595114 1598296 1599239 1610720 1613441 1615082 1622639 1624028 1628449 1637057 1642569 1646527 1647902 1651946 1652872 1655650 1658891 1661642 1662570 1666404 1675448 1679385 1688203 1689643 1694926 1696985 1698062 1699241 1701393 1702289 1704506 1706574 1707841 1709716 1711481 1712906 1720150 1722711 1723955 1725496 1727982 1729904 1731598 1744739 1751497 1753240 1754349 1755436 1757471 1761327 1764989 1768354 1770185 1771531 1773098 1774880 1779233 1783093 1788527 1790172 1793658 1795632 1800982 1803841 1806164 1811984 1818948 1819627 1824678 1833007 1834403 1839643 1842407 1846346 1850710 1856620 1858297 1862735 1864605 1867645 1878078 1882460 1886097 1889563 1892616 1893863 1895658 1898825 1900212 1907030 1907751 1909393 1916487 1918181 1921011 1926222 1931529 1942061 1947458 1949102 1950303 1952444 1954707 1960810 1961510 1963392 1965973 1969895 1979929 1981273 1987721 1992844 1994885 1996985 1998946 
</Matrix>
<Matrix name="Neuron_211" type="complete" rows="1" columns="1061" multiplier="1.0">
   996 6225 8671 10055 11634 13473 17870 22074 24809 25886 26705 29017 30743 35801 37566 42096 43025 44332 46720 47660 48722 49897 51246 52055 54030 57322 61417 62436 63617 65836 68497 70108 72286 74003 75784 79196 83313 84774 85604 86234 87332 90088 91235 95711 96957 99849 102522 105411 110333 112246 113783 116450 117472 120695 121381 124340 125897 128483 131371 132401 135610 137534 139419 140829 141949 143024 143703 144772 146284 147743 149335 150872 152742 154206 155921 158629 159693 163877 165383 166664 168177 170831 171681 173356 174517 176013 179574 181498 182206 184195 186581 188765 190916 193536 194163 197886 198785 200272 203998 204878 206812 207320 208795 210807 211597 212676 214274 217147 219816 220734 222548 225967 227487 230833 235492 238129 239602 240910 242081 243317 244716 245933 249367 250301 251228 253643 254278 256051 257279 258246 259790 262783 263728 264482 265485 268702 271268 272490 275314 276811 277803 280561 282538 284968 285563 286746 290079 290943 292036 293315 294391 295318 296725 298848 299923 300891 301892 302866 304572 306624 307634 310867 311879 313202 314245 315321 316529 319296 326308 329905 333282 334211 335308 337232 339950 340727 342034 342763 344278 345658 346803 347770 348782 349833 350738 353706 354990 356941 360042 360722 363246 365785 367115 368601 370323 372374 378044 380017 381539 384249 386043 387173 388181 391039 392907 394217 395963 397609 398983 402322 404472 405705 408040 409373 411848 413761 414915 417151 419334 420479 421957 422839 424731 426737 428359 430367 431531 432221 433917 435243 440667 442163 444718 446156 448172 449228 450800 452228 454549 456359 456827 457832 459216 460055 460842 462193 463382 464399 472206 474511 476514 482062 483104 484168 485021 486273 489110 491399 493596 494585 495725 497606 499477 500639 501446 503871 507053 509976 512249 513766 515434 517235 518618 519263 520374 521888 522979 525557 526869 528221 531014 532349 534013 535269 537453 538338 539910 541041 544028 548459 551164 553500 555537 556343 557219 558899 560069 561803 562881 564395 566220 568380 570255 571765 572583 574086 575190 576113 577690 579858 582392 583945 586112 587512 588745 590317 591924 593836 594487 595055 596218 597075 598168 598726 602557 603353 605917 607225 613095 615320 619345 620382 627237 629695 631220 632344 634512 635513 637934 639295 640886 642497 644990 645995 647448 649383 650626 651571 652696 653640 654471 655633 656846 658878 666812 670420 671834 673402 674709 677728 678873 679827 681000 683572 684374 685431 686422 690889 691676 693626 697429 699039 699837 701073 702630 703683 704976 706145 708099 709217 709943 711656 712526 714261 715328 716320 716908 719796 720901 722658 723782 724702 725588 727148 727883 728896 730951 731689 732885 735209 737544 738642 742115 744224 745863 746967 750151 751508 757248 758086 760689 761536 765132 766554 767444 768712 770071 771246 777324 778475 779847 780609 781587 783698 787655 789864 790879 793518 796567 797380 799196 799916 802773 804807 806395 807608 809871 810819 811551 812377 814044 815439 817998 819442 820513 821606 822469 823648 829736 830784 832170 833752 834964 835909 837462 838793 839872 840915 845661 848247 851320 852469 853548 855703 858857 861128 862746 864426 867631 869834 870577 873649 876429 877477 878366 882341 882999 884649 885926 887002 887941 888839 889627 890481 891957 892951 895025 896911 898031 900493 901293 903045 904484 908369 909569 912084 914955 917898 919057 920151 920902 922029 923161 925277 926255 927078 928246 928909 931086 931896 932772 933595 934596 937007 938960 944180 945052 947547 950198 951521 952527 955155 959464 960652 962194 963025 964248 965590 967114 968590 970008 971017 971925 973918 974870 976967 977386 978744 982723 983871 987181 987977 988845 990132 992980 994190 995883 999525 1001075 1002136 1002816 1003418 1005164 1007535 1010262 1012775 1013591 1021634 1023980 1025615 1026140 1028149 1029450 1032237 1033209 1035416 1036730 1037860 1038625 1039968 1042513 1047306 1048738 1050691 1052579 1054491 1055237 1056163 1057882 1059022 1062147 1063994 1067022 1069096 1070092 1071107 1072052 1073306 1074314 1078853 1079697 1082162 1085708 1087703 1089480 1091453 1094117 1094999 1100075 1103398 1104818 1106346 1107891 1110023 1111374 1114521 1115918 1117071 1120733 1125230 1126566 1127373 1130378 1132430 1134190 1136210 1137132 1138377 1140397 1142840 1143632 1144640 1148468 1149777 1151220 1152420 1157178 1158995 1161024 1162331 1164683 1165377 1167150 1172527 1173444 1174209 1176859 1177848 1179960 1183103 1185040 1186330 1188415 1189582 1191080 1192195 1193914 1197277 1198896 1200339 1201566 1203218 1204625 1205707 1206526 1208251 1209804 1211031 1214012 1215292 1216299 1219959 1222281 1226461 1228011 1230919 1231800 1233184 1234425 1235300 1236481 1242191 1244014 1245012 1247599 1252226 1254740 1255350 1256863 1262771 1264481 1265232 1271732 1273209 1275198 1276534 1277925 1280294 1281721 1282512 1284104 1285314 1286120 1289382 1290384 1291484 1293302 1297779 1299368 1301127 1302066 1304272 1307970 1310819 1312178 1313111 1314506 1317879 1320552 1321705 1322810 1327036 1331324 1332799 1335529 1336610 1337581 1341994 1344056 1344650 1348721 1350489 1352020 1353940 1356630 1357513 1358787 1359549 1362395 1365420 1366507 1369561 1370656 1372922 1374067 1375215 1380189 1381820 1385056 1385827 1388296 1390038 1394231 1395903 1397029 1398624 1402592 1403633 1405717 1408061 1409390 1411034 1412302 1415186 1417445 1419123 1419867 1421177 1422215 1425554 1426618 1428843 1431244 1432835 1434073 1435043 1436961 1437790 1440174 1444957 1446696 1450447 1452791 1454744 1456121 1456922 1458530 1459381 1462355 1463509 1464486 1470586 1472335 1476060 1477673 1478586 1479982 1482285 1483465 1484558 1488513 1490473 1491709 1493721 1494464 1497796 1498833 1500392 1501355 1503842 1505983 1507864 1509236 1511043 1511852 1513902 1515799 1517870 1519523 1520116 1520864 1524107 1525476 1527743 1528587 1531551 1533585 1534248 1535466 1537387 1539032 1541757 1543565 1544830 1545694 1546226 1550106 1552774 1555304 1556254 1559671 1560580 1561641 1563862 1565526 1567804 1569569 1571150 1572243 1575104 1577354 1580684 1584734 1585561 1588207 1593353 1594674 1596080 1597385 1599441 1601086 1601956 1603195 1605739 1608035 1609260 1610611 1612452 1613161 1615366 1616325 1619630 1621025 1623338 1626198 1628347 1629148 1630633 1632034 1633235 1634319 1635181 1636429 1638281 1642703 1646174 1647061 1648917 1651277 1652945 1655456 1658046 1660798 1661973 1662703 1664796 1665674 1667104 1669026 1673739 1674667 1677324 1679030 1679602 1681873 1685097 1686779 1687928 1689042 1690691 1692344 1693624 1696114 1696779 1699470 1700554 1703691 1705266 1709107 1710254 1711874 1714129 1717643 1720761 1722060 1723965 1726232 1727586 1728850 1730325 1732631 1734308 1735897 1738058 1738824 1741004 1743396 1744570 1746369 1753079 1755976 1757355 1759057 1761831 1763526 1767081 1768315 1768925 1769622 1773268 1774118 1775912 1776804 1779562 1781339 1782386 1785236 1786408 1787322 1788982 1790036 1791140 1792178 1792938 1794076 1794730 1797607 1800527 1801614 1802892 1806742 1808043 1809029 1810325 1812244 1813981 1819619 1822474 1823684 1825133 1826669 1828686 1830030 1830808 1831599 1833836 1835762 1839785 1841233 1842602 1843347 1844534 1847288 1848862 1850388 1851284 1854859 1855825 1856970 1858526 1859761 1861630 1863903 1865727 1868323 1869568 1870320 1872990 1874496 1877024 1878082 1879067 1881088 1881921 1883397 1884666 1885622 1889001 1890786 1891780 1892964 1893677 1901743 1904525 1909413 1910457 1915143 1920377 1921767 1923457 1924842 1925842 1927835 1929978 1931560 1933523 1934085 1937349 1938848 1939657 1941527 1942261 1944349 1946909 1947669 1950432 1951564 1955478 1956556 1957937 1958559 1962971 1963794 1965090 1965958 1968231 1970643 1974816 1975671 1978357 1980435 1981636 1982728 1985247 1988028 1989317 1991603 1994406 1997589 1998356 1999479 
</Matrix>
<Matrix name="Neuron_214" type="complete" rows="1" columns="792" multiplier="1.0">
   498 8068 12643 15763 17487 18431 19394 20239 21185 22839 23959 25050 28221 33836 35906 37001 39991 45005 45869 47059 49908 51570 54509 56433 58082 63064 65313 70038 73938 75207 76207 78065 80306 82100 83481 84938 86919 88683 92020 94676 98391 100641 101611 102567 104939 107032 112763 114952 120938 124500 127087 128326 132258 134354 136462 141639 142690 144171 145063 148596 150274 152401 156726 159669 166684 168566 170948 171742 177451 179793 181688 185254 185991 187654 190846 192928 193754 194552 200767 202357 205325 208284 209537 210737 215308 219307 221736 223207 226808 227785 229935 231645 233515 238009 239210 240599 247634 250036 250893 253533 254953 257588 262836 265133 267131 268188 269617 271447 273926 277102 277942 279412 281087 283990 285069 289429 290399 292274 295282 296481 299332 300706 301508 302859 306179 308376 310970 312745 314319 317469 321579 326006 327512 331479 333011 334398 336093 338091 340467 341629 343945 349498 351392 352762 354446 356691 359897 361556 363999 367613 370719 372412 376140 377196 379970 383154 384217 386946 388393 392319 393516 396313 397672 399001 400198 404031 405130 407204 414449 416922 418456 422809 427163 430011 433529 434601 437187 439173 440663 443270 444095 444886 447361 449224 450299 454459 455655 459223 460882 462505 466776 468319 472044 473409 475306 479680 481513 482496 484397 490270 493923 496100 500433 505710 506661 508615 510125 513903 516737 518320 522409 524410 526804 528506 530164 531342 532576 536088 540944 542752 544676 549940 551901 554720 558750 564717 565466 569067 570541 572459 575052 580226 581203 582783 585521 587354 588818 589937 593956 597269 598640 601464 608654 610511 611764 613075 613850 615471 617166 618978 620766 625750 626551 632032 636902 638180 639618 647997 650966 654691 657304 661216 664539 666201 667781 672172 673615 675024 676922 678459 680035 680924 682138 686043 686723 689043 692144 693422 695423 696956 697759 707901 709399 712130 713398 715959 725004 730222 733682 737703 739145 739910 749275 754666 758069 759749 760655 762219 763396 765214 767475 769703 777938 781463 783670 785006 787931 789103 789936 790749 793846 797377 798336 798987 800416 802167 807312 811015 815661 818093 820700 821707 826854 829909 830753 833803 836943 839812 841301 846816 852689 854302 859343 866452 867675 870338 874948 877799 879577 881011 884774 886091 890137 892394 894117 895815 898797 901594 907189 910444 913427 914243 915530 918827 919808 921494 923136 924132 927948 929274 931154 934349 937389 944117 945612 946748 948465 950034 955150 956828 959790 961557 962700 963940 965482 967737 969586 970730 971919 973133 977335 979121 982195 983427 985073 987172 988583 992182 993268 994157 995486 996406 997618 999511 1000818 1001500 1005786 1014885 1016419 1017815 1022277 1024947 1026227 1027470 1029334 1035637 1038209 1040227 1041824 1042698 1045701 1047620 1049019 1052791 1054469 1056478 1058618 1060197 1061602 1063343 1068858 1076616 1077960 1079576 1081259 1083675 1085120 1087622 1089928 1093068 1093951 1095445 1096103 1098140 1100312 1101945 1103625 1104929 1106062 1107373 1108586 1110302 1111156 1112509 1115624 1116829 1118830 1119878 1122359 1125349 1129924 1132560 1135606 1140472 1142756 1145489 1147385 1151025 1152104 1153369 1154483 1156147 1157043 1157791 1158918 1160423 1164153 1166795 1168368 1172207 1175376 1176472 1181697 1183919 1185537 1186448 1187476 1196591 1203018 1207652 1208901 1211283 1212955 1214024 1215410 1216382 1219033 1221229 1223752 1224985 1227313 1228682 1231290 1232621 1237110 1238535 1239792 1243069 1244340 1245868 1249479 1252192 1254464 1255187 1256641 1259229 1263516 1266268 1266974 1268498 1270346 1273450 1275675 1278866 1280574 1281699 1282665 1288033 1289902 1290889 1297240 1302440 1304096 1308641 1312783 1314990 1321298 1323824 1325656 1330584 1333051 1336615 1339429 1340397 1343807 1345413 1348995 1350029 1354826 1358212 1363255 1366808 1370121 1373885 1375871 1376429 1378748 1380073 1381163 1383408 1386513 1387873 1392325 1393934 1395756 1398934 1399685 1401972 1403880 1408220 1409117 1416509 1417682 1421146 1426258 1428600 1429460 1431791 1432580 1434967 1437324 1438826 1442531 1444995 1445935 1449680 1451302 1454638 1457223 1466214 1468520 1471402 1473971 1479077 1480367 1483468 1486232 1490329 1494281 1495440 1496496 1499348 1501569 1502406 1504476 1506080 1509513 1510835 1514427 1516252 1519334 1520694 1522371 1523760 1528001 1531136 1534590 1535471 1536737 1539844 1540889 1542881 1544186 1545262 1548690 1550549 1552061 1554721 1557440 1558382 1564293 1573016 1576793 1579836 1583854 1586198 1587992 1592533 1594912 1597441 1598426 1600615 1602758 1605979 1607371 1610180 1612588 1615209 1618160 1619261 1621150 1624331 1626645 1628091 1629899 1630766 1633642 1636826 1641507 1644311 1645719 1648756 1650224 1654527 1656096 1657953 1659380 1662147 1666176 1670613 1672732 1673701 1675790 1676834 1679750 1682030 1683714 1688920 1690063 1691873 1692910 1695247 1698236 1700745 1701842 1703447 1704840 1706832 1708894 1712200 1715002 1717934 1719713 1720878 1722159 1725607 1729545 1731662 1734049 1739055 1743026 1747717 1749969 1750763 1752050 1755668 1758956 1760255 1762933 1764407 1771894 1774597 1775857 1777151 1781248 1782347 1785186 1788288 1789615 1793465 1795526 1799001 1801292 1802166 1805702 1806772 1810889 1812853 1814533 1818243 1819141 1820807 1823025 1825370 1826706 1832460 1839817 1841245 1843839 1845221 1846734 1847651 1851530 1852609 1855071 1857125 1859093 1861891 1863588 1867174 1872088 1874651 1875919 1878200 1880756 1883014 1885332 1888886 1892206 1893526 1895298 1896672 1898070 1899943 1901134 1906296 1907368 1908711 1910195 1914113 1916063 1919963 1920957 1922536 1924357 1925441 1932274 1934162 1938170 1940868 1942697 1950185 1951182 1953441 1955502 1956992 1958463 1960646 1962096 1969343 1973498 1981257 1981972 1983776 1985289 1987981 1991178 1992702 1993475 1997921 1998670 1999912 
</Matrix>
<Matrix name="Neuron_221" type="complete" rows="1" columns="306" multiplier="1.0">
   1444 8739 17839 27714 28879 32907 40031 44808 50165 52597 70573 74166 76014 78841 87811 91188 96221 106843 121000 131638 133885 147051 149488 153351 161811 173829 178679 188060 190331 194121 199451 212318 216685 227908 229094 230994 244442 249898 250862 255815 261256 270641 276065 279348 282995 292066 304559 306775 318982 324163 328408 331783 337073 354409 361914 368581 385317 389670 393385 398297 399905 408836 418174 422481 426802 434917 436063 451808 454584 459053 465247 472839 478385 485961 494145 495459 498545 504846 513519 514733 517690 519538 522628 526580 538635 539550 546085 554886 556493 566857 577892 598448 603945 605665 617487 621982 631471 644226 646509 651461 654925 669447 671208 673787 675242 683104 698701 701689 713658 718994 720319 738387 747716 750987 758082 774074 778994 787560 793743 805383 810422 821647 822723 831884 846926 848928 859669 863368 892747 894086 896606 925128 929143 930896 940274 941658 943582 945801 947741 959565 975319 976581 982613 992320 997793 1000202 1006970 1012986 1017159 1022751 1033396 1042729 1046443 1050438 1053064 1055344 1058932 1081247 1085762 1089503 1095542 1102937 1103650 1105135 1107129 1116746 1120229 1124846 1127096 1133107 1134720 1143975 1147221 1156685 1158122 1159431 1167908 1169136 1174645 1176239 1183859 1198581 1202216 1212885 1219229 1220694 1224310 1230229 1233582 1241890 1247957 1263783 1266367 1269991 1286033 1297375 1298431 1308043 1311745 1317491 1324885 1326108 1332453 1333613 1339777 1344123 1345906 1366131 1382537 1384286 1387768 1391844 1393442 1401506 1403857 1404783 1407066 1412224 1413054 1417290 1432375 1444479 1446623 1460849 1470114 1471760 1497315 1504080 1507153 1514277 1518449 1521963 1523974 1525472 1527193 1529493 1535945 1539149 1575928 1578676 1583133 1587526 1589131 1590622 1597960 1600270 1604424 1607736 1608601 1610336 1613021 1614335 1618704 1628217 1632729 1637117 1644379 1649148 1654914 1662253 1664302 1666451 1667970 1679251 1681023 1688217 1701293 1709776 1710933 1714936 1717828 1729729 1734678 1737462 1744980 1749334 1755933 1762723 1767736 1781135 1787541 1793271 1799773 1810513 1815959 1819074 1825067 1829306 1838424 1859260 1866091 1868921 1872251 1889270 1892170 1894014 1897888 1906778 1915345 1922817 1934095 1941433 1965587 1992294 1994670 1999804 
</Matrix>
<Matrix name="Neuron_224" type="complete" rows="1" columns="801" multiplier="1.0">
   1109 2043 3139 7556 8919 12829 13899 16289 17062 19418 21632 22779 25106 31624 32836 35558 38710 40513 41827 44737 46806 47536 50765 55020 61247 64991 66105 67434 69689 73388 79965 80743 83443 84799 88155 89732 96641 99033 99781 104431 108262 110140 111282 112950 113571 115624 118591 119870 121453 124427 125643 128422 131210 132470 133794 139948 141771 147795 149014 151485 154623 156524 159705 163175 164435 166893 169391 170929 174884 176612 179180 180635 182696 186700 190117 193234 199204 206079 207239 208101 217343 218614 219902 222625 223996 226713 228026 231887 233486 234871 236824 239000 250275 251690 253594 254542 255305 257023 258580 260130 261707 262448 263659 266862 268216 269346 271364 275078 277071 281897 286305 287733 289009 291696 292717 297530 299953 301519 303868 305041 310784 313264 315362 316794 318295 320267 321521 322944 324358 331136 334036 339676 345006 345685 346610 347801 348584 349867 353002 353544 354741 356202 358387 359531 361062 362419 364445 369327 371279 372999 382092 383764 385316 386891 389752 391028 394156 398162 400472 403261 412323 415129 415762 417092 422697 425800 429662 430658 440018 440723 441806 444308 448277 450991 455741 457443 459213 461153 464432 465915 467327 468496 470469 471587 473554 475590 477030 478299 479337 480551 483377 485828 487343 488673 494355 498638 499415 502118 505445 506133 507177 508682 510273 511001 513190 514060 515220 518754 521548 523856 525854 526624 529510 531080 533433 536146 538464 539181 541348 542252 543388 544571 546569 548196 549174 550621 553652 555405 556618 559699 566658 568208 569715 570785 573539 575058 578128 581825 582832 586851 590159 594086 594934 597477 599442 600808 601634 603186 605044 606292 609438 611210 613666 615330 616574 617838 619599 622489 626201 631389 632139 633569 635029 638954 643549 645149 646942 647644 649678 652059 653079 654179 654973 656557 657702 661709 662551 663433 665118 669364 670978 671842 673635 676576 678780 679723 680813 681640 682658 684429 686298 687700 688875 689879 691856 693798 695211 697134 699357 702512 704064 705361 707480 709463 711304 717245 720390 724793 727690 728747 732638 735472 737592 740003 740731 742340 746736 750297 754879 755965 761565 766174 767658 768560 776463 779719 781790 786810 788631 789940 793383 796190 798066 799183 799819 801066 803286 809283 810738 813027 813886 815666 818705 820732 822828 824584 826038 829306 833142 834570 843622 844772 846420 847679 849955 851063 854283 858541 860146 863059 864984 867067 874187 875448 876624 880591 883194 884645 886442 888534 890067 893224 896950 902955 907613 912056 913018 916975 920258 921894 924045 928836 933478 934727 936706 937384 942345 947147 949767 950974 952418 955319 957116 958622 959753 961554 964182 965220 966244 967778 970718 973195 974302 976210 978107 982067 984730 986913 988687 994435 996209 997360 1001284 1001968 1002695 1003301 1007939 1009863 1011831 1016042 1018709 1023851 1026253 1027476 1030165 1031993 1033097 1034008 1036479 1037735 1038674 1039796 1043674 1044792 1046209 1047434 1049426 1051288 1052120 1053680 1061028 1063577 1066853 1069154 1070113 1072448 1073709 1074861 1076482 1078642 1080562 1081885 1089471 1092192 1098848 1100414 1105834 1108469 1109721 1114135 1115739 1116691 1117968 1122161 1125402 1126335 1133460 1134707 1136602 1140612 1143076 1147949 1152363 1158039 1159611 1164578 1168081 1169517 1171451 1178596 1180188 1181514 1184991 1189960 1191055 1192704 1198074 1199153 1204870 1212267 1215862 1217100 1222123 1223576 1226320 1228602 1231398 1234062 1235506 1236997 1237902 1240981 1242021 1243397 1246153 1247895 1249587 1250631 1251595 1261652 1262532 1264373 1266014 1269868 1270977 1272192 1274102 1277670 1278769 1279826 1282876 1284813 1285742 1286945 1289377 1290471 1291815 1293178 1295682 1299539 1304069 1305428 1309251 1312262 1313570 1316404 1318837 1319960 1326783 1329769 1343248 1344291 1345624 1348277 1349306 1351692 1355313 1361136 1362576 1364290 1366533 1367859 1369119 1371269 1373788 1376981 1377700 1385639 1387361 1391320 1393039 1394030 1397783 1399722 1404016 1405780 1409485 1411113 1412418 1416047 1418741 1421548 1423061 1423906 1425184 1427559 1429453 1430848 1432556 1437218 1438080 1439618 1445477 1447463 1448500 1450894 1454645 1455843 1457844 1459325 1461877 1467242 1469740 1473501 1475858 1479231 1483026 1488322 1494556 1495433 1498012 1499026 1501330 1502528 1504989 1505949 1508551 1510113 1511736 1512785 1515896 1516699 1520075 1520909 1526156 1527289 1528417 1529202 1532820 1533923 1535025 1535763 1536799 1542950 1545342 1547202 1547864 1553715 1556080 1557739 1559214 1562329 1563231 1563903 1571748 1572558 1573695 1575015 1578921 1580256 1581329 1582379 1583411 1584217 1585850 1589013 1595856 1599990 1600958 1605045 1606416 1610990 1612916 1614237 1615358 1617899 1619323 1623290 1632793 1634131 1635222 1637340 1638462 1640876 1643982 1646017 1647269 1650201 1652425 1653758 1657816 1659518 1661594 1663958 1664711 1668269 1669029 1671986 1674625 1678301 1683861 1684587 1685457 1686678 1688061 1691477 1693345 1699428 1701502 1702556 1704792 1706306 1707455 1711743 1713043 1718448 1720606 1722796 1723799 1727468 1728573 1729674 1730505 1731750 1733596 1737138 1741864 1742627 1743665 1744841 1746703 1748498 1751994 1753764 1755094 1757804 1760331 1761096 1764143 1769124 1774681 1776533 1782526 1784243 1785188 1786977 1789026 1790602 1792784 1794658 1797665 1800768 1801661 1804249 1805175 1806896 1811350 1817410 1819339 1822192 1825448 1828590 1830236 1832382 1833234 1834348 1837143 1838254 1839234 1841382 1843939 1846261 1848089 1849156 1851194 1854223 1856514 1857240 1865474 1866276 1869929 1873352 1878712 1879590 1882541 1883530 1892227 1897473 1899826 1904150 1905347 1910145 1913997 1915654 1919010 1920217 1923676 1924878 1925672 1927613 1929792 1931933 1934230 1934975 1938413 1940196 1943480 1948466 1952584 1954093 1958683 1959783 1961424 1967105 1968952 1972688 1977582 1979751 1982344 1990617 1995002 
</Matrix>
<Matrix name="Neuron_231" type="complete" rows="1" columns="213" multiplier="1.0">
   12475 14924 26485 32900 38293 65967 82403 87506 90477 95298 103241 112486 114437 129098 157524 170571 181285 190042 203170 209528 222007 226276 228201 237737 247753 251014 265677 269216 281470 285241 287693 290039 291749 294109 304748 311069 316200 326772 329985 360241 369526 380931 382291 392613 407326 429301 437859 474767 483920 489058 490839 511643 530140 546771 557452 562342 563552 567873 571292 577567 595015 623264 625666 636822 657466 663001 666048 672125 675163 708101 729504 732578 742527 767418 770772 776805 804498 805667 809658 817164 819070 826021 830903 854357 885562 891802 904750 918952 942680 947991 979473 982108 993122 997710 1005350 1007309 1014275 1019909 1033816 1037282 1055918 1062658 1066008 1067482 1093775 1102313 1119850 1121668 1126649 1127630 1130156 1143221 1145640 1148903 1150574 1156821 1165047 1166030 1171776 1175120 1176160 1192025 1200892 1213704 1214951 1216670 1229863 1234206 1244873 1251884 1253851 1269135 1275682 1279368 1280767 1284077 1291166 1293229 1302929 1312105 1326622 1331552 1338492 1343152 1347869 1366590 1381677 1388444 1415923 1420411 1423218 1434936 1454117 1459244 1461453 1467307 1471561 1483344 1489576 1493691 1520173 1521801 1544890 1546939 1549722 1561962 1563750 1592946 1593779 1611181 1627851 1632050 1643811 1648224 1656058 1666628 1672645 1679120 1696327 1709793 1716916 1727804 1731653 1735684 1749810 1759260 1760582 1785240 1798969 1805460 1811410 1820152 1830437 1833713 1841140 1846088 1848200 1856039 1859368 1864685 1869832 1885456 1898166 1901802 1902911 1907102 1912381 1916071 1918715 1931521 1941654 1984451 1995823 
</Matrix>
<Matrix name="Neuron_234" type="complete" rows="1" columns="926" multiplier="1.0">
   3779 5964 9196 9740 12007 13463 14703 17749 19784 20458 21386 22466 23321 25247 28215 29556 30669 33286 34051 36334 37065 38124 39318 40389 44308 48337 49896 51022 52937 56346 63685 69034 70898 73652 74950 76698 77671 81940 84555 87026 91788 92991 94251 96878 99961 100780 104112 107667 110231 116677 117523 118635 119645 121852 126555 127457 128560 129506 134804 136470 139125 140003 142572 143571 145453 146864 149290 153123 155083 157560 161089 161817 163408 164643 165987 167221 171258 173177 174518 177097 178863 180243 182026 186975 188601 192249 194020 197880 200311 202046 202841 204491 205785 208600 215476 217298 223459 227189 228087 229400 230667 235083 239658 240870 241930 242977 243720 244454 246026 247113 248237 249961 252414 253320 255790 256910 258113 259607 263309 265392 271027 271903 272982 274899 278878 280315 281308 282180 285686 287691 289689 291322 294031 296822 298288 300263 302365 307041 308835 310585 312715 314455 315997 317202 318126 320093 322445 326734 327463 328713 329873 331037 332019 332932 334126 335517 339624 340597 346275 348765 351006 357299 360233 361488 364641 368941 371562 376466 381592 382727 384384 385504 387593 388963 389882 391103 394835 398809 399895 402026 403529 405543 406620 408087 410272 411925 413407 416143 418315 422497 426441 426970 430116 432039 433617 435716 436538 437125 438369 441621 445500 447267 448176 450446 451583 452847 457475 459709 461027 464071 465671 467681 469885 470992 473450 474669 478459 483965 486675 489888 490991 492084 494914 496025 497365 500092 504457 505364 508315 510702 511570 513292 514166 515114 516495 524057 525338 529540 533344 535179 537468 538695 540919 551901 553437 556390 557464 559965 562106 566499 568741 570029 573944 574573 575120 579923 580815 581574 586776 588316 590249 592629 596478 597376 598792 599783 601221 604498 605503 606368 608158 611790 612987 614183 619036 621251 623619 628430 629715 631355 632648 634563 636692 637537 638672 640384 642234 645198 648171 649475 650329 651933 653868 655919 658696 662068 664168 665221 672517 673720 675161 676232 677271 681110 681971 683015 684505 686205 687374 689061 692002 692922 693645 694587 695608 696676 697537 698113 699075 702702 705380 706152 708260 709485 711289 712771 715901 717245 719691 720669 721863 724058 725193 727196 729965 732872 733957 738073 742395 743560 745373 746593 747672 749390 755878 757098 760782 761792 762413 764997 767046 768875 770080 770739 771434 774216 775717 778034 779290 780369 782325 783713 785138 788230 791037 792360 793468 795399 796472 797827 799480 800377 800981 801848 802958 803823 806505 807745 810750 811812 813852 817515 822400 828062 829071 834339 836373 839428 840629 842110 843166 844254 845571 847096 849872 852531 853301 855619 857057 859933 861568 864284 866495 868645 870119 873396 875172 876714 881339 883496 886335 890121 892159 894018 895092 898011 903956 905355 907651 910020 911022 912191 913627 914135 915826 916871 918198 920359 922449 925346 928202 929954 931139 932654 934850 936337 939000 941179 942548 944856 946113 948190 950271 952455 953478 955647 957448 958887 959466 963785 964686 967416 970243 974560 975918 978855 980101 981701 983541 985822 987115 988227 991176 992128 993446 996611 998712 1001804 1003538 1004978 1008719 1009636 1011958 1014114 1017319 1020854 1022157 1025743 1030417 1031967 1033682 1034689 1036440 1037565 1040450 1043474 1044824 1047382 1048829 1049832 1051322 1053772 1054943 1055874 1065605 1067066 1068316 1069129 1070920 1074376 1075112 1077782 1080011 1081173 1084462 1087013 1090290 1093076 1094149 1096659 1098722 1099609 1100501 1101752 1103395 1104532 1109138 1110386 1112865 1114665 1115650 1118824 1119990 1121462 1126783 1130934 1133283 1135412 1138008 1138723 1141752 1142847 1143539 1144541 1146608 1147534 1149066 1150134 1151833 1154824 1158854 1161247 1166182 1167694 1169598 1173930 1178286 1180779 1182305 1184217 1185136 1186061 1187979 1188786 1189737 1190375 1194780 1196215 1198121 1198877 1200825 1202697 1206684 1208854 1212626 1213340 1217497 1220497 1221763 1222554 1223907 1224895 1228310 1231668 1234323 1235193 1237218 1238564 1240915 1242620 1246241 1247044 1248867 1252274 1253414 1255323 1256427 1257374 1259197 1260859 1263708 1264737 1265570 1267342 1268546 1270163 1275203 1277589 1278959 1281502 1282708 1283506 1286430 1288278 1289642 1294120 1294987 1296928 1300893 1305929 1307720 1310215 1312183 1314841 1315668 1317583 1318385 1320922 1321928 1323668 1326480 1328721 1330796 1332311 1334797 1338771 1340684 1342332 1343379 1347446 1351392 1352798 1355514 1359108 1365578 1367680 1372577 1373581 1377362 1378420 1380875 1387395 1388852 1389861 1391124 1395938 1396653 1398428 1400255 1401308 1403336 1406850 1408201 1410966 1412052 1415032 1416693 1418475 1419245 1420057 1420792 1421922 1423054 1424842 1426545 1428030 1429280 1430467 1432252 1434786 1435809 1438774 1441342 1442897 1446950 1449265 1451678 1452656 1454314 1455434 1461825 1463614 1465339 1467461 1474142 1478751 1480166 1482540 1483947 1485868 1486927 1488291 1489802 1490632 1493473 1496241 1499306 1500883 1501940 1506241 1508269 1508852 1510787 1511688 1513400 1515322 1516123 1521363 1525853 1527931 1529035 1530654 1532309 1533611 1537807 1540722 1542409 1543963 1545743 1547121 1548723 1550355 1551684 1553444 1555893 1557194 1558426 1559494 1563270 1564721 1567065 1567785 1568762 1569638 1571570 1573123 1575703 1576808 1579024 1585772 1586740 1591910 1594178 1595695 1598166 1600582 1601472 1603017 1605400 1606544 1608482 1611342 1615140 1616132 1618824 1619756 1621277 1623883 1624374 1625152 1626105 1629261 1632814 1633736 1634700 1635713 1638330 1639578 1641445 1642303 1646999 1648388 1649302 1651288 1653362 1654208 1655405 1656996 1658221 1659780 1662237 1667216 1668259 1669795 1670858 1671953 1676068 1676830 1679136 1680255 1682340 1683970 1685707 1687715 1690506 1695144 1696613 1697892 1702071 1704169 1705553 1707038 1709141 1710306 1721519 1724120 1725384 1727183 1728197 1729252 1730527 1732750 1735605 1737847 1741501 1744227 1745680 1746910 1749599 1751974 1753066 1754984 1757035 1759472 1762069 1763161 1765756 1767589 1772135 1774390 1776745 1780639 1781805 1783124 1784247 1787326 1788192 1789316 1794294 1797006 1799466 1803746 1804555 1807011 1811130 1812268 1812861 1814647 1818564 1820588 1821962 1823794 1826400 1831585 1835464 1836611 1839147 1840171 1841287 1845042 1846161 1849422 1850464 1852042 1854463 1855157 1856154 1860443 1863736 1869526 1870628 1874176 1875259 1880571 1881761 1883066 1884688 1885776 1887873 1889561 1891213 1893324 1895234 1897096 1898609 1899521 1901113 1905707 1907750 1912629 1914022 1916428 1918689 1922157 1925288 1927494 1929237 1930251 1932317 1935105 1937321 1938862 1941525 1944545 1949299 1953282 1956029 1958700 1959978 1962795 1964535 1965223 1966762 1968255 1969111 1971552 1975864 1978811 1980406 1984289 1985235 1988369 1990532 1991294 1995218 1999915 
</Matrix>
<Matrix name="Neuron_277" type="complete" rows="1" columns="410" multiplier="1.0">
   4359 9952 11276 15682 17362 24458 28216 31636 35195 47969 51377 53567 59148 61803 63625 67625 70521 74735 77185 80556 82548 84106 94314 95728 98832 106374 107455 111325 124591 125684 130477 132062 132871 136157 143408 156420 158590 182249 194147 197344 199372 206835 209426 211749 216963 221238 228644 237013 242015 250189 252032 257610 267078 268744 271286 273304 274743 277220 280858 282697 299856 307838 309083 312381 321036 325418 330985 332537 337428 343807 345741 349033 352259 357453 362966 363863 376105 377833 381281 385116 394024 404409 412409 415350 422500 423500 433253 436577 438930 447202 451723 463935 464946 466589 474242 478512 480484 482690 492273 493970 494882 496252 500823 502045 503603 506331 509050 514160 515868 520632 532213 534342 535785 540104 542956 552005 553953 557055 559417 563784 565776 567691 571294 579323 581044 590273 592311 594796 595873 603154 604349 606956 611375 612792 618075 629084 631837 637450 644601 652521 655501 657476 666652 674431 678671 679579 686001 689731 691950 699045 704393 710378 722525 726490 730835 734354 744936 755137 758504 760594 767706 770867 775518 776971 779645 791726 794402 795054 796907 798414 802924 807220 809096 811389 812705 816128 818678 820586 829829 840916 845087 852519 853534 869968 878525 881244 882561 894557 901131 904951 912810 914801 915829 920809 926236 927444 932317 936059 942526 943590 945756 947347 952615 958341 960631 963918 965893 974451 984503 986989 988847 1001924 1016845 1017635 1018702 1024241 1030724 1033435 1034353 1042494 1050975 1051847 1054793 1057757 1058576 1071906 1073214 1079712 1094254 1096941 1099429 1100838 1104094 1115064 1128686 1133383 1142568 1155750 1158264 1163019 1166209 1168204 1174301 1177200 1180813 1182317 1187362 1188911 1196634 1202384 1207910 1217070 1218696 1223513 1225046 1235457 1237800 1247789 1249605 1256518 1257536 1260606 1269392 1281952 1286433 1292212 1294454 1302526 1313393 1317059 1320398 1321202 1322647 1324181 1336309 1339141 1341072 1343158 1346923 1354499 1357482 1359135 1360861 1367067 1370569 1373935 1384608 1389030 1392053 1398549 1399729 1404565 1411094 1412729 1418574 1426256 1429181 1432647 1435339 1443398 1448006 1450417 1453667 1458399 1463445 1470077 1471726 1474666 1479904 1483508 1487841 1496912 1502454 1508761 1515075 1525608 1527698 1529088 1532517 1535512 1537253 1553070 1557672 1559180 1561092 1564319 1566281 1571396 1575471 1579017 1582280 1584213 1586588 1601043 1604644 1609197 1627551 1630789 1636676 1645696 1655835 1662659 1666374 1672051 1674875 1676220 1678188 1703472 1714078 1715661 1716603 1720004 1726138 1729089 1732054 1736380 1737692 1747596 1750735 1755328 1757068 1758965 1762494 1766221 1769728 1777143 1779291 1794181 1796173 1802323 1805240 1807053 1810638 1814168 1822329 1823633 1825561 1832286 1836160 1842178 1845741 1847885 1855137 1857942 1876944 1880825 1883568 1888521 1892373 1895980 1897206 1898140 1904399 1909870 1912353 1913520 1936421 1944000 1949376 1955495 1964134 1965475 1966802 1967775 1969364 1971489 1980295 1984361 1985903 1993709 
</Matrix>
<Matrix name="Neuron_287" type="complete" rows="1" columns="273" multiplier="1.0">
   4785 14824 21738 29483 42270 77733 82233 84177 99733 108010 113641 115172 132284 136121 142711 145468 147377 165924 168912 172228 177332 180987 203968 214726 226293 233654 241563 248571 262393 264942 267247 272107 287091 291753 299236 301136 308651 311982 316617 318877 321166 331553 338392 339580 341387 351823 355185 365966 377701 388320 395227 398635 402405 421249 428490 431785 436227 440506 442266 444668 459365 474035 474848 480907 483911 493159 494925 499493 506602 508922 519444 525855 540230 544012 547676 549113 552009 559513 567704 572651 579107 584641 587125 589262 605363 610012 613832 615413 629350 630625 633188 644183 660314 674266 689812 704907 708692 713957 720447 735732 739054 751518 754146 763635 767677 770248 786897 792663 810209 812945 816805 818758 824469 832882 841852 843817 854883 856998 864364 866027 871865 879780 889504 896353 900161 918399 922488 931076 932093 937120 942476 948361 953137 977278 982001 987371 991796 995706 1007314 1014730 1024950 1032014 1043632 1046380 1057347 1061747 1069454 1072068 1097855 1114115 1119667 1123255 1132183 1134305 1148994 1154670 1161407 1166357 1169763 1184525 1194618 1207350 1211223 1215032 1220840 1246653 1252325 1258973 1267998 1275273 1288287 1296856 1301554 1307696 1312530 1315736 1330023 1333912 1340012 1343398 1347023 1354156 1359585 1372029 1375268 1376761 1380809 1382296 1398008 1399296 1403270 1407270 1408936 1417432 1418691 1428714 1447588 1458701 1460933 1473440 1480143 1486095 1504290 1507202 1517093 1519064 1531693 1534431 1550947 1558155 1570813 1575192 1579161 1595452 1600075 1607325 1610154 1619314 1625758 1633670 1643916 1661196 1671035 1672693 1689269 1695195 1702648 1709253 1716535 1723564 1726175 1732235 1735616 1751680 1755680 1760572 1771670 1778876 1782144 1811399 1813683 1816580 1821382 1844997 1847932 1851086 1857278 1866879 1873435 1874928 1876863 1881013 1888380 1892443 1896948 1900790 1904309 1907612 1909342 1915288 1919716 1926334 1933650 1937842 1941719 1949040 1955225 1958489 1963668 1976320 1982872 1986868 1997432 
</Matrix>
<Matrix name="Neuron_297" type="complete" rows="1" columns="111" multiplier="1.0">
   5217 12140 42523 57523 93465 102103 104981 165983 172522 188011 200797 204542 207526 221907 231903 247596 254683 272766 286784 297040 306701 403943 413604 446660 456837 458654 519652 522010 549257 592787 609109 610608 615894 651085 697358 703202 708255 730749 739877 746442 749146 777467 790486 797108 802212 816208 831273 833839 839096 842334 857834 889261 911664 916052 922885 924317 966142 979543 985831 992145 1068442 1072377 1074356 1078197 1081485 1089213 1113451 1159164 1163444 1164689 1170435 1177683 1194258 1203328 1210135 1220611 1224375 1236389 1243129 1258268 1277484 1313089 1324215 1333735 1337404 1338456 1361965 1397778 1415058 1450941 1457658 1510006 1512489 1531594 1560318 1571691 1598332 1610426 1662703 1688553 1739970 1823353 1841055 1843407 1850039 1883838 1900450 1912405 1920548 1967594 1989374 
</Matrix>
<Matrix name="Neuron_307" type="complete" rows="1" columns="869" multiplier="1.0">
   2827 4111 5852 8900 15049 16670 19214 23354 25360 26354 27888 30572 31672 36272 40815 42310 43171 45153 48341 49162 53756 57426 59624 61680 66488 68251 69148 70996 74183 76080 77800 78716 80015 81306 82205 84191 85457 86940 94883 99731 105371 107287 111815 112853 115612 117345 118501 120250 122014 124802 129755 131845 133942 136835 138067 139618 140281 142017 142980 144549 147179 148104 152195 154347 155684 158901 161210 162861 163381 166975 168798 172128 173964 175352 178063 179662 181004 184276 186555 189502 192226 195447 196396 198538 200407 201407 202157 203599 205153 207390 208330 212419 214686 215362 218270 220710 226327 228556 231153 232176 233140 235117 236161 237003 240629 241339 242109 243217 244706 249798 251513 254407 255331 257013 259343 260743 261865 268067 270127 271714 275806 277950 282300 287929 289917 292968 293942 295825 300438 301905 304427 310410 311951 314065 316139 318170 322082 326210 331638 333276 334761 338793 339809 340628 346925 348055 349296 351409 352617 353908 356513 358844 364102 365651 368085 369518 373348 374691 378887 381381 382511 384554 385840 387661 389610 391512 394216 394934 396149 400818 402116 403069 404262 405938 411321 414396 416816 418025 419258 420279 423397 424667 425927 428204 429960 431860 435022 436089 440012 441784 443343 447128 451450 452457 455025 457801 459117 460440 464099 468859 470298 471796 472923 475151 480396 482152 483184 486097 488946 491554 492507 493604 496164 499175 504139 507497 508691 514329 518919 520155 523697 525789 526633 532350 535265 535953 537019 541276 542224 544890 550255 552402 555295 557805 559042 561912 564976 567077 570768 575133 576804 577826 581671 583880 586874 587807 589294 590788 592239 594403 596281 599425 600972 602484 605369 608922 609712 611596 614377 615914 617054 619015 621530 622778 627061 629286 634781 640623 643298 645116 648865 653062 655933 657031 659344 661649 663808 666532 669417 673599 674437 676396 677645 681308 682547 683482 684720 686419 688731 689413 690732 693828 695424 698868 700914 705105 706670 707865 708824 710860 711734 715649 717128 719424 720218 721374 727171 730156 734142 735390 736671 738343 741917 743929 745846 748650 750283 752141 754667 755707 757068 757859 760075 761966 762735 768409 769127 770330 771850 773429 774710 776048 777543 781779 784488 786626 788128 793995 795685 798313 801185 804198 805461 808056 811078 814144 815983 817500 819187 822717 823892 825462 827712 828883 829877 833275 835273 836564 841404 845421 847014 848157 848930 856934 859703 861001 868175 871228 874469 876361 879279 882015 884038 885417 887409 889638 890988 893382 895107 896108 899386 901260 902367 905498 908003 910910 911857 916510 918879 920477 921729 922857 925485 926751 928647 929668 935555 937214 939581 941029 946337 948343 949786 951024 952084 953917 955214 956632 958862 960258 961002 962365 963169 964268 969885 971335 975373 976749 978324 980550 983329 984584 986738 987638 990391 996311 997208 999564 1000925 1003649 1007260 1009541 1012498 1014858 1015849 1019100 1020451 1025235 1029351 1030688 1032534 1033406 1035050 1038032 1043815 1046924 1050613 1052756 1054562 1056158 1058350 1059521 1060420 1061260 1063544 1064525 1067601 1068432 1070165 1071768 1073361 1077719 1078571 1082197 1084345 1085181 1087619 1089714 1091708 1095239 1095883 1098223 1099433 1101602 1108185 1110377 1111753 1113941 1115369 1116687 1121117 1124130 1125096 1127253 1128671 1131380 1134712 1138240 1139429 1142009 1142861 1144750 1146511 1149682 1151517 1155143 1157597 1159702 1164984 1166243 1168286 1173171 1175237 1180576 1186512 1189243 1192309 1193381 1195730 1197164 1198778 1200197 1201996 1202950 1204639 1207877 1208580 1209296 1210029 1212501 1213383 1215113 1219009 1219690 1220754 1221425 1223929 1224919 1227543 1229656 1233041 1234010 1236789 1238368 1240011 1241727 1243405 1245210 1248089 1249156 1250530 1251770 1253556 1254958 1260243 1262759 1266301 1267857 1270607 1272589 1275999 1278307 1279285 1282324 1284319 1285560 1286949 1290288 1291972 1292974 1293641 1295355 1296472 1297525 1298926 1300125 1303949 1309831 1311044 1312396 1314317 1315782 1317479 1319539 1325743 1327303 1329742 1331702 1333706 1335929 1336756 1339130 1344789 1346183 1349226 1352622 1354391 1355789 1357199 1358235 1361027 1364886 1368176 1368964 1371334 1372005 1375690 1378225 1381151 1384188 1389237 1390792 1392311 1394455 1397699 1399573 1401041 1402011 1402921 1404450 1405973 1408826 1413171 1415403 1418817 1419877 1422377 1427072 1428216 1431266 1432594 1434629 1436379 1437961 1440398 1442430 1449204 1450505 1454841 1457663 1460832 1462539 1466936 1470342 1475076 1477107 1480863 1481940 1483473 1484739 1485716 1487813 1488913 1490962 1498533 1507311 1510676 1511538 1515350 1516427 1522051 1524212 1532845 1535371 1536183 1538787 1541012 1542458 1544092 1545582 1548411 1549817 1551639 1553784 1556041 1557680 1559092 1561088 1566123 1569981 1571964 1576449 1578228 1580604 1585847 1588863 1590113 1593926 1594847 1596495 1597354 1599451 1601993 1603852 1607366 1608371 1610027 1611593 1614060 1616288 1617477 1620152 1622734 1626553 1627891 1629154 1630425 1633319 1636911 1639036 1642232 1645005 1646387 1647409 1649431 1650418 1651277 1656367 1660404 1662364 1664339 1666065 1667809 1668860 1672327 1673631 1675729 1677852 1681205 1682253 1685263 1686303 1688734 1689950 1691558 1692634 1694609 1695653 1697238 1699254 1701338 1703972 1704856 1709119 1714386 1715478 1717565 1719516 1721360 1725059 1725725 1727221 1728855 1732138 1733051 1735646 1738240 1740474 1742271 1744446 1746236 1747665 1752397 1753530 1754811 1755923 1758820 1760230 1763884 1764874 1767193 1768871 1769789 1770992 1772335 1773651 1775357 1778073 1781429 1784420 1786834 1788777 1790258 1794688 1796920 1799949 1800729 1803437 1805703 1810443 1812613 1813925 1817702 1820543 1821912 1822579 1823760 1825490 1828310 1829642 1830672 1831687 1834681 1836680 1838268 1842370 1845919 1852046 1853101 1854443 1856107 1858313 1860226 1862277 1863465 1866489 1867909 1869024 1870834 1872093 1876157 1877864 1881316 1887968 1892694 1893428 1894064 1895856 1896648 1898011 1901871 1903483 1905488 1910694 1911567 1916838 1920641 1922013 1923774 1925500 1929619 1930730 1932075 1932920 1934506 1936571 1938255 1940830 1941695 1944510 1950127 1951572 1953256 1954898 1958477 1961466 1963492 1964263 1965361 1966466 1969270 1971061 1972981 1973994 1976798 1978033 1979526 1981413 1982449 1983414 1984037 1985027 1986188 1987156 1988495 1989249 1990586 1993772 1996830 
</Matrix>
<Matrix name="Neuron_317" type="complete" rows="1" columns="134" multiplier="1.0">
   14538 25604 30188 31594 60813 99893 101814 108910 111840 143838 148850 151520 163657 167264 171753 177393 190401 195568 206413 238211 256958 274958 294847 303146 328324 332774 341407 394574 403389 417859 419207 429396 433562 455153 464924 466934 471734 477068 484418 513360 525326 533143 555701 559517 580993 639024 647436 649136 663639 688308 693841 701781 733080 737324 742786 744004 790018 821158 868423 879936 890249 893184 898963 913429 926219 944920 966796 973651 985968 1004785 1021823 1051257 1060169 1062105 1079987 1120242 1165794 1168505 1174534 1180531 1187806 1196069 1204336 1267895 1322754 1335151 1336173 1339450 1345731 1354185 1355857 1366122 1409182 1414202 1415750 1435914 1455617 1482408 1498560 1503021 1547570 1548549 1555544 1578031 1595557 1600075 1605654 1608662 1612328 1617622 1626229 1654764 1669653 1675440 1698012 1703372 1710118 1712462 1715855 1721781 1722686 1737459 1749829 1758952 1762178 1807780 1825450 1874293 1876367 1883374 1941607 1967434 1985707 1995312 
</Matrix>
<Matrix name="Neuron_327" type="complete" rows="1" columns="690" multiplier="1.0">
   1275 4214 7168 20875 28252 33371 35402 38280 42812 44865 46046 48621 49638 53460 54135 57042 58778 60209 62539 64121 66237 67364 75112 77797 79346 82855 84102 85248 86454 89459 92089 96489 100972 103405 107157 110313 114767 115491 117995 118701 120873 123576 126054 127192 128725 129814 131173 132899 135646 138000 142300 143904 145247 146605 148876 149908 152214 155168 157067 157856 159096 159890 163564 165444 172762 175172 178035 179066 181406 183696 185927 187325 189712 191959 194064 196443 198939 202464 204809 207636 209176 212646 213414 216665 220113 223546 224538 226051 228306 231788 232819 235968 242257 244192 246898 248349 249510 257072 263871 265273 266592 267691 276898 278827 284162 285822 286941 290045 292321 293403 297847 298673 300284 301584 303524 305300 307840 309597 310255 319690 325201 326881 334766 336600 339064 341004 346873 348607 350542 351441 353407 358100 358973 359787 361518 363806 365908 367069 369681 370859 372534 375836 379667 380852 381755 389104 390434 391663 393822 395393 398000 400573 402210 407001 408335 411763 413779 422323 423921 426855 431091 437404 441618 445591 448245 451115 452512 454210 454907 456380 457872 459713 462052 467508 470581 472346 476214 477162 478572 480026 482298 485650 488295 491313 493423 495769 498784 505734 508805 511343 517562 518416 519088 521804 523834 526138 527170 529037 533503 535454 536252 538490 540693 547225 549800 551760 553589 554285 557044 560568 561439 562484 565804 570623 573879 575311 576241 577520 580376 582338 583128 589345 592787 593543 598721 602352 603632 605204 608636 609959 611574 616745 620118 622339 626815 629231 632268 634534 635539 638848 639613 644086 647277 648238 651832 652861 657052 659308 662622 669444 671233 677458 678630 683958 684704 686440 688917 690119 691504 693516 698001 705022 707936 711088 714119 715987 721290 723514 725728 726741 730885 734684 737430 738840 739978 740844 747452 748322 750342 753045 756378 764133 771018 772876 774801 781942 783710 784668 787120 791519 792679 793735 797252 798394 801066 803595 805689 810881 819718 821707 824837 826253 830235 831905 834093 842153 844823 851175 852093 853302 856873 859434 861443 866322 867420 869634 872624 873753 877657 878756 881852 889176 890075 892525 893837 899685 903001 904011 906332 911227 912153 914729 916068 920311 922110 924002 927261 928507 933139 934360 939607 941141 942436 945245 953010 954348 955436 958147 959594 961260 965158 968473 972146 976298 980842 982901 991963 994240 996881 1000482 1003626 1007280 1010135 1017670 1022086 1026521 1028154 1029620 1032822 1035214 1036835 1038872 1044883 1051940 1053108 1055789 1061569 1062924 1064483 1066729 1071256 1073841 1079531 1082412 1083170 1086571 1092257 1094299 1098725 1105446 1107128 1109142 1116049 1119167 1122679 1123949 1129881 1131648 1134725 1136560 1137786 1141423 1146527 1149500 1152566 1153514 1154322 1158915 1160175 1165528 1166680 1168424 1170461 1172611 1176934 1178772 1179912 1182572 1184682 1191933 1193288 1195631 1197464 1203079 1204306 1205683 1209610 1217550 1220490 1222235 1225281 1235880 1236865 1239656 1243323 1247293 1250901 1251913 1254344 1255956 1260921 1262446 1264328 1269547 1274339 1276106 1280105 1282876 1285257 1290050 1290933 1293697 1295598 1297365 1299060 1300826 1304858 1305872 1307760 1308910 1311555 1315666 1317001 1318077 1320929 1324424 1326799 1329487 1330863 1332106 1333460 1335509 1340166 1342336 1345797 1349655 1352018 1354129 1356418 1357366 1360166 1365919 1367142 1369361 1371768 1373829 1374683 1376524 1379664 1383856 1385768 1386583 1390160 1393200 1394092 1397735 1399511 1401145 1405876 1408136 1412036 1415627 1420458 1421959 1424553 1425692 1428308 1430652 1432352 1435662 1440536 1446796 1448933 1450891 1453085 1456996 1458547 1459909 1462482 1464432 1467951 1469515 1470679 1476760 1481434 1484647 1488544 1489428 1492971 1495125 1503185 1506032 1510707 1512452 1513770 1522097 1528348 1534013 1535841 1536692 1539469 1540874 1542844 1544034 1549013 1553004 1557698 1559337 1560977 1565996 1572300 1574620 1578926 1583474 1584343 1585795 1593294 1597132 1599017 1603961 1608978 1610452 1612004 1615136 1615804 1617869 1619856 1625320 1629790 1631521 1632354 1634046 1635560 1639186 1641692 1644953 1650301 1654088 1656030 1659384 1660495 1662906 1666281 1667256 1668590 1676530 1685194 1688266 1690077 1693148 1694718 1699831 1701447 1703768 1704882 1706031 1709238 1713202 1716149 1717669 1720177 1722017 1724715 1726789 1730654 1733836 1737528 1741191 1744512 1745490 1747899 1749675 1752113 1756120 1758029 1765535 1767269 1771332 1773193 1775166 1778342 1779981 1783344 1785380 1789441 1804043 1812695 1816866 1820426 1821962 1826951 1828621 1837130 1839504 1844911 1846501 1847964 1850529 1852115 1853753 1854935 1858547 1860461 1862954 1865433 1870710 1875977 1880888 1884372 1887551 1892181 1893205 1894780 1898235 1901580 1906429 1913773 1915994 1921445 1922816 1924238 1925427 1926171 1930323 1931782 1933061 1935864 1940416 1942326 1946405 1950611 1951787 1953287 1955672 1958783 1960086 1963856 1972458 1973331 1975277 1976268 1977136 1977851 1979889 1980746 1982698 1983973 1990712 1995676 1997227 
</Matrix>
<Matrix name="Neuron_331" type="complete" rows="1" columns="39" multiplier="1.0">
   52604 210332 235666 254555 266135 301052 353608 432265 555675 594367 634657 656376 681753 716458 718063 719390 733839 859941 918009 943770 966113 984747 1013707 1040653 1219132 1415832 1546026 1579989 1602162 1674249 1676538 1684878 1769045 1861381 1877917 1894902 1922045 1939499 1973088 
</Matrix>
<Matrix name="Neuron_334" type="complete" rows="1" columns="93" multiplier="1.0">
   27292 32643 67818 68659 105855 127006 129816 145586 160831 167390 203761 216984 220186 229388 232330 259391 267575 279498 283928 296719 301391 383000 394603 470460 474598 484144 487374 507994 518500 535346 543854 580908 624321 626417 671687 685234 716160 724741 727551 737188 838445 855942 868697 870909 900067 909373 927494 928806 935732 955714 968292 1035112 1044255 1047466 1053077 1074686 1082111 1125022 1133648 1161620 1187730 1199310 1220011 1244928 1254306 1294125 1295291 1370897 1382878 1448712 1466673 1469889 1484592 1490603 1515471 1563996 1595530 1633332 1636501 1639438 1689061 1705544 1716651 1770784 1776196 1785055 1789350 1790657 1863988 1894986 1899386 1908134 1956517 
</Matrix>
<Matrix name="Neuron_341" type="complete" rows="1" columns="953" multiplier="1.0">
   1510 4731 10148 15291 17424 18614 19677 21151 22062 23978 25913 31483 34299 35375 36226 37606 39021 41833 42857 43815 45222 46531 49421 50946 56706 57369 58949 63548 65571 69071 70135 71117 72316 73534 75359 78386 79444 80769 82910 84767 86713 91437 92623 93493 95339 96727 97868 101286 102120 103489 105760 110898 111961 112906 114183 116659 117392 120629 123213 125810 128289 129436 131505 133495 134418 136013 142115 142928 144823 146507 148366 149230 150594 151907 154333 157572 159234 160750 161890 163426 164333 166025 167137 168593 170017 172612 175451 179030 180288 181314 182005 183420 184973 187305 189536 192104 193270 194522 195807 196933 199221 200726 202229 205377 206809 209896 212077 216172 218268 219850 224057 225912 227616 229290 230281 231122 232084 234073 237382 238465 240196 242327 244188 245100 247149 248054 249630 250406 255078 258147 260632 262828 264166 265225 266916 268489 269588 272602 274909 276286 278464 281441 282252 284602 291494 293198 295053 297362 300221 301247 302217 306247 309815 310682 315989 316985 318212 319797 323437 327646 329124 330809 331953 334106 337122 338510 339779 340922 343062 344828 349493 352197 353170 354056 357490 358640 359532 361432 363004 365492 366353 367317 369524 371573 373116 374365 375803 379084 380735 383810 386307 386967 389020 390211 392495 393743 396405 397820 400392 404223 406943 408024 409897 413629 415181 416981 418419 420338 421871 423031 424629 427820 429652 431035 433249 434084 434911 436852 438267 439867 441311 442913 446393 448579 451168 452479 454882 457908 459367 461391 462105 465356 466492 467665 468803 469733 471314 472421 474042 478574 479156 480799 481790 484787 486019 491702 495626 497525 499356 500520 503020 504309 505459 507858 510381 511479 512551 514589 517258 519199 520906 524246 525957 528553 529679 534812 536180 537109 538662 540748 541876 544857 545832 547018 550346 551474 552526 556322 558020 562958 569058 571598 573298 576292 578264 580115 581423 582415 583983 585699 588955 599333 600090 601730 605185 606430 607685 608878 611048 613448 615243 616225 619314 624468 625558 627718 628570 629608 632083 635516 642372 644450 645898 647007 650059 652803 653794 655807 657348 664351 665635 668048 669894 670543 672804 675859 678383 680103 682502 686290 687600 688581 689546 693597 694559 696091 699069 701770 702791 704183 704919 706386 707245 709385 710309 712516 715538 716890 722411 724638 726705 729857 731177 733638 734950 736099 737827 739275 740713 741738 743541 745411 747073 748987 750111 751042 753169 754471 756101 757171 764781 765926 770161 773062 775445 778547 780174 785195 787357 788711 789804 791599 796223 798230 800353 805485 806441 808168 808822 811113 812193 813484 820470 821667 822790 825591 830086 831368 833286 834478 835588 836294 837507 840527 841990 842989 844954 845922 846715 848211 850048 852227 853577 855214 855997 859604 862364 866123 866899 868953 871148 872666 876021 876846 877655 879149 882265 883686 885154 886512 887579 888550 889518 892263 895164 896894 898937 901255 903106 907088 909197 909959 911794 912746 913822 916358 917947 919724 921307 923683 927961 929540 931740 933504 935094 937299 940737 942927 944927 953657 957767 959344 961155 962072 964068 966339 967581 968442 969341 970967 972296 972948 974858 980198 985425 989899 992068 995246 996575 998791 999442 1001132 1003809 1007847 1009691 1010754 1012493 1014821 1017964 1022295 1023873 1026509 1032118 1033157 1037774 1038903 1040597 1043842 1046652 1049147 1050905 1055584 1058581 1062651 1066287 1067334 1068503 1069657 1070835 1073007 1074463 1077391 1079375 1082287 1083586 1085673 1087635 1088590 1092691 1094415 1097406 1100076 1101300 1102476 1105391 1108535 1111927 1113249 1115648 1117185 1119580 1122355 1124489 1125668 1128987 1131271 1133119 1134007 1136732 1137921 1139235 1140669 1141624 1143150 1145487 1146915 1148621 1153559 1154625 1156744 1158776 1159874 1160739 1165776 1166752 1167769 1169546 1171226 1172217 1177079 1178648 1179617 1180825 1182605 1184827 1185883 1188685 1193096 1194166 1195039 1195601 1197131 1199054 1200167 1201803 1202608 1203292 1205800 1209729 1211001 1214079 1215598 1219228 1220423 1225623 1229062 1233137 1236361 1237092 1240261 1242650 1245344 1246400 1247178 1248647 1250016 1252210 1253361 1255658 1257559 1258700 1259889 1261338 1264722 1265895 1267513 1269924 1271096 1275285 1277322 1278679 1279776 1280838 1281885 1283258 1285450 1288302 1289930 1292317 1293253 1299968 1303047 1307022 1308462 1309796 1315415 1316285 1320621 1322337 1323472 1324241 1325624 1327045 1328682 1331081 1331901 1333935 1336057 1338119 1339522 1344831 1345893 1347394 1348857 1350337 1351951 1352736 1353516 1354729 1357382 1358472 1360642 1362127 1366955 1367808 1371571 1373110 1374445 1375896 1376892 1378416 1379491 1380729 1387026 1389542 1392902 1394717 1398771 1402590 1404867 1409438 1413630 1417190 1418974 1422510 1423969 1425161 1427500 1428517 1429533 1432558 1436979 1437878 1439804 1441731 1443521 1447404 1450832 1452043 1452923 1456309 1464865 1466218 1466980 1468390 1469822 1471044 1471867 1475877 1476926 1479265 1481640 1483214 1489072 1491562 1492254 1493206 1496977 1498506 1502132 1503091 1504122 1505433 1512288 1514408 1515466 1518231 1520015 1522886 1524862 1527395 1528997 1530778 1535663 1538491 1539799 1542236 1543136 1546528 1547798 1548771 1551510 1552839 1554366 1555276 1558529 1560116 1560918 1562216 1565067 1567014 1568236 1569773 1575551 1576301 1578715 1580672 1581398 1582473 1584175 1585707 1588434 1589287 1590878 1594569 1596475 1597430 1598932 1601056 1602523 1606175 1608603 1611092 1613530 1615161 1616635 1618172 1621391 1624060 1625743 1627304 1628331 1632955 1634455 1636557 1638569 1639542 1642532 1643367 1645912 1647214 1648267 1648898 1650335 1651558 1653397 1656599 1657964 1658843 1661285 1663384 1665620 1667170 1669963 1671540 1673147 1674242 1677714 1681799 1683626 1687784 1688854 1690026 1690937 1693105 1694584 1696305 1697177 1698535 1699884 1703460 1706093 1708978 1710799 1712650 1716123 1716814 1719196 1720368 1721587 1724108 1725518 1727022 1728693 1730236 1731307 1732299 1733587 1734621 1735309 1738365 1740801 1746044 1748747 1750817 1751564 1754138 1755735 1757051 1758109 1761638 1762649 1764030 1766313 1769810 1771174 1773766 1776287 1777293 1778370 1784621 1787854 1789538 1791469 1795089 1796261 1802956 1804521 1807854 1808968 1813518 1818315 1819790 1821246 1823119 1827211 1829256 1831471 1833982 1835649 1836713 1837818 1838427 1839570 1841146 1846335 1849288 1850358 1851730 1853177 1855022 1858691 1859642 1860913 1865880 1867168 1871141 1872643 1873710 1876712 1877930 1879561 1880856 1883268 1883965 1885879 1887721 1889802 1892840 1894847 1898823 1900220 1901714 1902379 1904293 1907121 1908670 1910491 1911469 1912890 1918634 1920216 1923066 1929509 1930493 1933048 1934797 1936027 1938471 1939751 1941020 1942373 1945676 1946818 1948347 1950499 1951349 1952207 1955367 1956248 1957067 1958547 1960180 1961594 1962578 1963848 1964513 1966929 1968843 1970103 1972363 1976838 1978631 1980798 1985807 1987509 1988533 1989952 1991445 1992809 1995381 1996615 1997781 
</Matrix>
<Matrix name="Neuron_344" type="complete" rows="1" columns="45" multiplier="1.0">
   7689 21695 40203 46986 61971 76704 124843 133901 136046 158956 189221 432391 503575 560739 761668 813294 857832 863910 879939 891046 1031959 1078022 1167021 1178355 1242804 1314229 1367650 1374792 1450558 1468533 1475471 1488919 1550782 1558599 1608436 1609690 1680708 1684146 1687120 1696265 1718451 1810997 1925027 1937579 1989241 
</Matrix>
<Matrix name="Neuron_351" type="complete" rows="1" columns="447" multiplier="1.0">
   6615 9307 14575 30305 35027 48886 58192 58975 62620 66756 67881 75733 77021 87715 95496 97200 101683 104236 107254 109998 112421 113464 114947 123178 133200 137793 142247 148195 155524 158541 160528 166085 170173 172920 175394 177768 180209 184288 189135 191476 192323 197070 208559 211882 216892 221079 222899 224523 227855 230706 239748 251120 258651 266103 271165 273440 277935 286405 300453 303644 311935 316030 324594 331196 338877 344427 346800 349307 352235 356903 365273 371969 378481 379696 390931 394280 399352 409229 415748 420684 422546 426030 430548 433248 435409 441602 445203 451488 462411 470060 472189 480562 486338 488115 490614 502710 503644 519445 521684 530816 533671 536709 541466 545703 546639 549681 550518 557545 559202 561996 565669 567763 573763 576417 577596 579926 582925 586733 591714 594404 597447 601169 602452 607102 609924 624210 624898 626869 638617 640682 645207 656651 661238 663593 664800 672112 673494 676627 678562 684610 688876 690962 693012 696619 698689 701390 707717 709568 712314 716073 720585 722236 723934 731372 732766 735438 736623 739246 745743 747969 751873 757415 760562 764715 771574 773585 775135 780566 790327 791135 793386 796537 804282 805673 817401 820886 824008 826630 828239 835831 842975 844588 853495 859662 863783 865505 871735 873618 885049 886516 888792 891098 894482 900155 903490 905017 906398 909549 912209 918803 922480 928454 935801 942079 943745 945792 947840 958756 963463 968356 976465 979368 981676 984829 986502 990853 1001813 1008369 1010838 1014272 1016665 1022262 1029710 1031191 1034485 1044012 1047863 1049099 1052649 1054476 1055945 1065255 1066384 1067107 1067950 1069698 1071305 1074333 1076820 1091524 1092264 1096126 1096950 1101357 1107962 1110348 1113309 1114658 1115638 1116632 1118824 1121913 1124975 1139686 1148886 1151097 1152556 1153954 1159823 1164004 1173403 1176034 1176942 1178388 1180661 1181695 1187747 1191627 1193589 1195054 1199753 1202466 1204235 1211611 1215363 1223053 1224456 1226495 1227590 1231207 1236160 1242567 1256402 1272827 1274420 1276589 1280461 1287104 1292031 1296521 1304113 1305533 1310256 1317773 1318762 1325264 1331802 1333292 1339053 1341353 1345545 1346569 1347503 1348974 1358107 1361819 1368827 1375100 1378486 1384251 1387358 1388455 1390429 1393731 1397433 1400830 1404779 1406199 1408246 1415225 1416549 1422470 1424270 1425260 1431639 1440021 1445545 1449361 1452751 1456130 1460148 1464883 1469029 1475530 1477362 1490632 1491596 1495275 1496952 1501120 1503695 1507309 1511252 1513697 1517430 1522205 1523951 1525088 1526462 1533135 1535050 1536602 1545307 1556371 1564298 1566261 1569344 1574540 1578606 1587171 1589983 1596646 1602246 1603231 1606024 1608993 1615527 1619614 1623359 1627009 1632880 1636268 1637511 1638990 1640564 1652351 1660281 1663181 1666707 1678620 1681485 1684723 1686388 1687640 1690469 1692728 1694395 1697504 1700535 1701997 1703603 1707063 1709261 1716493 1717552 1727968 1731666 1736723 1740785 1748068 1750619 1757416 1758569 1759653 1761028 1762536 1773066 1786021 1798504 1799769 1801803 1805930 1814520 1817483 1824511 1825622 1829834 1830712 1831985 1835953 1842162 1844747 1854041 1855175 1859755 1862128 1869240 1882619 1892539 1896293 1903919 1915814 1919763 1925894 1928087 1937526 1941343 1946602 1947031 1950346 1959694 1965140 1971731 1974512 1978046 1981721 1989514 
</Matrix>
<Matrix name="Neuron_354" type="complete" rows="1" columns="646" multiplier="1.0">
   868 6594 8562 9638 10391 17830 20726 22807 23654 27258 29630 32619 34312 36068 37332 39860 44939 48432 50576 62115 63244 64637 65877 67827 75086 76519 83187 85686 91073 92878 93460 96133 100095 101779 102610 106143 109219 112010 117321 119404 123395 124923 127470 132154 133778 137662 140725 143352 145275 147977 152951 156245 158981 166285 167480 170943 175016 180468 182819 194187 195538 197437 198467 201006 205466 213065 215934 217035 221549 223815 225094 226412 230372 235181 236245 242559 246384 247961 249492 251212 252938 254503 258276 260510 264160 271250 278232 282545 283622 285014 288821 303418 305985 308064 311522 314704 316953 319523 320940 324867 331650 334964 337733 340486 343879 344778 347184 351006 355902 358239 360803 365934 377805 386217 387602 395875 400791 402750 406229 408625 412625 413706 414739 418233 422957 426201 434364 435898 437875 439563 441158 445706 450153 451230 462236 464953 466465 467444 468985 471701 478052 478900 480657 481916 482648 483793 485157 488179 491547 494463 495975 497409 498938 499864 501858 509645 512012 515534 519642 525229 534163 536330 538348 540765 541533 545529 548049 549295 551131 555160 557683 562926 565170 568177 571911 574446 575280 579035 580006 584522 590781 593584 594481 595964 599202 601707 604593 606208 610887 615466 620336 622596 623462 624585 625672 632978 634580 638462 639715 643431 648240 654443 659203 660922 663359 665571 669081 671343 673214 674911 677521 679880 681518 685199 686839 695185 702625 705555 708923 709878 715282 716724 719116 722749 726013 728641 730668 732759 735043 740022 741033 745171 746311 753711 763548 768646 769876 770996 772191 775545 779078 781136 782313 784185 788144 789295 792530 793682 795134 798923 805702 810102 812473 813950 815912 824487 830898 832771 835660 837089 838062 840640 842522 846050 847028 848039 853754 854500 856794 861229 867080 876167 893638 896547 901466 905066 906888 908773 910602 913999 915223 918039 918869 920593 925962 930023 931689 932942 934349 936361 940454 941340 944929 948615 953973 961897 964873 968959 971689 974219 975393 976906 979608 981853 982477 985314 986536 989724 991248 994834 995666 997415 998920 1004936 1006139 1009193 1010860 1018325 1019554 1021647 1022847 1027825 1028878 1031377 1035859 1038410 1040385 1042203 1043370 1050438 1052208 1053905 1057850 1059835 1062173 1065363 1067303 1071053 1073200 1077012 1089267 1091541 1093073 1095543 1100866 1106321 1107572 1110216 1112487 1114567 1122589 1123779 1126255 1128117 1132145 1133534 1135770 1140540 1147109 1149362 1151001 1153309 1156254 1161679 1166582 1170693 1175230 1176877 1179930 1182721 1183928 1185709 1186916 1191451 1193431 1195306 1196717 1197821 1200542 1201926 1203761 1205264 1209460 1210417 1216513 1217881 1224920 1225789 1226531 1228740 1229770 1232728 1235505 1237093 1239483 1247123 1249985 1256165 1266405 1269125 1271023 1272761 1273607 1275524 1276845 1279645 1282217 1286205 1292334 1293358 1294761 1311845 1318711 1321110 1321939 1324189 1327842 1331212 1334084 1336690 1337457 1340111 1344450 1346016 1347118 1351560 1356434 1357458 1358873 1361604 1365373 1366137 1373706 1380045 1383211 1384337 1385558 1387276 1392562 1396203 1398906 1400083 1402049 1409412 1412071 1413622 1418513 1421865 1425338 1426612 1427795 1433428 1436710 1444289 1449490 1454710 1456980 1458185 1459980 1464561 1466637 1472827 1474514 1475846 1476653 1480164 1482549 1483881 1485404 1487863 1488812 1492818 1494854 1495770 1498251 1499611 1504226 1506722 1513913 1518474 1524186 1525674 1528062 1529339 1530877 1534999 1538402 1541578 1543859 1544869 1546237 1548331 1549935 1551099 1554820 1555845 1559131 1562039 1564683 1565647 1571249 1573494 1575021 1577342 1579059 1580500 1582108 1583392 1584358 1585799 1586996 1589494 1591891 1592856 1594168 1595344 1596208 1598768 1599761 1601187 1605352 1612722 1615591 1618766 1622250 1622917 1624991 1628631 1630162 1632309 1634295 1639556 1652004 1654743 1656715 1658988 1660987 1662492 1664165 1666075 1671943 1674880 1678116 1679660 1681819 1682568 1685888 1687453 1690557 1694609 1698814 1702523 1706205 1708241 1714401 1716195 1722211 1724436 1727430 1733611 1735993 1740323 1750880 1752558 1756572 1758306 1759623 1762059 1765709 1767666 1770788 1776475 1778941 1780460 1783278 1787906 1790095 1792458 1796683 1800131 1802622 1805911 1807041 1813453 1815496 1817110 1818792 1820836 1823252 1826329 1829581 1831417 1835706 1837584 1839127 1840545 1845849 1848036 1849161 1852310 1857441 1858396 1862340 1864031 1868260 1869902 1872598 1874535 1876991 1881574 1884607 1886592 1891928 1894464 1896517 1899322 1900644 1902929 1909370 1910875 1912827 1926253 1928872 1931088 1932961 1934035 1937018 1939735 1941287 1943185 1949731 1950331 1952415 1954700 1959455 1960908 1966548 1968586 1972922 1974530 1977739 1983922 1986586 1989540 1992047 1996478 
</Matrix>
<Matrix name="Neuron_397" type="complete" rows="1" columns="52" multiplier="1.0">
   10039 80303 92768 97071 132683 155998 160735 309961 336707 383140 392293 403763 446889 470466 523267 556509 585917 629036 700529 703375 726881 781155 802423 803908 831713 883333 911351 937026 955790 993887 1055919 1082200 1104799 1130404 1167781 1204885 1234124 1277846 1430603 1449331 1475305 1487751 1490813 1520876 1530503 1629620 1649805 1688489 1735724 1762243 1807442 1861829 
</Matrix>
<Matrix name="Neuron_407" type="complete" rows="1" columns="726" multiplier="1.0">
   2213 4308 6107 7621 13606 15868 17890 22635 25161 28123 32489 34194 35856 37160 38429 41464 46539 48618 52004 55324 56822 58414 60103 61988 63343 64208 65663 67279 68196 70485 72442 75485 79329 81708 84535 88585 89538 90355 91613 95025 105450 106656 108838 109531 111164 113109 116271 118895 121429 123171 124696 130099 132009 133327 136228 137070 137920 141604 146310 148491 150988 151921 153877 157276 160547 162287 169370 171215 172383 173732 175422 180381 184575 189421 196352 197693 200134 202083 203308 204012 207625 209448 211895 213179 214720 215648 218040 219227 220527 223704 224699 229257 230568 233925 234825 235499 238120 239316 240730 244787 250629 254154 256408 257924 261058 263176 264898 268551 269985 270842 273308 275618 281111 282772 283506 286022 287394 288487 291938 296992 301695 302504 304939 307010 307649 310521 316440 319196 319780 323152 324164 326836 328420 329987 334351 338624 340308 342473 345007 351794 353179 363333 365066 366921 369730 373089 375182 376650 380323 380930 382027 387858 389160 392208 400390 404695 409123 415503 416495 417808 419763 423536 429191 431852 436786 438409 441098 444026 445975 448232 456118 461674 465652 472510 474921 476565 480297 485008 486141 487688 489267 491111 492425 493555 497396 498494 501585 502906 504227 510635 512495 515039 517880 519346 523116 524931 532685 534641 535751 538709 543331 545936 547792 549964 552384 555011 556115 565706 567659 568893 571190 575451 576934 577603 579991 581198 584728 586109 592222 594122 596289 600228 603049 604725 606019 607839 615304 616436 620126 621284 623060 626133 627347 633535 637970 644605 645930 647864 651344 652487 653756 656136 658020 664464 665906 667988 671610 672689 674716 677861 682402 683961 686550 690333 692744 693704 695955 699119 704519 706996 708969 710847 711996 714042 715800 717888 719171 721472 723246 726403 732113 734374 735780 739930 741315 743714 745624 747304 755002 760653 764911 766899 769762 771217 774829 778450 781172 782317 783788 784928 787323 788585 790530 792193 794166 795393 802980 804950 807253 812575 814716 816115 818493 819172 823843 825697 827293 834610 837399 840043 841548 843874 847321 848089 852014 854794 856651 858012 864644 871218 873931 878261 880871 883891 885832 889579 894742 897295 898575 903355 907460 908363 911240 913547 920060 921094 923787 926306 934596 938418 940293 941968 943586 944573 948663 950243 951240 952491 956097 962456 963794 967984 971659 976848 979284 982267 988095 990016 991192 992117 995023 996755 998777 999685 1005806 1009775 1014848 1019859 1026624 1028254 1031422 1032313 1036688 1044613 1046179 1048144 1050011 1050976 1058140 1059662 1061354 1063343 1065120 1067014 1069355 1071534 1075076 1075767 1077182 1079117 1082152 1083852 1084651 1086270 1088312 1089334 1092761 1093681 1097129 1099954 1100850 1104202 1110259 1114952 1116020 1118351 1120644 1121775 1123416 1125734 1127682 1129228 1132870 1135204 1146512 1147291 1149042 1151511 1152572 1153726 1154642 1160172 1162666 1163993 1165154 1168215 1169017 1170344 1171104 1172341 1173544 1175629 1176807 1177980 1179125 1182237 1183936 1185841 1187009 1190005 1194137 1196854 1201258 1202111 1204929 1209041 1211703 1214272 1223300 1227599 1228929 1236507 1237739 1246769 1248028 1250234 1256153 1259151 1261259 1263493 1264382 1265833 1267252 1269590 1272671 1278298 1283246 1284344 1286404 1291610 1293432 1296603 1298628 1303059 1309292 1313932 1319044 1320975 1323293 1325495 1328314 1331091 1334592 1338391 1343190 1347169 1349042 1356061 1359456 1361485 1368508 1372768 1374545 1376678 1378826 1381354 1383176 1385463 1387618 1391238 1392676 1393847 1395950 1399482 1405723 1408341 1416216 1420299 1427556 1430112 1432256 1433465 1437223 1439435 1440766 1442519 1445043 1446934 1447772 1449344 1454250 1456173 1457449 1458544 1462261 1466120 1467222 1471880 1474928 1475729 1477005 1478856 1480338 1481551 1485265 1487606 1488879 1490272 1491907 1495626 1497396 1499012 1500187 1502907 1505122 1507317 1507896 1508894 1509527 1510668 1511794 1515808 1517974 1521633 1524940 1526876 1533496 1534783 1543179 1544388 1547906 1549250 1550475 1555954 1558155 1560613 1564476 1566648 1568718 1569817 1573471 1574851 1576426 1578772 1582739 1588263 1591069 1595566 1600137 1601481 1602370 1606755 1607887 1609628 1615533 1620027 1620866 1626465 1633439 1643222 1647944 1650585 1652620 1655838 1657169 1660128 1661051 1662739 1665133 1666618 1668033 1671961 1673536 1676333 1679235 1683221 1683801 1685011 1687127 1689480 1694774 1697684 1700161 1701661 1704224 1705787 1709268 1715334 1716432 1717769 1719187 1720706 1727636 1730211 1731428 1732216 1734860 1736289 1738472 1741886 1743397 1744078 1748802 1750032 1751044 1754078 1754944 1758206 1759925 1761651 1762678 1763764 1764958 1766236 1767580 1769015 1770381 1771539 1772832 1774682 1783031 1784441 1789553 1791173 1792304 1793558 1794606 1796308 1797359 1798390 1802876 1805307 1809400 1810762 1812213 1814104 1818669 1820495 1822158 1823206 1823962 1825124 1828419 1834241 1838017 1840955 1843711 1844807 1845422 1846161 1849747 1851512 1855249 1863103 1865754 1875253 1878070 1879927 1883369 1885469 1887432 1889033 1892059 1898495 1900197 1903868 1905452 1908311 1913599 1915918 1919017 1919740 1921075 1923593 1926028 1927800 1931782 1933818 1937581 1939187 1940206 1942188 1950238 1952414 1956544 1957573 1958684 1969326 1970384 1973979 1978121 1979421 1981886 1995383 1997281 1999697 
</Matrix>
<Matrix name="Neuron_417" type="complete" rows="1" columns="99" multiplier="1.0">
   10064 31427 75196 79431 91936 102047 135701 148922 245209 254382 265738 307517 320646 335508 375632 389957 400503 418645 427524 436992 444331 456879 468435 483377 486218 511706 544244 585555 663346 671575 672755 717840 720345 725527 734339 748210 813664 825713 832869 836688 839807 865948 878448 892976 919893 942133 952848 996059 1014377 1025682 1040672 1066293 1104163 1116021 1116844 1131075 1136956 1140013 1151725 1198684 1238281 1242838 1274655 1293985 1306877 1320439 1328332 1348299 1388586 1390513 1394959 1396915 1406863 1408171 1467416 1524363 1547056 1560308 1567710 1586261 1606946 1616996 1648636 1651157 1666488 1681926 1711316 1718294 1755945 1800122 1801110 1821658 1841511 1847071 1932792 1953460 1965361 1982455 1992390 
</Matrix>
<Matrix name="Neuron_421" type="complete" rows="1" columns="693" multiplier="1.0">
   3408 6496 8443 10224 17145 18575 20796 21786 25282 26689 31395 33091 34673 36804 40402 42628 54218 55777 57672 64218 65091 66314 67641 70018 73357 76192 77681 78587 81768 82714 85529 89856 94185 98509 99586 102233 102828 103484 104455 106658 110834 112498 118669 121785 122901 123974 125669 127161 128132 131890 133591 136024 137953 139403 143957 148637 150938 153199 154573 156558 170237 171650 173464 178624 179818 187406 189006 191161 196086 197561 201587 205971 207218 208224 209359 211210 212497 215939 220463 225281 228207 230943 238884 240111 241092 244207 247059 250473 252848 255295 263199 264038 265299 266960 268018 271077 272880 284294 286089 287251 289351 291129 293290 295408 295972 296928 298535 302654 305325 311565 317332 319989 323919 326104 328351 332630 333735 334564 336993 341440 342895 345742 352090 354635 357378 359312 363005 364190 366552 367773 369062 370831 372071 375529 382929 385290 388098 391125 393750 398755 402824 405061 416875 417976 418987 422382 426266 428772 431007 434216 435070 436086 438318 442537 443865 445173 447185 451405 452431 457698 460531 463269 467275 469833 476308 477624 478660 484921 490659 491417 498941 500419 501868 504541 506340 508600 509566 512514 514424 516887 519255 524248 526375 528063 532854 534275 535246 537632 539075 540649 542342 544409 548916 551336 556163 559074 560654 561675 565332 568788 572897 574113 575960 577707 583719 588141 590566 592892 595116 598468 603455 609877 611072 612060 614007 616641 618298 621481 624810 626637 632525 641906 648015 648933 652279 654393 655274 662101 666831 668035 670910 680316 683080 683684 685292 687049 689321 690987 696369 697413 698566 702693 704527 706525 713967 715353 716081 718090 722689 724649 727250 729771 731324 732653 735356 738375 741466 743259 745715 746887 751853 756352 757699 760164 761894 768163 770097 783449 785605 788369 789867 793055 798972 800367 802961 807949 811237 812805 815529 816369 817528 819274 822007 824325 825389 826714 827416 830963 831560 836434 841715 845523 852777 856870 859492 865035 865871 868856 870383 871417 872425 877882 882390 883538 893912 894634 896719 904257 905170 906993 909847 911585 912874 916155 920428 923172 929995 932211 934227 935836 939031 940799 942419 944995 945826 947285 948161 949359 950302 951395 952750 958512 960657 961917 962936 964134 967632 973911 980269 982342 983964 988543 992254 994666 998333 999601 1003439 1005679 1010904 1012285 1017042 1020167 1024249 1025376 1027575 1044409 1047032 1049705 1051302 1052868 1053781 1054810 1056767 1058549 1063930 1068080 1070199 1071794 1072961 1081361 1083624 1085242 1090788 1095863 1098159 1102769 1104835 1106232 1113004 1116117 1119253 1122133 1124171 1140065 1143395 1145123 1152857 1154900 1162697 1165875 1168702 1170716 1171946 1174076 1175811 1181857 1183154 1185492 1186865 1189506 1191906 1193930 1198869 1202525 1204800 1206567 1207448 1210166 1217011 1218591 1221404 1223280 1225003 1228757 1230040 1234998 1239995 1244731 1247113 1248273 1250413 1251751 1253891 1255357 1266069 1267468 1268821 1272971 1274597 1277348 1279757 1281535 1285857 1288683 1290967 1291751 1297402 1300802 1302523 1311963 1316428 1318653 1320575 1323678 1325500 1329512 1333526 1337863 1345005 1345949 1346765 1349028 1349911 1351443 1354743 1360530 1361689 1363512 1364948 1365521 1367315 1369371 1370350 1371356 1372422 1374286 1377338 1379231 1380048 1381668 1382697 1397693 1400257 1401916 1403790 1404935 1408998 1410227 1412946 1415703 1416579 1418782 1421331 1423102 1428449 1429389 1431609 1433622 1435700 1438778 1443079 1444249 1456276 1457128 1461954 1464300 1466095 1468621 1473428 1476057 1478679 1480841 1482056 1485681 1493180 1495912 1501024 1505887 1507663 1510185 1517649 1519779 1521307 1523915 1525649 1526850 1533091 1536987 1539252 1541418 1542747 1543746 1547796 1549251 1550659 1553276 1555868 1557967 1559144 1560461 1565676 1566829 1572250 1574555 1576427 1577553 1581176 1582163 1588434 1590464 1592180 1593321 1594759 1596020 1599600 1600508 1601730 1604606 1605699 1606388 1611057 1613810 1614931 1616748 1620687 1623059 1625324 1626900 1630601 1634154 1637048 1640618 1642120 1647307 1651618 1661718 1663596 1664690 1667449 1668677 1670754 1673409 1675376 1679072 1680354 1681328 1683019 1684417 1687271 1689657 1692508 1694171 1695849 1697555 1698078 1701844 1705261 1705920 1707902 1710328 1714374 1715826 1721199 1722591 1723656 1726074 1726953 1728909 1730621 1732320 1733212 1733809 1735639 1737052 1738342 1739185 1743038 1744804 1745652 1746472 1751595 1753365 1761921 1765404 1768276 1769876 1771462 1772248 1773347 1775405 1778170 1780664 1781861 1784669 1786235 1788602 1791525 1799810 1801345 1803650 1808257 1809477 1812080 1814280 1820919 1822763 1827155 1829029 1832803 1834440 1837314 1838236 1848992 1852690 1854105 1858805 1861819 1868342 1871111 1872771 1874032 1876250 1878960 1880156 1889602 1891715 1892749 1895126 1896687 1902369 1906546 1910649 1912031 1913262 1915390 1916425 1917961 1920125 1923745 1934439 1935518 1942622 1945006 1948759 1950031 1951457 1956800 1958142 1968366 1970532 1972101 1974905 1976818 1979320 1984450 1985933 1987620 1989315 1990729 1992683 1993849 1997425 1999467 
</Matrix>
<Matrix name="Neuron_424" type="complete" rows="1" columns="166" multiplier="1.0">
   25166 75817 86724 89033 126040 127432 154635 160568 203640 206024 211924 224988 243776 245073 247214 250881 252253 301425 341953 366305 368661 377657 379984 382655 389506 408943 418425 430014 439394 452251 459410 467731 469177 478833 487514 511238 513567 543934 554569 560712 582933 585130 588188 591296 604975 622926 624460 665297 669729 694015 697176 702488 714923 733315 745930 753037 761661 763242 764990 774234 777625 778800 791450 835693 843181 849354 882048 897172 929618 933334 960612 973359 983502 995105 998053 1001211 1025348 1041524 1050472 1052569 1056720 1064678 1065910 1097863 1116124 1133821 1140246 1144322 1147656 1161796 1192796 1201945 1204744 1214067 1216754 1228949 1237300 1239073 1240245 1247879 1270306 1283301 1284045 1288243 1304374 1309395 1311585 1334780 1340764 1343567 1349048 1370848 1394609 1397259 1400012 1409739 1413170 1414824 1447388 1459120 1479681 1523107 1540028 1541778 1549585 1557081 1560052 1572832 1594885 1599663 1605743 1613627 1631768 1633797 1647693 1651926 1653462 1658187 1668336 1685583 1697052 1709283 1711060 1715326 1723621 1758894 1765828 1769967 1779368 1800146 1805110 1806477 1810904 1831238 1856976 1865139 1887205 1894633 1917496 1922316 1941595 1954580 1977383 1981063 1988208 1999155 
</Matrix>
<Matrix name="Neuron_431" type="complete" rows="1" columns="278" multiplier="1.0">
   1158 8922 16654 19991 28885 35668 46706 49026 58107 63268 64504 73360 75017 87298 93328 102116 114888 122172 129421 130984 134143 142516 148571 151506 156619 159577 178009 180980 193997 201404 206232 246645 249409 253362 255487 264396 273014 276078 287751 290341 298200 302881 309751 312404 317994 322452 334617 338561 348404 359459 364619 370610 376047 388669 390566 394332 397426 405481 410521 411435 413430 423236 441393 444949 448902 458672 461101 471155 482945 492334 500130 509893 516745 522033 529327 531658 538268 549697 551871 572197 587644 597345 599840 607929 615918 620680 623378 626398 630683 638248 641260 651160 655399 658583 661084 663151 672762 674718 687059 690311 698041 702803 705979 720242 736926 739609 742863 746208 748511 761934 764805 772657 788763 800511 814538 815995 828050 831301 835968 859812 871269 876874 887748 889626 894588 897788 901006 921744 933352 936495 940185 946858 956690 967657 978155 979801 987370 996793 999909 1000991 1003082 1006058 1019988 1021410 1024256 1025939 1050754 1052297 1069126 1073787 1082665 1098532 1099703 1105014 1115670 1125261 1126949 1141170 1144055 1152482 1161492 1163499 1167465 1177820 1180368 1181811 1183815 1186838 1191931 1193152 1200449 1212945 1215370 1224282 1225349 1226410 1233595 1239221 1248047 1265445 1270641 1277690 1285253 1288132 1317024 1319536 1324995 1327940 1331450 1334375 1346197 1367760 1372593 1377032 1379621 1393193 1401762 1404205 1412429 1415122 1420802 1431536 1435802 1459186 1476537 1478431 1491260 1498771 1502398 1517217 1523263 1527331 1528520 1530341 1546032 1547460 1552676 1558019 1558944 1560845 1566717 1569453 1571696 1573128 1578441 1583307 1587671 1591307 1592287 1594150 1596046 1597745 1599094 1600800 1611457 1622925 1631801 1638246 1643357 1644903 1646606 1668997 1671647 1675188 1683926 1688820 1695746 1698092 1705262 1730556 1752479 1769205 1779952 1782594 1801452 1823611 1833442 1848445 1853119 1859307 1870151 1874838 1891443 1903784 1911213 1928404 1930420 1932822 1937612 1946170 1955596 1958197 1979036 1983671 1988073 1989272 1993029 1996335 
</Matrix>
<Matrix name="Neuron_434" type="complete" rows="1" columns="976" multiplier="1.0">
   2902 3774 5570 6533 7925 8766 10715 12194 13456 14686 16389 18181 21624 22652 24012 25218 27026 28593 29737 30832 32484 35834 37357 39031 39589 41060 44965 46079 48279 49084 53378 54786 56705 58119 59318 61367 64062 65724 67790 69688 71116 72589 73692 75159 77341 78404 79746 80740 83288 84277 88794 90703 91967 95329 96665 97456 100811 104458 109685 114733 115655 117991 121928 124111 124911 127830 129639 130653 132241 142157 145800 149035 149884 152925 154292 156055 157191 158091 160076 162800 169339 170763 171569 174654 176730 179548 180534 182471 184164 185625 186485 188127 192727 197730 200664 202597 203939 205705 207129 209280 211981 213424 214743 216628 217773 220722 225259 227019 228634 230531 232851 235087 236297 238525 241031 241833 242653 245249 247813 248696 251453 253638 255092 256352 258094 260789 262246 265518 266656 267729 268787 269566 272100 273581 275135 276028 277681 278604 282099 284135 285347 287343 291579 294262 295232 296289 297749 304411 305838 306569 307944 308812 314877 315941 317695 318852 321070 321930 324237 325382 326191 329184 330741 331892 332576 333100 334643 336088 339590 341250 345860 347003 348064 349424 350098 361363 363177 364503 366142 366826 369959 371418 375936 377065 378381 379912 380951 381708 383123 385023 386635 388088 388791 391904 393230 398465 403561 406282 408242 409131 412253 413743 414815 415618 416670 417717 418469 419796 420467 421257 422407 423434 424373 425816 426689 430333 438149 441508 442850 443677 444765 446293 447221 451950 453605 455747 456695 457836 459510 460433 462031 464082 465841 467866 469041 471197 472816 474314 475130 477519 478863 480998 481673 488965 492710 493598 494298 496791 497610 500470 502030 502775 504769 506274 508357 509693 512088 515934 518764 519464 521735 522715 524414 526536 529394 532239 537896 539434 540504 542094 543591 548141 549041 549894 550898 553313 554797 557008 558088 558874 560021 566803 567787 568802 573502 577247 580475 582606 583860 585139 588650 589944 592413 598024 600193 601917 602701 605376 606391 609062 610468 611643 613477 614529 616676 617935 619073 620398 621361 623676 627334 629045 630033 632057 634875 638263 641246 642527 644096 645361 647637 649135 651056 652508 653796 657919 658556 660150 661114 662415 665567 668068 671986 672698 673610 675986 678639 680414 682752 684052 686103 687840 689327 691206 692036 693663 694853 696987 697973 698901 701045 707446 708764 711883 715172 719850 723369 724527 728866 729621 732462 736767 737785 739544 740370 741184 744456 746444 747758 748350 750128 753306 755340 756896 758218 759382 760380 762197 763474 764540 765419 770560 773083 774978 775722 778781 782415 786630 789695 792418 793843 796540 799948 801218 802074 803910 805233 806622 814114 815818 818667 820379 821502 824408 826113 828626 830434 831350 833186 835785 837257 838622 839589 841199 842405 843537 845638 847954 855499 858640 860296 860939 864079 865375 866656 867632 870125 871320 872038 873374 875684 880680 882579 883536 887025 889079 890470 891688 892984 894332 895306 896322 897251 899418 901232 902024 904569 905639 907853 912333 913424 914257 915737 917838 923080 924316 926441 931239 932311 933421 938071 939381 940785 943846 945008 946133 947411 950162 950932 952741 954866 959987 964912 967367 968606 969485 971927 976080 976860 979450 981412 982739 984146 985342 986393 988397 989845 993467 996646 1002186 1003514 1006458 1008805 1010219 1011698 1014373 1018501 1019532 1020765 1021688 1023570 1025096 1026474 1027498 1028400 1031171 1033781 1035027 1037428 1038908 1044991 1047225 1049398 1051378 1052673 1056859 1060130 1063485 1065759 1068681 1072757 1078494 1079902 1081735 1084059 1085583 1086247 1087511 1088568 1090951 1092129 1094136 1096309 1096938 1098905 1103946 1105028 1107932 1108702 1110464 1115989 1116859 1118284 1122250 1124949 1125754 1127077 1128985 1130476 1133747 1137426 1138807 1140917 1143435 1144359 1145189 1147856 1148866 1151347 1152824 1153927 1156830 1158332 1160120 1162085 1163244 1165754 1169214 1173821 1174978 1176474 1178513 1180746 1183392 1184068 1186011 1187396 1188768 1190389 1194482 1197086 1199053 1202396 1205580 1208244 1214014 1219603 1220994 1222012 1225127 1226734 1227985 1232052 1234420 1235434 1236681 1241585 1243305 1245806 1247124 1250290 1251897 1256987 1260231 1261465 1262685 1264041 1265313 1266501 1268659 1270180 1272882 1276312 1281029 1281866 1282708 1284179 1285621 1286571 1287986 1288852 1290483 1291352 1292712 1294059 1295235 1296503 1298300 1300941 1311689 1313424 1320358 1324509 1325485 1328727 1330411 1332431 1335529 1336757 1339243 1342871 1343902 1344993 1346192 1347597 1351075 1352286 1357061 1358129 1359321 1362921 1364645 1366202 1367268 1371162 1373908 1374969 1376447 1378031 1381525 1383457 1386202 1386827 1390091 1392308 1393711 1397435 1399717 1400726 1401930 1403032 1406301 1408085 1409890 1412226 1414842 1416613 1417970 1419412 1424488 1427005 1431841 1434994 1436821 1438450 1440264 1442858 1445662 1447951 1448687 1450465 1452845 1455215 1456404 1458259 1460021 1461748 1463509 1467467 1468491 1469237 1471628 1472743 1474342 1475151 1476132 1479536 1482627 1486511 1487346 1488358 1491642 1494251 1495845 1498206 1499213 1502200 1505864 1507792 1514919 1515639 1517718 1520965 1522530 1523209 1525775 1527656 1528573 1529717 1534721 1535731 1537857 1538830 1540463 1544289 1545165 1546099 1547735 1549020 1549939 1551295 1552701 1554382 1555750 1557145 1558852 1560041 1564234 1567553 1568726 1571112 1572080 1574974 1575829 1577413 1578376 1580098 1581131 1582241 1583093 1586963 1588128 1588864 1590898 1595747 1596532 1597601 1599704 1600440 1603581 1605173 1606366 1608917 1609948 1611994 1612960 1616937 1618557 1619969 1621135 1622367 1623466 1625501 1626577 1627432 1628610 1629834 1631181 1633458 1635986 1639182 1640156 1641536 1642883 1645997 1649958 1653452 1655068 1655811 1657905 1659178 1662083 1663542 1664457 1665582 1667874 1669068 1669993 1671612 1672726 1673650 1674892 1677320 1678600 1680618 1682959 1683892 1686049 1687921 1691019 1694029 1695222 1696577 1700077 1701348 1704475 1705335 1707313 1708720 1709921 1711258 1712178 1715853 1718430 1718986 1720093 1721427 1726017 1727827 1731392 1732585 1733395 1734919 1736421 1738371 1739873 1742041 1744372 1748259 1749203 1750112 1751707 1755233 1756050 1757796 1763989 1765049 1767193 1769752 1771093 1772147 1774706 1776194 1778404 1779748 1781356 1783459 1784542 1787504 1791846 1794074 1794898 1795841 1797075 1798528 1799534 1800518 1801707 1802868 1804713 1806947 1808559 1810216 1812976 1814376 1816270 1822645 1826557 1830177 1831492 1835805 1837084 1839630 1841482 1842526 1843258 1844849 1845851 1848674 1850068 1851404 1853529 1858183 1858922 1859839 1861759 1863104 1867401 1869447 1872209 1874966 1876621 1878584 1880000 1880862 1881877 1884377 1885010 1887696 1888703 1891993 1893561 1895690 1897773 1898918 1903104 1905524 1906484 1907652 1908942 1910848 1912855 1913611 1915801 1917019 1918840 1919832 1921235 1923651 1924263 1925756 1927084 1928879 1932516 1933744 1937548 1938545 1939583 1941780 1942851 1945184 1947464 1951054 1952675 1953964 1955109 1956038 1958860 1962043 1963748 1966043 1967173 1969043 1970142 1974072 1976472 1978442 1979447 1980383 1981518 1982183 1984742 1991287 1994076 1996330 1997702 
</Matrix>
<Matrix name="Neuron_441" type="complete" rows="1" columns="1009" multiplier="1.0">
   711 2259 3096 6705 8887 10127 11003 13837 15074 18517 19339 20512 23940 27550 29171 30141 30972 31897 37971 39751 42151 44374 45400 46587 48600 51242 52446 53418 57502 59564 60526 61385 63896 65226 66859 68495 70004 72108 73781 75601 79941 82903 86213 87209 88767 90755 92110 94437 96977 99238 100843 102547 103519 104373 111475 113275 114722 115749 116842 119694 120807 123963 126757 129253 130852 132457 133764 140837 144922 146925 148772 149694 151104 152767 154865 156325 157315 159985 160640 162844 163870 165362 167512 169600 173411 174063 176118 179755 180959 185900 187157 188184 191529 193743 196708 198432 204226 205339 206253 207669 211727 216703 220339 221615 223323 224495 226259 228259 231322 232899 235639 239168 241213 243034 244726 246278 247967 249356 250384 251295 251960 253749 256337 257246 259894 261347 263507 264222 266943 268590 269820 272358 275336 277616 278662 280582 282438 284708 288306 289028 290892 292190 293959 294885 296181 299500 302125 304230 307065 311572 313883 315212 316803 317617 318391 319842 321724 322493 323319 325632 326949 329400 331025 333860 337727 338886 343614 344622 346402 351296 352489 354982 356802 358275 360559 365278 366625 368128 370141 371628 372315 373314 376449 378260 380849 381474 382700 384679 387136 389288 391168 394691 395706 398435 399243 401179 402221 404531 406575 407962 410182 412824 414881 416367 418387 420129 421288 423653 427696 428521 432585 434203 435844 437674 442935 443953 446258 447616 450798 451674 452997 456640 457728 459976 462314 463285 464435 465428 466815 469644 470677 471687 473344 475198 475999 477626 480364 481369 485560 486633 488054 489308 491332 492152 494090 501161 503069 504630 505300 506257 508548 511696 513616 516362 517135 517772 519071 520249 521842 524592 527818 528803 530084 533136 534404 535418 537053 541683 542548 543255 545070 547396 548532 549646 552490 554606 555875 558046 560312 561565 563536 566476 568321 569589 570940 572153 574385 576108 577474 579353 585451 586863 589813 591407 592389 595479 597787 599906 601447 603839 604473 605981 607062 609303 610076 611042 612123 613232 614488 617841 619826 622041 623242 624760 625972 631291 632644 635894 636901 637719 641546 642333 643515 645814 650620 653267 654902 656750 658171 660380 661880 664741 665933 667803 671124 672857 674383 674943 679840 683338 684560 686127 689445 695469 696317 698416 699380 700233 701505 705061 706583 707650 708820 709624 710666 713089 715407 717458 719957 722061 729175 730431 735051 736880 741062 743178 747761 750800 752229 760016 761572 763214 765705 769412 771759 772615 774378 776355 777527 780267 781884 782804 783804 785641 790073 795024 795847 797381 802622 808448 809668 811545 813909 815347 820614 821406 823809 825614 827186 831637 834788 836146 837379 838513 841113 843018 845349 848054 850838 853566 856868 859295 860552 861866 863223 864994 865902 868949 870299 872903 877875 879621 883090 886476 889423 892234 894289 895482 897651 899921 902867 904723 907254 909672 912033 913150 914054 916039 917623 920845 922630 924378 925628 928445 931619 933696 935502 936728 938899 939564 941323 942797 944254 945032 946299 947051 948323 950166 952884 954343 955152 958541 961096 962955 965103 966226 967298 967873 971862 973754 974800 975881 978311 983183 985894 987746 991089 992491 993242 994605 995616 996349 997173 999175 1000456 1001691 1003319 1005389 1007319 1009171 1010061 1012410 1015914 1020009 1021422 1022407 1023534 1024264 1027175 1028486 1029288 1030304 1031580 1033932 1035316 1036282 1041825 1042909 1046877 1048095 1049293 1051156 1053016 1054579 1055977 1057780 1059126 1061059 1062371 1063697 1064507 1066972 1072077 1073159 1075078 1076566 1079500 1080536 1081210 1082550 1083389 1084293 1088811 1090226 1092381 1094373 1096964 1100857 1101605 1102690 1104375 1107163 1108532 1112959 1116421 1118131 1119592 1120344 1123120 1124483 1126676 1128636 1130895 1131655 1132917 1134723 1135532 1137968 1139146 1140086 1140787 1142457 1144671 1146370 1148085 1149201 1150623 1152095 1152888 1158752 1159593 1161672 1162676 1165524 1167736 1169307 1172537 1176726 1178733 1179998 1181568 1182879 1188277 1192982 1194754 1195996 1196714 1198066 1199131 1200679 1201841 1203712 1206333 1207178 1207930 1209879 1210931 1213774 1214911 1216483 1219312 1223434 1225233 1227375 1228015 1228817 1232148 1233730 1234841 1237580 1240565 1242083 1245253 1249707 1250395 1252628 1253687 1254965 1259364 1260508 1261311 1262771 1265555 1266801 1268672 1269973 1271473 1273368 1274778 1276616 1277669 1279079 1280243 1282587 1286889 1288090 1292080 1293285 1293967 1294938 1296926 1298738 1301066 1302155 1303966 1306589 1308487 1309756 1313867 1314794 1316982 1317940 1319717 1321055 1322612 1323998 1325101 1326810 1330014 1332062 1333925 1336475 1337540 1341548 1342738 1343385 1344809 1345951 1346592 1347888 1351827 1353215 1355261 1356490 1357756 1358713 1360304 1361412 1362730 1363852 1367706 1368978 1372015 1374571 1375859 1376670 1381465 1383310 1385240 1386447 1387582 1389867 1392546 1393869 1394626 1396167 1397628 1398874 1399958 1402731 1404512 1407552 1408239 1410780 1412843 1415997 1420474 1421565 1423597 1425745 1426663 1428353 1430555 1431737 1435478 1437663 1442264 1444767 1445864 1447441 1448327 1449287 1451361 1456150 1457065 1457874 1458568 1460487 1463178 1464368 1465644 1470430 1472436 1475342 1476846 1479416 1481328 1482610 1483527 1485136 1486776 1488239 1489221 1490924 1491646 1494243 1497737 1499948 1501910 1503986 1505779 1509100 1509983 1511274 1511928 1515157 1516928 1518491 1519967 1522235 1524504 1527360 1528979 1530532 1532076 1532826 1538458 1540852 1542820 1544345 1547993 1549156 1549904 1550464 1551651 1552842 1554357 1557473 1558798 1559662 1560989 1562373 1564741 1566017 1566783 1572195 1573114 1574887 1577225 1578498 1581637 1582293 1583761 1584329 1586767 1588221 1589192 1590427 1592495 1593495 1595357 1596486 1597221 1598709 1599897 1603525 1604899 1606574 1610205 1612410 1614579 1615265 1621407 1622452 1624114 1624798 1626854 1627846 1629658 1631148 1632516 1634114 1635444 1636357 1637493 1638637 1642107 1643379 1644884 1645813 1649797 1651338 1652639 1653903 1658642 1660982 1662107 1665486 1666383 1667814 1668747 1669754 1673183 1674355 1679535 1684494 1687839 1691686 1693547 1695912 1696660 1701146 1705695 1706714 1710172 1714500 1718569 1719154 1721471 1723039 1725254 1727251 1728711 1729368 1733948 1734758 1740243 1743451 1744324 1748877 1752266 1754106 1758318 1759935 1760591 1762220 1763535 1766150 1769444 1770722 1772208 1774811 1776460 1777526 1778927 1779897 1780807 1781994 1783319 1784093 1785237 1786692 1788373 1790048 1791845 1793485 1794514 1797260 1798660 1800116 1801348 1803076 1805642 1806813 1809287 1810176 1811340 1813497 1814576 1815785 1819137 1820546 1822293 1822934 1825609 1828039 1828933 1830860 1831841 1835457 1838179 1841670 1843592 1844647 1846325 1847173 1848904 1849762 1850986 1852022 1854764 1857024 1858309 1859795 1861489 1862653 1863447 1864126 1864956 1869786 1870876 1873978 1874913 1875701 1876453 1878342 1879588 1880383 1881215 1882886 1884983 1886198 1887570 1890787 1893782 1895188 1896272 1897329 1899934 1900547 1902080 1903257 1906445 1907948 1908842 1910613 1911280 1912744 1913327 1915345 1916722 1917879 1918669 1919648 1921346 1922458 1923830 1926453 1927754 1929452 1932068 1935565 1937552 1938516 1948066 1949493 1952072 1953072 1954789 1956174 1957533 1960251 1961379 1965229 1969948 1972448 1975505 1977446 1979499 1981840 1984284 1988199 1989773 1991595 1992683 1993582 1997433 1998387 1999334 
</Matrix>
<Matrix name="Neuron_444" type="complete" rows="1" columns="559" multiplier="1.0">
   931 3747 5596 9936 14675 18218 23757 27490 28968 35702 36798 39060 44355 45769 51326 60538 61935 64880 69774 71093 73299 76042 79286 81524 84498 91722 96455 98145 100867 102189 104317 106583 111421 114043 117991 121059 123793 125641 128164 133423 135629 137733 140749 142509 144533 149465 152679 153474 155028 158980 159873 160895 163109 164274 165551 166543 168938 170944 172040 173599 175033 179834 189105 195628 202482 211280 213756 218916 224791 228744 233076 235381 238278 241566 243761 246513 247343 249694 259439 260968 263831 265682 267503 273537 274915 277170 279544 282431 284805 285926 290701 297028 301457 307374 309239 311495 315309 318157 323919 332335 335250 337162 338162 339433 341739 349841 353974 355482 359686 366583 368220 379813 383517 384833 393899 396332 411035 414878 419234 422835 424773 426059 428658 431888 433017 443377 446136 455452 460233 462944 467720 469541 472646 476229 478891 484711 486302 491916 500172 503342 507565 510234 513276 514788 517983 519978 526733 534636 538941 544251 549198 551868 554171 557076 560087 565581 570261 576802 580901 588604 590038 593551 596001 599067 603697 606599 608421 611071 616316 619006 621829 629399 631766 634545 645461 653463 658413 660966 666700 670464 673371 677622 683772 686165 689850 694797 699515 701960 708803 710675 713251 714796 716151 720562 722875 723904 728536 729477 730700 735477 736731 737714 739171 742126 753847 760439 761407 762934 765270 768104 770230 772912 775606 777412 779114 780935 783448 805174 809661 810617 812639 818171 819181 822367 827440 829067 830857 835175 837823 839905 842248 844281 846046 848557 851959 854924 857187 861221 863240 865953 868781 873839 875033 876841 879898 883154 889761 894759 912439 918517 920881 923517 937744 938512 939541 941635 943562 945934 947120 949538 950611 953555 957706 959126 966740 969697 976644 979491 980134 981121 982547 989364 999715 1000816 1002822 1004077 1008285 1014824 1026704 1028277 1029468 1030949 1034504 1036061 1041497 1043195 1044807 1051147 1060194 1068689 1069733 1073326 1079511 1080707 1083101 1087478 1089499 1090880 1092084 1101680 1112335 1116719 1121257 1124803 1126218 1127038 1129200 1130443 1133002 1134815 1139306 1146756 1148001 1149772 1156178 1160245 1163444 1165645 1167134 1175915 1179116 1184570 1195128 1198644 1201219 1204680 1208113 1211261 1212440 1213749 1214986 1219107 1220904 1222102 1223581 1225572 1229138 1232236 1234589 1236679 1240721 1243162 1246058 1247198 1249430 1251943 1257481 1260920 1262254 1266525 1270344 1272911 1275426 1279849 1283249 1285735 1287374 1289073 1296522 1301371 1303193 1305865 1321220 1324160 1326024 1328514 1333897 1337037 1340320 1344853 1346960 1349533 1350833 1353152 1354351 1355458 1361062 1367174 1368141 1370016 1374876 1378356 1383755 1387685 1389430 1391269 1392372 1395360 1396515 1397855 1403203 1406509 1413701 1417124 1418469 1421937 1422794 1431319 1435142 1437917 1442089 1445072 1446966 1447796 1450743 1454348 1461064 1463812 1467447 1469030 1477511 1480736 1482562 1486661 1489236 1490854 1493269 1504288 1505136 1508768 1510364 1517376 1521446 1525501 1527013 1530403 1535449 1538646 1542236 1544013 1544883 1547062 1550591 1556302 1561558 1565394 1572260 1573271 1574776 1578767 1580929 1583149 1587824 1596647 1601634 1609571 1615201 1617920 1620991 1627514 1628767 1633625 1634617 1638072 1639956 1641266 1645569 1657236 1658375 1662107 1668283 1672107 1673905 1676933 1682741 1685002 1686244 1691611 1693053 1695595 1698588 1704426 1705914 1709679 1711475 1713667 1714546 1716423 1722520 1727304 1730522 1731716 1736101 1739044 1740260 1748797 1753190 1754704 1759508 1762100 1766794 1767732 1769349 1778547 1780524 1781831 1783684 1788138 1789710 1794402 1797222 1799089 1803844 1806126 1807091 1813560 1818367 1819587 1823877 1825735 1827692 1831787 1832865 1834128 1835917 1836900 1847240 1853454 1857989 1863343 1865407 1868505 1870405 1873453 1876074 1882406 1885888 1886854 1888971 1891494 1894717 1895955 1899450 1909255 1910552 1912323 1916914 1918785 1920601 1926639 1932528 1937993 1940527 1944122 1947501 1952869 1956588 1959010 1960162 1964474 1970187 1970956 1972657 1976507 1980550 1982199 1991985 1995043 1999440 
</Matrix>
<Matrix name="Neuron_487" type="complete" rows="1" columns="188" multiplier="1.0">
   2916 6355 23034 41844 45450 58739 85357 87471 89911 97593 99511 112478 115408 133229 137341 157112 188219 194832 210219 217462 235508 242112 281768 287170 296087 311622 312823 323849 347868 357964 365973 374625 375728 378987 381395 401597 417019 420000 428395 429845 432299 433307 438622 488380 528499 549012 559577 560856 567127 592792 594732 604163 620104 621737 623918 636682 643020 646531 651702 660522 663273 669646 678767 679635 688358 694056 696094 718222 758081 769506 773716 786543 792139 799351 810750 822668 834455 845233 859596 862791 880090 885391 893486 895493 897218 912277 912914 919656 933332 937603 975391 986238 997140 999910 1032722 1034214 1038044 1039821 1045622 1048469 1055763 1073987 1077317 1081046 1102214 1108140 1127752 1137675 1148398 1150062 1153329 1157572 1175660 1194616 1205847 1213884 1215136 1221452 1227662 1230108 1274849 1278745 1280665 1296445 1314964 1322997 1327626 1341125 1349275 1352788 1359550 1361110 1366582 1416504 1454383 1462837 1490277 1498131 1506374 1514396 1516872 1522226 1539625 1543066 1551820 1559107 1575831 1577605 1591538 1594614 1606833 1626784 1646765 1649765 1652155 1658519 1663119 1671618 1701934 1710629 1715751 1722368 1725111 1726338 1727546 1729683 1749601 1763700 1766656 1778534 1781438 1799521 1805338 1820693 1832572 1863466 1867735 1869110 1874751 1880506 1898899 1910838 1918318 1941872 1946470 1949907 1968334 1973319 
</Matrix>
<Matrix name="Neuron_497" type="complete" rows="1" columns="1060" multiplier="1.0">
   1555 2487 4021 7211 9159 13333 16903 17838 19311 20170 21191 22356 24079 24820 26929 27976 29224 31060 33994 35045 35819 36880 38521 40176 41433 43804 45253 45749 47115 50246 51424 52518 53790 55975 57444 60006 60697 66832 69026 72189 74621 76945 78513 80125 81605 82467 83217 84352 87774 88435 89361 90766 91681 92285 93940 95303 99154 103621 104451 108329 109594 110447 114252 115025 119471 122638 123990 125928 127296 128859 130541 133602 134912 136314 137647 139808 141027 142847 143750 144903 145787 146816 147433 149216 151254 152190 152904 154150 156667 157360 158754 159523 161084 163140 164689 165644 167148 168256 170249 172363 172964 176032 177273 178799 180600 181747 183670 185226 187907 190687 192881 193809 198368 199289 200663 202840 204158 206726 208901 210036 213189 216112 220450 221972 224013 228109 229636 231022 232854 235147 238839 240670 243423 244437 247025 250235 252565 254141 255893 256679 257587 259641 261625 264302 266053 270082 270691 272241 275541 280156 282203 283124 284945 285981 287173 289286 292883 294126 294873 295712 297226 298289 302841 304434 305726 306604 307880 310019 311970 312783 314655 316893 319549 320428 323874 327988 328902 330465 332874 334493 337366 339149 340504 342884 344434 346032 348946 351103 354236 356224 357217 358558 361105 362435 367189 369526 371908 372675 374739 376214 379282 381132 383367 384316 385815 388286 390527 395850 399022 400340 402634 403200 404777 405532 406772 408418 410326 413192 414233 415327 417319 418760 419732 420902 422976 424965 429399 430390 431350 432787 434529 435425 437280 438171 443519 444889 446219 447476 448472 450471 451597 452954 454298 457309 459603 461421 463965 467733 468681 470578 471280 472566 473911 475550 476805 480053 481444 482646 483397 484875 487814 488978 490531 492595 494280 495031 496061 496663 497861 499232 500958 503477 504649 505366 506523 509050 510640 513130 514193 515410 516681 517781 519604 527434 528738 531371 535129 535956 536779 538196 539301 542598 544654 548132 551250 553976 557242 559097 561598 562958 563595 566064 569008 570462 571516 575253 577342 578993 581774 582603 583334 584442 585452 586854 588120 590544 591949 594269 597725 598713 600513 601848 604060 606461 610530 611553 613455 617593 620381 621781 622753 625429 627308 628177 631343 632280 633140 633980 634741 636803 638333 640566 641895 643355 644175 646463 649244 652348 653572 654575 655770 657726 659781 661666 664000 664857 666298 667152 669430 674627 676742 678117 679721 682165 684551 687960 689177 692000 693834 696672 699349 700396 702137 703032 705037 705978 707927 716777 717902 718573 721679 722511 728940 731277 738149 741652 744758 746028 747438 749834 750729 751668 753987 755473 756418 759374 763434 764810 767150 768234 771091 772340 773543 776915 778863 780696 781995 783729 788476 790281 791176 794300 796747 798147 801708 803441 804799 807896 808663 811912 812675 813703 817728 819994 821797 824590 825941 827689 828706 829803 831165 832202 833170 834431 835503 836772 839315 842455 844202 847705 849245 855467 859445 863816 865342 866090 867192 868440 870373 873890 874537 875626 878033 880992 883566 884782 886653 887732 890933 891588 893366 895732 896742 897608 899336 901830 904080 905001 906531 909356 911053 913085 915367 916920 918505 920638 922211 926045 928159 929638 930226 931309 935111 937872 941271 942710 943939 946486 947626 949142 950483 951988 954046 955724 959196 960500 962026 965953 966838 969387 970141 971764 973716 975682 976691 977591 979231 980331 981468 983853 984914 986439 987525 988567 991691 992815 994467 997846 1000362 1001379 1007797 1009563 1011189 1012083 1014000 1015164 1015706 1017163 1019863 1020990 1021981 1022628 1023585 1024636 1025668 1026331 1031409 1032650 1033798 1034973 1038779 1039524 1041719 1042535 1043476 1046932 1048206 1049620 1050663 1052312 1053485 1054432 1056310 1058324 1060925 1062733 1063610 1064609 1066587 1069951 1071395 1075446 1076440 1079106 1080199 1081054 1082797 1084269 1087004 1090916 1092435 1093467 1094468 1095978 1098565 1101741 1107172 1108408 1112191 1113429 1114880 1118782 1120725 1123623 1124555 1127703 1130665 1134025 1136787 1138458 1140706 1143014 1144612 1146165 1149632 1151016 1153646 1155341 1157708 1160648 1163085 1164000 1164921 1165887 1167834 1169216 1169858 1170779 1172383 1173994 1177237 1179300 1181061 1183536 1189601 1190994 1191862 1194578 1196369 1198063 1199384 1201234 1203940 1208079 1211928 1213221 1214747 1216165 1216784 1217978 1219997 1221886 1222431 1226605 1229128 1230315 1232185 1233024 1235827 1236684 1238795 1240171 1241801 1242823 1244441 1245364 1246136 1247878 1249096 1250060 1250934 1252166 1254003 1254979 1257915 1259902 1260679 1264163 1264638 1266299 1268678 1270819 1271892 1274756 1277021 1278713 1280400 1281287 1283073 1289004 1291015 1294720 1297744 1299051 1300145 1301959 1302671 1303354 1305337 1306384 1307241 1309842 1312451 1313625 1314707 1317069 1319116 1320832 1321481 1322769 1323777 1326024 1326982 1329231 1331260 1331979 1333085 1333908 1334663 1335915 1337629 1338291 1338931 1342465 1345709 1353697 1354753 1356237 1359164 1362859 1366096 1367288 1368063 1370547 1372736 1374781 1377574 1379463 1380663 1381181 1382668 1383351 1384226 1386545 1387344 1389288 1390882 1393159 1394419 1397111 1399483 1400788 1403168 1404847 1406267 1407409 1408567 1409411 1411008 1412690 1417478 1421093 1427828 1428940 1431698 1434010 1434890 1437679 1440006 1443418 1445744 1449127 1450529 1453379 1454420 1455459 1457428 1458567 1461884 1464309 1468623 1470241 1472316 1477825 1481180 1483552 1485053 1485898 1488136 1490132 1491478 1492935 1496090 1497563 1498401 1500934 1502997 1504772 1505883 1506480 1507814 1509696 1510983 1513271 1514267 1515181 1518571 1520452 1526074 1527258 1528294 1529440 1530592 1531951 1532963 1536338 1538379 1539318 1542686 1543814 1546646 1548049 1551580 1553175 1555871 1556435 1558589 1560983 1563025 1564445 1565542 1566549 1567507 1568482 1570104 1571180 1574828 1575935 1577627 1578404 1579226 1581147 1582337 1584873 1589032 1589952 1591662 1593181 1594134 1595908 1597796 1600233 1601778 1605508 1606122 1609827 1610793 1611816 1612696 1613851 1615310 1616265 1622027 1624163 1625299 1627690 1629918 1630968 1632779 1633388 1635125 1637201 1638223 1639469 1640949 1642222 1645565 1646800 1647828 1649180 1650233 1652668 1654009 1655397 1656948 1658622 1662612 1663584 1664914 1668458 1669351 1670333 1672498 1673900 1675565 1676820 1678176 1679518 1680371 1682616 1684132 1685878 1687695 1689211 1692105 1693192 1693984 1695451 1696213 1696848 1697984 1700308 1702233 1703078 1703773 1710007 1711074 1712504 1713227 1716705 1718157 1718669 1719904 1722234 1723389 1726825 1727552 1728430 1729131 1731254 1732153 1732907 1733765 1734915 1735922 1737109 1738393 1740216 1741834 1742458 1745158 1746266 1747463 1748300 1749487 1750342 1751516 1752436 1753660 1754595 1755564 1757326 1759304 1762384 1763233 1764748 1765721 1768223 1769009 1770103 1771092 1772136 1775718 1780087 1781294 1782474 1783901 1786176 1787109 1788888 1791388 1793807 1797023 1798048 1798964 1801857 1807818 1810590 1812985 1814165 1814960 1816287 1817275 1818353 1820299 1821681 1825896 1827151 1828979 1831473 1832716 1833416 1834652 1837851 1839325 1842266 1843261 1844706 1846178 1848268 1849590 1852669 1854912 1857825 1859390 1861859 1862981 1865008 1870586 1871662 1874515 1875730 1878645 1880064 1881353 1882337 1884792 1886632 1887582 1892817 1894012 1896852 1897692 1904381 1905445 1907622 1908863 1909922 1910777 1911678 1914040 1915049 1918576 1922115 1922988 1925229 1928097 1930044 1931448 1932718 1936509 1937593 1938335 1940641 1942679 1943863 1944842 1946962 1947897 1948999 1950097 1951342 1952154 1954788 1956984 1958563 1959955 1961873 1962842 1965402 1966452 1969360 1970546 1972280 1974623 1976386 1977537 1978765 1980593 1981713 1984780 1986557 1987661 1988770 1991197 1992766 1993912 1995545 1996958 1999317 
</Matrix>
<Matrix name="Neuron_507" type="complete" rows="1" columns="415" multiplier="1.0">
   3125 4675 16964 18940 23724 26352 34185 39926 41423 43728 45720 49360 53059 62898 65221 67141 68813 74508 80380 81775 83705 87452 90826 91793 95997 105088 109979 117713 120824 123064 125211 130555 132723 137852 138956 140280 150949 152850 154429 155623 165344 171189 173446 177146 179000 187280 193342 198212 200628 204063 205956 213660 224008 227842 229432 233729 236896 238215 242787 247453 248511 250727 258396 260467 267908 268784 285404 287061 290331 291950 301146 302355 306643 313211 314077 327840 331948 335375 338414 339177 340917 344091 347659 349522 353883 356437 364490 366798 371039 381157 382530 390143 395807 397821 403314 408055 412078 414027 418468 425210 428261 432384 436141 438957 445207 450302 451610 463539 464280 472841 474055 478530 482287 489232 494802 500260 504143 507928 509769 512342 514843 525639 535877 540217 542177 545078 550256 555653 559392 563439 565822 567180 568354 570060 571452 579231 580917 587582 591015 593932 598618 602860 611090 616118 617902 624252 625360 628969 642866 644566 649449 657127 661104 662186 669944 673974 675698 677802 679715 680737 682564 691147 693336 695424 701593 708514 710530 715041 726262 728974 730993 737815 752306 756857 765722 768078 770005 772529 774328 780333 789462 797287 800188 806166 808352 816830 825395 826767 839469 846489 862032 864176 869952 871386 881726 887296 890732 892319 894542 901420 911318 914013 926190 932043 937137 941877 952047 953076 954820 959060 969214 970385 976443 980974 983572 987969 999500 1000541 1014455 1027890 1029753 1031695 1046533 1051217 1057823 1064173 1067123 1069984 1080006 1082995 1088447 1090117 1092958 1095335 1102994 1116760 1129326 1131406 1144856 1153293 1157121 1164169 1170529 1171834 1177185 1186481 1194160 1196763 1198895 1205542 1213076 1218046 1220688 1227551 1231071 1238070 1240579 1241914 1247130 1255364 1261311 1263639 1269852 1271140 1275322 1276806 1284540 1286879 1292040 1295457 1306330 1307832 1310413 1315608 1327020 1331329 1335319 1338171 1343572 1346397 1367349 1369816 1372637 1375733 1382463 1387045 1391645 1393130 1394657 1395735 1397518 1403642 1405840 1410116 1416454 1422274 1423097 1430112 1437710 1441525 1445246 1464047 1467763 1474033 1475983 1481532 1486987 1490137 1493841 1494917 1495956 1504972 1509396 1515626 1518599 1522184 1526954 1529468 1530498 1532403 1537695 1539071 1543224 1549874 1556565 1566295 1568411 1571848 1573669 1575606 1582209 1585986 1594040 1597037 1598077 1602588 1604614 1607312 1609368 1612986 1622727 1625644 1629730 1643009 1646088 1648163 1652165 1668765 1671739 1676644 1677888 1681536 1682851 1690909 1693987 1695036 1711252 1721229 1723797 1726957 1732831 1737015 1738172 1739111 1748054 1750073 1757786 1760279 1766340 1774179 1776198 1778659 1786720 1790185 1792845 1797103 1801914 1805768 1807651 1826350 1828179 1832315 1833540 1836491 1838227 1846054 1848761 1853861 1857792 1864971 1870932 1875824 1894928 1901352 1916689 1918923 1920690 1921838 1925216 1930087 1932846 1937896 1946522 1951773 1958258 1959938 1962971 1965563 1975166 1984377 1987951 1990247 1991867 1995875 1998996 
</Matrix>
<Matrix name="Neuron_511" type="complete" rows="1" columns="98" multiplier="1.0">
   52732 61400 66084 101746 111248 113214 146109 186800 203598 220720 249193 256491 269952 273974 280241 318751 350961 352793 359616 397227 410116 431257 440838 495874 513678 521483 556531 596665 635831 657927 668416 693371 697583 701027 709692 715288 727758 737715 745836 756010 763424 773643 781113 820433 856444 885734 889473 900056 934371 977079 1017477 1027357 1046804 1064113 1082875 1131823 1183087 1216278 1230167 1237025 1264089 1272085 1289090 1309888 1324548 1335035 1354494 1378338 1425607 1468922 1525212 1533430 1539908 1549144 1560588 1578530 1579832 1592046 1595477 1611803 1621369 1622275 1625963 1660875 1662562 1667274 1735719 1744773 1786487 1789826 1794790 1836244 1849382 1921025 1933588 1965061 1986777 1998419 
</Matrix>
<Matrix name="Neuron_514" type="complete" rows="1" columns="378" multiplier="1.0">
   14470 16054 22802 35441 40347 44907 53967 56711 58014 59756 64403 73139 79099 80518 83765 85862 88964 91598 95485 98023 102050 110269 113108 117837 126989 138834 142874 163047 164599 168643 169730 173034 175355 176569 185850 189136 191291 196940 198276 203941 212653 218029 220118 224859 229884 236623 238790 240977 243318 255706 266198 270353 281748 293683 296068 300626 302078 303816 313497 315634 317057 321632 327508 329798 350108 364760 373574 376569 377762 392053 393721 398789 402490 407678 412577 414769 416633 438984 440104 442993 447658 450988 457948 461545 466624 468453 470220 473986 481134 484547 486774 487959 491301 493301 503809 506709 513407 515287 523743 532040 535006 537345 546524 571918 581066 583895 594189 595254 596309 599342 602773 613635 622701 623769 631539 634384 652794 655875 670318 672571 676201 677246 679654 682946 684399 687934 698820 701447 703631 704862 708976 714801 715822 716943 733568 734756 736293 742481 749566 750921 762550 775395 779601 781008 791193 792304 793780 797012 802553 820241 829366 835026 845714 849209 851547 854259 860952 871131 880598 883431 885492 886638 892640 910214 913284 919029 923803 929525 932346 944656 947278 951776 956628 960725 966451 971217 975693 979212 983151 985513 988054 1006708 1010776 1015207 1017115 1030124 1036184 1040069 1044559 1047350 1049401 1051719 1055899 1057637 1060950 1062252 1063478 1067521 1071068 1071898 1073954 1077371 1081363 1085150 1095585 1100348 1102106 1118090 1120254 1126151 1132195 1134893 1138752 1142058 1144178 1148222 1158432 1159841 1162703 1166141 1170487 1182875 1193954 1196174 1203899 1216571 1218498 1222956 1224647 1227236 1234708 1237092 1251092 1253564 1260194 1261161 1268705 1272107 1274499 1284731 1287873 1292213 1295779 1296932 1300256 1309800 1311558 1313395 1315328 1319394 1320685 1333690 1340727 1346151 1347319 1349987 1360428 1364681 1369708 1372108 1373979 1378837 1383378 1384781 1388048 1390168 1392937 1399915 1412408 1413579 1419804 1424355 1433499 1438563 1445359 1449224 1456134 1463039 1470974 1472849 1480800 1484171 1486415 1492076 1498483 1509863 1516352 1518386 1522174 1525986 1530918 1532814 1534647 1538996 1543675 1551184 1568806 1574089 1586250 1589187 1590373 1593726 1598740 1602234 1605763 1607237 1610376 1612686 1618357 1619914 1621026 1623794 1625285 1631000 1633817 1642821 1645361 1646681 1658206 1660038 1664561 1668865 1674861 1678099 1685369 1693030 1694352 1696191 1704123 1705523 1717161 1720110 1724833 1729707 1732490 1769236 1770587 1775649 1778046 1788328 1793487 1797820 1798709 1805888 1814764 1823704 1825139 1839136 1846136 1846709 1876847 1884647 1890051 1893274 1898313 1902090 1904588 1906817 1912691 1914184 1915320 1919211 1922777 1925214 1934966 1937552 1948825 1951121 1959106 1961428 1962877 1965516 1967528 1978121 1979963 1984560 1986644 1993112 
</Matrix>
<Matrix name="Neuron_521" type="complete" rows="1" columns="226" multiplier="1.0">
   2988 7875 21876 25913 31870 34480 38099 62166 64963 72464 82782 95380 99742 103488 133956 139296 162230 167897 169967 174658 178201 185417 206564 212028 214995 225273 229322 233179 244027 257515 262404 268211 272376 276171 282083 286385 290149 291033 292351 295885 302503 306620 326271 335116 336010 343124 396014 419849 421776 426711 429133 440837 448396 449682 466012 469526 504842 508448 513855 516643 524571 536231 543321 550986 553383 574318 577301 586460 590756 604521 630882 652468 657178 659450 682180 690422 694295 697935 702342 705491 712951 715337 722618 736747 746513 755770 766271 768732 770065 780668 797817 802319 813530 816830 836387 846756 848427 863307 866290 882700 885929 903236 907655 918517 929742 939887 959556 983100 984146 986388 1009675 1016527 1020650 1035809 1037903 1050161 1062442 1070190 1080644 1082720 1101183 1106207 1107267 1111082 1114688 1122492 1130201 1131572 1136255 1173301 1178115 1184244 1194418 1197745 1207306 1230141 1233044 1238104 1241034 1256462 1261090 1262442 1273664 1276396 1283531 1291940 1313560 1323341 1328337 1337512 1345398 1351651 1356982 1369147 1373560 1386228 1404009 1408323 1418720 1426265 1435506 1450159 1463444 1466572 1479962 1485048 1491191 1508387 1510215 1514617 1521547 1527013 1533976 1537170 1554923 1557546 1559841 1566076 1583562 1586035 1596003 1597881 1599703 1601408 1605553 1609951 1620778 1622991 1629316 1634891 1645511 1649959 1656301 1675166 1687377 1694840 1704689 1706723 1713265 1716779 1726528 1746139 1754324 1755613 1762862 1771161 1777784 1783190 1794987 1820849 1830642 1832536 1852854 1869452 1878810 1880370 1885555 1890836 1900730 1912992 1918968 1921467 1935762 1947424 1988173 1989202 
</Matrix>
<Matrix name="Neuron_524" type="complete" rows="1" columns="255" multiplier="1.0">
   3612 23105 28807 32429 43461 44079 48091 51844 53979 54686 70672 85541 104409 118158 127232 133950 148991 150474 159751 161095 163026 177837 186549 188150 192454 212280 225345 230932 249090 250167 253177 257555 264804 275506 278457 286404 289786 301976 310527 325768 338918 343293 353633 354665 366462 368457 369958 371751 374153 381601 385292 390856 392328 395988 412613 430270 439828 449755 452755 463526 468059 469812 471302 475902 479497 482020 483442 491643 493181 500834 512461 523854 529619 534849 540297 550418 560558 564428 573084 588292 591114 597714 602358 610110 620824 636119 641835 644322 658747 667827 671578 694199 700514 705874 716873 723651 728616 730672 736189 740358 741838 746512 766105 770491 793843 807642 814563 816431 827703 835468 841641 862552 863970 878367 880482 896529 922250 935133 958178 963012 965978 968943 971861 983438 984791 1000052 1006164 1010768 1025316 1027660 1031520 1033911 1037835 1038943 1046903 1057498 1059330 1070505 1074768 1089872 1101507 1104051 1108230 1119555 1123527 1127751 1132939 1144108 1148077 1153020 1161146 1164592 1174954 1192305 1195751 1206627 1218535 1225628 1231424 1232719 1236389 1242040 1255566 1261217 1271718 1280225 1285310 1287268 1295602 1298021 1303894 1306237 1332060 1342032 1352884 1354827 1356037 1370183 1377253 1379066 1391973 1395434 1401293 1405416 1414044 1431707 1455105 1459339 1464499 1465870 1471155 1474816 1487305 1488336 1508642 1511676 1512684 1529278 1530679 1542790 1560948 1583907 1592751 1600995 1611562 1616947 1617766 1627233 1629656 1657933 1659940 1661827 1663346 1671634 1676788 1698700 1706318 1718373 1725362 1730863 1738519 1741810 1742659 1744406 1750128 1755199 1756271 1763912 1780115 1794632 1798391 1804022 1822641 1828493 1838441 1846619 1868679 1871166 1876052 1887847 1889727 1911437 1915032 1917822 1919578 1943572 1949979 1954134 1968182 1976738 1978988 1980034 1984181 1991745 1998548 
</Matrix>
<Matrix name="Neuron_531" type="complete" rows="1" columns="527" multiplier="1.0">
   6676 9547 12809 15793 23872 25943 27291 33089 39263 40915 46878 48268 52432 59511 60524 62068 63521 65737 75694 87028 88663 90625 91309 93756 96315 97520 98903 105051 109542 116635 117620 122701 128885 130131 136435 142950 148547 151468 155137 156396 169044 175646 177785 179213 181531 190455 196991 200180 210387 212231 216294 218128 219173 220539 226076 228492 234266 240219 243981 245899 248227 251143 252071 255080 261799 262838 268167 269273 271802 272658 279270 286801 287840 295234 302635 307479 309421 311813 312697 313746 315591 316684 322528 328092 329087 333417 336823 344091 347868 349807 352546 353666 354957 357405 360486 363045 370125 372431 373583 384297 387714 389776 392365 393727 396753 400984 402072 407674 413069 421102 423939 425677 428911 430682 432916 439678 442993 448399 452981 455501 462867 470997 472031 476227 477442 482302 482969 485786 488548 497660 506016 511508 514213 515376 517505 520767 524838 533705 535057 537784 545594 551561 557366 561238 567106 572505 573344 575733 577548 579654 582683 585888 603191 605688 608779 611683 612872 615270 617072 618980 620287 627514 632155 638099 638851 640060 642816 647913 653991 656901 658575 660038 664065 666568 672248 674572 679308 681233 685430 691860 701319 707696 713921 716732 717850 721697 724457 730906 735629 739070 740159 752427 753948 755478 756986 758812 767088 769958 771098 774132 776215 783971 787887 791535 793966 798498 801212 803525 804329 806887 814998 816030 818218 820529 823764 826371 830827 831623 833928 841511 844662 848450 851462 857667 862300 867511 872470 879833 884926 886165 893947 895459 898495 902909 905035 908385 914484 917080 919363 922285 924183 928327 931291 933394 937530 944240 955263 963417 966125 968959 969805 971481 984520 986743 991090 993455 1003828 1006498 1009506 1013458 1014391 1024435 1028424 1029802 1031631 1037067 1038964 1042592 1044201 1047109 1060901 1061872 1063090 1064070 1067393 1069991 1071100 1072763 1074667 1079205 1088210 1090477 1091782 1095915 1097913 1099277 1102455 1105381 1107267 1109935 1111161 1113249 1115176 1117508 1118682 1123732 1127052 1129690 1130772 1133521 1136802 1138403 1140819 1145254 1147060 1154697 1160136 1172246 1174904 1178260 1181950 1184994 1189960 1195277 1198572 1200154 1202227 1204669 1209262 1213981 1215301 1219289 1221159 1231701 1236976 1240836 1243227 1249092 1249964 1252236 1253834 1256789 1259413 1260171 1261794 1263401 1266301 1267258 1273773 1274882 1276813 1279535 1284383 1285583 1291710 1293223 1296828 1307370 1310427 1313296 1320957 1330943 1334679 1335798 1339840 1343038 1344843 1346470 1348912 1356170 1357284 1360714 1361909 1363697 1374097 1375589 1376708 1378670 1383466 1391350 1396245 1401239 1404306 1407304 1411185 1413784 1416828 1418730 1419982 1421884 1425202 1431100 1434785 1438031 1443878 1445904 1453330 1461165 1464813 1473543 1480750 1481666 1486176 1489152 1490943 1496092 1499615 1500436 1501848 1505176 1511429 1519447 1525777 1530110 1538116 1540559 1542290 1543528 1546709 1549266 1550240 1551158 1552668 1553973 1556235 1559177 1560812 1565945 1567879 1570795 1572281 1573920 1577687 1582804 1586556 1588316 1590619 1594860 1596207 1607996 1612122 1614914 1616015 1619594 1621848 1625023 1632605 1636757 1648517 1650406 1651970 1653850 1655747 1658197 1665121 1666267 1670660 1671977 1674893 1679900 1682399 1683321 1684668 1685879 1688929 1690294 1692916 1696968 1698530 1702790 1704067 1717940 1724186 1727627 1731467 1737140 1740122 1742911 1744777 1746716 1752263 1754516 1756629 1764465 1765517 1777029 1779350 1788269 1795139 1798115 1802988 1804496 1805375 1808097 1817272 1823057 1827092 1833722 1836045 1838714 1842742 1844367 1847875 1849411 1851088 1854537 1861762 1866371 1869610 1870210 1871121 1874325 1878331 1880025 1883736 1895436 1919810 1921573 1922869 1925882 1927910 1929006 1934944 1944633 1945388 1953880 1955153 1957878 1966746 1969113 1970597 1973758 1976182 1985263 1988099 1991020 1998846 
</Matrix>
<Matrix name="Neuron_534" type="complete" rows="1" columns="498" multiplier="1.0">
   6448 19889 22061 23198 24392 26140 28300 35251 37259 40902 42621 46258 49379 54019 56952 60727 65056 66952 69979 72105 73654 83129 85544 88421 89530 91957 95312 100030 109281 113240 118691 125331 127727 131192 132616 137067 142080 147439 152299 154947 164890 171553 179414 181162 184224 188988 191144 194043 195210 202818 205812 207771 211549 218336 220537 229935 234860 241659 246644 247676 250513 255361 257130 258692 260420 264457 272780 277550 281665 288773 289783 292783 293499 308957 317781 322534 324207 334715 337193 339100 341757 346439 352325 354309 356789 364610 371203 374150 378909 384230 389788 391030 395280 397152 399744 401595 405168 409071 410433 413493 414577 416792 420959 422797 425976 428992 437096 439923 444665 446191 447435 455471 457542 463327 466867 471460 473519 475876 483039 484127 487486 488467 498828 504016 505759 514641 516932 517959 519015 523286 527451 537355 542174 548313 556270 559550 565252 567118 572917 584385 585291 588383 590149 594769 599291 604008 609102 615031 616211 619039 621109 622208 624962 626287 632759 633771 639297 643546 646503 649759 651276 655383 656913 659413 663327 665090 669112 672103 677520 680465 681639 684201 685928 697029 704043 711196 714411 716686 719440 721007 725972 727371 729322 730318 737860 745693 749085 751519 755078 757045 758568 771494 772797 774000 775933 778140 779079 780912 782460 790477 791585 793535 794979 798656 803856 805823 810884 812101 814472 831549 833624 835960 836990 839081 841002 848308 851066 853875 862522 863389 864295 865817 871345 874444 879393 881270 882509 885929 886987 894175 902646 903539 904980 908671 911357 914356 916848 921481 922685 923626 926534 928726 931950 933407 937096 938754 942633 947025 948663 950498 954817 955660 957042 958156 961014 964713 965821 968699 972265 974193 977446 978600 980365 982277 983454 986826 989843 994752 996985 1000237 1004738 1012925 1014895 1017178 1021751 1029731 1041067 1042816 1044340 1046034 1047911 1048893 1052348 1057838 1064169 1079838 1082447 1086743 1090613 1092883 1093876 1098811 1099699 1101089 1105915 1109486 1117360 1125613 1129733 1131395 1135501 1138080 1143320 1144054 1149219 1150622 1158355 1172688 1181706 1183742 1189105 1191602 1193609 1197044 1208593 1211734 1214882 1217320 1220003 1220901 1231889 1233160 1239777 1245113 1249665 1253728 1255552 1257277 1258700 1262761 1269159 1275064 1277060 1281853 1287836 1290115 1298694 1300320 1303988 1311358 1314293 1317643 1321265 1330845 1335451 1347686 1356938 1360903 1362136 1370238 1373385 1388186 1392147 1393683 1397669 1401563 1403105 1405621 1406876 1407830 1419748 1421537 1425198 1428194 1434164 1435357 1439411 1445526 1453562 1462791 1464958 1466637 1467427 1474499 1476190 1479200 1485690 1491640 1493376 1494833 1499384 1508024 1511597 1512956 1516821 1519997 1521390 1523934 1525463 1532890 1536272 1542440 1544288 1545571 1548069 1551542 1557392 1559949 1561294 1562332 1566785 1569258 1570275 1572905 1575827 1581883 1588129 1593439 1601000 1602988 1609768 1614062 1617712 1623660 1628702 1632394 1636453 1639056 1644401 1646162 1647277 1648515 1660825 1661717 1667434 1668511 1671278 1674405 1682116 1692360 1699115 1706001 1710446 1715123 1718659 1719838 1721308 1723651 1725261 1727491 1731013 1732667 1735546 1738508 1741770 1745021 1750762 1757360 1761582 1764240 1766756 1774303 1775338 1783273 1786770 1793008 1794766 1798519 1799872 1813463 1821023 1823618 1829766 1833621 1840624 1841509 1848038 1850282 1855254 1858815 1864181 1866428 1882428 1884838 1889546 1896701 1898392 1908378 1913300 1920917 1925961 1927786 1937645 1940977 1942037 1942688 1946903 1949238 1950321 1953048 1957143 1960478 1969897 1975218 1986505 1988685 1995885 1998206 
</Matrix>
<Matrix name="Neuron_577" type="complete" rows="1" columns="115" multiplier="1.0">
   2158 10838 13685 17294 20474 27740 59348 108488 114071 129336 226503 229897 232640 239720 249243 259150 260673 267642 282923 287291 301553 343586 357388 363471 397297 427524 454478 468902 472759 481374 507530 583416 585963 588221 603698 607848 624275 628838 706831 719317 744070 748629 764354 768216 774301 798983 806424 811463 819244 822406 826477 862018 896489 908284 915321 944894 960363 965654 977260 1009882 1010641 1011904 1017899 1027952 1031140 1108943 1120225 1122853 1138520 1142442 1151326 1171159 1176100 1201650 1265683 1271818 1301749 1332277 1371678 1372850 1386970 1399223 1400499 1402195 1410128 1418866 1426030 1451556 1482099 1517781 1536156 1562113 1593509 1600449 1622386 1626099 1658777 1663585 1691459 1699153 1701435 1717984 1726174 1731826 1764344 1790763 1805575 1821986 1857782 1939181 1946235 1961662 1969416 1974786 1981952 
</Matrix>
<Matrix name="Neuron_587" type="complete" rows="1" columns="52" multiplier="1.0">
   5425 9269 65393 121031 124411 210045 217246 261338 262735 295038 320982 353692 475026 529521 531514 591791 745003 794395 873352 949404 951451 1036243 1068148 1088134 1090829 1137138 1143992 1171549 1182528 1286121 1327982 1347584 1383040 1394253 1510746 1556244 1567929 1629220 1649426 1665733 1672375 1682661 1754151 1756779 1766309 1783098 1793727 1815467 1902929 1923172 1924398 1986755 
</Matrix>
<Matrix name="Neuron_597" type="complete" rows="1" columns="80" multiplier="1.0">
   35625 93919 105464 108453 152097 167868 172841 267710 300843 317512 341618 346026 358336 367803 371499 443894 459630 482477 487311 519913 525733 567004 572378 595400 643016 677734 701901 716075 720102 721557 737957 745173 761597 767811 772500 775714 842229 853527 862613 872035 893609 898140 981429 989468 1013663 1049204 1174223 1184339 1247124 1272584 1283008 1289980 1304631 1312079 1348254 1419230 1441433 1543007 1568505 1584028 1591546 1612570 1624454 1631496 1729233 1746281 1799763 1818167 1825569 1826764 1835042 1853413 1879316 1886657 1905231 1910499 1950990 1962716 1994195 1996555 
</Matrix>
<Matrix name="Neuron_607" type="complete" rows="1" columns="494" multiplier="1.0">
   1510 7132 9849 10876 21198 22442 28762 36875 47192 48507 54147 55363 56691 62263 69812 79337 84491 86452 93403 94737 97304 99421 102074 108572 117279 119385 121077 122510 130126 133000 135324 138739 146399 147732 152699 154643 157888 159063 160615 171990 180623 181500 186072 192973 194802 200400 213112 215577 216675 220312 221882 223687 245274 254986 256432 270049 275065 277106 278457 281441 283349 284264 289739 292626 295677 296709 300635 310214 314751 318648 319791 328277 331160 335343 336614 341741 345073 347610 349257 351823 354420 361642 365375 369262 370090 371992 374836 377368 381912 385644 388621 391372 393338 395430 397555 398587 400025 406150 411328 414317 415671 416622 418697 420776 423112 425275 426760 430562 438674 445843 447593 456657 458208 468665 470084 473085 474474 476734 479573 484143 487779 489092 490992 494597 501330 502729 504628 505520 508977 516318 519546 521569 524671 529806 531813 533740 535325 541344 546635 550029 552224 555926 559834 564318 566511 568279 571485 574488 577660 580665 581659 584031 590241 591995 596063 598211 600295 602738 606717 608411 610478 613169 614211 618239 620976 624583 626943 629676 637109 644794 646437 658299 661096 662634 663323 667981 671767 673756 675428 678866 680036 685546 689704 693774 695948 698214 706824 715364 722691 724100 731454 735461 742311 743977 746236 749984 754538 760844 772596 780283 783446 789976 792100 801963 812728 824742 826721 829494 830739 839845 842484 849957 851864 855808 863089 865034 866803 873253 876760 877607 879800 882674 895276 896457 899530 901438 904470 905910 910394 913027 923668 925072 928993 930138 930813 932432 935578 937569 942923 944743 947682 949472 959233 966390 973277 978000 979418 983205 984920 995965 1005362 1007143 1009186 1014172 1016354 1024214 1025270 1030992 1033481 1038570 1045482 1046421 1058573 1060108 1070443 1081546 1084784 1087353 1092432 1093900 1102615 1106533 1112166 1115767 1117994 1122701 1128360 1136995 1137980 1139382 1142444 1144474 1148961 1154343 1158102 1159817 1163561 1165920 1170113 1173808 1174694 1178380 1184847 1186527 1188235 1195579 1198449 1200835 1207512 1212104 1225893 1229093 1230589 1239375 1241980 1244492 1251204 1253577 1255536 1257193 1258881 1266018 1269163 1273369 1275874 1279059 1283188 1286874 1288916 1295227 1297274 1304104 1306428 1311813 1320154 1322881 1323788 1325086 1329277 1338065 1339493 1347442 1351496 1354183 1357932 1359283 1362041 1363630 1369365 1373399 1386096 1393565 1395332 1404749 1408060 1410791 1415008 1416128 1418263 1420004 1420865 1422994 1424208 1429131 1431560 1438439 1440878 1442285 1446160 1447207 1451590 1452346 1453413 1459297 1461406 1465370 1468384 1471617 1475827 1483189 1484683 1487008 1488349 1492089 1495108 1497846 1500016 1506147 1512803 1519035 1530079 1535425 1547661 1551410 1554041 1555117 1555950 1557275 1558683 1562930 1568926 1573956 1575663 1586853 1589206 1591109 1594733 1597647 1601269 1607939 1612860 1615457 1619813 1623068 1628253 1632267 1637113 1643485 1644563 1645944 1647638 1657152 1658777 1662343 1667717 1676944 1680094 1683781 1685292 1698956 1701147 1703254 1705651 1709314 1710297 1716423 1719068 1722895 1727375 1728256 1734254 1737140 1741530 1744553 1751186 1767865 1771112 1774915 1775943 1777619 1779584 1782639 1783829 1785897 1787984 1789254 1790693 1793195 1802281 1803787 1809266 1810466 1815456 1819421 1820164 1821846 1824861 1827420 1832047 1837768 1844786 1848064 1848880 1853872 1860746 1866712 1873677 1877524 1878521 1879379 1887927 1894957 1899650 1902623 1906481 1910804 1912598 1914457 1917508 1928462 1935045 1936512 1937669 1945158 1946174 1947366 1953735 1960927 1966122 1972323 1973777 1975305 1981583 1987893 
</Matrix>
<Matrix name="Neuron_617" type="complete" rows="1" columns="981" multiplier="1.0">
   1294 3812 4945 6335 9635 10933 11973 13326 17635 19535 20230 23068 23788 25778 27045 28510 31199 32535 33848 36416 38743 40030 45937 48036 49668 52443 53162 54179 55512 58136 59494 62324 64024 65160 70433 72309 75908 77480 78866 80228 83252 84269 85892 92339 93538 95618 96986 99183 104836 106791 108431 109790 112196 114413 116494 117784 119300 120908 121776 127076 128510 129616 132383 133613 135500 136749 138971 140486 141797 144078 145180 146577 148401 151941 155340 159709 161014 163710 165406 166340 167289 169307 171659 173364 176496 177675 181754 182477 184559 186967 188330 190267 191340 191956 192930 194345 196719 198798 200796 201564 205644 206567 207645 208954 211487 213649 214609 215568 217251 218169 219233 220080 221170 222228 223094 224245 225716 227690 231345 233967 235266 236240 243999 245206 246729 249361 251251 254524 256078 257075 259172 260642 261407 262807 264783 266264 267841 271251 274260 275550 277360 278363 279590 280640 282423 284515 288497 289669 292510 294571 296091 296765 299623 301414 302338 304126 305153 308001 309095 310354 311715 312746 314515 317043 319425 320545 324793 327671 330484 332753 334925 336677 337595 339277 340805 343549 345284 348831 351084 354991 356579 358139 359820 361064 364599 365608 367110 368529 370006 370894 372472 374308 375646 377735 379476 381434 382334 385887 388843 389903 391362 392967 394846 397127 397877 399488 400465 402037 404216 405405 409030 410190 414949 416258 417572 418920 421526 422686 424236 425051 425884 427758 430841 432953 434024 434990 435539 437368 438241 442685 446442 447123 449249 450364 451330 452279 454271 456453 458406 460290 461689 463602 465017 467149 469128 470105 470947 474671 476477 481773 483115 485126 485889 489137 490632 492095 493290 497678 500098 502083 507230 508267 510631 512295 514290 515415 518870 519948 523023 524952 526977 528765 530560 531887 533382 536972 539704 544805 545929 547845 555204 556976 558362 559281 560102 561423 562428 565039 568396 569121 570986 572239 574027 576287 580812 584376 585473 586834 587782 589659 591440 594713 597544 599559 600572 605462 606188 607323 609476 610314 611016 612134 614445 615555 616609 619331 620394 621034 622848 623878 625126 628000 630346 631712 633291 638133 640030 641270 642069 644027 646480 649627 652486 653267 654590 655426 656758 659798 661623 664006 665287 666284 668815 669859 670912 671639 674578 676261 677476 680786 682151 683559 685018 685727 691691 693484 694602 695586 697849 699518 703618 705364 706838 708824 713153 715329 716441 718330 719388 721537 722235 727454 731072 735601 736598 737719 741220 742207 743376 744781 746761 750878 754357 755313 757147 758621 764007 766185 767445 771791 780920 782951 785774 787807 788985 790609 792683 794076 795238 796564 798161 799470 800385 801564 804837 807152 808875 811325 813085 816212 817950 818925 819958 823878 824751 826290 828782 832628 835413 836450 837675 839941 841224 842335 843484 845211 846458 847375 848982 850601 851569 852913 854000 855438 857466 861013 864535 866138 867419 868864 870654 872780 874435 875283 876820 881136 881714 883678 886817 891128 895062 897779 898667 900773 902268 903989 906116 906960 908896 912203 915380 916819 920041 921627 922898 924514 928168 930753 932814 940554 942152 944043 945201 948321 950015 954438 956353 957647 959299 960010 965093 967147 968430 973509 974299 975357 980595 981500 983572 986100 988717 990180 990971 992767 995509 997023 998714 1000089 1002716 1005335 1009072 1010979 1012175 1013352 1014878 1016299 1017910 1021112 1021986 1022880 1023918 1026536 1028204 1030020 1031901 1032518 1033601 1035078 1036443 1037770 1039407 1042543 1043373 1044867 1046104 1048931 1051377 1056060 1057812 1059034 1060951 1063125 1064366 1066348 1067407 1071072 1073161 1079167 1081269 1084644 1086756 1088772 1091075 1094124 1096512 1097767 1106278 1107423 1109475 1111137 1112738 1113638 1116953 1118690 1121240 1123220 1125127 1127272 1130164 1131704 1134594 1137477 1139988 1140588 1142025 1143289 1144901 1147572 1148560 1149637 1150540 1154441 1156973 1158712 1160183 1161657 1162948 1164901 1166213 1171471 1172319 1173916 1175604 1179157 1180364 1181845 1185170 1186878 1192732 1194042 1195945 1198198 1200639 1202252 1203006 1204736 1206283 1208848 1210743 1211602 1212473 1214466 1216452 1218184 1219488 1220669 1222658 1224374 1226112 1227351 1230521 1232875 1234280 1235109 1236441 1237334 1240557 1243050 1248232 1249779 1253928 1254605 1257221 1259271 1260537 1262851 1264238 1266112 1267240 1271629 1273560 1274896 1276801 1279121 1279813 1280706 1284608 1287024 1295407 1297766 1300988 1303382 1305061 1306843 1308030 1311268 1312186 1314994 1316877 1318367 1319103 1320655 1321930 1323767 1329838 1330795 1333214 1334439 1335786 1336727 1337622 1344001 1346067 1347333 1348016 1350605 1351905 1355350 1356409 1357582 1358850 1363059 1367340 1372510 1375601 1377311 1378159 1379706 1381007 1383331 1384997 1387026 1390453 1391233 1392768 1397844 1398449 1399569 1401423 1406195 1408817 1409671 1412142 1413313 1414057 1415525 1420994 1422872 1424751 1426414 1427703 1428401 1430009 1431167 1436386 1438653 1439696 1441995 1443917 1446817 1447860 1450074 1451656 1453967 1456509 1458739 1460626 1461471 1462547 1463744 1466469 1467651 1469470 1472529 1473310 1475240 1477474 1478391 1480359 1482177 1483594 1486444 1488030 1489223 1490955 1491892 1494000 1495600 1497313 1499489 1501820 1505115 1505878 1509335 1510441 1511435 1513217 1515393 1516454 1519370 1520671 1525455 1527112 1528172 1529711 1534916 1537235 1541948 1543424 1544859 1546949 1548493 1550836 1552068 1556797 1557668 1559052 1561883 1563061 1564061 1565945 1567933 1570948 1574339 1575267 1577725 1580425 1581253 1582456 1583526 1585349 1589154 1590960 1591685 1593734 1594859 1595960 1598684 1603315 1604889 1605691 1608912 1610366 1611924 1614196 1615884 1617756 1619199 1620781 1622111 1622780 1623991 1626021 1630146 1632209 1633344 1636806 1638504 1642472 1647188 1649142 1651703 1656574 1657642 1658647 1660244 1661514 1662963 1664963 1666294 1668897 1670881 1672409 1676085 1677465 1678994 1679891 1681619 1686318 1690233 1692657 1695116 1701319 1702803 1705245 1708477 1709737 1711445 1712840 1715167 1716552 1717335 1720734 1722788 1723884 1725449 1727089 1729562 1730614 1732136 1733746 1737078 1740418 1747392 1749139 1750946 1751936 1757046 1758743 1761452 1763274 1765718 1767571 1768750 1771301 1774900 1777515 1778206 1782139 1784193 1785636 1786588 1789165 1792734 1794664 1796978 1799618 1800481 1802001 1803037 1805565 1806271 1808427 1809576 1815579 1817671 1819178 1821607 1822267 1823035 1824522 1825513 1827140 1829748 1831978 1832636 1835037 1839008 1840507 1843937 1849543 1853144 1855613 1857977 1861661 1862561 1863962 1867136 1868463 1869906 1870964 1874437 1875597 1876547 1877850 1879325 1880157 1880990 1886561 1887729 1890002 1892091 1894107 1896738 1898614 1900743 1902448 1904744 1906280 1907718 1908821 1911714 1916236 1917117 1919714 1921729 1922622 1923936 1924934 1926281 1927471 1928438 1930108 1931839 1934888 1939473 1940754 1942932 1944157 1946029 1947437 1951927 1953206 1954968 1957740 1959479 1960182 1962057 1963973 1967523 1968918 1970105 1970995 1972666 1973779 1974775 1976190 1978400 1979488 1980736 1981775 1984663 1985726 1987502 1990003 1991681 1993704 1994615 1996057 1998065 1999611 
</Matrix>
<Matrix name="Neuron_627" type="complete" rows="1" columns="1001" multiplier="1.0">
   2197 3863 5045 6339 9948 11001 14100 16622 20581 21818 22757 28517 31751 32695 35361 36489 38198 39536 40718 45289 46493 49388 50816 52401 53831 55902 57031 57860 59104 61266 62044 67331 69236 71646 73124 74763 76887 77802 80549 81524 83196 88567 90440 91659 92714 94875 95590 99271 101458 103571 106853 108374 111555 113798 115153 116128 117401 122714 124958 125903 128967 129639 132433 135810 137369 138752 139817 141215 143243 146666 150004 152671 153843 157924 160736 162831 167211 168173 170349 171492 175503 177015 178064 181962 184117 186357 188414 189237 191056 192354 194346 196736 198507 199372 200495 201811 205952 210706 211784 212752 215651 217883 221967 222984 225278 226283 227667 229063 229792 232109 233433 234962 238216 240094 241876 244370 245514 246622 247889 249889 253878 255718 256386 257209 258482 262167 264205 265863 268097 271059 271831 275365 276324 277793 280278 282247 283305 284800 285840 287853 289104 290475 292122 293369 296179 297175 298579 300544 302540 305066 306666 307881 308656 310493 311899 314056 315025 315905 317266 318646 320020 324776 325653 327668 328320 332834 335600 336830 337573 338571 341375 345797 346575 348167 350716 352841 356343 358047 360329 363931 368221 369753 372751 374124 375532 377647 379855 384478 386904 388743 391236 391902 392939 394547 395918 398915 400834 402643 403926 405150 406215 410821 412431 414532 418207 419020 420107 421593 423060 423535 426444 427988 429018 431504 432246 435383 438070 440971 441800 443335 445174 446547 448513 449962 452495 453742 455193 458466 459670 463311 464539 467308 468506 469804 470813 473060 475905 476875 478086 478957 479874 481626 482719 483633 485131 485915 488756 489568 492057 493817 495076 497602 502074 502736 505582 506498 509461 512279 514892 515540 518795 519889 523163 524388 527784 528873 532341 533566 534694 536902 538426 540362 542017 542860 545675 548871 551113 553396 554615 555569 557562 559837 560790 562509 567508 571287 573578 575689 576855 578821 581532 583264 586407 590205 594771 595758 597982 598889 600517 601495 602725 605064 606890 608089 608984 610693 611702 615265 618315 619690 620557 621902 625931 626672 628901 630743 632640 633784 635533 640055 641271 642245 643323 645062 645653 647074 650546 653020 656821 659112 661541 662626 663389 664186 666152 667972 669853 671582 672761 674360 675453 676700 679428 683414 684478 686136 687051 689452 690842 695240 696693 701079 703667 706679 708157 709361 710899 712509 713876 714924 716177 717595 718837 720340 721067 722631 724018 726142 727930 729584 731876 733697 735354 736351 739971 745106 745781 749602 752722 754525 755547 758874 760253 760992 764384 765881 768081 770577 771562 775151 776477 777539 779829 781032 782759 783717 788035 788766 790677 793206 794628 796384 799881 801282 802892 806159 809892 810998 813506 818049 818748 821435 822751 826416 828441 829902 831541 832577 834975 836946 838513 839574 840709 843130 844643 851838 852627 857582 859391 865695 866750 867720 869590 871616 872910 874525 876313 877491 878622 880723 882702 885886 887120 888273 889502 891072 892773 894047 896125 897886 899361 900807 904127 905289 907906 908615 910714 914552 916809 918451 919594 920251 922505 923911 926388 927757 934087 935645 936847 939584 942153 943443 945082 946237 949976 955649 958971 959677 960558 962249 964701 965821 967206 968668 970529 974481 975699 978620 981864 984013 986779 988356 989421 991544 993089 994909 997079 998298 1000996 1004038 1006149 1007898 1010833 1012890 1013910 1015597 1016621 1017369 1018836 1020122 1021617 1023404 1024712 1025651 1026877 1030323 1032837 1034497 1035605 1036222 1037225 1037860 1039694 1041724 1042976 1044933 1046578 1047365 1049144 1050234 1051944 1053657 1055176 1056468 1058683 1060767 1062891 1067404 1073674 1074278 1078184 1079565 1086580 1087689 1088293 1090732 1092385 1093781 1094689 1098348 1099726 1100558 1101973 1105445 1107516 1109324 1111582 1113876 1116687 1117730 1119316 1121810 1126648 1130119 1130707 1133098 1135351 1136518 1146523 1147511 1148480 1149594 1150839 1152488 1155050 1156461 1157922 1159569 1160638 1163182 1164791 1165973 1169144 1171568 1173100 1174435 1176682 1177643 1179217 1180415 1182531 1183437 1184480 1188567 1191627 1193350 1197240 1199982 1201274 1202284 1203723 1204786 1207635 1209888 1211510 1212808 1214038 1215954 1217388 1222350 1224491 1225381 1227482 1229836 1238694 1239283 1241921 1243625 1246142 1247165 1248116 1248982 1250519 1251986 1253469 1254521 1255365 1259210 1263963 1265303 1266281 1268044 1271503 1272355 1273585 1274680 1278204 1280976 1282137 1284957 1288854 1290648 1291576 1292658 1295807 1296937 1303409 1304149 1305426 1307767 1308591 1309592 1311492 1312743 1315280 1316260 1317060 1318284 1321089 1321791 1322608 1325128 1325622 1326597 1330499 1331969 1335417 1337509 1338936 1341339 1342451 1343569 1345072 1346256 1346918 1348489 1350637 1352977 1354165 1356506 1357417 1358974 1362149 1369042 1372874 1374020 1376826 1378666 1381172 1388831 1391073 1391963 1393071 1395218 1395792 1397563 1399309 1402803 1403956 1406211 1408308 1411540 1412306 1413859 1416476 1419999 1421326 1422376 1424717 1426025 1430901 1432671 1433804 1437660 1438622 1443148 1446078 1447136 1449881 1451766 1453785 1455109 1458963 1462761 1466247 1467777 1468905 1470216 1472786 1474049 1477136 1479233 1483077 1484067 1485475 1486534 1493127 1495989 1497329 1498737 1500041 1502040 1507128 1509395 1510119 1511874 1514058 1515006 1516550 1517515 1520591 1522361 1525311 1528410 1529880 1534810 1536453 1538513 1542101 1543310 1545190 1549317 1550686 1552677 1555433 1556332 1557352 1559428 1561859 1562986 1563880 1564665 1566813 1570228 1573665 1574755 1575669 1577452 1578648 1579225 1583703 1585026 1587326 1589229 1590986 1593853 1595102 1596870 1598566 1600179 1601439 1604072 1606163 1610486 1612654 1613746 1614967 1615945 1617148 1619774 1622156 1624038 1626044 1631527 1632449 1633565 1635631 1636300 1638593 1640024 1640713 1642470 1643167 1644984 1646573 1647315 1650918 1656554 1657170 1661950 1662851 1663821 1665154 1666055 1667541 1672622 1675247 1677065 1679892 1680858 1683032 1685400 1686786 1688639 1689687 1691257 1693873 1695290 1696939 1698915 1699615 1701505 1702427 1704263 1705260 1705954 1709280 1710451 1712162 1713167 1714541 1716611 1718382 1720188 1723682 1725242 1726317 1728168 1729589 1731067 1732013 1735355 1737473 1739319 1740403 1742161 1742999 1744868 1746353 1749201 1751297 1752211 1755711 1756878 1764986 1766675 1768268 1771097 1772758 1773753 1774680 1775763 1778770 1779763 1780462 1782531 1785788 1786447 1787551 1792310 1795334 1796895 1801552 1802769 1806060 1807716 1810644 1812052 1813620 1816159 1818040 1820155 1822874 1827889 1829011 1830043 1831922 1833051 1833824 1834702 1837080 1838467 1839613 1841111 1842004 1844687 1847940 1849519 1853865 1854780 1858632 1859382 1861967 1862544 1864972 1865740 1866727 1868009 1869208 1870248 1871253 1872578 1874070 1875055 1876814 1878475 1879848 1881785 1882512 1883884 1886898 1888088 1889476 1891511 1895852 1897139 1900315 1901916 1903233 1905923 1907287 1907804 1909057 1911166 1913287 1914860 1917686 1919408 1921795 1925900 1929362 1930318 1933270 1935225 1937059 1938361 1942136 1944199 1946776 1947734 1949186 1951363 1952996 1954734 1957522 1962443 1964978 1965967 1967435 1969653 1971564 1973259 1974501 1975557 1976822 1978663 1979545 1982291 1983906 1986432 1987385 1988012 1988873 1989702 1990520 1992677 1994240 1995398 1996298 1997862 1999497 
</Matrix>
<Matrix name="Neuron_631" type="complete" rows="1" columns="161" multiplier="1.0">
   2613 7580 9109 26860 37346 40970 51336 61699 71109 85249 141660 143588 154849 158631 171434 184907 194434 212928 281906 288683 291945 324570 343537 348965 371942 386021 419683 422805 431738 454163 463366 465489 467554 489973 495088 508193 524431 528253 549620 563978 589306 594519 618474 622369 652427 656158 662258 675167 680422 683290 689330 692605 701429 710692 740187 749572 765235 779746 798745 808697 822365 834782 836764 845246 870875 881798 904867 908214 918941 936828 944835 954988 960098 961895 973683 980290 986170 987289 996498 1002294 1020298 1049102 1077012 1080361 1097116 1118399 1164872 1172469 1175654 1182586 1188119 1189170 1194352 1198373 1224118 1256451 1258607 1259705 1261683 1265920 1268537 1277512 1289258 1306218 1308133 1314028 1320093 1325219 1373284 1376434 1391741 1399927 1421428 1425286 1427093 1429538 1437375 1449055 1455121 1466370 1474871 1493706 1504021 1508223 1517937 1558842 1562688 1570302 1579488 1582078 1588328 1591139 1612994 1614451 1617379 1637804 1643647 1651632 1704382 1725397 1740514 1742065 1774158 1779074 1789090 1791823 1812433 1818268 1828547 1869340 1871563 1878190 1901487 1905104 1908938 1917014 1940516 1950020 1959723 1964211 1991237 
</Matrix>
<Matrix name="Neuron_634" type="complete" rows="1" columns="143" multiplier="1.0">
   45977 53426 74212 89942 104831 129753 145234 167575 178020 184635 196517 204102 216990 230062 243792 247584 260020 260881 311760 337872 340117 356915 360009 363142 367603 374806 394677 397414 434836 473519 478401 486493 497777 501310 504652 514901 524845 531299 534253 548201 554068 555095 568525 570194 613260 643562 647983 698272 718499 720794 792357 795319 798698 812936 814911 819100 820774 833942 855931 873092 878172 884874 911497 920246 931306 936134 948924 990491 993549 996933 1012397 1038771 1041116 1044794 1087044 1094023 1103306 1136810 1146923 1190024 1228374 1236967 1252581 1298107 1310776 1312591 1313808 1320212 1323046 1328017 1352495 1363480 1369625 1377333 1413408 1426023 1445387 1476075 1477451 1506561 1513946 1518266 1520512 1523068 1526989 1562120 1563702 1565287 1568927 1578183 1591538 1595219 1606379 1610715 1628221 1643614 1657158 1728957 1749056 1762585 1793649 1801820 1807503 1820972 1830265 1838946 1841323 1848100 1862784 1865060 1867445 1878445 1880316 1893990 1904402 1909303 1915172 1921145 1927129 1931992 1938375 1953175 1993445 
</Matrix>
<Matrix name="Neuron_641" type="complete" rows="1" columns="170" multiplier="1.0">
   10701 26154 60023 84311 89209 102423 120264 125338 131162 141288 170963 175404 177071 178109 188476 215849 219555 255633 262868 288875 299298 303870 318745 322792 326185 332832 350154 389038 394793 421886 435015 445675 468083 468962 480999 484501 488160 502002 503322 504480 506575 520996 522983 528464 551388 557982 564134 569073 588005 596596 632363 637079 654902 672199 679300 681292 692605 703557 712992 735193 740363 759140 776258 783093 785221 807047 817438 818650 845803 866328 875582 881767 889036 917613 932341 943729 967580 974490 986120 997149 1000253 1004122 1005930 1011874 1021409 1040061 1042605 1051401 1053542 1058105 1060086 1066845 1071068 1074808 1088591 1096814 1101198 1103971 1110123 1121556 1124997 1126851 1150437 1161763 1165242 1179586 1197337 1202262 1231011 1253676 1267237 1293034 1295995 1322279 1332035 1343331 1360214 1374439 1387540 1401774 1402831 1426164 1427840 1435638 1456851 1464101 1465003 1466924 1479060 1496094 1498012 1511769 1522694 1534756 1541994 1549049 1553911 1556159 1560808 1569777 1582293 1584314 1590293 1598384 1601971 1619485 1632297 1635820 1649461 1661794 1674958 1701861 1706466 1709470 1737514 1847158 1857771 1859263 1882578 1884680 1886915 1894727 1903930 1931725 1936799 1960876 1968930 1974874 1977911 1995009 
</Matrix>
<Matrix name="Neuron_644" type="complete" rows="1" columns="178" multiplier="1.0">
   31414 36246 48491 53960 64946 111442 156672 164714 166472 175146 176650 178711 198621 211158 211908 217431 225265 228865 235930 240764 268808 283241 290411 303704 309713 317908 323011 329428 352081 354543 367958 375863 378694 389433 408984 415323 444051 462240 494121 546119 570722 576346 579562 583160 585942 599525 612634 615432 629677 634343 654582 672257 683202 688603 691725 706159 716539 729847 743448 750355 756463 757450 777749 787830 809221 832091 833520 834659 836263 843142 844385 869634 876234 876815 885949 890595 902235 903573 906270 926245 937226 942890 958080 959296 966128 991832 1029186 1033543 1047387 1054112 1063426 1078923 1093230 1096353 1106861 1108469 1131271 1139220 1149152 1153234 1158505 1184876 1196365 1198070 1203106 1206034 1220678 1225068 1232086 1241247 1248618 1252021 1258162 1289909 1321737 1322336 1327556 1338684 1349606 1354218 1357214 1362743 1363850 1367950 1385437 1388797 1393368 1395882 1398013 1404760 1419134 1440829 1444043 1461608 1463742 1469322 1470175 1506274 1515448 1523162 1527597 1551682 1571728 1589729 1602708 1607326 1621052 1625942 1638342 1661064 1662295 1665115 1667816 1671946 1696969 1703809 1744270 1757653 1764459 1783309 1790929 1803527 1815651 1820672 1846072 1855998 1859063 1869191 1880959 1886210 1908025 1917816 1943058 1961470 1970774 1977642 1979661 1995322 
</Matrix>
<Matrix name="Neuron_651" type="complete" rows="1" columns="183" multiplier="1.0">
   2896 11513 32706 35008 45666 53667 59934 61683 66723 89650 94564 98734 105025 125725 138910 144738 168803 180215 192722 205772 218424 238505 244553 246600 250434 268171 304923 308176 311298 327233 332336 335302 337441 342680 348562 354694 362749 365353 372236 377708 381748 402459 414231 417527 427510 428696 462511 477606 486473 534024 536791 540852 546392 578601 586917 608371 623329 624850 647618 682920 686368 707039 711668 721872 724418 737782 753227 759869 764779 766260 783990 785743 798904 804482 806163 815264 827959 838587 844761 857541 868837 888180 892104 897889 901327 906111 911576 915629 921201 926204 930293 939635 942431 964781 996421 1001582 1020948 1044300 1047676 1092589 1129059 1136857 1153712 1171614 1175069 1196514 1198145 1203013 1211574 1220153 1238349 1240697 1247251 1254798 1273212 1275377 1284980 1298552 1308983 1309920 1317470 1347311 1379606 1382501 1393884 1403603 1407624 1418006 1427008 1433781 1440386 1445120 1446531 1452078 1463445 1473191 1480177 1488547 1492166 1553885 1562060 1566439 1572301 1583510 1593509 1633465 1651472 1684341 1690531 1695886 1697638 1699515 1702152 1708429 1712779 1714876 1717193 1718375 1747526 1754935 1761097 1793611 1798795 1803963 1811978 1829441 1831563 1839783 1845942 1848830 1853907 1877149 1883414 1889714 1898277 1909928 1927940 1935688 1947825 1957488 1986370 1990583 1992978 
</Matrix>
<Matrix name="Neuron_654" type="complete" rows="1" columns="72" multiplier="1.0">
   51623 81255 135427 138238 149623 188115 208162 209480 279213 284874 310172 320248 343555 352485 385623 397428 440594 525626 540054 573954 581649 598434 608147 648593 740693 766331 788563 794822 864112 877927 879935 914673 918027 941479 963578 981855 997044 1032067 1040582 1067280 1099261 1137877 1207054 1216212 1250105 1257997 1279865 1327652 1355593 1395900 1434968 1437588 1494612 1514079 1626238 1651654 1658495 1672183 1682173 1698063 1709873 1722175 1728564 1765986 1787986 1820788 1830530 1842475 1850604 1875304 1905537 1968191 
</Matrix>
<Matrix name="Neuron_697" type="complete" rows="1" columns="381" multiplier="1.0">
   19978 27445 29555 34184 35714 37357 45848 47890 50434 52613 55675 67790 69502 72710 78769 84729 91311 96002 103807 107874 114426 116439 118063 128905 130576 134378 152232 162359 166302 172885 174694 176528 180543 182818 184317 185760 188839 193031 197841 205286 208462 219259 221223 234661 239836 241666 242671 248076 252715 265895 267377 268136 279576 281176 283784 285719 286929 290514 291545 294925 297508 299355 309268 310748 315925 319972 324131 325978 329037 330433 333929 335967 342328 347825 350574 351763 357309 366656 376900 378326 380836 384624 387769 393204 406353 407724 414660 421570 424279 431053 431754 434108 442879 447594 449645 452306 469383 471396 473950 478209 479660 481779 483286 490431 492890 496027 497742 499812 503352 513997 515997 523158 528508 531179 542300 546509 549722 552322 558519 559424 567741 568791 574634 581478 587681 591702 602650 607133 609333 615935 621841 627185 633868 637531 639534 640284 643040 647476 653297 657961 663755 669330 673557 675504 677583 685160 687727 689809 691426 699569 702211 703800 709997 712289 716869 728167 729924 735680 738155 745884 752880 762133 767146 769340 781688 783410 785076 790968 793503 804408 813683 821508 824821 839702 861023 866609 882125 894245 899312 902108 904347 907549 914374 916328 924031 931891 936726 941156 942117 948421 950732 955841 958363 978318 982294 994863 997560 1008679 1010660 1013837 1016069 1019194 1025401 1045156 1053988 1070563 1073574 1078494 1080326 1094417 1100672 1107826 1114437 1116784 1123124 1126111 1129303 1131139 1137845 1138848 1141128 1144433 1160178 1161876 1172249 1177094 1180761 1182510 1186603 1190434 1191017 1200036 1203300 1205048 1218254 1238090 1243624 1244985 1250491 1252312 1262695 1267604 1276140 1285063 1288332 1292145 1299705 1303585 1305944 1309938 1313766 1315372 1323513 1326770 1334167 1337735 1340713 1343335 1347624 1349280 1361892 1362791 1372687 1373794 1376435 1380648 1382461 1388316 1393589 1394783 1399037 1400532 1403979 1406570 1415364 1421602 1424877 1426707 1430972 1440422 1443415 1449695 1458808 1467013 1469146 1471718 1478141 1480518 1484013 1489696 1501201 1510127 1519802 1521694 1525680 1526409 1528375 1531629 1536122 1538815 1549875 1563781 1565690 1572544 1574323 1579725 1581418 1584196 1592171 1595016 1600455 1602925 1605875 1616713 1622610 1629693 1636864 1644175 1645412 1662599 1665970 1667725 1675126 1679499 1681242 1685056 1687853 1696404 1699956 1705087 1709802 1716284 1721685 1728641 1735561 1737244 1738243 1753514 1757339 1760906 1766385 1774098 1777910 1780486 1789145 1791432 1795685 1796670 1807133 1810790 1820416 1821945 1829133 1832994 1838359 1843409 1847714 1854380 1855934 1860282 1865758 1872103 1886485 1895437 1898236 1904965 1913022 1916122 1921388 1937862 1946265 1947265 1957771 1961540 1972662 1976249 1979698 1982981 1984126 1988013 1997531 
</Matrix>
<Matrix name="Neuron_707" type="complete" rows="1" columns="708" multiplier="1.0">
   2482 3890 6611 7970 10438 15280 21018 23092 23955 25370 27039 34026 37963 40824 43825 44908 47205 47936 56043 57068 58340 61555 64711 66341 69583 70915 74359 75785 77624 80736 86208 86848 88805 92615 95653 97800 100159 103102 105804 106721 108289 109926 111236 114505 115995 118654 120096 122308 124950 129763 131281 134787 138112 140192 140788 141929 143814 148655 150062 152973 157395 159538 163395 165073 167431 169127 171619 176021 176940 179058 180216 183226 186884 187847 188767 189717 192424 196574 199450 202425 203789 208028 210522 213777 215459 217045 222228 223549 225203 226161 227118 229633 231396 236592 240874 245212 247975 254019 256225 265090 269251 270378 278697 279697 281379 286103 287944 290132 295158 298681 299871 302202 305125 307988 310139 312485 314357 317220 319663 322713 325705 326870 328946 331437 332263 332835 336083 339230 345257 346199 347830 350081 352380 353582 355131 356410 359438 362670 366758 370973 373582 376073 382798 386708 387857 391021 393148 394036 402081 402912 404442 409825 411645 419112 422703 423846 425042 426345 432239 433550 435871 438252 439039 442814 443659 448387 452496 455454 458969 462339 463557 466954 469112 470132 473330 478444 481611 486043 487057 490301 491775 495594 496799 498320 500426 501700 505708 507609 509783 512588 518021 520155 522316 524011 525390 532744 535768 541502 544455 548241 555528 557182 557823 559885 562349 565444 566899 569557 571736 572572 575100 578372 580704 581910 583914 584724 586604 590934 592610 596659 603346 606280 608385 613433 618785 621029 623422 624759 630454 634658 636835 639776 642454 644569 653230 654605 656842 660892 661921 663492 665465 667368 669807 673295 674699 676001 677341 679018 679816 684790 685908 690847 692972 694130 698474 700050 703410 704801 711354 712880 716027 722745 725009 726141 728496 730333 733319 734898 737669 739222 740222 744083 745407 751238 754572 761152 763222 765451 772392 773868 776465 778044 782318 784937 787263 789477 791444 793126 799252 803267 803933 805734 808040 809638 811163 812240 813588 814790 817063 818304 826155 828330 831629 833164 833707 836216 838488 843323 846288 856511 860875 865277 869390 876129 876871 878848 884873 889626 890393 891253 894911 895868 899991 906128 907594 911020 912465 915417 918348 920075 921409 923041 923939 925696 927948 931156 934489 935470 936550 937358 938946 940300 943105 946713 956190 957092 965881 968162 969460 972545 975356 980023 986812 989495 993762 1001138 1001918 1003428 1007588 1008980 1010220 1013199 1014830 1016935 1017742 1019297 1024653 1026435 1031958 1042432 1049573 1050528 1054462 1057127 1062189 1071854 1073907 1075599 1077030 1080101 1086169 1087579 1088588 1092433 1094067 1101514 1103787 1108192 1110217 1116380 1118441 1120518 1123409 1125588 1129158 1132239 1133527 1137215 1138985 1140504 1141868 1144448 1147232 1154462 1155733 1157216 1159920 1161776 1167819 1168993 1171915 1174128 1182095 1186612 1188270 1192882 1195794 1198733 1199588 1201734 1205463 1209641 1214378 1216347 1220491 1225396 1226590 1232905 1238349 1240380 1242230 1244494 1248548 1250831 1253568 1254518 1256994 1260239 1262195 1263055 1269713 1273022 1276802 1278270 1281150 1283225 1285455 1290073 1291376 1294065 1297193 1299512 1301964 1303419 1305004 1307476 1313276 1314042 1315184 1319591 1322701 1328627 1329721 1334628 1338655 1340116 1341723 1342578 1348315 1351487 1354669 1355519 1356117 1356963 1361972 1364353 1371238 1376794 1378926 1382310 1386778 1389025 1390299 1394092 1395430 1397218 1398945 1402853 1405731 1407635 1408514 1410374 1411932 1416512 1418676 1423435 1428388 1432063 1434321 1436739 1439008 1440014 1441450 1444475 1445974 1447181 1449246 1452529 1455114 1463981 1466781 1469095 1472175 1475374 1477642 1480556 1483701 1493071 1494542 1495462 1496871 1499652 1500869 1506523 1508873 1510188 1512873 1515402 1519710 1521076 1522322 1523876 1524906 1527376 1529964 1531544 1532524 1533465 1536543 1537915 1539588 1543669 1547095 1549190 1550071 1551874 1555118 1556595 1558653 1562308 1563409 1565213 1566853 1568567 1569550 1572860 1578578 1579452 1581677 1585464 1586711 1589228 1591339 1594462 1597416 1601423 1604268 1608563 1610596 1612119 1618364 1619672 1625362 1629517 1634123 1636680 1638626 1640296 1642772 1644911 1646007 1649343 1651905 1653426 1654907 1658102 1661586 1664093 1666324 1667473 1668206 1672656 1676726 1679262 1680816 1681588 1684030 1686416 1687899 1689614 1693342 1694956 1696110 1697655 1703044 1703824 1708302 1711818 1714968 1721023 1724177 1724954 1726005 1728654 1730652 1738323 1741094 1744143 1745388 1746288 1751166 1757067 1758890 1759887 1760641 1761372 1770110 1771505 1774048 1779332 1781578 1784027 1787948 1794822 1797916 1801135 1804193 1806002 1815976 1818623 1821004 1823216 1826866 1831043 1832090 1838056 1842456 1849728 1851944 1852993 1857434 1862046 1863351 1866838 1874281 1875648 1879362 1881829 1883822 1885559 1886942 1887794 1890872 1892309 1895803 1896932 1899683 1900481 1904501 1905563 1907673 1911701 1912494 1913800 1915038 1916966 1917937 1919003 1921322 1923127 1924308 1927163 1928214 1930508 1931775 1934362 1938340 1939483 1946067 1950084 1951076 1952096 1956421 1958915 1960201 1962376 1971404 1973279 1974486 1977557 1986253 1987287 1990571 1991743 1993330 1993999 1996054 1997060 
</Matrix>
<Matrix name="Neuron_717" type="complete" rows="1" columns="1177" multiplier="1.0">
   665 2556 4498 6342 7944 8905 12094 14664 16018 16864 17724 18385 20255 20969 23606 24435 25946 29597 31380 32439 33264 34444 35557 36165 36864 37820 38381 40187 41460 42540 43195 43870 47237 48932 50564 52605 55333 56345 57335 57992 58813 63024 63938 64596 65887 66764 68545 69200 70719 72709 73646 75916 77251 78451 79539 80884 83810 84791 88135 89945 91105 93248 94782 96141 98048 99684 103479 105124 106071 109740 111424 112786 114449 116349 117452 118532 119573 121256 123593 125201 131869 134369 136032 137467 138470 140227 141661 143461 145305 147001 147996 149471 152920 155325 156434 157126 158245 159764 161095 162759 164690 166458 168223 170347 175070 177737 181102 182363 185549 186603 187357 188074 188731 189529 191420 193550 194995 196234 200800 201625 202671 204035 208075 209094 211906 213045 214189 215254 217012 218955 221915 224254 225725 228115 230029 230895 232441 233387 234245 235022 236080 237446 243881 245184 246318 248002 248809 250306 253465 254754 255653 256451 257598 259025 259659 263586 269164 270107 271587 272265 273579 275690 277476 278963 280817 281497 282237 284604 287402 288549 289812 292299 292906 294511 298778 300745 302396 304872 306238 307171 308140 308951 310359 312582 314518 316301 317487 321211 323291 325521 330037 330981 331576 332678 337786 339721 341678 343206 345841 346750 350524 354072 356133 357172 358071 358995 360645 361356 363643 365467 366159 367366 368879 369730 371953 372980 376091 377863 379463 381733 383466 384433 385591 386947 387954 390403 391546 392778 394765 395547 396173 399568 400708 401425 402487 403763 405670 407521 409058 411005 411618 412520 413076 415757 418347 419336 421161 422131 423271 425396 427140 427974 430767 431562 433678 435021 436121 437687 442565 444698 445695 446627 448516 450433 451263 452186 453903 455688 457222 458596 459797 461269 462226 463735 465020 468109 470233 473198 474175 476211 477471 480042 481440 483076 484704 486348 487245 488347 489560 490938 493221 494294 495058 498076 499895 501023 502472 503353 505514 506733 508097 511702 513658 514486 517433 520908 522117 524208 525616 527565 528539 531627 535237 536165 537115 538352 539547 541565 544909 548423 549736 550559 551566 555057 556199 560298 560949 561717 563382 565968 567311 568079 569113 570330 571583 574987 578608 581207 582884 584206 586207 588268 590406 591777 592927 596399 599164 601120 602366 603554 604834 605850 609465 610530 612265 613830 614371 620122 621721 622557 624723 626737 627835 628497 629272 632851 633933 635227 636815 640004 641252 642665 643904 645609 646430 649887 653179 653957 655104 656564 657601 661851 663358 665074 666202 670042 670956 671687 673217 675910 676646 677612 678657 679583 680301 685268 688020 690483 691744 693604 694153 696027 697357 698284 699157 700074 702430 704232 705508 706841 707569 708531 712073 713720 715243 716460 717458 718481 718920 719788 723849 726679 727275 729244 730777 731951 732636 733873 735947 736643 738676 740723 741734 742718 745559 748072 749351 750396 752833 753567 755231 756395 757851 759937 761115 764044 765197 768962 770123 771446 772330 775104 776386 777204 778176 779353 780544 781644 782980 784084 785248 786183 787139 787932 790532 792619 797239 798988 803207 804822 806097 806978 807956 808894 810568 812134 814128 815228 817244 818378 819144 821033 822416 823987 824609 826589 828025 828823 830294 832701 834682 836875 838038 839615 843500 844345 845221 846918 849680 853047 854386 857470 859010 862065 863074 865623 866156 869698 871458 872434 873159 873781 874475 876818 877481 878228 879447 880393 881297 882283 883619 885667 887259 888142 889505 891715 893003 894369 897347 898280 900111 900940 901624 905266 906058 907257 908131 912649 915042 915906 917034 918275 919094 920196 921855 923947 924774 926153 926962 931151 931691 932455 933590 935296 938326 939836 941110 942589 948190 949692 952570 953347 954208 956469 957770 958719 959818 961610 963968 965652 967392 970516 971282 973383 976513 977148 978537 979259 983530 984213 986074 989834 990343 991230 992202 994161 995225 995858 996914 998309 999248 1001435 1002256 1005021 1006558 1007643 1009356 1011791 1013400 1014123 1015242 1017937 1019079 1020474 1021725 1022927 1024268 1025111 1026409 1027593 1028612 1029803 1032292 1033945 1034714 1035527 1038522 1039635 1042191 1043543 1046006 1047360 1048640 1050197 1051082 1052399 1053782 1054872 1058152 1059188 1062444 1067931 1068924 1070042 1071141 1071735 1073036 1074004 1076439 1077146 1078724 1079885 1081173 1083621 1085108 1086195 1087099 1090685 1093023 1094981 1097231 1098882 1099752 1100799 1103026 1103731 1104649 1105655 1107108 1108849 1109600 1112067 1112923 1117127 1118419 1119059 1121318 1122188 1122993 1124994 1126740 1127909 1128670 1130595 1131603 1132642 1133247 1135212 1136661 1139539 1140797 1142591 1147388 1148748 1150608 1151243 1152447 1154815 1155900 1156712 1158312 1159947 1164389 1166808 1167628 1168624 1169578 1171502 1173175 1176750 1181279 1185523 1187931 1189063 1190005 1190831 1192893 1195326 1198095 1201042 1202980 1204914 1206164 1209269 1211242 1211814 1213013 1215281 1216035 1217573 1219505 1220371 1221189 1222212 1223188 1225694 1227170 1229645 1230445 1231562 1232849 1234261 1234892 1237376 1239525 1240457 1242994 1244901 1249280 1250871 1252054 1253630 1254274 1254765 1255841 1259162 1260842 1262343 1263268 1264188 1266119 1266986 1268215 1269285 1270409 1272311 1273522 1276428 1278748 1280229 1283328 1285206 1286636 1289634 1291338 1292654 1293686 1294818 1295985 1297478 1298147 1299080 1301106 1302942 1304537 1307031 1308952 1310460 1313162 1315306 1316309 1318540 1319500 1321406 1322891 1324342 1326578 1329731 1331806 1333332 1336111 1337426 1340282 1344773 1346834 1351218 1352106 1352936 1353951 1354561 1356362 1359436 1362569 1364123 1366530 1368181 1369933 1373799 1375576 1377854 1380785 1382245 1384028 1389625 1391253 1392194 1394377 1395223 1398267 1399668 1400501 1403183 1405433 1408989 1410400 1412613 1413616 1414555 1415828 1417726 1419570 1420742 1422028 1422793 1424773 1426499 1429697 1430361 1431864 1433453 1435009 1435769 1438738 1440676 1443195 1444050 1446161 1448898 1451280 1452077 1453101 1454687 1455147 1456696 1458315 1459952 1460961 1462166 1464420 1465381 1467121 1467747 1468470 1469500 1470447 1471537 1472758 1474177 1474884 1476309 1479067 1480305 1481599 1482934 1484661 1487597 1488739 1491377 1494055 1495807 1496909 1498138 1501249 1502528 1505777 1507429 1510038 1511160 1512190 1519950 1521125 1522573 1523955 1524527 1527304 1528840 1530667 1532170 1533401 1534753 1536851 1537988 1539753 1543448 1545673 1546303 1549231 1550548 1551252 1552314 1553506 1554585 1555152 1558015 1560163 1562769 1563695 1566315 1567240 1568905 1569534 1571760 1572742 1574225 1574992 1576674 1577313 1578129 1579604 1580241 1582491 1583686 1585583 1587754 1588630 1590129 1592467 1594562 1595236 1596882 1598021 1599166 1602007 1603526 1604629 1609228 1610070 1611060 1612701 1613787 1614896 1616749 1618973 1620308 1621929 1623318 1624212 1625518 1626690 1629188 1630460 1631502 1633446 1634849 1635845 1638419 1640883 1641674 1649777 1650666 1654501 1656620 1658063 1659228 1660460 1661524 1662732 1664803 1668175 1671721 1673646 1675119 1675839 1676930 1678004 1678999 1679513 1680757 1681353 1683032 1684239 1685283 1687233 1688168 1690339 1691182 1693576 1695505 1697825 1699247 1700080 1701053 1702024 1703848 1706059 1708563 1711821 1714150 1716069 1718004 1719811 1720932 1722193 1723434 1724040 1725705 1726697 1728057 1729049 1730403 1731662 1734019 1735000 1735675 1736495 1737518 1738839 1741266 1742873 1744373 1745766 1747993 1749283 1750009 1751244 1752524 1755220 1757086 1758745 1761683 1763407 1766727 1767912 1770588 1771706 1773950 1775002 1776071 1777183 1777797 1778704 1779649 1781166 1781920 1783786 1784724 1786207 1789517 1791159 1791975 1793099 1796165 1797825 1802270 1803253 1804402 1805666 1808422 1810430 1811531 1813385 1814781 1816680 1817828 1819718 1822454 1825549 1828636 1829923 1836654 1839392 1839888 1843927 1847636 1848288 1848999 1851575 1853180 1855458 1856765 1859403 1861251 1862800 1863805 1865298 1866122 1866907 1868881 1871649 1873723 1875350 1876638 1877827 1878271 1879604 1881539 1883838 1885250 1887718 1889452 1890625 1891909 1893207 1893942 1896889 1897910 1899200 1900207 1902015 1903757 1904959 1906094 1907084 1908163 1908800 1910780 1912363 1914004 1917699 1918933 1920570 1923418 1925511 1927522 1930051 1932222 1933297 1934244 1936358 1938862 1939716 1941163 1941973 1943901 1945798 1946550 1949026 1949804 1951632 1952697 1954669 1955238 1956390 1957875 1959078 1959882 1962507 1965411 1966775 1970104 1971171 1972209 1973595 1974462 1976406 1977935 1979440 1980565 1984260 1986120 1987442 1989670 1991098 1992523 1994121 1995086 1998668 
</Matrix>
<Matrix name="Neuron_721" type="complete" rows="1" columns="625" multiplier="1.0">
   9462 11741 15593 17563 20000 27558 31397 38487 41477 45865 48829 49852 51189 52109 54443 57555 59566 60564 63287 69437 78279 79409 87419 90886 95276 97441 99405 101358 103257 105243 109340 110560 112083 117866 119880 124901 132359 133132 137478 139056 145168 147187 153107 154505 157086 157934 160413 163788 166274 171267 179968 181177 182621 183747 189423 191426 194771 196912 198096 200508 201233 204347 208234 211865 213456 217303 218917 224393 226138 229009 231533 237161 238328 249187 252457 253961 256788 261844 269881 272121 277020 278240 280104 283656 287719 296662 299477 300623 305095 309786 312144 313583 314907 319443 323994 325710 327336 329024 335087 336083 340235 346890 349698 350629 354481 357375 360221 363600 365934 369608 371283 377262 379342 384007 388459 391649 400361 402556 404011 405383 407019 411069 417763 419788 423602 427391 429947 431958 433651 435664 440811 444231 446007 446801 455935 457393 458365 461095 464021 466726 468136 469844 479880 481824 485373 489956 493652 495119 497363 499026 501575 502895 506044 507918 511504 517188 519284 522768 527019 541808 543426 545990 555814 558195 573271 575136 579586 585207 586857 587733 589750 590582 595120 596495 599684 603588 604558 608407 609532 610721 615406 622858 632252 636646 642435 647116 648323 649965 650965 652980 656113 660643 664555 665727 666788 667893 674066 677071 680583 682555 683833 687647 690801 693150 694487 699618 701133 702033 703296 704506 707068 709138 710285 712073 715292 718249 724727 727800 729413 732364 737746 742669 746534 748147 757254 761067 762102 765324 769300 771368 773334 776592 778867 779799 787520 793237 794125 808144 812138 813433 817322 819004 821193 825985 828753 832572 833684 837359 841605 843006 844003 846481 847333 852000 852770 856274 861563 866199 868326 870698 871855 874881 875944 878416 880552 884343 892287 895705 896740 900845 903728 905435 910637 912900 914369 922076 923512 926368 928517 934796 937781 943934 948251 951148 954572 955458 959673 962726 965409 968053 971158 974089 976880 978701 980001 984023 985727 987790 988748 991070 997867 998812 1001976 1003051 1005460 1010092 1014365 1018553 1019378 1020813 1023405 1025360 1033443 1034166 1035964 1040510 1047970 1048711 1049687 1053122 1054548 1058469 1064413 1066112 1070296 1071245 1074346 1076470 1077976 1080114 1086765 1092666 1099553 1110541 1113711 1114374 1121443 1123910 1129116 1137179 1141177 1142041 1143781 1148267 1150489 1156687 1169943 1173657 1176811 1186519 1192969 1194506 1200175 1203348 1206410 1211237 1212383 1215609 1217459 1218580 1220807 1222083 1224027 1228401 1230667 1232000 1237191 1239802 1242542 1247739 1248649 1255013 1258214 1262185 1262972 1263757 1265355 1266592 1269526 1271560 1275345 1276860 1280340 1286508 1292284 1294841 1296175 1296977 1305425 1307556 1308473 1309364 1310887 1312663 1315514 1317204 1319946 1321796 1323577 1325497 1328121 1329779 1331702 1338559 1340444 1344873 1352997 1354888 1356181 1358066 1360304 1361550 1368745 1371956 1380387 1381409 1383080 1384277 1385528 1388918 1390490 1397437 1399194 1400496 1403216 1407658 1410101 1411389 1413464 1418220 1418992 1422987 1430639 1431758 1433247 1438324 1441006 1446844 1451852 1453168 1456903 1458864 1462918 1466223 1471191 1473075 1474314 1486229 1495160 1495938 1497922 1498542 1500099 1502263 1504402 1509519 1514477 1517030 1519025 1520863 1523587 1525716 1528066 1529956 1531824 1541269 1544675 1546940 1548062 1549747 1551650 1557424 1559053 1560666 1563057 1565733 1569358 1579572 1581771 1586757 1587646 1588841 1591162 1594146 1595389 1602282 1606419 1613052 1615434 1616167 1617755 1619428 1621679 1625031 1625841 1628529 1629938 1631264 1635494 1638011 1640870 1643301 1645329 1646645 1648336 1653295 1657287 1658724 1664025 1668281 1672808 1673825 1678037 1680106 1681202 1684061 1687595 1689426 1693735 1696682 1699335 1700911 1702900 1707283 1708957 1709703 1711134 1714673 1715509 1716473 1720303 1724600 1727553 1731953 1732564 1735438 1736860 1738288 1739476 1741611 1745181 1746315 1749121 1750343 1751432 1753344 1755481 1757054 1760049 1761701 1762394 1766658 1770613 1774397 1775476 1776353 1777987 1779307 1780492 1783526 1786394 1789410 1790896 1792847 1798858 1805136 1806487 1811069 1815689 1823424 1830859 1832163 1833825 1838158 1840426 1842274 1844098 1846885 1848447 1855028 1859292 1860541 1866830 1870814 1872173 1873138 1874566 1877309 1879178 1880434 1881493 1882637 1888341 1889354 1891294 1896021 1898122 1904355 1907440 1911791 1912467 1916343 1918324 1928508 1929760 1930821 1931799 1937003 1948161 1954928 1956920 1960104 1964106 1965722 1967899 1970194 1977104 1980048 1983432 1985024 1986390 1988366 1990925 1994294 1997733 
</Matrix>
<Matrix name="Neuron_724" type="complete" rows="1" columns="89" multiplier="1.0">
   10677 28095 39059 64618 122845 126030 127123 173609 177490 188245 208880 299991 323269 340186 360102 366072 367375 391952 393659 398226 404564 447408 451436 474639 487241 506554 545677 583249 591733 610899 647932 686223 696019 710420 785999 859888 888150 953883 955820 993551 1010595 1028990 1030714 1052317 1086565 1136724 1151491 1161928 1167085 1172137 1211767 1229068 1236270 1263312 1273756 1309035 1311885 1334605 1349628 1354661 1357265 1370655 1376329 1405664 1422623 1463546 1468405 1502350 1529874 1543740 1559323 1596194 1610775 1613870 1643327 1645142 1652774 1691506 1712081 1774536 1781776 1821900 1837498 1853619 1915615 1918462 1947290 1949774 1967283 
</Matrix>
<Matrix name="Neuron_731" type="complete" rows="1" columns="665" multiplier="1.0">
   2367 8007 11350 14430 16644 18995 20869 21744 25731 26937 30105 31353 34861 41162 42960 44533 46087 51073 54729 55966 59016 61900 63171 64052 65255 70758 77126 78149 81267 85191 86487 89709 90967 93298 95359 97015 99529 104314 106316 109046 114550 115369 117332 122175 128022 129187 132851 133645 137845 141791 143207 147780 150020 152963 156658 157950 160514 162080 166164 167845 168982 170735 172055 173850 175443 180329 185312 185997 188226 190579 191407 195578 197219 200538 201382 205407 205985 209288 214168 215313 218190 219392 220819 222424 224461 225988 227326 228626 231606 234555 236001 239542 241857 242813 245576 252161 254305 258541 260318 262311 264253 266823 271685 273377 276745 280707 282388 284953 287726 289081 290806 296212 298183 299656 300653 302305 303933 304963 308717 311394 313117 315396 318788 320896 322878 337020 341921 343617 350360 353088 356992 359478 360619 363137 366616 372798 374608 381352 384695 385603 386449 387543 389784 395640 398036 400160 402990 403997 412010 416530 417568 420542 427056 428010 429187 432282 434846 436339 437809 440441 443378 445077 446196 452545 453440 460069 461960 463122 463801 465487 466980 467940 475797 476936 479688 481701 483335 486818 489859 494353 496013 498232 499506 504656 506628 508646 511287 514971 517265 520602 526842 529523 535809 538734 540816 542254 543219 546819 548188 551711 553003 558349 560462 562807 564538 569345 572302 577930 587699 591172 593489 595677 598403 599497 600623 602492 607363 613167 614805 618455 623252 625172 627825 630611 636118 638892 640078 641924 644202 645676 648089 651718 655338 657735 665325 668208 669954 671246 673207 674875 680610 682239 691239 692614 695043 696852 699908 707084 708599 710563 720191 721220 725316 727451 728985 733121 740528 742226 743727 745207 747615 752790 756717 760127 765691 766598 770818 772270 774939 776583 777304 779066 783828 787565 793978 800074 801626 802682 805340 806939 809291 809929 812217 813007 815780 817239 818753 821253 829344 830522 832828 835405 837663 843737 849936 855804 857361 858516 860723 862152 865586 867962 869837 874348 876312 878285 881127 884037 886585 890340 890979 892876 894510 895471 899731 901431 904402 914552 918523 921580 928109 928995 931681 934005 935141 945049 946230 950477 952357 960294 961787 964461 970207 976421 978570 983538 984633 986158 990325 991966 993700 996112 998518 1000300 1001553 1002528 1010801 1015167 1020780 1023902 1026434 1029339 1030144 1032292 1034594 1042154 1049613 1058173 1059019 1064232 1067605 1070972 1072879 1078224 1079475 1080393 1081924 1083604 1084483 1088160 1092312 1098169 1099511 1102206 1102743 1104995 1107931 1113434 1114945 1116251 1117550 1119902 1121079 1124590 1128450 1131975 1133024 1134977 1141075 1142560 1144777 1147204 1149904 1152248 1158827 1160765 1162666 1163710 1165113 1166822 1169504 1170492 1171909 1175036 1177979 1182529 1183843 1186183 1189705 1191494 1199754 1202365 1203853 1211855 1221163 1226961 1231768 1233526 1234638 1235839 1237309 1242903 1247009 1249762 1254059 1255741 1260063 1260937 1265210 1268003 1268723 1270016 1274635 1278225 1281368 1282326 1286899 1290164 1291384 1293526 1297228 1299640 1308719 1310247 1314393 1316335 1317308 1320352 1323760 1325485 1328578 1333461 1336631 1343438 1355299 1358313 1359704 1363565 1364470 1373198 1374606 1376075 1378635 1379903 1381157 1384813 1386424 1388133 1389254 1394087 1396720 1398377 1403211 1408154 1411292 1425318 1427145 1429342 1431510 1434513 1435346 1442624 1445135 1448936 1449836 1451111 1453209 1454364 1456596 1466040 1468034 1470516 1474070 1476387 1479606 1481102 1481731 1482517 1483548 1484181 1487145 1488860 1491727 1493509 1495538 1499076 1500857 1503895 1509371 1511014 1514295 1520413 1525169 1527318 1531017 1536901 1538138 1540748 1544451 1548965 1554219 1555505 1557477 1561650 1563700 1566943 1570843 1573626 1577750 1578794 1579766 1589177 1591676 1594204 1597660 1599564 1600355 1601451 1602499 1604743 1607442 1616712 1619334 1620388 1624747 1626110 1626656 1631203 1632470 1636475 1639155 1640379 1643382 1644685 1646287 1651721 1653833 1655882 1658974 1665889 1668461 1671007 1679369 1682024 1688746 1693525 1696214 1699903 1701446 1708963 1710498 1711492 1712742 1715519 1716970 1725029 1728832 1731563 1735594 1738021 1740809 1743608 1746560 1751158 1753027 1756166 1760605 1761456 1763347 1767015 1769290 1771155 1776814 1777368 1778938 1779885 1782648 1784343 1785240 1789586 1791267 1796848 1799473 1803491 1807165 1810330 1813386 1821522 1822465 1828076 1830470 1833214 1834351 1836286 1837216 1843580 1846759 1850746 1853498 1859215 1860181 1863101 1867196 1867971 1872204 1879453 1881134 1885917 1887869 1890589 1898970 1899648 1901109 1910582 1913931 1918700 1921491 1927828 1928821 1931520 1932851 1933854 1938540 1948275 1949629 1950757 1953275 1956442 1958945 1960276 1963280 1965791 1968850 1971116 1975263 1976634 1979550 1983907 1985574 1988650 1991864 1995007 1996218 1998078 1999539 
</Matrix>
<Matrix name="Neuron_734" type="complete" rows="1" columns="62" multiplier="1.0">
   132896 195826 270793 286109 355935 408045 426775 441982 494202 495934 528956 538473 573088 581315 622805 627435 664896 687452 690980 694929 731456 744793 751748 790604 820684 836764 899905 938623 958792 987588 1044327 1049453 1059089 1132320 1148964 1160511 1227895 1240988 1301597 1305225 1321319 1328095 1357424 1361441 1366975 1372249 1503922 1519973 1551526 1615523 1678997 1781863 1802575 1806575 1814593 1873686 1920096 1931842 1953470 1961744 1971446 1993029 
</Matrix>
<Matrix name="Neuron_741" type="complete" rows="1" columns="207" multiplier="1.0">
   24415 28251 30445 50506 84740 92696 119477 121761 130684 137786 140450 148829 149683 167202 171162 174058 186749 197783 212512 217711 220760 222921 228757 233047 239734 258979 260428 261052 272351 301880 307074 311534 316268 322580 348034 353680 367040 374012 401776 405191 416112 443770 454980 458097 461032 469574 495801 502741 504355 526295 527843 542985 553039 554927 576842 612642 619963 624966 632367 639014 641376 645065 662049 677783 679835 686235 697910 700947 718665 720621 723142 724974 726816 739206 742577 770651 794569 799736 814607 846014 851846 853820 870451 872688 876578 894275 923099 931631 937776 946957 957631 971266 973627 980009 983609 988974 1001752 1004553 1027661 1044027 1057478 1062462 1078889 1095757 1098316 1100927 1102514 1114975 1117632 1121245 1124270 1126975 1128605 1134451 1147671 1153941 1162883 1185594 1191894 1195552 1199617 1206155 1222861 1243455 1255762 1261883 1290415 1317553 1352227 1362644 1390537 1394737 1408339 1413491 1417872 1430980 1435972 1439320 1441201 1442297 1449199 1451506 1457836 1483782 1490575 1500178 1504014 1507628 1509015 1514788 1517299 1523477 1527792 1536345 1560641 1565182 1568917 1580751 1584764 1594290 1602992 1617002 1621126 1630409 1632146 1642381 1650693 1657376 1663901 1669738 1675008 1676938 1677695 1689289 1701437 1702878 1705121 1710233 1718977 1724834 1729920 1737056 1755290 1757328 1761115 1776098 1785034 1790042 1793164 1822331 1830528 1833694 1839294 1871186 1877377 1881024 1902381 1915893 1920481 1930450 1944118 1946495 1958849 1968256 1982050 1997501 1999117 
</Matrix>
<Matrix name="Neuron_744" type="complete" rows="1" columns="527" multiplier="1.0">
   982 3393 6772 7529 13890 18096 19620 24025 26413 28352 30184 41193 43270 46044 49465 53393 57435 64912 67594 69656 70775 83413 85668 94326 97955 99235 102444 105130 109772 114201 115951 120011 120882 126862 129855 133119 138575 140853 143475 145542 146803 147747 153314 158558 166169 167996 169311 170924 178030 179982 186615 197573 198778 204559 207702 211800 213686 229376 234590 237812 239153 240803 245135 252777 261746 265030 270483 274745 277481 283704 286389 288807 290311 295453 297643 300301 304004 305798 309115 321893 322769 324407 326522 328178 330682 334978 339044 341277 345515 355570 358581 363394 372348 374441 380824 384960 389252 393924 396567 397656 403676 405623 408611 409894 412345 414887 418646 425742 426683 431609 433276 437355 442152 444328 445237 451051 453617 456386 463196 465029 467615 469046 470297 473331 475024 479247 484007 485246 488029 490184 494905 496106 497997 504987 508574 512548 517789 522779 524674 532246 533287 538129 540229 549965 555403 559155 560376 563611 569767 570715 572525 574317 577772 585046 587683 588961 590501 592812 594217 604070 607348 608310 610499 612953 615096 617588 624711 626005 631031 635958 641426 650638 655689 657544 662075 663116 665045 667558 678910 684382 687160 688524 690352 691186 701788 703728 705242 707977 710506 715578 716421 720487 721600 722408 724712 734559 737437 743330 744580 747367 748808 751333 755452 759695 766646 768165 768956 772683 774570 776258 779673 780537 783345 785525 792302 798180 801792 809900 811415 813379 816379 821870 823017 824459 827344 829828 831191 835588 839323 847658 856127 857056 860563 863949 864851 865806 870820 879793 881526 888352 891936 900601 909777 911315 912480 913761 915042 918444 920656 921569 922795 924223 925352 926564 927737 929798 934253 935358 938645 942097 943673 945502 953013 954981 957456 960402 962505 963388 968338 969875 971371 975892 980297 983621 989902 997119 1002354 1003882 1012442 1014285 1015566 1022665 1025449 1027209 1028516 1032543 1034805 1036766 1040554 1042235 1045106 1048795 1050257 1054852 1056038 1057030 1065063 1068318 1070777 1072569 1079005 1082362 1090419 1092538 1095636 1099448 1101938 1103743 1106392 1108172 1110704 1123984 1125697 1133053 1134046 1136785 1138266 1143227 1145301 1147020 1153648 1158607 1163460 1169734 1173697 1175207 1180311 1185020 1189027 1193365 1194391 1197267 1198623 1207349 1212762 1216482 1218344 1220005 1222289 1233081 1238746 1242492 1245302 1251080 1256009 1257117 1265355 1266685 1276356 1278437 1288039 1290949 1306063 1313863 1319041 1325161 1326776 1330440 1334228 1336100 1338131 1353872 1365105 1370362 1375368 1377811 1382300 1386095 1387440 1392447 1393486 1397827 1400867 1402770 1407028 1419639 1425483 1428600 1429851 1435153 1435987 1437158 1442400 1446667 1452512 1456826 1458163 1465093 1469444 1472725 1474301 1475634 1488730 1495879 1501090 1503103 1507040 1509786 1514380 1521606 1525051 1526267 1527511 1528930 1530915 1535621 1538467 1541661 1545316 1551270 1556643 1565502 1576537 1577797 1587008 1588254 1593564 1596989 1601036 1617301 1619329 1622735 1623566 1624966 1626829 1628406 1630798 1632225 1634631 1635399 1637638 1645831 1652126 1659568 1661513 1662439 1663947 1674256 1683578 1687675 1688846 1690227 1696759 1698052 1699986 1701214 1704618 1708955 1710827 1714345 1717738 1720624 1722310 1723463 1726038 1727850 1729466 1732741 1736342 1738223 1740207 1749260 1750193 1753967 1756259 1758703 1760370 1762829 1767432 1775185 1782917 1787112 1788467 1789576 1793296 1797218 1802953 1805393 1806968 1807653 1809027 1811276 1814452 1816012 1819087 1827099 1828541 1832152 1835773 1837274 1843753 1845489 1849337 1853386 1857314 1875763 1877446 1883030 1886350 1894551 1901934 1904960 1906914 1908631 1912584 1925161 1929617 1931415 1933624 1935276 1936562 1940531 1947064 1949976 1951447 1952984 1963009 1965575 1967111 1969441 1973615 1976573 1977685 1981903 1988687 1995701 1997581 
</Matrix>
<Matrix name="Neuron_787" type="complete" rows="1" columns="851" multiplier="1.0">
   4035 6038 7457 9849 11000 11842 13673 21080 23751 25805 29462 44777 47402 48719 52170 53116 55264 56230 57625 59997 61653 62546 64951 68312 71267 72442 73054 75642 79018 81625 84743 89851 91786 94167 98989 100726 101748 104860 105913 112209 113380 114038 115213 116486 117617 118842 122393 123687 125843 126971 130183 131558 133393 134237 137773 143334 148758 150966 153061 154137 155340 156315 158271 165064 167712 171925 175162 176859 178100 179425 180489 181557 183623 185427 186337 187452 188920 192155 193239 194764 195500 197100 199779 200983 202028 205141 206974 208252 211485 212831 213542 218115 221103 222757 225127 228035 230069 233631 237063 238222 239556 240705 242536 250520 251819 253248 254414 257256 260781 265005 266255 270439 272034 275201 277057 279450 280730 281871 286847 287775 290376 291475 292445 294279 296674 298165 300919 304078 306181 307632 308715 310360 311219 316688 321784 323707 326050 328197 332933 337369 338564 340343 346016 348410 352156 353182 357083 359996 362020 367177 368586 370430 372050 373440 374636 375689 376422 377291 379019 381698 383550 384209 385932 389257 391187 394675 400255 401288 403272 405558 408266 409471 412838 415823 418653 420590 422099 423664 425274 427998 431366 434249 437196 440180 443203 445185 446903 448443 449394 451668 454394 459814 461030 461881 463097 464339 466978 468221 470252 471413 472429 473202 474648 475508 477078 480366 489263 490380 492026 493456 494195 497230 500515 502023 505491 508983 510071 512514 514109 517372 518876 520635 521867 522639 524496 526398 528407 531922 535098 536638 537222 540097 544863 547469 548812 551620 552967 556898 558495 561888 563797 566498 567984 569065 570200 573138 574285 577833 578719 583736 585141 586954 589332 591722 594959 600989 605083 605913 607011 607962 608890 612754 614520 615295 616572 618001 620069 621867 623448 623974 626012 627862 631235 632380 639580 641328 642454 643772 645266 647584 649937 651782 652897 653632 655637 657743 659296 660280 663313 668403 669582 672754 674117 675232 676464 678620 680051 682798 685969 687955 689584 692495 694612 700197 701724 703804 705650 707450 709893 711883 713047 716463 719247 720771 723240 725083 730362 731655 732606 735526 737365 738918 741093 742711 747743 748811 750922 751851 754650 755403 757561 759168 759916 760644 761538 766067 767366 768826 770297 774432 778631 779572 781884 784521 785880 787201 788891 789574 791480 793527 797114 798335 799249 801555 803816 804739 808933 813570 815091 816005 818759 822248 824426 828100 831028 832360 837338 838931 839946 841028 844316 845285 845928 848852 851053 852517 853509 856954 858488 859666 862228 862931 866229 867929 869662 872981 875154 876812 878562 882042 883050 884182 885798 887115 891598 894553 895534 901415 905060 906312 908212 911990 913051 916218 917753 921486 922211 923419 924859 925683 927613 930343 932083 933233 933946 935887 937930 939894 940792 942727 947725 952305 954499 955567 959835 961092 962360 967193 968388 969445 971314 972228 972935 975058 977365 980380 981470 982368 983221 984410 985575 987614 988857 989402 990967 993158 994232 997914 999346 1000599 1002435 1003947 1013704 1016354 1017316 1019854 1021870 1028620 1030189 1031969 1033532 1036116 1037627 1039754 1042302 1046361 1047749 1049352 1053634 1057450 1059103 1062073 1063516 1065255 1067903 1073286 1075383 1076585 1077953 1080148 1084236 1086577 1088380 1089620 1092183 1092936 1094055 1096021 1097300 1098272 1099696 1101135 1102221 1104229 1106030 1107173 1109068 1110704 1112047 1116061 1119033 1121092 1122304 1124198 1127350 1128918 1131473 1132826 1133483 1136497 1138903 1140021 1142895 1145757 1147542 1151254 1153621 1155202 1160361 1162527 1163845 1164803 1165648 1166752 1167758 1170420 1172075 1173379 1179767 1186129 1186694 1187944 1189676 1191652 1195324 1198950 1206130 1207695 1209502 1212821 1216756 1217900 1219287 1220761 1222062 1223216 1226226 1227055 1228588 1231217 1235748 1237084 1240147 1242905 1243978 1245492 1246886 1253488 1255075 1258225 1262096 1263160 1266382 1267851 1270009 1271774 1274768 1277736 1278799 1279445 1280414 1282209 1284422 1288174 1291004 1292037 1294159 1296637 1299721 1301284 1303187 1304957 1307029 1308520 1314452 1317031 1319423 1321716 1327743 1328973 1332595 1335772 1336888 1339658 1340658 1351218 1352987 1356442 1360050 1363751 1366050 1368078 1373732 1375145 1376781 1378100 1379981 1383048 1384120 1387206 1388822 1390680 1391448 1392615 1395712 1399832 1401154 1410015 1411017 1411794 1417224 1419567 1421051 1422133 1424110 1425351 1426795 1427905 1430829 1434899 1439440 1442062 1444200 1450803 1453854 1454994 1455663 1457012 1458575 1459861 1463509 1467117 1468427 1472097 1473673 1478667 1488831 1490774 1492663 1494269 1501945 1506218 1507640 1509158 1510306 1512718 1515911 1517560 1524975 1528891 1529840 1532483 1534508 1537165 1539214 1543499 1545163 1547371 1549334 1550976 1558345 1559427 1560859 1567776 1569119 1570628 1571555 1575591 1576644 1578933 1581826 1582938 1586875 1587847 1589393 1592958 1595341 1596800 1600271 1601431 1601966 1608424 1610915 1617180 1621131 1624448 1625936 1626577 1627915 1631294 1632308 1633235 1635631 1642036 1644290 1645043 1646755 1648716 1650129 1653894 1657994 1658991 1662615 1665105 1666254 1667995 1669251 1670379 1673156 1674445 1676880 1678415 1681276 1682786 1685567 1686477 1688031 1689459 1691538 1695970 1698007 1700046 1702501 1704481 1706399 1709485 1711983 1713642 1718310 1719472 1723826 1726228 1728321 1729469 1730502 1734440 1735258 1736557 1737396 1741849 1743445 1746796 1750800 1753894 1755817 1756729 1758208 1760492 1764763 1766807 1768639 1770000 1771045 1775796 1777721 1779091 1780051 1781618 1786417 1787290 1788680 1790999 1792713 1793789 1795637 1797331 1801096 1803858 1806644 1808901 1813649 1819503 1821030 1821858 1824998 1826294 1833653 1836194 1839356 1840598 1842147 1844723 1846098 1847837 1849510 1850503 1852713 1854141 1857530 1861929 1863092 1864395 1868024 1871457 1876551 1878397 1882221 1883090 1885882 1887704 1890438 1892517 1895200 1900183 1903888 1905916 1909989 1915380 1918043 1922384 1925025 1926752 1930956 1932922 1934157 1935182 1938160 1939470 1940435 1944066 1945390 1946985 1951320 1952910 1954341 1956574 1958164 1960025 1964101 1970612 1971531 1976410 1978767 1983252 1984544 1988814 1990866 1992407 1994845 1997453 1999612 
</Matrix>
<Matrix name="Neuron_797" type="complete" rows="1" columns="45" multiplier="1.0">
   60013 100597 152458 258456 269299 398104 402967 449609 463298 485837 521687 526237 553838 625591 696868 704484 843139 905458 1061867 1115827 1141415 1162011 1186552 1237677 1250574 1266049 1321251 1359231 1377080 1405557 1415121 1426257 1486526 1632720 1675213 1683978 1719960 1769498 1774554 1778341 1808640 1848565 1905520 1947517 1956878 
</Matrix>
<Matrix name="Neuron_807" type="complete" rows="1" columns="308" multiplier="1.0">
   5047 7691 9987 16199 19542 37493 38747 45267 48937 53932 55047 56125 57627 59224 73581 75134 77494 95727 99746 103267 104980 116307 127151 128867 134399 136909 140234 145594 149343 152119 158727 163450 167800 173816 182998 185068 197730 210641 213011 223218 227840 230023 232987 235743 244679 248805 251918 258950 260539 263009 267009 272777 292482 299582 304059 308598 311828 315179 328693 337444 355005 362653 364578 367835 370958 372360 384439 385460 401794 425280 428891 430288 446051 447341 452271 464414 473864 480074 483272 489852 493016 505779 508299 510329 521521 524571 536194 538424 549180 551068 554922 556690 559520 563584 567024 580792 589754 598525 599880 600983 607390 616421 623583 625795 632751 634188 647075 650619 653178 659508 661995 673854 674692 675719 680288 685391 689311 696894 709251 711507 716151 731765 740331 749448 762852 765912 769796 772017 776800 801438 812115 814822 828570 829977 839789 844986 855591 857372 863839 870817 875702 889878 895514 901406 915610 922690 926912 932259 941723 952075 960699 967982 969338 971563 979811 992641 1006674 1018264 1023377 1031218 1039721 1047399 1050726 1065037 1081836 1083122 1095214 1101524 1111219 1130017 1135610 1157757 1167279 1173196 1176150 1180753 1182535 1187498 1188580 1193211 1198579 1202192 1218260 1240864 1244074 1251924 1268008 1274109 1280856 1284973 1286682 1298608 1301543 1312160 1315782 1318261 1325430 1332458 1334157 1335645 1340150 1344292 1346025 1352006 1378201 1381807 1390894 1395496 1397063 1400357 1405811 1414041 1414914 1419200 1422588 1433374 1451802 1457562 1463817 1467666 1478685 1488105 1493298 1498516 1502276 1511474 1516554 1522387 1529880 1534783 1537235 1547682 1549702 1555515 1559061 1561952 1567943 1572180 1577020 1595673 1597987 1607502 1611990 1615807 1618449 1623017 1634832 1658961 1667969 1673169 1677108 1682683 1688506 1693780 1698255 1700750 1702379 1710931 1713664 1714823 1718964 1723108 1741633 1751297 1759052 1772394 1786517 1789062 1791613 1795536 1800165 1801685 1809263 1817462 1818517 1828138 1830041 1833378 1842440 1844724 1855172 1865439 1867526 1868348 1874407 1880037 1888129 1897441 1899797 1902362 1910549 1911672 1912756 1914495 1917844 1919451 1928216 1930047 1942385 1944444 1948464 1959689 1973750 1975467 1985588 1986414 1995926 1997883 
</Matrix>
<Matrix name="Neuron_811" type="complete" rows="1" columns="843" multiplier="1.0">
   1853 2779 4041 5937 8908 11627 15662 17325 20433 21860 23018 24257 25946 32685 35280 37448 40020 42633 44589 46348 48370 55754 57899 59169 61948 69884 71620 73537 76045 77859 82071 84134 86856 91152 91923 93428 95022 98612 100345 102598 103502 105935 109710 110900 113811 119912 120683 121422 124416 125905 127282 128512 131948 134512 136208 138078 139935 142352 144439 147739 148820 150899 152986 153818 158774 160122 165983 168951 170759 172197 174556 177561 181334 183072 185222 187753 189521 191714 192863 195998 200716 203212 205648 207787 217346 219220 220854 221799 224370 227541 229690 235707 239029 241366 242600 243964 247896 249869 253490 254445 255542 256812 258987 261122 262404 266028 268124 269708 270920 272453 274240 276344 279996 282731 284998 286694 288026 289691 290950 293578 299112 300661 302539 305142 306242 307260 309623 311733 313856 314637 315744 321842 323201 323974 325188 326046 329871 331082 331935 336145 339298 341478 344148 346093 347904 349133 359197 360123 363145 364739 370701 372193 373368 375743 376351 377154 378213 381513 392106 397509 399633 400704 404522 407996 409617 410735 412478 414184 414916 416015 418079 419764 421744 422968 424033 426191 430700 434449 436064 439004 443168 445979 447420 448896 450996 453435 454904 456660 457830 458759 461055 462369 463708 465173 466556 469016 471985 473549 475895 477399 478258 480353 485563 487355 488251 493105 495754 497444 501592 505311 507933 509049 515839 519410 521438 522773 524580 530537 533392 535205 538664 540171 543392 547621 548955 549998 551490 553430 558835 560198 562471 565908 569272 570704 573081 575777 577918 578966 580278 582920 586069 590328 591565 593037 594570 596121 597493 602840 606111 607095 608460 611283 612762 613707 615333 617701 618417 620636 622536 623315 624080 626623 627957 633120 635077 637092 642699 644316 646222 647881 649380 652141 653774 654474 658362 661022 664300 670862 671906 676390 679918 683178 684066 687925 688955 690494 694099 695800 697469 698497 700195 703885 704639 709610 711108 713245 715467 717802 718548 721204 722418 723381 726081 731600 736412 739379 740712 741583 742438 744630 746104 747608 752355 755669 758980 759546 762761 763984 765479 766710 774460 776134 777807 782440 784373 786917 789253 790447 791758 793092 798605 799804 802232 805099 807778 808787 810261 812163 814227 814918 816802 818031 819015 820058 825106 826868 829488 830941 833251 836516 837851 843328 846117 850245 851783 854019 855005 858371 859869 863420 865007 870847 872020 873571 874383 876514 878442 881515 884241 886873 887994 889054 891245 894065 897149 898529 899729 901425 903343 905298 906748 908315 909592 910754 914640 916713 918138 920880 925443 931016 932226 933549 937535 940687 943465 946227 948229 949978 951097 952782 955178 957134 961220 962442 965101 967132 971639 973168 975852 977953 979021 980619 982249 983629 985598 986797 988980 991916 993010 994350 1000726 1001316 1004214 1007083 1008762 1012374 1013264 1016729 1020724 1022120 1024359 1026834 1028176 1029094 1030567 1032281 1035586 1038187 1039763 1040560 1044601 1048137 1049531 1055461 1056812 1058400 1059438 1061043 1062190 1064451 1065674 1066628 1068240 1069642 1070774 1073669 1075604 1081363 1082357 1084322 1086361 1087352 1090447 1091727 1093119 1094669 1095646 1103477 1106854 1107576 1109238 1111239 1114016 1114945 1116231 1118659 1119239 1123426 1125492 1127116 1128966 1130141 1130656 1132397 1135084 1136443 1137562 1139705 1141130 1142097 1145477 1149328 1151593 1152499 1154300 1157076 1158953 1160276 1162190 1163541 1164909 1166247 1171227 1174295 1177044 1179895 1181751 1182996 1186029 1191311 1192427 1193732 1195090 1200221 1202385 1203416 1206706 1208545 1209478 1210817 1217221 1222250 1222991 1224124 1226555 1229371 1230801 1231815 1233820 1235492 1237133 1238262 1239227 1240928 1242053 1244845 1245949 1249251 1250689 1252213 1253132 1254237 1255315 1257636 1259740 1263015 1264472 1265377 1266613 1268706 1271250 1272655 1273711 1277346 1278378 1283951 1285604 1286274 1287695 1291306 1292634 1295554 1298209 1302032 1303128 1303898 1307410 1308526 1312435 1318893 1320239 1323379 1324127 1331403 1332342 1339124 1339937 1341013 1348011 1351977 1353062 1355857 1359606 1361523 1362725 1365229 1366757 1371129 1371689 1379964 1385735 1387082 1391175 1392421 1394456 1398803 1402630 1405313 1407184 1411019 1414028 1416697 1418341 1419669 1421576 1423810 1426303 1427954 1430077 1433974 1436638 1440121 1441947 1444545 1447206 1451242 1453767 1456195 1458781 1460689 1463022 1464315 1465683 1467251 1474517 1476377 1479140 1480160 1481074 1481891 1485509 1486516 1488523 1490074 1494244 1498431 1500660 1501765 1504913 1505882 1507916 1510742 1512187 1513780 1518093 1519944 1521669 1523199 1525092 1525975 1527617 1531419 1533995 1535237 1536455 1542291 1543423 1544206 1548016 1553733 1555191 1555845 1557960 1559757 1566326 1575389 1576349 1579591 1580987 1582715 1584330 1585950 1587090 1587774 1591253 1592515 1593550 1594681 1597824 1599357 1600165 1601838 1604795 1611449 1613047 1614023 1616518 1618642 1622860 1625202 1628536 1633152 1635252 1636261 1637319 1639351 1640471 1643543 1645200 1648285 1650252 1653833 1655390 1661347 1663072 1664043 1667247 1669706 1671214 1672866 1674715 1676527 1678463 1680388 1682418 1684430 1686499 1689239 1690049 1691187 1694949 1696082 1696987 1698309 1699371 1703256 1706119 1707450 1708493 1709734 1714845 1716467 1722287 1723180 1724689 1725343 1727442 1729953 1731423 1735717 1741556 1746953 1749855 1753078 1756658 1757919 1759005 1760495 1761519 1763354 1767816 1774736 1776739 1779841 1784784 1786728 1788497 1791569 1794019 1796948 1800347 1802735 1803977 1806118 1807648 1811346 1812099 1814122 1815317 1818021 1821784 1823881 1824739 1826054 1827832 1829615 1830723 1831880 1835585 1836996 1838244 1839749 1841085 1843794 1845803 1849384 1852021 1854514 1855881 1857008 1857651 1859202 1861670 1863048 1864385 1865787 1867793 1871126 1872284 1875430 1877450 1879709 1882490 1885092 1888840 1894954 1897664 1899235 1902159 1903327 1905911 1906896 1915745 1916953 1918155 1924227 1925473 1926214 1927110 1927853 1932475 1933521 1934550 1935544 1938984 1940201 1941602 1949425 1954225 1956192 1957226 1958711 1960722 1962103 1964650 1970454 1972880 1974348 1984191 1988711 1990056 1995936 1997489 
</Matrix>
<Matrix name="Neuron_814" type="complete" rows="1" columns="442" multiplier="1.0">
   3632 4388 11431 13426 17419 18840 23307 27315 31477 33049 34347 39987 45447 48012 55481 58852 61103 63977 69706 71010 74310 79915 89730 92537 95028 101097 110482 114363 115731 118252 119826 121069 127630 130690 136322 138239 149770 152795 155613 157908 160877 165284 174993 177509 187541 188578 194139 195969 207271 210119 212474 218194 223972 228720 230946 241718 256888 258859 268254 273981 276641 279630 281702 283225 286110 289725 293266 295730 298509 301818 304714 311355 313362 326437 328009 329444 339877 341051 345072 346346 350918 357886 362379 363743 376019 378418 381468 383812 387799 391606 395929 408351 422571 429942 434956 441734 443244 444831 457929 459917 461000 463811 465286 467939 488893 495253 497479 503436 508553 512280 513263 520550 521877 525299 529394 530793 536144 543069 545001 548952 550598 561388 563353 575318 577100 580890 581875 585893 591418 601485 604684 605941 607798 610592 612286 615276 618423 624156 635630 637934 639031 647090 648611 666821 670602 674157 677594 678373 683992 690807 698206 701786 706410 713608 727828 733935 737339 740432 742790 745467 746444 748904 753446 767282 771973 782032 784717 788730 790102 795616 806732 808313 819965 824518 829310 832163 833617 852417 856666 859516 863253 865187 868088 874286 875855 881092 886051 893764 902830 905082 911794 916143 920547 923584 929223 933080 937774 944361 947221 949840 955225 956414 959894 963260 967733 971288 973655 976027 980495 983494 985980 994321 998251 1003024 1006319 1013324 1014397 1020475 1022453 1025069 1027936 1030207 1034574 1037816 1045200 1048061 1050085 1053215 1057588 1064625 1067259 1072989 1074973 1076849 1080411 1084583 1092368 1099208 1103164 1105537 1112616 1113984 1120233 1123364 1127136 1128203 1131275 1135676 1138466 1140210 1146736 1149003 1153186 1154221 1164639 1166786 1178804 1180874 1182621 1187830 1199724 1203674 1209567 1216597 1219479 1227950 1230390 1232021 1234331 1235891 1244102 1247932 1253728 1255539 1259387 1262528 1264754 1266562 1268511 1271645 1276732 1278333 1279709 1281376 1287899 1290421 1293470 1313265 1315082 1321459 1323658 1325901 1335057 1337432 1341515 1350080 1354922 1355656 1360961 1363633 1365408 1366545 1368676 1373795 1380459 1390631 1397150 1404618 1406016 1410076 1414252 1415409 1417102 1429121 1430595 1431449 1435230 1439101 1443014 1448622 1456139 1458123 1461406 1463641 1469994 1474507 1477368 1482254 1485776 1489772 1497950 1501028 1502730 1503937 1507838 1520736 1523493 1537220 1542555 1553349 1554584 1556703 1558366 1560466 1566863 1569839 1573954 1577502 1586473 1591130 1592620 1593781 1595630 1597317 1601293 1603525 1604627 1608790 1610463 1617360 1624588 1627534 1631034 1638937 1645125 1662027 1668468 1670235 1671654 1673812 1676561 1680437 1682520 1691636 1698044 1699206 1701613 1703412 1711244 1713742 1716303 1718695 1736938 1745138 1749088 1750286 1753576 1758608 1769097 1771904 1780188 1781328 1782434 1789329 1790871 1794268 1795532 1796880 1798476 1803958 1806474 1809397 1810334 1819358 1822840 1832165 1833069 1841272 1842783 1851439 1861540 1864082 1865067 1871978 1876470 1881324 1888511 1891203 1895298 1904070 1907959 1909654 1910828 1914836 1917862 1924871 1929422 1931033 1935410 1937608 1938543 1944280 1947864 1961903 1963421 1967464 1970372 1975708 1977170 1982599 1988849 1995797 
</Matrix>
<Matrix name="Neuron_821" type="complete" rows="1" columns="488" multiplier="1.0">
   5403 11063 15790 21696 25056 27682 36457 37765 41485 44142 46859 56339 61455 63236 69137 73916 77808 82495 86386 87325 98864 100767 102143 106743 108603 115517 117062 119925 121734 123205 124554 128076 130964 137629 140682 150192 156646 159516 161164 171054 172642 175022 185769 187071 191998 198877 200189 201778 213348 222883 230263 233309 245722 251749 253597 261975 264021 270817 276994 281230 287823 294886 297466 303281 307252 312570 318816 320797 324983 326617 331571 332539 335564 337093 342938 344750 353192 354723 363807 364974 367021 368993 373176 375192 381653 382640 390456 398046 399187 412026 437715 439829 441590 444925 447531 450583 455475 458640 477365 480074 486084 488250 500414 503021 505486 506804 512221 513929 514862 515751 520828 524781 530930 531758 532590 537770 543128 544877 546547 549761 555640 561581 562406 565781 566948 568938 573279 579202 581418 582584 588312 592507 595798 597594 599447 600999 602410 606611 608758 610385 615126 619793 620884 626374 642601 652875 655301 680572 684667 686333 687085 689497 693031 694269 701579 707827 710306 716774 722258 723043 725355 733097 734744 737045 740728 744695 751774 755748 758939 765123 765882 767979 773583 775031 782754 786589 790711 792447 798365 805986 810547 817211 824987 827796 832000 836715 843319 846394 847375 847954 849481 851158 853687 856841 858511 862620 864137 866567 884043 887673 891789 892914 895216 898406 904896 912910 918184 920224 927309 930644 932570 935389 942690 947149 950208 954495 957514 965385 966689 975653 976972 985717 991106 1002122 1009165 1017570 1018764 1024840 1025612 1026664 1028710 1038033 1039182 1040425 1044655 1046442 1048359 1050812 1055076 1065410 1070865 1072388 1073864 1087767 1100978 1105280 1106690 1110448 1112466 1114414 1117745 1118728 1125165 1128454 1132257 1134187 1134904 1146571 1148102 1153418 1154723 1159003 1162900 1169678 1173229 1179890 1185296 1187788 1204209 1206257 1211690 1214089 1227217 1228492 1230879 1235276 1236213 1240349 1244778 1246041 1251156 1253255 1254952 1256149 1257234 1263393 1268947 1270097 1273175 1277688 1278392 1280502 1281855 1286843 1288049 1289510 1290736 1292028 1293156 1294604 1295569 1297345 1302465 1306976 1309156 1311896 1316726 1319162 1326629 1332287 1336605 1341389 1343458 1345537 1347765 1350990 1354831 1357269 1360904 1362106 1365644 1372630 1375513 1377042 1388526 1392539 1393686 1399174 1405788 1406483 1410999 1415704 1423076 1425430 1427832 1429065 1439749 1445537 1447483 1448917 1457613 1458943 1462219 1463673 1466595 1469342 1470871 1472965 1475696 1477137 1483123 1487234 1495892 1506727 1508952 1511234 1514292 1517054 1518632 1520476 1531397 1534072 1539631 1540865 1545261 1548891 1549995 1551452 1554551 1568172 1568877 1572649 1577144 1589494 1590587 1591369 1594843 1595948 1602858 1604409 1605680 1608293 1609518 1611330 1614176 1617002 1626526 1628202 1631598 1633005 1636380 1638164 1642087 1648301 1650032 1652661 1655798 1657528 1658875 1660885 1664110 1665659 1668374 1672449 1677397 1684963 1688669 1690821 1694123 1695749 1696951 1706362 1709800 1713288 1719051 1723175 1734370 1737296 1749399 1750685 1755170 1757510 1759354 1762122 1774881 1775876 1782661 1784385 1786050 1793172 1794114 1799535 1801955 1803874 1805640 1808394 1809902 1813833 1817491 1819010 1820368 1826448 1830311 1831489 1840750 1849224 1852062 1855853 1857697 1859972 1861416 1862562 1874230 1878539 1880618 1881619 1885065 1885865 1888821 1889888 1893011 1893993 1895304 1897616 1900190 1903351 1908415 1912573 1922470 1924948 1929038 1936488 1938074 1942238 1943250 1944515 1946615 1950879 1952344 1960465 1963098 1971403 1973533 1980974 1984379 1994426 1997737 1999771 
</Matrix>
<Matrix name="Neuron_824" type="complete" rows="1" columns="206" multiplier="1.0">
   2592 10303 16236 17624 28446 30199 31224 36115 49135 55329 88009 101230 111259 118654 121988 127060 132359 139600 145310 146776 156520 162561 165925 183629 184590 196865 200649 208904 218303 220174 225989 227114 232615 239598 241149 247809 280317 297024 306511 308185 318344 326372 328016 351640 354569 368028 382038 390792 395981 420481 434539 437321 445691 449430 453532 456483 463970 485740 487377 489338 490001 494629 496361 517138 524429 540455 569515 584162 587774 598923 599892 607336 609522 625726 647107 663578 682185 713502 715245 718561 738558 755232 784347 787427 792817 797671 802491 818796 822930 828209 841830 853589 856409 877814 892952 910594 914001 918288 925610 938670 941763 944179 954768 963350 1001913 1005200 1011018 1014639 1022481 1026207 1030021 1045396 1061423 1067798 1071177 1091211 1123326 1125024 1131337 1142912 1147571 1152626 1156043 1163492 1185789 1186699 1193358 1198290 1201154 1207580 1232003 1241086 1248690 1253111 1258631 1283283 1300605 1361146 1364213 1370585 1404888 1415656 1440808 1446627 1449437 1451684 1455111 1456382 1465583 1476006 1493875 1502903 1506077 1510365 1525446 1554699 1564315 1566164 1573199 1577255 1587387 1588223 1604648 1610397 1614809 1617992 1621536 1626276 1671293 1699344 1702226 1705187 1720028 1722936 1729722 1733903 1757746 1760338 1765600 1769199 1771942 1774851 1788214 1803491 1816677 1820111 1823121 1842703 1846513 1849770 1893412 1898274 1906134 1907409 1911705 1912912 1917206 1920822 1921829 1927525 1935673 1951823 1964347 1977775 1992796 1994763 
</Matrix>
<Matrix name="Neuron_831" type="complete" rows="1" columns="37" multiplier="1.0">
   31314 35184 40524 140098 244402 265647 289113 446121 659032 788068 827447 838101 901525 1021641 1102881 1124556 1157874 1192214 1256714 1294404 1437647 1470850 1503155 1529934 1550366 1570865 1682066 1733151 1734943 1739146 1742451 1803197 1813694 1856131 1859424 1952349 1958653 
</Matrix>
<Matrix name="Neuron_834" type="complete" rows="1" columns="401" multiplier="1.0">
   5454 11828 19222 20990 25179 26519 28095 43662 52374 55687 59948 68937 69772 71659 75349 91421 104656 108756 111653 117044 123526 125163 127618 133507 134568 139551 140439 141380 144360 145774 150512 153127 188076 202189 207002 210230 213752 218311 227273 231168 247573 255052 261322 266602 271523 277446 292303 299078 301347 305370 308448 311043 325265 327110 328443 332709 349438 350908 364650 367368 369380 375565 380093 381713 383855 385006 392649 394410 399352 405283 406588 414938 419427 422215 425616 432815 437033 447715 454997 457560 460250 469025 475209 487715 493551 495439 502431 512288 519588 521018 525364 528392 533890 535514 544989 547255 548950 564809 569447 578625 581188 583259 588023 589866 592952 594357 595905 601781 603604 606527 614350 616950 619551 621370 623139 627799 647542 656609 658515 662784 664777 669934 672028 675676 679922 686630 696742 703843 713776 717842 727946 730804 732530 737531 738453 742146 743704 746533 747664 751954 753761 756261 760209 761979 763184 764650 767285 769149 771155 772995 781470 786278 791649 802014 805150 808739 811070 822156 849084 858272 870983 877876 880499 882614 887374 892214 894099 897048 909334 914260 925684 931198 934275 939337 949876 951164 955483 957128 962303 966720 969684 978787 981883 983688 992592 1003430 1006240 1010844 1013098 1016322 1023395 1025076 1033665 1035744 1041501 1049415 1057079 1058611 1064004 1071277 1075892 1082643 1102304 1104509 1120973 1135643 1136782 1139021 1142625 1148190 1150784 1154637 1168403 1171553 1177569 1180132 1182215 1184355 1186698 1189674 1191333 1193721 1199296 1202270 1205778 1207689 1209644 1210946 1216251 1220505 1221754 1227523 1229675 1232082 1235027 1239097 1241575 1248034 1255114 1256669 1257780 1261850 1264082 1274091 1279114 1289665 1299944 1302592 1307363 1311252 1315135 1318963 1323693 1331781 1337500 1338877 1341940 1345781 1349228 1350984 1355328 1359122 1365381 1367740 1368958 1379032 1389298 1393011 1407486 1409390 1410760 1413014 1422906 1429534 1430872 1437488 1440875 1445334 1447675 1451623 1454834 1457250 1459080 1469348 1472984 1475572 1479749 1483421 1487758 1490883 1492291 1495989 1498074 1510215 1519386 1524402 1527161 1533484 1536929 1537996 1539317 1542603 1544849 1547727 1551930 1559995 1565619 1567426 1574643 1577719 1585903 1590542 1592265 1603891 1606927 1610747 1612757 1621443 1624104 1631122 1637868 1639091 1640397 1646116 1647247 1652253 1653539 1662579 1664427 1669845 1677173 1678885 1680665 1682609 1685900 1688075 1693419 1696299 1698817 1701628 1710744 1713888 1720182 1722100 1723392 1726240 1730317 1735186 1747449 1750505 1752561 1757080 1760634 1764780 1765998 1767784 1772727 1775589 1777569 1785773 1788568 1798108 1803412 1806158 1811547 1822650 1827542 1833368 1843388 1845932 1851532 1856459 1860873 1871535 1873780 1879675 1888218 1891688 1901331 1912748 1920488 1927882 1930286 1933257 1934908 1942180 1947222 1949286 1950728 1958513 1959733 1971542 1973429 1975839 1977574 1978790 1980763 1981672 1984562 1986931 1997233 
</Matrix>
<Matrix name="Neuron_877" type="complete" rows="1" columns="273" multiplier="1.0">
   10119 12797 16030 18911 24299 29854 36216 48979 54489 72140 75509 93233 95557 101466 107550 127087 131656 137562 139235 152734 155747 165281 171974 179084 184112 187171 191350 193426 217013 229288 237723 244182 245552 246601 253728 256457 261176 268118 272352 274422 281677 290217 292545 294893 307986 311336 321734 322781 324029 332277 335939 337481 339934 342854 356642 362681 377197 396243 398087 404426 407305 414641 416368 420684 432226 441279 448151 458714 466699 474824 477302 501999 505527 508941 512225 516533 521013 528296 536024 542007 543085 547803 564851 566877 568945 573568 578435 590155 594604 599262 604249 620997 624111 625624 627423 634522 636478 641868 645176 650481 661790 687846 693665 700809 708542 712298 713977 715617 722580 727896 737634 746437 749206 771273 781405 783400 789722 801048 805441 827912 846151 847627 851970 865357 868417 873284 880390 884278 892507 897698 914314 916305 928068 944087 958497 979588 980487 981375 993914 995438 1004970 1013107 1023298 1024876 1031067 1032430 1034288 1038848 1045874 1047478 1050321 1054741 1074902 1081669 1084069 1105513 1107524 1111458 1124343 1127390 1134306 1155098 1157610 1159152 1162714 1163856 1193274 1195469 1208828 1218380 1220497 1221787 1225148 1228086 1234705 1238704 1261569 1272472 1279290 1280305 1290587 1298495 1304913 1307220 1309718 1310757 1328499 1348582 1361878 1365886 1370858 1373473 1396623 1410241 1412274 1413159 1415399 1420439 1423460 1430004 1443939 1450417 1462087 1476344 1482206 1483748 1489269 1491075 1495126 1504458 1516381 1520690 1524785 1529512 1536670 1537856 1549950 1578090 1581322 1583315 1584555 1588184 1590005 1601918 1604578 1619894 1629616 1639506 1648976 1654333 1656699 1663887 1695065 1698889 1712901 1720086 1725635 1730813 1741298 1743622 1745142 1749134 1762078 1768322 1773383 1781588 1803762 1811920 1814061 1820441 1822843 1826822 1831415 1832326 1838421 1847111 1851820 1859770 1863971 1877156 1878564 1890957 1893439 1896003 1912858 1918683 1938002 1941261 1947285 1951773 1968530 1977942 1980272 
</Matrix>
<Matrix name="Neuron_887" type="complete" rows="1" columns="122" multiplier="1.0">
   59150 80261 86717 98246 102564 135861 184599 190422 204097 215745 226334 255258 301395 306347 321569 384449 385620 395305 406931 408997 415333 438467 458569 470673 481160 483817 504706 557861 561428 570303 577166 595379 600853 638972 643487 671896 682707 700173 706673 715666 719718 729379 734603 738919 743194 756152 771264 775152 781321 825327 834893 852473 879437 901878 927562 961482 962781 980071 994409 1016913 1022362 1026532 1041576 1045854 1050717 1057188 1076091 1092538 1097456 1104339 1112843 1175240 1186490 1200611 1227613 1234788 1250217 1263585 1265306 1278455 1296730 1313593 1325831 1357769 1359043 1360913 1372045 1373906 1388376 1397266 1406250 1414434 1421198 1430883 1444577 1457122 1461279 1477636 1513990 1525881 1549440 1567273 1570153 1572447 1581031 1586398 1590666 1593119 1670602 1674246 1693797 1730394 1767607 1782107 1796654 1803090 1808146 1815811 1824328 1849042 1858241 1939044 
</Matrix>
<Matrix name="Neuron_897" type="complete" rows="1" columns="85" multiplier="1.0">
   6236 22466 37332 50566 73853 118415 129698 143323 184499 188768 196149 231807 251634 282613 438308 444399 445801 451647 589587 603251 614090 640975 738260 789444 791637 803221 816919 823921 834394 843513 854397 861806 893859 930270 939756 998150 1009198 1018642 1021881 1025365 1033975 1042310 1046953 1079335 1082893 1096723 1109070 1113067 1115094 1123908 1146820 1168554 1174584 1222809 1238876 1251433 1257381 1278952 1298080 1344841 1372977 1403687 1414863 1435059 1438649 1445241 1460927 1513720 1515532 1539798 1555123 1616678 1720180 1767071 1773403 1794014 1803387 1804509 1848947 1894022 1912134 1918448 1924944 1947928 1959520 
</Matrix>
