<?xml version="1.0" standalone="no"?>
<Matrix name="x_Location" type="complete" rows="1" columns="100" multiplier="1.0">
   0 1 2 3 4 5 6 7 8 9 0 1 2 3 4 5 6 7 8 9 0 1 2 3 4 5 6 7 8 9 0 1 2 3 4 5 6 7 8 9 0 1 2 3 4 5 6 7 8 9 0 1 2 3 4 5 6 7 8 9 0 1 2 3 4 5 6 7 8 9 0 1 2 3 4 5 6 7 8 9 0 1 2 3 4 5 6 7 8 9 0 1 2 3 4 5 6 7 8 9 
</Matrix>
<Matrix name="y_Location" type="complete" rows="1" columns="100" multiplier="1.0">
   0 0 0 0 0 0 0 0 0 0 1 1 1 1 1 1 1 1 1 1 2 2 2 2 2 2 2 2 2 2 3 3 3 3 3 3 3 3 3 3 4 4 4 4 4 4 4 4 4 4 5 5 5 5 5 5 5 5 5 5 6 6 6 6 6 6 6 6 6 6 7 7 7 7 7 7 7 7 7 7 8 8 8 8 8 8 8 8 8 8 9 9 9 9 9 9 9 9 9 9 
</Matrix>
<Matrix name="vertexTypeMap" type="complete" rows="1" columns="100" multiplier="1.0">
   2 2 1 2 2 2 2 2 2 2 2 2 2 2 2 2 2 2 2 2 2 2 2 2 2 1 2 2 1 2 2 2 1 2 2 2 2 2 2 2 2 2 2 2 2 2 2 2 2 2 2 2 2 2 2 1 2 2 1 2 2 2 1 2 2 2 2 2 2 2 2 2 2 2 2 2 2 2 2 2 2 2 2 2 2 1 2 2 1 2 2 2 1 2 2 2 2 2 2 2 
</Matrix>
<Matrix name="Neuron_7" type="complete" rows="1" columns="187" multiplier="1.0">
   14159 18777 20123 32635 48558 75686 100355 103147 113993 115604 117387 140475 145167 146519 161874 163728 178066 215683 223960 228689 233148 234007 246256 254231 276690 279706 298851 300429 303737 320939 331642 336491 357281 370713 377927 391242 421923 440282 446090 465374 468351 480018 484666 491976 495304 500369 504264 515725 529534 535079 537242 540737 545285 549954 563610 569173 643960 647616 650747 654707 661804 663922 673668 675594 683052 698813 713137 721596 735680 752943 762452 767879 784454 795664 799364 808928 817251 832734 836768 843622 849553 888412 891914 897996 901544 910220 953689 955496 978732 982913 1000433 1003423 1012970 1035585 1073828 1079966 1081717 1090063 1099722 1110743 1127918 1135762 1139875 1144516 1157471 1158953 1161841 1181320 1199343 1218946 1220251 1224318 1226825 1252510 1254248 1265458 1276792 1300154 1308851 1311251 1313858 1318765 1325783 1329351 1332664 1342456 1346018 1354032 1370036 1372945 1377888 1395245 1414766 1441820 1450147 1453016 1457226 1466598 1470887 1506384 1510537 1514289 1517626 1529152 1530483 1542002 1545872 1583040 1591649 1614730 1638290 1640902 1644772 1647007 1649249 1686783 1691867 1702600 1709983 1714118 1733136 1741440 1750174 1761304 1793672 1803162 1810576 1834071 1844491 1850175 1862603 1867909 1870733 1872950 1876394 1878206 1884721 1895763 1900020 1912440 1929327 1949780 1952125 1959364 1979927 1982232 1992534 
</Matrix>
<Matrix name="Neuron_11" type="complete" rows="1" columns="70" multiplier="1.0">
   11868 15183 34747 52037 54657 106365 107451 110320 124427 157459 174804 193788 231242 269742 313108 314693 325548 368721 375584 406595 412727 429449 572701 604906 632849 641875 684087 695924 705805 757672 769452 773864 787773 866033 881233 894778 925435 985378 994445 997602 1050253 1101841 1107997 1133515 1149451 1151298 1152362 1156737 1184730 1192977 1247795 1265142 1276499 1281948 1297552 1388243 1454854 1551267 1623450 1656373 1694983 1737743 1765455 1856743 1888355 1894268 1902672 1913780 1928382 1942464 
</Matrix>
<Matrix name="Neuron_14" type="complete" rows="1" columns="372" multiplier="1.0">
   1865 6044 15621 18952 24794 28752 29737 35284 36376 38599 39528 41576 46655 48451 51758 54121 59343 63852 72559 99665 104995 122408 128567 141145 144233 145472 149519 154249 156183 158286 161435 170095 173416 177852 183633 184647 196426 243013 246384 250048 250968 262551 264795 269245 277663 282304 285336 286673 295416 305963 306949 313193 323280 325104 330092 340103 347392 348662 351453 353364 355954 359235 360571 363953 365727 373889 376830 387262 391617 393636 402148 418050 420759 423224 425921 431366 432949 436834 443129 444428 446690 449242 453555 455849 457739 466990 471159 481027 482963 484366 488219 489588 493687 505174 514147 517479 518377 520212 525837 527971 535719 547373 566711 568563 571557 576050 593328 599856 601862 609097 630798 633228 636997 658415 664569 668604 670502 683371 684942 686611 689621 693672 694994 704689 707676 709200 711688 713611 717318 725636 738554 746319 754721 756273 757365 758861 765705 775807 783732 786629 792012 797151 804912 809243 822422 825517 833870 838242 840190 845793 848435 849837 854393 856679 859262 861291 867471 872771 892305 902792 911279 912648 917819 921987 928489 930781 932287 951022 954114 958584 964008 968224 973137 977278 983732 984604 988402 992253 994574 999213 1008811 1011225 1012214 1013949 1015991 1021603 1022643 1024758 1026755 1028732 1034115 1044429 1046282 1052772 1056489 1057399 1059296 1066461 1071672 1087099 1092879 1098854 1100678 1102827 1103837 1105388 1108208 1110219 1116203 1121469 1124524 1135813 1145969 1147248 1151176 1153954 1159371 1164482 1167068 1169465 1177578 1185355 1187355 1189699 1194440 1207453 1225257 1228893 1231548 1239032 1246209 1247402 1248808 1251896 1257249 1259864 1261318 1267803 1272490 1286843 1291156 1292968 1295752 1301167 1305652 1319029 1325241 1332881 1341680 1343661 1345056 1348377 1352390 1362690 1364717 1373545 1375909 1390382 1392093 1393091 1396726 1415554 1417571 1423948 1426557 1437851 1450757 1457903 1459988 1464251 1465215 1467592 1478204 1481431 1484354 1494471 1497187 1502055 1512287 1514838 1528319 1531501 1534857 1540574 1548820 1550845 1558843 1570418 1579744 1587095 1599583 1601132 1602360 1606870 1617874 1624056 1625601 1628001 1645921 1648424 1650480 1654677 1659910 1665422 1668407 1670228 1675192 1678021 1684697 1691760 1694520 1696505 1700400 1711581 1715299 1729938 1741279 1742653 1748058 1750961 1754364 1755368 1762959 1764683 1766482 1768593 1772520 1774152 1780432 1783744 1790281 1804055 1805460 1806679 1811292 1822054 1824734 1830349 1833977 1835706 1844051 1855809 1858800 1860302 1866349 1885408 1895887 1898608 1902266 1913555 1916677 1925576 1927562 1934621 1937403 1939334 1940361 1945120 1946682 1947854 1948841 1949940 1950912 1957506 1958677 1960469 1963390 1965540 1979143 1981652 1987601 1991088 
</Matrix>
<Matrix name="Neuron_37" type="complete" rows="1" columns="37" multiplier="1.0">
   16981 26179 239874 258940 306086 377128 407189 417592 441659 487046 506273 563291 652522 684345 705434 727847 751310 969854 1122746 1212403 1245326 1273776 1382007 1387808 1412924 1531923 1577013 1591540 1593602 1617086 1683473 1788797 1823013 1846873 1876156 1892980 1962543 
</Matrix>
<Matrix name="Neuron_41" type="complete" rows="1" columns="187" multiplier="1.0">
   3732 27758 56478 61906 64724 96845 105094 107004 122472 133405 151533 157836 164933 177430 187983 208315 224099 226572 230663 234209 242523 249109 260887 275503 288698 312130 315049 318413 320293 322732 346335 352507 358883 361765 368466 373479 375099 382108 391849 397552 412724 431890 436286 449586 472962 486075 489246 493993 497822 504449 530407 542998 545399 551888 562343 569598 571069 593324 638310 658302 660741 670393 682437 685036 689426 702093 704912 710918 714363 730444 736862 742290 743455 747147 770638 774367 780194 782972 786756 801405 816687 830829 845510 852777 870338 878744 884128 895836 900011 901283 915559 920084 933188 947106 949796 967420 989785 991973 995205 997578 1036333 1038770 1040221 1041675 1046084 1075449 1078630 1082309 1085136 1090528 1102967 1111692 1118356 1135959 1138718 1173273 1182387 1185245 1191082 1228651 1250073 1253674 1286112 1306439 1331161 1334553 1358994 1361942 1367805 1372685 1389287 1400782 1403879 1406002 1415919 1456117 1463359 1481659 1513391 1517707 1520403 1525985 1532361 1541608 1557939 1568441 1570659 1578759 1581823 1583820 1600855 1607042 1652953 1669401 1691568 1696381 1713020 1727671 1737597 1750597 1752902 1754584 1759896 1767674 1774128 1775547 1786283 1803126 1806015 1827044 1853022 1863595 1873663 1879632 1888548 1890814 1901299 1912170 1913327 1932969 1935009 1941414 1950432 1959683 1974020 1975887 1986913 
</Matrix>
<Matrix name="Neuron_44" type="complete" rows="1" columns="282" multiplier="1.0">
   4613 10329 26176 32028 39485 42784 57003 58817 64435 72341 85118 87501 91381 93707 100924 102277 107834 112870 148834 150121 156978 159618 165523 167716 170566 172145 176746 181342 193179 203730 205995 207850 213249 214255 217846 220654 221654 225599 232758 240882 247043 247943 255995 258287 266441 271149 285144 290447 298676 299947 303910 307933 310745 319058 339703 346264 351240 361464 363239 379845 387955 401429 402846 404571 438171 439910 442936 446169 459316 464044 470262 473791 479670 494011 496581 507619 510165 517330 525378 528973 534723 545767 563160 569249 572468 577047 584114 588419 594872 597955 600145 632498 646667 653248 654620 657058 673927 676979 679228 683810 687925 698572 710648 717543 719533 729144 734051 751308 760374 769982 779111 786695 788720 792072 817978 829500 832019 833119 836085 836940 843176 845793 847241 851725 854360 859083 874538 880513 883923 889960 894309 903114 904807 905646 915795 918482 922875 931644 933861 949593 966789 985329 988844 990834 996484 1017296 1025216 1026323 1040602 1055917 1082255 1093196 1097047 1102708 1106943 1123009 1128031 1142651 1149418 1151490 1155108 1157141 1159912 1161038 1184367 1185907 1195444 1197242 1217311 1220432 1244409 1283303 1299994 1301790 1304894 1317526 1321628 1332448 1337178 1345762 1349994 1353100 1355345 1358957 1368057 1376313 1377730 1393337 1395962 1401172 1401975 1412861 1417238 1423845 1427639 1431336 1447049 1470302 1479315 1497604 1512308 1521975 1523093 1529086 1554138 1556116 1563172 1566477 1569244 1570708 1589986 1591682 1598253 1603939 1621706 1629324 1653847 1658625 1659779 1662375 1664727 1666950 1672480 1678578 1682382 1684124 1697314 1702910 1718711 1733642 1738588 1744570 1745564 1747221 1751229 1752970 1755976 1763344 1766337 1769250 1773596 1778160 1781803 1794525 1801586 1803329 1810003 1812318 1822518 1826104 1827320 1832099 1833183 1837117 1844480 1845887 1847695 1853938 1854935 1871032 1878910 1883155 1884653 1894807 1897370 1898540 1901557 1906699 1914907 1916424 1941082 1944376 1945574 1948270 1957320 1964336 1968983 1971982 1975166 1979433 1984520 1991094 
</Matrix>
<Matrix name="Neuron_67" type="complete" rows="1" columns="453" multiplier="1.0">
   6101 9520 11513 13087 14805 18815 20763 31719 38372 39623 45365 47690 50107 54912 65874 73417 76672 84117 85868 88278 92961 99047 101757 104499 107867 110334 112122 115376 129792 132185 135690 141402 145306 155293 156818 158473 159964 167152 172511 175528 177217 180926 182261 184645 201625 204314 206568 223071 225668 238468 252258 255837 257806 271842 274003 288287 298951 305709 312987 320581 324416 325722 330736 333596 335603 339169 346053 348926 353288 354263 356502 360460 366454 371399 372229 376747 379033 382802 391823 395823 421736 423486 433608 436079 439857 443057 445417 447244 454148 455867 465810 466646 470385 473326 481550 484532 487953 499565 501933 510715 516608 529511 534702 541883 548083 551155 553014 554784 556571 560175 561944 571957 574598 581155 584754 589235 590294 593245 596401 601255 608058 612245 625023 630266 632779 636854 644636 648913 650007 652387 654295 655204 662366 665631 668530 672420 676360 684015 686664 688216 698708 702868 706292 710933 712362 717152 718831 727062 736198 746110 747298 749141 750500 752317 755555 761292 770076 771449 774049 783599 786936 789965 795018 799317 800557 805112 811338 813418 814473 815568 816667 821301 827487 829310 832367 833964 838340 839771 853718 854442 858279 860917 875678 877381 882296 884731 885988 890051 901139 902029 912925 914288 920101 922843 925575 927148 931284 933640 935428 936855 940074 957867 961369 974369 980645 982411 983513 988980 997018 999629 1003303 1010595 1021729 1028752 1029890 1035834 1039494 1041378 1044081 1053424 1057931 1060413 1062431 1064792 1067324 1070047 1072802 1080525 1082721 1084817 1086609 1088314 1091781 1094374 1096061 1106905 1112520 1120459 1121992 1125207 1126713 1129431 1141514 1143780 1149185 1152050 1153556 1157885 1162456 1172363 1173732 1175185 1177843 1179891 1184964 1197645 1200744 1202534 1204765 1206100 1209642 1213375 1217069 1218341 1227110 1230780 1232848 1238430 1240589 1241957 1243494 1248181 1250502 1256832 1261257 1262456 1264348 1266166 1273296 1278804 1280443 1286562 1289446 1290954 1296039 1303883 1304609 1306260 1308870 1311325 1312412 1319466 1322569 1324599 1327459 1331347 1332979 1337344 1340973 1341833 1343602 1348111 1352127 1353918 1356418 1362210 1364885 1368508 1369212 1372236 1373378 1375925 1380451 1382306 1386576 1387762 1392124 1399291 1409093 1415403 1416769 1420809 1425989 1430787 1435618 1438026 1444394 1447753 1450589 1461835 1465124 1470169 1477033 1482536 1484706 1488458 1489876 1490916 1496871 1502719 1507710 1518307 1520203 1523564 1524533 1531402 1533687 1539872 1543513 1545034 1546352 1548050 1549477 1551433 1554985 1561983 1576494 1579148 1580198 1581958 1582975 1590356 1595783 1603941 1608328 1609560 1617697 1618950 1619919 1626375 1630756 1638265 1641907 1645083 1646687 1655249 1656946 1658808 1660230 1666026 1669550 1673518 1681438 1685940 1687328 1694636 1697577 1700716 1703230 1711271 1715411 1718355 1721788 1723057 1727084 1728162 1729935 1733914 1737561 1738583 1740426 1743732 1770019 1772736 1776912 1779387 1786581 1791052 1795420 1801462 1805513 1808611 1810776 1814772 1825119 1826993 1829526 1831745 1833404 1835855 1839940 1845511 1849725 1851739 1855531 1861685 1864054 1865648 1869015 1873569 1875281 1877639 1892427 1896691 1898822 1909171 1914138 1921435 1924399 1932334 1940426 1943094 1947798 1955216 1960984 1967479 1968762 1970328 1975671 1978474 1982250 1983830 1991030 
</Matrix>
<Matrix name="Neuron_71" type="complete" rows="1" columns="37" multiplier="1.0">
   184872 214738 262356 266523 295154 311881 379790 387142 433000 624317 768748 798977 891205 986958 1100367 1104415 1166412 1230032 1272274 1298643 1317069 1321593 1340890 1354283 1392347 1440061 1485402 1533979 1555463 1581383 1639597 1703918 1707223 1795421 1911123 1947950 1969244 
</Matrix>
<Matrix name="Neuron_74" type="complete" rows="1" columns="560" multiplier="1.0">
   1055 5070 13658 17630 18473 19256 31593 35487 39580 44506 45818 47970 49588 50599 54758 60648 63898 65286 66806 68890 70775 76632 78319 83127 84727 86723 91908 98556 99369 105020 124527 132389 135280 140654 144643 145562 155462 157249 163034 166632 168403 169752 171239 175010 177313 179007 182436 183165 188684 192752 194647 205205 206293 208944 211197 216513 218257 227450 228843 230146 232924 234715 235860 236868 248035 249099 254360 257150 261180 262776 265527 266983 269003 270508 272775 274679 278843 285462 288397 298446 301678 310350 312426 315144 321118 325366 328766 333878 341043 341908 345936 349509 352880 354156 355469 356825 358090 361132 362222 364928 369060 372797 378540 384334 386503 388431 392521 394146 400124 400893 405880 408510 411465 413972 418680 422943 427131 428765 430678 432845 436523 439946 441976 443544 445865 447380 452115 454350 462627 463705 466000 468781 477573 479740 480860 484961 485768 488497 497757 499121 506314 508171 510825 511926 513497 518502 519190 523253 527069 535028 536752 538863 541054 542903 550077 552879 554535 561860 562998 564310 568674 570361 574737 582560 583525 590654 592036 596897 599840 610341 613938 615146 618209 623095 630841 632201 635231 639235 640677 644464 645571 648742 652702 653554 654987 656887 659982 663108 665412 668995 673118 676397 681956 689690 691305 693077 694452 696145 701929 715254 720711 725932 733760 736740 739168 740761 742429 748278 750360 754637 765305 768221 773353 774824 783498 785236 786009 802543 804310 806472 809307 810740 811777 813282 818028 823905 827622 830574 835041 836042 838528 839996 845252 848076 849796 852457 857352 858524 861942 864424 866503 869275 873979 877299 880902 890600 893359 894577 896158 902228 906167 914282 918121 921693 923491 925034 930117 931723 935210 937444 939526 940627 945821 952142 958137 960955 963322 965177 968798 970968 974316 975666 976535 978441 983945 986301 987844 989506 991136 993161 996840 998261 999747 1001280 1002570 1016878 1018966 1025879 1027440 1029184 1031409 1039077 1040232 1042468 1046812 1050066 1056490 1064193 1067215 1070604 1075937 1077079 1078144 1079646 1083108 1085082 1090942 1093302 1094643 1097076 1099321 1100635 1103272 1109545 1111887 1114847 1117355 1118712 1121633 1129651 1130508 1134649 1141676 1145792 1150435 1151838 1153075 1153934 1155554 1160892 1162929 1168142 1176148 1182660 1184964 1196196 1199510 1205089 1208368 1209891 1212718 1219332 1220200 1224678 1225454 1228592 1231929 1235108 1242298 1243727 1249581 1253918 1256159 1265501 1266655 1270632 1271717 1276512 1279289 1282840 1284793 1289495 1290810 1292813 1297338 1301055 1302325 1303829 1306774 1307742 1309746 1310799 1314477 1316809 1318966 1321679 1323712 1327417 1332099 1337070 1338285 1344894 1347637 1348921 1351389 1352526 1358478 1359702 1361537 1363061 1364467 1365752 1368401 1370272 1372356 1374377 1375679 1395699 1400686 1403240 1406196 1407462 1412571 1416059 1418458 1420652 1423219 1426299 1427947 1430710 1435648 1436338 1440186 1443528 1444746 1445992 1457053 1460814 1464833 1467628 1470898 1472297 1474983 1475836 1478780 1480229 1485058 1489350 1491111 1492689 1494626 1496920 1508189 1511825 1514586 1518671 1527603 1529718 1532037 1533395 1535738 1539282 1545700 1546899 1548095 1552904 1553972 1555363 1560430 1561679 1563225 1565426 1568067 1571062 1572978 1575268 1578047 1579540 1581232 1583598 1591640 1596317 1600107 1602520 1609639 1613692 1615171 1622576 1624086 1626141 1627204 1634753 1636709 1641985 1643570 1645982 1648396 1652128 1653459 1659283 1675526 1677276 1678799 1680934 1683275 1692849 1700813 1702893 1705684 1708395 1710704 1711663 1718478 1724801 1726734 1731715 1732777 1734482 1735898 1739444 1745626 1747043 1751945 1757163 1758192 1764513 1772515 1775091 1779752 1780680 1782115 1782883 1786409 1793425 1794497 1795672 1799658 1803438 1805404 1808313 1814184 1821298 1822393 1825744 1828565 1829686 1832370 1834917 1839571 1840965 1843016 1854694 1857338 1863345 1876305 1877213 1878336 1880516 1886812 1890040 1893799 1896156 1901055 1908375 1909820 1914390 1915823 1916530 1928390 1930866 1942580 1943562 1952759 1955822 1958556 1959741 1963365 1975520 1986252 1990602 
</Matrix>
<Matrix name="Neuron_97" type="complete" rows="1" columns="488" multiplier="1.0">
   4738 6539 17781 19129 24690 38093 43811 47057 50008 52187 54158 56242 59316 60214 63322 67508 68816 72647 74622 81637 82760 83937 85302 89042 97235 102453 113679 114838 119657 123340 124603 128969 139605 143163 145412 149175 150880 152708 158508 164422 166000 167662 176313 178829 183956 190775 192189 197389 200899 203158 204781 207399 209556 212176 213993 214935 216917 218505 223417 224281 225898 228375 229336 230854 232986 237396 241687 244604 246902 249568 256257 261577 264741 276178 282978 289666 291096 296571 300132 305137 309798 313770 319910 321447 322853 327050 328319 331212 335128 336744 338938 342254 347613 348531 350267 355967 357031 357951 361539 371641 372662 375085 379931 383762 385931 396119 399477 402261 404914 406848 420638 423867 425924 429134 432564 437513 438914 440308 442173 445204 455099 456395 463218 464672 470460 473705 474999 476393 482304 487633 492952 494163 495618 504531 508183 509679 511201 511847 521169 522737 527836 531171 539954 541820 544059 555434 557350 562497 564120 567451 570188 571154 575172 576624 582807 585374 586941 590597 592467 594584 596330 601697 604257 610838 612027 613125 615373 619037 622722 627129 628287 648680 652374 657942 660650 662529 667305 670142 672551 676598 678153 690375 692743 696017 703192 707563 715816 717159 718553 719628 721648 722334 725371 728862 744401 752076 756512 760323 771344 774916 777956 781132 783083 784403 790327 793282 797690 799091 806431 818682 824372 838668 847223 849053 853358 855582 857054 858033 863330 872209 874084 875732 880103 883291 884107 885503 887090 889955 892847 895290 898977 900253 902433 903712 904773 908094 911113 912461 913307 915389 919962 921441 923106 925591 936085 939382 956837 965741 969780 973368 983595 985760 990492 995023 998594 1005880 1012280 1014356 1016917 1031458 1045411 1048744 1050867 1054832 1058047 1059035 1061365 1071075 1073363 1078339 1083555 1091200 1097888 1103747 1104992 1106007 1108883 1114981 1116538 1122016 1124691 1133642 1137971 1144759 1145844 1161708 1163040 1166051 1171964 1174750 1183595 1188147 1190507 1192267 1193400 1194333 1197573 1220897 1225104 1233446 1234344 1236138 1237901 1238934 1240989 1242441 1247028 1248389 1251805 1255794 1258308 1262698 1265448 1267048 1275293 1283139 1285536 1287410 1288826 1299191 1304999 1308536 1315443 1326828 1333023 1339362 1342172 1346039 1366206 1372895 1377181 1382066 1382838 1385954 1388555 1392588 1396172 1397617 1400077 1405730 1408075 1409781 1411900 1414167 1420192 1422782 1426403 1432418 1437576 1442400 1444318 1445116 1445941 1446812 1458257 1460736 1462222 1468348 1476511 1477597 1493039 1495544 1499466 1504945 1506957 1513026 1527654 1531971 1536760 1537591 1539232 1541097 1545935 1550774 1552663 1553614 1558616 1562341 1564800 1570640 1571353 1574522 1576070 1577799 1580011 1583037 1589139 1590352 1594669 1595918 1608678 1609780 1611510 1614814 1615430 1617377 1620162 1623407 1626279 1631604 1632805 1637325 1640906 1647129 1654921 1658950 1661828 1663347 1665996 1670390 1677441 1687176 1690261 1692498 1698147 1701222 1704778 1707245 1711328 1714977 1718148 1722426 1724143 1729078 1733183 1735727 1738106 1740782 1742850 1743652 1744468 1750278 1759398 1760992 1761954 1763155 1764998 1767582 1771057 1775420 1791210 1792170 1793899 1800189 1802528 1809581 1810766 1812231 1815864 1823634 1838166 1839299 1843773 1846222 1849013 1850139 1852925 1859118 1860198 1866030 1878513 1886350 1887960 1890922 1892618 1896804 1900809 1901776 1906610 1917643 1922384 1926688 1929413 1933251 1943561 1944310 1954360 1958510 1962863 1967855 1970871 1972583 1974687 1984237 1986960 1990051 1992963 1994224 
</Matrix>
