<?xml version="1.0" standalone="no"?>
<!-- State output file for the DCT growth modeling-->
<SimState>
   <Matrix name="radiiHistory" type="complete" rows="11" columns="900" multiplier="1.0">
   0.4 0.4 0.4 0.4 0.4 0.4 0.4 0.4 0.4 0.4 0.4 0.4 0.4 0.4 0.4 0.4 0.4 0.4 0.4 0.4 0.4 0.4 0.4 0.4 0.4 0.4 0.4 0.4 0.4 0.4 0.4 0.4 0.4 0.4 0.4 0.4 0.4 0.4 0.4 0.4 0.4 0.4 0.4 0.4 0.4 0.4 0.4 0.4 0.4 0.4 0.4 0.4 0.4 0.4 0.4 0.4 0.4 0.4 0.4 0.4 0.4 0.4 0.4 0.4 0.4 0.4 0.4 0.4 0.4 0.4 0.4 0.4 0.4 0.4 0.4 0.4 0.4 0.4 0.4 0.4 0.4 0.4 0.4 0.4 0.4 0.4 0.4 0.4 0.4 0.4 0.4 0.4 0.4 0.4 0.4 0.4 0.4 0.4 0.4 0.4 0.4 0.4 0.4 0.4 0.4 0.4 0.4 0.4 0.4 0.4 0.4 0.4 0.4 0.4 0.4 0.4 0.4 0.4 0.4 0.4 0.4 0.4 0.4 0.4 0.4 0.4 0.4 0.4 0.4 0.4 0.4 0.4 0.4 0.4 0.4 0.4 0.4 0.4 0.4 0.4 0.4 0.4 0.4 0.4 0.4 0.4 0.4 0.4 0.4 0.4 0.4 0.4 0.4 0.4 0.4 0.4 0.4 0.4 0.4 0.4 0.4 0.4 0.4 0.4 0.4 0.4 0.4 0.4 0.4 0.4 0.4 0.4 0.4 0.4 0.4 0.4 0.4 0.4 0.4 0.4 0.4 0.4 0.4 0.4 0.4 0.4 0.4 0.4 0.4 0.4 0.4 0.4 0.4 0.4 0.4 0.4 0.4 0.4 0.4 0.4 0.4 0.4 0.4 0.4 0.4 0.4 0.4 0.4 0.4 0.4 0.4 0.4 0.4 0.4 0.4 0.4 0.4 0.4 0.4 0.4 0.4 0.4 0.4 0.4 0.4 0.4 0.4 0.4 0.4 0.4 0.4 0.4 0.4 0.4 0.4 0.4 0.4 0.4 0.4 0.4 0.4 0.4 0.4 0.4 0.4 0.4 0.4 0.4 0.4 0.4 0.4 0.4 0.4 0.4 0.4 0.4 0.4 0.4 0.4 0.4 0.4 0.4 0.4 0.4 0.4 0.4 0.4 0.4 0.4 0.4 0.4 0.4 0.4 0.4 0.4 0.4 0.4 0.4 0.4 0.4 0.4 0.4 0.4 0.4 0.4 0.4 0.4 0.4 0.4 0.4 0.4 0.4 0.4 0.4 0.4 0.4 0.4 0.4 0.4 0.4 0.4 0.4 0.4 0.4 0.4 0.4 0.4 0.4 0.4 0.4 0.4 0.4 0.4 0.4 0.4 0.4 0.4 0.4 0.4 0.4 0.4 0.4 0.4 0.4 0.4 0.4 0.4 0.4 0.4 0.4 0.4 0.4 0.4 0.4 0.4 0.4 0.4 0.4 0.4 0.4 0.4 0.4 0.4 0.4 0.4 0.4 0.4 0.4 0.4 0.4 0.4 0.4 0.4 0.4 0.4 0.4 0.4 0.4 0.4 0.4 0.4 0.4 0.4 0.4 0.4 0.4 0.4 0.4 0.4 0.4 0.4 0.4 0.4 0.4 0.4 0.4 0.4 0.4 0.4 0.4 0.4 0.4 0.4 0.4 0.4 0.4 0.4 0.4 0.4 0.4 0.4 0.4 0.4 0.4 0.4 0.4 0.4 0.4 0.4 0.4 0.4 0.4 0.4 0.4 0.4 0.4 0.4 0.4 0.4 0.4 0.4 0.4 0.4 0.4 0.4 0.4 0.4 0.4 0.4 0.4 0.4 0.4 0.4 0.4 0.4 0.4 0.4 0.4 0.4 0.4 0.4 0.4 0.4 0.4 0.4 0.4 0.4 0.4 0.4 0.4 0.4 0.4 0.4 0.4 0.4 0.4 0.4 0.4 0.4 0.4 0.4 0.4 0.4 0.4 0.4 0.4 0.4 0.4 0.4 0.4 0.4 0.4 0.4 0.4 0.4 0.4 0.4 0.4 0.4 0.4 0.4 0.4 0.4 0.4 0.4 0.4 0.4 0.4 0.4 0.4 0.4 0.4 0.4 0.4 0.4 0.4 0.4 0.4 0.4 0.4 0.4 0.4 0.4 0.4 0.4 0.4 0.4 0.4 0.4 0.4 0.4 0.4 0.4 0.4 0.4 0.4 0.4 0.4 0.4 0.4 0.4 0.4 0.4 0.4 0.4 0.4 0.4 0.4 0.4 0.4 0.4 0.4 0.4 0.4 0.4 0.4 0.4 0.4 0.4 0.4 0.4 0.4 0.4 0.4 0.4 0.4 0.4 0.4 0.4 0.4 0.4 0.4 0.4 0.4 0.4 0.4 0.4 0.4 0.4 0.4 0.4 0.4 0.4 0.4 0.4 0.4 0.4 0.4 0.4 0.4 0.4 0.4 0.4 0.4 0.4 0.4 0.4 0.4 0.4 0.4 0.4 0.4 0.4 0.4 0.4 0.4 0.4 0.4 0.4 0.4 0.4 0.4 0.4 0.4 0.4 0.4 0.4 0.4 0.4 0.4 0.4 0.4 0.4 0.4 0.4 0.4 0.4 0.4 0.4 0.4 0.4 0.4 0.4 0.4 0.4 0.4 0.4 0.4 0.4 0.4 0.4 0.4 0.4 0.4 0.4 0.4 0.4 0.4 0.4 0.4 0.4 0.4 0.4 0.4 0.4 0.4 0.4 0.4 0.4 0.4 0.4 0.4 0.4 0.4 0.4 0.4 0.4 0.4 0.4 0.4 0.4 0.4 0.4 0.4 0.4 0.4 0.4 0.4 0.4 0.4 0.4 0.4 0.4 0.4 0.4 0.4 0.4 0.4 0.4 0.4 0.4 0.4 0.4 0.4 0.4 0.4 0.4 0.4 0.4 0.4 0.4 0.4 0.4 0.4 0.4 0.4 0.4 0.4 0.4 0.4 0.4 0.4 0.4 0.4 0.4 0.4 0.4 0.4 0.4 0.4 0.4 0.4 0.4 0.4 0.4 0.4 0.4 0.4 0.4 0.4 0.4 0.4 0.4 0.4 0.4 0.4 0.4 0.4 0.4 0.4 0.4 0.4 0.4 0.4 0.4 0.4 0.4 0.4 0.4 0.4 0.4 0.4 0.4 0.4 0.4 0.4 0.4 0.4 0.4 0.4 0.4 0.4 0.4 0.4 0.4 0.4 0.4 0.4 0.4 0.4 0.4 0.4 0.4 0.4 0.4 0.4 0.4 0.4 0.4 0.4 0.4 0.4 0.4 0.4 0.4 0.4 0.4 0.4 0.4 0.4 0.4 0.4 0.4 0.4 0.4 0.4 0.4 0.4 0.4 0.4 0.4 0.4 0.4 0.4 0.4 0.4 0.4 0.4 0.4 0.4 0.4 0.4 0.4 0.4 0.4 0.4 0.4 0.4 0.4 0.4 0.4 0.4 0.4 0.4 0.4 0.4 0.4 0.4 0.4 0.4 0.4 0.4 0.4 0.4 0.4 0.4 0.4 0.4 0.4 0.4 0.4 0.4 0.4 0.4 0.4 0.4 0.4 0.4 0.4 0.4 0.4 0.4 0.4 0.4 0.4 0.4 0.4 0.4 0.4 0.4 0.4 0.4 0.4 0.4 0.4 0.4 0.4 0.4 0.4 0.4 0.4 0.4 0.4 0.4 0.4 0.4 0.4 0.4 0.4 0.4 0.4 0.4 0.4 0.4 0.4 0.4 0.4 0.4 0.4 0.4 0.4 0.4 0.4 0.4 0.4 0.4 0.4 0.4 0.4 0.4 0.4 0.4 0.4 0.4 0.4 0.4 0.4 0.4 0.4 0.4 0.4 0.4 0.4 0.4 0.4 0.4 0.4 0.4 0.4 0.4 0.4 0.4 0.4 0.4 0.4 0.4 0.4 0.4 0.4 0.4 
0.409951 0.409951 0.409951 0.409951 0.409951 0.409951 0.409951 0.402913 0.409951 0.409951 0.409951 0.409951 0.409951 0.409951 0.409951 0.409951 0.409951 0.39 0.409951 0.409951 0.409951 0.409951 0.409951 0.409951 0.409951 0.409951 0.409951 0.39 0.409951 0.409951 0.409951 0.390024 0.409951 0.409951 0.409816 0.409951 0.409951 0.409951 0.409951 0.409951 0.409951 0.409863 0.409951 0.409951 0.39 0.409951 0.409951 0.409951 0.409951 0.409951 0.409951 0.409737 0.409951 0.409951 0.390001 0.409951 0.409951 0.409951 0.409951 0.409951 0.409951 0.409951 0.409951 0.409951 0.409951 0.409951 0.409951 0.409951 0.409951 0.409951 0.409951 0.409951 0.409951 0.409951 0.409951 0.409951 0.409951 0.409951 0.409951 0.409951 0.409951 0.409951 0.409951 0.409951 0.409951 0.409951 0.409951 0.409951 0.409951 0.409951 0.409951 0.409951 0.409951 0.409951 0.409951 0.409951 0.409951 0.390006 0.409951 0.409951 0.409951 0.409951 0.409951 0.409951 0.409951 0.409951 0.409951 0.409846 0.409951 0.409951 0.409951 0.409951 0.409951 0.409951 0.409951 0.409951 0.409951 0.39119 0.409951 0.409951 0.409951 0.390754 0.409951 0.409951 0.39 0.409951 0.409951 0.409951 0.409951 0.409951 0.409951 0.39 0.409951 0.409951 0.39 0.409951 0.409951 0.409951 0.409951 0.409951 0.409951 0.390031 0.409951 0.409951 0.408591 0.409951 0.409951 0.409951 0.409951 0.409951 0.409951 0.409951 0.409951 0.409951 0.409951 0.409951 0.409951 0.409951 0.409951 0.409951 0.409951 0.409951 0.409951 0.409951 0.409951 0.409951 0.409951 0.409951 0.409951 0.409951 0.409951 0.409951 0.409951 0.409951 0.409951 0.409951 0.409951 0.409951 0.409951 0.409951 0.409951 0.409951 0.409951 0.409951 0.409951 0.409951 0.409951 0.409329 0.409951 0.409951 0.409951 0.409951 0.409951 0.409951 0.409951 0.409951 0.409951 0.390007 0.409951 0.409951 0.409951 0.409951 0.409951 0.409951 0.409951 0.409951 0.409951 0.39 0.409951 0.409951 0.409951 0.39 0.409951 0.409951 0.39 0.409951 0.409951 0.409951 0.409951 0.409951 0.409951 0.391856 0.409951 0.409951 0.39 0.409951 0.409951 0.409951 0.409951 0.409951 0.409951 0.395538 0.409951 0.409951 0.39 0.409951 0.409951 0.409951 0.409951 0.409951 0.409951 0.409951 0.409951 0.409951 0.409951 0.409951 0.409951 0.409951 0.409951 0.409951 0.409951 0.409951 0.409951 0.409951 0.409951 0.409951 0.409951 0.409951 0.409951 0.409951 0.409951 0.409951 0.409951 0.409951 0.409951 0.409951 0.409951 0.409951 0.409951 0.409951 0.409951 0.409951 0.409951 0.409951 0.409951 0.409951 0.409951 0.390075 0.409951 0.409951 0.409951 0.409951 0.409951 0.409951 0.409951 0.409951 0.409951 0.391663 0.409951 0.409951 0.409951 0.409951 0.409951 0.409951 0.409951 0.409951 0.409951 0.405581 0.409951 0.409951 0.409951 0.409951 0.409951 0.409951 0.409951 0.409951 0.409951 0.39 0.409951 0.409951 0.409951 0.409951 0.409951 0.409951 0.409951 0.409951 0.409951 0.40881 0.409951 0.409951 0.409951 0.409951 0.409951 0.409951 0.409951 0.409951 0.409951 0.39 0.409951 0.409951 0.409951 0.409905 0.409951 0.409951 0.408937 0.409951 0.409951 0.409951 0.409951 0.409951 0.409951 0.39 0.409951 0.409951 0.409753 0.409951 0.409951 0.409951 0.409951 0.409951 0.409951 0.390017 0.409951 0.409951 0.39 0.409951 0.409951 0.409951 0.409951 0.409951 0.409951 0.409951 0.409951 0.409951 0.409951 0.409951 0.409951 0.409951 0.409951 0.409951 0.409951 0.409951 0.409951 0.409951 0.409951 0.409951 0.409951 0.409951 0.409951 0.409951 0.409951 0.409951 0.409951 0.409951 0.409951 0.409951 0.409951 0.409951 0.409951 0.409951 0.409951 0.409951 0.409951 0.409951 0.409951 0.409951 0.409951 0.409863 0.409951 0.409951 0.409951 0.409951 0.409951 0.409951 0.409951 0.409951 0.409951 0.39 0.409951 0.409951 0.409951 0.409951 0.409951 0.409951 0.409951 0.409951 0.409951 0.409402 0.409951 0.409951 0.409951 0.39 0.409951 0.409951 0.39507 0.409951 0.409951 0.409951 0.409951 0.409951 0.409951 0.392301 0.409951 0.409951 0.39 0.409951 0.409951 0.409951 0.409951 0.409951 0.409951 0.39 0.409951 0.409951 0.390001 0.409951 0.409951 0.409951 0.409951 0.409951 0.409951 0.409951 0.409951 0.409951 0.409951 0.409951 0.409951 0.409951 0.409951 0.409951 0.409951 0.409951 0.409951 0.409951 0.409951 0.409951 0.409951 0.409951 0.409951 0.409951 0.409951 0.409951 0.409951 0.409951 0.409951 0.409951 0.409951 0.409951 0.409951 0.409951 0.409951 0.409951 0.409951 0.409951 0.409951 0.409951 0.409951 0.403969 0.409951 0.409951 0.409951 0.409951 0.409951 0.409951 0.409951 0.409951 0.409951 0.39 0.409951 0.409951 0.409951 0.409951 0.409951 0.409951 0.409951 0.409951 0.409951 0.390029 0.409951 0.409951 0.409951 0.409468 0.409951 0.409951 0.390154 0.409951 0.409951 0.409951 0.409951 0.409951 0.409951 0.402636 0.409951 0.409951 0.391574 0.409951 0.409951 0.409951 0.409951 0.409951 0.409951 0.390002 0.409951 0.409951 0.390001 0.409951 0.409951 0.409951 0.409951 0.409951 0.409951 0.409951 0.409951 0.409951 0.409951 0.409951 0.409951 0.409951 0.409951 0.409951 0.409951 0.409951 0.409951 0.409951 0.409951 0.409951 0.409951 0.409951 0.409951 0.409951 0.409951 0.409951 0.409951 0.409951 0.409951 0.409951 0.409951 0.409951 0.409951 0.409951 0.409951 0.409951 0.409951 0.409951 0.409951 0.409951 0.409951 0.408741 0.409951 0.409951 0.409951 0.409951 0.409951 0.409951 0.409951 0.409951 0.409951 0.409871 0.409951 0.409951 0.409951 0.409951 0.409951 0.409951 0.409951 0.409951 0.409951 0.408591 0.409951 0.409951 0.409951 0.409951 0.409951 0.409951 0.409951 0.409951 0.409951 0.390001 0.409951 0.409951 0.409951 0.409951 0.409951 0.409951 0.409951 0.409951 0.409951 0.39 0.409951 0.409951 0.409951 0.409951 0.409951 0.409951 0.409951 0.409951 0.409951 0.39 0.409951 0.409951 0.409951 0.405581 0.409951 0.409951 0.407014 0.409951 0.409951 0.409951 0.409951 0.409951 0.409951 0.400599 0.409951 0.409951 0.405581 0.409951 0.409951 0.409951 0.409951 0.409951 0.409951 0.403969 0.409951 0.409951 0.409603 0.409951 0.409951 0.409951 0.409951 0.409951 0.409951 0.409951 0.409951 0.409951 0.409951 0.409951 0.409951 0.409951 0.409951 0.409951 0.409951 0.409951 0.409951 0.409951 0.409951 0.409951 0.409951 0.409951 0.409951 0.409951 0.409951 0.409951 0.409951 0.409951 0.409951 0.409951 0.409951 0.409951 0.409951 0.409951 0.409951 0.409951 0.409951 0.409951 0.409951 0.409951 0.409951 0.39002 0.409951 0.409951 0.409951 0.409951 0.409951 0.409951 0.409951 0.409951 0.409951 0.39 0.409951 0.409951 0.409951 0.409951 0.409951 0.409951 0.409951 0.409951 0.409951 0.39 0.409951 0.409951 0.409951 0.39 0.409951 0.409951 0.409498 0.409951 0.409951 0.409951 0.409951 0.409951 0.409951 0.39 0.409951 0.409951 0.409687 0.409951 0.409951 0.409951 0.409951 0.409951 0.409951 0.39463 0.409951 0.409951 0.39 0.409951 0.409951 0.409951 0.409951 0.409951 0.409951 0.409951 0.409951 0.409951 0.409951 0.409951 0.409951 0.409951 0.409951 0.409951 0.409951 0.409951 0.409951 0.409951 0.409951 0.409951 0.409951 0.409951 0.409951 0.409951 0.409951 0.409951 0.409951 0.409951 0.409951 0.409951 0.409951 0.409951 0.409951 0.409951 0.409951 0.409951 0.409951 0.409951 0.409951 0.409951 0.409951 0.39 0.409951 0.409951 0.409951 0.409951 0.409951 0.409951 0.409951 0.409951 0.409951 0.409855 0.409951 0.409951 0.409951 0.409951 0.409951 0.409951 0.409951 0.409951 0.409951 0.390532 0.409951 0.409951 0.409951 0.39 0.409951 0.409951 0.390014 0.409951 0.409951 0.409951 0.409951 0.409951 0.409951 0.390005 0.409951 0.409951 0.4003 0.409951 0.409951 0.409951 0.409951 0.409951 0.409951 0.409827 0.409951 0.409951 0.390029 0.409951 0.409951 0.409951 0.409951 0.409951 0.409951 0.409951 0.409951 0.409951 0.409951 0.409951 0.409951 0.409951 0.409951 0.409951 0.409951 0.409951 0.409951 0.409951 0.409951 0.409951 0.409951 0.409951 0.409951 0.409951 0.409951 0.409951 0.409951 0.409951 0.409951 0.409951 0.409951 0.409951 0.409951 0.409951 0.409951 0.409951 0.409951 0.409951 0.409951 0.409951 0.409951 0.390799 0.409951 0.409951 0.409951 0.409951 0.409951 0.409951 0.409951 0.409951 0.409951 0.408668 0.409951 0.409951 0.409951 0.409951 0.409951 0.409951 0.409951 0.409951 0.409951 0.409554 0.409951 0.409951 
0.419901 0.419901 0.419901 0.419901 0.419901 0.419901 0.419901 0.403811 0.419901 0.419901 0.419901 0.419901 0.419901 0.419901 0.419901 0.419901 0.419901 0.38 0.419901 0.419901 0.419901 0.419901 0.419901 0.419901 0.419901 0.419901 0.419901 0.38 0.419901 0.419901 0.419901 0.38012 0.419901 0.419901 0.419731 0.419901 0.419901 0.419901 0.419901 0.419901 0.419901 0.419774 0.419901 0.419901 0.38 0.419901 0.419901 0.419901 0.419901 0.419901 0.419901 0.419291 0.419901 0.419901 0.380002 0.419901 0.419901 0.419901 0.419901 0.419901 0.419901 0.419901 0.419901 0.419901 0.419901 0.419901 0.419901 0.419901 0.419901 0.419901 0.419901 0.419901 0.419901 0.419901 0.419901 0.419901 0.419901 0.419901 0.419901 0.419901 0.419901 0.419901 0.419901 0.419901 0.419901 0.419901 0.419901 0.419901 0.419901 0.419901 0.419901 0.419901 0.419901 0.419901 0.419901 0.419901 0.419901 0.380012 0.419901 0.419901 0.419901 0.419901 0.419901 0.419901 0.419901 0.419901 0.419901 0.419626 0.419901 0.419901 0.419901 0.419901 0.419901 0.419901 0.419901 0.419901 0.419901 0.38315 0.419901 0.419901 0.419901 0.381256 0.419901 0.419901 0.38 0.419901 0.419901 0.419901 0.419901 0.419901 0.419901 0.38 0.419901 0.419901 0.38 0.419901 0.419901 0.419901 0.419901 0.419901 0.419901 0.380063 0.419901 0.419901 0.41629 0.419901 0.419901 0.419901 0.419901 0.419901 0.419901 0.419901 0.419901 0.419901 0.419901 0.419901 0.419901 0.419901 0.419901 0.419901 0.419901 0.419901 0.419901 0.419901 0.419901 0.419901 0.419901 0.419901 0.419901 0.419901 0.419901 0.419901 0.419901 0.419901 0.419901 0.419901 0.419901 0.419901 0.419901 0.419901 0.419901 0.419901 0.419901 0.419901 0.419901 0.419901 0.419901 0.41853 0.419901 0.419901 0.419901 0.419901 0.419901 0.419901 0.419901 0.419901 0.419901 0.380021 0.419901 0.419901 0.419901 0.419901 0.419901 0.419901 0.419901 0.419901 0.419901 0.380001 0.419901 0.419901 0.419901 0.38 0.419901 0.419901 0.38 0.419901 0.419901 0.419901 0.419901 0.419901 0.419901 0.383345 0.419901 0.419901 0.38 0.419901 0.419901 0.419901 0.419901 0.419901 0.419901 0.391568 0.419901 0.419901 0.38 0.419901 0.419901 0.419901 0.419901 0.419901 0.419901 0.419901 0.419901 0.419901 0.419901 0.419901 0.419901 0.419901 0.419901 0.419901 0.419901 0.419901 0.419901 0.419901 0.419901 0.419901 0.419901 0.419901 0.419901 0.419901 0.419901 0.419901 0.419901 0.419901 0.419901 0.419901 0.419901 0.419901 0.419901 0.419901 0.419901 0.419901 0.419901 0.419901 0.419901 0.419901 0.419901 0.380212 0.419901 0.419901 0.419901 0.419901 0.419901 0.419901 0.419901 0.419901 0.419901 0.385312 0.419901 0.419901 0.419901 0.419901 0.419901 0.419901 0.419901 0.419901 0.419901 0.412886 0.419901 0.419901 0.419901 0.419901 0.419901 0.419901 0.419901 0.419901 0.419901 0.38 0.419901 0.419901 0.419901 0.419901 0.419901 0.419901 0.419901 0.419901 0.419901 0.416741 0.419901 0.419901 0.419901 0.419901 0.419901 0.419901 0.419901 0.419901 0.419901 0.38 0.419901 0.419901 0.419901 0.41979 0.419901 0.419901 0.417448 0.419901 0.419901 0.419901 0.419901 0.419901 0.419901 0.38 0.419901 0.419901 0.419533 0.419901 0.419901 0.419901 0.419901 0.419901 0.419901 0.380034 0.419901 0.419901 0.38 0.419901 0.419901 0.419901 0.419901 0.419901 0.419901 0.419901 0.419901 0.419901 0.419901 0.419901 0.419901 0.419901 0.419901 0.419901 0.419901 0.419901 0.419901 0.419901 0.419901 0.419901 0.419901 0.419901 0.419901 0.419901 0.419901 0.419901 0.419901 0.419901 0.419901 0.419901 0.419901 0.419901 0.419901 0.419901 0.419901 0.419901 0.419901 0.419901 0.419901 0.419901 0.419901 0.419644 0.419901 0.419901 0.419901 0.419901 0.419901 0.419901 0.419901 0.419901 0.419901 0.38 0.419901 0.419901 0.419901 0.419901 0.419901 0.419901 0.419901 0.419901 0.419901 0.418556 0.419901 0.419901 0.419901 0.38 0.419901 0.419901 0.398522 0.419901 0.419901 0.419901 0.419901 0.419901 0.419901 0.386931 0.419901 0.419901 0.38 0.419901 0.419901 0.419901 0.419901 0.419901 0.419901 0.38 0.419901 0.419901 0.380002 0.419901 0.419901 0.419901 0.419901 0.419901 0.419901 0.419901 0.419901 0.419901 0.419901 0.419901 0.419901 0.419901 0.419901 0.419901 0.419901 0.419901 0.419901 0.419901 0.419901 0.419901 0.419901 0.419901 0.419901 0.419901 0.419901 0.419901 0.419901 0.419901 0.419901 0.419901 0.419901 0.419901 0.419901 0.419901 0.419901 0.419901 0.419901 0.419901 0.419901 0.419901 0.419901 0.409123 0.419901 0.419901 0.419901 0.419901 0.419901 0.419901 0.419901 0.419901 0.419901 0.38 0.419901 0.419901 0.419901 0.419901 0.419901 0.419901 0.419901 0.419901 0.419901 0.380045 0.419901 0.419901 0.419901 0.419094 0.419901 0.419901 0.380449 0.419901 0.419901 0.419901 0.419901 0.419901 0.419901 0.399723 0.419901 0.419901 0.383642 0.419901 0.419901 0.419901 0.419901 0.419901 0.419901 0.380004 0.419901 0.419901 0.380002 0.419901 0.419901 0.419901 0.419901 0.419901 0.419901 0.419901 0.419901 0.419901 0.419901 0.419901 0.419901 0.419901 0.419901 0.419901 0.419901 0.419901 0.419901 0.419901 0.419901 0.419901 0.419901 0.419901 0.419901 0.419901 0.419901 0.419901 0.419901 0.419901 0.419901 0.419901 0.419901 0.419901 0.419901 0.419901 0.419901 0.419901 0.419901 0.419901 0.419901 0.419901 0.419901 0.417942 0.419901 0.419901 0.419901 0.419901 0.419901 0.419901 0.419901 0.419901 0.419901 0.419708 0.419901 0.419901 0.419901 0.419901 0.419901 0.419901 0.419901 0.419901 0.419901 0.418118 0.419901 0.419901 0.419901 0.419901 0.419901 0.419901 0.419901 0.419901 0.419901 0.380004 0.419901 0.419901 0.419901 0.419901 0.419901 0.419901 0.419901 0.419901 0.419901 0.38 0.419901 0.419901 0.419901 0.419901 0.419901 0.419901 0.419901 0.419901 0.419901 0.38 0.419901 0.419901 0.419901 0.409033 0.419901 0.419901 0.409927 0.419901 0.419901 0.419901 0.419901 0.419901 0.419901 0.404051 0.419901 0.419901 0.40765 0.419901 0.419901 0.419901 0.419901 0.419901 0.419901 0.405164 0.419901 0.419901 0.419325 0.419901 0.419901 0.419901 0.419901 0.419901 0.419901 0.419901 0.419901 0.419901 0.419901 0.419901 0.419901 0.419901 0.419901 0.419901 0.419901 0.419901 0.419901 0.419901 0.419901 0.419901 0.419901 0.419901 0.419901 0.419901 0.419901 0.419901 0.419901 0.419901 0.419901 0.419901 0.419901 0.419901 0.419901 0.419901 0.419901 0.419901 0.419901 0.419901 0.419901 0.419901 0.419901 0.380064 0.419901 0.419901 0.419901 0.419901 0.419901 0.419901 0.419901 0.419901 0.419901 0.38 0.419901 0.419901 0.419901 0.419901 0.419901 0.419901 0.419901 0.419901 0.419901 0.38 0.419901 0.419901 0.419901 0.38 0.419901 0.419901 0.418997 0.419901 0.419901 0.419901 0.419901 0.419901 0.419901 0.38 0.419901 0.419901 0.419453 0.419901 0.419901 0.419901 0.419901 0.419901 0.419901 0.387616 0.419901 0.419901 0.380001 0.419901 0.419901 0.419901 0.419901 0.419901 0.419901 0.419901 0.419901 0.419901 0.419901 0.419901 0.419901 0.419901 0.419901 0.419901 0.419901 0.419901 0.419901 0.419901 0.419901 0.419901 0.419901 0.419901 0.419901 0.419901 0.419901 0.419901 0.419901 0.419901 0.419901 0.419901 0.419901 0.419901 0.419901 0.419901 0.419901 0.419901 0.419901 0.419901 0.419901 0.419901 0.419901 0.38 0.419901 0.419901 0.419901 0.419901 0.419901 0.419901 0.419901 0.419901 0.419901 0.419648 0.419901 0.419901 0.419901 0.419901 0.419901 0.419901 0.419901 0.419901 0.419901 0.38113 0.419901 0.419901 0.419901 0.38 0.419901 0.419901 0.380019 0.419901 0.419901 0.419901 0.419901 0.419901 0.419901 0.380005 0.419901 0.419901 0.39537 0.419901 0.419901 0.419901 0.419901 0.419901 0.419901 0.41962 0.419901 0.419901 0.380068 0.419901 0.419901 0.419901 0.419901 0.419901 0.419901 0.419901 0.419901 0.419901 0.419901 0.419901 0.419901 0.419901 0.419901 0.419901 0.419901 0.419901 0.419901 0.419901 0.419901 0.419901 0.419901 0.419901 0.419901 0.419901 0.419901 0.419901 0.419901 0.419901 0.419901 0.419901 0.419901 0.419901 0.419901 0.419901 0.419901 0.419901 0.419901 0.419901 0.419901 0.419901 0.419901 0.381173 0.419901 0.419901 0.419901 0.419901 0.419901 0.419901 0.419901 0.419901 0.419901 0.416366 0.419901 0.419901 0.419901 0.419901 0.419901 0.419901 0.419901 0.419901 0.419901 0.419133 0.419901 0.419901 
0.429852 0.429852 0.429852 0.429852 0.429852 0.429852 0.429852 0.40588 0.429852 0.429852 0.429852 0.429852 0.429852 0.429852 0.429852 0.429852 0.429852 0.37 0.429852 0.429852 0.429852 0.429852 0.429852 0.429852 0.429852 0.429852 0.429852 0.370002 0.429852 0.429852 0.429852 0.370137 0.429852 0.429852 0.42963 0.429852 0.429852 0.429852 0.429852 0.429852 0.429852 0.429666 0.429852 0.429852 0.37 0.429852 0.429852 0.429852 0.429852 0.429852 0.429852 0.428978 0.429852 0.429852 0.370003 0.429852 0.429852 0.429852 0.429852 0.429852 0.429852 0.429852 0.429852 0.429852 0.429852 0.429852 0.429852 0.429852 0.429852 0.429852 0.429852 0.429852 0.429852 0.429852 0.429852 0.429852 0.429852 0.429852 0.429852 0.429852 0.429852 0.429852 0.429852 0.429852 0.429852 0.429852 0.429852 0.429852 0.429852 0.429852 0.429852 0.429852 0.429852 0.429852 0.429852 0.429852 0.429852 0.370017 0.429852 0.429852 0.429852 0.429852 0.429852 0.429852 0.429852 0.429852 0.429852 0.429443 0.429852 0.429852 0.429852 0.429852 0.429852 0.429852 0.429852 0.429852 0.429852 0.377366 0.429852 0.429852 0.429852 0.372745 0.429852 0.429852 0.37 0.429852 0.429852 0.429852 0.429852 0.429852 0.429852 0.37 0.429852 0.429852 0.37 0.429852 0.429852 0.429852 0.429852 0.429852 0.429852 0.370076 0.429852 0.429852 0.423304 0.429852 0.429852 0.429852 0.429852 0.429852 0.429852 0.429852 0.429852 0.429852 0.429852 0.429852 0.429852 0.429852 0.429852 0.429852 0.429852 0.429852 0.429852 0.429852 0.429852 0.429852 0.429852 0.429852 0.429852 0.429852 0.429852 0.429852 0.429852 0.429852 0.429852 0.429852 0.429852 0.429852 0.429852 0.429852 0.429852 0.429852 0.429852 0.429852 0.429852 0.429852 0.429852 0.428297 0.429852 0.429852 0.429852 0.429852 0.429852 0.429852 0.429852 0.429852 0.429852 0.370027 0.429852 0.429852 0.429852 0.429852 0.429852 0.429852 0.429852 0.429852 0.429852 0.370001 0.429852 0.429852 0.429852 0.37 0.429852 0.429852 0.37 0.429852 0.429852 0.429852 0.429852 0.429852 0.429852 0.374605 0.429852 0.429852 0.37 0.429852 0.429852 0.429852 0.429852 0.429852 0.429852 0.393057 0.429852 0.429852 0.37 0.429852 0.429852 0.429852 0.429852 0.429852 0.429852 0.429852 0.429852 0.429852 0.429852 0.429852 0.429852 0.429852 0.429852 0.429852 0.429852 0.429852 0.429852 0.429852 0.429852 0.429852 0.429852 0.429852 0.429852 0.429852 0.429852 0.429852 0.429852 0.429852 0.429852 0.429852 0.429852 0.429852 0.429852 0.429852 0.429852 0.429852 0.429852 0.429852 0.429852 0.429852 0.429852 0.370283 0.429852 0.429852 0.429852 0.429852 0.429852 0.429852 0.429852 0.429852 0.429852 0.37896 0.429852 0.429852 0.429852 0.429852 0.429852 0.429852 0.429852 0.429852 0.429852 0.42046 0.429852 0.429852 0.429852 0.429852 0.429852 0.429852 0.429852 0.429852 0.429852 0.37 0.429852 0.429852 0.429852 0.429852 0.429852 0.429852 0.429852 0.429852 0.429852 0.425616 0.429852 0.429852 0.429852 0.429852 0.429852 0.429852 0.429852 0.429852 0.429852 0.37 0.429852 0.429852 0.429852 0.429669 0.429852 0.429852 0.426649 0.429852 0.429852 0.429852 0.429852 0.429852 0.429852 0.37 0.429852 0.429852 0.429313 0.429852 0.429852 0.429852 0.429852 0.429852 0.429852 0.370056 0.429852 0.429852 0.37 0.429852 0.429852 0.429852 0.429852 0.429852 0.429852 0.429852 0.429852 0.429852 0.429852 0.429852 0.429852 0.429852 0.429852 0.429852 0.429852 0.429852 0.429852 0.429852 0.429852 0.429852 0.429852 0.429852 0.429852 0.429852 0.429852 0.429852 0.429852 0.429852 0.429852 0.429852 0.429852 0.429852 0.429852 0.429852 0.429852 0.429852 0.429852 0.429852 0.429852 0.429852 0.429852 0.429515 0.429852 0.429852 0.429852 0.429852 0.429852 0.429852 0.429852 0.429852 0.429852 0.37 0.429852 0.429852 0.429852 0.429852 0.429852 0.429852 0.429852 0.429852 0.429852 0.427431 0.429852 0.429852 0.429852 0.37 0.429852 0.429852 0.405965 0.429852 0.429852 0.429852 0.429852 0.429852 0.429852 0.379917 0.429852 0.429852 0.37 0.429852 0.429852 0.429852 0.429852 0.429852 0.429852 0.37 0.429852 0.429852 0.370002 0.429852 0.429852 0.429852 0.429852 0.429852 0.429852 0.429852 0.429852 0.429852 0.429852 0.429852 0.429852 0.429852 0.429852 0.429852 0.429852 0.429852 0.429852 0.429852 0.429852 0.429852 0.429852 0.429852 0.429852 0.429852 0.429852 0.429852 0.429852 0.429852 0.429852 0.429852 0.429852 0.429852 0.429852 0.429852 0.429852 0.429852 0.429852 0.429852 0.429852 0.429852 0.429852 0.405938 0.429852 0.429852 0.429852 0.429852 0.429852 0.429852 0.429852 0.429852 0.429852 0.37 0.429852 0.429852 0.429852 0.429852 0.429852 0.429852 0.429852 0.429852 0.429852 0.370058 0.429852 0.429852 0.429852 0.428697 0.429852 0.429852 0.370603 0.429852 0.429852 0.429852 0.429852 0.429852 0.429852 0.392709 0.429852 0.429852 0.378943 0.429852 0.429852 0.429852 0.429852 0.429852 0.429852 0.370004 0.429852 0.429852 0.370004 0.429852 0.429852 0.429852 0.429852 0.429852 0.429852 0.429852 0.429852 0.429852 0.429852 0.429852 0.429852 0.429852 0.429852 0.429852 0.429852 0.429852 0.429852 0.429852 0.429852 0.429852 0.429852 0.429852 0.429852 0.429852 0.429852 0.429852 0.429852 0.429852 0.429852 0.429852 0.429852 0.429852 0.429852 0.429852 0.429852 0.429852 0.429852 0.429852 0.429852 0.429852 0.429852 0.426086 0.429852 0.429852 0.429852 0.429852 0.429852 0.429852 0.429852 0.429852 0.429852 0.429554 0.429852 0.429852 0.429852 0.429852 0.429852 0.429852 0.429852 0.429852 0.429852 0.427407 0.429852 0.429852 0.429852 0.429852 0.429852 0.429852 0.429852 0.429852 0.429852 0.370009 0.429852 0.429852 0.429852 0.429852 0.429852 0.429852 0.429852 0.429852 0.429852 0.37 0.429852 0.429852 0.429852 0.429852 0.429852 0.429852 0.429852 0.429852 0.429852 0.37 0.429852 0.429852 0.429852 0.411946 0.429852 0.429852 0.416096 0.429852 0.429852 0.429852 0.429852 0.429852 0.429852 0.400866 0.429852 0.429852 0.409139 0.429852 0.429852 0.429852 0.429852 0.429852 0.429852 0.405463 0.429852 0.429852 0.429011 0.429852 0.429852 0.429852 0.429852 0.429852 0.429852 0.429852 0.429852 0.429852 0.429852 0.429852 0.429852 0.429852 0.429852 0.429852 0.429852 0.429852 0.429852 0.429852 0.429852 0.429852 0.429852 0.429852 0.429852 0.429852 0.429852 0.429852 0.429852 0.429852 0.429852 0.429852 0.429852 0.429852 0.429852 0.429852 0.429852 0.429852 0.429852 0.429852 0.429852 0.429852 0.429852 0.370108 0.429852 0.429852 0.429852 0.429852 0.429852 0.429852 0.429852 0.429852 0.429852 0.37 0.429852 0.429852 0.429852 0.429852 0.429852 0.429852 0.429852 0.429852 0.429852 0.37 0.429852 0.429852 0.429852 0.37 0.429852 0.429852 0.428495 0.429852 0.429852 0.429852 0.429852 0.429852 0.429852 0.37 0.429852 0.429852 0.429121 0.429852 0.429852 0.429852 0.429852 0.429852 0.429852 0.385261 0.429852 0.429852 0.370001 0.429852 0.429852 0.429852 0.429852 0.429852 0.429852 0.429852 0.429852 0.429852 0.429852 0.429852 0.429852 0.429852 0.429852 0.429852 0.429852 0.429852 0.429852 0.429852 0.429852 0.429852 0.429852 0.429852 0.429852 0.429852 0.429852 0.429852 0.429852 0.429852 0.429852 0.429852 0.429852 0.429852 0.429852 0.429852 0.429852 0.429852 0.429852 0.429852 0.429852 0.429852 0.429852 0.37 0.429852 0.429852 0.429852 0.429852 0.429852 0.429852 0.429852 0.429852 0.429852 0.429503 0.429852 0.429852 0.429852 0.429852 0.429852 0.429852 0.429852 0.429852 0.429852 0.371303 0.429852 0.429852 0.429852 0.37 0.429852 0.429852 0.370021 0.429852 0.429852 0.429852 0.429852 0.429852 0.429852 0.37001 0.429852 0.429852 0.393881 0.429852 0.429852 0.429852 0.429852 0.429852 0.429852 0.429436 0.429852 0.429852 0.370095 0.429852 0.429852 0.429852 0.429852 0.429852 0.429852 0.429852 0.429852 0.429852 0.429852 0.429852 0.429852 0.429852 0.429852 0.429852 0.429852 0.429852 0.429852 0.429852 0.429852 0.429852 0.429852 0.429852 0.429852 0.429852 0.429852 0.429852 0.429852 0.429852 0.429852 0.429852 0.429852 0.429852 0.429852 0.429852 0.429852 0.429852 0.429852 0.429852 0.429852 0.429852 0.429852 0.373474 0.429852 0.429852 0.429852 0.429852 0.429852 0.429852 0.429852 0.429852 0.429852 0.424958 0.429852 0.429852 0.429852 0.429852 0.429852 0.429852 0.429852 0.429852 0.429852 0.428601 0.429852 0.429852 
0.439802 0.439802 0.439802 0.439802 0.439802 0.439802 0.439802 0.404392 0.439802 0.439802 0.439802 0.439802 0.439802 0.439802 0.439802 0.439802 0.439802 0.36 0.439802 0.439802 0.439802 0.439802 0.439802 0.439802 0.439802 0.439802 0.439802 0.360002 0.439802 0.439802 0.439802 0.360179 0.439802 0.439802 0.43954 0.439802 0.439802 0.439802 0.439802 0.439802 0.439802 0.439581 0.439802 0.439802 0.36 0.439802 0.439802 0.439802 0.439802 0.439802 0.439802 0.438505 0.439802 0.439802 0.360003 0.439802 0.439802 0.439802 0.439802 0.439802 0.439802 0.439802 0.439802 0.439802 0.439802 0.439802 0.439802 0.439802 0.439802 0.439802 0.439802 0.439802 0.439802 0.439802 0.439802 0.439802 0.439802 0.439802 0.439802 0.439802 0.439802 0.439802 0.439802 0.439802 0.439802 0.439802 0.439802 0.439802 0.439802 0.439802 0.439802 0.439802 0.439802 0.439802 0.439802 0.439802 0.439802 0.360037 0.439802 0.439802 0.439802 0.439802 0.439802 0.439802 0.439802 0.439802 0.439802 0.439129 0.439802 0.439802 0.439802 0.439802 0.439802 0.439802 0.439802 0.439802 0.439802 0.368626 0.439802 0.439802 0.439802 0.36387 0.439802 0.439802 0.36 0.439802 0.439802 0.439802 0.439802 0.439802 0.439802 0.36 0.439802 0.439802 0.36 0.439802 0.439802 0.439802 0.439802 0.439802 0.439802 0.360088 0.439802 0.439802 0.432241 0.439802 0.439802 0.439802 0.439802 0.439802 0.439802 0.439802 0.439802 0.439802 0.439802 0.439802 0.439802 0.439802 0.439802 0.439802 0.439802 0.439802 0.439802 0.439802 0.439802 0.439802 0.439802 0.439802 0.439802 0.439802 0.439802 0.439802 0.439802 0.439802 0.439802 0.439802 0.439802 0.439802 0.439802 0.439802 0.439802 0.439802 0.439802 0.439802 0.439802 0.439802 0.439802 0.437663 0.439802 0.439802 0.439802 0.439802 0.439802 0.439802 0.439802 0.439802 0.439802 0.360039 0.439802 0.439802 0.439802 0.439802 0.439802 0.439802 0.439802 0.439802 0.439802 0.360001 0.439802 0.439802 0.439802 0.36 0.439802 0.439802 0.36 0.439802 0.439802 0.439802 0.439802 0.439802 0.439802 0.366787 0.439802 0.439802 0.36 0.439802 0.439802 0.439802 0.439802 0.439802 0.439802 0.385894 0.439802 0.439802 0.36 0.439802 0.439802 0.439802 0.439802 0.439802 0.439802 0.439802 0.439802 0.439802 0.439802 0.439802 0.439802 0.439802 0.439802 0.439802 0.439802 0.439802 0.439802 0.439802 0.439802 0.439802 0.439802 0.439802 0.439802 0.439802 0.439802 0.439802 0.439802 0.439802 0.439802 0.439802 0.439802 0.439802 0.439802 0.439802 0.439802 0.439802 0.439802 0.439802 0.439802 0.439802 0.439802 0.360338 0.439802 0.439802 0.439802 0.439802 0.439802 0.439802 0.439802 0.439802 0.439802 0.371947 0.439802 0.439802 0.439802 0.439802 0.439802 0.439802 0.439802 0.439802 0.439802 0.427903 0.439802 0.439802 0.439802 0.439802 0.439802 0.439802 0.439802 0.439802 0.439802 0.36 0.439802 0.439802 0.439802 0.439802 0.439802 0.439802 0.439802 0.439802 0.439802 0.43263 0.439802 0.439802 0.439802 0.439802 0.439802 0.439802 0.439802 0.439802 0.439802 0.36 0.439802 0.439802 0.439802 0.439515 0.439802 0.439802 0.436228 0.439802 0.439802 0.439802 0.439802 0.439802 0.439802 0.36 0.439802 0.439802 0.439066 0.439802 0.439802 0.439802 0.439802 0.439802 0.439802 0.360083 0.439802 0.439802 0.36 0.439802 0.439802 0.439802 0.439802 0.439802 0.439802 0.439802 0.439802 0.439802 0.439802 0.439802 0.439802 0.439802 0.439802 0.439802 0.439802 0.439802 0.439802 0.439802 0.439802 0.439802 0.439802 0.439802 0.439802 0.439802 0.439802 0.439802 0.439802 0.439802 0.439802 0.439802 0.439802 0.439802 0.439802 0.439802 0.439802 0.439802 0.439802 0.439802 0.439802 0.439802 0.439802 0.43937 0.439802 0.439802 0.439802 0.439802 0.439802 0.439802 0.439802 0.439802 0.439802 0.36 0.439802 0.439802 0.439802 0.439802 0.439802 0.439802 0.439802 0.439802 0.439802 0.436834 0.439802 0.439802 0.439802 0.36 0.439802 0.439802 0.410428 0.439802 0.439802 0.439802 0.439802 0.439802 0.439802 0.371042 0.439802 0.439802 0.36 0.439802 0.439802 0.439802 0.439802 0.439802 0.439802 0.36 0.439802 0.439802 0.360003 0.439802 0.439802 0.439802 0.439802 0.439802 0.439802 0.439802 0.439802 0.439802 0.439802 0.439802 0.439802 0.439802 0.439802 0.439802 0.439802 0.439802 0.439802 0.439802 0.439802 0.439802 0.439802 0.439802 0.439802 0.439802 0.439802 0.439802 0.439802 0.439802 0.439802 0.439802 0.439802 0.439802 0.439802 0.439802 0.439802 0.439802 0.439802 0.439802 0.439802 0.439802 0.439802 0.40939 0.439802 0.439802 0.439802 0.439802 0.439802 0.439802 0.439802 0.439802 0.439802 0.36 0.439802 0.439802 0.439802 0.439802 0.439802 0.439802 0.439802 0.439802 0.439802 0.360072 0.439802 0.439802 0.439802 0.438251 0.439802 0.439802 0.360787 0.439802 0.439802 0.439802 0.439802 0.439802 0.439802 0.38849 0.439802 0.439802 0.370006 0.439802 0.439802 0.439802 0.439802 0.439802 0.439802 0.360006 0.439802 0.439802 0.360007 0.439802 0.439802 0.439802 0.439802 0.439802 0.439802 0.439802 0.439802 0.439802 0.439802 0.439802 0.439802 0.439802 0.439802 0.439802 0.439802 0.439802 0.439802 0.439802 0.439802 0.439802 0.439802 0.439802 0.439802 0.439802 0.439802 0.439802 0.439802 0.439802 0.439802 0.439802 0.439802 0.439802 0.439802 0.439802 0.439802 0.439802 0.439802 0.439802 0.439802 0.439802 0.439802 0.434018 0.439802 0.439802 0.439802 0.439802 0.439802 0.439802 0.439802 0.439802 0.439802 0.43937 0.439802 0.439802 0.439802 0.439802 0.439802 0.439802 0.439802 0.439802 0.439802 0.436773 0.439802 0.439802 0.439802 0.439802 0.439802 0.439802 0.439802 0.439802 0.439802 0.360011 0.439802 0.439802 0.439802 0.439802 0.439802 0.439802 0.439802 0.439802 0.439802 0.36 0.439802 0.439802 0.439802 0.439802 0.439802 0.439802 0.439802 0.439802 0.439802 0.36 0.439802 0.439802 0.439802 0.417526 0.439802 0.439802 0.420558 0.439802 0.439802 0.439802 0.439802 0.439802 0.439802 0.405796 0.439802 0.439802 0.412324 0.439802 0.439802 0.439802 0.439802 0.439802 0.439802 0.413037 0.439802 0.439802 0.438778 0.439802 0.439802 0.439802 0.439802 0.439802 0.439802 0.439802 0.439802 0.439802 0.439802 0.439802 0.439802 0.439802 0.439802 0.439802 0.439802 0.439802 0.439802 0.439802 0.439802 0.439802 0.439802 0.439802 0.439802 0.439802 0.439802 0.439802 0.439802 0.439802 0.439802 0.439802 0.439802 0.439802 0.439802 0.439802 0.439802 0.439802 0.439802 0.439802 0.439802 0.439802 0.439802 0.360209 0.439802 0.439802 0.439802 0.439802 0.439802 0.439802 0.439802 0.439802 0.439802 0.36 0.439802 0.439802 0.439802 0.439802 0.439802 0.439802 0.439802 0.439802 0.439802 0.36 0.439802 0.439802 0.439802 0.36 0.439802 0.439802 0.438074 0.439802 0.439802 0.439802 0.439802 0.439802 0.439802 0.36 0.439802 0.439802 0.438747 0.439802 0.439802 0.439802 0.439802 0.439802 0.439802 0.381292 0.439802 0.439802 0.360001 0.439802 0.439802 0.439802 0.439802 0.439802 0.439802 0.439802 0.439802 0.439802 0.439802 0.439802 0.439802 0.439802 0.439802 0.439802 0.439802 0.439802 0.439802 0.439802 0.439802 0.439802 0.439802 0.439802 0.439802 0.439802 0.439802 0.439802 0.439802 0.439802 0.439802 0.439802 0.439802 0.439802 0.439802 0.439802 0.439802 0.439802 0.439802 0.439802 0.439802 0.439802 0.439802 0.36 0.439802 0.439802 0.439802 0.439802 0.439802 0.439802 0.439802 0.439802 0.439802 0.439208 0.439802 0.439802 0.439802 0.439802 0.439802 0.439802 0.439802 0.439802 0.439802 0.361724 0.439802 0.439802 0.439802 0.36 0.439802 0.439802 0.360026 0.439802 0.439802 0.439802 0.439802 0.439802 0.439802 0.360014 0.439802 0.439802 0.393581 0.439802 0.439802 0.439802 0.439802 0.439802 0.439802 0.439282 0.439802 0.439802 0.360166 0.439802 0.439802 0.439802 0.439802 0.439802 0.439802 0.439802 0.439802 0.439802 0.439802 0.439802 0.439802 0.439802 0.439802 0.439802 0.439802 0.439802 0.439802 0.439802 0.439802 0.439802 0.439802 0.439802 0.439802 0.439802 0.439802 0.439802 0.439802 0.439802 0.439802 0.439802 0.439802 0.439802 0.439802 0.439802 0.439802 0.439802 0.439802 0.439802 0.439802 0.439802 0.439802 0.364963 0.439802 0.439802 0.439802 0.439802 0.439802 0.439802 0.439802 0.439802 0.439802 0.430741 0.439802 0.439802 0.439802 0.439802 0.439802 0.439802 0.439802 0.439802 0.439802 0.438155 0.439802 0.439802 
0.449753 0.449753 0.449753 0.449753 0.449753 0.449753 0.449753 0.406461 0.449753 0.449753 0.449753 0.449753 0.449753 0.449753 0.449753 0.449753 0.449753 0.35 0.449753 0.449753 0.449753 0.449753 0.449753 0.449753 0.449753 0.449753 0.449753 0.350003 0.449753 0.449753 0.449753 0.350238 0.449753 0.449753 0.44946 0.449753 0.449753 0.449753 0.449753 0.449753 0.449753 0.44948 0.449753 0.449753 0.35 0.449753 0.449753 0.449753 0.449753 0.449753 0.449753 0.448271 0.449753 0.449753 0.350004 0.449753 0.449753 0.449753 0.449753 0.449753 0.449753 0.449753 0.449753 0.449753 0.449753 0.449753 0.449753 0.449753 0.449753 0.449753 0.449753 0.449753 0.449753 0.449753 0.449753 0.449753 0.449753 0.449753 0.449753 0.449753 0.449753 0.449753 0.449753 0.449753 0.449753 0.449753 0.449753 0.449753 0.449753 0.449753 0.449753 0.449753 0.449753 0.449753 0.449753 0.449753 0.449753 0.350038 0.449753 0.449753 0.449753 0.449753 0.449753 0.449753 0.449753 0.449753 0.449753 0.448934 0.449753 0.449753 0.449753 0.449753 0.449753 0.449753 0.449753 0.449753 0.449753 0.362274 0.449753 0.449753 0.449753 0.354624 0.449753 0.449753 0.35 0.449753 0.449753 0.449753 0.449753 0.449753 0.449753 0.35 0.449753 0.449753 0.35 0.449753 0.449753 0.449753 0.449753 0.449753 0.449753 0.3501 0.449753 0.449753 0.440981 0.449753 0.449753 0.449753 0.449753 0.449753 0.449753 0.449753 0.449753 0.449753 0.449753 0.449753 0.449753 0.449753 0.449753 0.449753 0.449753 0.449753 0.449753 0.449753 0.449753 0.449753 0.449753 0.449753 0.449753 0.449753 0.449753 0.449753 0.449753 0.449753 0.449753 0.449753 0.449753 0.449753 0.449753 0.449753 0.449753 0.449753 0.449753 0.449753 0.449753 0.449753 0.449753 0.4471 0.449753 0.449753 0.449753 0.449753 0.449753 0.449753 0.449753 0.449753 0.449753 0.350047 0.449753 0.449753 0.449753 0.449753 0.449753 0.449753 0.449753 0.449753 0.449753 0.350001 0.449753 0.449753 0.449753 0.35 0.449753 0.449753 0.35 0.449753 0.449753 0.449753 0.449753 0.449753 0.449753 0.358195 0.449753 0.449753 0.35 0.449753 0.449753 0.449753 0.449753 0.449753 0.449753 0.381925 0.449753 0.449753 0.35 0.449753 0.449753 0.449753 0.449753 0.449753 0.449753 0.449753 0.449753 0.449753 0.449753 0.449753 0.449753 0.449753 0.449753 0.449753 0.449753 0.449753 0.449753 0.449753 0.449753 0.449753 0.449753 0.449753 0.449753 0.449753 0.449753 0.449753 0.449753 0.449753 0.449753 0.449753 0.449753 0.449753 0.449753 0.449753 0.449753 0.449753 0.449753 0.449753 0.449753 0.449753 0.449753 0.350452 0.449753 0.449753 0.449753 0.449753 0.449753 0.449753 0.449753 0.449753 0.449753 0.363279 0.449753 0.449753 0.449753 0.449753 0.449753 0.449753 0.449753 0.449753 0.449753 0.435477 0.449753 0.449753 0.449753 0.449753 0.449753 0.449753 0.449753 0.449753 0.449753 0.35 0.449753 0.449753 0.449753 0.449753 0.449753 0.449753 0.449753 0.449753 0.449753 0.439488 0.449753 0.449753 0.449753 0.449753 0.449753 0.449753 0.449753 0.449753 0.449753 0.35 0.449753 0.449753 0.449753 0.449401 0.449753 0.449753 0.445557 0.449753 0.449753 0.449753 0.449753 0.449753 0.449753 0.35 0.449753 0.449753 0.448882 0.449753 0.449753 0.449753 0.449753 0.449753 0.449753 0.350111 0.449753 0.449753 0.35 0.449753 0.449753 0.449753 0.449753 0.449753 0.449753 0.449753 0.449753 0.449753 0.449753 0.449753 0.449753 0.449753 0.449753 0.449753 0.449753 0.449753 0.449753 0.449753 0.449753 0.449753 0.449753 0.449753 0.449753 0.449753 0.449753 0.449753 0.449753 0.449753 0.449753 0.449753 0.449753 0.449753 0.449753 0.449753 0.449753 0.449753 0.449753 0.449753 0.449753 0.449753 0.449753 0.449092 0.449753 0.449753 0.449753 0.449753 0.449753 0.449753 0.449753 0.449753 0.449753 0.35 0.449753 0.449753 0.449753 0.449753 0.449753 0.449753 0.449753 0.449753 0.449753 0.445643 0.449753 0.449753 0.449753 0.35 0.449753 0.449753 0.414397 0.449753 0.449753 0.449753 0.449753 0.449753 0.449753 0.363599 0.449753 0.449753 0.35 0.449753 0.449753 0.449753 0.449753 0.449753 0.449753 0.35 0.449753 0.449753 0.350003 0.449753 0.449753 0.449753 0.449753 0.449753 0.449753 0.449753 0.449753 0.449753 0.449753 0.449753 0.449753 0.449753 0.449753 0.449753 0.449753 0.449753 0.449753 0.449753 0.449753 0.449753 0.449753 0.449753 0.449753 0.449753 0.449753 0.449753 0.449753 0.449753 0.449753 0.449753 0.449753 0.449753 0.449753 0.449753 0.449753 0.449753 0.449753 0.449753 0.449753 0.449753 0.449753 0.407609 0.449753 0.449753 0.449753 0.449753 0.449753 0.449753 0.449753 0.449753 0.449753 0.35 0.449753 0.449753 0.449753 0.449753 0.449753 0.449753 0.449753 0.449753 0.449753 0.35008 0.449753 0.449753 0.449753 0.447617 0.449753 0.449753 0.350854 0.449753 0.449753 0.449753 0.449753 0.449753 0.449753 0.38849 0.449753 0.449753 0.360902 0.449753 0.449753 0.449753 0.449753 0.449753 0.449753 0.350007 0.449753 0.449753 0.350009 0.449753 0.449753 0.449753 0.449753 0.449753 0.449753 0.449753 0.449753 0.449753 0.449753 0.449753 0.449753 0.449753 0.449753 0.449753 0.449753 0.449753 0.449753 0.449753 0.449753 0.449753 0.449753 0.449753 0.449753 0.449753 0.449753 0.449753 0.449753 0.449753 0.449753 0.449753 0.449753 0.449753 0.449753 0.449753 0.449753 0.449753 0.449753 0.449753 0.449753 0.449753 0.449753 0.443014 0.449753 0.449753 0.449753 0.449753 0.449753 0.449753 0.449753 0.449753 0.449753 0.449207 0.449753 0.449753 0.449753 0.449753 0.449753 0.449753 0.449753 0.449753 0.449753 0.44646 0.449753 0.449753 0.449753 0.449753 0.449753 0.449753 0.449753 0.449753 0.449753 0.350016 0.449753 0.449753 0.449753 0.449753 0.449753 0.449753 0.449753 0.449753 0.449753 0.35 0.449753 0.449753 0.449753 0.449753 0.449753 0.449753 0.449753 0.449753 0.449753 0.35 0.449753 0.449753 0.449753 0.420439 0.449753 0.449753 0.426538 0.449753 0.449753 0.449753 0.449753 0.449753 0.449753 0.405796 0.449753 0.449753 0.410543 0.449753 0.449753 0.449753 0.449753 0.449753 0.449753 0.417737 0.449753 0.449753 0.448332 0.449753 0.449753 0.449753 0.449753 0.449753 0.449753 0.449753 0.449753 0.449753 0.449753 0.449753 0.449753 0.449753 0.449753 0.449753 0.449753 0.449753 0.449753 0.449753 0.449753 0.449753 0.449753 0.449753 0.449753 0.449753 0.449753 0.449753 0.449753 0.449753 0.449753 0.449753 0.449753 0.449753 0.449753 0.449753 0.449753 0.449753 0.449753 0.449753 0.449753 0.449753 0.449753 0.350225 0.449753 0.449753 0.449753 0.449753 0.449753 0.449753 0.449753 0.449753 0.449753 0.35 0.449753 0.449753 0.449753 0.449753 0.449753 0.449753 0.449753 0.449753 0.449753 0.35 0.449753 0.449753 0.449753 0.35 0.449753 0.449753 0.447653 0.449753 0.449753 0.449753 0.449753 0.449753 0.449753 0.35 0.449753 0.449753 0.448484 0.449753 0.449753 0.449753 0.449753 0.449753 0.449753 0.377578 0.449753 0.449753 0.350002 0.449753 0.449753 0.449753 0.449753 0.449753 0.449753 0.449753 0.449753 0.449753 0.449753 0.449753 0.449753 0.449753 0.449753 0.449753 0.449753 0.449753 0.449753 0.449753 0.449753 0.449753 0.449753 0.449753 0.449753 0.449753 0.449753 0.449753 0.449753 0.449753 0.449753 0.449753 0.449753 0.449753 0.449753 0.449753 0.449753 0.449753 0.449753 0.449753 0.449753 0.449753 0.449753 0.35 0.449753 0.449753 0.449753 0.449753 0.449753 0.449753 0.449753 0.449753 0.449753 0.449044 0.449753 0.449753 0.449753 0.449753 0.449753 0.449753 0.449753 0.449753 0.449753 0.352225 0.449753 0.449753 0.449753 0.35 0.449753 0.449753 0.350033 0.449753 0.449753 0.449753 0.449753 0.449753 0.449753 0.350017 0.449753 0.449753 0.387798 0.449753 0.449753 0.449753 0.449753 0.449753 0.449753 0.449119 0.449753 0.449753 0.350218 0.449753 0.449753 0.449753 0.449753 0.449753 0.449753 0.449753 0.449753 0.449753 0.449753 0.449753 0.449753 0.449753 0.449753 0.449753 0.449753 0.449753 0.449753 0.449753 0.449753 0.449753 0.449753 0.449753 0.449753 0.449753 0.449753 0.449753 0.449753 0.449753 0.449753 0.449753 0.449753 0.449753 0.449753 0.449753 0.449753 0.449753 0.449753 0.449753 0.449753 0.449753 0.449753 0.355912 0.449753 0.449753 0.449753 0.449753 0.449753 0.449753 0.449753 0.449753 0.449753 0.439333 0.449753 0.449753 0.449753 0.449753 0.449753 0.449753 0.449753 0.449753 0.449753 0.44715 0.449753 0.449753 
0.459703 0.459703 0.459703 0.459703 0.459703 0.459703 0.459703 0.405862 0.459703 0.459703 0.459703 0.459703 0.459703 0.459703 0.459703 0.459703 0.459703 0.34 0.459703 0.459703 0.459703 0.459703 0.459703 0.459703 0.459703 0.459703 0.459703 0.340003 0.459703 0.459703 0.459703 0.340297 0.459703 0.459703 0.459332 0.459703 0.459703 0.459703 0.459703 0.459703 0.459703 0.4594 0.459703 0.459703 0.34 0.459703 0.459703 0.459703 0.459703 0.459703 0.459703 0.457958 0.459703 0.459703 0.340006 0.459703 0.459703 0.459703 0.459703 0.459703 0.459703 0.459703 0.459703 0.459703 0.459703 0.459703 0.459703 0.459703 0.459703 0.459703 0.459703 0.459703 0.459703 0.459703 0.459703 0.459703 0.459703 0.459703 0.459703 0.459703 0.459703 0.459703 0.459703 0.459703 0.459703 0.459703 0.459703 0.459703 0.459703 0.459703 0.459703 0.459703 0.459703 0.459703 0.459703 0.459703 0.459703 0.340043 0.459703 0.459703 0.459703 0.459703 0.459703 0.459703 0.459703 0.459703 0.459703 0.458687 0.459703 0.459703 0.459703 0.459703 0.459703 0.459703 0.459703 0.459703 0.459703 0.354831 0.459703 0.459703 0.459703 0.345956 0.459703 0.459703 0.34 0.459703 0.459703 0.459703 0.459703 0.459703 0.459703 0.34 0.459703 0.459703 0.34 0.459703 0.459703 0.459703 0.459703 0.459703 0.459703 0.340123 0.459703 0.459703 0.449918 0.459703 0.459703 0.459703 0.459703 0.459703 0.459703 0.459703 0.459703 0.459703 0.459703 0.459703 0.459703 0.459703 0.459703 0.459703 0.459703 0.459703 0.459703 0.459703 0.459703 0.459703 0.459703 0.459703 0.459703 0.459703 0.459703 0.459703 0.459703 0.459703 0.459703 0.459703 0.459703 0.459703 0.459703 0.459703 0.459703 0.459703 0.459703 0.459703 0.459703 0.459703 0.459703 0.456388 0.459703 0.459703 0.459703 0.459703 0.459703 0.459703 0.459703 0.459703 0.459703 0.340071 0.459703 0.459703 0.459703 0.459703 0.459703 0.459703 0.459703 0.459703 0.459703 0.340002 0.459703 0.459703 0.459703 0.34 0.459703 0.459703 0.34 0.459703 0.459703 0.459703 0.459703 0.459703 0.459703 0.351844 0.459703 0.459703 0.34 0.459703 0.459703 0.459703 0.459703 0.459703 0.459703 0.377956 0.459703 0.459703 0.34 0.459703 0.459703 0.459703 0.459703 0.459703 0.459703 0.459703 0.459703 0.459703 0.459703 0.459703 0.459703 0.459703 0.459703 0.459703 0.459703 0.459703 0.459703 0.459703 0.459703 0.459703 0.459703 0.459703 0.459703 0.459703 0.459703 0.459703 0.459703 0.459703 0.459703 0.459703 0.459703 0.459703 0.459703 0.459703 0.459703 0.459703 0.459703 0.459703 0.459703 0.459703 0.459703 0.340528 0.459703 0.459703 0.459703 0.459703 0.459703 0.459703 0.459703 0.459703 0.459703 0.355836 0.459703 0.459703 0.459703 0.459703 0.459703 0.459703 0.459703 0.459703 0.459703 0.442335 0.459703 0.459703 0.459703 0.459703 0.459703 0.459703 0.459703 0.459703 0.459703 0.34 0.459703 0.459703 0.459703 0.459703 0.459703 0.459703 0.459703 0.459703 0.459703 0.447632 0.459703 0.459703 0.459703 0.459703 0.459703 0.459703 0.459703 0.459703 0.459703 0.34 0.459703 0.459703 0.459703 0.459228 0.459703 0.459703 0.454758 0.459703 0.459703 0.459703 0.459703 0.459703 0.459703 0.34 0.459703 0.459703 0.458728 0.459703 0.459703 0.459703 0.459703 0.459703 0.459703 0.340122 0.459703 0.459703 0.34 0.459703 0.459703 0.459703 0.459703 0.459703 0.459703 0.459703 0.459703 0.459703 0.459703 0.459703 0.459703 0.459703 0.459703 0.459703 0.459703 0.459703 0.459703 0.459703 0.459703 0.459703 0.459703 0.459703 0.459703 0.459703 0.459703 0.459703 0.459703 0.459703 0.459703 0.459703 0.459703 0.459703 0.459703 0.459703 0.459703 0.459703 0.459703 0.459703 0.459703 0.459703 0.459703 0.458947 0.459703 0.459703 0.459703 0.459703 0.459703 0.459703 0.459703 0.459703 0.459703 0.34 0.459703 0.459703 0.459703 0.459703 0.459703 0.459703 0.459703 0.459703 0.459703 0.454311 0.459703 0.459703 0.459703 0.34 0.459703 0.459703 0.421093 0.459703 0.459703 0.459703 0.459703 0.459703 0.459703 0.355455 0.459703 0.459703 0.34 0.459703 0.459703 0.459703 0.459703 0.459703 0.459703 0.34 0.459703 0.459703 0.340004 0.459703 0.459703 0.459703 0.459703 0.459703 0.459703 0.459703 0.459703 0.459703 0.459703 0.459703 0.459703 0.459703 0.459703 0.459703 0.459703 0.459703 0.459703 0.459703 0.459703 0.459703 0.459703 0.459703 0.459703 0.459703 0.459703 0.459703 0.459703 0.459703 0.459703 0.459703 0.459703 0.459703 0.459703 0.459703 0.459703 0.459703 0.459703 0.459703 0.459703 0.459703 0.459703 0.408507 0.459703 0.459703 0.459703 0.459703 0.459703 0.459703 0.459703 0.459703 0.459703 0.34 0.459703 0.459703 0.459703 0.459703 0.459703 0.459703 0.459703 0.459703 0.459703 0.340091 0.459703 0.459703 0.459703 0.456613 0.459703 0.459703 0.340898 0.459703 0.459703 0.459703 0.459703 0.459703 0.459703 0.385038 0.459703 0.459703 0.354043 0.459703 0.459703 0.459703 0.459703 0.459703 0.459703 0.340008 0.459703 0.459703 0.340012 0.459703 0.459703 0.459703 0.459703 0.459703 0.459703 0.459703 0.459703 0.459703 0.459703 0.459703 0.459703 0.459703 0.459703 0.459703 0.459703 0.459703 0.459703 0.459703 0.459703 0.459703 0.459703 0.459703 0.459703 0.459703 0.459703 0.459703 0.459703 0.459703 0.459703 0.459703 0.459703 0.459703 0.459703 0.459703 0.459703 0.459703 0.459703 0.459703 0.459703 0.459703 0.459703 0.45144 0.459703 0.459703 0.459703 0.459703 0.459703 0.459703 0.459703 0.459703 0.459703 0.459062 0.459703 0.459703 0.459703 0.459703 0.459703 0.459703 0.459703 0.459703 0.459703 0.455614 0.459703 0.459703 0.459703 0.459703 0.459703 0.459703 0.459703 0.459703 0.459703 0.34002 0.459703 0.459703 0.459703 0.459703 0.459703 0.459703 0.459703 0.459703 0.459703 0.34 0.459703 0.459703 0.459703 0.459703 0.459703 0.459703 0.459703 0.459703 0.459703 0.34 0.459703 0.459703 0.459703 0.423892 0.459703 0.459703 0.430508 0.459703 0.459703 0.459703 0.459703 0.459703 0.459703 0.410015 0.459703 0.459703 0.415473 0.459703 0.459703 0.459703 0.459703 0.459703 0.459703 0.424264 0.459703 0.459703 0.457859 0.459703 0.459703 0.459703 0.459703 0.459703 0.459703 0.459703 0.459703 0.459703 0.459703 0.459703 0.459703 0.459703 0.459703 0.459703 0.459703 0.459703 0.459703 0.459703 0.459703 0.459703 0.459703 0.459703 0.459703 0.459703 0.459703 0.459703 0.459703 0.459703 0.459703 0.459703 0.459703 0.459703 0.459703 0.459703 0.459703 0.459703 0.459703 0.459703 0.459703 0.459703 0.459703 0.34037 0.459703 0.459703 0.459703 0.459703 0.459703 0.459703 0.459703 0.459703 0.459703 0.34 0.459703 0.459703 0.459703 0.459703 0.459703 0.459703 0.459703 0.459703 0.459703 0.34 0.459703 0.459703 0.459703 0.34 0.459703 0.459703 0.457391 0.459703 0.459703 0.459703 0.459703 0.459703 0.459703 0.34 0.459703 0.459703 0.458171 0.459703 0.459703 0.459703 0.459703 0.459703 0.459703 0.372424 0.459703 0.459703 0.340003 0.459703 0.459703 0.459703 0.459703 0.459703 0.459703 0.459703 0.459703 0.459703 0.459703 0.459703 0.459703 0.459703 0.459703 0.459703 0.459703 0.459703 0.459703 0.459703 0.459703 0.459703 0.459703 0.459703 0.459703 0.459703 0.459703 0.459703 0.459703 0.459703 0.459703 0.459703 0.459703 0.459703 0.459703 0.459703 0.459703 0.459703 0.459703 0.459703 0.459703 0.459703 0.459703 0.34 0.459703 0.459703 0.459703 0.459703 0.459703 0.459703 0.459703 0.459703 0.459703 0.458837 0.459703 0.459703 0.459703 0.459703 0.459703 0.459703 0.459703 0.459703 0.459703 0.3438 0.459703 0.459703 0.459703 0.34 0.459703 0.459703 0.340045 0.459703 0.459703 0.459703 0.459703 0.459703 0.459703 0.340021 0.459703 0.459703 0.388397 0.459703 0.459703 0.459703 0.459703 0.459703 0.459703 0.458886 0.459703 0.459703 0.340293 0.459703 0.459703 0.459703 0.459703 0.459703 0.459703 0.459703 0.459703 0.459703 0.459703 0.459703 0.459703 0.459703 0.459703 0.459703 0.459703 0.459703 0.459703 0.459703 0.459703 0.459703 0.459703 0.459703 0.459703 0.459703 0.459703 0.459703 0.459703 0.459703 0.459703 0.459703 0.459703 0.459703 0.459703 0.459703 0.459703 0.459703 0.459703 0.459703 0.459703 0.459703 0.459703 0.347171 0.459703 0.459703 0.459703 0.459703 0.459703 0.459703 0.459703 0.459703 0.459703 0.447265 0.459703 0.459703 0.459703 0.459703 0.459703 0.459703 0.459703 0.459703 0.459703 0.456146 0.459703 0.459703 
0.469654 0.469654 0.469654 0.469654 0.469654 0.469654 0.469654 0.408217 0.469654 0.469654 0.469654 0.469654 0.469654 0.469654 0.469654 0.469654 0.469654 0.33 0.469654 0.469654 0.469654 0.469654 0.469654 0.469654 0.469654 0.469654 0.469654 0.330003 0.469654 0.469654 0.469654 0.330347 0.469654 0.469654 0.469242 0.469654 0.469654 0.469654 0.469654 0.469654 0.469654 0.469293 0.469654 0.469654 0.33 0.469654 0.469654 0.469654 0.469654 0.469654 0.469654 0.467561 0.469654 0.469654 0.330007 0.469654 0.469654 0.469654 0.469654 0.469654 0.469654 0.469654 0.469654 0.469654 0.469654 0.469654 0.469654 0.469654 0.469654 0.469654 0.469654 0.469654 0.469654 0.469654 0.469654 0.469654 0.469654 0.469654 0.469654 0.469654 0.469654 0.469654 0.469654 0.469654 0.469654 0.469654 0.469654 0.469654 0.469654 0.469654 0.469654 0.469654 0.469654 0.469654 0.469654 0.469654 0.469654 0.330046 0.469654 0.469654 0.469654 0.469654 0.469654 0.469654 0.469654 0.469654 0.469654 0.468354 0.469654 0.469654 0.469654 0.469654 0.469654 0.469654 0.469654 0.469654 0.469654 0.346022 0.469654 0.469654 0.469654 0.337146 0.469654 0.469654 0.33 0.469654 0.469654 0.469654 0.469654 0.469654 0.469654 0.33 0.469654 0.469654 0.33 0.469654 0.469654 0.469654 0.469654 0.469654 0.469654 0.330137 0.469654 0.469654 0.457736 0.469654 0.469654 0.469654 0.469654 0.469654 0.469654 0.469654 0.469654 0.469654 0.469654 0.469654 0.469654 0.469654 0.469654 0.469654 0.469654 0.469654 0.469654 0.469654 0.469654 0.469654 0.469654 0.469654 0.469654 0.469654 0.469654 0.469654 0.469654 0.469654 0.469654 0.469654 0.469654 0.469654 0.469654 0.469654 0.469654 0.469654 0.469654 0.469654 0.469654 0.469654 0.469654 0.464899 0.469654 0.469654 0.469654 0.469654 0.469654 0.469654 0.469654 0.469654 0.469654 0.33008 0.469654 0.469654 0.469654 0.469654 0.469654 0.469654 0.469654 0.469654 0.469654 0.330002 0.469654 0.469654 0.469654 0.33 0.469654 0.469654 0.33 0.469654 0.469654 0.469654 0.469654 0.469654 0.469654 0.342848 0.469654 0.469654 0.33 0.469654 0.469654 0.469654 0.469654 0.469654 0.469654 0.371976 0.469654 0.469654 0.33 0.469654 0.469654 0.469654 0.469654 0.469654 0.469654 0.469654 0.469654 0.469654 0.469654 0.469654 0.469654 0.469654 0.469654 0.469654 0.469654 0.469654 0.469654 0.469654 0.469654 0.469654 0.469654 0.469654 0.469654 0.469654 0.469654 0.469654 0.469654 0.469654 0.469654 0.469654 0.469654 0.469654 0.469654 0.469654 0.469654 0.469654 0.469654 0.469654 0.469654 0.469654 0.469654 0.330656 0.469654 0.469654 0.469654 0.469654 0.469654 0.469654 0.469654 0.469654 0.469654 0.348978 0.469654 0.469654 0.469654 0.469654 0.469654 0.469654 0.469654 0.469654 0.469654 0.448862 0.469654 0.469654 0.469654 0.469654 0.469654 0.469654 0.469654 0.469654 0.469654 0.33 0.469654 0.469654 0.469654 0.469654 0.469654 0.469654 0.469654 0.469654 0.469654 0.454646 0.469654 0.469654 0.469654 0.469654 0.469654 0.469654 0.469654 0.469654 0.469654 0.33 0.469654 0.469654 0.469654 0.469065 0.469654 0.469654 0.463499 0.469654 0.469654 0.469654 0.469654 0.469654 0.469654 0.33 0.469654 0.469654 0.468555 0.469654 0.469654 0.469654 0.469654 0.469654 0.469654 0.330129 0.469654 0.469654 0.33 0.469654 0.469654 0.469654 0.469654 0.469654 0.469654 0.469654 0.469654 0.469654 0.469654 0.469654 0.469654 0.469654 0.469654 0.469654 0.469654 0.469654 0.469654 0.469654 0.469654 0.469654 0.469654 0.469654 0.469654 0.469654 0.469654 0.469654 0.469654 0.469654 0.469654 0.469654 0.469654 0.469654 0.469654 0.469654 0.469654 0.469654 0.469654 0.469654 0.469654 0.469654 0.469654 0.468752 0.469654 0.469654 0.469654 0.469654 0.469654 0.469654 0.469654 0.469654 0.469654 0.33 0.469654 0.469654 0.469654 0.469654 0.469654 0.469654 0.469654 0.469654 0.469654 0.462979 0.469654 0.469654 0.469654 0.33 0.469654 0.469654 0.426023 0.469654 0.469654 0.469654 0.469654 0.469654 0.469654 0.347119 0.469654 0.469654 0.33 0.469654 0.469654 0.469654 0.469654 0.469654 0.469654 0.33 0.469654 0.469654 0.330005 0.469654 0.469654 0.469654 0.469654 0.469654 0.469654 0.469654 0.469654 0.469654 0.469654 0.469654 0.469654 0.469654 0.469654 0.469654 0.469654 0.469654 0.469654 0.469654 0.469654 0.469654 0.469654 0.469654 0.469654 0.469654 0.469654 0.469654 0.469654 0.469654 0.469654 0.469654 0.469654 0.469654 0.469654 0.469654 0.469654 0.469654 0.469654 0.469654 0.469654 0.469654 0.469654 0.41222 0.469654 0.469654 0.469654 0.469654 0.469654 0.469654 0.469654 0.469654 0.469654 0.33 0.469654 0.469654 0.469654 0.469654 0.469654 0.469654 0.469654 0.469654 0.469654 0.330108 0.469654 0.469654 0.469654 0.46555 0.469654 0.469654 0.331034 0.469654 0.469654 0.469654 0.469654 0.469654 0.469654 0.379458 0.469654 0.469654 0.347348 0.469654 0.469654 0.469654 0.469654 0.469654 0.469654 0.33001 0.469654 0.469654 0.330018 0.469654 0.469654 0.469654 0.469654 0.469654 0.469654 0.469654 0.469654 0.469654 0.469654 0.469654 0.469654 0.469654 0.469654 0.469654 0.469654 0.469654 0.469654 0.469654 0.469654 0.469654 0.469654 0.469654 0.469654 0.469654 0.469654 0.469654 0.469654 0.469654 0.469654 0.469654 0.469654 0.469654 0.469654 0.469654 0.469654 0.469654 0.469654 0.469654 0.469654 0.469654 0.469654 0.459584 0.469654 0.469654 0.469654 0.469654 0.469654 0.469654 0.469654 0.469654 0.469654 0.468878 0.469654 0.469654 0.469654 0.469654 0.469654 0.469654 0.469654 0.469654 0.469654 0.464902 0.469654 0.469654 0.469654 0.469654 0.469654 0.469654 0.469654 0.469654 0.469654 0.330022 0.469654 0.469654 0.469654 0.469654 0.469654 0.469654 0.469654 0.469654 0.469654 0.33 0.469654 0.469654 0.469654 0.469654 0.469654 0.469654 0.469654 0.469654 0.469654 0.33 0.469654 0.469654 0.469654 0.431824 0.469654 0.469654 0.429908 0.469654 0.469654 0.469654 0.469654 0.469654 0.469654 0.409715 0.469654 0.469654 0.421825 0.469654 0.469654 0.469654 0.469654 0.469654 0.469654 0.427177 0.469654 0.469654 0.467563 0.469654 0.469654 0.469654 0.469654 0.469654 0.469654 0.469654 0.469654 0.469654 0.469654 0.469654 0.469654 0.469654 0.469654 0.469654 0.469654 0.469654 0.469654 0.469654 0.469654 0.469654 0.469654 0.469654 0.469654 0.469654 0.469654 0.469654 0.469654 0.469654 0.469654 0.469654 0.469654 0.469654 0.469654 0.469654 0.469654 0.469654 0.469654 0.469654 0.469654 0.469654 0.469654 0.330445 0.469654 0.469654 0.469654 0.469654 0.469654 0.469654 0.469654 0.469654 0.469654 0.33 0.469654 0.469654 0.469654 0.469654 0.469654 0.469654 0.469654 0.469654 0.469654 0.33 0.469654 0.469654 0.469654 0.33 0.469654 0.469654 0.467095 0.469654 0.469654 0.469654 0.469654 0.469654 0.469654 0.33 0.469654 0.469654 0.467818 0.469654 0.469654 0.469654 0.469654 0.469654 0.469654 0.372724 0.469654 0.469654 0.330003 0.469654 0.469654 0.469654 0.469654 0.469654 0.469654 0.469654 0.469654 0.469654 0.469654 0.469654 0.469654 0.469654 0.469654 0.469654 0.469654 0.469654 0.469654 0.469654 0.469654 0.469654 0.469654 0.469654 0.469654 0.469654 0.469654 0.469654 0.469654 0.469654 0.469654 0.469654 0.469654 0.469654 0.469654 0.469654 0.469654 0.469654 0.469654 0.469654 0.469654 0.469654 0.469654 0.33 0.469654 0.469654 0.469654 0.469654 0.469654 0.469654 0.469654 0.469654 0.469654 0.468723 0.469654 0.469654 0.469654 0.469654 0.469654 0.469654 0.469654 0.469654 0.469654 0.335208 0.469654 0.469654 0.469654 0.33 0.469654 0.469654 0.330076 0.469654 0.469654 0.469654 0.469654 0.469654 0.469654 0.330022 0.469654 0.469654 0.391849 0.469654 0.469654 0.469654 0.469654 0.469654 0.469654 0.468722 0.469654 0.469654 0.330383 0.469654 0.469654 0.469654 0.469654 0.469654 0.469654 0.469654 0.469654 0.469654 0.469654 0.469654 0.469654 0.469654 0.469654 0.469654 0.469654 0.469654 0.469654 0.469654 0.469654 0.469654 0.469654 0.469654 0.469654 0.469654 0.469654 0.469654 0.469654 0.469654 0.469654 0.469654 0.469654 0.469654 0.469654 0.469654 0.469654 0.469654 0.469654 0.469654 0.469654 0.469654 0.469654 0.33797 0.469654 0.469654 0.469654 0.469654 0.469654 0.469654 0.469654 0.469654 0.469654 0.454571 0.469654 0.469654 0.469654 0.469654 0.469654 0.469654 0.469654 0.469654 0.469654 0.465673 0.469654 0.469654 
0.479604 0.479604 0.479604 0.479604 0.479604 0.479604 0.479604 0.405032 0.479604 0.479604 0.479604 0.479604 0.479604 0.479604 0.479604 0.479604 0.479604 0.32 0.479604 0.479604 0.479604 0.479604 0.479604 0.479604 0.479604 0.479604 0.479604 0.320003 0.479604 0.479604 0.479604 0.320406 0.479604 0.479604 0.479157 0.479604 0.479604 0.479604 0.479604 0.479604 0.479604 0.479171 0.479604 0.479604 0.32 0.479604 0.479604 0.479604 0.479604 0.479604 0.479604 0.477088 0.479604 0.479604 0.320008 0.479604 0.479604 0.479604 0.479604 0.479604 0.479604 0.479604 0.479604 0.479604 0.479604 0.479604 0.479604 0.479604 0.479604 0.479604 0.479604 0.479604 0.479604 0.479604 0.479604 0.479604 0.479604 0.479604 0.479604 0.479604 0.479604 0.479604 0.479604 0.479604 0.479604 0.479604 0.479604 0.479604 0.479604 0.479604 0.479604 0.479604 0.479604 0.479604 0.479604 0.479604 0.479604 0.32005 0.479604 0.479604 0.479604 0.479604 0.479604 0.479604 0.479604 0.479604 0.479604 0.478107 0.479604 0.479604 0.479604 0.479604 0.479604 0.479604 0.479604 0.479604 0.479604 0.337878 0.479604 0.479604 0.479604 0.328337 0.479604 0.479604 0.32 0.479604 0.479604 0.479604 0.479604 0.479604 0.479604 0.32 0.479604 0.479604 0.32 0.479604 0.479604 0.479604 0.479604 0.479604 0.479604 0.320159 0.479604 0.479604 0.463905 0.479604 0.479604 0.479604 0.479604 0.479604 0.479604 0.479604 0.479604 0.479604 0.479604 0.479604 0.479604 0.479604 0.479604 0.479604 0.479604 0.479604 0.479604 0.479604 0.479604 0.479604 0.479604 0.479604 0.479604 0.479604 0.479604 0.479604 0.479604 0.479604 0.479604 0.479604 0.479604 0.479604 0.479604 0.479604 0.479604 0.479604 0.479604 0.479604 0.479604 0.479604 0.479604 0.474145 0.479604 0.479604 0.479604 0.479604 0.479604 0.479604 0.479604 0.479604 0.479604 0.320089 0.479604 0.479604 0.479604 0.479604 0.479604 0.479604 0.479604 0.479604 0.479604 0.320002 0.479604 0.479604 0.479604 0.32 0.479604 0.479604 0.32 0.479604 0.479604 0.479604 0.479604 0.479604 0.479604 0.333973 0.479604 0.479604 0.32 0.479604 0.479604 0.479604 0.479604 0.479604 0.479604 0.367046 0.479604 0.479604 0.32 0.479604 0.479604 0.479604 0.479604 0.479604 0.479604 0.479604 0.479604 0.479604 0.479604 0.479604 0.479604 0.479604 0.479604 0.479604 0.479604 0.479604 0.479604 0.479604 0.479604 0.479604 0.479604 0.479604 0.479604 0.479604 0.479604 0.479604 0.479604 0.479604 0.479604 0.479604 0.479604 0.479604 0.479604 0.479604 0.479604 0.479604 0.479604 0.479604 0.479604 0.479604 0.479604 0.320746 0.479604 0.479604 0.479604 0.479604 0.479604 0.479604 0.479604 0.479604 0.479604 0.342627 0.479604 0.479604 0.479604 0.479604 0.479604 0.479604 0.479604 0.479604 0.479604 0.453561 0.479604 0.479604 0.479604 0.479604 0.479604 0.479604 0.479604 0.479604 0.479604 0.32 0.479604 0.479604 0.479604 0.479604 0.479604 0.479604 0.479604 0.479604 0.479604 0.463642 0.479604 0.479604 0.479604 0.479604 0.479604 0.479604 0.479604 0.479604 0.479604 0.32 0.479604 0.479604 0.479604 0.478957 0.479604 0.479604 0.472901 0.479604 0.479604 0.479604 0.479604 0.479604 0.479604 0.32 0.479604 0.479604 0.478335 0.479604 0.479604 0.479604 0.479604 0.479604 0.479604 0.320141 0.479604 0.479604 0.32 0.479604 0.479604 0.479604 0.479604 0.479604 0.479604 0.479604 0.479604 0.479604 0.479604 0.479604 0.479604 0.479604 0.479604 0.479604 0.479604 0.479604 0.479604 0.479604 0.479604 0.479604 0.479604 0.479604 0.479604 0.479604 0.479604 0.479604 0.479604 0.479604 0.479604 0.479604 0.479604 0.479604 0.479604 0.479604 0.479604 0.479604 0.479604 0.479604 0.479604 0.479604 0.479604 0.478504 0.479604 0.479604 0.479604 0.479604 0.479604 0.479604 0.479604 0.479604 0.479604 0.32 0.479604 0.479604 0.479604 0.479604 0.479604 0.479604 0.479604 0.479604 0.479604 0.472083 0.479604 0.479604 0.479604 0.32 0.479604 0.479604 0.429736 0.479604 0.479604 0.479604 0.479604 0.479604 0.479604 0.338123 0.479604 0.479604 0.32 0.479604 0.479604 0.479604 0.479604 0.479604 0.479604 0.32 0.479604 0.479604 0.320006 0.479604 0.479604 0.479604 0.479604 0.479604 0.479604 0.479604 0.479604 0.479604 0.479604 0.479604 0.479604 0.479604 0.479604 0.479604 0.479604 0.479604 0.479604 0.479604 0.479604 0.479604 0.479604 0.479604 0.479604 0.479604 0.479604 0.479604 0.479604 0.479604 0.479604 0.479604 0.479604 0.479604 0.479604 0.479604 0.479604 0.479604 0.479604 0.479604 0.479604 0.479604 0.479604 0.410731 0.479604 0.479604 0.479604 0.479604 0.479604 0.479604 0.479604 0.479604 0.479604 0.32 0.479604 0.479604 0.479604 0.479604 0.479604 0.479604 0.479604 0.479604 0.479604 0.320143 0.479604 0.479604 0.479604 0.474546 0.479604 0.479604 0.321197 0.479604 0.479604 0.479604 0.479604 0.479604 0.479604 0.374304 0.479604 0.479604 0.338146 0.479604 0.479604 0.479604 0.479604 0.479604 0.479604 0.320011 0.479604 0.479604 0.320021 0.479604 0.479604 0.479604 0.479604 0.479604 0.479604 0.479604 0.479604 0.479604 0.479604 0.479604 0.479604 0.479604 0.479604 0.479604 0.479604 0.479604 0.479604 0.479604 0.479604 0.479604 0.479604 0.479604 0.479604 0.479604 0.479604 0.479604 0.479604 0.479604 0.479604 0.479604 0.479604 0.479604 0.479604 0.479604 0.479604 0.479604 0.479604 0.479604 0.479604 0.479604 0.479604 0.467283 0.479604 0.479604 0.479604 0.479604 0.479604 0.479604 0.479604 0.479604 0.479604 0.478725 0.479604 0.479604 0.479604 0.479604 0.479604 0.479604 0.479604 0.479604 0.479604 0.474231 0.479604 0.479604 0.479604 0.479604 0.479604 0.479604 0.479604 0.479604 0.479604 0.320025 0.479604 0.479604 0.479604 0.479604 0.479604 0.479604 0.479604 0.479604 0.479604 0.32 0.479604 0.479604 0.479604 0.479604 0.479604 0.479604 0.479604 0.479604 0.479604 0.32 0.479604 0.479604 0.479604 0.437607 0.479604 0.479604 0.432821 0.479604 0.479604 0.479604 0.479604 0.479604 0.479604 0.407646 0.479604 0.479604 0.42418 0.479604 0.479604 0.479604 0.479604 0.479604 0.479604 0.433346 0.479604 0.479604 0.477166 0.479604 0.479604 0.479604 0.479604 0.479604 0.479604 0.479604 0.479604 0.479604 0.479604 0.479604 0.479604 0.479604 0.479604 0.479604 0.479604 0.479604 0.479604 0.479604 0.479604 0.479604 0.479604 0.479604 0.479604 0.479604 0.479604 0.479604 0.479604 0.479604 0.479604 0.479604 0.479604 0.479604 0.479604 0.479604 0.479604 0.479604 0.479604 0.479604 0.479604 0.479604 0.479604 0.320471 0.479604 0.479604 0.479604 0.479604 0.479604 0.479604 0.479604 0.479604 0.479604 0.32 0.479604 0.479604 0.479604 0.479604 0.479604 0.479604 0.479604 0.479604 0.479604 0.32 0.479604 0.479604 0.479604 0.32 0.479604 0.479604 0.476674 0.479604 0.479604 0.479604 0.479604 0.479604 0.479604 0.32 0.479604 0.479604 0.477444 0.479604 0.479604 0.479604 0.479604 0.479604 0.479604 0.366028 0.479604 0.479604 0.320004 0.479604 0.479604 0.479604 0.479604 0.479604 0.479604 0.479604 0.479604 0.479604 0.479604 0.479604 0.479604 0.479604 0.479604 0.479604 0.479604 0.479604 0.479604 0.479604 0.479604 0.479604 0.479604 0.479604 0.479604 0.479604 0.479604 0.479604 0.479604 0.479604 0.479604 0.479604 0.479604 0.479604 0.479604 0.479604 0.479604 0.479604 0.479604 0.479604 0.479604 0.479604 0.479604 0.32 0.479604 0.479604 0.479604 0.479604 0.479604 0.479604 0.479604 0.479604 0.479604 0.478476 0.479604 0.479604 0.479604 0.479604 0.479604 0.479604 0.479604 0.479604 0.479604 0.32574 0.479604 0.479604 0.479604 0.32 0.479604 0.479604 0.320091 0.479604 0.479604 0.479604 0.479604 0.479604 0.479604 0.320023 0.479604 0.479604 0.388936 0.479604 0.479604 0.479604 0.479604 0.479604 0.479604 0.478503 0.479604 0.479604 0.32052 0.479604 0.479604 0.479604 0.479604 0.479604 0.479604 0.479604 0.479604 0.479604 0.479604 0.479604 0.479604 0.479604 0.479604 0.479604 0.479604 0.479604 0.479604 0.479604 0.479604 0.479604 0.479604 0.479604 0.479604 0.479604 0.479604 0.479604 0.479604 0.479604 0.479604 0.479604 0.479604 0.479604 0.479604 0.479604 0.479604 0.479604 0.479604 0.479604 0.479604 0.479604 0.479604 0.329727 0.479604 0.479604 0.479604 0.479604 0.479604 0.479604 0.479604 0.479604 0.479604 0.462813 0.479604 0.479604 0.479604 0.479604 0.479604 0.479604 0.479604 0.479604 0.479604 0.475276 0.479604 0.479604 
0.489555 0.489555 0.489555 0.489555 0.489555 0.489555 0.489555 0.409962 0.489555 0.489555 0.489555 0.489555 0.489555 0.489555 0.489555 0.489555 0.489555 0.31 0.489555 0.489555 0.489555 0.489555 0.489555 0.489555 0.489555 0.489555 0.489555 0.310003 0.489555 0.489555 0.489555 0.310458 0.489555 0.489555 0.489086 0.489555 0.489555 0.489555 0.489555 0.489555 0.489555 0.489101 0.489555 0.489555 0.31 0.489555 0.489555 0.489555 0.489555 0.489555 0.489555 0.486855 0.489555 0.489555 0.31001 0.489555 0.489555 0.489555 0.489555 0.489555 0.489555 0.489555 0.489555 0.489555 0.489555 0.489555 0.489555 0.489555 0.489555 0.489555 0.489555 0.489555 0.489555 0.489555 0.489555 0.489555 0.489555 0.489555 0.489555 0.489555 0.489555 0.489555 0.489555 0.489555 0.489555 0.489555 0.489555 0.489555 0.489555 0.489555 0.489555 0.489555 0.489555 0.489555 0.489555 0.489555 0.489555 0.310052 0.489555 0.489555 0.489555 0.489555 0.489555 0.489555 0.489555 0.489555 0.489555 0.487844 0.489555 0.489555 0.489555 0.489555 0.489555 0.489555 0.489555 0.489555 0.489555 0.32841 0.489555 0.489555 0.489555 0.32 0.489555 0.489555 0.31 0.489555 0.489555 0.489555 0.489555 0.489555 0.489555 0.31 0.489555 0.489555 0.31 0.489555 0.489555 0.489555 0.489555 0.489555 0.489555 0.310188 0.489555 0.489555 0.473194 0.489555 0.489555 0.489555 0.489555 0.489555 0.489555 0.489555 0.489555 0.489555 0.489555 0.489555 0.489555 0.489555 0.489555 0.489555 0.489555 0.489555 0.489555 0.489555 0.489555 0.489555 0.489555 0.489555 0.489555 0.489555 0.489555 0.489555 0.489555 0.489555 0.489555 0.489555 0.489555 0.489555 0.489555 0.489555 0.489555 0.489555 0.489555 0.489555 0.489555 0.489555 0.489555 0.483346 0.489555 0.489555 0.489555 0.489555 0.489555 0.489555 0.489555 0.489555 0.489555 0.310099 0.489555 0.489555 0.489555 0.489555 0.489555 0.489555 0.489555 0.489555 0.489555 0.310003 0.489555 0.489555 0.489555 0.31 0.489555 0.489555 0.31 0.489555 0.489555 0.489555 0.489555 0.489555 0.489555 0.325233 0.489555 0.489555 0.31 0.489555 0.489555 0.489555 0.489555 0.489555 0.489555 0.360877 0.489555 0.489555 0.31 0.489555 0.489555 0.489555 0.489555 0.489555 0.489555 0.489555 0.489555 0.489555 0.489555 0.489555 0.489555 0.489555 0.489555 0.489555 0.489555 0.489555 0.489555 0.489555 0.489555 0.489555 0.489555 0.489555 0.489555 0.489555 0.489555 0.489555 0.489555 0.489555 0.489555 0.489555 0.489555 0.489555 0.489555 0.489555 0.489555 0.489555 0.489555 0.489555 0.489555 0.489555 0.489555 0.310941 0.489555 0.489555 0.489555 0.489555 0.489555 0.489555 0.489555 0.489555 0.489555 0.335184 0.489555 0.489555 0.489555 0.489555 0.489555 0.489555 0.489555 0.489555 0.489555 0.461705 0.489555 0.489555 0.489555 0.489555 0.489555 0.489555 0.489555 0.489555 0.489555 0.31 0.489555 0.489555 0.489555 0.489555 0.489555 0.489555 0.489555 0.489555 0.489555 0.471574 0.489555 0.489555 0.489555 0.489555 0.489555 0.489555 0.489555 0.489555 0.489555 0.31 0.489555 0.489555 0.489555 0.488821 0.489555 0.489555 0.481776 0.489555 0.489555 0.489555 0.489555 0.489555 0.489555 0.31 0.489555 0.489555 0.487961 0.489555 0.489555 0.489555 0.489555 0.489555 0.489555 0.310151 0.489555 0.489555 0.31 0.489555 0.489555 0.489555 0.489555 0.489555 0.489555 0.489555 0.489555 0.489555 0.489555 0.489555 0.489555 0.489555 0.489555 0.489555 0.489555 0.489555 0.489555 0.489555 0.489555 0.489555 0.489555 0.489555 0.489555 0.489555 0.489555 0.489555 0.489555 0.489555 0.489555 0.489555 0.489555 0.489555 0.489555 0.489555 0.489555 0.489555 0.489555 0.489555 0.489555 0.489555 0.489555 0.488297 0.489555 0.489555 0.489555 0.489555 0.489555 0.489555 0.489555 0.489555 0.489555 0.31 0.489555 0.489555 0.489555 0.489555 0.489555 0.489555 0.489555 0.489555 0.489555 0.481412 0.489555 0.489555 0.489555 0.31 0.489555 0.489555 0.431517 0.489555 0.489555 0.489555 0.489555 0.489555 0.489555 0.329382 0.489555 0.489555 0.31 0.489555 0.489555 0.489555 0.489555 0.489555 0.489555 0.31 0.489555 0.489555 0.310007 0.489555 0.489555 0.489555 0.489555 0.489555 0.489555 0.489555 0.489555 0.489555 0.489555 0.489555 0.489555 0.489555 0.489555 0.489555 0.489555 0.489555 0.489555 0.489555 0.489555 0.489555 0.489555 0.489555 0.489555 0.489555 0.489555 0.489555 0.489555 0.489555 0.489555 0.489555 0.489555 0.489555 0.489555 0.489555 0.489555 0.489555 0.489555 0.489555 0.489555 0.489555 0.489555 0.41222 0.489555 0.489555 0.489555 0.489555 0.489555 0.489555 0.489555 0.489555 0.489555 0.31 0.489555 0.489555 0.489555 0.489555 0.489555 0.489555 0.489555 0.489555 0.489555 0.310159 0.489555 0.489555 0.489555 0.483214 0.489555 0.489555 0.311371 0.489555 0.489555 0.489555 0.489555 0.489555 0.489555 0.370591 0.489555 0.489555 0.330447 0.489555 0.489555 0.489555 0.489555 0.489555 0.489555 0.310014 0.489555 0.489555 0.310023 0.489555 0.489555 0.489555 0.489555 0.489555 0.489555 0.489555 0.489555 0.489555 0.489555 0.489555 0.489555 0.489555 0.489555 0.489555 0.489555 0.489555 0.489555 0.489555 0.489555 0.489555 0.489555 0.489555 0.489555 0.489555 0.489555 0.489555 0.489555 0.489555 0.489555 0.489555 0.489555 0.489555 0.489555 0.489555 0.489555 0.489555 0.489555 0.489555 0.489555 0.489555 0.489555 0.476092 0.489555 0.489555 0.489555 0.489555 0.489555 0.489555 0.489555 0.489555 0.489555 0.488571 0.489555 0.489555 0.489555 0.489555 0.489555 0.489555 0.489555 0.489555 0.489555 0.483699 0.489555 0.489555 0.489555 0.489555 0.489555 0.489555 0.489555 0.489555 0.489555 0.310032 0.489555 0.489555 0.489555 0.489555 0.489555 0.489555 0.489555 0.489555 0.489555 0.31 0.489555 0.489555 0.489555 0.489555 0.489555 0.489555 0.489555 0.489555 0.489555 0.31 0.489555 0.489555 0.489555 0.439677 0.489555 0.489555 0.435734 0.489555 0.489555 0.489555 0.489555 0.489555 0.489555 0.412345 0.489555 0.489555 0.428399 0.489555 0.489555 0.489555 0.489555 0.489555 0.489555 0.438716 0.489555 0.489555 0.486888 0.489555 0.489555 0.489555 0.489555 0.489555 0.489555 0.489555 0.489555 0.489555 0.489555 0.489555 0.489555 0.489555 0.489555 0.489555 0.489555 0.489555 0.489555 0.489555 0.489555 0.489555 0.489555 0.489555 0.489555 0.489555 0.489555 0.489555 0.489555 0.489555 0.489555 0.489555 0.489555 0.489555 0.489555 0.489555 0.489555 0.489555 0.489555 0.489555 0.489555 0.489555 0.489555 0.310512 0.489555 0.489555 0.489555 0.489555 0.489555 0.489555 0.489555 0.489555 0.489555 0.31 0.489555 0.489555 0.489555 0.489555 0.489555 0.489555 0.489555 0.489555 0.489555 0.31 0.489555 0.489555 0.489555 0.31 0.489555 0.489555 0.486278 0.489555 0.489555 0.489555 0.489555 0.489555 0.489555 0.31 0.489555 0.489555 0.487023 0.489555 0.489555 0.489555 0.489555 0.489555 0.489555 0.358722 0.489555 0.489555 0.310005 0.489555 0.489555 0.489555 0.489555 0.489555 0.489555 0.489555 0.489555 0.489555 0.489555 0.489555 0.489555 0.489555 0.489555 0.489555 0.489555 0.489555 0.489555 0.489555 0.489555 0.489555 0.489555 0.489555 0.489555 0.489555 0.489555 0.489555 0.489555 0.489555 0.489555 0.489555 0.489555 0.489555 0.489555 0.489555 0.489555 0.489555 0.489555 0.489555 0.489555 0.489555 0.489555 0.31 0.489555 0.489555 0.489555 0.489555 0.489555 0.489555 0.489555 0.489555 0.489555 0.488243 0.489555 0.489555 0.489555 0.489555 0.489555 0.489555 0.489555 0.489555 0.489555 0.316338 0.489555 0.489555 0.489555 0.31 0.489555 0.489555 0.310097 0.489555 0.489555 0.489555 0.489555 0.489555 0.489555 0.310025 0.489555 0.489555 0.391572 0.489555 0.489555 0.489555 0.489555 0.489555 0.489555 0.488374 0.489555 0.489555 0.310595 0.489555 0.489555 0.489555 0.489555 0.489555 0.489555 0.489555 0.489555 0.489555 0.489555 0.489555 0.489555 0.489555 0.489555 0.489555 0.489555 0.489555 0.489555 0.489555 0.489555 0.489555 0.489555 0.489555 0.489555 0.489555 0.489555 0.489555 0.489555 0.489555 0.489555 0.489555 0.489555 0.489555 0.489555 0.489555 0.489555 0.489555 0.489555 0.489555 0.489555 0.489555 0.489555 0.321059 0.489555 0.489555 0.489555 0.489555 0.489555 0.489555 0.489555 0.489555 0.489555 0.471324 0.489555 0.489555 0.489555 0.489555 0.489555 0.489555 0.489555 0.489555 0.489555 0.484712 0.489555 0.489555 
0.499505 0.499505 0.499505 0.499505 0.499505 0.499505 0.499505 0.410859 0.499505 0.499505 0.499505 0.499505 0.499505 0.499505 0.499505 0.499505 0.499505 0.3 0.499505 0.499505 0.499505 0.499505 0.499505 0.499505 0.499505 0.499505 0.499505 0.300004 0.499505 0.499505 0.499505 0.300525 0.499505 0.499505 0.498972 0.499505 0.499505 0.499505 0.499505 0.499505 0.499505 0.498999 0.499505 0.499505 0.3 0.499505 0.499505 0.499505 0.499505 0.499505 0.499505 0.496408 0.499505 0.499505 0.300011 0.499505 0.499505 0.499505 0.499505 0.499505 0.499505 0.499505 0.499505 0.499505 0.499505 0.499505 0.499505 0.499505 0.499505 0.499505 0.499505 0.499505 0.499505 0.499505 0.499505 0.499505 0.499505 0.499505 0.499505 0.499505 0.499505 0.499505 0.499505 0.499505 0.499505 0.499505 0.499505 0.499505 0.499505 0.499505 0.499505 0.499505 0.499505 0.499505 0.499505 0.499505 0.499505 0.300055 0.499505 0.499505 0.499505 0.499505 0.499505 0.499505 0.499505 0.499505 0.499505 0.497708 0.499505 0.499505 0.499505 0.499505 0.499505 0.499505 0.499505 0.499505 0.499505 0.324958 0.499505 0.499505 0.499505 0.310672 0.499505 0.499505 0.3 0.499505 0.499505 0.499505 0.499505 0.499505 0.499505 0.3 0.499505 0.499505 0.3 0.499505 0.499505 0.499505 0.499505 0.499505 0.499505 0.300204 0.499505 0.499505 0.481012 0.499505 0.499505 0.499505 0.499505 0.499505 0.499505 0.499505 0.499505 0.499505 0.499505 0.499505 0.499505 0.499505 0.499505 0.499505 0.499505 0.499505 0.499505 0.499505 0.499505 0.499505 0.499505 0.499505 0.499505 0.499505 0.499505 0.499505 0.499505 0.499505 0.499505 0.499505 0.499505 0.499505 0.499505 0.499505 0.499505 0.499505 0.499505 0.499505 0.499505 0.499505 0.499505 0.493099 0.499505 0.499505 0.499505 0.499505 0.499505 0.499505 0.499505 0.499505 0.499505 0.300122 0.499505 0.499505 0.499505 0.499505 0.499505 0.499505 0.499505 0.499505 0.499505 0.300003 0.499505 0.499505 0.499505 0.3 0.499505 0.499505 0.3 0.499505 0.499505 0.499505 0.499505 0.499505 0.499505 0.317088 0.499505 0.499505 0.3 0.499505 0.499505 0.499505 0.499505 0.499505 0.499505 0.357692 0.499505 0.499505 0.3 0.499505 0.499505 0.499505 0.499505 0.499505 0.499505 0.499505 0.499505 0.499505 0.499505 0.499505 0.499505 0.499505 0.499505 0.499505 0.499505 0.499505 0.499505 0.499505 0.499505 0.499505 0.499505 0.499505 0.499505 0.499505 0.499505 0.499505 0.499505 0.499505 0.499505 0.499505 0.499505 0.499505 0.499505 0.499505 0.499505 0.499505 0.499505 0.499505 0.499505 0.499505 0.499505 0.301086 0.499505 0.499505 0.499505 0.499505 0.499505 0.499505 0.499505 0.499505 0.499505 0.326593 0.499505 0.499505 0.499505 0.499505 0.499505 0.499505 0.499505 0.499505 0.499505 0.467874 0.499505 0.499505 0.499505 0.499505 0.499505 0.499505 0.499505 0.499505 0.499505 0.3 0.499505 0.499505 0.499505 0.499505 0.499505 0.499505 0.499505 0.499505 0.499505 0.48 0.499505 0.499505 0.499505 0.499505 0.499505 0.499505 0.499505 0.499505 0.499505 0.3 0.499505 0.499505 0.499505 0.498637 0.499505 0.499505 0.49088 0.499505 0.499505 0.499505 0.499505 0.499505 0.499505 0.3 0.499505 0.499505 0.497608 0.499505 0.499505 0.499505 0.499505 0.499505 0.499505 0.300161 0.499505 0.499505 0.3 0.499505 0.499505 0.499505 0.499505 0.499505 0.499505 0.499505 0.499505 0.499505 0.499505 0.499505 0.499505 0.499505 0.499505 0.499505 0.499505 0.499505 0.499505 0.499505 0.499505 0.499505 0.499505 0.499505 0.499505 0.499505 0.499505 0.499505 0.499505 0.499505 0.499505 0.499505 0.499505 0.499505 0.499505 0.499505 0.499505 0.499505 0.499505 0.499505 0.499505 0.499505 0.499505 0.498077 0.499505 0.499505 0.499505 0.499505 0.499505 0.499505 0.499505 0.499505 0.499505 0.3 0.499505 0.499505 0.499505 0.499505 0.499505 0.499505 0.499505 0.499505 0.499505 0.490349 0.499505 0.499505 0.499505 0.3 0.499505 0.499505 0.434969 0.499505 0.499505 0.499505 0.499505 0.499505 0.499505 0.321238 0.499505 0.499505 0.3 0.499505 0.499505 0.499505 0.499505 0.499505 0.499505 0.3 0.499505 0.499505 0.300008 0.499505 0.499505 0.499505 0.499505 0.499505 0.499505 0.499505 0.499505 0.499505 0.499505 0.499505 0.499505 0.499505 0.499505 0.499505 0.499505 0.499505 0.499505 0.499505 0.499505 0.499505 0.499505 0.499505 0.499505 0.499505 0.499505 0.499505 0.499505 0.499505 0.499505 0.499505 0.499505 0.499505 0.499505 0.499505 0.499505 0.499505 0.499505 0.499505 0.499505 0.499505 0.499505 0.407521 0.499505 0.499505 0.499505 0.499505 0.499505 0.499505 0.499505 0.499505 0.499505 0.3 0.499505 0.499505 0.499505 0.499505 0.499505 0.499505 0.499505 0.499505 0.499505 0.30018 0.499505 0.499505 0.499505 0.492767 0.499505 0.499505 0.301466 0.499505 0.499505 0.499505 0.499505 0.499505 0.499505 0.365661 0.499505 0.499505 0.322407 0.499505 0.499505 0.499505 0.499505 0.499505 0.499505 0.300014 0.499505 0.499505 0.300025 0.499505 0.499505 0.499505 0.499505 0.499505 0.499505 0.499505 0.499505 0.499505 0.499505 0.499505 0.499505 0.499505 0.499505 0.499505 0.499505 0.499505 0.499505 0.499505 0.499505 0.499505 0.499505 0.499505 0.499505 0.499505 0.499505 0.499505 0.499505 0.499505 0.499505 0.499505 0.499505 0.499505 0.499505 0.499505 0.499505 0.499505 0.499505 0.499505 0.499505 0.499505 0.499505 0.484133 0.499505 0.499505 0.499505 0.499505 0.499505 0.499505 0.499505 0.499505 0.499505 0.498407 0.499505 0.499505 0.499505 0.499505 0.499505 0.499505 0.499505 0.499505 0.499505 0.493404 0.499505 0.499505 0.499505 0.499505 0.499505 0.499505 0.499505 0.499505 0.499505 0.300034 0.499505 0.499505 0.499505 0.499505 0.499505 0.499505 0.499505 0.499505 0.499505 0.3 0.499505 0.499505 0.499505 0.499505 0.499505 0.499505 0.499505 0.499505 0.499505 0.3 0.499505 0.499505 0.499505 0.441458 0.499505 0.499505 0.440434 0.499505 0.499505 0.499505 0.499505 0.499505 0.499505 0.414415 0.499505 0.499505 0.432112 0.499505 0.499505 0.499505 0.499505 0.499505 0.499505 0.441902 0.499505 0.499505 0.496609 0.499505 0.499505 0.499505 0.499505 0.499505 0.499505 0.499505 0.499505 0.499505 0.499505 0.499505 0.499505 0.499505 0.499505 0.499505 0.499505 0.499505 0.499505 0.499505 0.499505 0.499505 0.499505 0.499505 0.499505 0.499505 0.499505 0.499505 0.499505 0.499505 0.499505 0.499505 0.499505 0.499505 0.499505 0.499505 0.499505 0.499505 0.499505 0.499505 0.499505 0.499505 0.499505 0.300547 0.499505 0.499505 0.499505 0.499505 0.499505 0.499505 0.499505 0.499505 0.499505 0.3 0.499505 0.499505 0.499505 0.499505 0.499505 0.499505 0.499505 0.499505 0.499505 0.3 0.499505 0.499505 0.499505 0.3 0.499505 0.499505 0.495964 0.499505 0.499505 0.499505 0.499505 0.499505 0.499505 0.3 0.499505 0.499505 0.496521 0.499505 0.499505 0.499505 0.499505 0.499505 0.499505 0.35426 0.499505 0.499505 0.300005 0.499505 0.499505 0.499505 0.499505 0.499505 0.499505 0.499505 0.499505 0.499505 0.499505 0.499505 0.499505 0.499505 0.499505 0.499505 0.499505 0.499505 0.499505 0.499505 0.499505 0.499505 0.499505 0.499505 0.499505 0.499505 0.499505 0.499505 0.499505 0.499505 0.499505 0.499505 0.499505 0.499505 0.499505 0.499505 0.499505 0.499505 0.499505 0.499505 0.499505 0.499505 0.499505 0.3 0.499505 0.499505 0.499505 0.499505 0.499505 0.499505 0.499505 0.499505 0.499505 0.498069 0.499505 0.499505 0.499505 0.499505 0.499505 0.499505 0.499505 0.499505 0.499505 0.306759 0.499505 0.499505 0.499505 0.3 0.499505 0.499505 0.300102 0.499505 0.499505 0.499505 0.499505 0.499505 0.499505 0.300029 0.499505 0.499505 0.390675 0.499505 0.499505 0.499505 0.499505 0.499505 0.499505 0.498237 0.499505 0.499505 0.300642 0.499505 0.499505 0.499505 0.499505 0.499505 0.499505 0.499505 0.499505 0.499505 0.499505 0.499505 0.499505 0.499505 0.499505 0.499505 0.499505 0.499505 0.499505 0.499505 0.499505 0.499505 0.499505 0.499505 0.499505 0.499505 0.499505 0.499505 0.499505 0.499505 0.499505 0.499505 0.499505 0.499505 0.499505 0.499505 0.499505 0.499505 0.499505 0.499505 0.499505 0.499505 0.499505 0.312063 0.499505 0.499505 0.499505 0.499505 0.499505 0.499505 0.499505 0.499505 0.499505 0.479468 0.499505 0.499505 0.499505 0.499505 0.499505 0.499505 0.499505 0.499505 0.499505 0.494239 0.499505 0.499505 

</Matrix>
   <Matrix name="ratesHistory" type="complete" rows="11" columns="900" multiplier="1.0">
   0 0 0 0 0 0 0 0 0 0 0 0 0 0 0 0 0 0 0 0 0 0 0 0 0 0 0 0 0 0 0 0 0 0 0 0 0 0 0 0 0 0 0 0 0 0 0 0 0 0 0 0 0 0 0 0 0 0 0 0 0 0 0 0 0 0 0 0 0 0 0 0 0 0 0 0 0 0 0 0 0 0 0 0 0 0 0 0 0 0 0 0 0 0 0 0 0 0 0 0 0 0 0 0 0 0 0 0 0 0 0 0 0 0 0 0 0 0 0 0 0 0 0 0 0 0 0 0 0 0 0 0 0 0 0 0 0 0 0 0 0 0 0 0 0 0 0 0 0 0 0 0 0 0 0 0 0 0 0 0 0 0 0 0 0 0 0 0 0 0 0 0 0 0 0 0 0 0 0 0 0 0 0 0 0 0 0 0 0 0 0 0 0 0 0 0 0 0 0 0 0 0 0 0 0 0 0 0 0 0 0 0 0 0 0 0 0 0 0 0 0 0 0 0 0 0 0 0 0 0 0 0 0 0 0 0 0 0 0 0 0 0 0 0 0 0 0 0 0 0 0 0 0 0 0 0 0 0 0 0 0 0 0 0 0 0 0 0 0 0 0 0 0 0 0 0 0 0 0 0 0 0 0 0 0 0 0 0 0 0 0 0 0 0 0 0 0 0 0 0 0 0 0 0 0 0 0 0 0 0 0 0 0 0 0 0 0 0 0 0 0 0 0 0 0 0 0 0 0 0 0 0 0 0 0 0 0 0 0 0 0 0 0 0 0 0 0 0 0 0 0 0 0 0 0 0 0 0 0 0 0 0 0 0 0 0 0 0 0 0 0 0 0 0 0 0 0 0 0 0 0 0 0 0 0 0 0 0 0 0 0 0 0 0 0 0 0 0 0 0 0 0 0 0 0 0 0 0 0 0 0 0 0 0 0 0 0 0 0 0 0 0 0 0 0 0 0 0 0 0 0 0 0 0 0 0 0 0 0 0 0 0 0 0 0 0 0 0 0 0 0 0 0 0 0 0 0 0 0 0 0 0 0 0 0 0 0 0 0 0 0 0 0 0 0 0 0 0 0 0 0 0 0 0 0 0 0 0 0 0 0 0 0 0 0 0 0 0 0 0 0 0 0 0 0 0 0 0 0 0 0 0 0 0 0 0 0 0 0 0 0 0 0 0 0 0 0 0 0 0 0 0 0 0 0 0 0 0 0 0 0 0 0 0 0 0 0 0 0 0 0 0 0 0 0 0 0 0 0 0 0 0 0 0 0 0 0 0 0 0 0 0 0 0 0 0 0 0 0 0 0 0 0 0 0 0 0 0 0 0 0 0 0 0 0 0 0 0 0 0 0 0 0 0 0 0 0 0 0 0 0 0 0 0 0 0 0 0 0 0 0 0 0 0 0 0 0 0 0 0 0 0 0 0 0 0 0 0 0 0 0 0 0 0 0 0 0 0 0 0 0 0 0 0 0 0 0 0 0 0 0 0 0 0 0 0 0 0 0 0 0 0 0 0 0 0 0 0 0 0 0 0 0 0 0 0 0 0 0 0 0 0 0 0 0 0 0 0 0 0 0 0 0 0 0 0 0 0 0 0 0 0 0 0 0 0 0 0 0 0 0 0 0 0 0 0 0 0 0 0 0 0 0 0 0 0 0 0 0 0 0 0 0 0 0 0 0 0 0 0 0 0 0 0 0 0 0 0 0 0 0 0 0 0 0 0 0 0 0 0 0 0 0 0 0 0 0 0 0 0 0 0 0 0 0 0 0 0 0 0 0 0 0 0 0 0 0 0 0 0 0 0 0 0 0 0 0 0 0 0 0 0 0 0 0 0 0 0 0 0 0 0 0 0 0 0 0 0 0 0 0 0 0 0 0 0 0 0 0 0 0 0 0 0 0 0 0 0 0 0 0 0 0 0 0 0 0 0 0 0 0 0 0 0 0 0 0 0 0 0 0 0 0 0 0 0 0 0 0 0 0 0 0 0 0 0 0 0 0 0 0 0 0 0 0 0 0 0 0 0 
0 0 0 0 0 0 0 0.9 0 0 0 0 0 0 0 0 0 5.64 0 0 0 0 0 0 0 0 0 3.07 0 0 0 2.12 0 0 0.22 0 0 0 0 0 0 0.17 0 0 4.66 0 0 0 0 0 0 0.28 0 0 2.64 0 0 0 0 0 0 0 0 0 0 0 0 0 0 0 0 0 0 0 0 0 0 0 0 0 0 0 0 0 0 0 0 0 0 0 0 0 0 0 0 0 0 2.34 0 0 0 0 0 0 0 0 0 0.19 0 0 0 0 0 0 0 0 0 1.46 0 0 0 1.54 0 0 5.13 0 0 0 0 0 0 4.72 0 0 4.96 0 0 0 0 0 0 2.08 0 0 0.57 0 0 0 0 0 0 0 0 0 0 0 0 0 0 0 0 0 0 0 0 0 0 0 0 0 0 0 0 0 0 0 0 0 0 0 0 0 0 0 0 0 0 0.44 0 0 0 0 0 0 0 0 0 2.33 0 0 0 0 0 0 0 0 0 2.8 0 0 0 5.5 0 0 3.95 0 0 0 0 0 0 1.38 0 0 4.14 0 0 0 0 0 0 1.16 0 0 4.69 0 0 0 0 0 0 0 0 0 0 0 0 0 0 0 0 0 0 0 0 0 0 0 0 0 0 0 0 0 0 0 0 0 0 0 0 0 0 0 0 0 0 1.93 0 0 0 0 0 0 0 0 0 1.4 0 0 0 0 0 0 0 0 0 0.79 0 0 0 0 0 0 0 0 0 4.5 0 0 0 0 0 0 0 0 0 0.54 0 0 0 0 0 0 0 0 0 3.26 0 0 0 0.11 0 0 0.52 0 0 0 0 0 0 4.91 0 0 0.27 0 0 0 0 0 0 2.18 0 0 3.32 0 0 0 0 0 0 0 0 0 0 0 0 0 0 0 0 0 0 0 0 0 0 0 0 0 0 0 0 0 0 0 0 0 0 0 0 0 0 0 0 0 0 0.17 0 0 0 0 0 0 0 0 0 3.72 0 0 0 0 0 0 0 0 0 0.42 0 0 0 3.73 0 0 1.18 0 0 0 0 0 0 1.34 0 0 4.69 0 0 0 0 0 0 5.12 0 0 2.68 0 0 0 0 0 0 0 0 0 0 0 0 0 0 0 0 0 0 0 0 0 0 0 0 0 0 0 0 0 0 0 0 0 0 0 0 0 0 0 0 0 0 0.86 0 0 0 0 0 0 0 0 0 5.54 0 0 0 0 0 0 0 0 0 2.09 0 0 0 0.4 0 0 1.81 0 0 0 0 0 0 0.91 0 0 1.41 0 0 0 0 0 0 2.53 0 0 2.69 0 0 0 0 0 0 0 0 0 0 0 0 0 0 0 0 0 0 0 0 0 0 0 0 0 0 0 0 0 0 0 0 0 0 0 0 0 0 0 0 0 0 0.55 0 0 0 0 0 0 0 0 0 0.16 0 0 0 0 0 0 0 0 0 0.57 0 0 0 0 0 0 0 0 0 2.6 0 0 0 0 0 0 0 0 0 4.94 0 0 0 0 0 0 0 0 0 4.96 0 0 0 0.79 0 0 0.71 0 0 0 0 0 0 0.98 0 0 0.79 0 0 0 0 0 0 0.86 0 0 0.35 0 0 0 0 0 0 0 0 0 0 0 0 0 0 0 0 0 0 0 0 0 0 0 0 0 0 0 0 0 0 0 0 0 0 0 0 0 0 0 0 0 0 2.15 0 0 0 0 0 0 0 0 0 3.78 0 0 0 0 0 0 0 0 0 5.91 0 0 0 3.22 0 0 0.39 0 0 0 0 0 0 3.24 0 0 0.31 0 0 0 0 0 0 1.2 0 0 2.95 0 0 0 0 0 0 0 0 0 0 0 0 0 0 0 0 0 0 0 0 0 0 0 0 0 0 0 0 0 0 0 0 0 0 0 0 0 0 0 0 0 0 4.29 0 0 0 0 0 0 0 0 0 0.18 0 0 0 0 0 0 0 0 0 1.6 0 0 0 4.24 0 0 2.21 0 0 0 0 0 0 2.39 0 0 0.99 0 0 0 0 0 0 0.21 0 0 2.09 0 0 0 0 0 0 0 0 0 0 0 0 0 0 0 0 0 0 0 0 0 0 0 0 0 0 0 0 0 0 0 0 0 0 0 0 0 0 0 0 0 0 1.53 0 0 0 0 0 0 0 0 0 0.56 0 0 0 0 0 0 0 0 0 0.37 0 0 
0 0 0 0 0 0 0 0.97 0 0 0 0 0 0 0 0 0 5.71 0 0 0 0 0 0 0 0 0 2.83 0 0 0 1.89 0 0 0.09 0 0 0 0 0 0 0.1 0 0 4.92 0 0 0 0 0 0 0.37 0 0 2.63 0 0 0 0 0 0 0 0 0 0 0 0 0 0 0 0 0 0 0 0 0 0 0 0 0 0 0 0 0 0 0 0 0 0 0 0 0 0 0 0 0 0 2.38 0 0 0 0 0 0 0 0 0 0.25 0 0 0 0 0 0 0 0 0 1.37 0 0 0 1.61 0 0 5.07 0 0 0 0 0 0 4.77 0 0 4.9 0 0 0 0 0 0 2.07 0 0 0.66 0 0 0 0 0 0 0 0 0 0 0 0 0 0 0 0 0 0 0 0 0 0 0 0 0 0 0 0 0 0 0 0 0 0 0 0 0 0 0 0 0 0 0.47 0 0 0 0 0 0 0 0 0 2.21 0 0 0 0 0 0 0 0 0 2.86 0 0 0 5.34 0 0 4.05 0 0 0 0 0 0 1.42 0 0 4.21 0 0 0 0 0 0 1.14 0 0 4.8 0 0 0 0 0 0 0 0 0 0 0 0 0 0 0 0 0 0 0 0 0 0 0 0 0 0 0 0 0 0 0 0 0 0 0 0 0 0 0 0 0 0 1.83 0 0 0 0 0 0 0 0 0 1.25 0 0 0 0 0 0 0 0 0 0.69 0 0 0 0 0 0 0 0 0 4.55 0 0 0 0 0 0 0 0 0 0.64 0 0 0 0 0 0 0 0 0 3.13 0 0 0 0.14 0 0 0.58 0 0 0 0 0 0 4.78 0 0 0.25 0 0 0 0 0 0 2.18 0 0 3.54 0 0 0 0 0 0 0 0 0 0 0 0 0 0 0 0 0 0 0 0 0 0 0 0 0 0 0 0 0 0 0 0 0 0 0 0 0 0 0 0 0 0 0.25 0 0 0 0 0 0 0 0 0 3.82 0 0 0 0 0 0 0 0 0 0.48 0 0 0 3.24 0 0 0.88 0 0 0 0 0 0 1.2 0 0 4.93 0 0 0 0 0 0 5.18 0 0 2.63 0 0 0 0 0 0 0 0 0 0 0 0 0 0 0 0 0 0 0 0 0 0 0 0 0 0 0 0 0 0 0 0 0 0 0 0 0 0 0 0 0 0 0.81 0 0 0 0 0 0 0 0 0 5.3 0 0 0 0 0 0 0 0 0 2.19 0 0 0 0.34 0 0 1.7 0 0 0 0 0 0 1.1 0 0 1.36 0 0 0 0 0 0 2.58 0 0 2.57 0 0 0 0 0 0 0 0 0 0 0 0 0 0 0 0 0 0 0 0 0 0 0 0 0 0 0 0 0 0 0 0 0 0 0 0 0 0 0 0 0 0 0.47 0 0 0 0 0 0 0 0 0 0.2 0 0 0 0 0 0 0 0 0 0.38 0 0 0 0 0 0 0 0 0 2.49 0 0 0 0 0 0 0 0 0 4.76 0 0 0 0 0 0 0 0 0 5.07 0 0 0 0.88 0 0 0.9 0 0 0 0 0 0 0.88 0 0 0.93 0 0 0 0 0 0 0.96 0 0 0.29 0 0 0 0 0 0 0 0 0 0 0 0 0 0 0 0 0 0 0 0 0 0 0 0 0 0 0 0 0 0 0 0 0 0 0 0 0 0 0 0 0 0 2.02 0 0 0 0 0 0 0 0 0 3.35 0 0 0 0 0 0 0 0 0 6.08 0 0 0 3.19 0 0 0.39 0 0 0 0 0 0 3.31 0 0 0.26 0 0 0 0 0 0 1.29 0 0 2.83 0 0 0 0 0 0 0 0 0 0 0 0 0 0 0 0 0 0 0 0 0 0 0 0 0 0 0 0 0 0 0 0 0 0 0 0 0 0 0 0 0 0 4.21 0 0 0 0 0 0 0 0 0 0.24 0 0 0 0 0 0 0 0 0 1.58 0 0 0 4.21 0 0 2.39 0 0 0 0 0 0 2.72 0 0 1.18 0 0 0 0 0 0 0.24 0 0 2.04 0 0 0 0 0 0 0 0 0 0 0 0 0 0 0 0 0 0 0 0 0 0 0 0 0 0 0 0 0 0 0 0 0 0 0 0 0 0 0 0 0 0 1.66 0 0 0 0 0 0 0 0 0 0.66 0 0 0 0 0 0 0 0 0 0.36 0 0 
0 0 0 0 0 0 0 0.93 0 0 0 0 0 0 0 0 0 5.44 0 0 0 0 0 0 0 0 0 2.58 0 0 0 2.17 0 0 0.12 0 0 0 0 0 0 0.13 0 0 4.66 0 0 0 0 0 0 0.31 0 0 2.68 0 0 0 0 0 0 0 0 0 0 0 0 0 0 0 0 0 0 0 0 0 0 0 0 0 0 0 0 0 0 0 0 0 0 0 0 0 0 0 0 0 0 2.37 0 0 0 0 0 0 0 0 0 0.22 0 0 0 0 0 0 0 0 0 1.22 0 0 0 1.42 0 0 5.08 0 0 0 0 0 0 4.61 0 0 4.62 0 0 0 0 0 0 2.23 0 0 0.71 0 0 0 0 0 0 0 0 0 0 0 0 0 0 0 0 0 0 0 0 0 0 0 0 0 0 0 0 0 0 0 0 0 0 0 0 0 0 0 0 0 0 0.26 0 0 0 0 0 0 0 0 0 2.34 0 0 0 0 0 0 0 0 0 2.83 0 0 0 5.38 0 0 3.73 0 0 0 0 0 0 1.45 0 0 4.03 0 0 0 0 0 0 0.95 0 0 4.43 0 0 0 0 0 0 0 0 0 0 0 0 0 0 0 0 0 0 0 0 0 0 0 0 0 0 0 0 0 0 0 0 0 0 0 0 0 0 0 0 0 0 1.94 0 0 0 0 0 0 0 0 0 1.25 0 0 0 0 0 0 0 0 0 0.67 0 0 0 0 0 0 0 0 0 4.35 0 0 0 0 0 0 0 0 0 0.53 0 0 0 0 0 0 0 0 0 3.34 0 0 0 0.15 0 0 0.47 0 0 0 0 0 0 4.57 0 0 0.25 0 0 0 0 0 0 2.13 0 0 3.13 0 0 0 0 0 0 0 0 0 0 0 0 0 0 0 0 0 0 0 0 0 0 0 0 0 0 0 0 0 0 0 0 0 0 0 0 0 0 0 0 0 0 0.16 0 0 0 0 0 0 0 0 0 3.95 0 0 0 0 0 0 0 0 0 0.53 0 0 0 3.54 0 0 0.68 0 0 0 0 0 0 1.29 0 0 5.14 0 0 0 0 0 0 5.17 0 0 2.81 0 0 0 0 0 0 0 0 0 0 0 0 0 0 0 0 0 0 0 0 0 0 0 0 0 0 0 0 0 0 0 0 0 0 0 0 0 0 0 0 0 0 1.11 0 0 0 0 0 0 0 0 0 5.32 0 0 0 0 0 0 0 0 0 2.22 0 0 0 0.35 0 0 1.81 0 0 0 0 0 0 1.29 0 0 1.17 0 0 0 0 0 0 2.69 0 0 2.55 0 0 0 0 0 0 0 0 0 0 0 0 0 0 0 0 0 0 0 0 0 0 0 0 0 0 0 0 0 0 0 0 0 0 0 0 0 0 0 0 0 0 0.62 0 0 0 0 0 0 0 0 0 0.19 0 0 0 0 0 0 0 0 0 0.45 0 0 0 0 0 0 0 0 0 2.38 0 0 0 0 0 0 0 0 0 4.86 0 0 0 0 0 0 0 0 0 4.96 0 0 0 0.9 0 0 0.76 0 0 0 0 0 0 1.11 0 0 0.95 0 0 0 0 0 0 0.99 0 0 0.31 0 0 0 0 0 0 0 0 0 0 0 0 0 0 0 0 0 0 0 0 0 0 0 0 0 0 0 0 0 0 0 0 0 0 0 0 0 0 0 0 0 0 2.02 0 0 0 0 0 0 0 0 0 3.65 0 0 0 0 0 0 0 0 0 5.97 0 0 0 3.33 0 0 0.39 0 0 0 0 0 0 3.29 0 0 0.32 0 0 0 0 0 0 1.08 0 0 2.73 0 0 0 0 0 0 0 0 0 0 0 0 0 0 0 0 0 0 0 0 0 0 0 0 0 0 0 0 0 0 0 0 0 0 0 0 0 0 0 0 0 0 4.39 0 0 0 0 0 0 0 0 0 0.18 0 0 0 0 0 0 0 0 0 1.79 0 0 0 4.33 0 0 2.52 0 0 0 0 0 0 2.41 0 0 1.05 0 0 0 0 0 0 0.22 0 0 2.1 0 0 0 0 0 0 0 0 0 0 0 0 0 0 0 0 0 0 0 0 0 0 0 0 0 0 0 0 0 0 0 0 0 0 0 0 0 0 0 0 0 0 1.34 0 0 0 0 0 0 0 0 0 0.57 0 0 0 0 0 0 0 0 0 0.4 0 0 
0 0 0 0 0 0 0 1.05 0 0 0 0 0 0 0 0 0 5.55 0 0 0 0 0 0 0 0 0 2.84 0 0 0 2.03 0 0 0.1 0 0 0 0 0 0 0.09 0 0 4.58 0 0 0 0 0 0 0.38 0 0 2.85 0 0 0 0 0 0 0 0 0 0 0 0 0 0 0 0 0 0 0 0 0 0 0 0 0 0 0 0 0 0 0 0 0 0 0 0 0 0 0 0 0 0 2.15 0 0 0 0 0 0 0 0 0 0.31 0 0 0 0 0 0 0 0 0 1.45 0 0 0 1.47 0 0 5.2 0 0 0 0 0 0 4.65 0 0 4.91 0 0 0 0 0 0 2.23 0 0 0.52 0 0 0 0 0 0 0 0 0 0 0 0 0 0 0 0 0 0 0 0 0 0 0 0 0 0 0 0 0 0 0 0 0 0 0 0 0 0 0 0 0 0 0.43 0 0 0 0 0 0 0 0 0 2.24 0 0 0 0 0 0 0 0 0 2.97 0 0 0 5.13 0 0 3.95 0 0 0 0 0 0 1.35 0 0 4.22 0 0 0 0 0 0 1.3 0 0 4.32 0 0 0 0 0 0 0 0 0 0 0 0 0 0 0 0 0 0 0 0 0 0 0 0 0 0 0 0 0 0 0 0 0 0 0 0 0 0 0 0 0 0 1.98 0 0 0 0 0 0 0 0 0 1.29 0 0 0 0 0 0 0 0 0 0.68 0 0 0 0 0 0 0 0 0 4.68 0 0 0 0 0 0 0 0 0 0.71 0 0 0 0 0 0 0 0 0 3.18 0 0 0 0.19 0 0 0.36 0 0 0 0 0 0 4.87 0 0 0.27 0 0 0 0 0 0 2.1 0 0 3.16 0 0 0 0 0 0 0 0 0 0 0 0 0 0 0 0 0 0 0 0 0 0 0 0 0 0 0 0 0 0 0 0 0 0 0 0 0 0 0 0 0 0 0.18 0 0 0 0 0 0 0 0 0 3.73 0 0 0 0 0 0 0 0 0 0.42 0 0 0 3.56 0 0 0.84 0 0 0 0 0 0 1.47 0 0 4.77 0 0 0 0 0 0 5.14 0 0 2.84 0 0 0 0 0 0 0 0 0 0 0 0 0 0 0 0 0 0 0 0 0 0 0 0 0 0 0 0 0 0 0 0 0 0 0 0 0 0 0 0 0 0 0.88 0 0 0 0 0 0 0 0 0 5.48 0 0 0 0 0 0 0 0 0 2.21 0 0 0 0.37 0 0 1.78 0 0 0 0 0 0 1.15 0 0 1.48 0 0 0 0 0 0 2.58 0 0 2.46 0 0 0 0 0 0 0 0 0 0 0 0 0 0 0 0 0 0 0 0 0 0 0 0 0 0 0 0 0 0 0 0 0 0 0 0 0 0 0 0 0 0 0.64 0 0 0 0 0 0 0 0 0 0.22 0 0 0 0 0 0 0 0 0 0.43 0 0 0 0 0 0 0 0 0 2.55 0 0 0 0 0 0 0 0 0 4.84 0 0 0 0 0 0 0 0 0 4.82 0 0 0 0.79 0 0 0.84 0 0 0 0 0 0 0.82 0 0 0.89 0 0 0 0 0 0 0.67 0 0 0.26 0 0 0 0 0 0 0 0 0 0 0 0 0 0 0 0 0 0 0 0 0 0 0 0 0 0 0 0 0 0 0 0 0 0 0 0 0 0 0 0 0 0 1.88 0 0 0 0 0 0 0 0 0 3.79 0 0 0 0 0 0 0 0 0 5.94 0 0 0 3.14 0 0 0.36 0 0 0 0 0 0 3.22 0 0 0.34 0 0 0 0 0 0 1.14 0 0 2.87 0 0 0 0 0 0 0 0 0 0 0 0 0 0 0 0 0 0 0 0 0 0 0 0 0 0 0 0 0 0 0 0 0 0 0 0 0 0 0 0 0 0 4.5 0 0 0 0 0 0 0 0 0 0.3 0 0 0 0 0 0 0 0 0 1.64 0 0 0 4.19 0 0 2.37 0 0 0 0 0 0 2.4 0 0 1.01 0 0 0 0 0 0 0.19 0 0 1.94 0 0 0 0 0 0 0 0 0 0 0 0 0 0 0 0 0 0 0 0 0 0 0 0 0 0 0 0 0 0 0 0 0 0 0 0 0 0 0 0 0 0 1.42 0 0 0 0 0 0 0 0 0 0.78 0 0 0 0 0 0 0 0 0 0.37 0 0 
0 0 0 0 0 0 0 0.93 0 0 0 0 0 0 0 0 0 5.57 0 0 0 0 0 0 0 0 0 2.88 0 0 0 1.97 0 0 0.08 0 0 0 0 0 0 0.12 0 0 4.82 0 0 0 0 0 0 0.26 0 0 2.69 0 0 0 0 0 0 0 0 0 0 0 0 0 0 0 0 0 0 0 0 0 0 0 0 0 0 0 0 0 0 0 0 0 0 0 0 0 0 0 0 0 0 2.61 0 0 0 0 0 0 0 0 0 0.23 0 0 0 0 0 0 0 0 0 1.25 0 0 0 1.54 0 0 4.93 0 0 0 0 0 0 4.86 0 0 4.83 0 0 0 0 0 0 2.24 0 0 0.55 0 0 0 0 0 0 0 0 0 0 0 0 0 0 0 0 0 0 0 0 0 0 0 0 0 0 0 0 0 0 0 0 0 0 0 0 0 0 0 0 0 0 0.41 0 0 0 0 0 0 0 0 0 2.3 0 0 0 0 0 0 0 0 0 2.94 0 0 0 5.58 0 0 4.01 0 0 0 0 0 0 1.43 0 0 4.17 0 0 0 0 0 0 1.14 0 0 4.39 0 0 0 0 0 0 0 0 0 0 0 0 0 0 0 0 0 0 0 0 0 0 0 0 0 0 0 0 0 0 0 0 0 0 0 0 0 0 0 0 0 0 1.86 0 0 0 0 0 0 0 0 0 1.44 0 0 0 0 0 0 0 0 0 0.67 0 0 0 0 0 0 0 0 0 4.63 0 0 0 0 0 0 0 0 0 0.72 0 0 0 0 0 0 0 0 0 3.58 0 0 0 0.14 0 0 0.44 0 0 0 0 0 0 4.49 0 0 0.22 0 0 0 0 0 0 2.1 0 0 3.55 0 0 0 0 0 0 0 0 0 0 0 0 0 0 0 0 0 0 0 0 0 0 0 0 0 0 0 0 0 0 0 0 0 0 0 0 0 0 0 0 0 0 0.29 0 0 0 0 0 0 0 0 0 3.62 0 0 0 0 0 0 0 0 0 0.54 0 0 0 3.51 0 0 0.86 0 0 0 0 0 0 1.32 0 0 4.98 0 0 0 0 0 0 5.33 0 0 2.9 0 0 0 0 0 0 0 0 0 0 0 0 0 0 0 0 0 0 0 0 0 0 0 0 0 0 0 0 0 0 0 0 0 0 0 0 0 0 0 0 0 0 1.06 0 0 0 0 0 0 0 0 0 5.43 0 0 0 0 0 0 0 0 0 2.3 0 0 0 0.43 0 0 1.95 0 0 0 0 0 0 1 0 0 1.51 0 0 0 0 0 0 2.63 0 0 2.53 0 0 0 0 0 0 0 0 0 0 0 0 0 0 0 0 0 0 0 0 0 0 0 0 0 0 0 0 0 0 0 0 0 0 0 0 0 0 0 0 0 0 0.51 0 0 0 0 0 0 0 0 0 0.2 0 0 0 0 0 0 0 0 0 0.31 0 0 0 0 0 0 0 0 0 2.38 0 0 0 0 0 0 0 0 0 4.83 0 0 0 0 0 0 0 0 0 5 0 0 0 0.9 0 0 0.77 0 0 0 0 0 0 1 0 0 1.06 0 0 0 0 0 0 0.83 0 0 0.37 0 0 0 0 0 0 0 0 0 0 0 0 0 0 0 0 0 0 0 0 0 0 0 0 0 0 0 0 0 0 0 0 0 0 0 0 0 0 0 0 0 0 2.19 0 0 0 0 0 0 0 0 0 3.47 0 0 0 0 0 0 0 0 0 5.96 0 0 0 3.18 0 0 0.36 0 0 0 0 0 0 3.27 0 0 0.28 0 0 0 0 0 0 1.13 0 0 2.83 0 0 0 0 0 0 0 0 0 0 0 0 0 0 0 0 0 0 0 0 0 0 0 0 0 0 0 0 0 0 0 0 0 0 0 0 0 0 0 0 0 0 4.65 0 0 0 0 0 0 0 0 0 0.2 0 0 0 0 0 0 0 0 0 1.61 0 0 0 4.47 0 0 2.33 0 0 0 0 0 0 2.49 0 0 1.22 0 0 0 0 0 0 0.2 0 0 1.99 0 0 0 0 0 0 0 0 0 0 0 0 0 0 0 0 0 0 0 0 0 0 0 0 0 0 0 0 0 0 0 0 0 0 0 0 0 0 0 0 0 0 1.5 0 0 0 0 0 0 0 0 0 0.57 0 0 0 0 0 0 0 0 0 0.51 0 0 
0 0 0 0 0 0 0 1.02 0 0 0 0 0 0 0 0 0 5.68 0 0 0 0 0 0 0 0 0 2.99 0 0 0 1.97 0 0 0.16 0 0 0 0 0 0 0.08 0 0 4.87 0 0 0 0 0 0 0.31 0 0 2.56 0 0 0 0 0 0 0 0 0 0 0 0 0 0 0 0 0 0 0 0 0 0 0 0 0 0 0 0 0 0 0 0 0 0 0 0 0 0 0 0 0 0 2.39 0 0 0 0 0 0 0 0 0 0.27 0 0 0 0 0 0 0 0 0 1.32 0 0 0 1.44 0 0 5.15 0 0 0 0 0 0 5.01 0 0 4.76 0 0 0 0 0 0 2.13 0 0 0.52 0 0 0 0 0 0 0 0 0 0 0 0 0 0 0 0 0 0 0 0 0 0 0 0 0 0 0 0 0 0 0 0 0 0 0 0 0 0 0 0 0 0 0.45 0 0 0 0 0 0 0 0 0 2.12 0 0 0 0 0 0 0 0 0 2.76 0 0 0 5.5 0 0 4.05 0 0 0 0 0 0 1.25 0 0 4.22 0 0 0 0 0 0 1.14 0 0 4.4 0 0 0 0 0 0 0 0 0 0 0 0 0 0 0 0 0 0 0 0 0 0 0 0 0 0 0 0 0 0 0 0 0 0 0 0 0 0 0 0 0 0 1.93 0 0 0 0 0 0 0 0 0 1.32 0 0 0 0 0 0 0 0 0 0.72 0 0 0 0 0 0 0 0 0 4.51 0 0 0 0 0 0 0 0 0 0.62 0 0 0 0 0 0 0 0 0 3.17 0 0 0 0.21 0 0 0.47 0 0 0 0 0 0 4.73 0 0 0.19 0 0 0 0 0 0 2.25 0 0 3.36 0 0 0 0 0 0 0 0 0 0 0 0 0 0 0 0 0 0 0 0 0 0 0 0 0 0 0 0 0 0 0 0 0 0 0 0 0 0 0 0 0 0 0.18 0 0 0 0 0 0 0 0 0 3.69 0 0 0 0 0 0 0 0 0 0.56 0 0 0 3.7 0 0 0.73 0 0 0 0 0 0 1.38 0 0 4.92 0 0 0 0 0 0 5.2 0 0 2.61 0 0 0 0 0 0 0 0 0 0 0 0 0 0 0 0 0 0 0 0 0 0 0 0 0 0 0 0 0 0 0 0 0 0 0 0 0 0 0 0 0 0 0.97 0 0 0 0 0 0 0 0 0 5.35 0 0 0 0 0 0 0 0 0 2.25 0 0 0 0.51 0 0 2.02 0 0 0 0 0 0 1.12 0 0 1.28 0 0 0 0 0 0 2.61 0 0 2.48 0 0 0 0 0 0 0 0 0 0 0 0 0 0 0 0 0 0 0 0 0 0 0 0 0 0 0 0 0 0 0 0 0 0 0 0 0 0 0 0 0 0 0.59 0 0 0 0 0 0 0 0 0 0.18 0 0 0 0 0 0 0 0 0 0.48 0 0 0 0 0 0 0 0 0 2.41 0 0 0 0 0 0 0 0 0 4.77 0 0 0 0 0 0 0 0 0 5.01 0 0 0 0.88 0 0 0.86 0 0 0 0 0 0 0.85 0 0 0.82 0 0 0 0 0 0 0.74 0 0 0.38 0 0 0 0 0 0 0 0 0 0 0 0 0 0 0 0 0 0 0 0 0 0 0 0 0 0 0 0 0 0 0 0 0 0 0 0 0 0 0 0 0 0 1.82 0 0 0 0 0 0 0 0 0 3.58 0 0 0 0 0 0 0 0 0 6.11 0 0 0 3.35 0 0 0.28 0 0 0 0 0 0 3.04 0 0 0.31 0 0 0 0 0 0 1.19 0 0 2.69 0 0 0 0 0 0 0 0 0 0 0 0 0 0 0 0 0 0 0 0 0 0 0 0 0 0 0 0 0 0 0 0 0 0 0 0 0 0 0 0 0 0 4.21 0 0 0 0 0 0 0 0 0 0.24 0 0 0 0 0 0 0 0 0 1.41 0 0 0 4.14 0 0 2.24 0 0 0 0 0 0 2.41 0 0 0.98 0 0 0 0 0 0 0.26 0 0 1.93 0 0 0 0 0 0 0 0 0 0 0 0 0 0 0 0 0 0 0 0 0 0 0 0 0 0 0 0 0 0 0 0 0 0 0 0 0 0 0 0 0 0 1.45 0 0 0 0 0 0 0 0 0 0.64 0 0 0 0 0 0 0 0 0 0.51 0 0 
0 0 0 0 0 0 0 0.92 0 0 0 0 0 0 0 0 0 5.68 0 0 0 0 0 0 0 0 0 2.86 0 0 0 2 0 0 0.1 0 0 0 0 0 0 0.13 0 0 4.89 0 0 0 0 0 0 0.35 0 0 2.61 0 0 0 0 0 0 0 0 0 0 0 0 0 0 0 0 0 0 0 0 0 0 0 0 0 0 0 0 0 0 0 0 0 0 0 0 0 0 0 0 0 0 2.48 0 0 0 0 0 0 0 0 0 0.32 0 0 0 0 0 0 0 0 0 1.46 0 0 0 1.46 0 0 5.05 0 0 0 0 0 0 4.89 0 0 4.87 0 0 0 0 0 0 2.2 0 0 0.65 0 0 0 0 0 0 0 0 0 0 0 0 0 0 0 0 0 0 0 0 0 0 0 0 0 0 0 0 0 0 0 0 0 0 0 0 0 0 0 0 0 0 0.58 0 0 0 0 0 0 0 0 0 2.3 0 0 0 0 0 0 0 0 0 2.96 0 0 0 5.46 0 0 3.85 0 0 0 0 0 0 1.49 0 0 4.27 0 0 0 0 0 0 1.23 0 0 4.65 0 0 0 0 0 0 0 0 0 0 0 0 0 0 0 0 0 0 0 0 0 0 0 0 0 0 0 0 0 0 0 0 0 0 0 0 0 0 0 0 0 0 1.84 0 0 0 0 0 0 0 0 0 1.28 0 0 0 0 0 0 0 0 0 0.74 0 0 0 0 0 0 0 0 0 4.43 0 0 0 0 0 0 0 0 0 0.71 0 0 0 0 0 0 0 0 0 3.22 0 0 0 0.2 0 0 0.55 0 0 0 0 0 0 4.67 0 0 0.21 0 0 0 0 0 0 2.33 0 0 3.16 0 0 0 0 0 0 0 0 0 0 0 0 0 0 0 0 0 0 0 0 0 0 0 0 0 0 0 0 0 0 0 0 0 0 0 0 0 0 0 0 0 0 0.23 0 0 0 0 0 0 0 0 0 3.63 0 0 0 0 0 0 0 0 0 0.56 0 0 0 3.44 0 0 0.82 0 0 0 0 0 0 1.4 0 0 4.71 0 0 0 0 0 0 5.16 0 0 2.61 0 0 0 0 0 0 0 0 0 0 0 0 0 0 0 0 0 0 0 0 0 0 0 0 0 0 0 0 0 0 0 0 0 0 0 0 0 0 0 0 0 0 0.87 0 0 0 0 0 0 0 0 0 5.46 0 0 0 0 0 0 0 0 0 2.18 0 0 0 0.52 0 0 1.83 0 0 0 0 0 0 1.21 0 0 1.27 0 0 0 0 0 0 2.61 0 0 2.36 0 0 0 0 0 0 0 0 0 0 0 0 0 0 0 0 0 0 0 0 0 0 0 0 0 0 0 0 0 0 0 0 0 0 0 0 0 0 0 0 0 0 0.62 0 0 0 0 0 0 0 0 0 0.22 0 0 0 0 0 0 0 0 0 0.45 0 0 0 0 0 0 0 0 0 2.59 0 0 0 0 0 0 0 0 0 4.64 0 0 0 0 0 0 0 0 0 5.02 0 0 0 0.64 0 0 1.02 0 0 0 0 0 0 1.01 0 0 0.75 0 0 0 0 0 0 0.9 0 0 0.3 0 0 0 0 0 0 0 0 0 0 0 0 0 0 0 0 0 0 0 0 0 0 0 0 0 0 0 0 0 0 0 0 0 0 0 0 0 0 0 0 0 0 1.93 0 0 0 0 0 0 0 0 0 3.7 0 0 0 0 0 0 0 0 0 6.02 0 0 0 3.41 0 0 0.3 0 0 0 0 0 0 3.3 0 0 0.33 0 0 0 0 0 0 0.99 0 0 2.79 0 0 0 0 0 0 0 0 0 0 0 0 0 0 0 0 0 0 0 0 0 0 0 0 0 0 0 0 0 0 0 0 0 0 0 0 0 0 0 0 0 0 4.52 0 0 0 0 0 0 0 0 0 0.14 0 0 0 0 0 0 0 0 0 1.43 0 0 0 4.28 0 0 2.08 0 0 0 0 0 0 2.69 0 0 0.88 0 0 0 0 0 0 0.2 0 0 1.9 0 0 0 0 0 0 0 0 0 0 0 0 0 0 0 0 0 0 0 0 0 0 0 0 0 0 0 0 0 0 0 0 0 0 0 0 0 0 0 0 0 0 1.53 0 0 0 0 0 0 0 0 0 0.69 0 0 0 0 0 0 0 0 0 0.38 0 0 
0 0 0 0 0 0 0 1.11 0 0 0 0 0 0 0 0 0 5.48 0 0 0 0 0 0 0 0 0 2.9 0 0 0 1.97 0 0 0.09 0 0 0 0 0 0 0.15 0 0 4.82 0 0 0 0 0 0 0.38 0 0 2.62 0 0 0 0 0 0 0 0 0 0 0 0 0 0 0 0 0 0 0 0 0 0 0 0 0 0 0 0 0 0 0 0 0 0 0 0 0 0 0 0 0 0 2.42 0 0 0 0 0 0 0 0 0 0.27 0 0 0 0 0 0 0 0 0 1.38 0 0 0 1.46 0 0 5.01 0 0 0 0 0 0 4.7 0 0 4.74 0 0 0 0 0 0 2.14 0 0 0.76 0 0 0 0 0 0 0 0 0 0 0 0 0 0 0 0 0 0 0 0 0 0 0 0 0 0 0 0 0 0 0 0 0 0 0 0 0 0 0 0 0 0 0.46 0 0 0 0 0 0 0 0 0 2.28 0 0 0 0 0 0 0 0 0 2.88 0 0 0 5.56 0 0 4.01 0 0 0 0 0 0 1.47 0 0 4 0 0 0 0 0 0 1.18 0 0 4.55 0 0 0 0 0 0 0 0 0 0 0 0 0 0 0 0 0 0 0 0 0 0 0 0 0 0 0 0 0 0 0 0 0 0 0 0 0 0 0 0 0 0 1.9 0 0 0 0 0 0 0 0 0 1.25 0 0 0 0 0 0 0 0 0 0.83 0 0 0 0 0 0 0 0 0 4.4 0 0 0 0 0 0 0 0 0 0.51 0 0 0 0 0 0 0 0 0 3.13 0 0 0 0.13 0 0 0.42 0 0 0 0 0 0 4.77 0 0 0.25 0 0 0 0 0 0 2.23 0 0 3.1 0 0 0 0 0 0 0 0 0 0 0 0 0 0 0 0 0 0 0 0 0 0 0 0 0 0 0 0 0 0 0 0 0 0 0 0 0 0 0 0 0 0 0.27 0 0 0 0 0 0 0 0 0 3.74 0 0 0 0 0 0 0 0 0 0.49 0 0 0 3.84 0 0 0.87 0 0 0 0 0 0 1.49 0 0 5.19 0 0 0 0 0 0 5.24 0 0 2.66 0 0 0 0 0 0 0 0 0 0 0 0 0 0 0 0 0 0 0 0 0 0 0 0 0 0 0 0 0 0 0 0 0 0 0 0 0 0 0 0 0 0 1.05 0 0 0 0 0 0 0 0 0 5.56 0 0 0 0 0 0 0 0 0 2.06 0 0 0 0.51 0 0 1.8 0 0 0 0 0 0 1.19 0 0 1.53 0 0 0 0 0 0 2.55 0 0 2.47 0 0 0 0 0 0 0 0 0 0 0 0 0 0 0 0 0 0 0 0 0 0 0 0 0 0 0 0 0 0 0 0 0 0 0 0 0 0 0 0 0 0 0.66 0 0 0 0 0 0 0 0 0 0.19 0 0 0 0 0 0 0 0 0 0.44 0 0 0 0 0 0 0 0 0 2.43 0 0 0 0 0 0 0 0 0 4.81 0 0 0 0 0 0 0 0 0 4.88 0 0 0 0.78 0 0 0.9 0 0 0 0 0 0 1.07 0 0 0.92 0 0 0 0 0 0 0.76 0 0 0.35 0 0 0 0 0 0 0 0 0 0 0 0 0 0 0 0 0 0 0 0 0 0 0 0 0 0 0 0 0 0 0 0 0 0 0 0 0 0 0 0 0 0 2.11 0 0 0 0 0 0 0 0 0 3.48 0 0 0 0 0 0 0 0 0 6.11 0 0 0 3.2 0 0 0.36 0 0 0 0 0 0 3.2 0 0 0.34 0 0 0 0 0 0 1.27 0 0 2.63 0 0 0 0 0 0 0 0 0 0 0 0 0 0 0 0 0 0 0 0 0 0 0 0 0 0 0 0 0 0 0 0 0 0 0 0 0 0 0 0 0 0 4.13 0 0 0 0 0 0 0 0 0 0.27 0 0 0 0 0 0 0 0 0 1.6 0 0 0 4.03 0 0 2.2 0 0 0 0 0 0 2.62 0 0 1.1 0 0 0 0 0 0 0.25 0 0 1.83 0 0 0 0 0 0 0 0 0 0 0 0 0 0 0 0 0 0 0 0 0 0 0 0 0 0 0 0 0 0 0 0 0 0 0 0 0 0 0 0 0 0 1.39 0 0 0 0 0 0 0 0 0 0.61 0 0 0 0 0 0 0 0 0 0.35 0 0 
0 0 0 0 0 0 0 0.82 0 0 0 0 0 0 0 0 0 5.76 0 0 0 0 0 0 0 0 0 2.95 0 0 0 1.99 0 0 0.06 0 0 0 0 0 0 0.06 0 0 4.66 0 0 0 0 0 0 0.26 0 0 2.54 0 0 0 0 0 0 0 0 0 0 0 0 0 0 0 0 0 0 0 0 0 0 0 0 0 0 0 0 0 0 0 0 0 0 0 0 0 0 0 0 0 0 2.5 0 0 0 0 0 0 0 0 0 0.28 0 0 0 0 0 0 0 0 0 1.6 0 0 0 1.4 0 0 5.1 0 0 0 0 0 0 4.76 0 0 4.54 0 0 0 0 0 0 2.09 0 0 0.45 0 0 0 0 0 0 0 0 0 0 0 0 0 0 0 0 0 0 0 0 0 0 0 0 0 0 0 0 0 0 0 0 0 0 0 0 0 0 0 0 0 0 0.47 0 0 0 0 0 0 0 0 0 2.26 0 0 0 0 0 0 0 0 0 2.74 0 0 0 5.49 0 0 3.8 0 0 0 0 0 0 1.45 0 0 3.95 0 0 0 0 0 0 1.24 0 0 4.48 0 0 0 0 0 0 0 0 0 0 0 0 0 0 0 0 0 0 0 0 0 0 0 0 0 0 0 0 0 0 0 0 0 0 0 0 0 0 0 0 0 0 1.77 0 0 0 0 0 0 0 0 0 1.32 0 0 0 0 0 0 0 0 0 0.62 0 0 0 0 0 0 0 0 0 4.46 0 0 0 0 0 0 0 0 0 0.64 0 0 0 0 0 0 0 0 0 3.34 0 0 0 0.17 0 0 0.53 0 0 0 0 0 0 4.87 0 0 0.34 0 0 0 0 0 0 2.26 0 0 3.18 0 0 0 0 0 0 0 0 0 0 0 0 0 0 0 0 0 0 0 0 0 0 0 0 0 0 0 0 0 0 0 0 0 0 0 0 0 0 0 0 0 0 0.24 0 0 0 0 0 0 0 0 0 3.82 0 0 0 0 0 0 0 0 0 0.44 0 0 0 3.51 0 0 0.94 0 0 0 0 0 0 1.45 0 0 5.16 0 0 0 0 0 0 5.05 0 0 2.72 0 0 0 0 0 0 0 0 0 0 0 0 0 0 0 0 0 0 0 0 0 0 0 0 0 0 0 0 0 0 0 0 0 0 0 0 0 0 0 0 0 0 0.95 0 0 0 0 0 0 0 0 0 5.39 0 0 0 0 0 0 0 0 0 2.18 0 0 0 0.56 0 0 1.79 0 0 0 0 0 0 1.13 0 0 1.34 0 0 0 0 0 0 2.52 0 0 2.56 0 0 0 0 0 0 0 0 0 0 0 0 0 0 0 0 0 0 0 0 0 0 0 0 0 0 0 0 0 0 0 0 0 0 0 0 0 0 0 0 0 0 0.54 0 0 0 0 0 0 0 0 0 0.19 0 0 0 0 0 0 0 0 0 0.4 0 0 0 0 0 0 0 0 0 2.33 0 0 0 0 0 0 0 0 0 4.55 0 0 0 0 0 0 0 0 0 4.96 0 0 0 0.93 0 0 0.9 0 0 0 0 0 0 0.83 0 0 0.85 0 0 0 0 0 0 0.8 0 0 0.29 0 0 0 0 0 0 0 0 0 0 0 0 0 0 0 0 0 0 0 0 0 0 0 0 0 0 0 0 0 0 0 0 0 0 0 0 0 0 0 0 0 0 2.03 0 0 0 0 0 0 0 0 0 3.75 0 0 0 0 0 0 0 0 0 5.94 0 0 0 3.08 0 0 0.35 0 0 0 0 0 0 3.26 0 0 0.36 0 0 0 0 0 0 1.31 0 0 2.76 0 0 0 0 0 0 0 0 0 0 0 0 0 0 0 0 0 0 0 0 0 0 0 0 0 0 0 0 0 0 0 0 0 0 0 0 0 0 0 0 0 0 4.46 0 0 0 0 0 0 0 0 0 0.26 0 0 0 0 0 0 0 0 0 1.58 0 0 0 4.06 0 0 2.34 0 0 0 0 0 0 2.54 0 0 0.91 0 0 0 0 0 0 0.16 0 0 1.93 0 0 0 0 0 0 0 0 0 0 0 0 0 0 0 0 0 0 0 0 0 0 0 0 0 0 0 0 0 0 0 0 0 0 0 0 0 0 0 0 0 0 1.44 0 0 0 0 0 0 0 0 0 0.58 0 0 0 0 0 0 0 0 0 0.41 0 0 
0 0 0 0 0 0 0 0.97 0 0 0 0 0 0 0 0 0 5.88 0 0 0 0 0 0 0 0 0 2.91 0 0 0 1.95 0 0 0.14 0 0 0 0 0 0 0.12 0 0 4.63 0 0 0 0 0 0 0.37 0 0 2.65 0 0 0 0 0 0 0 0 0 0 0 0 0 0 0 0 0 0 0 0 0 0 0 0 0 0 0 0 0 0 0 0 0 0 0 0 0 0 0 0 0 0 2.51 0 0 0 0 0 0 0 0 0 0.17 0 0 0 0 0 0 0 0 0 1.12 0 0 0 1.56 0 0 5.16 0 0 0 0 0 0 4.76 0 0 4.65 0 0 0 0 0 0 2.18 0 0 0.65 0 0 0 0 0 0 0 0 0 0 0 0 0 0 0 0 0 0 0 0 0 0 0 0 0 0 0 0 0 0 0 0 0 0 0 0 0 0 0 0 0 0 0.27 0 0 0 0 0 0 0 0 0 2.13 0 0 0 0 0 0 0 0 0 2.78 0 0 0 5.67 0 0 3.79 0 0 0 0 0 0 1.38 0 0 4.13 0 0 0 0 0 0 1.11 0 0 4.65 0 0 0 0 0 0 0 0 0 0 0 0 0 0 0 0 0 0 0 0 0 0 0 0 0 0 0 0 0 0 0 0 0 0 0 0 0 0 0 0 0 0 1.82 0 0 0 0 0 0 0 0 0 1.43 0 0 0 0 0 0 0 0 0 0.76 0 0 0 0 0 0 0 0 0 4.28 0 0 0 0 0 0 0 0 0 0.59 0 0 0 0 0 0 0 0 0 3.43 0 0 0 0.22 0 0 0.49 0 0 0 0 0 0 4.58 0 0 0.33 0 0 0 0 0 0 2.27 0 0 3.36 0 0 0 0 0 0 0 0 0 0 0 0 0 0 0 0 0 0 0 0 0 0 0 0 0 0 0 0 0 0 0 0 0 0 0 0 0 0 0 0 0 0 0.25 0 0 0 0 0 0 0 0 0 3.67 0 0 0 0 0 0 0 0 0 0.52 0 0 0 3.58 0 0 0.88 0 0 0 0 0 0 1.38 0 0 5.16 0 0 0 0 0 0 5.14 0 0 2.64 0 0 0 0 0 0 0 0 0 0 0 0 0 0 0 0 0 0 0 0 0 0 0 0 0 0 0 0 0 0 0 0 0 0 0 0 0 0 0 0 0 0 1.17 0 0 0 0 0 0 0 0 0 5.29 0 0 0 0 0 0 0 0 0 2.15 0 0 0 0.37 0 0 1.89 0 0 0 0 0 0 1.18 0 0 1.37 0 0 0 0 0 0 2.67 0 0 2.53 0 0 0 0 0 0 0 0 0 0 0 0 0 0 0 0 0 0 0 0 0 0 0 0 0 0 0 0 0 0 0 0 0 0 0 0 0 0 0 0 0 0 0.63 0 0 0 0 0 0 0 0 0 0.2 0 0 0 0 0 0 0 0 0 0.3 0 0 0 0 0 0 0 0 0 2.54 0 0 0 0 0 0 0 0 0 4.65 0 0 0 0 0 0 0 0 0 4.91 0 0 0 0.94 0 0 0.83 0 0 0 0 0 0 0.93 0 0 0.87 0 0 0 0 0 0 0.89 0 0 0.29 0 0 0 0 0 0 0 0 0 0 0 0 0 0 0 0 0 0 0 0 0 0 0 0 0 0 0 0 0 0 0 0 0 0 0 0 0 0 0 0 0 0 2.06 0 0 0 0 0 0 0 0 0 3.58 0 0 0 0 0 0 0 0 0 5.93 0 0 0 3.29 0 0 0.31 0 0 0 0 0 0 3.21 0 0 0.39 0 0 0 0 0 0 1.16 0 0 2.91 0 0 0 0 0 0 0 0 0 0 0 0 0 0 0 0 0 0 0 0 0 0 0 0 0 0 0 0 0 0 0 0 0 0 0 0 0 0 0 0 0 0 4.3 0 0 0 0 0 0 0 0 0 0.21 0 0 0 0 0 0 0 0 0 1.64 0 0 0 4.34 0 0 2.38 0 0 0 0 0 0 2.44 0 0 1.03 0 0 0 0 0 0 0.17 0 0 2.01 0 0 0 0 0 0 0 0 0 0 0 0 0 0 0 0 0 0 0 0 0 0 0 0 0 0 0 0 0 0 0 0 0 0 0 0 0 0 0 0 0 0 1.49 0 0 0 0 0 0 0 0 0 0.62 0 0 0 0 0 0 0 0 0 0.38 0 0 

</Matrix>
   <Matrix name="spikesHistory" type="complete" rows="1" columns="100000" multiplier="1.0">
   0 0 0 0 0 1 3 3 3 0 2 1 5 2 2 1 1 1 3 1 1 2 3 1 4 2 3 2 2 3 1 1 2 3 5 4 1 3 4 2 2 2 2 2 3 1 1 2 1 1 1 2 1 1 2 9 2 0 4 0 1 2 0 1 1 3 2 0 1 1 3 3 5 1 1 4 1 1 1 1 4 1 2 4 2 4 2 3 1 1 3 0 1 3 5 2 1 3 3 2 1 3 2 3 1 1 6 0 1 0 1 2 4 2 1 0 1 1 1 1 4 1 4 2 0 1 2 0 4 1 2 1 2 5 1 1 5 2 3 2 2 4 2 0 3 3 0 4 1 1 2 0 1 3 3 4 3 0 4 3 2 2 0 1 1 5 2 2 2 1 2 1 2 1 3 1 4 0 0 1 4 4 3 2 2 0 3 2 4 3 2 2 3 3 2 2 1 1 2 0 2 2 2 4 7 0 2 0 2 2 2 2 1 0 2 3 3 1 0 2 1 3 0 2 1 0 1 3 4 3 0 2 2 1 2 4 1 0 2 1 3 1 2 0 0 7 5 1 0 4 1 1 5 0 1 2 2 4 1 1 2 0 3 2 4 2 2 3 4 0 4 1 0 1 2 3 4 3 2 6 2 2 2 1 1 1 3 2 0 1 0 3 1 2 1 4 4 1 2 3 1 3 3 0 2 2 2 3 2 1 2 1 1 0 0 2 3 0 2 2 1 1 1 2 2 0 2 1 3 2 1 1 1 2 3 0 1 1 2 0 2 2 1 2 2 2 0 4 3 3 2 1 3 2 3 3 3 0 3 2 3 0 3 1 1 1 0 3 3 3 1 3 0 1 3 2 3 3 3 1 0 3 3 2 0 2 2 1 2 4 2 4 5 1 2 0 0 2 2 3 1 0 1 4 1 4 1 3 3 0 2 2 1 1 0 1 2 2 2 1 2 2 2 1 2 3 4 0 2 4 0 1 1 2 3 3 3 1 1 1 2 1 5 3 2 6 2 0 1 0 2 3 4 2 3 2 1 1 1 2 2 3 2 1 1 1 1 5 0 0 3 1 2 5 4 0 0 3 4 2 0 1 4 1 1 4 1 2 2 2 1 0 3 0 3 2 0 3 3 1 1 2 2 1 0 0 1 3 1 2 1 1 2 1 2 3 2 3 1 0 3 2 2 0 2 2 6 0 0 5 0 4 1 1 4 2 1 1 1 2 2 4 1 2 1 2 2 1 0 0 0 4 1 5 3 4 2 2 3 1 2 1 4 4 4 0 2 4 0 2 0 4 0 0 1 3 3 2 0 3 1 4 0 2 3 2 0 3 2 2 5 0 3 3 1 2 3 3 2 2 1 1 3 0 1 3 4 0 0 2 1 2 0 1 6 3 2 1 5 1 1 1 0 3 2 3 4 4 2 1 2 1 1 2 2 2 2 1 4 0 1 3 0 1 2 4 2 4 2 2 2 1 0 4 0 2 3 1 2 1 0 0 3 3 4 2 3 2 2 1 2 0 3 3 2 5 1 3 4 0 3 3 2 0 2 2 3 1 2 1 0 2 3 1 1 1 2 5 0 2 2 3 2 2 3 1 3 2 3 0 4 1 2 1 1 4 4 1 1 4 0 4 0 1 1 0 1 1 2 3 1 3 3 0 3 2 3 2 0 2 0 4 4 0 3 3 2 0 1 3 2 1 2 1 3 1 3 2 3 2 2 2 2 2 2 0 1 1 1 2 5 5 3 0 1 0 2 1 0 2 3 1 2 3 2 0 1 2 3 0 0 1 2 2 2 0 1 1 5 1 2 2 2 2 2 2 6 2 1 2 3 1 0 3 4 1 4 2 1 2 2 2 2 4 3 3 3 1 2 3 1 4 2 1 1 1 3 1 0 3 2 3 3 2 0 6 1 1 4 3 1 3 1 4 4 2 1 1 1 3 6 3 0 2 3 2 2 1 2 3 2 1 2 6 2 2 0 5 4 4 2 2 3 3 0 1 5 4 1 3 3 3 5 0 3 3 0 3 1 1 2 1 2 4 1 4 0 1 2 1 0 2 3 2 1 5 1 3 1 2 4 1 6 1 1 2 0 3 2 1 7 2 0 2 2 1 3 0 4 1 3 3 2 2 5 1 2 1 0 1 0 2 2 5 1 0 3 1 2 1 2 1 0 2 4 0 2 1 2 4 3 0 2 2 1 4 3 2 2 0 2 2 2 1 0 1 1 1 2 2 2 1 2 5 3 1 2 1 2 3 0 2 1 1 2 2 2 2 3 3 1 3 4 1 3 3 2 3 0 1 3 2 2 0 2 2 2 0 1 1 6 1 2 1 1 4 1 3 1 3 4 1 1 0 2 0 0 1 1 3 2 0 4 1 0 2 3 1 6 4 2 2 3 1 4 1 0 4 2 2 1 3 2 1 1 2 3 2 5 2 0 2 2 0 4 2 1 1 4 3 2 1 3 0 1 1 2 2 2 4 3 2 1 5 1 4 1 1 0 0 2 2 1 1 0 3 3 1 2 6 1 3 1 2 0 1 3 1 1 1 3 2 3 3 1 1 2 2 2 5 2 3 0 4 3 1 1 3 1 2 0 1 1 1 4 2 2 3 2 1 2 3 2 1 1 1 3 1 7 1 2 1 2 2 2 5 3 2 0 2 2 2 1 0 1 1 2 1 2 2 2 1 2 1 2 2 1 1 3 2 4 0 0 2 2 3 2 2 1 1 5 3 2 5 1 5 3 1 3 1 2 2 3 2 2 3 4 2 2 2 2 0 1 4 0 2 2 5 1 1 4 4 1 0 2 0 1 4 4 2 1 1 5 3 0 1 4 1 2 4 3 2 4 0 2 1 2 1 1 2 2 5 1 1 2 2 0 2 3 1 2 0 2 3 0 0 0 0 0 3 3 2 3 1 0 2 2 4 1 1 0 2 3 5 1 1 2 1 1 2 3 4 3 1 3 4 0 1 3 4 2 0 0 1 2 2 1 1 2 1 2 3 2 1 4 1 3 2 0 3 1 2 3 0 1 0 1 0 2 4 2 3 2 1 0 5 2 4 2 3 2 0 4 4 4 4 1 0 1 2 2 2 1 3 3 2 2 5 2 2 6 1 1 1 2 1 0 4 1 1 0 4 2 4 1 7 3 2 2 4 3 1 4 2 4 0 0 3 0 4 1 4 4 3 1 4 0 1 0 2 2 3 3 1 0 2 2 2 4 2 2 3 0 0 4 1 3 0 2 2 4 4 4 1 0 3 1 0 3 1 1 3 0 2 3 0 2 2 4 1 1 3 2 1 2 3 2 1 2 3 1 1 2 4 2 4 0 2 2 3 3 1 2 2 0 1 0 2 3 3 0 4 1 0 0 3 3 2 3 4 0 0 3 0 2 0 5 0 1 1 1 4 3 0 2 2 1 2 0 3 1 2 4 2 1 2 1 1 5 3 3 3 1 1 2 4 3 3 0 2 2 3 2 4 0 3 4 1 4 0 0 2 2 3 0 2 2 0 3 2 3 1 3 2 2 1 2 4 2 2 3 3 4 3 2 1 2 3 2 1 1 2 1 1 2 5 3 1 2 3 3 0 2 1 2 0 1 2 1 0 2 1 5 3 2 3 2 5 2 2 0 2 1 4 0 1 3 1 3 2 4 2 1 6 2 3 2 0 1 3 1 5 0 4 1 2 5 4 0 4 1 0 3 7 3 3 2 2 1 2 2 2 0 2 0 1 1 2 2 2 2 5 2 0 3 6 2 1 1 1 4 2 2 1 3 0 4 2 2 2 2 1 3 1 2 2 3 2 1 0 3 5 1 3 2 2 4 3 1 1 1 1 3 4 2 4 1 0 3 2 2 3 1 3 2 2 4 2 2 1 5 1 3 0 3 2 5 1 1 1 0 0 2 0 2 2 1 2 3 2 3 4 2 4 1 1 1 1 3 1 0 1 1 1 1 3 1 3 1 1 3 3 5 3 2 1 1 3 0 2 3 1 2 2 1 2 2 2 0 1 2 1 2 1 2 0 5 3 1 2 6 1 3 4 0 1 2 4 1 0 2 2 2 1 2 2 5 2 2 4 3 2 3 0 1 4 2 3 3 2 3 2 1 4 3 1 1 1 2 3 2 3 0 1 4 1 2 3 2 3 2 4 1 2 7 0 3 3 2 1 0 0 3 1 0 2 3 2 4 1 1 3 4 1 2 0 0 6 4 1 0 2 1 2 0 3 1 2 2 1 2 1 4 1 2 2 1 4 2 1 2 5 1 1 2 2 2 3 3 1 3 0 5 4 2 2 2 2 2 0 3 1 1 3 3 2 1 4 5 2 0 2 1 1 1 2 2 1 1 4 1 1 3 2 1 1 3 2 1 1 1 1 0 1 6 1 2 0 2 1 1 2 5 4 2 1 3 1 1 1 2 4 0 1 3 1 3 2 4 3 0 3 2 1 2 3 3 2 3 0 4 4 4 1 2 3 2 2 2 1 1 1 3 1 2 1 1 1 2 1 1 3 4 1 2 6 0 4 3 0 4 2 1 2 4 2 3 0 1 2 3 3 1 3 2 1 0 0 0 2 3 1 4 2 5 2 3 2 3 1 0 3 2 0 5 1 2 4 0 1 1 0 3 2 2 0 1 1 1 4 2 1 3 4 1 2 1 2 3 1 2 1 2 3 3 2 3 0 3 1 1 4 1 1 2 1 2 4 2 1 1 3 2 0 1 2 2 2 4 3 0 5 5 3 2 3 2 3 0 1 3 3 2 3 1 2 2 1 3 1 4 4 0 0 3 1 1 1 2 1 3 1 0 4 1 4 1 2 2 3 3 4 0 0 2 1 2 5 4 1 2 1 0 0 5 3 2 1 3 3 3 2 1 2 2 0 2 2 1 3 3 1 1 3 2 3 1 1 2 2 2 1 1 2 3 1 2 4 2 1 1 2 6 4 1 4 3 1 0 3 1 1 3 4 1 0 1 3 5 1 1 1 5 1 3 3 2 1 1 0 3 2 0 2 3 2 1 0 2 1 1 3 1 5 3 2 3 1 4 3 2 2 3 2 4 4 1 0 1 1 2 1 3 2 1 2 1 1 2 1 2 0 2 1 3 3 2 2 0 3 3 2 3 3 3 4 2 2 3 5 1 4 1 4 1 1 1 1 1 6 2 0 6 4 1 4 3 3 1 1 3 1 3 5 0 2 2 2 2 2 2 4 0 7 1 2 0 4 1 3 0 0 1 1 2 1 3 4 1 2 3 3 2 3 3 3 1 1 2 0 4 1 2 1 2 4 1 2 0 4 3 1 1 1 3 1 0 0 2 2 1 3 3 3 0 0 3 4 1 3 1 3 1 2 1 3 4 4 1 1 1 4 1 1 2 2 2 2 1 4 3 2 1 2 2 1 5 1 2 3 0 2 3 0 2 3 1 2 1 4 1 3 1 1 3 3 3 5 1 3 2 3 2 2 0 3 1 1 1 0 1 3 4 1 2 0 1 5 1 0 4 1 2 2 3 5 1 3 3 2 3 1 1 1 2 1 2 5 1 1 2 2 2 1 2 1 3 1 2 2 2 2 0 2 3 2 0 4 1 1 2 1 5 1 1 5 3 2 1 3 4 1 2 1 4 3 4 0 2 2 1 2 3 1 2 2 2 0 1 2 1 3 1 2 2 2 0 2 2 2 3 2 2 0 3 1 3 2 1 0 0 1 2 8 1 2 0 0 2 1 1 3 5 0 1 6 1 1 1 1 2 2 1 1 1 0 3 2 1 1 1 3 4 1 1 0 2 4 1 1 2 0 3 0 0 3 1 1 4 1 2 2 4 2 1 3 2 3 1 3 2 0 2 1 3 1 3 1 2 3 0 2 3 1 0 3 0 1 2 1 1 5 5 3 0 2 0 1 1 4 1 1 0 3 1 4 3 2 2 1 0 3 1 3 2 2 0 2 3 1 2 1 2 1 2 0 2 2 6 0 2 3 1 1 3 3 3 1 1 2 4 3 2 2 3 1 4 0 1 2 2 1 4 1 2 2 4 2 1 2 3 2 1 3 7 1 2 2 3 3 0 2 3 3 0 1 4 4 2 0 1 1 2 1 5 2 2 3 1 0 1 2 2 1 1 3 2 4 1 0 1 4 3 3 3 2 2 1 2 0 3 1 4 1 1 1 2 2 2 1 2 1 2 2 1 2 1 3 0 4 2 4 0 2 0 0 3 1 4 4 1 3 2 2 3 4 3 2 3 1 1 2 0 0 3 1 4 3 2 0 3 5 2 3 0 1 3 2 2 1 1 3 2 0 1 2 1 2 4 3 2 0 0 0 1 4 1 1 0 3 1 1 4 0 1 2 0 1 0 1 0 2 4 1 3 4 4 1 1 3 1 1 1 4 1 2 1 1 2 1 0 3 1 2 1 2 2 2 3 2 0 2 3 1 2 2 2 3 1 1 1 2 3 2 0 0 0 4 2 2 2 2 3 3 0 4 3 1 0 4 5 2 2 3 2 2 3 1 1 0 1 0 0 3 2 2 4 2 0 0 2 3 4 0 2 0 2 2 2 2 2 0 3 3 4 2 3 3 1 3 0 2 0 2 3 5 3 1 0 0 4 1 0 5 1 3 2 2 2 2 3 1 1 3 3 0 2 2 3 0 3 0 1 3 5 2 1 1 1 1 4 3 4 1 3 1 3 3 2 1 0 0 3 1 0 3 3 1 1 1 1 0 4 3 3 0 1 3 4 1 1 4 3 4 2 4 0 1 3 0 3 3 3 1 2 0 0 1 3 1 3 2 2 3 0 1 0 6 2 0 2 4 0 0 1 1 3 4 3 0 2 2 1 2 0 3 1 2 1 3 2 3 2 0 2 0 2 2 3 1 1 3 2 3 4 0 2 4 0 1 1 1 0 3 3 0 4 0 1 1 1 3 1 0 4 3 1 1 2 3 5 1 1 2 1 0 2 1 1 2 3 1 2 2 1 2 3 3 1 0 2 3 2 2 0 1 1 2 1 4 0 0 1 5 4 2 1 2 0 3 1 1 1 2 2 2 2 0 2 1 2 2 2 0 0 4 2 1 1 2 3 5 3 1 1 0 1 2 4 1 2 1 0 1 1 2 3 1 1 1 2 3 2 0 4 3 0 3 1 1 3 2 2 1 1 2 2 2 3 0 1 0 2 2 2 1 1 1 2 1 2 2 4 1 0 3 0 3 1 2 2 0 0 1 1 1 1 2 1 3 0 2 7 1 3 3 1 0 1 1 0 0 1 2 3 2 5 1 3 2 0 3 2 1 4 3 3 3 3 1 1 1 2 1 3 2 1 2 2 3 1 2 4 1 1 1 2 4 5 2 1 1 2 0 3 2 2 1 4 2 1 3 0 3 1 2 4 1 3 1 1 2 4 1 2 3 3 4 2 1 5 2 0 1 0 1 2 5 1 4 3 1 0 1 3 3 2 1 2 1 4 2 1 1 3 0 2 3 2 1 1 3 2 1 0 3 1 2 3 3 1 1 1 3 1 4 2 3 1 3 2 0 1 1 1 1 2 4 5 0 1 2 1 2 3 0 1 3 3 2 1 1 2 0 1 2 0 3 3 7 1 1 1 2 3 2 3 4 3 0 4 2 0 1 4 2 0 1 1 6 1 3 3 2 2 2 2 2 4 1 1 1 0 2 4 3 3 0 3 1 5 0 0 3 1 3 2 1 0 5 1 1 2 2 2 5 2 0 2 1 1 1 2 0 4 5 1 2 3 1 0 1 0 4 3 0 1 0 2 2 2 2 1 0 1 4 2 1 0 0 1 2 1 3 3 1 3 2 4 3 4 5 5 1 1 0 4 2 1 4 0 3 5 3 3 3 2 1 3 2 1 2 1 2 1 2 4 2 0 2 3 1 4 3 3 1 1 2 3 1 1 3 0 3 0 2 2 3 2 3 5 1 5 2 0 2 4 2 4 3 3 1 2 5 3 2 1 0 4 0 2 3 3 5 1 0 1 2 2 3 1 1 1 0 2 2 3 3 1 2 3 5 1 2 1 4 3 4 2 1 2 2 3 1 1 3 3 1 1 2 2 3 4 3 3 4 2 2 0 2 3 2 4 0 2 0 2 3 0 2 3 1 3 4 2 4 2 2 1 1 0 0 2 4 4 3 1 1 5 1 3 3 2 0 1 2 0 3 0 0 0 1 2 0 4 3 2 3 1 4 0 4 0 0 1 2 0 0 2 1 2 5 0 5 0 3 2 4 1 2 4 2 3 2 3 1 2 0 1 4 1 1 1 3 2 4 2 2 1 2 1 1 1 5 0 5 2 0 4 3 2 2 1 1 2 1 1 2 3 0 1 1 2 3 3 0 1 4 2 4 3 3 0 1 2 0 3 2 3 1 4 1 3 1 1 3 3 0 2 2 1 1 1 2 2 2 1 1 1 5 4 2 1 3 0 1 4 2 0 2 2 1 2 3 2 1 3 1 3 0 3 3 0 0 0 2 5 2 0 0 5 4 1 2 1 4 1 3 4 2 0 4 2 5 2 3 1 2 1 2 0 3 2 1 2 0 3 3 2 6 3 3 0 2 0 2 2 0 1 0 1 5 1 3 2 3 2 0 1 1 1 3 2 4 1 3 0 0 0 1 2 1 2 0 4 4 2 4 2 2 1 1 2 1 1 1 1 4 1 1 1 2 3 1 1 4 2 1 3 3 2 1 2 3 2 0 2 2 2 3 3 7 0 1 2 3 4 2 3 3 2 2 0 0 3 5 1 1 0 2 3 2 5 0 2 3 6 1 1 2 2 3 0 1 2 2 3 0 2 4 0 1 5 4 3 3 3 1 3 4 3 2 0 4 1 4 0 1 1 3 4 0 2 1 2 2 2 0 1 2 2 0 1 2 2 1 2 2 0 2 3 3 3 3 4 0 4 1 0 3 2 2 2 3 1 3 0 2 2 4 1 2 0 1 1 1 3 1 3 1 1 0 2 4 5 1 1 1 2 3 0 1 3 2 1 4 3 0 0 5 1 2 3 2 1 1 1 1 1 0 1 1 1 1 3 1 1 4 0 0 1 1 2 3 3 1 6 1 4 2 4 2 4 2 0 0 1 2 4 2 2 4 0 3 5 0 4 1 2 2 1 2 3 1 1 2 2 2 0 3 2 2 1 3 3 3 1 2 3 0 7 0 0 4 1 1 2 3 0 1 2 2 1 1 1 1 4 1 2 1 1 6 2 3 3 0 1 3 0 2 1 3 2 0 1 1 1 2 2 6 3 2 3 0 3 1 3 3 1 0 3 2 4 3 2 2 2 1 3 2 2 0 2 2 3 2 1 1 1 1 3 4 4 5 3 4 0 5 0 1 2 3 1 0 1 4 2 2 2 5 2 1 4 1 3 4 0 1 0 2 2 4 2 3 2 1 1 2 2 1 0 1 1 3 2 6 1 3 1 1 2 2 5 2 0 0 1 0 0 1 0 6 6 0 3 5 2 2 1 1 3 4 2 2 1 1 1 2 1 1 2 3 0 0 1 2 2 1 1 4 1 0 1 1 3 0 4 2 3 3 2 1 3 2 4 3 1 1 0 6 2 2 2 3 2 2 1 1 2 4 2 2 1 1 3 2 1 0 4 1 0 0 3 1 3 1 0 3 2 1 3 5 1 1 1 1 0 1 2 1 1 2 3 3 3 2 2 1 1 1 2 3 1 3 2 4 1 3 0 2 3 5 0 0 4 3 1 1 3 2 0 2 3 4 4 1 1 1 1 1 0 3 2 0 3 2 2 3 1 2 3 1 4 1 2 4 1 0 2 1 0 2 3 3 1 4 0 2 1 1 6 1 1 2 1 2 1 2 2 1 2 3 2 1 3 4 0 3 1 1 2 2 1 1 1 2 2 1 0 3 1 2 0 5 2 1 1 3 4 2 0 1 1 1 4 3 0 1 2 5 2 4 1 4 1 4 3 1 1 3 1 2 4 1 0 2 0 1 2 3 2 3 4 0 2 4 2 1 4 3 0 2 1 0 2 0 0 3 2 2 2 4 2 0 3 2 4 1 4 2 1 1 3 2 2 1 4 1 2 2 0 1 2 6 2 2 3 1 1 1 2 2 0 2 2 3 5 0 3 2 2 3 2 0 1 2 0 2 1 2 1 3 2 1 4 1 3 3 2 2 3 0 1 4 2 2 3 1 1 2 7 1 3 3 5 1 1 3 2 2 3 3 1 1 1 5 4 1 0 3 3 3 1 0 3 3 1 0 3 1 1 3 2 1 3 2 4 1 1 2 1 0 3 0 3 3 1 2 2 3 5 1 2 4 1 0 2 2 0 3 2 2 2 0 0 1 3 2 1 0 2 1 3 1 1 2 3 2 0 5 1 1 3 1 1 4 2 1 0 4 1 2 2 1 2 5 3 1 1 4 4 2 1 3 1 2 1 2 3 3 3 1 2 1 0 2 0 3 2 1 0 1 5 2 0 5 1 3 1 1 2 1 1 4 4 5 4 0 2 0 1 1 2 3 2 2 4 5 1 1 1 2 1 3 2 0 1 2 2 4 0 0 0 3 1 3 2 3 3 1 1 2 5 1 4 1 2 2 2 2 1 2 1 2 2 0 3 2 2 2 3 2 6 2 1 0 1 1 3 1 1 3 2 2 3 1 3 4 2 1 1 2 2 2 2 3 1 1 2 1 2 2 1 1 1 0 1 1 5 4 0 0 2 1 4 3 0 4 5 2 1 1 1 2 3 2 2 1 3 1 2 1 2 0 1 4 3 2 1 1 0 4 1 2 2 2 1 2 1 2 2 1 4 1 2 2 4 1 2 2 4 0 3 4 2 3 4 1 4 0 1 1 5 1 4 1 2 4 2 3 2 0 2 2 4 1 0 2 2 3 1 1 3 3 2 2 1 1 3 1 3 0 3 1 2 3 2 1 0 2 0 3 3 3 2 2 1 2 1 3 3 2 2 0 2 4 1 0 1 0 2 2 0 0 2 3 1 0 1 1 3 3 8 2 1 3 0 3 2 2 3 2 2 1 2 2 0 4 0 1 4 3 2 3 4 4 2 2 1 1 1 4 2 5 2 0 1 1 2 3 3 2 1 4 2 2 2 1 0 2 4 5 3 0 8 2 1 1 4 3 4 3 3 2 1 2 1 4 2 1 3 3 0 2 1 2 2 2 0 1 1 3 1 3 5 0 2 1 5 2 0 4 6 2 1 3 0 1 2 3 2 3 1 1 3 2 1 1 0 3 2 4 2 2 0 0 1 1 2 4 1 3 2 1 4 2 0 1 1 0 2 4 2 2 1 0 4 1 2 1 2 2 3 0 0 4 2 1 3 2 1 3 2 1 1 1 3 3 0 2 3 2 3 1 1 4 1 0 2 2 1 5 2 1 0 2 0 1 2 4 2 2 2 2 5 2 2 1 2 2 3 4 4 1 1 1 0 1 2 1 0 3 6 2 0 2 3 1 4 1 1 2 1 1 2 2 4 1 2 2 2 2 2 3 2 0 1 1 3 1 4 2 2 2 0 3 3 3 1 2 0 1 2 5 0 1 2 3 2 0 1 3 4 2 3 2 0 2 3 4 2 2 3 1 0 1 2 2 3 4 2 0 1 2 1 3 2 2 0 4 3 2 3 1 1 3 0 2 2 3 2 2 1 2 4 1 3 1 3 4 0 1 0 5 4 3 1 2 2 1 3 2 1 3 3 1 1 1 0 3 0 3 0 4 3 2 3 2 2 3 2 8 1 1 0 1 4 3 2 2 2 3 3 0 0 1 1 1 5 5 3 1 0 3 3 2 3 0 2 2 5 1 1 1 3 2 2 2 4 0 1 4 3 3 2 2 1 1 4 1 0 4 5 2 3 2 3 0 1 0 5 2 2 0 1 3 3 1 2 3 1 2 2 1 1 1 3 2 4 2 4 1 2 2 4 4 3 0 3 1 2 2 1 2 1 3 3 1 1 1 1 1 0 3 1 1 3 3 0 0 2 2 1 1 2 1 3 1 2 4 3 1 1 3 1 0 2 5 2 0 2 1 2 1 1 4 3 1 3 2 2 2 0 3 4 1 3 1 2 1 5 3 3 2 1 1 0 1 0 2 1 2 1 4 2 5 1 2 1 0 1 4 2 3 2 3 2 1 2 2 0 1 2 3 2 2 4 2 0 5 0 0 3 1 1 2 1 6 4 1 1 3 3 2 4 2 3 1 2 2 0 0 1 3 0 2 0 3 3 2 1 2 4 2 4 1 1 3 1 0 3 1 0 2 2 3 2 1 2 2 3 1 5 2 1 2 3 2 1 2 3 1 2 2 0 4 1 5 1 1 2 1 2 2 1 1 3 3 3 1 0 2 2 2 0 3 1 0 0 2 3 1 0 5 3 4 2 2 1 1 2 0 1 1 2 1 4 2 3 3 0 1 5 0 0 1 0 1 3 3 0 1 5 3 5 0 2 2 2 2 2 2 0 2 0 2 4 5 5 0 6 3 1 3 0 2 4 1 3 1 0 3 3 1 1 3 1 3 2 0 6 4 2 4 0 2 2 1 3 0 2 3 2 3 4 2 2 2 3 2 3 2 1 1 1 1 3 0 5 3 1 2 2 2 3 2 1 2 2 3 1 2 0 3 2 2 0 2 2 0 3 2 4 2 1 0 2 2 3 2 0 3 0 2 2 3 2 5 0 1 1 5 3 2 2 1 4 1 0 0 1 6 3 1 2 3 2 2 0 1 2 0 0 3 2 2 0 0 1 2 2 6 1 2 2 0 6 1 3 3 2 1 1 0 5 2 5 1 1 5 3 2 4 0 2 2 4 2 1 4 1 3 1 3 3 0 7 4 3 2 2 2 1 2 2 0 4 2 6 1 3 1 1 0 2 5 0 1 4 1 3 5 1 0 2 2 1 1 3 1 0 0 0 2 4 2 3 2 3 2 5 2 1 0 2 1 1 1 2 1 3 2 2 2 2 3 2 3 2 2 1 1 0 2 2 2 4 0 2 2 1 0 1 5 5 4 0 2 1 2 2 2 1 2 2 3 4 3 0 1 1 1 3 1 3 0 3 3 0 0 0 1 4 1 3 5 1 2 2 2 2 1 3 1 3 1 5 2 4 0 2 5 3 2 1 1 3 4 3 1 1 1 3 2 1 3 1 1 1 1 3 1 3 4 1 4 1 4 4 2 1 3 1 3 3 1 2 2 2 2 1 2 2 4 2 2 3 3 0 4 1 2 5 3 1 2 2 4 5 0 1 3 1 1 1 2 4 2 1 3 2 0 5 2 2 3 0 3 3 2 3 0 3 5 0 2 2 1 1 3 2 2 1 3 4 4 1 1 2 0 3 3 1 3 0 2 3 1 1 2 1 0 2 1 1 0 2 0 3 2 2 1 1 5 0 1 1 0 0 4 5 6 0 4 0 1 3 1 1 3 0 3 6 4 2 1 4 2 2 4 1 1 6 2 2 3 3 1 0 3 1 2 1 0 2 2 2 1 0 6 3 1 3 1 0 1 3 2 1 1 3 1 3 1 5 2 2 1 0 0 2 2 2 0 2 3 1 2 6 1 0 4 2 1 3 0 3 1 1 3 3 3 2 1 1 0 1 1 0 1 2 3 1 5 2 3 2 2 1 2 3 1 1 2 2 0 3 3 1 4 0 3 2 2 2 1 1 1 6 1 2 1 1 1 1 4 1 2 0 4 3 3 0 3 2 0 3 1 3 2 1 2 1 3 2 2 2 1 6 2 2 2 1 2 0 0 1 5 3 1 1 1 3 0 1 3 0 4 3 1 2 4 3 1 1 3 3 2 4 1 0 2 2 2 2 5 3 1 7 2 2 2 3 1 1 2 3 0 4 2 4 1 1 2 3 2 0 3 1 3 4 2 2 3 1 2 2 2 0 1 1 0 2 5 1 2 3 1 1 1 1 1 1 4 1 1 2 1 1 0 6 2 3 2 4 0 1 3 0 0 1 2 3 4 1 2 1 3 0 1 1 0 6 1 3 3 1 3 0 2 3 2 5 2 0 3 2 2 2 1 4 1 0 4 1 3 0 5 1 2 2 4 3 2 2 3 1 1 2 3 2 1 0 1 4 4 2 3 1 5 1 4 2 0 1 0 2 1 4 3 1 1 2 2 2 3 1 4 3 2 2 2 4 1 0 0 0 3 1 1 2 0 2 3 1 1 2 2 4 3 2 2 4 0 3 2 2 5 4 1 1 2 2 0 2 0 2 0 5 1 0 3 1 5 0 0 2 2 2 1 2 2 0 0 0 2 4 3 4 0 3 0 0 2 1 1 2 1 1 2 3 4 0 3 2 4 1 2 0 2 1 4 2 3 0 1 0 1 3 2 1 5 2 1 1 1 2 4 4 2 2 0 2 3 1 1 0 2 2 3 2 3 4 3 5 1 2 2 1 2 5 1 2 3 3 3 2 2 2 1 0 1 3 2 4 3 1 1 7 1 2 1 1 3 2 1 3 2 1 0 2 2 1 1 0 0 5 2 0 2 1 5 3 1 1 2 4 3 1 4 0 3 1 0 1 1 4 2 7 1 3 3 2 0 1 0 3 4 3 1 3 2 4 4 0 0 1 0 2 3 2 1 1 0 2 1 6 3 3 3 1 4 0 3 0 2 2 3 3 5 4 1 1 3 2 2 1 2 3 1 3 1 1 1 0 2 2 3 0 1 0 2 2 2 4 2 3 0 2 1 1 2 3 1 2 2 3 0 4 2 2 2 0 1 6 2 0 2 3 4 5 4 3 1 1 3 0 2 2 3 2 2 3 0 2 3 3 0 2 3 2 2 1 0 4 2 0 3 6 1 2 2 1 0 0 0 3 0 3 4 0 3 1 0 0 1 2 7 0 4 1 3 3 2 1 3 1 1 1 5 2 3 4 0 2 1 0 2 3 4 0 0 0 1 1 1 3 2 4 2 2 2 2 1 2 1 5 2 2 4 0 0 1 2 2 1 1 1 1 3 2 1 2 1 1 1 0 2 0 4 6 0 1 2 1 2 1 3 1 3 1 0 4 3 2 3 3 1 1 3 3 3 1 1 3 1 1 2 1 0 2 2 1 3 2 1 1 1 2 1 3 0 3 1 4 1 1 1 2 3 2 4 5 0 0 1 3 3 0 2 2 4 2 8 4 3 3 0 0 3 1 1 0 2 3 1 3 2 4 2 3 3 2 1 4 4 2 1 0 0 1 2 3 2 2 3 4 2 2 4 1 2 1 3 2 3 3 1 1 2 3 2 3 1 2 1 1 3 2 0 3 2 3 0 3 5 1 1 2 3 3 0 4 1 0 5 2 1 1 1 3 2 3 1 1 2 2 2 4 5 2 1 2 1 3 0 3 1 2 2 3 2 1 2 0 1 2 1 5 2 3 4 0 1 2 5 0 3 4 3 3 1 2 2 5 3 1 3 2 1 4 0 3 2 0 1 0 4 1 0 3 1 2 2 2 2 3 4 0 0 1 3 0 1 2 3 3 1 3 1 3 2 4 0 2 1 4 1 0 3 1 2 2 2 2 2 2 3 3 2 2 3 2 2 1 1 3 3 2 0 2 1 1 3 1 2 3 3 1 1 2 4 2 4 3 0 1 1 3 1 1 3 2 2 6 4 3 3 3 2 2 1 2 3 2 0 1 0 3 2 2 1 2 3 1 3 0 1 3 0 2 1 4 4 0 1 4 2 1 1 3 0 4 4 3 3 0 1 1 0 0 2 4 2 2 5 2 2 4 1 3 1 3 0 1 4 0 0 2 0 5 2 2 1 3 3 1 2 3 2 3 0 2 1 1 4 1 4 2 0 2 0 3 3 3 1 1 5 3 2 1 1 0 3 1 4 1 4 2 1 0 1 2 1 1 3 2 0 3 2 5 0 1 1 4 3 1 2 3 0 1 2 3 2 3 1 2 2 4 2 1 2 1 3 4 3 3 2 3 2 4 2 1 0 0 6 2 4 0 4 0 3 3 0 1 2 1 0 1 2 0 1 3 1 1 2 2 0 2 2 0 1 1 4 0 3 1 3 0 2 2 3 1 2 4 0 2 0 5 0 4 4 1 0 2 1 0 4 2 3 2 3 3 2 1 4 2 1 3 2 5 0 1 3 1 2 1 1 4 2 2 4 2 0 2 4 0 2 1 0 2 7 2 2 1 2 3 4 3 1 1 3 2 3 3 3 1 2 1 0 2 3 3 1 1 1 4 4 2 1 1 1 1 3 2 1 4 1 0 4 3 1 3 1 5 5 2 2 3 2 0 3 0 3 4 2 1 4 1 4 0 2 3 4 2 1 2 1 0 1 3 6 0 2 4 1 1 2 1 3 3 0 2 1 3 3 3 3 2 2 0 5 4 1 3 3 1 2 3 0 1 1 2 1 2 1 2 2 1 4 1 3 2 2 5 2 3 1 1 5 2 2 3 2 1 1 1 1 5 0 4 2 1 3 5 2 0 1 2 1 4 2 4 5 3 7 1 1 1 1 1 3 1 1 1 1 2 2 2 4 3 3 2 0 1 4 1 2 1 1 4 1 6 2 3 1 1 0 2 2 5 1 0 0 2 0 7 1 2 1 2 2 2 3 1 1 2 1 2 2 1 2 2 1 5 6 3 4 1 2 2 2 2 3 2 0 0 0 1 4 1 2 2 0 2 4 2 0 1 2 4 0 0 3 4 0 5 2 1 0 1 0 1 2 6 5 1 0 0 3 1 2 2 4 2 2 1 3 1 1 3 3 3 3 1 3 1 2 1 1 4 4 1 1 2 1 2 3 6 0 4 3 2 1 1 4 2 0 2 2 2 2 2 2 1 3 2 2 1 3 0 4 0 3 2 6 2 2 3 2 2 4 1 1 6 3 0 2 1 0 1 2 2 1 0 0 2 3 5 4 1 1 1 2 0 0 1 2 2 2 1 3 0 3 0 2 3 1 4 2 2 3 0 2 3 2 3 1 1 2 3 0 2 3 2 2 3 3 3 1 1 3 2 1 1 4 1 3 3 1 1 0 2 2 6 0 1 0 2 1 3 2 2 2 3 2 2 1 5 2 2 1 2 1 3 2 1 3 3 6 2 1 1 2 0 2 3 1 2 3 1 2 3 3 5 1 3 2 0 3 1 3 4 3 3 0 1 1 2 2 1 2 1 0 1 0 2 4 3 2 1 2 1 1 4 2 2 1 4 1 1 0 0 2 1 2 2 1 3 4 1 4 2 2 1 1 3 2 3 0 4 2 0 2 0 3 1 3 1 3 2 2 0 1 0 3 1 3 3 2 1 3 3 0 4 3 3 0 1 1 7 1 0 2 1 3 1 2 1 0 2 3 0 4 2 2 0 0 4 0 3 3 1 1 0 1 0 4 3 0 0 5 1 1 0 3 4 3 1 2 1 3 0 2 2 6 3 4 0 1 0 0 4 2 3 3 2 3 2 1 3 1 4 2 1 4 0 5 1 1 0 3 0 0 2 0 3 2 5 1 5 4 1 2 3 1 4 4 1 2 1 2 2 4 2 2 1 1 3 2 1 1 0 3 3 4 0 1 2 2 3 1 0 4 6 1 0 3 0 3 2 2 4 5 4 0 7 1 0 2 1 4 1 1 1 3 1 0 0 0 2 1 3 3 0 2 3 5 1 1 4 2 0 4 2 0 2 2 0 1 3 1 1 0 3 3 2 6 2 2 0 2 1 2 2 0 0 2 3 1 3 0 2 2 0 4 1 2 2 3 3 3 3 3 3 1 3 1 3 5 1 2 2 1 1 4 4 0 1 1 1 1 4 1 2 3 4 4 0 0 1 2 0 2 1 3 1 2 4 2 2 2 1 4 2 1 2 1 2 3 2 1 1 3 1 3 0 1 8 3 2 2 2 3 0 0 3 5 2 1 3 2 3 0 2 1 6 3 1 2 1 1 3 2 0 4 5 3 2 1 3 0 1 1 2 4 2 2 0 3 2 3 2 2 2 4 3 2 3 3 4 2 1 0 1 3 3 1 2 2 5 0 1 5 4 1 1 1 3 2 1 1 1 1 3 3 2 3 1 3 3 1 2 2 2 1 2 2 2 0 2 0 7 1 3 2 2 2 3 1 1 2 0 4 3 1 1 3 2 1 0 2 2 1 2 3 1 1 2 1 0 0 4 0 1 3 1 1 2 1 4 3 3 3 3 1 1 1 2 1 7 0 2 2 1 1 1 2 1 3 3 2 3 3 1 0 2 2 3 6 3 1 1 2 1 0 2 1 2 0 3 1 0 0 3 1 3 5 0 1 0 1 2 3 2 2 2 3 2 1 1 4 3 0 3 2 2 4 1 2 3 1 3 0 3 3 1 0 2 0 1 2 5 2 2 2 2 2 3 2 3 2 4 1 0 2 1 2 3 2 0 4 1 1 3 3 3 0 3 1 1 1 3 2 2 5 0 4 1 0 3 5 1 2 3 2 2 1 6 2 2 2 3 0 3 2 3 1 2 1 4 0 4 1 0 2 1 2 1 2 1 4 0 5 0 4 3 3 2 0 2 3 0 3 1 0 3 3 2 5 1 4 2 2 4 1 2 0 0 2 2 2 2 1 4 3 4 1 1 1 0 0 4 0 2 5 0 2 4 1 2 2 0 2 1 1 4 1 2 3 1 6 2 1 1 3 2 1 2 2 1 3 2 3 1 1 3 6 1 3 1 2 3 2 0 6 1 2 4 4 1 5 2 1 1 0 1 3 4 2 2 1 2 4 1 5 0 2 1 3 0 1 3 1 6 2 1 3 1 2 3 2 3 2 4 1 4 2 0 3 2 1 1 3 1 2 2 0 1 3 3 2 3 3 1 0 3 3 1 4 1 0 1 3 1 3 0 5 1 3 3 2 1 3 3 1 0 2 1 0 5 1 2 5 1 4 1 4 2 0 2 3 1 1 4 4 0 0 2 0 2 2 2 3 1 2 0 2 1 2 1 6 0 2 3 2 1 5 0 2 0 0 3 5 1 1 2 3 1 2 1 0 3 3 2 2 2 0 2 2 5 1 1 2 4 2 1 1 2 1 3 1 0 1 0 1 5 0 0 0 3 2 3 2 4 3 2 0 1 3 1 5 1 2 3 2 1 1 2 3 3 0 0 2 0 3 3 0 0 0 6 3 1 5 2 2 1 1 0 0 2 2 2 4 5 1 3 0 1 0 2 2 0 2 2 3 2 1 1 1 2 0 2 3 0 3 3 1 0 2 0 1 1 1 2 4 1 1 2 2 3 3 4 2 2 1 3 1 2 1 1 1 2 4 7 1 1 2 1 3 3 1 2 2 2 3 3 1 1 3 1 0 1 2 2 2 1 3 2 1 2 2 0 4 2 3 4 2 1 1 0 1 3 2 3 2 3 0 2 3 4 1 2 2 2 2 2 1 4 2 1 1 1 5 2 5 5 2 2 3 2 0 3 3 4 0 1 2 2 3 1 1 1 3 2 1 4 0 1 0 3 2 1 2 3 2 6 1 1 2 2 0 6 2 3 1 1 2 3 4 3 1 2 0 3 3 2 5 3 2 3 1 3 1 3 1 1 3 3 4 2 2 2 3 2 4 1 1 1 4 4 1 1 3 6 1 2 2 3 0 2 1 2 3 2 4 3 4 2 1 2 2 0 1 7 1 2 2 0 2 3 2 1 2 5 3 0 0 4 1 2 3 3 1 1 4 1 4 1 0 1 3 1 1 3 2 5 0 6 2 1 4 1 1 2 2 1 6 2 3 0 2 2 3 1 4 3 3 2 2 3 5 1 4 2 3 2 1 2 1 0 2 1 1 2 4 2 2 0 1 1 2 1 0 3 4 3 1 5 1 3 3 2 2 2 2 1 2 4 1 0 4 2 2 2 2 1 3 1 3 6 4 2 3 1 2 1 1 0 1 1 1 2 6 4 3 4 4 2 2 4 5 0 1 4 4 1 5 1 1 3 5 3 1 3 1 4 0 0 4 4 1 4 2 3 2 1 1 2 1 5 0 1 2 2 1 2 4 0 2 3 0 4 2 3 1 2 2 1 3 4 0 2 3 3 0 4 3 4 5 1 2 2 2 0 2 2 2 2 2 3 2 4 0 6 1 1 4 3 4 2 4 2 1 0 1 2 0 3 2 3 1 2 1 1 2 2 2 1 2 3 1 3 1 3 3 5 0 3 2 0 0 3 5 3 2 0 0 1 2 1 2 2 3 2 0 1 2 3 1 0 1 1 1 3 2 3 2 0 2 1 2 0 3 3 0 2 2 0 1 6 4 1 2 1 0 2 4 2 2 2 4 2 1 1 3 2 2 3 1 1 3 2 5 0 2 2 2 3 2 2 3 1 4 3 0 1 2 9 0 1 2 1 1 2 2 6 2 3 0 3 4 0 0 3 2 1 1 2 3 4 2 2 3 2 4 2 1 0 2 1 0 3 2 2 2 1 3 1 2 0 4 4 1 1 1 2 2 2 0 1 5 0 0 3 1 0 4 1 0 2 2 1 1 4 0 0 3 1 0 2 3 3 1 1 3 5 0 5 3 2 3 1 0 3 0 1 1 2 4 1 0 1 2 3 2 1 1 0 3 2 1 3 4 3 2 0 1 4 4 1 0 1 3 1 1 4 1 0 1 2 2 3 1 3 0 3 0 2 1 4 2 2 2 3 1 1 2 2 2 4 1 2 2 1 2 1 4 3 4 0 4 2 2 1 2 0 1 3 3 1 4 3 1 1 3 2 2 2 2 3 2 2 4 0 1 1 1 0 4 2 3 4 2 4 0 3 2 2 2 2 0 2 4 2 3 1 3 2 2 4 0 1 2 1 0 0 0 2 3 3 3 2 1 3 2 3 2 2 3 3 0 1 1 4 1 1 2 3 2 3 0 1 1 5 1 2 1 5 1 5 2 1 1 1 1 2 3 1 1 1 2 0 1 2 3 0 3 1 2 3 4 2 3 0 4 3 1 2 3 2 1 1 1 2 2 3 2 3 2 1 1 2 1 2 4 4 1 4 1 1 1 4 3 0 2 1 2 0 5 0 2 3 3 2 5 0 1 0 2 2 1 1 2 2 2 3 0 1 0 2 2 2 1 4 4 2 0 4 1 1 2 6 2 3 1 0 0 1 0 2 1 5 2 4 1 1 1 3 1 2 0 4 0 5 0 1 3 7 5 1 1 3 3 1 0 3 1 1 4 5 2 4 3 1 2 0 0 3 2 1 2 1 1 2 5 3 1 1 1 4 3 3 2 1 3 4 0 0 3 3 1 3 3 3 2 2 1 0 2 1 2 1 2 0 2 0 4 2 1 2 1 3 3 2 2 2 1 2 2 3 2 3 4 1 1 2 1 2 1 5 3 1 0 1 1 4 1 1 2 3 5 3 1 1 4 1 2 0 5 0 1 1 1 3 1 2 2 1 2 1 1 2 5 0 4 1 3 2 3 1 0 3 3 4 2 4 2 3 2 1 1 2 4 3 0 1 1 1 3 3 2 4 2 2 2 2 2 2 1 3 0 1 1 5 1 1 1 2 0 3 1 0 3 2 4 1 1 2 1 3 5 1 1 2 1 1 3 4 5 1 1 3 1 3 1 2 3 1 3 3 3 2 2 2 1 3 1 1 2 2 3 4 0 0 1 1 4 0 2 2 3 1 3 1 2 1 1 1 1 3 2 3 2 2 1 1 1 2 1 3 4 2 2 2 1 3 0 6 0 2 3 0 1 3 0 3 2 2 0 0 3 4 1 1 3 0 4 2 2 0 2 1 2 1 0 2 1 2 1 0 0 2 2 3 1 3 2 5 1 2 4 3 0 3 1 2 2 1 0 1 1 0 2 5 1 1 2 2 2 1 5 2 0 2 1 1 2 1 0 1 5 2 2 2 2 0 0 3 0 2 3 2 0 5 2 2 1 0 0 3 2 3 1 5 3 2 2 1 1 0 2 0 3 1 1 2 3 3 2 0 2 2 1 5 2 1 1 1 1 2 1 0 1 8 1 0 2 3 3 3 3 3 1 2 3 0 3 1 2 0 2 1 0 2 0 3 1 0 1 2 0 3 3 0 1 1 3 4 1 1 2 0 1 3 2 2 1 3 0 3 2 1 1 3 2 1 0 1 1 0 4 0 1 3 3 1 2 2 2 2 0 4 2 1 3 0 1 0 3 1 2 3 2 1 1 2 5 5 0 2 1 2 3 4 1 1 3 1 3 2 0 0 3 3 2 2 2 2 4 2 1 0 3 1 2 1 4 1 2 2 1 2 1 1 4 1 1 2 1 4 3 1 2 2 3 0 2 2 3 4 2 1 2 2 2 3 1 0 2 4 2 2 1 2 2 1 4 2 1 3 2 2 1 5 4 3 3 0 2 0 3 2 0 3 4 3 2 3 3 0 0 0 2 1 5 2 1 2 0 2 4 2 2 0 0 5 1 0 1 1 2 2 0 4 2 1 3 1 2 0 0 3 2 6 4 3 1 4 2 1 1 2 3 2 3 2 1 2 3 5 2 1 2 2 1 3 2 3 1 3 2 0 2 3 4 4 2 1 1 3 4 3 0 3 2 3 1 3 3 0 1 4 4 2 3 1 0 2 3 1 1 1 3 2 3 0 4 2 3 3 2 3 3 2 0 1 0 3 1 2 1 4 3 2 0 2 2 3 2 3 1 2 1 4 0 1 1 2 2 3 1 2 2 1 1 3 1 0 3 3 0 3 1 1 1 2 5 2 4 1 0 1 3 1 1 1 3 0 3 0 1 0 1 2 1 1 0 1 1 4 2 1 2 5 2 2 3 3 1 2 0 2 2 2 4 2 4 1 2 3 0 2 2 0 2 1 2 1 1 2 4 2 0 1 1 2 4 1 2 2 1 3 4 2 1 0 3 2 1 0 1 2 1 0 3 2 3 4 5 1 0 1 1 1 1 3 3 5 4 1 0 2 2 6 5 1 2 0 1 1 2 2 0 1 3 3 0 2 3 2 1 1 4 3 0 2 3 1 0 2 4 2 2 3 2 1 3 6 0 2 2 2 3 0 0 4 1 1 0 2 2 3 0 2 2 0 1 3 4 3 3 1 0 1 1 4 1 3 4 1 2 4 3 1 2 3 1 1 1 1 1 6 0 1 1 2 5 2 1 1 2 4 3 1 2 0 3 1 1 1 0 3 2 1 3 1 3 1 2 1 3 1 1 5 3 3 6 0 6 1 2 2 3 2 4 1 4 2 3 3 5 0 0 1 3 1 0 1 4 1 1 0 3 3 2 3 1 4 1 4 1 0 2 1 0 3 1 0 2 3 1 3 5 2 1 2 1 3 0 2 1 1 1 3 1 0 0 1 2 3 1 1 1 1 2 3 2 2 4 1 2 1 1 1 3 3 0 0 2 2 2 3 3 4 2 3 3 0 2 2 2 0 1 5 3 1 1 2 0 3 2 3 1 2 3 4 3 4 0 0 0 3 1 2 2 0 2 2 2 5 1 2 1 2 0 1 4 3 2 3 2 3 3 3 1 2 0 2 1 1 2 3 1 0 2 2 2 3 1 3 2 2 0 5 4 3 1 1 1 0 3 4 4 3 0 3 2 2 3 4 3 0 1 5 1 0 2 2 2 1 2 0 1 5 2 3 0 1 1 2 1 3 3 2 3 2 4 1 2 5 0 3 2 3 2 1 1 2 4 1 1 0 2 1 3 3 3 2 1 2 1 2 4 1 1 4 0 5 3 1 4 0 2 1 1 0 4 2 3 0 1 3 0 1 0 3 1 0 2 3 1 3 1 2 2 1 4 7 2 3 2 0 1 4 1 2 5 3 2 1 1 3 3 1 3 1 0 0 1 3 3 4 2 0 5 5 1 1 1 2 2 0 2 4 1 4 3 2 2 2 3 0 1 2 4 2 3 1 2 1 1 4 1 0 2 0 3 1 3 3 3 2 1 2 2 0 2 3 1 2 3 1 1 4 2 2 1 0 3 1 1 3 3 1 0 0 3 3 4 0 4 1 1 1 1 3 1 1 1 3 3 1 0 4 1 3 1 3 1 0 2 4 0 2 1 3 2 2 2 4 0 2 2 5 2 0 4 4 3 4 0 1 2 2 2 4 2 1 1 2 2 2 1 3 2 1 2 1 5 3 1 1 1 2 1 5 4 1 2 2 2 1 1 2 3 2 3 3 4 2 1 1 5 4 1 3 1 1 0 1 2 1 5 2 2 0 2 2 0 5 1 3 1 3 2 2 2 1 3 2 2 3 4 0 2 4 1 1 3 1 4 1 2 0 5 0 4 0 2 1 1 2 1 1 2 2 4 4 0 2 2 0 3 1 1 0 1 2 3 2 2 0 0 1 4 4 0 1 2 4 4 2 0 0 3 1 1 3 2 1 1 3 2 0 3 3 2 2 2 1 3 3 1 3 1 0 1 3 1 2 2 2 2 2 2 1 1 4 3 2 2 2 4 1 2 1 2 2 1 3 2 1 1 3 6 0 4 1 2 4 2 3 5 1 1 3 1 3 2 5 2 1 2 2 2 0 4 0 1 2 1 2 1 2 1 2 2 3 0 2 2 1 1 3 4 0 0 3 1 3 3 5 4 0 2 4 0 4 1 2 1 3 1 7 2 1 2 2 4 3 2 3 3 3 2 1 0 3 3 1 0 4 1 2 5 0 0 3 1 4 1 1 5 3 3 1 2 2 0 0 1 2 1 3 1 0 1 1 2 0 2 1 4 2 0 1 1 3 2 4 1 2 2 3 0 1 2 3 3 0 2 1 2 2 3 3 3 1 1 3 0 2 1 1 1 2 2 1 0 4 2 3 0 3 2 2 2 2 5 3 1 2 4 1 2 1 2 2 2 4 4 2 5 1 2 0 3 3 2 4 1 3 0 3 3 2 0 2 2 4 0 2 0 2 5 0 2 1 2 2 2 5 1 3 2 3 1 0 2 3 3 1 0 3 2 4 2 1 0 1 6 2 3 0 1 1 1 2 1 6 2 0 4 2 0 1 3 1 0 1 1 0 2 2 0 2 0 3 3 3 0 3 3 1 2 2 4 2 1 1 2 2 4 4 0 1 0 3 1 1 1 1 1 1 2 1 0 3 2 3 1 0 2 2 3 3 2 2 2 1 2 2 2 3 3 1 0 1 1 5 2 2 4 2 1 0 1 3 5 0 3 2 3 2 0 1 1 1 2 2 1 1 0 3 3 3 1 2 2 2 0 5 0 0 3 0 1 5 1 0 3 2 2 3 1 1 2 2 2 0 2 0 3 4 3 2 3 3 2 1 1 0 1 2 0 3 1 0 2 5 1 3 1 1 2 1 2 2 3 2 0 2 1 2 0 3 3 0 6 1 0 2 1 1 4 1 1 2 1 2 3 6 2 1 3 2 3 1 0 3 1 2 2 3 3 3 1 1 3 0 2 1 4 2 4 1 0 2 5 3 2 0 4 0 0 2 3 2 7 4 1 3 2 4 1 2 1 2 2 1 4 1 2 2 2 1 2 0 2 1 1 1 2 5 2 1 3 2 2 3 4 3 1 2 2 1 2 0 3 3 2 4 2 2 0 2 0 2 4 1 1 3 1 2 2 4 2 1 3 1 1 1 5 0 4 4 1 3 4 3 2 2 1 1 2 0 2 4 2 1 0 3 1 1 5 1 1 1 4 2 3 1 2 2 0 1 3 4 1 3 1 2 1 2 1 2 0 3 7 0 0 2 1 2 2 2 4 4 0 4 3 0 5 1 2 0 1 5 2 4 2 2 1 2 3 0 2 2 1 0 3 2 0 2 2 3 1 3 0 1 0 2 4 1 4 1 4 0 2 2 4 2 3 2 3 2 1 2 1 3 4 0 2 4 3 4 2 3 1 5 2 4 0 3 4 1 2 1 0 1 2 2 0 0 2 4 5 1 3 0 1 6 1 3 2 2 0 1 1 4 0 1 3 0 3 2 1 2 2 1 3 4 1 0 4 2 2 1 5 2 2 1 3 2 4 1 1 1 2 4 1 1 2 3 2 3 1 2 0 2 2 1 4 0 0 3 0 1 3 3 0 2 0 1 0 1 4 4 1 3 3 4 1 0 1 2 1 5 3 2 4 4 1 2 1 0 0 2 1 3 2 1 1 1 3 1 1 2 4 2 2 1 3 0 4 0 1 0 1 2 2 1 0 2 1 2 2 2 2 3 4 0 4 2 1 1 2 2 2 3 1 2 1 1 2 4 0 1 3 2 3 0 0 0 2 1 1 2 1 4 2 1 1 1 1 0 2 4 0 2 2 3 0 5 2 0 3 0 6 3 1 1 3 1 3 3 5 2 1 1 1 2 3 1 1 6 1 1 2 5 5 1 0 1 1 1 0 1 2 2 2 5 1 0 3 2 1 3 1 2 6 1 0 4 1 4 1 1 6 1 2 1 2 2 2 3 4 0 3 0 1 2 2 3 0 1 1 3 2 0 3 4 2 3 0 1 1 1 3 2 5 3 2 1 2 3 4 1 2 2 1 3 3 4 1 0 2 3 1 0 0 1 1 0 2 1 1 2 0 6 2 2 2 2 2 1 2 1 4 2 0 5 1 0 0 2 2 2 4 3 2 2 2 2 1 1 1 0 2 2 0 2 2 2 1 2 2 1 1 4 3 3 3 0 0 1 2 0 1 2 3 1 1 0 3 4 1 0 1 0 1 1 2 2 3 2 1 1 4 5 1 0 2 1 2 3 1 4 2 2 1 4 0 5 2 3 5 4 0 4 3 3 1 2 2 3 0 1 2 4 1 4 2 1 2 2 0 3 2 3 5 1 0 3 1 0 2 3 1 2 1 3 2 2 3 1 3 1 4 2 1 3 1 4 1 3 2 1 0 4 1 4 1 4 1 1 2 1 0 2 0 0 6 0 1 2 3 1 2 1 2 1 3 1 2 3 2 2 1 0 1 4 1 1 1 1 2 5 2 2 1 3 0 3 1 4 2 3 3 3 3 4 1 0 4 2 2 2 1 2 1 1 1 1 2 2 2 1 1 4 4 0 3 4 3 1 4 4 4 2 1 1 1 1 3 2 1 4 3 3 4 2 5 3 0 1 4 2 2 2 2 3 2 3 1 2 2 0 0 1 0 2 5 1 3 3 5 1 2 0 1 0 3 1 4 3 7 1 1 0 0 1 2 3 2 1 4 2 1 3 4 3 1 2 2 3 4 1 4 1 2 1 3 1 2 3 3 3 0 5 3 2 0 3 1 2 1 0 2 3 3 1 3 0 1 3 1 1 3 1 0 2 1 0 0 0 1 0 1 2 0 1 5 3 1 1 2 1 1 1 2 1 2 0 3 3 2 2 0 1 3 1 1 4 3 1 5 3 1 4 2 0 1 2 2 1 2 3 3 1 3 2 3 0 2 3 2 4 1 1 3 2 2 5 1 2 2 0 1 2 2 5 3 2 1 2 2 1 3 2 0 2 2 2 1 1 1 2 3 2 3 2 1 1 2 1 3 3 5 2 2 2 3 3 2 2 0 1 2 2 3 3 5 3 1 3 2 3 4 3 0 2 3 2 2 3 2 1 2 0 2 2 0 2 3 4 2 0 3 1 0 2 5 3 2 2 0 1 1 0 3 1 2 6 2 1 0 0 0 3 2 3 3 3 1 1 4 2 4 1 1 2 3 1 2 2 4 4 2 2 2 0 0 2 1 1 3 5 1 4 2 0 1 2 2 3 1 1 0 1 2 2 2 2 3 4 2 1 4 4 0 2 1 1 2 0 1 3 3 2 0 1 1 1 2 3 3 2 2 5 0 3 4 3 3 2 2 2 3 0 2 1 3 4 3 2 0 2 2 2 3 0 1 2 2 2 2 2 3 3 5 2 2 0 2 4 1 1 1 1 1 3 4 6 1 1 1 1 3 2 3 2 3 2 1 3 1 3 1 1 2 1 1 2 2 1 3 4 2 1 1 3 3 1 0 1 2 0 2 2 4 0 3 3 1 0 0 2 3 4 5 3 3 2 1 1 1 1 0 5 2 2 2 1 2 0 2 4 3 0 5 1 1 2 1 2 0 3 1 4 3 2 2 0 4 1 1 4 2 3 4 2 3 1 3 0 0 2 2 6 3 4 0 0 1 1 1 3 5 3 0 3 3 1 2 0 1 4 0 2 4 1 2 3 2 0 2 2 4 1 2 7 2 3 1 4 2 3 1 0 1 3 1 1 4 2 2 4 1 2 0 2 1 2 0 4 3 3 0 5 2 0 2 1 1 2 0 1 1 1 0 0 1 1 0 2 3 2 9 2 0 4 2 1 1 1 2 2 1 2 1 5 0 4 1 3 2 2 3 1 2 2 2 3 4 5 1 1 0 2 1 3 2 1 4 5 1 3 1 2 1 3 0 6 1 2 0 3 1 1 3 3 0 2 0 0 1 4 2 3 0 5 3 0 2 4 1 3 2 2 2 2 1 3 2 1 4 1 2 1 1 3 1 1 1 1 2 2 0 1 2 3 4 1 1 2 2 1 1 0 2 1 3 3 1 3 0 3 2 2 2 0 1 3 1 2 2 2 1 1 3 3 1 3 1 3 3 0 3 1 2 4 0 6 2 0 4 1 2 1 1 1 1 2 2 2 2 1 3 2 2 2 4 3 1 3 3 3 1 1 0 5 1 2 0 3 3 1 1 0 2 2 2 2 1 1 2 0 4 0 2 3 0 2 2 2 2 3 2 1 1 1 1 0 1 3 0 2 3 4 3 1 2 4 3 0 2 1 4 2 1 2 2 1 3 0 3 0 2 4 1 3 4 2 2 5 2 1 3 2 1 2 2 2 3 1 0 1 3 1 3 2 1 0 3 3 0 2 0 1 1 3 5 5 1 3 5 1 1 0 1 1 1 1 0 1 3 3 6 0 3 3 1 2 2 4 3 1 2 3 1 2 5 2 1 1 1 1 0 1 4 0 3 2 3 2 2 2 2 2 1 0 1 3 2 2 2 3 0 3 1 1 4 1 2 2 1 3 1 1 1 1 0 0 2 6 0 2 3 0 0 3 4 2 0 0 1 5 2 1 3 3 4 4 4 1 0 2 0 1 0 3 2 4 1 4 2 4 2 1 1 0 3 2 2 3 1 2 3 2 2 3 3 1 0 2 4 0 0 3 4 3 4 3 3 5 1 2 0 1 1 2 6 4 2 0 0 0 2 3 2 0 1 3 5 3 2 2 3 1 1 1 1 3 4 3 2 1 2 3 2 0 0 4 2 5 2 2 2 2 2 4 0 1 2 2 0 2 2 2 1 0 1 1 1 1 3 0 3 2 2 4 0 3 3 0 1 4 1 1 4 1 1 3 0 2 2 4 1 2 2 1 4 1 2 3 2 0 2 4 4 2 3 2 0 0 1 7 2 1 2 0 3 0 1 1 2 2 1 2 2 2 3 2 4 1 3 4 3 2 1 2 2 2 1 5 2 4 4 0 3 0 1 4 3 2 2 1 4 3 3 2 4 0 1 2 3 1 1 0 0 3 1 4 3 3 2 5 1 0 4 1 2 2 2 2 2 1 1 3 2 1 1 3 1 1 3 1 2 3 4 3 3 1 2 3 0 0 1 3 3 2 0 1 3 0 4 3 0 3 2 1 2 2 2 0 3 5 1 1 3 2 0 3 2 2 3 1 1 3 1 3 4 3 2 3 1 2 1 1 2 3 3 2 5 0 2 3 3 4 1 2 1 2 1 5 1 0 2 1 2 1 4 3 1 1 4 1 3 0 2 3 3 5 4 0 3 1 3 1 1 0 5 5 3 0 3 0 6 3 0 0 3 3 4 0 0 2 0 3 3 2 1 3 1 2 2 4 2 0 3 2 1 2 2 2 2 4 1 4 1 1 5 2 1 1 0 3 2 1 2 2 0 2 1 3 4 2 4 1 1 2 3 0 4 0 2 2 2 1 0 2 1 2 4 0 2 2 2 3 0 2 3 2 0 4 1 1 1 1 2 4 2 3 1 0 2 1 3 0 2 2 0 0 0 5 2 2 4 2 2 1 2 2 2 2 2 1 2 2 0 1 2 4 2 3 2 2 1 2 2 4 1 0 1 2 2 1 3 3 3 5 1 0 1 0 1 3 2 5 2 2 5 1 2 5 1 1 1 4 1 0 4 2 2 0 2 2 2 0 3 1 2 0 2 1 1 4 3 2 0 2 3 3 1 1 2 1 3 1 2 0 3 2 3 4 1 2 4 0 1 1 2 1 0 3 3 0 0 2 3 2 4 1 2 1 2 4 2 3 2 0 5 2 1 1 3 5 3 0 2 4 1 2 2 2 0 4 1 3 0 2 3 3 2 2 1 3 1 0 6 1 2 2 2 1 4 1 2 3 0 2 1 3 1 4 0 2 1 0 2 3 7 2 5 2 0 1 1 3 1 1 3 2 0 0 3 1 1 3 3 1 3 5 0 2 2 2 3 2 1 1 0 1 1 1 3 2 2 1 4 1 4 2 1 1 3 1 2 3 2 2 3 1 1 0 0 4 1 2 2 2 2 3 2 3 1 5 0 3 2 1 2 1 5 4 2 1 1 0 1 0 3 2 1 0 2 0 2 2 1 3 2 5 3 1 4 1 5 1 0 3 2 1 1 1 0 1 1 2 2 0 3 3 3 2 3 4 1 1 2 1 0 1 0 1 1 2 1 3 2 3 2 4 0 1 0 2 2 3 1 3 2 2 4 4 2 2 3 2 5 1 1 1 2 1 3 3 4 1 1 6 3 3 1 1 1 0 4 1 2 4 0 1 3 5 2 1 1 2 1 0 4 4 0 4 6 1 2 3 2 3 1 1 1 2 4 2 1 6 0 3 6 0 0 3 0 3 1 1 5 0 0 4 3 2 2 1 1 1 2 3 5 5 2 4 2 3 0 1 1 1 3 3 3 1 2 0 4 5 2 1 2 1 3 2 1 1 2 2 0 5 2 1 3 1 1 3 6 2 0 1 0 2 6 3 2 1 4 0 2 2 2 0 3 2 0 0 2 2 2 3 3 5 1 1 1 2 2 4 1 4 1 4 5 1 2 6 4 2 4 1 3 1 6 0 3 2 2 0 1 0 3 2 2 3 2 2 3 3 1 2 5 3 0 2 4 1 3 3 1 0 1 0 7 2 2 0 2 0 2 0 1 3 2 1 2 1 1 2 3 2 1 3 6 1 2 1 4 2 1 2 2 0 1 2 1 0 2 1 1 5 3 2 2 4 1 3 1 0 2 2 3 3 0 4 1 1 2 2 4 2 2 4 2 3 1 2 1 0 1 2 2 1 1 4 4 2 3 2 1 2 1 3 4 2 3 2 2 1 2 1 0 0 2 5 3 4 1 2 5 5 2 2 2 1 2 0 3 0 2 2 2 0 2 5 1 2 1 2 0 0 2 3 2 3 3 3 1 1 4 3 2 2 1 1 0 1 4 3 0 1 3 4 2 4 4 1 1 2 0 6 1 5 2 1 3 3 0 2 3 5 2 1 2 4 1 3 1 2 3 1 1 1 1 1 1 0 2 3 1 3 3 0 1 1 1 3 1 3 2 2 4 0 0 1 0 3 1 2 0 3 1 0 2 1 0 2 2 2 1 2 4 3 3 2 4 3 0 2 2 1 3 1 0 1 1 2 2 2 0 0 4 1 3 0 5 3 4 2 1 1 3 3 1 1 4 1 2 3 0 6 2 2 1 1 1 2 1 1 0 4 3 0 1 1 3 1 0 0 4 4 2 2 1 2 1 2 2 2 0 3 0 4 4 0 3 3 0 0 3 2 3 1 3 2 3 2 1 2 2 0 1 2 3 3 0 0 2 1 2 3 2 0 4 1 1 2 4 1 1 0 1 2 3 3 3 0 0 3 5 1 2 2 1 4 2 3 3 0 4 2 1 1 3 2 3 0 1 1 3 2 3 2 2 2 2 5 1 0 1 1 2 1 1 3 3 4 3 2 4 1 1 3 0 5 2 0 4 5 0 0 6 1 0 2 0 3 1 2 1 3 4 1 5 1 2 2 1 2 2 4 4 1 0 4 4 4 2 2 2 2 1 3 3 2 2 1 1 1 2 5 2 1 4 2 2 5 0 1 3 0 2 1 1 1 1 1 1 1 0 5 4 1 3 2 3 1 0 3 1 2 1 2 3 2 8 4 2 1 2 0 1 4 5 0 5 1 0 0 0 1 4 3 2 1 1 0 1 1 1 3 3 3 1 4 1 0 2 2 4 3 1 2 3 4 0 0 2 2 1 2 1 2 6 2 1 0 3 3 2 4 2 2 0 3 2 0 2 2 5 2 2 2 0 0 4 1 1 3 2 2 2 5 4 1 0 0 6 0 3 3 4 2 1 0 1 2 4 2 1 2 2 0 2 3 3 1 2 1 0 6 0 3 4 2 3 1 4 2 2 0 2 3 3 4 0 0 1 1 2 1 0 3 0 3 0 2 3 2 5 2 0 1 2 1 1 1 3 1 1 5 1 2 2 1 1 2 2 4 3 3 2 6 0 5 1 2 3 1 2 2 4 2 2 1 1 1 2 1 3 2 3 2 1 2 3 0 1 4 4 1 2 3 1 1 3 5 1 2 2 2 3 0 3 1 2 2 2 2 2 2 1 1 4 2 1 1 2 4 2 0 6 3 1 2 2 1 6 0 0 1 3 0 2 1 2 2 2 1 4 0 2 1 3 3 4 4 1 1 3 3 1 1 3 0 4 0 2 1 2 1 2 3 4 3 0 2 2 3 3 4 1 0 1 0 3 1 0 5 2 0 2 2 3 1 2 3 1 0 1 1 2 1 1 1 3 2 2 0 0 1 3 0 1 2 3 4 2 2 1 1 2 1 2 1 2 4 5 0 1 2 4 2 2 4 2 3 2 2 2 2 0 1 1 3 2 1 3 3 1 3 1 0 2 2 1 3 2 3 1 1 3 3 1 1 6 1 1 2 5 2 1 2 0 2 2 0 0 0 4 1 5 0 3 3 3 1 1 0 0 1 2 1 3 2 2 6 2 0 2 1 1 3 1 2 4 4 1 0 1 1 2 1 2 2 0 3 2 5 1 2 0 1 5 5 4 3 0 1 0 1 1 1 0 0 4 4 0 3 2 2 5 0 2 2 2 3 1 0 2 4 2 2 1 0 3 3 0 2 3 5 1 1 2 1 3 3 1 2 6 3 3 2 0 1 4 1 1 3 2 1 4 1 1 1 1 1 2 2 0 2 4 0 3 0 5 1 2 0 3 7 1 1 2 1 0 2 2 4 5 4 1 1 2 3 3 1 0 2 1 1 3 1 1 1 2 3 0 2 2 1 0 1 4 0 2 2 5 2 1 1 0 1 0 0 1 5 2 1 1 4 3 0 1 0 2 2 3 0 3 2 3 1 4 1 2 1 0 2 0 2 2 3 1 2 2 2 3 2 4 3 2 1 1 0 1 2 5 0 5 2 1 2 2 3 1 3 2 6 1 3 8 2 1 2 3 0 3 3 0 3 2 0 3 2 3 1 0 2 0 2 4 5 4 3 2 2 2 2 1 3 2 2 1 2 0 1 1 4 2 1 0 4 2 2 3 0 1 0 0 2 3 1 2 4 2 5 1 4 3 0 2 1 3 3 3 2 3 0 3 0 0 2 3 1 2 2 1 5 2 1 0 1 3 1 4 0 0 4 1 3 1 0 3 1 1 1 1 4 1 1 3 2 1 0 2 5 2 1 5 0 5 2 3 1 1 3 2 2 2 2 1 2 5 2 4 5 2 1 1 2 2 1 1 0 2 2 1 3 2 3 4 3 1 1 2 5 0 2 2 2 0 4 3 5 2 2 2 1 1 1 0 2 0 0 4 3 0 4 3 1 4 0 5 1 2 1 3 2 1 4 2 2 3 0 1 3 1 1 6 1 2 2 1 1 1 4 2 0 2 2 2 5 2 1 5 1 3 1 2 1 1 5 0 3 2 2 1 3 1 2 2 2 2 1 5 3 4 0 2 2 1 1 1 3 2 1 4 0 2 2 3 2 1 1 0 3 1 0 3 0 2 2 3 5 2 2 1 2 0 2 2 2 3 1 3 1 4 4 3 0 1 1 1 0 2 2 3 1 2 3 1 3 3 0 4 1 0 2 2 2 1 2 2 0 3 5 1 2 2 2 0 1 0 3 3 0 3 1 3 2 1 2 1 2 4 2 1 3 1 1 1 1 2 1 0 2 2 1 2 3 4 1 1 5 0 2 1 2 4 1 3 2 1 2 2 7 3 2 5 2 3 1 1 2 2 1 3 2 2 2 4 2 0 1 0 5 1 2 1 3 1 1 1 1 0 4 2 1 3 5 1 2 2 1 2 1 1 3 0 3 1 2 4 1 3 2 2 2 1 3 3 1 1 1 1 3 4 4 2 2 2 0 3 1 2 3 3 0 1 2 1 7 2 2 3 1 2 1 2 0 3 3 2 1 3 6 1 3 2 2 0 3 1 2 3 5 2 2 6 0 0 4 0 2 2 5 3 2 0 4 2 2 1 2 4 1 2 2 2 0 3 0 3 1 2 2 1 0 2 2 3 2 2 1 2 1 3 1 3 0 0 3 1 2 1 1 2 1 1 3 4 3 1 1 0 3 1 0 3 3 3 1 4 1 4 2 2 1 0 2 4 4 2 3 3 1 2 1 1 1 2 0 6 1 4 0 2 1 1 5 2 1 3 4 1 1 1 1 2 3 0 2 3 0 1 2 3 2 1 4 1 0 1 3 3 3 1 4 3 0 3 5 1 1 2 1 3 3 2 2 1 2 2 2 1 6 3 1 1 2 2 4 1 3 3 1 2 1 1 1 2 3 5 1 6 1 3 0 1 1 4 2 0 2 0 5 4 1 4 3 2 1 2 0 1 3 0 0 3 3 2 1 0 1 4 2 3 3 1 0 1 5 2 0 1 2 5 2 1 4 1 3 1 4 3 1 4 0 1 4 2 2 2 2 2 2 0 3 3 3 2 0 2 2 2 4 1 2 1 0 5 1 2 2 2 3 1 1 4 1 0 2 2 2 2 2 2 3 1 2 1 4 2 3 0 2 3 0 3 2 2 1 1 4 0 3 2 2 2 4 0 1 1 3 3 2 1 2 2 2 2 0 2 1 0 1 1 1 2 0 0 2 2 4 3 1 2 0 3 1 3 1 4 1 5 2 2 0 1 2 0 4 3 1 0 0 2 2 0 3 0 0 1 0 1 1 1 5 2 1 2 1 0 0 5 6 1 0 2 2 0 4 3 3 2 3 0 1 1 2 2 1 1 2 2 1 0 2 4 2 4 2 3 2 0 3 2 1 2 2 1 2 3 1 1 1 1 1 2 5 5 2 3 2 1 2 1 3 0 1 3 3 1 2 0 2 2 4 1 2 1 2 2 5 2 2 2 1 2 1 3 3 1 5 4 2 1 1 3 4 2 0 1 1 1 1 1 4 2 2 1 2 1 3 3 3 1 2 0 1 3 0 3 3 5 2 3 1 3 2 2 0 2 3 0 1 0 0 1 0 0 2 0 4 3 2 3 2 4 0 3 5 3 1 2 3 4 3 2 3 2 1 0 1 2 0 1 3 1 2 2 2 1 1 2 2 5 4 1 2 2 0 7 1 3 1 3 1 1 2 5 2 1 1 1 0 2 1 1 1 1 3 5 0 1 3 0 4 4 2 2 1 3 4 3 0 1 5 3 3 2 2 0 4 1 2 4 4 2 1 3 1 0 1 2 2 3 1 4 3 0 2 0 1 1 0 2 3 0 1 2 3 1 3 1 1 2 2 1 4 4 0 1 1 2 0 1 3 1 2 2 1 1 1 0 0 3 5 2 2 1 1 0 3 1 1 2 3 1 2 5 5 3 0 1 2 2 1 1 2 4 5 2 4 2 2 2 2 1 3 2 1 5 2 2 4 1 2 3 2 0 1 1 0 1 1 2 0 2 1 1 2 1 2 2 1 2 4 2 1 1 1 1 1 1 3 2 2 2 3 4 2 3 1 4 2 1 1 0 0 3 2 0 5 1 1 1 1 1 2 1 3 2 2 1 4 2 3 0 2 3 0 3 1 1 3 5 2 2 3 3 0 4 2 2 0 4 5 0 3 3 2 2 0 1 1 2 4 3 4 0 1 0 0 5 4 2 3 2 3 1 1 1 2 4 3 3 3 0 2 1 3 5 3 1 2 3 0 3 1 2 1 2 1 1 2 1 0 4 3 3 2 1 2 1 2 3 3 3 3 1 2 1 2 3 3 1 0 0 1 6 2 2 3 3 4 1 2 2 4 0 1 3 3 2 2 0 0 5 2 3 0 2 1 1 1 1 3 1 1 2 3 1 2 2 2 2 1 1 0 3 2 0 4 2 4 4 2 2 1 1 3 2 1 4 4 3 1 0 4 2 1 1 1 3 3 4 4 0 1 0 3 0 4 1 3 1 5 0 1 5 0 3 3 3 0 5 3 2 1 1 0 2 3 4 4 2 1 0 3 1 0 4 1 0 1 1 1 1 0 0 3 2 2 2 1 1 3 0 2 1 2 1 2 3 3 1 3 1 4 4 1 0 2 1 0 2 1 0 1 0 2 1 2 3 1 4 0 5 1 2 2 0 2 4 3 3 1 2 2 2 2 1 4 4 0 2 1 0 0 4 2 1 2 2 0 3 2 0 6 2 1 4 4 3 1 1 2 4 1 0 3 2 1 4 3 0 2 0 2 1 4 2 0 2 6 2 0 1 6 1 2 4 0 2 1 1 0 1 1 4 4 0 3 2 3 0 4 1 1 0 4 0 2 2 0 2 4 4 3 1 4 2 0 0 2 1 1 2 2 6 2 3 2 1 4 0 3 2 0 1 5 5 3 2 0 4 1 3 4 3 4 2 0 1 4 0 3 1 4 1 2 3 2 4 2 1 3 2 1 4 4 3 0 0 1 3 3 4 2 2 3 2 4 0 1 2 3 3 1 1 3 0 2 0 2 1 2 1 1 4 3 1 1 0 3 4 3 4 1 3 1 3 3 3 2 0 3 5 1 6 4 4 0 1 4 1 0 2 0 4 3 2 3 3 1 2 1 5 0 5 0 3 3 4 3 2 0 1 1 0 1 1 3 0 1 3 5 0 4 2 2 0 1 2 2 2 2 2 0 4 3 4 2 2 2 3 0 4 3 3 3 0 1 3 1 1 3 0 4 0 2 4 4 1 1 2 1 1 1 3 5 3 3 0 0 1 3 2 1 0 4 3 2 4 2 3 2 3 1 2 2 0 1 2 4 3 3 1 3 4 1 1 0 0 3 3 0 1 0 1 3 2 2 0 1 4 2 1 1 0 0 2 3 2 1 4 2 0 3 1 3 2 2 4 1 1 0 0 3 2 0 2 2 0 0 4 2 1 2 2 2 3 2 4 4 2 1 0 2 2 2 1 2 0 4 2 4 3 2 1 2 0 5 5 0 1 1 1 2 1 4 2 1 3 3 2 2 1 3 0 2 2 1 1 3 2 3 3 2 2 3 2 1 1 3 1 2 0 2 0 0 2 2 2 9 5 0 1 2 2 1 1 1 2 1 1 2 1 5 1 2 4 5 1 2 3 1 4 3 0 2 0 5 2 1 1 4 1 2 2 3 2 2 0 4 3 0 1 1 3 2 5 3 4 1 3 2 1 3 3 0 3 1 1 2 2 2 0 1 0 3 2 4 1 3 0 3 2 3 2 2 1 0 1 1 2 3 4 1 3 4 4 1 0 6 3 2 0 0 4 5 1 3 0 0 1 3 5 2 0 0 5 0 4 1 2 1 3 2 1 2 4 1 1 1 3 3 4 2 1 2 1 1 5 3 0 1 2 1 0 2 0 2 4 3 3 1 2 5 0 2 1 1 2 2 1 1 2 0 2 2 5 3 0 1 0 0 4 1 3 3 2 2 2 3 2 2 2 1 2 2 2 1 0 1 3 1 4 2 3 4 2 0 2 4 1 5 1 4 4 1 1 2 0 1 4 1 3 2 2 2 2 3 4 2 5 5 1 1 1 0 7 1 4 3 3 1 2 2 0 0 3 2 1 2 3 4 0 3 3 2 1 0 2 4 2 3 1 3 1 3 3 1 1 2 3 2 3 4 1 0 3 4 1 2 0 4 1 2 2 0 5 1 2 3 1 2 1 2 1 2 5 3 5 1 2 0 1 2 3 1 3 0 0 3 2 5 2 2 0 2 1 3 1 2 2 0 1 1 5 1 2 1 2 5 2 1 2 2 1 0 0 3 1 3 5 2 1 0 1 2 5 1 0 0 3 4 2 1 3 1 1 0 4 1 0 1 3 0 1 8 2 1 2 1 1 1 2 3 1 2 1 0 2 3 0 3 3 3 4 0 4 3 2 2 0 1 3 2 2 1 2 3 2 5 2 0 3 2 2 0 3 1 1 0 1 4 2 1 2 3 1 0 2 2 0 2 1 2 0 1 2 3 1 1 4 0 2 2 1 3 4 2 2 0 3 2 1 3 4 2 1 5 1 4 2 2 5 1 1 0 2 2 3 4 1 2 1 0 3 4 3 1 1 0 3 2 3 1 2 2 5 2 1 1 0 2 1 0 2 5 2 0 2 3 2 1 2 0 1 2 1 1 2 1 5 1 2 0 5 2 2 3 1 1 0 3 5 2 3 2 1 3 3 1 3 0 0 2 1 3 1 4 2 2 2 1 5 2 2 2 4 2 4 1 2 0 2 2 2 2 6 1 0 0 0 2 2 1 4 1 2 3 2 1 6 1 3 2 0 3 2 2 3 3 1 3 6 0 2 2 3 1 2 2 2 2 0 0 1 3 1 1 4 2 1 3 0 2 3 4 0 1 1 3 4 3 4 1 1 1 1 1 1 2 0 3 2 4 1 0 4 1 4 3 4 1 3 1 1 0 1 1 2 4 1 1 1 1 2 5 1 5 3 1 2 1 3 1 4 3 2 2 0 4 1 2 3 1 0 0 4 2 3 2 3 1 1 1 1 3 2 2 3 1 2 0 5 1 2 2 2 0 1 5 3 0 3 0 1 2 0 2 3 4 1 0 2 1 5 2 4 1 2 2 1 3 1 3 2 0 1 2 3 3 5 2 2 2 2 0 1 5 0 4 0 1 2 1 3 0 2 2 3 1 1 2 0 2 2 2 1 3 4 1 3 3 1 0 2 4 0 1 3 1 1 2 4 5 0 5 2 1 1 3 3 1 1 4 2 2 5 2 2 1 6 1 6 2 1 1 2 1 2 0 2 3 1 5 1 1 0 5 3 5 1 2 1 1 5 1 3 2 3 0 5 2 3 3 0 1 1 2 0 0 3 2 3 4 0 3 2 6 2 2 3 0 2 0 2 3 2 1 2 1 1 2 2 1 3 3 0 1 0 4 0 4 1 3 1 3 0 2 2 1 1 3 1 0 5 4 2 1 3 3 2 0 2 2 0 2 4 3 2 4 4 1 4 2 0 0 3 3 0 1 1 2 1 0 2 1 3 1 3 1 3 2 3 0 1 3 2 3 4 2 0 0 4 3 1 0 5 2 0 1 2 3 0 1 2 2 7 2 1 0 3 3 0 1 2 2 2 3 2 0 2 3 1 0 3 1 1 5 1 2 3 1 1 4 4 1 0 1 3 1 2 3 1 5 1 0 2 1 3 3 4 1 1 4 3 3 3 2 3 4 3 0 4 3 0 1 3 1 1 1 5 5 0 4 2 3 2 2 2 2 1 2 1 1 2 3 0 0 1 2 4 0 1 5 3 2 3 3 4 2 3 1 1 2 0 1 3 5 2 1 3 1 1 2 0 0 1 4 1 0 2 1 1 0 0 2 3 4 2 3 1 2 3 2 0 0 1 0 2 3 1 5 4 1 1 2 1 1 1 4 2 1 1 1 1 1 2 2 2 2 2 1 0 2 3 2 3 2 0 2 4 5 2 1 0 1 2 2 3 4 2 0 1 1 3 2 2 2 1 1 3 1 1 0 3 4 1 2 2 3 1 0 3 2 1 1 1 3 5 2 0 1 5 1 4 2 0 0 0 2 2 5 2 2 1 2 2 1 4 2 1 4 3 1 3 4 0 1 5 1 2 5 2 2 0 1 0 0 1 3 2 6 1 0 1 2 2 2 1 2 1 3 2 1 1 2 5 3 1 0 3 2 1 2 2 4 0 1 3 2 2 3 2 2 1 1 2 4 2 3 1 0 1 2 3 3 2 0 1 0 0 1 1 4 5 2 3 0 4 2 1 0 3 0 2 1 5 1 0 2 2 2 3 1 0 2 0 1 2 0 3 1 6 2 1 1 1 3 2 1 3 0 2 0 1 2 0 3 1 1 4 1 2 7 1 2 2 2 2 1 2 1 3 1 5 0 2 2 2 1 1 2 1 1 0 4 1 2 1 2 5 2 1 3 3 2 1 1 3 3 0 2 0 0 2 4 3 2 0 2 1 4 3 5 0 2 2 2 3 4 1 0 3 2 4 2 2 2 1 0 1 3 0 1 2 4 2 2 4 3 2 1 1 0 2 0 3 2 0 2 2 4 3 0 3 0 0 1 2 2 4 1 1 2 1 2 2 3 3 1 2 3 4 2 1 3 1 1 0 2 1 2 3 2 2 1 3 2 3 1 3 4 1 1 4 2 2 4 1 4 3 2 2 4 2 2 2 3 1 2 2 0 4 3 1 1 2 1 2 0 2 2 2 3 1 4 4 2 2 3 4 1 0 3 1 2 2 0 2 2 1 4 4 1 3 1 1 2 1 1 1 0 1 1 3 1 5 3 2 0 0 1 1 2 2 3 1 0 0 3 1 0 1 2 1 4 3 2 3 1 2 1 3 3 1 0 2 1 1 1 3 3 2 4 1 2 1 2 4 1 2 0 1 2 1 3 1 1 1 3 0 3 2 5 1 2 3 2 3 4 3 1 1 1 3 3 2 1 2 3 2 0 0 3 0 4 2 1 1 1 4 5 3 0 4 1 4 0 3 0 1 1 4 1 3 1 2 2 1 1 0 1 2 7 1 3 1 3 2 0 0 2 0 2 4 1 2 5 2 1 1 0 2 2 0 1 3 1 5 1 3 3 1 2 6 2 2 1 2 2 2 3 1 1 1 2 1 4 3 0 1 2 0 2 2 1 1 0 1 4 5 1 0 4 1 0 4 0 0 2 2 1 2 3 1 2 0 1 2 3 1 2 2 3 2 1 0 1 3 3 3 0 3 2 3 2 6 1 0 2 2 4 2 2 2 3 2 1 2 1 1 1 2 2 3 1 1 3 1 2 2 0 1 1 4 0 0 3 2 2 3 0 1 1 2 4 2 1 2 0 0 0 3 4 4 1 5 2 0 1 3 1 5 1 2 3 0 1 2 3 2 1 0 2 1 3 3 2 3 0 2 5 3 1 2 7 2 1 2 2 2 0 1 1 3 3 2 1 1 1 1 2 3 4 5 1 2 2 3 1 3 3 3 4 2 3 2 6 0 0 2 1 2 2 1 1 3 2 2 1 2 4 2 1 4 4 1 1 3 2 2 0 1 2 3 4 0 3 1 4 1 1 2 4 4 1 1 3 2 1 3 1 4 0 2 3 1 1 5 3 3 1 0 1 2 1 2 4 1 1 1 3 1 3 3 4 3 2 2 4 0 1 1 1 3 1 2 2 4 1 0 4 1 5 1 4 3 1 2 1 3 6 0 0 4 1 1 2 2 3 4 2 3 3 1 1 1 1 3 4 2 2 3 2 3 1 1 3 1 4 3 2 2 1 5 2 1 2 4 3 4 0 3 1 5 1 2 4 0 2 3 3 1 1 0 3 3 2 3 0 2 3 3 0 2 1 6 3 1 2 2 4 2 0 1 0 2 6 2 2 4 3 0 3 2 3 0 1 1 0 2 1 1 0 0 1 4 0 3 2 2 2 2 3 1 3 3 1 1 3 2 0 2 1 0 4 3 2 2 4 2 3 1 2 2 0 2 3 2 2 1 2 1 1 2 3 1 3 2 1 3 3 1 1 1 0 1 1 1 1 3 2 2 1 1 1 0 6 4 3 2 3 2 1 1 2 1 1 3 2 1 0 2 3 1 1 2 3 3 2 6 4 3 1 2 5 1 0 3 2 1 1 3 2 3 1 0 3 3 0 1 3 0 1 1 2 3 2 1 4 2 1 2 2 2 0 2 2 2 2 0 6 0 5 3 0 4 0 3 4 1 2 0 1 2 3 1 2 1 2 4 3 2 4 0 1 3 7 8 0 0 2 1 0 1 0 4 3 2 3 0 3 1 3 1 2 1 0 1 3 1 2 3 2 2 4 0 0 3 3 2 2 3 1 3 2 1 1 1 1 4 4 2 2 1 1 4 1 3 2 1 1 1 2 1 3 1 1 3 2 2 4 1 1 4 1 1 4 2 4 1 0 5 2 1 7 2 1 2 2 0 2 2 3 1 2 0 3 3 2 0 5 3 2 0 1 3 1 2 1 5 2 5 1 3 2 1 2 3 0 2 1 0 2 2 2 1 1 2 2 2 1 0 4 3 0 1 5 1 0 2 3 1 2 1 1 3 2 3 1 1 0 3 2 2 5 1 0 0 4 1 4 3 3 3 3 2 4 1 4 3 2 4 2 2 3 1 2 3 2 3 2 1 3 4 2 0 3 3 0 1 2 0 3 2 1 3 3 1 2 3 0 1 2 4 4 3 1 1 3 0 1 2 4 2 2 6 1 2 0 2 0 2 2 3 2 2 2 4 1 3 2 5 2 2 1 1 4 1 2 2 4 1 2 0 1 1 2 1 2 1 1 3 3 1 1 1 2 1 3 2 4 4 2 2 1 2 0 2 1 0 5 1 0 3 1 3 1 3 1 2 3 2 2 2 0 0 1 4 4 0 4 1 5 1 0 0 0 3 5 4 1 2 3 0 0 3 2 2 2 1 4 1 6 2 1 2 0 2 4 3 1 1 2 2 0 3 1 2 1 2 3 1 0 2 2 1 3 3 2 1 0 0 1 4 2 4 3 2 2 1 3 2 1 1 0 2 4 0 1 0 1 3 1 4 3 1 2 4 0 0 1 1 2 3 1 2 3 1 2 2 0 0 3 2 4 2 1 0 3 1 1 2 5 3 2 6 4 2 2 1 4 2 2 0 3 2 3 1 1 2 3 3 1 0 2 2 1 1 2 1 2 2 2 3 0 2 3 3 2 2 4 2 2 2 1 0 1 5 2 0 4 2 1 1 2 2 3 2 4 1 0 3 0 2 2 4 1 2 1 0 1 3 1 1 2 2 2 0 1 4 2 5 4 2 1 1 3 1 2 3 1 2 1 2 4 0 7 2 0 5 2 3 2 1 1 1 1 3 3 2 1 2 4 2 1 3 8 1 1 2 4 2 3 1 1 3 2 1 0 0 3 1 1 1 3 1 2 0 1 5 2 3 2 0 1 2 4 4 1 3 2 1 1 4 1 2 2 1 0 4 2 0 3 1 0 4 2 0 2 0 0 5 2 6 1 1 1 1 5 2 2 2 0 1 3 1 0 5 0 1 5 2 0 1 2 4 1 3 3 2 2 2 1 2 2 1 2 3 1 2 0 1 2 2 3 2 1 3 3 2 0 1 2 4 1 0 3 3 3 1 1 0 3 1 3 3 3 1 6 1 1 2 1 1 1 3 0 3 1 3 1 1 2 0 1 2 2 0 4 4 2 0 2 2 3 0 1 2 3 8 1 1 4 2 0 1 2 3 1 2 1 3 2 1 2 3 1 1 1 1 5 5 2 2 2 1 1 2 1 1 5 3 2 1 2 1 0 0 3 1 2 0 1 1 1 1 3 1 4 1 3 3 3 5 0 3 0 5 1 2 3 3 3 1 2 2 2 3 2 0 1 4 4 1 0 1 1 4 1 5 2 0 2 4 1 0 2 1 1 2 2 2 1 1 3 2 1 2 2 1 2 3 0 5 2 1 0 5 2 5 4 0 2 2 2 0 2 3 3 1 1 1 1 1 2 4 2 1 2 5 1 2 4 0 5 2 1 1 1 1 1 2 1 3 2 2 2 0 1 1 2 3 2 5 0 3 2 0 4 1 0 2 3 2 3 0 2 1 0 5 1 4 4 1 2 1 2 4 2 2 1 2 3 3 1 2 1 1 2 1 2 2 2 7 1 2 1 2 5 0 1 0 5 3 3 2 2 2 1 1 2 1 1 2 3 3 0 2 1 3 5 3 2 3 2 1 2 2 1 0 3 0 3 0 5 2 1 3 5 2 1 1 1 2 3 3 1 2 2 3 1 4 1 2 1 1 4 0 3 1 2 0 4 3 3 3 3 2 0 2 6 0 2 1 1 2 2 3 0 1 2 3 1 1 3 5 1 1 3 1 3 1 3 2 7 0 1 0 2 2 1 1 1 2 1 5 4 4 0 2 0 1 2 1 2 4 5 1 4 3 4 3 0 2 2 0 3 1 2 1 2 6 1 2 3 0 5 4 1 2 3 1 2 2 1 3 1 2 2 1 1 2 2 1 3 2 1 6 1 3 1 1 1 1 2 2 2 3 2 1 2 0 2 0 5 2 1 1 1 1 0 3 2 2 1 1 2 2 4 3 0 2 3 0 2 3 2 1 2 3 2 1 3 2 5 2 1 2 4 2 3 2 1 0 2 1 3 4 2 2 3 1 5 0 0 2 2 5 2 4 2 3 8 1 1 0 1 2 2 2 1 1 1 3 2 1 1 3 1 1 2 3 7 2 2 2 4 2 0 0 2 0 2 3 3 1 0 1 0 1 2 0 3 1 5 5 1 1 3 2 3 2 2 0 4 2 2 0 0 2 0 2 3 2 1 2 1 1 1 2 2 3 0 1 2 1 5 2 3 2 2 1 2 1 1 4 3 2 2 2 2 1 0 2 2 3 2 3 1 3 1 2 1 1 4 3 1 5 3 5 4 2 2 0 4 0 3 3 2 4 1 2 3 3 2 3 1 3 2 0 0 1 2 2 1 3 3 1 2 2 2 3 4 0 3 2 0 4 2 5 3 5 2 0 4 1 0 2 3 2 1 1 3 2 3 2 2 1 0 2 2 4 2 1 1 3 2 0 2 0 4 2 1 3 2 2 2 4 2 5 3 0 4 2 1 2 1 4 2 2 2 0 0 1 3 2 2 1 3 2 2 3 3 0 2 2 2 2 0 1 1 3 2 2 4 0 1 1 1 2 2 3 2 1 2 2 1 4 1 5 1 3 4 0 3 1 0 1 3 2 2 3 2 5 3 3 0 1 1 0 2 5 2 4 4 2 1 1 3 1 7 2 1 0 0 5 0 1 2 3 3 1 2 1 3 0 0 2 2 2 2 1 2 1 1 1 4 3 0 4 2 1 3 3 1 3 0 3 2 5 2 2 2 3 4 1 1 3 0 2 3 1 2 3 3 0 0 1 3 1 1 3 4 2 1 1 1 2 3 0 1 2 2 3 1 8 2 2 1 1 2 2 0 3 1 2 7 3 1 4 2 0 1 1 4 3 3 5 0 3 2 1 0 1 2 3 3 4 1 6 1 1 1 1 2 1 1 1 0 1 2 1 3 0 0 1 3 3 1 3 2 1 0 4 2 1 0 2 4 3 4 6 0 2 0 1 1 0 1 4 4 2 4 2 0 1 3 0 2 4 2 3 2 3 1 0 2 0 1 3 6 3 1 1 0 1 4 1 2 5 1 3 0 1 1 3 1 0 1 2 3 1 4 4 1 1 0 2 2 0 2 2 2 2 1 3 3 2 4 2 1 3 0 2 4 0 2 1 0 0 1 1 2 3 1 0 1 4 3 2 4 2 2 0 3 0 2 4 2 3 0 1 2 2 4 3 0 3 1 0 1 1 2 3 2 2 1 2 2 2 1 3 4 3 1 2 3 1 2 2 0 2 6 2 2 1 1 1 3 1 5 2 5 1 1 0 6 2 3 2 4 2 3 1 0 2 0 1 3 3 3 2 1 1 1 1 4 3 0 2 1 0 1 3 3 3 1 2 0 0 3 1 2 2 3 1 0 3 0 5 2 2 3 4 1 2 3 1 1 1 1 2 6 1 2 0 3 1 1 2 3 4 4 2 0 1 0 2 0 2 2 2 1 1 1 3 4 4 2 3 2 0 5 0 1 2 0 0 3 1 2 0 0 3 1 2 3 1 3 2 7 3 0 3 1 2 1 1 1 2 2 2 0 2 5 3 0 0 1 3 0 3 3 0 2 2 0 4 0 3 2 1 1 1 0 2 4 3 3 1 1 3 1 4 3 3 1 2 1 1 2 1 1 4 0 0 3 1 0 1 3 3 1 3 0 2 2 2 2 3 5 2 2 3 2 5 1 1 3 2 1 2 1 4 1 1 2 1 0 6 5 1 0 1 1 1 1 1 4 4 0 2 4 0 1 1 2 1 2 0 2 5 2 2 1 1 5 1 4 2 1 2 2 0 1 5 0 3 1 2 2 0 1 2 3 3 0 1 2 4 1 0 1 7 2 4 5 0 3 2 0 2 2 2 0 4 0 2 2 1 2 3 4 2 1 3 5 2 1 1 1 4 3 1 1 2 0 0 2 1 5 1 3 1 2 1 2 0 5 4 1 3 1 1 2 0 0 1 1 1 1 6 1 1 2 1 1 6 0 5 1 7 0 1 0 1 1 1 1 1 2 0 2 6 1 1 2 3 3 1 2 0 2 6 2 4 1 2 1 3 1 4 1 2 2 1 1 4 2 3 4 0 2 3 0 2 3 4 1 0 2 0 1 2 3 1 3 4 2 0 2 1 3 1 3 1 4 0 0 1 2 3 1 1 2 4 2 6 1 0 0 3 2 2 1 1 4 1 1 3 1 0 1 5 0 3 1 3 1 0 1 4 2 4 4 0 2 3 1 1 3 1 2 3 1 1 4 1 1 2 0 0 0 2 4 2 1 4 3 4 0 2 1 2 3 0 1 3 3 2 3 1 2 2 0 2 1 3 4 0 2 1 2 2 1 4 1 2 4 3 2 1 3 1 1 2 0 3 2 2 3 3 3 2 1 1 5 4 1 2 5 1 0 2 2 2 1 1 2 2 4 4 2 3 5 1 1 2 2 2 4 2 5 0 5 0 3 1 2 1 0 3 2 3 1 0 4 0 2 2 1 2 2 4 1 1 2 0 2 2 1 4 3 1 3 3 1 4 0 0 2 1 1 2 3 2 1 2 2 2 1 0 3 1 0 3 1 1 2 2 2 0 1 2 4 0 2 3 3 1 2 3 3 1 2 4 0 2 2 3 3 2 1 1 4 2 1 2 2 3 0 2 0 4 1 3 3 3 1 1 0 3 0 2 2 0 3 4 2 3 3 0 1 1 0 1 3 1 3 3 1 1 3 2 1 3 2 1 5 1 4 2 1 0 3 2 1 4 2 2 1 5 0 1 2 2 2 3 1 1 1 1 1 1 2 4 2 1 5 1 1 3 3 1 3 4 3 1 3 1 0 2 1 1 2 2 3 1 2 2 2 1 2 3 5 0 2 2 2 3 1 0 3 1 2 1 1 1 2 2 1 2 1 4 2 0 1 2 5 3 2 0 2 3 0 3 3 1 0 4 1 0 0 2 5 4 2 2 1 2 1 3 2 3 1 4 2 3 1 2 0 1 4 5 3 1 2 0 4 1 1 1 1 1 1 2 0 3 1 1 3 0 5 2 0 2 4 3 1 2 2 2 2 1 0 2 1 7 2 3 2 0 0 1 1 5 3 3 1 3 3 2 1 0 1 2 4 0 4 3 2 0 2 6 0 5 2 1 4 2 1 2 2 3 0 2 3 3 2 1 3 1 1 1 2 1 4 5 1 3 4 0 2 0 1 1 0 2 4 5 0 5 2 2 0 2 0 3 4 1 1 1 1 2 1 1 2 5 1 1 1 2 3 3 2 2 4 2 0 5 1 1 0 2 1 1 1 3 3 1 1 3 3 2 2 2 1 4 3 1 4 0 4 1 1 3 1 2 1 0 1 0 2 3 0 0 1 3 1 1 1 3 4 1 4 2 1 2 2 2 1 1 4 4 2 3 0 1 3 1 1 2 1 2 3 1 0 0 3 1 5 3 2 1 2 1 4 1 1 1 1 4 1 3 3 2 2 0 1 3 0 5 2 1 1 1 2 3 1 1 3 3 2 5 3 1 2 4 3 0 3 3 2 1 1 3 2 1 1 3 1 2 1 0 1 2 0 3 3 6 2 2 2 0 1 2 1 3 2 1 1 4 6 2 1 2 1 3 0 5 2 4 2 4 0 1 0 2 2 1 1 3 1 3 1 2 3 2 0 1 1 1 1 2 2 3 1 0 1 2 1 0 0 1 4 2 2 1 3 0 5 0 2 1 0 5 0 3 1 0 1 2 2 2 0 3 0 1 1 3 4 2 3 2 1 0 4 3 0 2 0 3 6 5 1 2 1 2 3 4 0 1 0 0 3 2 2 3 1 2 2 1 1 3 2 1 2 2 3 0 1 1 3 1 3 1 5 1 0 1 2 2 1 3 1 0 1 2 3 2 2 1 1 2 2 4 2 4 0 3 4 2 2 1 1 2 1 1 1 4 2 2 1 2 0 3 3 1 3 4 1 2 3 3 1 1 2 2 1 2 0 3 4 3 3 4 5 0 0 2 3 5 3 2 3 3 0 3 1 2 1 1 2 0 2 3 1 2 3 1 2 3 4 2 1 1 0 1 1 1 1 3 0 2 0 1 1 1 5 3 5 2 0 2 0 1 1 5 4 1 4 2 1 2 1 1 3 1 2 1 3 0 0 3 3 2 3 5 0 0 2 0 2 1 3 3 1 2 4 1 2 0 1 1 3 1 1 1 2 4 2 1 1 1 3 2 0 1 2 3 5 2 2 0 1 3 4 4 1 2 0 1 2 1 1 2 1 2 1 1 2 3 4 3 1 3 2 0 2 1 2 3 3 2 2 1 2 1 2 2 4 1 2 2 0 2 1 2 1 3 2 1 3 3 2 2 1 6 0 1 1 4 2 1 1 2 1 1 2 1 3 0 6 3 0 2 1 2 1 3 2 4 1 2 2 1 1 1 0 4 1 1 0 2 1 3 4 3 0 1 5 1 2 2 1 4 1 4 3 0 3 3 4 1 1 2 2 2 1 1 2 1 0 1 3 3 1 1 0 2 7 5 3 1 2 3 1 1 1 2 6 0 1 2 1 4 4 2 4 0 4 2 1 3 1 0 3 0 1 4 0 0 2 3 2 2 2 2 1 4 1 5 0 0 2 6 0 1 2 0 2 1 3 1 0 3 2 4 2 1 2 3 0 3 1 2 3 2 3 2 2 2 1 2 2 3 0 0 0 0 1 3 2 2 4 0 2 3 2 1 1 1 1 1 1 3 3 2 1 2 1 2 1 2 2 5 2 1 0 2 1 2 0 1 3 1 2 4 0 2 3 1 1 1 3 4 2 0 2 0 1 2 1 3 2 3 3 2 1 2 2 6 2 3 1 0 4 1 0 2 1 3 1 5 2 1 3 0 1 2 4 0 2 4 4 1 2 2 3 2 1 2 3 1 2 2 2 1 3 2 0 1 0 1 3 1 3 1 2 3 2 1 5 0 0 3 3 4 1 1 2 1 2 2 2 2 5 0 3 1 2 0 2 1 1 2 4 1 4 2 3 2 5 3 2 2 3 3 2 2 2 1 1 1 3 1 5 2 4 2 1 0 5 2 4 2 1 2 2 2 0 5 2 1 8 2 4 2 1 4 2 3 4 0 2 3 4 4 1 0 0 3 4 0 4 3 3 4 2 1 0 2 0 0 1 0 1 2 2 1 1 4 2 0 1 1 4 2 1 3 1 5 2 3 4 2 1 1 2 4 1 2 1 2 0 2 2 1 2 1 2 2 5 1 0 1 2 2 0 5 2 1 3 2 4 1 2 2 0 1 0 1 1 1 0 2 0 4 1 0 2 1 2 1 0 0 2 4 3 4 3 2 2 0 2 2 1 1 1 2 0 1 3 1 4 4 2 2 2 3 2 4 2 1 0 3 1 2 2 1 4 1 0 1 3 0 4 4 1 2 5 2 3 3 1 2 2 0 1 3 3 4 0 2 1 1 4 4 2 1 6 5 3 1 2 0 3 1 2 2 2 4 2 3 0 2 2 2 1 2 2 2 0 5 2 3 2 2 1 1 4 0 1 2 2 1 3 5 1 4 0 3 4 2 0 2 3 2 2 1 3 1 3 1 3 2 3 1 3 2 3 3 0 1 4 3 1 0 1 1 3 2 2 4 3 1 1 4 2 1 1 3 3 3 1 3 1 2 2 2 4 3 0 1 2 3 4 1 3 3 3 1 1 1 5 2 1 1 5 1 3 2 4 1 0 2 1 5 0 1 0 1 6 3 2 2 2 2 1 2 3 2 1 0 3 2 2 1 3 1 2 2 4 2 5 1 0 1 3 2 1 1 1 5 0 1 1 2 2 3 1 0 3 1 3 1 3 1 1 1 0 2 2 1 3 3 5 1 1 2 3 2 1 2 3 2 4 4 2 3 4 2 3 1 3 4 4 0 0 2 1 2 2 4 2 0 2 8 0 2 4 1 0 3 0 2 4 4 3 2 2 1 4 1 2 1 0 2 3 4 1 2 1 1 0 1 5 2 6 1 2 3 1 0 3 1 2 2 2 5 2 1 2 1 2 1 1 1 1 2 1 1 3 2 2 2 0 5 3 4 1 1 1 2 2 2 2 1 3 1 3 1 3 2 3 0 0 1 4 1 3 1 1 3 4 3 1 1 3 0 2 1 2 4 2 4 0 2 0 2 1 5 3 1 2 4 1 0 2 3 2 3 4 1 1 1 1 3 0 2 3 0 1 4 4 2 0 1 0 1 2 0 0 2 4 1 1 2 2 1 1 1 5 1 2 1 0 1 3 0 2 1 4 3 0 4 3 4 2 1 6 1 1 2 1 1 2 1 1 2 0 2 3 2 3 2 3 4 1 1 2 3 2 2 5 1 0 6 1 3 2 1 1 1 3 2 2 0 2 2 1 2 1 3 2 3 1 1 1 1 5 3 3 1 2 1 3 0 1 3 0 2 4 3 4 0 3 2 1 1 2 1 3 3 0 3 2 2 1 1 2 2 3 3 3 1 1 2 2 1 3 0 6 1 1 1 2 2 2 1 5 2 1 0 1 2 2 0 2 3 4 2 0 1 0 2 2 5 1 2 7 1 4 3 1 1 0 1 1 2 1 2 3 2 2 1 2 0 3 3 3 2 2 0 2 3 2 6 3 0 5 1 0 1 2 2 3 1 1 2 2 2 6 4 1 6 2 1 1 1 1 2 3 1 1 3 0 2 4 0 3 1 2 2 2 5 2 1 4 0 2 4 1 2 2 1 1 1 2 1 2 3 2 2 1 2 2 4 2 3 4 0 4 4 1 1 3 2 2 0 3 3 3 1 2 4 2 2 4 0 0 3 0 5 4 2 1 2 4 2 3 2 0 2 3 4 3 0 1 2 0 3 1 0 2 2 4 0 4 2 4 2 1 3 1 2 3 1 3 3 2 3 3 1 1 3 2 2 2 0 2 3 2 1 5 1 1 4 1 2 2 3 1 1 3 3 4 2 1 3 1 1 2 2 3 1 1 1 2 2 3 0 3 0 0 1 2 2 0 2 7 0 1 2 1 5 1 1 2 4 1 1 1 2 4 3 1 2 3 3 0 4 1 2 3 1 2 2 4 2 3 2 1 0 2 2 1 1 0 3 2 3 3 2 0 0 5 1 1 2 2 4 1 1 0 2 3 4 2 2 1 1 4 2 3 1 1 2 3 1 1 0 1 2 3 3 1 1 1 3 1 1 5 3 1 3 1 1 2 2 1 2 4 3 2 1 1 2 1 0 3 1 0 4 2 3 5 0 4 1 4 2 2 0 3 0 3 3 0 2 2 3 3 1 1 3 0 4 2 1 3 2 0 1 0 3 2 1 2 0 4 2 2 0 0 2 2 0 1 5 0 2 0 2 1 0 2 3 1 1 2 2 1 2 0 3 0 2 3 2 3 1 0 1 0 3 4 2 0 2 0 2 4 1 0 3 3 0 4 0 3 2 3 3 0 2 4 3 4 2 2 2 1 1 3 3 4 1 2 1 1 3 1 1 1 0 2 1 2 3 1 3 3 2 1 0 1 2 2 2 2 2 0 2 2 2 3 4 3 1 2 2 2 0 3 1 1 4 0 3 0 3 2 4 0 2 1 3 4 1 3 3 2 2 4 4 2 3 3 0 3 0 1 1 3 6 1 2 1 0 5 4 4 2 2 0 2 0 1 0 2 2 1 5 1 3 3 1 3 1 4 2 2 0 2 4 1 1 1 1 2 1 3 1 0 1 2 4 2 0 2 2 3 2 2 2 4 2 1 3 1 2 6 1 3 2 1 0 1 2 3 0 4 1 3 2 0 2 1 0 3 1 0 2 0 1 3 0 0 3 5 1 1 2 0 1 4 3 2 2 0 1 0 1 0 2 1 1 3 3 1 0 3 0 0 5 2 1 3 3 2 1 3 0 6 0 2 3 3 6 3 1 1 0 1 4 2 2 2 3 1 2 4 5 0 3 2 1 0 4 5 3 2 3 2 1 3 0 2 0 0 3 2 4 3 2 0 0 3 1 2 2 4 1 2 2 2 0 2 3 2 3 4 3 2 2 1 2 1 2 3 2 1 0 2 5 1 0 2 3 2 0 0 0 0 4 3 4 2 0 1 2 1 0 1 2 3 1 1 0 3 6 0 0 3 4 1 3 0 3 0 1 3 3 0 2 1 1 3 0 5 1 2 0 1 0 2 4 4 0 2 2 1 2 1 2 1 2 4 5 0 2 2 2 2 4 4 0 1 1 2 1 4 2 3 2 3 1 2 3 1 0 1 0 4 3 2 3 0 3 2 0 2 1 3 4 2 1 1 2 2 2 4 2 3 2 3 3 0 1 2 2 2 2 0 0 3 1 5 0 1 0 2 0 1 2 3 3 4 2 1 5 0 2 2 4 2 1 2 3 0 2 4 1 4 5 1 3 2 3 0 3 1 3 0 4 3 3 0 4 0 0 4 2 4 2 1 2 5 2 3 4 4 2 3 2 0 2 5 0 2 2 3 2 4 1 2 2 2 1 4 4 0 2 3 2 3 2 4 2 1 0 1 0 4 1 2 0 3 1 2 2 3 0 1 1 5 2 2 2 4 2 3 0 0 2 1 5 1 1 3 0 2 1 1 3 3 2 3 4 1 1 1 5 4 1 3 4 0 1 2 5 2 3 3 1 2 1 1 0 3 4 1 3 1 2 3 2 3 4 2 1 2 1 0 1 3 3 1 0 2 1 2 0 1 1 2 1 1 2 0 3 2 1 2 1 5 3 4 3 1 1 1 2 0 1 3 2 0 1 1 0 2 1 5 2 4 0 2 3 2 1 3 0 1 2 3 0 5 3 0 1 1 4 5 2 0 4 4 3 2 0 2 2 1 2 1 2 4 2 2 4 3 0 2 1 1 5 5 2 2 2 0 1 2 1 2 3 1 4 1 1 1 2 2 0 1 2 1 1 0 2 1 1 1 1 4 2 2 2 2 2 4 3 3 6 0 0 1 2 3 3 3 3 0 1 1 1 3 1 3 0 1 1 2 1 5 1 2 2 2 1 1 1 4 1 3 2 1 0 1 1 4 2 2 2 1 0 2 6 4 0 0 3 2 4 0 2 3 1 0 2 1 2 2 0 3 0 0 2 1 1 2 0 3 2 5 1 2 2 1 3 2 3 3 5 4 1 1 1 1 2 5 3 1 0 2 2 2 1 2 1 3 3 2 0 1 3 2 3 0 2 0 0 2 5 2 0 4 4 1 1 2 1 0 2 0 0 3 3 4 1 2 3 2 1 1 3 3 2 4 2 1 2 3 3 3 2 0 2 2 2 4 4 0 3 1 3 2 0 1 3 1 2 2 3 2 2 2 1 3 3 2 0 2 2 0 4 2 1 2 3 1 4 4 1 4 2 0 2 2 2 0 3 2 1 3 2 1 0 0 2 6 0 3 0 2 1 1 0 7 2 1 1 1 3 2 1 0 2 0 2 2 1 1 2 3 3 3 3 0 6 2 1 3 1 2 4 0 1 3 0 2 2 2 3 1 0 2 3 3 1 4 3 2 2 1 2 4 0 3 5 2 2 3 4 2 1 3 1 0 0 1 1 1 1 1 1 1 2 2 2 4 1 1 0 5 3 3 2 3 1 0 1 1 2 0 1 2 1 1 3 4 2 3 1 2 2 2 4 2 1 3 2 1 1 1 6 2 4 2 3 2 1 1 0 3 2 1 1 5 3 0 0 1 2 0 1 2 0 4 2 3 0 6 1 2 2 2 4 2 2 4 2 2 2 2 0 4 3 2 0 1 2 0 0 0 0 4 8 3 2 1 2 1 1 1 1 0 3 1 3 2 2 3 2 3 2 3 0 0 3 1 4 1 0 3 0 3 2 4 1 2 2 3 2 0 2 4 2 5 1 1 7 4 0 0 2 1 1 3 0 1 1 2 1 3 4 3 1 2 2 0 4 3 1 4 1 3 4 3 0 2 1 0 3 1 0 2 6 0 2 4 2 1 2 0 0 2 0 1 2 2 1 4 3 4 0 5 2 1 2 1 1 2 0 6 4 2 2 2 2 2 1 2 4 1 7 3 3 2 0 2 1 1 3 0 1 2 1 2 1 3 5 2 1 1 0 0 1 3 2 1 3 1 2 1 1 3 1 2 3 3 1 2 0 0 1 1 1 2 0 0 0 2 4 2 0 3 1 0 3 1 2 1 4 2 0 3 2 2 2 1 2 2 1 2 3 0 0 2 0 2 5 3 5 1 0 2 2 1 2 1 3 4 1 3 3 0 0 1 0 2 3 1 2 3 1 1 1 0 2 1 2 6 1 0 1 5 3 1 0 0 3 0 0 1 4 2 1 2 1 2 3 3 1 0 3 1 4 2 2 0 3 3 2 2 0 2 2 2 5 1 1 5 3 2 0 1 1 0 3 3 6 2 1 2 5 2 0 2 1 2 2 1 3 3 2 2 2 2 0 2 1 2 1 2 2 2 3 1 1 0 3 1 3 1 4 3 0 3 1 2 1 2 0 2 1 2 2 7 2 2 3 4 0 4 1 0 3 1 2 3 1 2 1 1 4 2 0 1 2 1 2 1 1 1 5 1 2 1 3 1 2 2 1 1 2 4 2 3 2 2 1 1 3 3 4 3 1 2 1 3 4 3 3 3 2 2 0 1 1 1 2 2 7 1 3 1 4 0 1 2 1 2 3 3 3 2 0 2 1 3 4 0 0 2 0 0 1 5 2 2 4 1 1 4 1 4 3 1 2 0 4 2 1 2 3 3 4 2 1 2 1 1 4 2 0 2 4 1 2 2 0 2 2 1 2 5 0 4 2 2 2 2 1 1 1 1 3 2 4 2 1 3 3 3 3 2 2 2 3 2 0 1 3 3 1 3 1 2 3 5 3 3 1 1 0 2 0 3 5 4 3 2 2 5 0 1 2 5 1 1 2 1 2 3 2 0 5 0 3 2 3 0 1 3 1 0 1 3 4 3 1 2 3 1 1 2 3 1 2 2 1 2 3 0 2 2 4 1 7 0 3 2 2 2 3 2 2 0 2 3 0 1 2 3 7 2 4 0 2 1 2 1 1 1 2 1 2 1 5 2 1 2 0 2 1 0 2 4 3 2 3 2 5 2 1 0 1 2 3 3 3 2 4 3 2 2 1 3 1 2 1 2 4 1 5 4 3 2 1 1 3 4 2 1 2 0 3 2 3 3 1 2 1 2 2 3 0 2 2 0 3 0 3 1 4 2 2 0 5 0 7 1 1 1 3 0 2 4 2 3 0 2 1 3 2 2 0 1 3 3 2 3 2 5 0 1 3 1 2 2 1 1 2 1 1 2 3 4 4 0 3 0 4 1 1 3 1 4 2 3 2 1 1 1 1 3 3 1 2 3 3 4 4 2 2 1 0 1 4 2 2 6 3 4 3 0 3 3 2 1 3 2 3 2 1 1 2 1 5 1 1 6 3 2 1 2 0 1 2 3 5 3 1 2 0 0 3 1 1 0 4 0 0 3 4 2 0 1 3 1 3 1 1 2 2 1 0 2 1 1 0 0 2 1 5 1 2 1 0 1 4 0 2 0 2 3 2 0 4 0 3 1 3 1 0 0 2 3 3 0 1 1 0 4 1 0 0 4 3 0 2 1 2 3 0 2 2 2 2 1 3 4 2 4 2 1 3 4 4 0 1 0 3 2 6 0 1 1 6 1 0 3 2 4 2 1 2 3 2 3 3 0 3 5 1 1 1 4 3 4 1 3 3 2 1 0 3 1 4 1 1 1 2 2 2 1 7 4 1 0 0 0 1 1 1 3 2 2 2 1 3 3 2 3 0 1 2 5 1 6 2 1 2 0 2 3 5 3 2 1 0 1 1 2 3 1 2 2 0 5 2 3 3 3 0 2 2 2 3 0 4 3 0 4 2 1 1 1 4 2 3 2 0 1 0 1 3 2 3 1 0 0 1 2 5 1 1 3 0 2 1 4 1 0 0 1 0 4 3 2 2 3 3 2 0 0 1 3 0 2 2 0 6 2 2 2 2 1 3 0 5 2 3 1 2 3 2 1 0 4 3 4 1 1 4 2 2 2 0 1 3 1 1 1 1 1 1 4 3 3 3 2 5 2 1 2 1 3 2 3 1 1 2 2 1 2 3 1 2 2 3 2 4 1 2 1 4 1 5 0 2 1 0 2 1 1 1 2 2 3 2 1 1 3 2 3 3 1 1 3 1 2 1 2 0 1 1 4 1 1 1 3 3 2 3 3 0 1 0 2 2 5 2 5 2 2 0 1 1 2 3 2 3 3 1 0 3 0 1 0 4 3 2 1 0 4 2 3 1 4 4 0 5 2 0 3 2 0 1 0 6 1 1 2 3 1 2 1 2 0 4 1 2 2 2 2 0 1 2 3 3 1 2 2 3 2 3 1 1 2 1 2 2 3 1 4 1 2 2 3 1 3 0 2 1 2 3 2 0 4 1 1 2 2 2 2 0 1 1 3 1 2 3 3 3 0 3 1 2 1 2 3 2 0 1 5 2 1 2 0 0 3 2 2 0 2 2 0 0 3 2 3 2 5 3 2 0 1 2 2 2 0 1 2 1 3 1 0 4 3 1 1 3 2 1 3 3 1 2 2 2 2 2 1 2 6 1 0 3 2 3 2 2 2 1 0 1 6 2 1 2 3 2 3 1 3 1 4 1 5 3 2 0 3 2 3 0 1 4 1 2 3 2 2 1 0 1 1 1 4 1 5 2 1 3 1 6 1 4 0 3 2 3 1 2 1 0 1 3 3 2 2 2 1 3 3 1 0 1 0 2 2 1 3 3 2 5 1 5 0 2 2 3 2 0 2 1 0 6 2 1 1 1 1 3 2 2 0 0 2 1 2 3 3 2 1 4 1 3 3 3 0 0 0 2 2 1 2 1 2 2 0 1 1 3 0 3 3 3 0 3 1 2 1 0 2 4 1 1 1 3 3 3 2 1 2 2 2 1 3 2 0 2 2 4 0 0 1 7 4 3 1 1 3 3 1 0 2 3 2 5 1 1 3 2 1 2 0 3 0 2 2 3 1 1 5 4 1 1 2 2 4 1 3 5 0 0 3 2 1 2 1 4 3 1 3 2 5 2 1 1 1 4 1 2 1 2 1 1 0 3 0 3 3 5 1 2 0 0 2 3 3 3 1 0 1 2 3 2 1 2 0 2 1 3 2 5 1 3 3 1 0 1 2 3 3 2 1 2 2 2 3 0 0 3 4 1 1 2 3 2 2 2 1 4 0 2 4 1 2 4 5 2 3 4 1 0 3 3 1 1 0 1 1 2 5 0 2 0 3 1 1 1 0 2 4 1 4 3 3 2 2 0 6 2 2 2 3 0 2 3 3 0 1 1 0 1 4 2 1 6 5 6 3 1 1 1 0 3 2 3 1 1 3 0 3 2 1 2 2 0 3 0 3 3 3 1 3 1 1 0 1 2 3 3 1 3 1 3 1 1 0 2 1 2 3 4 1 1 3 4 2 1 1 1 1 3 3 4 1 4 0 2 1 3 1 6 2 0 3 0 1 2 1 1 2 5 1 0 4 2 1 1 2 1 1 0 2 3 4 3 0 1 5 2 2 4 2 3 0 0 2 6 1 4 2 0 1 0 2 0 2 4 0 5 3 3 3 2 5 2 1 4 1 4 1 2 1 1 3 4 0 0 2 2 4 3 1 5 3 1 5 3 1 1 1 1 3 2 3 2 1 3 4 2 1 1 3 3 0 3 1 4 2 2 1 3 2 1 1 3 1 1 2 2 2 0 6 5 5 1 3 3 4 2 0 3 1 1 5 5 3 6 1 2 4 0 2 1 1 4 2 0 3 1 5 1 2 1 2 1 3 1 4 4 1 2 2 2 1 3 3 4 2 2 3 1 2 0 1 3 2 3 1 3 1 1 0 5 0 2 2 1 1 1 2 2 3 2 2 3 2 4 3 1 6 2 2 0 2 2 4 0 2 3 3 4 3 1 3 3 1 2 1 2 1 2 4 3 4 1 1 5 3 0 1 2 1 3 2 5 3 1 4 2 1 3 0 1 2 4 0 1 2 3 1 0 4 4 4 3 1 3 3 3 2 2 4 1 2 2 2 3 1 1 3 4 3 1 0 3 1 1 0 1 2 1 2 1 3 3 3 1 6 2 2 1 0 1 6 4 0 2 1 1 3 2 1 4 1 1 3 2 5 1 1 0 1 1 3 2 0 0 0 3 2 0 2 4 3 1 1 3 1 2 2 1 2 5 3 2 3 0 2 1 1 3 1 1 4 4 3 2 3 0 3 1 1 3 0 0 2 1 1 5 4 1 0 2 3 0 4 4 3 1 2 2 0 1 2 2 3 1 1 4 0 0 1 0 4 1 0 2 3 1 2 3 3 2 1 0 1 1 4 1 2 3 1 0 1 2 1 3 3 2 2 1 3 3 3 1 1 3 1 6 0 2 4 1 6 0 1 0 2 3 1 1 0 1 0 2 0 0 2 3 0 2 2 6 1 0 4 5 0 3 3 0 0 1 0 1 0 6 2 1 2 1 2 2 2 2 2 4 2 2 1 1 2 5 1 4 0 3 2 2 2 2 2 3 4 4 3 0 1 3 0 2 3 0 3 2 3 1 0 1 1 1 2 5 3 3 1 0 3 2 0 0 2 3 2 5 2 2 2 1 0 0 5 3 1 3 2 3 2 4 2 0 1 3 2 1 0 1 2 2 1 1 1 2 2 3 3 1 0 2 3 2 0 1 1 4 1 1 2 4 4 2 4 3 3 3 3 4 2 1 2 3 1 5 2 2 2 4 3 3 3 4 0 3 1 3 2 4 1 0 3 0 3 3 2 3 1 6 1 2 2 1 3 3 2 0 2 1 2 2 3 0 3 3 2 1 2 3 2 1 2 3 1 3 5 0 1 3 0 4 5 1 7 2 5 1 1 2 3 0 2 0 2 3 2 2 4 2 3 2 0 1 0 4 1 3 2 1 2 0 1 0 1 2 3 1 2 2 3 0 3 6 4 2 0 0 3 2 0 1 3 1 1 2 0 2 3 2 3 1 2 2 0 0 0 2 4 2 2 4 0 2 1 0 3 3 5 0 0 1 1 5 2 4 1 3 2 1 1 2 2 1 2 0 2 2 1 2 2 2 3 2 3 2 3 2 1 3 3 2 1 3 2 1 0 2 3 2 1 3 0 3 1 0 4 0 2 4 2 2 2 2 1 3 1 2 2 2 2 1 0 1 2 3 1 2 2 1 3 1 1 3 0 5 1 6 1 2 2 1 2 1 1 1 0 2 3 1 3 2 1 1 2 3 1 5 2 1 1 0 2 3 1 0 4 1 5 1 4 3 2 1 2 1 3 1 1 1 1 2 0 1 3 2 4 5 1 1 0 0 5 2 2 2 2 1 1 1 0 5 3 1 1 2 4 3 1 1 2 2 5 1 4 0 2 1 0 0 3 1 3 3 4 0 1 2 2 2 1 3 1 2 2 3 2 4 2 2 2 2 2 1 3 4 2 1 1 1 2 3 3 3 4 2 1 4 2 1 1 0 4 2 1 2 1 2 1 4 4 2 2 1 1 2 2 0 2 0 3 3 9 3 3 5 3 0 3 1 0 0 5 2 1 1 0 1 1 1 3 5 6 0 5 2 5 2 1 2 5 0 2 2 2 2 0 1 1 5 2 1 2 2 2 4 1 1 2 0 1 3 2 4 0 2 1 3 0 2 0 4 3 1 2 3 2 2 2 1 4 2 3 2 4 0 1 3 2 1 4 2 1 1 3 2 2 3 1 1 2 3 2 2 2 4 1 1 1 1 2 2 2 5 1 3 3 1 1 1 0 3 5 4 4 0 0 4 1 2 0 1 0 1 2 2 4 4 2 3 1 3 0 1 2 2 2 3 4 1 2 1 0 6 4 3 1 2 2 3 2 1 3 2 6 1 1 3 1 3 2 2 1 3 4 4 2 4 4 1 1 1 2 0 1 2 1 3 2 3 2 0 3 0 0 1 1 3 2 5 2 1 0 1 0 2 3 0 4 3 3 3 3 1 1 1 6 2 2 2 2 1 3 1 2 2 3 0 3 3 2 2 2 2 3 0 5 0 1 2 1 1 3 2 4 1 3 0 3 3 3 1 0 1 1 1 2 3 1 2 1 4 4 1 4 1 2 4 1 0 0 2 0 1 4 1 0 1 3 3 4 3 3 0 4 5 1 1 1 4 5 3 3 3 1 1 2 2 2 2 1 1 1 0 3 3 2 1 0 2 1 5 3 1 1 4 2 2 4 3 3 1 0 2 1 5 3 3 1 2 2 1 1 2 1 4 4 0 3 4 2 0 1 2 2 4 5 4 1 2 0 1 1 3 1 2 2 3 0 0 3 1 3 2 1 3 1 1 1 1 1 1 1 5 0 0 1 1 3 1 2 4 3 3 2 0 1 0 1 1 2 5 0 1 2 3 1 4 1 3 0 1 2 1 3 2 3 2 0 3 2 5 2 2 0 1 0 1 2 1 2 3 3 1 1 2 4 2 5 1 0 2 1 4 0 1 2 1 1 2 3 0 3 0 3 2 2 6 2 0 1 1 1 2 0 2 5 1 3 1 2 0 2 5 0 3 6 1 0 2 3 0 1 3 3 3 4 3 0 1 3 3 1 1 2 6 0 0 4 4 1 1 0 3 0 0 2 5 4 3 4 2 1 0 1 1 3 3 2 0 1 2 3 0 2 3 5 0 3 4 1 0 0 1 0 2 2 3 2 3 0 0 1 1 1 4 1 1 4 1 3 3 1 5 1 2 1 2 3 4 0 3 2 2 1 4 2 3 2 2 3 0 2 1 3 0 1 2 1 2 0 2 1 1 2 1 1 1 1 1 3 2 0 3 2 4 3 1 1 1 2 1 2 2 2 3 1 2 2 1 0 1 1 0 5 3 2 2 0 1 7 1 3 1 1 1 2 0 2 2 2 3 0 1 2 2 1 3 1 3 1 4 1 2 3 4 0 3 1 2 1 1 1 0 2 2 5 5 2 1 2 1 2 1 3 1 4 1 0 3 2 0 2 2 3 2 0 1 3 2 3 4 2 1 8 0 1 0 4 1 4 2 1 2 0 3 1 0 1 1 1 2 2 3 0 2 3 1 2 3 1 4 0 2 3 2 0 2 4 0 2 3 2 2 2 2 1 2 0 2 0 1 0 3 1 1 1 2 1 1 3 3 2 3 1 2 1 3 2 0 3 2 3 4 5 1 0 3 1 1 2 0 1 2 3 2 2 2 1 2 0 2 4 2 3 1 3 1 2 3 0 3 1 1 2 2 1 2 0 6 1 1 1 2 0 2 2 0 2 2 2 0 1 2 1 1 2 1 0 5 4 3 1 3 3 2 2 1 1 0 1 2 3 2 0 5 2 3 3 2 2 1 0 2 2 2 2 3 4 0 0 1 1 2 1 1 2 2 1 4 2 2 4 1 3 4 2 0 2 4 2 5 2 0 3 4 1 2 2 2 2 2 3 1 1 4 5 2 1 3 3 3 0 2 1 1 3 0 2 3 2 0 2 4 1 3 2 0 0 1 1 0 2 1 1 0 4 2 1 1 2 2 1 2 3 0 4 2 2 1 2 1 1 0 1 1 2 3 5 1 5 2 2 5 0 2 1 1 1 5 2 1 4 0 3 1 0 3 0 2 4 1 3 2 3 0 3 2 5 4 0 5 1 1 0 1 2 2 3 0 3 2 0 1 0 4 3 0 1 3 2 3 1 2 1 4 1 4 1 3 0 0 5 5 2 1 1 2 1 6 2 2 2 2 4 1 1 1 1 1 1 0 1 2 1 4 2 3 1 0 4 2 4 1 2 4 1 1 1 2 2 1 3 1 2 2 2 3 2 2 2 1 1 2 5 3 1 2 5 0 3 1 4 1 3 1 1 3 1 3 0 4 2 2 2 0 2 2 1 2 0 3 2 4 2 4 2 1 2 2 1 2 0 4 1 1 0 1 2 4 2 0 1 1 1 4 2 2 1 1 2 3 6 2 3 1 1 0 1 1 3 0 2 2 3 2 3 1 5 1 2 2 2 1 3 0 2 4 3 2 3 1 1 2 3 1 2 1 3 0 1 1 4 5 2 3 3 2 1 2 1 6 1 2 2 2 1 3 1 1 1 3 4 2 2 0 3 3 0 0 4 1 2 2 2 2 3 1 0 1 2 0 1 2 1 1 3 1 5 1 1 1 3 2 1 2 2 3 3 4 2 4 0 1 1 0 1 3 6 1 4 0 1 3 0 2 2 3 1 1 5 1 0 4 2 0 4 0 1 4 2 3 4 4 2 0 1 2 2 0 2 3 0 2 2 3 0 1 2 1 1 1 3 1 1 4 4 4 1 3 0 2 1 2 3 2 1 5 2 2 3 0 3 1 2 2 4 1 4 1 1 4 2 1 3 1 3 1 1 1 2 0 5 2 1 4 2 4 1 0 1 0 2 1 2 1 2 1 2 1 1 3 3 2 1 0 1 1 3 1 2 4 4 2 1 2 0 2 1 3 1 0 4 1 1 2 2 2 1 1 3 1 1 2 1 3 4 2 2 2 2 2 3 2 1 4 1 1 0 2 2 2 1 1 0 2 2 2 2 1 3 2 2 2 1 2 2 1 2 2 1 1 3 4 2 5 0 3 5 0 2 3 0 2 1 3 0 1 1 0 2 2 2 1 1 2 1 0 2 3 4 3 3 0 2 6 1 3 2 1 2 2 0 2 1 3 2 3 1 1 1 0 2 0 2 3 0 0 6 1 0 2 1 0 0 2 2 2 2 2 1 2 2 2 3 2 2 2 1 3 1 3 2 4 3 1 3 1 4 2 1 3 1 0 3 2 1 1 3 1 3 2 4 2 1 4 2 3 2 3 2 4 1 0 2 2 2 3 3 4 6 4 0 3 0 4 1 1 2 2 1 1 1 1 1 5 1 0 3 3 2 2 1 2 3 1 0 3 1 4 1 1 2 3 1 2 2 7 1 0 3 3 2 0 4 4 0 2 1 3 1 2 0 3 1 2 2 2 0 2 3 3 2 0 0 1 3 1 2 1 3 1 3 3 2 2 1 0 1 3 3 0 2 1 1 0 3 1 3 0 2 5 2 2 3 1 1 1 2 3 2 1 4 3 5 0 3 3 0 2 5 0 1 2 1 0 4 2 1 1 0 1 1 4 4 2 0 0 3 2 3 0 1 4 1 3 2 2 0 1 2 0 1 0 1 2 1 3 4 4 0 4 3 1 4 3 1 2 2 2 2 3 3 3 2 2 2 1 2 3 1 1 1 2 1 1 4 3 3 1 2 2 1 0 3 2 2 0 2 2 2 2 2 1 1 1 2 3 1 1 2 0 1 4 1 3 1 2 3 4 3 3 1 1 2 3 1 2 3 1 1 3 0 2 2 1 2 1 4 0 0 3 2 1 0 1 4 5 3 2 2 0 4 1 1 1 4 0 3 2 1 3 4 0 1 5 2 1 2 3 0 2 3 5 2 1 2 2 2 2 3 1 3 2 1 2 0 3 3 2 2 3 4 0 0 3 4 2 2 2 2 0 1 4 3 0 1 2 1 4 3 3 0 1 2 3 2 5 2 1 5 4 5 2 1 4 1 1 3 1 3 1 1 3 3 1 0 4 0 1 4 3 1 3 3 2 2 2 1 0 1 4 0 2 2 2 0 3 1 0 0 3 0 1 4 2 1 0 3 1 0 0 2 1 1 3 3 1 2 3 2 2 2 2 1 0 3 2 4 3 6 1 4 1 3 3 2 1 2 0 0 1 2 2 4 2 3 2 0 5 1 1 2 5 1 3 4 0 1 1 3 3 3 3 0 4 2 0 0 1 2 5 2 1 3 1 1 2 2 4 0 6 2 2 2 3 0 2 3 1 2 1 7 1 2 2 2 5 0 2 1 1 2 6 2 5 5 2 1 1 2 2 2 4 2 1 3 2 0 2 0 2 2 1 1 3 0 1 1 0 1 0 3 4 2 1 1 3 2 2 3 2 1 2 4 1 0 4 1 1 3 0 3 1 2 1 3 3 3 1 1 3 4 2 3 5 2 3 2 2 2 2 2 1 2 2 3 1 1 0 3 2 4 2 3 4 3 0 3 1 0 1 3 2 2 1 2 0 3 1 4 0 3 0 3 5 5 5 3 4 2 0 2 2 1 2 4 1 4 1 1 5 1 1 2 2 2 4 3 1 1 3 4 2 6 3 1 0 1 4 1 3 1 1 2 2 1 1 3 3 3 0 2 2 2 4 2 2 1 1 3 3 1 1 0 5 1 2 1 3 0 3 6 2 2 2 0 3 2 1 3 3 4 2 0 5 1 4 3 2 1 2 1 2 5 1 0 1 3 0 2 1 1 2 2 1 2 4 1 2 4 0 1 3 2 0 2 2 2 2 1 3 2 2 1 2 2 5 0 1 1 5 4 3 0 3 4 4 0 1 1 2 3 1 1 3 0 3 3 3 2 2 0 2 3 1 0 2 2 1 5 4 1 3 2 2 3 2 3 0 1 3 2 2 2 3 2 3 2 2 2 1 2 3 1 2 1 1 0 2 1 1 3 0 1 2 2 5 3 1 1 4 2 1 1 3 3 2 0 4 3 2 2 0 3 3 3 1 1 0 2 4 2 1 2 1 3 1 3 0 2 1 2 1 3 3 2 2 2 1 4 7 1 3 1 0 3 2 0 3 0 1 2 2 5 3 3 1 0 3 2 1 3 2 2 2 4 2 2 3 2 1 2 2 0 2 1 2 5 1 3 5 0 2 0 1 4 1 2 0 4 1 2 1 1 1 4 1 5 1 0 2 1 0 0 1 2 5 4 0 1 1 0 3 1 3 2 3 3 4 2 2 0 0 1 2 4 1 0 0 3 3 3 1 1 3 2 3 2 1 0 0 3 2 2 2 1 2 1 1 2 4 2 3 2 4 2 0 3 3 1 1 3 0 4 3 2 3 1 1 4 0 3 2 2 1 5 4 4 2 0 1 1 6 3 1 2 2 1 1 0 3 0 2 3 1 3 2 1 1 3 0 0 1 3 1 3 4 2 1 1 4 4 1 1 3 3 2 4 0 2 2 2 0 1 0 1 1 2 1 4 4 1 0 1 4 4 1 1 2 2 0 2 1 5 3 1 2 5 3 2 1 2 1 0 2 4 3 4 1 1 0 3 0 3 1 3 3 3 2 1 2 2 2 1 2 3 0 1 1 5 3 2 2 1 1 2 2 2 1 4 4 2 6 0 1 1 1 3 4 0 2 2 2 2 1 3 1 1 2 2 1 3 1 3 2 3 2 4 1 2 1 1 1 3 0 2 1 3 1 2 1 3 2 2 0 2 1 0 0 0 2 3 3 1 5 1 4 1 3 2 2 0 2 1 0 4 0 3 4 1 0 1 2 1 2 2 5 1 1 0 2 2 1 3 2 2 1 3 1 1 1 3 2 3 0 2 1 5 1 2 2 0 1 3 2 0 0 1 1 1 3 0 1 2 1 0 1 6 2 0 4 4 1 2 1 2 2 1 0 1 3 0 1 3 2 1 5 0 0 2 2 7 2 2 0 1 1 1 3 2 3 3 1 3 2 1 2 4 1 2 2 0 3 5 5 2 2 1 2 2 1 0 2 2 2 2 2 2 1 5 2 3 2 0 1 4 1 1 2 1 2 2 6 0 1 2 5 1 3 2 2 1 1 0 5 0 1 2 0 1 3 2 3 0 0 1 4 2 1 4 1 0 2 2 3 4 0 4 0 1 2 2 2 3 1 1 0 3 2 1 2 3 1 1 4 0 3 1 2 3 6 1 0 0 2 1 0 1 4 4 4 1 1 7 2 0 1 2 4 1 2 1 0 1 3 1 1 3 0 0 0 2 2 2 3 0 3 2 2 2 1 1 3 3 3 4 7 1 2 2 1 2 0 0 2 1 0 3 3 1 2 2 5 0 1 0 2 4 1 2 1 0 2 3 1 1 1 4 1 1 5 1 1 3 2 0 2 3 2 3 6 0 2 1 0 1 2 0 1 3 4 1 2 3 0 4 2 3 2 3 2 0 1 1 1 1 3 2 3 2 0 0 0 3 2 2 5 1 2 2 1 3 2 2 2 2 2 4 0 2 4 2 1 0 6 1 0 2 0 1 4 2 1 1 2 1 3 1 0 1 2 6 3 1 1 1 2 3 3 0 1 3 1 3 3 2 3 2 2 1 1 1 2 3 2 3 1 3 2 0 2 3 0 3 1 1 0 1 3 4 3 0 0 2 4 1 2 2 1 1 1 5 0 0 4 2 3 2 2 2 3 1 2 4 2 3 0 0 1 2 0 2 3 1 0 1 3 3 4 3 3 2 1 3 0 2 3 1 5 3 3 1 2 1 0 3 1 5 0 3 2 0 1 2 2 2 5 3 2 1 2 1 2 3 2 1 2 0 3 3 4 0 2 3 3 0 2 2 1 1 2 1 0 2 2 1 3 3 1 3 3 0 2 1 2 1 3 3 2 1 4 0 2 1 2 1 2 3 4 1 3 2 2 2 0 3 2 3 1 2 1 1 1 0 3 1 2 3 2 2 3 1 5 5 3 1 1 2 1 1 1 0 3 1 2 1 1 0 4 6 3 0 2 2 0 1 2 0 5 2 2 2 2 4 1 6 0 3 4 3 1 1 0 2 4 1 0 3 2 1 1 2 4 1 2 2 2 0 2 1 1 0 2 0 4 2 3 1 2 4 0 2 2 1 1 1 0 2 1 1 3 5 1 4 2 1 1 0 4 1 1 3 2 0 3 2 3 2 3 2 2 2 2 1 3 0 3 1 3 2 3 5 5 1 1 0 3 2 3 2 1 2 1 1 3 2 4 2 1 3 2 1 1 0 5 1 2 0 4 2 1 1 3 1 4 2 1 3 2 1 4 2 1 2 1 0 0 2 1 6 1 3 1 1 1 0 1 2 0 2 2 0 4 3 3 2 1 1 1 2 2 0 1 1 2 2 3 1 4 0 1 2 1 2 4 3 3 3 4 0 3 1 0 1 1 0 1 2 0 2 3 5 1 3 0 1 2 0 2 3 2 3 1 1 1 4 3 2 2 5 1 2 3 2 1 1 2 1 1 4 1 3 1 2 2 1 1 0 3 1 1 1 3 4 1 3 2 2 4 2 5 2 0 3 2 3 2 2 4 1 0 2 2 0 0 5 4 3 2 1 3 1 1 2 2 4 5 0 1 1 2 3 2 0 1 2 1 1 2 3 3 1 1 0 2 2 2 2 2 0 1 4 3 4 2 0 0 2 1 4 0 4 0 0 4 1 4 1 1 2 2 4 3 0 0 2 2 1 0 1 3 2 3 3 1 1 1 2 3 3 2 0 3 1 3 5 1 4 1 3 0 2 2 2 1 3 0 2 1 2 3 2 1 2 1 0 3 3 1 1 4 0 2 3 3 3 1 3 0 1 4 2 1 2 1 3 3 0 3 1 3 6 2 0 2 4 2 4 2 1 2 2 0 2 3 2 1 5 2 3 2 2 1 2 3 3 4 0 0 3 0 2 4 0 2 5 0 2 2 6 1 1 0 1 3 4 1 0 2 3 0 2 3 2 2 4 5 2 4 1 0 1 1 1 2 1 1 3 2 4 2 3 1 0 1 4 3 3 5 3 2 2 2 0 2 5 2 3 2 2 2 0 0 3 1 1 1 3 1 3 2 4 2 0 0 3 3 2 2 3 1 0 5 2 1 2 7 2 4 1 2 4 1 2 2 2 2 3 1 3 2 3 0 1 3 3 0 4 0 0 4 2 0 3 0 2 4 0 2 1 5 2 3 4 1 0 6 5 1 1 4 1 2 1 1 0 1 4 4 2 2 1 5 4 1 2 1 1 4 0 2 4 0 5 5 0 1 0 1 2 0 2 1 2 2 5 2 0 3 0 2 2 3 2 5 1 2 1 1 1 1 1 0 0 5 1 3 2 1 1 1 2 5 3 2 2 2 2 1 2 1 1 0 1 1 0 3 3 4 3 0 0 3 2 0 0 3 0 3 3 2 3 2 1 2 2 0 4 2 0 1 2 3 2 1 2 3 3 2 3 1 3 0 2 0 3 1 2 2 0 2 3 1 4 1 2 0 2 3 1 2 2 1 1 1 1 4 1 3 3 0 2 3 4 2 0 3 4 2 2 0 2 3 2 0 5 1 2 4 0 1 2 4 0 1 3 3 2 2 3 0 4 2 1 0 1 0 0 2 3 2 2 2 0 2 1 4 3 4 4 1 4 2 2 1 4 0 2 3 2 4 1 4 0 1 2 0 0 2 0 6 1 0 3 1 3 0 4 1 1 1 2 1 4 1 2 1 2 1 1 2 3 2 3 1 1 8 0 2 5 2 0 1 2 2 4 2 2 3 1 2 0 3 1 4 4 3 3 4 2 0 2 2 3 2 1 1 3 2 0 2 6 2 1 1 1 4 3 1 1 2 1 0 4 4 3 2 0 2 1 2 0 3 2 3 0 3 1 0 1 1 3 1 8 0 5 3 2 4 1 2 1 2 2 1 0 0 4 3 0 1 4 3 6 2 1 1 2 0 2 2 2 4 0 2 3 5 1 2 1 3 2 2 2 3 1 2 0 0 4 1 1 6 2 1 1 1 3 1 3 3 2 1 2 3 2 1 2 1 2 1 3 2 1 1 3 2 0 0 4 2 2 2 2 2 1 2 2 4 3 2 1 1 2 4 2 3 5 1 4 1 2 0 1 2 1 1 1 4 2 3 0 4 0 3 3 1 1 4 1 1 4 2 1 2 2 3 5 0 0 1 1 0 2 4 2 3 4 0 2 2 1 1 2 2 3 5 2 4 1 0 2 2 3 2 2 1 1 1 4 2 3 2 3 0 3 0 2 2 0 2 3 2 4 2 0 3 3 1 2 1 3 3 0 3 0 4 2 4 3 2 4 0 2 1 1 2 2 5 1 4 3 1 1 1 3 1 2 2 2 1 2 3 3 1 3 3 4 1 2 1 0 2 0 2 0 2 2 0 4 3 2 3 0 3 0 4 1 3 0 3 2 1 0 3 1 4 3 1 3 1 2 0 3 2 1 2 3 4 3 2 1 5 1 4 0 3 0 4 1 4 3 1 1 3 3 3 1 2 0 2 4 2 0 1 1 0 4 4 2 4 3 1 2 1 1 2 1 3 3 4 3 0 2 1 2 3 1 1 7 3 4 3 2 2 1 1 1 2 0 4 0 3 2 0 2 4 0 4 1 1 0 1 0 2 4 3 0 1 4 0 2 4 1 3 1 1 2 3 1 3 0 2 1 5 3 1 3 1 2 1 0 0 2 0 2 0 4 2 1 1 4 1 3 0 1 1 2 2 2 2 3 2 6 1 1 1 0 5 2 2 0 2 2 0 1 0 1 3 1 2 2 5 1 0 4 2 1 2 2 2 0 2 1 1 1 1 2 0 1 3 3 1 2 1 1 0 1 2 1 4 1 2 0 4 3 2 2 2 0 5 1 6 1 4 2 3 0 3 2 0 0 3 2 1 2 3 2 3 3 1 0 4 6 0 2 0 1 1 2 3 3 1 4 1 1 0 1 1 5 3 1 3 1 2 4 1 1 0 2 2 3 3 2 1 2 2 0 0 3 0 3 2 1 2 1 0 0 2 2 1 1 0 3 2 1 1 5 1 3 0 3 1 0 2 5 1 2 4 0 2 2 2 3 1 0 1 4 3 2 2 2 2 1 0 2 1 0 2 5 1 2 5 4 1 4 3 4 3 1 1 1 4 2 1 2 0 3 1 2 1 1 0 5 2 1 1 3 2 1 0 3 3 1 0 4 1 3 1 1 4 1 2 2 2 0 1 3 2 4 4 1 0 1 7 1 2 1 2 2 1 0 0 3 1 1 2 1 2 1 1 2 5 0 3 1 1 4 1 2 4 1 3 1 2 2 0 2 2 3 1 0 2 2 1 2 0 1 3 0 1 4 1 1 2 3 3 3 1 4 1 5 4 1 4 2 1 1 1 2 1 0 2 2 0 0 4 0 1 2 4 3 1 3 3 5 2 3 1 0 1 4 0 2 3 0 3 0 2 1 1 2 1 3 3 3 1 0 2 1 2 1 0 1 2 3 2 1 0 0 2 3 2 2 3 2 1 1 2 2 3 2 1 2 3 1 1 1 1 1 3 2 2 2 0 5 5 0 0 2 1 1 2 4 0 1 2 4 2 1 0 6 3 0 0 5 5 1 1 1 1 2 3 3 1 1 0 1 2 5 6 5 2 2 1 2 1 1 1 3 4 4 0 3 6 0 3 1 3 2 3 3 0 2 2 1 0 2 4 2 1 2 1 4 3 1 1 4 4 3 2 3 1 0 3 3 0 0 1 1 1 2 1 4 1 2 2 3 0 1 3 0 5 0 2 1 7 0 1 3 1 3 2 2 4 2 0 2 1 5 2 2 0 1 2 0 0 2 4 1 4 4 2 1 5 1 0 1 3 2 3 4 2 1 1 1 1 2 3 1 3 1 2 3 0 2 1 1 2 2 1 0 2 4 3 1 2 2 3 2 2 1 2 4 1 1 1 1 2 2 1 3 1 2 2 2 3 5 2 2 2 1 0 0 2 3 3 4 2 2 2 3 6 2 2 1 1 1 1 2 3 2 1 3 3 2 2 5 2 1 3 3 4 3 1 2 0 2 2 3 3 1 0 2 2 1 5 2 2 1 2 3 6 2 1 6 1 3 0 1 2 1 5 2 1 1 2 1 0 4 2 1 2 1 0 4 1 1 2 0 3 2 1 4 2 2 1 0 0 1 5 0 1 2 3 3 3 0 1 3 1 2 1 1 3 0 1 5 0 4 1 4 1 1 1 1 1 2 1 1 5 2 2 1 4 4 1 0 1 2 4 1 5 2 0 1 2 4 3 2 2 5 3 2 3 7 1 0 5 3 0 2 0 3 2 0 0 1 2 4 2 1 3 1 1 2 1 2 2 2 1 2 1 5 3 0 3 3 1 1 0 0 3 6 5 0 0 1 2 0 1 3 1 1 0 3 2 1 3 3 3 0 0 1 1 1 4 2 3 2 1 2 3 1 3 2 2 3 2 1 2 5 1 2 3 5 3 4 2 0 2 2 1 0 2 4 0 3 1 3 0 1 2 3 0 3 2 2 3 1 1 2 1 5 3 2 1 1 2 1 4 3 3 1 2 0 2 3 1 2 0 4 4 2 1 2 3 3 1 2 0 1 1 2 6 2 4 1 3 1 1 0 2 2 4 1 1 5 1 1 6 2 3 0 2 2 1 1 0 3 5 2 1 1 5 1 0 3 3 2 1 4 4 1 7 1 2 3 2 0 1 2 2 3 2 2 2 4 3 2 2 5 0 4 1 6 2 0 2 2 4 1 1 1 3 3 2 1 4 1 4 3 2 3 2 1 0 4 4 0 0 2 3 0 1 3 2 4 2 3 5 3 1 1 0 2 1 1 4 2 3 3 1 3 0 3 0 3 3 2 3 2 3 1 2 1 1 3 4 3 2 0 1 0 1 2 2 3 0 1 3 2 6 1 0 3 0 1 3 3 2 2 1 1 1 2 3 2 3 0 2 2 1 1 0 4 1 2 1 1 2 1 3 0 1 0 3 2 5 2 4 1 1 5 1 1 3 1 2 3 2 3 1 4 3 1 3 0 3 5 3 0 5 0 2 2 3 2 1 1 2 2 1 1 3 0 3 2 6 1 3 2 2 1 2 0 4 1 1 4 1 0 0 0 2 5 0 2 3 0 2 2 5 1 0 0 3 2 1 1 4 1 2 2 1 2 5 4 1 3 4 2 4 1 3 1 4 1 2 2 0 2 3 2 3 1 2 1 6 2 1 2 1 3 0 1 2 2 1 0 4 4 5 1 1 3 1 1 0 1 1 2 3 2 0 4 1 1 3 2 2 1 3 3 3 2 3 3 3 3 1 4 1 0 1 0 4 1 3 5 6 2 4 2 1 2 1 2 1 2 1 1 2 0 2 4 2 1 2 3 1 1 2 1 1 0 2 1 6 2 6 1 1 2 1 2 1 4 0 1 0 2 1 2 1 3 2 3 0 0 2 1 2 2 4 1 2 2 2 3 3 2 0 1 1 0 1 3 7 1 3 4 1 5 1 3 2 0 1 2 0 1 3 2 2 0 1 3 1 0 4 4 5 1 4 0 3 2 0 2 1 3 1 4 2 1 1 2 0 0 1 6 3 1 3 0 1 0 4 3 1 3 0 3 3 1 3 0 1 3 2 3 3 3 0 2 1 3 0 1 2 2 2 2 5 1 3 2 1 0 4 0 0 1 3 4 1 2 1 3 1 1 2 2 3 0 2 2 3 0 2 1 2 6 1 2 4 0 1 1 4 0 0 2 2 1 3 4 1 0 4 2 0 4 3 2 1 2 2 5 2 6 2 3 0 5 2 1 2 3 2 2 1 2 2 0 3 6 0 2 3 3 1 2 3 0 1 2 1 2 3 3 2 5 1 0 3 3 3 1 4 3 2 0 1 2 2 3 2 2 4 3 3 3 1 2 3 3 2 0 1 0 1 2 0 1 0 4 1 1 1 2 1 1 1 2 2 2 3 5 0 1 1 5 1 0 3 3 2 5 1 0 3 3 2 3 3 0 0 2 1 2 1 4 4 2 1 2 5 2 3 2 1 3 0 3 3 2 2 1 1 4 2 1 3 3 1 0 2 2 1 1 2 2 2 2 4 5 3 0 1 1 1 5 1 5 0 1 4 1 1 1 0 3 2 1 0 4 4 1 1 3 2 3 3 2 5 4 4 1 0 1 0 0 3 3 1 2 1 1 1 1 1 1 1 3 2 0 1 2 2 0 2 1 2 2 3 3 0 3 3 2 0 4 4 1 0 1 4 0 2 1 1 0 2 3 2 1 2 0 4 3 2 1 1 1 3 3 2 1 3 2 1 1 3 2 2 1 5 1 2 2 1 1 0 1 2 1 4 2 3 2 1 0 3 1 1 2 3 1 5 2 1 0 2 1 3 1 7 4 2 0 0 4 4 0 1 4 1 2 2 4 5 3 1 1 0 4 3 4 1 0 1 2 2 1 3 3 1 3 1 2 2 3 1 3 0 3 4 2 4 3 3 1 1 1 2 2 2 0 2 0 1 5 0 3 2 0 2 2 1 3 1 1 1 2 2 2 1 3 4 2 1 3 0 2 1 2 2 1 1 1 1 5 2 1 2 1 0 0 2 1 1 2 3 2 2 2 2 0 3 2 0 3 2 1 2 3 2 3 1 1 2 4 1 4 3 0 3 1 0 2 2 2 4 6 2 3 3 4 1 0 2 0 3 1 3 3 0 3 2 1 1 1 2 2 2 0 2 2 0 1 4 3 1 1 2 3 1 2 1 3 2 0 2 3 1 1 3 2 2 1 2 1 3 3 2 1 1 3 1 2 2 5 1 3 1 4 0 3 1 2 1 3 0 2 2 5 1 0 1 2 6 2 1 2 0 1 1 2 0 6 1 5 1 3 1 4 2 2 2 2 2 1 0 2 1 1 4 1 5 4 1 3 1 2 0 5 1 1 1 3 2 1 3 2 2 3 3 1 1 3 3 1 0 3 2 2 3 1 1 1 2 1 2 0 4 1 1 1 3 3 3 2 0 1 1 4 3 0 6 2 0 2 1 1 2 2 1 2 3 4 1 0 2 1 1 2 0 3 2 2 0 1 0 2 1 0 2 2 2 4 2 3 4 3 0 2 2 3 1 4 0 3 2 3 3 0 1 3 2 1 4 2 1 4 4 1 3 2 2 4 1 1 1 1 2 1 2 3 2 5 3 2 1 1 1 1 1 1 2 5 3 3 4 2 2 3 0 3 2 2 2 1 0 1 1 1 1 2 0 0 2 2 5 4 4 1 4 0 0 2 5 3 1 2 4 1 4 2 4 2 0 5 1 3 2 1 1 3 3 0 0 3 1 3 2 3 2 2 0 0 1 2 2 3 3 4 1 2 1 2 2 2 2 4 1 4 0 1 3 3 2 1 1 3 2 1 0 2 2 2 4 2 1 4 0 0 0 3 4 1 3 2 1 2 0 1 1 2 2 4 1 0 0 1 0 3 3 3 2 1 1 4 1 3 3 4 2 3 0 1 2 1 3 1 2 1 2 1 2 1 3 3 3 3 2 3 0 2 1 2 1 2 2 2 1 1 4 1 2 1 2 1 2 2 2 1 2 2 1 4 1 2 0 2 1 1 4 2 3 0 1 1 2 4 3 2 5 2 2 0 1 1 2 0 1 2 1 4 1 2 2 1 3 2 2 0 4 1 0 1 1 1 3 2 3 0 1 4 1 2 4 0 2 1 2 5 1 1 3 1 2 0 4 1 2 1 2 1 5 1 5 2 1 2 1 2 3 2 3 1 3 4 0 2 4 0 1 2 1 1 1 3 3 2 1 3 0 3 1 4 1 0 3 1 4 4 4 2 0 1 0 1 2 2 0 2 0 0 1 2 3 1 2 2 3 2 2 0 1 4 2 2 1 0 2 3 2 2 0 1 4 5 1 1 2 1 2 2 0 3 2 1 4 1 4 1 2 2 5 4 4 1 3 1 1 5 2 3 2 1 2 2 2 3 5 3 1 1 2 4 1 3 1 5 3 2 0 2 2 4 3 0 4 4 3 1 1 0 1 1 1 2 2 3 3 0 3 1 0 1 3 2 0 1 4 2 1 1 1 2 0 0 1 1 2 1 3 3 2 3 1 5 1 1 0 2 3 1 1 2 0 2 0 2 1 2 1 2 3 3 2 1 2 0 5 3 0 1 2 2 0 2 4 1 1 1 4 2 2 3 2 2 1 3 3 1 1 2 1 1 5 3 2 2 1 2 3 0 3 0 0 2 1 1 1 5 3 0 3 3 0 4 3 1 3 2 4 1 0 1 1 0 4 0 2 5 1 3 2 1 2 1 0 0 2 2 0 5 8 1 2 2 2 2 0 3 3 3 2 2 4 1 4 0 1 2 0 2 4 0 1 2 1 3 2 2 0 1 1 3 2 1 1 0 1 4 4 1 6 2 0 2 1 2 2 1 1 0 2 1 3 4 0 2 1 0 2 2 2 3 3 1 3 0 2 2 1 3 4 5 3 3 0 2 2 2 1 0 4 0 3 5 2 2 1 2 1 2 2 1 5 0 2 0 1 3 1 4 5 2 4 4 3 0 2 1 3 0 2 5 2 5 0 2 4 2 2 1 1 1 1 2 2 0 3 3 4 2 4 1 1 5 1 1 7 2 3 1 4 0 1 1 3 0 3 1 7 5 3 1 0 2 3 2 3 0 4 0 3 1 1 1 5 2 2 1 4 1 1 1 0 2 0 3 1 0 7 3 1 0 2 1 2 1 1 2 0 4 1 2 2 1 4 0 0 1 1 0 3 2 1 3 3 3 1 3 5 2 5 2 3 2 1 1 3 2 4 1 1 2 3 1 0 3 1 2 2 1 2 1 2 4 3 2 4 0 0 0 2 5 4 2 2 2 1 1 0 1 0 3 3 1 1 0 0 2 2 1 2 2 2 2 0 1 2 5 4 3 1 1 0 3 0 1 1 1 2 1 2 3 2 1 3 4 2 0 4 1 3 2 0 3 0 0 5 1 3 1 2 2 0 1 1 2 3 2 3 1 1 3 4 3 0 4 2 3 2 2 4 0 1 2 3 2 0 0 1 5 1 2 2 3 0 1 2 2 3 1 3 3 1 2 2 1 2 4 2 1 2 2 1 3 1 4 2 0 0 1 3 2 3 3 4 1 1 3 0 1 0 0 2 3 2 2 2 3 1 3 1 0 2 2 2 1 4 0 4 2 1 2 1 3 0 2 5 3 9 2 6 0 1 0 2 3 2 0 1 1 4 4 4 5 2 2 1 1 0 1 2 4 1 0 1 4 2 2 2 1 2 5 1 1 2 1 2 3 0 3 0 2 2 1 1 0 3 1 2 4 2 0 1 3 1 0 0 4 2 2 2 1 2 1 4 2 0 4 2 3 2 1 0 4 3 2 3 2 2 3 5 2 0 0 1 0 5 2 2 2 2 3 0 3 1 3 3 1 2 3 4 2 2 3 3 2 0 1 0 1 0 6 2 1 2 0 1 1 2 1 1 2 0 2 5 0 1 0 2 1 1 5 1 1 1 1 2 1 5 2 6 0 1 2 2 2 3 1 4 2 5 1 2 1 2 3 1 2 0 4 0 2 1 1 1 3 5 3 0 4 2 2 3 2 2 1 1 2 1 4 3 2 3 2 3 2 1 2 0 1 4 3 2 4 3 0 3 4 1 2 3 2 2 0 2 1 5 1 2 3 2 3 1 2 4 0 0 1 1 0 4 5 2 2 4 1 2 2 2 1 1 4 0 3 3 0 1 3 2 0 2 1 1 3 1 0 4 3 0 4 3 2 0 3 0 5 3 2 0 3 0 2 4 3 3 2 3 0 2 0 4 3 0 1 2 2 1 2 2 2 0 2 2 0 2 3 4 4 1 5 1 1 2 0 5 2 3 3 3 1 3 1 2 1 0 1 4 2 2 4 4 0 3 3 2 1 1 1 0 0 5 1 3 1 4 2 0 1 2 2 1 3 5 1 7 1 3 5 2 2 1 1 2 1 3 2 2 1 1 0 3 1 1 4 0 2 1 1 2 0 2 2 4 3 2 2 0 5 0 2 1 1 4 0 4 2 1 0 2 2 2 2 0 2 1 3 0 3 3 1 3 0 2 1 2 1 3 1 2 5 0 2 0 3 2 1 0 2 2 2 4 2 2 1 3 0 4 1 0 2 2 2 3 5 3 3 0 3 0 0 2 2 4 1 4 2 2 1 1 1 0 4 3 2 1 4 0 1 2 0 2 2 1 1 3 1 2 1 1 0 2 1 4 2 3 0 1 5 3 7 0 1 3 1 0 0 2 2 0 5 2 1 1 3 3 0 4 0 0 1 1 2 2 1 2 1 3 3 6 0 1 0 2 3 0 4 0 2 1 1 2 1 2 2 4 1 2 3 2 1 4 1 2 0 3 1 0 1 1 3 1 2 1 3 5 1 1 3 2 0 2 2 2 3 0 1 0 1 1 0 3 4 1 2 1 0 1 2 6 4 0 1 0 1 2 1 2 1 4 3 4 4 2 4 0 0 2 2 2 2 3 0 2 4 2 0 1 5 2 2 2 2 5 1 1 1 0 1 5 1 3 2 1 4 1 1 3 1 0 1 2 0 3 4 2 3 3 2 2 3 0 1 3 4 1 2 0 4 3 2 1 2 1 3 0 5 3 1 2 3 2 0 1 1 0 0 4 2 3 2 0 2 4 1 3 1 3 1 0 2 2 2 4 2 3 1 3 0 2 3 1 4 3 1 1 2 2 3 2 2 1 1 1 2 5 3 2 1 4 2 2 1 3 1 3 4 1 3 5 0 2 2 2 1 2 0 2 2 1 1 4 0 4 0 2 0 5 1 3 4 1 2 3 1 2 3 2 3 1 1 1 2 2 2 2 3 1 2 4 2 2 3 3 4 3 2 1 4 2 2 2 2 3 1 0 2 1 0 4 7 2 5 0 1 1 2 2 3 3 4 1 1 0 1 0 3 0 1 3 3 4 1 2 2 1 1 2 2 3 0 4 1 2 3 0 2 1 4 3 0 3 1 1 0 0 5 1 3 0 3 1 1 2 1 0 2 2 2 3 1 2 1 1 1 2 1 2 4 4 0 2 3 2 2 3 3 1 1 3 3 4 1 3 1 3 0 2 2 2 1 0 4 2 2 5 5 3 3 2 1 3 1 3 3 0 2 1 3 3 2 4 0 1 3 0 1 3 3 2 2 3 3 1 1 1 2 2 4 2 3 4 4 0 1 1 1 2 2 2 4 3 4 4 0 1 1 2 1 2 1 3 4 0 1 3 2 2 1 1 4 3 3 2 1 1 0 2 0 2 1 2 5 1 3 3 1 2 1 0 2 3 3 2 0 1 2 1 1 0 2 2 4 5 1 2 2 1 2 1 3 1 3 2 1 4 3 0 5 2 3 2 3 0 1 1 1 1 2 4 3 5 0 2 3 0 0 1 1 3 3 6 1 3 3 1 4 0 2 1 2 1 1 6 1 1 2 3 0 0 2 1 4 3 1 2 3 3 0 0 2 0 1 3 0 2 2 3 1 3 1 2 3 5 5 3 4 3 0 1 0 1 0 0 1 1 1 2 3 2 3 3 3 3 3 1 1 3 2 2 0 3 2 0 1 7 2 1 3 2 0 0 2 3 2 5 1 1 1 0 4 1 0 1 0 2 1 2 5 1 4 2 2 3 1 3 2 1 3 1 2 1 1 1 2 2 3 2 2 2 2 0 3 1 0 1 3 1 6 5 3 4 1 0 1 3 1 1 2 3 5 3 3 4 1 1 3 3 0 0 1 1 3 2 2 3 4 3 2 2 0 2 1 1 1 5 2 1 2 2 1 1 5 3 2 3 4 0 0 3 4 1 0 0 3 4 3 2 1 1 2 1 4 3 4 1 0 2 3 1 2 2 1 5 3 0 2 1 0 3 1 1 1 3 1 0 5 1 2 3 4 1 4 2 1 2 2 2 2 2 3 5 2 3 0 4 3 1 2 3 3 0 1 4 1 1 3 3 2 1 4 4 3 2 1 2 2 1 1 2 4 0 2 1 2 1 4 1 0 1 2 2 2 2 2 2 1 3 1 0 3 2 3 2 3 1 1 3 1 1 2 0 4 2 1 2 3 3 0 3 1 4 2 2 3 3 1 3 4 2 2 4 4 1 0 1 6 5 2 3 1 4 1 2 1 3 0 4 3 2 2 0 2 3 2 3 3 0 1 0 1 4 2 3 2 1 1 1 2 3 3 3 2 1 0 0 4 2 2 0 2 0 2 4 2 3 0 1 0 3 3 1 3 3 2 2 2 3 2 1 3 2 2 5 1 3 2 1 2 2 1 1 1 2 1 2 1 1 5 1 4 1 1 2 2 1 3 3 2 1 1 1 2 2 2 1 2 3 3 2 5 3 4 1 2 3 0 3 1 1 3 3 1 0 2 0 3 6 0 7 0 3 1 2 2 4 3 1 1 1 1 2 1 3 2 4 4 2 3 2 2 3 1 2 3 0 2 1 2 4 3 4 1 2 2 1 3 4 0 3 4 1 2 4 3 2 5 0 3 2 1 0 1 3 4 1 2 4 0 0 1 2 2 0 0 3 2 1 2 3 1 3 3 2 0 3 3 1 0 3 2 2 2 0 3 2 3 1 1 0 1 1 5 2 3 1 4 0 3 0 2 2 1 4 1 4 0 2 0 1 1 2 1 0 4 4 2 2 0 3 3 0 0 3 2 4 2 0 2 1 1 2 2 3 1 3 3 1 1 3 1 2 2 2 0 4 3 1 0 6 2 0 1 1 3 1 3 3 2 1 0 5 3 3 3 2 1 0 3 2 1 2 7 0 4 3 1 1 3 5 3 2 4 0 0 3 1 1 0 2 2 2 1 3 3 2 0 2 3 2 2 1 0 1 4 3 0 3 1 3 3 1 2 2 1 1 4 0 1 6 2 2 0 0 1 1 2 4 1 1 3 2 1 0 2 2 2 1 4 5 1 2 2 2 4 3 1 1 2 2 4 3 0 1 0 0 2 4 2 2 1 0 3 2 1 0 3 3 1 0 1 4 4 2 3 3 0 1 1 0 2 2 3 1 1 2 5 0 2 1 2 2 0 4 0 1 4 4 0 1 2 2 2 2 0 2 1 3 2 5 1 2 4 0 1 2 3 2 2 1 4 0 3 1 3 0 1 2 2 3 1 0 0 2 1 1 2 1 4 3 3 1 0 1 2 2 1 6 3 4 1 3 4 2 1 2 2 3 3 1 2 3 3 2 4 1 1 2 1 2 0 2 0 3 0 3 3 2 3 3 1 1 1 1 2 3 0 1 3 2 2 2 2 1 1 2 3 5 1 4 0 1 3 0 2 3 3 3 1 2 2 1 1 0 3 1 1 4 3 2 2 4 2 5 2 3 3 1 1 2 2 1 0 3 2 2 0 2 0 3 0 2 7 2 2 3 2 1 1 1 1 1 2 0 3 1 7 3 5 0 3 2 2 1 3 1 1 2 0 1 1 2 3 0 3 4 2 1 0 3 2 0 1 2 1 2 3 0 1 3 4 5 4 5 2 3 1 0 2 2 3 1 1 4 1 4 2 1 0 0 1 1 3 3 3 3 1 1 1 1 2 3 3 1 0 1 2 2 4 0 0 1 3 1 4 0 3 2 3 1 4 0 0 1 2 2 0 3 3 3 1 2 1 1 2 2 1 1 1 5 3 1 1 3 3 0 2 1 2 2 2 3 3 1 1 1 2 4 1 2 3 1 3 3 5 2 4 2 1 2 2 2 2 2 2 1 1 4 2 2 4 1 3 3 1 1 3 3 1 2 4 2 1 1 3 0 1 0 0 1 1 2 4 1 1 2 0 2 0 1 2 4 3 4 3 4 0 4 0 2 0 3 1 4 4 0 0 1 4 1 1 5 2 4 0 2 3 2 3 0 1 1 2 3 2 1 3 3 1 0 4 1 3 2 1 1 1 5 1 2 3 3 2 1 0 3 0 2 3 3 4 2 1 1 1 1 1 2 2 1 2 2 0 1 1 0 1 3 2 4 0 3 1 4 1 3 1 2 3 3 0 2 2 1 2 5 0 4 2 1 3 0 2 4 1 0 0 2 1 2 3 2 3 2 1 0 0 2 1 4 3 1 1 0 1 2 5 4 0 1 2 2 1 1 3 4 4 0 2 1 2 2 0 4 1 0 1 3 2 6 1 2 4 3 2 2 0 3 4 1 3 2 4 1 1 0 3 0 2 1 1 3 1 1 1 0 0 3 1 4 3 0 3 1 2 0 2 1 3 3 0 5 2 1 3 0 1 3 1 4 4 5 2 2 6 4 1 1 2 3 4 3 1 1 2 3 1 2 0 2 1 2 3 3 2 2 2 2 2 2 2 1 3 1 2 3 3 0 1 1 0 2 1 2 0 2 5 2 1 1 2 1 2 4 4 0 3 1 0 2 3 2 3 0 2 2 1 3 2 1 3 3 2 0 1 2 1 3 0 1 2 2 1 2 3 2 3 3 0 1 1 1 1 4 2 4 2 1 0 2 0 6 3 3 1 0 5 3 2 3 0 3 2 2 1 2 3 1 1 1 1 3 1 1 1 2 3 1 1 2 1 2 4 5 2 5 3 1 2 2 1 5 2 3 1 2 0 2 1 2 0 1 3 1 1 5 1 3 1 2 3 1 3 2 0 2 2 3 3 3 3 0 1 1 2 3 3 3 0 1 0 2 2 0 1 4 1 4 1 0 3 2 4 3 2 1 1 4 0 3 2 2 1 6 3 1 2 2 2 0 1 1 3 6 1 4 4 4 3 4 1 1 0 3 0 2 1 3 0 2 3 1 2 1 2 3 0 0 0 3 2 0 4 2 2 0 0 3 2 4 2 1 2 2 2 1 1 2 0 3 4 5 4 1 3 1 0 3 2 0 1 3 1 3 3 3 2 3 4 3 1 1 2 3 0 1 0 1 4 1 5 1 3 1 2 0 3 2 2 1 5 1 2 2 0 5 0 2 4 3 1 0 1 1 2 1 1 0 3 0 3 1 4 1 1 1 1 3 1 5 5 2 3 0 1 0 1 2 1 0 4 0 1 2 2 2 2 2 4 0 1 2 5 1 1 1 1 0 3 1 1 2 1 3 1 1 3 1 2 2 1 6 0 1 2 1 0 1 1 1 3 2 5 3 3 2 1 1 4 1 3 1 2 2 1 2 3 4 2 3 3 1 0 1 2 3 2 1 4 2 0 3 3 1 3 4 6 1 1 1 1 1 0 6 2 3 0 0 2 2 5 0 3 4 1 3 0 0 2 1 3 0 1 1 2 0 2 2 4 3 2 1 4 2 0 3 3 2 1 2 4 2 0 1 1 3 6 2 4 1 5 0 4 2 2 1 2 1 4 2 1 1 0 0 1 3 4 1 2 1 2 4 0 1 3 1 2 1 1 3 0 3 1 4 2 1 2 3 4 2 2 2 3 3 2 2 4 1 3 2 2 2 3 1 4 5 2 0 4 1 2 2 3 2 1 2 3 4 2 1 1 1 0 4 1 2 2 2 2 4 1 3 2 2 2 0 1 1 2 2 1 2 1 2 0 4 1 1 1 3 2 1 3 2 4 0 1 1 2 4 2 1 3 1 2 1 4 2 0 3 2 1 2 3 3 4 0 3 2 2 3 1 2 1 1 0 2 5 1 2 4 2 2 3 2 2 1 3 2 2 0 1 2 2 3 2 1 3 1 6 0 3 4 0 1 1 1 3 3 4 1 4 0 4 5 1 0 1 2 3 4 1 1 2 4 2 3 0 3 3 0 1 1 1 4 3 1 1 3 1 1 0 3 2 2 4 2 2 1 0 3 2 4 2 1 0 0 5 5 1 2 0 2 3 1 1 1 2 3 1 4 1 1 0 2 1 1 1 4 1 4 4 1 2 2 3 2 2 1 0 1 1 3 3 1 2 3 4 2 1 1 1 1 4 3 3 2 3 4 2 3 5 2 3 2 3 2 2 2 4 1 2 1 0 5 0 6 0 2 3 5 2 2 4 1 0 2 0 1 2 1 2 0 2 0 1 2 7 2 5 2 3 1 3 1 0 0 3 3 1 1 3 3 1 2 1 0 0 0 3 3 3 2 3 1 1 0 3 3 1 2 3 2 5 4 0 2 0 2 1 3 1 2 0 1 2 1 2 1 2 5 3 1 3 2 1 2 2 1 2 2 3 2 2 1 3 1 1 3 3 3 2 1 1 1 1 4 1 2 1 4 0 2 3 1 3 2 1 2 3 2 1 4 1 2 3 3 0 3 4 5 4 1 0 0 0 4 1 3 4 1 1 2 1 1 1 2 3 4 3 6 2 0 2 0 2 2 0 4 1 3 0 2 1 1 2 1 2 2 2 2 1 3 1 4 0 6 1 1 3 2 5 2 0 1 1 0 6 0 2 0 2 0 0 1 0 1 1 4 2 2 2 1 3 3 0 2 2 3 1 1 0 0 3 1 1 3 3 3 3 1 1 2 5 3 1 2 1 1 0 1 2 2 2 2 0 2 3 2 1 4 2 3 0 1 2 4 3 1 1 3 4 3 4 2 1 1 2 1 0 5 4 1 1 4 3 0 2 3 6 3 2 2 1 2 0 1 1 3 1 0 3 3 1 2 5 6 2 4 2 2 2 3 2 2 3 3 3 2 2 4 0 1 2 2 3 0 0 1 1 2 1 2 2 4 2 3 0 2 2 0 1 4 2 1 1 4 2 0 3 1 2 1 2 1 0 1 2 0 2 5 2 2 2 3 2 1 3 2 2 3 5 1 1 2 4 2 4 3 1 4 0 3 2 3 1 1 1 3 5 3 1 2 1 0 3 2 0 0 0 3 4 4 4 3 2 3 2 1 2 1 1 2 3 3 1 2 2 0 1 4 2 2 1 0 3 0 4 2 1 1 1 3 4 4 0 2 1 3 0 0 3 3 1 1 3 4 3 0 3 2 2 2 0 4 3 0 3 2 2 2 2 2 2 2 3 3 1 5 1 0 4 0 2 3 2 2 2 2 1 3 2 3 2 3 1 0 0 3 7 1 3 2 2 3 2 0 2 1 0 6 2 1 1 1 1 2 4 1 1 3 3 5 1 1 2 2 1 1 2 1 1 1 3 1 3 2 2 1 3 3 3 0 3 0 4 1 3 2 3 1 2 3 1 1 1 3 3 2 3 3 4 2 3 1 2 1 2 2 3 1 1 1 0 1 3 4 1 3 3 1 0 2 2 4 1 0 1 2 2 1 2 0 2 1 0 1 1 1 0 2 2 4 1 1 1 6 1 2 1 1 2 1 5 1 0 0 1 4 2 1 4 1 1 2 0 3 0 1 3 2 4 1 2 3 0 2 3 1 1 2 1 1 2 4 4 0 0 2 2 1 0 3 0 1 2 2 1 2 1 2 2 3 1 3 3 1 3 3 1 1 2 1 3 1 3 2 6 3 0 2 1 3 1 0 1 3 4 3 0 0 2 0 3 5 3 3 2 3 2 1 0 2 1 1 3 5 0 1 2 3 2 1 2 1 3 3 1 3 2 2 3 1 1 1 3 1 2 0 3 2 2 9 0 7 2 3 1 1 0 2 2 2 2 2 1 2 1 1 2 3 1 1 0 5 1 5 2 3 0 0 3 1 2 0 3 1 3 2 2 2 0 2 3 2 2 3 0 1 2 1 1 1 1 4 2 0 5 2 0 3 2 1 4 3 0 1 3 2 2 3 1 2 2 4 2 2 2 4 1 4 2 3 1 1 1 1 2 1 2 1 2 2 1 3 2 1 3 1 3 0 1 1 1 3 4 5 2 2 2 1 2 2 3 2 1 3 2 2 5 1 1 1 5 3 2 3 1 0 2 1 1 5 1 1 1 4 2 2 3 1 2 2 3 1 2 5 2 6 1 2 2 0 0 3 5 2 1 1 2 0 3 4 0 2 4 1 1 2 6 2 2 2 3 1 3 2 3 0 2 2 2 3 1 2 3 2 3 3 1 3 1 1 1 3 4 3 1 3 2 2 2 3 1 1 1 1 0 1 2 2 3 0 3 1 0 1 2 2 7 0 3 1 2 3 3 2 3 3 2 5 0 1 2 1 1 2 2 3 0 1 2 0 1 0 1 3 2 0 2 2 0 4 2 1 4 1 3 1 2 5 2 1 2 1 2 3 0 3 2 4 0 1 3 2 2 3 2 2 3 2 2 1 3 0 2 2 0 2 0 2 5 4 2 5 2 1 3 2 2 2 3 2 2 3 3 0 2 1 1 1 2 2 2 2 2 2 2 1 0 0 2 3 0 0 4 2 1 1 2 4 5 2 0 2 2 2 3 1 2 2 3 0 1 2 2 5 7 0 1 0 1 2 1 2 2 2 2 1 3 2 3 2 2 1 0 1 1 5 7 0 0 3 1 2 1 5 1 1 3 1 3 1 3 3 0 5 3 2 0 2 1 3 4 0 2 1 2 1 1 7 0 3 2 0 2 1 0 2 2 3 1 1 1 3 2 3 1 1 3 0 2 0 2 3 3 2 4 1 0 3 1 1 3 1 1 1 2 3 1 1 4 2 2 4 4 2 1 3 3 3 2 3 2 0 3 5 1 1 2 2 2 2 1 3 3 2 1 0 1 1 3 5 5 2 1 3 4 1 2 4 2 1 5 2 3 5 1 5 1 3 2 2 2 0 3 2 0 2 1 2 2 5 3 1 2 1 3 0 3 4 2 2 2 2 0 1 1 3 4 3 2 0 3 3 2 2 1 3 5 2 1 1 1 0 3 2 2 1 1 0 3 2 2 2 1 3 0 2 2 4 1 1 3 3 1 4 3 1 4 1 3 1 0 0 2 0 0 3 4 1 4 1 0 1 2 2 3 2 3 1 3 3 3 2 2 1 2 1 1 1 0 2 2 3 3 2 3 2 3 1 7 2 2 3 3 3 3 1 1 0 1 1 1 1 3 4 1 1 2 1 3 0 1 4 2 3 3 0 1 3 1 2 1 1 1 3 1 2 0 2 3 0 0 2 1 3 4 6 1 2 1 2 4 2 3 2 0 3 3 0 3 2 2 2 0 1 5 2 2 1 4 3 3 1 1 1 1 1 3 3 1 1 1 0 2 2 0 4 4 3 2 1 0 3 4 2 1 2 3 0 3 0 3 3 0 1 2 0 4 2 1 1 3 3 1 0 1 2 4 3 3 3 2 2 1 0 3 1 1 0 1 1 2 1 1 2 0 1 1 2 3 5 1 0 2 5 3 0 4 3 0 1 1 2 8 0 3 0 3 3 1 0 4 0 2 3 2 3 2 1 3 1 2 2 5 1 3 3 3 0 0 1 4 4 4 1 0 0 2 1 1 2 1 3 1 1 3 3 1 1 2 2 1 4 1 0 2 2 5 3 3 2 0 3 3 1 1 0 0 6 3 0 3 1 4 0 1 3 2 4 3 1 0 3 3 0 2 1 3 0 2 1 1 2 3 4 3 4 0 2 0 1 2 1 0 2 5 1 1 2 4 3 1 1 1 2 1 4 3 4 1 3 1 3 1 1 1 3 6 2 1 2 3 5 2 1 2 3 3 2 1 5 2 0 6 0 1 2 3 3 0 2 2 2 1 3 5 0 2 1 2 2 1 2 5 3 1 2 2 2 2 1 1 1 2 3 2 3 3 1 0 1 0 4 3 1 1 2 3 1 3 3 2 2 0 2 1 3 4 1 1 2 0 0 2 3 0 1 3 0 2 0 1 1 8 3 2 4 1 5 1 4 1 2 2 1 2 2 4 1 2 1 2 2 0 0 3 1 0 1 2 3 2 2 1 2 0 3 2 4 1 4 0 1 1 1 0 2 3 1 1 5 2 1 4 1 5 3 2 3 1 1 2 3 4 0 2 2 2 3 0 1 1 3 5 2 0 0 0 2 2 3 3 1 1 1 3 2 4 2 3 3 1 3 4 2 3 4 2 2 1 1 1 2 0 4 2 1 0 1 0 3 3 2 2 2 3 2 0 4 3 1 0 1 2 1 3 3 2 2 1 3 1 1 2 0 1 6 0 1 2 1 2 2 2 1 4 2 1 2 1 2 4 2 2 4 2 4 1 3 0 5 2 0 2 1 1 2 2 2 1 3 2 2 0 4 2 3 2 3 3 0 0 4 3 2 2 2 3 0 1 2 1 2 2 2 0 1 4 4 1 4 0 3 3 3 2 2 4 1 1 1 2 0 0 3 3 0 3 0 4 2 0 2 3 4 5 1 1 2 2 2 1 5 1 3 4 0 4 0 2 1 2 4 5 0 5 1 2 0 2 1 2 1 1 1 2 1 5 2 4 0 1 3 2 0 0 2 2 3 0 1 4 7 2 3 1 0 3 3 2 2 0 4 2 2 0 2 3 1 0 2 0 2 1 3 1 1 1 4 2 1 5 1 3 3 1 3 1 3 3 1 1 1 0 2 3 0 4 1 1 4 4 4 1 6 0 1 3 3 0 2 2 0 4 1 3 1 0 1 3 3 1 2 2 2 4 2 2 1 1 1 2 1 2 4 1 2 1 2 0 2 1 1 3 1 2 3 2 1 1 3 2 1 0 2 0 1 1 2 0 1 4 0 2 2 2 2 5 2 1 6 0 1 2 3 2 7 2 0 3 1 4 3 0 2 1 3 1 0 1 0 0 2 2 0 3 2 0 7 2 2 3 1 0 2 3 1 5 1 2 1 0 2 3 3 1 0 2 5 1 2 1 3 3 3 3 2 2 0 1 2 2 1 1 1 2 3 1 1 2 1 0 1 2 1 2 2 1 1 2 6 2 2 1 1 0 7 3 0 0 2 3 4 2 3 1 2 0 1 0 1 1 0 2 3 6 0 3 0 0 1 3 4 3 3 0 2 5 4 2 2 1 0 4 1 1 1 0 1 1 1 0 3 1 3 1 3 1 3 1 1 4 4 2 1 2 1 3 1 3 1 0 2 3 5 6 2 8 3 0 7 4 2 0 3 1 1 0 2 1 4 4 1 1 0 4 2 1 2 2 2 2 1 1 2 3 0 1 3 0 1 0 2 0 1 1 1 0 3 1 2 4 6 3 4 2 1 2 0 4 2 3 2 4 1 3 1 3 3 4 4 0 2 1 0 1 1 4 6 3 3 3 1 1 2 1 3 3 1 3 0 0 2 4 2 1 3 4 3 1 2 1 2 2 0 3 2 1 5 1 3 1 2 1 3 0 4 1 1 0 3 2 2 3 7 3 1 1 3 3 0 3 3 2 0 2 2 4 2 1 2 3 3 1 4 1 2 3 3 0 1 3 2 2 1 0 1 0 2 3 4 1 2 1 3 2 4 0 0 1 1 4 2 1 1 3 5 2 0 1 2 0 2 1 1 1 3 2 5 2 2 1 0 1 2 2 2 0 5 2 2 3 2 6 0 0 0 1 0 4 4 2 3 1 4 1 2 0 3 1 1 1 2 1 1 2 2 2 0 3 1 2 3 0 3 3 1 1 2 7 1 3 4 2 2 0 3 3 0 3 1 1 3 3 1 3 4 0 1 1 2 1 1 3 4 0 1 4 2 0 1 3 4 2 2 3 1 2 1 1 3 1 0 2 2 2 2 1 3 2 1 4 2 3 3 1 2 2 4 2 0 5 0 1 2 1 3 2 4 4 6 1 2 1 1 0 0 5 1 1 1 0 3 1 3 2 1 3 1 4 2 1 1 1 1 3 1 2 2 0 2 1 3 1 3 2 0 2 2 2 2 0 2 3 1 1 3 3 1 3 1 2 0 1 5 3 4 3 0 1 2 1 3 3 2 2 2 0 5 0 2 1 2 1 1 3 2 2 1 1 0 1 1 2 0 3 2 2 2 1 0 3 1 3 3 2 3 2 1 2 0 3 1 3 0 1 2 1 2 1 0 7 1 1 1 1 4 0 3 2 1 0 4 1 2 3 3 3 0 1 0 1 2 3 2 5 3 0 2 4 2 1 3 0 2 0 3 1 5 0 0 2 1 2 0 4 2 1 3 2 1 2 0 4 0 1 1 5 1 1 6 2 1 2 4 0 1 1 1 4 0 1 1 1 3 1 0 3 1 1 1 3 1 3 1 1 3 4 0 1 0 1 0 5 2 0 1 3 1 1 3 1 0 1 0 4 2 3 3 0 0 0 1 1 1 1 3 3 3 2 1 2 1 3 4 0 1 2 3 2 1 1 2 1 3 0 3 3 2 3 0 4 0 1 2 1 0 3 1 1 2 1 0 1 1 1 2 1 1 2 0 1 0 2 1 3 3 3 2 2 1 4 2 1 3 1 1 1 3 2 2 4 6 2 2 1 2 0 2 4 0 3 0 2 2 3 4 2 3 4 2 3 2 2 1 0 1 1 5 2 0 3 1 1 3 4 3 1 1 2 3 1 3 1 2 0 0 5 1 2 2 3 1 2 1 0 2 1 2 0 1 2 1 3 3 4 2 2 0 0 3 4 0 2 2 2 3 2 3 2 3 1 1 1 2 2 1 1 4 3 0 0 4 3 2 3 4 3 0 1 1 3 2 4 1 2 4 2 1 1 3 2 2 5 2 2 3 0 1 2 4 1 5 2 3 1 2 1 0 1 6 1 6 6 2 2 2 1 1 1 5 3 2 4 3 2 2 2 3 1 2 0 1 1 2 5 4 2 1 0 1 0 1 2 2 7 3 1 1 1 3 1 1 0 3 2 1 4 4 2 2 3 1 3 2 2 3 2 1 3 2 0 2 1 4 2 2 0 2 3 3 5 1 2 1 1 2 4 3 3 1 1 1 2 7 3 2 4 2 2 0 3 4 2 2 1 2 0 1 1 2 0 1 1 2 4 2 3 2 1 2 3 2 1 2 0 2 2 2 2 0 4 1 2 0 2 0 4 2 1 0 2 1 2 2 0 0 3 3 4 1 2 2 5 4 4 0 0 1 2 4 5 2 3 2 1 1 4 1 0 4 0 2 0 1 1 1 2 3 6 4 1 0 1 0 1 3 2 1 3 1 2 1 2 1 3 2 3 3 2 2 3 1 0 1 2 1 2 2 2 2 2 3 0 2 6 1 3 0 1 6 3 1 2 4 1 0 2 1 2 2 3 4 2 1 2 2 3 3 2 2 5 0 0 2 0 2 3 4 0 1 2 1 1 7 0 1 1 2 5 2 0 3 3 0 1 1 2 2 1 2 2 0 4 0 4 2 1 4 3 0 0 3 3 2 2 2 1 0 4 2 4 0 1 2 1 5 2 3 1 1 3 1 1 5 1 2 2 3 3 2 1 2 2 1 3 1 5 3 1 2 2 5 1 4 0 1 1 3 4 5 2 1 1 4 3 1 4 3 4 3 1 1 3 1 0 2 2 0 4 3 4 2 1 2 1 3 4 4 2 1 3 3 3 0 0 2 4 0 1 2 4 0 2 1 3 4 1 2 5 0 2 1 3 3 0 2 1 0 0 1 2 1 1 4 3 2 4 4 0 0 0 2 2 2 1 6 1 3 1 4 1 1 2 6 2 3 1 4 0 3 0 0 2 2 2 5 0 3 1 0 5 4 5 1 2 1 0 1 0 1 3 1 2 2 7 0 2 2 3 0 3 2 2 1 1 3 3 3 2 0 2 1 3 3 0 5 2 1 1 2 0 3 2 3 0 0 2 2 3 3 1 0 2 0 1 5 0 2 2 3 1 1 0 2 2 1 1 1 2 3 0 3 2 3 3 5 3 1 4 0 3 2 1 2 0 3 3 3 3 5 1 1 2 3 2 2 2 2 3 4 2 2 3 3 0 1 2 3 3 4 4 1 2 5 0 2 1 2 0 1 4 0 2 5 3 3 4 2 1 2 2 0 2 2 0 0 5 5 3 2 2 0 2 0 3 0 1 2 3 1 4 1 1 2 2 1 3 1 1 3 4 2 2 0 2 3 1 0 1 0 4 1 4 3 2 0 1 2 1 2 1 3 1 5 2 0 1 1 1 5 4 1 0 0 2 2 1 4 5 0 1 0 2 0 2 3 2 2 1 5 1 2 2 2 7 1 1 2 0 1 1 5 3 2 1 1 4 3 3 3 2 1 3 3 2 4 2 3 0 2 3 0 1 2 4 2 1 2 1 3 0 1 1 1 0 3 1 2 0 1 1 2 4 3 3 2 3 2 2 0 0 1 2 3 4 2 2 1 1 2 2 3 3 4 4 0 0 2 3 1 3 1 2 1 2 0 3 3 4 4 1 1 1 4 2 2 3 2 4 2 5 2 1 2 0 1 1 2 2 3 1 4 0 1 2 1 1 1 3 1 1 2 3 3 1 0 2 2 3 1 0 3 0 2 1 1 3 3 2 0 2 2 3 0 1 2 2 2 0 2 0 4 1 4 2 5 4 3 1 1 2 3 1 3 2 0 1 2 2 3 3 3 2 2 2 0 2 5 0 2 1 0 0 4 2 2 1 2 2 1 1 1 3 2 2 1 2 1 2 5 2 4 3 2 2 2 3 6 1 1 3 2 2 2 1 6 1 3 1 2 2 3 1 2 3 0 3 1 2 2 1 1 2 1 3 0 0 2 2 4 3 2 6 2 3 1 1 1 4 1 1 3 1 1 3 3 2 0 3 2 0 4 2 5 1 1 0 0 2 0 3 0 0 3 1 3 1 2 1 3 2 1 2 1 4 2 0 3 1 3 4 3 5 1 1 1 2 2 1 3 0 0 3 3 1 1 1 6 0 2 1 2 1 0 3 0 1 1 1 2 2 0 0 0 3 5 3 1 2 3 2 2 3 1 2 2 4 1 1 2 3 5 3 2 0 0 1 3 1 3 2 3 2 4 1 0 4 1 2 3 1 0 1 2 2 0 2 2 4 3 1 2 0 2 3 3 1 1 1 2 1 1 1 4 1 2 2 1 2 4 2 3 3 1 5 3 2 3 0 1 3 0 1 2 1 4 2 1 9 3 3 3 0 3 1 0 2 2 3 2 0 0 2 4 4 0 2 3 2 1 0 4 3 2 2 3 0 5 2 1 0 4 3 2 1 1 2 1 1 1 5 2 4 3 1 1 1 2 1 2 4 2 2 3 2 1 1 1 2 3 1 2 3 6 1 1 4 1 4 5 2 0 0 3 0 2 1 0 4 3 2 2 3 0 4 1 3 3 3 1 0 1 2 0 2 1 2 3 3 0 0 3 1 2 2 1 2 1 2 1 2 0 2 2 2 4 5 2 2 5 1 2 0 2 2 3 2 4 0 1 0 4 2 7 1 2 1 2 0 3 5 0 1 1 4 1 2 5 0 0 3 1 2 2 2 1 2 2 3 1 4 1 3 3 3 3 1 0 3 3 2 0 3 3 3 0 2 1 3 0 0 4 0 1 2 1 1 2 2 1 0 2 3 1 2 4 6 4 2 1 2 3 3 2 5 3 2 2 2 1 1 5 0 2 1 2 4 4 1 2 2 0 1 0 1 3 2 2 4 4 1 1 4 2 2 4 1 2 2 1 1 2 3 3 1 1 0 1 3 4 0 3 0 0 2 3 5 4 2 3 1 3 2 1 0 1 2 3 2 3 2 0 4 3 2 2 1 2 4 0 2 2 1 0 3 2 3 2 0 2 3 2 1 3 0 2 2 2 2 7 2 2 1 1 5 3 1 2 0 2 1 2 1 2 2 2 3 2 2 1 4 4 1 4 4 2 1 0 1 1 1 4 2 0 0 1 0 1 0 3 1 1 0 2 2 3 3 1 3 5 4 4 0 1 2 0 1 1 4 2 1 0 4 3 1 1 2 2 2 1 2 0 0 4 4 0 3 4 0 2 4 1 0 0 1 4 2 1 3 2 1 2 1 2 4 3 0 4 4 1 3 0 4 3 0 0 3 2 0 3 0 3 3 2 1 2 2 0 3 4 2 1 2 1 6 2 4 1 0 4 4 3 1 1 2 0 2 1 4 5 1 1 3 0 2 0 3 1 2 4 1 0 3 1 3 0 3 2 1 3 3 4 2 1 3 3 1 2 3 2 1 3 2 1 3 1 5 3 1 2 2 2 1 4 3 0 2 1 1 2 3 4 3 3 2 3 1 3 3 2 1 4 3 0 2 3 2 1 2 3 2 4 3 2 1 1 2 7 6 2 1 1 2 1 2 2 2 2 4 3 2 3 0 5 2 3 2 6 2 0 3 2 4 1 0 1 1 3 3 1 5 2 2 2 2 2 1 2 1 1 1 1 0 4 2 2 0 2 1 3 1 2 1 1 2 6 1 1 1 3 5 0 4 1 3 1 5 0 0 1 2 1 1 1 2 3 2 0 4 2 0 3 1 3 1 2 2 0 2 1 1 2 0 2 1 2 3 1 2 0 4 1 1 4 1 3 2 2 4 2 1 1 1 4 2 3 2 1 1 5 4 2 0 2 4 2 0 2 4 2 3 2 2 3 5 1 1 0 0 2 3 4 3 3 3 2 0 3 2 0 0 1 2 0 2 3 5 2 3 0 3 1 1 1 2 0 2 2 2 4 5 2 2 4 2 0 2 1 7 3 1 0 1 0 4 4 2 0 1 0 4 1 2 2 1 0 1 2 2 2 4 2 1 4 4 2 0 2 0 0 1 3 4 2 1 1 2 3 1 2 3 0 3 2 1 2 2 3 1 6 0 3 1 0 0 4 2 2 2 4 0 3 3 0 0 3 2 0 2 3 2 1 3 1 0 2 1 2 4 2 3 1 2 3 2 2 1 2 2 1 1 1 1 1 2 2 0 3 3 0 5 3 2 3 1 2 2 1 1 1 1 2 1 2 4 2 1 1 0 2 1 3 0 3 1 4 4 0 1 1 2 3 1 5 2 2 2 0 0 3 2 1 3 2 0 3 6 1 1 2 3 3 3 2 1 3 2 1 1 3 1 0 2 1 0 0 2 1 1 4 3 1 4 2 2 1 0 3 0 0 0 2 3 7 2 2 3 1 2 0 0 2 3 4 3 2 1 0 2 0 1 0 1 3 5 1 0 5 0 2 1 2 3 4 2 0 3 3 3 1 1 2 1 1 2 3 3 3 2 5 3 4 4 1 4 1 0 3 1 3 4 3 2 4 3 3 2 3 1 1 1 3 3 2 3 4 1 2 1 2 2 3 2 5 3 3 1 2 0 1 0 1 3 4 2 1 2 1 3 2 1 2 2 3 2 2 2 0 4 0 0 1 1 0 3 2 2 2 2 4 1 2 4 3 1 1 2 0 4 3 3 3 1 5 1 5 2 2 0 1 0 3 4 3 1 6 1 1 2 2 2 1 3 0 4 2 1 0 3 4 3 0 2 1 1 0 2 1 1 3 3 3 2 0 2 2 0 2 2 4 1 0 1 2 1 3 2 4 2 1 3 1 2 2 3 2 2 4 2 4 2 2 2 1 3 3 2 2 0 1 3 2 3 1 1 4 0 1 1 1 5 2 1 3 3 3 3 2 1 5 3 1 0 2 2 0 3 1 3 1 3 3 2 2 3 3 1 3 2 0 0 2 1 4 2 2 0 1 6 3 1 4 2 0 2 3 0 2 0 3 2 2 0 5 4 2 1 0 3 4 2 0 0 2 2 4 3 2 2 0 1 2 2 7 2 0 3 3 2 3 3 1 3 5 1 2 3 3 2 2 1 4 1 3 3 1 0 2 2 2 4 1 3 1 5 2 1 1 2 2 3 2 4 4 2 2 0 1 2 1 1 2 3 0 5 4 1 2 3 2 5 4 1 0 1 2 1 1 3 3 4 4 1 1 0 4 4 2 1 0 2 5 3 3 1 0 0 2 3 2 3 1 1 4 3 3 1 1 2 3 3 2 3 1 4 4 2 0 1 3 5 3 1 0 2 2 1 3 2 3 1 0 3 1 2 2 1 4 0 1 3 4 0 3 2 2 0 1 2 3 1 6 0 3 1 1 0 1 3 1 3 4 1 4 2 3 2 1 4 3 1 2 0 3 0 1 0 1 4 3 2 3 1 0 1 3 2 2 2 2 0 1 1 3 2 4 1 3 1 1 2 0 1 2 2 3 1 4 3 1 4 4 0 1 1 3 0 1 3 6 4 1 3 3 3 3 1 1 1 2 3 3 2 6 1 1 1 2 3 2 1 1 2 1 2 3 3 5 2 0 1 0 3 1 2 2 1 4 1 2 4 2 2 2 2 1 2 2 1 4 2 2 2 4 1 3 2 0 2 3 2 1 2 3 1 2 0 4 2 0 6 4 1 4 1 2 1 3 1 3 1 1 2 0 3 4 2 4 4 2 2 0 0 2 1 3 1 1 2 6 1 0 2 1 2 2 3 3 2 3 1 5 1 0 0 2 1 3 1 2 3 2 7 2 4 3 2 2 1 2 1 4 1 2 0 3 4 0 3 2 2 2 1 3 5 0 1 1 0 1 2 0 3 0 1 0 1 3 1 1 0 2 3 0 3 2 3 0 1 4 0 3 1 1 4 4 2 1 3 1 1 2 2 4 0 1 4 5 1 1 4 5 2 2 1 2 5 1 1 2 4 1 1 1 0 7 1 0 2 2 2 3 1 1 4 3 4 2 2 1 3 2 2 2 1 0 1 4 4 1 2 0 1 1 4 1 2 7 2 0 3 1 3 0 3 4 1 3 0 3 2 3 1 1 1 0 5 1 2 2 3 1 1 0 2 1 2 0 3 1 4 1 5 2 2 6 1 2 2 1 1 1 4 2 3 1 3 1 1 4 3 0 1 2 1 4 3 1 2 2 4 0 0 1 2 1 6 0 7 1 1 3 3 2 3 2 1 4 3 3 0 1 4 4 3 1 3 2 2 0 1 0 2 2 1 2 4 1 0 0 3 1 2 3 2 3 1 1 1 3 0 0 4 2 1 6 1 1 1 2 2 0 2 3 2 4 1 2 4 3 2 1 2 5 2 0 4 2 1 0 3 4 0 3 2 2 3 3 1 2 3 4 2 2 1 3 1 2 5 3 2 3 0 3 0 2 3 0 2 3 0 2 3 4 2 4 0 0 2 1 3 3 4 0 1 1 2 3 5 4 4 1 1 1 1 0 0 2 3 0 2 3 2 4 2 2 2 2 3 0 1 3 3 2 3 2 1 0 2 2 0 1 2 2 1 2 1 4 0 3 0 1 3 5 2 2 0 3 3 1 3 3 3 0 0 0 3 2 2 0 2 1 5 1 0 2 4 3 1 0 2 2 1 4 2 3 0 3 2 2 1 1 3 3 1 2 2 1 2 3 5 2 1 2 3 0 3 2 5 4 1 0 2 2 2 1 1 1 0 0 1 3 2 2 3 2 1 2 3 2 3 2 0 2 3 1 3 2 1 1 2 0 2 2 0 3 2 1 4 1 1 2 0 1 2 2 2 4 3 1 1 0 5 2 1 2 3 2 2 0 1 0 2 0 2 2 3 0 1 4 0 2 1 4 1 3 5 1 2 3 1 3 1 3 2 1 2 1 1 2 1 3 1 3 4 2 4 0 2 1 3 3 1 4 0 3 3 0 4 4 3 1 1 3 2 1 1 1 3 1 4 0 1 3 2 2 2 3 2 1 1 1 3 2 2 0 2 2 2 2 2 0 2 1 3 2 0 2 3 5 3 1 0 1 2 1 2 1 2 5 2 6 2 1 2 2 0 2 3 3 1 1 4 2 4 1 0 0 1 2 2 2 3 2 0 5 2 2 3 1 2 2 5 3 3 0 1 3 2 2 1 1 3 1 0 2 2 1 1 3 2 3 3 3 1 0 3 2 2 3 1 1 3 1 1 1 4 4 1 3 0 2 4 0 1 0 2 1 1 1 1 5 1 1 3 3 2 2 5 1 3 3 0 0 0 3 5 0 0 4 1 4 0 0 1 1 3 3 3 2 2 3 2 3 2 2 0 2 2 1 1 1 3 2 1 2 1 4 1 2 5 1 3 1 2 1 2 4 4 2 1 4 1 3 3 0 0 3 2 2 0 5 2 2 0 1 1 1 2 3 3 3 2 1 2 3 3 0 0 2 3 4 5 1 3 2 1 3 1 2 1 2 2 0 2 1 3 5 0 2 0 4 3 0 2 6 3 1 0 1 2 2 1 3 1 3 4 2 4 0 1 0 3 1 2 0 4 3 0 2 2 2 6 1 0 1 3 3 1 1 2 3 1 1 2 2 3 0 8 1 2 1 2 1 1 1 1 1 3 2 1 1 2 1 1 1 2 3 1 2 0 2 0 3 4 2 1 2 3 1 2 2 2 2 2 1 4 2 1 3 5 5 2 1 1 2 2 2 2 1 3 3 2 2 3 4 3 1 3 2 0 3 0 1 6 0 2 1 4 2 1 1 0 3 2 2 1 1 1 0 4 2 3 1 2 0 2 1 1 3 1 1 1 2 6 2 0 1 0 1 0 3 3 2 4 1 0 1 5 1 3 3 1 2 2 0 3 1 2 2 5 1 3 2 3 0 2 0 4 1 1 0 3 3 2 1 3 0 1 4 2 2 1 1 1 1 4 1 2 2 1 1 1 3 4 1 3 0 1 2 2 1 1 3 3 0 1 2 1 2 2 3 3 3 3 4 2 2 1 0 2 2 3 2 0 2 2 3 4 2 2 1 2 0 1 1 0 2 3 4 1 3 1 2 2 2 1 2 4 1 1 1 3 0 1 1 2 5 2 5 1 1 3 4 2 1 5 3 3 1 3 2 1 2 3 3 1 1 7 1 3 3 2 1 3 1 2 2 1 6 1 2 1 1 4 0 1 4 0 0 2 1 4 5 0 4 3 0 3 1 1 2 0 6 1 3 5 1 4 1 0 3 5 2 2 3 1 4 2 5 0 3 2 1 2 3 2 1 3 4 1 4 2 1 0 3 1 0 5 1 3 1 4 6 2 1 2 1 0 6 1 0 2 5 1 2 2 1 4 1 0 1 1 3 2 3 3 4 3 1 3 4 3 2 1 3 1 1 4 4 2 0 2 1 2 2 1 1 2 3 3 0 3 4 1 2 2 2 2 0 0 1 2 3 3 1 3 0 4 3 2 1 2 1 2 3 1 4 1 2 1 1 3 2 1 2 1 1 1 1 0 2 2 3 1 1 1 1 1 3 4 1 3 1 1 4 2 2 2 1 2 4 2 4 4 5 1 3 0 1 2 2 0 2 3 2 4 2 2 3 1 2 1 0 1 3 0 2 1 3 2 3 2 3 0 1 6 4 5 0 0 4 2 1 2 1 1 3 1 1 1 0 2 1 3 2 3 2 0 1 2 4 3 0 0 5 2 1 1 1 3 3 2 0 1 2 3 0 2 1 1 1 1 3 2 2 1 2 1 0 2 2 1 0 0 2 3 3 1 5 1 0 3 5 1 1 1 3 2 1 1 1 2 3 2 2 2 2 2 3 1 0 3 1 3 3 2 1 0 2 1 4 3 4 2 1 2 2 1 1 3 3 4 2 2 2 2 2 3 1 2 2 0 6 1 2 1 0 3 0 1 2 3 3 2 5 2 3 2 2 3 3 1 1 3 2 1 4 3 1 4 0 0 0 2 4 1 2 1 0 2 2 1 4 0 4 1 3 3 2 3 0 3 3 1 3 2 3 0 2 1 1 1 1 2 2 0 4 4 5 0 2 2 4 0 2 3 1 1 1 5 3 6 1 1 2 1 2 4 2 1 1 2 5 3 0 0 2 2 3 5 2 1 2 1 3 6 2 1 0 2 2 2 2 3 2 1 3 1 1 0 7 3 1 1 4 2 1 3 3 2 0 1 2 0 1 1 2 4 2 1 2 3 2 1 3 4 2 2 0 4 1 2 1 0 0 1 3 3 1 2 2 0 3 2 2 4 2 2 2 0 2 1 0 5 1 1 1 2 1 2 3 2 4 6 1 2 3 2 1 1 0 2 2 5 1 1 3 5 2 2 2 3 2 0 0 3 4 1 4 1 1 1 2 3 1 3 3 0 6 2 4 0 2 4 1 2 2 3 1 1 3 2 3 2 2 2 1 3 1 0 4 0 1 3 1 1 5 2 1 0 1 1 1 1 6 2 1 2 4 2 3 1 3 2 1 0 0 5 1 2 3 2 0 2 1 4 3 3 3 1 2 0 3 2 3 2 1 0 2 1 0 1 3 2 3 3 1 1 5 1 3 2 0 1 3 0 1 1 2 2 2 3 3 3 1 3 1 4 3 2 1 2 0 0 0 2 4 2 2 1 2 3 4 3 3 1 0 3 2 1 5 1 0 1 2 2 1 1 0 3 6 1 3 4 2 2 4 0 2 2 1 1 1 1 3 3 0 3 1 1 3 0 1 3 1 4 2 1 1 3 0 3 1 2 3 0 2 2 2 0 1 1 5 3 2 3 0 2 3 1 4 2 3 1 2 1 1 2 1 3 5 1 1 2 2 2 2 1 1 0 1 4 4 1 3 1 0 1 4 2 1 0 2 5 0 5 2 2 1 1 4 2 1 3 4 1 1 2 2 3 1 2 2 4 4 1 3 3 3 2 2 1 3 2 1 1 2 2 3 3 0 2 1 2 1 3 2 3 3 5 2 1 3 1 3 3 3 5 1 2 2 3 2 2 4 1 1 0 4 2 1 1 0 2 3 3 3 0 5 0 4 1 1 0 5 0 1 0 2 4 1 6 1 3 0 4 1 2 1 2 2 1 2 2 3 1 2 2 0 3 2 0 0 2 1 2 4 1 0 2 2 1 1 1 3 1 3 0 2 1 2 3 2 2 1 4 0 1 3 3 2 2 1 3 0 3 4 4 4 1 1 4 1 1 2 2 1 1 2 0 3 2 4 0 2 0 4 0 1 1 2 3 2 3 2 4 0 0 4 3 1 0 3 2 3 3 1 0 1 3 3 0 2 3 1 0 0 1 4 1 2 1 2 3 2 2 1 3 1 1 3 5 0 0 2 7 1 2 1 3 3 3 3 2 2 1 1 0 2 2 3 1 3 1 5 3 2 5 0 0 1 1 2 1 0 2 3 4 2 1 3 2 0 2 1 3 2 2 4 1 2 2 2 3 1 2 3 3 2 5 0 1 1 1 0 5 1 2 2 4 2 4 0 1 3 1 2 1 5 2 1 1 1 0 2 3 2 1 3 2 3 2 2 6 0 4 2 2 5 0 3 2 0 3 3 1 4 1 0 3 0 2 2 1 2 2 2 3 2 3 3 3 3 4 3 0 1 4 2 2 1 6 1 4 3 2 1 4 4 1 1 2 1 1 2 1 0 1 2 2 1 1 2 2 3 2 1 2 3 1 0 2 2 1 3 3 4 4 2 0 1 0 3 2 3 4 1 1 2 0 1 3 2 3 3 2 2 6 0 3 0 3 3 3 1 2 1 2 2 2 2 2 3 1 1 1 3 3 2 4 0 1 3 3 5 1 1 1 4 3 1 2 2 0 1 1 1 3 1 1 4 2 2 2 4 0 2 0 0 1 0 0 3 2 5 2 5 1 2 2 2 2 1 2 1 1 0 4 1 6 3 5 4 1 1 0 3 2 2 4 3 0 2 2 1 1 3 0 2 1 4 3 0 1 3 2 3 0 2 2 4 2 1 0 3 1 1 1 3 2 4 2 2 2 0 2 4 1 2 0 3 0 5 2 1 4 2 7 3 3 1 0 3 1 3 2 0 3 5 2 1 1 0 1 1 0 2 1 5 3 0 0 4 1 5 3 2 1 2 1 2 3 1 2 0 2 2 1 3 1 3 1 0 2 1 3 2 2 2 4 2 0 2 1 1 0 2 1 1 3 2 2 1 1 2 5 1 2 1 2 0 2 2 3 2 3 3 0 2 2 1 1 6 2 3 2 2 1 0 4 3 0 3 3 3 1 1 3 1 1 3 1 3 0 0 1 2 1 3 2 0 5 3 3 2 0 1 2 1 3 3 2 1 3 3 3 2 1 4 5 0 3 1 1 2 2 4 1 2 3 2 2 2 3 1 4 1 0 2 1 1 1 0 2 3 2 1 2 0 1 5 3 1 3 1 0 3 1 1 3 1 2 3 3 0 1 0 1 2 5 1 3 2 1 2 2 1 1 2 3 1 2 0 3 2 0 3 2 1 3 2 0 3 1 2 2 3 1 4 0 2 0 1 7 1 2 2 3 1 2 4 0 0 0 1 4 2 1 4 2 2 1 4 2 1 1 6 1 2 2 1 3 3 1 2 4 1 1 1 2 2 1 3 2 2 3 4 0 1 1 2 0 2 1 3 1 3 1 1 1 3 0 5 3 1 1 1 3 1 1 0 1 1 0 1 1 1 4 3 1 3 1 0 3 1 1 1 3 2 0 3 4 3 2 5 2 0 3 2 2 0 1 2 1 0 3 3 0 1 4 2 2 1 2 1 2 1 4 3 3 0 3 0 1 1 2 1 0 3 3 1 2 2 2 3 0 3 2 4 4 2 1 5 2 1 1 1 1 3 5 5 1 0 1 1 4 1 5 1 1 2 3 0 1 2 1 0 3 3 2 2 1 3 0 2 1 1 2 3 1 1 3 2 0 1 2 2 3 1 1 1 3 2 2 0 5 1 2 1 2 2 2 1 1 4 2 0 1 5 3 1 3 1 2 0 2 3 5 1 2 2 1 3 0 1 5 2 1 1 2 0 1 4 2 2 2 1 0 1 3 3 3 2 2 4 3 2 1 1 3 1 2 1 1 2 2 4 2 3 1 0 1 3 3 4 3 1 4 0 2 0 0 1 1 4 1 3 0 6 2 1 1 1 1 5 2 1 0 0 2 1 3 2 2 3 3 0 2 1 3 1 2 2 0 2 2 1 1 3 0 1 1 4 2 1 2 3 1 1 2 6 2 2 1 1 1 1 1 3 4 1 3 2 1 2 1 1 2 0 2 3 2 2 2 2 2 0 3 1 2 4 1 4 0 3 2 2 2 1 3 3 3 3 2 2 3 0 1 1 2 1 2 2 3 4 0 2 3 4 2 2 0 0 2 1 1 3 4 1 2 3 2 0 0 1 1 4 2 1 5 2 1 2 0 2 2 3 0 0 4 4 3 1 2 2 1 2 1 0 0 1 1 3 2 2 3 5 0 3 1 2 3 1 4 2 2 1 0 0 1 2 1 4 2 3 1 2 2 1 2 5 2 6 1 0 3 1 2 0 1 0 5 2 2 3 3 2 0 2 4 2 1 2 1 1 3 2 1 2 1 3 2 3 2 2 2 1 2 4 2 5 2 2 1 3 2 3 4 1 3 0 1 2 2 3 0 3 4 3 1 3 0 1 2 4 1 2 2 3 2 2 2 3 2 2 0 2 4 5 0 1 1 2 2 3 1 3 2 0 2 3 2 1 5 3 2 1 0 0 4 4 3 1 2 2 3 5 2 1 0 1 1 3 4 4 0 1 0 3 1 4 2 2 1 5 2 3 2 2 5 1 2 3 1 4 3 0 1 1 0 5 0 1 2 2 1 2 3 3 0 1 2 2 2 0 2 1 2 2 2 5 2 4 2 1 0 2 1 0 1 3 1 2 3 5 1 4 2 4 2 2 2 1 2 4 1 2 3 5 1 2 4 1 1 1 3 3 3 0 3 2 0 2 2 0 1 2 2 3 3 2 1 0 2 2 1 3 2 0 0 3 2 2 1 2 4 3 0 2 2 2 0 1 0 3 2 2 1 3 4 3 1 4 2 3 3 4 4 0 2 0 1 4 1 2 3 5 3 2 2 4 0 1 2 1 3 2 2 2 2 2 1 4 3 4 4 2 1 1 1 1 1 1 1 0 2 5 2 1 1 1 2 1 2 3 4 3 3 3 0 3 4 3 5 0 1 0 2 5 1 1 1 2 2 2 2 2 3 4 1 2 1 2 2 3 0 0 0 2 0 3 0 1 2 3 2 2 3 2 3 1 3 0 1 1 0 2 2 1 3 1 1 1 5 0 3 1 3 3 6 3 3 0 0 0 2 2 2 1 3 1 4 2 1 2 3 2 0 0 2 2 4 1 0 1 2 2 2 1 2 1 3 3 1 0 2 4 4 1 2 5 1 4 1 1 1 0 0 0 1 1 2 5 4 1 0 3 0 2 3 0 2 1 0 7 1 1 1 2 1 3 3 0 2 1 5 0 4 1 4 4 2 3 2 3 0 3 3 1 0 2 3 3 0 2 1 3 1 3 4 3 0 3 2 1 2 2 1 0 3 3 6 1 0 4 1 4 4 4 0 1 3 0 0 1 2 1 4 1 2 1 2 2 1 1 4 4 3 2 2 2 3 2 1 3 1 1 1 2 2 2 2 2 0 1 1 1 2 2 2 2 3 0 2 1 1 3 1 3 3 4 2 3 2 1 1 3 2 2 1 2 2 3 3 1 2 2 1 3 1 2 0 0 0 2 3 2 3 3 2 2 3 1 1 1 1 0 2 1 5 5 3 0 2 3 2 2 1 2 0 0 0 0 4 2 4 6 1 2 0 1 2 3 2 1 0 2 2 1 4 2 1 1 2 1 2 1 7 1 0 2 1 2 1 2 5 3 2 4 1 1 3 1 0 5 1 1 1 1 3 5 1 5 0 2 2 2 1 4 1 3 0 2 2 0 2 4 3 2 1 1 1 3 3 4 1 1 4 3 0 1 1 0 5 3 0 1 5 1 1 0 1 2 4 3 1 0 4 2 1 4 2 1 1 0 3 4 2 2 3 1 2 1 1 2 2 2 4 1 1 7 1 1 1 2 2 1 5 2 0 2 2 3 3 0 0 3 2 1 1 2 3 1 1 1 3 0 3 3 3 2 2 2 3 0 2 2 0 3 1 2 0 1 4 5 1 0 2 1 6 4 2 2 3 3 1 3 0 1 1 1 2 1 4 2 2 1 2 0 3 2 2 4 2 4 1 1 2 0 2 3 2 3 2 0 3 3 0 1 1 3 2 1 1 2 3 2 0 1 3 0 1 1 2 1 0 2 1 3 3 1 1 3 2 2 3 3 2 1 4 5 2 1 2 3 1 2 1 2 1 3 6 1 3 0 1 2 1 1 3 4 5 1 5 0 1 2 4 3 3 0 2 3 3 3 2 2 2 1 1 6 2 3 0 2 1 3 1 0 1 0 1 3 4 1 4 1 2 3 1 1 0 3 2 5 3 4 1 1 1 2 2 1 2 3 0 3 3 3 4 1 3 3 1 2 2 2 0 0 3 2 3 3 3 2 0 1 3 1 3 2 2 4 1 4 3 0 2 4 2 3 3 2 2 1 1 3 1 1 0 1 5 1 1 2 4 2 3 0 1 0 0 4 1 1 3 1 4 3 0 2 1 1 1 1 0 1 2 2 3 1 3 1 3 0 3 1 3 0 1 2 2 6 0 0 0 1 3 2 3 3 3 0 1 2 3 1 2 2 4 2 1 4 2 4 3 2 2 1 5 1 2 0 1 0 3 2 3 4 0 3 5 1 0 1 4 1 4 3 1 3 1 2 6 0 4 1 0 3 0 2 2 3 1 2 5 1 0 3 2 3 4 1 3 3 1 1 2 2 5 0 2 5 2 3 1 0 1 1 1 3 2 4 1 1 2 3 1 3 0 1 0 1 2 4 2 4 1 1 2 1 4 3 5 3 1 0 0 0 2 2 4 4 2 3 0 2 2 0 2 2 1 3 3 1 0 0 0 5 2 0 1 2 1 0 1 2 2 3 3 1 4 3 2 4 1 1 0 2 2 0 3 1 3 3 3 2 5 2 1 2 2 1 3 4 1 5 3 1 1 5 3 0 0 1 3 2 1 3 4 3 1 2 1 3 0 1 1 4 3 3 1 2 5 0 1 2 2 0 4 3 3 6 4 1 0 2 0 1 2 1 0 1 4 5 2 2 5 3 2 1 2 2 0 2 0 1 0 0 2 5 3 0 4 2 2 1 1 3 1 1 2 1 4 1 2 1 4 2 1 0 2 1 5 0 0 1 1 5 0 0 1 2 2 1 0 1 2 2 4 1 3 4 2 3 1 2 3 1 3 3 1 1 0 0 0 4 1 5 1 3 3 0 2 0 1 3 2 3 2 1 2 1 1 2 2 1 3 1 1 4 2 1 2 0 3 3 2 1 4 3 1 2 3 4 1 1 2 1 2 3 1 2 2 2 0 3 1 0 2 0 3 2 2 2 1 2 3 0 4 0 1 2 4 1 2 1 2 1 2 4 1 1 2 1 0 1 3 3 1 1 3 3 4 1 0 5 3 1 4 1 3 1 3 1 3 1 3 0 3 4 3 2 1 6 1 1 0 2 2 0 6 1 1 2 2 1 3 0 1 0 1 3 6 2 3 3 1 3 2 1 0 3 1 0 2 1 1 1 2 2 0 2 3 4 5 0 0 1 2 3 4 0 0 2 1 1 1 2 0 0 2 1 4 3 2 2 0 2 0 0 1 3 3 1 2 2 1 3 4 2 1 0 3 0 2 2 0 2 3 2 1 0 1 2 1 1 1 1 2 2 3 4 2 3 3 2 1 2 3 4 3 2 0 3 1 3 3 1 1 4 0 4 2 3 0 2 5 1 1 2 1 3 3 2 2 1 0 1 2 4 1 0 0 3 2 2 6 1 0 0 1 5 3 3 2 6 1 0 4 1 0 0 1 2 3 1 3 3 1 3 1 2 2 0 0 2 1 2 3 1 3 1 5 2 3 3 3 0 1 2 1 2 0 1 4 1 1 2 2 3 0 2 3 0 2 1 3 1 2 1 1 1 3 3 4 0 4 4 1 2 2 1 3 4 0 0 3 3 3 3 1 2 2 2 2 3 0 0 2 1 1 3 1 3 2 3 3 2 1 0 2 1 3 5 0 2 3 1 0 2 2 2 1 2 2 5 2 1 0 3 2 0 3 3 1 2 1 1 2 1 2 3 1 3 1 3 0 2 3 4 2 2 1 0 2 3 1 0 1 1 4 3 1 4 1 0 1 2 2 4 0 1 1 2 3 1 2 2 1 1 4 3 0 1 3 3 1 2 3 0 0 1 0 1 1 1 2 1 5 2 1 2 1 3 2 3 0 2 2 2 3 3 1 4 4 1 3 1 1 0 2 3 0 2 0 1 1 2 2 2 5 0 2 1 3 4 1 2 4 3 0 3 1 1 2 0 1 3 5 2 0 3 2 1 2 1 2 4 3 2 2 4 1 3 2 2 2 0 1 2 2 3 3 1 2 0 0 1 2 1 3 1 3 3 1 2 3 3 2 2 0 1 1 2 2 4 2 3 0 4 2 1 1 0 2 3 1 3 1 0 4 0 3 1 5 4 2 0 2 2 2 2 3 3 4 3 0 2 4 5 1 3 3 2 3 1 2 3 1 4 3 2 1 0 4 2 0 2 3 1 2 1 2 2 1 1 1 1 4 1 1 3 1 3 0 3 1 2 2 3 3 3 2 2 4 0 3 2 2 1 5 2 0 4 2 0 2 2 3 0 1 3 2 0 3 3 1 2 2 3 2 2 0 3 2 3 2 2 2 5 3 0 2 5 3 1 5 2 2 1 1 3 1 1 5 3 1 0 1 4 2 3 2 5 4 3 0 3 2 1 2 2 2 0 2 4 2 1 1 1 2 2 1 2 3 2 0 3 0 3 1 1 1 2 4 2 2 1 0 2 2 3 2 1 1 6 0 2 3 5 1 2 1 1 1 0 2 2 0 0 3 0 0 1 3 2 1 4 3 2 2 0 3 1 2 0 4 1 3 3 2 2 2 2 1 1 2 1 5 3 2 4 3 1 2 2 1 0 1 1 1 1 4 1 2 4 0 0 2 2 4 1 1 3 4 1 2 1 2 1 2 1 0 1 3 2 0 3 5 2 2 2 0 0 1 1 2 1 1 2 2 2 3 2 2 1 1 4 1 1 2 1 4 1 2 2 2 1 0 0 2 2 2 3 2 3 1 4 1 1 3 1 4 1 1 0 1 1 2 0 0 4 1 8 3 0 1 2 4 3 2 4 2 3 0 2 3 1 2 3 3 1 3 1 2 1 3 3 4 1 2 2 2 2 1 2 1 1 3 1 1 1 4 1 2 3 2 2 0 3 1 3 2 2 0 2 0 3 3 4 3 1 4 3 3 5 1 0 3 1 0 1 3 2 2 2 4 2 1 2 2 0 1 0 3 1 1 3 1 0 3 2 1 3 1 0 4 1 3 5 3 5 1 4 0 4 1 0 0 1 2 2 3 2 3 3 0 3 5 1 1 3 3 2 2 3 3 1 2 1 0 1 2 3 2 1 2 6 2 5 0 4 0 3 2 2 1 1 0 3 2 2 1 3 2 2 1 3 3 3 2 1 3 2 3 3 3 3 6 4 2 1 2 0 3 2 1 2 2 0 3 1 0 3 2 2 3 6 5 7 2 4 1 1 3 2 1 1 1 2 2 4 2 0 0 3 1 3 6 4 2 1 0 2 3 3 3 1 1 2 2 1 2 1 1 3 3 1 1 4 1 4 4 2 2 1 3 0 4 0 2 1 0 0 2 0 3 3 1 1 2 3 1 1 2 3 1 1 2 1 3 2 1 1 1 1 2 3 1 1 0 1 2 4 2 2 3 3 1 2 1 2 0 1 2 3 1 3 0 7 3 4 3 1 2 0 2 2 1 2 4 1 2 1 4 1 0 1 2 2 3 4 4 2 0 2 2 1 2 1 1 1 0 1 2 2 5 2 2 4 3 2 0 1 2 3 1 1 2 6 1 2 1 3 2 5 2 2 1 0 0 0 4 2 0 2 3 0 3 3 2 2 0 3 3 2 2 1 2 1 2 2 3 0 1 2 3 4 2 1 5 1 4 0 1 2 1 4 2 0 3 4 3 3 1 0 1 3 0 2 7 2 1 2 4 1 4 1 3 2 3 3 1 2 4 0 1 1 2 1 3 3 0 1 2 1 0 1 2 4 1 6 3 1 1 3 0 3 3 2 1 1 3 0 4 2 1 1 1 2 3 1 0 3 3 2 4 1 5 3 2 3 0 2 3 2 2 2 3 0 4 5 1 3 3 1 2 3 0 2 0 2 2 1 1 2 3 2 1 3 1 2 3 0 3 3 1 1 0 1 3 1 0 3 0 3 3 1 2 1 3 4 1 3 2 2 6 3 1 1 1 2 4 2 5 2 1 1 0 1 3 2 1 2 1 2 2 3 3 1 2 3 4 1 3 0 1 0 2 1 2 1 2 1 2 3 2 4 4 2 1 2 4 1 0 2 3 3 1 1 2 3 3 3 1 1 2 1 0 2 2 0 1 0 2 3 2 1 5 6 0 2 4 1 1 0 1 2 3 4 6 1 0 0 1 1 0 1 4 2 1 0 3 2 3 2 1 3 3 2 5 2 3 0 3 1 1 0 3 2 4 4 0 6 1 2 3 2 1 0 2 1 2 2 0 3 2 0 2 3 3 2 4 3 2 3 0 1 1 3 3 2 3 2 5 1 2 1 2 3 1 1 1 0 2 2 4 6 4 0 4 1 3 1 2 2 2 4 1 1 3 3 1 0 2 1 1 3 2 1 3 2 3 1 2 3 4 1 0 2 1 2 2 1 1 3 3 3 2 3 4 1 1 3 4 2 1 1 5 3 0 2 0 1 4 2 1 4 1 4 0 1 1 1 1 1 1 3 3 4 0 4 5 2 3 0 1 3 4 5 3 0 2 7 0 2 2 1 2 2 1 1 5 4 0 0 2 4 2 4 1 2 0 1 4 2 1 1 2 1 4 3 0 0 2 3 3 5 1 1 0 1 3 0 1 1 1 1 2 2 3 1 1 2 2 0 1 4 2 2 3 3 3 2 1 3 1 0 1 4 3 2 1 2 2 3 2 5 2 1 1 1 0 4 3 2 3 0 0 3 3 1 4 1 2 3 3 1 2 1 1 1 4 2 1 3 3 3 3 2 3 4 2 6 2 1 2 2 1 4 1 1 5 0 3 1 1 1 1 4 3 0 2 2 3 1 4 1 2 3 5 2 2 0 3 0 1 2 2 2 2 0 2 3 1 3 2 0 0 1 1 1 6 3 4 0 1 3 2 1 0 2 3 0 1 0 3 3 3 2 3 4 0 4 2 0 2 0 4 2 2 2 3 3 0 4 1 1 2 3 0 0 2 5 4 3 1 3 4 1 3 3 0 4 1 2 2 1 2 3 1 3 1 3 3 3 2 1 0 2 2 5 3 1 1 2 3 2 3 5 3 4 0 2 1 1 3 2 0 1 3 0 0 4 3 1 5 0 2 0 3 1 0 1 3 1 4 3 2 2 1 3 3 3 3 2 3 2 1 4 1 1 2 4 2 2 1 2 2 0 2 0 1 1 3 3 2 2 2 1 1 2 1 2 5 0 1 2 4 2 1 5 1 4 5 2 2 2 1 2 1 3 4 1 1 3 1 4 1 4 2 3 3 3 1 2 1 1 2 2 2 1 4 0 2 3 1 0 1 3 1 2 2 2 1 3 0 3 1 2 1 6 1 2 1 0 0 1 2 1 1 4 1 3 6 0 5 4 1 6 0 5 1 2 0 2 1 2 3 3 4 3 0 3 4 1 6 0 1 1 1 2 2 2 5 5 3 1 2 4 4 2 3 0 5 0 5 3 5 0 3 1 1 1 1 1 2 2 2 3 3 2 3 2 2 1 2 1 5 1 5 3 3 2 1 3 2 2 1 2 2 3 6 1 3 1 3 2 3 3 0 3 4 0 2 2 3 2 4 4 0 0 1 0 1 1 5 0 2 3 3 1 3 3 1 1 3 1 3 2 3 1 3 0 2 3 2 1 1 4 6 3 4 2 4 6 0 3 3 1 2 2 2 1 1 2 2 2 1 3 2 2 4 2 3 2 1 1 2 2 4 0 2 0 1 4 1 1 2 1 3 1 2 0 0 2 3 2 2 3 4 1 3 1 5 0 1 1 3 2 4 0 1 1 2 2 6 1 0 5 1 0 1 3 1 4 2 1 2 1 4 1 4 0 2 2 3 2 1 1 2 2 1 1 2 0 4 2 3 3 3 5 1 3 1 0 1 1 0 4 2 3 0 0 2 3 0 0 3 0 3 0 3 2 3 1 5 3 0 4 2 1 4 3 5 2 4 1 2 2 2 2 0 1 1 2 0 0 4 3 3 4 2 2 1 3 1 1 3 2 0 3 4 2 3 1 1 2 4 2 1 2 2 1 2 5 1 1 2 0 3 2 1 2 1 1 3 3 1 1 3 3 4 3 2 1 3 0 2 0 2 0 1 2 0 4 3 3 6 2 2 2 3 2 1 3 1 1 2 2 3 1 1 1 1 1 2 3 2 1 3 0 3 2 0 2 2 6 1 2 0 1 3 3 3 2 1 2 3 0 2 2 0 4 1 3 0 3 2 5 2 5 3 1 2 1 5 2 3 1 1 3 3 0 2 2 3 1 1 2 2 0 2 2 4 2 4 4 3 4 4 1 1 2 1 1 0 1 2 3 3 0 1 1 2 2 4 1 4 2 2 2 1 4 1 5 3 3 1 1 2 1 1 2 5 2 0 0 1 3 2 6 3 3 1 3 4 1 3 5 1 1 2 1 3 2 5 3 2 0 1 3 2 4 1 1 2 3 3 2 2 2 2 3 2 1 3 1 1 4 3 2 4 5 1 6 4 2 2 3 0 3 1 1 2 2 3 0 1 1 3 2 3 4 3 2 3 4 0 1 0 2 1 1 1 4 2 4 4 4 7 1 3 0 0 3 3 1 2 2 6 3 1 5 2 0 3 3 1 2 1 2 3 1 3 0 3 3 0 1 0 3 4 1 1 0 4 1 2 3 7 1 3 0 0 4 3 0 2 1 1 1 4 3 1 2 2 4 0 1 1 2 2 4 1 2 4 2 4 0 2 0 0 1 5 0 2 2 2 3 2 2 2 1 3 1 3 3 2 2 4 1 1 3 3 2 0 1 2 2 1 3 4 0 4 2 1 2 0 1 4 0 1 3 1 1 1 0 0 2 1 3 1 0 3 1 0 5 2 2 5 0 1 2 0 2 0 0 2 1 0 1 5 2 4 3 1 1 1 0 3 4 2 1 6 1 1 1 3 2 0 1 3 1 3 3 2 4 2 0 4 3 2 3 5 0 3 2 3 0 0 1 3 0 1 1 2 4 1 1 3 0 3 4 1 3 2 2 2 2 2 5 1 3 3 0 2 1 2 3 2 0 1 2 2 0 3 1 1 2 2 2 3 2 2 1 3 1 2 2 5 2 2 0 3 3 2 5 3 3 0 1 2 3 1 6 0 2 2 2 1 1 2 1 4 2 2 1 2 0 1 3 1 1 2 4 3 2 1 1 1 0 1 2 2 1 0 3 3 3 1 1 1 5 2 1 2 3 2 2 3 1 3 1 1 2 0 3 1 4 4 1 3 1 3 1 2 2 3 0 1 1 1 2 0 3 4 2 0 1 2 2 2 2 3 2 1 1 1 1 0 2 3 2 1 5 3 1 2 1 1 2 0 0 1 2 2 2 2 3 1 2 2 2 2 1 3 0 2 2 2 2 2 2 0 3 0 1 2 3 0 1 2 3 2 1 5 2 1 2 3 2 1 2 3 1 3 3 7 2 1 2 1 3 3 1 3 0 4 0 4 3 0 1 1 1 0 4 0 2 1 3 2 1 0 1 2 3 3 5 0 1 0 0 4 1 2 1 2 1 1 0 0 1 5 4 4 2 2 1 2 1 2 2 1 2 0 3 0 3 4 0 4 1 1 1 2 5 3 2 2 1 3 3 1 1 4 3 2 1 5 0 4 1 1 2 5 5 3 2 1 3 2 1 1 1 2 0 0 0 2 3 5 1 4 1 1 2 3 1 2 1 3 2 0 4 1 3 2 3 3 3 2 2 1 6 3 3 0 3 1 2 0 1 0 5 3 3 2 3 1 2 4 1 0 3 1 1 1 3 4 3 1 1 5 3 5 4 1 1 0 3 1 2 3 3 2 2 0 1 1 2 0 3 2 1 1 2 3 8 4 3 1 1 4 1 0 3 0 2 2 3 0 1 1 1 4 0 0 4 7 1 1 3 1 2 1 4 1 0 1 2 5 3 0 3 0 4 0 0 1 1 2 2 5 4 0 1 1 0 3 3 4 3 2 2 0 3 1 2 0 0 1 3 3 2 1 3 5 1 2 4 3 3 3 2 5 0 4 2 1 2 3 1 1 2 2 1 5 3 0 2 2 4 1 1 1 4 4 3 2 0 2 1 1 3 1 1 1 4 1 3 4 2 1 4 1 3 1 4 2 2 2 4 3 1 0 2 2 3 3 2 2 2 5 0 0 4 1 5 2 2 4 2 1 1 4 2 3 2 1 3 1 3 4 0 4 3 2 2 2 2 1 1 2 5 1 4 1 2 2 5 2 0 3 1 3 2 4 2 6 3 3 2 2 2 1 2 0 1 3 1 4 3 2 2 1 1 1 2 3 1 0 2 3 4 2 2 1 3 2 1 2 1 3 2 1 2 2 3 2 3 1 2 3 1 4 3 2 0 0 2 1 2 2 2 1 1 3 0 1 1 0 1 0 5 3 1 0 0 3 3 2 1 4 1 3 1 1 4 2 3 2 0 2 4 2 2 3 3 2 1 1 0 2 1 5 3 0 1 3 0 3 2 3 0 2 4 0 2 2 3 1 2 4 1 2 1 4 0 0 0 1 2 3 4 0 2 1 2 4 2 1 2 2 0 1 3 2 1 2 1 4 2 1 4 1 3 4 1 2 2 1 1 0 0 4 3 4 1 3 3 4 2 1 2 4 2 0 1 2 3 0 2 2 3 3 1 2 5 3 0 0 0 3 3 3 0 1 2 1 1 2 3 4 1 3 2 0 1 0 6 2 4 3 1 1 3 0 5 2 1 1 1 2 4 6 0 2 3 2 2 1 4 1 1 1 3 4 2 1 3 1 2 2 1 3 0 2 1 0 4 2 4 1 1 1 4 3 2 1 4 1 2 1 3 1 1 1 2 6 1 4 2 2 4 2 1 0 3 0 4 3 0 2 2 2 3 2 2 3 2 0 1 5 2 3 3 1 1 2 1 4 2 2 4 1 2 4 3 1 0 0 1 3 2 0 3 3 0 2 0 4 3 2 3 1 1 2 3 2 1 1 3 3 1 4 0 2 3 1 2 1 1 0 2 1 5 3 2 0 1 4 2 5 1 0 2 1 2 0 1 3 2 0 4 2 3 0 1 3 0 1 2 1 4 3 1 2 1 1 0 5 3 2 3 2 1 0 1 1 2 2 2 0 0 6 4 2 3 2 2 1 1 2 0 1 2 1 0 3 1 2 7 3 5 3 1 2 3 2 1 1 2 3 2 3 0 3 0 1 3 0 4 2 2 1 4 1 4 0 1 1 2 3 2 4 2 1 4 0 3 2 1 2 1 1 5 5 1 4 3 0 2 1 3 1 1 2 0 6 1 1 0 4 3 1 1 1 2 5 1 4 4 3 0 1 4 0 0 4 0 4 3 2 1 0 1 0 4 1 1 3 1 3 3 2 2 1 2 2 2 1 4 1 1 2 0 7 0 2 0 0 2 2 1 0 2 1 2 2 1 2 3 2 5 1 5 4 2 0 1 0 3 2 1 1 2 4 2 1 1 0 3 1 1 0 5 1 2 2 1 0 1 2 4 1 0 0 3 1 1 1 3 1 2 4 2 3 1 3 2 0 5 3 3 2 2 2 0 1 4 3 1 1 1 4 0 2 1 1 4 2 1 3 1 5 3 2 3 2 0 0 3 0 1 2 4 0 2 2 1 3 3 3 4 1 1 1 1 1 6 1 0 5 2 1 3 0 3 1 4 2 3 4 0 1 0 3 2 3 2 1 1 1 0 4 2 1 4 1 0 1 2 1 2 1 1 1 2 1 0 3 1 3 2 4 3 3 0 1 2 1 2 3 4 1 4 5 2 0 2 0 1 0 1 1 2 2 5 1 2 2 2 3 0 2 1 3 3 2 3 1 2 2 3 3 1 4 0 1 0 2 3 3 1 3 0 1 2 3 3 3 4 1 1 4 9 0 0 3 4 2 3 0 3 1 2 2 1 2 2 2 1 4 1 2 2 1 1 3 2 1 2 2 3 4 0 1 0 1 2 1 1 1 1 3 3 2 2 1 2 0 2 4 1 3 1 1 1 0 1 2 4 1 1 1 1 1 3 3 1 0 4 3 1 2 0 1 3 5 2 4 0 4 3 1 2 2 5 3 4 1 1 0 1 2 3 1 1 1 3 1 2 0 5 1 2 2 0 0 0 3 2 3 3 1 0 2 0 5 3 1 1 0 3 1 0 2 1 3 3 2 4 2 1 5 0 2 2 3 1 2 1 3 4 3 0 0 0 1 4 6 2 0 2 4 1 1 2 1 3 2 1 5 1 1 0 0 0 3 6 2 1 2 1 1 2 0 5 3 2 0 0 2 2 4 1 1 2 3 3 1 3 3 1 0 1 2 3 3 4 2 3 3 0 2 1 0 0 3 1 1 4 0 2 2 2 0 2 1 1 3 3 4 2 2 0 4 2 3 2 3 2 2 2 3 3 3 2 0 5 1 4 0 0 6 3 1 3 2 5 2 0 0 0 2 1 3 2 0 3 2 0 2 0 3 3 0 0 2 0 2 4 3 2 5 1 1 1 6 1 1 1 1 2 4 2 3 3 1 1 2 1 8 3 3 3 0 0 3 0 3 1 2 1 2 2 1 1 1 0 3 2 2 4 1 3 2 0 2 1 2 0 0 0 3 1 2 1 3 2 3 0 3 2 4 5 1 1 1 1 3 1 1 1 2 4 3 2 3 2 0 5 0 1 2 2 1 0 0 3 5 1 4 3 1 3 1 1 1 4 4 2 0 4 0 1 2 3 2 0 3 2 1 3 3 0 2 1 2 2 3 3 1 1 0 1 1 1 4 2 2 2 3 4 4 1 2 0 1 2 3 0 2 1 0 2 3 0 3 0 3 2 3 2 1 2 1 1 2 1 3 1 3 2 1 1 3 4 2 4 3 1 1 2 3 3 3 2 4 2 2 0 1 0 5 5 2 2 4 1 3 2 1 5 1 5 0 1 2 2 5 4 1 4 3 2 2 1 3 2 0 2 1 2 3 1 2 1 3 3 1 1 3 3 3 0 1 3 4 3 1 2 0 3 1 4 2 3 1 0 1 0 1 1 0 2 1 2 0 2 2 5 2 3 4 3 0 2 1 4 4 4 3 1 1 2 0 4 2 1 3 1 2 2 1 1 3 4 2 2 2 4 1 2 2 1 0 4 1 2 1 0 0 5 3 1 1 2 0 2 2 1 2 3 1 2 0 1 6 2 3 4 1 2 1 0 1 1 3 3 2 2 2 3 0 2 1 2 0 2 1 3 3 3 1 2 4 2 1 0 3 2 2 3 3 1 0 3 5 2 1 3 2 1 2 4 1 0 2 3 1 1 3 5 1 1 1 1 2 3 7 1 0 3 1 3 4 2 2 3 2 0 3 1 4 2 4 1 2 2 0 2 1 2 2 2 1 2 6 3 1 2 0 3 0 1 2 2 1 1 3 2 1 2 0 5 1 3 0 2 0 1 4 4 2 4 1 1 1 1 1 2 2 1 1 2 3 2 1 4 4 1 1 2 3 4 3 2 3 0 2 4 1 1 3 2 4 2 1 2 0 2 2 3 1 1 1 1 6 1 3 2 4 2 6 2 2 1 1 1 2 2 1 2 3 4 2 3 0 0 0 3 0 0 3 2 1 3 2 1 3 1 1 2 0 8 1 2 3 1 2 2 2 1 0 1 0 2 0 1 3 1 0 1 4 2 2 1 0 1 2 2 0 3 3 0 1 3 0 3 2 3 3 1 1 0 2 4 3 2 1 1 2 3 3 1 4 3 2 2 1 1 0 1 2 0 0 2 3 1 3 2 5 0 4 0 1 1 1 1 2 3 2 2 1 1 2 6 2 2 1 1 2 2 2 3 4 1 2 3 2 6 4 0 2 2 2 1 0 3 5 3 0 1 1 2 2 2 3 3 2 0 3 1 3 1 1 3 3 1 0 3 2 2 2 4 3 1 1 2 0 2 0 3 0 0 0 4 2 1 0 2 2 2 1 3 3 5 1 0 1 4 0 2 3 2 2 1 3 2 3 0 3 1 0 2 3 0 5 2 0 0 1 0 1 4 0 1 2 3 1 3 4 0 2 1 1 2 1 3 2 1 4 3 2 2 1 0 3 2 2 2 2 3 2 0 1 0 0 4 1 2 1 1 1 3 1 1 2 0 2 2 2 5 0 0 0 2 2 0 2 4 2 1 3 2 1 2 1 0 2 0 2 0 3 3 2 3 2 0 1 3 3 4 1 1 0 4 0 2 4 1 0 2 3 1 3 1 1 1 2 5 1 2 2 4 0 0 1 3 0 2 0 5 2 1 1 3 1 5 3 0 4 2 1 1 0 2 4 4 0 1 2 1 3 0 0 2 2 2 1 4 2 1 2 3 2 1 0 4 3 1 2 2 3 0 2 4 3 1 0 3 2 4 4 2 3 2 3 2 3 3 2 2 3 3 3 3 0 1 5 2 2 5 0 3 1 1 4 3 3 1 1 1 1 0 3 2 2 2 2 0 2 2 2 2 5 3 1 3 2 0 2 0 3 3 1 3 2 5 1 1 1 1 3 1 0 1 0 0 1 2 1 0 2 1 2 3 3 3 2 3 3 1 3 2 0 1 1 4 2 1 1 3 1 1 1 1 2 2 1 1 1 2 2 2 3 1 3 2 4 1 1 3 2 1 4 0 2 3 0 2 2 3 2 2 0 2 0 2 0 2 1 3 5 2 3 1 2 6 1 2 0 1 3 3 1 3 3 1 1 2 1 3 2 1 2 1 1 5 5 0 1 2 3 4 2 4 2 1 1 2 1 3 2 1 3 0 2 1 1 1 1 1 0 1 6 5 3 8 1 2 0 0 1 2 3 1 1 0 3 4 3 3 1 3 1 0 4 2 2 1 0 2 1 1 2 0 1 2 3 4 2 4 1 1 2 6 3 2 0 4 1 2 3 2 3 1 3 1 1 2 1 0 1 1 2 0 2 1 3 1 3 0 2 2 1 2 2 1 1 2 1 2 2 1 2 1 2 3 1 0 4 3 0 3 3 1 1 4 2 1 2 2 2 2 3 2 2 2 2 2 1 4 1 4 1 3 1 1 1 0 2 0 3 2 3 4 1 3 2 3 2 2 0 2 1 1 1 2 0 3 4 0 0 3 2 4 4 2 2 1 4 2 3 0 1 3 0 6 2 3 4 3 1 2 1 1 4 3 1 2 3 3 0 1 2 1 2 5 0 2 1 3 1 2 2 2 3 3 1 2 0 0 2 4 5 3 2 1 3 3 3 0 2 2 2 1 2 2 3 2 1 1 3 1 1 1 1 0 2 3 1 3 2 2 1 1 1 3 4 1 1 3 2 1 1 0 3 3 2 1 2 0 2 2 3 2 0 2 2 3 1 1 1 1 3 1 1 2 3 4 4 0 3 2 2 4 3 1 1 1 1 1 1 0 1 2 3 2 4 1 1 0 3 2 2 3 0 2 1 4 0 0 2 1 3 1 2 2 0 1 1 0 1 3 1 1 2 3 0 1 1 4 4 1 0 2 1 1 5 1 4 3 2 2 2 4 2 3 2 1 1 2 2 3 2 0 1 2 2 3 1 4 5 1 2 2 1 0 1 0 1 2 4 0 0 1 1 2 4 2 1 4 1 1 3 2 1 0 0 1 4 1 2 2 7 7 3 2 0 1 0 3 1 4 1 2 4 2 2 0 2 0 5 3 2 1 1 4 3 2 1 0 1 2 2 1 1 4 3 4 0 2 1 1 3 1 2 4 0 2 2 4 2 0 3 0 0 2 1 0 3 2 3 4 1 2 2 1 3 2 4 3 5 0 1 0 1 2 3 4 3 3 0 1 1 3 4 0 1 5 0 4 2 3 4 2 0 3 0 1 1 1 4 0 2 2 3 1 2 3 3 2 2 1 5 1 1 1 1 5 0 1 5 2 0 2 2 2 2 3 1 2 2 1 1 3 1 0 5 2 0 2 1 2 1 2 1 1 2 3 3 4 2 1 4 2 2 2 2 1 4 2 0 3 1 3 0 2 0 3 1 2 0 2 1 2 1 2 5 3 1 3 4 3 3 3 1 3 3 2 1 0 1 2 2 1 1 2 3 4 1 2 0 2 1 1 2 1 0 1 2 3 4 2 4 2 3 2 1 1 5 3 2 3 0 0 1 2 5 3 3 2 5 3 1 0 2 3 1 4 2 3 3 1 1 3 1 2 0 2 0 3 2 1 1 3 5 4 1 0 1 2 1 2 2 3 1 3 2 1 3 2 1 1 2 1 5 3 1 2 3 1 1 0 3 1 1 3 4 3 1 2 0 2 2 2 3 3 3 1 1 3 2 2 1 2 1 2 4 2 5 1 2 2 1 1 2 0 1 1 1 1 1 2 0 3 2 2 3 2 1 3 0 2 4 2 0 5 3 4 2 0 1 2 3 7 0 0 1 2 2 2 2 2 1 2 1 2 0 2 3 1 3 5 6 2 1 4 4 2 1 0 2 2 2 7 3 0 2 1 4 3 2 1 1 1 2 0 1 4 4 1 4 2 0 0 1 1 2 2 1 1 3 3 1 1 2 1 1 3 2 0 1 1 2 1 2 3 3 5 3 2 2 3 5 1 2 3 2 1 3 4 2 2 1 0 1 1 1 2 2 3 5 1 3 1 1 1 1 1 2 2 1 1 4 5 2 3 1 2 3 0 0 2 3 0 1 1 0 1 2 3 2 1 0 2 3 2 4 2 2 4 0 1 4 3 1 3 0 5 0 3 2 1 1 6 4 3 3 2 4 0 1 2 1 2 0 3 1 1 2 0 3 3 4 5 3 1 0 1 1 1 2 1 0 1 3 2 3 3 0 4 1 3 0 1 1 3 1 4 2 3 2 2 2 2 2 0 1 4 0 4 2 4 2 3 1 1 1 0 1 1 2 0 1 5 1 1 1 3 4 1 0 4 3 1 2 1 2 2 0 1 3 2 3 1 3 1 3 3 1 1 1 1 0 2 0 4 1 4 1 1 3 1 1 1 3 4 0 2 0 0 2 3 3 0 5 1 0 1 7 2 1 3 0 1 1 2 0 1 2 4 2 2 2 3 0 6 0 1 2 3 1 0 2 3 2 3 1 3 3 1 2 0 3 0 3 1 4 3 2 3 1 2 3 2 0 1 5 1 1 2 0 3 2 2 2 2 2 0 3 3 1 1 2 4 6 1 3 1 1 2 1 1 1 1 3 2 2 3 4 5 2 1 2 2 2 3 1 1 3 0 2 0 4 3 0 3 2 1 4 3 1 0 3 4 2 1 4 1 1 3 1 3 2 0 3 1 4 0 3 1 0 3 1 1 2 2 0 1 3 2 1 4 1 4 3 2 2 3 3 1 3 1 4 2 1 2 1 2 0 1 3 1 3 2 3 0 2 4 2 2 3 3 0 1 1 3 5 1 3 2 0 2 1 2 2 1 4 2 1 2 2 1 5 0 2 1 2 3 0 2 2 2 3 4 3 3 1 2 2 4 4 2 1 0 0 4 2 2 1 3 4 1 4 1 4 1 4 3 1 0 0 1 2 1 5 0 4 1 1 2 1 2 2 3 2 2 2 2 2 3 2 3 1 3 1 0 0 1 3 3 1 5 3 1 1 3 2 1 2 3 2 1 1 1 1 3 0 3 0 3 2 2 1 2 3 1 2 0 2 1 0 1 3 2 0 0 3 2 1 3 2 1 3 2 1 4 1 3 2 4 2 1 5 1 2 2 5 2 0 2 0 1 1 2 4 2 4 1 2 0 2 1 4 0 2 1 1 2 0 2 2 3 2 0 2 5 1 1 2 3 3 0 3 3 1 2 4 1 3 0 2 1 1 0 5 3 2 2 1 2 3 2 1 1 1 2 3 3 0 2 2 2 2 2 2 1 2 0 1 0 4 5 2 3 1 2 2 2 1 0 0 3 1 3 1 3 1 0 1 3 2 2 1 0 4 0 1 3 1 2 2 3 3 2 1 7 3 1 1 2 3 2 2 1 0 1 1 2 0 3 1 1 0 3 1 1 1 1 2 2 3 2 4 1 2 2 4 3 2 2 1 3 2 2 0 4 2 2 0 3 0 5 3 3 1 2 2 3 1 2 2 2 3 0 0 5 4 3 2 4 1 2 1 4 1 2 1 0 1 1 3 2 4 3 0 4 5 2 4 2 0 2 2 2 0 3 2 2 4 2 1 1 1 0 2 0 5 1 2 3 0 3 2 1 4 2 5 2 1 2 3 1 2 2 2 2 0 3 2 3 2 4 1 1 1 4 0 1 1 2 3 0 0 1 1 1 3 0 3 3 1 3 6 2 3 3 3 1 3 4 1 1 3 1 1 1 0 2 3 3 4 2 0 1 4 1 3 1 3 3 0 3 1 2 3 1 1 4 1 2 2 2 3 0 3 0 2 4 1 1 1 1 3 3 5 2 1 3 1 1 0 2 4 2 1 3 2 0 1 1 0 1 2 0 1 3 1 2 2 4 1 2 3 3 4 3 3 2 0 1 4 1 1 1 1 5 4 2 2 3 2 3 2 3 2 1 2 2 2 2 2 1 3 2 1 1 3 1 5 2 2 2 2 1 1 1 1 2 1 1 2 0 2 3 1 3 2 1 2 5 2 2 2 3 1 1 1 5 0 3 0 4 2 4 3 3 1 1 2 1 0 1 1 1 1 2 5 1 4 2 1 3 5 0 2 1 4 2 1 1 3 0 2 5 2 2 1 1 0 1 3 5 1 1 2 1 1 3 3 3 1 1 0 3 1 2 3 2 2 2 2 2 3 0 0 1 2 3 1 2 1 1 0 2 1 2 1 3 1 2 0 3 2 2 0 1 0 1 2 4 2 1 2 7 0 1 1 1 2 1 4 1 1 2 4 2 2 1 0 4 1 1 1 1 1 2 2 4 1 2 4 3 3 1 0 1 0 3 1 1 2 4 2 2 4 2 2 4 2 1 1 3 0 2 3 1 1 3 2 0 1 1 7 2 3 0 0 2 3 0 4 4 3 1 1 4 3 1 1 0 4 3 1 2 3 2 0 1 2 1 3 4 0 0 3 1 0 2 1 2 5 1 1 1 4 3 0 3 2 1 1 2 0 1 3 0 0 3 1 1 0 5 2 4 1 0 2 3 1 0 3 3 1 4 3 0 0 3 1 2 2 1 4 2 2 0 2 3 1 4 2 1 1 2 5 1 1 5 2 5 5 4 1 1 3 4 1 0 0 5 2 4 1 2 0 4 0 1 0 1 0 3 3 1 3 3 2 4 2 2 2 1 3 2 2 1 1 2 1 2 2 3 2 3 1 1 1 2 2 3 1 1 3 3 0 1 4 2 4 3 1 0 2 2 3 1 4 0 1 0 1 2 1 2 1 2 3 1 1 0 1 2 2 3 3 2 2 0 2 3 0 1 2 2 3 3 2 0 2 2 2 3 0 1 3 2 4 4 0 2 3 2 1 3 0 2 2 2 2 1 5 0 2 4 1 2 3 2 2 3 4 0 1 0 2 1 5 2 2 1 3 2 1 2 2 1 4 0 4 2 0 4 2 0 1 1 3 2 0 2 5 0 2 2 5 1 1 4 4 2 1 2 3 2 1 1 4 2 2 1 0 1 1 1 2 1 1 1 4 3 2 2 1 3 2 2 4 3 0 5 4 4 1 1 1 2 3 3 2 2 4 1 3 3 0 1 1 2 1 5 1 1 0 2 2 2 0 2 1 5 3 1 1 4 2 1 3 1 3 2 0 1 0 1 4 2 2 1 3 4 2 2 1 1 1 2 0 1 1 0 0 6 2 4 1 2 2 0 4 7 0 1 3 1 1 3 2 2 5 0 1 1 1 2 0 1 2 4 2 1 2 1 2 3 0 1 2 2 2 1 2 2 0 2 4 3 4 2 1 2 0 3 2 1 4 2 3 2 3 3 1 1 7 1 2 5 2 1 3 3 0 2 2 4 3 0 0 4 1 1 1 1 4 0 2 3 2 2 5 0 7 5 1 0 1 1 2 3 2 0 4 0 2 2 1 0 5 2 3 1 2 3 1 2 1 1 1 1 4 2 2 2 2 4 3 2 1 3 1 1 2 0 2 3 1 1 0 2 3 4 1 4 0 0 3 0 1 3 3 1 3 2 1 2 2 1 4 1 6 4 1 2 3 0 3 3 2 0 1 2 1 1 1 2 0 4 2 6 1 1 1 2 3 0 2 1 2 1 0 2 4 6 4 4 0 3 3 1 1 3 7 3 2 1 1 1 0 4 2 2 7 1 0 1 0 2 1 1 3 2 1 1 0 2 1 3 3 2 3 0 2 2 1 2 2 2 3 0 3 1 2 1 4 2 1 3 0 1 1 5 2 4 1 1 3 1 3 3 2 5 1 1 1 1 2 1 2 3 4 4 2 4 1 2 1 2 3 0 1 0 3 1 2 3 3 0 2 2 2 1 0 2 3 0 1 1 4 2 1 2 2 7 5 0 1 1 0 4 2 0 2 3 1 2 2 3 4 1 2 0 1 2 2 3 2 2 1 3 3 5 1 2 1 2 2 1 3 0 3 3 2 2 2 2 2 1 0 2 3 0 1 3 0 4 3 3 2 5 2 1 0 0 1 2 2 1 2 0 1 1 0 2 3 1 1 1 1 3 1 3 5 2 3 5 3 0 2 0 1 1 3 2 3 3 5 3 0 1 2 2 0 0 1 4 3 3 3 3 3 1 1 2 1 3 2 2 2 3 0 0 2 0 2 5 1 6 3 0 3 3 1 0 2 4 1 2 3 3 2 2 4 2 4 1 1 1 2 2 1 1 0 0 2 4 1 3 3 2 1 3 3 1 2 2 2 2 3 1 4 5 2 2 1 2 5 2 1 5 3 0 1 1 3 0 3 2 1 3 3 2 3 0 1 2 2 2 1 1 1 0 3 5 0 3 3 1 3 1 1 3 4 2 1 0 3 3 3 3 2 2 1 4 3 0 3 1 5 2 3 1 1 0 1 2 1 3 4 0 3 3 3 1 1 2 2 1 3 1 0 1 1 1 3 1 3 2 2 5 1 3 3 0 0 5 4 0 1 1 5 1 4 2 2 2 3 1 4 1 2 4 2 0 3 0 1 3 1 2 0 2 3 1 7 1 1 0 4 2 5 2 1 4 0 3 1 1 2 2 2 1 2 1 4 0 1 2 2 2 1 3 1 3 0 4 3 0 2 0 3 4 2 3 0 0 3 0 2 1 2 2 4 2 3 3 1 2 5 1 1 2 1 1 0 0 2 2 2 2 4 2 3 1 2 2 1 3 1 1 1 2 3 5 2 2 1 2 0 3 2 1 1 3 3 5 0 3 1 2 3 0 0 2 2 3 0 3 2 1 4 4 1 0 2 1 3 3 2 1 1 1 5 0 2 1 1 1 0 4 0 1 1 2 2 1 2 3 2 2 2 2 1 3 1 3 2 2 3 1 5 1 1 0 0 2 0 1 3 2 3 4 1 2 1 3 4 3 0 3 2 2 2 1 4 3 0 1 1 4 2 3 2 2 1 1 1 1 4 1 0 4 1 3 2 3 2 2 0 2 0 1 1 2 0 3 0 1 1 1 3 2 1 4 0 1 4 1 0 3 1 0 4 2 2 3 3 1 4 0 1 3 1 1 0 8 3 2 4 1 0 0 0 3 0 3 3 2 0 5 1 2 2 0 0 1 2 0 1 1 3 3 2 1 1 1 3 1 1 1 0 4 4 1 2 2 2 3 1 5 1 1 3 4 0 3 2 1 1 0 2 1 2 0 0 0 3 2 1 1 1 3 5 4 3 3 2 0 1 2 1 1 2 3 6 1 4 4 0 1 3 4 1 5 1 1 1 3 1 5 0 1 2 2 0 4 1 1 1 0 3 1 1 5 1 1 3 5 1 2 1 1 1 1 1 1 2 3 0 0 6 2 2 2 0 1 2 0 2 2 2 2 4 2 4 3 4 3 1 1 3 1 5 5 3 2 0 4 3 2 3 1 1 1 3 2 6 2 1 2 2 3 3 0 3 1 1 3 3 2 1 3 0 1 2 1 3 2 5 1 1 1 1 6 1 3 2 2 1 4 2 3 1 1 2 2 1 1 2 1 1 2 0 3 3 2 3 3 0 3 0 1 1 3 4 3 3 3 2 4 3 2 3 1 2 1 0 0 1 1 3 4 4 3 1 2 0 5 2 0 2 1 6 2 2 2 3 3 1 0 4 4 0 1 3 2 3 2 2 0 1 3 1 3 1 1 0 4 3 6 3 0 0 4 2 2 2 0 2 5 3 1 2 2 2 3 1 2 1 1 1 1 3 1 2 2 1 2 2 3 3 2 2 1 1 3 2 5 2 3 2 3 0 2 2 3 3 2 2 4 3 0 2 4 2 2 1 1 1 2 3 3 3 2 3 3 2 1 4 2 2 3 3 0 0 3 2 1 4 3 1 2 3 1 2 3 3 3 3 3 1 2 0 0 0 1 1 1 3 2 0 2 2 1 3 5 3 0 0 2 3 3 3 2 3 2 2 2 2 0 1 4 0 1 3 3 1 3 0 1 4 3 4 1 2 0 3 1 4 2 4 2 1 2 0 5 2 0 1 2 1 3 2 2 2 1 1 4 1 1 2 0 3 4 1 8 2 3 1 1 3 2 3 1 2 1 4 2 2 5 1 4 1 2 1 0 5 2 2 0 3 0 1 2 3 1 6 1 2 3 2 0 4 1 2 3 1 3 3 2 1 0 1 4 0 2 4 2 5 1 1 1 1 1 2 6 3 7 0 5 2 0 2 1 1 2 3 2 3 1 2 1 2 1 2 1 1 1 3 2 4 1 3 2 0 1 1 1 2 0 4 2 3 1 2 0 2 1 1 3 2 2 1 5 2 1 3 3 2 1 1 6 1 1 2 1 3 3 1 0 2 3 1 1 1 2 1 4 2 4 4 0 1 1 1 0 1 3 2 4 2 2 1 1 2 1 1 2 0 1 1 4 2 1 2 3 1 3 0 1 0 3 4 1 2 2 2 3 0 4 3 3 0 1 1 3 1 3 1 4 1 0 2 1 1 0 2 1 1 3 0 2 1 3 3 4 2 2 2 4 0 4 5 1 3 0 2 3 0 3 3 0 2 2 1 0 0 2 0 0 1 0 4 2 1 3 3 1 2 2 1 3 3 3 1 3 1 1 1 0 3 2 0 3 2 1 0 1 3 3 1 1 0 2 4 0 2 0 0 5 2 0 4 3 1 1 1 2 1 2 4 3 2 0 1 1 3 2 2 3 0 0 0 1 1 3 1 1 2 0 1 1 4 3 2 2 0 0 2 0 3 2 2 2 3 1 0 2 5 3 1 2 3 2 4 1 1 0 1 3 0 4 6 2 2 1 2 3 3 1 2 3 2 3 1 1 3 1 1 2 2 1 2 2 2 3 4 1 1 1 2 3 0 1 1 1 2 0 1 3 1 0 3 2 2 3 4 2 3 2 4 2 2 0 1 3 3 2 0 1 4 2 2 2 2 4 3 2 1 1 1 4 1 2 2 1 1 1 0 2 0 2 3 3 0 1 3 4 3 3 2 5 3 1 2 2 2 2 4 2 4 1 0 2 0 2 2 1 2 3 1 5 1 3 3 0 2 1 0 1 2 4 1 2 4 2 1 2 2 2 3 3 2 2 1 2 2 3 2 4 1 3 2 2 1 1 0 2 2 3 3 0 0 0 2 3 3 7 3 2 1 1 1 2 1 3 1 1 0 0 3 3 0 1 2 2 2 5 2 2 1 2 2 1 1 2 1 3 6 4 1 0 3 0 3 2 3 2 3 3 0 4 4 0 2 2 2 1 4 4 2 3 1 0 3 1 2 2 1 2 2 4 0 1 1 1 0 5 0 1 3 3 2 3 4 2 3 2 2 1 0 1 3 4 2 3 1 2 0 2 2 4 2 2 2 3 3 1 2 2 2 4 4 2 2 2 2 1 1 0 2 1 0 1 0 2 1 5 2 1 2 1 0 2 3 2 1 1 1 2 2 1 2 2 1 2 2 4 1 2 3 1 1 1 0 2 1 6 1 1 2 0 0 5 5 1 3 3 3 0 3 1 2 3 3 2 2 0 3 3 2 1 3 5 2 4 1 0 2 0 1 2 3 3 2 1 2 2 2 1 6 1 0 1 4 2 1 3 3 1 1 0 1 1 2 0 1 2 1 4 1 2 5 1 1 1 0 0 6 1 0 1 4 1 2 3 3 2 2 2 2 1 0 1 1 2 2 2 2 1 5 2 2 1 3 3 1 1 3 1 5 0 1 4 0 3 1 2 2 2 3 1 2 2 1 3 1 0 4 4 3 1 3 1 1 6 2 4 2 1 1 1 1 0 1 3 2 4 2 3 2 5 0 3 3 3 0 4 0 1 3 2 1 0 3 2 2 3 1 1 0 0 2 3 1 2 1 3 4 1 3 1 4 3 2 2 3 2 1 0 0 1 1 2 1 2 1 1 0 1 2 3 4 2 1 1 0 2 1 3 2 0 1 3 2 1 2 2 2 1 1 4 3 0 1 5 1 5 3 2 3 1 2 6 2 2 2 1 3 2 2 2 0 4 2 1 1 2 3 1 2 0 1 3 2 3 3 0 2 0 3 3 1 2 2 3 4 2 4 1 2 3 1 2 0 2 4 4 3 1 2 1 0 3 6 2 3 0 1 4 2 0 1 3 2 1 1 1 1 4 0 3 2 0 4 1 3 3 1 2 4 1 0 1 3 1 1 2 1 2 1 4 1 0 0 2 2 2 3 3 4 1 1 1 2 2 1 2 2 2 1 3 1 3 0 0 1 5 1 1 1 2 3 3 2 0 5 1 5 2 5 2 1 0 2 2 1 1 1 1 1 4 3 5 4 0 2 0 3 5 1 1 2 1 3 0 1 2 3 2 5 1 2 1 2 2 3 0 0 2 4 2 4 0 3 2 2 0 1 1 7 1 0 1 2 2 3 3 2 1 2 3 3 2 1 2 2 1 2 2 1 2 2 3 3 1 4 1 3 2 0 5 2 0 1 4 2 2 5 6 1 1 1 4 1 2 2 0 1 1 3 2 3 3 2 3 1 3 3 0 2 2 2 2 6 3 0 2 1 1 3 0 1 7 0 4 1 3 4 1 3 1 2 5 1 2 3 0 3 2 0 2 1 1 3 3 4 2 1 1 3 2 4 3 2 2 0 3 2 4 1 0 1 4 1 1 3 4 3 3 1 3 4 4 1 0 1 5 2 0 1 2 4 3 3 3 0 2 4 1 2 1 0 3 3 0 3 2 2 2 2 2 2 2 3 3 2 3 2 4 2 2 2 2 1 2 2 0 3 1 4 3 4 5 3 1 4 1 3 4 3 0 1 3 3 2 0 2 1 2 3 2 1 5 2 2 1 0 0 5 2 2 3 4 2 2 0 3 1 2 1 2 2 2 1 3 1 0 0 2 1 1 0 3 1 3 5 1 2 1 4 5 2 0 0 1 2 3 1 1 2 0 3 3 2 2 2 2 0 2 2 1 2 3 1 1 2 2 2 1 2 1 0 1 1 2 1 0 2 4 5 0 3 0 2 3 4 1 2 1 1 3 2 3 2 0 2 3 2 1 0 3 3 1 6 4 0 0 1 1 2 2 2 1 2 2 1 1 0 2 3 3 1 2 2 0 0 3 1 1 3 1 6 1 1 2 3 3 1 0 0 1 1 3 3 1 2 0 2 1 0 2 5 3 0 3 1 3 1 2 0 2 0 2 2 1 2 1 3 1 2 2 3 4 2 1 4 1 1 1 3 1 3 2 2 1 2 3 2 0 1 1 2 2 2 5 0 1 0 3 1 4 3 2 1 3 0 2 1 2 2 2 0 1 1 3 2 4 1 2 4 0 2 2 2 4 2 1 1 2 1 2 2 1 6 2 1 0 2 1 4 3 2 2 4 1 1 3 2 3 1 4 3 1 0 5 3 3 2 2 4 3 4 3 1 2 2 1 0 3 1 2 0 3 0 10 3 7 2 1 1 3 0 2 3 1 2 1 3 1 0 2 3 1 2 2 3 2 2 2 3 0 2 3 2 2 3 1 2 3 1 0 1 1 0 3 1 3 1 2 4 2 3 3 3 1 2 4 0 0 2 1 5 4 1 2 2 2 0 3 1 1 3 2 4 2 1 1 1 1 2 6 0 3 5 5 2 2 0 1 0 2 2 1 1 4 2 1 3 1 1 3 3 1 0 3 0 2 2 2 2 4 2 2 2 0 2 0 1 3 2 1 3 2 2 2 1 1 3 1 3 0 2 3 1 2 0 1 3 3 5 4 2 1 2 3 2 0 3 0 2 3 1 1 1 3 2 2 3 0 5 2 2 2 1 1 2 2 1 1 4 2 2 0 1 2 1 6 2 1 2 2 1 2 4 1 1 2 3 1 1 2 4 0 2 0 3 6 2 0 3 2 1 2 3 1 1 3 0 3 4 4 1 1 0 2 5 2 1 2 1 4 2 1 2 3 4 0 2 1 3 0 3 2 2 2 3 1 1 2 1 3 2 1 2 2 1 3 6 1 2 0 0 2 1 3 1 2 0 0 3 5 4 2 4 0 2 3 1 2 2 2 3 3 3 4 1 0 0 1 1 2 2 3 0 2 3 1 2 2 1 1 3 2 1 3 2 3 4 2 2 1 3 3 1 7 4 3 1 1 1 0 0 0 3 2 3 2 3 3 3 0 2 3 1 1 3 2 3 0 1 2 2 3 1 3 3 2 0 1 4 1 1 4 2 1 2 1 3 4 1 6 0 6 1 1 1 4 1 1 1 3 4 2 0 2 4 3 1 1 3 1 1 2 2 2 1 3 1 0 1 0 0 1 2 0 2 3 1 2 1 0 3 1 1 3 2 3 4 0 1 2 2 0 3 2 1 2 2 3 2 2 3 1 1 2 1 2 2 2 0 2 1 1 2 3 0 3 2 1 0 1 5 3 3 2 6 3 1 1 2 1 0 3 2 4 2 0 0 2 3 0 1 2 1 3 1 1 1 2 1 3 3 0 2 2 3 1 1 5 1 5 1 0 2 2 0 4 2 1 5 2 2 3 1 0 1 5 3 4 5 1 2 1 3 2 0 1 0 2 0 1 0 6 1 1 2 2 1 3 0 0 1 2 3 2 3 1 6 2 2 1 5 2 4 3 4 1 2 1 2 3 2 2 1 0 3 2 2 3 0 0 2 2 3 0 3 2 1 1 3 4 3 1 3 2 2 0 2 4 3 2 2 0 2 1 5 1 1 0 2 0 0 2 4 3 1 0 2 5 0 3 1 2 3 1 2 4 0 2 1 2 2 1 3 3 4 2 2 1 2 1 4 3 0 1 3 2 1 1 1 0 1 2 1 4 2 1 3 1 1 5 0 2 4 0 1 0 0 2 3 0 2 4 2 2 1 2 1 0 0 5 2 0 0 0 1 4 3 4 1 3 0 3 2 2 0 1 2 2 0 1 1 0 1 3 1 1 1 2 3 7 2 1 1 1 3 0 2 4 3 3 3 1 3 1 0 4 0 4 0 3 0 4 2 1 2 2 0 1 1 4 4 2 1 0 1 3 3 0 5 1 2 1 2 3 1 2 5 3 2 2 0 1 6 1 1 1 2 2 1 2 6 5 3 3 3 0 1 1 1 3 2 4 1 2 2 0 0 3 1 4 2 2 2 1 4 2 5 3 3 1 3 1 4 2 1 2 2 0 1 3 2 0 1 2 1 1 4 1 1 1 1 1 2 4 2 3 1 2 1 2 2 1 2 4 4 2 3 3 4 2 2 1 0 0 4 2 3 0 4 0 2 1 3 1 3 3 2 1 0 3 2 1 6 2 6 1 0 1 1 2 1 3 1 2 2 2 4 3 1 2 1 2 1 3 1 3 1 2 0 7 1 1 5 0 2 4 3 4 2 2 3 2 0 2 1 2 1 1 5 3 1 2 4 1 2 0 1 4 2 1 4 0 2 1 2 5 1 0 2 1 4 3 1 3 0 2 2 3 3 0 4 3 3 1 1 3 2 2 3 1 2 2 1 5 4 2 3 1 2 0 2 5 4 3 3 2 0 1 1 1 2 3 3 0 1 1 3 3 2 2 3 2 1 4 3 0 1 1 2 2 1 2 3 2 3 0 1 1 3 2 3 0 3 2 0 0 3 1 3 1 0 3 4 1 2 1 1 2 3 4 5 1 4 3 0 0 2 1 3 4 0 0 2 1 4 2 1 1 3 4 1 1 2 2 1 3 2 2 3 6 0 2 0 1 3 2 3 2 5 1 6 1 1 2 2 3 3 2 3 3 3 4 0 1 2 3 0 2 0 1 3 3 0 3 2 1 0 3 1 5 4 0 2 1 2 2 1 1 1 2 2 2 6 3 0 4 2 1 0 5 1 1 0 1 2 3 2 4 2 2 2 5 1 1 2 4 2 2 1 1 1 3 2 4 3 3 0 1 1 1 1 3 4 3 1 1 4 2 3 0 1 1 1 4 2 2 0 1 2 1 3 2 2 2 1 2 1 4 3 2 1 3 0 3 1 1 1 4 1 0 2 3 1 1 3 2 3 2 3 2 1 2 5 2 4 2 2 1 1 1 2 4 2 2 2 2 0 3 3 3 0 1 1 1 1 3 2 2 0 3 3 3 1 3 1 2 0 4 4 3 1 2 0 0 4 2 1 2 0 1 3 6 4 1 3 1 2 3 3 1 1 2 2 3 3 1 0 1 2 3 3 1 2 5 4 1 2 2 3 2 1 0 1 1 4 3 4 2 4 1 1 1 1 2 4 2 4 1 4 1 1 0 5 1 1 1 4 1 2 2 1 4 3 4 1 3 3 0 3 2 2 1 0 2 1 2 1 0 2 2 1 2 1 3 3 2 3 1 1 0 1 0 3 3 3 0 3 0 1 1 0 2 3 2 2 4 1 1 1 2 2 1 4 1 4 0 1 2 3 2 2 4 4 2 4 1 1 1 1 1 1 5 1 1 2 4 2 2 3 0 0 1 2 2 0 3 1 3 4 1 2 2 2 1 4 0 1 1 2 3 3 1 1 4 2 2 3 2 1 2 2 2 1 2 3 2 4 2 3 3 1 1 6 3 2 0 2 0 2 1 2 1 1 0 1 2 5 1 4 1 2 0 1 3 3 3 0 0 3 0 3 5 0 3 2 2 4 0 2 1 2 4 4 2 4 4 2 3 1 2 3 3 3 1 1 2 3 1 0 3 0 1 4 2 0 3 4 3 1 1 1 1 1 2 1 5 1 3 1 3 1 3 2 4 2 1 4 1 0 1 1 1 2 3 4 1 2 1 3 2 0 3 4 2 1 2 1 2 3 0 3 1 3 1 3 0 4 0 1 2 2 3 1 1 2 4 2 0 3 3 0 3 2 1 1 1 1 4 1 4 2 0 3 3 2 4 2 1 0 0 4 2 3 3 2 2 1 3 1 0 2 0 2 0 1 1 2 0 3 3 2 4 2 3 4 3 3 2 3 1 2 1 0 3 3 3 3 2 2 0 1 3 1 2 3 1 1 1 4 2 3 2 3 0 3 2 2 3 1 2 1 1 3 3 2 0 2 4 3 2 3 3 1 3 0 1 0 4 2 2 3 1 1 1 1 2 4 3 2 2 2 4 2 2 3 4 0 3 1 2 3 1 1 4 3 0 2 2 1 2 5 1 7 3 3 2 1 1 1 2 1 1 2 1 0 1 3 1 1 0 3 4 3 0 2 1 2 2 2 2 6 1 0 2 1 2 4 3 3 0 1 1 3 3 2 2 3 3 1 0 0 3 3 3 1 4 4 2 3 2 4 0 2 0 1 1 0 3 4 3 3 1 2 1 1 2 1 2 2 1 4 5 0 0 2 1 3 2 2 0 1 3 5 2 3 3 4 3 1 2 1 0 2 0 5 0 5 4 2 0 1 5 1 1 1 3 4 2 1 0 1 3 3 1 3 3 1 1 1 1 1 3 0 1 4 2 2 3 2 2 2 0 2 0 1 1 6 1 3 4 2 0 1 1 2 2 1 4 2 4 1 3 3 3 1 2 3 1 1 1 0 1 0 3 3 4 1 0 1 1 1 0 2 3 3 1 5 2 4 1 2 0 2 2 1 1 2 4 3 3 1 1 4 1 1 0 1 3 2 2 3 2 3 2 0 1 2 4 0 3 2 5 0 0 4 0 0 1 1 2 1 3 3 3 3 2 2 2 1 4 2 3 1 1 2 2 1 4 1 4 2 2 1 0 0 2 2 0 0 4 4 0 3 2 1 1 2 3 1 2 1 2 1 4 2 1 4 1 1 3 0 0 0 3 1 2 2 2 2 3 1 3 1 1 1 2 8 3 1 1 5 0 2 4 1 1 2 1 1 1 1 1 2 1 2 1 0 2 2 4 2 3 2 2 4 3 3 3 2 1 2 1 1 5 2 3 3 3 2 1 2 1 2 2 2 3 0 2 4 2 1 2 1 2 1 0 3 2 2 2 0 3 1 2 2 2 4 1 3 2 2 2 2 1 4 1 2 3 2 0 2 3 1 0 4 2 4 2 2 0 1 2 1 3 0 0 6 0 0 3 2 5 2 2 0 1 0 1 1 0 4 3 3 2 1 4 1 3 3 3 2 2 3 2 1 2 1 4 2 1 4 3 2 0 3 2 3 1 2 1 3 3 3 0 5 3 2 0 3 0 0 4 3 3 3 2 2 2 0 0 3 0 3 3 3 2 5 1 4 1 1 1 0 1 3 1 2 2 4 7 2 4 1 1 3 2 2 1 2 1 1 1 2 4 2 1 2 3 4 2 2 0 1 1 2 1 3 4 2 1 4 5 2 1 1 3 3 3 1 2 4 3 1 2 3 2 2 1 0 0 2 2 2 1 2 2 2 2 1 5 0 3 3 2 4 2 1 3 2 2 3 3 1 2 2 1 2 2 4 3 1 0 2 4 1 2 4 3 2 1 4 1 0 3 4 4 2 1 2 2 2 2 4 2 2 1 3 1 0 1 2 1 0 1 3 1 3 7 2 0 1 3 2 1 0 3 2 2 0 2 1 5 4 4 1 3 3 1 3 2 4 5 2 1 2 1 1 4 4 3 2 2 2 1 4 0 1 3 2 1 4 2 2 2 1 2 3 1 2 1 1 1 3 5 1 1 1 1 3 2 0 1 3 1 1 1 6 3 1 0 2 5 2 4 2 3 2 4 2 0 1 2 1 1 4 1 1 2 1 2 0 1 0 1 3 1 5 3 2 3 4 3 1 0 0 0 2 2 1 2 2 4 2 2 4 5 4 2 2 0 0 2 2 0 2 2 1 0 3 1 4 1 3 3 3 2 2 2 2 4 3 2 1 1 1 0 1 5 1 0 1 2 3 0 0 3 2 1 1 3 4 1 1 1 2 3 3 4 2 1 1 1 3 0 5 0 1 4 0 3 4 1 2 6 0 2 2 0 1 0 2 3 3 4 4 3 1 0 2 1 3 1 1 0 3 1 1 2 2 3 2 2 1 4 8 1 2 0 3 2 0 2 4 3 4 1 2 1 4 2 2 1 1 3 0 2 3 2 2 3 4 2 1 3 2 3 0 1 2 1 3 1 3 2 2 3 4 1 2 2 4 3 2 1 0 5 5 2 1 3 4 1 1 2 0 1 2 0 6 5 0 2 1 1 3 3 2 1 0 2 1 2 4 2 1 5 1 3 0 3 2 2 1 4 3 3 3 1 1 1 2 2 1 2 1 3 2 1 1 5 4 1 2 0 3 4 0 0 3 1 3 3 1 1 1 3 2 1 2 1 1 4 0 1 4 3 0 1 0 0 2 2 3 1 1 0 5 3 2 0 1 4 0 3 1 1 2 0 3 0 1 4 5 0 1 3 2 1 1 3 3 1 3 3 2 2 1 2 2 5 4 2 1 1 2 1 4 1 2 1 2 2 1 2 1 6 4 0 1 0 0 1 3 3 4 2 0 3 1 3 1 2 1 2 2 2 3 5 0 1 1 2 3 1 1 2 2 6 1 3 3 1 0 3 3 1 2 2 1 2 3 2 3 2 1 4 1 1 2 1 0 4 1 3 2 1 2 5 0 2 3 3 2 3 3 1 0 0 1 3 3 1 4 2 1 0 2 0 2 1 2 0 4 1 2 0 2 2 2 3 2 1 2 3 0 1 1 2 6 0 1 0 1 2 2 0 4 2 2 1 3 1 3 1 0 3 1 0 1 1 1 7 2 2 2 3 3 0 3 1 2 1 1 0 3 1 2 4 1 1 1 1 1 1 1 1 1 2 3 3 2 0 2 2 1 1 1 0 1 4 2 2 3 1 1 2 1 2 4 2 1 2 1 3 3 3 0 2 0 3 5 2 3 2 1 3 3 0 2 1 3 1 2 2 3 3 1 2 1 0 3 4 1 3 1 3 3 2 1 1 5 2 2 0 4 2 4 2 2 1 4 2 0 0 3 4 1 6 2 0 3 5 2 1 2 4 1 1 6 3 2 2 1 2 1 2 0 2 4 1 1 3 1 1 3 0 1 1 0 3 1 3 3 4 1 4 1 1 2 1 2 3 0 2 3 1 1 2 2 4 4 1 3 2 2 2 3 1 1 0 2 3 0 3 1 3 5 1 1 1 0 1 3 0 2 4 0 3 2 1 2 1 4 5 2 4 1 1 0 4 0 2 1 4 3 0 1 1 3 2 1 2 1 1 2 2 2 4 0 4 1 2 4 2 2 2 2 4 4 1 2 1 1 4 2 1 1 0 0 3 5 0 5 4 1 3 2 1 1 2 0 3 1 3 1 2 3 0 1 5 0 3 2 2 3 1 1 1 2 0 6 2 3 3 2 1 2 1 3 1 3 2 2 1 3 3 3 2 2 4 2 5 0 3 4 2 0 0 3 3 2 6 3 1 0 2 1 4 2 3 0 4 0 2 1 2 2 4 1 2 2 2 1 0 0 1 2 4 0 5 1 1 2 2 3 2 2 1 3 3 0 3 2 1 1 1 5 3 4 1 0 1 1 5 1 3 1 1 1 2 0 2 2 0 1 0 1 4 0 3 3 1 1 1 3 1 1 4 2 1 3 2 2 0 0 3 2 2 0 1 3 2 1 8 1 0 1 0 1 3 1 2 3 2 1 2 1 1 1 2 5 3 4 2 1 5 0 3 0 4 2 3 1 2 3 2 3 0 1 2 1 4 1 2 2 3 2 1 2 2 3 3 1 1 2 1 2 2 2 2 3 3 1 2 1 2 4 7 5 5 1 2 2 1 1 5 2 2 3 3 1 2 3 3 0 3 3 2 1 3 0 1 2 1 2 2 1 2 1 0 2 4 5 1 4 2 1 1 1 0 2 2 2 5 2 0 2 5 1 0 2 1 1 3 3 0 2 1 0 2 2 0 3 0 2 2 3 0 2 2 1 3 1 4 3 2 5 1 1 3 1 4 1 1 0 0 3 1 4 2 3 3 0 2 0 1 2 1 4 0 3 0 1 3 4 1 2 3 2 3 3 1 1 4 3 2 1 2 4 1 0 1 5 3 2 0 3 3 4 4 1 2 1 1 3 1 1 2 3 1 4 1 1 3 4 3 0 0 3 1 3 2 2 1 0 4 0 2 2 2 2 1 0 0 1 2 4 0 3 8 2 0 2 1 2 3 0 3 3 0 2 0 4 0 4 2 1 6 2 1 2 2 5 0 2 1 0 1 1 3 7 4 1 4 0 5 1 2 3 4 1 1 3 4 5 4 0 0 0 1 2 0 0 2 3 2 2 1 3 3 1 3 1 2 3 2 4 3 1 3 1 1 2 2 0 2 4 1 3 1 0 3 3 2 2 0 5 1 1 2 0 1 2 3 5 2 2 2 0 1 0 3 0 1 1 4 1 3 2 1 3 1 1 2 2 1 1 1 3 3 0 0 1 4 2 2 0 1 2 2 3 0 5 1 1 1 3 2 4 2 2 2 3 0 4 0 3 0 3 1 2 1 1 0 4 1 0 3 0 2 4 0 4 1 1 3 2 3 2 2 2 2 1 3 0 0 0 1 3 2 0 3 4 3 3 2 0 4 2 1 2 1 1 1 2 2 1 3 1 1 4 3 3 2 3 1 2 0 0 0 4 0 1 1 6 4 4 3 4 2 0 3 1 1 1 2 1 0 1 0 5 4 1 3 1 1 0 2 5 2 2 7 0 0 2 2 1 3 4 5 2 4 1 3 0 2 2 2 1 2 0 1 1 1 2 0 2 5 1 3 3 1 2 2 0 5 1 2 1 4 3 3 3 0 2 1 1 3 3 2 3 4 1 1 2 3 1 5 1 1 2 3 0 2 2 2 1 5 0 3 1 3 1 3 2 1 3 3 4 0 2 5 0 6 2 2 1 2 3 0 0 1 1 0 6 2 0 4 2 3 2 0 2 2 1 6 4 2 1 1 0 1 1 1 2 0 1 3 1 3 4 2 8 0 3 1 1 0 5 3 3 2 0 3 3 3 1 3 3 1 2 2 1 1 2 4 2 2 4 3 3 1 1 3 1 2 0 4 0 3 4 2 5 2 2 4 2 3 2 5 0 2 1 1 0 2 3 1 2 3 3 1 0 3 3 1 2 0 1 2 4 1 0 1 2 1 5 3 2 2 2 2 4 3 1 3 4 4 1 1 2 0 3 3 2 1 1 1 2 1 2 0 2 2 2 1 3 0 2 1 3 4 5 2 1 4 2 3 0 1 5 2 0 2 3 2 2 2 3 4 1 2 2 0 1 0 3 4 2 0 1 3 3 2 1 4 0 4 4 3 3 2 2 2 3 3 3 2 2 3 4 2 4 1 1 3 0 2 3 3 1 1 1 3 3 1 3 2 1 1 2 1 2 1 4 2 2 1 5 3 2 2 1 2 1 0 2 3 1 3 4 3 2 2 3 2 1 1 6 2 4 4 1 0 2 4 1 1 1 2 1 2 2 1 2 3 1 4 0 1 1 1 2 3 3 3 4 2 4 2 2 0 2 1 5 1 1 3 1 1 2 1 2 1 1 1 1 2 1 3 0 1 1 4 3 2 1 2 5 2 1 1 0 1 2 0 2 4 1 2 1 1 3 4 1 0 0 1 1 1 4 3 1 1 3 0 3 0 0 3 0 2 2 2 1 2 4 5 1 0 4 2 4 1 3 2 0 1 2 1 1 0 1 1 5 2 3 6 1 1 0 2 3 1 0 1 2 2 3 3 3 2 0 2 2 0 0 2 0 2 3 3 1 1 4 1 3 3 1 1 3 1 6 0 2 2 2 2 2 2 1 1 2 2 2 2 3 3 0 3 3 1 3 1 1 3 0 0 0 2 1 2 2 2 1 1 0 4 2 1 1 1 4 5 1 1 2 3 1 2 1 2 3 3 4 1 3 2 3 1 3 3 1 2 1 0 2 1 3 3 4 3 0 4 1 1 3 2 6 3 1 1 1 2 2 0 2 5 2 2 0 1 1 4 2 2 2 3 1 0 1 2 0 4 3 2 2 1 1 2 1 6 2 1 1 1 2 1 1 5 0 1 2 0 5 3 5 4 4 1 2 2 3 0 0 2 1 2 3 2 4 4 1 0 2 0 1 2 3 0 0 2 1 4 0 1 0 1 1 0 1 3 3 2 0 1 3 1 0 0 4 3 1 2 3 1 2 2 1 1 2 2 0 5 2 2 6 1 1 0 3 3 2 1 0 3 1 3 1 1 1 1 2 0 2 0 3 2 5 2 0 2 2 0 2 3 2 3 1 3 1 0 4 5 0 0 3 2 0 1 2 3 2 2 0 5 1 1 2 1 1 2 0 1 2 2 2 2 2 3 1 2 1 3 4 2 1 3 3 2 1 2 1 2 5 1 2 3 1 1 1 4 2 2 2 0 3 1 3 0 1 2 2 4 1 2 2 2 3 4 1 2 2 1 4 1 1 2 1 2 2 2 2 4 3 4 1 2 2 0 3 1 1 1 1 1 1 2 3 5 2 1 2 2 1 3 2 2 2 0 1 2 3 1 1 2 6 1 2 2 3 2 1 2 4 2 3 4 0 1 4 1 4 1 2 6 2 4 2 1 1 5 4 2 0 4 3 4 1 2 3 1 2 0 3 2 1 2 1 1 3 2 1 2 1 0 1 2 1 3 3 2 0 2 0 2 3 3 4 1 3 0 0 0 2 2 4 0 2 0 3 2 1 1 2 3 2 1 4 4 2 4 1 1 3 3 1 3 1 2 2 0 3 3 1 4 2 2 1 1 2 2 1 3 2 0 4 2 1 2 4 0 1 2 2 1 3 0 1 0 1 4 5 1 2 1 1 5 1 2 3 3 3 1 2 1 2 1 2 0 1 2 1 3 4 1 2 4 1 2 1 5 0 1 0 2 1 1 1 1 3 2 1 1 1 4 2 0 2 4 0 3 4 0 3 2 1 1 3 3 2 4 2 4 3 1 1 2 2 3 1 2 3 0 1 4 4 1 0 3 1 2 2 2 1 2 4 0 1 1 2 4 3 2 3 1 1 1 2 2 2 2 5 5 2 1 3 0 2 2 5 1 3 2 5 0 2 4 2 2 4 1 3 1 2 0 2 2 2 2 4 0 2 1 1 3 3 2 0 1 0 2 1 1 1 1 2 4 4 2 2 1 0 0 2 2 0 0 1 3 1 2 2 3 1 1 0 0 1 3 2 5 2 3 1 1 2 2 3 4 3 0 1 2 1 2 1 1 2 0 2 2 1 2 0 3 3 1 2 4 2 3 1 4 0 3 2 2 1 2 3 3 1 3 0 3 1 2 1 2 1 3 3 2 1 2 4 1 4 3 2 2 1 1 1 1 1 2 6 3 6 2 2 1 5 0 0 4 2 1 3 1 4 2 2 2 2 2 4 2 5 1 2 3 5 2 1 1 1 5 0 2 3 2 3 3 3 2 1 2 1 1 1 3 2 2 2 2 0 2 0 1 2 1 4 0 3 3 2 1 2 1 4 1 2 2 1 2 2 3 2 2 0 0 3 1 3 3 1 1 2 0 1 2 6 0 5 1 1 1 1 5 1 1 0 1 1 1 2 1 4 0 3 0 2 3 4 2 3 1 5 1 2 2 2 1 2 1 1 3 2 4 3 1 5 1 3 5 1 1 2 2 0 2 2 2 0 2 2 6 0 3 3 0 2 1 1 2 1 3 2 2 1 2 2 3 4 1 2 4 3 0 1 2 0 1 2 1 4 5 4 3 3 1 2 0 1 3 3 0 3 2 2 5 1 1 3 0 3 1 0 2 1 1 3 2 1 0 0 1 6 2 4 2 2 0 3 1 1 3 3 1 2 0 2 4 3 3 0 3 4 4 3 1 0 1 1 4 0 3 2 0 2 1 0 4 1 1 1 3 2 0 3 1 3 0 0 3 1 0 3 2 3 4 1 0 3 2 2 3 0 3 0 0 2 4 3 3 1 2 3 2 2 0 2 4 0 2 1 3 3 4 2 1 3 1 2 0 2 3 2 2 1 4 0 2 2 1 2 2 3 4 0 1 1 0 0 1 2 2 0 0 3 1 4 2 4 3 3 2 2 1 1 3 2 3 2 4 3 1 2 0 1 1 1 2 0 0 5 3 3 3 3 2 1 0 4 2 1 0 2 1 0 3 1 2 3 1 0 2 2 2 4 2 1 1 4 3 2 0 2 0 4 4 2 0 0 5 0 0 0 1 2 3 3 2 5 5 0 1 2 1 2 3 3 1 1 1 2 3 4 0 1 0 3 3 0 1 5 3 3 2 2 3 2 0 1 1 1 3 1 4 3 3 3 3 2 5 2 0 0 0 2 2 2 2 1 2 0 4 5 0 3 1 2 2 1 4 1 1 1 2 1 1 1 2 2 1 2 1 0 2 1 2 3 2 0 0 2 0 2 1 1 2 2 4 2 4 5 1 2 0 2 2 0 1 1 1 4 2 1 4 0 2 0 1 2 3 2 0 2 4 2 1 2 2 1 2 2 3 2 0 3 2 3 2 2 1 1 2 1 2 3 0 1 2 0 4 1 3 1 3 3 4 0 1 2 2 4 1 0 1 2 4 1 3 2 3 1 1 2 1 0 1 3 3 1 2 2 4 3 0 0 0 1 0 1 5 3 2 1 2 2 4 4 1 0 0 4 0 1 1 1 4 0 2 2 1 4 2 2 1 3 1 3 4 4 0 3 1 2 3 0 3 1 2 3 1 1 1 1 4 3 5 2 0 1 3 3 3 1 1 2 4 1 1 1 1 2 2 2 1 2 2 1 5 4 1 1 2 3 4 1 2 1 3 2 3 2 5 5 1 1 3 0 1 3 2 4 2 1 1 3 2 0 0 3 2 0 3 3 4 3 3 1 1 1 2 1 1 2 2 2 2 2 1 2 0 2 3 2 3 3 0 3 3 2 1 3 2 2 5 0 1 2 1 2 7 3 2 3 2 2 3 1 2 3 1 2 0 3 0 0 5 1 3 5 5 1 2 1 4 1 3 4 0 2 2 4 0 1 4 2 3 4 1 2 3 1 1 3 5 2 1 3 2 0 3 1 2 4 1 1 1 2 1 1 1 1 1 2 2 4 1 2 2 3 1 4 1 1 2 2 1 2 1 1 2 2 2 3 3 3 2 0 1 0 4 3 1 3 3 4 2 1 1 5 1 1 2 4 0 1 5 1 2 0 3 3 2 2 2 0 3 1 3 0 1 4 4 1 1 1 1 2 2 0 3 3 5 2 3 0 2 3 2 2 2 5 3 3 1 2 1 1 1 6 1 2 3 2 2 0 1 4 3 2 2 2 1 2 2 3 1 2 2 3 5 0 2 1 0 0 2 2 1 2 2 3 1 2 3 1 3 2 2 2 2 3 2 4 2 1 0 2 3 1 7 2 0 3 0 2 3 1 5 2 0 3 3 2 1 4 0 1 0 3 2 1 3 3 1 3 3 1 4 2 2 3 5 0 1 1 2 1 4 2 0 2 5 2 6 2 4 0 1 1 1 3 3 1 4 1 1 1 2 3 2 1 0 5 2 1 3 1 3 1 5 2 5 2 1 3 2 1 4 2 3 2 3 1 1 4 1 2 1 4 2 1 3 1 3 3 2 5 4 4 1 4 1 1 0 0 1 4 1 5 2 2 0 0 0 2 3 0 2 2 0 5 4 1 1 1 4 2 1 1 4 4 0 0 1 1 8 2 2 0 0 2 2 3 4 4 2 4 0 1 1 0 1 3 1 0 1 2 3 4 4 2 1 1 2 2 2 4 2 4 2 1 1 4 2 2 3 2 0 3 2 3 4 2 4 3 1 1 0 1 2 3 2 4 2 1 0 3 0 5 3 2 2 3 4 4 3 3 2 1 2 2 2 1 2 0 1 0 1 4 2 1 2 2 1 3 0 1 5 3 1 3 2 3 0 0 2 0 5 3 1 1 5 4 0 1 2 5 4 1 4 0 1 5 1 1 5 4 0 1 2 5 1 1 2 2 0 3 3 2 4 1 2 0 3 1 2 2 2 1 2 4 1 2 2 3 0 2 0 4 3 2 4 1 2 1 1 7 3 0 0 2 2 2 0 1 0 4 2 3 5 2 2 3 1 0 0 1 2 2 1 1 4 0 2 2 0 4 2 0 2 4 0 1 2 1 5 0 1 2 3 2 1 5 1 1 2 3 3 1 2 0 3 5 1 0 1 1 1 2 2 4 3 3 0 1 3 0 1 8 2 3 0 1 1 1 0 0 4 4 3 4 1 2 0 2 1 1 1 2 6 1 3 2 2 1 2 2 4 1 1 2 1 1 2 2 1 2 1 1 1 0 4 4 2 3 3 3 1 1 2 2 3 2 2 1 1 1 3 2 2 1 3 3 1 0 3 0 0 3 2 3 2 1 3 0 2 0 2 3 2 0 0 0 3 5 2 2 4 1 1 6 1 3 2 0 2 0 5 1 0 4 0 2 2 4 2 2 2 1 4 0 2 2 1 3 2 0 2 5 1 1 1 0 0 4 2 1 2 2 2 3 1 3 3 2 0 1 0 3 0 2 4 2 5 2 2 5 3 1 2 0 1 4 0 0 6 1 3 1 1 1 3 3 1 1 7 0 3 4 0 1 1 0 2 0 1 4 1 6 3 0 2 1 0 5 2 4 3 0 5 0 2 1 1 2 2 2 6 1 1 5 3 2 2 1 4 3 1 3 1 1 2 2 3 0 4 0 6 0 0 2 1 2 3 2 5 2 5 1 1 2 3 3 0 1 2 2 1 3 0 1 1 1 0 3 1 2 4 1 0 1 3 1 2 2 2 2 0 0 3 0 2 1 2 4 0 3 0 1 1 5 2 1 0 3 5 0 3 2 2 2 2 2 1 2 1 3 2 1 2 1 4 1 3 3 2 1 1 1 3 2 3 3 1 2 3 0 3 1 3 1 2 3 0 0 4 2 1 0 3 0 6 0 1 1 3 1 2 4 1 3 1 1 0 7 1 4 0 5 2 2 2 2 2 3 1 3 1 0 2 2 1 3 7 0 3 0 0 1 4 1 2 0 4 1 2 4 4 1 0 1 1 0 2 2 1 5 3 2 1 0 2 0 2 1 1 2 1 4 2 4 1 2 5 2 3 5 0 2 3 3 5 3 0 0 3 4 3 0 2 0 1 3 4 2 1 0 2 2 5 5 1 1 2 4 2 0 1 1 1 5 2 2 2 2 0 3 0 2 1 1 3 3 0 2 1 1 2 2 0 0 1 3 1 0 2 2 2 4 4 2 2 3 3 2 0 2 2 2 1 1 2 1 1 2 0 3 2 1 1 3 2 1 0 1 0 3 3 0 4 2 3 1 0 2 4 3 1 2 2 1 0 1 3 1 1 5 3 2 2 1 4 5 1 1 2 1 2 3 3 2 2 1 0 2 2 4 3 1 1 5 2 1 0 0 2 1 1 4 0 2 0 2 3 5 3 3 0 1 0 0 4 1 4 0 1 4 0 0 2 0 3 4 0 3 4 2 2 1 1 3 1 2 2 1 2 2 4 1 3 2 2 2 2 0 2 4 1 2 0 3 4 1 2 3 4 1 3 1 3 2 3 1 4 3 0 2 0 2 1 3 2 3 2 2 2 1 1 2 0 4 5 1 0 1 2 0 2 2 3 2 2 3 0 2 2 3 0 3 3 0 1 1 2 5 1 2 5 3 2 1 4 0 1 1 1 3 4 1 4 1 4 4 2 3 0 1 0 1 0 2 3 2 4 1 2 2 0 2 1 2 3 0 3 1 0 2 2 2 0 2 3 0 4 3 3 1 4 0 1 1 4 1 1 3 1 1 2 2 4 3 3 2 5 2 4 1 1 3 2 1 1 3 3 2 2 3 4 0 0 4 1 1 1 2 6 2 3 3 1 2 2 1 2 1 1 3 2 2 1 5 2 1 3 3 2 1 0 0 2 1 2 1 0 2 1 2 3 0 4 4 1 1 0 1 3 2 1 4 4 0 1 1 3 1 0 0 3 2 2 3 2 0 2 3 2 0 2 5 1 3 2 2 2 1 3 3 0 3 4 1 0 3 0 3 4 0 1 2 1 3 2 0 6 2 2 2 1 0 3 1 3 2 2 4 0 0 3 2 0 3 1 2 2 0 3 3 2 2 4 0 4 0 1 1 2 1 4 2 3 0 1 3 2 4 2 6 0 3 4 1 2 4 2 0 2 1 3 3 2 2 2 1 1 2 1 0 1 3 2 1 1 3 1 2 2 0 0 0 5 2 1 1 5 1 3 1 4 2 2 1 1 0 0 0 2 3 0 4 2 3 3 0 7 1 0 1 1 2 2 0 2 0 2 3 0 3 2 1 3 4 3 1 2 0 0 4 0 0 3 1 0 2 6 4 0 2 1 2 3 2 2 1 2 2 1 1 3 4 1 0 3 1 2 0 4 0 3 1 2 2 2 1 1 4 5 1 1 1 1 1 1 1 1 3 1 1 3 2 0 3 1 0 1 3 3 3 0 1 1 2 2 1 3 2 2 1 0 2 4 6 3 3 1 0 1 2 5 1 0 3 2 4 2 4 1 1 3 2 5 1 0 4 1 3 3 1 1 1 1 2 3 1 1 4 5 1 4 0 2 2 3 1 2 4 2 1 3 2 2 4 1 2 1 2 3 1 3 1 1 2 1 2 1 3 1 2 2 5 2 3 1 1 3 1 1 0 3 4 2 0 0 0 1 1 2 5 2 3 1 1 1 2 0 3 1 6 4 1 2 1 1 3 2 5 2 3 3 0 5 3 0 2 3 2 2 1 1 1 2 1 3 6 4 6 4 2 3 0 0 3 2 0 3 3 0 2 2 1 2 4 2 3 1 2 1 3 1 2 2 1 4 2 2 1 4 1 1 1 1 2 2 3 2 2 1 2 1 1 2 3 2 1 3 2 1 1 4 3 4 2 1 2 5 0 2 2 4 1 2 2 3 2 6 2 0 1 0 2 2 2 1 3 3 3 1 0 4 1 2 1 3 2 3 1 1 4 0 0 6 4 0 2 1 3 3 0 3 2 5 0 5 0 3 0 4 6 0 2 5 1 2 2 1 2 0 5 2 3 1 1 2 3 0 1 4 2 1 3 2 3 5 3 0 1 1 2 0 2 0 2 6 2 2 0 2 1 1 3 2 5 3 2 1 0 3 3 0 3 2 2 4 3 1 2 1 4 1 0 4 0 0 3 2 2 2 1 1 1 2 4 2 1 4 2 1 3 3 2 1 0 2 0 1 2 0 1 1 3 1 2 5 4 1 3 1 2 1 2 4 4 1 2 3 3 0 3 1 2 2 2 1 1 0 2 1 1 2 2 4 1 0 4 3 1 1 0 0 4 3 1 2 0 2 5 0 1 1 1 1 2 2 3 0 2 2 1 1 0 2 1 2 0 0 2 3 3 5 1 4 1 3 2 0 3 2 3 3 1 1 0 2 3 1 0 2 0 0 0 6 2 3 2 1 1 3 2 3 6 0 1 5 0 2 1 4 3 3 3 0 1 3 0 4 1 4 0 6 3 2 1 2 1 5 0 1 0 1 1 2 3 2 2 2 2 2 2 3 3 1 1 4 2 1 4 0 0 0 1 0 2 2 3 3 3 4 1 2 0 1 3 2 1 3 3 2 1 1 1 1 2 1 4 1 4 2 3 3 1 2 4 0 1 3 4 1 3 0 0 1 3 1 3 2 0 3 1 2 4 2 5 2 0 2 2 3 2 3 0 0 1 4 3 1 2 2 2 4 1 1 4 2 2 2 2 2 2 2 2 0 1 2 3 2 2 0 0 2 2 2 4 3 1 0 4 0 5 0 0 3 1 1 5 0 3 3 4 0 3 0 1 1 2 1 1 0 3 1 2 5 3 0 1 3 1 2 2 4 0 0 1 2 3 1 2 1 2 4 1 3 4 3 2 1 7 2 2 0 3 2 0 2 4 1 3 3 1 0 0 2 2 2 2 6 2 1 5 0 2 2 4 1 0 1 2 0 1 2 3 2 5 1 3 4 1 1 3 4 1 2 1 1 0 2 3 2 3 1 2 1 2 1 0 2 1 2 4 3 1 2 2 2 4 1 4 4 1 0 2 5 1 2 2 2 1 1 2 3 2 3 3 2 0 2 0 2 1 2 4 4 3 4 2 2 2 1 1 1 0 2 1 3 0 4 1 4 2 3 0 1 0 0 0 4 2 5 2 1 3 1 1 3 3 1 0 0 2 2 3 0 1 0 0 2 1 1 3 1 6 1 4 2 1 4 2 2 1 0 2 2 0 3 3 2 1 5 3 4 1 1 3 2 2 2 0 3 4 3 2 3 0 1 3 0 0 3 2 4 1 3 1 4 2 1 5 2 1 2 1 2 3 1 3 0 4 3 3 2 2 3 4 1 0 3 3 1 1 2 0 1 1 3 3 2 2 3 0 1 2 2 3 2 4 2 0 4 1 2 2 0 2 0 0 3 2 1 3 3 3 0 1 1 4 1 3 2 2 4 1 2 1 0 5 1 1 2 1 3 2 4 3 2 0 4 0 1 3 1 3 1 2 2 1 2 1 4 4 2 2 3 4 2 2 1 3 4 0 1 1 0 0 1 3 3 1 2 1 0 4 4 1 0 2 3 4 2 2 2 0 2 0 3 3 2 1 3 1 2 1 0 3 5 1 2 0 1 3 2 1 4 4 1 0 3 2 2 2 0 4 0 4 2 2 3 4 3 2 3 2 1 1 3 3 2 1 4 2 4 1 3 4 2 3 5 0 1 2 1 0 1 1 1 0 2 4 4 5 2 1 1 4 1 0 2 5 3 3 3 3 3 3 1 3 2 0 1 1 2 3 3 5 2 1 1 2 3 1 0 3 0 0 5 0 1 0 2 3 2 3 3 3 1 2 1 1 1 1 0 2 0 1 4 4 1 2 0 3 2 2 0 1 2 2 4 4 1 0 1 2 3 4 2 0 1 0 3 3 0 1 0 1 3 2 3 4 3 1 0 2 2 1 3 1 4 1 3 1 0 1 2 2 2 2 1 5 0 2 4 3 3 4 0 3 1 2 2 3 3 1 0 2 2 2 3 3 1 1 3 2 1 3 3 4 3 1 2 0 1 1 3 1 2 2 3 9 1 2 1 3 1 3 1 2 2 2 0 3 2 1 1 3 1 2 5 0 3 2 1 3 2 2 2 5 1 1 2 2 5 3 1 1 2 0 2 2 2 1 1 3 1 1 1 2 1 0 0 1 3 3 1 3 3 5 0 1 3 0 0 1 1 3 2 0 3 1 1 1 1 0 2 1 3 1 1 3 2 2 3 4 2 0 1 0 0 1 2 2 1 2 4 2 1 2 3 3 0 1 2 2 0 0 2 3 1 1 2 3 1 2 1 1 3 3 1 1 1 4 0 1 1 2 2 1 2 1 2 4 2 3 3 4 0 2 1 2 1 4 4 2 3 2 1 2 2 5 0 2 1 3 3 2 1 3 8 2 3 0 2 2 0 1 2 3 1 0 3 1 2 1 1 4 2 4 2 2 4 0 1 1 0 3 3 3 1 2 4 1 1 3 4 1 0 1 2 3 2 3 2 0 3 5 3 1 1 2 2 4 0 0 1 3 2 0 3 1 2 4 4 1 3 1 3 1 3 0 2 2 2 1 2 1 1 0 0 2 4 1 1 4 3 3 0 3 3 1 5 1 2 3 1 2 4 2 0 0 2 3 0 2 1 3 1 4 1 2 1 4 2 0 2 3 1 2 2 1 2 2 4 3 3 4 2 0 1 0 3 3 2 1 2 0 1 1 1 1 3 3 1 5 2 2 2 1 2 2 1 4 1 3 2 2 4 1 3 4 0 2 0 1 1 3 2 4 1 2 2 2 2 2 1 0 2 2 6 1 2 2 1 1 1 2 2 1 3 4 2 0 0 0 1 3 2 0 1 1 3 0 3 1 2 2 2 2 3 2 1 1 1 1 3 0 3 2 2 3 4 2 2 2 5 0 3 5 1 4 1 0 1 0 2 4 0 3 2 3 4 1 1 4 2 1 4 4 3 2 0 1 0 2 6 0 1 2 3 2 3 0 2 1 7 1 5 0 2 0 1 1 0 4 2 2 3 3 3 1 2 1 6 2 4 4 0 4 3 0 0 0 1 1 1 2 3 2 1 2 2 6 4 2 0 2 2 3 1 2 0 0 2 0 3 2 3 6 1 5 1 5 1 2 1 3 1 4 2 1 3 3 2 1 3 3 3 2 3 2 1 4 1 5 3 2 1 5 3 1 1 4 1 2 1 1 5 2 5 4 2 1 0 1 3 3 1 1 1 1 5 5 4 2 2 1 4 1 2 4 1 1 0 2 2 0 2 2 2 3 2 3 1 0 1 2 1 3 3 2 4 0 1 2 0 1 3 6 4 2 4 1 4 1 2 2 2 1 1 2 1 2 0 1 4 3 0 3 0 0 2 2 0 4 2 2 1 2 3 4 2 0 0 2 1 3 0 2 2 1 4 0 1 2 2 1 0 4 3 2 1 1 4 2 4 1 2 0 2 3 2 5 1 2 4 2 5 0 1 1 3 2 1 1 1 1 1 2 3 2 3 1 4 4 1 2 3 1 1 1 2 1 2 3 2 2 1 3 2 2 0 2 1 2 1 0 1 3 3 1 1 3 0 4 2 0 1 2 3 1 2 2 0 0 1 3 2 0 3 1 2 2 4 3 2 0 1 2 2 7 0 2 2 2 1 3 3 1 2 2 3 0 4 1 0 2 4 2 3 3 4 1 1 1 1 3 2 2 1 2 3 0 3 2 2 3 5 1 3 1 3 3 1 1 0 4 2 1 2 1 2 1 1 2 1 4 3 2 0 2 3 5 1 0 0 3 0 3 2 2 0 2 1 2 0 2 1 1 2 2 6 2 1 3 3 1 4 0 1 1 3 2 2 1 3 1 0 2 1 0 2 3 1 2 3 3 3 1 1 0 0 1 4 2 0 2 0 1 1 5 0 6 3 0 2 2 2 0 2 4 2 2 0 3 0 4 4 4 1 4 1 1 3 1 1 1 1 1 2 0 4 1 3 5 0 1 5 1 3 0 1 1 2 2 3 2 0 2 1 1 1 3 0 0 1 4 5 2 3 3 2 1 1 0 0 1 3 4 1 5 1 2 2 1 4 1 1 1 5 2 1 1 2 3 3 4 2 2 5 1 1 0 3 4 2 1 3 1 1 0 3 3 1 1 1 5 2 1 1 4 1 4 2 2 1 0 2 2 3 2 2 1 0 3 0 3 2 1 2 0 0 1 3 4 2 2 2 3 2 5 1 0 1 3 2 0 1 4 2 2 1 3 0 4 2 4 1 4 1 1 1 0 5 2 2 1 1 4 1 3 6 2 1 1 0 2 1 0 1 4 4 0 1 3 1 1 3 4 0 1 2 1 1 2 1 4 3 1 1 4 3 2 3 1 0 0 3 1 4 1 1 1 2 2 3 3 1 4 1 0 2 5 0 2 2 2 1 2 2 3 0 1 1 1 4 1 3 5 1 4 1 2 0 3 0 3 2 1 4 4 1 2 5 2 3 1 1 1 4 2 2 1 2 4 4 4 3 2 2 3 1 2 2 4 1 1 1 4 2 0 2 1 2 3 3 4 3 2 3 1 3 1 3 0 3 2 1 2 1 3 4 4 0 1 0 1 2 1 2 5 0 1 2 4 3 4 1 5 0 0 2 1 2 0 1 4 2 2 0 0 4 2 1 1 6 1 2 4 2 1 2 1 0 1 4 1 2 2 2 2 2 1 0 2 2 1 2 3 1 3 2 1 2 2 2 1 3 4 1 2 2 2 1 2 5 0 2 2 0 2 1 4 0 3 0 2 4 1 0 2 1 2 1 6 1 2 3 1 1 1 1 1 2 1 3 1 3 1 0 2 2 0 2 1 2 2 2 3 5 3 0 0 6 2 0 2 1 1 1 4 2 1 1 4 1 2 2 1 1 2 0 4 2 4 1 4 2 2 1 2 3 2 2 1 3 2 3 5 1 2 1 0 2 2 1 4 3 3 2 2 2 3 2 4 3 3 0 1 5 2 1 2 1 4 3 2 1 2 2 2 4 2 2 4 3 2 1 3 1 0 0 2 1 1 2 2 4 1 2 3 0 2 2 1 2 1 0 2 4 2 0 2 2 3 2 1 3 3 2 4 2 0 1 3 3 1 3 2 1 0 2 2 3 0 3 2 0 2 1 2 3 1 3 1 2 0 2 4 4 2 0 1 1 1 3 2 0 3 0 0 1 0 5 5 2 2 2 4 1 3 2 3 1 4 1 0 1 3 0 3 1 2 1 3 3 2 1 0 3 3 2 1 1 2 2 3 2 3 1 2 3 2 3 1 2 2 2 0 1 3 4 4 2 3 4 3 1 1 2 2 3 1 1 3 3 0 0 3 0 1 3 0 4 0 1 1 1 3 2 6 3 1 2 5 0 3 2 1 0 0 2 0 5 2 5 4 0 2 2 1 2 2 2 2 3 0 1 1 1 1 2 1 2 0 0 3 4 3 2 2 3 3 1 0 3 2 0 0 1 2 1 2 4 5 3 1 3 2 0 2 1 5 2 4 2 2 1 4 2 1 2 3 4 1 1 4 2 2 2 2 2 1 4 5 2 1 2 2 0 1 0 2 2 1 1 2 1 2 0 1 1 2 3 3 1 0 3 3 4 4 2 3 1 0 1 1 0 4 1 2 1 2 2 0 2 1 3 2 2 4 1 0 3 2 4 3 2 2 3 1 2 3 1 3 2 5 4 2 1 0 2 2 1 4 4 1 2 2 4 1 1 2 2 2 2 3 1 1 3 1 2 2 2 1 2 2 4 0 4 2 0 2 1 1 2 3 2 1 4 2 0 2 5 2 0 6 1 2 2 0 2 1 4 1 0 2 2 1 3 2 2 1 2 2 3 2 2 2 2 2 5 2 3 1 4 1 1 1 2 1 4 1 2 2 3 1 4 0 3 1 1 2 3 2 5 2 2 3 2 0 3 2 4 3 1 0 0 0 3 1 5 2 3 3 3 0 0 3 3 0 2 2 2 6 0 1 1 3 1 3 2 2 2 2 0 2 3 3 0 4 5 0 1 2 3 2 1 2 2 6 1 0 3 0 6 2 3 2 3 0 2 2 3 2 1 5 1 2 2 1 2 0 1 2 1 1 4 1 2 3 1 6 0 0 2 2 3 1 1 4 3 3 2 2 2 1 1 5 2 2 1 1 3 2 2 2 2 3 2 3 3 5 0 2 3 3 0 3 2 4 2 3 2 2 5 0 2 4 2 2 1 0 2 1 3 1 1 1 3 0 6 2 1 6 2 5 2 2 2 1 3 3 3 2 4 3 2 2 0 2 1 0 2 3 1 1 2 2 1 1 0 1 4 0 2 2 4 5 2 1 0 1 1 2 2 5 2 0 1 3 1 3 1 3 2 2 1 3 2 3 2 0 1 3 4 3 1 2 4 1 1 2 1 1 0 2 3 2 2 2 1 0 2 1 1 4 4 3 2 2 1 1 2 2 1 1 1 3 2 4 2 0 2 2 6 3 1 0 0 3 1 1 3 5 2 0 3 1 0 2 3 1 3 3 1 3 3 2 2 1 1 2 2 2 1 0 1 2 2 3 4 3 0 3 3 2 2 1 2 2 1 2 1 2 1 1 2 1 1 3 5 0 3 1 2 1 2 3 2 5 1 1 0 2 3 1 2 1 1 5 4 0 6 4 3 0 2 1 1 3 2 1 3 1 2 4 2 1 0 2 1 4 2 3 2 0 3 2 4 1 0 7 4 1 2 4 5 1 4 4 3 1 0 2 2 0 2 2 2 2 4 0 2 2 0 3 3 2 4 0 1 4 1 2 4 0 4 4 4 3 0 1 3 2 3 1 1 5 0 1 5 1 4 2 2 0 2 1 4 2 1 3 4 2 2 1 2 0 1 3 3 1 2 1 4 2 3 3 4 3 1 4 0 3 4 2 0 2 1 1 4 4 5 3 1 2 1 4 0 3 0 1 1 2 3 1 1 2 4 0 4 3 1 0 2 0 2 1 3 1 3 3 2 2 1 1 0 3 1 3 0 2 0 2 3 2 3 0 1 3 3 0 7 1 2 1 1 1 0 0 1 1 4 6 2 2 3 2 2 1 1 2 5 2 0 2 2 1 5 0 2 5 2 1 1 3 1 0 3 4 0 1 3 1 0 3 0 3 0 1 1 2 2 2 3 3 1 1 3 2 1 2 1 3 0 1 3 2 2 1 2 2 0 0 3 1 3 3 2 2 2 1 2 5 2 0 2 0 5 4 2 1 0 2 4 1 2 2 1 0 3 1 1 2 3 2 2 3 3 2 1 2 2 5 1 2 2 0 0 0 2 2 5 2 1 1 2 1 3 1 0 0 3 5 3 2 3 1 1 1 2 3 4 1 1 3 2 2 4 2 2 3 4 1 1 4 1 3 3 0 2 2 2 2 2 0 2 2 2 0 2 1 2 1 0 3 2 1 3 3 5 1 1 0 0 1 3 3 1 3 4 2 2 1 3 2 2 0 3 0 0 2 1 1 3 2 3 1 1 2 0 3 4 4 1 1 2 4 1 3 1 1 0 2 4 2 0 0 0 0 1 4 5 0 1 2 2 1 2 5 3 4 1 2 2 0 1 2 4 1 3 1 4 1 2 0 2 0 1 1 1 3 1 3 0 3 0 4 2 0 3 1 3 1 1 1 3 1 1 0 2 4 3 3 2 2 1 2 2 2 3 3 0 0 1 6 0 5 3 4 0 1 2 1 2 2 1 1 5 3 0 1 1 0 0 3 2 1 2 6 2 0 3 1 3 3 2 1 2 1 0 2 1 4 0 6 0 2 1 4 2 5 0 0 1 3 1 1 3 2 3 5 1 4 0 4 1 0 5 1 0 2 3 3 1 1 1 0 3 0 1 2 2 2 4 3 1 4 2 2 2 3 0 1 4 1 2 2 6 1 2 3 3 1 2 3 3 1 2 2 1 2 2 3 2 1 0 1 5 2 1 1 1 6 0 4 2 3 3 2 2 3 0 2 0 0 2 0 2 1 0 5 1 1 0 0 2 2 0 2 4 1 1 1 1 4 0 5 4 1 1 2 3 4 0 2 2 1 1 3 4 2 2 3 1 1 2 2 0 3 0 2 1 2 0 1 2 1 1 2 1 2 4 1 1 0 2 3 1 1 2 1 4 4 1 1 3 3 0 2 2 1 0 1 3 2 1 2 4 0 1 4 4 1 2 2 1 3 4 2 4 3 3 3 2 2 1 2 2 1 1 3 2 1 2 5 3 1 1 1 2 2 0 1 4 5 3 2 2 2 1 1 4 4 1 1 5 2 2 1 4 3 1 3 1 3 4 1 0 2 2 5 0 1 2 2 2 2 1 1 3 4 2 3 1 1 1 1 2 2 3 0 3 1 2 3 2 2 0 2 2 2 2 4 1 2 1 4 1 2 2 1 0 2 3 3 0 0 2 2 1 2 1 2 2 1 0 1 1 4 2 2 2 0 4 1 3 3 1 1 2 4 0 2 2 4 0 1 2 1 1 1 2 2 2 1 1 2 2 1 1 3 1 2 0 5 1 1 4 2 2 0 0 3 3 5 4 2 2 6 1 0 3 4 1 1 0 1 0 0 1 4 3 4 1 0 0 5 4 3 0 0 2 3 2 2 2 2 2 2 1 3 2 2 3 4 3 1 2 0 1 2 0 2 1 2 1 1 2 2 1 0 5 2 1 4 0 1 3 1 4 5 4 5 0 2 2 1 7 1 1 2 1 1 2 0 2 4 0 2 1 4 2 2 2 0 2 2 2 5 1 2 0 1 3 1 1 2 3 2 4 5 3 1 1 2 3 5 2 3 0 1 4 2 1 1 1 5 1 1 2 1 1 1 2 1 3 5 3 0 0 4 2 1 0 1 1 4 1 2 2 3 1 3 2 2 2 2 3 1 0 3 3 2 3 1 0 1 0 5 2 6 4 3 1 2 0 2 2 0 3 1 1 2 0 3 1 3 3 2 2 2 7 3 0 3 1 2 2 1 3 1 4 4 0 2 2 0 3 4 4 3 3 3 1 2 1 1 1 4 2 2 1 2 3 3 0 4 1 3 1 5 2 1 0 1 3 0 5 5 1 2 0 1 1 1 1 3 3 1 0 3 2 1 4 1 3 5 3 2 1 0 2 4 4 1 2 2 4 1 3 1 1 2 2 5 4 0 1 1 3 1 4 2 1 2 1 1 3 4 4 1 3 2 3 3 1 0 3 2 1 1 2 3 5 2 3 2 3 4 1 3 3 1 3 0 3 1 4 1 2 0 1 3 3 0 0 2 3 4 5 4 2 3 1 1 0 1 4 4 0 3 2 1 3 0 2 5 1 1 1 0 2 2 2 2 2 5 2 5 0 0 4 2 2 4 1 2 1 2 2 2 1 3 1 2 3 1 0 2 2 5 2 1 5 1 1 2 2 4 2 3 3 1 0 3 1 1 1 1 3 0 1 4 5 3 2 1 1 0 4 1 1 2 0 2 2 1 3 0 3 3 2 0 3 3 1 2 4 3 3 4 3 3 2 2 0 3 3 2 2 0 1 1 1 2 1 1 2 1 2 3 5 2 1 1 3 2 3 4 2 2 3 1 2 2 3 2 4 2 3 2 1 4 1 2 2 3 1 3 2 3 2 2 3 2 2 1 0 1 2 0 4 3 0 4 3 2 1 1 1 2 2 0 3 3 3 1 1 3 0 2 4 1 4 0 1 4 1 1 3 2 4 2 2 4 0 0 0 4 0 2 1 1 0 2 3 0 5 1 4 1 2 4 4 2 2 1 2 1 1 0 3 1 2 3 0 2 2 2 1 7 1 2 2 4 3 1 1 1 0 0 1 2 1 3 2 1 2 4 3 5 2 1 2 2 1 2 1 9 3 2 2 2 0 1 0 0 1 2 3 0 1 2 3 1 1 2 1 1 0 2 1 3 2 3 1 3 1 1 1 2 2 2 5 6 0 4 2 2 2 1 1 1 1 0 2 4 2 2 1 3 1 0 2 3 1 3 0 4 4 3 1 2 3 2 0 1 3 2 4 0 3 2 2 2 2 0 4 2 3 3 1 1 1 5 4 2 3 2 0 4 3 1 1 2 0 1 0 4 2 2 1 3 4 4 1 1 1 4 3 2 2 2 3 1 3 2 2 0 3 3 0 1 3 0 1 1 2 2 1 1 1 0 6 3 1 3 0 3 2 0 3 1 2 2 1 2 2 2 1 2 4 2 3 2 3 0 3 1 0 1 0 2 5 0 2 5 3 1 5 1 3 4 0 3 1 4 1 1 1 0 3 3 2 5 3 2 1 0 1 1 1 1 4 5 6 2 1 0 4 2 0 1 3 3 2 3 2 3 1 1 2 4 2 4 3 2 0 1 2 0 2 2 4 4 2 0 2 1 1 2 3 2 4 4 0 3 1 0 5 4 2 2 3 2 3 0 1 1 1 0 3 0 1 1 1 1 5 0 0 2 2 3 5 1 1 2 2 4 1 1 0 2 2 4 0 0 3 3 2 2 1 1 1 1 4 1 3 0 1 4 0 1 1 1 3 3 4 7 2 1 2 2 3 3 4 2 1 2 2 1 3 1 1 0 3 2 1 2 1 3 3 2 1 4 1 0 3 3 0 2 6 2 2 4 2 1 5 1 1 0 0 3 2 2 1 0 0 3 4 1 4 1 5 2 2 2 3 2 2 3 1 4 3 2 2 2 1 0 0 2 1 6 1 3 1 2 1 1 2 3 4 3 1 2 0 2 1 3 2 3 1 2 2 2 3 2 1 1 2 1 2 3 2 2 3 3 2 2 2 2 1 1 0 2 3 4 1 3 1 1 0 0 1 3 5 3 3 2 1 3 3 1 2 1 2 2 2 2 1 1 3 1 2 0 2 3 1 3 1 1 1 3 0 0 1 2 4 2 1 2 3 2 1 1 0 2 6 0 1 2 1 4 2 2 1 1 0 2 1 0 2 3 2 1 5 1 2 0 1 3 3 0 1 2 2 3 2 1 3 0 0 4 5 0 3 2 3 1 3 1 4 2 1 2 5 0 2 2 3 3 0 4 4 2 0 2 4 1 1 4 1 1 1 4 1 5 1 2 2 4 2 1 1 4 1 3 3 3 1 2 3 2 1 1 2 0 2 2 4 4 3 0 2 0 2 2 0 1 1 2 3 1 2 2 2 1 2 1 0 1 2 3 2 2 3 3 1 1 3 2 5 1 5 2 1 1 0 0 1 3 2 5 2 2 2 1 3 3 0 2 0 1 3 3 3 1 1 1 1 2 2 2 1 0 3 2 6 2 0 0 3 2 0 2 1 1 4 5 3 2 0 1 2 4 1 3 2 4 3 1 2 1 1 2 1 4 0 3 0 2 1 4 3 4 2 2 6 5 4 1 1 2 2 1 3 0 1 2 2 1 4 1 2 2 0 0 4 4 0 2 5 3 1 1 1 2 1 1 2 1 3 4 0 2 0 3 3 2 6 2 0 1 5 3 1 2 6 1 4 1 1 3 2 2 1 1 0 2 1 1 4 2 2 2 2 0 5 2 1 1 2 3 3 6 0 2 1 2 3 1 1 1 1 3 1 1 1 0 4 2 2 4 0 2 1 2 3 1 3 4 2 1 2 2 1 5 3 1 3 1 1 0 0 0 2 1 3 2 0 1 1 1 2 1 1 1 2 2 1 0 0 2 4 0 2 4 1 4 1 7 1 1 2 3 1 2 2 2 0 0 1 1 2 2 2 1 3 2 2 2 1 5 0 2 2 3 0 3 1 7 1 4 1 1 2 2 0 4 2 0 2 5 3 2 1 4 1 0 1 2 4 2 2 0 0 2 2 1 1 2 1 5 2 1 1 0 2 2 2 5 2 1 2 3 2 4 2 3 0 3 3 0 2 3 1 2 5 2 2 3 0 1 1 2 1 2 1 3 3 4 1 2 2 1 1 5 0 0 1 3 3 1 1 1 4 4 1 3 1 0 3 3 2 1 0 2 1 0 1 3 1 1 2 2 1 1 1 3 2 4 3 1 3 1 1 0 2 1 2 4 5 1 1 2 0 0 1 1 2 2 2 1 2 0 1 2 1 3 2 3 4 2 2 0 1 4 1 2 1 2 3 4 1 2 4 3 1 4 1 0 2 2 3 2 1 3 3 2 6 1 1 2 1 0 4 2 2 2 3 1 1 0 5 1 3 3 4 1 1 1 2 5 2 2 4 1 0 0 6 0 4 3 2 0 1 0 3 1 3 0 2 2 4 3 1 2 5 4 4 1 1 2 1 2 2 1 0 4 0 1 2 2 1 1 0 1 1 3 0 2 2 3 4 3 4 3 2 1 1 3 1 3 0 1 1 1 1 1 2 2 2 1 0 0 4 1 1 4 0 0 5 0 5 1 3 0 2 3 0 1 1 0 1 1 1 5 1 3 2 2 2 2 3 3 1 2 1 2 2 3 4 5 2 2 1 1 1 3 3 2 3 3 2 1 1 6 3 5 3 0 0 0 2 4 0 2 0 4 0 2 3 3 3 0 2 0 0 2 2 1 3 2 1 1 3 4 2 1 2 0 3 0 3 2 2 4 3 2 1 0 2 4 2 4 2 3 2 5 1 1 1 3 2 2 2 3 2 2 4 4 1 2 0 3 2 0 2 1 3 2 1 3 0 3 5 2 3 2 1 2 2 0 1 1 2 5 3 4 2 1 1 3 2 2 0 3 1 3 3 2 3 3 3 3 2 2 3 1 2 2 4 1 3 1 4 1 2 1 1 3 4 1 0 4 1 7 4 1 2 2 0 3 1 3 0 2 2 2 0 5 3 1 3 3 2 3 2 2 2 1 1 3 2 1 4 4 0 4 2 1 0 1 2 1 0 1 2 2 2 1 2 1 4 1 2 1 2 2 3 3 2 2 2 1 1 1 1 3 3 4 1 0 3 2 3 2 2 1 1 2 1 2 1 5 3 3 2 2 1 0 3 2 3 2 4 1 2 2 2 1 1 1 0 2 1 0 2 1 3 4 4 3 1 0 1 3 2 1 2 2 1 3 7 4 4 2 1 4 2 0 2 3 1 1 4 2 0 1 4 1 3 2 2 1 1 3 0 1 3 2 4 3 2 1 0 3 0 1 1 4 4 1 1 4 1 3 2 0 3 1 3 0 2 3 1 2 2 2 2 3 2 1 1 2 4 0 3 0 2 1 1 2 4 3 1 2 0 2 3 1 1 4 2 2 3 0 2 2 1 3 1 0 0 3 3 3 1 0 2 1 3 1 3 2 6 3 4 2 2 0 3 2 2 3 1 3 0 2 4 2 2 1 3 0 1 1 1 3 1 2 1 2 3 4 3 0 1 2 3 2 1 3 1 0 4 3 1 0 3 2 1 1 2 2 3 3 1 1 4 0 2 1 0 1 1 2 3 1 3 2 2 0 4 3 2 0 1 0 1 1 1 3 2 1 0 1 1 0 3 1 2 2 1 5 0 3 1 2 0 3 2 6 4 1 2 2 1 0 3 1 0 5 1 4 0 1 1 1 3 1 3 1 4 5 4 0 3 1 3 3 4 3 0 1 1 4 1 4 0 1 2 1 2 3 2 2 2 0 1 1 2 1 3 2 2 3 1 3 4 2 5 1 0 0 1 1 3 2 2 2 2 1 3 0 3 0 4 0 1 1 3 0 1 5 2 5 4 1 3 2 2 4 1 3 1 2 5 1 0 3 2 1 1 3 1 1 2 1 1 5 0 4 3 1 1 2 3 3 2 2 1 2 2 0 3 2 1 1 3 2 0 4 3 2 2 2 1 2 1 0 1 2 4 1 2 0 1 1 2 3 2 0 2 6 4 2 0 0 1 1 2 2 1 0 1 0 3 3 1 5 1 2 1 1 1 1 3 3 1 2 2 4 3 2 3 1 1 2 0 3 3 1 4 2 2 0 2 1 2 2 2 4 1 2 1 1 4 1 4 1 1 2 0 4 2 6 2 1 3 1 4 2 3 1 0 0 1 5 1 4 4 0 1 2 1 0 0 4 7 2 3 1 1 2 1 1 1 1 5 1 1 3 2 1 2 0 0 2 3 3 3 3 1 4 4 2 2 0 3 0 1 3 3 2 0 5 4 1 0 0 1 2 1 2 0 2 0 6 3 3 4 2 1 1 2 3 2 1 1 1 1 2 3 1 3 3 0 3 2 1 3 2 1 3 2 4 3 3 0 2 4 2 1 4 1 2 2 1 3 0 3 5 0 3 0 2 3 1 3 3 1 1 5 0 1 2 1 2 1 1 1 6 1 1 3 1 4 1 2 2 3 0 2 5 2 1 1 1 2 1 3 0 2 1 1 1 1 3 0 0 2 2 2 1 1 3 2 1 1 4 1 2 2 1 1 0 1 1 1 3 1 5 0 2 3 0 2 6 4 2 1 3 0 1 1 5 0 2 0 1 1 4 1 3 4 2 4 3 2 2 2 0 1 0 0 1 1 3 5 3 1 0 1 2 1 2 3 3 2 2 1 2 4 3 2 0 3 1 3 2 1 2 0 1 2 0 2 2 0 5 2 1 1 4 2 4 4 2 2 1 3 3 2 0 2 1 2 4 0 0 1 2 6 1 2 1 1 0 0 3 2 3 4 4 2 1 1 3 1 2 2 2 3 2 2 1 2 3 3 5 2 5 3 1 1 3 1 1 1 2 0 1 3 1 0 1 4 1 1 2 3 3 3 1 3 4 1 2 4 2 2 0 0 5 2 3 1 2 2 3 1 0 2 4 1 2 2 2 3 1 4 1 3 0 3 3 2 1 3 2 1 0 3 4 4 1 0 3 0 2 3 2 0 1 1 2 1 2 1 1 2 2 6 3 2 3 0 3 0 2 1 5 2 1 2 1 0 3 4 3 1 0 0 2 0 5 5 2 1 6 2 5 2 1 2 0 2 3 3 2 2 2 3 2 0 3 0 3 1 0 0 4 2 3 2 2 4 1 1 2 1 1 2 4 0 3 2 0 1 2 4 1 3 5 0 0 4 2 2 3 0 4 1 2 0 2 2 1 3 3 2 3 2 1 2 1 4 2 3 1 1 1 3 2 1 5 6 2 0 1 5 1 3 1 4 1 2 1 2 3 4 1 2 2 3 1 3 1 2 2 0 1 1 2 0 5 5 2 4 1 2 1 1 1 2 0 3 3 4 1 1 0 2 2 1 1 1 1 2 1 0 2 1 2 1 5 1 1 3 0 3 1 1 2 1 3 2 1 1 5 2 2 0 2 1 1 1 4 1 5 2 1 1 4 1 3 3 0 2 2 1 1 2 0 1 3 3 1 4 4 3 3 5 2 4 0 5 2 0 2 0 0 3 4 5 2 4 0 4 2 1 1 1 3 4 0 3 3 0 3 3 0 3 1 2 2 3 1 5 2 2 1 2 2 2 1 4 2 1 2 3 3 3 0 1 2 2 3 2 1 1 4 4 0 2 2 3 1 3 1 0 1 0 2 2 1 3 1 0 3 0 1 2 2 4 2 8 2 1 3 1 2 2 0 2 2 1 1 3 3 2 4 4 1 3 3 2 1 1 2 1 2 1 1 2 4 1 3 1 2 2 1 4 7 3 5 2 3 4 1 2 1 2 2 2 1 1 2 1 3 5 0 0 1 2 2 0 1 3 0 4 2 4 4 1 1 2 2 3 2 2 2 1 3 0 3 3 0 5 2 2 5 1 0 1 3 3 1 5 2 5 1 1 3 2 2 0 1 4 0 2 2 2 0 1 2 3 2 3 3 2 2 1 6 4 0 0 0 0 2 1 2 3 3 6 0 1 1 2 4 2 1 0 0 2 1 5 4 2 3 0 2 1 1 2 0 0 2 4 3 0 1 2 3 0 3 2 0 0 1 2 4 3 2 2 4 5 4 0 3 1 2 1 1 2 1 2 1 3 3 2 1 4 2 3 1 2 0 1 3 0 2 1 3 1 2 1 3 0 3 1 2 1 2 3 2 1 1 1 0 3 1 2 0 6 1 3 1 1 3 5 2 2 2 1 1 3 1 2 2 3 2 6 2 1 2 3 4 0 2 2 2 1 1 1 0 1 6 1 0 2 2 1 4 2 1 3 1 2 0 6 1 5 1 0 1 0 1 6 3 4 2 2 0 0 1 2 2 2 5 1 4 1 5 1 2 1 3 2 3 2 1 1 3 0 3 1 2 3 1 1 1 1 2 6 3 1 2 2 2 1 2 1 4 1 2 1 3 4 4 0 0 1 1 1 1 2 1 2 3 7 2 1 3 1 0 3 2 3 2 0 1 1 3 4 3 0 4 1 0 2 2 0 5 4 2 0 2 3 2 3 3 0 4 0 1 4 1 1 5 0 2 2 5 3 4 4 0 1 0 1 0 4 2 3 2 4 5 3 0 2 4 2 5 1 2 5 2 2 1 3 0 1 4 2 1 2 2 2 4 3 2 2 0 0 1 2 0 3 5 0 1 4 2 0 2 2 1 2 1 2 0 3 1 2 4 0 3 1 1 1 0 4 3 2 4 3 2 3 1 3 0 2 2 2 3 2 2 2 2 1 4 4 1 3 3 1 2 1 2 1 4 3 2 3 2 0 2 1 2 0 1 1 3 1 3 3 3 0 3 2 2 3 3 4 1 1 3 1 2 2 0 2 0 0 2 2 1 5 1 4 2 2 1 2 3 4 5 0 1 1 4 4 4 1 0 4 2 3 2 1 1 1 5 4 3 2 1 4 3 1 1 4 2 4 1 3 0 4 1 5 5 2 2 2 1 2 4 3 2 1 2 0 3 2 3 2 0 1 2 0 1 1 0 3 3 2 1 0 1 3 1 0 2 3 0 2 3 2 2 5 4 1 1 3 1 1 0 1 3 2 5 1 2 1 0 2 3 1 3 0 4 1 2 3 3 1 3 1 2 1 1 3 2 1 3 2 2 1 0 4 3 3 1 2 0 4 2 2 4 1 3 0 5 4 2 3 3 2 3 2 1 1 1 0 2 1 1 3 0 1 1 3 3 2 2 0 3 2 3 5 2 2 4 3 2 1 5 1 3 3 3 0 2 5 1 5 1 0 2 0 2 1 2 1 3 2 2 4 0 1 5 3 1 2 0 2 1 1 4 1 1 2 3 6 2 0 2 3 0 2 0 3 2 3 3 3 1 1 1 2 2 3 0 2 2 1 3 2 3 1 1 3 3 1 3 0 1 0 1 4 2 6 2 0 2 1 3 1 4 1 2 2 1 2 2 1 1 2 1 2 0 2 4 1 2 1 1 2 1 3 2 5 3 1 2 1 2 5 1 3 2 3 0 1 3 1 3 4 2 1 4 1 3 3 1 1 4 6 2 0 1 0 0 0 4 2 2 2 1 4 4 2 2 2 1 3 3 2 5 1 4 2 3 0 1 2 0 2 1 3 1 2 2 2 1 1 2 6 2 2 0 3 3 2 0 2 0 0 2 4 4 6 3 5 1 0 2 1 5 0 1 0 2 3 4 1 0 1 1 2 2 2 3 4 1 7 2 1 1 2 1 2 1 0 0 1 3 1 0 2 1 1 3 6 2 1 1 4 3 5 0 2 3 3 1 1 1 2 3 0 1 3 3 2 1 3 1 2 2 2 1 1 3 2 0 3 2 2 4 1 2 2 3 1 1 0 4 3 1 2 0 1 3 1 2 1 0 3 0 1 2 3 1 2 2 1 2 1 4 1 1 1 1 6 1 2 1 2 1 0 0 4 0 2 1 2 1 3 0 2 3 3 0 2 2 2 3 4 3 3 0 2 1 1 3 1 3 2 1 2 1 2 1 3 1 1 4 0 3 1 2 0 2 3 4 0 1 1 2 2 4 2 3 0 2 2 1 2 3 3 3 1 1 4 1 2 2 1 1 2 2 1 0 2 1 2 5 7 4 2 4 1 1 0 1 1 0 3 0 1 5 2 5 3 1 2 1 2 1 4 2 3 1 4 6 4 2 3 1 1 1 1 0 4 4 2 0 0 2 2 1 3 2 2 2 2 5 1 3 0 1 2 1 0 1 3 2 2 0 2 4 2 1 3 1 3 1 2 2 4 0 2 3 2 0 0 7 1 1 1 4 1 3 3 0 1 3 6 1 2 4 2 1 2 1 0 1 1 0 4 1 1 4 5 3 3 5 3 3 1 1 1 0 4 1 1 0 1 5 3 2 3 3 0 2 4 2 1 1 1 4 4 3 1 2 3 2 2 1 1 2 4 4 3 0 2 1 2 1 4 2 2 2 0 1 4 1 2 5 0 2 1 3 4 1 0 2 2 2 1 2 5 0 2 2 1 0 3 0 1 3 1 1 7 3 2 0 1 0 0 2 2 2 2 1 5 4 3 5 0 1 1 1 2 3 1 2 2 2 3 2 0 3 1 0 2 2 0 1 1 1 3 1 2 2 1 1 2 2 3 5 1 3 0 0 3 0 1 1 3 0 1 3 1 4 3 3 0 2 2 1 3 3 3 3 1 1 3 2 2 1 3 6 0 3 1 1 3 0 3 2 0 2 3 0 1 4 2 1 2 1 2 1 4 2 1 1 1 3 3 1 2 2 0 4 2 2 3 2 1 3 1 2 0 2 1 2 3 1 3 0 1 5 0 2 3 3 0 1 1 0 0 2 4 2 0 1 3 2 3 1 1 2 2 3 0 1 2 1 1 1 4 2 0 2 3 3 2 2 2 1 3 3 3 4 2 2 4 0 2 0 2 2 1 4 3 1 4 4 1 1 1 2 1 0 0 2 0 1 3 2 0 2 4 0 3 2 1 0 2 0 0 3 7 2 1 1 5 1 0 1 6 2 2 2 2 2 0 3 2 3 2 0 1 0 1 4 5 0 0 1 5 4 1 3 1 3 1 1 2 1 5 3 0 0 1 1 1 1 0 0 2 0 3 4 4 4 3 2 0 2 3 5 1 1 1 0 2 1 5 2 1 2 3 0 6 2 0 4 3 1 2 2 3 2 2 2 0 2 2 1 2 0 1 3 2 2 0 0 3 4 3 2 2 1 1 1 3 2 4 2 1 3 3 0 1 3 3 6 1 1 3 1 1 1 1 2 0 3 2 3 2 3 1 1 0 2 1 2 3 5 1 3 4 1 5 2 1 1 0 1 3 2 3 1 1 1 3 2 1 1 2 2 1 1 1 2 1 2 3 2 3 1 2 2 3 3 1 0 3 2 0 3 2 3 3 2 3 0 1 3 1 1 0 5 1 0 4 3 0 6 1 5 3 2 2 4 1 4 2 4 1 2 4 1 5 2 4 3 1 5 3 4 2 0 2 3 1 1 1 1 5 4 5 1 2 3 3 0 0 2 0 3 1 3 0 4 4 1 0 2 1 0 1 1 2 1 0 1 1 4 2 4 1 4 3 1 5 2 0 3 0 0 1 4 5 2 0 0 1 0 1 1 1 2 0 3 4 5 4 3 0 2 3 1 1 2 1 3 2 1 3 2 1 0 2 5 5 2 0 1 1 1 2 1 0 4 2 2 2 3 0 4 1 2 2 2 2 1 2 1 2 1 1 0 4 1 2 1 2 5 2 2 3 2 1 2 1 2 1 1 3 2 0 3 2 3 5 1 4 0 1 4 1 5 3 1 3 2 0 3 3 1 2 1 2 2 1 1 2 2 0 2 2 0 3 2 3 3 2 1 1 0 1 3 2 1 3 2 1 2 1 1 1 1 4 5 3 2 1 1 1 0 1 2 3 3 0 5 1 3 3 5 2 0 1 1 3 2 3 0 5 2 1 1 3 3 0 2 1 3 1 3 3 3 2 2 2 2 3 3 3 1 1 1 3 0 2 0 1 1 2 3 1 0 0 1 3 0 2 2 2 5 1 2 0 1 2 1 4 3 2 3 3 3 2 4 2 2 2 4 1 1 1 0 3 2 2 2 0 3 0 3 1 3 2 2 1 1 1 0 2 3 2 2 4 3 2 0 2 2 1 0 0 4 3 0 1 1 3 1 1 3 8 0 1 4 0 2 2 1 0 1 2 5 2 4 1 0 1 1 2 1 1 2 1 2 4 3 2 2 3 3 0 2 2 2 2 1 1 1 2 5 1 0 1 2 1 3 2 7 1 4 2 2 1 2 5 0 1 2 0 2 1 5 0 5 2 2 1 1 1 1 0 1 4 1 4 2 4 3 4 3 0 1 2 4 2 0 0 2 1 3 3 1 0 4 1 0 1 2 3 8 3 2 3 0 4 1 1 3 3 2 1 2 0 2 0 1 1 2 1 1 4 2 1 0 4 5 1 2 1 0 1 3 0 1 1 0 1 3 1 2 4 2 1 1 1 2 1 1 1 3 2 1 3 2 2 2 1 3 0 1 2 2 1 2 4 2 1 5 0 1 0 3 5 3 0 5 4 1 0 2 0 1 1 2 1 1 5 3 2 0 0 1 0 0 2 3 4 1 3 0 4 1 0 1 4 0 1 2 2 1 1 2 2 4 3 0 1 4 2 1 1 1 1 3 3 3 1 3 3 1 1 1 2 2 3 3 3 1 3 2 1 1 3 0 1 0 5 0 2 3 3 0 2 0 5 0 2 0 3 2 3 1 1 1 1 1 2 4 1 2 0 3 2 2 0 1 1 2 2 2 1 5 4 1 4 1 2 1 0 2 2 5 1 1 1 2 2 2 0 2 3 1 2 0 5 1 1 2 3 5 1 1 1 2 2 0 2 1 4 4 2 1 3 2 1 3 1 2 4 4 0 4 1 3 2 2 1 2 2 1 2 1 4 2 3 2 0 1 2 2 2 2 0 2 3 1 2 1 1 3 1 1 5 3 3 3 3 2 2 1 2 3 0 2 4 1 4 1 0 1 2 4 0 0 4 1 3 2 2 2 2 2 4 3 1 3 3 1 1 1 2 1 1 1 0 2 2 1 2 2 3 1 2 0 4 2 2 5 2 4 4 1 0 2 2 2 1 4 2 1 3 2 0 3 1 2 2 1 1 1 1 3 2 4 3 1 1 1 4 1 2 3 4 2 0 2 3 4 1 1 3 1 1 0 3 4 1 2 2 1 1 3 4 1 2 2 1 2 5 2 2 2 0 6 3 0 3 3 1 2 2 3 5 4 4 1 4 1 1 1 1 0 3 1 4 2 0 4 0 2 1 3 1 1 2 2 4 2 2 3 1 3 3 4 1 4 1 1 3 2 1 4 0 2 0 4 1 2 4 1 1 0 5 1 1 2 4 1 2 1 1 2 2 0 4 2 0 3 4 2 3 0 5 0 4 2 1 3 4 0 0 4 2 1 0 3 0 2 2 0 1 0 5 0 1 2 2 2 1 4 1 3 1 3 2 3 2 3 1 3 2 3 0 0 1 0 3 2 1 2 2 1 5 6 0 2 0 3 2 1 2 3 2 3 2 1 1 2 2 2 0 2 2 1 1 2 0 2 2 2 3 0 1 1 4 5 3 3 0 0 1 1 4 3 2 2 3 1 2 3 2 3 2 0 3 0 4 1 1 4 4 1 3 4 2 1 1 0 2 1 0 5 2 1 2 2 0 4 1 3 4 3 0 1 3 4 2 1 1 3 3 1 1 1 1 0 3 2 4 1 0 2 0 2 1 3 2 3 2 2 1 5 3 0 1 3 1 3 4 3 3 0 0 1 2 1 4 0 4 3 3 4 0 2 1 1 1 3 4 2 1 1 4 1 0 0 1 1 5 1 2 3 0 1 1 2 4 2 2 3 2 4 2 2 2 3 1 1 5 1 1 1 4 2 4 2 1 3 1 3 2 2 1 1 3 1 3 2 4 5 2 4 1 3 1 3 1 1 1 4 2 0 1 2 2 2 2 0 0 3 3 1 1 3 4 0 3 0 3 4 2 1 1 1 4 7 0 0 0 1 4 1 1 3 0 1 1 1 2 2 2 2 2 2 3 2 1 2 5 3 5 2 2 1 2 3 3 4 3 2 2 1 0 2 2 1 1 1 2 2 1 1 2 4 0 2 3 3 4 2 4 2 1 4 2 2 0 3 1 2 3 2 2 2 4 0 0 1 0 0 0 2 4 4 5 5 2 0 0 6 1 2 0 2 1 1 1 1 6 1 1 2 1 3 3 0 0 2 2 3 3 4 2 0 3 3 4 2 0 0 2 1 4 4 5 1 1 0 3 0 2 0 3 4 3 0 4 3 2 2 1 1 2 4 3 2 2 3 4 0 6 1 0 2 5 2 4 4 1 4 0 2 1 3 1 2 1 2 3 0 1 0 1 1 0 7 3 3 1 1 0 1 1 1 3 0 5 1 1 4 2 3 1 1 1 6 3 1 0 0 1 3 0 2 2 3 1 0 0 2 2 2 4 1 2 0 0 0 3 1 3 3 3 5 2 1 1 2 0 1 4 2 1 2 3 2 5 5 1 2 2 5 1 1 1 2 2 3 0 1 2 1 2 1 1 3 1 3 2 2 3 0 1 2 1 3 3 1 0 2 2 3 1 4 4 0 3 1 1 1 3 4 0 2 4 3 1 2 2 2 1 0 2 1 1 0 2 1 1 0 1 1 1 4 2 3 4 2 4 3 2 0 2 3 3 2 3 4 4 2 1 1 3 1 4 2 1 1 1 2 1 1 1 0 2 0 3 0 1 0 3 2 1 4 0 3 1 2 1 0 3 2 3 2 1 2 1 0 2 1 2 4 4 1 1 2 0 2 3 0 1 2 3 4 1 3 1 2 2 1 1 2 1 1 3 0 2 3 2 3 2 2 1 1 2 1 1 2 3 1 1 0 2 4 1 3 1 2 2 3 1 1 2 0 2 3 2 1 6 0 3 1 1 1 2 5 1 6 3 2 2 2 4 2 1 2 1 2 2 3 2 3 1 3 2 1 2 2 2 1 0 4 1 2 1 4 1 2 2 2 1 0 1 2 4 1 5 3 0 3 2 2 2 2 1 0 3 1 3 3 2 0 1 2 3 2 3 3 2 2 1 1 1 2 2 1 2 3 1 3 1 1 1 2 0 2 3 1 1 4 0 1 0 2 4 1 1 4 0 3 0 2 3 3 2 6 3 4 1 0 3 1 2 3 4 2 3 2 0 4 2 1 2 1 2 1 5 1 3 2 3 3 3 2 1 3 2 1 3 5 1 0 4 0 2 4 2 1 1 2 2 2 4 2 0 1 1 1 3 1 1 3 2 1 3 2 1 3 1 4 1 4 3 3 1 2 2 2 2 2 2 0 1 0 4 2 4 0 4 2 1 2 3 2 1 2 1 3 1 1 0 3 0 2 5 2 2 3 0 3 2 3 5 0 0 1 4 2 3 5 5 2 1 3 0 3 0 3 4 2 4 2 1 2 3 1 1 4 2 1 1 5 1 0 0 3 4 1 1 0 2 2 0 2 1 2 3 3 2 1 4 2 2 1 3 2 2 2 1 4 2 4 1 1 2 2 1 1 2 0 5 2 1 2 4 3 2 4 3 1 0 1 2 3 2 2 2 2 2 1 3 4 2 7 4 1 0 2 0 1 1 2 1 0 4 4 0 1 1 3 2 2 3 2 2 3 0 2 1 0 1 2 3 2 4 3 2 0 2 1 1 2 0 3 2 1 2 1 2 3 2 2 3 1 1 1 1 4 2 4 2 4 1 1 0 1 0 1 1 3 2 6 2 1 0 0 3 2 0 0 6 2 4 2 2 1 2 1 2 4 2 2 0 2 2 4 0 1 2 3 2 2 2 2 1 0 1 3 0 3 4 2 0 3 1 2 4 2 4 2 5 0 2 1 3 5 4 2 1 2 1 0 2 3 0 0 1 2 7 2 0 3 2 2 4 0 1 2 1 3 2 1 2 0 1 1 2 2 3 5 3 2 1 2 2 1 1 0 4 1 1 2 3 1 1 3 1 3 1 2 0 1 2 3 2 3 1 5 2 1 2 2 0 1 1 1 1 3 2 4 1 4 2 2 1 1 3 0 4 1 3 2 2 1 1 1 2 2 0 1 1 2 2 2 1 0 3 2 3 1 3 1 1 1 0 2 2 1 1 2 3 3 1 1 2 3 7 1 3 3 1 5 2 1 3 4 1 0 5 1 2 2 1 1 4 1 2 2 3 1 1 2 3 4 0 1 1 0 2 1 1 2 2 4 2 5 1 0 2 2 1 3 0 1 4 0 3 2 2 0 3 3 3 2 3 2 0 3 3 0 5 2 3 2 4 0 0 3 1 5 1 1 1 1 3 1 0 2 1 0 4 3 4 2 2 1 1 2 4 1 1 2 1 3 1 0 3 3 1 0 2 1 1 1 0 2 4 3 4 1 3 0 5 1 3 2 3 2 1 2 1 2 1 3 1 4 2 2 2 1 2 4 7 2 1 1 1 2 1 0 0 0 3 2 3 1 2 2 0 1 0 3 2 2 2 2 2 1 0 3 4 0 1 2 1 1 0 2 1 3 0 1 6 3 0 3 2 3 2 4 5 1 3 1 0 1 1 3 3 2 1 3 2 3 2 2 3 1 2 3 2 3 4 3 1 5 1 0 2 1 0 3 4 1 2 3 3 0 2 1 1 2 1 0 4 2 2 2 2 2 4 4 1 0 1 4 1 1 4 6 0 2 1 1 4 4 1 0 1 3 1 2 2 1 2 2 2 3 0 1 2 0 5 3 3 3 3 2 0 3 4 2 1 2 3 1 1 1 3 1 5 0 1 3 4 1 2 2 3 1 2 2 1 0 4 2 2 3 1 1 3 1 1 0 0 1 3 2 1 4 2 2 5 1 2 2 0 3 1 4 3 4 3 0 0 2 1 2 3 2 2 1 1 3 1 1 3 3 0 2 4 2 0 3 4 1 0 4 5 3 4 1 3 2 3 1 0 4 3 1 5 1 1 2 1 1 1 1 1 1 3 4 0 4 0 2 5 3 4 1 1 2 1 0 2 2 0 2 3 2 2 2 3 0 5 1 1 2 4 1 0 3 1 3 2 2 1 0 1 2 0 1 0 2 4 2 3 1 1 2 2 2 2 1 1 3 1 2 1 4 1 4 5 0 4 3 1 1 1 4 0 0 8 1 3 1 2 0 3 3 1 2 3 1 2 1 3 3 0 2 1 2 1 2 1 3 2 3 2 1 3 3 1 3 2 2 0 2 1 2 3 2 1 4 3 2 2 2 3 1 3 2 6 1 0 2 4 2 3 1 1 6 2 1 2 0 3 1 4 2 2 0 2 2 0 4 0 4 3 1 1 4 0 1 2 2 4 4 3 1 2 1 3 1 2 1 1 2 4 1 1 0 3 1 2 1 3 3 3 1 5 0 2 0 2 3 2 3 1 3 3 2 2 1 3 1 4 0 3 2 4 0 0 1 2 1 2 3 5 3 3 3 4 1 3 1 0 7 4 2 1 2 1 0 3 0 3 4 3 1 3 3 1 3 0 2 1 3 0 2 1 2 5 2 1 2 2 1 1 2 0 1 3 0 7 1 5 0 3 3 4 0 1 3 3 2 0 4 2 3 1 1 1 2 3 0 3 0 3 2 3 2 2 2 4 1 1 2 1 1 3 1 2 4 1 2 2 3 3 5 2 2 1 2 2 4 0 2 3 2 0 1 0 3 4 3 2 2 3 5 0 1 2 0 2 1 3 3 3 1 3 1 2 1 3 0 2 4 1 2 5 1 0 7 3 3 5 0 2 3 2 3 0 2 3 3 1 3 0 1 3 3 0 1 0 3 1 2 1 4 4 0 1 2 2 2 0 3 1 1 1 1 2 0 2 5 2 0 3 3 2 3 1 1 1 4 1 1 4 3 0 3 2 1 3 2 1 0 2 1 1 4 1 2 5 2 2 1 2 3 3 3 1 1 0 1 3 0 5 3 1 0 0 2 3 4 1 3 1 2 1 2 2 3 1 2 2 0 0 3 1 2 3 3 2 4 2 1 1 1 2 0 4 2 2 2 1 2 3 2 2 1 0 3 2 1 1 3 2 1 3 2 0 1 1 0 2 3 1 3 1 1 3 3 3 4 0 0 0 2 3 2 0 3 0 1 4 4 4 3 1 1 3 0 1 2 4 5 2 3 1 0 1 1 2 0 3 2 0 4 1 3 2 1 2 3 1 2 1 3 1 5 2 2 1 1 2 1 3 2 1 0 1 4 2 1 2 1 4 2 4 0 2 3 1 2 2 1 4 1 1 0 0 4 3 1 2 0 4 3 0 2 4 4 2 1 2 3 2 0 1 1 4 4 1 4 1 1 4 0 3 2 1 3 0 1 3 3 1 1 2 1 1 3 5 0 1 3 2 4 3 1 1 0 2 2 3 3 3 0 2 1 3 1 3 1 0 1 1 3 2 2 1 4 2 5 1 1 3 3 3 3 3 3 2 3 3 1 7 0 2 1 2 1 2 3 2 1 2 5 0 1 0 3 2 6 1 3 3 2 2 0 3 0 0 3 4 3 3 0 1 2 1 1 5 1 2 2 1 2 4 0 0 3 3 2 2 1 0 0 2 2 1 0 6 2 3 3 3 2 1 1 3 2 1 0 0 1 3 2 0 2 3 2 1 1 4 1 2 1 4 3 1 1 1 2 1 2 2 1 3 2 3 1 2 2 0 2 4 3 5 2 0 2 3 5 3 2 2 1 4 1 0 2 3 1 2 1 1 3 2 1 4 0 2 1 3 2 2 4 0 1 2 0 1 2 1 0 3 2 2 1 3 2 3 3 0 0 1 3 1 6 1 4 5 1 1 3 0 1 0 1 3 2 1 5 1 2 3 5 2 1 2 3 1 3 1 2 6 0 2 1 2 3 4 1 1 5 3 0 3 2 5 0 1 1 3 2 2 3 1 3 1 2 4 1 2 2 2 1 3 0 2 2 1 3 3 2 2 2 1 0 1 2 3 1 1 1 3 1 4 2 3 3 1 3 0 1 0 5 1 1 2 3 1 4 2 2 2 2 0 1 2 0 3 2 3 2 3 1 0 4 2 1 2 4 2 2 3 4 2 1 0 2 3 1 3 2 0 0 3 3 0 2 6 1 1 1 0 0 0 1 4 1 6 2 3 1 3 3 1 1 0 2 1 4 2 3 2 2 1 1 4 0 3 1 1 4 1 0 2 1 5 2 1 3 2 2 6 1 2 1 3 0 5 1 1 1 2 0 4 1 1 3 4 1 4 0 1 0 3 2 3 2 2 3 0 0 1 1 2 3 4 1 1 3 1 4 1 1 3 0 1 2 3 3 1 3 1 0 0 2 1 2 2 3 1 2 2 3 1 1 2 3 2 2 6 1 1 1 2 1 3 5 1 2 3 0 0 1 2 5 2 3 0 0 1 3 2 2 2 1 3 2 1 2 1 3 3 2 3 1 0 3 0 3 0 0 3 3 1 1 3 1 1 3 2 1 2 2 2 2 1 2 1 0 4 3 0 2 2 0 2 3 1 3 2 3 1 2 4 2 0 3 1 3 2 3 2 2 1 1 8 0 2 1 2 0 5 0 1 1 1 1 1 3 1 2 4 2 2 0 3 2 2 1 1 4 0 1 4 3 2 2 3 0 2 2 6 0 2 3 3 2 0 2 1 3 2 4 1 2 2 0 3 1 3 0 1 1 1 3 3 1 2 3 2 1 0 2 1 3 1 5 4 4 1 0 1 1 0 2 2 2 2 2 2 3 1 3 2 4 3 3 3 3 1 2 0 3 4 3 1 1 3 1 2 0 1 3 5 3 4 1 1 2 3 3 0 1 1 2 1 2 2 2 0 4 3 3 0 2 1 1 3 3 3 1 3 7 3 3 0 3 4 2 1 0 1 1 5 2 4 2 3 4 2 3 2 2 2 2 0 2 1 4 1 0 2 5 3 3 2 1 0 1 0 1 4 5 3 1 1 0 4 1 2 4 3 0 0 2 1 1 0 5 2 3 2 1 3 2 1 2 1 1 1 3 1 2 0 2 1 2 1 1 1 2 5 1 3 1 2 2 3 2 1 1 2 1 4 1 0 1 5 4 0 0 1 2 1 5 3 2 1 1 2 0 0 1 2 3 1 2 2 1 3 3 3 0 1 1 1 1 2 1 1 4 3 2 1 1 2 2 3 1 4 4 4 0 1 1 3 3 0 1 3 3 1 3 2 3 1 0 1 1 2 0 4 3 1 3 3 2 4 1 3 1 2 2 1 1 1 3 3 2 3 1 1 4 4 3 2 3 1 3 1 0 2 2 2 4 3 2 0 3 2 1 0 2 1 4 2 1 3 2 4 3 2 4 2 2 2 2 1 0 2 1 3 2 1 3 4 2 0 8 0 3 3 3 0 4 4 0 1 3 2 0 3 1 4 4 4 2 3 2 2 4 0 3 3 2 4 2 2 2 1 2 3 1 6 0 3 2 3 5 2 0 1 0 1 0 5 1 1 2 0 3 2 1 0 1 0 2 0 3 4 3 4 1 2 2 0 3 0 2 0 1 0 0 1 2 2 1 2 5 2 0 3 2 1 4 1 4 3 0 1 1 1 5 0 4 1 3 1 3 1 3 1 2 2 3 0 0 3 2 1 1 3 0 4 3 1 7 3 1 4 0 2 1 2 1 3 5 1 1 2 1 1 1 2 2 0 2 2 3 4 2 4 3 4 3 4 4 3 0 1 2 3 0 0 0 1 3 6 2 1 2 0 0 3 2 2 2 0 2 1 0 1 1 0 1 2 3 1 4 4 2 2 0 3 2 0 2 4 5 2 1 1 3 2 2 5 0 1 3 2 3 2 3 4 0 3 0 2 1 2 2 3 2 1 3 2 1 2 2 2 5 1 1 4 1 3 1 2 3 2 5 0 2 3 3 2 4 0 0 0 2 1 3 2 1 1 1 3 1 2 3 3 0 0 1 1 3 0 1 1 2 2 0 2 1 1 2 1 4 1 3 5 1 1 3 4 3 0 0 1 1 3 2 4 2 4 1 2 1 4 1 3 1 0 0 2 3 2 2 2 3 1 0 0 3 1 1 1 3 3 1 1 3 0 4 2 2 3 1 0 0 4 2 2 3 1 2 5 6 4 3 2 2 0 4 1 3 1 1 1 1 2 2 0 1 3 2 1 2 1 2 2 0 1 1 1 3 3 4 1 2 0 1 0 1 3 4 1 0 2 4 2 2 1 2 3 3 4 3 3 3 2 0 0 2 3 4 1 0 3 3 0 2 1 3 2 1 1 5 2 1 1 2 2 1 0 1 4 4 0 2 1 3 4 3 1 1 1 4 4 0 1 1 1 2 2 0 5 3 2 2 1 2 2 1 1 2 2 2 4 1 3 1 2 2 0 3 3 2 1 1 1 3 4 0 1 3 0 4 3 1 3 1 1 2 3 0 1 2 1 4 3 0 1 0 0 1 3 1 3 1 0 5 3 0 1 2 2 2 3 2 3 1 1 0 1 1 1 5 3 2 2 1 1 2 3 0 4 6 5 2 2 4 2 3 0 4 1 2 0 1 5 2 2 1 1 2 1 2 2 3 1 1 1 3 4 3 3 0 3 0 3 1 1 2 3 3 1 3 2 5 3 2 2 3 3 2 0 2 4 2 2 2 1 0 4 2 3 1 1 5 2 0 4 2 1 3 1 1 2 3 4 4 0 0 1 2 1 4 4 1 4 1 1 2 3 2 1 4 2 3 2 1 1 0 2 4 0 6 3 0 2 4 1 2 0 3 4 1 4 4 3 5 2 2 2 0 4 3 2 4 1 3 2 0 2 1 3 2 4 2 1 3 3 2 1 2 2 2 2 2 1 0 2 2 1 2 2 3 2 0 4 2 0 3 3 1 3 2 1 2 0 2 3 1 1 4 1 1 1 1 2 1 5 1 1 3 2 0 1 2 3 2 4 2 3 1 4 0 2 3 1 4 2 0 1 2 1 3 3 0 1 2 4 2 4 0 4 2 0 1 1 1 2 0 2 4 0 3 2 3 3 1 1 2 0 3 3 2 3 1 3 3 2 0 2 3 1 2 2 2 1 2 3 0 3 1 6 3 1 0 4 1 0 1 1 3 2 2 4 2 2 1 2 1 1 4 2 2 1 1 3 1 2 4 4 2 1 2 1 1 1 2 2 0 5 4 1 5 1 1 1 3 1 1 3 1 1 1 2 2 7 0 1 0 2 1 0 1 4 2 1 1 1 4 5 1 3 0 4 1 4 0 1 6 3 1 1 1 1 0 2 1 4 3 1 1 2 1 4 2 3 0 3 5 2 1 2 3 1 1 1 0 6 0 3 1 0 2 2 0 3 2 4 2 3 0 3 4 0 2 2 2 0 6 1 0 3 1 3 4 2 4 1 3 3 3 1 2 4 1 1 2 4 4 1 1 5 3 2 0 3 2 1 0 5 0 1 0 0 0 3 1 2 6 1 1 0 1 2 1 3 5 0 5 0 3 3 3 0 3 1 1 1 0 1 1 0 1 1 3 3 4 1 4 1 2 0 0 2 1 0 3 1 6 1 5 1 4 1 2 3 3 0 1 0 3 2 3 4 2 2 0 0 0 4 1 5 3 1 0 3 3 2 0 1 5 1 2 1 2 3 3 1 0 3 4 3 1 1 0 1 2 3 1 2 1 3 2 2 3 1 6 2 1 1 1 2 0 1 2 1 1 2 2 2 0 5 0 1 0 3 1 3 1 3 1 1 2 1 0 2 2 0 1 4 0 1 2 1 2 1 4 1 3 0 2 3 5 3 3 1 0 2 0 1 1 0 4 2 3 2 0 2 2 2 2 2 2 1 1 0 2 5 3 3 1 3 4 0 2 1 5 2 2 2 0 1 0 3 3 2 2 5 0 0 1 3 2 1 1 2 3 4 2 3 1 0 4 0 1 0 4 1 5 1 0 1 0 1 2 2 2 2 1 2 2 2 4 1 2 3 2 3 1 3 1 3 1 1 1 3 1 1 2 0 1 1 3 2 3 2 2 1 0 1 2 2 2 3 2 2 1 6 1 2 1 3 3 4 0 1 2 2 3 3 2 4 3 4 2 0 3 1 3 0 2 3 1 0 2 2 2 4 1 2 3 0 1 0 1 0 1 2 2 4 2 5 1 1 1 2 4 1 2 1 3 3 3 1 2 2 1 1 1 1 3 1 0 2 1 1 5 0 0 2 0 3 4 4 3 3 1 3 1 2 1 1 0 2 1 2 5 1 1 2 0 2 1 1 1 3 2 2 1 2 0 1 2 4 1 1 3 3 3 5 2 1 3 5 1 1 1 3 2 1 2 1 1 2 0 3 2 3 2 1 2 2 3 0 2 2 1 0 2 2 5 4 0 4 1 3 0 5 3 5 2 3 3 1 2 0 1 2 1 6 1 1 2 1 1 4 1 0 3 3 1 3 4 3 4 0 1 2 2 0 2 1 1 1 2 3 1 2 7 2 0 1 1 1 1 1 2 1 2 4 1 3 1 0 0 2 5 1 2 0 1 2 2 3 2 4 0 0 3 1 2 2 0 3 2 2 2 2 0 1 2 1 1 1 3 2 0 1 2 1 3 2 2 1 3 1 2 2 4 2 2 2 6 1 1 1 0 6 1 0 1 1 3 2 3 2 4 1 1 1 2 2 2 2 2 2 0 2 2 1 4 0 0 2 3 1 2 3 1 1 1 0 3 2 3 2 3 0 1 3 1 1 1 1 3 0 2 1 3 6 4 0 2 2 2 2 2 1 2 1 2 4 4 1 5 1 2 1 2 0 4 3 2 0 3 2 2 2 1 5 2 1 0 1 2 3 1 0 4 4 3 4 1 0 1 2 1 1 3 4 1 1 2 4 2 3 1 0 0 6 2 2 2 0 1 3 1 1 3 3 5 1 0 3 1 3 1 1 2 2 3 0 5 0 2 2 0 1 0 0 2 1 0 4 1 2 3 1 1 4 3 2 1 1 2 1 1 1 6 2 1 3 2 1 1 1 4 1 3 3 3 2 2 2 2 1 2 0 2 2 2 3 0 7 3 2 4 3 2 2 3 1 2 3 1 2 1 3 2 1 1 1 2 2 1 1 5 1 2 2 2 1 1 3 2 2 2 3 5 2 2 2 0 3 2 1 1 0 2 1 0 2 2 1 3 1 1 3 1 2 1 2 1 2 3 4 3 1 0 4 3 3 1 2 2 2 1 1 0 2 2 4 1 1 4 0 1 1 1 4 2 2 3 2 1 0 2 2 1 2 2 1 1 4 2 0 2 3 2 0 0 1 3 3 1 4 3 3 2 1 3 0 0 6 1 4 4 2 2 1 2 0 2 5 3 2 1 1 0 5 3 1 0 2 1 3 3 2 3 4 0 2 1 2 3 2 0 1 4 0 4 5 1 2 0 2 2 1 1 2 2 1 3 1 3 3 0 1 0 2 2 3 1 3 3 2 3 4 3 2 4 2 1 2 1 3 1 2 0 1 2 2 4 1 2 1 1 3 3 0 2 2 4 0 2 1 1 3 1 5 1 2 3 2 3 2 0 3 2 1 2 1 4 2 2 3 4 2 0 4 1 4 3 4 2 3 4 2 4 0 3 0 2 1 4 0 3 3 5 3 1 2 1 3 1 3 2 5 1 3 4 1 1 2 5 2 3 1 1 1 2 1 2 1 5 0 3 1 3 1 2 0 5 2 5 4 3 3 3 3 2 2 2 1 3 2 4 4 2 1 3 2 2 1 4 3 1 2 2 1 4 3 4 1 0 0 1 3 0 1 5 2 3 2 1 4 3 2 1 4 1 3 2 3 2 1 0 2 3 1 3 0 6 3 5 1 4 2 0 1 3 3 1 0 3 2 1 0 1 3 3 1 3 2 2 2 3 2 4 2 10 1 1 1 1 2 0 0 3 1 2 3 1 1 3 4 3 1 2 1 2 1 1 4 3 2 1 4 1 3 2 3 4 1 5 1 2 1 6 1 3 5 3 0 0 1 1 2 3 1 1 2 3 0 3 1 2 1 3 2 0 1 4 4 2 2 3 2 3 0 3 2 6 0 0 2 1 4 4 5 1 1 1 0 2 0 2 4 1 3 7 2 2 1 2 1 2 1 0 3 1 2 3 2 0 3 4 3 0 1 3 1 3 0 0 0 3 1 3 1 2 1 1 1 2 2 5 2 0 3 1 2 0 2 1 0 1 2 0 0 3 4 1 0 3 0 3 1 3 1 2 1 2 3 4 2 3 3 3 2 1 3 0 1 1 2 2 4 1 2 5 2 1 1 3 0 3 1 1 2 0 5 4 0 1 3 2 2 0 1 2 1 2 2 2 2 2 2 3 5 3 2 1 0 3 0 1 1 2 3 2 3 0 3 0 5 1 2 1 1 3 1 2 2 5 2 3 1 0 4 3 3 2 1 3 0 0 3 1 3 3 4 5 2 1 1 1 4 2 2 1 1 1 2 5 1 0 1 3 0 2 1 2 1 2 3 2 0 4 2 1 2 4 1 4 1 0 3 5 1 1 3 2 1 3 1 4 4 3 3 2 1 1 3 0 1 2 3 5 2 3 2 0 4 1 3 2 3 2 0 3 2 2 2 2 1 3 1 1 3 3 1 1 1 1 3 3 4 1 3 1 4 0 3 2 1 1 2 3 1 1 1 1 2 2 2 3 3 1 0 3 1 1 2 0 3 2 2 3 2 3 2 3 1 3 1 0 2 0 1 2 4 1 1 0 2 3 2 1 2 1 6 2 1 0 3 0 3 2 2 4 2 3 2 2 1 3 0 1 2 1 3 3 1 1 3 3 3 1 3 2 1 1 2 2 0 5 2 1 3 2 2 1 1 0 1 3 4 0 0 3 0 0 1 3 5 5 2 1 0 1 1 3 2 3 0 1 1 4 0 3 1 2 2 3 1 3 3 2 0 0 1 3 1 3 2 1 4 4 0 1 5 3 6 4 1 2 2 4 2 1 3 5 1 4 2 1 2 4 3 3 2 1 2 4 1 2 1 4 1 4 0 0 2 3 6 2 0 2 2 0 3 4 2 4 3 3 1 0 1 2 3 2 6 0 2 0 1 2 0 2 1 3 2 5 3 0 3 2 4 0 2 4 0 2 3 2 3 2 1 1 2 3 4 2 4 2 0 1 3 2 2 1 3 2 1 3 1 2 2 1 3 0 2 0 0 0 2 2 2 2 3 3 2 3 3 1 1 1 2 3 0 0 5 1 2 3 2 2 1 0 2 4 3 3 3 3 4 1 2 0 1 2 1 0 2 1 3 2 2 1 2 2 4 3 2 0 3 3 3 2 2 0 4 4 4 4 2 2 4 1 2 0 8 0 1 1 1 1 2 4 3 1 1 1 3 1 1 4 3 4 2 2 1 1 3 3 1 1 0 4 0 4 4 2 1 1 0 1 2 1 4 1 4 2 5 2 1 1 1 0 2 0 1 4 1 2 2 2 2 4 0 2 4 3 2 2 1 3 5 0 1 4 5 2 3 1 1 3 2 2 1 2 2 5 1 2 1 3 3 2 2 0 0 1 2 1 1 2 2 4 1 2 1 1 1 1 2 3 2 3 3 1 0 4 1 1 5 0 3 0 1 2 3 2 2 4 2 1 1 3 0 3 1 1 2 1 2 3 4 1 3 2 4 2 7 1 2 2 3 0 0 1 4 1 0 1 0 2 3 1 3 2 1 5 1 1 1 0 1 1 1 5 0 3 4 1 3 2 1 2 5 1 2 3 2 2 2 2 3 3 1 1 3 1 2 3 2 2 1 0 3 1 1 0 3 2 2 2 4 1 0 2 1 2 3 1 1 3 2 0 6 3 1 0 0 4 2 1 3 5 4 0 1 4 2 0 0 1 1 4 3 5 1 1 2 3 2 1 2 3 1 0 3 1 0 3 3 2 2 6 1 1 3 2 1 1 2 3 0 0 3 2 1 3 3 4 3 1 1 2 0 2 4 3 1 2 2 2 1 4 0 0 3 4 2 2 0 0 1 2 2 2 3 1 3 2 2 2 2 0 3 2 1 1 3 2 3 5 1 2 4 0 1 0 3 1 3 4 2 0 6 2 2 1 3 2 4 3 3 2 3 1 0 1 2 2 3 2 1 3 2 3 3 2 2 0 0 2 1 1 1 1 1 1 0 2 3 3 2 0 4 4 3 3 0 2 2 0 1 2 3 2 1 1 5 2 1 1 2 2 6 3 1 3 1 1 3 1 5 1 1 1 4 3 0 2 3 2 2 4 2 0 1 1 5 2 3 4 3 0 1 0 2 2 2 0 2 1 2 4 2 1 0 0 3 0 2 3 1 3 2 3 1 2 2 4 1 1 0 1 5 2 2 1 1 2 2 1 4 3 2 2 2 2 1 1 5 4 2 2 0 0 5 1 4 3 0 3 3 3 0 1 1 1 0 2 1 5 0 2 3 2 0 2 4 2 2 0 2 3 2 4 1 0 3 0 3 2 1 1 2 1 3 3 2 1 3 1 4 4 1 2 4 2 1 1 1 0 2 1 3 1 1 2 1 3 2 3 2 2 1 1 3 1 0 2 6 1 1 3 3 5 1 2 2 0 6 3 1 2 5 2 0 0 0 4 1 1 2 2 2 2 2 3 6 2 1 6 0 1 2 2 0 1 3 4 2 1 7 2 1 1 5 2 1 1 3 2 1 1 1 5 2 3 2 2 1 0 0 1 1 0 2 3 1 0 3 0 2 0 1 1 3 2 2 4 5 2 2 1 1 0 1 4 0 3 0 3 1 3 2 0 1 7 1 2 0 2 3 3 2 2 0 3 3 1 4 0 1 0 4 0 1 3 1 1 1 3 1 0 2 2 2 0 0 5 5 1 1 1 2 3 2 3 1 2 2 3 1 1 1 0 0 7 3 3 2 2 2 2 0 4 2 6 2 1 2 1 3 2 0 2 6 4 1 2 2 2 1 1 4 1 2 0 2 1 1 3 1 2 3 3 6 2 1 1 1 1 2 1 1 2 2 4 1 3 1 0 1 2 1 2 4 2 1 0 2 0 4 6 2 2 1 3 1 0 5 0 1 4 2 3 2 2 2 3 3 0 2 1 4 6 1 2 0 1 3 0 4 1 3 2 3 3 3 2 4 1 3 3 3 1 2 0 3 1 1 1 0 3 3 4 1 1 2 1 0 2 0 6 0 3 3 2 3 2 0 0 1 0 3 4 0 3 1 3 1 0 0 2 3 1 5 4 2 2 2 1 1 2 4 1 4 2 1 1 2 2 2 0 2 2 0 3 2 1 0 3 3 1 3 3 1 2 0 2 1 3 2 1 4 0 2 0 3 2 2 0 3 2 1 3 0 2 3 3 2 0 2 3 3 3 6 0 0 3 3 1 2 2 6 0 3 3 3 3 4 1 4 1 2 4 0 1 0 1 3 2 5 1 1 1 3 0 4 1 0 1 1 2 3 1 2 1 2 0 2 1 2 4 2 0 1 1 0 5 3 3 4 3 0 2 0 1 1 1 1 1 3 1 2 1 1 4 5 0 2 1 1 2 1 2 1 1 3 5 3 0 1 2 1 3 3 0 3 3 1 0 1 2 3 1 2 1 0 2 1 5 0 3 4 4 1 3 1 3 0 0 5 0 3 2 0 1 2 3 3 4 1 2 0 2 4 3 1 0 1 3 1 2 1 4 0 3 1 3 0 2 2 1 1 2 1 2 2 4 0 2 2 4 2 1 3 3 2 1 2 2 3 1 2 0 1 1 1 1 2 4 2 1 4 4 2 1 0 0 4 0 2 4 1 3 1 2 0 3 4 1 5 1 3 3 0 1 1 1 4 0 6 1 2 0 1 5 2 0 3 1 0 3 1 2 1 4 2 2 2 2 0 1 3 3 0 2 2 3 2 0 1 1 2 1 1 1 0 3 2 2 9 1 3 3 1 0 3 4 2 1 0 3 2 0 2 3 3 2 2 4 2 0 0 1 5 2 1 2 3 6 0 1 2 2 2 0 1 1 3 2 2 5 2 3 1 1 3 0 0 2 2 2 0 1 3 0 0 3 4 3 3 2 0 2 6 1 0 3 3 1 3 2 4 1 3 2 4 0 0 2 2 0 0 3 1 2 3 4 0 0 0 1 5 1 1 5 0 0 0 4 2 1 2 3 2 4 1 4 3 1 1 0 3 4 2 0 1 3 2 2 1 1 2 1 0 3 3 5 2 0 0 1 5 0 1 1 0 4 2 1 1 4 0 1 1 2 1 3 2 2 2 2 1 2 1 1 2 1 1 0 4 3 5 1 2 1 1 1 3 4 4 3 2 2 2 1 1 3 5 4 1 1 4 4 2 0 1 4 1 1 0 3 2 2 2 1 1 3 3 3 4 2 3 2 2 0 1 2 2 3 0 2 1 0 1 3 3 3 0 2 1 3 1 4 1 2 4 1 2 1 1 4 3 1 3 4 2 4 4 3 2 0 1 2 2 2 1 0 3 5 3 1 2 2 2 3 1 3 4 1 0 6 1 3 2 2 1 3 0 4 1 2 0 2 5 3 3 0 1 3 3 2 2 3 1 2 0 4 1 5 2 1 2 2 3 2 2 1 1 4 2 1 1 1 1 1 0 3 5 2 3 0 1 1 3 2 5 0 1 4 1 2 3 1 2 0 3 1 2 1 0 4 3 5 1 3 0 3 0 3 1 0 1 1 5 2 1 5 2 0 2 0 3 1 1 4 3 1 3 2 4 1 4 0 4 1 1 4 3 1 0 1 3 0 5 2 3 2 3 4 1 0 3 1 1 2 3 5 0 1 1 0 0 0 1 2 0 3 1 1 1 2 1 1 2 1 1 2 4 2 2 3 1 3 0 1 0 0 3 1 4 2 2 1 2 3 0 1 2 1 3 2 3 2 5 1 2 2 3 3 4 0 4 2 3 5 0 1 2 1 3 4 3 3 2 0 3 1 1 5 2 7 3 1 1 5 1 2 1 3 0 1 0 3 3 1 2 1 2 2 2 3 2 0 0 4 3 0 2 2 3 3 3 6 1 3 4 1 1 2 2 0 1 4 4 3 1 2 0 4 4 2 1 2 2 4 5 1 5 0 0 5 2 2 0 1 2 1 3 1 4 1 4 5 2 1 2 2 2 3 3 2 2 2 2 1 3 0 3 5 0 1 1 2 1 1 1 2 3 4 3 3 1 0 0 0 3 1 4 2 3 2 1 0 0 1 4 1 1 3 2 1 0 6 0 3 2 2 3 0 0 3 2 3 4 3 5 1 2 2 0 1 0 2 3 1 4 2 2 4 2 1 2 2 0 2 4 2 1 0 2 0 1 0 3 1 2 2 5 3 1 4 3 2 1 2 2 0 0 3 3 4 2 2 1 4 0 3 0 1 2 1 3 3 3 1 0 2 2 4 1 2 1 7 0 4 1 0 4 1 1 1 2 3 1 1 2 2 4 3 1 4 0 3 0 2 1 0 1 1 3 3 4 2 4 0 3 2 3 4 3 5 1 1 1 1 1 2 1 2 4 2 1 0 4 0 2 2 3 3 1 1 0 1 0 1 1 3 1 3 3 1 3 1 4 0 3 2 2 4 0 0 2 1 1 4 0 4 4 2 5 2 1 1 2 3 2 2 3 1 1 4 1 3 1 1 0 2 4 1 1 1 4 2 0 0 1 1 3 1 0 1 3 0 4 3 5 1 1 2 2 0 3 1 1 3 3 1 2 0 0 1 5 3 2 1 0 0 1 2 2 0 1 1 1 1 4 0 2 3 3 3 3 2 1 2 3 1 1 1 5 0 1 1 1 2 0 3 4 1 1 2 3 0 1 3 3 1 5 3 1 3 0 2 0 2 1 4 3 3 1 6 3 0 4 1 2 4 3 1 3 3 2 1 0 0 2 0 1 5 2 0 1 4 1 1 1 1 1 1 1 0 1 1 2 2 1 1 3 5 1 0 1 1 1 2 2 2 3 3 2 3 1 1 3 2 1 1 3 1 0 3 0 4 7 1 4 2 2 0 0 4 1 1 5 2 2 2 2 1 2 3 3 0 2 2 2 2 3 2 2 2 3 1 0 3 5 0 3 1 0 0 6 1 1 1 0 2 2 1 1 1 1 2 2 3 5 3 0 1 0 1 3 1 0 2 3 3 1 1 1 2 2 2 2 2 2 3 2 1 2 2 3 2 1 1 2 0 2 2 1 2 1 4 3 2 3 3 2 2 2 1 4 2 0 2 2 2 2 2 0 2 2 2 0 3 2 2 4 4 3 3 1 0 1 0 3 1 4 1 2 4 2 0 1 0 3 2 0 2 4 0 0 2 1 3 3 3 2 0 0 1 2 0 2 2 2 0 2 2 3 2 0 0 2 4 3 2 1 2 3 1 2 1 1 2 1 2 3 1 2 3 1 2 2 3 2 4 1 1 1 0 3 2 1 0 1 3 3 2 3 1 4 0 1 2 0 1 1 2 1 2 3 4 1 1 1 1 1 3 2 4 3 3 3 2 2 1 1 0 2 1 1 2 6 3 1 1 1 1 1 1 1 2 1 2 3 2 2 3 1 2 1 2 0 1 4 2 1 2 1 1 3 1 5 1 1 3 1 1 0 3 6 1 3 2 1 3 1 1 3 2 2 4 2 2 1 1 4 2 0 1 1 4 3 0 2 1 1 2 2 1 1 4 1 2 1 3 4 2 2 3 3 1 2 1 1 0 1 0 2 4 1 3 2 4 2 1 1 2 0 1 4 1 2 2 2 3 2 2 4 3 1 2 3 2 0 1 1 0 4 2 4 2 1 0 4 2 1 0 2 1 3 1 1 1 3 4 1 3 3 4 3 2 3 4 2 2 1 2 3 1 3 3 0 2 1 2 4 3 3 4 2 0 0 2 2 2 3 2 3 0 1 3 3 1 2 2 4 1 2 4 2 1 3 1 1 2 2 0 2 0 3 1 3 0 3 1 1 5 1 6 1 4 1 2 1 3 2 3 3 1 4 0 0 2 2 3 3 3 2 1 3 1 2 3 1 4 1 2 4 5 2 2 3 2 2 1 2 0 3 4 1 2 1 1 2 1 4 2 2 3 3 1 4 1 3 1 0 2 3 2 4 5 1 1 4 2 1 1 0 0 1 1 2 6 3 2 1 1 7 2 2 2 2 2 3 0 0 2 2 2 2 3 0 3 3 2 1 2 2 1 5 1 1 3 2 1 3 4 5 1 1 1 2 1 1 1 1 4 1 4 2 4 1 0 1 3 2 2 2 1 1 3 2 2 1 3 2 0 4 0 2 2 3 0 4 1 1 3 2 0 6 1 2 2 2 3 3 1 3 2 2 4 2 0 3 3 1 1 0 1 3 2 4 0 3 1 1 0 1 2 2 3 2 3 3 0 2 3 1 1 3 2 2 1 1 3 3 2 4 3 2 2 3 3 0 2 0 4 2 1 0 3 4 0 1 5 1 4 2 0 2 1 1 1 3 4 4 1 2 2 1 3 1 2 1 4 2 3 2 4 4 2 3 0 3 3 4 0 1 0 0 3 3 1 2 4 2 0 6 1 3 2 2 0 1 2 2 3 0 4 3 2 1 2 2 0 1 1 4 1 2 2 1 1 5 2 1 3 3 2 0 4 1 2 1 3 3 3 1 5 1 3 1 0 1 1 1 2 4 2 3 1 3 0 4 2 0 4 0 3 1 4 3 1 2 2 4 2 1 2 3 2 2 3 0 0 2 1 3 1 1 2 4 0 1 3 2 1 1 3 2 4 2 2 3 2 2 3 2 0 2 0 4 3 2 4 3 2 4 2 1 1 1 1 2 1 3 1 2 3 2 1 0 1 1 1 2 2 4 3 1 2 5 2 0 1 0 4 2 0 3 0 2 2 3 2 1 1 4 1 2 2 3 2 0 3 2 1 3 2 3 1 2 5 2 0 2 1 2 1 2 2 4 2 2 3 2 0 3 2 1 3 4 3 2 0 2 1 1 2 3 0 0 2 3 4 2 3 2 3 2 1 1 0 1 3 3 2 0 3 1 1 5 3 1 1 1 3 2 3 1 2 5 1 0 2 1 1 4 3 4 1 2 0 1 5 4 4 1 2 3 3 1 2 1 1 4 6 0 3 2 1 1 1 0 4 1 6 3 0 2 2 2 3 3 1 0 2 1 5 1 2 6 5 0 2 1 1 0 2 2 1 4 0 0 2 1 2 4 2 1 0 2 2 3 0 1 2 1 3 1 1 2 2 3 0 0 2 2 0 1 6 2 0 3 0 1 3 0 2 1 3 1 4 1 4 3 2 1 2 1 2 2 2 3 4 2 2 1 2 4 4 2 1 2 1 3 1 2 3 2 1 0 1 2 2 3 0 5 1 0 2 2 2 2 2 1 2 1 1 0 1 1 2 0 0 3 0 4 1 2 1 3 2 1 2 3 1 2 4 2 4 2 3 1 3 0 1 4 1 1 2 2 2 3 0 1 3 0 3 1 3 1 0 5 0 2 1 2 2 2 2 1 2 1 2 3 3 0 3 1 2 1 2 0 5 1 0 4 4 3 2 3 2 1 2 2 2 1 1 2 3 3 1 1 0 3 1 1 1 1 1 2 2 1 7 1 0 1 1 3 2 2 0 3 1 2 4 2 0 2 5 2 1 2 3 1 3 2 0 0 3 2 2 3 0 5 4 0 1 0 4 3 1 1 4 2 3 3 0 1 4 3 0 3 1 1 3 1 3 0 4 2 1 4 1 4 1 0 4 0 2 0 3 2 2 5 3 1 4 2 3 3 3 0 0 3 2 3 2 0 2 0 2 2 3 0 5 2 3 1 5 1 2 4 2 2 1 2 2 1 2 5 4 2 2 2 2 3 0 0 1 2 2 3 4 2 2 1 1 4 1 1 0 2 0 2 1 3 1 1 0 2 2 1 4 4 0 1 0 2 1 3 3 3 2 1 1 0 2 2 1 6 2 3 5 4 2 3 1 1 2 3 3 2 3 1 2 3 2 2 2 1 1 2 3 2 0 1 0 6 2 3 3 2 2 4 2 3 2 3 3 1 1 1 4 1 3 2 2 3 2 1 2 3 3 3 1 1 2 3 2 4 3 3 0 2 2 5 0 6 0 3 1 3 0 0 2 1 0 2 1 2 1 1 3 1 1 3 1 4 4 2 1 4 4 2 4 0 0 3 1 2 1 0 2 1 4 2 2 5 1 1 1 3 1 1 2 2 7 1 4 0 3 1 1 3 2 1 3 1 4 1 2 1 0 0 4 1 2 1 3 1 6 0 3 2 2 2 3 3 0 0 0 0 2 1 5 0 2 3 3 2 4 3 1 2 1 4 1 2 2 1 1 3 2 1 3 1 3 1 1 2 2 4 1 3 1 1 0 1 0 4 0 4 2 2 2 2 4 2 3 0 5 1 1 1 2 1 0 1 3 0 1 1 1 2 1 3 0 1 0 3 2 3 3 1 2 2 4 1 2 0 1 2 2 4 3 1 1 1 3 2 2 0 2 0 2 0 3 4 5 2 1 0 1 1 1 4 2 1 3 0 2 0 2 5 4 1 1 0 4 2 3 3 2 0 2 2 1 2 2 1 2 2 3 2 2 3 3 0 2 2 1 1 3 1 2 2 1 3 1 1 2 3 2 4 2 2 2 5 2 3 5 2 1 1 0 1 2 4 2 2 2 1 1 0 2 0 2 3 1 5 1 3 0 1 3 2 2 3 1 1 3 2 4 1 2 0 7 1 3 1 3 1 0 2 0 6 2 1 6 3 3 1 3 1 3 2 2 4 1 1 4 2 0 2 0 3 1 4 2 1 2 2 0 2 2 4 0 1 0 5 1 5 0 1 3 2 3 1 4 1 1 1 1 3 3 1 1 3 2 3 3 2 1 2 2 0 1 0 1 6 2 2 3 0 3 2 2 2 0 4 1 3 1 3 7 4 1 1 1 1 1 3 5 2 2 2 3 2 3 2 1 1 1 1 5 1 1 0 1 0 3 2 1 6 3 1 2 2 0 2 0 5 0 3 3 2 2 1 0 1 1 1 0 5 2 3 2 6 3 1 2 0 0 4 2 1 0 1 0 3 3 2 3 4 2 3 4 2 0 1 0 0 1 2 0 1 2 1 1 1 0 2 2 5 6 1 1 0 1 2 5 1 0 0 2 3 3 3 2 2 2 3 0 1 0 3 0 1 2 2 2 3 0 0 4 0 2 1 2 2 2 0 3 3 2 1 0 2 3 2 1 2 0 1 2 1 2 4 2 3 3 2 0 3 1 2 1 1 2 2 3 1 1 5 1 2 4 0 2 0 2 2 1 2 2 2 2 1 2 2 1 0 2 2 2 4 1 0 1 1 3 3 3 3 3 1 1 3 3 3 1 1 3 1 3 0 2 4 3 3 3 3 2 1 1 0 3 6 1 0 3 2 5 1 1 2 0 0 1 2 1 5 1 2 6 5 1 2 1 2 3 0 4 1 2 2 5 1 1 0 2 4 0 4 3 0 2 2 1 3 3 2 1 2 1 1 0 1 2 0 2 5 4 3 0 0 1 2 2 0 2 0 1 3 0 3 0 3 2 1 2 2 0 6 2 2 0 3 2 3 3 0 0 3 0 0 2 1 2 1 2 0 0 1 0 1 2 1 1 4 2 3 2 1 3 2 2 3 2 2 3 1 0 2 3 0 1 1 3 3 2 0 1 3 2 1 3 2 5 2 2 2 4 1 3 1 3 2 0 1 2 1 3 3 5 1 1 1 2 1 5 2 2 1 1 3 5 4 1 1 4 0 3 2 1 3 0 1 2 4 5 2 1 2 3 2 5 0 0 2 1 1 1 4 2 2 1 2 1 2 2 1 3 2 1 4 1 5 1 2 2 4 1 2 1 2 3 2 2 2 6 2 3 3 1 2 2 2 1 2 3 5 1 1 4 2 1 2 2 4 1 1 3 2 3 1 3 2 3 2 0 2 1 0 2 2 1 1 2 2 3 0 2 2 3 2 0 1 0 2 1 3 3 1 1 0 5 3 1 1 0 1 2 0 3 2 1 2 2 3 1 1 0 2 3 2 2 1 0 4 4 1 2 2 1 3 0 5 2 0 3 0 4 2 5 1 1 2 3 0 2 2 2 1 3 4 1 4 4 3 1 1 2 3 1 1 2 2 3 0 1 0 2 1 0 2 2 3 4 2 0 1 4 3 4 0 3 2 0 3 2 1 2 2 2 1 1 5 3 3 1 2 1 1 1 2 3 2 1 4 1 0 1 1 3 3 0 2 2 0 0 0 2 3 1 0 0 5 0 1 2 1 5 2 1 0 5 0 1 3 1 4 1 1 1 1 3 3 2 1 2 3 2 2 3 2 1 1 3 1 1 3 2 3 3 3 2 1 0 1 1 5 0 2 1 0 4 4 3 1 3 3 2 1 4 0 1 1 3 3 2 1 0 4 1 0 0 3 1 1 0 1 3 2 1 2 2 3 4 3 0 3 2 0 2 2 1 3 3 2 2 0 4 3 0 1 1 2 0 1 2 4 0 2 3 3 1 4 2 1 0 1 4 3 3 3 5 3 0 1 4 2 3 3 3 1 1 3 2 1 3 2 3 0 1 4 3 0 3 2 4 2 1 3 1 1 2 3 1 5 3 1 1 3 1 1 0 2 3 3 4 3 0 2 4 3 4 1 3 2 5 1 1 3 1 1 2 5 0 1 2 1 2 1 1 1 4 1 1 2 2 2 3 2 1 2 3 2 2 2 1 0 1 2 1 1 2 1 4 3 1 1 1 4 3 3 1 0 1 2 1 0 3 1 6 2 2 3 3 3 1 1 3 1 3 2 3 1 0 3 1 3 3 3 2 4 2 1 3 1 0 2 2 2 2 0 3 3 3 2 2 0 3 4 2 2 1 3 3 5 2 6 2 1 1 4 1 3 1 4 1 0 2 3 1 4 1 0 2 2 3 2 3 2 3 0 2 2 1 2 3 1 9 2 2 0 2 2 1 3 1 2 2 3 2 1 1 1 1 1 0 2 1 4 3 2 3 3 3 1 1 3 0 2 1 0 0 3 3 4 3 1 0 4 2 0 2 2 2 3 2 1 2 2 4 1 3 4 3 3 1 2 3 1 0 1 2 1 2 2 1 1 1 0 2 7 1 3 2 3 1 1 2 0 3 2 3 0 1 3 2 1 0 4 4 1 2 0 2 1 1 1 3 2 5 2 2 2 1 1 1 1 3 1 2 1 3 4 3 3 1 1 2 1 3 4 1 3 3 0 2 0 2 1 1 2 2 2 2 2 3 1 2 2 3 2 0 4 2 2 2 1 1 0 2 4 1 1 0 1 4 2 1 2 5 2 3 1 3 2 4 1 0 1 1 2 0 3 0 5 1 1 0 2 3 1 1 1 1 4 2 5 2 2 1 2 2 2 0 2 2 2 1 3 2 1 2 1 1 2 1 4 2 3 3 1 2 0 3 3 1 3 2 1 2 4 0 2 2 1 2 1 2 6 2 2 2 2 1 3 1 2 3 1 4 2 0 5 5 0 1 4 3 2 3 2 1 4 0 1 2 1 2 4 4 2 1 1 3 3 2 2 1 1 2 2 1 2 4 1 1 1 3 1 2 3 2 2 3 3 1 3 0 1 3 0 2 4 1 2 1 1 2 2 0 4 3 1 3 3 3 1 2 3 3 2 2 3 2 1 0 2 2 3 2 3 4 2 0 4 2 0 1 3 1 1 4 2 1 3 1 2 2 2 1 0 1 0 3 4 3 3 2 2 2 4 1 3 1 1 0 0 1 1 2 5 3 2 2 4 1 2 4 2 2 2 2 2 3 2 2 1 1 0 1 2 2 1 2 3 4 4 0 0 2 4 2 2 2 0 2 2 1 1 4 0 3 2 2 2 3 3 0 0 2 5 1 1 6 2 0 2 1 2 2 1 0 2 1 3 1 2 1 3 3 1 2 2 3 1 1 0 2 2 0 5 3 4 0 2 0 1 2 2 2 1 2 3 2 1 2 0 1 2 1 3 1 0 1 1 0 1 4 0 1 1 1 3 1 2 3 0 2 3 5 1 1 2 4 2 2 0 5 1 1 1 6 2 5 3 1 0 1 1 3 4 1 1 1 3 4 2 3 1 1 3 1 2 1 1 2 3 3 3 1 1 4 3 2 3 3 0 2 2 2 3 0 3 0 3 0 5 3 0 2 0 1 3 5 2 2 1 6 1 1 2 1 1 3 1 2 0 1 0 4 2 4 1 2 2 1 2 4 0 3 3 1 0 0 2 3 0 4 3 0 4 2 0 1 1 2 4 0 3 0 3 2 4 3 2 2 0 1 2 1 3 5 3 2 0 2 1 1 3 1 0 0 4 5 0 1 2 2 2 0 3 2 4 2 4 4 4 2 0 2 1 2 4 1 0 2 3 2 2 0 0 4 1 2 4 1 1 0 2 0 1 4 4 4 0 0 1 1 2 3 3 2 0 1 3 3 1 1 5 0 3 2 3 5 3 2 2 1 0 0 5 2 2 0 1 5 6 3 2 3 2 0 4 3 3 1 2 3 2 0 1 1 1 3 0 2 0 3 3 2 0 0 1 2 2 0 1 6 2 1 2 1 4 3 2 3 1 2 1 3 3 6 0 2 1 3 1 3 2 2 2 1 3 6 2 0 1 2 2 2 2 1 2 2 3 2 0 2 1 2 3 1 2 3 3 3 0 1 2 1 1 2 0 3 1 1 1 1 3 0 2 2 2 1 3 3 5 1 3 3 6 2 1 1 3 2 4 3 0 3 1 1 2 0 1 2 1 2 1 2 1 2 4 1 4 4 1 3 2 1 0 0 1 6 0 3 2 3 0 0 1 3 2 4 2 2 4 0 0 3 4 1 1 2 1 1 4 4 0 2 1 3 1 3 1 1 2 4 2 3 3 1 2 0 1 2 0 1 0 0 3 3 0 2 3 2 1 5 3 2 2 1 4 0 5 1 0 1 1 0 4 1 4 4 3 1 3 1 1 1 2 3 3 1 1 2 1 2 3 6 2 2 3 3 1 2 2 0 2 0 1 1 3 1 2 1 2 3 1 0 3 0 3 2 2 3 2 0 2 1 0 2 1 0 2 1 4 4 1 3 0 2 2 4 0 4 4 2 2 2 2 1 3 0 3 1 4 1 0 1 5 1 3 2 1 3 3 4 2 1 2 0 2 2 1 2 2 2 3 2 1 2 3 0 4 3 2 2 2 1 0 4 1 2 1 1 0 2 2 2 3 3 1 1 1 1 1 2 1 4 3 6 1 2 3 1 1 1 1 1 3 2 5 1 2 2 1 2 1 0 1 2 1 1 2 7 1 1 4 2 3 3 5 3 4 1 1 3 2 2 1 3 2 2 2 2 1 2 5 1 3 0 1 2 1 4 1 3 2 4 1 2 1 3 3 1 1 1 1 0 6 1 2 2 0 0 4 2 0 1 2 1 1 5 1 2 0 3 2 2 1 2 3 2 4 2 1 1 1 2 4 4 1 1 2 4 3 0 2 1 0 0 3 2 1 3 0 3 5 2 5 1 3 0 1 2 3 0 2 3 3 1 2 5 2 1 1 1 1 1 3 2 4 1 2 2 3 3 3 3 2 2 1 2 3 4 1 0 1 1 2 1 2 1 0 1 3 4 1 3 0 0 1 2 0 1 2 3 2 1 4 0 4 3 2 2 1 0 5 1 5 3 1 1 4 2 1 1 6 1 1 5 0 1 2 4 2 1 2 5 1 0 1 2 1 2 1 1 4 2 4 1 8 2 3 1 1 3 1 2 3 0 2 2 2 6 2 1 2 1 3 3 2 3 1 1 3 1 1 3 0 2 1 3 2 1 1 1 1 1 3 4 4 0 3 1 2 2 2 3 2 3 2 2 2 2 4 0 1 1 3 1 2 3 4 4 5 0 1 4 4 0 0 2 3 4 1 3 1 0 1 3 2 6 2 4 1 1 2 4 0 0 2 3 5 1 3 3 4 4 2 0 1 1 3 1 3 1 4 4 5 2 3 0 2 0 1 1 2 3 2 3 8 2 3 0 1 0 0 3 3 0 3 0 2 1 1 2 0 4 3 1 1 1 3 0 4 2 3 2 1 3 3 2 1 0 3 2 0 1 1 2 3 0 0 1 3 1 0 3 4 2 2 4 4 0 3 0 0 1 2 6 0 1 2 1 1 1 2 3 0 1 1 3 2 4 3 3 1 0 0 0 3 1 0 6 2 0 2 1 2 2 5 3 3 1 0 3 1 3 1 4 3 3 3 2 1 1 2 0 2 1 1 2 3 1 2 2 2 3 2 2 1 0 2 2 4 4 2 1 3 3 2 0 0 1 0 1 4 2 3 1 1 3 1 1 2 2 2 2 2 0 1 1 4 0 0 2 2 0 1 0 2 0 2 2 2 0 0 2 3 2 5 2 1 1 3 0 0 2 0 1 6 1 1 3 1 1 0 3 3 2 5 2 2 2 3 5 2 2 1 1 0 2 4 1 1 4 1 1 3 2 1 2 2 1 0 2 1 0 3 3 2 0 1 1 1 1 4 1 2 2 0 1 1 1 3 3 2 0 3 0 0 4 2 3 2 4 1 2 6 0 2 3 1 3 1 3 4 1 0 3 2 1 2 4 2 1 3 2 4 1 2 1 3 6 1 0 1 1 3 2 0 1 4 2 3 2 2 1 4 2 3 2 3 1 3 1 3 1 1 1 4 1 3 2 2 2 3 1 4 2 1 2 2 1 0 6 2 1 3 1 1 1 1 4 0 3 0 1 5 4 2 2 1 2 1 2 0 4 1 3 0 3 2 5 4 1 4 0 2 3 3 2 0 4 3 2 0 1 4 1 0 5 0 3 1 2 2 2 1 2 1 1 1 3 1 6 1 2 2 2 3 2 2 2 1 1 1 2 0 2 1 5 4 1 2 0 2 1 4 6 2 1 0 2 2 4 3 0 2 4 2 1 4 2 0 2 1 1 1 2 3 2 3 2 0 2 0 2 4 3 2 2 0 1 5 1 1 3 2 3 2 2 0 5 3 1 1 4 2 4 3 2 3 4 3 2 0 1 0 1 3 1 4 6 1 2 1 2 3 0 0 1 4 2 3 3 6 2 2 3 4 1 2 2 5 1 3 2 3 1 2 1 3 3 0 0 2 1 2 2 1 6 0 0 3 2 0 1 1 4 0 1 1 2 2 4 0 1 2 3 3 2 2 1 1 3 5 2 1 2 1 6 6 0 0 2 0 3 1 3 1 3 1 0 4 1 1 0 3 2 1 0 5 0 3 0 1 1 4 2 4 1 1 3 0 1 2 1 5 0 1 2 2 1 1 3 4 0 4 1 2 0 2 2 2 2 1 2 3 0 2 3 4 0 1 2 5 2 1 1 3 2 1 0 3 3 4 3 1 2 2 3 3 1 4 2 3 2 1 0 2 1 1 1 0 1 3 2 2 3 0 2 2 1 2 4 1 0 1 1 3 3 2 2 0 2 0 3 1 3 2 1 2 3 1 2 1 4 2 1 4 3 2 0 4 3 1 2 2 3 0 0 1 3 1 1 2 4 2 1 1 3 0 4 1 0 3 0 2 0 3 2 1 3 2 2 1 1 4 2 0 2 1 5 0 3 5 2 5 1 1 1 3 2 0 2 1 2 4 2 1 0 5 1 3 1 2 2 6 3 1 1 1 0 1 2 1 4 4 4 2 3 1 3 2 3 0 4 3 1 0 3 3 2 0 2 4 2 5 3 0 0 3 0 1 1 2 0 1 2 1 0 2 2 3 4 3 0 4 0 3 3 0 2 3 0 2 6 1 2 1 3 2 2 2 1 1 0 4 3 5 4 4 1 2 2 1 2 4 0 1 1 1 1 2 0 4 3 2 1 2 1 1 4 2 0 2 1 1 1 2 5 3 2 2 3 0 1 1 1 2 1 1 3 2 2 2 1 2 3 4 2 3 2 2 1 1 2 2 3 2 1 3 0 1 4 1 1 2 2 0 2 1 0 1 1 2 3 2 3 3 1 2 1 5 0 1 0 1 0 0 2 1 2 3 2 0 3 3 3 1 2 2 1 3 4 1 1 2 5 2 0 5 1 3 1 1 3 2 3 4 2 4 4 1 0 2 3 1 1 2 2 3 2 1 2 2 1 2 3 2 0 1 1 0 2 2 1 1 2 2 1 2 3 3 2 1 2 2 1 4 1 1 1 1 3 1 7 5 3 3 0 2 0 2 3 0 2 0 2 2 2 4 2 1 1 0 2 1 2 1 2 2 4 3 1 0 2 4 2 2 4 4 3 1 1 1 1 1 2 1 1 1 1 0 1 4 1 2 1 4 2 2 3 3 2 6 1 2 4 2 3 1 1 2 3 1 4 4 1 4 5 1 1 4 1 3 4 1 5 1 4 1 2 1 4 3 2 0 1 1 1 2 5 2 3 0 0 3 1 2 0 3 3 1 2 2 2 0 1 2 0 3 1 1 2 2 5 2 2 1 1 2 4 0 2 1 2 0 0 2 2 1 3 4 1 0 3 1 1 5 1 2 1 2 2 0 0 2 0 4 2 1 2 4 1 3 3 1 3 1 4 1 4 3 1 1 3 3 0 3 1 2 2 2 1 2 4 2 2 3 2 2 2 0 2 1 2 1 2 4 1 2 2 2 3 0 1 3 2 1 2 1 3 2 2 2 3 2 2 0 3 1 2 2 5 5 2 1 1 0 4 1 5 1 3 2 3 3 3 1 1 3 1 3 3 1 2 3 4 1 0 4 1 4 3 1 4 2 3 4 1 0 2 1 2 0 4 2 2 1 0 2 3 2 1 0 0 3 4 3 1 4 2 2 3 0 1 3 6 1 0 4 2 1 2 0 4 2 0 1 4 1 2 3 2 4 1 2 2 4 2 1 2 1 4 1 8 2 1 0 3 6 3 0 0 2 0 4 3 3 0 0 2 1 3 1 3 1 4 2 5 2 1 1 2 0 0 1 1 3 4 4 3 2 1 1 1 1 2 1 1 1 1 1 3 1 1 2 2 1 3 4 2 1 1 2 1 4 5 3 0 0 1 2 2 1 3 4 2 1 1 3 3 1 3 1 2 3 1 0 2 1 2 7 4 0 3 0 0 0 0 1 2 1 2 3 3 1 2 1 2 1 0 5 1 2 4 5 1 2 1 2 1 1 1 2 0 4 1 4 2 2 2 2 4 3 1 0 2 1 4 3 0 1 1 4 1 2 1 2 0 2 1 3 6 1 2 2 3 3 4 5 2 2 2 3 2 2 1 1 3 0 2 2 4 1 1 2 1 0 1 0 0 3 6 1 0 4 1 1 2 0 2 1 5 2 4 1 2 4 0 1 1 3 7 2 1 0 1 1 2 1 3 0 1 3 4 4 4 2 1 3 0 2 5 2 1 1 1 4 2 1 1 2 2 7 1 2 2 1 2 2 4 2 1 0 2 2 2 4 3 4 1 1 1 1 3 2 0 1 0 7 3 1 0 1 1 4 1 1 2 2 0 2 2 2 3 6 1 2 2 2 1 2 0 1 0 2 1 2 1 1 3 4 1 0 2 1 0 1 4 0 3 1 2 1 3 2 3 1 1 3 2 2 2 5 2 1 2 1 1 0 3 1 1 4 1 1 1 2 3 1 2 1 3 2 3 1 0 2 4 3 2 2 2 3 1 0 4 2 0 2 3 2 1 1 0 4 2 0 1 4 0 2 2 1 2 1 4 6 3 2 1 2 4 2 1 1 0 3 3 1 2 2 2 1 2 2 2 0 1 1 2 2 1 2 2 1 1 1 3 2 1 1 6 4 1 4 3 1 2 1 3 2 2 4 2 2 2 0 1 0 0 5 7 0 2 3 2 2 2 2 0 4 1 2 1 1 1 1 3 1 0 1 3 5 1 2 4 1 3 1 3 4 2 0 1 1 3 0 3 2 2 3 0 0 2 2 3 1 0 1 3 4 1 0 5 3 1 1 1 1 2 2 3 0 3 3 2 1 2 2 1 2 0 3 2 1 2 1 1 2 2 2 5 3 3 2 1 1 2 1 3 0 1 1 3 1 1 1 1 2 3 4 1 1 1 1 4 2 4 1 2 2 0 4 1 2 2 1 3 3 2 2 4 1 0 1 0 3 3 1 0 2 1 1 1 2 2 4 1 3 2 1 3 3 3 3 3 2 1 2 0 0 2 5 3 2 3 0 2 1 0 3 1 1 1 1 2 0 0 1 4 2 4 1 4 1 2 2 2 4 1 0 0 1 0 2 4 7 1 2 1 1 2 2 1 3 2 0 2 3 1 4 3 3 3 1 0 2 4 1 4 1 2 4 2 0 3 3 2 1 2 0 1 2 2 1 1 3 1 2 3 2 3 3 4 4 1 1 3 0 3 4 2 0 1 1 0 1 3 2 3 5 4 1 1 2 2 4 4 3 0 2 2 2 6 2 3 1 0 2 2 2 0 2 2 3 2 1 2 1 2 2 2 3 3 2 0 2 2 3 2 6 2 2 1 3 2 5 2 2 3 1 0 3 2 2 1 3 2 3 2 1 2 0 1 2 1 1 2 0 3 4 2 2 2 4 2 2 0 1 3 1 2 0 2 2 4 3 3 1 1 2 2 2 2 1 3 0 2 0 5 4 1 3 1 3 3 3 2 1 3 4 0 2 0 2 0 0 4 2 2 2 2 6 4 1 1 1 2 0 2 0 1 2 4 1 0 4 2 1 0 5 4 2 2 1 0 1 1 1 2 1 3 2 3 2 3 3 0 2 0 0 0 2 6 4 4 1 2 0 2 2 3 1 5 0 1 5 0 4 4 3 3 2 2 1 1 4 1 3 2 3 1 4 1 4 0 0 1 0 0 2 1 3 3 6 1 2 1 2 4 0 4 3 1 1 1 4 2 2 3 2 2 0 3 2 1 0 5 1 0 0 3 2 2 2 8 1 3 1 2 4 1 0 1 1 2 1 3 0 0 1 3 1 3 1 3 2 1 3 3 3 2 2 0 3 1 2 3 3 2 1 1 2 3 1 3 2 2 2 1 1 2 3 2 2 3 3 2 4 2 2 1 3 2 1 4 1 0 2 4 2 3 4 0 2 2 3 0 2 2 1 3 3 1 2 2 4 1 3 1 0 2 2 1 1 2 1 1 3 2 3 2 0 2 3 3 5 1 2 1 2 2 2 4 0 3 2 0 3 2 0 0 5 2 1 2 3 2 2 1 2 2 5 0 1 2 1 4 2 3 1 2 2 4 2 4 2 0 3 1 4 0 2 1 4 4 2 1 2 3 2 3 1 1 1 1 0 0 5 1 2 4 0 5 1 1 2 4 0 2 1 4 0 5 2 1 0 2 1 1 4 4 2 1 5 2 0 0 1 3 0 0 1 3 1 2 2 3 3 0 3 3 4 2 1 1 0 2 1 0 0 2 1 2 3 1 0 3 2 0 5 3 3 1 2 3 4 1 2 2 2 0 1 1 2 0 0 4 0 6 0 1 1 2 1 1 2 0 2 0 1 1 5 2 0 3 2 4 5 2 2 2 1 1 2 1 2 3 4 3 1 4 0 2 1 2 4 1 1 2 1 1 2 3 4 2 2 0 1 5 3 1 1 1 2 5 8 1 0 0 1 1 2 1 3 0 3 4 4 4 1 2 1 5 1 1 1 2 1 2 2 2 5 2 1 3 0 0 0 0 4 1 3 1 5 1 2 0 3 0 3 3 1 5 3 0 3 2 4 3 0 0 0 2 3 1 4 1 1 3 2 3 3 4 5 1 1 3 1 1 0 1 3 4 2 0 1 1 0 1 2 2 4 1 1 0 2 2 1 0 3 3 1 2 3 1 4 1 2 4 3 0 2 3 2 3 1 1 3 0 0 4 0 4 2 2 6 3 1 1 1 2 3 2 3 1 1 2 0 2 2 2 1 1 3 2 3 0 2 2 1 2 1 0 2 2 4 1 2 1 2 2 2 1 1 1 2 2 2 1 4 1 2 0 1 1 3 2 2 2 1 3 2 2 0 2 4 2 3 0 4 4 3 2 2 1 2 5 4 1 3 1 1 0 0 2 1 3 4 0 1 1 0 3 2 1 2 2 4 2 1 1 4 1 2 2 3 1 0 3 5 1 0 1 3 2 1 2 0 1 0 3 2 2 1 1 2 1 1 1 2 3 1 2 4 0 2 2 2 3 1 2 3 3 5 0 1 1 1 3 2 2 2 3 2 2 3 3 1 2 2 0 1 4 0 2 1 2 2 2 1 2 3 4 1 2 4 3 1 3 2 0 0 1 2 1 4 4 4 1 1 2 1 0 3 1 1 1 2 0 3 0 6 3 1 3 3 0 2 2 4 2 0 1 3 0 1 2 2 0 1 1 1 1 0 1 4 2 3 3 1 3 4 2 4 2 0 3 1 1 3 3 2 2 3 2 1 2 1 3 3 0 2 2 1 1 1 2 4 3 1 0 1 5 0 1 1 2 2 4 2 3 1 5 3 2 2 4 1 2 2 2 1 2 1 1 4 1 6 0 0 2 2 1 1 2 6 2 1 1 1 1 2 1 1 4 1 4 3 1 1 2 4 0 5 2 3 1 2 2 3 2 2 1 3 2 1 3 2 3 2 1 0 2 3 7 5 1 0 1 2 2 2 3 1 1 3 3 3 1 2 0 2 0 4 3 3 0 3 0 0 1 1 3 3 2 2 1 3 2 2 1 1 3 3 1 6 2 0 1 2 1 3 2 3 3 1 1 4 2 2 3 2 5 1 3 1 1 0 0 1 3 2 2 3 0 3 1 5 2 3 0 2 2 2 0 3 2 2 1 3 2 4 2 2 2 3 2 6 0 2 3 1 2 4 4 1 2 1 1 3 1 2 1 3 0 1 4 3 1 3 1 0 2 6 0 1 2 2 1 3 6 2 2 1 2 1 3 1 0 1 1 3 4 0 0 0 2 2 1 2 3 3 4 1 0 0 1 5 2 3 1 0 1 4 2 2 2 1 1 1 2 1 1 1 2 0 2 2 3 1 3 3 0 2 4 3 1 1 1 2 2 1 2 3 3 2 1 2 2 2 1 2 0 2 2 0 3 3 1 2 1 4 5 1 2 5 1 2 1 2 5 1 3 0 1 0 3 2 0 2 3 3 3 3 0 1 4 1 1 3 3 3 3 0 0 4 1 3 2 2 1 4 3 1 0 1 3 1 1 1 2 0 3 5 1 1 3 1 2 4 2 3 2 0 2 1 2 0 1 2 1 2 4 4 0 2 1 1 0 4 1 1 2 3 1 2 0 4 2 4 2 1 1 1 3 4 2 2 4 1 0 2 1 2 3 1 2 2 3 3 1 1 2 3 1 2 2 3 0 2 1 6 3 2 2 2 1 2 3 2 3 0 4 1 0 1 5 5 2 3 1 1 4 1 2 2 1 3 4 2 1 1 3 0 3 3 3 1 2 3 1 3 1 4 2 2 1 2 3 2 0 2 2 1 1 1 3 1 3 0 1 2 2 1 2 4 2 2 2 1 0 2 0 1 1 1 3 5 2 1 4 3 3 3 0 2 3 2 4 1 2 2 2 3 2 1 3 0 2 2 2 4 2 4 1 3 1 0 4 1 2 3 4 4 1 1 2 1 3 0 1 1 1 3 0 1 3 2 4 4 3 2 2 0 6 2 0 2 0 4 1 1 1 3 3 2 5 2 1 3 2 2 2 3 0 3 1 4 3 1 0 2 3 0 3 1 2 1 1 3 2 2 1 1 0 1 2 0 5 6 2 4 0 2 3 0 3 1 1 2 1 0 2 2 1 1 1 2 4 0 2 3 1 2 2 3 0 2 2 0 1 2 2 1 0 1 2 2 5 2 2 2 2 5 0 0 0 1 2 3 2 1 2 2 3 2 3 1 0 1 1 3 6 2 0 3 3 4 2 3 1 3 1 3 1 2 0 3 1 4 1 2 5 1 3 1 4 0 5 2 2 1 0 1 2 1 2 0 0 1 2 3 3 2 1 3 1 2 3 3 2 1 0 1 2 5 2 0 1 0 0 0 2 2 3 5 2 1 3 1 5 2 2 1 5 1 0 1 0 0 3 4 2 5 5 1 0 2 2 0 2 2 3 4 0 1 1 1 2 1 3 4 2 1 3 0 6 0 2 2 3 3 2 2 4 4 0 4 4 5 0 0 2 2 1 2 2 2 2 2 4 2 1 1 1 4 2 2 1 1 4 1 4 3 1 1 0 3 0 3 0 2 2 1 0 1 3 4 3 3 0 3 1 1 3 1 1 5 0 2 2 1 3 4 1 0 2 0 2 4 3 4 2 2 4 2 4 0 0 1 2 0 3 0 1 3 4 1 3 1 4 2 2 1 2 2 1 1 3 3 2 3 2 0 2 3 1 1 1 3 3 1 1 3 1 3 3 1 4 2 1 2 0 6 8 0 2 0 2 2 3 2 1 3 1 4 1 3 0 0 0 0 5 3 4 2 2 2 0 2 3 3 2 1 0 0 3 1 2 2 3 1 2 3 5 1 1 2 1 4 2 2 1 2 2 1 2 3 0 3 0 1 3 1 1 1 4 2 2 3 2 5 3 1 1 2 2 1 2 1 3 3 2 1 2 3 1 1 2 2 2 0 2 4 1 1 2 1 2 1 2 4 1 3 2 0 2 2 3 1 2 2 2 6 1 3 3 1 1 4 3 1 0 0 6 1 3 2 0 1 1 1 3 0 1 1 2 3 0 0 5 3 0 5 0 1 4 1 3 1 1 1 1 1 0 3 4 1 1 2 0 1 3 4 2 5 3 1 1 1 1 3 1 1 3 2 0 2 0 3 3 3 1 0 3 1 2 1 4 4 2 2 1 2 4 0 2 3 0 3 0 4 3 3 2 2 3 2 3 3 1 2 1 0 4 3 0 1 1 1 2 3 2 3 2 3 1 3 1 2 3 1 2 1 0 1 4 2 3 1 4 3 2 3 3 3 2 1 3 2 1 1 1 2 0 1 4 3 0 2 2 1 1 2 1 2 0 1 1 3 3 1 2 0 1 2 5 1 3 1 3 2 4 0 1 0 2 1 2 3 2 3 3 1 0 1 1 1 3 2 2 2 3 2 0 1 2 2 3 3 3 2 3 0 1 2 3 1 2 1 2 1 3 1 3 0 0 2 0 5 3 2 3 0 3 1 1 3 2 1 2 3 1 1 5 1 4 2 1 2 2 1 1 1 3 2 1 1 3 0 0 2 2 2 4 1 3 2 3 5 1 1 1 2 4 3 0 1 3 0 3 0 3 2 1 2 2 7 4 3 2 1 1 4 0 3 1 2 1 1 1 2 3 1 3 0 3 2 2 1 2 2 3 1 1 1 6 0 0 4 1 0 3 2 3 3 3 0 4 2 1 3 2 1 1 1 1 1 2 0 1 1 4 1 2 1 6 1 2 2 0 2 4 2 1 3 1 2 1 2 0 1 2 3 1 3 1 3 1 1 0 2 2 1 4 4 1 0 4 2 3 3 3 0 2 0 1 0 4 3 6 2 0 0 1 4 2 4 1 1 3 1 1 3 2 0 4 1 3 5 1 0 2 0 3 2 2 3 3 2 2 3 2 2 5 2 1 1 3 4 1 1 1 2 0 4 2 2 2 3 4 4 1 1 2 0 1 3 2 4 1 1 3 1 3 2 2 2 1 4 1 1 2 5 2 2 1 3 1 1 0 3 2 1 2 2 5 3 1 1 0 2 3 1 1 4 1 5 1 2 5 3 1 1 2 3 2 2 0 0 2 4 2 4 0 1 2 2 3 2 1 4 3 3 0 1 3 3 1 0 1 1 2 2 2 2 0 1 4 3 1 1 5 3 4 0 2 3 1 1 3 3 1 1 2 2 1 1 3 1 5 2 0 1 4 2 5 3 1 4 3 1 3 0 3 1 1 2 3 1 2 0 3 2 4 1 0 2 0 5 3 4 5 1 2 3 3 3 1 1 1 2 2 2 2 1 3 2 1 3 0 2 2 1 1 4 1 1 2 1 2 0 1 2 1 1 2 2 1 1 1 1 3 0 0 2 2 2 1 2 2 1 4 0 3 3 1 1 1 1 4 5 2 4 1 2 2 0 2 3 1 2 3 3 2 1 2 0 3 1 1 5 2 2 0 1 3 1 2 5 1 3 2 3 1 2 2 2 1 1 2 3 0 1 3 0 1 0 3 1 0 3 0 1 8 1 3 2 0 1 1 3 1 0 4 1 1 1 5 0 1 3 2 0 1 2 1 2 1 2 3 3 4 0 2 0 2 2 2 4 2 1 1 2 1 2 1 0 2 2 3 2 3 3 1 1 2 3 0 1 0 2 0 2 3 1 3 6 3 1 2 2 2 2 2 1 2 1 2 1 3 4 2 3 4 2 0 2 2 2 3 1 4 2 1 2 2 3 0 1 0 3 2 4 4 3 2 2 1 3 1 2 2 2 1 1 2 0 2 5 3 1 2 2 2 1 3 3 2 1 1 4 1 2 3 0 2 0 3 1 1 2 2 3 4 1 4 0 1 2 2 0 3 4 1 5 2 1 1 2 1 3 2 2 1 3 7 2 1 0 2 4 3 2 4 1 0 3 2 1 0 4 4 1 3 4 1 3 2 2 3 2 5 3 2 1 1 5 4 2 0 2 0 3 1 2 2 1 2 2 2 0 2 2 1 0 2 3 4 0 1 1 1 1 0 5 2 1 1 2 0 4 2 4 1 2 1 1 2 3 5 1 1 0 1 0 2 2 0 3 0 4 4 1 4 1 1 1 3 1 2 1 3 2 0 1 2 2 1 1 3 3 0 0 3 1 4 1 1 1 0 7 0 2 2 3 1 0 6 1 1 1 3 2 3 4 1 4 2 2 0 0 1 3 1 2 1 2 2 2 1 2 1 3 1 1 3 2 1 3 6 2 2 1 2 1 1 0 2 2 1 1 4 2 2 4 2 2 1 0 0 4 1 3 1 0 3 1 2 4 2 1 3 1 3 2 3 4 2 1 2 3 2 1 2 1 3 1 4 1 2 0 2 3 2 1 2 1 1 1 1 3 3 0 2 1 1 5 1 1 1 5 2 4 3 3 2 2 2 4 1 2 1 2 2 1 3 1 2 1 0 5 3 1 5 3 0 2 0 2 2 3 1 2 1 1 3 1 5 1 0 3 1 3 2 2 1 1 2 1 1 3 2 1 2 1 1 4 2 3 2 2 1 4 2 4 1 0 0 4 3 0 3 2 2 4 3 1 1 2 4 1 3 6 2 1 2 0 2 3 0 1 0 2 0 1 1 1 2 1 1 3 4 2 0 1 4 1 2 3 2 1 1 2 1 2 0 4 0 3 1 2 5 1 4 0 2 1 2 4 2 1 0 2 3 6 3 4 1 0 1 2 2 1 2 0 2 3 2 4 2 0 0 1 2 1 3 1 4 3 1 5 3 2 2 2 2 2 1 0 1 0 2 2 2 5 1 4 1 2 1 2 3 2 0 1 2 4 3 3 3 3 0 2 4 1 3 3 2 2 3 1 1 2 3 0 3 1 1 1 1 6 5 2 4 3 0 4 2 1 1 3 4 4 1 4 1 3 1 0 3 2 1 5 2 2 1 4 4 2 3 2 2 3 0 2 1 2 2 5 5 0 2 1 2 1 0 1 2 3 1 4 3 2 0 1 1 3 1 2 3 2 1 2 1 1 4 2 3 0 3 3 2 1 1 3 2 6 1 2 2 1 0 1 1 1 3 1 2 1 4 1 3 2 2 1 0 2 4 0 1 3 2 2 1 0 3 1 4 2 3 2 2 1 4 0 1 2 2 1 1 1 4 2 1 0 0 0 2 3 0 3 4 1 0 2 1 3 0 2 2 2 3 3 0 2 1 4 1 2 3 0 2 1 3 2 2 2 0 2 4 1 3 3 1 3 2 0 0 1 1 3 0 3 4 3 4 5 1 0 3 3 2 4 0 1 1 1 0 2 2 2 5 3 3 5 2 2 2 2 1 1 0 1 0 0 3 2 1 1 2 3 3 2 0 1 1 0 3 2 0 0 3 1 3 1 2 1 1 1 3 3 2 2 1 0 5 3 4 3 2 3 0 0 0 2 4 2 1 2 0 3 1 2 2 1 6 2 1 5 2 5 0 2 2 3 2 3 2 0 2 3 0 2 4 1 1 1 2 1 4 3 1 1 1 0 1 1 3 2 2 3 1 1 3 2 0 4 3 2 0 2 2 1 4 1 1 0 2 1 2 3 3 3 1 3 2 0 3 3 0 0 4 0 1 2 1 0 1 2 4 1 2 1 2 3 1 3 6 1 1 2 2 1 2 1 2 0 1 1 3 0 1 0 2 5 1 4 1 3 2 1 3 4 0 1 1 4 2 2 1 1 2 3 2 2 4 1 2 3 2 2 0 3 6 3 2 1 3 4 1 2 2 0 0 2 4 3 1 0 3 2 2 1 6 1 3 2 3 2 0 1 2 2 0 3 4 2 0 4 1 1 3 0 0 3 2 2 4 3 2 2 6 1 1 3 3 0 0 2 4 2 3 1 3 2 0 4 1 2 0 3 1 2 2 0 2 1 0 0 0 2 2 3 1 3 0 1 2 2 1 4 1 3 3 3 1 4 3 1 1 7 2 3 1 0 2 1 5 7 2 2 2 0 2 2 1 3 1 0 0 4 1 2 3 2 2 3 1 2 2 1 1 2 5 2 0 1 1 1 4 1 2 0 2 1 3 0 2 3 3 2 5 1 0 1 1 6 2 5 0 2 2 3 3 1 2 2 0 1 3 2 2 0 1 2 0 0 1 2 2 4 2 2 1 3 0 1 2 3 4 4 2 0 1 4 1 3 2 3 0 2 1 0 1 3 2 3 5 1 3 2 2 1 2 4 1 4 1 3 1 1 3 1 1 1 1 1 2 3 1 1 0 3 1 1 2 2 2 1 4 2 0 4 0 2 4 3 1 0 1 3 0 1 3 0 4 3 2 1 2 3 1 3 0 1 3 3 2 2 4 4 3 1 0 3 1 2 1 1 1 2 1 3 4 1 5 0 3 3 2 0 0 4 3 1 0 3 3 1 3 2 2 2 2 3 1 1 5 4 2 2 2 5 1 1 1 2 1 3 3 2 2 6 2 1 2 1 1 1 1 2 3 0 3 5 1 0 2 2 2 2 3 3 1 0 0 1 1 2 1 4 2 2 2 1 4 0 2 2 4 4 1 2 1 0 2 3 6 5 3 2 0 4 1 2 3 1 6 1 0 2 2 3 1 4 2 3 0 0 1 1 2 5 1 2 2 1 1 1 2 2 3 1 5 0 1 5 1 4 4 1 1 0 0 0 1 2 3 1 4 3 1 0 2 2 1 1 1 2 2 1 1 2 3 1 3 3 4 0 3 2 2 0 1 3 0 3 2 1 3 0 4 2 4 2 1 1 2 4 3 4 1 3 3 3 1 2 1 3 2 1 2 4 1 4 3 1 1 0 5 0 3 4 1 4 3 0 2 4 2 3 1 1 1 4 0 1 3 2 2 6 2 2 2 2 0 3 0 3 1 3 1 3 4 1 1 2 1 2 0 2 1 1 3 1 0 6 3 1 2 2 4 0 1 3 2 3 0 2 3 5 0 0 3 1 1 0 2 1 0 1 7 2 5 3 0 2 0 1 1 3 2 2 6 1 2 2 2 3 0 1 5 1 0 4 1 1 2 2 1 1 0 3 1 1 6 2 1 3 3 0 2 2 0 2 3 1 2 4 2 2 1 2 4 0 2 2 2 1 1 5 3 7 2 0 3 1 0 3 0 2 3 4 6 3 1 2 0 1 5 0 0 1 2 2 1 1 4 2 3 1 2 1 2 4 3 3 1 3 3 1 0 3 2 4 0 2 3 1 0 3 3 0 2 2 1 1 1 2 4 1 2 1 2 2 3 1 2 2 3 1 2 5 2 2 3 2 3 2 0 4 3 1 2 0 3 2 2 3 1 0 4 5 6 2 0 1 3 0 1 4 2 0 1 1 1 3 1 3 1 4 3 0 1 0 0 2 1 0 1 2 2 1 2 1 4 2 5 0 0 1 4 1 0 4 1 5 1 3 1 3 3 2 2 1 1 3 3 2 1 2 2 2 1 3 2 3 2 3 3 2 1 0 1 4 1 2 2 3 4 1 1 2 1 3 1 1 4 1 0 0 2 3 0 3 3 2 4 6 0 1 1 2 2 1 3 1 2 4 1 2 3 1 3 2 0 1 3 4 3 3 1 0 3 2 2 1 1 2 3 3 1 5 1 1 1 3 1 2 6 1 4 1 1 2 3 3 3 2 0 0 2 2 1 3 2 2 3 1 4 1 1 0 3 3 3 1 0 1 3 2 1 0 2 1 1 3 3 1 0 3 2 1 0 2 4 1 1 2 0 3 2 0 3 3 3 2 1 1 1 2 2 1 2 2 2 1 3 1 1 1 0 2 4 2 5 1 2 1 0 3 1 1 4 2 1 2 7 0 3 4 2 1 2 0 3 4 2 2 3 3 2 1 2 4 4 0 0 0 3 0 0 3 2 0 0 1 2 0 1 4 1 1 1 1 2 2 1 3 3 0 3 0 2 4 1 1 4 3 1 3 3 1 8 3 1 1 2 1 5 4 1 4 1 2 4 1 0 1 3 2 0 0 5 2 3 2 3 1 1 3 1 1 1 1 1 2 1 4 3 1 2 3 3 2 5 3 1 3 0 2 3 1 1 2 4 3 1 1 4 4 1 2 2 1 4 1 2 2 0 2 2 3 1 1 1 2 0 4 1 5 2 1 2 2 3 4 1 1 3 4 2 4 2 2 2 4 4 2 0 1 2 4 1 1 0 4 2 2 2 2 2 2 2 0 1 0 1 4 3 3 2 3 3 1 1 0 5 2 4 1 3 3 2 0 2 0 1 2 2 2 1 4 2 3 4 2 2 2 2 0 1 1 0 1 1 3 3 1 5 0 2 4 2 0 1 5 0 1 3 2 1 3 1 2 0 3 1 3 2 2 2 3 1 2 1 0 1 2 1 5 1 3 0 2 3 4 0 7 2 0 1 0 1 4 0 5 4 0 4 2 2 2 3 1 7 4 3 1 4 1 4 2 1 1 3 4 2 3 2 0 1 3 3 0 5 1 3 0 1 3 3 1 3 2 3 0 1 1 2 2 2 0 3 1 1 3 2 2 1 2 2 1 2 1 1 5 1 3 1 2 0 0 3 3 0 5 1 4 4 5 0 2 3 1 2 0 2 3 3 3 5 2 2 1 4 2 3 1 3 0 3 1 2 1 2 2 5 2 5 4 0 3 3 1 3 1 2 4 1 2 2 0 2 1 0 3 3 1 1 0 5 2 2 7 5 0 1 0 2 2 1 1 2 4 1 6 3 2 1 0 3 2 2 3 2 0 2 4 4 1 3 0 3 3 1 3 3 3 3 0 3 2 3 3 2 2 2 0 0 3 2 2 4 4 5 2 3 1 0 1 2 2 4 0 1 2 4 3 0 2 3 0 4 3 1 0 1 1 2 2 3 2 0 1 2 2 4 0 0 2 2 3 0 3 2 0 1 3 0 2 3 0 2 3 3 3 3 1 0 2 1 1 1 2 0 1 4 1 1 3 3 7 2 2 1 1 4 1 5 1 3 3 0 1 2 4 2 1 4 2 0 0 3 2 3 1 1 2 0 0 2 1 1 1 2 0 3 8 3 0 0 2 2 2 1 0 0 3 0 3 0 1 3 2 5 4 4 1 2 3 3 0 2 1 2 2 2 1 2 2 2 2 2 1 2 1 0 1 2 3 0 2 1 4 3 1 2 3 3 1 1 2 0 1 0 1 5 2 3 0 3 2 3 4 1 1 1 1 2 3 1 2 0 1 3 1 1 1 2 4 0 1 2 2 0 3 3 1 3 1 2 3 1 1 1 1 0 5 2 0 0 5 3 3 2 1 5 1 0 5 3 1 2 2 2 1 1 4 0 2 3 1 1 0 2 3 4 1 3 2 5 0 0 4 0 1 0 2 0 2 0 4 0 3 3 1 1 3 2 6 3 1 2 0 0 1 5 3 2 0 0 3 3 0 2 2 5 4 3 3 1 1 2 1 1 4 0 2 0 2 3 2 3 0 2 3 2 3 3 1 2 2 3 4 0 2 1 2 6 3 4 3 0 0 1 3 2 0 2 4 1 4 1 2 0 1 3 3 2 4 0 2 0 2 1 2 5 2 1 4 3 3 1 1 0 1 2 2 1 1 4 1 2 3 2 1 1 2 3 2 3 2 0 1 2 4 6 3 2 0 1 0 1 3 4 3 3 2 0 1 1 2 0 3 3 3 3 2 4 1 1 3 3 2 1 0 0 3 2 3 2 2 2 1 0 3 0 4 2 2 1 4 3 3 1 0 0 1 3 2 0 5 4 0 3 2 3 1 3 3 2 2 2 2 1 0 4 2 1 1 5 1 3 2 1 1 1 0 4 3 3 0 1 1 3 3 3 3 2 0 4 4 2 0 4 1 1 0 3 1 1 4 1 1 1 2 1 1 1 5 0 3 3 4 3 3 2 2 3 1 1 1 2 1 2 2 5 3 2 0 4 1 2 0 1 0 2 1 1 3 2 1 2 2 2 2 2 0 2 2 1 2 1 3 2 1 3 2 2 3 3 3 0 2 2 1 1 3 2 3 1 0 0 3 2 1 3 4 2 1 1 1 1 3 1 0 4 1 3 3 2 0 2 2 5 3 3 1 1 1 0 2 2 2 2 2 2 0 2 3 0 4 2 3 2 1 5 5 0 2 2 3 3 0 2 2 0 5 1 2 2 1 3 1 1 3 3 1 1 3 3 1 1 2 4 1 4 0 0 1 0 4 1 2 2 2 2 4 2 1 2 1 0 3 0 1 4 0 1 1 1 3 1 2 1 1 1 2 3 2 2 2 4 3 0 1 2 3 2 1 0 5 0 1 4 3 4 3 3 3 3 3 0 3 2 1 1 1 2 3 2 2 3 1 0 2 1 4 2 2 1 0 3 1 1 2 3 3 3 1 1 1 1 2 3 1 0 3 3 5 2 1 2 1 1 2 3 2 4 0 2 3 1 3 0 1 1 0 1 0 3 4 1 2 6 0 2 2 1 4 2 1 4 2 3 1 2 3 1 3 3 3 2 3 2 1 6 1 2 2 0 1 4 1 3 2 1 4 4 2 1 1 1 2 1 0 4 1 2 1 1 0 2 3 1 1 3 4 1 3 2 5 1 0 1 2 2 1 2 3 3 1 0 0 2 3 2 2 1 1 0 3 5 2 2 1 2 3 4 2 4 1 1 3 0 3 3 4 1 3 1 2 2 2 5 3 2 1 1 1 2 2 1 3 1 1 3 2 2 0 4 3 1 0 2 4 2 3 0 3 2 1 1 2 4 1 6 2 1 3 0 3 4 1 0 2 1 1 0 3 2 3 0 2 3 1 2 3 2 4 1 1 2 1 2 3 1 1 3 0 0 2 1 3 0 2 0 3 4 3 3 2 2 1 0 2 2 2 2 0 2 2 3 1 4 4 0 2 4 4 3 0 2 0 1 1 2 1 3 1 2 3 2 6 1 3 1 1 2 1 3 2 1 2 3 3 1 4 2 2 4 1 2 3 1 0 4 1 1 3 3 4 2 3 6 1 5 3 1 2 2 2 0 3 1 2 3 0 1 1 0 3 2 1 3 1 2 4 2 1 3 2 3 2 3 0 2 2 1 3 1 2 3 3 3 1 3 2 2 0 2 2 2 3 2 2 2 1 2 2 4 1 2 2 4 4 1 1 0 0 1 2 3 3 1 1 2 1 2 2 1 5 2 1 1 0 2 0 2 1 3 3 2 0 2 2 2 1 2 2 3 1 2 0 1 1 1 0 7 5 1 0 2 0 2 3 0 2 2 2 3 3 2 1 2 1 3 3 5 4 1 2 4 1 1 0 1 0 6 3 5 3 2 1 2 3 1 2 2 4 3 3 3 4 4 0 2 1 0 2 0 4 0 1 1 2 2 1 1 6 1 2 3 3 0 5 5 1 1 2 1 2 4 1 2 5 1 3 1 2 2 2 3 2 2 1 0 3 0 1 0 2 3 3 2 3 1 5 2 1 0 3 0 1 1 2 0 0 3 3 2 2 0 3 0 1 2 2 2 4 2 2 1 3 0 2 4 1 2 1 1 2 1 4 2 1 1 3 2 1 3 2 2 1 3 1 2 5 3 1 3 1 1 4 0 0 4 5 0 1 4 2 2 0 1 3 1 6 1 1 1 2 1 3 0 2 2 4 3 1 0 1 3 4 0 3 2 2 2 1 1 4 1 1 1 0 4 3 2 2 0 2 3 2 1 3 1 2 3 3 2 0 3 4 1 3 1 0 2 6 0 1 5 2 2 3 0 1 2 2 2 2 2 2 1 4 2 1 1 1 0 0 3 2 3 1 1 2 2 1 1 1 4 0 3 1 1 1 2 4 3 2 3 2 2 2 3 4 1 1 0 1 0 4 3 1 4 2 1 3 2 3 1 1 1 2 3 2 2 2 1 1 4 1 1 1 3 3 3 0 1 2 3 1 1 1 3 1 2 4 2 0 1 1 4 2 0 3 4 3 0 6 1 2 1 2 3 4 2 2 2 0 2 3 1 1 2 1 3 5 1 3 3 2 4 2 4 0 0 2 3 1 3 1 2 1 1 3 3 1 3 1 1 1 5 2 0 2 0 2 2 3 3 2 3 1 2 3 0 2 0 1 3 3 2 4 3 0 0 2 1 1 2 2 4 2 2 1 4 4 4 1 2 3 2 2 3 2 3 0 5 1 1 3 2 0 3 1 1 2 4 3 2 2 3 2 1 1 1 2 0 2 1 2 4 3 2 3 3 0 1 2 3 2 2 4 2 0 1 1 3 3 1 1 0 5 1 1 3 1 4 2 1 1 4 2 3 4 2 2 4 2 1 4 0 3 3 2 2 1 2 1 3 1 0 0 1 2 4 1 3 1 4 3 6 0 2 6 1 2 0 2 2 1 2 2 1 2 4 3 3 2 4 1 1 3 3 4 3 1 2 1 5 2 1 1 2 3 1 1 1 5 2 2 1 2 1 0 1 2 2 0 2 2 3 1 3 4 0 1 3 4 0 0 1 2 0 4 1 0 1 1 1 2 5 2 2 3 1 0 5 0 3 0 3 2 3 1 1 1 1 2 1 4 1 2 1 3 1 1 1 2 3 2 0 1 3 2 2 1 0 3 4 2 4 0 0 1 2 2 1 1 1 2 3 2 2 2 2 3 2 2 1 4 1 0 0 1 3 2 3 1 6 2 1 0 0 0 2 0 3 2 2 2 2 5 2 2 5 2 2 2 3 3 1 1 3 1 0 0 1 5 1 1 3 2 3 2 5 0 4 3 3 1 0 1 4 2 0 1 0 1 2 0 2 2 4 2 1 2 2 2 5 2 0 0 1 2 2 1 2 2 1 3 3 4 2 2 1 3 1 0 3 3 2 2 3 1 1 0 1 3 5 4 1 4 3 2 1 3 0 1 6 2 1 6 4 2 1 1 3 0 2 2 2 1 2 1 3 4 3 1 3 2 3 1 2 1 2 2 4 2 2 2 3 3 0 1 5 0 0 3 1 2 1 1 1 2 1 3 0 1 4 0 4 4 0 2 0 1 1 1 0 2 2 3 4 2 1 3 3 1 4 0 4 3 3 2 3 2 3 1 2 2 3 3 2 2 1 2 2 1 3 1 0 2 0 4 1 2 2 2 2 3 1 5 1 2 1 5 3 1 2 1 1 1 3 0 4 1 1 0 1 2 3 5 3 4 1 2 2 1 0 3 1 2 5 2 8 0 0 5 2 3 1 0 2 3 1 1 1 1 1 1 2 0 2 1 2 1 2 1 2 3 3 2 1 0 2 3 2 1 2 2 2 1 0 2 2 5 1 1 3 2 1 3 2 2 2 5 4 4 4 2 1 0 1 3 2 1 2 2 1 0 3 2 3 1 1 2 1 3 0 4 1 0 4 4 0 2 2 1 3 3 0 1 0 1 2 3 2 4 2 2 0 3 0 3 3 3 3 2 1 2 1 1 1 3 1 3 1 1 2 0 2 3 1 2 2 4 1 2 1 3 0 2 2 3 1 2 3 2 2 1 1 2 3 0 2 3 2 5 2 3 2 0 2 1 3 2 3 3 3 1 3 5 5 7 3 2 4 1 2 2 2 2 1 5 1 2 3 2 0 3 2 0 2 1 2 3 2 4 0 1 0 1 2 1 3 4 1 0 1 1 3 1 1 3 3 3 2 2 2 2 1 1 2 1 1 1 3 1 1 1 1 1 5 5 2 0 1 3 0 4 1 0 2 1 5 4 5 2 4 3 1 1 0 2 5 3 2 2 2 4 4 2 3 3 6 0 1 3 2 1 7 3 0 1 2 1 2 3 1 3 3 0 2 1 4 3 1 1 1 3 1 4 2 2 0 0 2 0 0 2 0 5 2 2 2 2 2 0 1 2 0 2 2 1 1 2 1 2 4 4 1 2 2 2 1 2 1 4 2 1 1 1 1 0 2 0 4 3 1 4 2 0 4 1 2 2 5 2 1 2 5 3 2 0 0 3 2 3 3 1 1 0 3 1 2 2 1 2 4 3 2 3 2 2 1 2 1 1 1 1 3 5 2 1 1 0 1 2 3 1 3 5 2 1 0 1 0 1 4 1 4 2 1 3 2 0 0 3 2 3 1 0 6 4 3 5 1 1 1 1 4 0 0 2 3 1 4 2 3 2 2 1 4 2 4 3 0 0 0 0 2 3 0 4 0 2 3 5 1 3 0 5 1 2 2 1 1 2 3 2 3 2 2 0 2 1 2 1 2 2 1 3 1 1 1 2 2 2 1 1 4 3 2 2 1 2 3 2 0 0 0 4 1 2 4 1 2 1 1 1 1 2 1 4 4 1 1 0 1 3 1 1 3 0 3 1 5 2 2 2 1 1 1 2 1 2 2 6 3 2 1 0 1 4 0 1 1 1 4 2 0 1 4 2 1 1 3 2 2 1 2 1 3 1 4 2 0 1 1 4 1 4 1 0 2 0 1 1 0 2 1 4 5 3 2 2 1 0 1 2 0 3 3 1 4 0 2 2 3 2 2 3 2 1 0 4 4 3 1 1 6 1 3 2 0 2 5 3 1 2 1 3 2 5 1 3 2 3 3 1 2 4 1 0 3 0 2 2 0 4 1 2 2 0 5 2 2 2 2 1 2 1 1 3 3 3 2 2 3 2 2 3 0 2 0 4 1 1 2 3 0 2 2 1 1 0 2 2 2 2 3 4 3 1 0 2 2 4 2 3 4 2 3 1 3 0 0 1 0 2 2 2 0 5 3 1 2 2 1 0 2 2 4 2 1 1 1 3 4 0 0 1 2 2 2 4 3 1 0 1 2 0 1 5 2 3 4 1 2 1 3 2 4 0 2 2 3 3 3 1 4 2 0 3 2 1 3 4 0 5 0 0 4 3 3 1 1 0 2 1 3 0 3 0 3 2 2 0 1 1 1 2 3 1 3 4 2 0 2 5 2 2 2 6 1 2 5 1 0 0 6 3 1 4 2 1 1 7 4 2 2 3 3 4 1 2 1 1 3 1 1 0 0 0 3 1 2 2 1 2 2 4 5 4 2 2 6 1 1 0 1 2 2 0 3 0 5 3 2 1 3 2 0 2 1 2 1 1 0 1 2 0 3 3 1 4 2 1 3 2 2 4 3 3 1 3 0 1 5 1 3 1 3 2 2 2 3 1 1 3 3 0 0 5 4 1 2 5 1 0 0 1 2 1 2 2 0 2 2 1 2 1 0 4 2 1 1 2 1 3 2 2 2 2 0 0 4 3 0 2 0 2 1 1 3 2 0 2 5 0 1 2 0 4 3 4 2 5 1 1 5 1 1 3 0 3 3 6 0 1 3 1 2 2 3 3 1 1 4 2 3 0 4 3 5 3 2 0 1 1 2 4 3 2 0 2 2 1 3 1 2 4 0 3 2 3 1 0 1 0 2 1 1 2 3 2 2 4 1 2 3 3 1 3 3 0 3 1 4 2 1 3 1 2 0 3 2 2 2 1 0 1 1 3 2 2 1 2 1 2 6 2 2 2 2 1 4 1 3 2 0 1 2 1 1 1 2 3 1 3 2 5 3 1 0 2 4 5 1 2 0 0 1 5 1 3 2 3 3 2 0 1 1 2 0 3 0 3 5 6 2 1 2 2 1 2 0 1 2 1 3 4 3 4 1 2 1 2 3 2 3 2 1 4 1 1 0 1 2 1 0 4 3 2 3 2 1 2 1 1 4 2 4 1 2 1 1 2 3 1 1 2 4 0 1 1 0 3 0 2 2 3 1 4 3 2 2 1 1 1 1 2 2 2 4 3 3 1 3 4 2 2 2 2 1 2 0 0 0 5 0 2 2 2 2 1 1 3 4 2 1 3 3 1 2 3 3 7 0 1 0 1 2 6 2 1 3 2 4 3 2 2 1 4 0 3 1 0 1 2 2 3 5 0 2 2 1 1 1 2 2 1 0 4 0 0 2 4 3 1 3 0 1 3 4 1 4 0 1 1 2 2 2 2 1 1 3 0 3 1 2 3 0 0 5 4 5 1 2 4 1 2 2 0 3 2 1 1 2 2 5 1 3 2 1 2 2 0 2 0 0 2 1 2 6 5 3 2 1 2 1 1 2 3 4 3 3 1 2 2 1 3 3 4 2 1 3 3 0 2 4 1 1 2 4 2 2 1 1 1 2 1 6 4 5 1 1 1 2 1 3 5 4 2 1 3 0 1 3 3 1 2 2 5 6 2 0 1 4 2 0 4 1 1 1 1 4 1 3 5 2 1 0 2 2 2 3 1 2 2 4 1 5 2 1 2 0 2 4 4 0 1 2 3 1 2 2 3 1 2 2 1 1 1 1 1 3 2 4 0 5 4 1 2 2 1 1 4 2 2 1 2 0 0 4 3 2 3 3 1 2 0 0 2 1 3 1 3 1 5 0 1 2 3 4 1 3 1 2 1 1 1 2 1 1 2 0 3 0 1 4 3 0 1 3 0 5 0 5 2 1 2 3 4 2 1 1 2 0 2 3 2 1 1 1 3 1 3 0 3 3 2 2 3 0 3 1 1 2 5 0 1 4 4 3 1 5 3 0 3 1 2 3 4 1 1 3 0 2 3 5 2 2 1 0 1 2 1 3 0 3 3 2 2 0 3 2 1 2 3 4 1 1 1 1 1 3 5 0 1 2 1 3 2 1 3 2 1 2 1 1 3 1 1 4 1 0 3 3 1 2 1 3 2 3 0 5 2 4 0 4 2 2 2 2 1 4 7 2 2 1 2 1 1 4 2 1 2 2 1 0 3 3 3 5 1 2 2 0 2 0 1 3 2 2 2 1 1 1 1 1 4 3 2 2 3 2 4 0 1 1 2 2 0 2 3 0 2 1 2 3 3 2 0 3 0 2 2 2 2 4 4 6 0 3 1 4 4 0 3 0 3 0 1 5 1 1 0 0 4 1 1 0 4 1 3 0 0 3 2 4 3 2 2 0 0 4 1 0 2 4 1 2 1 1 3 7 2 2 2 3 1 2 3 1 1 0 1 0 2 0 2 0 3 0 3 2 7 2 1 2 4 3 0 1 1 1 1 3 2 3 1 1 1 2 0 1 3 2 4 3 1 3 2 2 2 3 2 2 3 2 2 5 1 1 1 1 1 2 1 4 2 3 2 0 0 0 3 1 1 1 1 4 2 2 3 1 1 2 2 2 2 4 3 1 2 3 2 2 2 1 2 1 3 2 1 2 4 4 2 1 2 2 1 1 0 3 2 2 3 3 4 2 0 1 3 4 2 3 3 6 1 1 1 2 3 2 1 2 5 1 0 0 1 3 2 4 3 2 2 0 0 3 1 1 0 3 3 1 2 1 3 0 3 0 3 0 3 3 0 0 1 6 5 3 1 2 1 1 3 6 3 0 0 2 1 0 3 5 2 4 0 1 1 4 2 2 0 1 4 1 1 2 0 5 1 3 2 0 2 3 0 1 1 6 0 2 1 3 3 2 3 1 1 3 4 2 0 1 3 4 0 4 1 1 1 5 2 3 0 2 3 0 3 2 2 0 6 0 2 3 2 1 3 3 3 2 3 3 3 3 1 1 1 0 3 4 2 2 0 5 1 1 2 3 1 2 1 2 0 3 4 1 2 1 2 0 5 2 2 2 0 2 1 0 1 5 1 4 2 1 3 0 1 2 1 1 2 3 3 1 1 2 1 0 2 3 1 0 5 3 2 1 2 1 1 3 2 0 2 3 5 2 3 3 0 5 2 2 2 0 4 3 2 1 0 0 0 1 2 3 0 0 2 1 2 1 1 6 3 2 3 4 1 6 1 3 4 2 2 0 1 1 1 4 1 2 0 2 2 3 0 4 1 3 0 3 2 2 2 3 2 0 4 1 4 2 1 0 0 2 2 1 5 3 2 2 2 0 6 0 2 3 1 6 1 1 2 1 1 5 4 2 3 2 2 1 3 3 2 1 3 4 2 2 1 1 1 3 0 2 2 2 2 4 1 0 3 0 3 1 0 4 1 2 4 1 2 0 4 3 2 3 0 3 0 3 3 1 4 1 0 2 1 3 0 0 3 3 1 5 1 1 3 2 2 0 2 1 0 1 2 4 0 2 1 2 1 3 1 1 2 3 4 1 5 3 2 1 3 1 2 0 2 2 2 1 0 1 0 0 4 3 1 2 1 1 3 3 2 1 4 2 4 1 2 4 1 0 3 0 0 4 0 2 3 1 7 2 0 2 0 2 0 2 3 1 2 1 0 0 3 4 3 4 6 0 3 2 2 4 0 2 2 1 4 3 2 1 5 1 2 5 1 4 5 2 1 3 5 3 1 0 2 2 1 0 2 2 2 3 1 3 2 3 4 1 0 1 2 1 3 3 3 2 2 0 4 1 2 3 2 3 2 3 1 0 3 3 0 1 3 4 3 4 1 0 2 2 2 1 0 2 1 0 4 1 0 1 4 1 3 2 3 3 1 1 4 0 0 0 3 0 3 1 0 1 1 3 2 2 2 2 2 2 5 2 2 1 2 1 3 4 3 4 0 2 0 3 1 1 1 4 1 2 4 4 2 2 1 1 3 0 0 4 1 2 1 1 1 6 2 1 1 3 1 3 1 2 0 2 0 4 4 4 1 3 2 1 3 4 5 0 3 6 0 0 0 1 0 0 1 3 4 5 5 3 0 2 0 1 1 1 0 1 2 0 5 1 7 0 3 2 3 2 2 2 0 0 2 2 4 1 1 2 1 3 3 3 3 4 1 1 3 0 0 3 2 5 1 3 1 1 5 3 4 1 3 2 2 1 3 1 2 4 0 1 4 0 2 2 1 3 4 1 3 1 4 4 3 2 1 2 0 2 1 0 2 2 2 3 1 4 2 2 2 0 2 4 1 4 3 1 2 0 4 2 3 3 2 2 2 0 0 5 0 1 2 3 0 2 2 0 3 1 3 1 0 2 5 1 0 1 0 2 1 2 1 2 0 1 5 2 3 1 2 1 1 1 1 3 2 2 3 1 2 4 2 1 0 2 2 2 0 1 5 2 2 7 2 3 2 0 4 1 4 2 4 3 2 0 0 1 2 1 3 5 1 2 4 2 3 4 2 0 0 3 3 3 3 2 2 3 3 3 4 0 2 4 3 4 4 1 1 3 4 2 2 3 3 1 3 2 1 2 3 0 3 1 2 5 1 1 1 3 1 2 3 4 1 4 1 1 4 2 2 4 2 3 3 0 3 1 1 0 1 5 5 1 0 1 2 4 2 1 2 2 1 2 3 1 1 3 2 2 1 5 1 2 2 0 1 1 3 2 2 2 3 6 2 2 0 1 0 1 1 3 3 0 2 5 2 3 1 3 3 3 0 4 2 1 0 1 7 2 1 4 2 2 0 1 2 2 3 1 2 1 1 0 3 1 0 0 1 4 3 2 3 7 1 4 0 1 1 2 3 1 2 1 3 4 0 1 3 3 2 2 2 2 5 1 2 3 2 1 3 2 3 2 0 1 3 0 3 2 2 2 0 0 2 4 2 2 1 1 1 3 1 0 4 0 2 3 2 1 3 3 3 2 1 1 1 1 2 1 2 3 0 0 3 0 2 5 2 0 2 5 1 1 2 1 2 2 1 2 2 3 3 1 1 2 2 0 2 1 0 1 7 4 0 4 0 2 1 3 4 0 2 3 1 3 1 2 1 0 1 1 3 2 2 5 2 2 3 3 2 3 1 2 2 2 1 3 0 4 1 3 1 2 1 4 2 1 2 1 1 3 0 2 2 5 3 5 0 2 0 1 2 1 3 1 1 4 3 2 2 2 1 0 3 2 0 1 1 1 3 2 1 5 1 1 3 0 2 1 1 1 1 0 1 4 2 3 3 1 2 4 3 1 1 3 3 0 0 1 1 2 2 0 3 1 1 2 3 2 2 4 2 3 2 1 2 2 1 2 0 1 3 1 3 3 2 3 1 0 0 1 4 1 2 2 4 1 1 2 2 2 4 3 3 3 2 0 0 2 1 1 3 3 2 1 1 2 5 3 4 3 3 0 3 1 4 2 1 2 1 3 2 3 2 2 4 3 3 1 2 2 5 2 2 4 1 1 5 3 3 0 1 1 1 3 0 3 2 0 1 4 0 2 1 6 2 3 2 2 3 3 1 3 1 5 1 0 1 2 3 1 3 0 1 2 0 4 2 4 1 3 1 2 2 1 3 4 2 3 0 3 1 4 0 2 0 3 1 4 2 4 5 1 3 3 4 3 4 5 2 2 3 2 0 0 0 4 2 2 2 3 2 1 4 3 2 6 1 0 3 2 2 2 2 1 1 4 4 1 1 0 1 3 3 1 4 4 2 1 2 3 1 0 3 2 0 2 2 4 3 2 1 0 1 3 0 0 2 2 1 2 2 0 4 2 4 4 0 1 0 0 1 0 2 1 2 3 3 0 0 2 0 3 2 7 3 0 3 3 1 2 2 5 3 1 2 4 2 1 3 3 1 0 1 2 0 4 2 4 0 2 0 0 0 2 2 7 1 1 3 1 0 2 2 2 1 1 4 2 2 5 1 2 0 4 2 3 1 2 3 2 2 2 2 0 3 2 3 4 2 3 3 2 1 1 4 3 2 4 1 2 1 1 2 1 2 1 0 1 4 3 3 0 1 1 2 0 1 3 3 2 1 3 4 2 1 1 1 5 0 1 4 3 0 0 1 2 2 3 2 2 2 3 4 1 2 4 1 1 3 1 2 2 1 3 3 3 1 3 2 7 3 0 2 4 4 1 1 0 2 2 2 0 2 2 1 2 1 3 1 1 4 3 1 2 1 3 0 5 1 1 4 2 4 1 3 0 3 0 1 3 2 3 3 1 0 1 3 1 1 0 3 1 4 2 4 3 3 3 2 1 1 3 4 0 1 2 2 2 0 3 1 1 1 2 3 1 1 3 2 1 0 4 2 3 3 1 4 4 0 2 1 2 1 1 1 3 1 3 1 4 1 3 1 1 1 3 2 1 2 2 0 2 4 1 0 3 3 3 2 0 3 2 1 1 1 2 2 3 2 2 3 0 2 2 3 3 3 2 0 3 3 0 1 3 2 0 0 2 1 1 1 1 3 5 1 0 0 1 3 2 0 2 3 1 2 0 2 3 0 0 3 1 0 3 3 0 0 3 3 4 1 1 2 1 1 6 2 2 1 5 3 1 0 1 2 4 3 0 3 4 2 2 2 3 0 2 0 2 2 0 0 2 1 1 1 1 2 2 2 3 4 2 1 2 4 2 3 2 2 1 0 0 1 1 2 2 1 3 0 1 1 1 5 4 2 1 4 1 1 1 3 1 1 5 2 1 4 5 1 2 1 1 2 4 1 1 4 3 1 2 0 3 3 1 0 1 1 3 0 1 4 2 1 0 1 1 1 4 3 2 3 2 4 3 1 3 0 1 0 2 4 1 2 2 5 2 3 4 2 5 2 3 1 1 3 3 3 2 3 4 2 1 2 2 0 1 1 2 1 3 2 1 3 1 0 3 2 3 0 0 4 4 3 2 3 2 3 2 2 1 3 2 1 2 1 0 2 2 1 1 1 2 2 4 2 0 0 2 4 1 6 2 2 2 2 2 1 3 1 3 2 2 1 1 4 0 2 0 1 3 1 1 2 2 1 2 1 5 2 4 4 1 0 2 0 2 0 4 3 0 1 4 2 1 5 0 1 0 0 1 3 1 2 1 3 2 3 4 0 1 3 3 3 3 0 1 4 1 2 0 2 3 1 1 1 4 1 5 1 5 1 3 0 1 2 2 2 3 3 2 2 3 2 1 1 0 2 3 4 1 1 1 0 2 1 3 1 4 2 1 0 2 3 1 3 1 1 1 3 5 3 0 2 7 2 1 1 4 1 1 2 2 3 1 0 3 3 3 3 2 1 6 2 1 2 2 0 4 1 3 4 0 3 1 3 0 2 6 1 0 2 3 2 3 3 1 2 2 1 3 0 3 2 1 1 4 4 0 3 3 2 3 1 2 0 4 0 2 0 1 1 2 3 2 1 1 1 1 2 1 0 2 1 1 1 2 4 1 1 0 1 2 2 2 3 1 2 5 2 3 3 0 1 0 0 1 1 1 3 1 1 2 1 5 2 3 3 4 1 3 1 0 1 2 1 3 2 1 2 2 5 2 2 1 2 3 1 3 3 2 0 1 2 3 2 0 2 0 1 3 2 3 3 2 1 2 2 3 3 1 2 2 1 1 2 0 1 2 1 2 0 3 2 3 2 2 4 0 2 1 1 2 2 1 2 1 0 0 3 3 0 2 2 0 1 2 4 2 1 1 2 3 1 3 1 2 0 1 2 1 2 2 2 3 1 3 2 2 3 2 2 0 3 4 2 2 0 1 1 0 4 1 1 4 1 4 0 1 1 4 4 1 3 5 2 0 2 2 1 1 1 2 4 2 2 2 1 2 2 1 1 1 3 4 1 0 3 6 3 2 2 1 1 2 2 4 1 4 1 1 2 2 1 0 2 4 2 2 2 4 1 1 3 2 2 2 0 2 1 1 3 1 0 2 1 2 2 3 1 2 3 1 0 5 1 4 3 2 1 2 1 2 2 1 1 1 7 1 1 2 1 2 3 1 1 1 1 2 3 4 3 2 3 2 2 1 5 1 1 2 3 2 1 2 2 6 0 3 0 3 3 2 1 1 2 0 2 2 0 3 0 4 0 2 1 4 1 2 3 2 1 2 4 4 2 1 3 2 4 1 3 0 5 1 0 3 3 1 1 4 1 3 2 1 1 2 1 1 1 1 2 1 4 3 0 0 0 2 4 4 3 1 1 2 2 2 1 1 1 3 2 2 1 2 2 3 0 1 2 0 1 2 1 1 2 3 2 2 3 4 2 1 2 3 0 2 2 3 1 1 2 5 2 2 1 2 3 3 2 0 2 4 1 0 0 0 2 5 5 2 3 0 1 4 2 0 1 3 3 2 1 2 2 2 3 5 0 3 0 1 2 2 5 2 2 2 3 1 2 2 3 1 2 3 2 4 1 1 1 2 1 1 4 2 1 3 1 3 1 1 1 0 3 2 3 2 3 2 2 3 4 0 1 2 2 1 2 0 2 2 1 1 1 1 1 1 2 5 2 3 4 1 2 1 2 2 1 3 1 4 1 3 1 2 3 4 2 3 2 2 4 2 2 1 3 1 2 3 1 2 3 2 3 1 1 1 0 4 4 4 0 2 6 0 2 3 0 1 3 2 3 0 2 0 0 2 1 7 2 1 3 3 0 2 2 3 2 0 3 2 0 3 1 4 3 1 2 1 5 2 3 3 2 2 1 3 0 2 1 1 0 5 3 4 0 2 2 2 2 3 1 2 2 4 1 2 0 0 2 2 2 2 3 3 2 1 3 2 1 0 4 0 2 1 4 3 0 2 0 0 3 4 6 4 1 2 5 1 0 3 3 2 3 2 3 0 1 0 1 2 2 1 4 1 1 3 2 1 1 4 1 4 2 1 4 1 0 1 2 3 1 4 1 2 1 2 1 3 1 3 1 3 2 1 1 2 1 3 1 1 2 1 1 1 6 3 4 1 0 1 3 2 2 2 5 2 1 4 2 0 2 5 4 2 1 2 2 2 1 3 4 1 3 3 2 0 0 3 2 3 1 1 1 2 1 0 2 2 4 1 4 4 0 2 1 0 2 2 1 1 2 1 1 3 1 1 0 4 3 1 2 2 3 0 3 1 4 6 4 0 0 1 1 2 1 3 3 2 3 2 2 2 1 2 2 1 3 3 2 2 0 1 0 0 2 6 3 2 0 1 3 0 1 4 0 2 4 1 5 1 4 0 1 0 4 2 2 1 0 0 2 3 1 0 2 3 2 2 1 2 0 2 4 5 1 2 1 1 1 2 1 5 1 3 3 3 0 3 2 3 3 4 1 3 3 1 3 3 1 4 1 1 0 1 4 4 1 2 3 2 2 2 2 4 3 2 1 5 4 1 1 1 3 0 1 3 1 0 4 3 2 1 3 4 2 2 2 2 1 3 4 2 4 2 0 0 2 1 0 2 1 2 2 3 1 3 4 0 2 1 1 3 1 3 1 1 2 4 1 0 3 5 3 3 0 1 2 1 2 4 4 2 0 2 3 0 2 0 2 4 4 3 1 2 2 1 2 0 4 3 5 3 2 1 2 0 3 3 0 2 2 0 2 1 3 0 4 1 4 1 0 4 0 2 1 1 1 4 0 1 3 3 2 0 0 1 4 2 1 5 4 1 2 1 0 1 3 3 1 3 1 2 1 1 3 5 1 2 2 2 0 1 1 3 0 3 4 1 1 1 1 3 2 3 1 2 2 3 5 1 1 1 1 0 0 4 4 2 4 3 1 1 2 2 1 5 0 4 2 3 3 1 1 2 4 2 0 3 2 0 2 3 0 2 1 1 6 1 4 2 1 2 0 2 3 1 2 3 2 1 0 1 2 3 2 2 3 0 2 2 6 2 0 1 1 3 4 0 3 1 0 1 1 1 2 0 1 2 2 1 3 1 2 3 2 2 4 2 1 0 1 1 2 1 0 1 3 2 0 1 1 1 4 2 2 2 2 2 1 1 4 5 1 5 0 2 2 2 5 1 2 0 5 3 0 1 3 2 1 4 3 1 3 2 1 3 0 2 2 0 4 1 3 2 2 2 1 1 1 5 0 2 5 0 2 1 3 2 0 1 3 3 2 1 2 1 1 2 3 4 0 2 0 2 2 1 3 3 1 0 2 1 2 3 3 1 0 5 3 3 1 0 2 2 3 2 2 4 3 2 3 0 2 1 4 2 3 4 0 0 0 2 2 1 3 2 3 7 1 1 5 1 4 1 3 3 3 2 3 2 0 1 0 3 1 3 5 1 2 1 2 2 1 1 4 1 3 3 3 2 4 2 1 2 3 1 3 0 0 2 0 4 5 1 4 1 3 1 2 3 2 4 2 4 3 0 1 3 1 3 4 3 3 2 3 0 2 3 3 1 1 1 0 3 0 5 0 1 3 1 2 1 2 3 3 3 4 2 2 1 1 1 4 4 5 1 1 1 1 4 1 0 1 3 0 2 0 0 3 1 2 0 2 4 2 3 4 3 3 1 1 3 2 1 0 2 2 1 0 4 1 2 2 1 0 0 1 1 1 0 2 3 6 5 2 0 4 0 3 1 3 4 1 1 4 1 1 4 6 0 0 1 1 3 2 0 6 4 3 2 1 1 1 0 0 3 3 4 3 1 1 0 3 1 3 2 5 2 3 4 0 1 2 3 2 1 2 3 3 2 1 3 4 1 1 1 1 1 2 0 2 2 4 1 3 5 2 1 2 2 2 1 1 1 3 1 2 1 3 0 2 3 1 3 2 1 4 1 1 1 2 3 3 4 3 1 1 3 1 3 2 4 6 0 3 0 1 4 0 1 1 3 2 1 3 3 3 1 0 3 2 2 1 2 1 0 1 3 2 1 2 2 4 1 1 1 3 1 3 2 1 1 2 3 1 3 3 0 2 1 2 0 4 2 2 2 1 3 0 3 0 3 2 2 1 2 3 1 1 4 1 2 0 2 2 1 0 4 5 1 4 1 1 1 2 1 1 2 2 1 2 0 2 1 3 3 4 1 4 1 2 2 2 0 3 1 0 1 1 2 0 3 5 6 1 2 1 2 1 1 3 3 2 4 2 1 1 3 1 1 2 1 8 1 1 3 2 2 3 3 1 3 2 0 5 4 2 1 2 1 2 1 2 2 0 2 1 1 0 1 1 2 
</Matrix>
   <Matrix name="xloc" type="complete" rows="1" columns="900" multiplier="1.0">
   0 1 2 3 4 5 6 7 8 9 10 11 12 13 14 15 16 17 18 19 20 21 22 23 24 25 26 27 28 29 0 1 2 3 4 5 6 7 8 9 10 11 12 13 14 15 16 17 18 19 20 21 22 23 24 25 26 27 28 29 0 1 2 3 4 5 6 7 8 9 10 11 12 13 14 15 16 17 18 19 20 21 22 23 24 25 26 27 28 29 0 1 2 3 4 5 6 7 8 9 10 11 12 13 14 15 16 17 18 19 20 21 22 23 24 25 26 27 28 29 0 1 2 3 4 5 6 7 8 9 10 11 12 13 14 15 16 17 18 19 20 21 22 23 24 25 26 27 28 29 0 1 2 3 4 5 6 7 8 9 10 11 12 13 14 15 16 17 18 19 20 21 22 23 24 25 26 27 28 29 0 1 2 3 4 5 6 7 8 9 10 11 12 13 14 15 16 17 18 19 20 21 22 23 24 25 26 27 28 29 0 1 2 3 4 5 6 7 8 9 10 11 12 13 14 15 16 17 18 19 20 21 22 23 24 25 26 27 28 29 0 1 2 3 4 5 6 7 8 9 10 11 12 13 14 15 16 17 18 19 20 21 22 23 24 25 26 27 28 29 0 1 2 3 4 5 6 7 8 9 10 11 12 13 14 15 16 17 18 19 20 21 22 23 24 25 26 27 28 29 0 1 2 3 4 5 6 7 8 9 10 11 12 13 14 15 16 17 18 19 20 21 22 23 24 25 26 27 28 29 0 1 2 3 4 5 6 7 8 9 10 11 12 13 14 15 16 17 18 19 20 21 22 23 24 25 26 27 28 29 0 1 2 3 4 5 6 7 8 9 10 11 12 13 14 15 16 17 18 19 20 21 22 23 24 25 26 27 28 29 0 1 2 3 4 5 6 7 8 9 10 11 12 13 14 15 16 17 18 19 20 21 22 23 24 25 26 27 28 29 0 1 2 3 4 5 6 7 8 9 10 11 12 13 14 15 16 17 18 19 20 21 22 23 24 25 26 27 28 29 0 1 2 3 4 5 6 7 8 9 10 11 12 13 14 15 16 17 18 19 20 21 22 23 24 25 26 27 28 29 0 1 2 3 4 5 6 7 8 9 10 11 12 13 14 15 16 17 18 19 20 21 22 23 24 25 26 27 28 29 0 1 2 3 4 5 6 7 8 9 10 11 12 13 14 15 16 17 18 19 20 21 22 23 24 25 26 27 28 29 0 1 2 3 4 5 6 7 8 9 10 11 12 13 14 15 16 17 18 19 20 21 22 23 24 25 26 27 28 29 0 1 2 3 4 5 6 7 8 9 10 11 12 13 14 15 16 17 18 19 20 21 22 23 24 25 26 27 28 29 0 1 2 3 4 5 6 7 8 9 10 11 12 13 14 15 16 17 18 19 20 21 22 23 24 25 26 27 28 29 0 1 2 3 4 5 6 7 8 9 10 11 12 13 14 15 16 17 18 19 20 21 22 23 24 25 26 27 28 29 0 1 2 3 4 5 6 7 8 9 10 11 12 13 14 15 16 17 18 19 20 21 22 23 24 25 26 27 28 29 0 1 2 3 4 5 6 7 8 9 10 11 12 13 14 15 16 17 18 19 20 21 22 23 24 25 26 27 28 29 0 1 2 3 4 5 6 7 8 9 10 11 12 13 14 15 16 17 18 19 20 21 22 23 24 25 26 27 28 29 0 1 2 3 4 5 6 7 8 9 10 11 12 13 14 15 16 17 18 19 20 21 22 23 24 25 26 27 28 29 0 1 2 3 4 5 6 7 8 9 10 11 12 13 14 15 16 17 18 19 20 21 22 23 24 25 26 27 28 29 0 1 2 3 4 5 6 7 8 9 10 11 12 13 14 15 16 17 18 19 20 21 22 23 24 25 26 27 28 29 0 1 2 3 4 5 6 7 8 9 10 11 12 13 14 15 16 17 18 19 20 21 22 23 24 25 26 27 28 29 0 1 2 3 4 5 6 7 8 9 10 11 12 13 14 15 16 17 18 19 20 21 22 23 24 25 26 27 28 29 
</Matrix>
   <Matrix name="yloc" type="complete" rows="1" columns="900" multiplier="1.0">
   0 0 0 0 0 0 0 0 0 0 0 0 0 0 0 0 0 0 0 0 0 0 0 0 0 0 0 0 0 0 1 1 1 1 1 1 1 1 1 1 1 1 1 1 1 1 1 1 1 1 1 1 1 1 1 1 1 1 1 1 2 2 2 2 2 2 2 2 2 2 2 2 2 2 2 2 2 2 2 2 2 2 2 2 2 2 2 2 2 2 3 3 3 3 3 3 3 3 3 3 3 3 3 3 3 3 3 3 3 3 3 3 3 3 3 3 3 3 3 3 4 4 4 4 4 4 4 4 4 4 4 4 4 4 4 4 4 4 4 4 4 4 4 4 4 4 4 4 4 4 5 5 5 5 5 5 5 5 5 5 5 5 5 5 5 5 5 5 5 5 5 5 5 5 5 5 5 5 5 5 6 6 6 6 6 6 6 6 6 6 6 6 6 6 6 6 6 6 6 6 6 6 6 6 6 6 6 6 6 6 7 7 7 7 7 7 7 7 7 7 7 7 7 7 7 7 7 7 7 7 7 7 7 7 7 7 7 7 7 7 8 8 8 8 8 8 8 8 8 8 8 8 8 8 8 8 8 8 8 8 8 8 8 8 8 8 8 8 8 8 9 9 9 9 9 9 9 9 9 9 9 9 9 9 9 9 9 9 9 9 9 9 9 9 9 9 9 9 9 9 10 10 10 10 10 10 10 10 10 10 10 10 10 10 10 10 10 10 10 10 10 10 10 10 10 10 10 10 10 10 11 11 11 11 11 11 11 11 11 11 11 11 11 11 11 11 11 11 11 11 11 11 11 11 11 11 11 11 11 11 12 12 12 12 12 12 12 12 12 12 12 12 12 12 12 12 12 12 12 12 12 12 12 12 12 12 12 12 12 12 13 13 13 13 13 13 13 13 13 13 13 13 13 13 13 13 13 13 13 13 13 13 13 13 13 13 13 13 13 13 14 14 14 14 14 14 14 14 14 14 14 14 14 14 14 14 14 14 14 14 14 14 14 14 14 14 14 14 14 14 15 15 15 15 15 15 15 15 15 15 15 15 15 15 15 15 15 15 15 15 15 15 15 15 15 15 15 15 15 15 16 16 16 16 16 16 16 16 16 16 16 16 16 16 16 16 16 16 16 16 16 16 16 16 16 16 16 16 16 16 17 17 17 17 17 17 17 17 17 17 17 17 17 17 17 17 17 17 17 17 17 17 17 17 17 17 17 17 17 17 18 18 18 18 18 18 18 18 18 18 18 18 18 18 18 18 18 18 18 18 18 18 18 18 18 18 18 18 18 18 19 19 19 19 19 19 19 19 19 19 19 19 19 19 19 19 19 19 19 19 19 19 19 19 19 19 19 19 19 19 20 20 20 20 20 20 20 20 20 20 20 20 20 20 20 20 20 20 20 20 20 20 20 20 20 20 20 20 20 20 21 21 21 21 21 21 21 21 21 21 21 21 21 21 21 21 21 21 21 21 21 21 21 21 21 21 21 21 21 21 22 22 22 22 22 22 22 22 22 22 22 22 22 22 22 22 22 22 22 22 22 22 22 22 22 22 22 22 22 22 23 23 23 23 23 23 23 23 23 23 23 23 23 23 23 23 23 23 23 23 23 23 23 23 23 23 23 23 23 23 24 24 24 24 24 24 24 24 24 24 24 24 24 24 24 24 24 24 24 24 24 24 24 24 24 24 24 24 24 24 25 25 25 25 25 25 25 25 25 25 25 25 25 25 25 25 25 25 25 25 25 25 25 25 25 25 25 25 25 25 26 26 26 26 26 26 26 26 26 26 26 26 26 26 26 26 26 26 26 26 26 26 26 26 26 26 26 26 26 26 27 27 27 27 27 27 27 27 27 27 27 27 27 27 27 27 27 27 27 27 27 27 27 27 27 27 27 27 27 27 28 28 28 28 28 28 28 28 28 28 28 28 28 28 28 28 28 28 28 28 28 28 28 28 28 28 28 28 28 28 29 29 29 29 29 29 29 29 29 29 29 29 29 29 29 29 29 29 29 29 29 29 29 29 29 29 29 29 29 29 
</Matrix>
   <Matrix name="neuronTypes" type="complete" rows="1" columns="900" multiplier="1.0">
   2 2 1 2 2 2 2 2 2 2 2 2 1 2 2 2 2 2 2 2 2 2 1 2 2 2 2 2 2 2 2 2 2 2 2 2 2 2 2 2 2 2 2 2 2 2 2 2 2 2 2 2 2 2 2 2 2 2 2 2 2 2 2 2 2 1 2 2 1 2 2 2 2 2 2 1 2 2 1 2 2 2 2 2 2 1 2 2 1 2 2 2 1 2 2 2 2 2 2 2 2 2 1 2 2 2 2 2 2 2 2 2 1 2 2 2 2 2 2 2 2 2 2 2 2 2 2 2 2 2 2 2 2 2 2 2 2 2 2 2 2 2 2 2 2 2 2 2 2 2 2 2 2 2 2 1 2 2 1 2 2 2 2 2 2 1 2 2 1 2 2 2 2 2 2 1 2 2 1 2 2 2 1 2 2 2 2 2 2 2 2 2 1 2 2 2 2 2 2 2 2 2 1 2 2 2 2 2 2 2 2 2 2 2 2 2 2 2 2 2 2 2 2 2 2 2 2 2 2 2 2 2 2 2 2 2 2 2 2 2 2 2 2 2 2 1 2 2 1 2 2 2 2 2 2 1 2 2 1 2 2 2 2 2 2 1 2 2 1 2 2 2 1 2 2 2 2 2 2 2 2 2 1 2 2 2 2 2 2 2 2 2 1 2 2 2 2 2 2 2 2 2 2 2 2 2 2 2 1 2 2 2 2 2 2 2 2 2 1 2 2 2 2 2 2 2 2 2 1 2 2 2 2 2 2 2 2 2 2 2 2 2 2 2 2 2 2 2 2 2 2 2 2 2 2 2 2 2 2 2 2 2 1 2 2 1 2 2 2 2 2 2 1 2 2 1 2 2 2 2 2 2 1 2 2 1 2 2 2 2 2 2 2 2 2 2 2 2 1 2 2 2 2 2 2 2 2 2 1 2 2 2 2 2 2 2 2 2 1 2 2 2 2 2 2 2 2 2 2 2 2 2 2 2 2 2 2 2 2 2 2 2 2 2 2 2 2 2 2 2 2 2 1 2 2 1 2 2 2 2 2 2 1 2 2 1 2 2 2 2 2 2 1 2 2 1 2 2 2 2 2 2 2 2 2 2 2 2 1 2 2 2 2 2 2 2 2 2 1 2 2 2 2 2 2 2 2 2 1 2 2 2 2 2 2 2 2 2 2 2 2 2 2 2 2 2 2 2 2 2 2 2 2 2 2 2 2 2 2 2 2 2 1 2 2 1 2 2 2 2 2 2 1 2 2 1 2 2 2 2 2 2 1 2 2 1 2 2 2 2 2 2 2 2 2 2 2 2 1 2 2 2 2 2 2 2 2 2 1 2 2 2 2 2 2 2 2 2 1 2 2 2 1 2 2 2 2 2 2 2 2 2 1 2 2 2 2 2 2 2 2 2 1 2 2 2 2 2 2 2 2 2 2 2 2 2 2 2 2 2 2 2 2 2 2 2 2 2 2 2 2 2 2 2 2 2 2 2 2 2 2 2 2 2 2 1 2 2 1 2 2 2 2 2 2 1 2 2 1 2 2 2 2 2 2 1 2 2 1 2 2 2 1 2 2 2 2 2 2 2 2 2 1 2 2 2 2 2 2 2 2 2 1 2 2 2 2 2 2 2 2 2 2 2 2 2 2 2 2 2 2 2 2 2 2 2 2 2 2 2 2 2 2 2 2 2 2 2 2 2 2 2 2 2 2 1 2 2 1 2 2 2 2 2 2 1 2 2 1 2 2 2 2 2 2 1 2 2 1 2 2 2 1 2 2 2 2 2 2 2 2 2 1 2 2 2 2 2 2 2 2 2 1 2 2 2 2 2 2 2 2 2 2 2 2 2 2 2 2 2 2 2 2 2 2 2 2 2 2 2 2 2 2 2 2 2 2 2 2 2 2 2 2 2 2 1 2 2 1 2 2 2 2 2 2 1 2 2 1 2 2 2 2 2 2 1 2 2 1 2 2 2 1 2 2 2 2 2 2 2 2 2 1 2 2 2 2 2 2 2 2 2 1 2 2 2 2 2 2 2 
</Matrix>
   <Matrix name="starterNeurons" type="complete" rows="1" columns="90" multiplier="1.0">
   7 17 27 31 34 41 44 51 54 97 107 117 121 124 131 134 141 144 187 197 207 211 214 221 224 231 234 277 287 297 307 317 327 331 334 341 344 351 354 397 407 417 421 424 431 434 441 444 487 497 507 511 514 521 524 531 534 577 587 597 607 617 627 631 634 641 644 651 654 697 707 717 721 724 731 734 741 744 787 797 807 811 814 821 824 831 834 877 887 897 
</Matrix>
   <Matrix name="neuronThresh" type="complete" rows="1" columns="900" multiplier="1.0">
   0.015 0.015 0.015 0.015 0.015 0.015 0.015 0.0136439 0.015 0.015 0.015 0.015 0.015 0.015 0.015 0.015 0.015 0.0135698 0.015 0.015 0.015 0.015 0.015 0.015 0.015 0.015 0.015 0.0136035 0.015 0.015 0.015 0.0136205 0.015 0.015 0.0136548 0.015 0.015 0.015 0.015 0.015 0.015 0.0136523 0.015 0.015 0.0135773 0.015 0.015 0.015 0.015 0.015 0.015 0.0136396 0.015 0.015 0.0135992 0.015 0.015 0.015 0.015 0.015 0.015 0.015 0.015 0.015 0.015 0.015 0.015 0.015 0.015 0.015 0.015 0.015 0.015 0.015 0.015 0.015 0.015 0.015 0.015 0.015 0.015 0.015 0.015 0.015 0.015 0.015 0.015 0.015 0.015 0.015 0.015 0.015 0.015 0.015 0.015 0.015 0.015 0.0136163 0.015 0.015 0.015 0.015 0.015 0.015 0.015 0.015 0.015 0.0136357 0.015 0.015 0.015 0.015 0.015 0.015 0.015 0.015 0.015 0.0136223 0.015 0.015 0.015 0.0136272 0.015 0.015 0.0135701 0.015 0.015 0.015 0.015 0.015 0.015 0.0135748 0.015 0.015 0.0135779 0.015 0.015 0.015 0.015 0.015 0.015 0.0136135 0.015 0.015 0.0136465 0.015 0.015 0.015 0.015 0.015 0.015 0.015 0.015 0.015 0.015 0.015 0.015 0.015 0.015 0.015 0.015 0.015 0.015 0.015 0.015 0.015 0.015 0.015 0.015 0.015 0.015 0.015 0.015 0.015 0.015 0.015 0.015 0.015 0.015 0.015 0.015 0.015 0.015 0.015 0.015 0.015 0.015 0.0136323 0.015 0.015 0.015 0.015 0.015 0.015 0.015 0.015 0.015 0.013608 0.015 0.015 0.015 0.015 0.015 0.015 0.015 0.015 0.015 0.0136095 0.015 0.015 0.015 0.013569 0.015 0.015 0.0135809 0.015 0.015 0.015 0.015 0.015 0.015 0.0136278 0.015 0.015 0.0135908 0.015 0.015 0.015 0.015 0.015 0.015 0.0136468 0.015 0.015 0.0135825 0.015 0.015 0.015 0.015 0.015 0.015 0.015 0.015 0.015 0.015 0.015 0.015 0.015 0.015 0.015 0.015 0.015 0.015 0.015 0.015 0.015 0.015 0.015 0.015 0.015 0.015 0.015 0.015 0.015 0.015 0.015 0.015 0.015 0.015 0.015 0.015 0.015 0.015 0.015 0.015 0.015 0.015 0.0136072 0.015 0.015 0.015 0.015 0.015 0.015 0.015 0.015 0.015 0.0135994 0.015 0.015 0.015 0.015 0.015 0.015 0.015 0.015 0.015 0.0136304 0.015 0.015 0.015 0.015 0.015 0.015 0.015 0.015 0.015 0.0135665 0.015 0.015 0.015 0.015 0.015 0.015 0.015 0.015 0.015 0.0136164 0.015 0.015 0.015 0.015 0.015 0.015 0.015 0.015 0.015 0.0135824 0.015 0.015 0.015 0.0136507 0.015 0.015 0.0136407 0.015 0.015 0.015 0.015 0.015 0.015 0.0135699 0.015 0.015 0.0136457 0.015 0.015 0.015 0.015 0.015 0.015 0.0136186 0.015 0.015 0.0135945 0.015 0.015 0.015 0.015 0.015 0.015 0.015 0.015 0.015 0.015 0.015 0.015 0.015 0.015 0.015 0.015 0.015 0.015 0.015 0.015 0.015 0.015 0.015 0.015 0.015 0.015 0.015 0.015 0.015 0.015 0.015 0.015 0.015 0.015 0.015 0.015 0.015 0.015 0.015 0.015 0.015 0.015 0.0136527 0.015 0.015 0.015 0.015 0.015 0.015 0.015 0.015 0.015 0.0135869 0.015 0.015 0.015 0.015 0.015 0.015 0.015 0.015 0.015 0.0136385 0.015 0.015 0.015 0.0136005 0.015 0.015 0.0136322 0.015 0.015 0.015 0.015 0.015 0.015 0.0136261 0.015 0.015 0.0135684 0.015 0.015 0.015 0.015 0.015 0.015 0.0135713 0.015 0.015 0.0135878 0.015 0.015 0.015 0.015 0.015 0.015 0.015 0.015 0.015 0.015 0.015 0.015 0.015 0.015 0.015 0.015 0.015 0.015 0.015 0.015 0.015 0.015 0.015 0.015 0.015 0.015 0.015 0.015 0.015 0.015 0.015 0.015 0.015 0.015 0.015 0.015 0.015 0.015 0.015 0.015 0.015 0.015 0.0136541 0.015 0.015 0.015 0.015 0.015 0.015 0.015 0.015 0.015 0.013566 0.015 0.015 0.015 0.015 0.015 0.015 0.015 0.015 0.015 0.0135852 0.015 0.015 0.015 0.0136505 0.015 0.015 0.0135879 0.015 0.015 0.015 0.015 0.015 0.015 0.0136236 0.015 0.015 0.0136144 0.015 0.015 0.015 0.015 0.015 0.015 0.0136034 0.015 0.015 0.0135984 0.015 0.015 0.015 0.015 0.015 0.015 0.015 0.015 0.015 0.015 0.015 0.015 0.015 0.015 0.015 0.015 0.015 0.015 0.015 0.015 0.015 0.015 0.015 0.015 0.015 0.015 0.015 0.015 0.015 0.015 0.015 0.015 0.015 0.015 0.015 0.015 0.015 0.015 0.015 0.015 0.015 0.015 0.0136147 0.015 0.015 0.015 0.015 0.015 0.015 0.015 0.015 0.015 0.0136514 0.015 0.015 0.015 0.015 0.015 0.015 0.015 0.015 0.015 0.0136411 0.015 0.015 0.015 0.015 0.015 0.015 0.015 0.015 0.015 0.0136191 0.015 0.015 0.015 0.015 0.015 0.015 0.015 0.015 0.015 0.0135718 0.015 0.015 0.015 0.015 0.015 0.015 0.015 0.015 0.015 0.013576 0.015 0.015 0.015 0.0136071 0.015 0.015 0.0136263 0.015 0.015 0.015 0.015 0.015 0.015 0.0136053 0.015 0.015 0.0136438 0.015 0.015 0.015 0.015 0.015 0.015 0.0136535 0.015 0.015 0.0136371 0.015 0.015 0.015 0.015 0.015 0.015 0.015 0.015 0.015 0.015 0.015 0.015 0.015 0.015 0.015 0.015 0.015 0.015 0.015 0.015 0.015 0.015 0.015 0.015 0.015 0.015 0.015 0.015 0.015 0.015 0.015 0.015 0.015 0.015 0.015 0.015 0.015 0.015 0.015 0.015 0.015 0.015 0.0136276 0.015 0.015 0.015 0.015 0.015 0.015 0.015 0.015 0.015 0.0135897 0.015 0.015 0.015 0.015 0.015 0.015 0.015 0.015 0.015 0.0135677 0.015 0.015 0.015 0.0135831 0.015 0.015 0.0136462 0.015 0.015 0.015 0.015 0.015 0.015 0.0135891 0.015 0.015 0.0136239 0.015 0.015 0.015 0.015 0.015 0.015 0.0136447 0.015 0.015 0.0135898 0.015 0.015 0.015 0.015 0.015 0.015 0.015 0.015 0.015 0.015 0.015 0.015 0.015 0.015 0.015 0.015 0.015 0.015 0.015 0.015 0.015 0.015 0.015 0.015 0.015 0.015 0.015 0.015 0.015 0.015 0.015 0.015 0.015 0.015 0.015 0.015 0.015 0.015 0.015 0.015 0.015 0.015 0.0135851 0.015 0.015 0.015 0.015 0.015 0.015 0.015 0.015 0.015 0.0136368 0.015 0.015 0.015 0.015 0.015 0.015 0.015 0.015 0.015 0.0136232 0.015 0.015 0.015 0.0135709 0.015 0.015 0.0135869 0.015 0.015 0.015 0.015 0.015 0.015 0.013615 0.015 0.015 0.0136361 0.015 0.015 0.015 0.015 0.015 0.015 0.013633 0.015 0.015 0.0135895 0.015 0.015 0.015 0.015 0.015 0.015 0.015 0.015 0.015 0.015 0.015 0.015 0.015 0.015 0.015 0.015 0.015 0.015 0.015 0.015 0.015 0.015 0.015 0.015 0.015 0.015 0.015 0.015 0.015 0.015 0.015 0.015 0.015 0.015 0.015 0.015 0.015 0.015 0.015 0.015 0.015 0.015 0.0136087 0.015 0.015 0.015 0.015 0.015 0.015 0.015 0.015 0.015 0.0136257 0.015 0.015 0.015 0.015 0.015 0.015 0.015 0.015 0.015 0.0136321 0.015 0.015 
</Matrix>
   <Matrix name="Tsim" type="complete" rows="1" columns="1" multiplier="1.0">
   100
</Matrix>
   <Matrix name="simulationEndTime" type="complete" rows="1" columns="1" multiplier="1.0">
   1000
</Matrix>
</SimState>
