<?xml version='1.0' encoding='UTF-8'?>
<simulator_inputs>
  <data description="SPD_calls_sept2020" clock_tick_size="1" clock_tick_unit="sec">
    <vertex id="10" name="SEATTLE PD Caller region">
      <event time="34" duration="230" x="-122.37482094435583" y="47.64839548276973" type="EMS" vertex_id="10" patience="61" on_site_time="3142"/>
      <event time="37" duration="169" x="-122.4036487601129" y="47.55833788618255" type="Fire" vertex_id="10" patience="3" on_site_time="2032"/>
      <event time="42" duration="327" x="-122.38534886929502" y="47.515324716436346" type="Fire" vertex_id="10" patience="8" on_site_time="782"/>
      <event time="47" duration="165" x="-122.27568876640863" y="47.67904232558008" type="EMS" vertex_id="10" patience="9" on_site_time="627"/>
      <event time="73" duration="262" x="-122.36701587581143" y="47.51932484119922" type="EMS" vertex_id="10" patience="50" on_site_time="1890"/>
      <event time="130" duration="242" x="-122.32733110385414" y="47.65708716342721" type="Law" vertex_id="10" patience="150" on_site_time="1105"/>
      <event time="324" duration="209" x="-122.42842939223208" y="47.59298276266974" type="Fire" vertex_id="10" patience="5" on_site_time="603"/>
      <event time="388" duration="45" x="-122.37746466732693" y="47.711139673719046" type="Law" vertex_id="10" patience="66" on_site_time="182"/>
      <event time="401" duration="110" x="-122.45031189490172" y="47.704142615892934" type="EMS" vertex_id="10" patience="45" on_site_time="53"/>
      <event time="435" duration="54" x="-122.38497853357659" y="47.58597687545961" type="EMS" vertex_id="10" patience="139" on_site_time="770"/>
      <event time="490" duration="259" x="-122.33562990965024" y="47.64880090244549" type="Law" vertex_id="10" patience="77" on_site_time="2142"/>
      <event time="541" duration="350" x="-122.37503877878919" y="47.5274803656548" type="Law" vertex_id="10" patience="86" on_site_time="510"/>
      <event time="671" duration="389" x="-122.43846764661109" y="47.594429736848575" type="EMS" vertex_id="10" patience="60" on_site_time="637"/>
      <event time="900" duration="81" x="-122.29491177376885" y="47.60886297661482" type="Fire" vertex_id="10" patience="57" on_site_time="90"/>
      <event time="960" duration="53" x="-122.29648552268789" y="47.61776320232366" type="Law" vertex_id="10" patience="113" on_site_time="824"/>
      <event time="1009" duration="638" x="-122.35596534749182" y="47.6773160725642" type="Law" vertex_id="10" patience="38" on_site_time="81"/>
      <event time="1106" duration="230" x="-122.44721574783861" y="47.60935496208115" type="EMS" vertex_id="10" patience="16" on_site_time="3378"/>
      <event time="1110" duration="64" x="-122.31713723952292" y="47.54535782341512" type="Fire" vertex_id="10" patience="8" on_site_time="139"/>
      <event time="1143" duration="241" x="-122.39378273701678" y="47.48431540296322" type="Fire" vertex_id="10" patience="47" on_site_time="633"/>
      <event time="1155" duration="180" x="-122.43233093624063" y="47.682969737450534" type="Fire" vertex_id="10" patience="20" on_site_time="967"/>  
    </vertex>
  </data>
</simulator_inputs>
