<?xml version="1.0" encoding="UTF-8" standalone="no"?>
<BGSimParams>
  <SimInfoParams name="SimInfoParams">
    <SimParams name="SimParams">
      <!-- epochDuration is one day in seconds: 24 * 3600 
      and total simulation is 30 days -->
      <epochDuration name="epochDuration">86400</epochDuration>
      <numEpochs name="numEpochs">30</numEpochs>
      <!-- Every simulation step is 1 second -->
      <deltaT name="Simulation Step Duration">1</deltaT>
    </SimParams>
    <SimConfig name="SimConfig">
      <maxFiringRate name="maxFiringRate">100</maxFiringRate>
      <!-- Seattle PD PSAP has 194 edges in total -->
      <maxEdgesPerVertex name="maxEdgesPerVertex">195</maxEdgesPerVertex>
    </SimConfig>
    <RNGConfig name="RNGConfig">
      <InitRNGSeed name="InitRNGSeed">1</InitRNGSeed>
      <NoiseRNGSeed class="Norm" name="NoiseRNGSeed">1</NoiseRNGSeed>
    </RNGConfig>
  </SimInfoParams>

  <ModelParams>
    <VerticesParams class="All911Vertices" name="VerticesParams">
      <CallNum name="CallNum">
        <min name="min">3</min>
        <max name="max">37</max>
      </CallNum>
      <DispNumScale name="DispNumScale">0.3</DispNumScale>
      <RespNumScale name="RespNumScale">0.3</RespNumScale>
      <RedialP name="RedialProbability">0.85</RedialP>
    </VerticesParams>

    <EdgesParams class="All911Edges" name="EdgesParams">
    </EdgesParams>

    <ConnectionsParams class="Connections911" name="ConnectionsParams">
      <graphmlFile name="graphmlFile">../configfiles/graphs/spd.graphml</graphmlFile>
          <!-- Max ConnsPerVertex = 87 RC + 1 PR -->
      <connsPerVertex name="connsPerVertex">88</connsPerVertex>
      <psapsToErase name="psapsToErase">1</psapsToErase>
      <respsToErase name="respsToErase">2</respsToErase>
    </ConnectionsParams>

    <InputParams name="InputParams">
      <inputFile name="inputFile">../configfiles/inputs/SPD_calls.xml</inputFile>
    </InputParams>

    <LayoutParams class="Layout911" name="LayoutParams">
    </LayoutParams>
    
    <RecorderParams class="Xml911Recorder" name="RecorderParams">
      <RecorderFiles name="RecorderFiles">
        <resultFileName name="resultFileName">Output/Results/test-spd-911-out.xml</resultFileName>
      </RecorderFiles>
    </RecorderParams>
  </ModelParams>
</BGSimParams>
