<?xml version="1.0" encoding="UTF-8" standalone="no"?>
<BGSimParams>
  <SimInfoParams name="SimInfoParams">
    <SimParams name="SimParams">
      <epochDuration name="epochDuration">100.0</epochDuration>
      <numEpochs name="numEpochs">2</numEpochs>
    </SimParams>
    <SimConfig name="SimConfig">
      <maxFiringRate name="maxFiringRate">100</maxFiringRate>
      <maxEdgesPerVertex name="maxEdgesPerVertex">88</maxEdgesPerVertex>
    </SimConfig>
    <RNGConfig name="RNGConfig">
      <InitRNGSeed name="InitRNGSeed">1</InitRNGSeed>
      <NoiseRNGSeed class="Norm" name="NoiseRNGSeed">1</NoiseRNGSeed>
    </RNGConfig>
  </SimInfoParams>

  <ModelParams>
    <VerticesParams class="All911Vertices" name="VerticesParams">
      <CallNum name="CallNum">
        <min name="min">3</min>
        <max name="max">37</max>
      </CallNum>
      <DispNumScale name="DispNumScale">0.3</DispNumScale>
      <RespNumScale name="RespNumScale">0.3</RespNumScale>
    </VerticesParams>

    <EdgesParams class="All911Edges" name="EdgesParams">
    </EdgesParams>

    <ConnectionsParams class="Connections911" name="ConnectionsParams">
      <Connections911Params name="Connections911Params">
        <graphmlFile name="graphmlFile">../configfiles/graphs/small_911.graphml</graphmlFile>
        <psapsToErase name="psapsToErase">1</psapsToErase>
        <respsToErase name="respsToErase">2</respsToErase>
      </Connections911Params>
    </ConnectionsParams>

    <InputParams name="InputParams">
      <!-- TODO: I Placed this here for testing purposes -->
      <inputFile name="inputFile">../configfiles/inputs/SPD_calls.xml</inputFile>
    </InputParams>

    <LayoutParams class="Layout911" name="LayoutParams">
    </LayoutParams>
    
    <RecorderParams class="Xml911Recorder" name="RecorderParams">
      <RecorderFiles name="RecorderFiles">
        <resultFileName name="resultFileName">Output/Results/test-small-911-out.xml</resultFileName>
      </RecorderFiles>
    </RecorderParams>
  </ModelParams>
</BGSimParams>
