<?xml version="1.0" encoding="UTF-8" standalone="no"?>
<BGSimParams>
  <SimInfoParams name="SimInfoParams">
    <PoolSize name="PoolSize">
      <x name="x">10</x>
      <y name="y">10</y>
      <z name="z">1</z>
    </PoolSize>
    <SimParams name="SimParams">
      <epochDuration name="epochDuration">100.0</epochDuration>
      <numEpochs name="numEpochs">2</numEpochs>
    </SimParams>
    <SimConfig name="SimConfig">
      <maxFiringRate name="maxFiringRate">100</maxFiringRate>
      <maxEdgesPerVertex name="maxEdgesPerVertex">88</maxEdgesPerVertex>
    </SimConfig>
    <RNGConfig name="RNGConfig">
      <InitRNGSeed name="InitRNGSeed">1</InitRNGSeed>
      <NoiseRNGSeed class="Norm" name="NoiseRNGSeed">1</NoiseRNGSeed>
    </RNGConfig>
  </SimInfoParams>

  <ModelParams>
    <VerticesParams class="All911Vertices" name="VerticesParams">
      <CallNum name="CallNum">
        <min name="min">3</min>
        <max name="max">37</max>
      </CallNum>
      <DispNumScale name="DispNumScale">0.3</DispNumScale>
      <RespNumScale name="RespNumScale">0.3</RespNumScale>
    </VerticesParams>

    <EdgesParams class="All911Edges" name="EdgesParams">
    </EdgesParams>

    <ConnectionsParams class="Connections911" name="ConnectionsParams">
      <Connections911Params name="Connections911Params">
            <!-- Max ConnsPerVertex = 87 RC + 1 PR -->
        <connsPerVertex name="connsPerVertex">88</connsPerVertex>
        <psapsToErase name="psapsToErase">1</psapsToErase>
        <respsToErase name="respsToErase">2</respsToErase>
      </Connections911Params>
    </ConnectionsParams>


    <LayoutParams class="Layout911" name="LayoutParams">
      <LayoutFiles name="LayoutFiles">
        <PSAPsListFileName name="PSAPsListFileName" type="InputFile">../configfiles/NList/NG911_psaps_10x10.xml</PSAPsListFileName>
        <callersListFileName name="callersListFileName" type="InputFile">../configfiles/NList/NG911_callers_10x10.xml</callersListFileName>
        <respondersListFileName name="respondersListFileName" type="InputFile">../configfiles/NList/NG911_responders_10x10.xml</respondersListFileName>
      </LayoutFiles>
    </LayoutParams>
    
    <RecorderParams class="Xml911Recorder" name="RecorderParams">
      <RecorderFiles name="RecorderFiles">
        <probedListFileName name="prbListFileName" type="InputFile">../configfiles/NList/NG911_probed_10x10.xml</probedListFileName>
        <resultFileName name="resultFileName">Output/Results/test-small-911-out.xml</resultFileName>
      </RecorderFiles>
    </RecorderParams>
  </ModelParams>
</BGSimParams>
