<?xml version="1.0" standalone="no"?>
<!-- State output file for the DCT growth modeling-->
<SimState>
   <Matrix name="radiiHistory" type="complete" rows="3" columns="900" multiplier="1.0">
   0.49 0.49 0.49 0.49 0.49 0.49 0.49 0.49 0.49 0.49 0.49 0.49 0.49 0.49 0.49 0.49 0.49 0.49 0.49 0.49 0.49 0.49 0.49 0.49 0.49 0.49 0.49 0.49 0.49 0.49 0.49 0.49 0.49 0.49 0.49 0.49 0.49 0.49 0.49 0.49 0.49 0.49 0.49 0.49 0.49 0.49 0.49 0.49 0.49 0.49 0.49 0.49 0.49 0.49 0.49 0.49 0.49 0.49 0.49 0.49 0.49 0.49 0.49 0.49 0.49 0.49 0.49 0.49 0.49 0.49 0.49 0.49 0.49 0.49 0.49 0.49 0.49 0.49 0.49 0.49 0.49 0.49 0.49 0.49 0.49 0.49 0.49 0.49 0.49 0.49 0.49 0.49 0.49 0.49 0.49 0.49 0.49 0.49 0.49 0.49 0.49 0.49 0.49 0.49 0.49 0.49 0.49 0.49 0.49 0.49 0.49 0.49 0.49 0.49 0.49 0.49 0.49 0.49 0.49 0.49 0.49 0.49 0.49 0.49 0.49 0.49 0.49 0.49 0.49 0.49 0.49 0.49 0.49 0.49 0.49 0.49 0.49 0.49 0.49 0.49 0.49 0.49 0.49 0.49 0.49 0.49 0.49 0.49 0.49 0.49 0.49 0.49 0.49 0.49 0.49 0.49 0.49 0.49 0.49 0.49 0.49 0.49 0.49 0.49 0.49 0.49 0.49 0.49 0.49 0.49 0.49 0.49 0.49 0.49 0.49 0.49 0.49 0.49 0.49 0.49 0.49 0.49 0.49 0.49 0.49 0.49 0.49 0.49 0.49 0.49 0.49 0.49 0.49 0.49 0.49 0.49 0.49 0.49 0.49 0.49 0.49 0.49 0.49 0.49 0.49 0.49 0.49 0.49 0.49 0.49 0.49 0.49 0.49 0.49 0.49 0.49 0.49 0.49 0.49 0.49 0.49 0.49 0.49 0.49 0.49 0.49 0.49 0.49 0.49 0.49 0.49 0.49 0.49 0.49 0.49 0.49 0.49 0.49 0.49 0.49 0.49 0.49 0.49 0.49 0.49 0.49 0.49 0.49 0.49 0.49 0.49 0.49 0.49 0.49 0.49 0.49 0.49 0.49 0.49 0.49 0.49 0.49 0.49 0.49 0.49 0.49 0.49 0.49 0.49 0.49 0.49 0.49 0.49 0.49 0.49 0.49 0.49 0.49 0.49 0.49 0.49 0.49 0.49 0.49 0.49 0.49 0.49 0.49 0.49 0.49 0.49 0.49 0.49 0.49 0.49 0.49 0.49 0.49 0.49 0.49 0.49 0.49 0.49 0.49 0.49 0.49 0.49 0.49 0.49 0.49 0.49 0.49 0.49 0.49 0.49 0.49 0.49 0.49 0.49 0.49 0.49 0.49 0.49 0.49 0.49 0.49 0.49 0.49 0.49 0.49 0.49 0.49 0.49 0.49 0.49 0.49 0.49 0.49 0.49 0.49 0.49 0.49 0.49 0.49 0.49 0.49 0.49 0.49 0.49 0.49 0.49 0.49 0.49 0.49 0.49 0.49 0.49 0.49 0.49 0.49 0.49 0.49 0.49 0.49 0.49 0.49 0.49 0.49 0.49 0.49 0.49 0.49 0.49 0.49 0.49 0.49 0.49 0.49 0.49 0.49 0.49 0.49 0.49 0.49 0.49 0.49 0.49 0.49 0.49 0.49 0.49 0.49 0.49 0.49 0.49 0.49 0.49 0.49 0.49 0.49 0.49 0.49 0.49 0.49 0.49 0.49 0.49 0.49 0.49 0.49 0.49 0.49 0.49 0.49 0.49 0.49 0.49 0.49 0.49 0.49 0.49 0.49 0.49 0.49 0.49 0.49 0.49 0.49 0.49 0.49 0.49 0.49 0.49 0.49 0.49 0.49 0.49 0.49 0.49 0.49 0.49 0.49 0.49 0.49 0.49 0.49 0.49 0.49 0.49 0.49 0.49 0.49 0.49 0.49 0.49 0.49 0.49 0.49 0.49 0.49 0.49 0.49 0.49 0.49 0.49 0.49 0.49 0.49 0.49 0.49 0.49 0.49 0.49 0.49 0.49 0.49 0.49 0.49 0.49 0.49 0.49 0.49 0.49 0.49 0.49 0.49 0.49 0.49 0.49 0.49 0.49 0.49 0.49 0.49 0.49 0.49 0.49 0.49 0.49 0.49 0.49 0.49 0.49 0.49 0.49 0.49 0.49 0.49 0.49 0.49 0.49 0.49 0.49 0.49 0.49 0.49 0.49 0.49 0.49 0.49 0.49 0.49 0.49 0.49 0.49 0.49 0.49 0.49 0.49 0.49 0.49 0.49 0.49 0.49 0.49 0.49 0.49 0.49 0.49 0.49 0.49 0.49 0.49 0.49 0.49 0.49 0.49 0.49 0.49 0.49 0.49 0.49 0.49 0.49 0.49 0.49 0.49 0.49 0.49 0.49 0.49 0.49 0.49 0.49 0.49 0.49 0.49 0.49 0.49 0.49 0.49 0.49 0.49 0.49 0.49 0.49 0.49 0.49 0.49 0.49 0.49 0.49 0.49 0.49 0.49 0.49 0.49 0.49 0.49 0.49 0.49 0.49 0.49 0.49 0.49 0.49 0.49 0.49 0.49 0.49 0.49 0.49 0.49 0.49 0.49 0.49 0.49 0.49 0.49 0.49 0.49 0.49 0.49 0.49 0.49 0.49 0.49 0.49 0.49 0.49 0.49 0.49 0.49 0.49 0.49 0.49 0.49 0.49 0.49 0.49 0.49 0.49 0.49 0.49 0.49 0.49 0.49 0.49 0.49 0.49 0.49 0.49 0.49 0.49 0.49 0.49 0.49 0.49 0.49 0.49 0.49 0.49 0.49 0.49 0.49 0.49 0.49 0.49 0.49 0.49 0.49 0.49 0.49 0.49 0.49 0.49 0.49 0.49 0.49 0.49 0.49 0.49 0.49 0.49 0.49 0.49 0.49 0.49 0.49 0.49 0.49 0.49 0.49 0.49 0.49 0.49 0.49 0.49 0.49 0.49 0.49 0.49 0.49 0.49 0.49 0.49 0.49 0.49 0.49 0.49 0.49 0.49 0.49 0.49 0.49 0.49 0.49 0.49 0.49 0.49 0.49 0.49 0.49 0.49 0.49 0.49 0.49 0.49 0.49 0.49 0.49 0.49 0.49 0.49 0.49 0.49 0.49 0.49 0.49 0.49 0.49 0.49 0.49 0.49 0.49 0.49 0.49 0.49 0.49 0.49 0.49 0.49 0.49 0.49 0.49 0.49 0.49 0.49 0.49 0.49 0.49 0.49 0.49 0.49 0.49 0.49 0.49 0.49 0.49 0.49 0.49 0.49 0.49 0.49 0.49 0.49 0.49 0.49 0.49 0.49 0.49 0.49 0.49 0.49 0.49 0.49 0.49 0.49 0.49 0.49 0.49 0.49 0.49 0.49 0.49 0.49 0.49 0.49 0.49 0.49 0.49 0.49 0.49 0.49 0.49 0.49 0.49 0.49 0.49 0.49 0.49 0.49 0.49 0.49 0.49 0.49 0.49 0.49 0.49 0.49 0.49 0.49 0.49 0.49 0.49 0.49 0.49 0.49 0.49 0.49 0.49 0.49 0.49 0.49 0.49 0.49 0.49 0.49 0.49 0.49 0.49 0.49 0.49 0.49 0.49 0.49 0.49 0.49 0.49 0.49 0.49 0.49 0.49 0.49 0.49 0.49 0.49 0.49 0.49 0.49 0.49 0.49 0.49 0.49 0.49 0.49 0.49 0.49 0.49 0.49 0.49 0.49 0.49 0.49 0.49 0.49 0.49 0.49 0.49 0.49 0.49 0.49 0.49 0.49 0.49 0.49 0.49 0.49 0.49 0.49 0.49 0.49 0.49 0.49 0.49 0.49 0.49 0.49 0.49 0.49 0.49 0.49 0.49 0.49 0.49 0.49 0.49 0.49 0.49 0.49 
0.499951 0.499951 0.499951 0.499951 0.499951 0.499951 0.499951 0.493185 0.499951 0.499951 0.499951 0.499951 0.499951 0.499951 0.499951 0.499951 0.499951 0.48 0.499951 0.499951 0.499951 0.499951 0.499951 0.499951 0.499951 0.499951 0.499951 0.48 0.499951 0.499951 0.499951 0.480108 0.499951 0.499951 0.499871 0.499951 0.499951 0.499951 0.499951 0.499951 0.499951 0.499933 0.499951 0.499951 0.48 0.499951 0.499951 0.499951 0.499951 0.499951 0.499951 0.499579 0.499951 0.499951 0.480002 0.499951 0.499951 0.499951 0.499951 0.499951 0.499951 0.499951 0.499951 0.499951 0.499951 0.499951 0.499951 0.499951 0.499951 0.499951 0.499951 0.499951 0.499951 0.499951 0.499951 0.499951 0.499951 0.499951 0.499951 0.499951 0.499951 0.499951 0.499951 0.499951 0.499951 0.499951 0.499951 0.499951 0.499951 0.499951 0.499951 0.499951 0.499951 0.499951 0.499951 0.499951 0.499951 0.480002 0.499951 0.499951 0.499951 0.499951 0.499951 0.499951 0.499951 0.499951 0.499951 0.499837 0.499951 0.499951 0.499951 0.499951 0.499951 0.499951 0.499951 0.499951 0.499951 0.48793 0.499951 0.499951 0.499951 0.480634 0.499951 0.499951 0.48 0.499951 0.499951 0.499951 0.499951 0.499951 0.499951 0.48 0.499951 0.499951 0.48 0.499951 0.499951 0.499951 0.499951 0.499951 0.499951 0.480075 0.499951 0.499951 0.498144 0.499951 0.499951 0.499951 0.499951 0.499951 0.499951 0.499951 0.499951 0.499951 0.499951 0.499951 0.499951 0.499951 0.499951 0.499951 0.499951 0.499951 0.499951 0.499951 0.499951 0.499951 0.499951 0.499951 0.499951 0.499951 0.499951 0.499951 0.499951 0.499951 0.499951 0.499951 0.499951 0.499951 0.499951 0.499951 0.499951 0.499951 0.499951 0.499951 0.499951 0.499951 0.499951 0.499554 0.499951 0.499951 0.499951 0.499951 0.499951 0.499951 0.499951 0.499951 0.499951 0.48002 0.499951 0.499951 0.499951 0.499951 0.499951 0.499951 0.499951 0.499951 0.499951 0.480001 0.499951 0.499951 0.499951 0.48 0.499951 0.499951 0.48 0.499951 0.499951 0.499951 0.499951 0.499951 0.499951 0.481259 0.499951 0.499951 0.48 0.499951 0.499951 0.499951 0.499951 0.499951 0.499951 0.491781 0.499951 0.499951 0.48 0.499951 0.499951 0.499951 0.499951 0.499951 0.499951 0.499951 0.499951 0.499951 0.499951 0.499951 0.499951 0.499951 0.499951 0.499951 0.499951 0.499951 0.499951 0.499951 0.499951 0.499951 0.499951 0.499951 0.499951 0.499951 0.499951 0.499951 0.499951 0.499951 0.499951 0.499951 0.499951 0.499951 0.499951 0.499951 0.499951 0.499951 0.499951 0.499951 0.499951 0.499951 0.499951 0.480026 0.499951 0.499951 0.499951 0.499951 0.499951 0.499951 0.499951 0.499951 0.499951 0.481856 0.499951 0.499951 0.499951 0.499951 0.499951 0.499951 0.499951 0.499951 0.499951 0.498337 0.499951 0.499951 0.499951 0.499951 0.499951 0.499951 0.499951 0.499951 0.499951 0.48 0.499951 0.499951 0.499951 0.499951 0.499951 0.499951 0.499951 0.499951 0.499951 0.497306 0.499951 0.499951 0.499951 0.499951 0.499951 0.499951 0.499951 0.499951 0.499951 0.48 0.499951 0.499951 0.499951 0.499816 0.499951 0.499951 0.498996 0.499951 0.499951 0.499951 0.499951 0.499951 0.499951 0.48 0.499951 0.499951 0.499837 0.499951 0.499951 0.499951 0.499951 0.499951 0.499951 0.480019 0.499951 0.499951 0.48 0.499951 0.499951 0.499951 0.499951 0.499951 0.499951 0.499951 0.499951 0.499951 0.499951 0.499951 0.499951 0.499951 0.499951 0.499951 0.499951 0.499951 0.499951 0.499951 0.499951 0.499951 0.499951 0.499951 0.499951 0.499951 0.499951 0.499951 0.499951 0.499951 0.499951 0.499951 0.499951 0.499951 0.499951 0.499951 0.499951 0.499951 0.499951 0.499951 0.499951 0.499951 0.499951 0.499705 0.499951 0.499951 0.499951 0.499951 0.499951 0.499951 0.499951 0.499951 0.499951 0.48 0.499951 0.499951 0.499951 0.499951 0.499951 0.499951 0.499951 0.499951 0.499951 0.499154 0.499951 0.499951 0.499951 0.48 0.499951 0.499951 0.496352 0.499951 0.499951 0.499951 0.499951 0.499951 0.499951 0.481757 0.499951 0.499951 0.48 0.499951 0.499951 0.499951 0.499951 0.499951 0.499951 0.48 0.499951 0.499951 0.480001 0.499951 0.499951 0.499951 0.499951 0.499951 0.499951 0.499951 0.499951 0.499951 0.499951 0.499951 0.499951 0.499951 0.499951 0.499951 0.499951 0.499951 0.499951 0.499951 0.499951 0.499951 0.499951 0.499951 0.499951 0.499951 0.499951 0.499951 0.499951 0.499951 0.499951 0.499951 0.499951 0.499951 0.499951 0.499951 0.499951 0.499951 0.499951 0.499951 0.499951 0.499951 0.499951 0.491781 0.499951 0.499951 0.499951 0.499951 0.499951 0.499951 0.499951 0.499951 0.499951 0.48 0.499951 0.499951 0.499951 0.499951 0.499951 0.499951 0.499951 0.499951 0.499951 0.480018 0.499951 0.499951 0.499951 0.499051 0.499951 0.499951 0.480154 0.499951 0.499951 0.499951 0.499951 0.499951 0.499951 0.487087 0.499951 0.499951 0.483649 0.499951 0.499951 0.499951 0.499951 0.499951 0.499951 0.480002 0.499951 0.499951 0.480001 0.499951 0.499951 0.499951 0.499951 0.499951 0.499951 0.499951 0.499951 0.499951 0.499951 0.499951 0.499951 0.499951 0.499951 0.499951 0.499951 0.499951 0.499951 0.499951 0.499951 0.499951 0.499951 0.499951 0.499951 0.499951 0.499951 0.499951 0.499951 0.499951 0.499951 0.499951 0.499951 0.499951 0.499951 0.499951 0.499951 0.499951 0.499951 0.499951 0.499951 0.499951 0.499951 0.498426 0.499951 0.499951 0.499951 0.499951 0.499951 0.499951 0.499951 0.499951 0.499951 0.499827 0.499951 0.499951 0.499951 0.499951 0.499951 0.499951 0.499951 0.499951 0.499951 0.499329 0.499951 0.499951 0.499951 0.499951 0.499951 0.499951 0.499951 0.499951 0.499951 0.480002 0.499951 0.499951 0.499951 0.499951 0.499951 0.499951 0.499951 0.499951 0.499951 0.48 0.499951 0.499951 0.499951 0.499951 0.499951 0.499951 0.499951 0.499951 0.499951 0.48 0.499951 0.499951 0.499951 0.495581 0.499951 0.499951 0.497163 0.499951 0.499951 0.499951 0.499951 0.499951 0.499951 0.495371 0.499951 0.499951 0.493969 0.499951 0.499951 0.499951 0.499951 0.499951 0.499951 0.491489 0.499951 0.499951 0.499554 0.499951 0.499951 0.499951 0.499951 0.499951 0.499951 0.499951 0.499951 0.499951 0.499951 0.499951 0.499951 0.499951 0.499951 0.499951 0.499951 0.499951 0.499951 0.499951 0.499951 0.499951 0.499951 0.499951 0.499951 0.499951 0.499951 0.499951 0.499951 0.499951 0.499951 0.499951 0.499951 0.499951 0.499951 0.499951 0.499951 0.499951 0.499951 0.499951 0.499951 0.499951 0.499951 0.480059 0.499951 0.499951 0.499951 0.499951 0.499951 0.499951 0.499951 0.499951 0.499951 0.48 0.499951 0.499951 0.499951 0.499951 0.499951 0.499951 0.499951 0.499951 0.499951 0.48 0.499951 0.499951 0.499951 0.48 0.499951 0.499951 0.499468 0.499951 0.499951 0.499951 0.499951 0.499951 0.499951 0.48 0.499951 0.499951 0.499705 0.499951 0.499951 0.499951 0.499951 0.499951 0.499951 0.491194 0.499951 0.499951 0.480001 0.499951 0.499951 0.499951 0.499951 0.499951 0.499951 0.499951 0.499951 0.499951 0.499951 0.499951 0.499951 0.499951 0.499951 0.499951 0.499951 0.499951 0.499951 0.499951 0.499951 0.499951 0.499951 0.499951 0.499951 0.499951 0.499951 0.499951 0.499951 0.499951 0.499951 0.499951 0.499951 0.499951 0.499951 0.499951 0.499951 0.499951 0.499951 0.499951 0.499951 0.499951 0.499951 0.48 0.499951 0.499951 0.499951 0.499951 0.499951 0.499951 0.499951 0.499951 0.499951 0.499855 0.499951 0.499951 0.499951 0.499951 0.499951 0.499951 0.499951 0.499951 0.499951 0.480671 0.499951 0.499951 0.499951 0.48 0.499951 0.499951 0.480023 0.499951 0.499951 0.499951 0.499951 0.499951 0.499951 0.480012 0.499951 0.499951 0.488806 0.499951 0.499951 0.499951 0.499951 0.499951 0.499951 0.499892 0.499951 0.499951 0.480121 0.499951 0.499951 0.499951 0.499951 0.499951 0.499951 0.499951 0.499951 0.499951 0.499951 0.499951 0.499951 0.499951 0.499951 0.499951 0.499951 0.499951 0.499951 0.499951 0.499951 0.499951 0.499951 0.499951 0.499951 0.499951 0.499951 0.499951 0.499951 0.499951 0.499951 0.499951 0.499951 0.499951 0.499951 0.499951 0.499951 0.499951 0.499951 0.499951 0.499951 0.499951 0.499951 0.481663 0.499951 0.499951 0.499951 0.499951 0.499951 0.499951 0.499951 0.499951 0.499951 0.498426 0.499951 0.499951 0.499951 0.499951 0.499951 0.499951 0.499951 0.499951 0.499951 0.499579 0.499951 0.499951 
0.509901 0.509901 0.509901 0.509901 0.509901 0.509901 0.509901 0.491991 0.509901 0.509901 0.509901 0.509901 0.509901 0.509901 0.509901 0.509901 0.509901 0.47 0.509901 0.509901 0.509901 0.509901 0.509901 0.509901 0.509901 0.509901 0.509901 0.470001 0.509901 0.509901 0.509901 0.470124 0.509901 0.509901 0.509718 0.509901 0.509901 0.509901 0.509901 0.509901 0.509901 0.509838 0.509901 0.509901 0.47 0.509901 0.509901 0.509901 0.509901 0.509901 0.509901 0.509247 0.509901 0.509901 0.470004 0.509901 0.509901 0.509901 0.509901 0.509901 0.509901 0.509901 0.509901 0.509901 0.509901 0.509901 0.509901 0.509901 0.509901 0.509901 0.509901 0.509901 0.509901 0.509901 0.509901 0.509901 0.509901 0.509901 0.509901 0.509901 0.509901 0.509901 0.509901 0.509901 0.509901 0.509901 0.509901 0.509901 0.509901 0.509901 0.509901 0.509901 0.509901 0.509901 0.509901 0.509901 0.509901 0.470004 0.509901 0.509901 0.509901 0.509901 0.509901 0.509901 0.509901 0.509901 0.509901 0.509653 0.509901 0.509901 0.509901 0.509901 0.509901 0.509901 0.509901 0.509901 0.509901 0.480767 0.509901 0.509901 0.509901 0.471432 0.509901 0.509901 0.47 0.509901 0.509901 0.509901 0.509901 0.509901 0.509901 0.47 0.509901 0.509901 0.47 0.509901 0.509901 0.509901 0.509901 0.509901 0.509901 0.470094 0.509901 0.509901 0.507433 0.509901 0.509901 0.509901 0.509901 0.509901 0.509901 0.509901 0.509901 0.509901 0.509901 0.509901 0.509901 0.509901 0.509901 0.509901 0.509901 0.509901 0.509901 0.509901 0.509901 0.509901 0.509901 0.509901 0.509901 0.509901 0.509901 0.509901 0.509901 0.509901 0.509901 0.509901 0.509901 0.509901 0.509901 0.509901 0.509901 0.509901 0.509901 0.509901 0.509901 0.509901 0.509901 0.50892 0.509901 0.509901 0.509901 0.509901 0.509901 0.509901 0.509901 0.509901 0.509901 0.470027 0.509901 0.509901 0.509901 0.509901 0.509901 0.509901 0.509901 0.509901 0.509901 0.470001 0.509901 0.509901 0.509901 0.47 0.509901 0.509901 0.47 0.509901 0.509901 0.509901 0.509901 0.509901 0.509901 0.471761 0.509901 0.509901 0.47 0.509901 0.509901 0.509901 0.509901 0.509901 0.509901 0.486627 0.509901 0.509901 0.47 0.509901 0.509901 0.509901 0.509901 0.509901 0.509901 0.509901 0.509901 0.509901 0.509901 0.509901 0.509901 0.509901 0.509901 0.509901 0.509901 0.509901 0.509901 0.509901 0.509901 0.509901 0.509901 0.509901 0.509901 0.509901 0.509901 0.509901 0.509901 0.509901 0.509901 0.509901 0.509901 0.509901 0.509901 0.509901 0.509901 0.509901 0.509901 0.509901 0.509901 0.509901 0.509901 0.470078 0.509901 0.509901 0.509901 0.509901 0.509901 0.509901 0.509901 0.509901 0.509901 0.474038 0.509901 0.509901 0.509901 0.509901 0.509901 0.509901 0.509901 0.509901 0.509901 0.507332 0.509901 0.509901 0.509901 0.509901 0.509901 0.509901 0.509901 0.509901 0.509901 0.47 0.509901 0.509901 0.509901 0.509901 0.509901 0.509901 0.509901 0.509901 0.509901 0.505124 0.509901 0.509901 0.509901 0.509901 0.509901 0.509901 0.509901 0.509901 0.509901 0.47 0.509901 0.509901 0.509901 0.50968 0.509901 0.509901 0.508398 0.509901 0.509901 0.509901 0.509901 0.509901 0.509901 0.47 0.509901 0.509901 0.509617 0.509901 0.509901 0.509901 0.509901 0.509901 0.509901 0.470027 0.509901 0.509901 0.47 0.509901 0.509901 0.509901 0.509901 0.509901 0.509901 0.509901 0.509901 0.509901 0.509901 0.509901 0.509901 0.509901 0.509901 0.509901 0.509901 0.509901 0.509901 0.509901 0.509901 0.509901 0.509901 0.509901 0.509901 0.509901 0.509901 0.509901 0.509901 0.509901 0.509901 0.509901 0.509901 0.509901 0.509901 0.509901 0.509901 0.509901 0.509901 0.509901 0.509901 0.509901 0.509901 0.509521 0.509901 0.509901 0.509901 0.509901 0.509901 0.509901 0.509901 0.509901 0.509901 0.47 0.509901 0.509901 0.509901 0.509901 0.509901 0.509901 0.509901 0.509901 0.509901 0.50815 0.509901 0.509901 0.509901 0.47 0.509901 0.509901 0.498988 0.509901 0.509901 0.509901 0.509901 0.509901 0.509901 0.473515 0.509901 0.509901 0.47 0.509901 0.509901 0.509901 0.509901 0.509901 0.509901 0.47 0.509901 0.509901 0.470001 0.509901 0.509901 0.509901 0.509901 0.509901 0.509901 0.509901 0.509901 0.509901 0.509901 0.509901 0.509901 0.509901 0.509901 0.509901 0.509901 0.509901 0.509901 0.509901 0.509901 0.509901 0.509901 0.509901 0.509901 0.509901 0.509901 0.509901 0.509901 0.509901 0.509901 0.509901 0.509901 0.509901 0.509901 0.509901 0.509901 0.509901 0.509901 0.509901 0.509901 0.509901 0.509901 0.493562 0.509901 0.509901 0.509901 0.509901 0.509901 0.509901 0.509901 0.509901 0.509901 0.47 0.509901 0.509901 0.509901 0.509901 0.509901 0.509901 0.509901 0.509901 0.509901 0.470074 0.509901 0.509901 0.509901 0.508206 0.509901 0.509901 0.470213 0.509901 0.509901 0.509901 0.509901 0.509901 0.509901 0.482624 0.509901 0.509901 0.476486 0.509901 0.509901 0.509901 0.509901 0.509901 0.509901 0.470002 0.509901 0.509901 0.47001 0.509901 0.509901 0.509901 0.509901 0.509901 0.509901 0.509901 0.509901 0.509901 0.509901 0.509901 0.509901 0.509901 0.509901 0.509901 0.509901 0.509901 0.509901 0.509901 0.509901 0.509901 0.509901 0.509901 0.509901 0.509901 0.509901 0.509901 0.509901 0.509901 0.509901 0.509901 0.509901 0.509901 0.509901 0.509901 0.509901 0.509901 0.509901 0.509901 0.509901 0.509901 0.509901 0.507094 0.509901 0.509901 0.509901 0.509901 0.509901 0.509901 0.509901 0.509901 0.509901 0.509513 0.509901 0.509901 0.509901 0.509901 0.509901 0.509901 0.509901 0.509901 0.509901 0.508908 0.509901 0.509901 0.509901 0.509901 0.509901 0.509901 0.509901 0.509901 0.509901 0.470006 0.509901 0.509901 0.509901 0.509901 0.509901 0.509901 0.509901 0.509901 0.509901 0.47 0.509901 0.509901 0.509901 0.509901 0.509901 0.509901 0.509901 0.509901 0.509901 0.47 0.509901 0.509901 0.509901 0.50051 0.509901 0.509901 0.503859 0.509901 0.509901 0.509901 0.509901 0.509901 0.509901 0.498284 0.509901 0.509901 0.496324 0.509901 0.509901 0.509901 0.509901 0.509901 0.509901 0.494941 0.509901 0.509901 0.509157 0.509901 0.509901 0.509901 0.509901 0.509901 0.509901 0.509901 0.509901 0.509901 0.509901 0.509901 0.509901 0.509901 0.509901 0.509901 0.509901 0.509901 0.509901 0.509901 0.509901 0.509901 0.509901 0.509901 0.509901 0.509901 0.509901 0.509901 0.509901 0.509901 0.509901 0.509901 0.509901 0.509901 0.509901 0.509901 0.509901 0.509901 0.509901 0.509901 0.509901 0.509901 0.509901 0.470188 0.509901 0.509901 0.509901 0.509901 0.509901 0.509901 0.509901 0.509901 0.509901 0.47 0.509901 0.509901 0.509901 0.509901 0.509901 0.509901 0.509901 0.509901 0.509901 0.47 0.509901 0.509901 0.509901 0.47 0.509901 0.509901 0.508572 0.509901 0.509901 0.509901 0.509901 0.509901 0.509901 0.47 0.509901 0.509901 0.509372 0.509901 0.509901 0.509901 0.509901 0.509901 0.509901 0.488009 0.509901 0.509901 0.470003 0.509901 0.509901 0.509901 0.509901 0.509901 0.509901 0.509901 0.509901 0.509901 0.509901 0.509901 0.509901 0.509901 0.509901 0.509901 0.509901 0.509901 0.509901 0.509901 0.509901 0.509901 0.509901 0.509901 0.509901 0.509901 0.509901 0.509901 0.509901 0.509901 0.509901 0.509901 0.509901 0.509901 0.509901 0.509901 0.509901 0.509901 0.509901 0.509901 0.509901 0.509901 0.509901 0.47 0.509901 0.509901 0.509901 0.509901 0.509901 0.509901 0.509901 0.509901 0.509901 0.509608 0.509901 0.509901 0.509901 0.509901 0.509901 0.509901 0.509901 0.509901 0.509901 0.471517 0.509901 0.509901 0.509901 0.47 0.509901 0.509901 0.470031 0.509901 0.509901 0.509901 0.509901 0.509901 0.509901 0.470013 0.509901 0.509901 0.488206 0.509901 0.509901 0.509901 0.509901 0.509901 0.509901 0.509685 0.509901 0.509901 0.47014 0.509901 0.509901 0.509901 0.509901 0.509901 0.509901 0.509901 0.509901 0.509901 0.509901 0.509901 0.509901 0.509901 0.509901 0.509901 0.509901 0.509901 0.509901 0.509901 0.509901 0.509901 0.509901 0.509901 0.509901 0.509901 0.509901 0.509901 0.509901 0.509901 0.509901 0.509901 0.509901 0.509901 0.509901 0.509901 0.509901 0.509901 0.509901 0.509901 0.509901 0.509901 0.509901 0.47409 0.509901 0.509901 0.509901 0.509901 0.509901 0.509901 0.509901 0.509901 0.509901 0.506466 0.509901 0.509901 0.509901 0.509901 0.509901 0.509901 0.509901 0.509901 0.509901 0.508683 0.509901 0.509901 

</Matrix>
   <Matrix name="ratesHistory" type="complete" rows="3" columns="900" multiplier="1.0">
   0 0 0 0 0 0 0 0 0 0 0 0 0 0 0 0 0 0 0 0 0 0 0 0 0 0 0 0 0 0 0 0 0 0 0 0 0 0 0 0 0 0 0 0 0 0 0 0 0 0 0 0 0 0 0 0 0 0 0 0 0 0 0 0 0 0 0 0 0 0 0 0 0 0 0 0 0 0 0 0 0 0 0 0 0 0 0 0 0 0 0 0 0 0 0 0 0 0 0 0 0 0 0 0 0 0 0 0 0 0 0 0 0 0 0 0 0 0 0 0 0 0 0 0 0 0 0 0 0 0 0 0 0 0 0 0 0 0 0 0 0 0 0 0 0 0 0 0 0 0 0 0 0 0 0 0 0 0 0 0 0 0 0 0 0 0 0 0 0 0 0 0 0 0 0 0 0 0 0 0 0 0 0 0 0 0 0 0 0 0 0 0 0 0 0 0 0 0 0 0 0 0 0 0 0 0 0 0 0 0 0 0 0 0 0 0 0 0 0 0 0 0 0 0 0 0 0 0 0 0 0 0 0 0 0 0 0 0 0 0 0 0 0 0 0 0 0 0 0 0 0 0 0 0 0 0 0 0 0 0 0 0 0 0 0 0 0 0 0 0 0 0 0 0 0 0 0 0 0 0 0 0 0 0 0 0 0 0 0 0 0 0 0 0 0 0 0 0 0 0 0 0 0 0 0 0 0 0 0 0 0 0 0 0 0 0 0 0 0 0 0 0 0 0 0 0 0 0 0 0 0 0 0 0 0 0 0 0 0 0 0 0 0 0 0 0 0 0 0 0 0 0 0 0 0 0 0 0 0 0 0 0 0 0 0 0 0 0 0 0 0 0 0 0 0 0 0 0 0 0 0 0 0 0 0 0 0 0 0 0 0 0 0 0 0 0 0 0 0 0 0 0 0 0 0 0 0 0 0 0 0 0 0 0 0 0 0 0 0 0 0 0 0 0 0 0 0 0 0 0 0 0 0 0 0 0 0 0 0 0 0 0 0 0 0 0 0 0 0 0 0 0 0 0 0 0 0 0 0 0 0 0 0 0 0 0 0 0 0 0 0 0 0 0 0 0 0 0 0 0 0 0 0 0 0 0 0 0 0 0 0 0 0 0 0 0 0 0 0 0 0 0 0 0 0 0 0 0 0 0 0 0 0 0 0 0 0 0 0 0 0 0 0 0 0 0 0 0 0 0 0 0 0 0 0 0 0 0 0 0 0 0 0 0 0 0 0 0 0 0 0 0 0 0 0 0 0 0 0 0 0 0 0 0 0 0 0 0 0 0 0 0 0 0 0 0 0 0 0 0 0 0 0 0 0 0 0 0 0 0 0 0 0 0 0 0 0 0 0 0 0 0 0 0 0 0 0 0 0 0 0 0 0 0 0 0 0 0 0 0 0 0 0 0 0 0 0 0 0 0 0 0 0 0 0 0 0 0 0 0 0 0 0 0 0 0 0 0 0 0 0 0 0 0 0 0 0 0 0 0 0 0 0 0 0 0 0 0 0 0 0 0 0 0 0 0 0 0 0 0 0 0 0 0 0 0 0 0 0 0 0 0 0 0 0 0 0 0 0 0 0 0 0 0 0 0 0 0 0 0 0 0 0 0 0 0 0 0 0 0 0 0 0 0 0 0 0 0 0 0 0 0 0 0 0 0 0 0 0 0 0 0 0 0 0 0 0 0 0 0 0 0 0 0 0 0 0 0 0 0 0 0 0 0 0 0 0 0 0 0 0 0 0 0 0 0 0 0 0 0 0 0 0 0 0 0 0 0 0 0 0 0 0 0 0 0 0 0 0 0 0 0 0 0 0 0 0 0 0 0 0 0 0 0 0 0 0 0 0 0 0 0 0 0 0 0 0 0 0 0 0 0 0 0 0 0 0 0 0 0 0 0 0 0 0 0 0 0 0 0 0 0 0 0 0 0 0 0 0 0 0 0 0 0 0 0 0 0 0 0 0 0 0 0 0 0 0 0 0 0 0 0 0 0 0 0 0 0 0 0 0 0 0 0 0 0 0 0 0 0 
0 0 0 0 0 0 0 0.89 0 0 0 0 0 0 0 0 0 5.78 0 0 0 0 0 0 0 0 0 3.03 0 0 0 1.87 0 0 0.16 0 0 0 0 0 0 0.05 0 0 4.56 0 0 0 0 0 0 0.36 0 0 2.54 0 0 0 0 0 0 0 0 0 0 0 0 0 0 0 0 0 0 0 0 0 0 0 0 0 0 0 0 0 0 0 0 0 0 0 0 0 0 0 0 0 0 2.51 0 0 0 0 0 0 0 0 0 0.2 0 0 0 0 0 0 0 0 0 1.07 0 0 0 1.57 0 0 5.23 0 0 0 0 0 0 4.96 0 0 4.88 0 0 0 0 0 0 1.93 0 0 0.62 0 0 0 0 0 0 0 0 0 0 0 0 0 0 0 0 0 0 0 0 0 0 0 0 0 0 0 0 0 0 0 0 0 0 0 0 0 0 0 0 0 0 0.37 0 0 0 0 0 0 0 0 0 2.15 0 0 0 0 0 0 0 0 0 2.75 0 0 0 5.48 0 0 3.94 0 0 0 0 0 0 1.45 0 0 4.12 0 0 0 0 0 0 0.94 0 0 4.67 0 0 0 0 0 0 0 0 0 0 0 0 0 0 0 0 0 0 0 0 0 0 0 0 0 0 0 0 0 0 0 0 0 0 0 0 0 0 0 0 0 0 2.11 0 0 0 0 0 0 0 0 0 1.38 0 0 0 0 0 0 0 0 0 0.6 0 0 0 0 0 0 0 0 0 4.28 0 0 0 0 0 0 0 0 0 0.69 0 0 0 0 0 0 0 0 0 3.59 0 0 0 0.22 0 0 0.51 0 0 0 0 0 0 4.81 0 0 0.2 0 0 0 0 0 0 2.16 0 0 3.13 0 0 0 0 0 0 0 0 0 0 0 0 0 0 0 0 0 0 0 0 0 0 0 0 0 0 0 0 0 0 0 0 0 0 0 0 0 0 0 0 0 0 0.3 0 0 0 0 0 0 0 0 0 3.64 0 0 0 0 0 0 0 0 0 0.48 0 0 0 3.46 0 0 0.75 0 0 0 0 0 0 1.39 0 0 4.89 0 0 0 0 0 0 4.84 0 0 2.73 0 0 0 0 0 0 0 0 0 0 0 0 0 0 0 0 0 0 0 0 0 0 0 0 0 0 0 0 0 0 0 0 0 0 0 0 0 0 0 0 0 0 0.94 0 0 0 0 0 0 0 0 0 5.18 0 0 0 0 0 0 0 0 0 2.17 0 0 0 0.5 0 0 1.81 0 0 0 0 0 0 1.1 0 0 1.25 0 0 0 0 0 0 2.56 0 0 2.69 0 0 0 0 0 0 0 0 0 0 0 0 0 0 0 0 0 0 0 0 0 0 0 0 0 0 0 0 0 0 0 0 0 0 0 0 0 0 0 0 0 0 0.59 0 0 0 0 0 0 0 0 0 0.21 0 0 0 0 0 0 0 0 0 0.44 0 0 0 0 0 0 0 0 0 2.5 0 0 0 0 0 0 0 0 0 4.97 0 0 0 0 0 0 0 0 0 4.98 0 0 0 0.79 0 0 0.7 0 0 0 0 0 0 0.8 0 0 0.86 0 0 0 0 0 0 0.95 0 0 0.37 0 0 0 0 0 0 0 0 0 0 0 0 0 0 0 0 0 0 0 0 0 0 0 0 0 0 0 0 0 0 0 0 0 0 0 0 0 0 0 0 0 0 1.97 0 0 0 0 0 0 0 0 0 3.55 0 0 0 0 0 0 0 0 0 5.91 0 0 0 3.02 0 0 0.4 0 0 0 0 0 0 3.43 0 0 0.3 0 0 0 0 0 0 0.96 0 0 2.76 0 0 0 0 0 0 0 0 0 0 0 0 0 0 0 0 0 0 0 0 0 0 0 0 0 0 0 0 0 0 0 0 0 0 0 0 0 0 0 0 0 0 4.49 0 0 0 0 0 0 0 0 0 0.18 0 0 0 0 0 0 0 0 0 1.56 0 0 0 4.2 0 0 2.13 0 0 0 0 0 0 2.23 0 0 1.04 0 0 0 0 0 0 0.13 0 0 1.85 0 0 0 0 0 0 0 0 0 0 0 0 0 0 0 0 0 0 0 0 0 0 0 0 0 0 0 0 0 0 0 0 0 0 0 0 0 0 0 0 0 0 1.4 0 0 0 0 0 0 0 0 0 0.59 0 0 0 0 0 0 0 0 0 0.36 0 0 
0 0 0 0 0 0 0 1.04 0 0 0 0 0 0 0 0 0 5.56 0 0 0 0 0 0 0 0 0 2.64 0 0 0 2.18 0 0 0.19 0 0 0 0 0 0 0.11 0 0 4.68 0 0 0 0 0 0 0.32 0 0 2.53 0 0 0 0 0 0 0 0 0 0 0 0 0 0 0 0 0 0 0 0 0 0 0 0 0 0 0 0 0 0 0 0 0 0 0 0 0 0 0 0 0 0 2.61 0 0 0 0 0 0 0 0 0 0.22 0 0 0 0 0 0 0 0 0 1.3 0 0 0 1.53 0 0 4.97 0 0 0 0 0 0 4.73 0 0 4.86 0 0 0 0 0 0 2.16 0 0 0.45 0 0 0 0 0 0 0 0 0 0 0 0 0 0 0 0 0 0 0 0 0 0 0 0 0 0 0 0 0 0 0 0 0 0 0 0 0 0 0 0 0 0 0.43 0 0 0 0 0 0 0 0 0 2.32 0 0 0 0 0 0 0 0 0 2.96 0 0 0 5.13 0 0 3.98 0 0 0 0 0 0 1.61 0 0 3.89 0 0 0 0 0 0 1.19 0 0 4.59 0 0 0 0 0 0 0 0 0 0 0 0 0 0 0 0 0 0 0 0 0 0 0 0 0 0 0 0 0 0 0 0 0 0 0 0 0 0 0 0 0 0 1.99 0 0 0 0 0 0 0 0 0 1.35 0 0 0 0 0 0 0 0 0 0.51 0 0 0 0 0 0 0 0 0 4.41 0 0 0 0 0 0 0 0 0 0.65 0 0 0 0 0 0 0 0 0 3.31 0 0 0 0.17 0 0 0.42 0 0 0 0 0 0 4.72 0 0 0.25 0 0 0 0 0 0 2.31 0 0 3.33 0 0 0 0 0 0 0 0 0 0 0 0 0 0 0 0 0 0 0 0 0 0 0 0 0 0 0 0 0 0 0 0 0 0 0 0 0 0 0 0 0 0 0.22 0 0 0 0 0 0 0 0 0 3.62 0 0 0 0 0 0 0 0 0 0.51 0 0 0 3.47 0 0 0.91 0 0 0 0 0 0 1.39 0 0 4.87 0 0 0 0 0 0 5.25 0 0 2.86 0 0 0 0 0 0 0 0 0 0 0 0 0 0 0 0 0 0 0 0 0 0 0 0 0 0 0 0 0 0 0 0 0 0 0 0 0 0 0 0 0 0 0.94 0 0 0 0 0 0 0 0 0 5.42 0 0 0 0 0 0 0 0 0 1.98 0 0 0 0.48 0 0 1.97 0 0 0 0 0 0 1.16 0 0 1.3 0 0 0 0 0 0 2.71 0 0 2.29 0 0 0 0 0 0 0 0 0 0 0 0 0 0 0 0 0 0 0 0 0 0 0 0 0 0 0 0 0 0 0 0 0 0 0 0 0 0 0 0 0 0 0.56 0 0 0 0 0 0 0 0 0 0.31 0 0 0 0 0 0 0 0 0 0.36 0 0 0 0 0 0 0 0 0 2.44 0 0 0 0 0 0 0 0 0 4.84 0 0 0 0 0 0 0 0 0 5.03 0 0 0 0.82 0 0 0.73 0 0 0 0 0 0 0.9 0 0 0.92 0 0 0 0 0 0 0.88 0 0 0.35 0 0 0 0 0 0 0 0 0 0 0 0 0 0 0 0 0 0 0 0 0 0 0 0 0 0 0 0 0 0 0 0 0 0 0 0 0 0 0 0 0 0 1.84 0 0 0 0 0 0 0 0 0 3.53 0 0 0 0 0 0 0 0 0 5.86 0 0 0 3.23 0 0 0.49 0 0 0 0 0 0 3.22 0 0 0.32 0 0 0 0 0 0 1.11 0 0 2.51 0 0 0 0 0 0 0 0 0 0 0 0 0 0 0 0 0 0 0 0 0 0 0 0 0 0 0 0 0 0 0 0 0 0 0 0 0 0 0 0 0 0 4.02 0 0 0 0 0 0 0 0 0 0.27 0 0 0 0 0 0 0 0 0 1.52 0 0 0 4.23 0 0 2.29 0 0 0 0 0 0 2.65 0 0 1.02 0 0 0 0 0 0 0.24 0 0 2.16 0 0 0 0 0 0 0 0 0 0 0 0 0 0 0 0 0 0 0 0 0 0 0 0 0 0 0 0 0 0 0 0 0 0 0 0 0 0 0 0 0 0 1.33 0 0 0 0 0 0 0 0 0 0.63 0 0 0 0 0 0 0 0 0 0.49 0 0 

</Matrix>
   <Matrix name="burstinessHist" type="complete" rows="1" columns="200" multiplier="1.0">
   170 175 206 191 208 194 193 190 188 192 181 194 196 196 198 199 183 205 188 185 189 191 197 183 198 203 195 181 202 194 207 198 188 203 180 190 198 187 197 190 188 196 190 186 204 198 206 200 209 181 207 190 185 178 194 185 188 193 202 200 204 207 197 168 195 188 175 207 207 199 209 210 192 203 197 163 185 199 188 194 180 201 190 199 175 179 180 195 192 201 176 202 202 207 201 192 187 183 202 192 194 184 207 199 200 200 179 199 182 186 194 194 193 205 201 193 200 188 205 200 190 178 203 193 191 204 203 201 190 205 175 187 197 192 184 190 182 198 186 214 185 200 197 186 184 193 190 189 184 192 184 187 211 189 195 200 191 199 191 215 196 203 199 205 189 188 215 195 199 209 197 199 219 206 172 201 198 200 206 183 195 174 199 199 194 185 179 192 201 191 186 197 190 195 179 204 179 193 183 183 
</Matrix>
   <Matrix name="spikesHistory" type="complete" rows="1" columns="20000" multiplier="1.0">
   0 0 0 0 1 0 1 1 2 3 0 2 2 1 1 3 0 1 1 0 1 2 3 1 3 4 2 2 2 4 1 2 0 3 1 0 2 3 3 0 3 1 1 3 2 0 3 2 0 2 2 2 1 1 4 2 0 0 2 3 1 1 3 5 2 2 3 2 1 0 0 2 1 1 3 3 4 1 1 3 3 1 0 1 1 2 1 3 2 5 0 3 1 3 2 1 2 2 2 4 3 3 1 2 2 0 2 2 2 3 3 0 1 1 2 2 2 1 2 3 2 2 0 1 1 0 1 1 2 2 0 1 1 2 4 0 3 0 4 0 1 0 0 1 2 2 4 2 1 2 2 0 3 1 1 2 2 4 1 1 3 1 2 1 0 0 5 1 3 2 2 1 2 2 4 1 3 2 6 0 1 3 2 2 2 2 2 1 1 4 2 0 2 3 1 2 3 1 1 3 0 2 3 2 5 3 0 2 2 2 2 4 1 1 0 2 4 4 4 1 3 2 0 1 3 0 4 4 3 0 5 3 1 3 1 0 2 5 1 4 4 0 4 2 3 0 1 0 3 0 2 5 3 2 2 0 1 3 2 5 0 4 0 3 2 1 2 1 1 2 3 0 4 3 3 2 1 3 1 1 2 1 6 1 1 3 0 2 5 1 2 2 1 0 3 3 2 2 1 0 1 5 0 3 1 1 1 1 2 1 2 1 2 6 4 3 4 1 2 2 0 0 2 1 4 1 4 3 3 3 3 0 2 2 0 1 1 0 4 2 2 3 1 3 2 4 1 0 1 0 3 2 3 2 3 3 2 2 5 1 2 2 4 3 3 0 0 1 4 0 2 1 1 5 2 3 1 1 1 2 1 2 2 1 3 2 1 3 0 0 5 0 3 1 0 2 0 1 1 3 4 2 3 2 2 3 2 1 3 3 2 3 1 1 8 0 0 0 3 1 1 1 1 2 0 3 3 1 3 2 1 3 2 0 1 0 4 2 4 0 1 1 0 4 0 3 1 3 4 4 1 2 4 1 2 1 1 4 4 2 5 0 1 1 3 3 1 2 3 1 1 2 2 0 2 2 3 0 1 3 3 0 2 4 4 3 3 2 2 4 3 2 0 4 2 3 3 2 4 1 0 1 2 1 2 4 2 1 1 1 2 1 2 4 1 2 1 0 1 1 3 2 2 1 5 3 5 1 1 1 1 2 0 2 4 1 2 3 3 4 2 4 2 0 2 2 1 2 1 1 2 0 3 5 1 1 2 3 0 3 1 2 3 5 1 1 1 3 1 2 3 0 2 3 3 4 4 0 3 2 2 5 0 1 1 0 0 2 3 3 1 5 1 3 2 3 1 1 0 3 4 2 2 1 1 4 1 2 2 0 1 1 4 4 2 1 4 0 2 4 2 2 2 2 1 2 2 0 3 2 2 1 4 1 0 4 3 1 1 3 3 1 3 1 1 2 3 1 1 5 2 2 4 2 0 2 3 2 3 2 1 1 1 3 2 1 1 3 2 2 0 1 1 2 1 2 3 2 3 1 1 2 2 1 2 1 1 0 2 2 4 5 1 0 1 2 3 3 2 2 4 3 1 0 2 4 1 4 2 4 3 3 1 2 0 0 3 0 0 0 0 4 1 2 3 2 1 2 0 0 1 3 1 3 1 3 4 2 1 3 1 5 2 3 0 1 2 3 1 1 5 4 1 2 2 1 3 3 1 2 4 2 3 0 0 1 1 1 1 3 2 2 1 2 3 0 3 4 4 0 2 2 2 1 3 2 0 3 2 0 2 2 2 3 4 1 0 1 0 4 3 1 4 3 0 4 0 4 2 0 0 1 2 1 0 4 2 4 0 1 2 1 2 1 5 1 0 2 2 3 0 3 3 1 3 0 2 3 1 0 1 5 2 2 2 2 0 7 0 2 0 3 3 1 1 3 3 0 2 0 0 0 5 1 5 1 1 4 2 2 3 0 2 2 4 1 0 2 2 1 1 2 2 1 2 3 2 3 1 3 1 0 1 1 2 3 2 5 2 3 1 0 0 2 2 1 1 4 4 1 2 3 2 3 2 1 3 4 0 6 2 1 2 1 0 1 5 2 2 1 0 0 3 2 6 1 0 2 0 3 1 2 2 3 1 2 2 2 2 1 3 0 2 6 2 2 2 3 0 2 1 3 2 2 2 1 2 1 3 3 3 1 0 3 3 2 0 2 2 1 3 1 1 1 0 1 1 1 4 4 1 3 3 0 2 3 1 5 3 1 2 1 0 2 0 1 1 4 4 2 2 0 2 1 2 1 3 4 1 0 3 5 2 0 2 5 2 1 2 0 0 1 4 0 6 3 1 0 2 0 0 1 3 3 5 1 1 0 4 4 3 3 2 2 3 1 1 1 3 2 1 1 0 3 0 3 3 3 2 0 3 1 2 2 1 1 1 1 1 0 1 0 2 3 3 1 1 1 4 1 1 0 3 1 0 3 1 7 1 3 0 1 2 3 3 1 0 0 4 0 0 2 5 1 5 1 2 1 2 2 3 1 3 1 5 0 0 2 1 3 0 3 5 1 2 1 1 4 2 0 3 2 2 2 5 2 1 3 2 3 1 2 1 3 2 1 3 2 0 2 0 3 1 2 5 1 3 0 1 0 3 2 1 4 4 1 2 2 4 3 1 2 1 0 5 3 5 1 2 0 0 0 1 1 4 1 3 0 4 3 3 0 2 1 0 0 3 2 5 3 4 1 1 1 3 0 1 5 2 2 1 5 0 2 0 2 1 2 2 1 2 2 2 3 0 3 1 1 1 3 0 1 0 1 4 2 2 1 2 5 1 1 3 3 0 0 5 1 4 5 3 1 0 1 0 1 0 3 3 2 5 5 3 1 5 0 3 1 1 0 3 2 1 1 3 4 1 1 3 3 1 1 1 2 2 1 4 5 4 1 1 4 0 0 1 3 3 0 2 2 0 3 2 3 0 3 2 0 4 2 2 1 4 3 5 2 2 1 4 1 1 3 2 3 2 2 4 3 1 4 2 1 1 4 2 2 3 1 1 2 0 0 0 1 2 0 3 3 3 1 4 2 2 3 3 0 0 1 2 1 2 2 2 2 3 3 3 5 2 4 3 2 2 0 1 2 0 2 1 3 1 2 2 1 3 2 1 0 3 2 2 1 4 1 3 1 2 3 3 0 3 0 2 1 0 0 4 3 0 3 3 3 2 2 0 3 3 1 2 3 1 1 3 5 3 3 0 2 2 2 1 2 0 2 2 2 0 3 2 2 2 2 3 2 2 4 0 5 0 0 1 2 1 2 1 3 3 1 3 1 3 3 0 1 2 1 0 7 2 2 0 3 1 1 2 4 2 3 5 3 2 0 3 2 3 0 3 1 1 4 3 1 1 1 1 3 1 0 2 4 1 2 1 0 2 3 1 0 1 3 2 3 4 0 2 0 3 4 2 7 6 4 0 2 2 0 0 0 3 0 0 2 2 2 3 4 3 1 2 1 3 2 0 3 1 3 3 2 1 2 1 0 2 3 2 4 5 1 0 0 3 4 2 3 1 3 3 1 3 4 1 0 2 1 0 3 3 3 0 4 3 0 2 2 0 4 2 4 2 3 2 3 0 0 1 4 2 3 4 2 6 2 1 0 1 0 0 0 3 1 1 1 2 1 0 3 0 2 4 0 2 3 0 2 4 2 1 4 2 0 0 0 2 1 4 4 4 1 1 0 3 0 2 4 2 1 2 0 0 6 2 3 4 2 2 1 2 1 1 2 1 2 5 1 3 2 0 5 3 3 0 2 3 1 0 2 1 2 1 4 2 1 3 5 1 1 0 2 0 1 1 2 2 2 0 1 0 5 2 7 1 3 4 0 3 2 6 4 0 3 2 3 1 3 1 2 3 2 2 5 1 1 1 2 3 1 2 1 3 1 4 0 1 0 0 3 3 1 1 2 4 4 0 5 4 2 1 2 0 0 3 1 1 0 1 2 2 1 1 1 4 3 1 4 2 2 1 3 2 0 9 2 2 0 0 0 3 2 1 3 5 1 2 0 4 2 1 3 2 3 0 0 5 3 2 3 2 2 0 3 1 3 1 2 4 2 2 2 0 1 2 0 3 2 3 1 3 0 2 1 1 0 1 0 2 1 4 1 0 1 3 4 4 1 1 4 1 0 0 2 1 1 3 2 2 2 2 2 2 3 1 1 0 3 1 3 3 2 2 3 1 2 1 3 2 2 1 2 1 1 5 4 5 1 2 2 2 4 1 2 1 5 2 0 3 4 1 2 1 0 1 1 2 1 3 1 1 0 1 3 1 3 1 2 5 1 1 1 1 3 1 3 3 5 3 1 0 2 2 4 1 0 3 1 1 2 0 3 4 1 3 5 0 2 1 3 0 2 2 2 2 1 2 1 2 3 2 0 3 2 2 1 2 3 2 2 1 3 1 5 2 0 1 1 2 2 2 4 3 1 1 0 3 4 2 3 2 3 2 1 0 1 5 3 2 0 0 1 0 1 0 3 1 3 3 3 5 6 1 2 2 0 1 1 2 2 1 2 2 1 3 2 1 1 4 2 2 0 4 0 1 1 1 1 1 2 2 2 2 5 4 2 1 1 2 2 0 1 3 1 1 4 2 3 3 0 3 3 1 4 2 1 3 0 1 4 0 1 4 1 1 3 3 2 0 1 5 3 0 0 2 2 4 1 1 3 0 3 2 3 1 2 2 1 4 3 0 0 1 0 2 1 2 2 0 2 1 3 2 0 0 1 3 3 2 2 1 5 4 4 3 0 2 1 4 3 4 1 1 1 3 3 1 2 3 2 3 3 1 1 0 3 2 0 1 0 3 3 0 1 0 1 2 4 3 3 3 1 1 4 0 2 1 2 0 1 4 1 1 4 5 1 3 5 3 1 0 3 1 1 2 6 2 4 1 0 1 1 0 4 0 1 5 2 0 2 0 1 2 1 1 5 1 3 4 3 1 5 2 1 2 2 3 0 0 2 2 2 1 6 1 0 2 0 1 1 1 1 2 2 3 0 2 1 1 2 1 1 1 2 3 1 2 3 6 3 1 1 1 2 1 1 7 2 0 0 0 3 0 4 2 2 4 3 1 1 1 1 1 1 3 3 1 2 1 2 5 1 3 2 4 2 4 1 3 1 3 3 1 2 3 1 4 4 1 0 3 1 2 2 5 1 4 1 2 2 1 2 2 4 2 3 0 4 1 1 2 2 2 2 2 2 1 4 1 1 3 0 5 1 3 2 0 2 2 2 3 2 0 3 1 0 3 0 1 2 1 1 3 2 4 3 1 1 2 1 2 3 0 2 2 1 3 0 1 2 1 1 3 0 4 1 0 2 2 1 2 2 1 0 2 2 6 1 3 2 0 1 2 3 2 2 1 1 0 3 2 3 3 0 2 3 1 2 0 2 3 4 5 2 2 2 1 2 1 2 2 2 4 1 3 3 1 1 0 3 2 2 1 2 1 0 2 3 2 0 0 5 1 4 2 3 2 1 4 1 1 4 0 3 2 2 7 0 0 3 1 2 1 2 1 0 1 2 2 2 5 2 1 0 2 2 1 1 2 4 2 2 6 4 3 0 2 2 0 3 2 2 2 0 1 3 1 3 3 2 2 1 3 1 1 3 4 3 3 2 1 2 3 0 1 4 4 0 3 1 2 1 1 3 3 2 1 1 2 1 0 2 1 1 2 2 2 2 3 3 2 3 2 1 1 4 2 2 4 5 1 2 0 2 4 0 4 3 2 1 2 4 3 1 2 0 1 4 5 0 1 1 3 3 4 1 4 0 1 7 2 0 0 1 3 2 2 2 3 3 3 0 1 3 1 4 0 2 1 0 4 2 2 0 2 1 1 1 4 3 4 4 1 1 3 2 1 3 2 0 1 4 2 1 1 1 1 2 4 0 0 3 6 1 4 2 2 1 1 2 1 2 2 0 2 2 4 2 3 0 0 1 3 1 3 2 4 1 1 1 5 1 2 0 5 3 2 0 0 2 2 0 4 3 2 1 1 1 0 3 2 4 1 1 3 7 4 0 1 2 0 5 2 0 0 2 6 2 0 2 1 1 2 3 2 2 0 2 2 0 3 2 2 1 4 1 5 3 1 3 2 1 3 1 2 2 4 4 2 0 3 3 1 1 2 0 0 3 1 4 0 1 0 4 1 0 3 0 1 0 2 3 2 4 2 1 1 3 1 3 3 2 1 0 3 1 1 3 0 0 1 2 3 1 3 3 1 1 3 2 2 2 2 3 0 1 2 1 3 0 3 1 3 1 0 0 3 3 4 4 2 1 0 2 0 2 3 3 1 2 1 4 2 0 2 2 1 2 4 0 2 5 2 1 2 2 7 2 3 2 2 2 1 2 1 3 2 2 2 2 2 2 0 2 0 3 2 0 0 1 2 5 2 4 2 0 1 2 4 1 2 1 2 2 4 4 0 4 2 0 1 4 2 2 2 2 3 2 2 0 4 6 3 2 1 0 1 1 2 3 2 1 3 2 3 2 2 1 1 0 3 4 2 1 3 2 2 5 3 2 2 2 3 2 1 1 0 2 2 3 1 2 1 4 2 4 2 3 2 3 2 2 2 2 1 1 2 2 3 1 2 0 1 2 2 2 3 1 3 2 1 0 8 1 2 2 3 1 3 1 1 2 2 2 3 2 2 1 1 0 3 5 2 3 4 2 2 1 1 2 1 1 1 0 0 4 2 1 0 3 2 1 1 0 2 1 2 2 2 1 3 0 3 3 1 0 5 1 3 2 6 4 4 3 1 2 1 3 4 4 1 1 3 2 1 2 2 5 0 5 2 0 5 1 0 2 1 0 2 3 2 1 4 1 3 2 1 1 3 2 0 2 1 3 3 3 2 2 1 0 0 2 1 1 2 2 3 1 0 3 5 3 1 0 6 1 3 1 1 2 3 1 4 4 3 3 0 3 1 2 4 2 3 2 2 1 3 0 1 2 1 3 1 1 1 3 4 3 2 4 1 2 1 1 2 0 2 3 2 4 1 3 5 4 0 2 1 1 3 4 1 4 2 0 0 2 3 1 1 1 1 1 2 0 3 0 3 3 1 3 2 2 1 2 1 2 2 4 0 1 1 1 1 5 1 2 2 3 2 2 3 1 3 2 2 0 4 2 2 1 2 4 0 3 0 5 3 2 0 2 2 4 3 1 1 2 1 1 2 2 2 3 3 2 3 0 4 0 2 1 1 1 1 2 2 2 3 1 0 3 1 3 2 1 1 1 1 1 3 4 0 4 2 2 1 1 3 1 1 0 1 1 3 5 3 3 2 2 1 3 1 2 2 1 0 1 2 2 2 1 3 3 0 1 3 3 2 2 2 2 3 2 4 1 0 1 3 1 2 4 3 0 3 2 3 2 2 3 4 2 3 1 0 4 4 3 0 1 2 0 1 1 2 3 2 0 1 0 3 1 1 1 1 2 4 5 0 0 4 3 3 1 1 3 3 1 2 2 1 4 2 4 4 2 3 0 2 0 1 0 1 3 2 1 1 2 1 2 3 1 2 3 1 5 1 4 2 5 1 4 0 0 0 3 5 1 0 0 3 3 3 1 3 1 3 3 1 3 5 3 0 3 3 1 1 2 1 1 1 4 1 3 2 3 3 2 3 2 1 2 3 3 2 3 0 2 1 3 3 2 2 2 1 4 3 0 3 2 4 0 3 4 0 2 1 0 0 1 1 0 1 3 4 1 2 3 2 0 0 4 3 0 2 2 3 2 1 0 2 0 2 3 1 0 5 0 2 1 0 1 2 3 4 0 4 1 2 1 3 2 1 3 3 1 2 1 1 2 1 0 2 1 6 3 3 1 0 0 2 3 1 2 2 3 2 1 3 2 5 1 1 1 4 0 2 2 1 2 0 3 4 3 1 3 3 1 1 2 2 1 1 3 3 0 2 2 3 3 3 1 3 2 3 0 2 4 0 0 1 2 6 1 3 3 2 0 2 2 5 2 3 4 0 5 1 2 1 0 1 1 0 1 2 2 1 1 2 2 3 3 3 3 1 4 2 2 2 4 5 1 0 0 1 1 3 1 2 3 0 2 1 0 2 2 0 1 0 1 4 2 2 2 2 1 3 2 3 2 1 1 2 3 1 2 3 3 0 2 2 2 1 1 1 3 1 1 2 1 2 0 4 2 1 3 3 4 2 2 1 1 1 3 3 4 1 2 1 0 3 3 4 3 0 1 2 0 2 4 2 0 3 1 1 6 1 2 1 3 1 3 3 2 1 1 3 6 1 4 0 0 3 1 3 1 3 3 2 1 1 3 2 0 1 2 1 1 2 3 0 5 2 4 0 4 3 2 1 1 1 0 2 2 3 2 2 1 3 0 3 3 1 2 0 6 2 2 1 4 3 1 1 3 0 2 1 3 0 4 2 4 0 0 0 0 1 3 5 3 2 1 5 1 2 0 0 2 2 1 0 4 5 2 4 2 4 2 2 2 3 1 1 0 1 0 2 3 2 1 1 1 3 6 4 0 1 0 2 2 4 0 2 0 1 2 2 3 1 1 2 0 2 1 3 3 3 0 0 2 1 0 1 1 4 3 1 2 3 4 3 3 3 5 0 2 4 0 2 1 1 3 3 3 0 3 1 5 0 1 1 2 0 1 5 1 3 0 5 2 4 2 4 1 1 2 3 1 3 2 1 2 4 0 4 1 2 0 1 1 1 0 2 1 2 5 0 2 1 2 0 2 2 4 2 1 3 1 1 3 3 1 3 3 1 1 2 2 3 1 3 2 2 4 1 3 0 1 1 0 3 3 0 2 2 1 5 4 1 3 1 2 3 0 0 3 2 3 3 3 2 0 2 3 1 3 0 1 2 2 0 1 1 5 2 1 4 3 3 2 1 3 6 2 2 1 0 1 3 2 1 1 2 2 3 5 1 2 2 3 1 1 0 1 1 1 1 2 2 2 3 3 3 0 3 1 3 3 2 3 2 2 1 2 1 3 3 1 1 2 1 1 2 1 1 3 1 2 1 5 2 3 0 5 2 2 1 1 1 1 1 4 1 4 1 0 4 1 3 1 4 2 2 2 1 4 1 1 3 2 0 2 1 4 1 4 2 0 4 0 6 3 2 1 0 0 1 4 3 1 2 3 3 1 0 1 1 1 3 3 0 4 1 1 0 2 2 0 1 2 1 1 2 1 1 4 5 0 3 2 3 0 3 0 1 3 3 2 1 1 1 4 2 0 5 0 0 4 2 1 2 1 0 3 1 0 3 0 0 2 1 3 3 2 2 1 3 0 2 2 4 2 3 1 3 1 2 1 0 1 4 0 2 4 0 1 1 3 2 2 1 2 2 2 7 4 1 2 0 4 0 2 3 4 2 0 2 2 2 2 2 1 3 2 2 2 2 3 1 1 1 3 0 3 2 2 2 2 2 5 5 0 4 2 0 2 1 3 4 3 1 0 1 5 3 2 0 2 2 2 3 2 2 3 1 2 1 3 3 0 0 4 0 2 2 1 3 1 1 2 4 2 4 2 4 3 3 1 3 1 2 2 4 1 2 2 1 0 3 2 0 0 3 2 0 2 2 1 6 1 1 0 2 3 2 2 2 2 2 3 2 0 2 4 3 2 2 2 1 1 0 3 2 1 3 4 1 1 2 2 2 1 2 2 1 2 2 3 1 4 0 1 2 0 2 3 2 1 2 3 1 2 3 2 1 0 6 0 2 2 0 3 2 4 3 1 2 0 7 3 3 1 0 2 3 2 1 0 4 1 0 4 3 0 0 1 3 1 5 1 1 2 2 0 3 4 4 0 1 1 2 1 1 1 3 0 4 4 1 1 1 3 1 1 2 1 2 4 4 3 2 1 2 1 3 1 1 2 4 3 2 0 2 0 1 4 2 2 0 2 0 1 1 0 3 1 3 2 1 1 2 3 2 2 3 1 1 1 1 3 1 2 5 3 1 1 1 3 2 1 1 2 1 0 3 4 0 2 3 5 2 2 2 3 3 1 3 0 1 4 0 1 3 2 3 2 2 4 4 1 1 1 4 2 2 5 2 6 3 3 2 2 3 1 2 1 0 3 4 3 4 3 2 1 1 0 0 3 3 3 2 3 1 0 1 2 3 0 3 2 1 1 3 1 0 1 1 1 2 3 3 2 1 2 3 4 1 2 3 1 4 2 6 2 1 1 0 1 4 1 7 2 0 2 1 3 0 0 0 0 2 1 2 2 1 1 1 2 3 1 2 2 0 0 3 4 2 3 3 0 4 1 3 2 0 1 1 1 2 4 3 1 5 1 3 0 0 1 2 2 2 2 3 2 7 3 1 1 1 1 2 2 3 3 0 1 3 3 3 2 1 1 3 3 1 6 4 0 3 1 2 2 1 0 2 2 5 2 2 1 1 2 2 0 2 1 4 2 3 4 1 2 0 1 2 1 1 3 5 4 0 3 1 3 2 4 4 1 1 2 3 1 0 0 0 3 3 1 2 3 4 1 4 0 2 1 1 0 0 0 2 2 2 4 4 4 0 2 1 2 2 4 3 5 3 2 2 3 1 2 3 2 2 0 3 3 5 3 3 1 0 3 1 1 6 2 2 2 5 1 4 2 3 0 1 3 0 3 2 4 3 1 1 3 0 1 4 1 2 2 2 2 2 1 4 2 2 1 2 3 2 4 1 1 1 3 3 1 1 1 1 3 4 1 4 3 2 4 2 3 0 3 1 1 2 5 0 0 4 3 1 3 0 1 3 3 4 1 1 3 2 2 3 0 0 0 2 1 5 2 5 4 1 0 4 1 0 2 2 2 1 1 3 0 2 0 8 0 1 4 1 2 2 1 0 3 1 2 1 3 2 1 4 4 2 1 2 1 2 2 3 0 4 2 1 2 2 3 2 6 1 1 1 1 1 3 1 5 2 2 2 2 0 4 2 2 2 4 4 1 1 3 1 2 4 2 5 2 2 3 2 0 3 1 1 0 1 0 3 7 1 2 2 2 2 1 2 3 3 2 1 1 1 1 1 3 4 3 3 2 0 2 0 1 3 4 1 1 1 3 1 1 3 0 3 4 2 1 0 4 1 2 1 2 1 1 5 1 1 1 1 2 0 1 1 0 2 4 2 2 3 4 2 0 1 4 1 3 4 2 1 3 1 1 3 4 4 1 1 0 2 1 1 4 3 2 6 3 2 1 0 1 1 3 0 0 1 0 2 3 3 1 5 2 1 3 1 1 1 5 1 1 1 1 1 2 1 1 1 1 3 2 1 1 5 0 3 2 1 0 5 4 1 0 3 1 1 2 1 2 1 3 2 0 3 1 6 1 2 0 3 0 0 6 1 1 3 0 0 6 3 2 2 1 4 0 1 3 1 2 2 1 5 4 3 1 0 0 2 4 4 5 0 7 1 0 3 1 2 2 2 3 3 3 1 2 2 2 1 0 3 3 1 0 1 4 2 1 3 3 4 4 5 2 1 4 3 1 0 0 1 2 3 3 2 1 1 2 3 3 0 0 3 2 0 0 1 1 3 1 2 4 2 2 1 1 3 0 8 1 2 5 0 0 0 0 1 2 3 1 1 3 3 1 2 3 1 4 2 1 2 2 1 2 3 2 3 1 2 2 3 2 0 2 2 2 0 3 0 2 1 1 3 3 3 1 0 3 3 1 2 2 1 3 2 2 2 0 0 3 3 0 1 4 2 1 3 3 4 2 4 3 5 0 1 3 0 2 1 1 1 1 5 2 1 3 2 0 0 0 2 3 2 2 6 0 3 1 0 1 1 1 3 5 0 3 1 3 3 1 0 0 2 2 4 1 3 0 3 2 5 4 2 3 2 3 0 1 3 4 0 1 3 3 2 1 2 1 2 2 0 2 3 1 3 1 2 1 0 0 2 1 1 2 3 2 1 0 3 3 6 5 0 3 2 2 1 0 0 3 0 4 3 0 3 1 3 2 1 1 0 3 1 1 1 1 3 2 1 3 0 1 2 2 2 1 1 0 3 5 0 5 1 1 2 1 0 3 2 5 1 2 2 2 1 0 2 2 2 1 1 0 3 0 3 0 5 2 5 3 2 1 0 4 2 3 2 5 3 1 0 1 1 3 0 3 2 2 1 2 3 0 2 2 2 0 0 2 1 3 6 1 4 2 1 2 1 1 1 1 1 2 0 2 1 2 2 2 5 1 1 1 3 2 2 2 2 0 1 2 2 4 1 0 3 0 3 2 4 4 0 5 1 1 1 4 2 1 2 5 1 1 0 1 1 1 2 0 3 3 2 1 3 1 5 3 3 0 0 1 0 2 5 2 1 3 2 1 1 1 1 4 4 2 1 0 2 0 2 2 1 2 2 1 2 1 2 4 3 1 2 1 0 0 2 5 2 5 3 1 0 0 4 4 2 5 2 0 2 1 1 4 1 1 2 2 1 3 2 3 2 2 2 2 2 2 2 0 2 2 5 1 0 0 2 1 2 0 0 3 4 2 2 0 1 3 1 2 1 1 1 1 2 2 3 2 3 2 2 1 2 3 4 1 3 1 0 3 2 3 1 5 2 0 1 1 4 3 2 1 3 2 2 0 3 1 3 3 0 3 3 1 1 1 3 0 4 1 2 2 2 5 1 0 3 1 3 2 1 2 2 4 1 3 1 1 1 0 2 2 3 6 1 2 2 2 1 2 1 3 5 2 1 0 4 4 1 0 0 2 3 4 1 2 1 2 0 2 0 2 1 1 1 1 2 2 1 2 1 3 2 2 2 4 2 2 1 0 1 0 4 1 1 0 4 1 4 4 0 1 2 2 2 4 1 2 2 1 2 4 0 1 2 4 2 3 5 4 1 2 2 3 0 2 0 0 3 2 3 2 2 2 2 6 0 2 1 2 3 0 2 3 0 3 1 2 0 4 1 2 1 5 2 1 2 1 4 2 4 1 1 5 0 1 2 2 3 1 1 4 3 2 2 0 0 2 4 4 2 2 2 0 2 3 0 1 2 3 4 3 1 1 0 1 4 1 1 1 2 3 1 5 4 2 3 2 0 1 1 1 1 1 3 1 2 2 2 1 2 2 0 3 1 0 1 4 2 1 2 2 2 0 2 4 4 6 2 2 3 1 3 3 3 2 3 2 0 2 0 3 2 1 5 1 2 3 2 2 4 3 1 2 0 2 3 4 1 1 1 2 1 3 1 2 0 1 2 3 2 1 3 2 1 1 2 3 1 2 4 0 3 1 1 3 6 2 0 1 1 2 0 3 4 4 1 1 3 4 3 3 1 0 2 2 1 3 0 0 3 5 0 1 1 2 2 2 1 3 4 2 1 4 1 3 1 1 2 3 1 0 3 1 0 6 0 4 0 1 2 2 2 1 3 5 2 2 1 0 0 0 1 4 0 0 1 4 2 2 4 3 4 2 1 6 2 2 2 3 2 3 2 0 1 2 3 3 2 1 3 3 2 2 2 0 1 0 1 1 2 2 4 2 2 3 0 1 1 1 3 0 4 1 2 4 2 1 2 1 3 2 6 4 1 1 4 2 3 1 2 2 0 4 1 2 4 4 1 2 1 1 5 0 1 3 2 1 0 0 3 3 4 1 1 4 3 0 1 4 2 2 1 2 4 1 1 3 3 1 1 2 2 4 1 1 2 1 4 2 2 3 1 1 2 1 2 5 1 2 3 3 2 3 1 1 2 2 3 2 1 5 0 0 1 2 3 3 2 4 0 4 5 0 2 3 3 2 1 2 1 3 3 2 2 1 1 2 2 2 0 3 5 4 2 1 2 1 7 0 3 1 1 3 2 5 2 1 2 2 3 0 0 0 2 3 1 2 3 2 4 0 5 1 2 1 3 0 5 3 2 4 2 3 0 0 1 1 3 1 5 4 6 1 0 1 3 3 0 1 2 3 4 2 3 3 0 2 2 1 2 2 2 2 2 1 3 2 2 0 2 2 4 1 0 2 0 2 6 1 0 4 0 2 3 4 1 1 1 4 1 5 1 1 2 1 2 2 2 1 4 2 2 2 1 3 5 2 1 0 1 2 2 4 0 3 3 1 2 1 3 4 4 1 3 1 1 2 2 2 3 1 2 2 1 5 3 2 0 3 0 2 1 2 3 4 1 2 2 1 3 2 3 3 3 1 2 2 1 1 3 4 2 1 1 2 4 3 1 1 0 0 3 1 0 0 2 2 3 1 4 3 0 2 4 1 1 0 3 1 0 2 1 1 3 1 2 1 1 1 4 3 1 2 1 3 1 0 4 3 3 4 0 1 5 2 1 2 1 5 2 1 0 2 1 2 1 2 0 1 0 2 1 7 2 4 1 2 2 0 1 1 0 4 1 1 2 1 2 3 0 0 1 0 3 0 4 4 3 1 0 1 1 2 0 2 0 4 1 2 2 1 2 0 3 0 3 2 3 1 2 1 0 2 2 2 1 0 8 1 1 1 1 1 2 1 2 2 1 1 6 3 4 2 0 0 4 2 1 0 3 2 5 1 3 0 2 0 3 1 1 2 2 4 1 1 0 2 4 2 3 2 1 2 2 1 0 3 3 5 2 2 2 0 4 1 2 2 0 0 3 2 4 4 1 0 0 2 4 4 1 1 3 3 3 1 2 4 2 1 2 2 0 3 2 0 1 2 1 2 2 3 2 0 2 1 2 3 1 0 0 1 1 2 4 2 0 2 2 1 1 1 1 1 0 3 2 1 1 1 1 1 5 2 2 1 5 2 5 3 4 0 1 1 4 4 1 2 0 1 0 3 3 5 4 2 0 4 0 1 1 4 2 1 4 1 2 2 1 3 1 1 0 2 2 3 4 3 2 4 1 3 2 2 1 4 1 3 2 1 1 1 1 4 2 1 2 0 1 4 2 2 3 1 0 3 2 0 2 1 1 2 0 1 1 0 3 2 3 2 3 0 0 1 3 4 2 3 4 3 1 0 1 1 3 1 1 0 2 2 3 8 2 3 1 2 1 2 2 2 2 1 1 3 0 3 2 0 4 1 3 1 1 4 1 1 0 3 1 2 4 0 0 2 2 1 3 0 1 1 0 2 1 1 1 1 3 3 3 1 2 1 3 2 1 0 2 1 1 2 0 2 4 1 1 2 4 3 2 0 1 2 3 2 1 1 2 4 0 2 4 1 0 3 4 2 3 2 1 5 2 1 0 3 3 4 3 0 0 0 4 2 2 2 3 4 2 2 1 2 2 2 2 3 4 6 1 3 1 3 2 1 3 1 3 2 1 2 1 0 4 2 2 1 4 1 0 1 1 1 2 3 2 4 3 4 2 0 0 2 0 3 3 1 7 2 2 1 1 0 1 1 3 2 2 3 5 3 4 1 1 3 3 2 4 2 1 3 1 3 3 1 0 1 2 2 1 2 0 5 2 0 1 4 1 5 1 3 3 2 2 4 2 2 1 1 2 3 3 2 1 3 2 3 3 3 1 0 2 2 3 1 2 1 1 2 2 3 2 4 5 3 3 1 1 1 1 0 5 3 0 1 1 1 2 3 2 4 1 1 1 3 1 2 2 3 3 2 2 1 0 5 4 2 1 2 4 0 0 1 0 4 3 0 0 1 6 3 2 3 2 0 2 2 2 2 2 2 3 2 0 1 1 1 3 2 0 2 2 2 0 3 2 3 6 4 4 0 3 4 5 1 1 2 3 1 1 2 1 1 4 3 5 2 1 2 0 2 5 0 0 3 0 0 4 1 4 2 2 2 2 3 3 2 0 1 1 3 2 1 6 0 3 2 2 2 2 1 4 2 0 3 0 3 1 1 2 2 3 3 1 1 0 2 0 0 1 3 4 2 0 2 4 4 1 5 2 3 2 3 2 2 2 1 3 4 1 0 1 0 3 2 1 3 4 3 4 0 4 1 1 1 1 3 2 3 2 4 3 1 2 3 2 3 2 1 1 3 0 3 0 1 1 3 3 0 4 2 3 0 2 0 4 2 3 2 2 5 2 3 3 1 0 4 1 1 4 3 1 2 2 3 2 2 5 1 2 2 0 0 2 3 1 3 4 0 3 1 2 2 1 3 0 2 2 1 2 1 4 3 2 2 0 4 0 1 1 2 2 2 4 1 1 1 2 2 2 5 2 1 1 1 2 0 2 2 2 3 1 1 5 6 4 2 4 1 1 4 5 5 1 2 5 1 1 4 4 2 0 1 3 2 4 2 1 0 6 3 2 1 3 1 2 4 2 0 2 3 1 2 1 3 2 0 2 5 1 2 0 2 2 4 3 2 3 2 0 3 2 0 3 2 1 3 3 2 2 2 1 0 3 1 4 3 7 2 2 0 2 2 2 3 0 2 1 2 1 3 3 0 0 1 2 2 2 5 0 2 4 2 0 2 2 2 0 1 0 2 3 4 1 0 2 0 2 2 2 0 2 4 3 2 2 1 1 2 3 3 0 1 1 0 2 3 4 1 2 3 1 2 2 3 2 3 2 2 3 2 0 1 3 3 2 1 3 2 3 3 2 2 1 4 2 2 2 1 2 1 1 2 0 2 1 3 4 2 2 0 2 1 1 3 2 1 3 0 2 2 2 1 0 3 0 1 2 2 1 3 2 3 1 4 5 2 3 3 1 1 2 1 1 1 1 2 3 4 2 3 1 1 1 3 2 3 2 8 5 2 1 4 1 3 1 1 2 2 1 2 3 2 6 1 1 4 1 0 1 4 2 2 1 4 1 1 1 5 2 2 3 2 2 2 1 2 2 3 2 1 0 4 2 3 3 3 2 4 2 1 1 3 1 2 1 2 0 4 0 3 3 1 1 0 3 1 2 3 0 1 1 5 1 3 3 1 2 4 4 3 2 1 3 1 5 5 0 3 3 1 1 1 0 3 2 0 5 4 1 1 1 1 1 2 3 1 3 0 2 2 1 2 2 3 1 2 1 0 2 1 0 3 2 3 0 1 2 2 2 3 1 1 1 2 0 3 1 2 3 2 1 1 1 2 1 1 0 2 2 1 2 1 1 1 3 2 0 3 1 2 0 2 0 1 3 3 4 0 2 1 3 1 3 2 4 1 1 4 3 1 1 3 1 3 2 1 0 1 2 1 3 2 2 1 2 2 2 1 2 0 6 0 1 0 1 2 2 0 2 2 0 3 0 2 0 1 1 1 3 3 2 2 2 1 2 2 4 1 1 1 2 3 1 0 2 5 4 2 2 4 0 4 1 0 1 2 0 3 2 1 0 1 4 1 4 1 2 0 0 2 2 1 0 2 0 1 1 3 3 3 1 4 4 2 4 0 1 3 4 2 2 3 3 1 0 2 2 1 1 3 2 2 2 2 4 1 2 1 1 2 3 3 3 0 1 2 2 2 2 3 0 2 3 1 1 1 0 3 1 2 6 3 3 2 1 3 2 2 3 1 4 1 5 2 3 2 0 2 1 1 2 2 2 4 1 3 3 1 1 2 3 0 0 1 2 5 3 1 2 1 1 3 2 4 2 1 1 1 5 3 1 4 0 1 3 4 1 3 0 2 2 2 3 3 3 3 1 2 1 2 0 1 1 2 2 3 2 1 1 2 2 2 0 0 4 1 1 2 4 2 3 1 1 2 0 1 3 3 2 0 1 1 2 2 0 3 3 2 0 3 4 4 1 1 3 1 4 3 2 3 1 0 1 4 3 0 1 3 2 2 3 0 2 2 4 0 2 5 2 3 2 1 2 2 1 1 3 1 2 2 3 2 2 0 0 1 2 2 2 1 0 1 1 0 0 2 3 0 3 3 0 2 2 2 2 3 1 0 4 2 3 2 2 1 3 4 2 4 1 1 0 1 2 0 4 1 2 2 3 4 2 1 1 1 4 2 3 2 2 1 2 3 0 1 4 5 2 3 0 1 3 3 2 5 2 1 4 0 1 0 3 1 2 3 1 5 1 3 3 3 2 5 2 1 1 2 1 0 2 2 2 2 2 3 0 1 3 0 3 0 0 2 1 1 2 4 0 2 0 2 3 2 3 3 0 1 2 0 2 0 1 4 1 5 3 0 4 1 1 7 1 2 2 1 2 1 1 1 4 2 1 2 2 4 2 1 0 0 1 1 3 1 4 0 4 3 1 2 1 1 3 2 4 2 3 1 3 1 1 4 0 1 5 1 2 2 1 0 3 3 0 2 2 2 3 0 1 2 4 2 1 2 1 2 3 1 4 2 1 1 1 4 1 1 3 2 2 1 1 2 1 1 2 2 0 1 3 3 2 2 2 2 1 4 1 0 3 2 3 1 1 1 3 0 0 0 5 0 3 1 0 2 2 2 2 4 2 3 4 1 4 2 1 3 2 2 0 0 2 2 2 6 2 1 1 3 2 2 1 2 5 0 1 1 2 4 4 2 2 2 1 3 2 1 1 3 2 3 1 3 1 0 2 1 1 1 3 1 1 4 4 3 3 2 1 0 0 2 5 2 1 1 4 1 4 3 0 3 1 3 3 1 1 3 1 0 4 6 0 1 5 4 3 0 1 0 0 1 1 3 1 1 1 1 3 4 3 3 2 1 1 3 1 1 3 3 4 3 2 0 1 1 1 4 3 1 2 4 1 1 1 0 0 1 1 0 2 2 5 3 1 1 0 1 5 4 1 4 2 1 0 2 0 3 1 1 3 2 0 3 3 2 3 2 2 1 1 3 3 0 2 1 1 2 3 1 2 3 1 2 4 0 2 3 1 1 2 3 2 1 2 1 0 5 2 3 1 1 4 4 1 1 2 0 1 2 1 5 3 3 1 2 3 3 2 3 3 1 1 2 1 3 2 2 0 2 1 3 4 0 0 4 4 1 1 2 3 3 2 2 1 0 1 2 3 2 6 2 3 2 1 2 2 0 4 5 2 1 1 4 0 1 3 3 2 2 2 5 1 3 1 0 1 5 2 1 4 0 2 0 2 2 0 2 2 3 1 2 1 2 2 0 0 2 2 2 1 3 5 3 1 2 1 0 0 1 3 1 1 2 2 2 2 1 2 2 4 2 3 2 2 2 2 2 3 1 0 0 0 3 2 5 0 3 2 2 1 1 2 0 1 1 3 3 0 2 2 2 3 2 1 0 6 2 1 3 2 1 1 3 4 2 1 2 5 0 1 3 2 2 4 0 0 4 1 0 3 2 1 2 3 2 2 1 3 2 0 1 1 4 1 0 2 1 1 0 1 0 1 4 1 0 1 2 1 0 2 0 2 1 4 2 0 1 2 2 1 2 4 4 2 0 1 0 4 5 3 2 1 2 1 0 2 2 1 7 1 1 3 1 1 1 2 4 2 0 1 1 1 2 2 1 1 0 4 2 1 1 2 4 0 1 1 0 2 3 4 1 4 3 2 3 0 2 2 2 4 0 2 0 2 1 1 1 1 4 2 0 2 2 1 0 1 3 3 3 4 1 4 3 0 2 2 1 0 3 0 1 1 2 4 1 2 1 5 4 0 0 2 0 3 1 2 1 1 2 4 2 1 1 3 0 3 3 1 2 1 2 2 3 1 3 2 2 1 1 3 1 2 2 3 1 1 3 3 3 2 0 3 3 2 4 4 2 3 1 3 1 2 0 2 2 0 0 3 1 3 1 2 3 2 1 1 2 3 1 2 2 3 2 1 0 0 1 0 1 4 0 3 3 0 3 1 3 1 3 2 1 4 2 0 3 3 4 2 1 1 1 4 2 3 0 0 0 4 0 3 2 1 6 2 3 2 3 0 2 2 2 2 2 1 1 2 2 6 2 1 0 1 5 1 2 2 0 2 1 2 1 1 1 1 2 1 3 2 2 2 3 8 1 1 0 1 0 3 0 3 2 4 2 1 1 3 3 5 3 2 1 1 1 0 1 1 1 3 1 2 3 2 5 1 1 1 2 2 3 2 2 1 1 3 2 3 1 1 3 1 4 1 0 3 2 2 2 1 3 3 4 0 1 2 2 1 1 3 3 3 0 3 2 4 1 3 2 0 0 3 2 3 1 2 1 0 1 2 1 2 3 2 5 3 1 1 1 3 4 3 1 2 1 4 2 2 1 1 1 1 2 1 2 0 4 3 1 1 3 2 2 2 0 4 1 1 2 2 5 5 1 2 0 2 2 2 2 2 1 1 1 2 3 4 2 2 0 1 2 1 2 3 2 0 4 4 2 0 2 4 3 1 5 1 2 1 2 2 0 3 2 3 2 6 2 4 2 1 6 1 3 1 2 3 2 2 4 4 2 3 2 2 2 0 3 0 2 2 2 2 4 3 3 1 2 4 1 1 0 5 2 2 0 3 1 1 0 3 3 1 1 0 2 0 0 0 4 1 1 1 2 0 4 2 4 0 0 1 1 1 1 4 1 2 2 4 1 8 3 1 0 2 0 1 2 3 2 2 0 1 1 3 2 3 2 2 2 1 2 0 2 0 3 2 1 2 1 3 2 0 2 2 2 7 2 4 1 4 0 2 0 0 1 1 3 2 3 1 3 0 1 1 3 2 2 2 0 1 2 4 0 2 2 1 1 3 5 0 1 2 1 2 1 0 1 2 4 0 3 1 1 1 1 1 1 1 1 1 3 2 4 0 2 3 0 3 5 1 2 3 3 1 4 3 2 3 3 4 0 2 1 3 2 4 2 2 0 3 4 1 2 1 1 4 2 3 4 1 2 2 1 1 1 2 0 2 3 1 1 3 2 2 4 3 3 1 3 0 1 0 1 5 2 3 2 0 0 0 2 2 1 3 1 3 3 3 2 2 5 0 0 5 2 5 0 0 1 0 2 4 1 4 2 3 2 4 2 3 2 2 0 6 1 2 0 2 3 4 2 1 3 3 1 2 2 4 1 4 1 4 1 3 1 3 4 0 0 2 4 3 1 1 4 3 3 1 4 0 1 0 1 1 0 1 1 4 3 2 0 5 1 1 1 1 3 5 4 1 3 0 2 0 3 2 0 2 2 3 2 1 3 0 3 3 3 2 1 2 2 1 1 4 4 1 1 2 0 0 3 4 2 0 2 1 4 3 1 0 1 2 2 3 0 5 5 2 4 1 0 6 1 2 2 3 0 4 4 2 3 3 2 1 2 1 1 1 4 3 5 4 0 2 2 4 0 3 4 1 2 1 2 1 1 1 3 3 2 1 3 1 1 4 0 2 2 0 2 1 1 0 3 2 2 3 3 3 4 1 3 2 4 1 2 1 0 1 2 1 1 4 1 2 4 2 0 0 3 1 4 3 1 4 1 0 2 4 0 1 1 3 4 0 0 2 4 1 3 1 0 2 3 2 2 2 5 0 1 4 4 5 4 1 3 1 3 0 0 3 5 1 3 1 3 2 5 3 1 2 2 1 1 4 4 5 1 2 0 0 1 1 4 2 1 0 2 5 1 1 1 2 3 1 1 2 3 4 2 1 1 2 2 2 3 2 4 2 5 3 0 3 0 1 1 0 1 0 2 2 1 3 2 2 2 4 3 4 1 4 0 1 1 0 2 3 2 1 1 2 1 0 2 1 1 3 0 0 2 4 3 1 3 2 3 3 1 1 2 1 1 1 0 1 2 1 0 2 2 3 1 0 2 4 2 0 5 5 2 4 1 4 3 3 0 1 1 0 3 2 0 3 0 1 2 2 4 0 2 4 1 3 3 1 0 2 3 0 2 1 2 1 4 4 1 2 4 3 1 2 3 4 3 4 1 3 0 2 1 4 1 7 1 0 1 5 2 2 0 2 3 1 2 2 1 2 1 2 3 3 1 2 3 0 2 2 2 1 2 3 3 0 2 0 4 1 2 2 0 2 0 1 4 1 1 1 3 1 1 2 1 4 0 4 2 0 5 3 4 2 0 1 3 1 0 1 4 2 4 1 3 2 3 1 3 1 2 1 4 3 1 4 0 0 3 0 0 1 4 3 1 2 0 3 0 1 1 3 1 0 2 0 2 0 1 1 2 4 4 1 1 5 1 3 3 0 1 3 0 0 1 0 0 1 2 0 4 1 2 0 1 4 4 0 2 2 1 3 1 4 2 0 2 3 0 1 1 0 7 1 1 5 0 3 1 2 0 3 2 5 2 4 2 4 4 1 1 2 4 3 2 1 0 0 2 1 3 0 5 0 3 1 3 1 0 2 3 4 2 4 3 1 1 2 0 4 3 3 5 2 3 1 0 1 2 1 2 0 1 6 0 1 2 4 0 2 3 5 2 1 2 1 3 0 2 1 2 2 1 5 6 4 2 2 3 4 2 1 1 1 3 2 4 1 2 1 0 0 3 1 4 0 2 3 2 3 3 1 3 1 2 0 5 2 3 0 5 1 2 1 2 3 2 2 2 3 0 2 2 2 3 1 3 3 2 0 0 0 1 4 0 0 1 4 1 1 3 0 4 2 0 1 1 1 2 4 3 2 1 0 3 1 1 2 3 1 4 2 3 1 1 1 1 2 3 2 3 2 0 3 3 1 1 2 1 2 4 3 2 4 0 3 1 3 1 2 3 2 0 2 1 3 2 2 2 2 1 1 2 4 1 2 2 2 4 4 4 2 2 1 1 2 2 3 1 2 1 3 3 0 1 0 4 1 1 2 1 1 1 2 6 2 1 0 3 3 0 4 1 2 2 0 3 2 4 1 3 3 3 2 5 1 1 3 5 1 5 2 1 2 1 3 1 2 0 3 0 2 4 5 2 2 0 4 1 2 4 1 2 0 1 0 3 1 3 3 3 2 4 1 3 2 1 1 1 1 3 1 1 2 2 2 2 2 1 1 1 3 3 0 3 2 1 5 1 0 0 1 1 0 0 1 2 1 2 1 7 0 1 2 3 4 2 2 0 4 1 4 0 0 2 2 3 5 3 1 1 1 1 1 1 1 1 2 2 2 2 2 3 4 1 1 1 1 4 1 2 2 3 1 2 2 2 1 2 1 5 4 5 1 0 1 1 9 0 0 3 2 0 0 2 0 1 1 2 2 0 2 4 1 1 2 1 1 2 1 5 1 3 2 2 3 1 2 3 1 1 1 2 3 3 1 3 1 0 2 1 1 2 1 3 0 0 3 3 1 2 2 1 4 1 2 4 2 3 0 1 0 0 4 0 7 2 4 2 1 2 4 2 4 0 4 1 3 1 0 0 2 3 2 3 0 0 3 3 1 2 6 1 1 0 2 1 2 2 4 1 3 5 4 0 5 2 1 2 0 2 3 1 5 5 3 1 3 0 1 2 2 1 3 3 2 1 3 2 0 3 5 1 2 1 2 2 1 3 2 1 1 3 3 0 2 3 3 1 2 4 1 3 2 1 1 3 0 3 1 3 3 1 2 4 2 0 0 6 2 1 4 2 1 3 1 1 3 0 2 2 1 2 5 2 3 3 2 4 2 2 2 4 2 3 1 1 1 1 3 1 2 1 2 3 2 2 2 1 2 2 4 0 3 0 1 2 1 0 1 0 2 1 2 1 2 5 4 1 5 1 2 0 3 2 2 5 3 4 1 1 1 1 1 1 2 4 1 1 2 1 1 3 2 5 2 2 1 1 2 1 0 1 1 3 0 2 2 0 1 2 3 2 4 5 2 2 1 2 3 1 2 2 3 1 3 1 2 1 2 1 5 2 1 1 3 4 4 2 0 3 0 2 2 0 3 1 2 0 3 2 1 2 3 2 2 0 2 5 1 2 1 7 3 1 2 1 3 2 2 2 1 1 1 2 1 4 2 1 2 3 2 3 4 3 4 2 1 1 2 2 4 1 3 1 3 4 1 3 1 2 4 5 1 2 1 1 1 2 0 1 2 5 0 3 3 3 1 0 3 3 1 2 1 1 4 3 0 2 0 3 0 0 5 3 0 2 4 2 3 2 2 1 1 1 1 3 2 5 3 3 1 2 2 0 1 2 3 0 3 3 2 1 4 1 1 3 6 1 0 4 0 3 2 5 3 0 0 2 4 3 1 1 3 1 2 0 1 1 1 5 1 1 1 1 0 1 0 5 4 0 1 1 2 3 1 1 2 0 1 6 1 2 5 0 2 3 1 1 1 1 0 2 4 3 2 0 0 2 2 3 2 1 3 2 4 1 0 0 2 1 3 1 2 0 4 2 0 2 3 1 2 2 0 1 5 2 3 1 3 2 3 3 3 2 3 1 2 3 1 2 1 2 2 1 2 0 2 1 1 4 1 1 1 0 3 3 0 3 2 4 2 2 2 2 2 2 2 3 5 4 3 3 0 1 0 3 3 2 3 0 0 2 3 2 0 4 1 2 4 4 2 3 0 1 2 3 2 3 1 0 1 5 1 2 2 1 3 2 2 1 2 2 2 2 1 2 1 0 1 1 0 1 6 4 2 1 2 0 3 3 0 3 0 1 2 2 1 3 2 3 2 0 3 1 1 1 2 2 2 4 1 2 2 5 2 2 2 3 2 5 1 3 1 2 1 2 2 0 2 2 4 3 1 3 2 2 2 1 1 6 2 3 2 2 3 3 2 2 0 4 1 1 0 1 4 0 3 0 3 1 4 2 4 1 2 1 1 0 1 4 1 0 1 1 2 2 0 0 0 2 2 1 0 5 0 3 1 1 5 0 0 2 2 2 6 2 0 3 1 3 2 2 1 4 1 1 3 0 1 0 2 1 5 1 2 1 1 1 0 2 3 0 4 0 2 2 2 3 1 0 1 1 2 4 0 4 0 1 2 3 2 4 3 4 2 1 2 2 4 1 1 0 1 0 1 2 2 5 4 4 2 1 3 0 2 0 1 4 0 0 3 2 2 4 2 1 3 3 1 2 0 2 1 1 1 1 1 5 0 3 3 0 2 2 0 1 2 1 1 3 4 3 2 2 0 2 3 1 1 0 3 2 3 3 3 4 0 2 3 0 0 2 1 4 1 1 4 3 1 3 2 1 0 4 4 2 0 3 1 1 4 4 2 1 4 2 2 3 2 1 2 3 1 0 4 4 0 2 3 2 2 2 0 3 1 1 2 3 2 1 2 4 2 2 2 1 1 1 2 0 4 4 0 1 2 0 2 1 0 6 4 1 1 4 1 0 2 4 0 4 2 2 3 4 1 1 1 1 2 2 2 1 4 2 0 2 0 2 1 1 4 4 2 2 4 2 0 1 1 3 3 1 1 1 0 1 1 1 3 4 2 1 3 1 1 1 2 3 3 0 2 1 3 0 2 2 2 3 1 2 1 1 2 2 3 1 2 4 2 2 0 1 1 0 5 3 1 3 4 2 4 1 2 1 4 4 5 1 1 2 1 1 0 2 1 2 1 5 1 2 2 2 2 0 3 2 5 0 3 1 3 1 0 4 4 0 3 2 1 0 6 1 0 1 1 2 2 3 2 1 4 3 2 1 2 2 1 1 0 5 3 4 1 2 1 1 2 1 0 2 2 4 3 3 1 3 0 4 1 4 1 1 3 6 1 0 3 5 3 2 2 1 2 2 5 2 1 0 0 2 2 1 1 2 4 2 1 2 4 2 2 3 1 1 2 4 1 1 0 1 1 1 2 0 8 0 1 4 2 3 1 2 2 0 1 1 1 1 1 4 2 1 4 3 3 3 1 2 1 1 5 4 2 1 4 1 2 3 0 4 3 3 1 1 1 0 3 3 4 3 2 1 3 3 2 1 2 1 4 2 1 2 2 1 0 5 2 2 1 0 3 1 1 2 4 1 2 1 1 1 2 1 3 2 2 5 4 2 0 3 1 1 2 3 1 2 2 3 2 1 3 1 3 1 0 2 3 3 2 2 2 3 1 4 1 1 1 2 4 1 3 2 1 3 4 3 1 2 2 5 0 0 2 0 1 1 2 1 6 0 1 2 5 4 1 1 5 3 2 1 4 2 1 1 2 1 0 2 2 3 1 2 3 2 3 2 1 2 1 2 3 1 4 1 1 1 1 0 0 1 0 1 1 5 1 2 2 4 2 1 4 2 0 5 3 1 2 2 3 2 3 1 2 2 2 1 2 4 3 1 3 3 1 2 3 2 0 4 1 1 1 2 2 3 3 2 1 0 4 0 3 3 1 4 0 1 2 0 2 2 1 2 6 3 2 0 4 2 1 1 3 3 1 2 3 3 1 3 2 0 3 2 4 0 6 1 4 1 2 1 1 3 1 0 0 2 1 0 1 2 3 0 1 1 2 2 3 2 3 3 1 0 0 3 2 6 1 3 1 2 2 3 2 3 1 3 2 4 1 3 0 0 1 2 2 1 4 4 1 6 3 2 1 1 3 2 2 1 1 1 1 0 2 0 4 4 1 1 3 1 1 3 1 1 6 2 2 2 3 2 1 0 6 2 0 2 2 3 1 3 0 1 1 2 3 1 2 6 1 3 2 2 2 2 2 4 2 2 2 2 5 1 0 1 2 6 2 1 2 3 2 0 2 1 3 4 3 1 2 0 3 1 2 2 1 3 0 1 2 3 2 1 0 5 1 3 1 2 0 1 1 1 5 1 2 3 0 1 0 2 3 1 3 4 2 2 1 4 1 1 6 3 2 2 3 0 0 0 2 3 2 4 2 1 2 1 2 3 1 1 4 2 1 2 2 0 1 5 2 2 4 1 2 1 4 1 1 1 2 3 1 1 3 0 1 2 4 4 4 2 1 0 1 1 2 0 2 2 1 2 5 4 2 2 1 2 1 1 0 3 2 1 0 1 2 1 2 4 1 4 0 4 1 2 1 4 3 0 1 0 2 1 1 3 2 2 3 2 1 0 2 2 0 8 2 2 3 2 3 3 0 2 1 2 1 2 4 4 1 1 3 3 1 2 1 1 4 2 4 3 1 0 1 5 0 5 2 2 4 2 0 1 4 4 6 0 3 3 2 0 2 2 2 1 1 4 2 3 0 1 4 0 1 3 2 4 2 1 2 2 1 1 1 3 3 2 1 2 3 0 0 3 2 2 0 1 1 2 3 1 1 3 3 1 6 0 2 3 2 1 2 2 1 0 0 4 2 2 2 2 3 4 1 1 2 2 1 3 2 4 1 2 3 3 2 2 1 0 3 2 1 4 3 2 2 4 1 3 3 1 2 3 0 2 1 4 1 0 3 3 3 2 1 2 0 2 1 0 5 3 1 1 3 5 4 2 4 2 2 2 2 2 1 1 3 3 0 1 1 4 1 2 1 1 5 1 4 0 2 2 5 0 0 2 1 1 2 3 1 2 6 4 1 1 4 0 0 3 4 1 3 4 2 0 1 3 2 1 0 0 2 2 1 0 4 4 2 2 2 0 2 0 2 3 1 4 2 0 1 4 2 1 1 3 3 2 0 0 2 1 0 3 3 3 6 1 1 3 1 2 2 0 0 4 0 3 3 2 2 0 3 0 2 3 3 2 4 0 1 2 0 0 2 0 0 2 2 4 3 0 6 0 0 3 3 4 2 1 0 2 2 1 2 3 1 1 3 3 2 0 2 3 0 0 2 3 1 1 7 1 1 1 1 0 0 2 2 3 1 2 3 4 2 1 1 0 1 2 1 1 5 2 3 4 1 3 1 0 3 1 1 2 4 2 1 0 3 1 1 1 3 2 1 3 1 1 2 1 2 3 5 1 2 3 2 0 0 3 3 1 0 4 5 1 5 2 2 3 1 4 1 0 3 0 1 5 3 2 3 2 5 1 1 1 2 0 2 2 2 1 3 1 1 4 0 1 2 2 1 4 1 4 2 0 1 1 1 3 4 3 2 3 0 1 3 2 2 0 1 1 1 1 4 3 1 2 0 2 2 3 3 3 2 5 2 0 2 3 4 0 0 3 2 2 4 3 1 3 5 2 0 1 0 2 4 2 3 1 1 3 1 3 2 2 2 0 2 1 3 2 3 1 1 4 1 3 2 1 6 2 1 0 1 0 2 3 2 1 4 3 2 0 2 3 0 1 1 0 2 1 3 2 3 1 2 3 3 1 1 2 3 1 3 2 0 1 4 0 1 2 3 3 3 1 3 1 2 3 6 3 2 3 0 1 2 2 2 2 2 3 2 3 0 2 1 3 1 0 2 0 4 1 3 1 3 3 2 2 1 4 2 3 1 3 1 1 3 4 3 0 1 1 0 3 0 1 4 4 4 2 1 0 1 2 2 0 3 3 3 2 2 4 2 1 2 1 0 3 2 1 0 2 3 1 1 2 2 3 2 1 2 4 2 0 0 1 3 1 2 3 1 1 0 1 1 1 1 1 4 9 2 0 1 1 0 2 3 2 6 2 2 1 2 2 4 0 1 1 3 1 2 2 4 1 4 4 0 2 2 2 3 2 2 5 2 0 2 2 4 1 1 0 1 1 0 4 3 4 4 3 5 2 0 2 2 1 1 1 0 2 1 1 4 6 3 2 3 1 2 1 4 3 1 2 2 4 0 5 2 3 0 6 0 5 2 3 1 1 1 4 0 0 4 1 4 2 1 3 0 3 3 3 2 4 2 1 0 2 1 1 3 0 0 0 4 1 2 2 1 3 3 2 2 0 2 2 2 1 2 3 4 0 0 2 2 1 2 3 2 2 2 3 1 2 3 1 2 0 2 3 1 1 3 3 2 5 1 1 2 1 1 3 2 3 1 3 0 2 3 2 2 4 3 1 2 3 0 0 0 0 3 7 2 2 1 2 3 1 5 2 3 5 2 4 2 0 2 3 0 1 4 1 1 1 2 0 4 1 3 0 1 3 1 4 3 3 2 1 1 4 2 1 0 5 1 2 2 3 3 3 0 6 1 2 3 0 1 1 2 1 1 1 1 3 2 4 2 0 2 3 0 2 1 3 2 3 2 2 2 2 2 3 1 4 2 3 0 0 1 2 1 1 3 1 3 3 3 2 2 1 4 4 1 1 2 0 2 2 0 2 0 3 2 3 1 2 6 0 2 0 0 3 2 2 4 2 2 2 1 0 6 4 4 0 1 5 2 3 2 2 4 2 2 1 1 3 5 0 0 1 4 4 2 2 2 3 3 3 1 1 1 4 0 2 2 1 4 2 0 2 2 3 1 3 1 3 3 0 2 1 6 2 0 2 0 1 1 1 2 3 2 3 1 3 1 3 2 3 1 0 3 3 2 3 2 3 1 1 1 3 3 1 3 3 2 1 5 4 1 1 1 1 1 0 1 0 3 1 5 2 3 2 1 0 1 0 2 2 3 0 1 2 1 2 3 1 1 4 2 3 2 2 4 1 1 2 2 3 2 2 0 5 2 1 1 2 1 3 5 3 5 2 2 0 3 2 1 2 2 2 4 2 2 1 5 1 0 4 3 3 0 0 3 0 1 2 2 3 0 3 4 2 2 4 2 2 2 2 1 1 0 1 4 4 2 1 2 5 0 2 3 5 2 1 0 4 0 1 3 2 3 2 3 1 3 1 0 3 3 1 1 1 0 3 1 4 0 2 0 3 1 1 0 0 1 0 5 2 1 2 2 2 0 3 0 1 1 3 2 2 0 0 2 4 3 0 0 3 2 3 0 2 2 1 1 0 2 4 2 4 3 1 1 3 1 0 2 2 4 0 1 3 3 1 0 0 2 3 3 0 3 2 2 1 1 0 2 1 4 0 2 2 3 1 1 3 3 3 2 1 0 1 3 3 3 1 2 3 1 2 4 4 0 1 0 4 4 2 0 0 3 1 3 1 0 3 3 1 2 0 2 2 2 3 1 1 4 1 1 6 1 1 4 2 2 3 0 0 1 2 4 2 3 3 2 1 3 1 3 0 2 2 1 1 1 2 1 3 2 3 3 4 2 2 3 4 0 0 0 1 3 3 2 1 0 1 1 2 6 1 1 1 3 3 1 1 1 2 2 1 2 2 0 1 1 3 2 1 3 3 1 4 4 5 0 1 1 2 1 1 3 4 1 2 3 1 1 4 2 1 6 3 5 1 0 5 1 4 0 0 1 2 2 1 3 3 3 1 3 0 2 3 2 2 4 4 3 1 0 5 2 2 2 2 1 0 1 1 1 4 2 1 8 2 3 2 2 1 2 1 1 1 1 2 2 5 1 2 3 0 1 1 0 2 2 1 1 2 2 1 1 3 1 3 3 3 2 2 0 0 2 0 2 2 1 6 1 0 4 0 0 2 3 1 0 3 2 1 2 0 3 2 2 3 0 3 2 5 5 1 2 2 4 1 0 1 0 1 4 1 2 1 2 2 2 2 1 5 2 2 1 1 1 2 4 2 1 0 4 3 1 1 2 3 1 3 0 2 2 4 0 2 2 1 5 3 1 1 1 1 0 1 6 5 3 1 1 1 1 4 2 1 2 2 2 1 1 3 3 3 2 1 4 1 1 1 1 2 3 5 1 2 1 1 2 3 0 0 2 1 0 3 0 2 1 1 0 4 2 0 0 3 2 1 0 3 2 0 1 5 1 5 2 3 0 0 1 2 2 2 2 0 1 1 2 2 6 2 2 0 0 2 1 2 1 4 2 3 5 4 1 1 1 2 0 1 2 5 2 2 1 4 3 3 3 1 2 0 3 0 4 2 2 1 0 1 1 3 5 1 4 1 2 2 4 1 0 2 3 0 0 1 2 1 3 1 2 2 1 1 2 2 3 1 2 2 1 4 4 1 2 1 1 0 2 3 2 4 1 2 1 0 0 1 2 0 1 2 0 5 3 2 2 3 2 6 5 2 1 0 4 3 1 3 1 2 3 1 3 4 1 1 5 4 1 0 0 3 1 1 4 2 4 3 0 2 0 2 3 4 2 2 1 0 0 3 2 1 1 4 2 1 3 3 2 1 0 1 3 1 2 2 1 1 2 1 2 4 2 4 0 1 3 2 2 0 3 4 2 4 0 2 2 2 1 4 1 3 1 1 3 0 1 2 3 1 2 0 0 2 2 3 1 0 3 1 2 2 0 2 1 3 2 2 2 0 1 1 4 3 1 1 0 6 0 2 1 2 1 3 3 3 3 1 2 3 2 2 2 3 0 0 0 1 3 1 2 3 1 4 0 5 0 1 2 3 1 2 1 2 2 3 0 3 2 0 3 2 1 2 2 3 0 1 2 3 0 1 4 4 2 0 1 3 3 2 2 2 0 3 1 2 1 2 0 7 2 7 5 0 1 0 3 2 3 2 1 1 3 2 3 3 0 3 2 1 3 0 2 0 0 1 4 1 2 6 2 3 3 0 1 4 1 1 1 1 5 0 3 1 2 3 6 0 4 2 2 1 2 0 1 1 2 1 3 1 2 4 3 1 1 2 1 1 3 2 4 1 2 5 1 1 3 1 2 1 4 0 0 2 4 2 2 2 3 0 1 0 3 1 1 6 5 0 0 2 2 0 2 3 4 1 0 0 1 3 2 2 2 2 2 1 2 2 2 2 1 1 2 2 2 1 2 4 2 2 2 2 6 1 2 4 1 3 2 1 1 0 1 3 1 2 2 3 0 2 3 1 2 1 4 0 1 3 3 0 2 0 3 2 2 0 3 2 3 1 2 0 1 2 4 3 1 0 1 2 1 2 1 2 0 6 4 3 2 1 0 5 3 6 0 2 3 2 3 2 4 1 4 0 2 1 4 0 5 3 1 2 1 0 2 4 4 0 0 4 3 3 2 1 3 0 1 2 2 1 0 1 3 2 4 1 3 2 4 4 3 1 3 1 2 1 2 1 2 1 2 5 2 2 3 1 4 3 2 4 2 3 2 1 2 1 3 2 0 2 2 1 3 2 2 1 2 2 1 2 1 3 2 1 0 0 2 2 2 2 3 2 1 4 4 2 1 0 4 1 2 3 2 0 2 1 3 3 1 5 3 1 0 0 0 1 4 1 3 6 3 1 1 2 3 1 1 2 0 1 3 0 2 1 1 3 3 1 3 1 2 0 3 3 5 5 1 2 1 1 2 3 0 2 0 2 5 0 1 1 3 1 2 3 2 2 1 0 1 3 1 2 6 3 1 1 1 1 1 1 0 1 4 2 4 2 4 1 2 1 1 1 3 3 1 2 4 1 4 2 2 1 4 0 3 0 2 1 1 0 4 1 5 3 1 3 4 1 3 4 2 2 1 1 1 1 3 6 5 1 1 0 0 4 3 0 3 2 1 1 1 1 2 0 2 1 2 2 3 4 3 2 0 3 3 1 1 2 3 1 5 2 2 0 1 0 4 2 3 3 2 2 3 3 1 2 1 4 1 1 3 4 2 2 2 3 1 2 2 2 2 5 4 1 1 0 4 2 1 0 1 2 2 1 4 2 1 2 1 3 3 1 0 3 3 3 3 2 2 2 0 2 3 1 4 1 2 1 4 3 0 1 4 1 1 1 1 2 1 2 3 3 1 1 1 3 2 4 1 2 1 1 2 4 2 2 4 3 1 0 2 0 4 3 1 2 1 2 3 0 5 3 1 1 3 1 2 5 5 4 2 0 1 2 2 5 1 4 3 0 1 0 1 0 2 2 4 0 1 2 2 2 2 1 0 1 0 2 2 3 2 4 3 2 1 3 3 1 4 2 2 4 0 0 0 2 0 1 1 3 1 3 0 1 3 2 1 2 4 2 1 2 2 0 0 1 3 1 3 3 2 1 2 1 1 3 3 1 2 1 1 1 5 2 1 2 1 1 2 1 4 1 1 1 1 1 3 1 1 2 0 3 3 0 4 3 2 2 3 1 3 0 2 2 0 1 4 1 1 1 1 2 3 4 2 0 2 2 0 1 0 2 3 3 3 4 1 3 1 2 2 3 1 4 0 0 3 2 4 1 2 4 0 2 2 1 5 1 1 3 1 1 2 0 0 1 2 0 2 2 1 4 1 4 5 3 2 0 3 0 2 1 1 1 1 0 4 3 0 1 4 1 1 1 2 2 0 4 5 2 4 0 3 0 0 1 0 2 2 3 2 1 1 2 1 2 2 2 1 2 1 1 1 1 2 4 1 1 4 4 2 2 0 6 2 0 3 0 2 0 2 0 1 8 1 2 2 3 1 2 3 4 3 3 2 0 3 1 3 1 3 2 0 3 2 2 0 6 0 3 3 5 3 2 2 3 0 2 2 0 1 3 1 1 0 0 1 0 3 0 3 3 1 3 1 1 4 0 4 1 3 2 1 1 2 2 1 2 0 3 2 1 4 2 1 0 3 4 3 2 2 2 2 2 1 3 5 2 0 2 3 1 3 0 1 3 0 1 3 0 1 0 3 5 5 1 1 2 4 2 0 4 1 2 3 2 5 0 2 3 0 1 2 2 0 2 6 2 2 1 1 4 4 1 1 3 3 1 0 1 2 3 2 2 3 2 4 2 1 0 2 1 2 3 1 0 1 2 2 5 2 1 2 2 1 2 2 1 0 5 2 2 2 1 0 1 2 3 1 2 0 1 3 2 0 5 2 3 2 0 3 1 3 1 1 3 2 4 2 2 4 2 4 2 0 5 0 1 3 1 2 2 2 3 0 2 2 1 3 0 1 2 1 1 2 1 4 1 3 1 1 1 3 2 5 0 2 2 3 1 0 4 0 5 1 4 0 2 0 4 2 0 1 2 0 1 2 4 2 1 1 3 2 2 4 0 2 4 3 0 2 1 2 2 2 1 4 5 0 3 1 3 3 3 0 0 2 3 4 1 0 0 2 1 1 0 2 1 2 2 2 0 2 1 2 0 3 4 2 1 1 2 1 2 3 3 0 3 1 2 4 0 1 2 3 4 1 4 0 2 7 2 1 2 4 0 1 1 2 1 1 1 2 3 3 1 1 1 3 1 3 5 1 1 1 1 1 3 3 2 2 1 4 2 2 0 0 0 1 0 1 2 1 2 4 2 1 2 5 3 3 1 2 0 5 0 1 2 2 2 2 2 0 5 2 0 3 3 1 1 5 6 3 0 1 0 2 0 0 0 1 5 1 0 0 4 2 2 2 3 4 2 3 2 2 0 3 8 1 3 1 2 3 1 1 3 1 1 5 0 0 1 4 2 1 1 1 0 1 0 5 2 6 2 2 2 0 2 0 1 2 3 2 2 2 2 2 2 2 1 0 4 3 3 1 1 3 0 1 0 2 4 3 1 5 1 4 0 0 1 0 3 0 4 0 0 1 1 0 2 5 3 3 1 4 2 2 2 0 4 0 1 1 3 1 4 1 0 3 1 4 1 1 1 4 1 3 2 1 2 4 1 2 1 1 4 1 4 2 1 1 1 2 5 2 3 1 0 2 4 1 2 6 2 3 1 3 2 2 3 2 1 0 5 1 1 2 0 2 2 2 2 0 1 3 1 0 0 2 4 0 4 2 0 5 2 3 0 2 1 1 2 3 2 0 3 5 1 2 1 3 2 0 1 1 2 2 3 2 1 2 1 3 0 2 3 2 2 2 2 2 3 1 0 2 1 5 2 1 0 0 1 3 0 1 3 1 1 1 3 1 5 2 2 2 0 3 3 4 1 5 2 1 1 0 4 1 2 4 0 2 2 2 2 4 5 1 4 4 0 1 0 1 3 2 0 2 1 0 2 3 5 1 3 2 1 1 3 0 1 1 4 3 1 2 1 5 2 4 3 3 2 4 1 1 0 3 0 0 0 2 2 3 5 3 6 0 2 5 3 0 1 3 1 2 3 2 3 0 0 3 3 2 0 3 2 3 2 0 3 5 4 1 1 0 1 3 3 4 1 1 2 1 2 1 1 1 4 3 0 2 1 1 2 0 2 3 2 0 1 7 1 2 1 0 0 8 1 2 0 1 3 2 1 1 0 1 3 1 7 2 3 2 1 2 1 4 1 2 2 2 1 0 3 3 2 2 1 4 2 1 4 0 2 4 1 1 0 2 0 5 3 0 2 0 2 5 2 2 2 2 2 2 1 3 2 2 2 2 3 2 2 1 0 0 0 1 2 1 3 4 0 1 0 1 1 2 2 1 2 1 2 1 2 4 0 3 2 2 3 3 1 3 2 1 3 5 2 2 2 3 1 5 1 3 2 1 0 2 0 7 0 0 3 3 4 1 3 2 2 0 0 3 0 3 1 1 1 2 1 0 4 4 4 1 2 2 1 3 4 1 2 4 0 1 1 2 2 1 2 1 1 4 3 4 4 1 1 0 4 4 6 1 2 1 2 2 3 3 1 1 2 1 2 4 1 2 5 5 0 2 2 2 0 0 1 0 0 3 2 2 0 3 2 1 2 1 1 1 3 2 2 1 1 1 4 0 3 1 2 1 1 0 5 2 2 1 3 1 1 7 2 2 1 3 4 1 5 1 2 2 0 2 2 1 2 5 1 5 3 1 2 2 3 0 4 1 3 2 1 3 1 4 5 2 2 4 1 3 1 2 2 2 2 0 3 2 2 3 0 6 5 2 0 2 2 0 1 2 0 2 2 2 2 1 4 0 0 3 2 0 2 4 0 3 1 3 0 2 3 2 3 1 0 3 3 3 2 2 2 2 1 1 1 2 1 0 4 4 1 0 3 3 3 3 2 2 1 1 4 5 2 2 1 2 0 2 2 0 3 2 3 0 1 2 2 2 2 1 3 2 4 0 1 2 3 1 3 3 2 2 1 0 4 2 1 1 1 1 1 4 2 0 4 3 2 0 2 2 3 1 2 1 2 6 2 1 2 3 2 3 1 1 4 1 0 2 1 5 0 1 3 2 0 1 2 0 2 2 2 3 2 3 3 2 1 1 2 3 1 3 3 0 0 0 2 5 1 2 2 2 0 1 1 4 3 2 3 3 4 1 1 2 3 1 1 5 2 5 6 0 3 4 1 3 1 2 2 1 2 2 1 2 0 2 0 2 0 4 2 1 2 1 4 1 3 1 1 2 1 2 2 1 4 5 2 3 0 0 2 2 1 1 2 1 5 2 4 1 2 1 1 1 4 2 5 0 2 0 2 1 1 1 0 0 2 3 3 1 5 2 3 1 1 2 1 2 3 1 5 2 3 3 2 0 2 0 1 3 2 2 2 0 3 5 2 3 0 2 1 3 0 2 7 5 3 2 0 0 1 0 3 1 4 1 3 4 2 4 0 2 2 1 4 1 3 0 4 3 0 1 1 2 2 2 0 2 2 1 1 3 2 1 2 1 4 2 5 0 6 1 1 2 7 2 0 1 2 3 3 5 1 1 2 2 5 5 3 3 1 1 4 4 1 4 0 3 1 2 1 3 2 1 1 1 4 3 0 5 3 4 3 2 1 1 2 1 1 2 3 1 2 2 2 1 1 3 2 1 3 1 3 3 4 3 1 3 4 1 1 0 3 4 1 3 0 7 0 1 2 3 5 4 1 3 1 1 2 0 3 5 4 1 1 1 1 0 4 0 0 3 1 3 0 1 3 2 1 6 2 2 2 1 3 1 2 0 3 4 3 1 1 1 3 0 3 3 2 2 1 2 2 1 2 1 5 2 1 1 1 1 2 1 0 2 1 4 1 3 2 0 6 1 1 2 2 0 2 2 1 1 2 2 2 1 4 5 2 1 5 1 2 3 1 0 2 2 3 0 0 3 3 1 4 1 1 2 2 3 3 3 4 3 1 1 2 1 1 1 3 3 1 3 2 1 2 1 1 0 0 3 3 1 3 3 3 3 4 1 0 3 1 1 3 3 1 0 1 2 5 0 3 3 2 1 4 2 1 1 4 3 3 0 2 0 2 1 3 1 3 1 1 1 2 2 4 2 2 4 2 3 3 1 1 1 2 0 0 1 4 2 1 4 5 1 2 2 1 1 1 1 1 1 3 2 3 1 0 4 5 1 3 3 0 1 4 1 1 3 1 1 1 3 3 1 2 3 3 2 2 1 4 2 1 3 4 0 2 1 3 2 4 4 3 4 0 2 5 4 1 4 0 2 0 2 1 1 3 2 0 3 1 1 0 4 3 2 4 2 2 1 1 0 3 3 1 0 1 6 2 2 2 1 3 1 0 4 1 2 3 0 2 1 4 3 1 2 4 0 1 2 1 2 1 4 5 2 1 3 6 2 1 1 1 3 4 4 1 4 3 2 0 1 5 2 3 1 1 3 0 3 1 0 3 3 1 2 1 2 3 2 1 1 0 3 2 3 3 2 2 4 1 2 2 2 2 2 2 1 0 3 1 2 1 3 2 4 5 3 0 0 2 4 5 0 2 3 5 1 0 0 1 1 5 1 3 1 2 1 1 3 1 1 1 1 2 1 2 2 0 0 0 3 2 3 4 3 2 0 3 2 0 1 1 2 6 1 1 2 0 1 2 1 1 1 3 1 2 2 1 1 4 3 3 0 2 1 5 1 1 3 3 4 4 2 2 2 2 4 3 1 1 1 2 4 2 2 0 2 1 1 2 2 2 3 3 0 3 1 3 1 2 1 4 0 2 3 0 1 3 2 4 1 2 4 3 2 1 2 1 0 1 1 1 3 1 1 1 4 3 0 6 1 3 3 1 3 0 4 3 1 2 0 1 2 3 3 2 1 1 5 1 3 0 2 2 0 2 0 3 0 4 2 0 0 2 2 1 1 2 5 0 4 0 1 3 0 3 3 1 0 3 0 4 3 1 1 2 1 1 1 5 3 4 2 4 1 1 3 4 3 6 0 2 1 2 0 2 0 3 0 1 1 1 2 0 3 1 1 1 3 3 2 1 1 1 1 5 1 4 3 2 2 3 4 2 2 5 4 4 1 4 1 2 1 2 0 5 0 1 4 3 3 2 0 3 2 2 3 2 2 2 0 6 2 1 1 3 3 2 1 1 4 3 4 3 3 0 2 2 1 0 1 2 4 0 3 1 0 2 4 3 1 1 6 3 4 2 3 2 3 1 4 0 3 1 0 0 2 5 2 2 0 0 1 2 2 0 4 1 2 0 2 0 4 1 2 2 5 2 1 6 1 2 0 2 3 0 4 3 2 1 0 5 0 0 3 1 3 3 3 1 1 1 4 2 2 1 3 1 6 1 1 5 3 1 2 1 0 3 1 0 3 0 1 2 0 4 1 2 5 4 1 2 1 3 3 0 1 1 2 0 4 3 4 1 2 2 1 1 1 3 2 2 3 3 1 3 3 2 3 2 2 3 1 3 1 0 2 2 3 0 2 0 5 3 1 3 1 1 3 2 3 3 2 3 1 2 5 2 1 1 4 1 1 1 1 1 2 3 3 4 2 2 2 1 4 2 1 1 1 1 5 1 4 2 3 2 0 1 4 1 1 0 1 3 3 2 1 2 0 0 0 5 2 1 1 2 4 2 3 3 3 1 4 1 1 2 3 2 3 3 2 1 4 1 3 0 5 1 0 1 5 0 4 1 2 4 1 1 1 3 1 3 1 0 2 4 3 1 1 0 3 1 0 3 1 1 2 1 0 2 2 4 0 2 3 4 1 4 3 2 1 3 1 2 1 2 2 2 2 3 2 3 3 0 2 3 1 3 2 2 1 4 4 2 3 1 4 2 2 7 2 1 1 0 0 2 4 0 2 1 8 0 3 2 1 3 1 0 5 3 0 2 4 3 3 1 1 1 2 6 3 1 0 1 0 2 0 2 0 1 1 2 2 5 6 4 4 0 3 2 2 1 3 1 1 5 1 1 4 0 3 0 2 3 5 0 2 2 3 1 2 2 2 1 3 3 2 1 4 0 1 2 6 2 0 3 3 2 0 4 5 1 1 5 1 2 0 2 2 0 2 0 1 2 2 0 0 1 3 2 0 1 1 1 3 1 1 2 1 5 1 3 7 1 2 0 1 8 3 1 2 2 3 2 3 1 1 2 2 2 2 2 4 1 4 0 0 3 4 1 1 3 2 0 1 1 2 2 2 3 1 2 6 0 1 0 3 1 2 1 1 5 0 3 2 2 4 1 3 3 1 2 0 4 2 4 2 1 3 1 1 3 2 1 6 3 4 2 1 5 0 2 0 1 0 2 2 3 1 3 1 3 1 4 4 1 3 1 1 3 4 3 1 1 1 1 0 1 2 2 4 6 0 4 0 0 3 4 2 2 1 2 1 2 2 3 1 1 0 0 4 3 3 2 0 4 2 3 3 1 2 3 1 2 2 1 5 2 4 2 2 4 0 0 1 1 2 2 2 2 2 2 3 4 3 2 2 2 1 1 5 3 3 3 0 2 1 3 2 2 2 1 2 2 4 4 4 1 3 2 1 2 1 2 2 3 4 2 3 3 2 2 2 1 3 3 2 4 0 3 0 0 2 4 1 6 5 0 4 1 2 0 2 2 4 3 4 2 2 2 2 3 3 1 1 2 2 4 3 2 1 2 2 2 1 3 2 2 2 2 2 0 1 3 1 0 3 1 2 5 0 3 1 2 1 4 6 5 2 2 0 2 1 2 2 2 1 2 1 1 5 4 2 3 3 4 2 0 3 1 3 1 4 5 1 3 1 1 3 0 2 4 0 1 1 0 0 1 1 1 0 2 5 2 4 1 0 1 2 0 2 1 2 0 0 3 2 1 5 0 2 1 2 2 4 0 2 0 1 2 2 0 1 3 2 1 6 1 0 0 1 2 2 4 3 3 1 3 3 1 1 5 2 3 1 1 2 1 0 0 1 1 4 3 4 2 0 3 0 2 1 0 0 1 4 3 1 1 1 1 3 2 2 0 1 0 0 3 3 0 2 3 4 2 1 1 3 1 3 1 4 3 1 2 1 1 3 5 2 1 3 3 3 1 2 3 2 1 0 4 1 1 5 1 2 3 1 1 0 1 5 1 1 2 1 3 1 1 1 1 1 3 0 2 2 2 0 2 2 3 1 3 4 1 2 1 4 2 1 4 1 3 3 0 0 3 2 2 1 0 9 1 0 6 2 1 2 3 1 2 2 3 3 2 1 1 1 4 3 3 3 2 1 2 1 1 3 1 1 3 2 0 3 3 3 5 3 0 1 1 3 1 2 2 2 2 4 2 2 1 4 4 3 2 1 5 2 1 3 1 0 1 3 4 2 3 1 1 1 3 1 1 1 1 3 1 1 3 1 3 1 1 0 0 1 4 0 5 2 2 1 1 2 5 0 1 3 3 1 0 3 3 1 2 1 3 2 3 3 1 0 0 3 4 1 2 1 3 1 2 5 2 3 2 2 0 1 4 2 2 1 3 0 2 0 3 3 4 0 2 4 5 0 2 1 4 1 1 2 3 1 3 4 2 0 0 0 2 1 1 3 2 1 2 1 1 1 3 0 2 3 3 1 3 0 4 3 2 6 2 3 2 1 2 2 1 2 3 3 3 2 3 1 1 2 4 1 2 2 0 1 3 1 1 1 3 2 4 0 2 4 2 2 4 1 2 2 2 2 3 2 0 2 4 1 2 1 2 3 3 4 3 0 0 5 1 3 0 1 2 0 3 3 3 4 2 1 4 4 2 0 3 3 2 2 3 3 0 0 2 3 3 3 3 2 3 2 1 1 1 2 1 2 2 2 1 2 2 0 1 3 2 4 1 3 1 1 2 1 0 2 2 3 1 4 3 1 4 1 2 1 2 1 4 0 3 0 2 1 4 1 2 4 2 2 3 3 1 1 1 5 4 1 4 3 5 1 2 2 0 4 3 1 0 1 0 3 1 2 3 1 3 1 1 2 2 2 1 4 2 1 1 0 2 2 0 0 4 2 3 3 4 2 0 3 1 3 3 2 0 4 3 2 1 1 1 6 4 2 2 1 2 1 1 0 3 3 0 1 1 0 3 2 1 0 2 3 0 3 5 3 2 3 2 0 0 3 0 2 1 1 2 0 2 3 3 2 2 3 2 3 0 0 0 2 4 1 3 2 1 0 6 1 1 1 2 1 2 0 1 1 3 2 3 2 1 3 1 3 2 2 1 3 1 0 1 3 2 3 3 5 1 2 2 5 2 1 4 5 3 2 1 3 0 2 4 1 1 2 2 0 3 1 4 1 3 3 4 1 2 2 4 3 0 4 1 1 2 2 2 5 2 1 0 1 2 4 3 3 0 2 1 1 1 2 1 1 2 2 2 2 0 3 3 1 2 0 0 1 1 1 1 2 4 4 2 4 3 1 3 1 1 1 4 2 4 1 0 0 3 3 1 3 0 1 0 3 0 2 2 1 1 0 3 3 2 6 0 1 2 1 5 2 2 1 4 1 2 0 3 0 1 0 1 3 1 2 1 1 3 1 4 2 1 1 1 2 1 2 2 0 1 2 0 4 0 1 2 2 0 2 1 2 3 0 3 3 1 0 1 3 3 0 3 1 4 3 2 0 0 1 5 3 1 4 3 2 1 3 2 4 0 2 2 0 2 4 2 4 6 0 2 3 2 3 2 4 2 3 1 3 2 3 1 3 0 6 3 2 1 0 1 1 1 0 3 1 1 1 1 1 5 2 1 3 5 2 1 2 1 1 1 1 4 1 2 2 3 3 2 2 3 1 0 1 2 3 0 5 0 2 3 0 1 2 3 3 1 0 3 2 1 1 1 1 2 2 2 1 1 3 1 3 1 2 2 3 4 4 0 1 0 1 2 6 3 1 1 2 3 2 4 3 3 1 2 1 2 2 1 3 1 3 2 2 2 3 3 4 1 1 1 1 2 4 0 2 1 0 0 3 1 0 1 3 2 1 4 2 3 2 2 2 2 1 0 3 2 1 2 4 3 2 2 1 1 0 1 2 0 3 2 5 3 6 1 0 1 1 1 1 3 2 4 0 2 3 4 2 2 0 1 0 1 2 3 2 2 1 1 2 3 4 3 2 2 3 0 0 0 1 5 2 2 5 1 1 6 0 1 1 0 3 2 5 2 0 3 2 3 2 0 2 1 0 1 3 5 2 2 1 0 2 0 4 0 0 2 3 4 5 4 1 3 0 2 2 3 1 0 1 3 3 1 0 1 3 1 3 3 6 2 2 0 2 1 1 1 4 4 1 2 2 4 2 4 1 4 0 0 4 1 1 3 1 2 1 3 1 1 3 4 1 1 2 4 0 2 1 2 6 1 0 1 0 0 4 3 1 2 1 5 0 1 3 1 2 1 3 2 1 2 1 1 2 2 2 2 2 3 3 6 2 0 1 0 2 0 3 2 2 3 0 0 1 2 3 1 0 2 3 1 2 2 2 1 2 3 2 3 0 1 2 3 1 2 2 0 2 1 3 1 6 4 2 0 1 4 2 1 2 1 3 2 2 1 0 2 1 2 0 0 1 1 3 1 4 3 4 4 1 1 1 1 0 3 1 4 1 3 2 3 1 4 4 1 1 1 1 5 2 2 0 2 0 1 2 1 0 3 3 3 1 2 4 0 0 5 2 0 1 3 2 2 2 0 0 3 3 1 0 5 0 0 2 1 2 3 2 2 2 2 1 4 1 3 1 0 1 1 1 2 2 2 3 2 2 1 1 4 0 2 3 1 1 1 1 3 3 2 1 6 1 1 2 2 2 1 0 1 3 2 4 1 0 3 2 1 1 1 0 1 0 1 3 1 3 4 0 1 2 1 3 1 4 4 1 1 1 3 1 0 2 2 2 2 2 4 1 2 3 1 1 1 3 2 2 1 3 2 1 2 0 3 3 1 4 0 3 3 4 3 2 4 2 5 2 2 1 1 1 3 0 4 2 3 3 1 2 3 4 2 0 5 2 2 1 1 6 3 3 2 2 6 2 2 1 2 2 1 1 0 2 1 5 3 2 0 2 1 4 0 1 3 1 2 0 1 4 2 1 2 0 2 0 1 5 1 2 1 4 0 1 1 4 2 1 1 5 2 2 2 1 1 1 2 3 2 2 2 0 0 3 0 1 4 2 5 5 3 1 4 1 3 0 4 0 1 3 1 2 0 3 1 4 3 3 2 4 0 6 1 0 0 1 1 1 3 3 1 1 0 4 0 2 1 1 3 1 3 2 2 3 3 1 3 2 2 2 2 1 2 4 3 4 2 1 1 1 3 4 1 1 0 3 2 1 3 1 6 0 3 4 3 2 0 2 0 4 2 2 0 2 0 2 1 3 2 2 3 2 2 1 2 2 0 3 1 2 3 2 4 4 2 1 0 3 0 3 2 0 2 1 4 1 1 3 1 1 2 1 3 4 4 2 1 2 4 1 0 1 3 0 2 1 1 1 2 4 2 3 2 1 4 1 0 2 1 1 3 0 2 3 2 2 0 0 2 2 2 1 1 2 4 2 3 0 2 0 5 0 1 1 1 4 4 1 1 0 4 1 3 3 0 5 1 0 1 2 1 2 2 1 1 2 2 6 4 2 2 1 3 0 3 2 0 2 3 4 2 1 0 1 4 1 2 1 2 1 3 0 2 0 0 3 4 3 2 5 0 0 1 2 0 2 1 2 5 0 1 1 2 0 4 3 3 2 5 5 2 2 0 4 1 1 2 1 2 0 2 4 3 1 0 3 0 1 1 2 0 3 2 1 5 0 2 3 1 3 2 2 1 2 1 3 1 2 1 2 3 3 1 2 0 1 1 3 1 5 2 1 3 0 4 2 1 5 2 2 5 5 0 1 0 5 2 2 4 2 2 1 2 2 1 2 3 3 0 1 2 3 2 3 3 4 3 0 3 4 0 2 2 0 2 2 2 3 2 3 1 3 2 1 1 2 1 4 2 1 1 0 2 3 5 1 0 1 0 4 4 3 1 5 0 5 1 2 2 6 1 2 1 4 1 1 0 1 1 0 0 1 4 0 0 3 2 3 4 5 2 2 0 2 0 3 2 0 1 4 0 3 0 1 1 2 3 2 2 1 1 4 4 3 2 3 2 0 2 1 2 2 1 0 0 2 4 0 5 3 2 2 0 2 2 1 3 1 3 3 3 2 0 4 1 0 3 2 1 3 0 3 3 2 1 3 3 1 1 1 4 3 3 2 0 1 3 3 1 1 0 1 1 0 1 2 4 1 1 0 0 3 2 0 2 0 7 5 0 4 1 3 3 1 5 4 5 0 0 3 1 1 2 0 1 5 3 2 4 0 0 0 1 2 0 3 4 2 2 2 1 2 1 2 2 1 3 5 2 1 2 4 3 2 3 0 0 4 1 1 1 1 2 1 1 2 1 0 0 1 2 4 4 1 2 1 4 1 0 1 0 1 3 0 2 0 0 2 2 0 0 3 4 2 0 3 2 3 1 1 4 3 1 4 1 6 2 1 1 4 1 1 1 3 2 2 1 2 1 2 1 2 2 3 2 2 1 2 2 1 3 5 4 1 4 2 2 3 2 1 1 2 2 0 4 3 2 2 3 1 1 2 2 2 2 4 1 4 0 1 3 3 1 6 0 5 0 0 2 2 2 1 1 1 1 0 1 2 4 1 3 0 4 2 1 3 2 2 0 0 1 4 2 1 2 2 6 0 1 1 4 1 1 1 0 1 3 0 2 3 2 4 4 1 0 3 4 5 3 2 2 3 3 0 1 3 1 4 3 1 3 2 4 4 1 2 0 1 1 3 2 0 1 2 1 4 4 1 1 1 1 6 3 0 2 1 2 1 2 2 2 2 1 1 2 2 0 2 2 3 1 0 3 2 1 3 2 1 1 0 3 2 3 2 3 3 4 1 3 0 3 1 3 0 0 3 1 0 3 2 1 0 3 1 1 3 4 0 1 2 0 0 2 5 2 0 2 0 0 2 3 2 2 2 4 2 0 4 1 3 1 1 6 0 2 2 3 2 2 0 2 1 2 1 1 4 5 0 2 0 0 1 2 2 2 3 0 4 0 3 3 1 1 2 2 2 2 1 5 1 3 1 1 0 2 3 3 1 2 2 1 2 1 4 2 1 2 2 2 3 0 0 2 3 3 3 2 1 2 4 0 0 3 3 1 1 4 2 2 4 3 3 2 0 2 3 1 2 3 1 3 1 0 0 2 5 4 3 1 1 2 3 0 2 1 3 3 2 5 1 1 1 1 2 0 2 2 3 4 3 3 2 2 1 1 2 2 2 1 1 1 0 0 2 0 4 0 1 2 2 4 2 3 3 3 3 3 1 2 0 0 3 1 4 0 0 2 1 2 1 2 0 2 1 2 3 3 1 2 2 1 3 2 2 1 1 3 2 2 1 2 5 3 1 3 1 2 3 2 3 0 0 0 7 3 0 2 1 2 0 1 3 0 2 0 0 7 1 2 1 2 2 2 3 1 2 1 2 3 2 1 1 0 1 2 2 1 5 3 2 1 2 1 0 1 2 1 0 4 1 3 1 2 2 0 2 0 2 1 2 1 8 0 1 5 0 3 2 2 3 2 2 0 2 4 1 1 1 0 2 3 2 1 4 0 5 4 0 4 3 1 2 0 2 3 1 2 2 0 1 2 0 3 0 2 5 1 3 2 1 2 
</Matrix>
   <Matrix name="xloc" type="complete" rows="1" columns="900" multiplier="1.0">
   0 1 2 3 4 5 6 7 8 9 10 11 12 13 14 15 16 17 18 19 20 21 22 23 24 25 26 27 28 29 0 1 2 3 4 5 6 7 8 9 10 11 12 13 14 15 16 17 18 19 20 21 22 23 24 25 26 27 28 29 0 1 2 3 4 5 6 7 8 9 10 11 12 13 14 15 16 17 18 19 20 21 22 23 24 25 26 27 28 29 0 1 2 3 4 5 6 7 8 9 10 11 12 13 14 15 16 17 18 19 20 21 22 23 24 25 26 27 28 29 0 1 2 3 4 5 6 7 8 9 10 11 12 13 14 15 16 17 18 19 20 21 22 23 24 25 26 27 28 29 0 1 2 3 4 5 6 7 8 9 10 11 12 13 14 15 16 17 18 19 20 21 22 23 24 25 26 27 28 29 0 1 2 3 4 5 6 7 8 9 10 11 12 13 14 15 16 17 18 19 20 21 22 23 24 25 26 27 28 29 0 1 2 3 4 5 6 7 8 9 10 11 12 13 14 15 16 17 18 19 20 21 22 23 24 25 26 27 28 29 0 1 2 3 4 5 6 7 8 9 10 11 12 13 14 15 16 17 18 19 20 21 22 23 24 25 26 27 28 29 0 1 2 3 4 5 6 7 8 9 10 11 12 13 14 15 16 17 18 19 20 21 22 23 24 25 26 27 28 29 0 1 2 3 4 5 6 7 8 9 10 11 12 13 14 15 16 17 18 19 20 21 22 23 24 25 26 27 28 29 0 1 2 3 4 5 6 7 8 9 10 11 12 13 14 15 16 17 18 19 20 21 22 23 24 25 26 27 28 29 0 1 2 3 4 5 6 7 8 9 10 11 12 13 14 15 16 17 18 19 20 21 22 23 24 25 26 27 28 29 0 1 2 3 4 5 6 7 8 9 10 11 12 13 14 15 16 17 18 19 20 21 22 23 24 25 26 27 28 29 0 1 2 3 4 5 6 7 8 9 10 11 12 13 14 15 16 17 18 19 20 21 22 23 24 25 26 27 28 29 0 1 2 3 4 5 6 7 8 9 10 11 12 13 14 15 16 17 18 19 20 21 22 23 24 25 26 27 28 29 0 1 2 3 4 5 6 7 8 9 10 11 12 13 14 15 16 17 18 19 20 21 22 23 24 25 26 27 28 29 0 1 2 3 4 5 6 7 8 9 10 11 12 13 14 15 16 17 18 19 20 21 22 23 24 25 26 27 28 29 0 1 2 3 4 5 6 7 8 9 10 11 12 13 14 15 16 17 18 19 20 21 22 23 24 25 26 27 28 29 0 1 2 3 4 5 6 7 8 9 10 11 12 13 14 15 16 17 18 19 20 21 22 23 24 25 26 27 28 29 0 1 2 3 4 5 6 7 8 9 10 11 12 13 14 15 16 17 18 19 20 21 22 23 24 25 26 27 28 29 0 1 2 3 4 5 6 7 8 9 10 11 12 13 14 15 16 17 18 19 20 21 22 23 24 25 26 27 28 29 0 1 2 3 4 5 6 7 8 9 10 11 12 13 14 15 16 17 18 19 20 21 22 23 24 25 26 27 28 29 0 1 2 3 4 5 6 7 8 9 10 11 12 13 14 15 16 17 18 19 20 21 22 23 24 25 26 27 28 29 0 1 2 3 4 5 6 7 8 9 10 11 12 13 14 15 16 17 18 19 20 21 22 23 24 25 26 27 28 29 0 1 2 3 4 5 6 7 8 9 10 11 12 13 14 15 16 17 18 19 20 21 22 23 24 25 26 27 28 29 0 1 2 3 4 5 6 7 8 9 10 11 12 13 14 15 16 17 18 19 20 21 22 23 24 25 26 27 28 29 0 1 2 3 4 5 6 7 8 9 10 11 12 13 14 15 16 17 18 19 20 21 22 23 24 25 26 27 28 29 0 1 2 3 4 5 6 7 8 9 10 11 12 13 14 15 16 17 18 19 20 21 22 23 24 25 26 27 28 29 0 1 2 3 4 5 6 7 8 9 10 11 12 13 14 15 16 17 18 19 20 21 22 23 24 25 26 27 28 29 
</Matrix>
   <Matrix name="yloc" type="complete" rows="1" columns="900" multiplier="1.0">
   0 0 0 0 0 0 0 0 0 0 0 0 0 0 0 0 0 0 0 0 0 0 0 0 0 0 0 0 0 0 1 1 1 1 1 1 1 1 1 1 1 1 1 1 1 1 1 1 1 1 1 1 1 1 1 1 1 1 1 1 2 2 2 2 2 2 2 2 2 2 2 2 2 2 2 2 2 2 2 2 2 2 2 2 2 2 2 2 2 2 3 3 3 3 3 3 3 3 3 3 3 3 3 3 3 3 3 3 3 3 3 3 3 3 3 3 3 3 3 3 4 4 4 4 4 4 4 4 4 4 4 4 4 4 4 4 4 4 4 4 4 4 4 4 4 4 4 4 4 4 5 5 5 5 5 5 5 5 5 5 5 5 5 5 5 5 5 5 5 5 5 5 5 5 5 5 5 5 5 5 6 6 6 6 6 6 6 6 6 6 6 6 6 6 6 6 6 6 6 6 6 6 6 6 6 6 6 6 6 6 7 7 7 7 7 7 7 7 7 7 7 7 7 7 7 7 7 7 7 7 7 7 7 7 7 7 7 7 7 7 8 8 8 8 8 8 8 8 8 8 8 8 8 8 8 8 8 8 8 8 8 8 8 8 8 8 8 8 8 8 9 9 9 9 9 9 9 9 9 9 9 9 9 9 9 9 9 9 9 9 9 9 9 9 9 9 9 9 9 9 10 10 10 10 10 10 10 10 10 10 10 10 10 10 10 10 10 10 10 10 10 10 10 10 10 10 10 10 10 10 11 11 11 11 11 11 11 11 11 11 11 11 11 11 11 11 11 11 11 11 11 11 11 11 11 11 11 11 11 11 12 12 12 12 12 12 12 12 12 12 12 12 12 12 12 12 12 12 12 12 12 12 12 12 12 12 12 12 12 12 13 13 13 13 13 13 13 13 13 13 13 13 13 13 13 13 13 13 13 13 13 13 13 13 13 13 13 13 13 13 14 14 14 14 14 14 14 14 14 14 14 14 14 14 14 14 14 14 14 14 14 14 14 14 14 14 14 14 14 14 15 15 15 15 15 15 15 15 15 15 15 15 15 15 15 15 15 15 15 15 15 15 15 15 15 15 15 15 15 15 16 16 16 16 16 16 16 16 16 16 16 16 16 16 16 16 16 16 16 16 16 16 16 16 16 16 16 16 16 16 17 17 17 17 17 17 17 17 17 17 17 17 17 17 17 17 17 17 17 17 17 17 17 17 17 17 17 17 17 17 18 18 18 18 18 18 18 18 18 18 18 18 18 18 18 18 18 18 18 18 18 18 18 18 18 18 18 18 18 18 19 19 19 19 19 19 19 19 19 19 19 19 19 19 19 19 19 19 19 19 19 19 19 19 19 19 19 19 19 19 20 20 20 20 20 20 20 20 20 20 20 20 20 20 20 20 20 20 20 20 20 20 20 20 20 20 20 20 20 20 21 21 21 21 21 21 21 21 21 21 21 21 21 21 21 21 21 21 21 21 21 21 21 21 21 21 21 21 21 21 22 22 22 22 22 22 22 22 22 22 22 22 22 22 22 22 22 22 22 22 22 22 22 22 22 22 22 22 22 22 23 23 23 23 23 23 23 23 23 23 23 23 23 23 23 23 23 23 23 23 23 23 23 23 23 23 23 23 23 23 24 24 24 24 24 24 24 24 24 24 24 24 24 24 24 24 24 24 24 24 24 24 24 24 24 24 24 24 24 24 25 25 25 25 25 25 25 25 25 25 25 25 25 25 25 25 25 25 25 25 25 25 25 25 25 25 25 25 25 25 26 26 26 26 26 26 26 26 26 26 26 26 26 26 26 26 26 26 26 26 26 26 26 26 26 26 26 26 26 26 27 27 27 27 27 27 27 27 27 27 27 27 27 27 27 27 27 27 27 27 27 27 27 27 27 27 27 27 27 27 28 28 28 28 28 28 28 28 28 28 28 28 28 28 28 28 28 28 28 28 28 28 28 28 28 28 28 28 28 28 29 29 29 29 29 29 29 29 29 29 29 29 29 29 29 29 29 29 29 29 29 29 29 29 29 29 29 29 29 29 
</Matrix>
   <Matrix name="neuronTypes" type="complete" rows="1" columns="900" multiplier="1.0">
   2 2 1 2 2 2 2 2 2 2 2 2 1 2 2 2 2 2 2 2 2 2 1 2 2 2 2 2 2 2 2 2 2 2 2 2 2 2 2 2 2 2 2 2 2 2 2 2 2 2 2 2 2 2 2 2 2 2 2 2 2 2 2 2 2 1 2 2 1 2 2 2 2 2 2 1 2 2 1 2 2 2 2 2 2 1 2 2 1 2 2 2 1 2 2 2 2 2 2 2 2 2 1 2 2 2 2 2 2 2 2 2 1 2 2 2 2 2 2 2 2 2 2 2 2 2 2 2 2 2 2 2 2 2 2 2 2 2 2 2 2 2 2 2 2 2 2 2 2 2 2 2 2 2 2 1 2 2 1 2 2 2 2 2 2 1 2 2 1 2 2 2 2 2 2 1 2 2 1 2 2 2 1 2 2 2 2 2 2 2 2 2 1 2 2 2 2 2 2 2 2 2 1 2 2 2 2 2 2 2 2 2 2 2 2 2 2 2 2 2 2 2 2 2 2 2 2 2 2 2 2 2 2 2 2 2 2 2 2 2 2 2 2 2 2 1 2 2 1 2 2 2 2 2 2 1 2 2 1 2 2 2 2 2 2 1 2 2 1 2 2 2 1 2 2 2 2 2 2 2 2 2 1 2 2 2 2 2 2 2 2 2 1 2 2 2 2 2 2 2 2 2 2 2 2 2 2 2 1 2 2 2 2 2 2 2 2 2 1 2 2 2 2 2 2 2 2 2 1 2 2 2 2 2 2 2 2 2 2 2 2 2 2 2 2 2 2 2 2 2 2 2 2 2 2 2 2 2 2 2 2 2 1 2 2 1 2 2 2 2 2 2 1 2 2 1 2 2 2 2 2 2 1 2 2 1 2 2 2 2 2 2 2 2 2 2 2 2 1 2 2 2 2 2 2 2 2 2 1 2 2 2 2 2 2 2 2 2 1 2 2 2 2 2 2 2 2 2 2 2 2 2 2 2 2 2 2 2 2 2 2 2 2 2 2 2 2 2 2 2 2 2 1 2 2 1 2 2 2 2 2 2 1 2 2 1 2 2 2 2 2 2 1 2 2 1 2 2 2 2 2 2 2 2 2 2 2 2 1 2 2 2 2 2 2 2 2 2 1 2 2 2 2 2 2 2 2 2 1 2 2 2 2 2 2 2 2 2 2 2 2 2 2 2 2 2 2 2 2 2 2 2 2 2 2 2 2 2 2 2 2 2 1 2 2 1 2 2 2 2 2 2 1 2 2 1 2 2 2 2 2 2 1 2 2 1 2 2 2 2 2 2 2 2 2 2 2 2 1 2 2 2 2 2 2 2 2 2 1 2 2 2 2 2 2 2 2 2 1 2 2 2 1 2 2 2 2 2 2 2 2 2 1 2 2 2 2 2 2 2 2 2 1 2 2 2 2 2 2 2 2 2 2 2 2 2 2 2 2 2 2 2 2 2 2 2 2 2 2 2 2 2 2 2 2 2 2 2 2 2 2 2 2 2 2 1 2 2 1 2 2 2 2 2 2 1 2 2 1 2 2 2 2 2 2 1 2 2 1 2 2 2 1 2 2 2 2 2 2 2 2 2 1 2 2 2 2 2 2 2 2 2 1 2 2 2 2 2 2 2 2 2 2 2 2 2 2 2 2 2 2 2 2 2 2 2 2 2 2 2 2 2 2 2 2 2 2 2 2 2 2 2 2 2 2 1 2 2 1 2 2 2 2 2 2 1 2 2 1 2 2 2 2 2 2 1 2 2 1 2 2 2 1 2 2 2 2 2 2 2 2 2 1 2 2 2 2 2 2 2 2 2 1 2 2 2 2 2 2 2 2 2 2 2 2 2 2 2 2 2 2 2 2 2 2 2 2 2 2 2 2 2 2 2 2 2 2 2 2 2 2 2 2 2 2 1 2 2 1 2 2 2 2 2 2 1 2 2 1 2 2 2 2 2 2 1 2 2 1 2 2 2 1 2 2 2 2 2 2 2 2 2 1 2 2 2 2 2 2 2 2 2 1 2 2 2 2 2 2 2 
</Matrix>
   <Matrix name="starterNeurons" type="complete" rows="1" columns="90" multiplier="1.0">
   7 17 27 31 34 41 44 51 54 97 107 117 121 124 131 134 141 144 187 197 207 211 214 221 224 231 234 277 287 297 307 317 327 331 334 341 344 351 354 397 407 417 421 424 431 434 441 444 487 497 507 511 514 521 524 531 534 577 587 597 607 617 627 631 634 641 644 651 654 697 707 717 721 724 731 734 741 744 787 797 807 811 814 821 824 831 834 877 887 897 
</Matrix>
   <Matrix name="neuronThresh" type="complete" rows="1" columns="900" multiplier="1.0">
   0.015 0.015 0.015 0.015 0.015 0.015 0.015 0.0136439 0.015 0.015 0.015 0.015 0.015 0.015 0.015 0.015 0.015 0.0135698 0.015 0.015 0.015 0.015 0.015 0.015 0.015 0.015 0.015 0.0136035 0.015 0.015 0.015 0.0136205 0.015 0.015 0.0136548 0.015 0.015 0.015 0.015 0.015 0.015 0.0136523 0.015 0.015 0.0135773 0.015 0.015 0.015 0.015 0.015 0.015 0.0136396 0.015 0.015 0.0135992 0.015 0.015 0.015 0.015 0.015 0.015 0.015 0.015 0.015 0.015 0.015 0.015 0.015 0.015 0.015 0.015 0.015 0.015 0.015 0.015 0.015 0.015 0.015 0.015 0.015 0.015 0.015 0.015 0.015 0.015 0.015 0.015 0.015 0.015 0.015 0.015 0.015 0.015 0.015 0.015 0.015 0.015 0.0136163 0.015 0.015 0.015 0.015 0.015 0.015 0.015 0.015 0.015 0.0136357 0.015 0.015 0.015 0.015 0.015 0.015 0.015 0.015 0.015 0.0136223 0.015 0.015 0.015 0.0136272 0.015 0.015 0.0135701 0.015 0.015 0.015 0.015 0.015 0.015 0.0135748 0.015 0.015 0.0135779 0.015 0.015 0.015 0.015 0.015 0.015 0.0136135 0.015 0.015 0.0136465 0.015 0.015 0.015 0.015 0.015 0.015 0.015 0.015 0.015 0.015 0.015 0.015 0.015 0.015 0.015 0.015 0.015 0.015 0.015 0.015 0.015 0.015 0.015 0.015 0.015 0.015 0.015 0.015 0.015 0.015 0.015 0.015 0.015 0.015 0.015 0.015 0.015 0.015 0.015 0.015 0.015 0.015 0.0136323 0.015 0.015 0.015 0.015 0.015 0.015 0.015 0.015 0.015 0.013608 0.015 0.015 0.015 0.015 0.015 0.015 0.015 0.015 0.015 0.0136095 0.015 0.015 0.015 0.013569 0.015 0.015 0.0135809 0.015 0.015 0.015 0.015 0.015 0.015 0.0136278 0.015 0.015 0.0135908 0.015 0.015 0.015 0.015 0.015 0.015 0.0136468 0.015 0.015 0.0135825 0.015 0.015 0.015 0.015 0.015 0.015 0.015 0.015 0.015 0.015 0.015 0.015 0.015 0.015 0.015 0.015 0.015 0.015 0.015 0.015 0.015 0.015 0.015 0.015 0.015 0.015 0.015 0.015 0.015 0.015 0.015 0.015 0.015 0.015 0.015 0.015 0.015 0.015 0.015 0.015 0.015 0.015 0.0136072 0.015 0.015 0.015 0.015 0.015 0.015 0.015 0.015 0.015 0.0135994 0.015 0.015 0.015 0.015 0.015 0.015 0.015 0.015 0.015 0.0136304 0.015 0.015 0.015 0.015 0.015 0.015 0.015 0.015 0.015 0.0135665 0.015 0.015 0.015 0.015 0.015 0.015 0.015 0.015 0.015 0.0136164 0.015 0.015 0.015 0.015 0.015 0.015 0.015 0.015 0.015 0.0135824 0.015 0.015 0.015 0.0136507 0.015 0.015 0.0136407 0.015 0.015 0.015 0.015 0.015 0.015 0.0135699 0.015 0.015 0.0136457 0.015 0.015 0.015 0.015 0.015 0.015 0.0136186 0.015 0.015 0.0135945 0.015 0.015 0.015 0.015 0.015 0.015 0.015 0.015 0.015 0.015 0.015 0.015 0.015 0.015 0.015 0.015 0.015 0.015 0.015 0.015 0.015 0.015 0.015 0.015 0.015 0.015 0.015 0.015 0.015 0.015 0.015 0.015 0.015 0.015 0.015 0.015 0.015 0.015 0.015 0.015 0.015 0.015 0.0136527 0.015 0.015 0.015 0.015 0.015 0.015 0.015 0.015 0.015 0.0135869 0.015 0.015 0.015 0.015 0.015 0.015 0.015 0.015 0.015 0.0136385 0.015 0.015 0.015 0.0136005 0.015 0.015 0.0136322 0.015 0.015 0.015 0.015 0.015 0.015 0.0136261 0.015 0.015 0.0135684 0.015 0.015 0.015 0.015 0.015 0.015 0.0135713 0.015 0.015 0.0135878 0.015 0.015 0.015 0.015 0.015 0.015 0.015 0.015 0.015 0.015 0.015 0.015 0.015 0.015 0.015 0.015 0.015 0.015 0.015 0.015 0.015 0.015 0.015 0.015 0.015 0.015 0.015 0.015 0.015 0.015 0.015 0.015 0.015 0.015 0.015 0.015 0.015 0.015 0.015 0.015 0.015 0.015 0.0136541 0.015 0.015 0.015 0.015 0.015 0.015 0.015 0.015 0.015 0.013566 0.015 0.015 0.015 0.015 0.015 0.015 0.015 0.015 0.015 0.0135852 0.015 0.015 0.015 0.0136505 0.015 0.015 0.0135879 0.015 0.015 0.015 0.015 0.015 0.015 0.0136236 0.015 0.015 0.0136144 0.015 0.015 0.015 0.015 0.015 0.015 0.0136034 0.015 0.015 0.0135984 0.015 0.015 0.015 0.015 0.015 0.015 0.015 0.015 0.015 0.015 0.015 0.015 0.015 0.015 0.015 0.015 0.015 0.015 0.015 0.015 0.015 0.015 0.015 0.015 0.015 0.015 0.015 0.015 0.015 0.015 0.015 0.015 0.015 0.015 0.015 0.015 0.015 0.015 0.015 0.015 0.015 0.015 0.0136147 0.015 0.015 0.015 0.015 0.015 0.015 0.015 0.015 0.015 0.0136514 0.015 0.015 0.015 0.015 0.015 0.015 0.015 0.015 0.015 0.0136411 0.015 0.015 0.015 0.015 0.015 0.015 0.015 0.015 0.015 0.0136191 0.015 0.015 0.015 0.015 0.015 0.015 0.015 0.015 0.015 0.0135718 0.015 0.015 0.015 0.015 0.015 0.015 0.015 0.015 0.015 0.013576 0.015 0.015 0.015 0.0136071 0.015 0.015 0.0136263 0.015 0.015 0.015 0.015 0.015 0.015 0.0136053 0.015 0.015 0.0136438 0.015 0.015 0.015 0.015 0.015 0.015 0.0136535 0.015 0.015 0.0136371 0.015 0.015 0.015 0.015 0.015 0.015 0.015 0.015 0.015 0.015 0.015 0.015 0.015 0.015 0.015 0.015 0.015 0.015 0.015 0.015 0.015 0.015 0.015 0.015 0.015 0.015 0.015 0.015 0.015 0.015 0.015 0.015 0.015 0.015 0.015 0.015 0.015 0.015 0.015 0.015 0.015 0.015 0.0136276 0.015 0.015 0.015 0.015 0.015 0.015 0.015 0.015 0.015 0.0135897 0.015 0.015 0.015 0.015 0.015 0.015 0.015 0.015 0.015 0.0135677 0.015 0.015 0.015 0.0135831 0.015 0.015 0.0136462 0.015 0.015 0.015 0.015 0.015 0.015 0.0135891 0.015 0.015 0.0136239 0.015 0.015 0.015 0.015 0.015 0.015 0.0136447 0.015 0.015 0.0135898 0.015 0.015 0.015 0.015 0.015 0.015 0.015 0.015 0.015 0.015 0.015 0.015 0.015 0.015 0.015 0.015 0.015 0.015 0.015 0.015 0.015 0.015 0.015 0.015 0.015 0.015 0.015 0.015 0.015 0.015 0.015 0.015 0.015 0.015 0.015 0.015 0.015 0.015 0.015 0.015 0.015 0.015 0.0135851 0.015 0.015 0.015 0.015 0.015 0.015 0.015 0.015 0.015 0.0136368 0.015 0.015 0.015 0.015 0.015 0.015 0.015 0.015 0.015 0.0136232 0.015 0.015 0.015 0.0135709 0.015 0.015 0.0135869 0.015 0.015 0.015 0.015 0.015 0.015 0.013615 0.015 0.015 0.0136361 0.015 0.015 0.015 0.015 0.015 0.015 0.013633 0.015 0.015 0.0135895 0.015 0.015 0.015 0.015 0.015 0.015 0.015 0.015 0.015 0.015 0.015 0.015 0.015 0.015 0.015 0.015 0.015 0.015 0.015 0.015 0.015 0.015 0.015 0.015 0.015 0.015 0.015 0.015 0.015 0.015 0.015 0.015 0.015 0.015 0.015 0.015 0.015 0.015 0.015 0.015 0.015 0.015 0.0136087 0.015 0.015 0.015 0.015 0.015 0.015 0.015 0.015 0.015 0.0136257 0.015 0.015 0.015 0.015 0.015 0.015 0.015 0.015 0.015 0.0136321 0.015 0.015 
</Matrix>
   <Matrix name="Tsim" type="complete" rows="1" columns="1" multiplier="1.0">
   100
</Matrix>
   <Matrix name="simulationEndTime" type="complete" rows="1" columns="1" multiplier="1.0">
   200
</Matrix>
</SimState>
