<?xml version="1.0" standalone="no"?>
<!-- State output file for the DCT growth modeling-->
<SimState>
   <Matrix name="radiiHistory" type="complete" rows="11" columns="900" multiplier="1.0">
   0.49 0.49 0.49 0.49 0.49 0.49 0.49 0.49 0.49 0.49 0.49 0.49 0.49 0.49 0.49 0.49 0.49 0.49 0.49 0.49 0.49 0.49 0.49 0.49 0.49 0.49 0.49 0.49 0.49 0.49 0.49 0.49 0.49 0.49 0.49 0.49 0.49 0.49 0.49 0.49 0.49 0.49 0.49 0.49 0.49 0.49 0.49 0.49 0.49 0.49 0.49 0.49 0.49 0.49 0.49 0.49 0.49 0.49 0.49 0.49 0.49 0.49 0.49 0.49 0.49 0.49 0.49 0.49 0.49 0.49 0.49 0.49 0.49 0.49 0.49 0.49 0.49 0.49 0.49 0.49 0.49 0.49 0.49 0.49 0.49 0.49 0.49 0.49 0.49 0.49 0.49 0.49 0.49 0.49 0.49 0.49 0.49 0.49 0.49 0.49 0.49 0.49 0.49 0.49 0.49 0.49 0.49 0.49 0.49 0.49 0.49 0.49 0.49 0.49 0.49 0.49 0.49 0.49 0.49 0.49 0.49 0.49 0.49 0.49 0.49 0.49 0.49 0.49 0.49 0.49 0.49 0.49 0.49 0.49 0.49 0.49 0.49 0.49 0.49 0.49 0.49 0.49 0.49 0.49 0.49 0.49 0.49 0.49 0.49 0.49 0.49 0.49 0.49 0.49 0.49 0.49 0.49 0.49 0.49 0.49 0.49 0.49 0.49 0.49 0.49 0.49 0.49 0.49 0.49 0.49 0.49 0.49 0.49 0.49 0.49 0.49 0.49 0.49 0.49 0.49 0.49 0.49 0.49 0.49 0.49 0.49 0.49 0.49 0.49 0.49 0.49 0.49 0.49 0.49 0.49 0.49 0.49 0.49 0.49 0.49 0.49 0.49 0.49 0.49 0.49 0.49 0.49 0.49 0.49 0.49 0.49 0.49 0.49 0.49 0.49 0.49 0.49 0.49 0.49 0.49 0.49 0.49 0.49 0.49 0.49 0.49 0.49 0.49 0.49 0.49 0.49 0.49 0.49 0.49 0.49 0.49 0.49 0.49 0.49 0.49 0.49 0.49 0.49 0.49 0.49 0.49 0.49 0.49 0.49 0.49 0.49 0.49 0.49 0.49 0.49 0.49 0.49 0.49 0.49 0.49 0.49 0.49 0.49 0.49 0.49 0.49 0.49 0.49 0.49 0.49 0.49 0.49 0.49 0.49 0.49 0.49 0.49 0.49 0.49 0.49 0.49 0.49 0.49 0.49 0.49 0.49 0.49 0.49 0.49 0.49 0.49 0.49 0.49 0.49 0.49 0.49 0.49 0.49 0.49 0.49 0.49 0.49 0.49 0.49 0.49 0.49 0.49 0.49 0.49 0.49 0.49 0.49 0.49 0.49 0.49 0.49 0.49 0.49 0.49 0.49 0.49 0.49 0.49 0.49 0.49 0.49 0.49 0.49 0.49 0.49 0.49 0.49 0.49 0.49 0.49 0.49 0.49 0.49 0.49 0.49 0.49 0.49 0.49 0.49 0.49 0.49 0.49 0.49 0.49 0.49 0.49 0.49 0.49 0.49 0.49 0.49 0.49 0.49 0.49 0.49 0.49 0.49 0.49 0.49 0.49 0.49 0.49 0.49 0.49 0.49 0.49 0.49 0.49 0.49 0.49 0.49 0.49 0.49 0.49 0.49 0.49 0.49 0.49 0.49 0.49 0.49 0.49 0.49 0.49 0.49 0.49 0.49 0.49 0.49 0.49 0.49 0.49 0.49 0.49 0.49 0.49 0.49 0.49 0.49 0.49 0.49 0.49 0.49 0.49 0.49 0.49 0.49 0.49 0.49 0.49 0.49 0.49 0.49 0.49 0.49 0.49 0.49 0.49 0.49 0.49 0.49 0.49 0.49 0.49 0.49 0.49 0.49 0.49 0.49 0.49 0.49 0.49 0.49 0.49 0.49 0.49 0.49 0.49 0.49 0.49 0.49 0.49 0.49 0.49 0.49 0.49 0.49 0.49 0.49 0.49 0.49 0.49 0.49 0.49 0.49 0.49 0.49 0.49 0.49 0.49 0.49 0.49 0.49 0.49 0.49 0.49 0.49 0.49 0.49 0.49 0.49 0.49 0.49 0.49 0.49 0.49 0.49 0.49 0.49 0.49 0.49 0.49 0.49 0.49 0.49 0.49 0.49 0.49 0.49 0.49 0.49 0.49 0.49 0.49 0.49 0.49 0.49 0.49 0.49 0.49 0.49 0.49 0.49 0.49 0.49 0.49 0.49 0.49 0.49 0.49 0.49 0.49 0.49 0.49 0.49 0.49 0.49 0.49 0.49 0.49 0.49 0.49 0.49 0.49 0.49 0.49 0.49 0.49 0.49 0.49 0.49 0.49 0.49 0.49 0.49 0.49 0.49 0.49 0.49 0.49 0.49 0.49 0.49 0.49 0.49 0.49 0.49 0.49 0.49 0.49 0.49 0.49 0.49 0.49 0.49 0.49 0.49 0.49 0.49 0.49 0.49 0.49 0.49 0.49 0.49 0.49 0.49 0.49 0.49 0.49 0.49 0.49 0.49 0.49 0.49 0.49 0.49 0.49 0.49 0.49 0.49 0.49 0.49 0.49 0.49 0.49 0.49 0.49 0.49 0.49 0.49 0.49 0.49 0.49 0.49 0.49 0.49 0.49 0.49 0.49 0.49 0.49 0.49 0.49 0.49 0.49 0.49 0.49 0.49 0.49 0.49 0.49 0.49 0.49 0.49 0.49 0.49 0.49 0.49 0.49 0.49 0.49 0.49 0.49 0.49 0.49 0.49 0.49 0.49 0.49 0.49 0.49 0.49 0.49 0.49 0.49 0.49 0.49 0.49 0.49 0.49 0.49 0.49 0.49 0.49 0.49 0.49 0.49 0.49 0.49 0.49 0.49 0.49 0.49 0.49 0.49 0.49 0.49 0.49 0.49 0.49 0.49 0.49 0.49 0.49 0.49 0.49 0.49 0.49 0.49 0.49 0.49 0.49 0.49 0.49 0.49 0.49 0.49 0.49 0.49 0.49 0.49 0.49 0.49 0.49 0.49 0.49 0.49 0.49 0.49 0.49 0.49 0.49 0.49 0.49 0.49 0.49 0.49 0.49 0.49 0.49 0.49 0.49 0.49 0.49 0.49 0.49 0.49 0.49 0.49 0.49 0.49 0.49 0.49 0.49 0.49 0.49 0.49 0.49 0.49 0.49 0.49 0.49 0.49 0.49 0.49 0.49 0.49 0.49 0.49 0.49 0.49 0.49 0.49 0.49 0.49 0.49 0.49 0.49 0.49 0.49 0.49 0.49 0.49 0.49 0.49 0.49 0.49 0.49 0.49 0.49 0.49 0.49 0.49 0.49 0.49 0.49 0.49 0.49 0.49 0.49 0.49 0.49 0.49 0.49 0.49 0.49 0.49 0.49 0.49 0.49 0.49 0.49 0.49 0.49 0.49 0.49 0.49 0.49 0.49 0.49 0.49 0.49 0.49 0.49 0.49 0.49 0.49 0.49 0.49 0.49 0.49 0.49 0.49 0.49 0.49 0.49 0.49 0.49 0.49 0.49 0.49 0.49 0.49 0.49 0.49 0.49 0.49 0.49 0.49 0.49 0.49 0.49 0.49 0.49 0.49 0.49 0.49 0.49 0.49 0.49 0.49 0.49 0.49 0.49 0.49 0.49 0.49 0.49 0.49 0.49 0.49 0.49 0.49 0.49 0.49 0.49 0.49 0.49 0.49 0.49 0.49 0.49 0.49 0.49 0.49 0.49 0.49 0.49 0.49 0.49 0.49 0.49 0.49 0.49 0.49 0.49 0.49 0.49 0.49 0.49 0.49 0.49 0.49 0.49 0.49 0.49 0.49 0.49 0.49 0.49 0.49 0.49 0.49 0.49 0.49 0.49 0.49 0.49 0.49 0.49 0.49 0.49 0.49 0.49 0.49 0.49 0.49 0.49 0.49 0.49 0.49 0.49 0.49 0.49 
0.499951 0.499951 0.499951 0.499951 0.499951 0.499951 0.499951 0.493185 0.499951 0.499951 0.499951 0.499951 0.499951 0.499951 0.499951 0.499951 0.499951 0.48 0.499951 0.499951 0.499951 0.499951 0.499951 0.499951 0.499951 0.499951 0.499951 0.48 0.499951 0.499951 0.499951 0.480108 0.499951 0.499951 0.499871 0.499951 0.499951 0.499951 0.499951 0.499951 0.499951 0.499933 0.499951 0.499951 0.48 0.499951 0.499951 0.499951 0.499951 0.499951 0.499951 0.499579 0.499951 0.499951 0.480002 0.499951 0.499951 0.499951 0.499951 0.499951 0.499951 0.499951 0.499951 0.499951 0.499951 0.499951 0.499951 0.499951 0.499951 0.499951 0.499951 0.499951 0.499951 0.499951 0.499951 0.499951 0.499951 0.499951 0.499951 0.499951 0.499951 0.499951 0.499951 0.499951 0.499951 0.499951 0.499951 0.499951 0.499951 0.499951 0.499951 0.499951 0.499951 0.499951 0.499951 0.499951 0.499951 0.480002 0.499951 0.499951 0.499951 0.499951 0.499951 0.499951 0.499951 0.499951 0.499951 0.499837 0.499951 0.499951 0.499951 0.499951 0.499951 0.499951 0.499951 0.499951 0.499951 0.48793 0.499951 0.499951 0.499951 0.480634 0.499951 0.499951 0.48 0.499951 0.499951 0.499951 0.499951 0.499951 0.499951 0.48 0.499951 0.499951 0.48 0.499951 0.499951 0.499951 0.499951 0.499951 0.499951 0.480075 0.499951 0.499951 0.498144 0.499951 0.499951 0.499951 0.499951 0.499951 0.499951 0.499951 0.499951 0.499951 0.499951 0.499951 0.499951 0.499951 0.499951 0.499951 0.499951 0.499951 0.499951 0.499951 0.499951 0.499951 0.499951 0.499951 0.499951 0.499951 0.499951 0.499951 0.499951 0.499951 0.499951 0.499951 0.499951 0.499951 0.499951 0.499951 0.499951 0.499951 0.499951 0.499951 0.499951 0.499951 0.499951 0.499554 0.499951 0.499951 0.499951 0.499951 0.499951 0.499951 0.499951 0.499951 0.499951 0.48002 0.499951 0.499951 0.499951 0.499951 0.499951 0.499951 0.499951 0.499951 0.499951 0.480001 0.499951 0.499951 0.499951 0.48 0.499951 0.499951 0.48 0.499951 0.499951 0.499951 0.499951 0.499951 0.499951 0.481259 0.499951 0.499951 0.48 0.499951 0.499951 0.499951 0.499951 0.499951 0.499951 0.491781 0.499951 0.499951 0.48 0.499951 0.499951 0.499951 0.499951 0.499951 0.499951 0.499951 0.499951 0.499951 0.499951 0.499951 0.499951 0.499951 0.499951 0.499951 0.499951 0.499951 0.499951 0.499951 0.499951 0.499951 0.499951 0.499951 0.499951 0.499951 0.499951 0.499951 0.499951 0.499951 0.499951 0.499951 0.499951 0.499951 0.499951 0.499951 0.499951 0.499951 0.499951 0.499951 0.499951 0.499951 0.499951 0.480026 0.499951 0.499951 0.499951 0.499951 0.499951 0.499951 0.499951 0.499951 0.499951 0.481856 0.499951 0.499951 0.499951 0.499951 0.499951 0.499951 0.499951 0.499951 0.499951 0.498337 0.499951 0.499951 0.499951 0.499951 0.499951 0.499951 0.499951 0.499951 0.499951 0.48 0.499951 0.499951 0.499951 0.499951 0.499951 0.499951 0.499951 0.499951 0.499951 0.497306 0.499951 0.499951 0.499951 0.499951 0.499951 0.499951 0.499951 0.499951 0.499951 0.48 0.499951 0.499951 0.499951 0.499816 0.499951 0.499951 0.498996 0.499951 0.499951 0.499951 0.499951 0.499951 0.499951 0.48 0.499951 0.499951 0.499837 0.499951 0.499951 0.499951 0.499951 0.499951 0.499951 0.480019 0.499951 0.499951 0.48 0.499951 0.499951 0.499951 0.499951 0.499951 0.499951 0.499951 0.499951 0.499951 0.499951 0.499951 0.499951 0.499951 0.499951 0.499951 0.499951 0.499951 0.499951 0.499951 0.499951 0.499951 0.499951 0.499951 0.499951 0.499951 0.499951 0.499951 0.499951 0.499951 0.499951 0.499951 0.499951 0.499951 0.499951 0.499951 0.499951 0.499951 0.499951 0.499951 0.499951 0.499951 0.499951 0.499705 0.499951 0.499951 0.499951 0.499951 0.499951 0.499951 0.499951 0.499951 0.499951 0.48 0.499951 0.499951 0.499951 0.499951 0.499951 0.499951 0.499951 0.499951 0.499951 0.499154 0.499951 0.499951 0.499951 0.48 0.499951 0.499951 0.496352 0.499951 0.499951 0.499951 0.499951 0.499951 0.499951 0.481757 0.499951 0.499951 0.48 0.499951 0.499951 0.499951 0.499951 0.499951 0.499951 0.48 0.499951 0.499951 0.480001 0.499951 0.499951 0.499951 0.499951 0.499951 0.499951 0.499951 0.499951 0.499951 0.499951 0.499951 0.499951 0.499951 0.499951 0.499951 0.499951 0.499951 0.499951 0.499951 0.499951 0.499951 0.499951 0.499951 0.499951 0.499951 0.499951 0.499951 0.499951 0.499951 0.499951 0.499951 0.499951 0.499951 0.499951 0.499951 0.499951 0.499951 0.499951 0.499951 0.499951 0.499951 0.499951 0.491781 0.499951 0.499951 0.499951 0.499951 0.499951 0.499951 0.499951 0.499951 0.499951 0.48 0.499951 0.499951 0.499951 0.499951 0.499951 0.499951 0.499951 0.499951 0.499951 0.480018 0.499951 0.499951 0.499951 0.499051 0.499951 0.499951 0.480154 0.499951 0.499951 0.499951 0.499951 0.499951 0.499951 0.487087 0.499951 0.499951 0.483649 0.499951 0.499951 0.499951 0.499951 0.499951 0.499951 0.480002 0.499951 0.499951 0.480001 0.499951 0.499951 0.499951 0.499951 0.499951 0.499951 0.499951 0.499951 0.499951 0.499951 0.499951 0.499951 0.499951 0.499951 0.499951 0.499951 0.499951 0.499951 0.499951 0.499951 0.499951 0.499951 0.499951 0.499951 0.499951 0.499951 0.499951 0.499951 0.499951 0.499951 0.499951 0.499951 0.499951 0.499951 0.499951 0.499951 0.499951 0.499951 0.499951 0.499951 0.499951 0.499951 0.498426 0.499951 0.499951 0.499951 0.499951 0.499951 0.499951 0.499951 0.499951 0.499951 0.499827 0.499951 0.499951 0.499951 0.499951 0.499951 0.499951 0.499951 0.499951 0.499951 0.499329 0.499951 0.499951 0.499951 0.499951 0.499951 0.499951 0.499951 0.499951 0.499951 0.480002 0.499951 0.499951 0.499951 0.499951 0.499951 0.499951 0.499951 0.499951 0.499951 0.48 0.499951 0.499951 0.499951 0.499951 0.499951 0.499951 0.499951 0.499951 0.499951 0.48 0.499951 0.499951 0.499951 0.495581 0.499951 0.499951 0.497163 0.499951 0.499951 0.499951 0.499951 0.499951 0.499951 0.495371 0.499951 0.499951 0.493969 0.499951 0.499951 0.499951 0.499951 0.499951 0.499951 0.491489 0.499951 0.499951 0.499554 0.499951 0.499951 0.499951 0.499951 0.499951 0.499951 0.499951 0.499951 0.499951 0.499951 0.499951 0.499951 0.499951 0.499951 0.499951 0.499951 0.499951 0.499951 0.499951 0.499951 0.499951 0.499951 0.499951 0.499951 0.499951 0.499951 0.499951 0.499951 0.499951 0.499951 0.499951 0.499951 0.499951 0.499951 0.499951 0.499951 0.499951 0.499951 0.499951 0.499951 0.499951 0.499951 0.480059 0.499951 0.499951 0.499951 0.499951 0.499951 0.499951 0.499951 0.499951 0.499951 0.48 0.499951 0.499951 0.499951 0.499951 0.499951 0.499951 0.499951 0.499951 0.499951 0.48 0.499951 0.499951 0.499951 0.48 0.499951 0.499951 0.499468 0.499951 0.499951 0.499951 0.499951 0.499951 0.499951 0.48 0.499951 0.499951 0.499705 0.499951 0.499951 0.499951 0.499951 0.499951 0.499951 0.491194 0.499951 0.499951 0.480001 0.499951 0.499951 0.499951 0.499951 0.499951 0.499951 0.499951 0.499951 0.499951 0.499951 0.499951 0.499951 0.499951 0.499951 0.499951 0.499951 0.499951 0.499951 0.499951 0.499951 0.499951 0.499951 0.499951 0.499951 0.499951 0.499951 0.499951 0.499951 0.499951 0.499951 0.499951 0.499951 0.499951 0.499951 0.499951 0.499951 0.499951 0.499951 0.499951 0.499951 0.499951 0.499951 0.48 0.499951 0.499951 0.499951 0.499951 0.499951 0.499951 0.499951 0.499951 0.499951 0.499855 0.499951 0.499951 0.499951 0.499951 0.499951 0.499951 0.499951 0.499951 0.499951 0.480671 0.499951 0.499951 0.499951 0.48 0.499951 0.499951 0.480023 0.499951 0.499951 0.499951 0.499951 0.499951 0.499951 0.480012 0.499951 0.499951 0.488806 0.499951 0.499951 0.499951 0.499951 0.499951 0.499951 0.499892 0.499951 0.499951 0.480121 0.499951 0.499951 0.499951 0.499951 0.499951 0.499951 0.499951 0.499951 0.499951 0.499951 0.499951 0.499951 0.499951 0.499951 0.499951 0.499951 0.499951 0.499951 0.499951 0.499951 0.499951 0.499951 0.499951 0.499951 0.499951 0.499951 0.499951 0.499951 0.499951 0.499951 0.499951 0.499951 0.499951 0.499951 0.499951 0.499951 0.499951 0.499951 0.499951 0.499951 0.499951 0.499951 0.481663 0.499951 0.499951 0.499951 0.499951 0.499951 0.499951 0.499951 0.499951 0.499951 0.498426 0.499951 0.499951 0.499951 0.499951 0.499951 0.499951 0.499951 0.499951 0.499951 0.499579 0.499951 0.499951 
0.509901 0.509901 0.509901 0.509901 0.509901 0.509901 0.509901 0.491991 0.509901 0.509901 0.509901 0.509901 0.509901 0.509901 0.509901 0.509901 0.509901 0.47 0.509901 0.509901 0.509901 0.509901 0.509901 0.509901 0.509901 0.509901 0.509901 0.470001 0.509901 0.509901 0.509901 0.470124 0.509901 0.509901 0.509718 0.509901 0.509901 0.509901 0.509901 0.509901 0.509901 0.509838 0.509901 0.509901 0.47 0.509901 0.509901 0.509901 0.509901 0.509901 0.509901 0.509247 0.509901 0.509901 0.470004 0.509901 0.509901 0.509901 0.509901 0.509901 0.509901 0.509901 0.509901 0.509901 0.509901 0.509901 0.509901 0.509901 0.509901 0.509901 0.509901 0.509901 0.509901 0.509901 0.509901 0.509901 0.509901 0.509901 0.509901 0.509901 0.509901 0.509901 0.509901 0.509901 0.509901 0.509901 0.509901 0.509901 0.509901 0.509901 0.509901 0.509901 0.509901 0.509901 0.509901 0.509901 0.509901 0.470004 0.509901 0.509901 0.509901 0.509901 0.509901 0.509901 0.509901 0.509901 0.509901 0.509653 0.509901 0.509901 0.509901 0.509901 0.509901 0.509901 0.509901 0.509901 0.509901 0.480767 0.509901 0.509901 0.509901 0.471432 0.509901 0.509901 0.47 0.509901 0.509901 0.509901 0.509901 0.509901 0.509901 0.47 0.509901 0.509901 0.47 0.509901 0.509901 0.509901 0.509901 0.509901 0.509901 0.470094 0.509901 0.509901 0.507433 0.509901 0.509901 0.509901 0.509901 0.509901 0.509901 0.509901 0.509901 0.509901 0.509901 0.509901 0.509901 0.509901 0.509901 0.509901 0.509901 0.509901 0.509901 0.509901 0.509901 0.509901 0.509901 0.509901 0.509901 0.509901 0.509901 0.509901 0.509901 0.509901 0.509901 0.509901 0.509901 0.509901 0.509901 0.509901 0.509901 0.509901 0.509901 0.509901 0.509901 0.509901 0.509901 0.50892 0.509901 0.509901 0.509901 0.509901 0.509901 0.509901 0.509901 0.509901 0.509901 0.470027 0.509901 0.509901 0.509901 0.509901 0.509901 0.509901 0.509901 0.509901 0.509901 0.470001 0.509901 0.509901 0.509901 0.47 0.509901 0.509901 0.47 0.509901 0.509901 0.509901 0.509901 0.509901 0.509901 0.471761 0.509901 0.509901 0.47 0.509901 0.509901 0.509901 0.509901 0.509901 0.509901 0.486627 0.509901 0.509901 0.47 0.509901 0.509901 0.509901 0.509901 0.509901 0.509901 0.509901 0.509901 0.509901 0.509901 0.509901 0.509901 0.509901 0.509901 0.509901 0.509901 0.509901 0.509901 0.509901 0.509901 0.509901 0.509901 0.509901 0.509901 0.509901 0.509901 0.509901 0.509901 0.509901 0.509901 0.509901 0.509901 0.509901 0.509901 0.509901 0.509901 0.509901 0.509901 0.509901 0.509901 0.509901 0.509901 0.470078 0.509901 0.509901 0.509901 0.509901 0.509901 0.509901 0.509901 0.509901 0.509901 0.474038 0.509901 0.509901 0.509901 0.509901 0.509901 0.509901 0.509901 0.509901 0.509901 0.507332 0.509901 0.509901 0.509901 0.509901 0.509901 0.509901 0.509901 0.509901 0.509901 0.47 0.509901 0.509901 0.509901 0.509901 0.509901 0.509901 0.509901 0.509901 0.509901 0.505124 0.509901 0.509901 0.509901 0.509901 0.509901 0.509901 0.509901 0.509901 0.509901 0.47 0.509901 0.509901 0.509901 0.50968 0.509901 0.509901 0.508398 0.509901 0.509901 0.509901 0.509901 0.509901 0.509901 0.47 0.509901 0.509901 0.509617 0.509901 0.509901 0.509901 0.509901 0.509901 0.509901 0.470027 0.509901 0.509901 0.47 0.509901 0.509901 0.509901 0.509901 0.509901 0.509901 0.509901 0.509901 0.509901 0.509901 0.509901 0.509901 0.509901 0.509901 0.509901 0.509901 0.509901 0.509901 0.509901 0.509901 0.509901 0.509901 0.509901 0.509901 0.509901 0.509901 0.509901 0.509901 0.509901 0.509901 0.509901 0.509901 0.509901 0.509901 0.509901 0.509901 0.509901 0.509901 0.509901 0.509901 0.509901 0.509901 0.509521 0.509901 0.509901 0.509901 0.509901 0.509901 0.509901 0.509901 0.509901 0.509901 0.47 0.509901 0.509901 0.509901 0.509901 0.509901 0.509901 0.509901 0.509901 0.509901 0.50815 0.509901 0.509901 0.509901 0.47 0.509901 0.509901 0.498988 0.509901 0.509901 0.509901 0.509901 0.509901 0.509901 0.473515 0.509901 0.509901 0.47 0.509901 0.509901 0.509901 0.509901 0.509901 0.509901 0.47 0.509901 0.509901 0.470001 0.509901 0.509901 0.509901 0.509901 0.509901 0.509901 0.509901 0.509901 0.509901 0.509901 0.509901 0.509901 0.509901 0.509901 0.509901 0.509901 0.509901 0.509901 0.509901 0.509901 0.509901 0.509901 0.509901 0.509901 0.509901 0.509901 0.509901 0.509901 0.509901 0.509901 0.509901 0.509901 0.509901 0.509901 0.509901 0.509901 0.509901 0.509901 0.509901 0.509901 0.509901 0.509901 0.493562 0.509901 0.509901 0.509901 0.509901 0.509901 0.509901 0.509901 0.509901 0.509901 0.47 0.509901 0.509901 0.509901 0.509901 0.509901 0.509901 0.509901 0.509901 0.509901 0.470074 0.509901 0.509901 0.509901 0.508206 0.509901 0.509901 0.470213 0.509901 0.509901 0.509901 0.509901 0.509901 0.509901 0.482624 0.509901 0.509901 0.476486 0.509901 0.509901 0.509901 0.509901 0.509901 0.509901 0.470002 0.509901 0.509901 0.47001 0.509901 0.509901 0.509901 0.509901 0.509901 0.509901 0.509901 0.509901 0.509901 0.509901 0.509901 0.509901 0.509901 0.509901 0.509901 0.509901 0.509901 0.509901 0.509901 0.509901 0.509901 0.509901 0.509901 0.509901 0.509901 0.509901 0.509901 0.509901 0.509901 0.509901 0.509901 0.509901 0.509901 0.509901 0.509901 0.509901 0.509901 0.509901 0.509901 0.509901 0.509901 0.509901 0.507094 0.509901 0.509901 0.509901 0.509901 0.509901 0.509901 0.509901 0.509901 0.509901 0.509513 0.509901 0.509901 0.509901 0.509901 0.509901 0.509901 0.509901 0.509901 0.509901 0.508908 0.509901 0.509901 0.509901 0.509901 0.509901 0.509901 0.509901 0.509901 0.509901 0.470006 0.509901 0.509901 0.509901 0.509901 0.509901 0.509901 0.509901 0.509901 0.509901 0.47 0.509901 0.509901 0.509901 0.509901 0.509901 0.509901 0.509901 0.509901 0.509901 0.47 0.509901 0.509901 0.509901 0.50051 0.509901 0.509901 0.503859 0.509901 0.509901 0.509901 0.509901 0.509901 0.509901 0.498284 0.509901 0.509901 0.496324 0.509901 0.509901 0.509901 0.509901 0.509901 0.509901 0.494941 0.509901 0.509901 0.509157 0.509901 0.509901 0.509901 0.509901 0.509901 0.509901 0.509901 0.509901 0.509901 0.509901 0.509901 0.509901 0.509901 0.509901 0.509901 0.509901 0.509901 0.509901 0.509901 0.509901 0.509901 0.509901 0.509901 0.509901 0.509901 0.509901 0.509901 0.509901 0.509901 0.509901 0.509901 0.509901 0.509901 0.509901 0.509901 0.509901 0.509901 0.509901 0.509901 0.509901 0.509901 0.509901 0.470188 0.509901 0.509901 0.509901 0.509901 0.509901 0.509901 0.509901 0.509901 0.509901 0.47 0.509901 0.509901 0.509901 0.509901 0.509901 0.509901 0.509901 0.509901 0.509901 0.47 0.509901 0.509901 0.509901 0.47 0.509901 0.509901 0.508572 0.509901 0.509901 0.509901 0.509901 0.509901 0.509901 0.47 0.509901 0.509901 0.509372 0.509901 0.509901 0.509901 0.509901 0.509901 0.509901 0.488009 0.509901 0.509901 0.470003 0.509901 0.509901 0.509901 0.509901 0.509901 0.509901 0.509901 0.509901 0.509901 0.509901 0.509901 0.509901 0.509901 0.509901 0.509901 0.509901 0.509901 0.509901 0.509901 0.509901 0.509901 0.509901 0.509901 0.509901 0.509901 0.509901 0.509901 0.509901 0.509901 0.509901 0.509901 0.509901 0.509901 0.509901 0.509901 0.509901 0.509901 0.509901 0.509901 0.509901 0.509901 0.509901 0.47 0.509901 0.509901 0.509901 0.509901 0.509901 0.509901 0.509901 0.509901 0.509901 0.509608 0.509901 0.509901 0.509901 0.509901 0.509901 0.509901 0.509901 0.509901 0.509901 0.471517 0.509901 0.509901 0.509901 0.47 0.509901 0.509901 0.470031 0.509901 0.509901 0.509901 0.509901 0.509901 0.509901 0.470013 0.509901 0.509901 0.488206 0.509901 0.509901 0.509901 0.509901 0.509901 0.509901 0.509685 0.509901 0.509901 0.47014 0.509901 0.509901 0.509901 0.509901 0.509901 0.509901 0.509901 0.509901 0.509901 0.509901 0.509901 0.509901 0.509901 0.509901 0.509901 0.509901 0.509901 0.509901 0.509901 0.509901 0.509901 0.509901 0.509901 0.509901 0.509901 0.509901 0.509901 0.509901 0.509901 0.509901 0.509901 0.509901 0.509901 0.509901 0.509901 0.509901 0.509901 0.509901 0.509901 0.509901 0.509901 0.509901 0.47409 0.509901 0.509901 0.509901 0.509901 0.509901 0.509901 0.509901 0.509901 0.509901 0.506466 0.509901 0.509901 0.509901 0.509901 0.509901 0.509901 0.509901 0.509901 0.509901 0.508683 0.509901 0.509901 
0.519852 0.519852 0.519852 0.519852 0.519852 0.519852 0.519852 0.489921 0.519852 0.519852 0.519852 0.519852 0.519852 0.519852 0.519852 0.519852 0.519852 0.46 0.519852 0.519852 0.519852 0.519852 0.519852 0.519852 0.519852 0.519852 0.519852 0.460002 0.519852 0.519852 0.519852 0.460187 0.519852 0.519852 0.519628 0.519852 0.519852 0.519852 0.519852 0.519852 0.519852 0.519742 0.519852 0.519852 0.46 0.519852 0.519852 0.519852 0.519852 0.519852 0.519852 0.518575 0.519852 0.519852 0.46001 0.519852 0.519852 0.519852 0.519852 0.519852 0.519852 0.519852 0.519852 0.519852 0.519852 0.519852 0.519852 0.519852 0.519852 0.519852 0.519852 0.519852 0.519852 0.519852 0.519852 0.519852 0.519852 0.519852 0.519852 0.519852 0.519852 0.519852 0.519852 0.519852 0.519852 0.519852 0.519852 0.519852 0.519852 0.519852 0.519852 0.519852 0.519852 0.519852 0.519852 0.519852 0.519852 0.460017 0.519852 0.519852 0.519852 0.519852 0.519852 0.519852 0.519852 0.519852 0.519852 0.519458 0.519852 0.519852 0.519852 0.519852 0.519852 0.519852 0.519852 0.519852 0.519852 0.475187 0.519852 0.519852 0.519852 0.462066 0.519852 0.519852 0.46 0.519852 0.519852 0.519852 0.519852 0.519852 0.519852 0.46 0.519852 0.519852 0.46 0.519852 0.519852 0.519852 0.519852 0.519852 0.519852 0.460133 0.519852 0.519852 0.515473 0.519852 0.519852 0.519852 0.519852 0.519852 0.519852 0.519852 0.519852 0.519852 0.519852 0.519852 0.519852 0.519852 0.519852 0.519852 0.519852 0.519852 0.519852 0.519852 0.519852 0.519852 0.519852 0.519852 0.519852 0.519852 0.519852 0.519852 0.519852 0.519852 0.519852 0.519852 0.519852 0.519852 0.519852 0.519852 0.519852 0.519852 0.519852 0.519852 0.519852 0.519852 0.519852 0.517511 0.519852 0.519852 0.519852 0.519852 0.519852 0.519852 0.519852 0.519852 0.519852 0.460044 0.519852 0.519852 0.519852 0.519852 0.519852 0.519852 0.519852 0.519852 0.519852 0.460001 0.519852 0.519852 0.519852 0.46 0.519852 0.519852 0.46 0.519852 0.519852 0.519852 0.519852 0.519852 0.519852 0.463943 0.519852 0.519852 0.46 0.519852 0.519852 0.519852 0.519852 0.519852 0.519852 0.483714 0.519852 0.519852 0.46 0.519852 0.519852 0.519852 0.519852 0.519852 0.519852 0.519852 0.519852 0.519852 0.519852 0.519852 0.519852 0.519852 0.519852 0.519852 0.519852 0.519852 0.519852 0.519852 0.519852 0.519852 0.519852 0.519852 0.519852 0.519852 0.519852 0.519852 0.519852 0.519852 0.519852 0.519852 0.519852 0.519852 0.519852 0.519852 0.519852 0.519852 0.519852 0.519852 0.519852 0.519852 0.519852 0.460122 0.519852 0.519852 0.519852 0.519852 0.519852 0.519852 0.519852 0.519852 0.519852 0.465701 0.519852 0.519852 0.519852 0.519852 0.519852 0.519852 0.519852 0.519852 0.519852 0.51419 0.519852 0.519852 0.519852 0.519852 0.519852 0.519852 0.519852 0.519852 0.519852 0.46 0.519852 0.519852 0.519852 0.519852 0.519852 0.519852 0.519852 0.519852 0.519852 0.512942 0.519852 0.519852 0.519852 0.519852 0.519852 0.519852 0.519852 0.519852 0.519852 0.46 0.519852 0.519852 0.519852 0.519484 0.519852 0.519852 0.517727 0.519852 0.519852 0.519852 0.519852 0.519852 0.519852 0.46 0.519852 0.519852 0.519433 0.519852 0.519852 0.519852 0.519852 0.519852 0.519852 0.460046 0.519852 0.519852 0.46 0.519852 0.519852 0.519852 0.519852 0.519852 0.519852 0.519852 0.519852 0.519852 0.519852 0.519852 0.519852 0.519852 0.519852 0.519852 0.519852 0.519852 0.519852 0.519852 0.519852 0.519852 0.519852 0.519852 0.519852 0.519852 0.519852 0.519852 0.519852 0.519852 0.519852 0.519852 0.519852 0.519852 0.519852 0.519852 0.519852 0.519852 0.519852 0.519852 0.519852 0.519852 0.519852 0.519147 0.519852 0.519852 0.519852 0.519852 0.519852 0.519852 0.519852 0.519852 0.519852 0.46 0.519852 0.519852 0.519852 0.519852 0.519852 0.519852 0.519852 0.519852 0.519852 0.517439 0.519852 0.519852 0.519852 0.46 0.519852 0.519852 0.503687 0.519852 0.519852 0.519852 0.519852 0.519852 0.519852 0.464774 0.519852 0.519852 0.46 0.519852 0.519852 0.519852 0.519852 0.519852 0.519852 0.46 0.519852 0.519852 0.460002 0.519852 0.519852 0.519852 0.519852 0.519852 0.519852 0.519852 0.519852 0.519852 0.519852 0.519852 0.519852 0.519852 0.519852 0.519852 0.519852 0.519852 0.519852 0.519852 0.519852 0.519852 0.519852 0.519852 0.519852 0.519852 0.519852 0.519852 0.519852 0.519852 0.519852 0.519852 0.519852 0.519852 0.519852 0.519852 0.519852 0.519852 0.519852 0.519852 0.519852 0.519852 0.519852 0.49505 0.519852 0.519852 0.519852 0.519852 0.519852 0.519852 0.519852 0.519852 0.519852 0.46 0.519852 0.519852 0.519852 0.519852 0.519852 0.519852 0.519852 0.519852 0.519852 0.46008 0.519852 0.519852 0.519852 0.517534 0.519852 0.519852 0.460358 0.519852 0.519852 0.519852 0.519852 0.519852 0.519852 0.482325 0.519852 0.519852 0.472772 0.519852 0.519852 0.519852 0.519852 0.519852 0.519852 0.460004 0.519852 0.519852 0.460011 0.519852 0.519852 0.519852 0.519852 0.519852 0.519852 0.519852 0.519852 0.519852 0.519852 0.519852 0.519852 0.519852 0.519852 0.519852 0.519852 0.519852 0.519852 0.519852 0.519852 0.519852 0.519852 0.519852 0.519852 0.519852 0.519852 0.519852 0.519852 0.519852 0.519852 0.519852 0.519852 0.519852 0.519852 0.519852 0.519852 0.519852 0.519852 0.519852 0.519852 0.519852 0.519852 0.515685 0.519852 0.519852 0.519852 0.519852 0.519852 0.519852 0.519852 0.519852 0.519852 0.519266 0.519852 0.519852 0.519852 0.519852 0.519852 0.519852 0.519852 0.519852 0.519852 0.517648 0.519852 0.519852 0.519852 0.519852 0.519852 0.519852 0.519852 0.519852 0.519852 0.460007 0.519852 0.519852 0.519852 0.519852 0.519852 0.519852 0.519852 0.519852 0.519852 0.46 0.519852 0.519852 0.519852 0.519852 0.519852 0.519852 0.519852 0.519852 0.519852 0.46 0.519852 0.519852 0.519852 0.504973 0.519852 0.519852 0.509839 0.519852 0.519852 0.519852 0.519852 0.519852 0.519852 0.501997 0.519852 0.519852 0.498679 0.519852 0.519852 0.519852 0.519852 0.519852 0.519852 0.499871 0.519852 0.519852 0.518894 0.519852 0.519852 0.519852 0.519852 0.519852 0.519852 0.519852 0.519852 0.519852 0.519852 0.519852 0.519852 0.519852 0.519852 0.519852 0.519852 0.519852 0.519852 0.519852 0.519852 0.519852 0.519852 0.519852 0.519852 0.519852 0.519852 0.519852 0.519852 0.519852 0.519852 0.519852 0.519852 0.519852 0.519852 0.519852 0.519852 0.519852 0.519852 0.519852 0.519852 0.519852 0.519852 0.46022 0.519852 0.519852 0.519852 0.519852 0.519852 0.519852 0.519852 0.519852 0.519852 0.46 0.519852 0.519852 0.519852 0.519852 0.519852 0.519852 0.519852 0.519852 0.519852 0.46 0.519852 0.519852 0.519852 0.46 0.519852 0.519852 0.518339 0.519852 0.519852 0.519852 0.519852 0.519852 0.519852 0.46 0.519852 0.519852 0.518998 0.519852 0.519852 0.519852 0.519852 0.519852 0.519852 0.481151 0.519852 0.519852 0.460003 0.519852 0.519852 0.519852 0.519852 0.519852 0.519852 0.519852 0.519852 0.519852 0.519852 0.519852 0.519852 0.519852 0.519852 0.519852 0.519852 0.519852 0.519852 0.519852 0.519852 0.519852 0.519852 0.519852 0.519852 0.519852 0.519852 0.519852 0.519852 0.519852 0.519852 0.519852 0.519852 0.519852 0.519852 0.519852 0.519852 0.519852 0.519852 0.519852 0.519852 0.519852 0.519852 0.46 0.519852 0.519852 0.519852 0.519852 0.519852 0.519852 0.519852 0.519852 0.519852 0.519345 0.519852 0.519852 0.519852 0.519852 0.519852 0.519852 0.519852 0.519852 0.519852 0.462081 0.519852 0.519852 0.519852 0.46 0.519852 0.519852 0.460037 0.519852 0.519852 0.519852 0.519852 0.519852 0.519852 0.460014 0.519852 0.519852 0.484493 0.519852 0.519852 0.519852 0.519852 0.519852 0.519852 0.519478 0.519852 0.519852 0.460203 0.519852 0.519852 0.519852 0.519852 0.519852 0.519852 0.519852 0.519852 0.519852 0.519852 0.519852 0.519852 0.519852 0.519852 0.519852 0.519852 0.519852 0.519852 0.519852 0.519852 0.519852 0.519852 0.519852 0.519852 0.519852 0.519852 0.519852 0.519852 0.519852 0.519852 0.519852 0.519852 0.519852 0.519852 0.519852 0.519852 0.519852 0.519852 0.519852 0.519852 0.519852 0.519852 0.465094 0.519852 0.519852 0.519852 0.519852 0.519852 0.519852 0.519852 0.519852 0.519852 0.514977 0.519852 0.519852 0.519852 0.519852 0.519852 0.519852 0.519852 0.519852 0.519852 0.518263 0.519852 0.519852 
0.529802 0.529802 0.529802 0.529802 0.529802 0.529802 0.529802 0.489621 0.529802 0.529802 0.529802 0.529802 0.529802 0.529802 0.529802 0.529802 0.529802 0.45 0.529802 0.529802 0.529802 0.529802 0.529802 0.529802 0.529802 0.529802 0.529802 0.450002 0.529802 0.529802 0.529802 0.450267 0.529802 0.529802 0.529532 0.529802 0.529802 0.529802 0.529802 0.529802 0.529802 0.529614 0.529802 0.529802 0.45 0.529802 0.529802 0.529802 0.529802 0.529802 0.529802 0.528154 0.529802 0.529802 0.450014 0.529802 0.529802 0.529802 0.529802 0.529802 0.529802 0.529802 0.529802 0.529802 0.529802 0.529802 0.529802 0.529802 0.529802 0.529802 0.529802 0.529802 0.529802 0.529802 0.529802 0.529802 0.529802 0.529802 0.529802 0.529802 0.529802 0.529802 0.529802 0.529802 0.529802 0.529802 0.529802 0.529802 0.529802 0.529802 0.529802 0.529802 0.529802 0.529802 0.529802 0.529802 0.529802 0.450029 0.529802 0.529802 0.529802 0.529802 0.529802 0.529802 0.529802 0.529802 0.529802 0.529225 0.529802 0.529802 0.529802 0.529802 0.529802 0.529802 0.529802 0.529802 0.529802 0.466377 0.529802 0.529802 0.529802 0.453729 0.529802 0.529802 0.45 0.529802 0.529802 0.529802 0.529802 0.529802 0.529802 0.45 0.529802 0.529802 0.45 0.529802 0.529802 0.529802 0.529802 0.529802 0.529802 0.450148 0.529802 0.529802 0.523716 0.529802 0.529802 0.529802 0.529802 0.529802 0.529802 0.529802 0.529802 0.529802 0.529802 0.529802 0.529802 0.529802 0.529802 0.529802 0.529802 0.529802 0.529802 0.529802 0.529802 0.529802 0.529802 0.529802 0.529802 0.529802 0.529802 0.529802 0.529802 0.529802 0.529802 0.529802 0.529802 0.529802 0.529802 0.529802 0.529802 0.529802 0.529802 0.529802 0.529802 0.529802 0.529802 0.527065 0.529802 0.529802 0.529802 0.529802 0.529802 0.529802 0.529802 0.529802 0.529802 0.450055 0.529802 0.529802 0.529802 0.529802 0.529802 0.529802 0.529802 0.529802 0.529802 0.450001 0.529802 0.529802 0.529802 0.45 0.529802 0.529802 0.45 0.529802 0.529802 0.529802 0.529802 0.529802 0.529802 0.455006 0.529802 0.529802 0.45 0.529802 0.529802 0.529802 0.529802 0.529802 0.529802 0.480801 0.529802 0.529802 0.45 0.529802 0.529802 0.529802 0.529802 0.529802 0.529802 0.529802 0.529802 0.529802 0.529802 0.529802 0.529802 0.529802 0.529802 0.529802 0.529802 0.529802 0.529802 0.529802 0.529802 0.529802 0.529802 0.529802 0.529802 0.529802 0.529802 0.529802 0.529802 0.529802 0.529802 0.529802 0.529802 0.529802 0.529802 0.529802 0.529802 0.529802 0.529802 0.529802 0.529802 0.529802 0.529802 0.450169 0.529802 0.529802 0.529802 0.529802 0.529802 0.529802 0.529802 0.529802 0.529802 0.459532 0.529802 0.529802 0.529802 0.529802 0.529802 0.529802 0.529802 0.529802 0.529802 0.519974 0.529802 0.529802 0.529802 0.529802 0.529802 0.529802 0.529802 0.529802 0.529802 0.45 0.529802 0.529802 0.529802 0.529802 0.529802 0.529802 0.529802 0.529802 0.529802 0.521752 0.529802 0.529802 0.529802 0.529802 0.529802 0.529802 0.529802 0.529802 0.529802 0.45 0.529802 0.529802 0.529802 0.529348 0.529802 0.529802 0.526881 0.529802 0.529802 0.529802 0.529802 0.529802 0.529802 0.45 0.529802 0.529802 0.529213 0.529802 0.529802 0.529802 0.529802 0.529802 0.529802 0.450055 0.529802 0.529802 0.45 0.529802 0.529802 0.529802 0.529802 0.529802 0.529802 0.529802 0.529802 0.529802 0.529802 0.529802 0.529802 0.529802 0.529802 0.529802 0.529802 0.529802 0.529802 0.529802 0.529802 0.529802 0.529802 0.529802 0.529802 0.529802 0.529802 0.529802 0.529802 0.529802 0.529802 0.529802 0.529802 0.529802 0.529802 0.529802 0.529802 0.529802 0.529802 0.529802 0.529802 0.529802 0.529802 0.528884 0.529802 0.529802 0.529802 0.529802 0.529802 0.529802 0.529802 0.529802 0.529802 0.45 0.529802 0.529802 0.529802 0.529802 0.529802 0.529802 0.529802 0.529802 0.529802 0.52664 0.529802 0.529802 0.529802 0.45 0.529802 0.529802 0.510214 0.529802 0.529802 0.529802 0.529802 0.529802 0.529802 0.457611 0.529802 0.529802 0.45 0.529802 0.529802 0.529802 0.529802 0.529802 0.529802 0.45 0.529802 0.529802 0.450003 0.529802 0.529802 0.529802 0.529802 0.529802 0.529802 0.529802 0.529802 0.529802 0.529802 0.529802 0.529802 0.529802 0.529802 0.529802 0.529802 0.529802 0.529802 0.529802 0.529802 0.529802 0.529802 0.529802 0.529802 0.529802 0.529802 0.529802 0.529802 0.529802 0.529802 0.529802 0.529802 0.529802 0.529802 0.529802 0.529802 0.529802 0.529802 0.529802 0.529802 0.529802 0.529802 0.491337 0.529802 0.529802 0.529802 0.529802 0.529802 0.529802 0.529802 0.529802 0.529802 0.45 0.529802 0.529802 0.529802 0.529802 0.529802 0.529802 0.529802 0.529802 0.529802 0.450127 0.529802 0.529802 0.529802 0.526689 0.529802 0.529802 0.450417 0.529802 0.529802 0.529802 0.529802 0.529802 0.529802 0.480836 0.529802 0.529802 0.46642 0.529802 0.529802 0.529802 0.529802 0.529802 0.529802 0.450007 0.529802 0.529802 0.450013 0.529802 0.529802 0.529802 0.529802 0.529802 0.529802 0.529802 0.529802 0.529802 0.529802 0.529802 0.529802 0.529802 0.529802 0.529802 0.529802 0.529802 0.529802 0.529802 0.529802 0.529802 0.529802 0.529802 0.529802 0.529802 0.529802 0.529802 0.529802 0.529802 0.529802 0.529802 0.529802 0.529802 0.529802 0.529802 0.529802 0.529802 0.529802 0.529802 0.529802 0.529802 0.529802 0.524736 0.529802 0.529802 0.529802 0.529802 0.529802 0.529802 0.529802 0.529802 0.529802 0.529093 0.529802 0.529802 0.529802 0.529802 0.529802 0.529802 0.529802 0.529802 0.529802 0.527084 0.529802 0.529802 0.529802 0.529802 0.529802 0.529802 0.529802 0.529802 0.529802 0.450009 0.529802 0.529802 0.529802 0.529802 0.529802 0.529802 0.529802 0.529802 0.529802 0.45 0.529802 0.529802 0.529802 0.529802 0.529802 0.529802 0.529802 0.529802 0.529802 0.45 0.529802 0.529802 0.529802 0.512416 0.529802 0.529802 0.517145 0.529802 0.529802 0.529802 0.529802 0.529802 0.529802 0.504352 0.529802 0.529802 0.49808 0.529802 0.529802 0.529802 0.529802 0.529802 0.529802 0.503585 0.529802 0.529802 0.528562 0.529802 0.529802 0.529802 0.529802 0.529802 0.529802 0.529802 0.529802 0.529802 0.529802 0.529802 0.529802 0.529802 0.529802 0.529802 0.529802 0.529802 0.529802 0.529802 0.529802 0.529802 0.529802 0.529802 0.529802 0.529802 0.529802 0.529802 0.529802 0.529802 0.529802 0.529802 0.529802 0.529802 0.529802 0.529802 0.529802 0.529802 0.529802 0.529802 0.529802 0.529802 0.529802 0.450276 0.529802 0.529802 0.529802 0.529802 0.529802 0.529802 0.529802 0.529802 0.529802 0.45 0.529802 0.529802 0.529802 0.529802 0.529802 0.529802 0.529802 0.529802 0.529802 0.45 0.529802 0.529802 0.529802 0.45 0.529802 0.529802 0.527965 0.529802 0.529802 0.529802 0.529802 0.529802 0.529802 0.45 0.529802 0.529802 0.528552 0.529802 0.529802 0.529802 0.529802 0.529802 0.529802 0.483221 0.529802 0.529802 0.450003 0.529802 0.529802 0.529802 0.529802 0.529802 0.529802 0.529802 0.529802 0.529802 0.529802 0.529802 0.529802 0.529802 0.529802 0.529802 0.529802 0.529802 0.529802 0.529802 0.529802 0.529802 0.529802 0.529802 0.529802 0.529802 0.529802 0.529802 0.529802 0.529802 0.529802 0.529802 0.529802 0.529802 0.529802 0.529802 0.529802 0.529802 0.529802 0.529802 0.529802 0.529802 0.529802 0.45 0.529802 0.529802 0.529802 0.529802 0.529802 0.529802 0.529802 0.529802 0.529802 0.52915 0.529802 0.529802 0.529802 0.529802 0.529802 0.529802 0.529802 0.529802 0.529802 0.452414 0.529802 0.529802 0.529802 0.45 0.529802 0.529802 0.450041 0.529802 0.529802 0.529802 0.529802 0.529802 0.529802 0.450018 0.529802 0.529802 0.487129 0.529802 0.529802 0.529802 0.529802 0.529802 0.529802 0.52935 0.529802 0.529802 0.450332 0.529802 0.529802 0.529802 0.529802 0.529802 0.529802 0.529802 0.529802 0.529802 0.529802 0.529802 0.529802 0.529802 0.529802 0.529802 0.529802 0.529802 0.529802 0.529802 0.529802 0.529802 0.529802 0.529802 0.529802 0.529802 0.529802 0.529802 0.529802 0.529802 0.529802 0.529802 0.529802 0.529802 0.529802 0.529802 0.529802 0.529802 0.529802 0.529802 0.529802 0.529802 0.529802 0.455692 0.529802 0.529802 0.529802 0.529802 0.529802 0.529802 0.529802 0.529802 0.529802 0.52322 0.529802 0.529802 0.529802 0.529802 0.529802 0.529802 0.529802 0.529802 0.529802 0.527816 0.529802 0.529802 
0.539753 0.539753 0.539753 0.539753 0.539753 0.539753 0.539753 0.490816 0.539753 0.539753 0.539753 0.539753 0.539753 0.539753 0.539753 0.539753 0.539753 0.44 0.539753 0.539753 0.539753 0.539753 0.539753 0.539753 0.539753 0.539753 0.539753 0.440002 0.539753 0.539753 0.539753 0.44058 0.539753 0.539753 0.539447 0.539753 0.539753 0.539753 0.539753 0.539753 0.539753 0.5395 0.539753 0.539753 0.44 0.539753 0.539753 0.539753 0.539753 0.539753 0.539753 0.537734 0.539753 0.539753 0.440014 0.539753 0.539753 0.539753 0.539753 0.539753 0.539753 0.539753 0.539753 0.539753 0.539753 0.539753 0.539753 0.539753 0.539753 0.539753 0.539753 0.539753 0.539753 0.539753 0.539753 0.539753 0.539753 0.539753 0.539753 0.539753 0.539753 0.539753 0.539753 0.539753 0.539753 0.539753 0.539753 0.539753 0.539753 0.539753 0.539753 0.539753 0.539753 0.539753 0.539753 0.539753 0.539753 0.440042 0.539753 0.539753 0.539753 0.539753 0.539753 0.539753 0.539753 0.539753 0.539753 0.539071 0.539753 0.539753 0.539753 0.539753 0.539753 0.539753 0.539753 0.539753 0.539753 0.457502 0.539753 0.539753 0.539753 0.444625 0.539753 0.539753 0.44 0.539753 0.539753 0.539753 0.539753 0.539753 0.539753 0.44 0.539753 0.539753 0.44 0.539753 0.539753 0.539753 0.539753 0.539753 0.539753 0.440157 0.539753 0.539753 0.529696 0.539753 0.539753 0.539753 0.539753 0.539753 0.539753 0.539753 0.539753 0.539753 0.539753 0.539753 0.539753 0.539753 0.539753 0.539753 0.539753 0.539753 0.539753 0.539753 0.539753 0.539753 0.539753 0.539753 0.539753 0.539753 0.539753 0.539753 0.539753 0.539753 0.539753 0.539753 0.539753 0.539753 0.539753 0.539753 0.539753 0.539753 0.539753 0.539753 0.539753 0.539753 0.539753 0.536394 0.539753 0.539753 0.539753 0.539753 0.539753 0.539753 0.539753 0.539753 0.539753 0.440063 0.539753 0.539753 0.539753 0.539753 0.539753 0.539753 0.539753 0.539753 0.539753 0.440001 0.539753 0.539753 0.539753 0.44 0.539753 0.539753 0.44 0.539753 0.539753 0.539753 0.539753 0.539753 0.539753 0.447188 0.539753 0.539753 0.44 0.539753 0.539753 0.539753 0.539753 0.539753 0.539753 0.478165 0.539753 0.539753 0.44 0.539753 0.539753 0.539753 0.539753 0.539753 0.539753 0.539753 0.539753 0.539753 0.539753 0.539753 0.539753 0.539753 0.539753 0.539753 0.539753 0.539753 0.539753 0.539753 0.539753 0.539753 0.539753 0.539753 0.539753 0.539753 0.539753 0.539753 0.539753 0.539753 0.539753 0.539753 0.539753 0.539753 0.539753 0.539753 0.539753 0.539753 0.539753 0.539753 0.539753 0.539753 0.539753 0.440297 0.539753 0.539753 0.539753 0.539753 0.539753 0.539753 0.539753 0.539753 0.539753 0.450657 0.539753 0.539753 0.539753 0.539753 0.539753 0.539753 0.539753 0.539753 0.539753 0.527792 0.539753 0.539753 0.539753 0.539753 0.539753 0.539753 0.539753 0.539753 0.539753 0.44 0.539753 0.539753 0.539753 0.539753 0.539753 0.539753 0.539753 0.539753 0.539753 0.527731 0.539753 0.539753 0.539753 0.539753 0.539753 0.539753 0.539753 0.539753 0.539753 0.44 0.539753 0.539753 0.539753 0.539115 0.539753 0.539753 0.536082 0.539753 0.539753 0.539753 0.539753 0.539753 0.539753 0.44 0.539753 0.539753 0.538994 0.539753 0.539753 0.539753 0.539753 0.539753 0.539753 0.440096 0.539753 0.539753 0.44 0.539753 0.539753 0.539753 0.539753 0.539753 0.539753 0.539753 0.539753 0.539753 0.539753 0.539753 0.539753 0.539753 0.539753 0.539753 0.539753 0.539753 0.539753 0.539753 0.539753 0.539753 0.539753 0.539753 0.539753 0.539753 0.539753 0.539753 0.539753 0.539753 0.539753 0.539753 0.539753 0.539753 0.539753 0.539753 0.539753 0.539753 0.539753 0.539753 0.539753 0.539753 0.539753 0.538664 0.539753 0.539753 0.539753 0.539753 0.539753 0.539753 0.539753 0.539753 0.539753 0.44 0.539753 0.539753 0.539753 0.539753 0.539753 0.539753 0.539753 0.539753 0.539753 0.535794 0.539753 0.539753 0.539753 0.44 0.539753 0.539753 0.514184 0.539753 0.539753 0.539753 0.539753 0.539753 0.539753 0.450168 0.539753 0.539753 0.44 0.539753 0.539753 0.539753 0.539753 0.539753 0.539753 0.44 0.539753 0.539753 0.440004 0.539753 0.539753 0.539753 0.539753 0.539753 0.539753 0.539753 0.539753 0.539753 0.539753 0.539753 0.539753 0.539753 0.539753 0.539753 0.539753 0.539753 0.539753 0.539753 0.539753 0.539753 0.539753 0.539753 0.539753 0.539753 0.539753 0.539753 0.539753 0.539753 0.539753 0.539753 0.539753 0.539753 0.539753 0.539753 0.539753 0.539753 0.539753 0.539753 0.539753 0.539753 0.539753 0.490439 0.539753 0.539753 0.539753 0.539753 0.539753 0.539753 0.539753 0.539753 0.539753 0.44 0.539753 0.539753 0.539753 0.539753 0.539753 0.539753 0.539753 0.539753 0.539753 0.440168 0.539753 0.539753 0.539753 0.536055 0.539753 0.539753 0.440637 0.539753 0.539753 0.539753 0.539753 0.539753 0.539753 0.478481 0.539753 0.539753 0.458722 0.539753 0.539753 0.539753 0.539753 0.539753 0.539753 0.440007 0.539753 0.539753 0.440014 0.539753 0.539753 0.539753 0.539753 0.539753 0.539753 0.539753 0.539753 0.539753 0.539753 0.539753 0.539753 0.539753 0.539753 0.539753 0.539753 0.539753 0.539753 0.539753 0.539753 0.539753 0.539753 0.539753 0.539753 0.539753 0.539753 0.539753 0.539753 0.539753 0.539753 0.539753 0.539753 0.539753 0.539753 0.539753 0.539753 0.539753 0.539753 0.539753 0.539753 0.539753 0.539753 0.533328 0.539753 0.539753 0.539753 0.539753 0.539753 0.539753 0.539753 0.539753 0.539753 0.538886 0.539753 0.539753 0.539753 0.539753 0.539753 0.539753 0.539753 0.539753 0.539753 0.536688 0.539753 0.539753 0.539753 0.539753 0.539753 0.539753 0.539753 0.539753 0.539753 0.440013 0.539753 0.539753 0.539753 0.539753 0.539753 0.539753 0.539753 0.539753 0.539753 0.44 0.539753 0.539753 0.539753 0.539753 0.539753 0.539753 0.539753 0.539753 0.539753 0.44 0.539753 0.539753 0.539753 0.516385 0.539753 0.539753 0.523841 0.539753 0.539753 0.539753 0.539753 0.539753 0.539753 0.509052 0.539753 0.539753 0.505523 0.539753 0.539753 0.539753 0.539753 0.539753 0.539753 0.509754 0.539753 0.539753 0.538342 0.539753 0.539753 0.539753 0.539753 0.539753 0.539753 0.539753 0.539753 0.539753 0.539753 0.539753 0.539753 0.539753 0.539753 0.539753 0.539753 0.539753 0.539753 0.539753 0.539753 0.539753 0.539753 0.539753 0.539753 0.539753 0.539753 0.539753 0.539753 0.539753 0.539753 0.539753 0.539753 0.539753 0.539753 0.539753 0.539753 0.539753 0.539753 0.539753 0.539753 0.539753 0.539753 0.440286 0.539753 0.539753 0.539753 0.539753 0.539753 0.539753 0.539753 0.539753 0.539753 0.44 0.539753 0.539753 0.539753 0.539753 0.539753 0.539753 0.539753 0.539753 0.539753 0.44 0.539753 0.539753 0.539753 0.44 0.539753 0.539753 0.537492 0.539753 0.539753 0.539753 0.539753 0.539753 0.539753 0.44 0.539753 0.539753 0.538105 0.539753 0.539753 0.539753 0.539753 0.539753 0.539753 0.479002 0.539753 0.539753 0.440004 0.539753 0.539753 0.539753 0.539753 0.539753 0.539753 0.539753 0.539753 0.539753 0.539753 0.539753 0.539753 0.539753 0.539753 0.539753 0.539753 0.539753 0.539753 0.539753 0.539753 0.539753 0.539753 0.539753 0.539753 0.539753 0.539753 0.539753 0.539753 0.539753 0.539753 0.539753 0.539753 0.539753 0.539753 0.539753 0.539753 0.539753 0.539753 0.539753 0.539753 0.539753 0.539753 0.44 0.539753 0.539753 0.539753 0.539753 0.539753 0.539753 0.539753 0.539753 0.539753 0.538943 0.539753 0.539753 0.539753 0.539753 0.539753 0.539753 0.539753 0.539753 0.539753 0.442746 0.539753 0.539753 0.539753 0.44 0.539753 0.539753 0.44005 0.539753 0.539753 0.539753 0.539753 0.539753 0.539753 0.440022 0.539753 0.539753 0.488323 0.539753 0.539753 0.539753 0.539753 0.539753 0.539753 0.539176 0.539753 0.539753 0.440356 0.539753 0.539753 0.539753 0.539753 0.539753 0.539753 0.539753 0.539753 0.539753 0.539753 0.539753 0.539753 0.539753 0.539753 0.539753 0.539753 0.539753 0.539753 0.539753 0.539753 0.539753 0.539753 0.539753 0.539753 0.539753 0.539753 0.539753 0.539753 0.539753 0.539753 0.539753 0.539753 0.539753 0.539753 0.539753 0.539753 0.539753 0.539753 0.539753 0.539753 0.539753 0.539753 0.446165 0.539753 0.539753 0.539753 0.539753 0.539753 0.539753 0.539753 0.539753 0.539753 0.531463 0.539753 0.539753 0.539753 0.539753 0.539753 0.539753 0.539753 0.539753 0.539753 0.537442 0.539753 0.539753 
0.549703 0.549703 0.549703 0.549703 0.549703 0.549703 0.549703 0.489918 0.549703 0.549703 0.549703 0.549703 0.549703 0.549703 0.549703 0.549703 0.549703 0.43 0.549703 0.549703 0.549703 0.549703 0.549703 0.549703 0.549703 0.549703 0.549703 0.430004 0.549703 0.549703 0.549703 0.430709 0.549703 0.549703 0.54934 0.549703 0.549703 0.549703 0.549703 0.549703 0.549703 0.54941 0.549703 0.549703 0.43 0.549703 0.549703 0.549703 0.549703 0.549703 0.549703 0.547381 0.549703 0.549703 0.430015 0.549703 0.549703 0.549703 0.549703 0.549703 0.549703 0.549703 0.549703 0.549703 0.549703 0.549703 0.549703 0.549703 0.549703 0.549703 0.549703 0.549703 0.549703 0.549703 0.549703 0.549703 0.549703 0.549703 0.549703 0.549703 0.549703 0.549703 0.549703 0.549703 0.549703 0.549703 0.549703 0.549703 0.549703 0.549703 0.549703 0.549703 0.549703 0.549703 0.549703 0.549703 0.549703 0.430049 0.549703 0.549703 0.549703 0.549703 0.549703 0.549703 0.549703 0.549703 0.549703 0.548738 0.549703 0.549703 0.549703 0.549703 0.549703 0.549703 0.549703 0.549703 0.549703 0.448762 0.549703 0.549703 0.549703 0.435222 0.549703 0.549703 0.43 0.549703 0.549703 0.549703 0.549703 0.549703 0.549703 0.43 0.549703 0.549703 0.43 0.549703 0.549703 0.549703 0.549703 0.549703 0.549703 0.430179 0.549703 0.549703 0.538364 0.549703 0.549703 0.549703 0.549703 0.549703 0.549703 0.549703 0.549703 0.549703 0.549703 0.549703 0.549703 0.549703 0.549703 0.549703 0.549703 0.549703 0.549703 0.549703 0.549703 0.549703 0.549703 0.549703 0.549703 0.549703 0.549703 0.549703 0.549703 0.549703 0.549703 0.549703 0.549703 0.549703 0.549703 0.549703 0.549703 0.549703 0.549703 0.549703 0.549703 0.549703 0.549703 0.545796 0.549703 0.549703 0.549703 0.549703 0.549703 0.549703 0.549703 0.549703 0.549703 0.4301 0.549703 0.549703 0.549703 0.549703 0.549703 0.549703 0.549703 0.549703 0.549703 0.430002 0.549703 0.549703 0.549703 0.43 0.549703 0.549703 0.43 0.549703 0.549703 0.549703 0.549703 0.549703 0.549703 0.438597 0.549703 0.549703 0.43 0.549703 0.549703 0.549703 0.549703 0.549703 0.549703 0.471002 0.549703 0.549703 0.43 0.549703 0.549703 0.549703 0.549703 0.549703 0.549703 0.549703 0.549703 0.549703 0.549703 0.549703 0.549703 0.549703 0.549703 0.549703 0.549703 0.549703 0.549703 0.549703 0.549703 0.549703 0.549703 0.549703 0.549703 0.549703 0.549703 0.549703 0.549703 0.549703 0.549703 0.549703 0.549703 0.549703 0.549703 0.549703 0.549703 0.549703 0.549703 0.549703 0.549703 0.549703 0.549703 0.430481 0.549703 0.549703 0.549703 0.549703 0.549703 0.549703 0.549703 0.549703 0.549703 0.441848 0.549703 0.549703 0.549703 0.549703 0.549703 0.549703 0.549703 0.549703 0.549703 0.534488 0.549703 0.549703 0.549703 0.549703 0.549703 0.549703 0.549703 0.549703 0.549703 0.43 0.549703 0.549703 0.549703 0.549703 0.549703 0.549703 0.549703 0.549703 0.549703 0.536541 0.549703 0.549703 0.549703 0.549703 0.549703 0.549703 0.549703 0.549703 0.549703 0.43 0.549703 0.549703 0.549703 0.549001 0.549703 0.549703 0.545411 0.549703 0.549703 0.549703 0.549703 0.549703 0.549703 0.43 0.549703 0.549703 0.548746 0.549703 0.549703 0.549703 0.549703 0.549703 0.549703 0.430097 0.549703 0.549703 0.43 0.549703 0.549703 0.549703 0.549703 0.549703 0.549703 0.549703 0.549703 0.549703 0.549703 0.549703 0.549703 0.549703 0.549703 0.549703 0.549703 0.549703 0.549703 0.549703 0.549703 0.549703 0.549703 0.549703 0.549703 0.549703 0.549703 0.549703 0.549703 0.549703 0.549703 0.549703 0.549703 0.549703 0.549703 0.549703 0.549703 0.549703 0.549703 0.549703 0.549703 0.549703 0.549703 0.548417 0.549703 0.549703 0.549703 0.549703 0.549703 0.549703 0.549703 0.549703 0.549703 0.43 0.549703 0.549703 0.549703 0.549703 0.549703 0.549703 0.549703 0.549703 0.549703 0.544898 0.549703 0.549703 0.549703 0.43 0.549703 0.549703 0.518403 0.549703 0.549703 0.549703 0.549703 0.549703 0.549703 0.441577 0.549703 0.549703 0.43 0.549703 0.549703 0.549703 0.549703 0.549703 0.549703 0.43 0.549703 0.549703 0.430004 0.549703 0.549703 0.549703 0.549703 0.549703 0.549703 0.549703 0.549703 0.549703 0.549703 0.549703 0.549703 0.549703 0.549703 0.549703 0.549703 0.549703 0.549703 0.549703 0.549703 0.549703 0.549703 0.549703 0.549703 0.549703 0.549703 0.549703 0.549703 0.549703 0.549703 0.549703 0.549703 0.549703 0.549703 0.549703 0.549703 0.549703 0.549703 0.549703 0.549703 0.549703 0.549703 0.491634 0.549703 0.549703 0.549703 0.549703 0.549703 0.549703 0.549703 0.549703 0.549703 0.43 0.549703 0.549703 0.549703 0.549703 0.549703 0.549703 0.549703 0.549703 0.549703 0.430178 0.549703 0.549703 0.549703 0.545634 0.549703 0.549703 0.430689 0.549703 0.549703 0.549703 0.549703 0.549703 0.549703 0.472697 0.549703 0.549703 0.45013 0.549703 0.549703 0.549703 0.549703 0.549703 0.549703 0.430009 0.549703 0.549703 0.430019 0.549703 0.549703 0.549703 0.549703 0.549703 0.549703 0.549703 0.549703 0.549703 0.549703 0.549703 0.549703 0.549703 0.549703 0.549703 0.549703 0.549703 0.549703 0.549703 0.549703 0.549703 0.549703 0.549703 0.549703 0.549703 0.549703 0.549703 0.549703 0.549703 0.549703 0.549703 0.549703 0.549703 0.549703 0.549703 0.549703 0.549703 0.549703 0.549703 0.549703 0.549703 0.549703 0.541996 0.549703 0.549703 0.549703 0.549703 0.549703 0.549703 0.549703 0.549703 0.549703 0.548678 0.549703 0.549703 0.549703 0.549703 0.549703 0.549703 0.549703 0.549703 0.549703 0.546214 0.549703 0.549703 0.549703 0.549703 0.549703 0.549703 0.549703 0.549703 0.549703 0.430017 0.549703 0.549703 0.549703 0.549703 0.549703 0.549703 0.549703 0.549703 0.549703 0.43 0.549703 0.549703 0.549703 0.549703 0.549703 0.549703 0.549703 0.549703 0.549703 0.43 0.549703 0.549703 0.549703 0.522736 0.549703 0.549703 0.530192 0.549703 0.549703 0.549703 0.549703 0.549703 0.549703 0.512504 0.549703 0.549703 0.510893 0.549703 0.549703 0.549703 0.549703 0.549703 0.549703 0.514683 0.549703 0.549703 0.548029 0.549703 0.549703 0.549703 0.549703 0.549703 0.549703 0.549703 0.549703 0.549703 0.549703 0.549703 0.549703 0.549703 0.549703 0.549703 0.549703 0.549703 0.549703 0.549703 0.549703 0.549703 0.549703 0.549703 0.549703 0.549703 0.549703 0.549703 0.549703 0.549703 0.549703 0.549703 0.549703 0.549703 0.549703 0.549703 0.549703 0.549703 0.549703 0.549703 0.549703 0.549703 0.549703 0.430349 0.549703 0.549703 0.549703 0.549703 0.549703 0.549703 0.549703 0.549703 0.549703 0.43 0.549703 0.549703 0.549703 0.549703 0.549703 0.549703 0.549703 0.549703 0.549703 0.43 0.549703 0.549703 0.549703 0.43 0.549703 0.549703 0.54678 0.549703 0.549703 0.549703 0.549703 0.549703 0.549703 0.43 0.549703 0.549703 0.547792 0.549703 0.549703 0.549703 0.549703 0.549703 0.549703 0.475032 0.549703 0.549703 0.430005 0.549703 0.549703 0.549703 0.549703 0.549703 0.549703 0.549703 0.549703 0.549703 0.549703 0.549703 0.549703 0.549703 0.549703 0.549703 0.549703 0.549703 0.549703 0.549703 0.549703 0.549703 0.549703 0.549703 0.549703 0.549703 0.549703 0.549703 0.549703 0.549703 0.549703 0.549703 0.549703 0.549703 0.549703 0.549703 0.549703 0.549703 0.549703 0.549703 0.549703 0.549703 0.549703 0.43 0.549703 0.549703 0.549703 0.549703 0.549703 0.549703 0.549703 0.549703 0.549703 0.54878 0.549703 0.549703 0.549703 0.549703 0.549703 0.549703 0.549703 0.549703 0.549703 0.4329 0.549703 0.549703 0.549703 0.43 0.549703 0.549703 0.430057 0.549703 0.549703 0.549703 0.549703 0.549703 0.549703 0.430026 0.549703 0.549703 0.485138 0.549703 0.549703 0.549703 0.549703 0.549703 0.549703 0.548981 0.549703 0.549703 0.43047 0.549703 0.549703 0.549703 0.549703 0.549703 0.549703 0.549703 0.549703 0.549703 0.549703 0.549703 0.549703 0.549703 0.549703 0.549703 0.549703 0.549703 0.549703 0.549703 0.549703 0.549703 0.549703 0.549703 0.549703 0.549703 0.549703 0.549703 0.549703 0.549703 0.549703 0.549703 0.549703 0.549703 0.549703 0.549703 0.549703 0.549703 0.549703 0.549703 0.549703 0.549703 0.549703 0.437061 0.549703 0.549703 0.549703 0.549703 0.549703 0.549703 0.549703 0.549703 0.549703 0.540617 0.549703 0.549703 0.549703 0.549703 0.549703 0.549703 0.549703 0.549703 0.549703 0.54694 0.549703 0.549703 
0.559654 0.559654 0.559654 0.559654 0.559654 0.559654 0.559654 0.490218 0.559654 0.559654 0.559654 0.559654 0.559654 0.559654 0.559654 0.559654 0.559654 0.42 0.559654 0.559654 0.559654 0.559654 0.559654 0.559654 0.559654 0.559654 0.559654 0.420004 0.559654 0.559654 0.559654 0.420753 0.559654 0.559654 0.559245 0.559654 0.559654 0.559654 0.559654 0.559654 0.559654 0.55932 0.559654 0.559654 0.42 0.559654 0.559654 0.559654 0.559654 0.559654 0.559654 0.556984 0.559654 0.559654 0.420016 0.559654 0.559654 0.559654 0.559654 0.559654 0.559654 0.559654 0.559654 0.559654 0.559654 0.559654 0.559654 0.559654 0.559654 0.559654 0.559654 0.559654 0.559654 0.559654 0.559654 0.559654 0.559654 0.559654 0.559654 0.559654 0.559654 0.559654 0.559654 0.559654 0.559654 0.559654 0.559654 0.559654 0.559654 0.559654 0.559654 0.559654 0.559654 0.559654 0.559654 0.559654 0.559654 0.420056 0.559654 0.559654 0.559654 0.559654 0.559654 0.559654 0.559654 0.559654 0.559654 0.558505 0.559654 0.559654 0.559654 0.559654 0.559654 0.559654 0.559654 0.559654 0.559654 0.442235 0.559654 0.559654 0.559654 0.426021 0.559654 0.559654 0.42 0.559654 0.559654 0.559654 0.559654 0.559654 0.559654 0.42 0.559654 0.559654 0.42 0.559654 0.559654 0.559654 0.559654 0.559654 0.559654 0.420186 0.559654 0.559654 0.546789 0.559654 0.559654 0.559654 0.559654 0.559654 0.559654 0.559654 0.559654 0.559654 0.559654 0.559654 0.559654 0.559654 0.559654 0.559654 0.559654 0.559654 0.559654 0.559654 0.559654 0.559654 0.559654 0.559654 0.559654 0.559654 0.559654 0.559654 0.559654 0.559654 0.559654 0.559654 0.559654 0.559654 0.559654 0.559654 0.559654 0.559654 0.559654 0.559654 0.559654 0.559654 0.559654 0.554387 0.559654 0.559654 0.559654 0.559654 0.559654 0.559654 0.559654 0.559654 0.559654 0.420119 0.559654 0.559654 0.559654 0.559654 0.559654 0.559654 0.559654 0.559654 0.559654 0.420002 0.559654 0.559654 0.559654 0.42 0.559654 0.559654 0.42 0.559654 0.559654 0.559654 0.559654 0.559654 0.559654 0.42891 0.559654 0.559654 0.42 0.559654 0.559654 0.559654 0.559654 0.559654 0.559654 0.472783 0.559654 0.559654 0.42 0.559654 0.559654 0.559654 0.559654 0.559654 0.559654 0.559654 0.559654 0.559654 0.559654 0.559654 0.559654 0.559654 0.559654 0.559654 0.559654 0.559654 0.559654 0.559654 0.559654 0.559654 0.559654 0.559654 0.559654 0.559654 0.559654 0.559654 0.559654 0.559654 0.559654 0.559654 0.559654 0.559654 0.559654 0.559654 0.559654 0.559654 0.559654 0.559654 0.559654 0.559654 0.559654 0.42054 0.559654 0.559654 0.559654 0.559654 0.559654 0.559654 0.559654 0.559654 0.559654 0.435679 0.559654 0.559654 0.559654 0.559654 0.559654 0.559654 0.559654 0.559654 0.559654 0.542529 0.559654 0.559654 0.559654 0.559654 0.559654 0.559654 0.559654 0.559654 0.559654 0.42 0.559654 0.559654 0.559654 0.559654 0.559654 0.559654 0.559654 0.559654 0.559654 0.544877 0.559654 0.559654 0.559654 0.559654 0.559654 0.559654 0.559654 0.559654 0.559654 0.42 0.559654 0.559654 0.559654 0.558905 0.559654 0.559654 0.554286 0.559654 0.559654 0.559654 0.559654 0.559654 0.559654 0.42 0.559654 0.559654 0.558484 0.559654 0.559654 0.559654 0.559654 0.559654 0.559654 0.42012 0.559654 0.559654 0.42 0.559654 0.559654 0.559654 0.559654 0.559654 0.559654 0.559654 0.559654 0.559654 0.559654 0.559654 0.559654 0.559654 0.559654 0.559654 0.559654 0.559654 0.559654 0.559654 0.559654 0.559654 0.559654 0.559654 0.559654 0.559654 0.559654 0.559654 0.559654 0.559654 0.559654 0.559654 0.559654 0.559654 0.559654 0.559654 0.559654 0.559654 0.559654 0.559654 0.559654 0.559654 0.559654 0.55821 0.559654 0.559654 0.559654 0.559654 0.559654 0.559654 0.559654 0.559654 0.559654 0.42 0.559654 0.559654 0.559654 0.559654 0.559654 0.559654 0.559654 0.559654 0.559654 0.554187 0.559654 0.559654 0.559654 0.42 0.559654 0.559654 0.521039 0.559654 0.559654 0.559654 0.559654 0.559654 0.559654 0.435793 0.559654 0.559654 0.42 0.559654 0.559654 0.559654 0.559654 0.559654 0.559654 0.42 0.559654 0.559654 0.420005 0.559654 0.559654 0.559654 0.559654 0.559654 0.559654 0.559654 0.559654 0.559654 0.559654 0.559654 0.559654 0.559654 0.559654 0.559654 0.559654 0.559654 0.559654 0.559654 0.559654 0.559654 0.559654 0.559654 0.559654 0.559654 0.559654 0.559654 0.559654 0.559654 0.559654 0.559654 0.559654 0.559654 0.559654 0.559654 0.559654 0.559654 0.559654 0.559654 0.559654 0.559654 0.559654 0.490145 0.559654 0.559654 0.559654 0.559654 0.559654 0.559654 0.559654 0.559654 0.559654 0.42 0.559654 0.559654 0.559654 0.559654 0.559654 0.559654 0.559654 0.559654 0.559654 0.420189 0.559654 0.559654 0.559654 0.554444 0.559654 0.559654 0.420769 0.559654 0.559654 0.559654 0.559654 0.559654 0.559654 0.468984 0.559654 0.559654 0.442968 0.559654 0.559654 0.559654 0.559654 0.559654 0.559654 0.42001 0.559654 0.559654 0.420019 0.559654 0.559654 0.559654 0.559654 0.559654 0.559654 0.559654 0.559654 0.559654 0.559654 0.559654 0.559654 0.559654 0.559654 0.559654 0.559654 0.559654 0.559654 0.559654 0.559654 0.559654 0.559654 0.559654 0.559654 0.559654 0.559654 0.559654 0.559654 0.559654 0.559654 0.559654 0.559654 0.559654 0.559654 0.559654 0.559654 0.559654 0.559654 0.559654 0.559654 0.559654 0.559654 0.549928 0.559654 0.559654 0.559654 0.559654 0.559654 0.559654 0.559654 0.559654 0.559654 0.558431 0.559654 0.559654 0.559654 0.559654 0.559654 0.559654 0.559654 0.559654 0.559654 0.555768 0.559654 0.559654 0.559654 0.559654 0.559654 0.559654 0.559654 0.559654 0.559654 0.42002 0.559654 0.559654 0.559654 0.559654 0.559654 0.559654 0.559654 0.559654 0.559654 0.42 0.559654 0.559654 0.559654 0.559654 0.559654 0.559654 0.559654 0.559654 0.559654 0.42 0.559654 0.559654 0.559654 0.52789 0.559654 0.559654 0.536888 0.559654 0.559654 0.559654 0.559654 0.559654 0.559654 0.515417 0.559654 0.559654 0.514078 0.559654 0.559654 0.559654 0.559654 0.559654 0.559654 0.518397 0.559654 0.559654 0.557655 0.559654 0.559654 0.559654 0.559654 0.559654 0.559654 0.559654 0.559654 0.559654 0.559654 0.559654 0.559654 0.559654 0.559654 0.559654 0.559654 0.559654 0.559654 0.559654 0.559654 0.559654 0.559654 0.559654 0.559654 0.559654 0.559654 0.559654 0.559654 0.559654 0.559654 0.559654 0.559654 0.559654 0.559654 0.559654 0.559654 0.559654 0.559654 0.559654 0.559654 0.559654 0.559654 0.420439 0.559654 0.559654 0.559654 0.559654 0.559654 0.559654 0.559654 0.559654 0.559654 0.42 0.559654 0.559654 0.559654 0.559654 0.559654 0.559654 0.559654 0.559654 0.559654 0.42 0.559654 0.559654 0.559654 0.42 0.559654 0.559654 0.556183 0.559654 0.559654 0.559654 0.559654 0.559654 0.559654 0.42 0.559654 0.559654 0.557529 0.559654 0.559654 0.559654 0.559654 0.559654 0.559654 0.469053 0.559654 0.559654 0.420007 0.559654 0.559654 0.559654 0.559654 0.559654 0.559654 0.559654 0.559654 0.559654 0.559654 0.559654 0.559654 0.559654 0.559654 0.559654 0.559654 0.559654 0.559654 0.559654 0.559654 0.559654 0.559654 0.559654 0.559654 0.559654 0.559654 0.559654 0.559654 0.559654 0.559654 0.559654 0.559654 0.559654 0.559654 0.559654 0.559654 0.559654 0.559654 0.559654 0.559654 0.559654 0.559654 0.42 0.559654 0.559654 0.559654 0.559654 0.559654 0.559654 0.559654 0.559654 0.559654 0.558606 0.559654 0.559654 0.559654 0.559654 0.559654 0.559654 0.559654 0.559654 0.559654 0.423611 0.559654 0.559654 0.559654 0.42 0.559654 0.559654 0.420075 0.559654 0.559654 0.559654 0.559654 0.559654 0.559654 0.420028 0.559654 0.559654 0.485138 0.559654 0.559654 0.559654 0.559654 0.559654 0.559654 0.558827 0.559654 0.559654 0.420511 0.559654 0.559654 0.559654 0.559654 0.559654 0.559654 0.559654 0.559654 0.559654 0.559654 0.559654 0.559654 0.559654 0.559654 0.559654 0.559654 0.559654 0.559654 0.559654 0.559654 0.559654 0.559654 0.559654 0.559654 0.559654 0.559654 0.559654 0.559654 0.559654 0.559654 0.559654 0.559654 0.559654 0.559654 0.559654 0.559654 0.559654 0.559654 0.559654 0.559654 0.559654 0.559654 0.428635 0.559654 0.559654 0.559654 0.559654 0.559654 0.559654 0.559654 0.559654 0.559654 0.54806 0.559654 0.559654 0.559654 0.559654 0.559654 0.559654 0.559654 0.559654 0.559654 0.556377 0.559654 0.559654 
0.569604 0.569604 0.569604 0.569604 0.569604 0.569604 0.569604 0.49367 0.569604 0.569604 0.569604 0.569604 0.569604 0.569604 0.569604 0.569604 0.569604 0.41 0.569604 0.569604 0.569604 0.569604 0.569604 0.569604 0.569604 0.569604 0.569604 0.410004 0.569604 0.569604 0.569604 0.410788 0.569604 0.569604 0.569149 0.569604 0.569604 0.569604 0.569604 0.569604 0.569604 0.569199 0.569604 0.569604 0.41 0.569604 0.569604 0.569604 0.569604 0.569604 0.569604 0.566652 0.569604 0.569604 0.410017 0.569604 0.569604 0.569604 0.569604 0.569604 0.569604 0.569604 0.569604 0.569604 0.569604 0.569604 0.569604 0.569604 0.569604 0.569604 0.569604 0.569604 0.569604 0.569604 0.569604 0.569604 0.569604 0.569604 0.569604 0.569604 0.569604 0.569604 0.569604 0.569604 0.569604 0.569604 0.569604 0.569604 0.569604 0.569604 0.569604 0.569604 0.569604 0.569604 0.569604 0.569604 0.569604 0.41006 0.569604 0.569604 0.569604 0.569604 0.569604 0.569604 0.569604 0.569604 0.569604 0.568272 0.569604 0.569604 0.569604 0.569604 0.569604 0.569604 0.569604 0.569604 0.569604 0.433183 0.569604 0.569604 0.569604 0.416917 0.569604 0.569604 0.41 0.569604 0.569604 0.569604 0.569604 0.569604 0.569604 0.41 0.569604 0.569604 0.41 0.569604 0.569604 0.569604 0.569604 0.569604 0.569604 0.410225 0.569604 0.569604 0.555381 0.569604 0.569604 0.569604 0.569604 0.569604 0.569604 0.569604 0.569604 0.569604 0.569604 0.569604 0.569604 0.569604 0.569604 0.569604 0.569604 0.569604 0.569604 0.569604 0.569604 0.569604 0.569604 0.569604 0.569604 0.569604 0.569604 0.569604 0.569604 0.569604 0.569604 0.569604 0.569604 0.569604 0.569604 0.569604 0.569604 0.569604 0.569604 0.569604 0.569604 0.569604 0.569604 0.563754 0.569604 0.569604 0.569604 0.569604 0.569604 0.569604 0.569604 0.569604 0.569604 0.410138 0.569604 0.569604 0.569604 0.569604 0.569604 0.569604 0.569604 0.569604 0.569604 0.410002 0.569604 0.569604 0.569604 0.41 0.569604 0.569604 0.41 0.569604 0.569604 0.569604 0.569604 0.569604 0.569604 0.419859 0.569604 0.569604 0.41 0.569604 0.569604 0.569604 0.569604 0.569604 0.569604 0.469597 0.569604 0.569604 0.41 0.569604 0.569604 0.569604 0.569604 0.569604 0.569604 0.569604 0.569604 0.569604 0.569604 0.569604 0.569604 0.569604 0.569604 0.569604 0.569604 0.569604 0.569604 0.569604 0.569604 0.569604 0.569604 0.569604 0.569604 0.569604 0.569604 0.569604 0.569604 0.569604 0.569604 0.569604 0.569604 0.569604 0.569604 0.569604 0.569604 0.569604 0.569604 0.569604 0.569604 0.569604 0.569604 0.410648 0.569604 0.569604 0.569604 0.569604 0.569604 0.569604 0.569604 0.569604 0.569604 0.426075 0.569604 0.569604 0.569604 0.569604 0.569604 0.569604 0.569604 0.569604 0.569604 0.550227 0.569604 0.569604 0.569604 0.569604 0.569604 0.569604 0.569604 0.569604 0.569604 0.41 0.569604 0.569604 0.569604 0.569604 0.569604 0.569604 0.569604 0.569604 0.569604 0.551047 0.569604 0.569604 0.569604 0.569604 0.569604 0.569604 0.569604 0.569604 0.569604 0.41 0.569604 0.569604 0.569604 0.568742 0.569604 0.569604 0.56344 0.569604 0.569604 0.569604 0.569604 0.569604 0.569604 0.41 0.569604 0.569604 0.568087 0.569604 0.569604 0.569604 0.569604 0.569604 0.569604 0.410132 0.569604 0.569604 0.410001 0.569604 0.569604 0.569604 0.569604 0.569604 0.569604 0.569604 0.569604 0.569604 0.569604 0.569604 0.569604 0.569604 0.569604 0.569604 0.569604 0.569604 0.569604 0.569604 0.569604 0.569604 0.569604 0.569604 0.569604 0.569604 0.569604 0.569604 0.569604 0.569604 0.569604 0.569604 0.569604 0.569604 0.569604 0.569604 0.569604 0.569604 0.569604 0.569604 0.569604 0.569604 0.569604 0.567977 0.569604 0.569604 0.569604 0.569604 0.569604 0.569604 0.569604 0.569604 0.569604 0.41 0.569604 0.569604 0.569604 0.569604 0.569604 0.569604 0.569604 0.569604 0.569604 0.562698 0.569604 0.569604 0.569604 0.41 0.569604 0.569604 0.526409 0.569604 0.569604 0.569604 0.569604 0.569604 0.569604 0.42878 0.569604 0.569604 0.41 0.569604 0.569604 0.569604 0.569604 0.569604 0.569604 0.41 0.569604 0.569604 0.410006 0.569604 0.569604 0.569604 0.569604 0.569604 0.569604 0.569604 0.569604 0.569604 0.569604 0.569604 0.569604 0.569604 0.569604 0.569604 0.569604 0.569604 0.569604 0.569604 0.569604 0.569604 0.569604 0.569604 0.569604 0.569604 0.569604 0.569604 0.569604 0.569604 0.569604 0.569604 0.569604 0.569604 0.569604 0.569604 0.569604 0.569604 0.569604 0.569604 0.569604 0.569604 0.569604 0.4925 0.569604 0.569604 0.569604 0.569604 0.569604 0.569604 0.569604 0.569604 0.569604 0.41 0.569604 0.569604 0.569604 0.569604 0.569604 0.569604 0.569604 0.569604 0.569604 0.410197 0.569604 0.569604 0.569604 0.563997 0.569604 0.569604 0.410989 0.569604 0.569604 0.569604 0.569604 0.569604 0.569604 0.469283 0.569604 0.569604 0.437184 0.569604 0.569604 0.569604 0.569604 0.569604 0.569604 0.410011 0.569604 0.569604 0.410021 0.569604 0.569604 0.569604 0.569604 0.569604 0.569604 0.569604 0.569604 0.569604 0.569604 0.569604 0.569604 0.569604 0.569604 0.569604 0.569604 0.569604 0.569604 0.569604 0.569604 0.569604 0.569604 0.569604 0.569604 0.569604 0.569604 0.569604 0.569604 0.569604 0.569604 0.569604 0.569604 0.569604 0.569604 0.569604 0.569604 0.569604 0.569604 0.569604 0.569604 0.569604 0.569604 0.556455 0.569604 0.569604 0.569604 0.569604 0.569604 0.569604 0.569604 0.569604 0.569604 0.568184 0.569604 0.569604 0.569604 0.569604 0.569604 0.569604 0.569604 0.569604 0.569604 0.565266 0.569604 0.569604 0.569604 0.569604 0.569604 0.569604 0.569604 0.569604 0.569604 0.410023 0.569604 0.569604 0.569604 0.569604 0.569604 0.569604 0.569604 0.569604 0.569604 0.41 0.569604 0.569604 0.569604 0.569604 0.569604 0.569604 0.569604 0.569604 0.569604 0.41 0.569604 0.569604 0.569604 0.526992 0.569604 0.569604 0.536588 0.569604 0.569604 0.569604 0.569604 0.569604 0.569604 0.516906 0.569604 0.569604 0.513779 0.569604 0.569604 0.569604 0.569604 0.569604 0.569604 0.52286 0.569604 0.569604 0.567234 0.569604 0.569604 0.569604 0.569604 0.569604 0.569604 0.569604 0.569604 0.569604 0.569604 0.569604 0.569604 0.569604 0.569604 0.569604 0.569604 0.569604 0.569604 0.569604 0.569604 0.569604 0.569604 0.569604 0.569604 0.569604 0.569604 0.569604 0.569604 0.569604 0.569604 0.569604 0.569604 0.569604 0.569604 0.569604 0.569604 0.569604 0.569604 0.569604 0.569604 0.569604 0.569604 0.410523 0.569604 0.569604 0.569604 0.569604 0.569604 0.569604 0.569604 0.569604 0.569604 0.41 0.569604 0.569604 0.569604 0.569604 0.569604 0.569604 0.569604 0.569604 0.569604 0.41 0.569604 0.569604 0.569604 0.41 0.569604 0.569604 0.565887 0.569604 0.569604 0.569604 0.569604 0.569604 0.569604 0.41 0.569604 0.569604 0.567234 0.569604 0.569604 0.569604 0.569604 0.569604 0.569604 0.463073 0.569604 0.569604 0.410007 0.569604 0.569604 0.569604 0.569604 0.569604 0.569604 0.569604 0.569604 0.569604 0.569604 0.569604 0.569604 0.569604 0.569604 0.569604 0.569604 0.569604 0.569604 0.569604 0.569604 0.569604 0.569604 0.569604 0.569604 0.569604 0.569604 0.569604 0.569604 0.569604 0.569604 0.569604 0.569604 0.569604 0.569604 0.569604 0.569604 0.569604 0.569604 0.569604 0.569604 0.569604 0.569604 0.41 0.569604 0.569604 0.569604 0.569604 0.569604 0.569604 0.569604 0.569604 0.569604 0.568433 0.569604 0.569604 0.569604 0.569604 0.569604 0.569604 0.569604 0.569604 0.569604 0.413944 0.569604 0.569604 0.569604 0.41 0.569604 0.569604 0.410084 0.569604 0.569604 0.569604 0.569604 0.569604 0.569604 0.410031 0.569604 0.569604 0.484539 0.569604 0.569604 0.569604 0.569604 0.569604 0.569604 0.568757 0.569604 0.569604 0.410535 0.569604 0.569604 0.569604 0.569604 0.569604 0.569604 0.569604 0.569604 0.569604 0.569604 0.569604 0.569604 0.569604 0.569604 0.569604 0.569604 0.569604 0.569604 0.569604 0.569604 0.569604 0.569604 0.569604 0.569604 0.569604 0.569604 0.569604 0.569604 0.569604 0.569604 0.569604 0.569604 0.569604 0.569604 0.569604 0.569604 0.569604 0.569604 0.569604 0.569604 0.569604 0.569604 0.419346 0.569604 0.569604 0.569604 0.569604 0.569604 0.569604 0.569604 0.569604 0.569604 0.557558 0.569604 0.569604 0.569604 0.569604 0.569604 0.569604 0.569604 0.569604 0.569604 0.565743 0.569604 0.569604 
0.579555 0.579555 0.579555 0.579555 0.579555 0.579555 0.579555 0.491034 0.579555 0.579555 0.579555 0.579555 0.579555 0.579555 0.579555 0.579555 0.579555 0.4 0.579555 0.579555 0.579555 0.579555 0.579555 0.579555 0.579555 0.579555 0.579555 0.400005 0.579555 0.579555 0.579555 0.400809 0.579555 0.579555 0.579074 0.579555 0.579555 0.579555 0.579555 0.579555 0.579555 0.579114 0.579555 0.579555 0.4 0.579555 0.579555 0.579555 0.579555 0.579555 0.579555 0.576178 0.579555 0.579555 0.400018 0.579555 0.579555 0.579555 0.579555 0.579555 0.579555 0.579555 0.579555 0.579555 0.579555 0.579555 0.579555 0.579555 0.579555 0.579555 0.579555 0.579555 0.579555 0.579555 0.579555 0.579555 0.579555 0.579555 0.579555 0.579555 0.579555 0.579555 0.579555 0.579555 0.579555 0.579555 0.579555 0.579555 0.579555 0.579555 0.579555 0.579555 0.579555 0.579555 0.579555 0.579555 0.579555 0.40007 0.579555 0.579555 0.579555 0.579555 0.579555 0.579555 0.579555 0.579555 0.579555 0.578052 0.579555 0.579555 0.579555 0.579555 0.579555 0.579555 0.579555 0.579555 0.579555 0.423604 0.579555 0.579555 0.579555 0.407363 0.579555 0.579555 0.4 0.579555 0.579555 0.579555 0.579555 0.579555 0.579555 0.4 0.579555 0.579555 0.4 0.579555 0.579555 0.579555 0.579555 0.579555 0.579555 0.400236 0.579555 0.579555 0.563972 0.579555 0.579555 0.579555 0.579555 0.579555 0.579555 0.579555 0.579555 0.579555 0.579555 0.579555 0.579555 0.579555 0.579555 0.579555 0.579555 0.579555 0.579555 0.579555 0.579555 0.579555 0.579555 0.579555 0.579555 0.579555 0.579555 0.579555 0.579555 0.579555 0.579555 0.579555 0.579555 0.579555 0.579555 0.579555 0.579555 0.579555 0.579555 0.579555 0.579555 0.579555 0.579555 0.57338 0.579555 0.579555 0.579555 0.579555 0.579555 0.579555 0.579555 0.579555 0.579555 0.400146 0.579555 0.579555 0.579555 0.579555 0.579555 0.579555 0.579555 0.579555 0.579555 0.400003 0.579555 0.579555 0.579555 0.4 0.579555 0.579555 0.4 0.579555 0.579555 0.579555 0.579555 0.579555 0.579555 0.411715 0.579555 0.579555 0.4 0.579555 0.579555 0.579555 0.579555 0.579555 0.579555 0.467817 0.579555 0.579555 0.4 0.579555 0.579555 0.579555 0.579555 0.579555 0.579555 0.579555 0.579555 0.579555 0.579555 0.579555 0.579555 0.579555 0.579555 0.579555 0.579555 0.579555 0.579555 0.579555 0.579555 0.579555 0.579555 0.579555 0.579555 0.579555 0.579555 0.579555 0.579555 0.579555 0.579555 0.579555 0.579555 0.579555 0.579555 0.579555 0.579555 0.579555 0.579555 0.579555 0.579555 0.579555 0.579555 0.400811 0.579555 0.579555 0.579555 0.579555 0.579555 0.579555 0.579555 0.579555 0.579555 0.418257 0.579555 0.579555 0.579555 0.579555 0.579555 0.579555 0.579555 0.579555 0.579555 0.557241 0.579555 0.579555 0.579555 0.579555 0.579555 0.579555 0.579555 0.579555 0.579555 0.4 0.579555 0.579555 0.579555 0.579555 0.579555 0.579555 0.579555 0.579555 0.579555 0.559922 0.579555 0.579555 0.579555 0.579555 0.579555 0.579555 0.579555 0.579555 0.579555 0.4 0.579555 0.579555 0.579555 0.578597 0.579555 0.579555 0.572544 0.579555 0.579555 0.579555 0.579555 0.579555 0.579555 0.4 0.579555 0.579555 0.57788 0.579555 0.579555 0.579555 0.579555 0.579555 0.579555 0.400147 0.579555 0.579555 0.400001 0.579555 0.579555 0.579555 0.579555 0.579555 0.579555 0.579555 0.579555 0.579555 0.579555 0.579555 0.579555 0.579555 0.579555 0.579555 0.579555 0.579555 0.579555 0.579555 0.579555 0.579555 0.579555 0.579555 0.579555 0.579555 0.579555 0.579555 0.579555 0.579555 0.579555 0.579555 0.579555 0.579555 0.579555 0.579555 0.579555 0.579555 0.579555 0.579555 0.579555 0.579555 0.579555 0.577743 0.579555 0.579555 0.579555 0.579555 0.579555 0.579555 0.579555 0.579555 0.579555 0.4 0.579555 0.579555 0.579555 0.579555 0.579555 0.579555 0.579555 0.579555 0.579555 0.5721 0.579555 0.579555 0.579555 0.4 0.579555 0.579555 0.530872 0.579555 0.579555 0.579555 0.579555 0.579555 0.579555 0.420039 0.579555 0.579555 0.4 0.579555 0.579555 0.579555 0.579555 0.579555 0.579555 0.4 0.579555 0.579555 0.400007 0.579555 0.579555 0.579555 0.579555 0.579555 0.579555 0.579555 0.579555 0.579555 0.579555 0.579555 0.579555 0.579555 0.579555 0.579555 0.579555 0.579555 0.579555 0.579555 0.579555 0.579555 0.579555 0.579555 0.579555 0.579555 0.579555 0.579555 0.579555 0.579555 0.579555 0.579555 0.579555 0.579555 0.579555 0.579555 0.579555 0.579555 0.579555 0.579555 0.579555 0.579555 0.579555 0.496719 0.579555 0.579555 0.579555 0.579555 0.579555 0.579555 0.579555 0.579555 0.579555 0.4 0.579555 0.579555 0.579555 0.579555 0.579555 0.579555 0.579555 0.579555 0.579555 0.400226 0.579555 0.579555 0.579555 0.573465 0.579555 0.579555 0.401236 0.579555 0.579555 0.579555 0.579555 0.579555 0.579555 0.466928 0.579555 0.579555 0.4314 0.579555 0.579555 0.579555 0.579555 0.579555 0.579555 0.400012 0.579555 0.579555 0.400022 0.579555 0.579555 0.579555 0.579555 0.579555 0.579555 0.579555 0.579555 0.579555 0.579555 0.579555 0.579555 0.579555 0.579555 0.579555 0.579555 0.579555 0.579555 0.579555 0.579555 0.579555 0.579555 0.579555 0.579555 0.579555 0.579555 0.579555 0.579555 0.579555 0.579555 0.579555 0.579555 0.579555 0.579555 0.579555 0.579555 0.579555 0.579555 0.579555 0.579555 0.579555 0.579555 0.564697 0.579555 0.579555 0.579555 0.579555 0.579555 0.579555 0.579555 0.579555 0.579555 0.577964 0.579555 0.579555 0.579555 0.579555 0.579555 0.579555 0.579555 0.579555 0.579555 0.574765 0.579555 0.579555 0.579555 0.579555 0.579555 0.579555 0.579555 0.579555 0.579555 0.400032 0.579555 0.579555 0.579555 0.579555 0.579555 0.579555 0.579555 0.579555 0.579555 0.4 0.579555 0.579555 0.579555 0.579555 0.579555 0.579555 0.579555 0.579555 0.579555 0.4 0.579555 0.579555 0.579555 0.532776 0.579555 0.579555 0.54294 0.579555 0.579555 0.579555 0.579555 0.579555 0.579555 0.518687 0.579555 0.579555 0.515559 0.579555 0.579555 0.579555 0.579555 0.579555 0.579555 0.527559 0.579555 0.579555 0.576787 0.579555 0.579555 0.579555 0.579555 0.579555 0.579555 0.579555 0.579555 0.579555 0.579555 0.579555 0.579555 0.579555 0.579555 0.579555 0.579555 0.579555 0.579555 0.579555 0.579555 0.579555 0.579555 0.579555 0.579555 0.579555 0.579555 0.579555 0.579555 0.579555 0.579555 0.579555 0.579555 0.579555 0.579555 0.579555 0.579555 0.579555 0.579555 0.579555 0.579555 0.579555 0.579555 0.400594 0.579555 0.579555 0.579555 0.579555 0.579555 0.579555 0.579555 0.579555 0.579555 0.4 0.579555 0.579555 0.579555 0.579555 0.579555 0.579555 0.579555 0.579555 0.579555 0.4 0.579555 0.579555 0.579555 0.4 0.579555 0.579555 0.575466 0.579555 0.579555 0.579555 0.579555 0.579555 0.579555 0.4 0.579555 0.579555 0.577061 0.579555 0.579555 0.579555 0.579555 0.579555 0.579555 0.457093 0.579555 0.579555 0.400008 0.579555 0.579555 0.579555 0.579555 0.579555 0.579555 0.579555 0.579555 0.579555 0.579555 0.579555 0.579555 0.579555 0.579555 0.579555 0.579555 0.579555 0.579555 0.579555 0.579555 0.579555 0.579555 0.579555 0.579555 0.579555 0.579555 0.579555 0.579555 0.579555 0.579555 0.579555 0.579555 0.579555 0.579555 0.579555 0.579555 0.579555 0.579555 0.579555 0.579555 0.579555 0.579555 0.4 0.579555 0.579555 0.579555 0.579555 0.579555 0.579555 0.579555 0.579555 0.579555 0.578249 0.579555 0.579555 0.579555 0.579555 0.579555 0.579555 0.579555 0.579555 0.579555 0.4058 0.579555 0.579555 0.579555 0.4 0.579555 0.579555 0.400087 0.579555 0.579555 0.579555 0.579555 0.579555 0.579555 0.400034 0.579555 0.579555 0.487175 0.579555 0.579555 0.579555 0.579555 0.579555 0.579555 0.57862 0.579555 0.579555 0.40073 0.579555 0.579555 0.579555 0.579555 0.579555 0.579555 0.579555 0.579555 0.579555 0.579555 0.579555 0.579555 0.579555 0.579555 0.579555 0.579555 0.579555 0.579555 0.579555 0.579555 0.579555 0.579555 0.579555 0.579555 0.579555 0.579555 0.579555 0.579555 0.579555 0.579555 0.579555 0.579555 0.579555 0.579555 0.579555 0.579555 0.579555 0.579555 0.579555 0.579555 0.579555 0.579555 0.409743 0.579555 0.579555 0.579555 0.579555 0.579555 0.579555 0.579555 0.579555 0.579555 0.565001 0.579555 0.579555 0.579555 0.579555 0.579555 0.579555 0.579555 0.579555 0.579555 0.575346 0.579555 0.579555 
0.589505 0.589505 0.589505 0.589505 0.589505 0.589505 0.589505 0.495253 0.589505 0.589505 0.589505 0.589505 0.589505 0.589505 0.589505 0.589505 0.589505 0.39 0.589505 0.589505 0.589505 0.589505 0.589505 0.589505 0.589505 0.589505 0.589505 0.390005 0.589505 0.589505 0.589505 0.390865 0.589505 0.589505 0.588945 0.589505 0.589505 0.589505 0.589505 0.589505 0.589505 0.589029 0.589505 0.589505 0.39 0.589505 0.589505 0.589505 0.589505 0.589505 0.589505 0.585883 0.589505 0.589505 0.390018 0.589505 0.589505 0.589505 0.589505 0.589505 0.589505 0.589505 0.589505 0.589505 0.589505 0.589505 0.589505 0.589505 0.589505 0.589505 0.589505 0.589505 0.589505 0.589505 0.589505 0.589505 0.589505 0.589505 0.589505 0.589505 0.589505 0.589505 0.589505 0.589505 0.589505 0.589505 0.589505 0.589505 0.589505 0.589505 0.589505 0.589505 0.589505 0.589505 0.589505 0.589505 0.589505 0.390073 0.589505 0.589505 0.589505 0.589505 0.589505 0.589505 0.589505 0.589505 0.589505 0.587805 0.589505 0.589505 0.589505 0.589505 0.589505 0.589505 0.589505 0.589505 0.589505 0.416298 0.589505 0.589505 0.589505 0.397836 0.589505 0.589505 0.39 0.589505 0.589505 0.589505 0.589505 0.589505 0.589505 0.39 0.589505 0.589505 0.39 0.589505 0.589505 0.589505 0.589505 0.589505 0.589505 0.390244 0.589505 0.589505 0.572713 0.589505 0.589505 0.589505 0.589505 0.589505 0.589505 0.589505 0.589505 0.589505 0.589505 0.589505 0.589505 0.589505 0.589505 0.589505 0.589505 0.589505 0.589505 0.589505 0.589505 0.589505 0.589505 0.589505 0.589505 0.589505 0.589505 0.589505 0.589505 0.589505 0.589505 0.589505 0.589505 0.589505 0.589505 0.589505 0.589505 0.589505 0.589505 0.589505 0.589505 0.589505 0.589505 0.582534 0.589505 0.589505 0.589505 0.589505 0.589505 0.589505 0.589505 0.589505 0.589505 0.390163 0.589505 0.589505 0.589505 0.589505 0.589505 0.589505 0.589505 0.589505 0.589505 0.390003 0.589505 0.589505 0.589505 0.39 0.589505 0.589505 0.39 0.589505 0.589505 0.589505 0.589505 0.589505 0.589505 0.404409 0.589505 0.589505 0.39 0.589505 0.589505 0.589505 0.589505 0.589505 0.589505 0.463847 0.589505 0.589505 0.39 0.589505 0.589505 0.589505 0.589505 0.589505 0.589505 0.589505 0.589505 0.589505 0.589505 0.589505 0.589505 0.589505 0.589505 0.589505 0.589505 0.589505 0.589505 0.589505 0.589505 0.589505 0.589505 0.589505 0.589505 0.589505 0.589505 0.589505 0.589505 0.589505 0.589505 0.589505 0.589505 0.589505 0.589505 0.589505 0.589505 0.589505 0.589505 0.589505 0.589505 0.589505 0.589505 0.390837 0.589505 0.589505 0.589505 0.589505 0.589505 0.589505 0.589505 0.589505 0.589505 0.409747 0.589505 0.589505 0.589505 0.589505 0.589505 0.589505 0.589505 0.589505 0.589505 0.565578 0.589505 0.589505 0.589505 0.589505 0.589505 0.589505 0.589505 0.589505 0.589505 0.39 0.589505 0.589505 0.589505 0.589505 0.589505 0.589505 0.589505 0.589505 0.589505 0.565705 0.589505 0.589505 0.589505 0.589505 0.589505 0.589505 0.589505 0.589505 0.589505 0.39 0.589505 0.589505 0.589505 0.588443 0.589505 0.589505 0.581833 0.589505 0.589505 0.589505 0.589505 0.589505 0.589505 0.39 0.589505 0.589505 0.587673 0.589505 0.589505 0.589505 0.589505 0.589505 0.589505 0.390153 0.589505 0.589505 0.390001 0.589505 0.589505 0.589505 0.589505 0.589505 0.589505 0.589505 0.589505 0.589505 0.589505 0.589505 0.589505 0.589505 0.589505 0.589505 0.589505 0.589505 0.589505 0.589505 0.589505 0.589505 0.589505 0.589505 0.589505 0.589505 0.589505 0.589505 0.589505 0.589505 0.589505 0.589505 0.589505 0.589505 0.589505 0.589505 0.589505 0.589505 0.589505 0.589505 0.589505 0.589505 0.589505 0.587465 0.589505 0.589505 0.589505 0.589505 0.589505 0.589505 0.589505 0.589505 0.589505 0.39 0.589505 0.589505 0.589505 0.589505 0.589505 0.589505 0.589505 0.589505 0.589505 0.581096 0.589505 0.589505 0.589505 0.39 0.589505 0.589505 0.534585 0.589505 0.589505 0.589505 0.589505 0.589505 0.589505 0.411998 0.589505 0.589505 0.39 0.589505 0.589505 0.589505 0.589505 0.589505 0.589505 0.39 0.589505 0.589505 0.390009 0.589505 0.589505 0.589505 0.589505 0.589505 0.589505 0.589505 0.589505 0.589505 0.589505 0.589505 0.589505 0.589505 0.589505 0.589505 0.589505 0.589505 0.589505 0.589505 0.589505 0.589505 0.589505 0.589505 0.589505 0.589505 0.589505 0.589505 0.589505 0.589505 0.589505 0.589505 0.589505 0.589505 0.589505 0.589505 0.589505 0.589505 0.589505 0.589505 0.589505 0.589505 0.589505 0.497913 0.589505 0.589505 0.589505 0.589505 0.589505 0.589505 0.589505 0.589505 0.589505 0.39 0.589505 0.589505 0.589505 0.589505 0.589505 0.589505 0.589505 0.589505 0.589505 0.390263 0.589505 0.589505 0.589505 0.582992 0.589505 0.589505 0.3914 0.589505 0.589505 0.589505 0.589505 0.589505 0.589505 0.462959 0.589505 0.589505 0.426938 0.589505 0.589505 0.589505 0.589505 0.589505 0.589505 0.390013 0.589505 0.589505 0.390023 0.589505 0.589505 0.589505 0.589505 0.589505 0.589505 0.589505 0.589505 0.589505 0.589505 0.589505 0.589505 0.589505 0.589505 0.589505 0.589505 0.589505 0.589505 0.589505 0.589505 0.589505 0.589505 0.589505 0.589505 0.589505 0.589505 0.589505 0.589505 0.589505 0.589505 0.589505 0.589505 0.589505 0.589505 0.589505 0.589505 0.589505 0.589505 0.589505 0.589505 0.589505 0.589505 0.572629 0.589505 0.589505 0.589505 0.589505 0.589505 0.589505 0.589505 0.589505 0.589505 0.587801 0.589505 0.589505 0.589505 0.589505 0.589505 0.589505 0.589505 0.589505 0.589505 0.584053 0.589505 0.589505 0.589505 0.589505 0.589505 0.589505 0.589505 0.589505 0.589505 0.39004 0.589505 0.589505 0.589505 0.589505 0.589505 0.589505 0.589505 0.589505 0.589505 0.39 0.589505 0.589505 0.589505 0.589505 0.589505 0.589505 0.589505 0.589505 0.589505 0.39 0.589505 0.589505 0.589505 0.535961 0.589505 0.589505 0.549798 0.589505 0.589505 0.589505 0.589505 0.589505 0.589505 0.5224 0.589505 0.589505 0.518196 0.589505 0.589505 0.589505 0.589505 0.589505 0.589505 0.533728 0.589505 0.589505 0.586341 0.589505 0.589505 0.589505 0.589505 0.589505 0.589505 0.589505 0.589505 0.589505 0.589505 0.589505 0.589505 0.589505 0.589505 0.589505 0.589505 0.589505 0.589505 0.589505 0.589505 0.589505 0.589505 0.589505 0.589505 0.589505 0.589505 0.589505 0.589505 0.589505 0.589505 0.589505 0.589505 0.589505 0.589505 0.589505 0.589505 0.589505 0.589505 0.589505 0.589505 0.589505 0.589505 0.390665 0.589505 0.589505 0.589505 0.589505 0.589505 0.589505 0.589505 0.589505 0.589505 0.39 0.589505 0.589505 0.589505 0.589505 0.589505 0.589505 0.589505 0.589505 0.589505 0.39 0.589505 0.589505 0.589505 0.39 0.589505 0.589505 0.585134 0.589505 0.589505 0.589505 0.589505 0.589505 0.589505 0.39 0.589505 0.589505 0.586765 0.589505 0.589505 0.589505 0.589505 0.589505 0.589505 0.45263 0.589505 0.589505 0.390009 0.589505 0.589505 0.589505 0.589505 0.589505 0.589505 0.589505 0.589505 0.589505 0.589505 0.589505 0.589505 0.589505 0.589505 0.589505 0.589505 0.589505 0.589505 0.589505 0.589505 0.589505 0.589505 0.589505 0.589505 0.589505 0.589505 0.589505 0.589505 0.589505 0.589505 0.589505 0.589505 0.589505 0.589505 0.589505 0.589505 0.589505 0.589505 0.589505 0.589505 0.589505 0.589505 0.39 0.589505 0.589505 0.589505 0.589505 0.589505 0.589505 0.589505 0.589505 0.589505 0.588121 0.589505 0.589505 0.589505 0.589505 0.589505 0.589505 0.589505 0.589505 0.589505 0.395973 0.589505 0.589505 0.589505 0.39 0.589505 0.589505 0.390089 0.589505 0.589505 0.589505 0.589505 0.589505 0.589505 0.390038 0.589505 0.589505 0.482713 0.589505 0.589505 0.589505 0.589505 0.589505 0.589505 0.588484 0.589505 0.589505 0.390759 0.589505 0.589505 0.589505 0.589505 0.589505 0.589505 0.589505 0.589505 0.589505 0.589505 0.589505 0.589505 0.589505 0.589505 0.589505 0.589505 0.589505 0.589505 0.589505 0.589505 0.589505 0.589505 0.589505 0.589505 0.589505 0.589505 0.589505 0.589505 0.589505 0.589505 0.589505 0.589505 0.589505 0.589505 0.589505 0.589505 0.589505 0.589505 0.589505 0.589505 0.589505 0.589505 0.400039 0.589505 0.589505 0.589505 0.589505 0.589505 0.589505 0.589505 0.589505 0.589505 0.573243 0.589505 0.589505 0.589505 0.589505 0.589505 0.589505 0.589505 0.589505 0.589505 0.584949 0.589505 0.589505 

</Matrix>
   <Matrix name="ratesHistory" type="complete" rows="11" columns="900" multiplier="1.0">
   0 0 0 0 0 0 0 0 0 0 0 0 0 0 0 0 0 0 0 0 0 0 0 0 0 0 0 0 0 0 0 0 0 0 0 0 0 0 0 0 0 0 0 0 0 0 0 0 0 0 0 0 0 0 0 0 0 0 0 0 0 0 0 0 0 0 0 0 0 0 0 0 0 0 0 0 0 0 0 0 0 0 0 0 0 0 0 0 0 0 0 0 0 0 0 0 0 0 0 0 0 0 0 0 0 0 0 0 0 0 0 0 0 0 0 0 0 0 0 0 0 0 0 0 0 0 0 0 0 0 0 0 0 0 0 0 0 0 0 0 0 0 0 0 0 0 0 0 0 0 0 0 0 0 0 0 0 0 0 0 0 0 0 0 0 0 0 0 0 0 0 0 0 0 0 0 0 0 0 0 0 0 0 0 0 0 0 0 0 0 0 0 0 0 0 0 0 0 0 0 0 0 0 0 0 0 0 0 0 0 0 0 0 0 0 0 0 0 0 0 0 0 0 0 0 0 0 0 0 0 0 0 0 0 0 0 0 0 0 0 0 0 0 0 0 0 0 0 0 0 0 0 0 0 0 0 0 0 0 0 0 0 0 0 0 0 0 0 0 0 0 0 0 0 0 0 0 0 0 0 0 0 0 0 0 0 0 0 0 0 0 0 0 0 0 0 0 0 0 0 0 0 0 0 0 0 0 0 0 0 0 0 0 0 0 0 0 0 0 0 0 0 0 0 0 0 0 0 0 0 0 0 0 0 0 0 0 0 0 0 0 0 0 0 0 0 0 0 0 0 0 0 0 0 0 0 0 0 0 0 0 0 0 0 0 0 0 0 0 0 0 0 0 0 0 0 0 0 0 0 0 0 0 0 0 0 0 0 0 0 0 0 0 0 0 0 0 0 0 0 0 0 0 0 0 0 0 0 0 0 0 0 0 0 0 0 0 0 0 0 0 0 0 0 0 0 0 0 0 0 0 0 0 0 0 0 0 0 0 0 0 0 0 0 0 0 0 0 0 0 0 0 0 0 0 0 0 0 0 0 0 0 0 0 0 0 0 0 0 0 0 0 0 0 0 0 0 0 0 0 0 0 0 0 0 0 0 0 0 0 0 0 0 0 0 0 0 0 0 0 0 0 0 0 0 0 0 0 0 0 0 0 0 0 0 0 0 0 0 0 0 0 0 0 0 0 0 0 0 0 0 0 0 0 0 0 0 0 0 0 0 0 0 0 0 0 0 0 0 0 0 0 0 0 0 0 0 0 0 0 0 0 0 0 0 0 0 0 0 0 0 0 0 0 0 0 0 0 0 0 0 0 0 0 0 0 0 0 0 0 0 0 0 0 0 0 0 0 0 0 0 0 0 0 0 0 0 0 0 0 0 0 0 0 0 0 0 0 0 0 0 0 0 0 0 0 0 0 0 0 0 0 0 0 0 0 0 0 0 0 0 0 0 0 0 0 0 0 0 0 0 0 0 0 0 0 0 0 0 0 0 0 0 0 0 0 0 0 0 0 0 0 0 0 0 0 0 0 0 0 0 0 0 0 0 0 0 0 0 0 0 0 0 0 0 0 0 0 0 0 0 0 0 0 0 0 0 0 0 0 0 0 0 0 0 0 0 0 0 0 0 0 0 0 0 0 0 0 0 0 0 0 0 0 0 0 0 0 0 0 0 0 0 0 0 0 0 0 0 0 0 0 0 0 0 0 0 0 0 0 0 0 0 0 0 0 0 0 0 0 0 0 0 0 0 0 0 0 0 0 0 0 0 0 0 0 0 0 0 0 0 0 0 0 0 0 0 0 0 0 0 0 0 0 0 0 0 0 0 0 0 0 0 0 0 0 0 0 0 0 0 0 0 0 0 0 0 0 0 0 0 0 0 0 0 0 0 0 0 0 0 0 0 0 0 0 0 0 0 0 0 0 0 0 0 0 0 0 0 0 0 0 0 0 0 0 0 0 0 0 0 0 0 0 0 0 0 0 0 0 0 0 0 0 0 0 0 0 0 0 0 0 0 0 0 0 0 0 0 0 
0 0 0 0 0 0 0 0.89 0 0 0 0 0 0 0 0 0 5.78 0 0 0 0 0 0 0 0 0 3.03 0 0 0 1.87 0 0 0.16 0 0 0 0 0 0 0.05 0 0 4.56 0 0 0 0 0 0 0.36 0 0 2.54 0 0 0 0 0 0 0 0 0 0 0 0 0 0 0 0 0 0 0 0 0 0 0 0 0 0 0 0 0 0 0 0 0 0 0 0 0 0 0 0 0 0 2.51 0 0 0 0 0 0 0 0 0 0.2 0 0 0 0 0 0 0 0 0 1.07 0 0 0 1.57 0 0 5.23 0 0 0 0 0 0 4.96 0 0 4.88 0 0 0 0 0 0 1.93 0 0 0.62 0 0 0 0 0 0 0 0 0 0 0 0 0 0 0 0 0 0 0 0 0 0 0 0 0 0 0 0 0 0 0 0 0 0 0 0 0 0 0 0 0 0 0.37 0 0 0 0 0 0 0 0 0 2.15 0 0 0 0 0 0 0 0 0 2.75 0 0 0 5.48 0 0 3.94 0 0 0 0 0 0 1.45 0 0 4.12 0 0 0 0 0 0 0.94 0 0 4.67 0 0 0 0 0 0 0 0 0 0 0 0 0 0 0 0 0 0 0 0 0 0 0 0 0 0 0 0 0 0 0 0 0 0 0 0 0 0 0 0 0 0 2.11 0 0 0 0 0 0 0 0 0 1.38 0 0 0 0 0 0 0 0 0 0.6 0 0 0 0 0 0 0 0 0 4.28 0 0 0 0 0 0 0 0 0 0.69 0 0 0 0 0 0 0 0 0 3.59 0 0 0 0.22 0 0 0.51 0 0 0 0 0 0 4.81 0 0 0.2 0 0 0 0 0 0 2.16 0 0 3.13 0 0 0 0 0 0 0 0 0 0 0 0 0 0 0 0 0 0 0 0 0 0 0 0 0 0 0 0 0 0 0 0 0 0 0 0 0 0 0 0 0 0 0.3 0 0 0 0 0 0 0 0 0 3.64 0 0 0 0 0 0 0 0 0 0.48 0 0 0 3.46 0 0 0.75 0 0 0 0 0 0 1.39 0 0 4.89 0 0 0 0 0 0 4.84 0 0 2.73 0 0 0 0 0 0 0 0 0 0 0 0 0 0 0 0 0 0 0 0 0 0 0 0 0 0 0 0 0 0 0 0 0 0 0 0 0 0 0 0 0 0 0.94 0 0 0 0 0 0 0 0 0 5.18 0 0 0 0 0 0 0 0 0 2.17 0 0 0 0.5 0 0 1.81 0 0 0 0 0 0 1.1 0 0 1.25 0 0 0 0 0 0 2.56 0 0 2.69 0 0 0 0 0 0 0 0 0 0 0 0 0 0 0 0 0 0 0 0 0 0 0 0 0 0 0 0 0 0 0 0 0 0 0 0 0 0 0 0 0 0 0.59 0 0 0 0 0 0 0 0 0 0.21 0 0 0 0 0 0 0 0 0 0.44 0 0 0 0 0 0 0 0 0 2.5 0 0 0 0 0 0 0 0 0 4.97 0 0 0 0 0 0 0 0 0 4.98 0 0 0 0.79 0 0 0.7 0 0 0 0 0 0 0.8 0 0 0.86 0 0 0 0 0 0 0.95 0 0 0.37 0 0 0 0 0 0 0 0 0 0 0 0 0 0 0 0 0 0 0 0 0 0 0 0 0 0 0 0 0 0 0 0 0 0 0 0 0 0 0 0 0 0 1.97 0 0 0 0 0 0 0 0 0 3.55 0 0 0 0 0 0 0 0 0 5.91 0 0 0 3.02 0 0 0.4 0 0 0 0 0 0 3.43 0 0 0.3 0 0 0 0 0 0 0.96 0 0 2.76 0 0 0 0 0 0 0 0 0 0 0 0 0 0 0 0 0 0 0 0 0 0 0 0 0 0 0 0 0 0 0 0 0 0 0 0 0 0 0 0 0 0 4.49 0 0 0 0 0 0 0 0 0 0.18 0 0 0 0 0 0 0 0 0 1.56 0 0 0 4.2 0 0 2.13 0 0 0 0 0 0 2.23 0 0 1.04 0 0 0 0 0 0 0.13 0 0 1.85 0 0 0 0 0 0 0 0 0 0 0 0 0 0 0 0 0 0 0 0 0 0 0 0 0 0 0 0 0 0 0 0 0 0 0 0 0 0 0 0 0 0 1.4 0 0 0 0 0 0 0 0 0 0.59 0 0 0 0 0 0 0 0 0 0.36 0 0 
0 0 0 0 0 0 0 1.04 0 0 0 0 0 0 0 0 0 5.56 0 0 0 0 0 0 0 0 0 2.64 0 0 0 2.18 0 0 0.19 0 0 0 0 0 0 0.11 0 0 4.68 0 0 0 0 0 0 0.32 0 0 2.53 0 0 0 0 0 0 0 0 0 0 0 0 0 0 0 0 0 0 0 0 0 0 0 0 0 0 0 0 0 0 0 0 0 0 0 0 0 0 0 0 0 0 2.61 0 0 0 0 0 0 0 0 0 0.22 0 0 0 0 0 0 0 0 0 1.3 0 0 0 1.53 0 0 4.97 0 0 0 0 0 0 4.73 0 0 4.86 0 0 0 0 0 0 2.16 0 0 0.45 0 0 0 0 0 0 0 0 0 0 0 0 0 0 0 0 0 0 0 0 0 0 0 0 0 0 0 0 0 0 0 0 0 0 0 0 0 0 0 0 0 0 0.43 0 0 0 0 0 0 0 0 0 2.32 0 0 0 0 0 0 0 0 0 2.96 0 0 0 5.13 0 0 3.98 0 0 0 0 0 0 1.61 0 0 3.89 0 0 0 0 0 0 1.19 0 0 4.59 0 0 0 0 0 0 0 0 0 0 0 0 0 0 0 0 0 0 0 0 0 0 0 0 0 0 0 0 0 0 0 0 0 0 0 0 0 0 0 0 0 0 1.99 0 0 0 0 0 0 0 0 0 1.35 0 0 0 0 0 0 0 0 0 0.51 0 0 0 0 0 0 0 0 0 4.41 0 0 0 0 0 0 0 0 0 0.65 0 0 0 0 0 0 0 0 0 3.31 0 0 0 0.17 0 0 0.42 0 0 0 0 0 0 4.72 0 0 0.25 0 0 0 0 0 0 2.31 0 0 3.33 0 0 0 0 0 0 0 0 0 0 0 0 0 0 0 0 0 0 0 0 0 0 0 0 0 0 0 0 0 0 0 0 0 0 0 0 0 0 0 0 0 0 0.22 0 0 0 0 0 0 0 0 0 3.62 0 0 0 0 0 0 0 0 0 0.51 0 0 0 3.47 0 0 0.91 0 0 0 0 0 0 1.39 0 0 4.87 0 0 0 0 0 0 5.25 0 0 2.86 0 0 0 0 0 0 0 0 0 0 0 0 0 0 0 0 0 0 0 0 0 0 0 0 0 0 0 0 0 0 0 0 0 0 0 0 0 0 0 0 0 0 0.94 0 0 0 0 0 0 0 0 0 5.42 0 0 0 0 0 0 0 0 0 1.98 0 0 0 0.48 0 0 1.97 0 0 0 0 0 0 1.16 0 0 1.3 0 0 0 0 0 0 2.71 0 0 2.29 0 0 0 0 0 0 0 0 0 0 0 0 0 0 0 0 0 0 0 0 0 0 0 0 0 0 0 0 0 0 0 0 0 0 0 0 0 0 0 0 0 0 0.56 0 0 0 0 0 0 0 0 0 0.31 0 0 0 0 0 0 0 0 0 0.36 0 0 0 0 0 0 0 0 0 2.44 0 0 0 0 0 0 0 0 0 4.84 0 0 0 0 0 0 0 0 0 5.03 0 0 0 0.82 0 0 0.73 0 0 0 0 0 0 0.9 0 0 0.92 0 0 0 0 0 0 0.88 0 0 0.35 0 0 0 0 0 0 0 0 0 0 0 0 0 0 0 0 0 0 0 0 0 0 0 0 0 0 0 0 0 0 0 0 0 0 0 0 0 0 0 0 0 0 1.84 0 0 0 0 0 0 0 0 0 3.53 0 0 0 0 0 0 0 0 0 5.86 0 0 0 3.23 0 0 0.49 0 0 0 0 0 0 3.22 0 0 0.32 0 0 0 0 0 0 1.11 0 0 2.51 0 0 0 0 0 0 0 0 0 0 0 0 0 0 0 0 0 0 0 0 0 0 0 0 0 0 0 0 0 0 0 0 0 0 0 0 0 0 0 0 0 0 4.02 0 0 0 0 0 0 0 0 0 0.27 0 0 0 0 0 0 0 0 0 1.52 0 0 0 4.23 0 0 2.29 0 0 0 0 0 0 2.65 0 0 1.02 0 0 0 0 0 0 0.24 0 0 2.16 0 0 0 0 0 0 0 0 0 0 0 0 0 0 0 0 0 0 0 0 0 0 0 0 0 0 0 0 0 0 0 0 0 0 0 0 0 0 0 0 0 0 1.33 0 0 0 0 0 0 0 0 0 0.63 0 0 0 0 0 0 0 0 0 0.49 0 0 
0 0 0 0 0 0 0 1.07 0 0 0 0 0 0 0 0 0 5.61 0 0 0 0 0 0 0 0 0 2.82 0 0 0 1.96 0 0 0.1 0 0 0 0 0 0 0.11 0 0 4.49 0 0 0 0 0 0 0.44 0 0 2.36 0 0 0 0 0 0 0 0 0 0 0 0 0 0 0 0 0 0 0 0 0 0 0 0 0 0 0 0 0 0 0 0 0 0 0 0 0 0 0 0 0 0 2.22 0 0 0 0 0 0 0 0 0 0.23 0 0 0 0 0 0 0 0 0 1.21 0 0 0 1.57 0 0 4.88 0 0 0 0 0 0 4.87 0 0 4.79 0 0 0 0 0 0 2.04 0 0 0.63 0 0 0 0 0 0 0 0 0 0 0 0 0 0 0 0 0 0 0 0 0 0 0 0 0 0 0 0 0 0 0 0 0 0 0 0 0 0 0 0 0 0 0.57 0 0 0 0 0 0 0 0 0 2.18 0 0 0 0 0 0 0 0 0 2.89 0 0 0 5.3 0 0 3.75 0 0 0 0 0 0 1.35 0 0 4.05 0 0 0 0 0 0 1.1 0 0 4.25 0 0 0 0 0 0 0 0 0 0 0 0 0 0 0 0 0 0 0 0 0 0 0 0 0 0 0 0 0 0 0 0 0 0 0 0 0 0 0 0 0 0 2.02 0 0 0 0 0 0 0 0 0 1.4 0 0 0 0 0 0 0 0 0 0.72 0 0 0 0 0 0 0 0 0 4.31 0 0 0 0 0 0 0 0 0 0.65 0 0 0 0 0 0 0 0 0 3.33 0 0 0 0.23 0 0 0.44 0 0 0 0 0 0 4.47 0 0 0.22 0 0 0 0 0 0 2.16 0 0 3.02 0 0 0 0 0 0 0 0 0 0 0 0 0 0 0 0 0 0 0 0 0 0 0 0 0 0 0 0 0 0 0 0 0 0 0 0 0 0 0 0 0 0 0.34 0 0 0 0 0 0 0 0 0 3.52 0 0 0 0 0 0 0 0 0 0.45 0 0 0 3.6 0 0 0.83 0 0 0 0 0 0 1.45 0 0 4.92 0 0 0 0 0 0 5.55 0 0 2.67 0 0 0 0 0 0 0 0 0 0 0 0 0 0 0 0 0 0 0 0 0 0 0 0 0 0 0 0 0 0 0 0 0 0 0 0 0 0 0 0 0 0 0.95 0 0 0 0 0 0 0 0 0 5.48 0 0 0 0 0 0 0 0 0 2.34 0 0 0 0.44 0 0 1.82 0 0 0 0 0 0 1.01 0 0 1.13 0 0 0 0 0 0 2.55 0 0 2.58 0 0 0 0 0 0 0 0 0 0 0 0 0 0 0 0 0 0 0 0 0 0 0 0 0 0 0 0 0 0 0 0 0 0 0 0 0 0 0 0 0 0 0.57 0 0 0 0 0 0 0 0 0 0.27 0 0 0 0 0 0 0 0 0 0.55 0 0 0 0 0 0 0 0 0 2.61 0 0 0 0 0 0 0 0 0 4.72 0 0 0 0 0 0 0 0 0 5.02 0 0 0 0.84 0 0 0.77 0 0 0 0 0 0 0.87 0 0 0.92 0 0 0 0 0 0 0.82 0 0 0.28 0 0 0 0 0 0 0 0 0 0 0 0 0 0 0 0 0 0 0 0 0 0 0 0 0 0 0 0 0 0 0 0 0 0 0 0 0 0 0 0 0 0 2.07 0 0 0 0 0 0 0 0 0 3.38 0 0 0 0 0 0 0 0 0 5.89 0 0 0 3.14 0 0 0.26 0 0 0 0 0 0 3.36 0 0 0.34 0 0 0 0 0 0 1.28 0 0 3.05 0 0 0 0 0 0 0 0 0 0 0 0 0 0 0 0 0 0 0 0 0 0 0 0 0 0 0 0 0 0 0 0 0 0 0 0 0 0 0 0 0 0 4.21 0 0 0 0 0 0 0 0 0 0.28 0 0 0 0 0 0 0 0 0 1.59 0 0 0 4.36 0 0 2.35 0 0 0 0 0 0 2.74 0 0 1.13 0 0 0 0 0 0 0.24 0 0 1.96 0 0 0 0 0 0 0 0 0 0 0 0 0 0 0 0 0 0 0 0 0 0 0 0 0 0 0 0 0 0 0 0 0 0 0 0 0 0 0 0 0 0 1.49 0 0 0 0 0 0 0 0 0 0.58 0 0 0 0 0 0 0 0 0 0.36 0 0 
0 0 0 0 0 0 0 1.01 0 0 0 0 0 0 0 0 0 5.64 0 0 0 0 0 0 0 0 0 2.77 0 0 0 1.92 0 0 0.11 0 0 0 0 0 0 0.16 0 0 4.79 0 0 0 0 0 0 0.36 0 0 2.43 0 0 0 0 0 0 0 0 0 0 0 0 0 0 0 0 0 0 0 0 0 0 0 0 0 0 0 0 0 0 0 0 0 0 0 0 0 0 0 0 0 0 2.24 0 0 0 0 0 0 0 0 0 0.26 0 0 0 0 0 0 0 0 0 1.46 0 0 0 1.4 0 0 5.16 0 0 0 0 0 0 4.67 0 0 4.72 0 0 0 0 0 0 2.2 0 0 0.61 0 0 0 0 0 0 0 0 0 0 0 0 0 0 0 0 0 0 0 0 0 0 0 0 0 0 0 0 0 0 0 0 0 0 0 0 0 0 0 0 0 0 0.37 0 0 0 0 0 0 0 0 0 2.25 0 0 0 0 0 0 0 0 0 2.92 0 0 0 5.69 0 0 4.01 0 0 0 0 0 0 1.48 0 0 4.22 0 0 0 0 0 0 1.1 0 0 4.73 0 0 0 0 0 0 0 0 0 0 0 0 0 0 0 0 0 0 0 0 0 0 0 0 0 0 0 0 0 0 0 0 0 0 0 0 0 0 0 0 0 0 2.01 0 0 0 0 0 0 0 0 0 1.24 0 0 0 0 0 0 0 0 0 0.78 0 0 0 0 0 0 0 0 0 4.84 0 0 0 0 0 0 0 0 0 0.54 0 0 0 0 0 0 0 0 0 3.26 0 0 0 0.17 0 0 0.48 0 0 0 0 0 0 4.71 0 0 0.25 0 0 0 0 0 0 2.28 0 0 3.09 0 0 0 0 0 0 0 0 0 0 0 0 0 0 0 0 0 0 0 0 0 0 0 0 0 0 0 0 0 0 0 0 0 0 0 0 0 0 0 0 0 0 0.28 0 0 0 0 0 0 0 0 0 3.76 0 0 0 0 0 0 0 0 0 0.47 0 0 0 3.83 0 0 0.74 0 0 0 0 0 0 1.3 0 0 5.26 0 0 0 0 0 0 5.12 0 0 2.69 0 0 0 0 0 0 0 0 0 0 0 0 0 0 0 0 0 0 0 0 0 0 0 0 0 0 0 0 0 0 0 0 0 0 0 0 0 0 0 0 0 0 1.13 0 0 0 0 0 0 0 0 0 5.32 0 0 0 0 0 0 0 0 0 2.01 0 0 0 0.48 0 0 1.97 0 0 0 0 0 0 1.05 0 0 1.25 0 0 0 0 0 0 2.5 0 0 2.52 0 0 0 0 0 0 0 0 0 0 0 0 0 0 0 0 0 0 0 0 0 0 0 0 0 0 0 0 0 0 0 0 0 0 0 0 0 0 0 0 0 0 0.5 0 0 0 0 0 0 0 0 0 0.21 0 0 0 0 0 0 0 0 0 0.41 0 0 0 0 0 0 0 0 0 2.59 0 0 0 0 0 0 0 0 0 4.54 0 0 0 0 0 0 0 0 0 4.98 0 0 0 0.68 0 0 0.69 0 0 0 0 0 0 0.92 0 0 1.02 0 0 0 0 0 0 0.87 0 0 0.32 0 0 0 0 0 0 0 0 0 0 0 0 0 0 0 0 0 0 0 0 0 0 0 0 0 0 0 0 0 0 0 0 0 0 0 0 0 0 0 0 0 0 1.98 0 0 0 0 0 0 0 0 0 3.71 0 0 0 0 0 0 0 0 0 6.05 0 0 0 3.26 0 0 0.34 0 0 0 0 0 0 3.13 0 0 0.37 0 0 0 0 0 0 0.93 0 0 2.86 0 0 0 0 0 0 0 0 0 0 0 0 0 0 0 0 0 0 0 0 0 0 0 0 0 0 0 0 0 0 0 0 0 0 0 0 0 0 0 0 0 0 4.32 0 0 0 0 0 0 0 0 0 0.23 0 0 0 0 0 0 0 0 0 1.68 0 0 0 4.23 0 0 2.43 0 0 0 0 0 0 2.44 0 0 0.91 0 0 0 0 0 0 0.16 0 0 1.84 0 0 0 0 0 0 0 0 0 0 0 0 0 0 0 0 0 0 0 0 0 0 0 0 0 0 0 0 0 0 0 0 0 0 0 0 0 0 0 0 0 0 1.58 0 0 0 0 0 0 0 0 0 0.61 0 0 0 0 0 0 0 0 0 0.37 0 0 
0 0 0 0 0 0 0 0.96 0 0 0 0 0 0 0 0 0 5.68 0 0 0 0 0 0 0 0 0 2.84 0 0 0 1.69 0 0 0.09 0 0 0 0 0 0 0.14 0 0 4.89 0 0 0 0 0 0 0.36 0 0 2.92 0 0 0 0 0 0 0 0 0 0 0 0 0 0 0 0 0 0 0 0 0 0 0 0 0 0 0 0 0 0 0 0 0 0 0 0 0 0 0 0 0 0 2.22 0 0 0 0 0 0 0 0 0 0.19 0 0 0 0 0 0 0 0 0 1.47 0 0 0 1.51 0 0 5.07 0 0 0 0 0 0 4.91 0 0 4.7 0 0 0 0 0 0 2.28 0 0 0.77 0 0 0 0 0 0 0 0 0 0 0 0 0 0 0 0 0 0 0 0 0 0 0 0 0 0 0 0 0 0 0 0 0 0 0 0 0 0 0 0 0 0 0.44 0 0 0 0 0 0 0 0 0 2.3 0 0 0 0 0 0 0 0 0 2.89 0 0 0 5.35 0 0 4.1 0 0 0 0 0 0 1.35 0 0 3.83 0 0 0 0 0 0 1.09 0 0 4.57 0 0 0 0 0 0 0 0 0 0 0 0 0 0 0 0 0 0 0 0 0 0 0 0 0 0 0 0 0 0 0 0 0 0 0 0 0 0 0 0 0 0 1.84 0 0 0 0 0 0 0 0 0 1.47 0 0 0 0 0 0 0 0 0 0.65 0 0 0 0 0 0 0 0 0 4.57 0 0 0 0 0 0 0 0 0 0.77 0 0 0 0 0 0 0 0 0 3.14 0 0 0 0.26 0 0 0.47 0 0 0 0 0 0 4.74 0 0 0.25 0 0 0 0 0 0 2.03 0 0 3.1 0 0 0 0 0 0 0 0 0 0 0 0 0 0 0 0 0 0 0 0 0 0 0 0 0 0 0 0 0 0 0 0 0 0 0 0 0 0 0 0 0 0 0.25 0 0 0 0 0 0 0 0 0 3.87 0 0 0 0 0 0 0 0 0 0.48 0 0 0 3.52 0 0 0.86 0 0 0 0 0 0 1.32 0 0 4.95 0 0 0 0 0 0 5.32 0 0 2.6 0 0 0 0 0 0 0 0 0 0 0 0 0 0 0 0 0 0 0 0 0 0 0 0 0 0 0 0 0 0 0 0 0 0 0 0 0 0 0 0 0 0 1.03 0 0 0 0 0 0 0 0 0 5.2 0 0 0 0 0 0 0 0 0 2.03 0 0 0 0.43 0 0 1.75 0 0 0 0 0 0 1.08 0 0 1.34 0 0 0 0 0 0 2.72 0 0 2.68 0 0 0 0 0 0 0 0 0 0 0 0 0 0 0 0 0 0 0 0 0 0 0 0 0 0 0 0 0 0 0 0 0 0 0 0 0 0 0 0 0 0 0.57 0 0 0 0 0 0 0 0 0 0.24 0 0 0 0 0 0 0 0 0 0.35 0 0 0 0 0 0 0 0 0 2.42 0 0 0 0 0 0 0 0 0 4.87 0 0 0 0 0 0 0 0 0 4.87 0 0 0 0.86 0 0 0.73 0 0 0 0 0 0 0.83 0 0 0.68 0 0 0 0 0 0 0.76 0 0 0.25 0 0 0 0 0 0 0 0 0 0 0 0 0 0 0 0 0 0 0 0 0 0 0 0 0 0 0 0 0 0 0 0 0 0 0 0 0 0 0 0 0 0 2.27 0 0 0 0 0 0 0 0 0 3.33 0 0 0 0 0 0 0 0 0 5.64 0 0 0 3.16 0 0 0.38 0 0 0 0 0 0 3.43 0 0 0.37 0 0 0 0 0 0 1.15 0 0 2.66 0 0 0 0 0 0 0 0 0 0 0 0 0 0 0 0 0 0 0 0 0 0 0 0 0 0 0 0 0 0 0 0 0 0 0 0 0 0 0 0 0 0 4.12 0 0 0 0 0 0 0 0 0 0.24 0 0 0 0 0 0 0 0 0 1.68 0 0 0 4.47 0 0 2.28 0 0 0 0 0 0 2.4 0 0 0.96 0 0 0 0 0 0 0.21 0 0 2.12 0 0 0 0 0 0 0 0 0 0 0 0 0 0 0 0 0 0 0 0 0 0 0 0 0 0 0 0 0 0 0 0 0 0 0 0 0 0 0 0 0 0 1.62 0 0 0 0 0 0 0 0 0 0.61 0 0 0 0 0 0 0 0 0 0.34 0 0 
0 0 0 0 0 0 0 1.03 0 0 0 0 0 0 0 0 0 5.59 0 0 0 0 0 0 0 0 0 2.61 0 0 0 1.84 0 0 0.13 0 0 0 0 0 0 0.1 0 0 4.55 0 0 0 0 0 0 0.33 0 0 2.57 0 0 0 0 0 0 0 0 0 0 0 0 0 0 0 0 0 0 0 0 0 0 0 0 0 0 0 0 0 0 0 0 0 0 0 0 0 0 0 0 0 0 2.32 0 0 0 0 0 0 0 0 0 0.32 0 0 0 0 0 0 0 0 0 1.45 0 0 0 1.58 0 0 4.87 0 0 0 0 0 0 4.91 0 0 4.87 0 0 0 0 0 0 2.14 0 0 0.56 0 0 0 0 0 0 0 0 0 0 0 0 0 0 0 0 0 0 0 0 0 0 0 0 0 0 0 0 0 0 0 0 0 0 0 0 0 0 0 0 0 0 0.42 0 0 0 0 0 0 0 0 0 2.05 0 0 0 0 0 0 0 0 0 2.85 0 0 0 5.39 0 0 4.08 0 0 0 0 0 0 1.43 0 0 4.09 0 0 0 0 0 0 1.3 0 0 4.64 0 0 0 0 0 0 0 0 0 0 0 0 0 0 0 0 0 0 0 0 0 0 0 0 0 0 0 0 0 0 0 0 0 0 0 0 0 0 0 0 0 0 1.78 0 0 0 0 0 0 0 0 0 1.46 0 0 0 0 0 0 0 0 0 0.73 0 0 0 0 0 0 0 0 0 4.43 0 0 0 0 0 0 0 0 0 0.54 0 0 0 0 0 0 0 0 0 3.34 0 0 0 0.14 0 0 0.44 0 0 0 0 0 0 4.52 0 0 0.27 0 0 0 0 0 0 2.66 0 0 2.99 0 0 0 0 0 0 0 0 0 0 0 0 0 0 0 0 0 0 0 0 0 0 0 0 0 0 0 0 0 0 0 0 0 0 0 0 0 0 0 0 0 0 0.27 0 0 0 0 0 0 0 0 0 3.91 0 0 0 0 0 0 0 0 0 0.49 0 0 0 3.38 0 0 0.85 0 0 0 0 0 0 1.43 0 0 5.04 0 0 0 0 0 0 5.13 0 0 2.92 0 0 0 0 0 0 0 0 0 0 0 0 0 0 0 0 0 0 0 0 0 0 0 0 0 0 0 0 0 0 0 0 0 0 0 0 0 0 0 0 0 0 0.96 0 0 0 0 0 0 0 0 0 5.48 0 0 0 0 0 0 0 0 0 2.27 0 0 0 0.36 0 0 1.99 0 0 0 0 0 0 1.22 0 0 1.43 0 0 0 0 0 0 2.58 0 0 2.39 0 0 0 0 0 0 0 0 0 0 0 0 0 0 0 0 0 0 0 0 0 0 0 0 0 0 0 0 0 0 0 0 0 0 0 0 0 0 0 0 0 0 0.56 0 0 0 0 0 0 0 0 0 0.24 0 0 0 0 0 0 0 0 0 0.38 0 0 0 0 0 0 0 0 0 2.4 0 0 0 0 0 0 0 0 0 4.59 0 0 0 0 0 0 0 0 0 5.13 0 0 0 0.75 0 0 0.75 0 0 0 0 0 0 0.88 0 0 0.8 0 0 0 0 0 0 0.82 0 0 0.31 0 0 0 0 0 0 0 0 0 0 0 0 0 0 0 0 0 0 0 0 0 0 0 0 0 0 0 0 0 0 0 0 0 0 0 0 0 0 0 0 0 0 1.96 0 0 0 0 0 0 0 0 0 3.71 0 0 0 0 0 0 0 0 0 6.04 0 0 0 3.23 0 0 0.45 0 0 0 0 0 0 3.24 0 0 0.31 0 0 0 0 0 0 1.14 0 0 2.76 0 0 0 0 0 0 0 0 0 0 0 0 0 0 0 0 0 0 0 0 0 0 0 0 0 0 0 0 0 0 0 0 0 0 0 0 0 0 0 0 0 0 4.19 0 0 0 0 0 0 0 0 0 0.2 0 0 0 0 0 0 0 0 0 1.81 0 0 0 4.55 0 0 2.34 0 0 0 0 0 0 2.41 0 0 1.11 0 0 0 0 0 0 0.23 0 0 1.86 0 0 0 0 0 0 0 0 0 0 0 0 0 0 0 0 0 0 0 0 0 0 0 0 0 0 0 0 0 0 0 0 0 0 0 0 0 0 0 0 0 0 1.51 0 0 0 0 0 0 0 0 0 0.48 0 0 0 0 0 0 0 0 0 0.39 0 0 
0 0 0 0 0 0 0 0.99 0 0 0 0 0 0 0 0 0 5.81 0 0 0 0 0 0 0 0 0 2.82 0 0 0 2.02 0 0 0.11 0 0 0 0 0 0 0.1 0 0 4.62 0 0 0 0 0 0 0.35 0 0 2.63 0 0 0 0 0 0 0 0 0 0 0 0 0 0 0 0 0 0 0 0 0 0 0 0 0 0 0 0 0 0 0 0 0 0 0 0 0 0 0 0 0 0 2.33 0 0 0 0 0 0 0 0 0 0.26 0 0 0 0 0 0 0 0 0 1.26 0 0 0 1.53 0 0 5.25 0 0 0 0 0 0 4.77 0 0 4.97 0 0 0 0 0 0 2.32 0 0 0.59 0 0 0 0 0 0 0 0 0 0 0 0 0 0 0 0 0 0 0 0 0 0 0 0 0 0 0 0 0 0 0 0 0 0 0 0 0 0 0 0 0 0 0.57 0 0 0 0 0 0 0 0 0 2.16 0 0 0 0 0 0 0 0 0 3.06 0 0 0 5.65 0 0 3.85 0 0 0 0 0 0 1.69 0 0 4.05 0 0 0 0 0 0 0.94 0 0 4.65 0 0 0 0 0 0 0 0 0 0 0 0 0 0 0 0 0 0 0 0 0 0 0 0 0 0 0 0 0 0 0 0 0 0 0 0 0 0 0 0 0 0 1.97 0 0 0 0 0 0 0 0 0 1.24 0 0 0 0 0 0 0 0 0 0.63 0 0 0 0 0 0 0 0 0 4.45 0 0 0 0 0 0 0 0 0 0.6 0 0 0 0 0 0 0 0 0 3.35 0 0 0 0.11 0 0 0.53 0 0 0 0 0 0 4.88 0 0 0.28 0 0 0 0 0 0 2.13 0 0 3.3 0 0 0 0 0 0 0 0 0 0 0 0 0 0 0 0 0 0 0 0 0 0 0 0 0 0 0 0 0 0 0 0 0 0 0 0 0 0 0 0 0 0 0.24 0 0 0 0 0 0 0 0 0 4.05 0 0 0 0 0 0 0 0 0 0.45 0 0 0 3.72 0 0 0.91 0 0 0 0 0 0 1.22 0 0 5.04 0 0 0 0 0 0 5.03 0 0 2.62 0 0 0 0 0 0 0 0 0 0 0 0 0 0 0 0 0 0 0 0 0 0 0 0 0 0 0 0 0 0 0 0 0 0 0 0 0 0 0 0 0 0 1.05 0 0 0 0 0 0 0 0 0 5.17 0 0 0 0 0 0 0 0 0 2.25 0 0 0 0.54 0 0 1.92 0 0 0 0 0 0 1.13 0 0 1.3 0 0 0 0 0 0 2.64 0 0 2.74 0 0 0 0 0 0 0 0 0 0 0 0 0 0 0 0 0 0 0 0 0 0 0 0 0 0 0 0 0 0 0 0 0 0 0 0 0 0 0 0 0 0 0.64 0 0 0 0 0 0 0 0 0 0.27 0 0 0 0 0 0 0 0 0 0.37 0 0 0 0 0 0 0 0 0 2.48 0 0 0 0 0 0 0 0 0 4.47 0 0 0 0 0 0 0 0 0 5.13 0 0 0 0.81 0 0 0.73 0 0 0 0 0 0 0.9 0 0 0.89 0 0 0 0 0 0 0.87 0 0 0.34 0 0 0 0 0 0 0 0 0 0 0 0 0 0 0 0 0 0 0 0 0 0 0 0 0 0 0 0 0 0 0 0 0 0 0 0 0 0 0 0 0 0 1.9 0 0 0 0 0 0 0 0 0 3.43 0 0 0 0 0 0 0 0 0 6.25 0 0 0 3.38 0 0 0.42 0 0 0 0 0 0 3.14 0 0 0.28 0 0 0 0 0 0 1.23 0 0 2.51 0 0 0 0 0 0 0 0 0 0 0 0 0 0 0 0 0 0 0 0 0 0 0 0 0 0 0 0 0 0 0 0 0 0 0 0 0 0 0 0 0 0 4.19 0 0 0 0 0 0 0 0 0 0.21 0 0 0 0 0 0 0 0 0 1.55 0 0 0 3.92 0 0 2.17 0 0 0 0 0 0 2.57 0 0 1 0 0 0 0 0 0 0.19 0 0 2.03 0 0 0 0 0 0 0 0 0 0 0 0 0 0 0 0 0 0 0 0 0 0 0 0 0 0 0 0 0 0 0 0 0 0 0 0 0 0 0 0 0 0 1.41 0 0 0 0 0 0 0 0 0 0.68 0 0 0 0 0 0 0 0 0 0.41 0 0 
0 0 0 0 0 0 0 0.88 0 0 0 0 0 0 0 0 0 5.87 0 0 0 0 0 0 0 0 0 2.9 0 0 0 2.06 0 0 0.11 0 0 0 0 0 0 0.15 0 0 4.66 0 0 0 0 0 0 0.32 0 0 2.69 0 0 0 0 0 0 0 0 0 0 0 0 0 0 0 0 0 0 0 0 0 0 0 0 0 0 0 0 0 0 0 0 0 0 0 0 0 0 0 0 0 0 2.43 0 0 0 0 0 0 0 0 0 0.26 0 0 0 0 0 0 0 0 0 1.5 0 0 0 1.51 0 0 5.04 0 0 0 0 0 0 4.89 0 0 4.83 0 0 0 0 0 0 2.04 0 0 0.57 0 0 0 0 0 0 0 0 0 0 0 0 0 0 0 0 0 0 0 0 0 0 0 0 0 0 0 0 0 0 0 0 0 0 0 0 0 0 0 0 0 0 0.43 0 0 0 0 0 0 0 0 0 2.16 0 0 0 0 0 0 0 0 0 2.87 0 0 0 5.49 0 0 3.71 0 0 0 0 0 0 1.5 0 0 4.35 0 0 0 0 0 0 1.11 0 0 4.53 0 0 0 0 0 0 0 0 0 0 0 0 0 0 0 0 0 0 0 0 0 0 0 0 0 0 0 0 0 0 0 0 0 0 0 0 0 0 0 0 0 0 1.87 0 0 0 0 0 0 0 0 0 1.65 0 0 0 0 0 0 0 0 0 0.66 0 0 0 0 0 0 0 0 0 4.24 0 0 0 0 0 0 0 0 0 0.76 0 0 0 0 0 0 0 0 0 3.18 0 0 0 0.2 0 0 0.48 0 0 0 0 0 0 4.69 0 0 0.35 0 0 0 0 0 0 2.24 0 0 3.18 0 0 0 0 0 0 0 0 0 0 0 0 0 0 0 0 0 0 0 0 0 0 0 0 0 0 0 0 0 0 0 0 0 0 0 0 0 0 0 0 0 0 0.26 0 0 0 0 0 0 0 0 0 3.8 0 0 0 0 0 0 0 0 0 0.58 0 0 0 3.55 0 0 0.8 0 0 0 0 0 0 1.29 0 0 4.9 0 0 0 0 0 0 5.25 0 0 2.76 0 0 0 0 0 0 0 0 0 0 0 0 0 0 0 0 0 0 0 0 0 0 0 0 0 0 0 0 0 0 0 0 0 0 0 0 0 0 0 0 0 0 0.92 0 0 0 0 0 0 0 0 0 5.48 0 0 0 0 0 0 0 0 0 2.3 0 0 0 0.37 0 0 1.75 0 0 0 0 0 0 0.99 0 0 1.22 0 0 0 0 0 0 2.69 0 0 2.6 0 0 0 0 0 0 0 0 0 0 0 0 0 0 0 0 0 0 0 0 0 0 0 0 0 0 0 0 0 0 0 0 0 0 0 0 0 0 0 0 0 0 0.74 0 0 0 0 0 0 0 0 0 0.27 0 0 0 0 0 0 0 0 0 0.39 0 0 0 0 0 0 0 0 0 2.48 0 0 0 0 0 0 0 0 0 4.63 0 0 0 0 0 0 0 0 0 4.82 0 0 0 1.03 0 0 1.01 0 0 0 0 0 0 0.95 0 0 1.01 0 0 0 0 0 0 0.84 0 0 0.36 0 0 0 0 0 0 0 0 0 0 0 0 0 0 0 0 0 0 0 0 0 0 0 0 0 0 0 0 0 0 0 0 0 0 0 0 0 0 0 0 0 0 1.91 0 0 0 0 0 0 0 0 0 3.29 0 0 0 0 0 0 0 0 0 5.98 0 0 0 3.36 0 0 0.3 0 0 0 0 0 0 3.17 0 0 0.3 0 0 0 0 0 0 1.23 0 0 2.88 0 0 0 0 0 0 0 0 0 0 0 0 0 0 0 0 0 0 0 0 0 0 0 0 0 0 0 0 0 0 0 0 0 0 0 0 0 0 0 0 0 0 4.32 0 0 0 0 0 0 0 0 0 0.21 0 0 0 0 0 0 0 0 0 1.68 0 0 0 4.33 0 0 2.29 0 0 0 0 0 0 2.47 0 0 1.02 0 0 0 0 0 0 0.06 0 0 2.12 0 0 0 0 0 0 0 0 0 0 0 0 0 0 0 0 0 0 0 0 0 0 0 0 0 0 0 0 0 0 0 0 0 0 0 0 0 0 0 0 0 0 1.55 0 0 0 0 0 0 0 0 0 0.39 0 0 0 0 0 0 0 0 0 0.43 0 0 
0 0 0 0 0 0 0 1.09 0 0 0 0 0 0 0 0 0 5.72 0 0 0 0 0 0 0 0 0 2.81 0 0 0 2.14 0 0 0.07 0 0 0 0 0 0 0.09 0 0 4.82 0 0 0 0 0 0 0.38 0 0 2.73 0 0 0 0 0 0 0 0 0 0 0 0 0 0 0 0 0 0 0 0 0 0 0 0 0 0 0 0 0 0 0 0 0 0 0 0 0 0 0 0 0 0 2.27 0 0 0 0 0 0 0 0 0 0.25 0 0 0 0 0 0 0 0 0 1.64 0 0 0 1.63 0 0 5.11 0 0 0 0 0 0 4.79 0 0 4.91 0 0 0 0 0 0 2.25 0 0 0.57 0 0 0 0 0 0 0 0 0 0 0 0 0 0 0 0 0 0 0 0 0 0 0 0 0 0 0 0 0 0 0 0 0 0 0 0 0 0 0 0 0 0 0.34 0 0 0 0 0 0 0 0 0 2.31 0 0 0 0 0 0 0 0 0 2.79 0 0 0 5.42 0 0 4.03 0 0 0 0 0 0 1.38 0 0 4.27 0 0 0 0 0 0 1.06 0 0 4.47 0 0 0 0 0 0 0 0 0 0 0 0 0 0 0 0 0 0 0 0 0 0 0 0 0 0 0 0 0 0 0 0 0 0 0 0 0 0 0 0 0 0 1.8 0 0 0 0 0 0 0 0 0 1.35 0 0 0 0 0 0 0 0 0 0.71 0 0 0 0 0 0 0 0 0 4.51 0 0 0 0 0 0 0 0 0 0.53 0 0 0 0 0 0 0 0 0 3.52 0 0 0 0.18 0 0 0.49 0 0 0 0 0 0 4.48 0 0 0.24 0 0 0 0 0 0 2.19 0 0 3.2 0 0 0 0 0 0 0 0 0 0 0 0 0 0 0 0 0 0 0 0 0 0 0 0 0 0 0 0 0 0 0 0 0 0 0 0 0 0 0 0 0 0 0.26 0 0 0 0 0 0 0 0 0 3.75 0 0 0 0 0 0 0 0 0 0.42 0 0 0 3.63 0 0 0.84 0 0 0 0 0 0 1.45 0 0 5.1 0 0 0 0 0 0 5.06 0 0 2.59 0 0 0 0 0 0 0 0 0 0 0 0 0 0 0 0 0 0 0 0 0 0 0 0 0 0 0 0 0 0 0 0 0 0 0 0 0 0 0 0 0 0 0.85 0 0 0 0 0 0 0 0 0 5.36 0 0 0 0 0 0 0 0 0 2.09 0 0 0 0.4 0 0 1.73 0 0 0 0 0 0 1.08 0 0 1.22 0 0 0 0 0 0 2.64 0 0 2.58 0 0 0 0 0 0 0 0 0 0 0 0 0 0 0 0 0 0 0 0 0 0 0 0 0 0 0 0 0 0 0 0 0 0 0 0 0 0 0 0 0 0 0.61 0 0 0 0 0 0 0 0 0 0.25 0 0 0 0 0 0 0 0 0 0.39 0 0 0 0 0 0 0 0 0 2.28 0 0 0 0 0 0 0 0 0 4.91 0 0 0 0 0 0 0 0 0 4.89 0 0 0 0.78 0 0 0.75 0 0 0 0 0 0 0.94 0 0 0.94 0 0 0 0 0 0 0.83 0 0 0.37 0 0 0 0 0 0 0 0 0 0 0 0 0 0 0 0 0 0 0 0 0 0 0 0 0 0 0 0 0 0 0 0 0 0 0 0 0 0 0 0 0 0 1.94 0 0 0 0 0 0 0 0 0 3.5 0 0 0 0 0 0 0 0 0 5.72 0 0 0 3.41 0 0 0.36 0 0 0 0 0 0 3.37 0 0 0.21 0 0 0 0 0 0 1.23 0 0 2.62 0 0 0 0 0 0 0 0 0 0 0 0 0 0 0 0 0 0 0 0 0 0 0 0 0 0 0 0 0 0 0 0 0 0 0 0 0 0 0 0 0 0 4.59 0 0 0 0 0 0 0 0 0 0.22 0 0 0 0 0 0 0 0 0 1.38 0 0 0 4.08 0 0 2.42 0 0 0 0 0 0 2.45 0 0 0.91 0 0 0 0 0 0 0.17 0 0 1.77 0 0 0 0 0 0 0 0 0 0 0 0 0 0 0 0 0 0 0 0 0 0 0 0 0 0 0 0 0 0 0 0 0 0 0 0 0 0 0 0 0 0 1.65 0 0 0 0 0 0 0 0 0 0.68 0 0 0 0 0 0 0 0 0 0.35 0 0 
0 0 0 0 0 0 0 0.85 0 0 0 0 0 0 0 0 0 5.68 0 0 0 0 0 0 0 0 0 2.92 0 0 0 1.98 0 0 0.16 0 0 0 0 0 0 0.09 0 0 5.06 0 0 0 0 0 0 0.3 0 0 2.78 0 0 0 0 0 0 0 0 0 0 0 0 0 0 0 0 0 0 0 0 0 0 0 0 0 0 0 0 0 0 0 0 0 0 0 0 0 0 0 0 0 0 2.45 0 0 0 0 0 0 0 0 0 0.27 0 0 0 0 0 0 0 0 0 1.31 0 0 0 1.62 0 0 5.16 0 0 0 0 0 0 4.69 0 0 5.01 0 0 0 0 0 0 2.31 0 0 0.55 0 0 0 0 0 0 0 0 0 0 0 0 0 0 0 0 0 0 0 0 0 0 0 0 0 0 0 0 0 0 0 0 0 0 0 0 0 0 0 0 0 0 0.48 0 0 0 0 0 0 0 0 0 2.18 0 0 0 0 0 0 0 0 0 2.7 0 0 0 5.59 0 0 3.7 0 0 0 0 0 0 1.31 0 0 4.11 0 0 0 0 0 0 1.14 0 0 4.36 0 0 0 0 0 0 0 0 0 0 0 0 0 0 0 0 0 0 0 0 0 0 0 0 0 0 0 0 0 0 0 0 0 0 0 0 0 0 0 0 0 0 2.11 0 0 0 0 0 0 0 0 0 1.42 0 0 0 0 0 0 0 0 0 0.6 0 0 0 0 0 0 0 0 0 4.51 0 0 0 0 0 0 0 0 0 0.78 0 0 0 0 0 0 0 0 0 3.1 0 0 0 0.19 0 0 0.45 0 0 0 0 0 0 4.63 0 0 0.24 0 0 0 0 0 0 2.36 0 0 2.99 0 0 0 0 0 0 0 0 0 0 0 0 0 0 0 0 0 0 0 0 0 0 0 0 0 0 0 0 0 0 0 0 0 0 0 0 0 0 0 0 0 0 0.29 0 0 0 0 0 0 0 0 0 3.77 0 0 0 0 0 0 0 0 0 0.51 0 0 0 3.55 0 0 0.87 0 0 0 0 0 0 1.37 0 0 4.99 0 0 0 0 0 0 5.01 0 0 2.6 0 0 0 0 0 0 0 0 0 0 0 0 0 0 0 0 0 0 0 0 0 0 0 0 0 0 0 0 0 0 0 0 0 0 0 0 0 0 0 0 0 0 0.96 0 0 0 0 0 0 0 0 0 5.31 0 0 0 0 0 0 0 0 0 2.05 0 0 0 0.38 0 0 1.8 0 0 0 0 0 0 1.14 0 0 1.16 0 0 0 0 0 0 2.64 0 0 2.62 0 0 0 0 0 0 0 0 0 0 0 0 0 0 0 0 0 0 0 0 0 0 0 0 0 0 0 0 0 0 0 0 0 0 0 0 0 0 0 0 0 0 0.64 0 0 0 0 0 0 0 0 0 0.2 0 0 0 0 0 0 0 0 0 0.45 0 0 0 0 0 0 0 0 0 2.3 0 0 0 0 0 0 0 0 0 4.9 0 0 0 0 0 0 0 0 0 4.96 0 0 0 0.89 0 0 0.72 0 0 0 0 0 0 0.87 0 0 0.91 0 0 0 0 0 0 0.76 0 0 0.37 0 0 0 0 0 0 0 0 0 0 0 0 0 0 0 0 0 0 0 0 0 0 0 0 0 0 0 0 0 0 0 0 0 0 0 0 0 0 0 0 0 0 1.94 0 0 0 0 0 0 0 0 0 3.39 0 0 0 0 0 0 0 0 0 5.82 0 0 0 3.3 0 0 0.32 0 0 0 0 0 0 3.12 0 0 0.3 0 0 0 0 0 0 1.16 0 0 2.93 0 0 0 0 0 0 0 0 0 0 0 0 0 0 0 0 0 0 0 0 0 0 0 0 0 0 0 0 0 0 0 0 0 0 0 0 0 0 0 0 0 0 4.32 0 0 0 0 0 0 0 0 0 0.16 0 0 0 0 0 0 0 0 0 1.79 0 0 0 3.87 0 0 2.58 0 0 0 0 0 0 2.42 0 0 1.16 0 0 0 0 0 0 0.17 0 0 2.09 0 0 0 0 0 0 0 0 0 0 0 0 0 0 0 0 0 0 0 0 0 0 0 0 0 0 0 0 0 0 0 0 0 0 0 0 0 0 0 0 0 0 1.7 0 0 0 0 0 0 0 0 0 0.61 0 0 0 0 0 0 0 0 0 0.35 0 0 

</Matrix>
   <Matrix name="burstinessHist" type="complete" rows="1" columns="1000" multiplier="1.0">
   170 175 206 191 208 194 193 190 188 192 181 194 196 196 198 199 183 205 188 185 189 191 197 183 198 203 195 181 202 194 207 198 188 203 180 190 198 187 197 190 188 196 190 186 204 198 206 200 209 181 207 190 185 178 194 185 188 193 202 200 204 207 197 168 195 188 175 207 207 199 209 210 192 203 197 163 185 199 188 194 180 201 190 199 175 179 180 195 192 201 176 202 202 207 201 192 187 183 202 192 194 184 207 199 200 200 179 199 182 186 194 194 193 205 201 193 200 188 205 200 190 178 203 193 191 204 203 201 190 205 175 187 197 192 184 190 182 198 186 214 185 200 197 186 184 193 190 189 184 192 184 187 211 189 195 200 191 199 191 215 196 203 199 205 189 188 215 195 199 209 197 199 219 206 172 201 198 200 206 183 195 174 199 199 194 185 179 192 201 191 186 197 190 195 179 204 179 193 183 183 195 204 201 186 208 197 197 202 181 214 176 182 204 176 205 191 214 200 188 176 202 194 201 204 174 194 196 207 190 211 194 209 211 187 201 209 203 192 194 194 193 191 199 165 174 184 184 173 190 196 184 205 197 201 205 179 185 190 188 186 185 205 211 188 199 194 193 207 193 181 216 195 190 192 193 197 195 201 192 210 192 177 209 186 174 199 180 198 204 192 169 200 191 189 192 197 196 187 175 197 199 203 200 194 191 188 175 206 185 200 196 189 228 193 186 204 198 203 186 192 199 196 186 202 197 217 206 179 203 180 192 196 194 209 205 209 193 215 188 205 209 190 187 184 194 206 208 189 190 186 185 200 205 203 209 202 169 212 197 183 188 190 194 200 195 201 189 205 188 184 205 202 173 185 176 196 210 183 181 198 194 197 200 198 193 192 193 206 183 193 204 188 183 205 167 203 201 206 190 183 197 188 194 205 203 219 186 190 207 198 182 197 193 180 187 200 192 193 185 193 197 185 189 181 217 201 192 197 193 212 184 188 203 177 186 202 180 190 184 199 193 192 211 185 195 191 201 199 193 193 197 194 194 202 191 190 201 199 199 183 190 198 186 200 196 199 192 174 190 188 202 207 204 190 184 198 195 193 182 195 205 207 192 185 193 188 185 198 181 207 180 202 190 184 185 195 216 201 218 196 201 204 187 205 204 194 189 198 196 195 189 207 192 197 204 186 199 193 181 183 173 177 196 201 180 197 197 206 180 189 207 184 204 197 177 190 195 205 191 188 192 180 209 199 202 191 198 187 185 193 212 186 206 206 198 185 187 203 199 202 196 177 188 192 183 191 197 199 201 192 196 210 189 194 176 205 189 179 192 182 205 197 195 201 192 224 201 192 208 202 184 191 206 193 193 205 203 205 186 226 214 192 198 194 193 202 181 187 171 204 185 183 200 192 192 196 211 186 187 187 189 187 194 180 201 202 174 194 200 202 198 194 188 192 197 194 198 189 199 195 204 196 185 185 198 217 196 201 197 208 178 197 184 203 195 211 218 199 213 198 175 202 197 190 205 174 191 193 195 211 194 194 197 187 200 189 198 209 176 204 191 198 205 202 198 195 211 194 186 201 209 200 206 195 202 198 203 201 177 203 197 204 199 190 174 194 213 186 196 197 185 210 201 184 203 191 201 204 185 183 186 202 212 202 193 180 209 183 178 194 197 203 199 184 201 211 195 187 195 205 199 196 191 200 206 213 200 206 184 198 206 189 205 187 198 190 175 185 193 183 184 199 199 181 204 192 199 187 210 206 206 209 201 215 200 193 189 192 191 190 216 185 211 190 195 191 176 206 202 200 198 191 174 194 196 194 194 179 211 202 197 194 190 192 204 192 196 197 195 191 216 196 188 189 199 201 198 207 199 205 186 185 198 186 187 190 186 202 187 192 190 179 185 211 200 195 191 185 192 196 191 214 175 197 187 174 212 208 175 195 216 199 207 193 195 199 185 201 213 192 205 201 188 190 193 187 196 208 190 187 206 190 193 201 193 188 184 187 185 196 191 189 184 196 197 195 198 189 187 203 195 210 173 213 182 187 201 201 199 201 194 206 187 199 193 211 200 215 192 198 187 187 207 208 191 217 189 218 187 210 167 195 193 185 216 195 217 194 197 195 197 191 175 197 202 181 204 199 207 189 192 198 181 191 207 185 201 183 177 193 182 189 191 190 181 214 179 190 187 195 179 192 179 202 201 195 194 206 199 188 212 197 192 195 200 196 196 182 194 190 185 198 192 200 194 196 202 188 203 198 198 189 196 179 203 179 187 188 202 199 
</Matrix>
   <Matrix name="spikesHistory" type="complete" rows="1" columns="100000" multiplier="1.0">
   0 0 0 0 1 0 1 1 2 3 0 2 2 1 1 3 0 1 1 0 1 2 3 1 3 4 2 2 2 4 1 2 0 3 1 0 2 3 3 0 3 1 1 3 2 0 3 2 0 2 2 2 1 1 4 2 0 0 2 3 1 1 3 5 2 2 3 2 1 0 0 2 1 1 3 3 4 1 1 3 3 1 0 1 1 2 1 3 2 5 0 3 1 3 2 1 2 2 2 4 3 3 1 2 2 0 2 2 2 3 3 0 1 1 2 2 2 1 2 3 2 2 0 1 1 0 1 1 2 2 0 1 1 2 4 0 3 0 4 0 1 0 0 1 2 2 4 2 1 2 2 0 3 1 1 2 2 4 1 1 3 1 2 1 0 0 5 1 3 2 2 1 2 2 4 1 3 2 6 0 1 3 2 2 2 2 2 1 1 4 2 0 2 3 1 2 3 1 1 3 0 2 3 2 5 3 0 2 2 2 2 4 1 1 0 2 4 4 4 1 3 2 0 1 3 0 4 4 3 0 5 3 1 3 1 0 2 5 1 4 4 0 4 2 3 0 1 0 3 0 2 5 3 2 2 0 1 3 2 5 0 4 0 3 2 1 2 1 1 2 3 0 4 3 3 2 1 3 1 1 2 1 6 1 1 3 0 2 5 1 2 2 1 0 3 3 2 2 1 0 1 5 0 3 1 1 1 1 2 1 2 1 2 6 4 3 4 1 2 2 0 0 2 1 4 1 4 3 3 3 3 0 2 2 0 1 1 0 4 2 2 3 1 3 2 4 1 0 1 0 3 2 3 2 3 3 2 2 5 1 2 2 4 3 3 0 0 1 4 0 2 1 1 5 2 3 1 1 1 2 1 2 2 1 3 2 1 3 0 0 5 0 3 1 0 2 0 1 1 3 4 2 3 2 2 3 2 1 3 3 2 3 1 1 8 0 0 0 3 1 1 1 1 2 0 3 3 1 3 2 1 3 2 0 1 0 4 2 4 0 1 1 0 4 0 3 1 3 4 4 1 2 4 1 2 1 1 4 4 2 5 0 1 1 3 3 1 2 3 1 1 2 2 0 2 2 3 0 1 3 3 0 2 4 4 3 3 2 2 4 3 2 0 4 2 3 3 2 4 1 0 1 2 1 2 4 2 1 1 1 2 1 2 4 1 2 1 0 1 1 3 2 2 1 5 3 5 1 1 1 1 2 0 2 4 1 2 3 3 4 2 4 2 0 2 2 1 2 1 1 2 0 3 5 1 1 2 3 0 3 1 2 3 5 1 1 1 3 1 2 3 0 2 3 3 4 4 0 3 2 2 5 0 1 1 0 0 2 3 3 1 5 1 3 2 3 1 1 0 3 4 2 2 1 1 4 1 2 2 0 1 1 4 4 2 1 4 0 2 4 2 2 2 2 1 2 2 0 3 2 2 1 4 1 0 4 3 1 1 3 3 1 3 1 1 2 3 1 1 5 2 2 4 2 0 2 3 2 3 2 1 1 1 3 2 1 1 3 2 2 0 1 1 2 1 2 3 2 3 1 1 2 2 1 2 1 1 0 2 2 4 5 1 0 1 2 3 3 2 2 4 3 1 0 2 4 1 4 2 4 3 3 1 2 0 0 3 0 0 0 0 4 1 2 3 2 1 2 0 0 1 3 1 3 1 3 4 2 1 3 1 5 2 3 0 1 2 3 1 1 5 4 1 2 2 1 3 3 1 2 4 2 3 0 0 1 1 1 1 3 2 2 1 2 3 0 3 4 4 0 2 2 2 1 3 2 0 3 2 0 2 2 2 3 4 1 0 1 0 4 3 1 4 3 0 4 0 4 2 0 0 1 2 1 0 4 2 4 0 1 2 1 2 1 5 1 0 2 2 3 0 3 3 1 3 0 2 3 1 0 1 5 2 2 2 2 0 7 0 2 0 3 3 1 1 3 3 0 2 0 0 0 5 1 5 1 1 4 2 2 3 0 2 2 4 1 0 2 2 1 1 2 2 1 2 3 2 3 1 3 1 0 1 1 2 3 2 5 2 3 1 0 0 2 2 1 1 4 4 1 2 3 2 3 2 1 3 4 0 6 2 1 2 1 0 1 5 2 2 1 0 0 3 2 6 1 0 2 0 3 1 2 2 3 1 2 2 2 2 1 3 0 2 6 2 2 2 3 0 2 1 3 2 2 2 1 2 1 3 3 3 1 0 3 3 2 0 2 2 1 3 1 1 1 0 1 1 1 4 4 1 3 3 0 2 3 1 5 3 1 2 1 0 2 0 1 1 4 4 2 2 0 2 1 2 1 3 4 1 0 3 5 2 0 2 5 2 1 2 0 0 1 4 0 6 3 1 0 2 0 0 1 3 3 5 1 1 0 4 4 3 3 2 2 3 1 1 1 3 2 1 1 0 3 0 3 3 3 2 0 3 1 2 2 1 1 1 1 1 0 1 0 2 3 3 1 1 1 4 1 1 0 3 1 0 3 1 7 1 3 0 1 2 3 3 1 0 0 4 0 0 2 5 1 5 1 2 1 2 2 3 1 3 1 5 0 0 2 1 3 0 3 5 1 2 1 1 4 2 0 3 2 2 2 5 2 1 3 2 3 1 2 1 3 2 1 3 2 0 2 0 3 1 2 5 1 3 0 1 0 3 2 1 4 4 1 2 2 4 3 1 2 1 0 5 3 5 1 2 0 0 0 1 1 4 1 3 0 4 3 3 0 2 1 0 0 3 2 5 3 4 1 1 1 3 0 1 5 2 2 1 5 0 2 0 2 1 2 2 1 2 2 2 3 0 3 1 1 1 3 0 1 0 1 4 2 2 1 2 5 1 1 3 3 0 0 5 1 4 5 3 1 0 1 0 1 0 3 3 2 5 5 3 1 5 0 3 1 1 0 3 2 1 1 3 4 1 1 3 3 1 1 1 2 2 1 4 5 4 1 1 4 0 0 1 3 3 0 2 2 0 3 2 3 0 3 2 0 4 2 2 1 4 3 5 2 2 1 4 1 1 3 2 3 2 2 4 3 1 4 2 1 1 4 2 2 3 1 1 2 0 0 0 1 2 0 3 3 3 1 4 2 2 3 3 0 0 1 2 1 2 2 2 2 3 3 3 5 2 4 3 2 2 0 1 2 0 2 1 3 1 2 2 1 3 2 1 0 3 2 2 1 4 1 3 1 2 3 3 0 3 0 2 1 0 0 4 3 0 3 3 3 2 2 0 3 3 1 2 3 1 1 3 5 3 3 0 2 2 2 1 2 0 2 2 2 0 3 2 2 2 2 3 2 2 4 0 5 0 0 1 2 1 2 1 3 3 1 3 1 3 3 0 1 2 1 0 7 2 2 0 3 1 1 2 4 2 3 5 3 2 0 3 2 3 0 3 1 1 4 3 1 1 1 1 3 1 0 2 4 1 2 1 0 2 3 1 0 1 3 2 3 4 0 2 0 3 4 2 7 6 4 0 2 2 0 0 0 3 0 0 2 2 2 3 4 3 1 2 1 3 2 0 3 1 3 3 2 1 2 1 0 2 3 2 4 5 1 0 0 3 4 2 3 1 3 3 1 3 4 1 0 2 1 0 3 3 3 0 4 3 0 2 2 0 4 2 4 2 3 2 3 0 0 1 4 2 3 4 2 6 2 1 0 1 0 0 0 3 1 1 1 2 1 0 3 0 2 4 0 2 3 0 2 4 2 1 4 2 0 0 0 2 1 4 4 4 1 1 0 3 0 2 4 2 1 2 0 0 6 2 3 4 2 2 1 2 1 1 2 1 2 5 1 3 2 0 5 3 3 0 2 3 1 0 2 1 2 1 4 2 1 3 5 1 1 0 2 0 1 1 2 2 2 0 1 0 5 2 7 1 3 4 0 3 2 6 4 0 3 2 3 1 3 1 2 3 2 2 5 1 1 1 2 3 1 2 1 3 1 4 0 1 0 0 3 3 1 1 2 4 4 0 5 4 2 1 2 0 0 3 1 1 0 1 2 2 1 1 1 4 3 1 4 2 2 1 3 2 0 9 2 2 0 0 0 3 2 1 3 5 1 2 0 4 2 1 3 2 3 0 0 5 3 2 3 2 2 0 3 1 3 1 2 4 2 2 2 0 1 2 0 3 2 3 1 3 0 2 1 1 0 1 0 2 1 4 1 0 1 3 4 4 1 1 4 1 0 0 2 1 1 3 2 2 2 2 2 2 3 1 1 0 3 1 3 3 2 2 3 1 2 1 3 2 2 1 2 1 1 5 4 5 1 2 2 2 4 1 2 1 5 2 0 3 4 1 2 1 0 1 1 2 1 3 1 1 0 1 3 1 3 1 2 5 1 1 1 1 3 1 3 3 5 3 1 0 2 2 4 1 0 3 1 1 2 0 3 4 1 3 5 0 2 1 3 0 2 2 2 2 1 2 1 2 3 2 0 3 2 2 1 2 3 2 2 1 3 1 5 2 0 1 1 2 2 2 4 3 1 1 0 3 4 2 3 2 3 2 1 0 1 5 3 2 0 0 1 0 1 0 3 1 3 3 3 5 6 1 2 2 0 1 1 2 2 1 2 2 1 3 2 1 1 4 2 2 0 4 0 1 1 1 1 1 2 2 2 2 5 4 2 1 1 2 2 0 1 3 1 1 4 2 3 3 0 3 3 1 4 2 1 3 0 1 4 0 1 4 1 1 3 3 2 0 1 5 3 0 0 2 2 4 1 1 3 0 3 2 3 1 2 2 1 4 3 0 0 1 0 2 1 2 2 0 2 1 3 2 0 0 1 3 3 2 2 1 5 4 4 3 0 2 1 4 3 4 1 1 1 3 3 1 2 3 2 3 3 1 1 0 3 2 0 1 0 3 3 0 1 0 1 2 4 3 3 3 1 1 4 0 2 1 2 0 1 4 1 1 4 5 1 3 5 3 1 0 3 1 1 2 6 2 4 1 0 1 1 0 4 0 1 5 2 0 2 0 1 2 1 1 5 1 3 4 3 1 5 2 1 2 2 3 0 0 2 2 2 1 6 1 0 2 0 1 1 1 1 2 2 3 0 2 1 1 2 1 1 1 2 3 1 2 3 6 3 1 1 1 2 1 1 7 2 0 0 0 3 0 4 2 2 4 3 1 1 1 1 1 1 3 3 1 2 1 2 5 1 3 2 4 2 4 1 3 1 3 3 1 2 3 1 4 4 1 0 3 1 2 2 5 1 4 1 2 2 1 2 2 4 2 3 0 4 1 1 2 2 2 2 2 2 1 4 1 1 3 0 5 1 3 2 0 2 2 2 3 2 0 3 1 0 3 0 1 2 1 1 3 2 4 3 1 1 2 1 2 3 0 2 2 1 3 0 1 2 1 1 3 0 4 1 0 2 2 1 2 2 1 0 2 2 6 1 3 2 0 1 2 3 2 2 1 1 0 3 2 3 3 0 2 3 1 2 0 2 3 4 5 2 2 2 1 2 1 2 2 2 4 1 3 3 1 1 0 3 2 2 1 2 1 0 2 3 2 0 0 5 1 4 2 3 2 1 4 1 1 4 0 3 2 2 7 0 0 3 1 2 1 2 1 0 1 2 2 2 5 2 1 0 2 2 1 1 2 4 2 2 6 4 3 0 2 2 0 3 2 2 2 0 1 3 1 3 3 2 2 1 3 1 1 3 4 3 3 2 1 2 3 0 1 4 4 0 3 1 2 1 1 3 3 2 1 1 2 1 0 2 1 1 2 2 2 2 3 3 2 3 2 1 1 4 2 2 4 5 1 2 0 2 4 0 4 3 2 1 2 4 3 1 2 0 1 4 5 0 1 1 3 3 4 1 4 0 1 7 2 0 0 1 3 2 2 2 3 3 3 0 1 3 1 4 0 2 1 0 4 2 2 0 2 1 1 1 4 3 4 4 1 1 3 2 1 3 2 0 1 4 2 1 1 1 1 2 4 0 0 3 6 1 4 2 2 1 1 2 1 2 2 0 2 2 4 2 3 0 0 1 3 1 3 2 4 1 1 1 5 1 2 0 5 3 2 0 0 2 2 0 4 3 2 1 1 1 0 3 2 4 1 1 3 7 4 0 1 2 0 5 2 0 0 2 6 2 0 2 1 1 2 3 2 2 0 2 2 0 3 2 2 1 4 1 5 3 1 3 2 1 3 1 2 2 4 4 2 0 3 3 1 1 2 0 0 3 1 4 0 1 0 4 1 0 3 0 1 0 2 3 2 4 2 1 1 3 1 3 3 2 1 0 3 1 1 3 0 0 1 2 3 1 3 3 1 1 3 2 2 2 2 3 0 1 2 1 3 0 3 1 3 1 0 0 3 3 4 4 2 1 0 2 0 2 3 3 1 2 1 4 2 0 2 2 1 2 4 0 2 5 2 1 2 2 7 2 3 2 2 2 1 2 1 3 2 2 2 2 2 2 0 2 0 3 2 0 0 1 2 5 2 4 2 0 1 2 4 1 2 1 2 2 4 4 0 4 2 0 1 4 2 2 2 2 3 2 2 0 4 6 3 2 1 0 1 1 2 3 2 1 3 2 3 2 2 1 1 0 3 4 2 1 3 2 2 5 3 2 2 2 3 2 1 1 0 2 2 3 1 2 1 4 2 4 2 3 2 3 2 2 2 2 1 1 2 2 3 1 2 0 1 2 2 2 3 1 3 2 1 0 8 1 2 2 3 1 3 1 1 2 2 2 3 2 2 1 1 0 3 5 2 3 4 2 2 1 1 2 1 1 1 0 0 4 2 1 0 3 2 1 1 0 2 1 2 2 2 1 3 0 3 3 1 0 5 1 3 2 6 4 4 3 1 2 1 3 4 4 1 1 3 2 1 2 2 5 0 5 2 0 5 1 0 2 1 0 2 3 2 1 4 1 3 2 1 1 3 2 0 2 1 3 3 3 2 2 1 0 0 2 1 1 2 2 3 1 0 3 5 3 1 0 6 1 3 1 1 2 3 1 4 4 3 3 0 3 1 2 4 2 3 2 2 1 3 0 1 2 1 3 1 1 1 3 4 3 2 4 1 2 1 1 2 0 2 3 2 4 1 3 5 4 0 2 1 1 3 4 1 4 2 0 0 2 3 1 1 1 1 1 2 0 3 0 3 3 1 3 2 2 1 2 1 2 2 4 0 1 1 1 1 5 1 2 2 3 2 2 3 1 3 2 2 0 4 2 2 1 2 4 0 3 0 5 3 2 0 2 2 4 3 1 1 2 1 1 2 2 2 3 3 2 3 0 4 0 2 1 1 1 1 2 2 2 3 1 0 3 1 3 2 1 1 1 1 1 3 4 0 4 2 2 1 1 3 1 1 0 1 1 3 5 3 3 2 2 1 3 1 2 2 1 0 1 2 2 2 1 3 3 0 1 3 3 2 2 2 2 3 2 4 1 0 1 3 1 2 4 3 0 3 2 3 2 2 3 4 2 3 1 0 4 4 3 0 1 2 0 1 1 2 3 2 0 1 0 3 1 1 1 1 2 4 5 0 0 4 3 3 1 1 3 3 1 2 2 1 4 2 4 4 2 3 0 2 0 1 0 1 3 2 1 1 2 1 2 3 1 2 3 1 5 1 4 2 5 1 4 0 0 0 3 5 1 0 0 3 3 3 1 3 1 3 3 1 3 5 3 0 3 3 1 1 2 1 1 1 4 1 3 2 3 3 2 3 2 1 2 3 3 2 3 0 2 1 3 3 2 2 2 1 4 3 0 3 2 4 0 3 4 0 2 1 0 0 1 1 0 1 3 4 1 2 3 2 0 0 4 3 0 2 2 3 2 1 0 2 0 2 3 1 0 5 0 2 1 0 1 2 3 4 0 4 1 2 1 3 2 1 3 3 1 2 1 1 2 1 0 2 1 6 3 3 1 0 0 2 3 1 2 2 3 2 1 3 2 5 1 1 1 4 0 2 2 1 2 0 3 4 3 1 3 3 1 1 2 2 1 1 3 3 0 2 2 3 3 3 1 3 2 3 0 2 4 0 0 1 2 6 1 3 3 2 0 2 2 5 2 3 4 0 5 1 2 1 0 1 1 0 1 2 2 1 1 2 2 3 3 3 3 1 4 2 2 2 4 5 1 0 0 1 1 3 1 2 3 0 2 1 0 2 2 0 1 0 1 4 2 2 2 2 1 3 2 3 2 1 1 2 3 1 2 3 3 0 2 2 2 1 1 1 3 1 1 2 1 2 0 4 2 1 3 3 4 2 2 1 1 1 3 3 4 1 2 1 0 3 3 4 3 0 1 2 0 2 4 2 0 3 1 1 6 1 2 1 3 1 3 3 2 1 1 3 6 1 4 0 0 3 1 3 1 3 3 2 1 1 3 2 0 1 2 1 1 2 3 0 5 2 4 0 4 3 2 1 1 1 0 2 2 3 2 2 1 3 0 3 3 1 2 0 6 2 2 1 4 3 1 1 3 0 2 1 3 0 4 2 4 0 0 0 0 1 3 5 3 2 1 5 1 2 0 0 2 2 1 0 4 5 2 4 2 4 2 2 2 3 1 1 0 1 0 2 3 2 1 1 1 3 6 4 0 1 0 2 2 4 0 2 0 1 2 2 3 1 1 2 0 2 1 3 3 3 0 0 2 1 0 1 1 4 3 1 2 3 4 3 3 3 5 0 2 4 0 2 1 1 3 3 3 0 3 1 5 0 1 1 2 0 1 5 1 3 0 5 2 4 2 4 1 1 2 3 1 3 2 1 2 4 0 4 1 2 0 1 1 1 0 2 1 2 5 0 2 1 2 0 2 2 4 2 1 3 1 1 3 3 1 3 3 1 1 2 2 3 1 3 2 2 4 1 3 0 1 1 0 3 3 0 2 2 1 5 4 1 3 1 2 3 0 0 3 2 3 3 3 2 0 2 3 1 3 0 1 2 2 0 1 1 5 2 1 4 3 3 2 1 3 6 2 2 1 0 1 3 2 1 1 2 2 3 5 1 2 2 3 1 1 0 1 1 1 1 2 2 2 3 3 3 0 3 1 3 3 2 3 2 2 1 2 1 3 3 1 1 2 1 1 2 1 1 3 1 2 1 5 2 3 0 5 2 2 1 1 1 1 1 4 1 4 1 0 4 1 3 1 4 2 2 2 1 4 1 1 3 2 0 2 1 4 1 4 2 0 4 0 6 3 2 1 0 0 1 4 3 1 2 3 3 1 0 1 1 1 3 3 0 4 1 1 0 2 2 0 1 2 1 1 2 1 1 4 5 0 3 2 3 0 3 0 1 3 3 2 1 1 1 4 2 0 5 0 0 4 2 1 2 1 0 3 1 0 3 0 0 2 1 3 3 2 2 1 3 0 2 2 4 2 3 1 3 1 2 1 0 1 4 0 2 4 0 1 1 3 2 2 1 2 2 2 7 4 1 2 0 4 0 2 3 4 2 0 2 2 2 2 2 1 3 2 2 2 2 3 1 1 1 3 0 3 2 2 2 2 2 5 5 0 4 2 0 2 1 3 4 3 1 0 1 5 3 2 0 2 2 2 3 2 2 3 1 2 1 3 3 0 0 4 0 2 2 1 3 1 1 2 4 2 4 2 4 3 3 1 3 1 2 2 4 1 2 2 1 0 3 2 0 0 3 2 0 2 2 1 6 1 1 0 2 3 2 2 2 2 2 3 2 0 2 4 3 2 2 2 1 1 0 3 2 1 3 4 1 1 2 2 2 1 2 2 1 2 2 3 1 4 0 1 2 0 2 3 2 1 2 3 1 2 3 2 1 0 6 0 2 2 0 3 2 4 3 1 2 0 7 3 3 1 0 2 3 2 1 0 4 1 0 4 3 0 0 1 3 1 5 1 1 2 2 0 3 4 4 0 1 1 2 1 1 1 3 0 4 4 1 1 1 3 1 1 2 1 2 4 4 3 2 1 2 1 3 1 1 2 4 3 2 0 2 0 1 4 2 2 0 2 0 1 1 0 3 1 3 2 1 1 2 3 2 2 3 1 1 1 1 3 1 2 5 3 1 1 1 3 2 1 1 2 1 0 3 4 0 2 3 5 2 2 2 3 3 1 3 0 1 4 0 1 3 2 3 2 2 4 4 1 1 1 4 2 2 5 2 6 3 3 2 2 3 1 2 1 0 3 4 3 4 3 2 1 1 0 0 3 3 3 2 3 1 0 1 2 3 0 3 2 1 1 3 1 0 1 1 1 2 3 3 2 1 2 3 4 1 2 3 1 4 2 6 2 1 1 0 1 4 1 7 2 0 2 1 3 0 0 0 0 2 1 2 2 1 1 1 2 3 1 2 2 0 0 3 4 2 3 3 0 4 1 3 2 0 1 1 1 2 4 3 1 5 1 3 0 0 1 2 2 2 2 3 2 7 3 1 1 1 1 2 2 3 3 0 1 3 3 3 2 1 1 3 3 1 6 4 0 3 1 2 2 1 0 2 2 5 2 2 1 1 2 2 0 2 1 4 2 3 4 1 2 0 1 2 1 1 3 5 4 0 3 1 3 2 4 4 1 1 2 3 1 0 0 0 3 3 1 2 3 4 1 4 0 2 1 1 0 0 0 2 2 2 4 4 4 0 2 1 2 2 4 3 5 3 2 2 3 1 2 3 2 2 0 3 3 5 3 3 1 0 3 1 1 6 2 2 2 5 1 4 2 3 0 1 3 0 3 2 4 3 1 1 3 0 1 4 1 2 2 2 2 2 1 4 2 2 1 2 3 2 4 1 1 1 3 3 1 1 1 1 3 4 1 4 3 2 4 2 3 0 3 1 1 2 5 0 0 4 3 1 3 0 1 3 3 4 1 1 3 2 2 3 0 0 0 2 1 5 2 5 4 1 0 4 1 0 2 2 2 1 1 3 0 2 0 8 0 1 4 1 2 2 1 0 3 1 2 1 3 2 1 4 4 2 1 2 1 2 2 3 0 4 2 1 2 2 3 2 6 1 1 1 1 1 3 1 5 2 2 2 2 0 4 2 2 2 4 4 1 1 3 1 2 4 2 5 2 2 3 2 0 3 1 1 0 1 0 3 7 1 2 2 2 2 1 2 3 3 2 1 1 1 1 1 3 4 3 3 2 0 2 0 1 3 4 1 1 1 3 1 1 3 0 3 4 2 1 0 4 1 2 1 2 1 1 5 1 1 1 1 2 0 1 1 0 2 4 2 2 3 4 2 0 1 4 1 3 4 2 1 3 1 1 3 4 4 1 1 0 2 1 1 4 3 2 6 3 2 1 0 1 1 3 0 0 1 0 2 3 3 1 5 2 1 3 1 1 1 5 1 1 1 1 1 2 1 1 1 1 3 2 1 1 5 0 3 2 1 0 5 4 1 0 3 1 1 2 1 2 1 3 2 0 3 1 6 1 2 0 3 0 0 6 1 1 3 0 0 6 3 2 2 1 4 0 1 3 1 2 2 1 5 4 3 1 0 0 2 4 4 5 0 7 1 0 3 1 2 2 2 3 3 3 1 2 2 2 1 0 3 3 1 0 1 4 2 1 3 3 4 4 5 2 1 4 3 1 0 0 1 2 3 3 2 1 1 2 3 3 0 0 3 2 0 0 1 1 3 1 2 4 2 2 1 1 3 0 8 1 2 5 0 0 0 0 1 2 3 1 1 3 3 1 2 3 1 4 2 1 2 2 1 2 3 2 3 1 2 2 3 2 0 2 2 2 0 3 0 2 1 1 3 3 3 1 0 3 3 1 2 2 1 3 2 2 2 0 0 3 3 0 1 4 2 1 3 3 4 2 4 3 5 0 1 3 0 2 1 1 1 1 5 2 1 3 2 0 0 0 2 3 2 2 6 0 3 1 0 1 1 1 3 5 0 3 1 3 3 1 0 0 2 2 4 1 3 0 3 2 5 4 2 3 2 3 0 1 3 4 0 1 3 3 2 1 2 1 2 2 0 2 3 1 3 1 2 1 0 0 2 1 1 2 3 2 1 0 3 3 6 5 0 3 2 2 1 0 0 3 0 4 3 0 3 1 3 2 1 1 0 3 1 1 1 1 3 2 1 3 0 1 2 2 2 1 1 0 3 5 0 5 1 1 2 1 0 3 2 5 1 2 2 2 1 0 2 2 2 1 1 0 3 0 3 0 5 2 5 3 2 1 0 4 2 3 2 5 3 1 0 1 1 3 0 3 2 2 1 2 3 0 2 2 2 0 0 2 1 3 6 1 4 2 1 2 1 1 1 1 1 2 0 2 1 2 2 2 5 1 1 1 3 2 2 2 2 0 1 2 2 4 1 0 3 0 3 2 4 4 0 5 1 1 1 4 2 1 2 5 1 1 0 1 1 1 2 0 3 3 2 1 3 1 5 3 3 0 0 1 0 2 5 2 1 3 2 1 1 1 1 4 4 2 1 0 2 0 2 2 1 2 2 1 2 1 2 4 3 1 2 1 0 0 2 5 2 5 3 1 0 0 4 4 2 5 2 0 2 1 1 4 1 1 2 2 1 3 2 3 2 2 2 2 2 2 2 0 2 2 5 1 0 0 2 1 2 0 0 3 4 2 2 0 1 3 1 2 1 1 1 1 2 2 3 2 3 2 2 1 2 3 4 1 3 1 0 3 2 3 1 5 2 0 1 1 4 3 2 1 3 2 2 0 3 1 3 3 0 3 3 1 1 1 3 0 4 1 2 2 2 5 1 0 3 1 3 2 1 2 2 4 1 3 1 1 1 0 2 2 3 6 1 2 2 2 1 2 1 3 5 2 1 0 4 4 1 0 0 2 3 4 1 2 1 2 0 2 0 2 1 1 1 1 2 2 1 2 1 3 2 2 2 4 2 2 1 0 1 0 4 1 1 0 4 1 4 4 0 1 2 2 2 4 1 2 2 1 2 4 0 1 2 4 2 3 5 4 1 2 2 3 0 2 0 0 3 2 3 2 2 2 2 6 0 2 1 2 3 0 2 3 0 3 1 2 0 4 1 2 1 5 2 1 2 1 4 2 4 1 1 5 0 1 2 2 3 1 1 4 3 2 2 0 0 2 4 4 2 2 2 0 2 3 0 1 2 3 4 3 1 1 0 1 4 1 1 1 2 3 1 5 4 2 3 2 0 1 1 1 1 1 3 1 2 2 2 1 2 2 0 3 1 0 1 4 2 1 2 2 2 0 2 4 4 6 2 2 3 1 3 3 3 2 3 2 0 2 0 3 2 1 5 1 2 3 2 2 4 3 1 2 0 2 3 4 1 1 1 2 1 3 1 2 0 1 2 3 2 1 3 2 1 1 2 3 1 2 4 0 3 1 1 3 6 2 0 1 1 2 0 3 4 4 1 1 3 4 3 3 1 0 2 2 1 3 0 0 3 5 0 1 1 2 2 2 1 3 4 2 1 4 1 3 1 1 2 3 1 0 3 1 0 6 0 4 0 1 2 2 2 1 3 5 2 2 1 0 0 0 1 4 0 0 1 4 2 2 4 3 4 2 1 6 2 2 2 3 2 3 2 0 1 2 3 3 2 1 3 3 2 2 2 0 1 0 1 1 2 2 4 2 2 3 0 1 1 1 3 0 4 1 2 4 2 1 2 1 3 2 6 4 1 1 4 2 3 1 2 2 0 4 1 2 4 4 1 2 1 1 5 0 1 3 2 1 0 0 3 3 4 1 1 4 3 0 1 4 2 2 1 2 4 1 1 3 3 1 1 2 2 4 1 1 2 1 4 2 2 3 1 1 2 1 2 5 1 2 3 3 2 3 1 1 2 2 3 2 1 5 0 0 1 2 3 3 2 4 0 4 5 0 2 3 3 2 1 2 1 3 3 2 2 1 1 2 2 2 0 3 5 4 2 1 2 1 7 0 3 1 1 3 2 5 2 1 2 2 3 0 0 0 2 3 1 2 3 2 4 0 5 1 2 1 3 0 5 3 2 4 2 3 0 0 1 1 3 1 5 4 6 1 0 1 3 3 0 1 2 3 4 2 3 3 0 2 2 1 2 2 2 2 2 1 3 2 2 0 2 2 4 1 0 2 0 2 6 1 0 4 0 2 3 4 1 1 1 4 1 5 1 1 2 1 2 2 2 1 4 2 2 2 1 3 5 2 1 0 1 2 2 4 0 3 3 1 2 1 3 4 4 1 3 1 1 2 2 2 3 1 2 2 1 5 3 2 0 3 0 2 1 2 3 4 1 2 2 1 3 2 3 3 3 1 2 2 1 1 3 4 2 1 1 2 4 3 1 1 0 0 3 1 0 0 2 2 3 1 4 3 0 2 4 1 1 0 3 1 0 2 1 1 3 1 2 1 1 1 4 3 1 2 1 3 1 0 4 3 3 4 0 1 5 2 1 2 1 5 2 1 0 2 1 2 1 2 0 1 0 2 1 7 2 4 1 2 2 0 1 1 0 4 1 1 2 1 2 3 0 0 1 0 3 0 4 4 3 1 0 1 1 2 0 2 0 4 1 2 2 1 2 0 3 0 3 2 3 1 2 1 0 2 2 2 1 0 8 1 1 1 1 1 2 1 2 2 1 1 6 3 4 2 0 0 4 2 1 0 3 2 5 1 3 0 2 0 3 1 1 2 2 4 1 1 0 2 4 2 3 2 1 2 2 1 0 3 3 5 2 2 2 0 4 1 2 2 0 0 3 2 4 4 1 0 0 2 4 4 1 1 3 3 3 1 2 4 2 1 2 2 0 3 2 0 1 2 1 2 2 3 2 0 2 1 2 3 1 0 0 1 1 2 4 2 0 2 2 1 1 1 1 1 0 3 2 1 1 1 1 1 5 2 2 1 5 2 5 3 4 0 1 1 4 4 1 2 0 1 0 3 3 5 4 2 0 4 0 1 1 4 2 1 4 1 2 2 1 3 1 1 0 2 2 3 4 3 2 4 1 3 2 2 1 4 1 3 2 1 1 1 1 4 2 1 2 0 1 4 2 2 3 1 0 3 2 0 2 1 1 2 0 1 1 0 3 2 3 2 3 0 0 1 3 4 2 3 4 3 1 0 1 1 3 1 1 0 2 2 3 8 2 3 1 2 1 2 2 2 2 1 1 3 0 3 2 0 4 1 3 1 1 4 1 1 0 3 1 2 4 0 0 2 2 1 3 0 1 1 0 2 1 1 1 1 3 3 3 1 2 1 3 2 1 0 2 1 1 2 0 2 4 1 1 2 4 3 2 0 1 2 3 2 1 1 2 4 0 2 4 1 0 3 4 2 3 2 1 5 2 1 0 3 3 4 3 0 0 0 4 2 2 2 3 4 2 2 1 2 2 2 2 3 4 6 1 3 1 3 2 1 3 1 3 2 1 2 1 0 4 2 2 1 4 1 0 1 1 1 2 3 2 4 3 4 2 0 0 2 0 3 3 1 7 2 2 1 1 0 1 1 3 2 2 3 5 3 4 1 1 3 3 2 4 2 1 3 1 3 3 1 0 1 2 2 1 2 0 5 2 0 1 4 1 5 1 3 3 2 2 4 2 2 1 1 2 3 3 2 1 3 2 3 3 3 1 0 2 2 3 1 2 1 1 2 2 3 2 4 5 3 3 1 1 1 1 0 5 3 0 1 1 1 2 3 2 4 1 1 1 3 1 2 2 3 3 2 2 1 0 5 4 2 1 2 4 0 0 1 0 4 3 0 0 1 6 3 2 3 2 0 2 2 2 2 2 2 3 2 0 1 1 1 3 2 0 2 2 2 0 3 2 3 6 4 4 0 3 4 5 1 1 2 3 1 1 2 1 1 4 3 5 2 1 2 0 2 5 0 0 3 0 0 4 1 4 2 2 2 2 3 3 2 0 1 1 3 2 1 6 0 3 2 2 2 2 1 4 2 0 3 0 3 1 1 2 2 3 3 1 1 0 2 0 0 1 3 4 2 0 2 4 4 1 5 2 3 2 3 2 2 2 1 3 4 1 0 1 0 3 2 1 3 4 3 4 0 4 1 1 1 1 3 2 3 2 4 3 1 2 3 2 3 2 1 1 3 0 3 0 1 1 3 3 0 4 2 3 0 2 0 4 2 3 2 2 5 2 3 3 1 0 4 1 1 4 3 1 2 2 3 2 2 5 1 2 2 0 0 2 3 1 3 4 0 3 1 2 2 1 3 0 2 2 1 2 1 4 3 2 2 0 4 0 1 1 2 2 2 4 1 1 1 2 2 2 5 2 1 1 1 2 0 2 2 2 3 1 1 5 6 4 2 4 1 1 4 5 5 1 2 5 1 1 4 4 2 0 1 3 2 4 2 1 0 6 3 2 1 3 1 2 4 2 0 2 3 1 2 1 3 2 0 2 5 1 2 0 2 2 4 3 2 3 2 0 3 2 0 3 2 1 3 3 2 2 2 1 0 3 1 4 3 7 2 2 0 2 2 2 3 0 2 1 2 1 3 3 0 0 1 2 2 2 5 0 2 4 2 0 2 2 2 0 1 0 2 3 4 1 0 2 0 2 2 2 0 2 4 3 2 2 1 1 2 3 3 0 1 1 0 2 3 4 1 2 3 1 2 2 3 2 3 2 2 3 2 0 1 3 3 2 1 3 2 3 3 2 2 1 4 2 2 2 1 2 1 1 2 0 2 1 3 4 2 2 0 2 1 1 3 2 1 3 0 2 2 2 1 0 3 0 1 2 2 1 3 2 3 1 4 5 2 3 3 1 1 2 1 1 1 1 2 3 4 2 3 1 1 1 3 2 3 2 8 5 2 1 4 1 3 1 1 2 2 1 2 3 2 6 1 1 4 1 0 1 4 2 2 1 4 1 1 1 5 2 2 3 2 2 2 1 2 2 3 2 1 0 4 2 3 3 3 2 4 2 1 1 3 1 2 1 2 0 4 0 3 3 1 1 0 3 1 2 3 0 1 1 5 1 3 3 1 2 4 4 3 2 1 3 1 5 5 0 3 3 1 1 1 0 3 2 0 5 4 1 1 1 1 1 2 3 1 3 0 2 2 1 2 2 3 1 2 1 0 2 1 0 3 2 3 0 1 2 2 2 3 1 1 1 2 0 3 1 2 3 2 1 1 1 2 1 1 0 2 2 1 2 1 1 1 3 2 0 3 1 2 0 2 0 1 3 3 4 0 2 1 3 1 3 2 4 1 1 4 3 1 1 3 1 3 2 1 0 1 2 1 3 2 2 1 2 2 2 1 2 0 6 0 1 0 1 2 2 0 2 2 0 3 0 2 0 1 1 1 3 3 2 2 2 1 2 2 4 1 1 1 2 3 1 0 2 5 4 2 2 4 0 4 1 0 1 2 0 3 2 1 0 1 4 1 4 1 2 0 0 2 2 1 0 2 0 1 1 3 3 3 1 4 4 2 4 0 1 3 4 2 2 3 3 1 0 2 2 1 1 3 2 2 2 2 4 1 2 1 1 2 3 3 3 0 1 2 2 2 2 3 0 2 3 1 1 1 0 3 1 2 6 3 3 2 1 3 2 2 3 1 4 1 5 2 3 2 0 2 1 1 2 2 2 4 1 3 3 1 1 2 3 0 0 1 2 5 3 1 2 1 1 3 2 4 2 1 1 1 5 3 1 4 0 1 3 4 1 3 0 2 2 2 3 3 3 3 1 2 1 2 0 1 1 2 2 3 2 1 1 2 2 2 0 0 4 1 1 2 4 2 3 1 1 2 0 1 3 3 2 0 1 1 2 2 0 3 3 2 0 3 4 4 1 1 3 1 4 3 2 3 1 0 1 4 3 0 1 3 2 2 3 0 2 2 4 0 2 5 2 3 2 1 2 2 1 1 3 1 2 2 3 2 2 0 0 1 2 2 2 1 0 1 1 0 0 2 3 0 3 3 0 2 2 2 2 3 1 0 4 2 3 2 2 1 3 4 2 4 1 1 0 1 2 0 4 1 2 2 3 4 2 1 1 1 4 2 3 2 2 1 2 3 0 1 4 5 2 3 0 1 3 3 2 5 2 1 4 0 1 0 3 1 2 3 1 5 1 3 3 3 2 5 2 1 1 2 1 0 2 2 2 2 2 3 0 1 3 0 3 0 0 2 1 1 2 4 0 2 0 2 3 2 3 3 0 1 2 0 2 0 1 4 1 5 3 0 4 1 1 7 1 2 2 1 2 1 1 1 4 2 1 2 2 4 2 1 0 0 1 1 3 1 4 0 4 3 1 2 1 1 3 2 4 2 3 1 3 1 1 4 0 1 5 1 2 2 1 0 3 3 0 2 2 2 3 0 1 2 4 2 1 2 1 2 3 1 4 2 1 1 1 4 1 1 3 2 2 1 1 2 1 1 2 2 0 1 3 3 2 2 2 2 1 4 1 0 3 2 3 1 1 1 3 0 0 0 5 0 3 1 0 2 2 2 2 4 2 3 4 1 4 2 1 3 2 2 0 0 2 2 2 6 2 1 1 3 2 2 1 2 5 0 1 1 2 4 4 2 2 2 1 3 2 1 1 3 2 3 1 3 1 0 2 1 1 1 3 1 1 4 4 3 3 2 1 0 0 2 5 2 1 1 4 1 4 3 0 3 1 3 3 1 1 3 1 0 4 6 0 1 5 4 3 0 1 0 0 1 1 3 1 1 1 1 3 4 3 3 2 1 1 3 1 1 3 3 4 3 2 0 1 1 1 4 3 1 2 4 1 1 1 0 0 1 1 0 2 2 5 3 1 1 0 1 5 4 1 4 2 1 0 2 0 3 1 1 3 2 0 3 3 2 3 2 2 1 1 3 3 0 2 1 1 2 3 1 2 3 1 2 4 0 2 3 1 1 2 3 2 1 2 1 0 5 2 3 1 1 4 4 1 1 2 0 1 2 1 5 3 3 1 2 3 3 2 3 3 1 1 2 1 3 2 2 0 2 1 3 4 0 0 4 4 1 1 2 3 3 2 2 1 0 1 2 3 2 6 2 3 2 1 2 2 0 4 5 2 1 1 4 0 1 3 3 2 2 2 5 1 3 1 0 1 5 2 1 4 0 2 0 2 2 0 2 2 3 1 2 1 2 2 0 0 2 2 2 1 3 5 3 1 2 1 0 0 1 3 1 1 2 2 2 2 1 2 2 4 2 3 2 2 2 2 2 3 1 0 0 0 3 2 5 0 3 2 2 1 1 2 0 1 1 3 3 0 2 2 2 3 2 1 0 6 2 1 3 2 1 1 3 4 2 1 2 5 0 1 3 2 2 4 0 0 4 1 0 3 2 1 2 3 2 2 1 3 2 0 1 1 4 1 0 2 1 1 0 1 0 1 4 1 0 1 2 1 0 2 0 2 1 4 2 0 1 2 2 1 2 4 4 2 0 1 0 4 5 3 2 1 2 1 0 2 2 1 7 1 1 3 1 1 1 2 4 2 0 1 1 1 2 2 1 1 0 4 2 1 1 2 4 0 1 1 0 2 3 4 1 4 3 2 3 0 2 2 2 4 0 2 0 2 1 1 1 1 4 2 0 2 2 1 0 1 3 3 3 4 1 4 3 0 2 2 1 0 3 0 1 1 2 4 1 2 1 5 4 0 0 2 0 3 1 2 1 1 2 4 2 1 1 3 0 3 3 1 2 1 2 2 3 1 3 2 2 1 1 3 1 2 2 3 1 1 3 3 3 2 0 3 3 2 4 4 2 3 1 3 1 2 0 2 2 0 0 3 1 3 1 2 3 2 1 1 2 3 1 2 2 3 2 1 0 0 1 0 1 4 0 3 3 0 3 1 3 1 3 2 1 4 2 0 3 3 4 2 1 1 1 4 2 3 0 0 0 4 0 3 2 1 6 2 3 2 3 0 2 2 2 2 2 1 1 2 2 6 2 1 0 1 5 1 2 2 0 2 1 2 1 1 1 1 2 1 3 2 2 2 3 8 1 1 0 1 0 3 0 3 2 4 2 1 1 3 3 5 3 2 1 1 1 0 1 1 1 3 1 2 3 2 5 1 1 1 2 2 3 2 2 1 1 3 2 3 1 1 3 1 4 1 0 3 2 2 2 1 3 3 4 0 1 2 2 1 1 3 3 3 0 3 2 4 1 3 2 0 0 3 2 3 1 2 1 0 1 2 1 2 3 2 5 3 1 1 1 3 4 3 1 2 1 4 2 2 1 1 1 1 2 1 2 0 4 3 1 1 3 2 2 2 0 4 1 1 2 2 5 5 1 2 0 2 2 2 2 2 1 1 1 2 3 4 2 2 0 1 2 1 2 3 2 0 4 4 2 0 2 4 3 1 5 1 2 1 2 2 0 3 2 3 2 6 2 4 2 1 6 1 3 1 2 3 2 2 4 4 2 3 2 2 2 0 3 0 2 2 2 2 4 3 3 1 2 4 1 1 0 5 2 2 0 3 1 1 0 3 3 1 1 0 2 0 0 0 4 1 1 1 2 0 4 2 4 0 0 1 1 1 1 4 1 2 2 4 1 8 3 1 0 2 0 1 2 3 2 2 0 1 1 3 2 3 2 2 2 1 2 0 2 0 3 2 1 2 1 3 2 0 2 2 2 7 2 4 1 4 0 2 0 0 1 1 3 2 3 1 3 0 1 1 3 2 2 2 0 1 2 4 0 2 2 1 1 3 5 0 1 2 1 2 1 0 1 2 4 0 3 1 1 1 1 1 1 1 1 1 3 2 4 0 2 3 0 3 5 1 2 3 3 1 4 3 2 3 3 4 0 2 1 3 2 4 2 2 0 3 4 1 2 1 1 4 2 3 4 1 2 2 1 1 1 2 0 2 3 1 1 3 2 2 4 3 3 1 3 0 1 0 1 5 2 3 2 0 0 0 2 2 1 3 1 3 3 3 2 2 5 0 0 5 2 5 0 0 1 0 2 4 1 4 2 3 2 4 2 3 2 2 0 6 1 2 0 2 3 4 2 1 3 3 1 2 2 4 1 4 1 4 1 3 1 3 4 0 0 2 4 3 1 1 4 3 3 1 4 0 1 0 1 1 0 1 1 4 3 2 0 5 1 1 1 1 3 5 4 1 3 0 2 0 3 2 0 2 2 3 2 1 3 0 3 3 3 2 1 2 2 1 1 4 4 1 1 2 0 0 3 4 2 0 2 1 4 3 1 0 1 2 2 3 0 5 5 2 4 1 0 6 1 2 2 3 0 4 4 2 3 3 2 1 2 1 1 1 4 3 5 4 0 2 2 4 0 3 4 1 2 1 2 1 1 1 3 3 2 1 3 1 1 4 0 2 2 0 2 1 1 0 3 2 2 3 3 3 4 1 3 2 4 1 2 1 0 1 2 1 1 4 1 2 4 2 0 0 3 1 4 3 1 4 1 0 2 4 0 1 1 3 4 0 0 2 4 1 3 1 0 2 3 2 2 2 5 0 1 4 4 5 4 1 3 1 3 0 0 3 5 1 3 1 3 2 5 3 1 2 2 1 1 4 4 5 1 2 0 0 1 1 4 2 1 0 2 5 1 1 1 2 3 1 1 2 3 4 2 1 1 2 2 2 3 2 4 2 5 3 0 3 0 1 1 0 1 0 2 2 1 3 2 2 2 4 3 4 1 4 0 1 1 0 2 3 2 1 1 2 1 0 2 1 1 3 0 0 2 4 3 1 3 2 3 3 1 1 2 1 1 1 0 1 2 1 0 2 2 3 1 0 2 4 2 0 5 5 2 4 1 4 3 3 0 1 1 0 3 2 0 3 0 1 2 2 4 0 2 4 1 3 3 1 0 2 3 0 2 1 2 1 4 4 1 2 4 3 1 2 3 4 3 4 1 3 0 2 1 4 1 7 1 0 1 5 2 2 0 2 3 1 2 2 1 2 1 2 3 3 1 2 3 0 2 2 2 1 2 3 3 0 2 0 4 1 2 2 0 2 0 1 4 1 1 1 3 1 1 2 1 4 0 4 2 0 5 3 4 2 0 1 3 1 0 1 4 2 4 1 3 2 3 1 3 1 2 1 4 3 1 4 0 0 3 0 0 1 4 3 1 2 0 3 0 1 1 3 1 0 2 0 2 0 1 1 2 4 4 1 1 5 1 3 3 0 1 3 0 0 1 0 0 1 2 0 4 1 2 0 1 4 4 0 2 2 1 3 1 4 2 0 2 3 0 1 1 0 7 1 1 5 0 3 1 2 0 3 2 5 2 4 2 4 4 1 1 2 4 3 2 1 0 0 2 1 3 0 5 0 3 1 3 1 0 2 3 4 2 4 3 1 1 2 0 4 3 3 5 2 3 1 0 1 2 1 2 0 1 6 0 1 2 4 0 2 3 5 2 1 2 1 3 0 2 1 2 2 1 5 6 4 2 2 3 4 2 1 1 1 3 2 4 1 2 1 0 0 3 1 4 0 2 3 2 3 3 1 3 1 2 0 5 2 3 0 5 1 2 1 2 3 2 2 2 3 0 2 2 2 3 1 3 3 2 0 0 0 1 4 0 0 1 4 1 1 3 0 4 2 0 1 1 1 2 4 3 2 1 0 3 1 1 2 3 1 4 2 3 1 1 1 1 2 3 2 3 2 0 3 3 1 1 2 1 2 4 3 2 4 0 3 1 3 1 2 3 2 0 2 1 3 2 2 2 2 1 1 2 4 1 2 2 2 4 4 4 2 2 1 1 2 2 3 1 2 1 3 3 0 1 0 4 1 1 2 1 1 1 2 6 2 1 0 3 3 0 4 1 2 2 0 3 2 4 1 3 3 3 2 5 1 1 3 5 1 5 2 1 2 1 3 1 2 0 3 0 2 4 5 2 2 0 4 1 2 4 1 2 0 1 0 3 1 3 3 3 2 4 1 3 2 1 1 1 1 3 1 1 2 2 2 2 2 1 1 1 3 3 0 3 2 1 5 1 0 0 1 1 0 0 1 2 1 2 1 7 0 1 2 3 4 2 2 0 4 1 4 0 0 2 2 3 5 3 1 1 1 1 1 1 1 1 2 2 2 2 2 3 4 1 1 1 1 4 1 2 2 3 1 2 2 2 1 2 1 5 4 5 1 0 1 1 9 0 0 3 2 0 0 2 0 1 1 2 2 0 2 4 1 1 2 1 1 2 1 5 1 3 2 2 3 1 2 3 1 1 1 2 3 3 1 3 1 0 2 1 1 2 1 3 0 0 3 3 1 2 2 1 4 1 2 4 2 3 0 1 0 0 4 0 7 2 4 2 1 2 4 2 4 0 4 1 3 1 0 0 2 3 2 3 0 0 3 3 1 2 6 1 1 0 2 1 2 2 4 1 3 5 4 0 5 2 1 2 0 2 3 1 5 5 3 1 3 0 1 2 2 1 3 3 2 1 3 2 0 3 5 1 2 1 2 2 1 3 2 1 1 3 3 0 2 3 3 1 2 4 1 3 2 1 1 3 0 3 1 3 3 1 2 4 2 0 0 6 2 1 4 2 1 3 1 1 3 0 2 2 1 2 5 2 3 3 2 4 2 2 2 4 2 3 1 1 1 1 3 1 2 1 2 3 2 2 2 1 2 2 4 0 3 0 1 2 1 0 1 0 2 1 2 1 2 5 4 1 5 1 2 0 3 2 2 5 3 4 1 1 1 1 1 1 2 4 1 1 2 1 1 3 2 5 2 2 1 1 2 1 0 1 1 3 0 2 2 0 1 2 3 2 4 5 2 2 1 2 3 1 2 2 3 1 3 1 2 1 2 1 5 2 1 1 3 4 4 2 0 3 0 2 2 0 3 1 2 0 3 2 1 2 3 2 2 0 2 5 1 2 1 7 3 1 2 1 3 2 2 2 1 1 1 2 1 4 2 1 2 3 2 3 4 3 4 2 1 1 2 2 4 1 3 1 3 4 1 3 1 2 4 5 1 2 1 1 1 2 0 1 2 5 0 3 3 3 1 0 3 3 1 2 1 1 4 3 0 2 0 3 0 0 5 3 0 2 4 2 3 2 2 1 1 1 1 3 2 5 3 3 1 2 2 0 1 2 3 0 3 3 2 1 4 1 1 3 6 1 0 4 0 3 2 5 3 0 0 2 4 3 1 1 3 1 2 0 1 1 1 5 1 1 1 1 0 1 0 5 4 0 1 1 2 3 1 1 2 0 1 6 1 2 5 0 2 3 1 1 1 1 0 2 4 3 2 0 0 2 2 3 2 1 3 2 4 1 0 0 2 1 3 1 2 0 4 2 0 2 3 1 2 2 0 1 5 2 3 1 3 2 3 3 3 2 3 1 2 3 1 2 1 2 2 1 2 0 2 1 1 4 1 1 1 0 3 3 0 3 2 4 2 2 2 2 2 2 2 3 5 4 3 3 0 1 0 3 3 2 3 0 0 2 3 2 0 4 1 2 4 4 2 3 0 1 2 3 2 3 1 0 1 5 1 2 2 1 3 2 2 1 2 2 2 2 1 2 1 0 1 1 0 1 6 4 2 1 2 0 3 3 0 3 0 1 2 2 1 3 2 3 2 0 3 1 1 1 2 2 2 4 1 2 2 5 2 2 2 3 2 5 1 3 1 2 1 2 2 0 2 2 4 3 1 3 2 2 2 1 1 6 2 3 2 2 3 3 2 2 0 4 1 1 0 1 4 0 3 0 3 1 4 2 4 1 2 1 1 0 1 4 1 0 1 1 2 2 0 0 0 2 2 1 0 5 0 3 1 1 5 0 0 2 2 2 6 2 0 3 1 3 2 2 1 4 1 1 3 0 1 0 2 1 5 1 2 1 1 1 0 2 3 0 4 0 2 2 2 3 1 0 1 1 2 4 0 4 0 1 2 3 2 4 3 4 2 1 2 2 4 1 1 0 1 0 1 2 2 5 4 4 2 1 3 0 2 0 1 4 0 0 3 2 2 4 2 1 3 3 1 2 0 2 1 1 1 1 1 5 0 3 3 0 2 2 0 1 2 1 1 3 4 3 2 2 0 2 3 1 1 0 3 2 3 3 3 4 0 2 3 0 0 2 1 4 1 1 4 3 1 3 2 1 0 4 4 2 0 3 1 1 4 4 2 1 4 2 2 3 2 1 2 3 1 0 4 4 0 2 3 2 2 2 0 3 1 1 2 3 2 1 2 4 2 2 2 1 1 1 2 0 4 4 0 1 2 0 2 1 0 6 4 1 1 4 1 0 2 4 0 4 2 2 3 4 1 1 1 1 2 2 2 1 4 2 0 2 0 2 1 1 4 4 2 2 4 2 0 1 1 3 3 1 1 1 0 1 1 1 3 4 2 1 3 1 1 1 2 3 3 0 2 1 3 0 2 2 2 3 1 2 1 1 2 2 3 1 2 4 2 2 0 1 1 0 5 3 1 3 4 2 4 1 2 1 4 4 5 1 1 2 1 1 0 2 1 2 1 5 1 2 2 2 2 0 3 2 5 0 3 1 3 1 0 4 4 0 3 2 1 0 6 1 0 1 1 2 2 3 2 1 4 3 2 1 2 2 1 1 0 5 3 4 1 2 1 1 2 1 0 2 2 4 3 3 1 3 0 4 1 4 1 1 3 6 1 0 3 5 3 2 2 1 2 2 5 2 1 0 0 2 2 1 1 2 4 2 1 2 4 2 2 3 1 1 2 4 1 1 0 1 1 1 2 0 8 0 1 4 2 3 1 2 2 0 1 1 1 1 1 4 2 1 4 3 3 3 1 2 1 1 5 4 2 1 4 1 2 3 0 4 3 3 1 1 1 0 3 3 4 3 2 1 3 3 2 1 2 1 4 2 1 2 2 1 0 5 2 2 1 0 3 1 1 2 4 1 2 1 1 1 2 1 3 2 2 5 4 2 0 3 1 1 2 3 1 2 2 3 2 1 3 1 3 1 0 2 3 3 2 2 2 3 1 4 1 1 1 2 4 1 3 2 1 3 4 3 1 2 2 5 0 0 2 0 1 1 2 1 6 0 1 2 5 4 1 1 5 3 2 1 4 2 1 1 2 1 0 2 2 3 1 2 3 2 3 2 1 2 1 2 3 1 4 1 1 1 1 0 0 1 0 1 1 5 1 2 2 4 2 1 4 2 0 5 3 1 2 2 3 2 3 1 2 2 2 1 2 4 3 1 3 3 1 2 3 2 0 4 1 1 1 2 2 3 3 2 1 0 4 0 3 3 1 4 0 1 2 0 2 2 1 2 6 3 2 0 4 2 1 1 3 3 1 2 3 3 1 3 2 0 3 2 4 0 6 1 4 1 2 1 1 3 1 0 0 2 1 0 1 2 3 0 1 1 2 2 3 2 3 3 1 0 0 3 2 6 1 3 1 2 2 3 2 3 1 3 2 4 1 3 0 0 1 2 2 1 4 4 1 6 3 2 1 1 3 2 2 1 1 1 1 0 2 0 4 4 1 1 3 1 1 3 1 1 6 2 2 2 3 2 1 0 6 2 0 2 2 3 1 3 0 1 1 2 3 1 2 6 1 3 2 2 2 2 2 4 2 2 2 2 5 1 0 1 2 6 2 1 2 3 2 0 2 1 3 4 3 1 2 0 3 1 2 2 1 3 0 1 2 3 2 1 0 5 1 3 1 2 0 1 1 1 5 1 2 3 0 1 0 2 3 1 3 4 2 2 1 4 1 1 6 3 2 2 3 0 0 0 2 3 2 4 2 1 2 1 2 3 1 1 4 2 1 2 2 0 1 5 2 2 4 1 2 1 4 1 1 1 2 3 1 1 3 0 1 2 4 4 4 2 1 0 1 1 2 0 2 2 1 2 5 4 2 2 1 2 1 1 0 3 2 1 0 1 2 1 2 4 1 4 0 4 1 2 1 4 3 0 1 0 2 1 1 3 2 2 3 2 1 0 2 2 0 8 2 2 3 2 3 3 0 2 1 2 1 2 4 4 1 1 3 3 1 2 1 1 4 2 4 3 1 0 1 5 0 5 2 2 4 2 0 1 4 4 6 0 3 3 2 0 2 2 2 1 1 4 2 3 0 1 4 0 1 3 2 4 2 1 2 2 1 1 1 3 3 2 1 2 3 0 0 3 2 2 0 1 1 2 3 1 1 3 3 1 6 0 2 3 2 1 2 2 1 0 0 4 2 2 2 2 3 4 1 1 2 2 1 3 2 4 1 2 3 3 2 2 1 0 3 2 1 4 3 2 2 4 1 3 3 1 2 3 0 2 1 4 1 0 3 3 3 2 1 2 0 2 1 0 5 3 1 1 3 5 4 2 4 2 2 2 2 2 1 1 3 3 0 1 1 4 1 2 1 1 5 1 4 0 2 2 5 0 0 2 1 1 2 3 1 2 6 4 1 1 4 0 0 3 4 1 3 4 2 0 1 3 2 1 0 0 2 2 1 0 4 4 2 2 2 0 2 0 2 3 1 4 2 0 1 4 2 1 1 3 3 2 0 0 2 1 0 3 3 3 6 1 1 3 1 2 2 0 0 4 0 3 3 2 2 0 3 0 2 3 3 2 4 0 1 2 0 0 2 0 0 2 2 4 3 0 6 0 0 3 3 4 2 1 0 2 2 1 2 3 1 1 3 3 2 0 2 3 0 0 2 3 1 1 7 1 1 1 1 0 0 2 2 3 1 2 3 4 2 1 1 0 1 2 1 1 5 2 3 4 1 3 1 0 3 1 1 2 4 2 1 0 3 1 1 1 3 2 1 3 1 1 2 1 2 3 5 1 2 3 2 0 0 3 3 1 0 4 5 1 5 2 2 3 1 4 1 0 3 0 1 5 3 2 3 2 5 1 1 1 2 0 2 2 2 1 3 1 1 4 0 1 2 2 1 4 1 4 2 0 1 1 1 3 4 3 2 3 0 1 3 2 2 0 1 1 1 1 4 3 1 2 0 2 2 3 3 3 2 5 2 0 2 3 4 0 0 3 2 2 4 3 1 3 5 2 0 1 0 2 4 2 3 1 1 3 1 3 2 2 2 0 2 1 3 2 3 1 1 4 1 3 2 1 6 2 1 0 1 0 2 3 2 1 4 3 2 0 2 3 0 1 1 0 2 1 3 2 3 1 2 3 3 1 1 2 3 1 3 2 0 1 4 0 1 2 3 3 3 1 3 1 2 3 6 3 2 3 0 1 2 2 2 2 2 3 2 3 0 2 1 3 1 0 2 0 4 1 3 1 3 3 2 2 1 4 2 3 1 3 1 1 3 4 3 0 1 1 0 3 0 1 4 4 4 2 1 0 1 2 2 0 3 3 3 2 2 4 2 1 2 1 0 3 2 1 0 2 3 1 1 2 2 3 2 1 2 4 2 0 0 1 3 1 2 3 1 1 0 1 1 1 1 1 4 9 2 0 1 1 0 2 3 2 6 2 2 1 2 2 4 0 1 1 3 1 2 2 4 1 4 4 0 2 2 2 3 2 2 5 2 0 2 2 4 1 1 0 1 1 0 4 3 4 4 3 5 2 0 2 2 1 1 1 0 2 1 1 4 6 3 2 3 1 2 1 4 3 1 2 2 4 0 5 2 3 0 6 0 5 2 3 1 1 1 4 0 0 4 1 4 2 1 3 0 3 3 3 2 4 2 1 0 2 1 1 3 0 0 0 4 1 2 2 1 3 3 2 2 0 2 2 2 1 2 3 4 0 0 2 2 1 2 3 2 2 2 3 1 2 3 1 2 0 2 3 1 1 3 3 2 5 1 1 2 1 1 3 2 3 1 3 0 2 3 2 2 4 3 1 2 3 0 0 0 0 3 7 2 2 1 2 3 1 5 2 3 5 2 4 2 0 2 3 0 1 4 1 1 1 2 0 4 1 3 0 1 3 1 4 3 3 2 1 1 4 2 1 0 5 1 2 2 3 3 3 0 6 1 2 3 0 1 1 2 1 1 1 1 3 2 4 2 0 2 3 0 2 1 3 2 3 2 2 2 2 2 3 1 4 2 3 0 0 1 2 1 1 3 1 3 3 3 2 2 1 4 4 1 1 2 0 2 2 0 2 0 3 2 3 1 2 6 0 2 0 0 3 2 2 4 2 2 2 1 0 6 4 4 0 1 5 2 3 2 2 4 2 2 1 1 3 5 0 0 1 4 4 2 2 2 3 3 3 1 1 1 4 0 2 2 1 4 2 0 2 2 3 1 3 1 3 3 0 2 1 6 2 0 2 0 1 1 1 2 3 2 3 1 3 1 3 2 3 1 0 3 3 2 3 2 3 1 1 1 3 3 1 3 3 2 1 5 4 1 1 1 1 1 0 1 0 3 1 5 2 3 2 1 0 1 0 2 2 3 0 1 2 1 2 3 1 1 4 2 3 2 2 4 1 1 2 2 3 2 2 0 5 2 1 1 2 1 3 5 3 5 2 2 0 3 2 1 2 2 2 4 2 2 1 5 1 0 4 3 3 0 0 3 0 1 2 2 3 0 3 4 2 2 4 2 2 2 2 1 1 0 1 4 4 2 1 2 5 0 2 3 5 2 1 0 4 0 1 3 2 3 2 3 1 3 1 0 3 3 1 1 1 0 3 1 4 0 2 0 3 1 1 0 0 1 0 5 2 1 2 2 2 0 3 0 1 1 3 2 2 0 0 2 4 3 0 0 3 2 3 0 2 2 1 1 0 2 4 2 4 3 1 1 3 1 0 2 2 4 0 1 3 3 1 0 0 2 3 3 0 3 2 2 1 1 0 2 1 4 0 2 2 3 1 1 3 3 3 2 1 0 1 3 3 3 1 2 3 1 2 4 4 0 1 0 4 4 2 0 0 3 1 3 1 0 3 3 1 2 0 2 2 2 3 1 1 4 1 1 6 1 1 4 2 2 3 0 0 1 2 4 2 3 3 2 1 3 1 3 0 2 2 1 1 1 2 1 3 2 3 3 4 2 2 3 4 0 0 0 1 3 3 2 1 0 1 1 2 6 1 1 1 3 3 1 1 1 2 2 1 2 2 0 1 1 3 2 1 3 3 1 4 4 5 0 1 1 2 1 1 3 4 1 2 3 1 1 4 2 1 6 3 5 1 0 5 1 4 0 0 1 2 2 1 3 3 3 1 3 0 2 3 2 2 4 4 3 1 0 5 2 2 2 2 1 0 1 1 1 4 2 1 8 2 3 2 2 1 2 1 1 1 1 2 2 5 1 2 3 0 1 1 0 2 2 1 1 2 2 1 1 3 1 3 3 3 2 2 0 0 2 0 2 2 1 6 1 0 4 0 0 2 3 1 0 3 2 1 2 0 3 2 2 3 0 3 2 5 5 1 2 2 4 1 0 1 0 1 4 1 2 1 2 2 2 2 1 5 2 2 1 1 1 2 4 2 1 0 4 3 1 1 2 3 1 3 0 2 2 4 0 2 2 1 5 3 1 1 1 1 0 1 6 5 3 1 1 1 1 4 2 1 2 2 2 1 1 3 3 3 2 1 4 1 1 1 1 2 3 5 1 2 1 1 2 3 0 0 2 1 0 3 0 2 1 1 0 4 2 0 0 3 2 1 0 3 2 0 1 5 1 5 2 3 0 0 1 2 2 2 2 0 1 1 2 2 6 2 2 0 0 2 1 2 1 4 2 3 5 4 1 1 1 2 0 1 2 5 2 2 1 4 3 3 3 1 2 0 3 0 4 2 2 1 0 1 1 3 5 1 4 1 2 2 4 1 0 2 3 0 0 1 2 1 3 1 2 2 1 1 2 2 3 1 2 2 1 4 4 1 2 1 1 0 2 3 2 4 1 2 1 0 0 1 2 0 1 2 0 5 3 2 2 3 2 6 5 2 1 0 4 3 1 3 1 2 3 1 3 4 1 1 5 4 1 0 0 3 1 1 4 2 4 3 0 2 0 2 3 4 2 2 1 0 0 3 2 1 1 4 2 1 3 3 2 1 0 1 3 1 2 2 1 1 2 1 2 4 2 4 0 1 3 2 2 0 3 4 2 4 0 2 2 2 1 4 1 3 1 1 3 0 1 2 3 1 2 0 0 2 2 3 1 0 3 1 2 2 0 2 1 3 2 2 2 0 1 1 4 3 1 1 0 6 0 2 1 2 1 3 3 3 3 1 2 3 2 2 2 3 0 0 0 1 3 1 2 3 1 4 0 5 0 1 2 3 1 2 1 2 2 3 0 3 2 0 3 2 1 2 2 3 0 1 2 3 0 1 4 4 2 0 1 3 3 2 2 2 0 3 1 2 1 2 0 7 2 7 5 0 1 0 3 2 3 2 1 1 3 2 3 3 0 3 2 1 3 0 2 0 0 1 4 1 2 6 2 3 3 0 1 4 1 1 1 1 5 0 3 1 2 3 6 0 4 2 2 1 2 0 1 1 2 1 3 1 2 4 3 1 1 2 1 1 3 2 4 1 2 5 1 1 3 1 2 1 4 0 0 2 4 2 2 2 3 0 1 0 3 1 1 6 5 0 0 2 2 0 2 3 4 1 0 0 1 3 2 2 2 2 2 1 2 2 2 2 1 1 2 2 2 1 2 4 2 2 2 2 6 1 2 4 1 3 2 1 1 0 1 3 1 2 2 3 0 2 3 1 2 1 4 0 1 3 3 0 2 0 3 2 2 0 3 2 3 1 2 0 1 2 4 3 1 0 1 2 1 2 1 2 0 6 4 3 2 1 0 5 3 6 0 2 3 2 3 2 4 1 4 0 2 1 4 0 5 3 1 2 1 0 2 4 4 0 0 4 3 3 2 1 3 0 1 2 2 1 0 1 3 2 4 1 3 2 4 4 3 1 3 1 2 1 2 1 2 1 2 5 2 2 3 1 4 3 2 4 2 3 2 1 2 1 3 2 0 2 2 1 3 2 2 1 2 2 1 2 1 3 2 1 0 0 2 2 2 2 3 2 1 4 4 2 1 0 4 1 2 3 2 0 2 1 3 3 1 5 3 1 0 0 0 1 4 1 3 6 3 1 1 2 3 1 1 2 0 1 3 0 2 1 1 3 3 1 3 1 2 0 3 3 5 5 1 2 1 1 2 3 0 2 0 2 5 0 1 1 3 1 2 3 2 2 1 0 1 3 1 2 6 3 1 1 1 1 1 1 0 1 4 2 4 2 4 1 2 1 1 1 3 3 1 2 4 1 4 2 2 1 4 0 3 0 2 1 1 0 4 1 5 3 1 3 4 1 3 4 2 2 1 1 1 1 3 6 5 1 1 0 0 4 3 0 3 2 1 1 1 1 2 0 2 1 2 2 3 4 3 2 0 3 3 1 1 2 3 1 5 2 2 0 1 0 4 2 3 3 2 2 3 3 1 2 1 4 1 1 3 4 2 2 2 3 1 2 2 2 2 5 4 1 1 0 4 2 1 0 1 2 2 1 4 2 1 2 1 3 3 1 0 3 3 3 3 2 2 2 0 2 3 1 4 1 2 1 4 3 0 1 4 1 1 1 1 2 1 2 3 3 1 1 1 3 2 4 1 2 1 1 2 4 2 2 4 3 1 0 2 0 4 3 1 2 1 2 3 0 5 3 1 1 3 1 2 5 5 4 2 0 1 2 2 5 1 4 3 0 1 0 1 0 2 2 4 0 1 2 2 2 2 1 0 1 0 2 2 3 2 4 3 2 1 3 3 1 4 2 2 4 0 0 0 2 0 1 1 3 1 3 0 1 3 2 1 2 4 2 1 2 2 0 0 1 3 1 3 3 2 1 2 1 1 3 3 1 2 1 1 1 5 2 1 2 1 1 2 1 4 1 1 1 1 1 3 1 1 2 0 3 3 0 4 3 2 2 3 1 3 0 2 2 0 1 4 1 1 1 1 2 3 4 2 0 2 2 0 1 0 2 3 3 3 4 1 3 1 2 2 3 1 4 0 0 3 2 4 1 2 4 0 2 2 1 5 1 1 3 1 1 2 0 0 1 2 0 2 2 1 4 1 4 5 3 2 0 3 0 2 1 1 1 1 0 4 3 0 1 4 1 1 1 2 2 0 4 5 2 4 0 3 0 0 1 0 2 2 3 2 1 1 2 1 2 2 2 1 2 1 1 1 1 2 4 1 1 4 4 2 2 0 6 2 0 3 0 2 0 2 0 1 8 1 2 2 3 1 2 3 4 3 3 2 0 3 1 3 1 3 2 0 3 2 2 0 6 0 3 3 5 3 2 2 3 0 2 2 0 1 3 1 1 0 0 1 0 3 0 3 3 1 3 1 1 4 0 4 1 3 2 1 1 2 2 1 2 0 3 2 1 4 2 1 0 3 4 3 2 2 2 2 2 1 3 5 2 0 2 3 1 3 0 1 3 0 1 3 0 1 0 3 5 5 1 1 2 4 2 0 4 1 2 3 2 5 0 2 3 0 1 2 2 0 2 6 2 2 1 1 4 4 1 1 3 3 1 0 1 2 3 2 2 3 2 4 2 1 0 2 1 2 3 1 0 1 2 2 5 2 1 2 2 1 2 2 1 0 5 2 2 2 1 0 1 2 3 1 2 0 1 3 2 0 5 2 3 2 0 3 1 3 1 1 3 2 4 2 2 4 2 4 2 0 5 0 1 3 1 2 2 2 3 0 2 2 1 3 0 1 2 1 1 2 1 4 1 3 1 1 1 3 2 5 0 2 2 3 1 0 4 0 5 1 4 0 2 0 4 2 0 1 2 0 1 2 4 2 1 1 3 2 2 4 0 2 4 3 0 2 1 2 2 2 1 4 5 0 3 1 3 3 3 0 0 2 3 4 1 0 0 2 1 1 0 2 1 2 2 2 0 2 1 2 0 3 4 2 1 1 2 1 2 3 3 0 3 1 2 4 0 1 2 3 4 1 4 0 2 7 2 1 2 4 0 1 1 2 1 1 1 2 3 3 1 1 1 3 1 3 5 1 1 1 1 1 3 3 2 2 1 4 2 2 0 0 0 1 0 1 2 1 2 4 2 1 2 5 3 3 1 2 0 5 0 1 2 2 2 2 2 0 5 2 0 3 3 1 1 5 6 3 0 1 0 2 0 0 0 1 5 1 0 0 4 2 2 2 3 4 2 3 2 2 0 3 8 1 3 1 2 3 1 1 3 1 1 5 0 0 1 4 2 1 1 1 0 1 0 5 2 6 2 2 2 0 2 0 1 2 3 2 2 2 2 2 2 2 1 0 4 3 3 1 1 3 0 1 0 2 4 3 1 5 1 4 0 0 1 0 3 0 4 0 0 1 1 0 2 5 3 3 1 4 2 2 2 0 4 0 1 1 3 1 4 1 0 3 1 4 1 1 1 4 1 3 2 1 2 4 1 2 1 1 4 1 4 2 1 1 1 2 5 2 3 1 0 2 4 1 2 6 2 3 1 3 2 2 3 2 1 0 5 1 1 2 0 2 2 2 2 0 1 3 1 0 0 2 4 0 4 2 0 5 2 3 0 2 1 1 2 3 2 0 3 5 1 2 1 3 2 0 1 1 2 2 3 2 1 2 1 3 0 2 3 2 2 2 2 2 3 1 0 2 1 5 2 1 0 0 1 3 0 1 3 1 1 1 3 1 5 2 2 2 0 3 3 4 1 5 2 1 1 0 4 1 2 4 0 2 2 2 2 4 5 1 4 4 0 1 0 1 3 2 0 2 1 0 2 3 5 1 3 2 1 1 3 0 1 1 4 3 1 2 1 5 2 4 3 3 2 4 1 1 0 3 0 0 0 2 2 3 5 3 6 0 2 5 3 0 1 3 1 2 3 2 3 0 0 3 3 2 0 3 2 3 2 0 3 5 4 1 1 0 1 3 3 4 1 1 2 1 2 1 1 1 4 3 0 2 1 1 2 0 2 3 2 0 1 7 1 2 1 0 0 8 1 2 0 1 3 2 1 1 0 1 3 1 7 2 3 2 1 2 1 4 1 2 2 2 1 0 3 3 2 2 1 4 2 1 4 0 2 4 1 1 0 2 0 5 3 0 2 0 2 5 2 2 2 2 2 2 1 3 2 2 2 2 3 2 2 1 0 0 0 1 2 1 3 4 0 1 0 1 1 2 2 1 2 1 2 1 2 4 0 3 2 2 3 3 1 3 2 1 3 5 2 2 2 3 1 5 1 3 2 1 0 2 0 7 0 0 3 3 4 1 3 2 2 0 0 3 0 3 1 1 1 2 1 0 4 4 4 1 2 2 1 3 4 1 2 4 0 1 1 2 2 1 2 1 1 4 3 4 4 1 1 0 4 4 6 1 2 1 2 2 3 3 1 1 2 1 2 4 1 2 5 5 0 2 2 2 0 0 1 0 0 3 2 2 0 3 2 1 2 1 1 1 3 2 2 1 1 1 4 0 3 1 2 1 1 0 5 2 2 1 3 1 1 7 2 2 1 3 4 1 5 1 2 2 0 2 2 1 2 5 1 5 3 1 2 2 3 0 4 1 3 2 1 3 1 4 5 2 2 4 1 3 1 2 2 2 2 0 3 2 2 3 0 6 5 2 0 2 2 0 1 2 0 2 2 2 2 1 4 0 0 3 2 0 2 4 0 3 1 3 0 2 3 2 3 1 0 3 3 3 2 2 2 2 1 1 1 2 1 0 4 4 1 0 3 3 3 3 2 2 1 1 4 5 2 2 1 2 0 2 2 0 3 2 3 0 1 2 2 2 2 1 3 2 4 0 1 2 3 1 3 3 2 2 1 0 4 2 1 1 1 1 1 4 2 0 4 3 2 0 2 2 3 1 2 1 2 6 2 1 2 3 2 3 1 1 4 1 0 2 1 5 0 1 3 2 0 1 2 0 2 2 2 3 2 3 3 2 1 1 2 3 1 3 3 0 0 0 2 5 1 2 2 2 0 1 1 4 3 2 3 3 4 1 1 2 3 1 1 5 2 5 6 0 3 4 1 3 1 2 2 1 2 2 1 2 0 2 0 2 0 4 2 1 2 1 4 1 3 1 1 2 1 2 2 1 4 5 2 3 0 0 2 2 1 1 2 1 5 2 4 1 2 1 1 1 4 2 5 0 2 0 2 1 1 1 0 0 2 3 3 1 5 2 3 1 1 2 1 2 3 1 5 2 3 3 2 0 2 0 1 3 2 2 2 0 3 5 2 3 0 2 1 3 0 2 7 5 3 2 0 0 1 0 3 1 4 1 3 4 2 4 0 2 2 1 4 1 3 0 4 3 0 1 1 2 2 2 0 2 2 1 1 3 2 1 2 1 4 2 5 0 6 1 1 2 7 2 0 1 2 3 3 5 1 1 2 2 5 5 3 3 1 1 4 4 1 4 0 3 1 2 1 3 2 1 1 1 4 3 0 5 3 4 3 2 1 1 2 1 1 2 3 1 2 2 2 1 1 3 2 1 3 1 3 3 4 3 1 3 4 1 1 0 3 4 1 3 0 7 0 1 2 3 5 4 1 3 1 1 2 0 3 5 4 1 1 1 1 0 4 0 0 3 1 3 0 1 3 2 1 6 2 2 2 1 3 1 2 0 3 4 3 1 1 1 3 0 3 3 2 2 1 2 2 1 2 1 5 2 1 1 1 1 2 1 0 2 1 4 1 3 2 0 6 1 1 2 2 0 2 2 1 1 2 2 2 1 4 5 2 1 5 1 2 3 1 0 2 2 3 0 0 3 3 1 4 1 1 2 2 3 3 3 4 3 1 1 2 1 1 1 3 3 1 3 2 1 2 1 1 0 0 3 3 1 3 3 3 3 4 1 0 3 1 1 3 3 1 0 1 2 5 0 3 3 2 1 4 2 1 1 4 3 3 0 2 0 2 1 3 1 3 1 1 1 2 2 4 2 2 4 2 3 3 1 1 1 2 0 0 1 4 2 1 4 5 1 2 2 1 1 1 1 1 1 3 2 3 1 0 4 5 1 3 3 0 1 4 1 1 3 1 1 1 3 3 1 2 3 3 2 2 1 4 2 1 3 4 0 2 1 3 2 4 4 3 4 0 2 5 4 1 4 0 2 0 2 1 1 3 2 0 3 1 1 0 4 3 2 4 2 2 1 1 0 3 3 1 0 1 6 2 2 2 1 3 1 0 4 1 2 3 0 2 1 4 3 1 2 4 0 1 2 1 2 1 4 5 2 1 3 6 2 1 1 1 3 4 4 1 4 3 2 0 1 5 2 3 1 1 3 0 3 1 0 3 3 1 2 1 2 3 2 1 1 0 3 2 3 3 2 2 4 1 2 2 2 2 2 2 1 0 3 1 2 1 3 2 4 5 3 0 0 2 4 5 0 2 3 5 1 0 0 1 1 5 1 3 1 2 1 1 3 1 1 1 1 2 1 2 2 0 0 0 3 2 3 4 3 2 0 3 2 0 1 1 2 6 1 1 2 0 1 2 1 1 1 3 1 2 2 1 1 4 3 3 0 2 1 5 1 1 3 3 4 4 2 2 2 2 4 3 1 1 1 2 4 2 2 0 2 1 1 2 2 2 3 3 0 3 1 3 1 2 1 4 0 2 3 0 1 3 2 4 1 2 4 3 2 1 2 1 0 1 1 1 3 1 1 1 4 3 0 6 1 3 3 1 3 0 4 3 1 2 0 1 2 3 3 2 1 1 5 1 3 0 2 2 0 2 0 3 0 4 2 0 0 2 2 1 1 2 5 0 4 0 1 3 0 3 3 1 0 3 0 4 3 1 1 2 1 1 1 5 3 4 2 4 1 1 3 4 3 6 0 2 1 2 0 2 0 3 0 1 1 1 2 0 3 1 1 1 3 3 2 1 1 1 1 5 1 4 3 2 2 3 4 2 2 5 4 4 1 4 1 2 1 2 0 5 0 1 4 3 3 2 0 3 2 2 3 2 2 2 0 6 2 1 1 3 3 2 1 1 4 3 4 3 3 0 2 2 1 0 1 2 4 0 3 1 0 2 4 3 1 1 6 3 4 2 3 2 3 1 4 0 3 1 0 0 2 5 2 2 0 0 1 2 2 0 4 1 2 0 2 0 4 1 2 2 5 2 1 6 1 2 0 2 3 0 4 3 2 1 0 5 0 0 3 1 3 3 3 1 1 1 4 2 2 1 3 1 6 1 1 5 3 1 2 1 0 3 1 0 3 0 1 2 0 4 1 2 5 4 1 2 1 3 3 0 1 1 2 0 4 3 4 1 2 2 1 1 1 3 2 2 3 3 1 3 3 2 3 2 2 3 1 3 1 0 2 2 3 0 2 0 5 3 1 3 1 1 3 2 3 3 2 3 1 2 5 2 1 1 4 1 1 1 1 1 2 3 3 4 2 2 2 1 4 2 1 1 1 1 5 1 4 2 3 2 0 1 4 1 1 0 1 3 3 2 1 2 0 0 0 5 2 1 1 2 4 2 3 3 3 1 4 1 1 2 3 2 3 3 2 1 4 1 3 0 5 1 0 1 5 0 4 1 2 4 1 1 1 3 1 3 1 0 2 4 3 1 1 0 3 1 0 3 1 1 2 1 0 2 2 4 0 2 3 4 1 4 3 2 1 3 1 2 1 2 2 2 2 3 2 3 3 0 2 3 1 3 2 2 1 4 4 2 3 1 4 2 2 7 2 1 1 0 0 2 4 0 2 1 8 0 3 2 1 3 1 0 5 3 0 2 4 3 3 1 1 1 2 6 3 1 0 1 0 2 0 2 0 1 1 2 2 5 6 4 4 0 3 2 2 1 3 1 1 5 1 1 4 0 3 0 2 3 5 0 2 2 3 1 2 2 2 1 3 3 2 1 4 0 1 2 6 2 0 3 3 2 0 4 5 1 1 5 1 2 0 2 2 0 2 0 1 2 2 0 0 1 3 2 0 1 1 1 3 1 1 2 1 5 1 3 7 1 2 0 1 8 3 1 2 2 3 2 3 1 1 2 2 2 2 2 4 1 4 0 0 3 4 1 1 3 2 0 1 1 2 2 2 3 1 2 6 0 1 0 3 1 2 1 1 5 0 3 2 2 4 1 3 3 1 2 0 4 2 4 2 1 3 1 1 3 2 1 6 3 4 2 1 5 0 2 0 1 0 2 2 3 1 3 1 3 1 4 4 1 3 1 1 3 4 3 1 1 1 1 0 1 2 2 4 6 0 4 0 0 3 4 2 2 1 2 1 2 2 3 1 1 0 0 4 3 3 2 0 4 2 3 3 1 2 3 1 2 2 1 5 2 4 2 2 4 0 0 1 1 2 2 2 2 2 2 3 4 3 2 2 2 1 1 5 3 3 3 0 2 1 3 2 2 2 1 2 2 4 4 4 1 3 2 1 2 1 2 2 3 4 2 3 3 2 2 2 1 3 3 2 4 0 3 0 0 2 4 1 6 5 0 4 1 2 0 2 2 4 3 4 2 2 2 2 3 3 1 1 2 2 4 3 2 1 2 2 2 1 3 2 2 2 2 2 0 1 3 1 0 3 1 2 5 0 3 1 2 1 4 6 5 2 2 0 2 1 2 2 2 1 2 1 1 5 4 2 3 3 4 2 0 3 1 3 1 4 5 1 3 1 1 3 0 2 4 0 1 1 0 0 1 1 1 0 2 5 2 4 1 0 1 2 0 2 1 2 0 0 3 2 1 5 0 2 1 2 2 4 0 2 0 1 2 2 0 1 3 2 1 6 1 0 0 1 2 2 4 3 3 1 3 3 1 1 5 2 3 1 1 2 1 0 0 1 1 4 3 4 2 0 3 0 2 1 0 0 1 4 3 1 1 1 1 3 2 2 0 1 0 0 3 3 0 2 3 4 2 1 1 3 1 3 1 4 3 1 2 1 1 3 5 2 1 3 3 3 1 2 3 2 1 0 4 1 1 5 1 2 3 1 1 0 1 5 1 1 2 1 3 1 1 1 1 1 3 0 2 2 2 0 2 2 3 1 3 4 1 2 1 4 2 1 4 1 3 3 0 0 3 2 2 1 0 9 1 0 6 2 1 2 3 1 2 2 3 3 2 1 1 1 4 3 3 3 2 1 2 1 1 3 1 1 3 2 0 3 3 3 5 3 0 1 1 3 1 2 2 2 2 4 2 2 1 4 4 3 2 1 5 2 1 3 1 0 1 3 4 2 3 1 1 1 3 1 1 1 1 3 1 1 3 1 3 1 1 0 0 1 4 0 5 2 2 1 1 2 5 0 1 3 3 1 0 3 3 1 2 1 3 2 3 3 1 0 0 3 4 1 2 1 3 1 2 5 2 3 2 2 0 1 4 2 2 1 3 0 2 0 3 3 4 0 2 4 5 0 2 1 4 1 1 2 3 1 3 4 2 0 0 0 2 1 1 3 2 1 2 1 1 1 3 0 2 3 3 1 3 0 4 3 2 6 2 3 2 1 2 2 1 2 3 3 3 2 3 1 1 2 4 1 2 2 0 1 3 1 1 1 3 2 4 0 2 4 2 2 4 1 2 2 2 2 3 2 0 2 4 1 2 1 2 3 3 4 3 0 0 5 1 3 0 1 2 0 3 3 3 4 2 1 4 4 2 0 3 3 2 2 3 3 0 0 2 3 3 3 3 2 3 2 1 1 1 2 1 2 2 2 1 2 2 0 1 3 2 4 1 3 1 1 2 1 0 2 2 3 1 4 3 1 4 1 2 1 2 1 4 0 3 0 2 1 4 1 2 4 2 2 3 3 1 1 1 5 4 1 4 3 5 1 2 2 0 4 3 1 0 1 0 3 1 2 3 1 3 1 1 2 2 2 1 4 2 1 1 0 2 2 0 0 4 2 3 3 4 2 0 3 1 3 3 2 0 4 3 2 1 1 1 6 4 2 2 1 2 1 1 0 3 3 0 1 1 0 3 2 1 0 2 3 0 3 5 3 2 3 2 0 0 3 0 2 1 1 2 0 2 3 3 2 2 3 2 3 0 0 0 2 4 1 3 2 1 0 6 1 1 1 2 1 2 0 1 1 3 2 3 2 1 3 1 3 2 2 1 3 1 0 1 3 2 3 3 5 1 2 2 5 2 1 4 5 3 2 1 3 0 2 4 1 1 2 2 0 3 1 4 1 3 3 4 1 2 2 4 3 0 4 1 1 2 2 2 5 2 1 0 1 2 4 3 3 0 2 1 1 1 2 1 1 2 2 2 2 0 3 3 1 2 0 0 1 1 1 1 2 4 4 2 4 3 1 3 1 1 1 4 2 4 1 0 0 3 3 1 3 0 1 0 3 0 2 2 1 1 0 3 3 2 6 0 1 2 1 5 2 2 1 4 1 2 0 3 0 1 0 1 3 1 2 1 1 3 1 4 2 1 1 1 2 1 2 2 0 1 2 0 4 0 1 2 2 0 2 1 2 3 0 3 3 1 0 1 3 3 0 3 1 4 3 2 0 0 1 5 3 1 4 3 2 1 3 2 4 0 2 2 0 2 4 2 4 6 0 2 3 2 3 2 4 2 3 1 3 2 3 1 3 0 6 3 2 1 0 1 1 1 0 3 1 1 1 1 1 5 2 1 3 5 2 1 2 1 1 1 1 4 1 2 2 3 3 2 2 3 1 0 1 2 3 0 5 0 2 3 0 1 2 3 3 1 0 3 2 1 1 1 1 2 2 2 1 1 3 1 3 1 2 2 3 4 4 0 1 0 1 2 6 3 1 1 2 3 2 4 3 3 1 2 1 2 2 1 3 1 3 2 2 2 3 3 4 1 1 1 1 2 4 0 2 1 0 0 3 1 0 1 3 2 1 4 2 3 2 2 2 2 1 0 3 2 1 2 4 3 2 2 1 1 0 1 2 0 3 2 5 3 6 1 0 1 1 1 1 3 2 4 0 2 3 4 2 2 0 1 0 1 2 3 2 2 1 1 2 3 4 3 2 2 3 0 0 0 1 5 2 2 5 1 1 6 0 1 1 0 3 2 5 2 0 3 2 3 2 0 2 1 0 1 3 5 2 2 1 0 2 0 4 0 0 2 3 4 5 4 1 3 0 2 2 3 1 0 1 3 3 1 0 1 3 1 3 3 6 2 2 0 2 1 1 1 4 4 1 2 2 4 2 4 1 4 0 0 4 1 1 3 1 2 1 3 1 1 3 4 1 1 2 4 0 2 1 2 6 1 0 1 0 0 4 3 1 2 1 5 0 1 3 1 2 1 3 2 1 2 1 1 2 2 2 2 2 3 3 6 2 0 1 0 2 0 3 2 2 3 0 0 1 2 3 1 0 2 3 1 2 2 2 1 2 3 2 3 0 1 2 3 1 2 2 0 2 1 3 1 6 4 2 0 1 4 2 1 2 1 3 2 2 1 0 2 1 2 0 0 1 1 3 1 4 3 4 4 1 1 1 1 0 3 1 4 1 3 2 3 1 4 4 1 1 1 1 5 2 2 0 2 0 1 2 1 0 3 3 3 1 2 4 0 0 5 2 0 1 3 2 2 2 0 0 3 3 1 0 5 0 0 2 1 2 3 2 2 2 2 1 4 1 3 1 0 1 1 1 2 2 2 3 2 2 1 1 4 0 2 3 1 1 1 1 3 3 2 1 6 1 1 2 2 2 1 0 1 3 2 4 1 0 3 2 1 1 1 0 1 0 1 3 1 3 4 0 1 2 1 3 1 4 4 1 1 1 3 1 0 2 2 2 2 2 4 1 2 3 1 1 1 3 2 2 1 3 2 1 2 0 3 3 1 4 0 3 3 4 3 2 4 2 5 2 2 1 1 1 3 0 4 2 3 3 1 2 3 4 2 0 5 2 2 1 1 6 3 3 2 2 6 2 2 1 2 2 1 1 0 2 1 5 3 2 0 2 1 4 0 1 3 1 2 0 1 4 2 1 2 0 2 0 1 5 1 2 1 4 0 1 1 4 2 1 1 5 2 2 2 1 1 1 2 3 2 2 2 0 0 3 0 1 4 2 5 5 3 1 4 1 3 0 4 0 1 3 1 2 0 3 1 4 3 3 2 4 0 6 1 0 0 1 1 1 3 3 1 1 0 4 0 2 1 1 3 1 3 2 2 3 3 1 3 2 2 2 2 1 2 4 3 4 2 1 1 1 3 4 1 1 0 3 2 1 3 1 6 0 3 4 3 2 0 2 0 4 2 2 0 2 0 2 1 3 2 2 3 2 2 1 2 2 0 3 1 2 3 2 4 4 2 1 0 3 0 3 2 0 2 1 4 1 1 3 1 1 2 1 3 4 4 2 1 2 4 1 0 1 3 0 2 1 1 1 2 4 2 3 2 1 4 1 0 2 1 1 3 0 2 3 2 2 0 0 2 2 2 1 1 2 4 2 3 0 2 0 5 0 1 1 1 4 4 1 1 0 4 1 3 3 0 5 1 0 1 2 1 2 2 1 1 2 2 6 4 2 2 1 3 0 3 2 0 2 3 4 2 1 0 1 4 1 2 1 2 1 3 0 2 0 0 3 4 3 2 5 0 0 1 2 0 2 1 2 5 0 1 1 2 0 4 3 3 2 5 5 2 2 0 4 1 1 2 1 2 0 2 4 3 1 0 3 0 1 1 2 0 3 2 1 5 0 2 3 1 3 2 2 1 2 1 3 1 2 1 2 3 3 1 2 0 1 1 3 1 5 2 1 3 0 4 2 1 5 2 2 5 5 0 1 0 5 2 2 4 2 2 1 2 2 1 2 3 3 0 1 2 3 2 3 3 4 3 0 3 4 0 2 2 0 2 2 2 3 2 3 1 3 2 1 1 2 1 4 2 1 1 0 2 3 5 1 0 1 0 4 4 3 1 5 0 5 1 2 2 6 1 2 1 4 1 1 0 1 1 0 0 1 4 0 0 3 2 3 4 5 2 2 0 2 0 3 2 0 1 4 0 3 0 1 1 2 3 2 2 1 1 4 4 3 2 3 2 0 2 1 2 2 1 0 0 2 4 0 5 3 2 2 0 2 2 1 3 1 3 3 3 2 0 4 1 0 3 2 1 3 0 3 3 2 1 3 3 1 1 1 4 3 3 2 0 1 3 3 1 1 0 1 1 0 1 2 4 1 1 0 0 3 2 0 2 0 7 5 0 4 1 3 3 1 5 4 5 0 0 3 1 1 2 0 1 5 3 2 4 0 0 0 1 2 0 3 4 2 2 2 1 2 1 2 2 1 3 5 2 1 2 4 3 2 3 0 0 4 1 1 1 1 2 1 1 2 1 0 0 1 2 4 4 1 2 1 4 1 0 1 0 1 3 0 2 0 0 2 2 0 0 3 4 2 0 3 2 3 1 1 4 3 1 4 1 6 2 1 1 4 1 1 1 3 2 2 1 2 1 2 1 2 2 3 2 2 1 2 2 1 3 5 4 1 4 2 2 3 2 1 1 2 2 0 4 3 2 2 3 1 1 2 2 2 2 4 1 4 0 1 3 3 1 6 0 5 0 0 2 2 2 1 1 1 1 0 1 2 4 1 3 0 4 2 1 3 2 2 0 0 1 4 2 1 2 2 6 0 1 1 4 1 1 1 0 1 3 0 2 3 2 4 4 1 0 3 4 5 3 2 2 3 3 0 1 3 1 4 3 1 3 2 4 4 1 2 0 1 1 3 2 0 1 2 1 4 4 1 1 1 1 6 3 0 2 1 2 1 2 2 2 2 1 1 2 2 0 2 2 3 1 0 3 2 1 3 2 1 1 0 3 2 3 2 3 3 4 1 3 0 3 1 3 0 0 3 1 0 3 2 1 0 3 1 1 3 4 0 1 2 0 0 2 5 2 0 2 0 0 2 3 2 2 2 4 2 0 4 1 3 1 1 6 0 2 2 3 2 2 0 2 1 2 1 1 4 5 0 2 0 0 1 2 2 2 3 0 4 0 3 3 1 1 2 2 2 2 1 5 1 3 1 1 0 2 3 3 1 2 2 1 2 1 4 2 1 2 2 2 3 0 0 2 3 3 3 2 1 2 4 0 0 3 3 1 1 4 2 2 4 3 3 2 0 2 3 1 2 3 1 3 1 0 0 2 5 4 3 1 1 2 3 0 2 1 3 3 2 5 1 1 1 1 2 0 2 2 3 4 3 3 2 2 1 1 2 2 2 1 1 1 0 0 2 0 4 0 1 2 2 4 2 3 3 3 3 3 1 2 0 0 3 1 4 0 0 2 1 2 1 2 0 2 1 2 3 3 1 2 2 1 3 2 2 1 1 3 2 2 1 2 5 3 1 3 1 2 3 2 3 0 0 0 7 3 0 2 1 2 0 1 3 0 2 0 0 7 1 2 1 2 2 2 3 1 2 1 2 3 2 1 1 0 1 2 2 1 5 3 2 1 2 1 0 1 2 1 0 4 1 3 1 2 2 0 2 0 2 1 2 1 8 0 1 5 0 3 2 2 3 2 2 0 2 4 1 1 1 0 2 3 2 1 4 0 5 4 0 4 3 1 2 0 2 3 1 2 2 0 1 2 0 3 0 2 5 1 3 2 1 2 1 1 1 4 1 1 2 0 1 1 2 2 3 0 1 4 0 3 1 1 3 2 5 3 1 3 0 2 2 3 2 2 1 3 1 2 0 3 3 1 0 1 2 3 1 3 2 2 3 1 2 2 4 2 2 3 4 1 1 0 2 4 2 5 1 2 1 2 0 1 0 3 4 3 4 4 0 4 1 1 2 5 3 1 3 0 0 1 2 3 0 2 4 3 1 2 0 2 3 3 2 2 5 4 1 2 0 2 1 4 5 0 3 3 2 3 0 2 1 1 1 1 0 3 2 0 2 1 4 2 2 2 1 3 1 1 2 3 2 7 1 4 2 1 0 1 1 1 2 2 1 3 0 2 2 2 4 2 1 2 3 1 0 3 1 7 2 5 0 5 0 1 1 4 2 1 2 1 2 2 2 5 3 1 4 2 0 3 4 3 2 3 2 2 1 2 2 1 2 0 4 3 1 1 0 3 3 3 4 0 1 4 1 4 2 0 3 1 1 3 3 2 1 1 4 2 1 1 0 3 3 1 3 3 3 1 4 0 1 2 3 3 1 0 0 2 1 3 3 1 4 2 1 2 0 0 5 1 0 1 1 2 3 3 2 3 2 2 4 2 2 0 3 2 3 1 2 3 2 2 1 2 2 4 3 3 1 4 2 3 0 2 0 1 0 3 4 2 2 4 1 4 3 1 1 1 4 1 1 3 1 1 4 3 1 1 0 6 4 1 2 2 4 0 2 3 3 1 2 1 1 1 1 1 5 2 3 2 0 1 1 2 1 3 2 3 2 1 0 3 3 1 1 4 1 1 0 3 0 1 4 3 4 0 1 2 6 1 1 2 2 2 2 2 3 3 1 1 2 1 3 3 0 1 3 2 2 2 2 1 0 0 0 4 0 3 3 0 0 2 2 2 5 3 1 2 0 4 2 1 2 1 3 0 2 3 1 2 1 2 3 1 2 3 2 0 2 2 2 3 0 0 5 1 1 1 4 2 0 0 5 2 3 2 3 0 2 3 3 5 3 1 1 3 0 3 3 4 3 2 1 3 1 1 0 1 1 3 0 4 5 3 2 2 3 1 2 0 3 1 5 2 5 4 1 1 4 2 2 2 5 3 2 1 4 2 1 0 1 0 3 1 2 2 2 1 3 3 1 3 3 4 0 4 0 0 1 1 1 2 2 2 3 2 5 2 2 0 3 3 3 1 4 0 5 2 0 0 3 0 1 2 2 5 0 2 1 2 0 2 4 0 2 1 2 0 0 0 3 3 2 0 2 2 4 2 1 0 3 3 3 2 3 3 4 0 2 1 2 2 1 3 2 2 1 2 7 4 3 0 1 3 0 2 3 2 1 2 4 2 3 2 1 2 2 0 1 1 3 3 2 3 3 2 0 3 0 6 0 3 1 5 6 2 1 1 0 1 1 1 2 7 1 1 1 1 2 1 2 3 2 3 1 2 4 1 3 4 0 2 0 3 2 1 3 2 0 6 1 2 0 2 1 2 4 1 1 4 0 4 0 3 1 1 2 1 1 1 2 2 3 5 2 1 2 1 3 2 2 2 6 2 1 1 3 2 1 1 1 1 4 3 0 1 3 2 1 0 0 1 1 1 1 3 1 4 0 2 3 2 2 3 7 2 0 0 1 1 2 3 4 1 1 0 4 5 2 4 2 1 3 1 2 3 4 1 3 1 2 1 3 3 1 3 3 2 1 5 4 3 3 1 1 1 3 0 1 1 0 4 2 5 2 3 0 2 3 1 1 1 1 3 2 1 2 4 1 3 4 1 1 1 3 4 2 2 2 2 1 0 2 3 0 1 1 0 2 3 2 2 2 1 2 0 0 1 3 1 1 2 2 4 1 1 3 1 2 1 4 2 4 1 1 1 2 1 0 0 3 0 2 1 5 5 3 3 3 2 0 2 3 0 2 0 2 1 2 0 4 2 2 1 5 1 1 2 2 3 2 3 2 2 0 2 4 2 0 0 2 1 3 1 1 3 2 4 2 4 2 0 4 1 2 2 3 0 1 0 2 2 2 1 3 1 2 0 4 4 0 2 1 3 1 4 3 2 3 1 3 3 1 2 4 3 4 2 1 2 2 3 3 4 2 1 2 3 0 2 4 0 4 1 4 2 2 1 1 2 5 1 2 0 2 2 1 4 4 4 1 0 3 1 1 5 1 0 0 4 2 5 0 3 3 1 2 1 2 2 2 1 2 3 2 1 0 4 3 1 4 2 1 1 1 2 3 2 5 6 1 0 0 3 1 0 4 2 0 0 1 2 0 3 6 0 2 2 1 3 1 2 3 2 2 4 3 1 0 0 2 3 1 0 2 1 4 2 4 3 0 2 0 1 3 2 0 0 3 2 3 3 1 2 1 2 3 0 2 0 1 2 3 3 4 0 0 1 1 3 2 1 1 3 2 2 2 6 0 0 1 0 1 2 2 4 0 2 2 3 1 0 3 0 0 4 3 2 2 1 4 2 1 2 0 2 2 4 2 0 0 4 3 1 4 2 0 1 0 2 3 1 1 1 4 0 3 2 1 0 1 0 2 2 3 3 3 0 1 2 1 2 2 1 2 0 2 3 2 3 2 2 3 3 2 3 3 3 1 1 0 3 4 1 2 1 3 3 2 3 3 3 1 0 2 1 2 3 2 2 1 4 1 1 1 3 3 3 0 0 2 2 1 3 2 0 0 2 3 1 1 3 2 3 3 1 3 3 4 1 1 2 2 2 2 2 2 2 1 2 2 1 3 1 1 0 4 2 3 5 2 3 0 0 2 3 1 2 1 2 4 2 1 1 5 1 2 5 1 0 1 2 1 3 0 0 3 4 2 3 1 4 2 5 3 1 3 0 3 1 1 0 1 1 1 1 3 3 4 2 1 3 2 1 2 2 0 3 3 1 5 3 4 3 0 3 2 0 2 3 3 1 1 3 0 0 2 1 3 1 1 1 6 0 2 2 1 0 1 2 2 0 2 4 2 3 1 3 0 0 5 2 2 1 2 0 2 2 0 2 0 1 1 2 1 2 3 2 3 0 2 3 1 2 2 1 1 1 1 2 2 2 0 3 1 0 3 3 2 2 1 1 2 3 1 0 4 1 4 4 1 4 2 1 0 2 2 3 1 1 1 3 2 2 3 1 4 2 2 5 2 0 2 4 3 1 3 3 3 2 2 2 7 1 1 0 4 3 2 0 4 4 2 1 1 3 3 2 2 2 1 1 1 4 3 3 3 3 3 2 2 0 2 3 1 2 2 1 1 5 2 1 5 2 3 2 3 0 2 4 2 1 2 2 1 1 2 2 4 1 1 2 4 3 1 1 2 2 2 0 1 0 0 2 1 1 0 3 2 3 1 5 2 3 3 3 1 0 2 0 1 1 1 2 3 1 1 2 2 2 1 2 3 0 2 1 4 3 3 1 1 0 1 1 0 2 3 2 5 0 2 2 2 1 1 4 1 2 1 1 1 1 0 2 2 3 3 2 0 1 2 0 2 3 1 4 2 2 1 1 3 3 3 1 2 2 2 3 3 3 2 2 3 4 1 2 1 2 0 2 3 4 2 1 2 0 2 3 6 0 3 1 3 2 0 3 4 1 2 2 3 1 0 1 3 3 1 1 1 3 1 2 1 2 1 5 1 2 4 2 3 2 1 1 4 2 3 2 1 2 1 1 1 4 3 2 1 6 0 2 3 3 1 4 0 3 2 2 2 2 2 5 0 0 2 1 3 1 3 5 3 3 2 1 3 2 3 2 4 2 1 2 3 2 4 4 2 0 0 2 3 3 4 3 0 0 3 1 3 4 3 2 4 0 1 2 2 0 0 2 4 5 0 1 4 3 4 2 1 1 3 0 2 0 0 3 2 0 5 1 0 2 5 1 3 1 1 3 2 1 4 0 4 2 2 1 3 2 1 3 2 1 3 0 4 4 2 3 2 1 1 2 1 2 2 1 1 3 2 5 1 1 1 1 2 3 1 2 3 3 4 3 3 4 1 1 2 1 2 3 1 2 0 3 2 3 1 1 0 3 1 5 2 1 3 1 1 2 4 1 2 4 2 1 1 0 1 2 0 1 2 0 0 2 2 5 3 0 3 3 2 4 2 1 2 2 1 0 3 2 3 2 2 2 2 4 1 2 4 2 0 1 1 2 5 1 3 2 0 2 1 4 2 2 3 2 3 2 1 2 1 3 2 3 0 3 2 1 0 2 1 2 3 1 2 3 3 3 1 3 1 2 4 2 0 4 1 3 0 1 2 2 1 1 0 1 4 1 1 5 1 2 4 0 2 3 1 1 1 0 2 0 3 0 1 2 6 5 1 0 2 2 2 1 0 2 2 1 1 1 1 2 3 0 1 1 2 0 4 2 0 2 0 3 3 0 2 4 5 2 1 3 2 0 0 1 0 7 1 1 1 0 4 3 1 2 1 0 1 4 0 0 2 1 2 2 3 2 4 1 1 1 1 2 3 4 1 2 3 4 0 1 4 1 1 1 1 2 4 3 0 3 3 4 0 0 2 4 2 4 3 1 2 2 0 1 0 1 4 4 1 2 2 0 3 1 1 2 1 3 1 1 3 2 2 3 1 2 1 0 1 4 7 1 4 0 4 2 1 2 3 3 1 4 4 3 1 0 2 0 4 5 1 1 1 2 1 6 0 1 1 1 1 4 2 1 0 4 2 2 2 0 2 1 2 3 0 2 3 1 1 4 1 2 2 1 3 2 0 3 7 4 2 1 1 2 2 2 3 1 1 2 3 1 1 3 3 1 1 2 2 1 1 1 5 0 3 3 1 1 2 0 4 2 1 2 2 4 2 2 2 2 2 1 2 2 1 3 2 3 0 3 1 1 2 0 2 3 1 1 1 2 2 3 1 3 3 1 1 2 3 3 1 5 4 0 1 1 1 2 7 3 2 1 2 4 2 1 2 1 2 1 4 3 2 3 0 3 1 0 5 0 6 2 2 4 0 2 2 1 1 1 2 2 2 2 2 2 3 1 1 4 1 1 1 2 1 1 2 1 3 1 0 3 3 1 2 5 0 6 1 3 1 2 2 2 1 2 0 1 5 5 0 1 2 2 5 0 3 1 2 2 3 3 1 4 2 1 3 1 0 3 2 1 2 3 0 2 1 2 6 2 2 0 4 1 1 4 3 0 3 1 2 1 1 2 2 1 2 2 4 4 0 2 4 2 5 4 1 1 2 1 2 0 1 2 2 5 2 4 2 1 2 2 4 1 0 2 1 2 1 2 1 0 0 2 5 0 1 1 3 2 1 2 2 2 2 2 1 7 1 1 2 2 4 3 1 4 3 1 1 0 4 2 1 4 0 3 4 0 1 4 6 3 2 2 2 2 4 3 1 1 2 2 3 1 1 2 3 2 1 2 5 2 1 1 2 2 1 1 2 2 2 2 1 0 2 0 3 1 3 1 1 1 2 2 1 1 1 1 2 0 2 1 5 3 3 2 2 2 1 0 3 2 0 1 3 2 3 2 3 0 0 1 1 3 4 3 3 2 2 3 3 0 0 2 2 0 6 2 1 1 1 2 2 1 1 1 0 1 3 0 1 2 3 2 1 0 1 2 2 1 4 0 1 4 1 3 2 0 1 4 1 2 2 4 2 1 1 4 2 2 4 1 1 0 3 1 2 2 0 5 2 3 4 2 0 0 3 4 2 1 1 3 1 2 2 1 4 1 1 3 0 0 2 4 1 1 2 0 0 2 3 2 4 1 2 4 5 2 1 1 0 1 1 5 1 6 1 2 1 2 4 1 3 3 2 2 2 2 2 1 2 2 3 1 1 0 3 2 2 2 3 0 3 3 2 2 1 5 0 1 3 2 2 0 0 2 4 1 2 2 2 1 3 1 3 0 2 3 2 2 2 1 0 1 2 4 1 1 4 5 1 3 2 1 3 4 4 0 2 3 0 1 2 2 0 4 1 2 2 1 1 2 4 3 1 0 5 2 3 0 2 5 1 0 2 3 1 3 1 7 2 0 3 3 1 3 0 0 1 2 3 3 3 3 3 1 2 1 1 2 3 0 2 2 5 1 1 1 2 5 1 1 3 1 0 0 1 1 3 2 0 4 1 2 0 3 3 2 3 0 5 4 1 3 5 1 1 2 3 2 4 2 2 0 1 3 4 2 3 0 2 1 2 2 1 2 3 2 5 1 1 4 1 2 2 1 3 2 3 2 1 3 1 2 2 2 1 4 2 4 2 2 5 2 4 1 1 2 1 1 1 1 2 3 0 3 4 2 2 2 4 0 2 0 0 3 1 1 2 2 4 2 0 1 1 3 1 3 3 3 1 1 1 0 1 0 4 2 4 5 2 2 0 1 3 2 2 0 1 0 4 2 2 2 3 0 1 4 2 3 3 3 0 3 1 1 1 2 1 2 2 0 3 2 5 4 4 3 2 0 2 1 1 3 1 0 2 1 1 2 3 6 0 0 1 2 3 3 2 4 3 2 1 0 0 3 2 2 1 2 3 2 1 2 2 2 3 0 4 3 1 1 5 1 0 2 3 1 1 2 0 2 5 1 3 5 2 2 3 1 1 1 2 5 7 2 0 2 2 0 1 4 0 3 1 2 1 4 2 1 1 1 1 3 1 2 3 0 4 1 2 3 6 1 2 4 1 1 2 1 4 4 0 5 4 4 2 3 3 0 2 1 1 1 2 0 2 2 2 5 1 4 2 0 1 2 2 1 2 3 2 5 2 2 2 1 0 1 2 3 1 6 3 1 3 4 0 0 2 1 1 1 2 5 1 3 0 2 1 0 2 1 2 3 2 2 1 0 3 2 2 2 3 1 1 1 3 1 1 2 2 1 2 1 2 1 2 5 1 2 2 3 3 1 2 3 4 3 0 0 3 0 1 2 0 2 2 3 1 3 2 1 1 4 1 3 2 2 4 2 2 1 2 4 2 2 3 3 0 3 2 2 3 1 2 2 2 1 3 2 1 0 4 5 3 1 3 0 0 5 1 0 3 7 2 2 2 2 1 1 4 0 2 2 1 2 4 1 3 0 2 2 1 6 2 3 4 1 2 3 2 2 3 0 2 1 4 4 1 3 1 2 1 1 1 5 1 3 4 4 0 2 4 2 3 5 2 6 0 0 4 3 1 1 1 1 1 1 3 4 2 0 3 4 2 3 0 0 1 3 3 3 1 2 0 0 0 2 3 2 1 2 2 1 2 2 5 2 2 1 3 1 4 4 5 3 1 3 2 2 2 0 4 2 3 0 1 2 5 0 2 4 1 1 2 1 4 2 3 0 3 1 2 0 1 4 0 3 2 2 0 1 4 6 1 1 4 2 3 1 2 5 4 3 0 4 1 3 2 4 3 0 3 0 0 4 3 2 2 1 2 3 4 3 1 2 2 2 2 1 2 3 1 1 2 1 1 3 2 1 2 1 1 4 2 4 2 0 1 1 4 2 1 1 5 5 0 1 3 1 2 1 2 1 0 3 0 2 1 5 2 1 2 1 2 2 0 3 1 2 3 1 1 1 2 1 2 3 1 2 0 3 3 0 5 2 0 1 2 2 1 3 2 1 5 3 2 2 2 2 0 0 3 0 2 2 1 3 2 2 5 4 1 2 1 1 1 2 1 3 0 4 4 2 0 2 2 1 3 0 2 4 0 1 2 0 3 3 3 1 1 2 3 1 1 4 5 0 4 1 1 2 0 4 3 3 2 1 5 3 1 0 0 0 4 1 5 2 3 1 0 1 3 0 0 1 4 1 3 3 7 2 1 2 2 3 2 2 3 1 3 2 2 2 2 1 6 0 2 0 1 0 4 2 3 4 4 0 2 3 3 1 3 0 0 1 2 1 4 0 0 1 1 2 1 2 3 2 2 0 4 1 3 2 3 2 3 3 2 2 0 2 2 3 1 1 2 0 3 4 2 3 4 5 1 1 4 2 1 3 6 3 3 6 2 0 2 1 1 1 3 1 4 3 0 4 4 1 1 4 2 0 2 1 0 2 4 1 3 4 2 0 3 4 2 2 3 1 2 2 1 1 3 1 1 4 3 1 0 2 2 2 4 0 2 0 4 1 4 1 1 4 1 3 1 2 2 2 1 0 1 0 2 2 4 5 1 0 2 4 2 0 1 1 2 0 3 3 4 1 1 2 1 2 1 0 1 4 3 3 3 4 1 1 2 1 1 3 2 0 3 2 1 3 2 3 3 0 4 3 3 1 3 1 1 0 3 3 3 2 1 2 2 3 1 2 4 2 4 1 1 3 2 5 1 1 1 0 3 1 4 3 3 2 1 3 2 1 1 3 1 4 2 7 2 3 1 0 0 1 1 3 3 4 2 4 3 0 0 2 3 1 1 1 0 4 2 2 2 1 4 2 4 6 2 2 1 2 5 3 1 2 0 3 1 1 2 2 2 1 3 0 2 3 1 0 3 3 1 3 2 1 0 3 0 3 4 0 1 1 0 4 1 0 4 4 1 4 1 0 2 1 1 3 0 4 1 2 0 1 6 1 3 1 1 3 1 2 1 2 3 2 1 2 1 2 3 1 2 1 3 2 1 0 5 4 1 2 3 1 2 2 2 3 1 4 2 0 0 1 2 2 1 0 1 2 3 3 1 2 3 1 2 4 3 1 0 1 2 3 4 4 3 2 4 1 0 3 0 5 3 2 3 1 4 1 1 2 1 3 2 1 3 3 1 2 1 4 0 1 2 2 1 0 0 3 1 3 6 2 2 0 1 2 2 1 2 1 0 3 1 2 0 1 1 1 7 1 2 2 2 2 2 5 2 3 0 3 2 2 2 1 1 4 2 2 1 1 1 0 3 4 4 3 3 2 1 3 1 1 1 3 1 4 4 3 1 3 5 2 3 1 5 2 0 2 1 2 3 3 2 3 0 2 1 3 2 5 1 2 4 0 3 0 4 0 2 0 3 2 4 2 3 1 4 1 1 0 2 1 0 2 3 2 1 1 2 1 1 1 3 1 1 3 2 2 1 2 0 4 3 0 2 3 1 1 2 0 1 1 0 1 1 5 1 4 0 1 3 1 1 3 1 1 2 4 5 2 1 2 3 1 2 1 2 1 2 1 3 2 0 2 1 0 0 3 3 2 1 3 0 4 5 0 1 2 3 1 1 2 2 0 3 3 2 1 0 1 1 3 1 0 3 4 3 1 3 3 2 4 1 1 3 2 2 1 2 0 5 1 0 2 4 4 0 1 1 1 3 1 4 3 4 2 3 1 3 2 3 2 1 2 1 2 1 1 6 6 1 1 1 0 2 1 3 0 4 3 1 1 2 1 1 1 2 1 1 0 2 1 2 5 1 2 3 0 2 5 0 2 1 2 1 3 2 1 2 2 3 4 0 3 1 0 4 2 3 3 1 1 2 6 1 1 3 3 0 6 1 1 1 0 0 3 1 5 0 2 2 4 3 1 2 4 1 1 1 1 2 1 2 2 4 4 1 3 2 1 1 1 0 1 3 1 1 3 3 1 5 1 2 1 1 1 0 2 3 4 2 1 2 2 2 3 4 1 1 4 2 2 0 2 5 5 1 2 3 1 0 2 0 2 0 1 4 4 1 1 3 3 0 4 4 3 1 2 1 2 2 3 5 3 4 1 2 2 0 2 3 0 0 1 2 1 1 3 6 3 1 2 3 3 2 2 0 1 1 2 1 2 0 3 2 4 3 0 1 3 0 3 6 2 2 3 1 1 4 1 1 2 1 3 2 5 1 1 1 1 0 2 1 0 1 0 1 2 1 0 3 1 0 3 2 2 2 2 2 1 1 1 2 0 1 2 3 1 1 4 2 2 1 2 0 3 4 0 1 1 2 0 2 4 2 1 2 1 2 3 4 1 1 4 2 1 1 0 1 1 2 0 4 2 0 0 2 1 1 1 4 3 0 4 1 3 1 1 2 0 0 2 1 3 3 1 0 3 0 1 2 1 2 2 0 3 2 1 0 2 2 3 1 0 0 1 2 0 4 1 4 0 4 2 2 2 2 0 1 1 3 2 5 1 2 0 4 3 2 2 2 2 1 2 2 1 2 3 1 2 3 1 2 3 1 0 3 2 3 2 0 2 2 2 3 4 1 1 3 1 1 3 0 4 3 2 1 1 0 1 2 3 2 1 0 2 1 2 1 1 3 0 7 1 2 2 1 0 1 0 3 1 2 2 2 3 1 2 1 1 0 1 1 2 4 4 2 1 1 0 1 2 2 1 2 2 2 0 6 0 4 1 1 4 1 2 3 1 2 3 0 0 5 1 0 3 2 3 0 3 3 1 1 3 3 0 2 2 1 4 2 2 2 0 4 1 2 2 2 2 3 1 1 3 0 1 2 1 5 3 1 2 1 5 2 0 0 1 2 3 1 2 1 0 0 1 3 1 1 2 2 2 1 1 4 1 0 1 1 2 2 2 3 3 1 2 2 3 0 2 4 1 0 2 3 5 0 2 4 1 3 4 5 4 1 4 1 4 1 1 0 1 2 2 4 0 4 4 1 1 1 2 0 0 1 4 2 2 0 2 1 3 2 4 3 4 4 5 0 0 0 0 0 1 3 6 1 2 0 0 1 2 4 2 1 0 1 0 0 1 3 3 1 1 0 1 2 2 0 3 1 2 1 1 3 4 2 1 1 3 1 3 1 0 1 0 0 1 1 1 3 3 2 3 4 0 1 1 3 1 3 0 4 1 4 3 1 2 5 0 3 0 1 3 0 0 1 3 2 2 2 2 1 3 3 4 1 1 0 2 2 2 1 5 3 0 2 0 0 2 1 2 0 4 2 0 3 0 2 3 1 3 2 2 1 1 2 3 1 2 1 4 1 2 2 1 0 6 0 1 2 4 1 3 2 1 0 0 5 2 0 1 1 1 1 3 2 3 2 5 0 3 3 3 3 1 2 3 0 3 1 2 2 4 3 3 0 2 2 1 3 5 0 3 1 3 0 1 2 2 1 2 0 5 0 2 2 1 0 0 2 2 2 3 1 0 2 2 3 1 2 3 2 1 1 3 4 2 2 1 2 0 2 0 2 3 2 5 3 3 2 1 2 1 3 1 3 2 3 2 2 2 3 1 2 0 0 3 0 0 3 3 1 6 3 1 0 2 1 1 4 1 3 3 1 2 3 1 2 3 3 1 3 3 1 1 3 1 2 1 1 0 2 5 0 0 8 2 2 3 1 0 1 1 2 3 5 0 5 0 1 2 2 0 1 2 5 2 2 3 0 1 1 3 1 2 0 3 3 0 5 2 1 1 1 1 3 4 3 2 2 3 2 0 1 1 3 3 6 4 0 0 2 0 0 0 2 0 1 5 3 1 0 2 4 4 2 1 2 2 2 5 1 1 3 1 3 1 2 1 2 0 0 0 2 1 4 0 5 3 1 1 1 3 2 3 2 3 1 5 1 4 1 0 3 3 2 2 2 2 0 4 1 2 3 0 1 2 3 4 4 2 1 2 1 0 1 1 3 0 1 0 1 1 1 3 1 1 2 2 5 1 2 2 0 4 0 0 0 2 2 3 1 1 3 1 2 4 1 4 2 5 0 1 3 3 0 4 2 1 0 3 2 2 0 1 1 2 4 2 1 4 1 1 1 3 1 3 1 2 2 0 2 3 2 4 4 1 4 3 2 0 2 4 2 3 1 0 4 3 2 5 2 4 3 3 3 0 4 2 3 6 2 0 4 2 0 3 2 1 0 1 3 0 4 2 0 1 4 0 3 2 3 3 3 1 1 1 0 3 2 2 2 0 0 2 0 4 3 2 1 2 2 0 3 0 3 0 5 1 0 5 4 1 2 1 4 1 1 3 4 0 3 1 3 1 0 3 0 1 0 3 2 2 2 2 1 2 1 3 1 4 1 3 1 3 3 2 2 4 0 3 1 2 3 1 1 1 3 5 1 4 1 2 0 5 0 1 0 0 2 3 3 2 4 2 5 1 1 1 7 3 0 0 0 2 0 0 2 4 5 1 3 1 1 6 1 1 3 2 0 5 1 3 4 1 4 1 3 0 2 1 0 3 3 4 1 2 0 1 4 2 3 0 2 3 4 3 0 2 2 1 3 0 0 0 0 3 1 2 2 2 5 0 2 2 3 1 1 4 2 2 1 1 2 1 2 5 3 2 1 1 3 1 4 4 4 2 6 2 3 1 1 3 1 1 2 1 3 3 3 2 2 0 3 2 3 3 1 1 1 2 2 2 1 0 4 0 6 2 3 2 3 0 1 1 7 1 4 2 6 2 0 0 1 0 3 4 2 2 1 3 2 0 3 3 2 3 5 1 1 1 3 1 4 1 1 3 4 3 1 1 1 1 3 1 3 3 3 2 4 1 1 1 0 2 1 3 2 0 2 2 2 4 1 2 2 1 4 3 0 2 3 2 2 1 3 0 2 1 2 6 2 2 3 0 3 1 1 2 1 0 1 0 0 1 5 4 3 3 0 0 0 3 2 4 3 2 2 5 0 3 1 0 0 4 2 3 2 2 1 0 2 2 1 1 1 2 3 1 0 2 2 2 0 1 1 3 4 1 1 1 3 0 0 2 5 1 2 0 3 1 3 0 2 1 4 1 2 0 3 2 2 3 2 3 3 3 2 3 1 1 1 0 1 3 3 1 2 1 2 5 0 1 1 1 2 1 4 0 2 2 3 2 1 1 2 2 2 1 1 2 1 3 0 3 1 1 2 0 2 2 1 3 6 3 4 2 1 4 2 2 1 1 0 2 1 1 2 2 2 3 2 1 3 1 0 1 3 0 3 2 2 1 0 4 2 2 7 1 2 1 1 2 0 1 4 0 2 1 4 2 1 2 2 1 0 2 1 0 2 1 4 2 0 3 3 3 2 1 5 6 1 4 2 1 0 2 1 2 3 3 1 1 0 3 2 2 1 1 4 3 2 2 2 0 0 2 1 4 3 2 0 2 0 5 2 2 3 2 3 3 2 1 0 3 1 4 1 2 4 2 0 2 3 1 1 1 0 2 3 2 4 1 2 3 3 3 1 2 1 1 2 0 3 0 0 4 8 3 0 2 4 0 0 2 0 2 4 0 2 0 1 2 3 2 3 2 1 2 3 2 1 0 2 2 2 3 1 3 1 5 1 0 5 1 3 2 3 1 5 3 2 2 0 1 2 2 1 2 0 2 4 2 2 2 1 5 5 1 1 2 1 1 0 2 0 3 5 1 1 2 1 2 1 4 1 1 1 2 2 3 5 2 1 0 3 1 4 3 2 3 0 0 2 0 5 3 0 4 0 2 3 1 2 2 2 0 0 0 4 3 3 4 1 0 0 1 1 1 2 1 2 2 3 3 1 1 3 1 1 2 1 1 1 3 1 2 2 1 1 3 2 1 2 1 1 1 0 2 0 1 2 1 2 2 3 3 4 1 1 3 1 2 3 2 1 3 1 0 2 4 1 3 4 0 3 3 3 2 3 1 3 1 1 2 2 1 1 0 1 1 3 4 2 1 3 1 1 2 3 2 0 3 1 5 2 3 0 4 0 1 1 3 6 3 0 1 1 3 2 2 0 0 5 2 2 2 1 2 3 2 3 3 0 4 2 0 1 3 4 1 0 0 3 2 6 2 3 0 1 2 2 2 1 0 2 1 2 4 0 1 0 3 1 0 2 7 2 0 3 6 1 2 0 0 1 0 0 2 1 5 4 2 2 1 0 1 1 5 2 2 2 2 0 5 3 0 4 4 1 1 1 3 1 3 1 4 0 2 2 0 1 2 0 3 2 2 1 2 0 3 4 1 2 1 1 0 2 5 4 2 4 2 0 1 3 6 3 2 1 2 3 2 1 4 1 3 2 2 2 2 2 1 2 0 3 2 3 1 1 1 1 5 1 3 2 1 1 0 4 1 2 3 2 1 2 3 0 2 2 1 1 6 2 2 0 1 3 3 1 1 3 1 5 1 3 2 1 2 3 2 3 2 0 2 3 4 0 2 1 3 6 2 3 0 2 2 1 1 1 3 2 4 4 1 2 3 1 1 5 3 3 1 2 2 4 1 3 2 2 3 2 1 1 2 2 4 2 1 1 2 2 1 2 2 5 1 1 2 0 2 5 3 5 2 3 3 1 4 3 1 1 1 1 4 4 6 1 0 1 3 3 2 2 1 1 3 1 0 2 2 0 4 1 0 1 3 2 2 4 2 2 2 1 3 3 2 0 3 0 2 3 1 3 4 3 0 2 2 1 1 0 1 4 0 1 2 4 3 2 0 3 3 1 2 2 1 3 2 2 1 1 3 3 0 1 1 5 4 1 1 1 1 0 1 2 2 4 1 3 1 1 2 2 4 1 1 1 0 4 3 2 3 3 5 3 0 1 3 1 1 1 0 1 3 3 0 0 1 3 5 0 1 3 2 3 3 2 1 3 2 5 2 1 1 2 1 2 1 1 0 2 4 3 2 1 0 6 2 0 1 1 1 5 2 2 1 1 3 1 3 0 1 3 3 3 0 1 3 1 0 1 2 2 4 4 1 4 3 1 1 1 2 1 3 6 1 1 4 4 3 1 3 3 0 2 1 0 3 4 3 3 2 1 2 0 5 0 2 4 5 5 0 1 3 2 2 2 0 3 1 1 1 1 3 1 2 4 1 5 0 1 1 2 2 1 3 3 2 0 0 4 1 2 4 0 2 2 1 2 0 3 1 1 1 1 1 3 0 4 2 0 5 3 1 4 4 0 1 3 0 2 1 0 0 5 5 0 1 5 2 1 2 2 3 1 2 3 4 0 0 1 1 2 5 2 1 2 3 3 1 1 4 1 3 2 2 1 0 2 2 1 0 3 3 2 1 4 1 2 1 0 1 0 4 3 3 2 2 4 2 0 3 1 3 0 1 1 1 3 1 0 1 2 5 4 3 4 1 2 3 1 4 2 2 1 1 0 2 4 8 4 0 1 1 2 3 1 6 1 1 0 2 4 1 3 1 1 0 4 1 1 1 2 1 2 0 4 2 4 3 1 2 2 0 1 0 2 1 5 0 3 2 2 2 4 1 1 3 1 0 2 1 0 4 1 2 2 1 2 5 4 3 1 1 1 4 0 3 4 0 1 1 5 2 1 0 0 3 2 1 6 2 1 3 2 0 1 0 4 2 5 1 3 2 3 2 2 1 1 5 3 2 2 3 1 1 3 1 1 5 1 0 0 2 2 4 6 5 2 1 2 3 2 2 2 0 2 1 2 0 3 2 3 0 1 4 2 2 3 2 3 1 2 1 2 3 4 0 1 0 2 2 3 3 0 1 1 3 1 4 2 2 3 2 2 4 2 1 0 2 1 1 2 3 2 2 2 1 3 2 3 2 1 1 2 2 2 2 4 4 1 3 0 1 2 3 3 3 1 1 2 4 5 1 4 3 1 1 2 3 2 1 0 2 1 4 2 4 1 0 3 2 3 2 2 2 4 2 0 0 2 1 3 0 1 3 4 1 1 2 0 3 2 1 4 1 2 1 4 4 2 3 0 1 2 3 1 0 1 0 3 0 0 3 6 1 3 0 2 0 1 2 4 3 2 2 1 1 1 2 2 3 1 3 1 1 2 5 1 3 2 0 1 2 1 3 3 5 1 4 0 2 3 0 2 1 0 1 4 2 2 1 1 0 2 2 3 3 1 2 0 3 2 2 1 2 2 3 4 1 4 2 1 2 0 1 1 3 1 2 0 2 0 3 1 0 4 4 2 2 0 2 2 1 2 1 1 2 2 3 2 4 0 0 2 3 0 0 1 2 3 1 2 2 2 1 2 4 2 1 3 1 1 3 2 2 5 1 1 3 1 4 2 3 2 3 3 3 2 2 2 0 1 1 2 1 3 2 4 3 1 1 2 0 2 3 3 3 2 1 2 2 2 2 1 1 2 3 3 1 3 2 2 2 1 4 3 4 1 2 3 6 4 4 3 3 0 0 1 3 0 2 2 3 0 1 6 2 2 0 4 4 5 1 0 2 8 2 0 4 0 4 1 2 0 2 0 1 2 4 4 1 2 2 1 3 2 3 1 1 0 2 0 4 1 5 0 3 2 1 1 4 1 1 1 2 2 2 2 4 1 2 2 1 2 4 0 3 3 1 2 1 1 4 4 1 5 6 2 1 1 1 1 1 0 5 1 4 2 1 2 1 1 2 3 2 2 4 5 2 0 2 2 0 2 1 3 3 1 2 2 4 3 0 0 2 1 3 3 1 1 3 1 3 4 1 4 0 1 1 1 1 1 3 4 0 1 1 4 0 2 1 2 2 1 3 2 0 2 0 0 4 2 0 1 3 1 3 1 2 0 3 3 2 4 0 3 3 2 0 0 2 2 1 5 2 2 4 3 3 1 1 6 0 2 1 2 2 3 3 2 0 3 1 1 2 2 5 1 1 2 2 1 0 4 0 2 1 4 2 1 2 2 1 2 3 3 2 0 1 2 3 2 0 1 1 4 2 3 2 2 1 1 0 0 3 2 4 2 5 2 1 2 2 1 5 1 1 3 3 3 1 0 1 0 0 2 1 1 2 2 3 1 3 2 0 2 2 1 1 2 5 2 4 0 2 6 3 1 1 1 1 3 0 2 2 1 4 0 3 2 3 1 0 1 2 3 0 0 4 4 0 2 3 3 1 0 3 4 1 4 0 3 2 3 4 3 0 4 3 1 1 0 1 3 1 1 2 2 3 3 3 3 2 2 3 2 2 2 0 2 3 1 3 1 1 2 1 0 0 3 2 2 1 0 4 3 1 6 1 1 4 2 1 2 2 0 4 0 1 2 2 2 4 2 2 1 0 2 4 2 1 1 3 3 6 3 1 1 1 1 3 1 1 0 2 1 4 1 1 3 1 1 2 3 2 3 3 0 2 1 3 1 2 0 0 3 3 5 1 4 3 1 0 0 0 2 1 3 1 1 3 2 2 6 2 2 2 5 2 1 3 2 1 4 4 6 2 1 1 1 4 0 0 0 1 1 2 3 2 2 2 2 2 3 1 4 2 2 0 2 2 0 0 4 1 3 2 3 3 2 5 1 0 3 2 3 3 1 3 4 2 1 1 2 1 5 2 2 0 1 1 3 3 2 2 1 2 3 5 1 0 2 0 6 0 0 0 1 3 2 2 3 4 2 0 1 1 2 1 0 3 2 4 1 2 2 4 0 3 0 1 1 1 3 4 0 3 2 1 0 6 1 2 2 2 1 2 1 2 1 2 0 2 6 1 3 2 4 4 1 1 2 1 4 0 4 4 1 4 2 0 3 1 2 2 1 4 1 2 0 3 1 0 2 0 3 3 3 0 2 3 1 2 4 3 2 1 2 2 1 1 2 2 0 3 3 4 3 0 3 1 1 1 1 1 4 1 3 2 2 3 0 4 2 2 3 0 1 4 1 3 4 3 2 1 0 0 3 1 2 3 1 3 1 4 2 2 0 1 3 1 2 0 2 3 1 2 1 4 1 2 0 1 3 3 1 5 2 0 4 0 4 2 0 3 1 4 1 2 3 2 1 0 1 5 2 0 5 3 1 4 0 1 0 1 2 3 3 0 4 1 1 4 0 2 1 2 4 2 4 3 2 1 1 3 2 1 1 4 2 5 1 4 5 1 1 3 0 4 3 3 4 3 2 0 2 2 1 0 0 4 2 2 0 3 2 6 3 2 0 2 2 4 1 0 3 1 1 2 1 3 2 1 3 2 0 0 0 3 2 3 0 2 3 4 2 5 1 0 3 2 3 3 1 1 1 4 2 2 4 0 0 1 1 0 4 2 2 1 2 2 1 0 3 1 1 4 4 2 2 0 3 3 4 0 2 1 0 5 3 4 1 1 3 2 0 1 2 1 2 3 1 1 2 3 0 2 1 1 3 2 3 3 1 2 0 2 1 2 5 2 1 3 3 2 3 3 0 1 2 2 7 3 2 2 2 1 3 1 0 1 4 1 4 1 1 3 2 2 2 6 1 3 2 3 1 1 2 0 6 0 2 2 5 0 3 3 1 2 2 6 3 1 1 0 2 1 1 3 3 2 5 1 1 0 3 4 2 2 0 2 1 1 2 6 2 2 1 3 3 1 2 0 2 1 1 2 5 1 2 1 2 2 1 0 5 1 2 3 1 2 3 2 3 1 1 2 3 2 1 1 3 1 1 1 3 3 1 3 3 2 1 2 2 3 3 1 0 4 1 0 2 3 3 8 0 2 1 1 0 6 2 3 2 2 1 0 3 1 3 1 2 3 1 1 1 1 2 1 4 2 0 3 4 2 2 0 2 2 0 2 3 0 4 1 3 2 1 2 1 2 1 1 1 1 2 1 2 2 2 4 4 2 1 2 4 3 0 2 1 2 2 1 4 1 1 2 1 0 1 1 2 2 3 3 2 1 2 2 0 1 1 1 1 2 3 0 0 3 3 3 2 0 0 2 2 1 1 5 2 2 2 1 5 3 0 2 0 1 1 2 0 5 1 1 3 1 1 2 2 4 1 0 2 0 3 4 3 3 2 0 3 3 1 1 1 0 5 1 1 1 2 1 5 3 1 3 1 4 2 1 2 0 2 2 0 3 3 2 1 2 2 2 4 2 1 0 1 4 3 5 2 0 4 1 1 3 6 0 4 1 3 5 4 0 4 1 2 1 2 3 2 3 2 1 3 3 1 0 1 3 3 0 1 1 5 4 2 3 2 0 2 1 4 3 5 1 3 2 0 1 2 4 1 2 1 1 4 1 2 3 2 2 3 1 1 1 1 2 1 3 2 1 1 2 1 0 1 3 1 0 0 3 0 3 1 2 3 5 1 2 2 2 1 2 2 1 2 3 0 5 3 0 4 0 3 3 3 2 2 2 3 1 3 2 2 1 2 1 0 3 2 1 1 1 1 4 3 0 5 2 0 1 2 1 1 0 5 4 0 4 2 3 2 0 4 3 1 0 2 1 4 2 1 5 1 0 0 3 1 1 3 1 3 1 1 3 3 1 2 1 0 1 2 2 2 2 4 1 0 2 2 1 1 3 1 3 3 1 2 4 1 2 3 2 4 3 1 4 1 1 1 1 1 3 0 2 2 1 2 2 1 1 1 1 1 2 1 0 2 1 0 4 3 1 6 2 1 1 1 1 2 0 1 1 2 1 4 4 2 4 0 1 2 1 2 2 1 1 4 3 3 0 2 5 0 0 2 2 2 0 3 1 0 2 1 2 0 3 1 1 3 1 2 2 2 0 1 2 2 3 2 1 4 4 1 1 2 3 1 2 0 2 5 1 6 2 0 1 2 3 1 3 4 1 2 2 1 2 3 1 2 7 3 1 3 3 2 0 4 0 0 1 4 3 2 2 1 1 1 2 2 2 2 3 3 5 1 0 3 3 3 2 3 3 0 3 3 1 2 0 2 1 1 1 1 0 3 3 2 1 2 1 1 3 5 0 2 1 3 1 1 1 4 5 1 2 0 2 3 2 1 1 2 1 2 2 0 5 1 4 1 1 3 1 1 3 3 1 2 3 2 2 1 1 1 1 3 1 1 1 5 0 2 2 1 2 1 1 0 1 0 2 3 2 2 1 1 4 2 3 2 0 3 1 1 1 1 4 1 2 1 1 1 2 3 3 1 2 2 3 1 1 1 2 3 0 1 1 3 4 0 3 4 1 2 2 2 2 1 2 3 1 2 0 1 2 2 2 1 2 3 0 3 2 1 2 2 2 3 2 2 5 1 2 3 1 2 3 0 2 0 3 3 3 1 0 5 2 3 1 2 3 1 1 3 2 0 2 3 3 1 0 0 2 2 2 2 2 2 1 5 1 4 1 1 6 0 2 2 2 5 1 1 3 3 2 2 0 1 2 2 2 3 2 1 2 1 3 5 0 3 1 3 2 3 3 3 0 1 5 0 0 0 3 1 1 3 0 2 0 2 4 1 3 2 0 5 3 2 4 1 1 2 5 2 1 1 6 0 4 2 2 1 2 3 2 2 4 1 1 0 2 2 2 2 6 2 1 2 2 3 3 2 3 1 3 0 1 1 2 2 2 3 5 1 2 4 4 1 0 0 1 3 1 3 4 2 3 2 5 1 4 1 0 1 1 0 2 2 2 2 1 1 2 6 1 0 4 3 1 1 2 2 0 0 1 3 2 2 1 0 0 4 1 4 5 0 2 1 3 1 2 2 1 2 4 2 1 3 2 1 1 2 3 5 2 4 3 0 2 1 1 1 2 0 3 1 2 2 1 2 7 4 1 4 4 1 0 2 1 0 1 1 3 0 3 3 1 3 1 1 3 2 1 1 1 3 2 0 4 3 0 0 1 2 4 5 1 1 2 2 1 1 3 3 2 2 4 0 4 2 1 2 0 3 1 0 5 2 3 0 1 3 3 1 3 0 3 0 1 3 0 2 2 2 1 3 7 2 2 0 1 1 1 2 1 0 3 4 0 1 2 2 0 0 1 1 1 1 1 2 2 1 0 1 3 2 3 3 1 1 2 1 2 1 2 2 1 1 2 2 1 3 2 3 7 1 1 0 3 0 0 2 3 1 2 1 1 2 3 0 4 3 2 1 0 2 1 4 3 1 2 3 2 3 2 4 0 3 3 2 1 2 2 2 0 5 2 1 2 5 2 4 0 1 1 2 1 2 2 1 4 2 0 2 4 2 5 2 4 0 0 1 2 2 2 2 2 2 2 0 1 0 1 7 1 2 2 4 0 2 2 4 7 2 2 4 2 0 4 2 3 0 2 2 2 1 3 0 2 4 3 0 1 1 1 1 3 0 3 2 0 0 2 3 1 0 1 1 3 2 2 3 0 1 2 0 1 2 0 3 3 0 2 4 4 3 0 1 1 2 0 3 2 2 2 2 1 3 3 2 5 3 4 1 3 2 0 2 2 1 1 0 3 3 0 2 0 3 0 4 3 2 2 1 1 0 2 1 4 1 2 1 4 1 2 2 1 7 1 1 1 2 3 2 0 2 1 2 2 3 4 2 5 1 1 1 1 3 1 2 2 3 3 3 0 3 0 2 1 4 0 4 3 2 1 2 2 3 1 2 0 2 3 2 1 1 2 1 2 1 4 2 4 3 2 2 0 2 1 1 1 2 1 2 1 1 3 2 0 1 1 0 2 2 2 2 5 1 0 1 2 1 0 1 1 0 3 3 2 1 2 2 2 0 6 3 1 3 3 1 3 2 2 1 0 4 5 3 2 1 4 2 3 2 3 0 1 4 1 2 2 1 4 2 2 2 1 2 3 1 1 1 4 0 1 2 2 1 0 5 0 3 1 2 4 0 1 2 1 3 1 5 4 0 2 1 2 1 2 1 2 1 3 2 1 1 2 0 3 6 2 0 1 1 3 4 1 4 0 3 1 1 1 1 1 0 2 1 1 3 2 6 1 2 3 1 3 0 2 3 0 6 3 3 2 2 1 1 2 2 2 3 1 3 4 3 3 2 1 0 2 4 2 2 0 1 3 1 2 3 1 0 0 1 2 3 3 2 1 1 1 1 6 2 3 3 0 2 0 1 2 0 6 8 1 0 2 2 1 1 1 3 2 1 0 4 3 4 4 1 0 2 1 4 2 6 2 2 3 2 1 0 1 1 2 1 1 1 0 3 0 4 3 3 1 0 4 3 4 2 0 3 0 0 6 2 3 1 2 1 2 2 0 6 2 1 1 1 5 2 2 3 2 1 0 0 5 3 0 1 0 6 2 1 3 3 0 5 2 6 3 2 1 1 2 1 1 1 1 1 2 2 1 4 3 4 1 3 0 2 1 1 2 2 2 2 2 2 1 4 2 1 1 3 2 2 2 2 1 1 1 2 2 0 6 2 2 3 0 0 3 1 2 1 1 6 2 2 0 4 1 4 6 0 2 0 4 0 3 2 2 2 0 2 2 0 1 6 2 0 2 3 2 2 0 2 2 6 3 2 3 0 1 3 2 4 1 3 0 2 5 0 3 1 3 2 0 2 0 2 1 1 3 2 4 2 2 0 0 2 0 3 2 6 3 2 0 2 1 2 0 1 3 3 1 3 3 0 2 3 3 0 0 3 3 2 3 1 1 1 6 1 3 2 2 2 2 1 2 1 1 2 0 2 1 1 2 2 1 3 3 2 0 1 1 1 0 1 2 4 3 3 1 1 2 2 1 1 1 0 3 1 1 3 3 2 4 2 0 0 2 3 5 2 3 2 3 0 3 2 1 1 4 4 1 4 1 0 4 1 2 2 5 1 0 2 0 1 2 4 2 0 4 3 2 1 0 2 0 1 2 1 1 2 0 1 1 2 2 2 2 2 1 0 1 3 1 2 1 1 0 1 3 2 4 1 1 2 4 2 1 1 1 1 4 1 1 0 0 1 4 0 4 0 3 1 3 1 1 1 3 3 2 0 0 2 2 4 2 1 1 0 2 5 1 6 3 5 2 2 0 3 3 1 1 3 1 2 1 2 3 2 1 5 5 4 2 1 0 0 1 1 4 4 4 3 1 1 2 2 6 1 2 1 1 0 0 1 1 1 0 0 3 3 3 2 2 3 2 1 2 2 3 3 0 3 2 1 2 2 0 2 2 1 3 4 3 2 1 0 0 1 3 2 3 5 0 1 3 1 1 1 2 0 1 3 2 4 4 0 2 0 1 4 3 0 3 0 2 4 1 1 2 2 2 2 3 2 0 3 0 5 2 0 2 2 5 1 4 4 3 2 1 2 1 2 0 6 3 1 1 1 4 2 2 2 1 2 1 4 2 1 2 1 4 1 4 2 2 1 3 1 4 0 3 1 0 1 4 2 4 1 2 0 2 0 1 2 1 1 3 2 4 5 3 0 3 2 1 2 5 0 2 1 3 0 2 2 4 3 2 2 1 3 2 3 3 1 4 5 2 3 0 0 1 3 3 4 1 2 2 3 4 2 2 1 2 1 3 3 2 1 2 3 3 2 2 3 3 4 1 3 1 0 0 4 2 3 3 2 1 1 3 2 0 0 3 3 3 2 0 2 2 2 1 1 0 2 0 0 1 4 6 2 3 2 2 1 0 4 2 1 3 0 1 1 3 2 1 1 0 0 3 1 5 2 2 0 1 0 5 3 1 2 2 3 1 2 1 1 2 3 2 3 4 2 4 0 5 3 2 2 3 1 1 2 2 0 1 5 4 2 0 0 3 3 2 3 1 3 1 2 3 3 2 2 4 3 0 2 1 4 1 3 5 1 0 1 4 0 0 0 3 2 4 2 2 1 4 1 1 1 1 3 2 2 2 0 3 4 0 2 4 2 0 3 2 1 2 1 4 1 1 3 4 2 2 1 2 2 1 0 1 3 3 5 1 1 3 1 5 1 4 2 1 4 2 3 1 0 2 1 0 4 1 1 3 6 4 5 1 1 4 4 3 0 1 0 1 1 2 0 1 1 2 0 0 1 2 3 0 3 4 0 4 1 2 2 0 5 0 1 2 4 1 1 3 4 2 1 1 4 1 1 2 1 3 1 3 1 4 0 1 0 3 4 1 2 1 0 0 4 3 4 1 0 3 2 1 2 2 1 1 3 3 3 2 2 1 4 1 2 5 2 1 0 2 3 3 3 1 0 3 2 1 5 3 1 4 1 4 0 0 2 3 2 1 0 2 1 1 2 2 2 6 1 0 2 1 0 2 1 4 3 2 2 3 2 1 1 2 3 2 2 1 2 2 1 5 2 2 2 2 2 0 2 2 1 1 0 3 1 1 1 2 4 2 1 2 4 5 3 2 1 3 2 2 2 2 0 3 1 4 1 1 0 1 2 2 3 1 2 3 5 2 3 0 1 2 1 4 3 0 1 0 1 3 4 3 0 1 0 4 4 2 0 2 0 3 1 1 2 0 2 5 3 0 3 2 2 4 1 2 1 1 1 1 2 2 6 1 3 1 1 1 1 2 1 1 4 1 2 0 1 1 1 1 1 3 3 0 1 3 3 2 0 5 1 0 0 1 1 2 4 3 1 2 3 3 0 1 2 0 2 1 5 1 0 1 1 4 2 2 1 1 2 3 1 2 0 4 1 0 0 0 3 2 3 1 4 1 2 3 4 4 1 1 2 2 2 3 2 3 0 0 2 2 2 0 5 0 2 0 3 0 1 3 1 0 2 2 1 5 1 2 2 0 1 2 1 0 1 1 2 3 4 2 1 3 1 3 0 3 5 4 0 1 2 2 2 1 4 3 4 2 1 2 0 2 2 4 1 3 1 4 1 3 3 2 1 0 2 3 2 3 1 1 4 2 3 1 0 2 4 1 3 0 4 1 2 4 2 0 0 4 2 3 2 5 0 2 4 1 1 2 1 5 3 1 1 0 3 1 1 1 2 1 2 4 3 0 3 1 6 2 0 1 3 5 4 1 2 1 2 1 2 4 1 2 3 1 0 2 0 5 1 3 1 2 1 2 2 2 2 0 0 3 3 0 3 3 3 4 4 2 4 0 2 2 2 2 3 1 1 3 3 4 1 0 1 3 4 4 4 1 1 1 0 2 1 1 1 1 1 3 3 1 4 3 4 0 2 0 0 4 1 1 2 2 2 2 1 2 1 0 1 2 1 1 2 3 1 3 1 1 1 1 0 3 3 3 2 3 2 2 1 1 1 2 4 2 0 2 2 2 2 1 0 2 3 3 0 4 4 2 2 4 3 1 2 1 3 2 2 0 4 2 4 2 2 2 2 3 4 0 1 1 5 2 5 5 0 1 2 4 1 1 4 3 3 1 2 2 1 0 1 3 1 2 5 1 3 3 0 0 0 1 4 1 0 3 2 1 2 3 4 1 1 2 1 0 3 5 2 1 3 1 2 1 1 1 3 1 4 4 1 0 2 2 2 2 2 0 0 2 1 2 1 3 3 1 1 3 1 2 0 1 2 1 3 3 2 2 2 2 3 2 2 2 0 5 3 0 1 2 4 1 4 1 6 3 2 1 2 1 5 1 1 2 3 2 4 1 3 0 2 1 1 0 1 1 0 3 4 3 0 1 3 2 3 2 2 2 4 2 0 4 4 1 2 0 2 1 1 2 3 4 4 1 1 1 0 0 1 3 0 4 1 1 2 2 4 3 2 4 1 0 1 2 2 0 1 2 5 4 2 4 1 2 4 0 1 2 0 5 5 3 3 3 1 3 0 2 2 1 0 2 1 1 3 3 2 1 1 2 1 2 2 2 1 3 2 0 1 0 1 1 0 2 4 5 2 1 3 0 0 2 0 1 0 3 3 1 4 2 2 0 3 0 2 3 2 4 1 0 3 0 0 4 2 2 4 1 5 2 2 1 0 2 0 4 2 1 2 4 2 3 3 1 2 2 2 2 2 2 0 1 6 4 4 2 3 1 5 3 2 2 1 2 1 2 3 3 2 0 2 3 4 4 1 1 3 3 2 2 1 1 3 1 2 6 2 2 0 0 3 4 1 3 4 5 2 3 3 4 0 2 1 1 1 2 1 6 5 3 2 5 2 1 2 0 0 4 3 1 4 2 2 4 3 0 0 2 1 3 6 1 5 2 2 2 4 1 1 2 1 0 0 1 3 1 1 5 1 4 2 4 2 1 1 1 0 3 0 2 3 1 5 1 1 1 0 1 1 3 3 1 1 2 2 2 4 0 3 0 2 2 1 7 2 1 1 3 2 2 1 2 1 0 1 4 3 2 1 1 1 0 0 3 2 2 0 0 5 3 1 2 3 2 3 4 2 4 2 1 2 2 2 0 3 1 2 3 2 1 3 1 3 3 3 2 1 3 1 4 0 5 1 2 0 0 1 3 2 3 2 3 3 1 1 1 3 0 0 1 1 3 4 2 1 2 2 2 2 0 5 1 3 2 2 2 1 0 1 2 3 4 1 3 2 2 5 0 1 3 1 2 1 0 1 4 3 4 4 1 2 1 1 1 0 0 3 1 1 2 1 5 0 2 2 2 1 2 1 3 2 1 1 2 6 3 2 0 4 1 3 1 0 0 2 1 2 2 2 5 1 4 3 1 2 3 2 1 1 0 1 3 2 3 1 4 1 1 3 1 2 0 2 2 0 1 3 3 2 4 3 2 1 1 2 4 5 3 4 0 2 1 1 4 2 0 0 2 3 2 3 1 3 0 2 2 2 2 4 2 0 5 1 2 3 3 4 1 4 2 2 7 0 1 1 3 0 2 0 3 3 2 0 4 0 3 1 5 3 0 2 1 6 0 2 0 5 4 1 0 1 2 0 3 1 2 3 5 1 1 0 3 0 2 2 1 1 3 2 1 2 0 2 2 3 3 3 2 3 1 5 4 0 2 4 2 1 1 2 3 2 1 0 2 1 1 2 8 3 1 3 2 2 2 1 2 4 1 1 1 3 1 2 2 2 4 1 2 0 4 2 2 3 1 3 1 3 4 2 4 1 0 1 0 0 3 3 3 1 5 1 1 1 3 4 3 0 0 1 3 1 1 1 3 2 1 2 2 1 2 3 2 2 2 1 5 1 0 1 3 3 4 1 4 0 0 2 0 3 4 3 5 1 2 1 2 3 3 1 2 2 4 3 2 3 2 3 1 2 3 2 2 2 0 0 3 4 0 4 1 2 4 1 1 1 2 1 2 1 0 4 2 2 0 4 1 2 4 2 2 5 2 0 2 2 0 4 5 3 0 2 2 2 2 3 0 1 1 1 3 4 0 2 1 1 2 2 1 2 3 0 3 1 4 0 2 1 2 0 2 2 2 2 4 1 1 2 2 0 2 2 4 1 2 2 2 1 2 2 1 6 2 3 2 3 5 3 0 2 1 2 1 3 1 1 2 0 1 2 3 2 1 2 4 1 2 4 3 4 1 1 1 3 1 3 1 3 1 2 2 1 1 0 4 2 4 1 0 2 1 2 0 0 3 1 1 3 2 3 0 3 1 0 3 1 2 4 1 2 4 1 4 3 2 1 3 2 1 1 2 0 0 2 3 4 1 2 2 1 0 2 2 1 2 0 1 1 3 2 4 1 4 3 3 2 2 1 2 1 0 2 0 3 2 2 5 1 1 5 1 3 3 1 1 2 1 1 1 3 4 1 1 2 3 2 2 0 1 1 6 1 4 0 2 0 6 3 2 1 0 1 1 2 2 4 2 0 4 1 1 3 2 1 1 2 0 0 1 4 4 2 1 4 3 1 1 0 3 4 1 5 2 4 2 4 0 1 0 1 3 4 2 1 1 2 3 3 0 4 3 1 3 0 7 0 0 2 1 3 2 1 0 2 2 5 1 4 2 2 3 0 1 2 4 1 0 3 0 1 3 2 2 4 1 3 3 2 2 3 2 1 1 1 2 2 3 2 4 4 2 1 1 1 2 0 1 1 3 3 2 3 1 1 2 2 4 1 3 2 1 4 2 3 1 3 2 3 3 3 4 2 1 3 1 2 4 2 2 1 1 2 1 0 4 1 1 4 2 2 2 0 2 3 2 0 1 1 2 0 1 3 1 0 2 1 1 3 2 0 5 2 2 5 1 1 4 4 2 0 2 0 4 1 2 1 4 4 3 5 0 3 2 3 4 0 1 0 4 1 1 4 2 1 1 2 3 0 1 2 0 1 1 3 2 1 2 2 1 0 4 1 1 0 0 0 1 0 4 3 3 1 4 3 1 2 4 1 1 5 2 0 0 4 2 2 3 2 1 0 3 0 2 3 0 2 1 5 0 3 0 1 2 2 1 4 0 3 1 2 5 1 4 0 1 2 2 0 4 1 0 0 1 2 3 3 2 1 1 2 3 4 2 0 0 0 0 2 5 4 2 1 5 7 1 0 4 2 2 1 0 2 3 1 1 1 3 2 2 0 0 1 6 1 2 4 3 2 3 0 2 2 1 1 0 3 2 2 3 3 3 0 0 0 1 3 2 4 6 1 2 2 1 4 3 0 2 4 2 0 3 2 0 2 1 2 7 2 3 4 2 3 2 0 2 1 3 5 0 3 2 4 0 0 4 1 1 4 2 0 1 1 0 2 2 3 1 5 2 2 2 0 5 4 2 3 2 1 2 2 2 1 1 7 0 4 2 2 3 3 0 3 1 3 4 2 1 2 2 2 4 1 2 0 2 1 3 1 2 0 2 2 0 4 3 0 2 3 1 1 3 4 3 2 3 1 6 1 2 1 1 3 1 2 1 2 3 4 2 1 2 0 1 2 3 2 1 0 0 1 1 3 3 4 0 3 1 1 3 3 2 1 1 1 0 0 2 0 2 3 3 1 5 1 2 0 2 2 4 4 0 2 4 0 2 2 3 3 0 2 2 2 1 3 3 0 3 1 3 2 0 1 3 3 3 4 1 3 4 2 1 1 1 4 1 5 0 1 1 1 1 2 1 7 3 4 3 4 1 1 1 0 0 3 5 4 4 3 4 5 0 3 1 2 5 1 3 3 3 0 2 1 4 2 1 1 1 0 5 1 4 2 3 2 5 2 1 3 2 2 2 1 1 0 6 1 2 1 1 1 2 3 3 4 6 1 3 0 2 0 3 2 2 5 3 2 2 2 2 3 2 1 0 2 1 1 2 2 5 4 6 0 3 1 4 1 2 2 2 1 4 1 2 2 1 0 2 1 1 4 2 2 1 1 2 1 2 0 1 1 3 3 3 2 2 2 1 2 2 2 3 3 3 0 3 2 1 3 1 2 3 1 3 3 0 3 0 0 0 1 2 0 1 3 3 4 2 2 0 5 1 5 6 7 4 1 2 1 0 3 0 0 1 2 4 2 1 1 1 3 1 1 0 2 3 3 2 3 1 1 1 0 2 0 4 1 3 4 1 2 2 1 1 1 4 2 1 3 4 1 2 2 1 1 3 2 3 1 1 1 1 2 4 3 3 0 1 0 0 2 3 0 3 4 1 2 1 0 4 0 2 1 1 2 1 3 0 3 2 1 4 0 3 1 5 2 1 1 1 1 2 2 1 0 1 2 1 3 3 5 4 1 3 3 2 4 3 1 2 0 3 0 4 3 0 1 0 4 4 1 2 0 3 1 2 2 1 4 2 3 1 2 3 1 2 3 1 0 2 0 2 1 3 2 1 3 0 3 3 2 2 1 3 5 2 1 0 1 1 3 2 3 1 1 3 5 3 0 2 3 3 0 0 2 1 3 4 2 1 4 1 3 1 1 3 2 3 3 0 5 1 1 4 1 3 1 1 1 0 4 2 1 0 1 2 1 2 1 1 2 3 3 2 0 1 1 2 0 1 2 1 3 2 3 1 2 3 1 1 2 0 4 1 4 2 2 3 3 2 1 1 3 1 3 1 0 0 2 1 1 3 2 0 0 3 3 2 5 5 3 0 0 1 2 3 4 2 3 2 1 2 1 1 1 2 2 2 3 3 1 1 2 5 2 1 2 1 3 2 1 2 0 3 0 3 0 2 6 0 3 0 4 1 3 3 1 2 2 2 4 4 1 2 0 4 4 1 0 1 2 1 1 2 5 2 3 0 2 1 1 2 0 3 0 1 1 2 0 2 1 0 2 2 3 4 0 2 1 1 5 3 0 1 1 1 1 3 1 1 0 4 7 2 0 2 2 2 3 2 1 4 1 4 1 1 1 0 3 3 1 2 2 2 2 4 2 3 4 2 3 2 2 1 1 1 2 0 2 4 2 0 3 3 0 3 4 2 3 0 1 3 5 1 0 3 1 2 1 3 4 2 1 4 0 1 1 2 2 3 2 6 1 1 0 1 0 1 2 2 1 0 3 5 3 2 4 1 1 2 0 4 1 0 3 0 4 3 3 2 2 2 3 1 2 2 2 0 3 4 1 1 6 1 1 2 5 1 2 0 6 0 3 2 2 1 1 2 1 3 1 2 2 1 0 1 4 2 0 4 0 2 2 1 1 3 1 1 3 3 2 2 3 2 0 3 1 1 2 1 2 2 4 3 2 3 2 1 3 3 2 1 3 2 1 3 3 4 2 3 2 2 2 3 1 1 3 3 2 7 3 1 1 1 3 2 5 1 0 2 1 0 2 3 2 2 0 1 0 1 6 2 0 0 5 1 0 4 3 3 1 1 2 1 0 1 3 1 0 0 3 3 2 1 1 3 3 3 1 0 3 2 2 3 0 1 3 4 1 1 2 2 3 1 2 2 4 5 2 0 5 0 1 1 4 1 1 0 5 2 0 0 3 1 1 2 3 2 2 2 3 4 4 0 2 2 1 4 1 1 6 1 1 2 2 2 2 2 3 2 4 1 2 0 1 2 1 1 0 3 2 3 2 2 1 3 2 3 2 1 6 4 6 2 3 1 2 5 0 2 1 3 2 1 5 0 0 2 0 1 1 2 2 3 4 4 3 3 3 1 1 2 4 1 2 2 1 0 4 2 3 4 1 1 1 3 2 3 4 1 1 0 2 4 5 2 2 2 2 0 1 5 2 2 2 1 1 1 2 2 1 1 1 2 3 3 0 6 5 3 3 1 2 1 3 0 2 1 2 2 0 1 2 2 3 2 4 7 2 3 0 3 2 1 1 1 4 2 0 0 1 3 3 1 1 1 2 2 4 0 4 1 1 2 0 2 2 2 0 4 4 4 4 2 1 5 2 0 1 1 2 1 3 1 4 4 3 3 1 1 3 2 1 2 3 0 2 1 1 1 1 2 4 3 0 5 3 2 2 2 1 2 2 1 3 2 0 2 5 3 1 1 4 0 2 1 0 4 3 1 3 3 2 2 2 1 3 1 6 4 2 1 1 0 0 4 4 3 3 3 1 1 2 4 1 2 3 0 2 0 2 1 4 3 1 1 3 1 2 2 3 3 1 3 2 0 4 2 2 1 4 3 0 1 1 2 4 1 3 2 3 2 0 2 6 0 3 2 2 4 1 5 1 1 0 1 2 2 1 2 2 2 3 2 3 0 2 4 1 3 2 4 2 2 2 1 4 1 1 2 0 3 0 1 2 1 1 4 0 4 0 2 1 0 3 2 2 1 2 4 3 0 1 3 2 2 3 1 0 2 5 2 1 1 0 2 2 1 3 3 0 4 3 1 1 1 5 3 0 2 4 2 2 2 3 1 3 1 1 4 2 3 1 1 5 3 3 1 4 1 2 3 0 2 4 3 3 1 0 2 1 3 3 3 2 5 4 1 2 1 1 2 1 5 3 1 1 0 2 3 2 0 3 6 1 4 4 3 2 0 1 4 3 1 1 4 3 1 0 2 2 0 3 4 1 2 1 0 2 1 4 0 1 1 0 1 1 4 0 3 2 3 2 0 5 1 2 3 0 2 4 1 3 3 1 2 1 3 4 4 0 2 2 0 4 2 0 2 5 2 1 3 1 1 1 4 3 2 1 3 1 1 4 1 3 1 3 0 1 0 3 1 3 5 3 0 3 1 1 3 1 2 0 1 2 4 1 5 1 1 2 2 0 3 0 6 3 1 2 1 0 0 3 2 1 3 4 4 1 2 1 0 2 4 0 1 3 5 6 2 1 3 4 1 1 3 1 1 1 5 1 3 3 1 3 1 1 2 2 1 0 3 0 3 2 0 3 1 3 4 3 1 2 3 2 1 0 1 3 4 3 0 2 1 3 1 2 2 4 1 1 2 0 2 2 2 2 6 3 2 0 2 2 2 2 0 4 1 2 2 1 3 3 3 2 2 1 2 4 4 1 2 0 2 0 1 0 1 2 4 0 4 1 1 5 3 1 2 2 2 2 2 1 2 4 1 1 2 1 2 0 2 1 2 1 2 3 4 1 1 4 4 3 0 1 3 2 1 1 2 1 1 1 2 3 2 1 3 2 4 1 2 2 3 4 5 2 0 1 4 2 3 1 1 4 1 3 4 6 1 0 0 2 1 2 2 6 5 2 5 0 2 3 1 3 3 3 2 2 2 2 1 2 3 1 3 2 3 2 2 3 3 2 3 2 3 0 2 1 1 4 2 2 5 2 2 0 1 2 5 2 2 2 3 4 0 1 3 5 5 1 3 4 0 3 1 2 1 0 1 0 3 2 2 3 2 1 1 2 2 1 0 1 0 2 1 2 2 2 0 4 2 2 1 2 3 1 2 3 1 3 4 1 1 3 0 1 3 2 2 0 1 3 2 1 2 2 0 3 0 1 2 1 1 3 3 3 3 1 3 5 2 2 1 3 2 2 0 3 3 3 1 3 4 1 2 2 6 1 0 2 1 3 1 4 0 3 1 1 1 4 2 4 3 2 1 1 2 0 1 2 1 0 0 1 2 3 4 2 1 3 2 0 2 0 2 0 1 2 0 1 1 3 3 1 0 3 2 1 3 2 2 2 0 2 0 1 2 1 1 1 2 3 4 1 2 2 1 4 3 1 1 2 2 4 0 1 1 2 3 2 1 2 3 1 1 2 1 1 1 2 3 4 3 1 0 0 1 3 2 4 1 3 0 1 0 1 3 0 1 5 1 1 0 4 3 4 3 4 3 0 1 0 0 2 1 3 0 0 2 1 4 5 2 1 4 2 1 2 1 2 1 1 2 4 1 3 2 5 1 3 1 2 2 1 2 2 0 1 0 3 1 5 3 1 2 5 1 1 1 0 2 1 3 3 2 1 0 1 2 4 1 1 1 1 1 2 3 3 1 0 1 3 0 0 2 0 4 2 0 2 0 1 1 1 7 4 3 1 2 1 3 3 1 2 3 2 1 2 3 0 3 4 3 1 0 2 1 3 5 2 0 0 3 2 0 2 1 2 2 4 2 3 2 0 4 2 2 4 3 3 3 0 1 1 2 4 1 4 1 3 0 1 3 3 1 2 2 1 1 3 2 3 5 4 1 1 0 1 1 1 2 5 3 4 1 1 5 1 3 4 0 2 4 3 1 3 1 3 1 0 2 2 1 2 1 4 0 2 0 2 2 1 2 4 3 0 4 0 4 3 2 3 1 3 0 1 0 4 3 5 0 2 1 1 6 1 2 2 4 1 3 0 2 1 5 3 1 1 1 3 2 1 3 2 2 3 3 3 3 2 2 0 1 1 2 3 4 3 2 2 0 2 3 2 1 4 2 2 2 0 3 3 0 1 1 0 2 2 1 3 2 1 3 3 2 0 2 1 0 3 3 2 1 2 6 1 3 2 1 2 4 2 2 1 0 1 0 3 2 3 3 6 1 4 1 0 3 3 4 1 0 3 3 2 4 2 1 2 1 2 2 3 1 5 1 1 6 1 2 2 1 1 3 5 0 3 3 3 1 2 3 0 3 1 1 1 4 3 4 1 3 1 4 2 0 0 2 2 1 2 0 3 3 3 2 1 2 2 2 0 3 1 4 3 3 3 1 5 3 5 2 1 1 0 3 1 4 1 1 3 4 1 2 2 4 1 0 2 1 2 1 2 1 1 0 3 2 4 2 1 0 2 0 0 2 5 1 1 3 3 0 2 2 2 4 3 0 1 1 3 2 2 2 3 1 1 1 3 2 2 2 2 2 2 0 2 1 1 3 3 3 1 2 1 0 1 4 0 4 4 1 2 3 2 1 3 1 4 0 2 1 3 3 1 3 1 1 2 0 6 3 2 2 1 2 1 2 0 2 6 1 1 0 2 1 1 3 3 2 1 3 3 4 3 2 2 2 0 0 2 3 2 0 3 1 1 3 1 1 3 3 1 2 3 1 0 1 1 2 0 0 2 3 2 2 5 1 1 4 2 3 1 3 1 2 1 5 0 3 0 2 1 3 1 5 2 2 2 1 1 1 1 3 3 4 1 2 2 1 2 1 3 0 2 1 1 2 0 3 1 3 2 1 3 1 2 2 0 1 2 2 3 0 0 1 1 3 2 1 2 1 3 0 0 1 1 2 2 1 1 2 3 0 2 2 3 1 0 6 5 1 3 1 3 1 0 7 2 3 6 2 2 1 4 1 3 1 3 1 3 0 0 2 2 2 0 2 2 3 2 3 2 2 2 2 4 3 3 3 0 3 3 2 1 1 1 0 3 1 0 2 1 0 2 2 2 4 1 1 1 0 2 1 3 3 0 1 2 1 2 2 3 0 0 1 2 2 1 0 3 2 1 2 3 5 0 0 3 2 2 2 1 2 3 2 1 1 7 3 1 3 2 3 2 2 3 3 3 2 3 2 0 1 1 0 1 0 1 2 4 2 1 2 3 2 1 1 1 3 4 4 1 2 1 0 2 0 1 3 2 2 2 3 1 2 1 1 4 1 2 2 5 1 1 1 1 1 4 1 4 1 1 2 1 2 1 1 5 3 3 3 3 1 1 1 3 1 5 1 4 2 0 2 2 4 2 3 5 5 0 1 2 1 1 4 1 2 1 1 2 6 3 0 1 1 2 0 2 3 0 2 2 6 3 2 2 0 2 0 4 0 2 3 0 3 1 2 4 2 2 1 3 3 2 4 2 3 1 0 3 7 2 1 2 3 1 1 3 0 1 1 4 2 1 0 4 4 1 4 1 2 2 1 3 4 1 4 4 2 0 1 1 0 0 7 3 4 0 2 2 1 3 0 1 2 2 3 2 1 0 1 2 2 2 2 1 2 2 1 5 2 1 1 0 0 2 2 2 1 0 5 5 2 1 3 0 2 2 1 3 2 2 4 5 1 2 2 0 2 5 3 5 1 1 2 2 0 3 2 2 1 2 3 0 5 1 2 1 3 0 2 6 2 1 1 1 1 1 2 1 2 6 3 1 5 0 1 2 2 6 3 0 1 0 1 6 1 1 4 3 1 1 3 2 1 2 2 2 2 0 0 1 0 4 2 1 6 3 2 0 7 1 1 4 1 2 1 3 3 1 2 2 1 3 1 2 4 0 1 2 2 2 0 0 4 4 3 3 3 3 4 1 1 2 0 2 4 2 3 3 2 2 1 2 5 2 4 1 3 3 0 2 1 1 3 4 4 1 4 2 1 1 2 2 3 2 1 3 0 4 3 2 4 0 0 1 2 1 2 1 1 2 4 1 2 2 1 1 1 1 8 1 2 5 6 0 1 2 2 1 3 2 3 1 2 1 1 2 3 3 2 2 2 1 1 3 4 1 6 1 1 1 1 4 4 1 1 1 1 4 2 1 1 1 1 3 3 0 1 3 3 2 3 3 2 4 0 0 2 2 0 2 0 2 2 2 3 0 1 0 0 2 7 3 1 1 4 1 1 1 5 0 4 1 4 2 2 5 3 2 0 2 1 1 1 4 3 2 0 1 4 2 1 1 2 3 1 3 0 0 5 4 3 3 0 3 2 1 1 1 2 2 2 3 1 1 2 3 1 0 4 1 1 4 3 2 5 4 1 3 4 2 2 0 1 1 1 2 1 2 1 2 1 4 1 2 2 2 3 1 2 1 3 2 1 1 6 0 1 1 0 4 2 2 2 4 0 1 3 0 4 2 1 0 2 0 1 1 1 3 0 1 0 0 3 0 3 1 3 2 1 2 3 7 0 2 1 2 1 1 6 2 2 1 2 2 1 1 3 4 0 2 1 3 3 2 2 1 1 1 2 1 0 2 1 1 3 1 1 2 0 2 2 2 3 2 2 3 4 1 4 0 3 2 3 1 1 2 1 4 3 3 3 2 2 0 1 0 4 2 4 0 2 2 2 1 0 1 4 4 1 3 2 3 3 1 2 2 4 2 1 3 0 1 2 1 3 3 1 3 4 4 2 2 2 1 3 4 0 1 3 3 2 3 4 1 3 1 0 2 2 5 0 1 3 1 0 0 2 6 2 2 2 2 1 3 4 1 2 2 2 2 3 2 4 4 1 1 0 1 3 1 1 1 1 0 3 1 4 2 0 1 3 1 3 3 1 2 2 1 3 4 2 3 0 2 1 1 4 1 5 1 4 1 4 2 0 2 0 2 2 4 0 4 2 4 2 3 2 0 4 2 1 1 0 1 1 2 0 3 1 4 1 2 1 2 2 1 1 2 1 2 2 5 4 3 1 1 1 0 1 1 7 1 2 2 3 5 2 4 1 2 2 1 1 3 2 1 0 5 6 2 1 1 1 4 3 0 3 1 0 0 0 1 2 1 1 3 4 2 0 3 2 2 0 1 3 2 1 1 2 3 0 0 2 3 3 1 2 1 4 4 2 0 1 2 5 0 0 1 1 1 5 0 2 3 3 1 1 6 1 2 4 0 2 5 1 3 2 0 3 2 2 1 1 0 3 3 2 3 2 1 1 1 3 0 5 0 1 1 2 1 2 2 3 1 2 1 2 3 2 2 5 0 1 1 1 2 2 2 1 2 3 6 1 2 6 1 0 3 6 3 1 0 1 1 1 2 3 5 3 2 0 1 1 2 2 1 1 2 3 4 2 0 2 2 4 1 1 1 1 2 2 1 3 3 2 4 2 1 1 3 1 3 2 1 1 1 1 2 1 1 2 2 1 2 1 0 3 0 2 1 0 1 1 3 2 5 2 3 1 0 2 4 3 1 3 1 0 1 1 3 0 3 1 2 1 1 1 2 2 3 3 1 0 1 3 3 1 3 3 2 0 0 2 2 4 2 2 2 4 0 2 1 1 6 5 2 4 1 1 3 1 0 0 3 3 2 0 1 2 2 3 5 1 1 2 2 2 0 2 0 4 1 4 0 1 0 3 3 1 2 3 2 2 0 2 0 5 3 1 3 1 1 3 1 2 1 2 1 4 2 3 1 1 2 2 3 0 5 1 3 2 2 3 1 1 3 1 3 2 2 2 3 2 0 1 0 0 2 2 1 2 1 1 3 2 1 1 2 0 1 1 5 1 2 1 6 2 0 4 3 1 2 3 3 3 1 2 2 1 0 3 0 0 0 3 4 5 1 4 3 1 2 0 2 3 2 2 5 3 1 1 0 2 1 6 0 4 3 3 2 3 0 1 0 1 1 2 3 5 1 3 0 1 0 2 2 1 3 2 3 2 4 2 1 1 3 1 1 2 3 3 3 2 1 2 5 4 4 0 1 1 2 0 0 1 1 2 4 3 3 1 4 2 3 0 1 3 2 3 3 3 0 0 1 4 5 3 1 0 2 0 0 1 3 1 2 3 4 5 2 4 2 2 1 4 1 4 1 2 0 3 1 0 4 1 0 2 4 2 0 1 0 5 4 3 1 1 0 3 4 2 0 2 2 5 3 2 1 2 1 1 3 4 1 4 1 2 2 1 5 1 0 3 2 5 1 0 3 2 1 2 5 1 4 1 3 1 1 4 1 1 1 3 2 1 3 4 3 1 1 4 2 1 3 4 0 4 0 1 1 4 0 2 1 1 1 2 1 4 1 4 0 2 4 3 1 0 0 0 2 0 1 2 4 2 1 4 3 2 0 1 2 4 2 2 3 3 0 1 1 1 1 0 6 1 2 3 2 5 2 2 2 1 1 2 4 1 2 4 1 4 0 1 2 3 0 3 0 1 3 4 3 2 1 1 3 2 1 2 3 1 3 0 0 3 3 0 1 2 3 2 1 2 1 3 5 2 0 0 3 0 3 2 1 2 3 2 2 4 3 4 2 1 0 2 3 1 0 1 1 3 5 4 1 3 5 0 0 2 0 5 1 2 0 0 2 3 4 3 5 0 1 2 2 1 1 3 1 3 2 2 3 0 3 1 2 0 3 2 2 0 2 2 1 1 1 1 1 2 6 2 0 0 6 5 1 4 1 3 1 0 3 0 1 1 3 4 1 2 4 1 1 1 2 1 3 4 3 3 2 1 1 0 3 2 3 2 2 2 1 1 2 2 1 5 3 1 3 0 4 2 1 2 2 1 3 3 2 0 3 2 2 3 1 2 1 0 2 2 1 1 1 1 2 2 1 3 5 2 2 0 2 2 2 4 4 1 0 2 1 2 2 2 1 3 4 2 3 3 3 3 1 3 3 0 0 3 0 2 1 3 2 3 0 1 2 2 1 6 1 0 2 1 4 1 2 2 2 2 2 1 2 3 3 2 3 4 6 1 2 0 1 2 1 0 2 3 5 2 3 6 3 0 1 1 1 1 1 1 2 3 2 3 2 2 2 0 2 3 5 1 3 1 2 5 2 3 1 4 0 3 2 2 0 1 2 3 0 1 3 4 0 2 3 1 2 0 1 1 1 1 2 4 3 3 1 3 1 1 1 4 0 1 2 1 1 1 1 1 0 5 5 3 1 1 2 1 2 1 3 3 3 4 2 2 1 1 0 1 3 2 4 3 0 1 1 0 1 3 2 1 3 2 2 1 2 1 2 3 2 1 2 3 3 4 3 2 1 2 1 1 3 1 1 2 2 2 2 1 2 2 3 1 1 2 1 0 3 2 4 1 2 1 2 2 1 3 2 1 2 1 3 2 3 2 1 3 0 1 1 1 0 2 1 2 5 2 6 0 2 4 1 3 3 1 3 1 1 3 0 3 1 2 1 3 0 2 2 2 1 3 0 0 4 1 3 3 1 2 2 0 2 0 2 2 1 4 3 1 3 3 4 1 1 0 1 1 4 1 3 1 1 2 2 2 1 3 4 3 2 1 0 2 3 1 3 1 4 2 1 2 1 1 4 3 2 2 3 3 1 5 3 1 1 0 2 1 4 4 1 2 3 2 0 2 3 2 2 4 4 1 2 2 1 1 1 0 3 4 2 3 4 1 0 1 3 0 1 1 3 2 3 1 3 1 2 2 4 1 1 3 2 1 0 3 3 1 1 4 1 1 1 2 2 3 4 3 2 4 4 0 1 0 3 4 3 3 3 3 4 1 1 4 2 1 0 1 4 6 3 1 2 1 2 2 2 1 4 0 1 2 4 1 1 2 1 3 1 1 2 4 5 1 5 3 1 2 4 0 2 3 2 1 1 3 1 1 3 1 3 2 1 0 1 0 4 2 0 2 1 1 1 1 0 3 1 4 3 3 3 0 0 2 2 2 1 2 3 1 3 6 1 3 2 0 3 0 4 3 1 3 4 2 0 3 2 3 1 2 1 0 1 2 3 2 1 2 1 0 1 0 0 2 3 2 4 2 0 1 0 1 3 2 0 0 3 3 2 0 0 5 1 2 0 0 1 4 1 3 3 1 2 4 0 2 1 1 1 3 1 1 3 3 5 2 1 0 1 2 2 2 1 1 1 0 3 2 2 3 3 1 0 2 2 0 2 4 0 2 3 3 4 4 1 2 1 1 1 0 3 4 4 2 3 1 1 1 0 0 3 0 2 1 3 4 4 2 0 1 2 4 3 2 1 3 2 1 1 2 1 0 1 0 1 1 2 2 3 5 6 0 1 0 2 1 1 2 1 0 1 3 2 3 2 2 1 2 2 3 2 3 1 3 1 5 2 4 1 1 2 3 1 1 2 2 0 4 1 0 4 3 2 2 1 0 1 1 1 3 3 0 1 3 2 2 4 1 1 1 3 3 1 1 0 2 2 4 2 1 3 1 0 0 0 0 5 2 4 2 3 1 0 3 0 1 1 1 4 3 0 0 0 2 1 2 3 1 0 2 3 0 3 1 3 0 3 5 2 1 1 1 2 1 3 1 2 2 1 3 3 2 1 2 2 2 0 0 3 3 2 0 1 4 4 0 2 2 2 4 4 1 3 1 2 2 0 3 0 2 0 1 3 1 3 2 2 2 2 4 2 1 0 3 3 1 3 1 1 1 3 3 3 1 1 5 5 0 1 1 0 3 2 0 3 1 4 1 2 3 1 3 0 3 2 1 2 1 0 5 4 2 2 1 3 0 2 1 0 1 2 4 3 2 1 3 0 1 1 2 2 0 5 3 2 0 2 2 2 0 1 2 4 4 3 1 1 8 5 1 1 3 0 1 0 2 2 5 4 1 3 2 4 1 1 2 0 1 0 1 4 2 0 2 3 3 1 3 4 0 3 3 2 2 2 2 3 4 0 1 2 1 1 3 5 3 4 2 4 1 0 0 5 2 2 1 3 0 2 1 2 1 2 3 3 5 0 2 3 0 0 3 2 3 2 2 3 2 2 1 3 1 0 0 0 2 3 1 7 2 1 1 0 2 2 2 3 4 2 3 6 4 4 2 1 2 2 1 0 1 2 2 2 1 5 0 2 4 0 3 1 5 3 3 2 4 3 4 2 1 2 1 0 1 2 3 2 3 1 2 4 4 0 0 2 2 2 2 1 4 0 1 4 2 1 0 2 1 1 0 1 0 0 1 1 2 1 3 2 3 4 2 0 1 0 2 1 4 2 0 1 1 3 1 2 3 4 6 0 1 3 0 0 3 3 1 4 2 1 2 2 3 4 0 1 4 1 1 1 1 1 3 0 3 1 1 3 2 1 2 2 3 4 0 1 0 1 2 2 1 2 3 0 6 3 5 2 2 1 1 0 2 2 2 2 2 2 1 3 1 3 1 0 2 0 2 4 2 1 0 1 4 2 1 3 1 6 1 3 0 1 2 1 4 1 1 0 0 0 4 0 2 2 3 1 3 1 2 1 3 3 3 1 1 2 1 5 4 3 1 2 3 3 1 0 1 2 2 2 0 2 2 1 2 4 2 0 1 1 1 0 3 0 2 0 0 2 2 1 5 3 3 3 3 2 1 1 2 2 3 0 0 3 4 0 2 3 2 0 1 3 4 4 2 3 2 1 1 3 3 2 2 4 1 3 3 2 1 2 2 4 3 3 3 1 1 2 2 2 0 1 5 2 4 6 1 1 4 0 2 2 1 2 1 3 3 1 0 2 1 1 1 1 3 2 0 5 0 2 0 1 2 1 2 1 3 3 0 1 2 3 3 1 2 2 4 4 1 0 3 3 3 0 1 3 3 2 0 1 2 0 1 2 1 0 5 3 0 3 2 2 1 1 2 3 3 3 1 0 3 1 5 0 3 4 2 2 0 1 2 4 1 3 2 3 2 0 1 3 1 3 0 4 1 3 2 0 0 6 2 3 0 3 5 2 2 0 3 2 0 3 2 1 2 2 0 2 2 3 2 1 0 2 2 6 3 3 1 2 0 2 1 2 1 2 2 2 3 4 3 3 0 3 2 1 3 2 1 2 2 1 2 1 5 3 0 1 0 0 2 2 1 2 3 1 2 3 1 2 1 1 1 4 2 2 2 1 1 2 0 1 2 2 3 2 3 2 0 2 1 2 1 2 0 1 1 3 1 3 1 2 2 5 2 5 2 2 2 1 2 3 2 2 2 2 1 2 3 2 2 1 0 4 3 1 3 2 5 0 3 6 3 3 2 2 1 4 0 0 3 1 0 2 2 1 3 2 3 3 3 4 1 1 4 2 3 0 2 1 3 5 2 1 1 2 0 3 0 2 5 4 2 2 1 0 3 3 1 2 3 0 0 4 0 0 5 2 2 1 2 4 5 6 1 1 1 0 0 1 4 3 3 2 1 0 0 1 2 1 3 2 4 1 5 5 0 2 2 2 0 1 2 3 3 2 0 4 0 1 2 2 4 2 2 2 4 1 2 1 2 3 3 1 3 2 1 4 1 0 0 5 0 2 3 0 1 2 3 1 1 0 3 1 2 1 0 3 3 0 1 3 2 3 1 3 1 7 3 3 0 3 0 2 3 2 3 1 1 6 2 0 3 1 4 2 2 0 4 2 2 2 2 2 2 4 1 0 1 5 1 6 0 4 1 4 0 1 3 1 1 2 3 4 0 2 1 0 2 4 1 3 0 0 0 5 3 1 1 1 0 0 3 4 1 1 1 3 1 2 2 4 3 1 0 4 0 2 5 2 2 4 1 1 1 0 4 3 2 4 1 3 4 2 1 0 1 2 1 3 1 2 2 1 1 2 1 1 3 2 2 3 3 1 2 1 1 2 2 1 1 5 2 2 2 3 3 1 1 2 0 0 2 0 2 4 4 2 3 2 1 5 4 1 3 0 1 1 3 1 2 3 3 1 0 2 4 3 1 2 5 2 2 4 1 0 3 0 0 1 3 3 1 4 2 1 1 5 1 4 2 4 1 1 1 1 1 3 2 4 1 3 2 0 4 1 3 1 2 2 2 1 1 4 0 3 0 1 3 0 1 4 1 3 1 3 1 5 3 1 2 1 0 2 1 2 6 2 0 2 1 0 2 4 1 1 2 3 2 1 2 2 0 1 2 2 1 1 2 1 4 3 3 1 2 2 6 2 0 3 2 3 2 1 1 2 0 0 1 1 3 2 4 1 3 4 2 2 1 3 0 2 2 1 4 0 2 2 2 3 2 3 3 5 3 1 1 1 1 4 0 2 2 2 1 1 3 0 2 2 2 1 6 1 1 1 1 2 1 6 4 0 2 1 0 2 1 3 3 3 1 3 2 0 2 2 2 0 3 2 3 2 0 2 5 2 1 3 0 1 2 2 1 3 1 1 4 2 2 2 2 3 3 1 1 2 1 2 2 3 1 2 3 1 1 1 1 1 3 3 2 4 1 6 4 2 1 1 4 2 6 2 2 3 0 1 2 1 0 3 3 1 4 3 3 2 1 1 1 3 1 1 1 1 1 1 2 1 2 2 2 1 3 0 4 4 1 2 3 1 2 4 1 5 3 3 2 3 2 1 1 4 2 2 1 2 4 1 1 0 3 1 3 2 2 0 1 2 1 1 0 5 0 0 2 2 3 1 1 2 3 4 2 2 5 1 3 2 1 1 2 1 2 5 2 2 5 3 2 1 2 2 1 1 2 2 1 1 3 3 1 2 2 0 0 1 1 2 0 0 1 3 0 1 3 1 0 2 3 5 3 1 2 1 2 2 1 1 1 4 0 0 4 1 3 2 2 2 2 2 2 1 2 5 2 1 4 1 1 2 3 1 2 2 0 1 2 3 1 0 2 1 3 2 2 0 2 4 1 2 0 2 0 3 3 3 4 2 2 1 1 1 3 2 2 0 3 2 2 1 2 3 2 4 1 2 2 5 4 1 1 0 2 0 1 0 3 4 3 4 1 2 0 2 1 3 2 4 5 3 2 1 1 0 2 1 3 2 4 1 1 2 3 1 4 0 2 1 3 3 1 3 2 1 4 2 1 2 2 0 3 3 0 2 1 5 1 2 1 2 0 1 2 5 3 4 1 0 3 1 3 1 3 6 2 1 1 0 5 3 1 3 1 3 2 1 4 3 0 0 2 3 1 3 3 4 1 2 2 3 4 2 0 1 3 2 0 2 5 1 4 3 0 0 1 2 4 3 4 4 0 1 0 1 1 2 0 1 2 1 3 3 3 3 2 4 0 4 1 1 1 4 3 3 1 1 4 1 1 1 1 3 1 1 1 2 3 2 2 2 2 3 2 1 2 0 1 3 2 1 5 1 2 1 1 1 3 0 6 2 3 0 2 2 5 2 4 1 0 1 2 3 1 0 4 3 2 1 3 2 1 3 5 3 2 0 0 1 2 2 0 1 1 1 1 4 2 4 0 2 2 2 2 0 2 5 1 4 2 2 0 3 2 4 1 0 1 2 1 3 2 2 2 0 1 2 1 2 1 3 2 2 1 4 2 1 1 1 5 2 0 3 1 2 0 4 2 4 1 1 1 3 3 1 3 3 1 0 3 3 0 1 2 0 4 2 1 0 3 1 1 3 3 0 0 2 3 3 2 0 2 2 1 2 1 1 0 3 0 2 1 3 0 1 2 3 0 0 1 3 0 2 2 2 1 1 3 1 4 1 2 2 2 2 3 4 3 0 1 1 2 5 1 4 3 1 0 0 4 1 4 3 4 3 2 0 6 1 2 2 1 1 1 4 2 0 2 2 2 3 0 2 1 1 2 3 3 2 3 1 1 2 1 2 2 3 1 3 2 1 0 2 2 2 3 1 2 0 3 4 1 1 1 3 1 2 2 0 1 3 2 4 3 2 2 2 4 3 2 4 0 2 2 1 4 5 0 2 3 3 2 0 4 1 2 1 1 3 4 1 2 3 3 4 1 2 1 1 1 1 4 5 4 0 1 0 3 2 1 4 4 3 2 1 1 1 2 2 0 1 3 2 1 5 3 4 1 1 1 0 5 2 1 0 3 1 1 0 1 0 2 1 1 2 4 1 1 0 2 1 1 1 2 1 2 1 0 1 2 3 0 1 1 2 2 1 4 1 1 3 0 1 2 2 3 3 3 1 1 3 1 3 2 3 2 1 1 0 1 1 3 2 4 0 2 1 1 3 2 1 2 2 2 2 1 3 3 2 1 6 2 0 1 1 3 0 4 3 4 1 2 1 3 1 1 0 0 0 0 3 2 3 2 4 3 5 1 3 2 1 1 3 3 4 2 0 5 2 3 1 0 3 1 1 4 3 3 2 2 1 0 3 1 1 2 4 3 0 2 3 2 3 3 2 1 1 2 2 3 3 2 2 3 3 0 3 3 1 1 0 3 3 2 2 3 1 3 1 2 3 2 0 1 4 3 1 3 1 3 2 2 3 3 4 4 6 4 1 1 0 3 1 1 1 5 2 2 1 0 3 4 2 0 3 1 1 4 2 0 1 4 2 2 3 2 4 2 2 1 5 3 2 2 3 0 0 0 1 1 2 3 1 1 2 2 0 1 1 3 3 1 2 2 3 3 0 3 1 4 3 2 3 1 3 1 2 2 0 2 0 1 6 0 2 3 1 3 1 1 3 0 1 1 3 1 2 3 1 3 2 3 0 0 2 1 5 2 2 3 2 1 4 3 5 5 1 2 4 1 3 1 4 1 3 1 0 3 1 3 4 2 4 2 2 1 1 2 4 2 1 1 2 5 1 2 3 3 3 4 3 3 0 0 1 1 0 4 2 0 1 1 2 2 2 3 0 0 2 3 0 2 5 1 3 2 1 2 3 1 2 2 2 4 0 3 0 0 1 2 2 3 2 3 2 4 2 3 0 3 1 6 1 2 2 3 2 2 1 1 2 3 6 2 1 1 5 1 2 2 2 2 3 2 1 2 1 4 1 2 0 1 1 1 2 1 5 2 0 2 1 2 1 7 2 1 0 4 4 0 1 2 3 1 0 0 1 1 1 4 1 0 4 1 0 1 2 2 1 2 3 0 1 1 1 2 1 1 3 5 2 0 1 3 1 2 3 3 1 0 4 2 3 2 2 1 1 0 3 3 1 1 1 4 1 0 4 0 1 1 3 0 2 2 2 1 3 2 3 5 2 5 1 3 3 2 1 1 2 0 3 1 0 2 2 1 0 4 1 2 0 2 2 2 2 3 2 1 2 2 3 3 4 0 2 1 2 0 3 3 0 0 3 1 2 0 1 1 3 4 1 3 2 3 0 1 3 2 3 0 2 4 2 2 2 1 0 1 2 0 2 4 2 4 3 1 2 3 2 1 2 3 2 1 3 2 0 4 2 0 2 2 2 1 2 2 1 2 2 0 3 4 0 4 4 3 1 0 2 2 2 0 2 3 4 2 2 3 2 4 2 0 1 1 1 3 3 3 2 1 4 4 3 0 1 1 3 7 1 1 2 2 1 1 1 1 0 7 2 1 0 3 2 4 0 1 3 2 0 3 0 3 2 2 0 1 1 3 1 3 2 3 2 2 0 2 0 2 3 2 3 2 3 1 2 1 2 2 5 3 5 1 2 1 2 3 3 1 2 1 0 3 4 1 1 1 1 4 1 1 5 1 3 0 2 2 0 1 3 1 2 1 3 4 0 1 3 1 4 0 3 0 2 1 1 1 3 3 1 5 2 4 3 2 3 0 3 1 0 0 2 2 0 3 2 0 2 1 0 0 2 2 1 2 3 1 2 5 1 2 3 1 1 4 2 4 4 3 5 2 0 1 1 2 4 3 1 2 0 0 1 2 1 2 1 2 1 1 3 1 1 4 2 2 2 3 2 1 2 2 2 4 3 4 1 0 1 2 2 3 2 1 2 3 1 1 1 1 1 0 2 3 1 4 4 2 2 1 3 1 2 1 1 2 3 0 2 2 1 4 3 3 1 2 0 0 1 1 3 7 2 4 1 0 3 0 0 5 3 2 3 2 1 1 0 2 2 3 0 0 0 2 2 0 5 2 0 1 2 2 3 3 3 2 0 1 3 0 2 4 2 2 3 1 1 2 5 1 5 1 0 1 1 3 1 1 2 2 2 2 3 1 1 1 1 5 1 1 2 3 3 2 0 2 1 3 4 0 2 7 5 0 6 0 2 2 2 1 1 1 3 5 6 2 3 1 3 3 3 1 2 4 1 1 1 3 1 1 4 2 3 2 2 3 2 1 1 0 2 2 1 2 3 2 4 0 1 2 1 3 3 0 2 3 1 1 3 3 4 5 1 3 1 3 3 1 2 1 3 4 2 3 1 3 2 1 3 1 1 1 1 4 2 7 1 0 1 3 2 2 1 3 3 3 2 3 3 2 1 4 5 2 2 0 4 1 0 2 1 0 1 0 4 3 2 2 0 4 2 2 3 3 2 2 0 2 2 1 2 1 4 2 1 1 4 2 5 1 1 1 2 1 2 1 3 3 2 2 4 0 3 0 3 4 2 1 4 1 2 0 3 1 3 1 0 1 1 0 5 3 4 5 2 2 1 2 1 5 2 2 1 3 5 2 1 2 3 3 3 1 1 0 0 3 4 7 2 2 3 2 5 3 3 0 2 2 1 2 1 2 2 2 3 1 2 0 3 4 1 3 1 3 0 1 3 1 5 3 3 3 3 3 1 1 0 3 1 1 3 2 1 5 1 3 0 0 2 3 3 3 1 4 0 1 2 3 3 4 1 2 4 2 3 1 1 2 1 4 3 2 1 2 2 2 2 0 2 2 3 3 0 2 3 1 5 1 0 0 2 1 0 0 3 1 1 3 2 3 3 3 3 3 2 2 1 2 2 0 0 4 2 0 2 1 2 2 2 3 1 4 1 0 0 4 1 1 1 2 2 2 1 0 2 3 2 2 0 3 2 2 2 2 1 2 2 4 1 2 2 3 3 1 0 1 0 1 7 5 1 3 2 2 2 1 2 2 1 1 1 1 3 0 0 2 1 3 4 2 1 2 0 2 3 2 2 4 0 5 1 2 3 2 2 1 0 2 4 0 3 2 0 1 2 1 1 2 2 2 2 1 1 2 0 1 2 4 5 2 3 1 1 0 6 4 2 2 1 1 7 0 1 0 2 1 5 1 1 2 1 2 1 2 4 3 1 2 0 0 5 1 0 2 0 2 1 3 2 2 7 3 2 1 2 1 0 3 3 1 1 1 2 3 3 2 1 2 0 3 3 0 3 2 4 2 3 5 3 2 0 5 1 3 4 0 2 2 0 1 2 1 3 2 0 3 2 2 1 2 3 3 4 2 2 3 2 3 3 3 1 1 2 3 3 1 2 2 2 1 3 1 1 5 1 3 0 4 1 4 1 3 3 2 4 1 4 1 1 1 0 0 2 3 1 1 2 1 2 1 3 6 2 2 1 0 0 2 0 3 3 1 2 3 6 2 4 0 4 4 2 3 2 3 2 1 3 0 5 1 0 2 4 0 2 1 5 2 3 0 0 3 2 0 2 0 1 2 3 1 2 2 0 1 3 0 1 2 1 4 2 1 2 3 3 2 1 5 1 3 2 2 3 1 3 2 3 4 1 1 3 1 1 0 0 1 2 0 3 2 2 2 0 2 1 4 2 1 4 6 1 2 3 0 1 2 3 4 2 0 2 1 2 1 2 1 1 4 2 3 3 2 1 2 1 0 1 0 1 0 1 4 1 3 2 1 1 1 3 0 1 4 0 0 4 3 1 1 1 3 2 3 2 5 4 0 1 2 0 2 1 1 3 2 2 2 3 2 3 1 0 6 2 1 2 1 0 1 1 1 1 1 4 2 3 2 1 7 0 4 4 2 0 2 1 1 0 1 2 3 2 1 3 1 1 1 1 0 1 3 2 4 2 0 1 2 5 1 1 0 5 2 3 1 2 4 3 2 1 4 1 2 1 4 1 1 5 3 4 1 1 0 2 3 3 3 4 1 3 1 2 1 0 1 4 1 1 0 2 4 4 3 2 2 0 1 3 1 1 1 5 1 2 2 3 3 1 2 1 3 3 1 2 1 3 2 3 0 1 1 2 3 3 3 2 1 2 2 4 5 1 2 4 4 1 1 1 0 0 1 1 2 2 4 0 2 1 5 1 3 2 2 0 4 0 3 4 1 0 1 1 2 6 0 3 2 2 2 2 4 0 2 1 4 0 1 0 1 1 2 3 2 2 1 5 1 1 0 1 1 0 2 3 1 6 2 4 4 0 0 1 0 2 4 3 4 2 2 2 3 0 1 2 1 3 2 2 2 0 2 1 3 3 0 2 4 2 1 2 1 1 1 0 4 2 4 2 0 5 2 1 1 0 2 3 2 1 2 1 2 5 0 2 0 4 0 2 4 4 1 2 1 2 1 2 1 0 4 3 3 1 2 0 1 0 3 0 3 3 0 1 1 2 1 6 3 0 2 4 1 3 1 3 1 1 1 3 0 2 0 1 1 3 2 1 3 3 0 4 2 2 2 1 2 2 2 4 0 0 2 3 3 2 1 3 2 3 0 0 1 1 1 4 3 1 1 2 1 0 1 5 4 2 1 3 6 1 2 2 1 1 3 5 0 3 1 5 3 0 1 0 0 2 6 0 2 1 2 1 1 2 1 1 0 2 2 3 2 3 1 2 1 0 2 1 3 3 7 2 1 1 0 5 2 0 1 0 1 3 2 4 1 2 1 0 2 3 3 2 1 0 2 2 2 4 1 1 3 2 2 2 1 1 2 2 5 4 1 1 2 3 1 1 2 2 4 5 5 1 1 2 1 1 2 3 3 4 2 2 2 1 4 2 3 1 5 1 4 7 1 0 0 0 0 2 3 2 2 1 0 7 0 3 1 0 2 2 3 2 1 1 4 1 2 0 1 2 0 1 4 3 3 2 0 0 2 2 2 5 1 3 2 1 1 1 0 4 2 3 1 2 4 1 4 2 3 2 1 2 0 1 2 3 1 1 0 0 2 3 3 3 3 1 0 5 0 2 3 1 2 1 2 3 2 0 2 2 1 2 2 2 1 2 2 1 5 3 3 1 2 0 2 2 3 1 2 2 3 3 2 3 1 1 0 2 1 3 2 0 2 2 2 1 1 5 1 2 0 2 5 4 1 4 1 2 0 1 2 3 3 2 2 3 0 2 0 1 2 2 1 1 0 2 3 3 3 2 2 1 5 1 3 3 4 2 1 1 2 0 1 1 3 2 2 0 1 0 2 3 0 2 2 4 3 0 0 2 3 1 0 3 2 4 1 3 4 6 7 3 4 1 1 1 2 0 2 1 3 1 3 3 2 3 3 0 1 0 4 1 2 2 2 0 3 1 1 1 3 1 1 1 2 4 2 1 3 1 2 1 1 2 0 1 3 5 1 0 1 2 3 1 4 3 1 0 2 2 4 2 3 3 2 0 2 1 2 3 0 2 2 3 0 3 3 1 1 1 1 1 6 5 1 1 3 1 0 0 2 2 2 1 1 2 5 1 2 2 1 2 3 1 3 1 2 4 3 1 0 1 1 1 2 1 3 1 4 1 0 3 0 3 5 2 2 2 1 2 1 1 1 1 1 0 2 4 2 4 4 4 1 1 2 0 1 1 2 2 2 3 3 2 1 1 3 4 3 1 1 1 1 0 4 2 1 1 0 2 2 0 2 1 1 2 4 2 2 0 5 2 1 1 1 4 0 2 1 3 2 2 1 4 2 3 0 1 3 3 1 3 6 1 3 1 2 1 3 2 1 2 5 0 0 2 0 1 5 5 0 4 5 1 1 4 2 2 1 2 4 0 5 0 0 2 0 2 2 6 2 1 2 1 0 0 2 2 1 1 1 1 1 4 5 1 5 1 3 1 1 1 3 2 1 1 3 1 2 2 2 0 3 2 4 2 0 4 1 3 1 3 3 3 1 1 2 4 1 2 4 1 1 2 0 1 1 2 4 1 1 2 5 3 1 2 0 4 2 2 2 2 3 3 2 1 1 0 4 2 2 2 4 2 1 3 2 3 2 3 3 0 1 0 0 5 2 1 4 0 0 2 3 1 1 0 4 3 1 2 3 1 0 3 3 2 3 1 6 5 4 0 2 1 2 5 1 2 0 1 0 2 0 3 1 6 1 0 1 2 1 2 1 2 1 1 3 5 3 0 0 2 2 0 5 3 2 1 1 1 5 1 4 0 0 1 3 3 1 1 3 2 1 2 3 0 0 3 3 2 1 2 2 3 2 3 1 1 3 2 2 3 1 0 1 1 1 0 1 1 2 2 4 4 1 2 1 1 0 3 2 1 3 2 0 1 3 1 1 1 3 1 2 3 1 3 1 1 3 2 2 2 0 1 2 4 2 0 1 2 3 2 1 3 0 3 3 2 1 6 0 2 2 2 3 2 1 1 4 0 3 2 3 1 1 2 4 1 1 0 4 1 3 2 4 1 2 2 4 1 3 2 4 2 2 0 2 1 2 2 1 1 2 1 1 2 2 2 3 3 3 1 0 1 2 3 2 1 1 2 1 6 2 3 1 4 4 3 1 2 2 2 0 3 2 1 3 2 1 0 2 1 1 1 5 2 0 2 1 2 0 5 2 2 2 2 2 1 1 2 1 3 0 3 1 2 5 3 0 1 0 2 1 0 2 3 0 5 0 1 2 3 0 1 4 3 2 1 3 3 1 2 3 2 2 3 1 0 0 0 3 1 2 1 1 0 3 1 1 1 3 3 1 1 4 1 2 0 2 1 2 5 3 2 1 3 4 0 2 1 1 4 3 2 1 3 0 5 3 1 0 2 3 2 3 6 0 1 5 4 3 4 2 1 1 2 3 2 0 1 3 0 4 0 1 1 2 1 0 2 1 5 3 2 3 2 3 1 0 2 1 2 6 0 2 3 2 2 3 1 2 6 1 2 5 1 2 2 1 2 3 3 1 2 4 1 1 2 2 3 7 1 3 0 5 1 1 2 1 3 1 1 2 1 1 3 2 6 2 0 1 3 3 2 3 5 2 2 2 4 0 0 1 1 2 1 1 1 0 1 0 2 4 2 4 2 2 0 1 4 2 5 0 3 0 0 2 3 1 2 0 3 1 4 1 2 1 3 2 3 2 3 1 1 4 2 1 0 2 2 4 2 3 1 0 4 5 4 1 1 1 1 4 2 3 0 4 2 5 3 2 3 0 2 5 1 0 1 3 3 1 5 0 1 3 2 1 1 1 1 2 3 2 3 4 1 1 5 3 2 2 3 0 2 4 0 0 4 1 2 3 4 1 2 1 3 1 1 2 1 2 2 3 0 3 2 1 0 1 4 2 0 4 4 1 1 4 0 2 1 3 2 0 0 3 1 0 5 1 1 3 1 1 1 0 3 3 1 3 3 6 0 1 3 4 1 2 2 2 3 0 2 2 2 0 2 3 1 2 1 2 3 0 0 2 3 1 4 1 2 4 0 1 2 4 3 0 1 3 2 2 5 1 2 1 1 3 0 2 1 4 3 1 0 2 1 3 0 1 2 2 5 2 1 2 1 1 0 3 5 0 3 1 3 3 0 2 1 1 1 0 6 2 5 4 3 1 2 1 2 0 3 2 0 1 2 2 0 4 3 0 2 2 4 3 0 3 5 2 2 2 2 3 3 2 2 3 0 3 2 0 0 3 3 2 2 2 0 1 0 3 1 2 3 1 3 5 2 1 2 0 0 2 1 4 2 1 2 2 4 0 2 3 2 5 2 2 1 5 2 1 3 2 1 1 2 4 2 0 4 1 1 2 1 4 3 3 1 1 2 3 1 1 3 1 2 3 2 2 2 0 4 1 2 2 2 3 0 2 0 1 3 3 0 3 0 2 2 0 2 3 4 1 4 0 0 2 5 3 2 1 1 1 3 0 2 5 2 6 2 2 0 1 3 1 2 1 3 2 1 2 3 1 3 1 1 3 1 1 2 0 4 0 3 1 4 4 1 4 2 1 3 1 0 2 4 1 4 2 1 3 3 1 1 1 3 1 3 1 2 4 3 3 0 3 3 1 3 1 1 5 2 2 0 3 5 0 3 2 2 1 4 4 1 5 1 3 2 1 5 2 1 4 2 1 1 2 4 2 1 2 2 3 0 3 1 1 0 3 1 3 2 4 1 4 3 1 2 0 1 4 5 0 1 1 3 1 0 0 3 2 4 1 0 1 2 1 3 2 2 0 3 3 3 1 1 1 1 2 2 1 2 2 2 3 2 2 2 1 0 0 3 2 2 1 1 2 3 1 0 2 0 1 0 2 1 4 3 1 2 2 3 2 2 5 1 2 3 3 3 1 0 0 3 3 4 1 4 3 3 0 2 0 1 1 1 1 3 2 3 0 3 1 2 4 4 1 3 0 2 1 3 1 3 0 4 1 1 1 2 5 0 0 3 4 3 2 0 2 0 1 2 2 7 1 3 2 3 3 2 1 1 0 1 1 1 0 2 2 1 0 2 3 3 2 2 4 1 1 0 4 2 2 1 3 1 1 0 4 2 1 1 1 4 5 3 0 1 2 3 1 3 5 1 2 4 1 1 2 1 1 2 2 2 2 0 0 0 0 3 2 4 7 1 0 4 2 0 2 1 0 4 2 1 2 5 1 3 2 2 2 0 3 4 1 2 5 2 1 3 3 2 0 2 3 0 3 2 2 3 3 0 1 0 1 2 3 4 2 2 3 3 3 0 2 2 1 0 2 0 4 2 2 2 2 4 4 3 1 3 1 1 5 5 1 1 0 0 2 3 2 1 2 5 5 2 4 0 1 2 1 0 2 1 1 1 2 3 2 0 2 1 2 2 1 1 3 1 1 2 0 1 1 7 3 2 2 1 1 2 2 2 4 2 3 0 2 1 1 1 1 4 1 2 1 3 1 2 3 3 2 1 1 1 2 4 6 1 1 3 3 3 0 1 2 0 2 4 1 1 1 1 1 1 3 2 1 2 3 2 1 2 0 3 2 2 0 1 1 1 5 4 2 1 2 1 2 1 0 1 0 2 2 1 2 2 3 2 1 0 2 2 0 5 2 2 2 2 1 1 3 2 2 0 1 1 5 2 1 2 1 2 0 2 1 2 4 3 1 1 1 1 4 2 1 1 3 2 0 3 1 1 1 0 7 2 1 1 2 3 2 1 1 3 2 3 2 2 5 0 3 3 3 0 2 2 2 3 4 2 1 2 0 2 3 0 1 2 1 0 4 1 1 2 2 5 2 1 3 2 2 2 1 1 3 1 0 4 1 4 3 2 2 0 1 3 5 0 1 4 1 3 2 1 0 3 0 0 3 4 2 2 0 2 3 1 4 3 1 0 3 4 4 1 1 4 0 3 2 3 0 1 1 2 3 5 2 1 4 1 3 2 2 2 1 1 2 4 3 0 3 3 1 0 1 1 2 2 0 1 3 2 3 0 2 5 0 1 1 5 2 4 2 1 3 4 3 2 3 1 1 0 0 6 2 2 1 3 2 0 2 0 0 1 3 2 3 1 4 0 2 4 1 2 1 2 0 2 0 5 1 2 3 3 0 3 3 5 2 1 2 1 2 1 3 1 4 3 2 2 1 3 0 4 2 2 3 0 2 2 0 1 5 1 2 1 2 0 4 4 0 2 2 3 3 0 0 2 4 0 2 1 2 3 1 0 0 2 0 1 2 3 3 1 1 4 0 0 2 1 3 0 3 2 1 3 0 1 3 1 2 1 0 1 2 3 4 2 1 2 3 1 2 0 2 4 4 3 3 1 1 1 0 1 4 4 1 1 1 1 4 3 4 3 2 2 1 0 1 4 0 1 1 1 5 0 6 1 2 2 2 1 3 0 1 2 1 3 2 1 2 2 3 2 3 3 1 2 1 0 2 3 2 1 2 1 4 0 2 4 1 3 1 0 6 1 1 1 3 0 1 1 2 3 2 3 1 3 2 2 0 1 0 0 3 2 1 3 2 2 2 1 6 0 1 2 2 0 1 1 1 0 2 1 0 3 4 2 1 7 2 0 3 1 0 0 1 2 2 2 4 2 2 3 0 1 1 2 1 2 2 0 0 4 4 1 1 2 1 2 5 1 3 3 1 0 3 0 2 2 7 2 3 1 3 0 2 2 2 2 3 4 6 1 2 1 2 1 1 5 3 2 1 3 1 5 1 2 0 3 3 1 2 2 3 3 4 2 3 0 2 1 2 3 3 2 2 1 3 2 1 1 2 2 1 3 3 1 4 1 3 1 2 2 3 2 1 0 3 1 2 4 0 0 1 6 6 0 3 4 1 2 3 2 2 1 0 1 2 5 2 2 1 2 1 4 1 3 0 0 1 2 4 0 6 0 1 2 0 0 1 4 2 4 1 1 0 1 1 3 0 2 1 5 4 1 2 3 3 1 1 3 0 6 3 2 2 1 6 0 2 2 0 1 1 3 2 0 1 0 1 1 3 1 1 2 2 3 1 3 1 3 4 1 1 4 3 1 1 1 1 1 1 2 4 2 1 1 2 2 2 3 1 1 3 1 1 0 1 1 1 1 0 2 1 2 0 2 5 5 3 1 2 1 4 2 1 4 2 2 3 3 5 2 0 2 2 3 2 0 4 3 5 1 2 2 1 0 2 0 1 1 3 2 2 2 1 0 3 7 1 0 3 4 1 2 1 5 2 2 1 1 2 0 1 3 1 1 0 1 3 4 2 3 0 3 1 2 2 0 4 2 0 2 3 1 3 1 0 1 2 4 2 1 4 4 1 1 1 5 2 0 2 1 1 3 4 2 2 2 1 2 4 2 3 1 0 0 4 0 3 2 2 3 0 2 3 3 2 4 2 1 4 1 0 1 1 0 4 2 2 3 2 3 3 1 2 4 2 2 2 2 0 3 1 5 1 2 7 1 3 2 3 4 1 3 1 2 5 4 2 3 4 1 0 1 5 3 1 2 4 3 2 0 2 2 1 1 1 3 2 4 2 4 2 1 1 1 2 1 1 0 1 1 2 0 2 2 4 2 3 1 4 1 0 1 2 2 4 1 2 3 0 1 7 2 1 2 2 1 3 1 0 2 1 1 3 2 3 0 0 2 2 1 2 3 0 2 5 1 2 0 0 2 2 4 3 2 3 1 5 2 3 1 2 5 3 0 1 2 0 2 1 2 2 1 2 4 3 0 2 3 4 2 1 1 1 2 2 3 1 2 2 2 2 2 2 0 3 0 2 2 1 3 1 2 4 1 2 1 2 0 2 3 3 4 1 1 0 0 2 1 3 2 2 1 3 3 1 1 2 0 2 3 1 1 0 1 3 1 1 4 2 0 2 1 5 2 1 1 2 4 2 3 1 0 1 2 4 2 1 1 3 2 2 1 0 7 2 4 1 2 0 1 1 1 2 4 5 1 2 1 1 3 0 0 2 2 2 3 2 3 4 0 0 1 1 2 0 3 4 1 3 3 3 1 0 2 0 5 2 2 2 7 2 3 0 2 1 4 0 3 3 4 3 2 1 4 0 3 3 1 3 1 2 3 0 3 2 3 3 2 3 1 1 2 1 2 2 1 1 0 4 1 1 1 0 2 0 1 1 0 3 2 2 1 3 4 2 2 2 2 0 4 0 2 0 3 4 1 2 2 3 4 2 1 1 2 3 2 2 3 2 1 1 0 1 3 1 0 4 1 1 3 3 3 1 1 2 1 2 2 0 2 2 2 2 5 3 2 2 3 2 4 1 2 1 2 5 1 3 2 2 2 1 2 1 5 1 4 1 1 2 2 0 3 4 3 0 2 5 1 2 1 2 0 3 3 2 5 0 2 1 1 2 1 1 1 4 4 1 2 1 3 2 2 2 1 0 3 1 2 3 1 2 3 4 0 3 0 2 2 1 6 3 2 1 3 1 0 0 1 3 2 4 3 2 3 3 1 1 4 2 0 1 2 4 1 3 3 2 0 2 3 2 2 2 2 3 2 4 1 2 2 3 2 3 3 1 1 1 1 6 3 6 1 0 1 0 0 4 1 4 0 4 2 1 4 3 1 1 3 1 1 3 2 3 2 2 1 2 1 1 0 1 3 2 0 1 2 5 0 4 1 0 1 3 0 1 3 0 2 1 1 5 0 0 2 3 4 6 3 1 0 2 1 2 2 3 1 4 4 2 1 3 1 2 6 3 0 4 2 1 2 1 0 2 3 2 3 3 3 1 1 4 3 3 1 0 1 1 0 2 1 2 5 5 4 2 2 2 1 2 3 1 2 1 0 2 5 2 2 1 0 1 2 1 3 3 3 2 0 3 1 0 3 0 0 2 2 2 0 0 3 2 1 3 2 3 1 3 1 3 0 1 2 2 2 3 2 1 2 1 3 0 1 2 5 4 0 1 2 1 3 1 1 2 5 5 1 1 0 3 3 2 3 2 3 2 4 3 2 1 4 5 2 3 1 1 2 4 2 1 2 0 4 1 4 1 2 2 2 1 4 2 3 2 0 2 0 0 2 0 4 1 0 2 4 1 2 1 0 2 1 3 4 1 1 0 0 3 1 3 2 4 1 3 3 2 2 2 3 1 1 3 2 1 3 1 2 2 4 4 2 2 4 1 0 0 3 2 2 0 1 5 0 1 2 3 2 0 3 2 2 1 2 2 2 0 0 1 3 2 1 2 2 0 2 7 1 0 2 0 1 2 1 3 4 2 0 2 0 2 3 4 4 3 1 4 4 0 1 4 3 4 3 4 0 1 2 1 5 2 2 1 3 3 2 2 1 2 2 1 2 0 3 2 4 1 1 3 2 0 0 0 5 2 4 0 2 0 3 1 1 3 1 4 1 3 2 2 1 2 2 3 1 3 2 1 1 4 1 1 4 2 1 1 2 1 0 3 1 1 4 4 0 2 2 3 2 2 1 4 0 0 1 2 1 1 2 1 4 1 4 1 0 3 2 3 3 1 1 1 0 2 2 2 3 5 3 1 1 1 3 1 2 3 0 2 1 0 2 3 2 4 3 4 3 3 0 2 2 1 3 2 0 3 1 3 6 2 4 2 1 4 3 3 1 3 3 0 0 3 1 2 2 2 2 3 2 0 3 2 2 0 2 1 1 0 0 4 4 2 1 6 2 1 1 4 2 3 1 0 0 0 1 3 1 4 2 0 2 1 1 1 1 2 4 0 1 1 0 5 4 0 1 0 3 3 2 1 1 1 1 1 1 1 3 3 3 1 2 4 2 1 0 3 1 3 2 3 2 1 2 3 1 2 6 2 1 1 2 1 2 1 2 2 5 2 3 2 4 5 1 2 1 3 2 3 2 1 3 3 1 2 2 1 1 2 1 1 6 5 5 2 2 0 3 1 1 3 1 1 4 1 1 1 1 4 0 1 4 1 3 1 2 4 0 3 2 2 1 1 5 3 2 1 1 0 0 3 2 2 3 2 5 1 2 2 1 6 4 4 3 0 4 0 1 1 1 3 0 2 1 1 1 3 2 2 3 2 1 2 1 3 4 1 0 0 3 1 3 2 3 1 2 1 0 3 2 3 3 2 4 2 2 2 2 1 0 1 3 1 3 3 3 1 3 3 0 0 2 2 2 1 4 1 2 4 1 2 3 0 1 3 0 0 1 2 3 0 3 2 4 3 0 1 2 3 1 0 4 1 2 4 5 4 2 1 2 1 2 4 3 1 0 4 1 2 1 1 3 3 3 4 1 1 0 1 3 0 1 2 2 0 1 1 2 3 2 0 2 2 2 3 7 2 1 1 1 0 3 1 1 3 1 5 2 2 2 0 3 2 4 2 2 2 2 2 1 1 4 0 3 1 1 0 1 2 3 3 2 2 2 1 1 2 1 2 5 0 4 5 0 1 3 4 1 4 2 1 0 5 2 1 1 1 3 1 0 2 6 2 2 2 1 1 2 1 1 0 1 0 3 2 3 3 2 3 2 1 2 2 0 0 1 3 1 3 2 2 4 2 1 1 2 3 4 1 0 2 4 4 3 2 1 0 1 1 4 3 2 2 0 2 3 5 1 1 2 1 0 1 1 2 2 2 2 2 1 3 2 2 3 0 0 1 1 1 2 2 3 2 2 2 1 5 3 1 1 4 2 4 2 2 3 2 3 1 3 3 1 3 1 3 0 2 3 1 2 3 3 0 2 1 1 3 2 3 2 1 1 1 5 0 4 0 2 3 1 1 6 3 0 3 2 0 2 2 4 1 1 0 5 2 1 3 2 4 2 2 4 0 2 3 1 1 2 1 5 1 4 3 3 6 0 0 0 2 0 1 5 3 2 2 0 2 2 2 3 3 2 1 5 3 1 0 2 1 3 2 2 3 2 0 3 1 2 0 0 1 2 1 5 1 0 1 3 4 2 1 4 1 2 2 4 2 5 1 5 0 1 2 2 1 2 3 4 1 1 2 3 2 1 2 0 1 3 3 1 3 1 1 2 1 1 4 1 3 3 0 3 1 1 3 3 2 2 3 0 4 1 2 1 2 2 2 5 2 4 0 3 1 3 2 0 1 0 1 5 3 0 1 2 1 2 4 2 1 1 1 4 1 3 2 0 4 3 1 2 1 3 1 5 1 5 0 2 1 3 1 2 0 0 1 1 1 1 0 2 1 4 4 4 3 0 3 2 2 3 2 1 5 3 4 1 2 1 3 2 2 4 0 3 1 1 3 2 2 1 3 0 1 0 3 2 4 3 0 4 3 2 3 0 1 2 0 2 0 1 3 0 3 2 1 1 2 2 3 1 1 2 1 1 3 2 2 1 1 0 3 1 2 4 4 2 4 4 1 0 2 4 1 0 4 1 2 3 5 2 2 2 3 1 4 1 2 1 1 4 1 1 2 0 0 2 1 2 0 2 2 1 1 4 2 2 0 2 1 1 1 2 3 3 4 1 2 0 3 3 3 3 2 1 1 2 2 4 1 0 2 3 1 1 4 1 2 3 2 1 1 2 1 1 2 4 2 2 3 2 2 2 2 1 2 2 1 3 1 1 3 0 2 3 4 3 3 4 5 2 0 1 1 1 3 0 2 1 4 2 1 1 0 1 1 4 3 2 2 1 2 3 2 0 4 2 2 3 3 0 2 0 3 1 2 0 2 1 3 1 2 3 1 2 1 2 0 2 2 4 2 2 2 2 2 1 1 2 2 1 0 2 0 5 2 1 4 3 1 3 1 1 4 3 1 2 4 1 1 0 5 0 1 1 1 0 3 0 4 4 1 2 3 1 2 2 0 2 2 0 7 0 2 3 3 3 2 3 1 0 1 3 3 2 3 2 1 1 3 2 1 1 0 0 0 3 0 6 1 3 1 4 3 2 3 1 2 4 2 0 3 1 3 2 2 5 2 4 0 0 1 2 1 3 2 3 0 1 1 0 1 3 2 0 1 6 1 4 1 2 4 3 2 2 2 2 0 2 1 2 4 1 1 2 3 2 1 1 2 1 3 2 3 0 3 4 3 2 3 2 1 2 2 0 4 2 3 2 1 3 1 3 2 2 2 2 0 2 2 1 3 1 2 1 1 2 5 2 2 2 4 1 1 3 1 1 0 0 0 2 3 1 2 1 2 2 3 0 3 1 1 5 1 1 3 1 1 3 5 2 4 3 0 2 3 2 3 0 1 2 3 2 3 0 2 1 1 4 1 1 4 1 2 3 2 4 6 2 1 0 2 1 0 0 1 4 4 1 2 4 3 3 1 3 2 2 2 1 0 1 5 4 0 0 1 1 2 3 4 2 0 5 1 0 3 3 0 1 3 4 1 1 0 2 0 2 3 2 2 1 0 1 3 3 4 2 3 3 1 0 4 4 1 3 2 2 4 3 0 2 1 2 2 1 2 1 2 1 4 1 3 2 2 2 2 1 5 1 0 3 1 3 2 1 1 2 2 4 3 3 0 2 3 2 3 1 3 6 3 3 3 0 1 0 1 3 3 1 4 4 2 0 0 0 2 0 0 4 0 0 3 2 3 1 3 1 4 0 1 3 1 0 2 1 1 3 1 1 3 0 1 0 4 3 6 3 2 2 2 4 2 2 2 2 3 0 5 1 0 3 1 1 2 3 0 2 2 0 1 2 3 1 1 2 2 2 3 0 1 1 1 0 3 4 0 1 1 1 0 2 1 4 0 2 2 2 4 4 2 1 5 1 2 4 0 6 2 3 2 1 1 2 1 1 3 1 1 0 2 4 1 3 3 3 2 1 1 2 5 3 2 1 4 2 0 1 3 1 1 1 3 0 3 3 3 2 1 6 7 0 0 7 0 3 2 1 1 4 1 3 1 3 2 2 1 3 3 2 3 0 2 3 1 2 2 4 0 1 0 1 2 1 6 2 4 2 3 1 0 1 1 2 3 0 5 7 2 3 2 2 3 3 3 1 1 0 5 0 2 1 3 1 2 2 1 4 2 3 0 3 1 3 0 2 1 1 3 4 4 2 0 1 2 0 1 1 0 2 1 0 6 1 2 1 3 2 0 0 1 3 1 0 5 5 0 3 3 2 1 3 1 1 1 1 4 4 2 0 2 1 2 2 1 4 2 3 2 1 3 0 1 1 0 2 1 1 2 3 1 3 1 4 1 2 0 0 1 2 0 1 0 1 5 4 4 0 2 2 1 1 3 0 4 2 0 1 1 1 1 3 2 1 1 2 1 2 2 2 1 2 1 1 1 0 0 0 2 2 4 2 1 0 2 2 1 4 6 0 3 2 1 1 2 2 5 3 3 1 1 0 1 0 0 2 3 1 1 4 1 3 3 2 3 2 0 3 1 5 2 0 4 5 0 1 2 1 1 1 2 2 1 0 0 4 3 1 1 1 2 1 5 1 2 0 2 2 0 2 3 1 2 2 3 3 1 1 1 1 2 5 1 4 3 4 1 1 1 0 2 2 4 1 1 1 7 1 4 6 1 3 0 2 3 1 1 0 2 0 3 2 1 3 1 0 3 4 2 1 2 1 0 1 0 1 1 4 2 2 2 1 2 2 2 4 3 3 1 0 2 0 4 2 0 2 1 2 1 3 2 1 2 4 5 2 1 3 1 2 1 1 2 2 1 2 3 2 0 2 1 2 0 5 0 1 1 3 1 1 2 2 0 2 5 4 2 2 1 3 0 1 3 4 4 2 5 0 1 2 4 3 1 1 1 0 1 5 1 2 2 1 2 5 3 2 2 1 4 2 1 2 5 3 1 3 2 2 1 3 3 1 1 3 1 3 5 3 0 1 0 0 3 1 5 1 3 3 3 1 2 1 3 3 2 2 0 1 2 2 0 1 3 2 3 2 5 2 4 4 2 3 2 1 2 1 2 3 2 4 4 3 3 1 0 0 3 0 2 0 1 1 3 4 0 0 0 0 0 1 3 3 3 3 1 5 0 0 2 2 2 3 2 1 3 2 3 1 2 2 2 3 0 1 2 3 1 1 0 2 1 1 5 2 4 3 4 1 1 1 1 0 6 4 2 3 2 1 1 2 5 2 4 4 4 2 2 1 2 1 3 2 0 0 2 3 1 3 0 1 0 3 1 2 2 4 2 1 1 3 3 2 3 2 3 1 0 0 3 0 5 0 4 3 5 2 2 1 2 2 4 1 1 3 2 2 2 1 2 4 2 0 2 0 4 3 3 1 3 3 1 0 2 2 1 0 1 1 2 3 3 3 2 1 1 4 3 2 4 0 0 1 3 2 0 7 3 2 1 2 2 4 2 2 5 4 1 3 2 0 2 3 2 1 2 3 3 1 0 0 2 0 2 1 1 3 2 4 5 2 1 3 2 3 2 2 3 0 1 2 3 2 3 3 3 3 3 5 2 1 1 1 1 1 2 3 1 2 0 4 1 5 2 2 3 2 0 2 1 1 2 3 1 3 1 2 2 2 2 4 2 1 0 2 3 4 2 3 1 2 2 3 0 3 1 2 4 2 0 1 4 1 3 2 1 1 4 1 2 3 1 1 3 2 1 3 4 1 0 1 2 3 2 1 0 2 2 3 4 2 0 4 1 0 1 1 4 3 2 3 1 2 0 1 0 1 0 4 3 1 2 3 1 4 4 0 1 1 0 3 1 2 1 2 3 2 0 5 0 2 5 2 0 3 1 2 3 3 2 4 2 0 1 0 3 2 1 2 0 2 3 4 3 0 0 1 3 1 5 1 2 0 3 2 3 0 2 0 3 2 4 1 1 1 3 1 5 3 2 1 1 3 2 3 1 3 4 0 2 1 0 0 4 4 1 1 2 3 1 1 1 1 1 2 3 2 2 0 1 4 2 1 0 2 3 1 1 2 1 2 0 3 2 0 3 6 0 3 0 0 3 0 1 6 2 5 2 2 2 2 3 1 1 0 1 2 2 0 1 2 1 3 2 6 5 1 1 2 1 3 5 1 2 0 0 3 1 3 1 1 1 2 2 2 2 2 4 0 0 0 2 1 5 1 2 0 4 3 4 3 0 1 3 1 1 1 2 2 3 3 3 5 1 2 2 3 2 0 2 2 2 5 0 1 1 5 1 2 1 1 3 0 2 2 6 2 0 2 2 2 0 5 2 2 3 2 2 2 1 1 1 2 2 1 4 4 4 1 1 1 1 0 1 3 1 2 4 0 5 2 2 2 2 3 3 1 0 1 1 1 0 1 2 2 2 4 2 2 0 2 5 1 2 3 3 0 1 4 3 0 0 3 4 2 1 3 4 1 2 1 1 2 0 1 4 4 1 2 2 0 3 1 3 3 0 2 0 3 3 3 3 1 3 4 3 2 4 0 0 2 1 3 2 1 2 3 2 3 2 4 2 1 2 1 1 3 2 0 3 2 1 1 2 5 0 1 1 3 0 1 4 4 1 2 6 1 1 0 2 4 3 0 3 0 1 4 3 0 1 3 2 3 3 2 0 4 4 2 1 2 1 1 2 0 0 3 2 1 3 3 2 2 2 0 2 2 1 1 1 1 2 3 2 3 5 0 2 3 1 1 1 2 2 1 2 2 1 5 1 3 2 2 4 0 2 4 0 5 1 3 1 1 3 3 1 2 3 1 1 5 0 4 1 0 2 4 0 0 3 0 4 0 0 1 2 5 0 1 3 2 5 3 2 1 2 1 0 0 2 3 1 6 0 1 3 1 1 3 1 1 4 2 0 1 0 2 2 2 1 3 1 1 3 0 0 2 2 2 2 0 3 5 1 3 0 2 1 2 2 0 1 4 1 3 4 2 2 1 4 0 4 1 1 3 4 0 0 1 0 1 3 3 2 2 6 0 4 3 6 1 0 0 1 1 4 2 1 6 3 1 0 3 1 1 4 3 1 0 2 3 0 3 3 5 0 0 2 2 3 0 2 1 0 2 0 4 3 3 0 1 1 3 1 2 0 2 2 4 3 0 3 3 0 2 2 2 2 0 1 1 4 3 2 3 1 1 2 1 1 1 5 3 1 2 3 1 2 2 1 5 4 2 1 1 6 1 1 3 2 1 3 2 1 2 0 2 3 2 1 2 4 5 5 1 1 0 4 1 2 0 2 2 2 0 4 3 2 1 0 3 1 2 2 3 2 2 3 0 4 2 6 5 0 3 1 2 2 0 0 1 3 1 4 0 4 4 2 2 1 2 1 1 5 0 5 1 1 3 2 1 0 1 2 2 3 2 2 1 2 2 2 2 2 3 0 2 2 5 2 2 0 0 2 0 1 2 3 4 2 3 4 2 1 0 3 4 3 3 4 0 1 2 3 3 1 3 1 2 1 2 1 3 1 2 4 3 3 2 0 3 4 1 4 0 2 1 2 3 2 4 4 2 2 1 0 3 2 1 4 3 1 2 1 1 3 3 1 3 3 0 0 2 1 3 0 3 4 3 1 1 0 3 0 3 5 4 1 3 3 0 2 3 0 1 4 2 1 1 0 3 3 0 0 1 1 1 5 1 2 2 1 1 6 2 2 1 1 1 1 0 1 5 5 3 1 2 3 3 1 1 1 2 1 2 2 2 4 3 0 2 3 1 3 1 2 4 2 1 5 2 1 3 2 2 0 1 1 1 4 1 3 2 3 1 4 0 2 3 1 2 3 0 1 1 0 2 0 1 2 3 2 2 4 3 1 2 2 6 1 2 2 0 1 0 1 1 1 1 3 1 1 2 3 0 2 2 0 2 3 2 2 3 1 2 4 3 1 3 1 1 0 1 2 3 1 2 2 0 0 2 2 1 1 0 1 6 3 1 3 2 2 1 1 0 3 4 3 1 2 2 3 3 5 1 0 3 2 2 3 1 1 1 3 3 3 4 1 1 4 3 3 2 2 3 2 1 1 2 2 1 0 2 2 1 1 2 2 4 4 1 1 3 0 1 0 0 2 1 2 1 4 0 4 1 1 1 0 2 3 1 1 2 0 3 1 2 0 5 3 2 1 1 3 3 2 4 2 2 2 4 3 2 1 0 2 1 1 2 3 0 0 0 1 4 3 4 1 5 2 5 4 1 2 2 1 1 2 2 3 1 1 2 2 3 4 1 3 2 1 1 0 3 2 2 2 5 2 2 0 3 4 3 1 0 3 2 2 1 2 3 2 3 1 2 5 2 2 1 3 5 1 0 0 2 4 3 1 1 2 0 2 1 0 3 3 0 1 1 3 4 1 1 2 2 1 1 1 2 2 1 4 0 3 0 3 2 4 4 2 2 1 1 2 3 5 0 1 1 1 2 1 2 3 1 1 4 3 3 0 2 2 4 1 4 2 0 1 0 1 1 2 0 2 4 1 1 2 3 2 3 1 1 3 5 3 0 1 3 1 0 3 1 2 3 1 0 5 0 0 2 0 2 0 2 1 3 1 3 0 1 2 2 4 1 1 1 1 2 0 1 2 3 1 3 3 3 1 1 2 0 1 1 2 5 1 5 3 0 0 2 2 3 0 2 2 1 1 5 4 0 1 2 0 2 2 1 2 2 0 1 5 2 2 0 1 4 2 2 2 3 1 1 2 3 1 3 3 3 5 0 2 1 3 2 2 3 4 2 0 2 5 1 2 4 3 3 3 1 0 2 3 1 3 1 1 3 3 1 1 1 3 2 2 1 2 0 2 1 5 2 1 2 1 1 3 2 1 2 2 0 2 1 3 2 1 0 4 2 1 2 4 2 4 1 2 3 5 1 3 5 2 2 2 0 0 2 0 4 2 3 3 1 1 3 1 3 0 0 2 1 2 2 1 1 1 4 4 3 2 3 0 0 3 1 1 3 4 4 4 1 2 2 1 3 2 2 2 1 1 2 4 4 2 2 1 0 3 4 3 1 1 2 2 4 3 0 1 3 1 0 1 1 3 4 0 3 1 0 2 2 2 5 2 4 1 2 4 0 0 1 2 1 1 1 4 0 1 3 2 2 3 3 1 1 3 0 3 1 2 3 2 1 2 3 0 0 2 2 3 1 4 2 3 2 0 2 3 2 0 0 2 1 1 2 3 3 0 1 2 0 0 3 0 0 4 1 2 3 2 4 2 3 2 0 2 2 3 1 2 6 2 1 1 0 4 2 0 1 4 1 1 3 2 2 3 3 2 1 3 0 3 1 3 2 0 3 2 3 3 3 1 1 4 2 7 0 0 3 2 1 0 5 4 1 3 1 2 1 1 1 3 3 1 1 2 2 5 2 0 3 4 1 1 2 1 1 4 2 1 1 1 2 3 2 1 3 3 1 3 3 4 1 1 3 2 1 2 0 2 5 5 3 1 3 2 2 3 0 2 1 2 0 1 2 1 0 1 1 1 4 3 2 3 2 0 1 1 0 1 2 2 3 2 2 3 4 2 1 2 0 1 2 4 0 1 1 2 1 4 2 1 0 2 2 1 2 0 3 0 2 0 4 1 2 0 2 1 1 2 2 1 4 2 1 3 0 2 1 2 1 2 0 3 4 2 5 3 1 3 4 2 1 2 3 3 1 3 2 2 1 2 5 2 2 0 1 1 1 0 0 1 4 3 1 2 6 3 1 2 0 3 0 4 1 2 2 4 2 3 2 1 1 3 2 3 3 1 2 2 1 2 0 2 0 1 1 2 4 2 3 0 3 2 3 3 3 2 1 1 1 4 4 3 0 1 5 1 0 5 1 1 3 2 2 5 1 1 3 2 1 3 1 2 5 2 2 0 2 1 2 4 3 2 2 4 2 1 0 0 1 4 5 0 2 3 1 2 1 1 0 5 1 2 2 1 0 5 1 4 1 1 3 3 0 1 4 1 0 1 2 5 3 1 3 5 0 0 3 0 2 3 3 2 0 2 2 2 1 2 1 3 0 1 3 2 1 1 2 2 1 1 1 2 2 4 3 2 0 2 2 4 2 2 2 2 3 1 3 2 3 3 1 0 4 3 2 0 1 1 2 2 4 2 5 2 2 1 1 3 1 4 3 1 2 0 0 5 3 3 2 0 1 2 0 4 1 2 1 1 4 2 2 2 0 0 1 4 2 1 1 2 0 2 4 2 1 2 0 1 1 5 1 2 2 2 0 3 5 0 3 2 0 4 4 0 2 1 2 2 0 0 0 1 2 2 1 2 0 1 4 2 1 1 4 4 2 2 1 1 1 0 2 1 3 4 0 2 4 4 1 1 2 3 2 1 2 0 3 3 5 4 3 0 1 0 4 3 0 3 0 2 4 0 1 3 0 2 3 1 3 2 1 2 4 1 3 3 2 3 1 2 1 2 0 1 2 3 2 6 0 2 3 3 3 1 3 0 3 2 0 2 0 3 4 2 1 4 0 2 2 2 1 2 1 1 0 1 4 2 1 0 3 1 1 1 0 2 2 2 1 3 3 0 0 1 2 2 1 2 2 2 1 2 4 2 2 2 2 1 1 1 3 3 2 2 0 2 0 2 4 0 1 2 1 1 3 4 3 0 2 2 0 1 2 2 2 4 0 3 2 1 2 4 2 2 2 0 2 4 0 2 1 2 1 3 4 3 0 1 7 2 2 3 1 2 1 1 0 4 1 2 0 2 2 0 1 2 1 1 4 4 3 4 1 1 2 0 3 2 2 4 4 1 2 1 4 3 5 1 1 1 2 2 4 3 6 1 4 2 3 3 3 2 1 0 1 4 2 1 1 3 3 1 3 3 1 1 2 2 2 2 2 3 2 4 0 3 1 3 6 2 2 3 0 2 2 0 1 2 0 0 2 1 3 2 1 4 4 3 1 3 3 3 1 1 1 2 0 2 1 2 0 3 3 2 3 1 4 1 2 4 4 3 0 0 3 3 2 1 2 3 2 2 3 5 3 3 2 2 3 1 2 2 3 1 2 3 1 1 0 1 2 2 2 1 0 1 1 2 5 1 3 3 0 2 0 1 0 0 5 1 0 1 1 2 1 0 3 1 2 4 2 2 2 1 2 3 3 1 0 0 2 2 2 3 3 4 3 0 3 3 0 4 3 2 4 3 5 2 2 0 2 3 3 4 2 1 1 3 6 1 2 3 1 0 2 4 2 3 1 5 2 3 4 2 0 1 2 5 3 1 1 1 1 1 4 3 3 4 3 1 3 0 2 2 4 0 0 3 1 5 2 0 6 0 2 6 0 2 2 1 0 3 3 0 2 2 3 3 3 1 5 2 3 4 3 3 4 2 4 2 2 0 2 0 2 1 4 5 4 2 3 2 0 3 1 3 2 3 0 2 2 1 3 5 1 0 4 2 0 1 3 1 2 2 2 3 3 2 1 1 3 2 2 1 1 3 6 3 0 2 2 1 1 7 1 4 3 3 3 1 4 2 1 1 0 1 4 1 2 0 5 1 2 2 3 2 2 1 0 2 0 2 2 3 3 1 3 3 3 2 3 2 1 0 1 1 2 2 0 4 1 0 2 2 1 3 2 2 2 2 0 2 1 3 4 1 2 2 0 2 1 2 0 4 3 0 3 2 2 0 2 3 1 1 1 4 0 1 1 2 3 2 4 4 2 2 2 4 4 2 0 2 1 4 2 3 1 3 3 3 0 4 3 4 2 2 2 0 3 1 2 5 3 4 1 3 2 4 4 4 6 1 1 1 2 3 1 2 4 2 1 3 0 2 0 4 0 2 1 2 0 1 6 1 1 0 3 3 4 1 4 1 1 1 3 2 0 0 2 3 1 2 4 1 2 4 0 2 3 2 0 4 1 1 1 1 3 2 4 0 4 0 1 0 1 1 0 3 1 2 3 0 2 1 1 4 1 3 3 3 2 0 1 2 5 3 2 0 2 2 3 3 3 2 1 7 5 2 2 0 0 2 2 1 2 3 5 3 2 2 1 1 0 1 5 3 2 3 1 0 2 1 1 3 2 0 5 2 1 2 1 3 2 6 1 4 1 1 1 0 3 2 3 0 2 3 2 3 2 2 2 5 0 4 1 0 1 1 0 4 4 1 2 2 1 2 3 0 1 2 1 3 1 1 1 0 3 2 1 2 2 2 3 3 0 3 1 1 1 2 2 0 2 1 1 2 2 4 4 1 3 3 2 1 2 1 3 2 2 4 2 2 1 1 0 1 4 1 2 1 2 2 2 6 0 1 2 1 2 1 2 2 1 2 1 3 2 3 2 2 3 3 4 2 2 2 1 1 4 2 0 2 1 5 1 1 5 1 4 0 2 1 0 2 1 2 0 2 1 3 3 4 0 4 1 5 2 1 1 0 1 0 4 2 2 2 1 2 2 1 2 3 0 2 3 5 2 0 0 3 3 2 0 5 2 1 3 2 3 2 2 0 4 1 2 2 4 1 1 2 3 2 2 2 2 3 0 6 3 2 2 2 0 1 1 2 2 4 6 4 1 1 1 1 3 1 5 4 1 2 2 0 1 4 3 0 4 3 3 1 3 1 0 2 2 0 1 3 0 3 4 1 3 2 1 2 3 2 1 1 3 2 3 0 1 4 1 0 1 2 1 1 2 2 2 3 4 2 2 1 2 0 2 2 1 2 0 3 0 0 3 1 2 3 3 1 4 0 0 3 1 2 2 3 0 2 3 1 3 3 2 5 3 2 0 4 2 2 2 1 4 0 3 1 5 1 3 2 4 5 0 0 3 4 2 3 2 5 4 1 2 1 3 3 1 2 0 1 4 3 2 1 1 6 2 1 4 2 1 2 1 4 1 3 2 1 2 2 2 2 3 1 2 2 0 2 5 0 2 2 0 3 1 4 2 2 2 1 2 1 2 3 0 1 5 1 2 1 2 1 3 1 3 2 1 0 0 3 1 1 0 2 1 0 0 6 2 4 1 3 1 5 1 1 4 2 3 2 4 3 1 2 1 3 0 3 0 3 2 2 2 3 3 1 3 0 0 3 2 3 1 2 2 4 2 2 1 3 1 5 4 0 3 1 3 0 2 0 3 1 1 3 3 4 2 1 5 1 3 2 5 0 1 0 1 3 1 2 1 0 3 2 3 1 2 0 3 2 1 3 1 2 4 3 2 3 1 4 3 2 1 3 1 0 3 0 2 3 3 4 3 1 0 1 1 1 1 2 1 2 0 4 1 0 4 1 2 1 0 2 0 0 1 3 2 0 4 3 1 3 2 1 1 2 1 2 2 0 3 3 1 2 6 2 1 6 2 1 2 3 1 0 3 1 1 3 3 4 3 2 3 2 2 2 1 2 2 3 3 0 2 2 2 2 2 3 1 1 0 4 1 5 0 1 3 4 0 2 1 0 2 0 2 0 6 0 2 4 2 2 2 0 2 2 1 1 1 0 2 2 2 3 1 2 2 2 2 3 1 5 1 3 1 2 5 5 2 1 0 2 2 2 0 2 5 0 1 0 1 3 1 3 1 3 1 2 1 2 7 3 2 5 1 1 1 1 2 1 2 1 0 5 1 1 2 3 1 3 3 1 1 2 0 0 5 1 2 2 4 3 1 3 4 3 3 0 1 0 0 1 4 0 2 4 1 3 4 2 3 4 4 2 2 3 2 0 1 2 3 0 2 3 1 2 0 0 2 3 0 1 4 1 1 1 3 1 4 3 1 4 2 1 4 1 2 2 2 2 2 2 2 1 2 0 2 0 3 1 3 5 2 3 3 3 2 2 2 0 3 0 2 2 3 3 3 1 3 1 2 3 3 3 1 2 1 1 0 1 2 2 2 2 3 2 2 0 1 3 1 4 1 2 0 5 1 3 3 1 1 1 1 2 3 3 4 3 3 2 3 0 1 2 0 2 4 1 0 1 1 3 3 1 4 2 1 3 1 1 2 2 2 3 0 4 1 2 2 2 5 2 1 3 0 0 1 2 4 1 0 3 3 4 0 1 3 2 2 5 0 1 3 0 3 0 2 2 4 4 0 2 0 1 2 0 4 0 2 4 1 2 1 1 3 4 0 1 2 0 0 1 1 3 0 3 3 1 3 1 1 1 2 0 3 4 3 0 2 3 4 4 3 1 2 5 1 1 2 2 2 2 0 1 1 4 2 0 6 1 1 2 3 3 3 2 1 1 3 0 1 1 1 3 1 4 5 1 4 2 2 0 4 1 2 1 5 2 0 2 1 0 3 1 1 1 1 2 0 2 1 6 2 2 3 1 7 0 2 1 1 3 1 3 3 0 2 4 4 3 0 3 0 4 1 1 2 2 4 0 4 1 1 2 4 2 2 0 2 3 2 1 5 1 3 4 5 0 1 2 0 0 3 3 4 3 2 1 1 2 4 3 2 1 2 3 3 2 1 2 1 2 1 1 1 0 0 4 4 0 0 3 1 2 1 0 3 3 2 2 0 4 2 1 1 3 0 2 1 0 2 1 2 2 0 0 4 2 3 1 2 4 1 4 4 1 1 1 4 2 4 0 1 3 3 1 0 4 3 1 3 0 1 1 2 3 8 3 1 0 4 5 2 2 3 1 2 0 0 1 3 2 1 1 3 5 4 1 2 4 1 1 1 2 1 2 3 0 2 5 2 4 2 4 2 1 1 2 1 3 3 2 0 0 2 2 2 2 2 6 1 0 2 3 1 0 2 0 4 4 3 4 1 1 3 2 1 2 0 3 0 3 2 3 2 2 0 1 1 5 2 2 3 0 1 0 5 2 3 1 3 3 1 1 2 2 4 1 0 2 1 0 2 1 1 6 1 3 3 5 4 1 1 2 2 1 0 2 3 3 2 0 1 1 0 1 2 2 1 2 2 1 3 2 2 1 2 4 2 5 1 2 2 2 1 2 1 1 4 2 2 4 1 1 0 2 4 1 0 1 4 1 1 3 3 0 3 2 1 0 6 3 2 1 5 3 3 2 1 2 1 1 2 4 3 4 2 4 2 0 0 1 3 3 5 3 3 4 0 1 1 2 5 1 1 2 0 3 0 4 0 2 2 2 4 4 2 3 2 2 0 2 2 0 2 0 1 4 3 1 0 2 4 0 3 0 0 1 1 2 1 1 0 4 2 3 2 0 2 1 2 5 3 0 0 1 2 3 0 2 2 2 1 2 0 2 2 2 0 2 2 1 4 0 2 3 0 3 2 2 3 2 3 1 0 4 3 3 2 2 0 4 5 2 3 2 3 2 3 4 1 1 3 2 1 3 1 2 2 3 3 3 1 1 3 1 2 0 2 4 2 0 1 3 5 1 4 2 4 1 5 1 5 1 0 2 2 0 3 1 1 1 2 0 3 3 2 3 3 2 2 1 1 3 1 1 0 0 3 2 2 2 6 4 0 2 1 0 2 2 2 3 3 1 2 1 3 3 0 4 2 2 1 0 2 3 5 3 4 0 2 1 4 0 1 3 1 2 1 0 5 4 2 0 4 3 1 4 3 2 2 0 0 3 1 0 2 1 3 3 1 0 1 2 3 0 2 2 1 1 2 3 3 2 1 2 2 1 3 2 2 0 1 5 0 3 1 3 5 2 2 2 1 3 3 1 1 0 0 3 1 4 5 2 2 2 4 0 0 3 1 4 1 1 1 2 2 0 3 2 1 2 4 1 3 1 3 1 0 2 0 2 2 2 5 1 2 3 1 0 1 0 2 6 4 3 2 0 5 0 1 2 2 3 2 1 4 1 3 1 3 0 4 2 1 2 1 0 2 0 2 2 3 1 2 1 1 2 1 2 2 2 2 3 5 3 2 0 4 2 2 1 5 1 0 3 0 3 3 0 1 4 0 2 0 0 5 2 1 2 2 2 2 2 1 0 2 2 1 3 1 3 1 3 4 1 1 2 1 2 2 3 1 4 0 4 1 2 4 2 1 3 2 1 1 0 3 1 1 2 0 1 2 2 0 3 1 2 0 3 4 0 1 2 5 1 1 1 2 2 0 1 3 1 3 5 3 2 2 2 0 0 1 4 3 1 1 2 2 2 3 3 0 2 3 2 1 1 1 2 1 2 2 1 6 1 2 1 1 3 1 2 2 2 2 0 1 1 2 1 1 1 2 1 5 1 1 2 1 0 2 4 1 2 1 4 0 2 1 4 2 4 0 2 3 3 0 6 2 2 2 1 1 4 0 0 2 2 1 3 1 1 3 1 1 2 2 5 1 2 4 0 2 2 0 1 4 2 2 0 3 2 0 2 2 2 3 2 4 1 3 0 1 2 0 3 0 1 0 1 0 3 2 1 5 0 2 1 0 0 2 1 1 1 1 0 1 2 2 2 0 5 2 6 2 1 0 5 2 1 3 0 3 3 3 1 2 1 2 2 1 1 1 2 0 2 5 4 1 2 0 1 3 1 0 0 1 2 1 3 2 3 1 0 1 1 3 1 0 2 3 0 2 2 2 3 2 2 2 1 1 1 3 3 1 2 3 2 0 2 2 1 0 2 3 3 0 0 2 5 2 0 0 0 1 2 2 6 1 3 3 1 4 2 0 2 2 1 1 3 0 4 3 2 2 2 1 1 0 0 0 2 1 1 2 3 4 1 2 3 2 3 2 3 2 2 0 4 0 3 1 2 1 1 0 2 3 3 0 1 3 5 0 2 5 2 2 1 3 2 1 3 1 1 1 3 3 5 3 3 2 1 1 3 1 1 2 3 1 1 1 5 2 2 5 2 3 2 2 2 0 1 2 3 2 0 0 1 2 3 1 4 1 0 3 3 0 2 3 1 1 1 1 1 3 0 3 0 5 1 3 0 1 1 1 2 8 1 1 3 1 3 1 0 2 2 2 2 3 3 1 4 2 2 3 3 1 2 0 1 2 4 2 4 2 1 0 2 4 3 3 1 1 1 4 3 5 2 1 1 1 0 2 2 2 5 2 0 3 2 1 3 2 1 1 3 1 3 5 2 1 2 1 1 4 2 3 2 0 1 2 1 3 0 1 2 4 3 2 4 1 1 1 1 2 2 0 2 1 5 0 1 3 2 7 1 1 2 1 1 2 0 2 5 2 0 0 0 1 3 2 1 4 3 0 3 1 3 1 1 7 5 0 2 2 1 3 2 2 2 1 1 1 1 3 3 2 1 2 1 0 3 2 2 3 2 1 1 1 1 0 1 4 3 3 2 2 1 0 3 4 0 3 2 4 4 2 2 0 3 3 2 2 1 0 3 1 3 5 2 1 1 2 2 3 0 0 0 1 1 0 1 2 0 2 1 1 3 0 5 2 2 1 3 0 1 1 2 2 2 3 1 2 2 0 3 3 2 3 3 2 3 2 2 0 1 5 2 3 1 5 2 2 1 1 2 1 5 2 0 2 2 2 1 0 3 5 2 2 1 4 1 2 1 1 1 1 2 2 1 4 2 4 2 5 1 3 1 4 2 2 1 1 1 1 2 1 1 1 2 1 2 2 3 3 3 1 0 1 3 2 2 2 2 2 2 1 4 1 3 2 3 2 1 0 2 3 1 3 1 2 3 5 1 2 1 2 3 1 2 3 0 3 5 5 2 0 2 2 3 2 3 3 0 4 4 1 0 1 2 1 1 1 2 0 5 3 2 2 1 1 2 1 0 2 5 1 3 2 1 5 4 1 1 1 0 1 1 3 2 0 2 0 1 2 6 1 0 1 2 2 5 1 1 2 1 1 4 2 1 0 2 1 3 2 2 4 2 4 1 2 2 4 3 5 2 2 1 2 3 2 1 2 3 0 2 0 4 0 0 2 2 2 1 2 3 2 1 4 2 2 4 2 5 1 1 1 3 4 2 1 0 2 3 2 2 4 2 2 2 0 3 0 3 3 1 4 3 1 2 2 2 1 1 1 2 3 1 1 4 3 4 2 3 2 2 2 1 4 4 4 0 1 0 0 2 0 2 1 2 2 2 3 4 2 2 2 0 2 2 0 2 3 4 4 1 1 4 3 1 0 1 4 1 3 5 1 0 2 3 0 3 3 4 4 2 1 1 0 1 1 0 1 0 2 4 0 2 0 2 2 5 3 4 1 0 1 1 2 3 1 0 0 2 1 1 3 2 1 3 1 0 3 1 2 3 1 2 2 2 3 1 1 0 2 3 3 2 3 2 2 5 3 1 4 1 0 2 1 2 5 2 0 2 1 0 1 2 3 0 3 1 3 3 3 3 0 2 1 1 1 1 3 1 3 3 4 0 1 2 1 2 1 3 4 1 1 1 2 1 5 1 1 0 2 2 0 2 4 5 3 3 1 2 2 1 2 1 4 3 4 2 0 1 3 3 0 5 1 1 2 1 1 0 2 2 5 2 2 2 1 1 3 4 2 1 1 1 1 2 2 2 1 0 3 0 1 2 4 1 2 2 0 5 0 1 3 3 2 1 3 2 4 0 3 1 2 2 2 2 4 0 1 1 2 0 2 1 2 3 2 1 0 1 2 4 3 0 0 2 4 0 2 1 3 2 2 2 4 1 2 2 2 3 1 1 1 4 1 3 0 2 2 2 0 2 1 3 1 2 4 2 4 3 3 2 3 1 3 4 0 6 1 0 5 3 1 1 2 2 1 3 1 4 1 4 3 3 1 1 3 1 3 3 3 4 3 1 2 2 0 5 1 2 1 3 3 1 0 0 2 2 3 2 2 3 3 1 1 3 1 3 2 1 3 1 1 1 1 2 2 4 3 1 1 0 0 2 1 5 1 0 2 3 3 4 2 4 2 2 2 0 1 1 1 1 4 1 2 0 1 2 1 2 3 2 2 0 1 1 2 0 1 0 3 1 5 2 2 1 3 0 0 2 1 2 4 0 1 2 3 0 3 4 6 5 2 3 2 1 0 3 2 2 4 1 2 1 1 0 1 5 1 3 1 2 3 2 1 1 1 4 3 2 3 0 0 1 0 2 1 1 2 2 2 3 2 2 5 3 1 3 2 2 0 1 1 2 3 0 4 3 3 0 0 2 1 0 3 5 4 4 0 3 2 4 1 4 1 2 2 1 0 1 3 1 2 3 2 2 2 1 2 3 4 1 5 1 3 1 1 2 3 2 3 2 3 3 0 2 2 0 1 0 0 3 1 4 2 5 2 4 3 1 4 3 3 1 2 2 5 0 1 1 1 3 1 1 2 1 3 0 2 1 1 3 3 3 3 2 3 1 3 2 2 0 0 3 3 2 0 2 1 2 4 1 3 1 3 2 4 2 1 4 2 1 1 1 3 4 2 2 0 0 1 4 1 1 1 2 4 2 2 4 2 1 3 3 0 4 3 1 0 2 3 2 4 1 4 0 2 3 4 0 1 4 1 2 1 2 3 1 2 2 2 4 2 2 2 0 4 1 2 1 1 1 1 1 2 2 0 1 1 1 4 2 1 1 1 3 1 4 0 0 0 0 1 3 2 2 4 2 1 0 1 2 4 1 0 3 1 5 1 1 2 0 1 2 3 4 0 2 4 3 1 2 0 2 0 4 2 1 5 1 3 3 1 1 4 0 3 1 1 2 3 1 1 5 1 1 0 2 3 1 2 4 1 4 0 3 1 2 1 3 1 1 0 4 3 1 3 2 3 2 3 1 1 2 0 1 2 2 3 1 1 1 3 4 3 4 1 0 3 2 1 1 2 1 1 4 4 2 2 2 1 3 4 1 3 2 1 0 0 2 5 1 1 4 2 5 3 3 0 1 1 1 0 5 2 1 3 7 3 1 1 0 2 1 3 2 0 3 1 0 1 2 1 1 2 3 5 1 3 1 1 2 3 1 2 0 2 2 3 2 3 1 0 1 2 1 2 0 2 5 1 3 0 3 1 1 0 2 5 1 2 2 2 1 3 0 1 2 2 5 3 2 1 4 4 2 2 6 2 1 1 3 1 2 1 2 4 2 2 4 3 3 1 1 0 1 0 2 2 1 1 5 1 1 1 0 3 2 4 4 2 1 4 0 3 1 1 2 1 5 3 3 0 3 0 3 0 2 1 2 3 0 1 1 0 2 2 1 0 5 0 5 0 1 2 1 4 1 0 1 0 1 2 3 3 3 3 1 3 1 1 2 4 6 1 2 1 0 4 4 1 2 2 2 2 3 2 3 1 0 2 2 1 2 1 5 4 1 4 2 2 2 2 1 1 1 2 4 0 1 2 3 3 0 1 1 1 0 2 0 3 5 5 1 2 3 2 2 1 3 1 5 5 2 3 3 0 2 2 0 1 2 3 5 0 0 0 2 3 3 2 4 1 4 2 4 2 0 3 5 3 2 3 1 1 2 2 3 2 1 5 1 1 3 0 2 2 0 1 2 0 2 2 2 2 1 1 1 0 1 4 1 1 1 3 2 3 2 2 1 1 2 4 2 4 0 2 2 2 0 3 1 3 1 3 0 2 0 0 0 4 3 3 1 2 1 3 2 0 1 2 3 0 0 3 3 5 3 3 3 0 2 4 1 2 0 4 1 1 2 4 1 4 1 4 2 1 3 0 0 0 2 4 1 3 0 1 3 2 0 2 1 5 1 0 5 1 1 1 0 3 0 1 3 2 1 2 2 4 2 1 0 2 2 4 3 1 5 2 3 3 1 1 1 4 0 3 3 3 2 1 0 2 1 3 0 0 4 1 4 3 2 1 1 2 1 1 0 4 2 1 0 1 0 4 1 6 4 3 3 3 1 0 1 2 3 4 3 1 0 0 6 1 0 4 3 3 0 1 1 1 3 0 0 1 4 1 4 1 5 0 5 2 0 3 1 2 0 1 4 2 3 3 2 0 2 0 0 4 2 2 1 0 1 3 2 4 0 0 2 1 5 1 2 2 1 3 1 2 2 3 3 1 3 3 0 3 2 1 4 3 2 1 1 3 1 2 3 0 1 2 3 2 1 1 1 4 3 0 2 4 1 2 1 0 2 0 7 0 1 1 6 3 3 1 5 1 2 2 1 0 1 4 1 1 1 2 2 3 0 5 0 2 2 1 2 2 1 1 0 3 3 0 1 2 3 3 1 0 1 3 1 2 4 3 4 1 3 2 4 2 1 1 3 1 1 2 2 2 1 2 1 4 2 1 2 5 2 1 3 2 0 2 1 5 4 1 1 3 1 0 0 1 1 4 1 3 2 2 3 4 1 0 1 0 1 2 1 0 0 0 5 1 2 3 1 3 1 1 2 1 2 2 2 0 3 0 3 2 1 6 1 2 3 0 3 2 1 1 1 3 0 2 1 1 9 2 0 1 2 1 4 4 0 1 2 1 5 3 3 2 1 4 2 3 0 1 1 3 2 1 3 2 1 3 1 4 2 4 6 3 4 1 1 0 2 5 2 3 2 2 2 1 1 5 1 2 2 1 1 1 1 2 2 4 0 3 3 2 3 3 1 0 2 3 1 3 4 0 1 1 5 1 3 0 4 3 2 0 2 1 4 1 2 3 2 2 2 2 0 0 4 2 3 2 1 2 3 2 5 4 0 1 1 1 0 2 1 2 4 1 3 2 2 2 0 3 2 2 3 4 1 2 2 1 1 3 3 3 3 0 2 1 2 1 5 1 5 1 3 1 1 3 3 0 5 1 5 3 2 2 0 5 1 1 1 2 0 1 2 2 3 2 0 1 4 3 0 1 1 3 2 1 3 2 2 1 2 3 0 3 2 2 3 1 1 1 3 4 3 1 4 4 2 2 0 6 2 2 1 2 0 4 1 2 4 2 2 0 1 1 4 1 2 0 2 1 1 0 1 3 3 0 0 5 0 2 1 4 3 3 0 4 3 1 1 6 2 2 0 4 1 1 2 1 1 3 4 2 4 3 1 0 1 2 3 2 3 4 3 4 2 4 3 0 1 0 1 4 2 0 1 3 0 2 5 1 0 2 3 1 1 4 2 2 0 1 2 3 2 2 3 2 1 3 0 3 4 1 1 3 2 0 2 5 1 3 0 4 3 0 2 0 1 1 0 4 3 4 2 2 0 2 4 1 1 4 0 2 3 2 2 1 1 4 2 2 1 0 3 2 1 1 0 4 4 1 4 1 0 1 2 2 2 1 3 1 1 2 2 5 1 4 2 0 3 2 1 1 2 2 2 1 2 4 2 3 3 3 3 1 3 1 0 3 2 2 2 0 1 0 1 2 3 3 1 2 2 2 1 3 4 0 2 3 2 5 3 3 3 2 3 0 2 1 3 2 1 2 3 4 1 1 4 1 1 3 0 4 1 2 4 4 2 4 2 0 1 3 2 0 4 2 2 2 2 1 1 3 0 4 3 2 0 0 3 1 0 1 2 2 3 1 4 0 1 1 2 3 1 1 1 1 1 2 0 4 6 1 1 0 1 2 1 3 0 1 0 2 1 1 2 4 5 3 2 2 1 2 1 5 4 1 1 0 0 1 2 1 1 2 2 1 0 1 2 3 1 2 1 2 2 1 0 1 1 0 3 5 4 5 5 1 1 2 1 4 1 4 0 3 1 2 1 0 4 3 1 2 3 0 2 1 3 2 1 2 1 0 2 5 4 3 1 5 0 2 3 0 1 1 2 3 4 0 3 3 0 1 2 2 1 2 2 2 1 1 2 1 2 2 4 2 2 2 1 2 1 2 2 1 7 2 1 1 1 2 2 1 2 1 2 0 3 3 3 2 3 2 0 4 3 1 3 2 0 0 0 2 4 2 3 2 3 2 1 4 4 1 4 2 1 2 1 2 5 2 1 2 3 1 1 3 1 0 1 2 1 3 2 3 1 1 1 1 1 0 1 5 1 1 4 1 2 3 1 1 0 2 3 5 1 4 1 4 4 1 3 2 2 1 3 0 1 5 2 2 8 1 0 0 3 1 0 2 5 0 0 2 1 1 0 3 6 2 2 1 2 1 3 1 0 0 1 2 3 1 1 1 4 1 0 2 2 3 3 1 3 4 3 1 1 5 1 1 1 2 3 3 1 0 1 0 2 1 2 1 2 8 2 0 0 5 1 1 2 0 1 3 4 2 3 0 1 2 1 4 2 0 2 5 1 4 0 4 3 1 5 1 2 0 1 2 2 4 2 2 0 5 4 1 1 4 4 0 0 4 5 2 1 2 5 2 2 1 5 4 5 1 2 1 0 2 1 2 3 3 1 4 2 1 1 0 1 2 1 4 2 6 1 3 4 1 2 0 2 3 1 2 1 2 3 3 0 1 2 0 2 0 3 1 0 1 4 3 2 2 3 3 4 1 1 2 3 3 1 0 2 0 0 1 4 6 1 3 3 0 5 2 1 1 6 2 3 2 4 1 2 1 0 2 0 0 1 4 2 3 1 2 3 2 0 0 1 2 1 1 2 1 0 5 3 3 1 2 1 2 2 1 4 3 3 2 2 0 2 0 5 1 1 1 1 1 2 0 2 0 1 3 0 3 3 1 3 1 3 2 1 3 5 1 1 3 0 1 1 1 3 2 4 3 1 2 0 0 2 1 5 0 2 1 0 2 0 4 3 3 5 2 2 2 2 5 1 1 0 2 0 4 1 4 5 2 1 1 5 2 1 1 2 1 2 1 1 2 6 4 5 0 1 0 0 2 3 1 3 1 3 2 1 3 3 2 2 2 2 1 3 0 3 3 0 4 6 1 2 3 2 1 0 5 1 0 0 1 4 3 3 0 2 2 3 2 2 2 2 5 1 1 0 2 1 2 5 1 0 1 3 3 3 4 2 2 2 1 3 2 1 2 1 2 1 4 0 2 2 0 3 2 2 4 5 3 3 4 1 0 0 1 3 1 1 2 1 1 2 1 2 0 5 3 0 1 2 0 3 1 3 3 1 5 2 2 2 0 2 3 2 4 1 1 3 3 2 1 1 5 1 0 2 2 1 5 2 2 1 2 3 2 5 2 4 4 3 1 1 1 6 4 1 2 3 0 0 3 1 2 1 1 0 1 4 1 0 2 1 0 4 2 2 1 0 1 4 2 2 2 3 3 1 3 1 4 3 1 3 2 2 3 1 0 2 3 2 4 4 3 3 4 2 3 1 2 1 1 1 3 1 3 1 3 3 0 1 2 3 0 3 1 2 1 0 4 2 1 2 1 3 2 2 3 4 1 3 1 3 3 1 2 1 4 3 2 2 1 1 1 5 3 4 3 2 2 3 1 2 2 2 2 1 1 1 3 1 4 0 2 0 1 2 3 3 3 0 3 2 1 0 2 4 1 0 1 0 2 1 2 1 2 3 0 3 3 1 2 3 1 0 2 2 1 0 2 0 4 2 2 1 1 2 3 2 4 3 1 2 2 3 1 1 0 2 3 1 5 3 3 1 2 4 2 2 1 3 2 1 3 4 0 2 1 1 2 1 3 2 0 1 0 3 1 0 2 1 1 2 3 4 1 2 3 2 1 2 2 0 1 0 0 2 1 1 2 2 2 0 5 1 2 2 3 0 5 1 1 1 1 6 1 2 1 0 2 2 1 2 1 0 6 3 2 1 2 4 1 4 2 0 2 2 2 4 0 1 2 0 4 3 3 5 2 4 1 1 1 0 3 0 5 1 3 2 2 0 0 3 2 1 5 5 2 3 0 2 1 0 3 1 1 1 4 4 3 1 2 2 2 2 4 3 2 3 3 2 2 2 3 2 2 4 1 0 1 2 1 1 1 1 2 4 2 2 4 1 2 1 1 1 4 2 2 4 1 5 1 2 0 2 2 2 2 2 0 0 2 2 3 2 1 6 3 2 2 0 3 1 3 1 3 2 2 5 2 3 3 1 1 1 1 2 0 5 1 1 2 0 2 6 5 1 0 2 1 2 1 2 1 1 0 1 4 4 1 3 3 4 4 3 2 2 2 2 1 1 2 0 0 1 1 6 2 2 2 1 2 3 4 3 1 1 3 2 2 4 1 0 1 1 1 2 1 2 3 2 2 4 4 1 2 0 4 1 1 1 1 2 3 0 3 3 0 2 1 2 1 0 1 2 2 1 3 2 1 0 2 3 3 3 3 1 1 2 2 3 5 1 1 2 1 1 4 2 1 3 4 2 5 1 3 2 1 2 2 3 3 1 0 0 2 2 3 2 3 4 4 0 3 4 4 0 1 2 3 2 3 0 1 2 1 6 3 1 2 1 4 1 1 2 1 4 1 4 2 0 1 2 2 1 2 2 1 2 1 1 3 3 3 3 2 4 1 2 3 2 1 4 3 2 0 2 3 1 0 2 0 2 2 2 1 2 2 1 2 4 4 1 1 1 1 4 1 1 3 3 4 0 2 3 0 3 3 2 2 3 0 2 2 2 4 3 2 2 4 2 1 1 5 0 2 0 1 4 3 2 1 2 0 4 3 2 2 1 3 2 1 1 1 0 5 0 3 2 2 0 5 3 2 2 2 2 2 2 0 0 4 2 1 1 3 1 5 2 1 2 2 2 0 0 3 1 2 4 5 2 3 3 1 2 2 0 1 1 2 1 2 3 2 1 4 1 2 2 2 4 1 2 1 0 2 2 4 0 0 2 0 4 0 2 3 2 2 0 1 5 2 0 2 1 2 1 1 3 0 2 1 2 1 2 2 4 1 4 1 0 0 3 3 0 1 3 4 1 3 0 3 2 3 2 2 4 3 0 1 1 0 1 3 1 1 0 2 1 3 2 0 2 2 3 0 1 3 2 0 2 4 3 1 1 2 3 1 2 2 1 3 2 1 3 1 3 1 6 2 0 1 2 1 2 2 3 4 5 3 2 2 1 0 0 0 2 5 0 2 1 2 3 4 1 0 2 0 3 0 3 2 3 0 1 2 1 2 1 1 2 1 3 1 6 2 7 2 0 1 1 2 2 1 4 1 0 1 0 0 4 4 2 4 0 1 1 2 4 1 1 3 5 1 1 1 2 1 4 5 3 3 1 0 2 1 3 1 2 2 1 1 2 0 2 2 2 1 0 4 1 1 0 2 4 0 1 2 1 1 2 4 3 1 2 2 1 2 3 2 1 1 1 2 2 5 6 2 2 2 2 2 2 0 1 3 1 5 3 2 3 2 2 1 2 1 3 4 1 1 1 5 2 2 1 1 2 1 2 3 4 1 1 0 1 3 1 4 3 0 2 2 1 2 2 2 2 2 1 4 1 5 0 1 2 0 0 4 1 1 0 0 5 2 4 1 3 1 1 1 2 2 3 1 1 2 3 2 3 2 2 0 1 2 1 1 5 2 1 3 3 1 2 2 3 1 0 1 5 2 1 2 2 4 0 1 4 1 3 3 1 5 1 2 3 0 0 1 0 1 1 0 3 2 1 1 1 3 2 4 1 1 1 0 2 0 2 2 1 3 1 1 2 4 2 2 1 4 0 0 2 2 1 0 1 2 3 2 2 3 5 1 1 2 1 2 4 1 0 4 2 2 2 2 3 1 3 4 2 0 2 2 2 3 2 5 0 1 2 1 2 1 3 1 4 2 4 0 2 3 2 4 2 2 3 2 2 2 1 1 2 1 2 1 1 0 4 3 2 2 1 3 0 1 3 2 3 0 5 2 0 0 1 2 2 6 1 2 3 0 2 2 1 0 2 2 1 1 2 2 3 2 3 2 0 2 1 3 2 3 2 1 0 2 3 1 1 3 0 4 4 1 4 1 0 2 1 3 0 1 1 4 0 3 2 7 3 2 1 0 0 1 4 3 1 2 2 3 2 2 2 2 3 3 2 0 0 3 2 1 2 0 1 1 2 3 1 3 1 2 3 3 4 2 4 2 1 2 0 3 0 3 1 4 3 1 2 3 1 1 0 3 5 1 1 2 4 2 2 1 2 2 4 0 9 0 0 1 1 4 0 2 1 0 0 2 4 3 2 1 5 1 0 3 2 2 3 1 2 1 0 1 1 3 1 3 1 2 1 4 1 2 4 1 1 1 2 3 1 1 3 2 0 3 2 3 0 2 3 0 4 2 1 1 3 5 2 1 4 1 1 2 1 6 2 1 4 4 1 0 0 5 0 0 2 1 3 2 0 3 4 2 4 0 2 1 0 4 1 3 7 1 1 2 2 2 3 3 0 2 0 1 2 4 1 3 3 0 2 5 0 4 1 1 5 2 3 2 1 1 1 3 3 2 0 2 0 2 0 5 2 2 1 2 2 1 2 2 2 2 2 2 1 2 1 1 0 2 4 4 4 4 1 1 1 1 2 2 1 3 1 3 0 2 1 2 2 0 3 5 2 2 5 2 0 0 1 2 4 2 3 1 1 2 3 2 2 3 2 2 5 4 2 1 1 1 2 1 2 2 5 3 0 3 2 0 3 4 1 0 3 3 0 5 4 1 1 4 2 3 1 4 3 3 4 2 0 0 4 2 4 1 2 0 0 2 5 3 2 1 3 3 2 2 0 2 1 4 1 6 3 2 0 3 5 3 2 0 2 0 2 0 0 1 3 2 1 3 1 3 1 2 1 3 2 1 1 1 2 5 2 2 1 0 1 2 1 2 1 3 2 1 1 3 2 1 3 1 0 3 5 1 2 3 1 2 3 1 1 1 2 0 1 3 1 3 1 0 2 0 3 0 4 0 1 3 3 2 2 3 5 3 1 4 2 1 2 1 2 3 2 1 1 4 1 2 0 4 2 2 2 3 2 4 2 0 2 3 0 2 1 2 4 1 3 3 0 2 2 0 3 1 2 3 2 2 2 1 6 1 4 2 1 1 2 2 2 0 1 3 1 4 3 1 1 2 2 1 1 1 2 5 2 1 1 4 3 0 1 2 2 0 2 2 3 2 1 3 1 4 1 1 7 0 5 2 3 2 2 0 6 2 3 1 4 0 1 1 2 1 2 2 3 3 1 4 1 4 2 0 5 3 2 2 2 1 2 2 2 1 1 0 2 5 1 0 1 2 3 6 6 2 1 1 2 1 3 0 2 1 3 6 1 1 2 1 0 4 3 2 4 1 3 2 2 1 3 2 1 1 1 0 3 2 4 1 2 4 0 2 3 1 2 1 2 2 0 7 1 2 1 1 1 0 3 1 1 4 0 2 1 2 1 0 0 3 2 2 3 5 3 2 2 2 2 4 3 0 2 0 3 2 4 0 3 1 1 1 2 3 5 2 1 1 1 0 3 3 2 1 1 1 1 0 6 1 1 4 2 3 2 3 4 1 2 0 1 2 1 3 1 1 5 1 3 2 1 0 0 1 3 3 3 1 1 2 3 4 1 3 3 0 0 2 2 5 4 1 0 0 2 1 2 2 2 0 3 1 2 2 3 1 6 1 2 3 1 0 0 2 3 4 0 2 2 0 3 2 4 2 2 3 1 1 1 1 1 0 1 5 3 2 2 3 0 0 3 3 4 0 3 2 2 1 1 2 0 3 2 5 4 3 1 2 0 3 2 2 2 1 4 2 0 1 5 4 1 0 1 3 2 2 2 1 1 1 1 0 4 1 3 1 4 2 3 1 3 0 0 1 0 1 2 1 3 3 4 0 0 0 3 1 2 4 3 1 2 1 2 1 3 2 1 2 2 2 2 0 3 0 1 3 2 3 1 1 2 2 2 2 1 1 1 2 3 4 2 0 1 1 3 4 0 0 2 4 3 0 2 2 2 2 1 0 1 2 2 3 1 2 2 1 1 3 1 0 1 4 2 3 0 3 2 5 1 1 3 0 2 3 3 1 3 3 1 3 2 5 3 2 2 5 2 0 1 1 2 4 1 2 5 1 3 4 1 2 1 2 2 2 2 5 3 1 0 2 1 1 1 2 0 4 2 1 2 3 0 3 4 2 4 3 2 3 2 1 1 2 0 0 2 2 1 3 2 3 2 3 4 0 1 1 2 4 0 4 2 2 1 3 2 1 3 1 4 1 1 5 3 3 0 2 1 1 3 3 0 1 2 0 2 1 3 4 1 3 3 0 6 5 0 1 1 2 2 2 2 3 0 1 1 1 3 3 0 3 3 2 2 4 4 1 2 1 2 1 1 3 1 4 1 3 2 2 0 0 0 1 0 1 3 1 3 3 2 1 3 1 1 1 3 2 5 2 1 3 1 3 3 3 4 0 6 0 0 0 2 3 3 0 1 0 0 2 1 4 4 3 2 1 4 2 2 3 1 2 2 0 2 2 0 1 2 0 2 6 0 0 6 0 2 3 1 1 4 1 1 1 0 2 4 2 2 1 1 1 1 0 2 0 4 1 4 2 1 0 1 0 3 2 3 1 1 0 4 2 1 2 0 6 2 1 0 2 2 2 2 5 2 1 0 1 2 5 5 1 2 2 1 2 3 4 2 0 2 1 2 1 1 0 2 2 4 2 2 4 1 2 1 0 0 0 1 2 2 2 4 1 1 0 2 0 3 3 2 3 0 0 1 2 2 2 1 3 1 3 3 8 3 2 1 2 1 3 1 1 1 4 0 3 2 2 3 1 0 7 2 1 0 3 3 1 1 4 3 3 1 3 2 2 1 2 2 2 0 1 1 2 3 1 2 1 1 3 5 3 3 2 1 3 1 1 0 4 0 3 4 2 0 1 1 1 1 2 1 5 3 0 1 1 3 3 1 1 5 2 0 1 4 2 1 0 2 0 1 4 4 1 1 3 2 2 3 0 2 0 0 2 4 3 2 3 3 3 0 1 1 0 0 1 0 3 3 1 2 2 0 0 2 2 2 0 2 1 2 2 4 3 2 2 0 4 4 4 2 0 1 2 1 0 5 1 0 1 1 4 2 4 2 3 2 3 2 1 2 1 0 2 1 2 3 3 1 1 2 0 4 2 2 3 2 2 1 0 1 2 2 2 2 2 3 1 2 2 0 2 2 2 3 1 0 1 2 2 2 4 4 3 3 2 2 0 0 1 1 3 2 3 2 6 4 0 1 1 1 1 4 2 3 2 3 0 2 6 0 4 2 1 1 3 1 1 2 1 2 4 1 2 2 3 1 3 2 0 4 1 3 1 4 3 3 2 1 0 2 4 0 3 6 1 1 1 2 2 2 3 1 3 1 2 2 3 0 0 1 2 4 0 3 2 2 2 3 4 2 1 0 0 3 5 1 3 2 4 2 2 1 3 6 2 2 3 1 0 2 1 1 3 3 1 2 1 3 0 3 1 1 2 2 1 1 1 5 6 1 0 0 2 2 0 1 3 1 3 2 1 1 0 2 1 3 1 1 3 1 4 2 2 3 2 0 2 1 1 4 2 6 3 1 4 2 0 3 2 2 2 2 1 3 0 2 3 6 1 2 3 0 0 2 3 4 1 0 3 3 0 2 2 1 2 4 1 3 3 2 2 3 1 2 0 1 3 1 2 1 2 1 3 3 3 1 2 4 2 3 4 2 1 2 5 0 2 3 3 2 0 3 0 1 1 2 2 2 0 5 0 0 4 1 1 1 2 1 3 3 2 2 4 2 1 3 2 2 0 0 2 1 2 1 1 0 4 6 2 2 1 1 3 0 3 1 3 0 2 2 2 3 1 2 1 3 5 1 3 3 3 2 0 0 0 4 4 1 0 3 2 2 3 1 1 2 5 2 1 1 2 2 2 3 3 4 0 2 4 0 3 3 1 3 4 2 0 2 4 3 1 1 2 2 2 3 2 4 0 3 1 1 2 0 1 1 3 0 2 1 3 7 1 0 3 2 2 2 2 1 0 2 4 2 2 4 3 3 1 2 7 1 2 2 2 2 2 3 2 0 4 2 2 1 1 2 1 1 1 1 1 2 2 2 0 5 0 1 1 3 2 3 2 4 1 2 1 1 2 2 1 1 1 1 3 5 1 1 2 3 3 0 0 0 3 3 4 1 2 3 2 0 3 0 3 3 3 1 1 6 0 3 3 2 0 4 3 4 4 2 0 1 5 2 2 1 0 1 3 2 2 3 2 3 1 1 2 3 2 0 1 1 1 2 2 4 3 2 0 1 1 3 3 4 0 1 1 0 2 2 3 5 2 6 1 1 2 1 5 2 0 5 4 2 1 3 1 2 4 1 1 0 5 2 1 4 0 1 7 3 2 2 2 1 1 0 3 6 3 3 3 4 2 2 1 0 1 4 4 0 2 5 1 4 2 3 3 0 0 0 3 4 3 3 2 0 1 4 1 4 4 6 1 0 1 0 0 2 2 3 4 6 3 1 1 1 1 2 2 3 1 0 4 0 1 6 0 2 3 0 2 2 2 1 1 1 2 2 1 3 3 3 3 0 3 1 2 3 3 3 1 3 4 1 2 2 1 2 3 3 4 1 2 3 1 1 6 1 2 2 1 2 0 1 2 1 1 2 1 5 2 0 3 2 1 2 3 3 3 1 4 1 0 4 1 2 2 1 3 3 2 1 2 3 2 3 2 1 0 3 1 5 2 2 3 2 0 2 3 2 1 3 4 0 3 4 0 1 1 0 0 2 3 0 1 2 2 0 3 4 3 0 2 3 2 3 1 1 1 1 3 1 4 2 3 3 0 3 1 3 2 2 1 5 2 4 1 2 5 0 4 0 2 1 2 0 5 4 5 5 0 1 1 2 2 1 5 1 1 2 3 0 0 1 1 2 2 0 1 2 4 1 2 1 0 0 1 3 7 1 1 0 2 2 3 3 0 1 4 0 3 2 1 0 4 2 0 0 7 0 1 2 1 3 3 1 3 1 2 4 2 2 1 2 1 1 1 1 2 2 4 2 5 0 3 2 5 1 1 3 2 2 1 2 1 2 2 1 2 1 1 4 3 3 2 1 3 2 2 0 1 4 1 3 2 1 2 1 2 6 3 3 1 0 3 2 0 1 1 1 5 6 1 4 4 3 2 3 1 5 2 3 2 1 3 1 0 1 0 3 2 1 3 0 1 2 4 2 1 5 1 1 3 2 2 2 1 1 2 1 1 1 3 2 3 3 2 1 1 2 1 3 3 2 2 0 5 1 3 2 1 3 5 2 0 3 0 1 2 2 2 2 1 8 0 1 3 5 2 1 2 3 3 2 0 1 2 0 2 2 1 0 1 3 3 1 2 1 1 3 3 3 0 1 3 1 2 4 2 5 4 1 4 2 2 2 2 0 1 1 3 2 5 2 3 2 1 2 1 4 0 1 1 0 0 4 1 3 2 3 3 2 3 1 0 1 1 3 0 2 3 2 1 4 3 2 5 0 2 4 1 1 3 1 1 3 3 0 1 1 2 0 0 7 0 2 2 0 2 4 0 2 2 3 2 1 0 4 0 4 1 3 4 1 2 2 0 0 1 4 3 0 2 2 4 3 0 3 2 2 1 3 1 3 0 4 1 1 1 4 2 0 0 1 2 1 2 2 3 4 2 3 5 2 2 1 1 4 3 0 1 3 2 1 3 1 1 2 2 5 1 4 1 0 1 4 1 3 2 3 0 3 3 4 3 1 3 1 2 0 1 2 0 1 0 1 1 5 0 3 3 2 3 2 2 2 3 1 3 3 1 1 3 1 1 2 2 2 3 0 2 4 0 4 4 2 1 2 3 0 4 3 1 1 1 0 0 1 1 2 2 2 3 1 0 1 1 1 2 4 3 1 1 1 3 3 3 1 5 2 3 2 1 4 0 2 1 8 2 3 2 2 2 2 0 2 0 0 3 6 2 1 2 2 4 5 0 1 3 1 2 1 1 0 1 6 1 1 2 1 3 4 1 4 1 1 5 3 0 1 3 0 1 2 0 1 3 2 2 2 1 3 4 1 1 3 1 2 3 2 1 0 0 5 0 3 0 2 1 3 3 2 3 1 3 3 2 2 4 3 1 2 1 1 3 1 5 1 2 3 0 1 0 2 0 3 2 1 4 2 1 4 2 5 3 0 1 2 3 0 3 1 2 5 1 0 4 2 1 3 2 1 3 3 2 4 1 4 0 2 2 1 0 3 0 2 3 1 1 4 1 1 0 3 2 1 2 5 5 2 2 3 1 4 0 1 1 0 0 2 4 4 1 3 2 1 3 0 2 1 3 2 3 0 2 2 2 1 3 1 0 1 0 5 3 0 4 1 4 1 1 2 1 2 3 0 2 1 0 3 1 1 3 3 2 2 2 1 3 3 3 0 2 5 4 1 2 1 3 3 2 1 1 2 5 3 4 5 0 0 2 0 2 2 1 0 3 3 3 2 1 3 1 2 1 3 1 4 1 0 2 0 1 3 2 1 2 2 5 4 1 1 1 0 3 2 2 3 3 4 0 0 1 1 1 1 3 2 1 4 1 2 2 3 1 1 2 1 4 2 0 2 2 3 3 3 1 2 3 3 2 4 2 4 2 1 0 2 1 2 2 3 2 3 3 1 2 3 1 1 4 6 1 1 1 2 2 0 0 3 1 2 4 2 1 2 2 3 3 5 2 1 0 1 1 0 2 1 2 1 2 2 6 2 3 3 2 3 1 1 1 1 1 0 4 2 2 1 2 4 2 2 1 1 2 1 4 2 5 4 3 1 1 1 3 1 1 3 2 1 1 2 0 4 2 4 2 0 1 2 1 2 1 0 3 1 2 2 2 3 2 4 0 7 5 4 1 2 2 2 2 1 1 1 4 3 0 0 0 1 1 6 2 5 4 8 0 1 0 3 1 1 3 1 2 1 3 0 2 1 1 3 4 2 2 2 1 1 3 3 1 3 0 7 1 3 5 0 1 2 0 1 0 3 1 2 4 2 1 5 3 3 2 2 1 5 2 1 3 2 0 3 5 0 2 2 2 1 0 4 4 5 2 0 4 0 1 2 2 0 3 3 5 1 2 2 0 2 1 3 1 4 2 1 3 1 3 3 7 2 0 0 0 2 1 2 4 1 3 2 1 1 2 3 1 1 3 5 0 4 0 2 1 3 3 0 3 1 2 3 0 3 1 3 1 4 0 3 2 1 3 2 2 2 0 4 2 3 3 0 3 1 6 1 1 1 2 4 1 4 1 1 4 3 2 2 1 1 1 3 3 4 0 1 4 3 2 2 3 4 0 2 0 3 3 3 1 2 2 1 2 3 0 3 1 1 1 3 5 1 1 2 3 2 0 2 0 3 1 1 3 2 0 2 2 1 1 3 1 2 1 1 4 1 2 2 1 0 1 3 2 0 1 1 5 0 1 6 1 0 1 0 1 1 5 2 0 1 2 2 1 3 4 1 3 3 1 0 5 2 1 1 3 2 1 3 3 3 2 2 3 2 3 4 3 4 1 3 1 7 3 3 3 3 0 1 1 3 1 3 4 1 2 2 5 1 3 2 2 3 3 1 2 3 2 2 0 2 1 1 2 4 5 2 2 0 1 1 3 2 2 2 1 0 0 2 4 3 2 0 3 5 4 3 2 1 1 0 3 2 5 2 2 2 2 0 5 3 1 4 1 3 1 1 1 4 3 2 6 1 4 1 3 2 2 1 0 1 2 3 3 2 4 2 2 2 1 2 2 2 1 2 4 1 2 2 3 1 5 1 2 0 1 0 2 3 4 1 0 4 2 2 2 5 2 2 3 1 2 2 1 3 3 1 4 1 1 1 2 3 2 1 3 0 1 4 3 1 3 6 1 1 5 1 2 3 3 1 5 1 3 0 3 4 1 4 1 2 3 0 1 4 0 3 0 4 1 4 2 3 3 0 2 2 1 5 1 2 1 3 0 1 2 5 2 3 2 5 0 1 1 2 2 3 1 4 2 5 1 2 0 3 3 1 2 1 5 1 1 2 2 1 0 1 2 2 6 2 1 4 0 2 2 0 1 3 1 2 1 1 1 3 0 0 1 3 1 2 1 0 0 3 1 2 3 1 2 2 4 5 1 0 2 2 2 1 4 1 4 1 1 0 2 4 1 4 2 3 2 0 1 0 2 2 3 2 1 2 1 2 1 4 3 2 1 0 2 1 3 0 2 4 4 1 1 4 3 3 1 3 1 2 3 1 2 4 2 1 2 3 1 2 1 5 3 4 1 2 2 0 2 1 2 1 1 4 1 2 2 2 3 1 4 1 1 0 1 3 2 1 2 3 2 3 4 2 2 1 0 2 5 1 4 2 1 2 0 0 6 1 5 2 2 1 1 2 2 2 0 1 0 3 1 2 2 1 0 2 1 1 4 1 3 1 1 0 0 1 4 1 3 2 2 4 2 1 2 2 4 3 1 2 3 4 3 0 4 1 3 2 2 2 2 5 2 2 3 1 1 2 2 3 1 3 1 1 4 1 1 2 3 2 3 1 1 0 3 1 3 2 1 2 1 1 6 1 1 2 1 3 1 1 8 2 2 4 0 1 0 1 2 3 0 4 5 2 4 1 2 3 2 0 2 3 1 3 2 1 3 3 1 1 3 1 1 0 1 1 1 1 4 2 6 3 3 1 0 1 3 0 2 2 1 1 4 3 2 1 1 3 2 1 1 3 4 2 1 2 3 0 2 2 4 3 4 1 0 4 1 0 2 0 4 2 3 0 4 1 1 1 2 3 1 1 1 0 2 1 1 4 3 2 1 2 2 0 1 3 5 0 3 1 0 3 3 2 1 3 3 3 3 4 0 2 0 2 0 2 3 3 0 5 2 2 3 3 3 0 3 2 3 3 2 1 3 3 1 2 1 1 1 1 1 2 1 2 5 2 1 1 1 2 0 1 5 1 4 1 4 1 4 2 2 2 3 0 3 3 2 0 2 0 5 2 4 1 1 1 1 2 3 1 2 3 1 2 2 4 4 4 0 3 0 1 1 0 5 0 3 2 2 2 3 3 2 1 3 0 1 1 1 3 3 0 2 2 2 0 4 2 2 3 1 3 1 2 1 3 1 0 2 4 2 2 2 3 1 3 1 5 3 1 2 2 1 3 2 1 2 0 1 3 0 3 2 1 0 5 4 1 1 2 1 1 2 2 4 2 2 0 3 2 0 0 1 4 0 1 0 2 1 3 4 2 4 2 1 5 1 3 2 0 0 0 0 1 1 3 0 2 2 1 2 5 2 2 3 5 0 2 0 0 0 1 1 2 0 6 1 2 3 2 3 2 0 2 1 3 1 1 3 2 1 2 2 1 0 1 1 3 3 2 1 3 1 3 2 4 2 0 1 4 3 1 3 3 2 3 0 3 1 2 0 1 1 4 3 2 1 1 4 4 2 1 2 3 0 3 1 2 3 2 3 1 2 0 1 3 2 1 6 3 0 2 0 1 2 0 0 2 0 1 7 3 0 0 0 3 1 2 1 2 2 0 2 2 4 1 1 1 2 0 2 1 0 1 2 3 3 1 2 5 1 1 1 2 1 0 0 3 3 1 2 1 0 2 1 4 1 0 3 1 0 4 3 3 0 3 3 3 2 3 3 3 1 2 1 3 1 3 2 0 3 1 1 1 4 0 1 1 2 2 0 0 2 4 1 0 2 1 1 3 2 4 0 0 2 2 3 2 2 0 3 2 2 2 3 0 2 5 1 1 5 4 0 2 2 0 2 4 3 4 1 2 2 2 1 1 3 2 1 1 3 2 0 3 1 5 2 0 3 3 1 2 3 3 0 2 2 2 2 3 1 2 1 2 1 3 2 4 2 2 3 1 3 2 2 3 2 2 1 3 2 2 2 1 2 2 0 2 0 1 1 4 3 2 3 2 4 1 0 0 4 2 1 3 2 3 2 4 0 2 4 1 3 0 1 1 5 2 0 1 2 1 1 2 2 3 2 1 2 2 1 2 1 3 1 2 0 2 1 2 3 1 0 3 4 1 1 2 2 2 2 1 1 0 4 2 0 3 0 3 2 2 5 0 4 1 2 2 1 1 1 1 0 3 1 1 2 4 2 2 4 4 2 2 4 0 1 0 1 3 4 1 3 1 2 4 2 0 1 1 3 3 0 3 1 4 3 3 2 2 4 1 2 2 0 2 4 0 1 1 2 2 1 3 4 3 1 0 1 1 3 3 2 3 1 0 3 2 1 3 2 1 2 4 2 2 0 2 2 2 0 3 0 0 2 3 3 3 1 4 5 1 3 2 2 2 6 1 1 1 6 1 1 2 3 1 2 3 3 1 5 0 1 1 0 3 0 1 2 1 1 0 0 7 2 2 1 0 0 2 2 0 1 0 1 1 1 3 4 3 4 2 2 1 4 1 2 2 3 1 3 0 0 1 5 1 2 5 2 2 1 2 1 4 1 1 2 0 2 1 2 2 1 3 3 2 3 3 2 1 2 2 3 0 1 1 2 0 3 4 1 4 4 0 0 3 0 3 3 1 3 5 3 2 1 2 2 4 2 2 2 3 4 1 2 1 2 0 0 1 2 1 0 5 3 1 1 5 0 2 1 0 2 0 3 2 4 2 1 1 3 2 0 1 2 2 1 4 0 2 3 1 2 3 1 1 2 1 2 2 3 1 0 3 0 1 4 1 5 1 6 3 2 1 5 0 2 3 1 3 1 2 3 3 2 2 0 0 3 1 3 0 1 1 1 2 0 3 1 2 5 2 5 2 2 0 0 2 1 1 1 2 4 2 4 2 3 2 2 2 1 2 4 3 1 0 0 4 3 2 3 1 1 1 4 1 2 2 2 0 1 4 3 2 2 3 0 1 3 3 6 0 2 1 1 2 1 1 1 1 0 3 3 2 0 0 2 2 1 1 3 3 4 1 2 3 1 3 3 2 1 1 3 2 2 2 2 0 2 1 5 5 3 2 2 3 0 2 4 1 1 1 1 4 3 4 4 3 1 3 0 1 1 1 1 1 3 3 0 4 3 1 1 5 0 3 1 1 2 0 4 0 2 2 3 0 1 1 2 2 0 2 4 2 1 1 0 3 0 2 4 0 2 2 3 4 0 1 1 2 2 1 2 2 1 3 2 7 3 3 0 1 2 0 3 3 6 4 2 3 2 2 0 3 2 3 1 2 2 5 1 1 3 0 0 4 2 0 3 6 2 3 1 1 2 1 2 0 1 2 3 0 3 1 1 5 1 2 4 3 0 3 0 3 3 4 1 2 0 2 0 2 1 2 0 1 1 3 1 3 5 0 1 2 3 2 5 3 5 1 2 1 3 3 1 3 2 3 2 1 3 2 3 3 1 0 1 2 5 0 3 3 4 3 2 5 2 1 2 2 3 0 1 2 1 1 5 3 1 1 5 1 4 0 3 1 1 1 2 3 2 3 2 1 5 2 2 1 1 3 1 2 0 2 1 0 2 3 3 2 0 0 1 1 4 1 4 1 4 2 1 2 1 1 5 3 2 2 2 1 3 3 3 2 4 3 2 1 2 3 4 3 2 2 4 1 1 1 0 2 0 1 1 3 3 1 5 2 1 0 0 1 2 3 3 3 0 0 3 0 1 2 0 0 1 4 0 4 3 1 3 2 2 0 2 2 2 2 2 1 2 2 0 3 1 2 2 2 1 3 2 2 0 2 5 3 1 0 4 0 2 3 4 1 1 1 0 0 2 5 2 4 4 1 1 1 2 0 5 2 1 3 2 1 2 3 1 1 1 1 2 1 1 4 1 4 1 2 2 1 1 3 2 2 2 1 1 2 2 1 4 3 4 4 1 4 2 2 2 1 0 3 0 0 3 1 0 3 3 1 3 1 1 1 1 0 2 2 0 3 2 0 2 3 0 2 1 3 3 4 1 4 0 2 3 1 3 1 4 1 2 3 0 3 0 0 1 1 3 5 3 2 1 2 1 3 3 0 3 3 1 0 0 1 3 0 2 3 4 4 1 1 2 1 1 2 2 1 1 1 3 2 2 0 1 2 2 0 3 4 1 2 4 1 1 2 1 3 3 2 3 3 1 1 2 2 1 0 2 5 2 0 0 3 1 2 3 0 4 2 4 0 1 2 2 1 5 1 1 3 0 2 3 1 3 2 2 1 2 3 1 2 3 1 2 5 1 4 2 0 2 2 1 2 0 6 0 1 0 1 3 3 0 2 2 1 3 4 1 2 0 5 1 1 2 1 1 3 0 1 4 1 2 0 2 2 3 1 1 4 2 4 1 1 0 3 0 0 2 3 5 1 1 1 2 5 1 0 1 1 4 5 1 2 2 3 2 2 1 1 2 1 0 1 4 2 2 1 1 3 4 1 1 4 1 4 0 1 3 1 1 2 1 3 3 2 2 2 2 1 5 1 2 3 2 0 4 2 3 1 1 0 4 1 2 4 2 4 1 2 2 1 1 1 2 0 1 2 1 2 1 0 2 2 0 5 4 4 3 2 1 1 1 0 4 2 2 2 1 2 1 0 0 3 1 2 1 5 1 0 4 1 1 1 2 0 2 2 3 2 4 2 0 0 1 3 1 3 1 0 1 5 1 1 2 1 5 0 0 3 2 2 3 1 1 6 3 1 3 3 0 2 3 2 4 1 2 5 2 3 1 4 1 1 3 2 1 1 4 4 1 1 1 3 2 3 1 1 2 1 2 2 1 0 1 1 2 3 0 4 1 4 2 1 1 2 2 2 1 0 2 1 2 1 2 4 3 2 1 1 3 2 4 5 1 0 0 4 2 1 2 3 2 1 4 3 4 2 3 1 1 2 1 1 2 3 0 5 3 3 1 2 2 2 2 2 1 2 1 2 1 1 2 2 3 2 3 1 0 3 1 1 1 3 0 2 2 5 2 3 3 0 1 0 1 3 1 3 2 3 1 2 1 4 2 5 2 4 0 1 2 3 3 1 1 3 1 1 2 1 1 1 1 4 1 2 1 2 1 3 0 0 1 4 2 1 1 1 2 0 2 2 3 2 3 2 1 2 0 4 1 1 3 1 2 4 2 1 2 2 2 2 0 3 1 1 3 2 2 2 2 6 0 0 0 1 2 2 0 0 0 4 2 2 2 2 3 0 2 1 1 4 0 2 1 6 3 2 4 5 1 2 1 1 3 0 3 2 1 2 2 4 4 1 1 1 2 1 2 1 3 2 1 1 1 1 1 2 3 7 2 1 4 1 0 1 4 4 3 1 4 2 2 0 2 2 2 0 1 2 1 3 1 6 4 1 0 3 4 3 1 2 0 4 3 2 1 0 4 3 1 2 1 1 2 4 2 1 2 1 2 1 0 1 4 4 3 0 0 5 0 3 0 4 2 4 3 1 2 5 1 1 0 2 2 3 3 1 1 1 3 3 2 3 0 0 3 2 2 2 0 2 3 1 2 3 3 0 4 4 3 3 1 0 0 3 2 5 2 1 1 3 2 5 2 1 1 2 2 2 2 5 2 2 4 3 0 1 0 3 1 1 1 1 3 1 4 2 1 5 1 0 1 1 3 0 5 4 2 1 3 1 2 3 1 1 2 3 1 1 2 0 1 0 2 1 0 0 3 3 6 1 0 0 1 0 4 1 3 1 3 4 3 1 2 1 2 2 1 3 0 3 1 5 1 3 0 2 1 1 1 0 0 1 2 0 6 2 0 1 5 2 1 4 1 2 2 2 4 3 0 3 2 0 2 1 2 0 3 2 2 4 0 2 1 1 3 1 3 1 2 2 0 0 2 3 1 3 2 2 2 2 3 0 0 2 2 5 1 1 1 2 3 1 0 3 2 1 4 1 2 3 1 2 2 1 2 2 2 4 3 1 1 1 1 1 1 0 1 3 3 0 1 2 3 2 1 1 2 2 2 1 1 3 3 4 2 2 2 3 1 2 2 0 2 4 1 2 1 1 3 2 2 1 2 1 2 7 5 2 1 0 5 2 0 1 1 2 3 2 5 4 2 2 1 2 4 0 2 1 3 5 2 0 2 2 3 3 4 2 4 2 0 1 0 4 4 0 3 4 2 2 3 2 3 2 3 2 0 0 3 0 1 0 5 1 2 1 4 0 5 4 0 5 1 0 1 1 2 3 1 0 1 1 1 2 1 3 3 3 2 4 3 4 1 0 1 2 1 1 2 0 2 5 2 2 1 1 3 3 2 2 2 4 1 2 2 2 2 3 2 1 1 1 3 1 0 4 3 3 3 1 1 6 3 1 1 3 1 0 3 4 0 1 4 3 1 4 1 4 2 2 1 0 3 2 2 2 2 2 3 1 0 2 0 5 4 0 3 1 1 0 2 2 1 4 1 6 1 1 1 2 2 3 1 3 4 4 4 0 2 0 1 1 3 2 0 3 4 4 2 0 2 1 1 0 1 3 4 2 1 2 4 1 1 4 3 5 1 4 1 0 1 0 1 0 4 2 0 4 2 1 4 3 0 0 3 0 3 1 0 0 2 0 1 2 4 2 3 3 2 2 2 2 2 0 1 3 0 3 7 2 0 0 2 1 1 8 1 4 2 1 1 3 4 3 1 1 1 1 1 2 3 1 3 1 1 1 4 2 1 1 1 3 2 3 0 2 1 3 3 2 2 5 2 3 2 2 2 0 2 1 2 3 3 2 0 2 4 1 4 3 2 4 1 2 2 2 2 0 2 4 2 1 1 1 2 2 3 5 2 2 1 0 1 1 3 4 2 1 3 2 1 0 3 1 3 2 2 3 3 0 2 2 2 1 1 1 5 3 2 1 0 1 1 4 3 1 2 0 1 0 4 2 2 2 2 0 3 4 1 3 2 1 1 2 3 1 0 0 3 1 0 2 5 0 2 2 3 4 5 2 1 3 0 2 3 4 4 0 2 3 2 4 1 1 2 2 3 1 4 3 3 3 0 0 2 0 2 0 1 1 4 3 0 1 3 0 1 4 1 1 2 3 1 2 0 1 4 2 2 2 2 1 4 3 3 2 2 2 2 2 3 3 3 1 3 2 3 3 0 1 0 2 2 2 5 3 1 0 0 2 3 3 3 1 2 1 2 0 0 2 6 0 2 2 1 0 3 0 2 2 1 2 2 3 3 1 3 2 3 4 1 3 0 0 1 2 2 2 0 2 4 3 3 1 7 2 2 2 1 1 1 1 0 1 0 4 2 0 2 4 1 2 2 3 1 3 2 3 5 2 0 1 0 3 2 1 2 3 3 2 3 2 0 0 2 1 1 2 1 5 1 0 1 3 1 2 2 3 1 4 1 3 1 1 4 3 2 2 1 0 1 1 3 2 5 4 1 5 1 1 0 2 0 1 1 2 5 3 0 3 0 4 0 2 2 2 1 1 0 3 1 3 0 4 4 2 0 1 2 2 2 2 2 4 0 4 2 3 3 0 1 2 1 3 1 2 7 1 0 1 2 1 3 0 0 2 1 3 2 0 1 2 6 5 3 1 3 4 4 1 2 1 2 1 3 3 0 2 4 1 0 2 1 2 0 6 0 0 3 2 3 1 3 0 1 2 3 1 1 4 1 2 2 4 2 3 2 2 1 3 1 2 2 5 1 1 0 0 2 3 3 1 2 5 5 2 0 2 1 3 0 4 1 1 1 1 1 2 0 2 3 3 1 1 1 0 2 1 1 5 3 1 3 3 0 3 0 2 2 1 2 1 2 3 1 0 1 4 3 2 1 0 3 2 3 2 4 2 4 2 0 4 1 1 3 4 2 1 0 2 1 3 3 2 0 5 0 3 0 1 3 2 2 2 3 1 5 2 0 3 1 1 1 2 5 5 2 1 3 3 0 1 1 1 3 1 1 1 3 1 1 2 3 2 2 3 3 0 3 1 0 2 2 2 2 1 3 5 2 1 2 1 3 2 1 2 1 4 1 3 2 2 1 3 1 3 3 3 1 3 2 0 2 2 2 3 1 2 4 3 1 4 0 5 3 0 4 1 4 1 3 3 2 1 1 1 3 3 3 1 3 2 2 1 2 2 2 4 1 0 1 4 1 1 1 2 1 0 2 2 2 1 0 5 4 0 2 2 3 2 2 0 2 2 1 1 1 2 4 1 0 3 1 3 1 1 1 1 3 1 1 0 2 3 3 3 1 8 2 1 1 1 4 1 3 0 1 2 6 5 0 4 0 0 6 4 3 1 0 1 6 2 2 1 2 4 0 1 2 1 2 2 3 0 4 1 0 1 1 1 0 2 0 1 3 1 2 1 4 1 2 3 1 3 2 3 2 0 2 1 2 2 5 3 1 2 2 1 2 1 2 4 1 3 3 2 2 1 4 1 2 1 0 2 2 3 2 4 4 3 1 3 2 4 1 3 1 0 4 2 0 0 5 5 1 3 0 4 2 1 1 4 1 2 1 2 1 1 5 2 0 2 0 2 4 3 2 1 1 2 0 3 0 5 0 4 1 2 1 0 2 3 5 1 1 5 1 3 0 0 2 0 2 1 2 4 1 5 2 3 4 2 1 4 1 1 4 0 1 0 3 0 1 0 4 3 3 1 2 1 1 2 1 1 2 2 3 3 4 2 1 3 4 1 1 1 4 1 1 1 1 1 1 2 2 2 2 2 3 2 2 1 2 1 1 2 2 2 2 3 3 1 1 2 2 3 2 2 0 4 2 1 3 3 4 3 0 2 2 3 6 1 3 4 2 0 0 1 2 0 5 0 1 4 1 0 2 2 3 5 3 2 3 2 1 0 3 0 2 3 4 2 5 1 0 1 0 1 2 4 0 1 4 5 2 1 5 3 1 1 0 3 2 0 2 1 2 2 1 2 4 2 4 3 1 1 2 1 1 2 2 2 2 2 1 2 0 2 2 2 2 3 1 1 1 5 2 2 2 2 2 1 2 0 2 2 0 2 1 4 3 6 4 3 2 1 1 2 5 3 0 1 1 3 1 4 2 0 4 1 2 2 2 2 2 5 1 1 3 1 1 3 0 5 3 1 3 2 1 4 2 1 1 2 1 1 1 4 4 1 1 0 1 1 1 1 4 2 0 2 3 0 3 0 2 1 0 3 2 1 2 2 1 3 2 2 2 1 4 2 3 1 0 7 0 2 1 4 3 2 3 1 3 3 2 3 3 1 0 3 1 2 1 2 4 4 0 3 0 4 2 2 3 4 0 1 2 2 2 0 3 3 3 1 1 0 2 2 1 3 1 2 1 4 1 1 0 2 5 1 4 0 2 4 0 5 1 0 0 3 2 2 4 1 4 1 1 1 1 2 2 1 0 3 2 1 1 3 2 1 1 2 2 2 4 1 3 2 0 0 1 1 5 1 2 1 0 4 6 0 2 0 3 4 3 3 0 1 2 3 1 0 2 4 1 4 0 3 2 2 2 1 3 2 1 1 2 3 3 2 2 0 3 0 3 0 4 2 4 2 0 2 3 2 3 1 0 2 3 2 3 4 1 3 2 0 1 1 1 1 1 0 0 1 3 4 2 1 2 5 2 5 1 1 5 0 2 1 1 2 1 2 2 1 2 1 2 3 1 3 1 0 2 0 2 2 1 2 2 1 1 3 2 3 2 4 0 1 2 2 2 2 2 1 2 2 1 2 2 3 5 1 1 0 2 2 1 2 2 1 2 0 0 0 1 3 1 1 3 1 3 2 1 3 2 1 1 4 3 1 1 1 2 3 0 1 2 3 3 2 3 0 4 0 3 3 2 5 5 1 3 0 2 2 1 3 3 1 2 0 2 2 0 4 3 2 1 1 4 1 2 0 4 1 5 2 0 3 2 3 4 3 1 2 3 1 2 3 3 1 0 2 4 0 1 4 0 2 2 3 2 4 3 1 3 2 3 2 5 3 4 0 1 5 3 1 6 3 0 1 1 3 2 1 4 1 2 0 1 1 5 4 4 2 1 1 0 0 4 2 3 2 3 3 1 2 1 3 4 2 1 2 2 2 1 2 1 4 1 5 1 2 3 1 4 3 0 2 0 1 3 1 2 2 2 2 2 3 3 0 2 5 5 0 2 2 2 4 3 0 0 4 3 2 2 1 2 1 0 6 2 2 4 1 3 1 3 0 1 3 1 2 0 3 3 1 2 2 0 4 3 3 6 2 2 3 5 0 1 1 0 2 2 2 1 3 0 1 4 1 1 1 1 1 0 2 4 2 1 2 2 2 4 0 2 3 3 2 0 2 2 1 3 3 3 5 3 2 2 0 2 2 3 1 1 2 6 3 1 2 1 2 2 1 2 3 2 2 1 1 1 1 1 5 1 4 3 1 3 2 0 2 2 1 2 1 2 3 2 2 1 0 0 2 0 1 2 2 4 4 6 2 2 1 1 3 2 2 3 1 4 2 1 3 1 7 1 2 4 0 3 2 1 2 4 3 2 4 3 1 2 1 2 3 4 2 3 0 3 2 1 0 4 4 1 2 3 3 1 2 0 1 3 0 0 3 4 6 2 2 0 0 4 1 3 2 1 1 0 1 1 1 1 0 2 5 1 1 2 4 3 0 3 1 0 1 5 2 5 1 2 0 1 2 1 2 2 3 3 4 1 0 1 2 2 2 2 2 4 2 1 1 0 0 2 5 2 3 0 2 2 1 1 3 3 3 1 1 3 5 3 1 1 3 2 1 1 5 5 1 1 3 0 2 2 3 0 2 3 3 3 1 0 5 0 0 1 1 0 2 3 1 3 6 2 0 2 2 4 2 2 1 1 2 2 2 4 3 1 0 4 1 1 2 1 0 7 1 2 1 2 4 4 0 1 3 1 1 0 1 2 3 3 1 3 4 1 3 4 0 2 0 4 4 1 1 2 0 6 1 2 0 3 1 1 1 0 4 1 4 1 2 1 3 0 2 1 2 2 0 3 4 4 0 1 2 1 2 2 2 0 3 3 3 0 0 2 2 2 1 5 1 3 0 3 6 4 2 1 4 4 3 0 2 1 4 3 2 1 2 3 2 3 1 4 3 0 2 0 3 1 0 0 1 4 1 0 4 1 3 4 1 1 4 2 1 2 0 2 1 2 1 2 2 0 3 2 3 1 1 2 1 2 2 2 2 1 3 2 0 4 1 4 0 4 2 0 0 1 3 1 1 3 0 1 2 2 3 0 3 1 0 0 2 2 4 3 2 3 2 5 1 3 2 1 2 2 1 3 2 3 0 5 2 3 0 3 3 2 1 2 1 2 0 1 2 2 4 2 6 2 1 1 1 2 2 0 4 1 0 3 3 2 3 5 2 1 2 3 1 0 0 0 3 0 5 1 3 0 5 0 3 1 0 3 1 1 1 3 2 5 1 2 2 2 0 2 3 0 2 1 1 1 1 2 3 1 1 1 3 2 1 4 2 5 3 2 2 0 4 3 0 5 0 2 0 1 0 4 2 1 0 2 2 5 4 3 2 2 1 2 2 1 3 3 3 2 3 2 1 3 2 1 1 0 3 2 1 3 2 3 0 0 3 5 1 3 5 3 1 2 2 0 2 0 2 0 2 1 4 3 0 1 3 3 3 1 2 4 2 1 1 0 3 1 0 3 0 3 1 3 3 3 1 3 0 3 2 3 1 3 1 2 2 2 3 2 2 1 3 1 0 1 2 2 2 0 1 3 1 3 4 0 1 2 1 0 2 3 1 4 1 1 1 0 4 2 2 1 1 1 2 1 1 1 1 4 4 2 1 1 4 5 2 2 3 3 2 3 4 2 1 0 3 1 2 2 2 1 2 3 4 1 5 1 1 1 5 1 3 5 1 1 4 1 2 2 2 0 1 0 5 0 3 3 2 1 4 4 2 3 1 3 0 3 4 1 0 4 0 3 2 4 1 2 1 3 2 2 1 1 0 1 2 2 4 3 1 3 1 2 1 3 0 2 0 3 1 2 2 1 3 2 4 2 1 2 2 0 2 3 3 1 1 3 1 2 3 1 2 0 1 0 4 0 3 2 4 5 2 0 2 2 3 3 4 1 2 2 0 2 3 2 1 1 1 3 2 2 1 3 1 0 1 1 1 0 3 3 4 3 2 3 1 1 1 2 5 0 4 2 2 3 2 2 1 2 3 2 1 2 3 2 1 3 3 1 1 2 2 3 1 0 2 4 1 1 1 3 1 3 2 0 1 2 1 1 3 1 1 3 3 1 3 1 4 1 2 7 2 3 0 0 3 1 2 3 3 2 0 0 1 1 4 1 2 3 1 2 3 2 0 0 2 2 3 5 2 5 1 4 3 2 2 3 1 1 2 3 2 1 1 2 4 4 0 4 4 3 4 2 1 2 1 4 2 2 2 2 5 4 0 0 2 2 2 1 1 2 0 3 3 5 4 2 2 2 1 2 1 1 2 0 2 2 1 1 1 0 4 3 3 2 3 3 2 3 0 3 3 1 4 2 2 4 2 2 2 4 5 1 3 2 2 2 2 3 1 4 3 2 4 3 1 2 1 1 1 2 4 3 4 1 2 3 2 3 1 3 0 3 3 2 2 5 2 0 1 3 4 1 1 1 3 2 2 3 0 6 2 1 2 1 3 3 6 1 1 2 2 1 2 2 3 1 2 4 1 1 0 3 3 2 0 0 4 0 0 2 2 2 1 1 2 3 2 2 3 1 3 5 2 1 1 4 2 1 6 2 0 4 1 2 1 2 5 1 1 1 1 4 1 2 2 1 0 3 1 1 1 3 1 4 1 1 1 7 1 1 2 3 1 3 3 1 2 3 2 3 2 3 1 3 1 2 3 2 1 2 0 3 1 3 7 2 2 2 1 2 0 1 3 1 5 1 1 4 1 2 6 2 5 0 2 1 2 4 5 0 2 0 2 2 3 1 2 1 0 4 6 4 3 3 1 3 1 0 2 4 1 3 0 1 2 0 2 2 0 7 3 2 2 3 4 0 2 0 2 1 1 3 3 3 3 2 2 3 4 2 3 1 1 1 2 3 0 1 1 3 5 4 2 0 1 2 5 1 1 3 3 1 0 2 4 4 3 4 4 2 0 0 0 2 0 1 2 5 0 2 3 0 1 4 1 2 2 3 1 2 0 2 3 4 2 2 1 4 1 4 2 1 1 1 4 2 1 3 4 0 0 2 3 0 1 3 4 2 1 2 3 0 2 0 2 1 2 5 0 3 0 2 3 1 2 3 3 0 2 5 4 4 3 1 2 1 1 1 2 0 1 2 1 3 1 0 1 6 3 0 1 1 2 2 4 4 2 0 1 5 0 3 1 2 5 2 1 2 6 2 0 1 2 2 0 3 1 2 2 0 0 2 5 2 5 1 4 1 0 3 2 0 1 2 0 0 1 2 4 1 4 0 1 1 2 3 0 2 1 1 2 0 0 4 1 6 0 3 0 2 1 2 1 2 0 1 0 2 3 1 3 1 4 3 2 0 0 0 6 1 1 1 3 1 1 3 5 0 2 1 0 2 1 3 3 2 1 0 5 2 0 2 3 2 3 1 2 2 1 1 1 1 3 3 3 1 0 7 1 2 2 1 1 4 1 0 4 1 3 2 4 0 0 1 0 5 2 1 0 5 2 2 0 2 2 2 1 2 1 2 3 5 3 1 5 0 5 2 0 2 0 1 4 1 2 2 1 4 2 2 1 1 1 3 2 3 1 1 0 0 4 4 5 5 1 3 1 3 2 2 4 0 3 0 3 1 4 2 1 2 2 2 1 0 1 2 7 1 3 2 4 1 2 1 0 2 1 1 1 1 2 3 1 1 6 2 2 1 1 2 2 3 3 3 2 2 5 2 4 2 2 2 2 1 2 3 2 1 4 1 4 1 0 0 1 3 3 3 3 2 1 1 1 2 2 2 2 1 2 0 1 3 5 0 3 2 2 1 3 2 0 0 2 1 1 3 3 1 2 3 3 3 1 2 2 3 1 3 1 2 2 2 2 0 2 3 4 0 4 2 4 1 0 3 0 3 0 5 3 1 2 0 1 1 2 3 2 3 2 0 2 2 1 2 0 1 1 2 1 1 3 3 1 0 2 1 3 4 3 0 2 2 1 2 1 1 0 0 2 2 1 3 5 2 2 2 3 1 2 1 1 1 2 6 6 0 2 0 0 1 1 4 2 2 3 0 1 2 2 7 0 4 1 2 0 2 3 2 3 3 0 2 4 6 3 1 1 3 2 2 1 3 1 3 3 1 1 4 1 1 2 0 1 1 2 5 2 4 2 5 1 1 0 2 5 2 3 0 1 3 3 3 0 2 5 5 2 2 4 2 4 0 1 2 1 2 1 2 4 2 3 1 1 1 1 2 1 4 3 2 4 1 2 0 1 1 2 2 4 4 1 0 0 1 2 0 3 1 2 1 4 2 3 4 2 2 1 0 1 5 1 0 1 5 3 3 2 1 2 1 1 0 2 3 1 0 2 2 4 1 1 4 1 3 3 3 1 2 0 2 6 1 2 0 3 5 3 0 1 4 2 2 2 0 2 1 2 2 1 2 0 2 3 0 4 2 2 1 1 2 4 1 3 1 1 0 1 0 2 4 1 2 3 0 3 1 2 3 4 3 0 1 1 2 1 3 2 1 4 1 0 0 3 1 2 2 0 1 2 2 0 1 2 2 0 1 2 1 3 3 0 1 3 2 1 3 0 3 1 2 2 1 0 3 3 3 2 0 1 4 3 4 1 0 1 1 2 3 1 1 4 1 0 3 3 1 3 2 3 1 0 1 4 2 3 1 3 1 0 5 2 0 4 2 3 0 1 2 3 1 0 2 3 3 1 4 1 1 2 3 3 2 2 1 0 2 2 2 4 0 3 1 3 1 2 2 1 3 4 1 1 1 1 1 6 1 3 2 2 3 0 2 3 3 4 4 1 1 0 0 0 1 0 2 0 5 3 3 0 3 1 0 1 2 2 3 2 4 0 1 2 2 2 2 1 3 1 4 2 2 2 2 0 1 3 0 4 1 4 1 2 3 3 2 1 2 4 2 3 3 2 2 0 1 1 2 3 2 2 4 2 1 3 4 3 0 1 0 4 2 1 4 2 0 3 0 2 2 2 3 1 2 4 2 3 0 1 1 3 1 1 2 2 3 2 3 1 1 2 4 2 1 2 1 4 3 0 1 0 2 2 0 1 1 4 1 2 5 2 0 2 0 3 1 1 3 0 4 1 1 1 0 4 4 4 0 1 2 3 3 1 1 1 0 0 5 2 1 3 2 1 3 5 0 3 3 0 1 2 3 2 1 2 3 1 4 4 2 5 3 2 0 3 1 1 1 2 1 3 1 1 2 2 1 3 3 6 1 2 2 1 3 3 1 5 2 3 1 1 3 5 2 2 5 1 0 3 0 3 1 2 2 3 1 2 1 4 2 1 4 2 1 2 3 4 1 4 4 0 3 2 0 5 4 1 1 1 3 2 2 3 3 2 3 2 3 1 0 1 3 4 2 4 4 1 1 0 2 4 2 0 1 2 1 2 2 6 4 3 2 1 1 1 1 3 0 3 2 3 0 1 3 1 3 0 1 2 2 3 3 2 2 2 2 2 2 3 0 3 1 2 1 3 2 0 2 4 0 3 3 2 3 4 2 2 1 1 2 1 1 1 2 0 4 4 1 2 2 3 4 3 1 1 2 1 4 4 1 3 2 2 2 2 4 1 1 3 1 0 3 1 1 1 3 3 1 1 3 0 1 3 2 1 2 1 2 0 2 1 1 2 3 2 4 3 2 1 0 2 2 2 1 2 1 4 0 3 4 1 2 1 3 1 3 2 2 0 4 2 3 2 2 0 2 2 0 3 1 3 3 1 1 2 3 2 3 4 5 2 2 4 1 2 0 3 3 0 0 1 0 2 0 0 3 3 1 6 3 2 5 1 1 1 5 4 2 2 1 2 3 1 2 1 1 1 2 3 2 1 4 1 4 1 3 2 2 3 2 0 1 3 1 2 0 2 2 3 0 3 3 1 2 0 0 1 0 2 3 4 3 2 3 4 1 0 2 2 2 2 2 2 0 2 0 2 2 5 1 0 3 2 2 1 0 4 3 2 2 0 2 0 1 2 2 2 3 5 2 0 5 1 2 1 0 1 1 1 2 4 0 3 3 5 2 0 0 2 4 2 2 1 2 2 3 1 2 3 2 0 3 2 0 1 2 1 0 6 2 3 3 2 1 0 1 1 6 1 4 2 0 4 1 2 2 1 4 3 1 2 3 1 0 1 0 1 1 3 4 2 0 0 0 2 0 1 4 2 2 2 6 2 0 1 3 3 1 1 2 5 2 1 3 4 2 2 2 5 1 0 3 1 1 1 3 3 3 2 1 1 1 1 2 2 1 1 2 1 1 3 0 1 1 1 2 1 1 4 3 4 3 2 0 3 2 1 2 4 1 4 2 5 1 3 1 1 1 1 0 1 4 2 0 1 3 3 2 4 3 3 1 0 3 1 1 1 4 2 5 1 1 1 0 1 2 1 2 2 4 2 2 3 2 3 2 2 4 2 1 0 5 4 2 1 1 1 1 2 1 3 3 2 2 0 1 1 0 4 3 1 5 0 4 1 1 4 1 3 3 2 2 0 1 2 2 1 3 2 2 3 1 5 2 1 1 1 2 0 3 1 1 3 2 1 2 3 0 2 4 4 3 3 0 1 6 3 2 1 2 3 2 1 4 1 3 0 2 1 1 0 2 1 3 4 2 2 2 1 3 4 1 2 3 2 0 4 0 0 1 1 2 3 2 4 0 2 2 0 3 2 1 3 4 1 0 3 0 2 3 3 3 2 4 3 6 2 1 1 1 2 1 3 2 4 2 3 0 2 3 2 3 0 3 0 0 4 3 2 1 2 1 1 0 1 2 1 0 2 1 1 2 0 2 2 3 3 2 2 2 1 3 1 4 2 1 2 4 3 2 3 0 2 1 4 1 3 2 2 0 1 0 2 1 2 4 2 2 0 2 2 6 5 2 2 4 0 1 0 2 1 1 2 0 6 5 1 1 2 1 5 5 3 0 2 2 0 1 2 1 0 5 5 2 2 2 2 0 2 0 2 2 3 1 5 2 5 0 0 1 3 3 2 2 1 0 1 3 2 2 0 1 4 2 0 1 2 2 2 6 0 3 1 3 1 1 1 2 3 3 2 1 2 2 1 2 3 3 2 1 2 2 0 0 3 2 2 2 2 4 4 1 2 2 5 1 2 3 4 2 4 1 0 3 2 3 0 1 2 2 1 1 2 2 4 2 3 1 4 1 1 4 2 3 3 4 1 2 2 1 2 6 4 1 2 1 2 0 6 2 2 1 1 2 1 1 3 3 1 2 4 1 4 2 1 1 2 0 1 3 1 0 3 0 4 2 2 4 0 2 4 3 4 1 3 2 2 1 0 3 1 4 1 1 1 2 2 1 1 2 1 1 3 4 2 2 0 0 1 2 1 1 2 2 1 2 3 3 3 3 0 2 1 2 3 0 2 3 1 3 3 0 1 1 2 2 2 3 2 1 1 2 1 1 4 2 0 1 1 0 1 0 0 1 3 3 3 2 1 2 0 2 1 3 1 2 1 3 3 2 1 0 2 3 5 2 3 0 1 3 4 0 0 2 1 3 3 3 8 2 1 2 2 1 4 2 1 2 2 0 5 2 0 1 1 4 2 1 0 1 4 3 0 4 4 3 4 5 0 1 1 4 2 1 2 5 2 0 0 2 2 2 4 0 2 2 3 2 3 1 4 2 1 1 2 1 0 2 4 3 2 1 3 1 3 2 3 4 3 0 0 1 2 2 1 0 2 2 2 2 1 0 2 5 2 0 2 1 2 2 1 3 3 3 1 1 4 2 1 1 2 2 2 2 2 2 4 3 2 1 3 0 1 4 0 3 2 0 2 1 3 2 0 1 2 2 2 5 3 0 0 3 2 1 3 1 3 1 1 4 0 3 4 1 4 2 4 4 0 0 2 3 1 2 2 1 1 1 3 2 0 5 1 2 1 1 4 2 1 0 2 1 4 3 2 3 0 1 2 4 1 2 4 2 0 3 0 4 3 2 2 1 2 1 4 3 0 1 4 2 0 0 2 2 2 4 1 4 0 2 1 1 2 2 0 0 6 2 1 1 3 2 4 3 2 3 0 2 2 3 4 1 1 2 2 4 1 2 0 3 2 0 0 5 2 0 2 2 3 1 1 3 1 4 1 3 3 3 0 2 1 1 3 3 4 1 2 0 3 2 2 4 1 2 1 4 1 1 2 2 3 3 4 0 2 1 2 2 1 3 1 5 1 1 1 3 3 3 3 3 2 2 1 1 2 0 1 3 4 2 1 3 0 2 2 2 1 5 1 2 3 0 1 1 3 2 1 3 4 0 2 1 1 2 1 0 2 3 1 1 4 2 1 2 8 2 2 2 3 2 2 1 1 2 1 1 3 4 3 2 3 4 4 4 1 0 4 2 1 2 2 0 2 4 2 2 3 1 0 3 6 1 1 2 3 2 1 0 2 1 3 2 1 0 2 3 1 2 5 2 1 2 1 5 2 1 2 2 0 2 3 5 4 2 2 1 1 4 5 1 0 1 1 3 1 2 1 3 3 3 3 0 2 3 3 0 4 0 1 4 2 1 0 2 3 0 3 5 1 1 2 1 1 2 2 4 1 4 1 1 0 1 2 5 2 3 2 2 1 1 2 1 0 2 4 3 0 4 3 2 3 0 2 4 3 4 3 0 2 1 2 3 0 2 2 2 1 1 2 1 3 2 2 5 4 0 1 2 3 4 3 0 5 2 1 5 2 1 3 0 3 0 2 4 2 3 1 1 2 3 1 5 1 1 1 0 0 1 1 3 4 3 2 1 3 3 2 4 1 1 0 1 0 3 2 0 0 3 2 1 1 2 2 2 1 3 0 3 4 4 1 0 2 1 3 2 0 1 7 1 4 2 5 1 3 0 3 2 2 4 4 3 0 4 0 2 2 3 2 2 1 0 2 4 0 0 1 4 0 4 3 3 2 1 1 3 0 2 1 1 1 3 4 2 3 1 1 1 2 2 1 1 5 0 3 4 0 2 3 1 1 3 1 0 1 3 2 3 3 2 1 7 0 0 3 0 3 4 2 1 6 0 0 2 1 1 5 0 0 3 0 2 1 1 0 3 3 2 3 3 1 4 2 1 1 4 1 1 1 5 2 4 3 0 2 0 1 0 6 1 2 6 1 2 3 4 1 2 2 5 1 5 0 2 2 2 0 3 0 3 3 0 4 2 1 0 4 1 5 0 5 0 2 3 1 2 3 1 3 1 0 3 2 3 1 2 3 0 3 2 0 2 6 2 0 3 3 1 1 1 3 1 0 2 3 1 2 3 3 2 0 2 2 5 3 5 3 2 1 2 1 1 0 1 3 0 2 1 5 2 2 1 1 1 1 4 6 1 1 2 4 1 4 0 2 4 2 2 1 2 3 1 1 5 0 0 4 2 2 1 1 2 1 4 4 2 1 2 2 1 1 0 2 2 0 1 5 2 2 3 2 1 1 2 4 5 3 1 0 6 0 0 1 1 2 2 3 1 2 3 5 2 2 2 0 1 1 2 2 2 2 3 1 3 2 1 3 1 2 2 4 2 0 4 2 1 1 6 4 0 1 0 1 3 3 4 2 4 3 2 2 3 1 4 2 1 2 0 1 1 2 2 2 5 2 1 0 1 0 1 0 0 3 3 2 4 3 1 3 2 1 3 3 0 0 1 0 0 1 1 4 3 3 2 3 1 2 1 3 1 1 2 4 1 1 4 3 1 2 2 0 1 0 2 1 3 2 3 0 3 2 1 0 2 5 1 1 0 2 0 1 0 1 0 4 2 2 2 2 3 2 2 3 1 3 6 1 2 4 3 1 1 2 1 3 2 2 4 2 5 2 1 1 4 0 0 7 1 2 3 1 2 2 2 2 2 2 0 5 0 3 0 3 2 1 0 2 3 3 2 2 3 1 2 1 1 3 1 2 2 4 1 2 1 1 1 4 2 2 2 2 2 2 2 0 0 3 1 1 2 2 2 1 3 4 5 2 3 1 3 2 4 4 4 4 2 1 0 4 3 1 2 2 2 0 2 0 1 1 1 2 0 2 4 0 1 3 4 3 1 5 0 0 2 3 1 3 4 0 5 1 3 2 4 5 0 1 4 1 2 2 5 3 4 1 2 1 2 0 2 1 4 2 2 1 1 1 1 5 4 0 1 1 4 1 2 2 3 2 1 3 1 2 4 3 3 1 3 1 1 2 2 2 3 0 1 3 2 2 3 3 6 0 0 1 4 1 1 0 1 1 1 6 2 6 0 2 1 1 2 0 4 2 5 0 3 1 2 1 1 3 0 2 1 0 4 1 3 3 3 0 2 3 2 1 5 0 2 3 2 2 1 3 2 3 4 2 2 1 5 1 1 2 2 2 3 3 1 3 1 4 2 0 1 1 3 1 4 3 4 1 0 3 3 3 1 2 3 1 1 1 4 0 1 3 0 0 4 1 4 0 1 2 3 0 3 2 2 4 2 2 1 1 4 2 2 3 5 1 1 1 3 1 5 1 0 3 2 3 2 1 2 0 1 5 1 4 1 0 3 3 0 3 3 1 0 0 3 4 1 2 4 1 2 2 3 2 4 2 2 0 2 1 4 3 5 1 2 4 2 2 1 2 0 3 2 0 1 3 2 5 5 1 0 1 2 1 2 1 0 4 3 4 1 1 2 3 1 3 2 1 1 2 4 2 3 1 2 2 1 2 0 4 2 2 4 3 3 4 1 2 0 2 2 1 3 1 4 2 1 0 0 4 4 2 0 0 6 2 3 1 1 4 2 2 1 2 0 1 3 5 4 0 2 3 2 1 1 6 3 2 1 1 0 2 3 3 1 2 3 2 2 2 2 3 1 3 2 5 3 0 2 1 1 2 2 0 2 2 1 2 0 1 2 1 2 2 0 0 5 3 0 1 2 3 1 3 2 1 2 1 2 2 4 1 1 2 2 1 2 2 1 1 2 2 1 1 2 2 0 3 2 3 2 2 1 2 2 1 2 1 0 1 6 4 3 5 2 0 0 2 1 2 2 2 4 1 0 0 3 2 1 4 2 2 1 2 1 1 4 5 5 1 0 4 2 2 1 1 0 5 5 4 1 1 3 2 2 2 3 2 1 3 4 4 0 2 0 3 1 3 1 2 2 2 3 4 3 4 3 1 2 2 2 4 0 0 1 2 3 2 1 2 1 1 3 5 4 0 1 1 0 3 0 1 3 1 2 4 2 3 1 1 3 2 2 2 2 0 1 4 4 1 3 1 0 3 0 0 0 5 2 3 2 1 2 1 3 2 4 3 0 2 1 4 2 4 1 0 3 1 3 2 2 0 3 2 1 4 1 3 0 2 2 1 2 3 0 6 3 3 2 0 3 3 2 1 2 4 3 2 0 2 1 2 4 3 1 3 0 1 2 1 2 2 2 3 3 1 5 3 3 1 1 3 1 4 3 1 4 3 1 2 1 2 3 3 0 3 3 2 1 1 0 4 0 1 3 2 2 1 0 0 0 1 0 4 2 2 2 3 1 2 0 4 4 2 4 1 3 3 1 0 1 2 2 4 2 3 1 2 1 1 1 3 4 4 0 5 5 2 0 4 1 2 3 1 3 0 0 1 3 1 0 2 4 5 3 2 0 3 1 2 1 5 3 1 4 1 3 2 1 2 0 2 3 1 3 2 2 1 0 3 1 2 1 1 1 3 0 4 0 2 2 1 3 5 3 2 3 2 3 2 3 2 0 2 0 1 1 3 1 1 3 3 0 5 1 3 3 1 3 3 3 2 5 0 3 3 1 4 1 1 3 2 1 2 0 2 3 1 0 1 3 2 5 0 2 3 1 2 0 1 1 2 0 2 4 0 4 3 2 1 1 2 2 1 2 2 2 2 2 2 2 2 4 2 2 1 4 2 0 4 4 0 2 3 0 0 1 2 0 1 0 2 2 3 0 3 5 2 2 3 1 3 0 0 2 2 0 4 2 0 2 3 2 1 2 2 0 5 1 2 2 3 2 1 2 0 2 2 0 1 3 0 2 3 1 0 3 2 2 2 3 1 3 4 3 2 2 2 2 3 1 1 4 1 2 1 1 2 1 3 2 4 2 1 3 2 0 3 1 0 2 1 3 1 0 0 3 2 4 4 1 3 4 0 3 2 3 2 0 3 2 2 0 1 3 3 2 4 1 1 2 2 2 2 2 0 2 1 3 4 2 2 5 1 4 2 4 2 0 0 4 4 4 1 1 1 1 1 0 2 2 1 2 3 2 3 5 0 1 1 1 0 2 1 0 3 1 2 4 3 5 2 2 1 2 2 1 0 0 5 3 4 2 2 3 1 0 3 0 1 0 5 3 2 1 3 3 0 0 1 2 1 2 1 3 3 3 2 4 1 2 5 1 2 1 0 1 2 2 0 3 4 2 3 1 1 2 3 0 1 3 2 2 1 2 2 3 2 2 2 4 1 2 1 2 3 1 3 1 2 4 4 1 4 1 3 0 3 3 0 2 5 1 3 2 4 1 2 1 1 4 5 1 2 1 5 1 2 5 1 1 2 1 2 1 2 4 4 3 1 1 3 3 0 3 0 3 2 3 1 2 1 3 2 0 1 2 4 0 1 1 2 2 2 3 3 2 1 1 1 4 2 2 4 1 1 2 3 3 4 4 3 0 3 3 3 1 1 2 0 2 1 3 1 3 1 4 0 3 3 2 1 2 0 1 2 1 2 1 1 0 1 2 0 1 4 3 2 3 1 0 3 2 3 3 2 0 3 5 0 1 4 2 2 0 0 1 2 3 1 1 4 1 0 2 2 3 2 3 2 2 0 3 3 1 2 3 1 1 1 3 2 4 2 2 1 4 4 2 3 1 2 2 1 3 4 4 2 2 3 0 3 2 1 0 0 1 2 3 2 3 0 4 4 2 3 0 2 2 2 1 6 2 1 3 3 2 2 3 1 1 2 0 2 2 0 0 1 0 3 2 2 2 3 3 0 2 2 3 0 1 1 1 2 4 2 1 2 1 3 2 6 0 5 2 0 3 3 2 2 2 2 4 3 0 5 1 1 2 3 1 2 1 4 0 2 1 3 3 2 3 2 1 0 1 2 2 1 1 2 1 3 2 3 2 1 2 4 4 1 2 2 0 3 2 3 2 2 1 2 1 4 0 2 1 2 3 1 4 1 0 0 3 0 1 1 0 3 4 1 3 4 0 1 3 4 0 1 1 2 2 1 3 2 2 3 4 1 2 2 1 2 1 2 4 2 3 3 1 1 0 0 1 2 0 4 1 2 2 3 1 3 1 3 2 0 4 1 1 3 2 0 1 1 2 2 3 1 2 2 1 0 2 3 0 3 2 2 1 1 3 1 0 1 0 3 2 5 1 2 3 2 0 1 1 1 4 0 2 2 4 3 1 0 3 3 1 2 4 1 2 2 2 1 3 1 0 3 4 4 2 1 2 1 1 0 2 1 0 2 3 1 1 2 3 2 1 1 0 3 4 2 0 2 2 3 3 6 1 1 0 1 1 1 3 4 2 3 3 2 0 1 3 2 3 1 2 0 3 4 3 2 3 3 0 1 3 2 1 3 4 1 2 2 1 1 1 4 3 1 3 1 1 2 1 1 4 1 3 6 3 4 2 1 2 2 3 0 4 1 3 4 0 0 2 3 3 5 0 3 1 1 0 5 1 1 2 1 2 1 1 3 2 1 3 3 2 1 3 1 3 3 5 0 1 3 0 4 1 3 2 2 1 1 1 2 1 4 1 3 4 3 2 3 2 2 1 1 2 3 2 2 3 4 0 2 2 1 0 5 4 0 2 0 5 1 1 4 1 1 2 3 0 4 5 1 0 1 1 0 2 2 6 2 0 4 4 0 1 2 3 2 2 3 1 2 1 5 1 2 2 3 2 2 5 0 1 0 1 2 2 1 2 3 3 0 1 4 3 2 1 5 5 3 1 0 1 1 0 3 3 2 1 0 4 1 4 0 0 4 3 3 2 2 2 1 0 2 0 1 1 1 1 3 1 0 1 2 4 2 3 0 1 3 0 2 4 1 2 2 3 1 2 2 0 3 3 2 1 3 1 4 1 5 3 1 1 1 0 0 1 1 1 3 2 1 4 2 6 2 3 0 2 1 0 1 2 1 3 2 3 3 3 2 1 2 3 0 4 3 1 2 1 1 3 2 2 3 0 1 5 1 3 0 1 3 4 2 2 2 4 1 0 4 1 2 1 3 4 1 2 3 3 1 1 2 3 1 0 1 1 2 3 0 2 2 3 2 1 6 1 1 2 1 3 1 3 2 4 2 1 2 1 2 3 2 2 0 1 3 2 1 0 0 1 1 6 3 0 1 3 2 0 1 3 2 0 0 0 2 0 3 1 3 2 4 1 0 4 1 3 3 1 1 2 4 4 2 3 3 3 2 2 2 0 2 0 2 2 1 3 2 2 4 6 1 0 0 1 0 3 2 3 7 2 0 2 1 2 1 9 0 0 1 2 2 1 3 3 2 3 2 5 2 2 1 4 2 2 2 2 2 1 1 2 1 0 2 1 1 0 2 1 2 1 0 2 1 1 1 1 3 1 0 2 1 3 2 0 1 1 3 3 2 3 1 6 2 3 3 2 1 2 1 1 3 1 1 2 2 2 2 1 2 1 1 2 4 1 3 2 2 0 3 1 3 3 1 3 1 4 3 1 1 0 6 0 1 3 3 3 1 1 1 3 1 2 3 2 5 5 1 3 1 2 0 0 4 0 4 0 3 2 2 3 1 2 3 1 2 1 3 0 1 5 4 2 1 2 3 1 2 3 4 3 1 4 3 2 1 2 1 1 6 3 5 0 0 2 2 2 2 1 3 3 2 3 3 2 2 2 2 4 3 3 0 0 2 1 3 2 0 2 1 3 0 3 5 2 1 3 2 1 2 0 5 1 4 0 5 1 1 3 0 1 1 2 1 5 2 4 1 4 0 1 3 1 0 1 1 3 3 2 0 2 2 1 1 3 1 0 1 3 4 1 2 2 1 2 2 1 4 0 3 1 3 0 2 1 1 3 2 1 3 0 2 1 4 3 2 3 1 2 4 2 0 2 4 3 1 2 6 2 2 0 2 0 4 2 2 3 2 0 1 2 4 1 4 2 2 6 2 1 1 4 3 2 3 3 0 3 4 3 0 2 2 2 0 1 2 3 3 4 2 2 2 1 1 1 5 1 3 3 2 3 2 2 2 3 3 1 1 2 0 2 0 3 7 3 1 0 0 1 3 2 1 2 1 2 2 2 2 1 2 3 2 1 2 2 1 1 0 5 2 4 4 1 2 3 0 2 3 2 1 5 1 0 2 0 2 1 0 1 6 3 3 1 3 3 0 2 1 1 2 1 3 2 2 1 1 1 0 3 1 1 1 1 1 3 1 3 0 0 4 2 1 1 1 1 4 3 0 0 2 2 1 1 2 3 2 5 0 3 4 2 3 1 0 3 1 4 5 2 1 2 3 2 4 2 0 3 0 0 2 1 1 5 2 2 2 2 1 4 1 1 5 3 4 0 0 0 2 2 2 1 0 3 4 1 1 3 5 1 1 1 3 4 2 0 3 1 2 3 2 3 2 3 2 2 3 2 0 0 3 2 3 0 5 4 1 2 2 3 2 1 2 3 2 1 3 2 3 1 2 3 2 2 1 1 3 0 2 2 2 5 3 2 1 0 2 2 2 2 4 2 3 0 1 2 0 5 1 2 3 1 2 0 2 1 2 4 2 0 0 2 1 0 3 5 2 1 2 2 1 0 4 2 3 2 1 3 2 3 3 0 3 2 1 5 1 1 0 2 6 1 2 3 3 2 3 1 3 0 1 0 0 2 2 1 1 5 2 2 0 0 3 5 2 1 3 1 2 7 0 1 0 2 2 1 3 0 3 2 2 2 4 4 1 5 1 1 5 2 1 0 3 0 3 2 1 0 2 4 1 3 2 4 0 2 3 2 4 3 5 1 1 1 0 5 3 2 0 5 2 1 1 1 0 2 3 2 3 1 3 1 3 1 3 2 0 2 2 3 0 1 2 2 5 4 2 1 1 1 1 2 1 1 3 2 1 4 1 1 2 0 2 3 2 3 3 2 0 0 4 2 4 2 3 1 3 3 5 1 2 0 0 0 4 4 1 0 2 1 1 3 0 2 2 1 1 7 1 0 0 3 3 0 6 0 0 5 5 2 2 3 0 2 1 1 2 0 1 3 1 3 3 2 5 2 2 4 2 2 6 2 0 1 0 1 3 1 1 2 2 1 4 4 1 3 4 1 1 2 2 3 2 3 1 0 0 3 2 4 1 1 4 2 3 2 0 0 3 1 3 3 0 2 3 1 0 2 2 1 3 0 2 2 5 4 2 2 2 1 2 2 3 2 0 2 0 2 0 3 1 1 1 5 1 4 2 3 0 1 0 5 2 4 1 2 2 3 0 2 3 2 2 0 1 0 1 0 4 2 1 3 1 2 2 1 3 0 6 1 1 5 0 2 1 3 3 2 1 1 2 0 2 1 0 3 1 2 0 4 1 2 6 2 1 2 0 1 1 1 2 1 5 1 2 0 1 3 0 1 4 2 1 1 2 2 1 4 0 0 2 3 1 6 2 1 2 1 1 3 3 1 1 4 1 0 1 4 2 3 1 2 2 1 1 2 0 3 1 0 1 2 1 2 2 5 1 1 3 1 1 3 1 3 0 2 0 1 2 4 5 1 1 2 1 3 2 4 7 1 1 2 5 1 0 2 2 1 3 0 1 3 3 0 2 1 1 3 2 1 0 2 2 1 1 2 0 1 4 1 3 2 3 0 0 3 2 1 2 4 1 2 2 1 0 2 3 1 0 2 0 1 2 1 5 1 1 0 2 0 7 2 0 2 4 3 4 2 1 0 1 3 1 4 1 1 5 3 3 2 3 1 1 3 4 1 5 1 2 2 1 3 0 1 5 4 2 1 2 1 3 3 5 0 0 4 1 1 1 2 2 0 1 3 3 2 2 0 2 3 3 2 1 3 0 4 2 1 2 5 3 1 3 2 1 1 4 1 3 3 4 1 0 3 0 4 0 1 2 1 3 0 1 1 2 2 2 3 4 4 1 2 1 0 3 6 3 2 1 1 3 3 2 1 2 2 2 2 2 2 1 4 0 3 1 2 1 5 1 2 2 1 3 0 4 1 2 2 0 1 3 2 3 5 2 2 0 3 0 3 1 3 0 4 1 0 3 3 0 4 2 1 2 0 3 2 1 3 4 4 0 0 3 1 0 1 4 2 3 3 7 0 1 2 3 1 4 2 2 3 1 1 2 4 0 3 8 2 1 0 2 3 4 0 6 2 3 2 0 2 3 0 3 1 3 4 3 2 2 2 3 1 1 1 4 0 5 3 3 4 2 0 1 3 2 3 1 4 4 1 2 4 2 1 1 1 2 0 1 2 0 0 2 1 4 4 1 2 3 1 2 0 1 2 3 2 1 2 0 0 2 3 1 5 4 2 2 1 1 2 2 4 2 3 3 3 1 4 2 2 2 4 2 1 2 0 1 2 5 0 3 1 2 3 3 2 0 2 1 2 1 4 2 1 1 2 2 2 0 1 1 1 7 3 1 3 3 1 1 3 3 1 3 1 1 1 4 2 4 0 2 3 4 1 2 1 2 0 5 0 1 5 0 7 1 1 1 3 1 4 1 1 3 2 0 4 3 1 1 3 1 1 1 1 0 3 2 4 3 3 1 1 1 0 2 1 2 2 2 2 2 0 2 4 4 1 2 3 1 0 4 5 2 4 0 2 0 2 2 2 2 4 0 0 3 0 2 2 3 4 2 6 3 1 2 2 2 1 0 1 2 1 2 0 4 1 2 0 1 4 1 0 3 3 2 2 1 1 4 2 0 2 3 0 2 0 3 2 1 2 3 3 2 4 2 0 2 2 4 1 0 5 1 1 0 2 3 1 3 2 3 3 2 1 0 0 0 2 3 4 0 3 2 0 1 1 2 2 1 1 1 5 1 0 2 0 3 2 4 4 3 0 6 2 2 3 3 0 3 0 1 4 3 2 1 0 0 3 3 0 3 3 0 2 1 1 2 0 2 2 1 0 1 1 1 3 4 2 1 0 2 0 5 2 1 0 0 3 4 3 2 0 5 2 2 0 0 2 1 2 1 3 0 5 4 2 0 2 2 3 1 3 4 2 3 4 1 2 4 2 4 1 2 1 3 4 2 3 4 2 1 0 2 1 2 1 2 0 3 0 3 2 4 3 1 1 1 1 2 2 3 2 4 1 1 4 2 1 3 4 4 3 2 4 2 1 4 1 1 0 1 4 4 2 1 1 2 4 2 2 2 1 1 2 1 0 2 0 3 4 2 2 2 0 0 3 0 1 5 3 3 3 3 0 0 3 1 2 1 5 2 4 2 0 4 1 1 0 1 0 0 2 1 2 2 4 1 2 2 3 1 2 4 1 0 4 0 1 2 3 2 1 1 1 4 4 1 3 2 4 1 0 1 1 3 3 5 2 0 1 1 2 1 2 1 3 3 2 1 2 0 2 4 1 1 0 4 1 1 1 3 2 2 2 1 4 2 0 3 2 1 3 1 0 5 4 3 0 2 1 1 4 2 2 1 3 1 2 3 3 1 6 1 1 1 1 3 2 1 3 3 0 2 2 1 2 3 2 3 3 0 2 0 1 1 4 0 2 2 1 1 0 2 1 0 1 0 2 2 5 3 5 0 0 0 1 1 2 0 3 2 3 4 3 3 0 2 1 1 1 1 2 5 0 0 2 1 1 1 1 1 2 2 3 2 1 5 0 1 0 3 4 2 2 3 3 1 1 3 1 0 1 2 1 0 0 1 4 2 4 4 3 3 3 2 0 2 1 0 0 4 2 1 1 2 2 4 2 2 1 3 0 3 1 5 3 0 1 3 2 1 2 1 4 1 4 2 2 0 3 2 1 2 1 1 2 2 2 3 3 0 1 0 4 2 1 2 1 1 2 2 1 3 1 0 2 0 0 2 5 4 6 5 3 1 0 1 2 2 1 3 0 1 3 5 4 3 2 1 3 2 2 2 0 2 3 1 3 1 2 3 1 1 1 4 1 1 1 1 4 3 2 1 1 0 2 5 1 2 1 1 3 3 2 1 0 2 1 4 1 2 5 0 3 3 2 0 1 1 0 3 4 2 2 3 1 2 7 0 1 1 1 2 2 2 3 0 3 2 2 2 1 1 2 4 3 4 1 5 1 3 2 1 3 2 2 2 1 1 3 10 2 1 3 2 0 1 0 3 0 3 6 3 5 6 0 1 0 3 1 3 3 1 1 0 3 2 0 2 2 2 4 0 3 3 1 2 2 0 2 1 0 2 5 4 2 4 1 1 1 2 1 1 3 2 1 2 2 3 5 4 2 1 1 3 3 1 1 1 0 2 2 1 1 2 1 0 3 0 0 3 3 4 1 1 0 3 2 3 2 6 0 3 4 4 3 5 1 2 2 2 0 0 3 2 6 3 2 2 3 1 2 4 2 2 2 3 1 2 4 1 3 1 3 2 1 2 0 2 0 1 2 1 2 1 2 1 3 3 0 1 0 0 2 0 1 0 1 3 4 3 2 2 0 2 3 0 4 5 2 0 0 1 3 3 3 3 2 4 3 0 1 2 2 1 1 2 1 4 1 4 1 1 3 2 3 2 2 1 4 2 0 4 0 2 3 0 0 2 0 3 2 2 5 2 0 0 1 0 2 4 3 2 2 4 1 2 1 2 1 3 2 4 4 0 2 2 1 3 1 1 1 3 1 0 0 2 5 1 3 2 3 0 2 2 1 4 1 1 2 3 2 1 1 4 2 4 3 0 0 4 0 3 3 1 1 3 1 1 2 1 1 1 1 1 4 2 2 1 3 0 2 2 1 1 5 3 1 0 1 4 2 3 2 1 1 3 2 2 3 1 2 4 1 2 2 1 2 2 2 3 3 2 3 5 1 0 0 1 4 1 0 3 1 1 5 2 1 0 2 2 2 1 3 3 2 1 3 0 2 2 0 1 1 0 2 1 6 3 1 0 0 1 1 3 2 2 0 0 2 3 2 3 4 1 4 2 2 3 1 5 2 3 2 2 2 4 2 2 3 2 0 5 2 5 0 1 1 2 3 1 2 7 3 2 0 0 3 1 6 3 1 6 1 1 0 2 1 3 4 2 2 0 3 3 1 1 6 1 2 3 2 0 1 1 5 2 0 5 2 4 1 3 1 0 4 2 1 1 0 1 5 2 0 0 2 5 3 2 1 0 2 0 0 3 1 3 5 4 3 4 2 3 0 1 1 3 3 1 2 4 1 0 2 4 1 3 2 5 4 2 0 4 0 4 3 0 3 0 4 1 3 3 0 2 1 3 2 4 3 0 1 2 1 1 3 4 4 1 3 3 2 1 2 3 4 2 1 3 0 3 3 2 1 3 2 1 2 3 3 3 1 2 2 2 1 1 0 1 6 1 7 1 3 2 2 2 2 0 2 1 1 3 1 1 2 0 4 2 1 0 3 1 2 2 4 0 2 1 1 0 0 2 2 4 5 4 3 1 1 1 1 2 1 0 1 2 0 1 3 5 1 3 3 3 0 2 2 1 0 2 1 3 2 1 4 1 2 1 4 3 3 2 2 2 2 1 2 2 4 3 0 2 1 3 1 2 2 1 0 0 0 2 3 1 3 2 3 1 1 2 1 1 0 2 0 5 3 1 1 2 4 1 1 1 2 1 2 3 2 2 4 2 2 2 2 1 2 3 3 0 1 0 4 0 1 2 3 3 2 1 2 2 1 2 2 2 0 2 3 3 1 6 2 2 2 2 2 3 1 1 3 1 0 3 1 1 3 2 2 4 1 1 3 1 3 4 4 0 0 5 5 1 3 2 0 1 0 5 1 2 3 1 2 1 2 4 0 2 2 3 0 6 1 5 2 3 0 1 3 3 2 1 4 1 4 1 1 3 1 0 3 1 2 3 1 2 2 1 1 2 2 2 5 1 0 1 1 1 2 0 2 3 1 4 1 1 2 3 1 0 1 4 3 6 1 0 1 4 2 2 4 3 2 1 3 2 4 2 1 1 0 3 5 3 1 2 2 0 3 2 2 3 3 1 0 1 3 3 4 2 2 3 0 0 2 2 1 3 0 0 2 1 3 1 0 2 3 0 4 2 3 2 2 1 1 3 5 1 3 1 4 2 0 3 2 4 0 1 2 5 3 4 1 3 0 2 1 1 0 3 4 2 5 0 4 1 1 1 2 3 3 0 1 3 4 2 1 0 2 3 3 3 3 0 2 1 0 3 0 3 3 4 2 1 2 2 2 3 4 2 3 1 2 1 2 2 3 3 3 2 2 2 2 2 4 1 2 2 2 4 1 2 0 0 0 2 3 1 2 3 0 1 1 2 2 5 1 1 1 1 2 2 1 3 1 0 1 1 2 2 6 3 1 2 1 2 1 2 2 2 3 2 3 4 3 4 0 2 3 2 0 3 0 2 2 5 4 0 1 1 3 3 2 2 0 2 1 6 1 1 1 1 3 1 2 0 1 0 6 4 1 3 5 1 2 3 3 1 2 0 2 3 3 1 3 1 3 1 1 1 1 2 1 2 2 0 3 5 1 2 1 2 4 3 2 4 2 0 5 4 3 1 1 0 2 3 1 2 2 2 1 1 0 5 0 0 3 2 0 0 1 4 3 3 3 3 1 3 0 1 3 1 1 2 5 0 2 1 1 4 3 3 1 3 2 1 3 1 0 0 3 3 2 1 6 1 2 5 2 3 2 0 0 2 4 2 2 4 3 2 0 3 3 0 2 0 1 1 3 3 0 3 1 2 3 3 0 2 0 2 1 3 1 2 3 2 3 1 0 4 1 0 2 1 2 2 1 1 3 4 0 4 3 1 0 3 2 0 4 1 1 1 1 2 4 2 0 2 2 3 1 3 2 2 2 3 1 1 4 2 1 4 2 0 1 6 2 1 3 0 2 2 1 2 1 0 6 3 4 2 4 1 2 2 2 3 3 1 4 2 1 1 4 0 0 0 3 2 1 1 3 3 4 0 1 2 1 2 0 4 2 3 2 4 0 1 1 4 4 1 1 1 0 3 0 3 0 2 2 2 3 4 3 1 1 1 5 2 2 1 1 2 2 1 3 2 4 0 3 0 3 3 2 2 3 2 1 0 3 1 5 2 2 3 2 2 4 1 0 1 4 2 5 2 1 1 1 2 2 3 1 3 5 0 1 1 2 1 1 1 0 3 5 2 2 0 2 2 2 2 6 2 2 3 1 2 1 3 2 1 2 3 3 2 2 0 1 3 2 2 2 1 1 2 1 4 4 0 2 0 1 0 1 2 3 1 1 1 2 2 5 5 2 4 3 3 1 4 3 2 5 0 1 2 4 3 4 2 1 1 1 2 1 0 4 1 3 5 4 1 2 0 1 1 2 0 0 1 1 2 2 1 5 5 4 1 2 3 2 2 1 2 3 0 2 2 3 2 4 2 2 0 4 2 2 4 2 1 1 2 0 2 0 4 6 2 3 1 0 2 3 2 3 2 0 3 1 1 4 1 2 2 2 0 2 1 4 3 1 3 1 4 4 0 2 3 3 3 5 5 1 4 2 2 1 4 4 3 0 2 0 2 1 2 4 1 2 3 1 2 4 1 2 2 0 0 4 2 3 4 3 2 2 1 4 2 2 2 5 3 1 2 2 1 3 1 2 0 1 1 2 1 3 4 2 3 2 2 1 0 1 1 3 4 1 2 3 3 1 0 2 0 1 2 0 1 1 2 4 0 0 0 1 2 4 6 3 3 2 3 0 5 0 6 1 4 2 1 0 2 4 1 0 2 0 4 3 1 1 1 4 1 2 5 1 0 1 1 3 4 2 2 2 2 1 4 1 1 2 4 3 3 3 1 0 2 2 2 2 1 2 1 2 2 4 5 3 5 2 1 2 3 1 0 2 2 2 3 2 1 1 0 3 2 2 1 4 2 2 0 4 2 2 2 2 1 1 3 1 4 4 1 3 2 4 1 2 0 0 1 1 6 3 2 0 4 1 3 4 1 4 1 3 1 1 1 1 4 4 1 2 0 2 3 2 0 3 1 2 1 3 2 0 3 1 0 1 2 1 3 0 2 2 2 5 0 6 2 1 0 3 1 3 0 0 3 5 3 0 1 6 0 1 1 2 2 1 1 2 3 3 2 0 4 1 2 2 0 2 0 1 1 6 2 1 0 0 0 1 0 3 1 5 2 1 5 1 3 2 5 1 3 4 2 3 0 1 1 2 1 3 1 3 1 4 4 3 2 1 3 0 2 1 3 3 5 4 1 1 1 5 1 2 2 1 1 1 1 1 1 4 1 2 4 2 1 3 0 1 2 2 2 2 1 2 1 0 1 2 1 2 4 4 0 3 0 1 3 3 4 3 1 1 1 4 0 4 1 2 2 2 2 1 5 3 0 1 3 2 2 1 6 1 2 1 4 4 1 0 2 4 4 1 2 0 0 0 1 2 3 2 1 0 1 2 0 5 2 0 0 5 0 6 1 1 5 1 2 4 2 2 1 3 1 2 4 3 0 1 4 2 3 3 2 1 0 2 1 5 1 1 4 3 1 5 4 2 3 1 3 0 3 1 1 4 2 0 2 1 2 6 2 3 2 2 4 1 6 4 3 3 1 3 1 1 2 1 3 0 0 2 1 3 0 3 3 3 0 1 0 3 0 2 1 2 4 1 0 3 2 0 3 4 0 2 3 0 4 2 1 1 1 1 1 3 1 2 2 0 1 5 1 1 1 0 4 1 2 4 0 1 3 1 2 2 1 3 2 2 3 1 3 1 2 0 4 1 3 1 1 1 1 2 0 3 2 4 3 5 4 1 3 2 2 0 1 2 1 2 1 4 2 1 0 3 2 1 3 1 1 0 1 2 1 2 1 2 2 4 2 4 0 2 1 3 4 4 0 2 1 4 4 3 1 2 5 1 1 3 2 0 0 0 2 4 1 4 2 2 1 1 5 1 0 5 1 1 2 5 4 1 2 1 1 1 1 1 5 3 1 2 3 2 2 2 1 3 4 1 0 3 5 2 3 1 0 2 3 1 4 1 2 2 0 1 1 1 6 1 2 1 4 1 2 4 3 0 2 2 3 2 1 2 1 3 1 1 5 2 1 3 1 6 3 1 2 2 3 1 2 2 1 1 3 1 2 3 2 2 2 3 2 1 2 1 3 1 0 4 3 1 3 1 1 2 0 5 2 4 0 5 2 3 2 0 2 2 2 4 3 1 1 0 0 0 1 2 2 3 1 3 1 2 1 3 3 2 3 2 1 2 3 0 3 1 2 2 1 1 3 2 1 3 4 1 2 2 0 0 2 4 1 0 2 1 4 1 1 1 2 2 4 4 2 0 2 1 2 0 2 1 3 1 1 4 2 1 2 2 0 1 5 6 1 0 1 1 0 1 4 2 1 3 0 2 4 1 4 3 4 1 2 1 4 0 2 1 1 6 2 1 4 0 0 3 3 1 5 4 2 1 0 3 2 1 3 3 5 1 3 2 0 1 0 3 1 0 2 2 0 1 1 1 4 3 2 2 1 4 1 1 3 3 3 2 5 2 0 2 1 1 3 1 2 2 1 3 0 5 1 2 2 1 4 1 2 1 2 3 6 2 1 0 1 3 3 2 1 3 3 2 0 5 1 0 0 3 4 1 1 0 1 0 0 3 3 2 2 2 0 2 4 2 1 2 0 2 1 4 0 1 0 5 1 2 2 1 3 4 3 3 1 2 1 2 0 0 0 1 0 1 3 3 4 2 2 1 1 1 3 1 2 0 5 5 4 0 1 3 4 2 2 3 3 1 3 2 2 2 4 0 1 2 1 1 5 2 3 1 3 1 0 3 2 5 1 2 2 2 3 1 1 0 0 0 4 0 0 2 2 4 2 3 2 0 1 0 3 3 1 3 1 1 4 1 2 3 0 3 1 1 4 0 0 4 4 2 1 0 2 1 0 1 1 2 4 3 1 2 1 5 1 3 2 3 2 2 2 0 2 1 1 0 1 3 1 1 0 1 0 2 2 1 3 0 1 2 4 3 2 1 2 1 2 2 2 4 1 0 2 4 3 3 1 1 0 1 0 0 1 1 0 1 3 4 4 1 2 3 4 5 1 2 3 0 2 2 0 2 2 2 1 4 1 3 0 2 1 2 2 0 3 3 3 3 3 3 1 2 2 2 3 1 4 0 0 1 0 5 1 3 2 3 2 1 1 0 1 1 1 2 2 2 3 0 1 0 5 0 2 5 3 2 1 0 1 2 3 2 2 1 3 1 3 3 2 0 1 1 2 1 3 4 1 3 1 2 2 2 3 2 2 3 3 2 2 2 2 3 1 1 0 6 4 2 0 1 5 1 2 1 2 3 0 2 1 3 1 3 2 0 0 0 2 0 2 5 1 2 0 2 1 1 2 4 4 5 0 4 1 1 0 5 0 0 1 1 3 2 5 0 1 0 3 5 1 2 1 2 1 1 1 1 2 1 4 1 2 1 3 4 5 3 0 3 4 1 2 1 2 3 3 4 1 4 0 2 2 1 5 2 0 1 2 0 2 0 1 1 4 3 2 2 3 2 1 1 2 2 5 3 1 0 0 1 2 1 1 2 1 4 0 1 1 2 2 5 2 0 1 1 1 1 1 0 4 0 1 6 2 3 0 0 3 3 2 2 1 2 2 3 1 2 2 0 3 2 1 0 3 2 1 4 3 0 2 0 1 2 2 5 2 2 0 1 0 2 2 1 3 4 3 1 1 1 1 2 3 0 1 2 4 2 1 2 3 4 4 0 3 2 1 2 2 1 1 1 1 1 2 5 0 0 1 2 3 0 1 3 4 1 2 4 1 2 2 1 1 2 1 3 0 2 2 1 1 3 4 2 4 3 2 2 1 2 4 2 0 0 4 4 2 2 1 4 0 2 0 1 1 4 2 0 3 2 1 2 2 2 0 2 2 1 2 0 5 1 3 4 3 3 1 3 1 2 0 1 3 2 3 0 3 2 0 2 3 2 3 2 2 1 1 2 0 1 6 1 2 5 0 0 1 1 1 4 1 0 0 3 3 2 1 6 2 5 1 1 5 2 3 1 2 1 1 0 0 1 2 4 2 3 2 3 2 3 1 0 1 1 3 2 2 3 5 0 4 2 1 3 2 0 5 2 1 2 1 2 2 3 1 3 2 4 0 2 7 1 1 2 2 4 2 1 3 4 0 3 0 2 1 5 1 5 0 2 1 1 1 2 2 3 2 1 6 1 3 4 5 0 3 0 1 2 1 2 2 2 1 2 2 1 5 1 1 3 2 0 3 1 3 2 1 0 5 3 2 3 0 1 1 0 3 6 0 5 3 3 0 0 2 2 0 1 1 0 4 1 3 2 2 2 2 1 0 4 0 1 1 5 2 2 1 4 0 3 1 1 4 3 0 2 0 2 3 0 3 1 5 1 1 2 2 2 2 3 4 2 3 4 4 2 0 1 0 0 3 1 1 3 2 2 2 1 2 3 0 3 2 1 2 2 0 1 1 2 1 2 1 2 4 5 2 1 1 0 0 2 2 0 4 2 2 3 3 2 2 1 3 1 3 4 1 1 2 0 1 4 0 4 0 1 1 0 2 3 1 1 0 1 0 5 1 1 2 2 1 1 0 3 2 3 1 2 1 1 1 2 3 0 2 3 0 3 5 5 2 1 1 3 1 1 5 3 3 0 2 2 0 3 2 0 2 0 6 2 0 2 1 1 2 5 2 2 3 4 0 2 2 2 1 0 2 4 4 1 0 0 3 2 4 1 1 4 3 1 3 2 5 4 3 1 1 3 2 1 3 0 1 2 7 3 2 0 1 1 1 3 4 3 1 4 1 2 2 2 1 3 1 2 2 3 3 3 2 2 2 1 2 1 3 1 1 1 1 1 1 3 2 0 3 2 2 1 3 0 2 2 2 2 3 3 3 2 2 1 1 1 0 1 3 2 3 0 2 3 3 4 3 3 2 2 2 1 2 3 0 2 2 2 1 2 1 2 3 4 0 1 0 3 2 0 3 5 4 2 2 2 3 2 1 2 1 4 1 4 2 4 1 1 0 0 1 2 0 5 1 3 0 1 2 0 1 3 2 2 1 2 1 3 3 1 3 0 2 1 3 0 3 1 3 2 2 1 4 1 3 1 2 1 0 0 1 3 4 4 3 0 2 2 1 3 5 1 1 2 1 2 3 5 0 2 1 3 3 3 3 2 1 0 2 0 3 2 5 0 0 0 5 4 4 4 1 0 1 1 3 3 3 2 4 1 4 3 2 2 0 4 0 4 1 1 3 1 4 4 3 4 2 2 1 3 0 1 4 1 1 3 0 0 1 1 1 0 1 2 1 4 2 1 2 5 2 2 1 5 3 1 1 3 3 1 1 0 1 2 0 0 1 4 1 0 1 0 1 2 2 4 0 3 1 3 2 3 0 2 3 1 1 3 1 2 1 4 1 3 1 3 1 3 0 4 2 3 2 3 1 1 2 1 0 4 0 2 2 3 2 1 3 3 3 3 3 0 5 3 1 4 3 1 1 1 1 2 2 0 2 2 1 2 2 1 5 4 4 4 0 1 0 2 3 0 2 0 2 1 2 2 3 2 6 1 4 0 3 1 0 1 2 1 3 1 5 1 3 2 2 3 1 3 7 2 2 2 0 2 3 2 3 0 1 0 2 0 5 1 3 1 4 1 4 3 3 2 4 2 2 1 0 0 1 3 3 6 2 1 4 3 2 4 2 2 1 2 3 3 2 3 1 1 2 2 1 7 0 4 3 2 1 2 1 2 1 0 0 1 1 1 0 4 3 3 7 2 2 3 4 2 2 2 2 1 3 1 3 2 3 0 2 2 3 2 5 2 1 0 4 3 2 2 1 2 2 0 4 2 0 1 2 1 4 6 0 0 0 2 1 1 1 1 2 2 3 1 2 0 1 1 1 4 6 3 4 2 3 1 1 6 0 2 2 4 1 2 1 3 2 2 4 2 1 5 2 2 3 2 0 3 4 3 1 4 1 3 2 5 1 4 1 2 4 0 3 2 0 4 1 4 1 0 0 2 1 2 1 1 1 1 3 4 1 5 2 1 0 3 2 2 5 1 0 3 1 4 2 1 1 4 1 3 1 1 5 2 4 5 1 0 0 1 3 1 4 0 4 0 1 3 2 3 3 0 2 3 0 2 2 1 2 2 2 2 2 1 0 2 3 1 5 1 0 3 2 2 4 0 2 2 1 1 1 1 3 1 1 3 2 4 3 1 4 1 2 0 3 0 2 0 3 0 2 1 2 2 3 1 4 1 3 4 3 1 2 0 1 4 1 3 5 0 2 6 3 3 1 1 1 3 1 3 1 1 5 3 1 6 1 2 1 2 2 4 3 0 4 2 1 0 1 2 3 2 0 7 3 3 5 2 2 2 2 2 2 3 0 4 5 1 1 1 2 1 3 2 3 1 2 1 4 0 0 2 5 2 4 1 2 0 2 2 0 3 1 1 2 0 1 1 4 2 1 1 1 5 3 2 3 1 3 1 4 2 3 3 3 0 0 2 0 1 0 3 4 1 1 0 1 3 2 4 1 3 0 2 3 6 1 2 6 0 3 1 2 2 2 3 1 2 3 4 4 0 1 0 3 1 2 2 4 4 1 2 3 1 3 0 2 2 1 1 4 4 1 2 0 2 0 3 4 2 1 0 3 6 0 5 2 3 3 4 1 2 1 0 4 3 3 3 3 2 3 3 3 1 5 0 2 1 4 1 2 0 2 4 3 2 2 0 1 1 3 4 2 4 3 2 0 1 2 2 2 2 3 2 3 3 3 1 6 2 1 1 3 2 0 2 3 1 1 2 4 1 2 5 2 3 1 1 2 0 2 2 3 1 4 2 0 0 4 2 4 5 2 1 2 2 1 4 1 2 3 3 6 1 2 2 1 1 2 3 0 1 4 1 1 2 1 1 3 1 3 1 5 1 2 5 3 2 2 2 1 1 3 1 1 0 0 1 3 5 3 4 0 2 1 0 4 3 3 3 2 1 1 3 1 4 3 3 1 1 1 2 0 2 2 1 3 5 1 1 1 1 3 0 2 0 1 3 4 1 4 1 0 2 1 0 3 3 4 2 1 4 3 3 1 0 1 4 0 3 2 2 1 1 3 0 3 1 2 1 3 5 1 2 3 2 1 0 2 1 2 1 2 2 1 0 3 0 2 3 6 3 2 1 2 1 3 3 1 5 5 0 1 5 1 1 2 2 1 2 2 4 2 0 1 0 1 0 3 2 2 2 3 3 4 3 1 3 5 2 1 1 1 0 2 0 3 2 3 2 0 0 1 2 0 2 3 2 1 3 3 2 5 2 2 0 0 2 2 3 3 1 1 1 3 1 2 1 3 2 1 2 3 1 2 1 1 2 1 5 1 4 0 2 2 1 2 2 2 3 2 1 5 3 0 1 2 2 0 3 0 5 1 2 2 1 3 0 2 3 3 1 2 1 5 4 3 2 2 2 2 2 1 2 2 1 0 0 1 3 2 2 1 1 2 3 0 2 1 1 0 2 5 2 3 3 1 1 3 2 1 2 0 4 0 3 2 3 2 3 1 2 1 3 5 2 4 1 1 1 0 3 3 2 1 0 1 3 2 1 3 0 1 7 1 3 1 0 2 3 4 2 3 1 1 4 1 2 1 1 2 1 0 0 3 6 0 5 1 1 1 2 1 0 3 3 1 0 2 1 3 2 3 4 2 1 1 1 1 2 1 1 1 5 1 1 0 3 3 4 1 3 2 2 0 1 2 3 3 4 5 3 0 0 4 0 1 1 3 1 1 1 0 0 4 2 4 2 4 1 1 1 2 0 3 3 2 1 2 8 0 1 1 1 1 1 2 2 2 3 1 0 2 3 1 2 3 3 0 3 3 4 0 3 2 3 2 3 1 2 3 0 2 1 2 3 1 3 1 1 1 3 1 1 3 1 2 0 2 4 2 2 7 0 0 1 1 3 0 2 3 3 2 2 0 1 0 4 5 4 2 3 1 2 1 2 2 0 4 3 0 4 3 3 3 1 1 1 1 2 1 2 2 0 1 2 3 1 0 3 4 1 2 4 1 1 2 2 4 0 3 1 4 0 2 3 2 2 3 1 2 3 1 1 3 2 2 3 1 0 3 1 2 2 0 1 3 4 1 4 2 2 1 0 4 2 1 1 2 1 0 1 3 3 1 1 1 2 2 0 3 4 2 1 6 3 3 3 2 2 0 1 3 2 3 0 3 1 2 1 0 2 2 2 2 3 5 3 0 1 1 4 2 2 1 1 0 1 1 1 4 2 2 4 2 4 3 1 3 3 1 1 2 2 2 3 5 2 4 2 2 4 1 2 0 1 1 1 4 4 1 0 6 1 1 1 6 3 2 3 1 1 2 0 0 4 3 3 4 1 2 2 2 6 5 1 1 3 0 5 1 1 2 2 0 1 2 1 2 1 4 2 0 3 3 0 2 0 2 0 3 1 2 1 2 2 1 1 5 2 2 3 0 2 4 2 4 5 1 3 2 1 2 2 1 3 2 0 2 2 2 2 0 1 1 1 4 1 1 2 0 8 4 1 0 1 0 2 5 1 0 0 0 2 2 1 2 2 2 2 0 1 2 3 1 1 4 2 2 2 2 2 2 3 2 2 0 2 2 5 4 2 1 3 0 3 0 4 1 3 2 1 1 1 0 1 3 2 3 3 3 3 1 3 3 5 1 0 4 1 4 3 1 5 4 2 2 2 1 3 1 1 2 1 4 4 1 1 2 4 2 3 2 2 2 4 1 1 0 3 4 5 2 2 3 1 1 1 0 5 3 2 1 2 3 0 2 3 0 1 1 3 2 3 1 1 1 3 5 4 1 2 1 3 3 2 1 2 0 1 1 3 3 4 1 3 0 1 2 1 3 4 5 4 1 0 2 2 1 2 3 2 3 1 4 4 0 3 2 2 1 3 2 2 2 0 1 2 2 1 2 2 1 3 1 1 0 3 1 0 2 5 3 1 4 0 1 1 2 1 1 3 1 2 1 0 2 3 2 2 1 1 0 2 4 2 3 1 2 4 1 3 0 0 1 2 4 2 0 5 0 1 3 1 1 2 8 3 2 1 1 1 1 0 1 1 3 4 0 0 2 3 4 1 1 1 2 1 3 2 1 6 1 1 2 3 1 3 3 2 2 1 3 2 1 2 1 4 1 1 2 1 4 2 1 2 2 3 0 0 2 3 3 1 6 1 4 2 2 1 0 2 0 3 4 0 2 3 3 3 2 4 4 3 0 2 1 3 0 1 3 1 1 1 2 3 2 3 2 4 2 3 2 1 0 1 2 2 4 3 0 0 1 2 3 2 1 4 1 0 0 4 0 0 3 2 1 4 1 0 1 4 2 2 1 4 1 2 3 3 2 4 1 1 1 2 0 1 0 2 5 1 5 1 2 2 2 1 1 3 0 1 2 2 3 2 3 3 2 0 5 0 0 1 1 2 1 3 3 2 4 3 0 3 0 3 0 1 2 3 3 5 0 1 2 5 1 0 2 5 3 4 0 0 1 1 3 2 1 1 2 1 5 3 2 0 1 2 0 3 2 1 3 0 2 0 5 0 1 1 1 2 1 2 2 4 2 3 1 3 1 1 0 2 2 2 1 3 4 2 3 1 1 0 1 2 2 1 1 1 3 3 0 3 3 3 2 1 1 0 4 1 2 1 2 3 1 0 2 3 3 2 0 0 0 1 1 4 3 6 1 1 1 2 3 3 0 1 2 3 0 3 4 1 1 3 1 2 3 1 0 2 2 0 0 5 4 3 2 2 8 3 3 2 2 5 0 2 2 2 1 3 3 3 0 1 0 2 1 3 1 1 3 2 1 0 3 4 1 0 2 2 2 3 2 2 2 2 1 2 4 1 3 2 2 1 2 1 3 0 4 0 4 3 1 4 3 1 2 5 0 4 0 0 1 1 3 1 3 0 3 0 2 2 1 1 4 3 0 4 1 3 0 2 3 4 1 2 3 1 4 2 3 3 2 4 1 1 1 2 2 0 3 1 2 1 1 2 3 3 8 0 4 5 1 1 1 1 1 5 1 1 1 1 3 1 1 3 2 3 5 2 5 4 1 2 1 3 2 0 2 2 4 3 0 3 1 4 3 1 2 0 0 1 3 1 3 3 2 1 2 2 3 5 0 1 2 1 0 4 3 1 3 2 0 3 2 1 1 1 3 1 2 1 1 2 2 1 4 1 2 3 2 0 1 1 0 2 1 3 3 3 6 2 2 2 1 1 2 0 2 1 2 3 4 2 1 3 1 3 1 2 3 2 2 2 2 2 1 0 3 3 0 2 3 5 4 2 1 1 1 1 5 3 1 3 2 2 4 2 1 0 3 0 4 5 2 2 1 1 4 2 2 2 2 2 0 1 1 2 1 2 2 0 2 6 0 4 3 5 0 1 1 3 1 1 2 2 2 2 1 3 2 2 5 1 1 2 1 0 0 2 2 5 1 4 1 3 1 1 2 1 2 0 2 3 0 2 2 3 1 2 1 3 0 1 5 3 0 1 2 2 2 3 2 2 2 1 4 3 0 1 1 4 4 1 2 1 1 4 2 2 3 2 2 1 2 4 5 1 1 0 1 3 3 0 3 4 2 2 2 1 1 2 3 3 1 2 2 3 2 1 1 2 2 3 2 2 1 4 2 4 1 2 0 2 5 3 1 3 1 1 3 2 2 1 1 1 3 4 1 3 0 2 1 1 3 1 3 0 1 2 7 0 1 2 0 1 0 1 2 0 5 3 3 1 1 3 1 2 1 1 6 4 3 2 3 0 2 2 1 3 3 2 0 1 2 3 1 3 2 3 1 1 1 4 4 1 2 0 4 2 1 2 4 1 3 5 2 0 3 3 1 1 2 0 1 4 0 0 1 1 2 1 0 2 2 6 1 2 1 3 0 1 2 2 4 1 4 0 0 3 3 0 3 0 3 0 1 2 1 4 1 4 0 1 2 1 2 3 2 0 1 5 1 1 1 4 3 3 2 5 0 3 1 2 0 2 3 0 0 1 3 1 2 2 1 4 1 3 3 1 4 1 0 1 1 0 0 1 2 1 2 4 1 1 2 2 2 2 3 2 0 2 1 1 1 3 2 2 0 2 1 3 1 3 2 1 4 3 1 5 0 3 2 2 4 2 3 0 0 1 2 5 0 5 4 3 1 1 1 0 3 2 0 0 1 0 4 0 1 2 1 5 3 2 3 2 2 1 2 0 1 3 1 1 2 1 1 2 3 1 0 0 1 1 2 1 3 3 0 1 2 0 2 5 1 3 3 4 1 1 4 0 2 3 2 5 2 3 3 1 1 2 0 1 1 2 7 0 2 2 5 1 4 2 2 1 1 0 0 0 1 2 4 0 4 3 1 1 3 2 0 3 3 2 2 4 1 2 1 2 1 0 3 4 2 2 3 3 0 3 4 4 2 2 1 2 1 0 2 3 3 5 1 1 3 0 4 1 0 4 0 2 3 0 0 2 2 2 0 3 2 3 3 2 4 2 0 3 1 1 1 1 2 4 1 5 2 1 3 2 3 3 0 2 3 0 1 2 7 1 1 1 5 5 2 2 1 1 1 1 2 1 3 0 2 4 2 2 4 0 2 1 1 2 2 0 1 0 4 1 2 2 3 2 0 0 3 4 2 2 0 2 4 3 4 1 0 1 1 1 1 2 4 0 5 2 4 2 2 2 1 1 2 1 3 2 4 2 1 1 2 3 1 2 1 2 2 1 4 1 1 3 2 4 2 0 2 0 0 3 2 2 1 9 1 1 2 3 1 2 2 1 4 2 1 4 1 0 4 1 3 2 2 1 1 3 1 2 0 0 1 2 5 4 3 2 0 1 2 1 2 0 3 4 1 0 2 0 1 1 3 1 1 2 1 2 0 1 1 4 1 1 0 3 2 2 3 1 2 2 2 3 3 2 2 4 4 1 2 5 3 4 0 4 1 2 1 1 3 5 5 2 1 2 1 5 1 0 2 1 1 0 1 0 4 5 0 1 4 1 4 0 2 2 4 2 0 2 0 1 2 3 1 0 3 2 4 1 1 1 1 2 2 1 1 3 1 2 1 1 2 3 3 0 3 2 2 0 2 3 2 1 5 3 2 3 4 0 3 2 0 2 0 0 3 0 2 3 1 4 3 2 0 2 0 0 1 3 1 4 1 4 3 1 3 2 2 2 2 2 3 2 2 1 4 0 0 2 1 0 2 1 3 0 3 3 3 1 3 1 0 0 6 1 4 3 3 1 0 0 1 2 2 0 3 0 2 2 2 3 4 1 4 0 3 2 2 2 1 5 4 1 3 1 0 3 1 2 2 5 4 3 3 4 1 1 0 4 3 2 1 1 1 2 2 0 4 0 3 1 2 2 1 1 6 1 2 1 4 1 2 3 2 2 4 0 2 3 3 2 1 1 1 3 0 3 2 1 2 4 3 1 1 2 5 3 3 1 3 2 4 1 1 2 2 4 4 1 1 3 1 2 4 2 1 1 2 3 2 1 2 2 0 4 0 3 1 0 0 2 5 1 3 3 2 1 2 1 2 2 1 2 3 3 3 2 3 0 2 3 4 1 2 0 3 3 1 7 2 2 1 3 3 4 0 2 3 2 2 1 1 1 1 1 0 2 4 1 5 5 2 0 1 4 5 0 1 1 4 2 0 2 2 0 1 1 1 2 4 5 1 2 1 0 1 1 2 3 5 3 1 3 1 0 1 1 2 2 2 2 1 2 1 2 1 2 5 2 3 0 2 4 1 3 3 1 3 1 0 1 1 4 3 0 1 3 1 1 2 0 0 1 2 2 5 0 4 2 1 3 1 3 0 0 3 1 3 3 3 4 4 3 2 3 1 2 2 3 4 0 2 4 1 3 5 1 2 1 3 4 1 1 3 1 0 2 2 1 4 3 1 1 0 2 3 2 2 4 1 3 2 3 1 3 5 1 2 2 1 1 0 1 1 0 4 1 1 4 1 1 1 0 3 3 6 0 2 1 2 1 2 2 1 2 1 3 4 3 0 3 1 2 1 1 1 3 1 6 3 1 2 1 4 2 0 5 5 2 1 0 2 1 1 0 1 1 1 5 2 3 2 5 3 1 3 1 1 2 1 2 1 1 0 0 5 1 2 3 2 3 3 1 1 2 2 1 2 0 3 0 7 1 2 3 1 1 3 0 2 0 2 0 1 4 5 0 7 3 4 2 2 0 3 2 2 3 1 4 3 0 0 1 1 1 3 2 0 0 3 0 1 3 0 2 1 0 2 1 3 2 2 2 1 1 1 0 3 2 1 1 2 3 2 2 1 1 2 3 0 3 6 1 1 5 2 3 0 3 0 1 2 2 3 3 4 5 1 2 1 4 2 3 2 4 2 1 0 1 1 1 2 2 0 3 2 3 1 3 2 1 1 2 4 2 0 1 1 3 1 2 3 2 2 3 1 3 1 1 4 0 2 3 0 1 4 3 3 1 2 2 3 2 2 5 1 3 0 2 1 4 2 2 0 0 2 3 0 0 3 1 1 4 3 0 1 4 1 1 3 2 2 1 3 3 2 1 4 0 3 0 5 1 0 1 2 6 0 5 2 0 3 2 1 1 2 4 3 3 2 4 1 3 3 1 0 0 1 1 1 0 3 2 4 3 1 4 1 0 2 2 6 1 1 7 1 2 0 1 2 2 4 5 3 2 0 2 1 2 0 0 3 1 5 2 5 3 2 2 1 0 5 0 1 1 4 4 3 0 2 1 3 5 4 2 1 3 2 1 2 1 2 2 3 0 1 1 0 4 5 1 1 4 0 4 1 1 1 3 1 2 1 2 1 4 2 1 2 2 2 2 2 1 1 2 2 3 0 3 2 2 4 4 2 2 2 1 0 0 3 2 2 1 0 2 1 2 4 1 4 2 0 1 1 1 2 2 6 2 1 3 2 1 1 1 2 1 0 2 3 0 3 2 2 3 1 2 1 2 2 2 2 5 4 6 1 0 3 0 4 2 2 0 1 3 4 4 3 0 1 2 1 4 1 1 2 3 2 1 0 1 2 0 1 3 5 6 0 2 2 0 2 2 1 5 1 1 1 1 0 1 4 2 2 1 2 3 3 2 0 2 3 4 3 5 1 0 1 3 1 3 1 3 0 3 1 1 0 0 1 2 3 3 1 3 4 5 4 0 0 2 3 1 2 3 5 0 4 2 1 1 2 3 1 4 3 2 1 4 1 1 1 0 1 3 1 1 2 2 3 4 3 1 2 0 3 1 1 1 2 2 2 2 3 0 0 3 1 1 4 1 5 3 5 1 0 2 3 1 2 2 3 2 0 2 1 2 0 5 1 1 3 3 1 6 2 2 3 1 1 2 3 6 1 0 3 0 2 4 1 4 0 1 0 3 2 0 2 6 1 1 2 0 2 4 3 0 2 1 4 3 2 1 1 4 2 3 2 0 2 1 1 0 4 2 1 5 1 2 2 1 0 2 4 2 1 2 3 4 1 0 0 2 5 0 4 1 2 3 2 3 1 1 2 2 2 3 1 2 0 2 3 2 1 2 3 5 1 2 2 1 3 1 0 1 2 2 0 1 2 3 4 2 2 1 1 0 4 2 2 2 3 3 2 1 4 0 4 0 4 2 2 1 3 3 3 3 3 2 4 0 0 1 1 3 1 1 1 1 1 1 2 3 5 1 1 3 1 2 5 2 3 2 1 1 0 2 1 3 1 3 0 2 2 2 1 2 3 2 4 1 0 2 2 2 1 3 4 1 3 1 1 1 1 1 0 1 0 2 3 1 0 2 3 2 2 4 1 3 3 0 4 1 2 6 3 1 3 1 2 5 3 3 0 2 0 1 4 2 3 1 1 1 3 3 1 2 0 1 3 4 1 3 1 1 2 1 5 0 3 0 2 4 4 1 2 0 0 2 2 3 2 3 3 2 2 2 1 2 1 1 0 3 2 0 1 1 0 4 1 1 3 0 2 4 1 3 3 1 2 1 6 2 3 1 3 4 3 1 0 2 3 4 2 2 3 5 3 2 2 1 2 0 1 3 1 2 1 4 2 0 0 0 4 3 2 2 3 4 1 1 3 0 3 3 2 1 2 1 3 2 2 1 1 3 1 3 4 2 0 5 3 3 4 2 3 5 5 1 1 1 3 3 4 0 1 2 2 3 3 2 2 1 1 2 1 4 4 1 0 5 3 1 2 2 0 3 1 3 2 0 1 1 3 1 5 2 1 0 0 2 0 2 2 0 4 1 4 2 2 2 2 0 4 3 1 1 1 2 0 2 2 4 1 2 2 2 1 0 1 4 2 0 4 4 1 3 4 2 2 3 1 1 3 3 1 1 4 1 0 0 4 3 3 4 2 1 3 2 3 3 3 4 0 1 2 4 0 1 3 2 2 1 4 5 3 3 1 2 1 2 0 1 1 2 1 3 1 4 5 3 0 3 1 0 4 2 3 1 2 2 3 2 3 0 3 0 0 2 4 4 2 0 1 1 5 4 1 0 2 2 2 1 0 0 2 2 1 1 3 5 0 1 3 2 2 1 1 0 1 3 4 2 2 3 1 1 3 0 3 1 3 1 1 2 2 0 0 2 3 1 3 2 2 4 2 1 3 1 2 1 1 2 4 1 0 1 1 3 3 3 2 1 0 1 3 1 2 2 2 2 1 1 3 3 3 0 1 2 2 0 1 3 0 3 3 3 4 3 2 3 1 0 1 2 3 2 2 1 0 2 2 2 0 3 2 2 2 5 3 0 2 2 2 0 3 2 2 3 1 2 1 4 1 2 4 4 2 3 3 1 4 3 3 3 1 0 0 2 2 1 2 1 0 2 2 1 1 3 1 3 0 5 2 4 2 1 2 1 0 2 1 2 2 2 2 2 3 0 2 3 3 1 3 2 4 1 2 0 1 3 2 1 1 4 2 2 1 1 2 1 0 4 5 4 2 2 2 1 1 0 4 1 3 3 1 1 6 3 1 1 3 1 2 2 1 5 2 1 0 1 0 3 3 4 2 0 1 3 2 2 2 1 2 2 3 2 2 2 2 2 2 2 1 3 2 2 4 2 1 0 2 1 2 0 2 3 2 0 6 3 3 4 2 0 3 2 3 2 0 1 3 2 1 1 2 2 1 0 0 1 4 4 1 3 2 2 2 3 2 0 3 1 1 3 3 3 7 1 1 0 1 2 3 1 3 3 1 2 2 1 0 3 1 2 2 3 2 0 2 0 4 4 7 1 1 1 3 2 3 3 2 1 0 2 2 1 1 2 2 6 0 5 2 0 2 3 1 2 2 1 3 0 3 2 2 2 1 3 2 1 1 1 1 3 2 4 0 2 3 3 4 1 1 2 1 3 0 3 5 1 2 1 2 2 2 2 2 1 3 4 0 3 1 3 3 2 2 3 3 1 1 3 1 1 3 5 3 1 0 7 0 1 4 2 0 3 1 1 3 1 0 0 0 7 2 3 4 0 2 3 1 2 2 0 0 0 1 2 2 1 1 1 6 2 2 3 1 1 3 2 4 2 2 1 4 4 3 2 4 3 3 2 4 2 2 2 2 2 2 1 4 0 0 1 1 0 2 0 3 3 2 2 2 4 3 0 3 0 1 2 3 2 4 2 1 4 1 0 3 2 0 2 0 3 1 1 3 4 3 1 3 1 2 2 2 4 2 2 0 4 1 2 0 3 0 2 4 4 3 3 1 3 2 0 1 2 2 4 3 1 0 6 1 2 2 2 5 1 1 2 2 1 1 1 1 2 1 0 3 2 4 2 2 2 2 3 1 0 1 3 0 3 3 1 3 1 1 3 0 4 1 2 2 2 4 2 2 5 3 2 3 2 1 5 3 3 2 4 3 2 0 0 4 0 1 1 2 2 2 2 5 1 2 5 0 1 1 2 3 1 1 3 0 3 3 4 2 3 1 0 3 0 4 1 4 2 3 1 1 1 2 1 1 4 1 2 1 4 1 2 1 5 1 2 2 1 3 1 1 1 0 2 2 1 1 3 2 0 5 1 2 1 2 0 5 5 4 2 2 3 1 1 2 3 2 0 1 4 4 3 2 1 1 2 1 2 2 2 2 5 0 2 2 4 1 1 0 2 1 5 0 3 7 5 1 1 0 1 1 2 2 1 4 4 3 2 2 0 0 2 1 2 3 4 2 2 3 1 3 2 2 3 0 2 1 2 4 2 2 3 1 0 3 2 2 1 4 1 1 0 2 3 1 2 1 1 4 2 1 0 1 0 0 1 5 0 1 2 3 1 2 1 3 2 2 1 2 5 2 1 2 1 2 0 1 3 4 1 1 1 3 1 5 1 1 3 4 1 2 3 4 0 1 0 1 1 6 2 1 3 2 2 6 4 4 1 2 1 3 0 2 3 3 2 1 0 1 2 0 1 3 1 1 3 4 0 2 2 2 2 1 1 2 0 1 2 2 2 4 5 1 1 0 1 1 3 5 2 2 0 3 1 1 2 3 4 1 0 4 1 1 1 1 5 2 0 5 0 1 4 0 3 2 4 0 0 2 3 5 1 1 2 1 0 0 4 3 2 0 0 3 3 4 1 3 1 0 2 0 3 1 3 2 2 5 3 0 2 0 2 2 3 3 0 0 3 2 2 5 0 0 2 3 3 0 1 2 0 0 2 4 2 6 1 1 2 1 0 1 5 1 1 2 1 4 1 2 6 2 1 1 2 3 1 3 1 2 2 2 2 3 3 1 4 1 2 2 2 1 2 2 0 0 1 3 5 3 2 2 1 2 1 5 3 1 3 2 4 2 2 0 1 0 2 2 3 3 2 1 1 0 1 3 3 1 6 0 2 2 3 4 2 1 2 1 3 2 0 2 4 3 2 1 0 1 3 1 4 0 2 0 3 2 0 3 4 6 1 2 1 3 1 1 3 2 3 0 1 0 1 2 1 2 1 2 3 2 1 2 1 3 1 3 1 3 2 1 3 1 0 3 2 3 1 2 1 1 3 3 3 2 4 5 1 2 2 1 1 4 1 0 3 5 0 0 1 3 2 2 2 1 1 2 0 5 1 2 3 1 0 1 1 2 3 2 1 1 2 3 3 2 1 0 0 2 2 0 3 2 1 3 1 2 2 2 1 3 1 1 1 1 3 2 2 2 0 2 3 3 4 1 0 1 3 2 0 2 0 3 4 2 2 3 1 1 1 1 4 0 4 3 4 1 1 1 3 2 0 2 4 1 2 5 2 1 3 1 0 0 1 2 0 3 2 4 2 1 3 0 4 1 2 1 2 4 1 2 1 2 2 3 0 1 2 7 0 3 2 1 1 3 1 3 2 3 0 1 1 3 1 2 4 1 1 3 3 2 3 2 1 3 1 3 2 0 2 3 1 1 1 0 3 1 1 1 3 5 1 0 0 2 4 1 1 2 3 3 2 2 1 1 5 0 2 1 3 1 2 1 3 5 2 1 1 2 2 2 2 3 1 4 3 1 0 4 1 0 1 2 0 2 2 6 1 5 0 2 2 3 1 3 3 0 2 3 3 0 0 1 2 3 2 1 1 2 3 3 1 1 2 1 1 3 0 2 0 4 2 1 0 3 4 4 2 1 1 1 1 0 2 4 3 2 1 0 1 4 0 1 0 0 1 1 3 0 0 4 1 4 1 4 0 2 0 3 1 0 2 0 0 2 3 4 3 3 1 1 2 5 3 1 2 2 2 0 4 4 1 5 4 1 0 3 1 1 3 1 1 2 2 3 0 1 3 0 4 5 3 0 2 0 3 5 3 5 1 1 2 0 1 2 1 2 1 5 1 5 1 2 4 1 1 1 4 3 3 1 2 1 2 3 4 1 1 1 3 1 3 4 0 1 1 0 3 1 2 2 3 4 1 1 2 1 2 2 1 2 1 6 1 0 2 4 1 0 4 0 1 4 5 3 1 2 1 1 2 1 2 0 0 3 3 2 3 2 3 0 1 1 1 3 5 2 4 1 0 1 3 2 4 3 0 2 4 2 0 4 3 2 2 3 4 3 3 2 0 1 0 4 0 2 2 0 1 1 3 0 5 2 2 1 1 4 3 1 1 0 2 1 1 2 3 0 0 0 2 1 3 2 3 1 3 2 1 1 3 0 1 3 2 1 2 3 3 3 2 2 1 4 2 0 2 2 0 5 3 5 0 2 3 2 1 1 1 2 2 3 3 0 1 0 1 1 2 1 1 4 1 4 3 2 1 2 0 5 1 3 2 4 2 3 2 0 0 2 1 1 2 2 2 2 2 3 0 2 1 5 3 1 1 0 2 3 3 1 2 3 4 1 1 2 2 2 3 0 6 1 3 4 1 3 1 6 1 2 1 2 1 3 1 3 6 3 4 0 1 0 1 0 1 0 2 3 6 1 0 2 5 3 1 1 2 2 1 2 1 1 4 2 7 2 0 2 1 1 1 2 4 1 3 2 2 2 1 1 0 2 1 1 0 1 2 1 1 5 4 2 1 1 3 3 1 1 2 4 1 0 2 1 3 1 3 1 3 2 1 2 3 1 3 2 1 2 1 3 0 1 1 2 4 1 4 0 2 1 1 3 1 0 1 0 1 2 2 0 2 2 1 2 3 2 4 2 3 4 1 5 4 1 2 2 2 1 2 4 4 3 2 1 1 0 3 3 2 3 0 5 4 0 1 1 0 0 0 2 0 3 2 2 3 2 1 1 2 2 3 3 0 5 0 3 3 3 1 1 3 3 0 1 0 2 1 2 1 1 1 4 1 1 1 2 0 3 2 2 0 0 1 1 4 0 6 2 2 1 0 1 2 2 1 1 3 3 1 1 2 1 1 0 2 3 0 2 7 1 1 2 4 2 1 0 2 1 3 1 2 4 3 2 4 1 1 1 4 2 3 1 1 0 2 2 1 1 3 2 3 0 2 4 1 2 1 2 3 2 2 1 3 4 0 3 1 1 1 2 1 1 4 2 3 1 2 0 0 0 1 3 3 2 1 1 3 0 2 4 3 0 2 3 4 2 1 3 2 0 1 4 0 1 0 1 2 4 5 1 1 1 2 2 3 2 5 2 2 3 0 4 3 1 4 2 2 0 2 1 4 2 1 3 0 0 0 1 0 2 4 2 1 2 2 0 1 4 1 2 0 2 3 1 5 1 1 2 3 3 1 0 2 3 3 2 2 3 2 1 2 4 0 4 1 6 1 2 0 1 3 0 1 1 3 3 2 3 2 3 1 2 5 2 1 1 2 1 3 4 3 1 5 4 1 5 0 5 5 0 6 4 2 0 1 2 1 2 0 1 0 1 1 3 1 1 3 3 2 2 4 1 4 1 2 0 3 1 2 1 2 2 2 0 1 3 2 5 2 3 2 5 2 1 1 2 1 4 1 3 4 1 3 1 1 0 2 1 0 0 2 1 2 1 3 1 1 6 2 1 1 1 1 4 4 3 3 1 0 1 3 2 0 3 1 4 2 0 4 2 3 3 0 1 2 3 4 3 1 4 4 1 1 2 3 4 1 0 1 5 3 0 1 2 3 0 1 3 0 0 2 1 4 3 1 4 0 2 3 2 4 1 1 1 2 1 2 3 2 1 2 3 4 4 0 6 2 0 1 1 3 2 1 3 2 0 3 2 4 1 1 1 1 0 2 1 3 4 1 1 3 1 1 4 1 2 2 1 2 1 2 4 3 0 4 3 3 4 1 1 1 0 2 2 2 3 3 3 1 2 2 1 0 1 2 5 0 3 2 2 3 2 1 2 3 2 2 1 2 2 5 4 0 1 3 4 2 2 1 2 0 1 3 2 1 5 2 3 1 1 2 0 4 2 1 3 3 0 3 1 2 1 0 4 0 2 2 0 3 5 6 1 1 3 2 2 1 1 3 0 2 3 1 2 2 1 3 0 2 2 0 2 1 4 2 0 5 3 3 4 3 3 1 0 1 1 2 2 3 1 2 3 4 5 1 1 2 0 2 0 1 1 5 5 0 2 1 1 1 2 3 1 4 0 1 0 2 3 1 2 3 4 0 2 1 2 3 3 2 1 1 1 2 3 1 1 0 0 2 4 2 5 0 1 2 3 1 4 4 1 3 1 3 1 1 5 0 0 0 0 1 3 1 1 0 1 3 2 6 3 0 1 1 0 4 3 0 3 2 2 1 2 0 1 3 3 1 0 1 3 4 0 2 0 1 0 3 1 3 2 1 2 3 2 3 2 2 0 1 1 2 3 0 5 3 3 2 1 1 1 3 2 1 1 3 1 4 1 1 3 3 5 2 2 3 1 2 2 0 3 1 1 2 3 4 0 1 3 2 0 2 3 1 2 1 4 0 1 5 2 3 1 1 1 3 0 4 3 3 1 0 1 2 2 5 1 2 2 2 2 1 1 3 4 3 3 1 3 3 3 0 0 1 2 5 3 2 0 2 4 1 0 2 2 4 3 1 2 0 1 2 3 1 2 3 2 2 5 1 3 2 0 5 2 0 4 2 1 0 2 2 1 1 2 0 0 2 1 1 0 1 7 5 1 1 1 2 1 1 3 1 2 1 4 1 1 1 3 2 5 5 1 1 2 5 2 4 2 3 3 2 1 2 0 3 1 0 1 2 3 2 1 2 6 2 3 1 4 1 2 1 3 1 1 0 2 4 1 2 2 0 3 3 1 3 1 2 3 2 1 1 1 0 3 1 2 0 2 2 3 1 1 1 2 4 1 1 2 1 1 0 4 4 2 2 3 2 2 1 2 1 4 4 1 3 0 1 3 3 2 2 0 2 3 4 1 4 0 0 3 3 5 1 2 0 2 2 2 1 1 1 0 3 3 3 3 4 1 3 3 0 0 1 2 2 1 6 2 3 2 0 0 3 0 4 2 2 6 3 3 2 0 1 1 2 3 0 3 3 1 1 2 1 1 3 4 2 3 0 1 2 0 1 1 4 3 1 0 1 2 0 0 2 1 3 3 3 4 3 0 3 0 2 2 2 2 3 1 4 4 0 5 0 0 2 4 0 2 2 0 1 3 4 3 2 3 5 0 5 0 1 5 1 2 3 3 1 2 2 3 4 2 1 1 0 3 3 2 2 3 1 1 2 1 1 2 1 2 6 3 0 2 3 2 3 0 1 2 1 0 5 4 3 1 3 2 3 1 0 5 1 2 3 4 2 2 3 2 0 2 0 5 4 2 1 2 1 0 3 1 1 2 0 1 1 1 1 2 1 0 4 2 1 2 3 1 0 3 1 0 2 3 5 3 2 2 2 2 1 1 2 0 3 1 1 2 4 2 4 2 2 3 3 3 1 0 3 2 1 1 3 2 1 2 1 1 2 3 5 4 0 0 0 1 2 1 4 3 2 0 0 3 3 2 3 0 1 3 2 4 0 1 1 2 2 0 3 1 3 1 2 1 1 0 2 2 3 3 1 3 2 2 1 2 5 2 0 1 1 0 2 3 2 1 1 2 1 2 2 1 2 1 0 6 0 5 2 1 2 3 1 3 1 3 4 2 1 4 1 1 3 1 0 3 1 1 0 2 0 1 0 4 4 2 4 1 2 3 2 2 1 2 4 4 0 1 0 1 2 4 3 1 0 2 2 1 1 3 5 1 2 3 5 2 4 0 1 0 2 3 3 2 2 2 3 3 0 3 3 1 0 1 1 2 3 2 0 1 2 3 1 3 2 2 0 2 2 2 1 4 1 2 1 2 5 2 3 0 1 1 1 3 1 1 0 2 1 2 4 2 2 3 3 3 2 1 2 2 0 0 4 0 3 0 1 0 6 3 3 1 2 3 3 1 1 2 2 3 2 1 0 2 1 5 1 2 4 3 1 1 2 2 1 2 3 0 3 2 2 1 5 3 0 1 1 4 1 3 1 2 3 2 3 2 0 3 2 0 0 3 1 1 1 3 0 1 2 2 5 2 1 2 0 1 0 4 0 2 1 2 0 3 0 2 2 2 2 0 3 2 1 2 5 2 1 3 2 0 2 1 3 2 1 1 3 2 2 3 2 2 1 2 2 4 1 3 1 2 4 2 2 1 1 1 4 0 3 1 1 1 0 3 3 0 2 2 0 1 2 5 2 1 1 1 0 2 3 3 0 1 2 2 2 2 4 1 1 2 3 1 2 0 3 3 3 2 3 4 0 1 1 4 5 1 2 2 0 0 5 3 3 2 3 1 1 1 1 8 2 3 4 2 0 0 1 1 0 4 1 2 3 2 4 2 3 3 1 0 3 1 3 2 0 2 2 3 2 4 4 4 2 1 2 3 1 0 0 2 0 2 2 5 2 0 1 2 3 3 0 4 1 2 5 3 5 2 2 6 1 3 4 2 0 4 2 0 1 0 0 1 2 4 1 5 3 1 4 0 4 2 0 3 1 2 2 3 1 1 3 2 2 4 2 1 0 3 0 4 6 1 0 2 4 3 1 3 2 4 1 2 2 1 0 2 3 3 2 1 2 1 2 1 2 3 3 3 3 5 1 3 4 1 1 2 3 1 1 2 2 1 4 2 2 4 1 3 5 0 1 2 0 2 2 1 0 3 2 2 1 3 5 2 2 2 2 2 2 2 1 4 2 2 1 3 0 3 2 1 2 2 0 2 2 0 1 1 4 0 3 1 1 1 0 0 2 1 2 3 1 2 2 2 3 4 0 4 2 4 0 4 0 2 0 2 1 3 1 0 2 1 2 0 3 2 2 1 2 4 2 2 1 3 2 1 3 1 1 0 0 1 1 2 2 0 2 2 2 4 2 1 1 2 1 2 2 2 3 1 1 2 0 1 3 1 1 1 5 4 2 2 5 2 1 1 7 1 2 5 1 1 2 2 2 4 1 1 1 2 2 1 1 1 1 2 0 3 3 3 0 4 4 1 2 2 0 1 2 1 0 3 2 2 2 3 1 1 3 1 1 1 4 1 0 1 2 3 4 2 2 4 0 5 1 1 2 2 1 2 1 3 1 3 1 4 4 0 2 3 1 0 3 2 3 1 2 2 4 1 4 1 2 1 2 1 2 2 2 4 1 5 0 2 4 2 3 3 3 3 1 2 2 4 2 1 1 2 4 3 1 1 3 1 2 2 3 1 1 1 1 2 4 4 1 2 3 0 2 1 2 3 1 2 2 2 2 4 3 3 0 2 0 4 1 1 2 3 2 5 4 0 1 2 0 2 1 2 2 1 4 5 2 4 2 4 2 1 1 2 5 1 0 4 3 3 4 0 3 2 0 3 1 1 3 1 2 1 1 1 0 0 2 1 1 1 1 0 2 3 0 2 5 1 0 2 2 3 4 3 5 1 2 6 1 1 3 2 3 3 2 4 1 2 0 5 2 2 3 0 3 4 6 0 3 1 1 1 3 3 4 5 0 3 1 2 2 0 1 1 0 0 0 5 1 1 6 2 5 2 1 1 7 3 1 0 1 2 3 3 1 0 3 1 1 1 0 4 2 2 6 2 0 2 0 2 1 1 4 2 2 0 3 3 3 3 1 0 3 1 2 2 2 2 0 4 4 0 1 2 2 1 1 4 0 5 1 3 0 0 0 3 3 2 2 1 2 3 0 1 2 2 3 1 2 2 2 3 1 3 5 0 3 6 6 4 0 0 3 2 3 3 3 3 2 3 1 3 1 1 4 1 3 0 2 1 2 0 2 4 2 4 2 3 0 4 2 2 2 0 1 3 2 1 2 3 2 3 3 2 1 0 3 2 4 1 2 3 2 1 2 2 2 2 1 1 2 3 2 1 2 3 3 1 1 2 3 3 2 1 4 3 3 1 1 2 3 0 0 4 5 1 0 2 2 1 1 3 2 2 2 3 3 2 0 3 3 3 4 3 0 2 0 3 0 2 1 1 7 1 3 0 1 1 2 0 1 2 2 1 2 3 3 1 1 2 1 2 0 3 2 3 2 3 1 3 0 5 1 2 3 1 2 2 4 2 5 0 0 1 2 1 0 0 3 4 2 2 3 0 2 1 0 2 1 2 2 2 2 0 1 2 3 3 3 0 4 2 1 5 1 2 2 1 1 1 2 4 0 2 1 3 3 2 2 5 4 1 1 0 1 3 3 2 0 2 1 3 3 0 3 3 2 2 2 2 0 2 0 0 3 6 2 2 2 3 1 4 0 2 3 1 0 1 4 2 3 3 0 5 2 1 1 3 1 3 2 2 3 3 2 1 4 0 2 0 0 2 2 3 3 3 2 0 1 0 5 1 4 3 1 2 2 3 1 1 1 1 1 4 2 1 2 1 1 3 0 2 3 0 3 2 4 2 1 0 4 2 0 4 3 1 0 1 3 3 3 2 4 2 1 2 3 1 3 5 1 1 5 0 2 5 3 3 0 0 3 2 0 1 2 1 3 4 0 1 3 3 2 1 2 2 1 1 4 0 3 3 1 1 1 3 2 2 3 1 1 2 3 3 0 4 3 0 3 1 4 1 1 0 5 0 1 1 1 3 2 0 4 2 2 2 2 2 1 3 1 2 1 5 3 0 2 0 4 6 0 1 1 1 3 2 3 0 0 3 2 1 1 4 1 1 3 2 2 1 3 5 1 2 1 0 0 1 2 3 2 1 0 1 1 2 2 3 2 3 2 3 2 2 4 2 1 1 5 2 0 3 4 1 1 2 1 0 4 1 4 5 2 3 3 3 1 2 0 4 6 2 0 1 3 0 1 3 1 1 4 2 1 0 1 1 2 2 1 3 1 6 3 1 3 3 1 1 1 0 1 3 1 0 1 1 0 5 0 0 4 5 2 0 1 2 4 3 5 5 0 2 4 2 0 0 2 2 3 2 3 1 4 2 4 4 3 3 5 0 0 1 3 3 2 6 1 1 1 2 3 2 2 0 1 3 3 2 1 1 3 2 1 3 5 1 2 1 1 4 2 2 3 2 1 1 0 3 5 1 0 2 5 1 2 4 2 0 2 1 2 4 1 2 4 2 6 2 3 2 1 1 2 0 0 2 3 0 3 0 1 3 2 1 3 2 2 2 2 0 4 4 4 4 2 1 1 1 0 3 1 5 3 1 4 3 1 1 0 2 1 3 4 3 1 4 0 2 1 1 4 4 3 0 2 1 1 1 2 1 1 3 3 1 1 3 3 1 7 3 1 0 2 4 1 0 1 3 1 3 2 2 1 2 1 2 1 5 2 0 3 0 3 2 1 1 1 3 2 2 2 1 0 4 0 0 3 2 2 3 1 4 4 1 4 2 1 2 2 0 1 4 2 2 1 1 1 2 1 4 3 0 2 4 5 0 2 4 1 2 3 1 1 5 1 0 1 1 3 1 3 3 1 4 2 2 3 3 0 5 3 1 2 2 2 3 4 3 2 1 2 1 2 2 2 2 2 4 5 3 1 1 1 3 2 2 2 4 4 0 3 2 0 1 1 2 0 3 2 1 2 2 1 3 1 1 2 1 1 3 1 0 0 4 1 2 3 3 2 4 2 0 1 2 1 3 3 3 1 2 2 2 2 1 2 3 5 0 1 1 4 4 1 3 1 3 1 2 0 3 2 4 2 1 1 1 4 1 4 1 2 1 0 3 1 3 3 2 2 4 3 2 2 0 2 4 0 3 2 1 2 1 0 2 4 1 3 4 3 3 1 3 1 1 3 2 3 2 1 1 3 1 1 2 0 2 4 1 2 1 3 1 4 3 2 2 2 0 3 2 1 0 1 5 1 0 0 2 2 2 3 6 1 1 2 3 3 1 2 1 1 2 2 2 2 1 1 0 2 1 3 1 5 2 0 2 3 4 2 3 2 1 3 4 2 1 2 2 3 1 1 2 1 1 0 1 2 5 0 0 1 2 1 1 1 6 1 2 2 0 1 1 3 3 4 3 2 1 0 2 2 0 1 2 2 3 4 3 2 1 2 2 6 4 1 1 4 3 0 1 0 1 0 1 4 2 1 1 4 3 2 1 1 2 1 1 4 2 2 1 5 2 1 0 3 0 2 1 2 2 2 1 2 2 3 5 1 2 1 1 1 0 2 0 1 2 4 2 2 3 4 1 1 2 4 1 1 6 1 0 2 2 2 3 4 1 1 2 2 1 2 0 4 0 4 2 0 4 1 2 2 2 1 4 3 2 4 3 2 4 1 2 3 1 0 3 0 1 3 2 2 1 2 3 0 0 2 3 0 2 2 1 1 2 3 1 4 3 2 2 1 1 1 2 3 2 4 2 2 0 2 4 1 0 3 3 2 2 4 2 1 0 1 3 3 1 0 2 1 1 1 1 2 2 3 1 0 4 3 1 2 1 3 0 0 2 2 2 3 3 0 0 1 2 1 4 1 4 1 1 0 3 2 3 4 1 3 0 2 2 7 1 0 3 3 4 0 3 3 3 2 4 3 1 1 1 0 2 2 1 4 2 4 0 1 4 1 2 0 1 0 0 3 0 0 0 0 2 3 1 2 2 3 0 2 1 6 2 1 1 3 1 1 1 1 0 2 0 4 5 4 2 2 5 0 2 2 2 1 4 2 1 3 0 4 4 0 3 1 1 1 2 2 3 3 2 1 1 2 6 4 0 1 1 2 3 3 3 2 3 1 3 3 0 1 3 2 0 0 1 2 3 4 2 0 2 1 4 1 2 3 1 0 1 3 2 3 3 1 0 2 4 1 2 0 1 1 2 2 3 3 4 2 0 2 2 4 1 0 4 2 0 3 3 2 1 3 1 1 0 1 1 2 3 3 2 1 4 3 1 2 4 0 1 1 4 2 5 1 2 0 6 1 1 2 1 1 1 2 3 0 3 2 3 0 2 1 3 0 0 5 3 2 2 0 2 3 1 1 3 3 1 3 2 0 2 3 0 4 5 4 3 1 1 0 5 0 3 4 4 4 1 5 4 2 1 4 2 0 2 3 2 4 1 3 2 0 3 3 5 1 2 1 1 1 1 2 1 3 1 3 1 1 2 3 1 2 3 1 2 1 3 1 6 2 1 2 1 0 1 1 4 0 2 2 1 1 5 2 4 4 0 0 4 4 0 2 5 3 2 1 2 1 3 2 1 2 1 1 1 1 2 1 3 3 2 1 5 2 2 2 3 2 4 3 1 2 1 0 1 1 0 4 3 4 1 0 3 0 4 1 1 0 3 2 1 3 3 4 2 1 5 2 2 1 1 2 2 1 4 0 6 2 1 2 3 0 2 2 2 1 2 3 3 3 0 3 5 0 3 3 0 0 4 3 2 5 1 1 3 1 3 1 1 1 1 1 0 3 2 0 0 2 0 0 0 5 2 3 0 1 3 1 1 0 1 3 6 1 2 4 1 1 1 3 2 2 2 3 6 1 3 0 2 0 1 6 2 2 1 0 2 1 2 2 3 2 4 1 1 0 0 3 4 2 2 2 0 3 1 0 1 2 3 7 2 1 0 1 0 4 0 3 1 2 2 1 1 2 0 1 3 2 0 4 3 3 3 1 3 0 1 2 1 1 0 5 2 3 3 0 1 1 4 2 4 3 1 1 2 1 2 1 2 1 3 0 3 2 3 2 1 6 1 3 3 1 2 3 4 0 1 3 1 2 2 0 5 3 0 1 1 1 5 1 2 0 4 1 4 1 3 2 0 2 0 3 0 0 3 3 3 5 3 0 2 1 2 1 1 0 3 1 1 0 4 3 4 3 1 2 3 1 3 5 1 1 2 3 3 1 4 2 1 5 2 1 3 3 1 1 1 1 1 2 5 3 4 2 2 1 2 5 1 2 4 2 0 1 2 2 0 3 2 3 2 3 3 3 1 1 1 5 2 1 1 4 2 1 3 2 2 3 2 2 2 3 0 2 1 0 0 3 2 3 1 2 0 2 6 2 3 3 1 1 1 0 0 1 0 2 2 2 2 3 1 2 1 4 3 2 1 3 2 3 0 2 0 4 2 0 2 2 2 2 2 2 1 2 2 1 2 3 2 0 2 1 2 0 2 2 2 2 5 4 2 4 1 1 1 1 1 1 0 5 2 0 0 0 3 2 1 3 2 1 3 2 2 1 3 0 2 2 3 2 2 2 3 1 2 2 4 2 3 2 0 1 1 0 0 5 1 2 3 3 3 4 0 3 1 1 2 0 4 5 2 0 1 0 2 1 1 1 5 2 2 2 1 2 1 0 4 0 3 4 4 1 5 1 2 2 0 1 0 0 1 3 1 1 3 4 1 2 3 0 2 2 0 7 5 4 2 1 2 2 3 1 5 3 3 0 6 3 4 0 2 1 2 0 4 1 1 1 2 3 1 1 4 2 1 3 4 1 2 2 2 0 3 5 2 2 1 3 1 0 0 2 6 2 3 1 3 1 3 2 1 1 2 3 1 1 1 2 3 2 2 1 2 1 4 1 0 0 3 1 2 5 2 1 1 2 2 3 5 0 1 2 2 1 1 1 3 2 4 2 1 1 2 6 0 0 4 3 2 1 0 4 3 1 2 2 2 1 0 3 3 4 4 2 1 1 2 2 3 2 0 1 4 2 1 1 2 4 2 2 5 0 3 1 3 0 1 2 0 1 4 0 1 2 1 1 1 2 1 2 4 5 2 1 0 2 2 5 0 2 4 2 3 3 1 0 0 0 1 2 3 5 1 2 2 2 2 3 0 1 1 0 4 2 3 0 1 3 2 1 1 2 3 2 1 4 5 4 2 0 2 0 2 0 0 1 1 1 5 0 2 3 1 3 0 2 4 0 0 3 3 3 2 0 0 3 2 2 2 4 3 2 2 0 0 1 3 2 2 2 2 2 1 3 0 2 0 4 0 0 3 5 3 3 3 1 2 1 1 3 1 0 3 3 3 4 0 2 3 2 1 2 1 2 2 2 1 2 2 1 3 3 0 3 1 2 2 3 3 2 2 1 0 3 4 1 5 2 2 3 1 0 1 3 1 3 0 1 3 3 4 4 2 3 1 0 3 1 1 1 2 3 1 4 2 3 2 2 2 4 0 2 1 0 4 2 0 1 3 3 5 1 1 1 1 1 2 3 2 2 4 0 1 3 1 1 0 5 2 4 2 3 0 5 1 1 1 1 4 1 2 1 1 3 0 2 3 0 1 2 0 2 0 1 0 2 3 3 0 4 1 2 1 4 0 1 2 2 0 1 2 3 3 1 1 0 2 2 3 3 0 4 4 3 1 2 1 0 3 4 2 2 2 1 2 0 2 7 2 1 1 0 3 1 2 3 1 1 7 1 1 3 2 2 4 0 1 4 0 2 1 1 2 2 1 1 1 3 2 2 0 0 2 1 2 2 1 2 4 1 1 1 1 2 1 1 5 2 2 0 0 0 1 4 2 4 5 1 3 5 1 1 3 2 2 1 0 2 3 1 1 1 1 1 3 3 1 1 1 0 2 3 4 0 2 3 3 2 2 3 3 0 4 4 0 1 1 2 3 0 1 1 0 1 2 1 2 1 3 3 3 5 0 1 0 2 2 1 2 4 4 1 0 2 2 1 4 3 2 2 0 1 4 0 4 0 1 3 3 1 3 3 1 0 1 5 0 0 0 2 1 0 2 3 0 4 3 5 5 1 0 1 0 2 1 4 4 1 1 5 3 2 4 3 4 2 1 4 3 1 0 1 2 2 2 2 1 4 3 2 2 0 2 1 1 3 2 1 1 3 0 6 1 3 0 1 0 1 1 5 3 1 3 2 2 1 4 3 0 2 1 3 0 0 3 3 0 2 2 1 0 3 3 0 2 1 1 4 2 2 1 2 2 0 2 0 6 3 1 3 4 1 1 3 2 0 1 2 2 0 4 3 1 1 5 3 2 1 0 0 4 1 3 4 0 2 1 1 3 3 3 2 4 1 2 0 2 1 4 2 3 3 2 2 2 0 2 3 1 2 1 1 5 1 2 4 2 1 3 1 0 0 1 3 2 1 1 3 2 2 3 3 1 1 1 2 2 1 2 2 1 0 2 1 4 0 3 3 2 2 1 2 2 0 1 3 1 5 3 2 3 1 1 2 1 3 0 4 2 4 1 3 4 1 1 2 2 1 3 2 5 2 4 1 2 0 1 2 4 2 3 2 1 1 1 2 3 2 1 0 3 4 1 2 1 3 2 0 3 2 2 3 3 0 2 1 1 2 0 4 1 1 1 0 2 1 3 4 3 4 1 2 3 0 2 1 3 2 1 1 0 1 1 4 0 2 2 4 0 2 2 2 1 0 5 1 1 4 3 0 4 1 0 3 1 4 2 0 3 1 3 1 1 4 2 3 1 1 3 1 2 2 0 4 2 2 2 0 1 1 1 2 2 3 1 2 2 3 1 3 1 2 3 1 2 2 0 1 1 0 2 0 2 1 6 1 2 0 2 1 0 1 3 1 0 1 3 1 3 3 2 3 1 2 2 2 1 2 4 2 1 0 5 0 4 2 0 4 6 2 3 3 2 2 1 2 4 3 2 2 0 5 2 1 3 1 1 0 2 4 1 2 1 2 1 0 2 1 4 2 3 3 1 3 3 2 3 2 1 2 1 2 3 2 2 2 1 1 3 0 2 1 3 3 2 1 2 2 4 1 1 5 1 1 1 1 2 4 0 0 0 4 2 1 2 2 3 2 1 4 1 4 1 1 3 1 3 3 4 1 3 2 3 2 0 1 0 2 4 2 1 1 4 4 3 0 3 2 3 1 5 1 4 3 0 3 0 0 1 0 1 1 1 4 1 0 3 7 6 1 3 0 2 3 1 2 1 3 1 0 1 2 4 1 3 1 4 3 2 1 2 3 1 2 2 2 1 2 2 3 1 2 0 2 1 1 1 1 2 3 2 2 2 4 1 3 2 3 5 3 1 2 0 1 2 3 0 1 2 2 2 3 2 2 0 1 4 2 1 3 1 0 3 1 1 0 1 2 2 0 3 4 1 3 2 2 1 2 1 2 2 2 1 1 7 3 2 1 0 3 0 4 2 4 1 2 1 2 1 2 1 1 2 1 2 2 4 2 0 2 3 4 0 0 1 0 2 5 3 1 2 2 3 2 3 2 4 1 2 4 1 1 2 4 4 2 2 1 1 3 3 2 6 1 2 0 3 1 1 1 0 5 2 1 5 2 2 5 0 3 3 3 4 3 1 2 2 0 1 0 2 2 3 2 2 3 2 1 2 0 2 1 2 1 1 0 0 1 2 2 2 1 2 3 3 3 2 0 2 3 2 0 2 1 3 2 2 3 1 4 2 6 2 2 2 0 2 1 2 1 3 4 3 1 2 2 4 2 1 4 3 0 3 0 1 2 2 4 4 6 1 1 0 4 0 5 0 5 1 1 1 2 1 1 2 2 0 3 2 4 2 2 0 1 1 3 2 0 3 3 4 2 2 3 2 1 2 0 1 1 2 0 1 2 2 2 1 3 3 2 0 1 2 3 0 6 2 0 3 3 2 2 0 0 0 2 2 3 0 5 0 3 1 2 0 3 3 2 1 2 1 2 2 3 1 1 1 2 0 0 6 0 1 1 2 0 2 2 6 2 1 1 3 2 0 4 1 2 1 2 2 1 1 2 1 2 6 1 3 1 4 2 1 2 5 2 2 4 1 1 0 2 3 1 5 2 1 4 1 2 3 1 2 2 2 0 1 0 2 2 1 3 2 1 1 2 1 1 1 1 3 1 3 2 2 2 0 3 0 3 2 2 3 3 3 3 2 1 1 2 1 2 2 2 4 2 1 3 0 2 3 3 1 3 0 2 2 3 6 1 0 1 3 3 2 3 1 2 0 3 1 1 3 0 2 1 0 2 6 1 0 0 1 1 3 3 3 6 3 3 0 2 4 1 2 1 2 2 2 0 1 0 3 2 2 2 1 2 0 3 1 3 2 2 2 4 1 5 1 0 5 2 3 1 1 2 0 3 1 3 2 2 2 2 2 0 6 2 1 5 1 1 3 3 1 1 1 0 4 0 3 3 0 2 3 3 5 2 0 0 4 5 2 0 4 0 3 4 0 0 1 1 1 1 3 1 2 3 1 3 1 4 3 2 2 3 2 1 4 1 2 3 3 3 3 2 1 1 2 0 4 1 2 1 4 2 0 2 1 1 2 2 3 1 2 1 2 3 4 1 3 1 3 1 1 3 3 0 4 3 5 2 1 1 2 2 4 3 2 3 3 1 0 1 0 4 2 3 1 2 1 3 3 1 2 2 0 1 3 6 0 4 1 0 2 0 1 2 1 1 4 4 0 1 2 0 3 2 5 2 3 2 2 1 4 4 0 1 2 1 2 1 2 2 1 3 0 1 2 1 1 3 1 4 0 4 1 3 4 3 1 1 3 2 2 0 1 3 2 2 3 5 1 4 2 2 0 0 3 2 3 2 2 0 1 0 1 2 5 4 2 3 2 1 0 4 2 1 5 2 4 1 3 2 4 0 2 1 2 0 3 1 3 2 1 0 2 4 0 1 3 5 2 2 1 2 1 0 2 3 4 4 4 1 2 2 6 5 2 2 0 3 1 0 3 3 3 2 2 2 3 1 0 1 3 2 1 2 3 0 3 1 1 6 4 0 1 0 2 1 0 1 4 2 2 0 1 0 1 2 2 2 2 4 0 5 0 3 1 2 6 1 1 1 1 0 1 1 1 2 2 1 1 3 2 1 1 1 0 3 3 0 2 1 2 4 2 3 0 3 3 3 0 1 3 1 1 2 1 2 0 3 4 2 0 1 1 1 2 4 2 1 2 2 3 1 2 1 2 4 0 0 1 0 3 3 3 3 2 4 1 1 1 3 5 4 1 3 2 2 4 1 3 5 2 3 1 2 0 2 0 2 1 3 4 4 1 4 3 1 4 2 4 2 0 1 1 4 1 1 3 1 0 3 1 3 1 1 3 3 3 2 1 3 2 2 2 0 3 1 1 3 3 3 1 1 1 3 4 3 2 1 2 3 0 6 1 1 0 2 2 4 2 2 3 2 4 0 1 4 5 1 0 3 2 1 0 3 2 2 2 0 1 2 2 0 2 4 2 1 3 1 2 5 1 2 2 2 3 0 3 1 0 0 1 1 5 0 3 0 1 2 2 2 1 0 3 2 1 3 4 0 0 1 1 1 1 4 3 1 0 4 5 0 1 2 0 2 2 3 2 1 0 3 1 1 2 3 2 2 1 4 0 2 1 2 4 3 4 3 1 2 2 2 2 2 1 1 1 2 1 5 2 0 0 2 5 0 2 4 4 0 2 2 2 2 2 1 3 1 1 1 3 1 2 2 1 0 5 1 1 0 3 1 1 0 1 1 4 3 3 2 2 0 1 4 4 1 3 5 1 0 3 2 0 1 0 5 1 3 1 1 0 2 3 5 3 3 1 4 1 4 1 2 3 4 3 1 1 0 0 3 1 1 2 2 2 3 1 1 4 1 0 4 2 1 3 1 1 3 1 1 1 4 1 0 2 2 4 2 5 0 2 1 1 2 3 1 2 4 3 2 1 0 0 3 1 3 2 1 4 2 2 2 0 1 6 4 1 1 0 4 2 3 0 1 0 0 4 2 1 1 1 3 2 4 2 0 2 3 4 4 4 1 2 3 3 3 2 1 0 0 2 1 3 3 5 5 1 2 1 2 1 1 1 2 1 1 3 2 2 0 4 1 3 0 1 5 2 1 3 3 4 2 0 1 2 1 3 3 1 1 5 3 0 4 2 1 3 1 2 0 0 3 4 3 1 3 4 0 3 1 0 1 0 1 5 3 3 5 0 5 0 0 3 1 0 2 3 2 1 2 0 1 3 1 0 2 4 3 5 2 1 3 4 0 2 0 2 3 1 3 6 3 2 1 2 0 1 0 2 2 2 0 4 0 2 1 3 0 1 2 7 2 1 3 3 5 0 2 0 2 3 2 3 0 5 1 1 0 3 2 2 1 1 4 2 2 5 1 2 2 1 1 2 5 3 2 1 3 1 1 2 2 2 1 1 2 2 1 1 3 4 3 1 0 0 1 4 2 3 3 0 1 3 3 5 4 1 1 0 0 1 1 3 2 3 3 4 4 1 1 1 1 3 4 1 3 2 2 0 2 3 2 2 4 2 1 5 1 2 0 2 2 4 4 3 2 2 2 3 1 0 1 1 2 1 0 1 2 1 5 2 1 0 2 0 3 1 3 2 1 0 0 4 2 1 2 2 4 1 0 1 3 2 4 5 1 1 1 1 2 2 1 3 1 3 1 3 4 2 1 2 2 1 2 1 4 1 4 3 4 1 0 0 2 2 2 1 1 2 0 0 6 2 2 0 6 3 3 3 1 1 1 1 2 0 5 2 1 0 1 2 3 5 3 1 3 4 1 3 1 4 5 1 5 3 2 1 3 3 0 1 2 0 4 1 2 1 3 1 0 3 4 2 3 5 0 0 3 2 2 0 1 1 4 1 2 2 1 4 2 5 5 1 2 2 1 3 1 1 0 0 5 2 4 1 1 1 0 1 0 1 0 5 2 4 2 4 4 1 0 5 2 0 0 1 4 2 3 1 0 4 1 2 2 1 2 1 6 1 2 0 0 1 6 3 3 2 5 1 3 1 2 1 0 1 0 1 3 1 2 2 0 1 1 3 4 2 1 3 1 2 1 0 2 3 3 2 3 3 2 3 2 3 1 1 4 2 2 3 1 2 3 1 1 3 4 2 3 2 2 2 2 5 3 1 2 1 2 4 7 2 0 0 3 2 2 0 5 2 4 1 3 2 1 1 2 1 4 5 0 2 1 0 1 1 2 0 1 3 4 2 3 2 4 2 1 0 4 2 1 1 3 3 1 2 3 3 2 0 1 2 3 3 2 2 1 1 2 2 3 1 1 1 2 2 0 4 2 3 0 3 2 1 3 0 1 4 3 2 2 3 1 5 0 1 1 1 2 0 2 3 4 0 2 2 2 4 2 2 1 0 5 1 1 2 2 1 2 2 0 3 3 2 2 1 3 2 0 1 3 0 4 1 2 1 3 1 0 4 1 1 5 1 2 1 0 2 1 3 1 2 5 2 2 1 3 3 2 3 1 2 0 1 2 4 1 1 2 0 3 4 3 3 4 3 1 0 2 2 3 2 3 1 5 2 5 0 1 1 1 1 0 1 1 2 2 0 2 4 0 0 4 1 2 2 3 2 2 3 0 0 1 2 2 2 3 1 0 3 2 1 5 2 0 1 4 3 3 2 2 2 3 0 2 2 3 2 1 3 1 2 3 4 2 3 4 1 2 3 2 2 1 2 4 0 1 2 1 5 0 3 5 2 3 2 2 2 2 0 4 2 3 4 6 1 1 1 1 3 2 2 4 1 1 1 2 3 1 3 2 0 6 4 1 1 1 4 2 2 1 1 0 3 1 2 2 3 0 4 1 1 3 2 2 1 2 3 1 4 1 2 1 0 1 0 3 1 1 1 3 1 1 1 1 3 1 5 3 1 1 2 2 1 4 2 0 2 0 4 1 0 1 1 3 2 5 1 3 0 2 1 0 3 3 3 2 3 2 2 2 3 3 2 1 2 1 2 3 2 4 1 3 1 3 0 4 0 2 5 2 2 4 3 0 1 3 2 2 2 2 3 2 1 2 2 3 3 1 0 0 0 3 4 3 1 2 0 2 1 2 1 3 2 3 4 3 0 1 4 1 2 2 1 1 1 4 2 2 4 2 3 2 3 3 2 4 3 4 1 2 4 1 0 3 1 3 2 1 1 1 2 1 1 2 3 2 1 2 3 3 2 3 2 1 2 3 2 2 0 3 2 0 5 2 1 4 3 1 1 0 2 4 6 2 2 6 4 3 2 5 0 1 1 3 3 1 1 0 1 0 2 2 2 1 2 1 1 2 2 5 1 1 1 1 4 2 4 1 3 1 3 0 1 5 0 2 2 1 1 1 3 4 0 2 2 2 4 4 0 1 3 1 2 1 2 3 2 2 1 3 3 4 1 2 1 2 4 4 0 1 1 1 4 3 1 0 1 3 1 2 2 2 3 2 3 0 3 0 2 1 3 3 2 2 3 3 5 2 4 1 2 3 3 3 4 0 2 3 3 4 1 1 3 2 0 2 5 2 5 3 1 0 0 1 2 1 1 1 3 2 0 3 3 5 0 2 2 1 0 4 3 2 4 4 3 1 1 3 2 5 1 2 1 2 2 3 2 0 0 1 2 1 2 2 4 4 1 2 2 4 2 1 1 3 3 1 5 1 2 3 1 1 2 1 2 3 2 2 2 2 2 2 2 1 1 2 2 1 3 2 0 2 2 0 0 3 7 1 1 2 2 1 2 0 0 2 2 2 2 3 3 3 2 1 2 3 1 3 2 6 1 2 5 2 2 0 6 1 0 1 3 4 0 1 2 4 1 0 2 2 2 0 1 1 1 4 1 4 2 0 3 1 1 3 6 2 2 2 4 0 0 1 3 1 1 1 3 3 2 1 3 3 2 1 2 4 3 3 1 0 0 5 1 3 2 1 1 2 3 4 1 6 3 1 0 0 1 0 3 2 2 1 1 3 4 2 1 3 2 1 1 4 0 4 2 1 2 2 2 4 3 1 1 1 2 2 3 1 4 2 1 0 3 0 1 1 0 2 2 2 3 2 3 0 4 5 1 2 0 4 2 1 2 2 0 2 2 2 3 1 5 2 0 0 1 5 2 3 2 2 7 1 2 1 1 2 2 0 0 4 1 2 2 2 1 1 2 1 3 0 5 1 1 1 2 1 6 3 0 1 3 4 5 1 0 2 0 3 1 3 1 3 0 1 0 0 0 2 3 2 2 1 2 1 3 2 2 2 1 2 1 3 4 1 4 1 2 1 3 0 1 0 1 2 4 4 4 1 0 3 1 3 1 3 1 1 1 2 5 0 3 2 2 3 2 1 3 0 1 1 2 0 1 1 1 2 0 1 0 4 2 4 6 3 0 1 2 2 4 2 1 1 1 2 3 0 2 2 2 2 1 0 1 1 2 5 2 1 2 2 0 1 2 4 1 2 3 2 3 1 2 1 3 3 2 2 2 2 2 1 1 3 3 3 3 1 1 2 1 2 1 2 4 1 1 2 2 0 2 1 2 1 2 2 1 4 3 4 2 3 0 3 4 3 3 3 2 3 2 1 3 0 2 0 2 0 1 3 4 5 3 0 2 3 4 2 1 1 0 1 3 5 0 2 2 4 3 2 3 2 1 3 2 0 2 0 3 1 0 3 3 3 2 1 4 5 3 2 0 2 3 1 2 1 3 0 2 1 4 1 4 1 5 2 2 1 4 0 1 3 1 0 1 2 4 3 5 2 0 0 2 2 1 2 2 4 4 1 1 0 1 4 1 6 1 3 4 2 2 5 0 2 1 0 0 1 4 3 5 0 2 0 4 1 1 2 1 1 2 2 3 1 1 4 4 0 5 3 1 3 2 0 1 0 1 1 0 2 1 2 0 4 1 2 2 2 3 3 2 3 2 1 1 0 2 0 1 2 6 2 4 5 4 2 0 3 2 4 5 2 1 4 2 3 3 2 2 2 1 2 1 1 1 0 3 3 2 2 4 1 1 1 0 3 1 3 0 3 3 2 0 1 1 2 1 1 3 2 3 2 1 2 1 3 2 4 0 2 4 3 1 3 2 4 3 1 3 2 0 2 2 4 2 4 2 4 1 2 1 2 2 1 3 2 0 2 0 2 0 1 0 3 2 4 5 3 3 1 1 0 1 3 1 0 1 3 2 3 2 1 7 2 0 0 3 0 1 4 4 3 4 1 3 1 5 1 1 2 3 4 1 3 7 2 1 0 2 2 2 1 1 1 0 3 1 0 3 4 4 6 0 2 2 1 2 2 2 3 2 0 2 2 0 1 4 4 0 2 1 1 3 1 2 1 2 1 1 3 3 2 1 1 3 3 5 4 1 4 3 2 1 3 6 1 1 4 1 3 4 1 1 2 0 2 4 4 1 2 2 1 1 4 3 4 1 2 2 0 3 2 2 2 1 2 1 2 3 2 3 3 5 2 1 3 1 0 2 4 3 1 1 3 6 2 2 2 0 1 2 1 1 2 0 2 2 3 2 3 1 2 1 0 3 1 3 2 3 1 1 2 2 2 1 4 2 3 1 3 1 1 1 0 0 2 2 2 1 1 5 1 1 7 1 2 3 1 1 2 1 3 1 2 1 3 2 1 1 1 4 3 1 3 2 0 0 2 6 1 1 3 2 1 3 3 1 2 1 0 2 3 2 5 2 0 1 2 1 3 3 4 2 9 1 0 3 0 2 2 5 2 3 2 4 2 1 1 3 0 4 1 1 2 1 2 2 3 4 5 1 4 3 1 0 4 0 3 1 1 0 1 4 1 4 0 4 2 0 1 3 2 2 1 2 3 2 2 3 4 3 3 4 2 1 0 3 3 2 1 1 1 2 2 2 4 4 1 2 2 1 3 2 4 2 2 2 3 1 3 1 0 3 3 2 0 1 2 3 2 1 2 4 1 0 2 0 0 3 0 4 2 3 1 3 0 1 3 2 5 2 1 0 2 1 1 1 3 1 2 1 1 3 2 1 3 0 2 1 1 2 3 4 3 2 2 1 2 0 1 3 1 0 3 4 2 1 4 1 5 2 4 2 2 2 3 1 0 1 0 0 2 3 2 4 4 0 3 1 2 3 0 3 0 3 3 1 0 2 2 2 1 1 0 3 0 1 2 4 4 1 4 5 2 2 0 0 3 2 2 1 2 1 4 2 4 3 5 0 1 1 4 2 2 1 4 5 2 5 3 2 0 4 0 1 3 2 4 5 1 1 0 0 4 2 3 1 3 2 6 2 1 1 3 0 2 4 2 2 2 1 1 0 5 3 1 2 1 1 1 5 1 1 1 2 4 3 4 1 2 1 1 3 0 0 3 1 3 1 1 1 1 0 0 4 2 1 1 2 0 1 0 2 1 4 2 2 2 1 1 1 0 2 1 3 2 4 0 2 0 2 2 1 0 3 1 1 2 1 2 3 2 2 2 1 0 2 0 2 1 2 0 6 1 3 3 2 1 1 2 3 2 0 1 1 4 1 0 2 2 2 3 2 2 4 1 1 3 4 2 1 2 4 0 2 3 0 3 1 3 1 0 2 1 2 5 2 0 2 1 2 2 3 3 0 2 1 6 1 3 2 2 2 0 3 2 3 2 1 2 1 0 1 4 4 1 1 3 2 3 4 4 2 1 1 3 2 3 1 1 2 3 3 0 0 4 2 0 5 1 0 4 4 3 2 0 0 2 1 2 3 2 2 1 3 1 0 2 1 2 2 1 5 2 0 3 1 3 1 2 5 2 1 0 2 1 2 2 2 1 1 2 2 2 2 2 1 1 0 5 3 0 3 0 1 1 3 5 2 1 2 2 2 3 1 0 4 3 2 4 1 0 0 1 4 2 0 0 0 2 2 1 2 6 5 1 4 2 1 0 2 3 3 3 3 1 1 2 1 1 5 3 2 1 1 1 2 2 3 0 3 2 4 4 1 0 1 3 1 1 3 0 1 2 6 2 2 2 1 2 3 0 4 1 1 2 2 0 3 4 1 2 3 0 1 1 3 1 1 1 3 3 3 2 2 2 2 0 2 3 1 0 0 2 1 2 2 0 2 5 2 1 0 2 1 2 4 3 2 1 3 1 2 1 1 3 1 4 3 0 1 2 1 2 1 3 3 1 4 1 4 3 3 2 1 0 1 0 1 1 3 3 2 2 1 5 0 1 4 1 2 4 3 2 1 4 1 0 1 1 0 0 5 1 4 3 1 2 0 4 1 3 0 1 1 2 0 2 3 2 1 5 2 1 4 2 3 3 3 1 2 0 5 2 1 4 4 3 4 0 3 4 0 1 4 4 1 1 2 3 3 0 0 2 2 1 4 3 1 2 3 3 3 3 1 2 3 4 1 1 1 3 3 2 1 3 1 2 1 2 4 0 2 3 4 2 0 2 1 3 1 2 3 1 4 1 3 1 2 3 0 2 3 2 4 5 3 2 2 2 3 1 0 2 1 4 2 3 1 1 0 2 5 2 1 2 4 3 1 3 0 2 5 4 4 2 0 2 1 1 2 2 1 2 2 5 2 3 0 2 2 4 3 2 1 4 4 2 0 2 1 1 0 0 4 2 5 1 1 0 1 2 2 1 3 3 2 1 2 0 4 0 0 2 2 5 8 0 1 3 0 2 0 2 1 1 1 0 2 0 3 4 3 2 2 1 1 0 4 2 2 0 5 2 5 1 1 3 2 0 0 3 4 0 1 1 2 4 3 3 6 1 1 4 2 1 1 4 1 3 1 2 1 4 0 2 3 2 1 3 2 4 1 2 1 1 1 1 3 2 2 2 6 4 2 2 1 2 2 2 2 2 1 2 7 4 3 3 0 0 2 3 2 1 3 1 3 4 2 1 0 1 1 2 2 1 4 1 4 2 2 1 1 3 4 2 6 3 3 0 5 0 2 1 2 0 6 5 0 1 2 0 0 1 1 4 3 4 2 2 0 2 1 4 2 2 3 3 2 1 1 2 0 4 2 1 2 2 1 0 1 5 6 1 2 1 1 3 1 1 1 2 0 1 4 2 1 0 2 2 0 2 1 2 3 4 3 5 2 1 1 1 4 2 3 3 3 1 4 1 1 1 3 2 2 6 0 1 2 1 3 1 1 0 3 1 1 3 4 1 1 1 2 4 3 0 2 3 1 0 1 2 2 4 1 0 2 2 3 5 4 3 1 2 1 0 4 0 1 2 2 2 0 3 4 3 3 1 1 1 2 2 2 3 1 1 0 3 1 3 2 0 4 0 2 2 3 6 1 4 3 0 1 0 1 3 2 1 3 2 2 4 3 2 3 1 3 2 2 2 2 2 1 1 0 4 4 2 1 2 1 2 3 1 1 2 1 0 2 3 2 3 1 4 2 1 3 1 2 3 1 2 1 2 1 2 2 1 2 2 3 3 1 3 2 3 0 1 4 1 0 1 1 5 2 3 5 2 1 2 0 0 5 3 2 5 0 2 0 2 1 1 3 3 1 1 3 0 2 1 2 2 4 3 2 0 1 5 4 0 1 3 1 1 1 2 2 3 0 4 0 1 2 3 5 2 2 1 1 3 0 0 1 3 6 1 2 1 3 2 2 3 4 1 1 4 4 1 3 0 3 4 1 4 3 3 3 1 1 8 0 0 1 2 3 1 2 2 1 2 2 3 2 1 2 2 2 0 2 2 1 2 1 3 1 7 0 1 2 0 4 5 1 3 1 2 4 5 1 2 2 2 0 1 2 0 1 4 1 0 1 2 3 1 2 3 4 1 2 3 0 1 1 3 1 0 0 1 1 0 2 0 1 5 2 3 3 0 3 2 1 0 4 4 3 2 3 1 0 3 2 0 4 2 3 1 2 2 3 2 0 2 3 1 3 0 3 5 2 1 1 1 1 0 3 2 2 3 1 2 2 1 3 0 4 2 1 3 2 2 2 1 2 2 2 2 2 2 2 3 4 1 1 5 1 3 2 1 3 1 2 1 1 4 1 0 2 1 1 2 1 2 1 1 3 1 3 1 3 3 2 0 1 4 2 1 2 2 3 2 0 0 2 3 0 4 1 1 1 1 2 3 1 4 3 1 1 1 0 0 2 1 0 2 3 1 3 4 4 1 2 3 0 4 2 1 1 2 3 4 1 1 2 2 4 1 0 0 0 1 2 1 2 3 2 1 4 2 3 1 3 3 3 1 3 3 1 3 1 2 0 2 3 2 2 2 1 2 1 2 1 1 0 4 1 1 0 3 0 4 0 1 4 1 0 1 1 3 2 1 2 2 2 2 2 2 2 0 0 1 1 5 4 2 2 2 1 1 0 3 3 2 0 3 2 0 4 3 0 4 5 3 2 3 1 2 3 2 0 3 2 2 3 0 3 2 2 2 2 3 2 0 0 3 2 1 3 1 1 3 1 4 1 2 4 2 1 2 0 1 0 4 2 2 3 2 1 2 1 5 1 1 2 1 2 4 2 1 3 3 2 2 3 0 2 2 2 3 1 1 3 1 3 1 1 2 0 4 1 1 4 5 2 1 1 1 1 1 2 0 1 2 0 3 3 3 1 3 1 2 1 1 2 3 4 2 2 4 3 2 2 5 0 0 3 2 2 5 2 2 1 1 2 2 1 2 2 2 1 1 1 4 2 3 2 2 3 2 4 2 4 4 5 2 1 1 2 3 3 2 1 1 1 2 1 2 2 1 1 3 3 3 2 1 2 2 1 4 1 4 4 1 4 1 4 3 1 0 2 2 3 2 2 1 2 1 1 1 2 1 0 2 6 1 3 3 1 5 5 0 2 0 1 3 3 1 2 0 0 0 3 0 1 0 2 1 3 4 3 3 2 3 0 4 0 1 0 1 0 0 1 4 2 3 1 2 3 2 4 1 1 0 2 1 1 1 0 2 5 1 2 2 1 0 4 1 4 1 2 2 2 0 2 1 1 0 3 4 1 1 2 3 3 3 3 2 3 0 1 0 3 1 4 1 1 1 1 2 1 3 1 4 0 5 4 0 4 1 3 2 1 1 1 3 2 0 2 1 4 1 0 2 4 2 4 0 2 0 3 2 3 2 2 0 0 4 4 1 1 2 2 2 2 3 2 3 2 2 2 1 1 1 2 1 2 1 1 3 3 3 1 2 4 3 1 3 3 2 0 1 2 3 6 4 3 4 1 1 1 1 3 1 1 2 1 2 2 0 2 2 1 2 5 0 0 3 2 3 5 1 4 6 0 0 5 0 0 0 2 5 3 6 1 2 3 1 1 1 2 2 0 2 1 1 2 4 4 0 3 3 1 2 1 3 1 0 4 4 0 1 2 0 1 1 2 2 1 7 2 2 1 1 1 1 2 3 3 0 3 3 4 2 3 1 5 3 1 1 2 2 2 2 5 1 4 1 0 1 0 3 1 1 2 3 3 3 1 3 2 4 1 2 1 2 1 0 2 1 2 5 0 1 3 4 2 3 2 2 3 2 0 2 0 1 2 2 2 2 1 3 3 2 3 2 2 5 2 3 5 3 2 5 3 1 5 0 2 1 3 1 3 6 1 0 2 1 2 1 2 1 4 3 0 0 0 2 3 0 3 3 4 1 1 0 4 4 2 0 2 2 1 2 3 3 3 2 2 2 2 2 4 0 2 2 3 2 1 1 1 4 1 1 0 5 1 2 1 0 0 0 3 2 5 3 3 0 3 1 0 2 1 1 5 5 3 1 1 0 1 6 4 3 1 1 1 2 2 3 1 5 0 2 4 4 3 3 1 0 1 3 1 1 2 0 3 4 2 0 2 1 3 5 2 2 1 1 1 3 2 0 2 1 0 1 1 1 1 1 1 1 2 1 2 3 2 3 3 3 2 1 1 2 2 2 4 3 4 2 2 1 0 3 2 1 0 4 3 3 1 1 5 1 1 1 0 1 2 2 2 2 3 1 0 2 1 2 3 1 2 1 4 1 0 2 3 0 1 1 0 4 3 2 4 2 0 0 3 2 1 1 6 1 2 1 1 1 4 3 4 3 2 1 3 2 0 2 2 4 2 3 4 3 1 3 1 1 1 0 2 1 1 2 2 2 5 0 2 1 1 4 1 3 0 0 2 2 1 2 2 1 0 3 3 1 1 5 1 5 5 2 1 2 1 0 0 0 1 2 2 2 2 2 3 3 3 2 1 4 1 1 2 2 4 1 4 2 3 1 1 1 2 2 0 3 1 5 0 3 1 1 2 5 3 2 0 1 1 2 2 2 2 0 1 0 2 3 4 3 0 2 3 3 4 5 1 4 3 1 2 2 3 1 3 3 1 1 3 0 0 4 1 1 3 1 2 2 1 3 3 4 3 0 0 1 0 4 2 5 2 1 0 2 0 2 4 3 4 0 1 0 1 2 1 0 1 2 1 1 2 3 1 3 2 1 3 3 0 2 0 2 2 0 4 0 2 2 1 2 0 0 3 3 1 4 4 3 2 0 1 1 4 4 2 2 5 4 0 2 3 1 2 0 4 1 2 2 5 1 0 0 4 0 0 4 0 3 1 2 0 0 4 3 1 3 3 0 4 2 3 0 1 3 4 2 1 4 2 2 2 0 0 3 2 5 1 2 4 3 0 2 1 2 0 2 2 1 3 4 3 4 0 3 1 4 0 3 3 3 1 2 1 1 2 0 1 1 0 3 3 3 1 1 4 2 1 3 0 1 1 0 3 2 2 3 2 1 3 4 0 1 2 2 2 1 4 2 3 1 2 3 1 1 1 4 1 0 1 6 1 0 2 3 1 1 1 0 3 3 2 2 3 6 2 4 2 1 1 3 2 3 2 1 1 6 2 1 1 3 2 2 3 1 1 1 4 2 1 2 1 3 1 2 7 4 2 2 4 3 3 1 3 3 2 1 1 2 1 2 2 2 2 0 1 1 2 6 1 3 0 1 3 3 2 1 5 0 0 3 0 1 1 5 2 1 1 3 1 2 3 2 2 0 2 0 3 0 4 3 0 0 0 1 3 2 3 1 0 2 3 3 2 3 3 1 2 1 0 2 1 2 0 6 2 0 1 0 2 2 3 4 0 1 0 1 1 1 4 2 1 3 4 2 2 1 0 2 2 4 2 0 1 2 2 2 0 2 3 3 2 0 1 1 2 1 1 1 0 2 2 1 0 5 3 3 0 2 2 2 2 3 3 4 2 1 2 1 2 1 3 3 3 1 5 5 0 3 4 4 1 3 0 0 3 0 0 1 1 4 2 3 4 1 2 2 4 1 3 3 1 1 0 6 2 3 1 0 4 4 2 4 0 1 3 2 1 3 1 0 2 5 3 2 3 2 1 1 2 1 2 2 2 3 2 2 1 2 2 2 3 2 0 1 4 1 4 4 3 0 0 2 2 2 0 3 2 2 2 3 2 0 3 2 3 1 2 3 2 1 2 2 3 2 2 1 1 3 3 1 0 3 2 2 1 2 3 4 1 3 0 1 3 1 3 3 1 1 1 3 4 0 1 2 2 1 4 2 1 0 3 4 4 1 2 1 2 2 1 1 1 3 3 2 0 0 1 2 0 4 2 0 4 1 3 2 3 3 1 1 4 1 3 0 2 1 5 0 1 3 2 6 2 3 2 0 0 2 1 4 2 0 0 1 1 2 1 2 1 2 2 1 2 1 2 2 3 3 0 3 2 2 0 3 3 7 1 3 2 0 1 2 2 1 3 2 2 0 1 4 0 1 2 2 2 3 2 2 2 1 1 1 2 1 2 5 2 1 0 1 2 0 3 2 2 2 1 2 1 1 2 1 2 1 1 2 1 1 2 3 2 0 0 4 2 3 1 0 1 2 2 1 2 4 3 3 1 1 1 1 1 3 1 3 1 3 1 1 6 2 2 0 2 0 1 3 2 0 2 1 3 2 1 0 4 0 2 2 3 1 1 3 1 0 0 2 1 3 0 1 1 4 1 4 2 3 2 1 3 0 1 2 1 2 1 1 2 1 3 0 3 3 2 1 2 1 2 2 2 2 5 1 2 3 1 4 2 1 3 1 2 3 3 2 3 0 1 3 3 3 2 0 2 2 2 4 1 2 2 3 2 1 0 1 3 4 1 2 3 2 1 4 5 1 2 2 1 3 3 2 1 2 2 0 2 1 3 1 4 2 1 1 2 0 3 0 0 3 3 1 2 3 1 0 3 3 2 2 3 2 2 2 1 2 1 1 3 1 1 0 3 1 0 0 2 5 3 1 3 1 2 1 3 2 1 2 2 1 1 2 4 1 2 3 2 1 2 2 3 2 1 3 1 0 1 0 0 3 2 3 0 2 5 1 1 2 2 0 5 4 2 1 4 0 0 3 2 3 4 2 3 3 3 2 0 2 1 0 3 1 4 0 2 5 0 2 0 2 3 1 1 1 2 2 3 0 0 3 3 2 4 2 1 1 2 1 0 3 1 0 3 2 3 1 2 3 1 4 2 3 0 3 1 1 1 1 2 1 2 2 3 0 2 0 1 2 2 2 1 1 4 2 6 0 3 2 2 3 1 3 3 3 0 2 2 3 1 0 4 8 0 0 2 2 1 2 2 1 4 2 1 1 0 2 2 5 2 2 1 2 4 1 0 2 0 3 6 0 2 3 2 0 2 2 2 2 1 3 5 0 2 4 3 3 1 4 2 1 2 1 2 0 4 2 2 0 0 3 4 1 3 2 2 4 1 0 1 1 0 3 2 2 2 0 1 1 2 4 0 4 1 2 3 0 3 2 2 2 1 5 2 4 0 2 3 4 2 2 5 0 1 3 1 0 2 1 0 2 0 6 1 0 2 1 1 4 2 1 1 3 1 6 0 2 1 0 3 2 0 2 4 5 1 2 0 0 1 3 1 4 4 1 2 2 1 1 5 2 1 1 0 1 1 2 2 2 4 2 3 1 2 2 2 1 3 1 1 1 0 3 4 1 5 3 4 2 0 1 0 5 2 3 1 1 1 0 3 3 0 3 5 1 3 3 0 1 1 0 1 1 3 2 1 5 2 2 2 1 0 1 0 2 4 2 5 1 0 0 2 2 3 2 0 0 1 2 2 2 3 0 4 3 1 0 3 2 1 1 1 3 3 1 1 1 1 3 1 2 1 2 2 0 2 2 1 2 0 4 2 1 4 3 2 1 2 0 2 2 3 2 3 1 2 1 4 1 1 1 0 1 4 4 2 2 2 4 1 4 1 5 1 1 0 1 2 4 2 2 1 1 2 0 2 0 3 4 3 1 1 3 2 2 5 4 3 4 1 4 0 2 3 2 1 0 1 1 5 1 2 2 3 3 4 1 2 3 3 0 4 2 1 3 1 1 4 3 0 3 5 2 1 1 3 2 3 2 4 1 1 4 0 2 3 1 2 1 2 2 2 1 2 2 0 1 1 2 0 2 7 4 2 4 0 1 3 2 2 4 2 4 0 2 0 1 1 1 3 0 2 2 1 2 5 1 4 2 3 3 2 2 3 1 0 0 0 3 2 4 3 2 3 1 0 2 1 3 0 0 1 1 2 5 2 2 3 3 3 2 1 2 3 3 0 2 3 1 1 2 1 5 2 3 1 2 1 2 1 1 0 1 1 0 0 1 2 2 4 1 0 1 4 2 1 2 3 1 3 1 3 2 4 1 1 1 2 1 2 2 3 2 1 3 2 4 1 2 1 1 3 1 0 2 3 4 4 1 0 1 0 1 2 2 0 0 0 0 2 4 2 1 1 6 2 0 1 1 1 5 3 3 0 1 0 3 3 2 2 1 0 1 4 2 2 4 2 3 3 1 0 2 1 1 2 1 0 3 0 3 2 5 2 4 1 3 2 3 3 0 2 3 3 1 2 1 3 0 1 6 4 2 2 1 3 0 4 0 3 1 3 0 0 1 4 1 4 2 5 2 0 1 1 3 0 4 4 1 2 1 0 2 4 5 2 0 3 0 5 1 1 2 4 1 5 1 3 2 1 3 2 2 1 3 3 3 1 1 0 1 4 2 1 0 0 3 0 3 1 4 1 2 0 2 3 0 3 3 1 0 2 0 3 1 0 2 1 1 2 2 3 1 0 3 2 1 1 1 2 4 2 5 2 4 2 1 0 0 1 2 3 3 1 4 1 3 1 3 1 1 2 1 2 1 4 3 2 2 0 2 1 1 1 0 3 2 5 0 4 3 4 1 1 0 0 3 0 1 1 1 1 2 2 3 2 4 2 1 1 2 1 1 3 5 3 1 1 1 2 3 5 1 2 0 0 2 2 0 2 0 6 0 0 2 3 3 2 5 0 2 4 3 2 4 0 5 2 2 2 3 4 2 2 2 3 4 0 4 3 2 0 1 3 1 2 1 2 3 1 2 1 3 0 3 0 0 0 3 2 2 3 3 3 1 4 1 3 2 2 1 2 2 3 5 2 1 1 0 2 3 3 2 2 1 3 0 4 1 2 3 1 2 2 0 0 1 0 2 4 0 0 0 1 2 1 2 3 2 2 3 3 0 3 2 2 2 0 0 4 2 1 1 0 2 0 4 4 0 4 3 4 2 3 0 2 1 1 3 1 0 3 2 0 2 1 2 0 2 5 3 2 0 4 2 0 0 2 0 4 1 0 2 1 3 3 2 1 2 2 1 2 1 3 1 1 3 1 2 4 1 2 0 3 1 1 2 3 2 3 3 3 1 0 1 2 3 2 1 2 2 2 2 1 3 1 2 0 3 5 1 2 1 3 2 1 2 3 1 1 2 4 2 1 2 2 1 3 3 2 1 2 3 5 2 1 2 1 3 0 2 3 0 1 3 5 5 1 1 1 3 0 2 3 3 1 2 1 2 1 0 1 1 2 1 5 2 3 2 1 0 0 2 5 1 1 0 2 1 2 0 3 1 2 0 2 2 0 6 1 1 2 3 1 1 1 5 1 0 2 1 2 2 4 0 2 1 0 3 4 0 1 2 4 3 3 0 3 1 0 1 0 0 5 4 1 0 1 1 1 0 2 1 1 1 0 2 1 1 3 6 4 1 3 2 2 1 2 2 3 2 3 3 1 0 4 1 2 3 1 2 4 1 1 1 2 0 3 1 3 3 2 2 1 5 2 1 3 3 1 2 7 1 4 1 1 0 1 3 3 3 3 0 2 6 3 1 1 1 1 3 2 1 1 4 3 3 2 2 1 2 3 2 4 1 2 2 3 2 2 2 1 0 0 4 2 0 1 6 3 1 1 2 4 4 3 0 3 2 0 0 2 3 2 1 4 2 1 3 1 1 0 2 0 1 2 1 5 4 1 2 1 0 2 4 2 3 2 1 4 0 3 2 3 3 2 0 3 2 2 3 0 3 2 3 4 1 1 2 0 1 1 4 3 2 3 2 2 4 1 1 1 2 1 2 3 3 2 0 2 1 1 3 1 1 2 3 0 6 0 5 2 0 1 2 2 1 3 4 1 4 1 4 1 1 2 7 1 1 4 3 0 1 0 1 2 3 1 3 2 1 1 2 6 0 1 3 3 3 0 2 1 1 0 3 1 4 1 2 0 2 2 0 2 6 2 0 1 2 2 2 0 3 3 1 4 1 1 5 2 2 0 4 3 0 2 3 1 2 3 1 1 1 3 1 4 5 1 2 2 2 2 3 3 0 0 4 0 2 2 7 3 1 2 1 1 1 0 1 2 3 3 1 2 2 1 4 4 3 0 3 1 3 1 0 2 4 3 0 1 3 4 0 0 2 3 1 3 1 0 3 3 1 3 4 5 2 3 0 3 1 1 2 4 2 1 1 2 3 2 2 2 4 2 1 1 1 2 0 2 1 2 2 3 3 1 2 4 3 1 2 3 1 1 0 3 1 3 4 2 1 3 0 3 0 1 2 2 1 1 3 1 2 3 2 2 3 1 3 4 3 1 0 3 1 2 2 4 0 1 3 1 2 3 2 2 2 0 3 2 1 4 3 1 2 0 1 2 0 3 1 2 3 1 2 2 3 2 1 2 1 1 2 1 3 3 1 3 3 2 3 5 1 1 1 0 2 1 0 2 4 1 2 3 1 0 5 1 1 4 1 3 3 2 1 0 4 3 3 3 1 2 3 3 3 4 3 4 0 2 1 3 3 1 1 3 2 1 1 3 1 1 5 4 1 2 1 4 3 1 3 3 2 1 1 2 3 3 3 0 2 2 1 2 0 2 3 0 2 2 1 4 2 2 2 2 1 1 1 1 3 6 2 0 1 1 0 3 2 2 1 1 3 2 6 0 0 0 2 1 4 3 2 0 3 5 3 1 4 4 1 2 2 0 3 2 2 5 1 1 1 2 2 1 3 5 1 2 1 3 1 1 2 0 0 0 0 3 6 2 2 4 1 0 2 0 3 3 2 2 4 1 1 1 3 1 2 2 2 5 1 2 3 0 2 2 1 6 3 0 2 4 1 1 1 1 0 4 3 3 2 1 2 1 2 3 1 1 2 1 3 0 2 3 6 2 0 2 3 2 0 0 1 3 3 4 7 1 1 2 1 1 2 0 3 0 0 1 1 1 5 3 1 1 2 1 5 2 4 3 0 2 1 1 3 1 1 2 2 3 0 3 4 2 0 3 2 2 2 3 2 2 2 3 4 3 1 2 3 1 2 5 1 1 3 0 1 1 0 0 1 1 4 2 3 1 3 2 3 2 1 1 1 4 2 3 2 2 2 0 2 0 2 2 3 2 1 1 2 3 3 0 2 1 2 3 5 1 3 1 2 4 3 0 2 1 0 4 1 2 1 1 1 3 2 0 1 3 4 3 2 2 2 3 3 0 5 4 3 1 3 0 2 2 3 1 1 3 1 6 3 2 2 0 1 3 1 3 2 1 3 5 2 3 2 1 2 4 1 4 2 3 1 1 1 2 2 3 5 1 3 0 1 3 1 3 2 3 1 2 2 2 4 3 0 0 0 1 1 2 2 1 4 0 3 5 1 0 2 0 1 1 1 1 2 3 2 3 3 0 0 3 2 1 3 1 2 1 3 1 1 3 2 4 3 1 2 4 1 0 0 4 0 2 7 3 2 1 4 2 5 3 4 1 1 2 0 1 1 3 3 5 2 3 1 2 0 1 2 4 0 5 1 2 3 2 1 3 1 0 4 2 3 3 4 2 2 1 1 3 1 3 1 2 2 4 4 1 2 2 2 1 2 1 5 1 2 1 2 1 1 3 1 2 3 1 3 3 6 0 1 0 3 4 3 1 2 2 1 1 3 3 2 1 2 2 2 5 0 1 0 0 1 3 3 0 3 2 3 2 2 0 1 0 4 3 0 1 1 3 2 3 2 2 1 1 1 2 0 3 1 2 4 4 1 2 3 1 0 3 1 3 3 1 3 4 0 2 4 2 1 3 1 0 3 4 2 2 2 3 1 3 2 0 2 2 0 3 3 3 1 1 5 3 1 2 2 1 1 2 0 1 1 2 1 2 3 0 1 3 1 3 3 3 0 1 1 3 1 2 4 1 0 0 2 1 3 1 1 4 1 1 0 3 6 3 2 0 0 1 3 3 2 0 4 2 0 6 1 2 3 3 0 1 3 3 2 2 1 1 1 3 1 2 5 3 3 2 2 3 4 1 4 1 2 2 2 3 2 1 1 0 1 2 1 4 2 2 3 1 2 2 6 1 1 1 4 3 1 1 1 2 1 2 5 1 3 1 2 0 2 3 0 1 6 2 3 3 0 2 2 1 2 2 3 1 3 1 2 3 0 3 2 4 1 2 1 2 2 0 2 2 3 1 3 4 3 0 2 1 1 2 4 0 1 2 2 1 0 5 2 1 1 3 3 4 3 3 3 0 4 8 1 0 3 2 3 4 0 2 0 0 1 2 3 1 1 2 2 1 6 2 1 2 3 3 3 0 2 1 0 1 4 1 4 0 3 2 2 3 1 3 3 4 1 2 2 3 1 2 3 1 3 0 2 0 1 3 1 1 3 1 2 3 3 0 2 4 1 3 1 1 1 1 1 2 2 2 1 2 1 1 2 3 1 3 2 1 4 0 2 0 1 3 3 1 1 3 4 3 1 1 1 6 0 4 3 1 3 4 1 1 3 0 2 4 1 0 2 1 1 2 1 2 3 4 1 1 3 0 3 3 1 5 0 2 2 1 2 3 1 1 3 3 3 1 4 1 0 1 1 1 2 3 2 2 5 1 1 2 0 0 1 4 2 2 1 3 3 4 3 0 1 1 3 4 1 3 4 0 1 1 0 0 4 1 2 2 3 4 2 3 0 1 1 1 2 2 2 3 0 0 2 0 2 3 4 2 2 4 0 2 3 4 2 1 1 3 1 0 3 2 5 4 1 2 1 3 2 0 1 4 1 1 3 1 1 3 0 1 7 5 2 3 0 0 4 0 2 1 1 3 1 1 2 0 2 3 0 0 4 2 2 2 4 1 1 1 1 1 2 0 2 1 2 2 1 2 0 2 2 2 2 3 1 1 2 1 2 4 2 3 1 1 2 2 2 2 3 0 2 2 0 6 3 2 0 2 1 3 2 4 3 2 1 1 1 0 2 3 1 1 2 3 3 1 2 1 2 5 1 1 1 1 2 2 0 4 1 2 4 2 1 3 4 4 1 2 3 3 1 1 3 2 1 1 0 1 2 2 3 3 1 1 1 2 2 5 0 2 0 1 2 1 6 2 3 2 2 2 2 0 0 0 1 6 2 2 2 1 2 2 5 3 3 1 0 2 1 0 0 3 2 1 1 3 8 4 3 1 1 0 2 2 1 4 2 1 4 4 0 3 2 0 2 1 3 2 2 0 3 3 0 2 2 1 3 4 1 1 2 1 4 3 2 2 1 4 1 0 1 2 2 0 2 1 3 2 2 1 1 0 0 1 1 2 3 5 1 4 2 2 1 2 0 1 1 1 5 2 4 0 2 1 2 1 3 3 2 0 4 1 1 1 2 1 5 2 1 2 1 1 0 1 0 4 2 1 2 2 0 1 2 1 4 3 2 0 2 6 2 1 1 0 0 2 1 1 5 2 2 2 1 2 3 1 1 3 2 0 3 6 5 3 1 0 1 2 0 4 1 2 2 0 2 2 2 1 7 0 1 3 0 1 1 3 1 5 2 2 1 4 2 2 2 2 3 1 1 3 0 0 1 3 2 3 5 1 0 2 2 3 1 1 1 1 2 4 2 1 0 3 3 1 2 3 1 4 1 3 2 1 1 0 2 1 3 1 0 2 4 1 1 2 0 2 3 1 2 1 1 1 4 3 7 4 3 0 0 6 1 4 1 2 3 2 1 5 1 1 2 1 2 2 0 2 3 1 0 1 1 1 2 8 2 2 1 2 2 3 2 3 1 2 2 2 0 2 2 3 4 1 3 0 0 2 2 2 1 3 0 3 4 2 7 3 3 3 1 3 2 0 1 1 3 0 2 6 1 2 3 2 3 3 2 1 1 1 4 0 2 3 2 2 3 1 2 1 1 2 1 3 4 1 2 2 1 0 4 5 2 1 4 2 1 1 1 1 1 0 2 2 1 1 2 0 2 3 3 1 1 3 0 4 1 0 1 1 3 2 2 3 2 1 3 2 2 3 0 1 0 4 2 4 2 3 2 1 2 0 2 5 2 1 2 3 2 0 6 1 1 0 5 3 1 1 1 0 1 3 1 3 4 1 4 2 1 1 3 2 0 0 5 3 4 1 2 2 5 3 4 2 0 0 2 5 0 0 0 3 1 3 1 3 1 3 2 3 1 1 4 0 2 0 2 6 1 2 1 1 1 3 4 3 3 1 4 0 1 2 2 3 2 1 2 1 0 4 1 0 3 2 4 4 3 2 0 2 1 3 3 1 1 4 0 2 1 1 4 2 4 4 1 0 2 1 5 0 2 3 2 1 2 4 0 2 0 2 0 2 2 3 1 2 1 2 3 4 3 1 1 1 2 2 0 1 2 1 1 1 1 3 3 3 2 1 2 0 1 2 2 2 3 1 1 3 1 2 3 2 1 4 3 3 3 1 3 2 2 3 2 3 2 1 1 3 2 1 3 0 1 3 2 1 1 2 3 1 3 2 2 2 1 2 1 2 6 1 3 1 2 2 4 2 0 2 2 2 1 2 3 3 2 2 3 2 1 3 2 2 0 5 0 2 3 3 2 2 1 1 1 3 1 2 2 1 2 2 4 3 7 0 3 1 1 0 3 0 0 2 2 3 0 1 0 6 3 2 3 1 2 3 2 2 4 1 0 1 2 1 1 1 2 3 0 1 3 3 1 2 2 3 0 1 1 0 1 2 3 2 2 3 1 2 0 2 0 0 1 3 2 2 1 2 2 1 5 1 5 0 1 1 0 1 3 2 3 2 2 1 4 2 4 4 2 2 2 3 4 2 0 2 4 1 1 1 0 2 2 1 5 1 2 2 2 1 1 5 3 4 0 4 6 1 2 0 1 4 2 4 2 1 3 6 5 4 1 0 0 2 1 2 2 2 3 3 1 4 2 4 0 0 1 2 1 2 0 4 1 2 0 1 4 4 1 2 2 2 3 0 2 2 2 0 1 5 2 2 1 1 1 2 4 1 2 3 0 2 1 2 0 7 2 2 1 3 2 0 0 3 1 3 1 5 1 3 2 3 3 2 1 3 2 1 2 2 2 2 1 2 3 3 0 2 1 4 0 0 0 3 1 2 3 1 1 1 2 3 2 3 1 1 1 1 5 1 3 2 2 2 2 2 2 1 2 2 2 2 1 4 3 3 0 0 2 4 3 2 2 2 3 1 0 2 3 0 2 3 4 4 5 1 1 1 3 1 1 1 1 4 2 1 2 4 1 2 2 2 6 2 0 1 1 3 2 4 3 3 1 2 0 4 2 2 2 2 4 3 2 1 1 1 2 3 3 3 0 1 2 2 6 3 1 1 2 4 5 0 1 2 0 1 3 0 4 2 0 0 3 2 1 0 1 4 4 4 0 2 3 2 2 2 0 1 1 6 1 2 1 2 0 0 3 2 0 3 0 5 5 2 1 1 3 1 3 2 1 0 1 3 3 2 2 1 1 1 3 2 1 0 4 5 3 2 2 1 3 0 1 2 4 2 2 1 2 1 3 1 5 2 2 3 0 0 3 1 4 3 5 1 0 4 1 0 4 2 3 3 3 2 0 2 2 1 1 1 1 2 2 4 2 0 2 1 3 0 3 1 1 1 3 3 3 2 3 1 5 1 2 3 1 3 2 4 2 2 0 2 4 2 1 4 2 1 3 2 1 3 3 2 0 1 3 2 4 1 2 1 0 2 2 1 1 3 2 3 1 2 3 1 3 2 3 0 1 2 5 0 3 2 3 1 2 3 2 3 1 1 1 3 0 5 3 3 0 2 1 1 2 2 2 3 2 2 0 1 1 0 0 2 5 3 3 2 4 4 1 2 0 2 2 1 0 0 4 2 1 2 0 1 1 4 3 1 4 3 0 3 3 2 1 3 2 2 3 0 2 0 0 2 4 1 4 1 2 2 1 3 3 2 0 1 2 1 1 2 1 1 1 2 2 3 2 1 3 2 2 2 3 3 3 3 0 4 2 2 2 1 2 3 0 0 2 1 2 1 4 1 2 2 2 3 2 1 3 3 1 4 0 2 2 1 3 1 0 1 2 2 2 0 3 2 4 0 1 0 2 2 5 3 1 1 4 1 3 0 1 4 3 0 3 4 6 1 0 0 3 4 3 1 2 1 1 1 4 3 0 1 1 3 0 3 4 2 2 1 2 0 4 1 3 2 5 3 4 1 1 4 1 0 0 2 3 1 2 4 4 2 0 1 3 3 2 2 3 1 1 2 0 2 1 0 4 2 1 1 2 3 2 3 2 1 3 2 2 2 3 4 2 2 1 2 1 2 2 3 1 3 3 1 4 3 3 1 1 1 0 1 1 1 1 2 2 1 1 2 0 3 0 5 2 1 1 0 2 6 1 2 0 2 0 0 2 0 0 2 5 2 2 2 2 2 0 0 3 4 3 3 1 0 0 0 1 0 1 3 2 1 1 3 3 1 2 1 1 2 1 3 4 3 1 2 4 4 3 3 1 1 1 0 2 2 2 2 0 5 1 0 1 2 2 4 1 2 3 1 2 2 1 1 3 1 1 2 1 2 2 1 2 3 2 1 2 1 4 1 2 4 1 3 2 5 0 2 2 1 5 1 5 0 2 4 4 0 2 1 1 2 2 3 3 2 2 2 0 2 3 5 2 2 4 1 2 2 1 2 3 1 2 4 3 0 2 0 5 3 1 3 2 2 1 0 3 2 1 1 6 5 0 0 1 2 2 1 4 0 2 2 2 2 1 5 1 3 1 0 2 2 0 3 3 5 0 1 1 3 1 3 2 3 3 4 1 2 2 1 3 1 2 3 0 1 3 0 5 1 1 3 4 1 0 1 1 2 2 3 2 1 4 0 2 2 1 1 3 2 3 1 1 2 2 1 3 1 3 3 1 1 2 1 3 5 1 2 0 0 0 0 2 1 3 1 4 0 0 2 2 1 1 1 0 2 4 2 2 3 4 3 0 3 2 1 0 1 2 1 4 3 1 0 0 3 0 0 3 4 1 2 7 1 5 0 3 1 1 1 2 4 0 3 2 2 1 3 0 3 1 2 4 2 1 2 0 2 3 4 3 1 2 2 2 4 1 2 1 0 2 1 0 1 1 2 2 2 2 2 1 2 2 3 1 2 1 3 2 4 2 2 2 1 2 2 1 0 1 1 3 1 3 1 2 0 0 1 2 2 2 5 2 2 1 1 3 2 2 3 1 1 3 1 2 3 1 0 4 0 2 1 2 1 0 2 3 0 2 1 2 2 0 2 0 4 2 2 2 1 2 1 1 1 6 3 4 2 2 1 2 0 4 2 1 1 1 2 2 3 3 0 3 2 2 5 2 4 0 0 2 2 4 2 1 2 0 4 2 0 2 2 0 1 2 1 3 2 3 0 4 4 0 3 2 3 1 3 2 2 2 2 2 4 2 1 3 1 2 2 1 3 0 2 3 0 2 1 2 4 3 2 2 0 3 2 1 3 1 3 0 4 0 3 2 3 0 4 1 1 4 0 0 2 1 2 1 3 1 4 1 0 0 1 1 1 3 2 2 2 3 2 3 3 2 3 2 2 1 1 4 1 2 4 3 0 3 4 5 3 2 3 2 1 1 2 3 2 4 1 3 0 3 3 5 0 0 0 2 1 1 5 1 1 0 3 2 1 2 4 5 1 6 1 3 3 4 0 3 0 0 1 1 1 3 2 2 6 2 0 0 1 2 1 0 2 3 1 5 3 1 2 2 3 3 2 2 2 4 3 3 2 1 0 1 2 1 1 1 2 2 1 3 4 3 2 4 2 4 1 0 1 0 4 4 0 4 2 3 4 3 0 0 1 2 0 3 3 4 3 3 1 2 1 1 1 
</Matrix>
   <Matrix name="xloc" type="complete" rows="1" columns="900" multiplier="1.0">
   0 1 2 3 4 5 6 7 8 9 10 11 12 13 14 15 16 17 18 19 20 21 22 23 24 25 26 27 28 29 0 1 2 3 4 5 6 7 8 9 10 11 12 13 14 15 16 17 18 19 20 21 22 23 24 25 26 27 28 29 0 1 2 3 4 5 6 7 8 9 10 11 12 13 14 15 16 17 18 19 20 21 22 23 24 25 26 27 28 29 0 1 2 3 4 5 6 7 8 9 10 11 12 13 14 15 16 17 18 19 20 21 22 23 24 25 26 27 28 29 0 1 2 3 4 5 6 7 8 9 10 11 12 13 14 15 16 17 18 19 20 21 22 23 24 25 26 27 28 29 0 1 2 3 4 5 6 7 8 9 10 11 12 13 14 15 16 17 18 19 20 21 22 23 24 25 26 27 28 29 0 1 2 3 4 5 6 7 8 9 10 11 12 13 14 15 16 17 18 19 20 21 22 23 24 25 26 27 28 29 0 1 2 3 4 5 6 7 8 9 10 11 12 13 14 15 16 17 18 19 20 21 22 23 24 25 26 27 28 29 0 1 2 3 4 5 6 7 8 9 10 11 12 13 14 15 16 17 18 19 20 21 22 23 24 25 26 27 28 29 0 1 2 3 4 5 6 7 8 9 10 11 12 13 14 15 16 17 18 19 20 21 22 23 24 25 26 27 28 29 0 1 2 3 4 5 6 7 8 9 10 11 12 13 14 15 16 17 18 19 20 21 22 23 24 25 26 27 28 29 0 1 2 3 4 5 6 7 8 9 10 11 12 13 14 15 16 17 18 19 20 21 22 23 24 25 26 27 28 29 0 1 2 3 4 5 6 7 8 9 10 11 12 13 14 15 16 17 18 19 20 21 22 23 24 25 26 27 28 29 0 1 2 3 4 5 6 7 8 9 10 11 12 13 14 15 16 17 18 19 20 21 22 23 24 25 26 27 28 29 0 1 2 3 4 5 6 7 8 9 10 11 12 13 14 15 16 17 18 19 20 21 22 23 24 25 26 27 28 29 0 1 2 3 4 5 6 7 8 9 10 11 12 13 14 15 16 17 18 19 20 21 22 23 24 25 26 27 28 29 0 1 2 3 4 5 6 7 8 9 10 11 12 13 14 15 16 17 18 19 20 21 22 23 24 25 26 27 28 29 0 1 2 3 4 5 6 7 8 9 10 11 12 13 14 15 16 17 18 19 20 21 22 23 24 25 26 27 28 29 0 1 2 3 4 5 6 7 8 9 10 11 12 13 14 15 16 17 18 19 20 21 22 23 24 25 26 27 28 29 0 1 2 3 4 5 6 7 8 9 10 11 12 13 14 15 16 17 18 19 20 21 22 23 24 25 26 27 28 29 0 1 2 3 4 5 6 7 8 9 10 11 12 13 14 15 16 17 18 19 20 21 22 23 24 25 26 27 28 29 0 1 2 3 4 5 6 7 8 9 10 11 12 13 14 15 16 17 18 19 20 21 22 23 24 25 26 27 28 29 0 1 2 3 4 5 6 7 8 9 10 11 12 13 14 15 16 17 18 19 20 21 22 23 24 25 26 27 28 29 0 1 2 3 4 5 6 7 8 9 10 11 12 13 14 15 16 17 18 19 20 21 22 23 24 25 26 27 28 29 0 1 2 3 4 5 6 7 8 9 10 11 12 13 14 15 16 17 18 19 20 21 22 23 24 25 26 27 28 29 0 1 2 3 4 5 6 7 8 9 10 11 12 13 14 15 16 17 18 19 20 21 22 23 24 25 26 27 28 29 0 1 2 3 4 5 6 7 8 9 10 11 12 13 14 15 16 17 18 19 20 21 22 23 24 25 26 27 28 29 0 1 2 3 4 5 6 7 8 9 10 11 12 13 14 15 16 17 18 19 20 21 22 23 24 25 26 27 28 29 0 1 2 3 4 5 6 7 8 9 10 11 12 13 14 15 16 17 18 19 20 21 22 23 24 25 26 27 28 29 0 1 2 3 4 5 6 7 8 9 10 11 12 13 14 15 16 17 18 19 20 21 22 23 24 25 26 27 28 29 
</Matrix>
   <Matrix name="yloc" type="complete" rows="1" columns="900" multiplier="1.0">
   0 0 0 0 0 0 0 0 0 0 0 0 0 0 0 0 0 0 0 0 0 0 0 0 0 0 0 0 0 0 1 1 1 1 1 1 1 1 1 1 1 1 1 1 1 1 1 1 1 1 1 1 1 1 1 1 1 1 1 1 2 2 2 2 2 2 2 2 2 2 2 2 2 2 2 2 2 2 2 2 2 2 2 2 2 2 2 2 2 2 3 3 3 3 3 3 3 3 3 3 3 3 3 3 3 3 3 3 3 3 3 3 3 3 3 3 3 3 3 3 4 4 4 4 4 4 4 4 4 4 4 4 4 4 4 4 4 4 4 4 4 4 4 4 4 4 4 4 4 4 5 5 5 5 5 5 5 5 5 5 5 5 5 5 5 5 5 5 5 5 5 5 5 5 5 5 5 5 5 5 6 6 6 6 6 6 6 6 6 6 6 6 6 6 6 6 6 6 6 6 6 6 6 6 6 6 6 6 6 6 7 7 7 7 7 7 7 7 7 7 7 7 7 7 7 7 7 7 7 7 7 7 7 7 7 7 7 7 7 7 8 8 8 8 8 8 8 8 8 8 8 8 8 8 8 8 8 8 8 8 8 8 8 8 8 8 8 8 8 8 9 9 9 9 9 9 9 9 9 9 9 9 9 9 9 9 9 9 9 9 9 9 9 9 9 9 9 9 9 9 10 10 10 10 10 10 10 10 10 10 10 10 10 10 10 10 10 10 10 10 10 10 10 10 10 10 10 10 10 10 11 11 11 11 11 11 11 11 11 11 11 11 11 11 11 11 11 11 11 11 11 11 11 11 11 11 11 11 11 11 12 12 12 12 12 12 12 12 12 12 12 12 12 12 12 12 12 12 12 12 12 12 12 12 12 12 12 12 12 12 13 13 13 13 13 13 13 13 13 13 13 13 13 13 13 13 13 13 13 13 13 13 13 13 13 13 13 13 13 13 14 14 14 14 14 14 14 14 14 14 14 14 14 14 14 14 14 14 14 14 14 14 14 14 14 14 14 14 14 14 15 15 15 15 15 15 15 15 15 15 15 15 15 15 15 15 15 15 15 15 15 15 15 15 15 15 15 15 15 15 16 16 16 16 16 16 16 16 16 16 16 16 16 16 16 16 16 16 16 16 16 16 16 16 16 16 16 16 16 16 17 17 17 17 17 17 17 17 17 17 17 17 17 17 17 17 17 17 17 17 17 17 17 17 17 17 17 17 17 17 18 18 18 18 18 18 18 18 18 18 18 18 18 18 18 18 18 18 18 18 18 18 18 18 18 18 18 18 18 18 19 19 19 19 19 19 19 19 19 19 19 19 19 19 19 19 19 19 19 19 19 19 19 19 19 19 19 19 19 19 20 20 20 20 20 20 20 20 20 20 20 20 20 20 20 20 20 20 20 20 20 20 20 20 20 20 20 20 20 20 21 21 21 21 21 21 21 21 21 21 21 21 21 21 21 21 21 21 21 21 21 21 21 21 21 21 21 21 21 21 22 22 22 22 22 22 22 22 22 22 22 22 22 22 22 22 22 22 22 22 22 22 22 22 22 22 22 22 22 22 23 23 23 23 23 23 23 23 23 23 23 23 23 23 23 23 23 23 23 23 23 23 23 23 23 23 23 23 23 23 24 24 24 24 24 24 24 24 24 24 24 24 24 24 24 24 24 24 24 24 24 24 24 24 24 24 24 24 24 24 25 25 25 25 25 25 25 25 25 25 25 25 25 25 25 25 25 25 25 25 25 25 25 25 25 25 25 25 25 25 26 26 26 26 26 26 26 26 26 26 26 26 26 26 26 26 26 26 26 26 26 26 26 26 26 26 26 26 26 26 27 27 27 27 27 27 27 27 27 27 27 27 27 27 27 27 27 27 27 27 27 27 27 27 27 27 27 27 27 27 28 28 28 28 28 28 28 28 28 28 28 28 28 28 28 28 28 28 28 28 28 28 28 28 28 28 28 28 28 28 29 29 29 29 29 29 29 29 29 29 29 29 29 29 29 29 29 29 29 29 29 29 29 29 29 29 29 29 29 29 
</Matrix>
   <Matrix name="neuronTypes" type="complete" rows="1" columns="900" multiplier="1.0">
   2 2 1 2 2 2 2 2 2 2 2 2 1 2 2 2 2 2 2 2 2 2 1 2 2 2 2 2 2 2 2 2 2 2 2 2 2 2 2 2 2 2 2 2 2 2 2 2 2 2 2 2 2 2 2 2 2 2 2 2 2 2 2 2 2 1 2 2 1 2 2 2 2 2 2 1 2 2 1 2 2 2 2 2 2 1 2 2 1 2 2 2 1 2 2 2 2 2 2 2 2 2 1 2 2 2 2 2 2 2 2 2 1 2 2 2 2 2 2 2 2 2 2 2 2 2 2 2 2 2 2 2 2 2 2 2 2 2 2 2 2 2 2 2 2 2 2 2 2 2 2 2 2 2 2 1 2 2 1 2 2 2 2 2 2 1 2 2 1 2 2 2 2 2 2 1 2 2 1 2 2 2 1 2 2 2 2 2 2 2 2 2 1 2 2 2 2 2 2 2 2 2 1 2 2 2 2 2 2 2 2 2 2 2 2 2 2 2 2 2 2 2 2 2 2 2 2 2 2 2 2 2 2 2 2 2 2 2 2 2 2 2 2 2 2 1 2 2 1 2 2 2 2 2 2 1 2 2 1 2 2 2 2 2 2 1 2 2 1 2 2 2 1 2 2 2 2 2 2 2 2 2 1 2 2 2 2 2 2 2 2 2 1 2 2 2 2 2 2 2 2 2 2 2 2 2 2 2 1 2 2 2 2 2 2 2 2 2 1 2 2 2 2 2 2 2 2 2 1 2 2 2 2 2 2 2 2 2 2 2 2 2 2 2 2 2 2 2 2 2 2 2 2 2 2 2 2 2 2 2 2 2 1 2 2 1 2 2 2 2 2 2 1 2 2 1 2 2 2 2 2 2 1 2 2 1 2 2 2 2 2 2 2 2 2 2 2 2 1 2 2 2 2 2 2 2 2 2 1 2 2 2 2 2 2 2 2 2 1 2 2 2 2 2 2 2 2 2 2 2 2 2 2 2 2 2 2 2 2 2 2 2 2 2 2 2 2 2 2 2 2 2 1 2 2 1 2 2 2 2 2 2 1 2 2 1 2 2 2 2 2 2 1 2 2 1 2 2 2 2 2 2 2 2 2 2 2 2 1 2 2 2 2 2 2 2 2 2 1 2 2 2 2 2 2 2 2 2 1 2 2 2 2 2 2 2 2 2 2 2 2 2 2 2 2 2 2 2 2 2 2 2 2 2 2 2 2 2 2 2 2 2 1 2 2 1 2 2 2 2 2 2 1 2 2 1 2 2 2 2 2 2 1 2 2 1 2 2 2 2 2 2 2 2 2 2 2 2 1 2 2 2 2 2 2 2 2 2 1 2 2 2 2 2 2 2 2 2 1 2 2 2 1 2 2 2 2 2 2 2 2 2 1 2 2 2 2 2 2 2 2 2 1 2 2 2 2 2 2 2 2 2 2 2 2 2 2 2 2 2 2 2 2 2 2 2 2 2 2 2 2 2 2 2 2 2 2 2 2 2 2 2 2 2 2 1 2 2 1 2 2 2 2 2 2 1 2 2 1 2 2 2 2 2 2 1 2 2 1 2 2 2 1 2 2 2 2 2 2 2 2 2 1 2 2 2 2 2 2 2 2 2 1 2 2 2 2 2 2 2 2 2 2 2 2 2 2 2 2 2 2 2 2 2 2 2 2 2 2 2 2 2 2 2 2 2 2 2 2 2 2 2 2 2 2 1 2 2 1 2 2 2 2 2 2 1 2 2 1 2 2 2 2 2 2 1 2 2 1 2 2 2 1 2 2 2 2 2 2 2 2 2 1 2 2 2 2 2 2 2 2 2 1 2 2 2 2 2 2 2 2 2 2 2 2 2 2 2 2 2 2 2 2 2 2 2 2 2 2 2 2 2 2 2 2 2 2 2 2 2 2 2 2 2 2 1 2 2 1 2 2 2 2 2 2 1 2 2 1 2 2 2 2 2 2 1 2 2 1 2 2 2 1 2 2 2 2 2 2 2 2 2 1 2 2 2 2 2 2 2 2 2 1 2 2 2 2 2 2 2 
</Matrix>
   <Matrix name="starterNeurons" type="complete" rows="1" columns="90" multiplier="1.0">
   7 17 27 31 34 41 44 51 54 97 107 117 121 124 131 134 141 144 187 197 207 211 214 221 224 231 234 277 287 297 307 317 327 331 334 341 344 351 354 397 407 417 421 424 431 434 441 444 487 497 507 511 514 521 524 531 534 577 587 597 607 617 627 631 634 641 644 651 654 697 707 717 721 724 731 734 741 744 787 797 807 811 814 821 824 831 834 877 887 897 
</Matrix>
   <Matrix name="neuronThresh" type="complete" rows="1" columns="900" multiplier="1.0">
   0.015 0.015 0.015 0.015 0.015 0.015 0.015 0.0136439 0.015 0.015 0.015 0.015 0.015 0.015 0.015 0.015 0.015 0.0135698 0.015 0.015 0.015 0.015 0.015 0.015 0.015 0.015 0.015 0.0136035 0.015 0.015 0.015 0.0136205 0.015 0.015 0.0136548 0.015 0.015 0.015 0.015 0.015 0.015 0.0136523 0.015 0.015 0.0135773 0.015 0.015 0.015 0.015 0.015 0.015 0.0136396 0.015 0.015 0.0135992 0.015 0.015 0.015 0.015 0.015 0.015 0.015 0.015 0.015 0.015 0.015 0.015 0.015 0.015 0.015 0.015 0.015 0.015 0.015 0.015 0.015 0.015 0.015 0.015 0.015 0.015 0.015 0.015 0.015 0.015 0.015 0.015 0.015 0.015 0.015 0.015 0.015 0.015 0.015 0.015 0.015 0.015 0.0136163 0.015 0.015 0.015 0.015 0.015 0.015 0.015 0.015 0.015 0.0136357 0.015 0.015 0.015 0.015 0.015 0.015 0.015 0.015 0.015 0.0136223 0.015 0.015 0.015 0.0136272 0.015 0.015 0.0135701 0.015 0.015 0.015 0.015 0.015 0.015 0.0135748 0.015 0.015 0.0135779 0.015 0.015 0.015 0.015 0.015 0.015 0.0136135 0.015 0.015 0.0136465 0.015 0.015 0.015 0.015 0.015 0.015 0.015 0.015 0.015 0.015 0.015 0.015 0.015 0.015 0.015 0.015 0.015 0.015 0.015 0.015 0.015 0.015 0.015 0.015 0.015 0.015 0.015 0.015 0.015 0.015 0.015 0.015 0.015 0.015 0.015 0.015 0.015 0.015 0.015 0.015 0.015 0.015 0.0136323 0.015 0.015 0.015 0.015 0.015 0.015 0.015 0.015 0.015 0.013608 0.015 0.015 0.015 0.015 0.015 0.015 0.015 0.015 0.015 0.0136095 0.015 0.015 0.015 0.013569 0.015 0.015 0.0135809 0.015 0.015 0.015 0.015 0.015 0.015 0.0136278 0.015 0.015 0.0135908 0.015 0.015 0.015 0.015 0.015 0.015 0.0136468 0.015 0.015 0.0135825 0.015 0.015 0.015 0.015 0.015 0.015 0.015 0.015 0.015 0.015 0.015 0.015 0.015 0.015 0.015 0.015 0.015 0.015 0.015 0.015 0.015 0.015 0.015 0.015 0.015 0.015 0.015 0.015 0.015 0.015 0.015 0.015 0.015 0.015 0.015 0.015 0.015 0.015 0.015 0.015 0.015 0.015 0.0136072 0.015 0.015 0.015 0.015 0.015 0.015 0.015 0.015 0.015 0.0135994 0.015 0.015 0.015 0.015 0.015 0.015 0.015 0.015 0.015 0.0136304 0.015 0.015 0.015 0.015 0.015 0.015 0.015 0.015 0.015 0.0135665 0.015 0.015 0.015 0.015 0.015 0.015 0.015 0.015 0.015 0.0136164 0.015 0.015 0.015 0.015 0.015 0.015 0.015 0.015 0.015 0.0135824 0.015 0.015 0.015 0.0136507 0.015 0.015 0.0136407 0.015 0.015 0.015 0.015 0.015 0.015 0.0135699 0.015 0.015 0.0136457 0.015 0.015 0.015 0.015 0.015 0.015 0.0136186 0.015 0.015 0.0135945 0.015 0.015 0.015 0.015 0.015 0.015 0.015 0.015 0.015 0.015 0.015 0.015 0.015 0.015 0.015 0.015 0.015 0.015 0.015 0.015 0.015 0.015 0.015 0.015 0.015 0.015 0.015 0.015 0.015 0.015 0.015 0.015 0.015 0.015 0.015 0.015 0.015 0.015 0.015 0.015 0.015 0.015 0.0136527 0.015 0.015 0.015 0.015 0.015 0.015 0.015 0.015 0.015 0.0135869 0.015 0.015 0.015 0.015 0.015 0.015 0.015 0.015 0.015 0.0136385 0.015 0.015 0.015 0.0136005 0.015 0.015 0.0136322 0.015 0.015 0.015 0.015 0.015 0.015 0.0136261 0.015 0.015 0.0135684 0.015 0.015 0.015 0.015 0.015 0.015 0.0135713 0.015 0.015 0.0135878 0.015 0.015 0.015 0.015 0.015 0.015 0.015 0.015 0.015 0.015 0.015 0.015 0.015 0.015 0.015 0.015 0.015 0.015 0.015 0.015 0.015 0.015 0.015 0.015 0.015 0.015 0.015 0.015 0.015 0.015 0.015 0.015 0.015 0.015 0.015 0.015 0.015 0.015 0.015 0.015 0.015 0.015 0.0136541 0.015 0.015 0.015 0.015 0.015 0.015 0.015 0.015 0.015 0.013566 0.015 0.015 0.015 0.015 0.015 0.015 0.015 0.015 0.015 0.0135852 0.015 0.015 0.015 0.0136505 0.015 0.015 0.0135879 0.015 0.015 0.015 0.015 0.015 0.015 0.0136236 0.015 0.015 0.0136144 0.015 0.015 0.015 0.015 0.015 0.015 0.0136034 0.015 0.015 0.0135984 0.015 0.015 0.015 0.015 0.015 0.015 0.015 0.015 0.015 0.015 0.015 0.015 0.015 0.015 0.015 0.015 0.015 0.015 0.015 0.015 0.015 0.015 0.015 0.015 0.015 0.015 0.015 0.015 0.015 0.015 0.015 0.015 0.015 0.015 0.015 0.015 0.015 0.015 0.015 0.015 0.015 0.015 0.0136147 0.015 0.015 0.015 0.015 0.015 0.015 0.015 0.015 0.015 0.0136514 0.015 0.015 0.015 0.015 0.015 0.015 0.015 0.015 0.015 0.0136411 0.015 0.015 0.015 0.015 0.015 0.015 0.015 0.015 0.015 0.0136191 0.015 0.015 0.015 0.015 0.015 0.015 0.015 0.015 0.015 0.0135718 0.015 0.015 0.015 0.015 0.015 0.015 0.015 0.015 0.015 0.013576 0.015 0.015 0.015 0.0136071 0.015 0.015 0.0136263 0.015 0.015 0.015 0.015 0.015 0.015 0.0136053 0.015 0.015 0.0136438 0.015 0.015 0.015 0.015 0.015 0.015 0.0136535 0.015 0.015 0.0136371 0.015 0.015 0.015 0.015 0.015 0.015 0.015 0.015 0.015 0.015 0.015 0.015 0.015 0.015 0.015 0.015 0.015 0.015 0.015 0.015 0.015 0.015 0.015 0.015 0.015 0.015 0.015 0.015 0.015 0.015 0.015 0.015 0.015 0.015 0.015 0.015 0.015 0.015 0.015 0.015 0.015 0.015 0.0136276 0.015 0.015 0.015 0.015 0.015 0.015 0.015 0.015 0.015 0.0135897 0.015 0.015 0.015 0.015 0.015 0.015 0.015 0.015 0.015 0.0135677 0.015 0.015 0.015 0.0135831 0.015 0.015 0.0136462 0.015 0.015 0.015 0.015 0.015 0.015 0.0135891 0.015 0.015 0.0136239 0.015 0.015 0.015 0.015 0.015 0.015 0.0136447 0.015 0.015 0.0135898 0.015 0.015 0.015 0.015 0.015 0.015 0.015 0.015 0.015 0.015 0.015 0.015 0.015 0.015 0.015 0.015 0.015 0.015 0.015 0.015 0.015 0.015 0.015 0.015 0.015 0.015 0.015 0.015 0.015 0.015 0.015 0.015 0.015 0.015 0.015 0.015 0.015 0.015 0.015 0.015 0.015 0.015 0.0135851 0.015 0.015 0.015 0.015 0.015 0.015 0.015 0.015 0.015 0.0136368 0.015 0.015 0.015 0.015 0.015 0.015 0.015 0.015 0.015 0.0136232 0.015 0.015 0.015 0.0135709 0.015 0.015 0.0135869 0.015 0.015 0.015 0.015 0.015 0.015 0.013615 0.015 0.015 0.0136361 0.015 0.015 0.015 0.015 0.015 0.015 0.013633 0.015 0.015 0.0135895 0.015 0.015 0.015 0.015 0.015 0.015 0.015 0.015 0.015 0.015 0.015 0.015 0.015 0.015 0.015 0.015 0.015 0.015 0.015 0.015 0.015 0.015 0.015 0.015 0.015 0.015 0.015 0.015 0.015 0.015 0.015 0.015 0.015 0.015 0.015 0.015 0.015 0.015 0.015 0.015 0.015 0.015 0.0136087 0.015 0.015 0.015 0.015 0.015 0.015 0.015 0.015 0.015 0.0136257 0.015 0.015 0.015 0.015 0.015 0.015 0.015 0.015 0.015 0.0136321 0.015 0.015 
</Matrix>
   <Matrix name="Tsim" type="complete" rows="1" columns="1" multiplier="1.0">
   100
</Matrix>
   <Matrix name="simulationEndTime" type="complete" rows="1" columns="1" multiplier="1.0">
   1000
</Matrix>
</SimState>
