<?xml version="1.0" standalone="no"?>
<Matrix name="Neuron_7" type="complete" rows="1" columns="989" multiplier="1.0">
   5900 6942 10006 13371 22102 33480 39467 41921 69666 72287 80391 89924 102695 104216 126232 162426 188819 190770 216992 224176 228711 263599 266189 281997 289679 301599 303753 313720 400923 413436 421706 424662 428231 433405 439164 441456 455261 457397 459131 483597 485496 487347 490009 494432 529350 542803 543930 553938 601404 607568 635521 654816 665054 672395 682460 691026 699678 703218 708276 717120 729525 743501 768323 772559 775095 781454 785959 799428 806518 828899 837033 842480 855079 857773 860340 864284 866058 866876 872647 892532 941346 946687 952093 954553 959010 965326 976411 986483 991134 1003748 1006839 1013633 1015817 1048077 1049343 1059367 1062466 1091972 1094706 1108378 1109827 1119192 1126802 1151609 1161058 1182042 1184644 1185537 1197256 1203173 1211005 1231849 1232878 1240953 1262431 1278874 1305072 1307176 1313140 1314986 1326646 1332049 1334327 1341283 1344713 1352703 1355430 1362731 1363958 1383714 1394033 1402496 1425637 1431905 1438511 1440454 1455737 1463678 1468629 1482964 1496076 1498358 1510457 1513881 1524752 1559813 1572702 1576873 1582358 1632776 1637473 1664292 1684518 1685569 1687695 1691885 1701549 1704375 1746772 1753274 1761043 1771115 1785184 1790289 1800634 1815383 1824301 1838638 1847806 1850837 1857318 1871109 1878363 1882673 1896777 1907160 1909229 1914265 1918174 1928747 1933403 1942901 1948930 1952901 1966428 1986235 1990706 1995478 1998055 2006399 2007352 2012537 2032502 2041701 2054106 2059971 2062418 2069168 2074687 2086245 2095184 2102125 2145865 2151791 2158941 2164839 2192554 2194744 2201882 2205813 2215723 2239819 2263722 2266209 2274891 2277185 2289902 2294071 2315220 2317667 2321246 2327797 2329886 2341678 2343069 2346160 2362705 2382747 2399971 2402464 2407154 2422905 2432144 2437531 2459666 2463520 2471993 2476732 2484943 2493220 2533621 2544571 2560911 2568082 2589691 2592888 2597723 2609601 2625210 2634283 2642005 2644048 2656297 2658364 2680574 2684370 2702625 2705431 2709916 2712729 2727302 2736637 2747659 2758565 2777603 2799048 2826967 2834509 2849488 2859920 2872446 2912920 2929213 2939680 2943673 2945874 2950543 2957079 2960040 2964687 2972957 2976235 2980990 2984062 3015087 3024203 3039355 3046537 3058995 3078187 3097224 3103066 3107029 3111498 3113311 3118070 3127024 3128959 3130666 3141465 3153492 3155503 3160385 3179196 3191685 3198554 3201886 3207529 3216496 3224243 3229498 3237842 3252681 3254862 3266142 3288443 3291877 3309365 3314324 3320175 3321779 3329861 3336485 3354226 3359246 3365913 3377298 3385186 3387391 3395580 3404077 3408420 3410892 3417728 3418686 3438402 3447163 3456287 3465286 3482699 3484030 3487748 3491028 3498181 3514162 3524990 3529557 3555119 3569089 3572399 3583947 3586553 3591179 3594748 3605715 3627086 3628553 3635697 3664230 3668047 3670358 3671529 3680829 3693366 3702825 3707606 3709529 3721512 3725587 3733423 3756337 3767697 3779090 3790850 3794981 3814545 3837378 3840212 3842733 3848813 3850682 3853602 3859158 3872567 3881660 3885510 3896181 3907512 3909851 3929131 3969536 3981310 4013939 4018215 4028782 4032098 4035070 4048899 4051620 4057223 4059103 4063602 4065210 4087345 4091944 4113947 4119088 4127133 4130147 4147477 4148653 4150840 4165505 4167311 4186499 4188505 4233430 4245259 4299076 4305794 4311121 4321551 4340908 4348254 4350816 4362478 4368383 4382647 4387783 4389597 4401324 4419730 4423479 4426190 4434555 4446350 4481585 4483981 4493225 4502533 4504502 4506640 4522114 4523628 4528710 4535615 4543372 4575623 4583027 4585916 4595915 4598849 4611538 4630912 4646408 4657779 4663068 4684639 4692283 4699091 4702720 4705372 4710651 4716571 4719548 4722998 4770028 4772793 4773625 4779361 4799050 4813891 4815841 4830891 4833873 4840033 4853428 4861105 4871200 4879525 4901077 4904213 4911477 4917064 4920012 4934365 4945971 4948314 4951662 4956754 4967786 4978944 5003460 5004958 5016446 5022184 5030814 5038730 5061156 5068040 5071457 5072936 5078145 5081364 5089041 5097460 5103034 5112595 5118689 5121183 5143806 5160638 5165257 5182598 5185458 5189236 5193726 5196372 5207983 5209857 5212133 5237691 5288111 5297043 5299308 5317390 5320642 5327556 5346019 5364973 5368182 5390294 5393425 5411364 5413782 5425174 5436377 5438573 5440846 5458317 5464825 5467963 5469298 5479692 5491951 5500014 5503347 5524167 5536161 5545447 5547163 5551138 5562487 5569837 5571829 5576592 5577911 5590208 5592890 5594142 5607023 5613788 5617201 5619450 5626000 5628908 5647982 5674743 5687951 5723754 5738234 5768274 5786718 5809095 5822588 5873784 5894803 5897468 5906868 5908241 5909754 5911020 5912832 5930118 5935797 5939517 5964224 5971236 5974938 5979793 5994683 6003888 6006800 6014658 6018941 6020793 6023844 6036358 6049278 6056687 6061197 6067925 6075430 6083830 6108268 6114839 6127929 6129577 6131055 6135104 6140219 6145136 6174474 6186896 6200757 6210610 6231801 6240346 6267576 6305104 6311060 6315543 6318989 6321580 6328994 6334188 6337168 6339023 6344065 6369625 6384787 6394815 6400444 6405067 6425092 6427698 6435312 6439552 6449946 6459580 6473529 6479457 6480483 6487261 6490473 6496659 6499956 6506719 6517956 6522749 6533553 6536938 6588552 6612439 6618299 6628419 6629891 6633775 6644635 6669996 6675826 6681388 6712906 6716888 6731940 6744874 6758972 6775979 6779495 6781910 6784708 6805079 6829669 6846996 6853742 6857473 6860806 6866380 6905911 6909190 6910968 6939768 6951793 6961926 6962885 6973386 6975642 6979130 6982305 6985049 6987676 7016175 7018942 7020617 7047702 7050899 7067457 7073019 7078288 7093760 7102643 7105859 7108747 7124138 7152470 7164586 7170370 7173887 7180037 7187509 7198037 7198742 7203558 7210659 7214163 7219576 7222509 7227284 7230154 7233074 7249456 7252406 7265887 7267319 7276374 7289707 7299853 7308624 7327283 7353109 7365365 7378097 7383092 7392796 7397024 7401826 7410150 7414290 7416379 7428889 7443949 7458239 7480261 7486666 7494358 7517202 7520299 7526614 7533975 7535991 7544737 7548695 7563342 7565328 7574859 7575787 7580012 7595411 7608945 7613357 7616890 7631758 7638075 7675478 7682124 7710913 7717937 7720127 7723141 7724039 7727086 7728809 7772812 7781768 7807057 7809227 7814151 7815704 7839237 7844997 7848447 7850259 7870387 7886603 7895950 7905421 7919472 7929932 7935141 7939744 7949870 7971067 7983593 8024336 8030662 8038727 8040261 8048972 8065630 8071182 8077176 8102868 8114820 8131908 8135809 8137861 8139080 8155778 8172002 8176082 8197285 8201225 8212951 8214820 8225259 8238552 8243500 8250802 8267041 8279011 8318603 8322483 8323826 8326404 8345496 8393536 8403481 8414639 8426842 8442939 8445660 8448888 8451750 8459627 8476310 8483577 8484585 8493550 8524777 8530681 8537830 8549410 8553779 8566996 8581891 8596641 8605873 8608854 8615169 8626659 8644808 8665878 8676153 8693727 8696640 8698593 8702982 8724351 8725683 8736283 8750035 8752197 8763186 8765153 8774252 8781397 8793011 8803012 8806074 8813007 8816651 8833881 8840114 8857338 8868758 8882938 8886226 8904648 8908559 8924430 8926428 8946748 8952690 8967833 8970295 8978711 8986380 8999070 9001492 9007073 9023681 9026074 9027321 9031740 9048152 9068223 9071131 9092245 9093858 9102032 9110069 9121959 9126816 9134356 9147899 9151557 9154662 9163388 9172218 9174493 9175753 9192648 9203099 9207031 9246250 9275352 9292428 9308540 9310139 9326293 9337862 9343163 9349914 9351018 9356892 9369886 9374699 9378348 9387188 9401080 9402317 9407061 9411007 9421147 9477037 9493276 9515631 9517475 9524438 9527510 9563092 9570779 9584917 9600824 9616061 9619578 9625567 9632252 9648810 9654761 9664587 9667867 9683355 9696148 9703700 9704592 9706061 9708379 9709330 9710637 9731952 9742833 9758004 9767078 9801391 9810118 9812673 9816907 9827838 9833395 9856681 9865860 9880740 9890847 9895895 9900565 9910077 9914730 9916016 9917634 9932733 9936263 9955114 9957092 9960740 9969475 9991178 9995224 9998618 
</Matrix>
