<?xml version="1.0" standalone="no"?>
<Matrix name="Neuron_7" type="complete" rows="1" columns="981" multiplier="1.0">
   11902 52292 53451 63973 78448 82829 111929 118193 144364 146173 151620 160934 172451 173669 178985 189478 198367 238259 244969 247897 251983 259101 263427 284759 286726 303839 307740 327249 339669 356729 365354 384960 392774 400925 419829 457679 459941 483562 496015 506706 517466 528563 541076 541886 544372 568051 585394 599499 611888 617331 627664 630188 639852 644093 646691 656815 668556 674233 695240 704735 727176 751323 761886 768528 774997 788493 791460 794812 800246 802247 805565 822540 850928 860129 881428 891820 900160 902245 906503 910702 923977 936955 941005 943556 948023 956993 974852 991887 999037 1000704 1006802 1040341 1045646 1054174 1066682 1078242 1079501 1099978 1102674 1109245 1110949 1112242 1119645 1124536 1131000 1139375 1146904 1150525 1159985 1171720 1184119 1185983 1188622 1197785 1207025 1218251 1224786 1226426 1228097 1231567 1239676 1254163 1255771 1257163 1259821 1270554 1278287 1285599 1292220 1294490 1301912 1304508 1325507 1328816 1334504 1347475 1350404 1354524 1370285 1372218 1393614 1404534 1405695 1416356 1419338 1438881 1454736 1456710 1457709 1461123 1471986 1481505 1484456 1497409 1499198 1504226 1511098 1522224 1531552 1539595 1545476 1549400 1557623 1578175 1586667 1604911 1623682 1625708 1635793 1640321 1646316 1650319 1663760 1669238 1677236 1714172 1723014 1724791 1726705 1750746 1763984 1781775 1801200 1818573 1842155 1854627 1879944 1887566 1919954 1923100 1924136 1962147 1983835 2002223 2004227 2019311 2022754 2026812 2028570 2030668 2032652 2036100 2039634 2086420 2091427 2102445 2111300 2114173 2116576 2125063 2130649 2132232 2157874 2163101 2164384 2169902 2176932 2207705 2209838 2218452 2224126 2229759 2235192 2248698 2251246 2275746 2287022 2288609 2292106 2294552 2301419 2304013 2326812 2330477 2342673 2343971 2351422 2363077 2367325 2369149 2379804 2383466 2386826 2391193 2393277 2395925 2403706 2410288 2436428 2443289 2445435 2463336 2468220 2476589 2477736 2482935 2498514 2507732 2534048 2549987 2572673 2583118 2593617 2596047 2597863 2602430 2627523 2640904 2641761 2643412 2646557 2653713 2673169 2677672 2682586 2705252 2714887 2715791 2730585 2747178 2763604 2769960 2779129 2797323 2822920 2841776 2849646 2861241 2864664 2869627 2886871 2898710 2919104 2921840 2944558 2959905 2973642 2975811 2979869 2981501 3001911 3022020 3026059 3027975 3042180 3064694 3067411 3068223 3070548 3076273 3078780 3081683 3082807 3089374 3118451 3139021 3141814 3144494 3148374 3165492 3167002 3171643 3182419 3184621 3201959 3205472 3216447 3221351 3255484 3257559 3266267 3282426 3287205 3293589 3319530 3320299 3322473 3324154 3332397 3342781 3346738 3353054 3385168 3386268 3391839 3394227 3398736 3401057 3402719 3410331 3411688 3414550 3416063 3437372 3452576 3458178 3468004 3469582 3477682 3499340 3516844 3522531 3527284 3531277 3536736 3546054 3559946 3585253 3595795 3604884 3636968 3650374 3653900 3667994 3675976 3679485 3703627 3714901 3717794 3736259 3747888 3750765 3752755 3800803 3814843 3817040 3835181 3848818 3862862 3867295 3882450 3892046 3926973 3928868 3934655 3938760 3953296 3955321 3980746 3984955 3998622 4012217 4022988 4038004 4046648 4048706 4052026 4058984 4071042 4073174 4078310 4079690 4095604 4099200 4106959 4120950 4125996 4133930 4135477 4157797 4161770 4164983 4177487 4189080 4192870 4194946 4205316 4224019 4237389 4246007 4250069 4252434 4283563 4290920 4293610 4296006 4330305 4339228 4345533 4352199 4367215 4369143 4373501 4388180 4399374 4425180 4460722 4465991 4473722 4487844 4496866 4503431 4517228 4537075 4549400 4572905 4585477 4590382 4595873 4609403 4649484 4656282 4664561 4682989 4694147 4712521 4714106 4718162 4720320 4730110 4737575 4741463 4753312 4756848 4758720 4777715 4779166 4782222 4787749 4803558 4807378 4823094 4832211 4863370 4869490 4884210 4907863 4911063 4913962 4931887 4943564 4945048 4947740 4978601 4982545 4987653 4993477 5018134 5036695 5048526 5051475 5071735 5080429 5082283 5084804 5097742 5104443 5113579 5115506 5123320 5126765 5155997 5157606 5185177 5186630 5194292 5207420 5212165 5230099 5247261 5272724 5278387 5286746 5288165 5289471 5323850 5325732 5328540 5331199 5339888 5345112 5362112 5371507 5374262 5387869 5401835 5403030 5407889 5409317 5411057 5415620 5418282 5429663 5439205 5442301 5457695 5477038 5497682 5500266 5504671 5520972 5535133 5536998 5539344 5544351 5561160 5563942 5567082 5573693 5578032 5600470 5623903 5626227 5637476 5684161 5691597 5695527 5714130 5719222 5720291 5734594 5743862 5752530 5781644 5783985 5789353 5797598 5806168 5813723 5816380 5830035 5844079 5846194 5847424 5871253 5890748 5900809 5903231 5912991 5929499 5936471 5938970 5943051 5963351 5964454 5970806 5980858 5991187 5997283 5998876 6000991 6030945 6035605 6045775 6056156 6059673 6077509 6085415 6098951 6102966 6109147 6133068 6146030 6163334 6194220 6209277 6227674 6229298 6231198 6233303 6242818 6249145 6252558 6277972 6294973 6302553 6309466 6328585 6339064 6353021 6356081 6367600 6375559 6386526 6395318 6397466 6401421 6404601 6411046 6416795 6422756 6424722 6438838 6450406 6465901 6472145 6493294 6495921 6509151 6511458 6514433 6524135 6528924 6564072 6566402 6581711 6584683 6596454 6609128 6622222 6635902 6639636 6658548 6680698 6687816 6705612 6717955 6720013 6729304 6734270 6763262 6773406 6786374 6791876 6803130 6813277 6815138 6822945 6831833 6835761 6851118 6856883 6864365 6866607 6874292 6882445 6884739 6906981 6918512 6931938 6936552 6943282 6949402 6956907 6958197 6963653 6970007 6996265 6997405 7019274 7023005 7035452 7037543 7057756 7067648 7070792 7074708 7090984 7096827 7098441 7100556 7104128 7146374 7150855 7160275 7177301 7197615 7211786 7215430 7223675 7225401 7267985 7269407 7271843 7281169 7294787 7309778 7319371 7327064 7337332 7341854 7351746 7354370 7362578 7389921 7400065 7410856 7424287 7425902 7439315 7442264 7444087 7448943 7455322 7483859 7486949 7491426 7522651 7527203 7550966 7557036 7560525 7576696 7579022 7583166 7584617 7610588 7623754 7659414 7692307 7700248 7709563 7715810 7722299 7724227 7736656 7744635 7759525 7767524 7783255 7786315 7793315 7825061 7835805 7839965 7841847 7846983 7857701 7867607 7878370 7880163 7883412 7892212 7908548 7916800 7924697 7981363 8002704 8007733 8015614 8029898 8031097 8034478 8044927 8057211 8066214 8082078 8085346 8088160 8097771 8107627 8112320 8118276 8129543 8138209 8145005 8161297 8176922 8181422 8185990 8212783 8232426 8236038 8249209 8260364 8261510 8293483 8309396 8315398 8316508 8318225 8325460 8334456 8352945 8355941 8359917 8361439 8374468 8376326 8393088 8404820 8411569 8432744 8440930 8444251 8464867 8470491 8472003 8477191 8479905 8494072 8498811 8499617 8501566 8504611 8506069 8508237 8524378 8527995 8530311 8535943 8540593 8549920 8554056 8556300 8577580 8579150 8581371 8594072 8609189 8631845 8633861 8647046 8656232 8664677 8674280 8705750 8710148 8715228 8719114 8731100 8741685 8759655 8766461 8782680 8788599 8803516 8822786 8834907 8836052 8838478 8841589 8846936 8857333 8858559 8882014 8888576 8898113 8909836 8910908 8913364 8947126 8970147 8984987 8988975 8999530 9001527 9004106 9043605 9060566 9063629 9075841 9107422 9123133 9142994 9145717 9155072 9179993 9180695 9192657 9193723 9214433 9248527 9264539 9290184 9301956 9312742 9316617 9324782 9372114 9384078 9394757 9418807 9431500 9433672 9449014 9450594 9453964 9463970 9473126 9493420 9503779 9515254 9588199 9591827 9593989 9601242 9610092 9611637 9613407 9615070 9628141 9632901 9651256 9657422 9660401 9666971 9674081 9681030 9696753 9700691 9707067 9709710 9711312 9740848 9750775 9754414 9766077 9792037 9802184 9807288 9815795 9822583 9836843 9854512 9859566 9860868 9867516 9873677 9887138 9900500 9906402 9911350 9915986 9933702 9935664 9939305 9951966 9957349 9960883 9974816 
</Matrix>
