<?xml version="1.0" standalone="no"?>
<!-- State output file for the DCT growth modeling-->
<SimState>
   <Matrix name="radiiHistory" type="complete" rows="11" columns="900" multiplier="1.0">
   0.4 0.4 0.4 0.4 0.4 0.4 0.4 0.4 0.4 0.4 0.4 0.4 0.4 0.4 0.4 0.4 0.4 0.4 0.4 0.4 0.4 0.4 0.4 0.4 0.4 0.4 0.4 0.4 0.4 0.4 0.4 0.4 0.4 0.4 0.4 0.4 0.4 0.4 0.4 0.4 0.4 0.4 0.4 0.4 0.4 0.4 0.4 0.4 0.4 0.4 0.4 0.4 0.4 0.4 0.4 0.4 0.4 0.4 0.4 0.4 0.4 0.4 0.4 0.4 0.4 0.4 0.4 0.4 0.4 0.4 0.4 0.4 0.4 0.4 0.4 0.4 0.4 0.4 0.4 0.4 0.4 0.4 0.4 0.4 0.4 0.4 0.4 0.4 0.4 0.4 0.4 0.4 0.4 0.4 0.4 0.4 0.4 0.4 0.4 0.4 0.4 0.4 0.4 0.4 0.4 0.4 0.4 0.4 0.4 0.4 0.4 0.4 0.4 0.4 0.4 0.4 0.4 0.4 0.4 0.4 0.4 0.4 0.4 0.4 0.4 0.4 0.4 0.4 0.4 0.4 0.4 0.4 0.4 0.4 0.4 0.4 0.4 0.4 0.4 0.4 0.4 0.4 0.4 0.4 0.4 0.4 0.4 0.4 0.4 0.4 0.4 0.4 0.4 0.4 0.4 0.4 0.4 0.4 0.4 0.4 0.4 0.4 0.4 0.4 0.4 0.4 0.4 0.4 0.4 0.4 0.4 0.4 0.4 0.4 0.4 0.4 0.4 0.4 0.4 0.4 0.4 0.4 0.4 0.4 0.4 0.4 0.4 0.4 0.4 0.4 0.4 0.4 0.4 0.4 0.4 0.4 0.4 0.4 0.4 0.4 0.4 0.4 0.4 0.4 0.4 0.4 0.4 0.4 0.4 0.4 0.4 0.4 0.4 0.4 0.4 0.4 0.4 0.4 0.4 0.4 0.4 0.4 0.4 0.4 0.4 0.4 0.4 0.4 0.4 0.4 0.4 0.4 0.4 0.4 0.4 0.4 0.4 0.4 0.4 0.4 0.4 0.4 0.4 0.4 0.4 0.4 0.4 0.4 0.4 0.4 0.4 0.4 0.4 0.4 0.4 0.4 0.4 0.4 0.4 0.4 0.4 0.4 0.4 0.4 0.4 0.4 0.4 0.4 0.4 0.4 0.4 0.4 0.4 0.4 0.4 0.4 0.4 0.4 0.4 0.4 0.4 0.4 0.4 0.4 0.4 0.4 0.4 0.4 0.4 0.4 0.4 0.4 0.4 0.4 0.4 0.4 0.4 0.4 0.4 0.4 0.4 0.4 0.4 0.4 0.4 0.4 0.4 0.4 0.4 0.4 0.4 0.4 0.4 0.4 0.4 0.4 0.4 0.4 0.4 0.4 0.4 0.4 0.4 0.4 0.4 0.4 0.4 0.4 0.4 0.4 0.4 0.4 0.4 0.4 0.4 0.4 0.4 0.4 0.4 0.4 0.4 0.4 0.4 0.4 0.4 0.4 0.4 0.4 0.4 0.4 0.4 0.4 0.4 0.4 0.4 0.4 0.4 0.4 0.4 0.4 0.4 0.4 0.4 0.4 0.4 0.4 0.4 0.4 0.4 0.4 0.4 0.4 0.4 0.4 0.4 0.4 0.4 0.4 0.4 0.4 0.4 0.4 0.4 0.4 0.4 0.4 0.4 0.4 0.4 0.4 0.4 0.4 0.4 0.4 0.4 0.4 0.4 0.4 0.4 0.4 0.4 0.4 0.4 0.4 0.4 0.4 0.4 0.4 0.4 0.4 0.4 0.4 0.4 0.4 0.4 0.4 0.4 0.4 0.4 0.4 0.4 0.4 0.4 0.4 0.4 0.4 0.4 0.4 0.4 0.4 0.4 0.4 0.4 0.4 0.4 0.4 0.4 0.4 0.4 0.4 0.4 0.4 0.4 0.4 0.4 0.4 0.4 0.4 0.4 0.4 0.4 0.4 0.4 0.4 0.4 0.4 0.4 0.4 0.4 0.4 0.4 0.4 0.4 0.4 0.4 0.4 0.4 0.4 0.4 0.4 0.4 0.4 0.4 0.4 0.4 0.4 0.4 0.4 0.4 0.4 0.4 0.4 0.4 0.4 0.4 0.4 0.4 0.4 0.4 0.4 0.4 0.4 0.4 0.4 0.4 0.4 0.4 0.4 0.4 0.4 0.4 0.4 0.4 0.4 0.4 0.4 0.4 0.4 0.4 0.4 0.4 0.4 0.4 0.4 0.4 0.4 0.4 0.4 0.4 0.4 0.4 0.4 0.4 0.4 0.4 0.4 0.4 0.4 0.4 0.4 0.4 0.4 0.4 0.4 0.4 0.4 0.4 0.4 0.4 0.4 0.4 0.4 0.4 0.4 0.4 0.4 0.4 0.4 0.4 0.4 0.4 0.4 0.4 0.4 0.4 0.4 0.4 0.4 0.4 0.4 0.4 0.4 0.4 0.4 0.4 0.4 0.4 0.4 0.4 0.4 0.4 0.4 0.4 0.4 0.4 0.4 0.4 0.4 0.4 0.4 0.4 0.4 0.4 0.4 0.4 0.4 0.4 0.4 0.4 0.4 0.4 0.4 0.4 0.4 0.4 0.4 0.4 0.4 0.4 0.4 0.4 0.4 0.4 0.4 0.4 0.4 0.4 0.4 0.4 0.4 0.4 0.4 0.4 0.4 0.4 0.4 0.4 0.4 0.4 0.4 0.4 0.4 0.4 0.4 0.4 0.4 0.4 0.4 0.4 0.4 0.4 0.4 0.4 0.4 0.4 0.4 0.4 0.4 0.4 0.4 0.4 0.4 0.4 0.4 0.4 0.4 0.4 0.4 0.4 0.4 0.4 0.4 0.4 0.4 0.4 0.4 0.4 0.4 0.4 0.4 0.4 0.4 0.4 0.4 0.4 0.4 0.4 0.4 0.4 0.4 0.4 0.4 0.4 0.4 0.4 0.4 0.4 0.4 0.4 0.4 0.4 0.4 0.4 0.4 0.4 0.4 0.4 0.4 0.4 0.4 0.4 0.4 0.4 0.4 0.4 0.4 0.4 0.4 0.4 0.4 0.4 0.4 0.4 0.4 0.4 0.4 0.4 0.4 0.4 0.4 0.4 0.4 0.4 0.4 0.4 0.4 0.4 0.4 0.4 0.4 0.4 0.4 0.4 0.4 0.4 0.4 0.4 0.4 0.4 0.4 0.4 0.4 0.4 0.4 0.4 0.4 0.4 0.4 0.4 0.4 0.4 0.4 0.4 0.4 0.4 0.4 0.4 0.4 0.4 0.4 0.4 0.4 0.4 0.4 0.4 0.4 0.4 0.4 0.4 0.4 0.4 0.4 0.4 0.4 0.4 0.4 0.4 0.4 0.4 0.4 0.4 0.4 0.4 0.4 0.4 0.4 0.4 0.4 0.4 0.4 0.4 0.4 0.4 0.4 0.4 0.4 0.4 0.4 0.4 0.4 0.4 0.4 0.4 0.4 0.4 0.4 0.4 0.4 0.4 0.4 0.4 0.4 0.4 0.4 0.4 0.4 0.4 0.4 0.4 0.4 0.4 0.4 0.4 0.4 0.4 0.4 0.4 0.4 0.4 0.4 0.4 0.4 0.4 0.4 0.4 0.4 0.4 0.4 0.4 0.4 0.4 0.4 0.4 0.4 0.4 0.4 0.4 0.4 0.4 0.4 0.4 0.4 0.4 0.4 0.4 0.4 0.4 0.4 0.4 0.4 0.4 0.4 0.4 0.4 0.4 0.4 0.4 0.4 0.4 0.4 0.4 0.4 0.4 0.4 0.4 0.4 0.4 0.4 0.4 0.4 0.4 0.4 0.4 0.4 0.4 0.4 0.4 0.4 0.4 0.4 0.4 0.4 0.4 0.4 0.4 0.4 0.4 0.4 0.4 0.4 0.4 0.4 0.4 0.4 0.4 0.4 0.4 0.4 0.4 0.4 
0.409951 0.409951 0.409951 0.409951 0.409951 0.409951 0.409951 0.403185 0.409951 0.409951 0.409951 0.409951 0.409951 0.409951 0.409951 0.409951 0.409951 0.39 0.409951 0.409951 0.409951 0.409951 0.409951 0.409951 0.409951 0.409951 0.409951 0.39 0.409951 0.409951 0.409951 0.390108 0.409951 0.409951 0.409871 0.409951 0.409951 0.409951 0.409951 0.409951 0.409951 0.409933 0.409951 0.409951 0.39 0.409951 0.409951 0.409951 0.409951 0.409951 0.409951 0.409579 0.409951 0.409951 0.390002 0.409951 0.409951 0.409951 0.409951 0.409951 0.409951 0.409951 0.409951 0.409951 0.409951 0.409951 0.409951 0.409951 0.409951 0.409951 0.409951 0.409951 0.409951 0.409951 0.409951 0.409951 0.409951 0.409951 0.409951 0.409951 0.409951 0.409951 0.409951 0.409951 0.409951 0.409951 0.409951 0.409951 0.409951 0.409951 0.409951 0.409951 0.409951 0.409951 0.409951 0.409951 0.409951 0.390002 0.409951 0.409951 0.409951 0.409951 0.409951 0.409951 0.409951 0.409951 0.409951 0.409837 0.409951 0.409951 0.409951 0.409951 0.409951 0.409951 0.409951 0.409951 0.409951 0.39793 0.409951 0.409951 0.409951 0.390634 0.409951 0.409951 0.39 0.409951 0.409951 0.409951 0.409951 0.409951 0.409951 0.39 0.409951 0.409951 0.39 0.409951 0.409951 0.409951 0.409951 0.409951 0.409951 0.390075 0.409951 0.409951 0.408144 0.409951 0.409951 0.409951 0.409951 0.409951 0.409951 0.409951 0.409951 0.409951 0.409951 0.409951 0.409951 0.409951 0.409951 0.409951 0.409951 0.409951 0.409951 0.409951 0.409951 0.409951 0.409951 0.409951 0.409951 0.409951 0.409951 0.409951 0.409951 0.409951 0.409951 0.409951 0.409951 0.409951 0.409951 0.409951 0.409951 0.409951 0.409951 0.409951 0.409951 0.409951 0.409951 0.409554 0.409951 0.409951 0.409951 0.409951 0.409951 0.409951 0.409951 0.409951 0.409951 0.39002 0.409951 0.409951 0.409951 0.409951 0.409951 0.409951 0.409951 0.409951 0.409951 0.390001 0.409951 0.409951 0.409951 0.39 0.409951 0.409951 0.39 0.409951 0.409951 0.409951 0.409951 0.409951 0.409951 0.391259 0.409951 0.409951 0.39 0.409951 0.409951 0.409951 0.409951 0.409951 0.409951 0.401781 0.409951 0.409951 0.39 0.409951 0.409951 0.409951 0.409951 0.409951 0.409951 0.409951 0.409951 0.409951 0.409951 0.409951 0.409951 0.409951 0.409951 0.409951 0.409951 0.409951 0.409951 0.409951 0.409951 0.409951 0.409951 0.409951 0.409951 0.409951 0.409951 0.409951 0.409951 0.409951 0.409951 0.409951 0.409951 0.409951 0.409951 0.409951 0.409951 0.409951 0.409951 0.409951 0.409951 0.409951 0.409951 0.390026 0.409951 0.409951 0.409951 0.409951 0.409951 0.409951 0.409951 0.409951 0.409951 0.391856 0.409951 0.409951 0.409951 0.409951 0.409951 0.409951 0.409951 0.409951 0.409951 0.408337 0.409951 0.409951 0.409951 0.409951 0.409951 0.409951 0.409951 0.409951 0.409951 0.39 0.409951 0.409951 0.409951 0.409951 0.409951 0.409951 0.409951 0.409951 0.409951 0.407306 0.409951 0.409951 0.409951 0.409951 0.409951 0.409951 0.409951 0.409951 0.409951 0.39 0.409951 0.409951 0.409951 0.409816 0.409951 0.409951 0.408996 0.409951 0.409951 0.409951 0.409951 0.409951 0.409951 0.39 0.409951 0.409951 0.409837 0.409951 0.409951 0.409951 0.409951 0.409951 0.409951 0.390019 0.409951 0.409951 0.39 0.409951 0.409951 0.409951 0.409951 0.409951 0.409951 0.409951 0.409951 0.409951 0.409951 0.409951 0.409951 0.409951 0.409951 0.409951 0.409951 0.409951 0.409951 0.409951 0.409951 0.409951 0.409951 0.409951 0.409951 0.409951 0.409951 0.409951 0.409951 0.409951 0.409951 0.409951 0.409951 0.409951 0.409951 0.409951 0.409951 0.409951 0.409951 0.409951 0.409951 0.409951 0.409951 0.409705 0.409951 0.409951 0.409951 0.409951 0.409951 0.409951 0.409951 0.409951 0.409951 0.39 0.409951 0.409951 0.409951 0.409951 0.409951 0.409951 0.409951 0.409951 0.409951 0.409154 0.409951 0.409951 0.409951 0.39 0.409951 0.409951 0.406352 0.409951 0.409951 0.409951 0.409951 0.409951 0.409951 0.391757 0.409951 0.409951 0.39 0.409951 0.409951 0.409951 0.409951 0.409951 0.409951 0.39 0.409951 0.409951 0.390001 0.409951 0.409951 0.409951 0.409951 0.409951 0.409951 0.409951 0.409951 0.409951 0.409951 0.409951 0.409951 0.409951 0.409951 0.409951 0.409951 0.409951 0.409951 0.409951 0.409951 0.409951 0.409951 0.409951 0.409951 0.409951 0.409951 0.409951 0.409951 0.409951 0.409951 0.409951 0.409951 0.409951 0.409951 0.409951 0.409951 0.409951 0.409951 0.409951 0.409951 0.409951 0.409951 0.401781 0.409951 0.409951 0.409951 0.409951 0.409951 0.409951 0.409951 0.409951 0.409951 0.39 0.409951 0.409951 0.409951 0.409951 0.409951 0.409951 0.409951 0.409951 0.409951 0.390018 0.409951 0.409951 0.409951 0.409051 0.409951 0.409951 0.390154 0.409951 0.409951 0.409951 0.409951 0.409951 0.409951 0.397087 0.409951 0.409951 0.393649 0.409951 0.409951 0.409951 0.409951 0.409951 0.409951 0.390002 0.409951 0.409951 0.390001 0.409951 0.409951 0.409951 0.409951 0.409951 0.409951 0.409951 0.409951 0.409951 0.409951 0.409951 0.409951 0.409951 0.409951 0.409951 0.409951 0.409951 0.409951 0.409951 0.409951 0.409951 0.409951 0.409951 0.409951 0.409951 0.409951 0.409951 0.409951 0.409951 0.409951 0.409951 0.409951 0.409951 0.409951 0.409951 0.409951 0.409951 0.409951 0.409951 0.409951 0.409951 0.409951 0.408426 0.409951 0.409951 0.409951 0.409951 0.409951 0.409951 0.409951 0.409951 0.409951 0.409827 0.409951 0.409951 0.409951 0.409951 0.409951 0.409951 0.409951 0.409951 0.409951 0.409329 0.409951 0.409951 0.409951 0.409951 0.409951 0.409951 0.409951 0.409951 0.409951 0.390002 0.409951 0.409951 0.409951 0.409951 0.409951 0.409951 0.409951 0.409951 0.409951 0.39 0.409951 0.409951 0.409951 0.409951 0.409951 0.409951 0.409951 0.409951 0.409951 0.39 0.409951 0.409951 0.409951 0.405581 0.409951 0.409951 0.407163 0.409951 0.409951 0.409951 0.409951 0.409951 0.409951 0.405371 0.409951 0.409951 0.403969 0.409951 0.409951 0.409951 0.409951 0.409951 0.409951 0.401489 0.409951 0.409951 0.409554 0.409951 0.409951 0.409951 0.409951 0.409951 0.409951 0.409951 0.409951 0.409951 0.409951 0.409951 0.409951 0.409951 0.409951 0.409951 0.409951 0.409951 0.409951 0.409951 0.409951 0.409951 0.409951 0.409951 0.409951 0.409951 0.409951 0.409951 0.409951 0.409951 0.409951 0.409951 0.409951 0.409951 0.409951 0.409951 0.409951 0.409951 0.409951 0.409951 0.409951 0.409951 0.409951 0.390059 0.409951 0.409951 0.409951 0.409951 0.409951 0.409951 0.409951 0.409951 0.409951 0.39 0.409951 0.409951 0.409951 0.409951 0.409951 0.409951 0.409951 0.409951 0.409951 0.39 0.409951 0.409951 0.409951 0.39 0.409951 0.409951 0.409468 0.409951 0.409951 0.409951 0.409951 0.409951 0.409951 0.39 0.409951 0.409951 0.409705 0.409951 0.409951 0.409951 0.409951 0.409951 0.409951 0.401194 0.409951 0.409951 0.390001 0.409951 0.409951 0.409951 0.409951 0.409951 0.409951 0.409951 0.409951 0.409951 0.409951 0.409951 0.409951 0.409951 0.409951 0.409951 0.409951 0.409951 0.409951 0.409951 0.409951 0.409951 0.409951 0.409951 0.409951 0.409951 0.409951 0.409951 0.409951 0.409951 0.409951 0.409951 0.409951 0.409951 0.409951 0.409951 0.409951 0.409951 0.409951 0.409951 0.409951 0.409951 0.409951 0.39 0.409951 0.409951 0.409951 0.409951 0.409951 0.409951 0.409951 0.409951 0.409951 0.409855 0.409951 0.409951 0.409951 0.409951 0.409951 0.409951 0.409951 0.409951 0.409951 0.390671 0.409951 0.409951 0.409951 0.39 0.409951 0.409951 0.390023 0.409951 0.409951 0.409951 0.409951 0.409951 0.409951 0.390012 0.409951 0.409951 0.398806 0.409951 0.409951 0.409951 0.409951 0.409951 0.409951 0.409892 0.409951 0.409951 0.390121 0.409951 0.409951 0.409951 0.409951 0.409951 0.409951 0.409951 0.409951 0.409951 0.409951 0.409951 0.409951 0.409951 0.409951 0.409951 0.409951 0.409951 0.409951 0.409951 0.409951 0.409951 0.409951 0.409951 0.409951 0.409951 0.409951 0.409951 0.409951 0.409951 0.409951 0.409951 0.409951 0.409951 0.409951 0.409951 0.409951 0.409951 0.409951 0.409951 0.409951 0.409951 0.409951 0.391663 0.409951 0.409951 0.409951 0.409951 0.409951 0.409951 0.409951 0.409951 0.409951 0.408426 0.409951 0.409951 0.409951 0.409951 0.409951 0.409951 0.409951 0.409951 0.409951 0.409579 0.409951 0.409951 
0.419901 0.419901 0.419901 0.419901 0.419901 0.419901 0.419901 0.401991 0.419901 0.419901 0.419901 0.419901 0.419901 0.419901 0.419901 0.419901 0.419901 0.38 0.419901 0.419901 0.419901 0.419901 0.419901 0.419901 0.419901 0.419901 0.419901 0.380001 0.419901 0.419901 0.419901 0.380124 0.419901 0.419901 0.419718 0.419901 0.419901 0.419901 0.419901 0.419901 0.419901 0.419838 0.419901 0.419901 0.38 0.419901 0.419901 0.419901 0.419901 0.419901 0.419901 0.419247 0.419901 0.419901 0.380004 0.419901 0.419901 0.419901 0.419901 0.419901 0.419901 0.419901 0.419901 0.419901 0.419901 0.419901 0.419901 0.419901 0.419901 0.419901 0.419901 0.419901 0.419901 0.419901 0.419901 0.419901 0.419901 0.419901 0.419901 0.419901 0.419901 0.419901 0.419901 0.419901 0.419901 0.419901 0.419901 0.419901 0.419901 0.419901 0.419901 0.419901 0.419901 0.419901 0.419901 0.419901 0.419901 0.380004 0.419901 0.419901 0.419901 0.419901 0.419901 0.419901 0.419901 0.419901 0.419901 0.419653 0.419901 0.419901 0.419901 0.419901 0.419901 0.419901 0.419901 0.419901 0.419901 0.390767 0.419901 0.419901 0.419901 0.381432 0.419901 0.419901 0.38 0.419901 0.419901 0.419901 0.419901 0.419901 0.419901 0.38 0.419901 0.419901 0.38 0.419901 0.419901 0.419901 0.419901 0.419901 0.419901 0.380094 0.419901 0.419901 0.417433 0.419901 0.419901 0.419901 0.419901 0.419901 0.419901 0.419901 0.419901 0.419901 0.419901 0.419901 0.419901 0.419901 0.419901 0.419901 0.419901 0.419901 0.419901 0.419901 0.419901 0.419901 0.419901 0.419901 0.419901 0.419901 0.419901 0.419901 0.419901 0.419901 0.419901 0.419901 0.419901 0.419901 0.419901 0.419901 0.419901 0.419901 0.419901 0.419901 0.419901 0.419901 0.419901 0.41892 0.419901 0.419901 0.419901 0.419901 0.419901 0.419901 0.419901 0.419901 0.419901 0.380027 0.419901 0.419901 0.419901 0.419901 0.419901 0.419901 0.419901 0.419901 0.419901 0.380001 0.419901 0.419901 0.419901 0.38 0.419901 0.419901 0.38 0.419901 0.419901 0.419901 0.419901 0.419901 0.419901 0.381761 0.419901 0.419901 0.38 0.419901 0.419901 0.419901 0.419901 0.419901 0.419901 0.396627 0.419901 0.419901 0.38 0.419901 0.419901 0.419901 0.419901 0.419901 0.419901 0.419901 0.419901 0.419901 0.419901 0.419901 0.419901 0.419901 0.419901 0.419901 0.419901 0.419901 0.419901 0.419901 0.419901 0.419901 0.419901 0.419901 0.419901 0.419901 0.419901 0.419901 0.419901 0.419901 0.419901 0.419901 0.419901 0.419901 0.419901 0.419901 0.419901 0.419901 0.419901 0.419901 0.419901 0.419901 0.419901 0.380078 0.419901 0.419901 0.419901 0.419901 0.419901 0.419901 0.419901 0.419901 0.419901 0.384038 0.419901 0.419901 0.419901 0.419901 0.419901 0.419901 0.419901 0.419901 0.419901 0.417332 0.419901 0.419901 0.419901 0.419901 0.419901 0.419901 0.419901 0.419901 0.419901 0.38 0.419901 0.419901 0.419901 0.419901 0.419901 0.419901 0.419901 0.419901 0.419901 0.415124 0.419901 0.419901 0.419901 0.419901 0.419901 0.419901 0.419901 0.419901 0.419901 0.38 0.419901 0.419901 0.419901 0.41968 0.419901 0.419901 0.418398 0.419901 0.419901 0.419901 0.419901 0.419901 0.419901 0.38 0.419901 0.419901 0.419617 0.419901 0.419901 0.419901 0.419901 0.419901 0.419901 0.380027 0.419901 0.419901 0.38 0.419901 0.419901 0.419901 0.419901 0.419901 0.419901 0.419901 0.419901 0.419901 0.419901 0.419901 0.419901 0.419901 0.419901 0.419901 0.419901 0.419901 0.419901 0.419901 0.419901 0.419901 0.419901 0.419901 0.419901 0.419901 0.419901 0.419901 0.419901 0.419901 0.419901 0.419901 0.419901 0.419901 0.419901 0.419901 0.419901 0.419901 0.419901 0.419901 0.419901 0.419901 0.419901 0.419521 0.419901 0.419901 0.419901 0.419901 0.419901 0.419901 0.419901 0.419901 0.419901 0.38 0.419901 0.419901 0.419901 0.419901 0.419901 0.419901 0.419901 0.419901 0.419901 0.41815 0.419901 0.419901 0.419901 0.38 0.419901 0.419901 0.408988 0.419901 0.419901 0.419901 0.419901 0.419901 0.419901 0.383515 0.419901 0.419901 0.38 0.419901 0.419901 0.419901 0.419901 0.419901 0.419901 0.38 0.419901 0.419901 0.380001 0.419901 0.419901 0.419901 0.419901 0.419901 0.419901 0.419901 0.419901 0.419901 0.419901 0.419901 0.419901 0.419901 0.419901 0.419901 0.419901 0.419901 0.419901 0.419901 0.419901 0.419901 0.419901 0.419901 0.419901 0.419901 0.419901 0.419901 0.419901 0.419901 0.419901 0.419901 0.419901 0.419901 0.419901 0.419901 0.419901 0.419901 0.419901 0.419901 0.419901 0.419901 0.419901 0.403562 0.419901 0.419901 0.419901 0.419901 0.419901 0.419901 0.419901 0.419901 0.419901 0.38 0.419901 0.419901 0.419901 0.419901 0.419901 0.419901 0.419901 0.419901 0.419901 0.380074 0.419901 0.419901 0.419901 0.418206 0.419901 0.419901 0.380213 0.419901 0.419901 0.419901 0.419901 0.419901 0.419901 0.392624 0.419901 0.419901 0.386486 0.419901 0.419901 0.419901 0.419901 0.419901 0.419901 0.380002 0.419901 0.419901 0.38001 0.419901 0.419901 0.419901 0.419901 0.419901 0.419901 0.419901 0.419901 0.419901 0.419901 0.419901 0.419901 0.419901 0.419901 0.419901 0.419901 0.419901 0.419901 0.419901 0.419901 0.419901 0.419901 0.419901 0.419901 0.419901 0.419901 0.419901 0.419901 0.419901 0.419901 0.419901 0.419901 0.419901 0.419901 0.419901 0.419901 0.419901 0.419901 0.419901 0.419901 0.419901 0.419901 0.417094 0.419901 0.419901 0.419901 0.419901 0.419901 0.419901 0.419901 0.419901 0.419901 0.419513 0.419901 0.419901 0.419901 0.419901 0.419901 0.419901 0.419901 0.419901 0.419901 0.418908 0.419901 0.419901 0.419901 0.419901 0.419901 0.419901 0.419901 0.419901 0.419901 0.380006 0.419901 0.419901 0.419901 0.419901 0.419901 0.419901 0.419901 0.419901 0.419901 0.38 0.419901 0.419901 0.419901 0.419901 0.419901 0.419901 0.419901 0.419901 0.419901 0.38 0.419901 0.419901 0.419901 0.41051 0.419901 0.419901 0.413859 0.419901 0.419901 0.419901 0.419901 0.419901 0.419901 0.408284 0.419901 0.419901 0.406324 0.419901 0.419901 0.419901 0.419901 0.419901 0.419901 0.404941 0.419901 0.419901 0.419157 0.419901 0.419901 0.419901 0.419901 0.419901 0.419901 0.419901 0.419901 0.419901 0.419901 0.419901 0.419901 0.419901 0.419901 0.419901 0.419901 0.419901 0.419901 0.419901 0.419901 0.419901 0.419901 0.419901 0.419901 0.419901 0.419901 0.419901 0.419901 0.419901 0.419901 0.419901 0.419901 0.419901 0.419901 0.419901 0.419901 0.419901 0.419901 0.419901 0.419901 0.419901 0.419901 0.380188 0.419901 0.419901 0.419901 0.419901 0.419901 0.419901 0.419901 0.419901 0.419901 0.38 0.419901 0.419901 0.419901 0.419901 0.419901 0.419901 0.419901 0.419901 0.419901 0.38 0.419901 0.419901 0.419901 0.38 0.419901 0.419901 0.418572 0.419901 0.419901 0.419901 0.419901 0.419901 0.419901 0.38 0.419901 0.419901 0.419372 0.419901 0.419901 0.419901 0.419901 0.419901 0.419901 0.398009 0.419901 0.419901 0.380003 0.419901 0.419901 0.419901 0.419901 0.419901 0.419901 0.419901 0.419901 0.419901 0.419901 0.419901 0.419901 0.419901 0.419901 0.419901 0.419901 0.419901 0.419901 0.419901 0.419901 0.419901 0.419901 0.419901 0.419901 0.419901 0.419901 0.419901 0.419901 0.419901 0.419901 0.419901 0.419901 0.419901 0.419901 0.419901 0.419901 0.419901 0.419901 0.419901 0.419901 0.419901 0.419901 0.38 0.419901 0.419901 0.419901 0.419901 0.419901 0.419901 0.419901 0.419901 0.419901 0.419608 0.419901 0.419901 0.419901 0.419901 0.419901 0.419901 0.419901 0.419901 0.419901 0.381517 0.419901 0.419901 0.419901 0.38 0.419901 0.419901 0.380031 0.419901 0.419901 0.419901 0.419901 0.419901 0.419901 0.380013 0.419901 0.419901 0.398206 0.419901 0.419901 0.419901 0.419901 0.419901 0.419901 0.419685 0.419901 0.419901 0.38014 0.419901 0.419901 0.419901 0.419901 0.419901 0.419901 0.419901 0.419901 0.419901 0.419901 0.419901 0.419901 0.419901 0.419901 0.419901 0.419901 0.419901 0.419901 0.419901 0.419901 0.419901 0.419901 0.419901 0.419901 0.419901 0.419901 0.419901 0.419901 0.419901 0.419901 0.419901 0.419901 0.419901 0.419901 0.419901 0.419901 0.419901 0.419901 0.419901 0.419901 0.419901 0.419901 0.38409 0.419901 0.419901 0.419901 0.419901 0.419901 0.419901 0.419901 0.419901 0.419901 0.416466 0.419901 0.419901 0.419901 0.419901 0.419901 0.419901 0.419901 0.419901 0.419901 0.418683 0.419901 0.419901 
0.429852 0.429852 0.429852 0.429852 0.429852 0.429852 0.429852 0.399921 0.429852 0.429852 0.429852 0.429852 0.429852 0.429852 0.429852 0.429852 0.429852 0.37 0.429852 0.429852 0.429852 0.429852 0.429852 0.429852 0.429852 0.429852 0.429852 0.370002 0.429852 0.429852 0.429852 0.370187 0.429852 0.429852 0.429628 0.429852 0.429852 0.429852 0.429852 0.429852 0.429852 0.429742 0.429852 0.429852 0.37 0.429852 0.429852 0.429852 0.429852 0.429852 0.429852 0.428575 0.429852 0.429852 0.37001 0.429852 0.429852 0.429852 0.429852 0.429852 0.429852 0.429852 0.429852 0.429852 0.429852 0.429852 0.429852 0.429852 0.429852 0.429852 0.429852 0.429852 0.429852 0.429852 0.429852 0.429852 0.429852 0.429852 0.429852 0.429852 0.429852 0.429852 0.429852 0.429852 0.429852 0.429852 0.429852 0.429852 0.429852 0.429852 0.429852 0.429852 0.429852 0.429852 0.429852 0.429852 0.429852 0.370017 0.429852 0.429852 0.429852 0.429852 0.429852 0.429852 0.429852 0.429852 0.429852 0.429458 0.429852 0.429852 0.429852 0.429852 0.429852 0.429852 0.429852 0.429852 0.429852 0.385187 0.429852 0.429852 0.429852 0.372066 0.429852 0.429852 0.37 0.429852 0.429852 0.429852 0.429852 0.429852 0.429852 0.37 0.429852 0.429852 0.37 0.429852 0.429852 0.429852 0.429852 0.429852 0.429852 0.370133 0.429852 0.429852 0.425473 0.429852 0.429852 0.429852 0.429852 0.429852 0.429852 0.429852 0.429852 0.429852 0.429852 0.429852 0.429852 0.429852 0.429852 0.429852 0.429852 0.429852 0.429852 0.429852 0.429852 0.429852 0.429852 0.429852 0.429852 0.429852 0.429852 0.429852 0.429852 0.429852 0.429852 0.429852 0.429852 0.429852 0.429852 0.429852 0.429852 0.429852 0.429852 0.429852 0.429852 0.429852 0.429852 0.427511 0.429852 0.429852 0.429852 0.429852 0.429852 0.429852 0.429852 0.429852 0.429852 0.370044 0.429852 0.429852 0.429852 0.429852 0.429852 0.429852 0.429852 0.429852 0.429852 0.370001 0.429852 0.429852 0.429852 0.37 0.429852 0.429852 0.37 0.429852 0.429852 0.429852 0.429852 0.429852 0.429852 0.373943 0.429852 0.429852 0.37 0.429852 0.429852 0.429852 0.429852 0.429852 0.429852 0.393714 0.429852 0.429852 0.37 0.429852 0.429852 0.429852 0.429852 0.429852 0.429852 0.429852 0.429852 0.429852 0.429852 0.429852 0.429852 0.429852 0.429852 0.429852 0.429852 0.429852 0.429852 0.429852 0.429852 0.429852 0.429852 0.429852 0.429852 0.429852 0.429852 0.429852 0.429852 0.429852 0.429852 0.429852 0.429852 0.429852 0.429852 0.429852 0.429852 0.429852 0.429852 0.429852 0.429852 0.429852 0.429852 0.370122 0.429852 0.429852 0.429852 0.429852 0.429852 0.429852 0.429852 0.429852 0.429852 0.375701 0.429852 0.429852 0.429852 0.429852 0.429852 0.429852 0.429852 0.429852 0.429852 0.42419 0.429852 0.429852 0.429852 0.429852 0.429852 0.429852 0.429852 0.429852 0.429852 0.37 0.429852 0.429852 0.429852 0.429852 0.429852 0.429852 0.429852 0.429852 0.429852 0.422942 0.429852 0.429852 0.429852 0.429852 0.429852 0.429852 0.429852 0.429852 0.429852 0.37 0.429852 0.429852 0.429852 0.429484 0.429852 0.429852 0.427727 0.429852 0.429852 0.429852 0.429852 0.429852 0.429852 0.37 0.429852 0.429852 0.429433 0.429852 0.429852 0.429852 0.429852 0.429852 0.429852 0.370046 0.429852 0.429852 0.37 0.429852 0.429852 0.429852 0.429852 0.429852 0.429852 0.429852 0.429852 0.429852 0.429852 0.429852 0.429852 0.429852 0.429852 0.429852 0.429852 0.429852 0.429852 0.429852 0.429852 0.429852 0.429852 0.429852 0.429852 0.429852 0.429852 0.429852 0.429852 0.429852 0.429852 0.429852 0.429852 0.429852 0.429852 0.429852 0.429852 0.429852 0.429852 0.429852 0.429852 0.429852 0.429852 0.429147 0.429852 0.429852 0.429852 0.429852 0.429852 0.429852 0.429852 0.429852 0.429852 0.37 0.429852 0.429852 0.429852 0.429852 0.429852 0.429852 0.429852 0.429852 0.429852 0.427439 0.429852 0.429852 0.429852 0.37 0.429852 0.429852 0.413687 0.429852 0.429852 0.429852 0.429852 0.429852 0.429852 0.374774 0.429852 0.429852 0.37 0.429852 0.429852 0.429852 0.429852 0.429852 0.429852 0.37 0.429852 0.429852 0.370002 0.429852 0.429852 0.429852 0.429852 0.429852 0.429852 0.429852 0.429852 0.429852 0.429852 0.429852 0.429852 0.429852 0.429852 0.429852 0.429852 0.429852 0.429852 0.429852 0.429852 0.429852 0.429852 0.429852 0.429852 0.429852 0.429852 0.429852 0.429852 0.429852 0.429852 0.429852 0.429852 0.429852 0.429852 0.429852 0.429852 0.429852 0.429852 0.429852 0.429852 0.429852 0.429852 0.40505 0.429852 0.429852 0.429852 0.429852 0.429852 0.429852 0.429852 0.429852 0.429852 0.37 0.429852 0.429852 0.429852 0.429852 0.429852 0.429852 0.429852 0.429852 0.429852 0.37008 0.429852 0.429852 0.429852 0.427534 0.429852 0.429852 0.370358 0.429852 0.429852 0.429852 0.429852 0.429852 0.429852 0.392325 0.429852 0.429852 0.382772 0.429852 0.429852 0.429852 0.429852 0.429852 0.429852 0.370004 0.429852 0.429852 0.370011 0.429852 0.429852 0.429852 0.429852 0.429852 0.429852 0.429852 0.429852 0.429852 0.429852 0.429852 0.429852 0.429852 0.429852 0.429852 0.429852 0.429852 0.429852 0.429852 0.429852 0.429852 0.429852 0.429852 0.429852 0.429852 0.429852 0.429852 0.429852 0.429852 0.429852 0.429852 0.429852 0.429852 0.429852 0.429852 0.429852 0.429852 0.429852 0.429852 0.429852 0.429852 0.429852 0.425685 0.429852 0.429852 0.429852 0.429852 0.429852 0.429852 0.429852 0.429852 0.429852 0.429266 0.429852 0.429852 0.429852 0.429852 0.429852 0.429852 0.429852 0.429852 0.429852 0.427648 0.429852 0.429852 0.429852 0.429852 0.429852 0.429852 0.429852 0.429852 0.429852 0.370007 0.429852 0.429852 0.429852 0.429852 0.429852 0.429852 0.429852 0.429852 0.429852 0.37 0.429852 0.429852 0.429852 0.429852 0.429852 0.429852 0.429852 0.429852 0.429852 0.37 0.429852 0.429852 0.429852 0.414973 0.429852 0.429852 0.419839 0.429852 0.429852 0.429852 0.429852 0.429852 0.429852 0.411997 0.429852 0.429852 0.408679 0.429852 0.429852 0.429852 0.429852 0.429852 0.429852 0.409871 0.429852 0.429852 0.428894 0.429852 0.429852 0.429852 0.429852 0.429852 0.429852 0.429852 0.429852 0.429852 0.429852 0.429852 0.429852 0.429852 0.429852 0.429852 0.429852 0.429852 0.429852 0.429852 0.429852 0.429852 0.429852 0.429852 0.429852 0.429852 0.429852 0.429852 0.429852 0.429852 0.429852 0.429852 0.429852 0.429852 0.429852 0.429852 0.429852 0.429852 0.429852 0.429852 0.429852 0.429852 0.429852 0.37022 0.429852 0.429852 0.429852 0.429852 0.429852 0.429852 0.429852 0.429852 0.429852 0.37 0.429852 0.429852 0.429852 0.429852 0.429852 0.429852 0.429852 0.429852 0.429852 0.37 0.429852 0.429852 0.429852 0.37 0.429852 0.429852 0.428339 0.429852 0.429852 0.429852 0.429852 0.429852 0.429852 0.37 0.429852 0.429852 0.428998 0.429852 0.429852 0.429852 0.429852 0.429852 0.429852 0.391151 0.429852 0.429852 0.370003 0.429852 0.429852 0.429852 0.429852 0.429852 0.429852 0.429852 0.429852 0.429852 0.429852 0.429852 0.429852 0.429852 0.429852 0.429852 0.429852 0.429852 0.429852 0.429852 0.429852 0.429852 0.429852 0.429852 0.429852 0.429852 0.429852 0.429852 0.429852 0.429852 0.429852 0.429852 0.429852 0.429852 0.429852 0.429852 0.429852 0.429852 0.429852 0.429852 0.429852 0.429852 0.429852 0.37 0.429852 0.429852 0.429852 0.429852 0.429852 0.429852 0.429852 0.429852 0.429852 0.429345 0.429852 0.429852 0.429852 0.429852 0.429852 0.429852 0.429852 0.429852 0.429852 0.372081 0.429852 0.429852 0.429852 0.37 0.429852 0.429852 0.370037 0.429852 0.429852 0.429852 0.429852 0.429852 0.429852 0.370014 0.429852 0.429852 0.394493 0.429852 0.429852 0.429852 0.429852 0.429852 0.429852 0.429478 0.429852 0.429852 0.370203 0.429852 0.429852 0.429852 0.429852 0.429852 0.429852 0.429852 0.429852 0.429852 0.429852 0.429852 0.429852 0.429852 0.429852 0.429852 0.429852 0.429852 0.429852 0.429852 0.429852 0.429852 0.429852 0.429852 0.429852 0.429852 0.429852 0.429852 0.429852 0.429852 0.429852 0.429852 0.429852 0.429852 0.429852 0.429852 0.429852 0.429852 0.429852 0.429852 0.429852 0.429852 0.429852 0.375094 0.429852 0.429852 0.429852 0.429852 0.429852 0.429852 0.429852 0.429852 0.429852 0.424977 0.429852 0.429852 0.429852 0.429852 0.429852 0.429852 0.429852 0.429852 0.429852 0.428263 0.429852 0.429852 
0.439802 0.439802 0.439802 0.439802 0.439802 0.439802 0.439802 0.399621 0.439802 0.439802 0.439802 0.439802 0.439802 0.439802 0.439802 0.439802 0.439802 0.36 0.439802 0.439802 0.439802 0.439802 0.439802 0.439802 0.439802 0.439802 0.439802 0.360002 0.439802 0.439802 0.439802 0.360267 0.439802 0.439802 0.439532 0.439802 0.439802 0.439802 0.439802 0.439802 0.439802 0.439614 0.439802 0.439802 0.36 0.439802 0.439802 0.439802 0.439802 0.439802 0.439802 0.438154 0.439802 0.439802 0.360013 0.439802 0.439802 0.439802 0.439802 0.439802 0.439802 0.439802 0.439802 0.439802 0.439802 0.439802 0.439802 0.439802 0.439802 0.439802 0.439802 0.439802 0.439802 0.439802 0.439802 0.439802 0.439802 0.439802 0.439802 0.439802 0.439802 0.439802 0.439802 0.439802 0.439802 0.439802 0.439802 0.439802 0.439802 0.439802 0.439802 0.439802 0.439802 0.439802 0.439802 0.439802 0.439802 0.360029 0.439802 0.439802 0.439802 0.439802 0.439802 0.439802 0.439802 0.439802 0.439802 0.439225 0.439802 0.439802 0.439802 0.439802 0.439802 0.439802 0.439802 0.439802 0.439802 0.376377 0.439802 0.439802 0.439802 0.363729 0.439802 0.439802 0.36 0.439802 0.439802 0.439802 0.439802 0.439802 0.439802 0.36 0.439802 0.439802 0.36 0.439802 0.439802 0.439802 0.439802 0.439802 0.439802 0.360148 0.439802 0.439802 0.433716 0.439802 0.439802 0.439802 0.439802 0.439802 0.439802 0.439802 0.439802 0.439802 0.439802 0.439802 0.439802 0.439802 0.439802 0.439802 0.439802 0.439802 0.439802 0.439802 0.439802 0.439802 0.439802 0.439802 0.439802 0.439802 0.439802 0.439802 0.439802 0.439802 0.439802 0.439802 0.439802 0.439802 0.439802 0.439802 0.439802 0.439802 0.439802 0.439802 0.439802 0.439802 0.439802 0.437065 0.439802 0.439802 0.439802 0.439802 0.439802 0.439802 0.439802 0.439802 0.439802 0.360055 0.439802 0.439802 0.439802 0.439802 0.439802 0.439802 0.439802 0.439802 0.439802 0.360001 0.439802 0.439802 0.439802 0.36 0.439802 0.439802 0.36 0.439802 0.439802 0.439802 0.439802 0.439802 0.439802 0.365006 0.439802 0.439802 0.36 0.439802 0.439802 0.439802 0.439802 0.439802 0.439802 0.390801 0.439802 0.439802 0.36 0.439802 0.439802 0.439802 0.439802 0.439802 0.439802 0.439802 0.439802 0.439802 0.439802 0.439802 0.439802 0.439802 0.439802 0.439802 0.439802 0.439802 0.439802 0.439802 0.439802 0.439802 0.439802 0.439802 0.439802 0.439802 0.439802 0.439802 0.439802 0.439802 0.439802 0.439802 0.439802 0.439802 0.439802 0.439802 0.439802 0.439802 0.439802 0.439802 0.439802 0.439802 0.439802 0.360169 0.439802 0.439802 0.439802 0.439802 0.439802 0.439802 0.439802 0.439802 0.439802 0.369532 0.439802 0.439802 0.439802 0.439802 0.439802 0.439802 0.439802 0.439802 0.439802 0.429974 0.439802 0.439802 0.439802 0.439802 0.439802 0.439802 0.439802 0.439802 0.439802 0.36 0.439802 0.439802 0.439802 0.439802 0.439802 0.439802 0.439802 0.439802 0.439802 0.431752 0.439802 0.439802 0.439802 0.439802 0.439802 0.439802 0.439802 0.439802 0.439802 0.36 0.439802 0.439802 0.439802 0.439348 0.439802 0.439802 0.436881 0.439802 0.439802 0.439802 0.439802 0.439802 0.439802 0.36 0.439802 0.439802 0.439213 0.439802 0.439802 0.439802 0.439802 0.439802 0.439802 0.360055 0.439802 0.439802 0.36 0.439802 0.439802 0.439802 0.439802 0.439802 0.439802 0.439802 0.439802 0.439802 0.439802 0.439802 0.439802 0.439802 0.439802 0.439802 0.439802 0.439802 0.439802 0.439802 0.439802 0.439802 0.439802 0.439802 0.439802 0.439802 0.439802 0.439802 0.439802 0.439802 0.439802 0.439802 0.439802 0.439802 0.439802 0.439802 0.439802 0.439802 0.439802 0.439802 0.439802 0.439802 0.439802 0.438884 0.439802 0.439802 0.439802 0.439802 0.439802 0.439802 0.439802 0.439802 0.439802 0.36 0.439802 0.439802 0.439802 0.439802 0.439802 0.439802 0.439802 0.439802 0.439802 0.43664 0.439802 0.439802 0.439802 0.36 0.439802 0.439802 0.420214 0.439802 0.439802 0.439802 0.439802 0.439802 0.439802 0.367611 0.439802 0.439802 0.36 0.439802 0.439802 0.439802 0.439802 0.439802 0.439802 0.36 0.439802 0.439802 0.360003 0.439802 0.439802 0.439802 0.439802 0.439802 0.439802 0.439802 0.439802 0.439802 0.439802 0.439802 0.439802 0.439802 0.439802 0.439802 0.439802 0.439802 0.439802 0.439802 0.439802 0.439802 0.439802 0.439802 0.439802 0.439802 0.439802 0.439802 0.439802 0.439802 0.439802 0.439802 0.439802 0.439802 0.439802 0.439802 0.439802 0.439802 0.439802 0.439802 0.439802 0.439802 0.439802 0.401337 0.439802 0.439802 0.439802 0.439802 0.439802 0.439802 0.439802 0.439802 0.439802 0.36 0.439802 0.439802 0.439802 0.439802 0.439802 0.439802 0.439802 0.439802 0.439802 0.360127 0.439802 0.439802 0.439802 0.436688 0.439802 0.439802 0.360417 0.439802 0.439802 0.439802 0.439802 0.439802 0.439802 0.390836 0.439802 0.439802 0.37642 0.439802 0.439802 0.439802 0.439802 0.439802 0.439802 0.360007 0.439802 0.439802 0.360013 0.439802 0.439802 0.439802 0.439802 0.439802 0.439802 0.439802 0.439802 0.439802 0.439802 0.439802 0.439802 0.439802 0.439802 0.439802 0.439802 0.439802 0.439802 0.439802 0.439802 0.439802 0.439802 0.439802 0.439802 0.439802 0.439802 0.439802 0.439802 0.439802 0.439802 0.439802 0.439802 0.439802 0.439802 0.439802 0.439802 0.439802 0.439802 0.439802 0.439802 0.439802 0.439802 0.434736 0.439802 0.439802 0.439802 0.439802 0.439802 0.439802 0.439802 0.439802 0.439802 0.439093 0.439802 0.439802 0.439802 0.439802 0.439802 0.439802 0.439802 0.439802 0.439802 0.437084 0.439802 0.439802 0.439802 0.439802 0.439802 0.439802 0.439802 0.439802 0.439802 0.360009 0.439802 0.439802 0.439802 0.439802 0.439802 0.439802 0.439802 0.439802 0.439802 0.36 0.439802 0.439802 0.439802 0.439802 0.439802 0.439802 0.439802 0.439802 0.439802 0.36 0.439802 0.439802 0.439802 0.422416 0.439802 0.439802 0.427145 0.439802 0.439802 0.439802 0.439802 0.439802 0.439802 0.414352 0.439802 0.439802 0.40808 0.439802 0.439802 0.439802 0.439802 0.439802 0.439802 0.413585 0.439802 0.439802 0.438562 0.439802 0.439802 0.439802 0.439802 0.439802 0.439802 0.439802 0.439802 0.439802 0.439802 0.439802 0.439802 0.439802 0.439802 0.439802 0.439802 0.439802 0.439802 0.439802 0.439802 0.439802 0.439802 0.439802 0.439802 0.439802 0.439802 0.439802 0.439802 0.439802 0.439802 0.439802 0.439802 0.439802 0.439802 0.439802 0.439802 0.439802 0.439802 0.439802 0.439802 0.439802 0.439802 0.360276 0.439802 0.439802 0.439802 0.439802 0.439802 0.439802 0.439802 0.439802 0.439802 0.36 0.439802 0.439802 0.439802 0.439802 0.439802 0.439802 0.439802 0.439802 0.439802 0.36 0.439802 0.439802 0.439802 0.36 0.439802 0.439802 0.437965 0.439802 0.439802 0.439802 0.439802 0.439802 0.439802 0.36 0.439802 0.439802 0.438552 0.439802 0.439802 0.439802 0.439802 0.439802 0.439802 0.393221 0.439802 0.439802 0.360003 0.439802 0.439802 0.439802 0.439802 0.439802 0.439802 0.439802 0.439802 0.439802 0.439802 0.439802 0.439802 0.439802 0.439802 0.439802 0.439802 0.439802 0.439802 0.439802 0.439802 0.439802 0.439802 0.439802 0.439802 0.439802 0.439802 0.439802 0.439802 0.439802 0.439802 0.439802 0.439802 0.439802 0.439802 0.439802 0.439802 0.439802 0.439802 0.439802 0.439802 0.439802 0.439802 0.36 0.439802 0.439802 0.439802 0.439802 0.439802 0.439802 0.439802 0.439802 0.439802 0.43915 0.439802 0.439802 0.439802 0.439802 0.439802 0.439802 0.439802 0.439802 0.439802 0.362414 0.439802 0.439802 0.439802 0.36 0.439802 0.439802 0.360041 0.439802 0.439802 0.439802 0.439802 0.439802 0.439802 0.360018 0.439802 0.439802 0.397129 0.439802 0.439802 0.439802 0.439802 0.439802 0.439802 0.43935 0.439802 0.439802 0.360332 0.439802 0.439802 0.439802 0.439802 0.439802 0.439802 0.439802 0.439802 0.439802 0.439802 0.439802 0.439802 0.439802 0.439802 0.439802 0.439802 0.439802 0.439802 0.439802 0.439802 0.439802 0.439802 0.439802 0.439802 0.439802 0.439802 0.439802 0.439802 0.439802 0.439802 0.439802 0.439802 0.439802 0.439802 0.439802 0.439802 0.439802 0.439802 0.439802 0.439802 0.439802 0.439802 0.365692 0.439802 0.439802 0.439802 0.439802 0.439802 0.439802 0.439802 0.439802 0.439802 0.43322 0.439802 0.439802 0.439802 0.439802 0.439802 0.439802 0.439802 0.439802 0.439802 0.437816 0.439802 0.439802 
0.449753 0.449753 0.449753 0.449753 0.449753 0.449753 0.449753 0.400816 0.449753 0.449753 0.449753 0.449753 0.449753 0.449753 0.449753 0.449753 0.449753 0.35 0.449753 0.449753 0.449753 0.449753 0.449753 0.449753 0.449753 0.449753 0.449753 0.350002 0.449753 0.449753 0.449753 0.35058 0.449753 0.449753 0.449447 0.449753 0.449753 0.449753 0.449753 0.449753 0.449753 0.4495 0.449753 0.449753 0.35 0.449753 0.449753 0.449753 0.449753 0.449753 0.449753 0.447734 0.449753 0.449753 0.350014 0.449753 0.449753 0.449753 0.449753 0.449753 0.449753 0.449753 0.449753 0.449753 0.449753 0.449753 0.449753 0.449753 0.449753 0.449753 0.449753 0.449753 0.449753 0.449753 0.449753 0.449753 0.449753 0.449753 0.449753 0.449753 0.449753 0.449753 0.449753 0.449753 0.449753 0.449753 0.449753 0.449753 0.449753 0.449753 0.449753 0.449753 0.449753 0.449753 0.449753 0.449753 0.449753 0.350042 0.449753 0.449753 0.449753 0.449753 0.449753 0.449753 0.449753 0.449753 0.449753 0.449071 0.449753 0.449753 0.449753 0.449753 0.449753 0.449753 0.449753 0.449753 0.449753 0.367502 0.449753 0.449753 0.449753 0.354625 0.449753 0.449753 0.35 0.449753 0.449753 0.449753 0.449753 0.449753 0.449753 0.35 0.449753 0.449753 0.35 0.449753 0.449753 0.449753 0.449753 0.449753 0.449753 0.350157 0.449753 0.449753 0.439696 0.449753 0.449753 0.449753 0.449753 0.449753 0.449753 0.449753 0.449753 0.449753 0.449753 0.449753 0.449753 0.449753 0.449753 0.449753 0.449753 0.449753 0.449753 0.449753 0.449753 0.449753 0.449753 0.449753 0.449753 0.449753 0.449753 0.449753 0.449753 0.449753 0.449753 0.449753 0.449753 0.449753 0.449753 0.449753 0.449753 0.449753 0.449753 0.449753 0.449753 0.449753 0.449753 0.446394 0.449753 0.449753 0.449753 0.449753 0.449753 0.449753 0.449753 0.449753 0.449753 0.350063 0.449753 0.449753 0.449753 0.449753 0.449753 0.449753 0.449753 0.449753 0.449753 0.350001 0.449753 0.449753 0.449753 0.35 0.449753 0.449753 0.35 0.449753 0.449753 0.449753 0.449753 0.449753 0.449753 0.357188 0.449753 0.449753 0.35 0.449753 0.449753 0.449753 0.449753 0.449753 0.449753 0.388165 0.449753 0.449753 0.35 0.449753 0.449753 0.449753 0.449753 0.449753 0.449753 0.449753 0.449753 0.449753 0.449753 0.449753 0.449753 0.449753 0.449753 0.449753 0.449753 0.449753 0.449753 0.449753 0.449753 0.449753 0.449753 0.449753 0.449753 0.449753 0.449753 0.449753 0.449753 0.449753 0.449753 0.449753 0.449753 0.449753 0.449753 0.449753 0.449753 0.449753 0.449753 0.449753 0.449753 0.449753 0.449753 0.350297 0.449753 0.449753 0.449753 0.449753 0.449753 0.449753 0.449753 0.449753 0.449753 0.360657 0.449753 0.449753 0.449753 0.449753 0.449753 0.449753 0.449753 0.449753 0.449753 0.437792 0.449753 0.449753 0.449753 0.449753 0.449753 0.449753 0.449753 0.449753 0.449753 0.35 0.449753 0.449753 0.449753 0.449753 0.449753 0.449753 0.449753 0.449753 0.449753 0.437731 0.449753 0.449753 0.449753 0.449753 0.449753 0.449753 0.449753 0.449753 0.449753 0.35 0.449753 0.449753 0.449753 0.449115 0.449753 0.449753 0.446082 0.449753 0.449753 0.449753 0.449753 0.449753 0.449753 0.35 0.449753 0.449753 0.448994 0.449753 0.449753 0.449753 0.449753 0.449753 0.449753 0.350096 0.449753 0.449753 0.35 0.449753 0.449753 0.449753 0.449753 0.449753 0.449753 0.449753 0.449753 0.449753 0.449753 0.449753 0.449753 0.449753 0.449753 0.449753 0.449753 0.449753 0.449753 0.449753 0.449753 0.449753 0.449753 0.449753 0.449753 0.449753 0.449753 0.449753 0.449753 0.449753 0.449753 0.449753 0.449753 0.449753 0.449753 0.449753 0.449753 0.449753 0.449753 0.449753 0.449753 0.449753 0.449753 0.448664 0.449753 0.449753 0.449753 0.449753 0.449753 0.449753 0.449753 0.449753 0.449753 0.35 0.449753 0.449753 0.449753 0.449753 0.449753 0.449753 0.449753 0.449753 0.449753 0.445794 0.449753 0.449753 0.449753 0.35 0.449753 0.449753 0.424184 0.449753 0.449753 0.449753 0.449753 0.449753 0.449753 0.360168 0.449753 0.449753 0.35 0.449753 0.449753 0.449753 0.449753 0.449753 0.449753 0.35 0.449753 0.449753 0.350004 0.449753 0.449753 0.449753 0.449753 0.449753 0.449753 0.449753 0.449753 0.449753 0.449753 0.449753 0.449753 0.449753 0.449753 0.449753 0.449753 0.449753 0.449753 0.449753 0.449753 0.449753 0.449753 0.449753 0.449753 0.449753 0.449753 0.449753 0.449753 0.449753 0.449753 0.449753 0.449753 0.449753 0.449753 0.449753 0.449753 0.449753 0.449753 0.449753 0.449753 0.449753 0.449753 0.400439 0.449753 0.449753 0.449753 0.449753 0.449753 0.449753 0.449753 0.449753 0.449753 0.35 0.449753 0.449753 0.449753 0.449753 0.449753 0.449753 0.449753 0.449753 0.449753 0.350168 0.449753 0.449753 0.449753 0.446055 0.449753 0.449753 0.350637 0.449753 0.449753 0.449753 0.449753 0.449753 0.449753 0.388481 0.449753 0.449753 0.368722 0.449753 0.449753 0.449753 0.449753 0.449753 0.449753 0.350007 0.449753 0.449753 0.350014 0.449753 0.449753 0.449753 0.449753 0.449753 0.449753 0.449753 0.449753 0.449753 0.449753 0.449753 0.449753 0.449753 0.449753 0.449753 0.449753 0.449753 0.449753 0.449753 0.449753 0.449753 0.449753 0.449753 0.449753 0.449753 0.449753 0.449753 0.449753 0.449753 0.449753 0.449753 0.449753 0.449753 0.449753 0.449753 0.449753 0.449753 0.449753 0.449753 0.449753 0.449753 0.449753 0.443328 0.449753 0.449753 0.449753 0.449753 0.449753 0.449753 0.449753 0.449753 0.449753 0.448886 0.449753 0.449753 0.449753 0.449753 0.449753 0.449753 0.449753 0.449753 0.449753 0.446688 0.449753 0.449753 0.449753 0.449753 0.449753 0.449753 0.449753 0.449753 0.449753 0.350013 0.449753 0.449753 0.449753 0.449753 0.449753 0.449753 0.449753 0.449753 0.449753 0.35 0.449753 0.449753 0.449753 0.449753 0.449753 0.449753 0.449753 0.449753 0.449753 0.35 0.449753 0.449753 0.449753 0.426385 0.449753 0.449753 0.433841 0.449753 0.449753 0.449753 0.449753 0.449753 0.449753 0.419052 0.449753 0.449753 0.415523 0.449753 0.449753 0.449753 0.449753 0.449753 0.449753 0.419754 0.449753 0.449753 0.448342 0.449753 0.449753 0.449753 0.449753 0.449753 0.449753 0.449753 0.449753 0.449753 0.449753 0.449753 0.449753 0.449753 0.449753 0.449753 0.449753 0.449753 0.449753 0.449753 0.449753 0.449753 0.449753 0.449753 0.449753 0.449753 0.449753 0.449753 0.449753 0.449753 0.449753 0.449753 0.449753 0.449753 0.449753 0.449753 0.449753 0.449753 0.449753 0.449753 0.449753 0.449753 0.449753 0.350286 0.449753 0.449753 0.449753 0.449753 0.449753 0.449753 0.449753 0.449753 0.449753 0.35 0.449753 0.449753 0.449753 0.449753 0.449753 0.449753 0.449753 0.449753 0.449753 0.35 0.449753 0.449753 0.449753 0.35 0.449753 0.449753 0.447492 0.449753 0.449753 0.449753 0.449753 0.449753 0.449753 0.35 0.449753 0.449753 0.448105 0.449753 0.449753 0.449753 0.449753 0.449753 0.449753 0.389002 0.449753 0.449753 0.350004 0.449753 0.449753 0.449753 0.449753 0.449753 0.449753 0.449753 0.449753 0.449753 0.449753 0.449753 0.449753 0.449753 0.449753 0.449753 0.449753 0.449753 0.449753 0.449753 0.449753 0.449753 0.449753 0.449753 0.449753 0.449753 0.449753 0.449753 0.449753 0.449753 0.449753 0.449753 0.449753 0.449753 0.449753 0.449753 0.449753 0.449753 0.449753 0.449753 0.449753 0.449753 0.449753 0.35 0.449753 0.449753 0.449753 0.449753 0.449753 0.449753 0.449753 0.449753 0.449753 0.448943 0.449753 0.449753 0.449753 0.449753 0.449753 0.449753 0.449753 0.449753 0.449753 0.352746 0.449753 0.449753 0.449753 0.35 0.449753 0.449753 0.35005 0.449753 0.449753 0.449753 0.449753 0.449753 0.449753 0.350022 0.449753 0.449753 0.398323 0.449753 0.449753 0.449753 0.449753 0.449753 0.449753 0.449176 0.449753 0.449753 0.350356 0.449753 0.449753 0.449753 0.449753 0.449753 0.449753 0.449753 0.449753 0.449753 0.449753 0.449753 0.449753 0.449753 0.449753 0.449753 0.449753 0.449753 0.449753 0.449753 0.449753 0.449753 0.449753 0.449753 0.449753 0.449753 0.449753 0.449753 0.449753 0.449753 0.449753 0.449753 0.449753 0.449753 0.449753 0.449753 0.449753 0.449753 0.449753 0.449753 0.449753 0.449753 0.449753 0.356165 0.449753 0.449753 0.449753 0.449753 0.449753 0.449753 0.449753 0.449753 0.449753 0.441463 0.449753 0.449753 0.449753 0.449753 0.449753 0.449753 0.449753 0.449753 0.449753 0.447442 0.449753 0.449753 
0.459703 0.459703 0.459703 0.459703 0.459703 0.459703 0.459703 0.399918 0.459703 0.459703 0.459703 0.459703 0.459703 0.459703 0.459703 0.459703 0.459703 0.34 0.459703 0.459703 0.459703 0.459703 0.459703 0.459703 0.459703 0.459703 0.459703 0.340004 0.459703 0.459703 0.459703 0.340709 0.459703 0.459703 0.45934 0.459703 0.459703 0.459703 0.459703 0.459703 0.459703 0.45941 0.459703 0.459703 0.34 0.459703 0.459703 0.459703 0.459703 0.459703 0.459703 0.457381 0.459703 0.459703 0.340015 0.459703 0.459703 0.459703 0.459703 0.459703 0.459703 0.459703 0.459703 0.459703 0.459703 0.459703 0.459703 0.459703 0.459703 0.459703 0.459703 0.459703 0.459703 0.459703 0.459703 0.459703 0.459703 0.459703 0.459703 0.459703 0.459703 0.459703 0.459703 0.459703 0.459703 0.459703 0.459703 0.459703 0.459703 0.459703 0.459703 0.459703 0.459703 0.459703 0.459703 0.459703 0.459703 0.340049 0.459703 0.459703 0.459703 0.459703 0.459703 0.459703 0.459703 0.459703 0.459703 0.458738 0.459703 0.459703 0.459703 0.459703 0.459703 0.459703 0.459703 0.459703 0.459703 0.358762 0.459703 0.459703 0.459703 0.345222 0.459703 0.459703 0.34 0.459703 0.459703 0.459703 0.459703 0.459703 0.459703 0.34 0.459703 0.459703 0.34 0.459703 0.459703 0.459703 0.459703 0.459703 0.459703 0.340179 0.459703 0.459703 0.448364 0.459703 0.459703 0.459703 0.459703 0.459703 0.459703 0.459703 0.459703 0.459703 0.459703 0.459703 0.459703 0.459703 0.459703 0.459703 0.459703 0.459703 0.459703 0.459703 0.459703 0.459703 0.459703 0.459703 0.459703 0.459703 0.459703 0.459703 0.459703 0.459703 0.459703 0.459703 0.459703 0.459703 0.459703 0.459703 0.459703 0.459703 0.459703 0.459703 0.459703 0.459703 0.459703 0.455796 0.459703 0.459703 0.459703 0.459703 0.459703 0.459703 0.459703 0.459703 0.459703 0.3401 0.459703 0.459703 0.459703 0.459703 0.459703 0.459703 0.459703 0.459703 0.459703 0.340002 0.459703 0.459703 0.459703 0.34 0.459703 0.459703 0.34 0.459703 0.459703 0.459703 0.459703 0.459703 0.459703 0.348597 0.459703 0.459703 0.34 0.459703 0.459703 0.459703 0.459703 0.459703 0.459703 0.381002 0.459703 0.459703 0.34 0.459703 0.459703 0.459703 0.459703 0.459703 0.459703 0.459703 0.459703 0.459703 0.459703 0.459703 0.459703 0.459703 0.459703 0.459703 0.459703 0.459703 0.459703 0.459703 0.459703 0.459703 0.459703 0.459703 0.459703 0.459703 0.459703 0.459703 0.459703 0.459703 0.459703 0.459703 0.459703 0.459703 0.459703 0.459703 0.459703 0.459703 0.459703 0.459703 0.459703 0.459703 0.459703 0.340481 0.459703 0.459703 0.459703 0.459703 0.459703 0.459703 0.459703 0.459703 0.459703 0.351848 0.459703 0.459703 0.459703 0.459703 0.459703 0.459703 0.459703 0.459703 0.459703 0.444488 0.459703 0.459703 0.459703 0.459703 0.459703 0.459703 0.459703 0.459703 0.459703 0.34 0.459703 0.459703 0.459703 0.459703 0.459703 0.459703 0.459703 0.459703 0.459703 0.446541 0.459703 0.459703 0.459703 0.459703 0.459703 0.459703 0.459703 0.459703 0.459703 0.34 0.459703 0.459703 0.459703 0.459001 0.459703 0.459703 0.455411 0.459703 0.459703 0.459703 0.459703 0.459703 0.459703 0.34 0.459703 0.459703 0.458746 0.459703 0.459703 0.459703 0.459703 0.459703 0.459703 0.340097 0.459703 0.459703 0.34 0.459703 0.459703 0.459703 0.459703 0.459703 0.459703 0.459703 0.459703 0.459703 0.459703 0.459703 0.459703 0.459703 0.459703 0.459703 0.459703 0.459703 0.459703 0.459703 0.459703 0.459703 0.459703 0.459703 0.459703 0.459703 0.459703 0.459703 0.459703 0.459703 0.459703 0.459703 0.459703 0.459703 0.459703 0.459703 0.459703 0.459703 0.459703 0.459703 0.459703 0.459703 0.459703 0.458417 0.459703 0.459703 0.459703 0.459703 0.459703 0.459703 0.459703 0.459703 0.459703 0.34 0.459703 0.459703 0.459703 0.459703 0.459703 0.459703 0.459703 0.459703 0.459703 0.454899 0.459703 0.459703 0.459703 0.34 0.459703 0.459703 0.428403 0.459703 0.459703 0.459703 0.459703 0.459703 0.459703 0.351577 0.459703 0.459703 0.34 0.459703 0.459703 0.459703 0.459703 0.459703 0.459703 0.34 0.459703 0.459703 0.340004 0.459703 0.459703 0.459703 0.459703 0.459703 0.459703 0.459703 0.459703 0.459703 0.459703 0.459703 0.459703 0.459703 0.459703 0.459703 0.459703 0.459703 0.459703 0.459703 0.459703 0.459703 0.459703 0.459703 0.459703 0.459703 0.459703 0.459703 0.459703 0.459703 0.459703 0.459703 0.459703 0.459703 0.459703 0.459703 0.459703 0.459703 0.459703 0.459703 0.459703 0.459703 0.459703 0.401634 0.459703 0.459703 0.459703 0.459703 0.459703 0.459703 0.459703 0.459703 0.459703 0.34 0.459703 0.459703 0.459703 0.459703 0.459703 0.459703 0.459703 0.459703 0.459703 0.340178 0.459703 0.459703 0.459703 0.455634 0.459703 0.459703 0.340689 0.459703 0.459703 0.459703 0.459703 0.459703 0.459703 0.382697 0.459703 0.459703 0.36013 0.459703 0.459703 0.459703 0.459703 0.459703 0.459703 0.340009 0.459703 0.459703 0.340019 0.459703 0.459703 0.459703 0.459703 0.459703 0.459703 0.459703 0.459703 0.459703 0.459703 0.459703 0.459703 0.459703 0.459703 0.459703 0.459703 0.459703 0.459703 0.459703 0.459703 0.459703 0.459703 0.459703 0.459703 0.459703 0.459703 0.459703 0.459703 0.459703 0.459703 0.459703 0.459703 0.459703 0.459703 0.459703 0.459703 0.459703 0.459703 0.459703 0.459703 0.459703 0.459703 0.451995 0.459703 0.459703 0.459703 0.459703 0.459703 0.459703 0.459703 0.459703 0.459703 0.458678 0.459703 0.459703 0.459703 0.459703 0.459703 0.459703 0.459703 0.459703 0.459703 0.456214 0.459703 0.459703 0.459703 0.459703 0.459703 0.459703 0.459703 0.459703 0.459703 0.340017 0.459703 0.459703 0.459703 0.459703 0.459703 0.459703 0.459703 0.459703 0.459703 0.34 0.459703 0.459703 0.459703 0.459703 0.459703 0.459703 0.459703 0.459703 0.459703 0.34 0.459703 0.459703 0.459703 0.432736 0.459703 0.459703 0.440192 0.459703 0.459703 0.459703 0.459703 0.459703 0.459703 0.422504 0.459703 0.459703 0.420893 0.459703 0.459703 0.459703 0.459703 0.459703 0.459703 0.424683 0.459703 0.459703 0.458029 0.459703 0.459703 0.459703 0.459703 0.459703 0.459703 0.459703 0.459703 0.459703 0.459703 0.459703 0.459703 0.459703 0.459703 0.459703 0.459703 0.459703 0.459703 0.459703 0.459703 0.459703 0.459703 0.459703 0.459703 0.459703 0.459703 0.459703 0.459703 0.459703 0.459703 0.459703 0.459703 0.459703 0.459703 0.459703 0.459703 0.459703 0.459703 0.459703 0.459703 0.459703 0.459703 0.340349 0.459703 0.459703 0.459703 0.459703 0.459703 0.459703 0.459703 0.459703 0.459703 0.34 0.459703 0.459703 0.459703 0.459703 0.459703 0.459703 0.459703 0.459703 0.459703 0.34 0.459703 0.459703 0.459703 0.34 0.459703 0.459703 0.45678 0.459703 0.459703 0.459703 0.459703 0.459703 0.459703 0.34 0.459703 0.459703 0.457792 0.459703 0.459703 0.459703 0.459703 0.459703 0.459703 0.385032 0.459703 0.459703 0.340005 0.459703 0.459703 0.459703 0.459703 0.459703 0.459703 0.459703 0.459703 0.459703 0.459703 0.459703 0.459703 0.459703 0.459703 0.459703 0.459703 0.459703 0.459703 0.459703 0.459703 0.459703 0.459703 0.459703 0.459703 0.459703 0.459703 0.459703 0.459703 0.459703 0.459703 0.459703 0.459703 0.459703 0.459703 0.459703 0.459703 0.459703 0.459703 0.459703 0.459703 0.459703 0.459703 0.34 0.459703 0.459703 0.459703 0.459703 0.459703 0.459703 0.459703 0.459703 0.459703 0.45878 0.459703 0.459703 0.459703 0.459703 0.459703 0.459703 0.459703 0.459703 0.459703 0.3429 0.459703 0.459703 0.459703 0.34 0.459703 0.459703 0.340057 0.459703 0.459703 0.459703 0.459703 0.459703 0.459703 0.340026 0.459703 0.459703 0.395138 0.459703 0.459703 0.459703 0.459703 0.459703 0.459703 0.458981 0.459703 0.459703 0.34047 0.459703 0.459703 0.459703 0.459703 0.459703 0.459703 0.459703 0.459703 0.459703 0.459703 0.459703 0.459703 0.459703 0.459703 0.459703 0.459703 0.459703 0.459703 0.459703 0.459703 0.459703 0.459703 0.459703 0.459703 0.459703 0.459703 0.459703 0.459703 0.459703 0.459703 0.459703 0.459703 0.459703 0.459703 0.459703 0.459703 0.459703 0.459703 0.459703 0.459703 0.459703 0.459703 0.347061 0.459703 0.459703 0.459703 0.459703 0.459703 0.459703 0.459703 0.459703 0.459703 0.450617 0.459703 0.459703 0.459703 0.459703 0.459703 0.459703 0.459703 0.459703 0.459703 0.456941 0.459703 0.459703 
0.469654 0.469654 0.469654 0.469654 0.469654 0.469654 0.469654 0.400218 0.469654 0.469654 0.469654 0.469654 0.469654 0.469654 0.469654 0.469654 0.469654 0.33 0.469654 0.469654 0.469654 0.469654 0.469654 0.469654 0.469654 0.469654 0.469654 0.330004 0.469654 0.469654 0.469654 0.330753 0.469654 0.469654 0.469244 0.469654 0.469654 0.469654 0.469654 0.469654 0.469654 0.46932 0.469654 0.469654 0.33 0.469654 0.469654 0.469654 0.469654 0.469654 0.469654 0.466984 0.469654 0.469654 0.330016 0.469654 0.469654 0.469654 0.469654 0.469654 0.469654 0.469654 0.469654 0.469654 0.469654 0.469654 0.469654 0.469654 0.469654 0.469654 0.469654 0.469654 0.469654 0.469654 0.469654 0.469654 0.469654 0.469654 0.469654 0.469654 0.469654 0.469654 0.469654 0.469654 0.469654 0.469654 0.469654 0.469654 0.469654 0.469654 0.469654 0.469654 0.469654 0.469654 0.469654 0.469654 0.469654 0.330056 0.469654 0.469654 0.469654 0.469654 0.469654 0.469654 0.469654 0.469654 0.469654 0.468505 0.469654 0.469654 0.469654 0.469654 0.469654 0.469654 0.469654 0.469654 0.469654 0.352235 0.469654 0.469654 0.469654 0.336021 0.469654 0.469654 0.33 0.469654 0.469654 0.469654 0.469654 0.469654 0.469654 0.33 0.469654 0.469654 0.33 0.469654 0.469654 0.469654 0.469654 0.469654 0.469654 0.330186 0.469654 0.469654 0.45679 0.469654 0.469654 0.469654 0.469654 0.469654 0.469654 0.469654 0.469654 0.469654 0.469654 0.469654 0.469654 0.469654 0.469654 0.469654 0.469654 0.469654 0.469654 0.469654 0.469654 0.469654 0.469654 0.469654 0.469654 0.469654 0.469654 0.469654 0.469654 0.469654 0.469654 0.469654 0.469654 0.469654 0.469654 0.469654 0.469654 0.469654 0.469654 0.469654 0.469654 0.469654 0.469654 0.464387 0.469654 0.469654 0.469654 0.469654 0.469654 0.469654 0.469654 0.469654 0.469654 0.330119 0.469654 0.469654 0.469654 0.469654 0.469654 0.469654 0.469654 0.469654 0.469654 0.330002 0.469654 0.469654 0.469654 0.33 0.469654 0.469654 0.33 0.469654 0.469654 0.469654 0.469654 0.469654 0.469654 0.33891 0.469654 0.469654 0.33 0.469654 0.469654 0.469654 0.469654 0.469654 0.469654 0.382783 0.469654 0.469654 0.33 0.469654 0.469654 0.469654 0.469654 0.469654 0.469654 0.469654 0.469654 0.469654 0.469654 0.469654 0.469654 0.469654 0.469654 0.469654 0.469654 0.469654 0.469654 0.469654 0.469654 0.469654 0.469654 0.469654 0.469654 0.469654 0.469654 0.469654 0.469654 0.469654 0.469654 0.469654 0.469654 0.469654 0.469654 0.469654 0.469654 0.469654 0.469654 0.469654 0.469654 0.469654 0.469654 0.33054 0.469654 0.469654 0.469654 0.469654 0.469654 0.469654 0.469654 0.469654 0.469654 0.345679 0.469654 0.469654 0.469654 0.469654 0.469654 0.469654 0.469654 0.469654 0.469654 0.452529 0.469654 0.469654 0.469654 0.469654 0.469654 0.469654 0.469654 0.469654 0.469654 0.33 0.469654 0.469654 0.469654 0.469654 0.469654 0.469654 0.469654 0.469654 0.469654 0.454877 0.469654 0.469654 0.469654 0.469654 0.469654 0.469654 0.469654 0.469654 0.469654 0.33 0.469654 0.469654 0.469654 0.468905 0.469654 0.469654 0.464286 0.469654 0.469654 0.469654 0.469654 0.469654 0.469654 0.33 0.469654 0.469654 0.468484 0.469654 0.469654 0.469654 0.469654 0.469654 0.469654 0.33012 0.469654 0.469654 0.33 0.469654 0.469654 0.469654 0.469654 0.469654 0.469654 0.469654 0.469654 0.469654 0.469654 0.469654 0.469654 0.469654 0.469654 0.469654 0.469654 0.469654 0.469654 0.469654 0.469654 0.469654 0.469654 0.469654 0.469654 0.469654 0.469654 0.469654 0.469654 0.469654 0.469654 0.469654 0.469654 0.469654 0.469654 0.469654 0.469654 0.469654 0.469654 0.469654 0.469654 0.469654 0.469654 0.46821 0.469654 0.469654 0.469654 0.469654 0.469654 0.469654 0.469654 0.469654 0.469654 0.33 0.469654 0.469654 0.469654 0.469654 0.469654 0.469654 0.469654 0.469654 0.469654 0.464187 0.469654 0.469654 0.469654 0.33 0.469654 0.469654 0.431039 0.469654 0.469654 0.469654 0.469654 0.469654 0.469654 0.345793 0.469654 0.469654 0.33 0.469654 0.469654 0.469654 0.469654 0.469654 0.469654 0.33 0.469654 0.469654 0.330005 0.469654 0.469654 0.469654 0.469654 0.469654 0.469654 0.469654 0.469654 0.469654 0.469654 0.469654 0.469654 0.469654 0.469654 0.469654 0.469654 0.469654 0.469654 0.469654 0.469654 0.469654 0.469654 0.469654 0.469654 0.469654 0.469654 0.469654 0.469654 0.469654 0.469654 0.469654 0.469654 0.469654 0.469654 0.469654 0.469654 0.469654 0.469654 0.469654 0.469654 0.469654 0.469654 0.400145 0.469654 0.469654 0.469654 0.469654 0.469654 0.469654 0.469654 0.469654 0.469654 0.33 0.469654 0.469654 0.469654 0.469654 0.469654 0.469654 0.469654 0.469654 0.469654 0.330189 0.469654 0.469654 0.469654 0.464444 0.469654 0.469654 0.330769 0.469654 0.469654 0.469654 0.469654 0.469654 0.469654 0.378984 0.469654 0.469654 0.352968 0.469654 0.469654 0.469654 0.469654 0.469654 0.469654 0.33001 0.469654 0.469654 0.330019 0.469654 0.469654 0.469654 0.469654 0.469654 0.469654 0.469654 0.469654 0.469654 0.469654 0.469654 0.469654 0.469654 0.469654 0.469654 0.469654 0.469654 0.469654 0.469654 0.469654 0.469654 0.469654 0.469654 0.469654 0.469654 0.469654 0.469654 0.469654 0.469654 0.469654 0.469654 0.469654 0.469654 0.469654 0.469654 0.469654 0.469654 0.469654 0.469654 0.469654 0.469654 0.469654 0.459927 0.469654 0.469654 0.469654 0.469654 0.469654 0.469654 0.469654 0.469654 0.469654 0.468431 0.469654 0.469654 0.469654 0.469654 0.469654 0.469654 0.469654 0.469654 0.469654 0.465768 0.469654 0.469654 0.469654 0.469654 0.469654 0.469654 0.469654 0.469654 0.469654 0.33002 0.469654 0.469654 0.469654 0.469654 0.469654 0.469654 0.469654 0.469654 0.469654 0.33 0.469654 0.469654 0.469654 0.469654 0.469654 0.469654 0.469654 0.469654 0.469654 0.33 0.469654 0.469654 0.469654 0.43789 0.469654 0.469654 0.446888 0.469654 0.469654 0.469654 0.469654 0.469654 0.469654 0.425417 0.469654 0.469654 0.424078 0.469654 0.469654 0.469654 0.469654 0.469654 0.469654 0.428397 0.469654 0.469654 0.467655 0.469654 0.469654 0.469654 0.469654 0.469654 0.469654 0.469654 0.469654 0.469654 0.469654 0.469654 0.469654 0.469654 0.469654 0.469654 0.469654 0.469654 0.469654 0.469654 0.469654 0.469654 0.469654 0.469654 0.469654 0.469654 0.469654 0.469654 0.469654 0.469654 0.469654 0.469654 0.469654 0.469654 0.469654 0.469654 0.469654 0.469654 0.469654 0.469654 0.469654 0.469654 0.469654 0.330439 0.469654 0.469654 0.469654 0.469654 0.469654 0.469654 0.469654 0.469654 0.469654 0.33 0.469654 0.469654 0.469654 0.469654 0.469654 0.469654 0.469654 0.469654 0.469654 0.33 0.469654 0.469654 0.469654 0.33 0.469654 0.469654 0.466183 0.469654 0.469654 0.469654 0.469654 0.469654 0.469654 0.33 0.469654 0.469654 0.467529 0.469654 0.469654 0.469654 0.469654 0.469654 0.469654 0.379053 0.469654 0.469654 0.330007 0.469654 0.469654 0.469654 0.469654 0.469654 0.469654 0.469654 0.469654 0.469654 0.469654 0.469654 0.469654 0.469654 0.469654 0.469654 0.469654 0.469654 0.469654 0.469654 0.469654 0.469654 0.469654 0.469654 0.469654 0.469654 0.469654 0.469654 0.469654 0.469654 0.469654 0.469654 0.469654 0.469654 0.469654 0.469654 0.469654 0.469654 0.469654 0.469654 0.469654 0.469654 0.469654 0.33 0.469654 0.469654 0.469654 0.469654 0.469654 0.469654 0.469654 0.469654 0.469654 0.468606 0.469654 0.469654 0.469654 0.469654 0.469654 0.469654 0.469654 0.469654 0.469654 0.333611 0.469654 0.469654 0.469654 0.33 0.469654 0.469654 0.330075 0.469654 0.469654 0.469654 0.469654 0.469654 0.469654 0.330028 0.469654 0.469654 0.395138 0.469654 0.469654 0.469654 0.469654 0.469654 0.469654 0.468827 0.469654 0.469654 0.330511 0.469654 0.469654 0.469654 0.469654 0.469654 0.469654 0.469654 0.469654 0.469654 0.469654 0.469654 0.469654 0.469654 0.469654 0.469654 0.469654 0.469654 0.469654 0.469654 0.469654 0.469654 0.469654 0.469654 0.469654 0.469654 0.469654 0.469654 0.469654 0.469654 0.469654 0.469654 0.469654 0.469654 0.469654 0.469654 0.469654 0.469654 0.469654 0.469654 0.469654 0.469654 0.469654 0.338635 0.469654 0.469654 0.469654 0.469654 0.469654 0.469654 0.469654 0.469654 0.469654 0.45806 0.469654 0.469654 0.469654 0.469654 0.469654 0.469654 0.469654 0.469654 0.469654 0.466377 0.469654 0.469654 
0.479604 0.479604 0.479604 0.479604 0.479604 0.479604 0.479604 0.40367 0.479604 0.479604 0.479604 0.479604 0.479604 0.479604 0.479604 0.479604 0.479604 0.32 0.479604 0.479604 0.479604 0.479604 0.479604 0.479604 0.479604 0.479604 0.479604 0.320004 0.479604 0.479604 0.479604 0.320788 0.479604 0.479604 0.479149 0.479604 0.479604 0.479604 0.479604 0.479604 0.479604 0.479199 0.479604 0.479604 0.32 0.479604 0.479604 0.479604 0.479604 0.479604 0.479604 0.476652 0.479604 0.479604 0.320017 0.479604 0.479604 0.479604 0.479604 0.479604 0.479604 0.479604 0.479604 0.479604 0.479604 0.479604 0.479604 0.479604 0.479604 0.479604 0.479604 0.479604 0.479604 0.479604 0.479604 0.479604 0.479604 0.479604 0.479604 0.479604 0.479604 0.479604 0.479604 0.479604 0.479604 0.479604 0.479604 0.479604 0.479604 0.479604 0.479604 0.479604 0.479604 0.479604 0.479604 0.479604 0.479604 0.32006 0.479604 0.479604 0.479604 0.479604 0.479604 0.479604 0.479604 0.479604 0.479604 0.478272 0.479604 0.479604 0.479604 0.479604 0.479604 0.479604 0.479604 0.479604 0.479604 0.343183 0.479604 0.479604 0.479604 0.326917 0.479604 0.479604 0.32 0.479604 0.479604 0.479604 0.479604 0.479604 0.479604 0.32 0.479604 0.479604 0.32 0.479604 0.479604 0.479604 0.479604 0.479604 0.479604 0.320225 0.479604 0.479604 0.465381 0.479604 0.479604 0.479604 0.479604 0.479604 0.479604 0.479604 0.479604 0.479604 0.479604 0.479604 0.479604 0.479604 0.479604 0.479604 0.479604 0.479604 0.479604 0.479604 0.479604 0.479604 0.479604 0.479604 0.479604 0.479604 0.479604 0.479604 0.479604 0.479604 0.479604 0.479604 0.479604 0.479604 0.479604 0.479604 0.479604 0.479604 0.479604 0.479604 0.479604 0.479604 0.479604 0.473754 0.479604 0.479604 0.479604 0.479604 0.479604 0.479604 0.479604 0.479604 0.479604 0.320138 0.479604 0.479604 0.479604 0.479604 0.479604 0.479604 0.479604 0.479604 0.479604 0.320002 0.479604 0.479604 0.479604 0.32 0.479604 0.479604 0.32 0.479604 0.479604 0.479604 0.479604 0.479604 0.479604 0.329859 0.479604 0.479604 0.32 0.479604 0.479604 0.479604 0.479604 0.479604 0.479604 0.379597 0.479604 0.479604 0.32 0.479604 0.479604 0.479604 0.479604 0.479604 0.479604 0.479604 0.479604 0.479604 0.479604 0.479604 0.479604 0.479604 0.479604 0.479604 0.479604 0.479604 0.479604 0.479604 0.479604 0.479604 0.479604 0.479604 0.479604 0.479604 0.479604 0.479604 0.479604 0.479604 0.479604 0.479604 0.479604 0.479604 0.479604 0.479604 0.479604 0.479604 0.479604 0.479604 0.479604 0.479604 0.479604 0.320648 0.479604 0.479604 0.479604 0.479604 0.479604 0.479604 0.479604 0.479604 0.479604 0.336075 0.479604 0.479604 0.479604 0.479604 0.479604 0.479604 0.479604 0.479604 0.479604 0.460227 0.479604 0.479604 0.479604 0.479604 0.479604 0.479604 0.479604 0.479604 0.479604 0.32 0.479604 0.479604 0.479604 0.479604 0.479604 0.479604 0.479604 0.479604 0.479604 0.461047 0.479604 0.479604 0.479604 0.479604 0.479604 0.479604 0.479604 0.479604 0.479604 0.32 0.479604 0.479604 0.479604 0.478742 0.479604 0.479604 0.47344 0.479604 0.479604 0.479604 0.479604 0.479604 0.479604 0.32 0.479604 0.479604 0.478087 0.479604 0.479604 0.479604 0.479604 0.479604 0.479604 0.320132 0.479604 0.479604 0.32 0.479604 0.479604 0.479604 0.479604 0.479604 0.479604 0.479604 0.479604 0.479604 0.479604 0.479604 0.479604 0.479604 0.479604 0.479604 0.479604 0.479604 0.479604 0.479604 0.479604 0.479604 0.479604 0.479604 0.479604 0.479604 0.479604 0.479604 0.479604 0.479604 0.479604 0.479604 0.479604 0.479604 0.479604 0.479604 0.479604 0.479604 0.479604 0.479604 0.479604 0.479604 0.479604 0.477977 0.479604 0.479604 0.479604 0.479604 0.479604 0.479604 0.479604 0.479604 0.479604 0.32 0.479604 0.479604 0.479604 0.479604 0.479604 0.479604 0.479604 0.479604 0.479604 0.472698 0.479604 0.479604 0.479604 0.32 0.479604 0.479604 0.436409 0.479604 0.479604 0.479604 0.479604 0.479604 0.479604 0.33878 0.479604 0.479604 0.32 0.479604 0.479604 0.479604 0.479604 0.479604 0.479604 0.32 0.479604 0.479604 0.320006 0.479604 0.479604 0.479604 0.479604 0.479604 0.479604 0.479604 0.479604 0.479604 0.479604 0.479604 0.479604 0.479604 0.479604 0.479604 0.479604 0.479604 0.479604 0.479604 0.479604 0.479604 0.479604 0.479604 0.479604 0.479604 0.479604 0.479604 0.479604 0.479604 0.479604 0.479604 0.479604 0.479604 0.479604 0.479604 0.479604 0.479604 0.479604 0.479604 0.479604 0.479604 0.479604 0.4025 0.479604 0.479604 0.479604 0.479604 0.479604 0.479604 0.479604 0.479604 0.479604 0.32 0.479604 0.479604 0.479604 0.479604 0.479604 0.479604 0.479604 0.479604 0.479604 0.320197 0.479604 0.479604 0.479604 0.473997 0.479604 0.479604 0.320989 0.479604 0.479604 0.479604 0.479604 0.479604 0.479604 0.379283 0.479604 0.479604 0.347184 0.479604 0.479604 0.479604 0.479604 0.479604 0.479604 0.320011 0.479604 0.479604 0.320021 0.479604 0.479604 0.479604 0.479604 0.479604 0.479604 0.479604 0.479604 0.479604 0.479604 0.479604 0.479604 0.479604 0.479604 0.479604 0.479604 0.479604 0.479604 0.479604 0.479604 0.479604 0.479604 0.479604 0.479604 0.479604 0.479604 0.479604 0.479604 0.479604 0.479604 0.479604 0.479604 0.479604 0.479604 0.479604 0.479604 0.479604 0.479604 0.479604 0.479604 0.479604 0.479604 0.466455 0.479604 0.479604 0.479604 0.479604 0.479604 0.479604 0.479604 0.479604 0.479604 0.478184 0.479604 0.479604 0.479604 0.479604 0.479604 0.479604 0.479604 0.479604 0.479604 0.475266 0.479604 0.479604 0.479604 0.479604 0.479604 0.479604 0.479604 0.479604 0.479604 0.320023 0.479604 0.479604 0.479604 0.479604 0.479604 0.479604 0.479604 0.479604 0.479604 0.32 0.479604 0.479604 0.479604 0.479604 0.479604 0.479604 0.479604 0.479604 0.479604 0.32 0.479604 0.479604 0.479604 0.436992 0.479604 0.479604 0.446588 0.479604 0.479604 0.479604 0.479604 0.479604 0.479604 0.426906 0.479604 0.479604 0.423779 0.479604 0.479604 0.479604 0.479604 0.479604 0.479604 0.43286 0.479604 0.479604 0.477234 0.479604 0.479604 0.479604 0.479604 0.479604 0.479604 0.479604 0.479604 0.479604 0.479604 0.479604 0.479604 0.479604 0.479604 0.479604 0.479604 0.479604 0.479604 0.479604 0.479604 0.479604 0.479604 0.479604 0.479604 0.479604 0.479604 0.479604 0.479604 0.479604 0.479604 0.479604 0.479604 0.479604 0.479604 0.479604 0.479604 0.479604 0.479604 0.479604 0.479604 0.479604 0.479604 0.320523 0.479604 0.479604 0.479604 0.479604 0.479604 0.479604 0.479604 0.479604 0.479604 0.32 0.479604 0.479604 0.479604 0.479604 0.479604 0.479604 0.479604 0.479604 0.479604 0.32 0.479604 0.479604 0.479604 0.32 0.479604 0.479604 0.475887 0.479604 0.479604 0.479604 0.479604 0.479604 0.479604 0.32 0.479604 0.479604 0.477234 0.479604 0.479604 0.479604 0.479604 0.479604 0.479604 0.373073 0.479604 0.479604 0.320007 0.479604 0.479604 0.479604 0.479604 0.479604 0.479604 0.479604 0.479604 0.479604 0.479604 0.479604 0.479604 0.479604 0.479604 0.479604 0.479604 0.479604 0.479604 0.479604 0.479604 0.479604 0.479604 0.479604 0.479604 0.479604 0.479604 0.479604 0.479604 0.479604 0.479604 0.479604 0.479604 0.479604 0.479604 0.479604 0.479604 0.479604 0.479604 0.479604 0.479604 0.479604 0.479604 0.32 0.479604 0.479604 0.479604 0.479604 0.479604 0.479604 0.479604 0.479604 0.479604 0.478433 0.479604 0.479604 0.479604 0.479604 0.479604 0.479604 0.479604 0.479604 0.479604 0.323944 0.479604 0.479604 0.479604 0.32 0.479604 0.479604 0.320083 0.479604 0.479604 0.479604 0.479604 0.479604 0.479604 0.320031 0.479604 0.479604 0.394539 0.479604 0.479604 0.479604 0.479604 0.479604 0.479604 0.478757 0.479604 0.479604 0.320535 0.479604 0.479604 0.479604 0.479604 0.479604 0.479604 0.479604 0.479604 0.479604 0.479604 0.479604 0.479604 0.479604 0.479604 0.479604 0.479604 0.479604 0.479604 0.479604 0.479604 0.479604 0.479604 0.479604 0.479604 0.479604 0.479604 0.479604 0.479604 0.479604 0.479604 0.479604 0.479604 0.479604 0.479604 0.479604 0.479604 0.479604 0.479604 0.479604 0.479604 0.479604 0.479604 0.329346 0.479604 0.479604 0.479604 0.479604 0.479604 0.479604 0.479604 0.479604 0.479604 0.467558 0.479604 0.479604 0.479604 0.479604 0.479604 0.479604 0.479604 0.479604 0.479604 0.475743 0.479604 0.479604 
0.489555 0.489555 0.489555 0.489555 0.489555 0.489555 0.489555 0.401034 0.489555 0.489555 0.489555 0.489555 0.489555 0.489555 0.489555 0.489555 0.489555 0.31 0.489555 0.489555 0.489555 0.489555 0.489555 0.489555 0.489555 0.489555 0.489555 0.310005 0.489555 0.489555 0.489555 0.310809 0.489555 0.489555 0.489074 0.489555 0.489555 0.489555 0.489555 0.489555 0.489555 0.489114 0.489555 0.489555 0.31 0.489555 0.489555 0.489555 0.489555 0.489555 0.489555 0.486178 0.489555 0.489555 0.310018 0.489555 0.489555 0.489555 0.489555 0.489555 0.489555 0.489555 0.489555 0.489555 0.489555 0.489555 0.489555 0.489555 0.489555 0.489555 0.489555 0.489555 0.489555 0.489555 0.489555 0.489555 0.489555 0.489555 0.489555 0.489555 0.489555 0.489555 0.489555 0.489555 0.489555 0.489555 0.489555 0.489555 0.489555 0.489555 0.489555 0.489555 0.489555 0.489555 0.489555 0.489555 0.489555 0.31007 0.489555 0.489555 0.489555 0.489555 0.489555 0.489555 0.489555 0.489555 0.489555 0.488052 0.489555 0.489555 0.489555 0.489555 0.489555 0.489555 0.489555 0.489555 0.489555 0.333604 0.489555 0.489555 0.489555 0.317363 0.489555 0.489555 0.31 0.489555 0.489555 0.489555 0.489555 0.489555 0.489555 0.31 0.489555 0.489555 0.31 0.489555 0.489555 0.489555 0.489555 0.489555 0.489555 0.310236 0.489555 0.489555 0.473972 0.489555 0.489555 0.489555 0.489555 0.489555 0.489555 0.489555 0.489555 0.489555 0.489555 0.489555 0.489555 0.489555 0.489555 0.489555 0.489555 0.489555 0.489555 0.489555 0.489555 0.489555 0.489555 0.489555 0.489555 0.489555 0.489555 0.489555 0.489555 0.489555 0.489555 0.489555 0.489555 0.489555 0.489555 0.489555 0.489555 0.489555 0.489555 0.489555 0.489555 0.489555 0.489555 0.48338 0.489555 0.489555 0.489555 0.489555 0.489555 0.489555 0.489555 0.489555 0.489555 0.310146 0.489555 0.489555 0.489555 0.489555 0.489555 0.489555 0.489555 0.489555 0.489555 0.310003 0.489555 0.489555 0.489555 0.31 0.489555 0.489555 0.31 0.489555 0.489555 0.489555 0.489555 0.489555 0.489555 0.321715 0.489555 0.489555 0.31 0.489555 0.489555 0.489555 0.489555 0.489555 0.489555 0.377817 0.489555 0.489555 0.31 0.489555 0.489555 0.489555 0.489555 0.489555 0.489555 0.489555 0.489555 0.489555 0.489555 0.489555 0.489555 0.489555 0.489555 0.489555 0.489555 0.489555 0.489555 0.489555 0.489555 0.489555 0.489555 0.489555 0.489555 0.489555 0.489555 0.489555 0.489555 0.489555 0.489555 0.489555 0.489555 0.489555 0.489555 0.489555 0.489555 0.489555 0.489555 0.489555 0.489555 0.489555 0.489555 0.310811 0.489555 0.489555 0.489555 0.489555 0.489555 0.489555 0.489555 0.489555 0.489555 0.328257 0.489555 0.489555 0.489555 0.489555 0.489555 0.489555 0.489555 0.489555 0.489555 0.467241 0.489555 0.489555 0.489555 0.489555 0.489555 0.489555 0.489555 0.489555 0.489555 0.31 0.489555 0.489555 0.489555 0.489555 0.489555 0.489555 0.489555 0.489555 0.489555 0.469921 0.489555 0.489555 0.489555 0.489555 0.489555 0.489555 0.489555 0.489555 0.489555 0.31 0.489555 0.489555 0.489555 0.488597 0.489555 0.489555 0.482544 0.489555 0.489555 0.489555 0.489555 0.489555 0.489555 0.31 0.489555 0.489555 0.48788 0.489555 0.489555 0.489555 0.489555 0.489555 0.489555 0.310147 0.489555 0.489555 0.310001 0.489555 0.489555 0.489555 0.489555 0.489555 0.489555 0.489555 0.489555 0.489555 0.489555 0.489555 0.489555 0.489555 0.489555 0.489555 0.489555 0.489555 0.489555 0.489555 0.489555 0.489555 0.489555 0.489555 0.489555 0.489555 0.489555 0.489555 0.489555 0.489555 0.489555 0.489555 0.489555 0.489555 0.489555 0.489555 0.489555 0.489555 0.489555 0.489555 0.489555 0.489555 0.489555 0.487743 0.489555 0.489555 0.489555 0.489555 0.489555 0.489555 0.489555 0.489555 0.489555 0.31 0.489555 0.489555 0.489555 0.489555 0.489555 0.489555 0.489555 0.489555 0.489555 0.4821 0.489555 0.489555 0.489555 0.31 0.489555 0.489555 0.440872 0.489555 0.489555 0.489555 0.489555 0.489555 0.489555 0.330039 0.489555 0.489555 0.31 0.489555 0.489555 0.489555 0.489555 0.489555 0.489555 0.31 0.489555 0.489555 0.310007 0.489555 0.489555 0.489555 0.489555 0.489555 0.489555 0.489555 0.489555 0.489555 0.489555 0.489555 0.489555 0.489555 0.489555 0.489555 0.489555 0.489555 0.489555 0.489555 0.489555 0.489555 0.489555 0.489555 0.489555 0.489555 0.489555 0.489555 0.489555 0.489555 0.489555 0.489555 0.489555 0.489555 0.489555 0.489555 0.489555 0.489555 0.489555 0.489555 0.489555 0.489555 0.489555 0.406719 0.489555 0.489555 0.489555 0.489555 0.489555 0.489555 0.489555 0.489555 0.489555 0.31 0.489555 0.489555 0.489555 0.489555 0.489555 0.489555 0.489555 0.489555 0.489555 0.310226 0.489555 0.489555 0.489555 0.483465 0.489555 0.489555 0.311236 0.489555 0.489555 0.489555 0.489555 0.489555 0.489555 0.376928 0.489555 0.489555 0.3414 0.489555 0.489555 0.489555 0.489555 0.489555 0.489555 0.310012 0.489555 0.489555 0.310022 0.489555 0.489555 0.489555 0.489555 0.489555 0.489555 0.489555 0.489555 0.489555 0.489555 0.489555 0.489555 0.489555 0.489555 0.489555 0.489555 0.489555 0.489555 0.489555 0.489555 0.489555 0.489555 0.489555 0.489555 0.489555 0.489555 0.489555 0.489555 0.489555 0.489555 0.489555 0.489555 0.489555 0.489555 0.489555 0.489555 0.489555 0.489555 0.489555 0.489555 0.489555 0.489555 0.474697 0.489555 0.489555 0.489555 0.489555 0.489555 0.489555 0.489555 0.489555 0.489555 0.487964 0.489555 0.489555 0.489555 0.489555 0.489555 0.489555 0.489555 0.489555 0.489555 0.484765 0.489555 0.489555 0.489555 0.489555 0.489555 0.489555 0.489555 0.489555 0.489555 0.310032 0.489555 0.489555 0.489555 0.489555 0.489555 0.489555 0.489555 0.489555 0.489555 0.31 0.489555 0.489555 0.489555 0.489555 0.489555 0.489555 0.489555 0.489555 0.489555 0.31 0.489555 0.489555 0.489555 0.442776 0.489555 0.489555 0.45294 0.489555 0.489555 0.489555 0.489555 0.489555 0.489555 0.428687 0.489555 0.489555 0.425559 0.489555 0.489555 0.489555 0.489555 0.489555 0.489555 0.437559 0.489555 0.489555 0.486787 0.489555 0.489555 0.489555 0.489555 0.489555 0.489555 0.489555 0.489555 0.489555 0.489555 0.489555 0.489555 0.489555 0.489555 0.489555 0.489555 0.489555 0.489555 0.489555 0.489555 0.489555 0.489555 0.489555 0.489555 0.489555 0.489555 0.489555 0.489555 0.489555 0.489555 0.489555 0.489555 0.489555 0.489555 0.489555 0.489555 0.489555 0.489555 0.489555 0.489555 0.489555 0.489555 0.310594 0.489555 0.489555 0.489555 0.489555 0.489555 0.489555 0.489555 0.489555 0.489555 0.31 0.489555 0.489555 0.489555 0.489555 0.489555 0.489555 0.489555 0.489555 0.489555 0.31 0.489555 0.489555 0.489555 0.31 0.489555 0.489555 0.485466 0.489555 0.489555 0.489555 0.489555 0.489555 0.489555 0.31 0.489555 0.489555 0.487061 0.489555 0.489555 0.489555 0.489555 0.489555 0.489555 0.367093 0.489555 0.489555 0.310008 0.489555 0.489555 0.489555 0.489555 0.489555 0.489555 0.489555 0.489555 0.489555 0.489555 0.489555 0.489555 0.489555 0.489555 0.489555 0.489555 0.489555 0.489555 0.489555 0.489555 0.489555 0.489555 0.489555 0.489555 0.489555 0.489555 0.489555 0.489555 0.489555 0.489555 0.489555 0.489555 0.489555 0.489555 0.489555 0.489555 0.489555 0.489555 0.489555 0.489555 0.489555 0.489555 0.31 0.489555 0.489555 0.489555 0.489555 0.489555 0.489555 0.489555 0.489555 0.489555 0.488249 0.489555 0.489555 0.489555 0.489555 0.489555 0.489555 0.489555 0.489555 0.489555 0.3158 0.489555 0.489555 0.489555 0.31 0.489555 0.489555 0.310088 0.489555 0.489555 0.489555 0.489555 0.489555 0.489555 0.310034 0.489555 0.489555 0.397175 0.489555 0.489555 0.489555 0.489555 0.489555 0.489555 0.48862 0.489555 0.489555 0.31073 0.489555 0.489555 0.489555 0.489555 0.489555 0.489555 0.489555 0.489555 0.489555 0.489555 0.489555 0.489555 0.489555 0.489555 0.489555 0.489555 0.489555 0.489555 0.489555 0.489555 0.489555 0.489555 0.489555 0.489555 0.489555 0.489555 0.489555 0.489555 0.489555 0.489555 0.489555 0.489555 0.489555 0.489555 0.489555 0.489555 0.489555 0.489555 0.489555 0.489555 0.489555 0.489555 0.319743 0.489555 0.489555 0.489555 0.489555 0.489555 0.489555 0.489555 0.489555 0.489555 0.475001 0.489555 0.489555 0.489555 0.489555 0.489555 0.489555 0.489555 0.489555 0.489555 0.485346 0.489555 0.489555 
0.499505 0.499505 0.499505 0.499505 0.499505 0.499505 0.499505 0.405253 0.499505 0.499505 0.499505 0.499505 0.499505 0.499505 0.499505 0.499505 0.499505 0.3 0.499505 0.499505 0.499505 0.499505 0.499505 0.499505 0.499505 0.499505 0.499505 0.300005 0.499505 0.499505 0.499505 0.300865 0.499505 0.499505 0.498945 0.499505 0.499505 0.499505 0.499505 0.499505 0.499505 0.499029 0.499505 0.499505 0.3 0.499505 0.499505 0.499505 0.499505 0.499505 0.499505 0.495883 0.499505 0.499505 0.300018 0.499505 0.499505 0.499505 0.499505 0.499505 0.499505 0.499505 0.499505 0.499505 0.499505 0.499505 0.499505 0.499505 0.499505 0.499505 0.499505 0.499505 0.499505 0.499505 0.499505 0.499505 0.499505 0.499505 0.499505 0.499505 0.499505 0.499505 0.499505 0.499505 0.499505 0.499505 0.499505 0.499505 0.499505 0.499505 0.499505 0.499505 0.499505 0.499505 0.499505 0.499505 0.499505 0.300073 0.499505 0.499505 0.499505 0.499505 0.499505 0.499505 0.499505 0.499505 0.499505 0.497805 0.499505 0.499505 0.499505 0.499505 0.499505 0.499505 0.499505 0.499505 0.499505 0.326298 0.499505 0.499505 0.499505 0.307836 0.499505 0.499505 0.3 0.499505 0.499505 0.499505 0.499505 0.499505 0.499505 0.3 0.499505 0.499505 0.3 0.499505 0.499505 0.499505 0.499505 0.499505 0.499505 0.300244 0.499505 0.499505 0.482713 0.499505 0.499505 0.499505 0.499505 0.499505 0.499505 0.499505 0.499505 0.499505 0.499505 0.499505 0.499505 0.499505 0.499505 0.499505 0.499505 0.499505 0.499505 0.499505 0.499505 0.499505 0.499505 0.499505 0.499505 0.499505 0.499505 0.499505 0.499505 0.499505 0.499505 0.499505 0.499505 0.499505 0.499505 0.499505 0.499505 0.499505 0.499505 0.499505 0.499505 0.499505 0.499505 0.492534 0.499505 0.499505 0.499505 0.499505 0.499505 0.499505 0.499505 0.499505 0.499505 0.300163 0.499505 0.499505 0.499505 0.499505 0.499505 0.499505 0.499505 0.499505 0.499505 0.300003 0.499505 0.499505 0.499505 0.3 0.499505 0.499505 0.3 0.499505 0.499505 0.499505 0.499505 0.499505 0.499505 0.314409 0.499505 0.499505 0.3 0.499505 0.499505 0.499505 0.499505 0.499505 0.499505 0.373847 0.499505 0.499505 0.3 0.499505 0.499505 0.499505 0.499505 0.499505 0.499505 0.499505 0.499505 0.499505 0.499505 0.499505 0.499505 0.499505 0.499505 0.499505 0.499505 0.499505 0.499505 0.499505 0.499505 0.499505 0.499505 0.499505 0.499505 0.499505 0.499505 0.499505 0.499505 0.499505 0.499505 0.499505 0.499505 0.499505 0.499505 0.499505 0.499505 0.499505 0.499505 0.499505 0.499505 0.499505 0.499505 0.300837 0.499505 0.499505 0.499505 0.499505 0.499505 0.499505 0.499505 0.499505 0.499505 0.319747 0.499505 0.499505 0.499505 0.499505 0.499505 0.499505 0.499505 0.499505 0.499505 0.475578 0.499505 0.499505 0.499505 0.499505 0.499505 0.499505 0.499505 0.499505 0.499505 0.3 0.499505 0.499505 0.499505 0.499505 0.499505 0.499505 0.499505 0.499505 0.499505 0.475705 0.499505 0.499505 0.499505 0.499505 0.499505 0.499505 0.499505 0.499505 0.499505 0.3 0.499505 0.499505 0.499505 0.498443 0.499505 0.499505 0.491833 0.499505 0.499505 0.499505 0.499505 0.499505 0.499505 0.3 0.499505 0.499505 0.497673 0.499505 0.499505 0.499505 0.499505 0.499505 0.499505 0.300153 0.499505 0.499505 0.300001 0.499505 0.499505 0.499505 0.499505 0.499505 0.499505 0.499505 0.499505 0.499505 0.499505 0.499505 0.499505 0.499505 0.499505 0.499505 0.499505 0.499505 0.499505 0.499505 0.499505 0.499505 0.499505 0.499505 0.499505 0.499505 0.499505 0.499505 0.499505 0.499505 0.499505 0.499505 0.499505 0.499505 0.499505 0.499505 0.499505 0.499505 0.499505 0.499505 0.499505 0.499505 0.499505 0.497465 0.499505 0.499505 0.499505 0.499505 0.499505 0.499505 0.499505 0.499505 0.499505 0.3 0.499505 0.499505 0.499505 0.499505 0.499505 0.499505 0.499505 0.499505 0.499505 0.491096 0.499505 0.499505 0.499505 0.3 0.499505 0.499505 0.444585 0.499505 0.499505 0.499505 0.499505 0.499505 0.499505 0.321998 0.499505 0.499505 0.3 0.499505 0.499505 0.499505 0.499505 0.499505 0.499505 0.3 0.499505 0.499505 0.300009 0.499505 0.499505 0.499505 0.499505 0.499505 0.499505 0.499505 0.499505 0.499505 0.499505 0.499505 0.499505 0.499505 0.499505 0.499505 0.499505 0.499505 0.499505 0.499505 0.499505 0.499505 0.499505 0.499505 0.499505 0.499505 0.499505 0.499505 0.499505 0.499505 0.499505 0.499505 0.499505 0.499505 0.499505 0.499505 0.499505 0.499505 0.499505 0.499505 0.499505 0.499505 0.499505 0.407913 0.499505 0.499505 0.499505 0.499505 0.499505 0.499505 0.499505 0.499505 0.499505 0.3 0.499505 0.499505 0.499505 0.499505 0.499505 0.499505 0.499505 0.499505 0.499505 0.300263 0.499505 0.499505 0.499505 0.492992 0.499505 0.499505 0.3014 0.499505 0.499505 0.499505 0.499505 0.499505 0.499505 0.372959 0.499505 0.499505 0.336938 0.499505 0.499505 0.499505 0.499505 0.499505 0.499505 0.300013 0.499505 0.499505 0.300023 0.499505 0.499505 0.499505 0.499505 0.499505 0.499505 0.499505 0.499505 0.499505 0.499505 0.499505 0.499505 0.499505 0.499505 0.499505 0.499505 0.499505 0.499505 0.499505 0.499505 0.499505 0.499505 0.499505 0.499505 0.499505 0.499505 0.499505 0.499505 0.499505 0.499505 0.499505 0.499505 0.499505 0.499505 0.499505 0.499505 0.499505 0.499505 0.499505 0.499505 0.499505 0.499505 0.482629 0.499505 0.499505 0.499505 0.499505 0.499505 0.499505 0.499505 0.499505 0.499505 0.497801 0.499505 0.499505 0.499505 0.499505 0.499505 0.499505 0.499505 0.499505 0.499505 0.494053 0.499505 0.499505 0.499505 0.499505 0.499505 0.499505 0.499505 0.499505 0.499505 0.30004 0.499505 0.499505 0.499505 0.499505 0.499505 0.499505 0.499505 0.499505 0.499505 0.3 0.499505 0.499505 0.499505 0.499505 0.499505 0.499505 0.499505 0.499505 0.499505 0.3 0.499505 0.499505 0.499505 0.445961 0.499505 0.499505 0.459798 0.499505 0.499505 0.499505 0.499505 0.499505 0.499505 0.4324 0.499505 0.499505 0.428196 0.499505 0.499505 0.499505 0.499505 0.499505 0.499505 0.443728 0.499505 0.499505 0.496341 0.499505 0.499505 0.499505 0.499505 0.499505 0.499505 0.499505 0.499505 0.499505 0.499505 0.499505 0.499505 0.499505 0.499505 0.499505 0.499505 0.499505 0.499505 0.499505 0.499505 0.499505 0.499505 0.499505 0.499505 0.499505 0.499505 0.499505 0.499505 0.499505 0.499505 0.499505 0.499505 0.499505 0.499505 0.499505 0.499505 0.499505 0.499505 0.499505 0.499505 0.499505 0.499505 0.300665 0.499505 0.499505 0.499505 0.499505 0.499505 0.499505 0.499505 0.499505 0.499505 0.3 0.499505 0.499505 0.499505 0.499505 0.499505 0.499505 0.499505 0.499505 0.499505 0.3 0.499505 0.499505 0.499505 0.3 0.499505 0.499505 0.495134 0.499505 0.499505 0.499505 0.499505 0.499505 0.499505 0.3 0.499505 0.499505 0.496765 0.499505 0.499505 0.499505 0.499505 0.499505 0.499505 0.36263 0.499505 0.499505 0.300009 0.499505 0.499505 0.499505 0.499505 0.499505 0.499505 0.499505 0.499505 0.499505 0.499505 0.499505 0.499505 0.499505 0.499505 0.499505 0.499505 0.499505 0.499505 0.499505 0.499505 0.499505 0.499505 0.499505 0.499505 0.499505 0.499505 0.499505 0.499505 0.499505 0.499505 0.499505 0.499505 0.499505 0.499505 0.499505 0.499505 0.499505 0.499505 0.499505 0.499505 0.499505 0.499505 0.3 0.499505 0.499505 0.499505 0.499505 0.499505 0.499505 0.499505 0.499505 0.499505 0.498121 0.499505 0.499505 0.499505 0.499505 0.499505 0.499505 0.499505 0.499505 0.499505 0.305973 0.499505 0.499505 0.499505 0.3 0.499505 0.499505 0.300089 0.499505 0.499505 0.499505 0.499505 0.499505 0.499505 0.300038 0.499505 0.499505 0.392713 0.499505 0.499505 0.499505 0.499505 0.499505 0.499505 0.498484 0.499505 0.499505 0.300759 0.499505 0.499505 0.499505 0.499505 0.499505 0.499505 0.499505 0.499505 0.499505 0.499505 0.499505 0.499505 0.499505 0.499505 0.499505 0.499505 0.499505 0.499505 0.499505 0.499505 0.499505 0.499505 0.499505 0.499505 0.499505 0.499505 0.499505 0.499505 0.499505 0.499505 0.499505 0.499505 0.499505 0.499505 0.499505 0.499505 0.499505 0.499505 0.499505 0.499505 0.499505 0.499505 0.310039 0.499505 0.499505 0.499505 0.499505 0.499505 0.499505 0.499505 0.499505 0.499505 0.483243 0.499505 0.499505 0.499505 0.499505 0.499505 0.499505 0.499505 0.499505 0.499505 0.494949 0.499505 0.499505 

</Matrix>
   <Matrix name="ratesHistory" type="complete" rows="11" columns="900" multiplier="1.0">
   0 0 0 0 0 0 0 0 0 0 0 0 0 0 0 0 0 0 0 0 0 0 0 0 0 0 0 0 0 0 0 0 0 0 0 0 0 0 0 0 0 0 0 0 0 0 0 0 0 0 0 0 0 0 0 0 0 0 0 0 0 0 0 0 0 0 0 0 0 0 0 0 0 0 0 0 0 0 0 0 0 0 0 0 0 0 0 0 0 0 0 0 0 0 0 0 0 0 0 0 0 0 0 0 0 0 0 0 0 0 0 0 0 0 0 0 0 0 0 0 0 0 0 0 0 0 0 0 0 0 0 0 0 0 0 0 0 0 0 0 0 0 0 0 0 0 0 0 0 0 0 0 0 0 0 0 0 0 0 0 0 0 0 0 0 0 0 0 0 0 0 0 0 0 0 0 0 0 0 0 0 0 0 0 0 0 0 0 0 0 0 0 0 0 0 0 0 0 0 0 0 0 0 0 0 0 0 0 0 0 0 0 0 0 0 0 0 0 0 0 0 0 0 0 0 0 0 0 0 0 0 0 0 0 0 0 0 0 0 0 0 0 0 0 0 0 0 0 0 0 0 0 0 0 0 0 0 0 0 0 0 0 0 0 0 0 0 0 0 0 0 0 0 0 0 0 0 0 0 0 0 0 0 0 0 0 0 0 0 0 0 0 0 0 0 0 0 0 0 0 0 0 0 0 0 0 0 0 0 0 0 0 0 0 0 0 0 0 0 0 0 0 0 0 0 0 0 0 0 0 0 0 0 0 0 0 0 0 0 0 0 0 0 0 0 0 0 0 0 0 0 0 0 0 0 0 0 0 0 0 0 0 0 0 0 0 0 0 0 0 0 0 0 0 0 0 0 0 0 0 0 0 0 0 0 0 0 0 0 0 0 0 0 0 0 0 0 0 0 0 0 0 0 0 0 0 0 0 0 0 0 0 0 0 0 0 0 0 0 0 0 0 0 0 0 0 0 0 0 0 0 0 0 0 0 0 0 0 0 0 0 0 0 0 0 0 0 0 0 0 0 0 0 0 0 0 0 0 0 0 0 0 0 0 0 0 0 0 0 0 0 0 0 0 0 0 0 0 0 0 0 0 0 0 0 0 0 0 0 0 0 0 0 0 0 0 0 0 0 0 0 0 0 0 0 0 0 0 0 0 0 0 0 0 0 0 0 0 0 0 0 0 0 0 0 0 0 0 0 0 0 0 0 0 0 0 0 0 0 0 0 0 0 0 0 0 0 0 0 0 0 0 0 0 0 0 0 0 0 0 0 0 0 0 0 0 0 0 0 0 0 0 0 0 0 0 0 0 0 0 0 0 0 0 0 0 0 0 0 0 0 0 0 0 0 0 0 0 0 0 0 0 0 0 0 0 0 0 0 0 0 0 0 0 0 0 0 0 0 0 0 0 0 0 0 0 0 0 0 0 0 0 0 0 0 0 0 0 0 0 0 0 0 0 0 0 0 0 0 0 0 0 0 0 0 0 0 0 0 0 0 0 0 0 0 0 0 0 0 0 0 0 0 0 0 0 0 0 0 0 0 0 0 0 0 0 0 0 0 0 0 0 0 0 0 0 0 0 0 0 0 0 0 0 0 0 0 0 0 0 0 0 0 0 0 0 0 0 0 0 0 0 0 0 0 0 0 0 0 0 0 0 0 0 0 0 0 0 0 0 0 0 0 0 0 0 0 0 0 0 0 0 0 0 0 0 0 0 0 0 0 0 0 0 0 0 0 0 0 0 0 0 0 0 0 0 0 0 0 0 0 0 0 0 0 0 0 0 0 0 0 0 0 0 0 0 0 0 0 0 0 0 0 0 0 0 0 0 0 0 0 0 0 0 0 0 0 0 0 0 0 0 0 0 0 0 0 0 0 0 0 0 0 0 0 0 0 0 0 0 0 0 0 0 0 0 0 0 0 0 0 0 0 0 0 0 0 0 0 0 0 0 0 0 0 0 0 0 0 0 0 0 0 0 0 0 0 0 0 0 0 0 0 0 0 0 0 0 0 0 0 0 0 0 0 0 0 0 0 0 
0 0 0 0 0 0 0 0.89 0 0 0 0 0 0 0 0 0 5.78 0 0 0 0 0 0 0 0 0 3.03 0 0 0 1.87 0 0 0.16 0 0 0 0 0 0 0.05 0 0 4.56 0 0 0 0 0 0 0.36 0 0 2.54 0 0 0 0 0 0 0 0 0 0 0 0 0 0 0 0 0 0 0 0 0 0 0 0 0 0 0 0 0 0 0 0 0 0 0 0 0 0 0 0 0 0 2.51 0 0 0 0 0 0 0 0 0 0.2 0 0 0 0 0 0 0 0 0 1.07 0 0 0 1.57 0 0 5.23 0 0 0 0 0 0 4.96 0 0 4.88 0 0 0 0 0 0 1.93 0 0 0.62 0 0 0 0 0 0 0 0 0 0 0 0 0 0 0 0 0 0 0 0 0 0 0 0 0 0 0 0 0 0 0 0 0 0 0 0 0 0 0 0 0 0 0.37 0 0 0 0 0 0 0 0 0 2.15 0 0 0 0 0 0 0 0 0 2.75 0 0 0 5.48 0 0 3.94 0 0 0 0 0 0 1.45 0 0 4.12 0 0 0 0 0 0 0.94 0 0 4.67 0 0 0 0 0 0 0 0 0 0 0 0 0 0 0 0 0 0 0 0 0 0 0 0 0 0 0 0 0 0 0 0 0 0 0 0 0 0 0 0 0 0 2.11 0 0 0 0 0 0 0 0 0 1.38 0 0 0 0 0 0 0 0 0 0.6 0 0 0 0 0 0 0 0 0 4.28 0 0 0 0 0 0 0 0 0 0.69 0 0 0 0 0 0 0 0 0 3.59 0 0 0 0.22 0 0 0.51 0 0 0 0 0 0 4.81 0 0 0.2 0 0 0 0 0 0 2.16 0 0 3.13 0 0 0 0 0 0 0 0 0 0 0 0 0 0 0 0 0 0 0 0 0 0 0 0 0 0 0 0 0 0 0 0 0 0 0 0 0 0 0 0 0 0 0.3 0 0 0 0 0 0 0 0 0 3.64 0 0 0 0 0 0 0 0 0 0.48 0 0 0 3.46 0 0 0.75 0 0 0 0 0 0 1.39 0 0 4.89 0 0 0 0 0 0 4.84 0 0 2.73 0 0 0 0 0 0 0 0 0 0 0 0 0 0 0 0 0 0 0 0 0 0 0 0 0 0 0 0 0 0 0 0 0 0 0 0 0 0 0 0 0 0 0.94 0 0 0 0 0 0 0 0 0 5.18 0 0 0 0 0 0 0 0 0 2.17 0 0 0 0.5 0 0 1.81 0 0 0 0 0 0 1.1 0 0 1.25 0 0 0 0 0 0 2.56 0 0 2.69 0 0 0 0 0 0 0 0 0 0 0 0 0 0 0 0 0 0 0 0 0 0 0 0 0 0 0 0 0 0 0 0 0 0 0 0 0 0 0 0 0 0 0.59 0 0 0 0 0 0 0 0 0 0.21 0 0 0 0 0 0 0 0 0 0.44 0 0 0 0 0 0 0 0 0 2.5 0 0 0 0 0 0 0 0 0 4.97 0 0 0 0 0 0 0 0 0 4.98 0 0 0 0.79 0 0 0.7 0 0 0 0 0 0 0.8 0 0 0.86 0 0 0 0 0 0 0.95 0 0 0.37 0 0 0 0 0 0 0 0 0 0 0 0 0 0 0 0 0 0 0 0 0 0 0 0 0 0 0 0 0 0 0 0 0 0 0 0 0 0 0 0 0 0 1.97 0 0 0 0 0 0 0 0 0 3.55 0 0 0 0 0 0 0 0 0 5.91 0 0 0 3.02 0 0 0.4 0 0 0 0 0 0 3.43 0 0 0.3 0 0 0 0 0 0 0.96 0 0 2.76 0 0 0 0 0 0 0 0 0 0 0 0 0 0 0 0 0 0 0 0 0 0 0 0 0 0 0 0 0 0 0 0 0 0 0 0 0 0 0 0 0 0 4.49 0 0 0 0 0 0 0 0 0 0.18 0 0 0 0 0 0 0 0 0 1.56 0 0 0 4.2 0 0 2.13 0 0 0 0 0 0 2.23 0 0 1.04 0 0 0 0 0 0 0.13 0 0 1.85 0 0 0 0 0 0 0 0 0 0 0 0 0 0 0 0 0 0 0 0 0 0 0 0 0 0 0 0 0 0 0 0 0 0 0 0 0 0 0 0 0 0 1.4 0 0 0 0 0 0 0 0 0 0.59 0 0 0 0 0 0 0 0 0 0.36 0 0 
0 0 0 0 0 0 0 1.04 0 0 0 0 0 0 0 0 0 5.56 0 0 0 0 0 0 0 0 0 2.64 0 0 0 2.18 0 0 0.19 0 0 0 0 0 0 0.11 0 0 4.68 0 0 0 0 0 0 0.32 0 0 2.53 0 0 0 0 0 0 0 0 0 0 0 0 0 0 0 0 0 0 0 0 0 0 0 0 0 0 0 0 0 0 0 0 0 0 0 0 0 0 0 0 0 0 2.61 0 0 0 0 0 0 0 0 0 0.22 0 0 0 0 0 0 0 0 0 1.3 0 0 0 1.53 0 0 4.97 0 0 0 0 0 0 4.73 0 0 4.86 0 0 0 0 0 0 2.16 0 0 0.45 0 0 0 0 0 0 0 0 0 0 0 0 0 0 0 0 0 0 0 0 0 0 0 0 0 0 0 0 0 0 0 0 0 0 0 0 0 0 0 0 0 0 0.43 0 0 0 0 0 0 0 0 0 2.32 0 0 0 0 0 0 0 0 0 2.96 0 0 0 5.13 0 0 3.98 0 0 0 0 0 0 1.61 0 0 3.89 0 0 0 0 0 0 1.19 0 0 4.59 0 0 0 0 0 0 0 0 0 0 0 0 0 0 0 0 0 0 0 0 0 0 0 0 0 0 0 0 0 0 0 0 0 0 0 0 0 0 0 0 0 0 1.99 0 0 0 0 0 0 0 0 0 1.35 0 0 0 0 0 0 0 0 0 0.51 0 0 0 0 0 0 0 0 0 4.41 0 0 0 0 0 0 0 0 0 0.65 0 0 0 0 0 0 0 0 0 3.31 0 0 0 0.17 0 0 0.42 0 0 0 0 0 0 4.72 0 0 0.25 0 0 0 0 0 0 2.31 0 0 3.33 0 0 0 0 0 0 0 0 0 0 0 0 0 0 0 0 0 0 0 0 0 0 0 0 0 0 0 0 0 0 0 0 0 0 0 0 0 0 0 0 0 0 0.22 0 0 0 0 0 0 0 0 0 3.62 0 0 0 0 0 0 0 0 0 0.51 0 0 0 3.47 0 0 0.91 0 0 0 0 0 0 1.39 0 0 4.87 0 0 0 0 0 0 5.25 0 0 2.86 0 0 0 0 0 0 0 0 0 0 0 0 0 0 0 0 0 0 0 0 0 0 0 0 0 0 0 0 0 0 0 0 0 0 0 0 0 0 0 0 0 0 0.94 0 0 0 0 0 0 0 0 0 5.42 0 0 0 0 0 0 0 0 0 1.98 0 0 0 0.48 0 0 1.97 0 0 0 0 0 0 1.16 0 0 1.3 0 0 0 0 0 0 2.71 0 0 2.29 0 0 0 0 0 0 0 0 0 0 0 0 0 0 0 0 0 0 0 0 0 0 0 0 0 0 0 0 0 0 0 0 0 0 0 0 0 0 0 0 0 0 0.56 0 0 0 0 0 0 0 0 0 0.31 0 0 0 0 0 0 0 0 0 0.36 0 0 0 0 0 0 0 0 0 2.44 0 0 0 0 0 0 0 0 0 4.84 0 0 0 0 0 0 0 0 0 5.03 0 0 0 0.82 0 0 0.73 0 0 0 0 0 0 0.9 0 0 0.92 0 0 0 0 0 0 0.88 0 0 0.35 0 0 0 0 0 0 0 0 0 0 0 0 0 0 0 0 0 0 0 0 0 0 0 0 0 0 0 0 0 0 0 0 0 0 0 0 0 0 0 0 0 0 1.84 0 0 0 0 0 0 0 0 0 3.53 0 0 0 0 0 0 0 0 0 5.86 0 0 0 3.23 0 0 0.49 0 0 0 0 0 0 3.22 0 0 0.32 0 0 0 0 0 0 1.11 0 0 2.51 0 0 0 0 0 0 0 0 0 0 0 0 0 0 0 0 0 0 0 0 0 0 0 0 0 0 0 0 0 0 0 0 0 0 0 0 0 0 0 0 0 0 4.02 0 0 0 0 0 0 0 0 0 0.27 0 0 0 0 0 0 0 0 0 1.52 0 0 0 4.23 0 0 2.29 0 0 0 0 0 0 2.65 0 0 1.02 0 0 0 0 0 0 0.24 0 0 2.16 0 0 0 0 0 0 0 0 0 0 0 0 0 0 0 0 0 0 0 0 0 0 0 0 0 0 0 0 0 0 0 0 0 0 0 0 0 0 0 0 0 0 1.33 0 0 0 0 0 0 0 0 0 0.63 0 0 0 0 0 0 0 0 0 0.49 0 0 
0 0 0 0 0 0 0 1.07 0 0 0 0 0 0 0 0 0 5.61 0 0 0 0 0 0 0 0 0 2.82 0 0 0 1.96 0 0 0.1 0 0 0 0 0 0 0.11 0 0 4.49 0 0 0 0 0 0 0.44 0 0 2.36 0 0 0 0 0 0 0 0 0 0 0 0 0 0 0 0 0 0 0 0 0 0 0 0 0 0 0 0 0 0 0 0 0 0 0 0 0 0 0 0 0 0 2.22 0 0 0 0 0 0 0 0 0 0.23 0 0 0 0 0 0 0 0 0 1.21 0 0 0 1.57 0 0 4.88 0 0 0 0 0 0 4.87 0 0 4.79 0 0 0 0 0 0 2.04 0 0 0.63 0 0 0 0 0 0 0 0 0 0 0 0 0 0 0 0 0 0 0 0 0 0 0 0 0 0 0 0 0 0 0 0 0 0 0 0 0 0 0 0 0 0 0.57 0 0 0 0 0 0 0 0 0 2.18 0 0 0 0 0 0 0 0 0 2.89 0 0 0 5.3 0 0 3.75 0 0 0 0 0 0 1.35 0 0 4.05 0 0 0 0 0 0 1.1 0 0 4.25 0 0 0 0 0 0 0 0 0 0 0 0 0 0 0 0 0 0 0 0 0 0 0 0 0 0 0 0 0 0 0 0 0 0 0 0 0 0 0 0 0 0 2.02 0 0 0 0 0 0 0 0 0 1.4 0 0 0 0 0 0 0 0 0 0.72 0 0 0 0 0 0 0 0 0 4.31 0 0 0 0 0 0 0 0 0 0.65 0 0 0 0 0 0 0 0 0 3.33 0 0 0 0.23 0 0 0.44 0 0 0 0 0 0 4.47 0 0 0.22 0 0 0 0 0 0 2.16 0 0 3.02 0 0 0 0 0 0 0 0 0 0 0 0 0 0 0 0 0 0 0 0 0 0 0 0 0 0 0 0 0 0 0 0 0 0 0 0 0 0 0 0 0 0 0.34 0 0 0 0 0 0 0 0 0 3.52 0 0 0 0 0 0 0 0 0 0.45 0 0 0 3.6 0 0 0.83 0 0 0 0 0 0 1.45 0 0 4.92 0 0 0 0 0 0 5.55 0 0 2.67 0 0 0 0 0 0 0 0 0 0 0 0 0 0 0 0 0 0 0 0 0 0 0 0 0 0 0 0 0 0 0 0 0 0 0 0 0 0 0 0 0 0 0.95 0 0 0 0 0 0 0 0 0 5.48 0 0 0 0 0 0 0 0 0 2.34 0 0 0 0.44 0 0 1.82 0 0 0 0 0 0 1.01 0 0 1.13 0 0 0 0 0 0 2.55 0 0 2.58 0 0 0 0 0 0 0 0 0 0 0 0 0 0 0 0 0 0 0 0 0 0 0 0 0 0 0 0 0 0 0 0 0 0 0 0 0 0 0 0 0 0 0.57 0 0 0 0 0 0 0 0 0 0.27 0 0 0 0 0 0 0 0 0 0.55 0 0 0 0 0 0 0 0 0 2.61 0 0 0 0 0 0 0 0 0 4.72 0 0 0 0 0 0 0 0 0 5.02 0 0 0 0.84 0 0 0.77 0 0 0 0 0 0 0.87 0 0 0.92 0 0 0 0 0 0 0.82 0 0 0.28 0 0 0 0 0 0 0 0 0 0 0 0 0 0 0 0 0 0 0 0 0 0 0 0 0 0 0 0 0 0 0 0 0 0 0 0 0 0 0 0 0 0 2.07 0 0 0 0 0 0 0 0 0 3.38 0 0 0 0 0 0 0 0 0 5.89 0 0 0 3.14 0 0 0.26 0 0 0 0 0 0 3.36 0 0 0.34 0 0 0 0 0 0 1.28 0 0 3.05 0 0 0 0 0 0 0 0 0 0 0 0 0 0 0 0 0 0 0 0 0 0 0 0 0 0 0 0 0 0 0 0 0 0 0 0 0 0 0 0 0 0 4.21 0 0 0 0 0 0 0 0 0 0.28 0 0 0 0 0 0 0 0 0 1.59 0 0 0 4.36 0 0 2.35 0 0 0 0 0 0 2.74 0 0 1.13 0 0 0 0 0 0 0.24 0 0 1.96 0 0 0 0 0 0 0 0 0 0 0 0 0 0 0 0 0 0 0 0 0 0 0 0 0 0 0 0 0 0 0 0 0 0 0 0 0 0 0 0 0 0 1.49 0 0 0 0 0 0 0 0 0 0.58 0 0 0 0 0 0 0 0 0 0.36 0 0 
0 0 0 0 0 0 0 1.01 0 0 0 0 0 0 0 0 0 5.64 0 0 0 0 0 0 0 0 0 2.77 0 0 0 1.92 0 0 0.11 0 0 0 0 0 0 0.16 0 0 4.79 0 0 0 0 0 0 0.36 0 0 2.43 0 0 0 0 0 0 0 0 0 0 0 0 0 0 0 0 0 0 0 0 0 0 0 0 0 0 0 0 0 0 0 0 0 0 0 0 0 0 0 0 0 0 2.24 0 0 0 0 0 0 0 0 0 0.26 0 0 0 0 0 0 0 0 0 1.46 0 0 0 1.4 0 0 5.16 0 0 0 0 0 0 4.67 0 0 4.72 0 0 0 0 0 0 2.2 0 0 0.61 0 0 0 0 0 0 0 0 0 0 0 0 0 0 0 0 0 0 0 0 0 0 0 0 0 0 0 0 0 0 0 0 0 0 0 0 0 0 0 0 0 0 0.37 0 0 0 0 0 0 0 0 0 2.25 0 0 0 0 0 0 0 0 0 2.92 0 0 0 5.69 0 0 4.01 0 0 0 0 0 0 1.48 0 0 4.22 0 0 0 0 0 0 1.1 0 0 4.73 0 0 0 0 0 0 0 0 0 0 0 0 0 0 0 0 0 0 0 0 0 0 0 0 0 0 0 0 0 0 0 0 0 0 0 0 0 0 0 0 0 0 2.01 0 0 0 0 0 0 0 0 0 1.24 0 0 0 0 0 0 0 0 0 0.78 0 0 0 0 0 0 0 0 0 4.84 0 0 0 0 0 0 0 0 0 0.54 0 0 0 0 0 0 0 0 0 3.26 0 0 0 0.17 0 0 0.48 0 0 0 0 0 0 4.71 0 0 0.25 0 0 0 0 0 0 2.28 0 0 3.09 0 0 0 0 0 0 0 0 0 0 0 0 0 0 0 0 0 0 0 0 0 0 0 0 0 0 0 0 0 0 0 0 0 0 0 0 0 0 0 0 0 0 0.28 0 0 0 0 0 0 0 0 0 3.76 0 0 0 0 0 0 0 0 0 0.47 0 0 0 3.83 0 0 0.74 0 0 0 0 0 0 1.3 0 0 5.26 0 0 0 0 0 0 5.12 0 0 2.69 0 0 0 0 0 0 0 0 0 0 0 0 0 0 0 0 0 0 0 0 0 0 0 0 0 0 0 0 0 0 0 0 0 0 0 0 0 0 0 0 0 0 1.13 0 0 0 0 0 0 0 0 0 5.32 0 0 0 0 0 0 0 0 0 2.01 0 0 0 0.48 0 0 1.97 0 0 0 0 0 0 1.05 0 0 1.25 0 0 0 0 0 0 2.5 0 0 2.52 0 0 0 0 0 0 0 0 0 0 0 0 0 0 0 0 0 0 0 0 0 0 0 0 0 0 0 0 0 0 0 0 0 0 0 0 0 0 0 0 0 0 0.5 0 0 0 0 0 0 0 0 0 0.21 0 0 0 0 0 0 0 0 0 0.41 0 0 0 0 0 0 0 0 0 2.59 0 0 0 0 0 0 0 0 0 4.54 0 0 0 0 0 0 0 0 0 4.98 0 0 0 0.68 0 0 0.69 0 0 0 0 0 0 0.92 0 0 1.02 0 0 0 0 0 0 0.87 0 0 0.32 0 0 0 0 0 0 0 0 0 0 0 0 0 0 0 0 0 0 0 0 0 0 0 0 0 0 0 0 0 0 0 0 0 0 0 0 0 0 0 0 0 0 1.98 0 0 0 0 0 0 0 0 0 3.71 0 0 0 0 0 0 0 0 0 6.05 0 0 0 3.26 0 0 0.34 0 0 0 0 0 0 3.13 0 0 0.37 0 0 0 0 0 0 0.93 0 0 2.86 0 0 0 0 0 0 0 0 0 0 0 0 0 0 0 0 0 0 0 0 0 0 0 0 0 0 0 0 0 0 0 0 0 0 0 0 0 0 0 0 0 0 4.32 0 0 0 0 0 0 0 0 0 0.23 0 0 0 0 0 0 0 0 0 1.68 0 0 0 4.23 0 0 2.43 0 0 0 0 0 0 2.44 0 0 0.91 0 0 0 0 0 0 0.16 0 0 1.84 0 0 0 0 0 0 0 0 0 0 0 0 0 0 0 0 0 0 0 0 0 0 0 0 0 0 0 0 0 0 0 0 0 0 0 0 0 0 0 0 0 0 1.58 0 0 0 0 0 0 0 0 0 0.61 0 0 0 0 0 0 0 0 0 0.37 0 0 
0 0 0 0 0 0 0 0.96 0 0 0 0 0 0 0 0 0 5.68 0 0 0 0 0 0 0 0 0 2.84 0 0 0 1.69 0 0 0.09 0 0 0 0 0 0 0.14 0 0 4.89 0 0 0 0 0 0 0.36 0 0 2.92 0 0 0 0 0 0 0 0 0 0 0 0 0 0 0 0 0 0 0 0 0 0 0 0 0 0 0 0 0 0 0 0 0 0 0 0 0 0 0 0 0 0 2.22 0 0 0 0 0 0 0 0 0 0.19 0 0 0 0 0 0 0 0 0 1.47 0 0 0 1.51 0 0 5.07 0 0 0 0 0 0 4.91 0 0 4.7 0 0 0 0 0 0 2.28 0 0 0.77 0 0 0 0 0 0 0 0 0 0 0 0 0 0 0 0 0 0 0 0 0 0 0 0 0 0 0 0 0 0 0 0 0 0 0 0 0 0 0 0 0 0 0.44 0 0 0 0 0 0 0 0 0 2.3 0 0 0 0 0 0 0 0 0 2.89 0 0 0 5.35 0 0 4.1 0 0 0 0 0 0 1.35 0 0 3.83 0 0 0 0 0 0 1.09 0 0 4.57 0 0 0 0 0 0 0 0 0 0 0 0 0 0 0 0 0 0 0 0 0 0 0 0 0 0 0 0 0 0 0 0 0 0 0 0 0 0 0 0 0 0 1.84 0 0 0 0 0 0 0 0 0 1.47 0 0 0 0 0 0 0 0 0 0.65 0 0 0 0 0 0 0 0 0 4.57 0 0 0 0 0 0 0 0 0 0.77 0 0 0 0 0 0 0 0 0 3.14 0 0 0 0.26 0 0 0.47 0 0 0 0 0 0 4.74 0 0 0.25 0 0 0 0 0 0 2.03 0 0 3.1 0 0 0 0 0 0 0 0 0 0 0 0 0 0 0 0 0 0 0 0 0 0 0 0 0 0 0 0 0 0 0 0 0 0 0 0 0 0 0 0 0 0 0.25 0 0 0 0 0 0 0 0 0 3.87 0 0 0 0 0 0 0 0 0 0.48 0 0 0 3.52 0 0 0.86 0 0 0 0 0 0 1.32 0 0 4.95 0 0 0 0 0 0 5.32 0 0 2.6 0 0 0 0 0 0 0 0 0 0 0 0 0 0 0 0 0 0 0 0 0 0 0 0 0 0 0 0 0 0 0 0 0 0 0 0 0 0 0 0 0 0 1.03 0 0 0 0 0 0 0 0 0 5.2 0 0 0 0 0 0 0 0 0 2.03 0 0 0 0.43 0 0 1.75 0 0 0 0 0 0 1.08 0 0 1.34 0 0 0 0 0 0 2.72 0 0 2.68 0 0 0 0 0 0 0 0 0 0 0 0 0 0 0 0 0 0 0 0 0 0 0 0 0 0 0 0 0 0 0 0 0 0 0 0 0 0 0 0 0 0 0.57 0 0 0 0 0 0 0 0 0 0.24 0 0 0 0 0 0 0 0 0 0.35 0 0 0 0 0 0 0 0 0 2.42 0 0 0 0 0 0 0 0 0 4.87 0 0 0 0 0 0 0 0 0 4.87 0 0 0 0.86 0 0 0.73 0 0 0 0 0 0 0.83 0 0 0.68 0 0 0 0 0 0 0.76 0 0 0.25 0 0 0 0 0 0 0 0 0 0 0 0 0 0 0 0 0 0 0 0 0 0 0 0 0 0 0 0 0 0 0 0 0 0 0 0 0 0 0 0 0 0 2.27 0 0 0 0 0 0 0 0 0 3.33 0 0 0 0 0 0 0 0 0 5.64 0 0 0 3.16 0 0 0.38 0 0 0 0 0 0 3.43 0 0 0.37 0 0 0 0 0 0 1.15 0 0 2.66 0 0 0 0 0 0 0 0 0 0 0 0 0 0 0 0 0 0 0 0 0 0 0 0 0 0 0 0 0 0 0 0 0 0 0 0 0 0 0 0 0 0 4.12 0 0 0 0 0 0 0 0 0 0.24 0 0 0 0 0 0 0 0 0 1.68 0 0 0 4.47 0 0 2.28 0 0 0 0 0 0 2.4 0 0 0.96 0 0 0 0 0 0 0.21 0 0 2.12 0 0 0 0 0 0 0 0 0 0 0 0 0 0 0 0 0 0 0 0 0 0 0 0 0 0 0 0 0 0 0 0 0 0 0 0 0 0 0 0 0 0 1.62 0 0 0 0 0 0 0 0 0 0.61 0 0 0 0 0 0 0 0 0 0.34 0 0 
0 0 0 0 0 0 0 1.03 0 0 0 0 0 0 0 0 0 5.59 0 0 0 0 0 0 0 0 0 2.61 0 0 0 1.84 0 0 0.13 0 0 0 0 0 0 0.1 0 0 4.55 0 0 0 0 0 0 0.33 0 0 2.57 0 0 0 0 0 0 0 0 0 0 0 0 0 0 0 0 0 0 0 0 0 0 0 0 0 0 0 0 0 0 0 0 0 0 0 0 0 0 0 0 0 0 2.32 0 0 0 0 0 0 0 0 0 0.32 0 0 0 0 0 0 0 0 0 1.45 0 0 0 1.58 0 0 4.87 0 0 0 0 0 0 4.91 0 0 4.87 0 0 0 0 0 0 2.14 0 0 0.56 0 0 0 0 0 0 0 0 0 0 0 0 0 0 0 0 0 0 0 0 0 0 0 0 0 0 0 0 0 0 0 0 0 0 0 0 0 0 0 0 0 0 0.42 0 0 0 0 0 0 0 0 0 2.05 0 0 0 0 0 0 0 0 0 2.85 0 0 0 5.39 0 0 4.08 0 0 0 0 0 0 1.43 0 0 4.09 0 0 0 0 0 0 1.3 0 0 4.64 0 0 0 0 0 0 0 0 0 0 0 0 0 0 0 0 0 0 0 0 0 0 0 0 0 0 0 0 0 0 0 0 0 0 0 0 0 0 0 0 0 0 1.78 0 0 0 0 0 0 0 0 0 1.46 0 0 0 0 0 0 0 0 0 0.73 0 0 0 0 0 0 0 0 0 4.43 0 0 0 0 0 0 0 0 0 0.54 0 0 0 0 0 0 0 0 0 3.34 0 0 0 0.14 0 0 0.44 0 0 0 0 0 0 4.52 0 0 0.27 0 0 0 0 0 0 2.66 0 0 2.99 0 0 0 0 0 0 0 0 0 0 0 0 0 0 0 0 0 0 0 0 0 0 0 0 0 0 0 0 0 0 0 0 0 0 0 0 0 0 0 0 0 0 0.27 0 0 0 0 0 0 0 0 0 3.91 0 0 0 0 0 0 0 0 0 0.49 0 0 0 3.38 0 0 0.85 0 0 0 0 0 0 1.43 0 0 5.04 0 0 0 0 0 0 5.13 0 0 2.92 0 0 0 0 0 0 0 0 0 0 0 0 0 0 0 0 0 0 0 0 0 0 0 0 0 0 0 0 0 0 0 0 0 0 0 0 0 0 0 0 0 0 0.96 0 0 0 0 0 0 0 0 0 5.48 0 0 0 0 0 0 0 0 0 2.27 0 0 0 0.36 0 0 1.99 0 0 0 0 0 0 1.22 0 0 1.43 0 0 0 0 0 0 2.58 0 0 2.39 0 0 0 0 0 0 0 0 0 0 0 0 0 0 0 0 0 0 0 0 0 0 0 0 0 0 0 0 0 0 0 0 0 0 0 0 0 0 0 0 0 0 0.56 0 0 0 0 0 0 0 0 0 0.24 0 0 0 0 0 0 0 0 0 0.38 0 0 0 0 0 0 0 0 0 2.4 0 0 0 0 0 0 0 0 0 4.59 0 0 0 0 0 0 0 0 0 5.13 0 0 0 0.75 0 0 0.75 0 0 0 0 0 0 0.88 0 0 0.8 0 0 0 0 0 0 0.82 0 0 0.31 0 0 0 0 0 0 0 0 0 0 0 0 0 0 0 0 0 0 0 0 0 0 0 0 0 0 0 0 0 0 0 0 0 0 0 0 0 0 0 0 0 0 1.96 0 0 0 0 0 0 0 0 0 3.71 0 0 0 0 0 0 0 0 0 6.04 0 0 0 3.23 0 0 0.45 0 0 0 0 0 0 3.24 0 0 0.31 0 0 0 0 0 0 1.14 0 0 2.76 0 0 0 0 0 0 0 0 0 0 0 0 0 0 0 0 0 0 0 0 0 0 0 0 0 0 0 0 0 0 0 0 0 0 0 0 0 0 0 0 0 0 4.19 0 0 0 0 0 0 0 0 0 0.2 0 0 0 0 0 0 0 0 0 1.81 0 0 0 4.55 0 0 2.34 0 0 0 0 0 0 2.41 0 0 1.11 0 0 0 0 0 0 0.23 0 0 1.86 0 0 0 0 0 0 0 0 0 0 0 0 0 0 0 0 0 0 0 0 0 0 0 0 0 0 0 0 0 0 0 0 0 0 0 0 0 0 0 0 0 0 1.51 0 0 0 0 0 0 0 0 0 0.48 0 0 0 0 0 0 0 0 0 0.39 0 0 
0 0 0 0 0 0 0 0.99 0 0 0 0 0 0 0 0 0 5.81 0 0 0 0 0 0 0 0 0 2.82 0 0 0 2.02 0 0 0.11 0 0 0 0 0 0 0.1 0 0 4.62 0 0 0 0 0 0 0.35 0 0 2.63 0 0 0 0 0 0 0 0 0 0 0 0 0 0 0 0 0 0 0 0 0 0 0 0 0 0 0 0 0 0 0 0 0 0 0 0 0 0 0 0 0 0 2.33 0 0 0 0 0 0 0 0 0 0.26 0 0 0 0 0 0 0 0 0 1.26 0 0 0 1.53 0 0 5.25 0 0 0 0 0 0 4.77 0 0 4.97 0 0 0 0 0 0 2.32 0 0 0.59 0 0 0 0 0 0 0 0 0 0 0 0 0 0 0 0 0 0 0 0 0 0 0 0 0 0 0 0 0 0 0 0 0 0 0 0 0 0 0 0 0 0 0.57 0 0 0 0 0 0 0 0 0 2.16 0 0 0 0 0 0 0 0 0 3.06 0 0 0 5.65 0 0 3.85 0 0 0 0 0 0 1.69 0 0 4.05 0 0 0 0 0 0 0.94 0 0 4.65 0 0 0 0 0 0 0 0 0 0 0 0 0 0 0 0 0 0 0 0 0 0 0 0 0 0 0 0 0 0 0 0 0 0 0 0 0 0 0 0 0 0 1.97 0 0 0 0 0 0 0 0 0 1.24 0 0 0 0 0 0 0 0 0 0.63 0 0 0 0 0 0 0 0 0 4.45 0 0 0 0 0 0 0 0 0 0.6 0 0 0 0 0 0 0 0 0 3.35 0 0 0 0.11 0 0 0.53 0 0 0 0 0 0 4.88 0 0 0.28 0 0 0 0 0 0 2.13 0 0 3.3 0 0 0 0 0 0 0 0 0 0 0 0 0 0 0 0 0 0 0 0 0 0 0 0 0 0 0 0 0 0 0 0 0 0 0 0 0 0 0 0 0 0 0.24 0 0 0 0 0 0 0 0 0 4.05 0 0 0 0 0 0 0 0 0 0.45 0 0 0 3.72 0 0 0.91 0 0 0 0 0 0 1.22 0 0 5.04 0 0 0 0 0 0 5.03 0 0 2.62 0 0 0 0 0 0 0 0 0 0 0 0 0 0 0 0 0 0 0 0 0 0 0 0 0 0 0 0 0 0 0 0 0 0 0 0 0 0 0 0 0 0 1.05 0 0 0 0 0 0 0 0 0 5.17 0 0 0 0 0 0 0 0 0 2.25 0 0 0 0.54 0 0 1.92 0 0 0 0 0 0 1.13 0 0 1.3 0 0 0 0 0 0 2.64 0 0 2.74 0 0 0 0 0 0 0 0 0 0 0 0 0 0 0 0 0 0 0 0 0 0 0 0 0 0 0 0 0 0 0 0 0 0 0 0 0 0 0 0 0 0 0.64 0 0 0 0 0 0 0 0 0 0.27 0 0 0 0 0 0 0 0 0 0.37 0 0 0 0 0 0 0 0 0 2.48 0 0 0 0 0 0 0 0 0 4.47 0 0 0 0 0 0 0 0 0 5.13 0 0 0 0.81 0 0 0.73 0 0 0 0 0 0 0.9 0 0 0.89 0 0 0 0 0 0 0.87 0 0 0.34 0 0 0 0 0 0 0 0 0 0 0 0 0 0 0 0 0 0 0 0 0 0 0 0 0 0 0 0 0 0 0 0 0 0 0 0 0 0 0 0 0 0 1.9 0 0 0 0 0 0 0 0 0 3.43 0 0 0 0 0 0 0 0 0 6.25 0 0 0 3.38 0 0 0.42 0 0 0 0 0 0 3.14 0 0 0.28 0 0 0 0 0 0 1.23 0 0 2.51 0 0 0 0 0 0 0 0 0 0 0 0 0 0 0 0 0 0 0 0 0 0 0 0 0 0 0 0 0 0 0 0 0 0 0 0 0 0 0 0 0 0 4.19 0 0 0 0 0 0 0 0 0 0.21 0 0 0 0 0 0 0 0 0 1.55 0 0 0 3.92 0 0 2.17 0 0 0 0 0 0 2.57 0 0 1 0 0 0 0 0 0 0.19 0 0 2.03 0 0 0 0 0 0 0 0 0 0 0 0 0 0 0 0 0 0 0 0 0 0 0 0 0 0 0 0 0 0 0 0 0 0 0 0 0 0 0 0 0 0 1.41 0 0 0 0 0 0 0 0 0 0.68 0 0 0 0 0 0 0 0 0 0.41 0 0 
0 0 0 0 0 0 0 0.88 0 0 0 0 0 0 0 0 0 5.87 0 0 0 0 0 0 0 0 0 2.9 0 0 0 2.06 0 0 0.11 0 0 0 0 0 0 0.15 0 0 4.66 0 0 0 0 0 0 0.32 0 0 2.69 0 0 0 0 0 0 0 0 0 0 0 0 0 0 0 0 0 0 0 0 0 0 0 0 0 0 0 0 0 0 0 0 0 0 0 0 0 0 0 0 0 0 2.43 0 0 0 0 0 0 0 0 0 0.26 0 0 0 0 0 0 0 0 0 1.5 0 0 0 1.51 0 0 5.04 0 0 0 0 0 0 4.89 0 0 4.83 0 0 0 0 0 0 2.04 0 0 0.57 0 0 0 0 0 0 0 0 0 0 0 0 0 0 0 0 0 0 0 0 0 0 0 0 0 0 0 0 0 0 0 0 0 0 0 0 0 0 0 0 0 0 0.43 0 0 0 0 0 0 0 0 0 2.16 0 0 0 0 0 0 0 0 0 2.87 0 0 0 5.49 0 0 3.71 0 0 0 0 0 0 1.5 0 0 4.35 0 0 0 0 0 0 1.11 0 0 4.53 0 0 0 0 0 0 0 0 0 0 0 0 0 0 0 0 0 0 0 0 0 0 0 0 0 0 0 0 0 0 0 0 0 0 0 0 0 0 0 0 0 0 1.87 0 0 0 0 0 0 0 0 0 1.65 0 0 0 0 0 0 0 0 0 0.66 0 0 0 0 0 0 0 0 0 4.24 0 0 0 0 0 0 0 0 0 0.76 0 0 0 0 0 0 0 0 0 3.18 0 0 0 0.2 0 0 0.48 0 0 0 0 0 0 4.69 0 0 0.35 0 0 0 0 0 0 2.24 0 0 3.18 0 0 0 0 0 0 0 0 0 0 0 0 0 0 0 0 0 0 0 0 0 0 0 0 0 0 0 0 0 0 0 0 0 0 0 0 0 0 0 0 0 0 0.26 0 0 0 0 0 0 0 0 0 3.8 0 0 0 0 0 0 0 0 0 0.58 0 0 0 3.55 0 0 0.8 0 0 0 0 0 0 1.29 0 0 4.9 0 0 0 0 0 0 5.25 0 0 2.76 0 0 0 0 0 0 0 0 0 0 0 0 0 0 0 0 0 0 0 0 0 0 0 0 0 0 0 0 0 0 0 0 0 0 0 0 0 0 0 0 0 0 0.92 0 0 0 0 0 0 0 0 0 5.48 0 0 0 0 0 0 0 0 0 2.3 0 0 0 0.37 0 0 1.75 0 0 0 0 0 0 0.99 0 0 1.22 0 0 0 0 0 0 2.69 0 0 2.6 0 0 0 0 0 0 0 0 0 0 0 0 0 0 0 0 0 0 0 0 0 0 0 0 0 0 0 0 0 0 0 0 0 0 0 0 0 0 0 0 0 0 0.74 0 0 0 0 0 0 0 0 0 0.27 0 0 0 0 0 0 0 0 0 0.39 0 0 0 0 0 0 0 0 0 2.48 0 0 0 0 0 0 0 0 0 4.63 0 0 0 0 0 0 0 0 0 4.82 0 0 0 1.03 0 0 1.01 0 0 0 0 0 0 0.95 0 0 1.01 0 0 0 0 0 0 0.84 0 0 0.36 0 0 0 0 0 0 0 0 0 0 0 0 0 0 0 0 0 0 0 0 0 0 0 0 0 0 0 0 0 0 0 0 0 0 0 0 0 0 0 0 0 0 1.91 0 0 0 0 0 0 0 0 0 3.29 0 0 0 0 0 0 0 0 0 5.98 0 0 0 3.36 0 0 0.3 0 0 0 0 0 0 3.17 0 0 0.3 0 0 0 0 0 0 1.23 0 0 2.88 0 0 0 0 0 0 0 0 0 0 0 0 0 0 0 0 0 0 0 0 0 0 0 0 0 0 0 0 0 0 0 0 0 0 0 0 0 0 0 0 0 0 4.32 0 0 0 0 0 0 0 0 0 0.21 0 0 0 0 0 0 0 0 0 1.68 0 0 0 4.33 0 0 2.29 0 0 0 0 0 0 2.47 0 0 1.02 0 0 0 0 0 0 0.06 0 0 2.12 0 0 0 0 0 0 0 0 0 0 0 0 0 0 0 0 0 0 0 0 0 0 0 0 0 0 0 0 0 0 0 0 0 0 0 0 0 0 0 0 0 0 1.55 0 0 0 0 0 0 0 0 0 0.39 0 0 0 0 0 0 0 0 0 0.43 0 0 
0 0 0 0 0 0 0 1.09 0 0 0 0 0 0 0 0 0 5.72 0 0 0 0 0 0 0 0 0 2.81 0 0 0 2.14 0 0 0.07 0 0 0 0 0 0 0.09 0 0 4.82 0 0 0 0 0 0 0.38 0 0 2.73 0 0 0 0 0 0 0 0 0 0 0 0 0 0 0 0 0 0 0 0 0 0 0 0 0 0 0 0 0 0 0 0 0 0 0 0 0 0 0 0 0 0 2.27 0 0 0 0 0 0 0 0 0 0.25 0 0 0 0 0 0 0 0 0 1.64 0 0 0 1.63 0 0 5.11 0 0 0 0 0 0 4.79 0 0 4.91 0 0 0 0 0 0 2.25 0 0 0.57 0 0 0 0 0 0 0 0 0 0 0 0 0 0 0 0 0 0 0 0 0 0 0 0 0 0 0 0 0 0 0 0 0 0 0 0 0 0 0 0 0 0 0.34 0 0 0 0 0 0 0 0 0 2.31 0 0 0 0 0 0 0 0 0 2.79 0 0 0 5.42 0 0 4.03 0 0 0 0 0 0 1.38 0 0 4.27 0 0 0 0 0 0 1.06 0 0 4.47 0 0 0 0 0 0 0 0 0 0 0 0 0 0 0 0 0 0 0 0 0 0 0 0 0 0 0 0 0 0 0 0 0 0 0 0 0 0 0 0 0 0 1.8 0 0 0 0 0 0 0 0 0 1.35 0 0 0 0 0 0 0 0 0 0.71 0 0 0 0 0 0 0 0 0 4.51 0 0 0 0 0 0 0 0 0 0.53 0 0 0 0 0 0 0 0 0 3.52 0 0 0 0.18 0 0 0.49 0 0 0 0 0 0 4.48 0 0 0.24 0 0 0 0 0 0 2.19 0 0 3.2 0 0 0 0 0 0 0 0 0 0 0 0 0 0 0 0 0 0 0 0 0 0 0 0 0 0 0 0 0 0 0 0 0 0 0 0 0 0 0 0 0 0 0.26 0 0 0 0 0 0 0 0 0 3.75 0 0 0 0 0 0 0 0 0 0.42 0 0 0 3.63 0 0 0.84 0 0 0 0 0 0 1.45 0 0 5.1 0 0 0 0 0 0 5.06 0 0 2.59 0 0 0 0 0 0 0 0 0 0 0 0 0 0 0 0 0 0 0 0 0 0 0 0 0 0 0 0 0 0 0 0 0 0 0 0 0 0 0 0 0 0 0.85 0 0 0 0 0 0 0 0 0 5.36 0 0 0 0 0 0 0 0 0 2.09 0 0 0 0.4 0 0 1.73 0 0 0 0 0 0 1.08 0 0 1.22 0 0 0 0 0 0 2.64 0 0 2.58 0 0 0 0 0 0 0 0 0 0 0 0 0 0 0 0 0 0 0 0 0 0 0 0 0 0 0 0 0 0 0 0 0 0 0 0 0 0 0 0 0 0 0.61 0 0 0 0 0 0 0 0 0 0.25 0 0 0 0 0 0 0 0 0 0.39 0 0 0 0 0 0 0 0 0 2.28 0 0 0 0 0 0 0 0 0 4.91 0 0 0 0 0 0 0 0 0 4.89 0 0 0 0.78 0 0 0.75 0 0 0 0 0 0 0.94 0 0 0.94 0 0 0 0 0 0 0.83 0 0 0.37 0 0 0 0 0 0 0 0 0 0 0 0 0 0 0 0 0 0 0 0 0 0 0 0 0 0 0 0 0 0 0 0 0 0 0 0 0 0 0 0 0 0 1.94 0 0 0 0 0 0 0 0 0 3.5 0 0 0 0 0 0 0 0 0 5.72 0 0 0 3.41 0 0 0.36 0 0 0 0 0 0 3.37 0 0 0.21 0 0 0 0 0 0 1.23 0 0 2.62 0 0 0 0 0 0 0 0 0 0 0 0 0 0 0 0 0 0 0 0 0 0 0 0 0 0 0 0 0 0 0 0 0 0 0 0 0 0 0 0 0 0 4.59 0 0 0 0 0 0 0 0 0 0.22 0 0 0 0 0 0 0 0 0 1.38 0 0 0 4.08 0 0 2.42 0 0 0 0 0 0 2.45 0 0 0.91 0 0 0 0 0 0 0.17 0 0 1.77 0 0 0 0 0 0 0 0 0 0 0 0 0 0 0 0 0 0 0 0 0 0 0 0 0 0 0 0 0 0 0 0 0 0 0 0 0 0 0 0 0 0 1.65 0 0 0 0 0 0 0 0 0 0.68 0 0 0 0 0 0 0 0 0 0.35 0 0 
0 0 0 0 0 0 0 0.85 0 0 0 0 0 0 0 0 0 5.68 0 0 0 0 0 0 0 0 0 2.92 0 0 0 1.98 0 0 0.16 0 0 0 0 0 0 0.09 0 0 5.06 0 0 0 0 0 0 0.3 0 0 2.78 0 0 0 0 0 0 0 0 0 0 0 0 0 0 0 0 0 0 0 0 0 0 0 0 0 0 0 0 0 0 0 0 0 0 0 0 0 0 0 0 0 0 2.45 0 0 0 0 0 0 0 0 0 0.27 0 0 0 0 0 0 0 0 0 1.31 0 0 0 1.62 0 0 5.16 0 0 0 0 0 0 4.69 0 0 5.01 0 0 0 0 0 0 2.31 0 0 0.55 0 0 0 0 0 0 0 0 0 0 0 0 0 0 0 0 0 0 0 0 0 0 0 0 0 0 0 0 0 0 0 0 0 0 0 0 0 0 0 0 0 0 0.48 0 0 0 0 0 0 0 0 0 2.18 0 0 0 0 0 0 0 0 0 2.7 0 0 0 5.59 0 0 3.7 0 0 0 0 0 0 1.31 0 0 4.11 0 0 0 0 0 0 1.14 0 0 4.36 0 0 0 0 0 0 0 0 0 0 0 0 0 0 0 0 0 0 0 0 0 0 0 0 0 0 0 0 0 0 0 0 0 0 0 0 0 0 0 0 0 0 2.11 0 0 0 0 0 0 0 0 0 1.42 0 0 0 0 0 0 0 0 0 0.6 0 0 0 0 0 0 0 0 0 4.51 0 0 0 0 0 0 0 0 0 0.78 0 0 0 0 0 0 0 0 0 3.1 0 0 0 0.19 0 0 0.45 0 0 0 0 0 0 4.63 0 0 0.24 0 0 0 0 0 0 2.36 0 0 2.99 0 0 0 0 0 0 0 0 0 0 0 0 0 0 0 0 0 0 0 0 0 0 0 0 0 0 0 0 0 0 0 0 0 0 0 0 0 0 0 0 0 0 0.29 0 0 0 0 0 0 0 0 0 3.77 0 0 0 0 0 0 0 0 0 0.51 0 0 0 3.55 0 0 0.87 0 0 0 0 0 0 1.37 0 0 4.99 0 0 0 0 0 0 5.01 0 0 2.6 0 0 0 0 0 0 0 0 0 0 0 0 0 0 0 0 0 0 0 0 0 0 0 0 0 0 0 0 0 0 0 0 0 0 0 0 0 0 0 0 0 0 0.96 0 0 0 0 0 0 0 0 0 5.31 0 0 0 0 0 0 0 0 0 2.05 0 0 0 0.38 0 0 1.8 0 0 0 0 0 0 1.14 0 0 1.16 0 0 0 0 0 0 2.64 0 0 2.62 0 0 0 0 0 0 0 0 0 0 0 0 0 0 0 0 0 0 0 0 0 0 0 0 0 0 0 0 0 0 0 0 0 0 0 0 0 0 0 0 0 0 0.64 0 0 0 0 0 0 0 0 0 0.2 0 0 0 0 0 0 0 0 0 0.45 0 0 0 0 0 0 0 0 0 2.3 0 0 0 0 0 0 0 0 0 4.9 0 0 0 0 0 0 0 0 0 4.96 0 0 0 0.89 0 0 0.72 0 0 0 0 0 0 0.87 0 0 0.91 0 0 0 0 0 0 0.76 0 0 0.37 0 0 0 0 0 0 0 0 0 0 0 0 0 0 0 0 0 0 0 0 0 0 0 0 0 0 0 0 0 0 0 0 0 0 0 0 0 0 0 0 0 0 1.94 0 0 0 0 0 0 0 0 0 3.39 0 0 0 0 0 0 0 0 0 5.82 0 0 0 3.3 0 0 0.32 0 0 0 0 0 0 3.12 0 0 0.3 0 0 0 0 0 0 1.16 0 0 2.93 0 0 0 0 0 0 0 0 0 0 0 0 0 0 0 0 0 0 0 0 0 0 0 0 0 0 0 0 0 0 0 0 0 0 0 0 0 0 0 0 0 0 4.32 0 0 0 0 0 0 0 0 0 0.16 0 0 0 0 0 0 0 0 0 1.79 0 0 0 3.87 0 0 2.58 0 0 0 0 0 0 2.42 0 0 1.16 0 0 0 0 0 0 0.17 0 0 2.09 0 0 0 0 0 0 0 0 0 0 0 0 0 0 0 0 0 0 0 0 0 0 0 0 0 0 0 0 0 0 0 0 0 0 0 0 0 0 0 0 0 0 1.7 0 0 0 0 0 0 0 0 0 0.61 0 0 0 0 0 0 0 0 0 0.35 0 0 

</Matrix>
   <Matrix name="burstinessHist" type="complete" rows="1" columns="1000" multiplier="1.0">
   170 175 206 191 208 194 193 190 188 192 181 194 196 196 198 199 183 205 188 185 189 191 197 183 198 203 195 181 202 194 207 198 188 203 180 190 198 187 197 190 188 196 190 186 204 198 206 200 209 181 207 190 185 178 194 185 188 193 202 200 204 207 197 168 195 188 175 207 207 199 209 210 192 203 197 163 185 199 188 194 180 201 190 199 175 179 180 195 192 201 176 202 202 207 201 192 187 183 202 192 194 184 207 199 200 200 179 199 182 186 194 194 193 205 201 193 200 188 205 200 190 178 203 193 191 204 203 201 190 205 175 187 197 192 184 190 182 198 186 214 185 200 197 186 184 193 190 189 184 192 184 187 211 189 195 200 191 199 191 215 196 203 199 205 189 188 215 195 199 209 197 199 219 206 172 201 198 200 206 183 195 174 199 199 194 185 179 192 201 191 186 197 190 195 179 204 179 193 183 183 195 204 201 186 208 197 197 202 181 214 176 182 204 176 205 191 214 200 188 176 202 194 201 204 174 194 196 207 190 211 194 209 211 187 201 209 203 192 194 194 193 191 199 165 174 184 184 173 190 196 184 205 197 201 205 179 185 190 188 186 185 205 211 188 199 194 193 207 193 181 216 195 190 192 193 197 195 201 192 210 192 177 209 186 174 199 180 198 204 192 169 200 191 189 192 197 196 187 175 197 199 203 200 194 191 188 175 206 185 200 196 189 228 193 186 204 198 203 186 192 199 196 186 202 197 217 206 179 203 180 192 196 194 209 205 209 193 215 188 205 209 190 187 184 194 206 208 189 190 186 185 200 205 203 209 202 169 212 197 183 188 190 194 200 195 201 189 205 188 184 205 202 173 185 176 196 210 183 181 198 194 197 200 198 193 192 193 206 183 193 204 188 183 205 167 203 201 206 190 183 197 188 194 205 203 219 186 190 207 198 182 197 193 180 187 200 192 193 185 193 197 185 189 181 217 201 192 197 193 212 184 188 203 177 186 202 180 190 184 199 193 192 211 185 195 191 201 199 193 193 197 194 194 202 191 190 201 199 199 183 190 198 186 200 196 199 192 174 190 188 202 207 204 190 184 198 195 193 182 195 205 207 192 185 193 188 185 198 181 207 180 202 190 184 185 195 216 201 218 196 201 204 187 205 204 194 189 198 196 195 189 207 192 197 204 186 199 193 181 183 173 177 196 201 180 197 197 206 180 189 207 184 204 197 177 190 195 205 191 188 192 180 209 199 202 191 198 187 185 193 212 186 206 206 198 185 187 203 199 202 196 177 188 192 183 191 197 199 201 192 196 210 189 194 176 205 189 179 192 182 205 197 195 201 192 224 201 192 208 202 184 191 206 193 193 205 203 205 186 226 214 192 198 194 193 202 181 187 171 204 185 183 200 192 192 196 211 186 187 187 189 187 194 180 201 202 174 194 200 202 198 194 188 192 197 194 198 189 199 195 204 196 185 185 198 217 196 201 197 208 178 197 184 203 195 211 218 199 213 198 175 202 197 190 205 174 191 193 195 211 194 194 197 187 200 189 198 209 176 204 191 198 205 202 198 195 211 194 186 201 209 200 206 195 202 198 203 201 177 203 197 204 199 190 174 194 213 186 196 197 185 210 201 184 203 191 201 204 185 183 186 202 212 202 193 180 209 183 178 194 197 203 199 184 201 211 195 187 195 205 199 196 191 200 206 213 200 206 184 198 206 189 205 187 198 190 175 185 193 183 184 199 199 181 204 192 199 187 210 206 206 209 201 215 200 193 189 192 191 190 216 185 211 190 195 191 176 206 202 200 198 191 174 194 196 194 194 179 211 202 197 194 190 192 204 192 196 197 195 191 216 196 188 189 199 201 198 207 199 205 186 185 198 186 187 190 186 202 187 192 190 179 185 211 200 195 191 185 192 196 191 214 175 197 187 174 212 208 175 195 216 199 207 193 195 199 185 201 213 192 205 201 188 190 193 187 196 208 190 187 206 190 193 201 193 188 184 187 185 196 191 189 184 196 197 195 198 189 187 203 195 210 173 213 182 187 201 201 199 201 194 206 187 199 193 211 200 215 192 198 187 187 207 208 191 217 189 218 187 210 167 195 193 185 216 195 217 194 197 195 197 191 175 197 202 181 204 199 207 189 192 198 181 191 207 185 201 183 177 193 182 189 191 190 181 214 179 190 187 195 179 192 179 202 201 195 194 206 199 188 212 197 192 195 200 196 196 182 194 190 185 198 192 200 194 196 202 188 203 198 198 189 196 179 203 179 187 188 202 199 
</Matrix>
   <Matrix name="spikesHistory" type="complete" rows="1" columns="100000" multiplier="1.0">
   0 0 0 0 1 0 1 1 2 3 0 2 2 1 1 3 0 1 1 0 1 2 3 1 3 4 2 2 2 4 1 2 0 3 1 0 2 3 3 0 3 1 1 3 2 0 3 2 0 2 2 2 1 1 4 2 0 0 2 3 1 1 3 5 2 2 3 2 1 0 0 2 1 1 3 3 4 1 1 3 3 1 0 1 1 2 1 3 2 5 0 3 1 3 2 1 2 2 2 4 3 3 1 2 2 0 2 2 2 3 3 0 1 1 2 2 2 1 2 3 2 2 0 1 1 0 1 1 2 2 0 1 1 2 4 0 3 0 4 0 1 0 0 1 2 2 4 2 1 2 2 0 3 1 1 2 2 4 1 1 3 1 2 1 0 0 5 1 3 2 2 1 2 2 4 1 3 2 6 0 1 3 2 2 2 2 2 1 1 4 2 0 2 3 1 2 3 1 1 3 0 2 3 2 5 3 0 2 2 2 2 4 1 1 0 2 4 4 4 1 3 2 0 1 3 0 4 4 3 0 5 3 1 3 1 0 2 5 1 4 4 0 4 2 3 0 1 0 3 0 2 5 3 2 2 0 1 3 2 5 0 4 0 3 2 1 2 1 1 2 3 0 4 3 3 2 1 3 1 1 2 1 6 1 1 3 0 2 5 1 2 2 1 0 3 3 2 2 1 0 1 5 0 3 1 1 1 1 2 1 2 1 2 6 4 3 4 1 2 2 0 0 2 1 4 1 4 3 3 3 3 0 2 2 0 1 1 0 4 2 2 3 1 3 2 4 1 0 1 0 3 2 3 2 3 3 2 2 5 1 2 2 4 3 3 0 0 1 4 0 2 1 1 5 2 3 1 1 1 2 1 2 2 1 3 2 1 3 0 0 5 0 3 1 0 2 0 1 1 3 4 2 3 2 2 3 2 1 3 3 2 3 1 1 8 0 0 0 3 1 1 1 1 2 0 3 3 1 3 2 1 3 2 0 1 0 4 2 4 0 1 1 0 4 0 3 1 3 4 4 1 2 4 1 2 1 1 4 4 2 5 0 1 1 3 3 1 2 3 1 1 2 2 0 2 2 3 0 1 3 3 0 2 4 4 3 3 2 2 4 3 2 0 4 2 3 3 2 4 1 0 1 2 1 2 4 2 1 1 1 2 1 2 4 1 2 1 0 1 1 3 2 2 1 5 3 5 1 1 1 1 2 0 2 4 1 2 3 3 4 2 4 2 0 2 2 1 2 1 1 2 0 3 5 1 1 2 3 0 3 1 2 3 5 1 1 1 3 1 2 3 0 2 3 3 4 4 0 3 2 2 5 0 1 1 0 0 2 3 3 1 5 1 3 2 3 1 1 0 3 4 2 2 1 1 4 1 2 2 0 1 1 4 4 2 1 4 0 2 4 2 2 2 2 1 2 2 0 3 2 2 1 4 1 0 4 3 1 1 3 3 1 3 1 1 2 3 1 1 5 2 2 4 2 0 2 3 2 3 2 1 1 1 3 2 1 1 3 2 2 0 1 1 2 1 2 3 2 3 1 1 2 2 1 2 1 1 0 2 2 4 5 1 0 1 2 3 3 2 2 4 3 1 0 2 4 1 4 2 4 3 3 1 2 0 0 3 0 0 0 0 4 1 2 3 2 1 2 0 0 1 3 1 3 1 3 4 2 1 3 1 5 2 3 0 1 2 3 1 1 5 4 1 2 2 1 3 3 1 2 4 2 3 0 0 1 1 1 1 3 2 2 1 2 3 0 3 4 4 0 2 2 2 1 3 2 0 3 2 0 2 2 2 3 4 1 0 1 0 4 3 1 4 3 0 4 0 4 2 0 0 1 2 1 0 4 2 4 0 1 2 1 2 1 5 1 0 2 2 3 0 3 3 1 3 0 2 3 1 0 1 5 2 2 2 2 0 7 0 2 0 3 3 1 1 3 3 0 2 0 0 0 5 1 5 1 1 4 2 2 3 0 2 2 4 1 0 2 2 1 1 2 2 1 2 3 2 3 1 3 1 0 1 1 2 3 2 5 2 3 1 0 0 2 2 1 1 4 4 1 2 3 2 3 2 1 3 4 0 6 2 1 2 1 0 1 5 2 2 1 0 0 3 2 6 1 0 2 0 3 1 2 2 3 1 2 2 2 2 1 3 0 2 6 2 2 2 3 0 2 1 3 2 2 2 1 2 1 3 3 3 1 0 3 3 2 0 2 2 1 3 1 1 1 0 1 1 1 4 4 1 3 3 0 2 3 1 5 3 1 2 1 0 2 0 1 1 4 4 2 2 0 2 1 2 1 3 4 1 0 3 5 2 0 2 5 2 1 2 0 0 1 4 0 6 3 1 0 2 0 0 1 3 3 5 1 1 0 4 4 3 3 2 2 3 1 1 1 3 2 1 1 0 3 0 3 3 3 2 0 3 1 2 2 1 1 1 1 1 0 1 0 2 3 3 1 1 1 4 1 1 0 3 1 0 3 1 7 1 3 0 1 2 3 3 1 0 0 4 0 0 2 5 1 5 1 2 1 2 2 3 1 3 1 5 0 0 2 1 3 0 3 5 1 2 1 1 4 2 0 3 2 2 2 5 2 1 3 2 3 1 2 1 3 2 1 3 2 0 2 0 3 1 2 5 1 3 0 1 0 3 2 1 4 4 1 2 2 4 3 1 2 1 0 5 3 5 1 2 0 0 0 1 1 4 1 3 0 4 3 3 0 2 1 0 0 3 2 5 3 4 1 1 1 3 0 1 5 2 2 1 5 0 2 0 2 1 2 2 1 2 2 2 3 0 3 1 1 1 3 0 1 0 1 4 2 2 1 2 5 1 1 3 3 0 0 5 1 4 5 3 1 0 1 0 1 0 3 3 2 5 5 3 1 5 0 3 1 1 0 3 2 1 1 3 4 1 1 3 3 1 1 1 2 2 1 4 5 4 1 1 4 0 0 1 3 3 0 2 2 0 3 2 3 0 3 2 0 4 2 2 1 4 3 5 2 2 1 4 1 1 3 2 3 2 2 4 3 1 4 2 1 1 4 2 2 3 1 1 2 0 0 0 1 2 0 3 3 3 1 4 2 2 3 3 0 0 1 2 1 2 2 2 2 3 3 3 5 2 4 3 2 2 0 1 2 0 2 1 3 1 2 2 1 3 2 1 0 3 2 2 1 4 1 3 1 2 3 3 0 3 0 2 1 0 0 4 3 0 3 3 3 2 2 0 3 3 1 2 3 1 1 3 5 3 3 0 2 2 2 1 2 0 2 2 2 0 3 2 2 2 2 3 2 2 4 0 5 0 0 1 2 1 2 1 3 3 1 3 1 3 3 0 1 2 1 0 7 2 2 0 3 1 1 2 4 2 3 5 3 2 0 3 2 3 0 3 1 1 4 3 1 1 1 1 3 1 0 2 4 1 2 1 0 2 3 1 0 1 3 2 3 4 0 2 0 3 4 2 7 6 4 0 2 2 0 0 0 3 0 0 2 2 2 3 4 3 1 2 1 3 2 0 3 1 3 3 2 1 2 1 0 2 3 2 4 5 1 0 0 3 4 2 3 1 3 3 1 3 4 1 0 2 1 0 3 3 3 0 4 3 0 2 2 0 4 2 4 2 3 2 3 0 0 1 4 2 3 4 2 6 2 1 0 1 0 0 0 3 1 1 1 2 1 0 3 0 2 4 0 2 3 0 2 4 2 1 4 2 0 0 0 2 1 4 4 4 1 1 0 3 0 2 4 2 1 2 0 0 6 2 3 4 2 2 1 2 1 1 2 1 2 5 1 3 2 0 5 3 3 0 2 3 1 0 2 1 2 1 4 2 1 3 5 1 1 0 2 0 1 1 2 2 2 0 1 0 5 2 7 1 3 4 0 3 2 6 4 0 3 2 3 1 3 1 2 3 2 2 5 1 1 1 2 3 1 2 1 3 1 4 0 1 0 0 3 3 1 1 2 4 4 0 5 4 2 1 2 0 0 3 1 1 0 1 2 2 1 1 1 4 3 1 4 2 2 1 3 2 0 9 2 2 0 0 0 3 2 1 3 5 1 2 0 4 2 1 3 2 3 0 0 5 3 2 3 2 2 0 3 1 3 1 2 4 2 2 2 0 1 2 0 3 2 3 1 3 0 2 1 1 0 1 0 2 1 4 1 0 1 3 4 4 1 1 4 1 0 0 2 1 1 3 2 2 2 2 2 2 3 1 1 0 3 1 3 3 2 2 3 1 2 1 3 2 2 1 2 1 1 5 4 5 1 2 2 2 4 1 2 1 5 2 0 3 4 1 2 1 0 1 1 2 1 3 1 1 0 1 3 1 3 1 2 5 1 1 1 1 3 1 3 3 5 3 1 0 2 2 4 1 0 3 1 1 2 0 3 4 1 3 5 0 2 1 3 0 2 2 2 2 1 2 1 2 3 2 0 3 2 2 1 2 3 2 2 1 3 1 5 2 0 1 1 2 2 2 4 3 1 1 0 3 4 2 3 2 3 2 1 0 1 5 3 2 0 0 1 0 1 0 3 1 3 3 3 5 6 1 2 2 0 1 1 2 2 1 2 2 1 3 2 1 1 4 2 2 0 4 0 1 1 1 1 1 2 2 2 2 5 4 2 1 1 2 2 0 1 3 1 1 4 2 3 3 0 3 3 1 4 2 1 3 0 1 4 0 1 4 1 1 3 3 2 0 1 5 3 0 0 2 2 4 1 1 3 0 3 2 3 1 2 2 1 4 3 0 0 1 0 2 1 2 2 0 2 1 3 2 0 0 1 3 3 2 2 1 5 4 4 3 0 2 1 4 3 4 1 1 1 3 3 1 2 3 2 3 3 1 1 0 3 2 0 1 0 3 3 0 1 0 1 2 4 3 3 3 1 1 4 0 2 1 2 0 1 4 1 1 4 5 1 3 5 3 1 0 3 1 1 2 6 2 4 1 0 1 1 0 4 0 1 5 2 0 2 0 1 2 1 1 5 1 3 4 3 1 5 2 1 2 2 3 0 0 2 2 2 1 6 1 0 2 0 1 1 1 1 2 2 3 0 2 1 1 2 1 1 1 2 3 1 2 3 6 3 1 1 1 2 1 1 7 2 0 0 0 3 0 4 2 2 4 3 1 1 1 1 1 1 3 3 1 2 1 2 5 1 3 2 4 2 4 1 3 1 3 3 1 2 3 1 4 4 1 0 3 1 2 2 5 1 4 1 2 2 1 2 2 4 2 3 0 4 1 1 2 2 2 2 2 2 1 4 1 1 3 0 5 1 3 2 0 2 2 2 3 2 0 3 1 0 3 0 1 2 1 1 3 2 4 3 1 1 2 1 2 3 0 2 2 1 3 0 1 2 1 1 3 0 4 1 0 2 2 1 2 2 1 0 2 2 6 1 3 2 0 1 2 3 2 2 1 1 0 3 2 3 3 0 2 3 1 2 0 2 3 4 5 2 2 2 1 2 1 2 2 2 4 1 3 3 1 1 0 3 2 2 1 2 1 0 2 3 2 0 0 5 1 4 2 3 2 1 4 1 1 4 0 3 2 2 7 0 0 3 1 2 1 2 1 0 1 2 2 2 5 2 1 0 2 2 1 1 2 4 2 2 6 4 3 0 2 2 0 3 2 2 2 0 1 3 1 3 3 2 2 1 3 1 1 3 4 3 3 2 1 2 3 0 1 4 4 0 3 1 2 1 1 3 3 2 1 1 2 1 0 2 1 1 2 2 2 2 3 3 2 3 2 1 1 4 2 2 4 5 1 2 0 2 4 0 4 3 2 1 2 4 3 1 2 0 1 4 5 0 1 1 3 3 4 1 4 0 1 7 2 0 0 1 3 2 2 2 3 3 3 0 1 3 1 4 0 2 1 0 4 2 2 0 2 1 1 1 4 3 4 4 1 1 3 2 1 3 2 0 1 4 2 1 1 1 1 2 4 0 0 3 6 1 4 2 2 1 1 2 1 2 2 0 2 2 4 2 3 0 0 1 3 1 3 2 4 1 1 1 5 1 2 0 5 3 2 0 0 2 2 0 4 3 2 1 1 1 0 3 2 4 1 1 3 7 4 0 1 2 0 5 2 0 0 2 6 2 0 2 1 1 2 3 2 2 0 2 2 0 3 2 2 1 4 1 5 3 1 3 2 1 3 1 2 2 4 4 2 0 3 3 1 1 2 0 0 3 1 4 0 1 0 4 1 0 3 0 1 0 2 3 2 4 2 1 1 3 1 3 3 2 1 0 3 1 1 3 0 0 1 2 3 1 3 3 1 1 3 2 2 2 2 3 0 1 2 1 3 0 3 1 3 1 0 0 3 3 4 4 2 1 0 2 0 2 3 3 1 2 1 4 2 0 2 2 1 2 4 0 2 5 2 1 2 2 7 2 3 2 2 2 1 2 1 3 2 2 2 2 2 2 0 2 0 3 2 0 0 1 2 5 2 4 2 0 1 2 4 1 2 1 2 2 4 4 0 4 2 0 1 4 2 2 2 2 3 2 2 0 4 6 3 2 1 0 1 1 2 3 2 1 3 2 3 2 2 1 1 0 3 4 2 1 3 2 2 5 3 2 2 2 3 2 1 1 0 2 2 3 1 2 1 4 2 4 2 3 2 3 2 2 2 2 1 1 2 2 3 1 2 0 1 2 2 2 3 1 3 2 1 0 8 1 2 2 3 1 3 1 1 2 2 2 3 2 2 1 1 0 3 5 2 3 4 2 2 1 1 2 1 1 1 0 0 4 2 1 0 3 2 1 1 0 2 1 2 2 2 1 3 0 3 3 1 0 5 1 3 2 6 4 4 3 1 2 1 3 4 4 1 1 3 2 1 2 2 5 0 5 2 0 5 1 0 2 1 0 2 3 2 1 4 1 3 2 1 1 3 2 0 2 1 3 3 3 2 2 1 0 0 2 1 1 2 2 3 1 0 3 5 3 1 0 6 1 3 1 1 2 3 1 4 4 3 3 0 3 1 2 4 2 3 2 2 1 3 0 1 2 1 3 1 1 1 3 4 3 2 4 1 2 1 1 2 0 2 3 2 4 1 3 5 4 0 2 1 1 3 4 1 4 2 0 0 2 3 1 1 1 1 1 2 0 3 0 3 3 1 3 2 2 1 2 1 2 2 4 0 1 1 1 1 5 1 2 2 3 2 2 3 1 3 2 2 0 4 2 2 1 2 4 0 3 0 5 3 2 0 2 2 4 3 1 1 2 1 1 2 2 2 3 3 2 3 0 4 0 2 1 1 1 1 2 2 2 3 1 0 3 1 3 2 1 1 1 1 1 3 4 0 4 2 2 1 1 3 1 1 0 1 1 3 5 3 3 2 2 1 3 1 2 2 1 0 1 2 2 2 1 3 3 0 1 3 3 2 2 2 2 3 2 4 1 0 1 3 1 2 4 3 0 3 2 3 2 2 3 4 2 3 1 0 4 4 3 0 1 2 0 1 1 2 3 2 0 1 0 3 1 1 1 1 2 4 5 0 0 4 3 3 1 1 3 3 1 2 2 1 4 2 4 4 2 3 0 2 0 1 0 1 3 2 1 1 2 1 2 3 1 2 3 1 5 1 4 2 5 1 4 0 0 0 3 5 1 0 0 3 3 3 1 3 1 3 3 1 3 5 3 0 3 3 1 1 2 1 1 1 4 1 3 2 3 3 2 3 2 1 2 3 3 2 3 0 2 1 3 3 2 2 2 1 4 3 0 3 2 4 0 3 4 0 2 1 0 0 1 1 0 1 3 4 1 2 3 2 0 0 4 3 0 2 2 3 2 1 0 2 0 2 3 1 0 5 0 2 1 0 1 2 3 4 0 4 1 2 1 3 2 1 3 3 1 2 1 1 2 1 0 2 1 6 3 3 1 0 0 2 3 1 2 2 3 2 1 3 2 5 1 1 1 4 0 2 2 1 2 0 3 4 3 1 3 3 1 1 2 2 1 1 3 3 0 2 2 3 3 3 1 3 2 3 0 2 4 0 0 1 2 6 1 3 3 2 0 2 2 5 2 3 4 0 5 1 2 1 0 1 1 0 1 2 2 1 1 2 2 3 3 3 3 1 4 2 2 2 4 5 1 0 0 1 1 3 1 2 3 0 2 1 0 2 2 0 1 0 1 4 2 2 2 2 1 3 2 3 2 1 1 2 3 1 2 3 3 0 2 2 2 1 1 1 3 1 1 2 1 2 0 4 2 1 3 3 4 2 2 1 1 1 3 3 4 1 2 1 0 3 3 4 3 0 1 2 0 2 4 2 0 3 1 1 6 1 2 1 3 1 3 3 2 1 1 3 6 1 4 0 0 3 1 3 1 3 3 2 1 1 3 2 0 1 2 1 1 2 3 0 5 2 4 0 4 3 2 1 1 1 0 2 2 3 2 2 1 3 0 3 3 1 2 0 6 2 2 1 4 3 1 1 3 0 2 1 3 0 4 2 4 0 0 0 0 1 3 5 3 2 1 5 1 2 0 0 2 2 1 0 4 5 2 4 2 4 2 2 2 3 1 1 0 1 0 2 3 2 1 1 1 3 6 4 0 1 0 2 2 4 0 2 0 1 2 2 3 1 1 2 0 2 1 3 3 3 0 0 2 1 0 1 1 4 3 1 2 3 4 3 3 3 5 0 2 4 0 2 1 1 3 3 3 0 3 1 5 0 1 1 2 0 1 5 1 3 0 5 2 4 2 4 1 1 2 3 1 3 2 1 2 4 0 4 1 2 0 1 1 1 0 2 1 2 5 0 2 1 2 0 2 2 4 2 1 3 1 1 3 3 1 3 3 1 1 2 2 3 1 3 2 2 4 1 3 0 1 1 0 3 3 0 2 2 1 5 4 1 3 1 2 3 0 0 3 2 3 3 3 2 0 2 3 1 3 0 1 2 2 0 1 1 5 2 1 4 3 3 2 1 3 6 2 2 1 0 1 3 2 1 1 2 2 3 5 1 2 2 3 1 1 0 1 1 1 1 2 2 2 3 3 3 0 3 1 3 3 2 3 2 2 1 2 1 3 3 1 1 2 1 1 2 1 1 3 1 2 1 5 2 3 0 5 2 2 1 1 1 1 1 4 1 4 1 0 4 1 3 1 4 2 2 2 1 4 1 1 3 2 0 2 1 4 1 4 2 0 4 0 6 3 2 1 0 0 1 4 3 1 2 3 3 1 0 1 1 1 3 3 0 4 1 1 0 2 2 0 1 2 1 1 2 1 1 4 5 0 3 2 3 0 3 0 1 3 3 2 1 1 1 4 2 0 5 0 0 4 2 1 2 1 0 3 1 0 3 0 0 2 1 3 3 2 2 1 3 0 2 2 4 2 3 1 3 1 2 1 0 1 4 0 2 4 0 1 1 3 2 2 1 2 2 2 7 4 1 2 0 4 0 2 3 4 2 0 2 2 2 2 2 1 3 2 2 2 2 3 1 1 1 3 0 3 2 2 2 2 2 5 5 0 4 2 0 2 1 3 4 3 1 0 1 5 3 2 0 2 2 2 3 2 2 3 1 2 1 3 3 0 0 4 0 2 2 1 3 1 1 2 4 2 4 2 4 3 3 1 3 1 2 2 4 1 2 2 1 0 3 2 0 0 3 2 0 2 2 1 6 1 1 0 2 3 2 2 2 2 2 3 2 0 2 4 3 2 2 2 1 1 0 3 2 1 3 4 1 1 2 2 2 1 2 2 1 2 2 3 1 4 0 1 2 0 2 3 2 1 2 3 1 2 3 2 1 0 6 0 2 2 0 3 2 4 3 1 2 0 7 3 3 1 0 2 3 2 1 0 4 1 0 4 3 0 0 1 3 1 5 1 1 2 2 0 3 4 4 0 1 1 2 1 1 1 3 0 4 4 1 1 1 3 1 1 2 1 2 4 4 3 2 1 2 1 3 1 1 2 4 3 2 0 2 0 1 4 2 2 0 2 0 1 1 0 3 1 3 2 1 1 2 3 2 2 3 1 1 1 1 3 1 2 5 3 1 1 1 3 2 1 1 2 1 0 3 4 0 2 3 5 2 2 2 3 3 1 3 0 1 4 0 1 3 2 3 2 2 4 4 1 1 1 4 2 2 5 2 6 3 3 2 2 3 1 2 1 0 3 4 3 4 3 2 1 1 0 0 3 3 3 2 3 1 0 1 2 3 0 3 2 1 1 3 1 0 1 1 1 2 3 3 2 1 2 3 4 1 2 3 1 4 2 6 2 1 1 0 1 4 1 7 2 0 2 1 3 0 0 0 0 2 1 2 2 1 1 1 2 3 1 2 2 0 0 3 4 2 3 3 0 4 1 3 2 0 1 1 1 2 4 3 1 5 1 3 0 0 1 2 2 2 2 3 2 7 3 1 1 1 1 2 2 3 3 0 1 3 3 3 2 1 1 3 3 1 6 4 0 3 1 2 2 1 0 2 2 5 2 2 1 1 2 2 0 2 1 4 2 3 4 1 2 0 1 2 1 1 3 5 4 0 3 1 3 2 4 4 1 1 2 3 1 0 0 0 3 3 1 2 3 4 1 4 0 2 1 1 0 0 0 2 2 2 4 4 4 0 2 1 2 2 4 3 5 3 2 2 3 1 2 3 2 2 0 3 3 5 3 3 1 0 3 1 1 6 2 2 2 5 1 4 2 3 0 1 3 0 3 2 4 3 1 1 3 0 1 4 1 2 2 2 2 2 1 4 2 2 1 2 3 2 4 1 1 1 3 3 1 1 1 1 3 4 1 4 3 2 4 2 3 0 3 1 1 2 5 0 0 4 3 1 3 0 1 3 3 4 1 1 3 2 2 3 0 0 0 2 1 5 2 5 4 1 0 4 1 0 2 2 2 1 1 3 0 2 0 8 0 1 4 1 2 2 1 0 3 1 2 1 3 2 1 4 4 2 1 2 1 2 2 3 0 4 2 1 2 2 3 2 6 1 1 1 1 1 3 1 5 2 2 2 2 0 4 2 2 2 4 4 1 1 3 1 2 4 2 5 2 2 3 2 0 3 1 1 0 1 0 3 7 1 2 2 2 2 1 2 3 3 2 1 1 1 1 1 3 4 3 3 2 0 2 0 1 3 4 1 1 1 3 1 1 3 0 3 4 2 1 0 4 1 2 1 2 1 1 5 1 1 1 1 2 0 1 1 0 2 4 2 2 3 4 2 0 1 4 1 3 4 2 1 3 1 1 3 4 4 1 1 0 2 1 1 4 3 2 6 3 2 1 0 1 1 3 0 0 1 0 2 3 3 1 5 2 1 3 1 1 1 5 1 1 1 1 1 2 1 1 1 1 3 2 1 1 5 0 3 2 1 0 5 4 1 0 3 1 1 2 1 2 1 3 2 0 3 1 6 1 2 0 3 0 0 6 1 1 3 0 0 6 3 2 2 1 4 0 1 3 1 2 2 1 5 4 3 1 0 0 2 4 4 5 0 7 1 0 3 1 2 2 2 3 3 3 1 2 2 2 1 0 3 3 1 0 1 4 2 1 3 3 4 4 5 2 1 4 3 1 0 0 1 2 3 3 2 1 1 2 3 3 0 0 3 2 0 0 1 1 3 1 2 4 2 2 1 1 3 0 8 1 2 5 0 0 0 0 1 2 3 1 1 3 3 1 2 3 1 4 2 1 2 2 1 2 3 2 3 1 2 2 3 2 0 2 2 2 0 3 0 2 1 1 3 3 3 1 0 3 3 1 2 2 1 3 2 2 2 0 0 3 3 0 1 4 2 1 3 3 4 2 4 3 5 0 1 3 0 2 1 1 1 1 5 2 1 3 2 0 0 0 2 3 2 2 6 0 3 1 0 1 1 1 3 5 0 3 1 3 3 1 0 0 2 2 4 1 3 0 3 2 5 4 2 3 2 3 0 1 3 4 0 1 3 3 2 1 2 1 2 2 0 2 3 1 3 1 2 1 0 0 2 1 1 2 3 2 1 0 3 3 6 5 0 3 2 2 1 0 0 3 0 4 3 0 3 1 3 2 1 1 0 3 1 1 1 1 3 2 1 3 0 1 2 2 2 1 1 0 3 5 0 5 1 1 2 1 0 3 2 5 1 2 2 2 1 0 2 2 2 1 1 0 3 0 3 0 5 2 5 3 2 1 0 4 2 3 2 5 3 1 0 1 1 3 0 3 2 2 1 2 3 0 2 2 2 0 0 2 1 3 6 1 4 2 1 2 1 1 1 1 1 2 0 2 1 2 2 2 5 1 1 1 3 2 2 2 2 0 1 2 2 4 1 0 3 0 3 2 4 4 0 5 1 1 1 4 2 1 2 5 1 1 0 1 1 1 2 0 3 3 2 1 3 1 5 3 3 0 0 1 0 2 5 2 1 3 2 1 1 1 1 4 4 2 1 0 2 0 2 2 1 2 2 1 2 1 2 4 3 1 2 1 0 0 2 5 2 5 3 1 0 0 4 4 2 5 2 0 2 1 1 4 1 1 2 2 1 3 2 3 2 2 2 2 2 2 2 0 2 2 5 1 0 0 2 1 2 0 0 3 4 2 2 0 1 3 1 2 1 1 1 1 2 2 3 2 3 2 2 1 2 3 4 1 3 1 0 3 2 3 1 5 2 0 1 1 4 3 2 1 3 2 2 0 3 1 3 3 0 3 3 1 1 1 3 0 4 1 2 2 2 5 1 0 3 1 3 2 1 2 2 4 1 3 1 1 1 0 2 2 3 6 1 2 2 2 1 2 1 3 5 2 1 0 4 4 1 0 0 2 3 4 1 2 1 2 0 2 0 2 1 1 1 1 2 2 1 2 1 3 2 2 2 4 2 2 1 0 1 0 4 1 1 0 4 1 4 4 0 1 2 2 2 4 1 2 2 1 2 4 0 1 2 4 2 3 5 4 1 2 2 3 0 2 0 0 3 2 3 2 2 2 2 6 0 2 1 2 3 0 2 3 0 3 1 2 0 4 1 2 1 5 2 1 2 1 4 2 4 1 1 5 0 1 2 2 3 1 1 4 3 2 2 0 0 2 4 4 2 2 2 0 2 3 0 1 2 3 4 3 1 1 0 1 4 1 1 1 2 3 1 5 4 2 3 2 0 1 1 1 1 1 3 1 2 2 2 1 2 2 0 3 1 0 1 4 2 1 2 2 2 0 2 4 4 6 2 2 3 1 3 3 3 2 3 2 0 2 0 3 2 1 5 1 2 3 2 2 4 3 1 2 0 2 3 4 1 1 1 2 1 3 1 2 0 1 2 3 2 1 3 2 1 1 2 3 1 2 4 0 3 1 1 3 6 2 0 1 1 2 0 3 4 4 1 1 3 4 3 3 1 0 2 2 1 3 0 0 3 5 0 1 1 2 2 2 1 3 4 2 1 4 1 3 1 1 2 3 1 0 3 1 0 6 0 4 0 1 2 2 2 1 3 5 2 2 1 0 0 0 1 4 0 0 1 4 2 2 4 3 4 2 1 6 2 2 2 3 2 3 2 0 1 2 3 3 2 1 3 3 2 2 2 0 1 0 1 1 2 2 4 2 2 3 0 1 1 1 3 0 4 1 2 4 2 1 2 1 3 2 6 4 1 1 4 2 3 1 2 2 0 4 1 2 4 4 1 2 1 1 5 0 1 3 2 1 0 0 3 3 4 1 1 4 3 0 1 4 2 2 1 2 4 1 1 3 3 1 1 2 2 4 1 1 2 1 4 2 2 3 1 1 2 1 2 5 1 2 3 3 2 3 1 1 2 2 3 2 1 5 0 0 1 2 3 3 2 4 0 4 5 0 2 3 3 2 1 2 1 3 3 2 2 1 1 2 2 2 0 3 5 4 2 1 2 1 7 0 3 1 1 3 2 5 2 1 2 2 3 0 0 0 2 3 1 2 3 2 4 0 5 1 2 1 3 0 5 3 2 4 2 3 0 0 1 1 3 1 5 4 6 1 0 1 3 3 0 1 2 3 4 2 3 3 0 2 2 1 2 2 2 2 2 1 3 2 2 0 2 2 4 1 0 2 0 2 6 1 0 4 0 2 3 4 1 1 1 4 1 5 1 1 2 1 2 2 2 1 4 2 2 2 1 3 5 2 1 0 1 2 2 4 0 3 3 1 2 1 3 4 4 1 3 1 1 2 2 2 3 1 2 2 1 5 3 2 0 3 0 2 1 2 3 4 1 2 2 1 3 2 3 3 3 1 2 2 1 1 3 4 2 1 1 2 4 3 1 1 0 0 3 1 0 0 2 2 3 1 4 3 0 2 4 1 1 0 3 1 0 2 1 1 3 1 2 1 1 1 4 3 1 2 1 3 1 0 4 3 3 4 0 1 5 2 1 2 1 5 2 1 0 2 1 2 1 2 0 1 0 2 1 7 2 4 1 2 2 0 1 1 0 4 1 1 2 1 2 3 0 0 1 0 3 0 4 4 3 1 0 1 1 2 0 2 0 4 1 2 2 1 2 0 3 0 3 2 3 1 2 1 0 2 2 2 1 0 8 1 1 1 1 1 2 1 2 2 1 1 6 3 4 2 0 0 4 2 1 0 3 2 5 1 3 0 2 0 3 1 1 2 2 4 1 1 0 2 4 2 3 2 1 2 2 1 0 3 3 5 2 2 2 0 4 1 2 2 0 0 3 2 4 4 1 0 0 2 4 4 1 1 3 3 3 1 2 4 2 1 2 2 0 3 2 0 1 2 1 2 2 3 2 0 2 1 2 3 1 0 0 1 1 2 4 2 0 2 2 1 1 1 1 1 0 3 2 1 1 1 1 1 5 2 2 1 5 2 5 3 4 0 1 1 4 4 1 2 0 1 0 3 3 5 4 2 0 4 0 1 1 4 2 1 4 1 2 2 1 3 1 1 0 2 2 3 4 3 2 4 1 3 2 2 1 4 1 3 2 1 1 1 1 4 2 1 2 0 1 4 2 2 3 1 0 3 2 0 2 1 1 2 0 1 1 0 3 2 3 2 3 0 0 1 3 4 2 3 4 3 1 0 1 1 3 1 1 0 2 2 3 8 2 3 1 2 1 2 2 2 2 1 1 3 0 3 2 0 4 1 3 1 1 4 1 1 0 3 1 2 4 0 0 2 2 1 3 0 1 1 0 2 1 1 1 1 3 3 3 1 2 1 3 2 1 0 2 1 1 2 0 2 4 1 1 2 4 3 2 0 1 2 3 2 1 1 2 4 0 2 4 1 0 3 4 2 3 2 1 5 2 1 0 3 3 4 3 0 0 0 4 2 2 2 3 4 2 2 1 2 2 2 2 3 4 6 1 3 1 3 2 1 3 1 3 2 1 2 1 0 4 2 2 1 4 1 0 1 1 1 2 3 2 4 3 4 2 0 0 2 0 3 3 1 7 2 2 1 1 0 1 1 3 2 2 3 5 3 4 1 1 3 3 2 4 2 1 3 1 3 3 1 0 1 2 2 1 2 0 5 2 0 1 4 1 5 1 3 3 2 2 4 2 2 1 1 2 3 3 2 1 3 2 3 3 3 1 0 2 2 3 1 2 1 1 2 2 3 2 4 5 3 3 1 1 1 1 0 5 3 0 1 1 1 2 3 2 4 1 1 1 3 1 2 2 3 3 2 2 1 0 5 4 2 1 2 4 0 0 1 0 4 3 0 0 1 6 3 2 3 2 0 2 2 2 2 2 2 3 2 0 1 1 1 3 2 0 2 2 2 0 3 2 3 6 4 4 0 3 4 5 1 1 2 3 1 1 2 1 1 4 3 5 2 1 2 0 2 5 0 0 3 0 0 4 1 4 2 2 2 2 3 3 2 0 1 1 3 2 1 6 0 3 2 2 2 2 1 4 2 0 3 0 3 1 1 2 2 3 3 1 1 0 2 0 0 1 3 4 2 0 2 4 4 1 5 2 3 2 3 2 2 2 1 3 4 1 0 1 0 3 2 1 3 4 3 4 0 4 1 1 1 1 3 2 3 2 4 3 1 2 3 2 3 2 1 1 3 0 3 0 1 1 3 3 0 4 2 3 0 2 0 4 2 3 2 2 5 2 3 3 1 0 4 1 1 4 3 1 2 2 3 2 2 5 1 2 2 0 0 2 3 1 3 4 0 3 1 2 2 1 3 0 2 2 1 2 1 4 3 2 2 0 4 0 1 1 2 2 2 4 1 1 1 2 2 2 5 2 1 1 1 2 0 2 2 2 3 1 1 5 6 4 2 4 1 1 4 5 5 1 2 5 1 1 4 4 2 0 1 3 2 4 2 1 0 6 3 2 1 3 1 2 4 2 0 2 3 1 2 1 3 2 0 2 5 1 2 0 2 2 4 3 2 3 2 0 3 2 0 3 2 1 3 3 2 2 2 1 0 3 1 4 3 7 2 2 0 2 2 2 3 0 2 1 2 1 3 3 0 0 1 2 2 2 5 0 2 4 2 0 2 2 2 0 1 0 2 3 4 1 0 2 0 2 2 2 0 2 4 3 2 2 1 1 2 3 3 0 1 1 0 2 3 4 1 2 3 1 2 2 3 2 3 2 2 3 2 0 1 3 3 2 1 3 2 3 3 2 2 1 4 2 2 2 1 2 1 1 2 0 2 1 3 4 2 2 0 2 1 1 3 2 1 3 0 2 2 2 1 0 3 0 1 2 2 1 3 2 3 1 4 5 2 3 3 1 1 2 1 1 1 1 2 3 4 2 3 1 1 1 3 2 3 2 8 5 2 1 4 1 3 1 1 2 2 1 2 3 2 6 1 1 4 1 0 1 4 2 2 1 4 1 1 1 5 2 2 3 2 2 2 1 2 2 3 2 1 0 4 2 3 3 3 2 4 2 1 1 3 1 2 1 2 0 4 0 3 3 1 1 0 3 1 2 3 0 1 1 5 1 3 3 1 2 4 4 3 2 1 3 1 5 5 0 3 3 1 1 1 0 3 2 0 5 4 1 1 1 1 1 2 3 1 3 0 2 2 1 2 2 3 1 2 1 0 2 1 0 3 2 3 0 1 2 2 2 3 1 1 1 2 0 3 1 2 3 2 1 1 1 2 1 1 0 2 2 1 2 1 1 1 3 2 0 3 1 2 0 2 0 1 3 3 4 0 2 1 3 1 3 2 4 1 1 4 3 1 1 3 1 3 2 1 0 1 2 1 3 2 2 1 2 2 2 1 2 0 6 0 1 0 1 2 2 0 2 2 0 3 0 2 0 1 1 1 3 3 2 2 2 1 2 2 4 1 1 1 2 3 1 0 2 5 4 2 2 4 0 4 1 0 1 2 0 3 2 1 0 1 4 1 4 1 2 0 0 2 2 1 0 2 0 1 1 3 3 3 1 4 4 2 4 0 1 3 4 2 2 3 3 1 0 2 2 1 1 3 2 2 2 2 4 1 2 1 1 2 3 3 3 0 1 2 2 2 2 3 0 2 3 1 1 1 0 3 1 2 6 3 3 2 1 3 2 2 3 1 4 1 5 2 3 2 0 2 1 1 2 2 2 4 1 3 3 1 1 2 3 0 0 1 2 5 3 1 2 1 1 3 2 4 2 1 1 1 5 3 1 4 0 1 3 4 1 3 0 2 2 2 3 3 3 3 1 2 1 2 0 1 1 2 2 3 2 1 1 2 2 2 0 0 4 1 1 2 4 2 3 1 1 2 0 1 3 3 2 0 1 1 2 2 0 3 3 2 0 3 4 4 1 1 3 1 4 3 2 3 1 0 1 4 3 0 1 3 2 2 3 0 2 2 4 0 2 5 2 3 2 1 2 2 1 1 3 1 2 2 3 2 2 0 0 1 2 2 2 1 0 1 1 0 0 2 3 0 3 3 0 2 2 2 2 3 1 0 4 2 3 2 2 1 3 4 2 4 1 1 0 1 2 0 4 1 2 2 3 4 2 1 1 1 4 2 3 2 2 1 2 3 0 1 4 5 2 3 0 1 3 3 2 5 2 1 4 0 1 0 3 1 2 3 1 5 1 3 3 3 2 5 2 1 1 2 1 0 2 2 2 2 2 3 0 1 3 0 3 0 0 2 1 1 2 4 0 2 0 2 3 2 3 3 0 1 2 0 2 0 1 4 1 5 3 0 4 1 1 7 1 2 2 1 2 1 1 1 4 2 1 2 2 4 2 1 0 0 1 1 3 1 4 0 4 3 1 2 1 1 3 2 4 2 3 1 3 1 1 4 0 1 5 1 2 2 1 0 3 3 0 2 2 2 3 0 1 2 4 2 1 2 1 2 3 1 4 2 1 1 1 4 1 1 3 2 2 1 1 2 1 1 2 2 0 1 3 3 2 2 2 2 1 4 1 0 3 2 3 1 1 1 3 0 0 0 5 0 3 1 0 2 2 2 2 4 2 3 4 1 4 2 1 3 2 2 0 0 2 2 2 6 2 1 1 3 2 2 1 2 5 0 1 1 2 4 4 2 2 2 1 3 2 1 1 3 2 3 1 3 1 0 2 1 1 1 3 1 1 4 4 3 3 2 1 0 0 2 5 2 1 1 4 1 4 3 0 3 1 3 3 1 1 3 1 0 4 6 0 1 5 4 3 0 1 0 0 1 1 3 1 1 1 1 3 4 3 3 2 1 1 3 1 1 3 3 4 3 2 0 1 1 1 4 3 1 2 4 1 1 1 0 0 1 1 0 2 2 5 3 1 1 0 1 5 4 1 4 2 1 0 2 0 3 1 1 3 2 0 3 3 2 3 2 2 1 1 3 3 0 2 1 1 2 3 1 2 3 1 2 4 0 2 3 1 1 2 3 2 1 2 1 0 5 2 3 1 1 4 4 1 1 2 0 1 2 1 5 3 3 1 2 3 3 2 3 3 1 1 2 1 3 2 2 0 2 1 3 4 0 0 4 4 1 1 2 3 3 2 2 1 0 1 2 3 2 6 2 3 2 1 2 2 0 4 5 2 1 1 4 0 1 3 3 2 2 2 5 1 3 1 0 1 5 2 1 4 0 2 0 2 2 0 2 2 3 1 2 1 2 2 0 0 2 2 2 1 3 5 3 1 2 1 0 0 1 3 1 1 2 2 2 2 1 2 2 4 2 3 2 2 2 2 2 3 1 0 0 0 3 2 5 0 3 2 2 1 1 2 0 1 1 3 3 0 2 2 2 3 2 1 0 6 2 1 3 2 1 1 3 4 2 1 2 5 0 1 3 2 2 4 0 0 4 1 0 3 2 1 2 3 2 2 1 3 2 0 1 1 4 1 0 2 1 1 0 1 0 1 4 1 0 1 2 1 0 2 0 2 1 4 2 0 1 2 2 1 2 4 4 2 0 1 0 4 5 3 2 1 2 1 0 2 2 1 7 1 1 3 1 1 1 2 4 2 0 1 1 1 2 2 1 1 0 4 2 1 1 2 4 0 1 1 0 2 3 4 1 4 3 2 3 0 2 2 2 4 0 2 0 2 1 1 1 1 4 2 0 2 2 1 0 1 3 3 3 4 1 4 3 0 2 2 1 0 3 0 1 1 2 4 1 2 1 5 4 0 0 2 0 3 1 2 1 1 2 4 2 1 1 3 0 3 3 1 2 1 2 2 3 1 3 2 2 1 1 3 1 2 2 3 1 1 3 3 3 2 0 3 3 2 4 4 2 3 1 3 1 2 0 2 2 0 0 3 1 3 1 2 3 2 1 1 2 3 1 2 2 3 2 1 0 0 1 0 1 4 0 3 3 0 3 1 3 1 3 2 1 4 2 0 3 3 4 2 1 1 1 4 2 3 0 0 0 4 0 3 2 1 6 2 3 2 3 0 2 2 2 2 2 1 1 2 2 6 2 1 0 1 5 1 2 2 0 2 1 2 1 1 1 1 2 1 3 2 2 2 3 8 1 1 0 1 0 3 0 3 2 4 2 1 1 3 3 5 3 2 1 1 1 0 1 1 1 3 1 2 3 2 5 1 1 1 2 2 3 2 2 1 1 3 2 3 1 1 3 1 4 1 0 3 2 2 2 1 3 3 4 0 1 2 2 1 1 3 3 3 0 3 2 4 1 3 2 0 0 3 2 3 1 2 1 0 1 2 1 2 3 2 5 3 1 1 1 3 4 3 1 2 1 4 2 2 1 1 1 1 2 1 2 0 4 3 1 1 3 2 2 2 0 4 1 1 2 2 5 5 1 2 0 2 2 2 2 2 1 1 1 2 3 4 2 2 0 1 2 1 2 3 2 0 4 4 2 0 2 4 3 1 5 1 2 1 2 2 0 3 2 3 2 6 2 4 2 1 6 1 3 1 2 3 2 2 4 4 2 3 2 2 2 0 3 0 2 2 2 2 4 3 3 1 2 4 1 1 0 5 2 2 0 3 1 1 0 3 3 1 1 0 2 0 0 0 4 1 1 1 2 0 4 2 4 0 0 1 1 1 1 4 1 2 2 4 1 8 3 1 0 2 0 1 2 3 2 2 0 1 1 3 2 3 2 2 2 1 2 0 2 0 3 2 1 2 1 3 2 0 2 2 2 7 2 4 1 4 0 2 0 0 1 1 3 2 3 1 3 0 1 1 3 2 2 2 0 1 2 4 0 2 2 1 1 3 5 0 1 2 1 2 1 0 1 2 4 0 3 1 1 1 1 1 1 1 1 1 3 2 4 0 2 3 0 3 5 1 2 3 3 1 4 3 2 3 3 4 0 2 1 3 2 4 2 2 0 3 4 1 2 1 1 4 2 3 4 1 2 2 1 1 1 2 0 2 3 1 1 3 2 2 4 3 3 1 3 0 1 0 1 5 2 3 2 0 0 0 2 2 1 3 1 3 3 3 2 2 5 0 0 5 2 5 0 0 1 0 2 4 1 4 2 3 2 4 2 3 2 2 0 6 1 2 0 2 3 4 2 1 3 3 1 2 2 4 1 4 1 4 1 3 1 3 4 0 0 2 4 3 1 1 4 3 3 1 4 0 1 0 1 1 0 1 1 4 3 2 0 5 1 1 1 1 3 5 4 1 3 0 2 0 3 2 0 2 2 3 2 1 3 0 3 3 3 2 1 2 2 1 1 4 4 1 1 2 0 0 3 4 2 0 2 1 4 3 1 0 1 2 2 3 0 5 5 2 4 1 0 6 1 2 2 3 0 4 4 2 3 3 2 1 2 1 1 1 4 3 5 4 0 2 2 4 0 3 4 1 2 1 2 1 1 1 3 3 2 1 3 1 1 4 0 2 2 0 2 1 1 0 3 2 2 3 3 3 4 1 3 2 4 1 2 1 0 1 2 1 1 4 1 2 4 2 0 0 3 1 4 3 1 4 1 0 2 4 0 1 1 3 4 0 0 2 4 1 3 1 0 2 3 2 2 2 5 0 1 4 4 5 4 1 3 1 3 0 0 3 5 1 3 1 3 2 5 3 1 2 2 1 1 4 4 5 1 2 0 0 1 1 4 2 1 0 2 5 1 1 1 2 3 1 1 2 3 4 2 1 1 2 2 2 3 2 4 2 5 3 0 3 0 1 1 0 1 0 2 2 1 3 2 2 2 4 3 4 1 4 0 1 1 0 2 3 2 1 1 2 1 0 2 1 1 3 0 0 2 4 3 1 3 2 3 3 1 1 2 1 1 1 0 1 2 1 0 2 2 3 1 0 2 4 2 0 5 5 2 4 1 4 3 3 0 1 1 0 3 2 0 3 0 1 2 2 4 0 2 4 1 3 3 1 0 2 3 0 2 1 2 1 4 4 1 2 4 3 1 2 3 4 3 4 1 3 0 2 1 4 1 7 1 0 1 5 2 2 0 2 3 1 2 2 1 2 1 2 3 3 1 2 3 0 2 2 2 1 2 3 3 0 2 0 4 1 2 2 0 2 0 1 4 1 1 1 3 1 1 2 1 4 0 4 2 0 5 3 4 2 0 1 3 1 0 1 4 2 4 1 3 2 3 1 3 1 2 1 4 3 1 4 0 0 3 0 0 1 4 3 1 2 0 3 0 1 1 3 1 0 2 0 2 0 1 1 2 4 4 1 1 5 1 3 3 0 1 3 0 0 1 0 0 1 2 0 4 1 2 0 1 4 4 0 2 2 1 3 1 4 2 0 2 3 0 1 1 0 7 1 1 5 0 3 1 2 0 3 2 5 2 4 2 4 4 1 1 2 4 3 2 1 0 0 2 1 3 0 5 0 3 1 3 1 0 2 3 4 2 4 3 1 1 2 0 4 3 3 5 2 3 1 0 1 2 1 2 0 1 6 0 1 2 4 0 2 3 5 2 1 2 1 3 0 2 1 2 2 1 5 6 4 2 2 3 4 2 1 1 1 3 2 4 1 2 1 0 0 3 1 4 0 2 3 2 3 3 1 3 1 2 0 5 2 3 0 5 1 2 1 2 3 2 2 2 3 0 2 2 2 3 1 3 3 2 0 0 0 1 4 0 0 1 4 1 1 3 0 4 2 0 1 1 1 2 4 3 2 1 0 3 1 1 2 3 1 4 2 3 1 1 1 1 2 3 2 3 2 0 3 3 1 1 2 1 2 4 3 2 4 0 3 1 3 1 2 3 2 0 2 1 3 2 2 2 2 1 1 2 4 1 2 2 2 4 4 4 2 2 1 1 2 2 3 1 2 1 3 3 0 1 0 4 1 1 2 1 1 1 2 6 2 1 0 3 3 0 4 1 2 2 0 3 2 4 1 3 3 3 2 5 1 1 3 5 1 5 2 1 2 1 3 1 2 0 3 0 2 4 5 2 2 0 4 1 2 4 1 2 0 1 0 3 1 3 3 3 2 4 1 3 2 1 1 1 1 3 1 1 2 2 2 2 2 1 1 1 3 3 0 3 2 1 5 1 0 0 1 1 0 0 1 2 1 2 1 7 0 1 2 3 4 2 2 0 4 1 4 0 0 2 2 3 5 3 1 1 1 1 1 1 1 1 2 2 2 2 2 3 4 1 1 1 1 4 1 2 2 3 1 2 2 2 1 2 1 5 4 5 1 0 1 1 9 0 0 3 2 0 0 2 0 1 1 2 2 0 2 4 1 1 2 1 1 2 1 5 1 3 2 2 3 1 2 3 1 1 1 2 3 3 1 3 1 0 2 1 1 2 1 3 0 0 3 3 1 2 2 1 4 1 2 4 2 3 0 1 0 0 4 0 7 2 4 2 1 2 4 2 4 0 4 1 3 1 0 0 2 3 2 3 0 0 3 3 1 2 6 1 1 0 2 1 2 2 4 1 3 5 4 0 5 2 1 2 0 2 3 1 5 5 3 1 3 0 1 2 2 1 3 3 2 1 3 2 0 3 5 1 2 1 2 2 1 3 2 1 1 3 3 0 2 3 3 1 2 4 1 3 2 1 1 3 0 3 1 3 3 1 2 4 2 0 0 6 2 1 4 2 1 3 1 1 3 0 2 2 1 2 5 2 3 3 2 4 2 2 2 4 2 3 1 1 1 1 3 1 2 1 2 3 2 2 2 1 2 2 4 0 3 0 1 2 1 0 1 0 2 1 2 1 2 5 4 1 5 1 2 0 3 2 2 5 3 4 1 1 1 1 1 1 2 4 1 1 2 1 1 3 2 5 2 2 1 1 2 1 0 1 1 3 0 2 2 0 1 2 3 2 4 5 2 2 1 2 3 1 2 2 3 1 3 1 2 1 2 1 5 2 1 1 3 4 4 2 0 3 0 2 2 0 3 1 2 0 3 2 1 2 3 2 2 0 2 5 1 2 1 7 3 1 2 1 3 2 2 2 1 1 1 2 1 4 2 1 2 3 2 3 4 3 4 2 1 1 2 2 4 1 3 1 3 4 1 3 1 2 4 5 1 2 1 1 1 2 0 1 2 5 0 3 3 3 1 0 3 3 1 2 1 1 4 3 0 2 0 3 0 0 5 3 0 2 4 2 3 2 2 1 1 1 1 3 2 5 3 3 1 2 2 0 1 2 3 0 3 3 2 1 4 1 1 3 6 1 0 4 0 3 2 5 3 0 0 2 4 3 1 1 3 1 2 0 1 1 1 5 1 1 1 1 0 1 0 5 4 0 1 1 2 3 1 1 2 0 1 6 1 2 5 0 2 3 1 1 1 1 0 2 4 3 2 0 0 2 2 3 2 1 3 2 4 1 0 0 2 1 3 1 2 0 4 2 0 2 3 1 2 2 0 1 5 2 3 1 3 2 3 3 3 2 3 1 2 3 1 2 1 2 2 1 2 0 2 1 1 4 1 1 1 0 3 3 0 3 2 4 2 2 2 2 2 2 2 3 5 4 3 3 0 1 0 3 3 2 3 0 0 2 3 2 0 4 1 2 4 4 2 3 0 1 2 3 2 3 1 0 1 5 1 2 2 1 3 2 2 1 2 2 2 2 1 2 1 0 1 1 0 1 6 4 2 1 2 0 3 3 0 3 0 1 2 2 1 3 2 3 2 0 3 1 1 1 2 2 2 4 1 2 2 5 2 2 2 3 2 5 1 3 1 2 1 2 2 0 2 2 4 3 1 3 2 2 2 1 1 6 2 3 2 2 3 3 2 2 0 4 1 1 0 1 4 0 3 0 3 1 4 2 4 1 2 1 1 0 1 4 1 0 1 1 2 2 0 0 0 2 2 1 0 5 0 3 1 1 5 0 0 2 2 2 6 2 0 3 1 3 2 2 1 4 1 1 3 0 1 0 2 1 5 1 2 1 1 1 0 2 3 0 4 0 2 2 2 3 1 0 1 1 2 4 0 4 0 1 2 3 2 4 3 4 2 1 2 2 4 1 1 0 1 0 1 2 2 5 4 4 2 1 3 0 2 0 1 4 0 0 3 2 2 4 2 1 3 3 1 2 0 2 1 1 1 1 1 5 0 3 3 0 2 2 0 1 2 1 1 3 4 3 2 2 0 2 3 1 1 0 3 2 3 3 3 4 0 2 3 0 0 2 1 4 1 1 4 3 1 3 2 1 0 4 4 2 0 3 1 1 4 4 2 1 4 2 2 3 2 1 2 3 1 0 4 4 0 2 3 2 2 2 0 3 1 1 2 3 2 1 2 4 2 2 2 1 1 1 2 0 4 4 0 1 2 0 2 1 0 6 4 1 1 4 1 0 2 4 0 4 2 2 3 4 1 1 1 1 2 2 2 1 4 2 0 2 0 2 1 1 4 4 2 2 4 2 0 1 1 3 3 1 1 1 0 1 1 1 3 4 2 1 3 1 1 1 2 3 3 0 2 1 3 0 2 2 2 3 1 2 1 1 2 2 3 1 2 4 2 2 0 1 1 0 5 3 1 3 4 2 4 1 2 1 4 4 5 1 1 2 1 1 0 2 1 2 1 5 1 2 2 2 2 0 3 2 5 0 3 1 3 1 0 4 4 0 3 2 1 0 6 1 0 1 1 2 2 3 2 1 4 3 2 1 2 2 1 1 0 5 3 4 1 2 1 1 2 1 0 2 2 4 3 3 1 3 0 4 1 4 1 1 3 6 1 0 3 5 3 2 2 1 2 2 5 2 1 0 0 2 2 1 1 2 4 2 1 2 4 2 2 3 1 1 2 4 1 1 0 1 1 1 2 0 8 0 1 4 2 3 1 2 2 0 1 1 1 1 1 4 2 1 4 3 3 3 1 2 1 1 5 4 2 1 4 1 2 3 0 4 3 3 1 1 1 0 3 3 4 3 2 1 3 3 2 1 2 1 4 2 1 2 2 1 0 5 2 2 1 0 3 1 1 2 4 1 2 1 1 1 2 1 3 2 2 5 4 2 0 3 1 1 2 3 1 2 2 3 2 1 3 1 3 1 0 2 3 3 2 2 2 3 1 4 1 1 1 2 4 1 3 2 1 3 4 3 1 2 2 5 0 0 2 0 1 1 2 1 6 0 1 2 5 4 1 1 5 3 2 1 4 2 1 1 2 1 0 2 2 3 1 2 3 2 3 2 1 2 1 2 3 1 4 1 1 1 1 0 0 1 0 1 1 5 1 2 2 4 2 1 4 2 0 5 3 1 2 2 3 2 3 1 2 2 2 1 2 4 3 1 3 3 1 2 3 2 0 4 1 1 1 2 2 3 3 2 1 0 4 0 3 3 1 4 0 1 2 0 2 2 1 2 6 3 2 0 4 2 1 1 3 3 1 2 3 3 1 3 2 0 3 2 4 0 6 1 4 1 2 1 1 3 1 0 0 2 1 0 1 2 3 0 1 1 2 2 3 2 3 3 1 0 0 3 2 6 1 3 1 2 2 3 2 3 1 3 2 4 1 3 0 0 1 2 2 1 4 4 1 6 3 2 1 1 3 2 2 1 1 1 1 0 2 0 4 4 1 1 3 1 1 3 1 1 6 2 2 2 3 2 1 0 6 2 0 2 2 3 1 3 0 1 1 2 3 1 2 6 1 3 2 2 2 2 2 4 2 2 2 2 5 1 0 1 2 6 2 1 2 3 2 0 2 1 3 4 3 1 2 0 3 1 2 2 1 3 0 1 2 3 2 1 0 5 1 3 1 2 0 1 1 1 5 1 2 3 0 1 0 2 3 1 3 4 2 2 1 4 1 1 6 3 2 2 3 0 0 0 2 3 2 4 2 1 2 1 2 3 1 1 4 2 1 2 2 0 1 5 2 2 4 1 2 1 4 1 1 1 2 3 1 1 3 0 1 2 4 4 4 2 1 0 1 1 2 0 2 2 1 2 5 4 2 2 1 2 1 1 0 3 2 1 0 1 2 1 2 4 1 4 0 4 1 2 1 4 3 0 1 0 2 1 1 3 2 2 3 2 1 0 2 2 0 8 2 2 3 2 3 3 0 2 1 2 1 2 4 4 1 1 3 3 1 2 1 1 4 2 4 3 1 0 1 5 0 5 2 2 4 2 0 1 4 4 6 0 3 3 2 0 2 2 2 1 1 4 2 3 0 1 4 0 1 3 2 4 2 1 2 2 1 1 1 3 3 2 1 2 3 0 0 3 2 2 0 1 1 2 3 1 1 3 3 1 6 0 2 3 2 1 2 2 1 0 0 4 2 2 2 2 3 4 1 1 2 2 1 3 2 4 1 2 3 3 2 2 1 0 3 2 1 4 3 2 2 4 1 3 3 1 2 3 0 2 1 4 1 0 3 3 3 2 1 2 0 2 1 0 5 3 1 1 3 5 4 2 4 2 2 2 2 2 1 1 3 3 0 1 1 4 1 2 1 1 5 1 4 0 2 2 5 0 0 2 1 1 2 3 1 2 6 4 1 1 4 0 0 3 4 1 3 4 2 0 1 3 2 1 0 0 2 2 1 0 4 4 2 2 2 0 2 0 2 3 1 4 2 0 1 4 2 1 1 3 3 2 0 0 2 1 0 3 3 3 6 1 1 3 1 2 2 0 0 4 0 3 3 2 2 0 3 0 2 3 3 2 4 0 1 2 0 0 2 0 0 2 2 4 3 0 6 0 0 3 3 4 2 1 0 2 2 1 2 3 1 1 3 3 2 0 2 3 0 0 2 3 1 1 7 1 1 1 1 0 0 2 2 3 1 2 3 4 2 1 1 0 1 2 1 1 5 2 3 4 1 3 1 0 3 1 1 2 4 2 1 0 3 1 1 1 3 2 1 3 1 1 2 1 2 3 5 1 2 3 2 0 0 3 3 1 0 4 5 1 5 2 2 3 1 4 1 0 3 0 1 5 3 2 3 2 5 1 1 1 2 0 2 2 2 1 3 1 1 4 0 1 2 2 1 4 1 4 2 0 1 1 1 3 4 3 2 3 0 1 3 2 2 0 1 1 1 1 4 3 1 2 0 2 2 3 3 3 2 5 2 0 2 3 4 0 0 3 2 2 4 3 1 3 5 2 0 1 0 2 4 2 3 1 1 3 1 3 2 2 2 0 2 1 3 2 3 1 1 4 1 3 2 1 6 2 1 0 1 0 2 3 2 1 4 3 2 0 2 3 0 1 1 0 2 1 3 2 3 1 2 3 3 1 1 2 3 1 3 2 0 1 4 0 1 2 3 3 3 1 3 1 2 3 6 3 2 3 0 1 2 2 2 2 2 3 2 3 0 2 1 3 1 0 2 0 4 1 3 1 3 3 2 2 1 4 2 3 1 3 1 1 3 4 3 0 1 1 0 3 0 1 4 4 4 2 1 0 1 2 2 0 3 3 3 2 2 4 2 1 2 1 0 3 2 1 0 2 3 1 1 2 2 3 2 1 2 4 2 0 0 1 3 1 2 3 1 1 0 1 1 1 1 1 4 9 2 0 1 1 0 2 3 2 6 2 2 1 2 2 4 0 1 1 3 1 2 2 4 1 4 4 0 2 2 2 3 2 2 5 2 0 2 2 4 1 1 0 1 1 0 4 3 4 4 3 5 2 0 2 2 1 1 1 0 2 1 1 4 6 3 2 3 1 2 1 4 3 1 2 2 4 0 5 2 3 0 6 0 5 2 3 1 1 1 4 0 0 4 1 4 2 1 3 0 3 3 3 2 4 2 1 0 2 1 1 3 0 0 0 4 1 2 2 1 3 3 2 2 0 2 2 2 1 2 3 4 0 0 2 2 1 2 3 2 2 2 3 1 2 3 1 2 0 2 3 1 1 3 3 2 5 1 1 2 1 1 3 2 3 1 3 0 2 3 2 2 4 3 1 2 3 0 0 0 0 3 7 2 2 1 2 3 1 5 2 3 5 2 4 2 0 2 3 0 1 4 1 1 1 2 0 4 1 3 0 1 3 1 4 3 3 2 1 1 4 2 1 0 5 1 2 2 3 3 3 0 6 1 2 3 0 1 1 2 1 1 1 1 3 2 4 2 0 2 3 0 2 1 3 2 3 2 2 2 2 2 3 1 4 2 3 0 0 1 2 1 1 3 1 3 3 3 2 2 1 4 4 1 1 2 0 2 2 0 2 0 3 2 3 1 2 6 0 2 0 0 3 2 2 4 2 2 2 1 0 6 4 4 0 1 5 2 3 2 2 4 2 2 1 1 3 5 0 0 1 4 4 2 2 2 3 3 3 1 1 1 4 0 2 2 1 4 2 0 2 2 3 1 3 1 3 3 0 2 1 6 2 0 2 0 1 1 1 2 3 2 3 1 3 1 3 2 3 1 0 3 3 2 3 2 3 1 1 1 3 3 1 3 3 2 1 5 4 1 1 1 1 1 0 1 0 3 1 5 2 3 2 1 0 1 0 2 2 3 0 1 2 1 2 3 1 1 4 2 3 2 2 4 1 1 2 2 3 2 2 0 5 2 1 1 2 1 3 5 3 5 2 2 0 3 2 1 2 2 2 4 2 2 1 5 1 0 4 3 3 0 0 3 0 1 2 2 3 0 3 4 2 2 4 2 2 2 2 1 1 0 1 4 4 2 1 2 5 0 2 3 5 2 1 0 4 0 1 3 2 3 2 3 1 3 1 0 3 3 1 1 1 0 3 1 4 0 2 0 3 1 1 0 0 1 0 5 2 1 2 2 2 0 3 0 1 1 3 2 2 0 0 2 4 3 0 0 3 2 3 0 2 2 1 1 0 2 4 2 4 3 1 1 3 1 0 2 2 4 0 1 3 3 1 0 0 2 3 3 0 3 2 2 1 1 0 2 1 4 0 2 2 3 1 1 3 3 3 2 1 0 1 3 3 3 1 2 3 1 2 4 4 0 1 0 4 4 2 0 0 3 1 3 1 0 3 3 1 2 0 2 2 2 3 1 1 4 1 1 6 1 1 4 2 2 3 0 0 1 2 4 2 3 3 2 1 3 1 3 0 2 2 1 1 1 2 1 3 2 3 3 4 2 2 3 4 0 0 0 1 3 3 2 1 0 1 1 2 6 1 1 1 3 3 1 1 1 2 2 1 2 2 0 1 1 3 2 1 3 3 1 4 4 5 0 1 1 2 1 1 3 4 1 2 3 1 1 4 2 1 6 3 5 1 0 5 1 4 0 0 1 2 2 1 3 3 3 1 3 0 2 3 2 2 4 4 3 1 0 5 2 2 2 2 1 0 1 1 1 4 2 1 8 2 3 2 2 1 2 1 1 1 1 2 2 5 1 2 3 0 1 1 0 2 2 1 1 2 2 1 1 3 1 3 3 3 2 2 0 0 2 0 2 2 1 6 1 0 4 0 0 2 3 1 0 3 2 1 2 0 3 2 2 3 0 3 2 5 5 1 2 2 4 1 0 1 0 1 4 1 2 1 2 2 2 2 1 5 2 2 1 1 1 2 4 2 1 0 4 3 1 1 2 3 1 3 0 2 2 4 0 2 2 1 5 3 1 1 1 1 0 1 6 5 3 1 1 1 1 4 2 1 2 2 2 1 1 3 3 3 2 1 4 1 1 1 1 2 3 5 1 2 1 1 2 3 0 0 2 1 0 3 0 2 1 1 0 4 2 0 0 3 2 1 0 3 2 0 1 5 1 5 2 3 0 0 1 2 2 2 2 0 1 1 2 2 6 2 2 0 0 2 1 2 1 4 2 3 5 4 1 1 1 2 0 1 2 5 2 2 1 4 3 3 3 1 2 0 3 0 4 2 2 1 0 1 1 3 5 1 4 1 2 2 4 1 0 2 3 0 0 1 2 1 3 1 2 2 1 1 2 2 3 1 2 2 1 4 4 1 2 1 1 0 2 3 2 4 1 2 1 0 0 1 2 0 1 2 0 5 3 2 2 3 2 6 5 2 1 0 4 3 1 3 1 2 3 1 3 4 1 1 5 4 1 0 0 3 1 1 4 2 4 3 0 2 0 2 3 4 2 2 1 0 0 3 2 1 1 4 2 1 3 3 2 1 0 1 3 1 2 2 1 1 2 1 2 4 2 4 0 1 3 2 2 0 3 4 2 4 0 2 2 2 1 4 1 3 1 1 3 0 1 2 3 1 2 0 0 2 2 3 1 0 3 1 2 2 0 2 1 3 2 2 2 0 1 1 4 3 1 1 0 6 0 2 1 2 1 3 3 3 3 1 2 3 2 2 2 3 0 0 0 1 3 1 2 3 1 4 0 5 0 1 2 3 1 2 1 2 2 3 0 3 2 0 3 2 1 2 2 3 0 1 2 3 0 1 4 4 2 0 1 3 3 2 2 2 0 3 1 2 1 2 0 7 2 7 5 0 1 0 3 2 3 2 1 1 3 2 3 3 0 3 2 1 3 0 2 0 0 1 4 1 2 6 2 3 3 0 1 4 1 1 1 1 5 0 3 1 2 3 6 0 4 2 2 1 2 0 1 1 2 1 3 1 2 4 3 1 1 2 1 1 3 2 4 1 2 5 1 1 3 1 2 1 4 0 0 2 4 2 2 2 3 0 1 0 3 1 1 6 5 0 0 2 2 0 2 3 4 1 0 0 1 3 2 2 2 2 2 1 2 2 2 2 1 1 2 2 2 1 2 4 2 2 2 2 6 1 2 4 1 3 2 1 1 0 1 3 1 2 2 3 0 2 3 1 2 1 4 0 1 3 3 0 2 0 3 2 2 0 3 2 3 1 2 0 1 2 4 3 1 0 1 2 1 2 1 2 0 6 4 3 2 1 0 5 3 6 0 2 3 2 3 2 4 1 4 0 2 1 4 0 5 3 1 2 1 0 2 4 4 0 0 4 3 3 2 1 3 0 1 2 2 1 0 1 3 2 4 1 3 2 4 4 3 1 3 1 2 1 2 1 2 1 2 5 2 2 3 1 4 3 2 4 2 3 2 1 2 1 3 2 0 2 2 1 3 2 2 1 2 2 1 2 1 3 2 1 0 0 2 2 2 2 3 2 1 4 4 2 1 0 4 1 2 3 2 0 2 1 3 3 1 5 3 1 0 0 0 1 4 1 3 6 3 1 1 2 3 1 1 2 0 1 3 0 2 1 1 3 3 1 3 1 2 0 3 3 5 5 1 2 1 1 2 3 0 2 0 2 5 0 1 1 3 1 2 3 2 2 1 0 1 3 1 2 6 3 1 1 1 1 1 1 0 1 4 2 4 2 4 1 2 1 1 1 3 3 1 2 4 1 4 2 2 1 4 0 3 0 2 1 1 0 4 1 5 3 1 3 4 1 3 4 2 2 1 1 1 1 3 6 5 1 1 0 0 4 3 0 3 2 1 1 1 1 2 0 2 1 2 2 3 4 3 2 0 3 3 1 1 2 3 1 5 2 2 0 1 0 4 2 3 3 2 2 3 3 1 2 1 4 1 1 3 4 2 2 2 3 1 2 2 2 2 5 4 1 1 0 4 2 1 0 1 2 2 1 4 2 1 2 1 3 3 1 0 3 3 3 3 2 2 2 0 2 3 1 4 1 2 1 4 3 0 1 4 1 1 1 1 2 1 2 3 3 1 1 1 3 2 4 1 2 1 1 2 4 2 2 4 3 1 0 2 0 4 3 1 2 1 2 3 0 5 3 1 1 3 1 2 5 5 4 2 0 1 2 2 5 1 4 3 0 1 0 1 0 2 2 4 0 1 2 2 2 2 1 0 1 0 2 2 3 2 4 3 2 1 3 3 1 4 2 2 4 0 0 0 2 0 1 1 3 1 3 0 1 3 2 1 2 4 2 1 2 2 0 0 1 3 1 3 3 2 1 2 1 1 3 3 1 2 1 1 1 5 2 1 2 1 1 2 1 4 1 1 1 1 1 3 1 1 2 0 3 3 0 4 3 2 2 3 1 3 0 2 2 0 1 4 1 1 1 1 2 3 4 2 0 2 2 0 1 0 2 3 3 3 4 1 3 1 2 2 3 1 4 0 0 3 2 4 1 2 4 0 2 2 1 5 1 1 3 1 1 2 0 0 1 2 0 2 2 1 4 1 4 5 3 2 0 3 0 2 1 1 1 1 0 4 3 0 1 4 1 1 1 2 2 0 4 5 2 4 0 3 0 0 1 0 2 2 3 2 1 1 2 1 2 2 2 1 2 1 1 1 1 2 4 1 1 4 4 2 2 0 6 2 0 3 0 2 0 2 0 1 8 1 2 2 3 1 2 3 4 3 3 2 0 3 1 3 1 3 2 0 3 2 2 0 6 0 3 3 5 3 2 2 3 0 2 2 0 1 3 1 1 0 0 1 0 3 0 3 3 1 3 1 1 4 0 4 1 3 2 1 1 2 2 1 2 0 3 2 1 4 2 1 0 3 4 3 2 2 2 2 2 1 3 5 2 0 2 3 1 3 0 1 3 0 1 3 0 1 0 3 5 5 1 1 2 4 2 0 4 1 2 3 2 5 0 2 3 0 1 2 2 0 2 6 2 2 1 1 4 4 1 1 3 3 1 0 1 2 3 2 2 3 2 4 2 1 0 2 1 2 3 1 0 1 2 2 5 2 1 2 2 1 2 2 1 0 5 2 2 2 1 0 1 2 3 1 2 0 1 3 2 0 5 2 3 2 0 3 1 3 1 1 3 2 4 2 2 4 2 4 2 0 5 0 1 3 1 2 2 2 3 0 2 2 1 3 0 1 2 1 1 2 1 4 1 3 1 1 1 3 2 5 0 2 2 3 1 0 4 0 5 1 4 0 2 0 4 2 0 1 2 0 1 2 4 2 1 1 3 2 2 4 0 2 4 3 0 2 1 2 2 2 1 4 5 0 3 1 3 3 3 0 0 2 3 4 1 0 0 2 1 1 0 2 1 2 2 2 0 2 1 2 0 3 4 2 1 1 2 1 2 3 3 0 3 1 2 4 0 1 2 3 4 1 4 0 2 7 2 1 2 4 0 1 1 2 1 1 1 2 3 3 1 1 1 3 1 3 5 1 1 1 1 1 3 3 2 2 1 4 2 2 0 0 0 1 0 1 2 1 2 4 2 1 2 5 3 3 1 2 0 5 0 1 2 2 2 2 2 0 5 2 0 3 3 1 1 5 6 3 0 1 0 2 0 0 0 1 5 1 0 0 4 2 2 2 3 4 2 3 2 2 0 3 8 1 3 1 2 3 1 1 3 1 1 5 0 0 1 4 2 1 1 1 0 1 0 5 2 6 2 2 2 0 2 0 1 2 3 2 2 2 2 2 2 2 1 0 4 3 3 1 1 3 0 1 0 2 4 3 1 5 1 4 0 0 1 0 3 0 4 0 0 1 1 0 2 5 3 3 1 4 2 2 2 0 4 0 1 1 3 1 4 1 0 3 1 4 1 1 1 4 1 3 2 1 2 4 1 2 1 1 4 1 4 2 1 1 1 2 5 2 3 1 0 2 4 1 2 6 2 3 1 3 2 2 3 2 1 0 5 1 1 2 0 2 2 2 2 0 1 3 1 0 0 2 4 0 4 2 0 5 2 3 0 2 1 1 2 3 2 0 3 5 1 2 1 3 2 0 1 1 2 2 3 2 1 2 1 3 0 2 3 2 2 2 2 2 3 1 0 2 1 5 2 1 0 0 1 3 0 1 3 1 1 1 3 1 5 2 2 2 0 3 3 4 1 5 2 1 1 0 4 1 2 4 0 2 2 2 2 4 5 1 4 4 0 1 0 1 3 2 0 2 1 0 2 3 5 1 3 2 1 1 3 0 1 1 4 3 1 2 1 5 2 4 3 3 2 4 1 1 0 3 0 0 0 2 2 3 5 3 6 0 2 5 3 0 1 3 1 2 3 2 3 0 0 3 3 2 0 3 2 3 2 0 3 5 4 1 1 0 1 3 3 4 1 1 2 1 2 1 1 1 4 3 0 2 1 1 2 0 2 3 2 0 1 7 1 2 1 0 0 8 1 2 0 1 3 2 1 1 0 1 3 1 7 2 3 2 1 2 1 4 1 2 2 2 1 0 3 3 2 2 1 4 2 1 4 0 2 4 1 1 0 2 0 5 3 0 2 0 2 5 2 2 2 2 2 2 1 3 2 2 2 2 3 2 2 1 0 0 0 1 2 1 3 4 0 1 0 1 1 2 2 1 2 1 2 1 2 4 0 3 2 2 3 3 1 3 2 1 3 5 2 2 2 3 1 5 1 3 2 1 0 2 0 7 0 0 3 3 4 1 3 2 2 0 0 3 0 3 1 1 1 2 1 0 4 4 4 1 2 2 1 3 4 1 2 4 0 1 1 2 2 1 2 1 1 4 3 4 4 1 1 0 4 4 6 1 2 1 2 2 3 3 1 1 2 1 2 4 1 2 5 5 0 2 2 2 0 0 1 0 0 3 2 2 0 3 2 1 2 1 1 1 3 2 2 1 1 1 4 0 3 1 2 1 1 0 5 2 2 1 3 1 1 7 2 2 1 3 4 1 5 1 2 2 0 2 2 1 2 5 1 5 3 1 2 2 3 0 4 1 3 2 1 3 1 4 5 2 2 4 1 3 1 2 2 2 2 0 3 2 2 3 0 6 5 2 0 2 2 0 1 2 0 2 2 2 2 1 4 0 0 3 2 0 2 4 0 3 1 3 0 2 3 2 3 1 0 3 3 3 2 2 2 2 1 1 1 2 1 0 4 4 1 0 3 3 3 3 2 2 1 1 4 5 2 2 1 2 0 2 2 0 3 2 3 0 1 2 2 2 2 1 3 2 4 0 1 2 3 1 3 3 2 2 1 0 4 2 1 1 1 1 1 4 2 0 4 3 2 0 2 2 3 1 2 1 2 6 2 1 2 3 2 3 1 1 4 1 0 2 1 5 0 1 3 2 0 1 2 0 2 2 2 3 2 3 3 2 1 1 2 3 1 3 3 0 0 0 2 5 1 2 2 2 0 1 1 4 3 2 3 3 4 1 1 2 3 1 1 5 2 5 6 0 3 4 1 3 1 2 2 1 2 2 1 2 0 2 0 2 0 4 2 1 2 1 4 1 3 1 1 2 1 2 2 1 4 5 2 3 0 0 2 2 1 1 2 1 5 2 4 1 2 1 1 1 4 2 5 0 2 0 2 1 1 1 0 0 2 3 3 1 5 2 3 1 1 2 1 2 3 1 5 2 3 3 2 0 2 0 1 3 2 2 2 0 3 5 2 3 0 2 1 3 0 2 7 5 3 2 0 0 1 0 3 1 4 1 3 4 2 4 0 2 2 1 4 1 3 0 4 3 0 1 1 2 2 2 0 2 2 1 1 3 2 1 2 1 4 2 5 0 6 1 1 2 7 2 0 1 2 3 3 5 1 1 2 2 5 5 3 3 1 1 4 4 1 4 0 3 1 2 1 3 2 1 1 1 4 3 0 5 3 4 3 2 1 1 2 1 1 2 3 1 2 2 2 1 1 3 2 1 3 1 3 3 4 3 1 3 4 1 1 0 3 4 1 3 0 7 0 1 2 3 5 4 1 3 1 1 2 0 3 5 4 1 1 1 1 0 4 0 0 3 1 3 0 1 3 2 1 6 2 2 2 1 3 1 2 0 3 4 3 1 1 1 3 0 3 3 2 2 1 2 2 1 2 1 5 2 1 1 1 1 2 1 0 2 1 4 1 3 2 0 6 1 1 2 2 0 2 2 1 1 2 2 2 1 4 5 2 1 5 1 2 3 1 0 2 2 3 0 0 3 3 1 4 1 1 2 2 3 3 3 4 3 1 1 2 1 1 1 3 3 1 3 2 1 2 1 1 0 0 3 3 1 3 3 3 3 4 1 0 3 1 1 3 3 1 0 1 2 5 0 3 3 2 1 4 2 1 1 4 3 3 0 2 0 2 1 3 1 3 1 1 1 2 2 4 2 2 4 2 3 3 1 1 1 2 0 0 1 4 2 1 4 5 1 2 2 1 1 1 1 1 1 3 2 3 1 0 4 5 1 3 3 0 1 4 1 1 3 1 1 1 3 3 1 2 3 3 2 2 1 4 2 1 3 4 0 2 1 3 2 4 4 3 4 0 2 5 4 1 4 0 2 0 2 1 1 3 2 0 3 1 1 0 4 3 2 4 2 2 1 1 0 3 3 1 0 1 6 2 2 2 1 3 1 0 4 1 2 3 0 2 1 4 3 1 2 4 0 1 2 1 2 1 4 5 2 1 3 6 2 1 1 1 3 4 4 1 4 3 2 0 1 5 2 3 1 1 3 0 3 1 0 3 3 1 2 1 2 3 2 1 1 0 3 2 3 3 2 2 4 1 2 2 2 2 2 2 1 0 3 1 2 1 3 2 4 5 3 0 0 2 4 5 0 2 3 5 1 0 0 1 1 5 1 3 1 2 1 1 3 1 1 1 1 2 1 2 2 0 0 0 3 2 3 4 3 2 0 3 2 0 1 1 2 6 1 1 2 0 1 2 1 1 1 3 1 2 2 1 1 4 3 3 0 2 1 5 1 1 3 3 4 4 2 2 2 2 4 3 1 1 1 2 4 2 2 0 2 1 1 2 2 2 3 3 0 3 1 3 1 2 1 4 0 2 3 0 1 3 2 4 1 2 4 3 2 1 2 1 0 1 1 1 3 1 1 1 4 3 0 6 1 3 3 1 3 0 4 3 1 2 0 1 2 3 3 2 1 1 5 1 3 0 2 2 0 2 0 3 0 4 2 0 0 2 2 1 1 2 5 0 4 0 1 3 0 3 3 1 0 3 0 4 3 1 1 2 1 1 1 5 3 4 2 4 1 1 3 4 3 6 0 2 1 2 0 2 0 3 0 1 1 1 2 0 3 1 1 1 3 3 2 1 1 1 1 5 1 4 3 2 2 3 4 2 2 5 4 4 1 4 1 2 1 2 0 5 0 1 4 3 3 2 0 3 2 2 3 2 2 2 0 6 2 1 1 3 3 2 1 1 4 3 4 3 3 0 2 2 1 0 1 2 4 0 3 1 0 2 4 3 1 1 6 3 4 2 3 2 3 1 4 0 3 1 0 0 2 5 2 2 0 0 1 2 2 0 4 1 2 0 2 0 4 1 2 2 5 2 1 6 1 2 0 2 3 0 4 3 2 1 0 5 0 0 3 1 3 3 3 1 1 1 4 2 2 1 3 1 6 1 1 5 3 1 2 1 0 3 1 0 3 0 1 2 0 4 1 2 5 4 1 2 1 3 3 0 1 1 2 0 4 3 4 1 2 2 1 1 1 3 2 2 3 3 1 3 3 2 3 2 2 3 1 3 1 0 2 2 3 0 2 0 5 3 1 3 1 1 3 2 3 3 2 3 1 2 5 2 1 1 4 1 1 1 1 1 2 3 3 4 2 2 2 1 4 2 1 1 1 1 5 1 4 2 3 2 0 1 4 1 1 0 1 3 3 2 1 2 0 0 0 5 2 1 1 2 4 2 3 3 3 1 4 1 1 2 3 2 3 3 2 1 4 1 3 0 5 1 0 1 5 0 4 1 2 4 1 1 1 3 1 3 1 0 2 4 3 1 1 0 3 1 0 3 1 1 2 1 0 2 2 4 0 2 3 4 1 4 3 2 1 3 1 2 1 2 2 2 2 3 2 3 3 0 2 3 1 3 2 2 1 4 4 2 3 1 4 2 2 7 2 1 1 0 0 2 4 0 2 1 8 0 3 2 1 3 1 0 5 3 0 2 4 3 3 1 1 1 2 6 3 1 0 1 0 2 0 2 0 1 1 2 2 5 6 4 4 0 3 2 2 1 3 1 1 5 1 1 4 0 3 0 2 3 5 0 2 2 3 1 2 2 2 1 3 3 2 1 4 0 1 2 6 2 0 3 3 2 0 4 5 1 1 5 1 2 0 2 2 0 2 0 1 2 2 0 0 1 3 2 0 1 1 1 3 1 1 2 1 5 1 3 7 1 2 0 1 8 3 1 2 2 3 2 3 1 1 2 2 2 2 2 4 1 4 0 0 3 4 1 1 3 2 0 1 1 2 2 2 3 1 2 6 0 1 0 3 1 2 1 1 5 0 3 2 2 4 1 3 3 1 2 0 4 2 4 2 1 3 1 1 3 2 1 6 3 4 2 1 5 0 2 0 1 0 2 2 3 1 3 1 3 1 4 4 1 3 1 1 3 4 3 1 1 1 1 0 1 2 2 4 6 0 4 0 0 3 4 2 2 1 2 1 2 2 3 1 1 0 0 4 3 3 2 0 4 2 3 3 1 2 3 1 2 2 1 5 2 4 2 2 4 0 0 1 1 2 2 2 2 2 2 3 4 3 2 2 2 1 1 5 3 3 3 0 2 1 3 2 2 2 1 2 2 4 4 4 1 3 2 1 2 1 2 2 3 4 2 3 3 2 2 2 1 3 3 2 4 0 3 0 0 2 4 1 6 5 0 4 1 2 0 2 2 4 3 4 2 2 2 2 3 3 1 1 2 2 4 3 2 1 2 2 2 1 3 2 2 2 2 2 0 1 3 1 0 3 1 2 5 0 3 1 2 1 4 6 5 2 2 0 2 1 2 2 2 1 2 1 1 5 4 2 3 3 4 2 0 3 1 3 1 4 5 1 3 1 1 3 0 2 4 0 1 1 0 0 1 1 1 0 2 5 2 4 1 0 1 2 0 2 1 2 0 0 3 2 1 5 0 2 1 2 2 4 0 2 0 1 2 2 0 1 3 2 1 6 1 0 0 1 2 2 4 3 3 1 3 3 1 1 5 2 3 1 1 2 1 0 0 1 1 4 3 4 2 0 3 0 2 1 0 0 1 4 3 1 1 1 1 3 2 2 0 1 0 0 3 3 0 2 3 4 2 1 1 3 1 3 1 4 3 1 2 1 1 3 5 2 1 3 3 3 1 2 3 2 1 0 4 1 1 5 1 2 3 1 1 0 1 5 1 1 2 1 3 1 1 1 1 1 3 0 2 2 2 0 2 2 3 1 3 4 1 2 1 4 2 1 4 1 3 3 0 0 3 2 2 1 0 9 1 0 6 2 1 2 3 1 2 2 3 3 2 1 1 1 4 3 3 3 2 1 2 1 1 3 1 1 3 2 0 3 3 3 5 3 0 1 1 3 1 2 2 2 2 4 2 2 1 4 4 3 2 1 5 2 1 3 1 0 1 3 4 2 3 1 1 1 3 1 1 1 1 3 1 1 3 1 3 1 1 0 0 1 4 0 5 2 2 1 1 2 5 0 1 3 3 1 0 3 3 1 2 1 3 2 3 3 1 0 0 3 4 1 2 1 3 1 2 5 2 3 2 2 0 1 4 2 2 1 3 0 2 0 3 3 4 0 2 4 5 0 2 1 4 1 1 2 3 1 3 4 2 0 0 0 2 1 1 3 2 1 2 1 1 1 3 0 2 3 3 1 3 0 4 3 2 6 2 3 2 1 2 2 1 2 3 3 3 2 3 1 1 2 4 1 2 2 0 1 3 1 1 1 3 2 4 0 2 4 2 2 4 1 2 2 2 2 3 2 0 2 4 1 2 1 2 3 3 4 3 0 0 5 1 3 0 1 2 0 3 3 3 4 2 1 4 4 2 0 3 3 2 2 3 3 0 0 2 3 3 3 3 2 3 2 1 1 1 2 1 2 2 2 1 2 2 0 1 3 2 4 1 3 1 1 2 1 0 2 2 3 1 4 3 1 4 1 2 1 2 1 4 0 3 0 2 1 4 1 2 4 2 2 3 3 1 1 1 5 4 1 4 3 5 1 2 2 0 4 3 1 0 1 0 3 1 2 3 1 3 1 1 2 2 2 1 4 2 1 1 0 2 2 0 0 4 2 3 3 4 2 0 3 1 3 3 2 0 4 3 2 1 1 1 6 4 2 2 1 2 1 1 0 3 3 0 1 1 0 3 2 1 0 2 3 0 3 5 3 2 3 2 0 0 3 0 2 1 1 2 0 2 3 3 2 2 3 2 3 0 0 0 2 4 1 3 2 1 0 6 1 1 1 2 1 2 0 1 1 3 2 3 2 1 3 1 3 2 2 1 3 1 0 1 3 2 3 3 5 1 2 2 5 2 1 4 5 3 2 1 3 0 2 4 1 1 2 2 0 3 1 4 1 3 3 4 1 2 2 4 3 0 4 1 1 2 2 2 5 2 1 0 1 2 4 3 3 0 2 1 1 1 2 1 1 2 2 2 2 0 3 3 1 2 0 0 1 1 1 1 2 4 4 2 4 3 1 3 1 1 1 4 2 4 1 0 0 3 3 1 3 0 1 0 3 0 2 2 1 1 0 3 3 2 6 0 1 2 1 5 2 2 1 4 1 2 0 3 0 1 0 1 3 1 2 1 1 3 1 4 2 1 1 1 2 1 2 2 0 1 2 0 4 0 1 2 2 0 2 1 2 3 0 3 3 1 0 1 3 3 0 3 1 4 3 2 0 0 1 5 3 1 4 3 2 1 3 2 4 0 2 2 0 2 4 2 4 6 0 2 3 2 3 2 4 2 3 1 3 2 3 1 3 0 6 3 2 1 0 1 1 1 0 3 1 1 1 1 1 5 2 1 3 5 2 1 2 1 1 1 1 4 1 2 2 3 3 2 2 3 1 0 1 2 3 0 5 0 2 3 0 1 2 3 3 1 0 3 2 1 1 1 1 2 2 2 1 1 3 1 3 1 2 2 3 4 4 0 1 0 1 2 6 3 1 1 2 3 2 4 3 3 1 2 1 2 2 1 3 1 3 2 2 2 3 3 4 1 1 1 1 2 4 0 2 1 0 0 3 1 0 1 3 2 1 4 2 3 2 2 2 2 1 0 3 2 1 2 4 3 2 2 1 1 0 1 2 0 3 2 5 3 6 1 0 1 1 1 1 3 2 4 0 2 3 4 2 2 0 1 0 1 2 3 2 2 1 1 2 3 4 3 2 2 3 0 0 0 1 5 2 2 5 1 1 6 0 1 1 0 3 2 5 2 0 3 2 3 2 0 2 1 0 1 3 5 2 2 1 0 2 0 4 0 0 2 3 4 5 4 1 3 0 2 2 3 1 0 1 3 3 1 0 1 3 1 3 3 6 2 2 0 2 1 1 1 4 4 1 2 2 4 2 4 1 4 0 0 4 1 1 3 1 2 1 3 1 1 3 4 1 1 2 4 0 2 1 2 6 1 0 1 0 0 4 3 1 2 1 5 0 1 3 1 2 1 3 2 1 2 1 1 2 2 2 2 2 3 3 6 2 0 1 0 2 0 3 2 2 3 0 0 1 2 3 1 0 2 3 1 2 2 2 1 2 3 2 3 0 1 2 3 1 2 2 0 2 1 3 1 6 4 2 0 1 4 2 1 2 1 3 2 2 1 0 2 1 2 0 0 1 1 3 1 4 3 4 4 1 1 1 1 0 3 1 4 1 3 2 3 1 4 4 1 1 1 1 5 2 2 0 2 0 1 2 1 0 3 3 3 1 2 4 0 0 5 2 0 1 3 2 2 2 0 0 3 3 1 0 5 0 0 2 1 2 3 2 2 2 2 1 4 1 3 1 0 1 1 1 2 2 2 3 2 2 1 1 4 0 2 3 1 1 1 1 3 3 2 1 6 1 1 2 2 2 1 0 1 3 2 4 1 0 3 2 1 1 1 0 1 0 1 3 1 3 4 0 1 2 1 3 1 4 4 1 1 1 3 1 0 2 2 2 2 2 4 1 2 3 1 1 1 3 2 2 1 3 2 1 2 0 3 3 1 4 0 3 3 4 3 2 4 2 5 2 2 1 1 1 3 0 4 2 3 3 1 2 3 4 2 0 5 2 2 1 1 6 3 3 2 2 6 2 2 1 2 2 1 1 0 2 1 5 3 2 0 2 1 4 0 1 3 1 2 0 1 4 2 1 2 0 2 0 1 5 1 2 1 4 0 1 1 4 2 1 1 5 2 2 2 1 1 1 2 3 2 2 2 0 0 3 0 1 4 2 5 5 3 1 4 1 3 0 4 0 1 3 1 2 0 3 1 4 3 3 2 4 0 6 1 0 0 1 1 1 3 3 1 1 0 4 0 2 1 1 3 1 3 2 2 3 3 1 3 2 2 2 2 1 2 4 3 4 2 1 1 1 3 4 1 1 0 3 2 1 3 1 6 0 3 4 3 2 0 2 0 4 2 2 0 2 0 2 1 3 2 2 3 2 2 1 2 2 0 3 1 2 3 2 4 4 2 1 0 3 0 3 2 0 2 1 4 1 1 3 1 1 2 1 3 4 4 2 1 2 4 1 0 1 3 0 2 1 1 1 2 4 2 3 2 1 4 1 0 2 1 1 3 0 2 3 2 2 0 0 2 2 2 1 1 2 4 2 3 0 2 0 5 0 1 1 1 4 4 1 1 0 4 1 3 3 0 5 1 0 1 2 1 2 2 1 1 2 2 6 4 2 2 1 3 0 3 2 0 2 3 4 2 1 0 1 4 1 2 1 2 1 3 0 2 0 0 3 4 3 2 5 0 0 1 2 0 2 1 2 5 0 1 1 2 0 4 3 3 2 5 5 2 2 0 4 1 1 2 1 2 0 2 4 3 1 0 3 0 1 1 2 0 3 2 1 5 0 2 3 1 3 2 2 1 2 1 3 1 2 1 2 3 3 1 2 0 1 1 3 1 5 2 1 3 0 4 2 1 5 2 2 5 5 0 1 0 5 2 2 4 2 2 1 2 2 1 2 3 3 0 1 2 3 2 3 3 4 3 0 3 4 0 2 2 0 2 2 2 3 2 3 1 3 2 1 1 2 1 4 2 1 1 0 2 3 5 1 0 1 0 4 4 3 1 5 0 5 1 2 2 6 1 2 1 4 1 1 0 1 1 0 0 1 4 0 0 3 2 3 4 5 2 2 0 2 0 3 2 0 1 4 0 3 0 1 1 2 3 2 2 1 1 4 4 3 2 3 2 0 2 1 2 2 1 0 0 2 4 0 5 3 2 2 0 2 2 1 3 1 3 3 3 2 0 4 1 0 3 2 1 3 0 3 3 2 1 3 3 1 1 1 4 3 3 2 0 1 3 3 1 1 0 1 1 0 1 2 4 1 1 0 0 3 2 0 2 0 7 5 0 4 1 3 3 1 5 4 5 0 0 3 1 1 2 0 1 5 3 2 4 0 0 0 1 2 0 3 4 2 2 2 1 2 1 2 2 1 3 5 2 1 2 4 3 2 3 0 0 4 1 1 1 1 2 1 1 2 1 0 0 1 2 4 4 1 2 1 4 1 0 1 0 1 3 0 2 0 0 2 2 0 0 3 4 2 0 3 2 3 1 1 4 3 1 4 1 6 2 1 1 4 1 1 1 3 2 2 1 2 1 2 1 2 2 3 2 2 1 2 2 1 3 5 4 1 4 2 2 3 2 1 1 2 2 0 4 3 2 2 3 1 1 2 2 2 2 4 1 4 0 1 3 3 1 6 0 5 0 0 2 2 2 1 1 1 1 0 1 2 4 1 3 0 4 2 1 3 2 2 0 0 1 4 2 1 2 2 6 0 1 1 4 1 1 1 0 1 3 0 2 3 2 4 4 1 0 3 4 5 3 2 2 3 3 0 1 3 1 4 3 1 3 2 4 4 1 2 0 1 1 3 2 0 1 2 1 4 4 1 1 1 1 6 3 0 2 1 2 1 2 2 2 2 1 1 2 2 0 2 2 3 1 0 3 2 1 3 2 1 1 0 3 2 3 2 3 3 4 1 3 0 3 1 3 0 0 3 1 0 3 2 1 0 3 1 1 3 4 0 1 2 0 0 2 5 2 0 2 0 0 2 3 2 2 2 4 2 0 4 1 3 1 1 6 0 2 2 3 2 2 0 2 1 2 1 1 4 5 0 2 0 0 1 2 2 2 3 0 4 0 3 3 1 1 2 2 2 2 1 5 1 3 1 1 0 2 3 3 1 2 2 1 2 1 4 2 1 2 2 2 3 0 0 2 3 3 3 2 1 2 4 0 0 3 3 1 1 4 2 2 4 3 3 2 0 2 3 1 2 3 1 3 1 0 0 2 5 4 3 1 1 2 3 0 2 1 3 3 2 5 1 1 1 1 2 0 2 2 3 4 3 3 2 2 1 1 2 2 2 1 1 1 0 0 2 0 4 0 1 2 2 4 2 3 3 3 3 3 1 2 0 0 3 1 4 0 0 2 1 2 1 2 0 2 1 2 3 3 1 2 2 1 3 2 2 1 1 3 2 2 1 2 5 3 1 3 1 2 3 2 3 0 0 0 7 3 0 2 1 2 0 1 3 0 2 0 0 7 1 2 1 2 2 2 3 1 2 1 2 3 2 1 1 0 1 2 2 1 5 3 2 1 2 1 0 1 2 1 0 4 1 3 1 2 2 0 2 0 2 1 2 1 8 0 1 5 0 3 2 2 3 2 2 0 2 4 1 1 1 0 2 3 2 1 4 0 5 4 0 4 3 1 2 0 2 3 1 2 2 0 1 2 0 3 0 2 5 1 3 2 1 2 1 1 1 4 1 1 2 0 1 1 2 2 3 0 1 4 0 3 1 1 3 2 5 3 1 3 0 2 2 3 2 2 1 3 1 2 0 3 3 1 0 1 2 3 1 3 2 2 3 1 2 2 4 2 2 3 4 1 1 0 2 4 2 5 1 2 1 2 0 1 0 3 4 3 4 4 0 4 1 1 2 5 3 1 3 0 0 1 2 3 0 2 4 3 1 2 0 2 3 3 2 2 5 4 1 2 0 2 1 4 5 0 3 3 2 3 0 2 1 1 1 1 0 3 2 0 2 1 4 2 2 2 1 3 1 1 2 3 2 7 1 4 2 1 0 1 1 1 2 2 1 3 0 2 2 2 4 2 1 2 3 1 0 3 1 7 2 5 0 5 0 1 1 4 2 1 2 1 2 2 2 5 3 1 4 2 0 3 4 3 2 3 2 2 1 2 2 1 2 0 4 3 1 1 0 3 3 3 4 0 1 4 1 4 2 0 3 1 1 3 3 2 1 1 4 2 1 1 0 3 3 1 3 3 3 1 4 0 1 2 3 3 1 0 0 2 1 3 3 1 4 2 1 2 0 0 5 1 0 1 1 2 3 3 2 3 2 2 4 2 2 0 3 2 3 1 2 3 2 2 1 2 2 4 3 3 1 4 2 3 0 2 0 1 0 3 4 2 2 4 1 4 3 1 1 1 4 1 1 3 1 1 4 3 1 1 0 6 4 1 2 2 4 0 2 3 3 1 2 1 1 1 1 1 5 2 3 2 0 1 1 2 1 3 2 3 2 1 0 3 3 1 1 4 1 1 0 3 0 1 4 3 4 0 1 2 6 1 1 2 2 2 2 2 3 3 1 1 2 1 3 3 0 1 3 2 2 2 2 1 0 0 0 4 0 3 3 0 0 2 2 2 5 3 1 2 0 4 2 1 2 1 3 0 2 3 1 2 1 2 3 1 2 3 2 0 2 2 2 3 0 0 5 1 1 1 4 2 0 0 5 2 3 2 3 0 2 3 3 5 3 1 1 3 0 3 3 4 3 2 1 3 1 1 0 1 1 3 0 4 5 3 2 2 3 1 2 0 3 1 5 2 5 4 1 1 4 2 2 2 5 3 2 1 4 2 1 0 1 0 3 1 2 2 2 1 3 3 1 3 3 4 0 4 0 0 1 1 1 2 2 2 3 2 5 2 2 0 3 3 3 1 4 0 5 2 0 0 3 0 1 2 2 5 0 2 1 2 0 2 4 0 2 1 2 0 0 0 3 3 2 0 2 2 4 2 1 0 3 3 3 2 3 3 4 0 2 1 2 2 1 3 2 2 1 2 7 4 3 0 1 3 0 2 3 2 1 2 4 2 3 2 1 2 2 0 1 1 3 3 2 3 3 2 0 3 0 6 0 3 1 5 6 2 1 1 0 1 1 1 2 7 1 1 1 1 2 1 2 3 2 3 1 2 4 1 3 4 0 2 0 3 2 1 3 2 0 6 1 2 0 2 1 2 4 1 1 4 0 4 0 3 1 1 2 1 1 1 2 2 3 5 2 1 2 1 3 2 2 2 6 2 1 1 3 2 1 1 1 1 4 3 0 1 3 2 1 0 0 1 1 1 1 3 1 4 0 2 3 2 2 3 7 2 0 0 1 1 2 3 4 1 1 0 4 5 2 4 2 1 3 1 2 3 4 1 3 1 2 1 3 3 1 3 3 2 1 5 4 3 3 1 1 1 3 0 1 1 0 4 2 5 2 3 0 2 3 1 1 1 1 3 2 1 2 4 1 3 4 1 1 1 3 4 2 2 2 2 1 0 2 3 0 1 1 0 2 3 2 2 2 1 2 0 0 1 3 1 1 2 2 4 1 1 3 1 2 1 4 2 4 1 1 1 2 1 0 0 3 0 2 1 5 5 3 3 3 2 0 2 3 0 2 0 2 1 2 0 4 2 2 1 5 1 1 2 2 3 2 3 2 2 0 2 4 2 0 0 2 1 3 1 1 3 2 4 2 4 2 0 4 1 2 2 3 0 1 0 2 2 2 1 3 1 2 0 4 4 0 2 1 3 1 4 3 2 3 1 3 3 1 2 4 3 4 2 1 2 2 3 3 4 2 1 2 3 0 2 4 0 4 1 4 2 2 1 1 2 5 1 2 0 2 2 1 4 4 4 1 0 3 1 1 5 1 0 0 4 2 5 0 3 3 1 2 1 2 2 2 1 2 3 2 1 0 4 3 1 4 2 1 1 1 2 3 2 5 6 1 0 0 3 1 0 4 2 0 0 1 2 0 3 6 0 2 2 1 3 1 2 3 2 2 4 3 1 0 0 2 3 1 0 2 1 4 2 4 3 0 2 0 1 3 2 0 0 3 2 3 3 1 2 1 2 3 0 2 0 1 2 3 3 4 0 0 1 1 3 2 1 1 3 2 2 2 6 0 0 1 0 1 2 2 4 0 2 2 3 1 0 3 0 0 4 3 2 2 1 4 2 1 2 0 2 2 4 2 0 0 4 3 1 4 2 0 1 0 2 3 1 1 1 4 0 3 2 1 0 1 0 2 2 3 3 3 0 1 2 1 2 2 1 2 0 2 3 2 3 2 2 3 3 2 3 3 3 1 1 0 3 4 1 2 1 3 3 2 3 3 3 1 0 2 1 2 3 2 2 1 4 1 1 1 3 3 3 0 0 2 2 1 3 2 0 0 2 3 1 1 3 2 3 3 1 3 3 4 1 1 2 2 2 2 2 2 2 1 2 2 1 3 1 1 0 4 2 3 5 2 3 0 0 2 3 1 2 1 2 4 2 1 1 5 1 2 5 1 0 1 2 1 3 0 0 3 4 2 3 1 4 2 5 3 1 3 0 3 1 1 0 1 1 1 1 3 3 4 2 1 3 2 1 2 2 0 3 3 1 5 3 4 3 0 3 2 0 2 3 3 1 1 3 0 0 2 1 3 1 1 1 6 0 2 2 1 0 1 2 2 0 2 4 2 3 1 3 0 0 5 2 2 1 2 0 2 2 0 2 0 1 1 2 1 2 3 2 3 0 2 3 1 2 2 1 1 1 1 2 2 2 0 3 1 0 3 3 2 2 1 1 2 3 1 0 4 1 4 4 1 4 2 1 0 2 2 3 1 1 1 3 2 2 3 1 4 2 2 5 2 0 2 4 3 1 3 3 3 2 2 2 7 1 1 0 4 3 2 0 4 4 2 1 1 3 3 2 2 2 1 1 1 4 3 3 3 3 3 2 2 0 2 3 1 2 2 1 1 5 2 1 5 2 3 2 3 0 2 4 2 1 2 2 1 1 2 2 4 1 1 2 4 3 1 1 2 2 2 0 1 0 0 2 1 1 0 3 2 3 1 5 2 3 3 3 1 0 2 0 1 1 1 2 3 1 1 2 2 2 1 2 3 0 2 1 4 3 3 1 1 0 1 1 0 2 3 2 5 0 2 2 2 1 1 4 1 2 1 1 1 1 0 2 2 3 3 2 0 1 2 0 2 3 1 4 2 2 1 1 3 3 3 1 2 2 2 3 3 3 2 2 3 4 1 2 1 2 0 2 3 4 2 1 2 0 2 3 6 0 3 1 3 2 0 3 4 1 2 2 3 1 0 1 3 3 1 1 1 3 1 2 1 2 1 5 1 2 4 2 3 2 1 1 4 2 3 2 1 2 1 1 1 4 3 2 1 6 0 2 3 3 1 4 0 3 2 2 2 2 2 5 0 0 2 1 3 1 3 5 3 3 2 1 3 2 3 2 4 2 1 2 3 2 4 4 2 0 0 2 3 3 4 3 0 0 3 1 3 4 3 2 4 0 1 2 2 0 0 2 4 5 0 1 4 3 4 2 1 1 3 0 2 0 0 3 2 0 5 1 0 2 5 1 3 1 1 3 2 1 4 0 4 2 2 1 3 2 1 3 2 1 3 0 4 4 2 3 2 1 1 2 1 2 2 1 1 3 2 5 1 1 1 1 2 3 1 2 3 3 4 3 3 4 1 1 2 1 2 3 1 2 0 3 2 3 1 1 0 3 1 5 2 1 3 1 1 2 4 1 2 4 2 1 1 0 1 2 0 1 2 0 0 2 2 5 3 0 3 3 2 4 2 1 2 2 1 0 3 2 3 2 2 2 2 4 1 2 4 2 0 1 1 2 5 1 3 2 0 2 1 4 2 2 3 2 3 2 1 2 1 3 2 3 0 3 2 1 0 2 1 2 3 1 2 3 3 3 1 3 1 2 4 2 0 4 1 3 0 1 2 2 1 1 0 1 4 1 1 5 1 2 4 0 2 3 1 1 1 0 2 0 3 0 1 2 6 5 1 0 2 2 2 1 0 2 2 1 1 1 1 2 3 0 1 1 2 0 4 2 0 2 0 3 3 0 2 4 5 2 1 3 2 0 0 1 0 7 1 1 1 0 4 3 1 2 1 0 1 4 0 0 2 1 2 2 3 2 4 1 1 1 1 2 3 4 1 2 3 4 0 1 4 1 1 1 1 2 4 3 0 3 3 4 0 0 2 4 2 4 3 1 2 2 0 1 0 1 4 4 1 2 2 0 3 1 1 2 1 3 1 1 3 2 2 3 1 2 1 0 1 4 7 1 4 0 4 2 1 2 3 3 1 4 4 3 1 0 2 0 4 5 1 1 1 2 1 6 0 1 1 1 1 4 2 1 0 4 2 2 2 0 2 1 2 3 0 2 3 1 1 4 1 2 2 1 3 2 0 3 7 4 2 1 1 2 2 2 3 1 1 2 3 1 1 3 3 1 1 2 2 1 1 1 5 0 3 3 1 1 2 0 4 2 1 2 2 4 2 2 2 2 2 1 2 2 1 3 2 3 0 3 1 1 2 0 2 3 1 1 1 2 2 3 1 3 3 1 1 2 3 3 1 5 4 0 1 1 1 2 7 3 2 1 2 4 2 1 2 1 2 1 4 3 2 3 0 3 1 0 5 0 6 2 2 4 0 2 2 1 1 1 2 2 2 2 2 2 3 1 1 4 1 1 1 2 1 1 2 1 3 1 0 3 3 1 2 5 0 6 1 3 1 2 2 2 1 2 0 1 5 5 0 1 2 2 5 0 3 1 2 2 3 3 1 4 2 1 3 1 0 3 2 1 2 3 0 2 1 2 6 2 2 0 4 1 1 4 3 0 3 1 2 1 1 2 2 1 2 2 4 4 0 2 4 2 5 4 1 1 2 1 2 0 1 2 2 5 2 4 2 1 2 2 4 1 0 2 1 2 1 2 1 0 0 2 5 0 1 1 3 2 1 2 2 2 2 2 1 7 1 1 2 2 4 3 1 4 3 1 1 0 4 2 1 4 0 3 4 0 1 4 6 3 2 2 2 2 4 3 1 1 2 2 3 1 1 2 3 2 1 2 5 2 1 1 2 2 1 1 2 2 2 2 1 0 2 0 3 1 3 1 1 1 2 2 1 1 1 1 2 0 2 1 5 3 3 2 2 2 1 0 3 2 0 1 3 2 3 2 3 0 0 1 1 3 4 3 3 2 2 3 3 0 0 2 2 0 6 2 1 1 1 2 2 1 1 1 0 1 3 0 1 2 3 2 1 0 1 2 2 1 4 0 1 4 1 3 2 0 1 4 1 2 2 4 2 1 1 4 2 2 4 1 1 0 3 1 2 2 0 5 2 3 4 2 0 0 3 4 2 1 1 3 1 2 2 1 4 1 1 3 0 0 2 4 1 1 2 0 0 2 3 2 4 1 2 4 5 2 1 1 0 1 1 5 1 6 1 2 1 2 4 1 3 3 2 2 2 2 2 1 2 2 3 1 1 0 3 2 2 2 3 0 3 3 2 2 1 5 0 1 3 2 2 0 0 2 4 1 2 2 2 1 3 1 3 0 2 3 2 2 2 1 0 1 2 4 1 1 4 5 1 3 2 1 3 4 4 0 2 3 0 1 2 2 0 4 1 2 2 1 1 2 4 3 1 0 5 2 3 0 2 5 1 0 2 3 1 3 1 7 2 0 3 3 1 3 0 0 1 2 3 3 3 3 3 1 2 1 1 2 3 0 2 2 5 1 1 1 2 5 1 1 3 1 0 0 1 1 3 2 0 4 1 2 0 3 3 2 3 0 5 4 1 3 5 1 1 2 3 2 4 2 2 0 1 3 4 2 3 0 2 1 2 2 1 2 3 2 5 1 1 4 1 2 2 1 3 2 3 2 1 3 1 2 2 2 1 4 2 4 2 2 5 2 4 1 1 2 1 1 1 1 2 3 0 3 4 2 2 2 4 0 2 0 0 3 1 1 2 2 4 2 0 1 1 3 1 3 3 3 1 1 1 0 1 0 4 2 4 5 2 2 0 1 3 2 2 0 1 0 4 2 2 2 3 0 1 4 2 3 3 3 0 3 1 1 1 2 1 2 2 0 3 2 5 4 4 3 2 0 2 1 1 3 1 0 2 1 1 2 3 6 0 0 1 2 3 3 2 4 3 2 1 0 0 3 2 2 1 2 3 2 1 2 2 2 3 0 4 3 1 1 5 1 0 2 3 1 1 2 0 2 5 1 3 5 2 2 3 1 1 1 2 5 7 2 0 2 2 0 1 4 0 3 1 2 1 4 2 1 1 1 1 3 1 2 3 0 4 1 2 3 6 1 2 4 1 1 2 1 4 4 0 5 4 4 2 3 3 0 2 1 1 1 2 0 2 2 2 5 1 4 2 0 1 2 2 1 2 3 2 5 2 2 2 1 0 1 2 3 1 6 3 1 3 4 0 0 2 1 1 1 2 5 1 3 0 2 1 0 2 1 2 3 2 2 1 0 3 2 2 2 3 1 1 1 3 1 1 2 2 1 2 1 2 1 2 5 1 2 2 3 3 1 2 3 4 3 0 0 3 0 1 2 0 2 2 3 1 3 2 1 1 4 1 3 2 2 4 2 2 1 2 4 2 2 3 3 0 3 2 2 3 1 2 2 2 1 3 2 1 0 4 5 3 1 3 0 0 5 1 0 3 7 2 2 2 2 1 1 4 0 2 2 1 2 4 1 3 0 2 2 1 6 2 3 4 1 2 3 2 2 3 0 2 1 4 4 1 3 1 2 1 1 1 5 1 3 4 4 0 2 4 2 3 5 2 6 0 0 4 3 1 1 1 1 1 1 3 4 2 0 3 4 2 3 0 0 1 3 3 3 1 2 0 0 0 2 3 2 1 2 2 1 2 2 5 2 2 1 3 1 4 4 5 3 1 3 2 2 2 0 4 2 3 0 1 2 5 0 2 4 1 1 2 1 4 2 3 0 3 1 2 0 1 4 0 3 2 2 0 1 4 6 1 1 4 2 3 1 2 5 4 3 0 4 1 3 2 4 3 0 3 0 0 4 3 2 2 1 2 3 4 3 1 2 2 2 2 1 2 3 1 1 2 1 1 3 2 1 2 1 1 4 2 4 2 0 1 1 4 2 1 1 5 5 0 1 3 1 2 1 2 1 0 3 0 2 1 5 2 1 2 1 2 2 0 3 1 2 3 1 1 1 2 1 2 3 1 2 0 3 3 0 5 2 0 1 2 2 1 3 2 1 5 3 2 2 2 2 0 0 3 0 2 2 1 3 2 2 5 4 1 2 1 1 1 2 1 3 0 4 4 2 0 2 2 1 3 0 2 4 0 1 2 0 3 3 3 1 1 2 3 1 1 4 5 0 4 1 1 2 0 4 3 3 2 1 5 3 1 0 0 0 4 1 5 2 3 1 0 1 3 0 0 1 4 1 3 3 7 2 1 2 2 3 2 2 3 1 3 2 2 2 2 1 6 0 2 0 1 0 4 2 3 4 4 0 2 3 3 1 3 0 0 1 2 1 4 0 0 1 1 2 1 2 3 2 2 0 4 1 3 2 3 2 3 3 2 2 0 2 2 3 1 1 2 0 3 4 2 3 4 5 1 1 4 2 1 3 6 3 3 6 2 0 2 1 1 1 3 1 4 3 0 4 4 1 1 4 2 0 2 1 0 2 4 1 3 4 2 0 3 4 2 2 3 1 2 2 1 1 3 1 1 4 3 1 0 2 2 2 4 0 2 0 4 1 4 1 1 4 1 3 1 2 2 2 1 0 1 0 2 2 4 5 1 0 2 4 2 0 1 1 2 0 3 3 4 1 1 2 1 2 1 0 1 4 3 3 3 4 1 1 2 1 1 3 2 0 3 2 1 3 2 3 3 0 4 3 3 1 3 1 1 0 3 3 3 2 1 2 2 3 1 2 4 2 4 1 1 3 2 5 1 1 1 0 3 1 4 3 3 2 1 3 2 1 1 3 1 4 2 7 2 3 1 0 0 1 1 3 3 4 2 4 3 0 0 2 3 1 1 1 0 4 2 2 2 1 4 2 4 6 2 2 1 2 5 3 1 2 0 3 1 1 2 2 2 1 3 0 2 3 1 0 3 3 1 3 2 1 0 3 0 3 4 0 1 1 0 4 1 0 4 4 1 4 1 0 2 1 1 3 0 4 1 2 0 1 6 1 3 1 1 3 1 2 1 2 3 2 1 2 1 2 3 1 2 1 3 2 1 0 5 4 1 2 3 1 2 2 2 3 1 4 2 0 0 1 2 2 1 0 1 2 3 3 1 2 3 1 2 4 3 1 0 1 2 3 4 4 3 2 4 1 0 3 0 5 3 2 3 1 4 1 1 2 1 3 2 1 3 3 1 2 1 4 0 1 2 2 1 0 0 3 1 3 6 2 2 0 1 2 2 1 2 1 0 3 1 2 0 1 1 1 7 1 2 2 2 2 2 5 2 3 0 3 2 2 2 1 1 4 2 2 1 1 1 0 3 4 4 3 3 2 1 3 1 1 1 3 1 4 4 3 1 3 5 2 3 1 5 2 0 2 1 2 3 3 2 3 0 2 1 3 2 5 1 2 4 0 3 0 4 0 2 0 3 2 4 2 3 1 4 1 1 0 2 1 0 2 3 2 1 1 2 1 1 1 3 1 1 3 2 2 1 2 0 4 3 0 2 3 1 1 2 0 1 1 0 1 1 5 1 4 0 1 3 1 1 3 1 1 2 4 5 2 1 2 3 1 2 1 2 1 2 1 3 2 0 2 1 0 0 3 3 2 1 3 0 4 5 0 1 2 3 1 1 2 2 0 3 3 2 1 0 1 1 3 1 0 3 4 3 1 3 3 2 4 1 1 3 2 2 1 2 0 5 1 0 2 4 4 0 1 1 1 3 1 4 3 4 2 3 1 3 2 3 2 1 2 1 2 1 1 6 6 1 1 1 0 2 1 3 0 4 3 1 1 2 1 1 1 2 1 1 0 2 1 2 5 1 2 3 0 2 5 0 2 1 2 1 3 2 1 2 2 3 4 0 3 1 0 4 2 3 3 1 1 2 6 1 1 3 3 0 6 1 1 1 0 0 3 1 5 0 2 2 4 3 1 2 4 1 1 1 1 2 1 2 2 4 4 1 3 2 1 1 1 0 1 3 1 1 3 3 1 5 1 2 1 1 1 0 2 3 4 2 1 2 2 2 3 4 1 1 4 2 2 0 2 5 5 1 2 3 1 0 2 0 2 0 1 4 4 1 1 3 3 0 4 4 3 1 2 1 2 2 3 5 3 4 1 2 2 0 2 3 0 0 1 2 1 1 3 6 3 1 2 3 3 2 2 0 1 1 2 1 2 0 3 2 4 3 0 1 3 0 3 6 2 2 3 1 1 4 1 1 2 1 3 2 5 1 1 1 1 0 2 1 0 1 0 1 2 1 0 3 1 0 3 2 2 2 2 2 1 1 1 2 0 1 2 3 1 1 4 2 2 1 2 0 3 4 0 1 1 2 0 2 4 2 1 2 1 2 3 4 1 1 4 2 1 1 0 1 1 2 0 4 2 0 0 2 1 1 1 4 3 0 4 1 3 1 1 2 0 0 2 1 3 3 1 0 3 0 1 2 1 2 2 0 3 2 1 0 2 2 3 1 0 0 1 2 0 4 1 4 0 4 2 2 2 2 0 1 1 3 2 5 1 2 0 4 3 2 2 2 2 1 2 2 1 2 3 1 2 3 1 2 3 1 0 3 2 3 2 0 2 2 2 3 4 1 1 3 1 1 3 0 4 3 2 1 1 0 1 2 3 2 1 0 2 1 2 1 1 3 0 7 1 2 2 1 0 1 0 3 1 2 2 2 3 1 2 1 1 0 1 1 2 4 4 2 1 1 0 1 2 2 1 2 2 2 0 6 0 4 1 1 4 1 2 3 1 2 3 0 0 5 1 0 3 2 3 0 3 3 1 1 3 3 0 2 2 1 4 2 2 2 0 4 1 2 2 2 2 3 1 1 3 0 1 2 1 5 3 1 2 1 5 2 0 0 1 2 3 1 2 1 0 0 1 3 1 1 2 2 2 1 1 4 1 0 1 1 2 2 2 3 3 1 2 2 3 0 2 4 1 0 2 3 5 0 2 4 1 3 4 5 4 1 4 1 4 1 1 0 1 2 2 4 0 4 4 1 1 1 2 0 0 1 4 2 2 0 2 1 3 2 4 3 4 4 5 0 0 0 0 0 1 3 6 1 2 0 0 1 2 4 2 1 0 1 0 0 1 3 3 1 1 0 1 2 2 0 3 1 2 1 1 3 4 2 1 1 3 1 3 1 0 1 0 0 1 1 1 3 3 2 3 4 0 1 1 3 1 3 0 4 1 4 3 1 2 5 0 3 0 1 3 0 0 1 3 2 2 2 2 1 3 3 4 1 1 0 2 2 2 1 5 3 0 2 0 0 2 1 2 0 4 2 0 3 0 2 3 1 3 2 2 1 1 2 3 1 2 1 4 1 2 2 1 0 6 0 1 2 4 1 3 2 1 0 0 5 2 0 1 1 1 1 3 2 3 2 5 0 3 3 3 3 1 2 3 0 3 1 2 2 4 3 3 0 2 2 1 3 5 0 3 1 3 0 1 2 2 1 2 0 5 0 2 2 1 0 0 2 2 2 3 1 0 2 2 3 1 2 3 2 1 1 3 4 2 2 1 2 0 2 0 2 3 2 5 3 3 2 1 2 1 3 1 3 2 3 2 2 2 3 1 2 0 0 3 0 0 3 3 1 6 3 1 0 2 1 1 4 1 3 3 1 2 3 1 2 3 3 1 3 3 1 1 3 1 2 1 1 0 2 5 0 0 8 2 2 3 1 0 1 1 2 3 5 0 5 0 1 2 2 0 1 2 5 2 2 3 0 1 1 3 1 2 0 3 3 0 5 2 1 1 1 1 3 4 3 2 2 3 2 0 1 1 3 3 6 4 0 0 2 0 0 0 2 0 1 5 3 1 0 2 4 4 2 1 2 2 2 5 1 1 3 1 3 1 2 1 2 0 0 0 2 1 4 0 5 3 1 1 1 3 2 3 2 3 1 5 1 4 1 0 3 3 2 2 2 2 0 4 1 2 3 0 1 2 3 4 4 2 1 2 1 0 1 1 3 0 1 0 1 1 1 3 1 1 2 2 5 1 2 2 0 4 0 0 0 2 2 3 1 1 3 1 2 4 1 4 2 5 0 1 3 3 0 4 2 1 0 3 2 2 0 1 1 2 4 2 1 4 1 1 1 3 1 3 1 2 2 0 2 3 2 4 4 1 4 3 2 0 2 4 2 3 1 0 4 3 2 5 2 4 3 3 3 0 4 2 3 6 2 0 4 2 0 3 2 1 0 1 3 0 4 2 0 1 4 0 3 2 3 3 3 1 1 1 0 3 2 2 2 0 0 2 0 4 3 2 1 2 2 0 3 0 3 0 5 1 0 5 4 1 2 1 4 1 1 3 4 0 3 1 3 1 0 3 0 1 0 3 2 2 2 2 1 2 1 3 1 4 1 3 1 3 3 2 2 4 0 3 1 2 3 1 1 1 3 5 1 4 1 2 0 5 0 1 0 0 2 3 3 2 4 2 5 1 1 1 7 3 0 0 0 2 0 0 2 4 5 1 3 1 1 6 1 1 3 2 0 5 1 3 4 1 4 1 3 0 2 1 0 3 3 4 1 2 0 1 4 2 3 0 2 3 4 3 0 2 2 1 3 0 0 0 0 3 1 2 2 2 5 0 2 2 3 1 1 4 2 2 1 1 2 1 2 5 3 2 1 1 3 1 4 4 4 2 6 2 3 1 1 3 1 1 2 1 3 3 3 2 2 0 3 2 3 3 1 1 1 2 2 2 1 0 4 0 6 2 3 2 3 0 1 1 7 1 4 2 6 2 0 0 1 0 3 4 2 2 1 3 2 0 3 3 2 3 5 1 1 1 3 1 4 1 1 3 4 3 1 1 1 1 3 1 3 3 3 2 4 1 1 1 0 2 1 3 2 0 2 2 2 4 1 2 2 1 4 3 0 2 3 2 2 1 3 0 2 1 2 6 2 2 3 0 3 1 1 2 1 0 1 0 0 1 5 4 3 3 0 0 0 3 2 4 3 2 2 5 0 3 1 0 0 4 2 3 2 2 1 0 2 2 1 1 1 2 3 1 0 2 2 2 0 1 1 3 4 1 1 1 3 0 0 2 5 1 2 0 3 1 3 0 2 1 4 1 2 0 3 2 2 3 2 3 3 3 2 3 1 1 1 0 1 3 3 1 2 1 2 5 0 1 1 1 2 1 4 0 2 2 3 2 1 1 2 2 2 1 1 2 1 3 0 3 1 1 2 0 2 2 1 3 6 3 4 2 1 4 2 2 1 1 0 2 1 1 2 2 2 3 2 1 3 1 0 1 3 0 3 2 2 1 0 4 2 2 7 1 2 1 1 2 0 1 4 0 2 1 4 2 1 2 2 1 0 2 1 0 2 1 4 2 0 3 3 3 2 1 5 6 1 4 2 1 0 2 1 2 3 3 1 1 0 3 2 2 1 1 4 3 2 2 2 0 0 2 1 4 3 2 0 2 0 5 2 2 3 2 3 3 2 1 0 3 1 4 1 2 4 2 0 2 3 1 1 1 0 2 3 2 4 1 2 3 3 3 1 2 1 1 2 0 3 0 0 4 8 3 0 2 4 0 0 2 0 2 4 0 2 0 1 2 3 2 3 2 1 2 3 2 1 0 2 2 2 3 1 3 1 5 1 0 5 1 3 2 3 1 5 3 2 2 0 1 2 2 1 2 0 2 4 2 2 2 1 5 5 1 1 2 1 1 0 2 0 3 5 1 1 2 1 2 1 4 1 1 1 2 2 3 5 2 1 0 3 1 4 3 2 3 0 0 2 0 5 3 0 4 0 2 3 1 2 2 2 0 0 0 4 3 3 4 1 0 0 1 1 1 2 1 2 2 3 3 1 1 3 1 1 2 1 1 1 3 1 2 2 1 1 3 2 1 2 1 1 1 0 2 0 1 2 1 2 2 3 3 4 1 1 3 1 2 3 2 1 3 1 0 2 4 1 3 4 0 3 3 3 2 3 1 3 1 1 2 2 1 1 0 1 1 3 4 2 1 3 1 1 2 3 2 0 3 1 5 2 3 0 4 0 1 1 3 6 3 0 1 1 3 2 2 0 0 5 2 2 2 1 2 3 2 3 3 0 4 2 0 1 3 4 1 0 0 3 2 6 2 3 0 1 2 2 2 1 0 2 1 2 4 0 1 0 3 1 0 2 7 2 0 3 6 1 2 0 0 1 0 0 2 1 5 4 2 2 1 0 1 1 5 2 2 2 2 0 5 3 0 4 4 1 1 1 3 1 3 1 4 0 2 2 0 1 2 0 3 2 2 1 2 0 3 4 1 2 1 1 0 2 5 4 2 4 2 0 1 3 6 3 2 1 2 3 2 1 4 1 3 2 2 2 2 2 1 2 0 3 2 3 1 1 1 1 5 1 3 2 1 1 0 4 1 2 3 2 1 2 3 0 2 2 1 1 6 2 2 0 1 3 3 1 1 3 1 5 1 3 2 1 2 3 2 3 2 0 2 3 4 0 2 1 3 6 2 3 0 2 2 1 1 1 3 2 4 4 1 2 3 1 1 5 3 3 1 2 2 4 1 3 2 2 3 2 1 1 2 2 4 2 1 1 2 2 1 2 2 5 1 1 2 0 2 5 3 5 2 3 3 1 4 3 1 1 1 1 4 4 6 1 0 1 3 3 2 2 1 1 3 1 0 2 2 0 4 1 0 1 3 2 2 4 2 2 2 1 3 3 2 0 3 0 2 3 1 3 4 3 0 2 2 1 1 0 1 4 0 1 2 4 3 2 0 3 3 1 2 2 1 3 2 2 1 1 3 3 0 1 1 5 4 1 1 1 1 0 1 2 2 4 1 3 1 1 2 2 4 1 1 1 0 4 3 2 3 3 5 3 0 1 3 1 1 1 0 1 3 3 0 0 1 3 5 0 1 3 2 3 3 2 1 3 2 5 2 1 1 2 1 2 1 1 0 2 4 3 2 1 0 6 2 0 1 1 1 5 2 2 1 1 3 1 3 0 1 3 3 3 0 1 3 1 0 1 2 2 4 4 1 4 3 1 1 1 2 1 3 6 1 1 4 4 3 1 3 3 0 2 1 0 3 4 3 3 2 1 2 0 5 0 2 4 5 5 0 1 3 2 2 2 0 3 1 1 1 1 3 1 2 4 1 5 0 1 1 2 2 1 3 3 2 0 0 4 1 2 4 0 2 2 1 2 0 3 1 1 1 1 1 3 0 4 2 0 5 3 1 4 4 0 1 3 0 2 1 0 0 5 5 0 1 5 2 1 2 2 3 1 2 3 4 0 0 1 1 2 5 2 1 2 3 3 1 1 4 1 3 2 2 1 0 2 2 1 0 3 3 2 1 4 1 2 1 0 1 0 4 3 3 2 2 4 2 0 3 1 3 0 1 1 1 3 1 0 1 2 5 4 3 4 1 2 3 1 4 2 2 1 1 0 2 4 8 4 0 1 1 2 3 1 6 1 1 0 2 4 1 3 1 1 0 4 1 1 1 2 1 2 0 4 2 4 3 1 2 2 0 1 0 2 1 5 0 3 2 2 2 4 1 1 3 1 0 2 1 0 4 1 2 2 1 2 5 4 3 1 1 1 4 0 3 4 0 1 1 5 2 1 0 0 3 2 1 6 2 1 3 2 0 1 0 4 2 5 1 3 2 3 2 2 1 1 5 3 2 2 3 1 1 3 1 1 5 1 0 0 2 2 4 6 5 2 1 2 3 2 2 2 0 2 1 2 0 3 2 3 0 1 4 2 2 3 2 3 1 2 1 2 3 4 0 1 0 2 2 3 3 0 1 1 3 1 4 2 2 3 2 2 4 2 1 0 2 1 1 2 3 2 2 2 1 3 2 3 2 1 1 2 2 2 2 4 4 1 3 0 1 2 3 3 3 1 1 2 4 5 1 4 3 1 1 2 3 2 1 0 2 1 4 2 4 1 0 3 2 3 2 2 2 4 2 0 0 2 1 3 0 1 3 4 1 1 2 0 3 2 1 4 1 2 1 4 4 2 3 0 1 2 3 1 0 1 0 3 0 0 3 6 1 3 0 2 0 1 2 4 3 2 2 1 1 1 2 2 3 1 3 1 1 2 5 1 3 2 0 1 2 1 3 3 5 1 4 0 2 3 0 2 1 0 1 4 2 2 1 1 0 2 2 3 3 1 2 0 3 2 2 1 2 2 3 4 1 4 2 1 2 0 1 1 3 1 2 0 2 0 3 1 0 4 4 2 2 0 2 2 1 2 1 1 2 2 3 2 4 0 0 2 3 0 0 1 2 3 1 2 2 2 1 2 4 2 1 3 1 1 3 2 2 5 1 1 3 1 4 2 3 2 3 3 3 2 2 2 0 1 1 2 1 3 2 4 3 1 1 2 0 2 3 3 3 2 1 2 2 2 2 1 1 2 3 3 1 3 2 2 2 1 4 3 4 1 2 3 6 4 4 3 3 0 0 1 3 0 2 2 3 0 1 6 2 2 0 4 4 5 1 0 2 8 2 0 4 0 4 1 2 0 2 0 1 2 4 4 1 2 2 1 3 2 3 1 1 0 2 0 4 1 5 0 3 2 1 1 4 1 1 1 2 2 2 2 4 1 2 2 1 2 4 0 3 3 1 2 1 1 4 4 1 5 6 2 1 1 1 1 1 0 5 1 4 2 1 2 1 1 2 3 2 2 4 5 2 0 2 2 0 2 1 3 3 1 2 2 4 3 0 0 2 1 3 3 1 1 3 1 3 4 1 4 0 1 1 1 1 1 3 4 0 1 1 4 0 2 1 2 2 1 3 2 0 2 0 0 4 2 0 1 3 1 3 1 2 0 3 3 2 4 0 3 3 2 0 0 2 2 1 5 2 2 4 3 3 1 1 6 0 2 1 2 2 3 3 2 0 3 1 1 2 2 5 1 1 2 2 1 0 4 0 2 1 4 2 1 2 2 1 2 3 3 2 0 1 2 3 2 0 1 1 4 2 3 2 2 1 1 0 0 3 2 4 2 5 2 1 2 2 1 5 1 1 3 3 3 1 0 1 0 0 2 1 1 2 2 3 1 3 2 0 2 2 1 1 2 5 2 4 0 2 6 3 1 1 1 1 3 0 2 2 1 4 0 3 2 3 1 0 1 2 3 0 0 4 4 0 2 3 3 1 0 3 4 1 4 0 3 2 3 4 3 0 4 3 1 1 0 1 3 1 1 2 2 3 3 3 3 2 2 3 2 2 2 0 2 3 1 3 1 1 2 1 0 0 3 2 2 1 0 4 3 1 6 1 1 4 2 1 2 2 0 4 0 1 2 2 2 4 2 2 1 0 2 4 2 1 1 3 3 6 3 1 1 1 1 3 1 1 0 2 1 4 1 1 3 1 1 2 3 2 3 3 0 2 1 3 1 2 0 0 3 3 5 1 4 3 1 0 0 0 2 1 3 1 1 3 2 2 6 2 2 2 5 2 1 3 2 1 4 4 6 2 1 1 1 4 0 0 0 1 1 2 3 2 2 2 2 2 3 1 4 2 2 0 2 2 0 0 4 1 3 2 3 3 2 5 1 0 3 2 3 3 1 3 4 2 1 1 2 1 5 2 2 0 1 1 3 3 2 2 1 2 3 5 1 0 2 0 6 0 0 0 1 3 2 2 3 4 2 0 1 1 2 1 0 3 2 4 1 2 2 4 0 3 0 1 1 1 3 4 0 3 2 1 0 6 1 2 2 2 1 2 1 2 1 2 0 2 6 1 3 2 4 4 1 1 2 1 4 0 4 4 1 4 2 0 3 1 2 2 1 4 1 2 0 3 1 0 2 0 3 3 3 0 2 3 1 2 4 3 2 1 2 2 1 1 2 2 0 3 3 4 3 0 3 1 1 1 1 1 4 1 3 2 2 3 0 4 2 2 3 0 1 4 1 3 4 3 2 1 0 0 3 1 2 3 1 3 1 4 2 2 0 1 3 1 2 0 2 3 1 2 1 4 1 2 0 1 3 3 1 5 2 0 4 0 4 2 0 3 1 4 1 2 3 2 1 0 1 5 2 0 5 3 1 4 0 1 0 1 2 3 3 0 4 1 1 4 0 2 1 2 4 2 4 3 2 1 1 3 2 1 1 4 2 5 1 4 5 1 1 3 0 4 3 3 4 3 2 0 2 2 1 0 0 4 2 2 0 3 2 6 3 2 0 2 2 4 1 0 3 1 1 2 1 3 2 1 3 2 0 0 0 3 2 3 0 2 3 4 2 5 1 0 3 2 3 3 1 1 1 4 2 2 4 0 0 1 1 0 4 2 2 1 2 2 1 0 3 1 1 4 4 2 2 0 3 3 4 0 2 1 0 5 3 4 1 1 3 2 0 1 2 1 2 3 1 1 2 3 0 2 1 1 3 2 3 3 1 2 0 2 1 2 5 2 1 3 3 2 3 3 0 1 2 2 7 3 2 2 2 1 3 1 0 1 4 1 4 1 1 3 2 2 2 6 1 3 2 3 1 1 2 0 6 0 2 2 5 0 3 3 1 2 2 6 3 1 1 0 2 1 1 3 3 2 5 1 1 0 3 4 2 2 0 2 1 1 2 6 2 2 1 3 3 1 2 0 2 1 1 2 5 1 2 1 2 2 1 0 5 1 2 3 1 2 3 2 3 1 1 2 3 2 1 1 3 1 1 1 3 3 1 3 3 2 1 2 2 3 3 1 0 4 1 0 2 3 3 8 0 2 1 1 0 6 2 3 2 2 1 0 3 1 3 1 2 3 1 1 1 1 2 1 4 2 0 3 4 2 2 0 2 2 0 2 3 0 4 1 3 2 1 2 1 2 1 1 1 1 2 1 2 2 2 4 4 2 1 2 4 3 0 2 1 2 2 1 4 1 1 2 1 0 1 1 2 2 3 3 2 1 2 2 0 1 1 1 1 2 3 0 0 3 3 3 2 0 0 2 2 1 1 5 2 2 2 1 5 3 0 2 0 1 1 2 0 5 1 1 3 1 1 2 2 4 1 0 2 0 3 4 3 3 2 0 3 3 1 1 1 0 5 1 1 1 2 1 5 3 1 3 1 4 2 1 2 0 2 2 0 3 3 2 1 2 2 2 4 2 1 0 1 4 3 5 2 0 4 1 1 3 6 0 4 1 3 5 4 0 4 1 2 1 2 3 2 3 2 1 3 3 1 0 1 3 3 0 1 1 5 4 2 3 2 0 2 1 4 3 5 1 3 2 0 1 2 4 1 2 1 1 4 1 2 3 2 2 3 1 1 1 1 2 1 3 2 1 1 2 1 0 1 3 1 0 0 3 0 3 1 2 3 5 1 2 2 2 1 2 2 1 2 3 0 5 3 0 4 0 3 3 3 2 2 2 3 1 3 2 2 1 2 1 0 3 2 1 1 1 1 4 3 0 5 2 0 1 2 1 1 0 5 4 0 4 2 3 2 0 4 3 1 0 2 1 4 2 1 5 1 0 0 3 1 1 3 1 3 1 1 3 3 1 2 1 0 1 2 2 2 2 4 1 0 2 2 1 1 3 1 3 3 1 2 4 1 2 3 2 4 3 1 4 1 1 1 1 1 3 0 2 2 1 2 2 1 1 1 1 1 2 1 0 2 1 0 4 3 1 6 2 1 1 1 1 2 0 1 1 2 1 4 4 2 4 0 1 2 1 2 2 1 1 4 3 3 0 2 5 0 0 2 2 2 0 3 1 0 2 1 2 0 3 1 1 3 1 2 2 2 0 1 2 2 3 2 1 4 4 1 1 2 3 1 2 0 2 5 1 6 2 0 1 2 3 1 3 4 1 2 2 1 2 3 1 2 7 3 1 3 3 2 0 4 0 0 1 4 3 2 2 1 1 1 2 2 2 2 3 3 5 1 0 3 3 3 2 3 3 0 3 3 1 2 0 2 1 1 1 1 0 3 3 2 1 2 1 1 3 5 0 2 1 3 1 1 1 4 5 1 2 0 2 3 2 1 1 2 1 2 2 0 5 1 4 1 1 3 1 1 3 3 1 2 3 2 2 1 1 1 1 3 1 1 1 5 0 2 2 1 2 1 1 0 1 0 2 3 2 2 1 1 4 2 3 2 0 3 1 1 1 1 4 1 2 1 1 1 2 3 3 1 2 2 3 1 1 1 2 3 0 1 1 3 4 0 3 4 1 2 2 2 2 1 2 3 1 2 0 1 2 2 2 1 2 3 0 3 2 1 2 2 2 3 2 2 5 1 2 3 1 2 3 0 2 0 3 3 3 1 0 5 2 3 1 2 3 1 1 3 2 0 2 3 3 1 0 0 2 2 2 2 2 2 1 5 1 4 1 1 6 0 2 2 2 5 1 1 3 3 2 2 0 1 2 2 2 3 2 1 2 1 3 5 0 3 1 3 2 3 3 3 0 1 5 0 0 0 3 1 1 3 0 2 0 2 4 1 3 2 0 5 3 2 4 1 1 2 5 2 1 1 6 0 4 2 2 1 2 3 2 2 4 1 1 0 2 2 2 2 6 2 1 2 2 3 3 2 3 1 3 0 1 1 2 2 2 3 5 1 2 4 4 1 0 0 1 3 1 3 4 2 3 2 5 1 4 1 0 1 1 0 2 2 2 2 1 1 2 6 1 0 4 3 1 1 2 2 0 0 1 3 2 2 1 0 0 4 1 4 5 0 2 1 3 1 2 2 1 2 4 2 1 3 2 1 1 2 3 5 2 4 3 0 2 1 1 1 2 0 3 1 2 2 1 2 7 4 1 4 4 1 0 2 1 0 1 1 3 0 3 3 1 3 1 1 3 2 1 1 1 3 2 0 4 3 0 0 1 2 4 5 1 1 2 2 1 1 3 3 2 2 4 0 4 2 1 2 0 3 1 0 5 2 3 0 1 3 3 1 3 0 3 0 1 3 0 2 2 2 1 3 7 2 2 0 1 1 1 2 1 0 3 4 0 1 2 2 0 0 1 1 1 1 1 2 2 1 0 1 3 2 3 3 1 1 2 1 2 1 2 2 1 1 2 2 1 3 2 3 7 1 1 0 3 0 0 2 3 1 2 1 1 2 3 0 4 3 2 1 0 2 1 4 3 1 2 3 2 3 2 4 0 3 3 2 1 2 2 2 0 5 2 1 2 5 2 4 0 1 1 2 1 2 2 1 4 2 0 2 4 2 5 2 4 0 0 1 2 2 2 2 2 2 2 0 1 0 1 7 1 2 2 4 0 2 2 4 7 2 2 4 2 0 4 2 3 0 2 2 2 1 3 0 2 4 3 0 1 1 1 1 3 0 3 2 0 0 2 3 1 0 1 1 3 2 2 3 0 1 2 0 1 2 0 3 3 0 2 4 4 3 0 1 1 2 0 3 2 2 2 2 1 3 3 2 5 3 4 1 3 2 0 2 2 1 1 0 3 3 0 2 0 3 0 4 3 2 2 1 1 0 2 1 4 1 2 1 4 1 2 2 1 7 1 1 1 2 3 2 0 2 1 2 2 3 4 2 5 1 1 1 1 3 1 2 2 3 3 3 0 3 0 2 1 4 0 4 3 2 1 2 2 3 1 2 0 2 3 2 1 1 2 1 2 1 4 2 4 3 2 2 0 2 1 1 1 2 1 2 1 1 3 2 0 1 1 0 2 2 2 2 5 1 0 1 2 1 0 1 1 0 3 3 2 1 2 2 2 0 6 3 1 3 3 1 3 2 2 1 0 4 5 3 2 1 4 2 3 2 3 0 1 4 1 2 2 1 4 2 2 2 1 2 3 1 1 1 4 0 1 2 2 1 0 5 0 3 1 2 4 0 1 2 1 3 1 5 4 0 2 1 2 1 2 1 2 1 3 2 1 1 2 0 3 6 2 0 1 1 3 4 1 4 0 3 1 1 1 1 1 0 2 1 1 3 2 6 1 2 3 1 3 0 2 3 0 6 3 3 2 2 1 1 2 2 2 3 1 3 4 3 3 2 1 0 2 4 2 2 0 1 3 1 2 3 1 0 0 1 2 3 3 2 1 1 1 1 6 2 3 3 0 2 0 1 2 0 6 8 1 0 2 2 1 1 1 3 2 1 0 4 3 4 4 1 0 2 1 4 2 6 2 2 3 2 1 0 1 1 2 1 1 1 0 3 0 4 3 3 1 0 4 3 4 2 0 3 0 0 6 2 3 1 2 1 2 2 0 6 2 1 1 1 5 2 2 3 2 1 0 0 5 3 0 1 0 6 2 1 3 3 0 5 2 6 3 2 1 1 2 1 1 1 1 1 2 2 1 4 3 4 1 3 0 2 1 1 2 2 2 2 2 2 1 4 2 1 1 3 2 2 2 2 1 1 1 2 2 0 6 2 2 3 0 0 3 1 2 1 1 6 2 2 0 4 1 4 6 0 2 0 4 0 3 2 2 2 0 2 2 0 1 6 2 0 2 3 2 2 0 2 2 6 3 2 3 0 1 3 2 4 1 3 0 2 5 0 3 1 3 2 0 2 0 2 1 1 3 2 4 2 2 0 0 2 0 3 2 6 3 2 0 2 1 2 0 1 3 3 1 3 3 0 2 3 3 0 0 3 3 2 3 1 1 1 6 1 3 2 2 2 2 1 2 1 1 2 0 2 1 1 2 2 1 3 3 2 0 1 1 1 0 1 2 4 3 3 1 1 2 2 1 1 1 0 3 1 1 3 3 2 4 2 0 0 2 3 5 2 3 2 3 0 3 2 1 1 4 4 1 4 1 0 4 1 2 2 5 1 0 2 0 1 2 4 2 0 4 3 2 1 0 2 0 1 2 1 1 2 0 1 1 2 2 2 2 2 1 0 1 3 1 2 1 1 0 1 3 2 4 1 1 2 4 2 1 1 1 1 4 1 1 0 0 1 4 0 4 0 3 1 3 1 1 1 3 3 2 0 0 2 2 4 2 1 1 0 2 5 1 6 3 5 2 2 0 3 3 1 1 3 1 2 1 2 3 2 1 5 5 4 2 1 0 0 1 1 4 4 4 3 1 1 2 2 6 1 2 1 1 0 0 1 1 1 0 0 3 3 3 2 2 3 2 1 2 2 3 3 0 3 2 1 2 2 0 2 2 1 3 4 3 2 1 0 0 1 3 2 3 5 0 1 3 1 1 1 2 0 1 3 2 4 4 0 2 0 1 4 3 0 3 0 2 4 1 1 2 2 2 2 3 2 0 3 0 5 2 0 2 2 5 1 4 4 3 2 1 2 1 2 0 6 3 1 1 1 4 2 2 2 1 2 1 4 2 1 2 1 4 1 4 2 2 1 3 1 4 0 3 1 0 1 4 2 4 1 2 0 2 0 1 2 1 1 3 2 4 5 3 0 3 2 1 2 5 0 2 1 3 0 2 2 4 3 2 2 1 3 2 3 3 1 4 5 2 3 0 0 1 3 3 4 1 2 2 3 4 2 2 1 2 1 3 3 2 1 2 3 3 2 2 3 3 4 1 3 1 0 0 4 2 3 3 2 1 1 3 2 0 0 3 3 3 2 0 2 2 2 1 1 0 2 0 0 1 4 6 2 3 2 2 1 0 4 2 1 3 0 1 1 3 2 1 1 0 0 3 1 5 2 2 0 1 0 5 3 1 2 2 3 1 2 1 1 2 3 2 3 4 2 4 0 5 3 2 2 3 1 1 2 2 0 1 5 4 2 0 0 3 3 2 3 1 3 1 2 3 3 2 2 4 3 0 2 1 4 1 3 5 1 0 1 4 0 0 0 3 2 4 2 2 1 4 1 1 1 1 3 2 2 2 0 3 4 0 2 4 2 0 3 2 1 2 1 4 1 1 3 4 2 2 1 2 2 1 0 1 3 3 5 1 1 3 1 5 1 4 2 1 4 2 3 1 0 2 1 0 4 1 1 3 6 4 5 1 1 4 4 3 0 1 0 1 1 2 0 1 1 2 0 0 1 2 3 0 3 4 0 4 1 2 2 0 5 0 1 2 4 1 1 3 4 2 1 1 4 1 1 2 1 3 1 3 1 4 0 1 0 3 4 1 2 1 0 0 4 3 4 1 0 3 2 1 2 2 1 1 3 3 3 2 2 1 4 1 2 5 2 1 0 2 3 3 3 1 0 3 2 1 5 3 1 4 1 4 0 0 2 3 2 1 0 2 1 1 2 2 2 6 1 0 2 1 0 2 1 4 3 2 2 3 2 1 1 2 3 2 2 1 2 2 1 5 2 2 2 2 2 0 2 2 1 1 0 3 1 1 1 2 4 2 1 2 4 5 3 2 1 3 2 2 2 2 0 3 1 4 1 1 0 1 2 2 3 1 2 3 5 2 3 0 1 2 1 4 3 0 1 0 1 3 4 3 0 1 0 4 4 2 0 2 0 3 1 1 2 0 2 5 3 0 3 2 2 4 1 2 1 1 1 1 2 2 6 1 3 1 1 1 1 2 1 1 4 1 2 0 1 1 1 1 1 3 3 0 1 3 3 2 0 5 1 0 0 1 1 2 4 3 1 2 3 3 0 1 2 0 2 1 5 1 0 1 1 4 2 2 1 1 2 3 1 2 0 4 1 0 0 0 3 2 3 1 4 1 2 3 4 4 1 1 2 2 2 3 2 3 0 0 2 2 2 0 5 0 2 0 3 0 1 3 1 0 2 2 1 5 1 2 2 0 1 2 1 0 1 1 2 3 4 2 1 3 1 3 0 3 5 4 0 1 2 2 2 1 4 3 4 2 1 2 0 2 2 4 1 3 1 4 1 3 3 2 1 0 2 3 2 3 1 1 4 2 3 1 0 2 4 1 3 0 4 1 2 4 2 0 0 4 2 3 2 5 0 2 4 1 1 2 1 5 3 1 1 0 3 1 1 1 2 1 2 4 3 0 3 1 6 2 0 1 3 5 4 1 2 1 2 1 2 4 1 2 3 1 0 2 0 5 1 3 1 2 1 2 2 2 2 0 0 3 3 0 3 3 3 4 4 2 4 0 2 2 2 2 3 1 1 3 3 4 1 0 1 3 4 4 4 1 1 1 0 2 1 1 1 1 1 3 3 1 4 3 4 0 2 0 0 4 1 1 2 2 2 2 1 2 1 0 1 2 1 1 2 3 1 3 1 1 1 1 0 3 3 3 2 3 2 2 1 1 1 2 4 2 0 2 2 2 2 1 0 2 3 3 0 4 4 2 2 4 3 1 2 1 3 2 2 0 4 2 4 2 2 2 2 3 4 0 1 1 5 2 5 5 0 1 2 4 1 1 4 3 3 1 2 2 1 0 1 3 1 2 5 1 3 3 0 0 0 1 4 1 0 3 2 1 2 3 4 1 1 2 1 0 3 5 2 1 3 1 2 1 1 1 3 1 4 4 1 0 2 2 2 2 2 0 0 2 1 2 1 3 3 1 1 3 1 2 0 1 2 1 3 3 2 2 2 2 3 2 2 2 0 5 3 0 1 2 4 1 4 1 6 3 2 1 2 1 5 1 1 2 3 2 4 1 3 0 2 1 1 0 1 1 0 3 4 3 0 1 3 2 3 2 2 2 4 2 0 4 4 1 2 0 2 1 1 2 3 4 4 1 1 1 0 0 1 3 0 4 1 1 2 2 4 3 2 4 1 0 1 2 2 0 1 2 5 4 2 4 1 2 4 0 1 2 0 5 5 3 3 3 1 3 0 2 2 1 0 2 1 1 3 3 2 1 1 2 1 2 2 2 1 3 2 0 1 0 1 1 0 2 4 5 2 1 3 0 0 2 0 1 0 3 3 1 4 2 2 0 3 0 2 3 2 4 1 0 3 0 0 4 2 2 4 1 5 2 2 1 0 2 0 4 2 1 2 4 2 3 3 1 2 2 2 2 2 2 0 1 6 4 4 2 3 1 5 3 2 2 1 2 1 2 3 3 2 0 2 3 4 4 1 1 3 3 2 2 1 1 3 1 2 6 2 2 0 0 3 4 1 3 4 5 2 3 3 4 0 2 1 1 1 2 1 6 5 3 2 5 2 1 2 0 0 4 3 1 4 2 2 4 3 0 0 2 1 3 6 1 5 2 2 2 4 1 1 2 1 0 0 1 3 1 1 5 1 4 2 4 2 1 1 1 0 3 0 2 3 1 5 1 1 1 0 1 1 3 3 1 1 2 2 2 4 0 3 0 2 2 1 7 2 1 1 3 2 2 1 2 1 0 1 4 3 2 1 1 1 0 0 3 2 2 0 0 5 3 1 2 3 2 3 4 2 4 2 1 2 2 2 0 3 1 2 3 2 1 3 1 3 3 3 2 1 3 1 4 0 5 1 2 0 0 1 3 2 3 2 3 3 1 1 1 3 0 0 1 1 3 4 2 1 2 2 2 2 0 5 1 3 2 2 2 1 0 1 2 3 4 1 3 2 2 5 0 1 3 1 2 1 0 1 4 3 4 4 1 2 1 1 1 0 0 3 1 1 2 1 5 0 2 2 2 1 2 1 3 2 1 1 2 6 3 2 0 4 1 3 1 0 0 2 1 2 2 2 5 1 4 3 1 2 3 2 1 1 0 1 3 2 3 1 4 1 1 3 1 2 0 2 2 0 1 3 3 2 4 3 2 1 1 2 4 5 3 4 0 2 1 1 4 2 0 0 2 3 2 3 1 3 0 2 2 2 2 4 2 0 5 1 2 3 3 4 1 4 2 2 7 0 1 1 3 0 2 0 3 3 2 0 4 0 3 1 5 3 0 2 1 6 0 2 0 5 4 1 0 1 2 0 3 1 2 3 5 1 1 0 3 0 2 2 1 1 3 2 1 2 0 2 2 3 3 3 2 3 1 5 4 0 2 4 2 1 1 2 3 2 1 0 2 1 1 2 8 3 1 3 2 2 2 1 2 4 1 1 1 3 1 2 2 2 4 1 2 0 4 2 2 3 1 3 1 3 4 2 4 1 0 1 0 0 3 3 3 1 5 1 1 1 3 4 3 0 0 1 3 1 1 1 3 2 1 2 2 1 2 3 2 2 2 1 5 1 0 1 3 3 4 1 4 0 0 2 0 3 4 3 5 1 2 1 2 3 3 1 2 2 4 3 2 3 2 3 1 2 3 2 2 2 0 0 3 4 0 4 1 2 4 1 1 1 2 1 2 1 0 4 2 2 0 4 1 2 4 2 2 5 2 0 2 2 0 4 5 3 0 2 2 2 2 3 0 1 1 1 3 4 0 2 1 1 2 2 1 2 3 0 3 1 4 0 2 1 2 0 2 2 2 2 4 1 1 2 2 0 2 2 4 1 2 2 2 1 2 2 1 6 2 3 2 3 5 3 0 2 1 2 1 3 1 1 2 0 1 2 3 2 1 2 4 1 2 4 3 4 1 1 1 3 1 3 1 3 1 2 2 1 1 0 4 2 4 1 0 2 1 2 0 0 3 1 1 3 2 3 0 3 1 0 3 1 2 4 1 2 4 1 4 3 2 1 3 2 1 1 2 0 0 2 3 4 1 2 2 1 0 2 2 1 2 0 1 1 3 2 4 1 4 3 3 2 2 1 2 1 0 2 0 3 2 2 5 1 1 5 1 3 3 1 1 2 1 1 1 3 4 1 1 2 3 2 2 0 1 1 6 1 4 0 2 0 6 3 2 1 0 1 1 2 2 4 2 0 4 1 1 3 2 1 1 2 0 0 1 4 4 2 1 4 3 1 1 0 3 4 1 5 2 4 2 4 0 1 0 1 3 4 2 1 1 2 3 3 0 4 3 1 3 0 7 0 0 2 1 3 2 1 0 2 2 5 1 4 2 2 3 0 1 2 4 1 0 3 0 1 3 2 2 4 1 3 3 2 2 3 2 1 1 1 2 2 3 2 4 4 2 1 1 1 2 0 1 1 3 3 2 3 1 1 2 2 4 1 3 2 1 4 2 3 1 3 2 3 3 3 4 2 1 3 1 2 4 2 2 1 1 2 1 0 4 1 1 4 2 2 2 0 2 3 2 0 1 1 2 0 1 3 1 0 2 1 1 3 2 0 5 2 2 5 1 1 4 4 2 0 2 0 4 1 2 1 4 4 3 5 0 3 2 3 4 0 1 0 4 1 1 4 2 1 1 2 3 0 1 2 0 1 1 3 2 1 2 2 1 0 4 1 1 0 0 0 1 0 4 3 3 1 4 3 1 2 4 1 1 5 2 0 0 4 2 2 3 2 1 0 3 0 2 3 0 2 1 5 0 3 0 1 2 2 1 4 0 3 1 2 5 1 4 0 1 2 2 0 4 1 0 0 1 2 3 3 2 1 1 2 3 4 2 0 0 0 0 2 5 4 2 1 5 7 1 0 4 2 2 1 0 2 3 1 1 1 3 2 2 0 0 1 6 1 2 4 3 2 3 0 2 2 1 1 0 3 2 2 3 3 3 0 0 0 1 3 2 4 6 1 2 2 1 4 3 0 2 4 2 0 3 2 0 2 1 2 7 2 3 4 2 3 2 0 2 1 3 5 0 3 2 4 0 0 4 1 1 4 2 0 1 1 0 2 2 3 1 5 2 2 2 0 5 4 2 3 2 1 2 2 2 1 1 7 0 4 2 2 3 3 0 3 1 3 4 2 1 2 2 2 4 1 2 0 2 1 3 1 2 0 2 2 0 4 3 0 2 3 1 1 3 4 3 2 3 1 6 1 2 1 1 3 1 2 1 2 3 4 2 1 2 0 1 2 3 2 1 0 0 1 1 3 3 4 0 3 1 1 3 3 2 1 1 1 0 0 2 0 2 3 3 1 5 1 2 0 2 2 4 4 0 2 4 0 2 2 3 3 0 2 2 2 1 3 3 0 3 1 3 2 0 1 3 3 3 4 1 3 4 2 1 1 1 4 1 5 0 1 1 1 1 2 1 7 3 4 3 4 1 1 1 0 0 3 5 4 4 3 4 5 0 3 1 2 5 1 3 3 3 0 2 1 4 2 1 1 1 0 5 1 4 2 3 2 5 2 1 3 2 2 2 1 1 0 6 1 2 1 1 1 2 3 3 4 6 1 3 0 2 0 3 2 2 5 3 2 2 2 2 3 2 1 0 2 1 1 2 2 5 4 6 0 3 1 4 1 2 2 2 1 4 1 2 2 1 0 2 1 1 4 2 2 1 1 2 1 2 0 1 1 3 3 3 2 2 2 1 2 2 2 3 3 3 0 3 2 1 3 1 2 3 1 3 3 0 3 0 0 0 1 2 0 1 3 3 4 2 2 0 5 1 5 6 7 4 1 2 1 0 3 0 0 1 2 4 2 1 1 1 3 1 1 0 2 3 3 2 3 1 1 1 0 2 0 4 1 3 4 1 2 2 1 1 1 4 2 1 3 4 1 2 2 1 1 3 2 3 1 1 1 1 2 4 3 3 0 1 0 0 2 3 0 3 4 1 2 1 0 4 0 2 1 1 2 1 3 0 3 2 1 4 0 3 1 5 2 1 1 1 1 2 2 1 0 1 2 1 3 3 5 4 1 3 3 2 4 3 1 2 0 3 0 4 3 0 1 0 4 4 1 2 0 3 1 2 2 1 4 2 3 1 2 3 1 2 3 1 0 2 0 2 1 3 2 1 3 0 3 3 2 2 1 3 5 2 1 0 1 1 3 2 3 1 1 3 5 3 0 2 3 3 0 0 2 1 3 4 2 1 4 1 3 1 1 3 2 3 3 0 5 1 1 4 1 3 1 1 1 0 4 2 1 0 1 2 1 2 1 1 2 3 3 2 0 1 1 2 0 1 2 1 3 2 3 1 2 3 1 1 2 0 4 1 4 2 2 3 3 2 1 1 3 1 3 1 0 0 2 1 1 3 2 0 0 3 3 2 5 5 3 0 0 1 2 3 4 2 3 2 1 2 1 1 1 2 2 2 3 3 1 1 2 5 2 1 2 1 3 2 1 2 0 3 0 3 0 2 6 0 3 0 4 1 3 3 1 2 2 2 4 4 1 2 0 4 4 1 0 1 2 1 1 2 5 2 3 0 2 1 1 2 0 3 0 1 1 2 0 2 1 0 2 2 3 4 0 2 1 1 5 3 0 1 1 1 1 3 1 1 0 4 7 2 0 2 2 2 3 2 1 4 1 4 1 1 1 0 3 3 1 2 2 2 2 4 2 3 4 2 3 2 2 1 1 1 2 0 2 4 2 0 3 3 0 3 4 2 3 0 1 3 5 1 0 3 1 2 1 3 4 2 1 4 0 1 1 2 2 3 2 6 1 1 0 1 0 1 2 2 1 0 3 5 3 2 4 1 1 2 0 4 1 0 3 0 4 3 3 2 2 2 3 1 2 2 2 0 3 4 1 1 6 1 1 2 5 1 2 0 6 0 3 2 2 1 1 2 1 3 1 2 2 1 0 1 4 2 0 4 0 2 2 1 1 3 1 1 3 3 2 2 3 2 0 3 1 1 2 1 2 2 4 3 2 3 2 1 3 3 2 1 3 2 1 3 3 4 2 3 2 2 2 3 1 1 3 3 2 7 3 1 1 1 3 2 5 1 0 2 1 0 2 3 2 2 0 1 0 1 6 2 0 0 5 1 0 4 3 3 1 1 2 1 0 1 3 1 0 0 3 3 2 1 1 3 3 3 1 0 3 2 2 3 0 1 3 4 1 1 2 2 3 1 2 2 4 5 2 0 5 0 1 1 4 1 1 0 5 2 0 0 3 1 1 2 3 2 2 2 3 4 4 0 2 2 1 4 1 1 6 1 1 2 2 2 2 2 3 2 4 1 2 0 1 2 1 1 0 3 2 3 2 2 1 3 2 3 2 1 6 4 6 2 3 1 2 5 0 2 1 3 2 1 5 0 0 2 0 1 1 2 2 3 4 4 3 3 3 1 1 2 4 1 2 2 1 0 4 2 3 4 1 1 1 3 2 3 4 1 1 0 2 4 5 2 2 2 2 0 1 5 2 2 2 1 1 1 2 2 1 1 1 2 3 3 0 6 5 3 3 1 2 1 3 0 2 1 2 2 0 1 2 2 3 2 4 7 2 3 0 3 2 1 1 1 4 2 0 0 1 3 3 1 1 1 2 2 4 0 4 1 1 2 0 2 2 2 0 4 4 4 4 2 1 5 2 0 1 1 2 1 3 1 4 4 3 3 1 1 3 2 1 2 3 0 2 1 1 1 1 2 4 3 0 5 3 2 2 2 1 2 2 1 3 2 0 2 5 3 1 1 4 0 2 1 0 4 3 1 3 3 2 2 2 1 3 1 6 4 2 1 1 0 0 4 4 3 3 3 1 1 2 4 1 2 3 0 2 0 2 1 4 3 1 1 3 1 2 2 3 3 1 3 2 0 4 2 2 1 4 3 0 1 1 2 4 1 3 2 3 2 0 2 6 0 3 2 2 4 1 5 1 1 0 1 2 2 1 2 2 2 3 2 3 0 2 4 1 3 2 4 2 2 2 1 4 1 1 2 0 3 0 1 2 1 1 4 0 4 0 2 1 0 3 2 2 1 2 4 3 0 1 3 2 2 3 1 0 2 5 2 1 1 0 2 2 1 3 3 0 4 3 1 1 1 5 3 0 2 4 2 2 2 3 1 3 1 1 4 2 3 1 1 5 3 3 1 4 1 2 3 0 2 4 3 3 1 0 2 1 3 3 3 2 5 4 1 2 1 1 2 1 5 3 1 1 0 2 3 2 0 3 6 1 4 4 3 2 0 1 4 3 1 1 4 3 1 0 2 2 0 3 4 1 2 1 0 2 1 4 0 1 1 0 1 1 4 0 3 2 3 2 0 5 1 2 3 0 2 4 1 3 3 1 2 1 3 4 4 0 2 2 0 4 2 0 2 5 2 1 3 1 1 1 4 3 2 1 3 1 1 4 1 3 1 3 0 1 0 3 1 3 5 3 0 3 1 1 3 1 2 0 1 2 4 1 5 1 1 2 2 0 3 0 6 3 1 2 1 0 0 3 2 1 3 4 4 1 2 1 0 2 4 0 1 3 5 6 2 1 3 4 1 1 3 1 1 1 5 1 3 3 1 3 1 1 2 2 1 0 3 0 3 2 0 3 1 3 4 3 1 2 3 2 1 0 1 3 4 3 0 2 1 3 1 2 2 4 1 1 2 0 2 2 2 2 6 3 2 0 2 2 2 2 0 4 1 2 2 1 3 3 3 2 2 1 2 4 4 1 2 0 2 0 1 0 1 2 4 0 4 1 1 5 3 1 2 2 2 2 2 1 2 4 1 1 2 1 2 0 2 1 2 1 2 3 4 1 1 4 4 3 0 1 3 2 1 1 2 1 1 1 2 3 2 1 3 2 4 1 2 2 3 4 5 2 0 1 4 2 3 1 1 4 1 3 4 6 1 0 0 2 1 2 2 6 5 2 5 0 2 3 1 3 3 3 2 2 2 2 1 2 3 1 3 2 3 2 2 3 3 2 3 2 3 0 2 1 1 4 2 2 5 2 2 0 1 2 5 2 2 2 3 4 0 1 3 5 5 1 3 4 0 3 1 2 1 0 1 0 3 2 2 3 2 1 1 2 2 1 0 1 0 2 1 2 2 2 0 4 2 2 1 2 3 1 2 3 1 3 4 1 1 3 0 1 3 2 2 0 1 3 2 1 2 2 0 3 0 1 2 1 1 3 3 3 3 1 3 5 2 2 1 3 2 2 0 3 3 3 1 3 4 1 2 2 6 1 0 2 1 3 1 4 0 3 1 1 1 4 2 4 3 2 1 1 2 0 1 2 1 0 0 1 2 3 4 2 1 3 2 0 2 0 2 0 1 2 0 1 1 3 3 1 0 3 2 1 3 2 2 2 0 2 0 1 2 1 1 1 2 3 4 1 2 2 1 4 3 1 1 2 2 4 0 1 1 2 3 2 1 2 3 1 1 2 1 1 1 2 3 4 3 1 0 0 1 3 2 4 1 3 0 1 0 1 3 0 1 5 1 1 0 4 3 4 3 4 3 0 1 0 0 2 1 3 0 0 2 1 4 5 2 1 4 2 1 2 1 2 1 1 2 4 1 3 2 5 1 3 1 2 2 1 2 2 0 1 0 3 1 5 3 1 2 5 1 1 1 0 2 1 3 3 2 1 0 1 2 4 1 1 1 1 1 2 3 3 1 0 1 3 0 0 2 0 4 2 0 2 0 1 1 1 7 4 3 1 2 1 3 3 1 2 3 2 1 2 3 0 3 4 3 1 0 2 1 3 5 2 0 0 3 2 0 2 1 2 2 4 2 3 2 0 4 2 2 4 3 3 3 0 1 1 2 4 1 4 1 3 0 1 3 3 1 2 2 1 1 3 2 3 5 4 1 1 0 1 1 1 2 5 3 4 1 1 5 1 3 4 0 2 4 3 1 3 1 3 1 0 2 2 1 2 1 4 0 2 0 2 2 1 2 4 3 0 4 0 4 3 2 3 1 3 0 1 0 4 3 5 0 2 1 1 6 1 2 2 4 1 3 0 2 1 5 3 1 1 1 3 2 1 3 2 2 3 3 3 3 2 2 0 1 1 2 3 4 3 2 2 0 2 3 2 1 4 2 2 2 0 3 3 0 1 1 0 2 2 1 3 2 1 3 3 2 0 2 1 0 3 3 2 1 2 6 1 3 2 1 2 4 2 2 1 0 1 0 3 2 3 3 6 1 4 1 0 3 3 4 1 0 3 3 2 4 2 1 2 1 2 2 3 1 5 1 1 6 1 2 2 1 1 3 5 0 3 3 3 1 2 3 0 3 1 1 1 4 3 4 1 3 1 4 2 0 0 2 2 1 2 0 3 3 3 2 1 2 2 2 0 3 1 4 3 3 3 1 5 3 5 2 1 1 0 3 1 4 1 1 3 4 1 2 2 4 1 0 2 1 2 1 2 1 1 0 3 2 4 2 1 0 2 0 0 2 5 1 1 3 3 0 2 2 2 4 3 0 1 1 3 2 2 2 3 1 1 1 3 2 2 2 2 2 2 0 2 1 1 3 3 3 1 2 1 0 1 4 0 4 4 1 2 3 2 1 3 1 4 0 2 1 3 3 1 3 1 1 2 0 6 3 2 2 1 2 1 2 0 2 6 1 1 0 2 1 1 3 3 2 1 3 3 4 3 2 2 2 0 0 2 3 2 0 3 1 1 3 1 1 3 3 1 2 3 1 0 1 1 2 0 0 2 3 2 2 5 1 1 4 2 3 1 3 1 2 1 5 0 3 0 2 1 3 1 5 2 2 2 1 1 1 1 3 3 4 1 2 2 1 2 1 3 0 2 1 1 2 0 3 1 3 2 1 3 1 2 2 0 1 2 2 3 0 0 1 1 3 2 1 2 1 3 0 0 1 1 2 2 1 1 2 3 0 2 2 3 1 0 6 5 1 3 1 3 1 0 7 2 3 6 2 2 1 4 1 3 1 3 1 3 0 0 2 2 2 0 2 2 3 2 3 2 2 2 2 4 3 3 3 0 3 3 2 1 1 1 0 3 1 0 2 1 0 2 2 2 4 1 1 1 0 2 1 3 3 0 1 2 1 2 2 3 0 0 1 2 2 1 0 3 2 1 2 3 5 0 0 3 2 2 2 1 2 3 2 1 1 7 3 1 3 2 3 2 2 3 3 3 2 3 2 0 1 1 0 1 0 1 2 4 2 1 2 3 2 1 1 1 3 4 4 1 2 1 0 2 0 1 3 2 2 2 3 1 2 1 1 4 1 2 2 5 1 1 1 1 1 4 1 4 1 1 2 1 2 1 1 5 3 3 3 3 1 1 1 3 1 5 1 4 2 0 2 2 4 2 3 5 5 0 1 2 1 1 4 1 2 1 1 2 6 3 0 1 1 2 0 2 3 0 2 2 6 3 2 2 0 2 0 4 0 2 3 0 3 1 2 4 2 2 1 3 3 2 4 2 3 1 0 3 7 2 1 2 3 1 1 3 0 1 1 4 2 1 0 4 4 1 4 1 2 2 1 3 4 1 4 4 2 0 1 1 0 0 7 3 4 0 2 2 1 3 0 1 2 2 3 2 1 0 1 2 2 2 2 1 2 2 1 5 2 1 1 0 0 2 2 2 1 0 5 5 2 1 3 0 2 2 1 3 2 2 4 5 1 2 2 0 2 5 3 5 1 1 2 2 0 3 2 2 1 2 3 0 5 1 2 1 3 0 2 6 2 1 1 1 1 1 2 1 2 6 3 1 5 0 1 2 2 6 3 0 1 0 1 6 1 1 4 3 1 1 3 2 1 2 2 2 2 0 0 1 0 4 2 1 6 3 2 0 7 1 1 4 1 2 1 3 3 1 2 2 1 3 1 2 4 0 1 2 2 2 0 0 4 4 3 3 3 3 4 1 1 2 0 2 4 2 3 3 2 2 1 2 5 2 4 1 3 3 0 2 1 1 3 4 4 1 4 2 1 1 2 2 3 2 1 3 0 4 3 2 4 0 0 1 2 1 2 1 1 2 4 1 2 2 1 1 1 1 8 1 2 5 6 0 1 2 2 1 3 2 3 1 2 1 1 2 3 3 2 2 2 1 1 3 4 1 6 1 1 1 1 4 4 1 1 1 1 4 2 1 1 1 1 3 3 0 1 3 3 2 3 3 2 4 0 0 2 2 0 2 0 2 2 2 3 0 1 0 0 2 7 3 1 1 4 1 1 1 5 0 4 1 4 2 2 5 3 2 0 2 1 1 1 4 3 2 0 1 4 2 1 1 2 3 1 3 0 0 5 4 3 3 0 3 2 1 1 1 2 2 2 3 1 1 2 3 1 0 4 1 1 4 3 2 5 4 1 3 4 2 2 0 1 1 1 2 1 2 1 2 1 4 1 2 2 2 3 1 2 1 3 2 1 1 6 0 1 1 0 4 2 2 2 4 0 1 3 0 4 2 1 0 2 0 1 1 1 3 0 1 0 0 3 0 3 1 3 2 1 2 3 7 0 2 1 2 1 1 6 2 2 1 2 2 1 1 3 4 0 2 1 3 3 2 2 1 1 1 2 1 0 2 1 1 3 1 1 2 0 2 2 2 3 2 2 3 4 1 4 0 3 2 3 1 1 2 1 4 3 3 3 2 2 0 1 0 4 2 4 0 2 2 2 1 0 1 4 4 1 3 2 3 3 1 2 2 4 2 1 3 0 1 2 1 3 3 1 3 4 4 2 2 2 1 3 4 0 1 3 3 2 3 4 1 3 1 0 2 2 5 0 1 3 1 0 0 2 6 2 2 2 2 1 3 4 1 2 2 2 2 3 2 4 4 1 1 0 1 3 1 1 1 1 0 3 1 4 2 0 1 3 1 3 3 1 2 2 1 3 4 2 3 0 2 1 1 4 1 5 1 4 1 4 2 0 2 0 2 2 4 0 4 2 4 2 3 2 0 4 2 1 1 0 1 1 2 0 3 1 4 1 2 1 2 2 1 1 2 1 2 2 5 4 3 1 1 1 0 1 1 7 1 2 2 3 5 2 4 1 2 2 1 1 3 2 1 0 5 6 2 1 1 1 4 3 0 3 1 0 0 0 1 2 1 1 3 4 2 0 3 2 2 0 1 3 2 1 1 2 3 0 0 2 3 3 1 2 1 4 4 2 0 1 2 5 0 0 1 1 1 5 0 2 3 3 1 1 6 1 2 4 0 2 5 1 3 2 0 3 2 2 1 1 0 3 3 2 3 2 1 1 1 3 0 5 0 1 1 2 1 2 2 3 1 2 1 2 3 2 2 5 0 1 1 1 2 2 2 1 2 3 6 1 2 6 1 0 3 6 3 1 0 1 1 1 2 3 5 3 2 0 1 1 2 2 1 1 2 3 4 2 0 2 2 4 1 1 1 1 2 2 1 3 3 2 4 2 1 1 3 1 3 2 1 1 1 1 2 1 1 2 2 1 2 1 0 3 0 2 1 0 1 1 3 2 5 2 3 1 0 2 4 3 1 3 1 0 1 1 3 0 3 1 2 1 1 1 2 2 3 3 1 0 1 3 3 1 3 3 2 0 0 2 2 4 2 2 2 4 0 2 1 1 6 5 2 4 1 1 3 1 0 0 3 3 2 0 1 2 2 3 5 1 1 2 2 2 0 2 0 4 1 4 0 1 0 3 3 1 2 3 2 2 0 2 0 5 3 1 3 1 1 3 1 2 1 2 1 4 2 3 1 1 2 2 3 0 5 1 3 2 2 3 1 1 3 1 3 2 2 2 3 2 0 1 0 0 2 2 1 2 1 1 3 2 1 1 2 0 1 1 5 1 2 1 6 2 0 4 3 1 2 3 3 3 1 2 2 1 0 3 0 0 0 3 4 5 1 4 3 1 2 0 2 3 2 2 5 3 1 1 0 2 1 6 0 4 3 3 2 3 0 1 0 1 1 2 3 5 1 3 0 1 0 2 2 1 3 2 3 2 4 2 1 1 3 1 1 2 3 3 3 2 1 2 5 4 4 0 1 1 2 0 0 1 1 2 4 3 3 1 4 2 3 0 1 3 2 3 3 3 0 0 1 4 5 3 1 0 2 0 0 1 3 1 2 3 4 5 2 4 2 2 1 4 1 4 1 2 0 3 1 0 4 1 0 2 4 2 0 1 0 5 4 3 1 1 0 3 4 2 0 2 2 5 3 2 1 2 1 1 3 4 1 4 1 2 2 1 5 1 0 3 2 5 1 0 3 2 1 2 5 1 4 1 3 1 1 4 1 1 1 3 2 1 3 4 3 1 1 4 2 1 3 4 0 4 0 1 1 4 0 2 1 1 1 2 1 4 1 4 0 2 4 3 1 0 0 0 2 0 1 2 4 2 1 4 3 2 0 1 2 4 2 2 3 3 0 1 1 1 1 0 6 1 2 3 2 5 2 2 2 1 1 2 4 1 2 4 1 4 0 1 2 3 0 3 0 1 3 4 3 2 1 1 3 2 1 2 3 1 3 0 0 3 3 0 1 2 3 2 1 2 1 3 5 2 0 0 3 0 3 2 1 2 3 2 2 4 3 4 2 1 0 2 3 1 0 1 1 3 5 4 1 3 5 0 0 2 0 5 1 2 0 0 2 3 4 3 5 0 1 2 2 1 1 3 1 3 2 2 3 0 3 1 2 0 3 2 2 0 2 2 1 1 1 1 1 2 6 2 0 0 6 5 1 4 1 3 1 0 3 0 1 1 3 4 1 2 4 1 1 1 2 1 3 4 3 3 2 1 1 0 3 2 3 2 2 2 1 1 2 2 1 5 3 1 3 0 4 2 1 2 2 1 3 3 2 0 3 2 2 3 1 2 1 0 2 2 1 1 1 1 2 2 1 3 5 2 2 0 2 2 2 4 4 1 0 2 1 2 2 2 1 3 4 2 3 3 3 3 1 3 3 0 0 3 0 2 1 3 2 3 0 1 2 2 1 6 1 0 2 1 4 1 2 2 2 2 2 1 2 3 3 2 3 4 6 1 2 0 1 2 1 0 2 3 5 2 3 6 3 0 1 1 1 1 1 1 2 3 2 3 2 2 2 0 2 3 5 1 3 1 2 5 2 3 1 4 0 3 2 2 0 1 2 3 0 1 3 4 0 2 3 1 2 0 1 1 1 1 2 4 3 3 1 3 1 1 1 4 0 1 2 1 1 1 1 1 0 5 5 3 1 1 2 1 2 1 3 3 3 4 2 2 1 1 0 1 3 2 4 3 0 1 1 0 1 3 2 1 3 2 2 1 2 1 2 3 2 1 2 3 3 4 3 2 1 2 1 1 3 1 1 2 2 2 2 1 2 2 3 1 1 2 1 0 3 2 4 1 2 1 2 2 1 3 2 1 2 1 3 2 3 2 1 3 0 1 1 1 0 2 1 2 5 2 6 0 2 4 1 3 3 1 3 1 1 3 0 3 1 2 1 3 0 2 2 2 1 3 0 0 4 1 3 3 1 2 2 0 2 0 2 2 1 4 3 1 3 3 4 1 1 0 1 1 4 1 3 1 1 2 2 2 1 3 4 3 2 1 0 2 3 1 3 1 4 2 1 2 1 1 4 3 2 2 3 3 1 5 3 1 1 0 2 1 4 4 1 2 3 2 0 2 3 2 2 4 4 1 2 2 1 1 1 0 3 4 2 3 4 1 0 1 3 0 1 1 3 2 3 1 3 1 2 2 4 1 1 3 2 1 0 3 3 1 1 4 1 1 1 2 2 3 4 3 2 4 4 0 1 0 3 4 3 3 3 3 4 1 1 4 2 1 0 1 4 6 3 1 2 1 2 2 2 1 4 0 1 2 4 1 1 2 1 3 1 1 2 4 5 1 5 3 1 2 4 0 2 3 2 1 1 3 1 1 3 1 3 2 1 0 1 0 4 2 0 2 1 1 1 1 0 3 1 4 3 3 3 0 0 2 2 2 1 2 3 1 3 6 1 3 2 0 3 0 4 3 1 3 4 2 0 3 2 3 1 2 1 0 1 2 3 2 1 2 1 0 1 0 0 2 3 2 4 2 0 1 0 1 3 2 0 0 3 3 2 0 0 5 1 2 0 0 1 4 1 3 3 1 2 4 0 2 1 1 1 3 1 1 3 3 5 2 1 0 1 2 2 2 1 1 1 0 3 2 2 3 3 1 0 2 2 0 2 4 0 2 3 3 4 4 1 2 1 1 1 0 3 4 4 2 3 1 1 1 0 0 3 0 2 1 3 4 4 2 0 1 2 4 3 2 1 3 2 1 1 2 1 0 1 0 1 1 2 2 3 5 6 0 1 0 2 1 1 2 1 0 1 3 2 3 2 2 1 2 2 3 2 3 1 3 1 5 2 4 1 1 2 3 1 1 2 2 0 4 1 0 4 3 2 2 1 0 1 1 1 3 3 0 1 3 2 2 4 1 1 1 3 3 1 1 0 2 2 4 2 1 3 1 0 0 0 0 5 2 4 2 3 1 0 3 0 1 1 1 4 3 0 0 0 2 1 2 3 1 0 2 3 0 3 1 3 0 3 5 2 1 1 1 2 1 3 1 2 2 1 3 3 2 1 2 2 2 0 0 3 3 2 0 1 4 4 0 2 2 2 4 4 1 3 1 2 2 0 3 0 2 0 1 3 1 3 2 2 2 2 4 2 1 0 3 3 1 3 1 1 1 3 3 3 1 1 5 5 0 1 1 0 3 2 0 3 1 4 1 2 3 1 3 0 3 2 1 2 1 0 5 4 2 2 1 3 0 2 1 0 1 2 4 3 2 1 3 0 1 1 2 2 0 5 3 2 0 2 2 2 0 1 2 4 4 3 1 1 8 5 1 1 3 0 1 0 2 2 5 4 1 3 2 4 1 1 2 0 1 0 1 4 2 0 2 3 3 1 3 4 0 3 3 2 2 2 2 3 4 0 1 2 1 1 3 5 3 4 2 4 1 0 0 5 2 2 1 3 0 2 1 2 1 2 3 3 5 0 2 3 0 0 3 2 3 2 2 3 2 2 1 3 1 0 0 0 2 3 1 7 2 1 1 0 2 2 2 3 4 2 3 6 4 4 2 1 2 2 1 0 1 2 2 2 1 5 0 2 4 0 3 1 5 3 3 2 4 3 4 2 1 2 1 0 1 2 3 2 3 1 2 4 4 0 0 2 2 2 2 1 4 0 1 4 2 1 0 2 1 1 0 1 0 0 1 1 2 1 3 2 3 4 2 0 1 0 2 1 4 2 0 1 1 3 1 2 3 4 6 0 1 3 0 0 3 3 1 4 2 1 2 2 3 4 0 1 4 1 1 1 1 1 3 0 3 1 1 3 2 1 2 2 3 4 0 1 0 1 2 2 1 2 3 0 6 3 5 2 2 1 1 0 2 2 2 2 2 2 1 3 1 3 1 0 2 0 2 4 2 1 0 1 4 2 1 3 1 6 1 3 0 1 2 1 4 1 1 0 0 0 4 0 2 2 3 1 3 1 2 1 3 3 3 1 1 2 1 5 4 3 1 2 3 3 1 0 1 2 2 2 0 2 2 1 2 4 2 0 1 1 1 0 3 0 2 0 0 2 2 1 5 3 3 3 3 2 1 1 2 2 3 0 0 3 4 0 2 3 2 0 1 3 4 4 2 3 2 1 1 3 3 2 2 4 1 3 3 2 1 2 2 4 3 3 3 1 1 2 2 2 0 1 5 2 4 6 1 1 4 0 2 2 1 2 1 3 3 1 0 2 1 1 1 1 3 2 0 5 0 2 0 1 2 1 2 1 3 3 0 1 2 3 3 1 2 2 4 4 1 0 3 3 3 0 1 3 3 2 0 1 2 0 1 2 1 0 5 3 0 3 2 2 1 1 2 3 3 3 1 0 3 1 5 0 3 4 2 2 0 1 2 4 1 3 2 3 2 0 1 3 1 3 0 4 1 3 2 0 0 6 2 3 0 3 5 2 2 0 3 2 0 3 2 1 2 2 0 2 2 3 2 1 0 2 2 6 3 3 1 2 0 2 1 2 1 2 2 2 3 4 3 3 0 3 2 1 3 2 1 2 2 1 2 1 5 3 0 1 0 0 2 2 1 2 3 1 2 3 1 2 1 1 1 4 2 2 2 1 1 2 0 1 2 2 3 2 3 2 0 2 1 2 1 2 0 1 1 3 1 3 1 2 2 5 2 5 2 2 2 1 2 3 2 2 2 2 1 2 3 2 2 1 0 4 3 1 3 2 5 0 3 6 3 3 2 2 1 4 0 0 3 1 0 2 2 1 3 2 3 3 3 4 1 1 4 2 3 0 2 1 3 5 2 1 1 2 0 3 0 2 5 4 2 2 1 0 3 3 1 2 3 0 0 4 0 0 5 2 2 1 2 4 5 6 1 1 1 0 0 1 4 3 3 2 1 0 0 1 2 1 3 2 4 1 5 5 0 2 2 2 0 1 2 3 3 2 0 4 0 1 2 2 4 2 2 2 4 1 2 1 2 3 3 1 3 2 1 4 1 0 0 5 0 2 3 0 1 2 3 1 1 0 3 1 2 1 0 3 3 0 1 3 2 3 1 3 1 7 3 3 0 3 0 2 3 2 3 1 1 6 2 0 3 1 4 2 2 0 4 2 2 2 2 2 2 4 1 0 1 5 1 6 0 4 1 4 0 1 3 1 1 2 3 4 0 2 1 0 2 4 1 3 0 0 0 5 3 1 1 1 0 0 3 4 1 1 1 3 1 2 2 4 3 1 0 4 0 2 5 2 2 4 1 1 1 0 4 3 2 4 1 3 4 2 1 0 1 2 1 3 1 2 2 1 1 2 1 1 3 2 2 3 3 1 2 1 1 2 2 1 1 5 2 2 2 3 3 1 1 2 0 0 2 0 2 4 4 2 3 2 1 5 4 1 3 0 1 1 3 1 2 3 3 1 0 2 4 3 1 2 5 2 2 4 1 0 3 0 0 1 3 3 1 4 2 1 1 5 1 4 2 4 1 1 1 1 1 3 2 4 1 3 2 0 4 1 3 1 2 2 2 1 1 4 0 3 0 1 3 0 1 4 1 3 1 3 1 5 3 1 2 1 0 2 1 2 6 2 0 2 1 0 2 4 1 1 2 3 2 1 2 2 0 1 2 2 1 1 2 1 4 3 3 1 2 2 6 2 0 3 2 3 2 1 1 2 0 0 1 1 3 2 4 1 3 4 2 2 1 3 0 2 2 1 4 0 2 2 2 3 2 3 3 5 3 1 1 1 1 4 0 2 2 2 1 1 3 0 2 2 2 1 6 1 1 1 1 2 1 6 4 0 2 1 0 2 1 3 3 3 1 3 2 0 2 2 2 0 3 2 3 2 0 2 5 2 1 3 0 1 2 2 1 3 1 1 4 2 2 2 2 3 3 1 1 2 1 2 2 3 1 2 3 1 1 1 1 1 3 3 2 4 1 6 4 2 1 1 4 2 6 2 2 3 0 1 2 1 0 3 3 1 4 3 3 2 1 1 1 3 1 1 1 1 1 1 2 1 2 2 2 1 3 0 4 4 1 2 3 1 2 4 1 5 3 3 2 3 2 1 1 4 2 2 1 2 4 1 1 0 3 1 3 2 2 0 1 2 1 1 0 5 0 0 2 2 3 1 1 2 3 4 2 2 5 1 3 2 1 1 2 1 2 5 2 2 5 3 2 1 2 2 1 1 2 2 1 1 3 3 1 2 2 0 0 1 1 2 0 0 1 3 0 1 3 1 0 2 3 5 3 1 2 1 2 2 1 1 1 4 0 0 4 1 3 2 2 2 2 2 2 1 2 5 2 1 4 1 1 2 3 1 2 2 0 1 2 3 1 0 2 1 3 2 2 0 2 4 1 2 0 2 0 3 3 3 4 2 2 1 1 1 3 2 2 0 3 2 2 1 2 3 2 4 1 2 2 5 4 1 1 0 2 0 1 0 3 4 3 4 1 2 0 2 1 3 2 4 5 3 2 1 1 0 2 1 3 2 4 1 1 2 3 1 4 0 2 1 3 3 1 3 2 1 4 2 1 2 2 0 3 3 0 2 1 5 1 2 1 2 0 1 2 5 3 4 1 0 3 1 3 1 3 6 2 1 1 0 5 3 1 3 1 3 2 1 4 3 0 0 2 3 1 3 3 4 1 2 2 3 4 2 0 1 3 2 0 2 5 1 4 3 0 0 1 2 4 3 4 4 0 1 0 1 1 2 0 1 2 1 3 3 3 3 2 4 0 4 1 1 1 4 3 3 1 1 4 1 1 1 1 3 1 1 1 2 3 2 2 2 2 3 2 1 2 0 1 3 2 1 5 1 2 1 1 1 3 0 6 2 3 0 2 2 5 2 4 1 0 1 2 3 1 0 4 3 2 1 3 2 1 3 5 3 2 0 0 1 2 2 0 1 1 1 1 4 2 4 0 2 2 2 2 0 2 5 1 4 2 2 0 3 2 4 1 0 1 2 1 3 2 2 2 0 1 2 1 2 1 3 2 2 1 4 2 1 1 1 5 2 0 3 1 2 0 4 2 4 1 1 1 3 3 1 3 3 1 0 3 3 0 1 2 0 4 2 1 0 3 1 1 3 3 0 0 2 3 3 2 0 2 2 1 2 1 1 0 3 0 2 1 3 0 1 2 3 0 0 1 3 0 2 2 2 1 1 3 1 4 1 2 2 2 2 3 4 3 0 1 1 2 5 1 4 3 1 0 0 4 1 4 3 4 3 2 0 6 1 2 2 1 1 1 4 2 0 2 2 2 3 0 2 1 1 2 3 3 2 3 1 1 2 1 2 2 3 1 3 2 1 0 2 2 2 3 1 2 0 3 4 1 1 1 3 1 2 2 0 1 3 2 4 3 2 2 2 4 3 2 4 0 2 2 1 4 5 0 2 3 3 2 0 4 1 2 1 1 3 4 1 2 3 3 4 1 2 1 1 1 1 4 5 4 0 1 0 3 2 1 4 4 3 2 1 1 1 2 2 0 1 3 2 1 5 3 4 1 1 1 0 5 2 1 0 3 1 1 0 1 0 2 1 1 2 4 1 1 0 2 1 1 1 2 1 2 1 0 1 2 3 0 1 1 2 2 1 4 1 1 3 0 1 2 2 3 3 3 1 1 3 1 3 2 3 2 1 1 0 1 1 3 2 4 0 2 1 1 3 2 1 2 2 2 2 1 3 3 2 1 6 2 0 1 1 3 0 4 3 4 1 2 1 3 1 1 0 0 0 0 3 2 3 2 4 3 5 1 3 2 1 1 3 3 4 2 0 5 2 3 1 0 3 1 1 4 3 3 2 2 1 0 3 1 1 2 4 3 0 2 3 2 3 3 2 1 1 2 2 3 3 2 2 3 3 0 3 3 1 1 0 3 3 2 2 3 1 3 1 2 3 2 0 1 4 3 1 3 1 3 2 2 3 3 4 4 6 4 1 1 0 3 1 1 1 5 2 2 1 0 3 4 2 0 3 1 1 4 2 0 1 4 2 2 3 2 4 2 2 1 5 3 2 2 3 0 0 0 1 1 2 3 1 1 2 2 0 1 1 3 3 1 2 2 3 3 0 3 1 4 3 2 3 1 3 1 2 2 0 2 0 1 6 0 2 3 1 3 1 1 3 0 1 1 3 1 2 3 1 3 2 3 0 0 2 1 5 2 2 3 2 1 4 3 5 5 1 2 4 1 3 1 4 1 3 1 0 3 1 3 4 2 4 2 2 1 1 2 4 2 1 1 2 5 1 2 3 3 3 4 3 3 0 0 1 1 0 4 2 0 1 1 2 2 2 3 0 0 2 3 0 2 5 1 3 2 1 2 3 1 2 2 2 4 0 3 0 0 1 2 2 3 2 3 2 4 2 3 0 3 1 6 1 2 2 3 2 2 1 1 2 3 6 2 1 1 5 1 2 2 2 2 3 2 1 2 1 4 1 2 0 1 1 1 2 1 5 2 0 2 1 2 1 7 2 1 0 4 4 0 1 2 3 1 0 0 1 1 1 4 1 0 4 1 0 1 2 2 1 2 3 0 1 1 1 2 1 1 3 5 2 0 1 3 1 2 3 3 1 0 4 2 3 2 2 1 1 0 3 3 1 1 1 4 1 0 4 0 1 1 3 0 2 2 2 1 3 2 3 5 2 5 1 3 3 2 1 1 2 0 3 1 0 2 2 1 0 4 1 2 0 2 2 2 2 3 2 1 2 2 3 3 4 0 2 1 2 0 3 3 0 0 3 1 2 0 1 1 3 4 1 3 2 3 0 1 3 2 3 0 2 4 2 2 2 1 0 1 2 0 2 4 2 4 3 1 2 3 2 1 2 3 2 1 3 2 0 4 2 0 2 2 2 1 2 2 1 2 2 0 3 4 0 4 4 3 1 0 2 2 2 0 2 3 4 2 2 3 2 4 2 0 1 1 1 3 3 3 2 1 4 4 3 0 1 1 3 7 1 1 2 2 1 1 1 1 0 7 2 1 0 3 2 4 0 1 3 2 0 3 0 3 2 2 0 1 1 3 1 3 2 3 2 2 0 2 0 2 3 2 3 2 3 1 2 1 2 2 5 3 5 1 2 1 2 3 3 1 2 1 0 3 4 1 1 1 1 4 1 1 5 1 3 0 2 2 0 1 3 1 2 1 3 4 0 1 3 1 4 0 3 0 2 1 1 1 3 3 1 5 2 4 3 2 3 0 3 1 0 0 2 2 0 3 2 0 2 1 0 0 2 2 1 2 3 1 2 5 1 2 3 1 1 4 2 4 4 3 5 2 0 1 1 2 4 3 1 2 0 0 1 2 1 2 1 2 1 1 3 1 1 4 2 2 2 3 2 1 2 2 2 4 3 4 1 0 1 2 2 3 2 1 2 3 1 1 1 1 1 0 2 3 1 4 4 2 2 1 3 1 2 1 1 2 3 0 2 2 1 4 3 3 1 2 0 0 1 1 3 7 2 4 1 0 3 0 0 5 3 2 3 2 1 1 0 2 2 3 0 0 0 2 2 0 5 2 0 1 2 2 3 3 3 2 0 1 3 0 2 4 2 2 3 1 1 2 5 1 5 1 0 1 1 3 1 1 2 2 2 2 3 1 1 1 1 5 1 1 2 3 3 2 0 2 1 3 4 0 2 7 5 0 6 0 2 2 2 1 1 1 3 5 6 2 3 1 3 3 3 1 2 4 1 1 1 3 1 1 4 2 3 2 2 3 2 1 1 0 2 2 1 2 3 2 4 0 1 2 1 3 3 0 2 3 1 1 3 3 4 5 1 3 1 3 3 1 2 1 3 4 2 3 1 3 2 1 3 1 1 1 1 4 2 7 1 0 1 3 2 2 1 3 3 3 2 3 3 2 1 4 5 2 2 0 4 1 0 2 1 0 1 0 4 3 2 2 0 4 2 2 3 3 2 2 0 2 2 1 2 1 4 2 1 1 4 2 5 1 1 1 2 1 2 1 3 3 2 2 4 0 3 0 3 4 2 1 4 1 2 0 3 1 3 1 0 1 1 0 5 3 4 5 2 2 1 2 1 5 2 2 1 3 5 2 1 2 3 3 3 1 1 0 0 3 4 7 2 2 3 2 5 3 3 0 2 2 1 2 1 2 2 2 3 1 2 0 3 4 1 3 1 3 0 1 3 1 5 3 3 3 3 3 1 1 0 3 1 1 3 2 1 5 1 3 0 0 2 3 3 3 1 4 0 1 2 3 3 4 1 2 4 2 3 1 1 2 1 4 3 2 1 2 2 2 2 0 2 2 3 3 0 2 3 1 5 1 0 0 2 1 0 0 3 1 1 3 2 3 3 3 3 3 2 2 1 2 2 0 0 4 2 0 2 1 2 2 2 3 1 4 1 0 0 4 1 1 1 2 2 2 1 0 2 3 2 2 0 3 2 2 2 2 1 2 2 4 1 2 2 3 3 1 0 1 0 1 7 5 1 3 2 2 2 1 2 2 1 1 1 1 3 0 0 2 1 3 4 2 1 2 0 2 3 2 2 4 0 5 1 2 3 2 2 1 0 2 4 0 3 2 0 1 2 1 1 2 2 2 2 1 1 2 0 1 2 4 5 2 3 1 1 0 6 4 2 2 1 1 7 0 1 0 2 1 5 1 1 2 1 2 1 2 4 3 1 2 0 0 5 1 0 2 0 2 1 3 2 2 7 3 2 1 2 1 0 3 3 1 1 1 2 3 3 2 1 2 0 3 3 0 3 2 4 2 3 5 3 2 0 5 1 3 4 0 2 2 0 1 2 1 3 2 0 3 2 2 1 2 3 3 4 2 2 3 2 3 3 3 1 1 2 3 3 1 2 2 2 1 3 1 1 5 1 3 0 4 1 4 1 3 3 2 4 1 4 1 1 1 0 0 2 3 1 1 2 1 2 1 3 6 2 2 1 0 0 2 0 3 3 1 2 3 6 2 4 0 4 4 2 3 2 3 2 1 3 0 5 1 0 2 4 0 2 1 5 2 3 0 0 3 2 0 2 0 1 2 3 1 2 2 0 1 3 0 1 2 1 4 2 1 2 3 3 2 1 5 1 3 2 2 3 1 3 2 3 4 1 1 3 1 1 0 0 1 2 0 3 2 2 2 0 2 1 4 2 1 4 6 1 2 3 0 1 2 3 4 2 0 2 1 2 1 2 1 1 4 2 3 3 2 1 2 1 0 1 0 1 0 1 4 1 3 2 1 1 1 3 0 1 4 0 0 4 3 1 1 1 3 2 3 2 5 4 0 1 2 0 2 1 1 3 2 2 2 3 2 3 1 0 6 2 1 2 1 0 1 1 1 1 1 4 2 3 2 1 7 0 4 4 2 0 2 1 1 0 1 2 3 2 1 3 1 1 1 1 0 1 3 2 4 2 0 1 2 5 1 1 0 5 2 3 1 2 4 3 2 1 4 1 2 1 4 1 1 5 3 4 1 1 0 2 3 3 3 4 1 3 1 2 1 0 1 4 1 1 0 2 4 4 3 2 2 0 1 3 1 1 1 5 1 2 2 3 3 1 2 1 3 3 1 2 1 3 2 3 0 1 1 2 3 3 3 2 1 2 2 4 5 1 2 4 4 1 1 1 0 0 1 1 2 2 4 0 2 1 5 1 3 2 2 0 4 0 3 4 1 0 1 1 2 6 0 3 2 2 2 2 4 0 2 1 4 0 1 0 1 1 2 3 2 2 1 5 1 1 0 1 1 0 2 3 1 6 2 4 4 0 0 1 0 2 4 3 4 2 2 2 3 0 1 2 1 3 2 2 2 0 2 1 3 3 0 2 4 2 1 2 1 1 1 0 4 2 4 2 0 5 2 1 1 0 2 3 2 1 2 1 2 5 0 2 0 4 0 2 4 4 1 2 1 2 1 2 1 0 4 3 3 1 2 0 1 0 3 0 3 3 0 1 1 2 1 6 3 0 2 4 1 3 1 3 1 1 1 3 0 2 0 1 1 3 2 1 3 3 0 4 2 2 2 1 2 2 2 4 0 0 2 3 3 2 1 3 2 3 0 0 1 1 1 4 3 1 1 2 1 0 1 5 4 2 1 3 6 1 2 2 1 1 3 5 0 3 1 5 3 0 1 0 0 2 6 0 2 1 2 1 1 2 1 1 0 2 2 3 2 3 1 2 1 0 2 1 3 3 7 2 1 1 0 5 2 0 1 0 1 3 2 4 1 2 1 0 2 3 3 2 1 0 2 2 2 4 1 1 3 2 2 2 1 1 2 2 5 4 1 1 2 3 1 1 2 2 4 5 5 1 1 2 1 1 2 3 3 4 2 2 2 1 4 2 3 1 5 1 4 7 1 0 0 0 0 2 3 2 2 1 0 7 0 3 1 0 2 2 3 2 1 1 4 1 2 0 1 2 0 1 4 3 3 2 0 0 2 2 2 5 1 3 2 1 1 1 0 4 2 3 1 2 4 1 4 2 3 2 1 2 0 1 2 3 1 1 0 0 2 3 3 3 3 1 0 5 0 2 3 1 2 1 2 3 2 0 2 2 1 2 2 2 1 2 2 1 5 3 3 1 2 0 2 2 3 1 2 2 3 3 2 3 1 1 0 2 1 3 2 0 2 2 2 1 1 5 1 2 0 2 5 4 1 4 1 2 0 1 2 3 3 2 2 3 0 2 0 1 2 2 1 1 0 2 3 3 3 2 2 1 5 1 3 3 4 2 1 1 2 0 1 1 3 2 2 0 1 0 2 3 0 2 2 4 3 0 0 2 3 1 0 3 2 4 1 3 4 6 7 3 4 1 1 1 2 0 2 1 3 1 3 3 2 3 3 0 1 0 4 1 2 2 2 0 3 1 1 1 3 1 1 1 2 4 2 1 3 1 2 1 1 2 0 1 3 5 1 0 1 2 3 1 4 3 1 0 2 2 4 2 3 3 2 0 2 1 2 3 0 2 2 3 0 3 3 1 1 1 1 1 6 5 1 1 3 1 0 0 2 2 2 1 1 2 5 1 2 2 1 2 3 1 3 1 2 4 3 1 0 1 1 1 2 1 3 1 4 1 0 3 0 3 5 2 2 2 1 2 1 1 1 1 1 0 2 4 2 4 4 4 1 1 2 0 1 1 2 2 2 3 3 2 1 1 3 4 3 1 1 1 1 0 4 2 1 1 0 2 2 0 2 1 1 2 4 2 2 0 5 2 1 1 1 4 0 2 1 3 2 2 1 4 2 3 0 1 3 3 1 3 6 1 3 1 2 1 3 2 1 2 5 0 0 2 0 1 5 5 0 4 5 1 1 4 2 2 1 2 4 0 5 0 0 2 0 2 2 6 2 1 2 1 0 0 2 2 1 1 1 1 1 4 5 1 5 1 3 1 1 1 3 2 1 1 3 1 2 2 2 0 3 2 4 2 0 4 1 3 1 3 3 3 1 1 2 4 1 2 4 1 1 2 0 1 1 2 4 1 1 2 5 3 1 2 0 4 2 2 2 2 3 3 2 1 1 0 4 2 2 2 4 2 1 3 2 3 2 3 3 0 1 0 0 5 2 1 4 0 0 2 3 1 1 0 4 3 1 2 3 1 0 3 3 2 3 1 6 5 4 0 2 1 2 5 1 2 0 1 0 2 0 3 1 6 1 0 1 2 1 2 1 2 1 1 3 5 3 0 0 2 2 0 5 3 2 1 1 1 5 1 4 0 0 1 3 3 1 1 3 2 1 2 3 0 0 3 3 2 1 2 2 3 2 3 1 1 3 2 2 3 1 0 1 1 1 0 1 1 2 2 4 4 1 2 1 1 0 3 2 1 3 2 0 1 3 1 1 1 3 1 2 3 1 3 1 1 3 2 2 2 0 1 2 4 2 0 1 2 3 2 1 3 0 3 3 2 1 6 0 2 2 2 3 2 1 1 4 0 3 2 3 1 1 2 4 1 1 0 4 1 3 2 4 1 2 2 4 1 3 2 4 2 2 0 2 1 2 2 1 1 2 1 1 2 2 2 3 3 3 1 0 1 2 3 2 1 1 2 1 6 2 3 1 4 4 3 1 2 2 2 0 3 2 1 3 2 1 0 2 1 1 1 5 2 0 2 1 2 0 5 2 2 2 2 2 1 1 2 1 3 0 3 1 2 5 3 0 1 0 2 1 0 2 3 0 5 0 1 2 3 0 1 4 3 2 1 3 3 1 2 3 2 2 3 1 0 0 0 3 1 2 1 1 0 3 1 1 1 3 3 1 1 4 1 2 0 2 1 2 5 3 2 1 3 4 0 2 1 1 4 3 2 1 3 0 5 3 1 0 2 3 2 3 6 0 1 5 4 3 4 2 1 1 2 3 2 0 1 3 0 4 0 1 1 2 1 0 2 1 5 3 2 3 2 3 1 0 2 1 2 6 0 2 3 2 2 3 1 2 6 1 2 5 1 2 2 1 2 3 3 1 2 4 1 1 2 2 3 7 1 3 0 5 1 1 2 1 3 1 1 2 1 1 3 2 6 2 0 1 3 3 2 3 5 2 2 2 4 0 0 1 1 2 1 1 1 0 1 0 2 4 2 4 2 2 0 1 4 2 5 0 3 0 0 2 3 1 2 0 3 1 4 1 2 1 3 2 3 2 3 1 1 4 2 1 0 2 2 4 2 3 1 0 4 5 4 1 1 1 1 4 2 3 0 4 2 5 3 2 3 0 2 5 1 0 1 3 3 1 5 0 1 3 2 1 1 1 1 2 3 2 3 4 1 1 5 3 2 2 3 0 2 4 0 0 4 1 2 3 4 1 2 1 3 1 1 2 1 2 2 3 0 3 2 1 0 1 4 2 0 4 4 1 1 4 0 2 1 3 2 0 0 3 1 0 5 1 1 3 1 1 1 0 3 3 1 3 3 6 0 1 3 4 1 2 2 2 3 0 2 2 2 0 2 3 1 2 1 2 3 0 0 2 3 1 4 1 2 4 0 1 2 4 3 0 1 3 2 2 5 1 2 1 1 3 0 2 1 4 3 1 0 2 1 3 0 1 2 2 5 2 1 2 1 1 0 3 5 0 3 1 3 3 0 2 1 1 1 0 6 2 5 4 3 1 2 1 2 0 3 2 0 1 2 2 0 4 3 0 2 2 4 3 0 3 5 2 2 2 2 3 3 2 2 3 0 3 2 0 0 3 3 2 2 2 0 1 0 3 1 2 3 1 3 5 2 1 2 0 0 2 1 4 2 1 2 2 4 0 2 3 2 5 2 2 1 5 2 1 3 2 1 1 2 4 2 0 4 1 1 2 1 4 3 3 1 1 2 3 1 1 3 1 2 3 2 2 2 0 4 1 2 2 2 3 0 2 0 1 3 3 0 3 0 2 2 0 2 3 4 1 4 0 0 2 5 3 2 1 1 1 3 0 2 5 2 6 2 2 0 1 3 1 2 1 3 2 1 2 3 1 3 1 1 3 1 1 2 0 4 0 3 1 4 4 1 4 2 1 3 1 0 2 4 1 4 2 1 3 3 1 1 1 3 1 3 1 2 4 3 3 0 3 3 1 3 1 1 5 2 2 0 3 5 0 3 2 2 1 4 4 1 5 1 3 2 1 5 2 1 4 2 1 1 2 4 2 1 2 2 3 0 3 1 1 0 3 1 3 2 4 1 4 3 1 2 0 1 4 5 0 1 1 3 1 0 0 3 2 4 1 0 1 2 1 3 2 2 0 3 3 3 1 1 1 1 2 2 1 2 2 2 3 2 2 2 1 0 0 3 2 2 1 1 2 3 1 0 2 0 1 0 2 1 4 3 1 2 2 3 2 2 5 1 2 3 3 3 1 0 0 3 3 4 1 4 3 3 0 2 0 1 1 1 1 3 2 3 0 3 1 2 4 4 1 3 0 2 1 3 1 3 0 4 1 1 1 2 5 0 0 3 4 3 2 0 2 0 1 2 2 7 1 3 2 3 3 2 1 1 0 1 1 1 0 2 2 1 0 2 3 3 2 2 4 1 1 0 4 2 2 1 3 1 1 0 4 2 1 1 1 4 5 3 0 1 2 3 1 3 5 1 2 4 1 1 2 1 1 2 2 2 2 0 0 0 0 3 2 4 7 1 0 4 2 0 2 1 0 4 2 1 2 5 1 3 2 2 2 0 3 4 1 2 5 2 1 3 3 2 0 2 3 0 3 2 2 3 3 0 1 0 1 2 3 4 2 2 3 3 3 0 2 2 1 0 2 0 4 2 2 2 2 4 4 3 1 3 1 1 5 5 1 1 0 0 2 3 2 1 2 5 5 2 4 0 1 2 1 0 2 1 1 1 2 3 2 0 2 1 2 2 1 1 3 1 1 2 0 1 1 7 3 2 2 1 1 2 2 2 4 2 3 0 2 1 1 1 1 4 1 2 1 3 1 2 3 3 2 1 1 1 2 4 6 1 1 3 3 3 0 1 2 0 2 4 1 1 1 1 1 1 3 2 1 2 3 2 1 2 0 3 2 2 0 1 1 1 5 4 2 1 2 1 2 1 0 1 0 2 2 1 2 2 3 2 1 0 2 2 0 5 2 2 2 2 1 1 3 2 2 0 1 1 5 2 1 2 1 2 0 2 1 2 4 3 1 1 1 1 4 2 1 1 3 2 0 3 1 1 1 0 7 2 1 1 2 3 2 1 1 3 2 3 2 2 5 0 3 3 3 0 2 2 2 3 4 2 1 2 0 2 3 0 1 2 1 0 4 1 1 2 2 5 2 1 3 2 2 2 1 1 3 1 0 4 1 4 3 2 2 0 1 3 5 0 1 4 1 3 2 1 0 3 0 0 3 4 2 2 0 2 3 1 4 3 1 0 3 4 4 1 1 4 0 3 2 3 0 1 1 2 3 5 2 1 4 1 3 2 2 2 1 1 2 4 3 0 3 3 1 0 1 1 2 2 0 1 3 2 3 0 2 5 0 1 1 5 2 4 2 1 3 4 3 2 3 1 1 0 0 6 2 2 1 3 2 0 2 0 0 1 3 2 3 1 4 0 2 4 1 2 1 2 0 2 0 5 1 2 3 3 0 3 3 5 2 1 2 1 2 1 3 1 4 3 2 2 1 3 0 4 2 2 3 0 2 2 0 1 5 1 2 1 2 0 4 4 0 2 2 3 3 0 0 2 4 0 2 1 2 3 1 0 0 2 0 1 2 3 3 1 1 4 0 0 2 1 3 0 3 2 1 3 0 1 3 1 2 1 0 1 2 3 4 2 1 2 3 1 2 0 2 4 4 3 3 1 1 1 0 1 4 4 1 1 1 1 4 3 4 3 2 2 1 0 1 4 0 1 1 1 5 0 6 1 2 2 2 1 3 0 1 2 1 3 2 1 2 2 3 2 3 3 1 2 1 0 2 3 2 1 2 1 4 0 2 4 1 3 1 0 6 1 1 1 3 0 1 1 2 3 2 3 1 3 2 2 0 1 0 0 3 2 1 3 2 2 2 1 6 0 1 2 2 0 1 1 1 0 2 1 0 3 4 2 1 7 2 0 3 1 0 0 1 2 2 2 4 2 2 3 0 1 1 2 1 2 2 0 0 4 4 1 1 2 1 2 5 1 3 3 1 0 3 0 2 2 7 2 3 1 3 0 2 2 2 2 3 4 6 1 2 1 2 1 1 5 3 2 1 3 1 5 1 2 0 3 3 1 2 2 3 3 4 2 3 0 2 1 2 3 3 2 2 1 3 2 1 1 2 2 1 3 3 1 4 1 3 1 2 2 3 2 1 0 3 1 2 4 0 0 1 6 6 0 3 4 1 2 3 2 2 1 0 1 2 5 2 2 1 2 1 4 1 3 0 0 1 2 4 0 6 0 1 2 0 0 1 4 2 4 1 1 0 1 1 3 0 2 1 5 4 1 2 3 3 1 1 3 0 6 3 2 2 1 6 0 2 2 0 1 1 3 2 0 1 0 1 1 3 1 1 2 2 3 1 3 1 3 4 1 1 4 3 1 1 1 1 1 1 2 4 2 1 1 2 2 2 3 1 1 3 1 1 0 1 1 1 1 0 2 1 2 0 2 5 5 3 1 2 1 4 2 1 4 2 2 3 3 5 2 0 2 2 3 2 0 4 3 5 1 2 2 1 0 2 0 1 1 3 2 2 2 1 0 3 7 1 0 3 4 1 2 1 5 2 2 1 1 2 0 1 3 1 1 0 1 3 4 2 3 0 3 1 2 2 0 4 2 0 2 3 1 3 1 0 1 2 4 2 1 4 4 1 1 1 5 2 0 2 1 1 3 4 2 2 2 1 2 4 2 3 1 0 0 4 0 3 2 2 3 0 2 3 3 2 4 2 1 4 1 0 1 1 0 4 2 2 3 2 3 3 1 2 4 2 2 2 2 0 3 1 5 1 2 7 1 3 2 3 4 1 3 1 2 5 4 2 3 4 1 0 1 5 3 1 2 4 3 2 0 2 2 1 1 1 3 2 4 2 4 2 1 1 1 2 1 1 0 1 1 2 0 2 2 4 2 3 1 4 1 0 1 2 2 4 1 2 3 0 1 7 2 1 2 2 1 3 1 0 2 1 1 3 2 3 0 0 2 2 1 2 3 0 2 5 1 2 0 0 2 2 4 3 2 3 1 5 2 3 1 2 5 3 0 1 2 0 2 1 2 2 1 2 4 3 0 2 3 4 2 1 1 1 2 2 3 1 2 2 2 2 2 2 0 3 0 2 2 1 3 1 2 4 1 2 1 2 0 2 3 3 4 1 1 0 0 2 1 3 2 2 1 3 3 1 1 2 0 2 3 1 1 0 1 3 1 1 4 2 0 2 1 5 2 1 1 2 4 2 3 1 0 1 2 4 2 1 1 3 2 2 1 0 7 2 4 1 2 0 1 1 1 2 4 5 1 2 1 1 3 0 0 2 2 2 3 2 3 4 0 0 1 1 2 0 3 4 1 3 3 3 1 0 2 0 5 2 2 2 7 2 3 0 2 1 4 0 3 3 4 3 2 1 4 0 3 3 1 3 1 2 3 0 3 2 3 3 2 3 1 1 2 1 2 2 1 1 0 4 1 1 1 0 2 0 1 1 0 3 2 2 1 3 4 2 2 2 2 0 4 0 2 0 3 4 1 2 2 3 4 2 1 1 2 3 2 2 3 2 1 1 0 1 3 1 0 4 1 1 3 3 3 1 1 2 1 2 2 0 2 2 2 2 5 3 2 2 3 2 4 1 2 1 2 5 1 3 2 2 2 1 2 1 5 1 4 1 1 2 2 0 3 4 3 0 2 5 1 2 1 2 0 3 3 2 5 0 2 1 1 2 1 1 1 4 4 1 2 1 3 2 2 2 1 0 3 1 2 3 1 2 3 4 0 3 0 2 2 1 6 3 2 1 3 1 0 0 1 3 2 4 3 2 3 3 1 1 4 2 0 1 2 4 1 3 3 2 0 2 3 2 2 2 2 3 2 4 1 2 2 3 2 3 3 1 1 1 1 6 3 6 1 0 1 0 0 4 1 4 0 4 2 1 4 3 1 1 3 1 1 3 2 3 2 2 1 2 1 1 0 1 3 2 0 1 2 5 0 4 1 0 1 3 0 1 3 0 2 1 1 5 0 0 2 3 4 6 3 1 0 2 1 2 2 3 1 4 4 2 1 3 1 2 6 3 0 4 2 1 2 1 0 2 3 2 3 3 3 1 1 4 3 3 1 0 1 1 0 2 1 2 5 5 4 2 2 2 1 2 3 1 2 1 0 2 5 2 2 1 0 1 2 1 3 3 3 2 0 3 1 0 3 0 0 2 2 2 0 0 3 2 1 3 2 3 1 3 1 3 0 1 2 2 2 3 2 1 2 1 3 0 1 2 5 4 0 1 2 1 3 1 1 2 5 5 1 1 0 3 3 2 3 2 3 2 4 3 2 1 4 5 2 3 1 1 2 4 2 1 2 0 4 1 4 1 2 2 2 1 4 2 3 2 0 2 0 0 2 0 4 1 0 2 4 1 2 1 0 2 1 3 4 1 1 0 0 3 1 3 2 4 1 3 3 2 2 2 3 1 1 3 2 1 3 1 2 2 4 4 2 2 4 1 0 0 3 2 2 0 1 5 0 1 2 3 2 0 3 2 2 1 2 2 2 0 0 1 3 2 1 2 2 0 2 7 1 0 2 0 1 2 1 3 4 2 0 2 0 2 3 4 4 3 1 4 4 0 1 4 3 4 3 4 0 1 2 1 5 2 2 1 3 3 2 2 1 2 2 1 2 0 3 2 4 1 1 3 2 0 0 0 5 2 4 0 2 0 3 1 1 3 1 4 1 3 2 2 1 2 2 3 1 3 2 1 1 4 1 1 4 2 1 1 2 1 0 3 1 1 4 4 0 2 2 3 2 2 1 4 0 0 1 2 1 1 2 1 4 1 4 1 0 3 2 3 3 1 1 1 0 2 2 2 3 5 3 1 1 1 3 1 2 3 0 2 1 0 2 3 2 4 3 4 3 3 0 2 2 1 3 2 0 3 1 3 6 2 4 2 1 4 3 3 1 3 3 0 0 3 1 2 2 2 2 3 2 0 3 2 2 0 2 1 1 0 0 4 4 2 1 6 2 1 1 4 2 3 1 0 0 0 1 3 1 4 2 0 2 1 1 1 1 2 4 0 1 1 0 5 4 0 1 0 3 3 2 1 1 1 1 1 1 1 3 3 3 1 2 4 2 1 0 3 1 3 2 3 2 1 2 3 1 2 6 2 1 1 2 1 2 1 2 2 5 2 3 2 4 5 1 2 1 3 2 3 2 1 3 3 1 2 2 1 1 2 1 1 6 5 5 2 2 0 3 1 1 3 1 1 4 1 1 1 1 4 0 1 4 1 3 1 2 4 0 3 2 2 1 1 5 3 2 1 1 0 0 3 2 2 3 2 5 1 2 2 1 6 4 4 3 0 4 0 1 1 1 3 0 2 1 1 1 3 2 2 3 2 1 2 1 3 4 1 0 0 3 1 3 2 3 1 2 1 0 3 2 3 3 2 4 2 2 2 2 1 0 1 3 1 3 3 3 1 3 3 0 0 2 2 2 1 4 1 2 4 1 2 3 0 1 3 0 0 1 2 3 0 3 2 4 3 0 1 2 3 1 0 4 1 2 4 5 4 2 1 2 1 2 4 3 1 0 4 1 2 1 1 3 3 3 4 1 1 0 1 3 0 1 2 2 0 1 1 2 3 2 0 2 2 2 3 7 2 1 1 1 0 3 1 1 3 1 5 2 2 2 0 3 2 4 2 2 2 2 2 1 1 4 0 3 1 1 0 1 2 3 3 2 2 2 1 1 2 1 2 5 0 4 5 0 1 3 4 1 4 2 1 0 5 2 1 1 1 3 1 0 2 6 2 2 2 1 1 2 1 1 0 1 0 3 2 3 3 2 3 2 1 2 2 0 0 1 3 1 3 2 2 4 2 1 1 2 3 4 1 0 2 4 4 3 2 1 0 1 1 4 3 2 2 0 2 3 5 1 1 2 1 0 1 1 2 2 2 2 2 1 3 2 2 3 0 0 1 1 1 2 2 3 2 2 2 1 5 3 1 1 4 2 4 2 2 3 2 3 1 3 3 1 3 1 3 0 2 3 1 2 3 3 0 2 1 1 3 2 3 2 1 1 1 5 0 4 0 2 3 1 1 6 3 0 3 2 0 2 2 4 1 1 0 5 2 1 3 2 4 2 2 4 0 2 3 1 1 2 1 5 1 4 3 3 6 0 0 0 2 0 1 5 3 2 2 0 2 2 2 3 3 2 1 5 3 1 0 2 1 3 2 2 3 2 0 3 1 2 0 0 1 2 1 5 1 0 1 3 4 2 1 4 1 2 2 4 2 5 1 5 0 1 2 2 1 2 3 4 1 1 2 3 2 1 2 0 1 3 3 1 3 1 1 2 1 1 4 1 3 3 0 3 1 1 3 3 2 2 3 0 4 1 2 1 2 2 2 5 2 4 0 3 1 3 2 0 1 0 1 5 3 0 1 2 1 2 4 2 1 1 1 4 1 3 2 0 4 3 1 2 1 3 1 5 1 5 0 2 1 3 1 2 0 0 1 1 1 1 0 2 1 4 4 4 3 0 3 2 2 3 2 1 5 3 4 1 2 1 3 2 2 4 0 3 1 1 3 2 2 1 3 0 1 0 3 2 4 3 0 4 3 2 3 0 1 2 0 2 0 1 3 0 3 2 1 1 2 2 3 1 1 2 1 1 3 2 2 1 1 0 3 1 2 4 4 2 4 4 1 0 2 4 1 0 4 1 2 3 5 2 2 2 3 1 4 1 2 1 1 4 1 1 2 0 0 2 1 2 0 2 2 1 1 4 2 2 0 2 1 1 1 2 3 3 4 1 2 0 3 3 3 3 2 1 1 2 2 4 1 0 2 3 1 1 4 1 2 3 2 1 1 2 1 1 2 4 2 2 3 2 2 2 2 1 2 2 1 3 1 1 3 0 2 3 4 3 3 4 5 2 0 1 1 1 3 0 2 1 4 2 1 1 0 1 1 4 3 2 2 1 2 3 2 0 4 2 2 3 3 0 2 0 3 1 2 0 2 1 3 1 2 3 1 2 1 2 0 2 2 4 2 2 2 2 2 1 1 2 2 1 0 2 0 5 2 1 4 3 1 3 1 1 4 3 1 2 4 1 1 0 5 0 1 1 1 0 3 0 4 4 1 2 3 1 2 2 0 2 2 0 7 0 2 3 3 3 2 3 1 0 1 3 3 2 3 2 1 1 3 2 1 1 0 0 0 3 0 6 1 3 1 4 3 2 3 1 2 4 2 0 3 1 3 2 2 5 2 4 0 0 1 2 1 3 2 3 0 1 1 0 1 3 2 0 1 6 1 4 1 2 4 3 2 2 2 2 0 2 1 2 4 1 1 2 3 2 1 1 2 1 3 2 3 0 3 4 3 2 3 2 1 2 2 0 4 2 3 2 1 3 1 3 2 2 2 2 0 2 2 1 3 1 2 1 1 2 5 2 2 2 4 1 1 3 1 1 0 0 0 2 3 1 2 1 2 2 3 0 3 1 1 5 1 1 3 1 1 3 5 2 4 3 0 2 3 2 3 0 1 2 3 2 3 0 2 1 1 4 1 1 4 1 2 3 2 4 6 2 1 0 2 1 0 0 1 4 4 1 2 4 3 3 1 3 2 2 2 1 0 1 5 4 0 0 1 1 2 3 4 2 0 5 1 0 3 3 0 1 3 4 1 1 0 2 0 2 3 2 2 1 0 1 3 3 4 2 3 3 1 0 4 4 1 3 2 2 4 3 0 2 1 2 2 1 2 1 2 1 4 1 3 2 2 2 2 1 5 1 0 3 1 3 2 1 1 2 2 4 3 3 0 2 3 2 3 1 3 6 3 3 3 0 1 0 1 3 3 1 4 4 2 0 0 0 2 0 0 4 0 0 3 2 3 1 3 1 4 0 1 3 1 0 2 1 1 3 1 1 3 0 1 0 4 3 6 3 2 2 2 4 2 2 2 2 3 0 5 1 0 3 1 1 2 3 0 2 2 0 1 2 3 1 1 2 2 2 3 0 1 1 1 0 3 4 0 1 1 1 0 2 1 4 0 2 2 2 4 4 2 1 5 1 2 4 0 6 2 3 2 1 1 2 1 1 3 1 1 0 2 4 1 3 3 3 2 1 1 2 5 3 2 1 4 2 0 1 3 1 1 1 3 0 3 3 3 2 1 6 7 0 0 7 0 3 2 1 1 4 1 3 1 3 2 2 1 3 3 2 3 0 2 3 1 2 2 4 0 1 0 1 2 1 6 2 4 2 3 1 0 1 1 2 3 0 5 7 2 3 2 2 3 3 3 1 1 0 5 0 2 1 3 1 2 2 1 4 2 3 0 3 1 3 0 2 1 1 3 4 4 2 0 1 2 0 1 1 0 2 1 0 6 1 2 1 3 2 0 0 1 3 1 0 5 5 0 3 3 2 1 3 1 1 1 1 4 4 2 0 2 1 2 2 1 4 2 3 2 1 3 0 1 1 0 2 1 1 2 3 1 3 1 4 1 2 0 0 1 2 0 1 0 1 5 4 4 0 2 2 1 1 3 0 4 2 0 1 1 1 1 3 2 1 1 2 1 2 2 2 1 2 1 1 1 0 0 0 2 2 4 2 1 0 2 2 1 4 6 0 3 2 1 1 2 2 5 3 3 1 1 0 1 0 0 2 3 1 1 4 1 3 3 2 3 2 0 3 1 5 2 0 4 5 0 1 2 1 1 1 2 2 1 0 0 4 3 1 1 1 2 1 5 1 2 0 2 2 0 2 3 1 2 2 3 3 1 1 1 1 2 5 1 4 3 4 1 1 1 0 2 2 4 1 1 1 7 1 4 6 1 3 0 2 3 1 1 0 2 0 3 2 1 3 1 0 3 4 2 1 2 1 0 1 0 1 1 4 2 2 2 1 2 2 2 4 3 3 1 0 2 0 4 2 0 2 1 2 1 3 2 1 2 4 5 2 1 3 1 2 1 1 2 2 1 2 3 2 0 2 1 2 0 5 0 1 1 3 1 1 2 2 0 2 5 4 2 2 1 3 0 1 3 4 4 2 5 0 1 2 4 3 1 1 1 0 1 5 1 2 2 1 2 5 3 2 2 1 4 2 1 2 5 3 1 3 2 2 1 3 3 1 1 3 1 3 5 3 0 1 0 0 3 1 5 1 3 3 3 1 2 1 3 3 2 2 0 1 2 2 0 1 3 2 3 2 5 2 4 4 2 3 2 1 2 1 2 3 2 4 4 3 3 1 0 0 3 0 2 0 1 1 3 4 0 0 0 0 0 1 3 3 3 3 1 5 0 0 2 2 2 3 2 1 3 2 3 1 2 2 2 3 0 1 2 3 1 1 0 2 1 1 5 2 4 3 4 1 1 1 1 0 6 4 2 3 2 1 1 2 5 2 4 4 4 2 2 1 2 1 3 2 0 0 2 3 1 3 0 1 0 3 1 2 2 4 2 1 1 3 3 2 3 2 3 1 0 0 3 0 5 0 4 3 5 2 2 1 2 2 4 1 1 3 2 2 2 1 2 4 2 0 2 0 4 3 3 1 3 3 1 0 2 2 1 0 1 1 2 3 3 3 2 1 1 4 3 2 4 0 0 1 3 2 0 7 3 2 1 2 2 4 2 2 5 4 1 3 2 0 2 3 2 1 2 3 3 1 0 0 2 0 2 1 1 3 2 4 5 2 1 3 2 3 2 2 3 0 1 2 3 2 3 3 3 3 3 5 2 1 1 1 1 1 2 3 1 2 0 4 1 5 2 2 3 2 0 2 1 1 2 3 1 3 1 2 2 2 2 4 2 1 0 2 3 4 2 3 1 2 2 3 0 3 1 2 4 2 0 1 4 1 3 2 1 1 4 1 2 3 1 1 3 2 1 3 4 1 0 1 2 3 2 1 0 2 2 3 4 2 0 4 1 0 1 1 4 3 2 3 1 2 0 1 0 1 0 4 3 1 2 3 1 4 4 0 1 1 0 3 1 2 1 2 3 2 0 5 0 2 5 2 0 3 1 2 3 3 2 4 2 0 1 0 3 2 1 2 0 2 3 4 3 0 0 1 3 1 5 1 2 0 3 2 3 0 2 0 3 2 4 1 1 1 3 1 5 3 2 1 1 3 2 3 1 3 4 0 2 1 0 0 4 4 1 1 2 3 1 1 1 1 1 2 3 2 2 0 1 4 2 1 0 2 3 1 1 2 1 2 0 3 2 0 3 6 0 3 0 0 3 0 1 6 2 5 2 2 2 2 3 1 1 0 1 2 2 0 1 2 1 3 2 6 5 1 1 2 1 3 5 1 2 0 0 3 1 3 1 1 1 2 2 2 2 2 4 0 0 0 2 1 5 1 2 0 4 3 4 3 0 1 3 1 1 1 2 2 3 3 3 5 1 2 2 3 2 0 2 2 2 5 0 1 1 5 1 2 1 1 3 0 2 2 6 2 0 2 2 2 0 5 2 2 3 2 2 2 1 1 1 2 2 1 4 4 4 1 1 1 1 0 1 3 1 2 4 0 5 2 2 2 2 3 3 1 0 1 1 1 0 1 2 2 2 4 2 2 0 2 5 1 2 3 3 0 1 4 3 0 0 3 4 2 1 3 4 1 2 1 1 2 0 1 4 4 1 2 2 0 3 1 3 3 0 2 0 3 3 3 3 1 3 4 3 2 4 0 0 2 1 3 2 1 2 3 2 3 2 4 2 1 2 1 1 3 2 0 3 2 1 1 2 5 0 1 1 3 0 1 4 4 1 2 6 1 1 0 2 4 3 0 3 0 1 4 3 0 1 3 2 3 3 2 0 4 4 2 1 2 1 1 2 0 0 3 2 1 3 3 2 2 2 0 2 2 1 1 1 1 2 3 2 3 5 0 2 3 1 1 1 2 2 1 2 2 1 5 1 3 2 2 4 0 2 4 0 5 1 3 1 1 3 3 1 2 3 1 1 5 0 4 1 0 2 4 0 0 3 0 4 0 0 1 2 5 0 1 3 2 5 3 2 1 2 1 0 0 2 3 1 6 0 1 3 1 1 3 1 1 4 2 0 1 0 2 2 2 1 3 1 1 3 0 0 2 2 2 2 0 3 5 1 3 0 2 1 2 2 0 1 4 1 3 4 2 2 1 4 0 4 1 1 3 4 0 0 1 0 1 3 3 2 2 6 0 4 3 6 1 0 0 1 1 4 2 1 6 3 1 0 3 1 1 4 3 1 0 2 3 0 3 3 5 0 0 2 2 3 0 2 1 0 2 0 4 3 3 0 1 1 3 1 2 0 2 2 4 3 0 3 3 0 2 2 2 2 0 1 1 4 3 2 3 1 1 2 1 1 1 5 3 1 2 3 1 2 2 1 5 4 2 1 1 6 1 1 3 2 1 3 2 1 2 0 2 3 2 1 2 4 5 5 1 1 0 4 1 2 0 2 2 2 0 4 3 2 1 0 3 1 2 2 3 2 2 3 0 4 2 6 5 0 3 1 2 2 0 0 1 3 1 4 0 4 4 2 2 1 2 1 1 5 0 5 1 1 3 2 1 0 1 2 2 3 2 2 1 2 2 2 2 2 3 0 2 2 5 2 2 0 0 2 0 1 2 3 4 2 3 4 2 1 0 3 4 3 3 4 0 1 2 3 3 1 3 1 2 1 2 1 3 1 2 4 3 3 2 0 3 4 1 4 0 2 1 2 3 2 4 4 2 2 1 0 3 2 1 4 3 1 2 1 1 3 3 1 3 3 0 0 2 1 3 0 3 4 3 1 1 0 3 0 3 5 4 1 3 3 0 2 3 0 1 4 2 1 1 0 3 3 0 0 1 1 1 5 1 2 2 1 1 6 2 2 1 1 1 1 0 1 5 5 3 1 2 3 3 1 1 1 2 1 2 2 2 4 3 0 2 3 1 3 1 2 4 2 1 5 2 1 3 2 2 0 1 1 1 4 1 3 2 3 1 4 0 2 3 1 2 3 0 1 1 0 2 0 1 2 3 2 2 4 3 1 2 2 6 1 2 2 0 1 0 1 1 1 1 3 1 1 2 3 0 2 2 0 2 3 2 2 3 1 2 4 3 1 3 1 1 0 1 2 3 1 2 2 0 0 2 2 1 1 0 1 6 3 1 3 2 2 1 1 0 3 4 3 1 2 2 3 3 5 1 0 3 2 2 3 1 1 1 3 3 3 4 1 1 4 3 3 2 2 3 2 1 1 2 2 1 0 2 2 1 1 2 2 4 4 1 1 3 0 1 0 0 2 1 2 1 4 0 4 1 1 1 0 2 3 1 1 2 0 3 1 2 0 5 3 2 1 1 3 3 2 4 2 2 2 4 3 2 1 0 2 1 1 2 3 0 0 0 1 4 3 4 1 5 2 5 4 1 2 2 1 1 2 2 3 1 1 2 2 3 4 1 3 2 1 1 0 3 2 2 2 5 2 2 0 3 4 3 1 0 3 2 2 1 2 3 2 3 1 2 5 2 2 1 3 5 1 0 0 2 4 3 1 1 2 0 2 1 0 3 3 0 1 1 3 4 1 1 2 2 1 1 1 2 2 1 4 0 3 0 3 2 4 4 2 2 1 1 2 3 5 0 1 1 1 2 1 2 3 1 1 4 3 3 0 2 2 4 1 4 2 0 1 0 1 1 2 0 2 4 1 1 2 3 2 3 1 1 3 5 3 0 1 3 1 0 3 1 2 3 1 0 5 0 0 2 0 2 0 2 1 3 1 3 0 1 2 2 4 1 1 1 1 2 0 1 2 3 1 3 3 3 1 1 2 0 1 1 2 5 1 5 3 0 0 2 2 3 0 2 2 1 1 5 4 0 1 2 0 2 2 1 2 2 0 1 5 2 2 0 1 4 2 2 2 3 1 1 2 3 1 3 3 3 5 0 2 1 3 2 2 3 4 2 0 2 5 1 2 4 3 3 3 1 0 2 3 1 3 1 1 3 3 1 1 1 3 2 2 1 2 0 2 1 5 2 1 2 1 1 3 2 1 2 2 0 2 1 3 2 1 0 4 2 1 2 4 2 4 1 2 3 5 1 3 5 2 2 2 0 0 2 0 4 2 3 3 1 1 3 1 3 0 0 2 1 2 2 1 1 1 4 4 3 2 3 0 0 3 1 1 3 4 4 4 1 2 2 1 3 2 2 2 1 1 2 4 4 2 2 1 0 3 4 3 1 1 2 2 4 3 0 1 3 1 0 1 1 3 4 0 3 1 0 2 2 2 5 2 4 1 2 4 0 0 1 2 1 1 1 4 0 1 3 2 2 3 3 1 1 3 0 3 1 2 3 2 1 2 3 0 0 2 2 3 1 4 2 3 2 0 2 3 2 0 0 2 1 1 2 3 3 0 1 2 0 0 3 0 0 4 1 2 3 2 4 2 3 2 0 2 2 3 1 2 6 2 1 1 0 4 2 0 1 4 1 1 3 2 2 3 3 2 1 3 0 3 1 3 2 0 3 2 3 3 3 1 1 4 2 7 0 0 3 2 1 0 5 4 1 3 1 2 1 1 1 3 3 1 1 2 2 5 2 0 3 4 1 1 2 1 1 4 2 1 1 1 2 3 2 1 3 3 1 3 3 4 1 1 3 2 1 2 0 2 5 5 3 1 3 2 2 3 0 2 1 2 0 1 2 1 0 1 1 1 4 3 2 3 2 0 1 1 0 1 2 2 3 2 2 3 4 2 1 2 0 1 2 4 0 1 1 2 1 4 2 1 0 2 2 1 2 0 3 0 2 0 4 1 2 0 2 1 1 2 2 1 4 2 1 3 0 2 1 2 1 2 0 3 4 2 5 3 1 3 4 2 1 2 3 3 1 3 2 2 1 2 5 2 2 0 1 1 1 0 0 1 4 3 1 2 6 3 1 2 0 3 0 4 1 2 2 4 2 3 2 1 1 3 2 3 3 1 2 2 1 2 0 2 0 1 1 2 4 2 3 0 3 2 3 3 3 2 1 1 1 4 4 3 0 1 5 1 0 5 1 1 3 2 2 5 1 1 3 2 1 3 1 2 5 2 2 0 2 1 2 4 3 2 2 4 2 1 0 0 1 4 5 0 2 3 1 2 1 1 0 5 1 2 2 1 0 5 1 4 1 1 3 3 0 1 4 1 0 1 2 5 3 1 3 5 0 0 3 0 2 3 3 2 0 2 2 2 1 2 1 3 0 1 3 2 1 1 2 2 1 1 1 2 2 4 3 2 0 2 2 4 2 2 2 2 3 1 3 2 3 3 1 0 4 3 2 0 1 1 2 2 4 2 5 2 2 1 1 3 1 4 3 1 2 0 0 5 3 3 2 0 1 2 0 4 1 2 1 1 4 2 2 2 0 0 1 4 2 1 1 2 0 2 4 2 1 2 0 1 1 5 1 2 2 2 0 3 5 0 3 2 0 4 4 0 2 1 2 2 0 0 0 1 2 2 1 2 0 1 4 2 1 1 4 4 2 2 1 1 1 0 2 1 3 4 0 2 4 4 1 1 2 3 2 1 2 0 3 3 5 4 3 0 1 0 4 3 0 3 0 2 4 0 1 3 0 2 3 1 3 2 1 2 4 1 3 3 2 3 1 2 1 2 0 1 2 3 2 6 0 2 3 3 3 1 3 0 3 2 0 2 0 3 4 2 1 4 0 2 2 2 1 2 1 1 0 1 4 2 1 0 3 1 1 1 0 2 2 2 1 3 3 0 0 1 2 2 1 2 2 2 1 2 4 2 2 2 2 1 1 1 3 3 2 2 0 2 0 2 4 0 1 2 1 1 3 4 3 0 2 2 0 1 2 2 2 4 0 3 2 1 2 4 2 2 2 0 2 4 0 2 1 2 1 3 4 3 0 1 7 2 2 3 1 2 1 1 0 4 1 2 0 2 2 0 1 2 1 1 4 4 3 4 1 1 2 0 3 2 2 4 4 1 2 1 4 3 5 1 1 1 2 2 4 3 6 1 4 2 3 3 3 2 1 0 1 4 2 1 1 3 3 1 3 3 1 1 2 2 2 2 2 3 2 4 0 3 1 3 6 2 2 3 0 2 2 0 1 2 0 0 2 1 3 2 1 4 4 3 1 3 3 3 1 1 1 2 0 2 1 2 0 3 3 2 3 1 4 1 2 4 4 3 0 0 3 3 2 1 2 3 2 2 3 5 3 3 2 2 3 1 2 2 3 1 2 3 1 1 0 1 2 2 2 1 0 1 1 2 5 1 3 3 0 2 0 1 0 0 5 1 0 1 1 2 1 0 3 1 2 4 2 2 2 1 2 3 3 1 0 0 2 2 2 3 3 4 3 0 3 3 0 4 3 2 4 3 5 2 2 0 2 3 3 4 2 1 1 3 6 1 2 3 1 0 2 4 2 3 1 5 2 3 4 2 0 1 2 5 3 1 1 1 1 1 4 3 3 4 3 1 3 0 2 2 4 0 0 3 1 5 2 0 6 0 2 6 0 2 2 1 0 3 3 0 2 2 3 3 3 1 5 2 3 4 3 3 4 2 4 2 2 0 2 0 2 1 4 5 4 2 3 2 0 3 1 3 2 3 0 2 2 1 3 5 1 0 4 2 0 1 3 1 2 2 2 3 3 2 1 1 3 2 2 1 1 3 6 3 0 2 2 1 1 7 1 4 3 3 3 1 4 2 1 1 0 1 4 1 2 0 5 1 2 2 3 2 2 1 0 2 0 2 2 3 3 1 3 3 3 2 3 2 1 0 1 1 2 2 0 4 1 0 2 2 1 3 2 2 2 2 0 2 1 3 4 1 2 2 0 2 1 2 0 4 3 0 3 2 2 0 2 3 1 1 1 4 0 1 1 2 3 2 4 4 2 2 2 4 4 2 0 2 1 4 2 3 1 3 3 3 0 4 3 4 2 2 2 0 3 1 2 5 3 4 1 3 2 4 4 4 6 1 1 1 2 3 1 2 4 2 1 3 0 2 0 4 0 2 1 2 0 1 6 1 1 0 3 3 4 1 4 1 1 1 3 2 0 0 2 3 1 2 4 1 2 4 0 2 3 2 0 4 1 1 1 1 3 2 4 0 4 0 1 0 1 1 0 3 1 2 3 0 2 1 1 4 1 3 3 3 2 0 1 2 5 3 2 0 2 2 3 3 3 2 1 7 5 2 2 0 0 2 2 1 2 3 5 3 2 2 1 1 0 1 5 3 2 3 1 0 2 1 1 3 2 0 5 2 1 2 1 3 2 6 1 4 1 1 1 0 3 2 3 0 2 3 2 3 2 2 2 5 0 4 1 0 1 1 0 4 4 1 2 2 1 2 3 0 1 2 1 3 1 1 1 0 3 2 1 2 2 2 3 3 0 3 1 1 1 2 2 0 2 1 1 2 2 4 4 1 3 3 2 1 2 1 3 2 2 4 2 2 1 1 0 1 4 1 2 1 2 2 2 6 0 1 2 1 2 1 2 2 1 2 1 3 2 3 2 2 3 3 4 2 2 2 1 1 4 2 0 2 1 5 1 1 5 1 4 0 2 1 0 2 1 2 0 2 1 3 3 4 0 4 1 5 2 1 1 0 1 0 4 2 2 2 1 2 2 1 2 3 0 2 3 5 2 0 0 3 3 2 0 5 2 1 3 2 3 2 2 0 4 1 2 2 4 1 1 2 3 2 2 2 2 3 0 6 3 2 2 2 0 1 1 2 2 4 6 4 1 1 1 1 3 1 5 4 1 2 2 0 1 4 3 0 4 3 3 1 3 1 0 2 2 0 1 3 0 3 4 1 3 2 1 2 3 2 1 1 3 2 3 0 1 4 1 0 1 2 1 1 2 2 2 3 4 2 2 1 2 0 2 2 1 2 0 3 0 0 3 1 2 3 3 1 4 0 0 3 1 2 2 3 0 2 3 1 3 3 2 5 3 2 0 4 2 2 2 1 4 0 3 1 5 1 3 2 4 5 0 0 3 4 2 3 2 5 4 1 2 1 3 3 1 2 0 1 4 3 2 1 1 6 2 1 4 2 1 2 1 4 1 3 2 1 2 2 2 2 3 1 2 2 0 2 5 0 2 2 0 3 1 4 2 2 2 1 2 1 2 3 0 1 5 1 2 1 2 1 3 1 3 2 1 0 0 3 1 1 0 2 1 0 0 6 2 4 1 3 1 5 1 1 4 2 3 2 4 3 1 2 1 3 0 3 0 3 2 2 2 3 3 1 3 0 0 3 2 3 1 2 2 4 2 2 1 3 1 5 4 0 3 1 3 0 2 0 3 1 1 3 3 4 2 1 5 1 3 2 5 0 1 0 1 3 1 2 1 0 3 2 3 1 2 0 3 2 1 3 1 2 4 3 2 3 1 4 3 2 1 3 1 0 3 0 2 3 3 4 3 1 0 1 1 1 1 2 1 2 0 4 1 0 4 1 2 1 0 2 0 0 1 3 2 0 4 3 1 3 2 1 1 2 1 2 2 0 3 3 1 2 6 2 1 6 2 1 2 3 1 0 3 1 1 3 3 4 3 2 3 2 2 2 1 2 2 3 3 0 2 2 2 2 2 3 1 1 0 4 1 5 0 1 3 4 0 2 1 0 2 0 2 0 6 0 2 4 2 2 2 0 2 2 1 1 1 0 2 2 2 3 1 2 2 2 2 3 1 5 1 3 1 2 5 5 2 1 0 2 2 2 0 2 5 0 1 0 1 3 1 3 1 3 1 2 1 2 7 3 2 5 1 1 1 1 2 1 2 1 0 5 1 1 2 3 1 3 3 1 1 2 0 0 5 1 2 2 4 3 1 3 4 3 3 0 1 0 0 1 4 0 2 4 1 3 4 2 3 4 4 2 2 3 2 0 1 2 3 0 2 3 1 2 0 0 2 3 0 1 4 1 1 1 3 1 4 3 1 4 2 1 4 1 2 2 2 2 2 2 2 1 2 0 2 0 3 1 3 5 2 3 3 3 2 2 2 0 3 0 2 2 3 3 3 1 3 1 2 3 3 3 1 2 1 1 0 1 2 2 2 2 3 2 2 0 1 3 1 4 1 2 0 5 1 3 3 1 1 1 1 2 3 3 4 3 3 2 3 0 1 2 0 2 4 1 0 1 1 3 3 1 4 2 1 3 1 1 2 2 2 3 0 4 1 2 2 2 5 2 1 3 0 0 1 2 4 1 0 3 3 4 0 1 3 2 2 5 0 1 3 0 3 0 2 2 4 4 0 2 0 1 2 0 4 0 2 4 1 2 1 1 3 4 0 1 2 0 0 1 1 3 0 3 3 1 3 1 1 1 2 0 3 4 3 0 2 3 4 4 3 1 2 5 1 1 2 2 2 2 0 1 1 4 2 0 6 1 1 2 3 3 3 2 1 1 3 0 1 1 1 3 1 4 5 1 4 2 2 0 4 1 2 1 5 2 0 2 1 0 3 1 1 1 1 2 0 2 1 6 2 2 3 1 7 0 2 1 1 3 1 3 3 0 2 4 4 3 0 3 0 4 1 1 2 2 4 0 4 1 1 2 4 2 2 0 2 3 2 1 5 1 3 4 5 0 1 2 0 0 3 3 4 3 2 1 1 2 4 3 2 1 2 3 3 2 1 2 1 2 1 1 1 0 0 4 4 0 0 3 1 2 1 0 3 3 2 2 0 4 2 1 1 3 0 2 1 0 2 1 2 2 0 0 4 2 3 1 2 4 1 4 4 1 1 1 4 2 4 0 1 3 3 1 0 4 3 1 3 0 1 1 2 3 8 3 1 0 4 5 2 2 3 1 2 0 0 1 3 2 1 1 3 5 4 1 2 4 1 1 1 2 1 2 3 0 2 5 2 4 2 4 2 1 1 2 1 3 3 2 0 0 2 2 2 2 2 6 1 0 2 3 1 0 2 0 4 4 3 4 1 1 3 2 1 2 0 3 0 3 2 3 2 2 0 1 1 5 2 2 3 0 1 0 5 2 3 1 3 3 1 1 2 2 4 1 0 2 1 0 2 1 1 6 1 3 3 5 4 1 1 2 2 1 0 2 3 3 2 0 1 1 0 1 2 2 1 2 2 1 3 2 2 1 2 4 2 5 1 2 2 2 1 2 1 1 4 2 2 4 1 1 0 2 4 1 0 1 4 1 1 3 3 0 3 2 1 0 6 3 2 1 5 3 3 2 1 2 1 1 2 4 3 4 2 4 2 0 0 1 3 3 5 3 3 4 0 1 1 2 5 1 1 2 0 3 0 4 0 2 2 2 4 4 2 3 2 2 0 2 2 0 2 0 1 4 3 1 0 2 4 0 3 0 0 1 1 2 1 1 0 4 2 3 2 0 2 1 2 5 3 0 0 1 2 3 0 2 2 2 1 2 0 2 2 2 0 2 2 1 4 0 2 3 0 3 2 2 3 2 3 1 0 4 3 3 2 2 0 4 5 2 3 2 3 2 3 4 1 1 3 2 1 3 1 2 2 3 3 3 1 1 3 1 2 0 2 4 2 0 1 3 5 1 4 2 4 1 5 1 5 1 0 2 2 0 3 1 1 1 2 0 3 3 2 3 3 2 2 1 1 3 1 1 0 0 3 2 2 2 6 4 0 2 1 0 2 2 2 3 3 1 2 1 3 3 0 4 2 2 1 0 2 3 5 3 4 0 2 1 4 0 1 3 1 2 1 0 5 4 2 0 4 3 1 4 3 2 2 0 0 3 1 0 2 1 3 3 1 0 1 2 3 0 2 2 1 1 2 3 3 2 1 2 2 1 3 2 2 0 1 5 0 3 1 3 5 2 2 2 1 3 3 1 1 0 0 3 1 4 5 2 2 2 4 0 0 3 1 4 1 1 1 2 2 0 3 2 1 2 4 1 3 1 3 1 0 2 0 2 2 2 5 1 2 3 1 0 1 0 2 6 4 3 2 0 5 0 1 2 2 3 2 1 4 1 3 1 3 0 4 2 1 2 1 0 2 0 2 2 3 1 2 1 1 2 1 2 2 2 2 3 5 3 2 0 4 2 2 1 5 1 0 3 0 3 3 0 1 4 0 2 0 0 5 2 1 2 2 2 2 2 1 0 2 2 1 3 1 3 1 3 4 1 1 2 1 2 2 3 1 4 0 4 1 2 4 2 1 3 2 1 1 0 3 1 1 2 0 1 2 2 0 3 1 2 0 3 4 0 1 2 5 1 1 1 2 2 0 1 3 1 3 5 3 2 2 2 0 0 1 4 3 1 1 2 2 2 3 3 0 2 3 2 1 1 1 2 1 2 2 1 6 1 2 1 1 3 1 2 2 2 2 0 1 1 2 1 1 1 2 1 5 1 1 2 1 0 2 4 1 2 1 4 0 2 1 4 2 4 0 2 3 3 0 6 2 2 2 1 1 4 0 0 2 2 1 3 1 1 3 1 1 2 2 5 1 2 4 0 2 2 0 1 4 2 2 0 3 2 0 2 2 2 3 2 4 1 3 0 1 2 0 3 0 1 0 1 0 3 2 1 5 0 2 1 0 0 2 1 1 1 1 0 1 2 2 2 0 5 2 6 2 1 0 5 2 1 3 0 3 3 3 1 2 1 2 2 1 1 1 2 0 2 5 4 1 2 0 1 3 1 0 0 1 2 1 3 2 3 1 0 1 1 3 1 0 2 3 0 2 2 2 3 2 2 2 1 1 1 3 3 1 2 3 2 0 2 2 1 0 2 3 3 0 0 2 5 2 0 0 0 1 2 2 6 1 3 3 1 4 2 0 2 2 1 1 3 0 4 3 2 2 2 1 1 0 0 0 2 1 1 2 3 4 1 2 3 2 3 2 3 2 2 0 4 0 3 1 2 1 1 0 2 3 3 0 1 3 5 0 2 5 2 2 1 3 2 1 3 1 1 1 3 3 5 3 3 2 1 1 3 1 1 2 3 1 1 1 5 2 2 5 2 3 2 2 2 0 1 2 3 2 0 0 1 2 3 1 4 1 0 3 3 0 2 3 1 1 1 1 1 3 0 3 0 5 1 3 0 1 1 1 2 8 1 1 3 1 3 1 0 2 2 2 2 3 3 1 4 2 2 3 3 1 2 0 1 2 4 2 4 2 1 0 2 4 3 3 1 1 1 4 3 5 2 1 1 1 0 2 2 2 5 2 0 3 2 1 3 2 1 1 3 1 3 5 2 1 2 1 1 4 2 3 2 0 1 2 1 3 0 1 2 4 3 2 4 1 1 1 1 2 2 0 2 1 5 0 1 3 2 7 1 1 2 1 1 2 0 2 5 2 0 0 0 1 3 2 1 4 3 0 3 1 3 1 1 7 5 0 2 2 1 3 2 2 2 1 1 1 1 3 3 2 1 2 1 0 3 2 2 3 2 1 1 1 1 0 1 4 3 3 2 2 1 0 3 4 0 3 2 4 4 2 2 0 3 3 2 2 1 0 3 1 3 5 2 1 1 2 2 3 0 0 0 1 1 0 1 2 0 2 1 1 3 0 5 2 2 1 3 0 1 1 2 2 2 3 1 2 2 0 3 3 2 3 3 2 3 2 2 0 1 5 2 3 1 5 2 2 1 1 2 1 5 2 0 2 2 2 1 0 3 5 2 2 1 4 1 2 1 1 1 1 2 2 1 4 2 4 2 5 1 3 1 4 2 2 1 1 1 1 2 1 1 1 2 1 2 2 3 3 3 1 0 1 3 2 2 2 2 2 2 1 4 1 3 2 3 2 1 0 2 3 1 3 1 2 3 5 1 2 1 2 3 1 2 3 0 3 5 5 2 0 2 2 3 2 3 3 0 4 4 1 0 1 2 1 1 1 2 0 5 3 2 2 1 1 2 1 0 2 5 1 3 2 1 5 4 1 1 1 0 1 1 3 2 0 2 0 1 2 6 1 0 1 2 2 5 1 1 2 1 1 4 2 1 0 2 1 3 2 2 4 2 4 1 2 2 4 3 5 2 2 1 2 3 2 1 2 3 0 2 0 4 0 0 2 2 2 1 2 3 2 1 4 2 2 4 2 5 1 1 1 3 4 2 1 0 2 3 2 2 4 2 2 2 0 3 0 3 3 1 4 3 1 2 2 2 1 1 1 2 3 1 1 4 3 4 2 3 2 2 2 1 4 4 4 0 1 0 0 2 0 2 1 2 2 2 3 4 2 2 2 0 2 2 0 2 3 4 4 1 1 4 3 1 0 1 4 1 3 5 1 0 2 3 0 3 3 4 4 2 1 1 0 1 1 0 1 0 2 4 0 2 0 2 2 5 3 4 1 0 1 1 2 3 1 0 0 2 1 1 3 2 1 3 1 0 3 1 2 3 1 2 2 2 3 1 1 0 2 3 3 2 3 2 2 5 3 1 4 1 0 2 1 2 5 2 0 2 1 0 1 2 3 0 3 1 3 3 3 3 0 2 1 1 1 1 3 1 3 3 4 0 1 2 1 2 1 3 4 1 1 1 2 1 5 1 1 0 2 2 0 2 4 5 3 3 1 2 2 1 2 1 4 3 4 2 0 1 3 3 0 5 1 1 2 1 1 0 2 2 5 2 2 2 1 1 3 4 2 1 1 1 1 2 2 2 1 0 3 0 1 2 4 1 2 2 0 5 0 1 3 3 2 1 3 2 4 0 3 1 2 2 2 2 4 0 1 1 2 0 2 1 2 3 2 1 0 1 2 4 3 0 0 2 4 0 2 1 3 2 2 2 4 1 2 2 2 3 1 1 1 4 1 3 0 2 2 2 0 2 1 3 1 2 4 2 4 3 3 2 3 1 3 4 0 6 1 0 5 3 1 1 2 2 1 3 1 4 1 4 3 3 1 1 3 1 3 3 3 4 3 1 2 2 0 5 1 2 1 3 3 1 0 0 2 2 3 2 2 3 3 1 1 3 1 3 2 1 3 1 1 1 1 2 2 4 3 1 1 0 0 2 1 5 1 0 2 3 3 4 2 4 2 2 2 0 1 1 1 1 4 1 2 0 1 2 1 2 3 2 2 0 1 1 2 0 1 0 3 1 5 2 2 1 3 0 0 2 1 2 4 0 1 2 3 0 3 4 6 5 2 3 2 1 0 3 2 2 4 1 2 1 1 0 1 5 1 3 1 2 3 2 1 1 1 4 3 2 3 0 0 1 0 2 1 1 2 2 2 3 2 2 5 3 1 3 2 2 0 1 1 2 3 0 4 3 3 0 0 2 1 0 3 5 4 4 0 3 2 4 1 4 1 2 2 1 0 1 3 1 2 3 2 2 2 1 2 3 4 1 5 1 3 1 1 2 3 2 3 2 3 3 0 2 2 0 1 0 0 3 1 4 2 5 2 4 3 1 4 3 3 1 2 2 5 0 1 1 1 3 1 1 2 1 3 0 2 1 1 3 3 3 3 2 3 1 3 2 2 0 0 3 3 2 0 2 1 2 4 1 3 1 3 2 4 2 1 4 2 1 1 1 3 4 2 2 0 0 1 4 1 1 1 2 4 2 2 4 2 1 3 3 0 4 3 1 0 2 3 2 4 1 4 0 2 3 4 0 1 4 1 2 1 2 3 1 2 2 2 4 2 2 2 0 4 1 2 1 1 1 1 1 2 2 0 1 1 1 4 2 1 1 1 3 1 4 0 0 0 0 1 3 2 2 4 2 1 0 1 2 4 1 0 3 1 5 1 1 2 0 1 2 3 4 0 2 4 3 1 2 0 2 0 4 2 1 5 1 3 3 1 1 4 0 3 1 1 2 3 1 1 5 1 1 0 2 3 1 2 4 1 4 0 3 1 2 1 3 1 1 0 4 3 1 3 2 3 2 3 1 1 2 0 1 2 2 3 1 1 1 3 4 3 4 1 0 3 2 1 1 2 1 1 4 4 2 2 2 1 3 4 1 3 2 1 0 0 2 5 1 1 4 2 5 3 3 0 1 1 1 0 5 2 1 3 7 3 1 1 0 2 1 3 2 0 3 1 0 1 2 1 1 2 3 5 1 3 1 1 2 3 1 2 0 2 2 3 2 3 1 0 1 2 1 2 0 2 5 1 3 0 3 1 1 0 2 5 1 2 2 2 1 3 0 1 2 2 5 3 2 1 4 4 2 2 6 2 1 1 3 1 2 1 2 4 2 2 4 3 3 1 1 0 1 0 2 2 1 1 5 1 1 1 0 3 2 4 4 2 1 4 0 3 1 1 2 1 5 3 3 0 3 0 3 0 2 1 2 3 0 1 1 0 2 2 1 0 5 0 5 0 1 2 1 4 1 0 1 0 1 2 3 3 3 3 1 3 1 1 2 4 6 1 2 1 0 4 4 1 2 2 2 2 3 2 3 1 0 2 2 1 2 1 5 4 1 4 2 2 2 2 1 1 1 2 4 0 1 2 3 3 0 1 1 1 0 2 0 3 5 5 1 2 3 2 2 1 3 1 5 5 2 3 3 0 2 2 0 1 2 3 5 0 0 0 2 3 3 2 4 1 4 2 4 2 0 3 5 3 2 3 1 1 2 2 3 2 1 5 1 1 3 0 2 2 0 1 2 0 2 2 2 2 1 1 1 0 1 4 1 1 1 3 2 3 2 2 1 1 2 4 2 4 0 2 2 2 0 3 1 3 1 3 0 2 0 0 0 4 3 3 1 2 1 3 2 0 1 2 3 0 0 3 3 5 3 3 3 0 2 4 1 2 0 4 1 1 2 4 1 4 1 4 2 1 3 0 0 0 2 4 1 3 0 1 3 2 0 2 1 5 1 0 5 1 1 1 0 3 0 1 3 2 1 2 2 4 2 1 0 2 2 4 3 1 5 2 3 3 1 1 1 4 0 3 3 3 2 1 0 2 1 3 0 0 4 1 4 3 2 1 1 2 1 1 0 4 2 1 0 1 0 4 1 6 4 3 3 3 1 0 1 2 3 4 3 1 0 0 6 1 0 4 3 3 0 1 1 1 3 0 0 1 4 1 4 1 5 0 5 2 0 3 1 2 0 1 4 2 3 3 2 0 2 0 0 4 2 2 1 0 1 3 2 4 0 0 2 1 5 1 2 2 1 3 1 2 2 3 3 1 3 3 0 3 2 1 4 3 2 1 1 3 1 2 3 0 1 2 3 2 1 1 1 4 3 0 2 4 1 2 1 0 2 0 7 0 1 1 6 3 3 1 5 1 2 2 1 0 1 4 1 1 1 2 2 3 0 5 0 2 2 1 2 2 1 1 0 3 3 0 1 2 3 3 1 0 1 3 1 2 4 3 4 1 3 2 4 2 1 1 3 1 1 2 2 2 1 2 1 4 2 1 2 5 2 1 3 2 0 2 1 5 4 1 1 3 1 0 0 1 1 4 1 3 2 2 3 4 1 0 1 0 1 2 1 0 0 0 5 1 2 3 1 3 1 1 2 1 2 2 2 0 3 0 3 2 1 6 1 2 3 0 3 2 1 1 1 3 0 2 1 1 9 2 0 1 2 1 4 4 0 1 2 1 5 3 3 2 1 4 2 3 0 1 1 3 2 1 3 2 1 3 1 4 2 4 6 3 4 1 1 0 2 5 2 3 2 2 2 1 1 5 1 2 2 1 1 1 1 2 2 4 0 3 3 2 3 3 1 0 2 3 1 3 4 0 1 1 5 1 3 0 4 3 2 0 2 1 4 1 2 3 2 2 2 2 0 0 4 2 3 2 1 2 3 2 5 4 0 1 1 1 0 2 1 2 4 1 3 2 2 2 0 3 2 2 3 4 1 2 2 1 1 3 3 3 3 0 2 1 2 1 5 1 5 1 3 1 1 3 3 0 5 1 5 3 2 2 0 5 1 1 1 2 0 1 2 2 3 2 0 1 4 3 0 1 1 3 2 1 3 2 2 1 2 3 0 3 2 2 3 1 1 1 3 4 3 1 4 4 2 2 0 6 2 2 1 2 0 4 1 2 4 2 2 0 1 1 4 1 2 0 2 1 1 0 1 3 3 0 0 5 0 2 1 4 3 3 0 4 3 1 1 6 2 2 0 4 1 1 2 1 1 3 4 2 4 3 1 0 1 2 3 2 3 4 3 4 2 4 3 0 1 0 1 4 2 0 1 3 0 2 5 1 0 2 3 1 1 4 2 2 0 1 2 3 2 2 3 2 1 3 0 3 4 1 1 3 2 0 2 5 1 3 0 4 3 0 2 0 1 1 0 4 3 4 2 2 0 2 4 1 1 4 0 2 3 2 2 1 1 4 2 2 1 0 3 2 1 1 0 4 4 1 4 1 0 1 2 2 2 1 3 1 1 2 2 5 1 4 2 0 3 2 1 1 2 2 2 1 2 4 2 3 3 3 3 1 3 1 0 3 2 2 2 0 1 0 1 2 3 3 1 2 2 2 1 3 4 0 2 3 2 5 3 3 3 2 3 0 2 1 3 2 1 2 3 4 1 1 4 1 1 3 0 4 1 2 4 4 2 4 2 0 1 3 2 0 4 2 2 2 2 1 1 3 0 4 3 2 0 0 3 1 0 1 2 2 3 1 4 0 1 1 2 3 1 1 1 1 1 2 0 4 6 1 1 0 1 2 1 3 0 1 0 2 1 1 2 4 5 3 2 2 1 2 1 5 4 1 1 0 0 1 2 1 1 2 2 1 0 1 2 3 1 2 1 2 2 1 0 1 1 0 3 5 4 5 5 1 1 2 1 4 1 4 0 3 1 2 1 0 4 3 1 2 3 0 2 1 3 2 1 2 1 0 2 5 4 3 1 5 0 2 3 0 1 1 2 3 4 0 3 3 0 1 2 2 1 2 2 2 1 1 2 1 2 2 4 2 2 2 1 2 1 2 2 1 7 2 1 1 1 2 2 1 2 1 2 0 3 3 3 2 3 2 0 4 3 1 3 2 0 0 0 2 4 2 3 2 3 2 1 4 4 1 4 2 1 2 1 2 5 2 1 2 3 1 1 3 1 0 1 2 1 3 2 3 1 1 1 1 1 0 1 5 1 1 4 1 2 3 1 1 0 2 3 5 1 4 1 4 4 1 3 2 2 1 3 0 1 5 2 2 8 1 0 0 3 1 0 2 5 0 0 2 1 1 0 3 6 2 2 1 2 1 3 1 0 0 1 2 3 1 1 1 4 1 0 2 2 3 3 1 3 4 3 1 1 5 1 1 1 2 3 3 1 0 1 0 2 1 2 1 2 8 2 0 0 5 1 1 2 0 1 3 4 2 3 0 1 2 1 4 2 0 2 5 1 4 0 4 3 1 5 1 2 0 1 2 2 4 2 2 0 5 4 1 1 4 4 0 0 4 5 2 1 2 5 2 2 1 5 4 5 1 2 1 0 2 1 2 3 3 1 4 2 1 1 0 1 2 1 4 2 6 1 3 4 1 2 0 2 3 1 2 1 2 3 3 0 1 2 0 2 0 3 1 0 1 4 3 2 2 3 3 4 1 1 2 3 3 1 0 2 0 0 1 4 6 1 3 3 0 5 2 1 1 6 2 3 2 4 1 2 1 0 2 0 0 1 4 2 3 1 2 3 2 0 0 1 2 1 1 2 1 0 5 3 3 1 2 1 2 2 1 4 3 3 2 2 0 2 0 5 1 1 1 1 1 2 0 2 0 1 3 0 3 3 1 3 1 3 2 1 3 5 1 1 3 0 1 1 1 3 2 4 3 1 2 0 0 2 1 5 0 2 1 0 2 0 4 3 3 5 2 2 2 2 5 1 1 0 2 0 4 1 4 5 2 1 1 5 2 1 1 2 1 2 1 1 2 6 4 5 0 1 0 0 2 3 1 3 1 3 2 1 3 3 2 2 2 2 1 3 0 3 3 0 4 6 1 2 3 2 1 0 5 1 0 0 1 4 3 3 0 2 2 3 2 2 2 2 5 1 1 0 2 1 2 5 1 0 1 3 3 3 4 2 2 2 1 3 2 1 2 1 2 1 4 0 2 2 0 3 2 2 4 5 3 3 4 1 0 0 1 3 1 1 2 1 1 2 1 2 0 5 3 0 1 2 0 3 1 3 3 1 5 2 2 2 0 2 3 2 4 1 1 3 3 2 1 1 5 1 0 2 2 1 5 2 2 1 2 3 2 5 2 4 4 3 1 1 1 6 4 1 2 3 0 0 3 1 2 1 1 0 1 4 1 0 2 1 0 4 2 2 1 0 1 4 2 2 2 3 3 1 3 1 4 3 1 3 2 2 3 1 0 2 3 2 4 4 3 3 4 2 3 1 2 1 1 1 3 1 3 1 3 3 0 1 2 3 0 3 1 2 1 0 4 2 1 2 1 3 2 2 3 4 1 3 1 3 3 1 2 1 4 3 2 2 1 1 1 5 3 4 3 2 2 3 1 2 2 2 2 1 1 1 3 1 4 0 2 0 1 2 3 3 3 0 3 2 1 0 2 4 1 0 1 0 2 1 2 1 2 3 0 3 3 1 2 3 1 0 2 2 1 0 2 0 4 2 2 1 1 2 3 2 4 3 1 2 2 3 1 1 0 2 3 1 5 3 3 1 2 4 2 2 1 3 2 1 3 4 0 2 1 1 2 1 3 2 0 1 0 3 1 0 2 1 1 2 3 4 1 2 3 2 1 2 2 0 1 0 0 2 1 1 2 2 2 0 5 1 2 2 3 0 5 1 1 1 1 6 1 2 1 0 2 2 1 2 1 0 6 3 2 1 2 4 1 4 2 0 2 2 2 4 0 1 2 0 4 3 3 5 2 4 1 1 1 0 3 0 5 1 3 2 2 0 0 3 2 1 5 5 2 3 0 2 1 0 3 1 1 1 4 4 3 1 2 2 2 2 4 3 2 3 3 2 2 2 3 2 2 4 1 0 1 2 1 1 1 1 2 4 2 2 4 1 2 1 1 1 4 2 2 4 1 5 1 2 0 2 2 2 2 2 0 0 2 2 3 2 1 6 3 2 2 0 3 1 3 1 3 2 2 5 2 3 3 1 1 1 1 2 0 5 1 1 2 0 2 6 5 1 0 2 1 2 1 2 1 1 0 1 4 4 1 3 3 4 4 3 2 2 2 2 1 1 2 0 0 1 1 6 2 2 2 1 2 3 4 3 1 1 3 2 2 4 1 0 1 1 1 2 1 2 3 2 2 4 4 1 2 0 4 1 1 1 1 2 3 0 3 3 0 2 1 2 1 0 1 2 2 1 3 2 1 0 2 3 3 3 3 1 1 2 2 3 5 1 1 2 1 1 4 2 1 3 4 2 5 1 3 2 1 2 2 3 3 1 0 0 2 2 3 2 3 4 4 0 3 4 4 0 1 2 3 2 3 0 1 2 1 6 3 1 2 1 4 1 1 2 1 4 1 4 2 0 1 2 2 1 2 2 1 2 1 1 3 3 3 3 2 4 1 2 3 2 1 4 3 2 0 2 3 1 0 2 0 2 2 2 1 2 2 1 2 4 4 1 1 1 1 4 1 1 3 3 4 0 2 3 0 3 3 2 2 3 0 2 2 2 4 3 2 2 4 2 1 1 5 0 2 0 1 4 3 2 1 2 0 4 3 2 2 1 3 2 1 1 1 0 5 0 3 2 2 0 5 3 2 2 2 2 2 2 0 0 4 2 1 1 3 1 5 2 1 2 2 2 0 0 3 1 2 4 5 2 3 3 1 2 2 0 1 1 2 1 2 3 2 1 4 1 2 2 2 4 1 2 1 0 2 2 4 0 0 2 0 4 0 2 3 2 2 0 1 5 2 0 2 1 2 1 1 3 0 2 1 2 1 2 2 4 1 4 1 0 0 3 3 0 1 3 4 1 3 0 3 2 3 2 2 4 3 0 1 1 0 1 3 1 1 0 2 1 3 2 0 2 2 3 0 1 3 2 0 2 4 3 1 1 2 3 1 2 2 1 3 2 1 3 1 3 1 6 2 0 1 2 1 2 2 3 4 5 3 2 2 1 0 0 0 2 5 0 2 1 2 3 4 1 0 2 0 3 0 3 2 3 0 1 2 1 2 1 1 2 1 3 1 6 2 7 2 0 1 1 2 2 1 4 1 0 1 0 0 4 4 2 4 0 1 1 2 4 1 1 3 5 1 1 1 2 1 4 5 3 3 1 0 2 1 3 1 2 2 1 1 2 0 2 2 2 1 0 4 1 1 0 2 4 0 1 2 1 1 2 4 3 1 2 2 1 2 3 2 1 1 1 2 2 5 6 2 2 2 2 2 2 0 1 3 1 5 3 2 3 2 2 1 2 1 3 4 1 1 1 5 2 2 1 1 2 1 2 3 4 1 1 0 1 3 1 4 3 0 2 2 1 2 2 2 2 2 1 4 1 5 0 1 2 0 0 4 1 1 0 0 5 2 4 1 3 1 1 1 2 2 3 1 1 2 3 2 3 2 2 0 1 2 1 1 5 2 1 3 3 1 2 2 3 1 0 1 5 2 1 2 2 4 0 1 4 1 3 3 1 5 1 2 3 0 0 1 0 1 1 0 3 2 1 1 1 3 2 4 1 1 1 0 2 0 2 2 1 3 1 1 2 4 2 2 1 4 0 0 2 2 1 0 1 2 3 2 2 3 5 1 1 2 1 2 4 1 0 4 2 2 2 2 3 1 3 4 2 0 2 2 2 3 2 5 0 1 2 1 2 1 3 1 4 2 4 0 2 3 2 4 2 2 3 2 2 2 1 1 2 1 2 1 1 0 4 3 2 2 1 3 0 1 3 2 3 0 5 2 0 0 1 2 2 6 1 2 3 0 2 2 1 0 2 2 1 1 2 2 3 2 3 2 0 2 1 3 2 3 2 1 0 2 3 1 1 3 0 4 4 1 4 1 0 2 1 3 0 1 1 4 0 3 2 7 3 2 1 0 0 1 4 3 1 2 2 3 2 2 2 2 3 3 2 0 0 3 2 1 2 0 1 1 2 3 1 3 1 2 3 3 4 2 4 2 1 2 0 3 0 3 1 4 3 1 2 3 1 1 0 3 5 1 1 2 4 2 2 1 2 2 4 0 9 0 0 1 1 4 0 2 1 0 0 2 4 3 2 1 5 1 0 3 2 2 3 1 2 1 0 1 1 3 1 3 1 2 1 4 1 2 4 1 1 1 2 3 1 1 3 2 0 3 2 3 0 2 3 0 4 2 1 1 3 5 2 1 4 1 1 2 1 6 2 1 4 4 1 0 0 5 0 0 2 1 3 2 0 3 4 2 4 0 2 1 0 4 1 3 7 1 1 2 2 2 3 3 0 2 0 1 2 4 1 3 3 0 2 5 0 4 1 1 5 2 3 2 1 1 1 3 3 2 0 2 0 2 0 5 2 2 1 2 2 1 2 2 2 2 2 2 1 2 1 1 0 2 4 4 4 4 1 1 1 1 2 2 1 3 1 3 0 2 1 2 2 0 3 5 2 2 5 2 0 0 1 2 4 2 3 1 1 2 3 2 2 3 2 2 5 4 2 1 1 1 2 1 2 2 5 3 0 3 2 0 3 4 1 0 3 3 0 5 4 1 1 4 2 3 1 4 3 3 4 2 0 0 4 2 4 1 2 0 0 2 5 3 2 1 3 3 2 2 0 2 1 4 1 6 3 2 0 3 5 3 2 0 2 0 2 0 0 1 3 2 1 3 1 3 1 2 1 3 2 1 1 1 2 5 2 2 1 0 1 2 1 2 1 3 2 1 1 3 2 1 3 1 0 3 5 1 2 3 1 2 3 1 1 1 2 0 1 3 1 3 1 0 2 0 3 0 4 0 1 3 3 2 2 3 5 3 1 4 2 1 2 1 2 3 2 1 1 4 1 2 0 4 2 2 2 3 2 4 2 0 2 3 0 2 1 2 4 1 3 3 0 2 2 0 3 1 2 3 2 2 2 1 6 1 4 2 1 1 2 2 2 0 1 3 1 4 3 1 1 2 2 1 1 1 2 5 2 1 1 4 3 0 1 2 2 0 2 2 3 2 1 3 1 4 1 1 7 0 5 2 3 2 2 0 6 2 3 1 4 0 1 1 2 1 2 2 3 3 1 4 1 4 2 0 5 3 2 2 2 1 2 2 2 1 1 0 2 5 1 0 1 2 3 6 6 2 1 1 2 1 3 0 2 1 3 6 1 1 2 1 0 4 3 2 4 1 3 2 2 1 3 2 1 1 1 0 3 2 4 1 2 4 0 2 3 1 2 1 2 2 0 7 1 2 1 1 1 0 3 1 1 4 0 2 1 2 1 0 0 3 2 2 3 5 3 2 2 2 2 4 3 0 2 0 3 2 4 0 3 1 1 1 2 3 5 2 1 1 1 0 3 3 2 1 1 1 1 0 6 1 1 4 2 3 2 3 4 1 2 0 1 2 1 3 1 1 5 1 3 2 1 0 0 1 3 3 3 1 1 2 3 4 1 3 3 0 0 2 2 5 4 1 0 0 2 1 2 2 2 0 3 1 2 2 3 1 6 1 2 3 1 0 0 2 3 4 0 2 2 0 3 2 4 2 2 3 1 1 1 1 1 0 1 5 3 2 2 3 0 0 3 3 4 0 3 2 2 1 1 2 0 3 2 5 4 3 1 2 0 3 2 2 2 1 4 2 0 1 5 4 1 0 1 3 2 2 2 1 1 1 1 0 4 1 3 1 4 2 3 1 3 0 0 1 0 1 2 1 3 3 4 0 0 0 3 1 2 4 3 1 2 1 2 1 3 2 1 2 2 2 2 0 3 0 1 3 2 3 1 1 2 2 2 2 1 1 1 2 3 4 2 0 1 1 3 4 0 0 2 4 3 0 2 2 2 2 1 0 1 2 2 3 1 2 2 1 1 3 1 0 1 4 2 3 0 3 2 5 1 1 3 0 2 3 3 1 3 3 1 3 2 5 3 2 2 5 2 0 1 1 2 4 1 2 5 1 3 4 1 2 1 2 2 2 2 5 3 1 0 2 1 1 1 2 0 4 2 1 2 3 0 3 4 2 4 3 2 3 2 1 1 2 0 0 2 2 1 3 2 3 2 3 4 0 1 1 2 4 0 4 2 2 1 3 2 1 3 1 4 1 1 5 3 3 0 2 1 1 3 3 0 1 2 0 2 1 3 4 1 3 3 0 6 5 0 1 1 2 2 2 2 3 0 1 1 1 3 3 0 3 3 2 2 4 4 1 2 1 2 1 1 3 1 4 1 3 2 2 0 0 0 1 0 1 3 1 3 3 2 1 3 1 1 1 3 2 5 2 1 3 1 3 3 3 4 0 6 0 0 0 2 3 3 0 1 0 0 2 1 4 4 3 2 1 4 2 2 3 1 2 2 0 2 2 0 1 2 0 2 6 0 0 6 0 2 3 1 1 4 1 1 1 0 2 4 2 2 1 1 1 1 0 2 0 4 1 4 2 1 0 1 0 3 2 3 1 1 0 4 2 1 2 0 6 2 1 0 2 2 2 2 5 2 1 0 1 2 5 5 1 2 2 1 2 3 4 2 0 2 1 2 1 1 0 2 2 4 2 2 4 1 2 1 0 0 0 1 2 2 2 4 1 1 0 2 0 3 3 2 3 0 0 1 2 2 2 1 3 1 3 3 8 3 2 1 2 1 3 1 1 1 4 0 3 2 2 3 1 0 7 2 1 0 3 3 1 1 4 3 3 1 3 2 2 1 2 2 2 0 1 1 2 3 1 2 1 1 3 5 3 3 2 1 3 1 1 0 4 0 3 4 2 0 1 1 1 1 2 1 5 3 0 1 1 3 3 1 1 5 2 0 1 4 2 1 0 2 0 1 4 4 1 1 3 2 2 3 0 2 0 0 2 4 3 2 3 3 3 0 1 1 0 0 1 0 3 3 1 2 2 0 0 2 2 2 0 2 1 2 2 4 3 2 2 0 4 4 4 2 0 1 2 1 0 5 1 0 1 1 4 2 4 2 3 2 3 2 1 2 1 0 2 1 2 3 3 1 1 2 0 4 2 2 3 2 2 1 0 1 2 2 2 2 2 3 1 2 2 0 2 2 2 3 1 0 1 2 2 2 4 4 3 3 2 2 0 0 1 1 3 2 3 2 6 4 0 1 1 1 1 4 2 3 2 3 0 2 6 0 4 2 1 1 3 1 1 2 1 2 4 1 2 2 3 1 3 2 0 4 1 3 1 4 3 3 2 1 0 2 4 0 3 6 1 1 1 2 2 2 3 1 3 1 2 2 3 0 0 1 2 4 0 3 2 2 2 3 4 2 1 0 0 3 5 1 3 2 4 2 2 1 3 6 2 2 3 1 0 2 1 1 3 3 1 2 1 3 0 3 1 1 2 2 1 1 1 5 6 1 0 0 2 2 0 1 3 1 3 2 1 1 0 2 1 3 1 1 3 1 4 2 2 3 2 0 2 1 1 4 2 6 3 1 4 2 0 3 2 2 2 2 1 3 0 2 3 6 1 2 3 0 0 2 3 4 1 0 3 3 0 2 2 1 2 4 1 3 3 2 2 3 1 2 0 1 3 1 2 1 2 1 3 3 3 1 2 4 2 3 4 2 1 2 5 0 2 3 3 2 0 3 0 1 1 2 2 2 0 5 0 0 4 1 1 1 2 1 3 3 2 2 4 2 1 3 2 2 0 0 2 1 2 1 1 0 4 6 2 2 1 1 3 0 3 1 3 0 2 2 2 3 1 2 1 3 5 1 3 3 3 2 0 0 0 4 4 1 0 3 2 2 3 1 1 2 5 2 1 1 2 2 2 3 3 4 0 2 4 0 3 3 1 3 4 2 0 2 4 3 1 1 2 2 2 3 2 4 0 3 1 1 2 0 1 1 3 0 2 1 3 7 1 0 3 2 2 2 2 1 0 2 4 2 2 4 3 3 1 2 7 1 2 2 2 2 2 3 2 0 4 2 2 1 1 2 1 1 1 1 1 2 2 2 0 5 0 1 1 3 2 3 2 4 1 2 1 1 2 2 1 1 1 1 3 5 1 1 2 3 3 0 0 0 3 3 4 1 2 3 2 0 3 0 3 3 3 1 1 6 0 3 3 2 0 4 3 4 4 2 0 1 5 2 2 1 0 1 3 2 2 3 2 3 1 1 2 3 2 0 1 1 1 2 2 4 3 2 0 1 1 3 3 4 0 1 1 0 2 2 3 5 2 6 1 1 2 1 5 2 0 5 4 2 1 3 1 2 4 1 1 0 5 2 1 4 0 1 7 3 2 2 2 1 1 0 3 6 3 3 3 4 2 2 1 0 1 4 4 0 2 5 1 4 2 3 3 0 0 0 3 4 3 3 2 0 1 4 1 4 4 6 1 0 1 0 0 2 2 3 4 6 3 1 1 1 1 2 2 3 1 0 4 0 1 6 0 2 3 0 2 2 2 1 1 1 2 2 1 3 3 3 3 0 3 1 2 3 3 3 1 3 4 1 2 2 1 2 3 3 4 1 2 3 1 1 6 1 2 2 1 2 0 1 2 1 1 2 1 5 2 0 3 2 1 2 3 3 3 1 4 1 0 4 1 2 2 1 3 3 2 1 2 3 2 3 2 1 0 3 1 5 2 2 3 2 0 2 3 2 1 3 4 0 3 4 0 1 1 0 0 2 3 0 1 2 2 0 3 4 3 0 2 3 2 3 1 1 1 1 3 1 4 2 3 3 0 3 1 3 2 2 1 5 2 4 1 2 5 0 4 0 2 1 2 0 5 4 5 5 0 1 1 2 2 1 5 1 1 2 3 0 0 1 1 2 2 0 1 2 4 1 2 1 0 0 1 3 7 1 1 0 2 2 3 3 0 1 4 0 3 2 1 0 4 2 0 0 7 0 1 2 1 3 3 1 3 1 2 4 2 2 1 2 1 1 1 1 2 2 4 2 5 0 3 2 5 1 1 3 2 2 1 2 1 2 2 1 2 1 1 4 3 3 2 1 3 2 2 0 1 4 1 3 2 1 2 1 2 6 3 3 1 0 3 2 0 1 1 1 5 6 1 4 4 3 2 3 1 5 2 3 2 1 3 1 0 1 0 3 2 1 3 0 1 2 4 2 1 5 1 1 3 2 2 2 1 1 2 1 1 1 3 2 3 3 2 1 1 2 1 3 3 2 2 0 5 1 3 2 1 3 5 2 0 3 0 1 2 2 2 2 1 8 0 1 3 5 2 1 2 3 3 2 0 1 2 0 2 2 1 0 1 3 3 1 2 1 1 3 3 3 0 1 3 1 2 4 2 5 4 1 4 2 2 2 2 0 1 1 3 2 5 2 3 2 1 2 1 4 0 1 1 0 0 4 1 3 2 3 3 2 3 1 0 1 1 3 0 2 3 2 1 4 3 2 5 0 2 4 1 1 3 1 1 3 3 0 1 1 2 0 0 7 0 2 2 0 2 4 0 2 2 3 2 1 0 4 0 4 1 3 4 1 2 2 0 0 1 4 3 0 2 2 4 3 0 3 2 2 1 3 1 3 0 4 1 1 1 4 2 0 0 1 2 1 2 2 3 4 2 3 5 2 2 1 1 4 3 0 1 3 2 1 3 1 1 2 2 5 1 4 1 0 1 4 1 3 2 3 0 3 3 4 3 1 3 1 2 0 1 2 0 1 0 1 1 5 0 3 3 2 3 2 2 2 3 1 3 3 1 1 3 1 1 2 2 2 3 0 2 4 0 4 4 2 1 2 3 0 4 3 1 1 1 0 0 1 1 2 2 2 3 1 0 1 1 1 2 4 3 1 1 1 3 3 3 1 5 2 3 2 1 4 0 2 1 8 2 3 2 2 2 2 0 2 0 0 3 6 2 1 2 2 4 5 0 1 3 1 2 1 1 0 1 6 1 1 2 1 3 4 1 4 1 1 5 3 0 1 3 0 1 2 0 1 3 2 2 2 1 3 4 1 1 3 1 2 3 2 1 0 0 5 0 3 0 2 1 3 3 2 3 1 3 3 2 2 4 3 1 2 1 1 3 1 5 1 2 3 0 1 0 2 0 3 2 1 4 2 1 4 2 5 3 0 1 2 3 0 3 1 2 5 1 0 4 2 1 3 2 1 3 3 2 4 1 4 0 2 2 1 0 3 0 2 3 1 1 4 1 1 0 3 2 1 2 5 5 2 2 3 1 4 0 1 1 0 0 2 4 4 1 3 2 1 3 0 2 1 3 2 3 0 2 2 2 1 3 1 0 1 0 5 3 0 4 1 4 1 1 2 1 2 3 0 2 1 0 3 1 1 3 3 2 2 2 1 3 3 3 0 2 5 4 1 2 1 3 3 2 1 1 2 5 3 4 5 0 0 2 0 2 2 1 0 3 3 3 2 1 3 1 2 1 3 1 4 1 0 2 0 1 3 2 1 2 2 5 4 1 1 1 0 3 2 2 3 3 4 0 0 1 1 1 1 3 2 1 4 1 2 2 3 1 1 2 1 4 2 0 2 2 3 3 3 1 2 3 3 2 4 2 4 2 1 0 2 1 2 2 3 2 3 3 1 2 3 1 1 4 6 1 1 1 2 2 0 0 3 1 2 4 2 1 2 2 3 3 5 2 1 0 1 1 0 2 1 2 1 2 2 6 2 3 3 2 3 1 1 1 1 1 0 4 2 2 1 2 4 2 2 1 1 2 1 4 2 5 4 3 1 1 1 3 1 1 3 2 1 1 2 0 4 2 4 2 0 1 2 1 2 1 0 3 1 2 2 2 3 2 4 0 7 5 4 1 2 2 2 2 1 1 1 4 3 0 0 0 1 1 6 2 5 4 8 0 1 0 3 1 1 3 1 2 1 3 0 2 1 1 3 4 2 2 2 1 1 3 3 1 3 0 7 1 3 5 0 1 2 0 1 0 3 1 2 4 2 1 5 3 3 2 2 1 5 2 1 3 2 0 3 5 0 2 2 2 1 0 4 4 5 2 0 4 0 1 2 2 0 3 3 5 1 2 2 0 2 1 3 1 4 2 1 3 1 3 3 7 2 0 0 0 2 1 2 4 1 3 2 1 1 2 3 1 1 3 5 0 4 0 2 1 3 3 0 3 1 2 3 0 3 1 3 1 4 0 3 2 1 3 2 2 2 0 4 2 3 3 0 3 1 6 1 1 1 2 4 1 4 1 1 4 3 2 2 1 1 1 3 3 4 0 1 4 3 2 2 3 4 0 2 0 3 3 3 1 2 2 1 2 3 0 3 1 1 1 3 5 1 1 2 3 2 0 2 0 3 1 1 3 2 0 2 2 1 1 3 1 2 1 1 4 1 2 2 1 0 1 3 2 0 1 1 5 0 1 6 1 0 1 0 1 1 5 2 0 1 2 2 1 3 4 1 3 3 1 0 5 2 1 1 3 2 1 3 3 3 2 2 3 2 3 4 3 4 1 3 1 7 3 3 3 3 0 1 1 3 1 3 4 1 2 2 5 1 3 2 2 3 3 1 2 3 2 2 0 2 1 1 2 4 5 2 2 0 1 1 3 2 2 2 1 0 0 2 4 3 2 0 3 5 4 3 2 1 1 0 3 2 5 2 2 2 2 0 5 3 1 4 1 3 1 1 1 4 3 2 6 1 4 1 3 2 2 1 0 1 2 3 3 2 4 2 2 2 1 2 2 2 1 2 4 1 2 2 3 1 5 1 2 0 1 0 2 3 4 1 0 4 2 2 2 5 2 2 3 1 2 2 1 3 3 1 4 1 1 1 2 3 2 1 3 0 1 4 3 1 3 6 1 1 5 1 2 3 3 1 5 1 3 0 3 4 1 4 1 2 3 0 1 4 0 3 0 4 1 4 2 3 3 0 2 2 1 5 1 2 1 3 0 1 2 5 2 3 2 5 0 1 1 2 2 3 1 4 2 5 1 2 0 3 3 1 2 1 5 1 1 2 2 1 0 1 2 2 6 2 1 4 0 2 2 0 1 3 1 2 1 1 1 3 0 0 1 3 1 2 1 0 0 3 1 2 3 1 2 2 4 5 1 0 2 2 2 1 4 1 4 1 1 0 2 4 1 4 2 3 2 0 1 0 2 2 3 2 1 2 1 2 1 4 3 2 1 0 2 1 3 0 2 4 4 1 1 4 3 3 1 3 1 2 3 1 2 4 2 1 2 3 1 2 1 5 3 4 1 2 2 0 2 1 2 1 1 4 1 2 2 2 3 1 4 1 1 0 1 3 2 1 2 3 2 3 4 2 2 1 0 2 5 1 4 2 1 2 0 0 6 1 5 2 2 1 1 2 2 2 0 1 0 3 1 2 2 1 0 2 1 1 4 1 3 1 1 0 0 1 4 1 3 2 2 4 2 1 2 2 4 3 1 2 3 4 3 0 4 1 3 2 2 2 2 5 2 2 3 1 1 2 2 3 1 3 1 1 4 1 1 2 3 2 3 1 1 0 3 1 3 2 1 2 1 1 6 1 1 2 1 3 1 1 8 2 2 4 0 1 0 1 2 3 0 4 5 2 4 1 2 3 2 0 2 3 1 3 2 1 3 3 1 1 3 1 1 0 1 1 1 1 4 2 6 3 3 1 0 1 3 0 2 2 1 1 4 3 2 1 1 3 2 1 1 3 4 2 1 2 3 0 2 2 4 3 4 1 0 4 1 0 2 0 4 2 3 0 4 1 1 1 2 3 1 1 1 0 2 1 1 4 3 2 1 2 2 0 1 3 5 0 3 1 0 3 3 2 1 3 3 3 3 4 0 2 0 2 0 2 3 3 0 5 2 2 3 3 3 0 3 2 3 3 2 1 3 3 1 2 1 1 1 1 1 2 1 2 5 2 1 1 1 2 0 1 5 1 4 1 4 1 4 2 2 2 3 0 3 3 2 0 2 0 5 2 4 1 1 1 1 2 3 1 2 3 1 2 2 4 4 4 0 3 0 1 1 0 5 0 3 2 2 2 3 3 2 1 3 0 1 1 1 3 3 0 2 2 2 0 4 2 2 3 1 3 1 2 1 3 1 0 2 4 2 2 2 3 1 3 1 5 3 1 2 2 1 3 2 1 2 0 1 3 0 3 2 1 0 5 4 1 1 2 1 1 2 2 4 2 2 0 3 2 0 0 1 4 0 1 0 2 1 3 4 2 4 2 1 5 1 3 2 0 0 0 0 1 1 3 0 2 2 1 2 5 2 2 3 5 0 2 0 0 0 1 1 2 0 6 1 2 3 2 3 2 0 2 1 3 1 1 3 2 1 2 2 1 0 1 1 3 3 2 1 3 1 3 2 4 2 0 1 4 3 1 3 3 2 3 0 3 1 2 0 1 1 4 3 2 1 1 4 4 2 1 2 3 0 3 1 2 3 2 3 1 2 0 1 3 2 1 6 3 0 2 0 1 2 0 0 2 0 1 7 3 0 0 0 3 1 2 1 2 2 0 2 2 4 1 1 1 2 0 2 1 0 1 2 3 3 1 2 5 1 1 1 2 1 0 0 3 3 1 2 1 0 2 1 4 1 0 3 1 0 4 3 3 0 3 3 3 2 3 3 3 1 2 1 3 1 3 2 0 3 1 1 1 4 0 1 1 2 2 0 0 2 4 1 0 2 1 1 3 2 4 0 0 2 2 3 2 2 0 3 2 2 2 3 0 2 5 1 1 5 4 0 2 2 0 2 4 3 4 1 2 2 2 1 1 3 2 1 1 3 2 0 3 1 5 2 0 3 3 1 2 3 3 0 2 2 2 2 3 1 2 1 2 1 3 2 4 2 2 3 1 3 2 2 3 2 2 1 3 2 2 2 1 2 2 0 2 0 1 1 4 3 2 3 2 4 1 0 0 4 2 1 3 2 3 2 4 0 2 4 1 3 0 1 1 5 2 0 1 2 1 1 2 2 3 2 1 2 2 1 2 1 3 1 2 0 2 1 2 3 1 0 3 4 1 1 2 2 2 2 1 1 0 4 2 0 3 0 3 2 2 5 0 4 1 2 2 1 1 1 1 0 3 1 1 2 4 2 2 4 4 2 2 4 0 1 0 1 3 4 1 3 1 2 4 2 0 1 1 3 3 0 3 1 4 3 3 2 2 4 1 2 2 0 2 4 0 1 1 2 2 1 3 4 3 1 0 1 1 3 3 2 3 1 0 3 2 1 3 2 1 2 4 2 2 0 2 2 2 0 3 0 0 2 3 3 3 1 4 5 1 3 2 2 2 6 1 1 1 6 1 1 2 3 1 2 3 3 1 5 0 1 1 0 3 0 1 2 1 1 0 0 7 2 2 1 0 0 2 2 0 1 0 1 1 1 3 4 3 4 2 2 1 4 1 2 2 3 1 3 0 0 1 5 1 2 5 2 2 1 2 1 4 1 1 2 0 2 1 2 2 1 3 3 2 3 3 2 1 2 2 3 0 1 1 2 0 3 4 1 4 4 0 0 3 0 3 3 1 3 5 3 2 1 2 2 4 2 2 2 3 4 1 2 1 2 0 0 1 2 1 0 5 3 1 1 5 0 2 1 0 2 0 3 2 4 2 1 1 3 2 0 1 2 2 1 4 0 2 3 1 2 3 1 1 2 1 2 2 3 1 0 3 0 1 4 1 5 1 6 3 2 1 5 0 2 3 1 3 1 2 3 3 2 2 0 0 3 1 3 0 1 1 1 2 0 3 1 2 5 2 5 2 2 0 0 2 1 1 1 2 4 2 4 2 3 2 2 2 1 2 4 3 1 0 0 4 3 2 3 1 1 1 4 1 2 2 2 0 1 4 3 2 2 3 0 1 3 3 6 0 2 1 1 2 1 1 1 1 0 3 3 2 0 0 2 2 1 1 3 3 4 1 2 3 1 3 3 2 1 1 3 2 2 2 2 0 2 1 5 5 3 2 2 3 0 2 4 1 1 1 1 4 3 4 4 3 1 3 0 1 1 1 1 1 3 3 0 4 3 1 1 5 0 3 1 1 2 0 4 0 2 2 3 0 1 1 2 2 0 2 4 2 1 1 0 3 0 2 4 0 2 2 3 4 0 1 1 2 2 1 2 2 1 3 2 7 3 3 0 1 2 0 3 3 6 4 2 3 2 2 0 3 2 3 1 2 2 5 1 1 3 0 0 4 2 0 3 6 2 3 1 1 2 1 2 0 1 2 3 0 3 1 1 5 1 2 4 3 0 3 0 3 3 4 1 2 0 2 0 2 1 2 0 1 1 3 1 3 5 0 1 2 3 2 5 3 5 1 2 1 3 3 1 3 2 3 2 1 3 2 3 3 1 0 1 2 5 0 3 3 4 3 2 5 2 1 2 2 3 0 1 2 1 1 5 3 1 1 5 1 4 0 3 1 1 1 2 3 2 3 2 1 5 2 2 1 1 3 1 2 0 2 1 0 2 3 3 2 0 0 1 1 4 1 4 1 4 2 1 2 1 1 5 3 2 2 2 1 3 3 3 2 4 3 2 1 2 3 4 3 2 2 4 1 1 1 0 2 0 1 1 3 3 1 5 2 1 0 0 1 2 3 3 3 0 0 3 0 1 2 0 0 1 4 0 4 3 1 3 2 2 0 2 2 2 2 2 1 2 2 0 3 1 2 2 2 1 3 2 2 0 2 5 3 1 0 4 0 2 3 4 1 1 1 0 0 2 5 2 4 4 1 1 1 2 0 5 2 1 3 2 1 2 3 1 1 1 1 2 1 1 4 1 4 1 2 2 1 1 3 2 2 2 1 1 2 2 1 4 3 4 4 1 4 2 2 2 1 0 3 0 0 3 1 0 3 3 1 3 1 1 1 1 0 2 2 0 3 2 0 2 3 0 2 1 3 3 4 1 4 0 2 3 1 3 1 4 1 2 3 0 3 0 0 1 1 3 5 3 2 1 2 1 3 3 0 3 3 1 0 0 1 3 0 2 3 4 4 1 1 2 1 1 2 2 1 1 1 3 2 2 0 1 2 2 0 3 4 1 2 4 1 1 2 1 3 3 2 3 3 1 1 2 2 1 0 2 5 2 0 0 3 1 2 3 0 4 2 4 0 1 2 2 1 5 1 1 3 0 2 3 1 3 2 2 1 2 3 1 2 3 1 2 5 1 4 2 0 2 2 1 2 0 6 0 1 0 1 3 3 0 2 2 1 3 4 1 2 0 5 1 1 2 1 1 3 0 1 4 1 2 0 2 2 3 1 1 4 2 4 1 1 0 3 0 0 2 3 5 1 1 1 2 5 1 0 1 1 4 5 1 2 2 3 2 2 1 1 2 1 0 1 4 2 2 1 1 3 4 1 1 4 1 4 0 1 3 1 1 2 1 3 3 2 2 2 2 1 5 1 2 3 2 0 4 2 3 1 1 0 4 1 2 4 2 4 1 2 2 1 1 1 2 0 1 2 1 2 1 0 2 2 0 5 4 4 3 2 1 1 1 0 4 2 2 2 1 2 1 0 0 3 1 2 1 5 1 0 4 1 1 1 2 0 2 2 3 2 4 2 0 0 1 3 1 3 1 0 1 5 1 1 2 1 5 0 0 3 2 2 3 1 1 6 3 1 3 3 0 2 3 2 4 1 2 5 2 3 1 4 1 1 3 2 1 1 4 4 1 1 1 3 2 3 1 1 2 1 2 2 1 0 1 1 2 3 0 4 1 4 2 1 1 2 2 2 1 0 2 1 2 1 2 4 3 2 1 1 3 2 4 5 1 0 0 4 2 1 2 3 2 1 4 3 4 2 3 1 1 2 1 1 2 3 0 5 3 3 1 2 2 2 2 2 1 2 1 2 1 1 2 2 3 2 3 1 0 3 1 1 1 3 0 2 2 5 2 3 3 0 1 0 1 3 1 3 2 3 1 2 1 4 2 5 2 4 0 1 2 3 3 1 1 3 1 1 2 1 1 1 1 4 1 2 1 2 1 3 0 0 1 4 2 1 1 1 2 0 2 2 3 2 3 2 1 2 0 4 1 1 3 1 2 4 2 1 2 2 2 2 0 3 1 1 3 2 2 2 2 6 0 0 0 1 2 2 0 0 0 4 2 2 2 2 3 0 2 1 1 4 0 2 1 6 3 2 4 5 1 2 1 1 3 0 3 2 1 2 2 4 4 1 1 1 2 1 2 1 3 2 1 1 1 1 1 2 3 7 2 1 4 1 0 1 4 4 3 1 4 2 2 0 2 2 2 0 1 2 1 3 1 6 4 1 0 3 4 3 1 2 0 4 3 2 1 0 4 3 1 2 1 1 2 4 2 1 2 1 2 1 0 1 4 4 3 0 0 5 0 3 0 4 2 4 3 1 2 5 1 1 0 2 2 3 3 1 1 1 3 3 2 3 0 0 3 2 2 2 0 2 3 1 2 3 3 0 4 4 3 3 1 0 0 3 2 5 2 1 1 3 2 5 2 1 1 2 2 2 2 5 2 2 4 3 0 1 0 3 1 1 1 1 3 1 4 2 1 5 1 0 1 1 3 0 5 4 2 1 3 1 2 3 1 1 2 3 1 1 2 0 1 0 2 1 0 0 3 3 6 1 0 0 1 0 4 1 3 1 3 4 3 1 2 1 2 2 1 3 0 3 1 5 1 3 0 2 1 1 1 0 0 1 2 0 6 2 0 1 5 2 1 4 1 2 2 2 4 3 0 3 2 0 2 1 2 0 3 2 2 4 0 2 1 1 3 1 3 1 2 2 0 0 2 3 1 3 2 2 2 2 3 0 0 2 2 5 1 1 1 2 3 1 0 3 2 1 4 1 2 3 1 2 2 1 2 2 2 4 3 1 1 1 1 1 1 0 1 3 3 0 1 2 3 2 1 1 2 2 2 1 1 3 3 4 2 2 2 3 1 2 2 0 2 4 1 2 1 1 3 2 2 1 2 1 2 7 5 2 1 0 5 2 0 1 1 2 3 2 5 4 2 2 1 2 4 0 2 1 3 5 2 0 2 2 3 3 4 2 4 2 0 1 0 4 4 0 3 4 2 2 3 2 3 2 3 2 0 0 3 0 1 0 5 1 2 1 4 0 5 4 0 5 1 0 1 1 2 3 1 0 1 1 1 2 1 3 3 3 2 4 3 4 1 0 1 2 1 1 2 0 2 5 2 2 1 1 3 3 2 2 2 4 1 2 2 2 2 3 2 1 1 1 3 1 0 4 3 3 3 1 1 6 3 1 1 3 1 0 3 4 0 1 4 3 1 4 1 4 2 2 1 0 3 2 2 2 2 2 3 1 0 2 0 5 4 0 3 1 1 0 2 2 1 4 1 6 1 1 1 2 2 3 1 3 4 4 4 0 2 0 1 1 3 2 0 3 4 4 2 0 2 1 1 0 1 3 4 2 1 2 4 1 1 4 3 5 1 4 1 0 1 0 1 0 4 2 0 4 2 1 4 3 0 0 3 0 3 1 0 0 2 0 1 2 4 2 3 3 2 2 2 2 2 0 1 3 0 3 7 2 0 0 2 1 1 8 1 4 2 1 1 3 4 3 1 1 1 1 1 2 3 1 3 1 1 1 4 2 1 1 1 3 2 3 0 2 1 3 3 2 2 5 2 3 2 2 2 0 2 1 2 3 3 2 0 2 4 1 4 3 2 4 1 2 2 2 2 0 2 4 2 1 1 1 2 2 3 5 2 2 1 0 1 1 3 4 2 1 3 2 1 0 3 1 3 2 2 3 3 0 2 2 2 1 1 1 5 3 2 1 0 1 1 4 3 1 2 0 1 0 4 2 2 2 2 0 3 4 1 3 2 1 1 2 3 1 0 0 3 1 0 2 5 0 2 2 3 4 5 2 1 3 0 2 3 4 4 0 2 3 2 4 1 1 2 2 3 1 4 3 3 3 0 0 2 0 2 0 1 1 4 3 0 1 3 0 1 4 1 1 2 3 1 2 0 1 4 2 2 2 2 1 4 3 3 2 2 2 2 2 3 3 3 1 3 2 3 3 0 1 0 2 2 2 5 3 1 0 0 2 3 3 3 1 2 1 2 0 0 2 6 0 2 2 1 0 3 0 2 2 1 2 2 3 3 1 3 2 3 4 1 3 0 0 1 2 2 2 0 2 4 3 3 1 7 2 2 2 1 1 1 1 0 1 0 4 2 0 2 4 1 2 2 3 1 3 2 3 5 2 0 1 0 3 2 1 2 3 3 2 3 2 0 0 2 1 1 2 1 5 1 0 1 3 1 2 2 3 1 4 1 3 1 1 4 3 2 2 1 0 1 1 3 2 5 4 1 5 1 1 0 2 0 1 1 2 5 3 0 3 0 4 0 2 2 2 1 1 0 3 1 3 0 4 4 2 0 1 2 2 2 2 2 4 0 4 2 3 3 0 1 2 1 3 1 2 7 1 0 1 2 1 3 0 0 2 1 3 2 0 1 2 6 5 3 1 3 4 4 1 2 1 2 1 3 3 0 2 4 1 0 2 1 2 0 6 0 0 3 2 3 1 3 0 1 2 3 1 1 4 1 2 2 4 2 3 2 2 1 3 1 2 2 5 1 1 0 0 2 3 3 1 2 5 5 2 0 2 1 3 0 4 1 1 1 1 1 2 0 2 3 3 1 1 1 0 2 1 1 5 3 1 3 3 0 3 0 2 2 1 2 1 2 3 1 0 1 4 3 2 1 0 3 2 3 2 4 2 4 2 0 4 1 1 3 4 2 1 0 2 1 3 3 2 0 5 0 3 0 1 3 2 2 2 3 1 5 2 0 3 1 1 1 2 5 5 2 1 3 3 0 1 1 1 3 1 1 1 3 1 1 2 3 2 2 3 3 0 3 1 0 2 2 2 2 1 3 5 2 1 2 1 3 2 1 2 1 4 1 3 2 2 1 3 1 3 3 3 1 3 2 0 2 2 2 3 1 2 4 3 1 4 0 5 3 0 4 1 4 1 3 3 2 1 1 1 3 3 3 1 3 2 2 1 2 2 2 4 1 0 1 4 1 1 1 2 1 0 2 2 2 1 0 5 4 0 2 2 3 2 2 0 2 2 1 1 1 2 4 1 0 3 1 3 1 1 1 1 3 1 1 0 2 3 3 3 1 8 2 1 1 1 4 1 3 0 1 2 6 5 0 4 0 0 6 4 3 1 0 1 6 2 2 1 2 4 0 1 2 1 2 2 3 0 4 1 0 1 1 1 0 2 0 1 3 1 2 1 4 1 2 3 1 3 2 3 2 0 2 1 2 2 5 3 1 2 2 1 2 1 2 4 1 3 3 2 2 1 4 1 2 1 0 2 2 3 2 4 4 3 1 3 2 4 1 3 1 0 4 2 0 0 5 5 1 3 0 4 2 1 1 4 1 2 1 2 1 1 5 2 0 2 0 2 4 3 2 1 1 2 0 3 0 5 0 4 1 2 1 0 2 3 5 1 1 5 1 3 0 0 2 0 2 1 2 4 1 5 2 3 4 2 1 4 1 1 4 0 1 0 3 0 1 0 4 3 3 1 2 1 1 2 1 1 2 2 3 3 4 2 1 3 4 1 1 1 4 1 1 1 1 1 1 2 2 2 2 2 3 2 2 1 2 1 1 2 2 2 2 3 3 1 1 2 2 3 2 2 0 4 2 1 3 3 4 3 0 2 2 3 6 1 3 4 2 0 0 1 2 0 5 0 1 4 1 0 2 2 3 5 3 2 3 2 1 0 3 0 2 3 4 2 5 1 0 1 0 1 2 4 0 1 4 5 2 1 5 3 1 1 0 3 2 0 2 1 2 2 1 2 4 2 4 3 1 1 2 1 1 2 2 2 2 2 1 2 0 2 2 2 2 3 1 1 1 5 2 2 2 2 2 1 2 0 2 2 0 2 1 4 3 6 4 3 2 1 1 2 5 3 0 1 1 3 1 4 2 0 4 1 2 2 2 2 2 5 1 1 3 1 1 3 0 5 3 1 3 2 1 4 2 1 1 2 1 1 1 4 4 1 1 0 1 1 1 1 4 2 0 2 3 0 3 0 2 1 0 3 2 1 2 2 1 3 2 2 2 1 4 2 3 1 0 7 0 2 1 4 3 2 3 1 3 3 2 3 3 1 0 3 1 2 1 2 4 4 0 3 0 4 2 2 3 4 0 1 2 2 2 0 3 3 3 1 1 0 2 2 1 3 1 2 1 4 1 1 0 2 5 1 4 0 2 4 0 5 1 0 0 3 2 2 4 1 4 1 1 1 1 2 2 1 0 3 2 1 1 3 2 1 1 2 2 2 4 1 3 2 0 0 1 1 5 1 2 1 0 4 6 0 2 0 3 4 3 3 0 1 2 3 1 0 2 4 1 4 0 3 2 2 2 1 3 2 1 1 2 3 3 2 2 0 3 0 3 0 4 2 4 2 0 2 3 2 3 1 0 2 3 2 3 4 1 3 2 0 1 1 1 1 1 0 0 1 3 4 2 1 2 5 2 5 1 1 5 0 2 1 1 2 1 2 2 1 2 1 2 3 1 3 1 0 2 0 2 2 1 2 2 1 1 3 2 3 2 4 0 1 2 2 2 2 2 1 2 2 1 2 2 3 5 1 1 0 2 2 1 2 2 1 2 0 0 0 1 3 1 1 3 1 3 2 1 3 2 1 1 4 3 1 1 1 2 3 0 1 2 3 3 2 3 0 4 0 3 3 2 5 5 1 3 0 2 2 1 3 3 1 2 0 2 2 0 4 3 2 1 1 4 1 2 0 4 1 5 2 0 3 2 3 4 3 1 2 3 1 2 3 3 1 0 2 4 0 1 4 0 2 2 3 2 4 3 1 3 2 3 2 5 3 4 0 1 5 3 1 6 3 0 1 1 3 2 1 4 1 2 0 1 1 5 4 4 2 1 1 0 0 4 2 3 2 3 3 1 2 1 3 4 2 1 2 2 2 1 2 1 4 1 5 1 2 3 1 4 3 0 2 0 1 3 1 2 2 2 2 2 3 3 0 2 5 5 0 2 2 2 4 3 0 0 4 3 2 2 1 2 1 0 6 2 2 4 1 3 1 3 0 1 3 1 2 0 3 3 1 2 2 0 4 3 3 6 2 2 3 5 0 1 1 0 2 2 2 1 3 0 1 4 1 1 1 1 1 0 2 4 2 1 2 2 2 4 0 2 3 3 2 0 2 2 1 3 3 3 5 3 2 2 0 2 2 3 1 1 2 6 3 1 2 1 2 2 1 2 3 2 2 1 1 1 1 1 5 1 4 3 1 3 2 0 2 2 1 2 1 2 3 2 2 1 0 0 2 0 1 2 2 4 4 6 2 2 1 1 3 2 2 3 1 4 2 1 3 1 7 1 2 4 0 3 2 1 2 4 3 2 4 3 1 2 1 2 3 4 2 3 0 3 2 1 0 4 4 1 2 3 3 1 2 0 1 3 0 0 3 4 6 2 2 0 0 4 1 3 2 1 1 0 1 1 1 1 0 2 5 1 1 2 4 3 0 3 1 0 1 5 2 5 1 2 0 1 2 1 2 2 3 3 4 1 0 1 2 2 2 2 2 4 2 1 1 0 0 2 5 2 3 0 2 2 1 1 3 3 3 1 1 3 5 3 1 1 3 2 1 1 5 5 1 1 3 0 2 2 3 0 2 3 3 3 1 0 5 0 0 1 1 0 2 3 1 3 6 2 0 2 2 4 2 2 1 1 2 2 2 4 3 1 0 4 1 1 2 1 0 7 1 2 1 2 4 4 0 1 3 1 1 0 1 2 3 3 1 3 4 1 3 4 0 2 0 4 4 1 1 2 0 6 1 2 0 3 1 1 1 0 4 1 4 1 2 1 3 0 2 1 2 2 0 3 4 4 0 1 2 1 2 2 2 0 3 3 3 0 0 2 2 2 1 5 1 3 0 3 6 4 2 1 4 4 3 0 2 1 4 3 2 1 2 3 2 3 1 4 3 0 2 0 3 1 0 0 1 4 1 0 4 1 3 4 1 1 4 2 1 2 0 2 1 2 1 2 2 0 3 2 3 1 1 2 1 2 2 2 2 1 3 2 0 4 1 4 0 4 2 0 0 1 3 1 1 3 0 1 2 2 3 0 3 1 0 0 2 2 4 3 2 3 2 5 1 3 2 1 2 2 1 3 2 3 0 5 2 3 0 3 3 2 1 2 1 2 0 1 2 2 4 2 6 2 1 1 1 2 2 0 4 1 0 3 3 2 3 5 2 1 2 3 1 0 0 0 3 0 5 1 3 0 5 0 3 1 0 3 1 1 1 3 2 5 1 2 2 2 0 2 3 0 2 1 1 1 1 2 3 1 1 1 3 2 1 4 2 5 3 2 2 0 4 3 0 5 0 2 0 1 0 4 2 1 0 2 2 5 4 3 2 2 1 2 2 1 3 3 3 2 3 2 1 3 2 1 1 0 3 2 1 3 2 3 0 0 3 5 1 3 5 3 1 2 2 0 2 0 2 0 2 1 4 3 0 1 3 3 3 1 2 4 2 1 1 0 3 1 0 3 0 3 1 3 3 3 1 3 0 3 2 3 1 3 1 2 2 2 3 2 2 1 3 1 0 1 2 2 2 0 1 3 1 3 4 0 1 2 1 0 2 3 1 4 1 1 1 0 4 2 2 1 1 1 2 1 1 1 1 4 4 2 1 1 4 5 2 2 3 3 2 3 4 2 1 0 3 1 2 2 2 1 2 3 4 1 5 1 1 1 5 1 3 5 1 1 4 1 2 2 2 0 1 0 5 0 3 3 2 1 4 4 2 3 1 3 0 3 4 1 0 4 0 3 2 4 1 2 1 3 2 2 1 1 0 1 2 2 4 3 1 3 1 2 1 3 0 2 0 3 1 2 2 1 3 2 4 2 1 2 2 0 2 3 3 1 1 3 1 2 3 1 2 0 1 0 4 0 3 2 4 5 2 0 2 2 3 3 4 1 2 2 0 2 3 2 1 1 1 3 2 2 1 3 1 0 1 1 1 0 3 3 4 3 2 3 1 1 1 2 5 0 4 2 2 3 2 2 1 2 3 2 1 2 3 2 1 3 3 1 1 2 2 3 1 0 2 4 1 1 1 3 1 3 2 0 1 2 1 1 3 1 1 3 3 1 3 1 4 1 2 7 2 3 0 0 3 1 2 3 3 2 0 0 1 1 4 1 2 3 1 2 3 2 0 0 2 2 3 5 2 5 1 4 3 2 2 3 1 1 2 3 2 1 1 2 4 4 0 4 4 3 4 2 1 2 1 4 2 2 2 2 5 4 0 0 2 2 2 1 1 2 0 3 3 5 4 2 2 2 1 2 1 1 2 0 2 2 1 1 1 0 4 3 3 2 3 3 2 3 0 3 3 1 4 2 2 4 2 2 2 4 5 1 3 2 2 2 2 3 1 4 3 2 4 3 1 2 1 1 1 2 4 3 4 1 2 3 2 3 1 3 0 3 3 2 2 5 2 0 1 3 4 1 1 1 3 2 2 3 0 6 2 1 2 1 3 3 6 1 1 2 2 1 2 2 3 1 2 4 1 1 0 3 3 2 0 0 4 0 0 2 2 2 1 1 2 3 2 2 3 1 3 5 2 1 1 4 2 1 6 2 0 4 1 2 1 2 5 1 1 1 1 4 1 2 2 1 0 3 1 1 1 3 1 4 1 1 1 7 1 1 2 3 1 3 3 1 2 3 2 3 2 3 1 3 1 2 3 2 1 2 0 3 1 3 7 2 2 2 1 2 0 1 3 1 5 1 1 4 1 2 6 2 5 0 2 1 2 4 5 0 2 0 2 2 3 1 2 1 0 4 6 4 3 3 1 3 1 0 2 4 1 3 0 1 2 0 2 2 0 7 3 2 2 3 4 0 2 0 2 1 1 3 3 3 3 2 2 3 4 2 3 1 1 1 2 3 0 1 1 3 5 4 2 0 1 2 5 1 1 3 3 1 0 2 4 4 3 4 4 2 0 0 0 2 0 1 2 5 0 2 3 0 1 4 1 2 2 3 1 2 0 2 3 4 2 2 1 4 1 4 2 1 1 1 4 2 1 3 4 0 0 2 3 0 1 3 4 2 1 2 3 0 2 0 2 1 2 5 0 3 0 2 3 1 2 3 3 0 2 5 4 4 3 1 2 1 1 1 2 0 1 2 1 3 1 0 1 6 3 0 1 1 2 2 4 4 2 0 1 5 0 3 1 2 5 2 1 2 6 2 0 1 2 2 0 3 1 2 2 0 0 2 5 2 5 1 4 1 0 3 2 0 1 2 0 0 1 2 4 1 4 0 1 1 2 3 0 2 1 1 2 0 0 4 1 6 0 3 0 2 1 2 1 2 0 1 0 2 3 1 3 1 4 3 2 0 0 0 6 1 1 1 3 1 1 3 5 0 2 1 0 2 1 3 3 2 1 0 5 2 0 2 3 2 3 1 2 2 1 1 1 1 3 3 3 1 0 7 1 2 2 1 1 4 1 0 4 1 3 2 4 0 0 1 0 5 2 1 0 5 2 2 0 2 2 2 1 2 1 2 3 5 3 1 5 0 5 2 0 2 0 1 4 1 2 2 1 4 2 2 1 1 1 3 2 3 1 1 0 0 4 4 5 5 1 3 1 3 2 2 4 0 3 0 3 1 4 2 1 2 2 2 1 0 1 2 7 1 3 2 4 1 2 1 0 2 1 1 1 1 2 3 1 1 6 2 2 1 1 2 2 3 3 3 2 2 5 2 4 2 2 2 2 1 2 3 2 1 4 1 4 1 0 0 1 3 3 3 3 2 1 1 1 2 2 2 2 1 2 0 1 3 5 0 3 2 2 1 3 2 0 0 2 1 1 3 3 1 2 3 3 3 1 2 2 3 1 3 1 2 2 2 2 0 2 3 4 0 4 2 4 1 0 3 0 3 0 5 3 1 2 0 1 1 2 3 2 3 2 0 2 2 1 2 0 1 1 2 1 1 3 3 1 0 2 1 3 4 3 0 2 2 1 2 1 1 0 0 2 2 1 3 5 2 2 2 3 1 2 1 1 1 2 6 6 0 2 0 0 1 1 4 2 2 3 0 1 2 2 7 0 4 1 2 0 2 3 2 3 3 0 2 4 6 3 1 1 3 2 2 1 3 1 3 3 1 1 4 1 1 2 0 1 1 2 5 2 4 2 5 1 1 0 2 5 2 3 0 1 3 3 3 0 2 5 5 2 2 4 2 4 0 1 2 1 2 1 2 4 2 3 1 1 1 1 2 1 4 3 2 4 1 2 0 1 1 2 2 4 4 1 0 0 1 2 0 3 1 2 1 4 2 3 4 2 2 1 0 1 5 1 0 1 5 3 3 2 1 2 1 1 0 2 3 1 0 2 2 4 1 1 4 1 3 3 3 1 2 0 2 6 1 2 0 3 5 3 0 1 4 2 2 2 0 2 1 2 2 1 2 0 2 3 0 4 2 2 1 1 2 4 1 3 1 1 0 1 0 2 4 1 2 3 0 3 1 2 3 4 3 0 1 1 2 1 3 2 1 4 1 0 0 3 1 2 2 0 1 2 2 0 1 2 2 0 1 2 1 3 3 0 1 3 2 1 3 0 3 1 2 2 1 0 3 3 3 2 0 1 4 3 4 1 0 1 1 2 3 1 1 4 1 0 3 3 1 3 2 3 1 0 1 4 2 3 1 3 1 0 5 2 0 4 2 3 0 1 2 3 1 0 2 3 3 1 4 1 1 2 3 3 2 2 1 0 2 2 2 4 0 3 1 3 1 2 2 1 3 4 1 1 1 1 1 6 1 3 2 2 3 0 2 3 3 4 4 1 1 0 0 0 1 0 2 0 5 3 3 0 3 1 0 1 2 2 3 2 4 0 1 2 2 2 2 1 3 1 4 2 2 2 2 0 1 3 0 4 1 4 1 2 3 3 2 1 2 4 2 3 3 2 2 0 1 1 2 3 2 2 4 2 1 3 4 3 0 1 0 4 2 1 4 2 0 3 0 2 2 2 3 1 2 4 2 3 0 1 1 3 1 1 2 2 3 2 3 1 1 2 4 2 1 2 1 4 3 0 1 0 2 2 0 1 1 4 1 2 5 2 0 2 0 3 1 1 3 0 4 1 1 1 0 4 4 4 0 1 2 3 3 1 1 1 0 0 5 2 1 3 2 1 3 5 0 3 3 0 1 2 3 2 1 2 3 1 4 4 2 5 3 2 0 3 1 1 1 2 1 3 1 1 2 2 1 3 3 6 1 2 2 1 3 3 1 5 2 3 1 1 3 5 2 2 5 1 0 3 0 3 1 2 2 3 1 2 1 4 2 1 4 2 1 2 3 4 1 4 4 0 3 2 0 5 4 1 1 1 3 2 2 3 3 2 3 2 3 1 0 1 3 4 2 4 4 1 1 0 2 4 2 0 1 2 1 2 2 6 4 3 2 1 1 1 1 3 0 3 2 3 0 1 3 1 3 0 1 2 2 3 3 2 2 2 2 2 2 3 0 3 1 2 1 3 2 0 2 4 0 3 3 2 3 4 2 2 1 1 2 1 1 1 2 0 4 4 1 2 2 3 4 3 1 1 2 1 4 4 1 3 2 2 2 2 4 1 1 3 1 0 3 1 1 1 3 3 1 1 3 0 1 3 2 1 2 1 2 0 2 1 1 2 3 2 4 3 2 1 0 2 2 2 1 2 1 4 0 3 4 1 2 1 3 1 3 2 2 0 4 2 3 2 2 0 2 2 0 3 1 3 3 1 1 2 3 2 3 4 5 2 2 4 1 2 0 3 3 0 0 1 0 2 0 0 3 3 1 6 3 2 5 1 1 1 5 4 2 2 1 2 3 1 2 1 1 1 2 3 2 1 4 1 4 1 3 2 2 3 2 0 1 3 1 2 0 2 2 3 0 3 3 1 2 0 0 1 0 2 3 4 3 2 3 4 1 0 2 2 2 2 2 2 0 2 0 2 2 5 1 0 3 2 2 1 0 4 3 2 2 0 2 0 1 2 2 2 3 5 2 0 5 1 2 1 0 1 1 1 2 4 0 3 3 5 2 0 0 2 4 2 2 1 2 2 3 1 2 3 2 0 3 2 0 1 2 1 0 6 2 3 3 2 1 0 1 1 6 1 4 2 0 4 1 2 2 1 4 3 1 2 3 1 0 1 0 1 1 3 4 2 0 0 0 2 0 1 4 2 2 2 6 2 0 1 3 3 1 1 2 5 2 1 3 4 2 2 2 5 1 0 3 1 1 1 3 3 3 2 1 1 1 1 2 2 1 1 2 1 1 3 0 1 1 1 2 1 1 4 3 4 3 2 0 3 2 1 2 4 1 4 2 5 1 3 1 1 1 1 0 1 4 2 0 1 3 3 2 4 3 3 1 0 3 1 1 1 4 2 5 1 1 1 0 1 2 1 2 2 4 2 2 3 2 3 2 2 4 2 1 0 5 4 2 1 1 1 1 2 1 3 3 2 2 0 1 1 0 4 3 1 5 0 4 1 1 4 1 3 3 2 2 0 1 2 2 1 3 2 2 3 1 5 2 1 1 1 2 0 3 1 1 3 2 1 2 3 0 2 4 4 3 3 0 1 6 3 2 1 2 3 2 1 4 1 3 0 2 1 1 0 2 1 3 4 2 2 2 1 3 4 1 2 3 2 0 4 0 0 1 1 2 3 2 4 0 2 2 0 3 2 1 3 4 1 0 3 0 2 3 3 3 2 4 3 6 2 1 1 1 2 1 3 2 4 2 3 0 2 3 2 3 0 3 0 0 4 3 2 1 2 1 1 0 1 2 1 0 2 1 1 2 0 2 2 3 3 2 2 2 1 3 1 4 2 1 2 4 3 2 3 0 2 1 4 1 3 2 2 0 1 0 2 1 2 4 2 2 0 2 2 6 5 2 2 4 0 1 0 2 1 1 2 0 6 5 1 1 2 1 5 5 3 0 2 2 0 1 2 1 0 5 5 2 2 2 2 0 2 0 2 2 3 1 5 2 5 0 0 1 3 3 2 2 1 0 1 3 2 2 0 1 4 2 0 1 2 2 2 6 0 3 1 3 1 1 1 2 3 3 2 1 2 2 1 2 3 3 2 1 2 2 0 0 3 2 2 2 2 4 4 1 2 2 5 1 2 3 4 2 4 1 0 3 2 3 0 1 2 2 1 1 2 2 4 2 3 1 4 1 1 4 2 3 3 4 1 2 2 1 2 6 4 1 2 1 2 0 6 2 2 1 1 2 1 1 3 3 1 2 4 1 4 2 1 1 2 0 1 3 1 0 3 0 4 2 2 4 0 2 4 3 4 1 3 2 2 1 0 3 1 4 1 1 1 2 2 1 1 2 1 1 3 4 2 2 0 0 1 2 1 1 2 2 1 2 3 3 3 3 0 2 1 2 3 0 2 3 1 3 3 0 1 1 2 2 2 3 2 1 1 2 1 1 4 2 0 1 1 0 1 0 0 1 3 3 3 2 1 2 0 2 1 3 1 2 1 3 3 2 1 0 2 3 5 2 3 0 1 3 4 0 0 2 1 3 3 3 8 2 1 2 2 1 4 2 1 2 2 0 5 2 0 1 1 4 2 1 0 1 4 3 0 4 4 3 4 5 0 1 1 4 2 1 2 5 2 0 0 2 2 2 4 0 2 2 3 2 3 1 4 2 1 1 2 1 0 2 4 3 2 1 3 1 3 2 3 4 3 0 0 1 2 2 1 0 2 2 2 2 1 0 2 5 2 0 2 1 2 2 1 3 3 3 1 1 4 2 1 1 2 2 2 2 2 2 4 3 2 1 3 0 1 4 0 3 2 0 2 1 3 2 0 1 2 2 2 5 3 0 0 3 2 1 3 1 3 1 1 4 0 3 4 1 4 2 4 4 0 0 2 3 1 2 2 1 1 1 3 2 0 5 1 2 1 1 4 2 1 0 2 1 4 3 2 3 0 1 2 4 1 2 4 2 0 3 0 4 3 2 2 1 2 1 4 3 0 1 4 2 0 0 2 2 2 4 1 4 0 2 1 1 2 2 0 0 6 2 1 1 3 2 4 3 2 3 0 2 2 3 4 1 1 2 2 4 1 2 0 3 2 0 0 5 2 0 2 2 3 1 1 3 1 4 1 3 3 3 0 2 1 1 3 3 4 1 2 0 3 2 2 4 1 2 1 4 1 1 2 2 3 3 4 0 2 1 2 2 1 3 1 5 1 1 1 3 3 3 3 3 2 2 1 1 2 0 1 3 4 2 1 3 0 2 2 2 1 5 1 2 3 0 1 1 3 2 1 3 4 0 2 1 1 2 1 0 2 3 1 1 4 2 1 2 8 2 2 2 3 2 2 1 1 2 1 1 3 4 3 2 3 4 4 4 1 0 4 2 1 2 2 0 2 4 2 2 3 1 0 3 6 1 1 2 3 2 1 0 2 1 3 2 1 0 2 3 1 2 5 2 1 2 1 5 2 1 2 2 0 2 3 5 4 2 2 1 1 4 5 1 0 1 1 3 1 2 1 3 3 3 3 0 2 3 3 0 4 0 1 4 2 1 0 2 3 0 3 5 1 1 2 1 1 2 2 4 1 4 1 1 0 1 2 5 2 3 2 2 1 1 2 1 0 2 4 3 0 4 3 2 3 0 2 4 3 4 3 0 2 1 2 3 0 2 2 2 1 1 2 1 3 2 2 5 4 0 1 2 3 4 3 0 5 2 1 5 2 1 3 0 3 0 2 4 2 3 1 1 2 3 1 5 1 1 1 0 0 1 1 3 4 3 2 1 3 3 2 4 1 1 0 1 0 3 2 0 0 3 2 1 1 2 2 2 1 3 0 3 4 4 1 0 2 1 3 2 0 1 7 1 4 2 5 1 3 0 3 2 2 4 4 3 0 4 0 2 2 3 2 2 1 0 2 4 0 0 1 4 0 4 3 3 2 1 1 3 0 2 1 1 1 3 4 2 3 1 1 1 2 2 1 1 5 0 3 4 0 2 3 1 1 3 1 0 1 3 2 3 3 2 1 7 0 0 3 0 3 4 2 1 6 0 0 2 1 1 5 0 0 3 0 2 1 1 0 3 3 2 3 3 1 4 2 1 1 4 1 1 1 5 2 4 3 0 2 0 1 0 6 1 2 6 1 2 3 4 1 2 2 5 1 5 0 2 2 2 0 3 0 3 3 0 4 2 1 0 4 1 5 0 5 0 2 3 1 2 3 1 3 1 0 3 2 3 1 2 3 0 3 2 0 2 6 2 0 3 3 1 1 1 3 1 0 2 3 1 2 3 3 2 0 2 2 5 3 5 3 2 1 2 1 1 0 1 3 0 2 1 5 2 2 1 1 1 1 4 6 1 1 2 4 1 4 0 2 4 2 2 1 2 3 1 1 5 0 0 4 2 2 1 1 2 1 4 4 2 1 2 2 1 1 0 2 2 0 1 5 2 2 3 2 1 1 2 4 5 3 1 0 6 0 0 1 1 2 2 3 1 2 3 5 2 2 2 0 1 1 2 2 2 2 3 1 3 2 1 3 1 2 2 4 2 0 4 2 1 1 6 4 0 1 0 1 3 3 4 2 4 3 2 2 3 1 4 2 1 2 0 1 1 2 2 2 5 2 1 0 1 0 1 0 0 3 3 2 4 3 1 3 2 1 3 3 0 0 1 0 0 1 1 4 3 3 2 3 1 2 1 3 1 1 2 4 1 1 4 3 1 2 2 0 1 0 2 1 3 2 3 0 3 2 1 0 2 5 1 1 0 2 0 1 0 1 0 4 2 2 2 2 3 2 2 3 1 3 6 1 2 4 3 1 1 2 1 3 2 2 4 2 5 2 1 1 4 0 0 7 1 2 3 1 2 2 2 2 2 2 0 5 0 3 0 3 2 1 0 2 3 3 2 2 3 1 2 1 1 3 1 2 2 4 1 2 1 1 1 4 2 2 2 2 2 2 2 0 0 3 1 1 2 2 2 1 3 4 5 2 3 1 3 2 4 4 4 4 2 1 0 4 3 1 2 2 2 0 2 0 1 1 1 2 0 2 4 0 1 3 4 3 1 5 0 0 2 3 1 3 4 0 5 1 3 2 4 5 0 1 4 1 2 2 5 3 4 1 2 1 2 0 2 1 4 2 2 1 1 1 1 5 4 0 1 1 4 1 2 2 3 2 1 3 1 2 4 3 3 1 3 1 1 2 2 2 3 0 1 3 2 2 3 3 6 0 0 1 4 1 1 0 1 1 1 6 2 6 0 2 1 1 2 0 4 2 5 0 3 1 2 1 1 3 0 2 1 0 4 1 3 3 3 0 2 3 2 1 5 0 2 3 2 2 1 3 2 3 4 2 2 1 5 1 1 2 2 2 3 3 1 3 1 4 2 0 1 1 3 1 4 3 4 1 0 3 3 3 1 2 3 1 1 1 4 0 1 3 0 0 4 1 4 0 1 2 3 0 3 2 2 4 2 2 1 1 4 2 2 3 5 1 1 1 3 1 5 1 0 3 2 3 2 1 2 0 1 5 1 4 1 0 3 3 0 3 3 1 0 0 3 4 1 2 4 1 2 2 3 2 4 2 2 0 2 1 4 3 5 1 2 4 2 2 1 2 0 3 2 0 1 3 2 5 5 1 0 1 2 1 2 1 0 4 3 4 1 1 2 3 1 3 2 1 1 2 4 2 3 1 2 2 1 2 0 4 2 2 4 3 3 4 1 2 0 2 2 1 3 1 4 2 1 0 0 4 4 2 0 0 6 2 3 1 1 4 2 2 1 2 0 1 3 5 4 0 2 3 2 1 1 6 3 2 1 1 0 2 3 3 1 2 3 2 2 2 2 3 1 3 2 5 3 0 2 1 1 2 2 0 2 2 1 2 0 1 2 1 2 2 0 0 5 3 0 1 2 3 1 3 2 1 2 1 2 2 4 1 1 2 2 1 2 2 1 1 2 2 1 1 2 2 0 3 2 3 2 2 1 2 2 1 2 1 0 1 6 4 3 5 2 0 0 2 1 2 2 2 4 1 0 0 3 2 1 4 2 2 1 2 1 1 4 5 5 1 0 4 2 2 1 1 0 5 5 4 1 1 3 2 2 2 3 2 1 3 4 4 0 2 0 3 1 3 1 2 2 2 3 4 3 4 3 1 2 2 2 4 0 0 1 2 3 2 1 2 1 1 3 5 4 0 1 1 0 3 0 1 3 1 2 4 2 3 1 1 3 2 2 2 2 0 1 4 4 1 3 1 0 3 0 0 0 5 2 3 2 1 2 1 3 2 4 3 0 2 1 4 2 4 1 0 3 1 3 2 2 0 3 2 1 4 1 3 0 2 2 1 2 3 0 6 3 3 2 0 3 3 2 1 2 4 3 2 0 2 1 2 4 3 1 3 0 1 2 1 2 2 2 3 3 1 5 3 3 1 1 3 1 4 3 1 4 3 1 2 1 2 3 3 0 3 3 2 1 1 0 4 0 1 3 2 2 1 0 0 0 1 0 4 2 2 2 3 1 2 0 4 4 2 4 1 3 3 1 0 1 2 2 4 2 3 1 2 1 1 1 3 4 4 0 5 5 2 0 4 1 2 3 1 3 0 0 1 3 1 0 2 4 5 3 2 0 3 1 2 1 5 3 1 4 1 3 2 1 2 0 2 3 1 3 2 2 1 0 3 1 2 1 1 1 3 0 4 0 2 2 1 3 5 3 2 3 2 3 2 3 2 0 2 0 1 1 3 1 1 3 3 0 5 1 3 3 1 3 3 3 2 5 0 3 3 1 4 1 1 3 2 1 2 0 2 3 1 0 1 3 2 5 0 2 3 1 2 0 1 1 2 0 2 4 0 4 3 2 1 1 2 2 1 2 2 2 2 2 2 2 2 4 2 2 1 4 2 0 4 4 0 2 3 0 0 1 2 0 1 0 2 2 3 0 3 5 2 2 3 1 3 0 0 2 2 0 4 2 0 2 3 2 1 2 2 0 5 1 2 2 3 2 1 2 0 2 2 0 1 3 0 2 3 1 0 3 2 2 2 3 1 3 4 3 2 2 2 2 3 1 1 4 1 2 1 1 2 1 3 2 4 2 1 3 2 0 3 1 0 2 1 3 1 0 0 3 2 4 4 1 3 4 0 3 2 3 2 0 3 2 2 0 1 3 3 2 4 1 1 2 2 2 2 2 0 2 1 3 4 2 2 5 1 4 2 4 2 0 0 4 4 4 1 1 1 1 1 0 2 2 1 2 3 2 3 5 0 1 1 1 0 2 1 0 3 1 2 4 3 5 2 2 1 2 2 1 0 0 5 3 4 2 2 3 1 0 3 0 1 0 5 3 2 1 3 3 0 0 1 2 1 2 1 3 3 3 2 4 1 2 5 1 2 1 0 1 2 2 0 3 4 2 3 1 1 2 3 0 1 3 2 2 1 2 2 3 2 2 2 4 1 2 1 2 3 1 3 1 2 4 4 1 4 1 3 0 3 3 0 2 5 1 3 2 4 1 2 1 1 4 5 1 2 1 5 1 2 5 1 1 2 1 2 1 2 4 4 3 1 1 3 3 0 3 0 3 2 3 1 2 1 3 2 0 1 2 4 0 1 1 2 2 2 3 3 2 1 1 1 4 2 2 4 1 1 2 3 3 4 4 3 0 3 3 3 1 1 2 0 2 1 3 1 3 1 4 0 3 3 2 1 2 0 1 2 1 2 1 1 0 1 2 0 1 4 3 2 3 1 0 3 2 3 3 2 0 3 5 0 1 4 2 2 0 0 1 2 3 1 1 4 1 0 2 2 3 2 3 2 2 0 3 3 1 2 3 1 1 1 3 2 4 2 2 1 4 4 2 3 1 2 2 1 3 4 4 2 2 3 0 3 2 1 0 0 1 2 3 2 3 0 4 4 2 3 0 2 2 2 1 6 2 1 3 3 2 2 3 1 1 2 0 2 2 0 0 1 0 3 2 2 2 3 3 0 2 2 3 0 1 1 1 2 4 2 1 2 1 3 2 6 0 5 2 0 3 3 2 2 2 2 4 3 0 5 1 1 2 3 1 2 1 4 0 2 1 3 3 2 3 2 1 0 1 2 2 1 1 2 1 3 2 3 2 1 2 4 4 1 2 2 0 3 2 3 2 2 1 2 1 4 0 2 1 2 3 1 4 1 0 0 3 0 1 1 0 3 4 1 3 4 0 1 3 4 0 1 1 2 2 1 3 2 2 3 4 1 2 2 1 2 1 2 4 2 3 3 1 1 0 0 1 2 0 4 1 2 2 3 1 3 1 3 2 0 4 1 1 3 2 0 1 1 2 2 3 1 2 2 1 0 2 3 0 3 2 2 1 1 3 1 0 1 0 3 2 5 1 2 3 2 0 1 1 1 4 0 2 2 4 3 1 0 3 3 1 2 4 1 2 2 2 1 3 1 0 3 4 4 2 1 2 1 1 0 2 1 0 2 3 1 1 2 3 2 1 1 0 3 4 2 0 2 2 3 3 6 1 1 0 1 1 1 3 4 2 3 3 2 0 1 3 2 3 1 2 0 3 4 3 2 3 3 0 1 3 2 1 3 4 1 2 2 1 1 1 4 3 1 3 1 1 2 1 1 4 1 3 6 3 4 2 1 2 2 3 0 4 1 3 4 0 0 2 3 3 5 0 3 1 1 0 5 1 1 2 1 2 1 1 3 2 1 3 3 2 1 3 1 3 3 5 0 1 3 0 4 1 3 2 2 1 1 1 2 1 4 1 3 4 3 2 3 2 2 1 1 2 3 2 2 3 4 0 2 2 1 0 5 4 0 2 0 5 1 1 4 1 1 2 3 0 4 5 1 0 1 1 0 2 2 6 2 0 4 4 0 1 2 3 2 2 3 1 2 1 5 1 2 2 3 2 2 5 0 1 0 1 2 2 1 2 3 3 0 1 4 3 2 1 5 5 3 1 0 1 1 0 3 3 2 1 0 4 1 4 0 0 4 3 3 2 2 2 1 0 2 0 1 1 1 1 3 1 0 1 2 4 2 3 0 1 3 0 2 4 1 2 2 3 1 2 2 0 3 3 2 1 3 1 4 1 5 3 1 1 1 0 0 1 1 1 3 2 1 4 2 6 2 3 0 2 1 0 1 2 1 3 2 3 3 3 2 1 2 3 0 4 3 1 2 1 1 3 2 2 3 0 1 5 1 3 0 1 3 4 2 2 2 4 1 0 4 1 2 1 3 4 1 2 3 3 1 1 2 3 1 0 1 1 2 3 0 2 2 3 2 1 6 1 1 2 1 3 1 3 2 4 2 1 2 1 2 3 2 2 0 1 3 2 1 0 0 1 1 6 3 0 1 3 2 0 1 3 2 0 0 0 2 0 3 1 3 2 4 1 0 4 1 3 3 1 1 2 4 4 2 3 3 3 2 2 2 0 2 0 2 2 1 3 2 2 4 6 1 0 0 1 0 3 2 3 7 2 0 2 1 2 1 9 0 0 1 2 2 1 3 3 2 3 2 5 2 2 1 4 2 2 2 2 2 1 1 2 1 0 2 1 1 0 2 1 2 1 0 2 1 1 1 1 3 1 0 2 1 3 2 0 1 1 3 3 2 3 1 6 2 3 3 2 1 2 1 1 3 1 1 2 2 2 2 1 2 1 1 2 4 1 3 2 2 0 3 1 3 3 1 3 1 4 3 1 1 0 6 0 1 3 3 3 1 1 1 3 1 2 3 2 5 5 1 3 1 2 0 0 4 0 4 0 3 2 2 3 1 2 3 1 2 1 3 0 1 5 4 2 1 2 3 1 2 3 4 3 1 4 3 2 1 2 1 1 6 3 5 0 0 2 2 2 2 1 3 3 2 3 3 2 2 2 2 4 3 3 0 0 2 1 3 2 0 2 1 3 0 3 5 2 1 3 2 1 2 0 5 1 4 0 5 1 1 3 0 1 1 2 1 5 2 4 1 4 0 1 3 1 0 1 1 3 3 2 0 2 2 1 1 3 1 0 1 3 4 1 2 2 1 2 2 1 4 0 3 1 3 0 2 1 1 3 2 1 3 0 2 1 4 3 2 3 1 2 4 2 0 2 4 3 1 2 6 2 2 0 2 0 4 2 2 3 2 0 1 2 4 1 4 2 2 6 2 1 1 4 3 2 3 3 0 3 4 3 0 2 2 2 0 1 2 3 3 4 2 2 2 1 1 1 5 1 3 3 2 3 2 2 2 3 3 1 1 2 0 2 0 3 7 3 1 0 0 1 3 2 1 2 1 2 2 2 2 1 2 3 2 1 2 2 1 1 0 5 2 4 4 1 2 3 0 2 3 2 1 5 1 0 2 0 2 1 0 1 6 3 3 1 3 3 0 2 1 1 2 1 3 2 2 1 1 1 0 3 1 1 1 1 1 3 1 3 0 0 4 2 1 1 1 1 4 3 0 0 2 2 1 1 2 3 2 5 0 3 4 2 3 1 0 3 1 4 5 2 1 2 3 2 4 2 0 3 0 0 2 1 1 5 2 2 2 2 1 4 1 1 5 3 4 0 0 0 2 2 2 1 0 3 4 1 1 3 5 1 1 1 3 4 2 0 3 1 2 3 2 3 2 3 2 2 3 2 0 0 3 2 3 0 5 4 1 2 2 3 2 1 2 3 2 1 3 2 3 1 2 3 2 2 1 1 3 0 2 2 2 5 3 2 1 0 2 2 2 2 4 2 3 0 1 2 0 5 1 2 3 1 2 0 2 1 2 4 2 0 0 2 1 0 3 5 2 1 2 2 1 0 4 2 3 2 1 3 2 3 3 0 3 2 1 5 1 1 0 2 6 1 2 3 3 2 3 1 3 0 1 0 0 2 2 1 1 5 2 2 0 0 3 5 2 1 3 1 2 7 0 1 0 2 2 1 3 0 3 2 2 2 4 4 1 5 1 1 5 2 1 0 3 0 3 2 1 0 2 4 1 3 2 4 0 2 3 2 4 3 5 1 1 1 0 5 3 2 0 5 2 1 1 1 0 2 3 2 3 1 3 1 3 1 3 2 0 2 2 3 0 1 2 2 5 4 2 1 1 1 1 2 1 1 3 2 1 4 1 1 2 0 2 3 2 3 3 2 0 0 4 2 4 2 3 1 3 3 5 1 2 0 0 0 4 4 1 0 2 1 1 3 0 2 2 1 1 7 1 0 0 3 3 0 6 0 0 5 5 2 2 3 0 2 1 1 2 0 1 3 1 3 3 2 5 2 2 4 2 2 6 2 0 1 0 1 3 1 1 2 2 1 4 4 1 3 4 1 1 2 2 3 2 3 1 0 0 3 2 4 1 1 4 2 3 2 0 0 3 1 3 3 0 2 3 1 0 2 2 1 3 0 2 2 5 4 2 2 2 1 2 2 3 2 0 2 0 2 0 3 1 1 1 5 1 4 2 3 0 1 0 5 2 4 1 2 2 3 0 2 3 2 2 0 1 0 1 0 4 2 1 3 1 2 2 1 3 0 6 1 1 5 0 2 1 3 3 2 1 1 2 0 2 1 0 3 1 2 0 4 1 2 6 2 1 2 0 1 1 1 2 1 5 1 2 0 1 3 0 1 4 2 1 1 2 2 1 4 0 0 2 3 1 6 2 1 2 1 1 3 3 1 1 4 1 0 1 4 2 3 1 2 2 1 1 2 0 3 1 0 1 2 1 2 2 5 1 1 3 1 1 3 1 3 0 2 0 1 2 4 5 1 1 2 1 3 2 4 7 1 1 2 5 1 0 2 2 1 3 0 1 3 3 0 2 1 1 3 2 1 0 2 2 1 1 2 0 1 4 1 3 2 3 0 0 3 2 1 2 4 1 2 2 1 0 2 3 1 0 2 0 1 2 1 5 1 1 0 2 0 7 2 0 2 4 3 4 2 1 0 1 3 1 4 1 1 5 3 3 2 3 1 1 3 4 1 5 1 2 2 1 3 0 1 5 4 2 1 2 1 3 3 5 0 0 4 1 1 1 2 2 0 1 3 3 2 2 0 2 3 3 2 1 3 0 4 2 1 2 5 3 1 3 2 1 1 4 1 3 3 4 1 0 3 0 4 0 1 2 1 3 0 1 1 2 2 2 3 4 4 1 2 1 0 3 6 3 2 1 1 3 3 2 1 2 2 2 2 2 2 1 4 0 3 1 2 1 5 1 2 2 1 3 0 4 1 2 2 0 1 3 2 3 5 2 2 0 3 0 3 1 3 0 4 1 0 3 3 0 4 2 1 2 0 3 2 1 3 4 4 0 0 3 1 0 1 4 2 3 3 7 0 1 2 3 1 4 2 2 3 1 1 2 4 0 3 8 2 1 0 2 3 4 0 6 2 3 2 0 2 3 0 3 1 3 4 3 2 2 2 3 1 1 1 4 0 5 3 3 4 2 0 1 3 2 3 1 4 4 1 2 4 2 1 1 1 2 0 1 2 0 0 2 1 4 4 1 2 3 1 2 0 1 2 3 2 1 2 0 0 2 3 1 5 4 2 2 1 1 2 2 4 2 3 3 3 1 4 2 2 2 4 2 1 2 0 1 2 5 0 3 1 2 3 3 2 0 2 1 2 1 4 2 1 1 2 2 2 0 1 1 1 7 3 1 3 3 1 1 3 3 1 3 1 1 1 4 2 4 0 2 3 4 1 2 1 2 0 5 0 1 5 0 7 1 1 1 3 1 4 1 1 3 2 0 4 3 1 1 3 1 1 1 1 0 3 2 4 3 3 1 1 1 0 2 1 2 2 2 2 2 0 2 4 4 1 2 3 1 0 4 5 2 4 0 2 0 2 2 2 2 4 0 0 3 0 2 2 3 4 2 6 3 1 2 2 2 1 0 1 2 1 2 0 4 1 2 0 1 4 1 0 3 3 2 2 1 1 4 2 0 2 3 0 2 0 3 2 1 2 3 3 2 4 2 0 2 2 4 1 0 5 1 1 0 2 3 1 3 2 3 3 2 1 0 0 0 2 3 4 0 3 2 0 1 1 2 2 1 1 1 5 1 0 2 0 3 2 4 4 3 0 6 2 2 3 3 0 3 0 1 4 3 2 1 0 0 3 3 0 3 3 0 2 1 1 2 0 2 2 1 0 1 1 1 3 4 2 1 0 2 0 5 2 1 0 0 3 4 3 2 0 5 2 2 0 0 2 1 2 1 3 0 5 4 2 0 2 2 3 1 3 4 2 3 4 1 2 4 2 4 1 2 1 3 4 2 3 4 2 1 0 2 1 2 1 2 0 3 0 3 2 4 3 1 1 1 1 2 2 3 2 4 1 1 4 2 1 3 4 4 3 2 4 2 1 4 1 1 0 1 4 4 2 1 1 2 4 2 2 2 1 1 2 1 0 2 0 3 4 2 2 2 0 0 3 0 1 5 3 3 3 3 0 0 3 1 2 1 5 2 4 2 0 4 1 1 0 1 0 0 2 1 2 2 4 1 2 2 3 1 2 4 1 0 4 0 1 2 3 2 1 1 1 4 4 1 3 2 4 1 0 1 1 3 3 5 2 0 1 1 2 1 2 1 3 3 2 1 2 0 2 4 1 1 0 4 1 1 1 3 2 2 2 1 4 2 0 3 2 1 3 1 0 5 4 3 0 2 1 1 4 2 2 1 3 1 2 3 3 1 6 1 1 1 1 3 2 1 3 3 0 2 2 1 2 3 2 3 3 0 2 0 1 1 4 0 2 2 1 1 0 2 1 0 1 0 2 2 5 3 5 0 0 0 1 1 2 0 3 2 3 4 3 3 0 2 1 1 1 1 2 5 0 0 2 1 1 1 1 1 2 2 3 2 1 5 0 1 0 3 4 2 2 3 3 1 1 3 1 0 1 2 1 0 0 1 4 2 4 4 3 3 3 2 0 2 1 0 0 4 2 1 1 2 2 4 2 2 1 3 0 3 1 5 3 0 1 3 2 1 2 1 4 1 4 2 2 0 3 2 1 2 1 1 2 2 2 3 3 0 1 0 4 2 1 2 1 1 2 2 1 3 1 0 2 0 0 2 5 4 6 5 3 1 0 1 2 2 1 3 0 1 3 5 4 3 2 1 3 2 2 2 0 2 3 1 3 1 2 3 1 1 1 4 1 1 1 1 4 3 2 1 1 0 2 5 1 2 1 1 3 3 2 1 0 2 1 4 1 2 5 0 3 3 2 0 1 1 0 3 4 2 2 3 1 2 7 0 1 1 1 2 2 2 3 0 3 2 2 2 1 1 2 4 3 4 1 5 1 3 2 1 3 2 2 2 1 1 3 10 2 1 3 2 0 1 0 3 0 3 6 3 5 6 0 1 0 3 1 3 3 1 1 0 3 2 0 2 2 2 4 0 3 3 1 2 2 0 2 1 0 2 5 4 2 4 1 1 1 2 1 1 3 2 1 2 2 3 5 4 2 1 1 3 3 1 1 1 0 2 2 1 1 2 1 0 3 0 0 3 3 4 1 1 0 3 2 3 2 6 0 3 4 4 3 5 1 2 2 2 0 0 3 2 6 3 2 2 3 1 2 4 2 2 2 3 1 2 4 1 3 1 3 2 1 2 0 2 0 1 2 1 2 1 2 1 3 3 0 1 0 0 2 0 1 0 1 3 4 3 2 2 0 2 3 0 4 5 2 0 0 1 3 3 3 3 2 4 3 0 1 2 2 1 1 2 1 4 1 4 1 1 3 2 3 2 2 1 4 2 0 4 0 2 3 0 0 2 0 3 2 2 5 2 0 0 1 0 2 4 3 2 2 4 1 2 1 2 1 3 2 4 4 0 2 2 1 3 1 1 1 3 1 0 0 2 5 1 3 2 3 0 2 2 1 4 1 1 2 3 2 1 1 4 2 4 3 0 0 4 0 3 3 1 1 3 1 1 2 1 1 1 1 1 4 2 2 1 3 0 2 2 1 1 5 3 1 0 1 4 2 3 2 1 1 3 2 2 3 1 2 4 1 2 2 1 2 2 2 3 3 2 3 5 1 0 0 1 4 1 0 3 1 1 5 2 1 0 2 2 2 1 3 3 2 1 3 0 2 2 0 1 1 0 2 1 6 3 1 0 0 1 1 3 2 2 0 0 2 3 2 3 4 1 4 2 2 3 1 5 2 3 2 2 2 4 2 2 3 2 0 5 2 5 0 1 1 2 3 1 2 7 3 2 0 0 3 1 6 3 1 6 1 1 0 2 1 3 4 2 2 0 3 3 1 1 6 1 2 3 2 0 1 1 5 2 0 5 2 4 1 3 1 0 4 2 1 1 0 1 5 2 0 0 2 5 3 2 1 0 2 0 0 3 1 3 5 4 3 4 2 3 0 1 1 3 3 1 2 4 1 0 2 4 1 3 2 5 4 2 0 4 0 4 3 0 3 0 4 1 3 3 0 2 1 3 2 4 3 0 1 2 1 1 3 4 4 1 3 3 2 1 2 3 4 2 1 3 0 3 3 2 1 3 2 1 2 3 3 3 1 2 2 2 1 1 0 1 6 1 7 1 3 2 2 2 2 0 2 1 1 3 1 1 2 0 4 2 1 0 3 1 2 2 4 0 2 1 1 0 0 2 2 4 5 4 3 1 1 1 1 2 1 0 1 2 0 1 3 5 1 3 3 3 0 2 2 1 0 2 1 3 2 1 4 1 2 1 4 3 3 2 2 2 2 1 2 2 4 3 0 2 1 3 1 2 2 1 0 0 0 2 3 1 3 2 3 1 1 2 1 1 0 2 0 5 3 1 1 2 4 1 1 1 2 1 2 3 2 2 4 2 2 2 2 1 2 3 3 0 1 0 4 0 1 2 3 3 2 1 2 2 1 2 2 2 0 2 3 3 1 6 2 2 2 2 2 3 1 1 3 1 0 3 1 1 3 2 2 4 1 1 3 1 3 4 4 0 0 5 5 1 3 2 0 1 0 5 1 2 3 1 2 1 2 4 0 2 2 3 0 6 1 5 2 3 0 1 3 3 2 1 4 1 4 1 1 3 1 0 3 1 2 3 1 2 2 1 1 2 2 2 5 1 0 1 1 1 2 0 2 3 1 4 1 1 2 3 1 0 1 4 3 6 1 0 1 4 2 2 4 3 2 1 3 2 4 2 1 1 0 3 5 3 1 2 2 0 3 2 2 3 3 1 0 1 3 3 4 2 2 3 0 0 2 2 1 3 0 0 2 1 3 1 0 2 3 0 4 2 3 2 2 1 1 3 5 1 3 1 4 2 0 3 2 4 0 1 2 5 3 4 1 3 0 2 1 1 0 3 4 2 5 0 4 1 1 1 2 3 3 0 1 3 4 2 1 0 2 3 3 3 3 0 2 1 0 3 0 3 3 4 2 1 2 2 2 3 4 2 3 1 2 1 2 2 3 3 3 2 2 2 2 2 4 1 2 2 2 4 1 2 0 0 0 2 3 1 2 3 0 1 1 2 2 5 1 1 1 1 2 2 1 3 1 0 1 1 2 2 6 3 1 2 1 2 1 2 2 2 3 2 3 4 3 4 0 2 3 2 0 3 0 2 2 5 4 0 1 1 3 3 2 2 0 2 1 6 1 1 1 1 3 1 2 0 1 0 6 4 1 3 5 1 2 3 3 1 2 0 2 3 3 1 3 1 3 1 1 1 1 2 1 2 2 0 3 5 1 2 1 2 4 3 2 4 2 0 5 4 3 1 1 0 2 3 1 2 2 2 1 1 0 5 0 0 3 2 0 0 1 4 3 3 3 3 1 3 0 1 3 1 1 2 5 0 2 1 1 4 3 3 1 3 2 1 3 1 0 0 3 3 2 1 6 1 2 5 2 3 2 0 0 2 4 2 2 4 3 2 0 3 3 0 2 0 1 1 3 3 0 3 1 2 3 3 0 2 0 2 1 3 1 2 3 2 3 1 0 4 1 0 2 1 2 2 1 1 3 4 0 4 3 1 0 3 2 0 4 1 1 1 1 2 4 2 0 2 2 3 1 3 2 2 2 3 1 1 4 2 1 4 2 0 1 6 2 1 3 0 2 2 1 2 1 0 6 3 4 2 4 1 2 2 2 3 3 1 4 2 1 1 4 0 0 0 3 2 1 1 3 3 4 0 1 2 1 2 0 4 2 3 2 4 0 1 1 4 4 1 1 1 0 3 0 3 0 2 2 2 3 4 3 1 1 1 5 2 2 1 1 2 2 1 3 2 4 0 3 0 3 3 2 2 3 2 1 0 3 1 5 2 2 3 2 2 4 1 0 1 4 2 5 2 1 1 1 2 2 3 1 3 5 0 1 1 2 1 1 1 0 3 5 2 2 0 2 2 2 2 6 2 2 3 1 2 1 3 2 1 2 3 3 2 2 0 1 3 2 2 2 1 1 2 1 4 4 0 2 0 1 0 1 2 3 1 1 1 2 2 5 5 2 4 3 3 1 4 3 2 5 0 1 2 4 3 4 2 1 1 1 2 1 0 4 1 3 5 4 1 2 0 1 1 2 0 0 1 1 2 2 1 5 5 4 1 2 3 2 2 1 2 3 0 2 2 3 2 4 2 2 0 4 2 2 4 2 1 1 2 0 2 0 4 6 2 3 1 0 2 3 2 3 2 0 3 1 1 4 1 2 2 2 0 2 1 4 3 1 3 1 4 4 0 2 3 3 3 5 5 1 4 2 2 1 4 4 3 0 2 0 2 1 2 4 1 2 3 1 2 4 1 2 2 0 0 4 2 3 4 3 2 2 1 4 2 2 2 5 3 1 2 2 1 3 1 2 0 1 1 2 1 3 4 2 3 2 2 1 0 1 1 3 4 1 2 3 3 1 0 2 0 1 2 0 1 1 2 4 0 0 0 1 2 4 6 3 3 2 3 0 5 0 6 1 4 2 1 0 2 4 1 0 2 0 4 3 1 1 1 4 1 2 5 1 0 1 1 3 4 2 2 2 2 1 4 1 1 2 4 3 3 3 1 0 2 2 2 2 1 2 1 2 2 4 5 3 5 2 1 2 3 1 0 2 2 2 3 2 1 1 0 3 2 2 1 4 2 2 0 4 2 2 2 2 1 1 3 1 4 4 1 3 2 4 1 2 0 0 1 1 6 3 2 0 4 1 3 4 1 4 1 3 1 1 1 1 4 4 1 2 0 2 3 2 0 3 1 2 1 3 2 0 3 1 0 1 2 1 3 0 2 2 2 5 0 6 2 1 0 3 1 3 0 0 3 5 3 0 1 6 0 1 1 2 2 1 1 2 3 3 2 0 4 1 2 2 0 2 0 1 1 6 2 1 0 0 0 1 0 3 1 5 2 1 5 1 3 2 5 1 3 4 2 3 0 1 1 2 1 3 1 3 1 4 4 3 2 1 3 0 2 1 3 3 5 4 1 1 1 5 1 2 2 1 1 1 1 1 1 4 1 2 4 2 1 3 0 1 2 2 2 2 1 2 1 0 1 2 1 2 4 4 0 3 0 1 3 3 4 3 1 1 1 4 0 4 1 2 2 2 2 1 5 3 0 1 3 2 2 1 6 1 2 1 4 4 1 0 2 4 4 1 2 0 0 0 1 2 3 2 1 0 1 2 0 5 2 0 0 5 0 6 1 1 5 1 2 4 2 2 1 3 1 2 4 3 0 1 4 2 3 3 2 1 0 2 1 5 1 1 4 3 1 5 4 2 3 1 3 0 3 1 1 4 2 0 2 1 2 6 2 3 2 2 4 1 6 4 3 3 1 3 1 1 2 1 3 0 0 2 1 3 0 3 3 3 0 1 0 3 0 2 1 2 4 1 0 3 2 0 3 4 0 2 3 0 4 2 1 1 1 1 1 3 1 2 2 0 1 5 1 1 1 0 4 1 2 4 0 1 3 1 2 2 1 3 2 2 3 1 3 1 2 0 4 1 3 1 1 1 1 2 0 3 2 4 3 5 4 1 3 2 2 0 1 2 1 2 1 4 2 1 0 3 2 1 3 1 1 0 1 2 1 2 1 2 2 4 2 4 0 2 1 3 4 4 0 2 1 4 4 3 1 2 5 1 1 3 2 0 0 0 2 4 1 4 2 2 1 1 5 1 0 5 1 1 2 5 4 1 2 1 1 1 1 1 5 3 1 2 3 2 2 2 1 3 4 1 0 3 5 2 3 1 0 2 3 1 4 1 2 2 0 1 1 1 6 1 2 1 4 1 2 4 3 0 2 2 3 2 1 2 1 3 1 1 5 2 1 3 1 6 3 1 2 2 3 1 2 2 1 1 3 1 2 3 2 2 2 3 2 1 2 1 3 1 0 4 3 1 3 1 1 2 0 5 2 4 0 5 2 3 2 0 2 2 2 4 3 1 1 0 0 0 1 2 2 3 1 3 1 2 1 3 3 2 3 2 1 2 3 0 3 1 2 2 1 1 3 2 1 3 4 1 2 2 0 0 2 4 1 0 2 1 4 1 1 1 2 2 4 4 2 0 2 1 2 0 2 1 3 1 1 4 2 1 2 2 0 1 5 6 1 0 1 1 0 1 4 2 1 3 0 2 4 1 4 3 4 1 2 1 4 0 2 1 1 6 2 1 4 0 0 3 3 1 5 4 2 1 0 3 2 1 3 3 5 1 3 2 0 1 0 3 1 0 2 2 0 1 1 1 4 3 2 2 1 4 1 1 3 3 3 2 5 2 0 2 1 1 3 1 2 2 1 3 0 5 1 2 2 1 4 1 2 1 2 3 6 2 1 0 1 3 3 2 1 3 3 2 0 5 1 0 0 3 4 1 1 0 1 0 0 3 3 2 2 2 0 2 4 2 1 2 0 2 1 4 0 1 0 5 1 2 2 1 3 4 3 3 1 2 1 2 0 0 0 1 0 1 3 3 4 2 2 1 1 1 3 1 2 0 5 5 4 0 1 3 4 2 2 3 3 1 3 2 2 2 4 0 1 2 1 1 5 2 3 1 3 1 0 3 2 5 1 2 2 2 3 1 1 0 0 0 4 0 0 2 2 4 2 3 2 0 1 0 3 3 1 3 1 1 4 1 2 3 0 3 1 1 4 0 0 4 4 2 1 0 2 1 0 1 1 2 4 3 1 2 1 5 1 3 2 3 2 2 2 0 2 1 1 0 1 3 1 1 0 1 0 2 2 1 3 0 1 2 4 3 2 1 2 1 2 2 2 4 1 0 2 4 3 3 1 1 0 1 0 0 1 1 0 1 3 4 4 1 2 3 4 5 1 2 3 0 2 2 0 2 2 2 1 4 1 3 0 2 1 2 2 0 3 3 3 3 3 3 1 2 2 2 3 1 4 0 0 1 0 5 1 3 2 3 2 1 1 0 1 1 1 2 2 2 3 0 1 0 5 0 2 5 3 2 1 0 1 2 3 2 2 1 3 1 3 3 2 0 1 1 2 1 3 4 1 3 1 2 2 2 3 2 2 3 3 2 2 2 2 3 1 1 0 6 4 2 0 1 5 1 2 1 2 3 0 2 1 3 1 3 2 0 0 0 2 0 2 5 1 2 0 2 1 1 2 4 4 5 0 4 1 1 0 5 0 0 1 1 3 2 5 0 1 0 3 5 1 2 1 2 1 1 1 1 2 1 4 1 2 1 3 4 5 3 0 3 4 1 2 1 2 3 3 4 1 4 0 2 2 1 5 2 0 1 2 0 2 0 1 1 4 3 2 2 3 2 1 1 2 2 5 3 1 0 0 1 2 1 1 2 1 4 0 1 1 2 2 5 2 0 1 1 1 1 1 0 4 0 1 6 2 3 0 0 3 3 2 2 1 2 2 3 1 2 2 0 3 2 1 0 3 2 1 4 3 0 2 0 1 2 2 5 2 2 0 1 0 2 2 1 3 4 3 1 1 1 1 2 3 0 1 2 4 2 1 2 3 4 4 0 3 2 1 2 2 1 1 1 1 1 2 5 0 0 1 2 3 0 1 3 4 1 2 4 1 2 2 1 1 2 1 3 0 2 2 1 1 3 4 2 4 3 2 2 1 2 4 2 0 0 4 4 2 2 1 4 0 2 0 1 1 4 2 0 3 2 1 2 2 2 0 2 2 1 2 0 5 1 3 4 3 3 1 3 1 2 0 1 3 2 3 0 3 2 0 2 3 2 3 2 2 1 1 2 0 1 6 1 2 5 0 0 1 1 1 4 1 0 0 3 3 2 1 6 2 5 1 1 5 2 3 1 2 1 1 0 0 1 2 4 2 3 2 3 2 3 1 0 1 1 3 2 2 3 5 0 4 2 1 3 2 0 5 2 1 2 1 2 2 3 1 3 2 4 0 2 7 1 1 2 2 4 2 1 3 4 0 3 0 2 1 5 1 5 0 2 1 1 1 2 2 3 2 1 6 1 3 4 5 0 3 0 1 2 1 2 2 2 1 2 2 1 5 1 1 3 2 0 3 1 3 2 1 0 5 3 2 3 0 1 1 0 3 6 0 5 3 3 0 0 2 2 0 1 1 0 4 1 3 2 2 2 2 1 0 4 0 1 1 5 2 2 1 4 0 3 1 1 4 3 0 2 0 2 3 0 3 1 5 1 1 2 2 2 2 3 4 2 3 4 4 2 0 1 0 0 3 1 1 3 2 2 2 1 2 3 0 3 2 1 2 2 0 1 1 2 1 2 1 2 4 5 2 1 1 0 0 2 2 0 4 2 2 3 3 2 2 1 3 1 3 4 1 1 2 0 1 4 0 4 0 1 1 0 2 3 1 1 0 1 0 5 1 1 2 2 1 1 0 3 2 3 1 2 1 1 1 2 3 0 2 3 0 3 5 5 2 1 1 3 1 1 5 3 3 0 2 2 0 3 2 0 2 0 6 2 0 2 1 1 2 5 2 2 3 4 0 2 2 2 1 0 2 4 4 1 0 0 3 2 4 1 1 4 3 1 3 2 5 4 3 1 1 3 2 1 3 0 1 2 7 3 2 0 1 1 1 3 4 3 1 4 1 2 2 2 1 3 1 2 2 3 3 3 2 2 2 1 2 1 3 1 1 1 1 1 1 3 2 0 3 2 2 1 3 0 2 2 2 2 3 3 3 2 2 1 1 1 0 1 3 2 3 0 2 3 3 4 3 3 2 2 2 1 2 3 0 2 2 2 1 2 1 2 3 4 0 1 0 3 2 0 3 5 4 2 2 2 3 2 1 2 1 4 1 4 2 4 1 1 0 0 1 2 0 5 1 3 0 1 2 0 1 3 2 2 1 2 1 3 3 1 3 0 2 1 3 0 3 1 3 2 2 1 4 1 3 1 2 1 0 0 1 3 4 4 3 0 2 2 1 3 5 1 1 2 1 2 3 5 0 2 1 3 3 3 3 2 1 0 2 0 3 2 5 0 0 0 5 4 4 4 1 0 1 1 3 3 3 2 4 1 4 3 2 2 0 4 0 4 1 1 3 1 4 4 3 4 2 2 1 3 0 1 4 1 1 3 0 0 1 1 1 0 1 2 1 4 2 1 2 5 2 2 1 5 3 1 1 3 3 1 1 0 1 2 0 0 1 4 1 0 1 0 1 2 2 4 0 3 1 3 2 3 0 2 3 1 1 3 1 2 1 4 1 3 1 3 1 3 0 4 2 3 2 3 1 1 2 1 0 4 0 2 2 3 2 1 3 3 3 3 3 0 5 3 1 4 3 1 1 1 1 2 2 0 2 2 1 2 2 1 5 4 4 4 0 1 0 2 3 0 2 0 2 1 2 2 3 2 6 1 4 0 3 1 0 1 2 1 3 1 5 1 3 2 2 3 1 3 7 2 2 2 0 2 3 2 3 0 1 0 2 0 5 1 3 1 4 1 4 3 3 2 4 2 2 1 0 0 1 3 3 6 2 1 4 3 2 4 2 2 1 2 3 3 2 3 1 1 2 2 1 7 0 4 3 2 1 2 1 2 1 0 0 1 1 1 0 4 3 3 7 2 2 3 4 2 2 2 2 1 3 1 3 2 3 0 2 2 3 2 5 2 1 0 4 3 2 2 1 2 2 0 4 2 0 1 2 1 4 6 0 0 0 2 1 1 1 1 2 2 3 1 2 0 1 1 1 4 6 3 4 2 3 1 1 6 0 2 2 4 1 2 1 3 2 2 4 2 1 5 2 2 3 2 0 3 4 3 1 4 1 3 2 5 1 4 1 2 4 0 3 2 0 4 1 4 1 0 0 2 1 2 1 1 1 1 3 4 1 5 2 1 0 3 2 2 5 1 0 3 1 4 2 1 1 4 1 3 1 1 5 2 4 5 1 0 0 1 3 1 4 0 4 0 1 3 2 3 3 0 2 3 0 2 2 1 2 2 2 2 2 1 0 2 3 1 5 1 0 3 2 2 4 0 2 2 1 1 1 1 3 1 1 3 2 4 3 1 4 1 2 0 3 0 2 0 3 0 2 1 2 2 3 1 4 1 3 4 3 1 2 0 1 4 1 3 5 0 2 6 3 3 1 1 1 3 1 3 1 1 5 3 1 6 1 2 1 2 2 4 3 0 4 2 1 0 1 2 3 2 0 7 3 3 5 2 2 2 2 2 2 3 0 4 5 1 1 1 2 1 3 2 3 1 2 1 4 0 0 2 5 2 4 1 2 0 2 2 0 3 1 1 2 0 1 1 4 2 1 1 1 5 3 2 3 1 3 1 4 2 3 3 3 0 0 2 0 1 0 3 4 1 1 0 1 3 2 4 1 3 0 2 3 6 1 2 6 0 3 1 2 2 2 3 1 2 3 4 4 0 1 0 3 1 2 2 4 4 1 2 3 1 3 0 2 2 1 1 4 4 1 2 0 2 0 3 4 2 1 0 3 6 0 5 2 3 3 4 1 2 1 0 4 3 3 3 3 2 3 3 3 1 5 0 2 1 4 1 2 0 2 4 3 2 2 0 1 1 3 4 2 4 3 2 0 1 2 2 2 2 3 2 3 3 3 1 6 2 1 1 3 2 0 2 3 1 1 2 4 1 2 5 2 3 1 1 2 0 2 2 3 1 4 2 0 0 4 2 4 5 2 1 2 2 1 4 1 2 3 3 6 1 2 2 1 1 2 3 0 1 4 1 1 2 1 1 3 1 3 1 5 1 2 5 3 2 2 2 1 1 3 1 1 0 0 1 3 5 3 4 0 2 1 0 4 3 3 3 2 1 1 3 1 4 3 3 1 1 1 2 0 2 2 1 3 5 1 1 1 1 3 0 2 0 1 3 4 1 4 1 0 2 1 0 3 3 4 2 1 4 3 3 1 0 1 4 0 3 2 2 1 1 3 0 3 1 2 1 3 5 1 2 3 2 1 0 2 1 2 1 2 2 1 0 3 0 2 3 6 3 2 1 2 1 3 3 1 5 5 0 1 5 1 1 2 2 1 2 2 4 2 0 1 0 1 0 3 2 2 2 3 3 4 3 1 3 5 2 1 1 1 0 2 0 3 2 3 2 0 0 1 2 0 2 3 2 1 3 3 2 5 2 2 0 0 2 2 3 3 1 1 1 3 1 2 1 3 2 1 2 3 1 2 1 1 2 1 5 1 4 0 2 2 1 2 2 2 3 2 1 5 3 0 1 2 2 0 3 0 5 1 2 2 1 3 0 2 3 3 1 2 1 5 4 3 2 2 2 2 2 1 2 2 1 0 0 1 3 2 2 1 1 2 3 0 2 1 1 0 2 5 2 3 3 1 1 3 2 1 2 0 4 0 3 2 3 2 3 1 2 1 3 5 2 4 1 1 1 0 3 3 2 1 0 1 3 2 1 3 0 1 7 1 3 1 0 2 3 4 2 3 1 1 4 1 2 1 1 2 1 0 0 3 6 0 5 1 1 1 2 1 0 3 3 1 0 2 1 3 2 3 4 2 1 1 1 1 2 1 1 1 5 1 1 0 3 3 4 1 3 2 2 0 1 2 3 3 4 5 3 0 0 4 0 1 1 3 1 1 1 0 0 4 2 4 2 4 1 1 1 2 0 3 3 2 1 2 8 0 1 1 1 1 1 2 2 2 3 1 0 2 3 1 2 3 3 0 3 3 4 0 3 2 3 2 3 1 2 3 0 2 1 2 3 1 3 1 1 1 3 1 1 3 1 2 0 2 4 2 2 7 0 0 1 1 3 0 2 3 3 2 2 0 1 0 4 5 4 2 3 1 2 1 2 2 0 4 3 0 4 3 3 3 1 1 1 1 2 1 2 2 0 1 2 3 1 0 3 4 1 2 4 1 1 2 2 4 0 3 1 4 0 2 3 2 2 3 1 2 3 1 1 3 2 2 3 1 0 3 1 2 2 0 1 3 4 1 4 2 2 1 0 4 2 1 1 2 1 0 1 3 3 1 1 1 2 2 0 3 4 2 1 6 3 3 3 2 2 0 1 3 2 3 0 3 1 2 1 0 2 2 2 2 3 5 3 0 1 1 4 2 2 1 1 0 1 1 1 4 2 2 4 2 4 3 1 3 3 1 1 2 2 2 3 5 2 4 2 2 4 1 2 0 1 1 1 4 4 1 0 6 1 1 1 6 3 2 3 1 1 2 0 0 4 3 3 4 1 2 2 2 6 5 1 1 3 0 5 1 1 2 2 0 1 2 1 2 1 4 2 0 3 3 0 2 0 2 0 3 1 2 1 2 2 1 1 5 2 2 3 0 2 4 2 4 5 1 3 2 1 2 2 1 3 2 0 2 2 2 2 0 1 1 1 4 1 1 2 0 8 4 1 0 1 0 2 5 1 0 0 0 2 2 1 2 2 2 2 0 1 2 3 1 1 4 2 2 2 2 2 2 3 2 2 0 2 2 5 4 2 1 3 0 3 0 4 1 3 2 1 1 1 0 1 3 2 3 3 3 3 1 3 3 5 1 0 4 1 4 3 1 5 4 2 2 2 1 3 1 1 2 1 4 4 1 1 2 4 2 3 2 2 2 4 1 1 0 3 4 5 2 2 3 1 1 1 0 5 3 2 1 2 3 0 2 3 0 1 1 3 2 3 1 1 1 3 5 4 1 2 1 3 3 2 1 2 0 1 1 3 3 4 1 3 0 1 2 1 3 4 5 4 1 0 2 2 1 2 3 2 3 1 4 4 0 3 2 2 1 3 2 2 2 0 1 2 2 1 2 2 1 3 1 1 0 3 1 0 2 5 3 1 4 0 1 1 2 1 1 3 1 2 1 0 2 3 2 2 1 1 0 2 4 2 3 1 2 4 1 3 0 0 1 2 4 2 0 5 0 1 3 1 1 2 8 3 2 1 1 1 1 0 1 1 3 4 0 0 2 3 4 1 1 1 2 1 3 2 1 6 1 1 2 3 1 3 3 2 2 1 3 2 1 2 1 4 1 1 2 1 4 2 1 2 2 3 0 0 2 3 3 1 6 1 4 2 2 1 0 2 0 3 4 0 2 3 3 3 2 4 4 3 0 2 1 3 0 1 3 1 1 1 2 3 2 3 2 4 2 3 2 1 0 1 2 2 4 3 0 0 1 2 3 2 1 4 1 0 0 4 0 0 3 2 1 4 1 0 1 4 2 2 1 4 1 2 3 3 2 4 1 1 1 2 0 1 0 2 5 1 5 1 2 2 2 1 1 3 0 1 2 2 3 2 3 3 2 0 5 0 0 1 1 2 1 3 3 2 4 3 0 3 0 3 0 1 2 3 3 5 0 1 2 5 1 0 2 5 3 4 0 0 1 1 3 2 1 1 2 1 5 3 2 0 1 2 0 3 2 1 3 0 2 0 5 0 1 1 1 2 1 2 2 4 2 3 1 3 1 1 0 2 2 2 1 3 4 2 3 1 1 0 1 2 2 1 1 1 3 3 0 3 3 3 2 1 1 0 4 1 2 1 2 3 1 0 2 3 3 2 0 0 0 1 1 4 3 6 1 1 1 2 3 3 0 1 2 3 0 3 4 1 1 3 1 2 3 1 0 2 2 0 0 5 4 3 2 2 8 3 3 2 2 5 0 2 2 2 1 3 3 3 0 1 0 2 1 3 1 1 3 2 1 0 3 4 1 0 2 2 2 3 2 2 2 2 1 2 4 1 3 2 2 1 2 1 3 0 4 0 4 3 1 4 3 1 2 5 0 4 0 0 1 1 3 1 3 0 3 0 2 2 1 1 4 3 0 4 1 3 0 2 3 4 1 2 3 1 4 2 3 3 2 4 1 1 1 2 2 0 3 1 2 1 1 2 3 3 8 0 4 5 1 1 1 1 1 5 1 1 1 1 3 1 1 3 2 3 5 2 5 4 1 2 1 3 2 0 2 2 4 3 0 3 1 4 3 1 2 0 0 1 3 1 3 3 2 1 2 2 3 5 0 1 2 1 0 4 3 1 3 2 0 3 2 1 1 1 3 1 2 1 1 2 2 1 4 1 2 3 2 0 1 1 0 2 1 3 3 3 6 2 2 2 1 1 2 0 2 1 2 3 4 2 1 3 1 3 1 2 3 2 2 2 2 2 1 0 3 3 0 2 3 5 4 2 1 1 1 1 5 3 1 3 2 2 4 2 1 0 3 0 4 5 2 2 1 1 4 2 2 2 2 2 0 1 1 2 1 2 2 0 2 6 0 4 3 5 0 1 1 3 1 1 2 2 2 2 1 3 2 2 5 1 1 2 1 0 0 2 2 5 1 4 1 3 1 1 2 1 2 0 2 3 0 2 2 3 1 2 1 3 0 1 5 3 0 1 2 2 2 3 2 2 2 1 4 3 0 1 1 4 4 1 2 1 1 4 2 2 3 2 2 1 2 4 5 1 1 0 1 3 3 0 3 4 2 2 2 1 1 2 3 3 1 2 2 3 2 1 1 2 2 3 2 2 1 4 2 4 1 2 0 2 5 3 1 3 1 1 3 2 2 1 1 1 3 4 1 3 0 2 1 1 3 1 3 0 1 2 7 0 1 2 0 1 0 1 2 0 5 3 3 1 1 3 1 2 1 1 6 4 3 2 3 0 2 2 1 3 3 2 0 1 2 3 1 3 2 3 1 1 1 4 4 1 2 0 4 2 1 2 4 1 3 5 2 0 3 3 1 1 2 0 1 4 0 0 1 1 2 1 0 2 2 6 1 2 1 3 0 1 2 2 4 1 4 0 0 3 3 0 3 0 3 0 1 2 1 4 1 4 0 1 2 1 2 3 2 0 1 5 1 1 1 4 3 3 2 5 0 3 1 2 0 2 3 0 0 1 3 1 2 2 1 4 1 3 3 1 4 1 0 1 1 0 0 1 2 1 2 4 1 1 2 2 2 2 3 2 0 2 1 1 1 3 2 2 0 2 1 3 1 3 2 1 4 3 1 5 0 3 2 2 4 2 3 0 0 1 2 5 0 5 4 3 1 1 1 0 3 2 0 0 1 0 4 0 1 2 1 5 3 2 3 2 2 1 2 0 1 3 1 1 2 1 1 2 3 1 0 0 1 1 2 1 3 3 0 1 2 0 2 5 1 3 3 4 1 1 4 0 2 3 2 5 2 3 3 1 1 2 0 1 1 2 7 0 2 2 5 1 4 2 2 1 1 0 0 0 1 2 4 0 4 3 1 1 3 2 0 3 3 2 2 4 1 2 1 2 1 0 3 4 2 2 3 3 0 3 4 4 2 2 1 2 1 0 2 3 3 5 1 1 3 0 4 1 0 4 0 2 3 0 0 2 2 2 0 3 2 3 3 2 4 2 0 3 1 1 1 1 2 4 1 5 2 1 3 2 3 3 0 2 3 0 1 2 7 1 1 1 5 5 2 2 1 1 1 1 2 1 3 0 2 4 2 2 4 0 2 1 1 2 2 0 1 0 4 1 2 2 3 2 0 0 3 4 2 2 0 2 4 3 4 1 0 1 1 1 1 2 4 0 5 2 4 2 2 2 1 1 2 1 3 2 4 2 1 1 2 3 1 2 1 2 2 1 4 1 1 3 2 4 2 0 2 0 0 3 2 2 1 9 1 1 2 3 1 2 2 1 4 2 1 4 1 0 4 1 3 2 2 1 1 3 1 2 0 0 1 2 5 4 3 2 0 1 2 1 2 0 3 4 1 0 2 0 1 1 3 1 1 2 1 2 0 1 1 4 1 1 0 3 2 2 3 1 2 2 2 3 3 2 2 4 4 1 2 5 3 4 0 4 1 2 1 1 3 5 5 2 1 2 1 5 1 0 2 1 1 0 1 0 4 5 0 1 4 1 4 0 2 2 4 2 0 2 0 1 2 3 1 0 3 2 4 1 1 1 1 2 2 1 1 3 1 2 1 1 2 3 3 0 3 2 2 0 2 3 2 1 5 3 2 3 4 0 3 2 0 2 0 0 3 0 2 3 1 4 3 2 0 2 0 0 1 3 1 4 1 4 3 1 3 2 2 2 2 2 3 2 2 1 4 0 0 2 1 0 2 1 3 0 3 3 3 1 3 1 0 0 6 1 4 3 3 1 0 0 1 2 2 0 3 0 2 2 2 3 4 1 4 0 3 2 2 2 1 5 4 1 3 1 0 3 1 2 2 5 4 3 3 4 1 1 0 4 3 2 1 1 1 2 2 0 4 0 3 1 2 2 1 1 6 1 2 1 4 1 2 3 2 2 4 0 2 3 3 2 1 1 1 3 0 3 2 1 2 4 3 1 1 2 5 3 3 1 3 2 4 1 1 2 2 4 4 1 1 3 1 2 4 2 1 1 2 3 2 1 2 2 0 4 0 3 1 0 0 2 5 1 3 3 2 1 2 1 2 2 1 2 3 3 3 2 3 0 2 3 4 1 2 0 3 3 1 7 2 2 1 3 3 4 0 2 3 2 2 1 1 1 1 1 0 2 4 1 5 5 2 0 1 4 5 0 1 1 4 2 0 2 2 0 1 1 1 2 4 5 1 2 1 0 1 1 2 3 5 3 1 3 1 0 1 1 2 2 2 2 1 2 1 2 1 2 5 2 3 0 2 4 1 3 3 1 3 1 0 1 1 4 3 0 1 3 1 1 2 0 0 1 2 2 5 0 4 2 1 3 1 3 0 0 3 1 3 3 3 4 4 3 2 3 1 2 2 3 4 0 2 4 1 3 5 1 2 1 3 4 1 1 3 1 0 2 2 1 4 3 1 1 0 2 3 2 2 4 1 3 2 3 1 3 5 1 2 2 1 1 0 1 1 0 4 1 1 4 1 1 1 0 3 3 6 0 2 1 2 1 2 2 1 2 1 3 4 3 0 3 1 2 1 1 1 3 1 6 3 1 2 1 4 2 0 5 5 2 1 0 2 1 1 0 1 1 1 5 2 3 2 5 3 1 3 1 1 2 1 2 1 1 0 0 5 1 2 3 2 3 3 1 1 2 2 1 2 0 3 0 7 1 2 3 1 1 3 0 2 0 2 0 1 4 5 0 7 3 4 2 2 0 3 2 2 3 1 4 3 0 0 1 1 1 3 2 0 0 3 0 1 3 0 2 1 0 2 1 3 2 2 2 1 1 1 0 3 2 1 1 2 3 2 2 1 1 2 3 0 3 6 1 1 5 2 3 0 3 0 1 2 2 3 3 4 5 1 2 1 4 2 3 2 4 2 1 0 1 1 1 2 2 0 3 2 3 1 3 2 1 1 2 4 2 0 1 1 3 1 2 3 2 2 3 1 3 1 1 4 0 2 3 0 1 4 3 3 1 2 2 3 2 2 5 1 3 0 2 1 4 2 2 0 0 2 3 0 0 3 1 1 4 3 0 1 4 1 1 3 2 2 1 3 3 2 1 4 0 3 0 5 1 0 1 2 6 0 5 2 0 3 2 1 1 2 4 3 3 2 4 1 3 3 1 0 0 1 1 1 0 3 2 4 3 1 4 1 0 2 2 6 1 1 7 1 2 0 1 2 2 4 5 3 2 0 2 1 2 0 0 3 1 5 2 5 3 2 2 1 0 5 0 1 1 4 4 3 0 2 1 3 5 4 2 1 3 2 1 2 1 2 2 3 0 1 1 0 4 5 1 1 4 0 4 1 1 1 3 1 2 1 2 1 4 2 1 2 2 2 2 2 1 1 2 2 3 0 3 2 2 4 4 2 2 2 1 0 0 3 2 2 1 0 2 1 2 4 1 4 2 0 1 1 1 2 2 6 2 1 3 2 1 1 1 2 1 0 2 3 0 3 2 2 3 1 2 1 2 2 2 2 5 4 6 1 0 3 0 4 2 2 0 1 3 4 4 3 0 1 2 1 4 1 1 2 3 2 1 0 1 2 0 1 3 5 6 0 2 2 0 2 2 1 5 1 1 1 1 0 1 4 2 2 1 2 3 3 2 0 2 3 4 3 5 1 0 1 3 1 3 1 3 0 3 1 1 0 0 1 2 3 3 1 3 4 5 4 0 0 2 3 1 2 3 5 0 4 2 1 1 2 3 1 4 3 2 1 4 1 1 1 0 1 3 1 1 2 2 3 4 3 1 2 0 3 1 1 1 2 2 2 2 3 0 0 3 1 1 4 1 5 3 5 1 0 2 3 1 2 2 3 2 0 2 1 2 0 5 1 1 3 3 1 6 2 2 3 1 1 2 3 6 1 0 3 0 2 4 1 4 0 1 0 3 2 0 2 6 1 1 2 0 2 4 3 0 2 1 4 3 2 1 1 4 2 3 2 0 2 1 1 0 4 2 1 5 1 2 2 1 0 2 4 2 1 2 3 4 1 0 0 2 5 0 4 1 2 3 2 3 1 1 2 2 2 3 1 2 0 2 3 2 1 2 3 5 1 2 2 1 3 1 0 1 2 2 0 1 2 3 4 2 2 1 1 0 4 2 2 2 3 3 2 1 4 0 4 0 4 2 2 1 3 3 3 3 3 2 4 0 0 1 1 3 1 1 1 1 1 1 2 3 5 1 1 3 1 2 5 2 3 2 1 1 0 2 1 3 1 3 0 2 2 2 1 2 3 2 4 1 0 2 2 2 1 3 4 1 3 1 1 1 1 1 0 1 0 2 3 1 0 2 3 2 2 4 1 3 3 0 4 1 2 6 3 1 3 1 2 5 3 3 0 2 0 1 4 2 3 1 1 1 3 3 1 2 0 1 3 4 1 3 1 1 2 1 5 0 3 0 2 4 4 1 2 0 0 2 2 3 2 3 3 2 2 2 1 2 1 1 0 3 2 0 1 1 0 4 1 1 3 0 2 4 1 3 3 1 2 1 6 2 3 1 3 4 3 1 0 2 3 4 2 2 3 5 3 2 2 1 2 0 1 3 1 2 1 4 2 0 0 0 4 3 2 2 3 4 1 1 3 0 3 3 2 1 2 1 3 2 2 1 1 3 1 3 4 2 0 5 3 3 4 2 3 5 5 1 1 1 3 3 4 0 1 2 2 3 3 2 2 1 1 2 1 4 4 1 0 5 3 1 2 2 0 3 1 3 2 0 1 1 3 1 5 2 1 0 0 2 0 2 2 0 4 1 4 2 2 2 2 0 4 3 1 1 1 2 0 2 2 4 1 2 2 2 1 0 1 4 2 0 4 4 1 3 4 2 2 3 1 1 3 3 1 1 4 1 0 0 4 3 3 4 2 1 3 2 3 3 3 4 0 1 2 4 0 1 3 2 2 1 4 5 3 3 1 2 1 2 0 1 1 2 1 3 1 4 5 3 0 3 1 0 4 2 3 1 2 2 3 2 3 0 3 0 0 2 4 4 2 0 1 1 5 4 1 0 2 2 2 1 0 0 2 2 1 1 3 5 0 1 3 2 2 1 1 0 1 3 4 2 2 3 1 1 3 0 3 1 3 1 1 2 2 0 0 2 3 1 3 2 2 4 2 1 3 1 2 1 1 2 4 1 0 1 1 3 3 3 2 1 0 1 3 1 2 2 2 2 1 1 3 3 3 0 1 2 2 0 1 3 0 3 3 3 4 3 2 3 1 0 1 2 3 2 2 1 0 2 2 2 0 3 2 2 2 5 3 0 2 2 2 0 3 2 2 3 1 2 1 4 1 2 4 4 2 3 3 1 4 3 3 3 1 0 0 2 2 1 2 1 0 2 2 1 1 3 1 3 0 5 2 4 2 1 2 1 0 2 1 2 2 2 2 2 3 0 2 3 3 1 3 2 4 1 2 0 1 3 2 1 1 4 2 2 1 1 2 1 0 4 5 4 2 2 2 1 1 0 4 1 3 3 1 1 6 3 1 1 3 1 2 2 1 5 2 1 0 1 0 3 3 4 2 0 1 3 2 2 2 1 2 2 3 2 2 2 2 2 2 2 1 3 2 2 4 2 1 0 2 1 2 0 2 3 2 0 6 3 3 4 2 0 3 2 3 2 0 1 3 2 1 1 2 2 1 0 0 1 4 4 1 3 2 2 2 3 2 0 3 1 1 3 3 3 7 1 1 0 1 2 3 1 3 3 1 2 2 1 0 3 1 2 2 3 2 0 2 0 4 4 7 1 1 1 3 2 3 3 2 1 0 2 2 1 1 2 2 6 0 5 2 0 2 3 1 2 2 1 3 0 3 2 2 2 1 3 2 1 1 1 1 3 2 4 0 2 3 3 4 1 1 2 1 3 0 3 5 1 2 1 2 2 2 2 2 1 3 4 0 3 1 3 3 2 2 3 3 1 1 3 1 1 3 5 3 1 0 7 0 1 4 2 0 3 1 1 3 1 0 0 0 7 2 3 4 0 2 3 1 2 2 0 0 0 1 2 2 1 1 1 6 2 2 3 1 1 3 2 4 2 2 1 4 4 3 2 4 3 3 2 4 2 2 2 2 2 2 1 4 0 0 1 1 0 2 0 3 3 2 2 2 4 3 0 3 0 1 2 3 2 4 2 1 4 1 0 3 2 0 2 0 3 1 1 3 4 3 1 3 1 2 2 2 4 2 2 0 4 1 2 0 3 0 2 4 4 3 3 1 3 2 0 1 2 2 4 3 1 0 6 1 2 2 2 5 1 1 2 2 1 1 1 1 2 1 0 3 2 4 2 2 2 2 3 1 0 1 3 0 3 3 1 3 1 1 3 0 4 1 2 2 2 4 2 2 5 3 2 3 2 1 5 3 3 2 4 3 2 0 0 4 0 1 1 2 2 2 2 5 1 2 5 0 1 1 2 3 1 1 3 0 3 3 4 2 3 1 0 3 0 4 1 4 2 3 1 1 1 2 1 1 4 1 2 1 4 1 2 1 5 1 2 2 1 3 1 1 1 0 2 2 1 1 3 2 0 5 1 2 1 2 0 5 5 4 2 2 3 1 1 2 3 2 0 1 4 4 3 2 1 1 2 1 2 2 2 2 5 0 2 2 4 1 1 0 2 1 5 0 3 7 5 1 1 0 1 1 2 2 1 4 4 3 2 2 0 0 2 1 2 3 4 2 2 3 1 3 2 2 3 0 2 1 2 4 2 2 3 1 0 3 2 2 1 4 1 1 0 2 3 1 2 1 1 4 2 1 0 1 0 0 1 5 0 1 2 3 1 2 1 3 2 2 1 2 5 2 1 2 1 2 0 1 3 4 1 1 1 3 1 5 1 1 3 4 1 2 3 4 0 1 0 1 1 6 2 1 3 2 2 6 4 4 1 2 1 3 0 2 3 3 2 1 0 1 2 0 1 3 1 1 3 4 0 2 2 2 2 1 1 2 0 1 2 2 2 4 5 1 1 0 1 1 3 5 2 2 0 3 1 1 2 3 4 1 0 4 1 1 1 1 5 2 0 5 0 1 4 0 3 2 4 0 0 2 3 5 1 1 2 1 0 0 4 3 2 0 0 3 3 4 1 3 1 0 2 0 3 1 3 2 2 5 3 0 2 0 2 2 3 3 0 0 3 2 2 5 0 0 2 3 3 0 1 2 0 0 2 4 2 6 1 1 2 1 0 1 5 1 1 2 1 4 1 2 6 2 1 1 2 3 1 3 1 2 2 2 2 3 3 1 4 1 2 2 2 1 2 2 0 0 1 3 5 3 2 2 1 2 1 5 3 1 3 2 4 2 2 0 1 0 2 2 3 3 2 1 1 0 1 3 3 1 6 0 2 2 3 4 2 1 2 1 3 2 0 2 4 3 2 1 0 1 3 1 4 0 2 0 3 2 0 3 4 6 1 2 1 3 1 1 3 2 3 0 1 0 1 2 1 2 1 2 3 2 1 2 1 3 1 3 1 3 2 1 3 1 0 3 2 3 1 2 1 1 3 3 3 2 4 5 1 2 2 1 1 4 1 0 3 5 0 0 1 3 2 2 2 1 1 2 0 5 1 2 3 1 0 1 1 2 3 2 1 1 2 3 3 2 1 0 0 2 2 0 3 2 1 3 1 2 2 2 1 3 1 1 1 1 3 2 2 2 0 2 3 3 4 1 0 1 3 2 0 2 0 3 4 2 2 3 1 1 1 1 4 0 4 3 4 1 1 1 3 2 0 2 4 1 2 5 2 1 3 1 0 0 1 2 0 3 2 4 2 1 3 0 4 1 2 1 2 4 1 2 1 2 2 3 0 1 2 7 0 3 2 1 1 3 1 3 2 3 0 1 1 3 1 2 4 1 1 3 3 2 3 2 1 3 1 3 2 0 2 3 1 1 1 0 3 1 1 1 3 5 1 0 0 2 4 1 1 2 3 3 2 2 1 1 5 0 2 1 3 1 2 1 3 5 2 1 1 2 2 2 2 3 1 4 3 1 0 4 1 0 1 2 0 2 2 6 1 5 0 2 2 3 1 3 3 0 2 3 3 0 0 1 2 3 2 1 1 2 3 3 1 1 2 1 1 3 0 2 0 4 2 1 0 3 4 4 2 1 1 1 1 0 2 4 3 2 1 0 1 4 0 1 0 0 1 1 3 0 0 4 1 4 1 4 0 2 0 3 1 0 2 0 0 2 3 4 3 3 1 1 2 5 3 1 2 2 2 0 4 4 1 5 4 1 0 3 1 1 3 1 1 2 2 3 0 1 3 0 4 5 3 0 2 0 3 5 3 5 1 1 2 0 1 2 1 2 1 5 1 5 1 2 4 1 1 1 4 3 3 1 2 1 2 3 4 1 1 1 3 1 3 4 0 1 1 0 3 1 2 2 3 4 1 1 2 1 2 2 1 2 1 6 1 0 2 4 1 0 4 0 1 4 5 3 1 2 1 1 2 1 2 0 0 3 3 2 3 2 3 0 1 1 1 3 5 2 4 1 0 1 3 2 4 3 0 2 4 2 0 4 3 2 2 3 4 3 3 2 0 1 0 4 0 2 2 0 1 1 3 0 5 2 2 1 1 4 3 1 1 0 2 1 1 2 3 0 0 0 2 1 3 2 3 1 3 2 1 1 3 0 1 3 2 1 2 3 3 3 2 2 1 4 2 0 2 2 0 5 3 5 0 2 3 2 1 1 1 2 2 3 3 0 1 0 1 1 2 1 1 4 1 4 3 2 1 2 0 5 1 3 2 4 2 3 2 0 0 2 1 1 2 2 2 2 2 3 0 2 1 5 3 1 1 0 2 3 3 1 2 3 4 1 1 2 2 2 3 0 6 1 3 4 1 3 1 6 1 2 1 2 1 3 1 3 6 3 4 0 1 0 1 0 1 0 2 3 6 1 0 2 5 3 1 1 2 2 1 2 1 1 4 2 7 2 0 2 1 1 1 2 4 1 3 2 2 2 1 1 0 2 1 1 0 1 2 1 1 5 4 2 1 1 3 3 1 1 2 4 1 0 2 1 3 1 3 1 3 2 1 2 3 1 3 2 1 2 1 3 0 1 1 2 4 1 4 0 2 1 1 3 1 0 1 0 1 2 2 0 2 2 1 2 3 2 4 2 3 4 1 5 4 1 2 2 2 1 2 4 4 3 2 1 1 0 3 3 2 3 0 5 4 0 1 1 0 0 0 2 0 3 2 2 3 2 1 1 2 2 3 3 0 5 0 3 3 3 1 1 3 3 0 1 0 2 1 2 1 1 1 4 1 1 1 2 0 3 2 2 0 0 1 1 4 0 6 2 2 1 0 1 2 2 1 1 3 3 1 1 2 1 1 0 2 3 0 2 7 1 1 2 4 2 1 0 2 1 3 1 2 4 3 2 4 1 1 1 4 2 3 1 1 0 2 2 1 1 3 2 3 0 2 4 1 2 1 2 3 2 2 1 3 4 0 3 1 1 1 2 1 1 4 2 3 1 2 0 0 0 1 3 3 2 1 1 3 0 2 4 3 0 2 3 4 2 1 3 2 0 1 4 0 1 0 1 2 4 5 1 1 1 2 2 3 2 5 2 2 3 0 4 3 1 4 2 2 0 2 1 4 2 1 3 0 0 0 1 0 2 4 2 1 2 2 0 1 4 1 2 0 2 3 1 5 1 1 2 3 3 1 0 2 3 3 2 2 3 2 1 2 4 0 4 1 6 1 2 0 1 3 0 1 1 3 3 2 3 2 3 1 2 5 2 1 1 2 1 3 4 3 1 5 4 1 5 0 5 5 0 6 4 2 0 1 2 1 2 0 1 0 1 1 3 1 1 3 3 2 2 4 1 4 1 2 0 3 1 2 1 2 2 2 0 1 3 2 5 2 3 2 5 2 1 1 2 1 4 1 3 4 1 3 1 1 0 2 1 0 0 2 1 2 1 3 1 1 6 2 1 1 1 1 4 4 3 3 1 0 1 3 2 0 3 1 4 2 0 4 2 3 3 0 1 2 3 4 3 1 4 4 1 1 2 3 4 1 0 1 5 3 0 1 2 3 0 1 3 0 0 2 1 4 3 1 4 0 2 3 2 4 1 1 1 2 1 2 3 2 1 2 3 4 4 0 6 2 0 1 1 3 2 1 3 2 0 3 2 4 1 1 1 1 0 2 1 3 4 1 1 3 1 1 4 1 2 2 1 2 1 2 4 3 0 4 3 3 4 1 1 1 0 2 2 2 3 3 3 1 2 2 1 0 1 2 5 0 3 2 2 3 2 1 2 3 2 2 1 2 2 5 4 0 1 3 4 2 2 1 2 0 1 3 2 1 5 2 3 1 1 2 0 4 2 1 3 3 0 3 1 2 1 0 4 0 2 2 0 3 5 6 1 1 3 2 2 1 1 3 0 2 3 1 2 2 1 3 0 2 2 0 2 1 4 2 0 5 3 3 4 3 3 1 0 1 1 2 2 3 1 2 3 4 5 1 1 2 0 2 0 1 1 5 5 0 2 1 1 1 2 3 1 4 0 1 0 2 3 1 2 3 4 0 2 1 2 3 3 2 1 1 1 2 3 1 1 0 0 2 4 2 5 0 1 2 3 1 4 4 1 3 1 3 1 1 5 0 0 0 0 1 3 1 1 0 1 3 2 6 3 0 1 1 0 4 3 0 3 2 2 1 2 0 1 3 3 1 0 1 3 4 0 2 0 1 0 3 1 3 2 1 2 3 2 3 2 2 0 1 1 2 3 0 5 3 3 2 1 1 1 3 2 1 1 3 1 4 1 1 3 3 5 2 2 3 1 2 2 0 3 1 1 2 3 4 0 1 3 2 0 2 3 1 2 1 4 0 1 5 2 3 1 1 1 3 0 4 3 3 1 0 1 2 2 5 1 2 2 2 2 1 1 3 4 3 3 1 3 3 3 0 0 1 2 5 3 2 0 2 4 1 0 2 2 4 3 1 2 0 1 2 3 1 2 3 2 2 5 1 3 2 0 5 2 0 4 2 1 0 2 2 1 1 2 0 0 2 1 1 0 1 7 5 1 1 1 2 1 1 3 1 2 1 4 1 1 1 3 2 5 5 1 1 2 5 2 4 2 3 3 2 1 2 0 3 1 0 1 2 3 2 1 2 6 2 3 1 4 1 2 1 3 1 1 0 2 4 1 2 2 0 3 3 1 3 1 2 3 2 1 1 1 0 3 1 2 0 2 2 3 1 1 1 2 4 1 1 2 1 1 0 4 4 2 2 3 2 2 1 2 1 4 4 1 3 0 1 3 3 2 2 0 2 3 4 1 4 0 0 3 3 5 1 2 0 2 2 2 1 1 1 0 3 3 3 3 4 1 3 3 0 0 1 2 2 1 6 2 3 2 0 0 3 0 4 2 2 6 3 3 2 0 1 1 2 3 0 3 3 1 1 2 1 1 3 4 2 3 0 1 2 0 1 1 4 3 1 0 1 2 0 0 2 1 3 3 3 4 3 0 3 0 2 2 2 2 3 1 4 4 0 5 0 0 2 4 0 2 2 0 1 3 4 3 2 3 5 0 5 0 1 5 1 2 3 3 1 2 2 3 4 2 1 1 0 3 3 2 2 3 1 1 2 1 1 2 1 2 6 3 0 2 3 2 3 0 1 2 1 0 5 4 3 1 3 2 3 1 0 5 1 2 3 4 2 2 3 2 0 2 0 5 4 2 1 2 1 0 3 1 1 2 0 1 1 1 1 2 1 0 4 2 1 2 3 1 0 3 1 0 2 3 5 3 2 2 2 2 1 1 2 0 3 1 1 2 4 2 4 2 2 3 3 3 1 0 3 2 1 1 3 2 1 2 1 1 2 3 5 4 0 0 0 1 2 1 4 3 2 0 0 3 3 2 3 0 1 3 2 4 0 1 1 2 2 0 3 1 3 1 2 1 1 0 2 2 3 3 1 3 2 2 1 2 5 2 0 1 1 0 2 3 2 1 1 2 1 2 2 1 2 1 0 6 0 5 2 1 2 3 1 3 1 3 4 2 1 4 1 1 3 1 0 3 1 1 0 2 0 1 0 4 4 2 4 1 2 3 2 2 1 2 4 4 0 1 0 1 2 4 3 1 0 2 2 1 1 3 5 1 2 3 5 2 4 0 1 0 2 3 3 2 2 2 3 3 0 3 3 1 0 1 1 2 3 2 0 1 2 3 1 3 2 2 0 2 2 2 1 4 1 2 1 2 5 2 3 0 1 1 1 3 1 1 0 2 1 2 4 2 2 3 3 3 2 1 2 2 0 0 4 0 3 0 1 0 6 3 3 1 2 3 3 1 1 2 2 3 2 1 0 2 1 5 1 2 4 3 1 1 2 2 1 2 3 0 3 2 2 1 5 3 0 1 1 4 1 3 1 2 3 2 3 2 0 3 2 0 0 3 1 1 1 3 0 1 2 2 5 2 1 2 0 1 0 4 0 2 1 2 0 3 0 2 2 2 2 0 3 2 1 2 5 2 1 3 2 0 2 1 3 2 1 1 3 2 2 3 2 2 1 2 2 4 1 3 1 2 4 2 2 1 1 1 4 0 3 1 1 1 0 3 3 0 2 2 0 1 2 5 2 1 1 1 0 2 3 3 0 1 2 2 2 2 4 1 1 2 3 1 2 0 3 3 3 2 3 4 0 1 1 4 5 1 2 2 0 0 5 3 3 2 3 1 1 1 1 8 2 3 4 2 0 0 1 1 0 4 1 2 3 2 4 2 3 3 1 0 3 1 3 2 0 2 2 3 2 4 4 4 2 1 2 3 1 0 0 2 0 2 2 5 2 0 1 2 3 3 0 4 1 2 5 3 5 2 2 6 1 3 4 2 0 4 2 0 1 0 0 1 2 4 1 5 3 1 4 0 4 2 0 3 1 2 2 3 1 1 3 2 2 4 2 1 0 3 0 4 6 1 0 2 4 3 1 3 2 4 1 2 2 1 0 2 3 3 2 1 2 1 2 1 2 3 3 3 3 5 1 3 4 1 1 2 3 1 1 2 2 1 4 2 2 4 1 3 5 0 1 2 0 2 2 1 0 3 2 2 1 3 5 2 2 2 2 2 2 2 1 4 2 2 1 3 0 3 2 1 2 2 0 2 2 0 1 1 4 0 3 1 1 1 0 0 2 1 2 3 1 2 2 2 3 4 0 4 2 4 0 4 0 2 0 2 1 3 1 0 2 1 2 0 3 2 2 1 2 4 2 2 1 3 2 1 3 1 1 0 0 1 1 2 2 0 2 2 2 4 2 1 1 2 1 2 2 2 3 1 1 2 0 1 3 1 1 1 5 4 2 2 5 2 1 1 7 1 2 5 1 1 2 2 2 4 1 1 1 2 2 1 1 1 1 2 0 3 3 3 0 4 4 1 2 2 0 1 2 1 0 3 2 2 2 3 1 1 3 1 1 1 4 1 0 1 2 3 4 2 2 4 0 5 1 1 2 2 1 2 1 3 1 3 1 4 4 0 2 3 1 0 3 2 3 1 2 2 4 1 4 1 2 1 2 1 2 2 2 4 1 5 0 2 4 2 3 3 3 3 1 2 2 4 2 1 1 2 4 3 1 1 3 1 2 2 3 1 1 1 1 2 4 4 1 2 3 0 2 1 2 3 1 2 2 2 2 4 3 3 0 2 0 4 1 1 2 3 2 5 4 0 1 2 0 2 1 2 2 1 4 5 2 4 2 4 2 1 1 2 5 1 0 4 3 3 4 0 3 2 0 3 1 1 3 1 2 1 1 1 0 0 2 1 1 1 1 0 2 3 0 2 5 1 0 2 2 3 4 3 5 1 2 6 1 1 3 2 3 3 2 4 1 2 0 5 2 2 3 0 3 4 6 0 3 1 1 1 3 3 4 5 0 3 1 2 2 0 1 1 0 0 0 5 1 1 6 2 5 2 1 1 7 3 1 0 1 2 3 3 1 0 3 1 1 1 0 4 2 2 6 2 0 2 0 2 1 1 4 2 2 0 3 3 3 3 1 0 3 1 2 2 2 2 0 4 4 0 1 2 2 1 1 4 0 5 1 3 0 0 0 3 3 2 2 1 2 3 0 1 2 2 3 1 2 2 2 3 1 3 5 0 3 6 6 4 0 0 3 2 3 3 3 3 2 3 1 3 1 1 4 1 3 0 2 1 2 0 2 4 2 4 2 3 0 4 2 2 2 0 1 3 2 1 2 3 2 3 3 2 1 0 3 2 4 1 2 3 2 1 2 2 2 2 1 1 2 3 2 1 2 3 3 1 1 2 3 3 2 1 4 3 3 1 1 2 3 0 0 4 5 1 0 2 2 1 1 3 2 2 2 3 3 2 0 3 3 3 4 3 0 2 0 3 0 2 1 1 7 1 3 0 1 1 2 0 1 2 2 1 2 3 3 1 1 2 1 2 0 3 2 3 2 3 1 3 0 5 1 2 3 1 2 2 4 2 5 0 0 1 2 1 0 0 3 4 2 2 3 0 2 1 0 2 1 2 2 2 2 0 1 2 3 3 3 0 4 2 1 5 1 2 2 1 1 1 2 4 0 2 1 3 3 2 2 5 4 1 1 0 1 3 3 2 0 2 1 3 3 0 3 3 2 2 2 2 0 2 0 0 3 6 2 2 2 3 1 4 0 2 3 1 0 1 4 2 3 3 0 5 2 1 1 3 1 3 2 2 3 3 2 1 4 0 2 0 0 2 2 3 3 3 2 0 1 0 5 1 4 3 1 2 2 3 1 1 1 1 1 4 2 1 2 1 1 3 0 2 3 0 3 2 4 2 1 0 4 2 0 4 3 1 0 1 3 3 3 2 4 2 1 2 3 1 3 5 1 1 5 0 2 5 3 3 0 0 3 2 0 1 2 1 3 4 0 1 3 3 2 1 2 2 1 1 4 0 3 3 1 1 1 3 2 2 3 1 1 2 3 3 0 4 3 0 3 1 4 1 1 0 5 0 1 1 1 3 2 0 4 2 2 2 2 2 1 3 1 2 1 5 3 0 2 0 4 6 0 1 1 1 3 2 3 0 0 3 2 1 1 4 1 1 3 2 2 1 3 5 1 2 1 0 0 1 2 3 2 1 0 1 1 2 2 3 2 3 2 3 2 2 4 2 1 1 5 2 0 3 4 1 1 2 1 0 4 1 4 5 2 3 3 3 1 2 0 4 6 2 0 1 3 0 1 3 1 1 4 2 1 0 1 1 2 2 1 3 1 6 3 1 3 3 1 1 1 0 1 3 1 0 1 1 0 5 0 0 4 5 2 0 1 2 4 3 5 5 0 2 4 2 0 0 2 2 3 2 3 1 4 2 4 4 3 3 5 0 0 1 3 3 2 6 1 1 1 2 3 2 2 0 1 3 3 2 1 1 3 2 1 3 5 1 2 1 1 4 2 2 3 2 1 1 0 3 5 1 0 2 5 1 2 4 2 0 2 1 2 4 1 2 4 2 6 2 3 2 1 1 2 0 0 2 3 0 3 0 1 3 2 1 3 2 2 2 2 0 4 4 4 4 2 1 1 1 0 3 1 5 3 1 4 3 1 1 0 2 1 3 4 3 1 4 0 2 1 1 4 4 3 0 2 1 1 1 2 1 1 3 3 1 1 3 3 1 7 3 1 0 2 4 1 0 1 3 1 3 2 2 1 2 1 2 1 5 2 0 3 0 3 2 1 1 1 3 2 2 2 1 0 4 0 0 3 2 2 3 1 4 4 1 4 2 1 2 2 0 1 4 2 2 1 1 1 2 1 4 3 0 2 4 5 0 2 4 1 2 3 1 1 5 1 0 1 1 3 1 3 3 1 4 2 2 3 3 0 5 3 1 2 2 2 3 4 3 2 1 2 1 2 2 2 2 2 4 5 3 1 1 1 3 2 2 2 4 4 0 3 2 0 1 1 2 0 3 2 1 2 2 1 3 1 1 2 1 1 3 1 0 0 4 1 2 3 3 2 4 2 0 1 2 1 3 3 3 1 2 2 2 2 1 2 3 5 0 1 1 4 4 1 3 1 3 1 2 0 3 2 4 2 1 1 1 4 1 4 1 2 1 0 3 1 3 3 2 2 4 3 2 2 0 2 4 0 3 2 1 2 1 0 2 4 1 3 4 3 3 1 3 1 1 3 2 3 2 1 1 3 1 1 2 0 2 4 1 2 1 3 1 4 3 2 2 2 0 3 2 1 0 1 5 1 0 0 2 2 2 3 6 1 1 2 3 3 1 2 1 1 2 2 2 2 1 1 0 2 1 3 1 5 2 0 2 3 4 2 3 2 1 3 4 2 1 2 2 3 1 1 2 1 1 0 1 2 5 0 0 1 2 1 1 1 6 1 2 2 0 1 1 3 3 4 3 2 1 0 2 2 0 1 2 2 3 4 3 2 1 2 2 6 4 1 1 4 3 0 1 0 1 0 1 4 2 1 1 4 3 2 1 1 2 1 1 4 2 2 1 5 2 1 0 3 0 2 1 2 2 2 1 2 2 3 5 1 2 1 1 1 0 2 0 1 2 4 2 2 3 4 1 1 2 4 1 1 6 1 0 2 2 2 3 4 1 1 2 2 1 2 0 4 0 4 2 0 4 1 2 2 2 1 4 3 2 4 3 2 4 1 2 3 1 0 3 0 1 3 2 2 1 2 3 0 0 2 3 0 2 2 1 1 2 3 1 4 3 2 2 1 1 1 2 3 2 4 2 2 0 2 4 1 0 3 3 2 2 4 2 1 0 1 3 3 1 0 2 1 1 1 1 2 2 3 1 0 4 3 1 2 1 3 0 0 2 2 2 3 3 0 0 1 2 1 4 1 4 1 1 0 3 2 3 4 1 3 0 2 2 7 1 0 3 3 4 0 3 3 3 2 4 3 1 1 1 0 2 2 1 4 2 4 0 1 4 1 2 0 1 0 0 3 0 0 0 0 2 3 1 2 2 3 0 2 1 6 2 1 1 3 1 1 1 1 0 2 0 4 5 4 2 2 5 0 2 2 2 1 4 2 1 3 0 4 4 0 3 1 1 1 2 2 3 3 2 1 1 2 6 4 0 1 1 2 3 3 3 2 3 1 3 3 0 1 3 2 0 0 1 2 3 4 2 0 2 1 4 1 2 3 1 0 1 3 2 3 3 1 0 2 4 1 2 0 1 1 2 2 3 3 4 2 0 2 2 4 1 0 4 2 0 3 3 2 1 3 1 1 0 1 1 2 3 3 2 1 4 3 1 2 4 0 1 1 4 2 5 1 2 0 6 1 1 2 1 1 1 2 3 0 3 2 3 0 2 1 3 0 0 5 3 2 2 0 2 3 1 1 3 3 1 3 2 0 2 3 0 4 5 4 3 1 1 0 5 0 3 4 4 4 1 5 4 2 1 4 2 0 2 3 2 4 1 3 2 0 3 3 5 1 2 1 1 1 1 2 1 3 1 3 1 1 2 3 1 2 3 1 2 1 3 1 6 2 1 2 1 0 1 1 4 0 2 2 1 1 5 2 4 4 0 0 4 4 0 2 5 3 2 1 2 1 3 2 1 2 1 1 1 1 2 1 3 3 2 1 5 2 2 2 3 2 4 3 1 2 1 0 1 1 0 4 3 4 1 0 3 0 4 1 1 0 3 2 1 3 3 4 2 1 5 2 2 1 1 2 2 1 4 0 6 2 1 2 3 0 2 2 2 1 2 3 3 3 0 3 5 0 3 3 0 0 4 3 2 5 1 1 3 1 3 1 1 1 1 1 0 3 2 0 0 2 0 0 0 5 2 3 0 1 3 1 1 0 1 3 6 1 2 4 1 1 1 3 2 2 2 3 6 1 3 0 2 0 1 6 2 2 1 0 2 1 2 2 3 2 4 1 1 0 0 3 4 2 2 2 0 3 1 0 1 2 3 7 2 1 0 1 0 4 0 3 1 2 2 1 1 2 0 1 3 2 0 4 3 3 3 1 3 0 1 2 1 1 0 5 2 3 3 0 1 1 4 2 4 3 1 1 2 1 2 1 2 1 3 0 3 2 3 2 1 6 1 3 3 1 2 3 4 0 1 3 1 2 2 0 5 3 0 1 1 1 5 1 2 0 4 1 4 1 3 2 0 2 0 3 0 0 3 3 3 5 3 0 2 1 2 1 1 0 3 1 1 0 4 3 4 3 1 2 3 1 3 5 1 1 2 3 3 1 4 2 1 5 2 1 3 3 1 1 1 1 1 2 5 3 4 2 2 1 2 5 1 2 4 2 0 1 2 2 0 3 2 3 2 3 3 3 1 1 1 5 2 1 1 4 2 1 3 2 2 3 2 2 2 3 0 2 1 0 0 3 2 3 1 2 0 2 6 2 3 3 1 1 1 0 0 1 0 2 2 2 2 3 1 2 1 4 3 2 1 3 2 3 0 2 0 4 2 0 2 2 2 2 2 2 1 2 2 1 2 3 2 0 2 1 2 0 2 2 2 2 5 4 2 4 1 1 1 1 1 1 0 5 2 0 0 0 3 2 1 3 2 1 3 2 2 1 3 0 2 2 3 2 2 2 3 1 2 2 4 2 3 2 0 1 1 0 0 5 1 2 3 3 3 4 0 3 1 1 2 0 4 5 2 0 1 0 2 1 1 1 5 2 2 2 1 2 1 0 4 0 3 4 4 1 5 1 2 2 0 1 0 0 1 3 1 1 3 4 1 2 3 0 2 2 0 7 5 4 2 1 2 2 3 1 5 3 3 0 6 3 4 0 2 1 2 0 4 1 1 1 2 3 1 1 4 2 1 3 4 1 2 2 2 0 3 5 2 2 1 3 1 0 0 2 6 2 3 1 3 1 3 2 1 1 2 3 1 1 1 2 3 2 2 1 2 1 4 1 0 0 3 1 2 5 2 1 1 2 2 3 5 0 1 2 2 1 1 1 3 2 4 2 1 1 2 6 0 0 4 3 2 1 0 4 3 1 2 2 2 1 0 3 3 4 4 2 1 1 2 2 3 2 0 1 4 2 1 1 2 4 2 2 5 0 3 1 3 0 1 2 0 1 4 0 1 2 1 1 1 2 1 2 4 5 2 1 0 2 2 5 0 2 4 2 3 3 1 0 0 0 1 2 3 5 1 2 2 2 2 3 0 1 1 0 4 2 3 0 1 3 2 1 1 2 3 2 1 4 5 4 2 0 2 0 2 0 0 1 1 1 5 0 2 3 1 3 0 2 4 0 0 3 3 3 2 0 0 3 2 2 2 4 3 2 2 0 0 1 3 2 2 2 2 2 1 3 0 2 0 4 0 0 3 5 3 3 3 1 2 1 1 3 1 0 3 3 3 4 0 2 3 2 1 2 1 2 2 2 1 2 2 1 3 3 0 3 1 2 2 3 3 2 2 1 0 3 4 1 5 2 2 3 1 0 1 3 1 3 0 1 3 3 4 4 2 3 1 0 3 1 1 1 2 3 1 4 2 3 2 2 2 4 0 2 1 0 4 2 0 1 3 3 5 1 1 1 1 1 2 3 2 2 4 0 1 3 1 1 0 5 2 4 2 3 0 5 1 1 1 1 4 1 2 1 1 3 0 2 3 0 1 2 0 2 0 1 0 2 3 3 0 4 1 2 1 4 0 1 2 2 0 1 2 3 3 1 1 0 2 2 3 3 0 4 4 3 1 2 1 0 3 4 2 2 2 1 2 0 2 7 2 1 1 0 3 1 2 3 1 1 7 1 1 3 2 2 4 0 1 4 0 2 1 1 2 2 1 1 1 3 2 2 0 0 2 1 2 2 1 2 4 1 1 1 1 2 1 1 5 2 2 0 0 0 1 4 2 4 5 1 3 5 1 1 3 2 2 1 0 2 3 1 1 1 1 1 3 3 1 1 1 0 2 3 4 0 2 3 3 2 2 3 3 0 4 4 0 1 1 2 3 0 1 1 0 1 2 1 2 1 3 3 3 5 0 1 0 2 2 1 2 4 4 1 0 2 2 1 4 3 2 2 0 1 4 0 4 0 1 3 3 1 3 3 1 0 1 5 0 0 0 2 1 0 2 3 0 4 3 5 5 1 0 1 0 2 1 4 4 1 1 5 3 2 4 3 4 2 1 4 3 1 0 1 2 2 2 2 1 4 3 2 2 0 2 1 1 3 2 1 1 3 0 6 1 3 0 1 0 1 1 5 3 1 3 2 2 1 4 3 0 2 1 3 0 0 3 3 0 2 2 1 0 3 3 0 2 1 1 4 2 2 1 2 2 0 2 0 6 3 1 3 4 1 1 3 2 0 1 2 2 0 4 3 1 1 5 3 2 1 0 0 4 1 3 4 0 2 1 1 3 3 3 2 4 1 2 0 2 1 4 2 3 3 2 2 2 0 2 3 1 2 1 1 5 1 2 4 2 1 3 1 0 0 1 3 2 1 1 3 2 2 3 3 1 1 1 2 2 1 2 2 1 0 2 1 4 0 3 3 2 2 1 2 2 0 1 3 1 5 3 2 3 1 1 2 1 3 0 4 2 4 1 3 4 1 1 2 2 1 3 2 5 2 4 1 2 0 1 2 4 2 3 2 1 1 1 2 3 2 1 0 3 4 1 2 1 3 2 0 3 2 2 3 3 0 2 1 1 2 0 4 1 1 1 0 2 1 3 4 3 4 1 2 3 0 2 1 3 2 1 1 0 1 1 4 0 2 2 4 0 2 2 2 1 0 5 1 1 4 3 0 4 1 0 3 1 4 2 0 3 1 3 1 1 4 2 3 1 1 3 1 2 2 0 4 2 2 2 0 1 1 1 2 2 3 1 2 2 3 1 3 1 2 3 1 2 2 0 1 1 0 2 0 2 1 6 1 2 0 2 1 0 1 3 1 0 1 3 1 3 3 2 3 1 2 2 2 1 2 4 2 1 0 5 0 4 2 0 4 6 2 3 3 2 2 1 2 4 3 2 2 0 5 2 1 3 1 1 0 2 4 1 2 1 2 1 0 2 1 4 2 3 3 1 3 3 2 3 2 1 2 1 2 3 2 2 2 1 1 3 0 2 1 3 3 2 1 2 2 4 1 1 5 1 1 1 1 2 4 0 0 0 4 2 1 2 2 3 2 1 4 1 4 1 1 3 1 3 3 4 1 3 2 3 2 0 1 0 2 4 2 1 1 4 4 3 0 3 2 3 1 5 1 4 3 0 3 0 0 1 0 1 1 1 4 1 0 3 7 6 1 3 0 2 3 1 2 1 3 1 0 1 2 4 1 3 1 4 3 2 1 2 3 1 2 2 2 1 2 2 3 1 2 0 2 1 1 1 1 2 3 2 2 2 4 1 3 2 3 5 3 1 2 0 1 2 3 0 1 2 2 2 3 2 2 0 1 4 2 1 3 1 0 3 1 1 0 1 2 2 0 3 4 1 3 2 2 1 2 1 2 2 2 1 1 7 3 2 1 0 3 0 4 2 4 1 2 1 2 1 2 1 1 2 1 2 2 4 2 0 2 3 4 0 0 1 0 2 5 3 1 2 2 3 2 3 2 4 1 2 4 1 1 2 4 4 2 2 1 1 3 3 2 6 1 2 0 3 1 1 1 0 5 2 1 5 2 2 5 0 3 3 3 4 3 1 2 2 0 1 0 2 2 3 2 2 3 2 1 2 0 2 1 2 1 1 0 0 1 2 2 2 1 2 3 3 3 2 0 2 3 2 0 2 1 3 2 2 3 1 4 2 6 2 2 2 0 2 1 2 1 3 4 3 1 2 2 4 2 1 4 3 0 3 0 1 2 2 4 4 6 1 1 0 4 0 5 0 5 1 1 1 2 1 1 2 2 0 3 2 4 2 2 0 1 1 3 2 0 3 3 4 2 2 3 2 1 2 0 1 1 2 0 1 2 2 2 1 3 3 2 0 1 2 3 0 6 2 0 3 3 2 2 0 0 0 2 2 3 0 5 0 3 1 2 0 3 3 2 1 2 1 2 2 3 1 1 1 2 0 0 6 0 1 1 2 0 2 2 6 2 1 1 3 2 0 4 1 2 1 2 2 1 1 2 1 2 6 1 3 1 4 2 1 2 5 2 2 4 1 1 0 2 3 1 5 2 1 4 1 2 3 1 2 2 2 0 1 0 2 2 1 3 2 1 1 2 1 1 1 1 3 1 3 2 2 2 0 3 0 3 2 2 3 3 3 3 2 1 1 2 1 2 2 2 4 2 1 3 0 2 3 3 1 3 0 2 2 3 6 1 0 1 3 3 2 3 1 2 0 3 1 1 3 0 2 1 0 2 6 1 0 0 1 1 3 3 3 6 3 3 0 2 4 1 2 1 2 2 2 0 1 0 3 2 2 2 1 2 0 3 1 3 2 2 2 4 1 5 1 0 5 2 3 1 1 2 0 3 1 3 2 2 2 2 2 0 6 2 1 5 1 1 3 3 1 1 1 0 4 0 3 3 0 2 3 3 5 2 0 0 4 5 2 0 4 0 3 4 0 0 1 1 1 1 3 1 2 3 1 3 1 4 3 2 2 3 2 1 4 1 2 3 3 3 3 2 1 1 2 0 4 1 2 1 4 2 0 2 1 1 2 2 3 1 2 1 2 3 4 1 3 1 3 1 1 3 3 0 4 3 5 2 1 1 2 2 4 3 2 3 3 1 0 1 0 4 2 3 1 2 1 3 3 1 2 2 0 1 3 6 0 4 1 0 2 0 1 2 1 1 4 4 0 1 2 0 3 2 5 2 3 2 2 1 4 4 0 1 2 1 2 1 2 2 1 3 0 1 2 1 1 3 1 4 0 4 1 3 4 3 1 1 3 2 2 0 1 3 2 2 3 5 1 4 2 2 0 0 3 2 3 2 2 0 1 0 1 2 5 4 2 3 2 1 0 4 2 1 5 2 4 1 3 2 4 0 2 1 2 0 3 1 3 2 1 0 2 4 0 1 3 5 2 2 1 2 1 0 2 3 4 4 4 1 2 2 6 5 2 2 0 3 1 0 3 3 3 2 2 2 3 1 0 1 3 2 1 2 3 0 3 1 1 6 4 0 1 0 2 1 0 1 4 2 2 0 1 0 1 2 2 2 2 4 0 5 0 3 1 2 6 1 1 1 1 0 1 1 1 2 2 1 1 3 2 1 1 1 0 3 3 0 2 1 2 4 2 3 0 3 3 3 0 1 3 1 1 2 1 2 0 3 4 2 0 1 1 1 2 4 2 1 2 2 3 1 2 1 2 4 0 0 1 0 3 3 3 3 2 4 1 1 1 3 5 4 1 3 2 2 4 1 3 5 2 3 1 2 0 2 0 2 1 3 4 4 1 4 3 1 4 2 4 2 0 1 1 4 1 1 3 1 0 3 1 3 1 1 3 3 3 2 1 3 2 2 2 0 3 1 1 3 3 3 1 1 1 3 4 3 2 1 2 3 0 6 1 1 0 2 2 4 2 2 3 2 4 0 1 4 5 1 0 3 2 1 0 3 2 2 2 0 1 2 2 0 2 4 2 1 3 1 2 5 1 2 2 2 3 0 3 1 0 0 1 1 5 0 3 0 1 2 2 2 1 0 3 2 1 3 4 0 0 1 1 1 1 4 3 1 0 4 5 0 1 2 0 2 2 3 2 1 0 3 1 1 2 3 2 2 1 4 0 2 1 2 4 3 4 3 1 2 2 2 2 2 1 1 1 2 1 5 2 0 0 2 5 0 2 4 4 0 2 2 2 2 2 1 3 1 1 1 3 1 2 2 1 0 5 1 1 0 3 1 1 0 1 1 4 3 3 2 2 0 1 4 4 1 3 5 1 0 3 2 0 1 0 5 1 3 1 1 0 2 3 5 3 3 1 4 1 4 1 2 3 4 3 1 1 0 0 3 1 1 2 2 2 3 1 1 4 1 0 4 2 1 3 1 1 3 1 1 1 4 1 0 2 2 4 2 5 0 2 1 1 2 3 1 2 4 3 2 1 0 0 3 1 3 2 1 4 2 2 2 0 1 6 4 1 1 0 4 2 3 0 1 0 0 4 2 1 1 1 3 2 4 2 0 2 3 4 4 4 1 2 3 3 3 2 1 0 0 2 1 3 3 5 5 1 2 1 2 1 1 1 2 1 1 3 2 2 0 4 1 3 0 1 5 2 1 3 3 4 2 0 1 2 1 3 3 1 1 5 3 0 4 2 1 3 1 2 0 0 3 4 3 1 3 4 0 3 1 0 1 0 1 5 3 3 5 0 5 0 0 3 1 0 2 3 2 1 2 0 1 3 1 0 2 4 3 5 2 1 3 4 0 2 0 2 3 1 3 6 3 2 1 2 0 1 0 2 2 2 0 4 0 2 1 3 0 1 2 7 2 1 3 3 5 0 2 0 2 3 2 3 0 5 1 1 0 3 2 2 1 1 4 2 2 5 1 2 2 1 1 2 5 3 2 1 3 1 1 2 2 2 1 1 2 2 1 1 3 4 3 1 0 0 1 4 2 3 3 0 1 3 3 5 4 1 1 0 0 1 1 3 2 3 3 4 4 1 1 1 1 3 4 1 3 2 2 0 2 3 2 2 4 2 1 5 1 2 0 2 2 4 4 3 2 2 2 3 1 0 1 1 2 1 0 1 2 1 5 2 1 0 2 0 3 1 3 2 1 0 0 4 2 1 2 2 4 1 0 1 3 2 4 5 1 1 1 1 2 2 1 3 1 3 1 3 4 2 1 2 2 1 2 1 4 1 4 3 4 1 0 0 2 2 2 1 1 2 0 0 6 2 2 0 6 3 3 3 1 1 1 1 2 0 5 2 1 0 1 2 3 5 3 1 3 4 1 3 1 4 5 1 5 3 2 1 3 3 0 1 2 0 4 1 2 1 3 1 0 3 4 2 3 5 0 0 3 2 2 0 1 1 4 1 2 2 1 4 2 5 5 1 2 2 1 3 1 1 0 0 5 2 4 1 1 1 0 1 0 1 0 5 2 4 2 4 4 1 0 5 2 0 0 1 4 2 3 1 0 4 1 2 2 1 2 1 6 1 2 0 0 1 6 3 3 2 5 1 3 1 2 1 0 1 0 1 3 1 2 2 0 1 1 3 4 2 1 3 1 2 1 0 2 3 3 2 3 3 2 3 2 3 1 1 4 2 2 3 1 2 3 1 1 3 4 2 3 2 2 2 2 5 3 1 2 1 2 4 7 2 0 0 3 2 2 0 5 2 4 1 3 2 1 1 2 1 4 5 0 2 1 0 1 1 2 0 1 3 4 2 3 2 4 2 1 0 4 2 1 1 3 3 1 2 3 3 2 0 1 2 3 3 2 2 1 1 2 2 3 1 1 1 2 2 0 4 2 3 0 3 2 1 3 0 1 4 3 2 2 3 1 5 0 1 1 1 2 0 2 3 4 0 2 2 2 4 2 2 1 0 5 1 1 2 2 1 2 2 0 3 3 2 2 1 3 2 0 1 3 0 4 1 2 1 3 1 0 4 1 1 5 1 2 1 0 2 1 3 1 2 5 2 2 1 3 3 2 3 1 2 0 1 2 4 1 1 2 0 3 4 3 3 4 3 1 0 2 2 3 2 3 1 5 2 5 0 1 1 1 1 0 1 1 2 2 0 2 4 0 0 4 1 2 2 3 2 2 3 0 0 1 2 2 2 3 1 0 3 2 1 5 2 0 1 4 3 3 2 2 2 3 0 2 2 3 2 1 3 1 2 3 4 2 3 4 1 2 3 2 2 1 2 4 0 1 2 1 5 0 3 5 2 3 2 2 2 2 0 4 2 3 4 6 1 1 1 1 3 2 2 4 1 1 1 2 3 1 3 2 0 6 4 1 1 1 4 2 2 1 1 0 3 1 2 2 3 0 4 1 1 3 2 2 1 2 3 1 4 1 2 1 0 1 0 3 1 1 1 3 1 1 1 1 3 1 5 3 1 1 2 2 1 4 2 0 2 0 4 1 0 1 1 3 2 5 1 3 0 2 1 0 3 3 3 2 3 2 2 2 3 3 2 1 2 1 2 3 2 4 1 3 1 3 0 4 0 2 5 2 2 4 3 0 1 3 2 2 2 2 3 2 1 2 2 3 3 1 0 0 0 3 4 3 1 2 0 2 1 2 1 3 2 3 4 3 0 1 4 1 2 2 1 1 1 4 2 2 4 2 3 2 3 3 2 4 3 4 1 2 4 1 0 3 1 3 2 1 1 1 2 1 1 2 3 2 1 2 3 3 2 3 2 1 2 3 2 2 0 3 2 0 5 2 1 4 3 1 1 0 2 4 6 2 2 6 4 3 2 5 0 1 1 3 3 1 1 0 1 0 2 2 2 1 2 1 1 2 2 5 1 1 1 1 4 2 4 1 3 1 3 0 1 5 0 2 2 1 1 1 3 4 0 2 2 2 4 4 0 1 3 1 2 1 2 3 2 2 1 3 3 4 1 2 1 2 4 4 0 1 1 1 4 3 1 0 1 3 1 2 2 2 3 2 3 0 3 0 2 1 3 3 2 2 3 3 5 2 4 1 2 3 3 3 4 0 2 3 3 4 1 1 3 2 0 2 5 2 5 3 1 0 0 1 2 1 1 1 3 2 0 3 3 5 0 2 2 1 0 4 3 2 4 4 3 1 1 3 2 5 1 2 1 2 2 3 2 0 0 1 2 1 2 2 4 4 1 2 2 4 2 1 1 3 3 1 5 1 2 3 1 1 2 1 2 3 2 2 2 2 2 2 2 1 1 2 2 1 3 2 0 2 2 0 0 3 7 1 1 2 2 1 2 0 0 2 2 2 2 3 3 3 2 1 2 3 1 3 2 6 1 2 5 2 2 0 6 1 0 1 3 4 0 1 2 4 1 0 2 2 2 0 1 1 1 4 1 4 2 0 3 1 1 3 6 2 2 2 4 0 0 1 3 1 1 1 3 3 2 1 3 3 2 1 2 4 3 3 1 0 0 5 1 3 2 1 1 2 3 4 1 6 3 1 0 0 1 0 3 2 2 1 1 3 4 2 1 3 2 1 1 4 0 4 2 1 2 2 2 4 3 1 1 1 2 2 3 1 4 2 1 0 3 0 1 1 0 2 2 2 3 2 3 0 4 5 1 2 0 4 2 1 2 2 0 2 2 2 3 1 5 2 0 0 1 5 2 3 2 2 7 1 2 1 1 2 2 0 0 4 1 2 2 2 1 1 2 1 3 0 5 1 1 1 2 1 6 3 0 1 3 4 5 1 0 2 0 3 1 3 1 3 0 1 0 0 0 2 3 2 2 1 2 1 3 2 2 2 1 2 1 3 4 1 4 1 2 1 3 0 1 0 1 2 4 4 4 1 0 3 1 3 1 3 1 1 1 2 5 0 3 2 2 3 2 1 3 0 1 1 2 0 1 1 1 2 0 1 0 4 2 4 6 3 0 1 2 2 4 2 1 1 1 2 3 0 2 2 2 2 1 0 1 1 2 5 2 1 2 2 0 1 2 4 1 2 3 2 3 1 2 1 3 3 2 2 2 2 2 1 1 3 3 3 3 1 1 2 1 2 1 2 4 1 1 2 2 0 2 1 2 1 2 2 1 4 3 4 2 3 0 3 4 3 3 3 2 3 2 1 3 0 2 0 2 0 1 3 4 5 3 0 2 3 4 2 1 1 0 1 3 5 0 2 2 4 3 2 3 2 1 3 2 0 2 0 3 1 0 3 3 3 2 1 4 5 3 2 0 2 3 1 2 1 3 0 2 1 4 1 4 1 5 2 2 1 4 0 1 3 1 0 1 2 4 3 5 2 0 0 2 2 1 2 2 4 4 1 1 0 1 4 1 6 1 3 4 2 2 5 0 2 1 0 0 1 4 3 5 0 2 0 4 1 1 2 1 1 2 2 3 1 1 4 4 0 5 3 1 3 2 0 1 0 1 1 0 2 1 2 0 4 1 2 2 2 3 3 2 3 2 1 1 0 2 0 1 2 6 2 4 5 4 2 0 3 2 4 5 2 1 4 2 3 3 2 2 2 1 2 1 1 1 0 3 3 2 2 4 1 1 1 0 3 1 3 0 3 3 2 0 1 1 2 1 1 3 2 3 2 1 2 1 3 2 4 0 2 4 3 1 3 2 4 3 1 3 2 0 2 2 4 2 4 2 4 1 2 1 2 2 1 3 2 0 2 0 2 0 1 0 3 2 4 5 3 3 1 1 0 1 3 1 0 1 3 2 3 2 1 7 2 0 0 3 0 1 4 4 3 4 1 3 1 5 1 1 2 3 4 1 3 7 2 1 0 2 2 2 1 1 1 0 3 1 0 3 4 4 6 0 2 2 1 2 2 2 3 2 0 2 2 0 1 4 4 0 2 1 1 3 1 2 1 2 1 1 3 3 2 1 1 3 3 5 4 1 4 3 2 1 3 6 1 1 4 1 3 4 1 1 2 0 2 4 4 1 2 2 1 1 4 3 4 1 2 2 0 3 2 2 2 1 2 1 2 3 2 3 3 5 2 1 3 1 0 2 4 3 1 1 3 6 2 2 2 0 1 2 1 1 2 0 2 2 3 2 3 1 2 1 0 3 1 3 2 3 1 1 2 2 2 1 4 2 3 1 3 1 1 1 0 0 2 2 2 1 1 5 1 1 7 1 2 3 1 1 2 1 3 1 2 1 3 2 1 1 1 4 3 1 3 2 0 0 2 6 1 1 3 2 1 3 3 1 2 1 0 2 3 2 5 2 0 1 2 1 3 3 4 2 9 1 0 3 0 2 2 5 2 3 2 4 2 1 1 3 0 4 1 1 2 1 2 2 3 4 5 1 4 3 1 0 4 0 3 1 1 0 1 4 1 4 0 4 2 0 1 3 2 2 1 2 3 2 2 3 4 3 3 4 2 1 0 3 3 2 1 1 1 2 2 2 4 4 1 2 2 1 3 2 4 2 2 2 3 1 3 1 0 3 3 2 0 1 2 3 2 1 2 4 1 0 2 0 0 3 0 4 2 3 1 3 0 1 3 2 5 2 1 0 2 1 1 1 3 1 2 1 1 3 2 1 3 0 2 1 1 2 3 4 3 2 2 1 2 0 1 3 1 0 3 4 2 1 4 1 5 2 4 2 2 2 3 1 0 1 0 0 2 3 2 4 4 0 3 1 2 3 0 3 0 3 3 1 0 2 2 2 1 1 0 3 0 1 2 4 4 1 4 5 2 2 0 0 3 2 2 1 2 1 4 2 4 3 5 0 1 1 4 2 2 1 4 5 2 5 3 2 0 4 0 1 3 2 4 5 1 1 0 0 4 2 3 1 3 2 6 2 1 1 3 0 2 4 2 2 2 1 1 0 5 3 1 2 1 1 1 5 1 1 1 2 4 3 4 1 2 1 1 3 0 0 3 1 3 1 1 1 1 0 0 4 2 1 1 2 0 1 0 2 1 4 2 2 2 1 1 1 0 2 1 3 2 4 0 2 0 2 2 1 0 3 1 1 2 1 2 3 2 2 2 1 0 2 0 2 1 2 0 6 1 3 3 2 1 1 2 3 2 0 1 1 4 1 0 2 2 2 3 2 2 4 1 1 3 4 2 1 2 4 0 2 3 0 3 1 3 1 0 2 1 2 5 2 0 2 1 2 2 3 3 0 2 1 6 1 3 2 2 2 0 3 2 3 2 1 2 1 0 1 4 4 1 1 3 2 3 4 4 2 1 1 3 2 3 1 1 2 3 3 0 0 4 2 0 5 1 0 4 4 3 2 0 0 2 1 2 3 2 2 1 3 1 0 2 1 2 2 1 5 2 0 3 1 3 1 2 5 2 1 0 2 1 2 2 2 1 1 2 2 2 2 2 1 1 0 5 3 0 3 0 1 1 3 5 2 1 2 2 2 3 1 0 4 3 2 4 1 0 0 1 4 2 0 0 0 2 2 1 2 6 5 1 4 2 1 0 2 3 3 3 3 1 1 2 1 1 5 3 2 1 1 1 2 2 3 0 3 2 4 4 1 0 1 3 1 1 3 0 1 2 6 2 2 2 1 2 3 0 4 1 1 2 2 0 3 4 1 2 3 0 1 1 3 1 1 1 3 3 3 2 2 2 2 0 2 3 1 0 0 2 1 2 2 0 2 5 2 1 0 2 1 2 4 3 2 1 3 1 2 1 1 3 1 4 3 0 1 2 1 2 1 3 3 1 4 1 4 3 3 2 1 0 1 0 1 1 3 3 2 2 1 5 0 1 4 1 2 4 3 2 1 4 1 0 1 1 0 0 5 1 4 3 1 2 0 4 1 3 0 1 1 2 0 2 3 2 1 5 2 1 4 2 3 3 3 1 2 0 5 2 1 4 4 3 4 0 3 4 0 1 4 4 1 1 2 3 3 0 0 2 2 1 4 3 1 2 3 3 3 3 1 2 3 4 1 1 1 3 3 2 1 3 1 2 1 2 4 0 2 3 4 2 0 2 1 3 1 2 3 1 4 1 3 1 2 3 0 2 3 2 4 5 3 2 2 2 3 1 0 2 1 4 2 3 1 1 0 2 5 2 1 2 4 3 1 3 0 2 5 4 4 2 0 2 1 1 2 2 1 2 2 5 2 3 0 2 2 4 3 2 1 4 4 2 0 2 1 1 0 0 4 2 5 1 1 0 1 2 2 1 3 3 2 1 2 0 4 0 0 2 2 5 8 0 1 3 0 2 0 2 1 1 1 0 2 0 3 4 3 2 2 1 1 0 4 2 2 0 5 2 5 1 1 3 2 0 0 3 4 0 1 1 2 4 3 3 6 1 1 4 2 1 1 4 1 3 1 2 1 4 0 2 3 2 1 3 2 4 1 2 1 1 1 1 3 2 2 2 6 4 2 2 1 2 2 2 2 2 1 2 7 4 3 3 0 0 2 3 2 1 3 1 3 4 2 1 0 1 1 2 2 1 4 1 4 2 2 1 1 3 4 2 6 3 3 0 5 0 2 1 2 0 6 5 0 1 2 0 0 1 1 4 3 4 2 2 0 2 1 4 2 2 3 3 2 1 1 2 0 4 2 1 2 2 1 0 1 5 6 1 2 1 1 3 1 1 1 2 0 1 4 2 1 0 2 2 0 2 1 2 3 4 3 5 2 1 1 1 4 2 3 3 3 1 4 1 1 1 3 2 2 6 0 1 2 1 3 1 1 0 3 1 1 3 4 1 1 1 2 4 3 0 2 3 1 0 1 2 2 4 1 0 2 2 3 5 4 3 1 2 1 0 4 0 1 2 2 2 0 3 4 3 3 1 1 1 2 2 2 3 1 1 0 3 1 3 2 0 4 0 2 2 3 6 1 4 3 0 1 0 1 3 2 1 3 2 2 4 3 2 3 1 3 2 2 2 2 2 1 1 0 4 4 2 1 2 1 2 3 1 1 2 1 0 2 3 2 3 1 4 2 1 3 1 2 3 1 2 1 2 1 2 2 1 2 2 3 3 1 3 2 3 0 1 4 1 0 1 1 5 2 3 5 2 1 2 0 0 5 3 2 5 0 2 0 2 1 1 3 3 1 1 3 0 2 1 2 2 4 3 2 0 1 5 4 0 1 3 1 1 1 2 2 3 0 4 0 1 2 3 5 2 2 1 1 3 0 0 1 3 6 1 2 1 3 2 2 3 4 1 1 4 4 1 3 0 3 4 1 4 3 3 3 1 1 8 0 0 1 2 3 1 2 2 1 2 2 3 2 1 2 2 2 0 2 2 1 2 1 3 1 7 0 1 2 0 4 5 1 3 1 2 4 5 1 2 2 2 0 1 2 0 1 4 1 0 1 2 3 1 2 3 4 1 2 3 0 1 1 3 1 0 0 1 1 0 2 0 1 5 2 3 3 0 3 2 1 0 4 4 3 2 3 1 0 3 2 0 4 2 3 1 2 2 3 2 0 2 3 1 3 0 3 5 2 1 1 1 1 0 3 2 2 3 1 2 2 1 3 0 4 2 1 3 2 2 2 1 2 2 2 2 2 2 2 3 4 1 1 5 1 3 2 1 3 1 2 1 1 4 1 0 2 1 1 2 1 2 1 1 3 1 3 1 3 3 2 0 1 4 2 1 2 2 3 2 0 0 2 3 0 4 1 1 1 1 2 3 1 4 3 1 1 1 0 0 2 1 0 2 3 1 3 4 4 1 2 3 0 4 2 1 1 2 3 4 1 1 2 2 4 1 0 0 0 1 2 1 2 3 2 1 4 2 3 1 3 3 3 1 3 3 1 3 1 2 0 2 3 2 2 2 1 2 1 2 1 1 0 4 1 1 0 3 0 4 0 1 4 1 0 1 1 3 2 1 2 2 2 2 2 2 2 0 0 1 1 5 4 2 2 2 1 1 0 3 3 2 0 3 2 0 4 3 0 4 5 3 2 3 1 2 3 2 0 3 2 2 3 0 3 2 2 2 2 3 2 0 0 3 2 1 3 1 1 3 1 4 1 2 4 2 1 2 0 1 0 4 2 2 3 2 1 2 1 5 1 1 2 1 2 4 2 1 3 3 2 2 3 0 2 2 2 3 1 1 3 1 3 1 1 2 0 4 1 1 4 5 2 1 1 1 1 1 2 0 1 2 0 3 3 3 1 3 1 2 1 1 2 3 4 2 2 4 3 2 2 5 0 0 3 2 2 5 2 2 1 1 2 2 1 2 2 2 1 1 1 4 2 3 2 2 3 2 4 2 4 4 5 2 1 1 2 3 3 2 1 1 1 2 1 2 2 1 1 3 3 3 2 1 2 2 1 4 1 4 4 1 4 1 4 3 1 0 2 2 3 2 2 1 2 1 1 1 2 1 0 2 6 1 3 3 1 5 5 0 2 0 1 3 3 1 2 0 0 0 3 0 1 0 2 1 3 4 3 3 2 3 0 4 0 1 0 1 0 0 1 4 2 3 1 2 3 2 4 1 1 0 2 1 1 1 0 2 5 1 2 2 1 0 4 1 4 1 2 2 2 0 2 1 1 0 3 4 1 1 2 3 3 3 3 2 3 0 1 0 3 1 4 1 1 1 1 2 1 3 1 4 0 5 4 0 4 1 3 2 1 1 1 3 2 0 2 1 4 1 0 2 4 2 4 0 2 0 3 2 3 2 2 0 0 4 4 1 1 2 2 2 2 3 2 3 2 2 2 1 1 1 2 1 2 1 1 3 3 3 1 2 4 3 1 3 3 2 0 1 2 3 6 4 3 4 1 1 1 1 3 1 1 2 1 2 2 0 2 2 1 2 5 0 0 3 2 3 5 1 4 6 0 0 5 0 0 0 2 5 3 6 1 2 3 1 1 1 2 2 0 2 1 1 2 4 4 0 3 3 1 2 1 3 1 0 4 4 0 1 2 0 1 1 2 2 1 7 2 2 1 1 1 1 2 3 3 0 3 3 4 2 3 1 5 3 1 1 2 2 2 2 5 1 4 1 0 1 0 3 1 1 2 3 3 3 1 3 2 4 1 2 1 2 1 0 2 1 2 5 0 1 3 4 2 3 2 2 3 2 0 2 0 1 2 2 2 2 1 3 3 2 3 2 2 5 2 3 5 3 2 5 3 1 5 0 2 1 3 1 3 6 1 0 2 1 2 1 2 1 4 3 0 0 0 2 3 0 3 3 4 1 1 0 4 4 2 0 2 2 1 2 3 3 3 2 2 2 2 2 4 0 2 2 3 2 1 1 1 4 1 1 0 5 1 2 1 0 0 0 3 2 5 3 3 0 3 1 0 2 1 1 5 5 3 1 1 0 1 6 4 3 1 1 1 2 2 3 1 5 0 2 4 4 3 3 1 0 1 3 1 1 2 0 3 4 2 0 2 1 3 5 2 2 1 1 1 3 2 0 2 1 0 1 1 1 1 1 1 1 2 1 2 3 2 3 3 3 2 1 1 2 2 2 4 3 4 2 2 1 0 3 2 1 0 4 3 3 1 1 5 1 1 1 0 1 2 2 2 2 3 1 0 2 1 2 3 1 2 1 4 1 0 2 3 0 1 1 0 4 3 2 4 2 0 0 3 2 1 1 6 1 2 1 1 1 4 3 4 3 2 1 3 2 0 2 2 4 2 3 4 3 1 3 1 1 1 0 2 1 1 2 2 2 5 0 2 1 1 4 1 3 0 0 2 2 1 2 2 1 0 3 3 1 1 5 1 5 5 2 1 2 1 0 0 0 1 2 2 2 2 2 3 3 3 2 1 4 1 1 2 2 4 1 4 2 3 1 1 1 2 2 0 3 1 5 0 3 1 1 2 5 3 2 0 1 1 2 2 2 2 0 1 0 2 3 4 3 0 2 3 3 4 5 1 4 3 1 2 2 3 1 3 3 1 1 3 0 0 4 1 1 3 1 2 2 1 3 3 4 3 0 0 1 0 4 2 5 2 1 0 2 0 2 4 3 4 0 1 0 1 2 1 0 1 2 1 1 2 3 1 3 2 1 3 3 0 2 0 2 2 0 4 0 2 2 1 2 0 0 3 3 1 4 4 3 2 0 1 1 4 4 2 2 5 4 0 2 3 1 2 0 4 1 2 2 5 1 0 0 4 0 0 4 0 3 1 2 0 0 4 3 1 3 3 0 4 2 3 0 1 3 4 2 1 4 2 2 2 0 0 3 2 5 1 2 4 3 0 2 1 2 0 2 2 1 3 4 3 4 0 3 1 4 0 3 3 3 1 2 1 1 2 0 1 1 0 3 3 3 1 1 4 2 1 3 0 1 1 0 3 2 2 3 2 1 3 4 0 1 2 2 2 1 4 2 3 1 2 3 1 1 1 4 1 0 1 6 1 0 2 3 1 1 1 0 3 3 2 2 3 6 2 4 2 1 1 3 2 3 2 1 1 6 2 1 1 3 2 2 3 1 1 1 4 2 1 2 1 3 1 2 7 4 2 2 4 3 3 1 3 3 2 1 1 2 1 2 2 2 2 0 1 1 2 6 1 3 0 1 3 3 2 1 5 0 0 3 0 1 1 5 2 1 1 3 1 2 3 2 2 0 2 0 3 0 4 3 0 0 0 1 3 2 3 1 0 2 3 3 2 3 3 1 2 1 0 2 1 2 0 6 2 0 1 0 2 2 3 4 0 1 0 1 1 1 4 2 1 3 4 2 2 1 0 2 2 4 2 0 1 2 2 2 0 2 3 3 2 0 1 1 2 1 1 1 0 2 2 1 0 5 3 3 0 2 2 2 2 3 3 4 2 1 2 1 2 1 3 3 3 1 5 5 0 3 4 4 1 3 0 0 3 0 0 1 1 4 2 3 4 1 2 2 4 1 3 3 1 1 0 6 2 3 1 0 4 4 2 4 0 1 3 2 1 3 1 0 2 5 3 2 3 2 1 1 2 1 2 2 2 3 2 2 1 2 2 2 3 2 0 1 4 1 4 4 3 0 0 2 2 2 0 3 2 2 2 3 2 0 3 2 3 1 2 3 2 1 2 2 3 2 2 1 1 3 3 1 0 3 2 2 1 2 3 4 1 3 0 1 3 1 3 3 1 1 1 3 4 0 1 2 2 1 4 2 1 0 3 4 4 1 2 1 2 2 1 1 1 3 3 2 0 0 1 2 0 4 2 0 4 1 3 2 3 3 1 1 4 1 3 0 2 1 5 0 1 3 2 6 2 3 2 0 0 2 1 4 2 0 0 1 1 2 1 2 1 2 2 1 2 1 2 2 3 3 0 3 2 2 0 3 3 7 1 3 2 0 1 2 2 1 3 2 2 0 1 4 0 1 2 2 2 3 2 2 2 1 1 1 2 1 2 5 2 1 0 1 2 0 3 2 2 2 1 2 1 1 2 1 2 1 1 2 1 1 2 3 2 0 0 4 2 3 1 0 1 2 2 1 2 4 3 3 1 1 1 1 1 3 1 3 1 3 1 1 6 2 2 0 2 0 1 3 2 0 2 1 3 2 1 0 4 0 2 2 3 1 1 3 1 0 0 2 1 3 0 1 1 4 1 4 2 3 2 1 3 0 1 2 1 2 1 1 2 1 3 0 3 3 2 1 2 1 2 2 2 2 5 1 2 3 1 4 2 1 3 1 2 3 3 2 3 0 1 3 3 3 2 0 2 2 2 4 1 2 2 3 2 1 0 1 3 4 1 2 3 2 1 4 5 1 2 2 1 3 3 2 1 2 2 0 2 1 3 1 4 2 1 1 2 0 3 0 0 3 3 1 2 3 1 0 3 3 2 2 3 2 2 2 1 2 1 1 3 1 1 0 3 1 0 0 2 5 3 1 3 1 2 1 3 2 1 2 2 1 1 2 4 1 2 3 2 1 2 2 3 2 1 3 1 0 1 0 0 3 2 3 0 2 5 1 1 2 2 0 5 4 2 1 4 0 0 3 2 3 4 2 3 3 3 2 0 2 1 0 3 1 4 0 2 5 0 2 0 2 3 1 1 1 2 2 3 0 0 3 3 2 4 2 1 1 2 1 0 3 1 0 3 2 3 1 2 3 1 4 2 3 0 3 1 1 1 1 2 1 2 2 3 0 2 0 1 2 2 2 1 1 4 2 6 0 3 2 2 3 1 3 3 3 0 2 2 3 1 0 4 8 0 0 2 2 1 2 2 1 4 2 1 1 0 2 2 5 2 2 1 2 4 1 0 2 0 3 6 0 2 3 2 0 2 2 2 2 1 3 5 0 2 4 3 3 1 4 2 1 2 1 2 0 4 2 2 0 0 3 4 1 3 2 2 4 1 0 1 1 0 3 2 2 2 0 1 1 2 4 0 4 1 2 3 0 3 2 2 2 1 5 2 4 0 2 3 4 2 2 5 0 1 3 1 0 2 1 0 2 0 6 1 0 2 1 1 4 2 1 1 3 1 6 0 2 1 0 3 2 0 2 4 5 1 2 0 0 1 3 1 4 4 1 2 2 1 1 5 2 1 1 0 1 1 2 2 2 4 2 3 1 2 2 2 1 3 1 1 1 0 3 4 1 5 3 4 2 0 1 0 5 2 3 1 1 1 0 3 3 0 3 5 1 3 3 0 1 1 0 1 1 3 2 1 5 2 2 2 1 0 1 0 2 4 2 5 1 0 0 2 2 3 2 0 0 1 2 2 2 3 0 4 3 1 0 3 2 1 1 1 3 3 1 1 1 1 3 1 2 1 2 2 0 2 2 1 2 0 4 2 1 4 3 2 1 2 0 2 2 3 2 3 1 2 1 4 1 1 1 0 1 4 4 2 2 2 4 1 4 1 5 1 1 0 1 2 4 2 2 1 1 2 0 2 0 3 4 3 1 1 3 2 2 5 4 3 4 1 4 0 2 3 2 1 0 1 1 5 1 2 2 3 3 4 1 2 3 3 0 4 2 1 3 1 1 4 3 0 3 5 2 1 1 3 2 3 2 4 1 1 4 0 2 3 1 2 1 2 2 2 1 2 2 0 1 1 2 0 2 7 4 2 4 0 1 3 2 2 4 2 4 0 2 0 1 1 1 3 0 2 2 1 2 5 1 4 2 3 3 2 2 3 1 0 0 0 3 2 4 3 2 3 1 0 2 1 3 0 0 1 1 2 5 2 2 3 3 3 2 1 2 3 3 0 2 3 1 1 2 1 5 2 3 1 2 1 2 1 1 0 1 1 0 0 1 2 2 4 1 0 1 4 2 1 2 3 1 3 1 3 2 4 1 1 1 2 1 2 2 3 2 1 3 2 4 1 2 1 1 3 1 0 2 3 4 4 1 0 1 0 1 2 2 0 0 0 0 2 4 2 1 1 6 2 0 1 1 1 5 3 3 0 1 0 3 3 2 2 1 0 1 4 2 2 4 2 3 3 1 0 2 1 1 2 1 0 3 0 3 2 5 2 4 1 3 2 3 3 0 2 3 3 1 2 1 3 0 1 6 4 2 2 1 3 0 4 0 3 1 3 0 0 1 4 1 4 2 5 2 0 1 1 3 0 4 4 1 2 1 0 2 4 5 2 0 3 0 5 1 1 2 4 1 5 1 3 2 1 3 2 2 1 3 3 3 1 1 0 1 4 2 1 0 0 3 0 3 1 4 1 2 0 2 3 0 3 3 1 0 2 0 3 1 0 2 1 1 2 2 3 1 0 3 2 1 1 1 2 4 2 5 2 4 2 1 0 0 1 2 3 3 1 4 1 3 1 3 1 1 2 1 2 1 4 3 2 2 0 2 1 1 1 0 3 2 5 0 4 3 4 1 1 0 0 3 0 1 1 1 1 2 2 3 2 4 2 1 1 2 1 1 3 5 3 1 1 1 2 3 5 1 2 0 0 2 2 0 2 0 6 0 0 2 3 3 2 5 0 2 4 3 2 4 0 5 2 2 2 3 4 2 2 2 3 4 0 4 3 2 0 1 3 1 2 1 2 3 1 2 1 3 0 3 0 0 0 3 2 2 3 3 3 1 4 1 3 2 2 1 2 2 3 5 2 1 1 0 2 3 3 2 2 1 3 0 4 1 2 3 1 2 2 0 0 1 0 2 4 0 0 0 1 2 1 2 3 2 2 3 3 0 3 2 2 2 0 0 4 2 1 1 0 2 0 4 4 0 4 3 4 2 3 0 2 1 1 3 1 0 3 2 0 2 1 2 0 2 5 3 2 0 4 2 0 0 2 0 4 1 0 2 1 3 3 2 1 2 2 1 2 1 3 1 1 3 1 2 4 1 2 0 3 1 1 2 3 2 3 3 3 1 0 1 2 3 2 1 2 2 2 2 1 3 1 2 0 3 5 1 2 1 3 2 1 2 3 1 1 2 4 2 1 2 2 1 3 3 2 1 2 3 5 2 1 2 1 3 0 2 3 0 1 3 5 5 1 1 1 3 0 2 3 3 1 2 1 2 1 0 1 1 2 1 5 2 3 2 1 0 0 2 5 1 1 0 2 1 2 0 3 1 2 0 2 2 0 6 1 1 2 3 1 1 1 5 1 0 2 1 2 2 4 0 2 1 0 3 4 0 1 2 4 3 3 0 3 1 0 1 0 0 5 4 1 0 1 1 1 0 2 1 1 1 0 2 1 1 3 6 4 1 3 2 2 1 2 2 3 2 3 3 1 0 4 1 2 3 1 2 4 1 1 1 2 0 3 1 3 3 2 2 1 5 2 1 3 3 1 2 7 1 4 1 1 0 1 3 3 3 3 0 2 6 3 1 1 1 1 3 2 1 1 4 3 3 2 2 1 2 3 2 4 1 2 2 3 2 2 2 1 0 0 4 2 0 1 6 3 1 1 2 4 4 3 0 3 2 0 0 2 3 2 1 4 2 1 3 1 1 0 2 0 1 2 1 5 4 1 2 1 0 2 4 2 3 2 1 4 0 3 2 3 3 2 0 3 2 2 3 0 3 2 3 4 1 1 2 0 1 1 4 3 2 3 2 2 4 1 1 1 2 1 2 3 3 2 0 2 1 1 3 1 1 2 3 0 6 0 5 2 0 1 2 2 1 3 4 1 4 1 4 1 1 2 7 1 1 4 3 0 1 0 1 2 3 1 3 2 1 1 2 6 0 1 3 3 3 0 2 1 1 0 3 1 4 1 2 0 2 2 0 2 6 2 0 1 2 2 2 0 3 3 1 4 1 1 5 2 2 0 4 3 0 2 3 1 2 3 1 1 1 3 1 4 5 1 2 2 2 2 3 3 0 0 4 0 2 2 7 3 1 2 1 1 1 0 1 2 3 3 1 2 2 1 4 4 3 0 3 1 3 1 0 2 4 3 0 1 3 4 0 0 2 3 1 3 1 0 3 3 1 3 4 5 2 3 0 3 1 1 2 4 2 1 1 2 3 2 2 2 4 2 1 1 1 2 0 2 1 2 2 3 3 1 2 4 3 1 2 3 1 1 0 3 1 3 4 2 1 3 0 3 0 1 2 2 1 1 3 1 2 3 2 2 3 1 3 4 3 1 0 3 1 2 2 4 0 1 3 1 2 3 2 2 2 0 3 2 1 4 3 1 2 0 1 2 0 3 1 2 3 1 2 2 3 2 1 2 1 1 2 1 3 3 1 3 3 2 3 5 1 1 1 0 2 1 0 2 4 1 2 3 1 0 5 1 1 4 1 3 3 2 1 0 4 3 3 3 1 2 3 3 3 4 3 4 0 2 1 3 3 1 1 3 2 1 1 3 1 1 5 4 1 2 1 4 3 1 3 3 2 1 1 2 3 3 3 0 2 2 1 2 0 2 3 0 2 2 1 4 2 2 2 2 1 1 1 1 3 6 2 0 1 1 0 3 2 2 1 1 3 2 6 0 0 0 2 1 4 3 2 0 3 5 3 1 4 4 1 2 2 0 3 2 2 5 1 1 1 2 2 1 3 5 1 2 1 3 1 1 2 0 0 0 0 3 6 2 2 4 1 0 2 0 3 3 2 2 4 1 1 1 3 1 2 2 2 5 1 2 3 0 2 2 1 6 3 0 2 4 1 1 1 1 0 4 3 3 2 1 2 1 2 3 1 1 2 1 3 0 2 3 6 2 0 2 3 2 0 0 1 3 3 4 7 1 1 2 1 1 2 0 3 0 0 1 1 1 5 3 1 1 2 1 5 2 4 3 0 2 1 1 3 1 1 2 2 3 0 3 4 2 0 3 2 2 2 3 2 2 2 3 4 3 1 2 3 1 2 5 1 1 3 0 1 1 0 0 1 1 4 2 3 1 3 2 3 2 1 1 1 4 2 3 2 2 2 0 2 0 2 2 3 2 1 1 2 3 3 0 2 1 2 3 5 1 3 1 2 4 3 0 2 1 0 4 1 2 1 1 1 3 2 0 1 3 4 3 2 2 2 3 3 0 5 4 3 1 3 0 2 2 3 1 1 3 1 6 3 2 2 0 1 3 1 3 2 1 3 5 2 3 2 1 2 4 1 4 2 3 1 1 1 2 2 3 5 1 3 0 1 3 1 3 2 3 1 2 2 2 4 3 0 0 0 1 1 2 2 1 4 0 3 5 1 0 2 0 1 1 1 1 2 3 2 3 3 0 0 3 2 1 3 1 2 1 3 1 1 3 2 4 3 1 2 4 1 0 0 4 0 2 7 3 2 1 4 2 5 3 4 1 1 2 0 1 1 3 3 5 2 3 1 2 0 1 2 4 0 5 1 2 3 2 1 3 1 0 4 2 3 3 4 2 2 1 1 3 1 3 1 2 2 4 4 1 2 2 2 1 2 1 5 1 2 1 2 1 1 3 1 2 3 1 3 3 6 0 1 0 3 4 3 1 2 2 1 1 3 3 2 1 2 2 2 5 0 1 0 0 1 3 3 0 3 2 3 2 2 0 1 0 4 3 0 1 1 3 2 3 2 2 1 1 1 2 0 3 1 2 4 4 1 2 3 1 0 3 1 3 3 1 3 4 0 2 4 2 1 3 1 0 3 4 2 2 2 3 1 3 2 0 2 2 0 3 3 3 1 1 5 3 1 2 2 1 1 2 0 1 1 2 1 2 3 0 1 3 1 3 3 3 0 1 1 3 1 2 4 1 0 0 2 1 3 1 1 4 1 1 0 3 6 3 2 0 0 1 3 3 2 0 4 2 0 6 1 2 3 3 0 1 3 3 2 2 1 1 1 3 1 2 5 3 3 2 2 3 4 1 4 1 2 2 2 3 2 1 1 0 1 2 1 4 2 2 3 1 2 2 6 1 1 1 4 3 1 1 1 2 1 2 5 1 3 1 2 0 2 3 0 1 6 2 3 3 0 2 2 1 2 2 3 1 3 1 2 3 0 3 2 4 1 2 1 2 2 0 2 2 3 1 3 4 3 0 2 1 1 2 4 0 1 2 2 1 0 5 2 1 1 3 3 4 3 3 3 0 4 8 1 0 3 2 3 4 0 2 0 0 1 2 3 1 1 2 2 1 6 2 1 2 3 3 3 0 2 1 0 1 4 1 4 0 3 2 2 3 1 3 3 4 1 2 2 3 1 2 3 1 3 0 2 0 1 3 1 1 3 1 2 3 3 0 2 4 1 3 1 1 1 1 1 2 2 2 1 2 1 1 2 3 1 3 2 1 4 0 2 0 1 3 3 1 1 3 4 3 1 1 1 6 0 4 3 1 3 4 1 1 3 0 2 4 1 0 2 1 1 2 1 2 3 4 1 1 3 0 3 3 1 5 0 2 2 1 2 3 1 1 3 3 3 1 4 1 0 1 1 1 2 3 2 2 5 1 1 2 0 0 1 4 2 2 1 3 3 4 3 0 1 1 3 4 1 3 4 0 1 1 0 0 4 1 2 2 3 4 2 3 0 1 1 1 2 2 2 3 0 0 2 0 2 3 4 2 2 4 0 2 3 4 2 1 1 3 1 0 3 2 5 4 1 2 1 3 2 0 1 4 1 1 3 1 1 3 0 1 7 5 2 3 0 0 4 0 2 1 1 3 1 1 2 0 2 3 0 0 4 2 2 2 4 1 1 1 1 1 2 0 2 1 2 2 1 2 0 2 2 2 2 3 1 1 2 1 2 4 2 3 1 1 2 2 2 2 3 0 2 2 0 6 3 2 0 2 1 3 2 4 3 2 1 1 1 0 2 3 1 1 2 3 3 1 2 1 2 5 1 1 1 1 2 2 0 4 1 2 4 2 1 3 4 4 1 2 3 3 1 1 3 2 1 1 0 1 2 2 3 3 1 1 1 2 2 5 0 2 0 1 2 1 6 2 3 2 2 2 2 0 0 0 1 6 2 2 2 1 2 2 5 3 3 1 0 2 1 0 0 3 2 1 1 3 8 4 3 1 1 0 2 2 1 4 2 1 4 4 0 3 2 0 2 1 3 2 2 0 3 3 0 2 2 1 3 4 1 1 2 1 4 3 2 2 1 4 1 0 1 2 2 0 2 1 3 2 2 1 1 0 0 1 1 2 3 5 1 4 2 2 1 2 0 1 1 1 5 2 4 0 2 1 2 1 3 3 2 0 4 1 1 1 2 1 5 2 1 2 1 1 0 1 0 4 2 1 2 2 0 1 2 1 4 3 2 0 2 6 2 1 1 0 0 2 1 1 5 2 2 2 1 2 3 1 1 3 2 0 3 6 5 3 1 0 1 2 0 4 1 2 2 0 2 2 2 1 7 0 1 3 0 1 1 3 1 5 2 2 1 4 2 2 2 2 3 1 1 3 0 0 1 3 2 3 5 1 0 2 2 3 1 1 1 1 2 4 2 1 0 3 3 1 2 3 1 4 1 3 2 1 1 0 2 1 3 1 0 2 4 1 1 2 0 2 3 1 2 1 1 1 4 3 7 4 3 0 0 6 1 4 1 2 3 2 1 5 1 1 2 1 2 2 0 2 3 1 0 1 1 1 2 8 2 2 1 2 2 3 2 3 1 2 2 2 0 2 2 3 4 1 3 0 0 2 2 2 1 3 0 3 4 2 7 3 3 3 1 3 2 0 1 1 3 0 2 6 1 2 3 2 3 3 2 1 1 1 4 0 2 3 2 2 3 1 2 1 1 2 1 3 4 1 2 2 1 0 4 5 2 1 4 2 1 1 1 1 1 0 2 2 1 1 2 0 2 3 3 1 1 3 0 4 1 0 1 1 3 2 2 3 2 1 3 2 2 3 0 1 0 4 2 4 2 3 2 1 2 0 2 5 2 1 2 3 2 0 6 1 1 0 5 3 1 1 1 0 1 3 1 3 4 1 4 2 1 1 3 2 0 0 5 3 4 1 2 2 5 3 4 2 0 0 2 5 0 0 0 3 1 3 1 3 1 3 2 3 1 1 4 0 2 0 2 6 1 2 1 1 1 3 4 3 3 1 4 0 1 2 2 3 2 1 2 1 0 4 1 0 3 2 4 4 3 2 0 2 1 3 3 1 1 4 0 2 1 1 4 2 4 4 1 0 2 1 5 0 2 3 2 1 2 4 0 2 0 2 0 2 2 3 1 2 1 2 3 4 3 1 1 1 2 2 0 1 2 1 1 1 1 3 3 3 2 1 2 0 1 2 2 2 3 1 1 3 1 2 3 2 1 4 3 3 3 1 3 2 2 3 2 3 2 1 1 3 2 1 3 0 1 3 2 1 1 2 3 1 3 2 2 2 1 2 1 2 6 1 3 1 2 2 4 2 0 2 2 2 1 2 3 3 2 2 3 2 1 3 2 2 0 5 0 2 3 3 2 2 1 1 1 3 1 2 2 1 2 2 4 3 7 0 3 1 1 0 3 0 0 2 2 3 0 1 0 6 3 2 3 1 2 3 2 2 4 1 0 1 2 1 1 1 2 3 0 1 3 3 1 2 2 3 0 1 1 0 1 2 3 2 2 3 1 2 0 2 0 0 1 3 2 2 1 2 2 1 5 1 5 0 1 1 0 1 3 2 3 2 2 1 4 2 4 4 2 2 2 3 4 2 0 2 4 1 1 1 0 2 2 1 5 1 2 2 2 1 1 5 3 4 0 4 6 1 2 0 1 4 2 4 2 1 3 6 5 4 1 0 0 2 1 2 2 2 3 3 1 4 2 4 0 0 1 2 1 2 0 4 1 2 0 1 4 4 1 2 2 2 3 0 2 2 2 0 1 5 2 2 1 1 1 2 4 1 2 3 0 2 1 2 0 7 2 2 1 3 2 0 0 3 1 3 1 5 1 3 2 3 3 2 1 3 2 1 2 2 2 2 1 2 3 3 0 2 1 4 0 0 0 3 1 2 3 1 1 1 2 3 2 3 1 1 1 1 5 1 3 2 2 2 2 2 2 1 2 2 2 2 1 4 3 3 0 0 2 4 3 2 2 2 3 1 0 2 3 0 2 3 4 4 5 1 1 1 3 1 1 1 1 4 2 1 2 4 1 2 2 2 6 2 0 1 1 3 2 4 3 3 1 2 0 4 2 2 2 2 4 3 2 1 1 1 2 3 3 3 0 1 2 2 6 3 1 1 2 4 5 0 1 2 0 1 3 0 4 2 0 0 3 2 1 0 1 4 4 4 0 2 3 2 2 2 0 1 1 6 1 2 1 2 0 0 3 2 0 3 0 5 5 2 1 1 3 1 3 2 1 0 1 3 3 2 2 1 1 1 3 2 1 0 4 5 3 2 2 1 3 0 1 2 4 2 2 1 2 1 3 1 5 2 2 3 0 0 3 1 4 3 5 1 0 4 1 0 4 2 3 3 3 2 0 2 2 1 1 1 1 2 2 4 2 0 2 1 3 0 3 1 1 1 3 3 3 2 3 1 5 1 2 3 1 3 2 4 2 2 0 2 4 2 1 4 2 1 3 2 1 3 3 2 0 1 3 2 4 1 2 1 0 2 2 1 1 3 2 3 1 2 3 1 3 2 3 0 1 2 5 0 3 2 3 1 2 3 2 3 1 1 1 3 0 5 3 3 0 2 1 1 2 2 2 3 2 2 0 1 1 0 0 2 5 3 3 2 4 4 1 2 0 2 2 1 0 0 4 2 1 2 0 1 1 4 3 1 4 3 0 3 3 2 1 3 2 2 3 0 2 0 0 2 4 1 4 1 2 2 1 3 3 2 0 1 2 1 1 2 1 1 1 2 2 3 2 1 3 2 2 2 3 3 3 3 0 4 2 2 2 1 2 3 0 0 2 1 2 1 4 1 2 2 2 3 2 1 3 3 1 4 0 2 2 1 3 1 0 1 2 2 2 0 3 2 4 0 1 0 2 2 5 3 1 1 4 1 3 0 1 4 3 0 3 4 6 1 0 0 3 4 3 1 2 1 1 1 4 3 0 1 1 3 0 3 4 2 2 1 2 0 4 1 3 2 5 3 4 1 1 4 1 0 0 2 3 1 2 4 4 2 0 1 3 3 2 2 3 1 1 2 0 2 1 0 4 2 1 1 2 3 2 3 2 1 3 2 2 2 3 4 2 2 1 2 1 2 2 3 1 3 3 1 4 3 3 1 1 1 0 1 1 1 1 2 2 1 1 2 0 3 0 5 2 1 1 0 2 6 1 2 0 2 0 0 2 0 0 2 5 2 2 2 2 2 0 0 3 4 3 3 1 0 0 0 1 0 1 3 2 1 1 3 3 1 2 1 1 2 1 3 4 3 1 2 4 4 3 3 1 1 1 0 2 2 2 2 0 5 1 0 1 2 2 4 1 2 3 1 2 2 1 1 3 1 1 2 1 2 2 1 2 3 2 1 2 1 4 1 2 4 1 3 2 5 0 2 2 1 5 1 5 0 2 4 4 0 2 1 1 2 2 3 3 2 2 2 0 2 3 5 2 2 4 1 2 2 1 2 3 1 2 4 3 0 2 0 5 3 1 3 2 2 1 0 3 2 1 1 6 5 0 0 1 2 2 1 4 0 2 2 2 2 1 5 1 3 1 0 2 2 0 3 3 5 0 1 1 3 1 3 2 3 3 4 1 2 2 1 3 1 2 3 0 1 3 0 5 1 1 3 4 1 0 1 1 2 2 3 2 1 4 0 2 2 1 1 3 2 3 1 1 2 2 1 3 1 3 3 1 1 2 1 3 5 1 2 0 0 0 0 2 1 3 1 4 0 0 2 2 1 1 1 0 2 4 2 2 3 4 3 0 3 2 1 0 1 2 1 4 3 1 0 0 3 0 0 3 4 1 2 7 1 5 0 3 1 1 1 2 4 0 3 2 2 1 3 0 3 1 2 4 2 1 2 0 2 3 4 3 1 2 2 2 4 1 2 1 0 2 1 0 1 1 2 2 2 2 2 1 2 2 3 1 2 1 3 2 4 2 2 2 1 2 2 1 0 1 1 3 1 3 1 2 0 0 1 2 2 2 5 2 2 1 1 3 2 2 3 1 1 3 1 2 3 1 0 4 0 2 1 2 1 0 2 3 0 2 1 2 2 0 2 0 4 2 2 2 1 2 1 1 1 6 3 4 2 2 1 2 0 4 2 1 1 1 2 2 3 3 0 3 2 2 5 2 4 0 0 2 2 4 2 1 2 0 4 2 0 2 2 0 1 2 1 3 2 3 0 4 4 0 3 2 3 1 3 2 2 2 2 2 4 2 1 3 1 2 2 1 3 0 2 3 0 2 1 2 4 3 2 2 0 3 2 1 3 1 3 0 4 0 3 2 3 0 4 1 1 4 0 0 2 1 2 1 3 1 4 1 0 0 1 1 1 3 2 2 2 3 2 3 3 2 3 2 2 1 1 4 1 2 4 3 0 3 4 5 3 2 3 2 1 1 2 3 2 4 1 3 0 3 3 5 0 0 0 2 1 1 5 1 1 0 3 2 1 2 4 5 1 6 1 3 3 4 0 3 0 0 1 1 1 3 2 2 6 2 0 0 1 2 1 0 2 3 1 5 3 1 2 2 3 3 2 2 2 4 3 3 2 1 0 1 2 1 1 1 2 2 1 3 4 3 2 4 2 4 1 0 1 0 4 4 0 4 2 3 4 3 0 0 1 2 0 3 3 4 3 3 1 2 1 1 1 
</Matrix>
   <Matrix name="xloc" type="complete" rows="1" columns="900" multiplier="1.0">
   0 1 2 3 4 5 6 7 8 9 10 11 12 13 14 15 16 17 18 19 20 21 22 23 24 25 26 27 28 29 0 1 2 3 4 5 6 7 8 9 10 11 12 13 14 15 16 17 18 19 20 21 22 23 24 25 26 27 28 29 0 1 2 3 4 5 6 7 8 9 10 11 12 13 14 15 16 17 18 19 20 21 22 23 24 25 26 27 28 29 0 1 2 3 4 5 6 7 8 9 10 11 12 13 14 15 16 17 18 19 20 21 22 23 24 25 26 27 28 29 0 1 2 3 4 5 6 7 8 9 10 11 12 13 14 15 16 17 18 19 20 21 22 23 24 25 26 27 28 29 0 1 2 3 4 5 6 7 8 9 10 11 12 13 14 15 16 17 18 19 20 21 22 23 24 25 26 27 28 29 0 1 2 3 4 5 6 7 8 9 10 11 12 13 14 15 16 17 18 19 20 21 22 23 24 25 26 27 28 29 0 1 2 3 4 5 6 7 8 9 10 11 12 13 14 15 16 17 18 19 20 21 22 23 24 25 26 27 28 29 0 1 2 3 4 5 6 7 8 9 10 11 12 13 14 15 16 17 18 19 20 21 22 23 24 25 26 27 28 29 0 1 2 3 4 5 6 7 8 9 10 11 12 13 14 15 16 17 18 19 20 21 22 23 24 25 26 27 28 29 0 1 2 3 4 5 6 7 8 9 10 11 12 13 14 15 16 17 18 19 20 21 22 23 24 25 26 27 28 29 0 1 2 3 4 5 6 7 8 9 10 11 12 13 14 15 16 17 18 19 20 21 22 23 24 25 26 27 28 29 0 1 2 3 4 5 6 7 8 9 10 11 12 13 14 15 16 17 18 19 20 21 22 23 24 25 26 27 28 29 0 1 2 3 4 5 6 7 8 9 10 11 12 13 14 15 16 17 18 19 20 21 22 23 24 25 26 27 28 29 0 1 2 3 4 5 6 7 8 9 10 11 12 13 14 15 16 17 18 19 20 21 22 23 24 25 26 27 28 29 0 1 2 3 4 5 6 7 8 9 10 11 12 13 14 15 16 17 18 19 20 21 22 23 24 25 26 27 28 29 0 1 2 3 4 5 6 7 8 9 10 11 12 13 14 15 16 17 18 19 20 21 22 23 24 25 26 27 28 29 0 1 2 3 4 5 6 7 8 9 10 11 12 13 14 15 16 17 18 19 20 21 22 23 24 25 26 27 28 29 0 1 2 3 4 5 6 7 8 9 10 11 12 13 14 15 16 17 18 19 20 21 22 23 24 25 26 27 28 29 0 1 2 3 4 5 6 7 8 9 10 11 12 13 14 15 16 17 18 19 20 21 22 23 24 25 26 27 28 29 0 1 2 3 4 5 6 7 8 9 10 11 12 13 14 15 16 17 18 19 20 21 22 23 24 25 26 27 28 29 0 1 2 3 4 5 6 7 8 9 10 11 12 13 14 15 16 17 18 19 20 21 22 23 24 25 26 27 28 29 0 1 2 3 4 5 6 7 8 9 10 11 12 13 14 15 16 17 18 19 20 21 22 23 24 25 26 27 28 29 0 1 2 3 4 5 6 7 8 9 10 11 12 13 14 15 16 17 18 19 20 21 22 23 24 25 26 27 28 29 0 1 2 3 4 5 6 7 8 9 10 11 12 13 14 15 16 17 18 19 20 21 22 23 24 25 26 27 28 29 0 1 2 3 4 5 6 7 8 9 10 11 12 13 14 15 16 17 18 19 20 21 22 23 24 25 26 27 28 29 0 1 2 3 4 5 6 7 8 9 10 11 12 13 14 15 16 17 18 19 20 21 22 23 24 25 26 27 28 29 0 1 2 3 4 5 6 7 8 9 10 11 12 13 14 15 16 17 18 19 20 21 22 23 24 25 26 27 28 29 0 1 2 3 4 5 6 7 8 9 10 11 12 13 14 15 16 17 18 19 20 21 22 23 24 25 26 27 28 29 0 1 2 3 4 5 6 7 8 9 10 11 12 13 14 15 16 17 18 19 20 21 22 23 24 25 26 27 28 29 
</Matrix>
   <Matrix name="yloc" type="complete" rows="1" columns="900" multiplier="1.0">
   0 0 0 0 0 0 0 0 0 0 0 0 0 0 0 0 0 0 0 0 0 0 0 0 0 0 0 0 0 0 1 1 1 1 1 1 1 1 1 1 1 1 1 1 1 1 1 1 1 1 1 1 1 1 1 1 1 1 1 1 2 2 2 2 2 2 2 2 2 2 2 2 2 2 2 2 2 2 2 2 2 2 2 2 2 2 2 2 2 2 3 3 3 3 3 3 3 3 3 3 3 3 3 3 3 3 3 3 3 3 3 3 3 3 3 3 3 3 3 3 4 4 4 4 4 4 4 4 4 4 4 4 4 4 4 4 4 4 4 4 4 4 4 4 4 4 4 4 4 4 5 5 5 5 5 5 5 5 5 5 5 5 5 5 5 5 5 5 5 5 5 5 5 5 5 5 5 5 5 5 6 6 6 6 6 6 6 6 6 6 6 6 6 6 6 6 6 6 6 6 6 6 6 6 6 6 6 6 6 6 7 7 7 7 7 7 7 7 7 7 7 7 7 7 7 7 7 7 7 7 7 7 7 7 7 7 7 7 7 7 8 8 8 8 8 8 8 8 8 8 8 8 8 8 8 8 8 8 8 8 8 8 8 8 8 8 8 8 8 8 9 9 9 9 9 9 9 9 9 9 9 9 9 9 9 9 9 9 9 9 9 9 9 9 9 9 9 9 9 9 10 10 10 10 10 10 10 10 10 10 10 10 10 10 10 10 10 10 10 10 10 10 10 10 10 10 10 10 10 10 11 11 11 11 11 11 11 11 11 11 11 11 11 11 11 11 11 11 11 11 11 11 11 11 11 11 11 11 11 11 12 12 12 12 12 12 12 12 12 12 12 12 12 12 12 12 12 12 12 12 12 12 12 12 12 12 12 12 12 12 13 13 13 13 13 13 13 13 13 13 13 13 13 13 13 13 13 13 13 13 13 13 13 13 13 13 13 13 13 13 14 14 14 14 14 14 14 14 14 14 14 14 14 14 14 14 14 14 14 14 14 14 14 14 14 14 14 14 14 14 15 15 15 15 15 15 15 15 15 15 15 15 15 15 15 15 15 15 15 15 15 15 15 15 15 15 15 15 15 15 16 16 16 16 16 16 16 16 16 16 16 16 16 16 16 16 16 16 16 16 16 16 16 16 16 16 16 16 16 16 17 17 17 17 17 17 17 17 17 17 17 17 17 17 17 17 17 17 17 17 17 17 17 17 17 17 17 17 17 17 18 18 18 18 18 18 18 18 18 18 18 18 18 18 18 18 18 18 18 18 18 18 18 18 18 18 18 18 18 18 19 19 19 19 19 19 19 19 19 19 19 19 19 19 19 19 19 19 19 19 19 19 19 19 19 19 19 19 19 19 20 20 20 20 20 20 20 20 20 20 20 20 20 20 20 20 20 20 20 20 20 20 20 20 20 20 20 20 20 20 21 21 21 21 21 21 21 21 21 21 21 21 21 21 21 21 21 21 21 21 21 21 21 21 21 21 21 21 21 21 22 22 22 22 22 22 22 22 22 22 22 22 22 22 22 22 22 22 22 22 22 22 22 22 22 22 22 22 22 22 23 23 23 23 23 23 23 23 23 23 23 23 23 23 23 23 23 23 23 23 23 23 23 23 23 23 23 23 23 23 24 24 24 24 24 24 24 24 24 24 24 24 24 24 24 24 24 24 24 24 24 24 24 24 24 24 24 24 24 24 25 25 25 25 25 25 25 25 25 25 25 25 25 25 25 25 25 25 25 25 25 25 25 25 25 25 25 25 25 25 26 26 26 26 26 26 26 26 26 26 26 26 26 26 26 26 26 26 26 26 26 26 26 26 26 26 26 26 26 26 27 27 27 27 27 27 27 27 27 27 27 27 27 27 27 27 27 27 27 27 27 27 27 27 27 27 27 27 27 27 28 28 28 28 28 28 28 28 28 28 28 28 28 28 28 28 28 28 28 28 28 28 28 28 28 28 28 28 28 28 29 29 29 29 29 29 29 29 29 29 29 29 29 29 29 29 29 29 29 29 29 29 29 29 29 29 29 29 29 29 
</Matrix>
   <Matrix name="neuronTypes" type="complete" rows="1" columns="900" multiplier="1.0">
   2 2 1 2 2 2 2 2 2 2 2 2 1 2 2 2 2 2 2 2 2 2 1 2 2 2 2 2 2 2 2 2 2 2 2 2 2 2 2 2 2 2 2 2 2 2 2 2 2 2 2 2 2 2 2 2 2 2 2 2 2 2 2 2 2 1 2 2 1 2 2 2 2 2 2 1 2 2 1 2 2 2 2 2 2 1 2 2 1 2 2 2 1 2 2 2 2 2 2 2 2 2 1 2 2 2 2 2 2 2 2 2 1 2 2 2 2 2 2 2 2 2 2 2 2 2 2 2 2 2 2 2 2 2 2 2 2 2 2 2 2 2 2 2 2 2 2 2 2 2 2 2 2 2 2 1 2 2 1 2 2 2 2 2 2 1 2 2 1 2 2 2 2 2 2 1 2 2 1 2 2 2 1 2 2 2 2 2 2 2 2 2 1 2 2 2 2 2 2 2 2 2 1 2 2 2 2 2 2 2 2 2 2 2 2 2 2 2 2 2 2 2 2 2 2 2 2 2 2 2 2 2 2 2 2 2 2 2 2 2 2 2 2 2 2 1 2 2 1 2 2 2 2 2 2 1 2 2 1 2 2 2 2 2 2 1 2 2 1 2 2 2 1 2 2 2 2 2 2 2 2 2 1 2 2 2 2 2 2 2 2 2 1 2 2 2 2 2 2 2 2 2 2 2 2 2 2 2 1 2 2 2 2 2 2 2 2 2 1 2 2 2 2 2 2 2 2 2 1 2 2 2 2 2 2 2 2 2 2 2 2 2 2 2 2 2 2 2 2 2 2 2 2 2 2 2 2 2 2 2 2 2 1 2 2 1 2 2 2 2 2 2 1 2 2 1 2 2 2 2 2 2 1 2 2 1 2 2 2 2 2 2 2 2 2 2 2 2 1 2 2 2 2 2 2 2 2 2 1 2 2 2 2 2 2 2 2 2 1 2 2 2 2 2 2 2 2 2 2 2 2 2 2 2 2 2 2 2 2 2 2 2 2 2 2 2 2 2 2 2 2 2 1 2 2 1 2 2 2 2 2 2 1 2 2 1 2 2 2 2 2 2 1 2 2 1 2 2 2 2 2 2 2 2 2 2 2 2 1 2 2 2 2 2 2 2 2 2 1 2 2 2 2 2 2 2 2 2 1 2 2 2 2 2 2 2 2 2 2 2 2 2 2 2 2 2 2 2 2 2 2 2 2 2 2 2 2 2 2 2 2 2 1 2 2 1 2 2 2 2 2 2 1 2 2 1 2 2 2 2 2 2 1 2 2 1 2 2 2 2 2 2 2 2 2 2 2 2 1 2 2 2 2 2 2 2 2 2 1 2 2 2 2 2 2 2 2 2 1 2 2 2 1 2 2 2 2 2 2 2 2 2 1 2 2 2 2 2 2 2 2 2 1 2 2 2 2 2 2 2 2 2 2 2 2 2 2 2 2 2 2 2 2 2 2 2 2 2 2 2 2 2 2 2 2 2 2 2 2 2 2 2 2 2 2 1 2 2 1 2 2 2 2 2 2 1 2 2 1 2 2 2 2 2 2 1 2 2 1 2 2 2 1 2 2 2 2 2 2 2 2 2 1 2 2 2 2 2 2 2 2 2 1 2 2 2 2 2 2 2 2 2 2 2 2 2 2 2 2 2 2 2 2 2 2 2 2 2 2 2 2 2 2 2 2 2 2 2 2 2 2 2 2 2 2 1 2 2 1 2 2 2 2 2 2 1 2 2 1 2 2 2 2 2 2 1 2 2 1 2 2 2 1 2 2 2 2 2 2 2 2 2 1 2 2 2 2 2 2 2 2 2 1 2 2 2 2 2 2 2 2 2 2 2 2 2 2 2 2 2 2 2 2 2 2 2 2 2 2 2 2 2 2 2 2 2 2 2 2 2 2 2 2 2 2 1 2 2 1 2 2 2 2 2 2 1 2 2 1 2 2 2 2 2 2 1 2 2 1 2 2 2 1 2 2 2 2 2 2 2 2 2 1 2 2 2 2 2 2 2 2 2 1 2 2 2 2 2 2 2 
</Matrix>
   <Matrix name="starterNeurons" type="complete" rows="1" columns="90" multiplier="1.0">
   7 17 27 31 34 41 44 51 54 97 107 117 121 124 131 134 141 144 187 197 207 211 214 221 224 231 234 277 287 297 307 317 327 331 334 341 344 351 354 397 407 417 421 424 431 434 441 444 487 497 507 511 514 521 524 531 534 577 587 597 607 617 627 631 634 641 644 651 654 697 707 717 721 724 731 734 741 744 787 797 807 811 814 821 824 831 834 877 887 897 
</Matrix>
   <Matrix name="neuronThresh" type="complete" rows="1" columns="900" multiplier="1.0">
   0.015 0.015 0.015 0.015 0.015 0.015 0.015 0.0136439 0.015 0.015 0.015 0.015 0.015 0.015 0.015 0.015 0.015 0.0135698 0.015 0.015 0.015 0.015 0.015 0.015 0.015 0.015 0.015 0.0136035 0.015 0.015 0.015 0.0136205 0.015 0.015 0.0136548 0.015 0.015 0.015 0.015 0.015 0.015 0.0136523 0.015 0.015 0.0135773 0.015 0.015 0.015 0.015 0.015 0.015 0.0136396 0.015 0.015 0.0135992 0.015 0.015 0.015 0.015 0.015 0.015 0.015 0.015 0.015 0.015 0.015 0.015 0.015 0.015 0.015 0.015 0.015 0.015 0.015 0.015 0.015 0.015 0.015 0.015 0.015 0.015 0.015 0.015 0.015 0.015 0.015 0.015 0.015 0.015 0.015 0.015 0.015 0.015 0.015 0.015 0.015 0.015 0.0136163 0.015 0.015 0.015 0.015 0.015 0.015 0.015 0.015 0.015 0.0136357 0.015 0.015 0.015 0.015 0.015 0.015 0.015 0.015 0.015 0.0136223 0.015 0.015 0.015 0.0136272 0.015 0.015 0.0135701 0.015 0.015 0.015 0.015 0.015 0.015 0.0135748 0.015 0.015 0.0135779 0.015 0.015 0.015 0.015 0.015 0.015 0.0136135 0.015 0.015 0.0136465 0.015 0.015 0.015 0.015 0.015 0.015 0.015 0.015 0.015 0.015 0.015 0.015 0.015 0.015 0.015 0.015 0.015 0.015 0.015 0.015 0.015 0.015 0.015 0.015 0.015 0.015 0.015 0.015 0.015 0.015 0.015 0.015 0.015 0.015 0.015 0.015 0.015 0.015 0.015 0.015 0.015 0.015 0.0136323 0.015 0.015 0.015 0.015 0.015 0.015 0.015 0.015 0.015 0.013608 0.015 0.015 0.015 0.015 0.015 0.015 0.015 0.015 0.015 0.0136095 0.015 0.015 0.015 0.013569 0.015 0.015 0.0135809 0.015 0.015 0.015 0.015 0.015 0.015 0.0136278 0.015 0.015 0.0135908 0.015 0.015 0.015 0.015 0.015 0.015 0.0136468 0.015 0.015 0.0135825 0.015 0.015 0.015 0.015 0.015 0.015 0.015 0.015 0.015 0.015 0.015 0.015 0.015 0.015 0.015 0.015 0.015 0.015 0.015 0.015 0.015 0.015 0.015 0.015 0.015 0.015 0.015 0.015 0.015 0.015 0.015 0.015 0.015 0.015 0.015 0.015 0.015 0.015 0.015 0.015 0.015 0.015 0.0136072 0.015 0.015 0.015 0.015 0.015 0.015 0.015 0.015 0.015 0.0135994 0.015 0.015 0.015 0.015 0.015 0.015 0.015 0.015 0.015 0.0136304 0.015 0.015 0.015 0.015 0.015 0.015 0.015 0.015 0.015 0.0135665 0.015 0.015 0.015 0.015 0.015 0.015 0.015 0.015 0.015 0.0136164 0.015 0.015 0.015 0.015 0.015 0.015 0.015 0.015 0.015 0.0135824 0.015 0.015 0.015 0.0136507 0.015 0.015 0.0136407 0.015 0.015 0.015 0.015 0.015 0.015 0.0135699 0.015 0.015 0.0136457 0.015 0.015 0.015 0.015 0.015 0.015 0.0136186 0.015 0.015 0.0135945 0.015 0.015 0.015 0.015 0.015 0.015 0.015 0.015 0.015 0.015 0.015 0.015 0.015 0.015 0.015 0.015 0.015 0.015 0.015 0.015 0.015 0.015 0.015 0.015 0.015 0.015 0.015 0.015 0.015 0.015 0.015 0.015 0.015 0.015 0.015 0.015 0.015 0.015 0.015 0.015 0.015 0.015 0.0136527 0.015 0.015 0.015 0.015 0.015 0.015 0.015 0.015 0.015 0.0135869 0.015 0.015 0.015 0.015 0.015 0.015 0.015 0.015 0.015 0.0136385 0.015 0.015 0.015 0.0136005 0.015 0.015 0.0136322 0.015 0.015 0.015 0.015 0.015 0.015 0.0136261 0.015 0.015 0.0135684 0.015 0.015 0.015 0.015 0.015 0.015 0.0135713 0.015 0.015 0.0135878 0.015 0.015 0.015 0.015 0.015 0.015 0.015 0.015 0.015 0.015 0.015 0.015 0.015 0.015 0.015 0.015 0.015 0.015 0.015 0.015 0.015 0.015 0.015 0.015 0.015 0.015 0.015 0.015 0.015 0.015 0.015 0.015 0.015 0.015 0.015 0.015 0.015 0.015 0.015 0.015 0.015 0.015 0.0136541 0.015 0.015 0.015 0.015 0.015 0.015 0.015 0.015 0.015 0.013566 0.015 0.015 0.015 0.015 0.015 0.015 0.015 0.015 0.015 0.0135852 0.015 0.015 0.015 0.0136505 0.015 0.015 0.0135879 0.015 0.015 0.015 0.015 0.015 0.015 0.0136236 0.015 0.015 0.0136144 0.015 0.015 0.015 0.015 0.015 0.015 0.0136034 0.015 0.015 0.0135984 0.015 0.015 0.015 0.015 0.015 0.015 0.015 0.015 0.015 0.015 0.015 0.015 0.015 0.015 0.015 0.015 0.015 0.015 0.015 0.015 0.015 0.015 0.015 0.015 0.015 0.015 0.015 0.015 0.015 0.015 0.015 0.015 0.015 0.015 0.015 0.015 0.015 0.015 0.015 0.015 0.015 0.015 0.0136147 0.015 0.015 0.015 0.015 0.015 0.015 0.015 0.015 0.015 0.0136514 0.015 0.015 0.015 0.015 0.015 0.015 0.015 0.015 0.015 0.0136411 0.015 0.015 0.015 0.015 0.015 0.015 0.015 0.015 0.015 0.0136191 0.015 0.015 0.015 0.015 0.015 0.015 0.015 0.015 0.015 0.0135718 0.015 0.015 0.015 0.015 0.015 0.015 0.015 0.015 0.015 0.013576 0.015 0.015 0.015 0.0136071 0.015 0.015 0.0136263 0.015 0.015 0.015 0.015 0.015 0.015 0.0136053 0.015 0.015 0.0136438 0.015 0.015 0.015 0.015 0.015 0.015 0.0136535 0.015 0.015 0.0136371 0.015 0.015 0.015 0.015 0.015 0.015 0.015 0.015 0.015 0.015 0.015 0.015 0.015 0.015 0.015 0.015 0.015 0.015 0.015 0.015 0.015 0.015 0.015 0.015 0.015 0.015 0.015 0.015 0.015 0.015 0.015 0.015 0.015 0.015 0.015 0.015 0.015 0.015 0.015 0.015 0.015 0.015 0.0136276 0.015 0.015 0.015 0.015 0.015 0.015 0.015 0.015 0.015 0.0135897 0.015 0.015 0.015 0.015 0.015 0.015 0.015 0.015 0.015 0.0135677 0.015 0.015 0.015 0.0135831 0.015 0.015 0.0136462 0.015 0.015 0.015 0.015 0.015 0.015 0.0135891 0.015 0.015 0.0136239 0.015 0.015 0.015 0.015 0.015 0.015 0.0136447 0.015 0.015 0.0135898 0.015 0.015 0.015 0.015 0.015 0.015 0.015 0.015 0.015 0.015 0.015 0.015 0.015 0.015 0.015 0.015 0.015 0.015 0.015 0.015 0.015 0.015 0.015 0.015 0.015 0.015 0.015 0.015 0.015 0.015 0.015 0.015 0.015 0.015 0.015 0.015 0.015 0.015 0.015 0.015 0.015 0.015 0.0135851 0.015 0.015 0.015 0.015 0.015 0.015 0.015 0.015 0.015 0.0136368 0.015 0.015 0.015 0.015 0.015 0.015 0.015 0.015 0.015 0.0136232 0.015 0.015 0.015 0.0135709 0.015 0.015 0.0135869 0.015 0.015 0.015 0.015 0.015 0.015 0.013615 0.015 0.015 0.0136361 0.015 0.015 0.015 0.015 0.015 0.015 0.013633 0.015 0.015 0.0135895 0.015 0.015 0.015 0.015 0.015 0.015 0.015 0.015 0.015 0.015 0.015 0.015 0.015 0.015 0.015 0.015 0.015 0.015 0.015 0.015 0.015 0.015 0.015 0.015 0.015 0.015 0.015 0.015 0.015 0.015 0.015 0.015 0.015 0.015 0.015 0.015 0.015 0.015 0.015 0.015 0.015 0.015 0.0136087 0.015 0.015 0.015 0.015 0.015 0.015 0.015 0.015 0.015 0.0136257 0.015 0.015 0.015 0.015 0.015 0.015 0.015 0.015 0.015 0.0136321 0.015 0.015 
</Matrix>
   <Matrix name="Tsim" type="complete" rows="1" columns="1" multiplier="1.0">
   100
</Matrix>
   <Matrix name="simulationEndTime" type="complete" rows="1" columns="1" multiplier="1.0">
   1000
</Matrix>
</SimState>
