<?xml version="1.0" standalone="no"?>
<Matrix name="Neuron_7" type="complete" rows="1" columns="193" multiplier="1.0">
   11902 52292 53451 63973 78448 82829 111929 118193 144364 146173 151620 160934 172451 173669 178985 189478 198367 238259 244969 247897 251983 259101 263427 284759 286726 303839 307740 327249 339669 356729 365354 384960 392774 400925 419829 457679 459941 483562 496015 506706 517466 528563 541076 541886 544372 568051 585394 599499 611888 617331 627664 630188 639852 644093 646691 656815 668556 674233 695240 704735 727176 751323 761886 768528 774997 788493 791460 794812 800246 802247 805565 822540 850928 860129 881428 891820 900160 902245 906503 910702 923977 936955 941005 943556 948023 956993 974852 991887 999037 1000704 1006802 1040341 1045646 1054174 1066682 1078242 1079501 1099978 1102674 1109245 1110949 1112242 1119645 1124536 1131000 1139375 1146904 1150525 1159985 1171720 1184119 1185983 1188622 1197785 1207025 1218251 1224786 1226426 1228097 1231567 1239676 1254163 1255771 1257163 1259821 1270554 1278287 1285599 1292220 1294490 1301912 1304508 1325507 1328816 1334504 1347475 1350404 1354524 1370285 1372218 1393614 1404534 1405695 1416356 1419338 1438881 1454736 1456710 1457709 1461123 1471986 1481505 1484456 1497409 1499198 1504226 1511098 1522224 1531552 1539595 1545476 1549400 1557623 1578175 1586667 1604911 1623682 1625708 1635793 1640321 1646316 1650319 1663760 1669238 1677236 1714172 1723014 1724791 1726705 1750746 1763984 1781775 1801200 1818573 1842155 1854627 1879944 1887566 1919954 1923100 1924136 1962147 1983835 
</Matrix>
