<?xml version="1.0" standalone="no"?>
<Matrix name="Neuron_7" type="complete" rows="1" columns="189" multiplier="1.0">
   5900 6942 10006 13371 22102 33480 39467 41921 69666 72287 80391 89924 102695 104216 126232 162426 188819 190770 216992 224176 228711 263599 266189 281997 289679 301599 303753 313720 400923 413436 421706 424662 428231 433405 439164 441456 455261 457397 459131 483597 485496 487347 490009 494432 529350 542803 543930 553938 601404 607568 635521 654816 665054 672395 682460 691026 699678 703218 708276 717120 729525 743501 768323 772559 775095 781454 785959 799428 806518 828899 837033 842480 855079 857773 860340 864284 866058 866876 872647 892532 941346 946687 952093 954553 959010 965326 976411 986483 991134 1003748 1006839 1013633 1015817 1048077 1049343 1059367 1062466 1091972 1094706 1108378 1109827 1119192 1126802 1151609 1161058 1182042 1184644 1185537 1197256 1203173 1211005 1231849 1232878 1240953 1262431 1278874 1305072 1307176 1313140 1314986 1326646 1332049 1334327 1341283 1344713 1352703 1355430 1362731 1363958 1383714 1394033 1402496 1425637 1431905 1438511 1440454 1455737 1463678 1468629 1482964 1496076 1498358 1510457 1513881 1524752 1559813 1572702 1576873 1582358 1632776 1637473 1664292 1684518 1685569 1687695 1691885 1701549 1704375 1746772 1753274 1761043 1771115 1785184 1790289 1800634 1815383 1824301 1838638 1847806 1850837 1857318 1871109 1878363 1882673 1896777 1907160 1909229 1914265 1918174 1928747 1933403 1942901 1948930 1952901 1966428 1986235 1990706 1995478 1998055 
</Matrix>
