<?xml version="1.0" encoding="UTF-8" standalone="no"?>
<BGSimParams>
  <SimInfoParams name="SimInfoParams">
    <PoolSize name="PoolSize">
      <x name="x">10</x>
      <y name="y">10</y>
      <z name="z">1</z>
    </PoolSize>
    <SimParams name="SimParams">
      <epochDuration name="epochDuration">100.0</epochDuration>
      <numEpochs name="numEpochs">2</numEpochs>
    </SimParams>
    <SimConfig name="SimConfig">
      <maxFiringRate name="maxFiringRate">200</maxFiringRate>
      <maxEdgesPerVertex name="maxEdgesPerVertex">200</maxEdgesPerVertex>
    </SimConfig>
    <RNGConfig name="RNGConfig">
      <InitRNGParams name="InitRNGParams">
        <Seed name="Seed">1</Seed>
      </InitRNGParams>
      <NoiseRNGParams class="Norm" name="NoiseRNGParams">
        <Seed name="Seed">1</Seed>
      </NoiseRNGParams>
    </RNGConfig>
    <OutputParams name="OutputParams">
      <resultFileName name="resultFileName">../Testing/RegressionTesting/TestOutput/test-small-connected-out.xml</resultFileName>
    </OutputParams>
  </SimInfoParams>

  <ModelParams>
    <VerticesParams class="AllLIFNeurons" name="VerticesParams">
      <Iinject name="Iinject">
        <min name="min">13.5e-09</min>
        <max name="max">13.5e-09</max>
      </Iinject>
      <Inoise name="Inoise">
        <min name="min">1.0e-09</min>
        <max name="max">1.5e-09</max>
      </Inoise>
      <Vthresh name="Vthresh">
        <min name="min">15.0e-03</min>
        <max name="max">15.0e-03</max>
      </Vthresh>
      <Vresting name="Vresting">
        <min name="min">0.0</min>
        <max name="max">0.0</max>
      </Vresting>
      <Vreset name="Vreset">
        <min name="min">13.5e-03</min>
        <max name="max">13.5e-03</max>
      </Vreset>
      <Vinit name="Vinit">
        <min name="min">13.0e-03</min>
        <max name="max">13.0e-03</max>
      </Vinit>
      <starter_vthresh name="starter_vthresh">
        <min name="min">13.565e-3</min>
        <max name="max">13.655e-3</max>
      </starter_vthresh>
      <starter_vreset name="starter_vreset">
        <min name="min">13.0e-3</min>
        <max name="max">13.0e-3</max>
      </starter_vreset>
    </VerticesParams>

    <EdgesParams class="AllDSSynapses" name="EdgesParams">
      <tau name="tau">
        <ii name="ii">6e-3</ii>
        <ie name="ie">6e-3</ie>
        <ei name="ei">3e-3</ei>
        <ee name="ee">3e-3</ee>
      </tau>
      <delay name="delay">
        <ii name="ii">0.8e-3</ii>
        <ie name="ie">0.8e-3</ie>
        <ei name="ei">0.8e-3</ei>
        <ee name="ee">1.5e-3</ee>
      </delay>
      <U name="U">
        <ii name="ii">0.32</ii>
        <ie name="ie">0.25</ie>
        <ei name="ei">0.05</ei>
        <ee name="ee">0.5</ee>
      </U>
      <D name="D">
        <ii name="ii">0.144</ii>
        <ie name="ie">0.7</ie>
        <ei name="ei">0.125</ei>
        <ee name="ee">1.1</ee>
      </D>
      <F name="F">
        <ii name="ii">0.06</ii>
        <ie name="ie">0.02</ie>
        <ei name="ei">1.2</ei>
        <ee name="ee">0.05</ee>
      </F>
    </EdgesParams>

    <ConnectionsParams class="ConnGrowth" name="ConnectionsParams">
      <!-- Growth parameters -->
      <GrowthParams name="GrowthParams">
        <epsilon name="epsilon">0.60</epsilon>
        <beta name="beta">0.10</beta>
        <rho name="rho">0.0001</rho>
        <targetRate name="targetRate">1.0</targetRate>
        <minRadius name="minRadius">0.1</minRadius>
        <startRadius name="startRadius">0.49</startRadius>
      </GrowthParams>
    </ConnectionsParams>

    <LayoutParams class="FixedLayout" name="LayoutParams">
      <LayoutFiles name="LayoutFiles">
        <activeNListFileName name="activeNListFileName" type="InputFile">../configfiles/NList/ActiveNList10x10-0.1.xml</activeNListFileName>
        <inhNListFileName name="inhNListFileName" type="InputFile">../configfiles/NList/InhibitoryNList10x10-0.1.xml</inhNListFileName>
      </LayoutFiles>
    </LayoutParams>

    <RecorderParams class="XmlGrowthRecorder" name="RecorderParams">
      <probedNListFileName name="prbNListFileName" type="InputFile">../configfiles/NList/probedNList_2-100.xml</probedNListFileName>
    </RecorderParams>
  </ModelParams>
</BGSimParams>