<?xml version="1.0" standalone="no"?>
<Matrix name="Neuron_7" type="complete" rows="1" columns="981" multiplier="1.0">
   11902 52292 53451 63973 78448 82829 111929 118193 144364 146173 151620 160934 172451 173669 178985 189478 198367 238259 244969 247897 251983 259101 263427 284759 286726 303839 307740 327249 339669 356729 365354 384960 392774 400925 419829 457679 459941 483562 496015 506706 517466 528563 541076 541886 544372 568051 585394 599499 611888 617331 627664 630188 639852 644093 646691 656815 668556 674233 695240 704735 727176 751323 761886 768528 774997 788493 791460 794812 800246 802247 805565 822540 850928 860129 881428 891820 900160 902245 906503 910702 923977 936955 941005 943556 948023 956993 974852 991887 999037 1000704 1006802 1040341 1045646 1054174 1066682 1078242 1079501 1099978 1102674 1109245 1110949 1112242 1119645 1124536 1131000 1139375 1146904 1150525 1159985 1171720 1184119 1185983 1188622 1197785 1207025 1218251 1224786 1226426 1228097 1231567 1239676 1254163 1255771 1257163 1259821 1270554 1278287 1285599 1292220 1294490 1301912 1304508 1325507 1328816 1334504 1347475 1350404 1354524 1370285 1372218 1393614 1404534 1405695 1416356 1419338 1438881 1454736 1456710 1457709 1461123 1471986 1481505 1484456 1497409 1499198 1504226 1511098 1522224 1531552 1539595 1545476 1549400 1557623 1578175 1586667 1604911 1623682 1625708 1635793 1640321 1646316 1650319 1663760 1669238 1677236 1714172 1723014 1724791 1726705 1750746 1763984 1781775 1801200 1818573 1842155 1854627 1879944 1887566 1919954 1923100 1924136 1962147 1983835 2002223 2004227 2019311 2022754 2026812 2028570 2030668 2032652 2036100 2039634 2086420 2091427 2102445 2111300 2114173 2116576 2125063 2130649 2132232 2157874 2163101 2164384 2169902 2176932 2207705 2209838 2218452 2224126 2229759 2235192 2248698 2251246 2275746 2287022 2288609 2292106 2294552 2301419 2304013 2326812 2330477 2342673 2343971 2351422 2363077 2367325 2369149 2379804 2383466 2386826 2391193 2393277 2395925 2403706 2410288 2436428 2443289 2445435 2463336 2468220 2476589 2477736 2482935 2498514 2507732 2534048 2549987 2572673 2583118 2593617 2596047 2597863 2602430 2627523 2640904 2641761 2643412 2646557 2653713 2673169 2677672 2682586 2705252 2714887 2715791 2730585 2747178 2763604 2769960 2779129 2797323 2822920 2841776 2849646 2861241 2864664 2869627 2886871 2898710 2919104 2921840 2944558 2959905 2973642 2975811 2979869 2981501 3001911 3022020 3026059 3027975 3042180 3064694 3067411 3068223 3070548 3076273 3078780 3081683 3082807 3089374 3118451 3139021 3141814 3144494 3148374 3165492 3167002 3171643 3182419 3184621 3201959 3205472 3216447 3221351 3255484 3257559 3266267 3282426 3287205 3293589 3319530 3320299 3322473 3324154 3332397 3342781 3346738 3353054 3385168 3386268 3391839 3394227 3398736 3401057 3402719 3410331 3411688 3414550 3416063 3437372 3452576 3458178 3468004 3469582 3477682 3499340 3516844 3522531 3527284 3531277 3536736 3546054 3559946 3585253 3595795 3604884 3636968 3650374 3653900 3667994 3675976 3679485 3703627 3714901 3717794 3736259 3747888 3750765 3752755 3800803 3814843 3817040 3835181 3848818 3862862 3867295 3882450 3892046 3926973 3928868 3934655 3938760 3953296 3955321 3980746 3984955 3998622 4012217 4022988 4038004 4046648 4048706 4052026 4058984 4071042 4073174 4078310 4079690 4095604 4099200 4106959 4120950 4125996 4133930 4135477 4157797 4161770 4164983 4177487 4189080 4192870 4194946 4205316 4224019 4237389 4246007 4250069 4252434 4283563 4290920 4293610 4296006 4330305 4339228 4345533 4352199 4367215 4369143 4373501 4388180 4399374 4425180 4460722 4465991 4473722 4487844 4496866 4503431 4517228 4537075 4549400 4572905 4585477 4590382 4595873 4609403 4649484 4656282 4664561 4682989 4694147 4712521 4714106 4718162 4720320 4730110 4737575 4741463 4753312 4756848 4758720 4777715 4779166 4782222 4787749 4803558 4807378 4823094 4832211 4863370 4869490 4884210 4907863 4911063 4913962 4931887 4943564 4945048 4947740 4978601 4982545 4987653 4993477 5018134 5036695 5048526 5051475 5071735 5080429 5082283 5084804 5097742 5104443 5113579 5115506 5123320 5126765 5155997 5157606 5185177 5186630 5194292 5207420 5212165 5230099 5247261 5272724 5278387 5286746 5288165 5289471 5323850 5325732 5328540 5331199 5339888 5345112 5362112 5371507 5374262 5387869 5401835 5403030 5407889 5409317 5411057 5415620 5418282 5429663 5439205 5442301 5457695 5477038 5497682 5500266 5504671 5520972 5535133 5536998 5539344 5544351 5561160 5563942 5567082 5573693 5578032 5600470 5623903 5626227 5637476 5684161 5691597 5695527 5714130 5719222 5720291 5734594 5743862 5752530 5781644 5783985 5789353 5797598 5806168 5813723 5816380 5830035 5844079 5846194 5847424 5871253 5890748 5900809 5903231 5912991 5929499 5936471 5938970 5943051 5963351 5964454 5970806 5980858 5991187 5997283 5998876 6000991 6030945 6035605 6045775 6056156 6059673 6077509 6085415 6098951 6102966 6109147 6133068 6146030 6163334 6194220 6209277 6227674 6229298 6231198 6233303 6242818 6249145 6252558 6277972 6294973 6302553 6309466 6328585 6339064 6353021 6356081 6367600 6375559 6386526 6395318 6397466 6401421 6404601 6411046 6416795 6422756 6424722 6438838 6450406 6465901 6472145 6493294 6495921 6509151 6511458 6514433 6524135 6528924 6564072 6566402 6581711 6584683 6596454 6609128 6622222 6635902 6639636 6658548 6680698 6687816 6705612 6717955 6720013 6729304 6734270 6763262 6773406 6786374 6791876 6803130 6813277 6815138 6822945 6831833 6835761 6851118 6856883 6864365 6866607 6874292 6882445 6884739 6906981 6918512 6931938 6936552 6943282 6949402 6956907 6958197 6963653 6970007 6996265 6997405 7019274 7023005 7035452 7037543 7057756 7067648 7070792 7074708 7090984 7096827 7098441 7100556 7104128 7146374 7150855 7160275 7177301 7197615 7211786 7215430 7223675 7225401 7267985 7269407 7271843 7281169 7294787 7309778 7319371 7327064 7337332 7341854 7351746 7354370 7362578 7389921 7400065 7410856 7424287 7425902 7439315 7442264 7444087 7448943 7455322 7483859 7486949 7491426 7522651 7527203 7550966 7557036 7560525 7576696 7579022 7583166 7584617 7610588 7623754 7659414 7692307 7700248 7709563 7715810 7722299 7724227 7736656 7744635 7759525 7767524 7783255 7786315 7793315 7825061 7835805 7839965 7841847 7846983 7857701 7867607 7878370 7880163 7883412 7892212 7908548 7916800 7924697 7981363 8002704 8007733 8015614 8029898 8031097 8034478 8044927 8057211 8066214 8082078 8085346 8088160 8097771 8107627 8112320 8118276 8129543 8138209 8145005 8161297 8176922 8181422 8185990 8212783 8232426 8236038 8249209 8260364 8261510 8293483 8309396 8315398 8316508 8318225 8325460 8334456 8352945 8355941 8359917 8361439 8374468 8376326 8393088 8404820 8411569 8432744 8440930 8444251 8464867 8470491 8472003 8477191 8479905 8494072 8498811 8499617 8501566 8504611 8506069 8508237 8524378 8527995 8530311 8535943 8540593 8549920 8554056 8556300 8577580 8579150 8581371 8594072 8609189 8631845 8633861 8647046 8656232 8664677 8674280 8705750 8710148 8715228 8719114 8731100 8741685 8759655 8766461 8782680 8788599 8803516 8822786 8834907 8836052 8838478 8841589 8846936 8857333 8858559 8882014 8888576 8898113 8909836 8910908 8913364 8947126 8970147 8984987 8988975 8999530 9001527 9004106 9043605 9060566 9063629 9075841 9107422 9123133 9142994 9145717 9155072 9179993 9180695 9192657 9193723 9214433 9248527 9264539 9290184 9301956 9312742 9316617 9324782 9372114 9384078 9394757 9418807 9431500 9433672 9449014 9450594 9453964 9463970 9473126 9493420 9503779 9515254 9588199 9591827 9593989 9601242 9610092 9611637 9613407 9615070 9628141 9632901 9651256 9657422 9660401 9666971 9674081 9681030 9696753 9700691 9707067 9709710 9711312 9740848 9750775 9754414 9766077 9792037 9802184 9807288 9815795 9822583 9836843 9854512 9859566 9860868 9867516 9873677 9887138 9900500 9906402 9911350 9915986 9933702 9935664 9939305 9951966 9957349 9960883 9974816 
</Matrix>
<Matrix name="Neuron_17" type="complete" rows="1" columns="5694" multiplier="1.0">
   804 1382 3367 4988 6342 7747 8550 9336 11948 13279 14911 15960 17456 18463 19607 20330 21283 25486 27462 29422 31963 34349 35443 39294 40553 42719 43635 44667 46088 47594 49333 50603 52415 53855 54908 56360 57684 59161 61062 62367 63559 65585 67942 69162 70222 70875 72621 74157 75455 77084 78038 80205 81506 83635 85168 86479 87890 89545 91039 93496 97320 98876 100725 102685 104875 105878 106676 107314 109790 111114 113777 114996 116106 117152 117868 119423 122106 124689 126124 126703 128002 128676 129790 133264 134045 135717 138191 140389 141966 143579 145708 146646 148927 150629 153474 155475 157243 158380 159239 160012 161048 163794 165602 167070 168248 169753 172933 174718 179927 184052 185121 188240 191113 192346 193807 195093 196237 197616 198534 199224 200643 202895 205632 206559 207688 208775 211308 211824 212659 214144 218947 220318 221698 224459 225366 226352 227552 230201 231496 233711 234932 236501 237385 238425 240557 244955 247922 250208 251411 253885 255281 258011 259197 260403 263057 266047 267796 269311 271379 272695 273535 277871 279401 280739 282295 283525 284750 285607 287414 288988 290764 294482 297195 299869 300798 302157 302898 306886 308314 309510 311876 313175 315286 316333 317761 319162 322864 323817 326593 327935 330505 331487 332587 333706 335187 336569 337313 337960 342783 344047 345073 345823 347295 349061 350686 351766 352689 353630 356346 357473 361879 363958 365037 367264 368368 370077 371143 374229 376324 378665 380064 381060 381930 382988 384094 386845 387761 388703 392294 394095 395186 397569 398392 401320 402755 403707 404421 407995 409501 410779 411536 412718 415535 417771 419820 420714 421564 422662 423777 425217 426107 427084 427891 429006 430737 432316 437203 440474 441632 442363 443320 444579 445939 447390 449033 450285 451298 454007 454884 457193 459019 460035 463277 469939 471106 472660 474875 475392 476565 477510 478208 479399 482650 484302 485203 485849 487375 489981 490851 493022 493968 495880 498150 499807 503327 505222 507003 508498 509586 511808 514579 516605 518748 523680 525751 528702 530504 531302 532587 533392 535033 539236 542548 545663 546664 547926 548907 550066 550568 552270 552848 553624 558122 560463 561289 562212 563424 567437 571049 573422 575099 576038 577396 580408 581546 583082 586208 587368 591135 593919 595158 595998 599811 600864 601801 603984 605798 608124 610115 610912 612060 613515 614264 615771 616423 617697 618529 619717 621582 623090 625783 626500 627278 628500 629389 630055 633045 633623 634402 638486 641256 645746 648302 649078 649835 650740 652483 653634 654558 659102 661229 663323 665515 670515 672840 675321 676613 677741 681108 682728 683898 685755 687076 688744 690307 691577 692400 693328 694274 695314 697236 698659 700973 702128 702712 704755 706587 707760 709653 714668 715470 716877 717836 718578 719766 720934 721766 722624 723552 724379 725185 726174 727984 729173 729730 731138 732397 733355 735382 736524 737762 738763 739567 741152 742850 743961 745138 745962 746852 748459 749377 750832 753413 754481 755260 757585 758444 759884 761041 761695 762520 765268 767518 768935 770895 773075 774815 776350 778896 780744 782797 784848 786905 791325 793016 794195 795627 800499 802205 803675 806650 810345 811026 812567 813632 814366 816112 817764 820449 821507 823470 824794 825788 826818 827550 828387 831436 832233 834245 835517 837349 840282 841460 842030 845390 846707 847707 848982 851709 853219 855038 857181 858983 859842 861573 866227 868282 869053 871905 872871 874216 876771 878930 879970 880749 883908 885070 886406 888782 891090 892630 894249 895911 896690 903982 905218 907178 912397 913770 915940 917149 919081 919837 921837 926115 928005 929679 930625 933534 934613 937434 938231 939415 943191 944486 945796 946586 948477 949390 951488 953391 954824 955608 956394 957326 958845 960637 963497 964414 966255 967327 973730 975632 976354 977344 979312 981455 982997 984764 986310 990401 992344 993858 994407 996086 997649 998214 999580 1000915 1003372 1004843 1005667 1006778 1007576 1010031 1010988 1012372 1013204 1014181 1017586 1019597 1022351 1025091 1026835 1027553 1029455 1030452 1031533 1032320 1034392 1036033 1038470 1043434 1044702 1048587 1049781 1051250 1052511 1055162 1056034 1057479 1059411 1061463 1062338 1065759 1066862 1068183 1069239 1071818 1073046 1075419 1076576 1079084 1080857 1082633 1083851 1086968 1087902 1089412 1090951 1091495 1092595 1093926 1095909 1098090 1099362 1101571 1102301 1103632 1104523 1106694 1108245 1110613 1113692 1118826 1120004 1120903 1122178 1124428 1125886 1127547 1128821 1130504 1131660 1132953 1134016 1137513 1139162 1140340 1141891 1142810 1144222 1145277 1146900 1150367 1151806 1154493 1156538 1157717 1159698 1163143 1164425 1165314 1166987 1168788 1169701 1171315 1171969 1174357 1175176 1177437 1178275 1179662 1181384 1182871 1183708 1185713 1186973 1187782 1188825 1190417 1191308 1193055 1194415 1197596 1198640 1201116 1202685 1205895 1207412 1208715 1209559 1210870 1212205 1213282 1217475 1219547 1220323 1221810 1223857 1225702 1227178 1227919 1228693 1229868 1230488 1233459 1234865 1237802 1240337 1241831 1247456 1248464 1249317 1250181 1254234 1256691 1257549 1258845 1260292 1262073 1263361 1265739 1266971 1268346 1269567 1271726 1274455 1276475 1277822 1278835 1280732 1282736 1283867 1285391 1286769 1289562 1290257 1291107 1292445 1295274 1296590 1298390 1299230 1300162 1302944 1304166 1306093 1307024 1307939 1309263 1311043 1313486 1315487 1316534 1319291 1321478 1322558 1325412 1328804 1329580 1330761 1333591 1335090 1336349 1339260 1341672 1342735 1343943 1344936 1346078 1347076 1350093 1351393 1352890 1353639 1355277 1356145 1358063 1359466 1360871 1364743 1366015 1367528 1369160 1369781 1370961 1374047 1374696 1377735 1378465 1379830 1381041 1382232 1383444 1384786 1385687 1386328 1387128 1388539 1391721 1393200 1394443 1395801 1397965 1399893 1402480 1404469 1408257 1411441 1412425 1413633 1414424 1417120 1418699 1420974 1422064 1423422 1424839 1425793 1427615 1429059 1432364 1433818 1435734 1437250 1439281 1441146 1442695 1446402 1448429 1449647 1453468 1455236 1456525 1457911 1460897 1461684 1463042 1465011 1466159 1466681 1468846 1470476 1472080 1474490 1475471 1476619 1479666 1481495 1482215 1482866 1488206 1492014 1493635 1495160 1497599 1498556 1499688 1501150 1502042 1504497 1505934 1506782 1508854 1512141 1513270 1514690 1516626 1518437 1520273 1521528 1522605 1524084 1525541 1528316 1529301 1531650 1532704 1534520 1540656 1543373 1544055 1547326 1549068 1553180 1554138 1556512 1558305 1559860 1561394 1563383 1565513 1566971 1570405 1571395 1572367 1575070 1576722 1577908 1580069 1581554 1584190 1586733 1589298 1590163 1593008 1594187 1595915 1597370 1599154 1602711 1604909 1606412 1607692 1608476 1610572 1612874 1613786 1617554 1621061 1622616 1624943 1626091 1629205 1633732 1635771 1636789 1638534 1639665 1640173 1641379 1642500 1644717 1645559 1646619 1649101 1650157 1652425 1653288 1655829 1658307 1660552 1661865 1664550 1665201 1668605 1669810 1671872 1673498 1677446 1678706 1680129 1682365 1683135 1683798 1687194 1688219 1689137 1691529 1692391 1693809 1697668 1698948 1699718 1701486 1703371 1705292 1706528 1708652 1710588 1712225 1714640 1715915 1719323 1721196 1722870 1725138 1727728 1728904 1730577 1732702 1733571 1734602 1737573 1742428 1743794 1745248 1747484 1751092 1752294 1757309 1758105 1759950 1761864 1763359 1766576 1768435 1769323 1771553 1772956 1775614 1778136 1779407 1780141 1782234 1785413 1786753 1787798 1789178 1789772 1791973 1792913 1793834 1794632 1796985 1799573 1800108 1801347 1803001 1803815 1806416 1807574 1810023 1813301 1814282 1814904 1815919 1816980 1823634 1825122 1826739 1827840 1828737 1831342 1832186 1834471 1835128 1835911 1837014 1838366 1841672 1842753 1843407 1844235 1847275 1848086 1851103 1853087 1854696 1857865 1860317 1862746 1865159 1866217 1870128 1871774 1873787 1876489 1877491 1878351 1880072 1880852 1882945 1884054 1884823 1886124 1887815 1889269 1890033 1893173 1894281 1898697 1901059 1902178 1903222 1906179 1907603 1908338 1911918 1913090 1915563 1919046 1921587 1922621 1924653 1925852 1927691 1929059 1930173 1933298 1933842 1935006 1937623 1938445 1941336 1944074 1946622 1947482 1948556 1950520 1952424 1955173 1956024 1958053 1959490 1962153 1963891 1964995 1969689 1970794 1972847 1973772 1975006 1975756 1979658 1980793 1982066 1983203 1987094 1989259 1992635 1993751 1997223 2001250 2003703 2005281 2006371 2008012 2009394 2010394 2014118 2019419 2020866 2022411 2025003 2027024 2028380 2029910 2033207 2035303 2036417 2037310 2039307 2039980 2042381 2047377 2048110 2049482 2050646 2052693 2054327 2056862 2059540 2061320 2062294 2063127 2064452 2065772 2066994 2068628 2069703 2070315 2072224 2073649 2075944 2078884 2080678 2084047 2086759 2088685 2089261 2091437 2093498 2094097 2095603 2097867 2099729 2100474 2101448 2106110 2107136 2109884 2110579 2111279 2112069 2113377 2114991 2116252 2117894 2119210 2123709 2128840 2129743 2131715 2133090 2135976 2137119 2140548 2141401 2141987 2142621 2144077 2144666 2147668 2153095 2154497 2158098 2160950 2162503 2163177 2163962 2165904 2169029 2170829 2172289 2177018 2178316 2179213 2181936 2185465 2187586 2188346 2189340 2193664 2196060 2196741 2199942 2200681 2201978 2202988 2204030 2205395 2206130 2208503 2211382 2212593 2214283 2216721 2218695 2220300 2221624 2223239 2227998 2229479 2230511 2231500 2236113 2237661 2239452 2240476 2241327 2242497 2243516 2244329 2245044 2246116 2247315 2249310 2250578 2251991 2253319 2254685 2255553 2256605 2257638 2258901 2259649 2261874 2262574 2263523 2265172 2266523 2268011 2268779 2271758 2272826 2274140 2276059 2277970 2281151 2282276 2283143 2284575 2285730 2286951 2288860 2289515 2291821 2292870 2294097 2295437 2296498 2297291 2298251 2299247 2302543 2304023 2305512 2306561 2307704 2312119 2312949 2313612 2314714 2315717 2317353 2319410 2320212 2321861 2323214 2324894 2326527 2327328 2328079 2331590 2334434 2337229 2338526 2339405 2342740 2344819 2346625 2349680 2350891 2352222 2353590 2354669 2356428 2357679 2358804 2360672 2362873 2364154 2365432 2367856 2369504 2371255 2372378 2373386 2374543 2377005 2377768 2380400 2382386 2383308 2385787 2387616 2390463 2392147 2393270 2394087 2399218 2399959 2400803 2401660 2403960 2405308 2406440 2407845 2413398 2414931 2416777 2417867 2421111 2422964 2425113 2425979 2429938 2431938 2433210 2436885 2439572 2442815 2444878 2447050 2449091 2449707 2450488 2452184 2454291 2455397 2457698 2464083 2464931 2467542 2471590 2472704 2474820 2476002 2479901 2481784 2482341 2483419 2484145 2489658 2490507 2491954 2496267 2497659 2499105 2500613 2502322 2504608 2506943 2508296 2510021 2510868 2512573 2515060 2517249 2518563 2519592 2520829 2521816 2525289 2527933 2529056 2530833 2532202 2536328 2537332 2538354 2539185 2539891 2541025 2542842 2544000 2545541 2547157 2547995 2549279 2550559 2551610 2552798 2553604 2555189 2558078 2563283 2565205 2566637 2569442 2570236 2573613 2574902 2577636 2578338 2580208 2580969 2582606 2583528 2585970 2587412 2590964 2594164 2594815 2596427 2597620 2598239 2599229 2601374 2604675 2605469 2608750 2610748 2612012 2613422 2614330 2616573 2617227 2618403 2621658 2624454 2625462 2626036 2628298 2632128 2637102 2638005 2639717 2641181 2642795 2644112 2645558 2647681 2649664 2652562 2653709 2655563 2658999 2660027 2661537 2662224 2663728 2664641 2667229 2668454 2670348 2672591 2673688 2676072 2679663 2680909 2682188 2683670 2684956 2687576 2688580 2689561 2691701 2693652 2695657 2697157 2698369 2699696 2704638 2705991 2712542 2713707 2714798 2716124 2717701 2720855 2722494 2723865 2724754 2726454 2727576 2729665 2734226 2734917 2736852 2738863 2741274 2742702 2743905 2745777 2749408 2751563 2752457 2753978 2754913 2758067 2759646 2764340 2765181 2765822 2766551 2768020 2771527 2772549 2773712 2775036 2778522 2780006 2781328 2782749 2786054 2787188 2788452 2791297 2793494 2795186 2796355 2797921 2798752 2799582 2800721 2802333 2803819 2805471 2806214 2809240 2809902 2811620 2814458 2815751 2819095 2821730 2823871 2824484 2825784 2827477 2828931 2832377 2835880 2837787 2838983 2840134 2842408 2845632 2847320 2848904 2850468 2850977 2852419 2853340 2854705 2855715 2856526 2857316 2859243 2860466 2862180 2865318 2866173 2869073 2871248 2872144 2874653 2875605 2877237 2881669 2882592 2883433 2884439 2886894 2887934 2888681 2889681 2891486 2892190 2892773 2893640 2894570 2895491 2899031 2900492 2902223 2903690 2905293 2906223 2908404 2910515 2913774 2914811 2916661 2919977 2922696 2924189 2927541 2930415 2932637 2936317 2937522 2938654 2940537 2941608 2943019 2943961 2944627 2945405 2948412 2950083 2951810 2954971 2956410 2959999 2962352 2963803 2966933 2968756 2970865 2972697 2973725 2974995 2975781 2976941 2978469 2979474 2981100 2982630 2984301 2985206 2986060 2987619 2988198 2989598 2990445 2991681 2993613 2995142 2996568 2997925 2998551 3000301 3001631 3002940 3004475 3005516 3009582 3011057 3012491 3015125 3015931 3022454 3023449 3024238 3026379 3029104 3032635 3034313 3036508 3037266 3038185 3039764 3041278 3044679 3046093 3047554 3049987 3052276 3054015 3054750 3056343 3057826 3059125 3060465 3061441 3062839 3063806 3068044 3068594 3070726 3072075 3074265 3075876 3077235 3078059 3081638 3082346 3083583 3084386 3087877 3089091 3090573 3091474 3093338 3094290 3097819 3099433 3100744 3101541 3103265 3104155 3105623 3107039 3109124 3110118 3111864 3114178 3115446 3118217 3120060 3121167 3122121 3124434 3126388 3128171 3130938 3131889 3132718 3133915 3135037 3137809 3138985 3140902 3141705 3142514 3143045 3144317 3145630 3146876 3148106 3148983 3149790 3152075 3153465 3154236 3157822 3159285 3161828 3162869 3165517 3167792 3169207 3170848 3172086 3173485 3174174 3176325 3177298 3177984 3178817 3180038 3181055 3182945 3185084 3186201 3186972 3188337 3190755 3192551 3194249 3195868 3196555 3199809 3202888 3203636 3204601 3208138 3211599 3214188 3215864 3216778 3217804 3219582 3220410 3223797 3224915 3226237 3229351 3231712 3234378 3235774 3236471 3237446 3239254 3240053 3241196 3243308 3244521 3245535 3251492 3253503 3254177 3255037 3258180 3259132 3260744 3262726 3264990 3266815 3267911 3269837 3271618 3272610 3274136 3275371 3276680 3277581 3278972 3280911 3282479 3284578 3288366 3289342 3291127 3294278 3296169 3297144 3298129 3299459 3301492 3303456 3305650 3307597 3308551 3309189 3310575 3311861 3313692 3315531 3317604 3318275 3319372 3320585 3323671 3325382 3326278 3329207 3330141 3333018 3334313 3335627 3337654 3338498 3341810 3343385 3346555 3351227 3352738 3354288 3356104 3356858 3358305 3360668 3362362 3363442 3365259 3372205 3375060 3377980 3379283 3380891 3381614 3384044 3386067 3386850 3390931 3392108 3394001 3395565 3396739 3397822 3401889 3402550 3403683 3404876 3406046 3407220 3408518 3409551 3411985 3413529 3414792 3416705 3421155 3422248 3423425 3425430 3430045 3430831 3434455 3435145 3436348 3437450 3442304 3444144 3444705 3447273 3450274 3451088 3452404 3453413 3454857 3455526 3456959 3457885 3459871 3461570 3462383 3463669 3466092 3467093 3468291 3469371 3470640 3473384 3474193 3478360 3481480 3482843 3484856 3486394 3487469 3491470 3493222 3494574 3495820 3500712 3502088 3503192 3505064 3508727 3509602 3512030 3512907 3513604 3514563 3515555 3517236 3518224 3520752 3522230 3522888 3525956 3527738 3528808 3530460 3531953 3533125 3534496 3535292 3536371 3537826 3539134 3539583 3540553 3541346 3542348 3543808 3545723 3547126 3547758 3549198 3552136 3552950 3555721 3556954 3558502 3559372 3561826 3562977 3564451 3565365 3566795 3567281 3576490 3578188 3579378 3581312 3583722 3584817 3585778 3587566 3588243 3588946 3589667 3594183 3596244 3599194 3601627 3602380 3603537 3606828 3611104 3613375 3614257 3615919 3617867 3619518 3623409 3625600 3628843 3629795 3631428 3635569 3636699 3638246 3639202 3639830 3640587 3641847 3642657 3643267 3644414 3645039 3645977 3646928 3649126 3651796 3654711 3656971 3658197 3659543 3660900 3662122 3664553 3665974 3666697 3668266 3669164 3670896 3671773 3672473 3676699 3677467 3681832 3683952 3685192 3688227 3689185 3692112 3695068 3696168 3698287 3698953 3699653 3700518 3702243 3704900 3707162 3709552 3710224 3713343 3714265 3715179 3717506 3718884 3719854 3721244 3722404 3723487 3724643 3725708 3726229 3726914 3730402 3731280 3732030 3732886 3733825 3734918 3736165 3737128 3738761 3739902 3742714 3743869 3747118 3747996 3749328 3751337 3753978 3756126 3758584 3759877 3760995 3762354 3763487 3764583 3768260 3771367 3773033 3774269 3775688 3779537 3781404 3782228 3783970 3786764 3788479 3791118 3793135 3794092 3795114 3796253 3797225 3798476 3799362 3801397 3804129 3805649 3806323 3809441 3814125 3815332 3819867 3820787 3822331 3824355 3825734 3827024 3828403 3829939 3831890 3833107 3834439 3835651 3837702 3839594 3841905 3843590 3844976 3848341 3850829 3852495 3853355 3859594 3862621 3863965 3864916 3865517 3866553 3869394 3870334 3870946 3872506 3873595 3874781 3876025 3877145 3878049 3883083 3888369 3890068 3891117 3892206 3894665 3896490 3897301 3898602 3901971 3903284 3906403 3907934 3911134 3913274 3914272 3914931 3916453 3919672 3921281 3923848 3925022 3933001 3933965 3936367 3937686 3940733 3941722 3944105 3947138 3947689 3948962 3949518 3950712 3953381 3955813 3956809 3959311 3960803 3962773 3964672 3966654 3971425 3974349 3975492 3977008 3977855 3978950 3981181 3984310 3985139 3989375 3990289 3993470 3999681 4000618 4001837 4002987 4004173 4005885 4007940 4008722 4009545 4010886 4013456 4015955 4017021 4017992 4019616 4020441 4022492 4023226 4026380 4027735 4028788 4035529 4037167 4038530 4040694 4042915 4043762 4045861 4046656 4049162 4051937 4052687 4053749 4054740 4055322 4056452 4057365 4059497 4060113 4061420 4064072 4065193 4065937 4068396 4071120 4072281 4073929 4075822 4077125 4078142 4080812 4081569 4082430 4083491 4085517 4087321 4089296 4090856 4092167 4094318 4096503 4097883 4100367 4101949 4106037 4106979 4107786 4109590 4114609 4116025 4116703 4117476 4118510 4121630 4122775 4125526 4127836 4129801 4130668 4134408 4135298 4138252 4141447 4143011 4144374 4146886 4148675 4149466 4150879 4153582 4155079 4157581 4162490 4163434 4166965 4170621 4171784 4173797 4176183 4178146 4179134 4180396 4182432 4183384 4185923 4186914 4188226 4189825 4190977 4193632 4197333 4199432 4200770 4202521 4203564 4204477 4204981 4206163 4208601 4209291 4210087 4212236 4213835 4216974 4218538 4219074 4222682 4223740 4224707 4228431 4230633 4233018 4234431 4237587 4241950 4242902 4243761 4245595 4247501 4248812 4250150 4251183 4252047 4254114 4255886 4256507 4257988 4258976 4261670 4263208 4263739 4268414 4269479 4273031 4274298 4275403 4276617 4279439 4280623 4282512 4283563 4285253 4286420 4287423 4289783 4292570 4294066 4294936 4296302 4298395 4299394 4301507 4305126 4308454 4309762 4311676 4312633 4314611 4320289 4322252 4322996 4323879 4324862 4325890 4327801 4329467 4330417 4331475 4332764 4333549 4339129 4340041 4340719 4342164 4345593 4347251 4348883 4349853 4351171 4353091 4354951 4356425 4357252 4358143 4359239 4361198 4362305 4363701 4367292 4370312 4371264 4371857 4372732 4374591 4375339 4377245 4378370 4382361 4383032 4384025 4385110 4386566 4387460 4388513 4389402 4390172 4393025 4396164 4398882 4400059 4400954 4401794 4402741 4405187 4406526 4408873 4411564 4412846 4414660 4415866 4416993 4418065 4419622 4421375 4423256 4425086 4426159 4428218 4429149 4431313 4432668 4434337 4435330 4437407 4438531 4440418 4442859 4443548 4445349 4446353 4448496 4450373 4453831 4454421 4455203 4456217 4457469 4458955 4462727 4464073 4465451 4466886 4468265 4470676 4472561 4473667 4476094 4477181 4479165 4480383 4481633 4483087 4484132 4486124 4487436 4491056 4491705 4492787 4494370 4496449 4497628 4498839 4501454 4502372 4503451 4504954 4508518 4509436 4512725 4513711 4515327 4517250 4518539 4519238 4520249 4521193 4522284 4524498 4525293 4526476 4528106 4528815 4531540 4533449 4534173 4534690 4536778 4539148 4540534 4542296 4544879 4545763 4546414 4552078 4553063 4554899 4556606 4558654 4562002 4563120 4564436 4565783 4568536 4570826 4573611 4575480 4577536 4578719 4579601 4582472 4584716 4587310 4588590 4591188 4593323 4595259 4596374 4601273 4602637 4606024 4608984 4610328 4610896 4612801 4613917 4616433 4618729 4620473 4622245 4623583 4624939 4626641 4627713 4631590 4632824 4633767 4636113 4636822 4641236 4643306 4644720 4645851 4647510 4650045 4651336 4655801 4657009 4657810 4661073 4663639 4666891 4668567 4670006 4673182 4675388 4679449 4680405 4682679 4683571 4686319 4689303 4690908 4691709 4694322 4695412 4696799 4697536 4699191 4699946 4700563 4702576 4703537 4705473 4706406 4709431 4711003 4713278 4714341 4718143 4720432 4722708 4724701 4727265 4730098 4731844 4732680 4733559 4737026 4739378 4740296 4743032 4745612 4746711 4747293 4749730 4750684 4751810 4756105 4756730 4757981 4759472 4760446 4761431 4762407 4763726 4765200 4768009 4768929 4770318 4771455 4773535 4774900 4776834 4780269 4781101 4782449 4785242 4786028 4788461 4789128 4794078 4795965 4797937 4799152 4800908 4804191 4805777 4807043 4808106 4810633 4812598 4813270 4814852 4815726 4817285 4818049 4819415 4820858 4822321 4825319 4826564 4827911 4831173 4832419 4834724 4836773 4838815 4843943 4845654 4847040 4848975 4849865 4851382 4853174 4855713 4856924 4858230 4858814 4862001 4863240 4864213 4864960 4865657 4866884 4870400 4872061 4875405 4878616 4881161 4881739 4883409 4884906 4887722 4889364 4890609 4892000 4894718 4896926 4897638 4898616 4899792 4902650 4904797 4906000 4908993 4909747 4910528 4913106 4916316 4919342 4920908 4923086 4923934 4924930 4926198 4927482 4930686 4932396 4935660 4937445 4939144 4942593 4944064 4945980 4951018 4952065 4952903 4953802 4955185 4956196 4957965 4959559 4960699 4963035 4964159 4965598 4967682 4969598 4971208 4972882 4974636 4976715 4977904 4978545 4979238 4980505 4981865 4982950 4983819 4984864 4987383 4989478 4990626 4992162 4993617 4994972 4995829 4997326 4998106 5000936 5002400 5004942 5006059 5007202 5009064 5011343 5012518 5014428 5017071 5019040 5020793 5021738 5022757 5023911 5024897 5025944 5028869 5029959 5030377 5031747 5033931 5035082 5035779 5036884 5040203 5044010 5044957 5046032 5047040 5047965 5050360 5051340 5053908 5054611 5056553 5057468 5061810 5066771 5069786 5071349 5072968 5074264 5075117 5076484 5078200 5079150 5080388 5081260 5082144 5083187 5084788 5086577 5089015 5091289 5093620 5096543 5098308 5101132 5102642 5103943 5105231 5106301 5107729 5115511 5119201 5120219 5122546 5124744 5125897 5128273 5129486 5130661 5133285 5134574 5136526 5137471 5139211 5141518 5143810 5146122 5147088 5149417 5150459 5152932 5156352 5157693 5160667 5162413 5163702 5165724 5166839 5169651 5170558 5171669 5172666 5174008 5174909 5177563 5178373 5179614 5183991 5184885 5187642 5188944 5192846 5195030 5196094 5199475 5201324 5206880 5208547 5210426 5211271 5212369 5214546 5217589 5223094 5226114 5227485 5229762 5231302 5232319 5233628 5235012 5236316 5237057 5239302 5240692 5241281 5243794 5245669 5246959 5252009 5253052 5254149 5254652 5256273 5258467 5259899 5262483 5263315 5265880 5267656 5269309 5270603 5272133 5273110 5275216 5275653 5277119 5278908 5279934 5284215 5285926 5288515 5290104 5290830 5293503 5294612 5295710 5298473 5299509 5305349 5306407 5307553 5309235 5309923 5313600 5315556 5316630 5318180 5318912 5320006 5321632 5323048 5325244 5326506 5327565 5328568 5329452 5330351 5331562 5333909 5334942 5336172 5337920 5340742 5342584 5343978 5345056 5346894 5350575 5351345 5352877 5355887 5356918 5359897 5361700 5362974 5364402 5365518 5366660 5369943 5371041 5372421 5373350 5378429 5380050 5384461 5385234 5388360 5389660 5390382 5392804 5395429 5398905 5401683 5404273 5406636 5407512 5408271 5409455 5414281 5417646 5419358 5422752 5423970 5424849 5426207 5429815 5431908 5438868 5441270 5442403 5445203 5448915 5450153 5452247 5453639 5454519 5456643 5460978 5461909 5462674 5463898 5465824 5470985 5475028 5476576 5477795 5479275 5479833 5481579 5484708 5486715 5491181 5491772 5492918 5493791 5495259 5496970 5498539 5499945 5502373 5503144 5503570 5504322 5505081 5506869 5507765 5508761 5509523 5510646 5511673 5512947 5514635 5517773 5519962 5521619 5522524 5523210 5526214 5526933 5527883 5528748 5529809 5531131 5532661 5534190 5534795 5536288 5538118 5540090 5542111 5543441 5545007 5546271 5547945 5549253 5550353 5553909 5554803 5557083 5558582 5561631 5562977 5564724 5566699 5569855 5571235 5574002 5576433 5579714 5581150 5582109 5583587 5584484 5585897 5587399 5588181 5589817 5590672 5593667 5595995 5598673 5599559 5601466 5602412 5604320 5606444 5607571 5608349 5610093 5611036 5612594 5615178 5617381 5618636 5623555 5625612 5628589 5631370 5634028 5636090 5639749 5642005 5644530 5648476 5649592 5651840 5652651 5653844 5654319 5655844 5658285 5659467 5661671 5662619 5663345 5667511 5668453 5669512 5673388 5677660 5679110 5680251 5682467 5683539 5685694 5687350 5687965 5688925 5689681 5691328 5695905 5697318 5698502 5700759 5702115 5703238 5704870 5705830 5709808 5710524 5711186 5714817 5715579 5716687 5718918 5721059 5722480 5724191 5725237 5725990 5727992 5730088 5732973 5734623 5735285 5736629 5743311 5744586 5745935 5747638 5748335 5749120 5750056 5753029 5756079 5756820 5758668 5760369 5762007 5763235 5766703 5767558 5769457 5770570 5771582 5773645 5775805 5776669 5777558 5779329 5780413 5781354 5783438 5784010 5785823 5788157 5790062 5791379 5792401 5795274 5796034 5798132 5800956 5802406 5803146 5803817 5805224 5807393 5808372 5809439 5810448 5813862 5815086 5816605 5817952 5818953 5819811 5822304 5823835 5826132 5830515 5832039 5836515 5838342 5839189 5844274 5845676 5848648 5850250 5851703 5852965 5853909 5854689 5856141 5858851 5860235 5861278 5861968 5862987 5863602 5865752 5866664 5868028 5869811 5870646 5872579 5873664 5874484 5877184 5881841 5883781 5884789 5885861 5886486 5887375 5888779 5889608 5892912 5893928 5896266 5898046 5901229 5902683 5905722 5907377 5908189 5909616 5910470 5911768 5912621 5913267 5914369 5915290 5917599 5919324 5920604 5921547 5922244 5924222 5926673 5929016 5931608 5933264 5934161 5938637 5941399 5942311 5943966 5944783 5946321 5948817 5949704 5951423 5952132 5954109 5955962 5958115 5959709 5960750 5961550 5962568 5963494 5965148 5965949 5967261 5968105 5969752 5971513 5973962 5977308 5979600 5980970 5983456 5984706 5985728 5987561 5988738 5989583 5990814 5993193 5994054 5994755 5996753 5999776 6001410 6003606 6005515 6006826 6007964 6009893 6011947 6013154 6014176 6016000 6016673 6018457 6020780 6023521 6025577 6027956 6029879 6033127 6035034 6035769 6036919 6038473 6040339 6041844 6043318 6044324 6047988 6049458 6051978 6053146 6055856 6056435 6057406 6058745 6059921 6060803 6061638 6062243 6063779 6065307 6068930 6071563 6073263 6073925 6076070 6077467 6078262 6082096 6085345 6088044 6089641 6090693 6091286 6092807 6094079 6094886 6095926 6098760 6099503 6100170 6101685 6103658 6107101 6109206 6110437 6111734 6115814 6116990 6117795 6119954 6122520 6124212 6125451 6126706 6127848 6129910 6131102 6132848 6133922 6135756 6137366 6138999 6139571 6140453 6141430 6142851 6144836 6149032 6151299 6154713 6156391 6158094 6158972 6161060 6162864 6163710 6164835 6166257 6170657 6172307 6175195 6178252 6179081 6179837 6180609 6183465 6184712 6186156 6186925 6189064 6191026 6193397 6194351 6195246 6198378 6200236 6201946 6203356 6205234 6208522 6209659 6210294 6212460 6214980 6218742 6220890 6221560 6222479 6223746 6227088 6230349 6232092 6233868 6236221 6236790 6242593 6245154 6246840 6248585 6250036 6251533 6253912 6256767 6257754 6260085 6263662 6264375 6267140 6268553 6270847 6272700 6275074 6276074 6277779 6278768 6279860 6280681 6282040 6283668 6286455 6288057 6289194 6291936 6292782 6293537 6295770 6297150 6298200 6299654 6300568 6302529 6303196 6304106 6307421 6309854 6311153 6312203 6318010 6319443 6320265 6321437 6322534 6324994 6325879 6327900 6329197 6331256 6332338 6333220 6336178 6336818 6337834 6339553 6340534 6341355 6342234 6343052 6343985 6345498 6347240 6352344 6353299 6355338 6356088 6358153 6358737 6359757 6362840 6364446 6366707 6368000 6368872 6370322 6372012 6372768 6374434 6376432 6377651 6380686 6381470 6385255 6386538 6387793 6390150 6391872 6394004 6394813 6396194 6397007 6399481 6401685 6405580 6408698 6411329 6413363 6415783 6417005 6417918 6419601 6421360 6422679 6423624 6424865 6426467 6427728 6428821 6429811 6431692 6432817 6434367 6435176 6437568 6438624 6441774 6442594 6444474 6445293 6446867 6447816 6449665 6451882 6452660 6454546 6455993 6457267 6460365 6461911 6463156 6464036 6464643 6465658 6467010 6468494 6469643 6471648 6472963 6473923 6474869 6477111 6479298 6481181 6484740 6486238 6487313 6488471 6489536 6491874 6493224 6495651 6496532 6497435 6498590 6501335 6502221 6503042 6504627 6506476 6507426 6509083 6510378 6512970 6513804 6516670 6517644 6518806 6520024 6521839 6525897 6527130 6531133 6532329 6533337 6537856 6538908 6543948 6545287 6547041 6548026 6549343 6550346 6553020 6554828 6556267 6558089 6559835 6561693 6562513 6563118 6565468 6566413 6568258 6571869 6574274 6577014 6578298 6585617 6587465 6588934 6590074 6593098 6596541 6598741 6600570 6601778 6606003 6607583 6609189 6611175 6613304 6614161 6616305 6617378 6618790 6620175 6621733 6623050 6624316 6625043 6625814 6629290 6630380 6632539 6633760 6636002 6639014 6639644 6640314 6640969 6642960 6643770 6645128 6649223 6651152 6651813 6654730 6656262 6659164 6660173 6661290 6662293 6663306 6665242 6667300 6669909 6674725 6675947 6680190 6682388 6685411 6688034 6689441 6690292 6691259 6692754 6693440 6695796 6696532 6697141 6699636 6701286 6702234 6703096 6703693 6704281 6705165 6706520 6708565 6709298 6710093 6713033 6713874 6715781 6716621 6717859 6718760 6720177 6721208 6722918 6724580 6725116 6726575 6729169 6729857 6732296 6734628 6735511 6737046 6738554 6740434 6741731 6742467 6744149 6747844 6749962 6751400 6752110 6754751 6756315 6757924 6760415 6761476 6763552 6765176 6768139 6769354 6770485 6771956 6773037 6774116 6775777 6776676 6779394 6781148 6782718 6784851 6785856 6786941 6788662 6791462 6792839 6794270 6796148 6797163 6797974 6798844 6800335 6801450 6804889 6806049 6806751 6807597 6808506 6810318 6811350 6814500 6816129 6818771 6821228 6822835 6823518 6825801 6827935 6828464 6829590 6831628 6832737 6833635 6834401 6835452 6837479 6838416 6840674 6841402 6842409 6843879 6846616 6848231 6849352 6850898 6851856 6853150 6854006 6855386 6857721 6862979 6864703 6866222 6867361 6868294 6870951 6872619 6874177 6875756 6877488 6878199 6879413 6881478 6882271 6884859 6887172 6889287 6891009 6891928 6892989 6893729 6895103 6896293 6897926 6900128 6900965 6904597 6905420 6906748 6909380 6910235 6911782 6913374 6916754 6918997 6920930 6921815 6925950 6927141 6929755 6931541 6935208 6936143 6937012 6937902 6940408 6941938 6943182 6945180 6946986 6948125 6950952 6952814 6953941 6955778 6957535 6960254 6964508 6966595 6969133 6969585 6971932 6972884 6973503 6975976 6978304 6979420 6982814 6984380 6987697 6991021 6992741 6994285 6995037 6996159 6998041 6998651 7001363 7002368 7003514 7004482 7005290 7007429 7008337 7010646 7011908 7013107 7015356 7017493 7018817 7019597 7020326 7022230 7024441 7025863 7027080 7031405 7032265 7033372 7034467 7035717 7038295 7039832 7041192 7043596 7044711 7047008 7048068 7049087 7050948 7052234 7053771 7054714 7056183 7059159 7060558 7061542 7062750 7063670 7064680 7067214 7068368 7070432 7072168 7073678 7075984 7077325 7078660 7082990 7085120 7087693 7088603 7089320 7091596 7094272 7097766 7098459 7103649 7104670 7105508 7106386 7109810 7110899 7113629 7114803 7117356 7118105 7118910 7121207 7123430 7124744 7125379 7126475 7128546 7130301 7131127 7132108 7135243 7136741 7138632 7141986 7143131 7144003 7145790 7146945 7147725 7149245 7150408 7151979 7153217 7154403 7155703 7156670 7159433 7161279 7162903 7163867 7164986 7168873 7170495 7175364 7176466 7177997 7180037 7180803 7182139 7184059 7185647 7186994 7188762 7190150 7192173 7193069 7194179 7195201 7197225 7198404 7202208 7204703 7206385 7208109 7211592 7216810 7217947 7219097 7220001 7221299 7222268 7223497 7225340 7226417 7227358 7228518 7229666 7230472 7231921 7233421 7235187 7237782 7240040 7241440 7242319 7243181 7244879 7245531 7248636 7250387 7252948 7254734 7255654 7256551 7261487 7262245 7262839 7264033 7265400 7266120 7267093 7269668 7270508 7275300 7276210 7277355 7279928 7281247 7282550 7286882 7287999 7288907 7290315 7292443 7293882 7296967 7299603 7302445 7304097 7305180 7307664 7308417 7309619 7312187 7312771 7315074 7316828 7319710 7321314 7322439 7324505 7326147 7327505 7329193 7331668 7333565 7334619 7336127 7337035 7339959 7340717 7342137 7343030 7345063 7347928 7348929 7351357 7352142 7353951 7356657 7357860 7358909 7360261 7362350 7363744 7368132 7372026 7373190 7374081 7375794 7377077 7380831 7382335 7385700 7387227 7389637 7390703 7392321 7393003 7394880 7395700 7398840 7400293 7401023 7402914 7403884 7404923 7405996 7407934 7411359 7412706 7414382 7416796 7417811 7419057 7420257 7422836 7423546 7424930 7426341 7427278 7428880 7429920 7431408 7432453 7433652 7435705 7440254 7441427 7442365 7446074 7447374 7448851 7449494 7450543 7452291 7453528 7455774 7457174 7459633 7461734 7463290 7466034 7468399 7470178 7471600 7472960 7475062 7475895 7477505 7478893 7480260 7481757 7484472 7485378 7486322 7486827 7488086 7488633 7489264 7493441 7494981 7495786 7497299 7498112 7499861 7501627 7502803 7504300 7505235 7507329 7512952 7515467 7516862 7519286 7521105 7524480 7527541 7529450 7530774 7532694 7533370 7535415 7537807 7539317 7542015 7543947 7544547 7545525 7547435 7549853 7550810 7552411 7554243 7555729 7558731 7560057 7561198 7563662 7566845 7568451 7572734 7574228 7575084 7576644 7578106 7579102 7583093 7584096 7585145 7586619 7589899 7592894 7596510 7598098 7599749 7600768 7601995 7603867 7606496 7607829 7608836 7610127 7611208 7613382 7614266 7614776 7615982 7618115 7618932 7619668 7620315 7620994 7622943 7624377 7625628 7627017 7630007 7631526 7633874 7635947 7639290 7642292 7643662 7646138 7647086 7648236 7648674 7649626 7650570 7651351 7652967 7655278 7656218 7657653 7658935 7660480 7661474 7662575 7664979 7666168 7668479 7669028 7670212 7671136 7671983 7672442 7673557 7674614 7675694 7678011 7679606 7680511 7683931 7684893 7685677 7686425 7689384 7690451 7693422 7695303 7700810 7702430 7703486 7704295 7705814 7707193 7708769 7713886 7716197 7717218 7718668 7719246 7720205 7720963 7722609 7724288 7725916 7727160 7728716 7729409 7732621 7733839 7735052 7737155 7738601 7739540 7741531 7743799 7744959 7747664 7753689 7755782 7756951 7758653 7761007 7761883 7763587 7764479 7765054 7766040 7767293 7767946 7771894 7772595 7773568 7774895 7776758 7778031 7779076 7780619 7781524 7782940 7783653 7785297 7786575 7787262 7789994 7790650 7791317 7795279 7796771 7799040 7799529 7800391 7802343 7804039 7805202 7806947 7808476 7811331 7813149 7814606 7818524 7820628 7822851 7824181 7826623 7829122 7829680 7832287 7834436 7836504 7839313 7840970 7843465 7845190 7846183 7846978 7848244 7850171 7851320 7853998 7857232 7858061 7861591 7862278 7863148 7865350 7867890 7868699 7870222 7871445 7873385 7874529 7877363 7878110 7879586 7881720 7883165 7883659 7889509 7890742 7891378 7893800 7895571 7897910 7901229 7903739 7905276 7906128 7907640 7910827 7913672 7915802 7917296 7919402 7920483 7921588 7923431 7924719 7926478 7927316 7928878 7930494 7932346 7934050 7935277 7936547 7937441 7939583 7941688 7944244 7945083 7946152 7947641 7948928 7951104 7953289 7955400 7956337 7958244 7960212 7962229 7964829 7965521 7966973 7967889 7969352 7970334 7971032 7974570 7975349 7975914 7978632 7981719 7983417 7984258 7985506 7986389 7987749 7988533 7991123 7993520 7994443 7997576 7998865 8000596 8002020 8003521 8005323 8006531 8008001 8008727 8010685 8011820 8013749 8019700 8021165 8022505 8025851 8027911 8029210 8031313 8033152 8034704 8035868 8040593 8043233 8044042 8045171 8045902 8048765 8049683 8050901 8052100 8054952 8056054 8058431 8059547 8060261 8063974 8064837 8065543 8066512 8067142 8071107 8071784 8072841 8073715 8074635 8076127 8078108 8083794 8084733 8086775 8088626 8089698 8091223 8092872 8094341 8095277 8096294 8097799 8100344 8101460 8103718 8104683 8106298 8108189 8110819 8112859 8114156 8118244 8119051 8120276 8125323 8127593 8129720 8131428 8132142 8133430 8136094 8137730 8143355 8144275 8145578 8147768 8150146 8150762 8151305 8152136 8154000 8155462 8157008 8157903 8161911 8163460 8165055 8165885 8166536 8169162 8170376 8172796 8173801 8176418 8179361 8180822 8186417 8189039 8189880 8191435 8195306 8196138 8198205 8199208 8200195 8201369 8202305 8202905 8205705 8209532 8210816 8214704 8215477 8216814 8220185 8222246 8225624 8226415 8228754 8230076 8232186 8233777 8237200 8239665 8242785 8245235 8248897 8250397 8252494 8254997 8256176 8257554 8259463 8261084 8261855 8264333 8265295 8266704 8269068 8270526 8271228 8272058 8273409 8274763 8275735 8277363 8278054 8278928 8279892 8281451 8283662 8285012 8286353 8287447 8289155 8290030 8291679 8292416 8293554 8295166 8297654 8299306 8301378 8302145 8303980 8305573 8306249 8312961 8315223 8317863 8318924 8320916 8322700 8329521 8330287 8331726 8333264 8334295 8335469 8339231 8339958 8341067 8342175 8343476 8344970 8345867 8346832 8347905 8349999 8351206 8353545 8354183 8355321 8355943 8356923 8358188 8359464 8361924 8363392 8364837 8366615 8369037 8371131 8371969 8373284 8375069 8376888 8379612 8382192 8383013 8384347 8385829 8387757 8388457 8390538 8391744 8393625 8396650 8400235 8401176 8402503 8406937 8409368 8410226 8412296 8412851 8413894 8415157 8417445 8418356 8420573 8421882 8422985 8423977 8424784 8428863 8430872 8431545 8432447 8436102 8438340 8439964 8446184 8448079 8450322 8453134 8454084 8455988 8458004 8459942 8462592 8463603 8464349 8466344 8467273 8468597 8469861 8470856 8473908 8475071 8476071 8477107 8478931 8479532 8481272 8482375 8483946 8484941 8487111 8490288 8492596 8495387 8497243 8498553 8499993 8501843 8503423 8505388 8507261 8508757 8509691 8511779 8513511 8514305 8515306 8518492 8519994 8523185 8526214 8527234 8529198 8530950 8533485 8536350 8539568 8541110 8541834 8543570 8545155 8547460 8549911 8551711 8554554 8558020 8559066 8560150 8561992 8562770 8566673 8568481 8569222 8571049 8572952 8575908 8577558 8578578 8579534 8582596 8585201 8586492 8588466 8589869 8591963 8593611 8594936 8595824 8597456 8598649 8600107 8602826 8604746 8607342 8608696 8611309 8612939 8614586 8615272 8617953 8619148 8620322 8622566 8623689 8625991 8628478 8629653 8630215 8631674 8632418 8633442 8635221 8637101 8638736 8639501 8641334 8642513 8643167 8644150 8648616 8649555 8651053 8654775 8658050 8659805 8660597 8663165 8664528 8665911 8667029 8669723 8671146 8673900 8674948 8676854 8678642 8682239 8682975 8685560 8686990 8689508 8690698 8692611 8693692 8694802 8695514 8696474 8697737 8699337 8700269 8701511 8702722 8705955 8706932 8708199 8711083 8711878 8715181 8715690 8716780 8718155 8719404 8721343 8725714 8729663 8730292 8731787 8733162 8735116 8738924 8739931 8742530 8745131 8746277 8747465 8748225 8749046 8750022 8752436 8753943 8755026 8756615 8759755 8761194 8762269 8765171 8766691 8768930 8770036 8771447 8774347 8779236 8782003 8783693 8784483 8785340 8786749 8789426 8791030 8792054 8793603 8794967 8797965 8799126 8801483 8802249 8804619 8805411 8806943 8809044 8810208 8811159 8812872 8813399 8815274 8816820 8818696 8819729 8820850 8822505 8823311 8824164 8824988 8826503 8827744 8831600 8833095 8834706 8835482 8836591 8837730 8838840 8843119 8846943 8848892 8849791 8850967 8852450 8853694 8856408 8857062 8859145 8860522 8862630 8863887 8865008 8866011 8868491 8870146 8871245 8872067 8875366 8877819 8878847 8881671 8882697 8885907 8887643 8888805 8893403 8894156 8895725 8896890 8897883 8899070 8901391 8902388 8903040 8904122 8905410 8907717 8909462 8910389 8911142 8912794 8914628 8916566 8917523 8918841 8920510 8921552 8922618 8924275 8924962 8926082 8927243 8928945 8930629 8933142 8934084 8935988 8938662 8939684 8941005 8942397 8944088 8945298 8948788 8950324 8951668 8953073 8955083 8956222 8957801 8959367 8961015 8964368 8967009 8967844 8969537 8971623 8973474 8975727 8976530 8978767 8979635 8982039 8984350 8985006 8986278 8987425 8988182 8988885 8994223 8995476 8996170 8996880 8999150 8999977 9000660 9002336 9004658 9006624 9007251 9009113 9010207 9012242 9014301 9016321 9017539 9018631 9020671 9023280 9024940 9025857 9026781 9029247 9030141 9033029 9034914 9036666 9038286 9039529 9042280 9043250 9044733 9047435 9050041 9051434 9051936 9052879 9054945 9056759 9058052 9059386 9060967 9063672 9065969 9068559 9070994 9072520 9074655 9076382 9077822 9078857 9079817 9080901 9083212 9084162 9086659 9087484 9091319 9094342 9096925 9098342 9101115 9102063 9103162 9104084 9105668 9108073 9109566 9111246 9112985 9113769 9115513 9118914 9120125 9121924 9123335 9124672 9125347 9127112 9128168 9130097 9131097 9133170 9135225 9136411 9137278 9138305 9139353 9140287 9141310 9142257 9143186 9145725 9147031 9147692 9149600 9154909 9155582 9156803 9157743 9160454 9161868 9163548 9166079 9167099 9170128 9171097 9172931 9174541 9176471 9179662 9180745 9181662 9185058 9186541 9188851 9190713 9191725 9192547 9193599 9196002 9197229 9198107 9199362 9201096 9202021 9204320 9205999 9206510 9208440 9210224 9211197 9212706 9215893 9217377 9218385 9220827 9222470 9224765 9226048 9227350 9228713 9231951 9236225 9238266 9240481 9243143 9243795 9244389 9245400 9246229 9247695 9249538 9250238 9251623 9252783 9254763 9256967 9257901 9259194 9262691 9263698 9266725 9269762 9270923 9271912 9274519 9277540 9278809 9280670 9282110 9282941 9283747 9284693 9285559 9286222 9287359 9288870 9290525 9292727 9295044 9297171 9298742 9300601 9302275 9303968 9305823 9307413 9309340 9310206 9310921 9312712 9314727 9315860 9320676 9323008 9324681 9328409 9330061 9334946 9335940 9338094 9341560 9343096 9344974 9346603 9347811 9348967 9351749 9353161 9354880 9358083 9359007 9359985 9362483 9363911 9364950 9366997 9367950 9371570 9373436 9374401 9375126 9376313 9379719 9381019 9381754 9384145 9385918 9388294 9389637 9390806 9392560 9393693 9395029 9395690 9397158 9398427 9400280 9402066 9404325 9405303 9406601 9407847 9409565 9410772 9412073 9414428 9416342 9417913 9420597 9421268 9422074 9425351 9426488 9430403 9431457 9434008 9436152 9437073 9438749 9439694 9442643 9446877 9447734 9449584 9451398 9456765 9458997 9462552 9464295 9465183 9466910 9467933 9469277 9473303 9475732 9477221 9478165 9479150 9480943 9483706 9486639 9488914 9489974 9490958 9492777 9493723 9495083 9498610 9500340 9501575 9505115 9506750 9508915 9510500 9513075 9515759 9517611 9519022 9520747 9522415 9523619 9525507 9527237 9529268 9531856 9533107 9535105 9536032 9538032 9540015 9541217 9541711 9543637 9545361 9546198 9547323 9548667 9549190 9550301 9552363 9554817 9557209 9558229 9559356 9560608 9562575 9564444 9566663 9569239 9570842 9571935 9573668 9575543 9576357 9577336 9578507 9579462 9580738 9581384 9584388 9586502 9588068 9590524 9592468 9594922 9596550 9597670 9598702 9600116 9601189 9603104 9604652 9606888 9607689 9608609 9610473 9611433 9613231 9616045 9617131 9619195 9620670 9622676 9624722 9626248 9628575 9631108 9631802 9633128 9637060 9640753 9642036 9644211 9646286 9649104 9650431 9651824 9653361 9661661 9662535 9663823 9665372 9666648 9668095 9669024 9671003 9671742 9673158 9674777 9675478 9678684 9680274 9682290 9683787 9685388 9686648 9688096 9690567 9693243 9695405 9696453 9697324 9698001 9699128 9700424 9702153 9703476 9705700 9708356 9712103 9714468 9716932 9718857 9719555 9721182 9722097 9723041 9724551 9725564 9727178 9728082 9729123 9731623 9732480 9733646 9734517 9735712 9738250 9739931 9741233 9742013 9743446 9744443 9748131 9749962 9753052 9754309 9754919 9756136 9758444 9759725 9762068 9764115 9765717 9768170 9771317 9776186 9777098 9778210 9779723 9783083 9784460 9785358 9787063 9788425 9789327 9791906 9792625 9795519 9796910 9798784 9799676 9801452 9804051 9810965 9813474 9815107 9816323 9819209 9820404 9822528 9825011 9826416 9827553 9833205 9834823 9836764 9839243 9844603 9848090 9848799 9851240 9852654 9853977 9854944 9855839 9857341 9857997 9859450 9860686 9862421 9864756 9865807 9866506 9868462 9871028 9871978 9873330 9874396 9877142 9880392 9881394 9882794 9884529 9887203 9889257 9890327 9891451 9892930 9894416 9896443 9897439 9898455 9899569 9900795 9902606 9905617 9906444 9909815 9910593 9911296 9912270 9914530 9916527 9919578 9922975 9924300 9925410 9927132 9929070 9930222 9931359 9932708 9933704 9939257 9940467 9942538 9943940 9945435 9947112 9948374 9949450 9952954 9954256 9955480 9957914 9958875 9960992 9961938 9962641 9964897 9969665 9970506 9971207 9972563 9973532 9975935 9976695 9977929 9979445 9981114 9985194 9986671 9988694 9989886 9990912 9992288 9994227 9995203 9996868 9998019 
</Matrix>
<Matrix name="Neuron_27" type="complete" rows="1" columns="2816" multiplier="1.0">
   2299 4619 8916 10922 15359 17802 23792 24673 25767 27274 29093 31538 34597 41435 44886 48496 49772 52679 56909 63795 65969 66692 68135 69153 73465 76965 87470 89493 90392 92698 96885 101566 104237 107312 109724 111259 115306 118435 121701 123059 125228 126790 128534 131975 137234 142626 144420 145738 150369 157875 161413 162550 164564 167934 171132 179402 182255 185507 187783 190940 192286 195354 196321 198835 200481 212520 220130 226675 227982 231746 232560 236418 237410 242198 243990 245656 248641 254252 255862 260219 262029 263775 269979 274938 275661 279379 282138 284764 290580 294267 297285 300580 302533 308036 312264 318116 321206 322347 327837 329048 333665 335388 338156 345853 346746 347805 349445 351502 352433 354281 356589 360926 362886 369370 373121 374532 375519 377592 379120 382572 384007 385810 387234 396281 399934 401505 403889 408491 410419 412668 414197 427687 430476 432417 436525 438854 445921 452435 456351 457629 465562 466708 467895 471304 473800 475126 476947 478171 481616 483323 484791 497228 498381 499880 501838 503473 505784 516123 520766 523950 526086 528419 531160 538936 544628 545653 547325 549341 554367 558197 562305 563975 569158 571900 574694 576313 578518 582114 583988 585750 587707 588733 595865 599475 600877 603232 608432 609609 611821 616798 621470 626541 630385 632047 634599 636161 640026 643151 647716 650730 654663 663222 669188 674740 675660 679408 683357 685678 694985 698791 703805 707509 709794 711510 712518 714919 716355 717419 718134 720475 721692 727397 729691 732091 737840 744449 761472 765798 768636 770587 778986 780703 782634 784823 785841 787895 789613 792142 794129 795127 798150 798959 800283 803203 804837 807720 809115 810406 817973 824529 828650 832170 835245 841642 844528 853865 855902 860313 862652 867909 871361 874481 876634 877929 880276 883941 886682 888253 889324 896902 901428 903214 905459 911929 914075 915616 917060 923149 926383 927278 929071 931311 938820 942702 944481 946789 947935 950416 953286 958035 959831 961025 963535 964728 968200 971181 976463 978165 979571 984057 990388 997362 999583 1003373 1005513 1012987 1015909 1018590 1019435 1021868 1024123 1033448 1036240 1039327 1042033 1043969 1051525 1056638 1058487 1065434 1069735 1072746 1074535 1082337 1083837 1087699 1088661 1089688 1094989 1095867 1102619 1110688 1112402 1117915 1138895 1142923 1148532 1153828 1157942 1180139 1181274 1183366 1185023 1186944 1191238 1194820 1199417 1200885 1204496 1208156 1216251 1220330 1221787 1224330 1228560 1236166 1239415 1241342 1244689 1248032 1249632 1251730 1252955 1254721 1259639 1262463 1264363 1266468 1269766 1270542 1275824 1279486 1280945 1283265 1284757 1290702 1292441 1295877 1300806 1302169 1304852 1309108 1311444 1315104 1319830 1323404 1326227 1328750 1330331 1337352 1338526 1339381 1340134 1344140 1345379 1346980 1349436 1352016 1356534 1362940 1364321 1365675 1367134 1372161 1376738 1378795 1380384 1382137 1384073 1385363 1386551 1389155 1392347 1394631 1396027 1401683 1412264 1415015 1418818 1420764 1422112 1424019 1425478 1431541 1432140 1440029 1442360 1444153 1445863 1446941 1449127 1452820 1459066 1468435 1473762 1476814 1480738 1484640 1486097 1488449 1495290 1503499 1506270 1507371 1511371 1514854 1525204 1528834 1535118 1538356 1543095 1545788 1546993 1549982 1553847 1558117 1562632 1567114 1569628 1571965 1579221 1581135 1582836 1590381 1592833 1597950 1602097 1605145 1610461 1612197 1618766 1621189 1630025 1631195 1632616 1634331 1637424 1640519 1649037 1651076 1653144 1654958 1661791 1663297 1665559 1669008 1671346 1673111 1674146 1678230 1679311 1681378 1686582 1689336 1696183 1701390 1705395 1709777 1713113 1715546 1720647 1726729 1731537 1735538 1738560 1743550 1748868 1755104 1758143 1760439 1765802 1768938 1771000 1772293 1778083 1782201 1787341 1789462 1792724 1795250 1796517 1797642 1798857 1802067 1804257 1808780 1810986 1821828 1823476 1826314 1838061 1840326 1846073 1848879 1850800 1863393 1865127 1868168 1877699 1878687 1881271 1884556 1885962 1887233 1889881 1893359 1900047 1905481 1914406 1919437 1922737 1925083 1928579 1931844 1932550 1939459 1941933 1943499 1948316 1950646 1953432 1956966 1966139 1972135 1980810 1986876 1990090 2000070 2001202 2005200 2008756 2009736 2010856 2014522 2016976 2025095 2026484 2031746 2034537 2036593 2041580 2048052 2050987 2059879 2063072 2067215 2074150 2075694 2077377 2078815 2082904 2092375 2093596 2096983 2098171 2099728 2102391 2104257 2109018 2110675 2111937 2116930 2120411 2122487 2125671 2126692 2129711 2132890 2134803 2135717 2137126 2138944 2142416 2143267 2145074 2149653 2155752 2161480 2164139 2168180 2177106 2179013 2179646 2183680 2185087 2187440 2189930 2194248 2197539 2199729 2204880 2207863 2210000 2214793 2216198 2217785 2222294 2223816 2226611 2230822 2232287 2239021 2240621 2243477 2248388 2252021 2255783 2260404 2262633 2267061 2268419 2271059 2272854 2274797 2281366 2284642 2286144 2287996 2288868 2295127 2296277 2303759 2307290 2308641 2311842 2318922 2320454 2324654 2326786 2328152 2337096 2338882 2341873 2349792 2351644 2352949 2354242 2361318 2362588 2366487 2367191 2370060 2372171 2373355 2377116 2378316 2380576 2402051 2409698 2410789 2413792 2419209 2420220 2425209 2436589 2440883 2445747 2446695 2448833 2453436 2455891 2462334 2464175 2465020 2473784 2475090 2476403 2479321 2482595 2484009 2485708 2494031 2500740 2502273 2507904 2511977 2517119 2517990 2519271 2521542 2526029 2531933 2534270 2534874 2537541 2538909 2540307 2544047 2547336 2548784 2563914 2566603 2569131 2569880 2571596 2572557 2576990 2586977 2590744 2597104 2599710 2603200 2608399 2610906 2611665 2617480 2620304 2624248 2626012 2632266 2635369 2636290 2637247 2638461 2641418 2643000 2652753 2656430 2659483 2660272 2665084 2666415 2668326 2669856 2673664 2676392 2679503 2681957 2682721 2685685 2689151 2690731 2693848 2697168 2699708 2701911 2710429 2713435 2722368 2723723 2724885 2728110 2730223 2731686 2733691 2739239 2745701 2748027 2752316 2755810 2756657 2759404 2761386 2770328 2772239 2774508 2777397 2780276 2784149 2787800 2789366 2795851 2797284 2803608 2807005 2811387 2823114 2827626 2829270 2831876 2833176 2833887 2834943 2839778 2841404 2843909 2850277 2858978 2861909 2866061 2873439 2892645 2900690 2913660 2915310 2921027 2923177 2924667 2928407 2930435 2937025 2940105 2947222 2949440 2952047 2953687 2954880 2957750 2959507 2962712 2968110 2969594 2970198 2982223 2983516 2984164 2992557 2994562 2997698 3001780 3006931 3009042 3010992 3024391 3025947 3028731 3033823 3037685 3044339 3046190 3047310 3051791 3061967 3064536 3066064 3069278 3070686 3073565 3087529 3089777 3092269 3094052 3096503 3098096 3101886 3109748 3110852 3113315 3121732 3125617 3131079 3132849 3134121 3137441 3139089 3142469 3145464 3149285 3149872 3151113 3157535 3164600 3170079 3171892 3177833 3178991 3181330 3183854 3190279 3193682 3195650 3198324 3200216 3204602 3206173 3207659 3211066 3212483 3216411 3230969 3233500 3234786 3243966 3249155 3255472 3260182 3261144 3269760 3271567 3273636 3276041 3277569 3281111 3283488 3285073 3288817 3290775 3301084 3302261 3306834 3310428 3312962 3315061 3321930 3324541 3334788 3340029 3344241 3351880 3356505 3358029 3367907 3370038 3373718 3376918 3379944 3382514 3384467 3386904 3391852 3394578 3397593 3398895 3406198 3408313 3411544 3413752 3415390 3418311 3422721 3435827 3449099 3451391 3456553 3459126 3460284 3463619 3465677 3467566 3469732 3472407 3473718 3480333 3483604 3485896 3491900 3497625 3501843 3503424 3504669 3506426 3508560 3510741 3512401 3514692 3518098 3519964 3522787 3529047 3530820 3534550 3535542 3536787 3538082 3544326 3554931 3556890 3559008 3563708 3570022 3576432 3583797 3585206 3587032 3587937 3592513 3596991 3597537 3602716 3604715 3614516 3616283 3617616 3619143 3624077 3635402 3641140 3645349 3647219 3648448 3655476 3657918 3660229 3669199 3672231 3674723 3676573 3677672 3681051 3682386 3683976 3687338 3688069 3691490 3693569 3708064 3710277 3716473 3722265 3726849 3727610 3731470 3733603 3736957 3747484 3749613 3751002 3752955 3757542 3760643 3762246 3763300 3771569 3776587 3780962 3784370 3785380 3790481 3792118 3793721 3796560 3798621 3801794 3802994 3804766 3806682 3809001 3810687 3813070 3816612 3818496 3819887 3825807 3827704 3830305 3831255 3832643 3835218 3836745 3841897 3845511 3846882 3851354 3852174 3854457 3857078 3860208 3867765 3871932 3873631 3875187 3878213 3878916 3881348 3892340 3893712 3896253 3898835 3900955 3902750 3905419 3912396 3930375 3934658 3935549 3936905 3938735 3939726 3947313 3948299 3950682 3956877 3957947 3961046 3963381 3965059 3972069 3973311 3978137 3978831 3979822 3985495 3991233 3992754 3995115 3996908 4011666 4013674 4017396 4022798 4024920 4027318 4029392 4030394 4033927 4035138 4041361 4044474 4050730 4051901 4056803 4062202 4063869 4066535 4070192 4074152 4075083 4078449 4080476 4081071 4092732 4099258 4103107 4113661 4115142 4117055 4118276 4124129 4126017 4129702 4131527 4132576 4134878 4141591 4146049 4158482 4163522 4166853 4168232 4172505 4176414 4178970 4180272 4184241 4187679 4190482 4193390 4195371 4198153 4204141 4206282 4207333 4211611 4213458 4214603 4216190 4221214 4223186 4223806 4226441 4230274 4233270 4243280 4244580 4248411 4251546 4254848 4258200 4264150 4266285 4271092 4274362 4281158 4283352 4287065 4289154 4297293 4306397 4307876 4317101 4318097 4324884 4327394 4329356 4330985 4333471 4335607 4343809 4346479 4348795 4350076 4351166 4352627 4356133 4359896 4362681 4363820 4370966 4374554 4377570 4382608 4384139 4385873 4389346 4392647 4394438 4396297 4400585 4401773 4405582 4408430 4415622 4416468 4419390 4431221 4433739 4440465 4441714 4443331 4449875 4452302 4461218 4462846 4470210 4473205 4475183 4476267 4478819 4479526 4481364 4482251 4491413 4492571 4494645 4496396 4498960 4500119 4500926 4502530 4504867 4507708 4512555 4516131 4517024 4520821 4523986 4525741 4526752 4529232 4532589 4535918 4544657 4546643 4550093 4551558 4552418 4553788 4560344 4563297 4564148 4565143 4566934 4568146 4572426 4574364 4576952 4580581 4584233 4586059 4587901 4595234 4596677 4599115 4603240 4611709 4614048 4615531 4617060 4618524 4619306 4622334 4625659 4627496 4630274 4640124 4643654 4645529 4649463 4651393 4655966 4658823 4659830 4667742 4669111 4670661 4683217 4690386 4694033 4701220 4703312 4707031 4708268 4712364 4714367 4716953 4717999 4723544 4727468 4739387 4743895 4749225 4752003 4756145 4761484 4766339 4769874 4773025 4776075 4779633 4782102 4786796 4792362 4793360 4796486 4801522 4803166 4808114 4811534 4812308 4819084 4820047 4821807 4823667 4825123 4833410 4840099 4842255 4844522 4845291 4848181 4851424 4857581 4869205 4872131 4875508 4876412 4878708 4879559 4884245 4885973 4892327 4895357 4897821 4902248 4909277 4913499 4914943 4925125 4927415 4932172 4936274 4937385 4938778 4945086 4949779 4952161 4955558 4958977 4960180 4967782 4969144 4983127 4985774 4987043 4989081 4992050 4993317 4996980 4997868 4999443 5003059 5004759 5010759 5012511 5016391 5017204 5018393 5029447 5032173 5033828 5034897 5036780 5039013 5040077 5048812 5050597 5052243 5058589 5063036 5067076 5068758 5070995 5072628 5074570 5081857 5085654 5086746 5092684 5098048 5104914 5116641 5118424 5119875 5125093 5127367 5134109 5135801 5142653 5147405 5149052 5151995 5165569 5167840 5172709 5176013 5178602 5183357 5186267 5204025 5212552 5213659 5215731 5218794 5219826 5221778 5224021 5228407 5237032 5239712 5244146 5246242 5248691 5251621 5257251 5260945 5263306 5271242 5272209 5274817 5279026 5280249 5283792 5284848 5286934 5288373 5293349 5295878 5303448 5306163 5308994 5327505 5330824 5332558 5335320 5337621 5339686 5344675 5346268 5348351 5349320 5352490 5354145 5362119 5365643 5371353 5374896 5382592 5390430 5394641 5397199 5412252 5415498 5418333 5424569 5426126 5433144 5442685 5453026 5457160 5460088 5462130 5463312 5465067 5467347 5471320 5472515 5473926 5476206 5481105 5483323 5485092 5487289 5488969 5490650 5496935 5501346 5504866 5507093 5508285 5510644 5518736 5527114 5530532 5534165 5537889 5539949 5544614 5548396 5551611 5552412 5554414 5556377 5559335 5567294 5568925 5570035 5571385 5573438 5574136 5576954 5579035 5581263 5582686 5583650 5585748 5590248 5593115 5596895 5601036 5605083 5607352 5608443 5628200 5632186 5633270 5635000 5636595 5648584 5657507 5661833 5663263 5664726 5679494 5689168 5690728 5692122 5693700 5695412 5699127 5700504 5702269 5704223 5708610 5711755 5713005 5714548 5717534 5725163 5726948 5728701 5731488 5734451 5736711 5741104 5748232 5750098 5750907 5757931 5758757 5759865 5760920 5763215 5764950 5772620 5775936 5778943 5788920 5794361 5805478 5812363 5813865 5816612 5819502 5823012 5825294 5830553 5838788 5840564 5844985 5847847 5852839 5853818 5858252 5867551 5870257 5871453 5873839 5875950 5877081 5880693 5882599 5885985 5894804 5902159 5908911 5910238 5915305 5919102 5920814 5923901 5931882 5936775 5939769 5943807 5946252 5950338 5953715 5957156 5959017 5965499 5967384 5968382 5979882 5980615 5982461 5985022 5985969 5990869 5992308 5995043 5998989 6001086 6009597 6013276 6018956 6023004 6028482 6031231 6033822 6036685 6039222 6040455 6047473 6049875 6051872 6055628 6060259 6062844 6066417 6068136 6072770 6074368 6077456 6090395 6096155 6098161 6104983 6110250 6111428 6113793 6115213 6116569 6119102 6121885 6127513 6129123 6131246 6133090 6134193 6141823 6146649 6147974 6156694 6162903 6163742 6166330 6169748 6176539 6181796 6187373 6190695 6193822 6195120 6196895 6200293 6201347 6205201 6212997 6214203 6215967 6219589 6220488 6222955 6226228 6229760 6232492 6234968 6240692 6245279 6247925 6256345 6260089 6264582 6267808 6271085 6274885 6276841 6286300 6288484 6290991 6291872 6292885 6297041 6301982 6303853 6307112 6309315 6310704 6315760 6317939 6318910 6324021 6325176 6328834 6330164 6332314 6333801 6341409 6346161 6352662 6354204 6355760 6359842 6361288 6363085 6367410 6370456 6375355 6377185 6380963 6382477 6385483 6389042 6391873 6398798 6403091 6410668 6411515 6416073 6417815 6424438 6428982 6432297 6437159 6439596 6443637 6449531 6451053 6457534 6458570 6461690 6463749 6468949 6471219 6473498 6474692 6484811 6490095 6500772 6501782 6502755 6507576 6508684 6510453 6513549 6515844 6517801 6521844 6525043 6534074 6536558 6548184 6550298 6553506 6557494 6565335 6572063 6573408 6575208 6580400 6582082 6588813 6589669 6590509 6591626 6592803 6597188 6600019 6602273 6605457 6607161 6609715 6615049 6617493 6620515 6628671 6639787 6644590 6651087 6658261 6659675 6662469 6664189 6676178 6680367 6684052 6686783 6689983 6692984 6698229 6702986 6703973 6705690 6710190 6712891 6715891 6719175 6721866 6726974 6733901 6734734 6736603 6738826 6740146 6741546 6743495 6746122 6748440 6749656 6751474 6754915 6756054 6759281 6760432 6764535 6769901 6772554 6777233 6780581 6782265 6783533 6785038 6786012 6791912 6795534 6804557 6806012 6809326 6811647 6812449 6819025 6820791 6824950 6827026 6827822 6832432 6833809 6840686 6846389 6851020 6853071 6857166 6859770 6861317 6864758 6865805 6867364 6869479 6881611 6884616 6891697 6892860 6894337 6900974 6907848 6908559 6910045 6912729 6914890 6919092 6923071 6929320 6935151 6937051 6938477 6944652 6948277 6949142 6950888 6952683 6954887 6960861 6962522 6967058 6973911 6977503 6983130 6986318 6988809 6990214 6992259 6994422 6996506 7002332 7006425 7008864 7010101 7013166 7019465 7020817 7034681 7035391 7040215 7045719 7050872 7054526 7058089 7059386 7061203 7065220 7070630 7073792 7077512 7084580 7086711 7089779 7091228 7095070 7096922 7099643 7102871 7104422 7110817 7112786 7113903 7115121 7117202 7119326 7120572 7125579 7127421 7129580 7134923 7136371 7137407 7147881 7160610 7161904 7166768 7168144 7170237 7176174 7179942 7183413 7184034 7188030 7190740 7194883 7197535 7199486 7201546 7202692 7205101 7211466 7216100 7219086 7220325 7234738 7238709 7239577 7242446 7244932 7246674 7249961 7252213 7260745 7263272 7270342 7272843 7279816 7283415 7284878 7292484 7298968 7300772 7302198 7309107 7311839 7318896 7319922 7327021 7331842 7334495 7335741 7342056 7343915 7345480 7346290 7348131 7349182 7350711 7356791 7359143 7361409 7368942 7376407 7378086 7379952 7386062 7387587 7389906 7393464 7397133 7399389 7406203 7409122 7411021 7412100 7413204 7415724 7418999 7421359 7427445 7431336 7433098 7434925 7437516 7441138 7450998 7453079 7454664 7455771 7457008 7458010 7460051 7460955 7466833 7470374 7473523 7478053 7479371 7482792 7484850 7487042 7495412 7496907 7502735 7504217 7505856 7510037 7512510 7515762 7518837 7520239 7523555 7524879 7526215 7528123 7529187 7530299 7538314 7542086 7543437 7545329 7548052 7549058 7550798 7552478 7553807 7555233 7558180 7561767 7563600 7566409 7570876 7586215 7592924 7595485 7597352 7600564 7601975 7604320 7608993 7610672 7617989 7622365 7624502 7627039 7633701 7639144 7639835 7642097 7644507 7648128 7650291 7653974 7656637 7663447 7665524 7677858 7679887 7681866 7685770 7688286 7691381 7695026 7696214 7697994 7704565 7709843 7711857 7715217 7719043 7724072 7727007 7732807 7733532 7737332 7740793 7741929 7744020 7755439 7763283 7766304 7768833 7779835 7782172 7783649 7789213 7790530 7797239 7798102 7801066 7803454 7807665 7808790 7809610 7813054 7815025 7815850 7818703 7819767 7821677 7823039 7825704 7830937 7832616 7834758 7841811 7843326 7846390 7848564 7850199 7855032 7859171 7860945 7862604 7869441 7879461 7886033 7889400 7894136 7898628 7901057 7904059 7912303 7914665 7917289 7920018 7926332 7930529 7935758 7939026 7941723 7943378 7947425 7950153 7954134 7957737 7966070 7967294 7968212 7972742 7973845 7976000 7982371 7984725 7986350 7987771 7993091 7995088 7998252 7999739 8003392 8005597 8007924 8011755 8014573 8017390 8019939 8022309 8022959 8028357 8030250 8037157 8038123 8040583 8043258 8049003 8051668 8057765 8063228 8064383 8066910 8071419 8076223 8077362 8080553 8082644 8086710 8098187 8101976 8102494 8104689 8108126 8115851 8121685 8122685 8126773 8130200 8133724 8137749 8140004 8142167 8143690 8144968 8150822 8151994 8153596 8155173 8157873 8161774 8163256 8164725 8166436 8169214 8172211 8174719 8177003 8182175 8185804 8187984 8192301 8195277 8200512 8207363 8208178 8210152 8217137 8220160 8230553 8232583 8240200 8242876 8243938 8246540 8259739 8266466 8268588 8272709 8277906 8282703 8287652 8289421 8291663 8292575 8293611 8294981 8302770 8303829 8305965 8315073 8315911 8321609 8328403 8330983 8331916 8334416 8335918 8339550 8341042 8347638 8349758 8352782 8359497 8363012 8364036 8366711 8369736 8373832 8375392 8376856 8383210 8385133 8390789 8391736 8398827 8403140 8403846 8406898 8411127 8413206 8415384 8421159 8423477 8425184 8425854 8429495 8431965 8435325 8436193 8437892 8440218 8442598 8451761 8453874 8455678 8456979 8458881 8460485 8464056 8472758 8474151 8477308 8480601 8489206 8491063 8495777 8500772 8509806 8511413 8514092 8521220 8524626 8530077 8530922 8532668 8536809 8538059 8540995 8542310 8546797 8548291 8549592 8551155 8553888 8556337 8558711 8563433 8565599 8567440 8568657 8570971 8578631 8583260 8586089 8588931 8590296 8591384 8593605 8595305 8603225 8604605 8609483 8613406 8615605 8618196 8620756 8628063 8633071 8634538 8644246 8648335 8649616 8650342 8656899 8659708 8662235 8664857 8668720 8671072 8677518 8678346 8679926 8681225 8682256 8686212 8696006 8704057 8705379 8706141 8707127 8710081 8712461 8713785 8715678 8746060 8747495 8748630 8750132 8753156 8757432 8759982 8762429 8763784 8766638 8771717 8773240 8775891 8778628 8781917 8789924 8792823 8801554 8807365 8813761 8815771 8817768 8819131 8820606 8828449 8830725 8833138 8838148 8840647 8842418 8844965 8849762 8853703 8857566 8858580 8865206 8869313 8872882 8874037 8877645 8880563 8882519 8885832 8887894 8897288 8901356 8904406 8906016 8909696 8911044 8917952 8920729 8929777 8938424 8939697 8944236 8949878 8969578 8970310 8973465 8975768 8978180 8981389 8986706 8989815 8992085 8993761 8995012 9003587 9006675 9008994 9013668 9017335 9019716 9024008 9029106 9031689 9032574 9034679 9036338 9038053 9041477 9042643 9045687 9048464 9050228 9051285 9053389 9058189 9062026 9064206 9065701 9068840 9070715 9072659 9075648 9076814 9080972 9082176 9084388 9087449 9092654 9094780 9095892 9097908 9099912 9102560 9103864 9107983 9109373 9111774 9113778 9121636 9122383 9129958 9131284 9133240 9136992 9139991 9145467 9146868 9150487 9154811 9158032 9160114 9160787 9165618 9168642 9170099 9172495 9176980 9178535 9179474 9185825 9188009 9190717 9196324 9197956 9200244 9206541 9209025 9214339 9215434 9216672 9221363 9223828 9225727 9227136 9229569 9231553 9235920 9241485 9245961 9260219 9265343 9267776 9270572 9271952 9275135 9277827 9284497 9285345 9287393 9288409 9290477 9293556 9304828 9310195 9313074 9314735 9316605 9319319 9321748 9327072 9329540 9332634 9337282 9344131 9345710 9348367 9352865 9357267 9363273 9365278 9372497 9373707 9376936 9378464 9381320 9382949 9383847 9386121 9389981 9396752 9402976 9406311 9408254 9410492 9411881 9415404 9424299 9428506 9433063 9438078 9449263 9449967 9453136 9454018 9455097 9458355 9462680 9465619 9466865 9470876 9476189 9480494 9486412 9487553 9494192 9497375 9498518 9500221 9502320 9504696 9506264 9509300 9510962 9514694 9518649 9519750 9521774 9524943 9537098 9539441 9542953 9547265 9549738 9551706 9553884 9559878 9561096 9570938 9574824 9576987 9578322 9582479 9583622 9588279 9590810 9592514 9594414 9596633 9601303 9602299 9604561 9607908 9612319 9614778 9618858 9622188 9625295 9632617 9635267 9636662 9640915 9643445 9660206 9670126 9672741 9674484 9681926 9684495 9685358 9686544 9691642 9694717 9698909 9701682 9705436 9707062 9709877 9712100 9714367 9716153 9718930 9723307 9725226 9735429 9739715 9746386 9751566 9753578 9754282 9760301 9762161 9764205 9764964 9774056 9775201 9776468 9779898 9785593 9786871 9795367 9804686 9806017 9811535 9814451 9816345 9818822 9822959 9828213 9834711 9836678 9838972 9844149 9847052 9854628 9856945 9867740 9872685 9875618 9880043 9882819 9885325 9887898 9890262 9892514 9893345 9904206 9906681 9907932 9911963 9915793 9916587 9919046 9921989 9923068 9924928 9926577 9927437 9930696 9932857 9934346 9937462 9943463 9949526 9951889 9952989 9953795 9956096 9957004 9959798 9973490 9977620 9978479 9979234 9990616 9993199 9995350 
</Matrix>
<Matrix name="Neuron_31" type="complete" rows="1" columns="1966" multiplier="1.0">
   2546 4632 17613 24264 31957 32964 41134 42949 48462 50486 60137 74262 80873 82477 88773 94044 96527 97377 98826 106546 111797 113204 120702 122148 125803 127337 130859 133388 134477 137503 142001 147150 148722 152832 156277 163522 171491 172948 174094 175711 180301 182301 192054 196993 202576 208591 210522 215901 224482 230460 232294 234798 246437 247772 249151 265290 271085 273976 278869 280748 288286 294843 296825 303527 310502 336827 340950 348503 353886 360780 362685 365837 367876 377879 383012 385201 388418 391416 392900 395728 404645 409658 417280 421090 422085 423612 425175 427945 432484 437998 442065 446745 449557 453745 460007 467713 473669 487807 499663 502737 508263 516760 518490 522627 532393 543702 545670 547081 554830 561578 572125 573545 579587 580747 581748 590632 595887 597457 602278 605121 608057 611932 614163 624780 633115 639332 640983 645083 656244 663242 665560 670805 673849 678457 681010 695770 698295 703354 705556 717436 720956 723003 731029 737899 741573 743152 746702 748417 766225 767945 770364 772598 773534 799070 802334 810146 813666 835163 838326 846425 847485 864848 870780 873503 875414 881034 888193 895399 900538 903132 911982 918892 921326 925364 933945 939394 940643 954233 955822 957338 959602 961478 974300 981001 992981 995147 999981 1001590 1009486 1012920 1018037 1020335 1022606 1026594 1027838 1033762 1038759 1041036 1043773 1050726 1052616 1053604 1056182 1059916 1062745 1066625 1070368 1075299 1076672 1078161 1084428 1087989 1095475 1102092 1107937 1121367 1122124 1124886 1140186 1144953 1154841 1160817 1163486 1165446 1167206 1171459 1182923 1184316 1186018 1190558 1192251 1193897 1195452 1197535 1198403 1203370 1213366 1218830 1221659 1228932 1230321 1236869 1248569 1251784 1258740 1261695 1268365 1271376 1274963 1284565 1288932 1290335 1293693 1295182 1309386 1315580 1319528 1321345 1328902 1331942 1333093 1339469 1349531 1351718 1353101 1355949 1361193 1367465 1377000 1378460 1386162 1393396 1396290 1397375 1399016 1400199 1405448 1408602 1413962 1419809 1422391 1426773 1430214 1433258 1441634 1454634 1456069 1458827 1461956 1466261 1468114 1476360 1479525 1486883 1493653 1505505 1506719 1512373 1515826 1520852 1531292 1540702 1542517 1545521 1547105 1549702 1559552 1562683 1563971 1579381 1584547 1597633 1604307 1609388 1614314 1624615 1626865 1638593 1640118 1646423 1648099 1652965 1654702 1657496 1662202 1671522 1674558 1676870 1692466 1698844 1699425 1701683 1705727 1707859 1708745 1711740 1715375 1716579 1722583 1726325 1730670 1737878 1740107 1745258 1751328 1752913 1755606 1756517 1757992 1759197 1763447 1767381 1770070 1773747 1774956 1780051 1789313 1791663 1799052 1802258 1816166 1820294 1821710 1825200 1826133 1827610 1832218 1835095 1836043 1839979 1841348 1845409 1857075 1863229 1866174 1870261 1872895 1877650 1881311 1882858 1886025 1888545 1889289 1902735 1907774 1916541 1919450 1923674 1925499 1927175 1930125 1934471 1940756 1945661 1948635 1950163 1956026 1962073 1969770 1973944 1976823 1977808 1981626 1985187 1987533 2000383 2003491 2005081 2007549 2010734 2024509 2026364 2041506 2044262 2045552 2059323 2069474 2072989 2075321 2083471 2085249 2087320 2088759 2091369 2092918 2094921 2098796 2106521 2119648 2124171 2125894 2129717 2132189 2134489 2138384 2139585 2140657 2143111 2157745 2161930 2165441 2168782 2173087 2173891 2174619 2178917 2184228 2185707 2189123 2192837 2198760 2201310 2214592 2216886 2222845 2224827 2232035 2232895 2237267 2238731 2240101 2243672 2244850 2254425 2257683 2261136 2265166 2268642 2290295 2297931 2308996 2315778 2317343 2318193 2319484 2336243 2341550 2351317 2365748 2371479 2379502 2394684 2400435 2402821 2410708 2420778 2424420 2425354 2430082 2442610 2445528 2454129 2471712 2474686 2482920 2485135 2488476 2492109 2496617 2507754 2516307 2523492 2526614 2530740 2537457 2538449 2542322 2545108 2557454 2563012 2569050 2571796 2577058 2587707 2589221 2592278 2596674 2598355 2600824 2602211 2613586 2621472 2625408 2640049 2643701 2645157 2652858 2655040 2658291 2659967 2669019 2670131 2671016 2673473 2686479 2689718 2692410 2694140 2694977 2697154 2699603 2702645 2704015 2706622 2708225 2708962 2710347 2723570 2730586 2736800 2737840 2742713 2747818 2750478 2751942 2756323 2760588 2766634 2775953 2785179 2787444 2790127 2793661 2795544 2799791 2805854 2813749 2821256 2833708 2838495 2841238 2845397 2850860 2854293 2865483 2869922 2883742 2886360 2890419 2897373 2899531 2905985 2910305 2911552 2918994 2925021 2929418 2938339 2940544 2942005 2944151 2946594 2949154 2951520 2955162 2966319 2969069 2984261 2990121 2991074 2994539 3000010 3001055 3007308 3024902 3026472 3030395 3032373 3034771 3036769 3039112 3048387 3050301 3056269 3066202 3069765 3081073 3087504 3089659 3093063 3097547 3101381 3103120 3107217 3112039 3115267 3118330 3119406 3121883 3122898 3125109 3128639 3135243 3137589 3142644 3143640 3148638 3163159 3171400 3174562 3185101 3188135 3200965 3202782 3212138 3219098 3230319 3235539 3246885 3247674 3248772 3250229 3251360 3253878 3255829 3256574 3258693 3261872 3276191 3289658 3294065 3298742 3303087 3305189 3306325 3307571 3310547 3312550 3315722 3328341 3332055 3338343 3341328 3355393 3357646 3363509 3365400 3368059 3369043 3374032 3378375 3381507 3391468 3394923 3401556 3411616 3413439 3416681 3420081 3424314 3428889 3439444 3444111 3449989 3459567 3463153 3466435 3468649 3474190 3479092 3481615 3486338 3493303 3498220 3507660 3510980 3516803 3519380 3524262 3529051 3540522 3543025 3548084 3556759 3568140 3569812 3571040 3572339 3575644 3577743 3579781 3588914 3602694 3611491 3618846 3620659 3624078 3632426 3633762 3636180 3642640 3645152 3651780 3656348 3661085 3673153 3675282 3677120 3690210 3692810 3701970 3710479 3716217 3726288 3728975 3732067 3737573 3755704 3759315 3760983 3763668 3766641 3767953 3770100 3773204 3779291 3782869 3784595 3792174 3799265 3811504 3815819 3816968 3818276 3820422 3823943 3828912 3832514 3836113 3842580 3856058 3857309 3862140 3864458 3868592 3872669 3874038 3883588 3894405 3896401 3913857 3918716 3937203 3940912 3949734 3950682 3959440 3963846 3965017 3969471 3974408 3977044 3995186 4012517 4014419 4016981 4020340 4023547 4024668 4031881 4035250 4037936 4041006 4046397 4049199 4051414 4069215 4072323 4083227 4088288 4089460 4093911 4100550 4104187 4133020 4135853 4141416 4143821 4145664 4151009 4154667 4158554 4167099 4177132 4179821 4193106 4198837 4205443 4210602 4215164 4224592 4231206 4232525 4239413 4244651 4248540 4250683 4261460 4275451 4277256 4281890 4288114 4292737 4293931 4297983 4303278 4306806 4318454 4334623 4336795 4337964 4352916 4359008 4360588 4363893 4371908 4378656 4391133 4407478 4423600 4428114 4442082 4443867 4448173 4450233 4456147 4458935 4466588 4467558 4470000 4473410 4478599 4480300 4483072 4497371 4499350 4507960 4509181 4515944 4520541 4528544 4530809 4535179 4538491 4539975 4540892 4550217 4553211 4557982 4579723 4585468 4587288 4588310 4593156 4597874 4601759 4605072 4633788 4639386 4654222 4657578 4670320 4672118 4676100 4683110 4684542 4687231 4699864 4707516 4711060 4722596 4724325 4727385 4729451 4737590 4741213 4743564 4744745 4756649 4760825 4765546 4766667 4768476 4769772 4771714 4778912 4792238 4795168 4799403 4802155 4809957 4813299 4816474 4817727 4821539 4833460 4838175 4840058 4848481 4852235 4859983 4879224 4883239 4890658 4892361 4899241 4901296 4902566 4909424 4915375 4924042 4925898 4931091 4934411 4951782 4962949 4970202 4978910 4981376 4991682 4995278 4998146 5003034 5005423 5008814 5009994 5012311 5022747 5030851 5035863 5039381 5042246 5053285 5063058 5070930 5079258 5080303 5081882 5083159 5086301 5090275 5102164 5106143 5110004 5111417 5112447 5124992 5127437 5134447 5141808 5142956 5144253 5148539 5149921 5155073 5163390 5164977 5185847 5186896 5196001 5198176 5200458 5212518 5215502 5220790 5222563 5240249 5245596 5256877 5257796 5267397 5273236 5276692 5277640 5281942 5287834 5293206 5308487 5311743 5317911 5322004 5322975 5326444 5328356 5331680 5337810 5348334 5350749 5353663 5364592 5375627 5377414 5384449 5395100 5397682 5404591 5408433 5412823 5423318 5426071 5427372 5433079 5435024 5437821 5442017 5443777 5445816 5448160 5449411 5465504 5467938 5474346 5478528 5482916 5489236 5490381 5492939 5494514 5496414 5497929 5503027 5504319 5507014 5509534 5510466 5519124 5526293 5532629 5538812 5543593 5546025 5555288 5556963 5570326 5575358 5589729 5591611 5595201 5597350 5599680 5605385 5613093 5614095 5618103 5623207 5630668 5643084 5652616 5654424 5662770 5668666 5671087 5675293 5679916 5684624 5685875 5687570 5694371 5702813 5711766 5722044 5737069 5742376 5749859 5756223 5761551 5772058 5773718 5775845 5777965 5780835 5790037 5803245 5810906 5813755 5830908 5833379 5835889 5837681 5839256 5845854 5848219 5850020 5851809 5862211 5863338 5865242 5872286 5878833 5889860 5891670 5893843 5894786 5898210 5900247 5904377 5911975 5922524 5929203 5938033 5943916 5951861 5957215 5970274 5971452 5973735 6006484 6014510 6015836 6024023 6039748 6040696 6042982 6058793 6063990 6066167 6067594 6072693 6076532 6079002 6080297 6084797 6095417 6099826 6106271 6108607 6112878 6114389 6124424 6126907 6133200 6144548 6149666 6153916 6161028 6164877 6177679 6185029 6187638 6192823 6194080 6196665 6198920 6204318 6205793 6209163 6213213 6214578 6219695 6225447 6232117 6233449 6235517 6241069 6245815 6256250 6257542 6258905 6263367 6266258 6275778 6281900 6284955 6288265 6290040 6295824 6297300 6301957 6307640 6315436 6324233 6330693 6332553 6338532 6341926 6346706 6348252 6350908 6353410 6359087 6359978 6371394 6372959 6375988 6381871 6385921 6391966 6398719 6411814 6416237 6427948 6429635 6438909 6441692 6443968 6448661 6461649 6464803 6467039 6469047 6477179 6478121 6491671 6493424 6499444 6506350 6509643 6512214 6514378 6526809 6529428 6534495 6537481 6541441 6545869 6547433 6548933 6552443 6554937 6558440 6559639 6562712 6563303 6566813 6570960 6572338 6580772 6583692 6593122 6609660 6611480 6613008 6615578 6617856 6629961 6634168 6636642 6639910 6642255 6645612 6653459 6659286 6664566 6674957 6677647 6681173 6699946 6700908 6701994 6703653 6724249 6726146 6728135 6740869 6741866 6743820 6745248 6747807 6755266 6757285 6772623 6775321 6778359 6781409 6783623 6799236 6806820 6813331 6828794 6834017 6837696 6842569 6844441 6846242 6848685 6853632 6858583 6860614 6864035 6869573 6882704 6893959 6896218 6905424 6915551 6916662 6918402 6920941 6925755 6927027 6928716 6934314 6935476 6936659 6940633 6941783 6953378 6959657 6961557 6963024 6964072 6971272 6975314 6978499 6980374 6991276 6994084 6999545 7001279 7002712 7004909 7009134 7012529 7017290 7018466 7024747 7032814 7034089 7037305 7039995 7052135 7057356 7059442 7072276 7074572 7076557 7080573 7085018 7090507 7094569 7096682 7100096 7102922 7104003 7108853 7112358 7115464 7120468 7122578 7125513 7128286 7151898 7157680 7159146 7162291 7164347 7166422 7167678 7181095 7184823 7188135 7197051 7198288 7202684 7205357 7211621 7213251 7213943 7220910 7230706 7233241 7236316 7238269 7240054 7240942 7244326 7260992 7270972 7276502 7289458 7295604 7301218 7308715 7310451 7312827 7315330 7328553 7330739 7338228 7342699 7345991 7347593 7362022 7374743 7377416 7380526 7382383 7385164 7387867 7390933 7395457 7397309 7404287 7407873 7414643 7416347 7430661 7435769 7440709 7446702 7448830 7453067 7453766 7462993 7464265 7470321 7471970 7477749 7483231 7487822 7488657 7497046 7509350 7513193 7515607 7522328 7524023 7527879 7531615 7547996 7550337 7551609 7555079 7565544 7572274 7579414 7580234 7582432 7596375 7599018 7611165 7625298 7634848 7642926 7655569 7659071 7663248 7664246 7670160 7673751 7679114 7680764 7685761 7687797 7689021 7689955 7691463 7695375 7699652 7706404 7715421 7717074 7717899 7719932 7721946 7732844 7736053 7740638 7750348 7752442 7758553 7762486 7764073 7771643 7780548 7782546 7798643 7799863 7804513 7805355 7813105 7822074 7824237 7825895 7827474 7828816 7830229 7835638 7839579 7841119 7850896 7855195 7861330 7863236 7867472 7869638 7873024 7874972 7882687 7884434 7896190 7897828 7901035 7902688 7910653 7914971 7924670 7926751 7944871 7948573 7950186 7951771 7954295 7957571 7962124 7964890 7971365 7973150 7982482 7984168 7988902 7990883 7992975 7998362 8000427 8002269 8006464 8023353 8025838 8027205 8038493 8042277 8045950 8047081 8048786 8052849 8057117 8059922 8060760 8067972 8073524 8078431 8080528 8087459 8088582 8090323 8094362 8098815 8102355 8115294 8118189 8120510 8121724 8124962 8127148 8133411 8136562 8142331 8143494 8146868 8147919 8158237 8159336 8163811 8168200 8169151 8170756 8172933 8179015 8184162 8185744 8187685 8191548 8194000 8194825 8200184 8206821 8214150 8223518 8225248 8226704 8229380 8230351 8234983 8238056 8241838 8245323 8266268 8268299 8270892 8272060 8273536 8279289 8282131 8284856 8286501 8292915 8297416 8309502 8322965 8326520 8331953 8333895 8335134 8336156 8336867 8339684 8347583 8354893 8357293 8364406 8368051 8376223 8386889 8389760 8404028 8408822 8409978 8413219 8415562 8416763 8417993 8422171 8426000 8444202 8449948 8454414 8461735 8465483 8467270 8474282 8475485 8483055 8507736 8513043 8515377 8527060 8528239 8529493 8532260 8534460 8536043 8544051 8549744 8551680 8559354 8562092 8563601 8565159 8566181 8573128 8579435 8580534 8589159 8596523 8600563 8603577 8609998 8616427 8619940 8629205 8630607 8636009 8639580 8641980 8652941 8662723 8664055 8669197 8672665 8677617 8684343 8686254 8687665 8689872 8693976 8698182 8700498 8704700 8709354 8715730 8717991 8722172 8726332 8729109 8730576 8735063 8742261 8743224 8747291 8752448 8758338 8761500 8770780 8772219 8779215 8783715 8793225 8802171 8805487 8808080 8811193 8813147 8816648 8818136 8820438 8821656 8827007 8838085 8846278 8853834 8856794 8860759 8867360 8875600 8877352 8879003 8891389 8895428 8897064 8900558 8909832 8912213 8913424 8917342 8918458 8922572 8938327 8942158 8944317 8958738 8965863 8968927 8969934 8973760 8982731 8991768 8999636 9004627 9021591 9024988 9033089 9038546 9040155 9051168 9054603 9057307 9063039 9071299 9072952 9078127 9086548 9095865 9099564 9101067 9105656 9108435 9110860 9113422 9116850 9126916 9127776 9132187 9140308 9143444 9146700 9147881 9150482 9152669 9154622 9161279 9163965 9177904 9188017 9190805 9198132 9199148 9203304 9212488 9218247 9228272 9236593 9242265 9248035 9250380 9253950 9255913 9261588 9263436 9268200 9283260 9291450 9292427 9294287 9297889 9301421 9307936 9315153 9319742 9328352 9332786 9339281 9340845 9344171 9347284 9349089 9350774 9353921 9355077 9358447 9360476 9364040 9365108 9366478 9369562 9373944 9375351 9377688 9385738 9390677 9394470 9395556 9401677 9405600 9407136 9409232 9411458 9414957 9416659 9419132 9430442 9431890 9444008 9460093 9461282 9463298 9465077 9470888 9471630 9472394 9474228 9478819 9482580 9487383 9490722 9497681 9499787 9505367 9510276 9514158 9517323 9526245 9532237 9534434 9538128 9541922 9546518 9547478 9548746 9550154 9554302 9569496 9579242 9585249 9594569 9598003 9601985 9610242 9625042 9627867 9629117 9630800 9635162 9639018 9644324 9646256 9649322 9657211 9664763 9667119 9678206 9680401 9682091 9685657 9687484 9689651 9693251 9700222 9705551 9707355 9710549 9713091 9715288 9716426 9727689 9730032 9731301 9733622 9738260 9749290 9754363 9770241 9778800 9784789 9788515 9798501 9805845 9815422 9821285 9830300 9839982 9847641 9861949 9865528 9869554 9875100 9890841 9895303 9903275 9906412 9909736 9918425 9920088 9924648 9927595 9930017 9933347 9939040 9943972 9947052 9952306 9972639 9989756 9994325 9996020 9998325 
</Matrix>
<Matrix name="Neuron_34" type="complete" rows="1" columns="123" multiplier="1.0">
   21719 56235 113770 178098 257547 294453 348935 415684 574407 579066 654700 674599 678177 832809 866253 872929 1097592 1210904 1224173 1279400 1373745 1461690 1484137 1522672 1568365 1573696 1606683 1669635 1702579 1772003 1836320 1859899 1889460 1938038 1967826 2308503 2415844 2464330 2483015 2578026 2601883 2705476 2738372 2892947 2902184 3095580 3162870 3194042 3476259 3493833 3543016 3559120 3565315 3695792 3741427 3856484 4007867 4152928 4211688 4357129 4365417 4493906 4519773 4612711 4984839 5034299 5220932 5284470 5386518 5496749 5566076 5591676 5600863 5617848 5641729 5643980 5731528 5832113 6085966 6466928 6476631 6598914 6640546 6664654 6697580 6759419 6869097 6907358 6967618 7090064 7147858 7256100 7294988 7367935 7633440 7640388 7652525 7720390 7763683 7915314 8072055 8166764 8241936 8371663 8542926 8764397 8855948 9213641 9266472 9287457 9360393 9532262 9542634 9597094 9602537 9608695 9692177 9726365 9784178 9807602 9812047 9840046 9923167 
</Matrix>
<Matrix name="Neuron_41" type="complete" rows="1" columns="110" multiplier="1.0">
   126390 382784 545359 722483 766040 1014252 1103240 1106924 1157748 1170728 1275274 1804231 1810627 1816716 1907565 1958637 2030177 2174430 2336723 2426060 2458769 2464109 2479500 2587940 2716774 2771187 2809251 3012834 3116420 3118208 3255562 3266677 3341578 3462467 3467137 3507704 3553087 3556499 3573963 3853955 3871809 3960290 3985345 4019890 4066184 4104315 4150026 4186507 4219473 4231881 4294651 4479112 4554870 4734412 4810874 4909438 4958048 5231452 5276538 5429973 5455053 5476498 5552651 5577117 5579061 5755799 5805444 6152964 6177769 6213048 6524059 6528245 6563518 6612267 6637719 6778178 6850263 7139270 7141785 7182346 7384322 7395457 7489297 7518039 7680423 7705511 7707278 7717275 7718566 7735893 7846494 7921313 8080088 8141261 8248366 8346329 8553980 8640788 8669482 8730056 8854290 9046091 9047841 9085775 9197261 9213248 9384649 9662086 9767098 9969074 
</Matrix>
<Matrix name="Neuron_44" type="complete" rows="1" columns="4712" multiplier="1.0">
   2659 5365 6291 7310 8137 12936 15478 16768 18679 21594 23199 24028 25188 29111 30395 30868 31612 33597 35242 36349 38672 41036 42860 45725 48355 52092 53675 55331 56206 57505 61204 62939 66593 67583 70783 74843 77387 78761 80219 83658 85221 86719 88960 90534 93915 94663 96893 99122 101004 101705 102773 104235 104925 107729 109844 110486 112953 116542 120390 122173 125643 127435 128462 129788 131316 132418 136316 137918 140643 146594 148150 152004 153005 156591 159400 160114 161197 162850 164573 166258 167800 169481 170770 171779 172721 174276 175188 175719 179222 182524 185349 189165 191471 198240 202666 204783 206184 208829 211689 212454 213897 215508 216537 217388 218362 219532 221969 224138 225714 228446 229149 230058 231080 232380 238431 240002 241145 242775 244990 246452 248739 253446 254446 255423 256967 258091 259856 260796 262884 265643 268199 271389 276776 280361 282394 283453 285426 286191 287224 292185 293027 294830 296626 300295 300960 304177 306065 307231 308830 312544 316481 318158 319055 320294 323652 327527 329637 331648 334902 336414 337494 338937 343045 344620 347939 349286 350817 354984 357501 360012 361045 362229 364228 370695 372193 374210 379140 380694 383172 387314 388517 389446 390766 392121 394018 397037 398381 399924 400765 402225 406095 409508 410758 412206 414803 418372 421170 424202 425711 426893 428490 433525 434602 436886 439194 441459 442411 446654 449092 450062 451662 453889 455255 456280 457801 460316 461565 465629 467410 469277 475291 476370 479231 480010 481322 484253 485182 490991 492048 493439 498337 500522 502404 503778 504872 505830 508750 509805 511225 513850 516123 518347 519125 521760 523796 527648 528489 529970 534200 537862 539948 541512 542668 546047 551684 553980 556548 559049 560544 564170 565600 567486 568674 570449 572123 572809 576094 580079 582469 583231 586719 587922 592714 593929 595258 596582 597288 598221 600081 600799 604868 605803 606807 608891 610470 611216 613223 614088 616786 617435 619352 624084 625381 626911 629101 629893 631154 633246 634785 636025 640781 645389 646204 649399 652832 654788 657863 659830 663524 666167 668240 670290 672522 676415 677384 678394 680343 684110 686343 688484 689360 693146 694358 695334 698572 702399 704100 705612 711057 712162 713235 715684 716259 726058 729347 730266 733492 736026 738134 740855 744144 745997 747623 749836 753472 755837 756550 759182 763277 765011 765823 772355 773613 776570 782263 783219 784678 792005 794502 795891 797027 798895 802450 803332 804958 808321 810679 813099 814580 815635 817455 819264 821345 822629 823917 825969 829541 831279 833389 834692 840139 842083 844870 848495 849974 851941 854462 858085 859903 861517 862646 864366 865491 870537 871820 873057 874498 877039 878473 879977 882793 884651 886530 888652 889656 890629 891498 892668 896843 900848 902126 905104 906526 908978 910501 912372 916823 918235 919645 922190 923551 924384 925233 926710 927448 928978 932614 933616 934997 937662 938399 939697 942147 943006 943985 947979 949694 952954 958715 961121 967007 970266 972813 976798 979123 980389 982501 984100 987145 987857 990775 994026 995934 996859 998028 999585 1001864 1003427 1004313 1005184 1006698 1007815 1008934 1009685 1012036 1014888 1016357 1018127 1022697 1024007 1027156 1028963 1029908 1034302 1035267 1038078 1040171 1041339 1043653 1048742 1051360 1053348 1057039 1060269 1062758 1066654 1070278 1071132 1076719 1078044 1080243 1081715 1083252 1087055 1088858 1090281 1091315 1091940 1093914 1095267 1096438 1098443 1099756 1102869 1103769 1105309 1107640 1109771 1111808 1113030 1114210 1115754 1116813 1119575 1121277 1122244 1123374 1124996 1128628 1130454 1131243 1132193 1133632 1135976 1141190 1142355 1143287 1147761 1149567 1152992 1154042 1155399 1157544 1160668 1161791 1162908 1166612 1167676 1169120 1171675 1176947 1178301 1180006 1181485 1183093 1185168 1187020 1188866 1191169 1193611 1195118 1196065 1198572 1199648 1200775 1201546 1203317 1206790 1207985 1209710 1212145 1213647 1215286 1219157 1222659 1223322 1225042 1229023 1230688 1234423 1236077 1237700 1239865 1243519 1245422 1246982 1250305 1252756 1253531 1260033 1262738 1264217 1270341 1272186 1273154 1275020 1277701 1278496 1279247 1280894 1282538 1284768 1285961 1290123 1292786 1297713 1298911 1300894 1301873 1302633 1303954 1307425 1309317 1310929 1314096 1315722 1317511 1318187 1319499 1321292 1323019 1323802 1325711 1326729 1328276 1329794 1335207 1337940 1338905 1340058 1342765 1348380 1349079 1350626 1351962 1355085 1357960 1360276 1362080 1363250 1367500 1368605 1372198 1373128 1375098 1377462 1378388 1379830 1380849 1382159 1383830 1385115 1385943 1387028 1390073 1392443 1393197 1395380 1396462 1397235 1401039 1404273 1407401 1408456 1412538 1414625 1415463 1416487 1420519 1422859 1427334 1428617 1429439 1432379 1435457 1436716 1437588 1438488 1440614 1442443 1443473 1445261 1446116 1449969 1451016 1452777 1454578 1455464 1457127 1459083 1461305 1462347 1464035 1468974 1473740 1475046 1475933 1479941 1487177 1490984 1493222 1495523 1497838 1498773 1499621 1500803 1503486 1507116 1508565 1509567 1511061 1512185 1515002 1516526 1517916 1520531 1521818 1524119 1526075 1527173 1529887 1532171 1533453 1534105 1534994 1538725 1541541 1546456 1547668 1549316 1551548 1555217 1556540 1557762 1558848 1561336 1564838 1566012 1566746 1568334 1572804 1574046 1580810 1583324 1585579 1586465 1589107 1590672 1593773 1594786 1596905 1599929 1601229 1602845 1604368 1606850 1608279 1611598 1612875 1616225 1617910 1618527 1620780 1622790 1625885 1629623 1631350 1632367 1634558 1638647 1639554 1640167 1641184 1642733 1644364 1646280 1648731 1649696 1652258 1655591 1657511 1658998 1665513 1666710 1668302 1671403 1673756 1674655 1680002 1681911 1683072 1684431 1688345 1690288 1693404 1694486 1696911 1698298 1701591 1703355 1705941 1707955 1711264 1713290 1714166 1716252 1718110 1720301 1724003 1728314 1729465 1730819 1731883 1733263 1735792 1737668 1738822 1739777 1743648 1744445 1745542 1746473 1747407 1748137 1750404 1755251 1757152 1759610 1761211 1762600 1766020 1767357 1770702 1773013 1775092 1781112 1785467 1787337 1790135 1794357 1796951 1798465 1803556 1804990 1805578 1808897 1809806 1811688 1813611 1815131 1816191 1819607 1822596 1825296 1827600 1829589 1830887 1833799 1835557 1836977 1838440 1839764 1840602 1841447 1843460 1849335 1851313 1852936 1854824 1855658 1856631 1860975 1861935 1863498 1868548 1872560 1876098 1877663 1878584 1885063 1888398 1890026 1891038 1892959 1894416 1895828 1897976 1899172 1900846 1902850 1904994 1905917 1907858 1908421 1910537 1912796 1914203 1916813 1917691 1918924 1921539 1922662 1925217 1928898 1930949 1932311 1934493 1939648 1940533 1942036 1944515 1948212 1949520 1952257 1953410 1955477 1958023 1959096 1961294 1962004 1964431 1965607 1968292 1974147 1975844 1978937 1980678 1984031 1987144 1989283 1991496 1992620 1995535 1999109 2001935 2004617 2005666 2008273 2011772 2013065 2014343 2019218 2022022 2023053 2024093 2025621 2026816 2030492 2031718 2035409 2038431 2040354 2044814 2045664 2047810 2048646 2053401 2054376 2055324 2056990 2058713 2059840 2065986 2067141 2069856 2073250 2074495 2075567 2080641 2082832 2084458 2085073 2087179 2091192 2092167 2095744 2096986 2099580 2100194 2101773 2103453 2109980 2113266 2116453 2118562 2119188 2120399 2121584 2122756 2124583 2126060 2128503 2136209 2139060 2140718 2142796 2143492 2147055 2148793 2149832 2152008 2153498 2155249 2157755 2158596 2165339 2169947 2171372 2174516 2176863 2178371 2179454 2181940 2185344 2192093 2193391 2196020 2197622 2198516 2203434 2204282 2206380 2206997 2208609 2209818 2211883 2214065 2219225 2223423 2226265 2227819 2229362 2232025 2235586 2238837 2241445 2245006 2250417 2252462 2256733 2259989 2261495 2265959 2267660 2269897 2271577 2273236 2274339 2275904 2278080 2279633 2280887 2284731 2286181 2287514 2289902 2291550 2292914 2295095 2298027 2298883 2300711 2301699 2303902 2304791 2307269 2310697 2311684 2312998 2315735 2322069 2323990 2325380 2329016 2332221 2338253 2339833 2340700 2341889 2342875 2343892 2347796 2348800 2351138 2352013 2353815 2359387 2361298 2362176 2363295 2366557 2368564 2369619 2372343 2373694 2374646 2377040 2383151 2389167 2392353 2402507 2404266 2406363 2407868 2410365 2414385 2419360 2420651 2421730 2423610 2425334 2426804 2427799 2430677 2433427 2436872 2439157 2441128 2442827 2444554 2445685 2447658 2450224 2455409 2457381 2458735 2460433 2462146 2463654 2464504 2465612 2466517 2468530 2469421 2473166 2474337 2475676 2478762 2479619 2480853 2482360 2483140 2484803 2485959 2487659 2489337 2490507 2492858 2495462 2497292 2498529 2499461 2502123 2503247 2504494 2505886 2511980 2515095 2516944 2520111 2522210 2526318 2528361 2530786 2531919 2533993 2535656 2539941 2540951 2542611 2544603 2545954 2549353 2552767 2553882 2554776 2556608 2558720 2562137 2562661 2570989 2573905 2575125 2577611 2579773 2580988 2582078 2583265 2584129 2588866 2592437 2593914 2595750 2599592 2602218 2605994 2606718 2607484 2609989 2611589 2612467 2614541 2616644 2619082 2620550 2621453 2624126 2624908 2630555 2631688 2634899 2635768 2638633 2642689 2645965 2649132 2650036 2651201 2652022 2652858 2654378 2657685 2659887 2662483 2666951 2668255 2672797 2674802 2675698 2677536 2678770 2679783 2682438 2683220 2684912 2692744 2693862 2695796 2697438 2698534 2703808 2704748 2706268 2709057 2710369 2712218 2713674 2714690 2718421 2722161 2723294 2724656 2725762 2726897 2732209 2733293 2735446 2736272 2737383 2740164 2741655 2742964 2743974 2745518 2746672 2748103 2748627 2749603 2750295 2751858 2757979 2759563 2760989 2761740 2764450 2765488 2768899 2770119 2772050 2773457 2775569 2779942 2781816 2783326 2786961 2787979 2789176 2790710 2793290 2794782 2796287 2799653 2807827 2808942 2811602 2816384 2817997 2819562 2822534 2823895 2824618 2826905 2828230 2831344 2835796 2838292 2839862 2841118 2842651 2844263 2845494 2847155 2848529 2851308 2852797 2853928 2855527 2856721 2859899 2860791 2861984 2862815 2869139 2870329 2871780 2872602 2873480 2875070 2878356 2879667 2880516 2883107 2885283 2886566 2887938 2889975 2893686 2896170 2898181 2900604 2901528 2903995 2907285 2909028 2911630 2915689 2919616 2924595 2926540 2927890 2929835 2933135 2936792 2940510 2942485 2946655 2947652 2949500 2950250 2951512 2953336 2955138 2956521 2958105 2959121 2960424 2961537 2966395 2968205 2970898 2972536 2973882 2974961 2976490 2978655 2980073 2981610 2984623 2985354 2988181 2989836 2992424 2993826 3001084 3004107 3006831 3008149 3009735 3016235 3019306 3020771 3021364 3022502 3024214 3025083 3026009 3026741 3030689 3032473 3033901 3037789 3039286 3040496 3041689 3043135 3049882 3052421 3054614 3058258 3062490 3067225 3069622 3070503 3071717 3075096 3079113 3081413 3082710 3083622 3085202 3090351 3094103 3096153 3099723 3101021 3102809 3104393 3105560 3106910 3108002 3109417 3112741 3113386 3116691 3118695 3120651 3123832 3129031 3132047 3133882 3134926 3140916 3142392 3144417 3145421 3146626 3147528 3150399 3153250 3154074 3156317 3158889 3159441 3160552 3162188 3165116 3167299 3169214 3170742 3172752 3176060 3177732 3178575 3179781 3183408 3184425 3185356 3188115 3190197 3190953 3193584 3195963 3196650 3199213 3200232 3201720 3203709 3206830 3207704 3209577 3210835 3212404 3217636 3219240 3220914 3224694 3225743 3227086 3228452 3229305 3230940 3232585 3234389 3238031 3240091 3240589 3243524 3244802 3246127 3247469 3248908 3252792 3255081 3256948 3258841 3259727 3260952 3262606 3265762 3266649 3267454 3269650 3271676 3275874 3276950 3281050 3287604 3288486 3289609 3290353 3291870 3294124 3295006 3296163 3301331 3303758 3310823 3312614 3313542 3314938 3317867 3318346 3321469 3328090 3328922 3330323 3331386 3332692 3337104 3337789 3339150 3340728 3341972 3343511 3344721 3345570 3346895 3349729 3350462 3351730 3353138 3355584 3356832 3358718 3360884 3361560 3363711 3365760 3366705 3369467 3370630 3371590 3376474 3378401 3379834 3381783 3384134 3385659 3389818 3394741 3395507 3397325 3398653 3400780 3401667 3404123 3406217 3407439 3408453 3410739 3411624 3412975 3415143 3416869 3418051 3419432 3421604 3423588 3424545 3430329 3435022 3436530 3438977 3440211 3442120 3444862 3449266 3449870 3450983 3451813 3452975 3455029 3456111 3458280 3461381 3464481 3466129 3467386 3470031 3472632 3474855 3478453 3479708 3481162 3483606 3487585 3488974 3490250 3493740 3497400 3500809 3502972 3503654 3504640 3507549 3508615 3510840 3513588 3514778 3516211 3518065 3519113 3519806 3521628 3527403 3528430 3529649 3530765 3533199 3534677 3536175 3539498 3542212 3543612 3545769 3546818 3547916 3549131 3550085 3552111 3554141 3556225 3558312 3559497 3561584 3566242 3567540 3569272 3570559 3572787 3573640 3575785 3576869 3578163 3579409 3581547 3582924 3585768 3587167 3588731 3590630 3596313 3597790 3599697 3602756 3603614 3605289 3606641 3608090 3609440 3611869 3613647 3616179 3619030 3625955 3630937 3632581 3633372 3635618 3636817 3637531 3638685 3640399 3641686 3644671 3648997 3655463 3658021 3661860 3663323 3665126 3666441 3667555 3671407 3672553 3673222 3675279 3677024 3678442 3679770 3681138 3688633 3689767 3690711 3693072 3694378 3697459 3698564 3701835 3702852 3704733 3705718 3708990 3709900 3710960 3714560 3716583 3718946 3719800 3721322 3724967 3726092 3728964 3731443 3734579 3736578 3738403 3739857 3744419 3745075 3747078 3749707 3751423 3753361 3754951 3758854 3759831 3763051 3764543 3766472 3769291 3770666 3771852 3772951 3773812 3775370 3777536 3778959 3780828 3782129 3783200 3784061 3784871 3787617 3793974 3795935 3798479 3799807 3800800 3802057 3803288 3805045 3807334 3809481 3811775 3814322 3815202 3819565 3821547 3822933 3826780 3829099 3830545 3831894 3833474 3834439 3839090 3840992 3844846 3846879 3848262 3849576 3850754 3852671 3853857 3854918 3856003 3858400 3860398 3861123 3863645 3864623 3865781 3871135 3873028 3874647 3876596 3878122 3883844 3886796 3887961 3889548 3894081 3895138 3896655 3897330 3899564 3901287 3905139 3907553 3913761 3916863 3918835 3920004 3920522 3921463 3922564 3928293 3929739 3931337 3934191 3936507 3937979 3940828 3942741 3944319 3946001 3949191 3951130 3952129 3953940 3957322 3958237 3959351 3964225 3965586 3967608 3968365 3970021 3971351 3972172 3973849 3974557 3979707 3985754 3988480 3990470 3992268 3992909 3995573 3997428 3998714 4000296 4003161 4005155 4006794 4007720 4012023 4012731 4015487 4018213 4019083 4020327 4021122 4022808 4023791 4024993 4025987 4027248 4028522 4029717 4031413 4032547 4033507 4034656 4036636 4037680 4041597 4043965 4045304 4045881 4046887 4048311 4050049 4051483 4052239 4056170 4057299 4058201 4059540 4060989 4063441 4066269 4068081 4069930 4072596 4075109 4076946 4079314 4080009 4081954 4085187 4087517 4089743 4090577 4094085 4097164 4099160 4101404 4103783 4104491 4106187 4107414 4108435 4109520 4110698 4112631 4115359 4116831 4118474 4119715 4124122 4125034 4125676 4127804 4136185 4138405 4141030 4142073 4142644 4145047 4146474 4148077 4150080 4154787 4162511 4165158 4169260 4171148 4173412 4174501 4175369 4177000 4179728 4181018 4182233 4183423 4187409 4188966 4190320 4191843 4192553 4193167 4194437 4195344 4197625 4199874 4201368 4202326 4203839 4205310 4206090 4207064 4211139 4211698 4213162 4214277 4215644 4220485 4224692 4227259 4230210 4231415 4233537 4238984 4241831 4243818 4245752 4246943 4248516 4249543 4250647 4251404 4253552 4255921 4257176 4259164 4262564 4265788 4266827 4269797 4273137 4275766 4276826 4279008 4280917 4283033 4284734 4287619 4289348 4290679 4292264 4293293 4295665 4296572 4298350 4299308 4301312 4304217 4306786 4308202 4309886 4312649 4317129 4321375 4322500 4323427 4324554 4326129 4328486 4336227 4342814 4347219 4350229 4351307 4354112 4356451 4358270 4359834 4363324 4367429 4372686 4373514 4376029 4377603 4379066 4387703 4388728 4390132 4392378 4393409 4394503 4395292 4396478 4400696 4401955 4403314 4407157 4408159 4409352 4413630 4415509 4416539 4419898 4421277 4424020 4426446 4427965 4429574 4430768 4433519 4435546 4439335 4440485 4441278 4443365 4444924 4446042 4447230 4448497 4449051 4453392 4454678 4459416 4460868 4463930 4466290 4467304 4468375 4470107 4470743 4471483 4472889 4475771 4477775 4480630 4481656 4484349 4485815 4488725 4490453 4492490 4496149 4497469 4501261 4502664 4506167 4507379 4508575 4512711 4514742 4515804 4516429 4517773 4519291 4520638 4522755 4523673 4525384 4526753 4527827 4528706 4530277 4531451 4532647 4533490 4534454 4535656 4538625 4540289 4541351 4542595 4543948 4544776 4546502 4547375 4548422 4555272 4555961 4556713 4558772 4560019 4564700 4568096 4569039 4571249 4575754 4582294 4583107 4584009 4587077 4588984 4589789 4590785 4591297 4594958 4595970 4597001 4602886 4604193 4606688 4608586 4610087 4611407 4612783 4613988 4615566 4618210 4621874 4624641 4626233 4628128 4630572 4633689 4634643 4635723 4636959 4638093 4640611 4641660 4644336 4647735 4649584 4654660 4655625 4658125 4659837 4660486 4661626 4662627 4663550 4666076 4667118 4669533 4675526 4679762 4681704 4682324 4686379 4687331 4688533 4690572 4691833 4693954 4696615 4699086 4700796 4704220 4706885 4708113 4709203 4710729 4711446 4712565 4714577 4717193 4717955 4718758 4720757 4722415 4723120 4723831 4725140 4730240 4733874 4737589 4740305 4745522 4747861 4751280 4753214 4757723 4758784 4760673 4762068 4766164 4767074 4768409 4770220 4771141 4774262 4775582 4777998 4779028 4780750 4782135 4785004 4786975 4788655 4791696 4792694 4801942 4802590 4803741 4805970 4809866 4811654 4812488 4814298 4816546 4817463 4819262 4820435 4821375 4823820 4824878 4827335 4829193 4832457 4835825 4837985 4842613 4844627 4846620 4848899 4850055 4852319 4853797 4855347 4857349 4860581 4861976 4863677 4865028 4866266 4867743 4869320 4870980 4872590 4875058 4876785 4878468 4880432 4884119 4886251 4887296 4890027 4890649 4891599 4892655 4894665 4897335 4899848 4900751 4901820 4903980 4908124 4909368 4910659 4913813 4916135 4918090 4921048 4921965 4926444 4927219 4928666 4930202 4934238 4935314 4937710 4939217 4940610 4942005 4942854 4944782 4946535 4949528 4951748 4958196 4959065 4960651 4961660 4963705 4966040 4968573 4971705 4974582 4975355 4981218 4983255 4984128 4986328 4987240 4988962 4990336 4991163 4991783 4995733 4996494 4999240 5000531 5001891 5007217 5008897 5011452 5012249 5013149 5015606 5016628 5017744 5018966 5023043 5025099 5027468 5028830 5029545 5031089 5032179 5033363 5038768 5041501 5044285 5045937 5047841 5049266 5051226 5052316 5054155 5055813 5056919 5059997 5061378 5062190 5064152 5067096 5069672 5070587 5071283 5073548 5074437 5076449 5078117 5079521 5081804 5083425 5086460 5087800 5091075 5093205 5094025 5095150 5097459 5102432 5105205 5107670 5108358 5113014 5118443 5120302 5121619 5123317 5124881 5125834 5128241 5131470 5132661 5134203 5136405 5138333 5139400 5140581 5141175 5142443 5145199 5146356 5147156 5148764 5149697 5154131 5156538 5158938 5160128 5160678 5163667 5165088 5166246 5167582 5168353 5174093 5175752 5177518 5179026 5181950 5182878 5184187 5184939 5185769 5187183 5187735 5188741 5189872 5190789 5192174 5192835 5194262 5197011 5198248 5200847 5201988 5205914 5209016 5215066 5217951 5220593 5221575 5223297 5224938 5226035 5229517 5235792 5237443 5238840 5241684 5244287 5245425 5248404 5249534 5250967 5253418 5257584 5260544 5261896 5266166 5266948 5270614 5273593 5274720 5275490 5276797 5281896 5283728 5284400 5289721 5291365 5295288 5297654 5299806 5300880 5301861 5304016 5305908 5306796 5309455 5312102 5316142 5317973 5321326 5322487 5325677 5326425 5327163 5328544 5329672 5331895 5333479 5335896 5336705 5338388 5339064 5340026 5340970 5343559 5344755 5349296 5351669 5353024 5354528 5359048 5362288 5365272 5367788 5369335 5370822 5371580 5372107 5373847 5374917 5376407 5378318 5380235 5382381 5383729 5387849 5392683 5395173 5398002 5399683 5405634 5406479 5407311 5408929 5409596 5410475 5412791 5421772 5422855 5425752 5430400 5432361 5434470 5439195 5441367 5442048 5443589 5444582 5445693 5447042 5449058 5450404 5453620 5455176 5456359 5459286 5463632 5466423 5467375 5468010 5469451 5472216 5473274 5479160 5482322 5483863 5486547 5487446 5492368 5493735 5496189 5497410 5498339 5499571 5500360 5503481 5507721 5511786 5516992 5519049 5520269 5522024 5525943 5527574 5529430 5531753 5532735 5533776 5535964 5537355 5537861 5540264 5542548 5545223 5554167 5563082 5563992 5565017 5566015 5566831 5567871 5570335 5571063 5574959 5577338 5580512 5581392 5582444 5583545 5586830 5594102 5595643 5596396 5597978 5600170 5604424 5607512 5610755 5612690 5621766 5622755 5623995 5626704 5636300 5637699 5640327 5641228 5644243 5645088 5648171 5649143 5649746 5651769 5655939 5657593 5658634 5659461 5660613 5663269 5664343 5665969 5667952 5669213 5670109 5672188 5674378 5677208 5678402 5685347 5687888 5688875 5690376 5692259 5693921 5695659 5696318 5698649 5700720 5701576 5703930 5705089 5706057 5707769 5712390 5714375 5715490 5716581 5717728 5718879 5719925 5721604 5724548 5727109 5728019 5728676 5733668 5735188 5738750 5741856 5743095 5746349 5749377 5752028 5754347 5756658 5758287 5760839 5765537 5772822 5776719 5777603 5781267 5785356 5787003 5788650 5794118 5797676 5798611 5802542 5804044 5805508 5809606 5810474 5813354 5817744 5831367 5832858 5834772 5838076 5838841 5839952 5841677 5842487 5845288 5848679 5850416 5851213 5852565 5854188 5856162 5858143 5862653 5864935 5865647 5867334 5870144 5871574 5872719 5874721 5879814 5880603 5884221 5889290 5890269 5890905 5893505 5894635 5895652 5898482 5901132 5905381 5906317 5907732 5909058 5911466 5912789 5914193 5915488 5920944 5921723 5923557 5925118 5926507 5927566 5930892 5932253 5933366 5934378 5935026 5936747 5945802 5946827 5949937 5950826 5953016 5953600 5957236 5958620 5959998 5963364 5965273 5967174 5968540 5973032 5974865 5975869 5976753 5977826 5980342 5981258 5983116 5984912 5987132 5988742 5990982 5995431 5997803 5998605 6000336 6001080 6002312 6004431 6005370 6006577 6008436 6009407 6011701 6013917 6014813 6015668 6017199 6019249 6024525 6027152 6029296 6030128 6034439 6035629 6039551 6041438 6042202 6044582 6046775 6049148 6051817 6053722 6057963 6058968 6062367 6064595 6068511 6069711 6070747 6072897 6074029 6075194 6078159 6079625 6081410 6086138 6087334 6090912 6093539 6095842 6096821 6098443 6100644 6104249 6105157 6108052 6112171 6116237 6117955 6121623 6124359 6127438 6132315 6135209 6136487 6138488 6140697 6143758 6145423 6146741 6149608 6152562 6157911 6158545 6160233 6162260 6165471 6167316 6171255 6174226 6176365 6177602 6178335 6179341 6180427 6185630 6188218 6192286 6194719 6197481 6198735 6199729 6201192 6205004 6207210 6209637 6214792 6217314 6218768 6220348 6228784 6230585 6232749 6234259 6237554 6239394 6241630 6242640 6246294 6247571 6248734 6251674 6256372 6257961 6258813 6261098 6264732 6266698 6268383 6269213 6270468 6272514 6273471 6277639 6278555 6281593 6284239 6288038 6289939 6292662 6294057 6294751 6295546 6297159 6298913 6301482 6302962 6304533 6307544 6311939 6315073 6317633 6319290 6320143 6321554 6323202 6325334 6329378 6332499 6334271 6335396 6337998 6340818 6342553 6344648 6346948 6348717 6350358 6353326 6354656 6355604 6358630 6359935 6361314 6363659 6365703 6366597 6367272 6371208 6372706 6374143 6375846 6379594 6381774 6383273 6385711 6386780 6391637 6392976 6396335 6398184 6401727 6404744 6406164 6408351 6409311 6411189 6412400 6414047 6417454 6418965 6420600 6422625 6423832 6426964 6428396 6430623 6432192 6433906 6435376 6437773 6439198 6441215 6442427 6444463 6451526 6452100 6453482 6454129 6455181 6457880 6460843 6461975 6463952 6466576 6469161 6471882 6472917 6474262 6476171 6477875 6480658 6482927 6483786 6485150 6486409 6490069 6492087 6496119 6497923 6499454 6504204 6507073 6508304 6510175 6514563 6519268 6520166 6521354 6522768 6523932 6526230 6531042 6531936 6533212 6534333 6535855 6537218 6538965 6541513 6543003 6543876 6545149 6549128 6551251 6553932 6555403 6556224 6558858 6561521 6563813 6565305 6566927 6568607 6572103 6572911 6574425 6576020 6579701 6580980 6584259 6589616 6592084 6592788 6595487 6596341 6598645 6599663 6602527 6606167 6607164 6608186 6609515 6610758 6614719 6616997 6618194 6619125 6619905 6621807 6623510 6625583 6628607 6629251 6630282 6631349 6632422 6633344 6635562 6636964 6638932 6640414 6641992 6643359 6645157 6648027 6649830 6651475 6655333 6656277 6657162 6663428 6665689 6667915 6668516 6670171 6673468 6675646 6676925 6679693 6680551 6682707 6684730 6685889 6689786 6691020 6692314 6697008 6697706 6698953 6702897 6704480 6705670 6707083 6708315 6711033 6712166 6713712 6714831 6715795 6717041 6724063 6725133 6729127 6732138 6733187 6734992 6737977 6740194 6741090 6743504 6744959 6747017 6748365 6750356 6751728 6756305 6757728 6766299 6767697 6769975 6772914 6773893 6777215 6779110 6780869 6785444 6787550 6790023 6790795 6791968 6796116 6797943 6799792 6800940 6804118 6804964 6805741 6806734 6807937 6810033 6812845 6817869 6819205 6821602 6824132 6825150 6826783 6828234 6829728 6831140 6831681 6832825 6835100 6838446 6841261 6842479 6843644 6847526 6848498 6849924 6851632 6852702 6854935 6856710 6857579 6861312 6867363 6869209 6871743 6873489 6875745 6876777 6879084 6880479 6881468 6883414 6884458 6886540 6888403 6889433 6891904 6892717 6894672 6897830 6899669 6903735 6904912 6907425 6909899 6911588 6913429 6914564 6915377 6917194 6920008 6921999 6925614 6929181 6931669 6935968 6939490 6943711 6946508 6949245 6950710 6954748 6956302 6960021 6961334 6963232 6965529 6967362 6971628 6974641 6978603 6980818 6983651 6984780 6986151 6989865 6991853 6994633 6995986 6997401 6999018 7004661 7005542 7007131 7008644 7011591 7012229 7013685 7016615 7019017 7020938 7025008 7026058 7027341 7028654 7029598 7031567 7032757 7034139 7036451 7038284 7041479 7054174 7055167 7056852 7057699 7059432 7061445 7064288 7065969 7066744 7068112 7069253 7070963 7072742 7076363 7079170 7080557 7082266 7086431 7087498 7089867 7091303 7093582 7094985 7096469 7097792 7098497 7099873 7104015 7105294 7107079 7107963 7109716 7111871 7112688 7115783 7117037 7118346 7123240 7125523 7127227 7128539 7130419 7132851 7134232 7138139 7139017 7142874 7144674 7145527 7146592 7148492 7150541 7153455 7154996 7156155 7160015 7164371 7167052 7168262 7173412 7175954 7177899 7178792 7180852 7185646 7186714 7189480 7191140 7193081 7197705 7198563 7201720 7204155 7206096 7207152 7208748 7211299 7212552 7215196 7216135 7216864 7218140 7221141 7222386 7224441 7225173 7227398 7228069 7228923 7230342 7233838 7235008 7236659 7237661 7238580 7240042 7243278 7244797 7245496 7246942 7248130 7251085 7252861 7256036 7259980 7261062 7262610 7264481 7266547 7268359 7271538 7272740 7273854 7274934 7276692 7277338 7278456 7280032 7282585 7283506 7288921 7292342 7295852 7302230 7306006 7307149 7310078 7313517 7318794 7320342 7321336 7323124 7326612 7328785 7329988 7333069 7333573 7335417 7338218 7339929 7342239 7345437 7347270 7348937 7350118 7353648 7354852 7356112 7359654 7361690 7364809 7368119 7368897 7374175 7376683 7378695 7379915 7381794 7382711 7384507 7388014 7389018 7390634 7395329 7396314 7401209 7401941 7404026 7408428 7409335 7410815 7411585 7413344 7416639 7418942 7419591 7421464 7422550 7423510 7425272 7427769 7429938 7430505 7432248 7436177 7438833 7441011 7442043 7443314 7445214 7449327 7453026 7456387 7458415 7459723 7461136 7462596 7465817 7467128 7468513 7469379 7473921 7475463 7476946 7480043 7481976 7483134 7484815 7485839 7487085 7490303 7495242 7497921 7501135 7502043 7504792 7506071 7509664 7513290 7514119 7516688 7517550 7521191 7522507 7524201 7525952 7527358 7528860 7530682 7531482 7536929 7539026 7540687 7545890 7547216 7551706 7552959 7553678 7555623 7558381 7559466 7560282 7561333 7562753 7564331 7567245 7570079 7572144 7572712 7574047 7576675 7578551 7579382 7582210 7583090 7585369 7586285 7589681 7593536 7594678 7595568 7597334 7600747 7602541 7607025 7608978 7611043 7612614 7616663 7618022 7620261 7622002 7623554 7626103 7627756 7628625 7630210 7631092 7632329 7634426 7637588 7638461 7642382 7644854 7654417 7655657 7662883 7664009 7664801 7665692 7666936 7667886 7670060 7676619 7677453 7680549 7683728 7688133 7689803 7690950 7692829 7694127 7696797 7697702 7699120 7700677 7703078 7706442 7711312 7712558 7713536 7714684 7718282 7720576 7723050 7724092 7724968 7726531 7727585 7729813 7731068 7733325 7733997 7735134 7737170 7741489 7742433 7743540 7744821 7746616 7748953 7754867 7755610 7757946 7758692 7761533 7762825 7763894 7765430 7770849 7773481 7774042 7778074 7779151 7782106 7783612 7784601 7785757 7788932 7790656 7791676 7793810 7794988 7797076 7797845 7801007 7802365 7803215 7804329 7806084 7807978 7809662 7814220 7818665 7821963 7823082 7824641 7825300 7825957 7828526 7829867 7830595 7840819 7841927 7843277 7844863 7847233 7850488 7851259 7853131 7855201 7856523 7858853 7859942 7862324 7865106 7871209 7872036 7874498 7875060 7877706 7879804 7881795 7883983 7885462 7887647 7888781 7891281 7898567 7900098 7901487 7902686 7903331 7904681 7906978 7908509 7910218 7913768 7915664 7916866 7918453 7921560 7925910 7931546 7935059 7936521 7938819 7941600 7944734 7946023 7947335 7948858 7950162 7951703 7953083 7954879 7956310 7958224 7960152 7960781 7967819 7970382 7971345 7972030 7973094 7977036 7977812 7978935 7980586 7987002 7988743 7989879 7993788 7996037 7999416 8003312 8005836 8006908 8008063 8011216 8013903 8015016 8015874 8018077 8018804 8019840 8021329 8022296 8023520 8026609 8029462 8031813 8034035 8034949 8037088 8038268 8040202 8046944 8049266 8050497 8052875 8056039 8056992 8058439 8059597 8060667 8061962 8063007 8065380 8067679 8069993 8072227 8073533 8075291 8076347 8080448 8081972 8083054 8084958 8086606 8089427 8090589 8093349 8095691 8099012 8100135 8102114 8102875 8105246 8106131 8112130 8116459 8117516 8118371 8119761 8121415 8124347 8125720 8128663 8130831 8133246 8134391 8135350 8136611 8137838 8138784 8142325 8143768 8145552 8146412 8151562 8155662 8156732 8158635 8163138 8163721 8166193 8169838 8170807 8173207 8173911 8174775 8177247 8179146 8179881 8182812 8184655 8185633 8187549 8190079 8192632 8193909 8196360 8200223 8202898 8204845 8206000 8207261 8209771 8211537 8213804 8215065 8216135 8217485 8218598 8220156 8222388 8223879 8225383 8226507 8227922 8230180 8231383 8232965 8237456 8241225 8242580 8243679 8245027 8246640 8247727 8250326 8252964 8255745 8256974 8258904 8261127 8262187 8263726 8266516 8268491 8269183 8271308 8272100 8273760 8274662 8276143 8277872 8279953 8281820 8287454 8289517 8290671 8292320 8293242 8294378 8295270 8297698 8298930 8301679 8303371 8305533 8308393 8310763 8314031 8318812 8319982 8323415 8325157 8330481 8331142 8332837 8335155 8337283 8338999 8340670 8342313 8344887 8345989 8348146 8349248 8351046 8353830 8355014 8356779 8362007 8365613 8366621 8367603 8368561 8370510 8372754 8374174 8376149 8378162 8379150 8381966 8384264 8386389 8388432 8390491 8393937 8395313 8397721 8399155 8399980 8401173 8402372 8405681 8407535 8408199 8409095 8409858 8412101 8413647 8415096 8416240 8418162 8418774 8420866 8422282 8424408 8426308 8428705 8430354 8431120 8433008 8434197 8436108 8438121 8439304 8440792 8441965 8442882 8445190 8446196 8449486 8451343 8452934 8454612 8461173 8463393 8466275 8469019 8470306 8473337 8475818 8478697 8480302 8482238 8484962 8486226 8489152 8491411 8493165 8493697 8494456 8495573 8496908 8498126 8500438 8502839 8504815 8505778 8507774 8509277 8510486 8512434 8513558 8515311 8516147 8517924 8520966 8522038 8523777 8526724 8527332 8529506 8530327 8532013 8533359 8534630 8537338 8538028 8539415 8540358 8541468 8544843 8546122 8547867 8549298 8550103 8550729 8554239 8556955 8558592 8559868 8560571 8561683 8562476 8563854 8564705 8566199 8570548 8573794 8575266 8575989 8576863 8578481 8580321 8582891 8583865 8584998 8589131 8590951 8593794 8596526 8600237 8601651 8603140 8604281 8605164 8608186 8609309 8613780 8616036 8617495 8626417 8630868 8633875 8635071 8637476 8638654 8640360 8643007 8645602 8648207 8650238 8653289 8655400 8656380 8661199 8662746 8665351 8666725 8669723 8670664 8672100 8673694 8679223 8682624 8684919 8687488 8692467 8693171 8697060 8701545 8702596 8704747 8707338 8709402 8710356 8713018 8713952 8715281 8716987 8720042 8721039 8722303 8725783 8727789 8729043 8730709 8733637 8734878 8736725 8737481 8739022 8741204 8744053 8745340 8748094 8750033 8751191 8753507 8757610 8759719 8760621 8762775 8766628 8770939 8771807 8774626 8776208 8779195 8781356 8785111 8786066 8787102 8789708 8791002 8792209 8795326 8800329 8802674 8809156 8810954 8815126 8820626 8823590 8826197 8828488 8831834 8835651 8836455 8838513 8839668 8840896 8842788 8844620 8848718 8849761 8853737 8855297 8857202 8858603 8860435 8861898 8863935 8865276 8867838 8872403 8875129 8877400 8878883 8880231 8882095 8884461 8885817 8887092 8887931 8890439 8895383 8896782 8898189 8900180 8902141 8904005 8905247 8906360 8907359 8909843 8911402 8913104 8914708 8917916 8929135 8932223 8936604 8942196 8943496 8944080 8948176 8949417 8950268 8953586 8956201 8959086 8960994 8965220 8966946 8969017 8970516 8972389 8975111 8976524 8978576 8979476 8981853 8982676 8984735 8986735 8988769 8991785 8994347 8996314 8998821 9003678 9005598 9009218 9010364 9012212 9013375 9015269 9018607 9019811 9021400 9022279 9024512 9028672 9029858 9033379 9034322 9036424 9040596 9041656 9042573 9043842 9045827 9047912 9048884 9050028 9051314 9052121 9052837 9055046 9058276 9059497 9063334 9064662 9069196 9069926 9074047 9074930 9076117 9077804 9082142 9083768 9085115 9086188 9088266 9090969 9092231 9093732 9096818 9099731 9100509 9102481 9105202 9106226 9108622 9111978 9113793 9115714 9116933 9118906 9119712 9121172 9122167 9123327 9125135 9127522 9128713 9131065 9131808 9135410 9137106 9137703 9138752 9140460 9142206 9144065 9145123 9147934 9149565 9150257 9151354 9153670 9158007 9161195 9162594 9163837 9165199 9168151 9170751 9172358 9173718 9174630 9178211 9179189 9183996 9192110 9194489 9195156 9197686 9200557 9203127 9205091 9206841 9207829 9208926 9211334 9213633 9214356 9215242 9215984 9220660 9222084 9222950 9225525 9226378 9227510 9229556 9233953 9235144 9236401 9237854 9241069 9243120 9245536 9247632 9249854 9250649 9254943 9257379 9261497 9263243 9264879 9265925 9266852 9267658 9272208 9273265 9275379 9276181 9277492 9280584 9281561 9283634 9285261 9287609 9290421 9291912 9293909 9295697 9299200 9301971 9303725 9304685 9305398 9307036 9310746 9315300 9316221 9317523 9318270 9320509 9321746 9322980 9325330 9326349 9327586 9333903 9335090 9336813 9339050 9341413 9343783 9344827 9346457 9348986 9349715 9350822 9352528 9356470 9358744 9360380 9364140 9364799 9366047 9367658 9369611 9370868 9371921 9373415 9375178 9377894 9378827 9379754 9381269 9383271 9383971 9386926 9388897 9391983 9393578 9396266 9399627 9401976 9404732 9409180 9411451 9413140 9416497 9417971 9419236 9420604 9422662 9425525 9426855 9427716 9428931 9430702 9432567 9434818 9437730 9438629 9441083 9443878 9444684 9445665 9447747 9449941 9452223 9454329 9456008 9457432 9458283 9460263 9462006 9463616 9465937 9467227 9468377 9469110 9471331 9474223 9475304 9477283 9479794 9480898 9481647 9485125 9487514 9489307 9490767 9491723 9492484 9493978 9497604 9500579 9506566 9507551 9509012 9512982 9514356 9516089 9517748 9519797 9524107 9525431 9527555 9528959 9530049 9531441 9533623 9536399 9540379 9542264 9543584 9545345 9548008 9549826 9550548 9551707 9552978 9554171 9555738 9557577 9558681 9559377 9561150 9562928 9563818 9564643 9565563 9567094 9575193 9576289 9577269 9579452 9581509 9582315 9583468 9586439 9587497 9589223 9590351 9594173 9598171 9599897 9600835 9602635 9604142 9604768 9605876 9606446 9609154 9611702 9612580 9616908 9618121 9619166 9620263 9623066 9624630 9626226 9627856 9629623 9630814 9631575 9635350 9637159 9638733 9641829 9644737 9645376 9647847 9648809 9651281 9652202 9652843 9655468 9656920 9660550 9661365 9663022 9666094 9667115 9668006 9669562 9674622 9675806 9680201 9684483 9685711 9688704 9689809 9691399 9692076 9696100 9698610 9700659 9702035 9703406 9706477 9708947 9711150 9713077 9715371 9716520 9719032 9721486 9722348 9724266 9727612 9728774 9730791 9731636 9732749 9734007 9742840 9746386 9748576 9750068 9751957 9753893 9755254 9756376 9759447 9762866 9763670 9764624 9766187 9768008 9768767 9772631 9774023 9774953 9775704 9777907 9778893 9779954 9781276 9782215 9782963 9785947 9789642 9790396 9794229 9796614 9797292 9798809 9800533 9802657 9803779 9804632 9807493 9808219 9810469 9812530 9813335 9814473 9815808 9818171 9819763 9821339 9822552 9823388 9824252 9826287 9827501 9828839 9830638 9832791 9834147 9834855 9836071 9837784 9840045 9841900 9843808 9845120 9848969 9853563 9855388 9857946 9859494 9862339 9863156 9865035 9866714 9870348 9873520 9875176 9880224 9880984 9884344 9890229 9892584 9894236 9896431 9898234 9900230 9901266 9902072 9907784 9908774 9910725 9912624 9914154 9915312 9918009 9922057 9923450 9926217 9928129 9930345 9935596 9936553 9937345 9940981 9942750 9943552 9945809 9947097 9947860 9949376 9950278 9952709 9954077 9956458 9960305 9963049 9965237 9966488 9969482 9972722 9974340 9974923 9977691 9978828 9980795 9982317 9985455 9988507 9990473 9992767 9993788 9995896 9997011 9997768 9999282 
</Matrix>
<Matrix name="Neuron_51" type="complete" rows="1" columns="352" multiplier="1.0">
   22193 75033 79961 93749 154467 164545 179779 203453 214612 240602 337569 353866 361772 369591 377054 417141 422685 441631 476804 497001 515728 561575 562988 612291 637731 645692 741615 755776 781798 819055 821686 830535 872997 900825 928857 932600 1117246 1138132 1157057 1167418 1196343 1200677 1219205 1264555 1292188 1375389 1419626 1421022 1446528 1448718 1472487 1532479 1557046 1570534 1653392 1658356 1664840 1743617 1760561 1762268 1767864 1789024 1813611 1822790 1900347 1924485 1947091 1949648 2023806 2031238 2049077 2079188 2084946 2141971 2191067 2264298 2273005 2300546 2304477 2320573 2326642 2327780 2330767 2365322 2374678 2382956 2408279 2416723 2430377 2443850 2455128 2522723 2538632 2541173 2549112 2554608 2581821 2634427 2641857 2646381 2710133 2770265 2771609 2801914 2855029 2869942 2873830 2876777 2901496 2906988 2911242 2995622 3005635 3013276 3043025 3051538 3082994 3123938 3221615 3235206 3244339 3252325 3261441 3306912 3311758 3316765 3338947 3370105 3408234 3458352 3503889 3522601 3545448 3587651 3611810 3665725 3687023 3691866 3744530 3755055 3811802 3846629 3874930 3911104 3934042 3955349 3980925 3992716 4003078 4058377 4096012 4127122 4140563 4212482 4227717 4246359 4258560 4296532 4362251 4478358 4491698 4515579 4521907 4545063 4553962 4557776 4587285 4604829 4654422 4760344 4764048 4801644 4823454 4832774 4836199 4862152 4874927 4907022 4912155 4945367 4948539 4975950 4984450 4986161 5028873 5050482 5063676 5072002 5074389 5076778 5128355 5130737 5140080 5158298 5257138 5263303 5282067 5286792 5312168 5329205 5349118 5382719 5434380 5449288 5460837 5483316 5510225 5542476 5579545 5580875 5723060 5743897 5753382 5788435 5867267 5890271 5980027 6029833 6034128 6091348 6141225 6168714 6179389 6183352 6195073 6198159 6237419 6241746 6265867 6276657 6345984 6362024 6400445 6419781 6446896 6450443 6576513 6586733 6595084 6597660 6643213 6727940 6745098 6753770 6768833 6779366 6856890 6869636 6895854 6898142 6921424 6956296 7019040 7037022 7041591 7043351 7098479 7147520 7177048 7196361 7197788 7277178 7280395 7301668 7333692 7376121 7413490 7447312 7454415 7613670 7644767 7729375 7732095 7737075 7742195 7765062 7789695 7798937 7807556 7886377 7928054 7930894 7983127 7992253 8033998 8049062 8073019 8076297 8103699 8107870 8132393 8147202 8150737 8156048 8159826 8175548 8234296 8251298 8260565 8268567 8271979 8288771 8307601 8320638 8328478 8330644 8352587 8363706 8365946 8388065 8404368 8456178 8498376 8557739 8584338 8604687 8654125 8670106 8813343 8825635 8838347 8918274 9025305 9043469 9101380 9127031 9137965 9149337 9150654 9162304 9175197 9212774 9249533 9269117 9274464 9276879 9292724 9439150 9442961 9462658 9596850 9689551 9700031 9791058 9798409 9827850 9916464 9939107 9955650 9962342 9976662 9994785 
</Matrix>
<Matrix name="Neuron_54" type="complete" rows="1" columns="2618" multiplier="1.0">
   2434 7408 17210 18116 20453 22168 27366 29707 31239 32389 36038 39086 43636 47448 48928 51319 52683 54835 57989 59486 60261 65181 70131 74179 80081 82455 88972 96176 97755 99883 107014 108876 112215 114143 133005 136857 141028 143391 145077 147802 150533 153088 154702 155587 166265 167742 172143 174919 184022 186966 192342 196095 201724 213532 217531 219253 221205 228051 231945 233677 241727 245936 253725 256330 263271 264497 273019 274796 275451 276894 281711 283151 286045 290687 292678 293891 300848 306022 307060 308595 312429 316590 319380 326671 334453 338707 340741 343612 347310 350686 362776 363772 366240 371969 373523 382278 396391 397334 400574 406593 407909 415893 427804 432009 440558 442181 445624 450387 458778 459938 463975 468892 475675 478497 481235 482367 496531 497901 501131 506908 508454 510345 520454 524731 527864 530604 532312 546413 548034 550972 554112 555665 557489 564913 567096 569422 571753 577652 578843 580995 583578 591983 594001 594803 602886 609666 611756 613048 614162 620419 625132 630556 633388 641424 644908 646365 653173 654741 658867 668359 673955 675791 677317 678699 681701 684825 688786 691068 694208 697400 699960 704740 709059 713895 717910 724930 726167 739065 740907 742503 746208 747151 748625 754114 755022 757664 762127 765883 766972 770177 772024 774174 777995 780049 787449 789740 793572 794295 799558 802101 804163 806437 807601 810893 811977 814202 815959 816941 821484 827055 838948 841856 857646 858855 861440 869962 872988 874617 877721 879640 881582 883478 885643 887048 888633 892160 893772 896862 898059 901105 910705 919700 921354 922986 925285 930800 935214 939867 944152 947818 950085 955284 959030 960467 962291 966106 969351 975446 976316 977450 986735 993157 995643 999013 1004355 1006600 1013646 1021628 1023310 1028931 1035790 1037770 1042213 1043245 1055943 1057905 1058561 1061545 1067607 1070960 1078499 1084836 1089424 1097142 1098211 1100563 1103292 1104181 1105649 1110541 1114835 1116216 1123759 1127776 1130585 1132275 1136190 1140665 1142428 1145542 1150277 1151569 1163792 1165104 1167530 1173049 1174925 1183586 1185540 1187223 1188758 1189844 1202608 1205516 1207524 1208756 1215482 1217133 1218840 1221901 1229541 1232086 1235368 1237896 1239796 1244506 1248319 1249458 1251082 1252640 1254382 1257555 1258942 1260765 1266803 1270619 1272789 1276540 1278247 1280660 1284860 1295526 1303641 1307894 1310361 1312691 1315298 1318722 1321807 1323353 1325863 1327525 1330086 1331962 1333926 1336412 1343185 1346082 1349429 1352658 1357503 1362992 1364899 1369329 1371093 1374476 1380982 1381720 1383411 1389568 1392930 1394911 1399242 1401016 1411054 1414275 1417586 1424238 1425943 1430129 1431298 1435484 1439565 1441443 1442378 1444168 1448009 1458979 1460620 1464114 1470254 1472287 1473518 1474621 1476958 1479000 1484461 1487285 1489937 1493785 1497698 1500885 1503484 1508169 1512969 1517323 1524512 1527798 1547158 1548593 1555886 1564948 1570944 1572687 1575944 1577827 1584138 1584940 1587143 1588618 1590000 1592094 1593345 1596277 1599963 1601842 1605154 1611814 1619998 1623347 1624510 1625316 1626297 1628589 1635243 1636879 1639192 1651926 1652759 1654022 1657793 1664304 1670654 1674362 1681871 1683625 1685492 1690499 1693480 1695750 1697019 1706809 1711177 1714918 1718729 1722047 1724937 1728741 1733122 1735189 1736788 1738793 1744603 1746430 1753018 1754877 1756575 1765165 1776641 1778309 1781785 1783173 1788537 1791846 1793792 1800661 1804612 1816401 1819398 1826557 1838373 1843073 1847686 1851092 1855192 1860050 1863972 1866170 1871480 1873534 1877616 1881351 1887231 1890149 1895221 1897193 1904428 1907647 1908744 1919644 1922559 1930566 1936631 1938169 1939789 1941025 1945796 1951465 1958048 1959344 1961523 1970085 1971764 1980451 1990587 1997062 1998394 2002818 2010998 2014918 2024847 2027511 2029366 2030953 2032726 2034478 2040998 2045091 2047454 2059945 2062894 2064408 2065748 2068848 2071730 2075031 2079544 2083830 2086691 2090731 2092468 2094286 2097258 2103658 2105438 2108334 2112281 2113917 2117298 2121671 2123865 2131877 2137668 2141432 2144710 2146328 2154349 2160705 2162088 2164392 2166861 2169951 2173484 2184933 2186531 2188864 2189781 2193630 2196433 2199042 2201023 2204929 2209116 2210017 2211329 2213099 2213961 2217189 2223570 2226340 2227377 2234361 2235880 2241504 2246288 2248529 2252318 2255910 2258019 2260862 2265526 2268406 2275407 2277558 2280656 2285358 2288588 2295896 2314337 2315426 2317978 2319637 2322350 2325709 2326646 2333406 2337562 2342075 2344177 2345154 2346506 2351999 2358483 2364892 2367408 2373810 2374816 2382500 2388426 2390367 2392832 2396274 2396856 2401514 2404117 2407415 2412334 2413945 2414957 2418014 2423906 2424996 2426310 2438866 2467284 2472957 2480510 2485369 2493845 2497405 2500539 2503410 2513359 2515676 2522911 2526568 2536047 2541612 2542621 2545245 2559992 2563120 2572831 2575847 2581996 2586985 2593198 2602622 2607736 2611015 2612261 2616662 2619990 2621773 2623259 2624788 2627248 2634249 2643812 2648740 2651569 2654608 2659376 2660768 2661771 2667004 2671917 2674561 2679001 2684558 2692556 2697477 2700600 2703116 2704982 2715842 2718482 2724276 2730052 2736041 2737395 2738910 2740635 2744611 2746002 2747742 2753522 2759187 2767285 2773053 2774748 2780668 2783120 2785524 2801938 2804955 2807038 2815634 2817663 2819808 2822074 2823238 2829381 2833209 2836189 2842346 2845098 2848242 2854323 2866448 2868673 2871191 2876962 2879745 2883205 2885564 2890496 2895063 2896821 2907735 2910221 2913959 2927888 2932635 2938002 2939561 2943522 2947237 2948680 2949470 2952521 2954149 2959945 2961224 2962698 2970349 2976345 2982923 2986264 2988399 2993733 2995118 2997090 3002213 3004800 3008752 3011381 3016016 3017207 3021415 3022698 3028972 3035776 3042926 3050157 3052522 3055429 3059140 3062920 3065322 3066664 3072127 3076513 3078934 3083413 3089253 3091555 3096386 3103264 3111265 3119455 3120208 3124373 3125606 3127814 3132206 3134741 3139223 3152707 3156027 3160529 3163617 3165223 3166798 3169129 3172151 3175623 3179138 3184112 3186046 3188827 3190459 3195621 3205029 3210538 3214594 3217619 3226385 3234791 3238631 3242132 3251983 3254373 3261144 3262371 3266141 3267377 3274793 3275766 3281348 3282912 3285560 3287306 3288030 3290105 3296506 3307484 3310243 3311381 3313242 3314649 3328769 3330974 3334743 3336802 3338302 3340031 3348001 3351583 3359474 3360907 3364063 3369169 3370648 3374025 3376164 3377503 3386250 3391421 3397047 3401008 3404529 3411118 3412118 3417163 3424622 3431083 3437021 3439242 3446888 3452850 3454099 3462717 3469377 3476926 3479632 3489707 3490529 3492664 3497399 3500137 3501440 3506753 3509721 3513469 3518298 3519187 3523279 3524801 3530996 3537059 3541025 3542108 3548501 3550777 3562342 3565625 3569636 3579652 3582433 3586831 3589456 3591283 3594679 3596816 3602378 3608275 3613405 3621871 3623212 3627388 3629124 3630490 3631742 3634981 3640780 3644798 3648233 3649122 3650251 3652288 3653050 3663301 3667084 3669320 3671138 3673718 3677225 3678705 3689324 3692314 3697296 3698823 3701784 3706469 3710088 3717730 3718537 3725020 3728223 3729033 3731500 3733848 3734809 3739299 3743150 3749085 3751027 3755370 3760331 3761472 3765877 3767633 3769551 3771834 3776819 3787610 3792004 3800470 3805093 3813417 3825646 3826707 3828075 3829177 3838555 3840393 3842629 3844692 3847350 3848982 3864049 3868198 3869427 3870791 3879941 3880873 3882200 3886589 3888128 3889717 3893743 3894714 3898161 3899126 3901576 3903746 3905458 3928365 3931171 3936460 3941356 3945003 3948158 3951861 3955439 3957874 3960124 3962688 3968102 3972036 3973950 3976334 3977750 3991889 3996098 4000961 4003471 4004634 4006393 4013698 4016851 4019343 4020413 4029673 4032108 4038072 4042563 4044232 4045784 4047688 4050858 4053473 4056042 4057148 4059278 4063255 4064892 4066785 4070492 4074857 4076216 4077226 4079192 4082553 4084410 4086109 4091371 4094533 4096262 4098130 4102227 4104524 4106257 4107480 4111108 4112829 4114740 4119073 4131452 4132704 4135248 4137832 4140370 4143393 4145340 4150165 4151994 4154475 4161045 4164494 4166007 4169361 4170275 4182073 4192791 4201633 4203485 4213837 4215366 4219448 4222527 4229704 4234828 4236577 4239588 4242635 4249123 4250893 4253249 4254418 4255981 4257617 4267666 4271116 4273984 4280437 4283574 4285409 4287293 4288504 4291863 4293657 4294895 4297576 4299831 4305080 4314644 4316707 4325121 4327763 4331598 4334655 4339234 4343635 4345065 4346759 4349665 4352459 4360429 4361528 4362583 4363682 4367004 4372064 4373447 4375780 4376862 4382008 4383837 4386747 4388485 4389376 4390743 4393609 4398713 4406250 4409064 4410325 4412491 4415598 4416606 4417710 4421144 4422288 4424947 4428316 4429563 4433369 4435963 4439672 4441537 4456228 4458205 4464307 4465342 4467837 4470782 4478225 4481331 4483250 4484608 4487464 4488943 4492681 4494605 4497672 4498506 4503363 4504526 4514190 4520931 4531493 4534445 4541670 4544228 4545432 4550452 4555273 4556674 4560187 4566776 4569042 4572827 4574432 4576229 4578846 4580962 4583958 4585265 4587405 4588545 4594464 4595816 4599321 4600084 4601745 4606207 4608431 4609616 4612060 4614123 4617870 4621610 4627586 4630704 4633164 4636962 4639832 4642891 4644917 4649113 4651038 4656583 4658390 4668949 4670340 4676135 4679399 4688529 4690040 4691876 4698303 4699828 4702234 4708955 4712483 4714413 4719714 4721759 4724448 4728366 4738091 4741044 4742489 4744520 4750385 4756390 4761540 4768097 4769699 4771816 4777165 4779322 4780359 4784473 4789279 4791956 4796261 4799361 4803017 4805357 4812141 4813974 4815847 4818621 4820998 4824561 4825745 4832393 4835041 4839705 4841319 4843219 4845868 4850125 4855249 4857257 4858694 4864463 4867865 4871848 4873367 4880915 4882174 4886731 4887635 4891842 4892417 4897938 4899144 4904165 4907725 4914110 4919975 4921726 4931597 4934580 4938385 4942506 4944719 4946873 4948956 4952904 4955801 4957556 4961129 4964788 4969575 4975156 4977084 4978476 4982214 4986586 4988466 4990675 4994573 4997393 5002511 5004384 5010069 5011659 5014428 5016536 5018137 5023908 5025346 5028633 5030169 5033035 5036987 5040062 5045896 5048784 5050272 5052349 5054160 5055276 5057806 5061096 5064238 5065887 5067777 5074421 5076050 5076997 5077991 5081897 5090514 5095947 5103704 5109220 5113200 5120498 5125700 5127419 5131024 5133011 5137418 5150062 5154361 5161426 5167642 5170972 5172698 5173936 5180196 5192376 5193286 5197288 5207030 5213323 5219938 5223216 5236770 5240441 5242201 5252399 5258759 5261625 5269584 5271377 5272542 5274433 5277051 5281535 5282711 5289433 5291936 5302254 5312527 5315422 5316423 5319194 5321977 5325597 5332614 5337436 5340216 5341788 5344762 5352492 5356420 5358367 5360282 5361985 5363525 5366018 5368925 5372035 5373096 5374910 5376999 5386331 5387693 5397043 5405577 5406209 5408942 5415122 5420727 5423340 5425837 5436527 5438165 5440907 5446630 5452010 5456156 5458752 5459755 5463710 5478136 5480109 5483294 5485557 5487076 5491221 5492975 5499497 5501437 5511737 5515575 5523053 5524269 5526778 5528713 5531283 5533432 5535428 5542505 5547428 5549254 5552053 5557605 5564070 5565552 5568853 5570342 5571720 5574511 5577284 5578148 5580646 5583310 5587634 5592614 5596615 5598682 5602336 5605603 5607950 5613255 5620191 5623049 5624601 5628050 5629211 5631217 5631920 5634102 5635209 5638866 5640988 5644466 5649135 5651563 5654182 5655405 5658015 5660613 5669194 5672652 5674833 5677951 5680584 5687661 5691416 5693373 5696471 5699113 5702515 5703859 5708594 5709828 5713223 5724600 5727301 5728689 5731460 5732931 5736864 5744906 5747599 5749142 5751866 5760126 5770875 5775843 5786327 5787814 5791463 5800264 5805107 5806123 5808933 5810858 5811667 5815707 5817145 5819391 5820432 5823635 5825644 5826714 5829159 5830100 5833194 5838317 5840252 5841534 5846395 5847582 5850340 5855573 5860084 5865846 5868479 5869495 5872279 5882644 5884672 5887169 5891939 5893381 5897615 5899277 5901630 5903511 5906403 5911833 5913572 5927221 5930981 5933988 5935159 5939038 5941002 5947839 5953921 5961408 5965985 5973543 5976723 5998015 6002968 6007681 6008839 6011583 6012669 6013766 6017481 6023941 6024541 6025861 6028327 6033078 6041889 6042764 6048651 6050858 6056671 6057529 6061542 6070395 6072523 6074774 6086338 6089223 6091911 6093752 6102080 6107270 6111548 6114847 6116807 6128737 6133609 6134702 6140380 6144573 6148160 6150028 6152888 6154193 6158071 6161250 6166519 6175786 6178488 6183742 6186881 6189833 6192057 6197737 6202264 6206854 6208391 6218711 6219802 6225086 6226018 6227315 6229648 6231071 6236569 6238136 6242292 6243456 6245019 6246737 6252722 6255097 6256373 6259961 6264122 6266249 6268823 6272260 6276396 6280454 6283672 6285579 6287567 6289479 6296934 6302131 6306089 6307219 6309139 6310398 6312652 6314068 6316888 6318168 6323579 6330891 6334882 6356764 6366768 6368672 6370244 6370845 6374196 6376889 6377881 6378993 6384385 6388292 6390734 6399259 6400284 6411758 6414080 6418863 6429479 6434900 6440412 6441436 6442740 6447150 6451859 6462922 6464484 6467018 6472982 6486764 6497956 6498958 6501912 6509124 6514246 6516617 6518330 6519198 6521220 6523616 6527849 6531566 6537564 6540025 6542378 6545199 6546424 6548991 6552238 6556681 6558354 6560593 6564216 6566997 6568764 6573163 6575406 6575951 6576917 6585723 6587351 6590376 6592593 6595011 6602309 6608677 6619900 6621852 6626023 6627028 6631847 6633323 6636625 6647992 6650759 6656873 6660233 6661897 6663606 6666578 6667578 6668710 6669765 6672787 6675498 6684057 6689934 6695946 6696612 6709135 6716195 6717841 6720514 6721208 6729612 6731141 6739644 6741318 6744435 6746538 6747703 6750025 6754477 6757267 6764674 6770297 6771191 6773022 6774194 6787854 6789043 6792659 6794651 6795652 6797168 6806678 6807537 6812805 6815643 6820830 6830172 6834501 6841809 6846674 6850313 6855565 6857812 6859045 6863231 6864366 6865310 6869444 6870280 6872571 6874041 6876602 6878396 6880896 6883022 6885177 6886548 6892231 6896116 6899744 6904044 6906283 6910243 6914428 6921446 6924071 6924985 6928974 6930913 6935300 6938312 6941608 6949714 6952052 6955274 6957765 6958678 6959936 6961704 6963174 6972885 6979498 6982035 6984083 6986945 6989696 6997729 7001677 7004671 7017413 7019245 7020945 7021881 7025413 7026863 7043881 7048401 7055100 7058439 7063813 7064916 7067090 7069065 7071504 7074300 7076046 7080184 7089258 7094434 7096237 7097587 7101850 7103482 7104696 7110175 7112823 7114998 7117593 7122765 7127148 7128930 7131350 7133106 7141696 7144222 7148800 7150041 7157059 7159596 7161814 7164705 7168198 7170171 7174113 7178685 7179796 7182160 7184935 7193008 7196460 7200116 7205773 7207019 7210257 7216643 7220026 7222618 7223879 7227595 7230229 7232337 7234060 7235680 7239169 7241800 7255403 7258376 7259768 7266814 7268326 7274213 7276477 7280533 7282217 7286828 7287717 7293159 7296765 7303005 7304970 7308212 7314176 7315071 7318223 7325792 7331033 7332568 7334480 7335316 7340095 7345347 7347097 7348537 7350683 7352226 7353786 7358132 7362593 7366885 7368356 7370944 7372704 7376532 7382885 7386341 7390028 7396952 7397719 7402322 7409042 7410464 7413085 7414053 7416985 7418117 7421531 7425735 7427672 7429687 7435455 7439878 7442126 7448960 7449605 7456441 7458292 7462881 7465020 7466144 7468626 7474924 7475611 7476497 7491461 7493026 7497294 7504963 7505799 7508086 7511557 7515550 7516908 7524572 7527211 7528636 7533093 7538898 7539963 7541749 7544869 7553245 7560393 7561648 7570192 7572336 7578872 7583533 7586713 7587719 7591580 7594496 7595386 7598184 7600423 7602709 7605382 7606539 7615550 7618572 7621153 7624133 7627327 7635021 7638321 7643601 7652767 7653858 7658182 7669140 7670135 7673838 7676789 7678206 7680341 7683762 7689273 7692425 7701860 7706882 7708122 7709389 7714580 7717224 7719523 7724819 7726615 7734387 7737966 7740887 7742163 7746559 7751841 7753007 7754974 7757676 7760084 7762673 7763880 7774004 7774938 7778361 7779805 7783610 7788940 7801105 7804108 7810746 7812299 7822230 7825602 7828685 7830787 7831462 7836868 7838393 7843973 7849608 7851871 7853201 7855769 7862242 7870479 7877983 7879300 7887611 7894903 7898682 7899988 7908847 7910241 7912906 7914423 7915886 7917887 7923792 7926135 7930875 7932956 7934504 7937952 7942072 7943874 7944963 7946668 7948182 7954084 7960448 7980175 7982169 7983871 7986561 7989657 7990470 7995858 7997655 7999896 8003237 8006680 8007761 8015264 8017820 8027812 8029787 8031278 8034704 8036470 8042421 8044271 8051479 8052248 8053718 8055678 8057079 8058732 8065294 8066328 8068701 8069952 8074044 8078447 8080735 8083976 8088714 8091474 8092268 8093928 8097027 8099692 8102942 8104254 8105571 8108370 8110273 8111420 8114175 8116894 8120150 8122093 8123861 8124757 8126053 8130125 8136511 8143475 8145605 8150582 8151663 8154561 8157144 8159586 8160984 8166633 8168955 8171720 8175768 8177815 8181036 8183356 8188422 8190093 8202521 8205140 8208587 8215987 8224945 8228908 8231062 8237318 8239926 8242328 8244045 8245196 8246840 8248394 8252267 8258421 8260966 8268272 8279502 8281299 8282106 8286590 8289820 8291547 8293219 8296725 8304246 8306022 8307562 8320284 8326639 8330635 8331971 8339342 8342755 8343932 8345901 8349506 8352134 8353847 8355087 8356166 8358806 8367573 8371514 8373053 8377828 8385321 8392819 8396785 8400800 8402719 8405906 8408195 8410901 8416671 8417772 8419963 8422688 8424284 8427726 8431409 8434743 8439903 8463323 8465614 8467395 8469160 8476520 8481121 8481797 8484388 8491826 8499166 8500817 8503032 8504329 8505866 8506851 8517852 8522790 8526632 8527868 8534330 8535294 8538631 8545039 8546104 8549289 8551468 8555727 8556470 8558144 8559386 8562679 8567195 8575344 8579066 8581485 8588690 8589751 8592808 8595674 8596620 8600503 8602798 8604388 8605589 8609442 8616985 8619172 8620231 8623240 8626201 8628750 8630888 8634933 8636232 8637598 8638837 8640542 8646343 8649260 8651612 8654014 8654968 8659048 8661367 8663164 8668066 8670502 8673664 8679224 8681143 8683244 8683954 8688647 8690573 8695995 8698922 8708824 8712234 8713941 8716123 8721431 8726240 8727520 8730411 8734462 8741305 8743038 8751961 8757115 8760099 8767139 8778991 8781144 8787437 8788631 8797517 8800478 8802426 8807200 8810311 8812794 8816230 8823038 8825043 8827195 8830331 8833167 8838161 8842216 8844785 8846442 8849410 8850261 8852335 8853617 8855593 8858971 8872926 8878020 8880346 8885728 8888734 8901638 8908421 8914171 8926295 8927238 8928230 8931363 8937033 8938596 8953430 8954523 8955829 8960352 8961497 8962903 8964906 8966016 8968167 8970697 8980713 8989012 8993566 8995805 9002250 9003579 9009982 9016290 9023692 9024654 9029619 9032846 9037422 9038708 9041729 9043623 9047131 9048824 9055107 9060602 9063135 9064853 9069257 9073393 9079257 9080771 9083447 9088912 9092552 9093662 9097601 9100018 9101505 9103432 9105178 9106418 9111312 9113471 9116833 9124031 9125176 9131813 9157393 9161546 9167602 9183182 9185012 9185886 9189759 9193482 9194548 9206624 9211833 9216135 9221296 9228168 9230908 9233843 9236604 9241118 9249666 9250991 9254268 9260156 9265816 9266704 9268090 9283979 9289283 9293604 9294568 9298578 9299763 9301163 9302107 9305063 9306080 9310703 9322668 9324437 9327775 9330185 9337677 9341337 9346241 9347016 9349817 9352415 9355061 9355680 9360818 9363476 9365558 9370607 9371874 9376308 9377397 9378110 9379593 9391247 9395078 9399957 9400987 9403243 9404404 9409427 9415331 9419778 9424418 9427338 9432724 9435491 9438027 9441709 9445477 9447584 9451430 9459221 9461285 9463063 9468098 9471020 9472171 9477900 9480971 9482063 9488974 9497954 9500934 9502721 9504826 9507279 9509601 9511461 9514533 9517856 9521062 9522923 9523786 9525826 9534862 9537234 9539444 9540346 9542312 9547196 9548687 9550325 9552587 9556955 9562674 9564687 9569037 9571298 9572584 9576366 9576990 9578730 9580144 9585142 9587245 9588628 9590927 9592651 9593611 9597890 9599750 9606740 9609580 9611301 9612991 9616432 9618457 9622042 9623379 9624138 9634385 9642044 9652767 9658562 9663728 9669267 9674168 9678872 9682269 9685209 9687450 9694289 9695445 9700428 9703089 9706251 9708580 9713988 9715216 9716669 9718255 9720520 9724106 9725213 9729581 9730923 9733001 9735205 9739252 9740366 9745121 9747211 9751119 9752479 9754773 9762608 9764838 9772737 9775863 9779289 9782138 9784448 9786627 9799615 9803370 9804729 9806124 9807387 9814345 9818849 9821856 9826016 9827511 9830194 9831221 9834674 9840865 9857502 9864692 9866982 9868126 9871290 9872752 9874728 9877995 9879914 9882596 9884148 9885724 9889683 9891397 9892083 9893491 9896016 9897488 9900224 9901751 9905324 9906603 9909728 9912730 9915966 9921647 9924087 9927837 9930583 9932163 9936695 9938886 9940389 9943130 9946998 9957910 9962699 9967612 9968824 9970824 9973924 9976756 9977703 9985209 9987203 9989460 9996522 9997589 9999576 
</Matrix>
<Matrix name="Neuron_97" type="complete" rows="1" columns="2360" multiplier="1.0">
   2966 8305 14350 18701 21564 30089 32767 34547 36328 40282 45166 47618 49558 51906 54190 62897 70035 75004 76242 79182 92635 103261 106360 108306 110363 117859 119908 121884 134669 142366 151108 157200 164219 165036 169292 171627 178672 191875 197957 199149 200849 202493 203852 216344 220990 224517 227085 232352 233928 237036 240861 243353 245299 247542 252173 262964 268227 276349 280411 282835 287622 290484 291948 293453 295163 305458 319803 322976 324380 327284 328606 331103 332015 339399 341800 346517 349334 352825 355853 358368 365971 367641 374306 375282 376201 377788 383833 392782 395217 401779 404269 408209 412857 416240 417497 419173 423216 424360 427280 431048 436424 438216 440271 443442 445953 446500 449392 454876 456473 464155 469284 472356 475946 479102 485444 489725 494737 496168 499711 502250 506053 508061 517850 524065 528479 530025 533323 536924 539839 542916 544952 546201 552476 555329 561728 562609 569156 575786 580794 583337 584947 589305 602219 615062 616475 618325 619775 628099 631705 634975 636906 640087 641466 642251 644908 646291 647506 652676 662036 663738 664559 667479 668903 670085 672323 680088 681228 684021 688892 692065 694185 695419 696844 701192 701888 708223 713438 714362 715306 717526 718944 721742 723956 729814 733212 734009 735158 735768 739219 740964 741736 743044 746831 748401 750691 758053 765311 775532 776662 784222 788072 795826 804341 820783 823614 830785 834892 837602 838724 840896 848527 852963 855544 858542 860513 861466 864677 871584 875296 878643 884098 885904 893191 894721 895692 896755 901592 906988 909345 911286 912657 919671 921782 927004 931018 932704 937171 938611 941326 943180 957699 959157 960958 963152 971854 976256 978042 981122 987823 992931 997870 1001244 1003285 1005509 1009166 1012552 1020560 1023219 1026126 1029603 1033830 1038461 1040304 1043025 1045307 1047101 1049947 1052312 1055078 1062173 1064753 1065978 1067227 1074538 1076596 1079928 1081625 1085639 1099302 1117907 1120918 1123513 1124693 1126633 1135279 1139502 1142457 1149986 1152498 1154697 1157782 1158555 1162059 1163995 1166070 1170249 1172207 1175527 1178219 1183200 1184274 1191458 1194582 1196300 1201063 1207748 1209054 1209841 1211213 1212949 1218735 1225183 1226974 1228749 1233220 1237082 1241034 1243096 1243913 1245736 1248176 1251896 1255566 1257671 1259605 1261550 1268370 1275336 1278936 1282379 1284215 1294098 1296306 1298205 1305375 1309217 1310537 1312779 1314654 1316321 1318077 1319318 1321328 1322460 1325194 1336114 1339062 1344531 1354869 1358163 1362468 1373917 1376738 1378446 1379930 1386154 1391366 1398675 1407735 1410479 1416646 1420544 1421877 1422693 1423528 1424228 1431441 1433077 1436944 1439339 1442273 1443610 1464476 1468449 1469944 1471164 1478093 1479259 1486472 1487585 1493615 1494909 1498919 1500906 1508490 1512193 1513613 1521966 1532396 1533684 1535278 1536643 1537487 1538905 1545256 1551388 1555881 1556857 1560390 1563066 1564502 1570198 1578738 1582000 1583514 1587064 1598810 1600538 1602073 1605283 1607123 1613910 1617285 1619109 1624571 1627692 1633675 1634999 1641049 1644659 1645811 1646856 1648546 1651730 1656230 1658070 1663865 1667039 1668671 1670411 1671409 1679663 1681260 1683404 1687148 1688962 1693144 1701431 1710033 1713918 1714661 1717765 1719043 1721583 1725544 1727656 1736585 1742271 1746547 1748159 1752237 1758290 1762157 1766399 1768522 1770310 1774835 1780973 1786938 1792959 1795123 1798611 1807295 1810440 1813101 1814190 1816938 1821516 1822278 1825886 1828146 1830271 1837150 1840840 1842405 1845264 1846654 1848166 1851981 1858418 1860366 1864593 1869399 1879864 1882046 1886631 1892326 1893484 1896407 1898175 1899325 1900327 1906171 1909589 1912900 1918983 1923620 1924808 1929516 1930752 1948686 1950169 1958162 1959690 1961278 1975679 1977205 1982525 1984414 1985615 1987300 1988336 2001037 2003351 2008009 2010330 2011443 2021101 2022006 2053814 2059507 2061931 2064325 2066350 2071250 2077110 2080764 2086005 2089621 2091349 2095580 2112225 2116628 2118817 2121769 2122762 2126492 2131082 2135249 2137942 2139278 2141851 2144422 2146200 2150122 2160235 2163552 2165798 2170268 2173770 2178121 2181943 2183607 2194726 2200107 2212272 2218301 2221106 2223753 2229304 2232166 2233431 2236910 2243096 2249882 2252259 2262993 2276286 2279851 2283354 2284256 2288982 2290599 2302115 2305731 2312567 2316075 2320059 2320814 2322664 2325103 2329215 2333620 2336417 2339873 2347258 2350310 2351112 2352843 2363148 2377547 2382870 2386611 2387645 2390038 2391360 2402144 2406867 2407688 2409993 2412410 2416469 2428391 2436025 2441054 2444748 2446029 2448224 2456784 2459785 2470914 2484142 2488497 2491960 2492764 2495469 2509490 2511537 2516337 2517430 2518390 2527754 2529944 2531634 2540978 2542046 2548143 2551502 2554476 2556628 2558908 2561509 2563359 2572274 2573476 2574886 2585457 2592041 2594432 2595589 2603624 2608524 2611039 2612629 2615003 2620184 2624243 2625855 2627533 2628977 2634865 2637579 2642605 2643792 2648324 2651367 2652559 2656536 2657320 2660827 2671480 2673877 2675077 2680623 2681825 2704532 2706186 2708558 2712745 2714265 2719304 2725692 2726956 2729553 2733878 2737987 2740011 2744511 2745718 2748251 2749415 2750171 2755641 2761158 2762972 2765701 2767688 2771131 2775878 2778280 2779930 2781258 2785713 2796806 2801658 2803272 2804545 2808143 2817339 2825360 2831563 2836926 2845728 2852371 2856136 2857527 2859596 2861028 2862731 2864278 2878073 2892215 2894949 2907648 2909467 2910873 2912207 2918929 2930207 2945560 2947101 2954297 2956915 2958063 2962858 2965746 2972646 2973584 2983174 2985883 2987550 2993896 2995052 2998184 3003781 3006374 3007437 3014838 3018512 3026891 3031643 3033631 3035692 3038033 3043567 3051395 3053467 3055107 3059923 3062516 3065448 3066207 3068855 3078925 3081314 3091470 3099015 3102854 3106934 3112352 3115653 3118534 3123753 3129133 3133668 3143945 3154200 3156695 3162556 3164581 3174223 3178814 3182936 3187251 3191370 3194311 3195020 3205767 3207446 3216440 3219349 3220736 3222222 3223203 3225296 3234892 3235815 3240855 3244153 3251350 3253728 3260351 3261788 3262924 3265704 3269643 3271065 3280651 3294349 3296519 3298574 3305666 3308598 3316964 3319529 3320785 3325111 3330608 3331801 3340958 3344408 3351620 3356428 3359104 3366602 3373061 3375199 3378723 3383406 3387619 3390362 3391415 3396942 3399091 3402410 3404719 3407346 3412912 3414290 3423362 3427246 3433890 3434736 3438812 3445473 3447101 3448937 3454836 3456757 3465012 3468080 3473374 3478892 3482940 3489878 3493082 3498570 3501462 3506816 3511446 3519505 3521831 3524305 3526373 3528359 3531128 3538016 3539678 3541392 3542583 3545942 3553907 3557013 3560999 3565169 3567093 3568243 3571820 3573883 3575710 3583615 3589471 3592509 3594705 3597251 3605705 3607625 3609120 3618025 3621064 3625071 3626972 3630562 3632108 3636751 3639841 3641195 3643733 3645984 3649476 3654677 3659790 3662874 3665406 3676236 3680248 3688852 3704662 3712021 3714968 3718992 3723907 3737233 3745844 3748914 3749797 3756406 3766433 3769014 3774890 3777507 3781765 3785795 3791698 3796266 3798057 3799889 3802361 3803391 3811400 3818527 3821945 3824726 3826043 3828267 3829848 3836718 3838417 3855083 3859001 3862404 3863837 3865858 3888454 3892054 3895592 3897524 3898981 3901754 3909948 3920094 3924824 3932133 3944275 3949860 3951513 3954010 3957173 3960892 3962104 3964349 3972541 3975322 3980318 3982119 3984229 3994072 3998119 4001378 4010642 4012173 4025158 4034852 4042221 4043628 4046026 4053583 4055977 4059044 4060615 4062208 4065839 4067556 4071977 4078801 4080001 4087574 4090639 4092046 4095037 4096024 4097506 4109014 4111187 4128661 4132910 4139640 4140845 4144007 4154749 4156440 4159410 4161288 4162421 4170291 4175534 4184681 4190557 4192978 4195576 4197277 4200594 4203167 4208793 4210952 4213080 4217804 4223999 4225274 4226903 4230653 4235896 4245884 4247267 4250365 4254419 4258753 4263177 4265978 4268173 4273733 4276204 4278475 4289728 4291497 4304562 4308586 4311643 4314132 4317591 4320409 4333104 4335680 4342101 4345013 4346968 4349489 4352041 4355615 4361524 4363030 4371116 4374285 4375985 4383825 4388970 4391091 4398124 4407440 4409418 4412873 4417303 4419253 4424826 4426523 4427528 4429263 4431976 4433787 4448529 4453012 4459332 4470498 4471812 4478908 4485790 4489305 4495194 4502608 4505186 4514071 4519081 4523305 4526816 4532672 4537046 4543436 4546285 4548672 4553362 4556829 4559213 4564873 4567468 4571970 4583786 4585635 4588989 4590876 4596558 4599283 4607239 4608195 4614259 4615192 4616614 4617807 4619349 4624747 4629366 4631759 4636089 4639553 4643903 4649353 4652187 4658409 4659589 4667831 4668878 4679382 4685135 4701201 4706290 4709858 4711364 4717245 4721332 4726502 4727995 4729284 4731243 4738904 4743763 4748355 4753027 4756285 4757905 4767889 4769701 4780827 4784442 4792713 4794821 4796580 4799015 4807193 4809481 4815658 4823562 4827608 4829126 4837794 4846560 4848064 4849992 4852721 4853498 4869934 4878347 4880384 4882089 4887585 4893760 4895347 4897539 4898543 4899921 4901352 4905143 4912318 4915610 4917467 4919492 4923159 4926245 4927729 4930223 4940609 4942871 4953233 4955941 4960312 4963899 4965914 4971034 4975990 4988670 4990949 4999889 5001424 5003429 5005877 5008177 5013603 5018117 5019970 5027019 5028443 5033128 5034032 5049982 5057042 5060178 5061668 5065066 5078746 5081520 5086664 5089047 5093016 5095032 5097432 5101633 5103942 5105327 5108597 5111662 5114491 5116184 5118216 5119097 5131354 5137324 5142675 5145231 5155231 5158554 5160498 5176716 5180443 5181394 5182660 5186797 5189894 5192135 5194765 5198715 5201101 5209837 5211506 5215957 5218161 5219592 5224943 5227985 5233380 5250880 5259271 5263872 5265381 5271120 5278667 5280198 5281962 5285613 5290722 5292850 5294297 5298730 5301058 5303586 5307918 5311700 5319013 5321340 5325746 5332087 5337108 5341911 5348243 5353249 5354594 5359320 5363970 5374839 5376962 5378557 5379358 5382131 5384373 5388645 5391003 5397943 5409768 5412693 5415927 5421756 5424476 5427827 5430808 5432503 5437299 5443676 5446016 5451349 5453529 5456829 5457990 5463913 5467036 5482172 5483316 5484629 5490762 5492007 5501296 5504376 5505699 5509824 5515474 5518927 5527554 5531017 5534779 5536232 5537356 5542543 5546659 5549809 5554652 5558333 5563454 5566141 5569597 5571480 5573889 5575198 5582618 5589521 5594917 5601793 5605368 5607612 5608622 5609598 5610568 5613434 5618933 5626361 5628191 5629579 5633391 5635926 5641573 5643695 5649064 5652454 5655197 5661861 5672538 5673678 5676794 5681071 5684148 5686343 5694136 5695224 5701684 5703015 5704194 5708357 5711334 5719160 5732135 5736242 5740773 5747186 5751574 5758064 5759816 5761105 5762597 5767369 5770023 5771565 5779184 5781507 5785328 5790956 5792625 5802192 5809185 5817459 5819927 5826386 5829815 5836857 5844219 5845535 5846850 5849102 5851587 5858783 5861091 5862758 5867923 5871719 5884181 5895918 5907458 5909873 5911213 5912128 5914707 5917016 5920451 5923104 5929071 5936356 5952001 5954140 5957782 5960429 5962735 5964970 5967233 5974781 5981748 5983624 5990444 5999688 6004910 6018782 6019938 6024297 6025327 6033716 6038425 6045538 6053078 6054039 6063138 6066643 6083573 6085971 6093746 6094794 6103757 6106506 6108465 6112848 6116231 6121700 6126757 6133203 6137905 6145620 6146813 6154312 6158369 6160689 6170322 6176740 6181730 6183290 6184909 6186209 6193958 6195885 6197306 6203162 6204671 6205990 6210978 6212834 6214997 6224817 6227940 6231942 6237722 6239289 6249174 6253537 6257234 6258804 6264007 6271765 6273271 6280261 6283651 6289605 6296218 6298090 6304533 6309969 6311676 6313251 6318214 6326409 6330900 6344226 6347674 6351106 6354358 6356126 6357664 6361275 6365169 6368304 6371717 6375891 6380023 6382019 6384318 6385809 6387736 6388492 6390386 6396454 6398464 6399776 6401412 6404000 6405131 6408905 6410871 6415229 6421180 6434655 6438278 6439116 6441895 6443295 6454625 6460797 6463506 6467986 6471441 6475404 6482867 6487787 6490054 6491945 6494421 6507750 6510231 6515169 6518216 6529781 6532578 6534777 6541762 6543129 6548262 6553171 6555253 6557347 6558975 6571953 6575672 6584641 6585591 6589081 6593144 6595546 6600278 6605231 6609985 6611076 6616201 6617580 6618541 6620313 6623306 6630666 6631793 6636721 6641843 6642704 6643941 6647208 6649837 6653227 6657942 6660215 6663766 6665735 6668106 6672991 6678000 6683882 6687739 6691549 6694001 6697193 6700259 6709339 6712954 6718455 6726058 6727646 6730285 6733411 6736136 6738288 6749523 6752486 6771470 6774674 6775785 6789908 6791108 6794759 6799416 6800854 6802823 6810657 6812050 6815765 6825546 6826804 6829100 6835058 6843146 6849084 6850525 6858491 6870773 6872119 6873968 6874996 6878074 6879791 6882551 6884445 6889037 6893462 6894945 6896901 6898336 6904083 6913838 6920008 6922709 6935042 6937298 6941859 6943286 6949053 6950780 6953990 6959542 6963059 6964121 6964914 6970848 6977178 6978443 6984058 6986055 6990162 6995929 6997622 6999880 7007682 7009958 7013894 7017227 7025485 7028771 7035718 7037770 7041215 7043719 7045340 7050663 7052788 7055852 7061821 7071378 7077416 7080922 7084449 7094944 7097662 7100665 7109469 7110636 7111309 7113954 7118136 7119818 7122443 7123983 7127426 7132211 7133347 7137902 7143754 7146183 7167961 7171412 7174155 7179056 7181422 7183039 7186133 7194009 7201692 7207652 7218914 7221934 7223625 7224377 7225270 7228662 7230086 7246178 7247058 7255909 7256859 7259945 7262239 7264159 7266990 7267886 7268908 7274273 7275952 7278948 7280757 7282232 7284592 7291171 7294160 7299602 7305503 7310995 7312996 7316857 7317924 7319323 7320770 7322651 7324441 7325588 7327029 7337450 7343219 7344644 7350689 7357748 7358586 7359924 7361665 7365023 7381417 7385874 7397729 7398857 7403590 7404642 7415254 7415949 7419321 7421932 7428622 7434077 7436807 7437857 7442011 7443002 7449528 7451880 7452830 7463461 7465925 7468346 7472696 7475587 7479846 7481428 7484033 7488976 7490509 7496547 7498417 7500824 7505547 7509033 7512019 7514444 7515408 7516156 7521867 7523588 7540243 7541089 7545424 7548385 7550179 7551522 7552481 7558213 7563008 7565249 7566231 7570254 7574748 7578508 7579504 7588358 7593122 7596021 7597854 7602463 7606747 7608878 7610635 7612973 7614672 7616818 7627206 7633344 7635188 7641872 7645176 7647083 7648722 7655492 7664236 7668343 7670193 7676064 7678116 7681543 7682669 7683464 7687902 7690179 7695183 7699848 7707204 7719063 7720799 7725929 7727156 7728642 7730678 7734539 7736668 7739078 7739766 7741676 7752796 7756803 7762195 7767502 7772396 7779559 7784717 7785857 7797362 7799785 7808365 7810782 7814823 7818639 7825297 7826686 7829163 7832108 7834413 7840488 7842455 7852654 7862664 7864853 7869242 7870392 7875732 7878440 7882675 7893826 7897661 7901801 7905664 7907310 7911616 7918161 7920817 7923311 7925120 7930396 7932047 7944434 7945625 7951078 7955376 7959488 7960440 7966631 7969926 7974141 7986242 7997412 7999081 8002423 8008219 8011323 8012638 8024773 8027221 8028247 8033047 8038529 8040630 8042003 8043836 8046719 8048125 8049898 8057248 8060715 8063123 8066145 8067620 8071125 8078779 8085737 8091991 8096107 8097033 8098116 8108421 8114663 8117134 8121723 8126928 8129304 8131995 8134373 8137413 8138609 8142976 8146632 8151941 8154357 8158577 8161822 8164809 8165881 8172582 8175633 8183606 8190090 8194780 8198513 8213533 8221524 8230072 8231448 8234562 8241612 8243003 8245005 8246907 8253271 8263714 8268635 8273739 8275734 8281964 8285776 8289363 8291763 8294707 8297061 8297861 8299695 8304539 8306135 8308111 8317069 8319477 8323723 8333623 8335465 8336723 8340882 8349962 8352645 8354106 8355927 8359785 8365344 8368571 8378678 8384570 8385811 8387848 8389439 8392181 8395562 8402472 8403612 8410042 8417900 8421751 8424073 8427084 8436731 8445168 8448167 8451354 8452353 8461860 8473737 8476715 8477853 8485384 8492152 8495750 8507842 8509128 8510129 8512407 8516302 8525518 8526512 8529115 8536494 8539647 8540787 8548925 8555476 8560785 8562663 8569771 8572349 8577922 8581161 8581841 8591065 8594187 8596765 8598500 8605153 8610862 8617884 8622916 8625027 8626707 8627347 8630609 8633015 8636085 8640137 8647277 8649051 8652088 8657571 8665914 8667384 8670887 8675156 8678520 8685298 8691361 8692418 8700353 8705635 8710018 8712040 8716239 8722308 8723833 8725279 8732994 8735996 8757796 8762923 8780593 8786562 8788666 8793525 8799377 8805296 8806272 8807797 8808789 8809488 8820454 8822336 8827502 8829151 8832611 8834561 8837911 8845169 8851976 8857047 8858593 8862114 8865195 8881410 8890269 8896995 8901971 8902995 8903852 8908830 8911871 8914115 8916063 8921610 8928097 8931102 8932834 8934317 8941912 8947970 8953246 8956349 8961237 8964878 8971163 8974283 8978929 8980417 8984189 8995366 8998052 8999862 9001615 9004630 9010934 9013943 9016032 9016977 9022850 9031972 9034657 9040399 9043703 9052668 9056952 9058399 9063721 9073610 9080675 9091212 9091857 9094455 9096016 9100050 9107890 9110084 9112398 9114174 9118797 9121330 9123425 9126481 9127859 9131670 9135126 9139688 9142838 9144912 9150584 9156216 9157304 9168801 9171692 9175144 9176661 9177928 9186106 9194414 9195792 9199381 9205383 9209275 9212061 9215068 9217175 9218664 9221845 9224644 9227023 9232648 9237849 9238887 9242351 9244690 9247764 9249469 9252630 9254022 9259485 9262255 9262928 9269660 9271023 9272976 9284509 9285926 9291408 9294052 9297426 9298716 9300327 9303506 9312431 9324109 9325986 9333285 9336802 9338842 9339828 9343618 9345274 9347491 9350059 9355232 9361515 9364137 9367117 9370849 9372102 9373134 9376545 9379341 9381075 9385557 9386743 9392986 9396887 9400814 9402325 9419619 9428191 9432426 9436893 9444902 9445838 9458559 9459612 9465357 9468195 9473236 9481519 9483331 9488283 9497069 9499293 9506011 9508048 9512350 9519064 9521448 9522964 9524863 9528815 9532294 9534872 9539147 9540504 9550675 9554991 9557518 9559503 9563733 9568536 9571231 9573464 9574922 9580042 9583623 9585900 9596439 9597634 9600195 9613712 9615216 9617038 9621074 9624744 9627936 9643145 9648220 9653002 9654348 9656729 9657415 9662949 9664521 9666856 9669221 9671942 9678860 9685559 9688706 9691051 9696904 9698666 9705577 9709804 9712753 9715823 9719973 9730983 9732476 9733775 9736579 9737793 9744571 9745458 9752553 9753809 9757047 9763814 9765101 9769512 9773629 9775840 9780132 9784289 9786237 9795892 9801734 9803450 9805202 9809306 9816190 9822227 9824091 9826630 9830983 9834015 9835376 9837936 9846951 9850865 9855616 9858201 9864163 9867700 9874971 9876917 9881344 9882267 9885157 9887255 9893069 9898000 9899336 9903038 9904041 9906406 9920453 9927357 9931413 9935800 9938574 9949013 9953782 9955356 9960249 9963008 9974129 9975743 9986436 9991695 9993013 9993923 9997819 9999949 
</Matrix>
<Matrix name="Neuron_107" type="complete" rows="1" columns="246" multiplier="1.0">
   69005 118427 169246 192566 204972 275756 300036 343188 347088 529851 573054 640830 734927 739228 774826 816841 821155 862428 919987 935801 1002620 1049543 1056852 1084232 1087997 1147644 1176463 1182726 1269510 1272020 1397058 1420681 1471800 1719050 1732821 1737027 1784930 1804896 1833264 1850191 1933393 1995511 2043351 2141514 2157979 2193768 2197105 2222370 2376026 2391434 2418381 2457853 2467069 2509354 2557040 2565636 2598542 2719826 2729515 2736454 2808054 2816792 2828820 2863079 2972853 3038080 3089260 3094220 3112039 3199204 3229031 3264630 3345817 3384657 3454356 3480980 3488225 3583720 3590150 3598459 3633695 3693527 3701300 3762217 3777166 3800435 3835764 3964628 3973908 3993286 3994962 4003111 4140279 4143430 4302300 4350309 4447134 4500955 4503956 4560934 4570624 4579717 4676157 4694497 4739368 4750183 4761182 4800900 4814512 4992588 5007136 5056859 5062365 5066662 5127332 5148788 5159485 5204285 5208402 5239896 5261723 5272437 5287574 5327228 5362050 5377498 5387890 5435926 5442977 5446025 5523016 5541309 5547504 5565492 5627500 5719487 5735384 5811556 5826307 5861284 5968610 5976747 6020289 6107321 6121088 6133045 6163518 6233105 6260188 6292192 6319800 6324922 6329589 6356803 6444908 6457559 6460992 6475317 6478015 6549978 6598759 6611076 6649220 6659976 6678737 6828719 6857511 6911525 7034778 7135505 7174159 7196790 7207835 7227562 7233068 7242482 7271923 7293765 7298199 7325605 7458934 7496404 7500410 7532812 7543708 7567748 7733179 7774043 7807439 7870831 7917724 7961035 7962250 7989903 8040158 8067082 8098035 8120424 8141079 8178156 8190118 8199705 8305683 8443945 8571564 8610971 8614747 8647833 8661746 8672311 8689895 8733232 8792192 8839149 8919632 8929912 8935981 8953966 8983411 9043431 9120310 9142074 9165909 9167142 9193840 9296781 9315390 9335959 9371861 9386334 9411509 9444627 9447532 9454494 9593369 9633259 9646489 9683426 9737597 9740912 9802314 9863830 9871528 9940985 9962551 9986965 
</Matrix>
<Matrix name="Neuron_117" type="complete" rows="1" columns="1367" multiplier="1.0">
   1747 11436 16840 19065 21985 23024 37515 40674 43102 45553 50355 64337 88391 90884 111403 122530 132286 157690 159336 167780 177364 201873 205110 207168 215628 217325 227023 232842 238969 240151 262425 288555 294897 318513 328448 330098 340678 342810 349751 356781 362996 369191 374266 378461 389480 394196 398154 409554 411534 443828 455292 466880 470309 477011 493164 500073 503832 509781 516132 519265 529807 556207 562829 565319 582662 588981 596355 601442 629220 631260 641306 646533 648969 670798 680641 683354 687747 696073 702150 708083 710962 713260 714895 717688 736778 752980 775428 778405 781662 782839 802017 829392 863523 888486 895371 902487 908870 913251 917127 927743 930179 966462 975561 982266 983438 986064 996988 1004136 1005263 1010228 1018456 1025207 1032873 1034364 1038779 1044762 1050211 1059636 1069186 1070612 1076401 1079704 1084183 1089060 1095355 1104985 1106288 1108672 1110627 1124169 1130787 1135850 1152005 1172223 1178936 1190788 1197111 1208598 1211597 1227295 1232646 1244325 1247042 1259090 1282133 1287433 1295727 1298956 1304271 1312417 1315393 1321948 1323888 1332933 1345847 1346864 1349719 1351754 1354983 1356047 1362496 1366795 1367969 1379552 1381222 1385021 1386646 1404757 1405786 1410619 1421269 1429875 1458255 1459666 1464732 1482647 1501548 1502998 1504218 1506998 1511040 1512627 1527040 1554789 1593765 1603876 1617100 1618554 1631854 1634153 1642334 1647754 1649920 1653822 1663572 1671217 1679957 1682107 1685406 1698438 1711758 1729197 1734845 1743282 1752693 1754462 1762156 1776596 1780452 1792407 1796593 1798872 1803500 1811513 1818686 1824128 1832296 1841663 1852747 1856679 1861602 1868328 1881138 1884133 1897330 1914780 1920113 1924111 1930153 1946157 1950010 1963638 1978011 1980670 1991369 1995007 1998534 2002268 2005631 2013908 2016507 2018537 2037567 2039572 2044706 2057832 2065332 2067888 2069388 2072237 2077391 2081800 2089414 2092903 2095858 2105909 2108851 2115223 2120696 2133504 2136470 2145770 2154362 2169001 2182151 2188166 2197007 2200097 2201620 2203574 2208844 2212597 2216468 2218883 2226051 2237139 2244656 2254536 2257887 2270519 2276222 2279541 2306205 2309265 2313629 2325260 2327105 2328839 2335524 2343269 2358739 2366321 2368194 2371349 2378665 2391428 2395451 2397680 2406489 2417580 2436252 2442638 2450310 2454502 2459198 2468315 2481222 2489599 2501788 2514114 2544330 2547067 2599132 2607350 2620840 2632136 2660972 2661790 2671945 2678599 2699946 2705526 2706698 2719384 2725761 2729098 2735169 2737671 2746505 2749860 2753864 2775970 2781573 2784611 2800867 2805573 2812515 2816471 2826788 2836503 2838543 2845940 2853814 2859012 2877770 2884719 2898139 2925081 2939059 2945079 2948806 2950879 2960708 2964219 2969081 2991609 2993671 2999794 3002291 3003526 3006227 3024980 3036255 3042225 3046506 3050015 3053390 3055704 3056614 3064677 3067589 3084628 3092817 3097569 3099202 3101895 3117324 3127678 3135411 3136791 3142020 3145318 3160201 3171253 3186491 3190142 3195329 3197824 3208649 3220497 3229495 3237452 3239017 3239820 3240582 3242815 3266352 3270211 3273157 3278797 3298907 3300667 3303641 3308042 3321840 3322869 3323938 3328608 3338874 3346170 3350291 3355105 3364920 3367537 3369499 3373932 3385837 3407044 3418600 3427270 3428356 3430530 3458779 3464866 3469736 3472140 3474516 3479578 3486016 3487597 3489219 3491669 3498650 3503536 3520711 3524121 3533750 3536054 3542955 3546051 3555825 3559803 3562343 3573685 3575389 3578697 3585600 3596196 3610155 3611080 3618190 3625238 3649019 3665609 3670609 3677998 3684399 3687724 3693066 3695281 3703781 3708348 3710880 3713092 3728553 3730008 3735827 3747210 3753103 3760545 3786434 3790188 3802847 3815692 3819091 3827723 3833816 3838277 3852740 3869461 3875686 3878049 3883635 3887542 3889937 3894259 3897599 3908675 3910908 3916773 3928584 3931531 3938955 3944679 3954046 3961204 3964791 3967680 3971278 3978030 3984068 3987690 3994799 3996510 4000330 4011492 4033998 4036190 4043824 4046507 4048558 4064751 4071573 4077776 4082409 4083919 4085236 4089792 4091034 4097227 4102298 4103631 4108339 4119249 4121580 4133267 4139061 4145144 4155143 4162223 4164664 4171701 4190299 4194410 4204057 4210018 4217489 4219285 4228759 4230618 4239340 4244101 4255663 4260622 4263154 4272189 4276338 4291476 4296623 4299434 4306880 4314418 4316660 4317669 4324063 4326390 4329502 4348239 4356965 4363459 4369056 4372912 4375570 4377649 4380439 4391530 4397648 4402102 4403770 4408823 4412386 4418976 4422957 4427591 4433127 4458660 4464045 4475024 4480591 4483999 4485946 4490573 4493472 4495777 4505441 4509526 4511062 4517106 4526574 4533128 4535125 4538353 4552479 4564104 4570212 4574010 4587728 4608600 4612323 4621290 4625012 4642140 4658369 4662252 4671587 4673488 4679090 4683101 4691497 4700962 4714993 4717738 4724668 4731996 4735504 4738703 4740483 4750109 4767317 4770516 4781380 4787464 4791920 4793647 4800013 4806097 4811480 4825220 4841926 4846742 4869690 4877228 4892712 4894524 4896637 4902902 4906813 4910781 4917169 4918116 4920847 4925372 4937378 4941023 4955345 4964101 4966155 4968936 4976226 4984253 4995358 5002830 5005926 5012399 5023880 5026497 5027741 5034081 5044643 5047090 5056597 5058006 5064387 5069473 5080002 5102419 5115751 5123526 5137766 5145487 5147034 5156068 5162245 5166414 5179667 5182012 5183044 5198368 5207690 5210473 5223414 5232762 5235055 5237221 5251585 5254989 5260737 5273868 5274851 5282765 5290337 5294038 5297959 5301174 5302961 5304359 5317183 5322045 5328825 5331489 5335910 5343253 5349906 5360385 5363064 5371043 5373240 5376302 5397816 5402362 5406244 5418248 5425311 5440124 5448540 5464857 5466452 5476358 5484958 5496674 5509671 5519909 5523323 5536230 5544705 5545481 5547612 5563418 5572617 5576139 5582273 5584787 5586178 5596098 5602424 5608300 5609061 5616288 5621293 5623770 5627442 5631925 5633401 5641051 5646775 5650136 5656299 5660009 5675367 5676614 5679086 5695703 5703328 5709320 5714303 5719260 5730705 5732440 5734850 5751729 5757469 5764523 5766087 5774479 5781371 5783451 5791813 5794371 5800270 5802021 5805706 5818052 5827083 5836132 5838465 5839272 5854210 5876488 5880274 5887937 5889945 5891424 5897794 5900117 5913837 5922938 5932187 5934353 5938669 5940817 5943082 5947706 5956039 5957886 5980771 5992458 6001283 6018933 6060171 6066514 6077967 6086088 6090546 6108854 6113053 6114693 6125459 6132548 6154920 6156191 6162093 6166791 6186986 6192823 6194012 6201962 6205380 6208124 6223584 6225532 6228015 6229829 6252066 6278447 6280376 6281777 6284085 6295949 6297610 6305888 6310309 6321704 6324659 6327658 6340963 6343544 6348434 6349765 6354619 6370793 6390794 6402777 6404628 6407123 6408558 6411201 6425600 6439929 6444610 6449492 6459622 6471939 6476340 6487621 6496753 6498360 6501360 6503674 6521273 6529667 6532915 6553761 6586130 6587991 6596429 6607802 6611054 6618397 6622377 6624714 6625784 6628099 6629548 6630698 6633595 6635561 6640480 6650145 6657753 6668674 6674989 6684682 6687686 6689922 6695728 6710205 6736647 6748748 6750121 6765262 6777134 6787249 6792367 6797248 6810880 6820302 6828572 6831184 6840940 6845172 6865924 6867450 6870919 6872400 6875006 6878860 6906463 6914668 6916087 6918180 6921843 6928094 6933321 6937904 6948206 6951282 6952746 6965020 6968566 6969794 6977798 6998165 7002569 7007948 7011777 7014280 7022411 7024022 7028651 7033203 7040218 7051403 7054317 7060862 7076551 7085175 7090796 7094872 7105435 7123573 7127171 7133662 7136461 7139714 7141814 7148378 7156134 7160061 7171566 7182995 7189931 7192418 7202310 7202992 7209783 7220610 7223381 7224510 7227126 7236413 7248766 7252849 7253693 7254894 7264522 7274195 7281613 7284651 7297439 7303838 7309530 7314352 7317256 7322316 7330965 7344118 7350159 7352029 7353954 7358993 7361458 7363735 7373991 7379816 7381448 7385750 7387636 7393605 7403220 7411582 7419541 7429280 7433839 7443551 7460321 7468908 7470775 7491190 7497953 7499673 7501552 7513501 7519224 7520332 7524574 7529683 7533582 7537896 7545290 7547803 7558114 7566095 7572876 7578029 7589960 7593202 7617097 7620391 7623558 7627486 7645222 7648773 7650869 7653476 7673724 7687193 7690713 7693615 7696893 7697870 7706082 7709999 7712259 7719620 7740290 7742549 7758169 7765367 7767139 7769962 7774166 7778618 7805718 7808385 7810264 7823182 7833441 7836473 7837613 7841742 7844980 7854002 7876203 7881919 7884443 7886426 7889842 7891577 7901734 7911377 7913788 7936303 7945082 7955357 7957278 7961969 7963991 7969315 7976646 7985178 7995123 7996666 8002198 8008039 8014404 8015633 8029337 8042422 8048090 8054473 8064063 8069101 8074661 8086062 8096111 8101404 8109615 8113708 8117527 8121355 8131039 8132541 8134231 8135938 8136842 8141767 8149764 8162713 8164978 8166278 8177256 8179222 8182413 8184269 8185427 8186721 8188609 8195870 8199698 8202255 8206583 8235738 8238645 8243162 8244829 8247864 8250929 8259442 8266758 8268619 8279230 8282183 8284045 8286089 8292181 8301179 8306667 8308186 8323881 8325728 8326984 8329289 8343085 8347415 8349952 8357555 8360070 8363727 8372647 8381731 8405043 8411956 8428210 8429604 8433861 8434974 8435636 8438545 8441732 8443430 8445082 8449941 8458185 8461260 8462825 8474884 8485164 8487818 8490006 8498102 8513261 8514977 8529892 8536276 8544462 8546685 8547788 8553497 8557254 8561580 8564722 8566095 8578945 8580230 8581743 8590886 8600170 8614229 8616855 8630434 8641445 8643298 8646309 8664201 8670321 8680765 8682709 8690960 8693440 8703726 8718941 8722836 8728902 8729777 8732912 8734503 8737936 8743779 8745393 8755694 8757036 8758424 8759941 8772231 8773088 8778964 8800659 8803309 8814290 8817881 8830306 8833847 8867497 8870869 8877588 8878591 8890738 8891854 8896031 8897816 8901078 8914541 8926742 8930286 8946401 8950564 8957428 8961223 8965586 8969670 8970675 8976512 8981726 8990181 8996091 8999309 9001856 9007509 9013418 9017004 9028584 9050299 9055619 9059802 9065546 9072841 9078879 9080862 9085129 9094330 9096227 9098224 9114649 9116457 9119178 9121971 9128875 9130768 9141929 9147898 9152354 9157482 9159031 9162343 9186526 9194607 9204758 9210780 9234316 9236461 9238569 9239571 9242828 9244187 9245695 9248237 9261516 9267599 9270322 9301756 9306101 9316661 9319325 9332490 9349402 9353706 9356321 9361319 9364600 9394923 9414133 9424398 9432923 9443216 9458265 9475650 9482232 9487441 9488834 9496954 9500790 9514920 9540598 9552026 9553932 9555025 9557899 9576039 9582950 9595270 9600755 9602534 9611657 9620090 9623458 9629548 9633214 9634634 9642160 9645480 9647486 9649960 9663692 9664676 9674419 9677585 9684543 9687872 9700001 9706430 9716038 9717606 9729266 9734744 9737386 9739206 9743954 9759968 9760679 9761602 9773990 9776000 9792731 9795241 9797432 9799800 9812073 9822020 9823223 9830910 9833282 9836557 9843371 9845979 9848488 9852826 9856765 9863318 9866538 9888397 9898596 9902170 9922865 9936333 9942961 9948505 9968127 
</Matrix>
<Matrix name="Neuron_121" type="complete" rows="1" columns="1545" multiplier="1.0">
   27318 32713 33889 41493 45850 55782 58135 59309 60872 68043 71324 74310 77782 82157 86269 89612 91926 105316 113204 116123 126839 133698 143302 160983 187591 200311 219730 227649 233023 240322 243204 250768 254130 260075 264852 269244 282241 291503 304345 314521 317326 325614 329130 334804 336453 340970 342771 350373 352203 354764 357493 361973 365304 371769 375239 383898 384698 390549 392102 394665 398388 405259 409574 413958 415780 419147 420280 431648 434054 437404 456256 462735 465403 467516 475341 482770 493354 509603 511461 513516 516864 522587 524753 533193 543346 548243 549930 552429 562545 563431 581289 585095 588151 594738 599928 603104 605996 608397 616397 619112 632126 637032 640146 668578 676246 683014 688237 693835 704914 707289 714081 716027 728627 730414 742144 761669 763402 781034 783201 788557 789941 808264 814792 817557 820194 829918 835952 839745 851054 852449 854601 858126 860258 864746 868794 874044 874956 893854 906225 913582 918522 920477 925715 929595 931004 932231 933684 940205 942619 947365 948812 963999 974800 976881 983706 987134 988484 1010089 1018421 1020272 1053360 1065681 1072498 1076125 1079676 1100544 1105709 1116887 1118820 1120241 1131327 1136465 1137763 1143608 1149991 1156895 1169025 1174997 1185029 1196098 1207482 1215351 1226725 1240197 1243997 1246571 1270172 1279202 1286259 1289829 1302678 1306667 1308376 1316148 1319566 1324465 1337654 1346978 1361973 1366363 1373924 1377843 1386975 1393825 1395486 1397720 1398932 1402995 1406720 1417235 1424001 1430862 1434722 1442735 1445399 1446157 1451781 1461610 1466147 1469950 1471246 1478267 1482444 1493338 1497743 1526432 1529745 1530669 1534858 1538426 1556862 1559617 1568243 1572764 1576483 1585681 1588450 1590498 1595413 1598999 1602817 1608727 1613304 1619006 1622151 1624700 1626622 1630491 1639432 1643275 1649812 1656091 1658791 1659759 1662943 1665297 1672797 1675232 1680146 1685089 1687591 1691185 1696683 1708134 1711881 1712833 1714146 1716911 1720954 1742497 1762801 1764636 1771158 1781405 1783619 1785549 1803298 1804862 1806287 1821223 1825928 1839985 1843248 1860767 1865372 1867116 1868129 1869489 1872631 1878102 1879475 1883950 1888125 1890022 1900227 1902220 1914176 1917257 1919077 1921130 1921875 1923221 1924934 1925835 1939380 1948222 1959131 1963313 1965303 1995069 2000398 2008128 2014649 2015985 2024051 2029548 2032165 2033779 2038050 2043482 2052813 2056537 2067672 2075183 2076218 2078587 2083272 2086242 2100543 2104971 2107215 2119933 2121809 2123390 2134920 2137949 2139465 2141033 2156873 2161188 2163548 2166783 2168714 2174207 2187358 2191420 2194575 2196214 2210383 2213077 2217285 2220068 2221970 2237079 2238927 2242417 2255778 2260778 2284459 2286050 2287680 2289291 2293557 2297201 2298421 2300306 2310410 2315743 2319646 2322632 2325063 2330532 2333460 2338170 2348490 2355787 2364750 2377063 2382230 2385265 2391115 2399298 2422238 2426014 2429435 2443988 2447377 2449672 2454318 2473700 2477965 2491281 2493480 2497593 2499845 2503574 2505957 2513940 2517940 2531454 2548994 2551462 2552954 2557566 2561171 2576564 2580708 2587256 2594968 2600201 2610098 2615714 2619100 2623010 2624719 2631012 2634152 2639661 2642471 2643923 2659609 2667093 2676381 2679114 2690579 2700653 2713707 2725712 2729924 2739142 2746452 2760445 2764256 2773604 2779996 2782261 2785622 2793414 2797092 2798710 2826518 2829169 2835792 2839611 2847736 2850684 2856702 2868418 2871481 2875812 2879070 2891787 2901541 2906356 2920278 2926582 2931670 2935076 2936051 2948723 2950638 2961044 2965024 2971656 2991879 2996670 2999883 3003265 3005265 3006704 3013906 3017196 3018529 3027551 3041402 3049868 3074397 3110736 3119764 3132392 3148162 3149796 3152066 3160579 3170275 3187300 3195816 3198595 3199847 3206109 3207332 3208324 3220168 3225441 3227727 3228518 3230863 3242714 3244950 3250835 3253286 3256775 3259822 3263971 3269054 3269953 3280657 3284887 3292258 3293411 3308527 3318190 3324739 3326964 3334551 3336688 3338778 3341133 3348810 3363066 3367212 3371725 3373718 3387572 3388749 3392844 3396228 3399714 3404921 3417906 3420143 3438841 3443708 3452244 3463318 3467519 3475564 3477160 3483077 3494838 3514216 3528034 3533189 3541246 3546009 3550168 3581611 3583573 3598696 3602812 3607197 3622751 3632052 3636508 3642190 3649529 3653461 3664991 3668413 3672652 3675712 3680952 3683169 3687473 3705128 3713151 3729838 3750837 3753827 3760891 3769046 3770422 3779908 3781624 3785108 3788018 3789256 3819577 3821680 3829606 3832538 3834047 3844461 3858406 3862168 3873046 3878338 3883408 3896750 3901590 3902816 3911399 3924372 3939782 3944091 3957648 3959187 3960437 3961079 3964468 3969334 3972331 3974022 3975113 3991689 3995032 3995821 4006353 4007972 4014200 4019376 4028467 4038496 4047181 4051028 4055178 4057383 4063876 4066370 4077279 4082383 4084606 4106296 4108748 4109942 4111030 4119139 4122357 4152888 4158464 4161403 4164779 4167044 4198128 4200126 4201073 4202487 4204845 4207228 4218103 4221416 4234723 4239148 4240397 4245494 4256271 4260203 4266535 4296131 4297107 4298228 4302633 4311090 4312489 4318264 4334436 4339064 4343773 4351036 4353584 4358361 4361937 4384461 4388172 4390438 4398370 4404473 4408220 4409716 4420129 4422576 4425374 4427740 4429463 4448472 4451834 4460000 4461853 4462541 4464289 4466536 4467748 4473245 4482924 4487959 4494131 4495505 4496826 4501829 4504868 4506268 4515617 4571419 4575498 4580241 4588374 4590769 4596101 4613974 4626321 4631148 4633845 4640670 4648987 4653782 4657064 4661481 4664713 4669668 4672574 4677057 4682177 4685185 4686212 4692508 4695562 4702853 4705894 4711846 4723645 4729853 4733490 4739893 4741285 4746118 4751241 4753209 4755518 4763258 4769104 4772503 4780065 4794166 4802404 4816760 4827373 4833566 4840275 4847160 4850371 4853290 4865085 4870413 4880932 4882232 4888082 4919248 4922534 4926209 4931691 4935924 4944453 4947095 4950640 4954214 4963873 4969772 4985207 5004399 5012124 5023670 5035971 5039431 5042893 5054042 5059096 5065489 5074154 5090206 5095781 5097129 5107272 5108385 5112493 5117090 5118387 5121909 5123336 5135190 5135778 5140741 5143429 5147753 5154558 5156493 5158838 5165425 5178356 5186550 5196247 5233281 5241975 5251300 5254249 5264627 5268355 5275178 5277447 5299822 5301534 5304238 5307184 5312292 5318251 5319701 5327239 5328774 5334708 5359682 5361629 5372361 5380210 5396589 5406846 5414659 5422706 5424949 5435277 5436908 5439744 5441057 5449074 5461112 5464351 5468027 5470185 5479237 5485292 5486960 5488331 5502653 5507390 5509198 5522186 5529377 5530517 5538299 5539908 5545247 5550771 5551613 5555866 5565120 5566950 5576246 5582211 5588703 5601817 5603605 5609237 5614238 5615710 5632586 5636855 5645243 5649059 5659162 5662381 5670705 5674606 5676419 5679605 5686360 5690435 5701457 5706859 5709751 5716749 5720980 5722080 5726283 5730029 5731802 5734670 5746412 5753420 5758365 5765387 5766776 5774574 5781857 5788079 5790410 5796233 5811027 5822780 5831490 5841338 5847375 5853060 5856300 5866437 5869215 5870840 5873806 5884549 5891309 5910320 5912140 5914706 5922936 5928993 5931834 5934706 5937954 5941796 5945733 5948448 5955356 5959684 5966143 5970819 5986167 5989745 5991871 5997135 6004555 6008268 6031156 6038166 6039565 6043852 6046370 6053118 6058138 6068310 6094238 6095309 6115224 6119874 6133283 6137998 6139801 6141712 6144037 6146826 6148190 6153880 6159742 6161268 6163637 6166331 6169059 6172825 6177126 6178588 6181599 6191734 6196199 6204615 6209029 6215889 6219160 6223640 6228621 6242104 6259875 6266804 6270095 6276194 6277329 6279077 6280858 6284342 6286988 6290244 6299139 6303155 6312908 6314092 6329058 6336423 6342654 6345040 6364465 6367041 6375540 6382841 6388182 6394944 6396280 6400698 6408297 6412256 6427769 6434390 6438556 6444992 6446019 6450105 6457518 6458519 6460080 6465904 6471375 6480286 6504667 6506327 6513373 6519380 6525024 6529999 6536861 6544524 6551531 6555279 6557847 6569142 6579722 6582341 6588246 6591643 6605837 6611992 6613813 6622050 6625712 6628727 6634545 6641875 6649937 6652586 6656745 6658651 6672682 6676243 6691308 6693397 6695813 6700882 6702734 6705230 6728876 6733933 6740084 6749659 6755167 6758636 6779641 6794758 6798069 6802944 6803940 6818169 6825455 6829141 6833469 6835531 6848613 6855949 6860002 6867052 6869639 6890303 6891821 6894140 6894992 6904314 6914004 6921496 6927934 6951260 6955196 6962666 6977931 6984785 6987137 6994889 6999787 7005889 7016745 7023242 7029913 7039497 7046096 7047634 7053176 7058702 7064103 7078784 7081176 7089364 7118418 7120807 7127526 7132115 7135157 7139787 7147548 7151601 7173487 7176320 7193797 7211223 7215823 7223514 7226231 7227434 7228825 7249196 7252541 7269796 7281810 7288895 7290568 7307219 7309244 7312537 7319572 7327325 7330525 7332200 7341368 7345427 7356313 7360506 7366023 7371005 7372707 7374284 7378067 7388460 7390975 7392272 7394896 7396831 7399673 7409637 7416648 7427906 7429701 7461213 7468503 7473363 7474936 7479898 7483870 7491170 7497289 7500278 7502861 7516054 7516869 7526537 7531956 7535613 7556981 7562363 7573671 7582374 7588475 7590086 7593487 7598035 7602847 7609974 7627202 7641846 7645216 7647603 7648890 7652246 7668427 7679711 7682122 7684185 7691203 7692907 7698112 7701578 7723363 7728590 7731550 7748001 7753229 7754737 7756831 7765842 7767119 7769429 7776254 7781106 7785696 7788123 7798120 7803150 7819227 7827952 7834098 7837688 7847499 7851867 7854125 7856885 7865764 7880293 7885724 7887719 7891084 7896868 7898255 7900552 7905107 7921162 7925467 7929865 7932293 7938668 7941384 7946145 7948226 7950936 7952054 7954945 7957499 7959061 7962333 7966378 7984072 7990418 8011217 8014161 8018681 8038721 8044977 8053735 8056816 8074070 8083933 8086171 8096405 8103087 8104278 8105402 8110493 8113326 8114247 8117245 8118947 8131634 8133643 8147673 8167212 8173945 8178653 8181485 8183153 8184697 8186502 8190254 8194484 8199791 8206396 8213358 8218799 8222154 8223796 8225696 8230715 8242717 8248345 8250925 8255295 8257113 8258816 8266900 8268866 8274014 8280340 8289359 8292042 8306375 8326043 8335601 8342938 8346631 8355766 8357868 8370593 8377362 8385119 8390627 8392131 8393316 8407232 8413578 8422642 8434410 8439484 8456794 8458039 8466251 8469729 8472502 8474960 8478324 8491049 8494689 8500623 8513098 8520254 8522173 8526273 8529719 8531508 8532586 8537111 8543946 8553394 8558629 8561909 8563707 8564831 8574243 8588318 8597171 8600050 8602329 8604538 8608256 8613779 8619803 8632529 8646344 8648871 8649847 8655002 8671433 8673035 8683515 8688946 8690342 8697403 8734030 8738094 8740186 8741806 8746368 8748790 8753213 8766089 8774136 8776239 8781595 8785313 8786771 8790316 8805839 8808368 8814923 8816633 8819683 8821837 8837156 8838357 8848406 8849246 8861732 8869980 8875854 8882781 8884325 8893086 8893945 8894989 8900222 8904645 8909603 8924493 8925629 8927111 8929286 8930741 8932602 8935218 8939304 8942161 8952532 8965242 8967743 8979434 8983712 8998441 9014610 9017027 9017872 9031218 9034881 9041970 9046191 9051575 9052617 9054123 9055001 9057240 9058942 9063788 9065606 9074125 9076268 9078003 9084328 9086672 9089478 9093112 9104622 9113860 9118011 9119459 9121075 9122596 9124405 9126815 9130657 9132087 9141319 9153292 9166927 9171645 9179569 9182042 9190080 9197399 9202769 9215803 9218172 9222110 9224642 9242196 9244289 9251294 9254474 9257995 9262067 9275780 9279800 9286049 9288241 9301026 9302287 9309684 9313868 9321093 9328223 9333254 9344742 9346980 9352633 9356518 9364740 9371512 9376223 9380759 9382812 9386828 9395711 9402832 9404112 9411715 9413714 9418280 9419612 9432667 9434696 9446243 9461003 9462956 9467637 9469425 9472083 9482340 9491012 9492217 9494137 9495331 9500686 9512995 9516742 9532474 9550313 9551118 9556102 9557536 9564090 9575225 9578666 9581414 9584052 9596219 9600734 9614265 9616686 9624036 9626153 9634433 9653768 9658309 9666818 9670623 9673468 9675049 9676377 9681625 9702626 9708841 9710431 9717395 9719747 9748146 9757636 9781276 9791594 9795457 9807312 9814626 9818179 9825605 9828608 9837339 9840212 9846204 9847596 9850371 9852133 9865065 9895067 9897680 9904579 9907164 9908310 9914091 9919444 9922590 9925652 9929868 9931196 9946037 9949424 9953480 9955553 9973722 9975642 9980782 9987746 9995225 
</Matrix>
<Matrix name="Neuron_124" type="complete" rows="1" columns="5074" multiplier="1.0">
   2532 3354 5102 5961 9797 10674 13870 15290 16690 18970 20524 22638 25461 26602 28855 31068 33849 35886 38522 40454 41266 43703 44814 47980 49031 49818 52277 53853 54575 55262 56186 57850 60426 61249 65277 69970 70976 73973 75064 76980 78142 80501 81731 84917 87039 88516 89773 90885 91906 93335 94314 96301 97065 100379 102244 105547 106539 111650 112337 114615 116491 118441 119615 120744 121654 125349 125989 127154 129991 131594 132544 135972 137425 138528 140567 143242 145548 148535 149905 151552 152241 155813 157796 158615 159985 160837 161992 163423 164410 165312 168331 169242 170920 171729 176296 178971 183516 185683 188076 189110 189900 192438 193740 195257 197441 198307 203080 203926 205214 206287 207197 211355 212556 216993 217969 223049 224489 228978 232677 233514 238099 239849 240781 243488 245785 247841 249501 251114 252012 253057 255743 257448 258339 261740 263023 267574 269266 271611 272287 274294 275736 277716 279201 279941 281774 283139 285411 286075 288687 290801 292147 293604 294439 295947 299064 300881 301480 303558 305250 307095 308376 311423 312820 315158 316308 317701 320009 324065 324849 326644 327434 328913 332474 333838 335421 336489 337894 339710 341439 344718 345319 347307 352867 354466 356619 358898 361173 362298 362963 363721 366571 367167 368137 369958 371027 372758 374255 375620 379181 380377 381239 382480 383927 387361 389355 391069 395668 396936 399062 400727 401559 403913 405249 406320 407425 408457 410195 411806 414842 416032 417949 419327 420821 423854 425239 426399 429357 432891 434254 436641 439384 443772 445300 446153 450821 452494 455213 456597 458129 459940 461899 463707 467156 468135 469040 469947 471468 472247 474879 478482 481843 483304 484408 485289 486606 489130 491068 494877 497989 501606 503895 504778 507111 508443 510787 511972 515098 516898 522991 524931 526016 527949 528972 530034 531046 532522 535797 536584 537428 541450 542978 544355 547563 551290 553544 554803 556536 558380 561078 564672 565613 567580 570042 571188 572564 573178 576317 577578 579919 581993 584544 586438 592465 593598 594348 595428 598834 600070 601051 605016 606901 609386 611057 611732 614524 615871 616962 617883 619080 621216 621845 623451 626263 627348 628867 631612 635302 636057 637999 638604 640046 641187 645171 646913 649256 651844 653093 654361 656056 657166 658612 659864 660838 662832 665048 667366 668154 670407 674749 678622 681156 682914 685032 688650 691149 693506 695318 696319 699826 701402 702732 703789 705901 708197 709655 712068 713168 714686 717211 719001 719766 720633 721935 722827 725024 727237 728297 730583 731324 734022 735415 736963 738108 739540 741399 742681 743774 745191 746430 751945 754602 755808 759877 761281 763973 768243 769217 770674 774335 776106 778802 783032 784204 788613 789465 790451 791701 792367 794983 796189 797502 798402 800155 801493 803485 804668 806585 807391 808362 810370 811872 813090 814652 816012 817261 818390 819822 822361 823808 826243 827013 828315 829173 830193 831493 832351 833263 834830 836627 840151 844119 845917 847805 850410 851469 852900 854153 855137 856575 861500 863594 866491 867860 868576 869869 871927 872486 873943 876409 877224 878361 880605 882124 883809 884863 886282 887832 888896 890827 893615 894527 895993 897205 901063 903096 904268 906413 907905 909226 911772 913177 916159 917519 919883 920879 922672 923430 926985 928080 930197 931352 932551 934024 936122 938974 941983 942953 944843 947213 948142 950276 952963 955319 956335 957427 960051 961770 962440 967922 971675 974493 975311 976976 978362 979768 981774 982705 984654 986950 988214 991516 992376 996488 1001524 1002634 1004181 1004742 1007700 1009479 1010570 1011296 1014050 1016236 1018370 1020689 1021483 1027030 1033163 1034176 1037441 1038289 1040750 1042483 1045437 1046631 1047860 1049380 1051611 1054959 1055760 1057209 1058937 1060904 1062460 1064288 1066781 1070662 1072542 1073799 1075790 1077643 1080793 1082037 1084418 1086540 1088024 1090104 1091572 1092851 1094022 1095593 1099007 1102357 1105323 1107256 1109535 1112266 1113949 1116596 1117961 1119867 1121328 1122566 1124086 1126592 1128623 1130643 1132377 1133895 1137587 1141100 1142910 1145886 1146484 1148274 1150716 1152195 1153256 1155422 1156993 1157942 1160954 1162236 1165406 1166720 1168711 1171246 1173395 1176353 1178143 1181950 1183001 1184712 1188296 1189452 1190400 1192077 1193160 1195983 1197361 1198447 1201246 1202927 1205286 1206700 1211085 1212510 1215919 1217484 1221895 1224123 1227033 1228341 1231006 1232494 1235240 1238160 1239926 1243311 1249302 1251015 1252579 1253475 1254203 1255196 1261030 1264420 1265458 1268586 1272753 1273594 1274982 1275936 1278074 1280923 1282488 1286326 1288025 1289743 1293046 1293982 1296446 1297316 1298466 1299722 1301319 1302584 1304267 1305061 1306063 1308844 1309855 1310712 1311320 1312483 1315062 1319327 1320732 1322439 1325352 1329407 1331574 1332406 1335092 1337410 1338118 1339034 1340036 1342027 1343163 1347663 1349165 1354257 1355833 1358132 1360601 1363102 1364910 1366046 1367478 1369183 1370964 1372159 1375137 1379322 1380862 1382381 1383785 1384887 1386661 1389627 1390250 1392321 1393493 1394617 1399426 1402669 1404437 1408368 1411608 1413231 1415680 1416740 1419299 1420673 1421754 1423435 1424948 1427268 1429227 1430034 1432403 1434573 1435999 1443468 1444154 1445074 1447706 1452647 1453533 1457037 1459526 1463090 1465290 1466149 1466947 1470459 1472119 1473061 1475551 1477021 1478283 1481963 1484548 1487236 1488857 1492093 1493515 1497855 1501013 1503024 1506442 1508297 1509625 1511007 1514232 1516777 1517863 1519701 1520874 1522678 1523826 1527700 1529540 1532847 1533875 1534735 1535823 1537816 1541472 1543888 1545330 1546627 1548219 1551949 1557480 1563443 1566143 1569680 1571293 1572651 1573554 1577248 1578441 1579095 1580605 1582171 1583354 1585340 1586979 1587675 1589177 1591518 1593305 1595498 1596225 1596837 1597893 1601898 1604359 1607471 1609065 1612264 1615408 1620707 1622357 1624983 1628514 1630563 1631418 1632708 1634275 1635112 1636084 1638407 1642238 1645022 1646449 1647404 1648122 1651946 1653520 1654341 1657235 1658934 1660996 1661860 1662962 1665319 1666868 1668213 1669258 1675154 1676343 1678227 1679787 1680825 1681539 1683928 1687670 1690060 1692010 1693580 1694536 1695452 1696500 1698872 1699972 1703068 1704855 1705624 1707344 1709251 1712299 1713285 1714702 1715667 1718882 1720854 1723280 1723842 1725438 1726860 1728657 1729725 1731484 1732917 1734308 1735111 1737353 1738642 1740314 1745321 1747097 1754787 1756225 1757661 1758783 1759797 1761248 1762591 1763326 1764573 1768313 1769777 1770642 1774218 1776516 1777430 1778698 1780058 1780994 1781778 1783297 1785005 1786542 1787793 1789031 1790950 1792081 1794920 1797103 1798466 1801435 1803320 1804541 1808769 1810321 1811456 1813067 1817709 1820190 1821670 1824215 1825566 1826812 1827836 1831378 1833114 1835336 1839353 1840443 1842116 1844261 1847514 1850095 1851106 1852685 1854909 1857378 1859275 1860233 1861911 1862916 1863698 1865355 1866703 1867833 1870740 1872362 1873649 1874407 1875607 1877334 1878210 1880443 1882480 1885461 1886788 1888194 1889407 1890084 1890795 1893151 1896478 1897921 1899348 1900633 1902697 1904256 1906411 1908165 1908900 1909548 1912193 1914095 1919413 1920505 1923348 1927710 1929556 1931101 1932641 1935039 1938387 1943112 1944066 1946180 1947111 1949352 1950666 1952661 1953997 1955108 1956569 1959132 1960309 1962615 1965165 1966155 1966867 1968242 1969805 1971316 1972087 1972954 1974388 1976309 1978501 1980037 1981773 1982630 1983498 1989283 1990998 1992399 1993959 1995641 1996862 1997804 2001542 2006162 2007315 2009385 2010188 2011361 2012307 2015532 2016997 2018898 2022039 2023552 2025060 2026494 2028998 2030722 2032641 2034093 2034623 2037256 2038618 2039685 2045293 2047045 2048710 2052233 2058676 2061037 2062101 2065794 2069154 2070063 2072257 2073796 2075061 2076994 2078582 2079380 2080438 2082051 2082845 2084774 2086262 2088663 2092529 2093268 2095215 2096764 2099323 2102165 2108663 2110001 2114288 2115437 2116514 2117479 2118416 2119897 2121350 2122590 2123338 2124635 2125599 2126804 2128864 2130053 2132003 2133447 2134811 2136785 2139768 2141010 2146648 2149169 2151562 2152309 2153290 2156205 2158269 2159004 2162464 2163253 2164482 2164928 2165780 2167265 2168699 2173482 2174388 2177169 2179920 2182803 2183921 2185698 2187436 2188813 2191519 2192771 2196183 2198206 2199108 2200565 2202308 2204777 2208211 2210236 2214152 2217283 2219133 2220048 2221752 2226556 2228621 2230271 2233919 2235413 2236098 2237766 2238419 2240775 2241853 2245810 2248320 2249942 2251384 2252643 2254297 2256174 2259871 2264768 2268487 2270627 2271228 2272218 2274464 2276427 2277502 2284574 2287884 2289268 2290249 2294764 2297548 2299148 2302302 2303444 2304638 2306613 2309654 2311361 2312397 2313920 2315525 2316980 2318926 2321341 2322882 2324260 2325391 2326206 2328475 2329572 2330504 2335790 2341937 2343866 2346220 2351599 2356626 2359539 2362353 2363801 2364919 2365812 2366611 2368195 2369057 2372456 2373709 2375121 2378515 2379439 2381686 2383056 2384312 2385338 2386886 2387783 2388905 2390032 2391225 2393542 2397792 2398902 2401110 2402688 2404159 2408267 2409246 2410130 2411819 2414955 2416988 2419036 2420561 2422129 2425137 2427882 2429150 2430931 2432573 2433651 2436723 2438106 2441842 2444497 2446414 2447592 2448857 2453818 2457471 2462035 2464648 2467292 2471484 2472839 2475690 2477417 2478684 2480245 2483571 2484817 2486129 2489572 2490421 2492229 2493405 2495697 2500642 2503031 2504493 2506979 2508435 2511841 2514554 2517183 2519893 2523100 2526978 2529037 2531244 2532278 2535091 2536066 2539704 2540781 2542414 2543234 2545672 2546658 2548481 2550027 2552352 2555690 2556456 2559314 2560497 2562441 2564390 2565995 2569994 2571883 2572843 2573663 2576036 2577616 2579266 2580488 2583579 2584621 2587787 2589015 2590016 2591379 2593270 2594267 2595676 2596842 2598332 2600919 2604127 2608381 2611094 2613969 2615186 2616767 2617738 2618870 2621187 2622312 2624020 2624782 2626859 2627808 2628749 2629660 2631126 2632507 2635283 2636995 2638549 2643422 2644863 2645874 2646438 2647103 2649035 2651587 2653186 2656009 2656690 2658336 2661571 2662174 2666194 2668045 2669063 2671357 2673271 2674018 2674978 2677218 2678858 2679850 2682530 2684812 2687077 2688111 2690608 2693481 2698968 2700118 2702683 2705240 2707004 2708367 2709543 2710846 2713706 2719896 2720590 2721756 2723228 2726618 2727695 2731127 2731865 2734527 2736388 2739641 2741867 2743492 2745836 2748028 2749136 2751606 2753008 2753496 2754960 2757446 2759382 2762621 2765494 2767781 2769166 2771098 2772194 2773716 2777399 2778537 2779464 2780109 2781308 2781957 2783462 2784686 2786827 2792163 2794113 2794956 2797082 2801647 2802945 2805575 2806864 2807994 2809764 2810590 2812019 2813041 2814642 2816972 2818676 2819446 2820623 2823444 2825512 2827537 2831910 2837142 2840001 2842785 2843504 2845673 2847762 2849717 2852641 2853380 2855049 2856518 2859389 2860570 2864467 2866495 2867416 2868306 2869860 2872360 2874796 2876257 2877182 2878247 2881556 2882653 2886176 2887763 2889421 2890252 2893138 2895790 2898688 2900304 2902907 2904037 2905967 2910176 2910879 2912215 2913324 2916753 2918188 2923016 2928148 2930668 2932275 2933731 2934676 2936795 2937897 2939210 2940030 2942583 2946378 2948816 2950810 2952662 2954129 2956594 2957898 2960836 2963532 2967996 2971063 2975219 2976550 2978241 2979294 2980804 2982501 2983896 2984591 2985588 2988788 2991089 2994097 2995325 2996769 2999887 3001034 3002297 3004052 3007800 3009963 3011210 3012135 3014875 3017698 3018497 3022161 3022995 3025617 3027749 3030155 3032524 3033619 3037517 3040637 3042787 3045743 3047690 3050488 3051655 3055857 3058219 3061156 3063318 3064436 3065503 3066998 3070910 3072534 3073617 3075567 3077401 3079277 3080931 3082898 3085236 3087259 3088551 3090205 3093100 3094905 3098425 3101302 3102866 3105762 3107879 3109321 3110670 3111979 3114322 3115101 3116153 3118190 3119963 3122437 3124814 3125549 3126631 3127536 3128804 3130578 3132935 3133880 3137274 3141980 3145061 3146984 3148308 3150949 3153432 3157332 3159468 3164504 3166305 3167002 3168917 3171396 3172734 3174477 3175727 3177575 3178535 3180956 3183167 3184399 3186002 3189153 3192240 3195289 3196732 3198957 3200038 3203228 3205660 3207008 3211206 3213287 3214054 3216283 3218383 3222060 3223013 3224211 3226119 3227256 3229015 3231094 3232503 3233372 3235055 3235613 3236402 3238792 3241677 3242755 3244373 3245722 3247616 3249097 3249858 3250626 3253996 3255632 3256579 3257748 3258786 3260104 3260745 3263509 3267251 3269653 3272153 3275267 3277321 3278147 3278756 3281247 3283579 3288743 3292115 3294800 3297460 3298822 3300152 3303054 3305758 3307800 3309205 3310138 3311231 3312530 3317232 3318219 3319074 3320343 3322915 3325845 3326560 3329738 3331365 3332619 3333935 3335336 3336448 3338649 3339715 3341315 3342746 3344076 3345125 3346301 3348163 3351112 3351947 3353011 3356845 3357772 3358522 3359315 3361009 3362754 3364015 3365836 3367250 3370638 3372660 3374174 3375946 3379608 3380691 3382341 3383309 3384031 3385388 3386488 3388055 3388913 3390165 3391122 3392728 3395032 3397368 3398230 3398984 3401116 3402935 3403833 3405292 3405764 3407007 3409240 3410299 3411896 3413314 3416356 3417180 3419141 3421600 3423875 3425439 3426865 3430613 3432545 3435745 3436976 3437911 3440830 3441824 3443565 3448117 3449012 3451244 3451923 3455443 3456192 3459411 3461771 3463016 3463929 3465421 3467916 3469934 3470845 3472661 3474699 3475423 3477144 3478208 3478755 3480075 3481291 3482108 3483671 3485015 3486983 3488585 3490834 3492547 3495705 3497064 3499450 3500449 3503704 3505920 3508953 3509894 3512498 3515567 3516676 3519443 3520154 3522322 3526762 3528929 3529809 3530920 3532583 3533676 3536332 3538147 3538890 3541176 3543105 3543948 3546176 3548326 3549278 3551300 3552916 3556014 3559039 3559701 3560631 3562814 3563846 3565163 3568292 3569377 3570718 3573133 3574487 3575865 3576847 3578081 3578836 3580836 3583860 3585268 3587395 3589131 3591344 3592642 3593860 3594789 3595919 3598119 3600046 3602746 3603541 3606328 3608780 3609906 3611513 3615273 3622626 3624073 3625197 3626557 3628551 3629566 3631662 3632641 3633890 3636298 3638202 3641357 3643437 3645508 3647260 3649355 3650233 3651371 3654093 3655587 3656331 3658178 3658987 3659760 3660578 3665815 3668520 3671179 3673582 3676782 3678808 3680154 3681598 3683159 3689658 3693277 3694998 3697598 3701651 3705483 3706821 3707610 3710400 3712150 3715832 3716967 3718165 3719614 3721410 3722971 3724119 3727195 3729129 3732137 3734255 3737611 3739180 3742478 3743473 3744420 3746254 3747231 3749776 3751483 3753981 3756018 3757561 3759302 3763311 3765091 3767433 3768479 3770013 3773170 3779662 3785176 3787525 3790142 3791016 3793740 3794752 3795347 3797364 3798488 3799167 3800241 3802015 3803726 3804838 3806125 3807579 3809325 3810452 3811442 3815161 3816457 3818123 3824411 3826283 3828638 3833100 3836301 3838212 3838919 3839634 3841019 3842269 3844331 3845947 3848816 3850815 3853932 3856544 3857367 3859761 3860963 3861977 3865686 3867300 3868234 3870575 3872505 3873770 3879221 3880061 3882443 3884830 3885878 3887217 3887981 3891570 3892348 3894040 3894969 3896682 3898842 3900133 3903163 3906576 3908960 3910447 3911953 3915078 3916686 3918486 3919184 3920097 3921030 3922295 3923830 3927679 3928894 3932276 3939162 3941778 3942734 3943898 3944591 3947254 3948071 3950021 3951660 3952731 3953555 3954564 3956345 3957618 3961475 3962763 3964069 3966696 3968832 3970531 3973190 3975386 3976478 3977992 3978778 3980120 3982278 3984788 3989314 3991257 3993645 3994334 3996886 3998306 3999181 4004389 4011426 4012861 4013548 4018371 4019313 4024794 4026056 4027019 4029885 4031841 4036889 4037720 4041257 4043539 4046506 4050154 4051624 4053438 4054801 4056644 4057788 4059017 4066774 4067649 4070344 4074286 4075415 4078175 4079446 4080722 4082757 4083893 4087472 4088606 4090364 4091779 4092515 4093319 4094018 4097208 4098302 4099847 4103032 4105510 4106565 4108816 4111387 4112341 4113587 4116217 4119591 4121891 4123366 4125180 4127611 4129077 4130153 4131621 4132702 4134460 4135604 4138352 4140685 4141910 4142952 4144288 4147189 4149794 4151736 4154550 4155207 4156631 4160745 4162848 4163973 4166460 4168400 4169163 4171396 4174490 4178713 4181379 4183474 4186292 4188758 4190029 4190725 4191527 4194453 4196098 4197657 4199135 4200536 4202308 4203251 4205328 4207710 4211567 4213824 4215847 4217437 4219364 4221463 4222118 4224367 4226105 4226797 4228873 4230741 4232937 4234229 4237252 4238813 4242053 4243297 4245751 4247286 4248219 4249557 4251349 4254218 4255274 4256139 4256782 4257893 4259527 4261167 4263453 4265116 4266173 4268723 4270254 4271947 4276276 4277912 4279361 4280575 4281580 4283392 4284359 4285701 4286314 4287262 4289233 4292031 4293406 4295802 4296834 4297591 4298508 4299600 4301313 4304287 4306290 4307552 4308273 4310082 4311372 4313057 4314897 4316784 4318343 4319884 4323746 4324993 4327629 4331221 4332983 4334169 4335796 4337615 4340888 4343505 4345515 4346958 4349404 4350598 4351757 4352972 4355918 4356810 4362220 4363205 4366247 4366955 4368268 4369937 4371739 4375287 4376850 4377564 4379240 4380000 4381561 4382519 4383195 4385232 4386083 4390046 4391296 4391966 4392883 4395241 4397286 4398552 4401606 4403837 4404755 4406546 4407682 4409339 4410193 4411397 4412914 4416217 4419469 4423766 4429951 4431248 4433386 4434874 4439778 4442436 4446209 4448048 4449687 4450889 4453737 4455802 4457208 4459987 4462176 4469358 4470594 4473366 4475130 4477068 4478154 4481775 4483397 4485488 4486713 4490609 4492952 4495404 4496897 4498254 4499874 4501745 4504215 4505613 4507721 4509365 4510744 4511787 4513599 4517622 4518475 4519390 4520560 4523365 4527411 4529537 4532924 4535315 4539036 4540231 4541418 4543094 4544662 4545957 4548982 4550942 4552583 4553618 4554330 4557030 4559409 4560705 4563375 4565033 4567475 4569041 4571501 4572487 4574116 4575208 4576625 4577711 4579159 4580273 4581988 4591693 4592933 4594858 4595533 4597089 4598330 4599287 4603194 4604752 4606416 4608931 4609902 4610983 4614253 4618590 4619765 4621304 4623434 4625090 4627176 4630381 4632050 4632838 4634114 4635205 4636227 4638010 4643589 4644593 4645619 4648477 4650530 4652683 4654893 4656027 4657264 4658093 4659374 4660286 4661259 4663800 4664575 4665952 4666837 4672851 4677531 4678273 4682221 4683280 4684720 4687358 4689304 4690236 4692443 4694335 4696056 4697444 4698310 4699611 4702468 4703376 4705765 4710062 4711960 4713142 4714291 4717006 4717958 4722440 4723236 4723887 4725401 4726497 4729874 4731479 4732830 4735260 4736574 4737833 4738938 4740688 4741841 4744329 4745200 4746212 4749366 4750470 4751613 4753321 4756182 4759085 4759995 4760851 4764099 4765161 4766643 4767705 4770387 4771416 4773640 4776431 4778100 4781822 4783738 4784435 4787564 4789082 4795147 4797193 4799084 4800559 4802971 4804353 4805127 4805967 4807121 4809062 4812939 4814106 4815073 4816150 4822196 4823176 4824603 4825357 4829927 4831190 4832364 4835735 4838321 4840778 4843164 4843928 4845822 4847649 4849105 4850561 4852224 4854687 4856121 4857150 4858795 4868732 4871408 4872370 4873453 4876007 4876962 4878000 4879610 4881717 4883195 4886065 4886989 4887848 4890959 4893542 4896079 4900344 4902995 4904597 4906402 4907452 4909508 4914126 4916829 4922295 4924917 4928927 4930182 4931022 4931715 4932870 4934264 4935645 4937817 4940146 4942009 4942985 4943978 4944660 4948235 4949418 4950149 4951387 4952521 4955871 4956764 4957860 4958895 4960456 4961498 4963386 4965265 4965984 4968124 4971090 4972168 4973159 4974573 4977425 4978863 4979892 4982465 4983672 4984626 4985936 4987334 4989717 4991066 4992327 4995659 4996441 4999971 5002963 5005107 5006484 5007535 5008697 5009902 5012550 5013682 5015609 5018373 5021179 5024142 5025559 5026733 5028358 5029357 5030571 5031526 5033671 5036595 5037720 5038667 5042342 5043549 5045615 5048887 5050654 5051358 5052663 5055322 5056533 5057856 5061832 5063279 5064088 5065746 5066856 5068460 5070891 5073251 5079980 5081736 5086668 5088073 5094148 5095366 5099533 5102440 5106171 5106946 5107997 5111054 5112880 5114666 5117483 5119970 5120985 5122987 5124194 5126162 5129397 5130345 5131811 5133689 5136024 5141791 5145246 5147250 5148281 5149311 5151524 5155857 5157154 5159276 5162090 5162900 5165083 5167063 5168036 5169709 5171544 5172848 5176220 5177249 5178416 5180994 5182217 5184506 5188067 5188751 5190264 5191307 5193126 5194764 5196338 5198562 5201899 5203363 5205408 5207256 5208947 5213256 5214510 5216373 5218314 5220349 5222953 5224248 5227565 5228618 5230205 5231445 5232199 5233397 5234501 5235730 5238027 5239457 5242448 5244411 5245602 5252373 5254277 5255695 5257137 5257954 5259240 5261296 5262452 5264128 5265934 5268057 5269860 5273536 5275155 5275836 5277778 5280462 5281521 5283353 5285567 5288873 5290284 5291678 5293691 5295683 5300181 5301240 5304676 5310874 5312749 5315303 5316728 5318620 5321099 5323800 5324559 5325907 5327083 5329729 5332206 5335727 5338801 5343334 5348503 5349890 5352899 5353566 5354874 5356697 5363546 5365340 5366969 5367938 5368793 5371092 5373912 5376068 5377586 5379183 5381282 5382319 5384125 5385883 5388018 5388877 5389775 5391828 5393077 5394126 5395930 5400339 5402568 5403561 5404608 5405927 5407448 5408987 5410083 5411091 5414054 5415862 5417619 5419372 5420369 5422813 5423901 5425067 5427968 5428654 5431356 5432356 5432970 5435682 5437040 5440018 5443635 5445376 5447053 5450699 5452448 5453660 5455886 5460383 5463614 5465482 5466640 5467884 5470456 5471841 5472743 5477236 5479547 5483495 5484994 5486076 5487780 5489100 5491226 5492006 5492742 5494527 5497795 5499025 5500299 5503074 5503989 5504870 5505731 5506374 5507406 5514198 5515322 5516172 5517546 5523822 5526378 5528208 5529708 5533027 5533617 5535124 5536706 5538610 5540977 5543017 5544450 5545056 5548979 5551823 5553168 5554351 5555193 5556308 5557662 5559403 5560994 5563461 5564846 5567090 5569016 5571257 5573059 5574314 5575173 5576862 5578973 5580214 5582983 5584932 5586024 5588577 5590368 5593183 5593976 5595061 5597512 5599411 5604238 5604858 5607696 5612267 5613887 5618131 5620265 5624928 5625638 5627637 5630618 5633237 5637636 5638817 5643147 5645144 5645963 5647596 5648637 5649766 5651931 5653692 5656099 5660848 5662907 5664455 5667187 5669579 5671454 5677541 5678215 5679448 5681786 5682362 5684562 5687037 5688897 5690626 5691536 5692321 5693165 5693979 5698447 5699508 5700753 5702455 5703689 5704540 5707703 5710403 5711925 5713597 5714147 5718881 5720205 5722718 5724061 5725318 5728897 5731704 5732656 5734318 5737191 5738415 5739334 5740834 5741909 5747024 5748794 5750279 5754625 5756812 5758408 5760001 5762510 5763404 5764794 5766762 5768061 5769647 5772734 5774427 5776143 5779527 5780876 5782165 5783525 5784649 5787182 5790418 5793774 5796007 5796863 5797746 5801023 5802478 5803409 5808156 5809741 5810566 5811269 5812948 5814335 5815867 5816955 5817470 5820132 5822278 5824931 5827780 5830053 5831284 5833481 5836158 5837424 5839572 5842396 5845311 5846931 5848588 5850680 5853957 5855475 5858186 5859219 5860147 5861767 5862869 5869125 5873450 5874603 5879048 5881150 5886938 5887755 5888349 5889686 5890663 5892016 5894365 5896087 5899144 5900991 5902485 5905943 5907092 5908804 5910326 5912258 5915091 5916270 5917171 5920506 5922174 5923537 5926883 5927757 5928777 5929973 5933041 5935086 5937166 5938426 5939495 5941679 5944491 5947834 5950101 5951534 5955225 5959821 5964451 5966424 5970369 5971204 5972061 5973087 5974645 5975800 5979554 5982138 5984150 5987212 5988756 5990120 5992661 5996465 5998810 5999686 6001041 6002084 6003567 6004698 6006216 6007248 6010126 6011015 6012291 6013104 6014394 6019081 6020384 6024111 6026834 6027846 6029283 6031891 6034216 6035365 6041245 6043227 6045895 6047031 6048342 6052440 6053412 6054629 6055548 6056404 6058272 6060006 6064830 6066796 6068586 6070752 6071724 6073401 6075940 6077215 6079068 6080378 6082856 6083990 6087271 6090869 6092057 6093580 6095132 6097089 6098834 6102388 6104605 6105413 6106544 6107080 6109689 6111614 6112596 6114372 6115891 6117086 6119231 6120204 6123806 6126293 6127056 6128901 6129657 6131390 6133619 6134371 6135165 6137625 6138397 6139880 6142191 6143878 6145572 6146554 6149947 6151779 6153179 6154510 6155414 6156354 6158013 6160506 6161980 6164045 6164906 6168172 6168951 6170428 6171444 6174607 6175737 6176849 6178377 6179810 6181113 6181841 6183702 6186759 6188057 6196789 6198076 6205336 6210963 6213075 6213667 6216104 6218319 6219484 6221166 6223121 6224504 6226195 6227532 6230575 6232304 6233746 6238712 6239399 6243162 6244195 6246446 6248004 6249470 6251111 6255074 6256512 6257645 6259987 6261454 6262236 6263432 6267151 6268321 6268846 6270425 6272222 6273275 6275138 6276384 6279095 6280119 6281014 6282466 6283865 6287461 6288533 6289380 6290055 6292688 6297525 6299813 6302415 6303746 6305663 6306655 6307524 6308522 6309255 6311168 6312050 6317591 6318566 6319956 6321587 6324176 6325038 6326407 6328066 6329383 6332991 6334477 6336697 6339343 6340810 6345195 6346908 6348640 6349497 6351675 6357310 6359668 6362021 6363026 6363782 6365458 6366291 6368123 6373106 6377548 6379465 6381059 6384254 6386160 6386862 6387541 6389863 6390691 6391893 6394357 6397328 6398662 6399277 6403056 6405659 6407020 6409203 6411244 6412484 6413866 6415843 6416745 6417739 6420084 6421240 6422160 6423320 6430298 6434535 6436304 6439668 6441361 6442606 6444256 6449802 6451583 6452488 6453943 6454853 6455895 6456665 6457496 6459089 6460802 6463206 6464574 6465370 6466911 6467668 6469519 6471100 6473523 6474719 6477757 6478949 6480320 6481104 6482573 6483385 6485512 6487320 6488278 6489054 6491905 6495203 6496354 6497195 6498449 6499828 6501560 6502493 6505972 6508069 6510661 6513501 6515892 6516939 6517899 6519775 6520988 6523807 6525788 6527737 6529220 6530558 6533598 6534362 6535518 6537816 6539228 6540660 6542538 6545748 6547020 6548865 6555657 6557155 6558000 6559448 6563276 6564497 6567397 6569370 6570458 6572587 6573300 6575382 6576172 6577684 6579421 6581001 6581610 6583126 6584064 6586101 6589090 6591007 6592741 6593871 6596229 6597152 6599446 6600869 6601786 6604031 6606491 6607754 6610535 6611647 6614049 6616080 6617527 6618766 6619790 6620895 6623229 6624160 6625099 6626530 6628801 6630470 6631920 6637315 6638291 6640265 6641130 6642232 6643223 6646474 6648552 6649211 6651189 6652287 6654298 6655343 6658786 6661148 6661747 6664521 6666183 6666760 6667228 6669061 6670791 6671682 6674367 6675590 6677628 6679467 6681668 6682857 6684507 6685888 6686715 6688202 6689634 6690970 6691688 6692863 6694047 6694559 6696333 6698132 6699114 6700970 6702535 6704828 6707690 6709743 6710728 6713081 6714615 6716276 6717474 6718761 6720291 6721980 6724022 6725412 6726963 6727934 6729024 6730743 6731966 6736423 6738640 6740701 6741953 6743633 6745925 6750462 6751735 6755734 6756782 6758972 6759942 6763049 6764693 6767585 6768932 6771739 6772742 6773826 6774959 6776285 6777965 6779140 6780368 6783480 6785552 6787001 6788628 6791076 6791860 6795269 6798990 6799986 6802115 6804605 6806307 6807126 6808794 6809993 6810983 6816048 6818307 6818956 6819935 6821301 6823816 6826558 6827717 6829334 6833026 6834875 6839225 6841101 6843076 6844449 6846879 6850045 6851181 6853288 6855668 6857300 6859467 6860721 6863153 6864306 6867917 6870090 6873429 6876114 6876690 6880182 6883466 6885353 6887226 6889515 6894065 6896205 6897616 6898956 6900436 6901842 6902703 6904297 6906010 6906967 6909973 6911314 6913915 6915823 6918583 6919588 6921085 6924900 6925801 6926905 6933032 6934147 6935965 6937538 6940037 6942069 6944569 6946493 6949575 6950537 6951556 6954258 6961339 6963764 6966920 6968956 6969904 6975629 6976588 6977807 6978686 6980964 6983093 6986235 6987120 6988180 6990116 6991791 6992460 6996706 6999963 7001266 7002335 7004055 7005530 7006703 7007644 7009490 7010555 7011534 7012966 7015171 7018654 7019394 7021031 7022151 7023544 7024403 7025646 7026884 7028323 7029193 7030816 7033560 7034760 7036353 7037788 7040364 7042488 7043550 7045784 7050848 7052275 7056189 7059541 7062164 7065528 7067520 7070283 7072190 7072836 7073812 7077148 7080557 7083208 7084577 7085951 7088048 7090268 7092128 7093545 7096488 7098253 7100102 7102393 7103189 7106882 7108710 7110505 7111538 7113115 7114523 7116705 7118652 7122212 7124123 7125501 7127332 7128999 7130347 7131435 7132777 7134298 7139932 7142425 7144511 7145652 7147004 7149420 7150425 7152363 7153765 7155248 7156504 7157476 7159067 7160807 7162311 7163641 7165656 7173052 7174465 7177568 7178154 7179957 7181978 7183922 7185328 7187781 7188910 7191914 7193342 7195762 7196521 7197601 7202605 7203291 7204539 7206540 7208038 7210069 7211031 7213661 7214410 7215111 7217172 7218184 7220375 7223078 7224252 7225101 7227378 7228421 7231178 7231853 7237373 7239152 7243513 7244264 7249508 7251593 7255197 7257040 7258081 7259338 7259985 7262688 7265990 7267281 7268728 7270627 7272688 7274447 7280270 7281342 7283358 7284498 7287835 7290757 7292458 7295051 7296269 7301115 7302667 7303358 7304828 7307442 7309349 7310701 7311549 7314040 7314666 7315552 7316501 7319717 7321097 7323055 7323961 7325882 7327132 7329611 7332074 7333342 7338276 7339751 7341133 7342609 7343788 7348087 7348941 7350748 7352077 7352632 7354253 7356436 7358547 7362793 7364850 7366928 7368398 7369972 7371247 7373214 7374416 7375641 7379537 7380542 7381752 7382861 7383518 7384033 7384990 7386071 7391226 7392093 7393082 7393660 7397306 7399251 7400795 7402038 7402759 7404773 7405627 7408166 7409559 7411567 7413488 7414492 7415793 7416841 7419243 7420921 7422219 7423734 7424567 7427532 7428655 7429254 7432186 7434825 7439970 7441061 7442835 7444024 7445076 7449690 7450831 7451666 7455375 7456758 7459891 7461025 7462420 7464097 7466008 7467176 7468382 7470467 7470873 7472496 7474808 7476599 7478223 7479022 7481209 7482915 7485899 7488336 7490464 7491841 7493686 7496448 7498057 7503607 7504498 7506504 7508282 7509161 7511864 7513100 7515667 7517064 7518203 7522710 7523837 7524830 7527758 7529890 7531196 7533184 7535162 7537207 7538790 7544340 7545866 7548467 7553700 7555545 7556956 7557940 7560528 7563670 7564978 7566862 7568248 7569366 7570142 7572966 7573969 7575391 7577026 7580184 7580712 7583234 7584446 7586296 7587702 7589788 7592885 7593653 7595124 7596660 7598962 7599970 7600817 7602501 7604241 7606763 7610697 7617564 7619026 7620412 7622077 7628635 7630900 7632738 7634638 7640721 7643092 7644934 7645434 7646731 7649881 7651025 7652587 7653431 7654122 7654909 7655915 7660418 7662389 7664996 7667840 7670103 7675943 7677668 7680437 7684174 7687864 7689698 7691348 7692647 7694293 7698166 7699402 7701226 7702077 7706001 7707927 7712703 7714321 7715715 7719060 7721303 7722193 7724036 7726474 7727297 7727996 7733744 7734724 7738998 7741300 7742957 7743880 7745408 7747223 7749868 7754770 7758073 7759953 7761464 7764757 7766586 7767809 7768861 7769677 7771082 7772890 7774818 7776292 7779570 7783692 7784447 7785417 7788961 7789835 7790827 7792053 7793958 7796193 7798277 7800168 7801971 7806998 7809035 7810389 7814756 7815805 7817097 7821752 7823304 7824180 7825800 7826652 7827708 7829944 7832550 7836361 7839337 7840925 7841886 7842458 7845367 7846109 7848287 7849379 7853031 7855741 7858636 7862350 7863558 7868693 7870323 7872432 7874106 7875157 7877337 7878601 7881963 7883708 7884731 7886135 7886776 7888234 7889625 7891114 7892423 7893060 7894217 7895610 7896974 7899373 7900125 7901063 7903026 7904172 7906439 7907112 7909094 7910012 7912526 7914137 7915013 7915881 7916628 7917810 7919185 7920533 7921067 7924442 7928422 7930733 7932285 7935503 7937121 7938765 7939514 7940543 7944123 7945590 7947613 7949367 7951125 7952946 7954182 7955736 7959912 7961633 7966489 7967303 7968434 7972486 7973561 7975719 7978379 7979542 7981945 7983954 7985330 7989961 7992977 7994889 7998775 8001081 8002973 8004561 8005513 8006809 8007518 8011006 8013321 8016428 8017084 8018330 8020312 8021599 8023754 8024363 8027912 8028977 8030105 8033042 8035000 8037635 8039451 8041942 8043284 8044624 8048732 8051943 8052726 8055233 8056489 8057890 8060448 8061959 8062867 8063610 8065258 8066130 8068243 8071037 8072230 8073210 8074080 8075627 8077455 8078600 8080308 8082672 8084111 8085010 8086182 8089148 8091858 8093483 8095096 8095914 8099580 8103487 8106911 8108238 8110269 8111244 8113304 8115330 8117459 8119009 8122059 8122923 8124239 8127767 8129219 8129656 8131591 8133386 8134523 8135099 8135700 8139647 8140830 8143298 8144099 8148256 8149634 8150775 8154580 8156314 8159737 8162265 8163715 8165025 8165874 8167574 8170450 8172503 8174046 8175756 8176592 8179263 8181392 8182879 8183783 8185200 8187319 8188179 8188784 8189796 8193707 8196470 8197447 8199408 8200912 8202948 8204100 8207157 8208294 8209287 8210507 8212725 8213893 8214542 8217908 8219289 8222115 8223218 8223996 8225850 8227497 8228309 8232815 8235742 8238224 8240214 8241527 8244041 8244892 8249378 8252348 8254445 8256366 8257344 8262580 8264152 8264989 8265671 8267251 8267966 8269045 8271669 8272463 8273614 8275192 8276645 8277420 8279399 8282206 8284489 8285384 8286582 8289027 8290595 8291698 8292749 8295012 8296219 8297666 8298868 8304237 8306555 8309791 8311160 8313113 8316214 8318261 8321796 8323489 8325838 8327219 8328808 8329652 8330736 8334731 8336192 8339519 8342853 8344250 8345080 8346381 8348201 8349601 8352456 8356205 8359184 8361451 8363237 8364056 8369358 8370536 8373283 8374144 8375463 8376435 8381412 8382220 8383077 8383698 8384780 8386389 8390589 8392747 8395040 8397468 8401861 8403092 8404365 8406116 8407167 8408912 8410722 8412792 8413778 8416246 8417666 8419514 8421409 8423614 8424275 8425666 8426910 8429098 8430746 8432525 8433311 8434378 8435590 8438808 8439550 8440848 8442500 8444787 8446645 8448368 8449495 8450520 8452081 8453364 8455499 8457524 8459422 8460985 8461672 8462502 8465115 8467102 8470145 8471796 8473266 8474319 8475535 8476803 8478100 8479063 8480407 8482678 8484151 8485020 8487055 8487795 8489939 8491181 8494350 8495168 8496284 8497065 8498707 8500085 8501649 8503444 8508506 8510607 8513167 8514733 8515490 8516713 8520184 8521434 8524393 8526066 8528457 8532964 8535129 8540214 8540991 8542273 8545170 8546530 8548336 8552459 8555425 8556861 8557699 8558615 8561849 8563858 8564646 8566471 8568941 8570760 8572859 8574435 8576184 8579785 8580417 8584030 8585914 8587095 8588991 8591362 8592284 8595595 8597415 8598284 8599328 8601918 8603467 8604507 8605946 8607249 8610496 8612594 8615104 8616744 8618450 8621258 8623177 8626239 8628405 8630198 8631552 8633801 8635132 8636846 8637717 8642708 8645358 8646152 8647152 8648104 8652324 8654682 8657695 8661098 8662473 8664238 8665557 8666759 8667818 8668969 8670317 8675207 8677534 8684069 8685115 8687618 8689119 8690754 8691613 8692582 8694213 8696364 8697477 8698505 8700228 8701065 8702843 8704194 8706692 8707487 8708332 8710807 8713758 8719094 8722571 8724293 8726200 8727387 8731846 8734986 8736129 8737886 8739982 8741309 8742544 8745396 8748572 8749853 8755952 8758479 8759982 8760897 8768978 8773081 8775030 8777331 8779542 8780930 8782330 8783926 8784979 8785954 8787200 8788813 8789805 8790460 8791726 8792999 8794017 8795071 8795828 8797956 8801800 8802938 8804616 8807110 8811057 8815452 8818038 8819168 8820798 8823583 8826581 8828944 8830410 8832393 8834814 8836303 8837996 8841079 8841965 8845229 8846968 8848371 8849167 8850557 8852474 8854571 8857573 8859602 8861336 8862493 8864559 8866875 8870558 8872951 8873667 8875842 8885796 8888629 8891676 8893248 8894697 8897072 8898611 8900366 8901242 8905422 8907408 8908533 8909621 8911441 8914109 8918058 8919926 8920690 8924012 8927640 8928808 8929566 8932048 8932862 8934888 8936538 8937694 8938681 8940335 8941900 8943943 8948416 8949265 8950598 8952792 8956091 8958618 8959949 8960970 8962951 8964881 8966143 8967353 8972906 8975447 8977737 8978595 8980851 8982544 8985167 8985966 8988798 8989851 8993976 8996632 8997797 8998802 9000015 9002295 9003662 9008194 9009152 9011571 9012308 9014002 9014764 9017225 9018426 9020808 9022528 9023750 9025138 9027723 9028903 9031480 9032993 9036026 9041126 9043680 9044701 9049939 9050844 9053288 9054282 9055245 9057696 9059502 9061490 9064371 9066575 9068631 9070427 9071850 9072674 9074183 9075381 9078728 9082104 9082974 9084498 9085573 9087338 9088104 9089150 9090506 9091219 9093241 9096211 9097274 9098800 9100058 9100856 9101567 9103448 9104292 9105149 9106299 9107329 9108996 9110052 9113816 9115371 9116499 9117513 9120324 9123244 9124506 9127083 9132433 9134890 9136725 9138657 9142899 9144030 9144854 9146006 9150351 9153464 9154138 9160877 9162650 9163972 9165271 9167657 9168264 9169068 9170086 9171372 9172953 9176599 9177381 9179913 9182555 9184287 9186002 9187315 9189785 9190565 9192268 9193229 9194569 9196654 9198229 9199011 9200049 9209561 9210801 9214497 9215548 9216703 9220579 9222335 9225116 9226141 9226924 9230547 9233314 9235073 9238343 9239560 9240396 9241490 9244059 9245406 9246610 9248786 9252138 9252798 9253813 9256885 9262034 9263081 9264213 9265134 9269999 9271896 9276406 9277343 9278230 9279938 9281028 9283345 9284339 9286922 9287963 9289463 9291565 9298877 9301864 9304672 9307033 9309060 9309943 9311295 9312528 9315515 9319263 9321291 9324224 9327986 9329045 9332399 9334213 9337685 9338823 9340069 9341268 9342847 9345342 9346844 9348042 9349128 9352739 9353954 9357069 9358985 9360981 9363656 9365176 9366136 9368668 9369543 9370412 9371294 9372430 9375251 9376037 9377158 9379154 9381407 9382667 9383850 9384804 9386518 9387425 9388391 9389769 9391667 9392986 9393645 9395232 9399349 9403270 9406556 9407494 9410980 9413816 9414567 9416032 9416971 9417959 9418830 9421137 9421971 9422902 9423983 9425785 9427821 9430782 9431685 9432984 9438575 9439631 9442651 9445297 9447221 9449191 9452419 9454861 9456130 9459506 9461041 9462025 9463467 9466234 9468888 9470863 9473303 9475030 9476171 9480509 9482047 9484326 9485464 9487696 9490131 9491244 9492921 9495986 9499503 9501866 9506368 9507283 9508079 9510290 9511434 9515214 9516381 9518224 9519445 9520410 9524855 9527326 9528110 9529683 9530503 9531754 9534437 9536145 9537847 9542128 9543872 9546093 9547480 9549572 9550522 9551686 9553671 9555524 9557086 9559628 9560935 9562470 9564094 9568616 9570969 9572080 9573452 9575503 9577101 9580735 9582306 9584279 9586270 9588962 9590160 9590746 9591649 9592968 9593992 9595428 9596099 9597133 9600320 9600923 9602842 9603691 9605191 9605776 9607185 9608420 9612903 9614497 9616321 9617178 9618352 9619604 9620472 9621131 9623410 9624641 9627815 9630538 9631451 9632131 9633285 9636234 9639550 9640934 9642338 9647480 9649498 9651607 9654422 9655923 9657616 9658702 9660318 9661760 9663277 9665121 9668253 9670487 9673480 9675049 9677083 9678366 9681502 9683208 9684340 9686767 9688103 9689558 9690564 9692523 9694668 9698143 9700029 9703618 9706081 9709085 9710356 9713384 9714235 9714952 9717225 9717823 9719175 9719912 9720987 9723185 9725422 9726562 9727863 9729782 9731857 9732841 9734255 9736464 9740215 9741746 9743394 9745805 9746810 9748120 9750324 9752445 9753763 9755407 9756769 9760802 9762750 9765712 9766818 9768316 9772358 9773533 9774159 9775520 9776693 9777855 9779319 9780845 9784000 9785051 9787505 9789742 9790368 9791316 9792450 9798527 9799864 9801065 9803207 9804383 9805295 9810228 9810858 9813853 9815044 9818136 9818789 9820419 9821237 9823070 9825499 9826820 9828159 9829549 9831479 9833098 9834859 9836173 9838295 9841148 9841860 9844304 9848376 9849319 9851494 9853734 9858587 9859605 9861886 9862815 9863523 9866274 9867989 9871922 9873068 9874084 9877144 9878583 9879539 9880851 9882461 9884125 9885230 9886472 9887363 9889054 9890238 9891347 9893104 9895791 9896871 9899865 9902237 9903776 9905430 9907505 9909899 9912563 9913762 9917321 9921079 9922646 9929042 9931513 9934301 9936425 9938408 9939863 9942717 9943523 9945001 9947652 9949513 9950085 9951485 9953137 9954238 9955181 9955638 9957245 9963425 9964159 9965913 9968015 9969489 9971085 9972405 9975105 9976957 9978138 9979848 9981895 9982884 9987112 9988163 9990722 9997130 9998219 
</Matrix>
<Matrix name="Neuron_131" type="complete" rows="1" columns="4819" multiplier="1.0">
   2797 5476 9482 10499 14621 15721 18381 22608 26112 28797 31302 32242 33677 34532 37588 41336 42582 46439 49669 51571 52883 53754 56323 57294 60096 61306 62285 63565 64699 66903 68235 70519 72562 74604 76219 78227 79281 82345 86623 90706 91248 94568 98943 100865 102803 107086 109231 114356 115367 117017 119809 122900 123887 125084 128909 130111 134637 135794 137112 139420 141021 144720 146012 148273 149920 151879 153041 154564 160131 162133 164453 166935 170156 171262 172353 173237 174024 175526 177179 179452 182455 183953 188545 192985 193874 195183 196405 197743 199976 200973 203631 204425 206541 208739 209478 210824 215146 217020 218724 221040 221955 223082 224931 227689 228994 230211 232004 235016 236823 237516 238995 241408 242947 244090 246678 247428 248722 250113 251402 252342 253045 254732 256852 257688 258564 259785 261050 263087 264275 266091 266851 271812 273709 274689 277562 279507 283094 285409 286398 287697 289230 291893 292816 295552 296953 300494 307526 310297 314302 316864 318713 320276 321115 322103 323994 326415 328529 330223 332079 333012 335256 336508 337890 339383 341050 343154 343957 350603 351342 353994 355784 356434 359736 360975 361962 363924 365618 367182 369230 370246 371591 374698 375844 377687 379782 381223 383144 384754 386988 388048 389923 391395 392499 394629 397313 399000 401798 403258 406345 407839 410226 411729 414856 416464 418171 419250 423039 425413 426994 429297 432489 434815 436178 437514 438952 440776 442224 443750 445046 446353 448608 450555 451788 455044 457282 459972 460950 463286 465308 465837 467520 468576 469834 471263 472032 474963 476983 482460 484191 485505 487231 489020 490862 491863 494530 495723 496772 498306 500539 504153 505315 506420 507432 510244 512202 515357 518091 519313 521898 524321 525148 527714 530275 531713 532821 533640 534824 537689 538498 539715 542584 544209 546703 555115 557125 558628 560592 561393 562077 562872 563858 565714 568664 570796 573816 574388 575684 577207 580341 582366 583541 584530 586247 587526 590819 592671 594290 595384 597198 598239 599545 600798 602290 603963 606599 607765 609201 613460 614953 616393 617335 621228 622586 623636 626421 627912 629560 636941 641432 646321 647399 648593 649964 653610 654545 655402 656946 659189 660080 661728 663024 663924 665995 667063 668667 669771 671729 678497 679442 681962 682741 684688 685857 687121 688129 692746 695555 697066 698243 702031 703554 704089 705407 708360 710215 712089 713904 715491 717342 717919 718615 719606 722682 723309 725490 729297 730287 731565 733451 735105 736891 738776 741868 746023 747840 750595 752034 754433 756129 759918 761710 762767 765494 766927 770074 771287 773889 774844 776027 777639 781246 781963 784016 784659 786949 788467 790817 792085 794097 795218 797641 801542 802676 806145 810593 811338 812536 813745 816256 817709 824108 827696 828984 829610 831248 833475 834625 837663 838309 839870 841235 845552 846672 848784 850639 851690 852692 856582 858614 861010 862823 863645 865600 867822 870569 872789 876997 878554 888294 890238 891103 892631 896188 898418 902493 903735 904572 908548 911954 913593 915925 917866 919572 922437 924133 925239 927562 930105 931697 932697 933682 935245 936946 937948 939080 940641 942539 944228 945127 946617 948029 949669 952576 954750 957160 957853 959195 960405 962761 966397 968396 971655 973174 974027 975128 976615 977529 979060 983982 987611 991399 992864 994169 995077 995712 997238 1001343 1002461 1004111 1005532 1007210 1017274 1019390 1021606 1022818 1024174 1025817 1026611 1028264 1029827 1031299 1034029 1035498 1037369 1038854 1040961 1042533 1044103 1045627 1049643 1051569 1053136 1054162 1056346 1057185 1059219 1061063 1066605 1067843 1069777 1074803 1075595 1077171 1079183 1080822 1081567 1082916 1085040 1088123 1091776 1094919 1096967 1101644 1103699 1108343 1109488 1109942 1113791 1115455 1120894 1121791 1124528 1128609 1129472 1131836 1134211 1136378 1137312 1139534 1140944 1142283 1144128 1145022 1147961 1148641 1149946 1151390 1152926 1154292 1155356 1156209 1157106 1158460 1159148 1160373 1162429 1165209 1166228 1170669 1173318 1175738 1178010 1179362 1183910 1184806 1185712 1186664 1187621 1189553 1190931 1191644 1194062 1195818 1196704 1203494 1205059 1205796 1208923 1211728 1217664 1219533 1221103 1221976 1223089 1229741 1231576 1233496 1236224 1239222 1240866 1241811 1243290 1245072 1249613 1250506 1252832 1254678 1256135 1257334 1260186 1262576 1263926 1266009 1267816 1273022 1277418 1278439 1281610 1284506 1286193 1286981 1289410 1291455 1292825 1293719 1294966 1296013 1297115 1299519 1301260 1305069 1307895 1308836 1312185 1313652 1315203 1317126 1319369 1321466 1323284 1324141 1326398 1328693 1330069 1332075 1335188 1337578 1339991 1342353 1348449 1354788 1356545 1358776 1360029 1361301 1362347 1365304 1368645 1369941 1371721 1375094 1376007 1380545 1384138 1385133 1386805 1388152 1389639 1392909 1398063 1399499 1400443 1402499 1403394 1407359 1409834 1410832 1412096 1413390 1415434 1416636 1417551 1419875 1422982 1424582 1428514 1431624 1432188 1434677 1435620 1438970 1440052 1441901 1446458 1448993 1454751 1456424 1457479 1459687 1461189 1463247 1464712 1466071 1468010 1468915 1470001 1471023 1472718 1474353 1478484 1479203 1482817 1486638 1487827 1489189 1494009 1495822 1496978 1497804 1498645 1502675 1503947 1508251 1509438 1511110 1517686 1519202 1520273 1521341 1522442 1524242 1527617 1529243 1529993 1531826 1532840 1533444 1534749 1536989 1538680 1539834 1541811 1542785 1544055 1547049 1549835 1553058 1555624 1560876 1563453 1567446 1570109 1572232 1575261 1577585 1583258 1585433 1586525 1590470 1594004 1598619 1599494 1600509 1602880 1605539 1607048 1608990 1613348 1614890 1616192 1617408 1619589 1620806 1624865 1627018 1628349 1628840 1630139 1631987 1633838 1636548 1637932 1639026 1641341 1642315 1644553 1645570 1648004 1650738 1651604 1652795 1654274 1656926 1658382 1659178 1660632 1662595 1665118 1666129 1668410 1672998 1677444 1678206 1679976 1681021 1685926 1687940 1689788 1690798 1691772 1694105 1694860 1696479 1699918 1702877 1704084 1706037 1707765 1708973 1709899 1712657 1713860 1715459 1716915 1718483 1720305 1722863 1724612 1725846 1730991 1732890 1733667 1736161 1739143 1742320 1744160 1745377 1748083 1750013 1751700 1756108 1757030 1760024 1760900 1762507 1765523 1767166 1768729 1770599 1772254 1773521 1774590 1775874 1778052 1779976 1781477 1782204 1782919 1786235 1788674 1789851 1791076 1793172 1794180 1795933 1801283 1802603 1805782 1807898 1810705 1811567 1812685 1817883 1820239 1821961 1825229 1827656 1828901 1830682 1833513 1834409 1835863 1838853 1842344 1844034 1845477 1850087 1851728 1853678 1856566 1859096 1861753 1863384 1867847 1869999 1871005 1872018 1874599 1875490 1878070 1879180 1880329 1881463 1882247 1884190 1885433 1886747 1887910 1888558 1889605 1892551 1893324 1894538 1895391 1897842 1900361 1901867 1903440 1904798 1906300 1913292 1914612 1916245 1917009 1918866 1921432 1923003 1924383 1926045 1927605 1928795 1932737 1935636 1937170 1938559 1940419 1942002 1947460 1948900 1952612 1953734 1955924 1960883 1967533 1969017 1969642 1973805 1977300 1978449 1979306 1983848 1986414 1987759 1988540 1990254 1991789 1996313 1997155 1999488 2002215 2004593 2008136 2009292 2010132 2012745 2013908 2015911 2018130 2019125 2026639 2028132 2029137 2029911 2033425 2035799 2037937 2040535 2041240 2042732 2044896 2047453 2048499 2049061 2051073 2052036 2052970 2054169 2057700 2058664 2059964 2063186 2063858 2064983 2065748 2066922 2067833 2073057 2075169 2077107 2082353 2084552 2085449 2088225 2089019 2091622 2095233 2096936 2099481 2100183 2104697 2106239 2107520 2110981 2114604 2115393 2121388 2124552 2125430 2127470 2128647 2131645 2134626 2136185 2138374 2139708 2140623 2142402 2145339 2147633 2149429 2151060 2153937 2155965 2157336 2160312 2161992 2165894 2167376 2168826 2169749 2172280 2172841 2174452 2175471 2177412 2179967 2181110 2183638 2186142 2191930 2193732 2196162 2197483 2198339 2200846 2203165 2205211 2208012 2210579 2214508 2216381 2217835 2219873 2221843 2223330 2225494 2226995 2228317 2231545 2233659 2235361 2237661 2240880 2244816 2245780 2247790 2249151 2249794 2250962 2252619 2255356 2256766 2259002 2260475 2262189 2264240 2265567 2267047 2270540 2271447 2272547 2273799 2277668 2282417 2285313 2288270 2289283 2289839 2291483 2292149 2293685 2299253 2300310 2304213 2305312 2306846 2307921 2310589 2311620 2312846 2314903 2316065 2316981 2320133 2321357 2322448 2323559 2324573 2328019 2329532 2330579 2332066 2334216 2337423 2339146 2341080 2344783 2346492 2347145 2353501 2354922 2355652 2358348 2359504 2361120 2362068 2365538 2367264 2368358 2369350 2371892 2374315 2377268 2378549 2379912 2381150 2382301 2383935 2384903 2389457 2390617 2391770 2394789 2398551 2399525 2401157 2404485 2405265 2410990 2413740 2415211 2416781 2418035 2419291 2420209 2427679 2429944 2431207 2435137 2436675 2437881 2438657 2441327 2442635 2444574 2449814 2451568 2453646 2454720 2456725 2457997 2458804 2462591 2463599 2464380 2466327 2467395 2470427 2471325 2474353 2475505 2476954 2478415 2479449 2481643 2484166 2486870 2490272 2491829 2498391 2499698 2500595 2502382 2506603 2508688 2512360 2516709 2518660 2520070 2520891 2521614 2522911 2524064 2525479 2526605 2527911 2531597 2533514 2534572 2536743 2538201 2539676 2541987 2542928 2545052 2547812 2548946 2549949 2551400 2552731 2554091 2558557 2561363 2566829 2567848 2568844 2569887 2573739 2574395 2575989 2577722 2579367 2581220 2582906 2586034 2587239 2591565 2594567 2596051 2599239 2601079 2602365 2606134 2607794 2609338 2613055 2616684 2617577 2618521 2620125 2620992 2622496 2624023 2625632 2628794 2631591 2632689 2635100 2635883 2637566 2639210 2641354 2644268 2646006 2647491 2649081 2652933 2656217 2657754 2663355 2665763 2667086 2670225 2671957 2672774 2673367 2674251 2676757 2677949 2681178 2683051 2684051 2685263 2686106 2687846 2691582 2693507 2696121 2698034 2700629 2704482 2706746 2707918 2711727 2714525 2715873 2717287 2718681 2722897 2724272 2726684 2728637 2730526 2732076 2733633 2736790 2737559 2742333 2747257 2752125 2753444 2754853 2756764 2758429 2760559 2762519 2767774 2769082 2771339 2772579 2773449 2774306 2775618 2776502 2778529 2779079 2779918 2785448 2787403 2788907 2791516 2792463 2793858 2797816 2798700 2802430 2803678 2806372 2808498 2809584 2812229 2813441 2815281 2816234 2817367 2820921 2823145 2824356 2826693 2828659 2831346 2833201 2834183 2835308 2837381 2839289 2840590 2842150 2842910 2848077 2849945 2852455 2853689 2856659 2857440 2860173 2862439 2865148 2865877 2868266 2870133 2870968 2874367 2875841 2878723 2879484 2882998 2883921 2885410 2888274 2889512 2890859 2891705 2893295 2896444 2899116 2903098 2905824 2907406 2908733 2910059 2911359 2913401 2914975 2915644 2916946 2918298 2920135 2921738 2923210 2924857 2926342 2928241 2929813 2932818 2934032 2934953 2936247 2938369 2941482 2942802 2947771 2948745 2950258 2953893 2955924 2958418 2960466 2962661 2964909 2967066 2968757 2970222 2971755 2975301 2977097 2979145 2980430 2985086 2987201 2988458 2989330 2991982 2994593 2998069 2999529 3000405 3003407 3004348 3008578 3009394 3011107 3012236 3013349 3014686 3016281 3018952 3022782 3025969 3027104 3028672 3030019 3031804 3032689 3039875 3043229 3044370 3046017 3046800 3048168 3049360 3050258 3051933 3053023 3054640 3056711 3057671 3058419 3059730 3062250 3063802 3067217 3072525 3074036 3077150 3080579 3081580 3083307 3084917 3087629 3088574 3089722 3091591 3093344 3095363 3097525 3098429 3101588 3103004 3104292 3105692 3107432 3108982 3111803 3117226 3121205 3125376 3128188 3130736 3133253 3136615 3139562 3140896 3143212 3144372 3146079 3151195 3153660 3155050 3156254 3157242 3158674 3159486 3162045 3163572 3164524 3166799 3170409 3172000 3173159 3174013 3174799 3175944 3180766 3182143 3184315 3185553 3186684 3187514 3189109 3190518 3191557 3192812 3196752 3199948 3201030 3202856 3206186 3206958 3211104 3215719 3219603 3223384 3225438 3228956 3231394 3232325 3236652 3238151 3239002 3239936 3241444 3243153 3246145 3247941 3250485 3251662 3254284 3256721 3257687 3259119 3262439 3263654 3265504 3268211 3269855 3270686 3271375 3272283 3274490 3275403 3278232 3279186 3280412 3281387 3282787 3284032 3285117 3293204 3295788 3297035 3298514 3301639 3303234 3307171 3308931 3310017 3311194 3313793 3315005 3317857 3320327 3321415 3325086 3327001 3328063 3330469 3331388 3335699 3338014 3338837 3340846 3342107 3343101 3344328 3346172 3347927 3350639 3353950 3354881 3356482 3358454 3360219 3362687 3364505 3365925 3366533 3368270 3370277 3372318 3374415 3376132 3378140 3379208 3381812 3382645 3383420 3385223 3388058 3390009 3392017 3394052 3398494 3401538 3402510 3404417 3407464 3408268 3412404 3414836 3417721 3418822 3419843 3421442 3422862 3423992 3425059 3425751 3428060 3429641 3431186 3432303 3434507 3437623 3443788 3446885 3447710 3449547 3450106 3452775 3455640 3458456 3460078 3461324 3462707 3465304 3466178 3469623 3471385 3473700 3475424 3476320 3477011 3479274 3480567 3481711 3483379 3484468 3486051 3488499 3491462 3492948 3494413 3496302 3497060 3498415 3500034 3502101 3503391 3504654 3505765 3506474 3507197 3508557 3509295 3516013 3517921 3520344 3524798 3527460 3529079 3532961 3534981 3536456 3539162 3542572 3543726 3546899 3552211 3553306 3554269 3562322 3563763 3566729 3568335 3569325 3570274 3573491 3575210 3576308 3577132 3577826 3579273 3580431 3581855 3583506 3585075 3586779 3591128 3592205 3596343 3601583 3602680 3603783 3607111 3608501 3611017 3612819 3614058 3616735 3618565 3620614 3621491 3624429 3625753 3627004 3629356 3629924 3631412 3634021 3636260 3642346 3643813 3645257 3648681 3650071 3652111 3653045 3656571 3657356 3658405 3659817 3664092 3665553 3666538 3675770 3678505 3679196 3683027 3686394 3687792 3689364 3694328 3696916 3698727 3700820 3702523 3704403 3708807 3710756 3714212 3715626 3717073 3718419 3720349 3723691 3725200 3731315 3732440 3733753 3735949 3736920 3738083 3741905 3746397 3747754 3752233 3753866 3756014 3758590 3760295 3762603 3766396 3768532 3770377 3772479 3776230 3780612 3784471 3786169 3788345 3789930 3793079 3794283 3797286 3798178 3800306 3801340 3802433 3803948 3807113 3809279 3810582 3812921 3815303 3818835 3819974 3822260 3825815 3827054 3830138 3831195 3834171 3835700 3836953 3837817 3839604 3841651 3845184 3846864 3848347 3849790 3852418 3853587 3855236 3856291 3857326 3860728 3861736 3863186 3863864 3865337 3865945 3867527 3869251 3870077 3873785 3875010 3877858 3878762 3882113 3883394 3886777 3889093 3892407 3893833 3895871 3897593 3900958 3903393 3908701 3912589 3916296 3917402 3920335 3921859 3922626 3928708 3929831 3935971 3940489 3941340 3947615 3949605 3950299 3951380 3953438 3957595 3958882 3961038 3969183 3971484 3972631 3974023 3974844 3980729 3981826 3983301 3989810 3993727 3994848 3997598 3999752 4000866 4003253 4006238 4008582 4009887 4012423 4014801 4016023 4016949 4019964 4020935 4021773 4024085 4025355 4026424 4028560 4030708 4033435 4035681 4036895 4039415 4040450 4042405 4043489 4044688 4046064 4048064 4049731 4054306 4056144 4057962 4059706 4062530 4064241 4066026 4066820 4069058 4070552 4072276 4074340 4075334 4077348 4078280 4081194 4083110 4084857 4087634 4089191 4090106 4090766 4092453 4093857 4095529 4097051 4098639 4102217 4106857 4108641 4110680 4113359 4117183 4118677 4120231 4121577 4127430 4129112 4134164 4140564 4141899 4146939 4148671 4150181 4152424 4155203 4156698 4158217 4160851 4162335 4163694 4164733 4165742 4168011 4169895 4171011 4174809 4176468 4178981 4180163 4181335 4194614 4195519 4196943 4201798 4202650 4204043 4211659 4213202 4223197 4225333 4227122 4230410 4231726 4233505 4235524 4236732 4237495 4238250 4240128 4249148 4250354 4252312 4254050 4256503 4257770 4261040 4262286 4263918 4264759 4268169 4272751 4273743 4275286 4276455 4277066 4277784 4278872 4280687 4284790 4285758 4287767 4289822 4290702 4292456 4293860 4295240 4296266 4297532 4299072 4305003 4308553 4309484 4310426 4313160 4315500 4318550 4319947 4321345 4323725 4324281 4327295 4328669 4329578 4332628 4340563 4343082 4344405 4345888 4349103 4351743 4352905 4355029 4358664 4360165 4362489 4364319 4365024 4365773 4366584 4367504 4375540 4376130 4379578 4380811 4382094 4383903 4384918 4386483 4387304 4388125 4390429 4393991 4395768 4398284 4399955 4402412 4406200 4408520 4409814 4410555 4412057 4416364 4417704 4418322 4419759 4420911 4423323 4424284 4425521 4426898 4429594 4433239 4434742 4435663 4436946 4437735 4440370 4444275 4446055 4447303 4448498 4449888 4450546 4451800 4453985 4457670 4459921 4462157 4468533 4469940 4471457 4472766 4475395 4476091 4477603 4480224 4481533 4485065 4486348 4487992 4488838 4490509 4491811 4493801 4495273 4496280 4497350 4498579 4500676 4502471 4506173 4506881 4508331 4509921 4511225 4513932 4516417 4517878 4518666 4522881 4523988 4525075 4525773 4528004 4529247 4529946 4533461 4535655 4536887 4538263 4539472 4541666 4543295 4544435 4546526 4550215 4551120 4552125 4553912 4558717 4561974 4563100 4564318 4566715 4567921 4569960 4572286 4574691 4576045 4576691 4578231 4580821 4584431 4585470 4588367 4589198 4591025 4592084 4593829 4594576 4595585 4596461 4602622 4603786 4605425 4605941 4606970 4607911 4609528 4610892 4611941 4613175 4619845 4622069 4623210 4624375 4627227 4628189 4629915 4631122 4632808 4634265 4635344 4638733 4639841 4642052 4644765 4646121 4649447 4651715 4653149 4657908 4659171 4659935 4661977 4663340 4664151 4666879 4668869 4672422 4674418 4676152 4677193 4680578 4683614 4686378 4687553 4688877 4690640 4694303 4694945 4696268 4697059 4698522 4703982 4705300 4706815 4712744 4717119 4718335 4720574 4722677 4724358 4725314 4726399 4729365 4731394 4734648 4739335 4740992 4742991 4744560 4745986 4746893 4747919 4748837 4750452 4750986 4753576 4754659 4756759 4759653 4761396 4762175 4765443 4766526 4767920 4770004 4772564 4774327 4776113 4777078 4778678 4780043 4781464 4784421 4785110 4787093 4788576 4790286 4791289 4792347 4793534 4794758 4796625 4797646 4799727 4800616 4808503 4814369 4815663 4819291 4823165 4825904 4827141 4828886 4830380 4831841 4834404 4835496 4836433 4837755 4839278 4843579 4845293 4846736 4848467 4849344 4852315 4854754 4857740 4859286 4861500 4865250 4866345 4868204 4871107 4872506 4873751 4878680 4880838 4882070 4884505 4885107 4887940 4889034 4892133 4896408 4897955 4899369 4900863 4902856 4907720 4909299 4911256 4913506 4915856 4917000 4918221 4920432 4925436 4926703 4927946 4929231 4930278 4933076 4936000 4937261 4939652 4941921 4943030 4944639 4945494 4947679 4951149 4952469 4953461 4954314 4956081 4957202 4958149 4960211 4962312 4963524 4965371 4967306 4970416 4974228 4978563 4979689 4980409 4983713 4984618 4986614 4988586 4990054 4991657 4993393 4994961 4996723 4997358 4998837 5001863 5004057 5005679 5008180 5010656 5012788 5015697 5018368 5021274 5023788 5026262 5026922 5029396 5031316 5032449 5034902 5037017 5038664 5040998 5046051 5047364 5048769 5050336 5053315 5057422 5059210 5060328 5062093 5063562 5067008 5068472 5071277 5072573 5074698 5079146 5080996 5082733 5084848 5087047 5089763 5091090 5094323 5095658 5097705 5099503 5101074 5103651 5104866 5106692 5108381 5111747 5114641 5120661 5126214 5127402 5128747 5129866 5131841 5133653 5134390 5136476 5138665 5141744 5142634 5145742 5147040 5149231 5151675 5153421 5155803 5156644 5157642 5158704 5160857 5161880 5164046 5166387 5168256 5170974 5172325 5174339 5175936 5178253 5180075 5182395 5185552 5190136 5191003 5194968 5197195 5198151 5199784 5200546 5201501 5204212 5206023 5206853 5208501 5209494 5210206 5214551 5215617 5217897 5219989 5221517 5223795 5225354 5226861 5229257 5229953 5230831 5231446 5232061 5234299 5237130 5239953 5241259 5241962 5244268 5246244 5247847 5250437 5253129 5259516 5260732 5262301 5264633 5265707 5268018 5270566 5271465 5274953 5277050 5279973 5281759 5283598 5284627 5285277 5285928 5286575 5288272 5290064 5295008 5295973 5297430 5298357 5299984 5301593 5303080 5306175 5306847 5308466 5311512 5313693 5314880 5317359 5318973 5321946 5323702 5324773 5327495 5333287 5333864 5340060 5341987 5344685 5346351 5348206 5349503 5351115 5351797 5353140 5354262 5354970 5356228 5357857 5361238 5362602 5366117 5367237 5368104 5369591 5372259 5374188 5375412 5376244 5378227 5380006 5383301 5383978 5386383 5387755 5388935 5390468 5391722 5393690 5394604 5395283 5395987 5398206 5400739 5403835 5404727 5406926 5408286 5409405 5410024 5411297 5414508 5418171 5419350 5420520 5421868 5423303 5425365 5427678 5428668 5430552 5434070 5435866 5437710 5440672 5441577 5446448 5447368 5448675 5456296 5457637 5458970 5461617 5462599 5463912 5466284 5467192 5468242 5473374 5474678 5476679 5484039 5485336 5487219 5489044 5490027 5491430 5494539 5496161 5499070 5501605 5503847 5504791 5506944 5508349 5510346 5513285 5515302 5516540 5518030 5520006 5521247 5522450 5523482 5524977 5526626 5528941 5531315 5532279 5534580 5538467 5539982 5540642 5543464 5544700 5546235 5547489 5548823 5550136 5550756 5558689 5560118 5565273 5566584 5567514 5569343 5570686 5572173 5573156 5574726 5577619 5579358 5580332 5581662 5583405 5584764 5585704 5587028 5588925 5591154 5592563 5593431 5600202 5601184 5602945 5605970 5607276 5608489 5609390 5611578 5614467 5616749 5617914 5619311 5620366 5621629 5625600 5630797 5631334 5632492 5634784 5638267 5639543 5640557 5641429 5646620 5647529 5648590 5650686 5652794 5654261 5656064 5658956 5661073 5662166 5664061 5665079 5666189 5668408 5672920 5676767 5677514 5678673 5680245 5682841 5683446 5686224 5686922 5688527 5689334 5692897 5693919 5697977 5700352 5703218 5705982 5707094 5707896 5710760 5711953 5713655 5716629 5717949 5719029 5719928 5722645 5723777 5724818 5727609 5728542 5733665 5734477 5737422 5738407 5740744 5742606 5744606 5746004 5748632 5757286 5758383 5762341 5765449 5768891 5772153 5773947 5775606 5777776 5782220 5783820 5785587 5786480 5787295 5788576 5790723 5792937 5794189 5795989 5800086 5802368 5804491 5808084 5809959 5812713 5814631 5817294 5823116 5824712 5826627 5828053 5829617 5834301 5835451 5837713 5841021 5843040 5846441 5847779 5850161 5851612 5852309 5853125 5856191 5857098 5857862 5859896 5866713 5869513 5873898 5874698 5879846 5880841 5882086 5882822 5883448 5884006 5886067 5888953 5891908 5894774 5896446 5897955 5900579 5902368 5904802 5905951 5907437 5908535 5910237 5914516 5915944 5918076 5919292 5923882 5924468 5926056 5927257 5928551 5932869 5933985 5934788 5937305 5941112 5942607 5946568 5948703 5950704 5955770 5957510 5958966 5960239 5962425 5963602 5965542 5966606 5968163 5969923 5973198 5974291 5977112 5978490 5980225 5981446 5982518 5984197 5985346 5987387 5990521 5991503 5992991 5994423 5995145 5996188 5998129 6000165 6001066 6003863 6005351 6008344 6009308 6010971 6012324 6013816 6016123 6016999 6020392 6022221 6024980 6030090 6032499 6034399 6035972 6037005 6038471 6040401 6041831 6042607 6046025 6047660 6049039 6050340 6052127 6052869 6055761 6057673 6060419 6064075 6066545 6070048 6073358 6074703 6075989 6079562 6080997 6083059 6084512 6085730 6086908 6090063 6093332 6094973 6096007 6097281 6098389 6099917 6101427 6105154 6106177 6108188 6117714 6118616 6120621 6121942 6123111 6124682 6125729 6127720 6128913 6131518 6136175 6137750 6138403 6139659 6140562 6141951 6144235 6145026 6145988 6152490 6153733 6156113 6158567 6159488 6160617 6161193 6162299 6164813 6166601 6169633 6170770 6173417 6174995 6177592 6179183 6182301 6184336 6186554 6189096 6190818 6194115 6196221 6199956 6201112 6203582 6205813 6207056 6208643 6211657 6217824 6218801 6224438 6228898 6229691 6230991 6232621 6235740 6237908 6239830 6240854 6241971 6243151 6244456 6245965 6247953 6250561 6252758 6253874 6255226 6258901 6259839 6261658 6262673 6263463 6266566 6274560 6275714 6278050 6279805 6281856 6282878 6287219 6288937 6289928 6291968 6293502 6294673 6295399 6296534 6300577 6302676 6303913 6305740 6308253 6309559 6311805 6313929 6314735 6317232 6319583 6320544 6323229 6325811 6327473 6331943 6332828 6335987 6339001 6344026 6347671 6352439 6353797 6356386 6358399 6362869 6364184 6365791 6374700 6376315 6380300 6383528 6384862 6386702 6388962 6391492 6398312 6400352 6402960 6404118 6406734 6408670 6410201 6413191 6414815 6415764 6418809 6420570 6421584 6423006 6423755 6426655 6427818 6429705 6430848 6434530 6436141 6437176 6438449 6440918 6442772 6443995 6445740 6448862 6449674 6451104 6452607 6454111 6456701 6458610 6460821 6461803 6464337 6465434 6466511 6468561 6470489 6474815 6475644 6476913 6479418 6479978 6482996 6484303 6485116 6489466 6490981 6492794 6494161 6495569 6498102 6498752 6499626 6501484 6504608 6507062 6507978 6509405 6510814 6512999 6514068 6515013 6517473 6520611 6522179 6523715 6524726 6526485 6528513 6529924 6533721 6535502 6536057 6540375 6543250 6546485 6548148 6551432 6553797 6554894 6560023 6561435 6564269 6566584 6569237 6571532 6573160 6574372 6576715 6577970 6579727 6581380 6584225 6585136 6586063 6587242 6589238 6590749 6596380 6599935 6601844 6607929 6609606 6612101 6613236 6614594 6616811 6618384 6620564 6621749 6624341 6624825 6625663 6631529 6635307 6637409 6639123 6640618 6641653 6643656 6644634 6645760 6647338 6651785 6653402 6656403 6660887 6662443 6665531 6667158 6669136 6670285 6671855 6674787 6675891 6677025 6678562 6679633 6681279 6683048 6688169 6689335 6689995 6692273 6696378 6697989 6700948 6705129 6707081 6711173 6713857 6714623 6716921 6720582 6724448 6726143 6727312 6729036 6730935 6732730 6736596 6737895 6738995 6742751 6744352 6745138 6745906 6746822 6748731 6750180 6751256 6751958 6754049 6756482 6760465 6761708 6762492 6763679 6764566 6765203 6767595 6768871 6770247 6772813 6779124 6779933 6783510 6785844 6786812 6789829 6791749 6793855 6794741 6797588 6798315 6801710 6802497 6803195 6804803 6805928 6808472 6809573 6810313 6811166 6811912 6814006 6815171 6817437 6819107 6820270 6823287 6828431 6829497 6830527 6832425 6833298 6834230 6835500 6836548 6838404 6841676 6843413 6845521 6849353 6852084 6855681 6857264 6862865 6864082 6867366 6868836 6872132 6872699 6875427 6877775 6880116 6881000 6882020 6883519 6885098 6886644 6889532 6890947 6893758 6896407 6898070 6899760 6902822 6907974 6908798 6916137 6917914 6918794 6920932 6922415 6924117 6925522 6926729 6928104 6929320 6929855 6931328 6933422 6936636 6938249 6940752 6942206 6944406 6948383 6949321 6950264 6952517 6954813 6956187 6957630 6959754 6961997 6964135 6965852 6967653 6970163 6975185 6978395 6979561 6983624 6984418 6986260 6990402 6991691 6992854 6995349 6996680 6998553 7000986 7001997 7003560 7004837 7006131 7009439 7011975 7014235 7016467 7022283 7023876 7025655 7027318 7028363 7028987 7031311 7032253 7033158 7034331 7035171 7038195 7041825 7043205 7045523 7047718 7049190 7050285 7054496 7056128 7057252 7064424 7066524 7067726 7068811 7074636 7076793 7078455 7079985 7085700 7086937 7089524 7090411 7095218 7096855 7097859 7098491 7104065 7107972 7109390 7115758 7116393 7119286 7122937 7124118 7126147 7126931 7129391 7130796 7132208 7133540 7135520 7138423 7140454 7141621 7142624 7144683 7147060 7149193 7150376 7151724 7153613 7155916 7157193 7157902 7158765 7161348 7162051 7163580 7164704 7166687 7169135 7170286 7171465 7173258 7174845 7176154 7178330 7179981 7183079 7183839 7186564 7187599 7193695 7194408 7198579 7200232 7204143 7205897 7206779 7208717 7210367 7212811 7214564 7216367 7217641 7219696 7220768 7221598 7224370 7225974 7227491 7232174 7233282 7236920 7239863 7243358 7244000 7250693 7252391 7253565 7256902 7257765 7259439 7262156 7265530 7267785 7269477 7272637 7275735 7277479 7283632 7288185 7288767 7292688 7298168 7299960 7302284 7304508 7307085 7308057 7309188 7310774 7311765 7314035 7316790 7318127 7319688 7322782 7324470 7325731 7326402 7329777 7332635 7336091 7337052 7338686 7340353 7342007 7346303 7348422 7349502 7350711 7353245 7356998 7358442 7359955 7361894 7368414 7369968 7370770 7371435 7372137 7374426 7375724 7376393 7379295 7381644 7383831 7385381 7387495 7390109 7392007 7394519 7395814 7397336 7398041 7400686 7403419 7404506 7406193 7410339 7412964 7413885 7415448 7417071 7422644 7423641 7426472 7428416 7430290 7430995 7431850 7436568 7437957 7440124 7442715 7443724 7444762 7447443 7449507 7453294 7453990 7455909 7457875 7458733 7461520 7462667 7464266 7465553 7467630 7468915 7469876 7471025 7472392 7474114 7475294 7476419 7479348 7480686 7484832 7486151 7488084 7489803 7491313 7492532 7493294 7500883 7503090 7504672 7506849 7508880 7509774 7510565 7513185 7514363 7515306 7519793 7520572 7521997 7525675 7526512 7527508 7529008 7530951 7531878 7532876 7536220 7543642 7545166 7548384 7549983 7551206 7555172 7557844 7562827 7567154 7570467 7572851 7575481 7577052 7579039 7580736 7581576 7583654 7584622 7585965 7587002 7587733 7595257 7597731 7601275 7602924 7606513 7608293 7610840 7611619 7613307 7616799 7617743 7620321 7621489 7622094 7625517 7626377 7628802 7633389 7635804 7637138 7637885 7638679 7640220 7641569 7643615 7645035 7646931 7648682 7649322 7650913 7654724 7656213 7657243 7658597 7659336 7660293 7663373 7667566 7668907 7670421 7672838 7676209 7677112 7678541 7679374 7682267 7683766 7685256 7686551 7689024 7690241 7691088 7691770 7692919 7694357 7697546 7699175 7700363 7701554 7702710 7703857 7705383 7707774 7710892 7712434 7718123 7718780 7719408 7722070 7724633 7725470 7726601 7727756 7728642 7730744 7734135 7736198 7737072 7737794 7740146 7741176 7743092 7744423 7745507 7746484 7747025 7751006 7753134 7754577 7755721 7757746 7760314 7762383 7764632 7765677 7767193 7769888 7771685 7774236 7776140 7780763 7784398 7787113 7787862 7788560 7789886 7791604 7792530 7795717 7796981 7800119 7802152 7802851 7804347 7806587 7808857 7811542 7814272 7815582 7818342 7820283 7822137 7823106 7828673 7829757 7831111 7832154 7834019 7834925 7837448 7840153 7843466 7845502 7846778 7848953 7850291 7852805 7854651 7855423 7857238 7858170 7860078 7862824 7865869 7867790 7868876 7870918 7873902 7877398 7879573 7881506 7885441 7887634 7888477 7891928 7892698 7893211 7894071 7895587 7896435 7898232 7899082 7900381 7901909 7904099 7905199 7905976 7907530 7913148 7917456 7918382 7920417 7921378 7922183 7922872 7926587 7928036 7930132 7931538 7933849 7937706 7940371 7941883 7943121 7947233 7949257 7949931 7951537 7956252 7959636 7960996 7963924 7965882 7967695 7971512 7973183 7974708 7976868 7978332 7979728 7980579 7981659 7983733 7984623 7986100 7987322 7990416 7992218 7993188 7994768 7995324 8003510 8004379 8005813 8007440 8008991 8010510 8012566 8014829 8016623 8018350 8021286 8022376 8023257 8027524 8029249 8032055 8033570 8034346 8036383 8037369 8039973 8046406 8047280 8049080 8057029 8058359 8060205 8061372 8062899 8063840 8068913 8071910 8075630 8076685 8079664 8082389 8084504 8085518 8088229 8094531 8096746 8098085 8099385 8101291 8102576 8105903 8107914 8109140 8109857 8113110 8114163 8114943 8116688 8118021 8119031 8120125 8121884 8122600 8124316 8125557 8128367 8130978 8132958 8134285 8135641 8138813 8140591 8141508 8144165 8145385 8148529 8150074 8152027 8154368 8155068 8156731 8159449 8161468 8163829 8165899 8168020 8170434 8171279 8173173 8174139 8175653 8176662 8177918 8178778 8182181 8184259 8185518 8187911 8189211 8191929 8193073 8196194 8199479 8201538 8202347 8210873 8212493 8213576 8214815 8216323 8217249 8218086 8221314 8222308 8227948 8229110 8230148 8232397 8234492 8238472 8239907 8241898 8243834 8245190 8247571 8248642 8252594 8257614 8258894 8259965 8261024 8265055 8266819 8267834 8269477 8270826 8273019 8274734 8276055 8277472 8278581 8283057 8283821 8285240 8286391 8287518 8289751 8292612 8294048 8294784 8297812 8298665 8300984 8302264 8305897 8307467 8310570 8312137 8315417 8316209 8317603 8319250 8324462 8325609 8327372 8329380 8331385 8334854 8337625 8339413 8342800 8343980 8345874 8348541 8349940 8351069 8355808 8359357 8360386 8361360 8362250 8364104 8365662 8368004 8368892 8369718 8370556 8373264 8377838 8379389 8380821 8381970 8383896 8385224 8386711 8387887 8393095 8397943 8403156 8406182 8407134 8410120 8412683 8413564 8414917 8416737 8424869 8426155 8427633 8430190 8436289 8439476 8442177 8444580 8445614 8450910 8452239 8457336 8458805 8459912 8461969 8463536 8464956 8466516 8469388 8470536 8473537 8474652 8475312 8477916 8480081 8487103 8492724 8494404 8495984 8498383 8499462 8500338 8503519 8504470 8505163 8506026 8507515 8509245 8509868 8513108 8515454 8518432 8521773 8526408 8529072 8530482 8531610 8533724 8534895 8541223 8542221 8545198 8546338 8547434 8549408 8550632 8552196 8555044 8555751 8556801 8559358 8560303 8565467 8568200 8568951 8571039 8573265 8574830 8576025 8578478 8580547 8583284 8585395 8586288 8588266 8591034 8593254 8595286 8598259 8600530 8602050 8603462 8606910 8609276 8610867 8613546 8615125 8617106 8620980 8622887 8627077 8628530 8630370 8631250 8632377 8633449 8634527 8636507 8638069 8642343 8643156 8644014 8644839 8646541 8647917 8649763 8652533 8656694 8657756 8660491 8662458 8663980 8665972 8667158 8669891 8672958 8674464 8676674 8679049 8680178 8681735 8682580 8683956 8685553 8686449 8687786 8690225 8691730 8693394 8694295 8695053 8698105 8699891 8700624 8701310 8703289 8705921 8707926 8708668 8710247 8711098 8712496 8715592 8717982 8719114 8724411 8726203 8728324 8730787 8732579 8733502 8737193 8741427 8742566 8743358 8744373 8746343 8747410 8749968 8751857 8758713 8761351 8763055 8763848 8766179 8767390 8769228 8772505 8775993 8776571 8777519 8779796 8785978 8787319 8788909 8790574 8791489 8794956 8796734 8797788 8800581 8802375 8803586 8805997 8807071 8808581 8810565 8811848 8813539 8815557 8817936 8818978 8821467 8825359 8828421 8829293 8830687 8832918 8835088 8836504 8838383 8839666 8842386 8844107 8845185 8847971 8849344 8852767 8853833 8855916 8856986 8861354 8863705 8866039 8871354 8873119 8875658 8876949 8883025 8884677 8887101 8888113 8889338 8893699 8894408 8896370 8899526 8902980 8905213 8906447 8907083 8909266 8910594 8911777 8913524 8915169 8917872 8922122 8924757 8925526 8927684 8929818 8931254 8933554 8935189 8936827 8937894 8946023 8949272 8950280 8951035 8953312 8954017 8955962 8959646 8960356 8963618 8964876 8967256 8969449 8970564 8972007 8973250 8974485 8975917 8976785 8978984 8980587 8981516 8984397 8985818 8987015 8987759 8988890 8991150 8992266 8993922 8999303 9000298 9001951 9003804 9004769 9006199 9007727 9013396 9014747 9016235 9018805 9021135 9025698 9027048 9028141 9029366 9030183 9030934 9032042 9035778 9039856 9041606 9043718 9045488 9046175 9048617 9049789 9051370 9052123 9054335 9055840 9057316 9061152 9062962 9065045 9067186 9068112 9069535 9072988 9074764 9077350 9079431 9080177 9081263 9084306 9086798 9087544 9088671 9090198 9094629 9095945 9099979 9102889 9107778 9108606 9110181 9111854 9114048 9115496 9121252 9125284 9127735 9129119 9129963 9132378 9134805 9136868 9138478 9139862 9141055 9142225 9143096 9145138 9146719 9150964 9153904 9156724 9158286 9158992 9160617 9161452 9166209 9168719 9169408 9172625 9173841 9174683 9176949 9178959 9179789 9180748 9183150 9188481 9190052 9193177 9194085 9194996 9196186 9198677 9200081 9201384 9203969 9207797 9208708 9209263 9210190 9214020 9215359 9219897 9222622 9228339 9229241 9231461 9232963 9235802 9236580 9239876 9242979 9247850 9250260 9251515 9253406 9258637 9261040 9265882 9267757 9269692 9271053 9272029 9273149 9274464 9276915 9278071 9280702 9282388 9285771 9286533 9287787 9289801 9291875 9293161 9293993 9295963 9298212 9300823 9303367 9305950 9310660 9312107 9313226 9314169 9315660 9319959 9321452 9323107 9325325 9326300 9327085 9330533 9331425 9332305 9333464 9334899 9336445 9337838 9339230 9341307 9344472 9346989 9348007 9349281 9353737 9354994 9356425 9357558 9361114 9364710 9366774 9368497 9373696 9374841 9376015 9378278 9382519 9384559 9385451 9387339 9388256 9390715 9392339 9396826 9400090 9404629 9405599 9408685 9410287 9411636 9414690 9417329 9417896 9422705 9426064 9427771 9429342 9431573 9432595 9434055 9435285 9437684 9438944 9441194 9443357 9444811 9446175 9448228 9450683 9452064 9455424 9459195 9460080 9462420 9464908 9466102 9468476 9470371 9471748 9473663 9475504 9477297 9478025 9479122 9480616 9482968 9484867 9486031 9487998 9492837 9494241 9496237 9497565 9499372 9502685 9505117 9506511 9509998 9512842 9515321 9517315 9518989 9521984 9524157 9526009 9527354 9528752 9530723 9533496 9534715 9535775 9538635 9541067 9542161 9544604 9549384 9554721 9558071 9559602 9562239 9563219 9565767 9571814 9573417 9576879 9581131 9583139 9584744 9587932 9589898 9593932 9595473 9596941 9598977 9599984 9600585 9604463 9608284 9612928 9615175 9616679 9618732 9621073 9622369 9628397 9629304 9631784 9633347 9635703 9639390 9640226 9641786 9644577 9645645 9647004 9649182 9652671 9655608 9657174 9658388 9659529 9661081 9662210 9667325 9667990 9670560 9672062 9674613 9676721 9677754 9679607 9686015 9688440 9689819 9694530 9698898 9702096 9704064 9706222 9707504 9709725 9711132 9713451 9715427 9717757 9719135 9722349 9723415 9724900 9727084 9730069 9731203 9734939 9736827 9741247 9744226 9745461 9746742 9748089 9748870 9750255 9751897 9755251 9756831 9758508 9761143 9764462 9765191 9768854 9769696 9770856 9772258 9774535 9775392 9776934 9784017 9787873 9789824 9794841 9796087 9797729 9798814 9800268 9803266 9807984 9809054 9810821 9811963 9815245 9816120 9817035 9817768 9819919 9823697 9826135 9829920 9831331 9832036 9836429 9840132 9841604 9842897 9843712 9845578 9848052 9850144 9851135 9852049 9852787 9855833 9857653 9859016 9862569 9863638 9867503 9871473 9872959 9874329 9875922 9878922 9880774 9882131 9883530 9886093 9886666 9888761 9889826 9891677 9892544 9893719 9896238 9897273 9898225 9901600 9903510 9906262 9907357 9911276 9913019 9914021 9914942 9915563 9917109 9918010 9918893 9922597 9926132 9928349 9929908 9932202 9933125 9934263 9935436 9937780 9939040 9941655 9944266 9946793 9949459 9950540 9951827 9952697 9955289 9956263 9960267 9961484 9964061 9965148 9966168 9967767 9968883 9970920 9976153 9977578 9979922 9982434 9983533 9988381 9990968 9992278 9995312 9997065 9999301 
</Matrix>
<Matrix name="Neuron_134" type="complete" rows="1" columns="4854" multiplier="1.0">
   4463 5890 7685 8755 12376 15535 17075 18294 23442 24374 26102 28820 30381 32833 33330 33974 35581 40227 41941 44549 46494 48533 50202 52518 54295 55285 57300 58894 60322 62670 64273 65612 66374 68844 70596 71345 74713 76161 77477 80037 81528 82958 86293 87927 89793 94232 96259 98049 101678 103427 105690 108890 112458 113803 114819 117179 120010 121157 123327 124777 125990 129328 131321 132577 134659 137158 138032 139821 142153 144150 146488 147819 148841 153070 154496 155094 157059 157652 159033 159987 162553 163744 164471 166103 166750 168771 170806 171613 172555 175387 177151 178040 181690 188623 189699 192381 193825 194915 196641 199277 201937 203871 205465 209195 210743 211703 213242 214267 216394 218180 220434 224432 228220 230190 230772 231330 235753 237696 240855 243747 245254 246792 248535 250227 251136 253254 255244 258431 260539 261443 263219 265115 266072 270611 272262 274003 278746 279361 281071 284143 286722 287735 290293 294021 295447 296764 298372 299677 300743 301706 303425 308606 312547 315830 317713 318528 319836 321289 322266 324540 325486 326885 328212 328928 331414 332108 333738 334938 336677 338977 340313 341204 344109 346478 347435 347988 350291 352670 354780 356066 359486 361176 363265 364011 369716 373431 374210 375379 377476 379825 382064 385050 388306 389595 393750 396873 402568 403744 404486 405699 409897 412445 413461 417143 418747 419939 420743 422089 424700 426315 428759 432753 434246 436155 437228 440356 443568 445354 446373 449018 450972 452735 454172 456019 459085 460605 462084 465391 466890 467848 470636 472939 474516 476326 477251 478226 480055 484290 485263 486105 489060 490367 493974 494989 498328 501233 502236 503301 505725 507469 509146 510179 511568 513057 515006 519148 520640 522052 523893 525269 526643 528319 532505 535345 536248 538851 540243 542365 544370 545718 546604 547595 549125 550867 552446 553472 556584 559339 562408 563085 565109 566414 567909 569308 570680 572797 574026 576221 580663 582113 583074 586265 588491 589313 596842 597698 599580 600541 603786 604517 605296 606301 607969 608796 610485 611435 614097 617284 618762 621639 623395 627834 630069 630968 631574 632963 634720 637350 640430 647128 650568 652923 655677 657339 659120 660862 662188 664276 667633 668833 672661 675413 680922 683362 685870 687182 693627 695287 697287 701511 702263 704641 707941 709532 710656 712191 715920 717371 718805 721301 722379 723711 726639 728444 729567 732165 734912 735811 736993 739466 741222 744418 745762 750673 752514 754997 757766 760433 761918 763613 764893 766941 769209 771005 772108 773589 774641 775906 776736 778405 779399 783911 785030 788513 792233 793308 795570 796965 798614 800810 801466 803160 804227 806218 807579 808657 810548 816013 816775 817848 820862 821889 823795 826033 827877 830715 833522 834682 835487 836398 837457 838881 840687 841758 842954 845255 846823 850841 852544 855427 857605 859554 861315 863750 867418 868325 871124 873138 874989 878474 881653 882430 883206 884372 886088 886733 889342 890866 893404 895301 902840 905022 907638 911638 912488 913527 915724 919972 921059 922341 925809 926532 927371 930568 931404 933888 937328 940172 941786 942610 945738 952430 955494 957436 958874 960663 962625 963535 965637 966339 967564 971379 973715 974543 976691 977462 978318 980566 982106 984345 985580 987460 988031 990200 994276 995181 997058 998374 1000713 1002147 1003268 1005225 1006842 1009796 1011341 1015186 1017411 1018455 1019968 1020999 1026406 1027247 1028283 1030800 1033319 1038052 1039261 1042486 1043220 1044206 1046934 1048555 1050216 1052791 1055084 1056244 1057769 1060319 1061557 1065245 1067599 1070442 1071949 1072770 1075357 1076328 1077666 1080102 1081554 1082282 1083198 1087425 1088891 1092057 1094844 1097576 1098384 1100097 1103044 1104091 1106359 1108536 1109441 1110238 1112150 1112921 1113844 1115150 1116437 1118115 1119251 1121609 1122380 1124598 1129026 1131976 1132845 1134432 1138255 1139555 1140630 1146905 1147889 1149229 1152305 1154078 1158279 1160214 1162310 1163070 1164932 1167179 1167846 1170989 1175489 1176944 1178402 1180381 1182503 1183828 1185934 1187276 1189370 1191642 1194193 1195421 1197078 1198984 1205476 1206551 1207652 1210705 1214139 1216832 1217811 1218901 1219941 1221099 1223503 1227409 1228615 1229535 1231589 1232729 1236456 1237958 1239638 1241977 1243706 1245358 1247134 1248091 1249415 1252034 1256676 1262183 1263574 1265338 1266368 1269611 1271520 1273323 1276737 1277982 1280374 1283774 1285729 1288424 1293972 1295354 1297311 1298043 1299749 1304417 1305988 1308648 1313460 1316935 1320398 1326920 1329685 1330328 1331548 1333106 1335197 1337175 1338221 1340555 1341967 1342864 1344623 1349626 1351142 1352318 1355215 1358078 1360074 1363228 1364163 1365149 1367280 1369359 1370356 1371399 1375381 1378097 1381839 1383365 1384917 1389600 1390678 1392465 1394857 1396047 1398153 1398995 1399755 1401844 1403456 1407898 1409913 1411161 1412183 1413873 1414898 1416531 1418073 1422911 1424347 1427946 1429144 1431631 1432697 1436550 1439034 1439920 1440977 1441709 1446425 1447436 1450263 1451843 1454903 1455820 1456815 1457983 1458987 1462840 1464580 1466126 1466779 1468721 1471711 1474339 1475722 1476657 1478482 1479477 1481919 1483280 1484048 1487559 1488827 1490114 1495934 1497447 1498595 1500067 1501057 1503398 1504371 1506356 1508440 1514902 1515990 1517365 1518442 1522527 1523706 1525900 1527198 1528295 1531196 1533033 1533485 1536238 1539245 1540578 1541379 1543338 1546266 1547158 1551276 1553612 1555314 1559445 1560876 1562756 1564583 1566489 1568680 1571288 1575154 1577230 1578654 1580727 1585795 1589385 1592834 1594193 1595371 1597697 1600173 1602042 1602996 1604040 1607141 1612106 1615610 1617304 1619619 1621776 1623692 1624498 1625927 1632681 1634358 1637220 1639323 1642083 1644078 1646055 1647143 1649904 1652225 1653671 1654937 1656654 1659725 1661460 1662609 1663866 1664698 1665750 1669740 1674056 1675770 1678578 1682282 1684237 1686580 1689665 1690546 1693826 1698354 1701507 1702579 1704504 1706312 1709032 1710849 1712936 1714613 1716945 1718145 1720743 1722598 1726033 1727689 1728484 1730873 1732726 1734949 1735842 1737356 1737996 1740220 1742396 1743318 1744332 1745192 1747558 1748777 1749758 1751983 1752752 1759155 1760504 1761604 1763288 1768764 1770643 1771936 1775057 1776512 1777713 1778837 1783516 1785493 1787091 1788064 1789184 1790456 1791702 1793061 1794772 1796274 1802621 1803783 1804932 1806238 1807091 1807720 1812162 1814359 1816138 1816840 1819565 1822611 1823614 1824546 1826642 1827894 1830719 1834074 1836381 1837341 1838550 1840703 1842908 1843818 1845710 1849694 1850894 1852013 1853927 1855118 1856046 1859145 1860068 1861402 1864705 1866351 1867755 1870788 1873447 1875750 1877912 1879629 1880392 1881378 1885870 1888131 1889689 1890807 1892279 1893205 1897055 1900766 1901681 1903147 1904973 1905700 1907518 1909711 1912718 1913471 1915509 1916687 1917794 1918397 1919590 1921872 1924386 1925648 1934165 1935137 1936156 1937172 1938414 1939544 1941651 1942789 1944049 1946015 1950542 1952151 1953022 1953851 1956320 1957851 1960225 1962094 1963165 1964473 1965728 1969623 1970471 1971595 1972419 1974462 1975278 1977202 1977836 1979533 1981161 1983797 1985043 1987055 1988166 1990591 1992414 1998222 1999741 2001417 2003221 2006758 2009534 2013255 2014203 2018766 2021606 2022284 2023496 2025917 2030089 2031138 2036551 2038184 2039589 2041818 2044932 2046006 2046911 2048253 2049434 2051856 2056064 2056969 2059125 2060472 2061782 2066401 2070131 2071337 2072928 2074617 2075402 2077049 2078297 2082408 2084295 2085954 2087948 2091158 2092412 2094745 2096850 2101204 2102325 2103778 2106246 2107569 2109874 2113446 2114552 2116712 2118273 2118949 2120603 2123962 2127866 2129396 2132517 2134037 2136161 2136952 2138401 2139568 2140920 2143615 2146009 2149214 2150447 2152506 2154438 2156352 2158172 2159846 2163400 2164118 2164975 2168957 2169832 2170418 2172038 2175746 2180528 2183380 2184456 2185146 2187802 2189614 2192014 2194729 2196071 2198098 2199630 2204084 2204857 2206526 2209015 2210704 2212271 2214956 2216528 2218918 2221280 2223785 2225388 2226058 2228063 2229882 2232549 2236022 2237257 2238711 2240867 2242319 2244670 2245452 2247279 2249459 2251179 2254249 2255133 2256350 2260952 2261552 2263880 2264632 2265947 2268081 2270197 2276159 2276985 2278541 2279585 2280902 2282010 2283150 2284036 2284733 2287171 2290298 2291788 2294295 2298286 2299483 2301096 2303375 2304750 2307184 2309616 2311841 2314527 2315311 2319254 2320247 2324382 2325229 2329144 2330125 2335586 2336910 2339166 2340892 2344134 2345014 2347257 2349229 2349930 2351215 2353035 2354504 2357262 2358590 2360436 2364254 2365304 2366335 2368958 2370596 2372951 2375484 2376362 2377831 2382342 2383463 2384227 2388642 2389771 2392793 2394025 2394706 2395860 2398720 2399464 2400579 2404247 2406385 2407818 2409155 2412433 2413280 2414357 2417755 2419946 2420818 2422422 2423248 2424597 2425786 2428193 2430586 2432229 2435388 2437111 2438998 2439925 2444412 2447018 2450058 2451265 2453609 2454717 2455882 2462014 2464300 2468234 2469163 2470947 2474696 2478190 2479192 2480565 2481995 2485780 2487495 2488371 2489369 2495127 2497376 2498698 2499493 2500648 2502422 2504941 2505517 2509803 2513942 2515247 2516331 2517248 2519287 2522463 2524531 2528907 2529848 2530889 2532665 2535994 2537691 2539831 2541984 2543969 2546525 2548128 2549416 2552548 2555676 2556917 2560618 2563792 2567778 2569187 2570269 2571414 2573866 2575274 2576365 2577229 2578604 2579841 2581211 2584050 2584699 2586799 2588451 2593030 2594209 2597796 2599339 2600530 2602480 2603769 2604404 2605151 2606273 2609128 2610140 2613485 2617933 2619188 2621477 2625471 2627671 2629374 2630597 2633558 2634329 2640261 2642436 2643714 2645043 2646383 2649316 2650566 2658846 2659685 2660386 2662469 2666400 2669067 2669959 2672598 2674847 2676300 2679080 2680173 2683596 2686345 2688923 2692001 2693274 2695328 2697088 2698290 2698827 2700235 2703048 2703906 2705552 2707284 2709083 2710967 2712550 2713475 2714528 2715695 2718369 2720542 2723679 2727117 2729194 2732457 2734731 2736886 2737900 2739431 2741148 2743937 2747647 2749924 2751140 2755178 2756474 2758434 2762447 2766937 2769901 2773712 2774763 2776873 2778368 2780059 2781586 2785245 2786619 2790286 2791457 2794619 2796076 2797120 2802446 2803778 2806337 2806981 2808500 2809845 2811078 2811791 2818163 2821100 2822994 2825054 2826191 2830983 2831696 2832693 2834587 2838288 2840570 2842312 2846786 2848150 2849341 2851126 2853106 2854600 2855476 2857414 2859682 2862888 2864288 2865513 2867315 2868518 2870205 2871544 2872985 2873818 2876348 2879801 2880677 2885498 2886538 2888110 2889245 2892752 2895356 2896790 2902870 2904364 2905746 2907239 2909316 2910104 2913962 2915014 2918222 2918993 2920477 2921514 2923718 2925209 2927017 2929068 2930090 2931575 2934900 2935800 2936967 2937990 2940877 2942600 2944168 2946436 2952686 2954028 2956291 2960087 2961273 2962845 2964341 2967780 2969026 2970218 2971363 2972401 2975619 2976166 2979812 2980780 2982528 2983558 2986060 2988785 2992057 2994661 2996228 2997827 2998957 3003951 3005474 3008142 3009656 3011164 3012407 3013780 3015410 3017054 3019572 3022769 3023524 3025112 3026798 3028156 3030857 3034264 3042290 3044167 3045482 3046958 3047920 3050304 3053252 3055856 3059592 3060774 3063403 3064075 3066251 3067596 3071267 3073628 3075724 3077001 3079926 3081005 3082390 3084244 3085805 3087352 3088113 3090612 3091142 3092012 3093775 3096057 3101642 3102387 3103580 3105342 3106191 3106935 3108706 3110537 3111556 3112560 3114050 3121090 3121965 3122868 3125796 3126785 3127959 3134611 3135313 3136142 3139304 3140440 3142821 3144204 3145636 3148223 3151352 3152660 3155074 3156421 3158140 3160470 3161161 3162896 3167576 3168477 3170172 3173413 3174369 3175422 3178492 3190616 3192336 3197057 3197983 3201049 3203497 3205216 3207759 3209055 3212980 3215857 3217527 3222696 3225197 3228974 3229874 3233235 3234189 3235314 3237185 3239345 3240313 3242858 3246083 3249655 3253090 3256162 3257349 3261274 3262926 3264147 3267149 3267925 3273179 3274956 3280611 3283059 3284233 3285624 3287117 3289187 3290630 3294179 3297282 3298533 3302245 3303577 3307775 3309196 3314330 3315139 3316208 3317252 3320267 3321615 3324424 3325429 3326277 3329703 3330727 3333096 3334253 3335303 3336120 3336814 3337879 3341256 3342847 3346612 3347967 3350652 3351754 3355229 3358088 3359449 3362218 3363689 3364752 3367197 3372227 3375038 3375752 3382336 3383501 3384598 3387282 3389150 3391798 3393742 3396032 3397049 3398526 3400329 3402815 3403440 3405579 3406539 3407367 3409226 3412600 3413324 3415429 3417351 3422354 3423029 3424667 3426105 3429347 3430639 3432446 3433656 3437032 3438426 3439750 3441364 3444141 3444882 3447272 3449140 3454305 3456178 3457950 3461604 3463063 3463999 3467632 3468278 3469500 3470906 3472680 3477203 3479352 3480709 3482369 3484979 3488713 3492038 3495330 3497321 3500372 3501044 3504794 3506416 3508030 3511701 3513213 3513785 3515035 3518695 3520236 3521934 3522763 3523600 3525375 3527740 3529737 3530557 3532753 3535353 3536756 3538717 3540349 3543975 3545772 3548531 3550297 3552597 3556454 3557256 3559374 3561155 3562087 3566513 3568011 3569931 3571292 3573674 3576142 3578138 3580755 3581924 3584006 3584726 3586895 3588337 3590474 3595267 3596192 3599365 3603564 3604644 3607041 3608279 3609468 3611044 3613123 3614764 3616359 3617997 3618639 3619853 3621654 3622800 3624735 3627585 3628975 3630887 3632676 3634093 3635569 3637077 3639183 3642150 3644231 3645951 3648685 3650584 3651342 3652811 3654855 3656863 3657487 3659082 3660277 3664611 3666413 3667451 3669718 3670624 3672947 3676449 3677825 3679852 3681331 3683984 3686185 3689233 3690560 3693830 3698924 3703037 3703931 3709493 3712071 3713609 3715221 3725972 3727715 3730034 3731417 3732309 3733415 3735631 3737968 3740890 3744962 3748735 3752429 3753424 3755186 3759996 3764338 3766768 3768376 3769434 3770722 3772261 3774526 3776712 3778371 3781965 3785729 3793766 3794384 3795631 3797089 3802653 3803421 3806616 3807995 3809625 3813266 3815159 3816568 3817364 3818558 3820142 3821301 3822815 3824098 3824765 3825956 3828820 3830178 3831207 3834250 3836895 3839081 3840324 3841742 3846522 3848895 3849898 3851352 3852406 3853591 3856864 3857631 3859733 3860804 3862191 3863162 3867836 3868729 3869846 3872552 3873948 3875178 3876565 3878479 3881899 3882652 3886566 3888139 3892343 3893339 3895652 3896928 3898361 3899101 3900202 3901120 3901844 3904657 3905570 3906621 3907729 3908982 3912910 3914239 3915845 3917496 3919600 3920130 3922204 3923140 3924516 3925677 3928282 3932223 3934624 3935712 3938853 3942065 3944101 3945457 3946611 3950651 3951508 3952914 3954135 3955136 3959390 3962687 3964035 3967598 3968383 3969088 3970392 3971631 3972381 3973626 3975730 3976858 3978734 3979909 3980753 3981633 3983365 3991968 3992532 3993971 3996103 3997735 4002129 4003036 4005219 4006328 4008347 4009370 4011409 4013664 4014877 4015634 4016749 4018268 4020999 4021771 4023978 4025291 4027796 4030243 4031017 4033202 4035097 4037722 4039525 4041513 4042491 4048066 4048841 4050283 4055220 4061715 4063093 4063991 4068969 4070027 4071675 4074907 4082679 4084002 4086141 4087313 4088361 4089378 4092569 4094648 4098085 4100406 4102380 4103569 4104539 4105576 4107338 4110274 4113603 4116013 4117881 4120635 4121999 4124343 4125932 4128958 4131946 4133844 4137000 4138223 4139915 4143821 4147057 4148158 4149966 4153071 4153944 4156960 4158399 4164970 4166400 4168606 4169683 4170348 4171337 4175302 4176554 4182301 4187496 4188872 4190099 4191292 4193506 4195156 4196908 4198384 4199039 4201249 4202857 4207980 4209413 4211111 4216936 4220364 4221730 4223262 4225561 4226147 4231696 4235675 4237091 4238309 4239204 4240936 4242678 4245396 4253540 4257876 4259675 4261246 4264652 4265718 4271048 4272946 4274932 4276251 4277983 4278891 4280754 4283255 4284713 4287289 4289194 4290866 4292118 4294835 4297002 4298529 4300902 4304091 4306981 4307741 4308783 4309935 4311846 4313623 4314621 4317983 4320319 4321329 4321912 4323346 4324013 4326263 4327846 4329778 4334984 4337672 4339780 4341685 4343120 4345516 4351643 4353233 4354829 4356320 4357107 4358652 4359934 4360481 4362227 4363062 4364597 4367534 4369492 4371786 4372728 4374203 4377105 4378186 4379290 4380420 4384023 4385728 4387103 4388198 4389208 4390238 4391779 4393453 4395180 4397397 4398528 4400084 4401255 4404989 4406259 4408314 4409024 4412073 4413391 4414708 4415753 4418250 4419847 4421801 4422663 4424062 4424776 4426047 4427901 4429702 4431956 4436028 4437893 4439107 4439857 4442255 4442932 4443992 4445161 4447157 4448612 4452376 4453721 4455439 4456815 4458516 4459635 4461681 4464714 4466190 4467352 4468286 4468976 4469925 4472355 4473509 4477574 4480547 4481675 4484057 4484902 4487970 4490013 4492479 4496756 4497356 4498991 4503747 4504709 4507067 4510911 4512452 4513002 4515713 4516783 4518593 4520204 4521176 4525269 4526190 4526834 4528627 4529690 4534988 4536433 4538402 4539835 4544536 4545844 4551285 4553398 4554903 4559158 4560712 4562492 4563496 4565554 4573472 4574711 4575864 4577039 4580078 4582475 4584532 4586216 4587567 4588993 4591324 4593693 4594750 4596201 4599001 4599954 4603570 4604464 4607874 4611439 4614886 4618273 4619557 4620225 4621742 4623186 4625101 4625706 4627663 4628440 4631266 4632736 4633904 4635292 4637693 4640252 4640873 4643653 4644731 4645724 4647295 4649777 4651928 4654690 4655700 4657931 4659152 4659927 4663333 4670735 4677692 4679721 4680814 4681985 4683832 4687071 4689307 4690771 4691995 4693168 4695262 4697816 4698819 4702159 4703509 4704207 4705736 4708286 4712230 4716876 4717707 4719283 4720505 4721226 4722229 4726800 4728648 4730730 4731788 4732842 4734155 4735266 4736694 4737463 4739594 4741948 4743046 4743752 4748813 4750627 4753248 4754047 4755281 4756542 4758172 4759901 4762497 4768391 4770341 4771920 4773911 4774939 4779056 4781612 4783999 4786268 4787088 4790156 4792324 4793799 4795045 4800922 4805218 4806910 4812538 4814342 4815912 4816715 4819902 4822145 4826031 4827540 4829062 4830893 4833151 4834083 4834666 4836262 4839942 4842223 4843458 4846161 4847409 4848895 4849996 4852737 4854610 4856468 4858648 4862144 4863734 4868128 4869113 4870932 4872912 4874580 4875695 4876699 4880909 4884074 4887970 4891392 4893673 4895302 4897082 4898443 4904991 4907805 4910695 4912500 4913348 4916409 4920513 4921981 4923431 4927509 4928373 4929384 4936155 4939624 4940301 4943155 4944730 4946536 4952579 4954205 4957861 4961078 4963828 4965906 4967330 4970037 4972904 4975618 4977753 4979282 4980815 4982531 4983764 4988768 4990136 4992049 4994043 4994745 4996583 4997345 4999042 5001652 5002683 5006039 5007433 5009793 5010979 5012275 5016159 5019272 5020160 5023561 5024933 5026820 5027932 5029034 5029993 5032625 5036136 5039091 5041005 5043015 5044311 5045117 5046546 5050096 5051154 5052949 5054587 5056285 5058339 5060067 5062321 5063075 5064984 5068683 5069717 5073778 5075188 5077591 5078757 5081509 5083144 5085382 5086996 5088785 5090207 5092130 5092809 5093452 5095390 5096348 5097332 5099117 5100388 5101799 5103017 5107483 5108811 5109662 5112074 5114045 5115276 5116941 5118435 5120119 5121937 5125257 5129341 5129991 5133931 5136448 5138313 5140771 5144441 5146683 5149064 5150543 5152237 5154200 5155614 5156914 5159764 5162216 5164717 5166463 5169404 5170523 5171405 5172156 5173108 5177082 5178193 5180268 5181712 5183682 5184665 5185436 5187015 5191098 5192277 5192972 5193763 5195559 5196686 5207851 5211923 5213398 5216198 5222762 5225526 5228258 5229201 5231348 5232345 5234460 5236324 5238244 5239841 5240678 5241751 5244097 5245942 5249062 5250109 5251326 5254000 5254675 5256222 5259060 5259852 5260755 5262929 5264588 5265345 5267238 5268232 5270207 5271619 5273366 5274645 5275649 5277000 5278258 5280149 5284061 5285830 5290601 5291762 5292829 5294707 5296649 5301920 5304794 5306332 5308120 5309326 5310279 5311504 5314180 5315436 5317330 5318451 5319467 5320276 5321727 5324102 5326385 5327885 5329010 5330338 5334606 5335840 5337674 5338455 5339891 5343446 5345332 5347394 5348562 5350465 5351247 5352919 5355827 5357382 5359220 5360504 5362831 5363825 5366436 5369390 5370334 5373508 5375461 5376303 5377354 5379850 5380994 5385049 5389427 5390836 5393799 5397806 5401323 5404333 5406294 5407295 5410941 5413904 5414703 5417451 5419667 5423343 5424501 5425849 5426745 5427300 5428232 5432063 5434141 5435591 5439350 5440769 5442365 5443722 5444776 5446985 5448156 5448968 5450635 5452420 5453838 5455067 5457681 5460137 5466522 5467761 5470372 5472637 5481579 5484736 5485654 5489176 5489979 5491219 5498064 5499132 5501210 5504308 5505891 5510093 5511364 5512216 5513673 5516961 5521665 5526500 5530527 5531225 5533509 5536814 5539458 5540314 5542078 5543851 5546350 5548543 5549992 5556408 5558248 5559776 5560995 5562823 5563942 5567340 5569174 5570244 5573336 5574519 5576238 5578844 5581918 5586601 5589516 5591895 5593073 5594327 5596264 5599904 5601115 5603487 5604355 5605134 5607468 5610034 5611639 5614175 5614801 5617718 5620283 5622175 5623916 5624887 5626877 5627566 5631622 5635140 5639134 5644841 5648964 5650081 5652702 5654804 5657377 5658328 5659586 5661813 5662807 5663290 5664039 5667298 5667990 5669240 5671725 5674039 5674937 5678877 5679497 5681626 5683438 5684238 5687785 5689254 5690715 5692037 5697687 5699781 5701665 5702893 5704723 5707132 5710055 5711128 5716375 5719262 5720286 5721276 5722655 5724475 5725602 5726669 5728710 5730054 5731289 5735818 5736892 5738650 5743139 5745066 5747573 5748460 5751245 5752293 5754556 5755670 5756839 5759005 5762731 5763687 5764519 5767209 5768144 5768790 5771572 5773346 5774182 5775981 5776939 5779001 5781003 5783248 5784335 5791748 5795229 5798670 5799758 5801229 5802332 5803164 5804616 5806396 5815848 5816406 5818626 5819912 5820999 5822982 5823833 5824902 5828420 5831679 5832400 5833963 5834788 5836455 5837231 5839177 5841395 5843004 5844417 5847042 5848961 5850034 5856438 5857162 5858168 5858974 5860564 5861483 5862972 5865317 5866313 5867796 5868989 5870840 5872157 5873099 5875611 5877292 5878299 5879410 5881615 5882243 5884308 5885614 5887158 5888484 5890073 5892199 5893212 5894735 5896593 5904653 5907550 5908174 5909371 5910638 5913323 5914111 5916821 5921995 5923371 5924666 5926084 5929522 5933697 5935611 5937109 5940655 5943470 5945250 5946069 5950015 5952291 5953357 5955169 5958018 5959801 5961342 5963943 5966056 5967260 5968641 5971709 5973314 5974302 5976756 5979025 5981605 5982424 5983420 5984028 5988406 5990221 5992336 5993391 5995523 5997778 6000477 6003134 6003888 6006135 6011069 6012341 6014257 6017547 6019678 6021514 6023111 6025394 6026577 6027452 6028699 6032262 6035343 6036267 6038216 6039289 6041330 6043149 6044107 6046587 6048032 6048952 6050571 6055465 6056187 6058631 6059696 6063019 6064707 6066352 6074034 6074798 6075778 6076581 6077193 6078710 6080726 6081676 6082749 6083304 6085404 6087097 6087815 6089986 6090856 6091966 6093096 6097404 6100484 6103575 6106379 6107359 6109760 6112376 6114124 6115026 6116001 6117008 6118740 6119943 6121225 6123614 6127319 6128890 6129968 6131428 6133313 6134592 6135415 6137576 6139303 6141223 6142976 6143726 6146961 6147545 6148880 6153870 6155196 6157182 6159531 6162078 6165603 6166651 6167905 6170305 6171623 6173433 6175439 6179401 6180168 6182375 6183562 6187639 6190812 6195244 6198696 6200915 6201585 6202886 6206671 6208725 6210781 6212807 6215222 6217844 6220020 6221302 6223445 6226461 6231259 6233537 6235144 6236808 6237855 6240767 6244021 6246439 6249769 6253315 6255329 6256411 6257146 6259868 6262807 6265224 6266154 6266839 6270722 6272347 6273119 6276784 6277965 6279248 6280703 6281721 6289735 6291310 6293316 6294996 6297293 6300115 6301876 6304497 6306431 6307991 6309392 6310397 6313429 6315692 6316181 6319826 6320823 6323311 6325943 6329599 6336354 6337634 6340463 6342144 6343409 6350846 6353444 6357623 6358453 6360068 6361670 6365310 6365972 6368250 6369439 6372272 6373306 6375020 6376912 6379404 6381111 6381827 6382913 6383568 6384628 6386216 6387089 6391936 6393224 6395246 6396324 6398326 6399431 6401322 6403081 6405382 6406332 6407697 6409818 6411278 6413156 6414354 6415599 6416961 6418973 6419666 6423435 6424284 6425903 6427743 6428455 6429522 6431045 6432560 6433822 6434816 6437097 6438114 6440940 6441886 6442932 6447781 6450241 6454430 6458133 6459560 6461729 6466405 6467599 6471233 6472456 6476967 6479071 6481248 6482499 6483831 6485383 6487852 6489744 6490600 6495290 6496765 6499588 6504462 6507054 6508650 6510542 6511753 6513540 6519001 6520307 6522251 6522722 6524258 6526863 6529199 6530410 6531096 6531942 6534664 6536184 6539455 6541807 6543805 6544571 6547175 6549421 6552796 6553870 6555429 6556793 6557870 6559598 6564459 6565600 6570474 6572486 6573490 6577383 6580050 6582296 6584771 6586069 6588037 6591090 6592091 6593548 6598693 6600406 6604880 6606055 6610767 6612911 6614275 6615550 6617442 6620290 6621701 6624452 6628290 6629023 6633386 6634850 6635951 6637401 6638284 6639474 6642649 6643789 6645282 6647788 6648684 6651421 6652851 6653511 6657057 6657845 6661484 6665384 6667140 6669705 6673646 6675063 6676021 6677178 6678111 6682735 6684694 6688905 6689840 6690906 6692481 6694548 6695307 6696866 6697909 6698904 6700420 6702371 6704047 6705971 6707361 6710473 6712700 6713542 6715617 6716930 6719490 6720299 6721991 6724214 6725527 6728278 6730244 6731527 6733178 6735996 6737151 6737909 6740094 6741683 6744172 6745997 6748131 6749159 6750419 6751580 6753315 6755198 6758112 6759828 6761721 6763216 6764600 6765610 6767203 6769389 6770513 6771394 6772596 6777566 6780309 6781898 6783474 6786421 6787639 6791687 6793509 6796615 6801886 6805510 6806826 6808450 6810960 6811938 6813040 6814957 6817496 6820567 6821843 6822496 6824668 6826511 6828233 6829719 6831235 6832864 6834828 6837596 6840094 6842114 6842865 6843603 6846179 6848308 6849517 6851230 6852881 6853931 6858186 6860680 6862508 6864111 6864914 6869315 6871923 6874456 6876758 6878200 6879149 6880843 6886795 6888002 6888677 6889474 6891058 6893884 6896062 6900367 6902441 6903477 6904580 6906426 6907414 6908869 6910243 6911502 6912850 6913910 6914927 6915972 6917889 6919809 6920733 6923775 6925885 6927057 6929169 6929958 6932157 6934473 6935852 6936718 6937820 6939102 6943337 6944501 6946029 6948383 6949336 6950370 6951492 6952810 6953922 6954753 6955768 6957088 6958712 6959905 6960582 6962859 6964412 6968748 6969732 6970771 6974600 6977018 6978266 6979136 6981028 6982589 6985143 6987474 6991314 6992304 6993482 6994349 7001332 7005716 7006930 7009078 7010999 7011845 7013586 7017846 7021691 7025737 7027644 7029989 7031144 7032629 7033739 7036159 7036829 7038951 7039746 7041263 7042591 7043819 7045576 7046655 7050273 7052300 7055013 7057324 7064454 7065497 7067444 7069796 7073867 7075449 7076506 7078473 7079654 7082383 7086773 7092583 7095499 7097769 7099183 7100102 7102634 7104239 7105485 7107006 7108615 7109491 7111134 7113293 7114509 7116673 7117226 7118310 7119571 7124202 7126939 7128048 7130899 7132119 7135157 7136750 7140306 7142527 7144993 7146512 7149595 7151299 7153962 7156660 7157763 7158593 7160564 7164666 7165944 7169933 7171108 7172521 7175045 7175962 7176719 7181506 7185067 7186590 7189269 7191351 7193289 7194967 7197512 7198993 7203285 7205509 7206345 7208327 7210708 7212142 7213497 7214844 7215924 7217002 7218796 7222957 7223723 7224841 7225717 7226791 7228247 7230589 7233803 7234840 7237614 7240417 7247235 7249288 7250461 7251900 7252702 7256823 7259327 7260599 7262970 7264625 7268061 7268874 7270727 7276340 7277778 7278391 7282683 7284587 7286246 7288121 7294770 7296432 7297345 7298092 7299845 7300465 7301162 7303261 7304236 7304792 7309091 7310679 7311537 7314172 7317007 7318491 7319599 7320700 7323506 7324555 7326416 7327586 7328857 7330206 7331885 7334809 7336204 7337047 7340965 7342150 7344444 7346398 7349181 7350538 7352407 7353804 7354782 7356577 7357727 7359408 7361294 7362217 7364519 7365278 7366261 7370330 7371631 7376806 7378842 7380417 7382068 7382836 7384233 7386544 7390022 7391078 7392430 7393987 7396040 7396866 7402836 7404645 7407462 7408867 7409725 7411794 7412603 7416731 7417994 7418971 7420207 7422213 7423986 7430400 7432805 7434899 7439202 7441444 7442905 7446248 7448182 7450464 7451694 7452798 7456183 7457332 7459356 7460567 7462618 7464097 7470103 7474310 7475539 7477503 7479900 7481983 7483473 7488754 7489966 7494022 7495060 7496453 7497684 7498418 7500593 7501929 7513406 7515068 7517325 7519080 7519992 7522771 7525980 7527296 7529786 7530460 7531609 7533433 7534643 7537338 7541373 7542292 7546677 7547503 7553374 7557940 7558932 7561054 7565205 7565848 7567410 7569454 7570832 7572136 7573001 7574035 7574710 7575390 7578980 7580812 7581947 7584272 7586278 7587691 7594535 7595557 7598323 7601062 7605018 7607196 7609161 7612385 7615550 7616672 7617228 7619210 7620887 7622298 7623342 7625013 7625972 7626778 7630033 7632216 7633099 7634201 7637928 7642136 7642988 7643954 7645113 7646203 7647512 7648798 7650332 7652156 7654812 7655509 7657634 7659388 7664199 7664872 7666965 7669293 7671354 7672914 7682946 7683888 7685748 7687617 7692619 7694939 7699272 7702471 7704613 7705985 7708656 7709388 7710550 7711390 7712791 7713987 7716760 7717723 7719638 7720387 7721168 7721958 7724011 7725102 7729986 7731450 7733424 7734584 7738300 7739125 7739966 7740540 7741438 7743988 7745036 7745618 7746902 7748484 7749740 7751125 7752661 7753788 7757547 7759647 7760978 7761600 7764730 7765364 7767444 7770330 7771488 7774022 7776474 7779436 7780753 7781549 7782561 7784347 7787606 7788676 7790492 7791973 7793753 7794578 7795452 7796951 7800439 7802023 7803742 7804640 7805887 7808263 7812183 7813635 7817940 7819083 7820708 7823375 7824844 7826832 7828909 7833516 7835522 7837621 7838626 7840457 7842748 7844491 7845507 7846898 7848061 7850532 7852152 7854229 7855155 7857042 7859326 7862200 7863755 7864386 7865789 7870417 7871129 7872999 7876664 7878360 7879691 7882557 7883260 7886656 7887432 7888982 7890283 7896152 7898466 7899029 7902508 7903403 7905848 7909775 7910314 7912337 7914062 7915536 7919718 7921278 7922644 7925043 7930039 7931076 7934448 7936332 7938459 7939520 7941320 7944838 7946464 7947352 7948474 7951452 7953629 7955640 7956593 7958849 7963888 7966061 7967851 7971979 7972959 7975854 7978243 7978989 7980527 7981891 7982638 7984717 7987244 7988840 7994087 7994923 7996064 7997719 7999757 8001664 8002797 8004458 8006847 8008514 8010050 8012109 8018943 8022112 8025722 8026372 8028422 8029207 8030269 8031657 8034354 8035822 8037402 8040336 8043981 8045409 8047370 8050011 8050878 8052389 8054151 8059442 8060361 8062089 8064714 8065413 8066545 8067777 8069854 8072353 8074324 8075561 8078195 8081397 8083484 8085113 8085830 8091104 8092171 8094203 8095763 8096869 8097924 8101275 8102680 8103484 8105753 8107564 8108559 8110955 8111972 8114293 8116411 8118871 8120299 8123164 8124424 8127259 8129190 8129950 8131341 8133314 8135285 8136679 8137622 8139841 8141428 8142562 8144115 8145104 8146344 8148361 8149957 8153526 8155063 8156397 8160276 8161448 8163265 8164257 8165185 8166173 8167213 8171328 8175203 8177231 8182639 8183341 8184279 8186654 8189632 8191828 8192465 8196137 8198953 8199821 8202747 8209288 8211987 8217343 8220027 8221726 8224468 8225237 8226467 8229509 8231641 8236552 8238128 8240946 8246827 8247954 8249821 8251408 8252679 8253635 8254946 8257768 8261037 8262040 8265729 8266804 8271033 8277384 8278816 8280207 8283791 8284395 8288041 8289308 8290720 8293137 8295069 8296210 8298309 8299296 8300490 8302232 8302889 8305472 8306989 8310165 8311520 8314674 8316757 8317590 8319037 8320792 8324578 8326842 8329192 8332151 8333722 8334964 8337834 8338630 8339976 8342869 8344008 8345606 8347449 8349665 8350725 8352701 8353493 8355969 8356842 8358901 8364333 8367105 8368462 8370373 8371921 8373841 8375453 8376580 8378336 8379544 8381411 8382254 8384824 8390567 8391347 8395966 8396563 8397284 8401262 8402445 8404861 8409286 8410491 8411301 8413529 8414702 8415618 8421833 8425514 8428176 8429263 8430744 8433002 8434217 8435843 8438257 8440825 8442608 8447181 8450185 8451675 8452565 8454717 8457140 8458562 8459347 8460630 8462696 8463913 8465146 8466529 8467429 8469822 8473540 8475940 8477568 8478450 8481537 8484560 8485918 8487689 8488847 8491361 8493188 8495031 8496952 8497910 8499631 8503821 8505903 8508144 8509763 8512403 8514521 8515366 8516019 8518441 8519235 8521457 8524890 8526267 8527027 8531024 8532126 8533204 8536908 8538090 8540581 8543218 8544810 8545552 8547305 8549615 8550691 8553350 8559417 8560522 8562469 8563398 8565935 8566980 8567792 8570109 8572092 8573880 8580968 8582841 8583967 8585902 8588082 8590317 8591384 8592911 8594117 8596034 8598131 8600975 8602179 8603583 8607190 8608556 8610245 8610945 8613387 8616543 8618331 8619155 8620901 8622761 8624304 8625303 8628209 8630559 8634220 8636009 8637417 8638798 8639810 8641088 8642063 8645759 8646769 8647715 8650088 8652419 8655627 8658447 8659186 8660430 8661842 8664602 8667828 8670326 8675074 8677103 8678118 8679652 8680526 8682548 8684383 8685506 8693288 8695251 8696253 8697202 8698421 8700099 8702227 8704138 8705483 8706528 8708933 8712125 8713300 8719271 8720309 8722223 8724199 8724777 8726926 8730119 8731099 8735396 8737444 8739638 8740784 8742108 8743311 8744866 8745818 8748024 8751695 8752373 8754255 8756217 8757758 8759659 8763230 8766738 8768460 8771567 8772762 8775015 8778165 8778933 8781372 8782533 8784133 8784925 8786508 8789118 8792587 8795080 8797971 8798908 8800307 8801191 8803894 8806165 8807424 8809370 8811184 8812375 8813992 8815733 8818022 8819892 8827934 8830859 8835353 8837273 8839950 8841684 8844625 8845460 8849896 8852072 8853583 8857604 8858912 8862764 8864221 8866208 8867216 8868680 8869754 8872067 8873652 8875005 8876061 8877486 8883284 8884816 8887780 8889551 8891537 8892493 8895398 8896561 8897463 8898888 8901436 8902345 8904535 8905584 8906448 8908397 8910731 8913503 8915507 8916698 8918480 8919454 8920447 8924113 8926223 8927526 8928167 8930679 8931591 8932882 8936722 8938860 8945087 8946908 8949370 8950240 8951378 8953219 8954163 8956451 8957949 8958690 8960041 8960819 8961884 8962933 8963611 8965468 8966867 8968314 8970554 8972194 8973113 8975325 8978140 8979733 8981182 8982132 8984445 8985809 8988154 8989444 8991080 8994286 8995820 8998174 8998964 9000806 9003398 9005737 9007514 9009566 9010909 9012697 9013589 9015396 9017351 9018500 9020726 9022173 9023532 9025663 9026633 9028699 9029763 9032476 9033417 9035383 9036486 9038630 9040543 9041483 9048979 9050148 9052042 9054503 9056257 9058326 9059807 9061454 9062845 9064135 9065984 9067817 9070017 9074989 9078540 9081437 9083146 9085249 9086543 9087268 9087879 9090056 9091619 9092571 9094673 9095377 9098551 9100021 9101399 9103011 9107719 9109953 9111679 9114282 9116718 9117882 9118789 9119683 9120907 9121704 9125738 9128772 9130632 9132617 9134867 9137475 9138636 9140031 9141398 9142489 9143392 9143916 9145686 9147772 9148667 9149910 9151761 9153460 9154671 9156776 9160473 9163035 9167537 9169389 9170823 9172030 9173451 9175866 9177049 9177840 9178953 9179907 9180805 9184118 9184906 9186684 9187714 9190205 9192539 9195809 9200090 9201795 9203911 9205721 9206307 9208337 9209813 9212189 9213783 9218447 9220316 9223073 9225465 9226530 9228729 9231632 9232259 9232756 9238198 9240719 9241628 9243374 9246817 9247761 9248888 9250636 9251834 9253861 9255279 9256406 9257655 9260649 9263467 9264311 9265524 9266318 9267076 9269526 9270177 9271003 9272070 9273967 9276262 9277645 9279387 9282690 9284663 9286810 9288343 9294505 9298697 9299757 9300578 9302278 9303571 9304896 9307024 9309794 9311587 9314023 9314893 9316008 9317663 9318709 9320138 9321626 9325712 9329685 9333658 9334991 9337090 9338878 9341087 9342183 9344168 9345597 9346560 9348225 9349909 9351196 9351969 9356038 9357602 9358321 9360549 9363157 9364516 9365202 9369806 9372152 9373287 9377108 9378110 9380608 9383188 9384860 9385491 9386288 9387283 9390593 9392675 9394293 9395525 9396750 9398067 9399760 9403111 9404158 9405553 9407943 9409998 9411490 9414204 9415682 9421302 9425267 9427869 9430033 9431501 9433671 9434524 9436251 9438086 9439481 9440572 9441714 9442718 9445371 9446369 9447660 9452529 9454187 9455156 9457256 9458167 9463827 9465205 9466980 9470220 9473127 9474336 9476570 9478041 9481719 9482454 9483812 9484956 9486946 9489084 9491856 9493195 9496862 9497673 9499318 9500905 9504614 9505776 9509056 9509802 9510975 9511955 9512820 9513872 9515072 9517259 9519497 9524317 9528036 9531469 9533192 9536479 9538008 9539409 9543102 9544966 9546888 9552261 9553041 9558731 9560190 9562151 9563120 9566999 9567927 9570808 9572458 9576149 9576886 9578510 9579522 9581348 9582120 9585931 9587006 9589471 9592564 9593336 9594795 9596052 9599043 9603791 9606912 9609200 9610464 9611727 9613933 9617912 9619401 9620583 9623037 9625251 9627969 9629327 9630619 9632988 9634892 9638078 9640299 9642299 9646154 9647047 9650087 9655085 9657137 9659606 9661115 9663155 9664755 9665898 9668217 9670703 9671354 9673440 9674425 9675970 9677037 9677963 9680025 9682225 9683473 9684244 9686652 9689995 9693593 9695050 9696171 9698728 9701408 9702747 9706567 9707558 9710550 9711620 9714355 9717182 9718549 9720049 9723560 9724609 9726196 9731704 9733038 9737413 9739734 9741311 9744340 9747257 9751820 9754470 9756154 9757870 9760097 9761167 9764604 9768663 9770202 9771451 9772452 9773861 9775096 9778097 9781197 9782509 9784696 9785558 9787910 9789064 9792393 9793590 9794586 9796395 9798223 9799135 9801514 9802413 9805484 9807663 9808562 9809650 9810438 9811361 9813996 9817872 9819766 9821054 9823965 9825068 9828116 9830379 9831076 9832155 9834598 9836366 9837871 9839390 9840519 9842228 9843537 9848873 9850068 9851585 9852573 9855204 9856971 9860914 9862263 9864204 9865013 9866529 9867730 9869116 9870209 9872584 9874357 9875592 9876491 9880705 9882614 9885410 9886556 9892141 9893269 9894078 9894838 9895761 9897666 9901714 9904742 9906012 9906809 9907910 9909196 9911709 9916615 9918640 9919711 9920823 9923430 9925611 9926260 9927484 9931134 9931891 9932573 9933098 9934235 9938019 9940314 9941791 9942671 9943966 9947172 9948234 9950880 9954530 9960465 9962802 9964123 9965381 9967130 9969205 9970397 9973339 9976364 9978448 9979557 9980748 9981289 9983737 9985103 9986732 9989674 9991157 9996136 9997876 9999641 
</Matrix>
<Matrix name="Neuron_141" type="complete" rows="1" columns="2167" multiplier="1.0">
   7429 11521 13104 14709 27791 42302 49537 62861 68935 73145 77850 84071 86532 94924 97862 104503 110831 123372 126801 137224 142666 147529 167477 175321 177326 178126 179075 181451 182603 184064 186825 199318 205137 211233 213398 214413 215210 217455 226928 237602 249464 253196 259673 271529 280210 288599 292573 300931 309253 310293 313687 314934 316239 318235 324040 325303 327556 328541 331133 335164 350788 357084 364471 368035 369933 374429 375908 388617 392082 394538 400308 401657 406553 408665 411574 413317 416739 431061 443498 447244 448905 450867 455626 456714 462365 466766 472034 478331 480630 484955 487617 489959 500839 507593 511182 522776 528313 532984 535917 542312 555888 557656 561542 568738 575428 576796 580836 582644 591001 592101 594274 600338 601341 604328 614377 615424 617605 619653 635796 641083 643692 648532 653099 671126 674656 680680 682220 684131 688304 691027 692550 693771 700071 701870 706996 714749 716194 727008 728637 731806 735559 737280 739528 742916 753504 754815 767370 771348 774174 783051 791911 796415 799823 809648 812068 825128 830610 841627 844801 846086 854929 856617 857656 859353 864658 865418 868063 875000 883809 885726 894903 895679 897668 899964 902362 911344 914164 921203 930834 936041 939939 941898 944182 946678 948317 950094 952943 959721 976493 979167 988759 991502 994699 1002023 1005024 1007803 1011428 1012231 1023866 1025729 1027760 1037674 1040782 1043075 1055236 1063415 1073185 1075267 1077813 1082754 1085426 1086880 1091576 1093975 1100942 1102251 1112037 1116297 1118288 1122224 1123520 1125661 1130259 1133454 1135893 1139080 1139940 1141957 1152631 1159944 1160881 1162676 1173293 1174292 1175497 1177049 1178295 1188701 1199274 1200664 1202100 1208726 1210965 1214783 1221764 1223830 1227859 1231194 1234622 1240111 1241506 1252002 1257459 1264658 1269091 1270393 1281962 1286908 1292184 1293639 1296492 1299164 1304529 1310881 1317908 1319054 1336511 1348243 1350857 1354580 1359626 1364607 1377828 1381466 1385264 1387055 1392909 1396547 1403176 1408724 1415324 1420642 1424633 1426673 1429495 1433738 1442043 1442801 1444040 1449108 1451605 1454245 1463131 1467349 1475041 1477964 1483905 1487365 1488820 1490043 1491803 1501009 1503295 1508465 1520632 1522529 1524990 1527284 1537888 1544829 1547455 1553317 1561240 1564472 1566886 1569279 1582175 1593560 1597879 1602865 1604037 1610821 1613239 1620245 1626523 1628927 1630224 1633236 1637541 1639144 1640168 1658143 1666153 1673419 1674886 1676050 1685273 1687162 1690958 1693761 1699923 1704583 1707862 1715510 1722641 1723848 1730322 1731952 1733457 1737887 1746421 1749681 1750665 1753447 1758429 1763573 1773128 1774019 1777684 1783573 1796186 1803059 1807616 1810202 1814974 1820036 1830725 1833876 1835420 1837009 1843417 1845958 1851130 1865817 1867669 1868507 1871307 1875549 1878733 1880872 1887617 1891836 1894939 1896972 1909734 1911784 1918135 1921269 1925716 1927424 1930218 1934502 1939542 1940610 1953230 1955623 1958794 1961170 1962348 1964958 1967315 1969257 1972875 1975006 1978447 1981864 1983432 1995006 1996999 2005076 2007468 2011045 2014169 2037874 2044905 2050668 2059849 2064097 2074308 2078406 2089174 2096108 2098806 2104238 2106709 2109559 2116644 2120288 2124208 2126325 2137954 2141402 2147382 2158919 2161641 2162398 2163504 2166936 2171681 2178449 2181733 2188328 2200041 2216160 2224434 2227736 2229403 2231933 2235275 2239007 2239939 2244415 2248080 2249861 2251788 2253339 2254768 2256986 2258389 2259525 2260664 2261967 2265804 2267289 2275333 2280053 2290360 2303775 2306065 2322631 2323598 2325958 2327663 2329875 2333608 2337744 2338843 2341936 2345372 2348199 2352499 2355094 2357842 2364367 2367596 2370568 2376906 2377622 2382778 2384033 2389596 2390704 2395202 2396274 2404772 2406715 2409081 2410690 2414192 2418701 2421608 2423672 2428942 2430096 2434028 2438085 2438822 2441720 2443906 2445840 2450864 2453913 2459199 2462184 2465251 2467439 2471322 2474571 2476333 2477201 2480550 2482517 2484665 2489612 2492301 2495728 2505180 2512570 2517262 2525983 2526978 2534262 2536425 2538292 2543846 2548758 2563355 2571308 2572795 2574765 2581016 2586211 2597439 2603740 2605901 2607440 2611650 2614037 2618965 2632761 2650038 2652100 2661480 2667454 2669063 2670940 2674041 2680661 2685466 2694018 2699601 2703842 2713326 2716461 2718122 2721938 2730202 2739760 2742451 2747094 2749869 2757457 2770174 2787889 2788934 2792666 2796025 2798604 2799550 2803279 2804290 2811249 2812863 2837649 2845644 2856214 2859614 2862797 2874048 2877501 2878554 2882589 2884386 2886031 2889209 2893704 2919652 2923115 2925544 2933201 2942428 2946448 2948176 2949538 2953489 2954810 2956480 2957757 2960788 2974423 2988632 2991349 2993097 3010380 3013035 3021436 3039302 3042202 3047148 3050814 3053475 3057797 3065590 3069198 3070860 3072755 3079766 3086100 3090930 3093335 3100201 3101431 3113369 3116789 3118684 3123638 3124524 3129021 3130395 3134172 3136627 3146428 3150481 3155998 3164930 3168598 3173594 3175056 3178152 3183809 3186367 3190135 3191753 3196618 3200796 3202779 3203986 3209501 3212763 3217686 3225993 3227164 3228432 3229351 3234083 3235337 3237356 3241154 3246865 3250237 3251336 3256052 3266845 3270389 3275850 3280710 3288672 3301308 3306818 3311386 3312593 3314934 3316018 3321170 3324352 3328355 3333812 3336093 3350351 3356050 3362626 3363942 3366854 3371262 3372272 3374169 3378200 3379576 3384084 3388340 3392505 3393390 3396354 3400959 3402373 3418358 3420851 3422377 3428385 3429790 3431942 3433641 3445996 3446734 3451536 3453222 3455500 3471917 3475592 3477573 3478462 3481416 3484702 3491162 3493618 3495884 3496675 3506689 3508262 3513437 3515262 3529715 3534715 3538821 3539902 3544937 3550633 3553380 3556944 3563112 3566433 3568177 3574559 3591030 3604872 3605858 3611660 3613945 3615794 3619538 3623109 3624755 3633886 3645026 3645967 3648258 3651465 3659875 3664600 3671434 3675566 3679205 3687179 3694602 3697733 3701487 3706364 3710667 3714659 3725346 3729348 3739844 3741421 3747895 3753766 3756619 3761831 3764357 3766452 3770146 3775136 3778574 3783599 3787158 3791043 3794466 3795446 3798122 3800849 3802754 3812087 3814083 3817469 3819106 3820403 3823286 3825777 3830638 3839016 3843781 3844728 3849169 3857299 3861240 3863083 3864107 3870626 3873743 3876970 3878894 3881634 3884748 3886537 3893076 3896467 3902038 3908818 3914232 3914968 3918090 3921294 3924735 3927561 3929652 3933880 3935648 3940725 3949728 3960705 3969362 3977810 3979117 3986433 4003059 4007314 4011041 4012862 4022874 4025998 4036273 4037153 4040035 4042361 4048489 4052669 4054204 4056684 4066402 4075660 4077519 4081979 4083343 4092784 4101558 4107789 4109571 4111738 4119855 4127797 4137208 4139608 4142612 4145782 4152319 4153438 4156959 4160995 4164383 4166406 4168439 4170172 4172657 4175082 4181299 4183626 4185559 4197873 4201507 4208103 4210592 4213216 4213977 4220443 4229151 4232331 4241838 4244760 4246692 4251553 4252560 4254736 4258391 4260657 4266552 4270830 4271589 4282647 4285056 4287566 4289990 4291117 4300510 4303322 4308349 4309884 4314912 4316260 4319369 4333812 4338172 4343223 4345909 4347512 4353958 4357242 4358834 4360420 4368426 4378445 4381845 4385421 4389236 4391585 4401901 4412813 4417654 4426237 4428996 4433785 4434803 4438426 4454410 4461051 4462818 4468746 4469637 4472541 4478728 4482053 4482902 4487397 4490157 4496239 4499038 4504241 4505843 4511668 4513685 4521156 4521986 4527791 4528778 4531707 4539590 4546342 4551268 4552046 4556992 4562432 4564320 4569989 4570912 4581318 4593724 4594698 4598412 4604595 4611866 4618820 4621890 4623065 4630219 4635541 4636908 4638169 4641016 4646530 4649683 4651098 4661387 4663323 4667912 4672660 4680718 4684168 4685198 4687976 4690551 4695988 4701199 4704729 4707911 4710326 4712104 4713167 4715678 4717381 4726634 4731160 4734849 4765064 4766325 4767590 4768658 4770960 4773608 4777174 4779680 4783738 4794097 4797496 4801370 4805860 4810895 4811967 4813409 4814586 4817376 4819462 4825473 4827705 4828805 4837809 4839082 4843681 4849565 4856033 4870407 4874104 4876958 4881220 4882711 4884346 4888015 4889628 4892419 4895342 4899927 4905599 4912433 4919258 4920359 4921079 4937869 4940778 4950222 4954707 4956080 4959755 4965504 4967526 4969279 4970300 4971879 4977877 4980782 4985668 4988353 4989691 4993603 4999351 5001130 5003394 5005209 5006530 5011072 5014704 5028381 5034616 5036916 5042498 5053510 5061030 5063062 5064013 5071584 5075177 5078603 5079577 5080912 5087270 5088013 5089051 5090451 5092156 5102736 5104609 5114473 5117737 5120768 5130329 5133890 5142118 5144260 5149282 5152916 5158814 5160212 5174823 5179736 5181568 5194047 5195808 5198566 5202602 5205674 5215028 5222859 5227959 5239126 5245086 5247593 5249535 5254050 5267008 5268328 5269577 5273715 5275741 5304272 5309947 5316458 5324308 5329359 5333248 5338511 5347113 5349663 5362923 5364966 5371485 5375275 5376617 5380108 5382995 5386438 5394178 5396800 5406859 5412362 5414832 5416281 5419590 5427672 5431531 5435421 5437989 5446836 5450008 5452539 5454097 5455200 5459162 5462699 5465185 5474303 5477470 5478830 5480600 5482670 5485252 5487165 5493400 5500972 5503860 5511959 5520975 5522384 5524069 5526826 5535751 5545033 5552273 5557657 5561171 5564463 5567190 5569030 5571449 5572287 5575217 5577006 5580361 5583525 5590051 5592043 5600306 5609543 5613127 5616360 5619764 5620760 5621815 5626476 5629016 5634222 5643377 5646516 5660259 5666190 5667613 5674921 5692423 5695245 5697803 5701762 5706281 5708700 5710996 5714278 5728028 5729892 5733654 5745601 5748425 5750187 5755906 5763778 5766514 5768533 5769364 5776690 5782049 5802496 5803859 5807748 5810889 5811595 5813529 5815526 5820606 5822408 5824111 5826578 5829552 5832710 5841217 5844569 5849134 5854814 5857044 5864970 5872877 5874642 5879157 5883171 5891427 5895288 5906912 5908127 5910072 5910794 5913700 5915851 5925022 5931540 5932859 5947681 5951250 5953428 5955298 5957638 5962651 5966284 5970199 5972864 5978820 5980175 5984389 5985842 5990493 5992282 5994655 5998140 5999941 6002185 6003807 6007512 6010809 6012344 6013756 6016189 6035908 6039377 6043052 6048439 6053223 6059303 6065070 6068258 6076637 6080357 6084750 6085566 6087612 6095529 6101779 6105689 6109366 6112257 6115620 6134542 6136293 6138529 6140759 6143961 6147972 6152717 6156039 6164645 6179215 6182689 6185248 6187178 6191149 6193487 6203797 6207122 6212775 6214157 6224292 6228518 6240533 6242050 6244032 6247638 6252123 6253239 6257672 6264941 6267411 6274227 6283477 6286129 6293732 6295031 6295865 6303202 6306515 6307382 6310545 6312323 6313041 6314766 6319579 6323893 6324849 6328348 6330839 6336310 6338123 6339889 6345271 6348007 6349378 6353993 6358876 6368411 6383003 6390151 6392251 6395228 6403573 6404609 6408864 6410410 6411894 6413458 6415151 6427125 6428930 6431143 6433931 6435380 6439260 6445225 6446214 6447470 6456428 6458129 6462600 6467642 6470194 6475692 6477352 6489431 6493076 6503162 6505208 6507652 6509285 6515359 6516826 6520425 6521871 6523162 6524229 6534119 6551173 6555917 6560350 6563792 6565539 6569890 6573245 6578443 6582372 6584787 6590204 6593956 6605261 6609780 6615579 6618376 6632820 6638894 6642048 6643481 6649794 6652315 6657977 6664881 6673408 6677282 6680836 6681802 6682672 6684651 6686845 6689788 6693766 6695557 6701849 6704358 6712840 6715200 6719748 6725345 6729488 6741976 6751541 6753462 6758198 6762518 6766358 6773524 6778767 6781566 6785519 6794132 6796386 6798827 6811944 6814848 6821285 6829667 6831059 6833902 6836887 6838332 6839648 6841575 6842981 6847269 6850728 6859977 6861944 6865409 6869360 6871044 6874568 6876536 6877583 6885286 6886992 6888742 6890880 6892533 6893470 6899112 6901233 6905301 6909178 6911531 6914873 6915663 6917463 6918780 6922433 6925654 6926648 6940051 6945250 6948114 6949546 6952710 6960902 6961627 6966753 6967561 6971763 6973752 6974911 6978347 6990937 6997372 6999416 7007457 7011751 7024249 7025347 7028820 7034341 7042669 7043981 7048552 7062757 7070522 7072530 7081982 7083968 7085451 7087722 7094688 7106537 7111818 7115673 7117415 7125499 7128254 7134965 7139804 7141680 7144639 7146442 7149411 7156458 7161784 7164546 7168061 7172224 7177692 7179042 7187865 7190804 7194540 7198816 7202869 7205191 7206173 7222689 7234146 7235921 7238756 7253023 7257413 7260933 7263610 7276671 7284452 7287469 7290888 7295478 7301220 7306713 7322586 7332794 7335993 7343205 7347544 7349115 7349937 7358313 7363122 7364624 7370921 7373950 7378344 7380207 7385705 7387498 7394390 7401303 7411927 7413964 7416085 7420588 7426821 7437113 7445041 7446587 7458986 7462772 7473721 7478963 7479908 7481817 7488778 7490220 7494868 7498759 7502439 7504310 7507120 7517508 7519660 7532911 7535329 7541000 7544553 7547192 7553212 7560641 7569594 7578759 7581490 7585440 7591068 7593820 7596654 7601366 7606675 7609219 7612559 7627244 7631810 7635667 7636718 7638644 7644818 7649455 7650882 7651866 7655856 7657913 7665828 7666916 7668265 7672839 7687384 7689024 7692647 7699496 7701805 7710888 7712960 7715266 7721135 7723971 7732582 7746357 7747434 7756459 7758410 7760346 7767616 7777922 7779589 7781129 7782950 7785049 7788927 7795558 7800200 7807368 7813893 7819534 7824683 7826973 7827827 7840866 7842896 7852987 7854497 7863945 7870707 7873069 7874057 7876562 7877262 7880609 7885679 7890765 7895683 7904116 7907645 7910532 7912511 7915157 7925088 7934013 7936605 7938946 7940486 7944062 7945863 7946496 7950300 7951357 7952780 7956963 7958007 7961248 7966569 7971133 7974083 7981987 7983113 7989202 7992300 7996865 8000731 8003383 8009695 8011186 8015621 8031261 8033420 8035672 8037976 8040992 8042481 8045008 8047469 8063174 8064803 8066627 8075281 8082889 8098700 8099703 8106525 8110565 8116160 8122086 8124554 8129415 8133769 8137956 8147201 8151406 8155146 8156438 8162710 8169145 8169955 8174831 8184441 8188138 8191706 8199282 8201548 8209375 8215193 8217364 8220136 8227046 8231435 8242817 8247658 8251138 8257831 8261041 8267534 8275040 8277179 8278239 8280765 8285274 8288825 8291348 8293404 8295134 8299186 8300453 8303324 8312192 8317377 8318152 8320389 8331071 8335510 8340545 8342819 8346867 8353137 8359932 8362738 8366451 8370363 8374900 8376372 8377989 8382662 8383891 8388644 8391704 8396380 8400198 8406310 8417554 8418691 8421468 8422822 8426829 8431544 8433959 8437330 8444162 8448731 8454862 8460580 8462836 8468657 8469852 8481387 8485901 8487235 8498504 8499923 8501302 8502921 8504763 8508549 8518376 8521768 8525205 8529789 8530407 8531515 8532818 8534030 8541536 8547072 8549209 8557856 8560934 8563082 8565231 8567791 8568979 8573705 8574521 8576453 8589766 8591194 8597526 8599768 8608158 8611362 8614689 8621716 8623901 8627273 8630970 8632274 8639852 8640663 8654160 8660159 8663359 8673472 8674776 8679347 8682942 8684301 8689521 8692200 8693171 8699574 8704074 8705601 8708031 8710052 8711033 8716660 8717740 8725199 8732585 8733978 8736262 8738914 8740032 8746089 8747405 8748958 8753012 8759156 8761268 8763719 8766495 8769672 8771632 8772638 8774474 8782110 8786215 8798359 8806706 8812447 8814747 8825576 8827333 8842547 8855721 8857665 8862015 8870049 8874303 8877378 8883761 8885007 8888042 8891303 8893286 8894403 8895424 8896798 8899648 8902388 8914604 8930784 8932714 8934866 8948767 8958672 8963483 8965438 8973280 8976272 8982577 8984649 8986234 8988565 8990833 8993791 9008425 9012507 9015405 9021496 9024861 9027464 9030160 9034818 9038680 9040742 9045314 9056061 9056775 9066924 9074844 9076497 9081190 9096662 9098010 9100759 9102556 9105753 9106530 9112134 9113274 9117272 9118646 9122022 9125089 9129007 9131637 9139318 9141547 9150966 9155079 9161046 9170129 9173682 9175834 9177525 9181014 9182124 9191128 9192480 9194281 9199656 9206757 9210075 9213060 9220150 9222513 9225630 9228808 9229561 9235477 9243472 9245037 9255777 9257363 9262672 9263960 9267060 9272001 9280266 9282748 9295619 9299632 9305347 9306324 9311723 9313160 9317278 9320624 9323142 9328747 9332631 9336739 9339442 9341119 9351171 9353031 9362665 9372460 9374804 9378830 9384048 9388152 9392631 9393983 9395663 9400932 9405423 9407059 9408407 9409768 9419352 9421312 9424155 9427297 9428852 9430908 9436657 9441072 9447373 9450760 9452028 9459136 9459944 9462949 9467625 9476697 9481447 9482823 9489530 9499352 9501823 9509897 9511661 9513004 9517373 9523257 9526573 9528800 9530105 9539335 9545272 9548628 9549985 9553006 9557252 9560851 9563477 9576552 9579736 9582911 9596000 9608715 9612155 9614173 9615977 9618444 9620352 9626242 9627429 9631203 9633187 9635573 9643305 9649156 9650220 9654445 9657928 9664939 9669744 9671937 9673989 9675955 9681819 9698230 9700445 9710616 9712820 9714522 9717805 9720321 9722648 9725109 9726523 9742795 9749045 9750018 9758770 9762764 9764822 9767379 9769019 9770645 9772774 9774516 9776468 9778044 9782749 9783620 9792624 9794899 9795744 9797565 9801437 9806925 9820616 9824104 9825645 9829085 9831422 9834695 9839526 9842460 9843714 9844543 9851491 9859774 9862622 9867084 9868056 9873357 9876347 9879229 9882839 9885516 9888966 9891352 9893950 9897663 9900990 9904126 9905556 9912319 9914627 9919027 9919933 9921256 9928255 9931990 9934548 9938772 9953016 9954059 9972224 9980226 9987030 9991744 
</Matrix>
<Matrix name="Neuron_144" type="complete" rows="1" columns="592" multiplier="1.0">
   24243 32915 40068 49508 91361 113157 164682 172604 177084 184241 192147 200587 215354 228447 230488 240311 269134 303108 306764 327894 338216 360313 431735 437185 450620 457726 459105 465625 468362 481024 491019 508647 530388 542521 551303 554500 573212 586536 641538 657296 659477 680654 690804 699788 705263 712368 725969 729053 766613 769954 841930 847038 880107 894086 908369 910109 928883 932978 933866 951894 980306 994087 1001515 1030969 1044293 1098401 1111214 1115952 1142350 1145274 1154957 1178449 1213684 1229944 1252168 1265826 1336157 1341955 1368834 1382680 1405455 1433380 1451843 1483999 1494787 1496461 1498529 1587996 1619264 1632733 1637810 1670417 1692039 1725909 1731233 1765752 1775937 1781241 1809349 1819553 1832728 1836772 1880979 1895341 1918349 1927808 1965189 2007925 2017919 2020023 2030850 2042299 2049475 2058632 2060045 2068605 2072806 2075844 2096334 2127564 2142598 2149147 2152998 2160252 2172263 2173882 2179946 2202035 2221928 2314886 2332832 2345629 2383291 2389395 2395241 2406465 2423698 2460944 2474685 2488365 2489799 2517386 2536080 2546662 2551439 2566607 2588881 2616960 2634138 2641207 2642659 2653562 2654738 2676963 2738509 2740170 2747621 2766146 2769962 2771159 2774273 2776857 2779338 2793044 2799810 2804186 2872007 2894258 2898752 2989564 3001630 3013800 3053325 3054571 3064297 3075417 3088314 3091021 3111253 3140026 3144103 3147380 3164566 3165381 3175436 3187933 3227846 3231555 3238037 3251024 3261049 3270188 3301083 3319566 3325502 3376175 3384709 3391934 3400595 3407832 3410969 3426500 3452062 3454557 3472017 3486249 3502894 3517832 3519543 3563540 3585572 3614328 3622341 3649167 3671329 3685003 3737914 3765896 3790986 3793035 3823881 3840947 3845413 3877332 3912771 3940989 3954399 3981444 3985821 3990451 3992616 4006401 4027698 4029779 4031715 4035114 4078242 4080726 4086969 4091161 4115296 4122746 4136263 4150921 4162425 4164081 4175071 4182059 4183462 4192753 4214277 4221064 4226614 4230818 4255829 4257164 4276342 4281412 4313532 4315024 4328129 4333057 4361496 4381835 4405926 4412079 4431872 4450920 4489680 4490952 4509433 4525316 4528248 4541903 4550829 4587018 4611464 4630821 4635477 4639774 4641910 4664624 4672254 4674286 4679746 4691643 4702536 4716573 4727922 4740891 4742876 4808739 4826106 4838713 4848451 4850753 4852843 4855688 4867572 4870260 4871547 4921912 4923922 4933058 4940450 4955350 4963567 4991227 5010993 5016550 5020719 5046701 5065761 5071272 5099329 5120021 5131108 5141427 5170630 5226424 5262138 5268583 5315489 5352712 5378403 5388323 5395932 5426977 5430337 5446268 5470973 5506059 5527449 5554735 5593141 5613313 5634766 5683388 5688635 5747897 5751316 5752735 5754211 5757049 5767153 5768378 5775756 5796101 5822037 5827408 5837162 5850966 5857139 5864364 5874744 5895168 5902661 5909503 5914955 5923036 5932795 5955641 5969677 5982970 6006221 6025627 6027789 6029039 6033881 6071937 6089354 6095954 6120955 6122755 6130379 6168876 6210480 6226378 6229933 6249041 6280051 6296003 6296911 6303389 6324461 6351568 6385253 6398334 6403537 6450407 6463645 6533026 6540240 6555120 6576377 6583473 6586375 6594384 6620009 6629117 6677494 6686389 6713799 6717981 6746241 6759600 6792523 6817304 6822069 6849630 6876229 6877732 6894582 6900662 6911200 6926975 6931797 6937215 6951342 6954306 6968933 6974513 6990368 7012222 7035749 7069829 7092799 7098420 7116135 7121707 7131288 7158168 7189969 7208207 7230290 7236071 7267237 7276633 7296389 7312198 7320065 7331768 7360696 7395040 7411882 7425029 7427767 7430989 7435802 7459654 7461914 7477986 7493918 7557037 7566499 7582809 7598449 7615006 7625167 7629008 7634114 7655368 7659208 7689478 7709823 7719094 7726863 7730982 7741996 7779731 7848853 7865956 7917310 7919861 7941492 7946847 7948289 7953633 7986988 7991464 8033762 8038053 8041056 8042956 8061984 8072695 8081273 8126153 8198199 8222875 8224582 8227178 8269291 8276496 8278299 8287894 8304100 8310793 8326847 8328777 8393197 8416193 8446459 8457831 8462186 8467110 8500282 8506565 8509591 8533737 8558103 8594951 8646379 8674369 8676241 8679874 8681278 8708388 8712256 8719469 8721990 8727312 8730989 8757491 8772217 8797021 8829236 8832026 8864881 8879610 8894816 8921163 8956494 8979969 8985053 8989726 8992909 9019272 9022621 9034602 9039857 9049846 9085164 9097948 9157857 9172449 9174102 9184893 9192792 9204498 9207126 9219910 9247207 9288110 9299672 9353634 9359188 9370983 9383953 9417827 9431613 9436637 9451273 9454901 9496973 9549567 9553278 9556994 9571028 9585614 9586813 9593968 9618212 9625102 9654101 9706782 9713398 9728557 9758524 9766592 9778272 9825854 9832413 9840755 9857425 9876681 9884607 9931943 9946016 9970527 9979043 9996986 
</Matrix>
<Matrix name="Neuron_187" type="complete" rows="1" columns="442" multiplier="1.0">
   9344 18173 20366 22706 40802 49774 58955 60741 88298 120857 135900 139363 195617 201030 220442 224364 241819 265650 266808 297048 332799 335160 450843 459153 614099 632658 643929 657189 707642 758071 856628 865483 882749 887061 892181 955139 983781 1011545 1017602 1025403 1055650 1065648 1112149 1119635 1133926 1142598 1149355 1162648 1253508 1267141 1292981 1324314 1354786 1364366 1380632 1413050 1463936 1490270 1513199 1526085 1538552 1578679 1590180 1622664 1626424 1655097 1678248 1713458 1738056 1758011 1768584 1808843 1821021 1842772 1879123 1891293 1929815 1947859 1951616 1958064 2017790 2036149 2042915 2048362 2076327 2095652 2102393 2116531 2156100 2160465 2165865 2173629 2195061 2198449 2208335 2220116 2234368 2242206 2280122 2303765 2308043 2342816 2344452 2352490 2357604 2360819 2368603 2385506 2400534 2430141 2494149 2502258 2515663 2526125 2573784 2584700 2624384 2629367 2637935 2660335 2669827 2701266 2751855 2779418 2794906 2797151 2805444 2818607 2840319 2850503 2853975 2877529 2887776 2960427 2981541 2986254 2998728 3001946 3008155 3028579 3076002 3099011 3127896 3173254 3187011 3208281 3242375 3316747 3349227 3370593 3372891 3398248 3398942 3409222 3475217 3489555 3492116 3522362 3534563 3548318 3585875 3590831 3616573 3631096 3687821 3718668 3745914 3767843 3769731 3792101 3812725 3838912 3840929 3909855 4026054 4091810 4096523 4119639 4145787 4154988 4171565 4177516 4181544 4197687 4201984 4266890 4286640 4307752 4325138 4329329 4389096 4391834 4408576 4433258 4451382 4484957 4490429 4492782 4534689 4570080 4599430 4634771 4636837 4644017 4657019 4680506 4713569 4715687 4718475 4731559 4734728 4764848 4795792 4942793 4962103 4978446 4982568 4992462 5031926 5138865 5172165 5174053 5201094 5236213 5250820 5254666 5267439 5291340 5307363 5311128 5324442 5354808 5362566 5369131 5402249 5415855 5459560 5462643 5476203 5501273 5519005 5603292 5676538 5686906 5690402 5697926 5698868 5720368 5776668 5797594 5852003 5873774 5877947 5888535 5893703 5917031 5935684 5944609 5976352 5992118 6001471 6002623 6013534 6032867 6081080 6091610 6096021 6103296 6141158 6161520 6167010 6174999 6179142 6191024 6216300 6257446 6282155 6353344 6398279 6439458 6447315 6453241 6457591 6477173 6490522 6494209 6524316 6546155 6556148 6563350 6573118 6574464 6578684 6587899 6638137 6662216 6705930 6713175 6726044 6732289 6735233 6750541 6776007 6798636 6833302 6836553 6841936 6844710 6860606 6868849 6871693 6883677 6919578 6956691 6967109 6977745 6993676 7031758 7034986 7130118 7248620 7271523 7274184 7298402 7301396 7320754 7340114 7374043 7388180 7422284 7424254 7448458 7474593 7497148 7504918 7511454 7532168 7550618 7586466 7594852 7644167 7648007 7649491 7653069 7671167 7672195 7693146 7717248 7722895 7793166 7799425 7819553 7843570 7882055 7905070 7911515 7931861 7968749 7995355 7997511 8022661 8053428 8093004 8144469 8183984 8279510 8308521 8322712 8400624 8438090 8446485 8491259 8501603 8514068 8601686 8617759 8637354 8676595 8678050 8682624 8700729 8804849 8834449 8854256 8871335 8917663 8931299 8940255 8965316 8966551 8969338 8978672 8980353 8989378 9016244 9057811 9126784 9129873 9151829 9230206 9230975 9233783 9266175 9281679 9313596 9320265 9359917 9372464 9378645 9390036 9409671 9416471 9448439 9466553 9467894 9475077 9483716 9520273 9553518 9564004 9594128 9610747 9614694 9639536 9689266 9700284 9710422 9720529 9732353 9789300 9816242 9821732 9848442 9854305 9855835 9873918 9898225 9952776 9958807 9971756 9987547 9997198 
</Matrix>
<Matrix name="Neuron_197" type="complete" rows="1" columns="2206" multiplier="1.0">
   6827 16855 19015 20119 21825 23289 31505 34546 38432 39250 40628 43688 44799 48676 50673 70958 74179 79423 83744 85111 86439 92900 95966 97431 100969 103826 105146 112085 117454 118424 127603 134064 139193 147749 151016 153002 154546 155592 157444 167936 172924 178300 180716 186162 188298 191665 194555 198695 204875 206867 209554 212034 215458 217727 220633 232369 234454 239092 244216 254508 255970 262767 268731 270731 274827 279763 288987 300221 302948 307933 310112 314258 317926 320495 322517 324665 334497 339945 346214 348841 352390 354319 355270 368198 375640 377754 380479 388405 394382 399641 402971 409895 412968 415008 418399 424990 429896 431255 432900 441361 443116 445768 455104 457812 461249 463155 470495 473258 475910 486003 487324 503555 505516 508312 518324 519646 523259 527091 538510 549846 557192 558436 570237 572602 574544 576593 583341 588051 592766 597674 599074 608186 610334 613251 615837 617219 619639 621815 625876 627205 632677 639136 642488 645488 654321 656719 658042 661706 671232 673718 674916 677180 679904 682896 687761 689685 692182 694251 701982 703254 709185 719918 723127 725484 728516 732577 745351 751149 761181 765152 768044 772272 773653 775518 777155 781019 786685 791513 794192 796736 799622 801423 807859 816760 818631 820980 826400 829580 832744 834588 835517 850342 851884 853270 858987 866621 871807 879431 888546 889890 891835 897465 905606 910955 915273 917542 921975 943407 946295 951004 968688 980974 983935 988404 991017 1001145 1003848 1005058 1007808 1009159 1012104 1013545 1017188 1020438 1022217 1025420 1028789 1030378 1031250 1035580 1039100 1043001 1047851 1057215 1060512 1062404 1064662 1066024 1067889 1073042 1082572 1097262 1114738 1119002 1123388 1125544 1126471 1127474 1131294 1138962 1140273 1145455 1153773 1157636 1162374 1164135 1169983 1172652 1176125 1181507 1185724 1187515 1192786 1195764 1199647 1206191 1207642 1212561 1214840 1220305 1226058 1229602 1231124 1239412 1247047 1249095 1250512 1255692 1261148 1265219 1269280 1274274 1279856 1281375 1284163 1286555 1290831 1291986 1295141 1297926 1306493 1307958 1316211 1320248 1321506 1324651 1325447 1332095 1334098 1347236 1350746 1354240 1355770 1358359 1369793 1373935 1378687 1381840 1384776 1386798 1388787 1395354 1398241 1401453 1403948 1409422 1413424 1415794 1421935 1425581 1432332 1433946 1439327 1443769 1445129 1454034 1456719 1458910 1462762 1468131 1470322 1478487 1482131 1491556 1493616 1494750 1497617 1498990 1500232 1502621 1519698 1523876 1526001 1537612 1539962 1542153 1543480 1550686 1554320 1556367 1557781 1559294 1564358 1570860 1576816 1578490 1581978 1588788 1595439 1597708 1600052 1606633 1608908 1616776 1617860 1627273 1638477 1646106 1652449 1656315 1664657 1666048 1678064 1682682 1684578 1688618 1692048 1694298 1695522 1696875 1703466 1715310 1716613 1719294 1723634 1726584 1728587 1733337 1735734 1736609 1740418 1743638 1751006 1754489 1761772 1769042 1771805 1773997 1775252 1778271 1780700 1783446 1786190 1788293 1800283 1809518 1810615 1816381 1821305 1823437 1826907 1835733 1842760 1844647 1847307 1850358 1852780 1862833 1869601 1887819 1889836 1891785 1892784 1894460 1901830 1915623 1921265 1934643 1937817 1943340 1944342 1945142 1954971 1957917 1959677 1964785 1966500 1971269 1973147 1975364 1976226 1977853 1978949 1981475 1987098 1994970 1996375 2000648 2002353 2006394 2010300 2017392 2020063 2033664 2038769 2043268 2049399 2052251 2054253 2061158 2066737 2073511 2075329 2082677 2090754 2091991 2094053 2113340 2115096 2136509 2145129 2148101 2155454 2156739 2166259 2167268 2175585 2180066 2182079 2184739 2195548 2204899 2208221 2210681 2220554 2231311 2235297 2237027 2242059 2243809 2254740 2270177 2272124 2274234 2275923 2280822 2286146 2290490 2295368 2302717 2306544 2309949 2311026 2312675 2316798 2320333 2324669 2326735 2329524 2334998 2336973 2339459 2341823 2346928 2349487 2351055 2355987 2365689 2367968 2372776 2378214 2381094 2384492 2386514 2387338 2389751 2391994 2395450 2403153 2405430 2414041 2418338 2422014 2426175 2429974 2438484 2448150 2452397 2453634 2459292 2468357 2475143 2478994 2487679 2489806 2493076 2494833 2495889 2509341 2513670 2516772 2524219 2528160 2531323 2535592 2536565 2540522 2542624 2561530 2563270 2566366 2567432 2575920 2576738 2579434 2581854 2584792 2586645 2611343 2616156 2618586 2619581 2625561 2632491 2634918 2636975 2643445 2647287 2652488 2655230 2659434 2662499 2667721 2670214 2671384 2672527 2675484 2677679 2689759 2701749 2702807 2704521 2707183 2709706 2711861 2715897 2723853 2725633 2727536 2728599 2737061 2740137 2743028 2750422 2753121 2756748 2757940 2760802 2765108 2768576 2769524 2772215 2778102 2781923 2785239 2786645 2788314 2793354 2795079 2797103 2799538 2811266 2812114 2815571 2818068 2822405 2823891 2825642 2838586 2842536 2843710 2848076 2849992 2851016 2853466 2867195 2872523 2874230 2875951 2882890 2884714 2887470 2888925 2893838 2895317 2905342 2910472 2916537 2921616 2924365 2933630 2944116 2951813 2965059 2967417 2969324 2971746 2975932 2977346 2979436 2980581 2990564 2992114 2993331 2994682 3006627 3011388 3012202 3013557 3014548 3023892 3025832 3026787 3039988 3043118 3045145 3048814 3054637 3058087 3059235 3061853 3065098 3068867 3071797 3075431 3083689 3084821 3090339 3093890 3097463 3117429 3122472 3125479 3134701 3152753 3155941 3161233 3174821 3177696 3182421 3184252 3186451 3191444 3193913 3195288 3196248 3199858 3200772 3201813 3206260 3207634 3210310 3211881 3216056 3217338 3223992 3225711 3227950 3230960 3239334 3245335 3248621 3250484 3252657 3255348 3257736 3258635 3267447 3269092 3272703 3277590 3290180 3297663 3300451 3304819 3310858 3312349 3313897 3316092 3330969 3333408 3340767 3342548 3348008 3359571 3362418 3363591 3370236 3372213 3374364 3375954 3380298 3382915 3384851 3388372 3392447 3398906 3406463 3410883 3412083 3416883 3420429 3428946 3443350 3450031 3451959 3453991 3456741 3458289 3459662 3461986 3464446 3467374 3479419 3482613 3487942 3500708 3505066 3520495 3523045 3527847 3541136 3544457 3550646 3554544 3561431 3563764 3570555 3582768 3586274 3598949 3600129 3601120 3603206 3608122 3609978 3614299 3617197 3627639 3630886 3633499 3635446 3637563 3640167 3641817 3643401 3644548 3646543 3651792 3652517 3655471 3662142 3664525 3667628 3676238 3677996 3681703 3682873 3694682 3699491 3703024 3707440 3709444 3717307 3719144 3725109 3728876 3730252 3736991 3738746 3739977 3741474 3744502 3747625 3750843 3754928 3757572 3765260 3769960 3774753 3775689 3779712 3784124 3785922 3794338 3797161 3802790 3812130 3813558 3814226 3819275 3825441 3827906 3838513 3843556 3848952 3850761 3854710 3860308 3861627 3863745 3871508 3873237 3874022 3875286 3877269 3881204 3890237 3895390 3904589 3907742 3911798 3914117 3916326 3924310 3929950 3932883 3938575 3963772 3968056 3970622 3972744 3973723 3978920 3981838 3983128 3984063 3987297 3988986 3999815 4006208 4010461 4014923 4021804 4028276 4037515 4040597 4042908 4045640 4047376 4050058 4057846 4060192 4070963 4074330 4076210 4082167 4086649 4087679 4090187 4094745 4096661 4099388 4101085 4102518 4108351 4111198 4118390 4122448 4130203 4131373 4136153 4143162 4147542 4148959 4159260 4160624 4170852 4175200 4178877 4187504 4189276 4194554 4197570 4201804 4204898 4206356 4220046 4226194 4227469 4229885 4231459 4233975 4241544 4246247 4248118 4251981 4257309 4262530 4265125 4268562 4271151 4273671 4275062 4280055 4283590 4292740 4297206 4304340 4305571 4311483 4319601 4322869 4327757 4330047 4332544 4335721 4336837 4338032 4341411 4346644 4347650 4348964 4350435 4354479 4361914 4363179 4366351 4372102 4378246 4381932 4383655 4389350 4394923 4396380 4400401 4404367 4412369 4413091 4414328 4416148 4422495 4437620 4438768 4441782 4445196 4448667 4449806 4451878 4453512 4455560 4458854 4461044 4463072 4465256 4472981 4488934 4491412 4492161 4500690 4502585 4514318 4525874 4528955 4530050 4545371 4553230 4555895 4561199 4562281 4571246 4572799 4573484 4574391 4578088 4579289 4580705 4582267 4583745 4586223 4590553 4598214 4600120 4601152 4616787 4617857 4621834 4630083 4631067 4633604 4635633 4636918 4649659 4655187 4656407 4659430 4666608 4671619 4675343 4676324 4677928 4685961 4693273 4701340 4705894 4709704 4710568 4714007 4728855 4731059 4740064 4741827 4744287 4748480 4750908 4751905 4757661 4761025 4766202 4774906 4778318 4783432 4787251 4790311 4792300 4798002 4801415 4802757 4807536 4814837 4820951 4822102 4824070 4831725 4834845 4838216 4852386 4854336 4855556 4856246 4863330 4870534 4872828 4875332 4881799 4885357 4886882 4890391 4895165 4897534 4901379 4902853 4917322 4919981 4921700 4930929 4933435 4936220 4940180 4942283 4947704 4950703 4959005 4962845 4967666 4968953 4979181 4993709 4995691 4996393 5002244 5008467 5012591 5013652 5015266 5016540 5019229 5025328 5027296 5030540 5037520 5038669 5043359 5046837 5055340 5057628 5059942 5061277 5070690 5078475 5084420 5102680 5105378 5110852 5113942 5119555 5128170 5135138 5138741 5143753 5146583 5150263 5155002 5156380 5162683 5166919 5167934 5169201 5173781 5175341 5176397 5181709 5182733 5187788 5191401 5200598 5202133 5210832 5212757 5221110 5223514 5227944 5229494 5243540 5244956 5248870 5249729 5250737 5254428 5256153 5265678 5271071 5278618 5281307 5282433 5289080 5295101 5298220 5301284 5302129 5303874 5306946 5320286 5322626 5323663 5340424 5343782 5345704 5355517 5358021 5363424 5366409 5379749 5388434 5390000 5392100 5398859 5400190 5402543 5409729 5420718 5425909 5427490 5428440 5434363 5445328 5449212 5454640 5464128 5464773 5473476 5475315 5479388 5482761 5488173 5489535 5491762 5503097 5505197 5506850 5509600 5524966 5528752 5530055 5531677 5544810 5546004 5549624 5551492 5556426 5564735 5569055 5571067 5573236 5576160 5578904 5584212 5594162 5598806 5601553 5608868 5612371 5613724 5616239 5618678 5623763 5625252 5630469 5632597 5634668 5635548 5637844 5639974 5655100 5658065 5674647 5686533 5701014 5710704 5712123 5714475 5719575 5737398 5739380 5742580 5758000 5766755 5781297 5784872 5791785 5794734 5796796 5799689 5803047 5815616 5817861 5820586 5821747 5823499 5824618 5834700 5837964 5843674 5846360 5851210 5853853 5859520 5861108 5868307 5878266 5884480 5888485 5893243 5895224 5898222 5901935 5906574 5910707 5915941 5922916 5923878 5927828 5929626 5933025 5934677 5936871 5942414 5945729 5960806 5968332 5969669 5972056 5977603 5987510 5999660 6007985 6009277 6010582 6014700 6030097 6033451 6040695 6044431 6047758 6049261 6055461 6058301 6062564 6064458 6066834 6074691 6075658 6082202 6092177 6094328 6099552 6101882 6107076 6115256 6116284 6120265 6125154 6127216 6128144 6129485 6138408 6139192 6144662 6146645 6154240 6157689 6164111 6165423 6170556 6172160 6174332 6187522 6190650 6197493 6202843 6205728 6206991 6212506 6219036 6223951 6229670 6244216 6247541 6248685 6250635 6252110 6256991 6264200 6277023 6280314 6286545 6287621 6292108 6295903 6298360 6300103 6309069 6314102 6316828 6338948 6340590 6341949 6347251 6350670 6354515 6361716 6363199 6364950 6368070 6374162 6375595 6380694 6382240 6383986 6389919 6394767 6398876 6400855 6403659 6412663 6421752 6424541 6426834 6431857 6435205 6436665 6438535 6446960 6458752 6460053 6464204 6465828 6471548 6473799 6480479 6483966 6488299 6490648 6492284 6502651 6505972 6507143 6508206 6511837 6518242 6520789 6521744 6523431 6527998 6529285 6531650 6543236 6549579 6556825 6561398 6564385 6565871 6567747 6569079 6576002 6579038 6580599 6591130 6596573 6598973 6614740 6623181 6624377 6627969 6635272 6642309 6643767 6646386 6648764 6651129 6652435 6657270 6663669 6668134 6691593 6695476 6708441 6709907 6712329 6726300 6727367 6734646 6736162 6741274 6744335 6746955 6749218 6753893 6755055 6758748 6760813 6771876 6777191 6779198 6782236 6786858 6790371 6807216 6815108 6816761 6818505 6822927 6823746 6831965 6839868 6841706 6843413 6849088 6851028 6853555 6855091 6859284 6862033 6863551 6869436 6874683 6879260 6879968 6884378 6889720 6893035 6900613 6908617 6911315 6914396 6916041 6918077 6925207 6928299 6934797 6947781 6948660 6959414 6964592 6967257 6973812 6974950 6983290 6988720 6995314 6999176 7004571 7006893 7011483 7029668 7034696 7036565 7039524 7054479 7060543 7061589 7066758 7068627 7071353 7072163 7074811 7079474 7082002 7086361 7089358 7094456 7100390 7104989 7109363 7112099 7115879 7119490 7122577 7127847 7130001 7151335 7152741 7157227 7161377 7162927 7164015 7166367 7168282 7173034 7176232 7178314 7182997 7184423 7187509 7188353 7194398 7195847 7198093 7210613 7215296 7222470 7224234 7227635 7232654 7237232 7241268 7246587 7250893 7259332 7261852 7265073 7268364 7278669 7280361 7283436 7284313 7288336 7297205 7298708 7299927 7302755 7310079 7313616 7316769 7317749 7322050 7329589 7344363 7347519 7348742 7349950 7351617 7356393 7358352 7360920 7364166 7372386 7380055 7393062 7394521 7396672 7399038 7400909 7406602 7410935 7420761 7425103 7431367 7433377 7436139 7439424 7444690 7449031 7457447 7461261 7473036 7476272 7477753 7490452 7491866 7493179 7497658 7502222 7503946 7519820 7526839 7529094 7538938 7540287 7553858 7558697 7568275 7582603 7588166 7589880 7598716 7599601 7602019 7615031 7621862 7628346 7630687 7636507 7650176 7651297 7657656 7662373 7665207 7667019 7677312 7680601 7683186 7690396 7696842 7700441 7704403 7705583 7710277 7715499 7717269 7721552 7724076 7725480 7728596 7730451 7735744 7740835 7748978 7751062 7755347 7764176 7771282 7782518 7791275 7794763 7797756 7801313 7803878 7806089 7808227 7810368 7812414 7815212 7816262 7818100 7824466 7825410 7828067 7831083 7839283 7845615 7851175 7852545 7867436 7873804 7876098 7879948 7881545 7885244 7887965 7889524 7891737 7899443 7906414 7911660 7915079 7916546 7929478 7931023 7932298 7933938 7937550 7943257 7949768 7957235 7959222 7961183 7965991 7969468 7979492 7981197 7983017 7984804 7986946 7990048 7992815 7996243 8000502 8005671 8006766 8020907 8022537 8025651 8030795 8032214 8032977 8045185 8047999 8050244 8054599 8062338 8071156 8076867 8082278 8083258 8085914 8090132 8094544 8108132 8117948 8119053 8119769 8123367 8124332 8125825 8129545 8132606 8139650 8141409 8144012 8153301 8157444 8161322 8164519 8167576 8174178 8176157 8178816 8181098 8197124 8201597 8203190 8205428 8206199 8211026 8213502 8216109 8216856 8218593 8223458 8232742 8234877 8236156 8241346 8244941 8251222 8256070 8258245 8263935 8266614 8272769 8276949 8289893 8290978 8293897 8298829 8301826 8304032 8306877 8308578 8310738 8315812 8320635 8323989 8325224 8327796 8329822 8330898 8334733 8336642 8341876 8357858 8361363 8368260 8374987 8379810 8392866 8401025 8405022 8406778 8412579 8413940 8419056 8424498 8428637 8438819 8450904 8462044 8466973 8469649 8471847 8473543 8475464 8480187 8481417 8484643 8486719 8494543 8505583 8508334 8509730 8513411 8514358 8515500 8516832 8520515 8526541 8528252 8529729 8530831 8539379 8549340 8556805 8558419 8563882 8568857 8573828 8575546 8580187 8583229 8585005 8587826 8589144 8591575 8594170 8595184 8596457 8602489 8604645 8606290 8610067 8613162 8618011 8629390 8632345 8634586 8636270 8637401 8639163 8659412 8662525 8670826 8677645 8690790 8694262 8697521 8699065 8700719 8714880 8717566 8718821 8724229 8727216 8730702 8732566 8737223 8741381 8742753 8745403 8747388 8760807 8762521 8764141 8767112 8774514 8776142 8779082 8780667 8781992 8784317 8793493 8794713 8797380 8798731 8800604 8802528 8810192 8817800 8819488 8827447 8830535 8831613 8832616 8834737 8841309 8852230 8856538 8862441 8869879 8871142 8872290 8873595 8885134 8888080 8890262 8894106 8898543 8902732 8905194 8907564 8908231 8910528 8927065 8930550 8935690 8945002 8947429 8953828 8960204 8962071 8965307 8967091 8980918 8981866 8986182 8987902 8992830 8994252 9001099 9009433 9016229 9022163 9026854 9028382 9034084 9039795 9045104 9047485 9050039 9051072 9055162 9057902 9061320 9064447 9076331 9077686 9081887 9086244 9087449 9093028 9095431 9099769 9104147 9111385 9114710 9121776 9123768 9125003 9126932 9137625 9143455 9144424 9146773 9151509 9157014 9165841 9171578 9172665 9174312 9181773 9183511 9187365 9188271 9200584 9206514 9209103 9212266 9213213 9235994 9238359 9239534 9243130 9247023 9250312 9254643 9260596 9263931 9280143 9283186 9286841 9288663 9296307 9303457 9304823 9309652 9315571 9322671 9326303 9334599 9338938 9344322 9350594 9359298 9362283 9366879 9367703 9372485 9374024 9382570 9385345 9390074 9397411 9400632 9402700 9404772 9408044 9414400 9415428 9419294 9422784 9426307 9428941 9436377 9437671 9439173 9441626 9444032 9450585 9452598 9453637 9455072 9456553 9459340 9461029 9464261 9477024 9479774 9484066 9486412 9488645 9495687 9518926 9520532 9521412 9522926 9547642 9553254 9556009 9558464 9564290 9567735 9576708 9581151 9606505 9614023 9623585 9625356 9626905 9629965 9634461 9643217 9649564 9652305 9653761 9655945 9660368 9663849 9666631 9672838 9674434 9676158 9677819 9682252 9683328 9687786 9692771 9696297 9697388 9703519 9717296 9721588 9722855 9724253 9726395 9730169 9738306 9739538 9753914 9756931 9764381 9783790 9793791 9796070 9801212 9803018 9804933 9808918 9814948 9820949 9822227 9823612 9824922 9832126 9836883 9842012 9842967 9847371 9856147 9857890 9859760 9863929 9865667 9868109 9870116 9873215 9875336 9879283 9882594 9890528 9894595 9898381 9899717 9900811 9902400 9922453 9927379 9929486 9934593 9935994 9937774 9939698 9943282 9947636 9949924 9952892 9954539 9959311 9963192 9968311 9969453 9977074 9980140 9987460 9993156 9994264 9995561 
</Matrix>
<Matrix name="Neuron_207" type="complete" rows="1" columns="2868" multiplier="1.0">
   5105 8020 12991 20467 22781 24815 26362 29653 32289 43219 46630 47641 56598 62998 65655 66406 67603 71053 73711 81182 88205 92251 98927 105282 108810 109720 113418 114418 127494 129843 131874 134993 137800 143140 144835 147044 149989 155701 157657 165915 169061 170721 177822 180777 183489 186378 190237 190915 195013 195826 198353 205050 211340 213910 215976 220277 221597 225265 227399 229233 234201 236781 239866 242044 248307 254103 257548 258613 260671 266540 267767 268808 271224 274627 278195 283426 285371 289884 290636 291393 294639 296344 298151 300651 303683 306508 308676 312158 314252 317223 321354 328650 331008 335955 338726 340482 351831 355869 357181 360725 362148 364702 366337 371482 373306 378409 381375 384582 386610 390813 394127 398533 401074 401865 411610 414150 420382 428132 429527 437275 440042 445182 446566 447883 451672 456610 460591 462061 462803 467724 469205 472874 474949 480100 482832 484853 487590 496266 499522 504740 506994 508730 512091 519676 520638 523361 527930 529691 533201 535046 540605 542311 544783 549220 550787 552890 558482 562147 565379 568971 570577 574927 576159 580927 581805 587210 589247 594877 600323 607812 619712 622427 624631 626543 629574 630882 633193 634995 641895 644268 647117 648694 657580 659705 661938 668491 670337 673340 674754 681826 691424 694660 701473 703559 705765 707428 711370 714449 718294 721933 724527 727084 728531 731340 737942 742409 745306 747363 749193 753711 757379 758646 762818 773408 775404 781631 786814 788243 791030 792209 797037 801204 805698 812008 820527 823380 824771 825642 827335 829539 833758 836706 838177 846358 848121 850317 852503 857116 861461 867192 870128 873131 874925 882772 884282 889051 892760 894810 895663 897678 898511 902728 907061 907871 909280 910577 911668 915931 919001 920893 931964 934035 944532 951735 955249 956964 959700 961553 965618 967326 977614 985342 990668 993548 994812 1000054 1002170 1012692 1014163 1020730 1022473 1025947 1029098 1031590 1033056 1037730 1038753 1040819 1042755 1046045 1047573 1054838 1057864 1059483 1066068 1068869 1070388 1071347 1072411 1076469 1077546 1078960 1082127 1084017 1087637 1090500 1093989 1098261 1099515 1101252 1102932 1105258 1107294 1108368 1110689 1117838 1119619 1120871 1122820 1125650 1127881 1129452 1131944 1133116 1136051 1136803 1139845 1142017 1144590 1150369 1152873 1156264 1158573 1160044 1164986 1165739 1166796 1168092 1172435 1173799 1174850 1180155 1183675 1185567 1186458 1188558 1190504 1191559 1195310 1198535 1200367 1210449 1216531 1225889 1227120 1229021 1233277 1238171 1242155 1245890 1248499 1249712 1254978 1256986 1258059 1259401 1265768 1267690 1268860 1270339 1272545 1281363 1282874 1284221 1292217 1295183 1298380 1305313 1306203 1308680 1313204 1319488 1323055 1325594 1327222 1328561 1331227 1333085 1334828 1336964 1348044 1349032 1350505 1354727 1356545 1359919 1369635 1371731 1374026 1375227 1376966 1377846 1380277 1383309 1387541 1395034 1400911 1407312 1409815 1415073 1423637 1425987 1426912 1428747 1430390 1431564 1442644 1445734 1451539 1456175 1459510 1465681 1469013 1475538 1477972 1480267 1489644 1492186 1493804 1494640 1497096 1499595 1510976 1513734 1515414 1517411 1518985 1522388 1530477 1536253 1539481 1542063 1544697 1550152 1556583 1557890 1563259 1564810 1569382 1571134 1573896 1576473 1578721 1585445 1589353 1590391 1595114 1598296 1599239 1610720 1613441 1615082 1622639 1624028 1628449 1637057 1642569 1646527 1647902 1651946 1652872 1655650 1658891 1661642 1662570 1666404 1675448 1679385 1688203 1689643 1694926 1696985 1698062 1699241 1701393 1702289 1704506 1706574 1707841 1709716 1711481 1712906 1720150 1722711 1723955 1725496 1727982 1729904 1731598 1744739 1751497 1753240 1754349 1755436 1757471 1761327 1764989 1768354 1770185 1771531 1773098 1774880 1779233 1783093 1788527 1790172 1793658 1795632 1800982 1803841 1806164 1811984 1818948 1819627 1824678 1833007 1834403 1839643 1842407 1846346 1850710 1856620 1858297 1862735 1864605 1867645 1878078 1882460 1886097 1889563 1892616 1893863 1895658 1898825 1900212 1907030 1907751 1909393 1916487 1918181 1921011 1926222 1931529 1942061 1947458 1949102 1950303 1952444 1954707 1960810 1961510 1963392 1965973 1969895 1979929 1981273 1987721 1992844 1994885 1996985 1998946 2004811 2005717 2006672 2008462 2018454 2021104 2023281 2024730 2026149 2031574 2037495 2041251 2043680 2045326 2051199 2056518 2058133 2061132 2062274 2066487 2068772 2072068 2073723 2077161 2079492 2092078 2093870 2095529 2104716 2105905 2113169 2118850 2121980 2124491 2126256 2127790 2134662 2140077 2140593 2145792 2148527 2152429 2158231 2159417 2161109 2164983 2167021 2170206 2175148 2181843 2183090 2187994 2191058 2193072 2197913 2199709 2203175 2204291 2205341 2208658 2213589 2217742 2218666 2222735 2224249 2227931 2236518 2237755 2239044 2243606 2252944 2254467 2256458 2259074 2268263 2271813 2280899 2281687 2283826 2284829 2286670 2288807 2291153 2302096 2308160 2310223 2313744 2317544 2319762 2324227 2330012 2340670 2344546 2347260 2350345 2352722 2355579 2358566 2359903 2360657 2362150 2364024 2365978 2368153 2370649 2371662 2372858 2376562 2377788 2383583 2387998 2392443 2400342 2401663 2406736 2409511 2410770 2416452 2423247 2429427 2435790 2441302 2444016 2446447 2452296 2456474 2458196 2462358 2465077 2474887 2477179 2478472 2480570 2484640 2486156 2487973 2489638 2498156 2504219 2507229 2511797 2515879 2520172 2523781 2531952 2533310 2534385 2536404 2538331 2542555 2544024 2546657 2547807 2555634 2558483 2560237 2560878 2563588 2569595 2570895 2574695 2581426 2585129 2586812 2588379 2590664 2593337 2595460 2597169 2598533 2600892 2606783 2609455 2611499 2613020 2615488 2618301 2621818 2623244 2624874 2629040 2632620 2635381 2643976 2647015 2648439 2650847 2654464 2659402 2660796 2662551 2663865 2669472 2673709 2674656 2678171 2681039 2682334 2688171 2689933 2692683 2693711 2696320 2699392 2700327 2705460 2708905 2712785 2718222 2719443 2728991 2730335 2733608 2737062 2738412 2741578 2744474 2746164 2749109 2750552 2756174 2757487 2759596 2761796 2763709 2766448 2769008 2774037 2777302 2781220 2782856 2785055 2789105 2792327 2809620 2811250 2815816 2818632 2825063 2826743 2831991 2833177 2834108 2842721 2844187 2845644 2851454 2855889 2858070 2863647 2869711 2872769 2874582 2875562 2876299 2878791 2882545 2891030 2895345 2899727 2901121 2907716 2910429 2916385 2917556 2921231 2922517 2924271 2927023 2929658 2931789 2936050 2941549 2942530 2951055 2957975 2961402 2964897 2965978 2970075 2977651 2979599 2980757 2986871 2989292 2991020 2992889 2993763 2998437 3000942 3004146 3008310 3009650 3013327 3014268 3016568 3018510 3020760 3022259 3027610 3030718 3033342 3036023 3040439 3043891 3045540 3048573 3050346 3059207 3064463 3065519 3073777 3077133 3078143 3081230 3083688 3091042 3098711 3103399 3104802 3107966 3109891 3111701 3115272 3118369 3121219 3123770 3128047 3129387 3131722 3132600 3137372 3139917 3141088 3143873 3151028 3153007 3156964 3166052 3169274 3172955 3174160 3175423 3184123 3190359 3193427 3195168 3196488 3197707 3199510 3215966 3222298 3224347 3227394 3229575 3231111 3233920 3235675 3237805 3241100 3247744 3248740 3252240 3256036 3269312 3279135 3280494 3282950 3284799 3288371 3295433 3299580 3300880 3303094 3311485 3313000 3314961 3317087 3318681 3320524 3321867 3324982 3329213 3332325 3335988 3338756 3340903 3344244 3346339 3347411 3348853 3356363 3359356 3361381 3362775 3364314 3366740 3369644 3370818 3371884 3374578 3380483 3381554 3385900 3388291 3390557 3394388 3396610 3402059 3403353 3408201 3410527 3411702 3413847 3421090 3425665 3426645 3428985 3432489 3436094 3437080 3443113 3445549 3447402 3449380 3454671 3458580 3463534 3465936 3471050 3476289 3483166 3485659 3486645 3494675 3496274 3500951 3506236 3509631 3514667 3528392 3535463 3536980 3540077 3540682 3545199 3548272 3548887 3552900 3554239 3556789 3559637 3562613 3564141 3565306 3579089 3584457 3585418 3596367 3597209 3599163 3600578 3601309 3602360 3607989 3613339 3616918 3622080 3624785 3626587 3628161 3634769 3636410 3642397 3644149 3661300 3662386 3664048 3666780 3674556 3676198 3683721 3684921 3688446 3692093 3694199 3695594 3698392 3702057 3703807 3704488 3708502 3710665 3713579 3716572 3719447 3722795 3728844 3735095 3737253 3738643 3739429 3740478 3742682 3746689 3750988 3757982 3760105 3761835 3763415 3766630 3768933 3770331 3771257 3777126 3780018 3783441 3785105 3787537 3790514 3791501 3796137 3800957 3808759 3810038 3810830 3812872 3819038 3820874 3821752 3826080 3828416 3833247 3834831 3835755 3840356 3842701 3848115 3851088 3852283 3856553 3859873 3862263 3865018 3873111 3879336 3880323 3883072 3884684 3889885 3890938 3893195 3902022 3905863 3909421 3913335 3914466 3916280 3921369 3923976 3929756 3937490 3938440 3940375 3948007 3951090 3955494 3959021 3960759 3961769 3963936 3970749 3972098 3973818 3974864 3980399 3987217 3989673 3990911 3992120 3996495 4001865 4004513 4007363 4010137 4016505 4020447 4023789 4025879 4027797 4028711 4031638 4034701 4035432 4036829 4044943 4045978 4048701 4050239 4054355 4057896 4060704 4062658 4064201 4065474 4067012 4068496 4073631 4074804 4075783 4083515 4084656 4086787 4090544 4091709 4094593 4102489 4105003 4110653 4112937 4114299 4115474 4122044 4124738 4127382 4129773 4130551 4145679 4149383 4150677 4152536 4157213 4160094 4163038 4166829 4169005 4175261 4179000 4184944 4191576 4197081 4200959 4203861 4205904 4209711 4210981 4212425 4214949 4217288 4218357 4230756 4235236 4240081 4242410 4243455 4247530 4250759 4251964 4257280 4260421 4261507 4265353 4267199 4277916 4283943 4300591 4306201 4309858 4312035 4317240 4328308 4331408 4337893 4339130 4347554 4348591 4351349 4354649 4359556 4367969 4370518 4372141 4374642 4377227 4380349 4385208 4387155 4388158 4393327 4407553 4413715 4419423 4424056 4425890 4427033 4429528 4431347 4433432 4440997 4443838 4446352 4452801 4454869 4456741 4459149 4462435 4465626 4467934 4468828 4469749 4472839 4478202 4479414 4481529 4485144 4487897 4493900 4494581 4495821 4498172 4500846 4502732 4506219 4507598 4515260 4517639 4521703 4524903 4530649 4533576 4537735 4539757 4541911 4545734 4548632 4550468 4551994 4554681 4557148 4560751 4562105 4562966 4566427 4571364 4574212 4579954 4586849 4589278 4589829 4593565 4594518 4601543 4603851 4605703 4606714 4609223 4610490 4616924 4617903 4619721 4631108 4633442 4635449 4637544 4639607 4643284 4645050 4649546 4651495 4652777 4657588 4660298 4664392 4667048 4670857 4672323 4677159 4679477 4681464 4694463 4695821 4699371 4705167 4706758 4709440 4718292 4724066 4728115 4730423 4732401 4734153 4736764 4740843 4741643 4745817 4747249 4753322 4754788 4757124 4761123 4764304 4765307 4768283 4775411 4776630 4779214 4787651 4789800 4790913 4793402 4798206 4800302 4803109 4803990 4805552 4807409 4809370 4810650 4811837 4814969 4816830 4821543 4825885 4829009 4836968 4840950 4848909 4854712 4856056 4857235 4869696 4870826 4871910 4875819 4878843 4891076 4893125 4895147 4897482 4900980 4908028 4910337 4912484 4914176 4920001 4921968 4922784 4925461 4927471 4930529 4932849 4936107 4939782 4941457 4943164 4953181 4959238 4961536 4963198 4967186 4968539 4974086 4975565 4982274 4986781 4987623 4990302 4993426 4994117 4999753 5001148 5002993 5003856 5007045 5022868 5025298 5031892 5033085 5038622 5044301 5050328 5051812 5053194 5056108 5061412 5066172 5067321 5070125 5078384 5080458 5082850 5085931 5094111 5094892 5099610 5107066 5111687 5113266 5114407 5117704 5132403 5137242 5144268 5145246 5146405 5147495 5148788 5155504 5157956 5160547 5164148 5166403 5171002 5171887 5173075 5179058 5180097 5182079 5183655 5189730 5194674 5198503 5199551 5203987 5206103 5208705 5217366 5222957 5226236 5227897 5229911 5237733 5246021 5256181 5271150 5278618 5280312 5282561 5286835 5287849 5290579 5291781 5292837 5302793 5305962 5306878 5309828 5311213 5323982 5329891 5332101 5333116 5336806 5342610 5344060 5345045 5346959 5355917 5362795 5364363 5365839 5369761 5374076 5376742 5379357 5383462 5384993 5388129 5393670 5394987 5400932 5401767 5404842 5411551 5414127 5416848 5417836 5426263 5427080 5429193 5430894 5431662 5432890 5436722 5449253 5456640 5458482 5459517 5467355 5469101 5476340 5477094 5478848 5479694 5486819 5488131 5488814 5491603 5494022 5496958 5502189 5505421 5509973 5514076 5516378 5518866 5523380 5524754 5527542 5532299 5537239 5542957 5544001 5547991 5550100 5557389 5558854 5560877 5566359 5568092 5571670 5576872 5578396 5583192 5584875 5586553 5588406 5589652 5596465 5599691 5602943 5604647 5609825 5611636 5614786 5617503 5622929 5624209 5626645 5632026 5641538 5647906 5655360 5657402 5659647 5664965 5671732 5677567 5681462 5684364 5686351 5687617 5688808 5690840 5692174 5694899 5701354 5703068 5707160 5708005 5710726 5712810 5713568 5715475 5716550 5719726 5721211 5722320 5729142 5730518 5733598 5734551 5735703 5736636 5737597 5746105 5747417 5754289 5757037 5762013 5765735 5767385 5768866 5775363 5776672 5780387 5785538 5786841 5788054 5789071 5791210 5794259 5797935 5815900 5818701 5820522 5825983 5828680 5829895 5831558 5833084 5836664 5845116 5846547 5849208 5850365 5852875 5854156 5857180 5858300 5860978 5865746 5873781 5874922 5875629 5878499 5881304 5882122 5883857 5885139 5887741 5890584 5894127 5899705 5906916 5910227 5911093 5915282 5921062 5923470 5925662 5927844 5929658 5930298 5931818 5933345 5940397 5949431 5950828 5955206 5955902 5958459 5964145 5965493 5968909 5970865 5974920 5976587 5978938 5982821 5985248 5986088 5990646 5996276 5997535 6004520 6005726 6007256 6008599 6018345 6020394 6024523 6030003 6031525 6034905 6037348 6039225 6040649 6052110 6053756 6061442 6064093 6067091 6068105 6070677 6074497 6076198 6078383 6080278 6081777 6083995 6088186 6090287 6091529 6094084 6095178 6096682 6101766 6104067 6108779 6110178 6116649 6124422 6127459 6130589 6131881 6133038 6142457 6143399 6145550 6150312 6151764 6156245 6158929 6159971 6163085 6165423 6167526 6170301 6172903 6175996 6180444 6186766 6188588 6192275 6195134 6197993 6204776 6206233 6209261 6210657 6215059 6216934 6218273 6219547 6226540 6227977 6231205 6235101 6238958 6241733 6243069 6246270 6248518 6250276 6251748 6253238 6255822 6257337 6259503 6263496 6272953 6274138 6275835 6280004 6280801 6282611 6288864 6290654 6295589 6304387 6305901 6308735 6314811 6319453 6320433 6326333 6327387 6329580 6333786 6339756 6342026 6344107 6345609 6348516 6354759 6358855 6360890 6363465 6365155 6368017 6369866 6372234 6381994 6384902 6388691 6389924 6392332 6394652 6398678 6400361 6401692 6404399 6416763 6419312 6421007 6430305 6432598 6436920 6439261 6441110 6443484 6445020 6445865 6447990 6449834 6451860 6454504 6457187 6458670 6467455 6473841 6477656 6482966 6486376 6491659 6493627 6498075 6502544 6504483 6509077 6511961 6513182 6517340 6520418 6523290 6526909 6530018 6532152 6534418 6537668 6539134 6543365 6547393 6548570 6552253 6554904 6556771 6557605 6565887 6568837 6570920 6573860 6575884 6577592 6578761 6588759 6590684 6591837 6594300 6596178 6597624 6600159 6604836 6609215 6614995 6616149 6622245 6626701 6628415 6633452 6635588 6636722 6650137 6652083 6658551 6660092 6663348 6665554 6667925 6675276 6676941 6678163 6686521 6687990 6689537 6692920 6693745 6696521 6707851 6708805 6713302 6716526 6717693 6719170 6721189 6722489 6723782 6725200 6726769 6731896 6738111 6739521 6743999 6745423 6750420 6751687 6753123 6755243 6756188 6759668 6762148 6765222 6775600 6776680 6778691 6780817 6782294 6797326 6798200 6800468 6801396 6805529 6809113 6812762 6814114 6814986 6817092 6817703 6818571 6828162 6832164 6833321 6836420 6838506 6839607 6848974 6854221 6860276 6863563 6865396 6866318 6872114 6873082 6876071 6878126 6880552 6882409 6887635 6889098 6891657 6893018 6900452 6902857 6905261 6910030 6911318 6917822 6918802 6920776 6922049 6923566 6928086 6929160 6933378 6935602 6936539 6944417 6947125 6948304 6954076 6956632 6958384 6960227 6963847 6965159 6971763 6975548 6983631 6988104 6999894 7004740 7007843 7009743 7010515 7015873 7017377 7024220 7027310 7029922 7038005 7043078 7050017 7054325 7059713 7060966 7061879 7066322 7068415 7072450 7074514 7079909 7084203 7085989 7088355 7090233 7092595 7099074 7100207 7104048 7106744 7115077 7117547 7125234 7126537 7127927 7132624 7133236 7134755 7135628 7136708 7150192 7154456 7155281 7156242 7157221 7159668 7162035 7167142 7168463 7171788 7174533 7185718 7190217 7195474 7196291 7198553 7206004 7214160 7215719 7221485 7224932 7228498 7234304 7235448 7236948 7242241 7244196 7246315 7251849 7253499 7254497 7255570 7260070 7266314 7267248 7269429 7272236 7276778 7277813 7282357 7283770 7285906 7289574 7294371 7295577 7296225 7297554 7300070 7303895 7305564 7307465 7318913 7322144 7325033 7328573 7331171 7333014 7334416 7340328 7347313 7350627 7353208 7356794 7358736 7361386 7362177 7363134 7368284 7370838 7375333 7377379 7378572 7379676 7382205 7384781 7389173 7392160 7398761 7400254 7401937 7406597 7409038 7412635 7416631 7417667 7423760 7426126 7428312 7433690 7436008 7437338 7438618 7441829 7445185 7449282 7458100 7466158 7468247 7469458 7471685 7474621 7476882 7480632 7482540 7485723 7487975 7489727 7491273 7492824 7498831 7506130 7510086 7519803 7520665 7528687 7532270 7534557 7537982 7538979 7541712 7542704 7545098 7548971 7559790 7560723 7563593 7564939 7569035 7572292 7574460 7584694 7591714 7604638 7607898 7615667 7617654 7618643 7621481 7627244 7630064 7633615 7638116 7643452 7645504 7646766 7653343 7657059 7659453 7665427 7668979 7670287 7671227 7672745 7674234 7675680 7676665 7677868 7680173 7691283 7693479 7699305 7702267 7702986 7704828 7709054 7711482 7712395 7715884 7720079 7724971 7727284 7729106 7729912 7732017 7733159 7735818 7736933 7747383 7749402 7750872 7752078 7762808 7772080 7777950 7780666 7782347 7785388 7787466 7788988 7790907 7794092 7798316 7800029 7801515 7802394 7805815 7807364 7808827 7810514 7818082 7821377 7826337 7828326 7836670 7840716 7842241 7844946 7850453 7855558 7859714 7872933 7874006 7876208 7879020 7882690 7883869 7887988 7894114 7897243 7901243 7905550 7909605 7910910 7913968 7915353 7917589 7920345 7925221 7930223 7936639 7939034 7942131 7947646 7948515 7950589 7958393 7959142 7966051 7970671 7972427 7976836 7980696 7981940 7984122 7990111 7991138 7993773 8005580 8009012 8010668 8012647 8014535 8015378 8020982 8021994 8025056 8026991 8027953 8029629 8034036 8038587 8043490 8045318 8051971 8058252 8061250 8062920 8064993 8065816 8066569 8068866 8077478 8080200 8082479 8084231 8085309 8088987 8090488 8103272 8105340 8106671 8108434 8110307 8112316 8116750 8121250 8125339 8130482 8137721 8152358 8153230 8155698 8157175 8160167 8165465 8167293 8170665 8172981 8177758 8179479 8181353 8184244 8185960 8194866 8196810 8198762 8201708 8205225 8211402 8214635 8219082 8221756 8224618 8227691 8230437 8231247 8234854 8237368 8240802 8245298 8254470 8256440 8259290 8262596 8269332 8271216 8279618 8280514 8281634 8286105 8287683 8298436 8300505 8306503 8308367 8313673 8317755 8323959 8325547 8326859 8329655 8331562 8335580 8338028 8340367 8342588 8347630 8350701 8352385 8354113 8360284 8361339 8362415 8365169 8368113 8373229 8375405 8380040 8381119 8383293 8385203 8388191 8388993 8392365 8400599 8411244 8413089 8414642 8418794 8427139 8434198 8438243 8439762 8447279 8448002 8450627 8454685 8464105 8465665 8467132 8469416 8470723 8475187 8477144 8478998 8481587 8484775 8494429 8500205 8509880 8520138 8522577 8529712 8535728 8539226 8540417 8544273 8544829 8550636 8553027 8555157 8559532 8564225 8566670 8568954 8571793 8574246 8575568 8578771 8583281 8584652 8586710 8587990 8589007 8591838 8593489 8594778 8600233 8604266 8605542 8611106 8612626 8614336 8616643 8618206 8622062 8632849 8643299 8645745 8647432 8648552 8652468 8654092 8656225 8663078 8664192 8665358 8668341 8674275 8675429 8677763 8681003 8690716 8698158 8703450 8710480 8713048 8714025 8721503 8724255 8727269 8729814 8733842 8734515 8736308 8742071 8745503 8748344 8754226 8758355 8761479 8762683 8765084 8774496 8780738 8790661 8793440 8795209 8797562 8799957 8801995 8808419 8810026 8813159 8823746 8826826 8831523 8834015 8834971 8836811 8839961 8842843 8852474 8854184 8855320 8860376 8863434 8867744 8868977 8870932 8879004 8883551 8887125 8893187 8899378 8908696 8917958 8926325 8928734 8930775 8933072 8934070 8936160 8937381 8939244 8940673 8942790 8945468 8946159 8948032 8953747 8956071 8956838 8958219 8962218 8964456 8965976 8968284 8972359 8978682 8981814 8983555 8986340 8990447 8992755 8998032 9001961 9003360 9007044 9011337 9013035 9016083 9017167 9018082 9020009 9022703 9029497 9030953 9036524 9039426 9040829 9045327 9047616 9049629 9052442 9053764 9054827 9058530 9063737 9068046 9073705 9074793 9077357 9080124 9081744 9086364 9087971 9089032 9090087 9093605 9095639 9105722 9109966 9114354 9116208 9122293 9123381 9125060 9126664 9131651 9133891 9138474 9141021 9142080 9143832 9149407 9158360 9160184 9161941 9171722 9173546 9177205 9178333 9186232 9188217 9190200 9193905 9195872 9203235 9209148 9210798 9214578 9216663 9218022 9225561 9227700 9230101 9236187 9239129 9242821 9245420 9249026 9251489 9253705 9260711 9262097 9266278 9270765 9278898 9282009 9288069 9293695 9294745 9304826 9306059 9307142 9308163 9312798 9314354 9316168 9317979 9321800 9327646 9332097 9333901 9338598 9340635 9341665 9343658 9345995 9353098 9354791 9365809 9368106 9379561 9384927 9386038 9389239 9391695 9392977 9406908 9412159 9413318 9414453 9417205 9420213 9423563 9427836 9431011 9434058 9437684 9439257 9441228 9444595 9449949 9452945 9458094 9463524 9464677 9466022 9468043 9470961 9475126 9484774 9485976 9488561 9492020 9493267 9495493 9498197 9506120 9510194 9513529 9518436 9520651 9533333 9534968 9537756 9547379 9548446 9552620 9555036 9563273 9566219 9567886 9572614 9573754 9576097 9577332 9578351 9582429 9583755 9585899 9590565 9596571 9597387 9598568 9604733 9614373 9617824 9629018 9631252 9634348 9635558 9638432 9640116 9641381 9643616 9647331 9649109 9655474 9664891 9665964 9670023 9674953 9677529 9680041 9682867 9684590 9692292 9703630 9705765 9706536 9708368 9709921 9711303 9715554 9716354 9720408 9721738 9725075 9726591 9727794 9732731 9734059 9739381 9742466 9744585 9748658 9751219 9759586 9767619 9769275 9772379 9773126 9774555 9777866 9787160 9795156 9799452 9803283 9805544 9807941 9811578 9818786 9823024 9829251 9831677 9835963 9837349 9843940 9844684 9848203 9849026 9852969 9855854 9864063 9875339 9879898 9884210 9886012 9887027 9888474 9890886 9893816 9901615 9907706 9912969 9926062 9935475 9937815 9943942 9945706 9946695 9949232 9955954 9962283 9970538 9978289 9980976 9982893 9983820 9986673 9991495 9997898 9999113 
</Matrix>
<Matrix name="Neuron_211" type="complete" rows="1" columns="5449" multiplier="1.0">
   996 6225 8671 10055 11634 13473 17870 22074 24809 25886 26705 29017 30743 35801 37566 42096 43025 44332 46720 47660 48722 49897 51246 52055 54030 57322 61417 62436 63617 65836 68497 70108 72286 74003 75784 79196 83313 84774 85604 86234 87332 90088 91235 95711 96957 99849 102522 105411 110333 112246 113783 116450 117472 120695 121381 124340 125897 128483 131371 132401 135610 137534 139419 140829 141949 143024 143703 144772 146284 147743 149335 150872 152742 154206 155921 158629 159693 163877 165383 166664 168177 170831 171681 173356 174517 176013 179574 181498 182206 184195 186581 188765 190916 193536 194163 197886 198785 200272 203998 204878 206812 207320 208795 210807 211597 212676 214274 217147 219816 220734 222548 225967 227487 230833 235492 238129 239602 240910 242081 243317 244716 245933 249367 250301 251228 253643 254278 256051 257279 258246 259790 262783 263728 264482 265485 268702 271268 272490 275314 276811 277803 280561 282538 284968 285563 286746 290079 290943 292036 293315 294391 295318 296725 298848 299923 300891 301892 302866 304572 306624 307634 310867 311879 313202 314245 315321 316529 319296 326308 329905 333282 334211 335308 337232 339950 340727 342034 342763 344278 345658 346803 347770 348782 349833 350738 353706 354990 356941 360042 360722 363246 365785 367115 368601 370323 372374 378044 380017 381539 384249 386043 387173 388181 391039 392907 394217 395963 397609 398983 402322 404472 405705 408040 409373 411848 413761 414915 417151 419334 420479 421957 422839 424731 426737 428359 430367 431531 432221 433917 435243 440667 442163 444718 446156 448172 449228 450800 452228 454549 456359 456827 457832 459216 460055 460842 462193 463382 464399 472206 474511 476514 482062 483104 484168 485021 486273 489110 491399 493596 494585 495725 497606 499477 500639 501446 503871 507053 509976 512249 513766 515434 517235 518618 519263 520374 521888 522979 525557 526869 528221 531014 532349 534013 535269 537453 538338 539910 541041 544028 548459 551164 553500 555537 556343 557219 558899 560069 561803 562881 564395 566220 568380 570255 571765 572583 574086 575190 576113 577690 579858 582392 583945 586112 587512 588745 590317 591924 593836 594487 595055 596218 597075 598168 598726 602557 603353 605917 607225 613095 615320 619345 620382 627237 629695 631220 632344 634512 635513 637934 639295 640886 642497 644990 645995 647448 649383 650626 651571 652696 653640 654471 655633 656846 658878 666812 670420 671834 673402 674709 677728 678873 679827 681000 683572 684374 685431 686422 690889 691676 693626 697429 699039 699837 701073 702630 703683 704976 706145 708099 709217 709943 711656 712526 714261 715328 716320 716908 719796 720901 722658 723782 724702 725588 727148 727883 728896 730951 731689 732885 735209 737544 738642 742115 744224 745863 746967 750151 751508 757248 758086 760689 761536 765132 766554 767444 768712 770071 771246 777324 778475 779847 780609 781587 783698 787655 789864 790879 793518 796567 797380 799196 799916 802773 804807 806395 807608 809871 810819 811551 812377 814044 815439 817998 819442 820513 821606 822469 823648 829736 830784 832170 833752 834964 835909 837462 838793 839872 840915 845661 848247 851320 852469 853548 855703 858857 861128 862746 864426 867631 869834 870577 873649 876429 877477 878366 882341 882999 884649 885926 887002 887941 888839 889627 890481 891957 892951 895025 896911 898031 900493 901293 903045 904484 908369 909569 912084 914955 917898 919057 920151 920902 922029 923161 925277 926255 927078 928246 928909 931086 931896 932772 933595 934596 937007 938960 944180 945052 947547 950198 951521 952527 955155 959464 960652 962194 963025 964248 965590 967114 968590 970008 971017 971925 973918 974870 976967 977386 978744 982723 983871 987181 987977 988845 990132 992980 994190 995883 999525 1001075 1002136 1002816 1003418 1005164 1007535 1010262 1012775 1013591 1021634 1023980 1025615 1026140 1028149 1029450 1032237 1033209 1035416 1036730 1037860 1038625 1039968 1042513 1047306 1048738 1050691 1052579 1054491 1055237 1056163 1057882 1059022 1062147 1063994 1067022 1069096 1070092 1071107 1072052 1073306 1074314 1078853 1079697 1082162 1085708 1087703 1089480 1091453 1094117 1094999 1100075 1103398 1104818 1106346 1107891 1110023 1111374 1114521 1115918 1117071 1120733 1125230 1126566 1127373 1130378 1132430 1134190 1136210 1137132 1138377 1140397 1142840 1143632 1144640 1148468 1149777 1151220 1152420 1157178 1158995 1161024 1162331 1164683 1165377 1167150 1172527 1173444 1174209 1176859 1177848 1179960 1183103 1185040 1186330 1188415 1189582 1191080 1192195 1193914 1197277 1198896 1200339 1201566 1203218 1204625 1205707 1206526 1208251 1209804 1211031 1214012 1215292 1216299 1219959 1222281 1226461 1228011 1230919 1231800 1233184 1234425 1235300 1236481 1242191 1244014 1245012 1247599 1252226 1254740 1255350 1256863 1262771 1264481 1265232 1271732 1273209 1275198 1276534 1277925 1280294 1281721 1282512 1284104 1285314 1286120 1289382 1290384 1291484 1293302 1297779 1299368 1301127 1302066 1304272 1307970 1310819 1312178 1313111 1314506 1317879 1320552 1321705 1322810 1327036 1331324 1332799 1335529 1336610 1337581 1341994 1344056 1344650 1348721 1350489 1352020 1353940 1356630 1357513 1358787 1359549 1362395 1365420 1366507 1369561 1370656 1372922 1374067 1375215 1380189 1381820 1385056 1385827 1388296 1390038 1394231 1395903 1397029 1398624 1402592 1403633 1405717 1408061 1409390 1411034 1412302 1415186 1417445 1419123 1419867 1421177 1422215 1425554 1426618 1428843 1431244 1432835 1434073 1435043 1436961 1437790 1440174 1444957 1446696 1450447 1452791 1454744 1456121 1456922 1458530 1459381 1462355 1463509 1464486 1470586 1472335 1476060 1477673 1478586 1479982 1482285 1483465 1484558 1488513 1490473 1491709 1493721 1494464 1497796 1498833 1500392 1501355 1503842 1505983 1507864 1509236 1511043 1511852 1513902 1515799 1517870 1519523 1520116 1520864 1524107 1525476 1527743 1528587 1531551 1533585 1534248 1535466 1537387 1539032 1541757 1543565 1544830 1545694 1546226 1550106 1552774 1555304 1556254 1559671 1560580 1561641 1563862 1565526 1567804 1569569 1571150 1572243 1575104 1577354 1580684 1584734 1585561 1588207 1593353 1594674 1596080 1597385 1599441 1601086 1601956 1603195 1605739 1608035 1609260 1610611 1612452 1613161 1615366 1616325 1619630 1621025 1623338 1626198 1628347 1629148 1630633 1632034 1633235 1634319 1635181 1636429 1638281 1642703 1646174 1647061 1648917 1651277 1652945 1655456 1658046 1660798 1661973 1662703 1664796 1665674 1667104 1669026 1673739 1674667 1677324 1679030 1679602 1681873 1685097 1686779 1687928 1689042 1690691 1692344 1693624 1696114 1696779 1699470 1700554 1703691 1705266 1709107 1710254 1711874 1714129 1717643 1720761 1722060 1723965 1726232 1727586 1728850 1730325 1732631 1734308 1735897 1738058 1738824 1741004 1743396 1744570 1746369 1753079 1755976 1757355 1759057 1761831 1763526 1767081 1768315 1768925 1769622 1773268 1774118 1775912 1776804 1779562 1781339 1782386 1785236 1786408 1787322 1788982 1790036 1791140 1792178 1792938 1794076 1794730 1797607 1800527 1801614 1802892 1806742 1808043 1809029 1810325 1812244 1813981 1819619 1822474 1823684 1825133 1826669 1828686 1830030 1830808 1831599 1833836 1835762 1839785 1841233 1842602 1843347 1844534 1847288 1848862 1850388 1851284 1854859 1855825 1856970 1858526 1859761 1861630 1863903 1865727 1868323 1869568 1870320 1872990 1874496 1877024 1878082 1879067 1881088 1881921 1883397 1884666 1885622 1889001 1890786 1891780 1892964 1893677 1901743 1904525 1909413 1910457 1915143 1920377 1921767 1923457 1924842 1925842 1927835 1929978 1931560 1933523 1934085 1937349 1938848 1939657 1941527 1942261 1944349 1946909 1947669 1950432 1951564 1955478 1956556 1957937 1958559 1962971 1963794 1965090 1965958 1968231 1970643 1974816 1975671 1978357 1980435 1981636 1982728 1985247 1988028 1989317 1991603 1994406 1997589 1998356 1999479 2000987 2004855 2007261 2008276 2009479 2011257 2012911 2013661 2016374 2017862 2020680 2021848 2023647 2026289 2027351 2028483 2029899 2032524 2034166 2035021 2037577 2042658 2044714 2047379 2048387 2050868 2052333 2053411 2055069 2057765 2058499 2059416 2060977 2061935 2063931 2064762 2067401 2069590 2071035 2074093 2074801 2077923 2079014 2080122 2082886 2084222 2087312 2088804 2090672 2091483 2092817 2094659 2096213 2098165 2098891 2103736 2105114 2108378 2110491 2114755 2116929 2118097 2120133 2121497 2122492 2123628 2124813 2125797 2127744 2129801 2131349 2132148 2134142 2135890 2137521 2143152 2144342 2145015 2147516 2150265 2151439 2159425 2160681 2162582 2164835 2166500 2167952 2171030 2171907 2173346 2176334 2177419 2181482 2182696 2184077 2186995 2188393 2190075 2191607 2193677 2195033 2197203 2198784 2202256 2204278 2204981 2206079 2208966 2210449 2211603 2213352 2214918 2216650 2217897 2219042 2221651 2224562 2225883 2230512 2234180 2235042 2237021 2239060 2242019 2243779 2245488 2247036 2248831 2249773 2250764 2254689 2256234 2258540 2261067 2262154 2263209 2264838 2266599 2269221 2271182 2272854 2273822 2274823 2277240 2278571 2282812 2284469 2285267 2288395 2292750 2295363 2296885 2298124 2301350 2304563 2306314 2307061 2308436 2309574 2311441 2314141 2315292 2316158 2318819 2320222 2321201 2323078 2324967 2325977 2327206 2328920 2330363 2331068 2335299 2336870 2338101 2340635 2341497 2343524 2344753 2346927 2349836 2351400 2355201 2357697 2359075 2361401 2362282 2363887 2365386 2366390 2367509 2370573 2373957 2375595 2378056 2379506 2380320 2384137 2385509 2389080 2391269 2393305 2394318 2395657 2397240 2398018 2400802 2402261 2403553 2404589 2406704 2407530 2409278 2412258 2413422 2414972 2415680 2417069 2418350 2421817 2424530 2426235 2427694 2431669 2432997 2435430 2437658 2444261 2446033 2446624 2447405 2448941 2449873 2451336 2453884 2454670 2456056 2457277 2458018 2458695 2459841 2461652 2464334 2465437 2466309 2468447 2469090 2472885 2474166 2475840 2478276 2480125 2481163 2483441 2484221 2485599 2489477 2491933 2494035 2495459 2496331 2500665 2502908 2505470 2506315 2507114 2507864 2510172 2511002 2512248 2513795 2514862 2516004 2517186 2519606 2520777 2522058 2523231 2523895 2524702 2526437 2530352 2531392 2532524 2534737 2537575 2538618 2539186 2540469 2541690 2543542 2545673 2546456 2549916 2552988 2556345 2557050 2557964 2562137 2563702 2565976 2567968 2569826 2571446 2573148 2575484 2578043 2579252 2580281 2581245 2583636 2585257 2587558 2588917 2590399 2593467 2594573 2595271 2597377 2599213 2603190 2604862 2606320 2610964 2612561 2614336 2615544 2617105 2620271 2621948 2623171 2623921 2625342 2627731 2629470 2633686 2636989 2638059 2639140 2640218 2641365 2642395 2643289 2644982 2645980 2648530 2650093 2651868 2652414 2656373 2657531 2658163 2659946 2660831 2661755 2663693 2665143 2666563 2667569 2670965 2673030 2674828 2678027 2679898 2680536 2683059 2684197 2685125 2686884 2688367 2689746 2694119 2695684 2696745 2698459 2699941 2701613 2703020 2704529 2705299 2707230 2707911 2709076 2709652 2711535 2712549 2713241 2714600 2715910 2719009 2719834 2722413 2724725 2726223 2729934 2730916 2733193 2733925 2734761 2738695 2739509 2740361 2741237 2742727 2743880 2745071 2750137 2751198 2752657 2754485 2756548 2759736 2761174 2762499 2763806 2767159 2768187 2772067 2772937 2774346 2775160 2777028 2777894 2778618 2779663 2781136 2782627 2786050 2787728 2788781 2789725 2791901 2793728 2795557 2798197 2799319 2805568 2806230 2807469 2809648 2811166 2812765 2815095 2818268 2818899 2820421 2821557 2822411 2827607 2828367 2829533 2831877 2832943 2834436 2836089 2837456 2838205 2840847 2841800 2842691 2843837 2845428 2847418 2848948 2852308 2853024 2853713 2854660 2856162 2857437 2862129 2865943 2872074 2876578 2879711 2881896 2883949 2884770 2886162 2888451 2889906 2892367 2895234 2897359 2898702 2900979 2902283 2907189 2908814 2911052 2914434 2917233 2918254 2921876 2926141 2927205 2929059 2932535 2936152 2937419 2938778 2939392 2943379 2945094 2946451 2948286 2949852 2951719 2952693 2956970 2959254 2962687 2970049 2971063 2973402 2974972 2978320 2981995 2983221 2987053 2988283 2990375 2992046 2992912 2993584 2995739 2997682 2998299 2999173 3002145 3003428 3005580 3007509 3010661 3012828 3013953 3017607 3018879 3020927 3022438 3023915 3025034 3026404 3027649 3029832 3030755 3031520 3032584 3034124 3034907 3037630 3040081 3041872 3042695 3044183 3045478 3046581 3048536 3049613 3051545 3053368 3054964 3057405 3061015 3063394 3065070 3065828 3067613 3068796 3070442 3072617 3076981 3078240 3079768 3081368 3083474 3085236 3089851 3090670 3091664 3092331 3093390 3094270 3095468 3096670 3098509 3100527 3102324 3103025 3104486 3105071 3106204 3107204 3107993 3109555 3110778 3113405 3116420 3117424 3118927 3120445 3122370 3124035 3124980 3126246 3127833 3129633 3132604 3133945 3135624 3137993 3139746 3140919 3142555 3144238 3146579 3147343 3150299 3154168 3155444 3157138 3158630 3159945 3161589 3163415 3166568 3167716 3169784 3170669 3171763 3177037 3179867 3182758 3183827 3184915 3185869 3186484 3187343 3188255 3190761 3191650 3193028 3194058 3195656 3197752 3199698 3200787 3202215 3207404 3208342 3209640 3212073 3213307 3215320 3216907 3221939 3223569 3224453 3226540 3230539 3235325 3237232 3238188 3239294 3240207 3241715 3243136 3244271 3245357 3247037 3249693 3250645 3252598 3254524 3255513 3256938 3260073 3261642 3263371 3264870 3266727 3270050 3271114 3272333 3274102 3277199 3279861 3282009 3286044 3286837 3291912 3292614 3293958 3294869 3297201 3298645 3300185 3301919 3304377 3306493 3308641 3309783 3312222 3315239 3317815 3318919 3320137 3321158 3325660 3326288 3327545 3330888 3332659 3338620 3342779 3346487 3348741 3349781 3354065 3354870 3355790 3357320 3358673 3359904 3360803 3362242 3363304 3364715 3366997 3369960 3372237 3373524 3374406 3379123 3380031 3382825 3383702 3387243 3388646 3389876 3390545 3393413 3393933 3396072 3397167 3399186 3400513 3403786 3406233 3407292 3408234 3411734 3413531 3415160 3416679 3419156 3421233 3423637 3425958 3427818 3429300 3434170 3435241 3436160 3436910 3437415 3438288 3440046 3444244 3445266 3446685 3447395 3448616 3449794 3451125 3452447 3453227 3455012 3457951 3459969 3460733 3461878 3462752 3464716 3465905 3467006 3468099 3469772 3470508 3471936 3472731 3473644 3474404 3476688 3477908 3480511 3482645 3483614 3486849 3488190 3489316 3491096 3491855 3492895 3497301 3498026 3499151 3500532 3502100 3503084 3504722 3507451 3508625 3510803 3511798 3513908 3515591 3516630 3518014 3521897 3522947 3524342 3525443 3526625 3529516 3530629 3531850 3533637 3535172 3536535 3539220 3540319 3541659 3543806 3545783 3547286 3550365 3553192 3554381 3555494 3557264 3558168 3559065 3560831 3562916 3564605 3565582 3566889 3567527 3568619 3570340 3571178 3572091 3575441 3576923 3579528 3580979 3582193 3583214 3584702 3585325 3588007 3590266 3591557 3593350 3597826 3598523 3602771 3606321 3607280 3609283 3610806 3613366 3614371 3615311 3615998 3618575 3620459 3621744 3623352 3625388 3626777 3628905 3630919 3631778 3632629 3633512 3635532 3637116 3638291 3639289 3641397 3643402 3644686 3646702 3649110 3650240 3651291 3651985 3653898 3654387 3655495 3658953 3660472 3663339 3665366 3667247 3668504 3670030 3671402 3672321 3673120 3674082 3675861 3678058 3679104 3679837 3681582 3685002 3686199 3687092 3689263 3690477 3692825 3695731 3696563 3698036 3698967 3700770 3704525 3705681 3707706 3709558 3710846 3712894 3714464 3715618 3717484 3718980 3723062 3724841 3729990 3732059 3733539 3736373 3736885 3737971 3740833 3742389 3744670 3746237 3747401 3750464 3752248 3755006 3757112 3758692 3761236 3762107 3763018 3763917 3765197 3767543 3768837 3770230 3771835 3774750 3777951 3779169 3779942 3780940 3782435 3783850 3784913 3785950 3786856 3787527 3788488 3791712 3792778 3793688 3794325 3798127 3799750 3802399 3803713 3805677 3808552 3810614 3811704 3813164 3814362 3816687 3819306 3820196 3821383 3823221 3824765 3827539 3829235 3830077 3831443 3833709 3836072 3837047 3838005 3839643 3841046 3844189 3847352 3849930 3851078 3853647 3855073 3857251 3858347 3860303 3862937 3863502 3865725 3867458 3868897 3870466 3871621 3873175 3873726 3875047 3877421 3880119 3881320 3882167 3889447 3891094 3891698 3892847 3894307 3895495 3897173 3900263 3901090 3902025 3905284 3906328 3907923 3908933 3910076 3911729 3914399 3916792 3918371 3920614 3923107 3923980 3925480 3927325 3928157 3931627 3933108 3935359 3936044 3939099 3940697 3941831 3942864 3944910 3946346 3947874 3948763 3949594 3951381 3953206 3954312 3955841 3957580 3958393 3961072 3964240 3966006 3967390 3968880 3972026 3974455 3975545 3976369 3978276 3979958 3981876 3983560 3984912 3986638 3988181 3989286 3991410 3992593 3994372 3997566 3998705 3999999 4001635 4003556 4004304 4005483 4007186 4009387 4011450 4012444 4013355 4014777 4016544 4019528 4022491 4023441 4024843 4025997 4027656 4028587 4030332 4031594 4033434 4037855 4039060 4040172 4041420 4042279 4044518 4045224 4046189 4048326 4050465 4051204 4052428 4053592 4055170 4058090 4059039 4061940 4063469 4066393 4069429 4072543 4078946 4080130 4080889 4084150 4085821 4086742 4087649 4088270 4089807 4091679 4093431 4095235 4098140 4099877 4102366 4103946 4105809 4107869 4109836 4110826 4116107 4117285 4118445 4119478 4121017 4124229 4126510 4127583 4128641 4133885 4135131 4137147 4140298 4141096 4143501 4144516 4147499 4151340 4153635 4154724 4156401 4158366 4159662 4160796 4162536 4164046 4165870 4167651 4168811 4172161 4175066 4176621 4179326 4181161 4182435 4183565 4185436 4188075 4189220 4191334 4192754 4194040 4198169 4200555 4203401 4205075 4207101 4208944 4210120 4211890 4213348 4214553 4215708 4216862 4219371 4222250 4223731 4227176 4228931 4230213 4233434 4234864 4236272 4237225 4239199 4240273 4241377 4242630 4243693 4247854 4250721 4251680 4253617 4254231 4257689 4261325 4262253 4263157 4264115 4265446 4268002 4269642 4271162 4272430 4274014 4278897 4279743 4282057 4282986 4284801 4286169 4286776 4288845 4290085 4293965 4295408 4296822 4297923 4298870 4300303 4301299 4304240 4305201 4307578 4308967 4309907 4311263 4312461 4314471 4315058 4318637 4319683 4321195 4323590 4328294 4329461 4332473 4333340 4334857 4335716 4336864 4338604 4341157 4343753 4345589 4346501 4347845 4349720 4351299 4352346 4353731 4356287 4359634 4360872 4361651 4364843 4365420 4366467 4368145 4369270 4371675 4372613 4374418 4376774 4377990 4378776 4381051 4383647 4384761 4385462 4386113 4387934 4388786 4389853 4394711 4395952 4396686 4397874 4400430 4401907 4405960 4407804 4408574 4412071 4414821 4415718 4417122 4418546 4420009 4422020 4422750 4423960 4425225 4428744 4433366 4434265 4435260 4437335 4438353 4439378 4441760 4444904 4446367 4447504 4449251 4451345 4454144 4457116 4457918 4460105 4462368 4464199 4468364 4470126 4471372 4473012 4476373 4478465 4482157 4484681 4487023 4490260 4491276 4496547 4502788 4504144 4506601 4507403 4508724 4511325 4512349 4513881 4514566 4515915 4517487 4517984 4520137 4520968 4522370 4524048 4525047 4529905 4531255 4532250 4535112 4536613 4537435 4538908 4539874 4540916 4543515 4546480 4547966 4550422 4552097 4553335 4556429 4557611 4559202 4561086 4561866 4562779 4564315 4565514 4567914 4570566 4572548 4573817 4576194 4578972 4581278 4583606 4587883 4589671 4592842 4598542 4601600 4604798 4613954 4618054 4618880 4622903 4624180 4625538 4626481 4628224 4629049 4629795 4632257 4635850 4638292 4639009 4640163 4643878 4645629 4648015 4649614 4650418 4651647 4653339 4654713 4655916 4659441 4660218 4661083 4661776 4663817 4664631 4665701 4666407 4667017 4670031 4671940 4675430 4679170 4680668 4681857 4682685 4684465 4687705 4693142 4694891 4695521 4696661 4697397 4698337 4700224 4702629 4705137 4706315 4707600 4709918 4710547 4712429 4714164 4715042 4716491 4717418 4719204 4720129 4722418 4724488 4726207 4727532 4728348 4729828 4730384 4732783 4733903 4737605 4740287 4740965 4741573 4742667 4746414 4749608 4750942 4753360 4755397 4757149 4757904 4760751 4763576 4764286 4765411 4766377 4767267 4770481 4773699 4775583 4776679 4777823 4779376 4780861 4782522 4783001 4785021 4788726 4790568 4792879 4793692 4795176 4796570 4797517 4798832 4799973 4800874 4803375 4804460 4806085 4807728 4809125 4810136 4811434 4814440 4815800 4816436 4820310 4823037 4824517 4827247 4827968 4835571 4837154 4840771 4841732 4842756 4845988 4851342 4852805 4855332 4858228 4859258 4861637 4862940 4864466 4867116 4869176 4870675 4872709 4874620 4876062 4878460 4881634 4882337 4883032 4884083 4885870 4887938 4891866 4893375 4894645 4895822 4897096 4899786 4901087 4902802 4903802 4905765 4907025 4909389 4910569 4912509 4914333 4916040 4917458 4918368 4919172 4924313 4928219 4931509 4933112 4934250 4936428 4938557 4939537 4940413 4941021 4943950 4945640 4947643 4948875 4950146 4953570 4956321 4957964 4959233 4960878 4961900 4965064 4966702 4968015 4968768 4970374 4971142 4972088 4974342 4975364 4976253 4978019 4981065 4984111 4984962 4985563 4987705 4990518 4992407 4993191 4993829 4995233 4997440 4998521 4999680 5001938 5003568 5005739 5008115 5012016 5015616 5016400 5017452 5020105 5022494 5026638 5027852 5028564 5030457 5032013 5033776 5035872 5038445 5039977 5041427 5043587 5045229 5046318 5047632 5048280 5049572 5050783 5052036 5054424 5057143 5059417 5060724 5062709 5065248 5065827 5066983 5070870 5072252 5073077 5076425 5078078 5081969 5083746 5084928 5086862 5088904 5090100 5091744 5093249 5095949 5097255 5098301 5100652 5102522 5104478 5106305 5107208 5107889 5108967 5110205 5111688 5112455 5113553 5114923 5115684 5116832 5118784 5120321 5121602 5122179 5123020 5126692 5127466 5128824 5130742 5133634 5135633 5137002 5138827 5141291 5144450 5145215 5147875 5150577 5151298 5152419 5156723 5157713 5160188 5161461 5163909 5168690 5169470 5171737 5173265 5176183 5178402 5179415 5183015 5185906 5187657 5188508 5190249 5190744 5191519 5193139 5193871 5197111 5197880 5199836 5202425 5203040 5204828 5205928 5209911 5211498 5212710 5216210 5218019 5219129 5223211 5226422 5228813 5230867 5232940 5233701 5234312 5235849 5239976 5241347 5242024 5243055 5246074 5247251 5249043 5250574 5251059 5252796 5253509 5258147 5259741 5261344 5262306 5263692 5265952 5267500 5268266 5268992 5271633 5273894 5277126 5278058 5278792 5281083 5281887 5283877 5285446 5289457 5290845 5292595 5293870 5298746 5302017 5303192 5305232 5306821 5308980 5310600 5311704 5312611 5315486 5317099 5318038 5318882 5321788 5324325 5325201 5327738 5328790 5330843 5333293 5334803 5336834 5337861 5342813 5346355 5347523 5348938 5351676 5353774 5356785 5359087 5363070 5367768 5370894 5372768 5373772 5377130 5379145 5380720 5381755 5382834 5383797 5384684 5385307 5386841 5388020 5389258 5391732 5394225 5397984 5401033 5403860 5407700 5409334 5411790 5415214 5416775 5420993 5422423 5423456 5425003 5426869 5429853 5430721 5434540 5436110 5437512 5439874 5441897 5443035 5443928 5444862 5445679 5447666 5451659 5453111 5454838 5456800 5457901 5463268 5464837 5466103 5469025 5470620 5471663 5473206 5474832 5476864 5479863 5480823 5483147 5485356 5487105 5488147 5490316 5491477 5495774 5497167 5498081 5499034 5501901 5503121 5504476 5506530 5507588 5512576 5517414 5519328 5521792 5522497 5524133 5525411 5526444 5527207 5530246 5531568 5534088 5536439 5537442 5538477 5540098 5541643 5543334 5545875 5548088 5549204 5550465 5551624 5553468 5554791 5557489 5558150 5559505 5561409 5564169 5565366 5569176 5570919 5571938 5573424 5575645 5579477 5582166 5583550 5587884 5590052 5591557 5593266 5594403 5595083 5595787 5597227 5601272 5602755 5604059 5606280 5607398 5609780 5612747 5616545 5617615 5619331 5620503 5621573 5624929 5627060 5629197 5632047 5633002 5633791 5635525 5637632 5640141 5643625 5645321 5646488 5648517 5650990 5651712 5653154 5654352 5656081 5658198 5659249 5660900 5661796 5662512 5665022 5665833 5667936 5671124 5672354 5674095 5675625 5677041 5678087 5678837 5679961 5682277 5683681 5684625 5687286 5688320 5689909 5690840 5696494 5698759 5700545 5701387 5705612 5706346 5707953 5709004 5710792 5712748 5713669 5715302 5716679 5717649 5720710 5721759 5724372 5725529 5726569 5729208 5731321 5733720 5735508 5736228 5739888 5741582 5742975 5744450 5746101 5747215 5749614 5750235 5751243 5751834 5752657 5753653 5754514 5756235 5757032 5758459 5759306 5762974 5765074 5768238 5771775 5772713 5773911 5775037 5775909 5778031 5779212 5781247 5786098 5789500 5792186 5794041 5796780 5798259 5799091 5803891 5804952 5809684 5810888 5811793 5812531 5814569 5818711 5821390 5825217 5826228 5827889 5829167 5831650 5833871 5836119 5837371 5838090 5840323 5843794 5845745 5850161 5851133 5852207 5853658 5854781 5856014 5856784 5858215 5858849 5863603 5866147 5868205 5868912 5874632 5876092 5877835 5879522 5883511 5884311 5885049 5885921 5888500 5889905 5891521 5893000 5894546 5895905 5897048 5897728 5898633 5900550 5902212 5904318 5905944 5906957 5909036 5911345 5912849 5915815 5916515 5917179 5917849 5919759 5920978 5923272 5925342 5926803 5928780 5929783 5930981 5932627 5935355 5936694 5937321 5940811 5942132 5942907 5946783 5950163 5950828 5955894 5957131 5958222 5959189 5960691 5962200 5962822 5964571 5968076 5969633 5970570 5972439 5974407 5975871 5976798 5977848 5979314 5980218 5981250 5982410 5983757 5986352 5988461 5989497 5990282 5991584 5992464 5993258 5994436 5995843 5996815 5998030 5999951 6000811 6001786 6002515 6004643 6006165 6008838 6010303 6013037 6014470 6015495 6019641 6021530 6022891 6024416 6025758 6026524 6028666 6030623 6031798 6033272 6034351 6037858 6039232 6040113 6041931 6044528 6047307 6051079 6051915 6053434 6055818 6056833 6057725 6061046 6062677 6064677 6066896 6068254 6070230 6072050 6074513 6075260 6079980 6083231 6085900 6086638 6087633 6089045 6090228 6091011 6092571 6093566 6096819 6098292 6099229 6100921 6101989 6104425 6106038 6108786 6110299 6111210 6112352 6114080 6114774 6115760 6116535 6119961 6120950 6122345 6125008 6126387 6128653 6129712 6130665 6131238 6132591 6133984 6135512 6136406 6137641 6138539 6139684 6140477 6141711 6143333 6144085 6146370 6148314 6148784 6150982 6152347 6153836 6154792 6156134 6157779 6160877 6161988 6163740 6164496 6166754 6167809 6169097 6171063 6173510 6176345 6177228 6178434 6179493 6181552 6182501 6186499 6188292 6190164 6191222 6193613 6194796 6196540 6199026 6201024 6202492 6204178 6208508 6209486 6210841 6211905 6213006 6214576 6215435 6216791 6217756 6219393 6221092 6221775 6223173 6224710 6225552 6227072 6228471 6229113 6230128 6232139 6233332 6237786 6238661 6239865 6240900 6242173 6242962 6243963 6246091 6247520 6248849 6251726 6253457 6254843 6259944 6261264 6263297 6264547 6266481 6267362 6268596 6270954 6272553 6273518 6275677 6276723 6278299 6280887 6285101 6286104 6286885 6287870 6288943 6291687 6292946 6297461 6299817 6302027 6304192 6306310 6307475 6310689 6311257 6312722 6316559 6317690 6319536 6321581 6322952 6323676 6324756 6327794 6329204 6331010 6332069 6333798 6342526 6344139 6345826 6346587 6348163 6349619 6350345 6351253 6353635 6355031 6355998 6357461 6358406 6359922 6361185 6362313 6363134 6364355 6366154 6367250 6368493 6369672 6370844 6372246 6374192 6376088 6377497 6378188 6381561 6382294 6385147 6392024 6393202 6393840 6394957 6396829 6397354 6399657 6402341 6403133 6404251 6405674 6408129 6409391 6410728 6413146 6414028 6417395 6418991 6420671 6421766 6425101 6426640 6427935 6429383 6431252 6432338 6434547 6435995 6437868 6439376 6439890 6441410 6442204 6443438 6444248 6448137 6448911 6453277 6454941 6455621 6458184 6460794 6462769 6464187 6466090 6469254 6470399 6471518 6472939 6475081 6477055 6478838 6482288 6483469 6484679 6485818 6488079 6489478 6490272 6491763 6492771 6495043 6496504 6497409 6498964 6499871 6501710 6505686 6506372 6507772 6510761 6511561 6512262 6513165 6514410 6516253 6516845 6517692 6518896 6520435 6522008 6523745 6525250 6526283 6529498 6531418 6532211 6533716 6535976 6537443 6539099 6542174 6544236 6545075 6546127 6547567 6548547 6549882 6552963 6555438 6556370 6557044 6558143 6558967 6563274 6564368 6566745 6568213 6568911 6571902 6575101 6575698 6579981 6581543 6584379 6586446 6587964 6593532 6595654 6596448 6597782 6598870 6600887 6601719 6602663 6604811 6606579 6608668 6610099 6611013 6612003 6613489 6615277 6616653 6619439 6621712 6622763 6623735 6625123 6626450 6629972 6632040 6633294 6637559 6641037 6641844 6646062 6647152 6649242 6650328 6651688 6653982 6656155 6657262 6660240 6661623 6663194 6664710 6666007 6667367 6674404 6675146 6676184 6677307 6678194 6679573 6680552 6681588 6682784 6685174 6686502 6687844 6689081 6690101 6691684 6694662 6695645 6696436 6700071 6701108 6702554 6704023 6704820 6707643 6708604 6711793 6713209 6715231 6716453 6720987 6721908 6722707 6723703 6725530 6728885 6729995 6731097 6732668 6733550 6735467 6737015 6739706 6743049 6744069 6744923 6748087 6748926 6752385 6755519 6756784 6758079 6759595 6761590 6765186 6766692 6773024 6773872 6775935 6777276 6778842 6780069 6781026 6782071 6782809 6784356 6785046 6789549 6791113 6795687 6801688 6802782 6803993 6805236 6806357 6809308 6810418 6811612 6814652 6817618 6820324 6823658 6824977 6826148 6829482 6830685 6832498 6835357 6837805 6838787 6839892 6840780 6842317 6843070 6844507 6846805 6847841 6849071 6850738 6851693 6852464 6854498 6856632 6860029 6864426 6867857 6869703 6870554 6872349 6874508 6878281 6880885 6881957 6883513 6885017 6886150 6887421 6889187 6891346 6892566 6894928 6896040 6897103 6899463 6903589 6905133 6907497 6911504 6912479 6914478 6916091 6917660 6921155 6923252 6924461 6925263 6928244 6931118 6932598 6933859 6935257 6937134 6937919 6939611 6944074 6945623 6946358 6948244 6950669 6952246 6954124 6958083 6958941 6961086 6964004 6967849 6968839 6969951 6971791 6973017 6975389 6975936 6977243 6978632 6982200 6983762 6984662 6985649 6986900 6988471 6989780 6991381 6992089 6993419 6996492 6998069 6999454 7000723 7001542 7002407 7003635 7004809 7005530 7008042 7009422 7011916 7012812 7014049 7015896 7017902 7019089 7020239 7021199 7022555 7024374 7025498 7026173 7028104 7030206 7031448 7033375 7034903 7037668 7039555 7042978 7044285 7044923 7046349 7049408 7052494 7053826 7054931 7056907 7057954 7060363 7063525 7064627 7066624 7067735 7068848 7069586 7070608 7071978 7073675 7076663 7078742 7079389 7080552 7081814 7083304 7084004 7086436 7089658 7092967 7096786 7098081 7098877 7101148 7103620 7104371 7106218 7108251 7112993 7114231 7115481 7116403 7120210 7121992 7123788 7126913 7128192 7129852 7131291 7132919 7134813 7136753 7140891 7142602 7143082 7143929 7144999 7146545 7147660 7149205 7150291 7151916 7154457 7155463 7157270 7158344 7159472 7160486 7161587 7162773 7165345 7170066 7170763 7172169 7175234 7176400 7179946 7180728 7181758 7184040 7185470 7186623 7187569 7188741 7191491 7193074 7194479 7196847 7199585 7201128 7202700 7205352 7208154 7209791 7210546 7212393 7214324 7215985 7217459 7219659 7220372 7221415 7224309 7225310 7226931 7228898 7230142 7232155 7233055 7235406 7236230 7238966 7240938 7245201 7247626 7249982 7250963 7252680 7253916 7255347 7257529 7260196 7262068 7264138 7264961 7266573 7267712 7268803 7271892 7274857 7277899 7280243 7281860 7286520 7289953 7290951 7292681 7293369 7295117 7296632 7298025 7299804 7300441 7301508 7304803 7307992 7309478 7310763 7312360 7314797 7316486 7317267 7319444 7320280 7321233 7322612 7327932 7330771 7331794 7332935 7334381 7335280 7337377 7338256 7339435 7340894 7342137 7344703 7346037 7347739 7348628 7349840 7351619 7353760 7355445 7356903 7358514 7361503 7366481 7368255 7370403 7371623 7372566 7374269 7376709 7382011 7384738 7387028 7388637 7390701 7395781 7398744 7404764 7407138 7407895 7411569 7412285 7415205 7418413 7419596 7420827 7423506 7424974 7426792 7429568 7431942 7436516 7437876 7439295 7441831 7442652 7445874 7447148 7448692 7449845 7453872 7456937 7457792 7462038 7463626 7465359 7466553 7468911 7470338 7471164 7474506 7475485 7477885 7480186 7482175 7485290 7487159 7487881 7488976 7492838 7494673 7496055 7498311 7499648 7501092 7504372 7505898 7506602 7510074 7511018 7512625 7513610 7518895 7520185 7521963 7523215 7524542 7526603 7527331 7529157 7531319 7533739 7534671 7536822 7540950 7543963 7544597 7545502 7548127 7549178 7550140 7551366 7552536 7554561 7555468 7556275 7557150 7558881 7560340 7561715 7563377 7564776 7567530 7568667 7570403 7571063 7573155 7574922 7575954 7579559 7582475 7583578 7586390 7587505 7590535 7592604 7594824 7595906 7597655 7599006 7599698 7601157 7602084 7604302 7605248 7608876 7610389 7611629 7612446 7613255 7615111 7616742 7621099 7622766 7623500 7624369 7625565 7630635 7631583 7635417 7637054 7641494 7646034 7647068 7648895 7649581 7650796 7652969 7656874 7659432 7662519 7664091 7664834 7665984 7667149 7668795 7669917 7671195 7672963 7674596 7677008 7677687 7678602 7681190 7682141 7684166 7685715 7686939 7687872 7688823 7690014 7691071 7692230 7693755 7694809 7695823 7698732 7700852 7703206 7704064 7706640 7708598 7710277 7713362 7714716 7715714 7718373 7719347 7719960 7722875 7725071 7727771 7729527 7732790 7733927 7734545 7736841 7737988 7738833 7740852 7741929 7744287 7745108 7748419 7750448 7752111 7753133 7753985 7755070 7756562 7758205 7761724 7763176 7764593 7765640 7766351 7768078 7770432 7771258 7772667 7773755 7774559 7776109 7779226 7780326 7782312 7783560 7784700 7785104 7786923 7788651 7789725 7791132 7792015 7794556 7795885 7798543 7799133 7800897 7802860 7806578 7807678 7808563 7809678 7811044 7813500 7817817 7820639 7821622 7822157 7823012 7824806 7825899 7829233 7830722 7832892 7833827 7835190 7836789 7838260 7840243 7844210 7848864 7849489 7852286 7853780 7856073 7857708 7858353 7863224 7866268 7867309 7868281 7869345 7870708 7873945 7875184 7877427 7878815 7879898 7881976 7882623 7883593 7888297 7891462 7892677 7895008 7896224 7898206 7899522 7900254 7901606 7902279 7903079 7906526 7908060 7911008 7912877 7913967 7914582 7915632 7918091 7921977 7923005 7923751 7925033 7926604 7928164 7929436 7930854 7932021 7934028 7935173 7940297 7941369 7942209 7944231 7945346 7947053 7949327 7950052 7952914 7957069 7958043 7959245 7960475 7962400 7965485 7966506 7967859 7969429 7970378 7971063 7974555 7976616 7978053 7980389 7981527 7982997 7984724 7988090 7989405 7990323 7991217 7992941 7997710 7999153 8000949 8003023 8004002 8005141 8006867 8008411 8012812 8013626 8015470 8018010 8019726 8021024 8024986 8025992 8026892 8028491 8032170 8033469 8034538 8037431 8038311 8039429 8041555 8042957 8044068 8045368 8046156 8047234 8048840 8050238 8052732 8055758 8056791 8057776 8060924 8066391 8069430 8070704 8072462 8072957 8074075 8076307 8080369 8084907 8088430 8090045 8094237 8095252 8096981 8098020 8098884 8100124 8101854 8102512 8103519 8105628 8106828 8108021 8108804 8111589 8112484 8115028 8115773 8118371 8120304 8121667 8124331 8126862 8128997 8130023 8131330 8133431 8135605 8136407 8137007 8138083 8140376 8141353 8142175 8142868 8145625 8146586 8147280 8149395 8151031 8155276 8156990 8158676 8160558 8161823 8163759 8165826 8167456 8170181 8171658 8173274 8175086 8177549 8179100 8182322 8183823 8184715 8187425 8189591 8192419 8192956 8194686 8196268 8196986 8199076 8199939 8202363 8204506 8206507 8208697 8210417 8211414 8212585 8214127 8215456 8216405 8221892 8223096 8224346 8225135 8226226 8228096 8228989 8230426 8232935 8235127 8236031 8236884 8238861 8243185 8244525 8247207 8248983 8250105 8252526 8253452 8254255 8255328 8256774 8257797 8259198 8261312 8266498 8267435 8268488 8270592 8271241 8275429 8277277 8278721 8280283 8281649 8283026 8286378 8287086 8288959 8292191 8296323 8297150 8298763 8302843 8307439 8308928 8311036 8312375 8313286 8314056 8315949 8317260 8318246 8320462 8321675 8322798 8325225 8327744 8328543 8329967 8331794 8333121 8333777 8334654 8335599 8336507 8338580 8340085 8341893 8343413 8345859 8347058 8347769 8353676 8355184 8357529 8359628 8361450 8365898 8368446 8370359 8370995 8371971 8373905 8376621 8377710 8378857 8383052 8384216 8386380 8388381 8391511 8392442 8395118 8396055 8398986 8400576 8402031 8403664 8405181 8406325 8407744 8408892 8411917 8412541 8414489 8416241 8418084 8421411 8425440 8427273 8430267 8434064 8435810 8437276 8438603 8439860 8442024 8442832 8444656 8446975 8449795 8455466 8456670 8457743 8460894 8462516 8464187 8465972 8467353 8468433 8470139 8471571 8472279 8474620 8476319 8477066 8478127 8479949 8481740 8482915 8486387 8487807 8488825 8490375 8491899 8493984 8495569 8496388 8497511 8498370 8499631 8504567 8505961 8514355 8515241 8516742 8518035 8520205 8520889 8524516 8525338 8525995 8528487 8529400 8530551 8531830 8535693 8537152 8538272 8539470 8541782 8544645 8547506 8548670 8549978 8550848 8553021 8553848 8555691 8559413 8561086 8565083 8565828 8567832 8569893 8571410 8572350 8575976 8578772 8581737 8585374 8587360 8588809 8589995 8590917 8592286 8593700 8595554 8597509 8599848 8600789 8603220 8604596 8605609 8607008 8608544 8611908 8613529 8615746 8617846 8619711 8624138 8625484 8628119 8629225 8631272 8633549 8634513 8639141 8642273 8644806 8645353 8646646 8648312 8649113 8650537 8653629 8654836 8656883 8658917 8660905 8661901 8663125 8665428 8666368 8668834 8669946 8670519 8671740 8674411 8676473 8677765 8679180 8680141 8682179 8682994 8684065 8685431 8686125 8688603 8692087 8693628 8697974 8701890 8703452 8704043 8710186 8711429 8712670 8714280 8717160 8718071 8719782 8721287 8722960 8723866 8724963 8727386 8728848 8731361 8734549 8735607 8737387 8738158 8739667 8743792 8744718 8745407 8746466 8750855 8751937 8753228 8754677 8756767 8757608 8758815 8764365 8766496 8768122 8770520 8771836 8774111 8778004 8782639 8785392 8786753 8789107 8790297 8791039 8793454 8794329 8795888 8799882 8801203 8803073 8803981 8806555 8808321 8809406 8810407 8811980 8814234 8815062 8817058 8819223 8821888 8824592 8827023 8828554 8829909 8832161 8833450 8835158 8837118 8837918 8838582 8840875 8842421 8843429 8844272 8845006 8846890 8847779 8851926 8857210 8860023 8863171 8864233 8865285 8867037 8868519 8869173 8870052 8870858 8873911 8875121 8876388 8876987 8879703 8882343 8884807 8885583 8889694 8891013 8892314 8893846 8895445 8897745 8898589 8899148 8901127 8902195 8903307 8904845 8906920 8909439 8912337 8913292 8914316 8915946 8917587 8919366 8920766 8921796 8922603 8923321 8924810 8925796 8927465 8930288 8931670 8933577 8935184 8938720 8939316 8941294 8943566 8945454 8947164 8949542 8950311 8954268 8955833 8956711 8957699 8958331 8958989 8962993 8964891 8966204 8967651 8970259 8971840 8975195 8978917 8979793 8981192 8983641 8986089 8987470 8988910 8991071 8992613 8993716 8995159 8996278 8998059 8999046 8999824 9001679 9003520 9005372 9007258 9008201 9008807 9012051 9014809 9018523 9019370 9020551 9021374 9023285 9026218 9027443 9028698 9030378 9031675 9035115 9035621 9037061 9039282 9042064 9043659 9045110 9048189 9049184 9051224 9052497 9053910 9055758 9057082 9058528 9059567 9060995 9064145 9066042 9067174 9068661 9069704 9070603 9071726 9075792 9078941 9082571 9084443 9085407 9087725 9089001 9090373 9092771 9094604 9097144 9098988 9100447 9102585 9104573 9108788 9110611 9113831 9116832 9118658 9121770 9123215 9124913 9125693 9126633 9128999 9130856 9132473 9134235 9135716 9138319 9139372 9142314 9143888 9144663 9145861 9147419 9148611 9149245 9150827 9152284 9153121 9155026 9156860 9158047 9159180 9161522 9162793 9164739 9166101 9167319 9168444 9169500 9170340 9172689 9176195 9178233 9180122 9181739 9182558 9184129 9186317 9188218 9189411 9190545 9191268 9192110 9193977 9197017 9198797 9199920 9202394 9203505 9204335 9205487 9207882 9208818 9209728 9210588 9213647 9214572 9215484 9217718 9221284 9222983 9225043 9226343 9228748 9230409 9231452 9233205 9234890 9240661 9242598 9243760 9245561 9247240 9248429 9250802 9252503 9253701 9255999 9257910 9259603 9261156 9263058 9265553 9266696 9269385 9271297 9272562 9275095 9275831 9277295 9277961 9279462 9280387 9285257 9287054 9288986 9291604 9293654 9295223 9297062 9298910 9299879 9300595 9301893 9303070 9305682 9308670 9312124 9313157 9314202 9316505 9317347 9318249 9320011 9320864 9321573 9323075 9324153 9326138 9329296 9331569 9332978 9333773 9335113 9337703 9339442 9342118 9343525 9344434 9345989 9346840 9347397 9348790 9350658 9351501 9352135 9353194 9355636 9358189 9360617 9361452 9362194 9363916 9364978 9365965 9367527 9368606 9369856 9371420 9373339 9375282 9377049 9377773 9378759 9380027 9381279 9383099 9383685 9384513 9385303 9386387 9388819 9390239 9392517 9393690 9395874 9397148 9399647 9401426 9402258 9403917 9405360 9405999 9409942 9412328 9413281 9414585 9415833 9416558 9419913 9422496 9424202 9426098 9429369 9430694 9433254 9436047 9437312 9438505 9439536 9441612 9442104 9443270 9444448 9444991 9446196 9449039 9458485 9459584 9461641 9463787 9465667 9466848 9467649 9469360 9470781 9471963 9473571 9476173 9477229 9479383 9483633 9485670 9486403 9488061 9488973 9490583 9491844 9492471 9493726 9494855 9496314 9497139 9497795 9499204 9501321 9502231 9502990 9504107 9504994 9506024 9508351 9509009 9510458 9511428 9513117 9516589 9518529 9520091 9521190 9522863 9525176 9526251 9527866 9530413 9532825 9533891 9535358 9537142 9538188 9539414 9540943 9544162 9545171 9548824 9550308 9556462 9559181 9560179 9563565 9565625 9566544 9568043 9570825 9572820 9574402 9575621 9576574 9580079 9586959 9589322 9590594 9593068 9593805 9598267 9599079 9601261 9603158 9604240 9605328 9607659 9609789 9610368 9613944 9614706 9616203 9618528 9619474 9620348 9621789 9622620 9624040 9626176 9627876 9631902 9633653 9636230 9638651 9640459 9643040 9643877 9645055 9645621 9647470 9650467 9652142 9653980 9654747 9655470 9657620 9658548 9659368 9661180 9661917 9663562 9665706 9671847 9672839 9674792 9678591 9679965 9680650 9681517 9682661 9684012 9684922 9685786 9686786 9688638 9689465 9693410 9695677 9696518 9697986 9700192 9701118 9703045 9706279 9707231 9707883 9709966 9711250 9712757 9715623 9720275 9721280 9722645 9725115 9728260 9730764 9732236 9734452 9736583 9737795 9740262 9744074 9746457 9747755 9749156 9751317 9752552 9754060 9757876 9758583 9760804 9761571 9762581 9765155 9767482 9768438 9769924 9771521 9773566 9775559 9777480 9779480 9782179 9782981 9784545 9785247 9786316 9790476 9791275 9792481 9793650 9794943 9796189 9798509 9800025 9801919 9802919 9804361 9805688 9807464 9808382 9810191 9811922 9814408 9815733 9817170 9818764 9820330 9821555 9822581 9824987 9827999 9828753 9830908 9832960 9834073 9837075 9838244 9839532 9841957 9843195 9846493 9848644 9849416 9850598 9851449 9852478 9853647 9854716 9856460 9858683 9859837 9861314 9862668 9864577 9866143 9867136 9869263 9870626 9872344 9874767 9876970 9879645 9881873 9883139 9886342 9888281 9890387 9894492 9896715 9899245 9901903 9905817 9906739 9909060 9910316 9912909 9913858 9915962 9916805 9919893 9921011 9922828 9924720 9926234 9927951 9929651 9930683 9931313 9934365 9935519 9939101 9941866 9943387 9944655 9945629 9946800 9948239 9951739 9955699 9956659 9958008 9959005 9963425 9967035 9971520 9977617 9979121 9979905 9981082 9983347 9987438 9988814 9989843 9990957 9992517 9994086 9996718 9998750 
</Matrix>
<Matrix name="Neuron_214" type="complete" rows="1" columns="3915" multiplier="1.0">
   498 8068 12643 15763 17487 18431 19394 20239 21185 22839 23959 25050 28221 33836 35906 37001 39991 45005 45869 47059 49908 51570 54509 56433 58082 63064 65313 70038 73938 75207 76207 78065 80306 82100 83481 84938 86919 88683 92020 94676 98391 100641 101611 102567 104939 107032 112763 114952 120938 124500 127087 128326 132258 134354 136462 141639 142690 144171 145063 148596 150274 152401 156726 159669 166684 168566 170948 171742 177451 179793 181688 185254 185991 187654 190846 192928 193754 194552 200767 202357 205325 208284 209537 210737 215308 219307 221736 223207 226808 227785 229935 231645 233515 238009 239210 240599 247634 250036 250893 253533 254953 257588 262836 265133 267131 268188 269617 271447 273926 277102 277942 279412 281087 283990 285069 289429 290399 292274 295282 296481 299332 300706 301508 302859 306179 308376 310970 312745 314319 317469 321579 326006 327512 331479 333011 334398 336093 338091 340467 341629 343945 349498 351392 352762 354446 356691 359897 361556 363999 367613 370719 372412 376140 377196 379970 383154 384217 386946 388393 392319 393516 396313 397672 399001 400198 404031 405130 407204 414449 416922 418456 422809 427163 430011 433529 434601 437187 439173 440663 443270 444095 444886 447361 449224 450299 454459 455655 459223 460882 462505 466776 468319 472044 473409 475306 479680 481513 482496 484397 490270 493923 496100 500433 505710 506661 508615 510125 513903 516737 518320 522409 524410 526804 528506 530164 531342 532576 536088 540944 542752 544676 549940 551901 554720 558750 564717 565466 569067 570541 572459 575052 580226 581203 582783 585521 587354 588818 589937 593956 597269 598640 601464 608654 610511 611764 613075 613850 615471 617166 618978 620766 625750 626551 632032 636902 638180 639618 647997 650966 654691 657304 661216 664539 666201 667781 672172 673615 675024 676922 678459 680035 680924 682138 686043 686723 689043 692144 693422 695423 696956 697759 707901 709399 712130 713398 715959 725004 730222 733682 737703 739145 739910 749275 754666 758069 759749 760655 762219 763396 765214 767475 769703 777938 781463 783670 785006 787931 789103 789936 790749 793846 797377 798336 798987 800416 802167 807312 811015 815661 818093 820700 821707 826854 829909 830753 833803 836943 839812 841301 846816 852689 854302 859343 866452 867675 870338 874948 877799 879577 881011 884774 886091 890137 892394 894117 895815 898797 901594 907189 910444 913427 914243 915530 918827 919808 921494 923136 924132 927948 929274 931154 934349 937389 944117 945612 946748 948465 950034 955150 956828 959790 961557 962700 963940 965482 967737 969586 970730 971919 973133 977335 979121 982195 983427 985073 987172 988583 992182 993268 994157 995486 996406 997618 999511 1000818 1001500 1005786 1014885 1016419 1017815 1022277 1024947 1026227 1027470 1029334 1035637 1038209 1040227 1041824 1042698 1045701 1047620 1049019 1052791 1054469 1056478 1058618 1060197 1061602 1063343 1068858 1076616 1077960 1079576 1081259 1083675 1085120 1087622 1089928 1093068 1093951 1095445 1096103 1098140 1100312 1101945 1103625 1104929 1106062 1107373 1108586 1110302 1111156 1112509 1115624 1116829 1118830 1119878 1122359 1125349 1129924 1132560 1135606 1140472 1142756 1145489 1147385 1151025 1152104 1153369 1154483 1156147 1157043 1157791 1158918 1160423 1164153 1166795 1168368 1172207 1175376 1176472 1181697 1183919 1185537 1186448 1187476 1196591 1203018 1207652 1208901 1211283 1212955 1214024 1215410 1216382 1219033 1221229 1223752 1224985 1227313 1228682 1231290 1232621 1237110 1238535 1239792 1243069 1244340 1245868 1249479 1252192 1254464 1255187 1256641 1259229 1263516 1266268 1266974 1268498 1270346 1273450 1275675 1278866 1280574 1281699 1282665 1288033 1289902 1290889 1297240 1302440 1304096 1308641 1312783 1314990 1321298 1323824 1325656 1330584 1333051 1336615 1339429 1340397 1343807 1345413 1348995 1350029 1354826 1358212 1363255 1366808 1370121 1373885 1375871 1376429 1378748 1380073 1381163 1383408 1386513 1387873 1392325 1393934 1395756 1398934 1399685 1401972 1403880 1408220 1409117 1416509 1417682 1421146 1426258 1428600 1429460 1431791 1432580 1434967 1437324 1438826 1442531 1444995 1445935 1449680 1451302 1454638 1457223 1466214 1468520 1471402 1473971 1479077 1480367 1483468 1486232 1490329 1494281 1495440 1496496 1499348 1501569 1502406 1504476 1506080 1509513 1510835 1514427 1516252 1519334 1520694 1522371 1523760 1528001 1531136 1534590 1535471 1536737 1539844 1540889 1542881 1544186 1545262 1548690 1550549 1552061 1554721 1557440 1558382 1564293 1573016 1576793 1579836 1583854 1586198 1587992 1592533 1594912 1597441 1598426 1600615 1602758 1605979 1607371 1610180 1612588 1615209 1618160 1619261 1621150 1624331 1626645 1628091 1629899 1630766 1633642 1636826 1641507 1644311 1645719 1648756 1650224 1654527 1656096 1657953 1659380 1662147 1666176 1670613 1672732 1673701 1675790 1676834 1679750 1682030 1683714 1688920 1690063 1691873 1692910 1695247 1698236 1700745 1701842 1703447 1704840 1706832 1708894 1712200 1715002 1717934 1719713 1720878 1722159 1725607 1729545 1731662 1734049 1739055 1743026 1747717 1749969 1750763 1752050 1755668 1758956 1760255 1762933 1764407 1771894 1774597 1775857 1777151 1781248 1782347 1785186 1788288 1789615 1793465 1795526 1799001 1801292 1802166 1805702 1806772 1810889 1812853 1814533 1818243 1819141 1820807 1823025 1825370 1826706 1832460 1839817 1841245 1843839 1845221 1846734 1847651 1851530 1852609 1855071 1857125 1859093 1861891 1863588 1867174 1872088 1874651 1875919 1878200 1880756 1883014 1885332 1888886 1892206 1893526 1895298 1896672 1898070 1899943 1901134 1906296 1907368 1908711 1910195 1914113 1916063 1919963 1920957 1922536 1924357 1925441 1932274 1934162 1938170 1940868 1942697 1950185 1951182 1953441 1955502 1956992 1958463 1960646 1962096 1969343 1973498 1981257 1981972 1983776 1985289 1987981 1991178 1992702 1993475 1997921 1998670 1999912 2002956 2004452 2005279 2008205 2011549 2016985 2018483 2022935 2025731 2026878 2028759 2032256 2033073 2036206 2037421 2040722 2042064 2042929 2043754 2050100 2051118 2053192 2056214 2057380 2061256 2064715 2068509 2072260 2074570 2075780 2079314 2083164 2085059 2087004 2089895 2092249 2094851 2095637 2097295 2098068 2102411 2103697 2106184 2107486 2109067 2111704 2113011 2119729 2122422 2123517 2125733 2127626 2132478 2133921 2139273 2143528 2144368 2146445 2149178 2153344 2156687 2163750 2164690 2165734 2168693 2170819 2171650 2172811 2175707 2176652 2179535 2184154 2191097 2192542 2197755 2200163 2202811 2205283 2207552 2211055 2213119 2218487 2220591 2221519 2227878 2230000 2231563 2233460 2234784 2236354 2238021 2244395 2245697 2248254 2249208 2253625 2254636 2255496 2260227 2262455 2263320 2264805 2266244 2268342 2273610 2278895 2282407 2286839 2287558 2295461 2298064 2299485 2303624 2304644 2306133 2308771 2315494 2319245 2322780 2324257 2327956 2330250 2331998 2333249 2335200 2341615 2344090 2344895 2352400 2353911 2357259 2361798 2362479 2363876 2367941 2372555 2375532 2378800 2381932 2384499 2386984 2388688 2389383 2391354 2395047 2397149 2399021 2401706 2403935 2406642 2407846 2411779 2416112 2417979 2419584 2422388 2428723 2430733 2431567 2436297 2442429 2445390 2448327 2451698 2458691 2459709 2468551 2471351 2472994 2475775 2481160 2486459 2487518 2489243 2491596 2495742 2498311 2502996 2504715 2505964 2509629 2515413 2525232 2526451 2527743 2529913 2534311 2538863 2542487 2549664 2552466 2553361 2555924 2559579 2561005 2568227 2569972 2572011 2573372 2574831 2576469 2578662 2581640 2585171 2588092 2588810 2590167 2595185 2596943 2599883 2601477 2604688 2606003 2607330 2609020 2611744 2616197 2617455 2619188 2621304 2624061 2624883 2626914 2629250 2630296 2633810 2634667 2636407 2639634 2643629 2645976 2653734 2655593 2658360 2660947 2667152 2669910 2672644 2675549 2676707 2678891 2681475 2686075 2687366 2692123 2695411 2696561 2700540 2702781 2704192 2705587 2707998 2710519 2712125 2713610 2716264 2717019 2721184 2723462 2726978 2733173 2734458 2735653 2737821 2741891 2744939 2746951 2749736 2750465 2753823 2754770 2759254 2762674 2763679 2767338 2770169 2772978 2776189 2778060 2780372 2782396 2785386 2787073 2788614 2790026 2791350 2792075 2793214 2794433 2795474 2796917 2798202 2800952 2802970 2804343 2807731 2816000 2818445 2821510 2822513 2823741 2827004 2829142 2832136 2833990 2838359 2845515 2846880 2849090 2849928 2851537 2853447 2854695 2859265 2860541 2861975 2863593 2864756 2865905 2867990 2869082 2870807 2872632 2875026 2876963 2878354 2882454 2883684 2884588 2886365 2887782 2889109 2890019 2890909 2891762 2893692 2895326 2899620 2906381 2909090 2910120 2911200 2913830 2915609 2916568 2921270 2923492 2925202 2928600 2931058 2932516 2936796 2937835 2941791 2942975 2945758 2948921 2951588 2954809 2957990 2959473 2960498 2961664 2963086 2967579 2968616 2974585 2975980 2977642 2984278 2987978 2991884 2994362 2995355 2998160 3001084 3004693 3006977 3009031 3010076 3014757 3018703 3020258 3022363 3023702 3026048 3029260 3031759 3032847 3033786 3037100 3039137 3043043 3044106 3047052 3050226 3052677 3054981 3057072 3059681 3060810 3065940 3067850 3069526 3070495 3072024 3072861 3076016 3078166 3080436 3081844 3083440 3086904 3089328 3089969 3091993 3101745 3103062 3104159 3106013 3107063 3109404 3110741 3111865 3118143 3121985 3124807 3126552 3127678 3130568 3132137 3134540 3136647 3138259 3139190 3141087 3142118 3144497 3148217 3150438 3151695 3153447 3155214 3159005 3160921 3164721 3167053 3171330 3172409 3175840 3179073 3183310 3186143 3188682 3192010 3193923 3195072 3201586 3206146 3208617 3210550 3211774 3212515 3213426 3214527 3216369 3217880 3219642 3222086 3223472 3225947 3228655 3230476 3232206 3233580 3236856 3238478 3240046 3241494 3243919 3247226 3249439 3253071 3255424 3259117 3262973 3267651 3268653 3271046 3273422 3274507 3279885 3281358 3283141 3284376 3285930 3287555 3288682 3292832 3294073 3296511 3298064 3300441 3302225 3306721 3308898 3311127 3313792 3314996 3317402 3318194 3324323 3324992 3326354 3327729 3328504 3334354 3336272 3339503 3340699 3341752 3342931 3343982 3346498 3348317 3352175 3356040 3363132 3364379 3369625 3372084 3374647 3377605 3378320 3383233 3384455 3391310 3393572 3394971 3397376 3399514 3405319 3406522 3410434 3411151 3414858 3416285 3417524 3419232 3421488 3422346 3423870 3431258 3432810 3434413 3436181 3443251 3445622 3447662 3449993 3451089 3453423 3454149 3462011 3463182 3464747 3465892 3467847 3471139 3480996 3484428 3488771 3491142 3494261 3495737 3496788 3499087 3503856 3506493 3511825 3512932 3514292 3518484 3519427 3521453 3523471 3526192 3527874 3528969 3529687 3531581 3538387 3539712 3541274 3542597 3543668 3546121 3546971 3549360 3553766 3555750 3563526 3568090 3571386 3572646 3573550 3574323 3575771 3577483 3581904 3584654 3586620 3588162 3589232 3589919 3592960 3595371 3596650 3597236 3598382 3601407 3602760 3605347 3610172 3611380 3612057 3613996 3616009 3617134 3619938 3621431 3622624 3623620 3628544 3631816 3634102 3639560 3640376 3641814 3644581 3646795 3648749 3651412 3654361 3656828 3658960 3662283 3667379 3668441 3670494 3672643 3674430 3675254 3677967 3679464 3680330 3683010 3685012 3695411 3696586 3701136 3704117 3707006 3708084 3709633 3714031 3714622 3716469 3719908 3721118 3722329 3726730 3729126 3730562 3731925 3733651 3735839 3739839 3741747 3746827 3751173 3755790 3757078 3759536 3761990 3767867 3768736 3770368 3773093 3778628 3780043 3781276 3782359 3789152 3795537 3796263 3803329 3804320 3805364 3806079 3811388 3812211 3813968 3815415 3816926 3822547 3828564 3834420 3836352 3838683 3839864 3842506 3843854 3845759 3847176 3848221 3850453 3851870 3857044 3858783 3859913 3864068 3866711 3867865 3870851 3871781 3873026 3874026 3877125 3878028 3879216 3881632 3883435 3884935 3887488 3889048 3890970 3893570 3897705 3904729 3909065 3910397 3911753 3912762 3914334 3916225 3918407 3919672 3921743 3923582 3931621 3934371 3936676 3937789 3942355 3951190 3953099 3954101 3955148 3956164 3957285 3958307 3963080 3967160 3969030 3970644 3973510 3974467 3977418 3978428 3982290 3986871 3988952 3993396 3995456 3999701 4002940 4004097 4005349 4007447 4009590 4011554 4021937 4025687 4028690 4032855 4034482 4035943 4039120 4040503 4041653 4042766 4044230 4045726 4050204 4051347 4052399 4060761 4064758 4066201 4068980 4072257 4074136 4076900 4078079 4080959 4082180 4085770 4087927 4089431 4090772 4093981 4095675 4101478 4104448 4106841 4107618 4111448 4114691 4116195 4119059 4120880 4123792 4124742 4129025 4132061 4135149 4136505 4138564 4139747 4143406 4146488 4148740 4149668 4150569 4153053 4154351 4160120 4161668 4163720 4164830 4167868 4171990 4176022 4177723 4179026 4179805 4181181 4182787 4184123 4185889 4189444 4190617 4191541 4195981 4197029 4200258 4209536 4211037 4212656 4214563 4215174 4216174 4218187 4219553 4220757 4224063 4225357 4231146 4234046 4238102 4240225 4241375 4242685 4244181 4245606 4251264 4253017 4255661 4258952 4260548 4262002 4263314 4264505 4267696 4270560 4275040 4276491 4277378 4282778 4283827 4285503 4287046 4289295 4290330 4291115 4292239 4293603 4294727 4296352 4298530 4299762 4301516 4304420 4306254 4310885 4314596 4316039 4319345 4322230 4325776 4329646 4331107 4332491 4334403 4335817 4338956 4342329 4348508 4349631 4353129 4355504 4356646 4359139 4364885 4366383 4367590 4370883 4372376 4374302 4379062 4380835 4382338 4384948 4386450 4387404 4389156 4390554 4391370 4392145 4399478 4402916 4403930 4407031 4411690 4412836 4414493 4415194 4416841 4418689 4422480 4424363 4426008 4427748 4428770 4432095 4436008 4437705 4445015 4447359 4449561 4455945 4460851 4462133 4467950 4469081 4471509 4472332 4474664 4476241 4478184 4479366 4480661 4481813 4485420 4491994 4493823 4494617 4495555 4497576 4499602 4503002 4503722 4505073 4507915 4509806 4511340 4514404 4517255 4518811 4521744 4523473 4524810 4525911 4529344 4530242 4532742 4534215 4537191 4539132 4542060 4545263 4548520 4549731 4551811 4555263 4556592 4559586 4562853 4566237 4571322 4572534 4577320 4579792 4581826 4584215 4585695 4589900 4591041 4592316 4595114 4597894 4601654 4602578 4604176 4604927 4607864 4610048 4613307 4615770 4618312 4619661 4620842 4622554 4624254 4626463 4628393 4630294 4631644 4635295 4637960 4640493 4641728 4644299 4649978 4654574 4661648 4662513 4664303 4667284 4668348 4669991 4671626 4675324 4678990 4681831 4685225 4688574 4693781 4696924 4698539 4701029 4703418 4705377 4709741 4712117 4713225 4715425 4717307 4723404 4724645 4730368 4731482 4733996 4736040 4741311 4746026 4750087 4753180 4757496 4759051 4761348 4762589 4763548 4766743 4771086 4772814 4774326 4776245 4781175 4782802 4786688 4787481 4789204 4794860 4797663 4799817 4801993 4803071 4805465 4811620 4812799 4815580 4818021 4819686 4821407 4822599 4824954 4827589 4828876 4829885 4831635 4833828 4834956 4836482 4838332 4844309 4845500 4848360 4851211 4852857 4855128 4857015 4858438 4859683 4860841 4864861 4866984 4870190 4873270 4875929 4877150 4881079 4885297 4887675 4891074 4891761 4892734 4894957 4896084 4897043 4899588 4905373 4909181 4911017 4912530 4915894 4917917 4918909 4919922 4921352 4924899 4927595 4930269 4933826 4935845 4938177 4942329 4943825 4944967 4948321 4949938 4955970 4956958 4958272 4959183 4960470 4964020 4965502 4967429 4969316 4972076 4975466 4976575 4978529 4980097 4980924 4982209 4984034 4985858 4988666 4991868 4993973 4996696 4998975 4999780 5000882 5005639 5007582 5009722 5012695 5015721 5017088 5023467 5024298 5027056 5028650 5030153 5033896 5034754 5038053 5039710 5043756 5045960 5047098 5048351 5051148 5054024 5058147 5059168 5060242 5066421 5068623 5072773 5075739 5081996 5084882 5086390 5089904 5092580 5093849 5097257 5098948 5100394 5107956 5117953 5119966 5124607 5126898 5132716 5134752 5138752 5140109 5141267 5144634 5147359 5150503 5155220 5156914 5159804 5162518 5167240 5170245 5173294 5178092 5179369 5181404 5182680 5189716 5191381 5192632 5197394 5198673 5202875 5204458 5205511 5206538 5207484 5210445 5211559 5219580 5221862 5224151 5226865 5228466 5233976 5235030 5237151 5239310 5243052 5244316 5248708 5250583 5256041 5258020 5258878 5261021 5262453 5263727 5265296 5266671 5267651 5269918 5270964 5272919 5275502 5279344 5281329 5281970 5283185 5285397 5290998 5291763 5294463 5296658 5298216 5300417 5301830 5303899 5309600 5310611 5312706 5313445 5314202 5317488 5319683 5321212 5324343 5326835 5328069 5332931 5333909 5334629 5336065 5337445 5339347 5340642 5341773 5343963 5345911 5351721 5352969 5355942 5358819 5360199 5362087 5363393 5364985 5366731 5370891 5372089 5373884 5376250 5379032 5380343 5381823 5384543 5385413 5388006 5391242 5392659 5395667 5398601 5399863 5401368 5403822 5408950 5409658 5413255 5415737 5423460 5424394 5425182 5429027 5429954 5432589 5436146 5437782 5438667 5443908 5446887 5448277 5451834 5455881 5457280 5461785 5463364 5466364 5472435 5474003 5474873 5476009 5477005 5478579 5479913 5482245 5487771 5490248 5497334 5498502 5502669 5503863 5505418 5508609 5511618 5514044 5515253 5520155 5522451 5523886 5526663 5530970 5533693 5534652 5536133 5542628 5546655 5547499 5548172 5550403 5552145 5554184 5558021 5558941 5559686 5562897 5565225 5567302 5570794 5571910 5575658 5576621 5578108 5580310 5581130 5584338 5586005 5587291 5589023 5591216 5591918 5596330 5598583 5599867 5602339 5604957 5607748 5609792 5613312 5615812 5618510 5619272 5620668 5621860 5623838 5626610 5628761 5631016 5632156 5633185 5634607 5640859 5641548 5648884 5651910 5654677 5656060 5661097 5663940 5665632 5666764 5673699 5675164 5677500 5680746 5685761 5688501 5692629 5693962 5697132 5698508 5699801 5702394 5704933 5706570 5707484 5710459 5712747 5714808 5716631 5718188 5722918 5725930 5729329 5730994 5731717 5733381 5734798 5737914 5741503 5749830 5752567 5754419 5755875 5757918 5758948 5759844 5761753 5764787 5766208 5772515 5778226 5780515 5782817 5787047 5788906 5789902 5796194 5798505 5800891 5804471 5808219 5810649 5812157 5813810 5815353 5817190 5818863 5821888 5823483 5825574 5827669 5830980 5832887 5834494 5836950 5838784 5841009 5842552 5843921 5845792 5846933 5849361 5850377 5851151 5853749 5854487 5856076 5857097 5858010 5858912 5859524 5861064 5862820 5864119 5865657 5866841 5869083 5874625 5880390 5882038 5885866 5886753 5887958 5892607 5894330 5896680 5897471 5899261 5902580 5905318 5906562 5909421 5910429 5914958 5920358 5922255 5923421 5925402 5929121 5931596 5933713 5937257 5938159 5940782 5942483 5943511 5944525 5945333 5947516 5948431 5949693 5952124 5953140 5954033 5954936 5957406 5964000 5965206 5967422 5969525 5971456 5972406 5974541 5976647 5978272 5985102 5988607 5989344 5991364 5993966 5994871 5996851 5999274 6000662 6005656 6006399 6007918 6015684 6017555 6020710 6022242 6023157 6024562 6026960 6027806 6029224 6030382 6033361 6033976 6036056 6039346 6041314 6047245 6049774 6051123 6053263 6054682 6055400 6059193 6061203 6063479 6070312 6071782 6073100 6074694 6077019 6078230 6081552 6082521 6085786 6086747 6093256 6094165 6095860 6105668 6108290 6109762 6110567 6111787 6117244 6120176 6121545 6123342 6126968 6133629 6135714 6138448 6139940 6143467 6145060 6147632 6150118 6155485 6157168 6158774 6161007 6163224 6165266 6166145 6167848 6169086 6172889 6181465 6184372 6187014 6189825 6191651 6192628 6195119 6197882 6201696 6209555 6212936 6216162 6217021 6219003 6225236 6226474 6231041 6236474 6237120 6237862 6238813 6240514 6244880 6246362 6248042 6250095 6250762 6254151 6257641 6259183 6264123 6267464 6269923 6273830 6277481 6279264 6281070 6283941 6284873 6286336 6288770 6291641 6294531 6297089 6301061 6303267 6305434 6308660 6310269 6312882 6320295 6322362 6332780 6333829 6334475 6335605 6338197 6339384 6343624 6346232 6347459 6349510 6350900 6352586 6355107 6356822 6363231 6364150 6366751 6371434 6375267 6376103 6379805 6385705 6386862 6388184 6391077 6392597 6393693 6401046 6402345 6404316 6405748 6407273 6409226 6411723 6414484 6417953 6419450 6420536 6424797 6426873 6427822 6429185 6431859 6433873 6436349 6437744 6439443 6444081 6445091 6447788 6448576 6449145 6450390 6453878 6455345 6456407 6457624 6458945 6460576 6462989 6465066 6470218 6471647 6473237 6480006 6482353 6484395 6487620 6489174 6490648 6491315 6492905 6496241 6498553 6501350 6508138 6509889 6512330 6513899 6515987 6524743 6526411 6528595 6531517 6535071 6536258 6537913 6539815 6541372 6543668 6547109 6549808 6553152 6557188 6560037 6561420 6562812 6564576 6565308 6566840 6568965 6571656 6574104 6576613 6577984 6580345 6583442 6584317 6587977 6592611 6596298 6598729 6599254 6600810 6606220 6607919 6608886 6610452 6612361 6614454 6617876 6621967 6622905 6623809 6629318 6630288 6633423 6634366 6636731 6638440 6640134 6641042 6642933 6644145 6646022 6649933 6651795 6657058 6661669 6664019 6667586 6668318 6670009 6670773 6674101 6676344 6679952 6681237 6682259 6683853 6684733 6687235 6688584 6690554 6691929 6693959 6696473 6698507 6699997 6702417 6704330 6705234 6706421 6708202 6709910 6711286 6712844 6713885 6715013 6717204 6724228 6725529 6726659 6729591 6733679 6737650 6741085 6744271 6746532 6754242 6756229 6757759 6759069 6763316 6767725 6771801 6773150 6776500 6777532 6779556 6781348 6782441 6784401 6790436 6791959 6795397 6797132 6800467 6801914 6806719 6811510 6813736 6816857 6818985 6827496 6828400 6831968 6834902 6839815 6840484 6843383 6847857 6855392 6856239 6857893 6860009 6861278 6862779 6865440 6866410 6870786 6872376 6877854 6880486 6881585 6883258 6886350 6888487 6893010 6897865 6900793 6904006 6907478 6909717 6915478 6916644 6918464 6919264 6921738 6926414 6928107 6929261 6931785 6933482 6938083 6940034 6940738 6943102 6947631 6950056 6952039 6953547 6955756 6957896 6959305 6962866 6963901 6965827 6970836 6978443 6979542 6984185 6996557 6997802 7006246 7007754 7009362 7014925 7016665 7017897 7019476 7021988 7023570 7026033 7027249 7028733 7033813 7034996 7039551 7048207 7049344 7050993 7052446 7060260 7061055 7064606 7072635 7074681 7077667 7082411 7083993 7085526 7086424 7089053 7090515 7092111 7096221 7099757 7104258 7106495 7109452 7110538 7113775 7116383 7119204 7120539 7123502 7124262 7124860 7125959 7127838 7129953 7130979 7133777 7136892 7140135 7142585 7145065 7146851 7149761 7152411 7156505 7159570 7160577 7161948 7168177 7169414 7172725 7175816 7178357 7180517 7183674 7185418 7186537 7188231 7192729 7193881 7198527 7203923 7207323 7208909 7214653 7219878 7221545 7226387 7229309 7231408 7232289 7233120 7235018 7236193 7242284 7244058 7244872 7246687 7250701 7251900 7254836 7257880 7260924 7265932 7267303 7269734 7271224 7272607 7279602 7286791 7288104 7291540 7292506 7294300 7295192 7297288 7298738 7300346 7301404 7303660 7304574 7305889 7307460 7308540 7309864 7311177 7315248 7318432 7322193 7325910 7327168 7329052 7332975 7336482 7340850 7341738 7343128 7344030 7350688 7352188 7356312 7359295 7363296 7366567 7369614 7371032 7376282 7378443 7380359 7381388 7382704 7384305 7385143 7386202 7388832 7390135 7391214 7392098 7392701 7397764 7401992 7404158 7405498 7415530 7419341 7420253 7424076 7427045 7429937 7432161 7434655 7437645 7440629 7446175 7447405 7448928 7451266 7453531 7456129 7458275 7461500 7465129 7466666 7469193 7471771 7472967 7477147 7479667 7483234 7484011 7485746 7491430 7492624 7496717 7497775 7500164 7501010 7502081 7504260 7506044 7513600 7514532 7517628 7520351 7522221 7528826 7530192 7532486 7535873 7537127 7544336 7547924 7549655 7550758 7556127 7561564 7564649 7569773 7572892 7573897 7576640 7581695 7584030 7585448 7588649 7589570 7590891 7593789 7595362 7596391 7606714 7611959 7612747 7615220 7616045 7617165 7618198 7620016 7621875 7623188 7624767 7626666 7627900 7632010 7635249 7637855 7640676 7642148 7644428 7650424 7653557 7654218 7655854 7660660 7661644 7668786 7669637 7670887 7673381 7676831 7678877 7681357 7682198 7684774 7687540 7690890 7692996 7693517 7698521 7700403 7706709 7707789 7708462 7709663 7714339 7715596 7716952 7720475 7722185 7724719 7728606 7729204 7731931 7733521 7735164 7736965 7739278 7743537 7745724 7747136 7749741 7754530 7756057 7757959 7758865 7762160 7765034 7767101 7768965 7772088 7780699 7783510 7785799 7789402 7793361 7799809 7801154 7805529 7807942 7809954 7811317 7815816 7822855 7823708 7826009 7827002 7827872 7829262 7832526 7834170 7836039 7840912 7842907 7846351 7850001 7856711 7860199 7861191 7862487 7867613 7870872 7872628 7873720 7875924 7877517 7879729 7881320 7883933 7885555 7886807 7894301 7895205 7896721 7898628 7902868 7903844 7905686 7907444 7908742 7910386 7912940 7914946 7921294 7923522 7924829 7935367 7937977 7940248 7943881 7949747 7953847 7954367 7955432 7956455 7957998 7959651 7966179 7968707 7971428 7975310 7977391 7980381 7982008 7984261 7989345 7992981 7994385 7998241 8000017 8002550 8007567 8010258 8011509 8014048 8016218 8017642 8022712 8024107 8028694 8032898 8035497 8039656 8043603 8047511 8050746 8057280 8064033 8065924 8067845 8071078 8073231 8074336 8075862 8077569 8084695 8086294 8088488 8093371 8094594 8097350 8099325 8101479 8103192 8105893 8107284 8108412 8109680 8110620 8114568 8118830 8123782 8127120 8128765 8132701 8133523 8136900 8138308 8143162 8145515 8147215 8150523 8151853 8153029 8154526 8156009 8157053 8158377 8160638 8161746 8164378 8167293 8169650 8173149 8174454 8178002 8179056 8181209 8184083 8186236 8188444 8192437 8193806 8194871 8197416 8207618 8209846 8211912 8213572 8214797 8215921 8217628 8218654 8219425 8220142 8221223 8225157 8227744 8232302 8234377 8236119 8238993 8241044 8242316 8243871 8245182 8246646 8249112 8250471 8254242 8257147 8258313 8266034 8267191 8274747 8275933 8278891 8279908 8281690 8288374 8289800 8291551 8293469 8295044 8297709 8299977 8302462 8306382 8307449 8308651 8314131 8326355 8329508 8331725 8333509 8334738 8337773 8340199 8342161 8343377 8345046 8346845 8349670 8353938 8356884 8362564 8363511 8364395 8367399 8368170 8369205 8371924 8373136 8374590 8383863 8384792 8386237 8393286 8396060 8400616 8404281 8406138 8407870 8409646 8413537 8415097 8416030 8417426 8423664 8424747 8426214 8430100 8433449 8434494 8436254 8437761 8438848 8440710 8443383 8444354 8448082 8448587 8454338 8461057 8462586 8463408 8465319 8469356 8470893 8472598 8474716 8478452 8480464 8481719 8486853 8489305 8493314 8496435 8500081 8502171 8507186 8510041 8511150 8512369 8513560 8514539 8518183 8521845 8523885 8525406 8527127 8528478 8532022 8534475 8535111 8538914 8540241 8543897 8548663 8551140 8552452 8554015 8558664 8560284 8561838 8563013 8565094 8568051 8570331 8571289 8573579 8580384 8582422 8583747 8585040 8586166 8591767 8594568 8597729 8599240 8603578 8604484 8606398 8611394 8614509 8615897 8617831 8621823 8623589 8624974 8626169 8629837 8631959 8636802 8639040 8642683 8644905 8646215 8647848 8649001 8651062 8652223 8654511 8655928 8659585 8663524 8664777 8667106 8671054 8673129 8675440 8677299 8680187 8681750 8685439 8687689 8693246 8694235 8698399 8699345 8700342 8702368 8704579 8708343 8711066 8713726 8714980 8717456 8718431 8719115 8725286 8725939 8727141 8729647 8734961 8735797 8736545 8738155 8739699 8741232 8743616 8745439 8746458 8749973 8751575 8752321 8755368 8757835 8761199 8763514 8766230 8770416 8777993 8780115 8781844 8782686 8783901 8788862 8790711 8791865 8795225 8796442 8799663 8800996 8804170 8805325 8807818 8808899 8811124 8812363 8813426 8817099 8818380 8819926 8823644 8825864 8827291 8827869 8830710 8835543 8836662 8838388 8840200 8842154 8844432 8846370 8848721 8850585 8851807 8854556 8855212 8859336 8860329 8862576 8866168 8868545 8873319 8877152 8879596 8881800 8884095 8885614 8886499 8889837 8891338 8893322 8899794 8902170 8906487 8909369 8910300 8913133 8914491 8916596 8918938 8920007 8922571 8923310 8924621 8932090 8933698 8934490 8936108 8939719 8941397 8944347 8945806 8947322 8948150 8949466 8950312 8954299 8955652 8956680 8958762 8961348 8962190 8964131 8965495 8966752 8970213 8971364 8973121 8974117 8977902 8979035 8984247 8987986 8991406 8993279 8997830 8999927 9004604 9005920 9007133 9008330 9010560 9012908 9016448 9017229 9021291 9025146 9030943 9032428 9037213 9038361 9043147 9046365 9053791 9057709 9065159 9067029 9068867 9071196 9073193 9079947 9081699 9083529 9085024 9086490 9089539 9090846 9095942 9097334 9100078 9102064 9103514 9111219 9113750 9114947 9116060 9118881 9120061 9120608 9122401 9127549 9130258 9132625 9134486 9137009 9139030 9140919 9141841 9146136 9147705 9151709 9153243 9154999 9157220 9158629 9162672 9164220 9165719 9167377 9172181 9173703 9175262 9176215 9179840 9180668 9181960 9183511 9185553 9186499 9187789 9188704 9190050 9192489 9193477 9198997 9200575 9203835 9207342 9208723 9210607 9211601 9214134 9215316 9216431 9219716 9221704 9224692 9227659 9228608 9230956 9232256 9235905 9238477 9239634 9241231 9241919 9243382 9244800 9249724 9252030 9252724 9253630 9254508 9257866 9258749 9260704 9263887 9266738 9268003 9268788 9270562 9273495 9274876 9276264 9277998 9278604 9280938 9291106 9294689 9295874 9296616 9300996 9303267 9304490 9307532 9309729 9313029 9313940 9316868 9323455 9327826 9329561 9334749 9341890 9347521 9350324 9353034 9359715 9362942 9364752 9368875 9373144 9385129 9386194 9388736 9389700 9394250 9402373 9408195 9410151 9413377 9416846 9420884 9422128 9426899 9428248 9430426 9434097 9435036 9436532 9443870 9445992 9447473 9452459 9454450 9457154 9464855 9465867 9466759 9470714 9472671 9480651 9486169 9488444 9491284 9492667 9495288 9496857 9497889 9501944 9503664 9505448 9507256 9508100 9515843 9517112 9518609 9520684 9524525 9525707 9528007 9532470 9539669 9543417 9544923 9546523 9547842 9550892 9555326 9557936 9559487 9564540 9566813 9568406 9569460 9571298 9574174 9576878 9585726 9587054 9588398 9591032 9592191 9595334 9597202 9600022 9601183 9604595 9605458 9606963 9612731 9614629 9615298 9615836 9620665 9621940 9622937 9624346 9625898 9628922 9631250 9637298 9638352 9640535 9645960 9648431 9649656 9650913 9652189 9653417 9654958 9657498 9659576 9660924 9663370 9664326 9666152 9668969 9670010 9671595 9675214 9677534 9679837 9682828 9687881 9690798 9692763 9693636 9696656 9697766 9701517 9705986 9708994 9711057 9714101 9716277 9717837 9720211 9722839 9723865 9725751 9730049 9732325 9734170 9734746 9736169 9738270 9739395 9742568 9745971 9749470 9752305 9754365 9758236 9759541 9761206 9762782 9764104 9765823 9767443 9768820 9769620 9773137 9782637 9784741 9788263 9790226 9791090 9794347 9798415 9802429 9804914 9807940 9809271 9810913 9812085 9815272 9817472 9830920 9834830 9836308 9838004 9839682 9847316 9848156 9849692 9851023 9852994 9855520 9858228 9860719 9866466 9868789 9872368 9874190 9875186 9876511 9880767 9884456 9886533 9887825 9893733 9894683 9900650 9908139 9911401 9917512 9918937 9922040 9923581 9924343 9930485 9934759 9935866 9937451 9938994 9940737 9942657 9944679 9948441 9949594 9951047 9963534 9965406 9971355 9973091 9974996 9978565 9979576 9983297 9984807 9987329 9991092 9991908 9996438 9997228 9999106 
</Matrix>
<Matrix name="Neuron_221" type="complete" rows="1" columns="1455" multiplier="1.0">
   1444 8739 17839 27714 28879 32907 40031 44808 50165 52597 70573 74166 76014 78841 87811 91188 96221 106843 121000 131638 133885 147051 149488 153351 161811 173829 178679 188060 190331 194121 199451 212318 216685 227908 229094 230994 244442 249898 250862 255815 261256 270641 276065 279348 282995 292066 304559 306775 318982 324163 328408 331783 337073 354409 361914 368581 385317 389670 393385 398297 399905 408836 418174 422481 426802 434917 436063 451808 454584 459053 465247 472839 478385 485961 494145 495459 498545 504846 513519 514733 517690 519538 522628 526580 538635 539550 546085 554886 556493 566857 577892 598448 603945 605665 617487 621982 631471 644226 646509 651461 654925 669447 671208 673787 675242 683104 698701 701689 713658 718994 720319 738387 747716 750987 758082 774074 778994 787560 793743 805383 810422 821647 822723 831884 846926 848928 859669 863368 892747 894086 896606 925128 929143 930896 940274 941658 943582 945801 947741 959565 975319 976581 982613 992320 997793 1000202 1006970 1012986 1017159 1022751 1033396 1042729 1046443 1050438 1053064 1055344 1058932 1081247 1085762 1089503 1095542 1102937 1103650 1105135 1107129 1116746 1120229 1124846 1127096 1133107 1134720 1143975 1147221 1156685 1158122 1159431 1167908 1169136 1174645 1176239 1183859 1198581 1202216 1212885 1219229 1220694 1224310 1230229 1233582 1241890 1247957 1263783 1266367 1269991 1286033 1297375 1298431 1308043 1311745 1317491 1324885 1326108 1332453 1333613 1339777 1344123 1345906 1366131 1382537 1384286 1387768 1391844 1393442 1401506 1403857 1404783 1407066 1412224 1413054 1417290 1432375 1444479 1446623 1460849 1470114 1471760 1497315 1504080 1507153 1514277 1518449 1521963 1523974 1525472 1527193 1529493 1535945 1539149 1575928 1578676 1583133 1587526 1589131 1590622 1597960 1600270 1604424 1607736 1608601 1610336 1613021 1614335 1618704 1628217 1632729 1637117 1644379 1649148 1654914 1662253 1664302 1666451 1667970 1679251 1681023 1688217 1701293 1709776 1710933 1714936 1717828 1729729 1734678 1737462 1744980 1749334 1755933 1762723 1767736 1781135 1787541 1793271 1799773 1810513 1815959 1819074 1825067 1829306 1838424 1859260 1866091 1868921 1872251 1889270 1892170 1894014 1897888 1906778 1915345 1922817 1934095 1941433 1965587 1992294 1994670 1999804 2007321 2015663 2044384 2051976 2058365 2068232 2078159 2082583 2090061 2097500 2108380 2109810 2110938 2112278 2119961 2132557 2152659 2162425 2167380 2170174 2174510 2177562 2179601 2188495 2194860 2200177 2203620 2219849 2222528 2226461 2239089 2244155 2248052 2249748 2257376 2261495 2276436 2278090 2289518 2293507 2294538 2305072 2305922 2308631 2314448 2321417 2341938 2344230 2346695 2349414 2359500 2361806 2366070 2369303 2378198 2381240 2382903 2388360 2393827 2405214 2415421 2421708 2438970 2443333 2461810 2463342 2465570 2480312 2483081 2497753 2501495 2517896 2531764 2539899 2543450 2546049 2549056 2557283 2567860 2570334 2575250 2577649 2581673 2590470 2594247 2606808 2621277 2626850 2630605 2635009 2636311 2640112 2651247 2653688 2657796 2667749 2672025 2681293 2693194 2711154 2713609 2721581 2724616 2742135 2746762 2750062 2763329 2774831 2808075 2811253 2818809 2825281 2827422 2832573 2841255 2860985 2864598 2867133 2874746 2877607 2885745 2891035 2902492 2904409 2912126 2915781 2918163 2938136 2939580 2948264 2955291 2959167 2984026 2992894 2998835 3041310 3052865 3055623 3059578 3073084 3077206 3082148 3093211 3110734 3113519 3119793 3122693 3138517 3140722 3155670 3157938 3166502 3167675 3171087 3176819 3181337 3190905 3196736 3197735 3205432 3211210 3227816 3231231 3232738 3233654 3236219 3238913 3255266 3269931 3273464 3283941 3288610 3304211 3309594 3311807 3318290 3323121 3326044 3338649 3356120 3357384 3359357 3365317 3378644 3385532 3391588 3396120 3407812 3409990 3418060 3426182 3430711 3443184 3451615 3455638 3477880 3482258 3494868 3497516 3501297 3513503 3517995 3523366 3530132 3531486 3539779 3550984 3556748 3560620 3561923 3567966 3579293 3582595 3586883 3588118 3589608 3594112 3602168 3608893 3610376 3615301 3627719 3636701 3637935 3643735 3645555 3650772 3658427 3701942 3704336 3713824 3717159 3720047 3728757 3732556 3735016 3736311 3738740 3754529 3757325 3758600 3763084 3767254 3771960 3776035 3777231 3780651 3809899 3815930 3826054 3830369 3840286 3844046 3847233 3848440 3852074 3865085 3866616 3869012 3874674 3876642 3880874 3888568 3897409 3908886 3910889 3918063 3920628 3921971 3929001 3931439 3932356 3938632 3943510 3949995 3960944 3968215 3970261 3978563 3989807 3992983 3994318 3998877 4001179 4005286 4008939 4036246 4043927 4048961 4051384 4053188 4058709 4061450 4066606 4067900 4071510 4076521 4094250 4099574 4107833 4111302 4119905 4127593 4129105 4133416 4144996 4147737 4151662 4162510 4169264 4180560 4184315 4186074 4190163 4200708 4203793 4211343 4215090 4222641 4240901 4248776 4258819 4274154 4279389 4289927 4294559 4325802 4327381 4347399 4353203 4354801 4355816 4360790 4367479 4379615 4380917 4386660 4392402 4400245 4403846 4409300 4421539 4423995 4425130 4431994 4438646 4450805 4456067 4460993 4475400 4477228 4489722 4492931 4501005 4503096 4505345 4510109 4518926 4534156 4539344 4540895 4556402 4560362 4563944 4567653 4595265 4597030 4600277 4602697 4610366 4611855 4619288 4625518 4631229 4635025 4655300 4671951 4693660 4698436 4705588 4706671 4711594 4721905 4724395 4728622 4739062 4746038 4764689 4770205 4776504 4800249 4806289 4812415 4824911 4836767 4842055 4845781 4849707 4861094 4862299 4870223 4874651 4877851 4880463 4882909 4884445 4896170 4900063 4904310 4913547 4923761 4951888 4953730 4966898 4968980 4983554 4984951 4987245 5000500 5014690 5034625 5038448 5041902 5055768 5060742 5065947 5071489 5076847 5078151 5080131 5083815 5103457 5104753 5108706 5126680 5135598 5138621 5142011 5148511 5152385 5153512 5155881 5157899 5159220 5176286 5177457 5179209 5208561 5214588 5215462 5228532 5235497 5243891 5252885 5268165 5285966 5303339 5305438 5307240 5308414 5314417 5315899 5317158 5318922 5347560 5354366 5355975 5358662 5362582 5367359 5370408 5371543 5373746 5377611 5379307 5383295 5388522 5392505 5405659 5412995 5447520 5472626 5474824 5475937 5479945 5487610 5495111 5498751 5514509 5517266 5527819 5539255 5545260 5552472 5557877 5558761 5563050 5593723 5598662 5605165 5609425 5614957 5617239 5618910 5621204 5625842 5630569 5632238 5634833 5637699 5663997 5667394 5684483 5686954 5692186 5701132 5709920 5722515 5723712 5732549 5737552 5744897 5746374 5748819 5758270 5771060 5782478 5796267 5805965 5807098 5809451 5817531 5819597 5822965 5831030 5841109 5852891 5861239 5864974 5872059 5873514 5886080 5898250 5899613 5909904 5914026 5916753 5921788 5926632 5942240 5945622 5949943 5957745 5963488 5966836 5974646 5983105 5989291 5993525 5995521 5999717 6003247 6005398 6018557 6025143 6026571 6033750 6040874 6045321 6050801 6056041 6061888 6083460 6103229 6109360 6111783 6115122 6121681 6128567 6133544 6136320 6137874 6140758 6157255 6162996 6167233 6169667 6176283 6187833 6198957 6200701 6203389 6206340 6212933 6219922 6221639 6226705 6234915 6241043 6243228 6249354 6251152 6263689 6267124 6269332 6275103 6297115 6299877 6302234 6304663 6307325 6310850 6320250 6322717 6324583 6330441 6334325 6337884 6339507 6343606 6345110 6350673 6352156 6353604 6375250 6380626 6384949 6391451 6393093 6397398 6400459 6408632 6419966 6445739 6450437 6452403 6461596 6464818 6468964 6475228 6483074 6491500 6497914 6498901 6501288 6511772 6516316 6518655 6519847 6525308 6550982 6554906 6557205 6559094 6563071 6568537 6572436 6573988 6577706 6579538 6590061 6592462 6607185 6618235 6622855 6631614 6634492 6638652 6647616 6663056 6666437 6668355 6670460 6679180 6685206 6705429 6711937 6725675 6732365 6733834 6737956 6742293 6749328 6752564 6762624 6766786 6772208 6774427 6775541 6779454 6782705 6786925 6793291 6801740 6822356 6824101 6830419 6835184 6842517 6845203 6848232 6849998 6854557 6866693 6867471 6871681 6873127 6877034 6880084 6886158 6891358 6896724 6900530 6902603 6907087 6912653 6913668 6922318 6927562 6928369 6933808 6935544 6948835 6950119 6954473 6957645 6959736 6967853 6969954 6992111 7015103 7017326 7024181 7025548 7028183 7033538 7036576 7037732 7041568 7056620 7061460 7083745 7086798 7092425 7106400 7107296 7109578 7124716 7140389 7146485 7150862 7161165 7162592 7171655 7172880 7185055 7217485 7218346 7220499 7232043 7238963 7246679 7264210 7268958 7272398 7283343 7299574 7304804 7309238 7312006 7326561 7329219 7332831 7339394 7344188 7349623 7357719 7359204 7364893 7368300 7371252 7378085 7380725 7385683 7387191 7389523 7390857 7398848 7407829 7412063 7418151 7423346 7430933 7441833 7443670 7457519 7459308 7462439 7474388 7488397 7495875 7501234 7509369 7511896 7512917 7515516 7524909 7527343 7531304 7534526 7542525 7545430 7549270 7550702 7562925 7567025 7571071 7572519 7575475 7583724 7603719 7615442 7618634 7626962 7628313 7634263 7641414 7662703 7669467 7672450 7676392 7680145 7683664 7687855 7695680 7698711 7700756 7711085 7719216 7732524 7736709 7738236 7742970 7744235 7747493 7750574 7762962 7765631 7771493 7775095 7776455 7785047 7792186 7796520 7805823 7809848 7823964 7842566 7855464 7857547 7865589 7877569 7882104 7892113 7898476 7907193 7909148 7928201 7930626 7934378 7940138 7942799 7953217 7956161 7968970 7983840 7988890 7992588 7996694 7999765 8000842 8006399 8008858 8016954 8019544 8022663 8026695 8029476 8037047 8044121 8057793 8070993 8076745 8089512 8101760 8104681 8109792 8115357 8116584 8127596 8134592 8157622 8173315 8174794 8177838 8185560 8186170 8189647 8192124 8203721 8210785 8212216 8214769 8215655 8233930 8246000 8248512 8249780 8278049 8293090 8312436 8315989 8338435 8339837 8342139 8346739 8357986 8370897 8377486 8383725 8385232 8390613 8392998 8398896 8404324 8405889 8407997 8411262 8428379 8442834 8452063 8454344 8460188 8466090 8467714 8470460 8471868 8479008 8488689 8502312 8507294 8524484 8526624 8547484 8549320 8557121 8566766 8568428 8572118 8574936 8575760 8582333 8585016 8597784 8599803 8602562 8606555 8611528 8615904 8629796 8634575 8648266 8666665 8669894 8671095 8676224 8679596 8683990 8697495 8719125 8722118 8728465 8757537 8773855 8779687 8802713 8808374 8817290 8820614 8823934 8828540 8867812 8874508 8877611 8878722 8884671 8886757 8898567 8901338 8903040 8907328 8911331 8916005 8917882 8921611 8922638 8934704 8945845 8951787 8953973 8955873 8958604 8962016 8965378 8969151 8975701 8978069 8981904 9003720 9009649 9017306 9018689 9037096 9038742 9044293 9052285 9062491 9064453 9083531 9105145 9108179 9119279 9121042 9134964 9138200 9143176 9155574 9165145 9168848 9170104 9175448 9176997 9182012 9212496 9223180 9233298 9255082 9259407 9262272 9268017 9273092 9291210 9299210 9312957 9316405 9319641 9324739 9325672 9336935 9343974 9357027 9360697 9367714 9369376 9372723 9383186 9390323 9409787 9418398 9427770 9432917 9434103 9455872 9461772 9476019 9484597 9502591 9511945 9523449 9528460 9532108 9534573 9536597 9541216 9553885 9568421 9585936 9605931 9612698 9615844 9622358 9623797 9628987 9640266 9641757 9646328 9653065 9666031 9685478 9686929 9697869 9700521 9701389 9703409 9706426 9707922 9714366 9716158 9725256 9728609 9731283 9747166 9749718 9751424 9758803 9778113 9785645 9794928 9806807 9818628 9829596 9831345 9833358 9847727 9848951 9870788 9874944 9880310 9881803 9885436 9888656 9895053 9900500 9916152 9921791 9923526 9925196 9927834 9930187 9931793 9935789 9939590 9946337 9957009 9971888 9982322 9984742 9991238 9993252 
</Matrix>
<Matrix name="Neuron_224" type="complete" rows="1" columns="4098" multiplier="1.0">
   1109 2043 3139 7556 8919 12829 13899 16289 17062 19418 21632 22779 25106 31624 32836 35558 38710 40513 41827 44737 46806 47536 50765 55020 61247 64991 66105 67434 69689 73388 79965 80743 83443 84799 88155 89732 96641 99033 99781 104431 108262 110140 111282 112950 113571 115624 118591 119870 121453 124427 125643 128422 131210 132470 133794 139948 141771 147795 149014 151485 154623 156524 159705 163175 164435 166893 169391 170929 174884 176612 179180 180635 182696 186700 190117 193234 199204 206079 207239 208101 217343 218614 219902 222625 223996 226713 228026 231887 233486 234871 236824 239000 250275 251690 253594 254542 255305 257023 258580 260130 261707 262448 263659 266862 268216 269346 271364 275078 277071 281897 286305 287733 289009 291696 292717 297530 299953 301519 303868 305041 310784 313264 315362 316794 318295 320267 321521 322944 324358 331136 334036 339676 345006 345685 346610 347801 348584 349867 353002 353544 354741 356202 358387 359531 361062 362419 364445 369327 371279 372999 382092 383764 385316 386891 389752 391028 394156 398162 400472 403261 412323 415129 415762 417092 422697 425800 429662 430658 440018 440723 441806 444308 448277 450991 455741 457443 459213 461153 464432 465915 467327 468496 470469 471587 473554 475590 477030 478299 479337 480551 483377 485828 487343 488673 494355 498638 499415 502118 505445 506133 507177 508682 510273 511001 513190 514060 515220 518754 521548 523856 525854 526624 529510 531080 533433 536146 538464 539181 541348 542252 543388 544571 546569 548196 549174 550621 553652 555405 556618 559699 566658 568208 569715 570785 573539 575058 578128 581825 582832 586851 590159 594086 594934 597477 599442 600808 601634 603186 605044 606292 609438 611210 613666 615330 616574 617838 619599 622489 626201 631389 632139 633569 635029 638954 643549 645149 646942 647644 649678 652059 653079 654179 654973 656557 657702 661709 662551 663433 665118 669364 670978 671842 673635 676576 678780 679723 680813 681640 682658 684429 686298 687700 688875 689879 691856 693798 695211 697134 699357 702512 704064 705361 707480 709463 711304 717245 720390 724793 727690 728747 732638 735472 737592 740003 740731 742340 746736 750297 754879 755965 761565 766174 767658 768560 776463 779719 781790 786810 788631 789940 793383 796190 798066 799183 799819 801066 803286 809283 810738 813027 813886 815666 818705 820732 822828 824584 826038 829306 833142 834570 843622 844772 846420 847679 849955 851063 854283 858541 860146 863059 864984 867067 874187 875448 876624 880591 883194 884645 886442 888534 890067 893224 896950 902955 907613 912056 913018 916975 920258 921894 924045 928836 933478 934727 936706 937384 942345 947147 949767 950974 952418 955319 957116 958622 959753 961554 964182 965220 966244 967778 970718 973195 974302 976210 978107 982067 984730 986913 988687 994435 996209 997360 1001284 1001968 1002695 1003301 1007939 1009863 1011831 1016042 1018709 1023851 1026253 1027476 1030165 1031993 1033097 1034008 1036479 1037735 1038674 1039796 1043674 1044792 1046209 1047434 1049426 1051288 1052120 1053680 1061028 1063577 1066853 1069154 1070113 1072448 1073709 1074861 1076482 1078642 1080562 1081885 1089471 1092192 1098848 1100414 1105834 1108469 1109721 1114135 1115739 1116691 1117968 1122161 1125402 1126335 1133460 1134707 1136602 1140612 1143076 1147949 1152363 1158039 1159611 1164578 1168081 1169517 1171451 1178596 1180188 1181514 1184991 1189960 1191055 1192704 1198074 1199153 1204870 1212267 1215862 1217100 1222123 1223576 1226320 1228602 1231398 1234062 1235506 1236997 1237902 1240981 1242021 1243397 1246153 1247895 1249587 1250631 1251595 1261652 1262532 1264373 1266014 1269868 1270977 1272192 1274102 1277670 1278769 1279826 1282876 1284813 1285742 1286945 1289377 1290471 1291815 1293178 1295682 1299539 1304069 1305428 1309251 1312262 1313570 1316404 1318837 1319960 1326783 1329769 1343248 1344291 1345624 1348277 1349306 1351692 1355313 1361136 1362576 1364290 1366533 1367859 1369119 1371269 1373788 1376981 1377700 1385639 1387361 1391320 1393039 1394030 1397783 1399722 1404016 1405780 1409485 1411113 1412418 1416047 1418741 1421548 1423061 1423906 1425184 1427559 1429453 1430848 1432556 1437218 1438080 1439618 1445477 1447463 1448500 1450894 1454645 1455843 1457844 1459325 1461877 1467242 1469740 1473501 1475858 1479231 1483026 1488322 1494556 1495433 1498012 1499026 1501330 1502528 1504989 1505949 1508551 1510113 1511736 1512785 1515896 1516699 1520075 1520909 1526156 1527289 1528417 1529202 1532820 1533923 1535025 1535763 1536799 1542950 1545342 1547202 1547864 1553715 1556080 1557739 1559214 1562329 1563231 1563903 1571748 1572558 1573695 1575015 1578921 1580256 1581329 1582379 1583411 1584217 1585850 1589013 1595856 1599990 1600958 1605045 1606416 1610990 1612916 1614237 1615358 1617899 1619323 1623290 1632793 1634131 1635222 1637340 1638462 1640876 1643982 1646017 1647269 1650201 1652425 1653758 1657816 1659518 1661594 1663958 1664711 1668269 1669029 1671986 1674625 1678301 1683861 1684587 1685457 1686678 1688061 1691477 1693345 1699428 1701502 1702556 1704792 1706306 1707455 1711743 1713043 1718448 1720606 1722796 1723799 1727468 1728573 1729674 1730505 1731750 1733596 1737138 1741864 1742627 1743665 1744841 1746703 1748498 1751994 1753764 1755094 1757804 1760331 1761096 1764143 1769124 1774681 1776533 1782526 1784243 1785188 1786977 1789026 1790602 1792784 1794658 1797665 1800768 1801661 1804249 1805175 1806896 1811350 1817410 1819339 1822192 1825448 1828590 1830236 1832382 1833234 1834348 1837143 1838254 1839234 1841382 1843939 1846261 1848089 1849156 1851194 1854223 1856514 1857240 1865474 1866276 1869929 1873352 1878712 1879590 1882541 1883530 1892227 1897473 1899826 1904150 1905347 1910145 1913997 1915654 1919010 1920217 1923676 1924878 1925672 1927613 1929792 1931933 1934230 1934975 1938413 1940196 1943480 1948466 1952584 1954093 1958683 1959783 1961424 1967105 1968952 1972688 1977582 1979751 1982344 1990617 1995002 2003864 2005596 2006576 2011201 2012167 2014999 2023619 2026754 2030273 2030944 2032072 2034108 2035038 2036643 2038335 2039625 2040778 2042341 2044183 2051189 2052681 2057606 2058333 2062199 2064666 2065797 2068255 2069467 2074328 2075854 2076940 2080867 2082630 2083851 2088150 2092477 2094269 2096738 2098516 2106038 2109602 2120931 2125963 2127464 2132867 2133776 2136432 2139207 2142311 2143531 2144721 2145617 2148940 2150696 2153864 2155371 2157586 2158635 2160987 2164162 2166373 2167776 2169744 2173553 2179726 2180725 2181398 2182895 2184377 2186045 2187453 2189831 2191461 2194669 2196067 2201667 2204556 2206571 2209927 2210816 2212809 2214273 2217625 2219082 2223521 2225117 2227277 2228297 2230850 2233892 2235074 2236383 2238586 2247211 2249312 2250232 2255577 2256626 2258743 2261086 2262219 2264302 2265419 2268482 2276327 2279723 2282969 2284357 2287606 2290649 2294245 2295177 2296889 2298914 2302650 2304387 2306669 2308948 2312369 2315519 2317876 2320406 2322510 2323756 2324891 2327257 2328242 2331804 2334489 2337064 2337987 2341540 2344886 2346680 2350130 2352192 2353278 2358175 2362689 2363335 2368327 2372857 2374660 2375720 2379002 2383178 2385695 2390407 2392777 2396099 2402486 2404537 2408634 2409617 2411486 2413110 2415458 2421572 2422742 2425197 2426404 2427759 2430034 2431279 2435482 2436473 2440248 2442857 2444991 2447613 2448445 2450090 2452317 2454159 2455568 2457539 2458333 2460826 2462550 2463860 2466360 2467545 2470560 2474066 2478697 2481180 2492593 2494459 2495182 2498947 2500756 2503249 2504675 2506378 2509395 2511534 2512277 2514321 2515133 2516100 2517168 2517952 2520013 2521625 2523405 2525886 2527649 2528808 2529886 2531051 2534053 2538835 2542290 2544511 2546870 2550460 2553443 2554326 2557627 2560665 2561609 2563239 2565881 2569574 2570524 2571963 2576016 2580330 2583098 2584657 2585730 2588279 2590647 2593987 2595484 2597203 2599059 2600494 2603042 2604501 2607819 2609587 2610807 2613567 2615855 2617377 2618584 2620029 2622623 2624237 2625381 2630275 2631057 2634345 2635493 2639157 2644736 2647369 2648621 2650358 2652145 2655364 2658336 2659441 2661052 2661729 2663272 2664129 2666310 2667187 2667859 2669163 2670999 2674190 2676963 2679995 2686159 2687496 2688442 2692993 2694273 2697117 2698629 2699502 2701983 2703229 2706329 2707684 2708549 2711568 2715382 2720613 2722730 2723717 2726132 2727604 2729651 2731043 2739876 2741513 2746080 2748938 2749896 2750684 2753687 2755170 2757414 2761395 2762416 2765168 2766659 2767589 2770850 2773386 2775900 2777026 2779192 2781583 2782904 2786029 2789909 2790943 2794229 2796098 2797135 2799923 2801752 2802871 2804137 2809128 2816451 2817508 2821944 2824357 2826700 2827842 2829334 2832114 2833874 2835173 2839985 2843401 2845673 2847130 2847963 2851815 2852549 2854197 2855946 2857130 2860574 2868880 2872525 2873937 2875634 2876722 2878453 2879560 2881366 2889164 2892761 2893592 2896759 2903996 2905038 2910022 2911455 2912247 2913959 2915601 2916894 2917781 2920344 2922487 2923709 2926842 2931549 2933024 2934757 2939584 2942376 2944217 2945080 2947624 2948972 2952248 2953902 2955735 2956977 2958690 2959316 2961349 2964754 2966546 2967537 2975669 2979274 2980968 2983491 2985007 2986175 2988022 2991659 2996567 2997544 3004275 3005200 3008337 3009300 3011142 3012162 3014981 3016986 3018441 3019229 3020071 3022655 3024396 3028802 3030393 3031335 3032280 3033446 3034124 3038283 3039304 3042513 3043979 3044847 3046503 3049750 3052363 3057196 3066914 3071379 3073071 3075103 3076802 3078459 3080038 3083591 3084761 3086495 3087996 3089253 3092030 3093230 3098685 3099469 3102770 3103851 3106234 3108042 3109227 3110517 3111706 3118865 3120009 3123135 3125212 3126755 3129202 3135467 3137217 3139584 3141420 3142615 3144800 3148421 3149445 3150022 3155544 3156104 3156987 3158169 3159069 3160952 3163235 3165145 3166144 3168706 3172982 3173935 3175902 3179140 3180606 3182139 3184890 3189177 3192597 3195655 3199573 3201588 3202947 3205285 3206714 3208185 3210509 3212563 3216012 3217692 3220791 3222761 3228942 3229936 3231409 3232729 3235397 3240671 3244696 3246816 3250881 3252128 3252872 3254186 3255153 3259767 3264071 3265910 3269292 3271161 3274324 3275906 3277245 3279427 3280544 3282508 3283963 3285224 3286864 3288189 3289462 3291822 3293257 3294514 3295643 3297837 3301007 3303151 3304872 3306824 3313606 3315795 3319210 3322132 3323411 3324940 3327625 3329250 3331709 3332406 3335115 3336650 3338366 3339047 3343202 3345067 3346367 3350487 3353376 3354991 3359242 3360484 3361722 3363240 3364897 3367061 3373671 3375243 3377180 3378284 3384716 3385442 3390181 3393799 3396258 3397905 3401179 3404903 3407541 3408351 3409657 3412731 3413768 3415591 3416627 3417652 3420617 3424094 3425686 3429289 3431772 3436265 3439035 3439987 3442345 3445534 3446294 3447616 3449898 3450867 3452226 3454645 3456144 3457967 3460510 3461785 3463261 3466519 3469924 3472378 3475031 3476662 3478656 3479888 3481212 3485281 3488292 3490917 3491690 3499081 3500807 3502847 3504230 3509593 3510664 3516728 3518147 3527711 3528726 3530288 3531382 3532840 3533998 3537595 3539380 3540423 3542074 3544735 3553736 3554577 3558095 3559175 3563099 3566675 3567675 3571961 3573016 3574873 3577368 3578864 3582838 3583978 3584890 3585752 3589543 3592598 3593352 3594257 3595913 3596968 3598863 3600441 3601590 3603623 3606588 3610059 3611782 3613706 3614880 3618163 3620625 3624454 3627264 3628123 3629937 3631885 3633820 3634886 3637055 3638585 3641307 3645854 3649262 3657925 3659468 3660984 3663577 3664749 3666443 3667811 3669920 3671810 3673710 3675374 3680399 3685298 3686714 3690146 3691082 3693056 3694406 3697552 3701658 3702404 3707518 3710639 3711676 3714277 3714899 3715656 3717331 3718558 3719784 3721130 3729283 3730331 3733757 3739375 3741449 3744404 3748007 3749859 3751973 3753239 3754014 3756247 3759056 3762463 3763825 3766622 3767837 3769950 3770600 3775572 3776367 3777476 3781139 3783913 3785031 3786827 3790750 3793917 3795043 3796390 3797469 3800443 3803576 3807032 3809111 3810678 3816766 3818177 3831315 3832455 3833533 3835312 3836199 3837621 3839891 3841903 3843327 3845987 3847081 3850399 3852804 3853683 3857484 3864883 3866482 3867366 3870104 3873527 3878116 3879384 3883054 3884492 3885765 3887674 3889379 3890454 3893663 3897516 3901025 3903706 3904578 3905523 3912625 3913352 3914840 3916249 3917960 3921330 3921998 3922997 3924312 3927077 3928354 3930368 3931009 3933099 3936595 3938267 3941417 3942760 3944984 3946016 3947349 3948751 3950285 3952868 3953923 3956653 3961236 3962254 3963864 3966502 3971836 3975695 3978938 3984287 3986561 3989233 3991286 3995192 3997212 3999961 4001494 4002692 4004443 4005842 4007549 4014974 4019372 4021053 4035334 4036521 4039472 4041901 4043058 4046597 4047959 4049336 4054177 4055273 4062785 4065843 4068519 4075361 4080350 4084902 4086679 4088140 4091214 4092263 4095611 4099477 4100977 4102217 4103013 4105432 4108081 4111327 4112301 4113259 4115364 4116278 4118413 4121658 4122638 4124144 4128805 4131094 4133314 4134226 4141068 4142765 4143496 4144691 4146883 4148418 4150529 4152429 4153830 4155123 4157143 4158394 4158990 4160277 4162843 4165086 4171727 4173677 4175003 4176355 4181292 4183136 4186529 4189190 4190709 4192340 4193630 4195295 4197228 4198926 4200031 4201316 4204290 4205324 4210986 4212695 4221326 4224288 4225811 4226731 4227907 4230185 4231566 4233317 4236477 4239720 4240779 4241683 4242595 4243898 4246030 4247320 4251408 4253342 4254287 4255257 4256910 4257747 4261526 4266022 4272286 4273365 4276735 4278507 4283239 4285133 4286448 4288331 4289456 4295246 4298302 4299271 4300210 4303250 4305814 4309472 4311589 4314465 4315815 4318539 4319341 4321937 4323936 4325040 4326690 4328100 4331946 4336047 4339247 4342759 4345041 4345626 4350660 4355944 4356858 4359120 4363357 4365480 4368405 4372808 4373760 4375039 4376350 4380229 4384004 4386563 4390071 4391688 4392777 4395769 4408339 4409500 4410941 4412645 4414438 4415441 4417930 4420305 4423103 4423980 4425950 4432698 4435409 4436513 4437723 4442431 4444573 4447401 4449089 4450579 4451965 4454996 4457162 4459987 4463924 4464813 4466466 4467392 4469355 4470838 4472846 4473722 4483987 4486131 4487758 4489806 4492457 4496214 4497099 4504639 4505696 4508441 4509466 4512078 4515323 4520634 4523361 4527984 4531974 4536175 4540983 4545999 4549561 4555247 4558873 4559955 4560697 4562187 4564267 4566969 4568634 4569748 4572367 4576691 4577813 4581648 4585819 4588337 4595522 4598613 4599644 4600509 4607325 4607931 4611758 4613164 4615638 4617619 4621979 4624636 4626003 4629122 4630520 4631546 4633139 4634687 4637248 4640111 4644622 4649360 4650434 4652001 4654219 4657345 4660273 4663483 4667238 4670794 4675711 4678993 4679634 4682621 4685102 4687091 4691716 4695172 4699770 4704041 4705880 4709014 4710877 4713103 4719026 4720310 4722787 4724614 4725595 4727756 4729155 4730967 4732928 4735156 4736672 4744249 4746228 4747289 4748201 4751303 4752350 4758421 4759802 4763755 4766697 4768421 4770503 4772129 4779371 4782751 4784884 4785896 4787618 4788933 4791165 4792551 4795750 4798426 4803115 4804416 4805524 4807617 4808839 4812053 4813439 4814517 4816168 4818228 4820885 4823158 4824628 4827157 4829136 4833110 4835310 4837500 4838509 4839567 4845106 4846789 4852502 4854137 4858599 4862450 4864204 4867716 4871189 4878566 4881653 4883189 4885665 4887130 4888442 4891853 4894249 4895745 4902963 4904427 4906133 4907629 4909271 4912905 4914756 4917553 4918676 4920933 4922518 4924385 4927902 4940718 4941527 4944387 4945487 4946272 4948699 4954773 4956102 4956871 4957887 4964361 4967135 4968871 4969802 4972839 4974610 4979884 4980881 4983963 4986957 4989688 4990802 4992339 4993734 4995790 4996642 4998119 4999866 5001867 5002896 5005815 5008586 5009734 5010527 5013938 5018104 5019649 5021213 5022730 5027839 5029544 5032600 5034265 5037697 5039758 5042535 5048581 5051939 5053127 5057435 5061427 5063577 5065179 5066714 5069789 5071083 5073372 5077295 5078579 5080158 5081879 5084921 5086077 5089730 5091912 5093685 5097393 5102935 5113845 5115601 5117140 5120967 5122437 5124977 5125867 5126860 5127893 5129048 5131154 5132900 5134906 5136902 5138928 5140867 5144476 5145514 5146192 5147295 5149612 5151296 5152127 5153927 5155936 5157316 5162605 5165334 5167885 5174475 5175790 5178645 5181091 5182239 5184412 5185928 5186948 5190694 5193982 5195653 5196484 5197792 5202850 5207080 5208526 5211883 5212414 5218279 5220389 5222197 5223459 5225293 5226795 5228727 5232285 5234296 5235552 5236723 5238105 5239544 5243858 5247542 5249381 5250630 5252497 5257464 5260991 5263390 5266555 5270091 5270948 5274790 5276811 5279360 5280386 5285983 5287164 5289207 5294606 5297865 5299762 5300884 5301643 5303173 5306548 5307320 5312303 5316452 5317215 5319928 5321308 5322695 5323854 5325535 5327123 5328940 5332780 5333730 5336555 5338273 5339274 5341526 5348160 5350888 5353420 5354732 5356062 5358931 5361088 5363179 5364758 5371488 5374945 5377321 5381529 5382699 5385510 5389226 5390562 5391405 5392591 5393615 5396116 5398649 5399712 5400937 5402149 5404432 5405864 5407398 5409451 5410495 5411050 5414133 5417920 5421216 5422683 5423621 5426799 5430322 5433018 5435509 5436994 5437776 5440240 5443764 5444989 5446052 5448244 5450168 5451939 5452919 5457239 5459463 5461828 5465257 5468368 5469588 5471546 5472528 5473170 5474754 5478429 5479264 5484317 5486426 5490827 5492681 5494618 5498876 5500360 5501229 5503460 5504550 5507091 5507965 5509624 5511491 5516434 5518314 5522407 5524940 5526079 5528621 5532414 5533231 5534342 5539151 5541670 5543736 5547513 5550085 5552113 5555456 5563200 5570494 5574007 5576133 5577046 5579051 5582753 5588681 5589609 5592048 5593175 5595921 5598592 5600341 5603413 5604735 5606542 5607977 5613159 5614154 5616866 5619320 5624122 5625507 5627959 5630837 5631831 5632400 5636399 5637410 5640355 5642335 5643612 5650580 5656927 5660219 5662847 5663853 5670259 5673561 5674132 5675634 5677287 5682158 5683396 5686573 5689924 5691422 5692145 5701104 5702618 5703800 5705310 5706165 5710234 5711776 5712646 5714846 5717269 5718235 5719821 5721449 5723558 5724525 5726227 5727891 5729896 5737938 5739805 5741073 5743910 5746769 5750382 5751517 5754061 5755251 5756138 5757102 5758341 5760870 5762537 5765252 5767350 5768643 5770933 5774825 5776502 5782550 5784293 5785735 5786900 5788321 5791778 5795550 5797565 5802260 5804191 5805742 5806694 5809529 5811651 5816266 5818791 5820711 5822815 5824757 5827201 5829919 5831712 5833943 5836147 5838616 5842772 5844862 5845943 5846841 5848545 5850094 5854067 5855195 5856921 5861144 5862836 5864943 5867079 5867974 5869711 5871036 5874244 5875949 5877766 5880980 5882590 5887179 5888153 5889690 5894731 5896992 5899565 5901014 5902030 5909898 5910858 5912515 5913643 5915935 5916758 5918708 5920822 5921775 5924109 5925013 5928305 5931323 5937063 5942755 5945002 5946542 5947422 5950959 5954574 5955871 5957423 5959859 5970573 5972648 5974767 5977736 5981314 5983590 5985290 5986751 5994198 5995023 5998375 6000152 6002438 6005693 6008927 6010327 6015521 6016511 6020710 6022840 6023984 6024879 6032152 6033237 6034405 6036607 6037222 6039249 6040912 6044167 6045722 6047626 6049892 6051069 6058781 6059840 6062739 6064643 6069052 6070552 6072243 6074378 6077191 6081694 6087625 6089700 6092215 6093858 6096723 6101378 6102581 6103614 6104921 6110092 6110838 6113534 6115491 6118781 6120352 6125727 6127625 6130737 6132743 6134217 6136298 6137885 6146721 6148283 6148994 6151622 6154277 6155287 6157219 6159179 6161492 6163071 6164033 6170062 6172545 6173600 6175697 6178008 6179500 6182406 6183536 6186201 6188327 6189540 6191437 6192260 6193494 6198169 6206772 6209912 6211106 6212003 6212788 6214833 6217690 6219423 6222977 6224046 6226637 6230953 6232772 6236279 6237366 6238519 6243556 6253859 6254825 6257304 6260000 6260685 6263064 6267013 6272194 6273050 6277245 6279337 6282683 6286223 6288323 6294088 6299189 6301852 6303164 6306913 6311023 6312261 6313171 6314329 6319329 6322487 6323780 6326308 6332211 6333508 6334899 6336512 6337893 6338947 6340576 6344769 6346152 6347470 6348981 6356962 6360920 6362754 6363641 6367622 6371751 6374121 6376424 6378879 6382454 6385156 6388042 6389127 6390360 6397698 6399412 6400438 6402356 6404973 6406904 6408736 6410914 6413287 6414323 6415104 6417214 6420416 6421660 6422910 6425023 6427424 6430492 6433916 6435414 6439384 6440331 6442245 6446408 6447277 6448329 6449530 6452694 6456153 6456988 6458570 6459667 6461372 6462639 6464331 6466422 6467814 6468674 6470134 6471964 6472905 6475675 6476950 6481033 6487437 6488679 6490687 6492249 6494764 6497253 6498402 6500348 6501440 6504488 6506932 6508409 6510117 6510906 6515383 6516813 6517687 6518763 6521444 6526079 6527337 6531212 6533741 6535149 6540446 6542075 6544472 6546214 6551056 6555060 6557079 6557867 6558815 6560109 6562369 6563679 6565215 6566412 6567354 6568994 6572486 6573919 6575027 6577166 6578451 6579775 6582769 6589068 6592298 6593059 6595539 6599793 6606528 6610357 6613409 6615573 6617673 6619003 6622690 6625394 6628207 6631200 6632125 6638925 6640410 6641507 6642205 6643159 6645326 6646715 6647766 6649617 6651473 6655230 6656452 6658155 6659577 6661801 6667409 6668777 6670612 6671955 6674428 6676296 6677281 6678483 6681320 6682513 6685289 6686170 6688342 6689942 6691410 6692981 6699424 6702655 6703706 6707519 6709584 6711063 6711648 6712531 6713400 6722714 6723591 6726805 6727723 6729641 6732297 6733762 6734717 6737176 6739208 6739986 6743204 6745014 6745892 6749645 6751419 6753538 6756360 6757431 6761145 6764182 6766223 6771702 6773443 6775255 6780013 6783994 6786586 6789606 6790595 6794894 6796352 6797518 6801403 6802503 6807275 6808355 6810887 6819412 6824525 6825189 6825852 6826683 6830323 6835155 6836496 6840095 6841100 6843083 6843768 6844425 6849605 6853837 6854534 6856064 6858106 6861530 6864792 6867627 6869503 6871706 6872701 6876639 6878448 6881422 6884374 6891839 6895393 6896352 6899398 6901079 6903128 6907001 6908568 6910700 6912327 6916532 6918324 6919447 6921212 6921826 6923823 6924967 6932325 6933363 6934645 6936930 6937939 6941297 6942320 6944387 6947073 6950106 6954082 6955478 6956996 6958293 6965524 6967078 6970026 6972974 6973803 6975720 6979129 6985524 6989467 6991659 6999707 7000698 7002553 7005061 7007193 7011479 7013206 7016450 7018440 7020903 7025601 7027650 7028749 7029464 7030816 7031813 7033131 7035641 7037292 7039101 7040298 7042393 7045580 7047712 7049848 7051804 7054801 7057396 7058021 7060237 7062323 7065117 7069754 7071077 7072466 7075852 7080031 7082697 7083561 7084880 7086294 7087438 7089633 7091009 7095377 7096815 7099943 7100828 7102055 7108272 7109192 7111556 7112816 7113282 7113949 7115152 7116369 7117708 7119670 7121532 7125790 7128548 7129537 7130333 7132711 7135866 7139493 7140832 7141724 7145532 7148071 7148977 7150858 7151702 7152996 7155650 7160158 7165622 7167561 7169477 7171080 7172141 7178009 7181156 7183610 7184680 7185940 7189731 7190984 7193763 7196000 7197977 7198974 7200111 7202508 7205124 7207697 7208377 7209270 7210799 7212694 7214962 7218286 7219277 7221302 7223197 7228740 7232189 7232758 7233683 7234744 7235886 7240135 7243101 7246771 7248332 7249586 7251625 7252552 7253621 7256313 7258371 7262090 7263522 7265187 7269048 7276111 7278077 7279390 7281175 7285517 7286489 7290260 7291014 7291643 7294597 7296078 7298663 7299648 7304391 7305655 7307316 7309976 7311017 7312135 7315089 7316069 7320688 7322367 7324522 7326947 7329338 7334722 7336772 7338672 7341821 7343343 7345589 7346879 7348327 7349724 7350927 7352789 7356438 7357298 7358915 7360187 7360979 7362843 7364656 7366288 7368143 7370459 7372525 7373468 7377232 7379692 7380546 7382269 7383535 7386021 7392964 7394430 7395634 7396322 7397868 7400317 7400990 7402380 7404496 7406364 7407613 7410972 7412713 7415480 7419295 7420802 7422590 7426735 7429109 7430934 7433262 7438071 7438944 7441476 7442485 7444980 7446265 7448829 7451426 7455253 7456862 7461460 7463459 7464419 7468116 7469129 7471830 7473828 7477811 7482669 7484482 7488161 7490267 7492205 7493131 7496287 7498595 7500298 7501080 7503441 7505217 7506405 7508480 7509956 7511851 7513977 7515649 7516713 7520348 7522295 7525178 7529001 7530472 7531130 7536476 7537776 7538911 7540682 7542586 7544675 7548205 7551341 7553939 7555897 7557361 7558248 7559646 7561442 7563862 7566388 7572728 7576857 7580032 7585829 7587429 7588834 7590004 7591165 7593166 7595864 7596737 7599196 7601411 7602573 7603792 7604929 7607717 7609422 7611551 7612547 7613568 7615371 7620312 7621254 7624261 7624833 7626171 7628946 7630583 7632223 7633341 7634482 7636584 7642060 7642968 7645482 7649868 7652792 7654306 7656523 7660228 7661566 7662931 7664164 7666265 7667643 7668386 7672457 7673245 7673930 7675799 7680476 7684558 7686363 7694981 7696161 7698974 7700288 7701235 7702586 7703458 7705422 7706929 7709666 7712868 7716966 7717672 7720328 7724722 7726404 7728613 7730154 7732002 7735078 7736151 7741015 7746875 7748163 7750907 7754631 7759389 7761643 7766726 7770769 7771643 7775867 7776981 7780580 7788936 7790433 7791358 7792652 7794211 7797407 7799834 7800943 7803546 7805379 7812541 7817186 7819109 7822054 7822553 7826601 7828450 7829445 7830929 7832231 7834924 7837367 7838356 7844082 7844805 7846653 7847726 7848765 7851212 7852673 7853740 7855393 7857473 7859307 7861351 7863661 7865123 7866676 7868198 7871873 7875597 7883423 7888054 7892097 7893829 7898426 7899865 7902629 7905748 7907462 7908339 7911586 7920289 7924807 7928068 7929893 7933592 7935082 7938611 7939565 7942576 7943923 7947033 7948347 7949783 7954698 7956820 7960134 7962285 7967926 7970409 7972697 7975046 7975862 7977146 7978746 7980152 7982124 7983274 7985769 7986775 7988416 7990551 7991653 7993823 7996600 7997768 8003246 8005340 8006754 8008813 8010867 8016466 8018022 8021204 8022779 8024361 8026591 8028687 8029908 8030919 8031719 8035266 8037433 8042380 8044177 8045945 8048682 8052161 8054024 8056220 8057068 8058339 8063058 8065127 8066836 8068234 8069576 8070785 8073416 8074641 8077981 8079140 8081641 8082918 8083996 8086178 8090761 8091741 8093487 8094474 8096486 8098804 8103485 8104731 8105516 8108042 8112597 8115139 8115944 8119499 8121080 8123639 8124410 8126403 8127023 8127967 8136347 8141965 8145274 8147191 8148344 8153231 8154540 8155319 8159143 8160453 8162670 8163389 8165076 8169304 8175050 8177444 8182130 8183076 8185671 8189489 8190464 8193301 8195893 8196826 8197853 8204322 8205426 8206540 8207432 8214261 8217942 8221620 8223175 8226672 8228088 8230946 8233267 8234624 8238515 8240531 8242800 8247527 8248276 8251109 8253902 8254835 8257129 8259065 8260351 8261192 8263524 8265348 8268572 8270487 8273798 8274798 8276406 8277772 8280347 8285098 8286319 8288291 8289709 8290392 8292508 8293196 8295822 8302626 8305193 8307255 8308020 8310047 8315673 8316667 8317809 8320101 8322674 8324271 8325085 8326286 8327499 8329184 8331225 8336316 8338846 8340368 8342195 8343417 8344828 8348413 8349791 8355376 8357732 8359142 8360739 8361703 8364557 8366028 8369188 8370415 8371224 8373294 8377725 8378526 8381981 8384697 8386902 8389094 8390507 8392383 8394261 8395623 8399511 8400381 8402069 8404211 8405103 8407000 8410920 8413048 8414229 8417564 8418512 8419586 8420348 8425549 8428399 8429303 8430896 8436743 8438134 8438630 8444525 8446591 8447191 8448793 8450929 8455547 8457862 8459442 8460826 8464583 8465531 8467066 8467887 8469137 8471534 8472280 8473465 8474279 8477435 8478407 8480944 8483868 8487602 8488995 8489793 8490627 8492118 8494613 8496010 8497094 8501162 8502225 8504126 8505055 8505986 8506912 8508741 8509893 8514245 8514897 8518083 8521071 8524436 8526119 8531489 8535260 8537749 8541877 8543544 8545416 8550645 8552011 8554563 8555979 8557982 8562338 8564557 8566756 8568598 8569745 8570704 8571610 8575917 8578337 8580394 8584547 8585641 8587006 8589491 8591140 8591910 8596179 8597646 8600769 8601960 8603320 8604094 8605512 8606346 8607455 8611739 8613270 8614821 8616543 8617680 8618845 8619727 8621259 8624557 8625264 8626457 8632168 8636758 8638954 8640589 8644644 8652682 8653857 8655541 8656718 8658888 8660544 8664829 8665995 8669013 8670358 8671242 8672552 8674185 8676817 8685298 8687144 8692783 8696213 8702383 8705592 8707621 8709111 8709820 8715803 8718742 8722151 8724443 8726117 8729500 8731141 8732887 8737405 8739555 8741721 8745826 8752875 8753933 8754618 8755759 8758089 8758860 8761665 8763707 8765288 8766658 8771047 8772141 8773001 8774192 8779818 8782059 8789058 8792128 8793455 8797950 8801037 8809181 8815239 8817035 8819384 8820630 8826706 8828295 8831434 8836169 8837530 8839337 8840367 8841940 8842613 8844024 8846142 8847286 8851195 8853507 8854623 8855514 8856225 8857521 8861587 8862928 8864071 8867131 8873088 8877710 8878925 8880662 8881548 8882296 8884273 8886249 8893572 8895506 8897061 8900488 8903316 8905288 8907113 8910076 8911401 8914730 8917334 8919880 8920634 8921737 8922811 8924638 8926840 8928108 8930198 8931735 8934389 8937108 8941616 8945033 8947676 8951532 8952555 8953521 8955045 8958050 8960178 8962962 8965518 8967992 8970808 8973010 8973870 8975247 8976595 8981123 8982295 8983069 8984848 8989681 8990478 8995269 8997218 8998640 9000302 9004855 9005985 9008290 9011265 9013616 9016880 9019058 9020170 9022353 9025017 9025992 9027633 9030275 9031987 9035043 9037354 9038870 9039782 9041898 9045010 9051663 9052635 9053637 9057305 9058715 9059674 9063142 9065000 9071085 9072292 9077782 9078981 9080025 9082779 9085588 9087074 9089597 9093611 9094288 9095551 9097354 9102232 9103622 9105685 9107280 9110830 9111828 9117325 9118121 9122169 9124633 9125783 9128391 9129475 9132027 9139147 9139960 9141612 9142372 9144059 9145833 9151203 9154317 9157224 9159615 9161131 9164243 9168457 9169632 9171668 9172623 9174779 9177010 9178472 9179673 9180976 9184016 9185712 9188077 9189677 9191442 9195196 9196686 9198670 9202973 9216523 9217579 9225760 9228363 9231304 9235691 9237483 9238631 9240020 9242712 9244300 9245611 9246546 9248576 9250878 9254240 9254887 9257934 9261143 9263216 9263851 9267496 9269889 9273062 9274732 9276153 9277608 9278366 9281766 9283296 9285545 9287488 9288368 9290243 9292006 9293972 9295522 9298651 9300111 9302682 9304899 9306966 9309843 9312054 9314803 9316320 9318413 9319987 9321922 9323083 9325525 9333488 9335749 9336786 9337737 9339509 9341496 9343244 9344337 9345227 9346044 9347554 9349295 9350775 9355207 9358081 9360075 9361902 9365993 9369420 9374246 9375247 9375918 9377246 9378578 9385430 9390382 9392504 9395215 9398048 9399016 9403071 9405518 9406384 9412497 9415636 9417289 9418553 9419677 9424554 9427432 9432668 9434670 9439208 9440982 9443080 9444652 9447029 9451440 9459249 9460952 9462933 9466738 9468178 9470447 9473923 9475611 9476759 9482651 9484124 9486552 9492550 9495739 9496481 9498977 9499975 9502641 9503436 9505556 9509030 9515480 9516178 9517368 9521695 9524940 9527015 9528236 9531231 9534746 9536337 9538494 9539253 9545563 9547213 9550112 9552682 9553597 9557608 9562385 9566784 9568041 9569384 9570127 9571676 9574074 9574807 9577917 9587022 9587980 9589465 9594019 9595332 9597208 9598644 9601587 9604608 9606845 9608319 9610057 9611183 9612760 9615913 9616601 9625119 9626123 9628415 9631209 9631998 9634172 9638050 9643549 9645417 9646515 9651863 9654175 9654971 9658430 9659997 9662068 9663960 9664995 9666804 9668990 9670542 9671969 9675555 9676461 9677301 9679020 9680737 9683032 9685947 9686924 9689502 9693453 9698861 9700726 9702850 9703991 9706406 9708433 9710356 9711441 9712516 9715993 9717423 9718812 9720865 9723261 9724672 9725685 9729013 9730482 9735121 9736990 9738346 9739281 9744407 9745628 9747397 9749099 9750456 9751309 9753160 9755987 9756745 9757887 9758958 9761707 9764337 9765659 9767564 9768634 9769339 9770213 9771742 9772797 9773561 9775814 9777529 9779253 9781464 9783269 9785155 9786144 9792221 9793292 9797896 9803631 9805183 9808770 9810007 9812369 9813750 9816225 9821461 9822868 9823612 9824985 9828742 9832159 9834241 9836466 9838818 9846178 9848104 9853155 9855488 9859575 9860914 9861733 9862472 9864008 9865660 9868320 9871699 9872381 9873374 9874246 9876223 9876938 9879267 9880461 9882806 9888378 9891391 9895187 9898539 9901433 9902619 9904300 9914009 9916971 9919539 9920570 9925655 9926506 9930487 9936324 9938637 9944660 9945503 9949185 9951926 9953567 9955196 9959005 9960070 9962679 9966035 9968731 9969867 9971958 9974233 9976285 9979492 9981717 9982536 9984136 9987628 9988400 9991649 9994275 9997235 9997860 
</Matrix>
<Matrix name="Neuron_231" type="complete" rows="1" columns="1097" multiplier="1.0">
   12475 14924 26485 32900 38293 65967 82403 87506 90477 95298 103241 112486 114437 129098 157524 170571 181285 190042 203170 209528 222007 226276 228201 237737 247753 251014 265677 269216 281470 285241 287693 290039 291749 294109 304748 311069 316200 326772 329985 360241 369526 380931 382291 392613 407326 429301 437859 474767 483920 489058 490839 511643 530140 546771 557452 562342 563552 567873 571292 577567 595015 623264 625666 636822 657466 663001 666048 672125 675163 708101 729504 732578 742527 767418 770772 776805 804498 805667 809658 817164 819070 826021 830903 854357 885562 891802 904750 918952 942680 947991 979473 982108 993122 997710 1005350 1007309 1014275 1019909 1033816 1037282 1055918 1062658 1066008 1067482 1093775 1102313 1119850 1121668 1126649 1127630 1130156 1143221 1145640 1148903 1150574 1156821 1165047 1166030 1171776 1175120 1176160 1192025 1200892 1213704 1214951 1216670 1229863 1234206 1244873 1251884 1253851 1269135 1275682 1279368 1280767 1284077 1291166 1293229 1302929 1312105 1326622 1331552 1338492 1343152 1347869 1366590 1381677 1388444 1415923 1420411 1423218 1434936 1454117 1459244 1461453 1467307 1471561 1483344 1489576 1493691 1520173 1521801 1544890 1546939 1549722 1561962 1563750 1592946 1593779 1611181 1627851 1632050 1643811 1648224 1656058 1666628 1672645 1679120 1696327 1709793 1716916 1727804 1731653 1735684 1749810 1759260 1760582 1785240 1798969 1805460 1811410 1820152 1830437 1833713 1841140 1846088 1848200 1856039 1859368 1864685 1869832 1885456 1898166 1901802 1902911 1907102 1912381 1916071 1918715 1931521 1941654 1984451 1995823 2001031 2017689 2027634 2033378 2034329 2043228 2047173 2048935 2055222 2065160 2068727 2078126 2098293 2099615 2107111 2127538 2148231 2167750 2169972 2191927 2194264 2215637 2219206 2229229 2239645 2244943 2249930 2252313 2254664 2264481 2275995 2296950 2314543 2315216 2326261 2334111 2336830 2339738 2345653 2348630 2369464 2380126 2393887 2422347 2423376 2427948 2429297 2437210 2454174 2460551 2468109 2477055 2478855 2480917 2487830 2491005 2492857 2499340 2500627 2507673 2527326 2533893 2536664 2540588 2590311 2603741 2607383 2621565 2627524 2638453 2642762 2653188 2664899 2686597 2711987 2714050 2724168 2727377 2735649 2741064 2756305 2762884 2765863 2773734 2779219 2781774 2789441 2793028 2798466 2800475 2826906 2842565 2850017 2854029 2857519 2861498 2864986 2901580 2906039 2907657 2914553 2916892 2925201 2927033 2928811 2930084 2940137 2947471 2949007 2997412 3001692 3004843 3007210 3031897 3054135 3078302 3083544 3084884 3087074 3088225 3097012 3100401 3111886 3119953 3134110 3146127 3149982 3153346 3162999 3167473 3180786 3189427 3197359 3201070 3211543 3214858 3222633 3233839 3238568 3246941 3253042 3256281 3257975 3279670 3294813 3300373 3305136 3332118 3339266 3350119 3351694 3375958 3379284 3381780 3386044 3407282 3414004 3418875 3422620 3434240 3447149 3450902 3455835 3461646 3466148 3480661 3506567 3512603 3515182 3516415 3520958 3547646 3554479 3586852 3600330 3605591 3620624 3631942 3636743 3638390 3659896 3663267 3669687 3671358 3678614 3683383 3692250 3695958 3700167 3708726 3718253 3722507 3738204 3739954 3758677 3760515 3774887 3777943 3784219 3786833 3788599 3793322 3803338 3827113 3827969 3833852 3877638 3896095 3915094 3917169 3921244 3927384 3939236 3946335 3951110 3964708 3980666 3982211 3996453 3998287 4000366 4007360 4011807 4016726 4029350 4035623 4047878 4077473 4078900 4086321 4090160 4093503 4099428 4103132 4139912 4154375 4171858 4187454 4203897 4215309 4231054 4238414 4247108 4254097 4256078 4257895 4263223 4309613 4317203 4346566 4350870 4355705 4366049 4383748 4386586 4389563 4390680 4396461 4401895 4415287 4418526 4419935 4429121 4443214 4449453 4459437 4461678 4474911 4476837 4490022 4495685 4513635 4520929 4531909 4541614 4550746 4553924 4564603 4576564 4600188 4604652 4612569 4616382 4619171 4623917 4625302 4629362 4631928 4642609 4643729 4647670 4663717 4666197 4686274 4688113 4701471 4705292 4706008 4707059 4710187 4721126 4723416 4730627 4736106 4751819 4758032 4762069 4764439 4774331 4794529 4796616 4805920 4837878 4856500 4873644 4877296 4886011 4896252 4899552 4903555 4918904 4940967 4958499 4962363 4963709 4967294 4970735 4986179 4999462 5001146 5006325 5009036 5013796 5023159 5037968 5040176 5042689 5046166 5053568 5058281 5060413 5072326 5074363 5078996 5084659 5095706 5098752 5108261 5116457 5118768 5127473 5133798 5138349 5148907 5157000 5176442 5177234 5195444 5201432 5206651 5208342 5221233 5222457 5227457 5229103 5231244 5248879 5258685 5266302 5293949 5313410 5323325 5329054 5331774 5334177 5337207 5345306 5350165 5355503 5358513 5362847 5372978 5376756 5385218 5391768 5413190 5420476 5426170 5434889 5451580 5453609 5460851 5467460 5486190 5491640 5499657 5502731 5504973 5515214 5522251 5529844 5540002 5543206 5548364 5574598 5594691 5602062 5624164 5634259 5635490 5641158 5643311 5659578 5664951 5670187 5675149 5680055 5689857 5693013 5698529 5708769 5713304 5716887 5722312 5723651 5726662 5740949 5747729 5748936 5762730 5773443 5782664 5783786 5793478 5797406 5801155 5820394 5834940 5858164 5865020 5865809 5882203 5887404 5891736 5898108 5899473 5921324 5922891 5927153 5931797 5934513 5950854 5963494 5965542 5972134 5976267 5983537 5991072 5994918 6020878 6030236 6061503 6069668 6079044 6107411 6118186 6126217 6144468 6155180 6162548 6163461 6175680 6176863 6181790 6191097 6193007 6198582 6216096 6219466 6225561 6233205 6236667 6247656 6252783 6271435 6284516 6285625 6289637 6295834 6308940 6314156 6316184 6327047 6338588 6341652 6350259 6357310 6371855 6380382 6384789 6413908 6418852 6421453 6425248 6435057 6443271 6452601 6455177 6487545 6492247 6501170 6516613 6529944 6531690 6538006 6538941 6542720 6546918 6552781 6562938 6564671 6580546 6597426 6607190 6616578 6627978 6635547 6696537 6698250 6700291 6705666 6707054 6710865 6725439 6746623 6750224 6756587 6780546 6801217 6805316 6821779 6838057 6848802 6868568 6880065 6880691 6882901 6903537 6908877 6913189 6947509 6964318 6976408 7003321 7021373 7024795 7045154 7074388 7076397 7080715 7094279 7099419 7115684 7117192 7137125 7150510 7165388 7208826 7215126 7216452 7220058 7228828 7230288 7237746 7240599 7255925 7258559 7268020 7270074 7271687 7276937 7279372 7283628 7291813 7301672 7308683 7310604 7316331 7341467 7350981 7352790 7358096 7371423 7376951 7392633 7398325 7404262 7421843 7431677 7436623 7445404 7456581 7464941 7480738 7491854 7493123 7504551 7505855 7515055 7521539 7524607 7530001 7532013 7535565 7537191 7540387 7566310 7567108 7586474 7587518 7590965 7602196 7604506 7607784 7609833 7615217 7620380 7622021 7642263 7643932 7649577 7653994 7656019 7672340 7679257 7683589 7689378 7705536 7724994 7729459 7741000 7747739 7766517 7773052 7793922 7819750 7824132 7830536 7852414 7878028 7879473 7890904 7895105 7913908 7939856 7941114 7943942 7947322 7952186 7959023 7966185 7983901 7988516 7995606 8005342 8017846 8019825 8022502 8035906 8038176 8043802 8046569 8057135 8061287 8064054 8078481 8088871 8094319 8101919 8108622 8137045 8155575 8165447 8175675 8198979 8211256 8227298 8229074 8247034 8271173 8276364 8313265 8322576 8337896 8352183 8357431 8367601 8376547 8400844 8403984 8409304 8432255 8434149 8444266 8457617 8462672 8468939 8485145 8499502 8505225 8506102 8517754 8519943 8520740 8526760 8545851 8549303 8556067 8563376 8565259 8573979 8579677 8588593 8602927 8610402 8613174 8621449 8622629 8637132 8642681 8673484 8682452 8684765 8694215 8696706 8701264 8707297 8712650 8725225 8733363 8740597 8746763 8751999 8759130 8772388 8799497 8802141 8803856 8821599 8826753 8830033 8836313 8841757 8843262 8856781 8876933 8882209 8885528 8889593 8898739 8913900 8918209 8920332 8931131 8955089 8970924 8972867 8985056 8994370 8999259 9012501 9024410 9026785 9030256 9033099 9037693 9050931 9099371 9114580 9121024 9131834 9133246 9135943 9147915 9177472 9185816 9190307 9196899 9197883 9205519 9209145 9213035 9217442 9219947 9227446 9232373 9233684 9245433 9246744 9264157 9268674 9281960 9290964 9300924 9311692 9318598 9322995 9325413 9335277 9355258 9358393 9359349 9369033 9376865 9380307 9391620 9416327 9419593 9427556 9429881 9432184 9434159 9440132 9458575 9469731 9472957 9478712 9487061 9510358 9512961 9514553 9520432 9522988 9528131 9529833 9574947 9576936 9582086 9586947 9596917 9598893 9610558 9614865 9620130 9626929 9632786 9656082 9657894 9660304 9665586 9692153 9699573 9703990 9705849 9717218 9718368 9723280 9741691 9760360 9765331 9777923 9780731 9794500 9798118 9815972 9818272 9821329 9830131 9839103 9850847 9851791 9869210 9881524 9887985 9905933 9922179 9925088 9926075 9927598 9959949 9965629 9985101 9993995 9997330 
</Matrix>
<Matrix name="Neuron_234" type="complete" rows="1" columns="4546" multiplier="1.0">
   3779 5964 9196 9740 12007 13463 14703 17749 19784 20458 21386 22466 23321 25247 28215 29556 30669 33286 34051 36334 37065 38124 39318 40389 44308 48337 49896 51022 52937 56346 63685 69034 70898 73652 74950 76698 77671 81940 84555 87026 91788 92991 94251 96878 99961 100780 104112 107667 110231 116677 117523 118635 119645 121852 126555 127457 128560 129506 134804 136470 139125 140003 142572 143571 145453 146864 149290 153123 155083 157560 161089 161817 163408 164643 165987 167221 171258 173177 174518 177097 178863 180243 182026 186975 188601 192249 194020 197880 200311 202046 202841 204491 205785 208600 215476 217298 223459 227189 228087 229400 230667 235083 239658 240870 241930 242977 243720 244454 246026 247113 248237 249961 252414 253320 255790 256910 258113 259607 263309 265392 271027 271903 272982 274899 278878 280315 281308 282180 285686 287691 289689 291322 294031 296822 298288 300263 302365 307041 308835 310585 312715 314455 315997 317202 318126 320093 322445 326734 327463 328713 329873 331037 332019 332932 334126 335517 339624 340597 346275 348765 351006 357299 360233 361488 364641 368941 371562 376466 381592 382727 384384 385504 387593 388963 389882 391103 394835 398809 399895 402026 403529 405543 406620 408087 410272 411925 413407 416143 418315 422497 426441 426970 430116 432039 433617 435716 436538 437125 438369 441621 445500 447267 448176 450446 451583 452847 457475 459709 461027 464071 465671 467681 469885 470992 473450 474669 478459 483965 486675 489888 490991 492084 494914 496025 497365 500092 504457 505364 508315 510702 511570 513292 514166 515114 516495 524057 525338 529540 533344 535179 537468 538695 540919 551901 553437 556390 557464 559965 562106 566499 568741 570029 573944 574573 575120 579923 580815 581574 586776 588316 590249 592629 596478 597376 598792 599783 601221 604498 605503 606368 608158 611790 612987 614183 619036 621251 623619 628430 629715 631355 632648 634563 636692 637537 638672 640384 642234 645198 648171 649475 650329 651933 653868 655919 658696 662068 664168 665221 672517 673720 675161 676232 677271 681110 681971 683015 684505 686205 687374 689061 692002 692922 693645 694587 695608 696676 697537 698113 699075 702702 705380 706152 708260 709485 711289 712771 715901 717245 719691 720669 721863 724058 725193 727196 729965 732872 733957 738073 742395 743560 745373 746593 747672 749390 755878 757098 760782 761792 762413 764997 767046 768875 770080 770739 771434 774216 775717 778034 779290 780369 782325 783713 785138 788230 791037 792360 793468 795399 796472 797827 799480 800377 800981 801848 802958 803823 806505 807745 810750 811812 813852 817515 822400 828062 829071 834339 836373 839428 840629 842110 843166 844254 845571 847096 849872 852531 853301 855619 857057 859933 861568 864284 866495 868645 870119 873396 875172 876714 881339 883496 886335 890121 892159 894018 895092 898011 903956 905355 907651 910020 911022 912191 913627 914135 915826 916871 918198 920359 922449 925346 928202 929954 931139 932654 934850 936337 939000 941179 942548 944856 946113 948190 950271 952455 953478 955647 957448 958887 959466 963785 964686 967416 970243 974560 975918 978855 980101 981701 983541 985822 987115 988227 991176 992128 993446 996611 998712 1001804 1003538 1004978 1008719 1009636 1011958 1014114 1017319 1020854 1022157 1025743 1030417 1031967 1033682 1034689 1036440 1037565 1040450 1043474 1044824 1047382 1048829 1049832 1051322 1053772 1054943 1055874 1065605 1067066 1068316 1069129 1070920 1074376 1075112 1077782 1080011 1081173 1084462 1087013 1090290 1093076 1094149 1096659 1098722 1099609 1100501 1101752 1103395 1104532 1109138 1110386 1112865 1114665 1115650 1118824 1119990 1121462 1126783 1130934 1133283 1135412 1138008 1138723 1141752 1142847 1143539 1144541 1146608 1147534 1149066 1150134 1151833 1154824 1158854 1161247 1166182 1167694 1169598 1173930 1178286 1180779 1182305 1184217 1185136 1186061 1187979 1188786 1189737 1190375 1194780 1196215 1198121 1198877 1200825 1202697 1206684 1208854 1212626 1213340 1217497 1220497 1221763 1222554 1223907 1224895 1228310 1231668 1234323 1235193 1237218 1238564 1240915 1242620 1246241 1247044 1248867 1252274 1253414 1255323 1256427 1257374 1259197 1260859 1263708 1264737 1265570 1267342 1268546 1270163 1275203 1277589 1278959 1281502 1282708 1283506 1286430 1288278 1289642 1294120 1294987 1296928 1300893 1305929 1307720 1310215 1312183 1314841 1315668 1317583 1318385 1320922 1321928 1323668 1326480 1328721 1330796 1332311 1334797 1338771 1340684 1342332 1343379 1347446 1351392 1352798 1355514 1359108 1365578 1367680 1372577 1373581 1377362 1378420 1380875 1387395 1388852 1389861 1391124 1395938 1396653 1398428 1400255 1401308 1403336 1406850 1408201 1410966 1412052 1415032 1416693 1418475 1419245 1420057 1420792 1421922 1423054 1424842 1426545 1428030 1429280 1430467 1432252 1434786 1435809 1438774 1441342 1442897 1446950 1449265 1451678 1452656 1454314 1455434 1461825 1463614 1465339 1467461 1474142 1478751 1480166 1482540 1483947 1485868 1486927 1488291 1489802 1490632 1493473 1496241 1499306 1500883 1501940 1506241 1508269 1508852 1510787 1511688 1513400 1515322 1516123 1521363 1525853 1527931 1529035 1530654 1532309 1533611 1537807 1540722 1542409 1543963 1545743 1547121 1548723 1550355 1551684 1553444 1555893 1557194 1558426 1559494 1563270 1564721 1567065 1567785 1568762 1569638 1571570 1573123 1575703 1576808 1579024 1585772 1586740 1591910 1594178 1595695 1598166 1600582 1601472 1603017 1605400 1606544 1608482 1611342 1615140 1616132 1618824 1619756 1621277 1623883 1624374 1625152 1626105 1629261 1632814 1633736 1634700 1635713 1638330 1639578 1641445 1642303 1646999 1648388 1649302 1651288 1653362 1654208 1655405 1656996 1658221 1659780 1662237 1667216 1668259 1669795 1670858 1671953 1676068 1676830 1679136 1680255 1682340 1683970 1685707 1687715 1690506 1695144 1696613 1697892 1702071 1704169 1705553 1707038 1709141 1710306 1721519 1724120 1725384 1727183 1728197 1729252 1730527 1732750 1735605 1737847 1741501 1744227 1745680 1746910 1749599 1751974 1753066 1754984 1757035 1759472 1762069 1763161 1765756 1767589 1772135 1774390 1776745 1780639 1781805 1783124 1784247 1787326 1788192 1789316 1794294 1797006 1799466 1803746 1804555 1807011 1811130 1812268 1812861 1814647 1818564 1820588 1821962 1823794 1826400 1831585 1835464 1836611 1839147 1840171 1841287 1845042 1846161 1849422 1850464 1852042 1854463 1855157 1856154 1860443 1863736 1869526 1870628 1874176 1875259 1880571 1881761 1883066 1884688 1885776 1887873 1889561 1891213 1893324 1895234 1897096 1898609 1899521 1901113 1905707 1907750 1912629 1914022 1916428 1918689 1922157 1925288 1927494 1929237 1930251 1932317 1935105 1937321 1938862 1941525 1944545 1949299 1953282 1956029 1958700 1959978 1962795 1964535 1965223 1966762 1968255 1969111 1971552 1975864 1978811 1980406 1984289 1985235 1988369 1990532 1991294 1995218 1999915 2001873 2006531 2012806 2013943 2016923 2017434 2019095 2021680 2022688 2023980 2025190 2026511 2030251 2032462 2033621 2034230 2037390 2038525 2045588 2046785 2047954 2050003 2051329 2056497 2058156 2059449 2063965 2065253 2066146 2068003 2069091 2070020 2072859 2075540 2079253 2081989 2085455 2086949 2088582 2090410 2091382 2094378 2095400 2096390 2097483 2099634 2101563 2103592 2106130 2108618 2111897 2116185 2117908 2120586 2125601 2130678 2132177 2133243 2135976 2138068 2139150 2141904 2143607 2147155 2148989 2151090 2154181 2157939 2158675 2159750 2161717 2166578 2168442 2172538 2174678 2175754 2178940 2181858 2183274 2186148 2187109 2189472 2192985 2196710 2197384 2199235 2201702 2202738 2204182 2206244 2211385 2213010 2216181 2219825 2223117 2224997 2226367 2231772 2232997 2234499 2236599 2241259 2242793 2243856 2244916 2245620 2247676 2250026 2250918 2253415 2255523 2256526 2260885 2261583 2262641 2263630 2264692 2267488 2270701 2271423 2272534 2275867 2279068 2281584 2282683 2284514 2286094 2286720 2293397 2294882 2296690 2297944 2299145 2300830 2305285 2306806 2309277 2313231 2314240 2321472 2327662 2328631 2329424 2330488 2331956 2333393 2336750 2338318 2339065 2340631 2348807 2349673 2350874 2351956 2353302 2359263 2365652 2366813 2368377 2374199 2375220 2376280 2377075 2380294 2381778 2383764 2385268 2386765 2389932 2391541 2393966 2395689 2398168 2398922 2400206 2401172 2402956 2407144 2408871 2410190 2410677 2411769 2415189 2416138 2417543 2418402 2420239 2423452 2425592 2426806 2432826 2433935 2435366 2439307 2440551 2442349 2443823 2446447 2447326 2452437 2454470 2455991 2461261 2464095 2465477 2470141 2475133 2475873 2480560 2483228 2487241 2489902 2490981 2492205 2493952 2498968 2501065 2503670 2504728 2506527 2507772 2509947 2518698 2525161 2527261 2529321 2531989 2534448 2535520 2542439 2545284 2546988 2548051 2551669 2553586 2554655 2557263 2558187 2562894 2564720 2569061 2570160 2572163 2573388 2578031 2579761 2581851 2583663 2585316 2586455 2593409 2594358 2599309 2600285 2601864 2604538 2608874 2610051 2612316 2613863 2616195 2617826 2619008 2621055 2626509 2628334 2629092 2635413 2637321 2638857 2639914 2640781 2642038 2643309 2644470 2645302 2648274 2649754 2654379 2655368 2661071 2663276 2664703 2666542 2669833 2672801 2674531 2675689 2677516 2679244 2681795 2683136 2684679 2685827 2688279 2690525 2693795 2695343 2697074 2698135 2698860 2702224 2703367 2705360 2706292 2707631 2709323 2710834 2712417 2713379 2717238 2719165 2722250 2723151 2726452 2731981 2733587 2734766 2736339 2737457 2739576 2744142 2746626 2751194 2756338 2758689 2759745 2763496 2769964 2773421 2777004 2780834 2786634 2788953 2790549 2793146 2794358 2796741 2801893 2803293 2804757 2807812 2811147 2813301 2819399 2824424 2827223 2829946 2832556 2833416 2834839 2838291 2839448 2841582 2845367 2847629 2852132 2853767 2854366 2855780 2857716 2860052 2863879 2864762 2866232 2869333 2871619 2879032 2881971 2883194 2884676 2887591 2889039 2889761 2893766 2895730 2897038 2898569 2899933 2901059 2905831 2907710 2912799 2913445 2914643 2916552 2917306 2922872 2925959 2928587 2930503 2937177 2938003 2938791 2939716 2943203 2945055 2946280 2947545 2948584 2950978 2951605 2952544 2954663 2955715 2957009 2961102 2963225 2964654 2965794 2969148 2970375 2974504 2978166 2980396 2981943 2983392 2984799 2986412 2987775 2991775 2994884 2996756 2997682 2998738 3002344 3005171 3006707 3007561 3009685 3013401 3014671 3016124 3021323 3023201 3024269 3025961 3027892 3031783 3032905 3034704 3039355 3040563 3042606 3043078 3044328 3045739 3046643 3048641 3050211 3050702 3051511 3052554 3054507 3057901 3059638 3061878 3064243 3068931 3070562 3071726 3072411 3073810 3074976 3076804 3077628 3082261 3083319 3085291 3087395 3089193 3090931 3092180 3093225 3095928 3096798 3098086 3100977 3102367 3103849 3104936 3105782 3108285 3110649 3113282 3114658 3115387 3116705 3117513 3118823 3121849 3126582 3132048 3133464 3134832 3137373 3138041 3138767 3141013 3142284 3142932 3144853 3147419 3150601 3152337 3153391 3155764 3156761 3160595 3164700 3165484 3166961 3168507 3169750 3171995 3173028 3175989 3177630 3178966 3181188 3183561 3188312 3189643 3193800 3195624 3197205 3201603 3202407 3203098 3205169 3206605 3212885 3216386 3218567 3220258 3223394 3224440 3228804 3230566 3233528 3235525 3236848 3238201 3241181 3246161 3249557 3251604 3255844 3257520 3258734 3259857 3261007 3262630 3263494 3264376 3265296 3268944 3270043 3271161 3272035 3276711 3279714 3281933 3283440 3284154 3286050 3287788 3289082 3290060 3291773 3292928 3294492 3297187 3298987 3300468 3302249 3309464 3312480 3317006 3321044 3322785 3323511 3326059 3327639 3329604 3330223 3331822 3334764 3335689 3337772 3340393 3341472 3346910 3349003 3352115 3356776 3357484 3358491 3359819 3361437 3362990 3363706 3364597 3365777 3370767 3373623 3376970 3381331 3382944 3383748 3387002 3390801 3392536 3397406 3399449 3403747 3405039 3405820 3407185 3408518 3409937 3417154 3420567 3427777 3428957 3431755 3434189 3436630 3438834 3441212 3442859 3443700 3448299 3451960 3454125 3455484 3456506 3458542 3460449 3463898 3466182 3468320 3469532 3471803 3474024 3476571 3479908 3480698 3481955 3485381 3486785 3488539 3491542 3494642 3496297 3498603 3499693 3500763 3502327 3505455 3507202 3509525 3511113 3512357 3515860 3518618 3522213 3523875 3525193 3526635 3528176 3529047 3531821 3534523 3536083 3537275 3543661 3545594 3551146 3554162 3556349 3558213 3560383 3561063 3563101 3563981 3565907 3569681 3570284 3571468 3572693 3573553 3576035 3577840 3578659 3580132 3581502 3583960 3585056 3586491 3587896 3589418 3590296 3591565 3594997 3596617 3599147 3600857 3606003 3606817 3609327 3611761 3612567 3614367 3618693 3620480 3621614 3623252 3624726 3625974 3626769 3628311 3629506 3630710 3631983 3635875 3638713 3640973 3644291 3645525 3646613 3649479 3650999 3653643 3656023 3659688 3661300 3662028 3663558 3664438 3665582 3668074 3669005 3671037 3672954 3674749 3677510 3680053 3682612 3685126 3686246 3688735 3690009 3691331 3694927 3696397 3698845 3702949 3707253 3708146 3709848 3711692 3713754 3714388 3716411 3717360 3720120 3722550 3726118 3727417 3730852 3731802 3735581 3736330 3737866 3741680 3743285 3745296 3746770 3750195 3754287 3755371 3757602 3759116 3761784 3763046 3764203 3766909 3767840 3769119 3769921 3771518 3773160 3774694 3776179 3778099 3782352 3786512 3789647 3791276 3792951 3795907 3797855 3800806 3804268 3806214 3807313 3809095 3810394 3812243 3814056 3815209 3816822 3821018 3823043 3824314 3828173 3829750 3831148 3832913 3834856 3837808 3842416 3844061 3847568 3850346 3852021 3853437 3854882 3857769 3860306 3861505 3866798 3867669 3869186 3870367 3875037 3876417 3878650 3879559 3881911 3883202 3886636 3888603 3891403 3892588 3894467 3896397 3898599 3899494 3902517 3904639 3906815 3908287 3911464 3917180 3917919 3923760 3926193 3927058 3928963 3929986 3932402 3936987 3939926 3942786 3944106 3947491 3949142 3951901 3953666 3956292 3957581 3958905 3960123 3961360 3962110 3963913 3964858 3966480 3967579 3971249 3973572 3976120 3980720 3981787 3983088 3984228 3985825 3988625 3989407 3990096 3991569 3993044 3994523 3995869 3997975 3999052 4000716 4001734 4003677 4005606 4007354 4014089 4015414 4016547 4021087 4022112 4023809 4025773 4026580 4030289 4031860 4032768 4033729 4034507 4037972 4038756 4039749 4040725 4041504 4043027 4044125 4048670 4050606 4052269 4053603 4054491 4055591 4059388 4060410 4062315 4063417 4067663 4069564 4071342 4072997 4074600 4075511 4078553 4080524 4081412 4085031 4086523 4088793 4092658 4096027 4098897 4102386 4103461 4104650 4109640 4111737 4115037 4124554 4126711 4129034 4131507 4132728 4134450 4139836 4140915 4141770 4143925 4145744 4148178 4151864 4153849 4156101 4161246 4163141 4165162 4168739 4169823 4170796 4172157 4177129 4181731 4184691 4185277 4185946 4187551 4192987 4196301 4200744 4203880 4204774 4205957 4207644 4208612 4209856 4211142 4212992 4213965 4214845 4217537 4220033 4223421 4224500 4225993 4227977 4229624 4230968 4232425 4236586 4237675 4239913 4242517 4245218 4246977 4248277 4249547 4250851 4252070 4255338 4262263 4263480 4267908 4270141 4272237 4275501 4278462 4279661 4282008 4283431 4285587 4287298 4288353 4289223 4291474 4292779 4294632 4296163 4297658 4298788 4300397 4302220 4304438 4312915 4314733 4317901 4320270 4321356 4322882 4324766 4325949 4327728 4329458 4332456 4333595 4334957 4335904 4337837 4339533 4342225 4343613 4345714 4347253 4350563 4352288 4353893 4357205 4364571 4366988 4369659 4371557 4372837 4374150 4376003 4378195 4380441 4383460 4385072 4385846 4387558 4389626 4391388 4392490 4393772 4395222 4400904 4402634 4404838 4409879 4414626 4419745 4421789 4422690 4426229 4427974 4430854 4431816 4433999 4436145 4437297 4438382 4439304 4440915 4442513 4447840 4449078 4452315 4454916 4455713 4457838 4460048 4462378 4465004 4468254 4470807 4472359 4477104 4479143 4479830 4481784 4483225 4488430 4489503 4490418 4492218 4495121 4496050 4499763 4500901 4502625 4504915 4507740 4509837 4512009 4513927 4518306 4520542 4521870 4522802 4525426 4526805 4527918 4529003 4530693 4532423 4533554 4535496 4538107 4541850 4543578 4544696 4548333 4549271 4552217 4553712 4555541 4557829 4558831 4560103 4560685 4561532 4563718 4569458 4570441 4572278 4573461 4577676 4579406 4583031 4584823 4587371 4591242 4592480 4593300 4594582 4596270 4597163 4598976 4600372 4601216 4604153 4604973 4605969 4608844 4610278 4611411 4614522 4617182 4618807 4620586 4622137 4623603 4624526 4627730 4628476 4630668 4633707 4636528 4637982 4639484 4644851 4645749 4647719 4650022 4656314 4657222 4658989 4663199 4664618 4669365 4670443 4671741 4673293 4674817 4677365 4680640 4682822 4683518 4685061 4686461 4688195 4689253 4690679 4692137 4697498 4698736 4701228 4704833 4706030 4707714 4709947 4711647 4713843 4716434 4718389 4719912 4721642 4724094 4727197 4728322 4731040 4733030 4735084 4736083 4737638 4738879 4740926 4743588 4745717 4747377 4749022 4752898 4753970 4755981 4760353 4761399 4765301 4767498 4769644 4774316 4775148 4776119 4779186 4780617 4781775 4782801 4784607 4789713 4790400 4792021 4793382 4794344 4796424 4797688 4798562 4799971 4802853 4804497 4805713 4809498 4811178 4814041 4815848 4817318 4819002 4824821 4827326 4828631 4830654 4832008 4833217 4834801 4837743 4839614 4841695 4843321 4845347 4847867 4850868 4854181 4856849 4858688 4864536 4866073 4866666 4872131 4873004 4873989 4879762 4886971 4888574 4890049 4890591 4892368 4893408 4895011 4896002 4897832 4899005 4902856 4909588 4910545 4912763 4915759 4917713 4919170 4920194 4921358 4922510 4928280 4929855 4930941 4933566 4934705 4936113 4938601 4939847 4940950 4943793 4946190 4947866 4948787 4949786 4951521 4952625 4958794 4965361 4968053 4969835 4971847 4973932 4977205 4978732 4981997 4983743 4988247 4989234 4993377 4998067 4998925 5001399 5002786 5010520 5013542 5015190 5016112 5017856 5019038 5021373 5022841 5025106 5026566 5027628 5035229 5039156 5042512 5044401 5047246 5047930 5054107 5056660 5058131 5060188 5066959 5071261 5071858 5072749 5073609 5074754 5078545 5084447 5085224 5086995 5088358 5091977 5096169 5096909 5097667 5100949 5102777 5104215 5107794 5111126 5113916 5115447 5116192 5118332 5119187 5120462 5121221 5128469 5130866 5131903 5138701 5139739 5141934 5142965 5144518 5146376 5147991 5150562 5154919 5155585 5156909 5158118 5160413 5162827 5164788 5166535 5167349 5169694 5170916 5171487 5172532 5174100 5176075 5177115 5180158 5182783 5188695 5190481 5191315 5192509 5193945 5199157 5200032 5201446 5202369 5205671 5208446 5209967 5211301 5213184 5214771 5216124 5217962 5220473 5223000 5225678 5227307 5228664 5230206 5231457 5232647 5233555 5235746 5237567 5239547 5241541 5242283 5246238 5247924 5251041 5252470 5254048 5257904 5259866 5261076 5262875 5263842 5272673 5275262 5277294 5279347 5280880 5284889 5286806 5288094 5289400 5290219 5290896 5292229 5292750 5293543 5295556 5298571 5300253 5302127 5304029 5306394 5307678 5310370 5312887 5317590 5321101 5321721 5322822 5323824 5326074 5328950 5330056 5332565 5333769 5334897 5338058 5339540 5340564 5346358 5347920 5350307 5351617 5353392 5354809 5356010 5358028 5359738 5361832 5362550 5363857 5365312 5374346 5379227 5380191 5382125 5383177 5386444 5387952 5393514 5394885 5398912 5399715 5401676 5403049 5405497 5406185 5409797 5412761 5414398 5416200 5417683 5419685 5421252 5422724 5424239 5425466 5426589 5429662 5431191 5432663 5433482 5435131 5436149 5438025 5440547 5444522 5446410 5447780 5449512 5450754 5452123 5452947 5454844 5455803 5456819 5458458 5459294 5460785 5463519 5464756 5466346 5468866 5469594 5473550 5476020 5478587 5479416 5480428 5482019 5484554 5486302 5487663 5493017 5495620 5497845 5499413 5501604 5502444 5504720 5507896 5510095 5511639 5514113 5517945 5522041 5524627 5525620 5526943 5527698 5529262 5531746 5533160 5535906 5537051 5538268 5539318 5540768 5544651 5546799 5548520 5552382 5553120 5558573 5559686 5560959 5562540 5564539 5567622 5569375 5571543 5574601 5575757 5577342 5578315 5580496 5582352 5583845 5584603 5588685 5589878 5591184 5592653 5598432 5600445 5602377 5606256 5607734 5609431 5612906 5614400 5618085 5622312 5625691 5631370 5632435 5638985 5640021 5641209 5641979 5643397 5644974 5646837 5648519 5650261 5652411 5654175 5655378 5656752 5659777 5661083 5665661 5667640 5669325 5670946 5676204 5677788 5680090 5686323 5687268 5688521 5690684 5696698 5698718 5700023 5702583 5703896 5707479 5710274 5711958 5713052 5715814 5719151 5723961 5727739 5729007 5730148 5731717 5732600 5733310 5737030 5738815 5745995 5747248 5748254 5750582 5754884 5755841 5756746 5759252 5760399 5762936 5764591 5766002 5769096 5770979 5775217 5776975 5777947 5780680 5783840 5785350 5787485 5790670 5791376 5792928 5796089 5798424 5800415 5802519 5803728 5804516 5808071 5809336 5810866 5813749 5816033 5821278 5826047 5829392 5831976 5834280 5835653 5838043 5840207 5842523 5846480 5847118 5849952 5851405 5855233 5856263 5861715 5867310 5869244 5871031 5872297 5873398 5874840 5877703 5881805 5886034 5887303 5889240 5891062 5892822 5895632 5896451 5898250 5899481 5900646 5901306 5902308 5903354 5905360 5907377 5908993 5910817 5912187 5913377 5916269 5918373 5920804 5923383 5924517 5925735 5926756 5927503 5928303 5929176 5932191 5933159 5933608 5935963 5936903 5938375 5939285 5943433 5945949 5946624 5949572 5952425 5954106 5954620 5955901 5958757 5959572 5961434 5962982 5965324 5967692 5969345 5970362 5973105 5974494 5977460 5980998 5982143 5983499 5986723 5989447 5991789 5993371 5994342 5998206 5999066 6000853 6002846 6003688 6007716 6008890 6010757 6012713 6013595 6019569 6020522 6021339 6026168 6027096 6028443 6029334 6032208 6034933 6036123 6037292 6038414 6040524 6041941 6043033 6045534 6048128 6050999 6051554 6055413 6056491 6059141 6062116 6065776 6068296 6071712 6074110 6076636 6080244 6081493 6083032 6086482 6090977 6091896 6094480 6096110 6098900 6099649 6100439 6101699 6104682 6109872 6112084 6113506 6116124 6120086 6121985 6123017 6124497 6125749 6127174 6128983 6130243 6136452 6137751 6139904 6141454 6144107 6145294 6148135 6149253 6152771 6154188 6156133 6158109 6160128 6161048 6163940 6165078 6169408 6172834 6174769 6176775 6180680 6182265 6184397 6187227 6189823 6193191 6194272 6195879 6197868 6203754 6204845 6206534 6207460 6209265 6210417 6218430 6222048 6224785 6226825 6228128 6229436 6230823 6236083 6237158 6238013 6238585 6239963 6241367 6243417 6244369 6245994 6247593 6248754 6251169 6252202 6254017 6256526 6257056 6258610 6262073 6264330 6266277 6267083 6268080 6269622 6271971 6275227 6276297 6278942 6281273 6282405 6283717 6286200 6290201 6291993 6293815 6295958 6297072 6298582 6299918 6302471 6304060 6306752 6307891 6309265 6311908 6316284 6317501 6318581 6322433 6323705 6324690 6325682 6328465 6330487 6333284 6339391 6340828 6341966 6342748 6344464 6346208 6348517 6351944 6353437 6355829 6356994 6358000 6359007 6359992 6361967 6363303 6364774 6365689 6367818 6371248 6374175 6376493 6377254 6378567 6380712 6382121 6383347 6383894 6384775 6386392 6388631 6396202 6397703 6399165 6400607 6404085 6406292 6407596 6409772 6411596 6413669 6414608 6416495 6417257 6420404 6421530 6422338 6423615 6426150 6428341 6430184 6431681 6434347 6437346 6441232 6443100 6444205 6449466 6451689 6452574 6454324 6455646 6456531 6461086 6462584 6465961 6469321 6470066 6477149 6484255 6486125 6488213 6490175 6496260 6497635 6499324 6501123 6502077 6507159 6512282 6513903 6514703 6516984 6518899 6522167 6524753 6526434 6532712 6534120 6537225 6540826 6542290 6546813 6547887 6549476 6550814 6552096 6554714 6555492 6559711 6561675 6562519 6563590 6564644 6565798 6570607 6571317 6576047 6577203 6579516 6580561 6581722 6582347 6584702 6587552 6589863 6590870 6591974 6593590 6596273 6598447 6599683 6600539 6601494 6604663 6606795 6607988 6610622 6613317 6617526 6619974 6621571 6622320 6626127 6627508 6628463 6630852 6632428 6634142 6635870 6639677 6642070 6646874 6650214 6651524 6652969 6654149 6656241 6657152 6661978 6666426 6667647 6668969 6669984 6673044 6678207 6680606 6681718 6683637 6684547 6686475 6687584 6691202 6692497 6694691 6698486 6700728 6707305 6711020 6714966 6715933 6717500 6718396 6722419 6725945 6727209 6727920 6728499 6730903 6731851 6734459 6735734 6737130 6739914 6741113 6742702 6743362 6746240 6747361 6749786 6750984 6752727 6755647 6757192 6760997 6765386 6768383 6769765 6770872 6773385 6775555 6777432 6778746 6781175 6782562 6783201 6785026 6786691 6790537 6791633 6793442 6794235 6796006 6799827 6802822 6804213 6805794 6807722 6809487 6810333 6818033 6821234 6822514 6823861 6824967 6826585 6827488 6828446 6829563 6833322 6834419 6836085 6842110 6843736 6844655 6849502 6853155 6854349 6857244 6859812 6862229 6864561 6867225 6868988 6871624 6872876 6874493 6875320 6876511 6878891 6880776 6882401 6888697 6890519 6891615 6894930 6895884 6898712 6900504 6902786 6904809 6905478 6907092 6908823 6910822 6916870 6921119 6922423 6925372 6927912 6929107 6930413 6934081 6937081 6938619 6939638 6941796 6942737 6943506 6945553 6946083 6948607 6949416 6952746 6956454 6957166 6958624 6960111 6960949 6964301 6966993 6968159 6969799 6970679 6972706 6976781 6982352 6983251 6984424 6987239 6988197 6990824 6992444 6994801 6995837 6997311 6998577 6999961 7001442 7002900 7005196 7011431 7013179 7014489 7017190 7024213 7030519 7032405 7035240 7036047 7038908 7041928 7042811 7047218 7048917 7049967 7053040 7054065 7055319 7056250 7057525 7058368 7060445 7062170 7065150 7066353 7067159 7070559 7072195 7073577 7076386 7080655 7082053 7083434 7084385 7085405 7090807 7093828 7095533 7098325 7099139 7103540 7107769 7111867 7113061 7115052 7116893 7120941 7121904 7122990 7124487 7125154 7127332 7128197 7130624 7133371 7134653 7136162 7137294 7141196 7145013 7146531 7150682 7152356 7153553 7155993 7156799 7159627 7161638 7163229 7165685 7168023 7170381 7171058 7172506 7174488 7176141 7177904 7179505 7180183 7181642 7184282 7188492 7189847 7191749 7199999 7201478 7203342 7205330 7207034 7207861 7211938 7213233 7214285 7216742 7218461 7219840 7221407 7222753 7223675 7225302 7226332 7227689 7230594 7233764 7235744 7237756 7240889 7243943 7246824 7249361 7251105 7252978 7254642 7256276 7258963 7260493 7263587 7264386 7265918 7267380 7268822 7271507 7273146 7274467 7275561 7277125 7280053 7282602 7283793 7285586 7287714 7291443 7292909 7295240 7299237 7301118 7303696 7310853 7312599 7313743 7315026 7316111 7318894 7320198 7321422 7323251 7325084 7326205 7327499 7330158 7333974 7339830 7340979 7342776 7344291 7347718 7352733 7353693 7355329 7356414 7357709 7358689 7359407 7362932 7363544 7365196 7366804 7369704 7371897 7375885 7377101 7383379 7386568 7387360 7389114 7391566 7392786 7393887 7395906 7397115 7397815 7399715 7403353 7407539 7409718 7410828 7413256 7414560 7415470 7420049 7422137 7426181 7427113 7428684 7432463 7433342 7434971 7435984 7438140 7439968 7441292 7442711 7444104 7446661 7448264 7449201 7455148 7456425 7459945 7461749 7462833 7465574 7468945 7470425 7471728 7474442 7478943 7480093 7483808 7489093 7491770 7494636 7497702 7499778 7500464 7502930 7506249 7507520 7512369 7513963 7515745 7518554 7520391 7521296 7523023 7524970 7525788 7528560 7529595 7531096 7532677 7539357 7542495 7546237 7548941 7553506 7555321 7557800 7560190 7561123 7563125 7565383 7566806 7567931 7568988 7570840 7575123 7576010 7577857 7582604 7586143 7590781 7591808 7598170 7599890 7600783 7602729 7603859 7604909 7605829 7612044 7613313 7614263 7615533 7616505 7620809 7621724 7622579 7624096 7626454 7628999 7630005 7632576 7635614 7637162 7638131 7640628 7641889 7643446 7645168 7646662 7649811 7651021 7654607 7655745 7657122 7658638 7659473 7660250 7665122 7669658 7670593 7673073 7675280 7676406 7677456 7679106 7680181 7683302 7684250 7685480 7687563 7689356 7690649 7692936 7693551 7695362 7699830 7700590 7702396 7704618 7706303 7708614 7709539 7710320 7712475 7714884 7716509 7718246 7719111 7720044 7721915 7723619 7724566 7727522 7728522 7729571 7730129 7731901 7733357 7734525 7736224 7739071 7743794 7746138 7747012 7748506 7751743 7753070 7754734 7756328 7758581 7760253 7763748 7764943 7767270 7769555 7774031 7775263 7778889 7781640 7785840 7787251 7789718 7792484 7796331 7800554 7804877 7806488 7808531 7810545 7812069 7813306 7817017 7819932 7820639 7822531 7824655 7826175 7828555 7830092 7831315 7832763 7836679 7837880 7838908 7841316 7845171 7854673 7856582 7860107 7865029 7867408 7868928 7870686 7873137 7875917 7877727 7878870 7883101 7884831 7889593 7890682 7892222 7893045 7894990 7896297 7897450 7898831 7901363 7905141 7908197 7915257 7921458 7923632 7926957 7930686 7932491 7934290 7937288 7938243 7941081 7944003 7945843 7948907 7950638 7951918 7953154 7954391 7961070 7962409 7964426 7965244 7966226 7966702 7972069 7973372 7974597 7976843 7977751 7979454 7983774 7984625 7986442 7989370 7992926 7994396 7996143 7997977 7999144 8000781 8001945 8006976 8008726 8009923 8011453 8014211 8016489 8019365 8023209 8024354 8026546 8027897 8028928 8031317 8035262 8040886 8043783 8049624 8051863 8052718 8053577 8059457 8060303 8062128 8062939 8064984 8067487 8070033 8071538 8074810 8075990 8076924 8078331 8079067 8080129 8081994 8082947 8084307 8089808 8091587 8094254 8099134 8101658 8103287 8105138 8106900 8110407 8113519 8116294 8117504 8120670 8123861 8125420 8127260 8131814 8134499 8136355 8137221 8142329 8144322 8147996 8149225 8153191 8154520 8157118 8157778 8158900 8160440 8161668 8162958 8167335 8168626 8174206 8178603 8183620 8184426 8187624 8188349 8191445 8193638 8194532 8196145 8197241 8198620 8203789 8205152 8207956 8209691 8212398 8213806 8214690 8216664 8219599 8222073 8222707 8224306 8226484 8227172 8228255 8231236 8235122 8236124 8243636 8244416 8248695 8249983 8253034 8255903 8258029 8260172 8261931 8262530 8263977 8265775 8267407 8274207 8278627 8280188 8282948 8285114 8286337 8288531 8291010 8294141 8297974 8299515 8302538 8303723 8307038 8309932 8314245 8316653 8318515 8319700 8323619 8325862 8326592 8328859 8330257 8335191 8337079 8341857 8343771 8346728 8349483 8351278 8352820 8354987 8357926 8360562 8362163 8368164 8374890 8377024 8378844 8380178 8383854 8385331 8385865 8388923 8392185 8395553 8396872 8398829 8399674 8401372 8405899 8408845 8411594 8412903 8415122 8416370 8418565 8420538 8421698 8423942 8424660 8426328 8429425 8430326 8432752 8433858 8435565 8438539 8440829 8443076 8445472 8446191 8447205 8448425 8449535 8450777 8451453 8453965 8455932 8457016 8460126 8461321 8462648 8464174 8467167 8468894 8469813 8472980 8474582 8475930 8476903 8477824 8479063 8481059 8482354 8484559 8491932 8493949 8497815 8498844 8500076 8501157 8503841 8505204 8507167 8508316 8509512 8515100 8518429 8520781 8521441 8522767 8523593 8524721 8526610 8529389 8532251 8535181 8536961 8538038 8541137 8542648 8544424 8545361 8548303 8550830 8552431 8553258 8556039 8558475 8560407 8561398 8563487 8566640 8570396 8571611 8573775 8579083 8581056 8583140 8586638 8587384 8588592 8589980 8591100 8592495 8594041 8595660 8598068 8601105 8603427 8604521 8608768 8610113 8613369 8618349 8620004 8620823 8622137 8626363 8627814 8629266 8629899 8630834 8633308 8633939 8636208 8638171 8640904 8642643 8646572 8647616 8648756 8650060 8652884 8654521 8655325 8656769 8658249 8659079 8661117 8665321 8666588 8667897 8668716 8672276 8675963 8677908 8680281 8683429 8686809 8688098 8688992 8689804 8691449 8695465 8696497 8698611 8699612 8702189 8705391 8707217 8709227 8711691 8713043 8713817 8716227 8718357 8721306 8722996 8724307 8726117 8730130 8735188 8737507 8739196 8741497 8742542 8744613 8746597 8749508 8751449 8753368 8754822 8757213 8758377 8763814 8764720 8765532 8767681 8771044 8774795 8775605 8778193 8780139 8781422 8784638 8790754 8797145 8798119 8799788 8801150 8802358 8805952 8806700 8808638 8811369 8814998 8816021 8820769 8823742 8827305 8828050 8829703 8833922 8835031 8837012 8838033 8838895 8840309 8842375 8844655 8846511 8847292 8849559 8850428 8855413 8856776 8858881 8862500 8870149 8871941 8873877 8875510 8877901 8880138 8885173 8890421 8892412 8893749 8895945 8898207 8899566 8900797 8903191 8906465 8910180 8914022 8916392 8920630 8922349 8923206 8925842 8928330 8930651 8931767 8933538 8935883 8938972 8940505 8942341 8945125 8947737 8949192 8951184 8952172 8953190 8957793 8959647 8961811 8963475 8964103 8968573 8971133 8972151 8973249 8974791 8978597 8980861 8981950 8985648 8988862 8991397 8992086 8993380 8994683 8996610 8998094 8998763 8999649 9003508 9007068 9011539 9012486 9016433 9020009 9023344 9026051 9027049 9029116 9031529 9032590 9036698 9040690 9041878 9042516 9043769 9046350 9048196 9049428 9050401 9051534 9053069 9055614 9056804 9058664 9059906 9062726 9063725 9067003 9069401 9070821 9071740 9072717 9074853 9079338 9080744 9081497 9082455 9086099 9087737 9089098 9093128 9094871 9096547 9099292 9101511 9104598 9106661 9108264 9113491 9115138 9117301 9118950 9128313 9129717 9134074 9136273 9138512 9145254 9146481 9148023 9149673 9150928 9151631 9152896 9153953 9156287 9157101 9158371 9165025 9166289 9167681 9170523 9178194 9181225 9183146 9186711 9188588 9192561 9194008 9197292 9199829 9210084 9212233 9213388 9215495 9217733 9220708 9221987 9224566 9225617 9227967 9229173 9231416 9236020 9237645 9242065 9242999 9245874 9246474 9249531 9251544 9252683 9254040 9256880 9262311 9264433 9265666 9270347 9271010 9272839 9273692 9275026 9279114 9281192 9282376 9285084 9289900 9291353 9292190 9294015 9296234 9297795 9298934 9303230 9305327 9306098 9310532 9312205 9314773 9321154 9323790 9329268 9330381 9331258 9332281 9334407 9338187 9342871 9344009 9345496 9347339 9349506 9353020 9354384 9355898 9359000 9363325 9367589 9368288 9369691 9371161 9372421 9374149 9377040 9377975 9378750 9380842 9382212 9383300 9385499 9389792 9391222 9392375 9393050 9394411 9395451 9396564 9399210 9400178 9401160 9402421 9403323 9404343 9405218 9406366 9407303 9409773 9411017 9413519 9421865 9424724 9430306 9432667 9433478 9436497 9437574 9438307 9440076 9441441 9445314 9446044 9448358 9452451 9455176 9458491 9459840 9461930 9463151 9464234 9467854 9469864 9473423 9475122 9477905 9478644 9482497 9487215 9488918 9489933 9493640 9494788 9495739 9496538 9498183 9501824 9503287 9504928 9509114 9512577 9516054 9516846 9521135 9522174 9524926 9527622 9528830 9535664 9539741 9547665 9548604 9549677 9551169 9552320 9554770 9555921 9557167 9558913 9562246 9563538 9566101 9571194 9573804 9577012 9578648 9579713 9580563 9581747 9584571 9586707 9587753 9589195 9590980 9592212 9595634 9597010 9599216 9601792 9602861 9604908 9606423 9610621 9611595 9615748 9617211 9618424 9619993 9622128 9632113 9634026 9635572 9636320 9639824 9641509 9642352 9645154 9646386 9651254 9653604 9654778 9664002 9666198 9667108 9668170 9670966 9673615 9676314 9677674 9679704 9682176 9686980 9689616 9693397 9695504 9696299 9697177 9697986 9699002 9701025 9702331 9706837 9709517 9711496 9716975 9722400 9724464 9726074 9727554 9728986 9730117 9731400 9733556 9735011 9736340 9739873 9740754 9741886 9743506 9745053 9749215 9750887 9751915 9753274 9754411 9755134 9761623 9762986 9764916 9765498 9769347 9770981 9773047 9779088 9779947 9781393 9782868 9786327 9787042 9791961 9796251 9798930 9800103 9803623 9804892 9806061 9807632 9808383 9809777 9812327 9813465 9815103 9815954 9817071 9819546 9823183 9824476 9826596 9827463 9828654 9830197 9831623 9837331 9839018 9840881 9842784 9844141 9846952 9848088 9848737 9849861 9851348 9853695 9854183 9855613 9856970 9860229 9861197 9862228 9863239 9864650 9866212 9867263 9869527 9871036 9873086 9875132 9880288 9881884 9883815 9884688 9886471 9887695 9888485 9890147 9892334 9894825 9896432 9897576 9902158 9905317 9907180 9908968 9909839 9915604 9919737 9921403 9923756 9927296 9930720 9931832 9934338 9938354 9940331 9942200 9943285 9949100 9950904 9956750 9957828 9960540 9961323 9963203 9965923 9968984 9970616 9971959 9974894 9981050 9982845 9984259 9986754 9988231 9988967 9991424 9992223 
</Matrix>
<Matrix name="Neuron_277" type="complete" rows="1" columns="1950" multiplier="1.0">
   4359 9952 11276 15682 17362 24458 28216 31636 35195 47969 51377 53567 59148 61803 63625 67625 70521 74735 77185 80556 82548 84106 94314 95728 98832 106374 107455 111325 124591 125684 130477 132062 132871 136157 143408 156420 158590 182249 194147 197344 199372 206835 209426 211749 216963 221238 228644 237013 242015 250189 252032 257610 267078 268744 271286 273304 274743 277220 280858 282697 299856 307838 309083 312381 321036 325418 330985 332537 337428 343807 345741 349033 352259 357453 362966 363863 376105 377833 381281 385116 394024 404409 412409 415350 422500 423500 433253 436577 438930 447202 451723 463935 464946 466589 474242 478512 480484 482690 492273 493970 494882 496252 500823 502045 503603 506331 509050 514160 515868 520632 532213 534342 535785 540104 542956 552005 553953 557055 559417 563784 565776 567691 571294 579323 581044 590273 592311 594796 595873 603154 604349 606956 611375 612792 618075 629084 631837 637450 644601 652521 655501 657476 666652 674431 678671 679579 686001 689731 691950 699045 704393 710378 722525 726490 730835 734354 744936 755137 758504 760594 767706 770867 775518 776971 779645 791726 794402 795054 796907 798414 802924 807220 809096 811389 812705 816128 818678 820586 829829 840916 845087 852519 853534 869968 878525 881244 882561 894557 901131 904951 912810 914801 915829 920809 926236 927444 932317 936059 942526 943590 945756 947347 952615 958341 960631 963918 965893 974451 984503 986989 988847 1001924 1016845 1017635 1018702 1024241 1030724 1033435 1034353 1042494 1050975 1051847 1054793 1057757 1058576 1071906 1073214 1079712 1094254 1096941 1099429 1100838 1104094 1115064 1128686 1133383 1142568 1155750 1158264 1163019 1166209 1168204 1174301 1177200 1180813 1182317 1187362 1188911 1196634 1202384 1207910 1217070 1218696 1223513 1225046 1235457 1237800 1247789 1249605 1256518 1257536 1260606 1269392 1281952 1286433 1292212 1294454 1302526 1313393 1317059 1320398 1321202 1322647 1324181 1336309 1339141 1341072 1343158 1346923 1354499 1357482 1359135 1360861 1367067 1370569 1373935 1384608 1389030 1392053 1398549 1399729 1404565 1411094 1412729 1418574 1426256 1429181 1432647 1435339 1443398 1448006 1450417 1453667 1458399 1463445 1470077 1471726 1474666 1479904 1483508 1487841 1496912 1502454 1508761 1515075 1525608 1527698 1529088 1532517 1535512 1537253 1553070 1557672 1559180 1561092 1564319 1566281 1571396 1575471 1579017 1582280 1584213 1586588 1601043 1604644 1609197 1627551 1630789 1636676 1645696 1655835 1662659 1666374 1672051 1674875 1676220 1678188 1703472 1714078 1715661 1716603 1720004 1726138 1729089 1732054 1736380 1737692 1747596 1750735 1755328 1757068 1758965 1762494 1766221 1769728 1777143 1779291 1794181 1796173 1802323 1805240 1807053 1810638 1814168 1822329 1823633 1825561 1832286 1836160 1842178 1845741 1847885 1855137 1857942 1876944 1880825 1883568 1888521 1892373 1895980 1897206 1898140 1904399 1909870 1912353 1913520 1936421 1944000 1949376 1955495 1964134 1965475 1966802 1967775 1969364 1971489 1980295 1984361 1985903 1993709 2004330 2006291 2009125 2010242 2011343 2013969 2015765 2018954 2021344 2023977 2026620 2034442 2044968 2056688 2058022 2059109 2060997 2064383 2073742 2078582 2081805 2083030 2085291 2087175 2096088 2097659 2114255 2119159 2121538 2124377 2126452 2128641 2137448 2141051 2150128 2152565 2155133 2156798 2159656 2168159 2173472 2179547 2185478 2192410 2194465 2199503 2201731 2209962 2221267 2225784 2233454 2234791 2240205 2249041 2257046 2259524 2260250 2265197 2267663 2269734 2271078 2274699 2277694 2291235 2299110 2312076 2315720 2319539 2321684 2322757 2325525 2330810 2335027 2338314 2346054 2349504 2351925 2356562 2359396 2363617 2366106 2369212 2376545 2377916 2379468 2381444 2383231 2385778 2389085 2398592 2400307 2406041 2407653 2410659 2414885 2420480 2428228 2433844 2447378 2451763 2454402 2455331 2456916 2462548 2467404 2489457 2493234 2496971 2502486 2505326 2507009 2512653 2515177 2516254 2524504 2533490 2534767 2537572 2544723 2552628 2559910 2566630 2570852 2573983 2577067 2583983 2595246 2599110 2601822 2603458 2612350 2620888 2623702 2630766 2633729 2639044 2647879 2653798 2655461 2659544 2664056 2665177 2677521 2681397 2682715 2687830 2690849 2696835 2700654 2702121 2708164 2713104 2714123 2723614 2748869 2752647 2757250 2761574 2762955 2767559 2771709 2775901 2780470 2783250 2784487 2789413 2792132 2795188 2810911 2813909 2823111 2826812 2843039 2844884 2847616 2851969 2853040 2855527 2865572 2872166 2877684 2881025 2884946 2891459 2898275 2901420 2902544 2907471 2914698 2927454 2936014 2937070 2947808 2954587 2956496 2957494 2963243 2964917 2975289 2976581 2983549 2992225 3005853 3014918 3016534 3023595 3026269 3028987 3031767 3034518 3044100 3053163 3056051 3059956 3070161 3071600 3075937 3086508 3092424 3094867 3096394 3114980 3116351 3120370 3123094 3125369 3128812 3134214 3136287 3139773 3149938 3152101 3153308 3160630 3162825 3171101 3174218 3177514 3179207 3187236 3194898 3196211 3203645 3204686 3207009 3213435 3215751 3217454 3228980 3238996 3244306 3248571 3250374 3252520 3254399 3256192 3258282 3262409 3264506 3266143 3272490 3280658 3285528 3288581 3291398 3299999 3307436 3310928 3312676 3315284 3316858 3323044 3324294 3325527 3326813 3328310 3330392 3333826 3335601 3340365 3345537 3357783 3360035 3373508 3389980 3421687 3423786 3425511 3431888 3433729 3438852 3439829 3447402 3457648 3461172 3462813 3465918 3472032 3474832 3479687 3486114 3488852 3495380 3496614 3506109 3507521 3510051 3516328 3520152 3524652 3529822 3532833 3535484 3537013 3539228 3541552 3555258 3556804 3557910 3566790 3570414 3571606 3573766 3575678 3578650 3591612 3594478 3595992 3598471 3600796 3602342 3608569 3625190 3626368 3632561 3634547 3637584 3643283 3644859 3650547 3653843 3656457 3667130 3679360 3683368 3686377 3694433 3700606 3706026 3707264 3711155 3713591 3729951 3736610 3742119 3746616 3747875 3755059 3760804 3764241 3765871 3768021 3771873 3788020 3792068 3798855 3805817 3809243 3815134 3817093 3819533 3822643 3832498 3842015 3844659 3848204 3853422 3863355 3870867 3874284 3875345 3878593 3887141 3892649 3894553 3895403 3908260 3910655 3911597 3916814 3923138 3936216 3940305 3952078 3957740 3961361 3970590 3971858 3980276 3981372 3988432 3992291 3998441 4001451 4005779 4008320 4025980 4032290 4038130 4046417 4052876 4053993 4054832 4057731 4060794 4062719 4063737 4072305 4073558 4075637 4080069 4082806 4084987 4093863 4095283 4097544 4099137 4102902 4116841 4121766 4124514 4126726 4128858 4130956 4138797 4150071 4152786 4157560 4160243 4164534 4169562 4185723 4190908 4198351 4209348 4211004 4219265 4231826 4241655 4244382 4251694 4253360 4259550 4271376 4273798 4277535 4281188 4299071 4312457 4320559 4323464 4340207 4341940 4347914 4349163 4350537 4353014 4360936 4363039 4369187 4373823 4391746 4394169 4395698 4399231 4404301 4411665 4412550 4417005 4419151 4423058 4442901 4444856 4446265 4448629 4450375 4465257 4468732 4472501 4486698 4499290 4507653 4515250 4522765 4530321 4537301 4544546 4546534 4548839 4561787 4563857 4567008 4568290 4573807 4578149 4580614 4581576 4584321 4584971 4587485 4603645 4606857 4621604 4625269 4633445 4636101 4639705 4641073 4642796 4648145 4662185 4665357 4671590 4674335 4677218 4678951 4680741 4682011 4683121 4684545 4686919 4690580 4692320 4694772 4705780 4714861 4722502 4723429 4733243 4746509 4751361 4753453 4756181 4758256 4762419 4765634 4766798 4768320 4773208 4776782 4777733 4780151 4782641 4787562 4790748 4792189 4794350 4812418 4813684 4816582 4818442 4819352 4822271 4825751 4829692 4855367 4857922 4860210 4866407 4868988 4869924 4874945 4885686 4894296 4915691 4923366 4928456 4931700 4936409 4943406 4946400 4950282 4980424 4983857 4991028 4997474 4999239 5000766 5006066 5007860 5010828 5017674 5024556 5032509 5036415 5038390 5045898 5049833 5052693 5056169 5059337 5066978 5070825 5072653 5073845 5078042 5095227 5097423 5098414 5108417 5109945 5111378 5114762 5117191 5124596 5131525 5138569 5152195 5158781 5159858 5160857 5166853 5168861 5178093 5182416 5195014 5196985 5203322 5206205 5219735 5231277 5237048 5253245 5257880 5268688 5274961 5279628 5296829 5298626 5300875 5302733 5307016 5309034 5313480 5315270 5321428 5322168 5329120 5336454 5337663 5341240 5344603 5351508 5353839 5361544 5369884 5372705 5377520 5384292 5386801 5393946 5399791 5404587 5407250 5409118 5415867 5429519 5431884 5434644 5443241 5454893 5458207 5460663 5476939 5489254 5495800 5502529 5504954 5518274 5520178 5530539 5536936 5539938 5546321 5553126 5555007 5558219 5561535 5564563 5568398 5571839 5577384 5578860 5580658 5582381 5592288 5593992 5595957 5598570 5604096 5611516 5620340 5636372 5645203 5661290 5671735 5676544 5684451 5689554 5701892 5706091 5712284 5723525 5724272 5737962 5744115 5748753 5760341 5762004 5779962 5785002 5785984 5794298 5796456 5799130 5800379 5803326 5804817 5806262 5810447 5813441 5814690 5827084 5828445 5829996 5838464 5845600 5850823 5853681 5855625 5857130 5857779 5866018 5870972 5872724 5877753 5885346 5887709 5889936 5893166 5905597 5908740 5913211 5919613 5922933 5927010 5933410 5952331 5955085 5966201 5968345 5969833 5970520 5982105 5993211 6009752 6012949 6019872 6025313 6028208 6034369 6042419 6047041 6050750 6064232 6068863 6070256 6073042 6075242 6085093 6093617 6094725 6098461 6099288 6113190 6120261 6125941 6143912 6148493 6155152 6157296 6160974 6169618 6171553 6172570 6176904 6180726 6188587 6192340 6194145 6199499 6207243 6216016 6220605 6222664 6224801 6232206 6237700 6239368 6241400 6243617 6249861 6255176 6265000 6269784 6272956 6275909 6276997 6280975 6287584 6288669 6289558 6291567 6294418 6301731 6305474 6309314 6316376 6336767 6337786 6342192 6344688 6346589 6350726 6363581 6366526 6368461 6369996 6374112 6375838 6376952 6379921 6383295 6384613 6390157 6403049 6407457 6408381 6427487 6437750 6446851 6450611 6451683 6454959 6455821 6457061 6461467 6464442 6467520 6478345 6481286 6488037 6492152 6502346 6518471 6521005 6532329 6533948 6536435 6538906 6545939 6553028 6555878 6557001 6561508 6564857 6566551 6570595 6576607 6577875 6580031 6582272 6583407 6588180 6593880 6601914 6607133 6614733 6624913 6631240 6633125 6636445 6639671 6643243 6646158 6648499 6666662 6669136 6672264 6673352 6678581 6686473 6694739 6695899 6699665 6703692 6718240 6726050 6731012 6738073 6739888 6742167 6743314 6752026 6755641 6761842 6763308 6764380 6775425 6781097 6782027 6792283 6794147 6800575 6812478 6814399 6816472 6826965 6838977 6840334 6845031 6848617 6850895 6861950 6866943 6876110 6878169 6887339 6891175 6900455 6904889 6908147 6912482 6913096 6915655 6923798 6926619 6928887 6932672 6939109 6940323 6945492 6951335 6956727 6967146 6972563 6979399 6982021 6985785 6989711 6992540 6995067 7003537 7016086 7022235 7026952 7029517 7033584 7045772 7053559 7060005 7070613 7076690 7078268 7082289 7092977 7095014 7096514 7097410 7098870 7100893 7104157 7108281 7111985 7116122 7123303 7125177 7126367 7127494 7132176 7133926 7137164 7146695 7147785 7161007 7174525 7176194 7193452 7198137 7207543 7210174 7211367 7219057 7228130 7235875 7237681 7241271 7242766 7244120 7246485 7261100 7263321 7270659 7281121 7295190 7301766 7303771 7308693 7309710 7313248 7316671 7320534 7321952 7325683 7329495 7348758 7349966 7353277 7354847 7356633 7364883 7371729 7375173 7379122 7381525 7385140 7398183 7401830 7413948 7418200 7430140 7444239 7446082 7452661 7457685 7459568 7461833 7466358 7472775 7481536 7490402 7493078 7497583 7505354 7506918 7508398 7511306 7525181 7526736 7532543 7536734 7540883 7543198 7550294 7555001 7557480 7560301 7566617 7567515 7577633 7580297 7584708 7587002 7589985 7593864 7604709 7609597 7620244 7624749 7631920 7636487 7641353 7647151 7649515 7652785 7656179 7659268 7663137 7666018 7670267 7672520 7676324 7677441 7688472 7690385 7696720 7697627 7710700 7713192 7716320 7730739 7732454 7737381 7744102 7748639 7751885 7764978 7767701 7776111 7782198 7794411 7800320 7807340 7813770 7822797 7824248 7830794 7834808 7841884 7843925 7846155 7848119 7856579 7858629 7867698 7870746 7875728 7877506 7879789 7882026 7886418 7889228 7890964 7892119 7896214 7901094 7908650 7909789 7918941 7921519 7937281 7944736 7948294 7958827 7962776 7964376 7988907 7995614 7999829 8003133 8007407 8008700 8015191 8021573 8024734 8026944 8035239 8037019 8039431 8040453 8045533 8058848 8066384 8070581 8071632 8073155 8077219 8085920 8087734 8101783 8111245 8113369 8117131 8118890 8120784 8125883 8135463 8144209 8153243 8167369 8170233 8177632 8183674 8186129 8193800 8203277 8207148 8211724 8219265 8220485 8228439 8229475 8233355 8247973 8248940 8250039 8257697 8270235 8275424 8278925 8280751 8286869 8293929 8295699 8297034 8299006 8300381 8310747 8321346 8324740 8326010 8331737 8333493 8339511 8344977 8349186 8353555 8355175 8356418 8362596 8363735 8366236 8371762 8378453 8391070 8393088 8396938 8406106 8416590 8417988 8420291 8430640 8435540 8439355 8449923 8459367 8467352 8469318 8470085 8476630 8477448 8479010 8496814 8507574 8514978 8517833 8526515 8541843 8546526 8565971 8569961 8573167 8577965 8583883 8587404 8590285 8591522 8609531 8610443 8615921 8618019 8623542 8624503 8632193 8638691 8641378 8647607 8652507 8653606 8655512 8657408 8659664 8669630 8680469 8688841 8697498 8699765 8703982 8708749 8716701 8724133 8733750 8740482 8747452 8749638 8761372 8762829 8766075 8769295 8779674 8787376 8795496 8801398 8805313 8808019 8808657 8809549 8810794 8813596 8819681 8822450 8831028 8844381 8847054 8856941 8858311 8860262 8868114 8873212 8888079 8892930 8895750 8899357 8910280 8916966 8919250 8925313 8928329 8933092 8934990 8939274 8940975 8944663 8946943 8949434 8956181 8959972 8970882 8986231 9000335 9003931 9006203 9011108 9013299 9015312 9027117 9031016 9043081 9045028 9048180 9050283 9054524 9060162 9062895 9066933 9068654 9077851 9082237 9083984 9091027 9096100 9097487 9098385 9105215 9110069 9125627 9128345 9136815 9140009 9141076 9150933 9156311 9162742 9167341 9169397 9173305 9178392 9180472 9183401 9185505 9192592 9197283 9202642 9203874 9219165 9221251 9223036 9235754 9237841 9246335 9247813 9250993 9255408 9259718 9261969 9266001 9269824 9272999 9279161 9284091 9290680 9295280 9300148 9302005 9305597 9307979 9312412 9315240 9324855 9330252 9331516 9333258 9334785 9340561 9348504 9350360 9355366 9362681 9367164 9371586 9373270 9374657 9376845 9378551 9384517 9386429 9389818 9393874 9395855 9403665 9406985 9408382 9416685 9418771 9421893 9427170 9434255 9437120 9440965 9442337 9445326 9453997 9456861 9466593 9470246 9472018 9473397 9480010 9487626 9498477 9501995 9517155 9519374 9523464 9531018 9533877 9537318 9540288 9549375 9552248 9559830 9565735 9573720 9588255 9592005 9596295 9601845 9606745 9612894 9622624 9627013 9628684 9631283 9632847 9636203 9640450 9642243 9646535 9649871 9651376 9652534 9658490 9660835 9663181 9667377 9671607 9676529 9678457 9686640 9687989 9697863 9708756 9718763 9728890 9732042 9733838 9735628 9738202 9740124 9741286 9745220 9745942 9746778 9751582 9758501 9760159 9771187 9772755 9782318 9788703 9797043 9804856 9807811 9812299 9816014 9821452 9822784 9834347 9838470 9840153 9841691 9846036 9847447 9854361 9857388 9864475 9867089 9868014 9873012 9876427 9883276 9887373 9899536 9900893 9901942 9909922 9913001 9914727 9919302 9920925 9931266 9946591 9949947 9959452 9966775 9974779 9979714 9980641 9985057 9985891 
</Matrix>
<Matrix name="Neuron_287" type="complete" rows="1" columns="1396" multiplier="1.0">
   4785 14824 21738 29483 42270 77733 82233 84177 99733 108010 113641 115172 132284 136121 142711 145468 147377 165924 168912 172228 177332 180987 203968 214726 226293 233654 241563 248571 262393 264942 267247 272107 287091 291753 299236 301136 308651 311982 316617 318877 321166 331553 338392 339580 341387 351823 355185 365966 377701 388320 395227 398635 402405 421249 428490 431785 436227 440506 442266 444668 459365 474035 474848 480907 483911 493159 494925 499493 506602 508922 519444 525855 540230 544012 547676 549113 552009 559513 567704 572651 579107 584641 587125 589262 605363 610012 613832 615413 629350 630625 633188 644183 660314 674266 689812 704907 708692 713957 720447 735732 739054 751518 754146 763635 767677 770248 786897 792663 810209 812945 816805 818758 824469 832882 841852 843817 854883 856998 864364 866027 871865 879780 889504 896353 900161 918399 922488 931076 932093 937120 942476 948361 953137 977278 982001 987371 991796 995706 1007314 1014730 1024950 1032014 1043632 1046380 1057347 1061747 1069454 1072068 1097855 1114115 1119667 1123255 1132183 1134305 1148994 1154670 1161407 1166357 1169763 1184525 1194618 1207350 1211223 1215032 1220840 1246653 1252325 1258973 1267998 1275273 1288287 1296856 1301554 1307696 1312530 1315736 1330023 1333912 1340012 1343398 1347023 1354156 1359585 1372029 1375268 1376761 1380809 1382296 1398008 1399296 1403270 1407270 1408936 1417432 1418691 1428714 1447588 1458701 1460933 1473440 1480143 1486095 1504290 1507202 1517093 1519064 1531693 1534431 1550947 1558155 1570813 1575192 1579161 1595452 1600075 1607325 1610154 1619314 1625758 1633670 1643916 1661196 1671035 1672693 1689269 1695195 1702648 1709253 1716535 1723564 1726175 1732235 1735616 1751680 1755680 1760572 1771670 1778876 1782144 1811399 1813683 1816580 1821382 1844997 1847932 1851086 1857278 1866879 1873435 1874928 1876863 1881013 1888380 1892443 1896948 1900790 1904309 1907612 1909342 1915288 1919716 1926334 1933650 1937842 1941719 1949040 1955225 1958489 1963668 1976320 1982872 1986868 1997432 2002061 2007764 2027448 2045797 2048033 2055029 2057349 2062183 2063902 2074014 2094826 2097220 2108200 2109342 2115247 2128553 2131033 2140253 2155315 2156511 2163861 2166247 2170863 2172023 2181145 2188017 2195876 2201740 2206821 2209384 2211926 2219622 2227174 2234774 2247119 2249469 2252793 2264094 2271446 2273334 2275556 2286049 2290510 2299569 2313804 2315317 2324833 2332726 2336512 2337691 2343858 2345622 2348835 2367268 2370276 2373720 2380194 2383338 2386886 2392352 2411345 2414320 2419612 2420542 2439693 2453002 2458976 2464163 2465257 2467158 2482266 2483759 2484975 2488686 2499535 2509874 2514016 2517622 2534455 2536856 2542772 2545067 2549939 2552205 2567948 2581960 2593726 2595838 2597527 2599213 2608064 2610294 2611549 2614173 2615992 2626948 2642156 2645578 2647512 2653307 2656703 2659331 2672695 2676339 2684637 2698747 2701389 2718399 2730120 2733760 2755680 2757806 2762462 2763744 2808656 2834848 2842730 2872874 2876440 2883814 2890301 2896023 2897509 2899740 2903740 2910029 2913325 2914537 2916429 2926591 2928514 2945234 2949447 2966432 2973774 2974828 2981910 2992231 2994921 2999406 3011091 3012751 3015290 3034107 3036869 3060937 3071996 3081033 3097595 3104047 3109384 3113765 3129710 3137494 3162178 3164569 3165415 3173709 3177945 3183847 3203334 3218669 3221911 3228614 3236739 3255166 3259907 3260904 3267107 3288940 3295846 3313756 3318847 3332192 3339712 3351808 3360732 3366367 3369236 3371441 3373876 3376748 3383533 3389203 3395847 3413488 3432022 3437904 3446538 3454070 3456581 3462334 3468059 3472404 3484979 3490174 3496838 3511497 3513108 3537743 3539619 3541669 3549081 3552922 3560880 3564325 3571768 3596845 3597910 3599343 3605356 3621065 3634176 3641832 3653229 3658701 3659640 3663302 3664701 3674080 3676225 3699117 3707017 3724836 3737539 3751255 3757159 3771919 3785171 3789505 3791119 3796790 3803183 3810768 3817258 3821622 3837023 3849590 3860440 3865575 3867917 3869671 3888249 3891134 3913108 3917258 3920581 3929134 3932566 3936642 3938842 3944088 3945159 3948837 3955908 3962383 3972194 3975443 3980854 3982514 3984956 3988418 3995897 3997071 4020117 4022332 4040450 4047842 4055417 4068111 4073010 4082243 4099663 4102075 4105508 4109236 4113450 4117456 4122719 4127463 4130045 4135162 4139009 4142613 4188579 4194470 4200441 4211060 4219698 4224019 4225794 4226876 4238388 4240546 4242375 4250842 4260043 4263004 4264100 4268118 4285724 4290484 4295120 4301309 4304341 4305674 4310700 4318466 4323456 4327686 4351027 4362838 4366762 4371034 4380571 4382659 4384100 4396058 4403672 4411925 4415128 4423130 4426331 4429271 4439732 4447180 4449464 4453839 4466822 4468987 4471184 4473997 4478337 4501764 4516776 4523369 4526096 4527837 4530450 4545174 4562314 4571454 4577077 4583469 4593612 4595970 4608340 4619107 4625658 4637223 4664338 4677055 4679791 4689917 4691653 4708983 4710651 4718926 4720649 4724197 4726874 4737900 4739259 4742182 4748015 4752472 4756727 4768432 4772477 4778498 4788401 4790059 4800885 4803993 4813142 4818179 4826993 4829452 4834422 4836823 4840573 4846587 4849016 4855820 4860584 4862599 4868521 4874229 4875803 4878046 4881291 4884167 4901109 4904444 4913241 4922358 4928749 4932579 4934240 4939093 4940843 4945248 4946543 4950524 4955456 4968478 4977208 4991063 4992702 4994992 4999821 5002819 5021879 5035722 5037611 5041597 5043061 5052936 5062290 5079451 5083333 5086366 5090832 5096355 5100810 5110262 5125242 5129256 5132796 5142395 5161654 5164340 5175636 5178621 5181537 5206722 5209006 5210759 5213205 5220411 5224062 5259014 5260325 5263665 5270129 5278519 5285532 5289061 5295317 5300768 5304921 5313828 5319436 5327052 5329664 5338704 5339914 5342914 5348053 5350011 5352013 5358432 5362620 5365459 5369666 5371530 5380426 5383617 5410329 5455560 5467516 5471083 5472415 5475294 5477961 5497180 5500002 5504877 5512356 5513834 5515406 5521131 5539121 5540659 5551591 5565531 5568470 5570205 5576074 5582833 5590304 5615982 5632311 5637915 5642207 5643440 5648458 5653301 5664668 5667969 5678877 5681223 5682546 5696906 5698191 5701913 5705397 5726756 5728990 5739902 5741158 5744133 5749365 5753914 5756540 5757747 5768079 5774282 5775209 5776515 5777781 5783828 5793014 5796929 5804397 5806547 5812319 5814994 5823702 5833538 5837643 5840589 5844064 5847210 5852593 5859718 5862553 5865761 5869141 5871373 5892331 5911277 5918162 5927924 5939164 5944431 5952381 5956822 5961359 5963145 5967570 5971298 5972860 5975582 5985187 5991619 5999462 6004517 6005943 6008115 6050083 6051580 6057223 6058658 6062769 6064322 6088562 6095706 6103372 6127661 6130996 6131823 6133215 6138688 6153097 6156736 6168889 6174726 6194323 6203278 6208058 6213812 6217267 6220367 6228348 6235188 6250703 6253167 6255910 6266532 6271159 6304630 6313437 6315257 6318885 6326950 6330891 6334117 6343045 6348051 6349982 6357163 6370779 6375348 6380781 6401099 6402692 6404027 6410928 6430656 6453244 6472035 6479351 6491006 6492689 6497497 6502456 6504819 6514136 6518850 6522237 6530663 6546467 6547534 6554480 6557206 6568299 6579296 6583282 6594182 6606556 6614358 6625281 6630116 6639252 6653178 6654565 6657267 6670900 6672055 6673586 6680019 6688525 6701999 6706740 6708748 6715721 6720335 6731580 6732699 6736994 6741676 6743255 6765112 6768349 6778071 6790464 6800307 6808865 6811156 6833253 6840540 6845372 6856984 6875178 6878464 6891436 6893158 6897595 6907258 6913659 6916501 6926655 6935032 6937406 6944488 6947092 6960140 6970082 6986151 6988342 7000020 7002440 7008975 7016312 7017787 7019322 7021504 7025571 7030759 7037884 7040662 7049199 7051230 7058487 7061905 7066092 7068378 7071532 7073360 7076072 7095606 7110557 7120471 7124140 7132196 7134129 7135551 7136988 7151553 7155241 7157795 7175850 7177698 7199058 7201219 7204092 7207726 7208909 7210686 7215300 7216653 7219004 7223526 7225114 7228324 7232167 7248122 7265256 7269527 7271706 7274312 7280577 7287915 7296391 7304349 7306809 7314411 7317137 7318945 7320036 7322885 7345682 7350073 7356448 7360539 7366472 7377046 7393505 7397306 7401594 7413035 7416619 7421497 7423983 7431398 7433729 7439922 7447865 7451272 7460905 7462155 7463224 7468759 7469895 7472666 7481695 7499835 7501359 7506764 7519986 7524499 7530522 7543699 7548610 7554463 7559754 7565764 7580397 7604130 7617757 7618945 7623562 7625791 7649480 7653632 7664937 7666778 7680579 7683512 7686318 7690542 7710526 7714124 7716491 7720056 7727273 7732038 7733405 7743923 7746638 7748447 7755773 7758106 7760913 7762587 7770551 7771899 7777522 7783287 7794952 7799581 7804031 7807307 7809193 7811752 7818905 7852778 7856128 7858842 7860438 7863721 7864691 7867256 7870877 7876808 7879397 7880902 7884918 7892322 7895393 7908175 7909873 7912966 7919476 7924594 7926668 7931904 7943419 7958900 7971031 7973539 7977901 7979338 7987952 7995638 8000192 8011678 8013798 8019669 8020937 8022646 8032116 8039094 8042933 8062575 8069389 8080945 8087283 8089816 8093637 8095736 8107179 8112320 8118642 8130282 8137333 8144109 8148774 8154489 8167492 8181179 8195036 8198287 8204496 8205857 8220301 8227486 8230098 8233675 8250486 8253398 8254787 8259812 8275154 8278907 8294329 8296158 8298603 8314767 8335216 8350469 8353900 8360476 8365087 8370240 8373067 8377003 8380439 8382836 8386690 8404292 8408475 8414024 8419400 8438759 8480473 8482550 8489771 8498409 8508599 8510734 8515780 8527465 8528783 8548760 8553135 8573899 8576611 8578956 8580410 8585692 8592937 8595047 8604619 8605667 8611858 8626131 8635020 8641272 8648180 8656128 8659092 8670890 8675193 8679774 8697673 8702930 8704375 8720739 8733555 8740661 8745491 8751130 8753421 8755343 8762650 8768877 8775768 8778869 8782591 8790540 8803209 8804185 8806738 8815179 8818136 8829129 8840070 8852334 8859499 8861183 8863586 8873788 8878512 8882208 8883459 8888036 8892769 8900505 8909080 8917303 8933853 8937168 8947499 8962985 8965451 8988675 8992184 8995215 8999622 9006115 9014671 9017267 9026836 9029659 9032961 9037686 9067498 9070019 9076053 9092916 9094580 9110112 9120890 9122043 9126284 9129550 9142725 9154070 9159070 9169639 9172466 9175839 9178590 9182227 9188595 9191793 9193104 9208786 9210811 9219263 9235622 9242834 9246849 9251571 9258299 9260649 9269915 9270986 9278821 9280105 9283427 9287200 9292463 9295551 9308567 9351463 9360791 9362951 9378213 9382706 9384836 9392563 9396559 9397953 9403059 9408740 9411931 9415837 9433938 9437917 9442311 9461736 9465713 9473702 9498635 9503792 9511125 9518180 9528610 9533036 9537854 9557063 9563926 9567327 9576576 9583496 9600500 9611156 9636687 9648682 9650423 9651679 9661654 9663078 9670487 9673701 9677014 9687700 9689907 9694967 9696939 9708242 9712052 9732524 9736164 9741457 9743623 9746217 9747714 9757584 9760694 9762472 9765672 9767736 9770726 9772955 9775152 9799032 9803326 9811632 9815249 9828111 9830125 9836396 9839850 9841136 9846694 9850775 9853393 9855892 9864378 9870113 9873920 9878536 9883762 9889241 9890725 9895886 9904154 9915165 9918985 9925739 9936208 9947727 9954609 9959999 9967485 9973210 9975075 9980061 9991843 
</Matrix>
<Matrix name="Neuron_297" type="complete" rows="1" columns="659" multiplier="1.0">
   5217 12140 42523 57523 93465 102103 104981 165983 172522 188011 200797 204542 207526 221907 231903 247596 254683 272766 286784 297040 306701 403943 413604 446660 456837 458654 519652 522010 549257 592787 609109 610608 615894 651085 697358 703202 708255 730749 739877 746442 749146 777467 790486 797108 802212 816208 831273 833839 839096 842334 857834 889261 911664 916052 922885 924317 966142 979543 985831 992145 1068442 1072377 1074356 1078197 1081485 1089213 1113451 1159164 1163444 1164689 1170435 1177683 1194258 1203328 1210135 1220611 1224375 1236389 1243129 1258268 1277484 1313089 1324215 1333735 1337404 1338456 1361965 1397778 1415058 1450941 1457658 1510006 1512489 1531594 1560318 1571691 1598332 1610426 1662703 1688553 1739970 1823353 1841055 1843407 1850039 1883838 1900450 1912405 1920548 1967594 1989374 2007497 2018885 2021400 2048090 2050901 2065565 2073505 2089051 2105464 2125120 2127170 2149321 2170458 2197633 2231009 2238207 2240160 2253955 2266322 2270627 2274716 2282026 2291471 2300334 2305854 2324607 2371164 2390802 2411299 2418234 2439144 2447320 2449848 2474653 2481041 2483749 2506794 2510838 2532300 2547690 2556015 2589197 2611438 2624168 2639291 2645849 2655380 2657934 2690743 2704667 2708800 2728894 2739396 2744446 2749403 2753789 2758319 2771352 2788374 2792606 2794857 2798928 2803379 2837385 2854804 2897468 2899110 2903919 2912229 2937508 2979199 2991126 3027180 3032390 3038436 3058309 3070443 3118793 3125722 3149741 3153860 3160314 3165989 3171985 3175819 3178674 3201391 3205789 3218920 3222338 3228536 3231226 3233746 3285464 3289471 3299755 3304326 3309458 3341145 3346333 3350884 3364100 3367728 3384522 3395099 3405161 3417482 3425317 3456155 3458699 3468560 3469539 3489503 3505727 3516846 3529200 3531813 3532880 3542618 3543416 3544567 3575437 3610069 3638923 3650671 3676151 3680771 3714277 3723650 3726461 3742636 3745799 3753806 3771633 3777833 3787485 3810832 3817677 3851322 3857484 3882846 3908469 3926626 3941766 3948133 3964147 3972681 3975216 3978979 3985425 4084340 4085580 4087410 4093747 4096831 4143940 4165290 4177105 4184750 4195910 4202569 4215139 4228979 4300928 4313696 4318908 4322670 4331341 4355690 4396804 4411215 4423412 4449440 4452464 4466430 4473176 4496664 4499841 4502939 4512786 4535291 4538474 4544609 4550643 4577849 4599457 4605909 4607241 4657485 4671705 4675530 4702380 4704749 4728759 4738799 4749813 4769169 4773948 4793166 4836630 4845427 4850314 4857298 4867407 4888539 4900894 4908311 4913145 4916221 4942098 4960892 4965673 4969707 4975528 4978138 5027158 5038809 5048437 5074060 5099753 5115056 5122728 5131099 5171836 5173796 5179830 5247935 5266257 5295285 5296449 5308355 5315295 5344193 5351765 5379617 5399822 5409381 5421097 5426090 5434147 5464083 5500160 5502810 5509528 5522685 5546921 5560269 5569019 5570170 5601420 5604300 5614906 5617115 5622774 5624193 5627171 5633423 5654183 5657149 5658433 5665183 5678790 5681807 5698888 5714914 5725949 5749511 5757257 5761195 5770387 5784222 5796493 5837522 5854184 5883030 5909658 5914777 5918954 5919928 5928377 5930765 5942839 5954021 5957538 5960388 5972222 5978166 5982694 6015622 6026761 6037109 6052168 6074538 6076765 6080239 6096754 6133442 6143294 6161371 6163044 6165258 6168691 6219806 6236306 6243751 6252851 6267319 6279074 6288459 6293892 6320554 6332652 6343001 6361855 6367230 6387965 6389684 6392457 6470751 6491591 6494309 6517371 6565494 6578126 6595242 6604140 6627228 6653209 6664112 6687073 6689297 6690512 6705510 6715105 6720099 6756563 6775620 6822881 6826433 6865600 6875936 6878274 6892698 6916458 6921578 6926832 6932046 6937370 6949092 6968159 6980890 7001289 7031393 7072341 7104409 7107934 7113947 7123156 7130554 7134108 7141932 7160011 7187005 7197012 7210187 7219691 7233927 7263434 7271271 7316225 7321576 7332353 7336309 7360376 7368132 7382795 7390652 7410314 7443230 7448389 7474354 7477218 7497957 7502214 7519478 7534745 7535580 7536739 7541013 7572858 7580161 7589334 7608754 7615524 7619644 7647641 7691214 7707294 7722391 7731635 7733991 7755445 7791885 7800935 7804727 7812868 7823668 7831686 7844239 7846898 7851888 7859572 7870972 7892551 7897298 7924511 7938287 8023485 8027655 8047042 8048690 8063007 8066995 8075652 8079194 8107207 8110580 8126183 8148522 8150903 8152914 8170928 8178749 8206978 8208986 8227258 8239986 8266576 8271421 8300479 8311908 8320593 8335448 8364920 8373296 8380730 8383819 8407569 8410227 8424582 8428244 8430508 8456618 8463287 8469027 8491307 8524952 8533672 8556205 8589124 8602736 8612623 8617314 8620425 8622306 8633803 8636309 8647082 8653475 8669481 8700510 8734548 8738105 8745090 8759736 8784345 8788396 8803468 8812482 8850420 8860688 8888586 8890554 8899319 8902281 8930045 8947850 8959292 9003407 9006004 9025104 9058533 9061541 9064080 9090045 9099951 9104350 9107343 9136489 9147980 9152828 9155932 9186886 9202740 9214802 9242095 9295365 9326594 9339141 9346062 9350242 9372360 9378465 9389101 9411585 9415358 9441378 9444744 9460052 9494968 9517757 9519001 9564140 9588756 9645640 9648303 9658069 9665521 9675600 9692325 9721096 9736882 9756059 9769542 9782517 9809430 9813575 9829473 9838155 9851450 9857416 9879615 9899791 9902108 9908680 9922263 9925984 9984440 
</Matrix>
<Matrix name="Neuron_307" type="complete" rows="1" columns="4455" multiplier="1.0">
   2827 4111 5852 8900 15049 16670 19214 23354 25360 26354 27888 30572 31672 36272 40815 42310 43171 45153 48341 49162 53756 57426 59624 61680 66488 68251 69148 70996 74183 76080 77800 78716 80015 81306 82205 84191 85457 86940 94883 99731 105371 107287 111815 112853 115612 117345 118501 120250 122014 124802 129755 131845 133942 136835 138067 139618 140281 142017 142980 144549 147179 148104 152195 154347 155684 158901 161210 162861 163381 166975 168798 172128 173964 175352 178063 179662 181004 184276 186555 189502 192226 195447 196396 198538 200407 201407 202157 203599 205153 207390 208330 212419 214686 215362 218270 220710 226327 228556 231153 232176 233140 235117 236161 237003 240629 241339 242109 243217 244706 249798 251513 254407 255331 257013 259343 260743 261865 268067 270127 271714 275806 277950 282300 287929 289917 292968 293942 295825 300438 301905 304427 310410 311951 314065 316139 318170 322082 326210 331638 333276 334761 338793 339809 340628 346925 348055 349296 351409 352617 353908 356513 358844 364102 365651 368085 369518 373348 374691 378887 381381 382511 384554 385840 387661 389610 391512 394216 394934 396149 400818 402116 403069 404262 405938 411321 414396 416816 418025 419258 420279 423397 424667 425927 428204 429960 431860 435022 436089 440012 441784 443343 447128 451450 452457 455025 457801 459117 460440 464099 468859 470298 471796 472923 475151 480396 482152 483184 486097 488946 491554 492507 493604 496164 499175 504139 507497 508691 514329 518919 520155 523697 525789 526633 532350 535265 535953 537019 541276 542224 544890 550255 552402 555295 557805 559042 561912 564976 567077 570768 575133 576804 577826 581671 583880 586874 587807 589294 590788 592239 594403 596281 599425 600972 602484 605369 608922 609712 611596 614377 615914 617054 619015 621530 622778 627061 629286 634781 640623 643298 645116 648865 653062 655933 657031 659344 661649 663808 666532 669417 673599 674437 676396 677645 681308 682547 683482 684720 686419 688731 689413 690732 693828 695424 698868 700914 705105 706670 707865 708824 710860 711734 715649 717128 719424 720218 721374 727171 730156 734142 735390 736671 738343 741917 743929 745846 748650 750283 752141 754667 755707 757068 757859 760075 761966 762735 768409 769127 770330 771850 773429 774710 776048 777543 781779 784488 786626 788128 793995 795685 798313 801185 804198 805461 808056 811078 814144 815983 817500 819187 822717 823892 825462 827712 828883 829877 833275 835273 836564 841404 845421 847014 848157 848930 856934 859703 861001 868175 871228 874469 876361 879279 882015 884038 885417 887409 889638 890988 893382 895107 896108 899386 901260 902367 905498 908003 910910 911857 916510 918879 920477 921729 922857 925485 926751 928647 929668 935555 937214 939581 941029 946337 948343 949786 951024 952084 953917 955214 956632 958862 960258 961002 962365 963169 964268 969885 971335 975373 976749 978324 980550 983329 984584 986738 987638 990391 996311 997208 999564 1000925 1003649 1007260 1009541 1012498 1014858 1015849 1019100 1020451 1025235 1029351 1030688 1032534 1033406 1035050 1038032 1043815 1046924 1050613 1052756 1054562 1056158 1058350 1059521 1060420 1061260 1063544 1064525 1067601 1068432 1070165 1071768 1073361 1077719 1078571 1082197 1084345 1085181 1087619 1089714 1091708 1095239 1095883 1098223 1099433 1101602 1108185 1110377 1111753 1113941 1115369 1116687 1121117 1124130 1125096 1127253 1128671 1131380 1134712 1138240 1139429 1142009 1142861 1144750 1146511 1149682 1151517 1155143 1157597 1159702 1164984 1166243 1168286 1173171 1175237 1180576 1186512 1189243 1192309 1193381 1195730 1197164 1198778 1200197 1201996 1202950 1204639 1207877 1208580 1209296 1210029 1212501 1213383 1215113 1219009 1219690 1220754 1221425 1223929 1224919 1227543 1229656 1233041 1234010 1236789 1238368 1240011 1241727 1243405 1245210 1248089 1249156 1250530 1251770 1253556 1254958 1260243 1262759 1266301 1267857 1270607 1272589 1275999 1278307 1279285 1282324 1284319 1285560 1286949 1290288 1291972 1292974 1293641 1295355 1296472 1297525 1298926 1300125 1303949 1309831 1311044 1312396 1314317 1315782 1317479 1319539 1325743 1327303 1329742 1331702 1333706 1335929 1336756 1339130 1344789 1346183 1349226 1352622 1354391 1355789 1357199 1358235 1361027 1364886 1368176 1368964 1371334 1372005 1375690 1378225 1381151 1384188 1389237 1390792 1392311 1394455 1397699 1399573 1401041 1402011 1402921 1404450 1405973 1408826 1413171 1415403 1418817 1419877 1422377 1427072 1428216 1431266 1432594 1434629 1436379 1437961 1440398 1442430 1449204 1450505 1454841 1457663 1460832 1462539 1466936 1470342 1475076 1477107 1480863 1481940 1483473 1484739 1485716 1487813 1488913 1490962 1498533 1507311 1510676 1511538 1515350 1516427 1522051 1524212 1532845 1535371 1536183 1538787 1541012 1542458 1544092 1545582 1548411 1549817 1551639 1553784 1556041 1557680 1559092 1561088 1566123 1569981 1571964 1576449 1578228 1580604 1585847 1588863 1590113 1593926 1594847 1596495 1597354 1599451 1601993 1603852 1607366 1608371 1610027 1611593 1614060 1616288 1617477 1620152 1622734 1626553 1627891 1629154 1630425 1633319 1636911 1639036 1642232 1645005 1646387 1647409 1649431 1650418 1651277 1656367 1660404 1662364 1664339 1666065 1667809 1668860 1672327 1673631 1675729 1677852 1681205 1682253 1685263 1686303 1688734 1689950 1691558 1692634 1694609 1695653 1697238 1699254 1701338 1703972 1704856 1709119 1714386 1715478 1717565 1719516 1721360 1725059 1725725 1727221 1728855 1732138 1733051 1735646 1738240 1740474 1742271 1744446 1746236 1747665 1752397 1753530 1754811 1755923 1758820 1760230 1763884 1764874 1767193 1768871 1769789 1770992 1772335 1773651 1775357 1778073 1781429 1784420 1786834 1788777 1790258 1794688 1796920 1799949 1800729 1803437 1805703 1810443 1812613 1813925 1817702 1820543 1821912 1822579 1823760 1825490 1828310 1829642 1830672 1831687 1834681 1836680 1838268 1842370 1845919 1852046 1853101 1854443 1856107 1858313 1860226 1862277 1863465 1866489 1867909 1869024 1870834 1872093 1876157 1877864 1881316 1887968 1892694 1893428 1894064 1895856 1896648 1898011 1901871 1903483 1905488 1910694 1911567 1916838 1920641 1922013 1923774 1925500 1929619 1930730 1932075 1932920 1934506 1936571 1938255 1940830 1941695 1944510 1950127 1951572 1953256 1954898 1958477 1961466 1963492 1964263 1965361 1966466 1969270 1971061 1972981 1973994 1976798 1978033 1979526 1981413 1982449 1983414 1984037 1985027 1986188 1987156 1988495 1989249 1990586 1993772 1996830 2002831 2004564 2007867 2009279 2010922 2012818 2013981 2015030 2016434 2018145 2020803 2024751 2027726 2028478 2029684 2031008 2032509 2033573 2034603 2038086 2040295 2041571 2042775 2045038 2046728 2048260 2051379 2054156 2056309 2057235 2060293 2065212 2068934 2070107 2071114 2072178 2074445 2076150 2076734 2079310 2084062 2088537 2093576 2095573 2101583 2103486 2105135 2109340 2113056 2116749 2119217 2121031 2122005 2125432 2126770 2127930 2128707 2131093 2133067 2136193 2137740 2139606 2141669 2143024 2143868 2145070 2149072 2151362 2154790 2157036 2159129 2163216 2164513 2166199 2171618 2178310 2179635 2180841 2182214 2184297 2186978 2190257 2194518 2195507 2199051 2200845 2203902 2209497 2212545 2215446 2216233 2218005 2220073 2223245 2226144 2228007 2235224 2238679 2241061 2243598 2246897 2251695 2253240 2255520 2257072 2259898 2261985 2262863 2264697 2268990 2271344 2272410 2273696 2284681 2285921 2287061 2289258 2291449 2294129 2297672 2298896 2301875 2305010 2310674 2311509 2312470 2317461 2319155 2323717 2325357 2326977 2328123 2330069 2332129 2332737 2335648 2339104 2340187 2343203 2344355 2346567 2348389 2351015 2353634 2355094 2357474 2359468 2361910 2363462 2365056 2367755 2371734 2376055 2378335 2380555 2382068 2383947 2386067 2388170 2389445 2391752 2393201 2396497 2398371 2400834 2404282 2408291 2409125 2410651 2412604 2415439 2417829 2419502 2421372 2422107 2425808 2427520 2430066 2438844 2443073 2443838 2448346 2449167 2451442 2453430 2455079 2458649 2462771 2465901 2468301 2471225 2474021 2476340 2478748 2479924 2483914 2487163 2488071 2490265 2493663 2496291 2498861 2501828 2503444 2505323 2506472 2509559 2512980 2514504 2515715 2517325 2517992 2520185 2521640 2523437 2526774 2527619 2529163 2529839 2532277 2536253 2537516 2538714 2543535 2545683 2547958 2549750 2556498 2557668 2559893 2562315 2564002 2565508 2566381 2568150 2569941 2571184 2571903 2575787 2577207 2583362 2586410 2587783 2590256 2591916 2593304 2599375 2601095 2601763 2604208 2604966 2608332 2610630 2612033 2612982 2615543 2618346 2619079 2621937 2622815 2624641 2625917 2627176 2628112 2630205 2631981 2633630 2639414 2643457 2644845 2646099 2648507 2649372 2654096 2656319 2658200 2663971 2665520 2667503 2671092 2672604 2676219 2677348 2679735 2681945 2686559 2687618 2689145 2690022 2691486 2692477 2694541 2695777 2698011 2700585 2703367 2704714 2705419 2710563 2713712 2714545 2717196 2718416 2721625 2722745 2733380 2734520 2737538 2739459 2744068 2746490 2747612 2749364 2754496 2756278 2761227 2762829 2764855 2766019 2766935 2767889 2769365 2772715 2774969 2776650 2777822 2781869 2783405 2783971 2784771 2786712 2789894 2792703 2794421 2796427 2797926 2799239 2800115 2801330 2803633 2805591 2808983 2811584 2812613 2813488 2817347 2818787 2820227 2821859 2822870 2824229 2826916 2828359 2830258 2831328 2833474 2836038 2837148 2842959 2844774 2851480 2852435 2854378 2855535 2856584 2858973 2861968 2864180 2866913 2868008 2873111 2874033 2876719 2879091 2883965 2885397 2886423 2891528 2893177 2894309 2896372 2898844 2899845 2901118 2902919 2904074 2908542 2909864 2913606 2914937 2916985 2917947 2920700 2921373 2923008 2928087 2932553 2934987 2938070 2941297 2942968 2945269 2946680 2948734 2950310 2952087 2954466 2957984 2960033 2961001 2964704 2966358 2967358 2968693 2970037 2972056 2973402 2974060 2974790 2978420 2980352 2982575 2983535 2986888 2990369 2991054 2991874 2993984 2995405 2996688 2998878 3002488 3003474 3007365 3008472 3009455 3015112 3016650 3019370 3020945 3023185 3023952 3027173 3029675 3030976 3033647 3035150 3037284 3038435 3040448 3041682 3043150 3044779 3048401 3050356 3053180 3057008 3058964 3060606 3061644 3062448 3064612 3072136 3073138 3074381 3078458 3079723 3080616 3082098 3085199 3087505 3088726 3090813 3091826 3093161 3095058 3096867 3098383 3101682 3103406 3106368 3108365 3110627 3113226 3115226 3118429 3121063 3122428 3123545 3125381 3127996 3130789 3132833 3134455 3135503 3137086 3138510 3139714 3140577 3143085 3144169 3147757 3148716 3150976 3152487 3153495 3156928 3158150 3159440 3160597 3161661 3162971 3164890 3166235 3168367 3172631 3177217 3178481 3180342 3181561 3183834 3185883 3187069 3188340 3189630 3190940 3194225 3195506 3196667 3197790 3199393 3204884 3209866 3210893 3214459 3217191 3218070 3222179 3225232 3227167 3230211 3231736 3232684 3233736 3235064 3235888 3236813 3237466 3239523 3242336 3243720 3248313 3249311 3251512 3252463 3253209 3254704 3256376 3258580 3259926 3262384 3264618 3266011 3266747 3269110 3270047 3272092 3274170 3275611 3278429 3280272 3281443 3283372 3285275 3286088 3289172 3293664 3294379 3296525 3298468 3300811 3305164 3306317 3307386 3309118 3309875 3311769 3313369 3315019 3316344 3317494 3318668 3321280 3324206 3327118 3330192 3331230 3332852 3335447 3336301 3341100 3342652 3343892 3345452 3346648 3348145 3350392 3351816 3352928 3353744 3355591 3356831 3359972 3360895 3362235 3364475 3366070 3368342 3369939 3371574 3373295 3375818 3376731 3377989 3379926 3382029 3383537 3386038 3386709 3388591 3392584 3393956 3394628 3395960 3397790 3399394 3402376 3403362 3405790 3408757 3410265 3412099 3413051 3415589 3417040 3422411 3425240 3429031 3429863 3432665 3434516 3436199 3437472 3439262 3440658 3443190 3444921 3446838 3448287 3450867 3452024 3454371 3455525 3457181 3459108 3460702 3463883 3464900 3466753 3468496 3469444 3472232 3474404 3476255 3477767 3478597 3481937 3482765 3485173 3488136 3496025 3497460 3499945 3500416 3502215 3505075 3507342 3510971 3512817 3515122 3516789 3517951 3519776 3520863 3521765 3523418 3525163 3528947 3530271 3531823 3532514 3534229 3539236 3541362 3542319 3543947 3545741 3547951 3549656 3550635 3553628 3554549 3557012 3558466 3566072 3572145 3574597 3575990 3579842 3581518 3583429 3585299 3588224 3589343 3590717 3594804 3596261 3599893 3601427 3604898 3606257 3607306 3609402 3612660 3613559 3614273 3616050 3619148 3622057 3625009 3627718 3628846 3629762 3634523 3636713 3637389 3638645 3640325 3644958 3647317 3649798 3656799 3657849 3660127 3661447 3663293 3665681 3670631 3672441 3674670 3675297 3678078 3679302 3680064 3681017 3684772 3685883 3688057 3689014 3691209 3693339 3697798 3699912 3701307 3704853 3706949 3709660 3714676 3715714 3718285 3719226 3721308 3723539 3725789 3727029 3728716 3731382 3735142 3737098 3739504 3741506 3744556 3749585 3751326 3752832 3754210 3755289 3756584 3757941 3760251 3762127 3764044 3765614 3766681 3768464 3769708 3771272 3771740 3774374 3776558 3778329 3780754 3782003 3786069 3786966 3788588 3791264 3792360 3793605 3794955 3795946 3797014 3800556 3802678 3804806 3807076 3808285 3809327 3810427 3812112 3813414 3815079 3817808 3818769 3821578 3822595 3823822 3826716 3832089 3836585 3839617 3840277 3841893 3843831 3844997 3846275 3848640 3852540 3853671 3854672 3857381 3858878 3860697 3861941 3864100 3865922 3869219 3870887 3873334 3874844 3875855 3877888 3882122 3884847 3886898 3889341 3891030 3893447 3894420 3898165 3899873 3901934 3904060 3905768 3909729 3910742 3912595 3914649 3915144 3918691 3924878 3927972 3929108 3929879 3931464 3932453 3936684 3938446 3942280 3945219 3947315 3949409 3951461 3952813 3960064 3963383 3964157 3967037 3971554 3973039 3976467 3977528 3978610 3979461 3980177 3983591 3986574 3989103 3990773 3993435 3994445 3995680 3996850 3997557 3999637 4001036 4002033 4004035 4009858 4011301 4012219 4013388 4016433 4018082 4019508 4022222 4024682 4027082 4029088 4030135 4031380 4032517 4034109 4037048 4039155 4040772 4041642 4045425 4047083 4049642 4050923 4052188 4058282 4059147 4061249 4062147 4063103 4064519 4070811 4072245 4074155 4075526 4077193 4082329 4083867 4085016 4088017 4088890 4090992 4092013 4093425 4095044 4099100 4099947 4104274 4105503 4111826 4112663 4116228 4117800 4119873 4121376 4122663 4123741 4124973 4129080 4132962 4134497 4135381 4136509 4137824 4138642 4139991 4141862 4143979 4144854 4145716 4147268 4148151 4153159 4154048 4155981 4157008 4158547 4160037 4167383 4169389 4171618 4175119 4176383 4178249 4180800 4183368 4184895 4186737 4192151 4193427 4194669 4196318 4197218 4199015 4202355 4206343 4208107 4212505 4214533 4217298 4220987 4222097 4224978 4228138 4232645 4234641 4237772 4239233 4241924 4243127 4245013 4246596 4247723 4248923 4250826 4251734 4254816 4256574 4257626 4260019 4261114 4261836 4262924 4267133 4268719 4271637 4273195 4274321 4276568 4277714 4282809 4286034 4288296 4292226 4294623 4296275 4297323 4298988 4300011 4301742 4303176 4305440 4311888 4313168 4315984 4316863 4319306 4322251 4323172 4326531 4329109 4329796 4330959 4334940 4335519 4337311 4339150 4340292 4344432 4345505 4347355 4350124 4351049 4353074 4355700 4359278 4360835 4361744 4364581 4366592 4373649 4374488 4376571 4378516 4379943 4380829 4384843 4387116 4387901 4389170 4395690 4398572 4400826 4402520 4404073 4406002 4407971 4410278 4412439 4414875 4416332 4419119 4420366 4421819 4423620 4426416 4430280 4432741 4434220 4435357 4436609 4438185 4441945 4444056 4444913 4446805 4449551 4451324 4454210 4455428 4457188 4458171 4460330 4461889 4465592 4466420 4467832 4469011 4471273 4472554 4474718 4475400 4478598 4479896 4486953 4487872 4489026 4490402 4491608 4494642 4497241 4498939 4501884 4503532 4506820 4508873 4512160 4515408 4516751 4518304 4520123 4523808 4525352 4529358 4530450 4531940 4533687 4535180 4536943 4540189 4541713 4543788 4545382 4549720 4551412 4553968 4557371 4558671 4560055 4564836 4566611 4570117 4571071 4573528 4576412 4577795 4580063 4581138 4582010 4583416 4585491 4587371 4588887 4591536 4594839 4596376 4599578 4601296 4602354 4603226 4604391 4605593 4607376 4609055 4613106 4614818 4616928 4618781 4619668 4621889 4623520 4625959 4629544 4631100 4632180 4633453 4636139 4638856 4641561 4643958 4648854 4650726 4656924 4659544 4660888 4662456 4663383 4665170 4666411 4667820 4671461 4673410 4675436 4676633 4678953 4680242 4687041 4689008 4690938 4698998 4700891 4701891 4705369 4706352 4709242 4711826 4713186 4716334 4718906 4719858 4720743 4722695 4724128 4725605 4728616 4731088 4733542 4734861 4737112 4738469 4744357 4745519 4746531 4748848 4751567 4753998 4754823 4757244 4764400 4767023 4768784 4769892 4772890 4774397 4775911 4781192 4783937 4786058 4789024 4792098 4795028 4796561 4797449 4799679 4801759 4803594 4805277 4806266 4809501 4810467 4813837 4815434 4816670 4818614 4820534 4821582 4825526 4826797 4829901 4832689 4835968 4839625 4841865 4842637 4845344 4847303 4851781 4855371 4863582 4866398 4868582 4869531 4871415 4875545 4877423 4878807 4881198 4882259 4883550 4885861 4886379 4888994 4891037 4891687 4893530 4894736 4896971 4898057 4900582 4907161 4909669 4911603 4912598 4913578 4915150 4917761 4920313 4922253 4925320 4928399 4929268 4933677 4935642 4937987 4939278 4941413 4943232 4945675 4946346 4950209 4952344 4956305 4958346 4959475 4960481 4961585 4963151 4964473 4966173 4967146 4968028 4970669 4972185 4976326 4979783 4981210 4982754 4983591 4984507 4985690 4986410 4987988 4990303 4995046 4998565 5000944 5010043 5012179 5014010 5015799 5016807 5019164 5020418 5022087 5023285 5024818 5027223 5028707 5030579 5031577 5033958 5035769 5038352 5040649 5042419 5047826 5048658 5049498 5051420 5057279 5061815 5064938 5070690 5072221 5074257 5075597 5076759 5082191 5083520 5085260 5086919 5090207 5091428 5092236 5093337 5094979 5096466 5098817 5100188 5104243 5106452 5109191 5110656 5114017 5118389 5121686 5125246 5126575 5127620 5129371 5130714 5137249 5138315 5140877 5142375 5143500 5145060 5146598 5152738 5153817 5156594 5157563 5158615 5161015 5163192 5166066 5167387 5170843 5172622 5173784 5174953 5177055 5179413 5182136 5183530 5184492 5186278 5187390 5189321 5194437 5196218 5197961 5200711 5204550 5206583 5212195 5214300 5216341 5217427 5218770 5221364 5222420 5223626 5228072 5229600 5231378 5233957 5236511 5237891 5242389 5243397 5245604 5247041 5248311 5249643 5250964 5252959 5254846 5256688 5257519 5261388 5265885 5267154 5268718 5271115 5274371 5276082 5276914 5279314 5281310 5282235 5284816 5288741 5290116 5291977 5296709 5297485 5301474 5303032 5304082 5304930 5306385 5309722 5311743 5317378 5319109 5319992 5322518 5325341 5326654 5329274 5331082 5331834 5334022 5334729 5336144 5342829 5345014 5346483 5351498 5353065 5356555 5359292 5360309 5362106 5363710 5366161 5369116 5370711 5371440 5374552 5376325 5379742 5380760 5383622 5388415 5391723 5393926 5396383 5397624 5400237 5401115 5403063 5404323 5405069 5411540 5413645 5414970 5416451 5418107 5421266 5424065 5426105 5428686 5429925 5431371 5432441 5433223 5434134 5438435 5440629 5441394 5447975 5451488 5452814 5455412 5456294 5458828 5462371 5463848 5465299 5472527 5474717 5477866 5480740 5484194 5486064 5487737 5490581 5493675 5495565 5497070 5499757 5503416 5508211 5509171 5512075 5518234 5521422 5523220 5524435 5526335 5528247 5531132 5533002 5537623 5538465 5540181 5542922 5544871 5545859 5550843 5552390 5554471 5565851 5566965 5568021 5569050 5570614 5572022 5573202 5574994 5576719 5579058 5580393 5582154 5583276 5585286 5586174 5587664 5589752 5591617 5592897 5594404 5597253 5599481 5601029 5601894 5603556 5604688 5607442 5608529 5611530 5613136 5615418 5618415 5619840 5620665 5622334 5623956 5624918 5626360 5627567 5632671 5633526 5634621 5637908 5640192 5640838 5648379 5650276 5651329 5652382 5658592 5660452 5661141 5663710 5665908 5666657 5669827 5672542 5673582 5675268 5678198 5679955 5680733 5682639 5685058 5686444 5688373 5689298 5690353 5692523 5695838 5699559 5701293 5703478 5704965 5708263 5710395 5711591 5713034 5714744 5723641 5726388 5728612 5729579 5735616 5738089 5739943 5741137 5742166 5744082 5746162 5750617 5752648 5754329 5756242 5760391 5763069 5765612 5768539 5769914 5771293 5773169 5774649 5776296 5779143 5781351 5784546 5785940 5790578 5794674 5795544 5796628 5799152 5801007 5801811 5803386 5805637 5807331 5808245 5812262 5816484 5818120 5819447 5821107 5822242 5823632 5825715 5827157 5828464 5831006 5833198 5835621 5837813 5845649 5847229 5849246 5851560 5853065 5854210 5855331 5856955 5858170 5859256 5859886 5864790 5866869 5868762 5874979 5882039 5882966 5884437 5886891 5890392 5894864 5896336 5897936 5899939 5901127 5902074 5903094 5906243 5911455 5912722 5915459 5917455 5919049 5921378 5923519 5924530 5925953 5927667 5929528 5931802 5932730 5934935 5939263 5940673 5942207 5944351 5947738 5948969 5950414 5952058 5953407 5957238 5959426 5961373 5962108 5963828 5965311 5966894 5967972 5969992 5975979 5978103 5980010 5981426 5986046 5988843 5990202 5992576 5994705 5996359 5998287 5999674 6006776 6008262 6009304 6011634 6012396 6013461 6015758 6016542 6017757 6019611 6021701 6023228 6026035 6034821 6037608 6042274 6043787 6045183 6045861 6049625 6054921 6055813 6061829 6063532 6065141 6066641 6068412 6070383 6072777 6074253 6076000 6077087 6081136 6084700 6086163 6088197 6091942 6092918 6093862 6095098 6096630 6098345 6100884 6103985 6106927 6109055 6111877 6115202 6118041 6120233 6121901 6127102 6130399 6133694 6134645 6136590 6137440 6139042 6140731 6141640 6143402 6145342 6146608 6147865 6155037 6158701 6159581 6160923 6162540 6163805 6164568 6166684 6169377 6173702 6177131 6178063 6180877 6183298 6185238 6186175 6187874 6189163 6193757 6196466 6198425 6199760 6200971 6203123 6204094 6205771 6206652 6208443 6211891 6213712 6214656 6217354 6218714 6219690 6220317 6224716 6227225 6230994 6232596 6236656 6242016 6243482 6245456 6247369 6248381 6249157 6250694 6251752 6254720 6256967 6259116 6263568 6266391 6268115 6270986 6271878 6276162 6278140 6281265 6282765 6286462 6288577 6290596 6292365 6293125 6294967 6296615 6298012 6298905 6300258 6301088 6301774 6307573 6308212 6310027 6310995 6313567 6316113 6318719 6322151 6323873 6326674 6327442 6328807 6333064 6335412 6336362 6337488 6339190 6339914 6341388 6342805 6349340 6350906 6356201 6358133 6360083 6362553 6363429 6365617 6368670 6370732 6372188 6373836 6375890 6377418 6379640 6380520 6382553 6383600 6388502 6392044 6393651 6395360 6397330 6398495 6401038 6405512 6408448 6411716 6416000 6418578 6419694 6423902 6425162 6429255 6431190 6432202 6433947 6437976 6441553 6444746 6445932 6447361 6448080 6449158 6450724 6452417 6453398 6455476 6457270 6459585 6461393 6466632 6467798 6473198 6474232 6475386 6478905 6480989 6481862 6482971 6485242 6487444 6489129 6490069 6495182 6496641 6503452 6504852 6509042 6513320 6514237 6515424 6517440 6519562 6521039 6522065 6524303 6526712 6530010 6532399 6533171 6535192 6536916 6540188 6541957 6544710 6548066 6549839 6551623 6553049 6554029 6558315 6559643 6560804 6562042 6563211 6565919 6567477 6572123 6573957 6577032 6578472 6579892 6582277 6584598 6587472 6588692 6590012 6590999 6594010 6594722 6595425 6597568 6598844 6599763 6605495 6607601 6608498 6610651 6611979 6613231 6615814 6620325 6621746 6622772 6625610 6628390 6631018 6632648 6635595 6638266 6639655 6640603 6642063 6643385 6647017 6653517 6654552 6655921 6660441 6663993 6664940 6666900 6670411 6674087 6676111 6676830 6679057 6681723 6685817 6686740 6690668 6693250 6698082 6701541 6702453 6703497 6704528 6706650 6711320 6712904 6715876 6717132 6720148 6721988 6722800 6728884 6732678 6734222 6739297 6740883 6742360 6743224 6744431 6747509 6748435 6749098 6750823 6752218 6755603 6757834 6760237 6764904 6766766 6771655 6773525 6777358 6779030 6781353 6785593 6788147 6789666 6791697 6793227 6794407 6797944 6801058 6802371 6803765 6804864 6806566 6808923 6810428 6815098 6817631 6818475 6820174 6824057 6828071 6829058 6830650 6832223 6839524 6841221 6845089 6846095 6847004 6850984 6852873 6854336 6855364 6859225 6861257 6862698 6867765 6871631 6873462 6875734 6878031 6878983 6880934 6881571 6882265 6884554 6886284 6887660 6888623 6890960 6893348 6894902 6895909 6897084 6898747 6900230 6901374 6902727 6905359 6912498 6916921 6921403 6922847 6925617 6929497 6931013 6932972 6935624 6938901 6940184 6945511 6947241 6948966 6951093 6953698 6954643 6956368 6960808 6961990 6963797 6965057 6967842 6968751 6969671 6971968 6972673 6974199 6976404 6979777 6982618 6983689 6987220 6988309 6989367 6990653 6991633 6992618 6994148 6996395 6997530 6998748 7002841 7004854 7007307 7008472 7010493 7016786 7017810 7020667 7021738 7022622 7026409 7028236 7032090 7033567 7035904 7036985 7038162 7041916 7042902 7044047 7044960 7047983 7049743 7051606 7054804 7056828 7057429 7058202 7061007 7062777 7064527 7065353 7067252 7068438 7069802 7071456 7075162 7079763 7080798 7087512 7090843 7092865 7096687 7098407 7099262 7102511 7105651 7107524 7108981 7110378 7114716 7118621 7119640 7123408 7125153 7126245 7127573 7128449 7131528 7133466 7135439 7137047 7137755 7142261 7143412 7145118 7146283 7147366 7148869 7149758 7152788 7156703 7162980 7163916 7166956 7170003 7170775 7172223 7173467 7175611 7177279 7182540 7189673 7190954 7192878 7194077 7194963 7196820 7197839 7198446 7199591 7202278 7205420 7207438 7208627 7209619 7212662 7213568 7214614 7215747 7216851 7219754 7222421 7224789 7226517 7228058 7228935 7230963 7234102 7235601 7236994 7239329 7240667 7242212 7244989 7246512 7248189 7249567 7250541 7251933 7253804 7256579 7258526 7260586 7262849 7264231 7265830 7269330 7273505 7274919 7276158 7280634 7281999 7291991 7294395 7296654 7298301 7299670 7301202 7305705 7306977 7310899 7311831 7313858 7316909 7321223 7327696 7329003 7333549 7335003 7336788 7337922 7340546 7343883 7346664 7347717 7351090 7353583 7355365 7356520 7358103 7359976 7361390 7365430 7367488 7370184 7371847 7373016 7374510 7377606 7378808 7379765 7380806 7382418 7383768 7385813 7387391 7391458 7392927 7393905 7396443 7397634 7402006 7403940 7408868 7412431 7414888 7417596 7418122 7419472 7425182 7427336 7428679 7429766 7432429 7433443 7434600 7435985 7437340 7439087 7440276 7444857 7446712 7447673 7450286 7451543 7454588 7455937 7457099 7458515 7460495 7461527 7463172 7466172 7468263 7469537 7470858 7471641 7473852 7477021 7481812 7488307 7490188 7492143 7493708 7495274 7497110 7498953 7501369 7503918 7505293 7507008 7509436 7510558 7512463 7515459 7517759 7519998 7528734 7530458 7533497 7535389 7536354 7538626 7539860 7542709 7544261 7546663 7549684 7550558 7552689 7556047 7557632 7560429 7561770 7564190 7565408 7569526 7578121 7580961 7583262 7588539 7591273 7594727 7597843 7603664 7606411 7607804 7609464 7610431 7615035 7618358 7619842 7621828 7623007 7625701 7627080 7628547 7629642 7633566 7637633 7644148 7645601 7647182 7648724 7650024 7650924 7651785 7653535 7655460 7657086 7658095 7659251 7664332 7666462 7667507 7669643 7674698 7678204 7682289 7685785 7689608 7693619 7694596 7696876 7699420 7701774 7706217 7714114 7716025 7721219 7724475 7728269 7729999 7732513 7735574 7736861 7739050 7740563 7741418 7742239 7744304 7745660 7747847 7751471 7752831 7754859 7757158 7760049 7762365 7764319 7768610 7774262 7775727 7777682 7781194 7784986 7786109 7789914 7792831 7794334 7799049 7801107 7802390 7807525 7808533 7809367 7811875 7813520 7815395 7818522 7820003 7820713 7821749 7826159 7834752 7836098 7837517 7839745 7841240 7842689 7846429 7848792 7850412 7853692 7854940 7858547 7861383 7862500 7864746 7866658 7868095 7869443 7871077 7872407 7875788 7876677 7878381 7882268 7884341 7886718 7887766 7890415 7892690 7894985 7897737 7899840 7900960 7902980 7904389 7907136 7914954 7916322 7918162 7923384 7925423 7928671 7930001 7933853 7936245 7939734 7945529 7947727 7950323 7953171 7955167 7959226 7961433 7966875 7968506 7969638 7974875 7975830 7977173 7978017 7980190 7982972 7986123 7987393 7988843 7991657 7993351 7997005 7999951 8001590 8002733 8005951 8008770 8011009 8012776 8014100 8014907 8016573 8018450 8025205 8026154 8027883 8029027 8035464 8037763 8039689 8040819 8043937 8046588 8048110 8049529 8053261 8054623 8057579 8058536 8060474 8062170 8063695 8065444 8068514 8070924 8073908 8077381 8079230 8080183 8081363 8082761 8088023 8090658 8091525 8092646 8093770 8094895 8095593 8097481 8099176 8101574 8107575 8112258 8115501 8117907 8119353 8120655 8122568 8127351 8128903 8130618 8132665 8137494 8138179 8139740 8143246 8144479 8145906 8149407 8152247 8154919 8157551 8160842 8161729 8162946 8164670 8168773 8171197 8173363 8175254 8176610 8179573 8180728 8183322 8184547 8187211 8190515 8192543 8193333 8196035 8197569 8199553 8200657 8204550 8207146 8208131 8209963 8213228 8216012 8216869 8218747 8220858 8224456 8225614 8228536 8229421 8230549 8232035 8232973 8235336 8237519 8238279 8239388 8242933 8244464 8247839 8248573 8250465 8252488 8254838 8257062 8260997 8265783 8266511 8267764 8270339 8272536 8273799 8275045 8279932 8281747 8291010 8292555 8294143 8297805 8301318 8303571 8306136 8307518 8309503 8311094 8312564 8315194 8317061 8318461 8321804 8323231 8324135 8326580 8327714 8329348 8332806 8334349 8335487 8338928 8343063 8344529 8345309 8348471 8350090 8353873 8357576 8358978 8361578 8363344 8364516 8367026 8369628 8373110 8377800 8379436 8380886 8382435 8384631 8386613 8388161 8390655 8392829 8394755 8396579 8398252 8399544 8401950 8404940 8406014 8410040 8412493 8413915 8417137 8418779 8421072 8424624 8425434 8426220 8429808 8431780 8435935 8439243 8441137 8442710 8444348 8445682 8447541 8449281 8451949 8456135 8457238 8458692 8462001 8463552 8465822 8473615 8475773 8477285 8481083 8482879 8484409 8486499 8487324 8489840 8491804 8497352 8498818 8500282 8501608 8503001 8503919 8504579 8505358 8506721 8507917 8510173 8512191 8513699 8515453 8517050 8519449 8526239 8527335 8528386 8529552 8531046 8532528 8533824 8536111 8538107 8539070 8541843 8544560 8546228 8548212 8552043 8553242 8554423 8557204 8558702 8559951 8561840 8565195 8566291 8569659 8571229 8572204 8573513 8574880 8576974 8579513 8580404 8582915 8585403 8586453 8587949 8590087 8590988 8593394 8595151 8599784 8601127 8603139 8605682 8607154 8609158 8610951 8612236 8615546 8617452 8622004 8623675 8624569 8626265 8627456 8628395 8633717 8635318 8636976 8640447 8641457 8645694 8647826 8648901 8650314 8653944 8656008 8657800 8659380 8660909 8662032 8665208 8669702 8671510 8672567 8676313 8677158 8679578 8680246 8681534 8683732 8684896 8686420 8688987 8690201 8694103 8695228 8697519 8698840 8700024 8702097 8702987 8706319 8711481 8715323 8716614 8717274 8718962 8720212 8722576 8724627 8727218 8729755 8730699 8731765 8732936 8734525 8735546 8737994 8741404 8743317 8749073 8750350 8752979 8754042 8757136 8759041 8760760 8763148 8764092 8767176 8768463 8775091 8776851 8777637 8779489 8780329 8784413 8790363 8791595 8792808 8796020 8797050 8798005 8799462 8800522 8803542 8806555 8807543 8810144 8816435 8821101 8825163 8826504 8827688 8829364 8830143 8831597 8833006 8836318 8841145 8845229 8847191 8848996 8850830 8854605 8856409 8857584 8858361 8859568 8861851 8863089 8864278 8867005 8867900 8869799 8875183 8878021 8879169 8881828 8883733 8886383 8887732 8889185 8890818 8893643 8895044 8896013 8897842 8901550 8903296 8905108 8906354 8908199 8913118 8914332 8915668 8917319 8918736 8920736 8923373 8925376 8928969 8935706 8941643 8946610 8948651 8952278 8953150 8954538 8957164 8957957 8959119 8960111 8961544 8962357 8967817 8972683 8974105 8976698 8977440 8980982 8982966 8985779 8986904 8990218 8991720 8995906 9000014 9002308 9005147 9006065 9008929 9010499 9014299 9020139 9025959 9032819 9051980 9054648 9058108 9058767 9059561 9060876 9061627 9067573 9069860 9071891 9073676 9075756 9077797 9079463 9081420 9083193 9084207 9087401 9088615 9090542 9091708 9095380 9096670 9098310 9102533 9105445 9109813 9112443 9115983 9118253 9120818 9121880 9123339 9124676 9126518 9129164 9131156 9133548 9137185 9138583 9139690 9141204 9144031 9145993 9148921 9150706 9152368 9154505 9157721 9159671 9164798 9168900 9169775 9171669 9173553 9175421 9178551 9180937 9182665 9184213 9185249 9186681 9187640 9188295 9189896 9190805 9195579 9196732 9197975 9199863 9200870 9204880 9207819 9209762 9210846 9212992 9216291 9219782 9221044 9222632 9225093 9226399 9230281 9231246 9234742 9237426 9238474 9239917 9242514 9244933 9247091 9249490 9251160 9252601 9255705 9258458 9259717 9262343 9267358 9269016 9270090 9271689 9272634 9274152 9277932 9279800 9282143 9284520 9287898 9289924 9293197 9294000 9296697 9297953 9299218 9300815 9301693 9304335 9305991 9312598 9314245 9315499 9317639 9319134 9320976 9324028 9325766 9326861 9327472 9330645 9331463 9332351 9335233 9337556 9338910 9339884 9342473 9344432 9346908 9348879 9350529 9351431 9353200 9354789 9357377 9359366 9361604 9364199 9365396 9366586 9368865 9370223 9371554 9375617 9377807 9381544 9382277 9384243 9385129 9387169 9388387 9391379 9394393 9395825 9397666 9401240 9404039 9406458 9407527 9409750 9413402 9416480 9417566 9418598 9420594 9421907 9422928 9424747 9425529 9428161 9432808 9433706 9435392 9436531 9438474 9441387 9442078 9443314 9444538 9445575 9446852 9447731 9448548 9454053 9455938 9458214 9460001 9461830 9464314 9466105 9468876 9470801 9471627 9472710 9473806 9474710 9477204 9478154 9479425 9481299 9483658 9488436 9490570 9492252 9496520 9501081 9502741 9503776 9504635 9506166 9508313 9509938 9511309 9513279 9514869 9517089 9519085 9520956 9522801 9523727 9527155 9528598 9530637 9532060 9534721 9536396 9540361 9542838 9544368 9545995 9547178 9548108 9549715 9553964 9556248 9558259 9559264 9561241 9566098 9568958 9571346 9573181 9574616 9576027 9577044 9578735 9580214 9581845 9582911 9588482 9590925 9593167 9596623 9597430 9599234 9601701 9603015 9605347 9608213 9611431 9612666 9613880 9615433 9619112 9620586 9621963 9629350 9630718 9631922 9633315 9634341 9637964 9641647 9644560 9645836 9648715 9654619 9657801 9659275 9660776 9661511 9664906 9665813 9670386 9671400 9672271 9673709 9675462 9677671 9679776 9681570 9683736 9688401 9689916 9692235 9694809 9695938 9697771 9698963 9701586 9705670 9707660 9708891 9711716 9714674 9718922 9719978 9722379 9724074 9726554 9727571 9728235 9731532 9732980 9736193 9737684 9741398 9742525 9745233 9746120 9750004 9751695 9752584 9754259 9756464 9757945 9759256 9765458 9766418 9768569 9771203 9773376 9774359 9776693 9779121 9780605 9783014 9788482 9789217 9793948 9797457 9798767 9801512 9803776 9808527 9813779 9814586 9816538 9817382 9819851 9821504 9822439 9823220 9825383 9826092 9831609 9832858 9834282 9838738 9839884 9840795 9842488 9844211 9844836 9846133 9848741 9851134 9855141 9856226 9863720 9864957 9868944 9870537 9875526 9878333 9879470 9880660 9881733 9882796 9884062 9886805 9888360 9890083 9892165 9893809 9895993 9896822 9898491 9901413 9902968 9904487 9905853 9908810 9910240 9912996 9916214 9923870 9924751 9925893 9927843 9929192 9935318 9936219 9937791 9940374 9941436 9943872 9950253 9951145 9952524 9953605 9959486 9961484 9964681 9966594 9968441 9971192 9975230 9980576 9981558 9982319 9983927 9986952 9988069 9989668 9990528 9991969 9993191 9995193 9996718 9998068 
</Matrix>
<Matrix name="Neuron_317" type="complete" rows="1" columns="651" multiplier="1.0">
   14538 25604 30188 31594 60813 99893 101814 108910 111840 143838 148850 151520 163657 167264 171753 177393 190401 195568 206413 238211 256958 274958 294847 303146 328324 332774 341407 394574 403389 417859 419207 429396 433562 455153 464924 466934 471734 477068 484418 513360 525326 533143 555701 559517 580993 639024 647436 649136 663639 688308 693841 701781 733080 737324 742786 744004 790018 821158 868423 879936 890249 893184 898963 913429 926219 944920 966796 973651 985968 1004785 1021823 1051257 1060169 1062105 1079987 1120242 1165794 1168505 1174534 1180531 1187806 1196069 1204336 1267895 1322754 1335151 1336173 1339450 1345731 1354185 1355857 1366122 1409182 1414202 1415750 1435914 1455617 1482408 1498560 1503021 1547570 1548549 1555544 1578031 1595557 1600075 1605654 1608662 1612328 1617622 1626229 1654764 1669653 1675440 1698012 1703372 1710118 1712462 1715855 1721781 1722686 1737459 1749829 1758952 1762178 1807780 1825450 1874293 1876367 1883374 1941607 1967434 1985707 1995312 2036058 2041008 2042216 2057442 2061259 2068391 2081293 2084310 2143146 2148960 2159627 2161627 2177000 2226314 2264691 2266271 2283343 2285087 2303476 2322153 2327210 2381528 2407255 2412052 2427628 2429323 2449503 2473091 2476983 2496301 2500048 2511153 2517721 2569919 2607133 2656677 2658641 2679673 2690948 2694991 2704018 2712856 2716690 2744830 2752757 2764715 2767547 2780771 2784714 2787570 2814941 2821778 2866901 2906832 2912302 2921771 2943609 2953889 2954854 2956593 2967918 2973415 2978060 2982705 2994588 3045135 3069777 3079581 3081524 3117843 3155276 3173929 3177869 3182080 3188603 3256978 3260219 3309734 3327654 3332641 3350683 3378811 3387276 3390355 3434100 3452889 3468624 3472293 3476688 3506058 3514743 3536401 3546587 3574611 3576701 3637383 3656766 3668920 3682438 3688168 3698567 3709821 3720442 3727828 3769773 3790827 3793248 3818563 3835947 3851867 3869133 3875662 3896003 3903026 3938568 3953712 3980771 3992213 3998676 4004016 4022619 4024544 4043276 4044972 4076458 4078148 4093838 4127809 4141389 4149959 4153769 4159081 4162810 4167876 4179720 4190326 4225377 4236067 4268812 4289873 4310701 4324128 4359066 4374431 4401029 4422613 4430428 4449028 4459207 4461083 4500898 4528344 4530558 4549239 4555185 4557962 4561524 4567101 4581868 4604897 4643317 4645134 4666305 4675528 4696881 4700315 4702521 4710082 4717955 4727176 4746734 4751595 4755404 4784424 4812573 4817059 4819792 4824633 4845821 4853833 4859343 4860268 4871266 4873728 4883986 4886507 4901513 4905189 4908513 4915713 4927156 4934130 4945656 4962703 4986912 4993606 5069367 5084003 5103593 5115664 5118236 5144113 5165253 5168374 5198725 5209640 5222700 5224869 5252606 5279082 5345575 5352143 5354635 5357811 5362917 5392461 5396252 5486194 5488716 5503588 5516220 5520760 5527177 5538932 5543518 5555495 5566331 5578383 5588224 5596404 5606007 5625755 5647669 5653273 5658463 5678980 5690267 5871577 5875605 5890287 5898552 5899531 5905738 5907090 5920479 5923444 5950553 5982647 5988246 5993094 6000709 6029324 6059833 6084246 6146725 6157846 6160784 6180308 6183967 6207568 6233670 6255393 6258688 6265032 6286098 6312477 6316782 6323951 6325005 6328718 6355802 6374357 6412388 6436669 6467098 6468949 6474085 6482098 6484908 6497095 6498537 6539264 6543252 6550851 6564051 6604081 6639179 6640704 6662776 6672285 6693782 6717322 6719966 6760298 6801401 6808237 6814299 6816543 6833907 6835371 6840726 6843152 6851734 6862615 6873427 6905505 6914212 6928512 6952307 6985143 7012027 7028630 7030461 7034563 7055177 7076793 7091430 7106146 7109645 7135730 7149839 7163872 7174139 7187873 7222745 7233187 7241375 7245536 7250763 7259217 7266409 7293798 7301624 7309030 7311931 7326537 7328678 7334814 7341084 7374950 7387964 7393754 7407737 7410462 7419864 7429163 7466560 7472703 7474326 7477739 7491217 7502364 7504118 7520778 7572606 7590389 7593901 7641096 7679066 7681931 7699704 7701432 7702788 7739363 7761445 7769139 7772021 7796186 7804275 7814561 7820038 7852032 7867556 7878849 7881621 7889372 7910393 7948411 7959219 7968252 7974724 7975909 7982374 7991169 7996769 7998332 8000790 8009175 8013880 8047004 8056585 8062250 8077080 8104436 8122398 8130712 8151590 8156251 8179596 8197363 8201029 8219920 8230536 8238606 8240779 8275866 8296719 8307660 8310497 8326142 8331914 8337131 8395527 8407145 8415243 8444857 8519535 8533433 8537566 8601824 8610047 8617062 8626224 8648397 8679966 8686413 8706175 8710975 8719220 8723220 8728876 8774159 8819641 8844811 8863251 8869341 8883290 8933400 8952961 9000596 9004812 9010416 9015504 9018878 9074363 9081396 9084156 9101042 9150498 9156731 9161282 9162919 9170743 9175247 9177657 9234167 9251551 9252803 9276469 9292632 9343916 9347509 9366753 9377012 9384342 9408041 9446604 9455669 9472869 9475473 9476554 9480664 9498560 9544805 9555380 9574610 9581340 9589596 9608713 9613514 9628226 9640727 9655116 9656831 9678082 9680823 9683044 9688924 9695798 9697082 9698362 9706584 9729024 9751251 9761802 9792868 9821188 9824505 9847158 9848213 9854293 9861399 9864547 9871608 9875361 9878733 9883855 9895233 9904067 9912550 9916751 9948343 9957398 9975762 9983796 9986397 9989277 
</Matrix>
<Matrix name="Neuron_327" type="complete" rows="1" columns="3312" multiplier="1.0">
   1275 4214 7168 20875 28252 33371 35402 38280 42812 44865 46046 48621 49638 53460 54135 57042 58778 60209 62539 64121 66237 67364 75112 77797 79346 82855 84102 85248 86454 89459 92089 96489 100972 103405 107157 110313 114767 115491 117995 118701 120873 123576 126054 127192 128725 129814 131173 132899 135646 138000 142300 143904 145247 146605 148876 149908 152214 155168 157067 157856 159096 159890 163564 165444 172762 175172 178035 179066 181406 183696 185927 187325 189712 191959 194064 196443 198939 202464 204809 207636 209176 212646 213414 216665 220113 223546 224538 226051 228306 231788 232819 235968 242257 244192 246898 248349 249510 257072 263871 265273 266592 267691 276898 278827 284162 285822 286941 290045 292321 293403 297847 298673 300284 301584 303524 305300 307840 309597 310255 319690 325201 326881 334766 336600 339064 341004 346873 348607 350542 351441 353407 358100 358973 359787 361518 363806 365908 367069 369681 370859 372534 375836 379667 380852 381755 389104 390434 391663 393822 395393 398000 400573 402210 407001 408335 411763 413779 422323 423921 426855 431091 437404 441618 445591 448245 451115 452512 454210 454907 456380 457872 459713 462052 467508 470581 472346 476214 477162 478572 480026 482298 485650 488295 491313 493423 495769 498784 505734 508805 511343 517562 518416 519088 521804 523834 526138 527170 529037 533503 535454 536252 538490 540693 547225 549800 551760 553589 554285 557044 560568 561439 562484 565804 570623 573879 575311 576241 577520 580376 582338 583128 589345 592787 593543 598721 602352 603632 605204 608636 609959 611574 616745 620118 622339 626815 629231 632268 634534 635539 638848 639613 644086 647277 648238 651832 652861 657052 659308 662622 669444 671233 677458 678630 683958 684704 686440 688917 690119 691504 693516 698001 705022 707936 711088 714119 715987 721290 723514 725728 726741 730885 734684 737430 738840 739978 740844 747452 748322 750342 753045 756378 764133 771018 772876 774801 781942 783710 784668 787120 791519 792679 793735 797252 798394 801066 803595 805689 810881 819718 821707 824837 826253 830235 831905 834093 842153 844823 851175 852093 853302 856873 859434 861443 866322 867420 869634 872624 873753 877657 878756 881852 889176 890075 892525 893837 899685 903001 904011 906332 911227 912153 914729 916068 920311 922110 924002 927261 928507 933139 934360 939607 941141 942436 945245 953010 954348 955436 958147 959594 961260 965158 968473 972146 976298 980842 982901 991963 994240 996881 1000482 1003626 1007280 1010135 1017670 1022086 1026521 1028154 1029620 1032822 1035214 1036835 1038872 1044883 1051940 1053108 1055789 1061569 1062924 1064483 1066729 1071256 1073841 1079531 1082412 1083170 1086571 1092257 1094299 1098725 1105446 1107128 1109142 1116049 1119167 1122679 1123949 1129881 1131648 1134725 1136560 1137786 1141423 1146527 1149500 1152566 1153514 1154322 1158915 1160175 1165528 1166680 1168424 1170461 1172611 1176934 1178772 1179912 1182572 1184682 1191933 1193288 1195631 1197464 1203079 1204306 1205683 1209610 1217550 1220490 1222235 1225281 1235880 1236865 1239656 1243323 1247293 1250901 1251913 1254344 1255956 1260921 1262446 1264328 1269547 1274339 1276106 1280105 1282876 1285257 1290050 1290933 1293697 1295598 1297365 1299060 1300826 1304858 1305872 1307760 1308910 1311555 1315666 1317001 1318077 1320929 1324424 1326799 1329487 1330863 1332106 1333460 1335509 1340166 1342336 1345797 1349655 1352018 1354129 1356418 1357366 1360166 1365919 1367142 1369361 1371768 1373829 1374683 1376524 1379664 1383856 1385768 1386583 1390160 1393200 1394092 1397735 1399511 1401145 1405876 1408136 1412036 1415627 1420458 1421959 1424553 1425692 1428308 1430652 1432352 1435662 1440536 1446796 1448933 1450891 1453085 1456996 1458547 1459909 1462482 1464432 1467951 1469515 1470679 1476760 1481434 1484647 1488544 1489428 1492971 1495125 1503185 1506032 1510707 1512452 1513770 1522097 1528348 1534013 1535841 1536692 1539469 1540874 1542844 1544034 1549013 1553004 1557698 1559337 1560977 1565996 1572300 1574620 1578926 1583474 1584343 1585795 1593294 1597132 1599017 1603961 1608978 1610452 1612004 1615136 1615804 1617869 1619856 1625320 1629790 1631521 1632354 1634046 1635560 1639186 1641692 1644953 1650301 1654088 1656030 1659384 1660495 1662906 1666281 1667256 1668590 1676530 1685194 1688266 1690077 1693148 1694718 1699831 1701447 1703768 1704882 1706031 1709238 1713202 1716149 1717669 1720177 1722017 1724715 1726789 1730654 1733836 1737528 1741191 1744512 1745490 1747899 1749675 1752113 1756120 1758029 1765535 1767269 1771332 1773193 1775166 1778342 1779981 1783344 1785380 1789441 1804043 1812695 1816866 1820426 1821962 1826951 1828621 1837130 1839504 1844911 1846501 1847964 1850529 1852115 1853753 1854935 1858547 1860461 1862954 1865433 1870710 1875977 1880888 1884372 1887551 1892181 1893205 1894780 1898235 1901580 1906429 1913773 1915994 1921445 1922816 1924238 1925427 1926171 1930323 1931782 1933061 1935864 1940416 1942326 1946405 1950611 1951787 1953287 1955672 1958783 1960086 1963856 1972458 1973331 1975277 1976268 1977136 1977851 1979889 1980746 1982698 1983973 1990712 1995676 1997227 2001794 2005561 2009866 2012496 2014890 2016574 2017336 2026852 2031459 2036646 2040219 2041005 2043629 2047230 2048078 2050240 2051390 2052580 2056435 2057417 2060154 2062295 2068160 2070604 2071982 2074475 2084644 2086349 2092528 2096709 2102097 2105017 2106602 2108023 2108703 2111246 2112690 2114507 2117643 2123260 2128516 2132394 2133588 2136574 2137658 2139480 2141030 2143720 2145381 2150994 2155045 2158422 2159361 2161374 2163015 2165270 2171662 2173535 2174349 2176216 2182335 2183181 2189407 2193036 2205916 2212225 2215986 2217477 2219369 2221024 2224807 2227255 2228552 2229561 2231598 2233451 2236145 2240456 2241843 2243194 2246883 2251877 2254894 2261945 2262810 2263558 2266408 2267571 2268551 2273852 2275181 2276747 2277951 2288498 2289664 2291484 2293354 2294089 2294906 2296178 2298985 2300268 2302827 2306320 2308066 2311211 2313272 2317387 2319610 2320879 2324345 2328157 2335938 2340110 2345650 2346642 2355893 2361886 2365887 2370830 2372383 2375102 2379183 2383123 2385032 2387954 2388716 2391030 2392663 2394115 2396409 2402090 2407029 2408294 2413062 2414432 2416115 2418011 2420615 2421944 2426761 2429310 2436022 2438538 2439947 2441931 2444061 2446734 2450071 2453092 2454758 2455712 2457031 2458470 2463330 2464500 2466912 2473140 2474297 2476194 2477177 2481251 2482682 2485861 2488112 2489522 2490877 2497391 2500275 2502379 2503358 2504652 2506973 2510312 2515363 2518572 2521795 2522684 2524978 2529421 2530304 2534593 2537820 2538650 2539390 2545349 2547480 2548660 2554671 2560648 2561884 2562937 2564483 2570909 2574131 2575391 2576284 2577748 2579347 2580857 2584906 2585977 2588272 2589103 2591615 2594814 2596335 2600637 2612534 2614408 2615520 2619571 2622034 2623487 2628324 2630846 2636814 2639351 2640371 2642174 2643410 2651749 2654278 2657560 2659637 2661002 2667801 2671670 2673436 2676112 2679832 2681827 2683661 2686157 2688086 2689674 2691108 2694759 2701683 2703107 2707050 2710581 2715751 2717849 2720030 2724412 2726467 2729059 2730568 2733090 2734145 2736456 2738449 2740005 2747771 2750553 2752371 2759106 2759989 2763144 2764649 2768630 2769883 2771703 2775513 2777103 2778869 2785814 2786804 2790777 2792441 2794453 2796071 2801247 2803442 2804614 2806125 2807117 2810875 2820941 2822659 2824082 2827850 2829015 2830360 2833477 2835168 2845137 2851225 2853110 2857350 2858836 2859533 2869419 2872246 2874098 2879442 2881891 2887631 2889377 2892493 2895129 2896766 2901353 2905667 2907705 2911889 2913182 2917892 2921850 2926062 2926763 2930571 2931200 2937905 2940118 2942774 2951706 2952587 2954479 2957705 2961255 2963477 2966808 2968972 2971744 2980811 2982186 2986107 2987865 2988949 2993737 2996114 3000739 3002725 3003969 3006214 3010338 3013178 3015540 3018029 3024783 3026609 3027754 3029570 3031824 3035305 3039025 3041866 3047485 3052473 3053989 3061898 3064400 3065805 3069001 3072794 3074777 3078671 3086637 3090281 3091948 3094493 3099393 3101902 3103312 3109667 3111165 3115396 3118715 3121258 3123411 3125231 3131854 3136173 3137756 3144047 3145397 3146490 3151414 3154523 3155685 3157831 3160438 3162412 3163263 3167531 3170461 3171386 3173306 3174355 3179052 3183028 3186581 3187758 3189387 3198314 3199363 3200698 3208585 3209919 3210890 3212219 3222777 3228542 3230190 3233456 3236701 3248349 3249465 3251904 3256340 3258142 3262778 3269661 3272915 3274406 3275193 3276185 3281250 3287214 3290884 3296281 3306364 3309661 3311922 3314401 3316359 3324367 3325321 3328164 3332248 3334093 3335010 3336317 3338540 3340578 3343960 3344861 3349616 3353103 3360225 3366736 3370003 3371894 3373769 3376505 3381124 3382643 3386653 3389153 3390469 3391730 3401745 3403337 3404256 3405596 3410407 3412354 3414927 3420685 3428219 3429413 3430922 3435653 3436866 3439589 3442488 3450032 3450813 3452377 3454900 3460399 3461910 3465082 3468745 3469931 3472612 3478829 3485730 3487092 3490497 3497188 3498228 3500811 3502374 3505500 3506531 3507466 3508993 3511325 3516707 3517778 3520797 3524118 3525207 3526610 3531129 3532050 3535019 3537425 3540267 3541547 3545706 3552898 3553930 3558409 3559260 3560545 3562043 3564638 3570369 3573549 3577606 3579966 3582929 3584610 3585466 3588904 3589984 3591203 3594326 3598657 3600144 3602617 3606592 3615845 3618577 3619646 3624897 3627334 3628560 3631522 3632319 3637702 3638603 3639809 3640763 3643787 3644616 3646940 3651036 3653115 3656689 3662521 3663271 3664806 3667649 3671327 3672566 3676518 3679714 3680586 3681938 3684233 3685943 3688709 3691081 3693477 3695148 3700472 3703923 3707268 3709355 3711053 3711896 3712906 3715875 3717546 3719270 3720594 3726293 3728181 3739649 3740513 3741803 3755626 3758365 3762493 3767105 3768875 3776534 3778360 3782049 3797348 3798689 3800368 3804826 3807894 3809300 3810781 3818048 3820724 3824476 3825929 3828168 3830910 3832321 3834290 3836828 3843436 3844671 3847296 3849193 3858095 3859630 3861237 3864946 3868782 3878401 3881890 3883774 3887605 3892368 3894574 3899732 3900693 3905860 3907842 3910478 3913113 3914527 3915670 3918023 3918565 3919803 3925105 3926663 3927405 3929548 3932998 3934577 3935890 3937444 3940761 3943110 3944592 3951727 3953027 3956912 3958005 3961107 3962133 3966973 3969635 3973750 3975372 3976663 3978165 3981027 3981805 3982838 3984916 3987304 3988582 3991071 3996549 3997731 3998865 4007360 4015432 4016725 4027580 4029019 4032206 4033494 4035759 4038235 4041064 4042530 4044927 4048926 4050654 4051603 4053469 4055308 4056022 4059585 4066800 4071469 4074407 4078281 4079409 4084875 4087861 4090353 4092464 4095265 4102657 4104350 4105777 4106468 4110820 4112227 4113880 4116181 4120446 4124107 4126120 4127478 4130066 4131989 4133521 4135478 4138293 4140365 4141475 4143043 4147939 4151421 4154075 4156411 4159215 4167105 4168678 4171105 4173561 4175063 4180372 4182651 4184719 4185505 4186818 4189233 4195315 4198306 4201949 4210436 4222188 4223863 4227895 4230552 4232524 4233631 4237419 4239043 4240603 4246584 4247451 4249362 4250451 4254172 4259014 4265716 4267209 4271612 4274104 4276467 4278411 4288541 4289809 4291036 4294107 4297645 4298739 4300279 4301297 4302614 4303988 4305670 4309001 4319217 4319993 4321341 4323311 4326925 4333270 4336994 4338293 4342793 4353584 4358237 4366093 4371688 4376400 4378703 4381045 4385079 4388357 4390033 4391438 4399278 4400597 4403797 4408939 4410198 4417530 4418911 4420433 4421815 4432406 4433646 4435837 4437155 4443866 4448912 4450686 4451688 4454619 4455615 4457660 4459478 4462972 4477035 4480169 4481602 4483025 4489405 4495369 4499024 4502200 4507207 4508783 4514066 4517380 4520296 4522671 4524832 4526293 4528551 4534563 4535472 4539271 4542112 4545437 4547269 4548284 4551439 4556909 4560791 4561971 4564726 4565598 4567643 4568972 4570526 4573083 4574876 4576856 4579198 4582226 4588588 4590172 4591900 4595244 4598841 4600751 4604078 4604966 4610180 4615417 4617682 4620434 4623006 4625791 4628117 4630140 4630914 4631719 4636154 4638402 4644424 4646845 4649984 4650786 4654853 4659366 4660491 4663592 4666119 4669221 4670865 4673840 4677750 4678782 4681801 4683255 4687127 4691007 4698010 4709897 4711325 4713867 4716842 4732247 4733911 4735516 4736595 4739889 4745695 4748727 4750314 4752855 4757730 4759689 4760639 4770820 4775822 4777462 4780392 4786027 4790037 4795271 4797771 4802920 4804518 4811635 4814688 4816080 4820045 4820966 4828425 4830957 4837703 4842289 4843034 4843805 4846275 4848536 4849342 4851302 4853644 4856839 4859605 4861249 4867622 4872080 4874821 4875767 4879621 4881346 4886324 4888437 4891151 4893932 4897577 4899439 4901720 4906281 4910213 4913741 4919254 4923005 4925681 4929700 4936106 4939544 4941506 4946215 4950450 4952518 4955403 4957910 4959558 4960652 4963021 4967241 4971309 4973688 4975671 4976367 4977361 4979177 4980771 4983406 4985709 4986671 4988395 4990509 4991853 4994275 4997654 4999024 5001299 5007860 5011099 5012670 5013872 5015004 5016347 5017114 5020628 5023153 5024618 5026939 5028877 5030716 5035127 5036852 5037774 5040225 5042373 5045023 5047450 5049330 5057629 5059778 5062268 5071216 5072433 5073619 5075711 5076799 5081362 5087354 5089657 5091657 5099354 5101105 5112004 5114996 5116830 5119726 5123923 5127216 5130295 5132655 5133978 5135835 5136870 5139690 5142725 5144872 5148054 5169181 5170256 5171625 5180085 5181001 5186205 5190227 5191005 5197551 5199412 5202402 5205179 5206632 5211282 5214542 5220684 5223999 5228943 5230163 5232665 5236069 5238079 5239120 5240730 5242753 5251543 5256398 5258004 5259783 5266496 5268122 5270355 5274081 5278176 5283449 5284518 5286804 5288989 5291695 5296941 5300261 5301690 5304639 5305992 5308369 5309617 5310808 5312802 5314017 5316113 5319233 5321846 5323767 5326213 5329719 5331506 5335961 5337323 5339897 5342509 5343923 5346217 5347521 5354264 5355690 5361388 5364389 5367212 5368476 5370460 5372696 5374104 5377765 5380947 5384917 5386382 5387316 5397961 5398760 5399678 5405282 5407837 5411490 5414200 5417031 5418994 5421239 5423736 5426888 5431927 5437936 5439818 5441753 5446453 5449089 5451917 5456652 5458775 5467373 5469952 5470985 5473935 5478166 5479658 5485431 5488560 5490004 5491632 5492568 5494769 5497100 5499045 5503960 5504743 5505770 5509258 5510149 5511449 5514958 5519467 5523357 5524832 5526398 5528891 5529848 5533289 5534988 5536783 5538634 5539355 5544975 5547844 5550262 5551374 5553290 5561307 5566186 5567098 5567859 5568784 5570716 5574253 5576306 5579755 5583348 5587464 5588680 5590060 5593330 5595169 5596569 5598404 5603407 5605213 5608053 5612326 5615078 5616904 5624431 5626697 5629974 5631095 5634869 5635668 5638497 5642690 5646970 5650932 5653470 5655343 5658296 5661149 5664481 5666720 5667960 5669905 5675293 5678746 5680692 5683746 5685478 5688131 5689167 5690980 5692796 5694184 5695497 5696270 5701843 5707691 5713809 5717856 5722250 5725120 5727448 5731670 5735345 5736402 5739345 5741763 5746093 5753154 5754859 5759538 5763441 5764877 5766060 5768786 5776448 5778861 5781622 5783982 5793706 5795695 5796922 5798589 5801432 5802599 5806757 5809158 5810636 5812797 5813897 5818561 5819490 5822934 5824573 5831227 5833539 5836794 5837739 5841899 5844298 5847707 5848586 5850831 5852246 5853928 5854768 5856876 5858082 5859546 5863694 5867916 5870585 5876042 5878887 5882088 5887490 5893212 5894943 5898047 5899853 5902379 5904383 5905940 5908631 5911984 5912924 5917900 5919265 5920539 5921824 5925100 5929221 5930480 5944773 5945634 5951764 5955323 5956614 5957903 5960036 5963559 5965553 5966567 5973263 5977450 5984690 5990463 5993117 5995494 5997063 6003243 6011005 6011981 6012783 6014977 6015926 6022158 6025452 6028911 6032768 6034424 6035856 6037693 6039268 6046793 6048136 6052569 6054639 6056076 6059423 6062110 6063136 6064536 6070356 6071728 6077534 6080229 6085410 6086326 6092070 6097699 6103046 6111650 6112876 6115803 6118515 6123846 6126382 6128346 6130890 6132999 6135954 6143278 6146980 6148526 6151434 6155389 6156517 6157786 6160836 6162386 6167993 6170154 6171962 6173749 6177700 6183264 6190115 6192343 6196860 6198799 6200380 6204240 6208388 6208976 6212810 6216997 6219967 6222225 6223935 6225455 6230899 6232546 6235673 6236436 6240375 6251829 6253581 6256170 6260565 6270968 6275477 6277997 6279741 6281062 6282340 6285726 6287722 6290542 6294770 6298017 6298826 6300571 6303977 6309934 6311139 6313261 6316790 6318297 6320409 6322130 6323198 6325065 6326068 6328514 6330534 6334905 6339193 6341563 6345286 6348379 6357917 6361906 6364744 6365949 6369065 6370403 6373234 6376867 6384098 6385572 6387345 6388768 6391048 6393214 6394742 6396944 6398527 6399450 6401406 6402655 6405440 6407428 6408889 6410378 6411719 6419733 6422416 6423849 6428296 6430609 6437294 6438315 6439406 6440419 6442024 6443197 6450226 6452564 6455110 6457161 6459198 6465959 6467998 6471402 6472239 6474151 6475625 6477845 6483971 6485106 6487117 6488764 6490602 6493735 6495644 6497634 6499175 6500885 6503907 6506125 6511863 6514427 6515781 6519412 6524203 6527907 6531119 6535314 6536174 6541374 6548135 6554055 6556115 6557938 6560238 6565133 6568091 6569736 6575581 6578703 6580347 6585582 6591250 6594742 6598093 6599843 6601496 6603872 6604846 6608000 6612932 6615478 6616798 6618309 6619973 6620997 6623825 6632308 6634049 6636125 6638228 6639064 6642711 6643884 6647957 6653356 6658854 6660593 6664769 6670894 6671845 6673245 6673885 6678795 6687415 6689177 6691631 6693088 6695521 6696631 6698097 6699115 6701488 6706975 6708502 6711366 6713383 6722284 6723810 6725061 6726323 6728085 6731871 6736916 6739204 6742695 6748038 6753359 6754770 6755457 6756577 6759697 6762889 6769238 6771000 6771999 6773113 6774195 6775465 6776504 6783698 6784717 6786200 6788795 6789970 6791939 6793116 6795731 6798806 6801516 6802912 6803657 6805676 6807276 6819328 6826280 6827900 6831611 6835988 6836826 6837839 6842158 6842986 6844104 6846124 6847473 6850144 6851428 6855204 6857784 6860309 6861244 6862297 6866448 6873216 6875780 6877052 6882129 6886444 6887756 6902469 6904535 6905884 6907509 6911370 6913316 6914972 6915711 6918629 6921022 6923690 6924999 6926650 6927634 6930057 6939340 6943805 6945720 6947134 6950505 6957066 6960791 6962349 6963722 6969753 6973893 6975601 6976731 6982405 6983446 6985742 6992938 6994699 6998021 7002590 7006418 7008065 7009827 7011570 7013821 7015829 7017328 7020021 7021724 7024885 7027185 7033722 7037579 7038347 7039015 7044915 7046329 7052646 7056096 7060137 7061961 7065415 7067388 7069939 7073346 7075313 7078268 7079033 7084301 7086984 7090051 7090679 7093935 7095030 7097703 7099550 7101755 7106091 7106978 7109387 7110961 7113172 7114836 7117410 7119067 7124102 7127874 7129929 7134616 7137980 7139766 7141330 7144990 7146747 7148213 7149612 7153811 7155998 7159115 7164624 7167695 7175111 7176762 7178873 7181767 7182951 7184262 7190039 7193121 7194569 7196549 7199201 7200429 7203801 7206553 7210232 7212078 7216508 7226634 7230503 7233181 7238321 7239892 7241669 7245814 7247355 7251063 7253669 7254853 7259372 7262924 7263825 7270609 7271536 7272833 7274685 7279189 7284077 7288033 7293190 7295134 7297045 7299825 7303119 7305551 7307123 7308195 7310749 7314691 7319950 7321281 7322828 7325593 7328789 7329678 7334676 7338375 7341632 7343765 7345209 7347448 7352807 7355362 7358483 7361127 7366852 7378091 7381165 7383188 7384164 7390991 7395823 7400964 7402712 7404452 7406415 7408148 7409650 7411479 7414288 7416187 7421875 7424615 7426751 7430279 7432432 7435008 7438479 7441875 7448057 7449105 7454721 7457860 7459561 7468507 7469710 7470833 7475562 7477686 7482749 7484080 7489048 7491370 7494874 7496215 7499154 7500862 7502707 7505941 7509231 7511244 7517496 7518689 7523915 7526364 7528013 7533719 7535266 7537140 7540936 7543119 7548289 7556235 7560322 7563828 7566878 7569950 7573392 7577325 7579654 7581284 7585369 7586421 7588733 7596604 7605057 7606572 7609381 7615103 7617353 7619358 7621190 7626181 7627065 7629805 7631319 7636923 7639865 7646130 7655621 7657241 7662789 7664212 7666375 7671793 7677251 7681972 7685203 7687416 7690763 7695874 7697255 7698889 7702214 7705425 7706954 7711469 7713178 7714755 7716441 7719398 7723589 7727233 7729193 7730836 7732461 7734024 7734992 7736409 7738089 7748279 7750574 7751933 7753956 7755176 7760987 7763160 7766634 7770275 7773336 7774740 7777163 7780864 7786073 7788327 7789696 7794032 7795277 7796250 7801307 7804047 7807012 7811989 7814121 7815643 7817395 7824804 7826702 7838695 7841593 7843008 7849576 7859444 7863599 7866268 7871555 7876515 7878674 7886975 7888855 7895942 7898181 7900465 7901443 7903693 7904575 7905830 7907583 7911658 7915270 7916425 7918786 7920740 7922968 7929227 7930526 7931371 7937414 7939265 7941889 7943161 7944984 7948922 7949718 7951549 7959898 7960918 7964827 7967558 7973022 7973884 7975822 7978178 7980399 7985932 7993383 7995424 8001430 8002583 8007000 8013114 8014522 8019068 8027045 8034494 8037144 8039695 8041046 8042933 8045149 8046898 8050293 8052091 8056627 8057964 8061207 8068652 8070939 8074612 8078626 8083798 8086536 8087913 8101154 8103476 8106358 8111487 8114260 8116658 8123158 8124889 8126508 8129211 8133234 8134105 8135530 8140454 8141327 8143341 8145276 8147177 8150440 8152444 8154345 8156587 8159682 8162099 8163522 8164281 8165428 8170386 8171654 8173511 8179348 8180471 8183819 8186278 8187524 8188516 8196623 8198021 8201422 8203617 8205778 8207204 8210820 8212193 8214262 8218133 8219827 8221142 8222982 8224720 8227431 8235501 8237075 8239718 8243646 8245433 8246850 8254333 8256000 8257304 8258008 8259055 8261182 8265234 8269229 8270582 8272646 8275949 8280092 8288921 8293250 8296299 8298103 8300465 8303060 8304806 8309830 8312572 8314774 8316254 8316870 8319729 8324525 8327026 8329146 8331817 8332877 8335233 8337412 8338597 8339711 8344235 8348766 8349567 8351090 8355860 8358934 8360282 8361366 8363797 8371668 8373004 8379551 8380885 8384161 8386039 8387998 8389353 8392667 8395134 8406107 8408466 8411022 8413897 8416350 8417649 8420238 8423056 8427104 8429957 8432756 8433897 8435165 8436381 8438235 8439992 8441724 8448103 8450286 8454953 8457298 8466907 8470462 8473395 8474933 8476228 8480346 8485326 8486669 8491672 8492584 8494131 8496439 8497880 8501319 8503797 8508211 8509212 8513059 8514744 8515640 8519096 8520400 8522011 8523105 8525466 8526612 8528097 8531476 8533135 8533857 8537162 8542751 8544600 8547377 8549434 8550310 8554057 8556268 8557865 8560899 8562201 8563468 8564836 8568709 8572095 8574899 8580096 8582719 8584272 8586434 8587608 8588829 8589915 8594886 8599041 8603485 8605137 8612452 8613852 8617345 8620204 8622485 8625566 8627565 8628970 8634257 8636924 8640442 8641827 8645037 8649673 8653849 8654800 8656048 8657788 8660672 8664662 8668415 8670087 8671306 8672524 8676526 8680894 8682347 8685850 8686745 8690406 8693754 8696609 8699942 8702164 8704048 8706230 8709747 8711898 8713267 8715605 8717227 8726742 8727847 8729362 8730361 8732640 8733658 8735239 8736726 8749114 8752206 8755690 8756780 8760632 8761994 8763234 8764294 8766189 8769886 8771174 8773938 8775267 8778620 8781472 8787817 8789189 8792736 8794940 8796763 8799789 8804073 8808002 8811334 8814482 8816690 8817492 8819830 8821377 8823725 8825201 8827422 8830972 8834067 8835762 8837415 8838570 8842828 8846687 8848025 8853426 8854713 8856491 8865038 8866390 8872263 8877306 8882734 8883685 8885001 8887758 8891768 8892920 8897535 8898353 8899771 8900694 8911443 8913158 8917290 8920611 8922608 8926770 8928502 8930865 8932488 8936287 8944248 8945440 8948825 8950727 8954214 8955755 8958963 8964525 8965767 8968154 8969902 8973730 8975100 8978342 8979716 8981464 8986202 8988147 8992775 8994782 8996697 8999576 9001036 9002422 9013547 9016762 9030895 9032871 9040881 9044750 9054597 9056846 9058286 9059115 9061269 9064810 9066423 9069584 9071124 9072788 9074936 9079055 9080028 9088180 9094456 9096887 9100544 9101384 9102265 9104734 9105583 9108435 9111131 9113737 9116665 9117771 9126144 9128623 9129842 9130963 9133142 9134347 9135131 9140125 9142323 9145155 9147263 9148704 9150308 9153294 9157255 9159642 9160588 9163675 9167949 9169353 9171422 9174134 9175525 9177540 9182102 9184002 9186699 9189168 9192009 9194494 9197009 9198675 9200399 9207088 9208452 9216472 9218352 9219331 9224250 9225948 9227148 9230498 9232129 9241763 9243631 9247312 9249774 9251492 9255712 9257802 9262275 9263202 9265371 9271807 9274433 9277029 9278601 9283781 9285731 9287455 9293738 9294840 9299905 9300562 9302521 9305870 9307805 9310286 9311948 9316339 9317393 9318337 9325524 9329261 9331557 9334478 9336410 9345648 9349239 9360942 9363728 9367496 9369291 9375764 9376626 9378394 9384735 9388170 9389261 9391248 9393556 9394935 9400736 9403973 9407228 9408386 9409533 9411869 9413730 9417045 9419064 9420769 9424562 9426423 9427778 9431820 9432892 9436847 9437904 9440483 9448827 9451564 9464324 9468025 9474382 9475735 9481597 9483308 9484620 9485384 9489323 9492731 9493916 9495398 9496840 9500579 9502560 9505272 9513355 9517120 9518445 9524586 9528503 9531731 9533139 9537002 9546071 9551330 9555371 9561105 9563001 9567424 9569650 9572595 9575629 9578368 9580381 9586347 9589437 9591422 9601258 9602795 9605429 9607715 9610269 9612207 9628877 9633487 9634919 9640334 9641615 9644227 9647373 9651189 9654102 9655736 9658947 9664137 9666531 9668163 9677428 9683345 9686003 9688737 9690565 9693885 9695684 9700193 9703360 9704591 9705953 9708076 9709534 9715637 9721080 9722419 9725093 9728307 9735332 9738237 9740461 9743124 9746259 9748382 9749493 9757747 9761909 9763090 9766285 9768254 9770401 9774972 9783809 9786293 9791538 9792501 9793480 9796008 9800202 9803889 9804671 9806015 9807032 9813075 9815328 9816837 9818291 9821491 9823904 9827611 9828990 9830332 9834584 9838271 9842475 9845962 9850087 9853567 9857389 9858990 9862086 9863425 9866642 9867843 9869696 9871158 9873902 9875948 9880854 9885546 9886604 9887601 9891355 9892765 9896301 9899769 9901002 9902329 9905173 9906360 9907218 9921609 9923431 9932025 9937828 9939278 9942138 9944640 9948295 9949427 9950183 9953711 9955479 9957974 9962664 9967195 9969386 9974999 9976914 9979001 9986280 9988071 9991393 9992852 9994540 9999174 
</Matrix>
<Matrix name="Neuron_331" type="complete" rows="1" columns="187" multiplier="1.0">
   52604 210332 235666 254555 266135 301052 353608 432265 555675 594367 634657 656376 681753 716458 718063 719390 733839 859941 918009 943770 966113 984747 1013707 1040653 1219132 1415832 1546026 1579989 1602162 1674249 1676538 1684878 1769045 1861381 1877917 1894902 1922045 1939499 1973088 2010030 2040422 2113763 2146293 2157912 2186783 2210156 2285463 2342682 2427115 2500411 2501729 2507626 2512905 2612048 2788274 2810466 2882583 2886447 2893859 2928994 2979029 2982435 3011681 3143253 3150884 3154736 3208783 3320780 3353024 3355421 3395419 3494869 3521399 3583540 3619159 3660752 3719655 3822854 3931047 4074769 4087275 4106830 4119500 4247648 4369379 4394367 4397108 4445430 4460143 4472977 4511380 4517030 4527689 4535325 4640518 4655447 4664809 4698536 4706593 4714789 4764165 4798066 4847239 4875275 4962057 5035763 5165551 5172519 5287690 5320525 5445924 5518514 5537028 5569588 5634222 5657656 5709514 5809112 5811123 6018689 6070481 6146550 6213409 6245162 6289030 6346926 6408349 6507694 6771225 6854407 7003122 7055138 7160323 7192197 7203672 7213238 7277695 7302485 7391109 7524956 7643368 7650267 7670353 7681907 7713538 7750956 7794171 7884463 7921332 7948744 8045323 8073376 8088975 8133525 8199667 8209823 8270633 8298129 8423795 8509628 8534253 8578772 8700111 8717703 8773019 8825194 8937234 8969696 9023185 9037331 9145633 9234385 9259393 9276686 9488346 9530326 9619279 9621529 9639526 9786202 9869353 9881717 9896668 9903431 9912588 9916990 9988930 
</Matrix>
<Matrix name="Neuron_334" type="complete" rows="1" columns="471" multiplier="1.0">
   27292 32643 67818 68659 105855 127006 129816 145586 160831 167390 203761 216984 220186 229388 232330 259391 267575 279498 283928 296719 301391 383000 394603 470460 474598 484144 487374 507994 518500 535346 543854 580908 624321 626417 671687 685234 716160 724741 727551 737188 838445 855942 868697 870909 900067 909373 927494 928806 935732 955714 968292 1035112 1044255 1047466 1053077 1074686 1082111 1125022 1133648 1161620 1187730 1199310 1220011 1244928 1254306 1294125 1295291 1370897 1382878 1448712 1466673 1469889 1484592 1490603 1515471 1563996 1595530 1633332 1636501 1639438 1689061 1705544 1716651 1770784 1776196 1785055 1789350 1790657 1863988 1894986 1899386 1908134 1956517 2075382 2144465 2150252 2163243 2168419 2218375 2241692 2258507 2262549 2299105 2306948 2313606 2345257 2351698 2428078 2453338 2463554 2487008 2491593 2505160 2511912 2526370 2542452 2552754 2561296 2565886 2576554 2578527 2602547 2632863 2635183 2641225 2645085 2668843 2675176 2680479 2726168 2752874 2854768 2857845 2892828 2911823 2923035 2936553 3032946 3081752 3123599 3126772 3133284 3238278 3241177 3295731 3326642 3341148 3344127 3353309 3382193 3392127 3397379 3409568 3427311 3457772 3464703 3469420 3473154 3481222 3484527 3498985 3507779 3528728 3592840 3601823 3609455 3619736 3621855 3628795 3666926 3670865 3676832 3687996 3695111 3714120 3762455 3769223 3796590 3821865 3842467 3848357 3851783 3917213 3955221 3988543 4001970 4006301 4017676 4072257 4096164 4114479 4144517 4153142 4221602 4237122 4311699 4324229 4328083 4358511 4382328 4387386 4395711 4418987 4441203 4479458 4484001 4491389 4528395 4595604 4627694 4655651 4703221 4719845 4729451 4732603 4760716 4765680 4794447 4796455 4797966 4832293 4852846 4861261 4869912 4872783 4891971 4893757 4903119 4914841 4921202 4941950 4997830 5004191 5046115 5056713 5068149 5069319 5103239 5108369 5131846 5144021 5163768 5220641 5225571 5279259 5290127 5329287 5332664 5349156 5363645 5372762 5401317 5408775 5430764 5434587 5447802 5463310 5481274 5490611 5519459 5550245 5601494 5663462 5667472 5671435 5793910 5817189 5827695 5846262 5873323 5885189 5891586 5921802 5924857 5992932 5998075 6009397 6018392 6024385 6043247 6059196 6085905 6105944 6154026 6166370 6171892 6191862 6231707 6237300 6270761 6274149 6294719 6295825 6322547 6360357 6379988 6383138 6400599 6412718 6422989 6429139 6465712 6503861 6527266 6534312 6562511 6576866 6581098 6601997 6614483 6664996 6687647 6721122 6735085 6753425 6776898 6785229 6819232 6844337 6859979 6865424 6879062 6882658 6884568 6936683 6946515 6971585 6991234 6997210 7033754 7060423 7061288 7082247 7106173 7126160 7128162 7148468 7161922 7193671 7205383 7238523 7254434 7296183 7311095 7323190 7332856 7339769 7356182 7391259 7398511 7408594 7439146 7454550 7479521 7481424 7490702 7506552 7522979 7548428 7564186 7622730 7663578 7668584 7672650 7699872 7718832 7721927 7727788 7729621 7748832 7752813 7769281 7812548 7828711 7851887 7857854 7869526 8006611 8011233 8030878 8036043 8050676 8052030 8105142 8180711 8204168 8207398 8208812 8235750 8272646 8280062 8309364 8326274 8376673 8391321 8402612 8410639 8412516 8432773 8446067 8500975 8513910 8526281 8561335 8571750 8605340 8622007 8639732 8646077 8657339 8666645 8667954 8681115 8686798 8722973 8740039 8763741 8771157 8814079 8852412 8875853 8901157 8906246 8908012 8910493 8982252 9052479 9092256 9150506 9155802 9187904 9196846 9212031 9214462 9235892 9268861 9279245 9303799 9313327 9347649 9362236 9457916 9493974 9502018 9503149 9514126 9535098 9549617 9551078 9592414 9631907 9684231 9717124 9721305 9732000 9734091 9741132 9762625 9769326 9777239 9790476 9803373 9833061 9859378 9891305 9892322 9901385 9910072 9930091 9931603 9980822 
</Matrix>
<Matrix name="Neuron_341" type="complete" rows="1" columns="4665" multiplier="1.0">
   1510 4731 10148 15291 17424 18614 19677 21151 22062 23978 25913 31483 34299 35375 36226 37606 39021 41833 42857 43815 45222 46531 49421 50946 56706 57369 58949 63548 65571 69071 70135 71117 72316 73534 75359 78386 79444 80769 82910 84767 86713 91437 92623 93493 95339 96727 97868 101286 102120 103489 105760 110898 111961 112906 114183 116659 117392 120629 123213 125810 128289 129436 131505 133495 134418 136013 142115 142928 144823 146507 148366 149230 150594 151907 154333 157572 159234 160750 161890 163426 164333 166025 167137 168593 170017 172612 175451 179030 180288 181314 182005 183420 184973 187305 189536 192104 193270 194522 195807 196933 199221 200726 202229 205377 206809 209896 212077 216172 218268 219850 224057 225912 227616 229290 230281 231122 232084 234073 237382 238465 240196 242327 244188 245100 247149 248054 249630 250406 255078 258147 260632 262828 264166 265225 266916 268489 269588 272602 274909 276286 278464 281441 282252 284602 291494 293198 295053 297362 300221 301247 302217 306247 309815 310682 315989 316985 318212 319797 323437 327646 329124 330809 331953 334106 337122 338510 339779 340922 343062 344828 349493 352197 353170 354056 357490 358640 359532 361432 363004 365492 366353 367317 369524 371573 373116 374365 375803 379084 380735 383810 386307 386967 389020 390211 392495 393743 396405 397820 400392 404223 406943 408024 409897 413629 415181 416981 418419 420338 421871 423031 424629 427820 429652 431035 433249 434084 434911 436852 438267 439867 441311 442913 446393 448579 451168 452479 454882 457908 459367 461391 462105 465356 466492 467665 468803 469733 471314 472421 474042 478574 479156 480799 481790 484787 486019 491702 495626 497525 499356 500520 503020 504309 505459 507858 510381 511479 512551 514589 517258 519199 520906 524246 525957 528553 529679 534812 536180 537109 538662 540748 541876 544857 545832 547018 550346 551474 552526 556322 558020 562958 569058 571598 573298 576292 578264 580115 581423 582415 583983 585699 588955 599333 600090 601730 605185 606430 607685 608878 611048 613448 615243 616225 619314 624468 625558 627718 628570 629608 632083 635516 642372 644450 645898 647007 650059 652803 653794 655807 657348 664351 665635 668048 669894 670543 672804 675859 678383 680103 682502 686290 687600 688581 689546 693597 694559 696091 699069 701770 702791 704183 704919 706386 707245 709385 710309 712516 715538 716890 722411 724638 726705 729857 731177 733638 734950 736099 737827 739275 740713 741738 743541 745411 747073 748987 750111 751042 753169 754471 756101 757171 764781 765926 770161 773062 775445 778547 780174 785195 787357 788711 789804 791599 796223 798230 800353 805485 806441 808168 808822 811113 812193 813484 820470 821667 822790 825591 830086 831368 833286 834478 835588 836294 837507 840527 841990 842989 844954 845922 846715 848211 850048 852227 853577 855214 855997 859604 862364 866123 866899 868953 871148 872666 876021 876846 877655 879149 882265 883686 885154 886512 887579 888550 889518 892263 895164 896894 898937 901255 903106 907088 909197 909959 911794 912746 913822 916358 917947 919724 921307 923683 927961 929540 931740 933504 935094 937299 940737 942927 944927 953657 957767 959344 961155 962072 964068 966339 967581 968442 969341 970967 972296 972948 974858 980198 985425 989899 992068 995246 996575 998791 999442 1001132 1003809 1007847 1009691 1010754 1012493 1014821 1017964 1022295 1023873 1026509 1032118 1033157 1037774 1038903 1040597 1043842 1046652 1049147 1050905 1055584 1058581 1062651 1066287 1067334 1068503 1069657 1070835 1073007 1074463 1077391 1079375 1082287 1083586 1085673 1087635 1088590 1092691 1094415 1097406 1100076 1101300 1102476 1105391 1108535 1111927 1113249 1115648 1117185 1119580 1122355 1124489 1125668 1128987 1131271 1133119 1134007 1136732 1137921 1139235 1140669 1141624 1143150 1145487 1146915 1148621 1153559 1154625 1156744 1158776 1159874 1160739 1165776 1166752 1167769 1169546 1171226 1172217 1177079 1178648 1179617 1180825 1182605 1184827 1185883 1188685 1193096 1194166 1195039 1195601 1197131 1199054 1200167 1201803 1202608 1203292 1205800 1209729 1211001 1214079 1215598 1219228 1220423 1225623 1229062 1233137 1236361 1237092 1240261 1242650 1245344 1246400 1247178 1248647 1250016 1252210 1253361 1255658 1257559 1258700 1259889 1261338 1264722 1265895 1267513 1269924 1271096 1275285 1277322 1278679 1279776 1280838 1281885 1283258 1285450 1288302 1289930 1292317 1293253 1299968 1303047 1307022 1308462 1309796 1315415 1316285 1320621 1322337 1323472 1324241 1325624 1327045 1328682 1331081 1331901 1333935 1336057 1338119 1339522 1344831 1345893 1347394 1348857 1350337 1351951 1352736 1353516 1354729 1357382 1358472 1360642 1362127 1366955 1367808 1371571 1373110 1374445 1375896 1376892 1378416 1379491 1380729 1387026 1389542 1392902 1394717 1398771 1402590 1404867 1409438 1413630 1417190 1418974 1422510 1423969 1425161 1427500 1428517 1429533 1432558 1436979 1437878 1439804 1441731 1443521 1447404 1450832 1452043 1452923 1456309 1464865 1466218 1466980 1468390 1469822 1471044 1471867 1475877 1476926 1479265 1481640 1483214 1489072 1491562 1492254 1493206 1496977 1498506 1502132 1503091 1504122 1505433 1512288 1514408 1515466 1518231 1520015 1522886 1524862 1527395 1528997 1530778 1535663 1538491 1539799 1542236 1543136 1546528 1547798 1548771 1551510 1552839 1554366 1555276 1558529 1560116 1560918 1562216 1565067 1567014 1568236 1569773 1575551 1576301 1578715 1580672 1581398 1582473 1584175 1585707 1588434 1589287 1590878 1594569 1596475 1597430 1598932 1601056 1602523 1606175 1608603 1611092 1613530 1615161 1616635 1618172 1621391 1624060 1625743 1627304 1628331 1632955 1634455 1636557 1638569 1639542 1642532 1643367 1645912 1647214 1648267 1648898 1650335 1651558 1653397 1656599 1657964 1658843 1661285 1663384 1665620 1667170 1669963 1671540 1673147 1674242 1677714 1681799 1683626 1687784 1688854 1690026 1690937 1693105 1694584 1696305 1697177 1698535 1699884 1703460 1706093 1708978 1710799 1712650 1716123 1716814 1719196 1720368 1721587 1724108 1725518 1727022 1728693 1730236 1731307 1732299 1733587 1734621 1735309 1738365 1740801 1746044 1748747 1750817 1751564 1754138 1755735 1757051 1758109 1761638 1762649 1764030 1766313 1769810 1771174 1773766 1776287 1777293 1778370 1784621 1787854 1789538 1791469 1795089 1796261 1802956 1804521 1807854 1808968 1813518 1818315 1819790 1821246 1823119 1827211 1829256 1831471 1833982 1835649 1836713 1837818 1838427 1839570 1841146 1846335 1849288 1850358 1851730 1853177 1855022 1858691 1859642 1860913 1865880 1867168 1871141 1872643 1873710 1876712 1877930 1879561 1880856 1883268 1883965 1885879 1887721 1889802 1892840 1894847 1898823 1900220 1901714 1902379 1904293 1907121 1908670 1910491 1911469 1912890 1918634 1920216 1923066 1929509 1930493 1933048 1934797 1936027 1938471 1939751 1941020 1942373 1945676 1946818 1948347 1950499 1951349 1952207 1955367 1956248 1957067 1958547 1960180 1961594 1962578 1963848 1964513 1966929 1968843 1970103 1972363 1976838 1978631 1980798 1985807 1987509 1988533 1989952 1991445 1992809 1995381 1996615 1997781 2001528 2003858 2004838 2006333 2007524 2008813 2012982 2016772 2020715 2022161 2023023 2024711 2026318 2028565 2030320 2031818 2034776 2036671 2038137 2040141 2042031 2043663 2045522 2046928 2048690 2050501 2052524 2054393 2054976 2055907 2058737 2061796 2063064 2064723 2067494 2068616 2071593 2073520 2074240 2077622 2080161 2083032 2084314 2085935 2090681 2092779 2094522 2096379 2098668 2103324 2108269 2111035 2112485 2114034 2116005 2117687 2119094 2120618 2124085 2126013 2127494 2128982 2135167 2137974 2138931 2140224 2143208 2148691 2150624 2151417 2156246 2157160 2159987 2161328 2165738 2167058 2168059 2169835 2170767 2172667 2174061 2176561 2178888 2181413 2186303 2187233 2191266 2192137 2194626 2196657 2199615 2200600 2202796 2205164 2207550 2209890 2211007 2215802 2218313 2220385 2224305 2226692 2229033 2234736 2236394 2237735 2239521 2241706 2243105 2245386 2248658 2250094 2258056 2258720 2259630 2260684 2261515 2262151 2264708 2267251 2268827 2270000 2271022 2274042 2276151 2277711 2279019 2279707 2283639 2285193 2287544 2288928 2290508 2291441 2293365 2295506 2297065 2299838 2301037 2305974 2308186 2309232 2310354 2311584 2312650 2314511 2315557 2319691 2320977 2321759 2323748 2325507 2326505 2327844 2329950 2336272 2337399 2338677 2340097 2342792 2346571 2349257 2350214 2352027 2353233 2353966 2354911 2356602 2357871 2359500 2362117 2363929 2366840 2371011 2372034 2375189 2376593 2380032 2380910 2385495 2386814 2388837 2393316 2396692 2401985 2403266 2405077 2406992 2409844 2410705 2411607 2413117 2415186 2416726 2420665 2421746 2422423 2424463 2426173 2427657 2429387 2431386 2432492 2434731 2437113 2439369 2440841 2442639 2444095 2445490 2446966 2447913 2450065 2454306 2456513 2458479 2459096 2460340 2461264 2462264 2463682 2469097 2471978 2473863 2475554 2482570 2485932 2487714 2489356 2490481 2492199 2495132 2501843 2505985 2507831 2511943 2513989 2516189 2518740 2519688 2521953 2522699 2523834 2526168 2527901 2531373 2533143 2535038 2538118 2540079 2541781 2542831 2544528 2547560 2550766 2552655 2557432 2559415 2561038 2562152 2563246 2565045 2572244 2573382 2576414 2577631 2580467 2581703 2583689 2584321 2585724 2587402 2588432 2590337 2591905 2593012 2597949 2600904 2602420 2603587 2605889 2608229 2610096 2613728 2615310 2619483 2620547 2621463 2623607 2624498 2625289 2627498 2628323 2629253 2632646 2635981 2637394 2640873 2641754 2643828 2645567 2647562 2649552 2651121 2652840 2658106 2660979 2665651 2668165 2671777 2672784 2675547 2681214 2682542 2685161 2689346 2690798 2692000 2697580 2699985 2701474 2705389 2707176 2709579 2711163 2717835 2718503 2721128 2722888 2724294 2726095 2727144 2728824 2730448 2732133 2733161 2735123 2735983 2737248 2739192 2741111 2742488 2746052 2747825 2750663 2752075 2752742 2754650 2756248 2756956 2757918 2759655 2761195 2763430 2764073 2769625 2770882 2774591 2776800 2778091 2781162 2784512 2788657 2790161 2791313 2792377 2795229 2800749 2805395 2807360 2808387 2810128 2812369 2813274 2815178 2816717 2823477 2825355 2829476 2830101 2831953 2835865 2836891 2846111 2847110 2851139 2851941 2854419 2857056 2860054 2863386 2864891 2869447 2870700 2873125 2875187 2877468 2879367 2881450 2883834 2884771 2886954 2887711 2889699 2890948 2892686 2897972 2901729 2903695 2905800 2908642 2910430 2911944 2913364 2916373 2918635 2920923 2923639 2925562 2926789 2928137 2930252 2932337 2938637 2943183 2944806 2945920 2947487 2952671 2953445 2955550 2958627 2960523 2962843 2968161 2969835 2973233 2974615 2976393 2977196 2980996 2984308 2985949 2987506 2991181 2992046 2998405 3001112 3001991 3003489 3004140 3005399 3009325 3010197 3011184 3012128 3013270 3015459 3016489 3017888 3018564 3020560 3023304 3024821 3027587 3028693 3031120 3032788 3034510 3035525 3038459 3041642 3042490 3043876 3045795 3049583 3050586 3051469 3052048 3052853 3053602 3055120 3058201 3062124 3064809 3067330 3069385 3071338 3073871 3074949 3078933 3080413 3081749 3082937 3084127 3089858 3092619 3094512 3101300 3104480 3106705 3107937 3111201 3115633 3116360 3120095 3121111 3123425 3125230 3127010 3128779 3130121 3131171 3135334 3137260 3139007 3141935 3143162 3144769 3145627 3146913 3149758 3151522 3152833 3156179 3157840 3158573 3161182 3166039 3166807 3167705 3168804 3171932 3172633 3178438 3179585 3182547 3188735 3189832 3191024 3195424 3197079 3198168 3200146 3202971 3207364 3210820 3212638 3213972 3215236 3217111 3218954 3220393 3221752 3223080 3223924 3225755 3227667 3234402 3235458 3238480 3239651 3242580 3243489 3245442 3247538 3249594 3252459 3255363 3258304 3262221 3264751 3265662 3266943 3268261 3269937 3271479 3273510 3274570 3276350 3278002 3281717 3283416 3287679 3290665 3291594 3293036 3295020 3298257 3299254 3300604 3302143 3303047 3306741 3308194 3312117 3314842 3315708 3322883 3325583 3330095 3331346 3333494 3334518 3335384 3336279 3338158 3338813 3339830 3341351 3343249 3344191 3345234 3347702 3349344 3351960 3358246 3359246 3364638 3366218 3368100 3371956 3373224 3374999 3376207 3377078 3378928 3379973 3382297 3384720 3387716 3389253 3390290 3393150 3395475 3398306 3400435 3404132 3406086 3407332 3408349 3409348 3411110 3413031 3413885 3414957 3417404 3419777 3420709 3421522 3423219 3424087 3426737 3429535 3430465 3432737 3437602 3440960 3444507 3446657 3447754 3448474 3449782 3452776 3454328 3455687 3457627 3459362 3464583 3467387 3468393 3470822 3472297 3473977 3477160 3482712 3484364 3487968 3493893 3496689 3497643 3500292 3503627 3505154 3509975 3510999 3511916 3513460 3515431 3517253 3520738 3524512 3525841 3527850 3529574 3533119 3536357 3537466 3538363 3539462 3540456 3541912 3543139 3544345 3546769 3547695 3548314 3552353 3559923 3561055 3563582 3564577 3566033 3569113 3570185 3571458 3573032 3574498 3576864 3579007 3582613 3584144 3588127 3590085 3592471 3593849 3594600 3597447 3598493 3602076 3604800 3606737 3609587 3611609 3613104 3614268 3615237 3616032 3617550 3618663 3620625 3622176 3623084 3625393 3627669 3630760 3632137 3633094 3634694 3638561 3639312 3642245 3643078 3646133 3647399 3650300 3652374 3652985 3656989 3658326 3661857 3665013 3666540 3668141 3670334 3672188 3674780 3675566 3677748 3679186 3680489 3685151 3686853 3687705 3690010 3691718 3693340 3695486 3701185 3702999 3705834 3709120 3710492 3711768 3714209 3716478 3719151 3720578 3722168 3724555 3727765 3729088 3729930 3731083 3734962 3736190 3737533 3739088 3740370 3741809 3744847 3745568 3748088 3749217 3750951 3751743 3752783 3753817 3755859 3757731 3758937 3760129 3762765 3764940 3766354 3767531 3768117 3770461 3771919 3774473 3776560 3777347 3779823 3782219 3783481 3787227 3787836 3789394 3790735 3793213 3794849 3797631 3798983 3801270 3804180 3805236 3806837 3808009 3809232 3810378 3812114 3816047 3819854 3825517 3828246 3830096 3831877 3834647 3835653 3837662 3838251 3840602 3845664 3847113 3848794 3850788 3852872 3855094 3857127 3857950 3859897 3861814 3863951 3865331 3867889 3870344 3871074 3873622 3874787 3877470 3878870 3882502 3883341 3884605 3885422 3886634 3889683 3891347 3892972 3893983 3897822 3899117 3902641 3904140 3906244 3907048 3908801 3910207 3912796 3921475 3924543 3930541 3933379 3934529 3936404 3939705 3940856 3942572 3946173 3953132 3956860 3958865 3959606 3962055 3964003 3967093 3968251 3970129 3971364 3975521 3976726 3979611 3981744 3985353 3988656 3992383 3994802 3999430 4001058 4003839 4006326 4011145 4013097 4015189 4016232 4017924 4018772 4022946 4027513 4028330 4031079 4033149 4035159 4036072 4037710 4042653 4044012 4044971 4047967 4049769 4051806 4054420 4056757 4057493 4061278 4062914 4066168 4067554 4069405 4071132 4072721 4075366 4078907 4083673 4085132 4087068 4088737 4090547 4092574 4098481 4100197 4101959 4104722 4105915 4107191 4108515 4111506 4112614 4115011 4119953 4120955 4122374 4123481 4124348 4127888 4128805 4130927 4132295 4135030 4135729 4138969 4142049 4143518 4147902 4149208 4151297 4153029 4155265 4159147 4160481 4163185 4165784 4167806 4169653 4171509 4173676 4174698 4178085 4179122 4179871 4182785 4184202 4185351 4186359 4187259 4188817 4190877 4195341 4198357 4201450 4203260 4206433 4207413 4208601 4209795 4210454 4211311 4212409 4213726 4214561 4215924 4217021 4218056 4220210 4222683 4223290 4225487 4226546 4229166 4230679 4232143 4234431 4235604 4236575 4240731 4244189 4245505 4247415 4251704 4255582 4257721 4259241 4261273 4264520 4265322 4266572 4267937 4269085 4270578 4271655 4273282 4274270 4276683 4278705 4280348 4281800 4282524 4284030 4285341 4290863 4291928 4294352 4295363 4296766 4298213 4299617 4301151 4302138 4303243 4305458 4308555 4309680 4312159 4314382 4316418 4319551 4320484 4321701 4322858 4324479 4325361 4327526 4329134 4330011 4331854 4333395 4336102 4337514 4340723 4342016 4343983 4344799 4346048 4348503 4349285 4350835 4351516 4353044 4359071 4359941 4363340 4366627 4371493 4376185 4377823 4379013 4379901 4381900 4383701 4385906 4387736 4390806 4392567 4394196 4395750 4397257 4408868 4410537 4412852 4414309 4417633 4421585 4423985 4425588 4429572 4433567 4435817 4436753 4438897 4442746 4443810 4445733 4446717 4449584 4451037 4452174 4454889 4456474 4457521 4461011 4461824 4464448 4468725 4469844 4473552 4474616 4475705 4477243 4478126 4481433 4482417 4485068 4490093 4497572 4498432 4504298 4505500 4507265 4508706 4510180 4511141 4512462 4513531 4516242 4517570 4519063 4523876 4528331 4530445 4532332 4533501 4535122 4538241 4539128 4543806 4547089 4548522 4549514 4552310 4554045 4555342 4556477 4557794 4560509 4563552 4565863 4566718 4567341 4569548 4570498 4571281 4572229 4575423 4575986 4577757 4580589 4582061 4582946 4584873 4586030 4587181 4590179 4592806 4596038 4596985 4597680 4600923 4602408 4604535 4605875 4607600 4612996 4615631 4620597 4621512 4622225 4623377 4626202 4627387 4628529 4630982 4632317 4633609 4637052 4638436 4639946 4640791 4642144 4645911 4651469 4655199 4659627 4660583 4661776 4663351 4668277 4672036 4674017 4675890 4678723 4679963 4680918 4682728 4684905 4686019 4687300 4688844 4690033 4691218 4692666 4694229 4695853 4697073 4698241 4699620 4701169 4702674 4704498 4705173 4707184 4710198 4711459 4712996 4714054 4714970 4715871 4717380 4718238 4723485 4725083 4726109 4730045 4732362 4734855 4736116 4737020 4738608 4743078 4743923 4745253 4746491 4747129 4748393 4751763 4755158 4757070 4757865 4759327 4760375 4762134 4763717 4765282 4765982 4767164 4769154 4770203 4772377 4774034 4780911 4783034 4786320 4787819 4795515 4796946 4798526 4802827 4805348 4810661 4812030 4814072 4814848 4815836 4817437 4819270 4821565 4823058 4824128 4825643 4827373 4829675 4831929 4837375 4839656 4842715 4845935 4847397 4849668 4852029 4852981 4854675 4856573 4857969 4859125 4863939 4865637 4866539 4868402 4871533 4875587 4879767 4880525 4881608 4883873 4891411 4892369 4894857 4895664 4897522 4899156 4900876 4904338 4905455 4906853 4910092 4912070 4914650 4916965 4920143 4922784 4926340 4927324 4928928 4930738 4932825 4933948 4936244 4938327 4940151 4941094 4945090 4946420 4948015 4951050 4953458 4955832 4956911 4958914 4960925 4963348 4965890 4972371 4975411 4979714 4981918 4984242 4985875 4987275 4989508 4990620 4993751 4997040 4998732 5000175 5000952 5002364 5003853 5006034 5012890 5014490 5015446 5017956 5019630 5025156 5027478 5028200 5033075 5035331 5037388 5040306 5041197 5042553 5045905 5047455 5051624 5052569 5054773 5056527 5057847 5059792 5061246 5062804 5066025 5068292 5070538 5072800 5081155 5084906 5086088 5087754 5089933 5092038 5093119 5094087 5096338 5098490 5100367 5101950 5107310 5108140 5110154 5111149 5112167 5114251 5117327 5119382 5121043 5122566 5124474 5125645 5129699 5132742 5135080 5138070 5141657 5146217 5148971 5152133 5153061 5154417 5155065 5157067 5158952 5160233 5164834 5166631 5167813 5170773 5172614 5177375 5181015 5182695 5185212 5186569 5188463 5189384 5191112 5192443 5194116 5196250 5199120 5201650 5203989 5207216 5208150 5211633 5212852 5216001 5217642 5218551 5221499 5223396 5224944 5225715 5227171 5228775 5229894 5232779 5236180 5238706 5243226 5249355 5251478 5253579 5255869 5257711 5259690 5260896 5263454 5266509 5268298 5271109 5272302 5274707 5275865 5277622 5281913 5283519 5284907 5285660 5290296 5294518 5296654 5298290 5299719 5304195 5305545 5309716 5314650 5316241 5318981 5321497 5326142 5326957 5330423 5332104 5333654 5337449 5339188 5342834 5344423 5348339 5349694 5351424 5352127 5353431 5354776 5355688 5358120 5361002 5365082 5366090 5368261 5374968 5376678 5378355 5379549 5381559 5384845 5386874 5388153 5391406 5392747 5393753 5394578 5396168 5398525 5399640 5400995 5405300 5409396 5410601 5412253 5414565 5416756 5418277 5419434 5424164 5425320 5426380 5428975 5432499 5434866 5435911 5437166 5438489 5439345 5441072 5442870 5446124 5447202 5448701 5450715 5452076 5453356 5454965 5456089 5457764 5461105 5462856 5464192 5466418 5470621 5471661 5473292 5476242 5479661 5480779 5481625 5483380 5485317 5487760 5491009 5492975 5494790 5495818 5497067 5501441 5503903 5505253 5507373 5511450 5513027 5515017 5515666 5516777 5518547 5520188 5525587 5526910 5529866 5532124 5533551 5534802 5536055 5537756 5539657 5540331 5542126 5543497 5544428 5545670 5548242 5549447 5555801 5557325 5559487 5560682 5565018 5568003 5568785 5570562 5574302 5577316 5578357 5580589 5582717 5584890 5586326 5587890 5589322 5590156 5592951 5595804 5597113 5602224 5604045 5605689 5607418 5610934 5611803 5612904 5614884 5619191 5621716 5626722 5628412 5630719 5632736 5636690 5638763 5639877 5643494 5645481 5647252 5648084 5650651 5651907 5654560 5655456 5657746 5659711 5661932 5662783 5664634 5665418 5667789 5669048 5669875 5672833 5673807 5674801 5675675 5676782 5679311 5681962 5683435 5684083 5685195 5686482 5687198 5689506 5691530 5693992 5695283 5697015 5703341 5705051 5706307 5707773 5711526 5713571 5715476 5717215 5720035 5722457 5724686 5726263 5728167 5729411 5729967 5732866 5735351 5739126 5740971 5742577 5745635 5748648 5750683 5752260 5755569 5760340 5765862 5767942 5768987 5770712 5773475 5775370 5777204 5777799 5779795 5781089 5782530 5784110 5787121 5788100 5790139 5792802 5793586 5794628 5796092 5798926 5799785 5801389 5803519 5807238 5809060 5811329 5813140 5819080 5821676 5822730 5825463 5829856 5832391 5833477 5834499 5836538 5838034 5844699 5848427 5849869 5850888 5852541 5854168 5856351 5857998 5861985 5866960 5868184 5871373 5872465 5874884 5877046 5877854 5880446 5882660 5884246 5886299 5887679 5888969 5891395 5893231 5894348 5897714 5899085 5900765 5902641 5907777 5909701 5912049 5918935 5922125 5922869 5924970 5929827 5932173 5934293 5938802 5942344 5943302 5944370 5946127 5947317 5948637 5951689 5952862 5953812 5955191 5956949 5959822 5963148 5965169 5969366 5971640 5972240 5979724 5982029 5983325 5984747 5986462 5987948 5989439 5993737 5999013 6001372 6004962 6005966 6007520 6009076 6010717 6011856 6012728 6016281 6018718 6021489 6023205 6024813 6025582 6028481 6029428 6031487 6033349 6034264 6035359 6040118 6041746 6043234 6046460 6048961 6050956 6052255 6052965 6056042 6057040 6058419 6059668 6061891 6064074 6065975 6068131 6070018 6072134 6073930 6075565 6077141 6078840 6079998 6081644 6084087 6086212 6087087 6088490 6090408 6091189 6092012 6094159 6097121 6098816 6099754 6102933 6103643 6105872 6108231 6109790 6111291 6114744 6115710 6116981 6119685 6120433 6121725 6125911 6128561 6132190 6133816 6135017 6137569 6139121 6140083 6141137 6143406 6146032 6147813 6150041 6152932 6153917 6156878 6157742 6161587 6163218 6164242 6166634 6168102 6169345 6170856 6175250 6176584 6179318 6180063 6182531 6184094 6184917 6187056 6189190 6190111 6191992 6194680 6195622 6196079 6197331 6198336 6199230 6200501 6205272 6207152 6208051 6211290 6212583 6216279 6217585 6218624 6219692 6220766 6223138 6225406 6227175 6229900 6230747 6233486 6236913 6239793 6241157 6243304 6244549 6245805 6247690 6249926 6250831 6252130 6253590 6256562 6260936 6265957 6269626 6271489 6275765 6277482 6278404 6280391 6282050 6286087 6287221 6289998 6290982 6293248 6293878 6299495 6301109 6304211 6306080 6307744 6310448 6311095 6312189 6313192 6316051 6319034 6321064 6322788 6323453 6324379 6325832 6327716 6328814 6330913 6334021 6337921 6339054 6341265 6342253 6348912 6349719 6350790 6351852 6355230 6356535 6359541 6361055 6365196 6367099 6368546 6369932 6371268 6374577 6379512 6381100 6381934 6383781 6384619 6385982 6387774 6388942 6390759 6393729 6397848 6400537 6402670 6403637 6406946 6408436 6409194 6410790 6412337 6414133 6414968 6417754 6419118 6419714 6421180 6422211 6423529 6426046 6427226 6431223 6432773 6436318 6437549 6439421 6441730 6443922 6445563 6449375 6451774 6454118 6455351 6458767 6459772 6460359 6461689 6462704 6465744 6466644 6472144 6474450 6475070 6478416 6479676 6481366 6484301 6486255 6488157 6489427 6490819 6492206 6494370 6498738 6499793 6502049 6502780 6503959 6506794 6510089 6511670 6513179 6514438 6519587 6521191 6522459 6523444 6525658 6528285 6530955 6532947 6534759 6538167 6542034 6542740 6543387 6545365 6546384 6548885 6551137 6551759 6554300 6555735 6560486 6561535 6562519 6563386 6565981 6567222 6568486 6572718 6576395 6577436 6578755 6580598 6583947 6585651 6587252 6588915 6592978 6594976 6595874 6596781 6598180 6599750 6601099 6604622 6606394 6608738 6609882 6612263 6614388 6616224 6617926 6619959 6621498 6623122 6623869 6624940 6626143 6628569 6630174 6636268 6638482 6639514 6640787 6642065 6646024 6646932 6648367 6649685 6652535 6654829 6655659 6661030 6662821 6665667 6666864 6668066 6669711 6673022 6674010 6675185 6679237 6680755 6685914 6687190 6688124 6690034 6693607 6697801 6699349 6702285 6703734 6706647 6708413 6711901 6712949 6715406 6716859 6718512 6722305 6725667 6727022 6728948 6731059 6732181 6733180 6736897 6742899 6744683 6746087 6746788 6747643 6752436 6754097 6759289 6761978 6765240 6766363 6768232 6770051 6771451 6774102 6775716 6777990 6779243 6781269 6784241 6785918 6787551 6790603 6792149 6794456 6797919 6799777 6801077 6801892 6802724 6804805 6806333 6807999 6811019 6812616 6813701 6815502 6821223 6822225 6823446 6824831 6830278 6831264 6833298 6834495 6838297 6842495 6845260 6846585 6850773 6853495 6854745 6855949 6859922 6860833 6862106 6863005 6864958 6866423 6868460 6871143 6872684 6874913 6876846 6878911 6880406 6882471 6883454 6886956 6890158 6892471 6895945 6896935 6899823 6900946 6902346 6904843 6905689 6907876 6909738 6911527 6912605 6913867 6915070 6918004 6920248 6922297 6923482 6925277 6926694 6928291 6930098 6931694 6933415 6935144 6936773 6938832 6947206 6950180 6952786 6956139 6957179 6960123 6962640 6964681 6967820 6970554 6972325 6973068 6974943 6975784 6978171 6980901 6982709 6984017 6987653 6990547 6991908 6992950 6993613 6997858 7002005 7002718 7008539 7009521 7013018 7016495 7017490 7018992 7022588 7024947 7026382 7029791 7032865 7034643 7036624 7042811 7047494 7050418 7051229 7052182 7055148 7056713 7059202 7060635 7062173 7063314 7063955 7066835 7067707 7070417 7072745 7074589 7075819 7081475 7083544 7086025 7087395 7088925 7093988 7100309 7104330 7105850 7107040 7108459 7109419 7110177 7111708 7112725 7113566 7114286 7118574 7120305 7121160 7122001 7123782 7125455 7126538 7127945 7129463 7137585 7142985 7144196 7146995 7149391 7150936 7151887 7154301 7156212 7158064 7160303 7162471 7164405 7165831 7167911 7168919 7170026 7171394 7173441 7174424 7176556 7178035 7180527 7181760 7182849 7184230 7187364 7190979 7192328 7193930 7196121 7200397 7201816 7203450 7205027 7206346 7208295 7212417 7214461 7217420 7219189 7220740 7224824 7225979 7226877 7232038 7234915 7235857 7239323 7240636 7241999 7243482 7244425 7246196 7246951 7247729 7249621 7253822 7255931 7257821 7263114 7265783 7271946 7272867 7274631 7275283 7278048 7280894 7282219 7283973 7285287 7287689 7289811 7290940 7292567 7294422 7295844 7299616 7301141 7302407 7305810 7307165 7309548 7311886 7313506 7315668 7317703 7318909 7320356 7321143 7321716 7322536 7324208 7325773 7327656 7329976 7331785 7332929 7334679 7335672 7337339 7342581 7344070 7347906 7349923 7352474 7354034 7356137 7359695 7362726 7366127 7368563 7370134 7377595 7379963 7381114 7382287 7385745 7387151 7388611 7391535 7394975 7398408 7400894 7402649 7403666 7405349 7409923 7412653 7414146 7415165 7416838 7417747 7421194 7422632 7423646 7426733 7427729 7430625 7431883 7433072 7434857 7436964 7438549 7443485 7444435 7445335 7448132 7453223 7454370 7457052 7459768 7461229 7463749 7465385 7467455 7468434 7470859 7472549 7476079 7479019 7480838 7483412 7484331 7485325 7487873 7490951 7492004 7496900 7500895 7503015 7506718 7508255 7509614 7512570 7515227 7522691 7524187 7528008 7529780 7531333 7533391 7538397 7540260 7542298 7543955 7545683 7547914 7551363 7553495 7555006 7555756 7558147 7559165 7562695 7565374 7567312 7568843 7570273 7571483 7575279 7577907 7580966 7581893 7583076 7585452 7589295 7590275 7594267 7595406 7597603 7599200 7602231 7605043 7606329 7607086 7607772 7611427 7612271 7615291 7617281 7619121 7623146 7626209 7627353 7629661 7631156 7632651 7633681 7636056 7637042 7639847 7642645 7646588 7649512 7651263 7652837 7654818 7656552 7658098 7660003 7661011 7662199 7663139 7665614 7667649 7669661 7670628 7671899 7674953 7679475 7681970 7683992 7684909 7686055 7688191 7689359 7693982 7695460 7698464 7699917 7703883 7705514 7708959 7714015 7715265 7716936 7719044 7722116 7724819 7725869 7728742 7729675 7732240 7733387 7734346 7736015 7739249 7740791 7743788 7746695 7748388 7749585 7750821 7753107 7754092 7755619 7756880 7758496 7759564 7760688 7761640 7766173 7767374 7768550 7770544 7772320 7774944 7775443 7779943 7782358 7783151 7786036 7787362 7788916 7789850 7792229 7793303 7795322 7796889 7798588 7799716 7800601 7802914 7805396 7806517 7808261 7809037 7810892 7812765 7815127 7816590 7818348 7819760 7821442 7822279 7825838 7827036 7828099 7830852 7832124 7833324 7835324 7837085 7838831 7845119 7846164 7846693 7848367 7849296 7850823 7852269 7853776 7854657 7856783 7857605 7860749 7865128 7866114 7868295 7870558 7872080 7876222 7883183 7887033 7890873 7892922 7894329 7895574 7898243 7901109 7906072 7907043 7908004 7909667 7914045 7915517 7916925 7918824 7922158 7923008 7924050 7927931 7929454 7931336 7932573 7934771 7938550 7939388 7941006 7942077 7944071 7947122 7948437 7949700 7950858 7952291 7956592 7959368 7960788 7963513 7965805 7966823 7969997 7972125 7973048 7974467 7976846 7979374 7981912 7982884 7983897 7985596 7986774 7988110 7989884 7991369 7993934 7995912 7998761 8007270 8008315 8010394 8011324 8014665 8015714 8017556 8020772 8026046 8028236 8031470 8032933 8035195 8037120 8038703 8041131 8043728 8050555 8052928 8054876 8056634 8060490 8062509 8064489 8065562 8068497 8070179 8074849 8076817 8078127 8079485 8082247 8086729 8088464 8093117 8096005 8097018 8098635 8100089 8102541 8104674 8105981 8107367 8108995 8110056 8113175 8114484 8119419 8123755 8128069 8130554 8133815 8135293 8137413 8140243 8141760 8147359 8148865 8149982 8151168 8157158 8159498 8161171 8164259 8165364 8167510 8169733 8171970 8173028 8176318 8178798 8179981 8180944 8183427 8189258 8193159 8194226 8195490 8199521 8201276 8205187 8207215 8208163 8209381 8210885 8213798 8216220 8222539 8225488 8227892 8230768 8231966 8232798 8234158 8235048 8237323 8238870 8240656 8242249 8243865 8247372 8249795 8252039 8253058 8253723 8256055 8257779 8258964 8260194 8262031 8263036 8264319 8266715 8269109 8270320 8271641 8272454 8274765 8276171 8279699 8283883 8286414 8288554 8289363 8291113 8293621 8294857 8297592 8298849 8307754 8310953 8317894 8323346 8325046 8326614 8329090 8331518 8333644 8334689 8336051 8337456 8340422 8342295 8345146 8346280 8347107 8348221 8349523 8350062 8351872 8353571 8355470 8356913 8361298 8362256 8363084 8366901 8368543 8371291 8374117 8375397 8376698 8379455 8381002 8382873 8383660 8386337 8387384 8388382 8389343 8391839 8392865 8394370 8395183 8396894 8402552 8406140 8407228 8407983 8408735 8410152 8411031 8412941 8414144 8416875 8417435 8418627 8422600 8423640 8424572 8428395 8430450 8436526 8437469 8440578 8441396 8446095 8447507 8448666 8454781 8456380 8460681 8462429 8464174 8465557 8468301 8469658 8472389 8474192 8475860 8476733 8478449 8485131 8487539 8488942 8491127 8492710 8494449 8495423 8498750 8501731 8503141 8505690 8508089 8508853 8509600 8512587 8515443 8518501 8520202 8521701 8523735 8525411 8526605 8527438 8530223 8531204 8536064 8536734 8538008 8539784 8541728 8547970 8550773 8551510 8553117 8554141 8555235 8556409 8558075 8563021 8563885 8565071 8566800 8567967 8569650 8571680 8572839 8579642 8581381 8586231 8588256 8589361 8592716 8594575 8597929 8598922 8600053 8601824 8603025 8604779 8607503 8611085 8619913 8621331 8622309 8623296 8625318 8626399 8630764 8632231 8634216 8635230 8636504 8637952 8640211 8641298 8642696 8643602 8644587 8647224 8648851 8651690 8653487 8655216 8656899 8658462 8660294 8664137 8665710 8667511 8671165 8672046 8672931 8674111 8678905 8679869 8683131 8684116 8685861 8686936 8688561 8690445 8691908 8695610 8696372 8698288 8700035 8701926 8702728 8703913 8709009 8711318 8713160 8714011 8718168 8719337 8720221 8724802 8727606 8729163 8730919 8732016 8735262 8737415 8739205 8740579 8741624 8742971 8747867 8749850 8750571 8754128 8756618 8759424 8761243 8764363 8767945 8769615 8771519 8774786 8775475 8778709 8781584 8782572 8783408 8785620 8791125 8792249 8793461 8794506 8796497 8798218 8799374 8803784 8805077 8806236 8809670 8811320 8813235 8815513 8818836 8820805 8823922 8826273 8835418 8836641 8837660 8841045 8843066 8844170 8845192 8846169 8849711 8850630 8851712 8852994 8853953 8855520 8856595 8857736 8860719 8861782 8864064 8865004 8866412 8867994 8870627 8874400 8876485 8881574 8882865 8883877 8885035 8887102 8888978 8890618 8891573 8893070 8897674 8902362 8904263 8907291 8910008 8911293 8912485 8914947 8916480 8918072 8919045 8922852 8925228 8929270 8931367 8936502 8938531 8940392 8942937 8945528 8946392 8948125 8949057 8950129 8951114 8955040 8956796 8960900 8962652 8965285 8973077 8975696 8979093 8983540 8984955 8987582 8991996 8992944 8995485 9000241 9001228 9004178 9006949 9008811 9011347 9012195 9016226 9017949 9019616 9023125 9027140 9028360 9029374 9032312 9034338 9035218 9037836 9038965 9040978 9043629 9044916 9046385 9051074 9052386 9053792 9057579 9059087 9061421 9062755 9063603 9066742 9068256 9069016 9070511 9071784 9073997 9076137 9078820 9081913 9083264 9085317 9087609 9088826 9089810 9091123 9093189 9093978 9097526 9098764 9100495 9104311 9109077 9115215 9116021 9116702 9118102 9121488 9122582 9128750 9131876 9134886 9138316 9139061 9141479 9143398 9144961 9145917 9148026 9149171 9151773 9153692 9154961 9156076 9158057 9159773 9162206 9163040 9167776 9168926 9170865 9172292 9175281 9176743 9178906 9181309 9182890 9183770 9185224 9187068 9188959 9189697 9192293 9193657 9194942 9198025 9200112 9204179 9205455 9208169 9209115 9210217 9212918 9222071 9223355 9224307 9225363 9227475 9228569 9230536 9233992 9240450 9241859 9242911 9243890 9248711 9249894 9253105 9257947 9259343 9261447 9262379 9264006 9265669 9267010 9269986 9270924 9272244 9273605 9274338 9277102 9278569 9279709 9282328 9284706 9286022 9286834 9287514 9289528 9290757 9299747 9304125 9305430 9306458 9310628 9311660 9313848 9320135 9321656 9322789 9323639 9329207 9330876 9332653 9343847 9348117 9348836 9350208 9351218 9352889 9355175 9356658 9363005 9364425 9368056 9372056 9373236 9374795 9381453 9382580 9385417 9389582 9390687 9394333 9399855 9400723 9401936 9403779 9407280 9408481 9409483 9412094 9413822 9414705 9415845 9418020 9418846 9421054 9422948 9426666 9427456 9428907 9430358 9434497 9437919 9439682 9440497 9441498 9444547 9445139 9447483 9449593 9452139 9453869 9455903 9457570 9458705 9460264 9461450 9464112 9465171 9466168 9466976 9468781 9470037 9472746 9474444 9476742 9477877 9478823 9480522 9481314 9487142 9490177 9490934 9491848 9492465 9495162 9496102 9497495 9499918 9505780 9508906 9511367 9514246 9515914 9516776 9518281 9519043 9522521 9523224 9526859 9529231 9531769 9533796 9535558 9537060 9538004 9540652 9541828 9543610 9545210 9547608 9548598 9549631 9550873 9554731 9556852 9565076 9568809 9570231 9573435 9574853 9577529 9579163 9580246 9582263 9585118 9586877 9590330 9591494 9594537 9595354 9598478 9600375 9601927 9602840 9604941 9606709 9609286 9610890 9612518 9613437 9617673 9621273 9622780 9625353 9626218 9629972 9631538 9633760 9635948 9637534 9638697 9639688 9641267 9643295 9644135 9645836 9648996 9650532 9652641 9654056 9656858 9659376 9663223 9664618 9668912 9671458 9674141 9676757 9678131 9679148 9681083 9683552 9689663 9690824 9691677 9693134 9697412 9698992 9700014 9700756 9702347 9707103 9709533 9717233 9722409 9724131 9725519 9727273 9728271 9731197 9733325 9734374 9736057 9737245 9738817 9743388 9748908 9754661 9756019 9761515 9762367 9763410 9764683 9770623 9776170 9780756 9786384 9787662 9793133 9794463 9795112 9799172 9800646 9801441 9802595 9805918 9807027 9812747 9814067 9815296 9816978 9819149 9820597 9821733 9823470 9827238 9829985 9830881 9833226 9834158 9834732 9836231 9838159 9840501 9841510 9842362 9843138 9844524 9846766 9849646 9851609 9853196 9854810 9855718 9859167 9863291 9866747 9867845 9868805 9872446 9873970 9875538 9877318 9879403 9881475 9882437 9885376 9886491 9887784 9889693 9891561 9893239 9894819 9896641 9898049 9899020 9900269 9903761 9904732 9906874 9908311 9909879 9910809 9913974 9917663 9919273 9920644 9922034 9923826 9925319 9926928 9930045 9931548 9936276 9938247 9940367 9941289 9943612 9944679 9945557 9947844 9948809 9949528 9950792 9951752 9952460 9953915 9954992 9956399 9960051 9961545 9964370 9965291 9966991 9968184 9972250 9974666 9976195 9977450 9978124 9979793 9983006 9984976 9986703 9988279 9989235 9991308 9993107 9996356 9999420 
</Matrix>
<Matrix name="Neuron_344" type="complete" rows="1" columns="255" multiplier="1.0">
   7689 21695 40203 46986 61971 76704 124843 133901 136046 158956 189221 432391 503575 560739 761668 813294 857832 863910 879939 891046 1031959 1078022 1167021 1178355 1242804 1314229 1367650 1374792 1450558 1468533 1475471 1488919 1550782 1558599 1608436 1609690 1680708 1684146 1687120 1696265 1718451 1810997 1925027 1937579 1989241 2029666 2031734 2087028 2093107 2194105 2289398 2314753 2347053 2349005 2367298 2397596 2446563 2476836 2545737 2598581 2669376 2702420 2754135 2764034 2820808 2887434 2976363 3078854 3112186 3174756 3184826 3211216 3243387 3246909 3258012 3261544 3289789 3351541 3382045 3391319 3474147 3478406 3491301 3517535 3563211 3615961 3784622 3805342 3883044 3884695 3888101 3953807 4054518 4074036 4084770 4098860 4109760 4133975 4209785 4226998 4291924 4294589 4301848 4444832 4505646 4571560 4614642 4619850 4647313 4657941 4659812 4739099 4787806 4844035 4863723 4882294 4976445 5010285 5066656 5089897 5113794 5241256 5243293 5303737 5381817 5438001 5443469 5463959 5506196 5511942 5533604 5614861 5674364 5679073 5704936 5706524 5710711 5736088 5894627 5899241 5912847 5927917 5935836 5974709 6034206 6109837 6215278 6282704 6303676 6338356 6401683 6415565 6449639 6450864 6474652 6490317 6527165 6538017 6540591 6550417 6568508 6591212 6601730 6703180 6709737 6757845 6778579 6787636 6791120 6876648 6950342 6974476 7026502 7103094 7112310 7124895 7157892 7221936 7291572 7360377 7438928 7440805 7450370 7481252 7544596 7575043 7586139 7590257 7606716 7631432 7636755 7653148 7684920 7687129 7739883 7744107 7754368 7759154 7815826 7821418 7846500 7848358 7870761 7879277 7917030 7945810 7954024 8013364 8023147 8098779 8210730 8217380 8296642 8325252 8418980 8447012 8472947 8564270 8573342 8641513 8664530 8695334 8722458 8790783 8847032 8878795 8916441 8966019 8987025 8989157 8995484 9040944 9091074 9145010 9233219 9323913 9357198 9379226 9395055 9434463 9448451 9523996 9526325 9531243 9538296 9542665 9588820 9655855 9766238 9786562 9811779 9865890 9935436 9937638 9987696 
</Matrix>
<Matrix name="Neuron_351" type="complete" rows="1" columns="2252" multiplier="1.0">
   6615 9307 14575 30305 35027 48886 58192 58975 62620 66756 67881 75733 77021 87715 95496 97200 101683 104236 107254 109998 112421 113464 114947 123178 133200 137793 142247 148195 155524 158541 160528 166085 170173 172920 175394 177768 180209 184288 189135 191476 192323 197070 208559 211882 216892 221079 222899 224523 227855 230706 239748 251120 258651 266103 271165 273440 277935 286405 300453 303644 311935 316030 324594 331196 338877 344427 346800 349307 352235 356903 365273 371969 378481 379696 390931 394280 399352 409229 415748 420684 422546 426030 430548 433248 435409 441602 445203 451488 462411 470060 472189 480562 486338 488115 490614 502710 503644 519445 521684 530816 533671 536709 541466 545703 546639 549681 550518 557545 559202 561996 565669 567763 573763 576417 577596 579926 582925 586733 591714 594404 597447 601169 602452 607102 609924 624210 624898 626869 638617 640682 645207 656651 661238 663593 664800 672112 673494 676627 678562 684610 688876 690962 693012 696619 698689 701390 707717 709568 712314 716073 720585 722236 723934 731372 732766 735438 736623 739246 745743 747969 751873 757415 760562 764715 771574 773585 775135 780566 790327 791135 793386 796537 804282 805673 817401 820886 824008 826630 828239 835831 842975 844588 853495 859662 863783 865505 871735 873618 885049 886516 888792 891098 894482 900155 903490 905017 906398 909549 912209 918803 922480 928454 935801 942079 943745 945792 947840 958756 963463 968356 976465 979368 981676 984829 986502 990853 1001813 1008369 1010838 1014272 1016665 1022262 1029710 1031191 1034485 1044012 1047863 1049099 1052649 1054476 1055945 1065255 1066384 1067107 1067950 1069698 1071305 1074333 1076820 1091524 1092264 1096126 1096950 1101357 1107962 1110348 1113309 1114658 1115638 1116632 1118824 1121913 1124975 1139686 1148886 1151097 1152556 1153954 1159823 1164004 1173403 1176034 1176942 1178388 1180661 1181695 1187747 1191627 1193589 1195054 1199753 1202466 1204235 1211611 1215363 1223053 1224456 1226495 1227590 1231207 1236160 1242567 1256402 1272827 1274420 1276589 1280461 1287104 1292031 1296521 1304113 1305533 1310256 1317773 1318762 1325264 1331802 1333292 1339053 1341353 1345545 1346569 1347503 1348974 1358107 1361819 1368827 1375100 1378486 1384251 1387358 1388455 1390429 1393731 1397433 1400830 1404779 1406199 1408246 1415225 1416549 1422470 1424270 1425260 1431639 1440021 1445545 1449361 1452751 1456130 1460148 1464883 1469029 1475530 1477362 1490632 1491596 1495275 1496952 1501120 1503695 1507309 1511252 1513697 1517430 1522205 1523951 1525088 1526462 1533135 1535050 1536602 1545307 1556371 1564298 1566261 1569344 1574540 1578606 1587171 1589983 1596646 1602246 1603231 1606024 1608993 1615527 1619614 1623359 1627009 1632880 1636268 1637511 1638990 1640564 1652351 1660281 1663181 1666707 1678620 1681485 1684723 1686388 1687640 1690469 1692728 1694395 1697504 1700535 1701997 1703603 1707063 1709261 1716493 1717552 1727968 1731666 1736723 1740785 1748068 1750619 1757416 1758569 1759653 1761028 1762536 1773066 1786021 1798504 1799769 1801803 1805930 1814520 1817483 1824511 1825622 1829834 1830712 1831985 1835953 1842162 1844747 1854041 1855175 1859755 1862128 1869240 1882619 1892539 1896293 1903919 1915814 1919763 1925894 1928087 1937526 1941343 1946602 1947031 1950346 1959694 1965140 1971731 1974512 1978046 1981721 1989514 2000676 2009201 2011094 2013014 2015646 2017962 2030664 2034935 2045686 2046582 2049015 2052806 2061598 2063134 2064110 2069031 2074470 2083472 2089376 2095423 2099339 2104146 2115931 2120033 2121288 2124970 2125979 2132397 2138557 2140628 2144811 2152656 2157101 2161827 2168703 2179244 2183670 2184986 2193411 2196781 2200535 2202644 2205929 2210090 2213514 2220275 2221420 2225628 2231555 2232901 2237629 2242393 2251122 2254188 2257973 2261826 2264364 2270248 2271440 2273563 2276277 2287800 2294348 2297109 2307732 2310352 2313493 2318055 2320487 2323272 2333919 2340233 2341327 2353921 2355383 2358730 2360893 2367611 2369652 2371024 2374076 2379569 2380209 2386571 2393201 2397905 2400371 2409188 2409776 2411631 2416066 2418589 2425129 2441986 2451089 2452901 2457675 2468285 2476366 2480558 2482698 2484926 2490623 2499524 2502993 2508813 2511600 2515749 2520932 2529881 2537673 2539468 2540249 2542797 2556470 2558304 2561420 2563836 2565357 2566966 2567827 2569842 2583455 2587546 2594640 2600779 2611034 2626299 2632033 2633657 2635320 2638043 2640213 2642205 2648660 2652560 2660887 2672364 2675004 2679511 2681187 2684050 2685387 2687602 2693317 2707541 2713648 2715459 2716753 2722249 2726804 2728647 2736234 2739021 2741040 2743215 2745691 2747168 2748705 2750468 2776117 2779546 2782909 2791733 2794211 2797686 2800031 2802002 2808052 2814247 2818169 2821166 2828236 2832679 2836356 2837462 2839600 2842061 2845043 2855680 2859126 2864233 2867602 2870736 2872819 2873972 2874972 2876041 2877711 2883679 2886507 2890133 2891423 2896020 2902438 2910733 2914183 2915962 2920298 2929656 2932469 2933922 2935992 2940704 2941714 2944385 2956752 2959077 2961090 2965418 2969402 2972732 2976022 2981522 2991583 2994734 3002980 3005030 3007161 3012110 3013550 3014718 3019298 3020748 3024467 3026788 3032111 3033962 3037955 3042485 3057251 3059968 3060768 3069650 3073255 3074459 3077482 3087157 3090395 3091683 3093061 3096644 3101043 3102081 3103279 3111840 3119108 3122511 3124318 3125768 3126868 3127655 3133439 3139253 3142054 3144914 3156458 3162868 3163877 3167369 3172195 3182164 3185678 3198472 3205746 3208588 3210180 3211403 3215117 3216909 3241786 3243069 3244724 3245784 3254005 3255555 3257146 3260177 3262610 3269276 3274207 3276789 3279154 3281962 3287721 3289645 3293321 3298341 3300857 3305323 3308889 3313431 3315252 3317174 3318804 3322278 3335017 3338747 3341668 3362316 3366040 3367768 3368582 3374655 3376230 3378167 3380446 3382396 3384377 3385208 3390653 3392562 3398042 3405672 3408299 3413869 3416775 3419986 3426910 3440117 3444449 3450863 3462194 3466201 3477953 3480809 3483860 3485764 3487132 3489013 3490462 3495571 3500562 3503124 3506142 3513770 3515319 3517491 3522392 3524111 3526563 3531115 3532860 3537717 3543433 3545915 3547751 3553426 3558003 3565850 3569012 3572555 3574362 3595803 3597764 3600160 3601947 3604309 3605977 3612765 3614352 3639183 3640900 3643642 3644972 3646985 3648147 3655384 3656793 3658497 3662908 3669674 3672718 3673805 3694633 3696940 3700249 3702660 3706033 3707838 3708706 3711637 3712650 3713851 3716862 3726118 3726901 3728428 3733809 3736075 3740105 3743106 3745631 3746772 3750164 3758649 3760505 3772794 3775574 3776874 3781326 3784417 3786951 3789960 3790726 3793029 3796759 3801140 3817204 3821853 3823652 3833862 3836968 3840270 3841179 3852456 3853804 3856424 3858891 3865970 3872811 3882317 3885220 3890799 3901120 3904109 3905833 3912521 3927105 3930190 3935364 3947900 3950905 3952794 3964983 3967106 3971909 3973635 3975204 3989960 3990932 3992710 3996587 3998733 4001360 4006745 4019769 4024272 4026174 4027497 4029599 4031006 4032887 4036845 4038706 4042847 4044792 4052225 4056384 4066397 4078038 4079966 4085519 4088786 4093874 4097420 4100013 4107392 4112552 4116735 4118903 4119652 4126304 4128543 4132169 4148102 4150730 4152024 4152943 4160550 4165081 4167138 4168406 4169223 4171024 4172787 4175169 4181581 4184412 4210771 4213573 4224081 4226851 4230437 4233793 4238172 4249775 4255098 4256008 4262868 4275533 4279273 4302207 4305313 4308982 4313696 4316530 4318697 4321278 4326640 4339715 4345586 4347976 4350952 4353873 4354903 4359487 4363999 4365224 4369325 4382352 4386039 4393958 4404279 4407953 4417043 4418385 4420961 4422651 4423625 4434590 4436978 4441578 4442927 4448020 4450444 4470167 4476996 4478829 4480075 4484105 4486986 4492408 4495190 4501969 4504682 4515558 4518617 4521076 4526112 4529553 4531313 4540603 4542518 4543843 4546252 4547673 4548678 4550330 4559357 4564136 4576567 4579010 4587418 4588617 4589758 4596586 4601350 4602921 4609829 4615559 4629798 4634755 4636158 4641922 4647747 4655383 4660208 4663749 4680658 4682865 4684816 4692159 4701082 4706886 4713914 4721825 4726849 4730255 4731647 4732624 4745769 4753984 4758486 4768761 4771356 4772777 4776415 4777653 4781681 4785820 4786603 4790234 4792190 4793392 4799027 4800168 4801087 4810300 4823995 4844796 4846133 4847384 4851299 4858884 4860583 4863438 4869202 4875382 4888175 4890545 4894637 4900760 4908026 4914218 4916404 4919444 4924078 4925567 4929925 4933598 4934922 4938592 4946134 4953910 4957153 4958901 4963890 4966171 4968420 4969424 4985830 4989662 4990703 4993487 4996990 4999743 5017428 5023900 5024679 5032995 5034434 5040821 5045563 5047725 5048971 5050460 5052852 5054492 5060521 5062348 5064790 5070370 5073075 5075490 5081878 5086753 5087871 5096532 5104489 5105989 5107804 5109832 5111799 5115574 5117431 5118375 5119244 5124411 5125121 5130943 5136898 5142078 5143072 5146423 5150903 5162317 5168372 5169747 5171358 5172706 5173928 5182493 5183925 5186176 5191321 5197358 5201029 5209785 5216968 5220784 5227405 5234708 5237341 5240132 5241626 5246652 5249370 5253855 5260135 5261926 5268462 5274237 5277193 5279795 5282154 5285440 5293210 5295173 5297650 5302750 5306119 5307686 5317363 5321604 5333811 5336530 5341645 5344202 5348527 5350212 5355512 5363800 5365977 5367005 5370513 5380539 5386991 5394248 5398776 5402316 5406155 5415487 5418086 5421050 5422139 5424056 5426062 5430583 5434942 5436960 5438509 5442065 5448135 5449789 5450764 5452089 5453600 5455799 5463062 5466303 5470002 5471468 5478711 5481985 5498034 5500017 5501658 5504225 5510954 5512478 5516962 5519119 5522197 5523229 5524316 5536813 5539174 5541949 5543782 5544507 5550181 5553693 5555009 5558102 5563519 5567465 5569317 5570963 5574104 5577396 5582556 5584522 5586463 5591530 5596108 5597223 5599312 5604675 5607073 5608744 5612791 5617201 5619433 5621404 5623600 5630926 5638760 5639774 5646404 5650846 5652838 5655175 5657547 5661723 5664224 5665297 5666723 5671008 5678441 5682709 5684673 5685800 5689962 5697813 5702975 5708669 5710990 5712941 5717717 5723763 5729549 5731128 5738574 5739523 5741575 5745528 5747451 5750621 5754227 5757823 5763616 5766558 5768595 5771738 5777026 5785915 5789320 5795809 5798212 5801013 5805276 5806344 5807884 5809518 5822113 5823969 5827761 5828956 5830692 5837912 5843582 5844709 5845996 5851191 5852236 5853735 5855550 5861925 5866375 5868820 5873464 5875407 5879841 5882613 5886431 5887431 5888911 5891282 5894732 5896317 5897327 5902959 5904341 5908527 5916875 5919922 5927201 5929391 5930667 5933985 5935598 5939814 5943977 5946479 5947979 5953694 5955526 5959946 5963475 5965035 5971268 5972089 5974876 5979799 5981845 5984112 5990056 5991647 5992997 5994634 5997825 5999349 6002458 6003509 6007177 6008409 6010658 6012659 6014730 6018966 6020545 6025537 6034887 6036424 6039450 6040720 6043085 6044897 6048866 6053133 6057322 6060583 6068964 6076975 6084173 6097367 6103197 6105926 6110353 6113531 6119735 6121987 6124336 6127222 6131610 6137488 6139033 6145424 6151516 6153613 6163017 6164225 6174329 6178676 6180760 6182483 6189504 6193173 6199025 6202451 6204161 6211344 6223153 6224817 6226698 6227616 6234900 6236098 6237688 6248124 6254645 6259689 6265146 6274760 6279817 6282500 6288761 6290595 6295185 6300486 6303256 6307745 6308472 6316978 6318907 6327098 6328227 6335337 6340303 6342760 6349111 6351600 6357067 6358747 6360838 6369152 6371662 6376474 6378804 6379715 6381240 6383205 6384673 6389457 6396188 6404749 6410984 6417576 6418613 6425104 6431605 6442114 6443803 6453607 6459354 6463223 6466692 6468747 6471459 6480292 6481381 6483309 6485227 6486225 6496674 6499061 6504004 6506193 6508009 6508674 6509609 6512123 6517022 6532854 6534115 6539551 6541690 6543715 6546342 6551782 6554105 6557026 6561322 6567743 6570485 6572468 6581158 6582327 6584082 6586233 6588225 6592095 6593991 6596986 6622598 6636948 6648879 6651780 6660637 6662363 6670548 6682977 6694542 6699512 6702669 6704154 6713098 6715936 6723538 6724465 6745293 6749669 6756785 6757730 6760997 6766368 6770068 6775059 6781704 6783494 6787299 6789283 6798469 6809433 6813758 6815441 6817248 6818648 6821049 6826336 6827032 6827662 6835547 6843380 6845265 6850184 6851128 6854518 6859733 6867732 6879230 6885351 6886590 6889923 6891670 6895995 6899040 6906387 6914023 6924079 6931600 6946387 6947041 6950952 6952715 6954564 6957537 6958798 6968633 6970478 6972342 6978972 6985075 6990261 6994536 7000268 7005281 7007023 7019864 7023419 7024672 7026975 7031654 7035095 7037862 7038790 7047932 7052879 7057402 7064064 7066362 7078074 7080100 7084864 7087283 7088974 7090336 7099331 7101104 7113829 7117906 7121292 7126498 7141214 7142483 7143703 7144906 7148932 7151392 7153492 7155552 7158206 7161695 7168706 7171727 7177359 7178959 7182279 7187272 7189669 7193649 7196566 7197751 7198906 7200517 7203902 7204877 7207288 7217065 7218867 7221184 7222558 7224097 7227739 7232245 7233933 7239544 7241339 7251412 7255720 7256986 7260541 7263737 7266722 7273941 7276169 7284246 7300506 7311751 7317892 7322962 7327120 7331627 7337654 7339167 7350926 7355227 7356935 7363942 7365945 7376699 7396939 7403644 7405800 7409339 7411172 7414253 7422402 7425555 7430809 7435586 7436608 7437615 7450741 7454055 7454841 7460152 7465685 7481163 7483223 7486137 7488253 7496472 7504399 7515281 7519834 7521468 7528564 7535915 7538185 7540294 7540942 7546984 7559008 7563140 7570997 7582600 7585659 7587939 7591755 7594873 7600032 7601843 7605206 7607256 7608487 7614182 7616639 7618059 7619404 7623132 7625297 7626283 7629572 7631603 7640443 7645633 7647302 7659611 7666110 7667501 7679538 7685424 7687967 7693120 7694725 7698671 7701085 7702913 7706638 7708359 7725001 7725947 7729597 7732617 7738925 7745864 7747076 7750552 7751644 7757399 7759391 7764804 7779027 7786712 7790033 7791093 7796360 7797397 7800242 7803767 7804929 7806690 7808935 7813038 7815314 7819014 7822771 7824223 7828093 7833193 7837562 7843692 7849590 7853401 7860633 7864453 7870772 7876089 7878372 7881494 7892080 7894407 7897672 7903437 7904681 7909250 7912093 7913000 7914868 7916404 7919445 7928852 7931413 7932040 7941400 7947182 7947964 7950174 7956096 7960791 7967092 7970129 7973890 7975002 7982162 7988622 7991063 7994910 8003077 8008578 8015014 8019483 8021519 8029106 8033162 8034947 8039943 8042166 8044089 8047009 8054795 8061842 8067204 8068773 8076773 8091032 8093156 8099489 8105450 8107646 8108731 8122402 8128320 8129592 8131723 8133303 8136040 8141150 8142723 8144920 8151007 8153937 8157040 8157692 8160624 8162797 8166794 8169286 8174388 8180363 8186294 8187245 8192357 8193886 8195631 8197389 8198884 8201040 8208909 8223296 8229497 8236888 8239816 8246354 8249913 8251607 8253508 8255522 8257576 8273237 8284063 8287692 8292209 8293678 8302094 8304022 8306646 8307311 8315015 8316297 8323858 8331426 8333103 8334385 8337426 8342949 8344928 8346375 8361492 8362627 8365759 8370718 8373970 8376713 8380059 8391169 8393856 8404094 8405071 8408664 8410091 8413228 8429095 8433738 8435629 8438289 8441303 8448853 8453755 8456402 8461776 8464465 8476659 8483007 8490701 8505763 8513422 8516370 8522723 8525318 8526536 8529369 8539383 8543083 8545450 8553191 8558349 8559312 8571346 8573494 8574252 8577851 8581352 8583274 8584154 8586252 8597157 8598077 8601530 8602571 8605436 8607172 8611471 8617525 8618619 8620449 8623035 8623910 8626304 8631851 8642236 8647462 8651502 8660995 8665310 8668870 8669728 8672732 8684649 8690326 8696372 8702728 8706756 8710446 8712350 8716194 8719273 8722271 8729783 8733670 8740872 8743350 8746547 8749501 8752402 8754624 8759837 8761110 8765394 8767900 8771519 8774051 8775314 8779242 8782394 8792325 8796085 8800893 8805155 8818374 8823815 8824946 8828894 8830852 8833195 8835723 8840640 8845327 8846603 8847644 8853914 8864878 8868368 8872013 8875276 8892566 8901549 8911699 8913248 8915909 8916867 8919711 8923036 8935775 8937186 8937986 8942426 8947086 8948435 8966825 8975313 8981218 8987884 8990479 8994212 8995099 8997006 9005962 9008880 9011002 9015820 9021898 9023492 9030906 9032660 9033776 9037978 9040343 9041787 9045840 9048131 9049103 9050744 9051707 9054113 9058374 9059273 9062055 9064064 9066400 9071763 9073602 9076068 9083014 9085765 9100489 9102532 9113650 9117265 9118379 9121433 9126580 9128538 9131128 9133798 9136694 9144447 9157653 9159315 9165830 9170262 9173418 9179885 9196078 9206288 9207265 9220261 9225774 9227557 9229345 9230835 9235004 9236117 9237848 9241949 9248233 9249964 9250751 9255220 9263646 9266933 9268111 9269338 9270999 9271863 9274030 9277599 9281683 9290406 9294839 9296970 9302299 9304183 9308160 9314078 9321412 9325820 9330823 9333321 9334042 9338748 9340315 9343000 9345077 9356662 9360982 9365425 9366614 9368317 9372087 9373391 9379595 9382971 9385259 9389366 9391818 9392479 9394329 9395543 9397468 9400175 9401118 9421001 9427344 9428951 9431166 9434699 9436878 9440045 9443076 9443937 9447053 9456344 9457643 9458906 9466820 9469931 9472545 9477449 9478621 9495619 9498781 9502808 9505844 9508554 9509962 9514315 9527746 9528906 9543989 9551977 9553641 9562894 9567948 9571313 9573157 9575207 9577191 9579069 9580132 9581390 9590751 9592843 9596113 9597324 9600545 9606501 9614769 9617665 9620322 9625389 9630326 9632758 9641031 9642695 9644887 9645835 9646637 9656359 9657472 9660178 9664528 9667846 9668939 9671502 9674562 9677059 9679354 9687626 9696938 9703110 9704757 9706145 9707931 9719379 9721327 9737445 9742471 9744115 9745946 9749601 9750981 9752458 9755627 9762309 9769681 9776472 9780604 9782356 9788527 9790328 9795531 9797400 9800515 9808611 9815077 9818129 9819550 9834952 9839815 9842732 9843863 9853003 9858020 9865035 9866779 9868042 9869220 9871048 9875633 9879122 9885971 9886780 9898989 9901661 9903921 9906093 9908115 9910212 9912145 9913466 9916804 9935301 9936359 9939008 9943526 9947362 9966289 9970744 9974524 9976882 9988152 9998149 
</Matrix>
<Matrix name="Neuron_354" type="complete" rows="1" columns="3133" multiplier="1.0">
   868 6594 8562 9638 10391 17830 20726 22807 23654 27258 29630 32619 34312 36068 37332 39860 44939 48432 50576 62115 63244 64637 65877 67827 75086 76519 83187 85686 91073 92878 93460 96133 100095 101779 102610 106143 109219 112010 117321 119404 123395 124923 127470 132154 133778 137662 140725 143352 145275 147977 152951 156245 158981 166285 167480 170943 175016 180468 182819 194187 195538 197437 198467 201006 205466 213065 215934 217035 221549 223815 225094 226412 230372 235181 236245 242559 246384 247961 249492 251212 252938 254503 258276 260510 264160 271250 278232 282545 283622 285014 288821 303418 305985 308064 311522 314704 316953 319523 320940 324867 331650 334964 337733 340486 343879 344778 347184 351006 355902 358239 360803 365934 377805 386217 387602 395875 400791 402750 406229 408625 412625 413706 414739 418233 422957 426201 434364 435898 437875 439563 441158 445706 450153 451230 462236 464953 466465 467444 468985 471701 478052 478900 480657 481916 482648 483793 485157 488179 491547 494463 495975 497409 498938 499864 501858 509645 512012 515534 519642 525229 534163 536330 538348 540765 541533 545529 548049 549295 551131 555160 557683 562926 565170 568177 571911 574446 575280 579035 580006 584522 590781 593584 594481 595964 599202 601707 604593 606208 610887 615466 620336 622596 623462 624585 625672 632978 634580 638462 639715 643431 648240 654443 659203 660922 663359 665571 669081 671343 673214 674911 677521 679880 681518 685199 686839 695185 702625 705555 708923 709878 715282 716724 719116 722749 726013 728641 730668 732759 735043 740022 741033 745171 746311 753711 763548 768646 769876 770996 772191 775545 779078 781136 782313 784185 788144 789295 792530 793682 795134 798923 805702 810102 812473 813950 815912 824487 830898 832771 835660 837089 838062 840640 842522 846050 847028 848039 853754 854500 856794 861229 867080 876167 893638 896547 901466 905066 906888 908773 910602 913999 915223 918039 918869 920593 925962 930023 931689 932942 934349 936361 940454 941340 944929 948615 953973 961897 964873 968959 971689 974219 975393 976906 979608 981853 982477 985314 986536 989724 991248 994834 995666 997415 998920 1004936 1006139 1009193 1010860 1018325 1019554 1021647 1022847 1027825 1028878 1031377 1035859 1038410 1040385 1042203 1043370 1050438 1052208 1053905 1057850 1059835 1062173 1065363 1067303 1071053 1073200 1077012 1089267 1091541 1093073 1095543 1100866 1106321 1107572 1110216 1112487 1114567 1122589 1123779 1126255 1128117 1132145 1133534 1135770 1140540 1147109 1149362 1151001 1153309 1156254 1161679 1166582 1170693 1175230 1176877 1179930 1182721 1183928 1185709 1186916 1191451 1193431 1195306 1196717 1197821 1200542 1201926 1203761 1205264 1209460 1210417 1216513 1217881 1224920 1225789 1226531 1228740 1229770 1232728 1235505 1237093 1239483 1247123 1249985 1256165 1266405 1269125 1271023 1272761 1273607 1275524 1276845 1279645 1282217 1286205 1292334 1293358 1294761 1311845 1318711 1321110 1321939 1324189 1327842 1331212 1334084 1336690 1337457 1340111 1344450 1346016 1347118 1351560 1356434 1357458 1358873 1361604 1365373 1366137 1373706 1380045 1383211 1384337 1385558 1387276 1392562 1396203 1398906 1400083 1402049 1409412 1412071 1413622 1418513 1421865 1425338 1426612 1427795 1433428 1436710 1444289 1449490 1454710 1456980 1458185 1459980 1464561 1466637 1472827 1474514 1475846 1476653 1480164 1482549 1483881 1485404 1487863 1488812 1492818 1494854 1495770 1498251 1499611 1504226 1506722 1513913 1518474 1524186 1525674 1528062 1529339 1530877 1534999 1538402 1541578 1543859 1544869 1546237 1548331 1549935 1551099 1554820 1555845 1559131 1562039 1564683 1565647 1571249 1573494 1575021 1577342 1579059 1580500 1582108 1583392 1584358 1585799 1586996 1589494 1591891 1592856 1594168 1595344 1596208 1598768 1599761 1601187 1605352 1612722 1615591 1618766 1622250 1622917 1624991 1628631 1630162 1632309 1634295 1639556 1652004 1654743 1656715 1658988 1660987 1662492 1664165 1666075 1671943 1674880 1678116 1679660 1681819 1682568 1685888 1687453 1690557 1694609 1698814 1702523 1706205 1708241 1714401 1716195 1722211 1724436 1727430 1733611 1735993 1740323 1750880 1752558 1756572 1758306 1759623 1762059 1765709 1767666 1770788 1776475 1778941 1780460 1783278 1787906 1790095 1792458 1796683 1800131 1802622 1805911 1807041 1813453 1815496 1817110 1818792 1820836 1823252 1826329 1829581 1831417 1835706 1837584 1839127 1840545 1845849 1848036 1849161 1852310 1857441 1858396 1862340 1864031 1868260 1869902 1872598 1874535 1876991 1881574 1884607 1886592 1891928 1894464 1896517 1899322 1900644 1902929 1909370 1910875 1912827 1926253 1928872 1931088 1932961 1934035 1937018 1939735 1941287 1943185 1949731 1950331 1952415 1954700 1959455 1960908 1966548 1968586 1972922 1974530 1977739 1983922 1986586 1989540 1992047 1996478 2002093 2006107 2008138 2011596 2015883 2026528 2029546 2031799 2040599 2043287 2044137 2046906 2049038 2050384 2053222 2054386 2058620 2062297 2069104 2070590 2071901 2082181 2084546 2086676 2089062 2091383 2093413 2094408 2095563 2103683 2108554 2115449 2117742 2120686 2122579 2125946 2127924 2129167 2130133 2131450 2137478 2139345 2140222 2142799 2149250 2151642 2153140 2155306 2157164 2163313 2165417 2166690 2168951 2170648 2171912 2177106 2178518 2181605 2182959 2184735 2185915 2186824 2197208 2198328 2200147 2203529 2204440 2207344 2208768 2209774 2212692 2215530 2217946 2219022 2221372 2223906 2226003 2230514 2235256 2238088 2239742 2240617 2244272 2245673 2248399 2249797 2251780 2254102 2258409 2259714 2263879 2264685 2266968 2270557 2271309 2275738 2281197 2283002 2288652 2290736 2295102 2296040 2306843 2308363 2310324 2313623 2315104 2317515 2318805 2319917 2325140 2327549 2329099 2331349 2332057 2339797 2340424 2343914 2345485 2349540 2350998 2358006 2359295 2360793 2367343 2370044 2371329 2381841 2383037 2383941 2386734 2393157 2394919 2401444 2402809 2406257 2418153 2424843 2429751 2430613 2432027 2433106 2435824 2438981 2441153 2443016 2448272 2450143 2456239 2457815 2459655 2461293 2463174 2464511 2466995 2469838 2481609 2484302 2496615 2497690 2498805 2505800 2511980 2514475 2517698 2518544 2520278 2524032 2535843 2538392 2545745 2548224 2549639 2554192 2555682 2563227 2564373 2565271 2567459 2569475 2571387 2574866 2576834 2578669 2581683 2582309 2585333 2587934 2589886 2594389 2596250 2607374 2610346 2612102 2615722 2621613 2623463 2628483 2632660 2633425 2645131 2646880 2647634 2651462 2654607 2655699 2659262 2664856 2669345 2672547 2673818 2677067 2682032 2685932 2689002 2690999 2695785 2697582 2704963 2706136 2708179 2711820 2716830 2718070 2724964 2728978 2730720 2732945 2735585 2738757 2741584 2743442 2744505 2753408 2754800 2756980 2769143 2770301 2773576 2779446 2780270 2781895 2784306 2788973 2792052 2793236 2799125 2800217 2802283 2805543 2806389 2808569 2811065 2812234 2813666 2815235 2822982 2826617 2829427 2832939 2839841 2842056 2846071 2847082 2848488 2851791 2854774 2859412 2863181 2866281 2870498 2875786 2877508 2878184 2883754 2890844 2893509 2895383 2909551 2912805 2917197 2919114 2921664 2923529 2926365 2927963 2928576 2931078 2932343 2934807 2938984 2943557 2958466 2963330 2965872 2970307 2974027 2976665 2990416 2993699 2997558 2999542 3001177 3003216 3005177 3006565 3010394 3011662 3013004 3015036 3016602 3019716 3021377 3023371 3025647 3036452 3037460 3041909 3043781 3057494 3069561 3070231 3071732 3073689 3074763 3078167 3083458 3086938 3088962 3095548 3098643 3101237 3102492 3103915 3105688 3108064 3110975 3113416 3118610 3121143 3123138 3125102 3125788 3127006 3129173 3131852 3133178 3137026 3141428 3143084 3146783 3149394 3150580 3152108 3153431 3159558 3163302 3166347 3168483 3175962 3183621 3184360 3192173 3193534 3197955 3202117 3203622 3205541 3208442 3210218 3212008 3216598 3221515 3224603 3226569 3228559 3243614 3247752 3249891 3251150 3253159 3254170 3255656 3260107 3262016 3263127 3267176 3269855 3270651 3273123 3278464 3285727 3286648 3288372 3294837 3296271 3297576 3302162 3308475 3312145 3313176 3319702 3322739 3323693 3325550 3331265 3333586 3334776 3338625 3339363 3341864 3343957 3344987 3347302 3351737 3354956 3357507 3359133 3360819 3362750 3368307 3370584 3372575 3374713 3376009 3376937 3378775 3382612 3386650 3393034 3394950 3399320 3405110 3412746 3413870 3420662 3427255 3429857 3433640 3435923 3437403 3438656 3441150 3444707 3446974 3448906 3450780 3453972 3459217 3463199 3464230 3466897 3472111 3473383 3476891 3483581 3486995 3491080 3492806 3496531 3497324 3499836 3501596 3504123 3508678 3519406 3525035 3526144 3533643 3540753 3542760 3546467 3549056 3554001 3555998 3557030 3559373 3562195 3563272 3565913 3567341 3572733 3576062 3578258 3579602 3581382 3587029 3590331 3596627 3600287 3605486 3609661 3611981 3614154 3618507 3620871 3627640 3631440 3634488 3636340 3637935 3639874 3644432 3649022 3651442 3653724 3656576 3658432 3661664 3663713 3665536 3668991 3672180 3676486 3682199 3683444 3684407 3685836 3686956 3689592 3691154 3694820 3696231 3697403 3700364 3702398 3704535 3709130 3718373 3724124 3729328 3731830 3735328 3739231 3744772 3748757 3749989 3751990 3757547 3761399 3765151 3767586 3770577 3777254 3781191 3782750 3787984 3794216 3802391 3804255 3806850 3808236 3812120 3813331 3817752 3819157 3822240 3823159 3825450 3827503 3834401 3837195 3839748 3841721 3843075 3844458 3847928 3852973 3854112 3856762 3863162 3864679 3874621 3877880 3880825 3882197 3886998 3890799 3900829 3902878 3904735 3906166 3909868 3914114 3917860 3920977 3923246 3925764 3926834 3929155 3935695 3936893 3939052 3941087 3947920 3950459 3954003 3959651 3961203 3963451 3966110 3968863 3972192 3975255 3978681 3982464 3985931 3986803 3990009 3992797 3995263 4000750 4003977 4005826 4007362 4008741 4012105 4012721 4013682 4015392 4016680 4017672 4020118 4021189 4026254 4030107 4032503 4034545 4036874 4040908 4041872 4042760 4047001 4049672 4053715 4055020 4056760 4057889 4061760 4063329 4066663 4072173 4074897 4076257 4080388 4082480 4084156 4089418 4090239 4091062 4094454 4098244 4101044 4103427 4107559 4111427 4112462 4114053 4125082 4128807 4133004 4134664 4137783 4144625 4145758 4148610 4150846 4156491 4157785 4161056 4165578 4167510 4171522 4175666 4177951 4180902 4184587 4186981 4187699 4189272 4192461 4196335 4199394 4204134 4206478 4207816 4210187 4213722 4215735 4220197 4225750 4226908 4230340 4233229 4236243 4239641 4240330 4243163 4246400 4248125 4249326 4250576 4254956 4258782 4261997 4264659 4265579 4269900 4271545 4272270 4278780 4281795 4282887 4290960 4292333 4293213 4299014 4305981 4308045 4312376 4314983 4316949 4335414 4341556 4343707 4344801 4346021 4346653 4347829 4351603 4354644 4359562 4360651 4365582 4370653 4374177 4375456 4377761 4379559 4380642 4388832 4397170 4400491 4404346 4408043 4410210 4412022 4413620 4416652 4418439 4421463 4424274 4430737 4431517 4435431 4438566 4442241 4444274 4446098 4448035 4449365 4453423 4455987 4458410 4469020 4474146 4477063 4478164 4482337 4483902 4485752 4488412 4491671 4493426 4494722 4498167 4500324 4501579 4506047 4512204 4514447 4517694 4520399 4528791 4534530 4536392 4538359 4540604 4541641 4544501 4545367 4546357 4548645 4550874 4558047 4559893 4560792 4564525 4565346 4566577 4571357 4573568 4575990 4577691 4583054 4591400 4595908 4600649 4601464 4603007 4608400 4610472 4611726 4615981 4619175 4623166 4624335 4627767 4629668 4633099 4636815 4639446 4640857 4642268 4644597 4645776 4650199 4652357 4654291 4659813 4660836 4668047 4669156 4670730 4672786 4681647 4684614 4685871 4688565 4697454 4700214 4701858 4703144 4709447 4710720 4713969 4720308 4728711 4732459 4736829 4742369 4744868 4748902 4754460 4758039 4760340 4762862 4765223 4769499 4772254 4773180 4776402 4778492 4780984 4783078 4790092 4792794 4798356 4801238 4802275 4805066 4807877 4808644 4823146 4828279 4829594 4835449 4839116 4840041 4844140 4846259 4847587 4850084 4853226 4854355 4859330 4861837 4862908 4866599 4868753 4871765 4874235 4875438 4877407 4879495 4880531 4885329 4894894 4901941 4904571 4906649 4918348 4923831 4926659 4932181 4932983 4936722 4940814 4944600 4951102 4955450 4958677 4964109 4966474 4967887 4969058 4977248 4984598 4992662 4996325 4999348 5000490 5001379 5002924 5008678 5011595 5012676 5015307 5016369 5018601 5020999 5023702 5025811 5027846 5035903 5036874 5038042 5047646 5049881 5052677 5057168 5059146 5060987 5062664 5065189 5067945 5076048 5081961 5083999 5085334 5086534 5092268 5093994 5096699 5099211 5101534 5103045 5107320 5110462 5116610 5118014 5119494 5121527 5123177 5125893 5127227 5130159 5134085 5135334 5136984 5138173 5142640 5144843 5148399 5149504 5152899 5155361 5157234 5158315 5163815 5166627 5168225 5173112 5182260 5191323 5194294 5203967 5206002 5207127 5213335 5218162 5219372 5220288 5229313 5230635 5231620 5232490 5235318 5236541 5238279 5245781 5248565 5252869 5254456 5256470 5264751 5268211 5269525 5271542 5272776 5274873 5277009 5278215 5280048 5282149 5284181 5290851 5292389 5293506 5297196 5306482 5307959 5309284 5315644 5316753 5317706 5320226 5326602 5328772 5331512 5332573 5334590 5338079 5342670 5349570 5354239 5357587 5359607 5360689 5361623 5363845 5365130 5367386 5370759 5372019 5373552 5376283 5377695 5380495 5385614 5387966 5393872 5397886 5399379 5403808 5405361 5407816 5409515 5415242 5416114 5421598 5424248 5425660 5427676 5430404 5435192 5442893 5445308 5446583 5448992 5452864 5453849 5458665 5460620 5463623 5465314 5466964 5468238 5470009 5472385 5476847 5478027 5479323 5481742 5484643 5491128 5492223 5496788 5497916 5501165 5512359 5519106 5524749 5526050 5529979 5531293 5535919 5537943 5539190 5542842 5544335 5545796 5549121 5551004 5553830 5554475 5556731 5557967 5568325 5570402 5572525 5574317 5575309 5576885 5582180 5589821 5596708 5601402 5606671 5607831 5611141 5615234 5618764 5621242 5624782 5626326 5627434 5628378 5635782 5637372 5638798 5642711 5643677 5645273 5647132 5654264 5655399 5664825 5667993 5670031 5671596 5672835 5673938 5674810 5682503 5683370 5687676 5692287 5701196 5710410 5713325 5714003 5714825 5716952 5725203 5727761 5729425 5732820 5734515 5736528 5743108 5744895 5751445 5759006 5760411 5767808 5781158 5783491 5790169 5791236 5794493 5797301 5803339 5804914 5807011 5811946 5814991 5817093 5818620 5823018 5830627 5831611 5835095 5837421 5848437 5852259 5853272 5863951 5870998 5874747 5876561 5879268 5886177 5888193 5891420 5896982 5902539 5907234 5913487 5914614 5921744 5925309 5929780 5932427 5935630 5936502 5938172 5940343 5948568 5950312 5954141 5956688 5959174 5964248 5980452 5982919 5984498 5992945 5993910 5995356 6000791 6002938 6003785 6006270 6007965 6008871 6015117 6016584 6022262 6025775 6028381 6029013 6030165 6031361 6034323 6036642 6040041 6041955 6046184 6047880 6048945 6050863 6054294 6057293 6058824 6063347 6065413 6077358 6079068 6080811 6081651 6085383 6089779 6091887 6098778 6100877 6105602 6107208 6108488 6112924 6114153 6115663 6116635 6120015 6121625 6125116 6128664 6129630 6134488 6142327 6145749 6146738 6150545 6151239 6152546 6156066 6157747 6158668 6161484 6168829 6170614 6175471 6177172 6180056 6182101 6182993 6186462 6187839 6189248 6193407 6197129 6201822 6203139 6207636 6210837 6216737 6221922 6225377 6230177 6232737 6235539 6244601 6252058 6255227 6257320 6260203 6263032 6267335 6269980 6273336 6279563 6282236 6286515 6287734 6292310 6293868 6296660 6300830 6305554 6307081 6310053 6312677 6320474 6324877 6326528 6333173 6335012 6336952 6338300 6343045 6345023 6348365 6355154 6356112 6357506 6359015 6360147 6361650 6365284 6366525 6371071 6373401 6375893 6379987 6381541 6382756 6383784 6392731 6393610 6396037 6397885 6404822 6408487 6410254 6415932 6418063 6419501 6426006 6427245 6428348 6432797 6434345 6436222 6438394 6441522 6444203 6446114 6450197 6451048 6452495 6453930 6455758 6456942 6465574 6467081 6468047 6469339 6472088 6473246 6481389 6485844 6487036 6491852 6495472 6497942 6499842 6505453 6506925 6510098 6525888 6529299 6530370 6531682 6534973 6536226 6538773 6540002 6546605 6548520 6550707 6563912 6566770 6568869 6571892 6573522 6574673 6578985 6582414 6584230 6586628 6588826 6590895 6592244 6598777 6599736 6600988 6601740 6603327 6606353 6609418 6611215 6613274 6614570 6615673 6626304 6627853 6631905 6637932 6642632 6645199 6646106 6649258 6651076 6654416 6655514 6658110 6661080 6672222 6676412 6677678 6680484 6683032 6688813 6691317 6692529 6694691 6697241 6697916 6698937 6700522 6705119 6709446 6712102 6714727 6718580 6722875 6723946 6728132 6734867 6740997 6745283 6747325 6748787 6752555 6753589 6755693 6756691 6760246 6763655 6768547 6769438 6771054 6771712 6773370 6774550 6775825 6777062 6782359 6784907 6786003 6787123 6788795 6794128 6795232 6797204 6802116 6804222 6807479 6809685 6813471 6814808 6816035 6816965 6818323 6820357 6829398 6834903 6836886 6839438 6843969 6845286 6846774 6851886 6854141 6858760 6861921 6863227 6865985 6869283 6871360 6874232 6879635 6880803 6886888 6888710 6891633 6893237 6895344 6897739 6902109 6903045 6903854 6908421 6909408 6914688 6917930 6921558 6926264 6931909 6932718 6937617 6941316 6944893 6948127 6949964 6951183 6956193 6958977 6959955 6961106 6965953 6973609 6977466 6980045 6981462 6984123 6986363 6992577 6997669 6999383 7001957 7005630 7008425 7009924 7013271 7015074 7020587 7024361 7027597 7028411 7029582 7031859 7039331 7040815 7042446 7046320 7051727 7053309 7057792 7059256 7062041 7064527 7069326 7071729 7074768 7076835 7078137 7079688 7080716 7083390 7089969 7093612 7096574 7097786 7099876 7111443 7112337 7115683 7119446 7121016 7125004 7131279 7133818 7136303 7136952 7144775 7146533 7147837 7149652 7152637 7156420 7162576 7164224 7166304 7170806 7172189 7174628 7176810 7177769 7179664 7183245 7189476 7194654 7201571 7206323 7207301 7208436 7214352 7217227 7219415 7222047 7232019 7232816 7239864 7242441 7244145 7245820 7247158 7249029 7250101 7252358 7255986 7259034 7260669 7263966 7270511 7282854 7286770 7288301 7290759 7293842 7294494 7301805 7304319 7311166 7313396 7316039 7319674 7321285 7323009 7327212 7329082 7332115 7335124 7336995 7339716 7341125 7346601 7350436 7353254 7355878 7358140 7361094 7363871 7364614 7367504 7370573 7372912 7378435 7379926 7382347 7386122 7391493 7393342 7395668 7404539 7406327 7407922 7409296 7410435 7414956 7415982 7416886 7418980 7422527 7425276 7426481 7429268 7432936 7437176 7439404 7444597 7446860 7448644 7450697 7453150 7455209 7456319 7459399 7461154 7462667 7464656 7466267 7468701 7477282 7481157 7482506 7483421 7484807 7485779 7489099 7495775 7498327 7500440 7502721 7504709 7506796 7508476 7509391 7513491 7516049 7520208 7523704 7527297 7531289 7535711 7536576 7541675 7547135 7549690 7555708 7558993 7561202 7564014 7564970 7571142 7575259 7578919 7580121 7582140 7586440 7588198 7593774 7600971 7602781 7605003 7607434 7609992 7615094 7615651 7616966 7632736 7634524 7637854 7639133 7640183 7642140 7643147 7649760 7651113 7656167 7658008 7662922 7666038 7667543 7670532 7679225 7681632 7686595 7688192 7690197 7691907 7698902 7702979 7704807 7713767 7715849 7720255 7724145 7726729 7730854 7732329 7735874 7737271 7741631 7742681 7745788 7747361 7748753 7750862 7752836 7753709 7759413 7766627 7770145 7772172 7774081 7781353 7783857 7785887 7787824 7790751 7792045 7795940 7798970 7805850 7807133 7809018 7809663 7813303 7816577 7822018 7823861 7831729 7838124 7844729 7847272 7848824 7850366 7852564 7853890 7856499 7860419 7864235 7869214 7874372 7879978 7882076 7884243 7886332 7891556 7892971 7895799 7896561 7898529 7902258 7905130 7906606 7908274 7910068 7913251 7915344 7917108 7918478 7920355 7922539 7924157 7925886 7928041 7938706 7939556 7944996 7950101 7953164 7962368 7964257 7965726 7967082 7967903 7970171 7974102 7984849 7985935 7987593 7990730 7994579 7997811 7999855 8004739 8006348 8008201 8009763 8016068 8018101 8020920 8021777 8024063 8030631 8032553 8033706 8038904 8041062 8043238 8046990 8048364 8051336 8053728 8055940 8057373 8059021 8062623 8065284 8075381 8080078 8086577 8090714 8094987 8096889 8099078 8100735 8102479 8103910 8106294 8107830 8109430 8114872 8118185 8120265 8122416 8124483 8126158 8130881 8135700 8136778 8142556 8144247 8147384 8153076 8157200 8158389 8161425 8164691 8166876 8167811 8170574 8174553 8176104 8183677 8186285 8187410 8190750 8191741 8195857 8201526 8204499 8214091 8219274 8222989 8224326 8225103 8231926 8235040 8243639 8246463 8250509 8251539 8253164 8255070 8258993 8267145 8275771 8279589 8283808 8285591 8293042 8296267 8297862 8300072 8300982 8313848 8317562 8320085 8323800 8331568 8334266 8337619 8339009 8342031 8344492 8345928 8349715 8351333 8352236 8354753 8360448 8364165 8371820 8376934 8379557 8382888 8383554 8384964 8388251 8393845 8399926 8402510 8407679 8409654 8413081 8416360 8419035 8420991 8426350 8429294 8437963 8438805 8441569 8443064 8444557 8447169 8455205 8456008 8458395 8459784 8464226 8465440 8467573 8470488 8473214 8478548 8483427 8484755 8486431 8491442 8493098 8497021 8499143 8502920 8504221 8506324 8506956 8512159 8514182 8516224 8518062 8522831 8523780 8527510 8530063 8531971 8534336 8537065 8540749 8545176 8546413 8551105 8552611 8555341 8556682 8557722 8559065 8560884 8566298 8569160 8578343 8580640 8583027 8583753 8584666 8588644 8591945 8598586 8602710 8605833 8612428 8613690 8618701 8619914 8622594 8629385 8637217 8639714 8641967 8642878 8646913 8649336 8649940 8651842 8659813 8660589 8661953 8663422 8667801 8669086 8669858 8677256 8681002 8683034 8688558 8689459 8690886 8692186 8694849 8695874 8701536 8702700 8706710 8708568 8711206 8713770 8717171 8721797 8723595 8725198 8730240 8733823 8738029 8740275 8741267 8742639 8744058 8747305 8748631 8750590 8752244 8753287 8755464 8758665 8760321 8765116 8766030 8772169 8773705 8776976 8779143 8784492 8785475 8789836 8793219 8794243 8798478 8800855 8802494 8803829 8808293 8811827 8814981 8822018 8823794 8826247 8827315 8829540 8830440 8833705 8840103 8845873 8847567 8850409 8853352 8855359 8857077 8858708 8863354 8868152 8870834 8872801 8874774 8881814 8886787 8894181 8895378 8896420 8901560 8911329 8914112 8915308 8918116 8919376 8922462 8927015 8928288 8930251 8931406 8933178 8934335 8938983 8940103 8941033 8948226 8949534 8950821 8953177 8953914 8955115 8958158 8960228 8961105 8966551 8969043 8972019 8975318 8984110 8986096 8986819 8993896 8995916 8996851 8999886 9001983 9002843 9006266 9007855 9012371 9014266 9020563 9024621 9026080 9030019 9031723 9033274 9042486 9043962 9045370 9048096 9053211 9056439 9057586 9060506 9062483 9064735 9069166 9071265 9075225 9078409 9082173 9083314 9085108 9090226 9094017 9095334 9100258 9105702 9108905 9111314 9114379 9118532 9119876 9123585 9125152 9127180 9128724 9133114 9138000 9141837 9145265 9147672 9150103 9154136 9157994 9164974 9172605 9174339 9175409 9177716 9181241 9183301 9187734 9192366 9196063 9199476 9201987 9204796 9210877 9214127 9217204 9218504 9220999 9222501 9223700 9224735 9226362 9227582 9230294 9234550 9235482 9236353 9241070 9245600 9249766 9252580 9254366 9260903 9265607 9266872 9271022 9272125 9273879 9274754 9275454 9282431 9283490 9285522 9292815 9294512 9296591 9297387 9301639 9303451 9312235 9315792 9317646 9319829 9323836 9325920 9334360 9335923 9337776 9339569 9345087 9350006 9351400 9354322 9359662 9362499 9364114 9371396 9374988 9375962 9378394 9383187 9384493 9390820 9394400 9399532 9400896 9406011 9411547 9412140 9413065 9417958 9420782 9426636 9432931 9433995 9437842 9439034 9441147 9445412 9446900 9448995 9453955 9455323 9457461 9459657 9461665 9464993 9476949 9480113 9487411 9490836 9494371 9498820 9502103 9506495 9509724 9512357 9528644 9531034 9532111 9533736 9534666 9536043 9537871 9544463 9545725 9547532 9549604 9552553 9554389 9556916 9558586 9559733 9564334 9571780 9575414 9579270 9581273 9585992 9587313 9589983 9592865 9593848 9595631 9597651 9602565 9603622 9604874 9606473 9614920 9616333 9624143 9625536 9629097 9636794 9639965 9641030 9645028 9646986 9652066 9653778 9654602 9659558 9664383 9666336 9667801 9668747 9669914 9678984 9680851 9681344 9682242 9684937 9686657 9689012 9691891 9697077 9705211 9707289 9711544 9713278 9724304 9726550 9739518 9741514 9743610 9747986 9751247 9752358 9755658 9757412 9762414 9767498 9768893 9770568 9771640 9772554 9773910 9778261 9782272 9784667 9791282 9800691 9805559 9811550 9815742 9818306 9819670 9821229 9822496 9824674 9825758 9834637 9835713 9837921 9839586 9845155 9849959 9853712 9854527 9869735 9877349 9883716 9886310 9890398 9896225 9902078 9903614 9907477 9912666 9917248 9918291 9921501 9923046 9931979 9940667 9945858 9947464 9950918 9951890 9953276 9957178 9958653 9960478 9964145 9967244 9968585 9971628 9974415 9979467 9982109 9983154 9986646 9988554 9991616 9995289 9997012 9998814 
</Matrix>
<Matrix name="Neuron_397" type="complete" rows="1" columns="271" multiplier="1.0">
   10039 80303 92768 97071 132683 155998 160735 309961 336707 383140 392293 403763 446889 470466 523267 556509 585917 629036 700529 703375 726881 781155 802423 803908 831713 883333 911351 937026 955790 993887 1055919 1082200 1104799 1130404 1167781 1204885 1234124 1277846 1430603 1449331 1475305 1487751 1490813 1520876 1530503 1629620 1649805 1688489 1735724 1762243 1807442 1861829 2052156 2063453 2091033 2111181 2122992 2174008 2211487 2213474 2226473 2227876 2255282 2294441 2309395 2367085 2370378 2427904 2447203 2454170 2494175 2503684 2549845 2552912 2591387 2598385 2604942 2616384 2623751 2704369 2719204 2875554 2908420 2956291 2972927 2988152 3029902 3042570 3077068 3116833 3128298 3141289 3229100 3231537 3257598 3306220 3353315 3386230 3400794 3421947 3493211 3575474 3597417 3603793 3629705 3643219 3722435 3835287 3848296 3873192 3880011 3902572 3922581 3958226 4043920 4093770 4110145 4159830 4174800 4249133 4250609 4297881 4399412 4564901 4588319 4622417 4673982 4693187 4713933 4718273 4729484 4731651 4761040 4780588 4788904 4908069 4928969 4931524 4946512 5031392 5037702 5081871 5101170 5147385 5245661 5251544 5279253 5281973 5366059 5395407 5422725 5447854 5469376 5504463 5515863 5534944 5568299 5585680 5665873 5680778 5683987 5691046 5693450 5783976 5918858 5948758 6029941 6064181 6084797 6086571 6099740 6109533 6135622 6252646 6275037 6287543 6426041 6454273 6539639 6551736 6573814 6593167 6618957 6704905 6716787 6728208 6778141 6907807 6963520 6978963 7046802 7056319 7058666 7113037 7127788 7130565 7134877 7146975 7158166 7232839 7238579 7273222 7372749 7458531 7468426 7471115 7499173 7629234 7637221 7661963 7778154 7797684 7862597 7940041 7948750 7961658 8029330 8113933 8118764 8160324 8169984 8184496 8214522 8221345 8279775 8306611 8330351 8339388 8374350 8387762 8415958 8518244 8533060 8563119 8664922 8726972 8751313 8762175 8834599 8843865 8961920 8992920 9026135 9069630 9081054 9097470 9156927 9173867 9190319 9217334 9239581 9245206 9247758 9274087 9346477 9379165 9451226 9551718 9613306 9679930 9715989 9722111 9790327 9806596 9844704 9865815 9891270 9911581 9956448 9960716 9973926 
</Matrix>
<Matrix name="Neuron_407" type="complete" rows="1" columns="3769" multiplier="1.0">
   2213 4308 6107 7621 13606 15868 17890 22635 25161 28123 32489 34194 35856 37160 38429 41464 46539 48618 52004 55324 56822 58414 60103 61988 63343 64208 65663 67279 68196 70485 72442 75485 79329 81708 84535 88585 89538 90355 91613 95025 105450 106656 108838 109531 111164 113109 116271 118895 121429 123171 124696 130099 132009 133327 136228 137070 137920 141604 146310 148491 150988 151921 153877 157276 160547 162287 169370 171215 172383 173732 175422 180381 184575 189421 196352 197693 200134 202083 203308 204012 207625 209448 211895 213179 214720 215648 218040 219227 220527 223704 224699 229257 230568 233925 234825 235499 238120 239316 240730 244787 250629 254154 256408 257924 261058 263176 264898 268551 269985 270842 273308 275618 281111 282772 283506 286022 287394 288487 291938 296992 301695 302504 304939 307010 307649 310521 316440 319196 319780 323152 324164 326836 328420 329987 334351 338624 340308 342473 345007 351794 353179 363333 365066 366921 369730 373089 375182 376650 380323 380930 382027 387858 389160 392208 400390 404695 409123 415503 416495 417808 419763 423536 429191 431852 436786 438409 441098 444026 445975 448232 456118 461674 465652 472510 474921 476565 480297 485008 486141 487688 489267 491111 492425 493555 497396 498494 501585 502906 504227 510635 512495 515039 517880 519346 523116 524931 532685 534641 535751 538709 543331 545936 547792 549964 552384 555011 556115 565706 567659 568893 571190 575451 576934 577603 579991 581198 584728 586109 592222 594122 596289 600228 603049 604725 606019 607839 615304 616436 620126 621284 623060 626133 627347 633535 637970 644605 645930 647864 651344 652487 653756 656136 658020 664464 665906 667988 671610 672689 674716 677861 682402 683961 686550 690333 692744 693704 695955 699119 704519 706996 708969 710847 711996 714042 715800 717888 719171 721472 723246 726403 732113 734374 735780 739930 741315 743714 745624 747304 755002 760653 764911 766899 769762 771217 774829 778450 781172 782317 783788 784928 787323 788585 790530 792193 794166 795393 802980 804950 807253 812575 814716 816115 818493 819172 823843 825697 827293 834610 837399 840043 841548 843874 847321 848089 852014 854794 856651 858012 864644 871218 873931 878261 880871 883891 885832 889579 894742 897295 898575 903355 907460 908363 911240 913547 920060 921094 923787 926306 934596 938418 940293 941968 943586 944573 948663 950243 951240 952491 956097 962456 963794 967984 971659 976848 979284 982267 988095 990016 991192 992117 995023 996755 998777 999685 1005806 1009775 1014848 1019859 1026624 1028254 1031422 1032313 1036688 1044613 1046179 1048144 1050011 1050976 1058140 1059662 1061354 1063343 1065120 1067014 1069355 1071534 1075076 1075767 1077182 1079117 1082152 1083852 1084651 1086270 1088312 1089334 1092761 1093681 1097129 1099954 1100850 1104202 1110259 1114952 1116020 1118351 1120644 1121775 1123416 1125734 1127682 1129228 1132870 1135204 1146512 1147291 1149042 1151511 1152572 1153726 1154642 1160172 1162666 1163993 1165154 1168215 1169017 1170344 1171104 1172341 1173544 1175629 1176807 1177980 1179125 1182237 1183936 1185841 1187009 1190005 1194137 1196854 1201258 1202111 1204929 1209041 1211703 1214272 1223300 1227599 1228929 1236507 1237739 1246769 1248028 1250234 1256153 1259151 1261259 1263493 1264382 1265833 1267252 1269590 1272671 1278298 1283246 1284344 1286404 1291610 1293432 1296603 1298628 1303059 1309292 1313932 1319044 1320975 1323293 1325495 1328314 1331091 1334592 1338391 1343190 1347169 1349042 1356061 1359456 1361485 1368508 1372768 1374545 1376678 1378826 1381354 1383176 1385463 1387618 1391238 1392676 1393847 1395950 1399482 1405723 1408341 1416216 1420299 1427556 1430112 1432256 1433465 1437223 1439435 1440766 1442519 1445043 1446934 1447772 1449344 1454250 1456173 1457449 1458544 1462261 1466120 1467222 1471880 1474928 1475729 1477005 1478856 1480338 1481551 1485265 1487606 1488879 1490272 1491907 1495626 1497396 1499012 1500187 1502907 1505122 1507317 1507896 1508894 1509527 1510668 1511794 1515808 1517974 1521633 1524940 1526876 1533496 1534783 1543179 1544388 1547906 1549250 1550475 1555954 1558155 1560613 1564476 1566648 1568718 1569817 1573471 1574851 1576426 1578772 1582739 1588263 1591069 1595566 1600137 1601481 1602370 1606755 1607887 1609628 1615533 1620027 1620866 1626465 1633439 1643222 1647944 1650585 1652620 1655838 1657169 1660128 1661051 1662739 1665133 1666618 1668033 1671961 1673536 1676333 1679235 1683221 1683801 1685011 1687127 1689480 1694774 1697684 1700161 1701661 1704224 1705787 1709268 1715334 1716432 1717769 1719187 1720706 1727636 1730211 1731428 1732216 1734860 1736289 1738472 1741886 1743397 1744078 1748802 1750032 1751044 1754078 1754944 1758206 1759925 1761651 1762678 1763764 1764958 1766236 1767580 1769015 1770381 1771539 1772832 1774682 1783031 1784441 1789553 1791173 1792304 1793558 1794606 1796308 1797359 1798390 1802876 1805307 1809400 1810762 1812213 1814104 1818669 1820495 1822158 1823206 1823962 1825124 1828419 1834241 1838017 1840955 1843711 1844807 1845422 1846161 1849747 1851512 1855249 1863103 1865754 1875253 1878070 1879927 1883369 1885469 1887432 1889033 1892059 1898495 1900197 1903868 1905452 1908311 1913599 1915918 1919017 1919740 1921075 1923593 1926028 1927800 1931782 1933818 1937581 1939187 1940206 1942188 1950238 1952414 1956544 1957573 1958684 1969326 1970384 1973979 1978121 1979421 1981886 1995383 1997281 1999697 2004583 2010532 2018105 2025700 2036139 2037043 2038172 2040234 2043220 2052452 2054302 2056449 2058746 2060677 2065450 2066507 2070912 2073055 2074672 2075496 2076932 2078500 2079539 2085805 2086880 2091891 2093836 2095753 2097179 2098158 2099779 2101993 2103299 2104798 2107572 2108751 2110372 2112862 2113860 2117082 2118427 2119651 2122741 2123880 2126199 2129099 2131229 2132804 2134949 2138791 2140058 2143317 2147475 2149257 2151514 2153503 2157528 2161672 2169908 2171044 2174231 2176700 2179145 2181971 2185858 2187770 2190566 2194404 2199040 2201575 2204451 2205639 2209875 2211419 2212408 2216973 2219179 2220369 2224830 2227890 2229857 2231604 2236084 2237125 2238126 2239171 2243486 2246303 2251639 2252980 2256254 2261629 2265904 2266927 2269102 2271893 2273113 2276428 2278797 2281030 2282196 2284031 2288098 2290598 2292477 2296909 2299423 2301878 2312590 2313514 2314549 2316634 2319614 2323147 2327332 2331066 2335421 2338212 2342643 2349453 2351272 2352301 2353668 2354583 2355604 2356356 2357714 2364794 2366879 2372656 2374002 2375584 2376512 2378066 2379047 2384225 2386810 2388606 2394517 2402782 2403740 2405254 2407223 2413785 2416112 2419016 2422437 2423524 2425668 2428189 2429195 2430230 2431338 2439495 2441404 2447790 2451230 2453662 2456850 2460088 2462710 2463823 2465531 2466414 2473121 2474831 2478227 2479797 2482441 2484384 2486591 2489777 2491154 2494744 2496419 2499792 2500781 2502353 2505151 2507153 2512657 2514696 2516861 2517934 2521554 2522603 2523704 2525720 2528580 2530606 2531391 2532614 2535554 2536478 2537769 2541724 2552796 2555317 2557805 2559630 2560903 2565057 2568578 2570187 2571689 2574334 2580791 2582034 2583005 2584596 2586034 2589025 2590815 2595624 2601136 2610218 2612740 2613626 2615128 2616827 2624545 2627722 2630866 2632950 2633839 2639210 2642466 2643969 2645503 2648700 2651429 2653424 2654434 2657424 2658826 2664200 2668870 2670009 2670984 2673344 2675402 2678476 2679354 2680885 2682633 2688224 2694349 2697847 2700328 2709684 2710710 2712444 2713710 2725097 2725886 2727793 2729563 2731974 2733178 2737621 2738716 2743502 2745207 2748888 2749835 2751172 2759356 2760884 2765230 2768925 2770296 2771006 2777632 2782399 2783507 2786731 2788412 2791019 2795806 2798222 2802792 2804031 2805247 2807337 2816404 2818926 2819895 2820716 2822233 2823564 2824352 2826155 2827701 2831913 2832874 2836447 2840610 2844514 2848049 2854884 2858896 2861087 2861957 2864077 2865785 2866595 2869183 2870701 2872339 2874665 2876752 2880125 2883294 2886901 2888073 2889655 2892837 2894735 2899599 2902273 2906719 2907747 2909408 2911114 2919684 2921793 2922679 2925284 2926132 2927367 2929260 2932781 2934908 2945388 2947419 2948379 2950179 2951558 2953452 2960483 2962804 2963907 2971019 2976908 2978733 2981868 2986763 2990869 2991847 2993307 2995286 2998219 3000207 3001116 3002624 3003479 3005761 3006354 3010718 3011807 3018470 3025233 3026509 3029586 3030536 3033001 3034035 3037656 3042585 3044917 3049079 3050421 3051112 3054070 3055728 3056436 3057353 3059649 3063032 3063988 3068163 3071206 3074814 3076799 3078140 3081845 3082495 3084727 3085950 3088252 3090952 3092323 3094038 3099148 3100135 3103672 3106474 3108151 3111710 3114230 3116541 3121465 3123435 3126664 3129460 3130878 3133119 3136327 3138534 3140621 3145514 3147863 3152876 3154802 3155958 3157800 3164949 3168650 3174903 3176284 3178251 3180916 3182944 3184288 3186178 3186878 3191155 3195197 3197154 3198436 3200814 3201527 3204749 3206783 3210344 3214837 3223181 3224697 3225951 3232687 3234570 3235908 3239443 3241608 3246931 3247574 3252046 3254214 3255273 3257202 3260095 3262530 3263771 3266465 3269183 3272190 3273762 3278405 3279738 3281906 3283839 3284974 3288469 3289333 3295722 3301912 3303217 3305685 3307257 3309608 3311846 3317149 3318618 3320252 3322916 3323972 3327369 3328529 3330187 3331693 3334252 3336132 3339356 3341074 3343074 3344048 3345689 3348425 3350456 3353048 3354028 3355844 3358551 3361992 3365235 3367089 3368323 3369323 3372590 3377002 3382065 3383421 3384975 3387594 3389565 3391378 3393443 3395867 3397945 3398722 3401436 3403535 3406778 3408514 3410335 3412510 3415004 3417781 3418964 3420658 3422178 3423032 3429196 3429947 3430829 3433546 3436223 3437304 3438247 3443174 3447180 3451871 3456020 3457618 3458940 3461444 3463731 3464984 3466606 3468981 3470615 3473177 3481496 3483239 3486500 3488242 3488960 3491123 3492712 3493605 3497397 3498947 3500343 3505132 3506741 3517115 3517994 3519341 3521958 3528442 3529695 3531957 3534237 3536072 3538531 3539532 3542547 3543729 3544683 3549042 3550390 3551627 3553332 3554113 3566021 3570799 3574546 3576373 3577694 3580129 3585331 3593085 3595364 3601795 3602721 3606840 3608069 3610893 3613419 3615853 3617630 3618831 3623856 3624892 3628377 3631829 3636420 3641991 3643017 3644532 3648228 3649415 3650549 3655845 3656969 3658998 3660571 3662837 3667369 3670167 3673288 3674766 3676579 3681542 3685945 3686879 3688876 3694515 3696742 3698449 3699868 3704070 3705907 3706982 3708494 3710313 3712374 3720307 3721811 3725710 3726338 3727637 3729002 3732331 3733496 3736472 3737336 3739405 3741525 3744544 3746657 3750330 3764994 3768050 3769579 3771766 3780079 3781309 3787572 3791113 3794066 3797615 3801931 3803995 3806062 3807995 3812126 3816266 3817087 3817963 3819896 3821514 3829415 3831485 3834023 3838713 3842848 3844502 3845869 3849534 3852320 3853610 3860128 3860827 3864663 3865359 3866710 3867483 3868299 3868887 3873002 3874387 3875590 3877995 3879183 3881715 3889158 3892066 3893460 3895706 3900283 3902937 3904700 3907989 3909569 3913341 3916405 3917558 3919825 3923865 3925018 3927703 3931105 3936487 3939551 3940635 3943724 3947564 3949443 3952947 3955242 3956114 3958246 3960026 3961522 3963140 3964698 3968847 3970533 3973350 3979127 3982407 3983190 3983946 3986365 3988118 3993163 3997301 4000070 4002370 4003170 4005655 4009408 4011035 4012117 4013373 4017794 4019623 4024314 4026770 4029420 4034258 4037070 4042020 4043452 4044829 4046754 4048476 4052728 4054132 4056125 4058586 4059635 4061338 4062335 4064491 4067516 4070647 4073250 4076563 4078843 4079862 4088626 4089524 4090454 4093373 4094793 4099639 4103884 4109600 4115077 4118795 4120369 4122642 4123616 4125550 4127246 4129108 4134323 4137660 4138878 4140093 4141506 4145003 4150193 4151293 4152605 4160414 4162380 4166019 4167486 4168442 4169192 4171854 4173117 4174007 4179745 4181394 4182266 4183375 4184739 4185377 4188016 4193851 4196093 4197059 4198022 4199089 4200500 4202809 4206787 4210966 4212671 4216283 4219140 4220849 4223761 4224920 4226555 4228039 4231406 4233887 4234706 4238557 4240460 4242356 4247523 4249026 4251506 4253615 4254490 4256029 4258305 4259094 4260220 4263685 4265321 4266976 4269015 4271164 4276859 4278216 4280593 4286937 4290969 4292997 4295157 4295798 4298229 4299855 4301142 4302010 4305741 4307947 4309812 4311078 4312668 4318485 4321761 4322698 4323311 4325894 4327839 4330884 4332589 4334589 4336538 4338570 4339356 4340611 4344231 4347665 4351684 4356109 4357626 4358642 4359636 4363206 4364128 4365945 4372982 4374373 4375737 4385656 4387039 4394939 4399653 4400435 4407227 4409210 4413593 4415402 4424116 4426209 4429255 4432531 4433665 4436975 4437983 4440119 4442125 4443122 4444059 4446202 4447057 4450617 4451666 4453594 4455563 4459810 4461774 4463871 4465979 4467448 4469641 4471333 4472271 4475200 4476964 4478890 4482139 4489902 4497632 4499254 4500526 4503740 4510259 4512440 4513805 4516170 4523456 4526881 4530860 4531882 4533211 4534621 4535303 4537544 4538930 4540401 4541963 4543031 4544819 4546311 4547854 4549435 4551498 4553811 4557243 4558269 4560559 4561888 4565038 4566221 4568266 4569900 4575983 4577406 4579404 4581109 4589449 4590162 4592437 4594756 4598064 4599986 4608000 4611593 4613750 4615113 4618366 4624797 4627840 4631759 4633249 4638664 4640270 4644977 4651471 4655828 4659367 4661424 4664659 4667931 4672953 4675864 4678030 4682802 4684422 4687974 4689022 4689947 4693916 4696212 4700518 4701492 4702471 4706949 4710406 4714362 4715341 4717194 4722193 4724229 4726412 4727249 4731825 4733056 4734187 4735126 4736498 4739249 4744348 4747115 4749817 4750612 4752758 4756372 4758242 4759246 4761056 4763292 4765839 4768349 4769959 4771674 4774392 4776095 4780415 4782251 4783183 4785147 4795590 4799915 4802432 4805129 4809791 4814428 4815195 4826416 4827161 4829373 4830783 4832608 4835377 4837133 4838255 4844771 4845591 4847708 4848937 4853949 4855886 4857069 4858902 4859737 4860363 4863304 4864151 4865965 4867321 4869447 4873616 4875167 4877060 4881613 4887027 4888277 4892770 4895137 4896362 4897674 4899536 4901285 4904408 4909857 4910794 4914522 4915659 4919344 4920974 4923123 4924821 4926705 4928522 4930405 4931647 4935532 4939078 4945124 4952538 4953551 4955413 4958864 4960459 4961698 4963620 4965050 4966569 4967936 4968695 4969489 4970991 4973207 4974264 4977359 4978669 4980620 4983234 4986054 4988451 4990252 4992602 4995498 4998043 5000642 5002509 5004582 5012092 5014625 5017829 5020286 5021936 5023434 5024674 5028304 5031210 5033522 5036062 5038253 5041040 5042795 5044140 5045301 5048856 5052040 5054872 5056519 5057120 5058843 5060349 5060902 5062916 5064446 5065838 5068196 5071131 5073345 5079552 5081316 5084445 5086094 5087408 5090063 5091922 5092624 5097332 5103779 5113997 5115966 5117634 5124647 5126215 5127819 5128997 5131186 5134242 5136677 5138689 5142234 5144134 5151021 5157023 5159773 5161309 5163108 5164307 5166234 5173315 5174467 5179401 5182139 5184542 5189876 5192109 5196891 5198840 5200526 5204092 5206586 5215111 5220210 5221863 5224565 5226229 5227269 5228370 5230158 5233186 5234390 5236977 5238150 5239867 5242152 5243144 5244544 5247012 5248199 5250449 5255918 5258327 5260074 5262794 5264422 5265948 5268210 5271022 5272500 5273427 5274519 5278092 5279298 5281715 5286305 5288004 5292648 5296874 5299178 5300307 5302139 5307287 5309371 5311083 5311869 5313066 5319104 5325868 5328903 5329847 5332013 5334723 5336370 5338098 5339384 5341924 5345827 5347016 5347976 5349133 5350035 5353423 5355348 5355981 5357767 5362500 5364120 5366258 5368040 5369824 5372360 5374333 5377957 5379134 5381300 5384014 5386640 5389110 5391020 5391746 5392980 5394072 5395919 5398089 5400745 5402785 5407329 5410991 5414029 5417007 5419307 5422727 5424492 5428854 5430529 5432702 5435489 5436733 5438225 5445293 5446817 5448381 5449410 5452908 5453794 5456115 5457941 5460995 5467558 5470900 5472868 5475495 5477839 5480883 5482638 5483664 5486930 5488842 5494094 5497576 5500585 5501465 5503549 5504974 5507005 5507830 5512967 5515716 5521940 5523126 5524777 5525763 5527282 5528244 5529340 5530470 5531121 5532995 5535570 5541935 5547215 5549917 5551013 5557785 5559159 5560489 5562859 5563842 5565543 5568053 5570325 5572180 5580721 5585523 5588597 5589663 5591078 5592911 5594011 5596982 5599519 5602529 5604874 5608957 5613848 5616967 5620463 5624187 5627310 5630616 5633029 5633761 5637217 5638738 5639740 5646898 5648513 5649457 5652804 5653549 5655018 5658361 5661084 5664581 5665460 5666685 5667909 5670835 5671730 5673348 5675155 5677260 5679694 5687215 5688950 5694024 5698162 5700570 5703588 5704419 5705574 5707381 5709044 5711365 5712887 5720576 5721540 5722409 5725777 5729161 5730761 5732461 5734835 5736550 5737563 5740612 5741626 5743896 5746951 5749599 5752648 5756776 5758289 5760038 5761638 5763270 5764407 5766269 5770347 5776392 5783064 5784016 5785968 5787691 5788714 5790119 5792790 5794772 5799293 5802492 5805626 5806337 5807792 5809369 5810428 5816923 5820834 5826546 5827768 5830947 5832412 5840537 5843506 5845874 5847895 5852525 5857890 5859432 5860894 5863032 5863914 5865215 5869435 5871311 5872540 5874078 5876024 5877326 5879566 5880322 5882471 5885358 5895246 5902663 5904049 5905140 5911959 5913141 5915121 5917773 5920564 5921984 5922902 5925177 5927117 5928060 5929812 5932428 5934726 5936741 5938381 5939561 5942521 5943462 5944458 5946395 5951304 5957742 5959643 5961306 5963052 5966386 5967848 5971119 5972107 5973084 5974438 5979614 5980667 5981967 5984815 5987064 5990350 5992095 5994977 5997611 5999047 6000535 6005147 6007027 6011771 6013395 6021017 6022604 6023564 6025068 6028283 6032380 6036655 6038200 6043891 6044715 6046239 6050344 6055161 6058569 6061404 6065882 6067021 6068437 6070386 6072262 6074573 6075781 6078269 6082666 6085869 6088500 6089321 6090965 6093212 6096273 6101553 6103195 6106735 6107671 6111055 6113487 6114940 6117252 6126535 6128272 6131501 6132900 6134149 6136302 6137602 6145764 6150409 6153900 6156189 6160877 6161610 6165495 6171300 6178447 6179197 6183124 6187643 6189354 6190621 6194249 6201381 6203353 6204227 6209906 6213637 6216011 6217858 6219747 6221523 6225568 6228162 6230268 6232906 6234349 6236784 6240458 6241824 6242903 6244325 6247380 6251171 6254339 6256003 6259055 6260716 6262901 6264737 6265815 6267082 6269066 6270121 6272024 6272625 6276933 6277919 6279143 6281174 6282242 6285040 6287902 6289927 6292872 6294856 6297857 6298705 6303970 6305343 6308498 6310434 6311829 6314179 6318096 6321356 6323159 6326863 6328703 6329280 6330592 6331447 6333927 6335934 6336929 6337881 6342991 6345139 6348848 6351374 6353336 6356817 6358530 6359708 6361665 6363940 6364976 6366243 6367560 6369179 6371632 6375217 6377696 6381586 6383302 6384264 6387593 6388851 6392032 6393429 6395404 6396402 6398222 6405763 6408335 6409228 6410005 6412086 6413768 6417416 6420128 6423360 6424327 6426144 6429403 6432447 6434823 6437917 6440295 6442116 6443359 6444906 6447311 6450345 6453558 6455916 6458178 6461394 6465738 6467283 6471385 6472973 6474862 6476192 6477966 6480280 6482216 6485757 6487724 6489072 6491602 6493252 6494147 6499213 6499942 6500847 6503457 6506186 6507475 6508851 6509911 6511274 6513393 6517313 6519183 6522209 6528555 6529947 6531862 6534711 6543985 6546144 6547715 6550206 6552134 6555882 6558431 6560761 6561976 6564697 6565665 6566657 6567349 6568733 6569656 6572820 6575020 6577644 6582519 6585753 6588213 6590248 6591788 6594866 6595933 6596777 6598874 6600620 6605682 6608167 6609507 6611025 6612873 6614287 6616713 6617623 6618901 6620441 6623413 6625116 6627517 6628829 6632048 6635795 6637633 6639409 6642193 6643895 6646265 6650011 6652750 6654414 6656709 6657647 6660144 6661248 6662405 6669295 6670293 6671624 6672998 6674294 6675345 6679314 6681438 6684324 6685054 6688391 6689494 6690420 6693051 6696351 6698105 6699004 6700374 6704264 6706385 6709295 6712652 6713334 6714953 6716017 6718098 6720036 6721357 6730111 6732295 6733559 6734726 6737290 6738161 6742576 6744764 6746980 6749140 6750425 6753046 6756489 6759718 6763423 6765364 6766262 6767419 6770339 6772706 6776113 6782271 6783438 6788620 6792099 6793798 6797667 6800182 6803700 6804596 6805351 6807361 6809505 6811964 6815060 6816496 6818287 6821485 6826195 6826968 6829500 6830706 6831965 6834926 6836152 6836871 6838882 6840358 6843309 6844123 6845940 6849515 6852884 6857052 6858165 6859708 6861019 6863017 6864498 6865716 6868935 6871545 6881989 6882734 6884646 6885638 6886909 6891272 6892186 6893492 6894437 6897022 6898491 6899146 6900231 6903823 6910626 6912251 6915748 6919876 6924176 6926457 6927375 6931362 6932832 6934339 6935158 6939719 6941421 6944199 6945652 6946711 6951587 6954654 6956246 6959064 6961800 6962855 6964011 6968790 6973164 6977115 6979953 6981545 6983404 6987868 6992190 6994587 7000058 7001437 7006059 7009617 7010904 7012565 7017195 7019221 7022604 7026253 7028230 7029376 7033506 7038889 7046466 7050325 7054428 7058872 7061573 7063805 7066488 7067955 7069848 7070733 7072873 7075026 7078112 7080398 7082295 7085665 7089380 7091393 7092066 7093918 7098955 7102573 7103888 7107496 7110360 7111163 7112022 7120100 7122305 7127457 7128885 7130227 7135099 7137798 7138824 7140442 7145101 7147117 7150740 7152605 7159444 7161351 7162054 7164045 7168875 7169771 7172833 7174537 7176412 7178244 7180197 7181511 7185065 7187638 7190000 7197789 7199933 7200519 7201733 7213018 7214475 7217637 7221223 7224449 7226008 7229131 7233360 7235253 7240478 7242407 7243784 7245064 7246425 7248944 7251014 7254205 7259571 7261883 7263186 7264360 7265763 7268915 7270642 7275611 7278277 7279955 7281507 7282955 7287248 7294348 7298370 7301044 7308455 7310396 7318142 7320293 7322304 7324079 7325255 7326600 7329343 7333341 7337213 7341939 7345543 7350446 7352464 7354825 7357458 7358556 7360424 7363501 7364785 7365733 7368949 7370011 7371673 7372700 7375822 7377299 7379360 7380147 7382784 7384931 7386242 7388025 7390845 7392615 7400116 7400881 7403639 7405485 7408232 7409978 7411541 7413168 7414032 7415515 7417357 7419169 7423136 7424988 7426018 7427643 7431320 7432579 7433557 7435090 7438431 7440884 7442528 7443907 7444858 7445967 7449900 7451468 7456892 7459730 7460421 7461890 7463314 7468163 7469335 7476826 7478165 7479429 7483477 7486434 7488828 7498188 7502426 7506825 7508411 7511147 7514008 7515599 7516450 7517980 7521993 7527698 7529864 7533179 7535358 7538983 7544534 7548022 7549817 7550791 7552013 7559116 7560002 7569699 7572455 7575157 7576818 7579972 7581226 7582081 7583435 7588294 7590874 7597178 7599863 7602528 7603527 7606211 7614361 7615726 7617086 7618176 7619560 7620675 7622064 7625592 7626455 7628366 7632340 7633976 7635321 7637003 7639339 7642708 7644142 7647637 7648914 7651503 7657137 7658760 7661865 7665502 7667108 7668517 7673757 7676291 7677966 7680112 7682669 7683502 7685095 7688255 7688898 7690127 7691606 7693851 7696132 7698886 7700511 7701572 7704573 7712122 7716020 7719722 7722116 7727507 7728084 7729765 7731901 7737183 7738029 7739570 7741312 7744523 7746495 7749535 7750335 7754178 7755627 7758492 7761140 7765238 7766271 7771322 7772174 7774538 7777245 7781869 7785270 7787436 7789463 7793628 7796443 7797539 7802439 7804536 7806616 7809494 7812825 7814081 7819898 7821555 7822759 7823674 7827172 7828589 7830866 7832883 7833717 7835063 7835819 7837735 7839664 7842915 7843998 7853774 7857072 7858611 7861194 7862623 7863433 7865042 7867585 7869039 7869979 7871292 7876611 7879775 7881701 7883469 7886131 7889299 7891943 7893294 7894251 7895253 7896668 7900114 7903309 7905378 7906378 7907310 7908670 7911456 7912960 7915012 7918345 7921188 7922801 7924432 7926744 7931393 7932936 7934748 7939980 7941192 7945274 7947393 7950471 7955881 7959993 7961509 7962605 7965314 7967281 7971545 7974248 7975384 7976511 7979335 7982644 7984496 7988443 7993132 7994258 7996539 7997831 7999883 8000805 8001827 8004429 8011365 8013238 8015912 8016737 8017985 8019541 8022549 8023675 8027928 8032813 8033957 8035439 8038564 8040700 8041971 8044417 8045414 8047170 8048704 8050029 8051680 8058492 8059335 8060389 8061441 8065311 8066325 8069795 8071759 8073068 8076789 8079233 8081229 8084657 8085846 8087247 8089614 8097929 8102196 8107465 8109891 8112314 8123808 8127041 8131246 8136452 8138129 8140259 8142003 8146136 8148114 8149120 8162299 8164165 8169318 8178377 8179672 8182360 8183442 8185184 8186699 8194718 8197177 8198422 8200107 8202306 8203485 8204905 8205968 8207531 8208660 8221435 8225129 8229677 8230810 8232171 8233916 8235285 8236445 8240471 8245979 8247199 8248508 8251551 8253802 8255483 8258245 8259572 8263596 8267196 8267723 8269316 8270005 8274071 8276530 8278248 8282094 8284609 8286006 8288185 8292169 8296928 8304644 8306253 8308504 8310362 8311279 8316716 8317539 8321176 8327295 8329810 8331221 8332453 8334771 8344243 8346384 8347677 8352756 8353630 8360026 8361715 8364038 8365509 8366623 8371343 8373663 8379787 8382316 8384345 8385931 8387423 8390921 8393108 8393835 8397104 8398382 8401146 8405281 8407267 8412205 8414963 8416254 8419865 8421820 8423170 8424122 8426364 8430920 8432997 8433680 8436642 8440149 8446028 8449311 8450641 8452965 8454694 8456019 8457341 8461455 8463849 8465360 8466831 8469539 8471621 8474231 8475161 8477071 8479594 8480717 8482139 8485847 8486620 8489566 8491136 8492492 8495482 8502095 8503444 8512384 8513600 8516265 8519197 8520217 8522217 8524600 8525752 8526696 8527632 8529115 8531876 8535393 8538425 8540572 8543034 8544308 8547211 8550557 8556946 8559898 8560914 8562996 8564231 8566200 8567711 8568843 8570479 8575937 8576999 8580120 8581064 8583748 8587619 8588235 8590315 8591847 8595858 8600655 8604379 8610812 8612095 8613392 8614301 8618103 8619990 8622852 8625325 8627950 8631230 8633522 8636229 8637594 8640242 8646422 8650392 8651700 8654129 8656130 8657864 8661435 8669959 8671015 8672727 8673976 8675831 8678457 8680285 8681522 8682748 8684735 8686164 8687302 8689490 8697135 8703486 8706434 8708221 8709389 8715417 8721703 8724029 8725283 8726120 8727357 8729633 8732299 8736384 8741540 8743020 8747622 8752355 8755928 8756766 8762356 8762849 8765314 8766400 8767237 8771458 8772543 8774912 8777090 8778959 8780731 8781519 8782246 8785150 8786102 8789889 8790464 8792097 8793628 8795797 8804707 8809084 8809821 8810520 8813842 8816864 8820114 8821532 8823776 8826796 8827804 8830179 8832665 8836115 8840551 8842615 8844268 8845866 8848307 8851361 8853425 8855588 8857354 8860183 8865631 8866587 8868736 8870533 8873499 8874969 8876723 8886509 8889092 8893224 8894979 8895974 8897544 8898629 8901992 8902822 8907103 8911069 8912389 8913396 8916328 8917560 8919204 8923398 8924770 8925835 8926710 8927918 8930041 8935203 8938071 8938976 8940256 8947066 8948942 8950212 8953912 8956458 8958408 8962461 8968276 8970994 8971903 8973227 8975213 8977575 8978806 8980582 8984732 8986900 8991281 8994149 8997069 8998648 9003649 9006147 9008236 9008786 9009496 9013819 9015801 9018785 9022853 9024000 9029501 9032861 9034340 9036314 9037298 9038143 9038830 9040687 9041785 9044135 9046179 9048126 9049391 9051774 9053700 9055796 9056534 9058058 9060223 9062266 9064923 9067839 9072346 9073150 9073915 9075124 9076451 9078694 9079666 9081848 9084073 9087967 9090730 9092461 9094442 9096261 9100421 9102375 9105818 9108288 9112589 9113475 9119765 9121088 9121993 9123417 9126418 9127907 9131845 9133714 9137211 9138393 9140601 9142016 9144527 9146784 9149231 9151692 9163306 9167602 9169533 9170420 9172301 9174371 9176010 9178510 9182836 9189575 9191163 9193652 9194879 9199908 9202764 9205964 9214636 9216568 9218540 9220653 9226800 9228914 9229658 9230776 9231521 9232148 9235046 9238503 9239792 9240497 9241488 9242834 9244391 9245982 9247558 9248241 9254007 9258190 9260180 9261494 9262303 9265600 9267912 9269970 9274619 9277019 9280080 9280666 9283754 9284663 9285389 9290713 9294883 9296104 9297428 9298715 9301395 9303000 9307902 9310318 9311226 9314017 9318182 9319710 9320812 9323690 9326882 9336256 9337871 9344894 9347482 9349620 9352055 9357146 9361595 9362650 9368574 9369658 9370979 9373698 9374941 9381297 9382481 9386460 9387805 9390509 9399662 9400901 9403470 9407036 9408315 9412155 9413993 9417037 9418874 9420244 9422873 9423764 9425538 9429376 9432612 9434676 9441538 9452300 9454558 9457194 9459091 9463224 9468678 9469817 9471862 9473315 9474414 9483074 9484362 9486054 9489142 9495151 9496275 9497106 9499650 9503828 9504639 9506340 9508972 9511461 9518121 9521757 9523613 9526064 9527652 9530609 9532937 9539147 9540321 9544125 9546253 9547911 9550573 9552703 9554395 9556905 9557837 9560289 9561493 9567240 9570752 9571857 9575099 9578265 9581088 9587242 9588979 9590321 9593499 9594909 9595916 9598336 9601226 9602752 9604943 9605791 9612412 9613617 9615578 9619310 9622801 9624983 9629537 9632093 9633252 9633889 9634612 9636530 9637350 9638887 9644079 9646797 9647787 9648348 9651590 9654354 9655762 9659353 9667478 9670221 9671230 9673148 9674948 9677974 9679390 9680907 9682932 9687267 9688365 9693073 9694878 9703856 9705271 9707752 9709206 9710075 9716253 9719358 9721202 9723629 9724696 9727211 9729417 9730462 9735985 9737714 9739077 9743650 9744568 9745589 9746899 9751368 9752800 9755880 9757575 9763328 9764858 9767459 9770737 9774228 9775580 9779792 9784102 9785558 9787996 9789214 9795679 9800915 9803840 9806779 9808575 9810788 9811909 9812466 9813467 9818100 9819266 9820756 9822185 9829901 9831242 9832783 9834218 9835298 9836121 9841132 9853478 9855769 9857621 9858818 9860676 9863536 9864440 9871837 9874727 9876290 9877711 9878496 9879224 9880549 9882210 9884520 9885610 9889030 9890676 9897379 9902832 9905603 9907307 9908926 9912780 9913838 9914748 9916956 9926166 9928478 9929207 9930524 9931829 9932970 9933743 9938321 9939868 9941504 9943260 9944478 9947710 9949435 9954277 9962801 9966174 9966992 9968184 9970549 9972227 9975329 9978566 9982080 9983788 9986517 9993688 9996973 9998245 
</Matrix>
<Matrix name="Neuron_417" type="complete" rows="1" columns="484" multiplier="1.0">
   10064 31427 75196 79431 91936 102047 135701 148922 245209 254382 265738 307517 320646 335508 375632 389957 400503 418645 427524 436992 444331 456879 468435 483377 486218 511706 544244 585555 663346 671575 672755 717840 720345 725527 734339 748210 813664 825713 832869 836688 839807 865948 878448 892976 919893 942133 952848 996059 1014377 1025682 1040672 1066293 1104163 1116021 1116844 1131075 1136956 1140013 1151725 1198684 1238281 1242838 1274655 1293985 1306877 1320439 1328332 1348299 1388586 1390513 1394959 1396915 1406863 1408171 1467416 1524363 1547056 1560308 1567710 1586261 1606946 1616996 1648636 1651157 1666488 1681926 1711316 1718294 1755945 1800122 1801110 1821658 1841511 1847071 1932792 1953460 1965361 1982455 1992390 2013728 2078808 2126153 2150719 2185957 2195527 2256053 2263127 2294872 2301438 2325744 2338284 2360999 2382437 2424845 2453656 2529255 2561651 2563810 2566519 2570198 2593911 2614106 2650913 2655995 2659348 2681657 2699809 2720400 2725577 2740352 2748815 2750649 2798714 2816073 2830846 2854326 2860495 2878456 2884817 2886254 2933093 2942150 2978390 2983170 3003084 3053919 3075195 3098475 3114362 3151682 3156309 3165809 3173715 3178180 3314438 3321767 3324138 3342440 3346405 3348334 3364540 3449972 3456277 3458130 3509473 3526240 3547317 3550895 3570128 3585790 3639739 3643783 3656476 3697593 3706086 3731960 3743378 3757026 3763893 3800303 3826072 3828511 3845540 3846452 3899241 3925851 3931041 3935067 3938012 3971224 3982948 4048175 4061514 4063151 4070995 4096695 4117033 4123072 4147423 4154992 4156051 4181500 4195365 4216954 4219359 4275898 4279566 4324775 4346833 4352088 4388171 4414937 4429568 4470495 4527834 4553729 4555545 4567069 4580670 4585185 4652102 4729378 4735517 4769247 4786677 4790730 4834961 4843269 4845687 4893458 4925567 4935510 4939262 4962632 4967458 4974609 4976230 4985818 4994690 5125300 5131713 5161315 5165702 5187344 5234249 5240139 5267249 5281217 5323034 5326286 5343973 5378988 5397819 5402308 5442232 5476316 5516181 5544090 5555728 5584150 5616956 5634286 5640374 5642559 5644745 5672481 5674230 5677486 5685198 5701852 5708195 5711641 5738138 5739938 5752498 5802083 5817714 5828213 5834754 5852476 5871877 5887175 5912566 5913355 5921741 5926798 5929295 5973851 6008617 6050932 6082877 6096312 6099916 6145303 6152293 6168687 6171123 6221007 6235954 6259675 6283623 6288400 6376655 6382989 6395684 6407313 6427695 6432327 6443078 6461503 6482836 6528104 6532403 6563520 6570541 6606169 6619540 6631308 6644295 6650664 6655710 6675994 6742197 6757061 6763825 6836952 6863488 6875821 6887651 6901241 6957534 6976325 6987194 7009784 7015488 7041942 7045681 7055202 7058413 7069707 7085984 7100767 7114659 7126814 7140022 7144071 7156918 7182000 7204183 7212720 7264609 7267627 7313096 7331074 7344744 7354529 7419042 7439671 7458992 7470657 7472009 7516381 7522244 7525770 7540343 7546256 7591544 7618149 7634789 7640064 7683771 7704011 7714738 7716928 7739114 7745576 7774763 7798909 7815953 7821808 7829449 7849679 7857201 7860653 7875338 7896166 7924773 7957304 7964611 7981109 7991143 8051189 8056203 8068858 8071520 8081403 8088786 8209236 8218496 8244386 8308575 8310251 8326339 8381586 8408993 8427273 8444659 8480645 8494065 8507010 8516335 8517571 8542904 8544361 8561091 8593451 8608729 8619604 8641230 8647471 8664302 8747796 8767023 8789973 8830934 8849462 8863369 8888245 8893205 8924520 8986600 8988601 8991037 9025627 9031467 9039560 9108812 9127055 9152950 9181696 9194913 9218595 9238522 9250057 9266845 9286220 9327471 9340531 9347604 9362731 9426600 9449793 9461312 9462465 9490535 9505977 9535584 9572510 9580395 9607398 9611719 9644363 9653490 9657529 9710837 9712075 9717612 9723915 9758023 9805576 9809357 9818598 9837288 9841929 9856837 9877395 9892016 9895102 9909954 9930838 9969708 9986020 9989386 9991333 
</Matrix>
<Matrix name="Neuron_421" type="complete" rows="1" columns="3571" multiplier="1.0">
   3408 6496 8443 10224 17145 18575 20796 21786 25282 26689 31395 33091 34673 36804 40402 42628 54218 55777 57672 64218 65091 66314 67641 70018 73357 76192 77681 78587 81768 82714 85529 89856 94185 98509 99586 102233 102828 103484 104455 106658 110834 112498 118669 121785 122901 123974 125669 127161 128132 131890 133591 136024 137953 139403 143957 148637 150938 153199 154573 156558 170237 171650 173464 178624 179818 187406 189006 191161 196086 197561 201587 205971 207218 208224 209359 211210 212497 215939 220463 225281 228207 230943 238884 240111 241092 244207 247059 250473 252848 255295 263199 264038 265299 266960 268018 271077 272880 284294 286089 287251 289351 291129 293290 295408 295972 296928 298535 302654 305325 311565 317332 319989 323919 326104 328351 332630 333735 334564 336993 341440 342895 345742 352090 354635 357378 359312 363005 364190 366552 367773 369062 370831 372071 375529 382929 385290 388098 391125 393750 398755 402824 405061 416875 417976 418987 422382 426266 428772 431007 434216 435070 436086 438318 442537 443865 445173 447185 451405 452431 457698 460531 463269 467275 469833 476308 477624 478660 484921 490659 491417 498941 500419 501868 504541 506340 508600 509566 512514 514424 516887 519255 524248 526375 528063 532854 534275 535246 537632 539075 540649 542342 544409 548916 551336 556163 559074 560654 561675 565332 568788 572897 574113 575960 577707 583719 588141 590566 592892 595116 598468 603455 609877 611072 612060 614007 616641 618298 621481 624810 626637 632525 641906 648015 648933 652279 654393 655274 662101 666831 668035 670910 680316 683080 683684 685292 687049 689321 690987 696369 697413 698566 702693 704527 706525 713967 715353 716081 718090 722689 724649 727250 729771 731324 732653 735356 738375 741466 743259 745715 746887 751853 756352 757699 760164 761894 768163 770097 783449 785605 788369 789867 793055 798972 800367 802961 807949 811237 812805 815529 816369 817528 819274 822007 824325 825389 826714 827416 830963 831560 836434 841715 845523 852777 856870 859492 865035 865871 868856 870383 871417 872425 877882 882390 883538 893912 894634 896719 904257 905170 906993 909847 911585 912874 916155 920428 923172 929995 932211 934227 935836 939031 940799 942419 944995 945826 947285 948161 949359 950302 951395 952750 958512 960657 961917 962936 964134 967632 973911 980269 982342 983964 988543 992254 994666 998333 999601 1003439 1005679 1010904 1012285 1017042 1020167 1024249 1025376 1027575 1044409 1047032 1049705 1051302 1052868 1053781 1054810 1056767 1058549 1063930 1068080 1070199 1071794 1072961 1081361 1083624 1085242 1090788 1095863 1098159 1102769 1104835 1106232 1113004 1116117 1119253 1122133 1124171 1140065 1143395 1145123 1152857 1154900 1162697 1165875 1168702 1170716 1171946 1174076 1175811 1181857 1183154 1185492 1186865 1189506 1191906 1193930 1198869 1202525 1204800 1206567 1207448 1210166 1217011 1218591 1221404 1223280 1225003 1228757 1230040 1234998 1239995 1244731 1247113 1248273 1250413 1251751 1253891 1255357 1266069 1267468 1268821 1272971 1274597 1277348 1279757 1281535 1285857 1288683 1290967 1291751 1297402 1300802 1302523 1311963 1316428 1318653 1320575 1323678 1325500 1329512 1333526 1337863 1345005 1345949 1346765 1349028 1349911 1351443 1354743 1360530 1361689 1363512 1364948 1365521 1367315 1369371 1370350 1371356 1372422 1374286 1377338 1379231 1380048 1381668 1382697 1397693 1400257 1401916 1403790 1404935 1408998 1410227 1412946 1415703 1416579 1418782 1421331 1423102 1428449 1429389 1431609 1433622 1435700 1438778 1443079 1444249 1456276 1457128 1461954 1464300 1466095 1468621 1473428 1476057 1478679 1480841 1482056 1485681 1493180 1495912 1501024 1505887 1507663 1510185 1517649 1519779 1521307 1523915 1525649 1526850 1533091 1536987 1539252 1541418 1542747 1543746 1547796 1549251 1550659 1553276 1555868 1557967 1559144 1560461 1565676 1566829 1572250 1574555 1576427 1577553 1581176 1582163 1588434 1590464 1592180 1593321 1594759 1596020 1599600 1600508 1601730 1604606 1605699 1606388 1611057 1613810 1614931 1616748 1620687 1623059 1625324 1626900 1630601 1634154 1637048 1640618 1642120 1647307 1651618 1661718 1663596 1664690 1667449 1668677 1670754 1673409 1675376 1679072 1680354 1681328 1683019 1684417 1687271 1689657 1692508 1694171 1695849 1697555 1698078 1701844 1705261 1705920 1707902 1710328 1714374 1715826 1721199 1722591 1723656 1726074 1726953 1728909 1730621 1732320 1733212 1733809 1735639 1737052 1738342 1739185 1743038 1744804 1745652 1746472 1751595 1753365 1761921 1765404 1768276 1769876 1771462 1772248 1773347 1775405 1778170 1780664 1781861 1784669 1786235 1788602 1791525 1799810 1801345 1803650 1808257 1809477 1812080 1814280 1820919 1822763 1827155 1829029 1832803 1834440 1837314 1838236 1848992 1852690 1854105 1858805 1861819 1868342 1871111 1872771 1874032 1876250 1878960 1880156 1889602 1891715 1892749 1895126 1896687 1902369 1906546 1910649 1912031 1913262 1915390 1916425 1917961 1920125 1923745 1934439 1935518 1942622 1945006 1948759 1950031 1951457 1956800 1958142 1968366 1970532 1972101 1974905 1976818 1979320 1984450 1985933 1987620 1989315 1990729 1992683 1993849 1997425 1999467 2001731 2002758 2004696 2007577 2009290 2010255 2011710 2015130 2016166 2019097 2020016 2022367 2027061 2028813 2030510 2035378 2039910 2040719 2044091 2045819 2047237 2048854 2050653 2052316 2053285 2059376 2062258 2076946 2079705 2081072 2085623 2087599 2088790 2090787 2092333 2098894 2100552 2102430 2103476 2104819 2105604 2106885 2109440 2117591 2120117 2121402 2122817 2123855 2129932 2131010 2132959 2134634 2136823 2137602 2145436 2146671 2147810 2152694 2158898 2163838 2165674 2167263 2168088 2168837 2170289 2173140 2176436 2177952 2184991 2186492 2187730 2193901 2195592 2197563 2198537 2203061 2204022 2205957 2210917 2213389 2216872 2219394 2223788 2224826 2228556 2235630 2237535 2243348 2245610 2248043 2248967 2251080 2254050 2256262 2258336 2259260 2260068 2261787 2269926 2271733 2272686 2275783 2283416 2285004 2286710 2290179 2290860 2293694 2295117 2298117 2299927 2303207 2311045 2312817 2316883 2320485 2322669 2324358 2328494 2330874 2331769 2339695 2341859 2343952 2344647 2348535 2352096 2353377 2354991 2356793 2358297 2359974 2361792 2364734 2367043 2369594 2378601 2382059 2383080 2384842 2387034 2388700 2392085 2394421 2401930 2403948 2406232 2407408 2409244 2410683 2415404 2416722 2418681 2422013 2423121 2424388 2426061 2427606 2429703 2431184 2433624 2435106 2440118 2443228 2448187 2452590 2456122 2457228 2461749 2463215 2467194 2471940 2479989 2482149 2485287 2491808 2493000 2495492 2496625 2498150 2499769 2505346 2506453 2508541 2511759 2513104 2515786 2516650 2518038 2522294 2523895 2525658 2529591 2531100 2533386 2538566 2543435 2550741 2553787 2558664 2562002 2563303 2565162 2566515 2568877 2572789 2577961 2580518 2583261 2584395 2585903 2590129 2592972 2593686 2597911 2599128 2601963 2605189 2607796 2611700 2613618 2616239 2617216 2619076 2622485 2624121 2626547 2627996 2629700 2631444 2632760 2633807 2637843 2639014 2640289 2642335 2643441 2646573 2647864 2649216 2651135 2651860 2653009 2655444 2656878 2659588 2661360 2662816 2663885 2664842 2666814 2667898 2670988 2672617 2677936 2680713 2681917 2683025 2685772 2692708 2695950 2702915 2704338 2706332 2707624 2711675 2712949 2718700 2725350 2726467 2728704 2729716 2732077 2735266 2736355 2737969 2739248 2742185 2744510 2752673 2755018 2758171 2761648 2763493 2767624 2770506 2771478 2774615 2777012 2777835 2787452 2789042 2791998 2793253 2796100 2804984 2806604 2810086 2812138 2814336 2818824 2823002 2825791 2828564 2829712 2835879 2837117 2840465 2844367 2845470 2850428 2854356 2855629 2856331 2858285 2860404 2861480 2870193 2871141 2877295 2881913 2882991 2885202 2886540 2888345 2889605 2895098 2898174 2907378 2908110 2909596 2910660 2912691 2916250 2918334 2921359 2923523 2925719 2930966 2936419 2938387 2939530 2940221 2941015 2942401 2946480 2947829 2949334 2954809 2957127 2958663 2961210 2965714 2972726 2975130 2981342 2982639 2988044 2991950 2996997 3000865 3002512 3008374 3011744 3012896 3014162 3018361 3021855 3025434 3027157 3030269 3032044 3034086 3036577 3038993 3041076 3041713 3044237 3045660 3048152 3051006 3054027 3056503 3059461 3060659 3062945 3064058 3069965 3071116 3072417 3075140 3076471 3077611 3079285 3080523 3081282 3083856 3087420 3092110 3093117 3095592 3096756 3098720 3102788 3103833 3106654 3117059 3121400 3122955 3124042 3126831 3128133 3136326 3137504 3138357 3139588 3140641 3143940 3145587 3148658 3150089 3151771 3155433 3161277 3165400 3166139 3168728 3170546 3171410 3174041 3174857 3177778 3180056 3181558 3186512 3187024 3193922 3195870 3198344 3200771 3202099 3204161 3205320 3207033 3209625 3211457 3212400 3218588 3219843 3221870 3223770 3225848 3227866 3229051 3231323 3232346 3233450 3234444 3235963 3241065 3243012 3244100 3251534 3254089 3258144 3260192 3266451 3269453 3270677 3272481 3276997 3280557 3286015 3287186 3288028 3296305 3297548 3298939 3302324 3309029 3314539 3315571 3316441 3318928 3322981 3324596 3326118 3333088 3334622 3335856 3337316 3339356 3341472 3343369 3344034 3344736 3348269 3352645 3353612 3355345 3356458 3359647 3360682 3366018 3367575 3369533 3371405 3373220 3375104 3375807 3384461 3387722 3393706 3397246 3401360 3403844 3405055 3409418 3411987 3418515 3420858 3422375 3423786 3425351 3427755 3429119 3430086 3435547 3437211 3439281 3440609 3443271 3445013 3446312 3448612 3450463 3453642 3454528 3457198 3460098 3463467 3464820 3467303 3468383 3469087 3472711 3477293 3482173 3485039 3486610 3491400 3492728 3496947 3498387 3499560 3503826 3511592 3513823 3515430 3518197 3519691 3521159 3522077 3523379 3529610 3533173 3539203 3544942 3546497 3548501 3553914 3555219 3559473 3570906 3571643 3574155 3575510 3578988 3582111 3583945 3585188 3587331 3587874 3589164 3590702 3594761 3595369 3599361 3602377 3605139 3609583 3610666 3612650 3617185 3619389 3621303 3625414 3626566 3629933 3632863 3634599 3635298 3639488 3641594 3642913 3643955 3646746 3651575 3652941 3655075 3656186 3660752 3661741 3662850 3670753 3672717 3676159 3677775 3678934 3680636 3683299 3688134 3695604 3697476 3698621 3702429 3704871 3705837 3713229 3714062 3718922 3719608 3721590 3726244 3733374 3736385 3742790 3744049 3747245 3748271 3750255 3752037 3753287 3754880 3757691 3759045 3759750 3761390 3764386 3765328 3766543 3767837 3768908 3769877 3770827 3772357 3776031 3777291 3779114 3783659 3786217 3788026 3791428 3792877 3794833 3797230 3799365 3800752 3802394 3804864 3806083 3807053 3809491 3810577 3813096 3815698 3818635 3820084 3821243 3823489 3825081 3825861 3835037 3837888 3845803 3846958 3850550 3852035 3853791 3862347 3867033 3870974 3872207 3873441 3876306 3877507 3879963 3881829 3884216 3893559 3896232 3897179 3898391 3900607 3902529 3904223 3906510 3908009 3910665 3911682 3913480 3915551 3920300 3922268 3923563 3928223 3929524 3931638 3932815 3938979 3942002 3946590 3949285 3951997 3953444 3956230 3958724 3960669 3961765 3963219 3966333 3967476 3968862 3972818 3973443 3975752 3979747 3980774 3986506 3987670 3988896 3991647 3994782 4001098 4002727 4004892 4007894 4009576 4010873 4011844 4013824 4015453 4019049 4021170 4027030 4036680 4039638 4041378 4045367 4056664 4061705 4067175 4068384 4069905 4076461 4083740 4086065 4088126 4088912 4094231 4097380 4100075 4101980 4102557 4106254 4109571 4114427 4116659 4120779 4121701 4134019 4135150 4139425 4140037 4144226 4148026 4150276 4151953 4154049 4155960 4158399 4160707 4162611 4164431 4165697 4166537 4170005 4171614 4174152 4175215 4179821 4183482 4187266 4188876 4193144 4195899 4198700 4201479 4203956 4205487 4206662 4211876 4214693 4216893 4219391 4220341 4224015 4226305 4227702 4230263 4232844 4241257 4242934 4243742 4245449 4246369 4247810 4251353 4256933 4267786 4270626 4273259 4278885 4281796 4282907 4285090 4294644 4296870 4298083 4301872 4303121 4304468 4305823 4308696 4310044 4311699 4313517 4316747 4319140 4320592 4321606 4322391 4327554 4329291 4332261 4333756 4335641 4336462 4337145 4340589 4341724 4344192 4346474 4352390 4354148 4355589 4356754 4358015 4360425 4363860 4365976 4370467 4372146 4373590 4375018 4375956 4378975 4387093 4388075 4389261 4390400 4392520 4395565 4401453 4403181 4404051 4408032 4410385 4411432 4414242 4419826 4422978 4424760 4427816 4428808 4430143 4432819 4433659 4435123 4436675 4438673 4442245 4443827 4445946 4456861 4459278 4462081 4462892 4465088 4465910 4469193 4471309 4477184 4478576 4482528 4484007 4486750 4490563 4493734 4495949 4497299 4498760 4500275 4502456 4504459 4506711 4519344 4521781 4523408 4529662 4535086 4540730 4543435 4545275 4546565 4548787 4550398 4558334 4565391 4568352 4569447 4571563 4574610 4580348 4584227 4585807 4588090 4591113 4592745 4593721 4597268 4598167 4599918 4602759 4604695 4607521 4609916 4612196 4613142 4618224 4620681 4627068 4632183 4637260 4640841 4641382 4643223 4645304 4648935 4650119 4655440 4656901 4660605 4661824 4663377 4665762 4668367 4669327 4670930 4672612 4673825 4675295 4677701 4679746 4682125 4686461 4690691 4693145 4694212 4696526 4700492 4701803 4702617 4704367 4706646 4709095 4710485 4713246 4714187 4716180 4718528 4721218 4722088 4723569 4725019 4727892 4731908 4737034 4738267 4740080 4741700 4742864 4744140 4745598 4746217 4747572 4750494 4751941 4754555 4758912 4762590 4771649 4772912 4774797 4775841 4776870 4777526 4779225 4786068 4789259 4790749 4792759 4794078 4798321 4800882 4802596 4803252 4807104 4808173 4810688 4811590 4812790 4815669 4817117 4823517 4825161 4832138 4838214 4839779 4843474 4850477 4859117 4864098 4870993 4876675 4879346 4883929 4885672 4889303 4890834 4892757 4894569 4896070 4899076 4903705 4910305 4913691 4915186 4923532 4924661 4927826 4930096 4934167 4938059 4942613 4943569 4948991 4954078 4955194 4958191 4958992 4960295 4963359 4964032 4969964 4971200 4973634 4975522 4976445 4979126 4981730 4984898 4986773 4987782 4993823 5000384 5002115 5003059 5005206 5011636 5017565 5021951 5025880 5028359 5031300 5033492 5035568 5037493 5040281 5041930 5045357 5046630 5048240 5049003 5051518 5054960 5056772 5059449 5060362 5062293 5064144 5065275 5066459 5067593 5071553 5072638 5076655 5078452 5079354 5081023 5085431 5086882 5091885 5094136 5097508 5098548 5100044 5101449 5104107 5107816 5109666 5110681 5117206 5118647 5123899 5125764 5131502 5136074 5138390 5140427 5142805 5146628 5152175 5155342 5157025 5158372 5160655 5165178 5166554 5168668 5174105 5175471 5176496 5178152 5179198 5180969 5186849 5189535 5193674 5198291 5201131 5206884 5215933 5217371 5220909 5221791 5223370 5224621 5228992 5230146 5232972 5234837 5239914 5242298 5244460 5249996 5251836 5256900 5262585 5266555 5268470 5270307 5272136 5273697 5277304 5291830 5298691 5302458 5304124 5306149 5308304 5310291 5313624 5314893 5316870 5318270 5325624 5327492 5334265 5336166 5338942 5343794 5346865 5361493 5362584 5364182 5366497 5375216 5381738 5383573 5389997 5392549 5393459 5397829 5398869 5404334 5405135 5413763 5415075 5416094 5416775 5423498 5427613 5428846 5431234 5435189 5436398 5438147 5439075 5444277 5448660 5453234 5454385 5455533 5460594 5464272 5466071 5468729 5472086 5473014 5475038 5476092 5477728 5479611 5483094 5484932 5487195 5489131 5492169 5495197 5496471 5502493 5504109 5506840 5509755 5510754 5511986 5512779 5513725 5516042 5520436 5521802 5523773 5526501 5527753 5532415 5533386 5539546 5540801 5542692 5544064 5545146 5552711 5556479 5558190 5560576 5565168 5566215 5567843 5574565 5575855 5577513 5588075 5591679 5593642 5594824 5595788 5597707 5599173 5600577 5603028 5605784 5606800 5608762 5610294 5611564 5617740 5620191 5621635 5624612 5629805 5635412 5637145 5642382 5645500 5646729 5648141 5650102 5652394 5655106 5659894 5664257 5676479 5679841 5686661 5689885 5693577 5695100 5696465 5702704 5703540 5704645 5705597 5707623 5711031 5712545 5715351 5718178 5720291 5722559 5725191 5733941 5738591 5740166 5742239 5744379 5747255 5748620 5752090 5753690 5756346 5758936 5760412 5766233 5770035 5771545 5776062 5777671 5783605 5784424 5786553 5790038 5791823 5797651 5801046 5802518 5804063 5807030 5812958 5814202 5816009 5818231 5819510 5820280 5820878 5826259 5827858 5829175 5830560 5833843 5834991 5845103 5848086 5852944 5855301 5856712 5857495 5858648 5862172 5863056 5867562 5868578 5872959 5877631 5878554 5881112 5885305 5889054 5889716 5893565 5897787 5898827 5900588 5901779 5903962 5904933 5910196 5913245 5915004 5919299 5926375 5927869 5929829 5933366 5939811 5940659 5941481 5943298 5944092 5946116 5948450 5950601 5951870 5967897 5970098 5971216 5974125 5977156 5978364 5979705 5984832 5992216 5996695 6000860 6005269 6012120 6013546 6014641 6018811 6019623 6022101 6023177 6024151 6027266 6032867 6034673 6037670 6039276 6041651 6044580 6046424 6049708 6051331 6052586 6056229 6057452 6058395 6069000 6072537 6073914 6075192 6076549 6079393 6081214 6086199 6088822 6090069 6092842 6094434 6096419 6102379 6105497 6108504 6109755 6112283 6116474 6117274 6120612 6124898 6126204 6127343 6129223 6135246 6137393 6138121 6141076 6142068 6145159 6145990 6148231 6151180 6153126 6153730 6155410 6157413 6160802 6163637 6164950 6168035 6171070 6172518 6177652 6180077 6181935 6191159 6192144 6195584 6196838 6199744 6202240 6204745 6207722 6210144 6215856 6217450 6218819 6220662 6221628 6223826 6226016 6227417 6230779 6233721 6238011 6241712 6242881 6243850 6244750 6246277 6249527 6251849 6254414 6256569 6259449 6260503 6267715 6276480 6277385 6279442 6283698 6289180 6291780 6294074 6295439 6297916 6304110 6305181 6307679 6309220 6314641 6317244 6321493 6323939 6327432 6332752 6338144 6341931 6344705 6345682 6346668 6350430 6351380 6363120 6366886 6369555 6374201 6374772 6378502 6380999 6383931 6386937 6390084 6394144 6396765 6402232 6406259 6407831 6410065 6416787 6418050 6422183 6422742 6425642 6427236 6428701 6429907 6431296 6435816 6437886 6441419 6443107 6444232 6445155 6446448 6447410 6451941 6455804 6457937 6460367 6466269 6468202 6471200 6473709 6474832 6476170 6477139 6481672 6488475 6491155 6493638 6498460 6500170 6501168 6504284 6505883 6506936 6508472 6512154 6516601 6520258 6523142 6526323 6527430 6528525 6530155 6531946 6536407 6538298 6539362 6542134 6543580 6544638 6549251 6552368 6555636 6561011 6564129 6570010 6577300 6580037 6581940 6583389 6585883 6587387 6589243 6590301 6596302 6599272 6600199 6603073 6604624 6609196 6612893 6613988 6616698 6617828 6619399 6622539 6623403 6627740 6630809 6633935 6637479 6643633 6644323 6648220 6649609 6650620 6652390 6653732 6657693 6661332 6663016 6669599 6673936 6675524 6676468 6677782 6681813 6684078 6685079 6686231 6688133 6689820 6690896 6693760 6694850 6696218 6699068 6702149 6704182 6704935 6705924 6707441 6708674 6714904 6719289 6720107 6722895 6723810 6725137 6727949 6729787 6731755 6732899 6737797 6742865 6745446 6752107 6753502 6754706 6755509 6759917 6760929 6761877 6763009 6770013 6775994 6781363 6783099 6784422 6786055 6788577 6794869 6800435 6801727 6802536 6803769 6804673 6805776 6806576 6807886 6814624 6815420 6819683 6822271 6824507 6827109 6831938 6833124 6833933 6835022 6838439 6846889 6851465 6853077 6855885 6860216 6862157 6869841 6871788 6873885 6876380 6877998 6884785 6887712 6888883 6892317 6899550 6902352 6903124 6905266 6909876 6910790 6911992 6914293 6915530 6918808 6920480 6921624 6924854 6925483 6927525 6929674 6930579 6931764 6934100 6940580 6942936 6944540 6946424 6950898 6955444 6957050 6958945 6959945 6961090 6962144 6964636 6967594 6969993 6971621 6974359 6975754 6977303 6980503 6981803 6982991 6986547 6987512 6989076 6995328 6996147 6998582 6999355 7003944 7008897 7023841 7030108 7032110 7033389 7038796 7041169 7042696 7045355 7048344 7051291 7052309 7053782 7055912 7059096 7061354 7066683 7072551 7073791 7087157 7088641 7090334 7095794 7100952 7106058 7111343 7111999 7114332 7116864 7119214 7123119 7125982 7129078 7131391 7133457 7136677 7141177 7142445 7143140 7146094 7150011 7151884 7152712 7156010 7160358 7161816 7163112 7164814 7167137 7171528 7173445 7180612 7182240 7184287 7187397 7189824 7191417 7196055 7198761 7204295 7206815 7208222 7208822 7210796 7214525 7215362 7217713 7218820 7222374 7224952 7226254 7230625 7231749 7234565 7238098 7238962 7241608 7242620 7245043 7245722 7249575 7250344 7253480 7254324 7263589 7266272 7267887 7269056 7272446 7273803 7276109 7278827 7280547 7283207 7286536 7288028 7292949 7294684 7297122 7300079 7301116 7307822 7310723 7312018 7313342 7316368 7318973 7319707 7321277 7325462 7327261 7333085 7333941 7335687 7340044 7341878 7346215 7347280 7348078 7349944 7350430 7358645 7359873 7365090 7366458 7372624 7375301 7377674 7379716 7381784 7385924 7386835 7394240 7395135 7396760 7397766 7399444 7400408 7401730 7403095 7405605 7408053 7410387 7413659 7417376 7422859 7425502 7427741 7429644 7431597 7439055 7440858 7444084 7445866 7447445 7450226 7451783 7453619 7456224 7460342 7464448 7468350 7472736 7474373 7477019 7483474 7486145 7488121 7492150 7493419 7495022 7497947 7500444 7502365 7503404 7504204 7506698 7511209 7515984 7518131 7519036 7523466 7526580 7527692 7529064 7530880 7531943 7532875 7534441 7535907 7537139 7540515 7541877 7542642 7543613 7547031 7550804 7554667 7557158 7558193 7559371 7561209 7563050 7564345 7569859 7571868 7573628 7575474 7576805 7579939 7581430 7583968 7586682 7588238 7589329 7590665 7593213 7595216 7596768 7597864 7600455 7605181 7608008 7610056 7613622 7614880 7617200 7618321 7621609 7624624 7629254 7632667 7643088 7644867 7646027 7651198 7659013 7661747 7664586 7665884 7670310 7672858 7681182 7683904 7687577 7690032 7693985 7696721 7700837 7701838 7703063 7705303 7706985 7711911 7713559 7715366 7717415 7722362 7728980 7732466 7735075 7737875 7744344 7749151 7750600 7752374 7756021 7757829 7762538 7763422 7764209 7765866 7769905 7771086 7774689 7778414 7780489 7783135 7783916 7785707 7797888 7799916 7801423 7802209 7804663 7807434 7811915 7813353 7814829 7815922 7817482 7818960 7820439 7822246 7823014 7824521 7825716 7827352 7829344 7830473 7831919 7833601 7836444 7837836 7845332 7846592 7847399 7849463 7854367 7855719 7861703 7865949 7866864 7871247 7876323 7880059 7885313 7890123 7893727 7896149 7898283 7899672 7901739 7905344 7909209 7912910 7919312 7924503 7926953 7932296 7934046 7938142 7939779 7942982 7949019 7954132 7955068 7960280 7963109 7964185 7965963 7966870 7967731 7971619 7972357 7974136 7979818 7982806 7987381 7989011 7990915 7992255 7994058 7995627 8002961 8005360 8007138 8009869 8013539 8015645 8017711 8023197 8027648 8035305 8039938 8042807 8044182 8045221 8046383 8052034 8053220 8054997 8055947 8058143 8059931 8065478 8069695 8072654 8073383 8074011 8078180 8079681 8081501 8082477 8084554 8090488 8093524 8094903 8095778 8098390 8100890 8101959 8106118 8107505 8108522 8109531 8110870 8114914 8117290 8119601 8120484 8123989 8125655 8128741 8137486 8140032 8141898 8142868 8149067 8154043 8158003 8158728 8160393 8162437 8166121 8169077 8171198 8173065 8174443 8180065 8182059 8184628 8189193 8191413 8192384 8194833 8195876 8198205 8203262 8205646 8210626 8212363 8214957 8216940 8221909 8223381 8224670 8225740 8227745 8233174 8238141 8241200 8242815 8246156 8248302 8252067 8253051 8254594 8258409 8260096 8261198 8264348 8265865 8267381 8269227 8271311 8272717 8278876 8280109 8280946 8283541 8287548 8289994 8292833 8293746 8294461 8297218 8301083 8302330 8302903 8305406 8308648 8315138 8318911 8326351 8331974 8334105 8335129 8339143 8341946 8344409 8345412 8351151 8354066 8357090 8359283 8360717 8363538 8368322 8370322 8371451 8372533 8375617 8377786 8381157 8386222 8390875 8397206 8398746 8400894 8402924 8405244 8407344 8410471 8414448 8416557 8422960 8424004 8426119 8427040 8432099 8437353 8439436 8444643 8446005 8447793 8449469 8450673 8454065 8455303 8460509 8461897 8463484 8464457 8466445 8473047 8474203 8476828 8479020 8480944 8484129 8487499 8489213 8491800 8494141 8495017 8497549 8500583 8502546 8506514 8508882 8513297 8517511 8519001 8525978 8530629 8533945 8535174 8536560 8539982 8543798 8544587 8548546 8555112 8563941 8566413 8567217 8568128 8570694 8573792 8576204 8579640 8581362 8582057 8583426 8586455 8589300 8592094 8594514 8596574 8598075 8601295 8603344 8607716 8611964 8614640 8620111 8623338 8628029 8629972 8631494 8632738 8634985 8637763 8639452 8640588 8641452 8646189 8652404 8653711 8654739 8658331 8660297 8661694 8662739 8667428 8669633 8670978 8676587 8678443 8682450 8683548 8687084 8690619 8693337 8700720 8703853 8705508 8706921 8710636 8716417 8719192 8721059 8723199 8725870 8726670 8729425 8730388 8732563 8737179 8739103 8742114 8747261 8753103 8755570 8758920 8761486 8765616 8767928 8770071 8771287 8773076 8778045 8783393 8784230 8785229 8788574 8790275 8792610 8794978 8798538 8804159 8806956 8809255 8815182 8817014 8818418 8824942 8827230 8828199 8830329 8831418 8834405 8836221 8839996 8843762 8845806 8848550 8854113 8857448 8863513 8868389 8869208 8872294 8876950 8878245 8880569 8884479 8886089 8887230 8891414 8894326 8895931 8897688 8902208 8904071 8905160 8908325 8911647 8914338 8915380 8923545 8925846 8928208 8930832 8931843 8934172 8941401 8942802 8943997 8945768 8947499 8950934 8951775 8954226 8955337 8956563 8960187 8964291 8965195 8965863 8968143 8969539 8973211 8974342 8975546 8977345 8978586 8980801 8982020 8982808 8984002 8988158 8990472 8993515 8996618 8997384 9000102 9005898 9006547 9011123 9012024 9014004 9015336 9018315 9020050 9020982 9023091 9025381 9027629 9029908 9031665 9033829 9037244 9043340 9044213 9046512 9048950 9053383 9054944 9060079 9060994 9066621 9067859 9070016 9071140 9072482 9074305 9075477 9080016 9081036 9081598 9082926 9085011 9087095 9096826 9101547 9102184 9105099 9106692 9107990 9112881 9114859 9118060 9120545 9121450 9123489 9127924 9134572 9135520 9137409 9138838 9140984 9147801 9150223 9152575 9154205 9155970 9157094 9159795 9161597 9163645 9170890 9173319 9177807 9179360 9180277 9183361 9185615 9190886 9192496 9194805 9198007 9200072 9202592 9203988 9204741 9206974 9211219 9212815 9214375 9216406 9220175 9221284 9226599 9234024 9236183 9237214 9239859 9241534 9242534 9244954 9247545 9254931 9256600 9257671 9260768 9262619 9263630 9265412 9266598 9269454 9271806 9274479 9277771 9280901 9290348 9293102 9300540 9301745 9313959 9317705 9322925 9326176 9327259 9334256 9335639 9339278 9342493 9344482 9345835 9348243 9349433 9350761 9351595 9352537 9355062 9358789 9363106 9369892 9374133 9375996 9377038 9378712 9380502 9385079 9388257 9389422 9390255 9393359 9397369 9399141 9405263 9406384 9408262 9410834 9412126 9413685 9416048 9422898 9425803 9426780 9428706 9431031 9431994 9434914 9437316 9444546 9447075 9448718 9450001 9454355 9457402 9460549 9464235 9465803 9469968 9472133 9473876 9476315 9477272 9479569 9480671 9487498 9491215 9494523 9496273 9498247 9509658 9511174 9513807 9518084 9521781 9525110 9526333 9527599 9535143 9536158 9539019 9542106 9545013 9546759 9550207 9557096 9559710 9568306 9569550 9582040 9586291 9588009 9589129 9590402 9593165 9597313 9599977 9600398 9602015 9604544 9607367 9608749 9610727 9612484 9614450 9616549 9621198 9623039 9627711 9632982 9637681 9639616 9641159 9647419 9648471 9649483 9652376 9654500 9655661 9656488 9657585 9658873 9659909 9662452 9663924 9665486 9666499 9667864 9670888 9671797 9673962 9675548 9678581 9680989 9683614 9684761 9685748 9693122 9694018 9697176 9704880 9706194 9707754 9708839 9710544 9712857 9717912 9718995 9721140 9722236 9727716 9730292 9733586 9735775 9738950 9741407 9742038 9743454 9748357 9749318 9751101 9756245 9758148 9762471 9767149 9768242 9769344 9771553 9772997 9777229 9779558 9780924 9781866 9785372 9788353 9794000 9797601 9802785 9805068 9806418 9811037 9812384 9818661 9823932 9825066 9829047 9832902 9837415 9838401 9840301 9841737 9844431 9846362 9847880 9855842 9858252 9862638 9864237 9866090 9867675 9872410 9874970 9878561 9880733 9885384 9886410 9888487 9889342 9890740 9893069 9896630 9898416 9900076 9902544 9904901 9908027 9910525 9912213 9914249 9916048 9916820 9919269 9922251 9928274 9929501 9932914 9938623 9942795 9943935 9949560 9950962 9953440 9957781 9960708 9963715 9965891 9967776 9971188 9977183 9980433 9981327 9992056 9995256 9996689 
</Matrix>
<Matrix name="Neuron_424" type="complete" rows="1" columns="836" multiplier="1.0">
   25166 75817 86724 89033 126040 127432 154635 160568 203640 206024 211924 224988 243776 245073 247214 250881 252253 301425 341953 366305 368661 377657 379984 382655 389506 408943 418425 430014 439394 452251 459410 467731 469177 478833 487514 511238 513567 543934 554569 560712 582933 585130 588188 591296 604975 622926 624460 665297 669729 694015 697176 702488 714923 733315 745930 753037 761661 763242 764990 774234 777625 778800 791450 835693 843181 849354 882048 897172 929618 933334 960612 973359 983502 995105 998053 1001211 1025348 1041524 1050472 1052569 1056720 1064678 1065910 1097863 1116124 1133821 1140246 1144322 1147656 1161796 1192796 1201945 1204744 1214067 1216754 1228949 1237300 1239073 1240245 1247879 1270306 1283301 1284045 1288243 1304374 1309395 1311585 1334780 1340764 1343567 1349048 1370848 1394609 1397259 1400012 1409739 1413170 1414824 1447388 1459120 1479681 1523107 1540028 1541778 1549585 1557081 1560052 1572832 1594885 1599663 1605743 1613627 1631768 1633797 1647693 1651926 1653462 1658187 1668336 1685583 1697052 1709283 1711060 1715326 1723621 1758894 1765828 1769967 1779368 1800146 1805110 1806477 1810904 1831238 1856976 1865139 1887205 1894633 1917496 1922316 1941595 1954580 1977383 1981063 1988208 1999155 2007451 2027945 2041780 2047036 2061033 2066745 2083023 2086220 2110456 2123346 2126123 2127636 2143179 2164024 2165228 2174203 2184931 2190810 2197847 2205332 2216735 2242788 2281440 2313087 2317016 2320336 2326026 2351756 2355411 2382335 2391253 2400141 2422867 2445283 2471219 2506980 2521351 2529263 2532950 2537641 2545204 2556028 2574385 2579122 2583369 2595762 2620432 2625139 2638046 2644403 2648250 2657467 2668743 2670455 2688801 2699320 2707754 2709380 2711267 2714763 2723412 2741807 2755542 2777813 2787899 2823726 2825794 2827021 2834246 2839398 2860915 2885368 2893678 2895736 2935224 2940436 2945950 2947605 2966811 2968399 2973672 2976333 2997911 3007153 3010729 3017004 3021667 3022787 3034080 3041997 3057565 3067781 3068691 3071171 3080254 3082168 3090524 3123057 3137684 3140830 3157308 3177471 3192461 3207911 3232518 3233580 3241248 3267825 3296617 3324642 3354907 3370963 3376211 3405323 3426915 3447524 3454791 3457131 3488956 3506488 3520747 3533075 3546192 3557357 3558759 3574553 3591354 3628370 3634203 3646488 3652509 3654039 3690497 3712564 3719918 3723933 3741602 3745515 3747194 3767471 3803235 3807199 3810097 3818622 3821358 3835067 3855020 3859790 3868672 3872897 3888923 3899885 3933407 3937911 3963088 3983828 3992472 4002681 4037726 4046713 4078359 4087053 4098774 4116974 4128915 4133284 4138468 4149483 4160840 4177334 4182635 4206377 4239540 4241201 4245646 4249626 4258970 4267333 4275246 4293716 4316241 4318054 4328437 4333979 4358395 4373682 4381598 4390454 4395730 4397047 4401218 4404510 4415594 4421192 4435253 4443874 4456949 4462711 4467266 4469460 4486829 4492637 4503016 4515754 4518053 4519613 4528407 4543373 4554858 4563323 4569958 4574666 4595534 4604486 4617872 4624119 4629924 4649758 4659759 4672617 4679766 4698899 4701506 4761745 4777517 4781825 4784339 4785388 4793476 4800258 4806285 4808639 4837219 4839738 4879779 4886796 4903266 4915581 4930468 4935595 4953530 4977311 4997197 5002154 5005238 5007378 5016309 5022608 5032935 5037204 5056985 5062857 5072954 5075555 5078646 5091284 5099940 5109386 5129104 5140518 5142931 5158117 5162558 5179600 5188463 5227795 5230525 5231554 5241169 5244888 5260133 5273156 5294313 5302524 5330734 5375718 5385024 5402269 5413450 5415836 5426124 5448900 5459162 5465540 5499041 5504715 5523446 5539418 5548756 5550137 5571183 5578674 5584851 5589222 5600111 5606232 5607715 5623690 5629111 5640057 5641756 5665843 5669557 5674851 5680694 5713552 5722592 5745005 5751937 5754069 5765778 5780558 5796304 5807567 5862798 5864848 5866558 5868289 5874941 5875743 5904941 5908087 5916815 5923083 5943313 5953296 5971221 5991945 6003455 6032828 6049455 6052317 6061167 6120876 6125256 6126966 6132282 6142420 6157722 6177756 6183497 6211677 6220187 6222805 6226632 6243355 6249789 6278994 6280655 6286465 6296439 6298488 6306740 6328008 6334535 6346275 6359421 6373679 6384772 6389994 6393018 6439452 6444065 6446235 6456485 6461455 6465004 6473516 6480089 6494792 6531526 6534140 6538288 6547956 6555089 6570144 6575610 6578064 6581109 6590360 6595034 6601686 6619985 6626928 6629904 6671938 6700512 6726443 6733261 6739913 6745211 6749327 6761951 6764784 6771631 6786792 6793197 6810662 6813072 6824764 6836535 6848853 6862329 6873854 6877077 6878399 6881751 6891639 6893757 6909292 6912275 6917277 6931682 6948119 6953125 6972682 6980518 6988513 6997976 7013135 7040229 7045836 7062523 7082443 7099551 7103927 7116839 7140907 7158526 7211729 7223114 7252204 7265992 7267864 7269467 7275228 7281288 7306789 7320440 7349889 7362138 7372677 7381749 7384327 7396448 7405792 7433975 7438604 7440952 7443949 7446183 7452982 7456201 7461353 7473406 7514330 7520463 7564456 7575665 7578570 7581807 7592147 7605410 7621419 7622603 7623474 7635816 7642270 7650651 7652499 7658543 7682909 7710956 7717828 7726487 7727549 7754823 7766936 7780056 7786161 7788056 7802480 7811087 7821561 7830630 7842429 7847409 7848971 7860047 7879779 7888791 7895006 7895998 7908766 7914114 7926724 7959817 7966849 7999779 8030217 8038728 8040671 8045333 8047163 8051758 8063535 8088719 8114346 8120344 8124499 8141153 8143534 8145924 8159639 8171753 8174195 8183296 8187475 8228789 8241007 8244849 8253076 8254452 8271826 8295124 8325757 8334551 8344288 8371096 8384717 8387171 8419544 8424209 8439330 8442144 8450059 8466406 8470588 8480473 8501243 8502698 8513871 8523514 8556507 8562167 8573866 8586454 8605234 8619139 8626851 8640690 8644157 8649865 8655035 8661534 8663825 8706260 8708450 8770964 8811657 8815443 8829635 8837158 8846975 8849977 8851217 8853028 8854880 8860961 8867027 8884931 8889986 8894927 8901017 8904213 8907576 8928701 8954644 8964688 8972186 8986104 8988732 8996733 9013684 9018798 9031734 9034266 9042628 9056996 9062188 9066862 9087470 9093218 9102034 9110628 9131331 9138745 9143289 9171990 9195590 9208303 9212316 9216539 9222101 9247363 9252806 9257381 9299519 9302933 9323118 9331674 9340561 9346636 9353371 9366885 9381060 9383708 9390766 9394885 9401566 9404982 9406366 9407383 9413513 9415676 9426362 9427767 9432500 9433954 9451714 9459114 9480409 9514992 9520581 9528688 9544044 9549167 9558036 9618202 9631003 9641380 9642590 9666750 9671898 9683682 9689524 9705834 9708945 9716062 9727834 9734606 9735910 9748008 9766129 9771706 9775291 9785939 9796991 9837316 9847674 9851876 9899173 9914206 9925842 9936436 9941947 9963852 9965401 9988471 9990398 
</Matrix>
<Matrix name="Neuron_431" type="complete" rows="1" columns="1361" multiplier="1.0">
   1158 8922 16654 19991 28885 35668 46706 49026 58107 63268 64504 73360 75017 87298 93328 102116 114888 122172 129421 130984 134143 142516 148571 151506 156619 159577 178009 180980 193997 201404 206232 246645 249409 253362 255487 264396 273014 276078 287751 290341 298200 302881 309751 312404 317994 322452 334617 338561 348404 359459 364619 370610 376047 388669 390566 394332 397426 405481 410521 411435 413430 423236 441393 444949 448902 458672 461101 471155 482945 492334 500130 509893 516745 522033 529327 531658 538268 549697 551871 572197 587644 597345 599840 607929 615918 620680 623378 626398 630683 638248 641260 651160 655399 658583 661084 663151 672762 674718 687059 690311 698041 702803 705979 720242 736926 739609 742863 746208 748511 761934 764805 772657 788763 800511 814538 815995 828050 831301 835968 859812 871269 876874 887748 889626 894588 897788 901006 921744 933352 936495 940185 946858 956690 967657 978155 979801 987370 996793 999909 1000991 1003082 1006058 1019988 1021410 1024256 1025939 1050754 1052297 1069126 1073787 1082665 1098532 1099703 1105014 1115670 1125261 1126949 1141170 1144055 1152482 1161492 1163499 1167465 1177820 1180368 1181811 1183815 1186838 1191931 1193152 1200449 1212945 1215370 1224282 1225349 1226410 1233595 1239221 1248047 1265445 1270641 1277690 1285253 1288132 1317024 1319536 1324995 1327940 1331450 1334375 1346197 1367760 1372593 1377032 1379621 1393193 1401762 1404205 1412429 1415122 1420802 1431536 1435802 1459186 1476537 1478431 1491260 1498771 1502398 1517217 1523263 1527331 1528520 1530341 1546032 1547460 1552676 1558019 1558944 1560845 1566717 1569453 1571696 1573128 1578441 1583307 1587671 1591307 1592287 1594150 1596046 1597745 1599094 1600800 1611457 1622925 1631801 1638246 1643357 1644903 1646606 1668997 1671647 1675188 1683926 1688820 1695746 1698092 1705262 1730556 1752479 1769205 1779952 1782594 1801452 1823611 1833442 1848445 1853119 1859307 1870151 1874838 1891443 1903784 1911213 1928404 1930420 1932822 1937612 1946170 1955596 1958197 1979036 1983671 1988073 1989272 1993029 1996335 2017658 2032251 2044491 2047087 2057982 2058870 2063273 2070041 2079373 2084998 2088586 2092359 2096498 2101865 2107576 2125564 2129086 2135561 2139709 2142847 2155503 2162169 2165775 2167369 2180538 2182297 2183566 2202573 2203340 2205079 2205976 2207731 2213145 2214702 2216068 2220337 2226106 2230405 2240810 2242201 2266892 2273350 2276813 2288891 2291311 2292767 2295796 2305605 2309965 2314999 2333186 2335415 2343620 2347600 2351257 2354793 2368401 2373348 2377281 2378814 2386595 2394129 2395290 2398453 2414730 2420943 2425292 2444755 2460746 2467134 2472862 2476234 2478177 2484270 2490087 2493137 2502897 2516443 2522679 2532665 2541623 2550211 2558786 2561083 2563125 2574590 2585801 2600258 2608566 2623325 2624703 2627964 2629478 2634534 2650847 2652942 2660190 2662911 2666657 2673172 2679445 2690616 2701883 2706603 2707613 2709780 2720825 2735074 2748158 2754190 2757289 2767077 2769595 2774051 2778974 2794558 2797178 2799690 2801820 2804641 2806133 2821821 2824864 2827581 2829802 2835684 2838060 2871857 2879282 2881266 2885599 2891710 2894493 2901156 2907052 2909995 2911044 2938406 2944978 2954689 2962406 2972593 2976267 2977787 2982854 3004417 3016017 3032387 3038541 3043520 3054148 3074788 3097836 3103229 3106765 3112050 3116627 3123682 3125983 3127175 3147667 3149425 3154724 3170897 3172710 3186533 3187436 3193836 3198389 3203155 3214174 3220131 3222303 3227032 3229960 3234085 3240289 3247045 3249976 3252029 3253262 3254456 3255197 3261737 3270006 3276026 3278736 3281724 3287709 3294474 3296909 3301700 3306024 3307136 3316882 3327663 3344748 3352519 3359250 3383417 3398796 3400435 3410128 3411319 3426875 3434048 3444563 3457392 3458461 3467957 3478156 3482955 3498067 3506530 3512602 3532917 3535516 3539764 3541494 3543136 3548991 3556857 3570582 3577129 3588963 3590750 3603630 3607913 3619888 3621535 3626469 3631274 3642829 3665426 3675602 3677614 3689493 3692383 3741638 3743765 3746056 3750492 3753479 3760872 3769596 3775935 3778097 3789708 3794993 3807833 3814414 3819897 3826032 3850409 3857350 3866914 3869110 3872719 3887127 3898677 3902071 3903027 3906341 3911450 3914170 3919441 3928099 3938854 3943263 3953158 3956526 3957894 3971860 3979904 3982059 4002109 4005117 4006915 4016305 4023142 4023972 4026127 4040220 4051117 4056773 4058226 4060729 4062437 4068925 4078924 4079866 4086680 4089746 4094084 4102822 4104796 4114028 4117818 4128529 4136247 4136987 4174172 4183741 4196656 4200983 4207204 4216475 4230707 4242602 4249107 4255745 4257714 4259204 4272590 4278766 4284091 4290980 4304861 4314208 4316738 4333020 4335628 4337401 4343778 4346904 4350832 4354144 4357331 4360010 4361657 4370116 4375041 4376373 4382315 4389357 4416531 4423278 4430137 4432568 4439173 4441795 4448249 4449395 4461680 4464412 4466163 4477907 4480594 4489447 4494012 4505896 4517314 4525485 4555770 4557051 4559249 4569016 4580570 4589268 4600897 4608101 4615814 4637073 4647592 4652463 4656723 4668018 4682262 4689773 4692566 4701997 4705532 4712577 4716244 4719914 4728683 4735399 4755135 4759774 4763825 4775455 4783456 4790700 4793853 4803717 4807338 4820263 4823249 4832456 4836596 4841612 4843305 4849424 4850787 4853914 4863450 4869019 4893264 4912024 4914355 4916304 4934342 4935349 4950241 4961944 4979089 4999333 5002424 5006514 5022823 5030005 5041004 5044968 5046506 5054620 5058795 5066872 5069615 5079927 5082142 5084410 5088116 5089485 5098118 5109393 5123219 5124918 5127584 5133649 5136542 5145813 5156754 5180651 5194263 5199128 5200207 5205735 5209745 5213737 5214658 5223125 5232279 5233883 5242349 5243412 5244771 5255004 5267991 5269857 5275876 5279046 5293722 5296261 5303549 5308511 5313931 5323994 5324870 5330368 5331751 5338304 5345103 5347702 5360111 5366134 5369678 5380635 5399341 5405880 5412887 5415938 5416986 5420956 5426934 5428078 5432684 5449469 5454999 5463861 5465759 5471124 5476021 5491623 5515458 5527558 5528899 5533472 5566867 5581567 5584561 5589612 5595752 5611168 5622703 5632914 5642365 5650748 5657896 5667122 5676774 5679011 5682169 5687030 5688295 5691799 5697430 5702867 5713749 5715669 5726466 5729052 5730193 5731394 5735395 5736354 5745030 5751536 5753709 5761242 5770084 5775839 5777143 5797412 5801103 5805026 5808442 5819817 5844499 5849233 5851309 5853729 5859777 5871600 5874015 5882253 5891698 5902816 5906218 5908348 5921194 5923429 5928533 5936811 5951356 5953793 5955598 5985705 5988019 5992801 5996339 6002005 6009811 6021483 6033041 6036037 6040646 6042876 6053047 6054481 6071380 6073522 6082260 6085087 6102121 6104612 6106541 6108494 6111112 6116331 6136440 6140356 6147383 6148575 6152605 6166034 6176047 6179510 6181241 6183901 6189699 6193030 6195737 6197112 6202655 6209888 6225201 6242488 6245358 6255782 6263393 6273009 6282854 6286954 6290171 6294227 6297062 6319688 6330538 6346270 6364950 6366053 6375107 6379210 6383200 6390533 6396673 6400166 6405310 6410225 6416499 6425571 6440993 6449395 6451404 6452978 6478835 6480018 6488858 6490434 6508821 6519295 6525675 6535554 6540254 6541401 6555153 6562278 6573911 6577179 6607551 6610824 6631031 6649615 6669903 6670531 6671825 6673041 6674037 6678952 6680632 6687374 6690405 6700280 6715371 6716206 6717238 6721817 6729076 6739823 6747151 6755110 6764626 6777933 6779386 6798915 6826586 6837349 6853343 6857796 6870987 6880823 6897737 6903503 6911790 6923253 6942068 6947079 6949438 6955561 6968086 6975622 6998684 7000994 7002636 7007600 7014759 7016710 7018629 7026130 7029602 7031640 7043408 7047067 7053965 7060314 7064571 7067928 7070668 7076830 7086484 7090913 7097423 7113088 7118177 7142505 7155950 7162220 7164711 7169784 7174611 7185142 7201994 7206069 7212655 7214024 7225186 7229908 7242901 7248210 7251381 7255999 7267603 7274870 7287872 7293047 7302947 7304700 7316096 7322211 7327582 7336413 7341435 7346797 7349930 7353039 7356804 7370097 7376856 7385124 7390595 7397947 7410305 7420171 7425985 7432886 7437825 7451511 7454687 7455648 7469292 7472150 7482248 7489268 7496925 7512106 7516801 7523919 7526005 7530857 7547290 7550170 7554668 7567717 7597446 7627899 7637586 7639832 7645209 7664286 7667096 7669903 7675116 7678033 7682235 7689479 7694260 7695948 7711982 7725178 7733885 7741838 7745535 7751315 7754766 7762282 7776494 7782822 7790412 7791874 7810726 7823040 7831702 7837291 7846885 7851464 7854399 7866034 7884035 7888209 7894879 7899750 7907456 7917744 7921332 7936957 7961381 7968014 7977054 7984220 7991992 7995745 8005197 8006079 8010283 8012010 8017108 8020580 8024797 8028174 8029443 8032995 8040498 8043028 8046596 8047620 8050827 8056324 8057707 8065879 8070853 8076275 8094127 8097562 8109782 8111129 8118628 8121760 8124902 8132261 8143775 8148954 8158417 8169480 8173746 8175320 8182620 8184843 8196238 8207314 8222518 8229687 8235190 8243261 8251545 8255723 8261671 8265491 8268260 8273522 8286829 8288567 8294957 8300996 8327502 8358515 8366092 8379046 8392305 8396622 8406932 8411522 8422146 8437378 8450474 8455436 8459339 8466873 8470163 8472246 8483835 8486250 8492365 8495329 8497593 8502186 8503260 8506180 8510020 8517634 8525762 8527784 8529974 8534520 8539782 8545735 8550956 8560441 8577983 8581108 8590080 8593186 8594609 8596759 8608848 8611921 8614029 8628195 8644554 8655974 8666925 8668572 8687255 8693171 8697703 8700770 8709872 8715882 8722752 8730551 8732890 8743123 8747729 8750200 8761965 8764986 8766248 8768909 8775644 8777910 8782282 8787289 8790279 8791147 8799595 8807095 8808134 8827049 8832830 8841562 8848088 8860840 8865487 8876303 8877735 8881400 8883707 8890029 8904761 8916403 8923059 8931677 8952305 8975328 8977930 8980820 8989139 9008815 9019756 9025247 9027878 9038525 9041875 9043055 9044937 9051564 9059504 9068040 9069909 9078764 9085046 9087212 9092108 9103763 9116003 9117744 9130281 9156991 9160629 9168634 9170702 9173289 9192206 9196127 9198363 9201256 9204196 9207846 9209810 9235024 9250874 9256066 9259926 9266926 9272441 9275897 9278801 9281423 9291180 9300426 9310189 9314600 9325978 9330405 9333620 9338251 9339934 9371293 9379578 9385085 9391095 9395727 9402529 9424722 9426674 9427802 9441311 9444745 9462763 9484143 9520638 9522175 9533129 9536677 9555460 9556983 9569550 9581640 9591768 9606729 9619665 9627950 9632602 9636717 9639755 9644752 9655819 9658805 9659952 9661468 9664644 9673218 9685365 9688559 9693183 9699836 9704323 9706077 9712017 9713662 9719787 9725031 9738830 9745205 9749302 9751984 9762177 9763306 9765101 9778475 9786744 9793622 9794964 9815932 9821060 9826951 9829249 9830486 9832026 9833171 9838319 9850709 9855085 9864001 9867042 9868166 9874876 9879495 9880908 9883205 9884308 9896964 9898253 9913427 9916723 9917668 9922936 9927467 9943458 9944902 9946480 9948039 9957686 9961479 
</Matrix>
<Matrix name="Neuron_434" type="complete" rows="1" columns="4996" multiplier="1.0">
   2902 3774 5570 6533 7925 8766 10715 12194 13456 14686 16389 18181 21624 22652 24012 25218 27026 28593 29737 30832 32484 35834 37357 39031 39589 41060 44965 46079 48279 49084 53378 54786 56705 58119 59318 61367 64062 65724 67790 69688 71116 72589 73692 75159 77341 78404 79746 80740 83288 84277 88794 90703 91967 95329 96665 97456 100811 104458 109685 114733 115655 117991 121928 124111 124911 127830 129639 130653 132241 142157 145800 149035 149884 152925 154292 156055 157191 158091 160076 162800 169339 170763 171569 174654 176730 179548 180534 182471 184164 185625 186485 188127 192727 197730 200664 202597 203939 205705 207129 209280 211981 213424 214743 216628 217773 220722 225259 227019 228634 230531 232851 235087 236297 238525 241031 241833 242653 245249 247813 248696 251453 253638 255092 256352 258094 260789 262246 265518 266656 267729 268787 269566 272100 273581 275135 276028 277681 278604 282099 284135 285347 287343 291579 294262 295232 296289 297749 304411 305838 306569 307944 308812 314877 315941 317695 318852 321070 321930 324237 325382 326191 329184 330741 331892 332576 333100 334643 336088 339590 341250 345860 347003 348064 349424 350098 361363 363177 364503 366142 366826 369959 371418 375936 377065 378381 379912 380951 381708 383123 385023 386635 388088 388791 391904 393230 398465 403561 406282 408242 409131 412253 413743 414815 415618 416670 417717 418469 419796 420467 421257 422407 423434 424373 425816 426689 430333 438149 441508 442850 443677 444765 446293 447221 451950 453605 455747 456695 457836 459510 460433 462031 464082 465841 467866 469041 471197 472816 474314 475130 477519 478863 480998 481673 488965 492710 493598 494298 496791 497610 500470 502030 502775 504769 506274 508357 509693 512088 515934 518764 519464 521735 522715 524414 526536 529394 532239 537896 539434 540504 542094 543591 548141 549041 549894 550898 553313 554797 557008 558088 558874 560021 566803 567787 568802 573502 577247 580475 582606 583860 585139 588650 589944 592413 598024 600193 601917 602701 605376 606391 609062 610468 611643 613477 614529 616676 617935 619073 620398 621361 623676 627334 629045 630033 632057 634875 638263 641246 642527 644096 645361 647637 649135 651056 652508 653796 657919 658556 660150 661114 662415 665567 668068 671986 672698 673610 675986 678639 680414 682752 684052 686103 687840 689327 691206 692036 693663 694853 696987 697973 698901 701045 707446 708764 711883 715172 719850 723369 724527 728866 729621 732462 736767 737785 739544 740370 741184 744456 746444 747758 748350 750128 753306 755340 756896 758218 759382 760380 762197 763474 764540 765419 770560 773083 774978 775722 778781 782415 786630 789695 792418 793843 796540 799948 801218 802074 803910 805233 806622 814114 815818 818667 820379 821502 824408 826113 828626 830434 831350 833186 835785 837257 838622 839589 841199 842405 843537 845638 847954 855499 858640 860296 860939 864079 865375 866656 867632 870125 871320 872038 873374 875684 880680 882579 883536 887025 889079 890470 891688 892984 894332 895306 896322 897251 899418 901232 902024 904569 905639 907853 912333 913424 914257 915737 917838 923080 924316 926441 931239 932311 933421 938071 939381 940785 943846 945008 946133 947411 950162 950932 952741 954866 959987 964912 967367 968606 969485 971927 976080 976860 979450 981412 982739 984146 985342 986393 988397 989845 993467 996646 1002186 1003514 1006458 1008805 1010219 1011698 1014373 1018501 1019532 1020765 1021688 1023570 1025096 1026474 1027498 1028400 1031171 1033781 1035027 1037428 1038908 1044991 1047225 1049398 1051378 1052673 1056859 1060130 1063485 1065759 1068681 1072757 1078494 1079902 1081735 1084059 1085583 1086247 1087511 1088568 1090951 1092129 1094136 1096309 1096938 1098905 1103946 1105028 1107932 1108702 1110464 1115989 1116859 1118284 1122250 1124949 1125754 1127077 1128985 1130476 1133747 1137426 1138807 1140917 1143435 1144359 1145189 1147856 1148866 1151347 1152824 1153927 1156830 1158332 1160120 1162085 1163244 1165754 1169214 1173821 1174978 1176474 1178513 1180746 1183392 1184068 1186011 1187396 1188768 1190389 1194482 1197086 1199053 1202396 1205580 1208244 1214014 1219603 1220994 1222012 1225127 1226734 1227985 1232052 1234420 1235434 1236681 1241585 1243305 1245806 1247124 1250290 1251897 1256987 1260231 1261465 1262685 1264041 1265313 1266501 1268659 1270180 1272882 1276312 1281029 1281866 1282708 1284179 1285621 1286571 1287986 1288852 1290483 1291352 1292712 1294059 1295235 1296503 1298300 1300941 1311689 1313424 1320358 1324509 1325485 1328727 1330411 1332431 1335529 1336757 1339243 1342871 1343902 1344993 1346192 1347597 1351075 1352286 1357061 1358129 1359321 1362921 1364645 1366202 1367268 1371162 1373908 1374969 1376447 1378031 1381525 1383457 1386202 1386827 1390091 1392308 1393711 1397435 1399717 1400726 1401930 1403032 1406301 1408085 1409890 1412226 1414842 1416613 1417970 1419412 1424488 1427005 1431841 1434994 1436821 1438450 1440264 1442858 1445662 1447951 1448687 1450465 1452845 1455215 1456404 1458259 1460021 1461748 1463509 1467467 1468491 1469237 1471628 1472743 1474342 1475151 1476132 1479536 1482627 1486511 1487346 1488358 1491642 1494251 1495845 1498206 1499213 1502200 1505864 1507792 1514919 1515639 1517718 1520965 1522530 1523209 1525775 1527656 1528573 1529717 1534721 1535731 1537857 1538830 1540463 1544289 1545165 1546099 1547735 1549020 1549939 1551295 1552701 1554382 1555750 1557145 1558852 1560041 1564234 1567553 1568726 1571112 1572080 1574974 1575829 1577413 1578376 1580098 1581131 1582241 1583093 1586963 1588128 1588864 1590898 1595747 1596532 1597601 1599704 1600440 1603581 1605173 1606366 1608917 1609948 1611994 1612960 1616937 1618557 1619969 1621135 1622367 1623466 1625501 1626577 1627432 1628610 1629834 1631181 1633458 1635986 1639182 1640156 1641536 1642883 1645997 1649958 1653452 1655068 1655811 1657905 1659178 1662083 1663542 1664457 1665582 1667874 1669068 1669993 1671612 1672726 1673650 1674892 1677320 1678600 1680618 1682959 1683892 1686049 1687921 1691019 1694029 1695222 1696577 1700077 1701348 1704475 1705335 1707313 1708720 1709921 1711258 1712178 1715853 1718430 1718986 1720093 1721427 1726017 1727827 1731392 1732585 1733395 1734919 1736421 1738371 1739873 1742041 1744372 1748259 1749203 1750112 1751707 1755233 1756050 1757796 1763989 1765049 1767193 1769752 1771093 1772147 1774706 1776194 1778404 1779748 1781356 1783459 1784542 1787504 1791846 1794074 1794898 1795841 1797075 1798528 1799534 1800518 1801707 1802868 1804713 1806947 1808559 1810216 1812976 1814376 1816270 1822645 1826557 1830177 1831492 1835805 1837084 1839630 1841482 1842526 1843258 1844849 1845851 1848674 1850068 1851404 1853529 1858183 1858922 1859839 1861759 1863104 1867401 1869447 1872209 1874966 1876621 1878584 1880000 1880862 1881877 1884377 1885010 1887696 1888703 1891993 1893561 1895690 1897773 1898918 1903104 1905524 1906484 1907652 1908942 1910848 1912855 1913611 1915801 1917019 1918840 1919832 1921235 1923651 1924263 1925756 1927084 1928879 1932516 1933744 1937548 1938545 1939583 1941780 1942851 1945184 1947464 1951054 1952675 1953964 1955109 1956038 1958860 1962043 1963748 1966043 1967173 1969043 1970142 1974072 1976472 1978442 1979447 1980383 1981518 1982183 1984742 1991287 1994076 1996330 1997702 2002986 2005318 2006459 2009900 2010944 2012636 2013691 2018917 2020044 2020846 2022911 2025309 2027296 2028340 2031718 2033479 2035378 2039523 2040333 2041454 2042681 2045974 2048016 2049192 2050921 2052852 2055019 2057116 2058841 2061160 2061958 2063615 2065407 2067382 2069081 2070129 2071807 2073022 2073880 2075959 2077107 2080769 2082280 2084593 2085888 2087811 2089230 2090238 2092225 2098935 2101148 2102012 2103457 2106293 2110568 2113457 2114416 2115304 2116432 2118407 2119145 2120814 2121709 2122715 2123806 2124549 2127090 2128276 2134370 2137298 2140868 2144726 2146753 2147563 2151449 2152920 2154278 2155900 2159405 2160299 2161320 2164410 2167828 2169075 2170547 2172018 2173259 2174999 2177249 2178259 2181236 2183702 2187676 2188560 2190095 2191478 2195650 2196752 2197439 2199371 2201904 2204065 2206554 2208969 2210974 2212216 2218299 2219538 2221167 2222940 2224759 2228609 2229941 2231031 2235694 2246220 2247342 2251250 2252522 2256842 2258012 2259982 2261814 2266020 2267329 2269071 2270183 2272693 2274500 2277599 2278613 2279983 2282045 2282931 2286514 2287106 2291342 2292322 2294536 2295430 2296926 2297621 2299350 2300030 2300794 2303036 2304620 2307524 2310282 2311091 2313999 2316129 2317269 2320714 2322411 2323574 2324778 2327059 2329574 2330902 2333561 2334528 2335866 2337048 2337909 2341147 2344561 2345649 2349797 2350933 2360724 2362401 2363592 2365193 2366246 2367901 2371208 2373260 2375141 2377581 2378691 2380380 2382119 2383178 2384599 2388640 2390322 2391175 2392879 2393568 2394568 2396156 2398921 2401781 2404148 2405870 2406994 2408325 2410780 2412837 2414877 2419374 2420862 2424199 2424887 2428245 2429315 2434511 2436146 2436961 2439667 2440964 2444143 2445522 2446127 2447178 2449592 2452300 2452925 2455801 2461901 2466501 2468370 2469088 2475745 2478144 2479570 2482493 2483896 2486392 2488499 2492106 2493077 2495132 2497423 2498692 2499547 2501782 2502783 2504408 2509900 2510992 2512113 2516999 2517800 2519395 2521957 2523448 2528337 2529132 2532490 2533272 2535798 2539629 2542470 2543642 2546242 2547559 2551617 2554946 2556333 2557950 2558681 2559706 2561170 2563217 2565680 2568671 2569384 2571576 2573862 2575255 2578078 2579804 2581265 2582421 2585655 2586753 2588063 2588852 2589931 2591862 2592728 2594173 2598966 2600276 2601728 2603446 2604983 2605922 2606965 2608181 2613268 2616166 2617944 2619048 2620137 2622277 2623496 2625501 2627107 2630263 2631125 2633594 2634991 2636452 2638264 2639684 2642388 2645399 2650424 2651151 2655191 2656280 2657580 2660152 2662855 2666324 2667374 2669099 2670273 2671318 2673148 2674532 2675381 2676723 2678970 2680519 2681556 2683110 2683793 2685850 2687496 2689704 2690992 2692778 2693895 2699157 2703791 2704759 2706631 2708108 2709253 2718109 2720477 2723457 2724496 2725250 2728667 2729746 2733207 2735103 2736842 2739161 2740595 2741713 2743184 2744744 2746965 2750566 2755703 2756996 2759376 2762931 2765881 2766857 2768488 2771554 2774205 2779307 2781652 2785395 2788427 2789546 2791225 2791788 2792981 2795503 2797247 2798244 2799158 2800060 2800891 2802617 2803771 2806463 2809232 2812457 2814156 2815169 2817353 2819301 2820477 2824303 2825157 2826618 2828338 2829260 2830112 2831829 2832873 2834073 2834705 2836869 2838562 2840785 2845874 2847085 2848242 2850543 2851414 2852401 2853407 2854397 2857011 2859603 2860541 2862479 2863427 2865690 2866752 2868653 2872342 2875128 2877869 2878975 2880874 2881674 2882942 2885059 2887091 2888137 2889014 2892467 2895425 2897168 2900953 2901997 2907987 2910096 2911418 2913119 2914725 2915810 2917627 2920362 2922478 2923892 2924643 2926465 2928329 2930460 2931473 2932454 2933374 2934914 2936713 2938543 2942275 2943609 2946473 2947497 2948726 2950895 2953102 2953877 2954954 2957716 2960226 2961004 2962241 2964619 2965512 2967570 2970004 2970976 2971867 2972784 2974158 2975335 2976784 2977472 2978216 2979652 2980905 2987649 2988783 2989777 2991272 2993256 2995354 2997351 3001309 3003046 3003836 3006074 3009309 3011203 3012461 3015429 3016923 3018012 3019227 3020512 3021666 3022559 3024367 3025214 3028097 3031125 3034227 3036241 3036951 3038327 3041546 3045556 3046685 3048425 3052004 3054304 3056020 3057230 3059788 3060599 3062515 3065377 3066495 3069682 3071312 3077543 3081314 3082433 3084152 3085035 3086865 3088404 3091268 3092954 3095285 3096870 3099917 3100732 3101836 3103810 3106290 3107461 3109061 3110425 3113218 3115523 3116618 3117533 3119368 3121033 3121730 3124375 3125236 3126623 3129010 3129899 3131538 3132766 3134514 3135330 3137939 3138898 3141314 3142431 3143888 3147777 3153601 3156384 3158414 3160165 3164178 3165044 3167240 3168733 3171858 3172958 3175387 3176971 3178615 3179734 3180723 3182134 3184391 3186143 3187463 3190399 3191059 3192812 3194417 3199181 3200654 3202196 3203781 3204460 3205443 3206907 3207684 3208366 3209618 3211020 3213636 3214727 3216157 3217375 3218527 3221923 3225687 3231876 3232619 3234126 3235343 3236396 3238787 3240808 3241788 3244425 3245951 3246679 3248932 3254045 3255298 3256134 3258977 3260046 3261281 3262133 3264686 3265387 3266589 3269992 3274054 3275341 3278018 3279253 3280483 3282063 3283697 3285203 3286130 3287260 3289663 3293350 3295158 3296408 3299929 3301899 3303251 3304151 3310556 3312154 3313757 3315313 3316555 3317517 3319877 3321551 3324607 3326957 3328864 3332317 3333207 3334695 3335668 3336715 3337930 3339579 3341740 3343163 3346016 3349194 3350206 3351328 3352489 3353551 3354666 3356587 3357994 3359523 3361871 3363448 3364401 3365115 3366327 3368520 3369646 3371163 3372975 3375779 3377582 3379349 3380658 3382692 3383521 3384197 3385750 3386864 3388975 3390206 3390973 3392878 3394581 3395626 3399423 3401157 3402086 3405967 3406706 3409303 3411965 3413406 3414071 3417261 3419077 3420641 3421972 3425280 3427317 3433667 3436125 3438031 3438777 3441226 3442660 3446687 3448239 3449627 3455623 3457206 3459954 3462664 3464872 3466441 3471994 3473202 3474193 3478966 3480365 3483590 3485291 3486752 3489393 3490976 3492767 3496646 3499407 3506786 3509799 3510542 3514676 3516131 3518650 3521223 3523328 3524570 3525582 3526909 3527729 3528876 3529885 3530856 3534238 3536398 3537579 3538361 3539160 3541818 3542625 3545821 3546962 3548556 3549627 3550830 3552341 3553795 3556832 3558769 3561966 3563820 3566096 3567490 3571075 3571974 3572504 3573233 3574178 3576714 3578722 3580657 3582769 3584154 3585907 3588070 3589100 3589772 3590654 3592493 3593396 3597245 3600907 3602832 3605299 3606441 3609340 3610758 3612701 3614599 3615384 3616454 3617029 3618387 3619965 3626651 3627576 3632410 3634928 3637493 3639144 3640663 3642336 3643193 3644461 3647215 3648166 3649330 3650790 3651762 3654019 3655120 3657072 3658149 3660331 3662827 3666300 3667888 3668862 3671798 3672839 3674395 3675431 3677467 3679614 3680375 3681820 3683960 3685351 3686124 3687195 3689792 3690934 3692533 3694496 3695752 3696638 3699596 3701540 3703558 3707627 3709372 3711735 3713063 3719411 3722205 3723119 3723987 3726089 3728435 3729988 3731539 3732772 3733825 3735243 3735991 3736778 3738004 3739375 3744191 3745403 3748057 3749508 3751389 3753736 3755334 3756532 3758457 3759853 3761448 3763227 3764104 3765068 3768083 3769290 3770029 3772285 3773029 3774348 3776358 3777485 3781931 3784682 3786170 3787487 3791082 3793627 3794857 3796103 3797398 3799786 3800937 3804641 3806259 3808149 3809297 3810147 3814072 3815086 3816816 3820299 3822198 3823729 3824549 3828223 3830929 3834583 3842693 3845227 3846590 3849395 3850726 3852624 3854400 3855792 3856484 3859707 3860964 3862282 3865627 3866732 3867565 3869959 3871520 3872753 3873901 3875127 3878083 3879706 3883839 3886748 3888698 3889603 3890572 3892214 3893338 3895638 3896590 3900459 3901388 3905544 3907191 3908146 3909683 3912321 3913071 3916082 3916947 3920018 3922109 3925246 3926243 3927563 3929774 3930955 3932078 3934701 3936027 3938307 3938986 3939950 3941423 3942846 3943924 3947260 3948925 3949830 3952641 3953287 3954313 3954831 3955523 3957601 3959585 3960587 3961971 3962769 3965480 3966621 3967722 3969259 3969959 3971095 3973657 3976891 3977803 3979695 3980595 3981933 3983782 3984660 3986811 3987871 3989997 3991941 3997863 3998966 3999949 4005072 4009280 4010907 4012304 4013778 4016603 4020083 4021360 4022444 4023034 4023888 4025484 4027631 4031731 4032900 4033929 4035530 4036668 4037890 4039240 4040803 4044778 4046507 4049408 4051437 4052820 4054340 4055945 4057023 4058633 4059604 4060853 4061746 4063580 4065072 4066844 4068266 4071142 4073417 4074210 4075004 4076850 4080052 4081488 4085327 4087951 4089075 4089930 4092540 4094362 4097883 4099199 4103611 4107774 4108644 4111103 4112315 4113095 4114970 4120418 4122218 4124091 4127865 4128871 4129663 4130343 4131514 4133805 4138176 4140215 4141025 4143660 4144680 4146621 4150722 4152064 4152983 4155000 4157339 4159755 4162235 4164138 4165637 4166208 4170106 4174607 4176127 4178613 4179958 4180903 4181821 4183315 4184798 4186414 4189147 4190447 4191553 4194354 4196931 4197637 4199023 4202984 4204168 4204958 4206110 4207625 4209312 4214754 4216449 4220336 4225714 4227349 4228745 4230093 4234465 4235583 4241832 4245201 4250043 4251365 4253333 4255424 4257063 4260743 4263659 4267179 4268178 4268876 4270788 4271484 4271982 4273173 4274067 4276089 4279491 4282490 4284836 4286114 4286844 4289167 4291067 4292455 4293778 4295962 4296688 4298261 4299392 4302200 4303751 4304999 4306426 4307136 4308583 4309476 4311590 4314313 4316377 4317339 4319716 4323032 4324541 4327163 4329481 4330836 4332403 4334319 4335750 4336766 4339205 4340347 4341125 4342592 4344353 4347945 4349607 4353144 4354315 4359259 4362864 4367069 4369314 4370339 4372033 4374314 4377157 4378573 4384394 4387196 4388502 4391526 4395611 4397748 4400853 4402240 4403818 4410487 4411938 4413396 4416265 4417092 4418395 4420091 4421345 4423803 4424844 4427129 4428026 4430107 4431956 4435302 4436503 4441210 4443493 4445427 4447444 4449605 4453996 4455187 4456097 4458125 4459441 4460829 4462195 4464045 4464631 4465572 4466475 4467604 4470358 4472156 4473930 4474791 4476558 4477929 4479820 4480706 4481920 4483890 4487296 4488928 4490597 4491679 4493300 4494489 4495876 4497345 4503321 4504350 4505869 4508908 4510411 4512888 4515390 4516910 4517952 4521025 4523943 4525907 4528299 4530946 4537666 4538948 4539741 4542551 4544726 4546020 4547480 4549559 4552196 4552951 4555263 4558429 4559595 4562470 4563708 4568280 4570024 4572269 4575832 4581443 4583145 4585089 4586792 4588494 4589239 4590654 4592129 4593571 4598510 4601137 4603815 4605346 4605979 4607137 4610733 4611584 4612413 4613133 4615161 4615887 4616896 4619639 4620391 4621606 4626909 4629405 4630548 4631663 4636778 4639584 4640741 4642151 4643829 4644846 4649507 4651236 4652596 4654836 4658024 4659135 4661262 4662846 4665095 4666178 4667828 4670084 4672586 4673879 4674410 4677409 4683223 4685528 4688263 4689457 4692968 4695125 4697225 4698592 4700821 4701505 4702441 4703865 4705734 4706650 4708924 4709467 4710901 4713660 4716096 4718964 4719637 4726653 4727994 4729867 4732094 4733585 4735185 4736445 4739285 4741999 4743448 4745596 4746494 4747624 4748515 4751460 4754661 4755504 4756835 4758007 4758840 4760206 4761061 4763955 4765910 4769709 4771375 4773950 4775701 4777781 4778853 4779946 4781470 4782523 4783970 4785361 4786010 4788692 4790332 4792664 4795725 4797583 4803002 4804599 4808102 4809140 4811929 4813167 4815145 4815835 4816705 4817613 4819397 4822335 4823485 4824463 4826939 4829452 4832048 4836149 4837090 4839630 4841449 4843131 4845641 4846617 4848092 4849040 4850323 4853729 4856439 4858897 4859926 4861489 4864206 4867649 4871423 4872774 4874513 4877916 4880681 4882370 4883173 4884584 4885754 4887277 4890418 4891539 4894498 4898885 4900994 4903044 4908032 4911222 4912040 4915417 4916563 4918081 4919695 4921979 4924257 4925049 4929246 4930770 4933540 4935603 4937271 4938267 4939789 4941512 4942878 4944777 4947241 4949047 4950055 4952460 4954151 4954936 4955858 4958065 4960334 4962260 4963835 4966391 4968416 4969307 4970443 4971841 4972599 4974566 4976520 4977714 4978788 4980121 4980682 4981417 4983107 4986559 4988002 4989083 4992230 4994039 4997629 4998565 4999540 5002398 5003976 5004926 5006189 5009471 5010905 5011921 5013731 5016548 5019011 5020359 5023257 5025747 5026741 5032095 5033495 5037462 5043412 5044645 5046673 5048304 5049790 5051150 5057553 5058390 5059942 5060999 5063704 5065450 5068160 5069642 5071918 5073458 5074945 5076885 5078937 5081799 5084174 5088219 5090617 5092263 5093947 5095231 5096676 5098156 5099960 5100827 5101630 5102782 5104687 5107407 5108634 5110630 5111579 5113993 5115208 5118022 5119431 5121594 5122737 5125637 5129331 5130634 5132588 5133988 5135395 5137786 5138730 5143310 5145733 5148056 5149179 5150700 5154860 5156370 5159196 5160291 5162404 5164699 5168528 5171169 5172103 5175089 5177223 5180091 5183317 5186740 5187452 5193575 5194788 5196206 5197832 5199956 5201909 5203707 5205934 5209103 5211355 5214388 5216033 5219930 5223518 5226420 5227086 5230015 5231213 5237270 5238605 5239866 5242125 5242958 5244762 5246159 5250831 5252200 5252845 5254282 5256944 5258594 5260204 5261215 5262588 5263339 5264946 5270639 5271538 5273234 5274932 5276861 5278543 5279405 5282105 5285317 5292944 5293589 5295021 5296282 5298823 5301313 5302370 5304405 5305612 5309179 5310174 5310959 5312255 5313232 5314385 5315484 5316899 5318046 5319517 5321948 5324588 5325404 5326465 5328320 5329320 5332257 5334174 5338631 5339453 5341443 5343481 5345053 5346012 5347206 5350213 5350814 5352741 5354278 5356998 5358605 5359822 5362139 5365388 5367597 5371515 5373618 5374727 5376429 5381161 5383272 5384686 5385840 5390675 5391427 5393620 5394855 5397795 5399827 5400977 5403627 5406384 5409708 5410727 5413878 5418172 5421586 5423117 5424128 5424700 5427246 5429383 5430902 5431774 5432994 5433861 5434640 5436059 5437164 5437950 5440246 5441591 5442520 5443865 5447952 5451460 5454953 5457350 5460108 5461748 5463006 5465001 5465648 5468226 5472081 5475991 5477744 5479337 5481471 5483816 5486180 5489675 5491282 5492900 5494548 5496583 5499405 5500714 5501425 5503961 5505993 5508012 5509163 5513918 5514938 5515980 5516922 5518210 5520208 5520984 5521946 5525977 5527785 5530432 5531708 5532794 5537053 5537816 5540257 5541097 5545305 5546921 5548326 5550242 5551432 5552749 5556931 5558995 5561380 5563617 5565799 5567271 5568719 5571725 5575863 5576621 5577827 5580922 5583467 5585416 5587126 5588611 5591315 5592678 5594313 5597136 5599157 5600202 5601301 5603551 5608050 5610154 5612852 5613867 5614718 5617358 5618344 5620178 5621830 5624044 5625551 5627467 5629993 5631271 5633330 5636664 5637645 5639562 5641159 5643508 5645753 5647788 5649699 5651916 5658833 5660248 5660909 5662439 5665882 5667112 5667989 5668638 5670304 5672280 5673957 5677847 5680174 5681557 5683221 5684476 5687598 5690244 5692524 5693826 5695466 5696408 5699850 5703973 5704745 5705920 5708692 5711029 5713265 5713912 5714813 5716157 5717392 5718574 5720255 5722116 5722801 5724493 5725471 5727942 5729285 5730159 5733406 5736413 5737210 5739090 5740489 5742178 5744298 5746620 5748810 5749911 5751039 5752400 5753660 5754673 5755629 5757512 5761217 5763488 5765148 5767244 5768013 5769140 5774938 5778056 5780017 5781243 5782208 5783188 5784312 5785482 5787986 5789734 5791831 5795571 5797244 5798308 5799888 5801343 5803553 5805995 5806984 5808625 5812236 5813985 5816038 5818577 5821054 5822648 5825878 5827617 5829776 5831611 5833495 5835930 5837281 5838142 5839057 5841105 5842876 5845214 5846259 5847367 5848690 5851158 5852837 5853700 5855196 5856920 5858324 5859531 5861664 5864919 5865638 5866647 5867691 5868889 5869571 5872964 5874268 5876383 5878352 5879192 5880017 5882445 5884269 5887697 5890530 5892891 5894094 5895122 5897104 5898082 5902639 5903612 5905495 5906139 5908369 5909768 5911806 5913150 5915629 5917194 5918152 5921124 5921729 5922530 5923576 5924576 5926672 5930142 5932312 5934597 5936172 5937512 5938051 5939241 5940372 5941235 5942252 5944508 5945226 5947884 5949981 5952991 5959059 5963526 5965509 5967986 5969121 5969948 5972183 5974102 5975677 5976324 5977243 5979519 5981936 5982831 5986400 5987896 5990882 5992281 5994465 5995722 5996876 5997642 6002096 6005501 6006969 6008284 6009506 6010907 6012579 6014614 6017028 6018812 6025302 6026358 6027239 6028970 6032009 6033303 6035562 6037045 6038788 6040516 6044088 6045466 6046371 6047629 6052191 6054370 6056693 6058954 6061194 6067115 6070962 6071750 6075049 6077002 6079102 6081915 6083560 6084092 6086334 6087553 6088963 6091246 6092144 6093207 6094186 6095776 6098542 6100853 6101555 6102629 6104075 6107876 6108716 6109961 6111516 6113126 6113962 6115499 6116241 6117124 6118599 6120672 6122856 6123932 6125178 6127331 6128593 6134466 6136953 6141206 6143036 6144022 6145387 6146891 6149599 6151195 6152958 6156836 6157430 6159347 6162217 6163819 6165847 6168080 6169105 6170727 6171379 6172635 6176086 6177880 6178482 6180328 6181385 6182916 6188926 6189716 6191736 6192430 6193777 6195795 6200513 6203002 6205247 6206290 6207521 6209876 6210997 6212153 6215220 6216212 6218198 6218978 6221277 6222298 6223345 6224324 6224936 6226765 6228090 6228952 6230919 6232513 6234577 6236498 6239383 6240696 6242164 6243376 6245435 6247183 6251107 6252199 6256080 6257734 6261639 6263242 6265620 6266561 6268703 6269792 6270942 6275641 6277299 6278559 6284396 6286063 6287551 6291630 6294540 6295697 6296711 6298626 6300818 6302161 6304566 6307137 6308640 6309583 6311103 6314232 6315491 6316393 6319218 6320590 6322281 6323029 6325763 6327487 6328968 6331578 6333196 6335136 6337063 6337898 6339039 6340199 6341720 6342774 6344821 6345732 6347298 6348734 6349708 6350804 6351600 6353919 6354771 6356280 6359329 6362299 6363948 6365096 6369506 6372820 6373670 6376000 6377899 6380274 6381439 6383468 6388979 6390753 6392148 6393147 6393906 6396960 6397817 6399720 6401599 6403106 6406928 6408595 6410515 6411757 6413289 6417212 6420213 6422245 6423658 6425707 6428794 6429399 6433860 6437914 6443160 6444782 6447443 6450015 6450818 6452070 6455311 6458230 6460226 6464197 6465614 6467145 6468350 6472203 6476015 6477274 6478700 6480087 6481714 6484262 6485195 6486509 6487869 6488928 6491879 6492626 6495566 6496660 6498461 6501174 6502929 6504196 6505671 6507227 6509440 6511150 6512000 6515135 6517050 6518080 6519880 6520502 6522600 6523455 6524197 6525481 6528779 6533877 6534982 6536214 6536974 6538109 6541192 6542954 6544196 6546654 6547779 6550426 6551918 6554031 6556372 6559167 6562019 6562951 6564079 6565570 6567278 6568016 6569581 6570665 6572827 6576038 6579503 6582215 6583272 6585265 6586335 6589910 6592773 6593887 6596223 6599131 6600105 6601551 6603801 6604812 6606605 6609272 6609965 6612325 6613737 6616166 6617754 6618937 6620130 6621780 6627199 6627839 6630192 6631747 6634612 6638178 6639581 6641874 6644103 6645357 6647131 6648377 6649770 6651143 6652819 6655431 6656337 6657180 6658017 6659296 6660640 6661761 6663722 6668164 6672008 6673733 6675591 6677393 6681225 6684964 6686508 6688060 6691999 6693230 6694698 6697074 6698057 6700172 6701193 6704261 6704858 6706744 6708001 6713021 6717297 6721100 6722315 6723039 6725347 6727053 6728782 6730267 6733151 6738296 6740158 6745711 6748006 6749614 6750626 6753548 6754494 6755400 6757902 6759732 6760519 6761307 6763161 6766289 6767542 6770256 6771566 6772694 6774287 6777385 6778224 6780775 6784752 6787498 6789232 6789914 6791761 6792509 6796013 6796766 6798325 6799471 6804998 6806521 6807652 6810378 6811308 6812306 6813354 6814155 6816586 6820227 6822059 6825901 6828315 6829148 6830199 6833857 6837867 6838670 6839916 6841107 6842554 6843901 6844607 6846568 6848155 6849962 6853075 6854212 6856146 6856960 6861088 6862627 6866946 6868923 6869656 6872756 6876559 6878076 6880278 6881777 6884962 6886264 6889567 6891015 6893086 6893739 6894728 6895811 6899865 6903168 6904230 6905267 6908411 6909424 6913814 6914625 6916692 6920082 6922521 6923735 6924986 6925820 6926509 6927695 6931635 6933443 6937526 6941010 6943371 6946620 6949348 6950719 6953729 6958040 6958616 6961614 6963321 6965855 6967645 6969030 6970311 6970847 6973639 6976403 6977407 6978583 6980678 6984744 6986412 6988560 6990782 6991842 6994133 6995038 6995818 6997340 6998668 6999673 7001448 7002372 7003921 7004973 7006680 7008432 7009262 7011059 7011979 7013023 7014037 7015990 7017484 7019979 7021827 7022505 7026084 7026937 7028990 7030021 7032949 7035345 7038038 7039296 7041523 7044193 7046133 7047388 7048146 7050423 7051153 7053088 7054971 7057261 7058636 7064700 7065386 7066132 7068360 7069102 7073832 7075483 7079337 7082175 7083182 7084237 7086274 7088494 7089807 7091347 7091941 7094799 7096738 7097688 7099693 7100495 7101629 7103863 7106376 7109236 7111090 7111956 7115107 7122725 7125288 7127488 7128650 7129632 7134346 7136842 7137623 7139338 7141490 7143243 7144043 7146171 7147498 7149148 7150324 7155115 7156667 7157784 7158480 7160634 7163683 7164389 7165036 7165712 7167683 7169150 7170240 7171273 7172254 7173406 7174716 7177901 7179665 7181442 7185032 7186827 7187818 7192439 7194498 7196253 7198399 7199968 7200994 7202398 7203603 7204787 7206635 7208946 7211056 7212308 7214787 7216351 7220059 7223045 7224379 7228860 7231253 7233084 7234781 7236373 7238334 7239858 7241387 7243421 7244456 7245847 7247261 7249108 7251352 7253949 7257029 7259933 7262410 7263620 7265824 7267540 7270116 7272896 7275632 7280853 7285275 7286635 7288814 7291228 7295912 7299086 7300174 7301005 7302773 7303958 7305865 7307428 7309297 7310745 7311962 7315378 7316500 7319034 7322231 7325838 7326562 7327400 7329658 7333881 7336256 7338844 7339839 7340700 7343664 7346103 7347383 7348212 7349350 7350974 7352020 7353749 7357682 7358633 7359478 7363516 7367168 7369995 7371322 7378768 7380215 7382135 7386267 7388020 7389456 7391437 7393118 7396003 7397561 7399240 7401796 7402843 7403561 7406911 7414921 7416307 7418465 7420634 7424790 7425906 7428045 7433207 7439252 7441757 7442936 7444107 7445982 7446872 7448212 7448782 7450436 7451574 7453039 7455428 7458781 7460013 7462754 7464277 7465061 7469124 7471804 7472854 7474092 7476111 7479399 7483046 7484352 7485602 7489081 7490244 7492865 7497569 7498292 7499741 7501705 7503293 7509283 7509902 7510816 7511934 7513881 7515706 7517524 7518274 7521268 7523556 7524837 7525438 7528236 7529087 7532485 7537804 7538828 7542798 7545591 7547207 7551160 7554053 7555532 7557080 7558652 7563624 7566709 7568864 7570394 7572072 7573739 7576162 7577967 7579838 7583022 7585129 7586084 7587379 7589516 7590577 7591490 7592342 7593527 7594807 7599364 7601589 7608051 7610374 7611990 7615033 7616886 7620078 7625234 7626150 7628328 7631200 7632740 7635468 7636777 7639215 7640816 7641732 7643195 7644622 7646528 7648523 7650882 7655434 7658195 7661793 7665633 7666455 7667780 7669466 7674692 7677036 7678827 7679606 7687547 7688349 7689668 7691533 7693207 7694321 7696842 7698087 7699156 7702048 7704960 7707060 7709230 7710524 7712280 7713193 7714133 7715836 7717841 7719167 7721431 7723102 7724166 7726037 7727291 7728126 7728748 7729633 7730330 7732329 7735191 7737491 7738796 7741726 7742984 7744529 7747327 7750489 7752590 7755377 7758257 7762634 7763866 7764989 7769217 7770200 7771325 7772990 7773901 7775392 7776475 7777787 7779050 7779626 7781161 7784664 7786214 7787961 7788844 7791550 7793620 7794764 7796106 7801540 7802236 7803685 7805460 7806901 7808506 7809146 7809923 7812643 7813650 7815468 7821286 7824311 7825601 7827319 7828435 7829909 7831762 7835963 7837311 7840330 7841643 7843017 7844777 7847004 7848177 7849075 7850229 7852082 7855320 7856479 7858290 7859256 7860682 7862280 7864201 7867621 7869537 7870784 7874733 7875424 7876828 7878469 7882466 7885290 7886512 7887721 7889589 7890671 7893462 7894221 7895031 7897047 7898417 7899666 7900858 7901934 7903369 7904249 7905079 7906058 7908110 7909891 7910956 7912499 7915925 7916715 7917758 7920410 7921984 7926193 7931212 7933302 7934958 7937211 7938192 7939520 7941153 7943481 7944183 7947850 7951633 7952549 7953616 7955181 7956330 7957887 7958910 7960591 7963343 7966384 7969143 7970807 7972147 7976646 7977753 7980458 7986868 7989561 7990840 7991680 7996403 7997431 7998129 7999672 8001011 8003544 8006030 8006769 8009829 8012338 8014526 8019720 8021945 8025020 8027928 8032702 8034215 8036068 8037034 8038216 8039380 8041794 8044267 8045674 8047185 8049784 8051231 8051991 8053896 8055009 8055954 8056867 8057847 8061667 8062576 8064227 8065971 8067046 8068189 8070616 8071973 8073599 8074392 8075682 8076941 8078412 8079674 8080844 8082118 8083406 8084562 8085736 8086726 8088862 8090799 8093294 8094671 8095640 8100928 8103557 8105987 8107823 8109576 8115422 8120131 8127850 8128982 8129725 8130802 8131796 8135654 8137638 8139033 8140153 8143839 8146475 8147636 8149580 8151619 8153100 8154712 8156496 8159186 8161308 8162773 8165329 8166465 8167515 8169135 8171142 8173320 8176087 8178043 8180126 8180973 8181843 8185358 8189644 8192572 8194084 8197008 8199544 8200368 8200919 8203959 8205093 8206925 8210638 8211650 8213257 8214762 8217189 8218667 8222724 8224824 8228111 8231808 8233451 8234383 8235472 8242143 8245547 8247702 8248939 8253477 8254050 8254975 8260513 8261480 8263774 8265101 8266195 8267646 8268881 8270137 8271533 8275500 8277931 8281635 8282450 8285157 8286455 8288887 8289980 8291810 8294111 8295459 8296669 8297876 8298654 8300824 8301854 8302673 8303752 8305820 8309882 8311423 8312961 8315449 8316491 8317794 8319165 8323029 8324130 8325922 8327678 8330303 8332492 8334654 8337165 8338191 8341651 8342758 8345214 8346480 8349001 8352057 8356470 8357451 8359609 8361753 8363037 8364319 8365702 8367232 8367884 8370970 8372503 8373948 8376067 8377550 8379046 8382517 8384753 8385875 8388695 8393635 8398254 8400194 8401667 8402522 8404758 8405855 8408078 8408927 8409904 8418339 8419651 8420739 8423332 8426264 8428121 8429056 8429868 8432269 8433534 8434490 8435691 8436674 8437303 8438255 8439734 8441974 8442834 8444053 8446598 8447736 8451069 8452530 8453559 8454902 8456967 8458970 8463680 8468512 8470015 8472796 8474572 8476884 8478242 8480224 8483238 8484958 8487315 8489663 8490810 8491570 8493472 8495643 8496510 8498580 8499451 8500842 8502046 8505413 8506577 8512098 8513116 8514067 8516521 8521015 8523214 8523917 8526547 8527402 8528633 8530958 8533535 8534857 8536243 8537739 8541364 8543875 8546755 8548559 8549862 8552133 8554050 8554959 8559085 8561106 8567893 8570228 8572428 8573373 8574641 8575999 8579027 8579932 8581274 8582598 8583336 8583992 8584925 8588061 8588921 8591175 8593778 8596640 8598835 8599780 8600453 8602542 8603897 8605953 8609801 8611112 8612823 8614226 8615682 8619044 8622186 8624842 8626045 8627130 8628068 8629533 8631036 8634140 8639188 8642787 8648205 8650035 8652001 8653626 8654491 8655573 8656484 8657411 8659376 8660865 8661911 8663229 8666256 8668389 8669951 8670791 8672171 8676155 8676759 8677865 8678911 8680013 8681135 8683628 8685724 8686914 8688477 8689816 8690984 8692386 8694143 8696058 8697000 8700205 8701576 8702116 8703756 8704914 8706292 8707215 8708331 8709362 8711546 8714345 8716008 8716920 8719802 8720877 8721645 8726099 8728845 8729791 8731720 8734905 8735532 8736249 8737443 8738486 8739907 8741046 8742278 8744301 8746009 8749448 8751125 8752813 8753806 8755892 8762418 8764489 8766230 8769629 8771514 8773005 8774524 8777959 8778885 8780824 8783108 8785254 8787829 8789167 8791007 8793197 8794847 8798381 8799839 8801214 8804772 8806781 8807582 8808184 8809998 8811039 8815007 8816585 8817783 8821649 8824510 8826012 8827182 8829666 8831254 8832565 8834806 8836158 8840126 8841502 8845760 8846470 8848359 8850270 8851825 8853051 8854628 8856715 8859745 8861625 8862965 8868366 8873025 8874383 8874901 8876832 8878594 8879596 8882867 8884060 8885271 8887121 8888212 8890649 8891532 8894803 8896081 8897175 8898698 8899852 8900827 8902169 8903840 8905281 8906165 8908152 8911739 8913201 8914980 8916333 8917412 8921916 8923311 8925381 8926654 8927429 8928669 8929716 8930805 8932773 8934215 8935204 8936424 8941884 8943952 8945195 8946178 8949937 8952104 8957455 8958336 8960671 8962026 8963548 8964718 8965961 8966991 8969411 8972988 8974709 8975650 8976833 8978107 8978870 8979963 8981159 8982362 8983668 8984984 8986149 8991351 8992873 8994403 8997023 8999363 9001641 9006572 9007579 9009338 9011840 9012774 9014847 9016400 9018815 9021060 9022664 9024658 9028021 9029313 9033526 9035336 9037196 9039077 9041231 9047250 9048550 9057364 9059428 9062013 9063034 9067107 9069530 9071529 9072774 9074572 9075869 9077658 9079707 9086282 9088561 9090877 9091759 9098446 9099641 9100102 9102569 9103949 9105521 9108709 9110415 9111927 9113032 9114327 9116067 9117806 9123888 9125517 9126561 9129373 9131831 9133336 9134428 9135234 9137145 9139395 9143684 9145626 9147036 9149993 9151003 9153461 9155708 9156622 9157519 9159336 9160309 9161162 9162239 9165050 9166031 9167226 9171507 9172231 9177781 9179283 9180524 9182527 9183592 9184365 9186435 9187674 9188451 9189409 9192160 9192705 9193819 9196822 9198814 9199856 9200969 9202842 9205159 9207356 9210089 9210913 9215142 9216674 9217744 9218993 9220424 9221946 9226681 9227634 9228757 9229585 9231338 9233112 9234615 9237550 9238867 9239735 9241101 9242045 9243895 9245148 9246595 9247318 9248599 9254479 9257088 9258212 9259584 9260527 9266159 9269181 9271372 9272638 9273796 9275070 9277068 9280724 9281680 9283805 9286077 9290930 9291946 9293718 9294676 9295962 9297146 9298080 9300011 9301913 9304870 9305923 9307508 9308764 9311996 9315331 9316326 9319677 9321698 9324553 9326003 9328248 9331368 9332487 9333457 9334021 9335268 9336783 9337461 9340480 9341592 9344706 9346497 9347213 9349528 9350596 9351303 9352588 9353614 9355699 9356817 9357883 9360756 9363577 9364558 9365324 9366899 9370346 9373406 9374757 9377280 9380207 9382272 9384711 9385557 9386462 9389550 9392324 9393629 9395672 9396707 9398196 9400033 9401051 9402386 9403602 9406002 9407009 9408177 9408975 9411042 9411868 9414505 9415765 9417900 9419541 9420301 9421237 9422680 9424439 9426757 9427482 9429672 9431883 9433367 9435578 9437465 9438486 9440014 9441636 9444282 9445043 9446736 9447374 9449297 9450791 9452494 9454253 9455559 9458746 9459857 9461063 9462128 9463842 9464676 9469635 9470563 9471552 9473755 9475840 9477309 9480432 9482642 9483554 9484598 9485158 9487733 9489087 9494630 9499100 9499910 9501327 9505376 9508973 9510152 9511126 9515036 9517600 9518925 9519607 9521657 9523381 9526736 9528493 9530952 9533328 9536212 9537164 9540243 9541628 9543112 9545738 9549078 9551795 9552973 9553540 9554550 9556637 9558964 9562287 9566571 9568248 9571843 9573190 9575140 9575974 9578379 9581845 9584566 9586608 9589519 9590761 9591917 9597771 9598877 9600585 9602083 9603707 9605261 9607684 9608465 9609535 9611822 9613374 9614943 9616585 9619245 9621185 9623957 9625587 9628177 9629821 9631905 9634922 9637118 9638307 9640468 9642180 9643622 9645344 9647416 9649094 9651300 9652399 9653507 9655826 9657036 9658946 9661166 9663189 9666149 9668462 9669796 9673705 9675158 9676433 9680118 9685163 9686942 9690312 9691096 9695168 9698010 9700356 9701220 9702293 9703270 9704689 9706683 9707862 9709022 9711748 9712681 9714580 9718735 9719943 9721262 9723444 9724404 9726058 9727442 9728392 9730432 9732340 9733515 9735329 9738938 9740585 9741793 9742557 9743989 9747246 9750376 9752242 9753997 9756154 9759004 9761411 9762126 9763271 9764363 9767431 9768632 9770339 9773028 9775841 9776987 9778669 9781475 9782901 9784760 9786747 9787939 9790372 9792458 9793152 9797214 9798373 9801781 9804742 9806057 9807698 9810315 9811682 9812524 9813225 9817452 9818558 9819818 9820752 9821761 9834641 9836121 9837697 9838925 9841091 9842230 9845073 9846748 9847984 9850299 9851691 9852706 9853340 9854410 9856098 9856741 9859137 9863878 9865933 9868241 9869188 9871191 9872598 9875156 9879731 9881291 9883983 9886164 9887583 9892524 9893695 9895431 9897207 9901021 9903618 9908708 9911223 9913219 9915078 9917127 9919223 9921025 9922087 9923099 9925011 9926076 9928156 9929697 9930506 9934046 9935487 9936394 9943294 9946429 9947547 9950410 9952138 9952849 9954233 9956874 9958654 9960167 9961136 9961974 9964792 9965342 9967707 9968973 9971997 9973264 9975052 9980496 9981809 9985930 9988229 9989044 9991098 9993179 9994886 9999070 
</Matrix>
<Matrix name="Neuron_441" type="complete" rows="1" columns="5156" multiplier="1.0">
   711 2259 3096 6705 8887 10127 11003 13837 15074 18517 19339 20512 23940 27550 29171 30141 30972 31897 37971 39751 42151 44374 45400 46587 48600 51242 52446 53418 57502 59564 60526 61385 63896 65226 66859 68495 70004 72108 73781 75601 79941 82903 86213 87209 88767 90755 92110 94437 96977 99238 100843 102547 103519 104373 111475 113275 114722 115749 116842 119694 120807 123963 126757 129253 130852 132457 133764 140837 144922 146925 148772 149694 151104 152767 154865 156325 157315 159985 160640 162844 163870 165362 167512 169600 173411 174063 176118 179755 180959 185900 187157 188184 191529 193743 196708 198432 204226 205339 206253 207669 211727 216703 220339 221615 223323 224495 226259 228259 231322 232899 235639 239168 241213 243034 244726 246278 247967 249356 250384 251295 251960 253749 256337 257246 259894 261347 263507 264222 266943 268590 269820 272358 275336 277616 278662 280582 282438 284708 288306 289028 290892 292190 293959 294885 296181 299500 302125 304230 307065 311572 313883 315212 316803 317617 318391 319842 321724 322493 323319 325632 326949 329400 331025 333860 337727 338886 343614 344622 346402 351296 352489 354982 356802 358275 360559 365278 366625 368128 370141 371628 372315 373314 376449 378260 380849 381474 382700 384679 387136 389288 391168 394691 395706 398435 399243 401179 402221 404531 406575 407962 410182 412824 414881 416367 418387 420129 421288 423653 427696 428521 432585 434203 435844 437674 442935 443953 446258 447616 450798 451674 452997 456640 457728 459976 462314 463285 464435 465428 466815 469644 470677 471687 473344 475198 475999 477626 480364 481369 485560 486633 488054 489308 491332 492152 494090 501161 503069 504630 505300 506257 508548 511696 513616 516362 517135 517772 519071 520249 521842 524592 527818 528803 530084 533136 534404 535418 537053 541683 542548 543255 545070 547396 548532 549646 552490 554606 555875 558046 560312 561565 563536 566476 568321 569589 570940 572153 574385 576108 577474 579353 585451 586863 589813 591407 592389 595479 597787 599906 601447 603839 604473 605981 607062 609303 610076 611042 612123 613232 614488 617841 619826 622041 623242 624760 625972 631291 632644 635894 636901 637719 641546 642333 643515 645814 650620 653267 654902 656750 658171 660380 661880 664741 665933 667803 671124 672857 674383 674943 679840 683338 684560 686127 689445 695469 696317 698416 699380 700233 701505 705061 706583 707650 708820 709624 710666 713089 715407 717458 719957 722061 729175 730431 735051 736880 741062 743178 747761 750800 752229 760016 761572 763214 765705 769412 771759 772615 774378 776355 777527 780267 781884 782804 783804 785641 790073 795024 795847 797381 802622 808448 809668 811545 813909 815347 820614 821406 823809 825614 827186 831637 834788 836146 837379 838513 841113 843018 845349 848054 850838 853566 856868 859295 860552 861866 863223 864994 865902 868949 870299 872903 877875 879621 883090 886476 889423 892234 894289 895482 897651 899921 902867 904723 907254 909672 912033 913150 914054 916039 917623 920845 922630 924378 925628 928445 931619 933696 935502 936728 938899 939564 941323 942797 944254 945032 946299 947051 948323 950166 952884 954343 955152 958541 961096 962955 965103 966226 967298 967873 971862 973754 974800 975881 978311 983183 985894 987746 991089 992491 993242 994605 995616 996349 997173 999175 1000456 1001691 1003319 1005389 1007319 1009171 1010061 1012410 1015914 1020009 1021422 1022407 1023534 1024264 1027175 1028486 1029288 1030304 1031580 1033932 1035316 1036282 1041825 1042909 1046877 1048095 1049293 1051156 1053016 1054579 1055977 1057780 1059126 1061059 1062371 1063697 1064507 1066972 1072077 1073159 1075078 1076566 1079500 1080536 1081210 1082550 1083389 1084293 1088811 1090226 1092381 1094373 1096964 1100857 1101605 1102690 1104375 1107163 1108532 1112959 1116421 1118131 1119592 1120344 1123120 1124483 1126676 1128636 1130895 1131655 1132917 1134723 1135532 1137968 1139146 1140086 1140787 1142457 1144671 1146370 1148085 1149201 1150623 1152095 1152888 1158752 1159593 1161672 1162676 1165524 1167736 1169307 1172537 1176726 1178733 1179998 1181568 1182879 1188277 1192982 1194754 1195996 1196714 1198066 1199131 1200679 1201841 1203712 1206333 1207178 1207930 1209879 1210931 1213774 1214911 1216483 1219312 1223434 1225233 1227375 1228015 1228817 1232148 1233730 1234841 1237580 1240565 1242083 1245253 1249707 1250395 1252628 1253687 1254965 1259364 1260508 1261311 1262771 1265555 1266801 1268672 1269973 1271473 1273368 1274778 1276616 1277669 1279079 1280243 1282587 1286889 1288090 1292080 1293285 1293967 1294938 1296926 1298738 1301066 1302155 1303966 1306589 1308487 1309756 1313867 1314794 1316982 1317940 1319717 1321055 1322612 1323998 1325101 1326810 1330014 1332062 1333925 1336475 1337540 1341548 1342738 1343385 1344809 1345951 1346592 1347888 1351827 1353215 1355261 1356490 1357756 1358713 1360304 1361412 1362730 1363852 1367706 1368978 1372015 1374571 1375859 1376670 1381465 1383310 1385240 1386447 1387582 1389867 1392546 1393869 1394626 1396167 1397628 1398874 1399958 1402731 1404512 1407552 1408239 1410780 1412843 1415997 1420474 1421565 1423597 1425745 1426663 1428353 1430555 1431737 1435478 1437663 1442264 1444767 1445864 1447441 1448327 1449287 1451361 1456150 1457065 1457874 1458568 1460487 1463178 1464368 1465644 1470430 1472436 1475342 1476846 1479416 1481328 1482610 1483527 1485136 1486776 1488239 1489221 1490924 1491646 1494243 1497737 1499948 1501910 1503986 1505779 1509100 1509983 1511274 1511928 1515157 1516928 1518491 1519967 1522235 1524504 1527360 1528979 1530532 1532076 1532826 1538458 1540852 1542820 1544345 1547993 1549156 1549904 1550464 1551651 1552842 1554357 1557473 1558798 1559662 1560989 1562373 1564741 1566017 1566783 1572195 1573114 1574887 1577225 1578498 1581637 1582293 1583761 1584329 1586767 1588221 1589192 1590427 1592495 1593495 1595357 1596486 1597221 1598709 1599897 1603525 1604899 1606574 1610205 1612410 1614579 1615265 1621407 1622452 1624114 1624798 1626854 1627846 1629658 1631148 1632516 1634114 1635444 1636357 1637493 1638637 1642107 1643379 1644884 1645813 1649797 1651338 1652639 1653903 1658642 1660982 1662107 1665486 1666383 1667814 1668747 1669754 1673183 1674355 1679535 1684494 1687839 1691686 1693547 1695912 1696660 1701146 1705695 1706714 1710172 1714500 1718569 1719154 1721471 1723039 1725254 1727251 1728711 1729368 1733948 1734758 1740243 1743451 1744324 1748877 1752266 1754106 1758318 1759935 1760591 1762220 1763535 1766150 1769444 1770722 1772208 1774811 1776460 1777526 1778927 1779897 1780807 1781994 1783319 1784093 1785237 1786692 1788373 1790048 1791845 1793485 1794514 1797260 1798660 1800116 1801348 1803076 1805642 1806813 1809287 1810176 1811340 1813497 1814576 1815785 1819137 1820546 1822293 1822934 1825609 1828039 1828933 1830860 1831841 1835457 1838179 1841670 1843592 1844647 1846325 1847173 1848904 1849762 1850986 1852022 1854764 1857024 1858309 1859795 1861489 1862653 1863447 1864126 1864956 1869786 1870876 1873978 1874913 1875701 1876453 1878342 1879588 1880383 1881215 1882886 1884983 1886198 1887570 1890787 1893782 1895188 1896272 1897329 1899934 1900547 1902080 1903257 1906445 1907948 1908842 1910613 1911280 1912744 1913327 1915345 1916722 1917879 1918669 1919648 1921346 1922458 1923830 1926453 1927754 1929452 1932068 1935565 1937552 1938516 1948066 1949493 1952072 1953072 1954789 1956174 1957533 1960251 1961379 1965229 1969948 1972448 1975505 1977446 1979499 1981840 1984284 1988199 1989773 1991595 1992683 1993582 1997433 1998387 1999334 2000847 2002091 2002797 2004115 2005205 2006774 2007499 2009162 2010382 2011301 2013104 2016582 2018086 2020379 2021402 2024176 2025349 2026585 2027785 2028721 2029766 2031824 2032882 2033977 2035758 2036858 2038966 2040291 2041124 2042455 2044371 2045325 2046681 2047874 2049127 2051783 2052465 2053422 2054562 2056041 2058690 2060896 2061561 2062922 2066180 2068160 2069030 2072149 2073501 2075426 2077055 2078036 2079849 2081256 2084169 2086755 2088358 2094225 2097342 2098558 2099860 2101456 2106221 2107586 2108541 2109746 2110510 2112413 2116027 2116814 2119522 2120907 2123513 2126236 2127523 2129398 2130533 2134122 2136686 2137783 2138624 2139699 2140530 2142041 2143248 2144066 2144837 2146001 2146697 2148519 2150092 2152658 2153764 2156536 2158572 2161657 2163567 2164355 2165581 2166611 2168510 2170335 2173065 2175327 2178286 2182878 2184444 2185437 2186111 2189030 2190359 2191862 2194555 2195364 2196311 2197697 2198795 2200876 2202250 2204521 2205896 2207650 2208915 2209818 2210622 2212719 2213728 2216336 2218074 2220364 2221992 2223227 2224080 2224952 2227642 2228685 2230220 2231849 2233877 2235528 2236659 2238251 2240911 2242145 2243611 2245326 2246070 2247890 2249141 2250652 2252158 2253576 2254282 2255868 2258735 2260729 2262987 2265664 2267147 2269869 2271200 2272091 2273213 2274104 2276325 2277273 2279158 2281492 2282840 2284704 2286189 2289636 2290669 2292322 2294261 2295330 2297153 2300365 2302454 2304190 2306503 2307463 2309249 2311853 2312758 2314890 2316973 2317929 2319755 2321461 2322898 2323822 2325061 2327379 2330150 2332501 2333766 2334811 2335996 2338153 2343628 2344574 2345516 2346923 2347688 2348685 2350281 2350978 2352602 2353535 2354603 2355811 2359843 2364428 2365737 2367163 2371927 2373029 2374576 2375834 2377026 2378927 2379793 2382855 2383736 2385280 2387558 2390333 2391428 2393001 2395003 2396435 2398705 2400311 2401541 2402926 2409485 2410334 2412153 2414750 2415737 2416556 2417525 2418329 2418874 2421566 2422971 2424464 2426204 2427399 2428709 2431497 2433523 2434744 2436147 2441051 2444508 2447601 2448281 2450909 2455727 2457060 2458771 2460458 2461395 2462878 2463827 2467517 2469083 2471021 2473233 2479159 2480839 2481396 2482347 2483175 2486488 2487585 2488884 2494531 2495571 2497703 2499700 2501701 2504275 2505620 2507481 2510324 2511401 2513062 2515848 2516665 2517807 2519064 2520348 2521767 2523087 2524053 2525997 2526725 2527790 2529887 2531184 2532145 2532841 2533804 2535090 2536991 2538458 2540659 2542061 2544619 2546789 2548039 2550863 2551570 2554260 2557434 2558808 2562857 2564987 2565605 2566887 2568340 2570627 2574006 2576495 2577523 2579840 2580940 2582438 2584505 2586186 2587448 2589711 2591623 2595275 2596049 2597182 2598736 2599981 2602424 2604156 2605923 2607363 2608524 2610856 2611581 2612869 2614122 2614841 2616746 2618952 2619751 2621648 2624258 2628585 2629371 2632185 2633937 2635226 2637616 2639697 2640959 2644536 2645720 2647769 2648562 2649386 2651855 2652861 2654875 2656644 2659304 2660914 2662213 2663198 2668234 2670593 2671962 2672959 2674174 2676561 2678507 2679953 2681498 2684607 2686611 2687474 2689111 2690317 2692611 2695805 2697000 2698788 2701965 2703854 2704536 2706548 2707685 2708809 2711148 2712756 2713909 2717012 2719663 2721778 2724231 2725299 2727563 2729203 2731622 2732412 2733321 2735908 2737257 2742209 2744599 2749472 2750796 2752162 2753792 2755633 2759265 2761112 2762845 2766480 2768658 2771246 2774777 2779759 2781768 2783122 2784822 2787046 2787979 2789417 2790459 2791168 2792790 2796482 2797448 2798798 2800697 2804073 2805341 2806856 2810797 2812467 2814984 2816224 2818088 2819202 2820502 2821922 2823070 2824169 2825691 2826695 2827491 2829919 2834447 2835285 2837614 2839408 2840804 2841940 2843592 2846839 2848408 2849288 2850278 2851523 2852468 2857562 2859078 2860335 2861122 2863223 2864245 2865333 2866088 2867762 2869352 2871996 2872952 2875156 2876495 2877852 2879626 2880507 2882256 2883550 2885321 2886852 2887830 2889604 2891407 2891932 2893358 2895465 2898934 2900142 2902933 2905309 2906403 2907577 2908917 2909683 2911801 2916029 2916842 2919257 2921530 2922566 2923293 2928723 2930241 2931817 2932622 2936711 2937810 2939869 2940919 2943845 2944859 2948050 2949342 2950980 2951715 2952394 2954138 2955197 2957165 2961370 2962621 2964899 2966979 2968376 2970816 2972981 2973782 2978324 2982165 2983563 2984561 2988143 2989334 2990381 2991804 2992444 2994638 2997838 2998519 2999697 3005804 3007098 3009731 3013889 3015145 3019552 3020767 3022039 3022695 3025547 3026742 3028752 3029831 3030781 3033316 3034633 3036205 3038440 3039393 3040948 3043892 3047495 3050269 3052601 3055803 3058815 3063164 3064983 3066435 3069148 3070261 3072979 3074253 3075918 3078177 3079948 3081517 3082604 3086205 3088723 3090768 3091868 3092520 3094903 3097164 3098117 3099284 3102049 3104379 3105531 3107082 3108648 3113789 3114890 3116831 3117649 3119596 3120379 3121626 3124218 3127576 3128822 3130518 3131262 3132056 3133051 3134164 3135842 3138029 3139953 3142833 3144453 3148263 3150278 3151274 3152688 3154146 3154918 3156242 3158365 3160104 3161450 3162653 3164163 3167192 3170111 3170860 3171835 3173339 3175389 3177847 3181416 3183136 3184312 3186332 3188198 3189562 3190431 3191159 3192171 3194818 3195930 3198401 3199290 3200513 3201850 3205272 3206498 3209767 3210756 3213521 3215500 3217047 3224088 3227959 3229139 3233586 3235289 3238439 3240019 3241986 3245050 3246298 3248630 3251047 3252002 3254620 3255950 3256951 3258509 3260387 3262519 3263541 3265978 3267201 3268252 3270411 3271760 3273790 3275285 3276756 3279088 3280987 3282017 3283881 3284966 3287507 3288235 3291369 3296691 3300431 3302562 3305742 3306720 3307982 3309669 3310538 3311892 3312696 3313990 3315294 3316412 3317547 3318224 3319650 3322380 3323595 3325549 3328059 3330336 3333825 3334882 3335509 3337039 3338459 3339654 3341023 3342459 3344083 3344695 3346822 3349992 3351266 3352273 3354292 3355861 3357025 3357859 3358820 3362034 3364093 3365666 3368587 3370175 3372129 3374237 3376374 3377889 3379810 3380625 3381355 3383310 3384448 3385568 3387487 3388696 3397420 3398551 3400118 3401042 3405960 3406711 3408109 3409140 3410199 3411394 3413502 3414339 3417700 3418861 3420255 3422148 3422940 3423925 3425361 3426821 3427474 3428819 3430001 3431330 3433004 3434056 3437500 3438983 3440680 3442470 3443536 3447599 3448985 3449961 3451433 3453057 3456930 3458282 3460290 3464682 3466362 3467069 3470311 3471761 3473736 3476560 3479591 3480595 3484844 3488731 3490126 3491189 3494330 3495470 3496586 3497642 3499131 3503004 3504823 3505682 3507635 3510726 3511452 3515410 3516775 3517949 3518830 3520140 3520871 3523194 3523787 3527577 3528667 3529248 3531778 3532643 3534849 3537831 3540574 3542255 3543630 3544549 3546041 3548731 3550346 3551226 3552935 3554874 3555883 3556769 3558837 3562381 3564832 3569991 3572730 3575316 3577263 3577871 3582089 3583012 3589588 3590661 3591257 3593487 3594600 3595920 3597112 3597785 3598704 3599309 3600789 3602293 3604476 3605614 3611840 3614214 3617981 3619714 3620353 3622996 3626559 3629711 3630669 3632407 3636992 3639324 3640436 3645392 3648517 3656865 3657782 3660727 3662939 3663754 3664844 3666028 3668192 3669210 3670697 3672485 3674764 3677982 3679783 3681957 3683566 3684959 3686277 3689149 3689941 3692772 3693592 3695273 3696816 3698005 3699244 3701217 3702252 3702958 3703770 3705252 3707956 3709479 3711859 3713083 3714524 3715385 3717683 3718837 3720318 3721647 3724037 3726117 3728970 3730052 3731312 3735429 3740030 3740998 3745060 3745763 3747544 3748553 3749475 3751465 3753509 3757881 3761409 3762686 3765468 3766633 3769206 3775440 3777436 3779483 3780806 3784440 3786341 3787446 3788892 3791539 3792886 3795077 3796458 3800756 3804405 3806718 3808585 3811025 3814142 3817111 3818383 3819995 3821136 3823482 3824454 3825312 3829961 3832131 3833494 3834696 3836631 3837875 3839853 3842587 3844820 3848891 3849774 3850366 3850959 3854186 3855984 3858098 3859549 3860893 3862659 3863632 3866363 3867668 3868614 3876744 3877530 3880401 3881740 3883338 3885821 3888370 3891802 3895614 3897204 3899179 3900041 3901516 3903444 3904088 3905760 3910389 3911454 3912084 3912975 3913874 3919652 3920810 3924267 3926259 3927267 3930100 3931512 3932562 3933568 3937576 3938519 3940804 3942135 3943336 3945978 3947715 3953032 3954012 3956256 3959183 3960543 3961284 3962149 3962844 3963773 3965634 3966592 3967377 3968585 3971204 3972857 3975164 3976380 3977553 3980555 3981880 3982806 3984287 3985329 3986520 3987357 3989384 3992534 3995260 3997061 3998736 4000062 4001739 4002991 4005750 4007492 4008890 4010396 4012964 4014646 4016358 4017243 4018856 4020034 4021208 4023256 4024409 4027541 4029458 4031463 4033250 4034609 4037837 4040930 4042284 4043019 4044817 4047489 4048321 4049700 4052676 4053685 4056847 4059672 4060777 4064355 4064880 4066140 4067264 4068196 4069546 4070449 4072298 4074753 4076260 4079431 4081488 4082484 4083210 4084468 4085584 4086953 4090881 4093190 4094373 4095530 4097284 4098647 4100185 4102137 4103115 4104123 4105221 4105849 4111182 4112156 4113952 4115350 4117207 4118694 4121674 4124759 4126607 4128693 4129997 4133739 4134844 4138224 4139712 4141349 4142413 4143455 4147868 4149523 4151527 4153248 4154155 4155827 4157443 4159281 4160202 4161615 4163090 4164960 4166275 4167749 4168408 4169437 4170886 4172354 4173703 4178552 4179436 4180552 4182019 4183345 4185578 4187741 4190127 4191798 4194666 4195916 4196622 4198010 4199181 4200793 4201319 4202453 4203633 4204604 4205893 4206936 4207779 4208669 4209787 4210924 4212608 4216336 4217636 4218752 4219872 4221945 4224973 4227370 4231274 4234027 4234745 4236135 4240234 4240770 4242968 4245316 4248600 4252536 4254235 4258222 4258970 4260211 4261384 4262887 4263665 4266161 4268460 4270251 4271456 4272757 4274223 4275930 4278400 4279936 4281359 4281936 4282689 4283974 4285510 4287312 4289855 4290690 4291713 4293688 4295865 4297157 4306460 4307181 4308418 4310927 4312265 4313445 4314485 4316596 4317593 4319396 4323660 4325513 4328378 4329094 4332452 4335109 4335791 4344721 4346139 4347149 4348436 4349639 4351953 4353741 4355223 4356291 4359742 4363698 4364919 4365688 4368816 4370450 4372552 4375888 4376916 4379221 4382174 4383744 4385177 4386110 4388329 4390205 4391497 4392417 4393392 4394556 4396059 4397083 4398341 4400409 4404334 4405794 4406958 4409702 4413223 4414185 4417065 4417774 4418915 4421298 4426505 4427463 4428972 4430851 4432945 4437578 4439763 4441394 4444894 4445705 4446630 4448884 4451051 4452617 4454445 4455402 4455925 4459280 4461111 4463228 4464496 4466454 4467518 4469588 4472159 4472946 4475184 4476514 4478938 4480465 4481782 4484387 4485578 4486833 4487882 4489582 4490212 4497688 4500588 4503697 4505230 4506683 4508839 4510418 4513732 4514705 4515548 4516911 4518981 4527184 4528360 4529218 4530279 4531918 4535227 4536107 4539262 4543280 4545010 4546716 4552102 4553043 4554481 4556857 4559482 4565151 4567481 4568804 4569453 4570237 4571221 4573133 4577478 4578898 4579809 4581833 4583301 4584776 4587260 4589103 4590767 4592392 4594266 4595140 4598443 4600025 4601828 4602629 4605593 4607713 4608760 4612084 4614367 4615392 4618109 4618976 4621220 4623475 4627765 4629009 4631453 4632898 4633787 4634582 4635148 4639388 4640396 4641714 4644992 4645943 4647587 4653419 4654846 4656640 4657803 4661039 4662394 4664291 4665756 4667418 4669146 4671219 4672193 4673793 4675525 4676740 4680146 4682032 4682919 4684036 4685874 4688973 4692276 4693293 4694390 4697595 4699668 4700361 4705052 4705963 4707143 4708181 4709286 4712112 4713327 4714292 4715450 4717052 4718856 4721908 4723656 4725198 4727335 4728221 4729039 4731234 4732369 4733633 4735922 4738622 4741565 4742941 4744902 4747791 4749313 4750032 4751278 4753708 4755073 4756700 4758576 4759913 4762329 4763462 4764154 4765500 4766276 4767412 4769044 4771065 4771900 4774445 4779667 4780650 4782540 4783420 4784789 4788510 4790331 4791856 4792737 4793668 4795667 4799151 4800378 4801339 4801886 4802967 4805539 4807587 4810754 4814665 4816756 4817745 4818820 4822196 4823604 4824501 4825481 4826788 4828123 4831730 4833546 4834591 4836416 4837149 4838124 4841154 4843150 4843788 4845477 4848622 4849831 4850849 4853094 4854879 4857092 4865207 4866023 4868499 4869493 4870839 4873343 4875498 4876991 4877761 4879156 4881543 4883244 4884920 4886854 4888191 4889707 4895349 4896353 4897940 4899617 4900988 4902209 4903181 4904482 4906399 4908584 4909876 4913471 4914712 4916983 4917776 4922038 4922916 4923971 4925976 4928144 4929950 4932606 4934387 4938328 4940817 4941731 4943637 4944574 4948615 4949911 4951141 4952257 4953724 4955322 4956191 4959695 4960347 4961944 4963106 4964673 4965792 4967220 4968052 4968683 4973811 4976196 4977138 4979057 4980761 4982239 4984311 4985660 4990338 4991681 4992488 4995924 4996774 4998414 5002283 5003100 5005816 5006952 5011281 5013488 5014446 5016061 5017104 5018395 5020928 5021507 5023318 5025645 5028305 5029033 5030539 5031629 5035096 5036856 5037695 5039346 5040764 5042094 5044096 5045124 5046236 5047484 5049047 5050032 5051334 5052096 5053786 5061008 5063701 5064975 5065729 5068439 5071610 5073744 5076417 5079198 5080443 5082101 5085120 5087225 5089476 5090692 5092060 5092871 5095264 5097859 5098941 5099873 5105305 5106618 5109494 5110299 5112078 5113064 5114231 5115190 5116283 5118027 5119243 5121189 5122438 5126258 5127131 5127976 5130801 5132396 5133415 5139037 5141769 5142843 5143986 5145403 5147125 5149212 5152290 5153596 5154800 5156553 5157714 5158803 5160448 5161926 5162775 5166574 5169130 5169669 5171394 5174346 5175269 5176526 5177864 5179189 5181212 5182657 5184454 5187627 5189828 5192009 5194278 5195282 5196508 5198518 5199714 5201559 5204485 5208147 5210707 5213785 5214491 5217657 5218572 5222139 5226647 5228263 5229016 5230705 5233646 5238130 5239376 5240446 5242055 5243425 5245885 5246730 5248118 5249143 5252490 5253852 5255242 5256316 5259567 5260220 5261299 5262622 5263566 5265785 5267588 5269377 5272007 5273764 5275378 5282086 5283411 5284705 5285774 5288030 5289266 5291651 5293532 5297165 5298072 5298836 5303593 5305219 5306512 5307981 5309028 5310040 5312559 5313414 5314469 5317641 5318998 5319900 5322169 5324790 5327021 5330128 5331445 5333369 5334954 5336797 5339234 5341124 5344560 5348744 5350905 5352099 5353304 5354568 5355824 5360910 5364252 5366334 5367114 5367967 5368771 5370107 5371183 5372179 5374007 5378477 5379545 5381529 5383234 5385479 5386247 5388862 5392919 5395650 5396839 5397681 5399676 5401492 5403669 5404816 5406368 5407421 5408753 5410578 5411782 5413615 5418287 5420150 5421202 5422260 5425234 5426364 5427124 5430337 5431179 5433169 5434104 5435251 5437474 5440916 5443490 5448083 5449427 5451218 5452295 5454012 5457634 5459701 5460949 5463869 5464965 5468014 5470828 5471427 5473310 5475634 5476334 5477707 5479253 5480789 5482446 5484256 5485527 5486976 5491056 5495737 5497273 5500108 5500829 5503113 5506034 5507295 5508084 5509806 5511963 5512613 5515218 5516920 5519192 5521940 5522801 5524141 5524910 5528866 5530942 5533404 5537093 5538103 5539547 5541962 5543674 5545472 5548448 5549331 5550127 5552248 5554583 5556187 5557851 5558979 5562109 5565084 5566861 5569885 5571009 5571854 5573929 5576620 5579076 5580596 5581272 5582886 5583943 5585276 5587086 5589463 5592401 5594736 5597507 5599167 5600974 5602412 5603254 5605708 5606764 5610779 5611821 5614215 5616004 5618141 5621789 5622571 5623323 5624965 5629971 5630699 5632193 5633598 5638276 5640290 5641951 5643629 5647214 5649111 5650730 5652163 5655333 5656058 5657747 5662094 5663538 5666705 5668292 5670330 5671479 5672679 5677505 5678145 5681824 5683262 5685510 5687158 5688543 5689828 5690614 5692601 5693846 5698459 5699472 5701479 5703717 5705762 5708191 5710781 5715154 5718045 5719595 5722151 5722957 5724306 5726782 5728484 5730038 5730834 5733545 5735594 5736558 5737658 5739771 5743348 5745070 5750252 5751183 5752392 5754711 5758270 5759974 5761045 5762451 5766570 5769390 5770547 5772597 5775730 5781256 5782745 5786186 5788115 5788947 5791629 5793961 5794790 5796557 5801143 5803250 5804255 5806350 5807400 5811001 5812648 5816236 5817241 5818345 5819334 5820137 5823143 5824469 5825210 5826743 5827934 5829048 5830624 5832484 5834780 5836630 5838005 5839514 5840511 5842484 5845773 5846894 5850127 5852853 5855457 5856145 5857928 5861022 5862265 5863393 5865046 5868450 5869113 5871065 5872064 5874077 5875350 5878330 5879490 5881453 5882685 5883329 5886170 5887306 5888212 5890122 5892620 5894139 5895563 5896783 5898974 5900809 5903635 5904380 5907946 5908597 5912404 5913859 5917445 5919062 5921086 5921986 5925580 5928370 5930813 5936459 5938854 5940105 5940816 5941924 5943282 5945779 5948853 5950250 5951776 5952415 5957372 5958507 5959962 5961115 5963307 5964513 5965544 5966214 5967844 5969742 5973419 5975312 5978383 5980713 5982120 5982970 5984347 5985739 5986984 5987988 5989857 5991419 5992350 5993956 5996074 5999261 6000092 6001224 6002510 6003672 6004632 6006492 6007684 6011549 6012562 6015022 6015748 6018126 6019240 6020603 6023500 6024989 6026250 6027344 6030027 6032095 6036534 6037295 6039578 6043293 6044464 6045851 6047266 6050445 6052528 6053525 6054655 6058088 6058748 6060262 6062081 6063790 6065750 6067923 6068703 6069732 6070762 6072197 6075130 6076492 6077937 6080243 6081145 6085707 6089289 6089983 6091396 6092429 6093363 6095076 6096588 6097408 6100267 6102749 6104733 6106699 6107318 6108802 6110828 6111586 6112458 6113925 6117523 6121860 6123049 6126040 6130982 6132852 6137413 6138573 6142400 6146891 6148572 6150153 6152831 6153919 6155169 6158874 6160531 6161538 6162552 6165291 6166838 6168439 6169946 6171631 6173674 6175838 6178018 6183599 6184981 6185812 6187592 6190965 6191871 6193549 6194864 6196160 6198601 6199385 6200827 6202255 6206064 6209566 6210500 6213693 6214957 6216245 6218711 6220595 6221419 6223769 6225999 6227332 6229481 6232109 6235861 6238162 6241841 6243296 6245115 6247582 6249311 6250788 6253474 6255453 6256546 6257623 6262267 6265532 6274663 6277978 6279258 6280954 6281717 6282808 6284309 6287194 6290844 6294989 6298887 6300404 6301463 6307502 6310833 6311870 6312807 6315595 6316448 6318331 6319071 6320318 6323022 6323638 6325782 6327302 6328099 6329329 6330016 6332313 6334293 6337722 6340772 6344977 6346945 6347981 6350754 6353056 6357998 6359866 6363763 6364682 6365840 6366585 6367462 6369062 6371153 6373263 6374815 6378211 6380096 6382350 6383790 6387123 6387917 6388672 6391048 6393211 6394466 6397685 6398735 6399723 6400776 6402825 6406945 6408584 6409680 6412857 6415126 6416488 6417991 6420052 6422238 6424064 6425620 6427286 6428693 6430191 6431078 6431932 6434237 6436862 6439905 6440805 6443860 6445075 6446673 6449216 6450051 6452387 6453798 6454720 6456147 6457008 6459495 6463234 6466195 6468117 6468763 6470742 6471305 6472220 6473601 6475829 6477608 6489143 6490590 6493984 6495953 6497962 6501834 6503782 6504445 6506078 6507467 6508753 6510497 6511685 6512772 6515997 6517346 6518989 6521288 6522322 6522908 6525557 6528892 6531050 6537238 6538696 6539494 6540590 6541555 6544000 6545522 6546509 6547871 6549026 6550438 6554752 6556678 6558743 6559454 6561133 6561888 6566297 6568298 6569747 6572135 6572964 6573785 6574663 6575659 6576944 6578706 6580075 6581040 6582979 6585980 6587274 6588351 6588886 6589975 6591085 6594583 6595706 6598088 6599266 6603201 6609506 6614484 6615701 6617391 6618023 6618764 6621230 6623294 6628428 6629552 6631894 6635179 6636696 6638075 6639647 6641088 6641797 6642860 6644040 6645003 6646323 6647186 6648681 6651244 6652853 6654030 6654879 6657434 6660882 6662291 6663036 6663971 6665219 6667485 6669101 6670022 6670878 6674019 6675652 6676660 6678243 6686233 6688132 6691162 6692366 6693640 6695473 6696596 6697948 6700645 6701589 6703642 6706743 6708602 6712239 6714999 6716834 6720808 6722775 6724278 6726677 6728157 6729949 6732710 6733449 6734503 6736988 6738371 6739382 6742487 6746079 6749855 6752099 6753287 6754921 6757788 6761130 6762770 6763593 6764647 6766269 6767371 6770933 6773714 6776258 6777958 6778929 6779797 6781283 6782150 6783393 6784876 6786151 6788595 6789439 6793137 6794599 6795689 6798654 6803173 6804011 6806087 6808295 6809375 6810275 6813125 6814535 6816756 6817847 6819155 6821177 6823668 6824569 6831523 6832330 6833123 6834650 6835735 6837191 6838736 6843074 6844940 6846358 6850465 6852055 6855640 6856251 6857263 6862949 6863604 6868751 6869736 6870521 6872084 6874528 6877596 6879109 6880135 6880930 6884474 6886323 6889080 6890774 6892701 6893745 6894754 6897166 6898390 6899563 6900518 6901319 6902972 6904031 6904894 6906081 6909160 6910179 6912048 6912819 6913957 6916052 6917109 6919569 6920854 6932354 6933855 6935925 6940424 6941521 6944013 6944823 6946313 6947596 6949021 6950478 6951542 6953353 6955355 6956875 6958374 6960928 6962751 6966098 6968754 6970364 6971351 6975890 6978641 6980669 6982602 6984336 6985994 6987944 6989714 6990665 6992862 6994041 6994981 6996142 6998630 7001264 7003112 7005083 7007529 7008658 7011546 7013642 7014196 7015579 7016104 7017318 7019621 7021249 7023589 7025924 7027008 7029117 7029812 7035310 7038141 7043215 7043839 7045223 7046967 7049135 7050512 7051426 7053616 7056020 7060033 7062301 7063530 7065118 7066417 7067365 7068342 7069176 7069862 7071617 7074238 7075867 7077173 7080878 7083081 7084995 7087078 7088008 7089024 7091404 7092483 7094985 7096479 7099654 7102536 7104011 7105178 7106570 7107473 7109622 7112874 7115832 7116691 7117976 7119453 7122018 7124561 7125679 7128422 7130585 7131820 7133035 7134487 7135874 7136730 7139889 7140769 7141494 7143119 7145826 7147011 7148246 7152014 7152520 7153427 7165206 7167566 7169500 7170363 7171402 7172125 7173810 7174848 7176441 7177374 7179035 7182530 7184801 7186851 7187579 7188909 7189950 7192417 7194658 7196650 7198237 7199395 7202437 7204130 7204790 7205894 7206513 7207840 7208796 7210824 7213798 7214899 7215760 7217216 7219218 7221661 7222750 7223960 7226233 7227188 7228590 7230136 7231857 7232747 7233831 7235551 7236414 7237267 7238499 7240019 7243557 7247137 7248670 7250946 7252307 7256915 7257881 7259780 7261192 7263060 7263798 7264978 7266783 7269161 7270881 7274261 7276284 7277252 7278603 7279360 7281957 7286436 7289335 7291277 7294381 7296979 7298633 7301278 7302219 7305014 7306145 7308299 7310756 7311592 7312819 7314097 7314965 7316524 7318073 7320113 7321012 7326281 7327468 7328384 7332390 7334002 7335723 7338639 7339639 7342194 7344114 7346145 7347252 7347885 7348983 7350027 7350901 7351741 7352336 7355542 7357306 7358664 7360316 7362264 7363409 7364863 7367239 7368454 7370071 7372066 7373512 7374246 7375120 7375945 7382330 7384271 7385649 7386937 7388806 7390115 7390836 7395076 7396839 7397916 7400332 7401017 7401897 7402870 7403792 7405471 7406335 7408623 7410178 7411002 7412195 7413061 7416397 7417516 7419311 7420449 7421206 7421854 7422760 7423489 7425324 7426304 7429400 7430462 7431481 7432532 7434445 7435083 7436098 7436780 7438422 7440400 7441319 7443009 7444099 7445335 7447018 7449891 7451560 7453409 7454475 7455311 7456150 7457636 7458992 7460556 7464892 7467081 7468337 7470588 7472034 7474209 7476099 7479614 7485998 7487059 7489108 7490343 7492027 7493929 7495058 7496794 7501645 7502945 7503539 7505983 7508070 7512687 7513677 7518620 7520033 7522041 7524597 7525749 7526595 7529166 7530322 7534371 7537046 7537880 7541135 7542396 7543904 7545010 7547306 7548747 7549659 7553356 7554193 7555008 7555632 7557400 7558545 7560760 7562676 7565395 7567851 7569114 7570486 7572341 7574965 7575585 7577212 7578895 7579629 7583747 7588697 7589859 7591249 7592713 7597162 7598768 7600801 7602436 7603091 7604280 7605658 7608458 7609626 7612306 7613507 7614643 7615538 7618143 7618925 7619878 7621273 7627246 7628401 7630210 7631801 7632873 7637789 7638697 7640608 7643185 7644199 7645982 7647642 7648799 7658465 7664634 7665358 7666081 7667647 7669984 7672593 7675494 7677002 7679890 7683322 7685460 7686273 7688174 7689578 7690405 7692771 7695435 7696787 7699061 7699832 7701857 7702651 7703533 7704889 7706417 7708971 7711005 7712502 7713762 7715549 7717974 7718807 7721806 7723875 7725062 7726648 7727972 7731756 7734485 7737562 7738408 7739966 7740702 7742680 7743679 7748183 7750359 7751682 7752937 7755701 7756688 7757517 7759307 7762105 7764335 7766913 7771004 7772136 7772866 7775517 7776862 7780747 7782224 7783363 7784555 7787038 7788194 7790561 7792369 7793468 7794828 7796065 7797013 7800997 7802906 7805379 7806999 7809132 7816410 7817334 7818264 7820868 7823218 7824771 7825838 7828866 7830015 7831983 7833986 7836428 7837686 7838686 7839582 7840799 7843955 7845434 7849607 7853256 7853966 7855579 7857623 7859718 7866382 7868486 7870633 7873453 7874745 7875790 7877938 7879948 7881721 7882931 7883765 7885795 7889434 7892487 7895353 7897173 7898660 7902436 7903266 7904506 7905913 7908225 7910414 7911577 7912776 7914955 7916876 7918893 7920212 7922342 7926431 7927894 7930223 7932791 7934123 7935411 7936609 7937479 7938501 7942897 7945111 7947419 7949765 7955101 7956401 7958123 7962186 7965541 7967976 7969981 7971843 7974186 7977897 7979717 7981352 7982891 7984331 7985776 7988422 7992480 7994101 7995805 7998232 7999514 8000616 8006854 8008309 8010686 8013378 8014874 8016111 8017605 8018550 8019604 8020983 8022272 8029302 8030417 8031612 8032694 8033792 8034865 8036765 8042746 8044022 8044591 8046390 8047008 8048661 8050304 8052178 8052916 8055346 8056149 8059031 8061256 8063337 8067462 8069062 8071523 8073940 8078756 8080146 8085572 8087118 8091545 8093173 8094156 8096326 8098362 8100612 8102038 8103026 8105219 8107491 8112370 8117099 8119855 8121170 8123153 8125872 8127225 8132723 8134339 8135423 8137599 8139437 8141600 8144948 8145893 8148824 8152979 8155329 8157005 8157719 8159969 8160798 8162183 8163891 8165895 8169110 8171443 8173536 8176428 8180744 8182264 8183509 8184668 8185990 8187490 8188373 8192818 8195044 8196715 8198757 8206660 8208226 8211465 8213226 8214628 8216333 8217869 8219809 8221662 8225234 8226222 8226813 8227462 8229822 8230512 8233043 8234189 8236557 8238746 8239791 8241550 8242288 8243557 8245198 8248339 8249162 8250061 8250772 8252577 8254905 8255638 8257107 8258083 8260554 8261955 8265178 8266552 8267882 8269911 8273284 8274282 8275809 8281646 8284250 8285441 8286727 8287322 8288597 8290086 8290982 8292460 8293735 8294540 8296865 8299563 8300340 8301893 8303105 8304013 8306051 8307242 8308817 8309839 8311038 8312690 8314393 8315524 8317201 8319871 8320904 8324943 8326137 8329801 8331013 8332640 8334035 8335246 8336923 8338964 8342471 8344351 8347116 8348313 8349300 8350827 8353031 8358661 8359952 8361846 8362824 8364046 8365556 8366957 8368979 8370471 8371691 8375480 8377804 8379418 8381734 8383235 8384109 8390523 8392363 8393540 8394929 8398661 8400649 8402396 8405010 8406444 8407849 8408812 8409816 8410772 8412674 8414415 8415390 8417504 8418400 8421750 8422781 8424330 8426204 8428521 8431640 8432946 8435860 8437455 8438466 8439875 8442372 8443281 8444296 8446552 8448162 8452165 8453716 8456755 8461103 8461904 8464103 8467434 8468389 8469832 8471738 8472523 8473616 8475340 8477384 8479302 8480562 8481676 8486827 8487923 8489111 8491086 8492077 8496880 8499894 8501726 8502670 8511541 8512930 8513527 8516287 8518013 8519142 8521147 8523296 8524832 8525695 8529343 8531453 8533350 8534723 8537546 8540967 8542127 8545208 8546935 8547733 8548943 8550226 8551935 8557105 8559073 8561695 8563642 8566104 8567335 8568231 8570490 8572048 8572840 8575795 8577224 8578424 8583164 8584605 8586854 8587679 8588817 8592651 8594419 8597811 8599637 8600202 8601111 8602143 8604949 8605530 8606542 8608418 8609876 8610782 8613814 8614327 8615285 8616443 8618024 8619649 8621200 8622080 8623064 8624969 8626810 8628136 8630526 8631669 8633642 8635891 8636714 8638314 8642321 8644662 8647300 8650435 8652483 8653812 8655015 8657104 8658386 8661991 8664975 8669335 8670783 8675271 8676714 8677234 8682490 8686120 8688429 8689527 8692584 8694087 8695323 8702199 8705059 8707345 8709457 8711447 8712758 8715159 8720271 8721112 8723055 8724338 8725319 8728099 8730614 8732857 8734663 8736895 8738324 8738939 8740442 8741931 8744270 8747152 8749875 8751696 8754516 8758129 8759125 8760219 8763202 8765623 8766958 8768688 8771419 8772183 8775583 8777211 8777945 8779541 8782389 8783068 8786009 8786777 8788278 8790631 8792018 8793282 8795424 8796199 8797928 8799930 8802417 8806955 8807883 8809236 8810314 8811223 8812488 8813458 8815331 8816153 8817336 8818813 8819514 8822559 8825227 8827189 8828479 8831109 8832406 8833459 8835460 8836443 8837536 8839646 8840679 8842098 8845211 8846498 8847543 8848680 8849759 8850623 8852344 8854620 8855396 8857946 8858679 8861958 8865156 8865833 8866825 8870824 8872540 8873455 8875946 8877119 8877741 8879929 8884060 8887926 8890918 8892933 8894130 8895007 8897280 8900998 8902801 8904064 8907807 8909884 8911630 8912199 8913830 8915497 8918056 8919134 8920131 8922825 8924227 8925278 8929272 8929978 8930937 8932931 8935361 8938233 8939732 8942981 8946252 8946793 8947489 8950192 8951230 8953294 8955286 8956620 8959648 8960522 8961472 8962680 8963804 8965390 8967233 8968575 8971642 8974815 8975923 8981138 8983516 8984719 8985964 8986818 8990542 8992221 8995036 8996089 8999023 9000805 9001980 9002986 9004229 9005929 9007087 9008823 9010277 9014293 9015420 9015986 9018314 9019248 9020767 9021753 9023217 9025746 9028679 9030437 9031547 9034346 9036014 9038907 9041629 9042736 9045352 9047043 9050704 9051433 9053458 9054392 9056079 9056928 9058092 9060449 9061904 9064072 9065344 9066228 9068352 9069193 9070814 9071822 9072830 9073496 9074858 9076353 9077857 9079343 9080423 9081229 9084727 9086590 9089400 9092970 9093891 9095181 9097281 9098797 9104502 9105290 9107438 9108998 9110170 9116155 9117070 9119470 9121884 9124690 9126725 9128818 9129974 9130923 9134947 9137002 9139508 9141888 9143770 9145452 9146488 9147926 9149573 9150728 9151747 9153192 9156189 9157262 9158861 9159808 9160894 9162180 9162748 9166246 9167488 9170111 9171159 9172992 9175066 9175856 9176790 9179031 9180873 9181526 9182474 9183781 9188791 9192508 9195065 9197189 9199569 9200894 9202104 9205597 9206190 9206873 9210581 9213944 9218514 9219337 9220504 9221509 9223281 9224749 9227096 9229320 9231623 9233184 9237840 9240292 9242149 9245377 9247646 9251063 9253622 9255088 9256643 9257733 9258484 9260522 9263010 9266090 9269251 9270312 9272991 9274595 9275716 9277069 9278849 9281996 9284345 9286000 9287755 9288571 9289212 9291823 9292893 9296556 9301469 9302672 9304894 9305989 9307884 9309663 9312625 9314481 9316400 9317917 9318969 9321373 9322391 9323315 9324740 9326441 9328036 9329048 9330781 9331500 9334269 9336237 9338843 9342682 9343413 9344933 9347151 9348000 9349500 9350299 9352872 9356919 9358142 9359574 9361821 9362661 9363700 9364577 9365916 9368709 9372369 9373823 9378806 9379713 9383066 9385015 9386423 9388843 9391842 9393589 9395732 9396955 9398655 9399413 9400826 9401870 9405609 9408593 9411153 9414991 9418614 9422063 9422915 9425020 9428038 9430550 9432103 9436535 9438755 9441405 9443796 9445593 9448435 9450588 9451175 9453178 9455434 9457563 9459256 9459870 9461116 9464570 9466569 9467255 9468974 9471221 9472433 9474323 9481956 9482782 9486745 9488275 9489688 9490911 9492222 9494208 9495146 9496727 9499357 9500284 9502231 9504975 9506927 9508313 9511048 9517856 9521171 9522033 9523806 9524464 9526155 9527544 9532132 9532727 9535265 9536590 9538428 9539592 9540564 9543207 9545835 9547106 9550626 9552999 9555008 9557729 9560840 9562500 9567907 9569234 9571951 9573192 9575496 9577739 9580205 9587325 9589605 9590723 9593334 9594902 9598604 9599688 9601064 9605118 9606851 9608851 9611213 9616116 9618493 9623823 9625207 9627529 9629761 9631914 9635398 9637114 9639090 9639623 9641112 9643315 9647418 9649065 9650236 9653315 9654816 9658054 9661252 9662064 9663499 9667524 9669180 9671987 9673069 9673781 9675413 9676672 9678624 9680511 9684598 9685362 9687556 9688739 9690539 9692081 9694214 9695291 9695934 9697025 9697781 9700876 9702292 9706132 9707296 9708529 9709764 9711819 9712952 9717556 9720391 9721799 9723733 9724603 9725888 9729336 9730181 9730822 9731680 9733296 9736755 9738220 9739278 9739834 9742324 9744411 9747042 9748671 9750770 9751871 9755485 9756455 9758210 9760301 9762103 9763224 9765974 9768773 9772486 9773837 9774971 9776803 9778120 9779381 9781028 9783124 9784127 9784886 9786386 9787847 9789869 9793373 9796112 9797670 9800428 9802314 9805207 9806188 9808579 9809758 9811444 9812246 9814126 9814810 9816419 9818024 9819001 9819897 9824382 9825325 9826060 9827981 9828975 9830569 9832334 9833452 9834076 9835387 9838176 9841374 9844933 9852516 9855467 9858199 9859803 9862635 9865223 9866055 9866755 9868137 9869594 9871127 9873212 9873983 9878275 9879202 9879975 9882520 9884792 9885916 9887857 9889365 9892351 9894319 9895895 9899794 9900473 9903168 9905132 9906665 9908950 9910380 9913233 9914515 9916659 9919547 9921615 9922903 9923909 9926145 9926933 9927903 9928773 9931862 9934313 9935029 9937305 9939340 9940929 9941553 9943080 9944435 9946490 9950908 9955270 9960067 9961296 9962516 9964425 9965690 9971488 9972408 9973444 9976410 9977190 9978994 9980370 9981499 9982691 9989015 9992059 9992836 9994532 9995976 9998357 9999629 
</Matrix>
<Matrix name="Neuron_444" type="complete" rows="1" columns="2704" multiplier="1.0">
   931 3747 5596 9936 14675 18218 23757 27490 28968 35702 36798 39060 44355 45769 51326 60538 61935 64880 69774 71093 73299 76042 79286 81524 84498 91722 96455 98145 100867 102189 104317 106583 111421 114043 117991 121059 123793 125641 128164 133423 135629 137733 140749 142509 144533 149465 152679 153474 155028 158980 159873 160895 163109 164274 165551 166543 168938 170944 172040 173599 175033 179834 189105 195628 202482 211280 213756 218916 224791 228744 233076 235381 238278 241566 243761 246513 247343 249694 259439 260968 263831 265682 267503 273537 274915 277170 279544 282431 284805 285926 290701 297028 301457 307374 309239 311495 315309 318157 323919 332335 335250 337162 338162 339433 341739 349841 353974 355482 359686 366583 368220 379813 383517 384833 393899 396332 411035 414878 419234 422835 424773 426059 428658 431888 433017 443377 446136 455452 460233 462944 467720 469541 472646 476229 478891 484711 486302 491916 500172 503342 507565 510234 513276 514788 517983 519978 526733 534636 538941 544251 549198 551868 554171 557076 560087 565581 570261 576802 580901 588604 590038 593551 596001 599067 603697 606599 608421 611071 616316 619006 621829 629399 631766 634545 645461 653463 658413 660966 666700 670464 673371 677622 683772 686165 689850 694797 699515 701960 708803 710675 713251 714796 716151 720562 722875 723904 728536 729477 730700 735477 736731 737714 739171 742126 753847 760439 761407 762934 765270 768104 770230 772912 775606 777412 779114 780935 783448 805174 809661 810617 812639 818171 819181 822367 827440 829067 830857 835175 837823 839905 842248 844281 846046 848557 851959 854924 857187 861221 863240 865953 868781 873839 875033 876841 879898 883154 889761 894759 912439 918517 920881 923517 937744 938512 939541 941635 943562 945934 947120 949538 950611 953555 957706 959126 966740 969697 976644 979491 980134 981121 982547 989364 999715 1000816 1002822 1004077 1008285 1014824 1026704 1028277 1029468 1030949 1034504 1036061 1041497 1043195 1044807 1051147 1060194 1068689 1069733 1073326 1079511 1080707 1083101 1087478 1089499 1090880 1092084 1101680 1112335 1116719 1121257 1124803 1126218 1127038 1129200 1130443 1133002 1134815 1139306 1146756 1148001 1149772 1156178 1160245 1163444 1165645 1167134 1175915 1179116 1184570 1195128 1198644 1201219 1204680 1208113 1211261 1212440 1213749 1214986 1219107 1220904 1222102 1223581 1225572 1229138 1232236 1234589 1236679 1240721 1243162 1246058 1247198 1249430 1251943 1257481 1260920 1262254 1266525 1270344 1272911 1275426 1279849 1283249 1285735 1287374 1289073 1296522 1301371 1303193 1305865 1321220 1324160 1326024 1328514 1333897 1337037 1340320 1344853 1346960 1349533 1350833 1353152 1354351 1355458 1361062 1367174 1368141 1370016 1374876 1378356 1383755 1387685 1389430 1391269 1392372 1395360 1396515 1397855 1403203 1406509 1413701 1417124 1418469 1421937 1422794 1431319 1435142 1437917 1442089 1445072 1446966 1447796 1450743 1454348 1461064 1463812 1467447 1469030 1477511 1480736 1482562 1486661 1489236 1490854 1493269 1504288 1505136 1508768 1510364 1517376 1521446 1525501 1527013 1530403 1535449 1538646 1542236 1544013 1544883 1547062 1550591 1556302 1561558 1565394 1572260 1573271 1574776 1578767 1580929 1583149 1587824 1596647 1601634 1609571 1615201 1617920 1620991 1627514 1628767 1633625 1634617 1638072 1639956 1641266 1645569 1657236 1658375 1662107 1668283 1672107 1673905 1676933 1682741 1685002 1686244 1691611 1693053 1695595 1698588 1704426 1705914 1709679 1711475 1713667 1714546 1716423 1722520 1727304 1730522 1731716 1736101 1739044 1740260 1748797 1753190 1754704 1759508 1762100 1766794 1767732 1769349 1778547 1780524 1781831 1783684 1788138 1789710 1794402 1797222 1799089 1803844 1806126 1807091 1813560 1818367 1819587 1823877 1825735 1827692 1831787 1832865 1834128 1835917 1836900 1847240 1853454 1857989 1863343 1865407 1868505 1870405 1873453 1876074 1882406 1885888 1886854 1888971 1891494 1894717 1895955 1899450 1909255 1910552 1912323 1916914 1918785 1920601 1926639 1932528 1937993 1940527 1944122 1947501 1952869 1956588 1959010 1960162 1964474 1970187 1970956 1972657 1976507 1980550 1982199 1991985 1995043 1999440 2003530 2007289 2016361 2018412 2021709 2023671 2026240 2027798 2030196 2036044 2037511 2041424 2044272 2046144 2051128 2054611 2056858 2061579 2068009 2069043 2071861 2073496 2078691 2083357 2091808 2093827 2097135 2101721 2104312 2114039 2117945 2124582 2126151 2129043 2130875 2141605 2145004 2146925 2152469 2153571 2157009 2158652 2166358 2176547 2179337 2183565 2186030 2194293 2205870 2209494 2211121 2217214 2225226 2228433 2230273 2235539 2239412 2248996 2255914 2257172 2258450 2272002 2274855 2279131 2279964 2282341 2290123 2294693 2295705 2298397 2307395 2313125 2316235 2320336 2322090 2324184 2327180 2330845 2332526 2337733 2339643 2342650 2348690 2350971 2352145 2354660 2358177 2359808 2362036 2363156 2364296 2369290 2371804 2374518 2376393 2379500 2382965 2391363 2392578 2393843 2396441 2397372 2399045 2408363 2409839 2412545 2413719 2419141 2421676 2423283 2424141 2424930 2425867 2430686 2433134 2438479 2440061 2443691 2444620 2452811 2457799 2461045 2463319 2465490 2467353 2470786 2473669 2477127 2479089 2479946 2485670 2490224 2494463 2500043 2501754 2503239 2505496 2507544 2510356 2514318 2516125 2517100 2520272 2523847 2525523 2527692 2529431 2530635 2531765 2548595 2551476 2552568 2553322 2569644 2577568 2579549 2583043 2589887 2591110 2592217 2596431 2599295 2606640 2607652 2609725 2611489 2616102 2617076 2618185 2622193 2628064 2630705 2637616 2646330 2651467 2659717 2663805 2665433 2666986 2668390 2683208 2685848 2689498 2690518 2691945 2701030 2703650 2706883 2710545 2711913 2717960 2719708 2722246 2723178 2723972 2726080 2728149 2730543 2734227 2739394 2741961 2747878 2749343 2753692 2754691 2762415 2764549 2768081 2772555 2774264 2776744 2781756 2788286 2792422 2795142 2796942 2798823 2805563 2807340 2809458 2813543 2820345 2824025 2825371 2830963 2834508 2837672 2846961 2851522 2853545 2856286 2857295 2859693 2861023 2863796 2867502 2869719 2881552 2884703 2891601 2895327 2904794 2913029 2923539 2928556 2930155 2932501 2934530 2937614 2941269 2944784 2947151 2958352 2962722 2963765 2967215 2968439 2970711 2974633 2976375 2979475 2980397 2983419 2989734 2993876 2996867 2999798 3000848 3004594 3005970 3008958 3009942 3011213 3017726 3025807 3027590 3031283 3034627 3041204 3046388 3051039 3055685 3061364 3066956 3068701 3069697 3071366 3075391 3083026 3085788 3088871 3090887 3093735 3101984 3108996 3109751 3117585 3118652 3121319 3126974 3129360 3130573 3134326 3135580 3137076 3146929 3148232 3149578 3152980 3156855 3159580 3160954 3162487 3166908 3168565 3170704 3175442 3182756 3184656 3187692 3190874 3192268 3197758 3199703 3202083 3204128 3207391 3220023 3222666 3226232 3232784 3235762 3238685 3244022 3245586 3247259 3249398 3254385 3259134 3261325 3267987 3272122 3273469 3276132 3278299 3287209 3289412 3297494 3301776 3302810 3305308 3308466 3310438 3311478 3316897 3322581 3330228 3331855 3333432 3335172 3342690 3344918 3346366 3352145 3355116 3357840 3363297 3365518 3366534 3374493 3376206 3380997 3385963 3386849 3392757 3399557 3403769 3408135 3411082 3413589 3420003 3429488 3432698 3440576 3443389 3446039 3449035 3449844 3452109 3460900 3463101 3463797 3466231 3471955 3473629 3481907 3488025 3493729 3496101 3501119 3503763 3505110 3507611 3509943 3512401 3514166 3515939 3524326 3526392 3531395 3532787 3534374 3537099 3543965 3551237 3558364 3559834 3562333 3566754 3571730 3577139 3579188 3585072 3588427 3595131 3602014 3607779 3612743 3620002 3622164 3624077 3626809 3628360 3630648 3633909 3635354 3637670 3640351 3641793 3645285 3656096 3658379 3664437 3667452 3668857 3680235 3681909 3684601 3687199 3690827 3692253 3694454 3697851 3702628 3704037 3705621 3706836 3710769 3715021 3716048 3733883 3736562 3738826 3742138 3743398 3745403 3747753 3749311 3754727 3756048 3762581 3769488 3772703 3775551 3780070 3781325 3787461 3789901 3790889 3792471 3795130 3800902 3802463 3803919 3805169 3808620 3811098 3815375 3819037 3822800 3824194 3825984 3835992 3843994 3847466 3851723 3856036 3859211 3861931 3866644 3868163 3870594 3873725 3879317 3894081 3896134 3898819 3902666 3906575 3913260 3915409 3917359 3918796 3922973 3930343 3933458 3935201 3937021 3937949 3940110 3942774 3948976 3950074 3956012 3958966 3960312 3969348 3970389 3972424 3977151 3981863 3987419 3989057 3992563 3996225 3997486 4003859 4007988 4033341 4039105 4039873 4045757 4047911 4053682 4059579 4061527 4065440 4067937 4069865 4075910 4079096 4082154 4084862 4085830 4087750 4092599 4096240 4102623 4109364 4111513 4116906 4118340 4124321 4125657 4127670 4130255 4131877 4135246 4148191 4149286 4151362 4154555 4156433 4159257 4162368 4168339 4170718 4174940 4176410 4178389 4180533 4185328 4194196 4195017 4202031 4208718 4209825 4215718 4217907 4220765 4223342 4225792 4230079 4232665 4234738 4235814 4251264 4254029 4256627 4264582 4272646 4279128 4281721 4283984 4286792 4295566 4297828 4299309 4303983 4310801 4311890 4317175 4323803 4328412 4341497 4348047 4353415 4354621 4359782 4360919 4362209 4363941 4378211 4386473 4389114 4391098 4392654 4396530 4398517 4400803 4403381 4405570 4408610 4418187 4420079 4422903 4425399 4428015 4429810 4435906 4438458 4444017 4455848 4458252 4459541 4463079 4468912 4471072 4472668 4475059 4477587 4480838 4483107 4486365 4487778 4489670 4494504 4497787 4499431 4500264 4502528 4508595 4510184 4516376 4517278 4524797 4528801 4535640 4537168 4541233 4542933 4544230 4549663 4553224 4556707 4563826 4574474 4576396 4582714 4584494 4588555 4594843 4595748 4596881 4603560 4604733 4610589 4612022 4614087 4618397 4619515 4623635 4625576 4628464 4631000 4634702 4635507 4637530 4639398 4640722 4643024 4646896 4652763 4655893 4657207 4658091 4659901 4665240 4676981 4681563 4684491 4689550 4696060 4697331 4703702 4706187 4713124 4716551 4717800 4720910 4721901 4723991 4726587 4727422 4730039 4732510 4736743 4737634 4739027 4740139 4744772 4751713 4753176 4759418 4766666 4780626 4786396 4790967 4795224 4799557 4800800 4805926 4808777 4811726 4815927 4818656 4821214 4823029 4829639 4831385 4834490 4837905 4840566 4846933 4851389 4856657 4860189 4865684 4868605 4871032 4872643 4880053 4884045 4885591 4890711 4891843 4893445 4896561 4900328 4903177 4909102 4916621 4921028 4923426 4929398 4931769 4936208 4939705 4946897 4952402 4953573 4957857 4960100 4962706 4965464 4966042 4970194 4972399 4974010 4976634 4977780 4979584 4981404 4986015 4994009 4995537 5001571 5005336 5008808 5013122 5016152 5018769 5022098 5025637 5030699 5032572 5034599 5036642 5040096 5042693 5043782 5046162 5047874 5050163 5052264 5054438 5057888 5061269 5062468 5066144 5071131 5072760 5075142 5077652 5083829 5090330 5092387 5093361 5095186 5097615 5110968 5113382 5114354 5115511 5120383 5122125 5124906 5126841 5127479 5129242 5133171 5134574 5136986 5139695 5143822 5146942 5153942 5160886 5167078 5172003 5186430 5187945 5192997 5194462 5195684 5199740 5200866 5202530 5204960 5205934 5209568 5215461 5217124 5220258 5221356 5223777 5226608 5227448 5229961 5230978 5232345 5233616 5235326 5244005 5244952 5248052 5249912 5252827 5255789 5257755 5260631 5265431 5267836 5269133 5270889 5272601 5275386 5277715 5279932 5282840 5284350 5288147 5289462 5292025 5294932 5297592 5303850 5308862 5312584 5313977 5315604 5317285 5320896 5324200 5326255 5329318 5332009 5333280 5334280 5335891 5338890 5339578 5346011 5355959 5356999 5358887 5362977 5370779 5371793 5373357 5378938 5387803 5389656 5390437 5403654 5408476 5413714 5419854 5420916 5422006 5423716 5427184 5428887 5432879 5436796 5439458 5443766 5446737 5448722 5455502 5457923 5459259 5461688 5465577 5467067 5476158 5478109 5481375 5485232 5486190 5490427 5494423 5496151 5498798 5500963 5503236 5504566 5508417 5510599 5513757 5518697 5529175 5531563 5535853 5538414 5539466 5546130 5550060 5558557 5563429 5572808 5577004 5580725 5584717 5587270 5588399 5592309 5593648 5601338 5602918 5607059 5611906 5613128 5615598 5616823 5619127 5620379 5627325 5631452 5632757 5638229 5640227 5642432 5644839 5646404 5649136 5652121 5657895 5660671 5663332 5666246 5670668 5673284 5676519 5679612 5693587 5697245 5705223 5708987 5713268 5721244 5726932 5729926 5733253 5734871 5737995 5746448 5748866 5753729 5760672 5763326 5768015 5770381 5772511 5775976 5777587 5779113 5784240 5785175 5786152 5787767 5790086 5791371 5794027 5795338 5798187 5800914 5811315 5822693 5825275 5828205 5829640 5834378 5836193 5838045 5843688 5844903 5850137 5853716 5856359 5858118 5859549 5862216 5863687 5867215 5874350 5875697 5877847 5880465 5881739 5883512 5887910 5892603 5896855 5897954 5900722 5901985 5903638 5910161 5913797 5915323 5917466 5921516 5934406 5936720 5941457 5947378 5948681 5952352 5963721 5965303 5968676 5973222 5980747 5986609 5992582 5995259 5996217 6000289 6007956 6009652 6013322 6015345 6020605 6024223 6026723 6028165 6031131 6036806 6038982 6046804 6048751 6049844 6051737 6058284 6061936 6063723 6064865 6074724 6089754 6091377 6095718 6107672 6112498 6120631 6123567 6125342 6127008 6128630 6136006 6141208 6143968 6148515 6153795 6155079 6161798 6164912 6168625 6170558 6171532 6179108 6183446 6196046 6200937 6204785 6210736 6213912 6217632 6220058 6227906 6229124 6230913 6232654 6233714 6246349 6248513 6251326 6253362 6255762 6256837 6258246 6262856 6264426 6267692 6274644 6278879 6284505 6288122 6295304 6298403 6302359 6306908 6309585 6317621 6318464 6329165 6334450 6337272 6341755 6344221 6349831 6350524 6355325 6359303 6364269 6365342 6366176 6368752 6370030 6374802 6379217 6383684 6388995 6392665 6393536 6396600 6400344 6402176 6404497 6407104 6410870 6414467 6416321 6418934 6420640 6421738 6425434 6427892 6430218 6442789 6448197 6450935 6461708 6462625 6464923 6467828 6469956 6471282 6472812 6474113 6476058 6480131 6482072 6484020 6485085 6496355 6497170 6498303 6498945 6500841 6503862 6507311 6516367 6517611 6531287 6534484 6536944 6538308 6539875 6541161 6543039 6546373 6552276 6553974 6556897 6561445 6562616 6568327 6578721 6582630 6585149 6586148 6587897 6591634 6598091 6599813 6604806 6608242 6610610 6614967 6620843 6627266 6636780 6638973 6644981 6648137 6649863 6651686 6655352 6669306 6673667 6679001 6680177 6681709 6683338 6685955 6688296 6692550 6693659 6697109 6702300 6704770 6706833 6709153 6710610 6711441 6712236 6717647 6723274 6729527 6733502 6736706 6741053 6744912 6747186 6749374 6750119 6759825 6760756 6762334 6763358 6767275 6769380 6774027 6776498 6780539 6784834 6787318 6790587 6791709 6792651 6794836 6799306 6800958 6815341 6817664 6819672 6821017 6821780 6828314 6833558 6835788 6838661 6839934 6846649 6851219 6853256 6855954 6856880 6861271 6863213 6868142 6869888 6881897 6886097 6889570 6891141 6894066 6895715 6899831 6904171 6907763 6932695 6933954 6936091 6943839 6948458 6949929 6951421 6963284 6964961 6969213 6975170 6979191 6981843 6984405 6988556 6992503 6994204 6997684 7001189 7003804 7006224 7008975 7010835 7013063 7017742 7019910 7033756 7036289 7041505 7046207 7050505 7054315 7057611 7059154 7060340 7064396 7066953 7069195 7072900 7076901 7081780 7087904 7092089 7097446 7099422 7117962 7124414 7126108 7129632 7130670 7134032 7138378 7143493 7147991 7150139 7154539 7155528 7157633 7160657 7162152 7171512 7173952 7178012 7181171 7182099 7183451 7188032 7190471 7196252 7200493 7205206 7209265 7211669 7214229 7218993 7222705 7227365 7229581 7234547 7240481 7242527 7244745 7245663 7252722 7256132 7257486 7264516 7268034 7271951 7273191 7281245 7282723 7285263 7292707 7293720 7295115 7297637 7300682 7302183 7303417 7307405 7310210 7311314 7316670 7328372 7329452 7331074 7338412 7347060 7347938 7349192 7353193 7355626 7357304 7359709 7362265 7363669 7369536 7373149 7374663 7377134 7380662 7383827 7385330 7389461 7392196 7393670 7396366 7403501 7407845 7409211 7410966 7413302 7416417 7424027 7429297 7433786 7439633 7444000 7445670 7449727 7459205 7461688 7465213 7467640 7471234 7477194 7478445 7482429 7487057 7488518 7493338 7504272 7505608 7509648 7512647 7525517 7526547 7528925 7532459 7539402 7542623 7548633 7551736 7552728 7557708 7561012 7567233 7571015 7573145 7574254 7575928 7577162 7581168 7585839 7597296 7598815 7600912 7603247 7606153 7609216 7611579 7619685 7621251 7627035 7628566 7630673 7644968 7647541 7650611 7651747 7653363 7655186 7657144 7658374 7660000 7663943 7665627 7668702 7671430 7672474 7675837 7677594 7681011 7683199 7684754 7688050 7688962 7693234 7695933 7698655 7701078 7711181 7716248 7718766 7722089 7728302 7729550 7730351 7733293 7737623 7741121 7746499 7758351 7761965 7765842 7769031 7770296 7777203 7778520 7780722 7782252 7785853 7788304 7790763 7791810 7793254 7797930 7799255 7800374 7802225 7806682 7809194 7811048 7812623 7821684 7823285 7825258 7828456 7830910 7832116 7834078 7846052 7858830 7861374 7865237 7871876 7872633 7873429 7874714 7879269 7883779 7884589 7887896 7890567 7897824 7899416 7904806 7907756 7911673 7914458 7916899 7920822 7929055 7930632 7934009 7935006 7937608 7939874 7942646 7946829 7953883 7958304 7963265 7967239 7969386 7976990 7982765 7986302 7988288 7990320 7992861 7996734 7999690 8001119 8009790 8015703 8021456 8028366 8031038 8032641 8035810 8038549 8043476 8048990 8053555 8056915 8058295 8059888 8060978 8062450 8065079 8066257 8067357 8082463 8090579 8095812 8101933 8105155 8107420 8110473 8112426 8116202 8117625 8118983 8120469 8121603 8127741 8130702 8134993 8138144 8141809 8144535 8151569 8153344 8156914 8160156 8162792 8165593 8168181 8174078 8180594 8182010 8185748 8189235 8191336 8192485 8195748 8197985 8200523 8203607 8205584 8209182 8213857 8217395 8220786 8222901 8224585 8228531 8230393 8234928 8237927 8241742 8243476 8245163 8250509 8257311 8259570 8263940 8265248 8269167 8271978 8273607 8279614 8284106 8286927 8290747 8295074 8297171 8302680 8309773 8311181 8313817 8318067 8319751 8321681 8323807 8325240 8332108 8339135 8343578 8344791 8352500 8354213 8356400 8357169 8361013 8362921 8365282 8367449 8369689 8377935 8382218 8388628 8393441 8394704 8395953 8397787 8399842 8406072 8410669 8413995 8418008 8419614 8436718 8438161 8439888 8444975 8446935 8449025 8454209 8458627 8461295 8463297 8467757 8471429 8474672 8477429 8482697 8487201 8490993 8492461 8496033 8497537 8511046 8516329 8519149 8523410 8524637 8526140 8528195 8531023 8532362 8535300 8539236 8542627 8544943 8546441 8557335 8558878 8560490 8571287 8573000 8575055 8576320 8577916 8582330 8584544 8590251 8591870 8593060 8598286 8600177 8602191 8609608 8618784 8619823 8622565 8628419 8629456 8632094 8636524 8638698 8641159 8644249 8653759 8662787 8675155 8677406 8685274 8686498 8698734 8724633 8726662 8732415 8733118 8741557 8742818 8745048 8746315 8750028 8756629 8758276 8761334 8769962 8772982 8774763 8784128 8787087 8790338 8791670 8794210 8805210 8809223 8814296 8815956 8818003 8822175 8829222 8835253 8838628 8845401 8853181 8855908 8858454 8861216 8864515 8865879 8868492 8870262 8874755 8881765 8886544 8889809 8893529 8899719 8900707 8902270 8906060 8907376 8908506 8915103 8917160 8920387 8921556 8923351 8931391 8935330 8941633 8945592 8947047 8947920 8952523 8956763 8959292 8961336 8970084 8973489 8975788 8977136 8983219 8997381 8999511 9001285 9003339 9008936 9013741 9019468 9026507 9029587 9035131 9038490 9039808 9041897 9046472 9050083 9051170 9064248 9066481 9068476 9070695 9074146 9077052 9079671 9080968 9083678 9086163 9090904 9093700 9096145 9098161 9108572 9109900 9111784 9114315 9117533 9118684 9124700 9128495 9130081 9135186 9142425 9143686 9144634 9151486 9153346 9158215 9159819 9161602 9163881 9169721 9173189 9175204 9180297 9181113 9183745 9189580 9194326 9198988 9205254 9207499 9211591 9214014 9218585 9223179 9226415 9228749 9229885 9231803 9235378 9242168 9246084 9251994 9253843 9259441 9260526 9263007 9264252 9265152 9267335 9270386 9284859 9286312 9287733 9293278 9294655 9301424 9302724 9303947 9312535 9316893 9330716 9333001 9334338 9338231 9340107 9341499 9342883 9345514 9347483 9353340 9356789 9358830 9366988 9368638 9373425 9375611 9379662 9384851 9385964 9389723 9395671 9397565 9405021 9409138 9410345 9416426 9431999 9437754 9440612 9448850 9450684 9453202 9458200 9469114 9471091 9478527 9480205 9486100 9492557 9497647 9499271 9503231 9505618 9514734 9517360 9524302 9525287 9528036 9531212 9533085 9536538 9539805 9540927 9545109 9547106 9550044 9553987 9557262 9559371 9560811 9562780 9567088 9568977 9577552 9582450 9583823 9586315 9587255 9596229 9596803 9600027 9608771 9611494 9614764 9620304 9627833 9629819 9635152 9636811 9642020 9647031 9651334 9660134 9661834 9670032 9671627 9680825 9682966 9683700 9688259 9691721 9698405 9701346 9703384 9706410 9709286 9710856 9713016 9714696 9722747 9733749 9738172 9739519 9741880 9743850 9749244 9750743 9752262 9753614 9755517 9763977 9774200 9780166 9782768 9788318 9792311 9794408 9796253 9800830 9808436 9812120 9814728 9821559 9823821 9828515 9830676 9833339 9837591 9840144 9841948 9849611 9850998 9856871 9868714 9870035 9871483 9875930 9878001 9889003 9894165 9896598 9901474 9908607 9913124 9918466 9922297 9928247 9931022 9933969 9938678 9941172 9942023 9943807 9945387 9949425 9951522 9952953 9955818 9957348 9960774 9964506 9968458 9970229 9971092 9980859 9983358 9985379 9986098 9987887 9990262 9991499 9995014 
</Matrix>
<Matrix name="Neuron_487" type="complete" rows="1" columns="973" multiplier="1.0">
   2916 6355 23034 41844 45450 58739 85357 87471 89911 97593 99511 112478 115408 133229 137341 157112 188219 194832 210219 217462 235508 242112 281768 287170 296087 311622 312823 323849 347868 357964 365973 374625 375728 378987 381395 401597 417019 420000 428395 429845 432299 433307 438622 488380 528499 549012 559577 560856 567127 592792 594732 604163 620104 621737 623918 636682 643020 646531 651702 660522 663273 669646 678767 679635 688358 694056 696094 718222 758081 769506 773716 786543 792139 799351 810750 822668 834455 845233 859596 862791 880090 885391 893486 895493 897218 912277 912914 919656 933332 937603 975391 986238 997140 999910 1032722 1034214 1038044 1039821 1045622 1048469 1055763 1073987 1077317 1081046 1102214 1108140 1127752 1137675 1148398 1150062 1153329 1157572 1175660 1194616 1205847 1213884 1215136 1221452 1227662 1230108 1274849 1278745 1280665 1296445 1314964 1322997 1327626 1341125 1349275 1352788 1359550 1361110 1366582 1416504 1454383 1462837 1490277 1498131 1506374 1514396 1516872 1522226 1539625 1543066 1551820 1559107 1575831 1577605 1591538 1594614 1606833 1626784 1646765 1649765 1652155 1658519 1663119 1671618 1701934 1710629 1715751 1722368 1725111 1726338 1727546 1729683 1749601 1763700 1766656 1778534 1781438 1799521 1805338 1820693 1832572 1863466 1867735 1869110 1874751 1880506 1898899 1910838 1918318 1941872 1946470 1949907 1968334 1973319 2003394 2016652 2019165 2030686 2036254 2044941 2053494 2069932 2073434 2078131 2096336 2103624 2106749 2110355 2115168 2125705 2128091 2144979 2146554 2161506 2163168 2165966 2193030 2200725 2209942 2231767 2236850 2274643 2276432 2277820 2282713 2301134 2313236 2316587 2320059 2335686 2362712 2367650 2370612 2371576 2376105 2382489 2387974 2389298 2409079 2410700 2421708 2478112 2497070 2504377 2516253 2519290 2521579 2527523 2531964 2544202 2551551 2559976 2570809 2574526 2581552 2583150 2603751 2605798 2612124 2617795 2624231 2626109 2633658 2644799 2647866 2665495 2693387 2701802 2716988 2740757 2759750 2774097 2780146 2792014 2793613 2811472 2823407 2838085 2849260 2873638 2912468 2920470 2924502 2939060 2949546 2971575 2974572 2980189 2989923 3005765 3018618 3029285 3030190 3037595 3042319 3049777 3054104 3056342 3065397 3077610 3087328 3092602 3099199 3100684 3104493 3111556 3119153 3125590 3131529 3133426 3141937 3143907 3153844 3155309 3193158 3227252 3228747 3230938 3234726 3251189 3265361 3266976 3285078 3285841 3317753 3334202 3346412 3351524 3353246 3362257 3366360 3378037 3383138 3396480 3418469 3421914 3435837 3446989 3448342 3453288 3455609 3458405 3471428 3493114 3498060 3502431 3517712 3526431 3534240 3541165 3548565 3557785 3559712 3566092 3576772 3580724 3587970 3597502 3600336 3607609 3612485 3621243 3629836 3657083 3658916 3677975 3680574 3689230 3701480 3710497 3714037 3720426 3724753 3731383 3733889 3741406 3752478 3757040 3758418 3760413 3764129 3782606 3802420 3805145 3830826 3836526 3855832 3866018 3882740 3884549 3890907 3894510 3902383 3905110 3936369 3937561 3960383 3961374 3969822 3971223 3984599 3995748 4010696 4022748 4025776 4031601 4039756 4052076 4053755 4054986 4059486 4090154 4105706 4113357 4125634 4130113 4141988 4143981 4152323 4154697 4157077 4175170 4176789 4187746 4197348 4202857 4207869 4217922 4232246 4237093 4248823 4258450 4276288 4289841 4294294 4294897 4309063 4315588 4319024 4329587 4341471 4349744 4355415 4357739 4364748 4388194 4393674 4395701 4406042 4424843 4432654 4438193 4449478 4461341 4462174 4483666 4488697 4503754 4517058 4543335 4557733 4579925 4583710 4594794 4595912 4600285 4606624 4635416 4637291 4639635 4652516 4686777 4700496 4718884 4721178 4738682 4743741 4761086 4779573 4792719 4795299 4811320 4813467 4818474 4821708 4826173 4827859 4829610 4836085 4837421 4845295 4850057 4854536 4857237 4869343 4914215 4917895 4924224 4951548 4956488 4960916 4977865 4981940 4983807 4987603 5003821 5011573 5021213 5023927 5040599 5047422 5057577 5064869 5085326 5105012 5109949 5124183 5127839 5139175 5144116 5147406 5149594 5164005 5196999 5207195 5218180 5222314 5237240 5244801 5260011 5275657 5278283 5292993 5304459 5315833 5326472 5354685 5387797 5391267 5398366 5408575 5413554 5421830 5427502 5445849 5446943 5448097 5453362 5469272 5501976 5506615 5512687 5519949 5524881 5539018 5543140 5557770 5560144 5561686 5569178 5575044 5589826 5604785 5611264 5613753 5615008 5616456 5620324 5633904 5666801 5673932 5685067 5687612 5698199 5705570 5756380 5760482 5765780 5770965 5777714 5786155 5816959 5826226 5832835 5853729 5864485 5866352 5869565 5879844 5902451 5905721 5911428 5913145 5917191 5942552 5945663 5948058 5951424 5973465 5978783 5998813 6016240 6023398 6029831 6035322 6046070 6051822 6057247 6062583 6067171 6068062 6073871 6074837 6078854 6099264 6102529 6104947 6118016 6123278 6130221 6137128 6139223 6151253 6163333 6172684 6174045 6189080 6195179 6234511 6247492 6258130 6264379 6269718 6270272 6277528 6291255 6296956 6302166 6312240 6316009 6317601 6332584 6349504 6361245 6367074 6373832 6380490 6390173 6398437 6403271 6410495 6416742 6419350 6422970 6425830 6430440 6433035 6434250 6451115 6462235 6479334 6483121 6525573 6543604 6552314 6566541 6574847 6584520 6603340 6608488 6620316 6630333 6641357 6654271 6658548 6674251 6679547 6692670 6697921 6711687 6714747 6733368 6742893 6794821 6796669 6799983 6811222 6820350 6821819 6826257 6839988 6850161 6854377 6866732 6873168 6900289 6905201 6914335 6927354 6936976 6940132 6958457 6964138 6969450 6982967 6986909 7011301 7022108 7025874 7028431 7034187 7067581 7093503 7095425 7100048 7129355 7138636 7149146 7160631 7187503 7196145 7221581 7228526 7237381 7240072 7261432 7264109 7268932 7286879 7320390 7329914 7343826 7353335 7364371 7383501 7384501 7389934 7400191 7409192 7413964 7441976 7443020 7460288 7475327 7477854 7479163 7509094 7527116 7532687 7542371 7545332 7553216 7564280 7579734 7588204 7590100 7593616 7629675 7631384 7634784 7647110 7662321 7675407 7679725 7681707 7688054 7699003 7700945 7705089 7714657 7731553 7757596 7775231 7777556 7782116 7792677 7795134 7801855 7803714 7816001 7830980 7834486 7837852 7843779 7848469 7851459 7852704 7862245 7871288 7879198 7883706 7894695 7899816 7983442 7987845 7989362 7994172 7996280 8002207 8009807 8016975 8031284 8037731 8074052 8096711 8109174 8122350 8130914 8144700 8146404 8151461 8161949 8170109 8178423 8189453 8196108 8200707 8221307 8228806 8229635 8236902 8239690 8243890 8284446 8319226 8320796 8323061 8348948 8358723 8360748 8369025 8392551 8398462 8406226 8425369 8450751 8456594 8462347 8472672 8484071 8501366 8506882 8517551 8529085 8540951 8554171 8570931 8579117 8605664 8613193 8652738 8656307 8678145 8721539 8736074 8744983 8749833 8755020 8756896 8761695 8772791 8776024 8782239 8788988 8794178 8798679 8802917 8843432 8864530 8866009 8870801 8890220 8905246 8910778 8920373 8929744 8933147 8953105 8954392 8970582 8971894 8988098 8997306 9007829 9014960 9017640 9019769 9021848 9026210 9036064 9038725 9052383 9068510 9074169 9118261 9128515 9158991 9163464 9165862 9167910 9179020 9184250 9185431 9198643 9215562 9223300 9228072 9233694 9252407 9261033 9262505 9301635 9308432 9315945 9327200 9330923 9332965 9335862 9353887 9358754 9366368 9379437 9401885 9414716 9418932 9421216 9436014 9442271 9459942 9462406 9495696 9506610 9513184 9518020 9528072 9529176 9546109 9551144 9554494 9577569 9583806 9586821 9590568 9618383 9629946 9631604 9635069 9655094 9669787 9681239 9683357 9693784 9704925 9714036 9717741 9771744 9776152 9785876 9789066 9790617 9795518 9820364 9833032 9836866 9845782 9855237 9859017 9868391 9902112 9910398 9911996 9926502 9941158 9952329 9954040 9977083 9980312 9994675 9996218 
</Matrix>
<Matrix name="Neuron_497" type="complete" rows="1" columns="5340" multiplier="1.0">
   1555 2487 4021 7211 9159 13333 16903 17838 19311 20170 21191 22356 24079 24820 26929 27976 29224 31060 33994 35045 35819 36880 38521 40176 41433 43804 45253 45749 47115 50246 51424 52518 53790 55975 57444 60006 60697 66832 69026 72189 74621 76945 78513 80125 81605 82467 83217 84352 87774 88435 89361 90766 91681 92285 93940 95303 99154 103621 104451 108329 109594 110447 114252 115025 119471 122638 123990 125928 127296 128859 130541 133602 134912 136314 137647 139808 141027 142847 143750 144903 145787 146816 147433 149216 151254 152190 152904 154150 156667 157360 158754 159523 161084 163140 164689 165644 167148 168256 170249 172363 172964 176032 177273 178799 180600 181747 183670 185226 187907 190687 192881 193809 198368 199289 200663 202840 204158 206726 208901 210036 213189 216112 220450 221972 224013 228109 229636 231022 232854 235147 238839 240670 243423 244437 247025 250235 252565 254141 255893 256679 257587 259641 261625 264302 266053 270082 270691 272241 275541 280156 282203 283124 284945 285981 287173 289286 292883 294126 294873 295712 297226 298289 302841 304434 305726 306604 307880 310019 311970 312783 314655 316893 319549 320428 323874 327988 328902 330465 332874 334493 337366 339149 340504 342884 344434 346032 348946 351103 354236 356224 357217 358558 361105 362435 367189 369526 371908 372675 374739 376214 379282 381132 383367 384316 385815 388286 390527 395850 399022 400340 402634 403200 404777 405532 406772 408418 410326 413192 414233 415327 417319 418760 419732 420902 422976 424965 429399 430390 431350 432787 434529 435425 437280 438171 443519 444889 446219 447476 448472 450471 451597 452954 454298 457309 459603 461421 463965 467733 468681 470578 471280 472566 473911 475550 476805 480053 481444 482646 483397 484875 487814 488978 490531 492595 494280 495031 496061 496663 497861 499232 500958 503477 504649 505366 506523 509050 510640 513130 514193 515410 516681 517781 519604 527434 528738 531371 535129 535956 536779 538196 539301 542598 544654 548132 551250 553976 557242 559097 561598 562958 563595 566064 569008 570462 571516 575253 577342 578993 581774 582603 583334 584442 585452 586854 588120 590544 591949 594269 597725 598713 600513 601848 604060 606461 610530 611553 613455 617593 620381 621781 622753 625429 627308 628177 631343 632280 633140 633980 634741 636803 638333 640566 641895 643355 644175 646463 649244 652348 653572 654575 655770 657726 659781 661666 664000 664857 666298 667152 669430 674627 676742 678117 679721 682165 684551 687960 689177 692000 693834 696672 699349 700396 702137 703032 705037 705978 707927 716777 717902 718573 721679 722511 728940 731277 738149 741652 744758 746028 747438 749834 750729 751668 753987 755473 756418 759374 763434 764810 767150 768234 771091 772340 773543 776915 778863 780696 781995 783729 788476 790281 791176 794300 796747 798147 801708 803441 804799 807896 808663 811912 812675 813703 817728 819994 821797 824590 825941 827689 828706 829803 831165 832202 833170 834431 835503 836772 839315 842455 844202 847705 849245 855467 859445 863816 865342 866090 867192 868440 870373 873890 874537 875626 878033 880992 883566 884782 886653 887732 890933 891588 893366 895732 896742 897608 899336 901830 904080 905001 906531 909356 911053 913085 915367 916920 918505 920638 922211 926045 928159 929638 930226 931309 935111 937872 941271 942710 943939 946486 947626 949142 950483 951988 954046 955724 959196 960500 962026 965953 966838 969387 970141 971764 973716 975682 976691 977591 979231 980331 981468 983853 984914 986439 987525 988567 991691 992815 994467 997846 1000362 1001379 1007797 1009563 1011189 1012083 1014000 1015164 1015706 1017163 1019863 1020990 1021981 1022628 1023585 1024636 1025668 1026331 1031409 1032650 1033798 1034973 1038779 1039524 1041719 1042535 1043476 1046932 1048206 1049620 1050663 1052312 1053485 1054432 1056310 1058324 1060925 1062733 1063610 1064609 1066587 1069951 1071395 1075446 1076440 1079106 1080199 1081054 1082797 1084269 1087004 1090916 1092435 1093467 1094468 1095978 1098565 1101741 1107172 1108408 1112191 1113429 1114880 1118782 1120725 1123623 1124555 1127703 1130665 1134025 1136787 1138458 1140706 1143014 1144612 1146165 1149632 1151016 1153646 1155341 1157708 1160648 1163085 1164000 1164921 1165887 1167834 1169216 1169858 1170779 1172383 1173994 1177237 1179300 1181061 1183536 1189601 1190994 1191862 1194578 1196369 1198063 1199384 1201234 1203940 1208079 1211928 1213221 1214747 1216165 1216784 1217978 1219997 1221886 1222431 1226605 1229128 1230315 1232185 1233024 1235827 1236684 1238795 1240171 1241801 1242823 1244441 1245364 1246136 1247878 1249096 1250060 1250934 1252166 1254003 1254979 1257915 1259902 1260679 1264163 1264638 1266299 1268678 1270819 1271892 1274756 1277021 1278713 1280400 1281287 1283073 1289004 1291015 1294720 1297744 1299051 1300145 1301959 1302671 1303354 1305337 1306384 1307241 1309842 1312451 1313625 1314707 1317069 1319116 1320832 1321481 1322769 1323777 1326024 1326982 1329231 1331260 1331979 1333085 1333908 1334663 1335915 1337629 1338291 1338931 1342465 1345709 1353697 1354753 1356237 1359164 1362859 1366096 1367288 1368063 1370547 1372736 1374781 1377574 1379463 1380663 1381181 1382668 1383351 1384226 1386545 1387344 1389288 1390882 1393159 1394419 1397111 1399483 1400788 1403168 1404847 1406267 1407409 1408567 1409411 1411008 1412690 1417478 1421093 1427828 1428940 1431698 1434010 1434890 1437679 1440006 1443418 1445744 1449127 1450529 1453379 1454420 1455459 1457428 1458567 1461884 1464309 1468623 1470241 1472316 1477825 1481180 1483552 1485053 1485898 1488136 1490132 1491478 1492935 1496090 1497563 1498401 1500934 1502997 1504772 1505883 1506480 1507814 1509696 1510983 1513271 1514267 1515181 1518571 1520452 1526074 1527258 1528294 1529440 1530592 1531951 1532963 1536338 1538379 1539318 1542686 1543814 1546646 1548049 1551580 1553175 1555871 1556435 1558589 1560983 1563025 1564445 1565542 1566549 1567507 1568482 1570104 1571180 1574828 1575935 1577627 1578404 1579226 1581147 1582337 1584873 1589032 1589952 1591662 1593181 1594134 1595908 1597796 1600233 1601778 1605508 1606122 1609827 1610793 1611816 1612696 1613851 1615310 1616265 1622027 1624163 1625299 1627690 1629918 1630968 1632779 1633388 1635125 1637201 1638223 1639469 1640949 1642222 1645565 1646800 1647828 1649180 1650233 1652668 1654009 1655397 1656948 1658622 1662612 1663584 1664914 1668458 1669351 1670333 1672498 1673900 1675565 1676820 1678176 1679518 1680371 1682616 1684132 1685878 1687695 1689211 1692105 1693192 1693984 1695451 1696213 1696848 1697984 1700308 1702233 1703078 1703773 1710007 1711074 1712504 1713227 1716705 1718157 1718669 1719904 1722234 1723389 1726825 1727552 1728430 1729131 1731254 1732153 1732907 1733765 1734915 1735922 1737109 1738393 1740216 1741834 1742458 1745158 1746266 1747463 1748300 1749487 1750342 1751516 1752436 1753660 1754595 1755564 1757326 1759304 1762384 1763233 1764748 1765721 1768223 1769009 1770103 1771092 1772136 1775718 1780087 1781294 1782474 1783901 1786176 1787109 1788888 1791388 1793807 1797023 1798048 1798964 1801857 1807818 1810590 1812985 1814165 1814960 1816287 1817275 1818353 1820299 1821681 1825896 1827151 1828979 1831473 1832716 1833416 1834652 1837851 1839325 1842266 1843261 1844706 1846178 1848268 1849590 1852669 1854912 1857825 1859390 1861859 1862981 1865008 1870586 1871662 1874515 1875730 1878645 1880064 1881353 1882337 1884792 1886632 1887582 1892817 1894012 1896852 1897692 1904381 1905445 1907622 1908863 1909922 1910777 1911678 1914040 1915049 1918576 1922115 1922988 1925229 1928097 1930044 1931448 1932718 1936509 1937593 1938335 1940641 1942679 1943863 1944842 1946962 1947897 1948999 1950097 1951342 1952154 1954788 1956984 1958563 1959955 1961873 1962842 1965402 1966452 1969360 1970546 1972280 1974623 1976386 1977537 1978765 1980593 1981713 1984780 1986557 1987661 1988770 1991197 1992766 1993912 1995545 1996958 1999317 2000307 2003119 2004378 2007720 2009932 2010920 2013920 2015343 2017886 2019276 2020527 2021945 2023372 2024155 2028463 2029638 2031393 2037078 2037835 2038878 2042402 2044034 2048270 2050135 2051068 2052227 2053062 2054770 2058595 2059751 2060394 2060986 2062789 2065138 2065929 2067125 2070462 2072660 2073529 2074663 2076442 2077269 2080171 2081068 2082157 2083851 2086084 2087413 2088521 2090396 2091938 2093008 2094068 2095748 2098551 2099746 2103909 2105469 2107454 2109562 2111510 2113279 2114752 2115617 2118334 2120139 2121222 2122915 2123738 2125507 2126265 2127602 2129162 2131050 2132215 2133267 2134410 2136470 2137404 2147013 2148569 2150567 2151293 2153048 2154312 2155114 2155889 2156859 2159070 2160386 2161020 2164718 2165936 2167000 2168115 2169306 2170483 2173150 2174810 2176119 2176809 2177956 2181630 2185711 2187251 2188172 2189735 2190867 2194617 2195559 2197054 2199685 2202548 2203366 2205157 2206414 2207111 2208924 2209886 2213501 2214322 2215747 2217827 2218740 2220052 2223198 2227076 2229052 2229930 2230980 2232185 2233325 2234277 2236975 2238384 2242567 2244525 2246701 2247923 2248587 2249638 2251230 2252188 2254516 2256319 2258257 2261925 2263538 2267936 2269266 2272538 2273605 2278023 2279049 2279862 2280630 2282948 2284204 2285862 2288547 2289949 2292373 2293454 2295019 2295767 2298162 2299156 2300460 2302657 2304141 2306433 2307315 2308222 2309330 2310409 2311350 2312325 2314113 2315584 2316371 2318126 2319002 2320518 2321241 2322112 2323406 2325541 2329430 2330470 2331146 2331988 2334120 2335508 2337091 2339186 2340573 2341335 2342551 2343647 2344441 2346356 2348332 2350174 2351611 2352076 2353683 2355202 2357461 2358684 2359417 2360435 2361950 2363997 2364884 2365664 2368514 2369371 2371006 2374696 2375741 2377047 2379499 2381974 2383996 2387300 2388529 2392346 2393270 2394377 2396083 2397849 2398650 2400383 2401093 2404837 2407385 2408173 2409747 2411010 2411926 2413475 2415641 2416546 2417361 2420322 2421025 2422475 2424564 2425479 2427645 2428992 2430051 2431022 2433736 2435015 2436644 2437375 2438024 2439133 2440399 2441795 2443008 2443734 2444840 2446931 2448135 2450012 2451149 2452203 2461282 2463279 2465974 2467128 2468329 2469795 2473413 2474372 2476281 2477999 2479753 2483061 2485193 2486978 2487925 2489881 2491064 2495466 2496612 2497967 2501486 2502548 2505521 2506227 2509047 2510910 2511853 2513444 2515448 2519682 2521356 2522246 2523627 2524931 2528371 2529216 2532420 2533385 2534920 2535756 2537182 2541474 2542830 2544248 2545719 2548304 2549404 2550170 2553698 2554913 2557089 2557899 2559627 2561912 2564858 2567133 2569325 2572028 2573972 2576783 2578895 2579915 2583689 2586565 2588318 2592755 2593474 2595662 2597069 2601402 2602211 2602909 2603917 2606745 2607610 2611748 2613124 2614830 2617855 2619234 2620853 2622503 2626017 2627189 2629494 2631603 2636934 2639615 2640941 2641606 2642822 2643869 2644850 2648729 2650827 2652403 2653664 2654925 2655913 2656959 2657811 2660905 2663001 2663766 2665390 2666913 2671201 2674089 2676017 2678231 2679939 2682762 2683706 2684628 2685928 2687420 2692208 2693127 2694018 2695631 2699483 2700832 2703617 2705136 2707632 2709837 2711449 2712029 2713016 2713824 2714961 2715873 2716951 2717878 2719888 2722185 2723974 2726887 2727901 2730044 2730830 2732144 2734008 2736596 2737564 2739082 2741510 2742199 2745138 2749792 2751009 2752805 2754159 2755601 2756805 2758288 2762334 2764795 2766826 2767868 2770911 2774798 2776119 2780451 2784444 2785264 2786445 2788019 2789822 2793112 2793878 2795367 2796637 2797914 2801645 2802743 2803997 2804956 2809444 2810209 2811678 2815076 2815921 2817674 2818725 2820014 2821202 2822141 2826099 2828105 2832465 2834691 2836944 2839808 2841611 2845766 2846677 2848552 2849545 2851258 2854060 2855064 2856459 2862005 2863056 2863896 2865928 2866970 2868191 2869102 2870453 2871247 2872376 2874455 2876221 2877032 2878264 2879873 2880890 2882119 2884511 2885909 2888144 2890797 2892519 2893874 2895886 2897895 2898873 2899916 2901962 2907152 2910828 2912438 2914005 2914759 2915845 2916594 2917382 2920416 2923800 2925910 2928358 2929526 2932330 2934672 2936766 2938462 2939650 2940592 2941776 2944884 2946164 2952600 2954819 2957855 2959902 2960652 2963009 2964220 2965554 2967404 2968402 2969606 2972308 2976327 2977958 2979707 2981358 2985396 2986995 2988838 2989985 2992067 2993945 2995332 2997022 2997855 2999096 3001320 3002546 3003973 3005681 3006998 3007852 3008584 3009934 3010553 3014767 3016546 3017171 3022859 3024273 3025429 3026208 3028119 3030671 3032152 3038754 3039776 3041105 3043968 3046473 3048400 3049467 3050512 3054618 3056207 3060646 3061733 3062884 3065982 3068899 3071449 3077798 3079037 3080629 3081464 3082941 3085072 3087204 3088221 3090231 3092647 3093558 3095198 3096787 3097987 3100070 3103499 3104279 3105623 3106624 3108771 3112943 3113912 3120560 3121654 3122946 3126089 3127512 3128178 3129797 3130892 3132085 3134173 3134942 3138256 3139907 3140582 3143307 3145366 3147156 3149526 3154697 3155563 3156572 3158651 3160717 3162910 3163749 3164535 3166418 3167682 3168382 3169183 3170920 3172848 3176562 3178536 3179876 3181177 3182297 3182965 3184027 3185654 3186777 3187835 3189823 3192630 3193737 3196784 3197972 3199006 3202664 3207033 3208590 3211781 3213174 3216378 3217257 3218089 3218817 3221647 3223399 3224406 3225639 3226655 3227760 3229949 3230993 3233422 3234495 3235626 3236407 3237583 3239014 3240016 3240889 3244342 3245626 3250749 3251944 3252679 3254223 3255390 3256489 3259851 3261700 3263345 3265121 3267656 3268765 3269638 3273623 3274165 3276063 3277946 3280953 3281982 3283983 3284554 3286960 3289669 3291066 3292339 3295495 3296421 3299097 3300912 3302736 3304553 3305633 3307610 3309845 3312697 3313403 3316401 3321178 3322149 3323463 3326530 3328896 3329819 3331139 3332211 3333109 3334882 3337519 3338190 3339310 3344773 3346003 3347091 3348589 3349737 3351694 3353415 3355144 3357490 3358609 3359869 3361134 3361933 3363127 3364716 3366508 3367449 3369023 3369974 3372764 3374228 3376956 3378788 3380172 3381328 3382923 3386167 3388166 3388950 3390280 3391235 3392647 3394861 3397719 3398468 3399984 3403027 3405458 3406678 3408047 3409186 3411923 3413430 3414755 3416176 3418085 3420329 3421569 3422329 3423272 3424279 3426390 3428867 3430532 3431850 3432689 3434275 3435833 3437827 3440561 3441758 3443095 3445349 3445945 3448159 3450006 3453206 3455586 3457538 3459653 3461943 3462945 3464406 3466602 3467913 3469149 3472864 3475831 3477115 3478044 3479703 3482138 3488690 3489598 3491286 3493365 3494720 3496209 3497657 3500479 3503063 3506032 3507392 3508718 3510221 3511655 3512541 3514632 3518478 3519987 3521473 3524817 3526601 3527743 3529006 3530161 3531199 3532889 3534241 3536367 3538698 3540351 3541535 3542447 3544857 3546144 3546790 3548695 3549567 3555305 3557880 3559022 3561355 3564131 3566878 3567635 3568768 3571646 3574033 3576463 3577801 3579302 3580055 3581696 3583064 3584158 3587625 3591278 3592527 3593760 3594855 3598009 3601604 3604148 3605363 3607524 3610030 3612302 3613736 3616582 3617761 3620283 3620873 3621958 3625276 3628990 3630402 3634025 3636936 3638799 3641083 3646940 3648525 3650241 3652302 3653486 3654752 3655882 3657913 3659489 3660802 3661374 3663459 3664500 3666364 3667322 3668491 3670575 3671430 3673228 3675435 3676666 3679093 3679845 3681415 3685622 3687041 3689846 3690684 3691997 3692972 3693912 3694458 3695933 3696788 3697639 3699839 3700676 3702254 3703406 3704764 3705676 3706420 3708626 3712461 3714053 3715408 3716713 3718983 3720022 3720821 3722304 3723554 3725862 3727809 3732616 3733681 3735392 3738532 3740502 3743759 3746172 3749038 3751037 3752378 3756857 3757609 3759829 3762279 3764119 3765175 3767992 3771365 3772649 3774715 3776059 3778460 3779416 3781167 3782883 3784470 3787959 3789215 3791797 3792929 3794063 3795609 3796837 3797966 3799008 3801270 3802302 3803497 3804427 3806261 3807504 3809136 3812475 3814249 3817816 3819840 3821039 3822309 3823755 3825357 3826344 3827676 3829153 3830442 3831442 3833179 3834437 3836162 3837637 3842264 3843969 3845620 3848592 3849947 3850915 3854144 3855515 3856445 3860360 3862483 3863762 3865949 3870286 3872103 3873864 3876356 3877709 3878421 3879965 3882372 3883123 3884518 3886699 3888596 3891652 3892937 3897955 3900236 3901204 3902094 3903344 3905596 3909882 3911584 3917802 3919394 3920861 3922048 3928149 3929936 3930840 3933685 3934881 3936217 3937166 3939678 3940561 3942273 3942997 3946121 3947807 3948846 3950721 3951566 3954428 3957780 3958762 3960032 3963011 3964257 3965788 3967869 3979185 3981206 3982238 3984506 3985436 3987554 3988277 3989219 3990915 3992015 3995766 3997594 3999004 4001109 4002442 4005709 4008593 4009619 4011515 4014132 4015610 4016329 4018079 4019941 4021965 4023480 4024448 4025097 4026014 4026950 4027805 4029365 4032271 4034062 4035615 4039942 4043504 4045037 4051107 4053697 4054803 4056192 4059286 4061466 4062900 4063936 4064906 4067254 4068520 4069336 4070379 4071640 4072725 4075158 4079407 4081153 4082574 4083126 4085138 4086994 4088175 4089796 4092353 4094872 4096530 4098468 4101270 4102368 4105793 4107075 4110899 4114682 4116098 4120075 4121429 4122110 4123731 4126279 4132089 4133274 4135068 4136354 4138410 4142757 4144580 4147020 4148129 4149604 4150849 4154254 4155152 4155990 4157169 4158602 4162116 4163198 4165034 4166174 4171428 4172799 4177351 4180423 4182603 4183794 4184771 4186744 4187935 4188908 4192660 4195079 4196387 4197831 4200501 4201705 4203250 4204934 4207465 4208082 4211094 4213631 4214625 4217734 4218986 4224545 4227577 4229256 4230346 4236993 4237668 4240403 4242448 4246805 4248333 4250965 4252008 4253762 4255486 4258841 4260209 4263507 4264349 4265415 4265966 4269491 4270217 4272103 4275004 4277373 4279049 4280350 4282318 4284205 4285098 4286224 4288848 4292128 4293224 4295611 4298664 4303034 4304697 4306350 4307845 4310008 4310917 4313711 4316443 4317323 4319099 4321228 4322657 4323686 4324763 4325665 4329800 4330305 4331722 4335019 4338471 4339697 4341604 4342834 4344042 4344769 4345937 4348497 4349691 4351717 4353894 4356816 4358692 4361772 4363023 4365665 4367083 4368319 4369636 4371664 4376821 4378256 4380620 4383329 4384177 4385323 4386877 4389284 4390662 4391734 4393072 4393861 4396588 4399467 4402629 4403602 4404791 4407989 4410102 4411570 4412390 4413139 4414076 4415226 4421539 4423355 4424453 4426326 4429013 4430068 4431969 4433146 4434929 4435789 4438024 4439808 4441036 4442110 4444134 4445474 4447007 4448221 4449717 4452556 4454837 4457478 4458060 4459046 4459961 4460815 4461732 4463204 4464523 4465309 4466609 4467660 4468670 4469845 4470624 4471379 4472862 4474182 4477164 4478843 4483161 4484630 4485987 4488214 4489406 4491085 4491845 4494092 4495903 4497287 4498013 4499592 4500981 4502806 4503656 4504451 4505195 4506713 4507554 4509714 4510540 4512245 4514669 4516429 4517519 4522204 4525381 4529117 4530825 4532145 4534764 4536593 4538514 4539698 4541494 4542483 4543599 4546172 4547307 4549732 4552205 4553015 4554331 4562215 4563669 4564398 4566025 4568225 4568832 4569497 4570572 4572387 4573013 4575390 4577029 4578582 4580043 4581507 4583191 4588107 4589497 4591693 4592920 4593919 4594628 4600114 4602289 4603179 4606686 4608317 4609201 4610613 4611771 4614489 4615877 4617000 4618411 4619689 4622323 4624905 4626363 4627909 4629196 4632383 4635691 4637846 4638668 4640594 4641907 4643062 4644080 4645989 4648737 4650384 4653436 4655454 4658794 4660741 4662410 4665771 4666687 4667609 4669586 4671659 4675325 4675944 4677451 4680055 4684032 4686545 4688159 4688846 4690743 4692224 4693546 4697353 4700220 4701658 4703367 4703974 4707102 4709433 4710307 4712657 4713445 4715069 4716961 4718324 4721587 4722748 4724704 4727250 4728509 4729574 4733323 4737032 4741664 4743605 4744923 4746377 4747627 4754451 4756519 4757628 4758824 4760287 4762450 4763795 4767448 4768324 4769212 4770226 4771560 4772781 4774079 4774942 4776583 4778586 4780120 4782025 4783043 4785848 4786937 4788944 4791400 4794242 4796004 4797097 4798021 4798997 4799984 4801346 4805083 4806017 4807358 4808381 4809909 4812347 4813362 4814335 4816827 4818515 4819682 4820606 4821661 4823252 4825728 4827802 4832373 4833979 4835551 4836194 4841125 4842722 4845999 4847265 4848422 4850213 4850848 4857080 4858788 4861599 4862659 4864804 4865729 4867433 4868487 4872837 4874909 4875986 4876864 4880299 4884539 4886160 4888170 4889204 4890821 4892082 4895273 4898253 4899838 4901547 4903204 4905124 4906443 4908762 4909403 4910299 4912108 4913677 4914615 4916044 4918195 4921575 4922622 4923421 4924627 4927254 4928151 4929250 4930720 4932396 4935880 4936795 4939311 4940966 4942627 4943668 4945983 4947693 4951316 4952819 4954472 4955743 4958743 4959682 4965715 4967943 4969558 4971769 4973937 4975278 4978596 4979800 4982096 4984474 4985497 4988522 4989701 4992058 4993216 5000728 5001675 5002718 5004143 5006893 5008356 5010211 5012139 5013775 5015052 5019451 5021382 5022917 5024772 5026798 5029783 5032931 5034457 5036195 5037854 5040525 5041834 5045345 5047797 5050376 5054842 5055453 5056556 5057711 5059188 5060700 5062149 5064099 5065522 5067177 5069631 5071863 5076680 5078365 5079475 5080827 5081455 5082680 5083719 5085094 5087629 5088791 5089636 5090965 5092861 5094295 5095499 5096887 5098401 5099584 5100522 5102534 5103704 5104919 5106177 5107222 5109474 5111258 5112579 5115114 5119840 5122662 5124485 5125349 5127977 5128924 5129783 5130994 5135145 5136282 5138845 5142164 5145296 5145968 5147257 5149712 5152475 5154040 5157793 5159215 5161004 5162792 5164109 5165471 5166459 5168748 5170143 5171068 5172404 5174053 5175622 5177634 5178658 5180900 5182305 5183347 5184934 5187113 5187682 5189199 5190669 5191565 5192962 5193705 5195116 5202634 5203336 5205936 5208411 5209849 5212052 5213603 5214855 5218718 5219418 5220256 5221585 5223222 5225330 5228999 5230378 5231828 5233359 5234114 5235503 5237666 5240412 5244211 5245387 5246126 5247749 5249729 5252541 5253729 5254831 5256344 5259196 5260184 5262389 5263252 5266051 5267786 5269189 5270877 5271767 5273466 5274951 5278101 5279686 5284595 5286292 5287226 5288179 5292424 5293893 5295892 5297161 5298577 5299500 5301430 5302533 5304985 5306046 5309779 5311093 5312244 5315786 5316886 5318271 5319306 5320923 5322856 5323877 5324995 5327281 5328800 5329814 5331318 5333844 5337950 5339086 5339835 5341895 5343779 5344763 5346533 5347661 5348550 5349737 5352745 5353792 5356154 5358404 5361405 5361980 5363358 5365340 5366162 5371430 5372529 5373709 5376873 5378043 5379360 5382465 5384676 5388456 5389260 5390619 5393091 5397436 5399313 5400819 5405315 5406589 5408104 5410806 5412508 5415321 5416434 5418884 5420574 5421918 5424447 5426225 5427803 5429298 5430943 5432067 5433877 5435882 5436935 5438899 5441245 5442135 5445222 5446403 5447458 5449329 5450775 5451634 5453210 5455482 5456664 5457467 5458087 5459437 5460783 5465259 5466796 5469929 5470870 5472391 5472896 5473862 5475197 5476110 5477327 5478664 5482148 5483172 5485576 5486686 5488479 5490379 5491768 5494243 5495200 5496693 5499466 5500807 5501792 5505853 5507356 5512337 5513674 5515322 5516297 5517112 5518709 5521454 5522214 5524760 5526575 5527193 5531035 5532488 5534497 5536436 5537532 5538804 5539882 5544955 5545887 5547498 5549229 5549945 5552272 5554025 5555683 5557615 5558978 5560463 5562410 5566201 5568259 5569269 5571317 5572186 5573422 5574401 5576271 5577549 5581461 5582921 5585060 5586971 5587710 5589231 5590448 5591436 5593229 5594865 5595808 5597852 5598617 5599540 5600902 5603711 5604943 5611472 5614635 5617736 5619311 5619908 5622594 5623956 5627989 5630197 5632178 5633823 5635351 5637075 5639127 5641178 5643163 5643870 5645414 5646898 5648088 5649282 5650315 5651391 5652583 5655988 5657317 5658932 5661024 5662715 5664131 5664944 5666303 5667083 5669410 5671988 5673382 5674492 5676045 5676944 5678151 5679936 5681417 5683436 5685318 5686711 5687779 5689852 5690790 5693233 5695025 5696726 5697587 5700942 5703482 5704208 5706521 5707451 5710665 5711982 5713869 5716173 5718977 5720445 5722368 5723385 5724924 5726504 5727294 5732030 5733372 5734723 5736599 5737583 5740153 5743063 5745660 5747135 5748247 5749428 5750458 5751511 5753617 5755199 5756018 5757378 5758215 5760490 5762151 5763830 5765752 5766702 5773928 5778260 5780839 5783107 5787199 5788050 5789313 5790128 5791418 5793390 5794119 5796220 5798462 5799506 5800719 5802046 5803188 5806552 5807958 5808621 5809871 5810685 5811415 5813315 5814346 5815435 5817203 5820460 5821667 5822719 5823456 5824939 5827958 5830601 5832720 5833823 5839485 5840704 5843419 5844941 5845895 5847604 5849590 5851732 5857746 5859246 5861401 5862973 5864457 5865307 5866007 5868167 5869463 5870526 5872551 5873296 5874915 5878401 5880694 5882404 5884394 5886563 5889704 5891287 5892682 5894364 5897089 5897861 5899098 5899955 5901269 5904660 5907898 5910256 5915665 5917505 5919937 5922940 5925188 5926903 5931108 5934576 5939609 5943832 5944679 5945807 5948143 5949377 5951153 5951887 5953143 5954084 5954923 5955755 5957274 5959972 5961989 5963168 5965314 5966446 5968386 5969347 5970542 5973744 5974827 5978545 5979515 5980296 5981248 5982061 5982844 5983855 5985572 5986745 5989034 5989987 5991232 5992136 5994554 5996147 5998142 5999752 6001952 6004086 6007257 6010176 6012551 6013744 6014693 6018127 6019379 6020092 6021740 6023844 6024659 6026075 6029011 6029871 6030738 6031799 6035035 6037849 6038727 6041076 6042272 6043509 6044960 6048098 6050440 6055152 6056318 6057342 6060359 6061699 6064294 6065797 6068492 6073795 6075404 6077725 6083139 6086098 6087992 6089823 6090647 6091526 6094543 6096215 6097173 6097906 6101266 6102772 6107679 6109284 6111328 6113784 6118528 6120197 6122228 6124256 6125363 6126431 6127454 6128977 6134164 6135298 6136639 6145415 6147485 6152946 6155759 6156675 6160248 6161844 6163419 6165276 6166469 6167113 6168079 6169613 6170253 6171769 6173018 6177641 6180055 6181057 6181770 6183436 6185957 6187123 6188062 6193130 6194414 6196294 6198004 6198801 6199764 6200639 6203155 6205355 6207254 6207979 6210428 6214170 6215689 6218173 6219012 6220620 6221740 6223834 6225309 6226881 6228366 6229726 6232902 6234652 6235598 6241548 6242396 6244937 6246020 6247535 6250210 6251394 6252642 6253873 6255342 6257188 6259170 6260241 6261284 6263940 6265807 6266587 6270368 6272380 6279452 6281849 6285046 6285854 6288281 6289226 6290581 6292239 6293239 6295284 6295955 6298349 6299909 6303923 6305094 6306284 6309813 6311938 6314230 6315061 6315801 6318095 6320358 6321845 6323442 6324534 6326469 6327633 6330427 6331100 6331709 6332964 6333748 6334580 6335328 6337099 6337693 6339956 6340714 6341519 6344708 6347649 6348756 6349362 6351557 6352574 6353672 6355126 6356084 6361421 6363038 6364325 6365422 6366458 6367069 6368965 6371170 6372541 6373751 6375134 6376582 6377305 6379268 6380553 6382767 6384264 6385148 6386032 6388467 6393375 6395504 6396869 6399900 6403383 6404744 6405945 6406558 6409199 6411868 6414191 6415417 6416771 6418312 6421956 6422770 6423838 6425330 6426653 6429147 6432224 6434005 6435761 6436806 6440141 6444197 6448286 6448954 6452731 6454226 6456805 6458060 6459355 6461177 6465805 6467129 6469289 6471431 6473817 6477194 6479667 6482285 6483820 6484314 6485286 6486101 6488379 6490422 6492193 6493264 6494159 6495450 6496782 6499672 6502971 6504122 6504941 6506888 6508461 6509543 6510371 6516053 6517410 6519692 6520977 6523848 6528401 6532203 6533684 6535039 6537555 6542970 6543863 6545014 6546242 6547116 6548496 6551148 6552208 6552915 6555758 6557107 6559218 6560231 6561798 6563737 6564799 6567185 6569958 6571470 6577437 6578790 6580113 6581894 6586010 6586889 6587794 6588955 6594593 6596327 6598805 6601546 6603002 6607433 6608758 6609478 6611010 6612874 6615082 6616100 6617397 6618557 6619950 6621330 6622993 6623940 6627111 6628769 6629494 6630653 6635413 6639778 6640700 6641928 6643378 6643983 6644887 6646204 6648569 6650964 6652909 6654952 6656525 6658108 6658821 6659939 6662983 6664512 6665778 6669111 6671059 6672769 6674122 6675953 6677073 6678370 6681896 6683067 6685886 6686547 6689805 6690940 6696279 6697968 6699185 6702529 6704270 6705557 6708674 6710062 6711441 6713534 6715639 6717233 6718899 6721310 6723690 6727216 6729348 6731064 6734250 6737132 6739343 6739948 6740970 6741826 6742992 6746030 6748350 6751205 6752797 6754132 6755809 6757002 6759713 6760885 6761629 6762620 6765698 6767643 6768723 6769803 6774023 6774943 6776699 6777637 6779312 6780819 6781699 6784996 6786111 6788898 6790348 6792219 6796918 6798746 6799892 6800730 6804779 6811879 6813966 6815192 6817738 6818773 6819581 6821971 6823208 6824108 6825795 6826571 6827369 6828253 6831378 6832449 6837222 6839103 6840141 6842760 6844396 6846292 6847557 6848960 6850317 6851167 6852439 6853392 6854858 6856758 6858125 6859025 6860104 6861160 6862409 6863811 6866202 6867777 6871771 6873157 6874788 6876022 6877066 6878623 6879890 6885274 6886122 6887652 6891320 6893152 6896876 6900454 6902494 6903413 6904533 6906203 6906939 6908444 6909224 6913121 6915257 6916968 6921775 6922813 6923798 6926897 6928215 6929346 6930659 6931862 6933316 6936770 6937571 6938632 6942638 6943931 6944509 6946203 6947623 6948756 6950482 6951549 6953885 6956471 6957551 6959331 6960408 6962563 6963487 6965060 6968428 6970554 6973622 6976262 6977746 6978818 6982098 6984673 6987817 6988897 6990031 6991442 6992854 6994554 6995467 6996805 7000470 7003587 7005008 7006509 7007487 7008337 7012767 7013522 7014134 7016571 7021801 7023134 7024055 7025674 7027548 7030283 7032522 7034674 7037643 7038509 7040607 7043614 7046028 7047625 7049070 7051520 7055159 7055956 7057667 7061232 7063035 7063966 7065789 7067621 7069127 7071457 7075563 7076407 7077800 7079535 7080457 7084088 7085450 7087663 7089152 7090818 7092056 7094207 7096850 7099370 7102198 7103147 7109235 7110384 7111131 7114490 7116429 7117628 7118312 7120601 7125057 7126459 7128528 7130931 7131864 7133896 7134717 7138216 7139243 7141980 7143022 7144912 7146153 7148002 7148914 7151378 7154207 7156414 7162219 7163666 7166486 7170185 7172379 7173819 7175066 7176474 7177708 7179192 7180093 7180811 7182007 7184076 7185865 7189244 7190003 7191473 7192273 7196262 7198584 7199831 7204713 7207301 7209396 7210875 7213093 7214129 7215612 7217499 7218328 7221686 7224385 7227311 7228536 7230406 7231258 7232916 7233482 7235054 7235876 7237068 7237851 7239764 7240666 7241290 7242301 7244510 7245430 7248337 7249981 7250772 7251555 7254559 7255699 7256766 7257762 7261194 7262076 7263298 7264492 7265757 7266922 7267915 7269669 7270531 7272586 7274522 7275489 7276208 7278143 7279823 7280980 7282838 7284246 7286653 7287917 7290060 7291059 7292801 7293912 7296252 7298057 7299850 7301093 7302558 7304939 7306431 7308861 7310684 7312076 7314189 7315009 7316609 7317569 7321990 7323565 7326448 7327511 7328599 7329297 7331015 7331758 7332978 7334405 7335549 7336362 7338307 7339707 7340443 7341638 7344457 7345468 7346818 7347830 7348661 7349656 7351686 7354432 7356835 7358799 7360511 7361379 7362747 7364031 7365652 7368427 7369795 7371207 7375309 7376937 7377888 7380888 7381871 7383715 7385366 7388085 7388996 7389855 7391500 7393507 7395088 7395916 7397201 7397988 7399042 7399720 7401937 7403197 7407656 7408912 7410271 7413314 7416368 7418827 7420496 7423231 7424769 7428100 7431386 7432799 7434535 7435833 7436545 7437906 7440812 7443078 7444867 7445566 7447197 7448837 7449629 7450533 7453110 7454097 7454647 7456220 7458476 7459039 7461502 7462441 7463645 7466123 7469313 7471193 7472816 7474533 7475267 7477466 7478729 7481045 7482111 7484437 7485447 7486477 7488722 7490934 7492418 7493850 7494968 7495809 7496629 7497949 7499705 7501549 7503004 7505352 7507037 7510096 7511722 7513749 7514511 7516672 7518450 7520060 7521562 7522679 7525585 7531930 7533022 7533957 7535594 7538497 7540956 7542536 7548188 7549658 7554652 7555576 7559049 7560308 7561265 7562316 7564476 7565710 7566541 7569171 7572666 7573822 7574461 7577038 7578536 7580281 7586848 7588140 7592760 7597208 7599810 7604674 7605762 7606850 7608000 7609539 7610764 7611729 7612485 7613328 7614740 7615971 7617222 7618954 7619903 7620872 7623730 7629985 7632378 7634177 7635860 7638965 7642219 7642939 7644289 7645955 7647331 7648199 7649642 7650715 7654742 7655972 7656678 7657939 7659066 7660768 7661491 7662856 7665512 7668319 7669866 7672245 7673354 7675885 7679329 7679988 7681466 7682769 7684551 7685341 7686048 7687393 7689082 7689785 7692717 7694325 7695578 7697229 7698962 7700392 7701479 7702214 7703499 7704177 7705548 7706915 7707940 7708725 7710512 7712772 7714944 7715947 7717338 7717999 7719054 7720927 7723508 7727272 7728261 7730748 7734125 7736128 7737295 7740908 7741940 7745900 7749463 7751008 7752312 7753501 7754793 7756112 7756971 7758548 7759622 7760247 7760786 7762047 7763665 7767128 7768602 7770042 7771984 7775163 7778649 7779609 7781557 7783295 7785627 7787707 7790416 7793730 7796486 7799352 7803086 7804170 7804985 7805706 7807628 7809079 7810039 7811175 7814265 7818461 7819473 7820434 7821825 7824060 7826466 7828171 7830807 7831587 7834809 7835785 7837196 7841687 7842907 7843739 7847441 7849556 7850830 7852315 7855125 7858768 7861337 7863067 7868522 7869212 7871074 7872285 7873497 7874231 7875933 7879197 7880538 7881130 7882002 7883623 7884292 7887045 7889054 7889858 7890920 7891776 7892860 7894904 7896420 7898566 7902213 7906741 7908437 7909554 7910903 7913259 7919104 7920864 7922338 7923018 7924096 7927235 7928611 7930838 7932336 7935779 7937639 7938479 7939443 7940127 7942355 7943267 7944351 7948865 7949887 7950791 7952309 7953755 7955404 7956792 7958119 7959708 7962410 7965381 7966507 7968483 7969723 7971480 7972629 7975608 7976284 7977347 7978627 7979615 7981895 7982883 7984165 7988850 7990238 7991205 7993223 7994935 7996279 7997538 7998796 8000616 8003496 8005398 8007627 8008806 8010525 8012377 8016537 8019333 8020561 8022747 8025907 8027545 8028442 8029325 8030218 8036486 8037427 8038980 8040889 8042149 8045672 8048670 8051259 8053019 8054631 8055340 8056101 8058448 8060413 8064992 8066095 8067552 8070048 8071264 8073234 8074597 8076551 8077804 8082598 8087637 8089626 8091496 8093244 8094297 8095539 8096285 8097751 8099806 8100695 8102064 8102914 8107861 8109151 8113047 8115055 8116546 8118081 8118765 8121205 8123782 8126306 8127717 8129261 8130608 8131849 8133015 8137023 8138026 8139892 8140850 8142416 8145703 8147197 8148364 8149595 8150336 8151311 8153925 8155500 8159086 8164591 8168027 8170437 8171458 8173556 8176885 8177616 8178621 8179453 8180418 8182095 8184549 8185918 8187756 8188839 8190330 8191585 8197268 8199391 8202709 8203665 8204567 8208077 8209669 8210559 8212345 8214220 8216602 8218044 8219192 8221329 8222655 8226302 8228817 8231308 8234704 8236786 8238373 8240291 8241671 8242991 8247324 8250015 8252447 8253443 8254016 8255089 8256638 8257223 8258308 8260688 8262461 8263915 8265136 8268430 8272619 8273898 8277164 8279276 8281852 8283486 8285478 8286513 8291158 8292003 8292915 8294145 8295059 8299179 8300600 8301910 8303250 8304531 8305872 8307159 8308289 8313399 8314547 8316243 8317428 8319689 8320694 8321668 8323498 8325122 8325903 8327495 8329831 8330756 8333380 8338259 8340420 8344542 8346409 8347611 8348235 8349379 8350544 8351534 8354095 8356586 8357323 8358056 8359662 8364103 8365728 8366632 8368720 8371112 8372444 8373821 8376243 8379039 8381532 8383146 8384049 8385816 8386951 8388011 8388942 8390020 8391040 8392361 8393292 8394715 8396668 8399644 8400602 8401711 8403970 8405310 8405972 8408309 8409744 8411892 8413598 8414165 8415608 8417447 8418751 8419601 8421527 8422436 8425005 8427693 8428795 8430145 8431968 8435533 8436625 8440218 8441598 8442860 8444412 8446060 8449006 8451334 8452239 8455070 8462614 8463330 8464172 8466780 8468521 8469337 8471369 8472298 8473151 8474162 8476265 8477741 8481354 8484959 8486923 8488607 8489925 8491858 8492681 8496480 8497659 8500044 8501094 8502529 8503603 8504335 8505993 8507480 8508409 8509208 8513303 8515053 8518130 8519787 8521019 8522497 8524917 8526454 8531647 8532410 8533333 8534761 8535937 8538081 8543356 8545960 8546697 8548058 8549532 8551534 8552982 8555511 8557685 8559266 8565397 8567064 8570556 8572052 8573016 8575403 8579064 8583494 8584697 8585463 8586315 8588360 8590749 8592006 8593343 8595556 8596840 8600123 8601059 8602196 8606145 8606916 8610688 8611774 8613472 8615207 8616371 8618698 8619505 8620629 8621856 8623179 8624541 8625574 8628076 8629626 8632356 8633215 8635559 8638013 8640701 8642294 8643918 8647318 8648110 8648903 8650315 8652465 8654412 8655848 8657231 8659836 8660915 8662243 8663434 8667042 8669412 8671030 8671972 8673734 8674819 8676873 8679543 8681039 8682182 8685005 8686140 8688659 8689503 8691696 8694340 8696702 8698329 8699345 8701351 8702149 8703036 8704423 8706895 8710540 8711702 8714099 8719416 8722573 8723224 8725168 8727793 8730572 8731107 8732713 8733678 8734692 8736181 8737734 8740183 8740997 8742655 8744000 8748502 8751404 8753310 8754041 8755385 8759929 8761547 8763147 8764191 8765626 8767689 8770205 8772406 8773126 8774111 8775524 8777129 8778816 8781858 8784166 8786196 8787490 8788236 8789249 8789941 8791924 8793091 8794678 8796556 8797739 8798684 8800662 8802196 8805340 8807465 8808154 8808807 8810582 8812662 8813796 8815930 8818126 8819185 8819822 8822284 8824817 8826196 8827133 8828404 8831211 8833478 8837633 8838851 8840061 8842161 8844520 8845665 8848498 8849896 8850607 8851456 8853735 8856115 8857908 8859307 8860688 8862467 8863158 8865068 8866001 8867985 8868927 8870152 8871241 8872218 8874018 8878176 8879399 8882365 8884307 8885469 8887021 8888067 8890477 8892118 8892963 8897909 8898787 8901133 8903265 8904468 8905789 8907872 8909191 8912590 8913968 8915578 8916495 8917435 8919856 8920905 8923629 8924398 8926351 8931656 8932542 8933457 8933994 8935500 8936448 8937525 8938938 8940664 8941666 8943150 8944233 8945591 8947937 8951190 8954651 8955968 8956995 8961273 8962475 8966122 8967039 8971764 8973062 8975006 8976479 8977732 8979559 8984451 8985707 8988705 8989945 8991750 8992808 8993673 8994627 8995496 8997118 8998706 8999809 9001800 9003331 9006538 9008878 9011984 9014774 9016588 9020215 9021993 9023487 9024589 9026311 9028900 9029692 9030794 9031858 9033089 9034096 9035222 9036382 9037639 9038788 9039809 9040632 9043391 9044824 9050749 9052579 9054062 9055907 9057684 9058822 9062200 9063996 9066476 9067339 9069128 9070418 9071298 9072199 9073336 9074242 9075414 9076367 9077237 9078502 9081011 9082369 9083356 9086987 9088503 9090277 9090948 9092117 9094720 9096422 9099535 9101150 9102028 9103488 9104387 9106372 9109705 9110819 9111389 9113602 9115943 9117990 9119318 9120779 9125466 9127088 9127680 9129140 9129996 9131048 9133701 9138562 9139207 9141395 9144239 9144830 9148198 9149138 9151382 9152228 9153842 9156472 9157647 9158400 9159869 9161562 9163295 9164422 9166839 9170608 9172668 9173591 9175577 9178653 9180644 9181635 9184013 9186915 9188297 9189533 9191375 9193040 9193901 9195249 9197920 9198691 9201058 9204915 9206169 9207380 9208768 9210851 9212326 9214257 9216457 9218829 9221594 9224935 9227676 9229086 9231902 9232827 9234458 9236358 9238479 9239827 9241753 9243981 9246038 9248620 9250003 9251928 9254492 9257342 9260314 9263961 9264484 9265523 9266453 9269607 9272069 9273679 9278190 9279332 9281064 9282274 9283609 9286277 9288847 9290164 9291264 9292303 9294811 9296430 9298203 9299294 9301306 9305143 9306019 9307628 9308621 9309581 9310535 9311712 9314991 9316160 9319567 9321392 9322776 9324543 9328192 9331692 9333603 9335065 9335707 9337909 9338777 9341090 9343224 9345691 9346406 9348134 9349320 9350105 9350886 9351871 9352939 9356628 9360537 9362752 9365488 9367055 9368129 9369563 9370343 9372192 9374249 9376701 9377941 9379785 9380967 9382854 9385125 9388392 9390318 9391677 9393721 9395263 9397206 9398318 9400591 9405901 9407124 9408345 9409725 9413495 9415151 9417789 9419113 9421171 9422198 9424832 9428117 9429801 9430680 9432475 9433260 9434257 9436165 9438843 9440456 9441905 9443343 9444953 9446232 9448448 9449387 9451305 9452445 9455092 9456180 9457421 9458687 9459982 9461590 9463052 9465472 9471047 9475965 9477086 9479007 9479782 9483648 9484410 9491641 9492666 9494194 9494995 9495912 9498644 9499884 9500912 9502886 9504702 9506831 9507857 9509711 9512454 9513480 9514618 9516188 9516923 9520163 9521702 9522697 9524851 9527204 9530621 9532001 9534614 9536112 9537231 9538925 9541533 9543649 9545813 9547892 9552292 9553211 9555251 9556943 9557931 9559241 9560890 9562248 9563656 9569505 9571520 9573258 9578422 9579555 9581956 9582955 9583847 9586792 9588454 9592313 9593227 9595677 9596752 9598591 9600248 9601978 9606084 9607980 9609897 9610918 9612840 9614283 9615431 9616752 9617979 9618892 9620705 9622643 9625050 9626610 9628849 9630146 9631535 9633252 9634559 9635883 9637281 9638283 9639607 9640344 9642217 9643429 9645684 9646628 9647463 9649657 9653094 9656196 9657290 9658503 9659825 9663637 9665126 9666748 9668662 9671398 9674261 9675336 9677904 9682776 9683608 9689231 9690947 9692364 9693355 9694936 9696735 9698189 9702151 9703863 9705129 9707862 9709317 9711987 9713339 9714940 9715930 9717217 9718707 9721421 9722466 9725810 9728345 9731000 9731991 9738991 9740204 9742151 9745500 9746223 9748550 9749331 9751018 9752554 9754196 9755066 9756021 9756801 9759362 9760022 9761702 9765099 9767101 9770613 9773158 9774374 9777000 9777593 9780410 9782982 9784381 9785845 9787176 9789425 9791117 9792333 9794212 9799362 9800804 9802368 9807627 9808720 9810450 9811241 9815132 9816586 9818198 9819155 9820977 9821614 9822274 9823184 9825706 9827449 9829579 9830988 9833678 9834760 9839527 9840134 9842765 9843527 9844535 9847029 9847929 9850363 9852059 9853068 9856409 9857381 9860568 9861835 9863275 9866123 9867008 9868140 9872011 9873074 9875156 9878679 9880568 9881651 9882654 9884943 9887215 9888371 9890650 9892629 9894082 9895280 9897998 9899608 9903582 9907186 9909095 9910242 9910879 9911581 9912820 9914317 9918565 9920385 9921084 9923627 9924242 9925255 9926689 9928571 9932096 9933354 9935862 9937874 9939218 9942868 9944933 9946155 9947499 9948503 9950268 9952392 9956787 9957805 9959012 9960356 9962645 9964620 9965325 9966467 9967969 9969626 9970449 9973952 9975059 9976705 9977575 9979417 9980505 9981361 9983307 9986463 9987730 9989299 9991257 9992951 9994383 9995608 9997760 9998425 
</Matrix>
<Matrix name="Neuron_507" type="complete" rows="1" columns="2149" multiplier="1.0">
   3125 4675 16964 18940 23724 26352 34185 39926 41423 43728 45720 49360 53059 62898 65221 67141 68813 74508 80380 81775 83705 87452 90826 91793 95997 105088 109979 117713 120824 123064 125211 130555 132723 137852 138956 140280 150949 152850 154429 155623 165344 171189 173446 177146 179000 187280 193342 198212 200628 204063 205956 213660 224008 227842 229432 233729 236896 238215 242787 247453 248511 250727 258396 260467 267908 268784 285404 287061 290331 291950 301146 302355 306643 313211 314077 327840 331948 335375 338414 339177 340917 344091 347659 349522 353883 356437 364490 366798 371039 381157 382530 390143 395807 397821 403314 408055 412078 414027 418468 425210 428261 432384 436141 438957 445207 450302 451610 463539 464280 472841 474055 478530 482287 489232 494802 500260 504143 507928 509769 512342 514843 525639 535877 540217 542177 545078 550256 555653 559392 563439 565822 567180 568354 570060 571452 579231 580917 587582 591015 593932 598618 602860 611090 616118 617902 624252 625360 628969 642866 644566 649449 657127 661104 662186 669944 673974 675698 677802 679715 680737 682564 691147 693336 695424 701593 708514 710530 715041 726262 728974 730993 737815 752306 756857 765722 768078 770005 772529 774328 780333 789462 797287 800188 806166 808352 816830 825395 826767 839469 846489 862032 864176 869952 871386 881726 887296 890732 892319 894542 901420 911318 914013 926190 932043 937137 941877 952047 953076 954820 959060 969214 970385 976443 980974 983572 987969 999500 1000541 1014455 1027890 1029753 1031695 1046533 1051217 1057823 1064173 1067123 1069984 1080006 1082995 1088447 1090117 1092958 1095335 1102994 1116760 1129326 1131406 1144856 1153293 1157121 1164169 1170529 1171834 1177185 1186481 1194160 1196763 1198895 1205542 1213076 1218046 1220688 1227551 1231071 1238070 1240579 1241914 1247130 1255364 1261311 1263639 1269852 1271140 1275322 1276806 1284540 1286879 1292040 1295457 1306330 1307832 1310413 1315608 1327020 1331329 1335319 1338171 1343572 1346397 1367349 1369816 1372637 1375733 1382463 1387045 1391645 1393130 1394657 1395735 1397518 1403642 1405840 1410116 1416454 1422274 1423097 1430112 1437710 1441525 1445246 1464047 1467763 1474033 1475983 1481532 1486987 1490137 1493841 1494917 1495956 1504972 1509396 1515626 1518599 1522184 1526954 1529468 1530498 1532403 1537695 1539071 1543224 1549874 1556565 1566295 1568411 1571848 1573669 1575606 1582209 1585986 1594040 1597037 1598077 1602588 1604614 1607312 1609368 1612986 1622727 1625644 1629730 1643009 1646088 1648163 1652165 1668765 1671739 1676644 1677888 1681536 1682851 1690909 1693987 1695036 1711252 1721229 1723797 1726957 1732831 1737015 1738172 1739111 1748054 1750073 1757786 1760279 1766340 1774179 1776198 1778659 1786720 1790185 1792845 1797103 1801914 1805768 1807651 1826350 1828179 1832315 1833540 1836491 1838227 1846054 1848761 1853861 1857792 1864971 1870932 1875824 1894928 1901352 1916689 1918923 1920690 1921838 1925216 1930087 1932846 1937896 1946522 1951773 1958258 1959938 1962971 1965563 1975166 1984377 1987951 1990247 1991867 1995875 1998996 2003359 2013564 2018128 2019342 2021260 2022969 2026324 2031271 2038008 2041782 2049883 2056961 2058295 2060775 2067971 2071737 2074064 2082163 2086133 2096816 2097602 2104887 2108776 2113709 2114769 2116023 2119950 2127204 2128895 2132885 2135783 2138502 2139716 2140767 2142306 2144789 2147070 2155031 2156559 2160583 2161388 2162676 2166496 2174320 2181484 2182634 2184163 2185565 2201164 2203253 2207163 2209554 2210629 2217145 2218582 2221522 2228809 2230447 2249216 2252689 2257294 2260006 2270121 2274538 2277088 2279007 2280292 2287983 2288918 2292198 2295563 2302247 2304498 2306339 2307568 2316112 2321295 2324717 2332288 2336293 2337025 2347839 2349129 2351397 2353610 2355373 2356910 2363817 2375443 2377543 2381795 2384747 2388612 2395803 2399080 2401872 2408542 2412898 2414229 2416381 2419798 2422275 2426212 2430815 2433485 2436384 2437444 2439370 2445247 2447936 2451511 2457526 2459250 2461524 2466827 2468871 2469923 2472637 2474277 2476191 2484847 2486177 2492087 2504673 2513754 2519250 2527199 2539574 2541457 2553728 2557328 2558595 2561710 2567471 2571378 2576247 2590564 2595409 2597076 2604867 2614275 2618523 2626170 2636888 2644830 2646623 2648083 2657367 2660919 2664428 2665482 2674253 2675819 2680583 2681550 2685506 2690764 2693798 2696268 2703491 2707106 2715189 2719312 2721483 2732386 2736430 2742740 2753430 2756927 2763494 2767877 2772606 2773853 2775147 2779152 2780341 2784522 2787605 2789156 2792010 2798062 2799734 2801006 2802581 2811173 2815969 2819957 2822207 2824673 2833701 2836821 2840803 2844411 2845336 2848554 2851051 2854435 2861146 2866121 2872951 2883654 2886832 2888311 2891762 2893467 2895615 2896892 2899215 2900451 2902911 2905914 2910605 2916012 2918748 2923381 2927183 2930777 2933497 2936470 2937805 2942418 2944234 2952522 2956971 2959549 2964207 2970017 2978855 2980657 2981598 2986863 2991825 2995599 2996717 3008373 3010335 3011505 3023236 3024204 3027702 3035757 3040915 3048183 3051102 3059917 3064784 3069332 3070965 3082544 3083631 3088609 3094432 3095486 3098743 3105771 3110257 3112396 3114491 3122128 3124916 3128800 3130230 3143844 3145877 3150363 3162386 3165789 3172935 3173962 3184742 3187797 3190438 3191346 3195391 3201206 3203718 3205605 3206898 3209845 3211662 3216059 3217604 3219194 3221533 3235306 3240691 3248650 3250109 3252105 3255197 3270318 3275555 3277711 3279150 3287366 3289143 3292805 3294002 3295505 3298106 3301631 3324757 3328403 3332276 3337609 3339064 3340067 3344030 3348328 3355765 3357632 3359988 3366264 3379140 3382067 3389264 3390392 3392830 3394813 3397129 3404574 3416487 3417370 3420378 3423627 3430517 3431934 3433606 3438631 3443116 3451671 3457138 3462002 3462824 3465543 3472699 3475880 3479971 3484158 3488540 3495898 3497708 3499665 3506097 3512256 3514986 3520272 3534585 3546006 3551104 3557777 3561769 3577381 3578689 3580256 3590751 3592829 3597168 3600018 3603848 3612696 3616953 3627778 3632091 3639178 3640526 3643536 3647188 3651912 3661040 3662670 3667955 3678895 3681870 3695247 3699712 3702518 3707449 3718184 3721052 3723072 3724538 3737573 3740685 3748210 3752920 3756695 3763067 3775309 3780521 3786055 3788619 3791357 3792968 3795269 3806698 3809858 3811939 3813764 3816439 3820494 3824633 3826755 3829475 3837169 3839073 3843602 3850484 3866194 3871860 3876983 3879708 3887952 3892256 3896554 3897465 3903877 3907564 3910585 3912238 3924495 3925431 3929530 3934095 3950647 3955109 3956503 3960961 3974138 3974999 3981177 3984965 3988955 3992406 3997713 4000891 4003490 4007958 4020114 4020882 4026486 4033126 4037253 4038412 4045490 4047063 4048717 4050580 4053411 4054719 4059814 4062678 4066960 4068576 4069840 4072396 4076152 4085297 4091075 4100102 4107699 4110956 4115749 4119452 4122119 4127310 4129954 4143951 4147132 4153127 4157248 4174474 4177789 4181154 4182752 4185831 4189171 4190395 4194516 4203386 4205855 4206978 4218231 4221574 4222934 4225200 4226367 4228655 4232858 4236178 4249366 4257253 4259002 4264255 4275030 4277037 4282584 4283525 4289015 4299134 4302143 4305595 4309046 4309987 4313065 4332589 4334202 4344334 4346199 4358915 4362493 4363715 4365276 4370931 4379511 4381917 4392908 4394984 4399593 4401414 4416068 4423407 4432992 4441308 4450133 4453711 4454929 4457930 4459680 4470966 4477015 4483037 4485783 4491847 4498067 4502637 4509284 4515431 4527237 4533810 4540859 4547086 4548752 4551208 4553290 4556907 4558727 4567492 4569719 4576262 4583058 4587558 4588486 4591323 4599348 4609339 4615414 4617686 4622101 4623832 4625768 4629720 4639254 4641263 4642386 4643233 4644083 4646821 4648565 4650259 4658386 4662593 4663574 4665596 4678868 4680599 4682498 4684577 4686101 4692576 4697811 4701682 4706953 4725975 4726754 4734244 4737707 4739115 4741708 4753676 4757339 4760327 4767652 4773237 4775551 4784778 4789093 4792360 4801028 4802999 4806098 4808045 4810644 4811874 4814326 4820369 4825448 4827627 4829654 4833960 4835847 4837481 4843463 4859923 4863009 4869599 4875866 4882238 4884466 4888985 4891840 4898555 4901208 4907084 4912989 4918581 4927950 4931049 4935212 4936648 4938433 4951838 4954134 4956246 4959480 4963905 4973422 4976577 5003488 5004572 5007793 5009034 5012209 5013201 5015975 5017795 5019055 5021059 5026598 5037621 5040032 5048246 5049509 5057796 5066109 5071589 5072836 5075409 5079512 5082157 5084657 5089443 5091829 5096797 5099271 5109620 5111880 5114247 5115641 5116827 5120451 5123071 5128164 5129483 5132234 5141394 5148060 5149452 5151278 5154563 5158087 5172660 5176047 5179679 5186225 5190241 5191203 5196845 5207283 5219506 5226826 5232358 5250487 5251910 5259535 5263942 5271825 5273459 5275761 5286864 5291291 5303967 5304981 5307733 5310941 5312337 5314291 5317438 5322964 5324322 5325478 5333059 5340665 5349518 5357800 5360566 5363925 5367120 5371867 5376373 5379470 5380430 5386731 5389414 5391932 5397964 5399339 5403262 5406635 5413509 5418750 5426109 5429094 5436787 5438487 5441440 5443417 5447292 5453668 5455236 5456451 5461301 5476602 5479968 5481164 5487301 5491407 5494195 5501677 5503190 5506784 5510679 5512518 5525775 5530299 5539461 5542969 5546269 5549017 5551214 5556201 5561201 5570892 5574280 5577616 5579937 5581328 5589349 5599060 5610218 5618852 5626232 5628106 5636867 5641427 5642839 5645961 5664801 5666213 5673764 5674807 5677510 5682828 5685357 5689634 5691360 5692290 5696127 5701592 5705884 5709005 5713090 5715526 5717997 5723184 5726410 5730176 5731583 5733140 5739559 5743679 5747844 5751131 5756308 5760923 5764807 5766557 5768858 5778928 5780765 5783022 5801234 5804713 5807202 5810339 5821878 5830156 5832047 5833365 5837326 5839668 5842552 5844944 5849393 5860719 5863252 5866935 5870154 5872311 5873042 5873888 5878511 5880448 5888100 5890449 5895851 5897977 5903239 5907959 5910127 5915254 5916369 5918028 5922314 5927497 5930341 5937052 5946132 5948574 5952582 5954493 5957002 5958813 5960556 5965716 5967328 5968589 5972772 5974962 5977664 5982353 5987615 5988717 5992087 5999120 6000571 6005825 6012452 6014431 6025363 6030771 6043360 6044633 6052425 6056717 6059949 6066057 6067540 6070509 6078061 6085514 6086760 6091607 6096211 6099349 6104332 6105316 6107197 6125455 6133678 6142328 6145304 6147788 6151509 6153125 6154534 6157497 6173331 6175016 6180962 6185920 6195816 6198719 6202755 6205981 6208273 6213626 6214751 6216307 6219391 6223439 6225678 6227783 6238210 6241736 6247121 6252153 6253318 6256603 6264594 6268301 6270392 6272065 6275502 6279368 6289680 6291731 6294420 6295792 6298799 6303248 6307739 6314573 6333330 6337112 6343693 6351373 6360218 6362207 6364593 6375343 6376966 6380624 6382037 6386252 6387295 6390355 6395009 6395842 6400660 6402314 6403573 6408619 6412171 6422475 6427192 6435826 6446756 6451339 6452579 6458070 6462317 6469717 6472563 6473919 6480185 6481850 6484420 6488341 6489079 6495528 6500120 6504818 6507290 6511586 6514371 6518729 6520272 6521479 6526126 6531635 6532494 6535842 6536802 6547611 6548885 6551516 6558177 6561806 6565212 6566022 6569304 6571730 6573606 6577064 6578633 6580276 6587986 6592387 6596451 6601585 6604720 6607964 6610597 6611759 6614502 6619839 6622656 6629965 6632173 6634357 6635641 6640152 6643456 6645050 6651455 6653821 6661391 6669837 6672636 6674781 6678447 6683560 6685578 6688510 6696765 6702383 6704630 6710660 6712506 6714165 6716180 6720423 6731185 6733052 6745582 6749685 6752499 6754542 6755700 6766528 6771853 6773585 6778416 6782700 6790754 6792541 6794629 6797104 6800026 6806564 6811599 6813823 6820747 6823032 6827128 6828721 6833270 6845240 6846717 6874833 6878140 6882587 6893495 6902876 6911074 6916298 6917827 6921669 6929699 6931380 6932854 6934989 6936014 6938240 6945181 6947287 6952624 6956867 6961151 6963805 6966134 6969179 6972109 6980470 6986082 6988187 6990795 6992601 6994273 7004483 7009511 7012101 7013405 7017096 7021643 7023239 7026338 7028635 7029573 7035201 7038263 7042948 7050018 7054510 7055870 7059196 7063710 7068065 7073704 7074679 7084894 7087241 7089843 7095925 7099272 7101554 7102837 7111540 7113786 7120456 7123500 7132087 7151842 7164031 7169226 7178379 7181213 7190709 7194830 7200633 7206636 7211623 7220680 7224886 7226137 7236831 7238874 7241261 7242604 7247983 7260452 7262431 7267403 7271624 7276528 7279731 7283953 7286882 7289810 7290898 7292755 7297860 7299274 7303744 7306138 7309550 7314206 7316668 7321941 7326664 7328791 7333978 7335315 7338135 7349105 7351548 7356730 7361750 7364883 7366671 7369644 7379579 7389526 7392465 7402565 7408364 7414770 7416763 7419097 7422079 7423271 7424644 7426462 7427939 7430686 7432563 7435924 7437148 7438419 7448235 7449181 7453193 7455079 7457962 7459933 7463715 7466567 7468414 7474471 7480641 7483943 7488018 7491654 7495085 7496285 7503157 7503973 7506244 7507986 7515284 7525059 7535412 7538213 7542782 7545788 7547372 7553384 7557740 7559265 7563925 7574540 7575683 7578827 7580616 7583579 7588296 7594399 7602452 7604314 7605595 7610329 7612098 7622477 7624017 7632508 7640807 7643313 7648822 7651658 7653163 7660964 7668921 7671411 7673254 7680294 7684678 7693320 7698962 7707218 7714503 7718155 7720995 7723566 7728006 7731285 7732281 7733723 7735025 7737904 7742071 7748480 7750170 7753263 7755527 7764434 7767083 7774769 7777338 7779877 7784552 7786443 7788735 7791003 7800550 7803054 7807391 7813946 7819482 7822791 7825846 7839458 7842551 7851488 7855714 7866563 7868837 7870229 7871557 7875505 7879222 7881729 7883578 7885587 7886494 7894289 7902566 7909223 7910795 7918735 7922784 7925546 7927693 7931209 7935666 7941435 7942496 7952789 7954197 7963252 7966467 7967735 7973361 7978332 7984690 7985857 7989937 7993593 7995324 7998276 8001764 8004175 8007623 8009236 8015738 8017640 8020283 8030142 8032612 8039762 8041677 8042873 8045739 8050376 8070411 8073885 8076389 8079459 8080731 8087826 8093464 8096632 8100963 8102383 8116178 8120234 8123788 8135059 8137067 8138095 8151384 8169986 8173264 8182890 8187606 8188904 8190605 8191957 8196130 8202657 8205802 8228817 8234085 8237679 8239322 8252575 8255744 8269529 8271386 8274376 8279310 8282288 8283618 8285235 8288616 8289533 8294117 8325335 8330721 8337319 8339037 8345006 8350533 8353089 8354973 8358929 8362843 8367357 8369884 8377559 8379695 8383377 8384959 8387821 8393322 8395220 8396897 8404013 8406315 8413047 8419045 8434119 8436443 8437468 8438601 8440336 8443901 8452148 8455722 8458590 8460029 8461264 8464149 8473905 8475987 8478625 8480432 8484394 8487559 8494044 8497978 8500686 8502321 8509695 8512458 8513539 8516174 8518437 8522713 8530743 8532933 8534834 8546840 8548465 8550984 8563128 8564499 8573124 8574593 8578619 8581135 8585238 8591660 8599078 8600511 8602454 8604684 8610327 8615617 8628129 8633352 8638008 8641157 8643130 8656719 8659525 8669114 8671736 8676574 8681963 8686331 8688406 8691146 8693459 8694880 8700022 8704364 8705838 8708288 8712158 8717341 8721327 8722767 8727585 8729890 8731785 8734520 8739282 8740499 8747564 8754493 8760150 8761663 8765735 8778691 8791713 8795787 8801554 8810609 8818093 8821656 8822564 8826703 8830255 8832178 8835910 8837145 8839669 8842976 8849071 8853945 8857438 8863403 8865139 8868236 8872601 8879044 8880418 8892785 8898424 8901739 8903943 8905918 8907271 8916900 8918177 8918986 8921468 8925737 8926943 8934683 8937638 8939341 8941752 8943697 8956888 8960333 8964140 8966617 9000830 9002858 9004759 9010784 9011982 9014561 9020155 9023173 9026641 9028341 9035969 9038070 9041042 9052280 9053537 9064300 9067310 9073705 9078702 9084097 9086479 9090844 9096338 9097744 9101255 9102906 9105132 9107923 9111545 9120065 9121265 9123407 9127905 9130109 9131122 9132432 9138702 9141249 9148700 9152146 9155301 9162845 9164142 9165599 9172548 9175147 9176910 9182450 9184275 9188107 9190762 9195327 9198781 9201868 9203075 9212833 9216713 9220027 9224749 9226412 9229388 9233271 9237782 9239535 9241960 9242958 9244111 9253068 9254999 9259615 9266785 9273351 9274492 9277819 9286325 9287983 9290650 9291621 9295934 9301144 9305789 9307757 9311073 9320088 9330307 9336503 9339521 9341494 9347529 9350072 9352530 9356996 9359572 9360845 9369047 9378112 9382027 9386723 9395158 9414074 9418614 9422721 9424147 9427446 9429032 9432005 9447312 9451041 9461328 9465408 9485632 9498064 9503480 9509941 9523208 9526833 9529282 9531812 9532848 9536370 9547801 9550470 9553829 9555746 9563079 9564021 9568161 9575054 9596972 9604469 9609767 9616093 9631085 9642428 9643526 9653449 9660387 9670408 9675192 9677112 9680101 9684655 9695296 9704741 9705745 9707112 9709184 9715290 9726208 9732212 9734109 9736781 9737790 9740960 9743154 9755093 9757262 9761237 9772450 9791248 9792528 9803710 9812510 9815772 9818110 9820066 9823837 9829359 9831651 9837512 9841312 9847099 9855649 9858188 9864192 9867511 9870350 9876755 9877708 9882714 9885041 9887811 9890333 9894903 9897520 9900927 9909340 9911947 9916250 9922573 9925152 9927455 9930279 9931250 9932382 9948639 9951125 9957423 9967013 9973729 9974822 9986850 9989886 9996866 9999090 
</Matrix>
<Matrix name="Neuron_511" type="complete" rows="1" columns="438" multiplier="1.0">
   52732 61400 66084 101746 111248 113214 146109 186800 203598 220720 249193 256491 269952 273974 280241 318751 350961 352793 359616 397227 410116 431257 440838 495874 513678 521483 556531 596665 635831 657927 668416 693371 697583 701027 709692 715288 727758 737715 745836 756010 763424 773643 781113 820433 856444 885734 889473 900056 934371 977079 1017477 1027357 1046804 1064113 1082875 1131823 1183087 1216278 1230167 1237025 1264089 1272085 1289090 1309888 1324548 1335035 1354494 1378338 1425607 1468922 1525212 1533430 1539908 1549144 1560588 1578530 1579832 1592046 1595477 1611803 1621369 1622275 1625963 1660875 1662562 1667274 1735719 1744773 1786487 1789826 1794790 1836244 1849382 1921025 1933588 1965061 1986777 1998419 2005634 2013381 2044420 2054944 2083046 2085517 2126415 2129462 2147059 2159897 2163705 2166456 2175046 2191435 2215208 2220621 2228208 2230751 2281507 2294584 2296333 2354819 2396526 2425901 2452459 2526158 2545238 2556047 2559056 2577927 2609468 2613642 2662198 2666662 2707763 2710704 2724037 2727649 2750800 2767740 2785723 2817923 2842197 2914125 3017528 3032801 3048282 3061677 3079703 3096893 3121597 3124065 3153359 3196193 3236882 3237709 3245411 3290782 3293808 3306873 3347898 3359760 3373518 3393038 3406578 3415642 3423270 3493858 3499708 3505820 3507332 3508454 3520628 3550972 3554426 3559671 3571517 3609694 3623673 3652876 3689412 3700381 3729671 3752676 3768194 3784082 3820428 3834837 3836248 3870394 3963360 3967546 4043546 4062617 4086045 4093814 4184317 4189771 4223436 4253482 4263210 4269287 4289426 4298068 4371106 4398302 4400558 4404650 4444901 4448431 4453141 4460290 4489371 4503014 4508663 4607745 4614515 4637635 4655194 4682303 4684468 4686989 4725439 4740302 4759065 4767529 4795946 4805869 4819319 4869118 4910843 4913555 4919982 4937889 4968179 5003702 5057179 5065365 5083281 5126581 5133959 5202125 5222534 5235517 5267408 5290403 5291843 5300393 5346654 5387241 5388678 5458333 5468438 5630223 5664749 5691389 5706147 5738068 5775016 5780062 5788555 5794910 5816326 5832593 5837518 5862527 5874496 5930678 5936329 5951558 5994041 6008621 6033177 6035429 6045669 6065851 6098647 6116215 6123393 6130110 6177213 6198947 6200857 6207360 6209344 6213944 6251976 6269879 6276112 6291692 6299817 6340736 6354256 6356993 6379143 6446868 6477099 6511861 6554241 6568835 6581942 6586182 6587331 6622479 6636130 6637419 6648635 6687958 6694201 6697502 6711963 6712796 6755041 6794556 6808776 6814375 6828462 6845490 6874554 6913733 6929246 6935293 6972190 6983504 6988152 7010794 7012420 7037108 7063019 7079224 7098249 7224767 7233794 7235921 7255150 7262680 7280847 7289287 7312002 7320171 7342983 7371724 7375374 7386823 7388342 7465023 7471984 7474006 7523689 7552060 7565244 7578713 7584737 7632499 7779051 7794062 7797695 7818828 7840423 7967988 7974491 7977263 8002646 8009143 8012991 8016515 8043206 8057245 8090582 8115863 8170659 8194435 8203949 8234731 8250741 8285783 8303317 8323685 8331499 8358063 8433345 8455029 8541269 8549614 8585154 8593301 8649955 8669643 8711782 8746656 8752959 8776528 8832711 8867340 8901127 8919721 8934654 8942377 8975189 8979951 8984850 8994950 9002804 9012755 9017352 9022864 9031894 9047526 9056301 9092654 9097560 9105748 9151460 9219088 9222489 9230171 9249882 9262382 9296419 9326353 9350729 9446586 9462490 9503033 9506117 9566146 9593965 9633553 9688279 9729746 9744034 9789146 9826846 9864598 9871346 9921771 9962367 9973073 9976252 9982351 
</Matrix>
<Matrix name="Neuron_514" type="complete" rows="1" columns="1851" multiplier="1.0">
   14470 16054 22802 35441 40347 44907 53967 56711 58014 59756 64403 73139 79099 80518 83765 85862 88964 91598 95485 98023 102050 110269 113108 117837 126989 138834 142874 163047 164599 168643 169730 173034 175355 176569 185850 189136 191291 196940 198276 203941 212653 218029 220118 224859 229884 236623 238790 240977 243318 255706 266198 270353 281748 293683 296068 300626 302078 303816 313497 315634 317057 321632 327508 329798 350108 364760 373574 376569 377762 392053 393721 398789 402490 407678 412577 414769 416633 438984 440104 442993 447658 450988 457948 461545 466624 468453 470220 473986 481134 484547 486774 487959 491301 493301 503809 506709 513407 515287 523743 532040 535006 537345 546524 571918 581066 583895 594189 595254 596309 599342 602773 613635 622701 623769 631539 634384 652794 655875 670318 672571 676201 677246 679654 682946 684399 687934 698820 701447 703631 704862 708976 714801 715822 716943 733568 734756 736293 742481 749566 750921 762550 775395 779601 781008 791193 792304 793780 797012 802553 820241 829366 835026 845714 849209 851547 854259 860952 871131 880598 883431 885492 886638 892640 910214 913284 919029 923803 929525 932346 944656 947278 951776 956628 960725 966451 971217 975693 979212 983151 985513 988054 1006708 1010776 1015207 1017115 1030124 1036184 1040069 1044559 1047350 1049401 1051719 1055899 1057637 1060950 1062252 1063478 1067521 1071068 1071898 1073954 1077371 1081363 1085150 1095585 1100348 1102106 1118090 1120254 1126151 1132195 1134893 1138752 1142058 1144178 1148222 1158432 1159841 1162703 1166141 1170487 1182875 1193954 1196174 1203899 1216571 1218498 1222956 1224647 1227236 1234708 1237092 1251092 1253564 1260194 1261161 1268705 1272107 1274499 1284731 1287873 1292213 1295779 1296932 1300256 1309800 1311558 1313395 1315328 1319394 1320685 1333690 1340727 1346151 1347319 1349987 1360428 1364681 1369708 1372108 1373979 1378837 1383378 1384781 1388048 1390168 1392937 1399915 1412408 1413579 1419804 1424355 1433499 1438563 1445359 1449224 1456134 1463039 1470974 1472849 1480800 1484171 1486415 1492076 1498483 1509863 1516352 1518386 1522174 1525986 1530918 1532814 1534647 1538996 1543675 1551184 1568806 1574089 1586250 1589187 1590373 1593726 1598740 1602234 1605763 1607237 1610376 1612686 1618357 1619914 1621026 1623794 1625285 1631000 1633817 1642821 1645361 1646681 1658206 1660038 1664561 1668865 1674861 1678099 1685369 1693030 1694352 1696191 1704123 1705523 1717161 1720110 1724833 1729707 1732490 1769236 1770587 1775649 1778046 1788328 1793487 1797820 1798709 1805888 1814764 1823704 1825139 1839136 1846136 1846709 1876847 1884647 1890051 1893274 1898313 1902090 1904588 1906817 1912691 1914184 1915320 1919211 1922777 1925214 1934966 1937552 1948825 1951121 1959106 1961428 1962877 1965516 1967528 1978121 1979963 1984560 1986644 1993112 2007234 2012454 2020805 2024220 2030000 2036292 2046976 2048370 2052004 2054715 2055841 2062352 2064166 2080719 2091555 2092430 2098642 2100483 2107274 2111290 2120204 2125447 2129603 2139154 2141578 2145485 2148717 2153357 2155495 2156952 2162355 2167946 2169470 2176867 2178947 2188911 2192687 2195788 2198145 2206358 2209712 2226105 2233896 2244466 2245631 2257652 2258692 2263201 2274386 2277305 2278949 2291008 2293960 2297583 2301581 2307048 2310812 2312257 2320319 2321875 2325247 2335494 2341778 2344938 2350807 2355241 2355925 2363641 2368386 2374377 2381179 2392451 2401378 2416409 2426536 2431983 2444084 2449363 2460840 2464740 2467224 2469920 2476882 2481747 2487029 2490667 2492538 2493895 2495422 2499246 2511301 2512970 2514370 2523067 2525310 2531088 2541863 2542870 2544896 2546834 2549076 2550141 2571880 2576336 2578631 2580002 2583591 2591559 2604846 2607695 2609351 2612932 2614391 2615464 2618077 2620859 2631305 2632228 2643831 2654835 2657624 2659250 2661720 2665870 2671563 2674209 2686093 2688284 2691125 2696286 2700961 2704742 2709016 2723884 2724996 2732106 2737278 2744685 2747394 2750595 2756266 2759937 2764922 2778104 2780763 2787284 2792545 2794724 2796339 2802154 2813511 2816143 2821896 2827498 2828834 2833612 2835536 2842462 2847562 2852087 2863398 2869429 2873898 2881255 2883155 2888936 2890364 2892360 2893828 2895656 2897958 2902785 2916096 2917791 2919578 2946713 2954639 2963740 2966831 2969367 2971343 2997486 3000527 3001522 3012274 3016071 3022485 3023509 3029650 3035241 3036798 3038985 3047486 3052201 3057247 3060354 3065169 3076449 3079185 3084791 3092061 3094116 3095241 3098752 3101719 3104660 3111905 3126525 3128784 3136169 3137608 3139791 3148839 3153531 3158979 3162320 3163717 3166820 3172460 3174662 3175624 3178644 3182819 3192411 3194167 3195351 3201872 3211726 3214909 3216008 3222374 3232224 3240474 3243858 3249518 3250723 3254499 3258028 3263116 3265050 3270001 3276665 3279994 3289904 3291797 3293005 3297241 3299678 3307792 3310867 3320937 3325742 3337883 3344481 3351382 3358153 3361212 3377247 3378334 3386971 3391250 3400835 3406142 3407474 3409112 3410731 3412599 3417886 3420523 3422647 3431627 3435775 3439753 3441493 3443898 3448009 3449316 3450789 3452445 3454594 3456438 3460260 3464068 3469887 3472556 3474982 3484748 3496525 3498272 3505415 3513668 3515069 3522887 3534944 3540924 3551243 3556472 3559207 3562890 3564686 3567877 3570797 3581199 3586360 3590214 3594826 3596682 3604712 3612496 3614543 3621436 3626706 3628799 3630305 3635407 3641147 3650725 3659157 3662709 3673539 3680791 3683816 3685769 3691607 3697290 3699046 3703238 3711743 3728513 3731298 3735560 3740336 3748116 3762538 3764678 3767783 3772789 3776557 3779466 3786187 3787979 3794865 3796590 3798269 3811014 3813166 3817219 3819724 3822806 3825967 3830299 3838588 3843329 3845731 3848538 3855843 3858226 3864158 3872948 3880475 3887347 3890478 3901651 3904370 3905272 3920535 3928396 3935846 3942027 3948553 3951976 3959229 3966542 3981197 3990186 3991883 3993095 3995761 3998496 4002705 4004560 4005395 4012824 4018605 4020239 4021654 4023938 4029382 4033030 4035458 4039632 4041026 4042953 4044957 4048614 4053297 4056272 4062830 4071015 4074946 4085365 4089904 4093728 4094740 4106562 4116020 4136134 4144861 4148654 4151906 4169625 4175087 4181109 4187844 4192368 4194914 4200888 4202125 4210405 4211729 4217342 4218605 4221125 4230752 4234796 4236891 4240686 4246604 4258791 4266130 4270605 4272295 4277221 4281858 4288248 4308178 4312659 4317947 4321072 4328066 4343229 4349546 4353657 4356100 4372750 4377340 4379370 4389940 4393982 4401454 4407969 4409155 4416605 4421623 4423650 4424654 4430414 4433643 4437611 4442818 4444724 4447524 4449321 4454465 4460586 4467474 4470055 4475435 4477853 4486542 4492671 4496587 4497289 4526858 4529727 4533427 4538232 4548413 4552322 4554084 4563714 4578811 4580906 4581838 4587392 4590758 4594194 4600811 4602720 4605264 4622168 4624818 4626685 4634939 4639883 4643044 4653317 4655688 4657922 4659971 4665397 4673602 4677840 4687017 4694334 4698944 4703680 4705480 4714259 4726440 4728228 4741885 4751656 4759075 4762255 4763537 4767576 4773409 4779384 4782207 4789051 4799228 4807441 4811942 4817677 4823147 4839094 4843503 4848308 4861321 4862630 4864477 4868074 4870271 4875515 4878872 4891446 4898314 4899412 4918318 4923171 4928845 4935130 4938273 4943556 4945107 4962035 4965556 4967867 4975824 4981403 4991071 4992094 4999298 5005217 5007772 5008801 5011362 5012695 5015910 5022764 5024048 5025221 5030671 5044052 5046260 5051740 5057197 5058508 5061975 5069988 5075877 5077352 5083673 5087049 5097815 5103692 5111894 5117842 5128230 5129491 5130947 5132791 5134205 5137878 5140694 5143514 5148558 5151065 5152976 5161056 5165889 5167427 5169588 5181290 5186979 5189366 5202721 5205542 5207648 5211456 5217794 5225913 5235923 5247397 5260579 5268133 5270701 5272091 5273962 5289277 5291202 5292767 5295161 5301624 5304785 5306506 5320083 5321543 5324662 5331282 5335567 5337152 5341206 5346605 5349831 5351509 5362979 5367156 5371776 5374036 5376709 5380153 5398186 5401671 5409549 5416236 5419319 5420259 5422785 5424158 5425066 5426304 5442802 5445692 5449546 5451198 5457849 5461045 5465599 5484565 5486561 5492165 5495605 5499727 5502824 5503845 5506191 5507826 5512393 5520187 5521940 5524306 5528318 5538518 5540848 5546957 5550556 5555657 5560701 5562847 5567177 5574357 5584888 5591253 5599671 5602004 5607214 5613348 5617676 5620277 5627144 5630599 5633339 5639036 5651201 5652960 5659775 5661119 5683605 5687518 5689896 5692858 5694380 5698571 5702847 5711680 5718707 5723536 5732018 5735238 5737158 5738344 5744415 5749854 5754431 5765715 5768168 5776205 5781930 5786017 5792622 5794945 5799587 5802139 5806451 5809761 5815912 5822019 5831124 5833009 5837258 5842879 5850147 5851922 5856769 5858486 5864072 5867477 5886498 5889111 5892440 5907500 5911511 5913450 5917376 5919812 5925678 5933310 5940431 5942606 5944470 5947335 5948836 5954248 5959724 5968343 5970464 5972077 5978827 5990544 5998224 5999930 6002192 6003275 6005835 6006980 6011237 6016760 6020587 6023768 6032961 6037117 6046228 6049190 6052907 6058857 6060608 6073056 6078095 6084216 6090651 6100225 6105165 6106867 6114842 6122660 6123757 6132023 6137202 6139291 6140959 6142869 6153059 6159846 6167662 6174919 6180787 6182737 6193403 6201978 6206737 6212204 6218314 6228627 6231799 6238878 6245225 6248674 6250749 6256682 6262046 6266776 6270008 6284053 6287619 6290691 6303300 6306671 6309746 6311732 6314795 6322159 6326660 6333257 6336137 6339539 6341430 6344667 6352830 6357544 6364708 6366314 6369143 6372660 6375250 6379746 6386882 6390882 6395901 6409085 6414499 6424745 6430356 6434522 6436023 6438280 6442134 6451540 6453533 6455160 6457926 6464021 6474275 6483112 6489816 6494379 6503139 6505332 6514291 6526744 6531194 6533592 6536185 6537255 6542722 6544696 6556258 6560717 6563631 6572590 6574727 6580523 6602043 6605078 6612812 6614050 6623521 6626984 6629883 6634687 6636680 6642217 6643423 6645377 6646539 6652771 6666656 6672016 6675140 6678931 6693915 6701394 6702439 6714643 6717941 6720818 6722901 6728395 6730803 6733469 6740434 6743452 6747288 6754359 6755673 6760188 6762685 6765554 6766576 6777318 6780694 6790613 6793640 6794656 6801249 6803700 6805438 6810008 6812600 6817413 6822955 6826542 6831108 6833340 6837015 6839047 6842818 6852446 6856316 6858167 6860255 6862562 6867339 6869529 6881818 6894204 6895174 6897391 6901191 6906151 6918397 6934440 6943499 6951932 6965525 6969651 6971560 6980622 6984068 6988216 6990972 6995921 6997608 6998559 7001386 7005238 7008143 7011174 7015009 7017128 7018120 7020102 7045264 7048954 7051052 7057287 7060362 7063548 7068858 7076433 7081610 7083648 7086113 7086887 7094515 7099614 7105353 7107984 7108867 7112401 7117929 7122545 7132391 7156918 7162006 7167113 7168373 7171124 7173557 7176616 7178567 7179492 7182156 7184024 7189306 7192006 7210646 7212741 7216170 7226512 7238967 7241652 7243342 7250879 7251833 7252734 7263711 7267205 7271797 7286605 7290308 7296003 7301738 7326141 7332710 7337883 7354278 7369722 7372459 7381408 7387832 7389185 7393435 7403372 7404239 7408518 7424055 7427931 7447203 7450312 7453737 7455546 7462943 7485274 7489444 7497165 7501861 7503617 7510248 7515309 7518846 7521416 7523136 7530633 7536117 7539175 7544609 7548816 7550741 7569162 7581777 7584092 7589847 7599869 7600805 7602379 7606918 7608654 7613441 7615834 7625000 7626955 7629491 7631326 7635792 7637520 7642074 7648005 7654937 7656229 7673256 7674630 7681057 7682027 7686590 7691027 7702147 7708172 7716055 7717095 7732202 7740264 7743963 7745663 7750446 7760435 7767352 7770093 7771749 7776604 7783187 7788534 7796210 7797800 7803893 7809130 7811747 7815932 7818048 7827917 7856389 7862024 7869860 7874627 7876847 7878453 7882749 7888684 7895447 7900082 7902163 7903945 7909396 7911180 7916077 7919937 7921514 7939989 7947076 7951797 7954774 7955993 7958237 7962818 7964018 7969951 7977503 7987063 7989729 8002522 8014414 8018696 8025301 8029462 8045171 8050143 8051762 8054522 8057294 8067344 8073473 8077728 8086578 8091742 8108099 8109196 8112073 8115034 8123840 8126230 8140569 8142115 8152559 8154624 8164475 8175594 8180879 8193240 8205585 8206523 8210720 8212703 8217297 8227320 8233188 8234157 8235019 8251173 8269183 8271422 8289197 8313174 8319440 8321382 8323303 8325883 8331955 8333609 8336785 8338070 8340615 8344322 8347102 8348655 8354382 8365511 8372591 8375869 8378087 8380599 8381595 8386059 8394612 8397050 8399726 8401826 8408108 8416272 8423420 8427889 8429582 8435724 8437183 8438699 8442367 8443516 8448580 8450123 8456355 8459370 8465997 8468534 8469697 8471731 8477167 8491448 8492754 8497014 8501346 8502570 8508362 8509708 8510685 8516599 8520231 8521577 8527559 8536710 8541431 8543752 8554724 8558067 8561648 8576989 8580659 8593471 8598359 8599464 8608720 8612160 8616229 8619812 8622578 8631476 8637786 8646542 8654171 8665705 8672631 8674794 8679146 8682119 8686571 8699798 8701130 8705824 8713619 8717321 8718519 8729658 8732982 8755444 8759325 8768201 8769980 8771678 8776787 8784042 8789003 8801916 8805100 8811453 8812439 8824464 8831737 8834413 8837526 8862233 8877088 8881203 8884269 8888721 8898445 8906725 8911130 8913866 8920607 8922821 8930080 8933287 8939221 8954882 8962153 8966982 8969161 8976482 8978406 8982799 8984145 8987774 8997074 8999859 9000975 9002767 9015416 9018008 9024804 9027995 9030026 9037036 9059037 9062456 9070487 9072586 9076389 9082030 9087084 9091397 9107548 9109228 9111885 9118807 9122398 9126978 9139465 9143977 9148012 9149563 9161835 9171683 9176594 9185173 9190303 9193645 9201127 9203075 9212023 9217073 9218601 9222361 9225812 9228003 9232956 9234316 9237387 9238820 9241479 9243711 9245293 9253894 9258960 9265487 9268928 9272727 9285840 9287252 9292868 9296361 9298555 9301188 9317162 9318402 9328656 9331459 9333330 9339336 9341034 9345812 9352591 9371413 9379499 9381985 9382894 9387135 9388978 9393453 9404307 9413137 9416476 9418988 9426948 9439651 9441487 9442657 9451692 9453214 9454988 9459668 9462041 9468933 9470332 9481259 9483601 9492967 9496363 9500903 9504726 9508619 9513677 9516848 9519908 9522889 9531242 9535556 9545911 9547773 9554239 9559978 9562375 9577867 9579631 9581371 9584995 9595245 9599952 9603099 9607961 9612161 9616207 9636671 9638466 9640708 9646899 9653046 9654556 9664463 9666237 9674795 9680946 9690245 9700568 9701832 9704026 9707782 9710699 9721268 9722186 9727107 9738395 9741425 9744922 9756379 9763632 9765391 9769203 9770776 9776050 9781506 9782839 9784704 9794040 9805663 9809044 9811562 9833633 9838989 9844302 9849534 9862432 9867448 9875781 9877335 9890601 9901263 9913803 9915357 9929844 9939430 9941281 9944810 9945754 9948757 9950586 9960139 9962231 9970641 9982001 9983128 9986836 9988496 9994051 9998464 
</Matrix>
<Matrix name="Neuron_521" type="complete" rows="1" columns="1096" multiplier="1.0">
   2988 7875 21876 25913 31870 34480 38099 62166 64963 72464 82782 95380 99742 103488 133956 139296 162230 167897 169967 174658 178201 185417 206564 212028 214995 225273 229322 233179 244027 257515 262404 268211 272376 276171 282083 286385 290149 291033 292351 295885 302503 306620 326271 335116 336010 343124 396014 419849 421776 426711 429133 440837 448396 449682 466012 469526 504842 508448 513855 516643 524571 536231 543321 550986 553383 574318 577301 586460 590756 604521 630882 652468 657178 659450 682180 690422 694295 697935 702342 705491 712951 715337 722618 736747 746513 755770 766271 768732 770065 780668 797817 802319 813530 816830 836387 846756 848427 863307 866290 882700 885929 903236 907655 918517 929742 939887 959556 983100 984146 986388 1009675 1016527 1020650 1035809 1037903 1050161 1062442 1070190 1080644 1082720 1101183 1106207 1107267 1111082 1114688 1122492 1130201 1131572 1136255 1173301 1178115 1184244 1194418 1197745 1207306 1230141 1233044 1238104 1241034 1256462 1261090 1262442 1273664 1276396 1283531 1291940 1313560 1323341 1328337 1337512 1345398 1351651 1356982 1369147 1373560 1386228 1404009 1408323 1418720 1426265 1435506 1450159 1463444 1466572 1479962 1485048 1491191 1508387 1510215 1514617 1521547 1527013 1533976 1537170 1554923 1557546 1559841 1566076 1583562 1586035 1596003 1597881 1599703 1601408 1605553 1609951 1620778 1622991 1629316 1634891 1645511 1649959 1656301 1675166 1687377 1694840 1704689 1706723 1713265 1716779 1726528 1746139 1754324 1755613 1762862 1771161 1777784 1783190 1794987 1820849 1830642 1832536 1852854 1869452 1878810 1880370 1885555 1890836 1900730 1912992 1918968 1921467 1935762 1947424 1988173 1989202 2001196 2014058 2018800 2024131 2029605 2036658 2041658 2063180 2076067 2095684 2097503 2099456 2123407 2142039 2149686 2151020 2159814 2161585 2163124 2165649 2166663 2183324 2184840 2191599 2212251 2222655 2230318 2255349 2277372 2280646 2301961 2307965 2324453 2328804 2334593 2344093 2345415 2357843 2370845 2406684 2410772 2441484 2455014 2458644 2491517 2506243 2538411 2558129 2582131 2583561 2606584 2609564 2617436 2626271 2635232 2641340 2643025 2668970 2670848 2683381 2690630 2694013 2708882 2711360 2713099 2714555 2729971 2743638 2762071 2769304 2770308 2780196 2782605 2784056 2793553 2797780 2804346 2806177 2812414 2817157 2821487 2827653 2830426 2836006 2837733 2856756 2870928 2879442 2907572 2916521 2924003 2927027 2951531 2952908 2956218 2957727 2961278 2974242 2979390 2988253 2993465 3020032 3026683 3028408 3039840 3047860 3052561 3066697 3093335 3107795 3110629 3148274 3161516 3172874 3180232 3185041 3201193 3202854 3211516 3217925 3233872 3235624 3245138 3260519 3264827 3267782 3286016 3303772 3309163 3318698 3337540 3341884 3349292 3362032 3371736 3373503 3377049 3389370 3396486 3417056 3420351 3421888 3435785 3439195 3443229 3475398 3482644 3487081 3545179 3557364 3559498 3561080 3566201 3567244 3574015 3580005 3581532 3602840 3606487 3623523 3632063 3643394 3650658 3662439 3666261 3671205 3671968 3679603 3689177 3691318 3695307 3707958 3709780 3717883 3730804 3742761 3752695 3761533 3772782 3793812 3819902 3838235 3842276 3854525 3859140 3873538 3877195 3880544 3893386 3896439 3899878 3904768 3905644 3908854 3910556 3913814 3928127 3932241 3934296 3936116 3947025 3958322 3966884 3971662 3980253 3995350 4004084 4023057 4026465 4037662 4039549 4043195 4056607 4060570 4071383 4079460 4091730 4093388 4098731 4103109 4109831 4118468 4120515 4125844 4139506 4154901 4158991 4163316 4174965 4194864 4208933 4211607 4215123 4223123 4234296 4247938 4259518 4268581 4271802 4275220 4277216 4284173 4289444 4290942 4298785 4306799 4309667 4327122 4340830 4344384 4354393 4382793 4384022 4392157 4412098 4419199 4422933 4434977 4443100 4447073 4456358 4469193 4481849 4483653 4504283 4508150 4515540 4520398 4523026 4530231 4538024 4544570 4556293 4558038 4565923 4580989 4584454 4606775 4622135 4634655 4643134 4663671 4695693 4730888 4745479 4753213 4759420 4762574 4775374 4780628 4792607 4802631 4808372 4809855 4820345 4825501 4835783 4862177 4870519 4876168 4882649 4884869 4889500 4896716 4905857 4918783 4928491 4945219 4963833 4981100 4984341 4988670 4990561 4999178 5000806 5008756 5019533 5021345 5027136 5036915 5047913 5051892 5053404 5056703 5083895 5086381 5100533 5106408 5108033 5111456 5130436 5135085 5149201 5150704 5166371 5167914 5183105 5192705 5197992 5202516 5213760 5219476 5223063 5245523 5249141 5254764 5269080 5270956 5288551 5299284 5305229 5327327 5366091 5372186 5373876 5375361 5412752 5421333 5430232 5431871 5438436 5452338 5455008 5461451 5476195 5478064 5486891 5490037 5496036 5508428 5510068 5523709 5525935 5538543 5543427 5562314 5571194 5574567 5579629 5593184 5595187 5598981 5600169 5615236 5618457 5627657 5639198 5643190 5662195 5672284 5680124 5686106 5693260 5706922 5713651 5716436 5718929 5723960 5732603 5738052 5751704 5765581 5771498 5773587 5781455 5786286 5795595 5805310 5810315 5817774 5825377 5836765 5845113 5850376 5852845 5858711 5865412 5887950 5899397 5901054 5904388 5906079 5908204 5910563 5911973 5913645 5917391 5920216 5929984 5946784 5948799 5952163 5958424 5962919 5977664 5994026 6028149 6031125 6037787 6047459 6050100 6052638 6055809 6072928 6078194 6097960 6110825 6118546 6123919 6147121 6149479 6151434 6152930 6169616 6179190 6187929 6191168 6195518 6198189 6201760 6209244 6212726 6234139 6247654 6253916 6265654 6267097 6279283 6294989 6300500 6306590 6325151 6333233 6373701 6378782 6383734 6401412 6405986 6408160 6443366 6448062 6464634 6467367 6475780 6493695 6495662 6497425 6516514 6523341 6526144 6536193 6549736 6551938 6559634 6569631 6581788 6586780 6588609 6595876 6598043 6602207 6621395 6626474 6632091 6635209 6648816 6652907 6656523 6666552 6684206 6686026 6690211 6703081 6705790 6712681 6719385 6721775 6736053 6774695 6776480 6780158 6808796 6817756 6837650 6842919 6846161 6859690 6861988 6868591 6877006 6884622 6891929 6896713 6898866 6902007 6915686 6925490 6931406 6942110 6947938 6956167 6957384 6963099 6967936 6976255 6979289 6986084 6994041 6997044 7007826 7023910 7048751 7059913 7077766 7081022 7086595 7100069 7111069 7112735 7115375 7121715 7130844 7167244 7174719 7188573 7197490 7200832 7216883 7222748 7232491 7262050 7268016 7290873 7291991 7333476 7338939 7354394 7367205 7373307 7384958 7403216 7404004 7422558 7433119 7439884 7445631 7450991 7454870 7465469 7476895 7482143 7506563 7524349 7526034 7529060 7533678 7537426 7551602 7569524 7572191 7574644 7591644 7620048 7623760 7632501 7645590 7646767 7650968 7657759 7667149 7670897 7679930 7695375 7704653 7723114 7737314 7743160 7753314 7777956 7788699 7791579 7799044 7806980 7817405 7827448 7841586 7845396 7865449 7868934 7870950 7887059 7900159 7904511 7909605 7911824 7922374 7937263 7945333 7950311 7954233 7959294 7962117 7963188 7976295 7980168 7983993 7991739 7997748 8008329 8010802 8018721 8029905 8074191 8088194 8094719 8103919 8112138 8130615 8133877 8136122 8150815 8154486 8159400 8198140 8223499 8230686 8257932 8263682 8265759 8278349 8285329 8296298 8298569 8319368 8325678 8339582 8351901 8357884 8385941 8414225 8436715 8442570 8455881 8460052 8467784 8479649 8490105 8493728 8499079 8502477 8509369 8514356 8516319 8519609 8527302 8535291 8551574 8553453 8555271 8571904 8612619 8613734 8615911 8627321 8628405 8642593 8648650 8659779 8665186 8667161 8673841 8675397 8677501 8685508 8692554 8697639 8702902 8705119 8707590 8743023 8750988 8765400 8785258 8806379 8809287 8820191 8821952 8824682 8826150 8838116 8840040 8850866 8855788 8863370 8865634 8868183 8871408 8887126 8894337 8901821 8913063 8918754 8923119 8926420 8928759 8931053 8946016 8955281 8960509 8966061 8970627 8977765 8981781 8988265 8998205 8999626 9001890 9004828 9007933 9012083 9014812 9019918 9040316 9042933 9044387 9045736 9056863 9060062 9064891 9068592 9074329 9079523 9107292 9152142 9157370 9178081 9194934 9217204 9229838 9233422 9238901 9244672 9248909 9268986 9283743 9287250 9302252 9306409 9311319 9324004 9327690 9333238 9337066 9366403 9369437 9378716 9381683 9394298 9397444 9422738 9427628 9442044 9444829 9445814 9454382 9457662 9469081 9472784 9490392 9496086 9500343 9501567 9509304 9513240 9517384 9528046 9548023 9550235 9552421 9557606 9561200 9562556 9565599 9572496 9583059 9588064 9589832 9608966 9621191 9628399 9633244 9637630 9644954 9649121 9662108 9673163 9675708 9677318 9680965 9684221 9689369 9697538 9720808 9723987 9786683 9788113 9792192 9793399 9796328 9808848 9810379 9816829 9818145 9852032 9868227 9885175 9896757 9904234 9924951 9936531 9940184 9950434 9953265 9954678 9958104 9984474 9985794 9990599 9998010 9999703 
</Matrix>
<Matrix name="Neuron_524" type="complete" rows="1" columns="1260" multiplier="1.0">
   3612 23105 28807 32429 43461 44079 48091 51844 53979 54686 70672 85541 104409 118158 127232 133950 148991 150474 159751 161095 163026 177837 186549 188150 192454 212280 225345 230932 249090 250167 253177 257555 264804 275506 278457 286404 289786 301976 310527 325768 338918 343293 353633 354665 366462 368457 369958 371751 374153 381601 385292 390856 392328 395988 412613 430270 439828 449755 452755 463526 468059 469812 471302 475902 479497 482020 483442 491643 493181 500834 512461 523854 529619 534849 540297 550418 560558 564428 573084 588292 591114 597714 602358 610110 620824 636119 641835 644322 658747 667827 671578 694199 700514 705874 716873 723651 728616 730672 736189 740358 741838 746512 766105 770491 793843 807642 814563 816431 827703 835468 841641 862552 863970 878367 880482 896529 922250 935133 958178 963012 965978 968943 971861 983438 984791 1000052 1006164 1010768 1025316 1027660 1031520 1033911 1037835 1038943 1046903 1057498 1059330 1070505 1074768 1089872 1101507 1104051 1108230 1119555 1123527 1127751 1132939 1144108 1148077 1153020 1161146 1164592 1174954 1192305 1195751 1206627 1218535 1225628 1231424 1232719 1236389 1242040 1255566 1261217 1271718 1280225 1285310 1287268 1295602 1298021 1303894 1306237 1332060 1342032 1352884 1354827 1356037 1370183 1377253 1379066 1391973 1395434 1401293 1405416 1414044 1431707 1455105 1459339 1464499 1465870 1471155 1474816 1487305 1488336 1508642 1511676 1512684 1529278 1530679 1542790 1560948 1583907 1592751 1600995 1611562 1616947 1617766 1627233 1629656 1657933 1659940 1661827 1663346 1671634 1676788 1698700 1706318 1718373 1725362 1730863 1738519 1741810 1742659 1744406 1750128 1755199 1756271 1763912 1780115 1794632 1798391 1804022 1822641 1828493 1838441 1846619 1868679 1871166 1876052 1887847 1889727 1911437 1915032 1917822 1919578 1943572 1949979 1954134 1968182 1976738 1978988 1980034 1984181 1991745 1998548 2001105 2003843 2018221 2027471 2031833 2038500 2043705 2046297 2063373 2064610 2075796 2078984 2094021 2099624 2116394 2140107 2162206 2175606 2185257 2203300 2208556 2210363 2219023 2226730 2234732 2242240 2247278 2258312 2262979 2271146 2275393 2277315 2279335 2290820 2319569 2327782 2332465 2340829 2346211 2347900 2354866 2356584 2363614 2366153 2369574 2371332 2376647 2386107 2395881 2401607 2404633 2427449 2430186 2441373 2456454 2460671 2463937 2471173 2477224 2488724 2490029 2493145 2495475 2503731 2508186 2517436 2520531 2544404 2549209 2552271 2559464 2562980 2572935 2581888 2584631 2595898 2606142 2625385 2646007 2655161 2659101 2662206 2668295 2669266 2673279 2674968 2683272 2689814 2690902 2701470 2733772 2753964 2755043 2764473 2766164 2776664 2782412 2807041 2816409 2820274 2848857 2881886 2891678 2895314 2907854 2923845 2929887 2937031 2948983 2950716 2965273 2968148 2982649 3004263 3013057 3015874 3017415 3032822 3036158 3054594 3059548 3064763 3068805 3073503 3078959 3093261 3098236 3114381 3119787 3126584 3136879 3142119 3153505 3164455 3170156 3172668 3177374 3194067 3207296 3210297 3216306 3225558 3227498 3237156 3241710 3249959 3260586 3272986 3275970 3281141 3290115 3294029 3299493 3301235 3314584 3317948 3323112 3326920 3330888 3358500 3360463 3367220 3372329 3374929 3391817 3393074 3410118 3435844 3443804 3451380 3465330 3467438 3471480 3489919 3499776 3512640 3517085 3523128 3525276 3529953 3538602 3552907 3561209 3582326 3589245 3602252 3614680 3619797 3624843 3648663 3663264 3674757 3679812 3685601 3693289 3708327 3711778 3727875 3747288 3750509 3757214 3761159 3767381 3768363 3776471 3778100 3779938 3790877 3799802 3804754 3806895 3818207 3822340 3823868 3827753 3832534 3834528 3837680 3842730 3848412 3850604 3856271 3863190 3877209 3883917 3888813 3894210 3901036 3916451 3928827 3933582 3937179 3941263 3947209 3949945 3959928 3961196 3962825 4009616 4013697 4017012 4032686 4038271 4039406 4041091 4042514 4043746 4082630 4088432 4092568 4110524 4118549 4122334 4123975 4132397 4137221 4140455 4143459 4148116 4159501 4164668 4178652 4181471 4183020 4195087 4197777 4206008 4214508 4218233 4231162 4243239 4245209 4257741 4262010 4265499 4269094 4276238 4277612 4285657 4296175 4299719 4301383 4309564 4313121 4322587 4324154 4327445 4330794 4347156 4355040 4367331 4372516 4394350 4408508 4410299 4417144 4419756 4424760 4454022 4463440 4465692 4470807 4517712 4524561 4530402 4531412 4549023 4565429 4569987 4583860 4585700 4589086 4597396 4600803 4602573 4615175 4616182 4638960 4644829 4650233 4679928 4683993 4688527 4690641 4697780 4704133 4706949 4712816 4726644 4727562 4732382 4743192 4748538 4758053 4767537 4770118 4776552 4781952 4790464 4794702 4805902 4816276 4836101 4839850 4851605 4852618 4854998 4856977 4872787 4879474 4890057 4895142 4899716 4905065 4909822 4912961 4916479 4934902 4940887 4943314 4949802 4956707 4959038 4959995 4961792 4975608 4982821 4984099 4988020 4989709 4996498 4999599 5013640 5030149 5031481 5034939 5041587 5048320 5055299 5072538 5082473 5091607 5096120 5097261 5101523 5107954 5110066 5118165 5133062 5135764 5138745 5144954 5147528 5150928 5164024 5168679 5173863 5175171 5178338 5182888 5184797 5190973 5194372 5208609 5211024 5212448 5227313 5247721 5257399 5258667 5265991 5267145 5268828 5270417 5277970 5287656 5289031 5305795 5307745 5313197 5323384 5324897 5326163 5329285 5333835 5338583 5342723 5346093 5357827 5385450 5389331 5397604 5408945 5410850 5434041 5446054 5457155 5464348 5492647 5494839 5496275 5500609 5510440 5516770 5518376 5529791 5533333 5543926 5546783 5561283 5568440 5571582 5573572 5576368 5577617 5582721 5586589 5589150 5596882 5606215 5609693 5624105 5632681 5637038 5662335 5667514 5669090 5672214 5673098 5685823 5695389 5701558 5704293 5715717 5719291 5720948 5726779 5727770 5738684 5754321 5762535 5766737 5771694 5774085 5775194 5778162 5783087 5784054 5789505 5795584 5803862 5811249 5813077 5819035 5829446 5841920 5843472 5844951 5855117 5862090 5863672 5873151 5876950 5879852 5882650 5887120 5892725 5908922 5943068 5955812 5964543 5973129 5991219 5992513 5997652 6008693 6015659 6028123 6038449 6045429 6046285 6052127 6060603 6063825 6079364 6083109 6106974 6110475 6113672 6115892 6118805 6123410 6129151 6138227 6143559 6149545 6160143 6162126 6165684 6179751 6189346 6196881 6199704 6209446 6217841 6223288 6227939 6245814 6248646 6265836 6275221 6278411 6280903 6288004 6296271 6308318 6311261 6330798 6336099 6344825 6347490 6356625 6359034 6365932 6369510 6373934 6379560 6387327 6392817 6395496 6400206 6401318 6404460 6420885 6445703 6447649 6451086 6461504 6469542 6477818 6479382 6480838 6482385 6488839 6495139 6498191 6500386 6504175 6510260 6516831 6519977 6526251 6532724 6535955 6537686 6543291 6550182 6553783 6557854 6578993 6607826 6619281 6622459 6627670 6633963 6646571 6654730 6657810 6663631 6683099 6695148 6697110 6701893 6710435 6714377 6728631 6759147 6762876 6768258 6788853 6790003 6792999 6795615 6803412 6806230 6823227 6850999 6851985 6887352 6912408 6916366 6924363 6933893 6935100 6938536 6943137 6948108 6952022 6953681 6958832 6962706 6965229 6967707 6970151 6993729 7008082 7010202 7015162 7033461 7040982 7046098 7050083 7051390 7058057 7062017 7072548 7074588 7081821 7086039 7112711 7115878 7118827 7128246 7144410 7149662 7152816 7158379 7165335 7166250 7168166 7175320 7184891 7223957 7237987 7241033 7245635 7276465 7278450 7291568 7310766 7313889 7316582 7321868 7323845 7336745 7347219 7352409 7368780 7380917 7382475 7385109 7398959 7403791 7416799 7428189 7429502 7435523 7454727 7463693 7478216 7480060 7481483 7485200 7488713 7490515 7504325 7516127 7518620 7534436 7535838 7540052 7550136 7562883 7564667 7567380 7576141 7578849 7583119 7586627 7601584 7613303 7621270 7622819 7629766 7637125 7642306 7645261 7646022 7648320 7669079 7680982 7685792 7687134 7689042 7694153 7704934 7717794 7737534 7739422 7743516 7746073 7767204 7779475 7780860 7794353 7812839 7820525 7823910 7830170 7831679 7833022 7855493 7863900 7867651 7881233 7887063 7900102 7905016 7913917 7923901 7926283 7939401 7943522 7957725 7982938 7991087 7994873 8006509 8022346 8029162 8031436 8036895 8041942 8054537 8057158 8063223 8065330 8070710 8082704 8100436 8118565 8122852 8128254 8137622 8139524 8146045 8151908 8155839 8165514 8170345 8179959 8181416 8192148 8193685 8221600 8228265 8233437 8235695 8261210 8265717 8281782 8296634 8300177 8301212 8302392 8306553 8308688 8310741 8317623 8330149 8332937 8345333 8365215 8382484 8386441 8394339 8403752 8411594 8424318 8448082 8450432 8451743 8453241 8458920 8470105 8491007 8503048 8512855 8529255 8537092 8545987 8564020 8565579 8570550 8577519 8581675 8584194 8593516 8598913 8603617 8623744 8635646 8639565 8644595 8648715 8657406 8658939 8672210 8674572 8685045 8694054 8695913 8704913 8712059 8721414 8723808 8724965 8731445 8738593 8741485 8753048 8754886 8760281 8761265 8787056 8802203 8810568 8814042 8818614 8840352 8851938 8857207 8860556 8864961 8870030 8875274 8907010 8914792 8918877 8920196 8940706 8944803 8950654 8958336 8961287 8963528 8971123 8981864 8998797 9003829 9016647 9018508 9021472 9026916 9031571 9040720 9051840 9053571 9058842 9061639 9070571 9094262 9121248 9124844 9138284 9151717 9157075 9162225 9196127 9198227 9226029 9234156 9236420 9241391 9251893 9255932 9267921 9278133 9288870 9298846 9305698 9316298 9323631 9340327 9342604 9346540 9358147 9363253 9367894 9369768 9372359 9397529 9403347 9412128 9414784 9425314 9443553 9448509 9465461 9468547 9479077 9507398 9517939 9522551 9533483 9541970 9543064 9546590 9550497 9556583 9558031 9559014 9561002 9562694 9563886 9568712 9587204 9606288 9632226 9642380 9646640 9651259 9653678 9661533 9667584 9683706 9690749 9698394 9705011 9715057 9718140 9721634 9730544 9739568 9742615 9744603 9745875 9747667 9761104 9771414 9788972 9790598 9840082 9854169 9885991 9890175 9902936 9906015 9910248 9915278 9930345 9941203 9947252 9948530 9960453 9963590 9964750 9979560 9983109 9984417 9986223 9987731 9991821 9995490 9999264 
</Matrix>
<Matrix name="Neuron_531" type="complete" rows="1" columns="2623" multiplier="1.0">
   6676 9547 12809 15793 23872 25943 27291 33089 39263 40915 46878 48268 52432 59511 60524 62068 63521 65737 75694 87028 88663 90625 91309 93756 96315 97520 98903 105051 109542 116635 117620 122701 128885 130131 136435 142950 148547 151468 155137 156396 169044 175646 177785 179213 181531 190455 196991 200180 210387 212231 216294 218128 219173 220539 226076 228492 234266 240219 243981 245899 248227 251143 252071 255080 261799 262838 268167 269273 271802 272658 279270 286801 287840 295234 302635 307479 309421 311813 312697 313746 315591 316684 322528 328092 329087 333417 336823 344091 347868 349807 352546 353666 354957 357405 360486 363045 370125 372431 373583 384297 387714 389776 392365 393727 396753 400984 402072 407674 413069 421102 423939 425677 428911 430682 432916 439678 442993 448399 452981 455501 462867 470997 472031 476227 477442 482302 482969 485786 488548 497660 506016 511508 514213 515376 517505 520767 524838 533705 535057 537784 545594 551561 557366 561238 567106 572505 573344 575733 577548 579654 582683 585888 603191 605688 608779 611683 612872 615270 617072 618980 620287 627514 632155 638099 638851 640060 642816 647913 653991 656901 658575 660038 664065 666568 672248 674572 679308 681233 685430 691860 701319 707696 713921 716732 717850 721697 724457 730906 735629 739070 740159 752427 753948 755478 756986 758812 767088 769958 771098 774132 776215 783971 787887 791535 793966 798498 801212 803525 804329 806887 814998 816030 818218 820529 823764 826371 830827 831623 833928 841511 844662 848450 851462 857667 862300 867511 872470 879833 884926 886165 893947 895459 898495 902909 905035 908385 914484 917080 919363 922285 924183 928327 931291 933394 937530 944240 955263 963417 966125 968959 969805 971481 984520 986743 991090 993455 1003828 1006498 1009506 1013458 1014391 1024435 1028424 1029802 1031631 1037067 1038964 1042592 1044201 1047109 1060901 1061872 1063090 1064070 1067393 1069991 1071100 1072763 1074667 1079205 1088210 1090477 1091782 1095915 1097913 1099277 1102455 1105381 1107267 1109935 1111161 1113249 1115176 1117508 1118682 1123732 1127052 1129690 1130772 1133521 1136802 1138403 1140819 1145254 1147060 1154697 1160136 1172246 1174904 1178260 1181950 1184994 1189960 1195277 1198572 1200154 1202227 1204669 1209262 1213981 1215301 1219289 1221159 1231701 1236976 1240836 1243227 1249092 1249964 1252236 1253834 1256789 1259413 1260171 1261794 1263401 1266301 1267258 1273773 1274882 1276813 1279535 1284383 1285583 1291710 1293223 1296828 1307370 1310427 1313296 1320957 1330943 1334679 1335798 1339840 1343038 1344843 1346470 1348912 1356170 1357284 1360714 1361909 1363697 1374097 1375589 1376708 1378670 1383466 1391350 1396245 1401239 1404306 1407304 1411185 1413784 1416828 1418730 1419982 1421884 1425202 1431100 1434785 1438031 1443878 1445904 1453330 1461165 1464813 1473543 1480750 1481666 1486176 1489152 1490943 1496092 1499615 1500436 1501848 1505176 1511429 1519447 1525777 1530110 1538116 1540559 1542290 1543528 1546709 1549266 1550240 1551158 1552668 1553973 1556235 1559177 1560812 1565945 1567879 1570795 1572281 1573920 1577687 1582804 1586556 1588316 1590619 1594860 1596207 1607996 1612122 1614914 1616015 1619594 1621848 1625023 1632605 1636757 1648517 1650406 1651970 1653850 1655747 1658197 1665121 1666267 1670660 1671977 1674893 1679900 1682399 1683321 1684668 1685879 1688929 1690294 1692916 1696968 1698530 1702790 1704067 1717940 1724186 1727627 1731467 1737140 1740122 1742911 1744777 1746716 1752263 1754516 1756629 1764465 1765517 1777029 1779350 1788269 1795139 1798115 1802988 1804496 1805375 1808097 1817272 1823057 1827092 1833722 1836045 1838714 1842742 1844367 1847875 1849411 1851088 1854537 1861762 1866371 1869610 1870210 1871121 1874325 1878331 1880025 1883736 1895436 1919810 1921573 1922869 1925882 1927910 1929006 1934944 1944633 1945388 1953880 1955153 1957878 1966746 1969113 1970597 1973758 1976182 1985263 1988099 1991020 1998846 2005225 2008461 2012391 2013374 2016727 2018467 2019522 2021022 2023493 2030172 2044033 2044817 2055972 2057489 2062181 2066264 2070029 2073042 2077630 2086541 2088471 2090096 2095071 2098538 2099552 2105644 2109082 2110910 2112541 2115538 2117552 2120022 2122605 2125146 2129360 2133796 2137197 2139819 2140890 2143615 2149342 2154847 2161833 2170348 2172831 2177613 2182664 2185927 2187394 2189774 2198222 2200023 2202091 2205139 2212848 2213919 2215984 2218808 2221036 2225457 2230483 2235677 2237071 2237896 2244984 2248387 2251044 2254277 2260374 2262350 2264171 2269293 2274913 2275933 2277803 2280935 2282766 2284647 2286920 2290253 2292524 2297120 2299003 2300141 2307902 2309667 2311201 2312315 2313763 2320594 2321749 2326248 2330430 2332358 2335485 2338639 2340865 2344068 2352273 2355436 2361731 2365620 2379129 2385131 2390400 2395483 2401231 2403669 2408370 2409323 2413625 2416138 2417578 2421211 2422672 2426818 2427525 2429642 2431348 2434435 2445191 2448190 2460429 2461870 2464120 2465511 2470591 2471465 2480947 2484193 2487614 2490754 2497769 2499470 2505713 2508058 2510355 2515305 2517000 2517652 2519605 2522483 2525773 2527705 2537415 2538446 2545630 2551771 2556474 2558424 2560166 2563759 2566316 2571849 2579204 2580696 2584525 2604950 2606782 2609981 2611535 2615210 2617002 2620408 2623372 2625583 2628584 2629880 2631874 2634203 2635321 2640783 2647386 2649384 2652806 2656624 2662693 2664210 2665278 2666797 2671287 2677105 2679978 2681247 2684274 2685246 2688403 2699314 2700412 2701869 2702886 2705257 2711184 2714772 2718690 2720317 2727465 2737608 2744575 2749258 2750696 2753032 2754796 2758925 2760572 2761918 2763948 2766437 2776200 2778908 2784783 2786667 2796439 2798823 2806172 2819851 2820998 2823674 2824856 2827805 2830225 2834652 2836874 2839413 2851672 2853351 2855414 2860777 2862769 2863841 2868188 2870280 2873556 2881371 2886261 2894729 2897847 2899487 2908720 2910559 2913748 2916091 2918379 2920141 2926191 2927533 2929367 2935367 2941673 2952365 2961224 2963675 2965944 2970828 2984300 3000152 3005572 3006562 3010705 3011697 3013665 3018970 3025799 3029531 3032581 3034040 3043984 3050675 3056331 3058725 3064694 3067540 3072567 3077236 3080198 3086376 3088138 3092668 3093603 3095197 3101124 3102880 3106024 3107861 3110975 3118495 3121635 3123033 3125307 3127213 3129478 3136709 3143144 3146942 3149913 3154642 3159652 3163342 3164862 3168780 3175039 3177040 3179263 3183384 3186613 3192238 3197601 3203295 3205172 3209133 3213919 3216010 3218713 3225974 3226967 3240218 3252467 3255604 3258475 3260312 3267768 3269267 3271250 3272371 3278534 3280635 3281300 3282589 3285507 3288848 3289989 3291633 3294930 3295850 3302662 3303979 3305963 3307825 3322497 3323827 3328470 3338835 3344790 3346649 3348269 3349879 3354895 3357327 3361265 3363623 3365680 3367758 3371130 3372966 3375072 3386971 3395594 3401072 3404102 3409027 3412464 3423989 3428505 3431972 3434157 3444313 3451624 3457074 3458307 3461072 3465076 3467370 3468987 3470462 3482837 3484552 3488217 3489182 3497899 3499597 3502330 3506386 3509116 3519206 3524159 3527975 3530044 3534112 3542305 3543469 3548197 3561718 3563027 3568461 3575887 3579935 3587467 3589471 3590950 3593645 3606496 3632330 3639721 3641883 3645715 3647867 3658498 3659629 3665291 3674126 3676045 3677587 3680726 3685415 3690318 3693170 3694665 3699855 3700716 3702718 3707946 3709324 3711164 3712341 3715925 3717877 3719744 3725130 3737839 3750890 3754948 3756466 3757571 3765201 3767436 3773011 3776407 3781529 3787201 3792336 3793892 3795149 3799383 3802680 3806398 3808880 3812891 3816465 3817209 3820292 3822869 3828229 3830740 3835301 3837255 3842927 3845017 3846814 3848898 3850296 3853835 3856482 3858526 3860290 3864513 3871440 3874955 3878990 3883304 3884202 3885808 3893992 3899043 3903059 3904456 3906689 3909312 3910778 3914567 3915532 3924000 3929002 3931305 3935113 3937536 3939804 3946475 3948634 3950374 3954379 3956703 3960681 3964476 3967770 3968899 3973849 3976999 3978099 3982256 3985013 3985826 3987142 3989118 3993954 3999309 4004427 4007762 4019695 4026922 4029948 4036549 4038769 4041608 4044012 4045930 4050055 4054619 4055961 4061559 4068956 4072348 4075780 4076745 4087511 4092827 4093896 4102350 4104214 4107252 4115156 4120815 4124120 4126278 4129414 4132777 4137937 4140769 4142305 4154836 4167559 4171654 4173257 4175355 4176529 4178549 4185914 4187051 4189132 4190856 4193212 4194218 4196938 4200976 4203358 4204365 4207965 4215170 4219450 4222625 4227297 4230489 4233273 4235866 4244348 4249190 4253547 4259579 4261898 4265654 4276474 4278875 4284276 4285563 4286707 4289037 4291633 4298508 4300748 4302441 4303659 4310247 4314858 4319261 4323188 4326738 4327639 4330763 4334275 4337952 4339120 4340404 4341807 4344390 4349594 4355484 4359345 4367978 4370680 4376688 4377362 4379582 4384065 4396012 4397494 4401553 4405641 4407657 4414275 4420695 4422866 4426411 4429809 4432107 4434945 4436763 4441777 4444965 4451170 4454984 4458979 4466293 4468198 4472639 4473883 4477396 4480226 4490693 4499475 4503530 4504375 4512931 4516580 4518018 4526554 4532985 4533666 4535846 4539435 4544725 4545706 4548005 4549300 4550972 4554341 4559211 4560010 4565281 4567651 4570236 4572844 4577936 4584145 4587462 4592650 4594508 4600059 4601972 4604515 4607661 4608707 4609479 4611228 4618560 4620629 4622530 4625890 4627923 4632080 4637256 4639541 4641830 4643972 4647719 4649520 4650818 4654933 4660270 4671569 4674745 4675702 4679678 4682805 4685380 4694659 4698285 4704839 4710546 4713440 4716010 4716838 4719360 4720521 4723474 4725011 4732593 4735441 4746171 4751195 4752944 4758018 4763369 4765977 4769684 4770559 4771993 4777467 4779312 4782419 4785934 4789576 4792714 4797024 4801101 4802286 4806991 4812399 4820467 4822973 4828798 4831087 4833233 4837647 4842055 4844421 4845881 4847581 4849711 4854440 4858508 4864492 4873026 4874077 4875120 4880276 4882550 4885760 4888596 4890378 4894117 4895212 4898746 4900923 4905739 4908395 4909522 4912463 4916358 4918849 4921090 4924393 4925068 4926854 4928079 4929403 4931210 4932435 4940771 4942320 4943240 4945714 4950554 4953334 4955522 4959557 4960877 4962386 4969394 4972136 4973811 4976491 4977825 4979315 4980637 4981928 4984419 4989300 4997656 5002124 5003634 5007437 5010495 5014127 5021049 5024664 5027914 5031229 5032405 5034205 5039633 5041264 5047225 5048777 5050731 5052649 5054348 5061058 5065662 5067850 5069355 5071911 5073081 5074568 5076263 5079418 5082925 5084435 5099080 5100025 5107960 5110509 5111433 5117720 5119114 5121549 5122292 5125564 5127395 5136854 5143478 5150223 5158695 5166613 5168592 5173106 5175635 5176934 5183068 5186165 5188052 5191637 5195183 5198388 5199615 5206183 5215314 5221548 5222280 5224671 5226295 5227474 5230851 5233607 5239050 5240600 5242589 5243859 5247702 5249676 5250471 5254244 5267652 5273914 5275751 5280237 5282148 5282758 5284703 5286026 5291804 5293327 5294406 5298829 5302531 5305696 5307163 5310445 5329415 5333697 5335269 5341368 5343489 5350589 5351540 5354784 5355573 5358015 5360069 5361005 5368200 5372410 5373810 5380072 5384512 5385693 5389229 5393126 5394421 5396439 5398149 5400722 5402428 5405376 5408986 5412092 5413536 5415058 5425858 5429203 5433277 5438081 5439680 5441909 5446569 5460545 5461992 5463323 5476832 5484869 5486234 5487879 5490577 5492857 5494971 5496765 5503071 5505852 5506955 5508310 5517394 5519264 5522385 5523745 5525479 5527436 5535798 5538440 5542210 5544905 5548896 5556767 5561243 5563158 5565051 5568109 5572953 5576117 5577769 5578975 5580671 5588351 5589207 5590414 5592402 5601019 5602329 5604046 5608705 5614430 5620495 5630903 5633637 5635163 5638938 5643763 5647097 5654446 5656562 5662960 5667158 5670039 5671643 5674130 5675253 5676110 5681041 5687467 5690636 5692180 5694002 5698034 5700769 5702327 5704650 5709779 5715451 5720451 5722441 5731577 5743606 5749509 5758872 5762233 5765962 5768505 5770336 5784761 5786023 5788598 5794681 5796622 5800892 5802708 5805093 5808564 5812077 5814857 5816353 5818144 5822819 5832575 5833216 5836473 5851212 5853121 5855096 5856629 5865203 5867319 5872901 5873873 5878815 5885913 5889076 5891586 5893833 5895071 5904963 5912580 5915582 5930628 5934021 5936956 5939875 5941989 5951225 5953407 5956492 5963012 5967187 5968859 5975857 5979841 5994498 5998428 5999694 6010150 6011397 6014260 6021207 6023261 6034694 6038022 6040492 6043486 6045007 6049028 6055479 6057088 6057895 6060616 6062094 6077504 6090533 6097718 6101138 6110202 6115837 6116886 6120027 6131266 6135994 6139468 6143614 6146195 6150933 6161722 6163391 6164701 6165925 6167385 6172462 6175268 6177570 6179477 6185383 6187775 6189232 6190040 6202355 6205665 6207586 6213756 6223328 6225964 6226915 6228736 6236347 6238395 6241791 6251569 6253266 6255145 6255990 6258350 6259895 6262151 6263208 6269166 6272821 6280750 6282563 6284537 6290735 6295758 6298078 6302915 6304643 6307267 6308066 6309538 6312046 6312879 6314007 6318253 6319899 6323045 6330420 6334176 6341152 6345322 6347872 6353117 6357951 6359112 6362509 6365034 6367434 6369553 6375230 6382813 6384771 6390561 6394517 6398489 6400168 6402784 6406965 6410271 6414068 6418041 6419405 6422250 6424903 6431325 6435686 6441267 6444160 6445411 6455343 6457674 6459811 6461022 6463379 6464540 6465851 6471332 6472480 6474384 6476535 6479692 6486705 6491545 6497870 6499544 6501814 6505642 6506985 6508325 6522462 6527392 6530178 6532205 6543783 6546249 6548792 6549841 6551562 6555342 6557697 6559636 6566094 6571494 6575782 6578900 6580280 6581167 6583290 6584280 6589182 6595950 6598599 6599510 6603566 6613826 6619019 6621051 6625013 6628345 6646056 6648748 6652730 6654523 6660565 6665276 6666837 6669044 6677236 6679772 6683561 6687227 6694343 6695106 6697487 6700401 6702526 6704943 6711193 6712173 6715646 6717529 6720597 6721705 6723925 6726217 6731945 6735361 6736946 6740013 6742347 6745470 6749052 6751840 6754028 6755318 6760049 6764844 6765938 6767395 6771128 6774521 6781543 6783313 6790422 6798385 6801723 6805205 6809348 6811425 6819613 6823869 6825849 6830464 6833274 6837131 6840974 6842018 6844454 6851830 6856948 6862269 6863054 6864753 6871803 6879433 6891543 6892529 6894413 6899950 6909421 6910210 6913104 6914035 6915351 6917768 6920639 6921740 6925206 6927991 6929946 6930944 6931956 6938862 6943735 6947175 6948879 6950922 6951929 6952808 6959723 6961590 6962956 6966059 6969998 6972187 6973558 6975410 6977739 6986062 6995589 7001098 7005494 7007984 7010888 7026641 7029809 7031895 7033088 7036317 7037016 7037974 7041843 7043847 7050344 7051590 7053480 7056677 7060987 7065997 7066809 7068061 7070958 7073297 7074219 7076095 7077761 7081755 7083204 7084208 7090275 7092337 7094485 7095781 7097586 7100214 7102434 7107524 7108876 7111223 7115358 7124758 7128407 7129752 7135880 7141411 7143872 7144687 7147914 7148716 7152173 7155284 7159424 7165246 7170980 7175974 7180279 7187192 7191762 7192810 7198562 7205129 7208820 7211390 7212762 7215356 7219144 7222676 7223367 7228264 7229958 7237020 7241838 7254900 7256258 7258663 7263726 7269801 7272985 7275654 7276494 7278281 7282876 7292051 7296694 7299941 7305382 7306889 7309374 7317826 7321013 7323339 7332538 7336422 7339032 7346911 7348313 7351580 7361750 7367909 7375836 7383578 7396409 7400205 7401096 7404818 7407902 7409372 7410500 7411575 7412721 7417281 7418556 7420782 7422563 7425309 7437796 7442919 7449263 7450417 7453151 7476673 7478410 7480409 7483616 7486112 7491124 7495804 7498428 7499557 7501485 7508385 7511549 7522486 7526717 7527726 7530522 7533637 7534900 7541091 7543352 7544703 7550047 7551781 7560739 7565311 7569513 7572703 7578814 7581062 7582519 7586359 7589454 7590746 7592777 7595404 7597451 7598365 7602360 7604792 7607853 7612759 7614810 7618706 7623206 7624480 7630461 7631117 7637795 7639698 7654053 7655718 7660306 7661636 7663593 7666300 7668765 7670661 7673155 7674766 7678343 7685630 7687768 7693251 7694912 7696676 7700083 7703213 7706428 7707134 7708187 7714582 7718727 7721977 7726848 7732051 7737528 7738654 7741453 7745671 7758064 7759408 7760645 7767259 7768772 7774959 7780440 7787144 7793212 7802138 7803744 7805079 7811505 7812326 7813489 7815382 7816521 7817939 7818878 7822968 7825654 7826725 7832489 7838492 7839362 7840327 7841824 7843452 7846542 7847641 7849985 7854562 7858215 7859316 7861672 7868916 7871194 7874156 7876325 7880113 7881721 7883973 7886850 7888716 7889913 7893310 7896215 7903048 7918456 7929351 7931177 7931972 7934308 7936962 7938462 7939508 7942407 7951112 7956559 7961434 7967804 7969364 7972876 7974163 7975684 7982525 7989769 7991555 7993241 7995639 8005202 8010447 8011565 8014632 8022836 8030059 8032004 8034667 8035692 8039674 8043945 8045113 8046388 8050297 8052359 8053523 8058312 8060371 8062603 8069363 8073636 8079137 8081442 8082909 8085389 8088116 8092472 8102168 8103076 8105653 8111782 8114631 8115846 8116843 8121711 8122999 8128723 8133543 8138217 8140017 8144072 8148206 8150400 8153491 8157544 8161491 8163109 8165563 8167461 8169565 8170914 8179015 8179796 8182816 8186030 8188184 8188970 8191127 8193294 8196032 8201244 8208076 8209388 8210731 8219102 8219998 8221041 8224998 8227951 8236505 8237613 8241866 8244721 8249298 8250625 8255619 8263530 8265901 8269368 8273204 8275874 8279716 8285832 8286810 8289794 8291487 8294153 8306613 8314088 8319483 8321579 8322543 8329785 8333198 8339170 8340281 8341592 8342642 8345589 8350286 8352784 8356264 8357990 8359741 8364226 8369741 8371493 8380715 8384873 8388129 8390276 8392075 8393354 8400369 8401751 8412635 8415704 8416698 8423279 8424120 8430876 8432135 8441283 8444173 8446259 8447848 8449505 8452297 8456722 8462983 8466446 8469722 8471897 8478232 8481380 8483243 8484290 8493734 8498226 8506574 8508393 8512726 8514897 8521619 8523555 8529111 8530785 8534447 8535574 8541635 8548358 8549724 8552159 8561429 8564739 8567258 8578423 8580010 8581996 8585784 8588951 8596044 8602752 8604173 8609399 8612452 8617445 8624017 8627664 8629186 8634430 8635255 8637381 8639497 8641835 8646915 8648704 8651827 8653761 8657018 8661686 8666013 8672210 8678136 8679577 8688414 8690618 8696597 8700629 8701693 8703899 8705979 8708656 8710751 8711983 8717057 8722051 8723185 8726396 8728438 8731170 8732132 8734770 8739561 8740427 8746639 8755540 8762494 8763274 8764899 8773080 8774108 8777147 8781442 8782909 8785062 8787598 8792953 8800680 8802115 8804955 8815941 8821233 8826343 8834097 8840002 8841739 8849758 8860769 8862460 8864344 8865865 8871423 8874629 8875891 8886279 8887514 8889177 8891091 8892268 8895739 8897431 8907479 8911332 8917459 8918742 8926003 8931394 8936633 8938829 8941053 8942943 8949419 8955423 8957588 8959761 8963261 8969896 8978582 8979520 8982464 8984887 8988390 8996762 9000372 9003636 9011047 9011861 9017314 9020849 9024223 9029735 9039000 9041081 9043355 9044141 9050054 9054745 9056411 9061609 9063618 9064445 9070670 9072920 9075597 9076939 9078084 9079887 9088921 9090277 9091373 9092317 9099626 9100841 9102527 9104508 9110409 9116399 9122741 9125398 9130191 9133548 9138679 9144807 9146813 9149651 9157707 9158669 9160332 9166916 9168063 9171069 9184645 9186040 9187429 9194088 9194807 9197948 9198746 9205304 9215851 9224421 9231896 9234805 9241764 9242688 9246600 9247397 9252572 9255880 9257804 9259354 9261567 9273931 9277540 9278791 9280718 9282278 9287170 9294575 9297504 9298470 9300250 9305304 9306249 9308064 9310501 9313705 9318742 9328099 9330051 9336403 9343601 9345012 9348192 9350498 9351668 9358731 9360687 9363616 9365133 9366254 9370048 9371528 9376062 9377046 9379317 9380658 9382770 9385142 9387959 9390175 9392448 9394239 9397830 9400794 9402380 9408043 9414885 9421278 9425034 9427637 9428940 9436559 9438246 9442187 9447756 9453129 9457583 9460590 9462542 9463584 9464780 9469830 9475061 9476743 9480698 9487045 9488439 9490205 9492679 9498032 9498961 9502505 9504581 9508918 9512583 9514500 9517609 9519396 9521928 9525409 9530661 9535872 9540427 9543082 9544627 9548571 9550076 9553665 9558711 9560108 9564159 9566193 9567635 9572007 9576158 9578737 9583094 9584658 9590883 9593285 9596796 9600029 9609777 9617672 9620540 9627475 9628502 9629948 9633860 9635127 9638173 9641556 9644338 9647066 9654819 9656642 9661257 9661795 9666697 9668316 9675370 9679622 9687232 9689507 9693455 9700937 9705109 9706628 9710698 9716542 9720847 9728934 9736550 9737985 9739958 9742236 9744034 9747167 9748855 9750086 9754637 9755970 9758150 9761716 9767239 9775907 9780425 9783347 9786155 9790672 9792470 9793963 9798427 9805918 9810120 9824031 9825053 9827760 9834678 9837331 9843092 9845985 9847942 9851428 9858742 9860742 9864935 9876325 9878034 9879018 9883414 9886151 9888496 9889650 9892663 9901239 9905026 9907015 9908538 9915050 9920918 9922984 9925989 9938177 9941453 9944908 9946529 9957204 9958959 9967529 9971364 9973943 9981247 9994413 9998022 9999493 
</Matrix>
<Matrix name="Neuron_534" type="complete" rows="1" columns="2569" multiplier="1.0">
   6448 19889 22061 23198 24392 26140 28300 35251 37259 40902 42621 46258 49379 54019 56952 60727 65056 66952 69979 72105 73654 83129 85544 88421 89530 91957 95312 100030 109281 113240 118691 125331 127727 131192 132616 137067 142080 147439 152299 154947 164890 171553 179414 181162 184224 188988 191144 194043 195210 202818 205812 207771 211549 218336 220537 229935 234860 241659 246644 247676 250513 255361 257130 258692 260420 264457 272780 277550 281665 288773 289783 292783 293499 308957 317781 322534 324207 334715 337193 339100 341757 346439 352325 354309 356789 364610 371203 374150 378909 384230 389788 391030 395280 397152 399744 401595 405168 409071 410433 413493 414577 416792 420959 422797 425976 428992 437096 439923 444665 446191 447435 455471 457542 463327 466867 471460 473519 475876 483039 484127 487486 488467 498828 504016 505759 514641 516932 517959 519015 523286 527451 537355 542174 548313 556270 559550 565252 567118 572917 584385 585291 588383 590149 594769 599291 604008 609102 615031 616211 619039 621109 622208 624962 626287 632759 633771 639297 643546 646503 649759 651276 655383 656913 659413 663327 665090 669112 672103 677520 680465 681639 684201 685928 697029 704043 711196 714411 716686 719440 721007 725972 727371 729322 730318 737860 745693 749085 751519 755078 757045 758568 771494 772797 774000 775933 778140 779079 780912 782460 790477 791585 793535 794979 798656 803856 805823 810884 812101 814472 831549 833624 835960 836990 839081 841002 848308 851066 853875 862522 863389 864295 865817 871345 874444 879393 881270 882509 885929 886987 894175 902646 903539 904980 908671 911357 914356 916848 921481 922685 923626 926534 928726 931950 933407 937096 938754 942633 947025 948663 950498 954817 955660 957042 958156 961014 964713 965821 968699 972265 974193 977446 978600 980365 982277 983454 986826 989843 994752 996985 1000237 1004738 1012925 1014895 1017178 1021751 1029731 1041067 1042816 1044340 1046034 1047911 1048893 1052348 1057838 1064169 1079838 1082447 1086743 1090613 1092883 1093876 1098811 1099699 1101089 1105915 1109486 1117360 1125613 1129733 1131395 1135501 1138080 1143320 1144054 1149219 1150622 1158355 1172688 1181706 1183742 1189105 1191602 1193609 1197044 1208593 1211734 1214882 1217320 1220003 1220901 1231889 1233160 1239777 1245113 1249665 1253728 1255552 1257277 1258700 1262761 1269159 1275064 1277060 1281853 1287836 1290115 1298694 1300320 1303988 1311358 1314293 1317643 1321265 1330845 1335451 1347686 1356938 1360903 1362136 1370238 1373385 1388186 1392147 1393683 1397669 1401563 1403105 1405621 1406876 1407830 1419748 1421537 1425198 1428194 1434164 1435357 1439411 1445526 1453562 1462791 1464958 1466637 1467427 1474499 1476190 1479200 1485690 1491640 1493376 1494833 1499384 1508024 1511597 1512956 1516821 1519997 1521390 1523934 1525463 1532890 1536272 1542440 1544288 1545571 1548069 1551542 1557392 1559949 1561294 1562332 1566785 1569258 1570275 1572905 1575827 1581883 1588129 1593439 1601000 1602988 1609768 1614062 1617712 1623660 1628702 1632394 1636453 1639056 1644401 1646162 1647277 1648515 1660825 1661717 1667434 1668511 1671278 1674405 1682116 1692360 1699115 1706001 1710446 1715123 1718659 1719838 1721308 1723651 1725261 1727491 1731013 1732667 1735546 1738508 1741770 1745021 1750762 1757360 1761582 1764240 1766756 1774303 1775338 1783273 1786770 1793008 1794766 1798519 1799872 1813463 1821023 1823618 1829766 1833621 1840624 1841509 1848038 1850282 1855254 1858815 1864181 1866428 1882428 1884838 1889546 1896701 1898392 1908378 1913300 1920917 1925961 1927786 1937645 1940977 1942037 1942688 1946903 1949238 1950321 1953048 1957143 1960478 1969897 1975218 1986505 1988685 1995885 1998206 2004241 2005155 2010295 2011570 2018163 2019851 2021471 2022576 2028860 2034911 2036216 2045360 2047523 2049077 2050785 2054071 2058594 2065761 2066421 2068130 2073447 2075905 2081658 2084794 2086796 2087591 2091632 2094886 2096391 2103280 2105318 2109613 2113692 2115324 2120517 2125584 2128221 2135113 2141897 2143398 2145846 2149019 2152813 2156126 2157408 2164626 2167164 2168707 2169810 2172654 2179024 2181341 2190340 2193675 2194979 2197305 2204480 2211476 2215549 2217116 2220138 2232273 2234705 2236676 2251878 2253930 2255534 2257277 2259202 2262411 2266339 2268946 2270821 2274973 2277687 2281489 2283939 2286155 2288124 2290443 2291853 2294133 2295079 2302159 2304237 2309440 2315606 2319320 2320605 2323502 2324399 2327600 2329618 2334401 2335334 2336615 2346476 2347694 2352390 2357079 2362173 2363560 2365251 2367051 2368599 2371819 2373952 2379847 2384425 2389379 2392266 2402665 2404659 2407849 2414512 2416872 2421034 2422720 2426402 2434475 2437289 2440735 2442076 2443168 2446160 2448949 2453887 2455033 2456225 2457764 2462104 2469244 2470804 2476791 2478958 2485696 2492258 2509779 2511697 2512753 2514501 2517388 2521532 2524129 2526792 2529899 2533817 2537759 2544653 2546244 2551744 2553036 2555762 2558405 2569306 2571019 2577217 2578821 2581980 2583768 2586140 2589117 2590904 2596552 2598192 2600366 2602608 2604451 2608525 2615213 2618033 2621989 2624845 2627823 2630721 2633005 2634331 2638785 2644130 2646032 2651145 2660915 2666353 2669856 2676149 2690475 2693863 2697901 2699628 2701526 2705123 2706729 2711712 2713378 2715018 2716632 2723522 2724832 2725961 2732725 2741610 2743363 2746308 2749004 2752553 2753839 2760772 2763926 2766130 2768341 2775098 2778762 2794441 2795703 2801174 2805544 2814984 2816586 2820412 2824270 2832730 2837223 2843121 2851405 2852690 2865649 2866996 2876061 2878609 2879504 2881596 2889656 2895537 2896502 2899293 2903406 2908189 2915661 2917240 2919549 2922190 2932837 2941272 2946500 2947986 2949916 2951857 2954607 2956487 2959164 2964018 2970178 2972042 2975735 2981576 2982535 2989600 2997536 3013603 3015045 3018748 3023132 3030941 3031971 3033943 3036941 3039736 3040756 3047612 3048887 3051327 3052764 3057300 3065268 3066853 3069171 3076036 3078700 3079931 3082090 3084580 3092245 3103873 3107700 3109239 3110930 3112633 3119879 3128255 3129424 3136665 3138851 3151889 3155634 3156779 3158531 3168377 3170270 3171397 3174018 3184242 3185387 3187495 3190679 3192947 3197372 3198326 3208214 3212082 3224049 3225772 3229463 3231274 3233592 3235811 3243890 3250351 3252103 3253606 3261608 3263271 3264671 3270941 3273104 3277554 3278946 3283435 3292582 3293882 3299370 3301111 3305010 3307487 3310978 3318402 3319772 3323341 3324485 3330994 3338774 3343326 3347224 3353217 3356018 3360116 3361665 3364033 3366332 3369518 3370396 3371884 3374267 3379898 3389137 3391457 3392910 3400528 3407091 3408322 3410360 3421126 3431459 3434055 3436467 3443148 3447915 3456537 3459598 3468458 3469543 3470831 3473886 3478768 3480342 3488080 3490659 3497569 3507039 3514058 3520172 3523053 3526716 3530421 3532421 3533386 3537411 3539716 3541322 3543284 3544970 3555095 3557943 3559723 3570676 3573817 3577146 3580172 3582833 3584262 3586062 3588544 3589627 3591553 3603178 3605121 3607013 3609225 3613270 3614987 3620201 3625648 3627380 3628654 3631085 3634082 3635319 3639252 3641043 3646521 3648322 3653029 3655310 3669777 3672376 3678341 3679808 3681946 3685503 3688452 3690306 3691649 3696961 3699629 3701206 3708422 3710265 3711360 3712429 3721235 3723519 3725175 3727572 3729151 3747670 3751992 3755171 3756046 3761210 3765800 3766627 3776531 3778969 3780213 3783972 3786718 3792437 3793456 3795834 3799680 3801688 3810288 3811603 3813102 3816023 3817264 3821631 3826893 3828641 3829920 3833417 3834601 3846147 3849940 3856398 3858111 3865260 3866680 3869151 3873165 3879310 3881595 3886486 3887953 3893869 3895551 3901092 3902153 3903949 3905778 3908222 3910936 3911730 3924438 3926135 3929066 3931053 3931802 3935829 3937230 3942297 3945199 3947942 3965939 3970412 3974924 3975684 3976993 3978494 3983429 3997920 4004693 4009705 4015294 4019245 4022757 4028463 4030306 4036528 4038922 4039831 4042438 4050241 4056226 4058341 4060273 4064460 4065872 4071592 4077703 4081750 4082969 4087784 4088582 4092471 4094490 4100255 4101279 4109564 4115947 4122958 4124907 4125896 4129735 4131655 4132920 4136364 4138607 4151828 4154177 4159123 4165941 4168648 4174610 4191042 4192852 4194026 4197365 4198148 4202831 4213940 4216517 4221315 4224976 4226103 4228273 4229551 4234271 4236246 4236968 4242826 4244336 4248150 4250041 4259182 4263877 4266811 4272377 4274923 4276969 4284206 4290767 4293508 4298594 4308201 4308894 4311593 4315880 4317927 4319467 4328403 4336177 4338450 4342984 4351155 4353484 4355699 4359728 4361140 4364713 4367376 4368839 4372798 4373625 4377859 4383728 4387299 4394442 4397035 4397837 4406155 4410330 4417932 4419485 4421300 4424172 4425245 4428660 4430933 4432859 4435109 4439898 4447178 4448033 4450057 4451183 4455389 4456816 4458574 4460187 4462720 4465382 4469448 4472131 4474001 4478613 4482301 4486133 4487676 4488866 4491131 4513077 4524616 4526937 4531172 4536112 4537505 4539662 4541284 4542938 4544668 4547793 4549816 4553726 4563271 4564702 4567654 4573953 4575883 4576442 4581879 4583061 4584764 4591085 4592707 4595918 4599793 4603645 4604930 4609819 4615705 4619347 4620685 4622269 4626136 4627737 4630874 4634902 4636651 4638763 4644836 4646026 4649376 4651766 4653450 4654716 4656597 4657373 4659943 4663093 4664272 4667963 4670339 4674058 4681184 4686158 4689056 4692414 4693869 4699695 4700800 4701909 4704234 4705650 4713453 4715322 4720841 4722055 4723593 4735645 4738781 4740682 4742575 4743918 4747210 4753814 4758553 4773288 4774022 4775189 4777415 4779522 4786805 4791308 4792342 4793607 4801352 4803188 4804145 4806561 4810049 4812724 4814969 4819398 4822615 4824952 4826908 4829592 4834479 4839795 4846484 4850834 4851938 4854670 4859216 4867418 4868968 4869879 4874828 4888226 4890330 4893379 4895724 4897932 4899137 4900190 4901461 4904035 4905588 4908991 4911972 4914307 4936520 4939350 4940999 4943207 4944169 4947175 4953841 4960636 4969439 4974168 4976183 4977494 4979204 4981430 4985774 4990847 4995503 5002335 5008166 5010706 5013294 5017238 5033605 5034655 5038869 5044396 5045898 5046589 5055125 5065361 5068195 5070955 5072870 5075134 5085121 5086029 5089956 5092517 5093589 5100893 5103290 5107079 5108987 5114438 5117225 5120088 5122965 5124681 5125604 5126576 5136641 5139112 5141510 5143419 5145681 5147580 5152994 5156014 5157126 5174725 5178276 5201409 5207563 5208482 5210002 5212901 5215161 5218945 5220195 5225285 5226693 5236699 5238878 5245355 5253694 5256762 5258381 5263971 5269577 5273563 5278573 5292118 5297522 5303316 5304654 5310992 5319986 5322684 5323737 5325285 5326249 5328858 5330264 5335493 5339376 5342723 5345134 5352275 5355511 5358438 5362257 5368276 5371354 5376327 5379267 5380870 5393153 5397159 5398922 5401320 5403173 5405905 5407909 5409365 5413564 5414820 5417626 5419879 5424606 5436980 5442909 5444304 5447576 5450023 5451086 5453846 5455597 5459095 5460222 5462505 5467473 5472774 5474240 5480415 5483495 5491130 5494442 5497136 5498999 5502152 5507072 5508999 5511529 5515268 5519717 5523275 5534223 5538303 5542752 5543765 5544770 5546012 5547150 5548296 5550556 5563789 5572470 5579175 5586956 5594264 5599492 5606315 5615843 5627255 5630709 5634450 5642866 5646330 5648727 5651680 5654988 5665643 5667037 5670900 5674385 5678292 5679490 5688054 5692098 5692574 5696032 5699067 5700063 5709454 5711256 5715599 5717564 5718399 5724492 5726440 5727753 5731791 5743552 5745503 5750612 5752129 5755090 5758122 5759400 5761894 5764700 5766305 5767867 5770364 5771901 5774457 5779849 5783013 5791434 5794105 5794836 5808011 5809899 5813818 5819033 5823262 5825995 5835597 5841163 5849660 5854012 5857013 5863264 5867138 5871435 5874864 5884771 5887589 5894358 5896644 5897562 5899490 5907215 5910806 5916644 5921673 5924562 5927170 5929055 5934926 5940316 5944782 5947917 5948931 5958807 5962893 5965331 5970097 5973284 5976236 5980216 5983370 5986127 5990808 5991887 5998235 6005394 6007871 6015629 6022728 6025234 6028402 6029808 6050437 6055095 6058968 6061210 6063396 6065194 6069533 6071518 6079163 6083138 6097626 6100480 6103235 6109839 6115349 6118589 6121169 6124096 6126041 6127824 6132004 6138993 6140225 6143175 6145235 6146467 6148262 6150464 6151631 6154881 6156248 6157520 6170665 6173594 6176163 6177331 6183789 6186550 6198288 6198927 6205358 6206624 6208650 6210671 6212729 6214575 6221092 6225191 6227782 6230181 6231973 6245147 6251535 6255004 6256406 6258752 6263085 6264620 6265844 6271298 6273147 6274544 6277218 6278080 6281383 6282324 6284232 6285986 6289209 6290478 6292152 6294165 6296053 6297155 6298424 6305679 6306571 6311166 6312677 6314017 6315418 6317347 6318713 6321897 6325944 6326596 6328786 6332035 6334398 6335780 6338155 6340047 6345832 6347324 6349108 6355988 6357790 6361922 6362758 6364189 6368102 6370749 6372394 6386957 6396026 6397421 6400281 6405835 6406645 6411944 6417185 6419533 6420474 6425841 6427642 6429675 6431551 6433360 6444604 6445512 6447162 6448207 6450286 6451129 6452886 6458700 6460089 6461652 6468893 6473212 6475981 6477327 6479425 6485948 6488927 6498027 6502254 6510341 6511596 6518249 6525419 6528499 6534142 6536331 6544446 6547489 6549365 6556858 6559964 6562259 6567761 6573079 6577619 6579151 6581390 6582629 6584401 6585391 6586325 6587403 6589148 6590090 6591611 6594208 6600177 6601506 6602652 6603896 6607384 6611353 6617656 6624320 6626757 6629477 6631033 6634088 6638472 6639721 6641300 6648518 6655344 6657531 6662118 6664960 6666651 6668047 6669796 6673358 6676840 6682290 6684658 6688215 6690811 6692145 6693218 6694072 6698142 6699439 6705386 6709375 6712278 6713769 6715212 6718913 6725949 6727954 6737238 6739652 6749796 6753819 6760856 6764010 6767394 6769059 6772883 6773916 6777927 6784345 6786711 6793657 6796894 6798519 6801328 6802709 6813888 6816107 6818901 6827211 6829447 6831547 6833890 6837631 6855347 6858679 6860604 6865930 6867631 6868413 6869923 6877697 6879422 6881900 6894028 6901044 6903116 6908671 6915657 6920338 6922994 6932411 6934737 6937338 6940096 6942905 6949183 6951036 6954558 6957799 6959923 6962733 6972572 6976091 6977141 6978836 6990848 6997595 6998942 7001835 7002865 7010906 7014437 7024099 7024945 7028970 7034966 7041191 7042682 7045148 7049556 7052688 7053897 7056587 7061094 7063821 7069545 7071899 7074106 7075379 7085872 7087211 7090189 7094015 7095590 7101212 7104246 7107306 7108475 7110112 7113832 7115049 7119945 7126767 7138928 7142998 7145661 7147666 7153730 7154585 7161975 7164227 7165660 7167245 7169403 7173916 7177966 7179425 7182827 7188400 7191163 7201532 7206485 7207572 7211721 7220692 7224343 7226315 7231821 7237439 7239561 7249086 7255969 7260706 7262988 7264585 7266656 7268366 7290141 7293356 7297678 7299767 7309805 7315367 7321621 7326287 7329619 7335380 7336739 7338089 7342681 7346139 7349990 7351312 7352802 7359621 7361972 7365918 7370167 7371954 7373496 7375421 7376717 7378924 7383869 7386657 7388591 7390160 7392003 7393432 7396129 7397929 7399856 7406103 7407207 7409160 7410261 7422060 7428441 7429705 7432635 7434729 7436387 7439490 7443447 7445112 7446598 7456216 7458628 7461203 7463684 7467385 7469114 7474147 7477549 7481089 7483585 7484838 7488001 7489899 7493189 7495580 7497423 7502761 7504548 7507807 7508893 7516589 7519126 7524912 7530144 7534854 7537750 7539997 7543612 7546047 7547602 7552596 7558209 7570398 7575110 7576925 7581795 7583504 7587781 7591739 7596614 7599980 7604824 7606886 7610843 7613086 7617060 7618351 7620305 7623314 7626363 7630505 7634286 7635770 7637391 7641248 7642431 7644132 7652496 7655295 7664005 7666768 7673487 7674148 7677880 7680453 7682227 7683687 7685000 7691425 7698680 7708133 7711728 7712431 7714902 7716696 7717626 7723734 7725636 7730403 7733285 7735654 7742502 7749424 7755346 7756684 7760990 7762948 7764960 7766626 7770614 7772230 7773120 7779913 7784276 7795562 7797467 7804212 7818119 7819894 7823189 7824650 7828258 7831817 7839408 7842296 7844301 7845828 7851992 7854194 7857852 7864373 7869874 7886970 7888957 7890951 7894737 7896279 7899194 7904278 7911277 7912552 7917277 7918220 7923579 7928574 7930585 7934199 7938434 7942491 7950285 7955853 7973108 7974506 7975672 7977054 7979157 7983625 7986602 7989475 7990556 7994749 7996505 8002323 8008317 8009769 8013342 8015528 8024282 8043396 8046435 8047193 8048796 8050580 8051971 8062069 8065545 8070973 8072410 8078411 8079534 8081869 8084187 8086457 8088352 8090876 8097354 8098964 8109924 8113508 8114860 8116714 8117912 8120183 8121501 8122358 8129362 8132058 8133959 8136700 8141570 8144235 8145190 8148771 8153077 8156094 8156937 8161654 8166022 8170832 8171927 8176840 8178408 8185977 8190086 8191739 8202353 8204543 8206622 8208034 8210836 8215434 8220820 8222397 8223966 8227619 8228912 8230536 8237548 8249151 8253713 8260998 8263191 8266896 8268637 8269928 8275198 8278603 8282185 8285326 8286706 8303835 8307432 8317997 8321843 8328753 8333536 8335189 8339362 8340467 8343999 8345165 8347727 8350761 8352161 8355124 8367692 8374777 8376705 8379202 8382738 8385739 8387501 8388904 8394144 8398152 8400083 8402575 8405202 8407872 8410140 8414311 8415343 8418375 8422669 8427105 8432788 8433747 8442319 8446362 8449161 8452713 8453980 8467619 8471486 8480000 8485747 8491065 8493985 8497147 8504454 8509270 8510824 8514214 8518063 8522464 8524455 8538836 8540194 8543699 8551867 8557233 8558336 8559466 8565763 8569090 8570868 8571686 8573272 8576400 8579801 8581903 8585066 8592989 8594722 8596099 8596956 8598040 8599883 8601842 8606656 8608134 8613952 8614852 8616414 8621038 8627641 8633499 8635105 8637259 8647115 8660416 8664128 8666186 8667907 8671469 8675122 8677181 8683445 8686234 8689997 8691430 8695071 8699526 8703779 8706926 8711434 8713747 8716620 8720223 8724158 8728483 8729377 8732335 8737167 8749950 8751816 8756578 8762882 8765855 8770353 8771942 8773153 8773863 8776853 8783771 8786026 8789881 8791262 8794769 8797238 8805512 8808098 8809955 8812827 8817575 8819380 8822299 8823781 8825796 8830121 8832740 8834077 8842018 8844408 8847364 8849322 8850674 8853995 8863413 8865219 8870653 8873511 8876644 8883734 8884486 8888903 8890569 8895436 8898359 8907728 8908812 8911442 8912529 8922487 8925959 8930733 8933520 8939627 8948025 8950962 8956264 8960954 8962365 8967086 8968574 8971673 8978543 8980120 8983353 8985781 9002411 9004015 9005805 9007039 9012749 9014731 9016757 9018223 9025491 9030323 9032254 9036743 9039315 9040357 9041570 9046541 9050867 9053406 9064049 9067383 9070328 9073572 9075134 9077328 9078752 9081013 9083055 9087359 9091391 9094611 9101287 9108153 9109976 9114983 9117142 9123517 9127410 9132120 9133400 9134349 9139212 9140742 9146050 9151475 9155705 9158990 9161313 9164517 9175071 9176718 9179925 9196916 9205295 9209037 9212563 9213786 9215974 9217891 9219383 9222290 9223783 9226207 9227399 9231323 9238894 9240246 9245051 9246134 9251501 9256567 9260585 9269925 9278411 9282695 9283831 9285091 9288462 9290611 9303423 9306727 9310552 9319222 9326455 9329540 9333595 9342345 9343722 9350210 9352214 9358980 9360763 9365934 9368573 9369823 9371939 9375417 9378768 9384986 9386974 9388382 9399530 9401412 9405393 9406911 9407946 9411125 9412250 9415242 9418393 9427343 9431306 9432628 9435177 9441049 9443191 9444543 9446852 9448895 9451583 9460257 9463079 9466729 9468571 9470675 9475365 9480720 9484671 9488675 9495564 9501094 9507950 9510350 9511832 9513524 9515234 9517541 9521103 9528925 9533257 9537215 9543892 9546323 9548216 9551059 9552753 9554424 9555901 9557806 9561963 9565185 9569000 9573021 9574367 9575604 9576817 9579266 9582237 9584319 9593553 9595583 9599825 9600905 9606292 9611939 9613839 9615382 9617496 9629468 9643640 9644429 9653893 9657830 9660730 9662161 9663434 9666798 9673895 9676014 9677867 9680930 9683468 9688503 9690042 9692599 9694060 9695600 9697085 9705102 9707754 9716429 9718376 9723204 9724520 9735759 9737239 9739874 9742067 9746263 9749473 9752750 9753844 9759325 9763731 9766402 9769815 9774014 9775944 9777138 9781335 9783777 9789233 9790319 9796590 9801673 9804433 9806061 9810440 9815747 9821211 9824214 9829118 9830025 9835983 9838692 9841973 9846271 9847226 9851989 9854206 9865321 9868320 9872209 9874480 9881664 9882647 9887822 9897490 9908099 9909455 9921499 9923044 9924790 9937336 9939046 9942315 9946545 9951951 9955696 9960568 9962776 9964695 9967996 9970761 9974840 9976412 9977917 9979981 9987470 9988353 9991613 9993246 9995200 
</Matrix>
<Matrix name="Neuron_577" type="complete" rows="1" columns="598" multiplier="1.0">
   2158 10838 13685 17294 20474 27740 59348 108488 114071 129336 226503 229897 232640 239720 249243 259150 260673 267642 282923 287291 301553 343586 357388 363471 397297 427524 454478 468902 472759 481374 507530 583416 585963 588221 603698 607848 624275 628838 706831 719317 744070 748629 764354 768216 774301 798983 806424 811463 819244 822406 826477 862018 896489 908284 915321 944894 960363 965654 977260 1009882 1010641 1011904 1017899 1027952 1031140 1108943 1120225 1122853 1138520 1142442 1151326 1171159 1176100 1201650 1265683 1271818 1301749 1332277 1371678 1372850 1386970 1399223 1400499 1402195 1410128 1418866 1426030 1451556 1482099 1517781 1536156 1562113 1593509 1600449 1622386 1626099 1658777 1663585 1691459 1699153 1701435 1717984 1726174 1731826 1764344 1790763 1805575 1821986 1857782 1939181 1946235 1961662 1969416 1974786 1981952 2015621 2041248 2064206 2067598 2081613 2085845 2139708 2143468 2163881 2184416 2199445 2200743 2203994 2217817 2229104 2233324 2265300 2306916 2326510 2350673 2366180 2373074 2385325 2386949 2394799 2399624 2446567 2487466 2508125 2509863 2513692 2534850 2543959 2545420 2580534 2595163 2597746 2609156 2630694 2638393 2645956 2670359 2677424 2687456 2755716 2761125 2768888 2791352 2799447 2801091 2841572 2900297 2922204 2931289 2936316 2937292 2957067 3007589 3010271 3017485 3053407 3093740 3096022 3115951 3143364 3169180 3221638 3324820 3327717 3332252 3342721 3355259 3391299 3397870 3405808 3421084 3444860 3460147 3485191 3551678 3559471 3579919 3582729 3599374 3606406 3683221 3684931 3688246 3714808 3727729 3752080 3754130 3765548 3817165 3825879 3843902 3846771 3857949 3863544 3872825 3874458 3892159 3904064 3927748 3972091 3974977 3988082 4002033 4036874 4049841 4053471 4059711 4066454 4072671 4095081 4116756 4152791 4171392 4174180 4175729 4180575 4183866 4208993 4224288 4233363 4249842 4278595 4299842 4345185 4364776 4401404 4406609 4411170 4428370 4462056 4532222 4542182 4576744 4594453 4636290 4638921 4642578 4664768 4670160 4693847 4697319 4711490 4719469 4727051 4771776 4774865 4776174 4796823 4804373 4850966 4856480 4875744 4879916 4902741 4913879 4935615 4939995 4965232 4970292 5002775 5010541 5047028 5061435 5135717 5147576 5166473 5191607 5200004 5217353 5219350 5223474 5258982 5260307 5266744 5286210 5299500 5320729 5387304 5394088 5396315 5409338 5414425 5425901 5427015 5450760 5464521 5476805 5491943 5511365 5516554 5527543 5536396 5539031 5548706 5552685 5566894 5582826 5636391 5672579 5750145 5771874 5776173 5789346 5798404 5812404 5829267 5841343 5883207 5887066 5920742 5944013 5949203 5958962 5961081 5969685 6001914 6009848 6015018 6053041 6060438 6063509 6088577 6126369 6155712 6171297 6187155 6190029 6215926 6222313 6273222 6278069 6284248 6303280 6318579 6323372 6344651 6368847 6371014 6383109 6403022 6408565 6429284 6437237 6442199 6449523 6472731 6503244 6506892 6533724 6557467 6626832 6634406 6650518 6691432 6710394 6730164 6734084 6742070 6755939 6765816 6807170 6815591 6819263 6825799 6832571 6840685 6842253 6849479 6872819 6884762 6906316 6929766 6944721 6947267 6965191 6968569 6975484 6979691 6995428 7004974 7009571 7017563 7018810 7023389 7034260 7065333 7074532 7077874 7083620 7086788 7088582 7130684 7134608 7149984 7154849 7170472 7198260 7248999 7255776 7262131 7275599 7296237 7340243 7369717 7375534 7399590 7413080 7414492 7421184 7432894 7449140 7460304 7473399 7512312 7559113 7563781 7581013 7588285 7597966 7611066 7614054 7614982 7624475 7632774 7648708 7667798 7683756 7685912 7694699 7734645 7756033 7761149 7778018 7788249 7799846 7816665 7841885 7846093 7848624 7858644 7859919 7865246 7876656 7897100 7900945 7903321 7924854 7928743 7943157 7969714 7980471 7995488 7997898 8025519 8046230 8083885 8087297 8123002 8126323 8139387 8142375 8177494 8195277 8197239 8207390 8212948 8215990 8256052 8285552 8297610 8300696 8306467 8335522 8389140 8432947 8465638 8481148 8484729 8489114 8490502 8507928 8512028 8513232 8515447 8522829 8534250 8553876 8562966 8580245 8586623 8598568 8607723 8615553 8666952 8672338 8685726 8690022 8700303 8738592 8752820 8757346 8759229 8764955 8780229 8788955 8814329 8825307 8862257 8884534 8894603 8921586 8951525 8955006 8998599 9008265 9053088 9071479 9090911 9112520 9126434 9129200 9139893 9148378 9149600 9164788 9197565 9206583 9224291 9235503 9269178 9273028 9283360 9300844 9353180 9370152 9382168 9389697 9444294 9451036 9453033 9474211 9500797 9504209 9533747 9562198 9571997 9575349 9581080 9583649 9601896 9614002 9630071 9637502 9647855 9651763 9655462 9659809 9685224 9718064 9738810 9760140 9778260 9779524 9785786 9788514 9805811 9810145 9821289 9833555 9835838 9841628 9849115 9857620 9905309 9921839 9948062 9979205 9983600 
</Matrix>
<Matrix name="Neuron_587" type="complete" rows="1" columns="247" multiplier="1.0">
   5425 9269 65393 121031 124411 210045 217246 261338 262735 295038 320982 353692 475026 529521 531514 591791 745003 794395 873352 949404 951451 1036243 1068148 1088134 1090829 1137138 1143992 1171549 1182528 1286121 1327982 1347584 1383040 1394253 1510746 1556244 1567929 1629220 1649426 1665733 1672375 1682661 1754151 1756779 1766309 1783098 1793727 1815467 1902929 1923172 1924398 1986755 2086289 2115175 2136524 2137669 2247839 2283744 2318174 2324369 2381526 2385743 2392455 2397451 2405793 2524279 2559378 2631628 2693599 2717750 2724582 2735086 2777300 2817389 2833156 2874918 2897073 2933621 2953945 3015867 3018682 3180402 3191734 3301173 3395664 3408968 3443453 3504323 3509044 3516156 3540275 3584219 3617940 3782896 3852041 3861788 3878267 3917495 3948972 3989726 4011227 4157665 4180683 4216574 4325641 4356519 4403351 4409161 4416146 4498519 4556617 4558257 4576828 4691608 4706111 4720159 4751432 4787816 4790984 4810147 4843264 4873153 4939307 4973377 5012762 5078999 5160315 5208371 5335351 5337643 5384438 5397227 5444330 5467625 5480579 5492793 5548209 5591459 5600892 5634104 5844674 5932477 5934251 5947211 5949939 5959682 5963563 5995215 6033446 6040426 6051146 6085899 6144680 6149692 6193270 6205133 6220927 6292443 6298952 6328388 6357989 6492469 6540319 6571770 6595799 6785479 6819672 6870124 6881670 6923545 6930723 6946199 6959163 6981164 6994256 7002365 7071654 7088582 7113857 7172886 7188489 7262575 7287643 7294592 7330875 7391901 7400227 7603888 7614660 7635724 7647599 7689404 7696565 7716915 7729302 7746701 7798888 7898161 7918866 7949601 7970904 7973751 8034570 8052459 8100042 8107987 8133839 8162487 8169808 8233951 8340116 8376263 8397160 8399073 8403991 8410827 8514449 8516649 8529422 8658925 8664513 8739650 8758045 8805428 8860276 8864128 8968649 9065592 9188390 9225523 9237339 9250197 9307406 9384370 9517593 9566530 9575072 9602109 9622652 9637244 9692224 9751544 9755765 9806145 9825271 9879864 9889723 
</Matrix>
<Matrix name="Neuron_597" type="complete" rows="1" columns="409" multiplier="1.0">
   35625 93919 105464 108453 152097 167868 172841 267710 300843 317512 341618 346026 358336 367803 371499 443894 459630 482477 487311 519913 525733 567004 572378 595400 643016 677734 701901 716075 720102 721557 737957 745173 761597 767811 772500 775714 842229 853527 862613 872035 893609 898140 981429 989468 1013663 1049204 1174223 1184339 1247124 1272584 1283008 1289980 1304631 1312079 1348254 1419230 1441433 1543007 1568505 1584028 1591546 1612570 1624454 1631496 1729233 1746281 1799763 1818167 1825569 1826764 1835042 1853413 1879316 1886657 1905231 1910499 1950990 1962716 1994195 1996555 2016721 2024847 2038712 2062550 2091811 2093818 2099621 2140491 2187017 2200558 2223581 2234889 2239990 2255380 2267306 2271303 2293270 2329385 2360685 2371313 2388027 2392313 2402259 2417478 2423743 2453394 2455426 2494699 2500602 2515339 2533842 2541500 2569614 2574425 2601110 2640402 2650686 2681200 2688614 2702054 2705075 2719496 2744263 2757036 2761481 2768706 2772022 2778934 2881876 2883345 2899955 2969961 2979933 2997320 2999523 3005029 3011796 3034248 3048079 3064512 3070492 3075628 3090571 3130934 3140194 3201697 3215188 3234123 3263137 3287651 3317472 3319358 3348576 3353848 3377489 3401728 3435994 3480693 3546629 3549839 3565102 3583746 3604988 3619304 3786689 3811281 3837651 3872352 3896884 3909002 3930199 3937251 3946992 3963767 3974554 3980097 4011638 4028564 4038349 4043635 4051099 4054046 4083210 4145117 4221910 4256230 4279404 4281138 4284430 4354275 4356915 4485145 4496029 4519408 4543930 4589477 4603065 4614991 4660256 4700208 4708866 4714244 4761686 4811748 4870582 4878758 4879917 4904391 4912205 4917776 4931599 5042168 5043321 5047929 5053864 5059895 5104493 5181998 5214996 5264063 5286573 5296575 5317580 5332725 5336850 5382683 5436464 5442826 5451059 5482377 5520817 5571313 5596074 5625835 5642717 5648202 5681427 5711830 5770691 5803151 5823083 5847659 5850559 5894376 5907818 5911168 5912932 5915105 5993061 6032247 6044457 6052893 6079068 6110278 6123675 6145759 6158725 6219117 6258164 6266917 6280397 6326677 6358811 6412152 6432481 6457533 6459872 6519941 6531123 6558308 6603107 6652379 6687985 6698729 6702709 6732072 6772915 6796233 6817837 6849949 6883123 6903752 6916392 6923541 6938088 6971826 7001785 7026774 7032024 7082383 7109020 7125522 7153668 7192754 7195475 7202763 7204557 7207110 7230161 7256212 7273342 7328072 7359155 7380131 7389525 7452811 7486629 7551887 7555847 7564407 7592850 7606565 7662518 7668569 7701920 7731458 7740178 7780087 7791244 7798297 7831925 7851198 7932940 7953528 7998656 8014814 8094812 8111643 8123952 8157871 8163378 8179804 8187001 8217466 8279134 8308658 8314053 8334310 8353260 8379577 8394469 8399532 8418049 8434508 8499759 8519405 8522855 8563355 8590247 8634293 8647804 8662897 8677199 8679368 8713720 8756306 8843395 8865893 8876121 8894995 8897789 8925846 8951513 8976699 9013278 9018455 9047995 9060744 9064101 9117127 9120184 9133231 9145586 9154038 9157048 9197341 9208414 9217602 9227102 9264465 9265767 9281438 9293181 9368022 9385743 9387931 9416546 9468802 9480291 9491674 9508748 9513983 9536393 9545956 9621359 9645833 9674070 9693430 9722462 9731765 9793464 9797403 9881429 9901421 9929770 9944233 9956828 9971032 9994245 
</Matrix>
<Matrix name="Neuron_607" type="complete" rows="1" columns="2450" multiplier="1.0">
   1510 7132 9849 10876 21198 22442 28762 36875 47192 48507 54147 55363 56691 62263 69812 79337 84491 86452 93403 94737 97304 99421 102074 108572 117279 119385 121077 122510 130126 133000 135324 138739 146399 147732 152699 154643 157888 159063 160615 171990 180623 181500 186072 192973 194802 200400 213112 215577 216675 220312 221882 223687 245274 254986 256432 270049 275065 277106 278457 281441 283349 284264 289739 292626 295677 296709 300635 310214 314751 318648 319791 328277 331160 335343 336614 341741 345073 347610 349257 351823 354420 361642 365375 369262 370090 371992 374836 377368 381912 385644 388621 391372 393338 395430 397555 398587 400025 406150 411328 414317 415671 416622 418697 420776 423112 425275 426760 430562 438674 445843 447593 456657 458208 468665 470084 473085 474474 476734 479573 484143 487779 489092 490992 494597 501330 502729 504628 505520 508977 516318 519546 521569 524671 529806 531813 533740 535325 541344 546635 550029 552224 555926 559834 564318 566511 568279 571485 574488 577660 580665 581659 584031 590241 591995 596063 598211 600295 602738 606717 608411 610478 613169 614211 618239 620976 624583 626943 629676 637109 644794 646437 658299 661096 662634 663323 667981 671767 673756 675428 678866 680036 685546 689704 693774 695948 698214 706824 715364 722691 724100 731454 735461 742311 743977 746236 749984 754538 760844 772596 780283 783446 789976 792100 801963 812728 824742 826721 829494 830739 839845 842484 849957 851864 855808 863089 865034 866803 873253 876760 877607 879800 882674 895276 896457 899530 901438 904470 905910 910394 913027 923668 925072 928993 930138 930813 932432 935578 937569 942923 944743 947682 949472 959233 966390 973277 978000 979418 983205 984920 995965 1005362 1007143 1009186 1014172 1016354 1024214 1025270 1030992 1033481 1038570 1045482 1046421 1058573 1060108 1070443 1081546 1084784 1087353 1092432 1093900 1102615 1106533 1112166 1115767 1117994 1122701 1128360 1136995 1137980 1139382 1142444 1144474 1148961 1154343 1158102 1159817 1163561 1165920 1170113 1173808 1174694 1178380 1184847 1186527 1188235 1195579 1198449 1200835 1207512 1212104 1225893 1229093 1230589 1239375 1241980 1244492 1251204 1253577 1255536 1257193 1258881 1266018 1269163 1273369 1275874 1279059 1283188 1286874 1288916 1295227 1297274 1304104 1306428 1311813 1320154 1322881 1323788 1325086 1329277 1338065 1339493 1347442 1351496 1354183 1357932 1359283 1362041 1363630 1369365 1373399 1386096 1393565 1395332 1404749 1408060 1410791 1415008 1416128 1418263 1420004 1420865 1422994 1424208 1429131 1431560 1438439 1440878 1442285 1446160 1447207 1451590 1452346 1453413 1459297 1461406 1465370 1468384 1471617 1475827 1483189 1484683 1487008 1488349 1492089 1495108 1497846 1500016 1506147 1512803 1519035 1530079 1535425 1547661 1551410 1554041 1555117 1555950 1557275 1558683 1562930 1568926 1573956 1575663 1586853 1589206 1591109 1594733 1597647 1601269 1607939 1612860 1615457 1619813 1623068 1628253 1632267 1637113 1643485 1644563 1645944 1647638 1657152 1658777 1662343 1667717 1676944 1680094 1683781 1685292 1698956 1701147 1703254 1705651 1709314 1710297 1716423 1719068 1722895 1727375 1728256 1734254 1737140 1741530 1744553 1751186 1767865 1771112 1774915 1775943 1777619 1779584 1782639 1783829 1785897 1787984 1789254 1790693 1793195 1802281 1803787 1809266 1810466 1815456 1819421 1820164 1821846 1824861 1827420 1832047 1837768 1844786 1848064 1848880 1853872 1860746 1866712 1873677 1877524 1878521 1879379 1887927 1894957 1899650 1902623 1906481 1910804 1912598 1914457 1917508 1928462 1935045 1936512 1937669 1945158 1946174 1947366 1953735 1960927 1966122 1972323 1973777 1975305 1981583 1987893 2002297 2003752 2005643 2007289 2008497 2011293 2014139 2015425 2016685 2020175 2021918 2023292 2026113 2028366 2031708 2036989 2044494 2045736 2048570 2051066 2056899 2062380 2064498 2066672 2073472 2074725 2075730 2079676 2081913 2083504 2086964 2087840 2089386 2093058 2098821 2100200 2102278 2103769 2105380 2106754 2116464 2124245 2130141 2134487 2139403 2140138 2141526 2142309 2143721 2145641 2164148 2171432 2174327 2188077 2189781 2201662 2207205 2209527 2213845 2214751 2220944 2224932 2226349 2227540 2235522 2241193 2242877 2257413 2258781 2260725 2262504 2265446 2267956 2268959 2271045 2272248 2276542 2279902 2280936 2282251 2284303 2289237 2302270 2304538 2308890 2310305 2312083 2318776 2331232 2339662 2341504 2343676 2349051 2349950 2351805 2356219 2357210 2359552 2364083 2367561 2369407 2371939 2377262 2378895 2385093 2387442 2389333 2393074 2395948 2405307 2406351 2413405 2414136 2416284 2417566 2424728 2430391 2443345 2451973 2454085 2456770 2459127 2462013 2480182 2489050 2492880 2496198 2497490 2500584 2501602 2505591 2510951 2515223 2516801 2520721 2526748 2531328 2533305 2536318 2537259 2539715 2544612 2549996 2553573 2558254 2567086 2568188 2569044 2576520 2581450 2585526 2586685 2590067 2591347 2597887 2603664 2608894 2621071 2627821 2628760 2629735 2631177 2631807 2632699 2635710 2636791 2637911 2639197 2644234 2645891 2653655 2657313 2661276 2663638 2667593 2670027 2671011 2674754 2678663 2681105 2688784 2694664 2698376 2699604 2705332 2709300 2710508 2712142 2715771 2717139 2721891 2731724 2733628 2737438 2746640 2749560 2753948 2760738 2762880 2766494 2769476 2772493 2775541 2777767 2782397 2790505 2792747 2796665 2804004 2809760 2811721 2813962 2815558 2816085 2818194 2819805 2826101 2828312 2831042 2834042 2836995 2838588 2854348 2857096 2858425 2863111 2868028 2877208 2883572 2888363 2895662 2898154 2900159 2901661 2911697 2916000 2921220 2926825 2929184 2931914 2934064 2936177 2939196 2940000 2942565 2946919 2949642 2952653 2956606 2958179 2959409 2961096 2964697 2966883 2970609 2974819 2979732 2982369 2987473 2991606 2995386 3000838 3001796 3003935 3004654 3007552 3009766 3012970 3015987 3020128 3022793 3024706 3026430 3028826 3030347 3045775 3053315 3058402 3062394 3068141 3074928 3076478 3079254 3081617 3082933 3088603 3091482 3096361 3100511 3106654 3109475 3117896 3119391 3121086 3122528 3124302 3127719 3128937 3130297 3133427 3139172 3142854 3144965 3146408 3147959 3153115 3155738 3158115 3159600 3163285 3165412 3171188 3173420 3176845 3181189 3182580 3183814 3187168 3191063 3194605 3198871 3200848 3202019 3203442 3204170 3204797 3206421 3208911 3212836 3214046 3215405 3227523 3234034 3238328 3243962 3253862 3257060 3257982 3262788 3263914 3267491 3270089 3273836 3277219 3286406 3298482 3300637 3306870 3308992 3312740 3316052 3318216 3324871 3326053 3328410 3337539 3338256 3341240 3348709 3354782 3363638 3365474 3366758 3371358 3374191 3375666 3379176 3380544 3381676 3383810 3389166 3395490 3399161 3403621 3408845 3416036 3419650 3421041 3428423 3429535 3434490 3443382 3444820 3446255 3450980 3453011 3455922 3457237 3463109 3465807 3472940 3475411 3477639 3481875 3484376 3489366 3492031 3496018 3500588 3502383 3507434 3511659 3519937 3522514 3528145 3529275 3535022 3536774 3547862 3549034 3551556 3561639 3567174 3570183 3572081 3574823 3581032 3582541 3587796 3592441 3593731 3595270 3600946 3602988 3607478 3610900 3613693 3618897 3624598 3627232 3627942 3629669 3630892 3632405 3634617 3636296 3639331 3639947 3642338 3650828 3653328 3654977 3673551 3676696 3678983 3681179 3685466 3699084 3702644 3703725 3705973 3709453 3711946 3733793 3738861 3741617 3744273 3746824 3747751 3750500 3754088 3757576 3761139 3771168 3773452 3776442 3777895 3781182 3783398 3788885 3792951 3796286 3799970 3802102 3803070 3806064 3810279 3814631 3819152 3824304 3826153 3826977 3828137 3834285 3835634 3837584 3841436 3848119 3866201 3868338 3869704 3875476 3876769 3881145 3889025 3895406 3898761 3900395 3902164 3903146 3906503 3912159 3913385 3917474 3918974 3925635 3931955 3933468 3935654 3949496 3955671 3957325 3964775 3966893 3969641 3977849 3979599 3988565 3990621 3998410 4000496 4004545 4006355 4010713 4011992 4023982 4028655 4036531 4037778 4039475 4045948 4050124 4053853 4056540 4058371 4060990 4062292 4067160 4068506 4070161 4074291 4077052 4078427 4080019 4083972 4088019 4094569 4095963 4101399 4109248 4119337 4120603 4125042 4135508 4138163 4142711 4148368 4151109 4156187 4163281 4165395 4173221 4184968 4187852 4193810 4195299 4197261 4200721 4203729 4205302 4207592 4211098 4215836 4224426 4227366 4228391 4229600 4234836 4243025 4245517 4247292 4249160 4251636 4253251 4257829 4260558 4261704 4266843 4270166 4283966 4285624 4293945 4297393 4298338 4300645 4303534 4307665 4312258 4314430 4319548 4320394 4332067 4333235 4335123 4338821 4341270 4346497 4348043 4351708 4352643 4354517 4362114 4364255 4369247 4370170 4376256 4386914 4394294 4400547 4401937 4414974 4418296 4423404 4424374 4432191 4434656 4436322 4440941 4441630 4448424 4451454 4457585 4458818 4466704 4470712 4471592 4475708 4476919 4481753 4485474 4490308 4500288 4501943 4503212 4505955 4508465 4514253 4515622 4517085 4522051 4523477 4527657 4535289 4539073 4544946 4552954 4557967 4566106 4570814 4572709 4576095 4577379 4580626 4581691 4585535 4588024 4589740 4590829 4596775 4598654 4603325 4612431 4618004 4624396 4627872 4661907 4663278 4665371 4670495 4672213 4674210 4685593 4687242 4688724 4694146 4701112 4702579 4704692 4705959 4710966 4712451 4713902 4722087 4725216 4728500 4731728 4733293 4741527 4743177 4748979 4753987 4756097 4757857 4761298 4763443 4770179 4780818 4782818 4786012 4786909 4793640 4797764 4799278 4807953 4809343 4810523 4814940 4819026 4823268 4824489 4829243 4831692 4833339 4851517 4852730 4856604 4867544 4868662 4876823 4879617 4881091 4881973 4885020 4889467 4894489 4898567 4900258 4905763 4908368 4912094 4913394 4917485 4926323 4927836 4928653 4935243 4938858 4941262 4944748 4946776 4957943 4960275 4962246 4963798 4968591 4972097 4973748 4975816 4978972 4981303 4982544 4995391 5002890 5007209 5010534 5011592 5012574 5020835 5026174 5027217 5035537 5037140 5041624 5048377 5051156 5057903 5064206 5068931 5070249 5073823 5074968 5079062 5085209 5089672 5095774 5097166 5108716 5110073 5112076 5114854 5125130 5129786 5131649 5133863 5138847 5141764 5143125 5145369 5146353 5153378 5154417 5155627 5157512 5163683 5170417 5176989 5178285 5179864 5185914 5192827 5204150 5207709 5215755 5217473 5219046 5220985 5222586 5224189 5225657 5227447 5228793 5231247 5233555 5236255 5239042 5240851 5250064 5258446 5261398 5264721 5280123 5286067 5293357 5296087 5298071 5300710 5302545 5304364 5307220 5315566 5317246 5321213 5323430 5325837 5326912 5328603 5334744 5339193 5346671 5348850 5351539 5354723 5356408 5359174 5360599 5375121 5382592 5390437 5393099 5402036 5402785 5411289 5413254 5421421 5431384 5433129 5435073 5437527 5438773 5441258 5444381 5454151 5473280 5480366 5495946 5500086 5516322 5520051 5521607 5524856 5527453 5536076 5539508 5547718 5548646 5551137 5553025 5554388 5560715 5563415 5572733 5580256 5581654 5582830 5584490 5588441 5593172 5598175 5603882 5607633 5613729 5618628 5619675 5620373 5621422 5626795 5628956 5632129 5633219 5634656 5636591 5645474 5647267 5650354 5653776 5654908 5660602 5662201 5663550 5669660 5679453 5680868 5682946 5686833 5688700 5690199 5691565 5697480 5708591 5711572 5712539 5715973 5717519 5725973 5729234 5730262 5737201 5739724 5742046 5744219 5749406 5752858 5754968 5762467 5773927 5776768 5792716 5794841 5796596 5799402 5803804 5807426 5811367 5816057 5817927 5829308 5833939 5836083 5837300 5840320 5842176 5843985 5849190 5849851 5851874 5860651 5861828 5864737 5868594 5871659 5880978 5882958 5885483 5892444 5895381 5896992 5899780 5901744 5902892 5905298 5906257 5908304 5914988 5920613 5922053 5929561 5933687 5936883 5937909 5941943 5943399 5951933 5953056 5954010 5964364 5968513 5977361 5979252 5981399 5993608 5997100 5998328 6000858 6004090 6006457 6007584 6010177 6011598 6013975 6015981 6016733 6018688 6022352 6023177 6025160 6028004 6039015 6044477 6049820 6052619 6053347 6056872 6058390 6063970 6065893 6067584 6072288 6076323 6082920 6085320 6088565 6092177 6094394 6095905 6099749 6105436 6108333 6112284 6121236 6122803 6124118 6128567 6129892 6134645 6139242 6141111 6142528 6145218 6146294 6149807 6165310 6172754 6174939 6182317 6183044 6183894 6187336 6191014 6197619 6200325 6209089 6213154 6215674 6218243 6224413 6226839 6229506 6232756 6234532 6242074 6250668 6262239 6264566 6266253 6277933 6282573 6290555 6291800 6295421 6297479 6298993 6302260 6304611 6309049 6310385 6316450 6317872 6322616 6330039 6337665 6341205 6342904 6344685 6348099 6348878 6354785 6358949 6360245 6362674 6365017 6366887 6372710 6376436 6379324 6381718 6385647 6391234 6396966 6398839 6400352 6404629 6409713 6416024 6422761 6427180 6430832 6432197 6443648 6444893 6448244 6449982 6452709 6466025 6471484 6472971 6473884 6478975 6484402 6485183 6488228 6490956 6495599 6503708 6507319 6508621 6511189 6513811 6514766 6516418 6518625 6521888 6523789 6532014 6540797 6545484 6552476 6563819 6564916 6567611 6574089 6576049 6589059 6593485 6599724 6603132 6608580 6622904 6628133 6633080 6636335 6638863 6645125 6648113 6654737 6659528 6662342 6663874 6665233 6669624 6674968 6682740 6686198 6691925 6692935 6693948 6698731 6701989 6710891 6715283 6723211 6735893 6737655 6740282 6742836 6745428 6746472 6754410 6761081 6762759 6764512 6766471 6768174 6770054 6771055 6776612 6780525 6781386 6784663 6788515 6792820 6802051 6806851 6808601 6811087 6812586 6814157 6820151 6821968 6827906 6832571 6838839 6844566 6850545 6855025 6865143 6871185 6873776 6880967 6883496 6890742 6893963 6897768 6899654 6902135 6904058 6905083 6909045 6911362 6915075 6916443 6919862 6920500 6924314 6925791 6931813 6935136 6937810 6946745 6953662 6958020 6963163 6964756 6967793 6971696 6973049 6976338 6980051 6982013 6994315 6996143 7000620 7005154 7010769 7014067 7018007 7026566 7029362 7033535 7035586 7038453 7039948 7044057 7047220 7052114 7053367 7056848 7058797 7059489 7060629 7062195 7066487 7069597 7074684 7078456 7080755 7083843 7085005 7088834 7092079 7094994 7122378 7127020 7129430 7134997 7139113 7147185 7150947 7158058 7162601 7163865 7169372 7178258 7182203 7185262 7194088 7198403 7204114 7206734 7210527 7215240 7218454 7220897 7222719 7226130 7228445 7230121 7234512 7240795 7244424 7246808 7251173 7252560 7259138 7260068 7260917 7266636 7268197 7269348 7274289 7276672 7277336 7279570 7287353 7292890 7298907 7300984 7303736 7308404 7321675 7332702 7344085 7347047 7348169 7351821 7354262 7355326 7356734 7359674 7363262 7364647 7365253 7367129 7369844 7371518 7376539 7378994 7383040 7391076 7392178 7402604 7403910 7409600 7410799 7415833 7421007 7421983 7424633 7435007 7447472 7451100 7453104 7454485 7465255 7471715 7472720 7478990 7484839 7488987 7492316 7496691 7506650 7508335 7511281 7514392 7521271 7524225 7529205 7530805 7533014 7535205 7538789 7542323 7543667 7544329 7552157 7553983 7555235 7573086 7575946 7581380 7583558 7588459 7589711 7598834 7611049 7619477 7623199 7631905 7638498 7653709 7658084 7662756 7668164 7669273 7673067 7676036 7679238 7680111 7684432 7685852 7687400 7689103 7691640 7692911 7695047 7700573 7706016 7707113 7715963 7719032 7719831 7721069 7733595 7735763 7740749 7743477 7746371 7749761 7758224 7760790 7764583 7770133 7771551 7773562 7775285 7776453 7782554 7789733 7797474 7800147 7801824 7804261 7805513 7810465 7814064 7815894 7817589 7822674 7825395 7826672 7844494 7845458 7847724 7849385 7858264 7859944 7861814 7865009 7870294 7875591 7879040 7880941 7883650 7885284 7887089 7890770 7901570 7904012 7905465 7912167 7916271 7917380 7918759 7924604 7925294 7926466 7928395 7932683 7934241 7938402 7944458 7946995 7948490 7952798 7954413 7959288 7963518 7967046 7968486 7971537 7973445 7978349 7981548 7985201 7986384 7990532 7994518 7997167 8004108 8005804 8007088 8010956 8023650 8027346 8030992 8031608 8035028 8042789 8049438 8051465 8053632 8058213 8061076 8065935 8069786 8071065 8073298 8076508 8085158 8088650 8090619 8094877 8101590 8103323 8113543 8124842 8126991 8140277 8147020 8149532 8158900 8164452 8167809 8169977 8171056 8173804 8177642 8181228 8182624 8184757 8187201 8191779 8195212 8206733 8217050 8220839 8225807 8232484 8239420 8243908 8251046 8254671 8258392 8262074 8263892 8274895 8280981 8283666 8285784 8288252 8296296 8305739 8306927 8310298 8317514 8328411 8334483 8335250 8342711 8348000 8354780 8359023 8361689 8368476 8370513 8383980 8386824 8391771 8394904 8396273 8401238 8411342 8416830 8418829 8421146 8422781 8424684 8431539 8443785 8459242 8472026 8479741 8481950 8485081 8487125 8488445 8491861 8494795 8498793 8502535 8504025 8506108 8508731 8511818 8512917 8515670 8516865 8518561 8519969 8521633 8529838 8531142 8534343 8535531 8545966 8554610 8559870 8561300 8575704 8578683 8584623 8586428 8589100 8591913 8594863 8600882 8605056 8608445 8609434 8613639 8616842 8620384 8623895 8627740 8639929 8642390 8643855 8647883 8652280 8654152 8655307 8656738 8660808 8669005 8670305 8672765 8674028 8677418 8679655 8680414 8683025 8683948 8689499 8691598 8705343 8706909 8708587 8710524 8729142 8730998 8734104 8736702 8737673 8740737 8745914 8749947 8753404 8760084 8777128 8781560 8785964 8787103 8789677 8794615 8796113 8797462 8799860 8803604 8807825 8809435 8812976 8817249 8820128 8821442 8823187 8827946 8831632 8835284 8840068 8843020 8850070 8854862 8856475 8868623 8869874 8871148 8878786 8882428 8883551 8886008 8888518 8895386 8899495 8904856 8908801 8909523 8916076 8920735 8923991 8928503 8931650 8936479 8937879 8938776 8945433 8956860 8964964 8970405 8973483 8975339 8984287 8986833 8987826 8992929 8994853 8998673 9003965 9005709 9010257 9014021 9016477 9024507 9032688 9044186 9048325 9056674 9058930 9060176 9062231 9063054 9067281 9071602 9076185 9080000 9084666 9086756 9087662 9092379 9093807 9096967 9106039 9113556 9119604 9126951 9130123 9132257 9135128 9136610 9144932 9146218 9148513 9153415 9154592 9159832 9164037 9166072 9170949 9172231 9177347 9178411 9185008 9197437 9205688 9206934 9214262 9226901 9231188 9242536 9243752 9249298 9257197 9262758 9264781 9265765 9277110 9280149 9283897 9289670 9291778 9304273 9308278 9309848 9313004 9321886 9326125 9327588 9336601 9338002 9343008 9348092 9351799 9355467 9366292 9374993 9384680 9387958 9400445 9401077 9403844 9408490 9414030 9416224 9418635 9420992 9421855 9424653 9427564 9430330 9433706 9435049 9440066 9445131 9450494 9451895 9464150 9469914 9475713 9477582 9478403 9480035 9491125 9497493 9499073 9501911 9502922 9508363 9518786 9521782 9523174 9543016 9547065 9551996 9553329 9559372 9572056 9580202 9583460 9585180 9595850 9596995 9599643 9604362 9608955 9610907 9621509 9627179 9631885 9634210 9635447 9640795 9645482 9646895 9651225 9652692 9656975 9659252 9662910 9666487 9669860 9672586 9675147 9677134 9680319 9687844 9691889 9693202 9696325 9698365 9704563 9708609 9710743 9713230 9718048 9720113 9722959 9725466 9730379 9733907 9739637 9741118 9744452 9747628 9759733 9762722 9768139 9785851 9786598 9789286 9791160 9796531 9798390 9800085 9802397 9807624 9808917 9812795 9814325 9817958 9819647 9822890 9835777 9840621 9843935 9851478 9854953 9857166 9864695 9867026 9871863 9874024 9875857 9878886 9880963 9882117 9885105 9888763 9896651 9898729 9900048 9903081 9903691 9910100 9912067 9915881 9917765 9925051 9927008 9928524 9929782 9934739 9936586 9938568 9939390 9941839 9944468 9947890 9950710 9952712 9961477 9964943 9965906 9974192 9977154 9978769 9992030 9996892 
</Matrix>
<Matrix name="Neuron_617" type="complete" rows="1" columns="4744" multiplier="1.0">
   1294 3812 4945 6335 9635 10933 11973 13326 17635 19535 20230 23068 23788 25778 27045 28510 31199 32535 33848 36416 38743 40030 45937 48036 49668 52443 53162 54179 55512 58136 59494 62324 64024 65160 70433 72309 75908 77480 78866 80228 83252 84269 85892 92339 93538 95618 96986 99183 104836 106791 108431 109790 112196 114413 116494 117784 119300 120908 121776 127076 128510 129616 132383 133613 135500 136749 138971 140486 141797 144078 145180 146577 148401 151941 155340 159709 161014 163710 165406 166340 167289 169307 171659 173364 176496 177675 181754 182477 184559 186967 188330 190267 191340 191956 192930 194345 196719 198798 200796 201564 205644 206567 207645 208954 211487 213649 214609 215568 217251 218169 219233 220080 221170 222228 223094 224245 225716 227690 231345 233967 235266 236240 243999 245206 246729 249361 251251 254524 256078 257075 259172 260642 261407 262807 264783 266264 267841 271251 274260 275550 277360 278363 279590 280640 282423 284515 288497 289669 292510 294571 296091 296765 299623 301414 302338 304126 305153 308001 309095 310354 311715 312746 314515 317043 319425 320545 324793 327671 330484 332753 334925 336677 337595 339277 340805 343549 345284 348831 351084 354991 356579 358139 359820 361064 364599 365608 367110 368529 370006 370894 372472 374308 375646 377735 379476 381434 382334 385887 388843 389903 391362 392967 394846 397127 397877 399488 400465 402037 404216 405405 409030 410190 414949 416258 417572 418920 421526 422686 424236 425051 425884 427758 430841 432953 434024 434990 435539 437368 438241 442685 446442 447123 449249 450364 451330 452279 454271 456453 458406 460290 461689 463602 465017 467149 469128 470105 470947 474671 476477 481773 483115 485126 485889 489137 490632 492095 493290 497678 500098 502083 507230 508267 510631 512295 514290 515415 518870 519948 523023 524952 526977 528765 530560 531887 533382 536972 539704 544805 545929 547845 555204 556976 558362 559281 560102 561423 562428 565039 568396 569121 570986 572239 574027 576287 580812 584376 585473 586834 587782 589659 591440 594713 597544 599559 600572 605462 606188 607323 609476 610314 611016 612134 614445 615555 616609 619331 620394 621034 622848 623878 625126 628000 630346 631712 633291 638133 640030 641270 642069 644027 646480 649627 652486 653267 654590 655426 656758 659798 661623 664006 665287 666284 668815 669859 670912 671639 674578 676261 677476 680786 682151 683559 685018 685727 691691 693484 694602 695586 697849 699518 703618 705364 706838 708824 713153 715329 716441 718330 719388 721537 722235 727454 731072 735601 736598 737719 741220 742207 743376 744781 746761 750878 754357 755313 757147 758621 764007 766185 767445 771791 780920 782951 785774 787807 788985 790609 792683 794076 795238 796564 798161 799470 800385 801564 804837 807152 808875 811325 813085 816212 817950 818925 819958 823878 824751 826290 828782 832628 835413 836450 837675 839941 841224 842335 843484 845211 846458 847375 848982 850601 851569 852913 854000 855438 857466 861013 864535 866138 867419 868864 870654 872780 874435 875283 876820 881136 881714 883678 886817 891128 895062 897779 898667 900773 902268 903989 906116 906960 908896 912203 915380 916819 920041 921627 922898 924514 928168 930753 932814 940554 942152 944043 945201 948321 950015 954438 956353 957647 959299 960010 965093 967147 968430 973509 974299 975357 980595 981500 983572 986100 988717 990180 990971 992767 995509 997023 998714 1000089 1002716 1005335 1009072 1010979 1012175 1013352 1014878 1016299 1017910 1021112 1021986 1022880 1023918 1026536 1028204 1030020 1031901 1032518 1033601 1035078 1036443 1037770 1039407 1042543 1043373 1044867 1046104 1048931 1051377 1056060 1057812 1059034 1060951 1063125 1064366 1066348 1067407 1071072 1073161 1079167 1081269 1084644 1086756 1088772 1091075 1094124 1096512 1097767 1106278 1107423 1109475 1111137 1112738 1113638 1116953 1118690 1121240 1123220 1125127 1127272 1130164 1131704 1134594 1137477 1139988 1140588 1142025 1143289 1144901 1147572 1148560 1149637 1150540 1154441 1156973 1158712 1160183 1161657 1162948 1164901 1166213 1171471 1172319 1173916 1175604 1179157 1180364 1181845 1185170 1186878 1192732 1194042 1195945 1198198 1200639 1202252 1203006 1204736 1206283 1208848 1210743 1211602 1212473 1214466 1216452 1218184 1219488 1220669 1222658 1224374 1226112 1227351 1230521 1232875 1234280 1235109 1236441 1237334 1240557 1243050 1248232 1249779 1253928 1254605 1257221 1259271 1260537 1262851 1264238 1266112 1267240 1271629 1273560 1274896 1276801 1279121 1279813 1280706 1284608 1287024 1295407 1297766 1300988 1303382 1305061 1306843 1308030 1311268 1312186 1314994 1316877 1318367 1319103 1320655 1321930 1323767 1329838 1330795 1333214 1334439 1335786 1336727 1337622 1344001 1346067 1347333 1348016 1350605 1351905 1355350 1356409 1357582 1358850 1363059 1367340 1372510 1375601 1377311 1378159 1379706 1381007 1383331 1384997 1387026 1390453 1391233 1392768 1397844 1398449 1399569 1401423 1406195 1408817 1409671 1412142 1413313 1414057 1415525 1420994 1422872 1424751 1426414 1427703 1428401 1430009 1431167 1436386 1438653 1439696 1441995 1443917 1446817 1447860 1450074 1451656 1453967 1456509 1458739 1460626 1461471 1462547 1463744 1466469 1467651 1469470 1472529 1473310 1475240 1477474 1478391 1480359 1482177 1483594 1486444 1488030 1489223 1490955 1491892 1494000 1495600 1497313 1499489 1501820 1505115 1505878 1509335 1510441 1511435 1513217 1515393 1516454 1519370 1520671 1525455 1527112 1528172 1529711 1534916 1537235 1541948 1543424 1544859 1546949 1548493 1550836 1552068 1556797 1557668 1559052 1561883 1563061 1564061 1565945 1567933 1570948 1574339 1575267 1577725 1580425 1581253 1582456 1583526 1585349 1589154 1590960 1591685 1593734 1594859 1595960 1598684 1603315 1604889 1605691 1608912 1610366 1611924 1614196 1615884 1617756 1619199 1620781 1622111 1622780 1623991 1626021 1630146 1632209 1633344 1636806 1638504 1642472 1647188 1649142 1651703 1656574 1657642 1658647 1660244 1661514 1662963 1664963 1666294 1668897 1670881 1672409 1676085 1677465 1678994 1679891 1681619 1686318 1690233 1692657 1695116 1701319 1702803 1705245 1708477 1709737 1711445 1712840 1715167 1716552 1717335 1720734 1722788 1723884 1725449 1727089 1729562 1730614 1732136 1733746 1737078 1740418 1747392 1749139 1750946 1751936 1757046 1758743 1761452 1763274 1765718 1767571 1768750 1771301 1774900 1777515 1778206 1782139 1784193 1785636 1786588 1789165 1792734 1794664 1796978 1799618 1800481 1802001 1803037 1805565 1806271 1808427 1809576 1815579 1817671 1819178 1821607 1822267 1823035 1824522 1825513 1827140 1829748 1831978 1832636 1835037 1839008 1840507 1843937 1849543 1853144 1855613 1857977 1861661 1862561 1863962 1867136 1868463 1869906 1870964 1874437 1875597 1876547 1877850 1879325 1880157 1880990 1886561 1887729 1890002 1892091 1894107 1896738 1898614 1900743 1902448 1904744 1906280 1907718 1908821 1911714 1916236 1917117 1919714 1921729 1922622 1923936 1924934 1926281 1927471 1928438 1930108 1931839 1934888 1939473 1940754 1942932 1944157 1946029 1947437 1951927 1953206 1954968 1957740 1959479 1960182 1962057 1963973 1967523 1968918 1970105 1970995 1972666 1973779 1974775 1976190 1978400 1979488 1980736 1981775 1984663 1985726 1987502 1990003 1991681 1993704 1994615 1996057 1998065 1999611 2001229 2002962 2005440 2008306 2009936 2010799 2011415 2013156 2013751 2014884 2016007 2016780 2018850 2019724 2020531 2023184 2025654 2026938 2027822 2028719 2030655 2031990 2034509 2037166 2040064 2041969 2044066 2045734 2047406 2049260 2053882 2054584 2057009 2059052 2062152 2065161 2066901 2068831 2071538 2072396 2075174 2078862 2080849 2084368 2086250 2087415 2088009 2088742 2090667 2095363 2096767 2097789 2099800 2101676 2102821 2104259 2104996 2108400 2110165 2111347 2115022 2116785 2118924 2120434 2122036 2128810 2130665 2131327 2132849 2134203 2135887 2140975 2142246 2145909 2147000 2149934 2151825 2152680 2154498 2157227 2158883 2160164 2162905 2163919 2164961 2168649 2170229 2171746 2173077 2173931 2175541 2176869 2178108 2179921 2181792 2183079 2185592 2186331 2193457 2194949 2198331 2199513 2201002 2204012 2204712 2206530 2207829 2209274 2211554 2213783 2214482 2217999 2220083 2222356 2223702 2225413 2227079 2228577 2229690 2231229 2234269 2234933 2236625 2240053 2243416 2246110 2250001 2251226 2252985 2256100 2258295 2259174 2262479 2263716 2265177 2266501 2269852 2271015 2272766 2274813 2276204 2278218 2280925 2282416 2284539 2285658 2286952 2290439 2291354 2292768 2294278 2295582 2297126 2299296 2302271 2305723 2306815 2308577 2310081 2310759 2313072 2314857 2316492 2317085 2318722 2320780 2321856 2325859 2327297 2328730 2330409 2332409 2334817 2338190 2339906 2341182 2342499 2346569 2348247 2350480 2353740 2354928 2356925 2359530 2360876 2362766 2363371 2364642 2368071 2371866 2377907 2379803 2388636 2389721 2392760 2396338 2397303 2398367 2401553 2404901 2405565 2406913 2410815 2413046 2415520 2416584 2420859 2421819 2424956 2425917 2428530 2430617 2433158 2434032 2438770 2441828 2443455 2444972 2445857 2447235 2449099 2450663 2452241 2453197 2457288 2458669 2462996 2465857 2469834 2473039 2475407 2476218 2482724 2484568 2487124 2491225 2492127 2493720 2495708 2496972 2500418 2502942 2505270 2509878 2512518 2513981 2516144 2518067 2519859 2521012 2522666 2526212 2529365 2531360 2536011 2539299 2541084 2543557 2544394 2545541 2546882 2548752 2551741 2553368 2555548 2557430 2558261 2559936 2564864 2566074 2567474 2570740 2572565 2575898 2577555 2578598 2584946 2586402 2587460 2589612 2591290 2594951 2597429 2598788 2599763 2601348 2602889 2604565 2606244 2608109 2619205 2619950 2621057 2624514 2625516 2628404 2635432 2636331 2637583 2638612 2642300 2644013 2645731 2646622 2648162 2649013 2650997 2654507 2655858 2657922 2659958 2660886 2662231 2663617 2664843 2666033 2666848 2668213 2670513 2671650 2673026 2676212 2676969 2678420 2679810 2681433 2682808 2684513 2687354 2691410 2693269 2694758 2698674 2700306 2701046 2704677 2707670 2711039 2713478 2715951 2717576 2720210 2722676 2724296 2725265 2728050 2733681 2735520 2736904 2738459 2740642 2742234 2743967 2745366 2746774 2747911 2750117 2752233 2754405 2755618 2756817 2758292 2760401 2764283 2765736 2766390 2767738 2772426 2775638 2778278 2780205 2781127 2782185 2784119 2785065 2791010 2793387 2795188 2796728 2798126 2799954 2801379 2805703 2808373 2809192 2811575 2813258 2815980 2820788 2822980 2824683 2825664 2826737 2828487 2829446 2830698 2832276 2836958 2839214 2840653 2846825 2848071 2849055 2851901 2856642 2857774 2859595 2862140 2867751 2869074 2871479 2872665 2873868 2880135 2882017 2882911 2885672 2886621 2887819 2889584 2893910 2894943 2898825 2902978 2904855 2908181 2909106 2911199 2912426 2913777 2915684 2918811 2922432 2923492 2925326 2928364 2930884 2932349 2933486 2934236 2935945 2937334 2938716 2942216 2943962 2948670 2951201 2952503 2954747 2958802 2960566 2962946 2964456 2965457 2966010 2967005 2969032 2969975 2971577 2973891 2975920 2977470 2980690 2982864 2985486 2987550 2989377 2990429 2992534 2993717 2994727 2996823 3001730 3003217 3009597 3012217 3021858 3022958 3024732 3028231 3029823 3030882 3036569 3038031 3038799 3041886 3043541 3044837 3047730 3049342 3051322 3058212 3063172 3063902 3068709 3069746 3072026 3073110 3077952 3080907 3081881 3085023 3086163 3089176 3090634 3095427 3097552 3098851 3100178 3101384 3105285 3106129 3108062 3111758 3112938 3114087 3120448 3121714 3123319 3124920 3126130 3126986 3128282 3134181 3137806 3142022 3143713 3144602 3145980 3147181 3148665 3152433 3153539 3154876 3157966 3162321 3164397 3167501 3170955 3171725 3172967 3180447 3181894 3185230 3188397 3190754 3197249 3201942 3202742 3204115 3208423 3210326 3211962 3213490 3215795 3217395 3218549 3219321 3222320 3227111 3228688 3230473 3231509 3235436 3236367 3237154 3238993 3240508 3241322 3243042 3247290 3251140 3252575 3256154 3257829 3259141 3261031 3262555 3268027 3269865 3271200 3272542 3275310 3276905 3278221 3279561 3280723 3284775 3285766 3286790 3289252 3290495 3291497 3293387 3297460 3298450 3299942 3301659 3302963 3304549 3305670 3307366 3309364 3311178 3320591 3321515 3322811 3323873 3325273 3327608 3329605 3331260 3332652 3334875 3339289 3343497 3345386 3351666 3353675 3354733 3356526 3357717 3360148 3361701 3363281 3365809 3367242 3369084 3373344 3375502 3377969 3379502 3381269 3383807 3391356 3393223 3395312 3397341 3398834 3399969 3401699 3403163 3405516 3407040 3407935 3409895 3410879 3413018 3421945 3423642 3427646 3429440 3431557 3434283 3436694 3437245 3438669 3442345 3446043 3447310 3448479 3450093 3451400 3452058 3454163 3456655 3458520 3459293 3460858 3464695 3467747 3472547 3478007 3479609 3484956 3488336 3489357 3490272 3491793 3493020 3497615 3498403 3500012 3504358 3504981 3506424 3509094 3510513 3513106 3514248 3515465 3519182 3521441 3522291 3523417 3524169 3525743 3527248 3529866 3531844 3533534 3537032 3540678 3545729 3546740 3550545 3553242 3554605 3559350 3560229 3565805 3566935 3568363 3569501 3570567 3572747 3574230 3575881 3577095 3578501 3580275 3583944 3587219 3588013 3592132 3594309 3595622 3596944 3597882 3603609 3604652 3607069 3611232 3613764 3614525 3616015 3618903 3619981 3620772 3624461 3626594 3628622 3629697 3631179 3632451 3634276 3635359 3636701 3639917 3641027 3645306 3646293 3647167 3648532 3650958 3651856 3653189 3654352 3655482 3659617 3662732 3664801 3668317 3670562 3671920 3675660 3677685 3679243 3682182 3683367 3684163 3684958 3691053 3694110 3695164 3696390 3698547 3700095 3701654 3702704 3703747 3704740 3705934 3707699 3709822 3710746 3711745 3712637 3713487 3714324 3715044 3717589 3719475 3725483 3727504 3729158 3731999 3735103 3738167 3743506 3744253 3745924 3747843 3750249 3752220 3756083 3757107 3758182 3759262 3760292 3765443 3766831 3767607 3769546 3770869 3771988 3773501 3775561 3776208 3778229 3779845 3781367 3784242 3785794 3788957 3790749 3794967 3796846 3806672 3807192 3810614 3813385 3814920 3819579 3821432 3823749 3825382 3826857 3829093 3829876 3831466 3834408 3836535 3838008 3839360 3842214 3843475 3846338 3847061 3848979 3850380 3852172 3853082 3855430 3858553 3860602 3862258 3863414 3864009 3864819 3866954 3867682 3869494 3870680 3872041 3875761 3877805 3881879 3882950 3886125 3886963 3888499 3889329 3890376 3891371 3892182 3893084 3894150 3896544 3897335 3899233 3901097 3906490 3908268 3910363 3911076 3911865 3913671 3914993 3916427 3919982 3925893 3926548 3927896 3929737 3935007 3938106 3939042 3939906 3945625 3946364 3947659 3951573 3952696 3954815 3961199 3965087 3966148 3967826 3968563 3970086 3972149 3973067 3974684 3975556 3977762 3980313 3981088 3982693 3984357 3989733 3991648 3992474 3995044 3996069 3997860 4000456 4002762 4004512 4006374 4009708 4010714 4011691 4014658 4015278 4019352 4020282 4021368 4023557 4026638 4028794 4029598 4032668 4034476 4035117 4036571 4038208 4041838 4043232 4045572 4047067 4050099 4051413 4054385 4055485 4057559 4059358 4060476 4063788 4067827 4069919 4072632 4073672 4074547 4078403 4080215 4085632 4093681 4096249 4097154 4098342 4099166 4099800 4100431 4101985 4103243 4107585 4108879 4111435 4113508 4115760 4116946 4119409 4120371 4121085 4122521 4124956 4126373 4130376 4131608 4135245 4136428 4137873 4140867 4144628 4148616 4150205 4151178 4152031 4153144 4154008 4155801 4157556 4163942 4167425 4168356 4170942 4174022 4175171 4176800 4178795 4180288 4182483 4183705 4185875 4189538 4192098 4193241 4194255 4197024 4199034 4201758 4203372 4206583 4208090 4209822 4210728 4213860 4215883 4217950 4221179 4222726 4225149 4226276 4229015 4230219 4232521 4234132 4236997 4238724 4239546 4240299 4241448 4243638 4246697 4248492 4249507 4250909 4251646 4252701 4256169 4257307 4258081 4262851 4265082 4265794 4267433 4268570 4270001 4272248 4276556 4278032 4279998 4281627 4284659 4287593 4288599 4290207 4291804 4294006 4294968 4296633 4297693 4300129 4301659 4302533 4306843 4308588 4317121 4318576 4321313 4323042 4325729 4329516 4331664 4334897 4337062 4339858 4341440 4342793 4344675 4347943 4349348 4351716 4353534 4354324 4356902 4358167 4359379 4360465 4364057 4366395 4367952 4370925 4373924 4374794 4375783 4379146 4380168 4381288 4383319 4385389 4388381 4390008 4394671 4395676 4397623 4399202 4400045 4401547 4403505 4405815 4408147 4408955 4410159 4412491 4417644 4419249 4420130 4420945 4422423 4423454 4424716 4426162 4430995 4434077 4436075 4437977 4441254 4442361 4444100 4449260 4450021 4453370 4455340 4456192 4457523 4458702 4462993 4464211 4465716 4467586 4470369 4471591 4475305 4476823 4477808 4478707 4480035 4481915 4485945 4487297 4489177 4490798 4492084 4493852 4495703 4498097 4501750 4502978 4505711 4507242 4511064 4512447 4513965 4517559 4518879 4520187 4522036 4524383 4525509 4526337 4528012 4528976 4531116 4532268 4534641 4536339 4538036 4543459 4547053 4549889 4551964 4553394 4555397 4558253 4559344 4561409 4563786 4565033 4566123 4567240 4568371 4569498 4570253 4571418 4573484 4575106 4576869 4579381 4581166 4583581 4586163 4587242 4588783 4589506 4591135 4593289 4594404 4595840 4597003 4600488 4601537 4602200 4603490 4605729 4607644 4609108 4610078 4611277 4613773 4615185 4616572 4617881 4619894 4622658 4624679 4629131 4630845 4632133 4633178 4635080 4636264 4639474 4641132 4642782 4646516 4648085 4649323 4650593 4655696 4657936 4659417 4661149 4661917 4663585 4667735 4669429 4670625 4676306 4680426 4682390 4683115 4685911 4687473 4689238 4690813 4695230 4696253 4698105 4699288 4700752 4702004 4703200 4704194 4705572 4707044 4708177 4712103 4713178 4716252 4718581 4720414 4724265 4726770 4728157 4730011 4730672 4731898 4732907 4733911 4734533 4735434 4736613 4737910 4739939 4741414 4742995 4744155 4745075 4748207 4750436 4751223 4752572 4755558 4757798 4760441 4764363 4765429 4768986 4773227 4774796 4775868 4776489 4778171 4779780 4780602 4781659 4786988 4788058 4790049 4792544 4793763 4794486 4796442 4798984 4802529 4803677 4804925 4805457 4807486 4811128 4813009 4814921 4816423 4817494 4819960 4822094 4826044 4827078 4828418 4832552 4834451 4835379 4837371 4838427 4839596 4842802 4843779 4844647 4847342 4850339 4851943 4856555 4859276 4860215 4861445 4862320 4864280 4865633 4866642 4868730 4870397 4873582 4874163 4875859 4878637 4879507 4886031 4886878 4893003 4893978 4900896 4904286 4905733 4907520 4910274 4912437 4914925 4917709 4918651 4919722 4921036 4922576 4927714 4929419 4930829 4931881 4936634 4938361 4941498 4946798 4948151 4948992 4950302 4954359 4955861 4957227 4958615 4962211 4965725 4969840 4971208 4979869 4981790 4983431 4984381 4985747 4987388 4990039 4992518 4994149 4995937 5000107 5001301 5004563 5006850 5008654 5013485 5014526 5018977 5021647 5022865 5025370 5027325 5032186 5033327 5034395 5036847 5037790 5039030 5040638 5042273 5042916 5044924 5048403 5049846 5051079 5051932 5053343 5057329 5059798 5062934 5064654 5066804 5069227 5070336 5073180 5075374 5076724 5078800 5079422 5081000 5084739 5086521 5087837 5088700 5090549 5091924 5093422 5095094 5100939 5102180 5104784 5106702 5107461 5108895 5110390 5111397 5116385 5117643 5119011 5119810 5127890 5128855 5131261 5132704 5133488 5134958 5138439 5141437 5144871 5147925 5152682 5153580 5155072 5157092 5159386 5160287 5161749 5163608 5164939 5170466 5174104 5175368 5177289 5178990 5181139 5182292 5184831 5186141 5191421 5192210 5193281 5197662 5200759 5202601 5206252 5208090 5212075 5218543 5223662 5225100 5227796 5230567 5232604 5233425 5239615 5241060 5244899 5245687 5247812 5249966 5252028 5259317 5265381 5266275 5267538 5268797 5271623 5272549 5274433 5277961 5280192 5284324 5285945 5289335 5294786 5296261 5297180 5298454 5304255 5307342 5309398 5311053 5317255 5318123 5321655 5325200 5326787 5328906 5329878 5331809 5333479 5335400 5336201 5337249 5343301 5344554 5345215 5346255 5347242 5350024 5355909 5358302 5361279 5362364 5367302 5369128 5370569 5371544 5373259 5374489 5377121 5378540 5380151 5383222 5384424 5385624 5387325 5389458 5390331 5393962 5394625 5397081 5398106 5400687 5403106 5404143 5405886 5407173 5409759 5411481 5413709 5416637 5417966 5419574 5422571 5423900 5425586 5427307 5428529 5431572 5432512 5436080 5437469 5438238 5439746 5446180 5447926 5449176 5451158 5454806 5456917 5457772 5459293 5463158 5466079 5467194 5469280 5472406 5476099 5479442 5480566 5482452 5483342 5484618 5486583 5487425 5488413 5490623 5493629 5498987 5500816 5502050 5506053 5507197 5508454 5510190 5510980 5513602 5514675 5515818 5519689 5523544 5526107 5526750 5528261 5532081 5533329 5535149 5536223 5537854 5539994 5542715 5544835 5547920 5550986 5552416 5554356 5555196 5556984 5559180 5561098 5563253 5565117 5568077 5569266 5573039 5574062 5575812 5577403 5584367 5588991 5591065 5592005 5593231 5594343 5596162 5599236 5601510 5602510 5605210 5607092 5609396 5611060 5612555 5616436 5623079 5626041 5628740 5629604 5631146 5634380 5637573 5638983 5641156 5642802 5643952 5647274 5649407 5652958 5657219 5660040 5660935 5662534 5664016 5667738 5669897 5671681 5673056 5674719 5676579 5679168 5681295 5681929 5683503 5686872 5688628 5689921 5692719 5693622 5695698 5697264 5698230 5703204 5706366 5707651 5710246 5711106 5713122 5714294 5715488 5717305 5718406 5720970 5725989 5727714 5728761 5729554 5730526 5732695 5734146 5735228 5737301 5738747 5743324 5744355 5746035 5748895 5750041 5751234 5752422 5753957 5756814 5760048 5762173 5765184 5767117 5768674 5770066 5772885 5774501 5775818 5779549 5780602 5782487 5785868 5790519 5791589 5794205 5796410 5797824 5801539 5802488 5804063 5805366 5807368 5808461 5810707 5811909 5813897 5815571 5817512 5818754 5822735 5823925 5824907 5826460 5828205 5831101 5831599 5833071 5834017 5842506 5843959 5845304 5846781 5850624 5852305 5853483 5854798 5856037 5856717 5859869 5860925 5862293 5863066 5866943 5868897 5869553 5870968 5873389 5875549 5876596 5877256 5880995 5882706 5885121 5887052 5890334 5899132 5902474 5905186 5906476 5908937 5909852 5910796 5916179 5918153 5920115 5922887 5925318 5926308 5930913 5932360 5933072 5933873 5936319 5937135 5938477 5940482 5942344 5944219 5948240 5949634 5951311 5952340 5953207 5954649 5956156 5960039 5962083 5963591 5967044 5968331 5970216 5973921 5974669 5975670 5981232 5982717 5984056 5985351 5986592 5988053 5990124 5990865 5992783 5994337 5997734 5998986 6000143 6001125 6002221 6004909 6006411 6007060 6008253 6009562 6013748 6018292 6019822 6022640 6023570 6024283 6026904 6028053 6029112 6030591 6031916 6033901 6034747 6036944 6038682 6040961 6044251 6045382 6048154 6050148 6051198 6052364 6054522 6057904 6060157 6063683 6066439 6068716 6070932 6071913 6073131 6075539 6076673 6078737 6081893 6084396 6085543 6087450 6089147 6092494 6097734 6098663 6099964 6104745 6105858 6108299 6109580 6110764 6111672 6113302 6114772 6115540 6119478 6120388 6126012 6126544 6127436 6132121 6132882 6134466 6136596 6140606 6142515 6143648 6144420 6147966 6149258 6156058 6158196 6160009 6162455 6165187 6166110 6167588 6168846 6175037 6176258 6179695 6182089 6184670 6187371 6192768 6198492 6201371 6202620 6204772 6207269 6208847 6210008 6211997 6213855 6217348 6218431 6219959 6222395 6224272 6226916 6228969 6231409 6232319 6235659 6238904 6241375 6242689 6243387 6245164 6246223 6248364 6250388 6251811 6254333 6260394 6262843 6268649 6271567 6275313 6278467 6279315 6283272 6285237 6286392 6287598 6291235 6292968 6294976 6297988 6300208 6301637 6303670 6304782 6307940 6309760 6311071 6313611 6315592 6317912 6323772 6325516 6329868 6330625 6331920 6338152 6341718 6343391 6345964 6347318 6348615 6349774 6351144 6354158 6356944 6358653 6360811 6362602 6363867 6367399 6370382 6372538 6375852 6376938 6378329 6379260 6381869 6383211 6388650 6390430 6396792 6398473 6400337 6402260 6405015 6409247 6414847 6417302 6418380 6422467 6424447 6427275 6429786 6431038 6432677 6434426 6437986 6440268 6443808 6446264 6447102 6448519 6450747 6452543 6453613 6454252 6455036 6456352 6457689 6459384 6460425 6461346 6466269 6468732 6469827 6472780 6475286 6477917 6481021 6484552 6485551 6486778 6487794 6490044 6491532 6492436 6493476 6497404 6498324 6499393 6504980 6506095 6507824 6510301 6511157 6511867 6513615 6515147 6516378 6520164 6521362 6522121 6524559 6528435 6532199 6533427 6535732 6539069 6540950 6543156 6544175 6546759 6548401 6549794 6550580 6552782 6554455 6555566 6558004 6559577 6562443 6563223 6565482 6566158 6567341 6570011 6572352 6573497 6574584 6576288 6578033 6580906 6581639 6582895 6585424 6589155 6593740 6595007 6596513 6597367 6600136 6604359 6606726 6613769 6614450 6615794 6617572 6622152 6624261 6625218 6627875 6633016 6636635 6637635 6638607 6639824 6642174 6644345 6645900 6649507 6650515 6651875 6653311 6657088 6659007 6662576 6664154 6665349 6666232 6672839 6673843 6677139 6680264 6681107 6686872 6688123 6690104 6692175 6700391 6702105 6703889 6705432 6706687 6708925 6711068 6713450 6714953 6716389 6718093 6720451 6722202 6723679 6726831 6727546 6730555 6733158 6733914 6737915 6742386 6745794 6747379 6748931 6749742 6752720 6755784 6761543 6762649 6764532 6766000 6768029 6769825 6772152 6773525 6775183 6776254 6777762 6779085 6784910 6787936 6789442 6791058 6793610 6794448 6795645 6796923 6797895 6799335 6802222 6803470 6806691 6808832 6816086 6820695 6821797 6824837 6826702 6828125 6830008 6831924 6832728 6833460 6834812 6835547 6837885 6841545 6842338 6843665 6845077 6847459 6849098 6858475 6860538 6861909 6864388 6868876 6869702 6871451 6872334 6873717 6886216 6888067 6889657 6892350 6897289 6899491 6900561 6903192 6904381 6906255 6908121 6912274 6914902 6917576 6919124 6920407 6921808 6924301 6928196 6929967 6930881 6933543 6935143 6936026 6937770 6940025 6940911 6944721 6946307 6947876 6953817 6955281 6956857 6960642 6962419 6965948 6966757 6968192 6970078 6971252 6973293 6974321 6976149 6978503 6979712 6982584 6983329 6986351 6989142 6991142 6993184 6996646 6998416 6999646 7001466 7004064 7006499 7007153 7010285 7012180 7014502 7016861 7018229 7020938 7022715 7023606 7024798 7026157 7027043 7028014 7030062 7031525 7034049 7035753 7036497 7038514 7041281 7042282 7047789 7050987 7053499 7055117 7057336 7061269 7063255 7064820 7066140 7068473 7069870 7071295 7075584 7078361 7078977 7079927 7081733 7083024 7084018 7085614 7089402 7092001 7093778 7095995 7096847 7097653 7098794 7100495 7101596 7103019 7105015 7106190 7106951 7109031 7110746 7111862 7113744 7116282 7117153 7118371 7119373 7120514 7121845 7126148 7127617 7129663 7132029 7133009 7134665 7137130 7138173 7139470 7140716 7142397 7144340 7147067 7148329 7152064 7152952 7153928 7156066 7157703 7160629 7164092 7165457 7168248 7169574 7170926 7176062 7178056 7180731 7182763 7184460 7187841 7191644 7192812 7196219 7197055 7198933 7199593 7200496 7201904 7204780 7205872 7206705 7208189 7209285 7211911 7214651 7216456 7219028 7221683 7223176 7225736 7227631 7229099 7231057 7233547 7234496 7238881 7242648 7244043 7246352 7247812 7249012 7250399 7251576 7252823 7253586 7256131 7258062 7259405 7260522 7266053 7267554 7268805 7271840 7272784 7274587 7278331 7280228 7281160 7282497 7288960 7290758 7292680 7294973 7296016 7297364 7298965 7302760 7306037 7308594 7310008 7311938 7312751 7313861 7316102 7318725 7321224 7321945 7327216 7332016 7333242 7335865 7337665 7339991 7341983 7343435 7344424 7348376 7349466 7351462 7352555 7353518 7355595 7357566 7358911 7360614 7363301 7365418 7368604 7371129 7378448 7379952 7381275 7384638 7386841 7392859 7394506 7397699 7399067 7401522 7402593 7404975 7408308 7412222 7414087 7415078 7416108 7421205 7422258 7426544 7430650 7431319 7432450 7433471 7438502 7439332 7440011 7441940 7446606 7449594 7450290 7451334 7454631 7456833 7460392 7462802 7463542 7469173 7469917 7470987 7473532 7474259 7477302 7479642 7481820 7483506 7484462 7487070 7488754 7490056 7492895 7496289 7498468 7501069 7502622 7504041 7505862 7508655 7510350 7512306 7513769 7519892 7521393 7522684 7524079 7525528 7530316 7531754 7532826 7535603 7536386 7538371 7541042 7543531 7546314 7549371 7551278 7552513 7566199 7567031 7570522 7572329 7574698 7575831 7576996 7579577 7581078 7584446 7587560 7589010 7589971 7591232 7592506 7597561 7600886 7602220 7607304 7608266 7612566 7614218 7617874 7618969 7620914 7623199 7624293 7624984 7628010 7630365 7631529 7632190 7634592 7636727 7638034 7642136 7643761 7644726 7647863 7648743 7650076 7651426 7653949 7654997 7655654 7657490 7661019 7664945 7666376 7668895 7669728 7671435 7673670 7675430 7676955 7679841 7682016 7683293 7685181 7686374 7688378 7689039 7691347 7692951 7695440 7699462 7700173 7701182 7702185 7703454 7704783 7709229 7710063 7710924 7714237 7715860 7717447 7719284 7720714 7724740 7727815 7730515 7732289 7733613 7735393 7738365 7739715 7740659 7742664 7745837 7747507 7748418 7750097 7754398 7756100 7762762 7764963 7765892 7769410 7780744 7785311 7791542 7794971 7796495 7800270 7801693 7802766 7805469 7808606 7809480 7812597 7814637 7816580 7817664 7820448 7822537 7825277 7826079 7827165 7829844 7831816 7833098 7835426 7838499 7840349 7842657 7843475 7845161 7850056 7851707 7853621 7855258 7856726 7858709 7859928 7862185 7866533 7868193 7869525 7870774 7871677 7873347 7874487 7876062 7880992 7881722 7883382 7885058 7886506 7888075 7890456 7891897 7893305 7895570 7897158 7897967 7898992 7902786 7905718 7907020 7909073 7911084 7915905 7918088 7922160 7923046 7924033 7929003 7930841 7934476 7936546 7937662 7940312 7942869 7943686 7946860 7948147 7950256 7954383 7955571 7957707 7958961 7960737 7962942 7967988 7969486 7974241 7980159 7982183 7983848 7987612 7989335 7990433 7991939 7992480 7993692 7995182 7999380 8001747 8003910 8005001 8007093 8008014 8009481 8011381 8013967 8015463 8016453 8017840 8019837 8020974 8022777 8025033 8026269 8028213 8029847 8033287 8035026 8036377 8037849 8038975 8040380 8041204 8044621 8047581 8049253 8052248 8053334 8054306 8061202 8062377 8063254 8064207 8065411 8067380 8068674 8073210 8075700 8078689 8079590 8081089 8081925 8083809 8084731 8086355 8087987 8088737 8090295 8091517 8092662 8093958 8095033 8096862 8097565 8098912 8101294 8102453 8104307 8106781 8108368 8109951 8110892 8113890 8115909 8117358 8118190 8119952 8120882 8121895 8125073 8126842 8129847 8132265 8134991 8139823 8140963 8142818 8147010 8149481 8150875 8152920 8154127 8157932 8159036 8161924 8162626 8166293 8167703 8171317 8174241 8176437 8177560 8180991 8183271 8184059 8184707 8192520 8194347 8197317 8199080 8200591 8202621 8205577 8207525 8210413 8211502 8213363 8214796 8216025 8218726 8220922 8224503 8225686 8227114 8229625 8233354 8234655 8239448 8241157 8247394 8249089 8250245 8250869 8254991 8257949 8262741 8266045 8267927 8269642 8270904 8272730 8274154 8276688 8278222 8280109 8281014 8282985 8284730 8288716 8289988 8291596 8293500 8294270 8296750 8297826 8300889 8302084 8306342 8308576 8310994 8312067 8313818 8314656 8317139 8318210 8319224 8322472 8324549 8327514 8330111 8330817 8333000 8334652 8337619 8339440 8340748 8345187 8348401 8349734 8350439 8352168 8353250 8354605 8357500 8359026 8361982 8365633 8367421 8369268 8370253 8375284 8378054 8379502 8380323 8387525 8388101 8389557 8390624 8394497 8395443 8399183 8400087 8402906 8403883 8407912 8411260 8413410 8414490 8417884 8419136 8422615 8424260 8425188 8426111 8427786 8431211 8432307 8433890 8434770 8436910 8440668 8442291 8445490 8447702 8450197 8452913 8456508 8458099 8460759 8462126 8463447 8464308 8465121 8468408 8471050 8474286 8477309 8478865 8481384 8483277 8484753 8485565 8486707 8487588 8488529 8494740 8495880 8497537 8499072 8500210 8501129 8502175 8504465 8505525 8506959 8508209 8510334 8513839 8516125 8517838 8520305 8522004 8523919 8524946 8526146 8527574 8528899 8531909 8532846 8533957 8535221 8537820 8540696 8541575 8543013 8544931 8550247 8551393 8552397 8554172 8557152 8559025 8560571 8562341 8565465 8571953 8572924 8573843 8576266 8578079 8580638 8582233 8583138 8584005 8586132 8589924 8593602 8594266 8596301 8597773 8599171 8602882 8604040 8604896 8607772 8609767 8614584 8615549 8617605 8620587 8621836 8623438 8625615 8627424 8628559 8629607 8630811 8632337 8635554 8636630 8642491 8644379 8648542 8650719 8651966 8653074 8654801 8657254 8663094 8664393 8666218 8667399 8668404 8669878 8671918 8673298 8674501 8675511 8677531 8678709 8680092 8681209 8682700 8684916 8685541 8688466 8689748 8691154 8692320 8697067 8701621 8703248 8705405 8706222 8707082 8708528 8709791 8712021 8713690 8715746 8718312 8719414 8721086 8722698 8723835 8726421 8729601 8730511 8731526 8733569 8734489 8735634 8736646 8739486 8745207 8745981 8747344 8748559 8753576 8756268 8758448 8760842 8762006 8763431 8764352 8766855 8769280 8771126 8774498 8776089 8777180 8779181 8780044 8784410 8792156 8795420 8796262 8796957 8798003 8798664 8801696 8807232 8807922 8809856 8818818 8822861 8824593 8825495 8826521 8828204 8830184 8830911 8832121 8832966 8834608 8836511 8837757 8839450 8840764 8841986 8843621 8844885 8845773 8849224 8851558 8853009 8855276 8856724 8860637 8862302 8863990 8864956 8866775 8868272 8869576 8871801 8875133 8877221 8878448 8879634 8880718 8883398 8885127 8885873 8888113 8890790 8891811 8892919 8894750 8895493 8896658 8902368 8903954 8905031 8907750 8911663 8913139 8914283 8917780 8918937 8921514 8926355 8928233 8929900 8933379 8935491 8937581 8938359 8939892 8940706 8943177 8944972 8946629 8947268 8950330 8952632 8953892 8957042 8963043 8965749 8968323 8969373 8971385 8972482 8976150 8976987 8980682 8981682 8983696 8986401 8987574 8989273 8991290 8992238 8993119 8995358 8997064 8998542 8999934 9000625 9001937 9003241 9004197 9006165 9007730 9009275 9010518 9011922 9013323 9014175 9015858 9018904 9019637 9020959 9021938 9023770 9025183 9026593 9027604 9030351 9031512 9032744 9037908 9039099 9040276 9041801 9042857 9043696 9045127 9046086 9047039 9048799 9050531 9052467 9053650 9054875 9058679 9060826 9063166 9064151 9066905 9067765 9068920 9070540 9073586 9074407 9076104 9077476 9078812 9080865 9084678 9086423 9088466 9090316 9092649 9093675 9094453 9097403 9101528 9103084 9105157 9106279 9108097 9109309 9110528 9112132 9114152 9115323 9117472 9124196 9124865 9127450 9130847 9132494 9133763 9136224 9139114 9139756 9141158 9143193 9144489 9145516 9146273 9149532 9150947 9153472 9155694 9156483 9157781 9160966 9162796 9166463 9167325 9169168 9174158 9175562 9178214 9180067 9182584 9186753 9187883 9190936 9192293 9194776 9195569 9197295 9199733 9201769 9202828 9204527 9209497 9210339 9211398 9212224 9213571 9214973 9217031 9220041 9221214 9222084 9225408 9226377 9227573 9228835 9234011 9236357 9238067 9240043 9241121 9242535 9243364 9245099 9248707 9249613 9251797 9252548 9254382 9255971 9257180 9261845 9263325 9265621 9266952 9267760 9268983 9270943 9272811 9274560 9276952 9279331 9281304 9282287 9283908 9285808 9286377 9288129 9289100 9292677 9293611 9297137 9300988 9302736 9306400 9307520 9309338 9311546 9315643 9317008 9318092 9318918 9321488 9323137 9326697 9327764 9328890 9330622 9331833 9333031 9333974 9335683 9336307 9342040 9344064 9345100 9346769 9349399 9350979 9356410 9361579 9362796 9364445 9367068 9368267 9369526 9373289 9374825 9377902 9378952 9380223 9381293 9382265 9384205 9387414 9388434 9390103 9392578 9393596 9394515 9396267 9397380 9400929 9404307 9406283 9407523 9411886 9413280 9414719 9419923 9422081 9423838 9424839 9426416 9428322 9431483 9434973 9438765 9439996 9440775 9443082 9444925 9451155 9453283 9453972 9455819 9457090 9459596 9461159 9462423 9464253 9466042 9469505 9472527 9474160 9475521 9477495 9481346 9484850 9486447 9487352 9489692 9491306 9492248 9493873 9495497 9496935 9499143 9502969 9506715 9508656 9511693 9513169 9514164 9515778 9518994 9519903 9522010 9523428 9523977 9524987 9526162 9528544 9530374 9531180 9533547 9535461 9536470 9538118 9541170 9543101 9545127 9548084 9549551 9550882 9552331 9554706 9557866 9558721 9560039 9562007 9562883 9564463 9566915 9568628 9572265 9573521 9576904 9577996 9581101 9582541 9589356 9592300 9595513 9596862 9598106 9602153 9604825 9607159 9608739 9610299 9611910 9612893 9615140 9616782 9619575 9623788 9625187 9627787 9629070 9630940 9632811 9636779 9639430 9640944 9643103 9644438 9645929 9646825 9648602 9653119 9654345 9655879 9657598 9666353 9672491 9673406 9675274 9675967 9677281 9678367 9680955 9682104 9683278 9686602 9688934 9691184 9692690 9694241 9697361 9698929 9699985 9701136 9702767 9704016 9706886 9712103 9714680 9715787 9716518 9719632 9721014 9722724 9724632 9727293 9728808 9729995 9732933 9736080 9738458 9740304 9740914 9742060 9745219 9746233 9747060 9750877 9751903 9755049 9755985 9759418 9760598 9762317 9765744 9767192 9768524 9770949 9772673 9774145 9775225 9778821 9780032 9781845 9783622 9784971 9786642 9787868 9789475 9790560 9792481 9795266 9796563 9798580 9799893 9801868 9803197 9805317 9807578 9808991 9810718 9818379 9819327 9821007 9822781 9824731 9825704 9831055 9831832 9834288 9835322 9837297 9837935 9841629 9842618 9845019 9846410 9847662 9850653 9853560 9857349 9860132 9862925 9865157 9868380 9870551 9872078 9875413 9877780 9879553 9880462 9884666 9888281 9890514 9891702 9892797 9893793 9896024 9897564 9898635 9902703 9906750 9908816 9914696 9917178 9918299 9920169 9923688 9925410 9926431 9929740 9931685 9932615 9936445 9938710 9941332 9942254 9945817 9946528 9948635 9952825 9956164 9957518 9963856 9965466 9967214 9968607 9969638 9970448 9972936 9975639 9977824 9979848 9981584 9984186 9985323 9987869 9988630 9989725 9995086 9996691 9998839 
</Matrix>
<Matrix name="Neuron_627" type="complete" rows="1" columns="4981" multiplier="1.0">
   2197 3863 5045 6339 9948 11001 14100 16622 20581 21818 22757 28517 31751 32695 35361 36489 38198 39536 40718 45289 46493 49388 50816 52401 53831 55902 57031 57860 59104 61266 62044 67331 69236 71646 73124 74763 76887 77802 80549 81524 83196 88567 90440 91659 92714 94875 95590 99271 101458 103571 106853 108374 111555 113798 115153 116128 117401 122714 124958 125903 128967 129639 132433 135810 137369 138752 139817 141215 143243 146666 150004 152671 153843 157924 160736 162831 167211 168173 170349 171492 175503 177015 178064 181962 184117 186357 188414 189237 191056 192354 194346 196736 198507 199372 200495 201811 205952 210706 211784 212752 215651 217883 221967 222984 225278 226283 227667 229063 229792 232109 233433 234962 238216 240094 241876 244370 245514 246622 247889 249889 253878 255718 256386 257209 258482 262167 264205 265863 268097 271059 271831 275365 276324 277793 280278 282247 283305 284800 285840 287853 289104 290475 292122 293369 296179 297175 298579 300544 302540 305066 306666 307881 308656 310493 311899 314056 315025 315905 317266 318646 320020 324776 325653 327668 328320 332834 335600 336830 337573 338571 341375 345797 346575 348167 350716 352841 356343 358047 360329 363931 368221 369753 372751 374124 375532 377647 379855 384478 386904 388743 391236 391902 392939 394547 395918 398915 400834 402643 403926 405150 406215 410821 412431 414532 418207 419020 420107 421593 423060 423535 426444 427988 429018 431504 432246 435383 438070 440971 441800 443335 445174 446547 448513 449962 452495 453742 455193 458466 459670 463311 464539 467308 468506 469804 470813 473060 475905 476875 478086 478957 479874 481626 482719 483633 485131 485915 488756 489568 492057 493817 495076 497602 502074 502736 505582 506498 509461 512279 514892 515540 518795 519889 523163 524388 527784 528873 532341 533566 534694 536902 538426 540362 542017 542860 545675 548871 551113 553396 554615 555569 557562 559837 560790 562509 567508 571287 573578 575689 576855 578821 581532 583264 586407 590205 594771 595758 597982 598889 600517 601495 602725 605064 606890 608089 608984 610693 611702 615265 618315 619690 620557 621902 625931 626672 628901 630743 632640 633784 635533 640055 641271 642245 643323 645062 645653 647074 650546 653020 656821 659112 661541 662626 663389 664186 666152 667972 669853 671582 672761 674360 675453 676700 679428 683414 684478 686136 687051 689452 690842 695240 696693 701079 703667 706679 708157 709361 710899 712509 713876 714924 716177 717595 718837 720340 721067 722631 724018 726142 727930 729584 731876 733697 735354 736351 739971 745106 745781 749602 752722 754525 755547 758874 760253 760992 764384 765881 768081 770577 771562 775151 776477 777539 779829 781032 782759 783717 788035 788766 790677 793206 794628 796384 799881 801282 802892 806159 809892 810998 813506 818049 818748 821435 822751 826416 828441 829902 831541 832577 834975 836946 838513 839574 840709 843130 844643 851838 852627 857582 859391 865695 866750 867720 869590 871616 872910 874525 876313 877491 878622 880723 882702 885886 887120 888273 889502 891072 892773 894047 896125 897886 899361 900807 904127 905289 907906 908615 910714 914552 916809 918451 919594 920251 922505 923911 926388 927757 934087 935645 936847 939584 942153 943443 945082 946237 949976 955649 958971 959677 960558 962249 964701 965821 967206 968668 970529 974481 975699 978620 981864 984013 986779 988356 989421 991544 993089 994909 997079 998298 1000996 1004038 1006149 1007898 1010833 1012890 1013910 1015597 1016621 1017369 1018836 1020122 1021617 1023404 1024712 1025651 1026877 1030323 1032837 1034497 1035605 1036222 1037225 1037860 1039694 1041724 1042976 1044933 1046578 1047365 1049144 1050234 1051944 1053657 1055176 1056468 1058683 1060767 1062891 1067404 1073674 1074278 1078184 1079565 1086580 1087689 1088293 1090732 1092385 1093781 1094689 1098348 1099726 1100558 1101973 1105445 1107516 1109324 1111582 1113876 1116687 1117730 1119316 1121810 1126648 1130119 1130707 1133098 1135351 1136518 1146523 1147511 1148480 1149594 1150839 1152488 1155050 1156461 1157922 1159569 1160638 1163182 1164791 1165973 1169144 1171568 1173100 1174435 1176682 1177643 1179217 1180415 1182531 1183437 1184480 1188567 1191627 1193350 1197240 1199982 1201274 1202284 1203723 1204786 1207635 1209888 1211510 1212808 1214038 1215954 1217388 1222350 1224491 1225381 1227482 1229836 1238694 1239283 1241921 1243625 1246142 1247165 1248116 1248982 1250519 1251986 1253469 1254521 1255365 1259210 1263963 1265303 1266281 1268044 1271503 1272355 1273585 1274680 1278204 1280976 1282137 1284957 1288854 1290648 1291576 1292658 1295807 1296937 1303409 1304149 1305426 1307767 1308591 1309592 1311492 1312743 1315280 1316260 1317060 1318284 1321089 1321791 1322608 1325128 1325622 1326597 1330499 1331969 1335417 1337509 1338936 1341339 1342451 1343569 1345072 1346256 1346918 1348489 1350637 1352977 1354165 1356506 1357417 1358974 1362149 1369042 1372874 1374020 1376826 1378666 1381172 1388831 1391073 1391963 1393071 1395218 1395792 1397563 1399309 1402803 1403956 1406211 1408308 1411540 1412306 1413859 1416476 1419999 1421326 1422376 1424717 1426025 1430901 1432671 1433804 1437660 1438622 1443148 1446078 1447136 1449881 1451766 1453785 1455109 1458963 1462761 1466247 1467777 1468905 1470216 1472786 1474049 1477136 1479233 1483077 1484067 1485475 1486534 1493127 1495989 1497329 1498737 1500041 1502040 1507128 1509395 1510119 1511874 1514058 1515006 1516550 1517515 1520591 1522361 1525311 1528410 1529880 1534810 1536453 1538513 1542101 1543310 1545190 1549317 1550686 1552677 1555433 1556332 1557352 1559428 1561859 1562986 1563880 1564665 1566813 1570228 1573665 1574755 1575669 1577452 1578648 1579225 1583703 1585026 1587326 1589229 1590986 1593853 1595102 1596870 1598566 1600179 1601439 1604072 1606163 1610486 1612654 1613746 1614967 1615945 1617148 1619774 1622156 1624038 1626044 1631527 1632449 1633565 1635631 1636300 1638593 1640024 1640713 1642470 1643167 1644984 1646573 1647315 1650918 1656554 1657170 1661950 1662851 1663821 1665154 1666055 1667541 1672622 1675247 1677065 1679892 1680858 1683032 1685400 1686786 1688639 1689687 1691257 1693873 1695290 1696939 1698915 1699615 1701505 1702427 1704263 1705260 1705954 1709280 1710451 1712162 1713167 1714541 1716611 1718382 1720188 1723682 1725242 1726317 1728168 1729589 1731067 1732013 1735355 1737473 1739319 1740403 1742161 1742999 1744868 1746353 1749201 1751297 1752211 1755711 1756878 1764986 1766675 1768268 1771097 1772758 1773753 1774680 1775763 1778770 1779763 1780462 1782531 1785788 1786447 1787551 1792310 1795334 1796895 1801552 1802769 1806060 1807716 1810644 1812052 1813620 1816159 1818040 1820155 1822874 1827889 1829011 1830043 1831922 1833051 1833824 1834702 1837080 1838467 1839613 1841111 1842004 1844687 1847940 1849519 1853865 1854780 1858632 1859382 1861967 1862544 1864972 1865740 1866727 1868009 1869208 1870248 1871253 1872578 1874070 1875055 1876814 1878475 1879848 1881785 1882512 1883884 1886898 1888088 1889476 1891511 1895852 1897139 1900315 1901916 1903233 1905923 1907287 1907804 1909057 1911166 1913287 1914860 1917686 1919408 1921795 1925900 1929362 1930318 1933270 1935225 1937059 1938361 1942136 1944199 1946776 1947734 1949186 1951363 1952996 1954734 1957522 1962443 1964978 1965967 1967435 1969653 1971564 1973259 1974501 1975557 1976822 1978663 1979545 1982291 1983906 1986432 1987385 1988012 1988873 1989702 1990520 1992677 1994240 1995398 1996298 1997862 1999497 2002397 2005508 2006157 2008169 2009749 2013829 2015317 2016508 2017378 2019193 2020197 2021365 2023210 2024667 2026225 2028933 2029899 2031267 2032090 2032870 2034991 2037208 2038827 2040371 2044910 2046175 2047693 2050785 2052950 2056438 2057032 2059897 2060434 2062097 2065409 2066994 2070410 2072260 2074979 2076043 2076668 2078532 2081541 2082836 2084683 2088377 2089413 2092132 2092872 2094256 2096004 2097945 2101202 2102963 2104671 2106064 2108285 2111079 2113235 2116894 2119615 2120524 2124515 2128312 2131252 2138825 2140113 2141831 2142952 2144149 2145119 2146175 2148852 2150794 2153686 2154863 2155512 2156616 2157876 2159458 2166050 2167807 2169211 2170319 2172088 2172772 2175161 2176329 2177702 2178767 2182426 2183363 2184222 2185350 2186794 2187577 2189550 2191597 2194122 2195526 2198606 2200434 2203981 2207180 2208162 2209500 2211829 2216834 2219150 2220854 2223928 2225452 2227352 2230628 2231342 2232266 2233785 2234461 2235729 2236552 2237168 2238255 2239291 2244598 2246449 2250629 2252860 2254044 2255388 2257806 2263763 2265047 2267051 2267833 2268837 2270335 2272697 2274193 2275006 2278527 2280736 2283323 2283968 2286833 2289087 2290565 2292014 2292894 2294211 2295401 2296419 2297867 2300270 2301836 2303845 2306047 2307631 2308840 2309467 2310398 2312604 2314041 2314879 2316094 2317427 2322155 2323083 2325276 2329318 2331941 2333045 2335156 2336708 2337808 2339008 2341479 2342980 2343788 2345019 2346254 2351666 2353327 2354271 2355304 2356589 2361120 2363026 2365556 2367066 2369331 2369985 2371801 2373687 2377487 2380528 2383028 2384692 2385781 2387314 2389304 2390110 2390548 2391658 2394176 2398013 2398968 2400594 2401696 2402816 2404938 2406347 2407996 2409989 2411445 2413685 2414653 2415766 2419255 2423152 2427779 2428620 2430223 2432504 2434275 2435676 2437083 2440554 2444404 2446293 2447989 2450293 2451131 2452361 2455559 2459691 2462863 2463648 2467404 2469876 2471297 2474058 2478482 2479527 2486923 2488215 2489073 2490399 2492665 2494029 2497019 2499618 2500774 2502838 2506008 2507560 2509655 2510706 2512315 2513545 2514745 2515594 2519842 2521053 2524926 2525922 2527247 2527953 2529484 2531685 2533950 2536748 2538204 2539070 2540323 2542018 2543447 2546417 2547570 2548680 2549818 2551477 2553409 2555032 2555811 2556843 2558327 2559906 2561432 2563179 2564743 2569479 2570963 2573396 2577542 2579010 2580707 2581525 2582739 2585398 2586663 2587425 2588901 2593539 2595239 2598148 2600552 2601306 2604931 2607063 2608145 2610090 2611551 2614663 2616701 2619274 2620287 2621757 2624016 2625369 2628119 2631477 2634890 2635696 2637427 2640770 2642457 2646942 2654367 2655177 2657858 2659644 2660534 2662818 2664283 2666079 2666996 2670012 2671802 2675625 2679473 2680447 2682693 2685150 2687309 2688255 2689223 2690039 2692001 2692835 2694064 2696664 2698039 2698710 2700816 2701876 2703759 2705910 2706886 2708200 2710382 2711662 2713503 2716604 2721204 2722470 2724257 2728230 2733094 2734723 2736806 2738996 2740228 2741801 2743864 2745716 2747886 2749438 2751942 2754157 2755857 2758255 2760323 2763628 2764789 2770257 2771935 2774570 2775435 2776709 2777906 2784342 2785163 2787715 2788305 2788916 2792277 2793592 2795639 2797677 2798622 2801653 2802900 2805095 2806447 2808809 2810635 2814516 2816116 2817658 2819264 2820598 2823068 2824460 2827637 2828770 2830102 2832373 2833609 2835268 2837295 2842206 2843350 2848513 2850112 2851529 2852752 2856778 2858399 2859639 2862250 2863252 2864248 2867944 2868547 2869605 2871566 2876165 2877050 2879805 2882494 2884144 2884725 2888013 2890072 2895785 2896948 2898231 2900299 2901048 2902697 2903598 2905242 2907404 2908586 2909807 2910744 2911861 2913973 2915593 2916585 2920732 2922241 2922940 2924019 2925345 2926118 2928003 2930248 2937394 2942455 2944222 2945657 2946887 2948330 2953529 2955822 2957062 2958640 2959259 2959930 2961403 2963868 2965104 2966027 2966815 2969476 2970684 2973623 2976876 2977923 2979270 2981758 2982690 2983855 2984648 2985649 2986399 2988534 2992655 2993663 2997118 2998855 3000550 3001166 3003574 3005015 3006955 3007781 3012307 3013564 3014385 3017120 3018851 3019992 3021343 3023154 3024842 3025912 3030784 3031885 3036433 3038090 3040960 3041780 3042561 3045711 3046692 3048185 3052831 3053984 3054750 3057191 3060012 3061891 3066016 3070020 3071855 3072660 3073665 3075192 3076691 3078843 3080380 3083209 3085154 3085716 3086579 3089507 3092433 3094131 3096963 3102324 3104477 3105523 3107058 3108936 3110049 3111189 3114493 3115912 3118148 3121063 3123506 3126695 3135737 3136924 3140709 3144148 3148601 3152902 3153947 3155628 3156954 3160348 3161597 3162740 3165028 3167858 3168750 3169676 3170319 3173536 3174702 3176369 3177543 3178598 3179883 3181846 3186110 3188273 3189608 3190977 3193152 3196027 3198376 3201030 3201827 3203907 3205094 3206004 3207218 3208581 3209783 3211314 3212355 3213422 3215416 3216788 3217459 3219292 3220070 3220712 3224209 3225282 3227337 3230381 3232011 3233286 3235391 3236425 3238474 3240916 3241947 3243158 3244532 3246050 3247649 3250454 3252278 3254033 3255257 3256824 3258190 3260846 3262626 3263728 3266517 3268041 3268727 3269905 3271213 3273317 3274806 3278797 3281550 3282536 3283736 3285904 3288677 3290203 3291251 3292639 3293882 3295075 3297336 3301549 3302956 3305496 3306567 3308743 3310614 3312906 3313584 3315796 3318435 3319937 3321501 3322828 3324140 3327030 3328558 3329935 3331992 3333448 3334416 3336529 3338299 3340038 3340992 3342015 3343955 3345724 3346182 3348306 3352822 3353775 3354412 3357092 3358427 3361686 3364252 3366495 3368715 3370705 3371772 3372774 3375398 3377435 3378482 3381812 3382809 3384091 3387917 3389106 3391588 3392741 3395186 3398287 3401916 3403829 3406091 3409072 3410950 3411840 3412586 3413215 3418343 3420526 3422010 3423023 3425276 3427525 3428982 3432421 3433334 3435528 3438104 3438875 3440000 3441374 3443279 3445405 3446569 3447710 3448676 3450889 3453633 3454657 3458614 3460407 3463423 3465517 3467025 3468072 3468904 3470317 3471147 3472063 3473161 3474293 3481631 3482467 3483697 3484861 3486553 3487803 3489919 3495138 3496696 3497717 3500932 3502130 3503175 3504410 3505516 3507105 3508644 3511137 3512711 3514435 3516166 3519644 3521198 3522431 3523364 3524260 3526468 3528930 3529899 3531844 3533585 3535385 3536724 3538262 3539361 3540312 3545698 3550706 3552025 3553986 3555429 3556706 3562830 3566049 3569448 3570987 3571953 3572955 3573665 3577314 3578728 3580335 3583594 3590777 3593091 3594240 3595353 3597440 3598667 3599728 3600994 3601975 3608749 3610371 3611238 3612408 3613714 3615489 3620812 3625209 3625956 3626767 3627892 3630144 3632217 3635472 3636643 3637352 3640419 3642752 3650409 3652359 3653506 3654445 3655804 3657413 3660139 3661406 3663685 3664555 3665747 3666688 3667891 3668805 3670248 3672809 3676079 3677646 3680923 3682295 3684937 3686524 3687678 3688657 3689591 3691843 3694610 3698519 3700625 3702309 3705081 3707042 3709730 3711715 3713945 3715397 3718608 3722151 3726893 3728849 3730167 3731008 3732103 3734629 3736351 3739460 3740511 3745233 3747146 3749190 3752902 3753767 3757699 3758862 3760671 3761571 3762267 3763708 3765459 3781278 3782556 3784263 3786564 3787406 3788617 3792017 3793119 3794731 3796196 3798948 3800025 3801319 3803127 3804164 3805760 3808468 3809528 3810838 3813608 3818473 3823676 3825058 3827966 3829288 3830396 3831858 3832924 3834487 3835606 3836504 3838054 3839214 3841841 3842515 3843601 3845266 3848994 3850741 3852762 3854237 3855272 3856741 3858680 3859944 3862505 3865910 3866665 3867546 3871469 3872851 3873525 3875621 3877724 3878892 3880127 3883252 3885328 3889183 3893122 3895563 3896342 3897888 3899531 3901743 3904120 3905746 3906491 3907644 3909034 3910146 3913718 3915669 3918022 3919247 3920404 3921299 3921980 3922654 3923381 3925461 3927334 3928877 3930329 3933278 3934578 3935951 3937115 3939976 3941696 3943761 3950348 3951711 3953265 3962462 3965707 3966734 3967985 3971585 3972925 3974799 3980160 3981652 3982961 3984736 3986201 3987653 3990589 3993084 3994957 3996867 4000400 4002604 4004308 4005684 4006817 4008212 4010533 4011783 4013817 4016300 4017251 4019487 4020505 4022732 4023886 4029617 4031925 4033497 4035787 4038383 4039982 4042181 4044378 4046174 4047340 4049604 4051115 4053759 4055450 4056474 4059368 4062383 4063304 4064328 4068370 4069170 4071171 4076155 4079194 4080906 4082433 4084847 4087187 4089262 4091029 4095315 4096170 4099645 4101872 4107574 4108938 4111138 4111945 4113522 4117223 4118788 4120199 4121495 4122706 4125876 4128074 4128856 4129661 4130875 4134437 4135683 4137637 4138663 4141638 4144115 4145144 4145925 4147924 4151109 4153170 4153846 4155136 4156715 4159202 4160787 4163549 4165549 4167895 4170634 4172554 4173621 4175173 4177235 4180319 4181909 4182865 4187278 4189057 4190833 4193678 4195745 4197323 4200591 4202574 4205276 4206964 4210202 4210992 4214395 4216265 4217138 4221169 4223687 4225231 4227188 4228945 4233291 4237358 4238746 4239964 4243165 4244087 4247591 4249942 4255414 4257489 4259448 4261453 4262509 4265053 4271545 4274973 4276210 4281468 4282388 4283795 4285816 4290144 4293413 4295105 4297143 4299022 4300000 4301159 4302276 4303245 4308117 4311248 4316613 4321043 4321646 4322782 4323780 4326151 4327132 4329671 4331312 4332354 4333417 4335018 4336270 4337261 4340628 4343877 4346042 4346846 4349196 4351060 4352059 4354211 4355941 4357806 4359005 4360881 4362194 4364102 4367855 4370068 4371753 4373045 4375015 4376635 4377573 4378736 4379851 4380734 4381589 4385142 4386894 4388802 4390005 4390667 4391716 4392919 4393516 4395116 4396017 4400304 4404001 4405515 4406281 4408010 4409385 4412105 4412922 4414688 4417784 4420354 4421962 4424080 4425002 4426005 4428375 4429604 4430548 4431435 4432979 4435276 4438591 4439428 4441154 4444860 4445970 4448177 4449285 4450899 4452023 4454074 4455381 4459040 4467688 4471339 4473736 4474308 4475671 4476528 4477193 4480773 4485863 4486941 4488241 4489350 4490849 4492389 4493456 4495551 4498287 4499608 4502327 4503507 4504028 4505771 4506810 4508092 4509648 4510954 4512914 4514100 4514941 4517069 4517948 4519853 4522531 4525043 4530241 4532272 4533481 4534311 4536767 4537638 4540579 4541361 4544208 4545301 4547883 4551663 4552809 4555439 4556591 4560106 4561627 4563426 4564820 4565855 4567923 4568675 4570117 4571044 4573402 4578222 4578965 4580450 4581137 4582088 4583819 4585344 4587818 4594361 4596780 4600357 4602044 4602926 4605551 4606982 4607831 4609298 4612666 4613779 4614697 4616239 4617239 4619496 4622687 4623732 4624789 4626071 4630405 4633735 4636222 4640419 4642773 4645193 4648691 4650039 4650777 4652480 4655798 4658414 4659829 4660864 4662231 4665269 4666502 4667912 4669145 4672921 4674075 4675481 4677059 4680590 4681439 4682866 4688816 4691549 4692755 4696279 4697218 4698313 4700320 4702281 4703774 4705503 4706977 4711254 4715568 4719501 4720890 4722322 4723983 4724966 4725935 4726981 4728618 4733675 4736710 4737593 4739677 4742389 4744904 4746558 4747446 4748890 4750466 4753893 4755953 4759484 4763179 4763999 4767780 4769293 4772030 4775444 4778338 4783359 4784948 4788172 4790293 4792020 4796624 4799295 4800386 4803002 4804011 4805746 4809359 4810494 4815920 4817337 4818228 4819518 4821903 4823015 4825459 4826714 4829807 4831492 4832614 4835429 4835954 4837917 4839437 4841128 4842913 4843416 4847224 4848579 4850766 4851717 4857317 4858186 4862007 4863299 4868785 4870244 4871372 4872240 4873427 4874396 4875543 4878036 4880323 4881833 4883758 4887162 4889191 4890856 4893180 4895389 4897503 4898952 4900932 4903900 4905161 4907016 4909201 4910964 4912399 4915511 4916947 4919271 4920002 4922850 4924368 4926572 4927326 4928816 4930356 4931530 4933127 4934911 4937899 4939353 4945796 4946925 4949015 4950852 4953703 4954440 4955263 4957566 4959018 4960492 4961109 4963220 4965608 4967640 4969191 4971820 4974139 4975173 4978113 4980540 4981765 4982524 4983700 4985021 4986311 4987342 4990754 4993239 4996152 4999881 5000785 5002199 5003099 5004573 5005723 5009282 5011469 5012821 5016223 5017906 5018938 5019589 5020622 5026111 5027243 5029112 5030392 5032633 5033323 5038341 5040651 5044516 5046363 5050360 5053663 5058768 5060534 5062652 5065922 5066956 5069915 5071584 5073269 5074927 5075549 5076286 5077245 5079569 5082573 5083428 5087375 5088761 5090402 5091187 5093631 5094978 5099240 5100737 5102112 5103767 5105254 5106391 5109608 5110398 5112375 5119820 5120851 5126586 5128086 5129737 5132288 5134330 5135728 5137404 5138589 5139722 5142502 5145381 5148167 5149565 5152321 5153714 5155516 5157260 5158749 5160078 5162258 5165837 5167059 5169826 5171787 5181832 5183922 5185402 5187529 5189057 5190384 5191275 5193472 5194235 5196106 5197372 5198559 5200315 5202443 5204226 5206593 5207979 5208749 5209764 5210849 5213198 5215046 5215783 5217225 5219907 5220667 5221669 5222951 5224709 5225865 5228643 5230727 5232184 5233751 5234449 5235792 5237254 5238134 5239079 5239975 5241461 5243067 5244507 5247582 5248977 5250884 5251604 5252559 5253936 5256179 5257514 5258997 5260148 5263248 5267348 5268842 5269966 5274754 5275428 5276393 5279038 5280031 5280749 5282021 5283713 5285829 5287640 5289108 5291783 5293135 5295963 5298076 5299619 5305263 5306667 5308076 5312337 5313349 5316386 5318542 5319916 5323963 5326035 5333694 5336102 5338849 5340792 5343079 5346134 5348059 5350239 5353404 5356061 5357014 5357897 5359554 5361023 5362231 5364155 5368852 5369815 5371662 5372920 5376529 5377473 5379703 5381415 5383830 5387115 5387905 5388875 5389967 5392267 5392856 5394121 5396275 5402138 5405510 5407737 5408985 5412623 5415455 5416669 5420004 5421528 5422206 5423059 5424424 5425451 5426823 5428949 5429793 5434205 5435976 5437121 5439800 5441031 5442317 5443038 5445198 5446826 5447819 5450003 5451596 5453207 5454168 5458344 5459323 5463851 5467609 5469358 5470580 5471643 5472573 5473392 5475931 5477497 5478988 5481625 5482548 5483391 5485014 5486424 5488213 5491452 5492696 5494489 5497403 5499080 5501152 5502699 5506083 5508380 5509640 5511500 5512759 5513277 5514859 5515949 5517503 5519081 5520318 5521815 5523056 5524785 5526276 5528247 5529122 5529671 5531874 5533295 5535273 5536285 5537466 5539707 5541355 5543088 5544649 5545958 5549322 5551460 5553012 5555645 5556512 5557579 5559647 5560933 5562194 5563959 5565892 5567196 5568892 5570213 5573162 5575270 5580242 5582424 5582955 5585271 5589870 5590698 5592320 5594176 5598512 5599619 5602613 5603315 5607447 5609039 5611546 5620277 5621233 5622324 5623279 5625595 5628369 5629452 5630379 5634576 5636243 5639363 5646113 5646971 5648259 5649859 5651016 5652552 5653797 5657001 5658435 5660898 5662435 5665430 5666970 5667915 5672821 5674026 5674844 5684268 5685756 5689183 5691344 5692319 5696673 5698429 5701089 5703300 5704458 5706349 5706961 5708016 5709170 5710932 5713225 5716629 5719679 5723034 5723942 5727553 5730821 5731757 5734419 5735536 5737885 5739793 5741780 5742509 5743688 5745605 5748826 5751819 5753041 5754038 5758699 5760462 5762332 5763491 5766160 5770672 5772322 5773567 5774983 5776431 5777805 5779746 5781126 5781832 5783508 5785839 5786850 5787829 5788932 5790421 5792054 5793032 5793891 5796396 5797253 5798173 5799549 5802928 5804038 5805061 5805621 5806502 5811370 5812709 5814737 5815565 5816106 5817323 5818791 5821091 5822471 5823471 5824116 5828688 5829634 5830736 5832205 5833467 5834655 5836001 5837177 5838260 5839023 5839740 5841458 5842566 5843640 5846216 5847175 5849059 5850241 5851506 5853000 5854321 5855200 5860970 5862389 5863193 5864197 5868399 5870294 5873513 5875400 5877050 5879017 5883341 5884658 5885916 5886529 5887198 5888198 5889967 5890871 5892275 5894284 5896316 5898329 5899256 5900769 5902082 5903445 5904518 5905240 5907062 5915828 5918062 5919880 5921088 5924056 5925134 5926243 5927757 5930098 5930582 5931580 5932379 5933680 5935939 5939522 5941307 5942041 5942817 5944558 5947073 5948989 5951598 5953681 5955290 5957399 5958529 5962455 5964467 5967264 5968915 5971133 5972774 5974046 5975360 5976910 5978773 5980270 5981581 5983510 5984727 5986452 5988761 5991338 5993242 5996245 6000517 6001382 6002712 6003284 6006042 6013202 6014133 6018118 6019404 6020528 6021612 6023706 6024687 6026643 6027289 6028745 6030294 6032895 6034072 6035287 6037055 6037951 6040343 6041600 6045453 6046427 6048291 6054511 6055694 6057208 6058896 6059896 6062327 6063192 6064542 6065804 6068494 6070704 6072382 6075481 6078943 6080764 6082711 6086216 6086972 6089120 6095315 6097128 6099265 6100210 6102207 6109249 6110777 6114936 6115862 6116982 6118681 6120084 6120574 6124033 6125481 6126942 6128272 6131473 6133006 6138345 6141281 6142973 6145264 6146581 6148598 6150417 6151748 6152713 6153615 6154953 6159194 6160482 6162426 6165664 6166292 6169944 6171470 6175032 6177039 6179061 6180168 6181562 6183608 6184131 6185076 6188323 6191472 6199797 6203289 6205566 6207769 6209569 6210558 6212857 6214928 6216834 6219973 6221108 6226230 6227028 6227759 6230586 6233426 6237114 6237732 6241225 6242193 6243434 6246127 6247325 6248057 6250884 6255152 6259164 6260820 6262296 6266300 6268161 6269235 6270255 6271366 6273780 6274714 6277159 6277894 6281729 6282633 6284344 6285701 6286518 6288880 6290072 6291355 6292665 6295545 6298893 6300466 6306199 6307289 6313042 6314088 6314929 6315640 6319966 6324008 6325883 6329232 6330377 6331195 6333164 6335400 6336868 6342273 6343090 6344590 6345900 6346987 6351722 6352795 6354484 6355750 6356550 6358467 6359340 6360578 6362999 6364020 6367207 6371345 6376020 6378822 6382906 6384615 6385517 6387731 6389153 6391461 6392277 6393568 6394876 6395800 6401563 6402675 6403849 6406527 6407689 6408553 6409787 6411596 6412522 6415427 6416292 6418565 6419311 6421872 6422938 6425801 6427910 6431773 6433278 6434846 6436126 6436938 6437658 6438837 6442212 6445935 6447255 6448914 6450216 6453311 6455333 6455901 6457203 6458258 6463216 6465195 6466182 6469051 6471024 6473464 6474472 6475261 6477628 6478920 6481124 6481994 6483780 6485439 6487740 6489223 6491403 6494739 6495836 6497399 6501496 6503642 6504805 6507420 6509318 6510899 6514843 6516736 6519098 6521808 6522517 6523965 6525512 6526663 6527370 6528368 6529324 6531782 6533148 6535709 6537405 6538476 6541483 6543295 6545444 6546345 6555526 6556406 6557331 6558262 6559794 6560591 6561873 6563989 6565098 6565863 6568735 6569976 6571334 6572487 6574738 6576690 6577978 6580462 6584980 6585957 6587481 6589199 6590087 6590656 6592259 6593995 6595267 6596101 6599235 6600130 6601645 6602970 6605081 6607569 6609142 6610031 6611634 6614947 6617539 6618536 6619911 6621617 6622559 6623075 6623967 6625994 6627159 6628135 6629799 6632913 6634019 6636704 6638209 6640022 6642249 6643773 6644829 6646930 6647908 6648613 6652247 6656752 6660755 6662457 6664668 6666162 6667301 6670142 6675967 6677681 6680113 6681350 6682084 6683156 6684130 6687270 6687834 6688920 6690521 6691395 6692522 6694211 6695038 6695833 6698060 6698697 6699823 6701998 6703368 6704852 6706231 6707276 6708838 6709796 6711241 6712761 6716418 6717410 6721585 6723983 6725448 6729925 6733548 6736305 6737536 6739254 6742252 6743383 6744224 6745775 6747332 6748664 6749873 6754377 6758396 6759621 6760509 6764541 6765313 6766660 6767511 6769460 6770858 6773919 6775320 6775947 6777235 6777956 6780394 6781694 6784145 6785877 6789865 6791951 6794248 6796240 6798017 6798722 6800589 6802694 6803488 6804420 6808066 6809478 6812383 6815630 6816437 6817261 6818527 6819470 6820220 6822709 6824370 6825309 6826535 6827956 6830152 6835761 6836753 6837438 6840128 6842426 6843338 6844921 6846422 6847500 6849843 6852183 6854276 6855319 6856663 6858704 6859841 6861046 6862235 6863074 6865171 6870920 6872582 6874663 6875652 6879566 6880805 6882134 6883492 6884332 6885226 6888208 6889934 6892870 6894251 6895426 6896727 6898412 6899265 6900080 6901495 6904274 6905464 6906815 6908172 6908960 6910113 6912317 6914617 6915584 6917283 6917837 6920816 6921839 6922730 6924537 6926087 6927297 6930188 6931311 6932186 6934585 6935997 6938017 6940713 6942566 6944497 6947565 6949457 6952184 6953056 6956164 6957068 6958999 6960094 6962289 6963599 6964791 6968644 6976590 6981177 6982182 6983132 6986884 6988484 6990371 6993691 6994318 6994986 6996758 7001648 7004351 7006118 7006708 7008403 7010208 7011199 7012734 7014631 7015689 7017906 7019358 7021764 7023261 7027788 7030223 7031394 7033452 7036142 7039729 7042381 7045044 7048055 7049268 7051902 7054922 7056733 7058309 7063274 7064238 7065198 7066581 7067610 7068855 7070159 7074018 7075492 7078287 7079786 7082020 7083484 7084988 7087960 7089007 7092805 7094312 7095473 7102269 7104755 7106164 7107131 7108164 7109647 7113712 7114862 7115559 7117052 7119253 7120980 7122708 7125685 7127825 7128672 7131088 7134855 7135868 7139403 7140251 7141500 7144029 7144840 7149275 7150305 7154185 7157299 7160025 7163775 7166532 7168314 7172219 7173463 7174498 7175670 7176733 7178430 7179629 7180512 7182331 7183674 7185904 7187151 7188257 7191755 7193324 7195239 7196957 7203391 7204730 7207184 7208595 7209232 7212582 7213760 7215257 7217059 7218155 7220133 7223435 7225768 7226765 7227626 7229318 7232054 7232848 7236718 7238383 7239534 7244085 7246881 7249408 7251441 7254912 7257546 7260689 7263517 7265577 7271726 7274092 7277949 7279702 7282028 7283306 7284398 7285677 7286792 7288068 7289658 7292691 7295570 7297515 7301384 7303686 7308023 7310783 7313704 7315152 7315717 7316739 7319143 7320536 7324108 7325557 7326599 7328739 7329736 7331494 7332470 7336998 7339241 7340592 7341797 7342962 7348371 7351878 7353266 7355493 7356456 7358122 7359872 7361292 7362592 7363636 7367216 7368220 7369361 7370738 7372189 7374712 7376589 7378303 7379667 7380434 7381657 7382487 7384702 7390003 7390534 7392888 7396556 7398371 7399246 7402664 7404730 7406885 7409972 7411663 7412657 7413856 7416428 7417489 7418576 7421932 7423915 7427386 7429052 7430011 7432795 7434961 7436667 7437937 7441365 7446405 7448936 7450247 7452157 7454039 7456219 7457642 7459038 7460733 7461818 7465484 7469341 7471093 7474648 7479809 7483284 7484481 7486295 7487628 7490623 7491308 7493231 7494278 7497876 7500517 7502008 7503103 7505841 7508839 7513380 7517246 7518874 7520631 7521704 7522746 7525125 7526915 7529561 7530758 7533649 7534667 7536178 7537014 7539006 7541794 7542536 7543723 7548149 7549949 7550722 7552025 7554644 7557239 7558710 7562310 7564156 7565418 7569719 7570926 7574107 7575887 7579901 7581933 7583087 7587034 7591778 7593041 7595441 7596159 7596822 7598550 7601888 7603091 7606689 7609688 7611979 7619504 7620759 7621889 7622997 7626161 7626984 7628118 7629790 7632120 7633992 7634879 7637225 7638474 7639487 7641061 7644808 7646724 7649288 7651549 7654015 7655376 7658013 7659093 7661120 7661769 7663138 7665087 7667878 7669128 7670483 7673298 7677261 7678123 7678857 7682065 7685153 7687114 7688836 7690227 7691018 7691823 7692846 7694159 7697407 7698851 7700664 7701699 7703304 7705618 7708564 7714341 7719379 7723675 7724347 7725143 7726529 7727475 7729178 7730713 7731572 7733121 7733863 7735231 7736555 7738573 7740589 7742270 7746067 7747450 7751472 7754780 7755939 7757670 7760632 7766746 7768630 7770857 7772322 7776201 7777193 7779487 7780879 7782794 7786750 7788778 7790690 7792166 7793682 7795731 7797382 7799910 7802050 7802681 7805146 7806996 7808321 7808780 7810770 7812244 7813336 7814341 7816422 7819664 7820205 7820996 7822294 7824585 7826126 7826723 7827672 7829058 7830023 7831027 7836110 7838606 7841440 7842196 7845157 7852658 7853923 7854819 7856418 7857827 7859900 7862074 7863111 7864590 7865761 7866855 7868295 7870238 7871262 7872049 7872936 7875007 7876411 7879135 7880293 7881190 7882665 7885440 7891129 7894534 7896301 7897574 7899346 7904512 7905655 7906554 7907937 7911151 7911825 7913414 7914258 7916464 7917590 7918565 7920652 7921866 7923299 7926283 7928717 7930345 7931466 7933080 7935698 7942497 7943905 7945523 7949765 7950402 7951331 7952343 7955092 7956693 7958088 7959551 7960183 7965212 7967709 7968882 7969896 7971561 7973964 7978160 7979458 7982837 7984659 7986368 7987675 7990204 7992044 7994371 7995710 7997563 8001640 8003820 8005231 8007937 8009800 8010780 8011636 8012484 8016467 8017680 8022267 8023442 8025298 8026097 8027178 8029462 8030325 8033762 8035272 8036748 8037898 8039483 8040744 8042238 8043963 8047472 8049632 8050717 8051870 8053441 8054363 8055703 8056754 8058387 8059302 8063043 8063863 8066358 8068709 8069843 8071437 8073263 8077217 8078227 8079398 8082041 8083342 8084524 8085588 8087382 8089244 8092045 8094283 8094864 8101193 8102405 8103691 8105162 8106594 8107834 8109307 8110488 8115211 8116188 8117969 8120284 8121672 8128201 8129252 8133619 8135770 8137141 8139254 8141944 8144126 8145428 8146447 8147541 8148995 8151151 8153635 8155149 8156479 8157737 8161265 8162379 8163470 8165436 8168634 8169789 8170736 8171514 8172850 8175257 8176307 8178522 8179514 8182364 8183986 8187947 8192349 8194110 8195182 8197147 8198886 8199820 8201949 8203129 8205989 8210325 8211956 8213084 8214079 8215037 8216386 8217072 8218478 8220856 8221648 8222621 8223851 8227280 8228401 8232274 8233556 8236694 8240088 8246343 8248318 8250660 8253519 8257180 8259642 8261945 8263536 8265893 8269376 8270385 8272167 8277275 8285652 8291571 8293755 8306257 8306829 8310470 8311375 8313896 8316286 8318315 8319749 8320771 8322045 8326873 8328358 8333966 8334988 8335807 8337519 8338290 8340390 8342144 8344560 8345339 8349099 8349989 8352096 8353958 8356571 8357564 8361498 8364630 8368378 8369457 8370995 8373342 8374932 8377437 8378891 8379945 8382283 8383703 8384685 8386751 8387545 8388787 8391916 8394536 8398720 8399668 8400508 8402394 8403799 8404633 8409903 8411044 8411956 8415873 8416698 8417848 8418981 8421287 8423828 8426057 8427512 8430002 8431493 8432902 8433750 8438535 8440106 8441609 8445457 8446623 8449142 8452329 8454596 8457230 8458673 8460370 8461842 8464195 8465778 8466766 8469028 8474145 8475215 8479217 8482598 8485722 8489056 8491117 8492161 8494330 8495746 8497112 8501172 8503054 8503691 8504543 8507125 8508392 8510397 8512827 8513901 8515262 8516058 8517801 8520014 8522384 8526596 8527269 8529502 8532735 8536350 8537360 8538954 8543964 8545125 8547574 8550850 8552022 8553860 8556466 8557699 8561689 8563109 8564245 8565610 8567433 8568301 8569900 8570750 8571681 8572665 8574721 8575822 8578650 8579815 8582396 8584012 8585892 8589026 8590598 8591296 8593699 8597183 8598652 8601617 8602497 8603386 8606596 8608386 8609392 8611822 8615404 8616256 8616842 8618668 8622491 8625323 8626581 8629753 8631763 8634139 8635422 8637684 8640035 8645727 8647000 8650032 8652808 8653962 8656617 8657971 8661787 8667852 8668678 8670628 8671273 8673316 8675991 8679202 8680154 8681772 8685418 8686762 8691474 8693083 8694665 8698018 8701052 8702527 8703843 8704931 8706063 8709056 8711169 8713153 8714810 8717876 8719920 8725504 8726970 8728866 8732102 8734014 8736098 8738193 8741581 8745646 8747948 8749372 8751173 8751989 8755002 8756849 8758673 8761961 8764590 8765274 8767535 8769096 8771256 8773527 8776159 8777485 8778957 8780158 8780748 8781914 8784487 8786000 8788817 8790579 8791628 8794567 8797034 8798796 8800514 8801534 8803890 8805180 8806782 8808248 8809555 8811548 8812828 8815036 8818684 8819615 8820208 8825206 8827154 8828707 8829493 8833164 8835832 8837038 8837751 8838643 8840075 8841425 8842743 8845033 8846550 8848422 8849834 8851016 8853030 8854035 8854754 8856890 8858172 8860869 8863604 8865238 8866746 8868614 8871259 8872949 8874382 8876801 8877916 8879366 8880439 8881313 8882618 8885626 8886866 8888279 8896096 8897979 8899101 8900505 8902541 8903154 8906366 8907773 8909188 8912264 8913092 8914557 8916073 8918454 8919719 8921270 8923228 8927806 8928668 8929970 8932848 8935087 8936552 8938297 8941386 8943446 8946673 8948102 8949990 8950702 8952175 8953385 8956964 8958913 8960724 8962317 8963441 8965552 8967020 8968565 8969558 8970836 8972140 8973753 8974423 8976314 8979066 8980034 8981954 8983075 8984383 8986196 8987278 8990486 8992396 8995520 8996337 8999495 9003603 9004997 9006518 9007678 9013166 9015005 9018846 9021661 9023511 9025236 9028076 9029664 9031837 9032653 9034974 9036608 9037458 9038341 9039496 9040535 9041416 9042307 9044061 9045922 9047044 9048674 9050923 9052854 9054005 9055752 9057421 9059227 9060043 9061390 9062761 9064453 9065671 9066345 9067593 9069280 9070284 9071201 9074188 9078639 9080905 9085631 9087161 9088678 9089979 9098013 9099458 9101662 9102429 9104823 9105787 9107396 9110146 9111331 9113679 9114989 9117320 9117862 9119052 9119910 9121689 9122969 9125402 9127138 9128308 9129413 9132276 9133303 9135529 9136647 9137336 9140259 9144395 9146001 9152445 9157684 9158839 9161001 9164018 9165425 9167625 9169461 9174036 9175139 9178710 9181021 9182270 9183694 9186452 9187292 9188319 9190514 9194421 9195149 9196754 9200449 9202960 9206544 9207950 9209487 9210201 9211581 9212792 9218032 9222012 9222974 9227722 9229953 9233947 9235200 9236176 9238139 9241725 9243804 9244867 9249963 9252297 9253043 9253941 9255338 9257822 9259558 9262461 9264220 9265171 9266642 9267505 9268737 9269797 9273107 9275405 9276824 9278547 9280526 9281575 9282230 9284442 9289162 9291019 9292227 9293878 9294521 9295495 9298789 9299780 9300715 9301394 9302281 9304406 9306284 9310180 9313055 9316081 9316869 9320288 9323239 9324299 9325299 9326490 9329981 9333806 9334885 9336093 9337419 9338564 9341011 9344065 9345003 9347161 9350571 9356830 9362364 9364226 9368412 9369627 9370659 9372775 9377459 9381169 9382623 9385594 9387380 9389996 9392678 9395259 9396819 9399817 9401809 9403357 9404687 9405922 9406810 9408275 9410281 9412409 9413532 9414870 9415892 9418901 9419481 9424004 9425512 9428040 9428879 9430745 9433436 9434942 9436772 9439318 9440971 9442664 9443792 9444670 9446079 9447800 9448639 9450809 9451776 9454327 9456083 9459697 9461291 9462904 9464573 9467448 9469349 9472834 9474829 9479210 9480068 9480829 9483474 9485089 9485785 9487887 9488983 9490159 9493315 9494781 9498930 9501250 9503533 9505360 9507061 9508263 9509821 9513818 9514862 9515941 9519061 9521223 9522012 9523631 9525453 9527005 9527816 9528970 9530077 9536405 9538397 9539129 9540458 9541960 9542577 9544801 9546112 9547533 9552951 9555631 9556836 9560605 9561658 9562681 9564759 9565799 9566719 9572620 9576423 9578516 9579847 9580916 9582239 9585456 9586204 9587003 9589051 9590583 9592449 9594494 9595911 9600149 9601441 9602340 9603450 9606526 9610374 9615966 9617230 9618683 9620143 9622492 9623472 9625649 9628708 9630904 9632166 9634781 9639330 9640136 9641824 9643319 9645204 9646648 9647241 9648730 9650421 9651704 9653116 9656859 9658176 9660117 9662562 9666436 9669514 9671563 9676217 9676973 9678451 9682100 9683376 9685007 9688749 9692287 9693486 9695790 9696751 9698270 9701133 9702545 9703791 9704595 9705742 9706555 9707717 9710601 9711946 9714223 9715473 9716587 9717296 9717863 9719237 9721817 9723081 9725894 9727102 9728267 9729956 9731944 9732993 9735934 9737431 9741324 9742670 9744050 9745170 9746269 9747711 9749941 9751400 9753395 9755294 9756654 9758616 9766289 9767381 9768766 9770422 9772006 9773027 9773860 9775884 9779849 9780794 9782198 9784252 9785228 9786169 9788583 9791620 9794047 9798744 9799836 9801419 9803493 9805127 9809239 9810392 9812826 9814688 9815419 9816596 9818421 9820053 9821328 9824898 9827698 9828489 9832069 9834167 9835232 9837314 9838444 9839094 9840946 9841857 9842663 9845442 9847359 9849208 9849965 9851376 9853956 9856059 9858613 9859949 9861139 9861684 9866527 9869370 9871360 9873565 9875602 9877238 9878675 9880857 9883251 9886221 9890119 9892619 9894540 9895870 9898678 9899856 9900953 9901906 9905248 9906897 9909895 9911390 9912239 9913287 9917439 9920871 9924266 9924932 9925865 9929409 9930571 9933533 9940008 9940753 9941864 9942890 9944144 9945934 9947401 9948334 9952228 9954733 9955928 9956944 9960884 9962699 9963938 9967512 9970290 9974870 9975646 9976683 9979590 9981559 9982539 9983831 9984947 9986168 9987721 9989211 9992660 9994157 9997258 9999409 
</Matrix>
<Matrix name="Neuron_631" type="complete" rows="1" columns="825" multiplier="1.0">
   2613 7580 9109 26860 37346 40970 51336 61699 71109 85249 141660 143588 154849 158631 171434 184907 194434 212928 281906 288683 291945 324570 343537 348965 371942 386021 419683 422805 431738 454163 463366 465489 467554 489973 495088 508193 524431 528253 549620 563978 589306 594519 618474 622369 652427 656158 662258 675167 680422 683290 689330 692605 701429 710692 740187 749572 765235 779746 798745 808697 822365 834782 836764 845246 870875 881798 904867 908214 918941 936828 944835 954988 960098 961895 973683 980290 986170 987289 996498 1002294 1020298 1049102 1077012 1080361 1097116 1118399 1164872 1172469 1175654 1182586 1188119 1189170 1194352 1198373 1224118 1256451 1258607 1259705 1261683 1265920 1268537 1277512 1289258 1306218 1308133 1314028 1320093 1325219 1373284 1376434 1391741 1399927 1421428 1425286 1427093 1429538 1437375 1449055 1455121 1466370 1474871 1493706 1504021 1508223 1517937 1558842 1562688 1570302 1579488 1582078 1588328 1591139 1612994 1614451 1617379 1637804 1643647 1651632 1704382 1725397 1740514 1742065 1774158 1779074 1789090 1791823 1812433 1818268 1828547 1869340 1871563 1878190 1901487 1905104 1908938 1917014 1940516 1950020 1959723 1964211 1991237 2000221 2010276 2018541 2024588 2028218 2048250 2051327 2061747 2071536 2090660 2100941 2110925 2114985 2122436 2171379 2177106 2213073 2214697 2229683 2235329 2242697 2249600 2272629 2285978 2296792 2298381 2305754 2312329 2320771 2334292 2340879 2349055 2363044 2380428 2392407 2431362 2432656 2466782 2471755 2473622 2490446 2502688 2507950 2518282 2539408 2548696 2560665 2562539 2593659 2600719 2623908 2629945 2643115 2654323 2672626 2689918 2696795 2700928 2703791 2715761 2755445 2783043 2784077 2803915 2805585 2807593 2818781 2836018 2844019 2846497 2852604 2857223 2861577 2897216 2901765 2909167 2911018 2917120 2921399 2939345 2948500 2987184 2998908 2999840 3006125 3014466 3047581 3070399 3077697 3090587 3105942 3113023 3147572 3154219 3189434 3201824 3209398 3211354 3277063 3281049 3286769 3292339 3334492 3354545 3356485 3368320 3403605 3423019 3434508 3473932 3478931 3488571 3492550 3498486 3547587 3549674 3568020 3581470 3589811 3616944 3621695 3636550 3645539 3650776 3652967 3657400 3659804 3674195 3685826 3704663 3711854 3720734 3722484 3727300 3740635 3772359 3786935 3799447 3811674 3814645 3859874 3864105 3868315 3883115 3900201 3940418 3943149 3945620 3953080 3971711 3982350 3989651 4005548 4010638 4012758 4016801 4020366 4036661 4040016 4054958 4085290 4114945 4126731 4137493 4152865 4168338 4175201 4182396 4207396 4211182 4213002 4223627 4240784 4244811 4279119 4281746 4283444 4286864 4293077 4301037 4308053 4313564 4314755 4319669 4330623 4343417 4346608 4350204 4359210 4391021 4393713 4399887 4413897 4422035 4460817 4463513 4470506 4494812 4502529 4504753 4526970 4532978 4534484 4537506 4550008 4551260 4566091 4573249 4592155 4607530 4630983 4653026 4659682 4661608 4665713 4670378 4680550 4697665 4707730 4719396 4775954 4793219 4801796 4803124 4818600 4825755 4830507 4833077 4843842 4861660 4867405 4876789 4917423 4933592 4964323 4972836 4986708 4990881 5017213 5026311 5036070 5039907 5060976 5083556 5097557 5111368 5117307 5126619 5136010 5144959 5161689 5165239 5168842 5177570 5199005 5216260 5272471 5297489 5300462 5308142 5336587 5339474 5351034 5355717 5422470 5442147 5466627 5542564 5560834 5579596 5590577 5600794 5607352 5624062 5632228 5649603 5668732 5671438 5687521 5694017 5718939 5732078 5745132 5754859 5757694 5780427 5786462 5834532 5838900 5844534 5854070 5860470 5863890 5870231 5887244 5910256 5921723 5924082 5927389 5935753 5946503 5953125 5954148 5955676 5965441 5967763 5969579 5974880 5977434 5979090 5987435 5992908 5996270 6001846 6008564 6012752 6023773 6035178 6039538 6074032 6098637 6109931 6153880 6183371 6204168 6208523 6228103 6246673 6260460 6262171 6278077 6281340 6285177 6303906 6313736 6315440 6318195 6346739 6366251 6375367 6384946 6395989 6417618 6449230 6471950 6481438 6493226 6505564 6526700 6533026 6537647 6560874 6562814 6575459 6593081 6594309 6611933 6618069 6620274 6635480 6661929 6664558 6668865 6679251 6682936 6734848 6737586 6744231 6749208 6751545 6755422 6794474 6796583 6812007 6817237 6836034 6851042 6852885 6858062 6863259 6881185 6890634 6899640 6904458 6906528 6914665 6919977 6928130 6941381 6945347 6948737 6974085 6980028 6983818 7021570 7025203 7026056 7027235 7029580 7034599 7038456 7040656 7045389 7055615 7059160 7060395 7062971 7079408 7088160 7095074 7098410 7111917 7119283 7135214 7147375 7155266 7158398 7160004 7163109 7166234 7171506 7179856 7188240 7201531 7206282 7227575 7242593 7245251 7247301 7249601 7272648 7284361 7306282 7312765 7321685 7330536 7334428 7341530 7353536 7354939 7357333 7373346 7385011 7408744 7426275 7427929 7444827 7463683 7467698 7480370 7507222 7526433 7532859 7539542 7542635 7545150 7558201 7567435 7572584 7589947 7591045 7593745 7610710 7635758 7637486 7651947 7659201 7693908 7694753 7696120 7700828 7725860 7741851 7750746 7752301 7770292 7786918 7795266 7820418 7828513 7835827 7838602 7855048 7863493 7873795 7876308 7878794 7894340 7906315 7909831 7914662 7924490 7932281 7960872 7965407 7989181 7994532 8006514 8010408 8018129 8023665 8028256 8032156 8061119 8066204 8085300 8105293 8122948 8134641 8144180 8158813 8175734 8192737 8217450 8218433 8223694 8227420 8243137 8281486 8294733 8313385 8318442 8345094 8348830 8354807 8357433 8378432 8379856 8390522 8417042 8427838 8432706 8466917 8474786 8483577 8495686 8504409 8522839 8532450 8536964 8556889 8573822 8576076 8581268 8600883 8602710 8623431 8648675 8652453 8654728 8683725 8711033 8728784 8737386 8738612 8749126 8751153 8779215 8791111 8797140 8803082 8822272 8834982 8840198 8853026 8866007 8880803 8887893 8900319 8911062 8961382 8963058 8965896 8967435 8984950 9001568 9009230 9023703 9033968 9037110 9043198 9053075 9061914 9064010 9074671 9077414 9087787 9113528 9131967 9139952 9158495 9165670 9168331 9177446 9180125 9192148 9199319 9203771 9214391 9236740 9245915 9259184 9266817 9268667 9272771 9276591 9282379 9310642 9327887 9338470 9356462 9358510 9366575 9383420 9385772 9393783 9442246 9445157 9468332 9471594 9482092 9484418 9493213 9514875 9525075 9547639 9551718 9561430 9580567 9589368 9595902 9611038 9621614 9652020 9667575 9672143 9684350 9696672 9701833 9709462 9715112 9717952 9733249 9743300 9751453 9766493 9776012 9781928 9800826 9823528 9828610 9851689 9853997 9858381 9861100 9886235 9901051 9902995 9920044 9933026 9951756 9961658 9965324 9994961 
</Matrix>
<Matrix name="Neuron_634" type="complete" rows="1" columns="758" multiplier="1.0">
   45977 53426 74212 89942 104831 129753 145234 167575 178020 184635 196517 204102 216990 230062 243792 247584 260020 260881 311760 337872 340117 356915 360009 363142 367603 374806 394677 397414 434836 473519 478401 486493 497777 501310 504652 514901 524845 531299 534253 548201 554068 555095 568525 570194 613260 643562 647983 698272 718499 720794 792357 795319 798698 812936 814911 819100 820774 833942 855931 873092 878172 884874 911497 920246 931306 936134 948924 990491 993549 996933 1012397 1038771 1041116 1044794 1087044 1094023 1103306 1136810 1146923 1190024 1228374 1236967 1252581 1298107 1310776 1312591 1313808 1320212 1323046 1328017 1352495 1363480 1369625 1377333 1413408 1426023 1445387 1476075 1477451 1506561 1513946 1518266 1520512 1523068 1526989 1562120 1563702 1565287 1568927 1578183 1591538 1595219 1606379 1610715 1628221 1643614 1657158 1728957 1749056 1762585 1793649 1801820 1807503 1820972 1830265 1838946 1841323 1848100 1862784 1865060 1867445 1878445 1880316 1893990 1904402 1909303 1915172 1921145 1927129 1931992 1938375 1953175 1993445 2010455 2017537 2048842 2053098 2072925 2091263 2094432 2102514 2108140 2128149 2130771 2159025 2169319 2172355 2180872 2187070 2205406 2217816 2220070 2232799 2236637 2237968 2251638 2269653 2315635 2323016 2325904 2330573 2333858 2342429 2373228 2404644 2428359 2455721 2469158 2474654 2479847 2483749 2503842 2507259 2531645 2536800 2541698 2554110 2563429 2565860 2583561 2596397 2598322 2600461 2612380 2651543 2653294 2663904 2667030 2674481 2705117 2721532 2727295 2744004 2747839 2785066 2800595 2813897 2815920 2823775 2839195 2856646 2876682 2880510 2884831 2887639 2897304 2912207 2931241 2941713 2954059 3004211 3013424 3025047 3040003 3047231 3052754 3056399 3073343 3074362 3111737 3121486 3126468 3128872 3142077 3179742 3181725 3199031 3231488 3241275 3257075 3278590 3283528 3297237 3303910 3311680 3337749 3338943 3343478 3364783 3394493 3399208 3409931 3413375 3444015 3451536 3459043 3477294 3489776 3500174 3520362 3522316 3539418 3546359 3570492 3624091 3626483 3629418 3648726 3671273 3674104 3709078 3713991 3731101 3738174 3745272 3752762 3762481 3779140 3781557 3830746 3833974 3841075 3881767 3898161 3902501 3924754 3926047 3961272 3989657 4005749 4013289 4050380 4056357 4062119 4064494 4082281 4115726 4125402 4126720 4149483 4162857 4166351 4173161 4174953 4195771 4236606 4250848 4260227 4290922 4312837 4316350 4321379 4322618 4326219 4329781 4333578 4341858 4368511 4377040 4387105 4400782 4423916 4425736 4453837 4465760 4467930 4477967 4488521 4501595 4511972 4524930 4527753 4531184 4549740 4570715 4573012 4576609 4587570 4593533 4596589 4604370 4624524 4651131 4654443 4664953 4667411 4679965 4685945 4688025 4695066 4712117 4715451 4718144 4740361 4745606 4764266 4832367 4835526 4836602 4843890 4878575 4976646 5018038 5073562 5087043 5090856 5102089 5142766 5152302 5156449 5159640 5161677 5163251 5185052 5196919 5200456 5216445 5228379 5243241 5259018 5263939 5266901 5292287 5303655 5315829 5324541 5336481 5341002 5362395 5377664 5381216 5390968 5408328 5411228 5415575 5420195 5449532 5466440 5473203 5482350 5483998 5489253 5521895 5524000 5537817 5554069 5555620 5567182 5571171 5579321 5585396 5595525 5603144 5644784 5650267 5693429 5711566 5715910 5718156 5725222 5734007 5749062 5757080 5768480 5806947 5811470 5850727 5861589 5897089 5909922 5920090 5943757 5951944 5970583 5980739 5984827 5998450 6005629 6022150 6029552 6037430 6092993 6101874 6111337 6138926 6140052 6144305 6170219 6171170 6192743 6218809 6220115 6246641 6268201 6286516 6307869 6309047 6318987 6324352 6329446 6330862 6334221 6374253 6379856 6402878 6413254 6424882 6448108 6450032 6454088 6473431 6482915 6484167 6505399 6510114 6519437 6545496 6554376 6557215 6570208 6571854 6576037 6578609 6608756 6642418 6644258 6663763 6669718 6677563 6684767 6709977 6711225 6713300 6722067 6729858 6734927 6738571 6764653 6818040 6830177 6864943 6879731 6901448 6903771 6924075 6952149 6977927 6980979 6983723 6995196 7003547 7010421 7016956 7027096 7058977 7066921 7074341 7091878 7095332 7103044 7104594 7119472 7121316 7124096 7129468 7132865 7143412 7153172 7157260 7175546 7197630 7210112 7228743 7237033 7272204 7289274 7293010 7320074 7322031 7336335 7337778 7350084 7353724 7357421 7360622 7371297 7374855 7397112 7403899 7406021 7423191 7425273 7436183 7442077 7451468 7453230 7463218 7467515 7472359 7473440 7481138 7488545 7495787 7498940 7516485 7522790 7539598 7543316 7545560 7551482 7554086 7559346 7573170 7576778 7596396 7598472 7606015 7610379 7617871 7622822 7624970 7637817 7642865 7649925 7656703 7663617 7664692 7676056 7679547 7691086 7702416 7705218 7735755 7790541 7805670 7828659 7843847 7856231 7882021 7912204 7916622 7919017 7926948 7929115 7933006 7934610 7942155 7943700 7947114 7982992 7989503 8000775 8017951 8022533 8024446 8067237 8068924 8077207 8091015 8103492 8105615 8145256 8151008 8159496 8177716 8199097 8220159 8237734 8244103 8248281 8269307 8282360 8288786 8311189 8326054 8333032 8350497 8351296 8364296 8381121 8386891 8391580 8394400 8402063 8411805 8414917 8445018 8453557 8462084 8475763 8483325 8504598 8508656 8510576 8516010 8549376 8565755 8580679 8584590 8589522 8622071 8628005 8635122 8637956 8655242 8698978 8706677 8709685 8717678 8727124 8730680 8742449 8753345 8755454 8782114 8790986 8809080 8813595 8840271 8843605 8883700 8892513 8903381 8934099 8939276 8955814 9001697 9018500 9026645 9039384 9041707 9082698 9103656 9112173 9123940 9127288 9135187 9139239 9156254 9164351 9167611 9174922 9196079 9217432 9224626 9242689 9252095 9266761 9275229 9280633 9298707 9312030 9325914 9328618 9334595 9348626 9380799 9413714 9430998 9475859 9494322 9532258 9538172 9559518 9570183 9579424 9596147 9597443 9660415 9671900 9686809 9690845 9694849 9732310 9749326 9751953 9755020 9764280 9789370 9792595 9798598 9820519 9826144 9840733 9842418 9866995 9869761 9872348 9878474 9880137 9891192 9916749 9918475 9921605 9923014 9924505 9946870 9981716 
</Matrix>
<Matrix name="Neuron_641" type="complete" rows="1" columns="886" multiplier="1.0">
   10701 26154 60023 84311 89209 102423 120264 125338 131162 141288 170963 175404 177071 178109 188476 215849 219555 255633 262868 288875 299298 303870 318745 322792 326185 332832 350154 389038 394793 421886 435015 445675 468083 468962 480999 484501 488160 502002 503322 504480 506575 520996 522983 528464 551388 557982 564134 569073 588005 596596 632363 637079 654902 672199 679300 681292 692605 703557 712992 735193 740363 759140 776258 783093 785221 807047 817438 818650 845803 866328 875582 881767 889036 917613 932341 943729 967580 974490 986120 997149 1000253 1004122 1005930 1011874 1021409 1040061 1042605 1051401 1053542 1058105 1060086 1066845 1071068 1074808 1088591 1096814 1101198 1103971 1110123 1121556 1124997 1126851 1150437 1161763 1165242 1179586 1197337 1202262 1231011 1253676 1267237 1293034 1295995 1322279 1332035 1343331 1360214 1374439 1387540 1401774 1402831 1426164 1427840 1435638 1456851 1464101 1465003 1466924 1479060 1496094 1498012 1511769 1522694 1534756 1541994 1549049 1553911 1556159 1560808 1569777 1582293 1584314 1590293 1598384 1601971 1619485 1632297 1635820 1649461 1661794 1674958 1701861 1706466 1709470 1737514 1847158 1857771 1859263 1882578 1884680 1886915 1894727 1903930 1931725 1936799 1960876 1968930 1974874 1977911 1995009 2010363 2032542 2033799 2036030 2044628 2058763 2073116 2078724 2082426 2084472 2107539 2117945 2128307 2151679 2161206 2173753 2175774 2178778 2185061 2187554 2205922 2217196 2222078 2229912 2232704 2245744 2251766 2262669 2264865 2266306 2268927 2289683 2290895 2293874 2312183 2317276 2347871 2357051 2360397 2369970 2384129 2392132 2408925 2422867 2444680 2504779 2536857 2554592 2563677 2567609 2594569 2606826 2616218 2632261 2637900 2649830 2665783 2669167 2674765 2715372 2734956 2741861 2743394 2758345 2767205 2778976 2784165 2802318 2805379 2808688 2840954 2842114 2854658 2861675 2868651 2878490 2889939 2892126 2900907 2912342 2943544 2953827 2957127 2968258 2973620 2983311 2989399 3015039 3023151 3037986 3040457 3042988 3055187 3073084 3086167 3095206 3097816 3101260 3119945 3122600 3124985 3130462 3132826 3139603 3192292 3214345 3215738 3224808 3229515 3240679 3247054 3260128 3262742 3274880 3277732 3285441 3306811 3313767 3316216 3319812 3323232 3333060 3350686 3388315 3392573 3394433 3414120 3429531 3449250 3458025 3471024 3475230 3484245 3486325 3496527 3513024 3533745 3547588 3551013 3558714 3560428 3575064 3588924 3590739 3593430 3596689 3602004 3624233 3632602 3663369 3671336 3677182 3680497 3685019 3686439 3694236 3720072 3727469 3765326 3783463 3784974 3787077 3788953 3805224 3813862 3822749 3823725 3852445 3900027 3903458 3906603 3914931 3922141 3930020 3939878 3946979 3954581 3982862 3989680 4007745 4018960 4020135 4028502 4059202 4066679 4085864 4122252 4176635 4192048 4199877 4217343 4223088 4233709 4245771 4246797 4262186 4274684 4278204 4279699 4289209 4293073 4299409 4311036 4322303 4327654 4332465 4338588 4341765 4355593 4363028 4370149 4373216 4382285 4384352 4414131 4418016 4434828 4445841 4447512 4458723 4485606 4489714 4558871 4561074 4569673 4576783 4578311 4598098 4606535 4615477 4620282 4632964 4634667 4641600 4642701 4652186 4654985 4661517 4683709 4707534 4710263 4784857 4811982 4818763 4830769 4832848 4840980 4843870 4854900 4870128 4875765 4879477 4901450 4922177 4950923 4961034 4965177 4977675 4984642 4986593 4989155 4992956 5001106 5003989 5018031 5035295 5041272 5049186 5058767 5080668 5087175 5120718 5140973 5169167 5174442 5176287 5197731 5218093 5221628 5223212 5244032 5267694 5297894 5333551 5337247 5344225 5369351 5394294 5395610 5400351 5419792 5422771 5426341 5433905 5440345 5441409 5457748 5464004 5472124 5476234 5482245 5488005 5489383 5493728 5505526 5511790 5530650 5531815 5544484 5549995 5569117 5570816 5580735 5614601 5626775 5643404 5652182 5658845 5669600 5676241 5693445 5700050 5701848 5706636 5733823 5744966 5751282 5761776 5781259 5798353 5803595 5808204 5820896 5823349 5862119 5874870 5887439 5899310 5914733 5919147 5921743 5932324 5936893 5960769 5963325 5966947 5976442 5977930 5979122 5987256 6000586 6013785 6038901 6048692 6068301 6075574 6086862 6090995 6093720 6105339 6114694 6122183 6130629 6168691 6170888 6185236 6201310 6204265 6212480 6225573 6235545 6242378 6258844 6266328 6272336 6290539 6318107 6321407 6324865 6342495 6350389 6355611 6360000 6366853 6375922 6381275 6385352 6388995 6390448 6393187 6397114 6412091 6417140 6418171 6423468 6436188 6464080 6467369 6472319 6476622 6479494 6487660 6499607 6531557 6540570 6563084 6564356 6565709 6582460 6584204 6585862 6616034 6620626 6662313 6668565 6675826 6691323 6720317 6747451 6763168 6773953 6780636 6792036 6796817 6802478 6816465 6817445 6836872 6838667 6861095 6872001 6895413 6896617 6902838 6904761 6905850 6928148 6933827 6941476 6969566 7001520 7048441 7056353 7064677 7071945 7073405 7093784 7101783 7107952 7124329 7129701 7148141 7174504 7184830 7192921 7208222 7227730 7231070 7236939 7238108 7249225 7255556 7262996 7267522 7270720 7309549 7311841 7327899 7330117 7335157 7347724 7361693 7403463 7412684 7419850 7433624 7437793 7444841 7459053 7460789 7464123 7466419 7469471 7496181 7501888 7506377 7507899 7515457 7525469 7527064 7550667 7556014 7558744 7562891 7569975 7577118 7587064 7588923 7590244 7603134 7610576 7619986 7629253 7632620 7643016 7658539 7693016 7694895 7701101 7717152 7732631 7736246 7740092 7756793 7763602 7781464 7786340 7815873 7817506 7819233 7834594 7838305 7844496 7854933 7860991 7864707 7884958 7906554 7917367 7937575 7962916 7966865 7970208 7981738 7989240 8003664 8007707 8010322 8013377 8015487 8018876 8022572 8034385 8040840 8049823 8054431 8057074 8063196 8080899 8086253 8103893 8141241 8147737 8150185 8164330 8167249 8176270 8185168 8191159 8192865 8198706 8235151 8240584 8246814 8254020 8270561 8277068 8279190 8283930 8288883 8322527 8340118 8344080 8375364 8378702 8403859 8459298 8460721 8465210 8469577 8484626 8495306 8517809 8521130 8539141 8546333 8548730 8572672 8578267 8582037 8592080 8593629 8623156 8625897 8627118 8630928 8634330 8645614 8672759 8683783 8690175 8694877 8707627 8708597 8736768 8738135 8761749 8767877 8790565 8794582 8797454 8803935 8808851 8811440 8841997 8861565 8866612 8876231 8892224 8893270 8898171 8915649 8921182 8929194 8942081 8963471 8967527 8985564 8995227 9001818 9011036 9024187 9052729 9068919 9078433 9104996 9134968 9137243 9140180 9143886 9149343 9153776 9155038 9162951 9189710 9192630 9204497 9239738 9249196 9262107 9270166 9278829 9280008 9282489 9286016 9297065 9300971 9319683 9333008 9335329 9360018 9373419 9386412 9397716 9406905 9412061 9434184 9445497 9447462 9453488 9466855 9473205 9478976 9495195 9508765 9531594 9549737 9556993 9559551 9563542 9566327 9567560 9574223 9642371 9649146 9652639 9654420 9691332 9693320 9703657 9725157 9734080 9741510 9750521 9813863 9818910 9830472 9833721 9844417 9847906 9852470 9863479 9868274 9883769 9903223 9907634 9910161 9933742 9945713 9948288 9963937 9965741 9975643 9991438 9994662 9996704 
</Matrix>
<Matrix name="Neuron_644" type="complete" rows="1" columns="895" multiplier="1.0">
   31414 36246 48491 53960 64946 111442 156672 164714 166472 175146 176650 178711 198621 211158 211908 217431 225265 228865 235930 240764 268808 283241 290411 303704 309713 317908 323011 329428 352081 354543 367958 375863 378694 389433 408984 415323 444051 462240 494121 546119 570722 576346 579562 583160 585942 599525 612634 615432 629677 634343 654582 672257 683202 688603 691725 706159 716539 729847 743448 750355 756463 757450 777749 787830 809221 832091 833520 834659 836263 843142 844385 869634 876234 876815 885949 890595 902235 903573 906270 926245 937226 942890 958080 959296 966128 991832 1029186 1033543 1047387 1054112 1063426 1078923 1093230 1096353 1106861 1108469 1131271 1139220 1149152 1153234 1158505 1184876 1196365 1198070 1203106 1206034 1220678 1225068 1232086 1241247 1248618 1252021 1258162 1289909 1321737 1322336 1327556 1338684 1349606 1354218 1357214 1362743 1363850 1367950 1385437 1388797 1393368 1395882 1398013 1404760 1419134 1440829 1444043 1461608 1463742 1469322 1470175 1506274 1515448 1523162 1527597 1551682 1571728 1589729 1602708 1607326 1621052 1625942 1638342 1661064 1662295 1665115 1667816 1671946 1696969 1703809 1744270 1757653 1764459 1783309 1790929 1803527 1815651 1820672 1846072 1855998 1859063 1869191 1880959 1886210 1908025 1917816 1943058 1961470 1970774 1977642 1979661 1995322 2001741 2016934 2018945 2025603 2033401 2035341 2037408 2040261 2055846 2077227 2082484 2084222 2090413 2100297 2123235 2155971 2176997 2187701 2202436 2218163 2231748 2241205 2251391 2257902 2266211 2275651 2286645 2296079 2301228 2310579 2322828 2325727 2329382 2341500 2355358 2356104 2370731 2389535 2393615 2395034 2423321 2453232 2467422 2508680 2511514 2517934 2520902 2528009 2535946 2539710 2541611 2545052 2546790 2560878 2569089 2579523 2602956 2607666 2615185 2620062 2626632 2691898 2696188 2699533 2713378 2716208 2718135 2722369 2729910 2733365 2771368 2783974 2790394 2797142 2808145 2819377 2826432 2861781 2867226 2876257 2877289 2893537 2895612 2914849 2929010 2931427 2942038 2955651 2963662 2980776 2993099 2999654 3010071 3018736 3026499 3027913 3050740 3056802 3116641 3126358 3127243 3151632 3157755 3162485 3169913 3171096 3174617 3176875 3183941 3203668 3213163 3218119 3223490 3255644 3259231 3260857 3265168 3275187 3279140 3280845 3283239 3286611 3325485 3328319 3336683 3345014 3346410 3348224 3352130 3353270 3355691 3370662 3377941 3399422 3401373 3406114 3412651 3444935 3466848 3494304 3502228 3515286 3518683 3520691 3531551 3536401 3539824 3552247 3555255 3571727 3574178 3576238 3602059 3610184 3620411 3622029 3641626 3654816 3657171 3672018 3691637 3694910 3700250 3709521 3717737 3724797 3762664 3770542 3774948 3790660 3796036 3804368 3807174 3829129 3830878 3841948 3852844 3871953 3874909 3877234 3881396 3882293 3901984 3930372 3939860 3955162 3956778 3958800 3964613 3979840 3982635 3986917 3996215 3999927 4014994 4020486 4036127 4054841 4073976 4101517 4118384 4120461 4121261 4123581 4126042 4136152 4143764 4179604 4196942 4200431 4205841 4222008 4229064 4256249 4266239 4268125 4274575 4305381 4309153 4325864 4356830 4364330 4389755 4392253 4405532 4482462 4497116 4503629 4545485 4548013 4553633 4571018 4572118 4577821 4583095 4603887 4616379 4618404 4647317 4655088 4671089 4698139 4699547 4706044 4743123 4751422 4756772 4806304 4808341 4811813 4840882 4864213 4881564 4909975 4916714 4954795 4970559 4975540 4977181 4988560 4989691 4997135 5008000 5017564 5028103 5033720 5064797 5086881 5088339 5092369 5099268 5112289 5119057 5122695 5141588 5144885 5157498 5164162 5187984 5212019 5254273 5262336 5265385 5271166 5277355 5283663 5288275 5306421 5322906 5341219 5370686 5372667 5377321 5383832 5387296 5405151 5409873 5426059 5437468 5462841 5468794 5472616 5490011 5497454 5518069 5527226 5533315 5535112 5652903 5669183 5672182 5676159 5683357 5704174 5707649 5723132 5737034 5742818 5747997 5779736 5786427 5797690 5801175 5809862 5816945 5823723 5829918 5838588 5843444 5844613 5880741 5885650 5887383 5897482 5901282 5917759 5930421 5936717 5938154 5941500 5959376 5995094 6005116 6010897 6013530 6025436 6032096 6035695 6048928 6053631 6055641 6063517 6070421 6073473 6081227 6085120 6089385 6136427 6146995 6149225 6160241 6162351 6167928 6170733 6174024 6181202 6245489 6275518 6276733 6299198 6304262 6319092 6356562 6368525 6397788 6402774 6412785 6431204 6446973 6462998 6469855 6473102 6486414 6495628 6516464 6527015 6556768 6616401 6637755 6642829 6645252 6658115 6659451 6667813 6673502 6710635 6714912 6735650 6739755 6748284 6763214 6768455 6777345 6779419 6781564 6790529 6791561 6795294 6798810 6819728 6821069 6823503 6833173 6834695 6838556 6843914 6857040 6863202 6870949 6900121 6904450 6906989 6909383 6915411 6924121 6928882 6930675 6932647 6947791 6975746 6994663 7006761 7009313 7011283 7021076 7032868 7038154 7041771 7049495 7055839 7071034 7097712 7105723 7107997 7122151 7141855 7166979 7170936 7184355 7190689 7196851 7217770 7222325 7225677 7231765 7235212 7238843 7256341 7272958 7283095 7305022 7305877 7315894 7330228 7335368 7354924 7372422 7382824 7395703 7401717 7404191 7413556 7415548 7441202 7449872 7458470 7459688 7466306 7469810 7537326 7545539 7547664 7559084 7560407 7577872 7581713 7591054 7591820 7611770 7616680 7623130 7632293 7635248 7666589 7673665 7678023 7689653 7698651 7709047 7710369 7752161 7763406 7771487 7778276 7782476 7795199 7804558 7809215 7830298 7832036 7837256 7840937 7847010 7856685 7873887 7876147 7881474 7899955 7909611 7914723 7922876 7929521 7933562 7937849 7943298 7948254 7952861 7965076 7970471 7974782 7977064 7989431 8023609 8072608 8093602 8098104 8105387 8108455 8115463 8134404 8135946 8137314 8153490 8159052 8166118 8168800 8170301 8188269 8190540 8203345 8208318 8211646 8230403 8246663 8257951 8265567 8270354 8290851 8295214 8316155 8347860 8355544 8356882 8360785 8365204 8365797 8374903 8382354 8390170 8396253 8402747 8413891 8430485 8435894 8441268 8447733 8456264 8460158 8470701 8477868 8501021 8503764 8504775 8505854 8508512 8521658 8543263 8546806 8573358 8576012 8580080 8589248 8609928 8618031 8629775 8647111 8660397 8663051 8670519 8687785 8697440 8699143 8701544 8707286 8714183 8729844 8735837 8744628 8746069 8765057 8798338 8815010 8825732 8831787 8841580 8849010 8867233 8870283 8923028 8930294 8931526 8940025 8944136 8960361 8976237 8979942 9009085 9013006 9035758 9061208 9075337 9082463 9088697 9098151 9104110 9111621 9132118 9150325 9162472 9165875 9175491 9188678 9196151 9208206 9234893 9252714 9254831 9289099 9300430 9314509 9318622 9323087 9326775 9331732 9342795 9360068 9362406 9369336 9389535 9395270 9399808 9422464 9431785 9441236 9449368 9454639 9459528 9473135 9498538 9543344 9552678 9569809 9572477 9575236 9584906 9587801 9606490 9617838 9627272 9634298 9643057 9670784 9676056 9679488 9683372 9691373 9694805 9701678 9704283 9711312 9713343 9715660 9726414 9730797 9746567 9751631 9758784 9761618 9769612 9770559 9791132 9804638 9833079 9864173 9867248 9881977 9887854 9895468 9901106 9912272 9927075 9946893 9947735 9966806 9975898 9978172 9981813 
</Matrix>
<Matrix name="Neuron_651" type="complete" rows="1" columns="840" multiplier="1.0">
   2896 11513 32706 35008 45666 53667 59934 61683 66723 89650 94564 98734 105025 125725 138910 144738 168803 180215 192722 205772 218424 238505 244553 246600 250434 268171 304923 308176 311298 327233 332336 335302 337441 342680 348562 354694 362749 365353 372236 377708 381748 402459 414231 417527 427510 428696 462511 477606 486473 534024 536791 540852 546392 578601 586917 608371 623329 624850 647618 682920 686368 707039 711668 721872 724418 737782 753227 759869 764779 766260 783990 785743 798904 804482 806163 815264 827959 838587 844761 857541 868837 888180 892104 897889 901327 906111 911576 915629 921201 926204 930293 939635 942431 964781 996421 1001582 1020948 1044300 1047676 1092589 1129059 1136857 1153712 1171614 1175069 1196514 1198145 1203013 1211574 1220153 1238349 1240697 1247251 1254798 1273212 1275377 1284980 1298552 1308983 1309920 1317470 1347311 1379606 1382501 1393884 1403603 1407624 1418006 1427008 1433781 1440386 1445120 1446531 1452078 1463445 1473191 1480177 1488547 1492166 1553885 1562060 1566439 1572301 1583510 1593509 1633465 1651472 1684341 1690531 1695886 1697638 1699515 1702152 1708429 1712779 1714876 1717193 1718375 1747526 1754935 1761097 1793611 1798795 1803963 1811978 1829441 1831563 1839783 1845942 1848830 1853907 1877149 1883414 1889714 1898277 1909928 1927940 1935688 1947825 1957488 1986370 1990583 1992978 2007788 2024042 2039349 2044647 2067110 2071900 2078327 2084422 2087446 2090255 2145491 2172583 2176391 2194546 2201795 2203068 2208655 2216328 2224904 2242339 2266036 2274139 2278805 2281043 2298597 2315268 2346876 2354815 2382510 2394589 2396115 2405495 2407208 2423204 2436154 2440176 2473874 2488846 2490730 2493302 2499005 2516104 2525030 2527896 2529774 2538344 2546201 2564911 2572969 2579158 2593593 2602433 2610694 2611823 2619876 2622914 2715431 2728070 2743361 2744604 2745574 2759397 2762463 2764760 2766272 2780036 2781778 2785335 2799558 2801491 2825272 2848156 2852634 2867527 2882103 2922796 2933999 2956004 2960824 2967563 2990081 2995265 3001664 3004297 3011499 3014010 3043317 3047310 3078281 3081540 3082806 3086062 3120978 3122637 3131033 3145315 3164832 3169263 3173889 3176126 3180692 3203856 3213680 3217817 3240068 3242534 3245278 3262090 3269877 3282707 3296388 3299546 3314917 3318615 3321483 3325959 3328059 3329789 3372812 3382292 3383374 3396416 3410643 3412864 3431230 3462658 3485397 3497650 3507084 3515816 3523135 3540847 3547491 3549656 3552922 3562274 3582226 3602075 3620934 3623983 3636688 3682232 3702192 3714652 3720069 3724818 3760604 3782647 3784627 3789305 3791661 3799936 3801237 3810524 3817394 3819477 3821411 3851800 3859438 3879800 3890444 3901264 3930081 3935751 3942200 3956679 3978466 3981332 3994590 4009947 4037449 4056091 4062832 4089621 4103091 4109037 4130314 4133241 4135962 4140901 4142629 4145983 4149207 4151438 4156488 4170754 4172019 4173459 4202639 4221997 4227315 4261488 4263918 4275017 4307791 4324481 4343899 4364451 4371728 4379020 4397605 4409892 4427959 4437157 4448333 4451505 4460695 4466489 4477265 4488858 4490714 4507886 4512809 4517569 4525113 4571567 4584811 4589928 4591850 4598499 4599777 4629293 4633349 4658644 4665412 4680778 4682447 4701909 4709167 4716607 4735454 4747570 4754912 4761838 4789022 4801307 4804690 4817640 4853946 4869502 4906604 4934000 4944550 4991588 4997734 5011464 5035022 5049931 5052573 5079479 5102061 5115790 5144957 5158014 5167830 5177264 5178611 5190123 5196532 5198629 5206199 5237255 5255347 5260043 5264605 5267105 5274171 5285246 5300342 5301674 5317191 5377240 5388174 5417055 5420305 5440554 5486917 5488070 5490146 5523004 5527452 5536375 5538918 5554613 5567346 5580182 5587969 5607153 5617640 5624748 5627343 5636282 5645524 5651053 5659282 5664603 5685452 5710948 5750471 5751457 5760376 5777177 5804120 5810737 5817182 5820765 5822333 5828129 5830562 5837657 5842230 5851805 5855100 5863660 5864630 5872040 5884196 5889246 5892379 5900933 5903192 5910736 5954322 5959636 5968422 5971935 5990533 6001907 6003190 6011523 6024736 6025802 6035510 6036724 6039261 6054786 6092385 6095259 6100811 6107545 6113623 6140362 6155105 6161721 6170006 6197615 6249783 6269100 6274982 6282069 6284594 6288180 6292722 6302850 6319333 6350267 6353389 6355234 6360659 6373211 6381640 6397997 6417823 6424335 6428956 6447525 6454723 6475921 6479345 6497549 6508890 6525203 6547345 6550228 6559217 6562311 6588889 6614932 6618032 6645519 6667839 6681289 6693338 6713192 6733276 6745000 6761523 6767755 6769322 6777281 6798982 6809295 6815639 6819908 6839463 6851270 6854361 6868182 6873031 6892089 6893028 6914329 6919867 6922300 6926046 6930203 6934066 6942505 6944617 6961663 6970340 6978052 6982283 6990466 7000355 7012303 7060715 7068882 7072318 7074673 7083753 7110158 7112679 7138612 7140417 7143110 7151655 7165256 7201089 7212356 7215214 7224991 7226141 7231184 7240242 7244067 7247421 7255305 7262149 7268532 7274903 7281274 7287915 7315122 7319704 7324248 7332283 7350632 7365835 7388090 7397215 7408861 7410309 7412764 7417376 7419782 7423339 7433400 7440114 7442665 7447360 7491583 7503761 7518768 7525857 7538518 7556691 7583191 7586643 7587731 7589966 7601728 7609818 7633764 7647708 7658142 7688997 7689823 7714343 7719741 7727317 7730031 7750643 7769150 7772498 7813426 7822241 7851125 7861951 7881765 7889752 7913906 7917715 7935322 7957062 7970250 7990838 7995451 8019387 8031571 8042199 8045967 8057270 8097197 8102907 8106342 8107909 8116583 8118575 8135536 8145503 8160613 8175967 8192748 8203140 8207948 8215513 8240397 8277446 8296669 8299087 8303842 8320272 8329899 8337630 8349125 8377905 8397343 8401320 8427651 8467379 8480896 8514776 8536482 8544616 8546765 8553687 8568577 8580018 8585922 8597952 8612862 8632336 8648342 8656222 8657698 8662414 8668435 8679539 8690565 8696533 8701670 8706240 8707541 8708920 8710434 8711534 8713850 8726199 8773776 8792329 8799158 8801316 8804519 8818917 8828690 8838331 8841424 8844241 8868212 8888600 8897462 8902792 8906965 8914203 8926497 8927595 8937409 8946211 8989386 8997176 9014774 9022148 9035044 9058420 9092205 9102354 9104520 9113693 9119548 9121861 9140577 9143569 9150571 9158138 9159476 9162209 9170158 9178158 9195013 9249160 9250871 9252249 9270922 9276709 9287905 9288907 9293403 9365874 9414076 9440313 9470463 9479574 9507170 9519053 9537498 9551509 9559802 9618343 9628984 9630322 9637166 9639590 9683719 9702806 9720191 9745700 9747447 9751889 9755782 9762196 9767081 9781607 9792596 9822669 9830016 9841897 9846012 9852156 9860927 9871013 9884749 9892813 9896684 9897672 9911858 9917198 9921653 9924183 9950611 9952529 9976413 9982913 9990267 9994826 9997245 9999899 
</Matrix>
<Matrix name="Neuron_654" type="complete" rows="1" columns="332" multiplier="1.0">
   51623 81255 135427 138238 149623 188115 208162 209480 279213 284874 310172 320248 343555 352485 385623 397428 440594 525626 540054 573954 581649 598434 608147 648593 740693 766331 788563 794822 864112 877927 879935 914673 918027 941479 963578 981855 997044 1032067 1040582 1067280 1099261 1137877 1207054 1216212 1250105 1257997 1279865 1327652 1355593 1395900 1434968 1437588 1494612 1514079 1626238 1651654 1658495 1672183 1682173 1698063 1709873 1722175 1728564 1765986 1787986 1820788 1830530 1842475 1850604 1875304 1905537 1968191 2053204 2066752 2073889 2155364 2182793 2186462 2226996 2250488 2291441 2298767 2342413 2354055 2386050 2418990 2423311 2471910 2474490 2555556 2592052 2643746 2691276 2696986 2699262 2759931 2766366 2846895 2852971 2946728 3008257 3075045 3244848 3256569 3342402 3362437 3397279 3403764 3417782 3434376 3456362 3465476 3484999 3490037 3522528 3540602 3542299 3569313 3593226 3614435 3633722 3637395 3658086 3661744 3677654 3736541 3843652 3858049 3862253 3876988 3921056 3949328 4058563 4115556 4139299 4153758 4278311 4279960 4397697 4437744 4513072 4526476 4534810 4613510 4616548 4621652 4645136 4650369 4665198 4671554 4736236 4745346 4767157 4808352 4854543 4976803 4999281 5007538 5019343 5044425 5067500 5079665 5086234 5091929 5103265 5116887 5192286 5243028 5286893 5324535 5365854 5390666 5399082 5428668 5431670 5464314 5513867 5523758 5525556 5596873 5634178 5658226 5672922 5679378 5722730 5742631 5831747 5870653 6056276 6085086 6088574 6140396 6197104 6234056 6239088 6268304 6282122 6284597 6286390 6390203 6394013 6406515 6416182 6475779 6508214 6542945 6559738 6644196 6685133 6723429 6757414 6766443 6780835 6822903 6826108 6828198 6868711 6890581 6898279 6907640 6939084 6965714 7003794 7042713 7194617 7212028 7238423 7249885 7261707 7270914 7296874 7300543 7372655 7390288 7400176 7420123 7434070 7438376 7463013 7476645 7488499 7581685 7599374 7607430 7630277 7632393 7679091 7738318 7776828 7783622 7812515 7813956 7825148 7827889 7842754 7846875 7893502 7939973 8088782 8149259 8176863 8187060 8192882 8202727 8206481 8212779 8257315 8258437 8259872 8278057 8286530 8301239 8322042 8347761 8389626 8426078 8446214 8470285 8519100 8544018 8564282 8605301 8641453 8657557 8670651 8726917 8738049 8779214 8794291 8812503 8815235 8825846 8854742 8881319 8948319 9014015 9025695 9061519 9082467 9115475 9138509 9151436 9164917 9260345 9312977 9326517 9397343 9418077 9430624 9442075 9448052 9450732 9458367 9477587 9489719 9538725 9575774 9595497 9614758 9653127 9688863 9717696 9727417 9732520 9751430 9825844 9916337 9919397 9943784 9945955 9960315 9972036 
</Matrix>
<Matrix name="Neuron_697" type="complete" rows="1" columns="1978" multiplier="1.0">
   19978 27445 29555 34184 35714 37357 45848 47890 50434 52613 55675 67790 69502 72710 78769 84729 91311 96002 103807 107874 114426 116439 118063 128905 130576 134378 152232 162359 166302 172885 174694 176528 180543 182818 184317 185760 188839 193031 197841 205286 208462 219259 221223 234661 239836 241666 242671 248076 252715 265895 267377 268136 279576 281176 283784 285719 286929 290514 291545 294925 297508 299355 309268 310748 315925 319972 324131 325978 329037 330433 333929 335967 342328 347825 350574 351763 357309 366656 376900 378326 380836 384624 387769 393204 406353 407724 414660 421570 424279 431053 431754 434108 442879 447594 449645 452306 469383 471396 473950 478209 479660 481779 483286 490431 492890 496027 497742 499812 503352 513997 515997 523158 528508 531179 542300 546509 549722 552322 558519 559424 567741 568791 574634 581478 587681 591702 602650 607133 609333 615935 621841 627185 633868 637531 639534 640284 643040 647476 653297 657961 663755 669330 673557 675504 677583 685160 687727 689809 691426 699569 702211 703800 709997 712289 716869 728167 729924 735680 738155 745884 752880 762133 767146 769340 781688 783410 785076 790968 793503 804408 813683 821508 824821 839702 861023 866609 882125 894245 899312 902108 904347 907549 914374 916328 924031 931891 936726 941156 942117 948421 950732 955841 958363 978318 982294 994863 997560 1008679 1010660 1013837 1016069 1019194 1025401 1045156 1053988 1070563 1073574 1078494 1080326 1094417 1100672 1107826 1114437 1116784 1123124 1126111 1129303 1131139 1137845 1138848 1141128 1144433 1160178 1161876 1172249 1177094 1180761 1182510 1186603 1190434 1191017 1200036 1203300 1205048 1218254 1238090 1243624 1244985 1250491 1252312 1262695 1267604 1276140 1285063 1288332 1292145 1299705 1303585 1305944 1309938 1313766 1315372 1323513 1326770 1334167 1337735 1340713 1343335 1347624 1349280 1361892 1362791 1372687 1373794 1376435 1380648 1382461 1388316 1393589 1394783 1399037 1400532 1403979 1406570 1415364 1421602 1424877 1426707 1430972 1440422 1443415 1449695 1458808 1467013 1469146 1471718 1478141 1480518 1484013 1489696 1501201 1510127 1519802 1521694 1525680 1526409 1528375 1531629 1536122 1538815 1549875 1563781 1565690 1572544 1574323 1579725 1581418 1584196 1592171 1595016 1600455 1602925 1605875 1616713 1622610 1629693 1636864 1644175 1645412 1662599 1665970 1667725 1675126 1679499 1681242 1685056 1687853 1696404 1699956 1705087 1709802 1716284 1721685 1728641 1735561 1737244 1738243 1753514 1757339 1760906 1766385 1774098 1777910 1780486 1789145 1791432 1795685 1796670 1807133 1810790 1820416 1821945 1829133 1832994 1838359 1843409 1847714 1854380 1855934 1860282 1865758 1872103 1886485 1895437 1898236 1904965 1913022 1916122 1921388 1937862 1946265 1947265 1957771 1961540 1972662 1976249 1979698 1982981 1984126 1988013 1997531 2001573 2008978 2014251 2017464 2019558 2024964 2027461 2028710 2031392 2034368 2044242 2047158 2052116 2053216 2057126 2058283 2059185 2065805 2107313 2120705 2123937 2127940 2129649 2138099 2141100 2144143 2162784 2169070 2183195 2186378 2189747 2196178 2197471 2205817 2211719 2213816 2217828 2227716 2231725 2236036 2237409 2238604 2243841 2249366 2256081 2260428 2262028 2265554 2267119 2270376 2279811 2282799 2284218 2287721 2291376 2294161 2296676 2299536 2303114 2305603 2315204 2318015 2331579 2345821 2347883 2349362 2350674 2353271 2357837 2364602 2366308 2368474 2371555 2375463 2388964 2394917 2399340 2411644 2417989 2422740 2427247 2431380 2438006 2446108 2448560 2450351 2456891 2457881 2461797 2464096 2466333 2470790 2473261 2482798 2484249 2488526 2493586 2496442 2500400 2502952 2506594 2507802 2511751 2515450 2523510 2526446 2532422 2538275 2540427 2541404 2563432 2566391 2569728 2571964 2574091 2575791 2579443 2581812 2586035 2588168 2595126 2601672 2603256 2609385 2618426 2620292 2624552 2629714 2631002 2634060 2637450 2642321 2650637 2653366 2655176 2656475 2669622 2671636 2675212 2678889 2682792 2685914 2690775 2695729 2703572 2707247 2716727 2718857 2722689 2727065 2728861 2734630 2738132 2742517 2744356 2746243 2749494 2755498 2759143 2762724 2763968 2769498 2782152 2789599 2798267 2805931 2808453 2810908 2812765 2817099 2818997 2820162 2823895 2826277 2828578 2830535 2833186 2833924 2846216 2855444 2857847 2863983 2865488 2873439 2878943 2882119 2886780 2894763 2896876 2918513 2927442 2929239 2934373 2936856 2938397 2946390 2949654 2951421 2954155 2963574 2969663 2971593 2975615 2981609 2983663 2992437 2999025 3003741 3007032 3015269 3020849 3029523 3034031 3036198 3038170 3045276 3049161 3055709 3060740 3062306 3073057 3074887 3078300 3085117 3100324 3101421 3115350 3117255 3118413 3124487 3141118 3142900 3145844 3159420 3160200 3162916 3165636 3169356 3174247 3183511 3189460 3193726 3195781 3199970 3202229 3205945 3210468 3211644 3217369 3218812 3222474 3232250 3238928 3240424 3241571 3243487 3249506 3262589 3265898 3269267 3273227 3278913 3282930 3287008 3289972 3301750 3305575 3309505 3314894 3316625 3320834 3321824 3325625 3338834 3339870 3341409 3343472 3349245 3350494 3352838 3356609 3359125 3369144 3373129 3376038 3376836 3381534 3384363 3391659 3394431 3404278 3408573 3410640 3412681 3419236 3421632 3425181 3430045 3446716 3449695 3451601 3454553 3456367 3457785 3459315 3462630 3463339 3482488 3484670 3486083 3492373 3503499 3507226 3509788 3516510 3519865 3523043 3527955 3536324 3546153 3553585 3563782 3566315 3572160 3573990 3580173 3582242 3593866 3596219 3604226 3612359 3617648 3625131 3628258 3632928 3634802 3644917 3650462 3659139 3660040 3663268 3664805 3676685 3681410 3692642 3697236 3703068 3704855 3709300 3713361 3720586 3725329 3734246 3735623 3737809 3739189 3758769 3760378 3761530 3769939 3777994 3782452 3785719 3787801 3793040 3794671 3798408 3801430 3804929 3806626 3821134 3823424 3827891 3829906 3840582 3843173 3850039 3854777 3855592 3858736 3865947 3873100 3876176 3886615 3891495 3899780 3903385 3907203 3908550 3913084 3914871 3927565 3933894 3938435 3940327 3947063 3953441 3956625 3962609 3964975 3967669 3971088 3982794 3984836 3998990 4000057 4002787 4007077 4009970 4023604 4024972 4025629 4026850 4028595 4033201 4038885 4042412 4043466 4046280 4047813 4056492 4057586 4068295 4070325 4072810 4078992 4080647 4083652 4085067 4095217 4098911 4104135 4107882 4114175 4114804 4118599 4123910 4126590 4129814 4131974 4137806 4142098 4146952 4149179 4155342 4156067 4163739 4172420 4174560 4189316 4200641 4204194 4207636 4212295 4217584 4219479 4221444 4226339 4232150 4235210 4241324 4243336 4247238 4249104 4255885 4258311 4263043 4265081 4268385 4271951 4274550 4279296 4280429 4288332 4291691 4293965 4301510 4305224 4308883 4311247 4317523 4318596 4326048 4327217 4327944 4329009 4332640 4334044 4336047 4337965 4346901 4350870 4358381 4363834 4365495 4369252 4373621 4375707 4390651 4394521 4402120 4417470 4421923 4422666 4424307 4447425 4451121 4455143 4457199 4459727 4463610 4467887 4470098 4472180 4473532 4474649 4477191 4478900 4480070 4483729 4493455 4498538 4503506 4508180 4510933 4515765 4520772 4526575 4528116 4532443 4533140 4537653 4541599 4548357 4550751 4552723 4555154 4559312 4565794 4567825 4574225 4584571 4588778 4593044 4594496 4598190 4600266 4604887 4614358 4624900 4626274 4635026 4648034 4661272 4664071 4665166 4669197 4671662 4679501 4688367 4692080 4693459 4695513 4698120 4700150 4701129 4705802 4708221 4713318 4718135 4721853 4725455 4726798 4727880 4732403 4735501 4747145 4753652 4755370 4762617 4766057 4770502 4772800 4774195 4800075 4803064 4804354 4809243 4815142 4816875 4819401 4821592 4822482 4824050 4831869 4834537 4838033 4839139 4863144 4864938 4866903 4880055 4880933 4883223 4893776 4899882 4910146 4914407 4916258 4918696 4923048 4928744 4935161 4935841 4938202 4940261 4947617 4949505 4953226 4954639 4957682 4959669 4960473 4962638 4967935 4970506 4976645 4977889 4978915 4987058 4996265 4999659 5000826 5008251 5013688 5023066 5026680 5028294 5030102 5032592 5038740 5047483 5060314 5065539 5070498 5095958 5104734 5106650 5125164 5132489 5135739 5139865 5145326 5147182 5153024 5159774 5167514 5175491 5183571 5191246 5195703 5206307 5211084 5214723 5215999 5217083 5218373 5227496 5229127 5231495 5245777 5251368 5254068 5260275 5265334 5275080 5276322 5279311 5286963 5294243 5301035 5304958 5316427 5317947 5322320 5337324 5341944 5352388 5355284 5366621 5372057 5380152 5383946 5392204 5393272 5394380 5400317 5404344 5409993 5411844 5414279 5417868 5422238 5434413 5435272 5439269 5440363 5443404 5446828 5452627 5455272 5461031 5466583 5469563 5473026 5475790 5477252 5481013 5484831 5492988 5504824 5512040 5518716 5523324 5527586 5531312 5539173 5557102 5559913 5561567 5565754 5572529 5573399 5578327 5582193 5587990 5590555 5592062 5593685 5596760 5599904 5606623 5610240 5619901 5632051 5635493 5637401 5641145 5642880 5648108 5650181 5652662 5659580 5667796 5670489 5674028 5676480 5684929 5690526 5692657 5699101 5701472 5703657 5706555 5708618 5715534 5717791 5720640 5736497 5737699 5739800 5746699 5750337 5751856 5754383 5757403 5759097 5761078 5773393 5775464 5781747 5791691 5800708 5802272 5809723 5811337 5817150 5818072 5819404 5822212 5826062 5829604 5837545 5839022 5841283 5850324 5852764 5853754 5871934 5874811 5879029 5880156 5882267 5883143 5884826 5887963 5898460 5903216 5911619 5915762 5917449 5918417 5921338 5925677 5927287 5930125 5931981 5935916 5938620 5944618 5952722 5955901 5958694 5963703 5974113 5976023 5982404 5989929 6003017 6003837 6008513 6010917 6020416 6022181 6030023 6033961 6039401 6041259 6050008 6053476 6054394 6058986 6062467 6072049 6073322 6074855 6088097 6098498 6107303 6121260 6125314 6129433 6130714 6135967 6138099 6139623 6151743 6158614 6164859 6174004 6175384 6185460 6186965 6194537 6210048 6211577 6218191 6220197 6222816 6231147 6232983 6237453 6238335 6239923 6242866 6245021 6247715 6248537 6254575 6255901 6262162 6274012 6276004 6278103 6279363 6284251 6298224 6300106 6303975 6311329 6322513 6324566 6331988 6333208 6336331 6337521 6338723 6339593 6348992 6350474 6358538 6367575 6377230 6381732 6384792 6387052 6397911 6408529 6415868 6416952 6420107 6430057 6434506 6444463 6445430 6447581 6456758 6459849 6468072 6474137 6477026 6480444 6484353 6485590 6490263 6494923 6499178 6499917 6504518 6508696 6518969 6527884 6534459 6541805 6551975 6555264 6558365 6559529 6562682 6567986 6568924 6577880 6581147 6583293 6599495 6604374 6608945 6611651 6620106 6622965 6624125 6628252 6638495 6665715 6667350 6671430 6677521 6679701 6685229 6687642 6689595 6695658 6698356 6701396 6703995 6710007 6711794 6733787 6740814 6743206 6755093 6761071 6766985 6768850 6775922 6776521 6778757 6782001 6789743 6805207 6810833 6812674 6818443 6821897 6823806 6828378 6830129 6833061 6840461 6852471 6855579 6866938 6881366 6883352 6891782 6897913 6899606 6900936 6902496 6910504 6912273 6913613 6919244 6923119 6935752 6939556 6941105 6945390 6955115 6956344 6960692 6967619 6971256 6972622 6978030 6986554 6991349 6996021 7006515 7013340 7014664 7016538 7017704 7019691 7021201 7028498 7030135 7038822 7041212 7051851 7054425 7060525 7062850 7065895 7078789 7080223 7082782 7086062 7091095 7092022 7096751 7099495 7103700 7109315 7110318 7113135 7121615 7134676 7141728 7144317 7155360 7159940 7170307 7182256 7185887 7189213 7190536 7192208 7194771 7198836 7201745 7202922 7205262 7210026 7211954 7221653 7226750 7236947 7239875 7244152 7255614 7261572 7264281 7277058 7281384 7282647 7288595 7299785 7312146 7318827 7330783 7335727 7345481 7346780 7350896 7352145 7354881 7359163 7361210 7369318 7379185 7388935 7395848 7399035 7399844 7406858 7410124 7414452 7416070 7420300 7423201 7427239 7430070 7432698 7435789 7445574 7449109 7452786 7453422 7457612 7459094 7464806 7466855 7468013 7471776 7474526 7479173 7484564 7494118 7498304 7505715 7510534 7518372 7522223 7522998 7528595 7530913 7532262 7538341 7542356 7546869 7548396 7552003 7558312 7559515 7561290 7564809 7566694 7572814 7573785 7582271 7599536 7603426 7607926 7613642 7616823 7619703 7621980 7623510 7631005 7635802 7637321 7652355 7662201 7670442 7676524 7682727 7689546 7693723 7700285 7707355 7718668 7732092 7737608 7741935 7749630 7762935 7766156 7767637 7770524 7772303 7776296 7777769 7783620 7785487 7790051 7794955 7802889 7808430 7812709 7825775 7832927 7835156 7839321 7843300 7846098 7847859 7852440 7853770 7861860 7865318 7874773 7890895 7900490 7904413 7908241 7909404 7912049 7915733 7924875 7931024 7933513 7935859 7946552 7951952 7966407 7977157 7988289 7993847 8006625 8008211 8016181 8022381 8029630 8041125 8046458 8048464 8055489 8059010 8063735 8071901 8083835 8088132 8096234 8110536 8114121 8120353 8122789 8130015 8131595 8136121 8137350 8138960 8142237 8146505 8152455 8154207 8157835 8161219 8163859 8177006 8183655 8186999 8191090 8193546 8196907 8198325 8200244 8201673 8203892 8205599 8207156 8212006 8220221 8228884 8234085 8237615 8238400 8244411 8260508 8263798 8264968 8266705 8267996 8273392 8275992 8277943 8279236 8284749 8286105 8287523 8300057 8310315 8312598 8314045 8318313 8323249 8326082 8327472 8332776 8335240 8339140 8340137 8355029 8356707 8361314 8366741 8369556 8371168 8384889 8387690 8401239 8411342 8412691 8416269 8422609 8429967 8436642 8441321 8448421 8452452 8460885 8464476 8475161 8486039 8489522 8491879 8493236 8498708 8502706 8504895 8510805 8513286 8515242 8518416 8522501 8528259 8531669 8536835 8539033 8542895 8544456 8548294 8551777 8552976 8554478 8557900 8559968 8569794 8572623 8575460 8578076 8581818 8583766 8586294 8591870 8606834 8608858 8610455 8611554 8621607 8632073 8655273 8661735 8671508 8674535 8685808 8694215 8697685 8699776 8705550 8706786 8708431 8729046 8731192 8732217 8736600 8740873 8748583 8769219 8780810 8782536 8787747 8790277 8795883 8798346 8800379 8805620 8810302 8824286 8846216 8851787 8854725 8857833 8860873 8880499 8882980 8884688 8892614 8897447 8904782 8907191 8910229 8914556 8917117 8927508 8936131 8939450 8941599 8942930 8951849 8953807 8955230 8960161 8970205 8976221 8979096 8983155 8986011 8989032 8991812 8992943 8997883 9003435 9012294 9019211 9019978 9023800 9037144 9040696 9042618 9045749 9048535 9052263 9053351 9055692 9058435 9061366 9063788 9068625 9072232 9074074 9075469 9077749 9080505 9090582 9094343 9099720 9103784 9107626 9112033 9117699 9123486 9128929 9133327 9138625 9141124 9144236 9151730 9156375 9158975 9162637 9164157 9167922 9173220 9179862 9194805 9209042 9211477 9214851 9221335 9224603 9228788 9230138 9241807 9250486 9254904 9265033 9270648 9275754 9276840 9297853 9303647 9309617 9311888 9316241 9319127 9326734 9355386 9359134 9360553 9361712 9367300 9368999 9372744 9384832 9385704 9387363 9393547 9395414 9407864 9410853 9414021 9431899 9438044 9441433 9449165 9453208 9455950 9461921 9463807 9468478 9472142 9477143 9478085 9480602 9481667 9500017 9509640 9512542 9519615 9520882 9530096 9534090 9538471 9539402 9550477 9552133 9571281 9575051 9586002 9592083 9594759 9621128 9623221 9630501 9632110 9633843 9635672 9638199 9644017 9647703 9652107 9656299 9662898 9667468 9669067 9677598 9682077 9686695 9687519 9693408 9698224 9716220 9719675 9721747 9723955 9730164 9737847 9741215 9745369 9747916 9753177 9756574 9758061 9759610 9763945 9766054 9768710 9770962 9775421 9776701 9780939 9782129 9786260 9787325 9791963 9796137 9799607 9803798 9808978 9811164 9813811 9816211 9824433 9831772 9835723 9838042 9840389 9850429 9862179 9869586 9871556 9882617 9884444 9888435 9892666 9896937 9918159 9919826 9921595 9929126 9931382 9939117 9942446 9947355 9954418 9958796 9963755 9975023 9977151 9986911 9989653 9990598 9993533 9994341 9995437 
</Matrix>
<Matrix name="Neuron_707" type="complete" rows="1" columns="3482" multiplier="1.0">
   2482 3890 6611 7970 10438 15280 21018 23092 23955 25370 27039 34026 37963 40824 43825 44908 47205 47936 56043 57068 58340 61555 64711 66341 69583 70915 74359 75785 77624 80736 86208 86848 88805 92615 95653 97800 100159 103102 105804 106721 108289 109926 111236 114505 115995 118654 120096 122308 124950 129763 131281 134787 138112 140192 140788 141929 143814 148655 150062 152973 157395 159538 163395 165073 167431 169127 171619 176021 176940 179058 180216 183226 186884 187847 188767 189717 192424 196574 199450 202425 203789 208028 210522 213777 215459 217045 222228 223549 225203 226161 227118 229633 231396 236592 240874 245212 247975 254019 256225 265090 269251 270378 278697 279697 281379 286103 287944 290132 295158 298681 299871 302202 305125 307988 310139 312485 314357 317220 319663 322713 325705 326870 328946 331437 332263 332835 336083 339230 345257 346199 347830 350081 352380 353582 355131 356410 359438 362670 366758 370973 373582 376073 382798 386708 387857 391021 393148 394036 402081 402912 404442 409825 411645 419112 422703 423846 425042 426345 432239 433550 435871 438252 439039 442814 443659 448387 452496 455454 458969 462339 463557 466954 469112 470132 473330 478444 481611 486043 487057 490301 491775 495594 496799 498320 500426 501700 505708 507609 509783 512588 518021 520155 522316 524011 525390 532744 535768 541502 544455 548241 555528 557182 557823 559885 562349 565444 566899 569557 571736 572572 575100 578372 580704 581910 583914 584724 586604 590934 592610 596659 603346 606280 608385 613433 618785 621029 623422 624759 630454 634658 636835 639776 642454 644569 653230 654605 656842 660892 661921 663492 665465 667368 669807 673295 674699 676001 677341 679018 679816 684790 685908 690847 692972 694130 698474 700050 703410 704801 711354 712880 716027 722745 725009 726141 728496 730333 733319 734898 737669 739222 740222 744083 745407 751238 754572 761152 763222 765451 772392 773868 776465 778044 782318 784937 787263 789477 791444 793126 799252 803267 803933 805734 808040 809638 811163 812240 813588 814790 817063 818304 826155 828330 831629 833164 833707 836216 838488 843323 846288 856511 860875 865277 869390 876129 876871 878848 884873 889626 890393 891253 894911 895868 899991 906128 907594 911020 912465 915417 918348 920075 921409 923041 923939 925696 927948 931156 934489 935470 936550 937358 938946 940300 943105 946713 956190 957092 965881 968162 969460 972545 975356 980023 986812 989495 993762 1001138 1001918 1003428 1007588 1008980 1010220 1013199 1014830 1016935 1017742 1019297 1024653 1026435 1031958 1042432 1049573 1050528 1054462 1057127 1062189 1071854 1073907 1075599 1077030 1080101 1086169 1087579 1088588 1092433 1094067 1101514 1103787 1108192 1110217 1116380 1118441 1120518 1123409 1125588 1129158 1132239 1133527 1137215 1138985 1140504 1141868 1144448 1147232 1154462 1155733 1157216 1159920 1161776 1167819 1168993 1171915 1174128 1182095 1186612 1188270 1192882 1195794 1198733 1199588 1201734 1205463 1209641 1214378 1216347 1220491 1225396 1226590 1232905 1238349 1240380 1242230 1244494 1248548 1250831 1253568 1254518 1256994 1260239 1262195 1263055 1269713 1273022 1276802 1278270 1281150 1283225 1285455 1290073 1291376 1294065 1297193 1299512 1301964 1303419 1305004 1307476 1313276 1314042 1315184 1319591 1322701 1328627 1329721 1334628 1338655 1340116 1341723 1342578 1348315 1351487 1354669 1355519 1356117 1356963 1361972 1364353 1371238 1376794 1378926 1382310 1386778 1389025 1390299 1394092 1395430 1397218 1398945 1402853 1405731 1407635 1408514 1410374 1411932 1416512 1418676 1423435 1428388 1432063 1434321 1436739 1439008 1440014 1441450 1444475 1445974 1447181 1449246 1452529 1455114 1463981 1466781 1469095 1472175 1475374 1477642 1480556 1483701 1493071 1494542 1495462 1496871 1499652 1500869 1506523 1508873 1510188 1512873 1515402 1519710 1521076 1522322 1523876 1524906 1527376 1529964 1531544 1532524 1533465 1536543 1537915 1539588 1543669 1547095 1549190 1550071 1551874 1555118 1556595 1558653 1562308 1563409 1565213 1566853 1568567 1569550 1572860 1578578 1579452 1581677 1585464 1586711 1589228 1591339 1594462 1597416 1601423 1604268 1608563 1610596 1612119 1618364 1619672 1625362 1629517 1634123 1636680 1638626 1640296 1642772 1644911 1646007 1649343 1651905 1653426 1654907 1658102 1661586 1664093 1666324 1667473 1668206 1672656 1676726 1679262 1680816 1681588 1684030 1686416 1687899 1689614 1693342 1694956 1696110 1697655 1703044 1703824 1708302 1711818 1714968 1721023 1724177 1724954 1726005 1728654 1730652 1738323 1741094 1744143 1745388 1746288 1751166 1757067 1758890 1759887 1760641 1761372 1770110 1771505 1774048 1779332 1781578 1784027 1787948 1794822 1797916 1801135 1804193 1806002 1815976 1818623 1821004 1823216 1826866 1831043 1832090 1838056 1842456 1849728 1851944 1852993 1857434 1862046 1863351 1866838 1874281 1875648 1879362 1881829 1883822 1885559 1886942 1887794 1890872 1892309 1895803 1896932 1899683 1900481 1904501 1905563 1907673 1911701 1912494 1913800 1915038 1916966 1917937 1919003 1921322 1923127 1924308 1927163 1928214 1930508 1931775 1934362 1938340 1939483 1946067 1950084 1951076 1952096 1956421 1958915 1960201 1962376 1971404 1973279 1974486 1977557 1986253 1987287 1990571 1991743 1993330 1993999 1996054 1997060 2002180 2003923 2005859 2006942 2011001 2011827 2013915 2016399 2020146 2020641 2022472 2023612 2027647 2029755 2032225 2035129 2036608 2038539 2042115 2045050 2047032 2048280 2057296 2060869 2061788 2062484 2064077 2068161 2072002 2072709 2075016 2077680 2080992 2082052 2084288 2085629 2088050 2091125 2093261 2099763 2101912 2104873 2106070 2109495 2110550 2111763 2114670 2117371 2117928 2129479 2132989 2140319 2146669 2147431 2148767 2151580 2154598 2156033 2157805 2159118 2162233 2163504 2166587 2172505 2174210 2175247 2180111 2182751 2189414 2194656 2198295 2201175 2204005 2212112 2214051 2217235 2221906 2223783 2225673 2229830 2231462 2232697 2233968 2236385 2241326 2242664 2243726 2244588 2248404 2250451 2260193 2261855 2264378 2267224 2272023 2273516 2278063 2282378 2284653 2292518 2295689 2298901 2300576 2301336 2303550 2307317 2312692 2314986 2316056 2318848 2321252 2322162 2325103 2331990 2334185 2335439 2339707 2341663 2344083 2345059 2352080 2354369 2361821 2368337 2370103 2371401 2372681 2374365 2379245 2383425 2389964 2392504 2393728 2396213 2397237 2398316 2402458 2404294 2406254 2408852 2409830 2412038 2414408 2415691 2418204 2419453 2424401 2425214 2431164 2432808 2435448 2436721 2442407 2445876 2446604 2466713 2467583 2468993 2470013 2473231 2479069 2481627 2483587 2485189 2486826 2492176 2495093 2496620 2498257 2503106 2506680 2512588 2515690 2518275 2522451 2525170 2526573 2529819 2530880 2533749 2540531 2542884 2543684 2546491 2548381 2556589 2558800 2560947 2563445 2565261 2566495 2568278 2573513 2574558 2576170 2579920 2591710 2593220 2595868 2597892 2607425 2610713 2612642 2616060 2618054 2622077 2628461 2630473 2636823 2638188 2640605 2644772 2645938 2647359 2650197 2654161 2658832 2661093 2667167 2670100 2671195 2677350 2678926 2680197 2682378 2684756 2687050 2689699 2693910 2700782 2702788 2704059 2705838 2710348 2715433 2717282 2718615 2721927 2723351 2729849 2731046 2737444 2741898 2743210 2744517 2746474 2749136 2752500 2762767 2768692 2773193 2776877 2778619 2779499 2781679 2782317 2787741 2789222 2792313 2794223 2795304 2797267 2801690 2803152 2804987 2806163 2807252 2808532 2810119 2811966 2816538 2818103 2823135 2824703 2825410 2827943 2831750 2834446 2835447 2836436 2838523 2840824 2842120 2843712 2845678 2848826 2850264 2853650 2860624 2863158 2864596 2866147 2870071 2872272 2874152 2875262 2877684 2881309 2882758 2886436 2887676 2891611 2894537 2898873 2901418 2903008 2904965 2906568 2910641 2916712 2918318 2920761 2921674 2923376 2927534 2928435 2931616 2935000 2937103 2939436 2940967 2946925 2952972 2958307 2961151 2962184 2964161 2969023 2971343 2975731 2979295 2981044 2982846 2984276 2986570 2990206 2991937 2994754 3004390 3007704 3010240 3012283 3012935 3015211 3017584 3019071 3021165 3023497 3025554 3028109 3031820 3034404 3037258 3038915 3041045 3042034 3044645 3046948 3048276 3050150 3056502 3061064 3062763 3064045 3066248 3067553 3068946 3070608 3072256 3075968 3077689 3079600 3088394 3091378 3093628 3094619 3100250 3102419 3106066 3106696 3109440 3110695 3115498 3121432 3122289 3128882 3130993 3133332 3134570 3137531 3139155 3139958 3141440 3145299 3150022 3151098 3152470 3153645 3154533 3157376 3158851 3159504 3162273 3167780 3169857 3173102 3176668 3178464 3181916 3184405 3188455 3189901 3193381 3194560 3197598 3199293 3203392 3205249 3211705 3213132 3214019 3216963 3218152 3219337 3226593 3229379 3231908 3233352 3235123 3236473 3239050 3240001 3242348 3243430 3248938 3249952 3254023 3255035 3256447 3257539 3259562 3265839 3275183 3277084 3280311 3281533 3285476 3289919 3291659 3293638 3296121 3298870 3303460 3305172 3309267 3312836 3315496 3316573 3318034 3318884 3323188 3323884 3326852 3331446 3338193 3342567 3346600 3351737 3353987 3358506 3359905 3361713 3363409 3365567 3368560 3376118 3377844 3382771 3384500 3388120 3389890 3390826 3391802 3393983 3399544 3402299 3407370 3408546 3409791 3413515 3417728 3423804 3428078 3430923 3433368 3434398 3438128 3439292 3441074 3444090 3445524 3447186 3448450 3450620 3454077 3457132 3460341 3464856 3467695 3468799 3469997 3470952 3472153 3474077 3477048 3479006 3480973 3482617 3486743 3487845 3492288 3494498 3497026 3500205 3502680 3506489 3507925 3509348 3510616 3511852 3513826 3515157 3517433 3519433 3523465 3526100 3527320 3527854 3533659 3536260 3539125 3542177 3547404 3548327 3549163 3550722 3552028 3553747 3555354 3556912 3558760 3559795 3565568 3566989 3568819 3570775 3575862 3579843 3582298 3585045 3587283 3594853 3596965 3598364 3603500 3606104 3608565 3609781 3615465 3616982 3621101 3622976 3624294 3625303 3627638 3628508 3629789 3634205 3635444 3637590 3643022 3644013 3646701 3650829 3653516 3655599 3656680 3658315 3666839 3668571 3670216 3672819 3673942 3675099 3686134 3690061 3690684 3691782 3695908 3699051 3700697 3703115 3705370 3706773 3708430 3709728 3710871 3714322 3717560 3719166 3720689 3726095 3728551 3729894 3731943 3735704 3744270 3745852 3749439 3753710 3756239 3757596 3758858 3763198 3764364 3765672 3768026 3773462 3777749 3780441 3781416 3787605 3792887 3794128 3795951 3803750 3810773 3813496 3817453 3820007 3821897 3826674 3831196 3834388 3838872 3842856 3843382 3843965 3845527 3846486 3854539 3855814 3860069 3862043 3864278 3866498 3867497 3870070 3875214 3876869 3883339 3886169 3888771 3891484 3896711 3898507 3899350 3900556 3902235 3904205 3905558 3906390 3908112 3909371 3910835 3912549 3914941 3917617 3922195 3928087 3929245 3932757 3937759 3939894 3942064 3947200 3948785 3950666 3952833 3954899 3956255 3960053 3961810 3963305 3967140 3969171 3970733 3971519 3973513 3975439 3977871 3981267 3983383 3990896 3992596 3993647 3995801 3997427 3999485 4003595 4008591 4010848 4012860 4019975 4024900 4031581 4033247 4034308 4043718 4045360 4046681 4048547 4049906 4050833 4052972 4053908 4054568 4056587 4058400 4062012 4075365 4078253 4081405 4087190 4088285 4090804 4094930 4096861 4098508 4101781 4104137 4108134 4110721 4114521 4116447 4117838 4119727 4123737 4125020 4131075 4136392 4137599 4139205 4147279 4154903 4156402 4158541 4160114 4160956 4162148 4166290 4168080 4172685 4177839 4183338 4198811 4201172 4205513 4209261 4211495 4216504 4219654 4223491 4224356 4225191 4226521 4229662 4231728 4235803 4237005 4239236 4241134 4242279 4243516 4248086 4251830 4254039 4258506 4259431 4261580 4264993 4266814 4269644 4270952 4278978 4279768 4284709 4285611 4286689 4288259 4290001 4292818 4294201 4296240 4298410 4300385 4304324 4305774 4306645 4310526 4311742 4314864 4318942 4319647 4322934 4329481 4333796 4342191 4352255 4354263 4355608 4360486 4361958 4363799 4364956 4366332 4369672 4371592 4375512 4378769 4380920 4382190 4386501 4389790 4390882 4391931 4395019 4395668 4396277 4398550 4401600 4404250 4405654 4408866 4409942 4412787 4417883 4422127 4428158 4433163 4437423 4443371 4446830 4450961 4451982 4454214 4458648 4461439 4463045 4464533 4466662 4468208 4469509 4471402 4475962 4479206 4481813 4482770 4483884 4486397 4488856 4490186 4495454 4497008 4499756 4501679 4503350 4507764 4510892 4513985 4515871 4518783 4520952 4524297 4526000 4530368 4534948 4540684 4544292 4548624 4562309 4564189 4566412 4568549 4575933 4577025 4578343 4582542 4587988 4589025 4590869 4594175 4595384 4598457 4605042 4606077 4607063 4612399 4616441 4620954 4622420 4624156 4626917 4629526 4631522 4633680 4638080 4644398 4646015 4647112 4648388 4655200 4656572 4659012 4659950 4663147 4665240 4666348 4671306 4675428 4676455 4679682 4682121 4687441 4688754 4692921 4695428 4696657 4704477 4708018 4710022 4711045 4713281 4719898 4723209 4733441 4734366 4734927 4741206 4744712 4748462 4749421 4755091 4756891 4757814 4758395 4761529 4762776 4765919 4770870 4774517 4777848 4781653 4782874 4784960 4785737 4790993 4792519 4795686 4798227 4802084 4803518 4806034 4807349 4808385 4809655 4813190 4820353 4823505 4825758 4827091 4831032 4836731 4842416 4844792 4845858 4847665 4850304 4851482 4855202 4855968 4858273 4860578 4862106 4864125 4865752 4866949 4876128 4879607 4881082 4884088 4885952 4890374 4896098 4899486 4901901 4903445 4905608 4911038 4914088 4917169 4918482 4919206 4920280 4922780 4924387 4927028 4930168 4933642 4937544 4939601 4943423 4944936 4947319 4951272 4953392 4958018 4959816 4960733 4962443 4969316 4970545 4973689 4975003 4976884 4979967 4982448 4984092 4986085 4990334 4997495 4998283 5000373 5002058 5003775 5011442 5012529 5014530 5016209 5022576 5023699 5025363 5028601 5030343 5032340 5033356 5036353 5037457 5038800 5041155 5042684 5047620 5049239 5050638 5052647 5055708 5058805 5062666 5065547 5066407 5069859 5076961 5078901 5083551 5085165 5086215 5088685 5090948 5092468 5094891 5095927 5097596 5099011 5100101 5102322 5103472 5105174 5106490 5109720 5115247 5115995 5119189 5122465 5124004 5124882 5127454 5128425 5130053 5130715 5133790 5135969 5137193 5139599 5146074 5151018 5153807 5159619 5160780 5162668 5164187 5165507 5168203 5170085 5171153 5172983 5173930 5174976 5178295 5178964 5182916 5183856 5185620 5187188 5193248 5195205 5196907 5198347 5200044 5202290 5206147 5208426 5211777 5213828 5214829 5218260 5221473 5224791 5226626 5227690 5229881 5231519 5233098 5234581 5236717 5239033 5239886 5241332 5245316 5249800 5251577 5255574 5256954 5260631 5262367 5263029 5263860 5265224 5272118 5273257 5278192 5280001 5284033 5286239 5289400 5290216 5291070 5292744 5294325 5296511 5298046 5304983 5305838 5308861 5314187 5318458 5326442 5334345 5337999 5341232 5341788 5345860 5349649 5351886 5353638 5356701 5358907 5362195 5364152 5366452 5366970 5372561 5375330 5376477 5378531 5380838 5386296 5387655 5389629 5395002 5396198 5398226 5401110 5402496 5405092 5410141 5412327 5418093 5419806 5421754 5423203 5426471 5428433 5430764 5433136 5434988 5436678 5437762 5439399 5442145 5446242 5449161 5452145 5459232 5460417 5462577 5465878 5469731 5470901 5477041 5477847 5481450 5485228 5491354 5494976 5497410 5499047 5500142 5502768 5505000 5506690 5509713 5512432 5516173 5518058 5521770 5524504 5525882 5529842 5531414 5533223 5535585 5536816 5537511 5538975 5539902 5547167 5549031 5551897 5553757 5556581 5558829 5560168 5563266 5565753 5566907 5572182 5574030 5576106 5580809 5588080 5589235 5591575 5592509 5594140 5595615 5598144 5601883 5602925 5605892 5609117 5610532 5614171 5617612 5619322 5620021 5623708 5625786 5627446 5629974 5632075 5635341 5636975 5642430 5645642 5647039 5649927 5652442 5653978 5654627 5656651 5659461 5661386 5662263 5665778 5668406 5669329 5675933 5682014 5688412 5691741 5693487 5694947 5702420 5704727 5709591 5715208 5717890 5723055 5726210 5727207 5735764 5738455 5741100 5742870 5744750 5746592 5750708 5754754 5759693 5763751 5765819 5770047 5772783 5774882 5779045 5779994 5780984 5782716 5787125 5789500 5790941 5796262 5800350 5801554 5807854 5810430 5813671 5814812 5818381 5823735 5824974 5825843 5827384 5832414 5836008 5837717 5841578 5843531 5847139 5849334 5853862 5855351 5856423 5857947 5860247 5863739 5866028 5872346 5877803 5879482 5880560 5881523 5882936 5884118 5887574 5891264 5893083 5895881 5897901 5907576 5910020 5912143 5917350 5918050 5924713 5935349 5937396 5938371 5943809 5945412 5947899 5951411 5953400 5955915 5957251 5958933 5960437 5961576 5965198 5967403 5970189 5971924 5973535 5976110 5981994 5982717 5984818 5987251 5992365 5994434 5996085 5997693 5999494 6000623 6001870 6003828 6007552 6014645 6020837 6021828 6027039 6033017 6034827 6036400 6038339 6040399 6044990 6046456 6049304 6050622 6051979 6052864 6054692 6057427 6061165 6063162 6064367 6065537 6066644 6069046 6069996 6075108 6077720 6080223 6082339 6087213 6090909 6094553 6096979 6098511 6104124 6105624 6112387 6113241 6115507 6116765 6120773 6122540 6123945 6125029 6126890 6129818 6130966 6133237 6134761 6137624 6138953 6146567 6147091 6152189 6156482 6157966 6159355 6160700 6166451 6171303 6172816 6175247 6176551 6183512 6189732 6192468 6199274 6204225 6205700 6221881 6223370 6224654 6226347 6229013 6231894 6233371 6234720 6242093 6249085 6252833 6254808 6257318 6260894 6263711 6268911 6273102 6276772 6279519 6281269 6284267 6286400 6290159 6291396 6293055 6298782 6302654 6305686 6309440 6310214 6315749 6316694 6320001 6325830 6329993 6330946 6332332 6334005 6336972 6339797 6342058 6345216 6349085 6353531 6355244 6360394 6361504 6366718 6373031 6373942 6375283 6377801 6383977 6390134 6391855 6393613 6400063 6401274 6406408 6412496 6416224 6418708 6420612 6422981 6427692 6428695 6435679 6437616 6441764 6443636 6446614 6448632 6451064 6451823 6455874 6458820 6469274 6470201 6471281 6474023 6477090 6480021 6483989 6485903 6487755 6490008 6494115 6498034 6507283 6513049 6514623 6515995 6516736 6518372 6520577 6522076 6524500 6532763 6534707 6536692 6538741 6541007 6542385 6547303 6551499 6553798 6557133 6558299 6559445 6561367 6562252 6563494 6568970 6573125 6577284 6580746 6582360 6584421 6585657 6586844 6588711 6591526 6593119 6598184 6600040 6603168 6605326 6611339 6613282 6614321 6615201 6616900 6619424 6623130 6624820 6626588 6631076 6635747 6639252 6640076 6644399 6645482 6646311 6649391 6651336 6652331 6654988 6656966 6659887 6661828 6667250 6669059 6675742 6676916 6679512 6680868 6689179 6690426 6695226 6697676 6699691 6704996 6707861 6709750 6712968 6714741 6717728 6720958 6722266 6723976 6724945 6726545 6727987 6728821 6730301 6738326 6739735 6740834 6744110 6748395 6749215 6750242 6754440 6756943 6765200 6767735 6770466 6772567 6773961 6774826 6776928 6781131 6783165 6784076 6788734 6790932 6793143 6794015 6795317 6797096 6802745 6806285 6808254 6815891 6816935 6819082 6822856 6826124 6828065 6830187 6833736 6834716 6836244 6840601 6848048 6851049 6852400 6856243 6857933 6862886 6863660 6865000 6865624 6867667 6869603 6872994 6874471 6880578 6881664 6887908 6888858 6891931 6898042 6910280 6911845 6913636 6915324 6918882 6922452 6925106 6926978 6928227 6930411 6933991 6936281 6937448 6940564 6943602 6945700 6948349 6954194 6955283 6957705 6959446 6960911 6961904 6967575 6971684 6972580 6976127 6976988 6978240 6979916 6981804 6982897 6985766 6990051 6992393 6994353 6995736 6997645 7000072 7001457 7006616 7008296 7010582 7012277 7014800 7017525 7018517 7021056 7025182 7026633 7029271 7031725 7032984 7035929 7037309 7039122 7041426 7045467 7050579 7051640 7052380 7055961 7057053 7058502 7060204 7062162 7064052 7066170 7067718 7073100 7079047 7080759 7083471 7093927 7096793 7098016 7103740 7106727 7107539 7112269 7113316 7117153 7119976 7123925 7126250 7128031 7130719 7133592 7135825 7142583 7146006 7149920 7156736 7158105 7159244 7161754 7162532 7163520 7165280 7170750 7173807 7176176 7178224 7180102 7181006 7182646 7189937 7190948 7192476 7198482 7199866 7203078 7224334 7226284 7228071 7231354 7233872 7234962 7238514 7244871 7246872 7248680 7250474 7255353 7258196 7266737 7267759 7274732 7276077 7279028 7281829 7282851 7289751 7290838 7293492 7298847 7299862 7301899 7303543 7306123 7308729 7310294 7313850 7315345 7321878 7323015 7325695 7327913 7329279 7331892 7334585 7335801 7339261 7340974 7342934 7345405 7347130 7348997 7350907 7358248 7360152 7363604 7364624 7367045 7371676 7375472 7382729 7385264 7390416 7392685 7393811 7396201 7399796 7402485 7409092 7411354 7419162 7420712 7423274 7428332 7430374 7431645 7440610 7441512 7446058 7448847 7450140 7451887 7455427 7460529 7462503 7465110 7466456 7470369 7471183 7473606 7474515 7476305 7479538 7480511 7484319 7485597 7487061 7488373 7490008 7493471 7495000 7495988 7501603 7502960 7507391 7510672 7514689 7519347 7520386 7521270 7523350 7526956 7528519 7529359 7532426 7535275 7537405 7541076 7543139 7544240 7547146 7549139 7551691 7558614 7559715 7561015 7561914 7562940 7573308 7574990 7578987 7591279 7594665 7597706 7599107 7603382 7605679 7606959 7607704 7611587 7615713 7618473 7619884 7621612 7623576 7625322 7632460 7634072 7644294 7647783 7648904 7651783 7653807 7655123 7656830 7658372 7665610 7667612 7671122 7677922 7683988 7685559 7686762 7691296 7693338 7695608 7697982 7698714 7700519 7701679 7702601 7706028 7707183 7708481 7712424 7719809 7721101 7724367 7727198 7728183 7733472 7734134 7736011 7738787 7740893 7749151 7756008 7757899 7765945 7771556 7772969 7777879 7780465 7786499 7790570 7797667 7800428 7801340 7803946 7805638 7811144 7815924 7819063 7821347 7822195 7829929 7835195 7838953 7844072 7846918 7850173 7852801 7858653 7863531 7865702 7866709 7868974 7872774 7875379 7876891 7884025 7886140 7887674 7890657 7899081 7901078 7903377 7905097 7906574 7909105 7920492 7922673 7924046 7926685 7927714 7928581 7930270 7931131 7934528 7937540 7938742 7942097 7946041 7949537 7954240 7955301 7956653 7959657 7961447 7965791 7966783 7971709 7973354 7977609 7979501 7981007 7984925 7986032 7992426 7994870 7998810 8003022 8005573 8007332 8009559 8011307 8014206 8016278 8018236 8020750 8022390 8026789 8027971 8030074 8031969 8033242 8034383 8035821 8039480 8040480 8046760 8047916 8054517 8055671 8062469 8065478 8066591 8067683 8068820 8070958 8072792 8074820 8076798 8078855 8081129 8082355 8086623 8091395 8095084 8097573 8101390 8103066 8103720 8111743 8113001 8113803 8116525 8118981 8122172 8125889 8126981 8128113 8135288 8137599 8139607 8140640 8146140 8148158 8152049 8154472 8155365 8163616 8167947 8170706 8172840 8174150 8175959 8177680 8179586 8181108 8184858 8186284 8189636 8193864 8195220 8197194 8198502 8206594 8207730 8211362 8212423 8213288 8216062 8218131 8220585 8221629 8223253 8227998 8233686 8236151 8241272 8245473 8249659 8250969 8253542 8261214 8265119 8268511 8269140 8270882 8272334 8274439 8283032 8284450 8289644 8294554 8297874 8300365 8301378 8302077 8302846 8306390 8308398 8309951 8314272 8316358 8320932 8324558 8331118 8335471 8338492 8340693 8342860 8343829 8345426 8349146 8350387 8352428 8357035 8364480 8369058 8371427 8373397 8381291 8389761 8392218 8394731 8396180 8397978 8398892 8399892 8402435 8405807 8406836 8412855 8415012 8416114 8416879 8419616 8423200 8427054 8428132 8430017 8434742 8437581 8439015 8440921 8442348 8449540 8454670 8457446 8459107 8464346 8465724 8472032 8473926 8476953 8480782 8482012 8490692 8491419 8497379 8498872 8500445 8503120 8508912 8515002 8518655 8519456 8523763 8526441 8534271 8536738 8539384 8541695 8545383 8554331 8561244 8562524 8566273 8567299 8571132 8573280 8574842 8578517 8581342 8584785 8586719 8590491 8592525 8593831 8595802 8601701 8603882 8606766 8607618 8609518 8610917 8612371 8613744 8618241 8620336 8626003 8627373 8630490 8634824 8637465 8638368 8643548 8647822 8648953 8649870 8652896 8656168 8658065 8658883 8664084 8665586 8668724 8674212 8674985 8678259 8679703 8681867 8684520 8685759 8688095 8689520 8691508 8698798 8706172 8707207 8710632 8711995 8713423 8715042 8717415 8718558 8721166 8721940 8723003 8725156 8727550 8731097 8732225 8733640 8743073 8745252 8746687 8749556 8753934 8755004 8756264 8757984 8759722 8760534 8762674 8765305 8766604 8770464 8775068 8781742 8783876 8785679 8787014 8789641 8790884 8791811 8793896 8799748 8801705 8802690 8809524 8812919 8814557 8816988 8819372 8820958 8822100 8822836 8825149 8830618 8833402 8835944 8838637 8840195 8843907 8844855 8848604 8851064 8854391 8856826 8859072 8862483 8864383 8867172 8868862 8870990 8872806 8876588 8879405 8882877 8883895 8888408 8891352 8894856 8903827 8912494 8913492 8916485 8917938 8922899 8927575 8930834 8931898 8933009 8937069 8937820 8940031 8941939 8943349 8946277 8948529 8951408 8954161 8955965 8957897 8962571 8963689 8965588 8967475 8970182 8973136 8980493 8982692 8985013 8987544 8991861 8992897 8997219 8998062 9006291 9008495 9009673 9011493 9014200 9015313 9019632 9020494 9024700 9026564 9027673 9028814 9031255 9032302 9036747 9037828 9039270 9040118 9041478 9043768 9045599 9046817 9049326 9051121 9059062 9063570 9073579 9075296 9077146 9081557 9082807 9092111 9092850 9095987 9097443 9099284 9102773 9105172 9108313 9109162 9110648 9112718 9121158 9122579 9128556 9131670 9133062 9138307 9139722 9144302 9148105 9149203 9150252 9155224 9157491 9159264 9163312 9165135 9167897 9171406 9172622 9174475 9175098 9180553 9181563 9185394 9187726 9191253 9193831 9195501 9197008 9199268 9202767 9207636 9209367 9211577 9214004 9215872 9218226 9220761 9222710 9228338 9230241 9236608 9243017 9250389 9252285 9254824 9256752 9259419 9260884 9261986 9270160 9273723 9275776 9286194 9290298 9297108 9299710 9302747 9305433 9307945 9311329 9314766 9317654 9318809 9320528 9325629 9328680 9331924 9334782 9336787 9338675 9340284 9343728 9345162 9347350 9352576 9353555 9358173 9366302 9368237 9370773 9375538 9378554 9380481 9386496 9396431 9397694 9400083 9404786 9406327 9409375 9411260 9415075 9416136 9417193 9418475 9421810 9426903 9429801 9431580 9434801 9435874 9438791 9442637 9444568 9446978 9449113 9451515 9452704 9455563 9458460 9460503 9461391 9463089 9467762 9473298 9475098 9476194 9478052 9479874 9482668 9485902 9487152 9490273 9494449 9495628 9497588 9499827 9503044 9504162 9507957 9510913 9513131 9515016 9516619 9519840 9520876 9523526 9527363 9528906 9534209 9535272 9537766 9541116 9542515 9544878 9546564 9547286 9548915 9553599 9557170 9559914 9566240 9569563 9573602 9575939 9578885 9582301 9584087 9590971 9593778 9598320 9602353 9604234 9605724 9606948 9608018 9612542 9616871 9619035 9623187 9628225 9630765 9632322 9633929 9635122 9636677 9638518 9641117 9643723 9647165 9648498 9658429 9660799 9662001 9663636 9670375 9673487 9675393 9676033 9677885 9682664 9683888 9687049 9689050 9690681 9696204 9705664 9706699 9708931 9710622 9711836 9713018 9714521 9717394 9719778 9725914 9727610 9731400 9735198 9739016 9739932 9743564 9746493 9748994 9756518 9758133 9764002 9766784 9771688 9774011 9778549 9780719 9784723 9790938 9793058 9795971 9799597 9800480 9802602 9805904 9813209 9819323 9821277 9822890 9825776 9828139 9828973 9829935 9831604 9835324 9840285 9842475 9843966 9847755 9848583 9849485 9852866 9856051 9857779 9862103 9863982 9867767 9876869 9882826 9883671 9884645 9885757 9890269 9892014 9893208 9894914 9898758 9899688 9902242 9904832 9905761 9907201 9909173 9910722 9913825 9915792 9917728 9920014 9924367 9925658 9928738 9939970 9945684 9957024 9961954 9965531 9968281 9972245 9975215 9976366 9980660 9982969 9986143 9987443 9989193 9990583 9991699 9994774 9995470 9996724 9997732 
</Matrix>
<Matrix name="Neuron_717" type="complete" rows="1" columns="5916" multiplier="1.0">
   665 2556 4498 6342 7944 8905 12094 14664 16018 16864 17724 18385 20255 20969 23606 24435 25946 29597 31380 32439 33264 34444 35557 36165 36864 37820 38381 40187 41460 42540 43195 43870 47237 48932 50564 52605 55333 56345 57335 57992 58813 63024 63938 64596 65887 66764 68545 69200 70719 72709 73646 75916 77251 78451 79539 80884 83810 84791 88135 89945 91105 93248 94782 96141 98048 99684 103479 105124 106071 109740 111424 112786 114449 116349 117452 118532 119573 121256 123593 125201 131869 134369 136032 137467 138470 140227 141661 143461 145305 147001 147996 149471 152920 155325 156434 157126 158245 159764 161095 162759 164690 166458 168223 170347 175070 177737 181102 182363 185549 186603 187357 188074 188731 189529 191420 193550 194995 196234 200800 201625 202671 204035 208075 209094 211906 213045 214189 215254 217012 218955 221915 224254 225725 228115 230029 230895 232441 233387 234245 235022 236080 237446 243881 245184 246318 248002 248809 250306 253465 254754 255653 256451 257598 259025 259659 263586 269164 270107 271587 272265 273579 275690 277476 278963 280817 281497 282237 284604 287402 288549 289812 292299 292906 294511 298778 300745 302396 304872 306238 307171 308140 308951 310359 312582 314518 316301 317487 321211 323291 325521 330037 330981 331576 332678 337786 339721 341678 343206 345841 346750 350524 354072 356133 357172 358071 358995 360645 361356 363643 365467 366159 367366 368879 369730 371953 372980 376091 377863 379463 381733 383466 384433 385591 386947 387954 390403 391546 392778 394765 395547 396173 399568 400708 401425 402487 403763 405670 407521 409058 411005 411618 412520 413076 415757 418347 419336 421161 422131 423271 425396 427140 427974 430767 431562 433678 435021 436121 437687 442565 444698 445695 446627 448516 450433 451263 452186 453903 455688 457222 458596 459797 461269 462226 463735 465020 468109 470233 473198 474175 476211 477471 480042 481440 483076 484704 486348 487245 488347 489560 490938 493221 494294 495058 498076 499895 501023 502472 503353 505514 506733 508097 511702 513658 514486 517433 520908 522117 524208 525616 527565 528539 531627 535237 536165 537115 538352 539547 541565 544909 548423 549736 550559 551566 555057 556199 560298 560949 561717 563382 565968 567311 568079 569113 570330 571583 574987 578608 581207 582884 584206 586207 588268 590406 591777 592927 596399 599164 601120 602366 603554 604834 605850 609465 610530 612265 613830 614371 620122 621721 622557 624723 626737 627835 628497 629272 632851 633933 635227 636815 640004 641252 642665 643904 645609 646430 649887 653179 653957 655104 656564 657601 661851 663358 665074 666202 670042 670956 671687 673217 675910 676646 677612 678657 679583 680301 685268 688020 690483 691744 693604 694153 696027 697357 698284 699157 700074 702430 704232 705508 706841 707569 708531 712073 713720 715243 716460 717458 718481 718920 719788 723849 726679 727275 729244 730777 731951 732636 733873 735947 736643 738676 740723 741734 742718 745559 748072 749351 750396 752833 753567 755231 756395 757851 759937 761115 764044 765197 768962 770123 771446 772330 775104 776386 777204 778176 779353 780544 781644 782980 784084 785248 786183 787139 787932 790532 792619 797239 798988 803207 804822 806097 806978 807956 808894 810568 812134 814128 815228 817244 818378 819144 821033 822416 823987 824609 826589 828025 828823 830294 832701 834682 836875 838038 839615 843500 844345 845221 846918 849680 853047 854386 857470 859010 862065 863074 865623 866156 869698 871458 872434 873159 873781 874475 876818 877481 878228 879447 880393 881297 882283 883619 885667 887259 888142 889505 891715 893003 894369 897347 898280 900111 900940 901624 905266 906058 907257 908131 912649 915042 915906 917034 918275 919094 920196 921855 923947 924774 926153 926962 931151 931691 932455 933590 935296 938326 939836 941110 942589 948190 949692 952570 953347 954208 956469 957770 958719 959818 961610 963968 965652 967392 970516 971282 973383 976513 977148 978537 979259 983530 984213 986074 989834 990343 991230 992202 994161 995225 995858 996914 998309 999248 1001435 1002256 1005021 1006558 1007643 1009356 1011791 1013400 1014123 1015242 1017937 1019079 1020474 1021725 1022927 1024268 1025111 1026409 1027593 1028612 1029803 1032292 1033945 1034714 1035527 1038522 1039635 1042191 1043543 1046006 1047360 1048640 1050197 1051082 1052399 1053782 1054872 1058152 1059188 1062444 1067931 1068924 1070042 1071141 1071735 1073036 1074004 1076439 1077146 1078724 1079885 1081173 1083621 1085108 1086195 1087099 1090685 1093023 1094981 1097231 1098882 1099752 1100799 1103026 1103731 1104649 1105655 1107108 1108849 1109600 1112067 1112923 1117127 1118419 1119059 1121318 1122188 1122993 1124994 1126740 1127909 1128670 1130595 1131603 1132642 1133247 1135212 1136661 1139539 1140797 1142591 1147388 1148748 1150608 1151243 1152447 1154815 1155900 1156712 1158312 1159947 1164389 1166808 1167628 1168624 1169578 1171502 1173175 1176750 1181279 1185523 1187931 1189063 1190005 1190831 1192893 1195326 1198095 1201042 1202980 1204914 1206164 1209269 1211242 1211814 1213013 1215281 1216035 1217573 1219505 1220371 1221189 1222212 1223188 1225694 1227170 1229645 1230445 1231562 1232849 1234261 1234892 1237376 1239525 1240457 1242994 1244901 1249280 1250871 1252054 1253630 1254274 1254765 1255841 1259162 1260842 1262343 1263268 1264188 1266119 1266986 1268215 1269285 1270409 1272311 1273522 1276428 1278748 1280229 1283328 1285206 1286636 1289634 1291338 1292654 1293686 1294818 1295985 1297478 1298147 1299080 1301106 1302942 1304537 1307031 1308952 1310460 1313162 1315306 1316309 1318540 1319500 1321406 1322891 1324342 1326578 1329731 1331806 1333332 1336111 1337426 1340282 1344773 1346834 1351218 1352106 1352936 1353951 1354561 1356362 1359436 1362569 1364123 1366530 1368181 1369933 1373799 1375576 1377854 1380785 1382245 1384028 1389625 1391253 1392194 1394377 1395223 1398267 1399668 1400501 1403183 1405433 1408989 1410400 1412613 1413616 1414555 1415828 1417726 1419570 1420742 1422028 1422793 1424773 1426499 1429697 1430361 1431864 1433453 1435009 1435769 1438738 1440676 1443195 1444050 1446161 1448898 1451280 1452077 1453101 1454687 1455147 1456696 1458315 1459952 1460961 1462166 1464420 1465381 1467121 1467747 1468470 1469500 1470447 1471537 1472758 1474177 1474884 1476309 1479067 1480305 1481599 1482934 1484661 1487597 1488739 1491377 1494055 1495807 1496909 1498138 1501249 1502528 1505777 1507429 1510038 1511160 1512190 1519950 1521125 1522573 1523955 1524527 1527304 1528840 1530667 1532170 1533401 1534753 1536851 1537988 1539753 1543448 1545673 1546303 1549231 1550548 1551252 1552314 1553506 1554585 1555152 1558015 1560163 1562769 1563695 1566315 1567240 1568905 1569534 1571760 1572742 1574225 1574992 1576674 1577313 1578129 1579604 1580241 1582491 1583686 1585583 1587754 1588630 1590129 1592467 1594562 1595236 1596882 1598021 1599166 1602007 1603526 1604629 1609228 1610070 1611060 1612701 1613787 1614896 1616749 1618973 1620308 1621929 1623318 1624212 1625518 1626690 1629188 1630460 1631502 1633446 1634849 1635845 1638419 1640883 1641674 1649777 1650666 1654501 1656620 1658063 1659228 1660460 1661524 1662732 1664803 1668175 1671721 1673646 1675119 1675839 1676930 1678004 1678999 1679513 1680757 1681353 1683032 1684239 1685283 1687233 1688168 1690339 1691182 1693576 1695505 1697825 1699247 1700080 1701053 1702024 1703848 1706059 1708563 1711821 1714150 1716069 1718004 1719811 1720932 1722193 1723434 1724040 1725705 1726697 1728057 1729049 1730403 1731662 1734019 1735000 1735675 1736495 1737518 1738839 1741266 1742873 1744373 1745766 1747993 1749283 1750009 1751244 1752524 1755220 1757086 1758745 1761683 1763407 1766727 1767912 1770588 1771706 1773950 1775002 1776071 1777183 1777797 1778704 1779649 1781166 1781920 1783786 1784724 1786207 1789517 1791159 1791975 1793099 1796165 1797825 1802270 1803253 1804402 1805666 1808422 1810430 1811531 1813385 1814781 1816680 1817828 1819718 1822454 1825549 1828636 1829923 1836654 1839392 1839888 1843927 1847636 1848288 1848999 1851575 1853180 1855458 1856765 1859403 1861251 1862800 1863805 1865298 1866122 1866907 1868881 1871649 1873723 1875350 1876638 1877827 1878271 1879604 1881539 1883838 1885250 1887718 1889452 1890625 1891909 1893207 1893942 1896889 1897910 1899200 1900207 1902015 1903757 1904959 1906094 1907084 1908163 1908800 1910780 1912363 1914004 1917699 1918933 1920570 1923418 1925511 1927522 1930051 1932222 1933297 1934244 1936358 1938862 1939716 1941163 1941973 1943901 1945798 1946550 1949026 1949804 1951632 1952697 1954669 1955238 1956390 1957875 1959078 1959882 1962507 1965411 1966775 1970104 1971171 1972209 1973595 1974462 1976406 1977935 1979440 1980565 1984260 1986120 1987442 1989670 1991098 1992523 1994121 1995086 1998668 2002167 2006393 2007772 2009976 2011045 2011947 2012832 2014196 2015165 2016770 2017362 2020570 2021673 2022505 2023383 2025093 2027313 2028931 2030904 2032422 2033665 2036688 2037706 2040039 2040866 2042094 2045777 2048621 2050332 2052961 2053853 2057982 2062284 2064408 2069034 2070551 2071381 2073610 2075877 2076495 2077527 2078282 2079712 2081192 2082139 2084380 2086983 2088058 2089012 2090759 2093095 2093726 2094746 2098073 2098603 2100410 2101202 2102312 2102995 2104687 2105812 2109886 2111091 2112298 2113440 2114867 2116846 2118530 2120281 2122249 2122969 2125125 2125956 2128692 2134560 2135685 2136693 2137473 2138200 2140409 2141805 2142632 2143448 2144706 2147131 2151247 2152156 2154192 2155122 2156320 2157914 2158879 2159544 2162451 2163502 2164599 2166076 2167422 2172022 2173201 2174065 2174973 2175950 2179897 2181267 2182066 2187922 2189456 2190449 2191325 2198975 2199992 2201700 2202715 2203801 2204923 2205867 2207139 2209293 2210569 2211291 2212406 2215129 2216469 2217832 2219877 2224178 2225865 2226969 2227801 2229760 2230431 2231821 2234543 2237306 2238133 2238987 2239862 2242268 2244324 2245041 2248525 2250019 2252104 2253332 2254320 2255577 2256598 2257734 2259691 2261346 2262560 2264265 2265713 2268234 2269400 2270678 2272085 2273944 2274684 2275520 2276700 2277632 2278965 2280460 2281658 2283528 2284437 2285700 2286911 2288427 2292744 2294261 2295634 2299145 2302093 2302688 2304250 2304779 2305954 2306723 2307492 2309364 2310257 2312309 2313200 2314798 2317318 2318305 2319148 2319855 2320956 2321900 2323938 2327135 2330041 2331736 2333745 2334740 2335814 2337164 2338826 2339847 2340559 2344653 2345607 2350519 2351235 2353091 2354055 2356245 2358182 2359557 2360814 2362009 2363991 2364875 2365874 2368379 2370031 2371962 2373024 2375517 2378015 2380092 2381782 2384038 2385987 2386849 2391235 2392907 2393939 2395435 2397283 2399394 2400914 2403126 2404252 2405057 2407360 2409335 2410542 2411778 2413101 2413740 2415778 2417910 2419284 2420143 2421613 2422714 2423594 2424549 2425384 2426585 2428831 2430354 2433260 2434370 2435412 2436766 2437891 2440513 2444411 2445787 2449412 2450863 2452680 2453634 2455587 2456708 2457482 2459540 2460762 2462496 2463767 2464584 2466248 2467369 2468905 2469940 2471672 2473281 2473835 2477133 2478788 2483595 2484789 2485335 2488441 2491067 2492833 2494336 2495108 2498110 2498826 2499965 2502232 2503427 2504836 2506268 2507853 2508678 2510060 2511243 2512374 2513515 2515199 2515680 2516951 2518223 2520250 2523077 2527737 2528355 2529003 2532364 2533243 2534353 2536029 2538634 2539633 2544470 2546547 2547645 2548639 2549938 2550613 2552406 2558008 2560318 2562667 2563487 2564197 2566664 2568600 2569901 2570568 2572109 2573571 2576023 2578332 2579636 2582526 2583966 2586088 2586857 2587729 2589579 2590242 2593505 2595521 2599218 2602615 2604538 2606003 2609913 2611177 2612352 2612824 2614801 2615888 2617206 2619443 2620560 2623563 2627105 2628082 2629102 2630189 2631239 2632738 2633409 2636056 2636979 2639759 2642781 2645550 2646469 2647865 2651203 2652427 2654318 2656871 2659594 2661514 2663455 2663973 2665789 2667706 2668749 2670693 2672395 2677114 2679065 2680011 2681462 2683406 2685417 2686466 2691267 2695160 2696459 2697528 2698292 2699466 2700467 2701700 2702633 2704253 2705162 2707065 2707906 2708921 2710710 2712216 2713457 2715653 2718905 2719444 2721288 2722476 2723931 2725047 2725771 2726821 2727711 2728720 2730903 2733607 2734435 2736089 2737501 2738932 2739864 2740469 2742031 2743582 2746557 2749614 2756021 2758750 2763223 2764930 2765641 2768010 2768871 2771651 2772989 2773565 2774965 2776041 2779735 2780350 2784564 2785753 2787148 2788296 2791220 2792042 2793294 2793944 2795182 2796684 2798397 2800215 2800819 2803974 2804638 2807256 2808310 2809439 2810623 2811354 2813374 2814625 2816437 2817832 2819248 2821075 2822120 2823185 2823827 2825131 2826203 2827598 2830919 2833244 2835123 2836639 2837719 2839069 2839729 2841377 2843586 2844601 2846228 2847484 2849580 2851131 2854448 2855372 2856077 2857892 2858910 2860241 2862459 2864458 2866426 2867652 2871933 2873400 2874391 2876709 2879668 2880881 2882369 2885108 2885701 2886989 2887968 2889924 2890826 2893026 2894198 2896506 2897724 2898796 2900920 2901902 2903129 2904401 2905712 2906717 2907709 2909394 2911518 2912823 2919300 2923135 2924171 2926964 2930656 2932108 2933543 2937367 2938255 2939682 2940310 2941425 2943758 2944757 2946020 2947487 2948887 2949957 2951690 2953030 2953992 2957764 2958629 2959143 2960861 2961846 2962712 2964505 2965729 2966828 2967971 2969161 2970159 2971391 2973635 2975867 2976791 2978276 2979318 2980952 2981819 2983195 2984170 2985625 2987776 2989599 2992175 2993198 2994482 2995575 2998773 3000105 3004880 3008140 3009423 3010917 3011880 3013583 3014563 3016170 3018589 3019934 3021345 3022342 3024317 3025240 3027054 3029265 3030353 3031688 3033190 3034178 3036774 3037921 3038868 3039892 3040503 3041339 3043637 3044798 3045891 3048110 3048968 3050303 3050829 3051553 3052671 3054570 3056195 3058186 3059124 3060649 3062375 3064559 3065422 3066230 3067037 3070054 3072784 3074052 3075336 3076188 3077602 3079788 3083360 3086308 3089298 3090910 3091846 3093079 3097196 3100552 3102649 3104242 3104804 3106438 3107830 3108738 3109729 3110960 3112351 3113110 3115326 3117021 3119722 3120185 3121242 3122380 3125901 3126530 3128820 3130278 3130742 3131791 3137597 3138834 3139489 3140512 3145486 3148819 3149675 3151394 3151851 3154641 3156686 3159058 3161629 3162697 3163823 3164591 3166212 3166739 3167469 3168480 3172125 3173961 3175361 3177229 3178569 3180537 3181964 3183299 3184033 3185983 3189845 3190467 3192979 3193969 3196363 3197715 3201157 3202273 3203373 3207572 3208660 3209586 3210976 3212262 3213541 3217466 3218824 3220072 3223286 3224456 3226502 3229040 3230096 3231860 3233206 3235579 3236684 3237449 3241076 3243817 3245477 3247019 3248990 3249968 3250929 3252206 3253289 3254461 3255804 3259310 3260073 3261503 3263001 3263878 3264768 3265961 3268093 3269481 3270167 3273484 3277044 3280261 3282550 3284908 3286609 3287378 3288284 3289392 3291868 3293863 3297373 3298329 3299208 3300198 3301788 3303117 3303949 3304646 3305735 3306886 3308227 3309065 3309965 3310684 3312746 3315826 3316378 3317510 3321322 3324535 3325628 3329811 3330657 3331727 3332439 3334154 3335971 3336508 3337265 3340038 3341223 3342155 3343622 3345947 3346581 3348919 3350058 3353178 3355430 3357153 3357989 3361579 3363912 3364589 3366604 3367344 3369508 3372399 3373438 3374053 3375593 3376178 3378257 3379085 3380630 3383178 3385216 3386632 3388119 3389966 3392224 3394275 3396030 3398265 3399672 3401066 3402125 3402912 3405334 3405995 3407478 3408483 3409667 3411456 3412185 3414053 3415082 3416215 3418215 3418998 3419765 3420243 3421831 3422803 3426488 3427502 3430463 3431695 3432575 3434400 3437266 3440765 3441363 3442158 3443921 3444944 3446609 3448520 3451045 3452220 3453716 3458342 3459354 3459899 3462039 3465577 3467054 3468741 3469366 3471000 3472407 3473747 3475313 3476245 3477814 3478622 3481071 3484053 3485083 3486643 3488687 3490163 3491860 3494130 3495656 3496846 3497982 3500344 3501454 3504232 3509643 3511809 3512465 3513432 3514428 3515350 3517532 3518928 3522238 3523523 3524285 3525303 3525844 3529687 3532150 3533477 3534258 3535205 3536723 3537684 3538351 3538758 3540810 3542360 3543782 3544846 3545794 3548458 3549752 3551092 3555360 3556179 3557426 3558412 3559317 3560147 3561478 3563299 3565636 3567900 3568739 3570045 3571168 3572595 3575109 3575974 3576939 3577849 3579335 3580233 3581301 3582129 3583234 3584157 3585842 3586994 3588020 3588928 3589699 3596593 3598366 3599935 3601263 3602342 3604031 3606178 3609675 3612220 3614338 3615760 3616757 3617519 3618373 3620179 3621178 3622886 3624408 3626361 3627410 3631165 3633726 3634863 3638062 3640158 3641599 3642625 3644554 3646108 3647206 3648348 3649856 3651658 3654492 3656027 3657407 3658782 3659744 3660917 3663542 3665561 3667038 3668690 3669312 3670614 3672015 3672958 3675027 3676547 3677542 3678009 3679063 3680380 3682797 3684549 3686839 3689058 3690563 3692626 3695417 3698665 3700846 3701642 3703453 3704111 3705166 3707610 3708780 3710388 3714013 3714981 3715503 3717900 3718852 3719620 3722254 3723063 3724518 3727979 3729051 3730179 3731518 3732301 3733262 3734035 3735114 3736428 3739746 3741854 3743407 3744564 3746707 3749238 3756120 3756951 3757471 3760626 3762040 3762612 3764043 3764951 3767820 3770191 3771545 3772442 3776386 3777754 3778942 3780946 3783570 3785272 3789067 3790991 3794664 3795496 3796287 3798494 3799446 3800387 3803210 3803969 3805548 3806601 3808706 3811370 3812797 3814051 3818004 3819345 3820775 3821817 3822840 3824649 3826009 3826808 3830236 3831536 3832987 3834024 3835133 3836118 3837313 3837858 3840486 3841458 3843868 3845368 3845950 3847223 3849664 3851022 3851862 3852633 3854368 3856667 3857630 3859167 3862400 3863995 3866698 3869730 3870722 3871663 3874791 3877246 3878889 3883526 3884515 3887684 3888714 3890372 3891403 3892419 3892962 3894450 3895801 3896599 3898129 3902650 3903830 3904849 3907717 3908495 3909201 3912541 3915149 3916625 3917872 3918982 3920143 3920588 3921426 3923255 3924474 3928272 3929936 3930678 3932369 3933291 3933985 3934969 3936133 3937278 3938587 3939498 3940652 3941150 3943186 3944829 3946359 3948340 3950641 3952620 3953270 3953961 3955283 3956355 3957932 3958891 3959507 3960872 3962340 3963450 3964210 3965710 3967804 3970343 3972408 3974479 3975558 3977116 3978856 3979534 3980554 3981746 3984192 3985756 3987944 3989829 3991211 3992893 3995660 3998217 4000518 4002368 4005236 4006198 4008115 4010577 4011413 4013386 4015882 4017094 4019203 4020279 4021092 4024538 4027307 4027929 4028841 4029637 4031147 4032426 4033247 4034674 4035529 4036222 4038671 4040872 4041945 4045521 4048807 4051284 4051858 4052485 4055224 4056103 4057632 4058772 4059497 4060402 4061339 4064541 4066994 4069624 4071269 4073016 4076414 4077607 4079267 4080571 4081440 4085735 4088333 4090374 4094665 4095634 4098865 4099860 4100641 4102602 4104826 4106535 4107345 4107895 4108743 4109666 4113442 4115312 4116230 4117856 4120194 4122373 4124456 4125661 4128234 4129954 4131303 4132466 4133212 4134617 4136206 4141660 4142852 4143547 4146330 4148099 4151996 4153464 4154268 4156224 4160505 4162205 4165104 4166128 4167028 4168674 4171357 4173263 4174986 4176126 4177705 4179469 4181496 4185110 4185879 4186920 4188361 4190287 4192760 4194027 4194960 4196387 4197440 4199361 4203040 4206517 4207895 4209381 4210535 4211591 4213757 4215362 4216021 4217040 4217646 4220039 4222558 4224564 4228397 4231037 4231544 4235009 4236607 4238772 4241256 4242214 4242994 4243766 4245214 4247187 4249891 4250828 4252808 4253772 4255081 4257307 4258362 4260522 4261553 4262518 4265094 4266636 4268061 4269717 4270820 4272479 4273507 4274459 4275525 4276535 4277614 4279534 4283021 4284542 4286480 4287677 4289998 4293761 4295042 4299195 4301418 4302105 4304066 4308947 4309642 4311442 4313101 4313747 4315646 4318580 4321269 4322290 4323740 4324915 4328309 4331116 4332870 4334269 4335221 4336288 4338632 4340921 4342329 4344818 4345633 4346744 4347701 4348865 4349965 4351274 4353729 4355399 4356355 4357528 4358656 4360524 4365510 4366317 4366779 4367497 4370684 4372388 4374312 4374911 4376941 4379581 4380326 4381675 4382797 4384900 4387474 4391996 4392930 4393929 4395979 4396937 4399193 4401970 4405275 4410374 4411359 4412645 4414196 4415175 4417321 4418454 4420750 4422985 4424276 4428153 4429590 4431698 4433661 4434738 4436447 4439503 4440114 4443024 4443880 4446376 4448399 4449836 4450667 4454185 4455461 4458885 4460214 4461711 4462526 4463914 4466880 4467779 4469748 4471609 4473255 4476417 4479220 4480141 4481755 4487416 4488980 4489825 4491298 4492539 4495596 4496515 4497464 4500470 4500965 4504003 4507033 4508219 4509055 4510892 4512289 4513130 4514670 4515681 4516808 4518080 4519652 4520558 4521962 4523177 4524030 4527018 4528343 4530209 4531416 4532725 4534242 4535179 4537285 4538037 4539287 4542900 4544036 4546277 4551030 4552753 4554186 4555262 4557311 4558528 4559647 4560239 4560877 4563001 4566839 4568226 4569268 4571113 4572299 4573322 4574823 4575587 4576217 4577219 4579183 4580716 4582421 4583687 4585692 4588242 4589249 4590643 4592540 4594795 4597685 4599477 4600643 4603948 4604969 4606831 4610079 4611471 4612733 4614985 4616271 4619835 4621128 4625282 4626568 4628601 4629671 4630229 4633183 4634724 4635793 4636712 4637599 4640134 4641363 4642291 4645032 4646168 4647343 4648984 4651063 4652605 4653480 4655687 4657094 4658380 4659806 4662613 4663407 4664903 4666692 4667836 4670391 4671096 4672459 4674129 4676374 4678127 4685347 4686685 4688170 4689741 4692620 4694529 4695338 4696403 4697492 4698921 4701757 4709009 4712065 4713562 4714553 4716015 4717204 4718355 4719508 4720330 4723156 4724380 4726135 4727540 4728600 4729960 4730973 4731563 4733063 4734724 4735902 4736868 4737803 4738679 4741008 4742683 4744818 4746004 4747654 4751479 4752404 4753887 4754499 4761690 4766146 4767297 4769993 4771631 4773147 4773818 4774884 4778704 4781373 4782805 4784236 4784991 4786422 4787921 4788744 4789412 4791212 4792376 4796224 4798734 4800880 4802072 4805238 4807641 4812442 4813712 4815375 4816015 4816932 4817702 4819321 4820866 4823375 4824228 4826214 4827629 4828957 4830472 4831428 4834368 4835700 4837302 4838744 4840934 4842645 4846364 4848173 4849441 4850420 4852259 4854582 4855146 4858185 4859175 4860522 4861982 4862854 4865673 4867104 4870454 4871542 4872383 4874125 4875132 4876642 4880800 4882398 4884058 4891363 4893327 4894164 4894825 4896109 4897236 4898285 4900264 4901774 4906127 4907494 4909164 4910125 4911182 4912188 4913164 4913791 4914486 4916091 4916551 4918710 4920496 4921347 4922151 4923815 4924623 4925707 4927142 4927910 4930002 4931158 4935028 4937504 4940005 4941441 4942340 4943789 4945409 4948083 4948746 4951207 4952683 4955542 4956715 4958125 4960141 4961232 4962931 4965243 4966015 4966754 4967932 4969681 4975357 4977083 4978046 4978901 4979745 4980549 4982533 4985093 4988871 4989995 4991365 4992290 4995816 4999173 4999905 5001408 5002286 5003153 5004178 5005864 5006939 5009064 5010728 5012594 5013815 5015688 5017620 5020633 5021165 5022342 5023048 5024161 5025337 5026335 5027537 5031401 5035438 5036988 5038925 5039906 5041284 5042879 5043743 5045515 5046885 5047915 5049259 5050343 5053808 5055915 5056613 5057608 5058952 5060264 5061649 5062190 5063841 5064604 5065330 5066722 5069957 5071944 5074164 5075044 5077984 5080066 5081188 5082034 5084586 5088164 5089760 5090787 5092181 5093481 5094306 5095415 5099418 5100478 5101920 5102758 5103628 5105301 5106523 5108057 5108653 5109644 5110200 5112787 5113956 5115449 5116108 5117235 5118222 5119342 5120540 5121605 5123538 5124423 5125482 5128056 5129706 5131129 5132375 5135209 5136432 5137402 5139791 5140475 5144898 5146253 5147515 5148722 5150025 5153008 5154320 5154791 5156639 5157455 5158330 5159420 5162318 5163135 5164006 5165032 5168537 5170290 5172197 5174954 5176095 5177136 5180344 5182355 5184161 5185194 5186030 5187314 5188111 5189579 5190592 5191483 5193358 5194980 5197715 5199174 5200654 5201819 5202686 5204266 5205284 5212444 5214599 5216914 5217892 5218841 5219987 5221360 5222192 5224761 5227467 5228527 5231128 5232306 5234244 5235481 5236783 5239578 5241491 5243825 5247703 5248744 5249872 5252320 5253020 5254568 5255982 5256788 5258877 5261386 5265934 5267806 5269161 5270029 5270972 5273406 5275780 5277407 5278589 5280232 5283235 5284025 5285739 5286696 5287520 5288255 5289969 5290854 5291518 5292809 5294444 5295046 5296604 5297190 5297992 5299273 5300463 5304706 5306344 5309415 5310220 5311788 5312455 5317073 5318219 5319422 5320125 5321669 5322886 5323680 5326137 5327855 5329032 5329870 5330676 5332631 5334101 5335769 5338732 5340180 5342449 5345719 5346839 5348465 5349074 5349842 5350941 5352013 5354132 5355175 5361103 5365070 5366811 5367706 5369109 5370679 5375358 5376442 5377402 5379086 5382087 5384320 5387639 5389001 5389759 5391527 5393999 5394901 5396204 5398209 5398892 5401468 5403298 5406175 5406985 5408161 5410439 5411802 5412304 5413327 5415748 5418842 5420489 5422718 5423988 5424636 5426843 5427635 5428524 5429594 5431416 5432939 5433514 5437325 5438444 5439427 5440722 5442547 5444442 5447273 5448218 5449154 5450421 5451428 5452618 5455100 5456171 5457795 5459435 5460273 5461106 5462711 5463769 5464629 5466703 5468320 5469114 5470004 5470952 5472903 5476219 5478637 5480898 5482319 5483934 5486816 5489460 5490349 5491782 5492958 5493775 5495076 5496836 5497829 5500890 5503454 5505785 5506893 5510157 5512729 5514211 5514781 5516191 5518310 5520975 5523318 5524669 5525731 5528743 5529599 5533643 5535248 5536564 5537156 5540009 5541277 5542050 5542877 5544710 5546738 5547704 5549407 5550378 5550979 5551691 5552889 5556108 5557688 5560819 5562804 5565414 5566369 5569992 5571879 5573485 5575972 5577926 5578902 5580737 5582126 5583033 5584020 5585851 5589575 5591921 5595459 5598083 5598791 5600757 5601869 5603083 5604672 5606091 5607410 5608632 5610233 5612045 5615890 5618052 5618776 5619488 5621135 5622508 5625045 5626718 5628222 5631716 5633241 5637265 5639209 5640747 5641609 5642366 5646213 5646858 5649825 5651542 5652045 5653262 5654205 5656515 5658529 5660538 5662205 5662842 5665260 5666097 5668497 5669901 5671318 5674091 5675082 5677909 5681404 5683604 5686219 5688520 5689526 5693434 5694930 5695876 5697409 5699277 5702100 5703685 5704761 5706757 5708809 5710134 5711541 5712783 5715618 5716700 5720215 5721256 5723044 5724579 5725397 5727456 5728513 5729254 5730095 5731198 5731779 5733154 5734458 5736444 5739463 5741150 5741983 5742716 5745109 5746096 5747031 5748470 5749720 5750655 5751657 5753257 5754663 5755931 5757158 5758457 5760171 5761477 5763143 5765648 5766338 5769439 5770022 5771125 5773329 5774460 5775201 5778065 5779810 5782457 5783501 5784419 5786208 5788113 5789703 5790786 5793499 5794780 5797013 5799239 5800110 5801264 5802896 5803740 5805030 5806477 5808517 5810069 5811639 5813245 5814889 5816172 5818663 5819575 5821140 5821952 5823016 5824603 5826682 5828684 5831224 5833756 5834904 5835670 5836854 5838045 5839831 5840813 5841779 5842916 5843818 5845548 5846278 5847333 5848135 5849989 5851113 5852298 5854301 5854838 5858051 5859505 5860735 5862197 5863094 5866347 5869278 5870954 5872404 5873384 5876625 5877895 5878564 5880320 5881062 5882204 5883969 5885429 5888059 5889552 5892139 5893110 5894357 5895181 5897119 5897837 5899099 5900920 5902929 5903571 5904918 5906186 5907500 5911112 5914796 5916466 5917834 5919526 5920613 5923286 5925697 5927568 5928882 5931641 5933383 5934279 5935337 5939024 5941641 5942839 5944411 5947976 5949624 5952154 5953393 5955469 5957587 5958906 5961658 5963303 5965586 5968102 5969971 5970941 5971959 5973985 5974830 5976904 5977911 5979068 5979821 5980931 5982515 5986938 5987979 5988714 5990262 5991696 5992446 5994244 5995362 5996498 5997541 5998361 6000848 6001513 6002711 6003437 6004472 6005484 6006162 6006892 6007801 6009243 6010018 6010515 6011311 6012380 6013369 6015551 6016474 6017121 6017751 6018807 6019863 6021457 6023288 6023946 6026247 6027231 6028534 6031485 6033638 6036196 6038891 6041659 6043316 6045064 6046723 6047687 6051072 6052656 6055635 6057258 6059685 6063099 6063968 6065363 6066769 6067747 6070116 6074345 6077898 6080184 6082059 6082679 6083640 6084519 6087650 6088649 6090276 6092812 6094464 6095540 6096476 6097274 6098367 6099420 6100302 6103680 6104638 6106855 6107498 6108609 6110872 6113243 6114328 6114874 6118233 6119104 6121694 6122564 6123289 6125379 6126483 6129689 6131133 6131580 6133500 6134332 6135044 6136913 6139753 6141257 6144807 6147132 6151207 6152159 6153095 6155750 6157061 6160195 6160931 6163094 6164227 6166830 6169145 6169838 6171649 6172633 6173628 6177353 6178370 6179358 6180080 6181679 6182897 6185071 6186110 6188036 6189135 6189732 6190920 6193042 6194640 6196252 6196988 6199511 6200868 6202242 6202959 6204220 6204786 6205369 6206124 6207560 6209234 6210090 6211003 6212185 6215227 6218568 6219932 6221044 6221750 6225463 6226390 6229305 6230412 6231783 6233249 6234058 6236699 6239177 6240387 6241571 6245152 6246782 6248198 6249092 6250700 6254791 6255721 6257041 6257747 6258606 6259223 6260999 6262264 6263384 6264794 6266976 6268056 6269063 6270946 6272745 6276607 6277892 6280452 6281060 6282142 6282924 6284078 6287446 6288501 6290655 6292196 6293061 6294722 6299135 6300114 6302063 6303376 6305287 6306748 6308513 6309663 6313693 6314702 6316027 6317691 6318214 6319375 6320080 6324202 6325919 6330371 6332278 6333397 6335250 6336288 6337958 6339092 6340801 6341792 6343027 6344155 6345074 6347559 6349246 6350708 6352445 6353351 6353985 6356025 6357636 6359854 6362266 6363626 6364399 6366306 6367770 6369192 6370599 6372288 6373847 6375362 6376009 6376436 6379019 6379793 6381331 6382202 6383112 6385512 6386224 6386858 6387984 6390447 6393004 6394039 6395001 6395670 6396400 6398137 6399465 6401223 6402768 6403847 6404576 6406394 6407397 6408705 6409949 6410594 6412348 6414651 6416225 6417104 6418753 6419354 6420253 6423309 6424197 6425718 6427103 6428186 6429691 6431057 6432548 6433735 6434469 6437545 6438727 6440159 6442348 6443421 6445734 6446893 6447810 6448637 6449857 6450865 6453420 6455561 6456818 6458559 6459643 6460501 6461992 6465177 6465684 6466745 6468145 6468971 6470388 6471457 6472451 6473224 6475709 6479774 6480992 6483076 6485239 6485790 6491936 6493271 6494371 6495495 6497912 6498851 6500957 6501727 6503313 6506756 6511478 6512999 6515663 6518923 6519755 6521417 6523356 6526571 6527757 6530513 6531774 6533735 6536651 6539243 6540026 6540753 6541825 6543988 6544868 6546551 6547333 6548639 6551929 6553255 6554325 6556023 6557758 6558762 6559802 6561797 6562715 6564504 6566206 6566850 6568294 6570082 6570916 6572015 6573481 6574403 6576472 6578229 6579094 6582592 6583780 6584697 6585471 6587316 6588415 6591557 6594043 6594948 6596641 6597487 6600610 6601926 6603321 6603708 6605544 6607125 6610125 6612671 6613626 6614793 6615900 6616820 6617382 6618265 6618930 6620301 6622472 6623609 6624877 6625990 6629040 6629843 6631026 6632610 6635497 6636580 6637763 6638505 6639185 6640841 6641720 6642733 6643846 6644770 6646194 6648391 6649702 6651618 6652344 6653286 6655051 6656188 6657149 6664262 6666159 6667002 6668409 6670674 6672542 6675472 6676757 6677758 6678769 6679266 6680942 6683182 6684746 6685845 6687182 6688604 6689976 6690760 6692145 6693112 6694557 6695228 6696158 6696614 6697709 6698764 6700783 6701605 6703222 6704683 6705885 6707400 6708118 6712475 6715730 6717758 6718373 6720229 6721004 6724731 6726420 6727611 6730087 6733014 6733995 6734642 6735560 6737304 6738125 6739659 6741070 6745018 6745789 6747123 6748527 6749107 6750620 6752078 6753741 6756158 6757859 6759410 6760798 6761786 6763625 6765045 6768295 6770077 6772246 6773028 6773756 6774464 6780011 6780787 6782916 6785749 6786691 6788497 6790738 6791953 6793617 6794551 6795750 6796322 6796790 6800755 6803004 6804775 6805817 6806796 6808770 6810606 6811576 6814423 6816404 6817193 6820127 6821230 6822061 6827898 6828721 6830513 6834345 6837661 6839555 6840580 6841977 6843350 6846006 6847813 6849182 6851794 6853099 6854650 6857555 6858750 6859671 6861043 6861702 6862267 6864122 6865163 6865672 6866526 6868579 6869461 6870573 6874442 6876695 6877907 6879274 6880428 6883336 6884614 6887063 6889188 6890548 6891507 6894665 6897757 6900349 6901906 6902986 6903879 6904513 6905390 6907026 6908672 6910649 6916085 6917994 6920038 6922978 6923550 6924415 6925067 6925916 6927554 6928662 6931164 6931967 6932968 6934545 6936385 6937768 6939457 6940135 6941285 6942855 6943438 6944684 6945406 6947312 6948228 6949537 6951099 6952332 6954401 6955456 6957438 6959139 6960422 6963050 6963770 6964921 6967195 6968970 6969658 6971738 6972861 6975190 6976073 6977778 6979180 6980179 6981336 6983334 6984399 6986577 6987437 6988647 6991529 6992328 6993548 6996457 6998455 7001851 7003683 7005469 7008105 7009466 7010148 7010779 7012286 7013607 7016080 7017300 7018840 7021127 7022515 7024700 7025777 7028233 7029271 7030556 7034130 7036204 7036921 7039097 7040047 7043113 7044343 7047051 7050469 7051257 7052342 7054703 7055577 7056694 7058121 7060004 7060825 7062352 7063908 7066701 7069455 7071002 7072008 7073490 7074493 7075668 7080137 7080861 7082189 7083524 7086321 7087548 7088842 7090256 7092438 7094526 7095386 7096185 7099640 7103507 7105704 7106903 7109803 7110695 7112253 7114933 7115758 7117146 7118035 7119971 7120863 7121751 7124400 7125254 7126367 7129504 7130380 7131689 7133844 7135475 7137275 7140387 7141424 7142721 7145195 7146114 7148052 7149143 7150559 7152549 7154380 7155355 7156164 7157725 7159093 7160682 7163396 7165765 7166966 7168580 7169626 7170837 7171370 7174585 7175692 7176703 7178862 7180208 7182451 7184314 7185704 7186814 7187590 7188393 7189915 7191802 7193003 7194058 7195807 7197799 7199326 7201234 7204321 7206960 7208147 7209624 7210315 7211241 7212735 7214558 7216568 7217890 7218695 7219482 7220643 7224080 7224964 7228428 7229635 7232094 7232656 7233437 7234541 7236999 7237552 7238389 7240914 7242047 7243624 7245035 7246803 7247761 7250193 7250814 7253821 7255534 7256575 7257472 7259229 7260409 7262778 7264709 7266026 7269205 7271598 7273197 7275713 7277228 7278586 7279392 7281777 7282897 7284101 7285449 7286608 7290151 7298286 7299737 7301482 7302849 7303611 7305788 7306856 7307380 7309597 7310164 7313272 7314945 7317291 7320135 7321342 7322893 7324767 7327336 7331036 7332131 7335014 7336168 7339345 7340500 7341276 7342165 7343229 7345535 7346948 7347734 7349014 7352442 7354892 7356661 7357424 7359174 7361898 7363998 7367061 7368014 7369780 7371757 7374090 7375334 7377406 7380095 7381913 7383190 7386559 7389319 7390160 7391622 7392904 7394231 7396457 7398181 7399061 7403030 7405368 7409192 7410688 7413465 7420701 7421404 7422784 7424445 7425343 7426267 7427666 7429306 7430369 7432403 7434478 7437929 7439618 7440416 7441122 7442098 7444922 7446529 7447353 7448580 7449860 7452273 7453010 7454228 7455153 7456143 7457143 7458417 7459274 7460420 7462114 7463389 7465107 7466074 7468614 7470484 7471440 7472316 7473047 7474934 7478121 7478926 7480510 7484566 7486347 7487194 7489823 7490739 7491819 7495585 7497962 7498998 7500478 7501749 7503872 7504703 7505818 7506595 7507436 7509396 7510348 7512692 7514514 7515994 7517234 7518539 7519468 7520008 7521604 7523638 7524408 7528260 7529902 7532421 7533578 7535006 7536462 7539716 7540506 7541973 7542968 7544609 7545709 7547730 7549424 7550442 7553459 7555314 7557540 7558382 7559954 7562842 7563512 7564687 7566258 7566932 7568344 7569651 7571261 7573407 7575053 7576492 7577779 7580545 7582070 7585465 7587002 7587663 7589389 7590374 7591035 7593071 7595483 7597284 7599790 7600989 7602378 7603826 7606152 7607279 7608131 7609179 7610537 7611792 7613998 7615731 7617949 7620391 7623943 7627766 7628572 7629274 7630551 7633693 7634473 7638817 7640746 7641568 7642916 7644437 7645781 7646636 7647732 7651098 7652093 7653147 7653855 7654728 7655578 7657718 7658427 7659139 7660039 7662680 7664309 7667729 7668639 7670793 7673240 7675613 7676896 7677690 7678547 7679667 7681390 7683705 7684928 7685693 7686997 7687777 7689708 7691060 7693002 7695756 7696815 7697772 7698705 7699779 7700990 7702717 7704386 7705855 7707011 7708713 7709482 7710328 7711534 7712538 7714022 7715128 7716840 7720263 7721502 7723431 7724302 7726371 7727547 7730896 7732283 7734162 7735981 7736774 7740145 7741758 7743315 7744000 7744931 7746556 7747859 7750089 7752193 7752726 7754663 7755668 7758182 7759541 7760366 7761063 7763322 7766040 7767462 7769989 7772128 7773449 7774631 7775426 7778171 7779647 7782681 7783479 7784483 7786276 7787852 7788664 7791683 7792916 7794570 7795462 7798122 7799448 7800181 7805187 7805980 7807374 7808254 7811750 7812504 7813206 7814343 7815624 7817673 7820239 7821737 7823500 7824772 7828530 7830843 7831487 7832450 7833883 7834882 7836341 7837301 7838353 7839213 7840424 7842179 7845858 7846970 7848676 7851580 7852807 7853987 7855325 7856878 7857819 7858524 7859689 7860784 7862446 7866197 7868012 7871748 7872887 7874359 7874831 7878252 7880025 7880656 7881573 7883014 7883964 7884862 7886244 7887218 7888328 7890937 7892791 7893871 7896763 7898250 7899221 7901438 7903799 7905650 7906411 7910418 7911769 7914494 7915918 7917311 7918533 7920668 7921881 7925506 7927959 7928723 7931560 7934319 7936178 7937165 7938373 7940186 7940981 7942116 7943237 7945004 7945577 7946696 7949273 7950262 7951488 7953709 7955535 7957164 7958502 7960155 7962176 7962706 7963750 7966491 7970310 7973973 7976796 7977926 7979142 7980176 7981076 7982424 7983602 7984265 7985286 7986527 7987508 7989724 7992041 7993165 7994270 7996004 7997820 7998362 8000351 8001801 8003277 8004770 8005697 8009422 8010622 8012631 8015653 8016698 8018180 8020222 8021715 8023129 8024422 8025725 8027070 8029125 8031480 8033626 8035972 8037725 8039429 8040013 8041154 8042129 8042939 8045270 8045997 8048123 8049246 8051676 8053834 8055780 8057134 8058580 8059468 8060283 8067216 8070146 8071886 8073029 8076221 8077283 8080395 8084003 8084877 8086389 8088175 8089465 8090286 8093041 8093917 8094951 8097233 8098113 8099272 8100906 8101981 8103566 8105571 8108938 8109784 8110891 8112183 8112829 8115029 8116391 8117289 8119271 8119878 8120900 8123632 8125884 8127517 8132384 8136939 8137904 8140230 8141008 8142975 8144014 8144979 8147632 8150767 8152860 8155453 8158295 8161087 8162650 8163510 8164609 8167735 8170902 8174473 8175859 8178002 8179015 8179526 8181824 8183714 8184252 8185163 8186721 8188386 8190835 8192450 8193219 8194290 8196252 8198502 8200375 8201122 8203371 8204175 8204763 8205459 8207220 8210193 8211600 8219010 8219937 8223666 8225743 8227893 8230594 8231162 8232622 8234880 8236643 8241084 8242222 8244099 8244840 8246289 8247463 8251739 8253698 8255443 8256341 8260107 8263261 8264616 8265366 8266289 8266959 8268166 8269645 8272038 8272912 8274352 8275824 8276950 8278124 8279575 8282279 8283760 8285170 8285780 8287171 8288496 8289350 8290302 8293436 8295272 8296046 8298910 8299789 8304557 8306591 8308232 8309666 8311546 8312582 8314917 8317408 8318687 8325229 8326536 8328422 8330033 8330831 8333378 8334605 8337229 8339588 8341101 8343081 8345381 8346000 8347973 8348884 8350883 8351810 8354979 8356195 8358396 8360952 8361898 8367411 8369111 8371233 8373389 8374823 8376943 8378967 8379744 8381951 8385395 8386803 8388617 8389460 8390680 8391623 8392434 8393294 8396551 8397559 8398377 8399514 8400490 8401800 8403779 8405360 8406640 8411331 8413024 8414380 8415971 8417299 8419129 8420246 8421964 8422826 8424081 8425412 8426870 8429201 8430880 8432128 8433123 8436096 8437262 8438480 8441678 8442931 8444710 8447677 8449236 8453382 8454647 8456848 8457821 8459696 8461771 8463244 8465126 8467030 8469660 8473514 8474295 8475068 8476065 8476975 8477694 8478717 8480083 8484124 8484623 8485391 8487100 8488330 8490036 8491445 8492233 8494377 8497219 8500163 8501960 8503332 8504889 8506044 8508089 8510640 8512766 8514151 8517138 8518919 8520039 8521219 8523961 8525863 8527232 8527932 8529230 8531184 8532385 8533223 8533822 8536465 8537547 8538673 8540192 8541232 8542891 8544637 8545996 8546423 8548466 8549314 8549959 8551760 8552427 8555171 8556345 8557756 8558714 8559519 8561959 8562699 8565085 8565764 8569180 8571337 8572749 8575652 8576517 8577544 8579757 8580582 8582845 8585383 8586614 8588114 8590390 8591071 8592340 8593697 8595567 8596212 8599177 8600222 8603974 8605438 8608516 8610240 8611961 8612687 8614033 8615452 8619962 8621988 8622778 8623672 8625344 8626764 8628565 8630466 8631797 8632690 8633637 8634840 8635726 8637782 8639021 8640111 8641518 8642446 8643595 8644763 8645469 8647785 8649814 8652075 8653152 8654362 8655346 8657927 8659086 8659580 8662350 8663609 8665653 8667536 8671463 8672694 8673805 8674934 8675935 8677240 8677918 8679153 8680341 8681553 8682922 8684239 8686315 8689735 8690702 8693030 8697711 8698487 8699559 8700612 8703052 8705315 8709347 8710293 8713928 8715452 8716039 8717602 8720309 8721709 8722969 8724472 8727577 8728544 8733325 8739187 8740014 8742954 8744381 8747867 8748724 8751323 8752556 8755739 8756833 8757896 8758683 8759633 8760681 8764690 8766043 8768876 8769653 8770562 8773373 8777697 8778563 8781061 8783151 8784239 8785357 8786979 8787843 8790674 8792839 8797248 8798007 8799311 8801143 8805020 8805813 8810279 8811796 8813183 8814738 8818368 8819777 8820925 8826600 8828038 8828778 8829289 8829987 8831019 8832582 8833395 8834407 8836189 8837648 8838507 8839763 8840557 8842040 8844583 8845190 8846022 8849958 8851649 8853224 8854485 8855600 8856460 8857355 8858837 8860191 8861204 8863901 8865302 8870653 8871887 8875469 8876655 8878447 8879789 8881174 8882934 8883930 8885126 8886239 8888444 8890351 8891485 8892216 8892926 8894909 8898183 8898863 8901025 8902441 8903873 8905471 8906903 8907876 8909403 8911224 8912336 8913283 8914000 8915054 8916245 8917534 8919372 8923748 8925527 8929061 8931947 8932669 8933658 8934643 8935823 8937250 8938443 8939348 8940970 8941698 8943555 8945177 8947656 8948687 8952171 8953885 8955744 8956853 8963011 8964300 8966734 8969091 8971707 8972326 8973466 8975279 8976533 8977728 8978459 8981850 8983506 8984956 8985996 8987184 8987889 8989386 8990642 8992190 8993406 8994868 8996602 8997493 8999011 9000224 9000830 9001542 9002291 9003104 9004859 9006375 9007529 9009009 9009734 9011367 9012351 9014345 9015416 9019501 9020667 9021462 9022531 9023335 9025089 9027352 9029645 9031192 9035094 9036903 9040009 9042125 9045631 9048851 9049804 9050444 9054493 9055741 9056994 9059099 9061068 9061738 9062579 9063868 9064447 9067559 9070120 9072482 9074504 9076142 9078291 9081880 9082701 9083866 9085153 9086635 9090913 9093082 9094789 9095463 9096337 9097199 9099529 9101635 9102727 9106650 9109131 9114248 9116056 9117984 9119783 9120596 9123290 9124094 9126690 9128285 9130564 9133909 9135322 9136358 9136997 9138648 9139613 9140931 9142663 9149511 9150503 9152873 9153384 9160588 9161868 9164025 9165414 9166827 9168402 9172513 9175303 9176033 9178162 9180395 9182120 9183354 9184300 9185679 9187697 9188414 9189802 9191763 9193056 9194081 9194954 9197219 9199356 9201012 9201855 9202515 9203588 9206311 9207218 9208209 9209591 9211126 9212013 9213658 9215094 9219349 9222087 9223715 9224313 9224955 9225664 9227324 9230316 9232267 9233254 9235163 9237549 9238401 9239797 9240293 9241221 9242349 9243497 9244790 9245841 9246838 9248386 9249218 9250115 9251052 9252055 9253246 9256810 9257785 9260150 9261790 9262891 9264082 9267405 9268226 9269166 9270787 9272158 9274949 9275913 9276952 9279059 9282520 9283656 9285243 9286035 9286962 9288970 9290834 9292388 9293818 9295606 9296631 9298284 9300849 9302871 9303834 9306086 9308201 9311505 9313441 9315014 9316693 9319055 9320862 9322434 9323486 9324616 9326089 9326928 9331895 9334550 9337476 9338358 9340036 9341752 9342715 9343757 9345134 9346142 9347727 9348498 9350015 9350860 9352197 9353761 9355030 9357139 9358952 9360001 9362043 9363785 9365893 9368944 9369738 9372787 9377086 9379515 9380817 9383444 9384363 9385641 9387307 9388140 9388962 9390759 9392767 9393798 9394696 9396110 9396902 9398161 9400657 9401599 9403168 9405469 9406799 9407638 9410772 9412059 9413081 9414302 9417710 9419320 9420851 9423459 9426730 9428748 9429325 9431147 9433859 9435289 9436227 9438995 9439761 9441413 9442504 9444331 9445080 9446884 9449938 9452962 9457017 9457885 9459700 9463523 9464517 9465561 9466561 9467317 9467993 9469433 9472003 9472795 9476742 9480585 9482594 9483595 9487675 9488642 9489640 9490886 9492432 9493552 9495082 9496188 9497014 9498680 9502217 9503911 9505686 9506423 9508300 9509181 9512496 9514639 9518073 9519083 9521709 9522444 9524388 9525169 9526023 9526818 9528236 9530013 9530740 9533058 9537043 9538343 9540561 9541817 9544504 9545159 9546646 9548045 9550055 9550746 9552187 9552728 9554002 9559558 9562587 9564078 9565851 9566498 9567164 9567845 9570291 9574030 9574641 9575794 9576843 9577789 9578778 9579587 9581841 9582888 9583975 9585505 9587027 9588474 9589603 9592772 9593773 9595842 9597440 9599786 9601297 9603772 9605137 9606946 9608878 9611192 9613764 9615126 9615958 9617150 9617903 9620403 9624155 9624641 9628095 9629646 9630876 9632653 9635018 9636261 9638605 9639509 9640695 9641845 9645806 9647703 9649896 9650694 9654306 9655879 9656725 9658072 9658953 9660023 9661802 9662730 9664380 9665134 9665840 9667531 9668646 9669908 9671085 9673537 9675240 9679997 9681658 9682829 9683964 9685836 9688260 9689938 9692667 9693785 9694819 9695429 9697474 9698133 9698540 9700696 9701399 9702702 9703943 9708074 9709123 9710271 9711132 9713332 9714453 9715008 9716939 9718051 9718984 9720967 9721977 9724615 9725997 9728747 9729576 9730357 9731226 9734411 9735415 9736845 9738196 9739534 9742215 9744094 9747452 9748485 9751149 9752076 9753215 9754180 9755221 9757209 9758238 9760111 9762642 9764588 9765132 9766003 9766911 9769223 9770206 9772600 9773281 9774666 9780801 9781916 9784203 9785893 9787057 9788068 9789243 9790893 9793373 9795831 9799667 9804505 9805818 9806725 9808333 9809549 9810583 9812747 9815314 9816578 9818971 9820770 9821890 9822922 9824268 9826018 9826901 9829287 9830224 9832028 9834456 9835357 9838055 9839955 9846115 9848476 9849340 9850429 9854210 9855541 9857500 9860549 9861993 9862616 9863478 9864631 9865762 9867001 9867787 9869063 9870792 9872947 9874181 9876008 9876827 9880006 9883303 9884052 9884695 9885513 9886562 9887944 9889262 9894915 9896933 9897965 9900532 9902557 9903387 9904465 9905982 9908420 9912341 9914601 9915829 9916622 9918472 9919351 9921723 9922627 9923567 9925089 9927917 9929082 9933292 9937272 9938656 9940840 9942338 9943503 9944530 9945213 9947709 9951528 9952934 9953430 9954684 9956364 9957262 9957996 9958864 9959612 9960459 9961596 9962646 9963387 9964615 9967357 9968636 9971247 9973067 9975458 9976938 9979156 9979749 9980232 9980764 9985363 9988733 9989865 9991988 9993148 9994865 9996342 9998463 9999222 
</Matrix>
<Matrix name="Neuron_721" type="complete" rows="1" columns="3249" multiplier="1.0">
   9462 11741 15593 17563 20000 27558 31397 38487 41477 45865 48829 49852 51189 52109 54443 57555 59566 60564 63287 69437 78279 79409 87419 90886 95276 97441 99405 101358 103257 105243 109340 110560 112083 117866 119880 124901 132359 133132 137478 139056 145168 147187 153107 154505 157086 157934 160413 163788 166274 171267 179968 181177 182621 183747 189423 191426 194771 196912 198096 200508 201233 204347 208234 211865 213456 217303 218917 224393 226138 229009 231533 237161 238328 249187 252457 253961 256788 261844 269881 272121 277020 278240 280104 283656 287719 296662 299477 300623 305095 309786 312144 313583 314907 319443 323994 325710 327336 329024 335087 336083 340235 346890 349698 350629 354481 357375 360221 363600 365934 369608 371283 377262 379342 384007 388459 391649 400361 402556 404011 405383 407019 411069 417763 419788 423602 427391 429947 431958 433651 435664 440811 444231 446007 446801 455935 457393 458365 461095 464021 466726 468136 469844 479880 481824 485373 489956 493652 495119 497363 499026 501575 502895 506044 507918 511504 517188 519284 522768 527019 541808 543426 545990 555814 558195 573271 575136 579586 585207 586857 587733 589750 590582 595120 596495 599684 603588 604558 608407 609532 610721 615406 622858 632252 636646 642435 647116 648323 649965 650965 652980 656113 660643 664555 665727 666788 667893 674066 677071 680583 682555 683833 687647 690801 693150 694487 699618 701133 702033 703296 704506 707068 709138 710285 712073 715292 718249 724727 727800 729413 732364 737746 742669 746534 748147 757254 761067 762102 765324 769300 771368 773334 776592 778867 779799 787520 793237 794125 808144 812138 813433 817322 819004 821193 825985 828753 832572 833684 837359 841605 843006 844003 846481 847333 852000 852770 856274 861563 866199 868326 870698 871855 874881 875944 878416 880552 884343 892287 895705 896740 900845 903728 905435 910637 912900 914369 922076 923512 926368 928517 934796 937781 943934 948251 951148 954572 955458 959673 962726 965409 968053 971158 974089 976880 978701 980001 984023 985727 987790 988748 991070 997867 998812 1001976 1003051 1005460 1010092 1014365 1018553 1019378 1020813 1023405 1025360 1033443 1034166 1035964 1040510 1047970 1048711 1049687 1053122 1054548 1058469 1064413 1066112 1070296 1071245 1074346 1076470 1077976 1080114 1086765 1092666 1099553 1110541 1113711 1114374 1121443 1123910 1129116 1137179 1141177 1142041 1143781 1148267 1150489 1156687 1169943 1173657 1176811 1186519 1192969 1194506 1200175 1203348 1206410 1211237 1212383 1215609 1217459 1218580 1220807 1222083 1224027 1228401 1230667 1232000 1237191 1239802 1242542 1247739 1248649 1255013 1258214 1262185 1262972 1263757 1265355 1266592 1269526 1271560 1275345 1276860 1280340 1286508 1292284 1294841 1296175 1296977 1305425 1307556 1308473 1309364 1310887 1312663 1315514 1317204 1319946 1321796 1323577 1325497 1328121 1329779 1331702 1338559 1340444 1344873 1352997 1354888 1356181 1358066 1360304 1361550 1368745 1371956 1380387 1381409 1383080 1384277 1385528 1388918 1390490 1397437 1399194 1400496 1403216 1407658 1410101 1411389 1413464 1418220 1418992 1422987 1430639 1431758 1433247 1438324 1441006 1446844 1451852 1453168 1456903 1458864 1462918 1466223 1471191 1473075 1474314 1486229 1495160 1495938 1497922 1498542 1500099 1502263 1504402 1509519 1514477 1517030 1519025 1520863 1523587 1525716 1528066 1529956 1531824 1541269 1544675 1546940 1548062 1549747 1551650 1557424 1559053 1560666 1563057 1565733 1569358 1579572 1581771 1586757 1587646 1588841 1591162 1594146 1595389 1602282 1606419 1613052 1615434 1616167 1617755 1619428 1621679 1625031 1625841 1628529 1629938 1631264 1635494 1638011 1640870 1643301 1645329 1646645 1648336 1653295 1657287 1658724 1664025 1668281 1672808 1673825 1678037 1680106 1681202 1684061 1687595 1689426 1693735 1696682 1699335 1700911 1702900 1707283 1708957 1709703 1711134 1714673 1715509 1716473 1720303 1724600 1727553 1731953 1732564 1735438 1736860 1738288 1739476 1741611 1745181 1746315 1749121 1750343 1751432 1753344 1755481 1757054 1760049 1761701 1762394 1766658 1770613 1774397 1775476 1776353 1777987 1779307 1780492 1783526 1786394 1789410 1790896 1792847 1798858 1805136 1806487 1811069 1815689 1823424 1830859 1832163 1833825 1838158 1840426 1842274 1844098 1846885 1848447 1855028 1859292 1860541 1866830 1870814 1872173 1873138 1874566 1877309 1879178 1880434 1881493 1882637 1888341 1889354 1891294 1896021 1898122 1904355 1907440 1911791 1912467 1916343 1918324 1928508 1929760 1930821 1931799 1937003 1948161 1954928 1956920 1960104 1964106 1965722 1967899 1970194 1977104 1980048 1983432 1985024 1986390 1988366 1990925 1994294 1997733 2002220 2006393 2007109 2009544 2016586 2027284 2029576 2031867 2039395 2040805 2043257 2045836 2048725 2049451 2053535 2060056 2061370 2065514 2068428 2069512 2075886 2077718 2086879 2090165 2093175 2095780 2097134 2098313 2101238 2112183 2115024 2117794 2127317 2128026 2129127 2131722 2132522 2135290 2137745 2141068 2143811 2150352 2151786 2153363 2159330 2164701 2165644 2167356 2172462 2175871 2178103 2185244 2188092 2190054 2193939 2198606 2200433 2203380 2205277 2206747 2208367 2209197 2210497 2212018 2213697 2216017 2218266 2219343 2220619 2223578 2224587 2228298 2235101 2236921 2243033 2244702 2248901 2250967 2256027 2259030 2261919 2265945 2270844 2275264 2276212 2277781 2280626 2281864 2286794 2289160 2293804 2295377 2298144 2303790 2306377 2309939 2311650 2312499 2314596 2317255 2320217 2326559 2327812 2337988 2341350 2349021 2351780 2353093 2356259 2357601 2359649 2360782 2367166 2369560 2371113 2372735 2373982 2376791 2379544 2380653 2383251 2384746 2387053 2389811 2392127 2394605 2396965 2401466 2403582 2408792 2410083 2411263 2422350 2425733 2427255 2429105 2434807 2438056 2444084 2447267 2450035 2456926 2463923 2465730 2470374 2475163 2478930 2482740 2483983 2485316 2493174 2495053 2496053 2498681 2499994 2501875 2509738 2511247 2515347 2516994 2519058 2520096 2525370 2527204 2529686 2532131 2536938 2537909 2539188 2540831 2543755 2545878 2548459 2562385 2566091 2567303 2568061 2576652 2582519 2583646 2587577 2591038 2593813 2594906 2598716 2599974 2601391 2605746 2607139 2608410 2610733 2611950 2614112 2617256 2623007 2625530 2627883 2629396 2635727 2638053 2640430 2643357 2649289 2653565 2657406 2660127 2661890 2662830 2665020 2670703 2672841 2675536 2676902 2678287 2679136 2680344 2681583 2684416 2689385 2692553 2695654 2699035 2700204 2702553 2707075 2709925 2712335 2715866 2717154 2721543 2722735 2723741 2725438 2728464 2729722 2731353 2732681 2734973 2742574 2745141 2745922 2747338 2748027 2750651 2754016 2755037 2761869 2765698 2770281 2775890 2780683 2785904 2787817 2794210 2800826 2806895 2809935 2811764 2812488 2814667 2820521 2822392 2824985 2826763 2829119 2835785 2839784 2841842 2849743 2853132 2857123 2857950 2862579 2869484 2871035 2874608 2875973 2878125 2880112 2883981 2886533 2890039 2891912 2893446 2900799 2901792 2904223 2911837 2913255 2916602 2920051 2923358 2924592 2928616 2929376 2930897 2933997 2937193 2944209 2946278 2947759 2950139 2952671 2954760 2961706 2964086 2966016 2967230 2970057 2976615 2982881 2991546 2993879 2997088 3000176 3006049 3013002 3014252 3018539 3021949 3022998 3023820 3025507 3032829 3034222 3037299 3042043 3043246 3045394 3046789 3052110 3057219 3059288 3060563 3063839 3065258 3067352 3074430 3075491 3077433 3080117 3081696 3082778 3085486 3088320 3091089 3092546 3093928 3098682 3100192 3102920 3103747 3111940 3117002 3119335 3123090 3130934 3135325 3136758 3143947 3148881 3151000 3156672 3159245 3162299 3163914 3169362 3172836 3174431 3175690 3177201 3180104 3186655 3194350 3195948 3197111 3198556 3199573 3200628 3206025 3206760 3208018 3213764 3217505 3220762 3222619 3225077 3227720 3228719 3236682 3239199 3244371 3248983 3251816 3255144 3256414 3258439 3259966 3261140 3262725 3274526 3275918 3277047 3277892 3280137 3283624 3286133 3291151 3291923 3292911 3296269 3299441 3302182 3303068 3323043 3324396 3325571 3332335 3336442 3338651 3346359 3348314 3351546 3352828 3355225 3355908 3358262 3361467 3363252 3369245 3370257 3372634 3374025 3375162 3375737 3378000 3378897 3388182 3390309 3391424 3392301 3394660 3400504 3401435 3403204 3404058 3406153 3407423 3411693 3412899 3420152 3425988 3431742 3435045 3439229 3440029 3441834 3444444 3445564 3447699 3451344 3456500 3460595 3463339 3466941 3468435 3471024 3476115 3477665 3481860 3489993 3491020 3505176 3506902 3509538 3511040 3515743 3518993 3524176 3531184 3533452 3536030 3536856 3540770 3541674 3545374 3547565 3551065 3553314 3555110 3556208 3561040 3565493 3567698 3571152 3574767 3575394 3580268 3582813 3595338 3597313 3598790 3599594 3601935 3604360 3605958 3606923 3609004 3614415 3616322 3618048 3624410 3625505 3626405 3631054 3633666 3635398 3636996 3639735 3642976 3648201 3649249 3652524 3653737 3656167 3658218 3659552 3660564 3661658 3663212 3667312 3670729 3671556 3673978 3678953 3680766 3684245 3686927 3700168 3702228 3703605 3704769 3706671 3711522 3712910 3723425 3724489 3726238 3727453 3731772 3732734 3740557 3742194 3744024 3748325 3749866 3752501 3754298 3757067 3758957 3764620 3767234 3769922 3774920 3776427 3777452 3778089 3781221 3783462 3790561 3792164 3795076 3796232 3801710 3806796 3807556 3808671 3811993 3818749 3821768 3822906 3825007 3828283 3830356 3834561 3837221 3838003 3839585 3841619 3845824 3846873 3849874 3854397 3856298 3860783 3863828 3871651 3872492 3873880 3876641 3879042 3882094 3886253 3888038 3889779 3891891 3896212 3898617 3902077 3904442 3906374 3908050 3917580 3920518 3921475 3930615 3932691 3934137 3936381 3937662 3939371 3940658 3946671 3951378 3953804 3955338 3958565 3961107 3962777 3964870 3967315 3970065 3972477 3973852 3976062 3977111 3978028 3986879 3990600 3992948 4001659 4003644 4004269 4008242 4010133 4011628 4015224 4018622 4027937 4028782 4031016 4032732 4033883 4035161 4037880 4039326 4046680 4050269 4051687 4064095 4065049 4071745 4073636 4078285 4082578 4085754 4088862 4093167 4097900 4099506 4105673 4106887 4112736 4114067 4115535 4116620 4118006 4119458 4121701 4122636 4124773 4126902 4128359 4129759 4130885 4137220 4144666 4147268 4153093 4155286 4158020 4159538 4161599 4163651 4166112 4168385 4173540 4174877 4176693 4179850 4185066 4185712 4186951 4189541 4192150 4193161 4195504 4199914 4203415 4204925 4206939 4208081 4213434 4218246 4220142 4223037 4225666 4227012 4230242 4233090 4237514 4241053 4243340 4245299 4246344 4247054 4254707 4256648 4258945 4261927 4265414 4267793 4269731 4270877 4272057 4278472 4280319 4281462 4283088 4287734 4290752 4299814 4303825 4314401 4321099 4322547 4328341 4329970 4333310 4335728 4337744 4339355 4341588 4342716 4345215 4346300 4347163 4356190 4359997 4365771 4369991 4372826 4379759 4384303 4388039 4389588 4391884 4393274 4397095 4399238 4400243 4401663 4402779 4404288 4405336 4408053 4409670 4420096 4421732 4424323 4426928 4428496 4430726 4433139 4434412 4436204 4438657 4440584 4450007 4451093 4452314 4456392 4459864 4465728 4476580 4479742 4486226 4488452 4490526 4493288 4495869 4502152 4506612 4508397 4510506 4514410 4526075 4527256 4530305 4533097 4537322 4539409 4540566 4541971 4543208 4544728 4545595 4546906 4548206 4550547 4553070 4554449 4556069 4559103 4561654 4563582 4568509 4569539 4571987 4574084 4580890 4585607 4595768 4601527 4604848 4609111 4610509 4615163 4617075 4621314 4623176 4627190 4634173 4641448 4648348 4650534 4654766 4656141 4662632 4664504 4666743 4669128 4672953 4677649 4683478 4688512 4689914 4698970 4700670 4702236 4703701 4705648 4706590 4710864 4714177 4718743 4722111 4723754 4725591 4727054 4731230 4733270 4734278 4735895 4738099 4751266 4753249 4754665 4755249 4756168 4759478 4764720 4769980 4771570 4783792 4785418 4786304 4790406 4795010 4797239 4800014 4801680 4804877 4806823 4810263 4814011 4818459 4819452 4828743 4829620 4834446 4836591 4838061 4839373 4840629 4845397 4848407 4859027 4864301 4865551 4866942 4868264 4869920 4871687 4875074 4877340 4879199 4881020 4882102 4883476 4891807 4893989 4896895 4898124 4899235 4899982 4904034 4908178 4909751 4911126 4914439 4917027 4918326 4924956 4928408 4931781 4939751 4948520 4949854 4954962 4957137 4959675 4961515 4962846 4973959 4975285 4977891 4980861 4983109 4984044 4987601 4992088 4993532 4994614 4996177 4999020 5000511 5002715 5005204 5007571 5010883 5014405 5015803 5017523 5030021 5031726 5033150 5034241 5038440 5039755 5044488 5045717 5047526 5048730 5050939 5055062 5057927 5058931 5059839 5064459 5068512 5070076 5071579 5077848 5079776 5082832 5085437 5086626 5089150 5090755 5093884 5094599 5096506 5099017 5100391 5103694 5105535 5107643 5112470 5114421 5116528 5118068 5122089 5127545 5130907 5134702 5136771 5138006 5139619 5141726 5144867 5149200 5155311 5157011 5158093 5160487 5162348 5165486 5166389 5168558 5172175 5173912 5176464 5178109 5182291 5187841 5189081 5192603 5195912 5197395 5205028 5207753 5211188 5212346 5215044 5219425 5221605 5225240 5227758 5228952 5231040 5232469 5233588 5240750 5242675 5249450 5250842 5252409 5254140 5255328 5260291 5265187 5268078 5270692 5272972 5275137 5280557 5284690 5286028 5289986 5290697 5291503 5292672 5299064 5300305 5302656 5303999 5305362 5307458 5314343 5317274 5324101 5328697 5336748 5344927 5346084 5348780 5350190 5353671 5355981 5357635 5360716 5363222 5365359 5366222 5374005 5376848 5379002 5381275 5383635 5384672 5389897 5398703 5402132 5408263 5410460 5412874 5416754 5425619 5430811 5437980 5442690 5444111 5448896 5450331 5451427 5452841 5455676 5456793 5460652 5461854 5463263 5464212 5466289 5472460 5474214 5480598 5481936 5483019 5483754 5490080 5492969 5494538 5497452 5499456 5501825 5508773 5509985 5512131 5518556 5521699 5529444 5531085 5535709 5539361 5548397 5553644 5556011 5557403 5558372 5563908 5567187 5571413 5573122 5576441 5578503 5587211 5588654 5589901 5591576 5593506 5600283 5601150 5603010 5611070 5615138 5618382 5619372 5634632 5638743 5639691 5641418 5646267 5647700 5649953 5651468 5653192 5656606 5657460 5659242 5660143 5661041 5664568 5669285 5673064 5674303 5675946 5677400 5679993 5681650 5684866 5689268 5693486 5697764 5709475 5712806 5715337 5717026 5722067 5722874 5726801 5728508 5731958 5736020 5743750 5748110 5749150 5754558 5759701 5762139 5764243 5767250 5768400 5772370 5774059 5781089 5782212 5787084 5790216 5791577 5794487 5799484 5802201 5804457 5805944 5807944 5820920 5822425 5823817 5825967 5829512 5833865 5840587 5843025 5849326 5853391 5855648 5859062 5861810 5863346 5864579 5868191 5871250 5874091 5874973 5876621 5878471 5881384 5884148 5885139 5889573 5892156 5893911 5898081 5902396 5904553 5906852 5909475 5920016 5923887 5934025 5939102 5940668 5945365 5947037 5948975 5952248 5956076 5958500 5960872 5963392 5965157 5965956 5966651 5968651 5971670 5973256 5974258 5975491 5976990 5979625 5984810 5988455 5989471 5993081 5994028 5995969 5996985 5999088 6006675 6007855 6009068 6010712 6011951 6014101 6019433 6021305 6023632 6026802 6028515 6034120 6036308 6037839 6040133 6041048 6043242 6045341 6046214 6047272 6049066 6051163 6054134 6058032 6063203 6065306 6066252 6068761 6072082 6078080 6079659 6083125 6085341 6086221 6089862 6092166 6094054 6095112 6096736 6098307 6103904 6106991 6109929 6115286 6122147 6123603 6131732 6133346 6136617 6137869 6140533 6142411 6148776 6153658 6155827 6158305 6161436 6162688 6167162 6169781 6170617 6172161 6174773 6177720 6181573 6188082 6190988 6195537 6199394 6201418 6203314 6205489 6208702 6209839 6210790 6215383 6217301 6218435 6220264 6224958 6231683 6232536 6239270 6244994 6247043 6249682 6251786 6254646 6255835 6257573 6260902 6262874 6263861 6271327 6273178 6275736 6277685 6280332 6283228 6284608 6290274 6292000 6301850 6306016 6309291 6313154 6316893 6318219 6320846 6321885 6328223 6330623 6331978 6335830 6339894 6343459 6345231 6349788 6350861 6355839 6357555 6360304 6363118 6371951 6374175 6374653 6375524 6376539 6377606 6380437 6383617 6385599 6387574 6388560 6389956 6392568 6395124 6399793 6407006 6407826 6409285 6415324 6416793 6417631 6419124 6421754 6428903 6430204 6437471 6441069 6443630 6446337 6447818 6450777 6457624 6461685 6462871 6463964 6465309 6468708 6473070 6474764 6476648 6478568 6484428 6492631 6497684 6499059 6501625 6511183 6512705 6515005 6517650 6518845 6519819 6523905 6528822 6534514 6536466 6537753 6538846 6540821 6542103 6543537 6547200 6551340 6552285 6553195 6555219 6558401 6559673 6562863 6564834 6566679 6567876 6569233 6570985 6572680 6573604 6579244 6580358 6581505 6582855 6587365 6591462 6592851 6595534 6596866 6598001 6601195 6607854 6611678 6613258 6617047 6626490 6627935 6629882 6634753 6635929 6636680 6639510 6643884 6648346 6651988 6653218 6656282 6663248 6669701 6671836 6676266 6678403 6679800 6683793 6686152 6691211 6695643 6697853 6703734 6708083 6710477 6716236 6718912 6725570 6726692 6730930 6732296 6735812 6737879 6740453 6742502 6743736 6746810 6749065 6751628 6753363 6754375 6755289 6756970 6760368 6761577 6762593 6765508 6767505 6769045 6773179 6775092 6776986 6778447 6791881 6792909 6795131 6798760 6800416 6806372 6810013 6818462 6827714 6830960 6833510 6835441 6836051 6837701 6846135 6855128 6856586 6857831 6859679 6862610 6864964 6867227 6869676 6872223 6873763 6875399 6876775 6879568 6884977 6886303 6887318 6888864 6890693 6892921 6897197 6899501 6900289 6906615 6908435 6915103 6917145 6918060 6922436 6923505 6926320 6929251 6930413 6931489 6935439 6938906 6946150 6950731 6959610 6960546 6961455 6965357 6968050 6971195 6972584 6973932 6975888 6978804 6980404 6985976 6989003 6991185 6993147 6994663 6997184 6998127 7001148 7005567 7008761 7009711 7012287 7014338 7015936 7018602 7020127 7023110 7025091 7034490 7043008 7044130 7047166 7047946 7049132 7050814 7055021 7056208 7057520 7059748 7062782 7068964 7072634 7076041 7078221 7082401 7084264 7086012 7092113 7093353 7095216 7097206 7103702 7104377 7108309 7109396 7114353 7119164 7124623 7127158 7129092 7131188 7132739 7136738 7137962 7141703 7142916 7144436 7151042 7153727 7157728 7161134 7162280 7164579 7166752 7171583 7173962 7174861 7176806 7178892 7184984 7186533 7191731 7199230 7202284 7207008 7208104 7209480 7211685 7214571 7218703 7220970 7229280 7230751 7232600 7235138 7246828 7251873 7253596 7255439 7264283 7268473 7269909 7276288 7277394 7281155 7282145 7284005 7286048 7287663 7290095 7292445 7297581 7304304 7305350 7307987 7312098 7314312 7315183 7316731 7322639 7323801 7328055 7334375 7337155 7338503 7339213 7340628 7343374 7348684 7350622 7355239 7360552 7362026 7365024 7366559 7367647 7368251 7371833 7373126 7379736 7381503 7382912 7383951 7386440 7390590 7391976 7393939 7400717 7402545 7405796 7407155 7408671 7413053 7415571 7416093 7417704 7419112 7434084 7442061 7444099 7444686 7445708 7448915 7449737 7451217 7453699 7455097 7456213 7457328 7459700 7462430 7463927 7464787 7467554 7472302 7473602 7474223 7476155 7477861 7480590 7482921 7485041 7495252 7497123 7498714 7501392 7505169 7506125 7509754 7511894 7513759 7514919 7519335 7523554 7526544 7529484 7532565 7539045 7542012 7544739 7545724 7547457 7557101 7559689 7561534 7565203 7567050 7568986 7582046 7589164 7591423 7596815 7606897 7610705 7612332 7615234 7617714 7619269 7620561 7624971 7625863 7627316 7631528 7632867 7639930 7640947 7644143 7646110 7647586 7648321 7656492 7657297 7661006 7661927 7667140 7669491 7675916 7680817 7681922 7685954 7687796 7691012 7691836 7692906 7694607 7697935 7699488 7701181 7702421 7706176 7707671 7711139 7712379 7715411 7716617 7719489 7722534 7724175 7729867 7735804 7737594 7739922 7740891 7741994 7744265 7745793 7748931 7751500 7758103 7761694 7763059 7769222 7769894 7771260 7773649 7776212 7777768 7779046 7780623 7784171 7785612 7786610 7789412 7790866 7792772 7793800 7800210 7804273 7805380 7807803 7808924 7813612 7818313 7819661 7823666 7826847 7831077 7832220 7833723 7834982 7837187 7839885 7841501 7846623 7847743 7848663 7850476 7854270 7856219 7858735 7860996 7866233 7870384 7872683 7874006 7876694 7881035 7884712 7888395 7892860 7896923 7900857 7902111 7904906 7907442 7908695 7926933 7929984 7930504 7932095 7933788 7939956 7941500 7943909 7947264 7949055 7951716 7952792 7957089 7958549 7962026 7964258 7966214 7967468 7972465 7973735 7983584 7986742 7988270 7989366 7993445 7994926 7997905 8001098 8002620 8004083 8006913 8008319 8009532 8013268 8015610 8017432 8019978 8020979 8022896 8028203 8030318 8032120 8036457 8037969 8038969 8040445 8042917 8047474 8054517 8058929 8062451 8063623 8068279 8070490 8072686 8073994 8075797 8078260 8080109 8082424 8083658 8085550 8086471 8089771 8091604 8092732 8094254 8095419 8096799 8098247 8099681 8103368 8106482 8107202 8108486 8111452 8113623 8116232 8121758 8123349 8129001 8132340 8134861 8137250 8138609 8140339 8146261 8148475 8150451 8153673 8154593 8156206 8160229 8162437 8165858 8166793 8170534 8171915 8175941 8178667 8180910 8183200 8184334 8189391 8197804 8201050 8205123 8207199 8216145 8217047 8218786 8221152 8222432 8226571 8227837 8231416 8233380 8236177 8237145 8240309 8241653 8246234 8247243 8251425 8254630 8256348 8259443 8263256 8264452 8266163 8268411 8269846 8271471 8273627 8274711 8277638 8278739 8280019 8284758 8289568 8291571 8292636 8296139 8297329 8298562 8304361 8306535 8310541 8314170 8317215 8319768 8323343 8328533 8330369 8333273 8337005 8339180 8343530 8345760 8357230 8360914 8363688 8365622 8368945 8371111 8374222 8379048 8380141 8385072 8386931 8389075 8391437 8392721 8394252 8396086 8397735 8399959 8401815 8404013 8405070 8409815 8412930 8418649 8421489 8427834 8436067 8439257 8444824 8446869 8449044 8449979 8451775 8454956 8458591 8464281 8465675 8469915 8470785 8474790 8476495 8478190 8482265 8485134 8493227 8496023 8497397 8501926 8503108 8507222 8511700 8513831 8518811 8523519 8528672 8530612 8531665 8533493 8540309 8542612 8544837 8546858 8549321 8551966 8553290 8556567 8559236 8562805 8566711 8572808 8578763 8579866 8585054 8586515 8587466 8590078 8598932 8600425 8602391 8604432 8614308 8616291 8620628 8622729 8626080 8633756 8637672 8640468 8643370 8644275 8645061 8648979 8650550 8653872 8655759 8659137 8664280 8665501 8666920 8667942 8669764 8671463 8673685 8676697 8689577 8690216 8691938 8695040 8696584 8702551 8704515 8707581 8709100 8713360 8720290 8723115 8726514 8727518 8734044 8736416 8738498 8739358 8742104 8743570 8744399 8746065 8748743 8750304 8756576 8758192 8759908 8764378 8770591 8772256 8773813 8774774 8776723 8778660 8782681 8784369 8785756 8786451 8787807 8788881 8790065 8794331 8796572 8800304 8803055 8803795 8808070 8810175 8812177 8816930 8818333 8822646 8825422 8831971 8837656 8840024 8843298 8848442 8850427 8853168 8857462 8864703 8867670 8869692 8872455 8875140 8876942 8878655 8881521 8882693 8885624 8890866 8899356 8900465 8904512 8905419 8906385 8907880 8910124 8915363 8922278 8925272 8930487 8932486 8935192 8937890 8939143 8944362 8946319 8954584 8958056 8959290 8964626 8967184 8971071 8974123 8975690 8976979 8979514 8981399 8986602 8987651 8990358 8994541 8999784 9001743 9005715 9009289 9015575 9027824 9032862 9034776 9035830 9038182 9039336 9040638 9042346 9044487 9047354 9053678 9061003 9063006 9067867 9073871 9075281 9078595 9079499 9081346 9083773 9087297 9088164 9093246 9097007 9097824 9100611 9108766 9109957 9116801 9117736 9120708 9121739 9122945 9123910 9127549 9130162 9131530 9135469 9137540 9138835 9139686 9146577 9147904 9149098 9150302 9154390 9155403 9158579 9159555 9166564 9169244 9170108 9173392 9174835 9180425 9182343 9184420 9185517 9186358 9192011 9195251 9199381 9206758 9211998 9212992 9214465 9216132 9218876 9221566 9224646 9228601 9231528 9233807 9240294 9243095 9245657 9246962 9249873 9253393 9257972 9260191 9262346 9263518 9265540 9268965 9269719 9271344 9274543 9277060 9278163 9280130 9281611 9284300 9285578 9287597 9288839 9290907 9295039 9296571 9298001 9299739 9301729 9303021 9309946 9317406 9318752 9322896 9324202 9327016 9329888 9331483 9333395 9337451 9340303 9344490 9347921 9352474 9362974 9364637 9368017 9369558 9374600 9375656 9377871 9380829 9382203 9384436 9387075 9389485 9393217 9396275 9398344 9403835 9406172 9407226 9417135 9418306 9422250 9428301 9429616 9430391 9434201 9435790 9439217 9443717 9446832 9450023 9454280 9456454 9458491 9459335 9460898 9463298 9466228 9468798 9469504 9474875 9479633 9483208 9487506 9488785 9492180 9494575 9495470 9500155 9501592 9505477 9506893 9509350 9510320 9512025 9516151 9517228 9521041 9523221 9524098 9530007 9534708 9536088 9537556 9539203 9554630 9557100 9559745 9560602 9561587 9562704 9564236 9568216 9576139 9578895 9581163 9588659 9590040 9592162 9593257 9595672 9597672 9600624 9601868 9605833 9606546 9608828 9613570 9615526 9617074 9619265 9621713 9624428 9626800 9630292 9632774 9634227 9637302 9641216 9647505 9648610 9650248 9652764 9658427 9661074 9664673 9666755 9668137 9669465 9674605 9676792 9684596 9686592 9687413 9693966 9696552 9698293 9703461 9709485 9710819 9717603 9722563 9726265 9729103 9740386 9741064 9746597 9750726 9751987 9753814 9756503 9761627 9763055 9766388 9768569 9779085 9782787 9784022 9789657 9798975 9800319 9803711 9806251 9809106 9810284 9814113 9815389 9815962 9819752 9823070 9824148 9825682 9828836 9831179 9832750 9834416 9840087 9842828 9845363 9846827 9848584 9852026 9853272 9857306 9861783 9864785 9866979 9869704 9873728 9876583 9881411 9882211 9882793 9885425 9888114 9892539 9895845 9898345 9902684 9904052 9905554 9906418 9909973 9910968 9914358 9920421 9922505 9929557 9934445 9935916 9943756 9945033 9946511 9951167 9953392 9954640 9962435 9964983 9968230 9975417 9977693 9979077 9984745 9986589 9988199 9989044 9989797 9992833 9995358 9998181 
</Matrix>
<Matrix name="Neuron_724" type="complete" rows="1" columns="372" multiplier="1.0">
   10677 28095 39059 64618 122845 126030 127123 173609 177490 188245 208880 299991 323269 340186 360102 366072 367375 391952 393659 398226 404564 447408 451436 474639 487241 506554 545677 583249 591733 610899 647932 686223 696019 710420 785999 859888 888150 953883 955820 993551 1010595 1028990 1030714 1052317 1086565 1136724 1151491 1161928 1167085 1172137 1211767 1229068 1236270 1263312 1273756 1309035 1311885 1334605 1349628 1354661 1357265 1370655 1376329 1405664 1422623 1463546 1468405 1502350 1529874 1543740 1559323 1596194 1610775 1613870 1643327 1645142 1652774 1691506 1712081 1774536 1781776 1821900 1837498 1853619 1915615 1918462 1947290 1949774 1967283 2156463 2230229 2302998 2315190 2353923 2434960 2465200 2471762 2496422 2505773 2519086 2530979 2546804 2573471 2602430 2736756 2754903 2769354 2871826 2876423 2898646 2899509 2923395 2947290 2950291 2962525 3015395 3020724 3097611 3103298 3112598 3128588 3164237 3190761 3240244 3271882 3334882 3342401 3364215 3416962 3443839 3458796 3461660 3500259 3515459 3520638 3528116 3541072 3560744 3574097 3583781 3650229 3688010 3739445 3743830 3814570 3825540 3832738 3914199 3918647 4010420 4036584 4059734 4110704 4147730 4158614 4196181 4242337 4272736 4291384 4380535 4419952 4422162 4468669 4480720 4522845 4527594 4537074 4554315 4558992 4643815 4657180 4667284 4698299 4700126 4703163 4704349 4714661 4749221 4765888 4771843 4813897 4831178 4893095 4897495 4929059 4962035 4984712 5013510 5036731 5127021 5131232 5143806 5147219 5160259 5164930 5176000 5182112 5218969 5221539 5229050 5274449 5301392 5305078 5306261 5309445 5317337 5336086 5343472 5357495 5364311 5413978 5441521 5448759 5465877 5500658 5507014 5512378 5534120 5553855 5578497 5591380 5593492 5626593 5643918 5669117 5778339 5819866 5859218 5938046 5981081 5985588 5995379 6029891 6033618 6043819 6071824 6094560 6103543 6150718 6152919 6191558 6248203 6259849 6348709 6363131 6376762 6457602 6473968 6476036 6481995 6486321 6527625 6541044 6548646 6584279 6586253 6617648 6626585 6655285 6668599 6694222 6719498 6728315 6760875 6789816 6806279 6813713 6823081 6830093 6840149 6849910 6859043 6899696 6970045 7000014 7064985 7082251 7169175 7185407 7218183 7223330 7291139 7342656 7362871 7364806 7393530 7440261 7459431 7463069 7539052 7575300 7648058 7673317 7737580 7768121 7786746 7790887 7813127 7830098 7833169 7850886 7866778 7896804 7966930 8029887 8042263 8051440 8082435 8089072 8093979 8164039 8222811 8247004 8247929 8249535 8392414 8417686 8439673 8447769 8457460 8471733 8480330 8577563 8589707 8595474 8640863 8668857 8699269 8741924 8769036 8826137 8846397 8858451 8878091 8887171 8935551 8943653 8956486 8969223 8979972 9014454 9067816 9197102 9199997 9238730 9257901 9276861 9289325 9338249 9343503 9346693 9358439 9374936 9385799 9402961 9477331 9550495 9567723 9575059 9577714 9635444 9702209 9729890 9749605 9775976 9801233 9823180 9848635 9929552 9976876 9990546 9991863 
</Matrix>
<Matrix name="Neuron_731" type="complete" rows="1" columns="3261" multiplier="1.0">
   2367 8007 11350 14430 16644 18995 20869 21744 25731 26937 30105 31353 34861 41162 42960 44533 46087 51073 54729 55966 59016 61900 63171 64052 65255 70758 77126 78149 81267 85191 86487 89709 90967 93298 95359 97015 99529 104314 106316 109046 114550 115369 117332 122175 128022 129187 132851 133645 137845 141791 143207 147780 150020 152963 156658 157950 160514 162080 166164 167845 168982 170735 172055 173850 175443 180329 185312 185997 188226 190579 191407 195578 197219 200538 201382 205407 205985 209288 214168 215313 218190 219392 220819 222424 224461 225988 227326 228626 231606 234555 236001 239542 241857 242813 245576 252161 254305 258541 260318 262311 264253 266823 271685 273377 276745 280707 282388 284953 287726 289081 290806 296212 298183 299656 300653 302305 303933 304963 308717 311394 313117 315396 318788 320896 322878 337020 341921 343617 350360 353088 356992 359478 360619 363137 366616 372798 374608 381352 384695 385603 386449 387543 389784 395640 398036 400160 402990 403997 412010 416530 417568 420542 427056 428010 429187 432282 434846 436339 437809 440441 443378 445077 446196 452545 453440 460069 461960 463122 463801 465487 466980 467940 475797 476936 479688 481701 483335 486818 489859 494353 496013 498232 499506 504656 506628 508646 511287 514971 517265 520602 526842 529523 535809 538734 540816 542254 543219 546819 548188 551711 553003 558349 560462 562807 564538 569345 572302 577930 587699 591172 593489 595677 598403 599497 600623 602492 607363 613167 614805 618455 623252 625172 627825 630611 636118 638892 640078 641924 644202 645676 648089 651718 655338 657735 665325 668208 669954 671246 673207 674875 680610 682239 691239 692614 695043 696852 699908 707084 708599 710563 720191 721220 725316 727451 728985 733121 740528 742226 743727 745207 747615 752790 756717 760127 765691 766598 770818 772270 774939 776583 777304 779066 783828 787565 793978 800074 801626 802682 805340 806939 809291 809929 812217 813007 815780 817239 818753 821253 829344 830522 832828 835405 837663 843737 849936 855804 857361 858516 860723 862152 865586 867962 869837 874348 876312 878285 881127 884037 886585 890340 890979 892876 894510 895471 899731 901431 904402 914552 918523 921580 928109 928995 931681 934005 935141 945049 946230 950477 952357 960294 961787 964461 970207 976421 978570 983538 984633 986158 990325 991966 993700 996112 998518 1000300 1001553 1002528 1010801 1015167 1020780 1023902 1026434 1029339 1030144 1032292 1034594 1042154 1049613 1058173 1059019 1064232 1067605 1070972 1072879 1078224 1079475 1080393 1081924 1083604 1084483 1088160 1092312 1098169 1099511 1102206 1102743 1104995 1107931 1113434 1114945 1116251 1117550 1119902 1121079 1124590 1128450 1131975 1133024 1134977 1141075 1142560 1144777 1147204 1149904 1152248 1158827 1160765 1162666 1163710 1165113 1166822 1169504 1170492 1171909 1175036 1177979 1182529 1183843 1186183 1189705 1191494 1199754 1202365 1203853 1211855 1221163 1226961 1231768 1233526 1234638 1235839 1237309 1242903 1247009 1249762 1254059 1255741 1260063 1260937 1265210 1268003 1268723 1270016 1274635 1278225 1281368 1282326 1286899 1290164 1291384 1293526 1297228 1299640 1308719 1310247 1314393 1316335 1317308 1320352 1323760 1325485 1328578 1333461 1336631 1343438 1355299 1358313 1359704 1363565 1364470 1373198 1374606 1376075 1378635 1379903 1381157 1384813 1386424 1388133 1389254 1394087 1396720 1398377 1403211 1408154 1411292 1425318 1427145 1429342 1431510 1434513 1435346 1442624 1445135 1448936 1449836 1451111 1453209 1454364 1456596 1466040 1468034 1470516 1474070 1476387 1479606 1481102 1481731 1482517 1483548 1484181 1487145 1488860 1491727 1493509 1495538 1499076 1500857 1503895 1509371 1511014 1514295 1520413 1525169 1527318 1531017 1536901 1538138 1540748 1544451 1548965 1554219 1555505 1557477 1561650 1563700 1566943 1570843 1573626 1577750 1578794 1579766 1589177 1591676 1594204 1597660 1599564 1600355 1601451 1602499 1604743 1607442 1616712 1619334 1620388 1624747 1626110 1626656 1631203 1632470 1636475 1639155 1640379 1643382 1644685 1646287 1651721 1653833 1655882 1658974 1665889 1668461 1671007 1679369 1682024 1688746 1693525 1696214 1699903 1701446 1708963 1710498 1711492 1712742 1715519 1716970 1725029 1728832 1731563 1735594 1738021 1740809 1743608 1746560 1751158 1753027 1756166 1760605 1761456 1763347 1767015 1769290 1771155 1776814 1777368 1778938 1779885 1782648 1784343 1785240 1789586 1791267 1796848 1799473 1803491 1807165 1810330 1813386 1821522 1822465 1828076 1830470 1833214 1834351 1836286 1837216 1843580 1846759 1850746 1853498 1859215 1860181 1863101 1867196 1867971 1872204 1879453 1881134 1885917 1887869 1890589 1898970 1899648 1901109 1910582 1913931 1918700 1921491 1927828 1928821 1931520 1932851 1933854 1938540 1948275 1949629 1950757 1953275 1956442 1958945 1960276 1963280 1965791 1968850 1971116 1975263 1976634 1979550 1983907 1985574 1988650 1991864 1995007 1996218 1998078 1999539 2002543 2006056 2014771 2016597 2022443 2027888 2031307 2037616 2039305 2042814 2044001 2046111 2048665 2052403 2056220 2057216 2060106 2066353 2070430 2072371 2082997 2086532 2088846 2090927 2092238 2094802 2096965 2099058 2102053 2104371 2106870 2109944 2113321 2115535 2116947 2118104 2121172 2122841 2124297 2135361 2137824 2141251 2142548 2143514 2155837 2157171 2158642 2160339 2161305 2163492 2165823 2170430 2171348 2172835 2174791 2176795 2178905 2181751 2183280 2188570 2191567 2193283 2194688 2198115 2198795 2200753 2203028 2213675 2219562 2222122 2222824 2228831 2230424 2232307 2233403 2234754 2236904 2239828 2245997 2250721 2254530 2255388 2260913 2265113 2273859 2277129 2282141 2288639 2293628 2294409 2295866 2297854 2299842 2301504 2302924 2304568 2307601 2309053 2309976 2314609 2316905 2320097 2323820 2325985 2328732 2330055 2332951 2334256 2338597 2340509 2342426 2344001 2345103 2351196 2356606 2357975 2360049 2361708 2364011 2365869 2368204 2370738 2375477 2379006 2381082 2383451 2384404 2389176 2391187 2394740 2396085 2398260 2399685 2403584 2405959 2408132 2409228 2411417 2415111 2416045 2419666 2423377 2430077 2433599 2434943 2437713 2438878 2441908 2443419 2445929 2447871 2450038 2451366 2455354 2463323 2465284 2472260 2474520 2479284 2480282 2483252 2484536 2487171 2489766 2494176 2496459 2497416 2498824 2500479 2505010 2505708 2510124 2514824 2517654 2518984 2524375 2526984 2529490 2530717 2532019 2537552 2538805 2541624 2543519 2544619 2549110 2551050 2552339 2553353 2555080 2556430 2557840 2561980 2563575 2564643 2566666 2570099 2574589 2576071 2577676 2582999 2584827 2586961 2590294 2592533 2599656 2603064 2604124 2608734 2610900 2611993 2614463 2617051 2621867 2632765 2634970 2636463 2637770 2639176 2642541 2644194 2644970 2646001 2650886 2652579 2654703 2656337 2657819 2660217 2663887 2665406 2669426 2670486 2672708 2676689 2678342 2683550 2685446 2693178 2694371 2696910 2702273 2705114 2713892 2717788 2720119 2729769 2732374 2735662 2737903 2741076 2743083 2744386 2746350 2747794 2750865 2754637 2758090 2760194 2761173 2763735 2765764 2766787 2769150 2770494 2776322 2779145 2791196 2795312 2796405 2798028 2802816 2803781 2808454 2815167 2819647 2821471 2822358 2824468 2831576 2834216 2837689 2841761 2842972 2844081 2846585 2851805 2860473 2861721 2871738 2877309 2884675 2888143 2891112 2892712 2897027 2898285 2900115 2905145 2906033 2907705 2910331 2913400 2914196 2916837 2920140 2921046 2923335 2926237 2928354 2929405 2931959 2932708 2935976 2936865 2941941 2943449 2946204 2947520 2948685 2952725 2958657 2961735 2965346 2966800 2969019 2971272 2972226 2975179 2976837 2978084 2981484 2986325 2990574 2996024 2998822 3002609 3005034 3009132 3011847 3012919 3014264 3017280 3021794 3023297 3025378 3029144 3032321 3035325 3040610 3043616 3046589 3050486 3055761 3057496 3059036 3063313 3068417 3069629 3070604 3071979 3074368 3078036 3084882 3088448 3090144 3093250 3094337 3102106 3104632 3112107 3116446 3118179 3119618 3120781 3121641 3124339 3125606 3132059 3133387 3136656 3138401 3139986 3143409 3144736 3146908 3149753 3152558 3153616 3156465 3157509 3158521 3161820 3164658 3176970 3177894 3179272 3184013 3188162 3189298 3193739 3195391 3197908 3202805 3205545 3210978 3215903 3221798 3222678 3227213 3230949 3234080 3238599 3240315 3242164 3244107 3245294 3246222 3249688 3251039 3252567 3258219 3259191 3261493 3263127 3267520 3270128 3272205 3273356 3280557 3284261 3286578 3294474 3297044 3298943 3300412 3301441 3302657 3311229 3313735 3314812 3317848 3318659 3319184 3322603 3326241 3334660 3337118 3342220 3347502 3350958 3352003 3353116 3355119 3357609 3358588 3360991 3364298 3365967 3368132 3369823 3371740 3375012 3376990 3377952 3378780 3385141 3386979 3390966 3394569 3397341 3398081 3398881 3408362 3409429 3410774 3413008 3414293 3416368 3420289 3421403 3425772 3427085 3433201 3441865 3443747 3445536 3446454 3449496 3451578 3459377 3461455 3466844 3473399 3474625 3480579 3482684 3490946 3492514 3499589 3505107 3506934 3511244 3513683 3515359 3518938 3520373 3521840 3525917 3545078 3546907 3551517 3555238 3556231 3561513 3562894 3565948 3570449 3573542 3575169 3578984 3589482 3590812 3592874 3596770 3600501 3601886 3604850 3606249 3613275 3617529 3619220 3623254 3626887 3634977 3639283 3642447 3645294 3647865 3651188 3652953 3653999 3654878 3656431 3658100 3661644 3666360 3668623 3672467 3676613 3683691 3689458 3694858 3697201 3698687 3702947 3705798 3708360 3711263 3712634 3719054 3721201 3723992 3724705 3725661 3730265 3735261 3737377 3740464 3750612 3751700 3761507 3767334 3770161 3774817 3776807 3783160 3786769 3789111 3794246 3796152 3799939 3802864 3807895 3811141 3816322 3817954 3822192 3823986 3826992 3827977 3829086 3831019 3835672 3838801 3841230 3843408 3846070 3847994 3853198 3855282 3859255 3861900 3862828 3864698 3869176 3871282 3872683 3879801 3882905 3889277 3890027 3892557 3894334 3895493 3897652 3900445 3904277 3908449 3914554 3915906 3916920 3919771 3920812 3928634 3932148 3936302 3939074 3945888 3953892 3954644 3956915 3958016 3959642 3961209 3964516 3967059 3969104 3972471 3973635 3974954 3976367 3977527 3980996 3982706 3984952 3988541 3995454 3997918 4000680 4002468 4004104 4005679 4006686 4010498 4016554 4017797 4019153 4020220 4024318 4027264 4029097 4037839 4038660 4041928 4044949 4046237 4051909 4055628 4056664 4058016 4059973 4060948 4063337 4065044 4068643 4070729 4071616 4073380 4078837 4082024 4085130 4086450 4088341 4091963 4093449 4094350 4096089 4101237 4110405 4114004 4117326 4121580 4129875 4131840 4133396 4135889 4140277 4144871 4146236 4148249 4151720 4153398 4155278 4159434 4161876 4165984 4168518 4169591 4170934 4173650 4178692 4183468 4185674 4189993 4190884 4194105 4200356 4206210 4208832 4212678 4213818 4217484 4221610 4223640 4227515 4228882 4229651 4232588 4237320 4241432 4244319 4246996 4248546 4252094 4256409 4257141 4260038 4261879 4263205 4267006 4267717 4280701 4281691 4283642 4288763 4300998 4303033 4303833 4308804 4312095 4315147 4319055 4321208 4322641 4324116 4328920 4330814 4336822 4339431 4341476 4343446 4346909 4347757 4349992 4355708 4357155 4358168 4359516 4362632 4363822 4368191 4372291 4374670 4377693 4386431 4387721 4397090 4401190 4402281 4404730 4409347 4410949 4417087 4418574 4420275 4424711 4426418 4428956 4432498 4434512 4439289 4442463 4446155 4448818 4450388 4453633 4456539 4460457 4463393 4464746 4466961 4471501 4474243 4479180 4481091 4482078 4488192 4489984 4491198 4499371 4502430 4503420 4505261 4506191 4509527 4510457 4511336 4516579 4519261 4520574 4523830 4526259 4528072 4530484 4531075 4533305 4534692 4535393 4536723 4539380 4542219 4545748 4548613 4555821 4559487 4563111 4564441 4566130 4568350 4569834 4573181 4574186 4578431 4581789 4586605 4590021 4592364 4594114 4599554 4600763 4602853 4611087 4612218 4613497 4615188 4618086 4620455 4621695 4623567 4628113 4629956 4630941 4633733 4637688 4640761 4642407 4643479 4644373 4647194 4649862 4654274 4655174 4657733 4658774 4660982 4664535 4667582 4671107 4672475 4673787 4675053 4685602 4688018 4690199 4692403 4693652 4698275 4700035 4707231 4714355 4718620 4719709 4722424 4723464 4724392 4728289 4743783 4745555 4751497 4752518 4759505 4762390 4763792 4767154 4771422 4772442 4784999 4789921 4791990 4793704 4795258 4797684 4804833 4806448 4807446 4808460 4810572 4811589 4812662 4813642 4817023 4818218 4819654 4826640 4830159 4831717 4834533 4836126 4838698 4840944 4842629 4845917 4846831 4848289 4850279 4851473 4853558 4858235 4859349 4860883 4865334 4867032 4868704 4874512 4880850 4884242 4885389 4886585 4893291 4894729 4904723 4906696 4908603 4909445 4916172 4917010 4918336 4921493 4922541 4923946 4927352 4928854 4933772 4938255 4942035 4943203 4945158 4946926 4952692 4954179 4955864 4957721 4960527 4963599 4965660 4968132 4973386 4975043 4976785 4978101 4980336 4982088 4984515 4986315 4987426 4989663 4990500 4992972 4993943 4996390 4997769 5001215 5003033 5004850 5006436 5007966 5009862 5012629 5014786 5016337 5018133 5019836 5021545 5025025 5027125 5032416 5033832 5035448 5040783 5047812 5048677 5049858 5050937 5053340 5054413 5058392 5059452 5063450 5065718 5071594 5076444 5079315 5086672 5089663 5093022 5093906 5096396 5097085 5100781 5106862 5112703 5114468 5116173 5117892 5119344 5120294 5121950 5123673 5127918 5129629 5133772 5143813 5146019 5147351 5148376 5151722 5154809 5160926 5162538 5163809 5167866 5170103 5174468 5175898 5183588 5184434 5185549 5186320 5187564 5194832 5198949 5202261 5203117 5204253 5207359 5213293 5217447 5218537 5221035 5229383 5230771 5233023 5234419 5240337 5243131 5244356 5245143 5248172 5249417 5251140 5254452 5257081 5259066 5261222 5262167 5263523 5267987 5270221 5278179 5291928 5294588 5295460 5296961 5302053 5304054 5307453 5310778 5312078 5317168 5319520 5320703 5321604 5323689 5327319 5331383 5333440 5337520 5340334 5342985 5347213 5348954 5351497 5352581 5354973 5357995 5360044 5364018 5367541 5372848 5377731 5380220 5384076 5387791 5391350 5394947 5396683 5403703 5406132 5408223 5409967 5412216 5413776 5415480 5416698 5419681 5421235 5426136 5429124 5432350 5435885 5441965 5444323 5446169 5447913 5449905 5451155 5460832 5466373 5467088 5468400 5478319 5480233 5483320 5486645 5488453 5492344 5493398 5501716 5503969 5509985 5511298 5512898 5518847 5520249 5523735 5528979 5532937 5535101 5536552 5540321 5541974 5544758 5556543 5562491 5563218 5577430 5578624 5587991 5592462 5599165 5605655 5607376 5609533 5610945 5615143 5618273 5619161 5621991 5624142 5627683 5629831 5631886 5633514 5637123 5648824 5650896 5654938 5656137 5659092 5661722 5662679 5666438 5673598 5675617 5676688 5678270 5679635 5683698 5685706 5688405 5689256 5690917 5696330 5698556 5699912 5701995 5705746 5707549 5710051 5716338 5717462 5723104 5724702 5726107 5727468 5729434 5731110 5733183 5735176 5736470 5739585 5745553 5747840 5750505 5754546 5756067 5757794 5759869 5761237 5765148 5768126 5770665 5772953 5776588 5780081 5782700 5784827 5788913 5791695 5794884 5796670 5799082 5802486 5807222 5809345 5811370 5813787 5817450 5818978 5825893 5827232 5829576 5832898 5834256 5836118 5838597 5842606 5845869 5848706 5850866 5852855 5855117 5856947 5861871 5865511 5868198 5870477 5875694 5880967 5885218 5897466 5899943 5902930 5906230 5907581 5917678 5919949 5921284 5924892 5926942 5928534 5930635 5932037 5934505 5936686 5938258 5939646 5943355 5944719 5950612 5952721 5960996 5963391 5968308 5969911 5974859 5976689 5978548 5980250 5981583 5987491 5988470 5989591 5996904 5998535 6000664 6002361 6008079 6010508 6012259 6018890 6022021 6023649 6026469 6029548 6033538 6035307 6038984 6050537 6053584 6056069 6058886 6060324 6062143 6076792 6078422 6086939 6091202 6092515 6095653 6099338 6100915 6101788 6105237 6108183 6109315 6113438 6114982 6117001 6121036 6123846 6125190 6126384 6129839 6133224 6134034 6136203 6139667 6141021 6143386 6144492 6149425 6152924 6154757 6155881 6158194 6160254 6161961 6164111 6166019 6167116 6170409 6173637 6174782 6175323 6179240 6182016 6183780 6185145 6188575 6190589 6195082 6197404 6200628 6204451 6208888 6211132 6213374 6216686 6222098 6223302 6224742 6225966 6228448 6229887 6232043 6232929 6237474 6239179 6246003 6251574 6252590 6254466 6259176 6262004 6263931 6269395 6272036 6274287 6285499 6287023 6292065 6302335 6303992 6306146 6307521 6308680 6311391 6312381 6314812 6319071 6322097 6324108 6325137 6329021 6331172 6337116 6352345 6357090 6358102 6367645 6368990 6370815 6381538 6390474 6397643 6398781 6404539 6407283 6409998 6413197 6417647 6419186 6422234 6423541 6432588 6434122 6435518 6436426 6439369 6444185 6447531 6449321 6459305 6462091 6463455 6465045 6470982 6472647 6474975 6479285 6480781 6481789 6483179 6483710 6487422 6493366 6494563 6498020 6500372 6503142 6507460 6512921 6516952 6520028 6521726 6523364 6524867 6525691 6529477 6531395 6535599 6537611 6539699 6544076 6552277 6555879 6558315 6563366 6566075 6566857 6567955 6568948 6570039 6571232 6575450 6580336 6584929 6586883 6588336 6593903 6598052 6600209 6607262 6610218 6612341 6613622 6619352 6621987 6624072 6625495 6630138 6634020 6642774 6645858 6655550 6659668 6661777 6663333 6665916 6676313 6678160 6681062 6683864 6689759 6691648 6693913 6695055 6700623 6706009 6708441 6709575 6718397 6720428 6722571 6725345 6727264 6729319 6732265 6733833 6742016 6743384 6749183 6750645 6752758 6755475 6758280 6763281 6765244 6767195 6769768 6773176 6776344 6777792 6783306 6789456 6791009 6791927 6795051 6798092 6808270 6810964 6812884 6814449 6816981 6818591 6821901 6823932 6825477 6830593 6832091 6841238 6847958 6849947 6853813 6857209 6859326 6862284 6866763 6868620 6870012 6871086 6873414 6874311 6875728 6876522 6881962 6885390 6886496 6887986 6892818 6896156 6901646 6902966 6905298 6907602 6908330 6917166 6919274 6920329 6922258 6925555 6937162 6940817 6944792 6948206 6949706 6950987 6952860 6957196 6959972 6961820 6963178 6966825 6968292 6971818 6972874 6976009 6977550 6980473 6982173 6983599 6985652 6987926 6989459 6991680 6993244 6997933 6998807 7002584 7003709 7005564 7010191 7011485 7012952 7015526 7017085 7021969 7023928 7026848 7033882 7038956 7043080 7044951 7048936 7057085 7061436 7064257 7065595 7066590 7074116 7075323 7076311 7082079 7084341 7087172 7095230 7096330 7099141 7107408 7110790 7115220 7119097 7124687 7135947 7138016 7139256 7142414 7151155 7151840 7155104 7158246 7159334 7164664 7166036 7167883 7168665 7171308 7174454 7176749 7177456 7178772 7182176 7186645 7187835 7195516 7197639 7198952 7205070 7206439 7207383 7211647 7217442 7218784 7219839 7221158 7225245 7233423 7241041 7246995 7252642 7263209 7264575 7278389 7280233 7281532 7284882 7285746 7290385 7291375 7294726 7295740 7298057 7299785 7300795 7303146 7306987 7309174 7311021 7312183 7313218 7317173 7319302 7324036 7328939 7338931 7341542 7352494 7353339 7356268 7357683 7359803 7361774 7362849 7365949 7369059 7372266 7376875 7384901 7386073 7391362 7396690 7401222 7404739 7406756 7409375 7411168 7420937 7422305 7427021 7431282 7432689 7434012 7439417 7441427 7442524 7449302 7450349 7451655 7456441 7457979 7459461 7460455 7462085 7463550 7465179 7466455 7469110 7471696 7472857 7475748 7476877 7478226 7479073 7483209 7487284 7489190 7491098 7493857 7494791 7499099 7501336 7502321 7503630 7504592 7506636 7510204 7511462 7519934 7524115 7528493 7536806 7540493 7545336 7547110 7553909 7555613 7557259 7559548 7561676 7566319 7568179 7575703 7580944 7583053 7583886 7590398 7594332 7603843 7608247 7610961 7612687 7616139 7619062 7621170 7627407 7636988 7639243 7640809 7642654 7645077 7646866 7653701 7656901 7658643 7660289 7661294 7664951 7667870 7672274 7674281 7675212 7676339 7677060 7683457 7684728 7686270 7696497 7703290 7705855 7706918 7707781 7709070 7710589 7712779 7715576 7717226 7720342 7722641 7725847 7727052 7728407 7733209 7735212 7736576 7739203 7743294 7744454 7745653 7749506 7751618 7752824 7763678 7765854 7767386 7768751 7769922 7773045 7774789 7777234 7778992 7783379 7784947 7787458 7792114 7800619 7802883 7804614 7809754 7813181 7815852 7818715 7822377 7823402 7825010 7825987 7832438 7834211 7835170 7839385 7842244 7844123 7857562 7860888 7863025 7864112 7866744 7867554 7868601 7871919 7872523 7874956 7880764 7882309 7884583 7885574 7889960 7890978 7893184 7894304 7895447 7900142 7906456 7908499 7910677 7912360 7915069 7916686 7918104 7921812 7925906 7926853 7929629 7932342 7933523 7944013 7948752 7953068 7954301 7955376 7956163 7957457 7960922 7962243 7963253 7968029 7973476 7975557 7977401 7980338 7982542 7983953 7985723 7987129 7993281 7995619 8000893 8004094 8007152 8008130 8008850 8011097 8013367 8014657 8016541 8019324 8020766 8023750 8026596 8039278 8043249 8044974 8046972 8049967 8054530 8060461 8061976 8063226 8068541 8071131 8073817 8075019 8079639 8084984 8090168 8091796 8092712 8093646 8102274 8106913 8108967 8110805 8115817 8118718 8122382 8124352 8133098 8135781 8137967 8143261 8146295 8147890 8151023 8152350 8154222 8160715 8162822 8164797 8170086 8174820 8178526 8182512 8191058 8193737 8196207 8205183 8207718 8209582 8210951 8212450 8215522 8219560 8221631 8223092 8224204 8226565 8227419 8232526 8234657 8235490 8237391 8241715 8242546 8246314 8249345 8252145 8257045 8261915 8264670 8269073 8272449 8275293 8277265 8278609 8279855 8282844 8286987 8289637 8291197 8292692 8294927 8300837 8302577 8303671 8305922 8307575 8310504 8311792 8314852 8316611 8318409 8321779 8325141 8327441 8329191 8330214 8332925 8337128 8343728 8344457 8345725 8351109 8352026 8353396 8354445 8357934 8358715 8361068 8362507 8363863 8364558 8365715 8376023 8377210 8378452 8380792 8384072 8385925 8387114 8387966 8390051 8391274 8392437 8394883 8399388 8400568 8401403 8403606 8404729 8405659 8412719 8415421 8419600 8422472 8425044 8435640 8439674 8443510 8446083 8452966 8455296 8459318 8461700 8463215 8465994 8467682 8469985 8471541 8472898 8476125 8477705 8481994 8489069 8492141 8494936 8497317 8499229 8501583 8505610 8507119 8510959 8513262 8515872 8517533 8522229 8523744 8525840 8527746 8528808 8530803 8535973 8538538 8539878 8542759 8546316 8550207 8553400 8559381 8569532 8572621 8577874 8580256 8581802 8586312 8588482 8595322 8598941 8602882 8603765 8607872 8609586 8611247 8615216 8619295 8623023 8628009 8632505 8637159 8638884 8641959 8643732 8645469 8646514 8649547 8653755 8656722 8657956 8662304 8664538 8665931 8671164 8672728 8675705 8682617 8685169 8689067 8690904 8692526 8696273 8699678 8706614 8708421 8711142 8715249 8717027 8718788 8720813 8724329 8727442 8729929 8733284 8738809 8740927 8743583 8745403 8746252 8752216 8754322 8761442 8763470 8764255 8767638 8769479 8772327 8778711 8780891 8783149 8789106 8797049 8798273 8802094 8803291 8806156 8807058 8812030 8814247 8816637 8820314 8826006 8827015 8833594 8836061 8840927 8841853 8844368 8847542 8848865 8851556 8853309 8857664 8860969 8863567 8864347 8865185 8873634 8876242 8877792 8879365 8880897 8882495 8889647 8890827 8894440 8900068 8901855 8903411 8907113 8910550 8913625 8914779 8916681 8918550 8926466 8928475 8929844 8932789 8933380 8934817 8936669 8937846 8938710 8941156 8944318 8947248 8954234 8955875 8957771 8964103 8965606 8968066 8969047 8970127 8971754 8976504 8978848 8983154 8987168 8990838 8993482 8994505 8995344 8998165 8999543 9001247 9003014 9005719 9011004 9012408 9015455 9020267 9023785 9027465 9032422 9035326 9041166 9044562 9047731 9050959 9054428 9059195 9067166 9071171 9072210 9074064 9079415 9086377 9087730 9090959 9092731 9093986 9095577 9101492 9103880 9105625 9111595 9117007 9122736 9124561 9125366 9127235 9128115 9130028 9131177 9132757 9136076 9144730 9149078 9151238 9157739 9161478 9162713 9164454 9169365 9171348 9172650 9173978 9174836 9178246 9186523 9189867 9196181 9202132 9205644 9209588 9210909 9216155 9220450 9225330 9226831 9230542 9232653 9234268 9235807 9240807 9246055 9248787 9249767 9253411 9255853 9256760 9258634 9265275 9269205 9270069 9271706 9274515 9276616 9278554 9282954 9284181 9286785 9288015 9290208 9291212 9292407 9293636 9295722 9299924 9301840 9304644 9305458 9306637 9307740 9311266 9313095 9315050 9316736 9320142 9322754 9324281 9330597 9332947 9336649 9341982 9344079 9350310 9351332 9352717 9355480 9357111 9360464 9361382 9363198 9365376 9369496 9371159 9377762 9379041 9380520 9381663 9382607 9383793 9388847 9391218 9395982 9398925 9402315 9403973 9405286 9406597 9407631 9408885 9410074 9414503 9418479 9425211 9428649 9430996 9435021 9438926 9441855 9450080 9451405 9454861 9456054 9458000 9462280 9465360 9466730 9469349 9470674 9471562 9473283 9476736 9479820 9481111 9483123 9484380 9485567 9488904 9494299 9496460 9498014 9502663 9509342 9511469 9514853 9517115 9518235 9519956 9523343 9529591 9532346 9533950 9534916 9539642 9541063 9542712 9551226 9555820 9557411 9561658 9563151 9567130 9568212 9570020 9573244 9580860 9584222 9585414 9586835 9588644 9596049 9599044 9601350 9603706 9607404 9610304 9617154 9618321 9620359 9621942 9627774 9628724 9633982 9636672 9643994 9645632 9646819 9655180 9660293 9663272 9668339 9671230 9672989 9675355 9679499 9685594 9688612 9690606 9691292 9695766 9698920 9700285 9702651 9704274 9708904 9711553 9717414 9720883 9725916 9728797 9733339 9736822 9738722 9741225 9743344 9744043 9747524 9753221 9759869 9762160 9766446 9768150 9769469 9774107 9780011 9782202 9785586 9792009 9794603 9795438 9796874 9798605 9800804 9808133 9809767 9812913 9816514 9817373 9827089 9833689 9836898 9843178 9844493 9846880 9848247 9851823 9857981 9866989 9873920 9884183 9887366 9891705 9893869 9897693 9899482 9906334 9907312 9910487 9912658 9915424 9917205 9926248 9928004 9933579 9938027 9940136 9944444 9946806 9949163 9954383 9955399 9958184 9962896 9963584 9970305 9974100 9978287 9981071 9982687 9989439 9993081 9995510 9999360 
</Matrix>
<Matrix name="Neuron_734" type="complete" rows="1" columns="310" multiplier="1.0">
   132896 195826 270793 286109 355935 408045 426775 441982 494202 495934 528956 538473 573088 581315 622805 627435 664896 687452 690980 694929 731456 744793 751748 790604 820684 836764 899905 938623 958792 987588 1044327 1049453 1059089 1132320 1148964 1160511 1227895 1240988 1301597 1305225 1321319 1328095 1357424 1361441 1366975 1372249 1503922 1519973 1551526 1615523 1678997 1781863 1802575 1806575 1814593 1873686 1920096 1931842 1953470 1961744 1971446 1993029 2000310 2002543 2015734 2033114 2063828 2145204 2209869 2224219 2251730 2310342 2313953 2335175 2369206 2403634 2449316 2453273 2462815 2474293 2480943 2502770 2552330 2599736 2671107 2680661 2775293 2804401 2842437 2847103 2852664 2899896 2939836 2960002 2965712 2981498 3011991 3034559 3047826 3071559 3121149 3153214 3162264 3166361 3194181 3241567 3247387 3257822 3266826 3274750 3297793 3307976 3361936 3387336 3403670 3437054 3451019 3459493 3470083 3532947 3588826 3594908 3610440 3667606 3676378 3710521 3713017 3728554 3819022 3841036 3843371 3877131 3936685 4029379 4033403 4049425 4054880 4059277 4132928 4140740 4179206 4199760 4261974 4277990 4297628 4318123 4321610 4336525 4384025 4387339 4421443 4423330 4444787 4458448 4494397 4559344 4564254 4623103 4664647 4701144 4719818 4726603 4732235 4740634 4854128 4867839 4873927 4946282 4968876 4989558 5014761 5027542 5077828 5124541 5173440 5237295 5288334 5338342 5343967 5362751 5366683 5377347 5379851 5416685 5433641 5458707 5503050 5514175 5516467 5565714 5579882 5591450 5596479 5643182 5785231 5913440 5931325 5943369 5950360 5993124 5999075 6040365 6062721 6259614 6279873 6344752 6356277 6373966 6397076 6406805 6462031 6482189 6519078 6536650 6564598 6595832 6622935 6630810 6747489 6792404 6833996 6905728 6908502 6910644 6926541 6938578 6972547 6996092 6999929 7067496 7078984 7136195 7161543 7164488 7206088 7212383 7215423 7343635 7361306 7407874 7416231 7459695 7472237 7479339 7501011 7523660 7543888 7547623 7549245 7643749 7667520 7726123 7756229 7758594 7794591 7837084 7923608 7950907 7966518 8018036 8057583 8118455 8252545 8364245 8394794 8410813 8449409 8457202 8499532 8567311 8683701 8730314 8794477 8862276 8868780 8870451 8879243 8962388 8972985 8998731 9058883 9062520 9123566 9134706 9203928 9206779 9249983 9362299 9418239 9431518 9433097 9442488 9461789 9497369 9536605 9555556 9592330 9598182 9607141 9634458 9684046 9699272 9741949 9788778 9807286 9833778 9859950 9868974 9884103 9946179 
</Matrix>
<Matrix name="Neuron_741" type="complete" rows="1" columns="1142" multiplier="1.0">
   24415 28251 30445 50506 84740 92696 119477 121761 130684 137786 140450 148829 149683 167202 171162 174058 186749 197783 212512 217711 220760 222921 228757 233047 239734 258979 260428 261052 272351 301880 307074 311534 316268 322580 348034 353680 367040 374012 401776 405191 416112 443770 454980 458097 461032 469574 495801 502741 504355 526295 527843 542985 553039 554927 576842 612642 619963 624966 632367 639014 641376 645065 662049 677783 679835 686235 697910 700947 718665 720621 723142 724974 726816 739206 742577 770651 794569 799736 814607 846014 851846 853820 870451 872688 876578 894275 923099 931631 937776 946957 957631 971266 973627 980009 983609 988974 1001752 1004553 1027661 1044027 1057478 1062462 1078889 1095757 1098316 1100927 1102514 1114975 1117632 1121245 1124270 1126975 1128605 1134451 1147671 1153941 1162883 1185594 1191894 1195552 1199617 1206155 1222861 1243455 1255762 1261883 1290415 1317553 1352227 1362644 1390537 1394737 1408339 1413491 1417872 1430980 1435972 1439320 1441201 1442297 1449199 1451506 1457836 1483782 1490575 1500178 1504014 1507628 1509015 1514788 1517299 1523477 1527792 1536345 1560641 1565182 1568917 1580751 1584764 1594290 1602992 1617002 1621126 1630409 1632146 1642381 1650693 1657376 1663901 1669738 1675008 1676938 1677695 1689289 1701437 1702878 1705121 1710233 1718977 1724834 1729920 1737056 1755290 1757328 1761115 1776098 1785034 1790042 1793164 1822331 1830528 1833694 1839294 1871186 1877377 1881024 1902381 1915893 1920481 1930450 1944118 1946495 1958849 1968256 1982050 1997501 1999117 2003163 2004751 2008843 2016050 2018296 2026797 2053505 2074351 2077527 2079430 2102203 2107025 2112432 2116097 2118358 2121827 2124955 2138505 2150209 2158639 2166782 2175738 2183417 2188033 2206506 2211750 2213493 2214961 2217051 2225218 2253687 2254907 2261586 2275125 2301942 2305069 2308857 2324664 2326042 2342621 2348521 2353131 2355648 2365173 2369620 2371212 2393762 2399804 2400781 2406537 2408810 2434390 2440224 2441550 2442878 2452328 2464524 2472063 2481667 2483202 2490996 2494220 2501993 2509122 2511407 2520417 2523721 2526390 2530850 2536727 2540272 2546333 2550442 2553542 2559222 2575833 2601162 2610458 2619928 2625582 2629275 2648380 2675042 2678384 2695916 2699018 2700702 2702579 2707266 2709428 2716434 2721702 2723481 2738099 2745190 2760298 2769652 2779179 2783156 2784745 2786340 2796432 2800897 2813653 2817140 2825186 2831773 2833175 2838172 2850969 2865956 2867890 2876475 2881890 2882911 2899306 2909351 2914019 2915003 2928275 2934503 2951087 2967500 2971347 2972890 2987017 2988719 2997249 3007387 3021815 3024489 3028313 3034597 3039157 3040662 3049862 3055350 3073817 3102418 3109503 3146789 3155382 3177527 3208820 3218196 3223062 3228991 3233130 3236193 3238259 3239296 3242460 3253079 3255629 3261303 3262752 3264093 3296460 3348017 3354041 3366866 3371234 3379165 3385802 3399437 3402085 3403338 3409049 3440174 3453731 3476188 3494377 3495288 3509734 3515508 3532330 3533659 3541144 3543309 3552923 3567148 3585145 3591326 3597266 3598544 3600655 3603402 3615265 3632521 3637756 3642759 3664235 3669418 3683241 3693777 3696096 3698391 3745311 3750244 3764638 3778851 3803836 3809263 3817015 3829707 3835102 3870098 3873793 3882048 3883771 3889066 3898566 3907841 3912348 3921812 3923536 3939888 3950348 3954924 3965809 3981997 4002249 4004282 4005311 4011679 4014439 4020738 4022080 4036172 4037645 4046190 4056170 4070020 4072410 4087909 4096054 4099000 4104414 4108185 4109105 4114942 4130618 4140086 4148733 4165313 4171722 4182954 4189029 4193951 4197730 4199764 4202138 4208691 4215266 4228698 4248012 4249296 4258763 4259983 4267833 4269379 4289485 4295258 4296377 4307828 4313487 4322058 4326246 4350003 4367850 4385471 4389311 4398899 4404619 4408126 4409149 4411395 4426763 4432674 4439406 4458884 4463522 4482657 4489000 4490792 4496637 4501824 4507923 4511701 4513933 4514738 4524916 4526700 4534889 4538648 4542232 4550408 4553578 4558803 4581704 4612685 4654141 4661878 4672708 4678332 4687016 4688705 4702523 4706868 4713782 4715643 4730388 4742338 4771837 4800639 4822177 4826069 4836097 4837490 4865786 4878238 4887716 4890948 4898515 4907245 4911039 4930937 4941796 4945202 4965632 4969218 4977867 4980447 4982763 4989102 4990740 5000233 5002636 5019376 5022229 5032387 5043246 5046200 5049905 5050659 5059033 5062664 5066239 5067667 5073133 5076475 5082310 5089343 5094792 5096643 5104793 5114144 5131993 5134719 5135963 5138276 5140379 5146225 5149735 5151058 5169753 5171625 5173243 5174780 5183094 5192558 5214494 5245578 5250604 5254379 5259041 5263878 5278258 5304181 5324208 5330830 5335619 5346079 5357386 5360920 5367197 5375473 5395539 5398031 5400744 5406030 5423426 5458542 5463560 5466028 5479651 5486311 5501964 5510157 5515261 5556845 5558145 5581100 5584465 5595377 5596196 5604418 5606055 5618978 5621108 5624143 5636144 5641301 5649976 5656063 5682699 5684836 5696429 5706401 5709161 5741851 5750799 5762854 5766425 5781823 5792611 5807078 5809105 5817484 5824104 5828873 5845552 5873566 5891830 5893125 5912747 5920013 5921340 5923723 5937665 5940333 5943436 5959463 5964071 5980985 5983768 5991246 5992963 5994208 5996191 6011212 6012785 6027717 6033395 6046343 6060367 6067558 6070647 6078782 6092317 6110174 6122476 6126333 6130919 6133893 6146055 6148753 6163739 6180553 6196273 6209825 6212962 6214946 6216752 6225925 6234476 6237178 6239347 6240439 6246818 6255260 6257488 6267859 6271444 6275589 6280243 6296073 6300838 6304982 6317846 6320305 6323814 6335120 6352574 6357751 6374678 6377542 6393374 6395142 6403192 6428777 6430845 6454273 6455563 6459989 6462059 6471113 6488122 6497804 6522132 6529106 6569433 6571265 6584308 6585495 6591808 6598586 6602279 6603752 6606358 6608875 6617423 6623343 6629793 6637242 6643714 6668167 6670631 6675419 6678478 6688766 6695311 6700189 6701603 6704375 6708777 6720162 6731816 6742055 6745215 6757228 6764996 6768984 6798582 6802849 6804964 6811645 6824844 6829630 6836131 6841640 6842432 6850316 6853674 6857282 6869412 6875859 6877052 6881633 6893708 6895717 6899491 6909989 6916994 6920672 6927166 6935579 6949544 6955237 6963282 6984339 6990726 6997837 7009185 7038725 7058476 7065679 7070622 7079436 7085164 7088020 7100044 7104080 7109114 7112161 7117103 7122294 7123763 7131665 7137858 7139786 7143263 7146453 7153290 7169285 7181190 7185373 7190233 7193574 7206336 7213510 7217553 7222728 7227500 7236248 7241532 7258238 7262562 7266921 7271604 7277316 7279404 7283608 7294250 7305578 7309312 7321556 7341706 7351149 7356548 7361446 7364062 7379287 7384945 7387719 7394304 7398940 7412839 7417271 7432642 7435316 7455359 7456950 7462735 7463797 7465311 7474430 7484734 7504021 7507533 7515875 7519446 7538159 7541456 7543644 7553558 7561462 7575350 7584491 7598726 7622255 7624945 7629876 7635909 7642290 7647427 7649814 7658236 7664543 7675328 7681797 7707298 7712669 7715509 7717052 7721512 7731092 7733760 7760820 7767830 7775693 7782494 7803904 7805521 7835501 7858224 7863483 7867604 7870297 7871476 7884958 7893487 7895295 7924499 7926068 7953675 7959268 7965204 7968484 7977574 7980249 7981869 7987860 7991561 7996928 7999068 8017725 8022938 8028844 8034549 8042521 8059123 8061509 8066710 8079046 8080650 8083355 8085068 8086453 8099229 8110147 8113375 8119323 8122591 8126205 8147099 8148055 8150947 8154288 8167292 8171822 8172790 8187337 8196158 8203673 8212206 8215549 8221686 8225444 8229817 8256360 8266479 8271288 8274587 8290449 8297342 8301319 8313152 8320396 8321838 8337337 8341415 8342110 8359143 8370890 8374340 8400848 8404166 8413720 8415260 8420402 8424503 8431872 8432992 8448859 8456289 8468101 8475118 8477032 8487198 8534285 8536160 8540500 8551288 8555766 8557161 8557950 8563319 8568653 8577874 8599576 8625634 8637124 8645595 8664464 8672016 8682839 8686605 8690738 8698255 8700504 8707651 8715687 8743112 8757002 8767377 8769509 8774673 8776676 8799709 8810390 8818883 8830699 8835239 8849719 8861282 8865684 8880175 8887893 8891011 8892100 8894324 8895779 8900998 8906773 8910049 8912924 8915523 8917256 8918094 8919047 8931048 8933074 8938423 8940006 8959471 8968716 8971236 8990233 9006555 9013955 9015950 9018944 9036120 9048240 9056298 9073914 9080504 9087876 9095992 9106414 9108667 9125066 9134055 9139873 9188809 9193281 9201402 9211697 9215588 9219558 9231705 9237387 9246439 9255734 9260752 9272603 9274599 9276710 9279837 9297498 9305429 9311527 9316988 9332992 9335126 9342643 9353152 9357523 9360230 9362052 9387807 9391121 9393658 9423168 9436218 9442232 9449740 9463262 9464453 9501107 9511843 9520732 9523174 9541629 9551840 9554664 9565492 9569306 9576867 9597444 9601050 9605241 9614286 9624348 9633311 9635887 9637232 9642670 9645053 9649680 9652078 9654440 9656945 9663526 9668422 9676382 9685319 9691597 9701185 9719031 9726796 9735835 9739584 9742333 9743894 9753486 9775872 9788579 9793096 9801470 9805956 9816689 9820962 9832948 9836525 9845450 9850638 9853906 9856479 9864388 9869421 9871625 9902765 9904311 9907905 9912007 9929353 9933597 9935072 9946683 9949882 9959594 9969883 9998225 
</Matrix>
<Matrix name="Neuron_744" type="complete" rows="1" columns="2754" multiplier="1.0">
   982 3393 6772 7529 13890 18096 19620 24025 26413 28352 30184 41193 43270 46044 49465 53393 57435 64912 67594 69656 70775 83413 85668 94326 97955 99235 102444 105130 109772 114201 115951 120011 120882 126862 129855 133119 138575 140853 143475 145542 146803 147747 153314 158558 166169 167996 169311 170924 178030 179982 186615 197573 198778 204559 207702 211800 213686 229376 234590 237812 239153 240803 245135 252777 261746 265030 270483 274745 277481 283704 286389 288807 290311 295453 297643 300301 304004 305798 309115 321893 322769 324407 326522 328178 330682 334978 339044 341277 345515 355570 358581 363394 372348 374441 380824 384960 389252 393924 396567 397656 403676 405623 408611 409894 412345 414887 418646 425742 426683 431609 433276 437355 442152 444328 445237 451051 453617 456386 463196 465029 467615 469046 470297 473331 475024 479247 484007 485246 488029 490184 494905 496106 497997 504987 508574 512548 517789 522779 524674 532246 533287 538129 540229 549965 555403 559155 560376 563611 569767 570715 572525 574317 577772 585046 587683 588961 590501 592812 594217 604070 607348 608310 610499 612953 615096 617588 624711 626005 631031 635958 641426 650638 655689 657544 662075 663116 665045 667558 678910 684382 687160 688524 690352 691186 701788 703728 705242 707977 710506 715578 716421 720487 721600 722408 724712 734559 737437 743330 744580 747367 748808 751333 755452 759695 766646 768165 768956 772683 774570 776258 779673 780537 783345 785525 792302 798180 801792 809900 811415 813379 816379 821870 823017 824459 827344 829828 831191 835588 839323 847658 856127 857056 860563 863949 864851 865806 870820 879793 881526 888352 891936 900601 909777 911315 912480 913761 915042 918444 920656 921569 922795 924223 925352 926564 927737 929798 934253 935358 938645 942097 943673 945502 953013 954981 957456 960402 962505 963388 968338 969875 971371 975892 980297 983621 989902 997119 1002354 1003882 1012442 1014285 1015566 1022665 1025449 1027209 1028516 1032543 1034805 1036766 1040554 1042235 1045106 1048795 1050257 1054852 1056038 1057030 1065063 1068318 1070777 1072569 1079005 1082362 1090419 1092538 1095636 1099448 1101938 1103743 1106392 1108172 1110704 1123984 1125697 1133053 1134046 1136785 1138266 1143227 1145301 1147020 1153648 1158607 1163460 1169734 1173697 1175207 1180311 1185020 1189027 1193365 1194391 1197267 1198623 1207349 1212762 1216482 1218344 1220005 1222289 1233081 1238746 1242492 1245302 1251080 1256009 1257117 1265355 1266685 1276356 1278437 1288039 1290949 1306063 1313863 1319041 1325161 1326776 1330440 1334228 1336100 1338131 1353872 1365105 1370362 1375368 1377811 1382300 1386095 1387440 1392447 1393486 1397827 1400867 1402770 1407028 1419639 1425483 1428600 1429851 1435153 1435987 1437158 1442400 1446667 1452512 1456826 1458163 1465093 1469444 1472725 1474301 1475634 1488730 1495879 1501090 1503103 1507040 1509786 1514380 1521606 1525051 1526267 1527511 1528930 1530915 1535621 1538467 1541661 1545316 1551270 1556643 1565502 1576537 1577797 1587008 1588254 1593564 1596989 1601036 1617301 1619329 1622735 1623566 1624966 1626829 1628406 1630798 1632225 1634631 1635399 1637638 1645831 1652126 1659568 1661513 1662439 1663947 1674256 1683578 1687675 1688846 1690227 1696759 1698052 1699986 1701214 1704618 1708955 1710827 1714345 1717738 1720624 1722310 1723463 1726038 1727850 1729466 1732741 1736342 1738223 1740207 1749260 1750193 1753967 1756259 1758703 1760370 1762829 1767432 1775185 1782917 1787112 1788467 1789576 1793296 1797218 1802953 1805393 1806968 1807653 1809027 1811276 1814452 1816012 1819087 1827099 1828541 1832152 1835773 1837274 1843753 1845489 1849337 1853386 1857314 1875763 1877446 1883030 1886350 1894551 1901934 1904960 1906914 1908631 1912584 1925161 1929617 1931415 1933624 1935276 1936562 1940531 1947064 1949976 1951447 1952984 1963009 1965575 1967111 1969441 1973615 1976573 1977685 1981903 1988687 1995701 1997581 2002379 2003526 2004962 2006182 2010095 2011063 2013481 2016536 2018320 2021132 2022411 2024868 2028555 2032933 2037141 2042829 2044702 2047894 2049213 2050478 2052412 2055265 2057862 2061287 2063786 2064788 2066443 2067952 2072125 2077111 2078783 2079687 2085850 2091974 2096052 2096939 2097782 2099295 2100848 2103039 2107361 2114874 2116238 2121132 2122655 2128953 2131839 2134342 2138993 2140409 2142421 2148165 2152312 2154238 2156472 2158092 2159707 2162860 2167203 2171405 2173077 2175539 2179220 2181314 2183776 2185119 2190384 2191497 2194158 2202253 2204690 2214541 2215494 2217915 2224821 2226694 2228586 2234697 2237617 2240079 2247166 2248962 2254512 2256467 2264227 2271478 2272164 2273835 2275440 2276740 2283013 2284500 2287069 2288110 2290986 2292691 2293874 2296740 2298415 2300331 2303079 2307798 2308461 2310399 2325672 2327449 2331256 2335224 2340376 2341831 2346899 2349350 2352206 2354671 2356561 2358623 2360234 2364234 2370970 2379748 2388172 2390598 2392872 2393968 2402100 2411617 2413168 2414693 2417334 2423961 2425244 2429250 2431764 2434683 2436173 2439117 2445573 2455021 2456575 2459161 2461901 2462894 2463962 2467315 2468301 2470425 2471865 2476393 2477737 2481670 2483395 2484982 2487999 2493601 2496442 2505984 2507235 2516770 2525573 2528168 2532179 2533180 2534512 2535861 2538035 2540067 2541847 2546533 2548108 2550481 2555482 2558106 2571814 2573304 2574766 2579414 2580957 2583884 2588007 2592151 2595910 2598368 2601854 2606070 2607764 2609793 2611174 2616176 2620746 2624360 2625986 2631347 2634305 2637417 2641489 2646864 2649040 2650287 2651417 2654275 2659813 2660952 2663647 2667852 2669350 2674539 2680797 2682520 2684263 2689785 2691809 2696405 2699065 2700197 2702797 2704206 2705983 2707346 2712582 2721118 2722150 2726785 2728621 2729897 2733522 2735961 2738899 2743129 2744470 2750942 2754201 2755356 2756562 2764240 2769373 2770421 2773599 2775809 2778028 2779341 2785935 2788006 2793379 2795175 2796088 2798073 2799561 2803051 2804554 2805742 2806575 2807606 2815071 2818925 2824373 2827612 2829656 2831902 2833785 2838998 2840739 2844113 2846692 2848282 2854073 2857191 2860048 2862992 2871440 2874341 2877137 2878975 2880144 2883349 2885252 2888374 2894179 2899991 2904033 2906522 2909432 2913954 2916593 2918259 2919169 2922815 2925688 2931044 2937469 2943129 2944251 2946724 2950969 2952678 2962027 2964235 2965767 2967443 2970586 2984784 2989925 2990902 2993314 2994604 2997109 3002729 3006736 3008259 3012307 3014186 3015849 3017090 3019249 3020650 3021403 3029152 3030409 3032575 3036723 3039529 3040530 3043803 3045643 3050741 3055789 3061454 3063349 3069559 3071539 3081861 3089532 3091259 3094556 3099347 3100208 3106564 3107721 3108906 3109767 3112700 3115303 3120518 3124165 3125095 3126934 3129279 3131567 3138491 3139370 3140729 3144423 3148466 3154820 3156408 3164486 3169360 3172188 3175668 3176533 3185762 3194503 3204502 3206457 3210180 3211063 3216987 3220555 3221776 3223124 3225201 3234452 3237529 3239625 3245097 3249158 3250303 3254050 3257540 3264355 3269346 3273982 3275029 3281262 3282472 3286258 3288284 3290617 3294315 3299718 3301762 3304954 3306762 3309390 3314162 3323703 3325213 3329131 3331642 3335329 3336618 3337908 3338856 3340825 3344886 3347081 3348323 3349899 3369511 3374498 3378246 3390999 3396989 3408065 3411065 3415097 3416631 3417663 3420150 3421255 3422225 3424134 3425368 3429986 3436430 3438915 3439919 3441424 3442676 3445292 3463113 3464666 3465871 3469336 3471750 3473408 3474786 3476261 3479750 3483346 3488228 3490118 3493025 3498172 3501773 3502561 3505594 3509059 3512183 3513585 3515169 3520002 3524128 3536180 3539514 3542878 3545227 3547066 3548530 3550208 3554305 3558095 3560462 3567584 3571838 3575676 3576670 3583059 3584893 3589348 3596406 3597983 3600649 3604569 3606184 3613326 3619707 3621715 3624439 3629614 3632532 3640289 3641260 3642197 3644338 3648569 3649596 3651934 3655189 3656743 3658030 3661246 3663526 3665808 3666729 3669087 3676461 3677812 3679953 3683000 3685991 3687812 3693200 3694928 3696610 3698821 3699635 3700942 3706412 3711114 3712270 3715390 3718375 3723402 3724583 3730042 3733530 3737833 3742653 3745121 3746309 3748543 3751402 3758635 3763480 3767992 3769216 3770953 3772543 3775835 3777645 3789298 3792592 3795915 3799180 3807144 3817803 3820078 3822028 3825981 3827422 3828942 3832180 3835547 3839231 3841316 3842889 3848641 3850260 3853467 3855573 3857369 3859349 3860149 3868575 3870962 3873030 3874361 3877566 3879433 3886606 3887651 3889383 3892121 3894424 3895395 3901135 3904841 3908068 3917248 3922899 3927888 3930568 3932552 3933270 3941812 3945608 3948067 3951370 3953534 3957499 3959110 3960134 3963790 3965671 3968100 3971126 3971903 3973331 3974280 3990454 3999771 4001301 4004919 4008714 4012074 4013199 4014414 4028488 4031710 4034308 4042589 4046647 4051861 4063558 4064857 4066493 4069367 4072544 4075880 4079456 4080806 4082497 4090620 4092690 4094235 4095241 4098336 4106544 4107785 4109027 4111440 4114413 4115720 4122900 4125612 4129114 4131116 4134391 4141877 4143911 4152494 4153958 4160020 4164996 4171369 4174484 4175793 4181032 4189984 4190787 4196830 4199273 4205250 4206458 4207326 4212080 4217681 4219754 4221693 4226442 4228009 4230816 4235376 4238186 4240344 4241642 4243042 4246139 4246804 4249044 4251254 4257083 4258505 4259263 4260970 4262488 4268495 4270676 4273583 4278007 4283605 4286052 4287411 4290778 4292407 4293429 4295699 4297151 4298843 4302740 4307786 4315220 4321654 4323721 4325757 4326524 4331795 4357797 4361862 4363663 4365741 4368438 4370387 4373193 4375730 4381683 4388977 4395683 4400790 4405092 4407934 4416789 4422294 4428308 4432792 4440804 4441898 4446104 4448083 4459138 4460496 4465185 4466579 4468709 4470104 4471576 4481696 4487132 4493582 4495367 4500320 4501897 4504263 4506805 4518753 4523364 4527840 4529303 4535227 4543454 4550595 4553398 4564100 4565883 4567478 4572934 4574396 4576277 4578168 4579994 4584288 4585280 4586057 4588478 4596576 4598805 4610299 4612727 4616270 4619491 4624558 4625868 4628087 4638086 4639716 4645985 4646861 4652013 4655345 4656214 4658251 4662240 4664510 4665917 4668677 4670475 4676410 4684915 4686496 4688697 4694202 4698419 4705536 4709124 4714443 4718443 4723021 4725591 4728430 4729665 4732441 4734577 4736003 4743598 4745320 4749375 4750439 4754179 4760150 4762360 4766210 4768994 4770190 4771081 4774289 4776953 4777899 4781650 4783456 4794364 4798989 4799904 4804320 4807118 4809762 4829112 4835954 4837535 4838655 4842650 4845244 4846022 4848225 4854349 4856643 4863445 4865426 4868562 4869526 4873344 4878557 4879559 4882673 4884545 4886504 4889786 4891739 4893023 4895670 4896983 4897887 4900552 4905809 4909894 4911567 4917475 4919844 4926669 4929717 4932780 4934921 4949319 4950454 4954711 4958619 4960990 4964433 4969390 4972818 4975902 4976700 4979666 4982232 4984246 4985691 4988095 4989312 5000392 5002983 5004725 5007864 5010374 5011976 5013562 5014844 5020193 5022560 5026571 5027847 5029731 5031806 5035596 5045270 5059236 5060758 5063023 5068487 5073758 5078218 5085453 5086929 5089904 5092499 5093141 5096070 5098429 5103083 5111658 5112526 5117222 5122998 5127987 5129327 5135287 5136461 5141030 5146530 5149396 5150684 5153487 5156028 5159734 5160674 5163017 5164900 5167932 5171280 5172305 5174765 5180317 5192190 5196224 5197518 5200812 5201861 5206122 5209966 5224125 5229236 5231792 5234063 5235619 5239891 5243713 5250092 5252678 5253879 5256042 5257554 5259425 5261044 5262960 5268635 5272213 5276593 5281396 5287835 5292688 5294486 5297537 5301233 5317234 5319394 5321079 5327402 5334120 5342846 5347532 5348758 5353375 5354538 5357689 5362694 5364256 5367275 5374289 5378091 5379746 5381359 5386496 5388415 5390919 5393735 5394694 5396694 5399393 5401157 5402457 5405650 5411278 5413449 5415542 5421495 5431386 5434827 5436596 5437908 5442349 5452376 5459809 5461015 5462965 5464107 5465285 5470251 5475271 5489041 5491939 5493349 5496690 5503536 5505167 5506222 5511488 5512557 5518412 5521702 5524760 5527903 5529235 5530585 5532974 5536092 5541421 5543806 5545552 5553137 5556220 5559227 5562249 5564239 5566662 5569605 5573140 5577509 5578985 5580986 5584107 5585082 5586152 5587367 5591905 5596135 5597888 5600576 5605053 5606206 5608890 5610194 5612061 5614276 5616575 5623414 5624296 5629444 5633211 5640437 5644709 5648311 5649552 5650534 5652676 5664752 5669588 5677240 5678874 5680137 5681583 5683894 5685670 5687538 5690464 5695130 5696534 5702118 5705843 5706663 5711254 5713703 5717300 5721652 5726654 5731925 5733304 5740937 5743799 5746561 5750274 5751744 5752743 5755259 5756167 5757403 5759766 5761830 5764793 5766329 5774409 5779174 5781481 5783015 5784679 5798770 5807351 5810326 5818301 5821198 5827758 5832548 5833762 5835220 5836228 5838734 5840013 5841856 5843878 5847046 5851251 5853210 5855554 5857144 5863586 5865901 5872275 5877844 5878760 5879899 5883024 5885708 5887882 5890451 5892806 5903593 5905467 5911187 5915549 5920409 5925279 5936056 5939463 5940888 5943645 5945945 5949795 5962794 5970164 5971542 5976646 5978193 5988390 5990103 5994805 5999382 6008820 6010345 6015955 6016877 6017646 6019782 6030510 6032005 6041582 6043210 6044677 6047320 6049396 6051743 6054702 6058600 6063443 6066152 6070662 6074103 6076156 6077294 6083959 6084797 6089101 6091282 6093748 6100187 6104122 6108284 6110058 6113177 6116616 6117747 6118558 6122554 6123533 6125921 6126824 6130289 6132233 6137444 6144784 6145631 6147190 6149267 6151962 6159968 6172884 6183349 6187015 6189487 6197089 6200346 6201621 6204546 6205835 6208692 6222190 6226799 6228526 6231212 6232850 6240703 6249664 6258160 6260539 6262317 6268251 6271860 6279637 6285928 6290361 6291248 6293131 6299253 6304151 6308733 6313549 6318816 6326504 6333074 6340971 6344534 6345990 6350435 6359121 6366782 6373793 6375962 6380751 6383006 6388651 6390259 6400016 6402777 6405414 6409314 6410960 6412909 6417799 6418817 6419717 6423681 6427754 6434308 6445828 6449519 6451100 6454647 6458898 6462036 6464947 6472555 6476304 6484263 6486761 6488785 6493080 6494999 6497837 6499043 6501427 6511807 6512972 6514618 6517121 6522114 6526053 6530753 6531638 6533339 6534269 6536208 6543122 6548968 6551434 6561302 6563159 6566813 6569741 6572309 6582477 6595087 6598177 6602357 6604671 6614681 6618885 6625146 6626876 6628825 6631178 6633848 6641092 6647268 6652400 6661090 6664084 6672891 6674617 6687307 6690771 6694050 6695317 6696385 6702175 6705095 6710220 6713090 6715014 6718876 6719932 6724298 6728234 6729356 6732317 6733642 6738745 6746655 6750826 6752179 6755405 6756543 6758649 6760064 6763432 6770051 6771343 6777249 6785271 6789020 6790178 6792346 6795293 6800007 6801300 6802331 6805556 6808021 6809853 6814345 6820908 6823880 6826455 6827860 6828895 6839581 6843139 6848443 6849977 6855669 6863890 6865735 6867391 6880227 6882093 6887731 6892830 6893797 6895342 6898158 6899210 6904407 6905669 6908236 6911412 6912415 6918045 6924433 6929751 6934372 6935987 6941495 6942177 6953346 6955159 6958299 6960504 6963557 6964629 6971812 6973306 6974784 6977440 6985994 6987548 6990613 6997011 6998406 6999779 7002615 7007084 7009973 7011641 7013222 7014666 7016258 7018248 7029871 7031784 7033788 7036255 7040039 7043794 7046866 7048122 7049392 7051177 7052355 7058301 7066191 7071030 7075886 7080359 7083218 7084705 7089354 7092853 7093779 7097793 7099707 7107223 7109418 7115235 7119658 7129215 7132097 7134986 7141039 7145741 7147385 7149217 7153409 7154160 7156927 7159923 7161068 7165442 7166795 7168130 7169951 7173102 7176032 7178641 7182413 7186310 7187302 7190949 7194430 7198659 7199863 7202553 7205995 7207105 7209937 7216286 7221540 7222545 7224314 7227061 7228197 7234468 7237288 7239282 7244747 7245862 7251563 7254158 7256843 7260959 7263483 7271477 7272282 7275844 7278939 7282439 7283715 7291117 7292750 7299844 7306285 7307072 7310574 7311851 7317129 7319707 7328274 7330240 7338421 7339223 7344248 7347622 7357175 7358075 7362939 7363742 7364958 7366471 7369638 7375858 7376864 7378598 7383087 7387043 7390807 7391949 7395447 7398820 7402248 7404242 7406380 7407748 7416234 7421124 7423532 7424739 7428357 7431664 7432877 7436683 7437510 7440095 7444740 7445518 7449381 7451566 7454205 7458307 7476205 7478014 7479661 7483097 7485633 7488060 7490316 7491339 7492707 7495523 7497151 7498356 7501398 7505579 7508090 7511893 7513413 7514339 7515927 7519378 7522296 7526990 7528811 7533800 7535047 7536173 7539191 7544433 7546582 7548353 7549422 7551439 7555817 7556890 7558336 7559737 7563083 7569429 7570965 7572293 7581555 7584360 7586365 7589389 7593877 7597139 7601955 7604730 7610814 7613313 7618067 7620044 7627015 7630550 7635813 7644838 7648374 7650119 7658136 7661315 7664162 7668446 7677221 7678445 7682475 7693329 7694978 7698709 7701463 7702206 7703922 7705242 7711974 7713386 7714636 7715807 7721075 7723506 7724597 7731443 7732639 7739014 7743221 7744217 7748392 7750907 7756341 7758022 7759183 7766366 7772187 7774260 7785437 7790616 7791838 7794099 7797677 7806552 7810098 7813209 7814779 7817212 7823183 7825140 7834828 7837168 7838913 7845358 7848287 7849536 7857671 7863302 7868822 7874222 7879532 7880446 7885093 7886913 7889166 7892175 7893724 7896782 7899556 7903441 7909459 7912802 7918400 7927748 7931362 7938666 7942399 7946954 7949736 7953565 7960346 7964714 7968497 7969717 7971350 7974321 7975551 7977938 7979572 7980986 7986331 7987627 7988711 7995501 7996470 7997867 8001301 8003042 8004688 8005756 8007061 8013563 8015996 8018351 8022277 8030049 8032275 8037556 8038332 8050963 8056258 8059012 8060346 8069392 8074590 8076194 8079510 8081199 8088100 8089028 8094753 8095596 8104727 8106259 8108335 8109630 8113438 8116217 8118077 8124784 8126928 8131682 8135729 8138785 8144766 8145601 8148680 8154515 8156505 8158860 8159775 8169107 8171573 8174467 8175426 8183774 8185876 8186779 8193643 8199561 8209370 8213156 8216108 8218177 8225108 8226100 8238838 8241722 8246119 8249757 8255359 8259335 8264127 8265653 8266763 8276919 8284957 8287278 8290652 8293759 8305221 8312219 8316514 8320458 8321408 8323071 8340499 8341628 8343136 8346320 8348186 8351438 8353417 8356112 8358247 8360256 8361427 8368774 8378600 8382241 8395313 8397192 8405100 8406216 8410173 8412715 8419927 8422110 8425009 8428350 8430822 8433943 8443527 8444488 8446645 8447943 8449889 8451563 8459516 8460410 8461487 8463677 8464437 8465889 8467254 8468679 8470322 8472919 8477197 8479392 8480863 8490083 8491555 8494389 8496193 8509174 8511433 8517538 8518434 8521595 8525936 8533078 8537072 8541891 8551238 8554879 8560565 8566718 8568102 8571153 8574112 8576287 8577945 8579468 8583670 8585813 8587951 8593076 8597135 8599530 8601114 8610343 8627417 8630140 8632236 8636352 8641652 8645099 8649045 8651906 8655297 8659523 8661846 8665586 8669674 8671174 8671884 8683139 8696422 8698400 8703952 8705592 8709092 8710259 8718001 8719384 8722408 8724039 8725281 8729615 8731333 8732602 8735102 8735677 8746554 8747967 8754321 8755700 8759221 8764254 8769042 8770620 8773694 8775227 8777817 8784845 8786207 8787808 8790270 8796453 8799042 8801211 8802353 8803544 8810775 8812311 8817371 8818786 8823387 8824160 8827138 8828039 8831876 8833987 8835990 8837288 8842442 8853517 8854930 8857091 8863884 8871958 8874324 8879288 8880277 8882008 8885115 8889593 8891009 8892616 8897335 8903011 8908773 8909995 8911562 8914148 8916779 8917919 8919134 8929223 8931667 8933390 8939325 8941055 8948211 8951978 8956023 8959543 8971851 8974238 8975470 8981047 8988155 8991213 8992633 8993974 8996606 8998703 9002645 9009035 9015434 9016632 9019355 9020614 9023118 9029828 9032280 9035845 9038044 9041874 9046611 9048266 9053355 9055075 9058366 9060380 9061819 9064341 9066227 9070246 9073124 9074793 9076498 9079495 9081918 9088538 9089421 9099082 9100284 9107586 9118836 9121369 9124262 9128799 9131769 9134572 9137449 9139267 9144393 9145897 9151113 9153404 9156592 9161637 9164975 9167052 9168214 9172655 9176514 9178303 9179799 9184644 9187017 9191981 9193801 9196251 9208525 9209823 9212015 9217516 9219048 9220829 9221939 9223028 9223876 9224904 9229211 9234004 9236311 9237677 9248983 9251921 9254559 9257821 9259852 9262137 9264661 9266717 9267856 9272499 9273423 9277731 9278715 9282132 9285185 9287188 9288971 9290355 9293013 9294213 9305200 9310809 9314542 9316949 9322363 9326746 9330494 9339755 9347415 9351276 9353679 9354550 9361582 9367354 9368563 9379262 9380746 9382671 9388501 9391756 9394439 9397415 9399753 9405236 9412940 9417332 9418681 9421342 9423844 9425716 9427393 9429700 9430945 9434455 9436028 9440091 9444221 9445797 9448449 9456658 9457631 9458874 9467385 9468533 9471365 9473504 9476355 9477152 9482366 9486161 9497857 9499406 9503311 9506456 9516633 9519908 9523665 9525338 9526875 9527998 9529586 9530811 9534317 9538164 9540506 9544089 9546488 9552107 9553941 9555258 9563205 9566987 9573328 9577351 9580547 9584315 9588214 9593890 9595654 9596450 9597887 9599692 9602981 9607534 9609746 9613448 9615550 9617082 9624193 9627992 9629625 9631334 9632851 9634998 9636998 9638335 9639818 9641274 9652362 9655011 9660271 9661115 9666209 9669013 9673019 9677104 9678983 9685018 9690650 9692634 9695416 9703256 9710109 9714969 9717974 9719788 9724279 9731041 9732214 9734032 9735402 9747476 9753587 9759176 9760450 9761236 9762376 9770794 9772074 9774914 9780349 9783728 9787666 9791068 9792497 9795540 9796590 9800573 9802702 9809405 9810467 9815484 9822537 9825745 9827163 9831343 9837069 9839204 9847506 9849041 9852376 9853945 9855153 9857555 9860665 9862481 9864137 9866394 9868264 9873174 9875726 9878728 9881305 9882958 9885320 9887113 9893986 9897796 9898962 9901806 9903222 9905179 9907714 9914475 9916044 9918764 9920654 9928015 9930916 9934366 9940903 9945069 9948791 9951246 9952606 9955376 9957916 9964542 9967833 9975115 9977416 9980199 9982237 9984193 9988063 9989135 9991373 9994240 9995974 9998309 9999389 
</Matrix>
<Matrix name="Neuron_787" type="complete" rows="1" columns="4277" multiplier="1.0">
   4035 6038 7457 9849 11000 11842 13673 21080 23751 25805 29462 44777 47402 48719 52170 53116 55264 56230 57625 59997 61653 62546 64951 68312 71267 72442 73054 75642 79018 81625 84743 89851 91786 94167 98989 100726 101748 104860 105913 112209 113380 114038 115213 116486 117617 118842 122393 123687 125843 126971 130183 131558 133393 134237 137773 143334 148758 150966 153061 154137 155340 156315 158271 165064 167712 171925 175162 176859 178100 179425 180489 181557 183623 185427 186337 187452 188920 192155 193239 194764 195500 197100 199779 200983 202028 205141 206974 208252 211485 212831 213542 218115 221103 222757 225127 228035 230069 233631 237063 238222 239556 240705 242536 250520 251819 253248 254414 257256 260781 265005 266255 270439 272034 275201 277057 279450 280730 281871 286847 287775 290376 291475 292445 294279 296674 298165 300919 304078 306181 307632 308715 310360 311219 316688 321784 323707 326050 328197 332933 337369 338564 340343 346016 348410 352156 353182 357083 359996 362020 367177 368586 370430 372050 373440 374636 375689 376422 377291 379019 381698 383550 384209 385932 389257 391187 394675 400255 401288 403272 405558 408266 409471 412838 415823 418653 420590 422099 423664 425274 427998 431366 434249 437196 440180 443203 445185 446903 448443 449394 451668 454394 459814 461030 461881 463097 464339 466978 468221 470252 471413 472429 473202 474648 475508 477078 480366 489263 490380 492026 493456 494195 497230 500515 502023 505491 508983 510071 512514 514109 517372 518876 520635 521867 522639 524496 526398 528407 531922 535098 536638 537222 540097 544863 547469 548812 551620 552967 556898 558495 561888 563797 566498 567984 569065 570200 573138 574285 577833 578719 583736 585141 586954 589332 591722 594959 600989 605083 605913 607011 607962 608890 612754 614520 615295 616572 618001 620069 621867 623448 623974 626012 627862 631235 632380 639580 641328 642454 643772 645266 647584 649937 651782 652897 653632 655637 657743 659296 660280 663313 668403 669582 672754 674117 675232 676464 678620 680051 682798 685969 687955 689584 692495 694612 700197 701724 703804 705650 707450 709893 711883 713047 716463 719247 720771 723240 725083 730362 731655 732606 735526 737365 738918 741093 742711 747743 748811 750922 751851 754650 755403 757561 759168 759916 760644 761538 766067 767366 768826 770297 774432 778631 779572 781884 784521 785880 787201 788891 789574 791480 793527 797114 798335 799249 801555 803816 804739 808933 813570 815091 816005 818759 822248 824426 828100 831028 832360 837338 838931 839946 841028 844316 845285 845928 848852 851053 852517 853509 856954 858488 859666 862228 862931 866229 867929 869662 872981 875154 876812 878562 882042 883050 884182 885798 887115 891598 894553 895534 901415 905060 906312 908212 911990 913051 916218 917753 921486 922211 923419 924859 925683 927613 930343 932083 933233 933946 935887 937930 939894 940792 942727 947725 952305 954499 955567 959835 961092 962360 967193 968388 969445 971314 972228 972935 975058 977365 980380 981470 982368 983221 984410 985575 987614 988857 989402 990967 993158 994232 997914 999346 1000599 1002435 1003947 1013704 1016354 1017316 1019854 1021870 1028620 1030189 1031969 1033532 1036116 1037627 1039754 1042302 1046361 1047749 1049352 1053634 1057450 1059103 1062073 1063516 1065255 1067903 1073286 1075383 1076585 1077953 1080148 1084236 1086577 1088380 1089620 1092183 1092936 1094055 1096021 1097300 1098272 1099696 1101135 1102221 1104229 1106030 1107173 1109068 1110704 1112047 1116061 1119033 1121092 1122304 1124198 1127350 1128918 1131473 1132826 1133483 1136497 1138903 1140021 1142895 1145757 1147542 1151254 1153621 1155202 1160361 1162527 1163845 1164803 1165648 1166752 1167758 1170420 1172075 1173379 1179767 1186129 1186694 1187944 1189676 1191652 1195324 1198950 1206130 1207695 1209502 1212821 1216756 1217900 1219287 1220761 1222062 1223216 1226226 1227055 1228588 1231217 1235748 1237084 1240147 1242905 1243978 1245492 1246886 1253488 1255075 1258225 1262096 1263160 1266382 1267851 1270009 1271774 1274768 1277736 1278799 1279445 1280414 1282209 1284422 1288174 1291004 1292037 1294159 1296637 1299721 1301284 1303187 1304957 1307029 1308520 1314452 1317031 1319423 1321716 1327743 1328973 1332595 1335772 1336888 1339658 1340658 1351218 1352987 1356442 1360050 1363751 1366050 1368078 1373732 1375145 1376781 1378100 1379981 1383048 1384120 1387206 1388822 1390680 1391448 1392615 1395712 1399832 1401154 1410015 1411017 1411794 1417224 1419567 1421051 1422133 1424110 1425351 1426795 1427905 1430829 1434899 1439440 1442062 1444200 1450803 1453854 1454994 1455663 1457012 1458575 1459861 1463509 1467117 1468427 1472097 1473673 1478667 1488831 1490774 1492663 1494269 1501945 1506218 1507640 1509158 1510306 1512718 1515911 1517560 1524975 1528891 1529840 1532483 1534508 1537165 1539214 1543499 1545163 1547371 1549334 1550976 1558345 1559427 1560859 1567776 1569119 1570628 1571555 1575591 1576644 1578933 1581826 1582938 1586875 1587847 1589393 1592958 1595341 1596800 1600271 1601431 1601966 1608424 1610915 1617180 1621131 1624448 1625936 1626577 1627915 1631294 1632308 1633235 1635631 1642036 1644290 1645043 1646755 1648716 1650129 1653894 1657994 1658991 1662615 1665105 1666254 1667995 1669251 1670379 1673156 1674445 1676880 1678415 1681276 1682786 1685567 1686477 1688031 1689459 1691538 1695970 1698007 1700046 1702501 1704481 1706399 1709485 1711983 1713642 1718310 1719472 1723826 1726228 1728321 1729469 1730502 1734440 1735258 1736557 1737396 1741849 1743445 1746796 1750800 1753894 1755817 1756729 1758208 1760492 1764763 1766807 1768639 1770000 1771045 1775796 1777721 1779091 1780051 1781618 1786417 1787290 1788680 1790999 1792713 1793789 1795637 1797331 1801096 1803858 1806644 1808901 1813649 1819503 1821030 1821858 1824998 1826294 1833653 1836194 1839356 1840598 1842147 1844723 1846098 1847837 1849510 1850503 1852713 1854141 1857530 1861929 1863092 1864395 1868024 1871457 1876551 1878397 1882221 1883090 1885882 1887704 1890438 1892517 1895200 1900183 1903888 1905916 1909989 1915380 1918043 1922384 1925025 1926752 1930956 1932922 1934157 1935182 1938160 1939470 1940435 1944066 1945390 1946985 1951320 1952910 1954341 1956574 1958164 1960025 1964101 1970612 1971531 1976410 1978767 1983252 1984544 1988814 1990866 1992407 1994845 1997453 1999612 2001521 2003060 2007123 2008107 2009400 2010508 2013826 2017181 2018726 2020295 2023380 2025250 2026982 2028143 2030266 2032639 2033481 2035040 2036198 2038411 2040709 2045144 2049145 2050745 2055862 2057377 2058870 2059483 2060369 2061760 2063107 2064187 2064676 2066714 2067776 2069211 2071364 2072213 2074221 2079281 2080986 2082788 2084609 2089946 2090974 2093142 2095047 2098952 2100920 2103549 2107837 2109356 2115183 2115992 2117283 2118355 2121024 2126176 2129823 2130918 2132326 2135006 2137745 2139447 2142197 2144252 2145299 2146493 2148355 2151471 2152880 2155636 2157042 2160813 2162292 2165466 2167149 2168453 2169846 2175287 2176289 2176800 2177865 2178772 2180405 2181631 2182946 2185231 2187384 2188995 2190003 2191897 2192938 2196372 2197692 2199972 2200987 2203973 2205161 2206519 2207618 2208377 2211043 2214337 2218381 2223152 2225373 2227509 2230127 2234111 2237088 2238548 2242448 2244401 2247467 2253234 2255697 2257202 2259155 2264000 2265959 2268385 2271161 2273408 2279544 2280817 2282795 2286567 2287294 2290702 2292165 2293858 2295012 2296938 2297947 2301216 2303611 2308224 2309306 2310795 2311675 2313401 2318224 2320438 2321821 2324271 2325138 2328364 2331509 2332942 2337141 2340630 2344019 2348741 2349756 2351327 2352175 2359994 2361060 2361934 2363428 2369185 2371350 2372199 2375673 2383958 2385313 2386282 2389218 2392851 2398458 2399365 2401693 2404171 2408357 2409493 2412938 2416175 2419326 2423281 2425502 2428057 2429729 2432869 2434819 2437197 2438121 2442750 2444245 2446765 2448908 2451043 2454644 2459783 2464094 2465581 2471360 2475970 2477202 2479595 2488581 2490867 2493385 2494441 2496343 2497570 2498536 2499853 2502134 2506378 2511207 2514275 2516630 2517461 2518254 2519340 2519903 2522092 2523376 2524251 2527035 2528835 2529939 2532883 2534048 2536216 2538724 2542432 2543791 2546116 2547344 2549042 2550074 2552411 2555555 2556858 2558561 2559302 2560425 2563978 2566454 2567693 2569899 2574894 2575596 2577689 2580518 2582109 2586028 2589000 2593656 2595013 2596176 2597106 2605024 2607085 2611575 2613252 2615085 2617824 2618934 2620957 2622628 2623476 2628951 2633143 2635178 2637272 2638121 2641255 2644979 2646802 2647674 2651101 2652494 2654841 2657831 2658745 2661718 2664641 2668230 2670081 2672750 2676806 2680167 2681073 2683456 2686518 2687685 2688360 2689377 2691295 2692933 2695874 2700012 2704128 2705391 2707596 2711903 2716170 2718387 2719436 2723496 2727452 2728113 2730841 2733144 2736038 2739076 2741394 2747150 2750270 2752279 2754549 2756930 2758324 2759747 2761933 2762914 2763984 2766591 2767381 2768940 2770052 2772913 2773850 2777551 2778440 2779365 2780249 2783586 2789124 2790441 2795056 2800098 2802289 2803555 2804585 2806521 2810324 2813506 2816544 2818764 2819813 2823492 2824232 2825427 2827238 2828830 2832023 2833601 2834379 2836095 2837169 2840492 2841829 2842950 2846952 2855073 2856317 2856873 2858260 2861326 2866623 2867647 2868930 2869869 2870897 2876276 2879087 2880086 2881906 2884390 2886978 2888768 2892020 2893046 2893919 2899625 2900665 2902515 2905405 2906678 2913016 2917647 2921624 2924854 2927013 2927664 2928252 2929547 2930547 2932133 2938560 2939799 2941430 2944390 2945259 2947568 2949992 2950799 2951522 2954093 2955357 2957198 2959160 2962305 2967238 2969898 2970752 2973632 2974682 2976540 2979380 2981435 2982236 2984691 2991635 2993427 2994833 2996911 3000948 3002281 3005020 3006225 3009646 3011995 3014351 3015250 3016935 3019901 3021530 3022929 3024114 3025681 3026680 3029232 3030625 3032314 3033051 3034609 3037073 3039899 3041768 3042508 3043242 3044165 3044714 3046342 3050947 3052117 3055415 3056901 3058693 3059926 3061016 3061821 3062688 3067534 3068644 3071958 3074072 3075713 3078219 3079854 3081471 3082477 3085490 3087770 3088591 3090111 3093067 3094953 3097230 3098651 3099946 3102149 3104557 3106503 3107529 3110190 3111274 3113608 3116376 3117888 3121048 3122092 3123219 3124361 3126661 3128028 3131930 3133619 3138251 3145577 3148055 3149647 3152556 3155969 3156937 3158369 3159016 3162020 3163225 3163771 3164633 3166721 3169017 3178225 3181170 3183984 3191345 3192154 3195342 3198112 3200645 3203481 3204435 3205240 3209186 3209900 3211666 3215566 3217931 3222075 3225057 3227803 3228640 3231115 3232440 3233577 3234566 3236303 3238489 3239760 3245449 3246750 3252263 3254058 3256125 3258160 3259628 3262524 3263789 3266991 3270122 3274214 3279251 3280800 3285694 3294512 3296663 3298962 3300341 3301165 3306173 3306922 3309394 3311207 3316646 3317862 3319421 3320592 3323589 3326176 3328008 3330689 3335248 3336097 3339036 3341102 3343428 3345909 3347502 3348401 3351838 3354305 3357462 3358486 3359430 3360210 3361296 3362614 3368892 3371566 3372684 3374028 3375271 3376698 3377673 3379934 3381711 3382868 3385549 3389114 3390145 3394254 3396464 3397477 3399737 3400785 3403212 3404354 3406598 3407498 3408710 3410970 3413744 3414749 3418442 3420069 3421848 3423623 3424788 3427642 3428771 3430942 3434420 3437165 3439102 3441424 3442938 3444566 3447586 3448287 3449612 3453885 3459943 3460850 3467229 3470438 3471522 3473553 3477402 3481380 3482616 3483719 3484746 3489155 3490151 3493594 3496101 3497360 3498667 3499831 3509673 3512601 3514478 3516130 3517867 3519899 3520757 3526886 3528564 3529315 3530629 3532208 3533631 3534964 3536754 3538239 3539648 3541860 3544218 3547162 3551880 3553742 3554859 3556167 3563428 3566032 3567651 3570921 3572556 3576162 3579396 3580707 3582839 3584441 3586666 3588126 3589832 3590681 3592636 3594264 3599926 3600963 3605388 3608358 3609484 3610350 3611934 3612814 3614265 3614882 3616018 3618574 3621191 3624955 3626852 3627668 3630400 3633042 3634728 3635855 3636897 3638244 3640321 3641435 3642393 3644147 3650800 3651423 3652704 3654941 3656216 3658005 3662002 3662854 3665436 3666209 3669807 3673135 3673965 3674506 3675826 3678221 3680913 3685056 3687093 3688912 3691834 3699602 3700577 3702975 3704354 3705060 3707317 3709795 3711114 3712221 3717673 3718609 3719927 3722432 3726308 3729475 3732240 3733741 3734946 3735759 3742502 3743815 3747559 3749063 3750936 3754418 3755804 3757140 3757980 3759027 3759905 3760901 3762352 3767187 3767922 3770266 3774506 3781174 3783930 3786362 3787762 3790932 3793329 3794556 3795547 3798271 3801445 3803473 3805871 3807219 3814939 3817544 3822173 3824033 3825066 3826960 3828179 3829493 3830533 3831819 3833990 3835456 3836223 3838101 3846159 3846955 3847700 3849852 3851909 3856167 3858093 3861043 3861955 3863495 3864322 3865154 3866602 3871927 3873239 3881497 3883087 3884129 3885402 3889757 3893835 3898918 3902864 3904259 3908456 3910238 3911935 3913184 3914888 3919721 3921567 3924231 3924988 3926857 3928812 3930470 3931839 3934672 3938142 3939707 3942007 3945564 3950416 3951416 3954452 3956395 3957099 3959702 3962142 3971918 3972824 3975755 3983237 3984235 3990939 3992015 3998314 3999882 4003024 4005427 4006625 4008901 4012214 4014022 4019048 4021068 4023316 4026093 4032993 4036409 4038082 4042724 4044772 4049292 4054348 4055317 4056186 4057166 4058476 4059243 4061371 4062120 4063400 4065592 4067555 4070567 4072848 4075391 4078146 4079023 4081776 4083164 4084630 4085828 4089194 4090391 4092222 4094011 4095823 4100143 4104009 4108663 4110626 4114403 4118216 4120366 4126102 4128716 4130898 4132884 4134900 4137198 4141508 4144119 4145003 4146512 4148228 4149489 4150678 4151972 4153996 4160559 4161556 4162867 4166637 4167966 4170467 4171257 4172951 4174869 4177542 4180685 4181944 4184144 4185094 4187539 4188456 4195429 4198380 4200457 4202570 4205848 4207357 4212608 4214315 4216899 4220655 4224609 4229135 4231989 4234562 4236512 4239726 4241834 4242949 4245396 4248269 4250210 4253542 4254892 4261836 4268136 4269998 4273190 4279309 4280461 4283313 4284683 4285958 4287917 4290480 4296518 4298108 4300133 4303604 4308366 4312772 4313557 4316369 4318413 4319255 4324575 4325981 4326916 4328495 4330185 4332418 4334712 4335384 4336198 4337572 4339192 4340400 4341252 4347400 4348287 4352296 4353766 4354608 4356746 4361778 4365151 4368315 4372658 4374227 4378304 4383655 4388203 4391119 4392710 4393670 4395253 4398268 4401447 4403286 4406786 4407872 4408741 4410000 4410800 4414283 4416512 4419680 4421489 4422890 4423835 4425184 4426289 4427344 4429920 4432714 4434087 4437455 4438609 4440030 4442333 4442973 4444667 4445831 4448492 4450134 4452867 4457309 4458895 4460650 4461456 4463075 4463999 4466303 4469468 4470541 4475132 4478005 4478902 4480529 4484410 4485517 4487972 4489892 4492005 4493777 4495398 4502946 4504793 4506624 4509141 4511158 4513281 4516957 4520272 4527899 4528909 4530193 4531626 4534169 4535622 4537659 4539430 4540243 4541844 4544492 4546406 4547441 4549762 4553035 4554538 4555686 4557255 4558218 4560093 4561385 4565324 4566854 4573187 4578210 4579537 4581906 4590546 4594883 4596383 4601821 4604419 4610102 4612339 4615674 4616682 4618645 4619661 4622011 4622816 4624208 4625506 4627122 4630288 4631480 4633344 4634834 4639513 4642420 4643784 4644597 4647481 4650704 4655442 4657421 4658708 4661770 4664613 4669582 4675390 4678074 4680336 4681837 4683229 4686890 4688705 4690268 4691692 4693877 4694866 4697375 4700253 4703352 4714708 4716343 4718979 4723153 4724926 4727051 4728401 4729682 4734512 4736791 4739216 4740632 4741751 4743057 4744160 4750042 4751979 4753049 4756594 4758966 4761294 4762566 4764272 4765522 4766732 4769401 4772110 4776092 4778029 4780438 4781196 4785733 4788107 4789646 4790724 4793675 4795292 4797216 4800448 4801663 4805983 4808182 4809594 4811634 4813250 4814418 4815524 4818508 4819762 4822702 4824532 4826721 4829292 4830797 4832008 4833230 4841779 4843632 4845440 4848944 4850561 4853975 4855211 4857867 4861003 4863060 4866245 4870362 4872714 4874730 4876486 4878145 4887945 4888674 4894439 4896126 4900882 4902394 4903942 4904651 4906246 4908217 4910312 4911413 4912725 4915640 4917078 4920325 4920950 4922780 4923970 4925998 4930982 4932888 4937124 4940216 4943459 4944797 4946177 4947512 4949020 4950332 4952808 4954084 4955818 4956571 4959416 4961016 4963277 4966941 4969657 4971648 4974456 4976185 4977572 4978763 4980216 4982851 4984034 4985271 4985978 4987339 4989023 4990353 4994913 4998365 4999706 5001343 5002586 5006299 5007164 5008764 5010840 5012070 5013399 5014334 5018921 5019636 5021545 5023675 5028677 5030501 5033350 5035754 5036756 5039482 5040420 5041528 5042741 5045654 5046909 5048524 5049341 5050637 5051694 5053461 5054477 5059272 5060909 5062697 5067707 5072834 5074522 5078904 5080434 5081315 5083184 5085251 5087070 5089217 5090163 5092339 5093741 5095863 5097891 5100149 5101674 5103535 5106082 5108248 5109310 5113972 5115133 5116670 5118016 5119624 5122576 5125139 5126118 5127506 5128825 5130140 5139283 5141635 5144586 5146115 5156439 5157206 5158482 5160146 5167069 5168298 5172350 5176749 5178124 5179435 5183027 5184754 5187388 5188472 5190246 5192742 5198210 5199509 5201640 5202390 5203585 5205779 5209562 5211664 5213803 5217272 5219831 5221919 5223155 5229963 5230676 5232980 5235000 5236726 5237503 5238744 5240946 5243170 5248849 5250451 5251548 5253327 5255135 5257079 5258932 5260168 5262684 5264236 5268771 5272996 5275007 5275897 5278090 5283108 5286219 5287421 5288319 5295126 5295784 5298830 5301743 5304714 5308254 5309118 5314785 5317514 5323008 5325532 5329478 5331003 5331617 5333152 5334452 5339358 5341319 5345751 5347410 5351014 5352773 5354977 5356662 5357822 5359115 5360183 5361380 5364270 5367112 5368571 5369827 5370971 5373780 5377059 5378586 5379539 5383861 5386989 5388839 5389474 5390914 5392232 5393097 5395009 5397049 5398857 5401190 5401888 5403099 5405220 5406720 5407854 5414152 5415853 5417103 5418560 5420745 5423104 5424025 5429156 5436042 5437566 5439794 5442886 5443860 5444752 5446562 5450481 5452620 5454122 5456345 5459813 5461396 5462453 5465110 5466639 5468800 5469821 5475321 5476317 5477600 5479165 5483521 5485660 5487981 5489739 5492645 5494598 5496526 5498115 5501212 5504033 5505612 5507561 5511427 5513823 5516354 5519847 5524808 5525564 5530959 5533507 5537374 5541354 5544179 5546574 5548554 5549732 5550664 5555735 5557711 5558861 5562594 5563999 5565569 5569827 5574786 5580835 5582036 5583231 5587745 5588824 5591847 5593835 5595668 5598281 5599978 5603196 5604764 5609009 5611277 5612174 5614651 5616487 5619034 5622647 5626932 5628419 5631579 5635575 5636205 5638224 5639472 5640544 5641832 5649404 5651036 5652034 5653595 5656359 5657698 5659773 5661770 5664534 5666213 5668398 5671023 5672063 5673580 5676197 5677452 5680440 5683081 5685498 5686517 5690277 5690981 5695983 5698916 5700172 5703801 5705043 5707018 5709052 5711563 5712372 5716047 5717428 5719436 5721102 5722214 5723762 5726036 5732625 5735602 5739657 5741871 5750353 5757920 5760125 5762671 5763537 5765539 5768288 5769136 5774412 5777352 5778783 5781173 5783073 5785617 5786867 5788025 5788643 5790618 5792793 5794877 5800179 5801929 5805457 5806470 5811204 5816792 5821399 5822339 5823437 5826503 5828577 5829628 5831829 5833149 5834194 5835204 5838296 5841341 5844470 5845789 5847761 5848708 5850360 5851878 5854867 5857245 5860071 5861495 5863836 5866010 5873341 5874780 5875826 5876814 5879884 5881990 5884602 5885950 5887025 5889929 5891128 5892219 5893323 5894319 5897117 5902179 5904094 5905741 5906960 5913354 5915008 5916646 5923568 5925668 5928346 5929867 5932225 5933226 5938099 5944751 5945899 5947850 5956329 5957496 5960190 5961510 5962631 5964093 5965453 5966669 5968606 5973270 5974137 5975637 5978318 5979311 5981321 5985291 5987277 5988457 5989480 5990909 5991939 5993311 5996102 6002245 6003361 6004758 6005343 6007924 6009237 6013693 6017857 6019372 6020297 6021937 6022845 6024453 6025409 6027092 6029070 6030415 6033835 6039921 6040914 6042187 6046800 6049743 6050753 6053846 6055925 6057482 6060028 6060903 6063904 6065789 6067039 6068609 6070726 6071788 6072735 6077716 6079106 6080765 6082803 6086773 6090342 6092662 6094843 6096533 6097313 6099672 6100803 6102486 6108113 6108791 6109590 6115171 6117270 6124818 6126455 6133277 6136240 6138174 6141534 6144145 6150443 6151634 6153478 6154659 6156329 6158310 6160256 6163413 6164585 6165781 6166656 6168579 6169830 6175817 6178046 6183018 6184076 6185522 6186514 6187351 6188804 6193935 6197652 6198455 6203754 6205556 6210947 6212789 6215535 6216991 6218713 6219695 6221174 6226855 6228024 6232829 6234564 6241853 6242696 6245116 6245737 6247941 6249824 6254471 6257224 6258589 6261719 6266714 6269960 6273695 6279295 6281878 6282993 6284032 6286681 6289135 6293780 6296067 6298977 6300398 6305322 6309064 6311483 6316305 6320090 6325619 6329001 6330143 6334190 6335714 6336881 6337910 6339177 6341663 6343141 6344622 6345465 6350819 6353795 6355192 6356364 6361876 6363278 6364524 6366400 6369294 6370767 6372575 6379013 6383356 6385172 6386278 6388555 6389481 6390954 6391992 6392828 6394011 6397163 6397980 6398610 6400704 6401974 6407985 6409958 6415211 6416331 6418352 6421310 6423848 6426685 6431550 6433429 6434749 6436068 6439036 6439892 6445861 6450776 6452284 6454399 6455606 6457108 6460777 6462075 6465463 6466870 6467994 6468795 6470176 6472419 6474787 6476278 6477280 6479155 6480232 6483691 6484785 6486381 6487710 6489098 6490061 6492880 6494678 6496520 6498400 6500480 6502996 6507986 6509228 6512005 6517193 6518917 6521964 6523305 6524273 6527095 6533591 6534868 6535842 6537076 6540719 6542733 6543751 6544956 6547101 6548246 6550527 6552176 6555233 6557384 6565508 6568331 6572836 6576016 6579686 6580894 6584211 6585567 6587924 6588716 6590961 6592040 6595206 6595947 6597065 6598365 6599487 6601065 6603159 6606645 6610513 6611983 6615912 6617654 6621449 6622659 6624181 6628906 6631130 6635677 6636720 6641355 6642982 6644395 6647283 6648418 6652051 6652898 6654788 6656526 6662276 6665029 6669471 6670300 6671924 6673892 6675164 6677594 6680451 6681726 6686561 6689163 6691394 6693255 6694506 6699418 6701579 6704113 6705391 6707781 6715683 6717648 6719219 6720537 6722807 6725568 6726907 6736156 6737553 6738521 6741091 6747012 6748643 6751430 6760450 6761304 6762346 6763267 6764372 6766961 6768409 6769639 6771067 6772132 6773648 6775579 6776367 6778057 6779789 6781760 6782615 6791478 6792766 6795413 6796507 6798547 6801391 6804806 6807495 6808229 6810074 6810815 6813774 6815685 6820577 6821630 6823152 6826582 6828830 6830914 6831767 6832634 6833834 6836716 6837948 6838439 6839619 6841480 6843649 6844683 6846597 6848907 6850298 6851920 6853613 6855803 6857985 6860970 6862489 6863422 6866398 6867048 6869071 6870889 6871745 6873779 6876499 6877309 6881597 6883846 6885908 6891216 6894599 6895586 6896486 6897170 6900064 6901667 6903673 6906998 6907785 6909701 6911469 6912685 6915117 6916712 6922993 6924820 6926566 6929534 6930610 6933849 6936141 6941417 6942851 6944464 6947178 6950801 6952677 6954430 6958253 6960010 6961073 6961612 6964091 6967580 6968825 6969629 6970326 6974381 6978011 6982211 6984456 6985562 6987755 6990899 6996860 7000093 7003618 7005725 7009147 7010573 7012620 7014213 7015630 7016759 7017509 7022207 7024640 7026989 7027587 7028750 7030316 7030732 7034041 7034705 7038250 7039365 7041898 7043913 7046034 7046902 7048465 7050469 7052596 7053959 7055925 7057423 7059817 7061572 7062732 7064445 7067361 7070616 7072160 7074787 7078335 7083652 7085366 7086186 7087525 7088697 7090193 7093857 7095618 7099220 7108352 7112653 7113713 7114496 7115511 7117973 7120671 7121734 7122845 7124209 7125530 7128616 7129667 7131076 7132173 7133979 7134855 7138013 7140329 7142862 7146030 7149597 7150792 7151999 7152739 7154474 7155135 7157011 7162655 7165248 7166809 7168228 7171194 7172616 7179478 7182708 7185252 7189009 7189610 7191047 7193775 7197253 7198575 7208914 7212576 7214645 7217906 7223286 7226424 7231179 7234550 7236968 7242541 7244712 7246183 7247952 7248907 7250604 7254858 7255783 7258788 7262026 7264470 7265584 7267681 7270064 7272657 7274082 7277463 7280153 7283105 7285027 7286894 7288458 7290320 7295262 7296458 7297471 7299937 7302674 7304935 7306741 7308237 7309771 7310389 7312831 7315104 7315940 7318782 7319564 7321444 7322646 7324474 7327700 7330827 7331994 7333249 7334876 7337522 7341290 7343254 7346920 7348489 7349528 7353914 7355867 7362319 7363448 7364113 7365400 7367208 7369272 7370304 7371974 7374466 7376208 7377627 7378271 7382053 7383609 7385507 7387107 7388928 7391371 7395377 7396658 7398177 7399668 7400678 7401887 7406349 7407816 7412938 7414250 7416154 7417664 7419849 7422274 7423434 7428726 7429813 7430723 7432047 7433103 7434462 7436134 7437332 7439825 7441165 7444262 7447617 7450019 7451291 7452510 7456731 7459775 7461895 7463810 7468256 7474853 7475620 7476571 7479513 7483195 7484599 7486693 7489613 7490759 7494592 7496815 7498899 7505017 7506534 7508255 7510966 7513257 7514851 7515793 7516842 7518672 7520701 7521477 7522567 7523982 7525715 7527146 7531615 7532627 7540118 7543161 7544298 7548043 7550314 7552566 7555083 7555937 7557123 7558110 7566461 7570434 7571767 7572655 7574284 7576136 7577549 7578391 7582738 7585538 7590865 7592181 7593136 7595042 7596368 7598356 7600036 7601560 7604721 7606001 7608839 7610127 7613049 7616430 7618755 7620686 7623470 7625775 7627449 7628746 7630836 7632064 7633869 7635578 7638435 7641168 7642668 7646534 7650405 7653626 7655263 7659529 7661918 7664113 7665285 7667993 7669017 7670809 7675413 7677831 7678815 7679939 7685766 7688709 7692868 7697839 7700033 7700809 7702004 7704838 7708679 7709710 7712005 7714674 7716473 7722850 7726803 7728771 7730174 7731526 7734728 7737599 7740573 7742955 7743941 7745829 7747261 7748318 7750611 7751746 7754059 7754627 7755447 7756898 7757747 7760969 7761716 7764650 7765450 7767713 7772237 7773765 7775780 7785394 7787201 7788192 7789328 7790571 7791536 7792841 7794447 7795834 7796728 7798176 7805027 7806728 7807431 7809029 7809652 7810679 7812162 7813448 7815333 7816598 7818475 7820077 7821391 7822898 7829101 7830249 7833527 7839383 7841327 7844889 7846564 7848446 7852238 7856676 7857863 7859446 7864825 7866635 7869171 7870751 7873322 7874953 7877142 7878606 7880056 7882871 7884091 7886385 7887358 7894917 7901262 7903986 7906217 7907884 7909975 7914122 7921986 7922897 7924001 7924858 7927083 7929577 7932492 7937328 7937984 7941744 7943352 7944537 7946547 7949319 7950209 7951628 7955548 7957752 7959241 7960476 7964979 7966182 7967491 7969445 7970659 7979189 7980490 7981637 7984019 7985366 7987041 7990678 7991726 7994192 7998383 8000788 8002458 8004085 8006382 8007247 8010951 8012318 8013262 8016145 8017624 8019308 8020002 8022569 8023461 8025725 8027071 8028099 8033396 8035102 8035728 8036974 8038280 8038989 8044034 8046424 8048072 8051387 8053599 8054885 8057099 8060431 8064243 8065568 8068370 8070189 8071804 8077118 8077749 8080834 8081445 8085772 8087006 8089887 8091232 8094039 8095572 8098707 8100062 8101520 8104557 8106137 8108533 8110592 8113636 8116189 8117113 8118205 8119932 8121458 8122898 8124180 8127417 8128846 8130783 8133535 8138920 8142202 8144353 8145557 8146474 8147815 8149293 8150483 8153791 8156191 8157215 8159044 8159910 8161979 8164755 8165610 8167212 8168563 8169498 8170440 8171241 8172891 8175669 8176549 8177751 8179067 8181893 8183380 8188354 8189891 8191746 8192549 8194878 8199853 8203555 8204982 8207727 8209053 8211730 8213284 8217679 8220490 8223285 8225572 8230360 8232455 8234712 8235734 8237397 8238960 8241322 8243911 8244592 8245477 8246480 8248175 8250327 8252055 8254051 8255874 8256917 8265055 8268568 8270796 8272208 8273968 8274559 8275619 8278841 8280041 8281477 8282619 8284809 8296573 8297730 8300375 8301425 8302938 8303822 8306076 8308176 8310493 8311455 8313729 8315018 8316248 8318898 8320243 8321901 8322835 8324093 8326668 8333324 8334965 8336746 8337452 8338399 8339267 8341488 8348345 8351221 8352952 8354127 8355277 8357354 8358966 8362225 8363888 8365183 8366715 8367683 8369977 8371970 8372986 8373850 8375614 8379371 8380355 8381632 8383110 8384415 8385672 8388638 8390586 8392898 8394883 8396311 8399783 8401473 8405679 8410273 8411266 8412169 8413267 8414371 8417423 8419599 8422567 8424764 8426770 8427506 8432469 8435768 8437715 8438668 8443031 8444763 8445865 8448300 8452293 8453560 8454266 8458243 8461692 8462635 8463758 8466242 8467218 8470200 8472354 8473473 8474611 8475806 8477441 8478512 8484406 8485369 8489461 8492025 8494125 8497738 8501393 8503860 8505301 8507025 8508758 8510373 8512977 8513733 8515946 8518566 8519965 8523392 8524320 8525264 8527913 8529993 8531937 8534139 8536358 8536859 8538010 8540142 8541617 8542737 8545895 8547929 8550907 8551805 8552686 8558060 8560860 8562308 8566136 8567441 8571283 8572904 8573924 8577013 8578799 8580359 8582663 8583524 8590113 8595595 8596846 8598213 8600289 8601185 8602235 8604150 8606611 8608663 8610475 8612723 8614910 8616307 8618121 8621167 8622700 8624493 8625396 8627885 8629697 8633413 8637521 8640270 8641676 8643290 8644590 8647209 8653616 8654359 8656508 8658097 8660241 8661578 8663419 8665535 8666712 8667545 8670793 8671831 8675189 8676116 8678208 8678867 8681368 8685065 8689397 8691445 8692258 8694129 8698146 8700094 8702719 8705481 8706572 8708367 8709043 8710390 8713228 8715085 8715915 8718053 8720978 8724473 8726423 8728668 8730932 8731530 8733792 8734740 8739661 8743223 8747683 8749993 8751468 8754125 8755405 8757114 8759376 8761588 8763065 8769468 8770427 8771650 8776061 8778851 8783054 8784240 8785837 8789041 8792559 8793436 8795747 8796595 8799425 8801590 8804694 8807222 8810421 8811981 8813476 8817796 8820033 8821709 8825445 8827915 8829468 8830432 8833230 8835786 8837363 8838276 8840182 8843173 8844960 8848137 8852229 8854222 8855684 8857090 8858772 8862051 8862783 8864224 8865263 8867276 8869698 8877840 8878745 8880937 8881630 8882742 8884384 8887915 8890025 8892093 8897562 8898999 8900050 8901966 8903265 8905242 8908653 8909680 8910656 8917966 8918848 8920060 8922227 8923493 8924394 8926206 8931547 8932784 8937280 8940105 8941524 8943113 8945600 8947814 8949465 8957496 8958390 8961184 8964615 8966967 8968752 8969444 8970586 8972980 8976186 8977337 8979282 8984122 8988381 8988943 8994042 8995240 8997549 8999105 8999694 9001331 9002897 9005781 9007264 9008029 9009259 9010178 9010895 9011628 9012880 9015169 9016468 9018366 9019235 9021263 9022524 9027054 9028698 9030049 9031823 9033929 9035933 9037009 9039055 9044302 9045653 9047946 9049336 9050810 9051646 9053008 9058060 9059212 9062775 9064029 9070609 9074255 9075361 9076566 9079287 9082107 9088180 9089770 9090700 9092065 9093066 9094629 9095853 9096647 9100748 9103175 9104940 9106876 9110038 9111536 9115156 9118426 9119273 9122234 9123857 9126174 9128532 9130194 9131021 9132087 9134172 9135279 9139044 9144628 9146563 9147891 9149965 9151780 9153317 9154209 9156313 9160061 9161502 9164219 9164889 9165921 9167641 9170484 9172338 9173349 9175672 9177302 9179834 9181587 9184392 9186810 9188096 9188871 9189865 9193077 9193620 9195226 9196629 9198412 9199812 9201717 9203698 9211441 9212547 9214810 9216513 9217373 9218802 9223278 9224596 9225499 9228092 9231740 9233395 9234592 9236516 9243180 9244370 9245391 9246661 9251094 9252444 9256107 9256932 9259548 9261504 9264348 9265221 9266760 9268446 9269724 9275633 9280452 9282287 9289598 9292246 9294719 9296536 9298014 9300166 9303851 9304586 9307008 9308629 9310883 9313771 9315852 9323466 9324747 9326509 9329097 9330127 9332215 9335658 9337504 9339968 9340720 9343178 9346726 9347335 9349860 9352757 9354902 9356915 9360185 9361353 9362439 9365896 9366608 9368818 9369708 9372085 9373426 9374417 9376739 9378254 9381189 9385258 9388715 9390921 9393205 9394299 9395518 9396363 9397444 9399911 9402010 9404236 9405605 9407533 9408659 9412010 9413637 9416056 9418592 9419834 9421034 9423398 9425915 9426753 9431192 9434899 9437453 9438868 9440015 9442787 9443736 9445068 9448034 9452409 9455041 9456521 9457449 9459574 9462000 9464440 9470799 9472446 9476255 9480108 9482845 9485812 9488137 9492356 9496553 9499386 9502178 9510653 9511985 9516381 9518193 9520054 9524489 9527078 9529823 9531276 9532123 9536862 9539782 9542525 9545430 9546322 9548052 9550846 9553464 9554571 9555834 9556616 9560035 9560796 9561631 9563148 9566104 9568328 9570727 9572711 9575718 9581531 9587133 9588572 9591192 9592203 9594928 9596425 9608009 9609298 9610174 9613018 9617192 9619746 9622942 9626342 9627835 9631996 9635701 9637534 9640529 9641520 9642913 9649521 9650838 9652889 9656139 9657652 9660359 9661645 9662332 9668733 9670287 9671283 9672887 9674555 9676838 9682835 9686516 9697579 9698626 9699292 9704553 9705690 9707529 9708525 9709630 9711588 9713218 9717259 9718094 9719952 9725129 9729749 9732799 9736687 9738176 9740502 9743393 9744719 9746590 9752230 9753895 9757584 9758710 9760679 9763337 9764391 9767215 9773293 9775863 9780502 9782136 9783052 9785791 9789561 9790883 9793649 9794601 9795484 9801189 9803778 9806000 9806756 9808595 9809403 9812589 9815308 9817180 9822538 9825653 9827214 9830321 9832654 9834994 9835954 9838797 9840260 9843187 9844681 9846002 9848870 9849995 9852387 9853212 9854488 9855761 9857812 9863837 9865575 9868256 9870557 9877904 9883096 9884683 9885902 9887052 9887739 9889232 9890911 9893088 9894882 9895980 9898609 9900888 9904277 9905647 9908023 9911972 9913800 9916262 9917361 9918988 9920821 9923018 9925222 9927768 9928851 9930964 9931606 9933778 9935677 9937009 9940013 9942413 9943781 9944970 9949048 9950050 9953137 9954545 9956559 9957690 9959361 9961222 9962899 9963591 9964343 9965917 9967655 9969504 9970597 9974045 9974891 9976919 9979274 9982221 9983507 9984302 9986045 9988131 9989803 9993656 9996673 9997776 9999239 
</Matrix>
<Matrix name="Neuron_797" type="complete" rows="1" columns="220" multiplier="1.0">
   60013 100597 152458 258456 269299 398104 402967 449609 463298 485837 521687 526237 553838 625591 696868 704484 843139 905458 1061867 1115827 1141415 1162011 1186552 1237677 1250574 1266049 1321251 1359231 1377080 1405557 1415121 1426257 1486526 1632720 1675213 1683978 1719960 1769498 1774554 1778341 1808640 1848565 1905520 1947517 1956878 2028290 2049510 2056355 2092265 2101293 2184574 2190654 2267428 2286692 2297419 2371385 2409496 2472978 2529295 2572701 2600834 2619670 2658564 2668705 2717623 2802133 2810833 2895260 2917523 2937978 2948114 2957410 2971274 3009572 3064745 3073212 3091835 3131312 3158595 3182836 3211808 3293035 3443110 3445944 3480310 3554631 3696117 3701777 3738883 3800156 3838952 3862998 3902509 3912596 3957931 3999759 4048333 4084365 4121871 4146146 4260873 4264332 4294247 4297697 4393796 4425294 4483033 4490189 4502951 4569145 4582052 4587735 4648647 4781019 4798455 4841146 4890818 4970173 4989517 4994793 5034592 5116579 5126398 5164054 5305231 5452972 5556490 5599890 5620599 5637436 5671262 5710477 5717534 5736304 5752638 5860669 5877095 5932104 5946759 5978596 6008221 6018999 6065789 6079083 6197558 6220708 6254724 6328674 6336506 6366218 6510365 6617467 6622893 6649606 6670922 6679570 6687990 6732745 6738325 6930378 6947573 7170943 7179540 7227127 7237949 7245064 7295670 7305855 7319927 7504460 7507504 7611295 7658842 7753883 7772831 7776505 7852205 7891061 7910395 7945086 7981307 7997718 8029538 8049095 8119755 8123041 8125773 8148649 8164049 8189955 8256784 8308039 8333636 8359867 8433304 8505005 8521032 8526794 8558230 8759057 8802548 8833651 8841063 8910680 9144828 9240849 9294144 9324162 9357718 9442880 9480851 9490004 9511187 9523310 9587929 9701421 9750777 9860851 9881363 9977747 
</Matrix>
<Matrix name="Neuron_807" type="complete" rows="1" columns="1624" multiplier="1.0">
   5047 7691 9987 16199 19542 37493 38747 45267 48937 53932 55047 56125 57627 59224 73581 75134 77494 95727 99746 103267 104980 116307 127151 128867 134399 136909 140234 145594 149343 152119 158727 163450 167800 173816 182998 185068 197730 210641 213011 223218 227840 230023 232987 235743 244679 248805 251918 258950 260539 263009 267009 272777 292482 299582 304059 308598 311828 315179 328693 337444 355005 362653 364578 367835 370958 372360 384439 385460 401794 425280 428891 430288 446051 447341 452271 464414 473864 480074 483272 489852 493016 505779 508299 510329 521521 524571 536194 538424 549180 551068 554922 556690 559520 563584 567024 580792 589754 598525 599880 600983 607390 616421 623583 625795 632751 634188 647075 650619 653178 659508 661995 673854 674692 675719 680288 685391 689311 696894 709251 711507 716151 731765 740331 749448 762852 765912 769796 772017 776800 801438 812115 814822 828570 829977 839789 844986 855591 857372 863839 870817 875702 889878 895514 901406 915610 922690 926912 932259 941723 952075 960699 967982 969338 971563 979811 992641 1006674 1018264 1023377 1031218 1039721 1047399 1050726 1065037 1081836 1083122 1095214 1101524 1111219 1130017 1135610 1157757 1167279 1173196 1176150 1180753 1182535 1187498 1188580 1193211 1198579 1202192 1218260 1240864 1244074 1251924 1268008 1274109 1280856 1284973 1286682 1298608 1301543 1312160 1315782 1318261 1325430 1332458 1334157 1335645 1340150 1344292 1346025 1352006 1378201 1381807 1390894 1395496 1397063 1400357 1405811 1414041 1414914 1419200 1422588 1433374 1451802 1457562 1463817 1467666 1478685 1488105 1493298 1498516 1502276 1511474 1516554 1522387 1529880 1534783 1537235 1547682 1549702 1555515 1559061 1561952 1567943 1572180 1577020 1595673 1597987 1607502 1611990 1615807 1618449 1623017 1634832 1658961 1667969 1673169 1677108 1682683 1688506 1693780 1698255 1700750 1702379 1710931 1713664 1714823 1718964 1723108 1741633 1751297 1759052 1772394 1786517 1789062 1791613 1795536 1800165 1801685 1809263 1817462 1818517 1828138 1830041 1833378 1842440 1844724 1855172 1865439 1867526 1868348 1874407 1880037 1888129 1897441 1899797 1902362 1910549 1911672 1912756 1914495 1917844 1919451 1928216 1930047 1942385 1944444 1948464 1959689 1973750 1975467 1985588 1986414 1995926 1997883 2004711 2007166 2008928 2012092 2015135 2021942 2028349 2035231 2036740 2045658 2047066 2050051 2051984 2058680 2063611 2071439 2078717 2080042 2084385 2097824 2100482 2113141 2122745 2126641 2137091 2139839 2141919 2150987 2153363 2156778 2168048 2177746 2184265 2192345 2212492 2215212 2216937 2223729 2224921 2230328 2231673 2239121 2259662 2271623 2291485 2315442 2321094 2329345 2333031 2333993 2336553 2339333 2340965 2342843 2349209 2351326 2353543 2358148 2359904 2363529 2366953 2379605 2381642 2384913 2391094 2395064 2397606 2415956 2423320 2426748 2428176 2430447 2454428 2459198 2463630 2465110 2467042 2473595 2477166 2480781 2482934 2484967 2486343 2487804 2495556 2503868 2511778 2513657 2523228 2530859 2533295 2540423 2544376 2550277 2551417 2567163 2572892 2581358 2594968 2610874 2620995 2622504 2625016 2635329 2640566 2646244 2649596 2660156 2677234 2683649 2692614 2694760 2701800 2705051 2707662 2709199 2717555 2720511 2748128 2752666 2758813 2760541 2762186 2774227 2775519 2777517 2782634 2784446 2785725 2790846 2794758 2799520 2804461 2826849 2833839 2841179 2843251 2853408 2858862 2862311 2878513 2880743 2882096 2897462 2902921 2907648 2911245 2915622 2930430 2934765 2937942 2958207 2958766 2959684 2961326 2967921 2973234 2974881 2989735 3002843 3014650 3023616 3029413 3032143 3033080 3036567 3048698 3052673 3060916 3064165 3066643 3069365 3075444 3083597 3084437 3085798 3089632 3092578 3096431 3109686 3115166 3122974 3126578 3128505 3129522 3130591 3134157 3137142 3138680 3147720 3151344 3152751 3156663 3163200 3168005 3185776 3193503 3197138 3207860 3220303 3223763 3238965 3243814 3248055 3252950 3258478 3279388 3281747 3292890 3299101 3301542 3305093 3307966 3311784 3323213 3325554 3329381 3333480 3339729 3348214 3376430 3385118 3389408 3413475 3420946 3423837 3432857 3434235 3440481 3454005 3456163 3457464 3463743 3465537 3472438 3479532 3481891 3490786 3500282 3505951 3513880 3517597 3531595 3537326 3540034 3541153 3546141 3547640 3557657 3559688 3561391 3568183 3579797 3592177 3615681 3626462 3633691 3641105 3648014 3657513 3664067 3665610 3669104 3670590 3674494 3676381 3682490 3688559 3690858 3694551 3703621 3716777 3717675 3720702 3726730 3729846 3730822 3736539 3740847 3747711 3749775 3753160 3756993 3761008 3764275 3770635 3774172 3779791 3782915 3790736 3792576 3796521 3803952 3809674 3819751 3830836 3833552 3837860 3842527 3849182 3851013 3854644 3856506 3863310 3864084 3868795 3870442 3881189 3886194 3896522 3897917 3906640 3909397 3910865 3917664 3919297 3927906 3929035 3932383 3950138 3954392 3959795 3962293 3975628 3985611 3987529 3992692 4011258 4016763 4023112 4024517 4028553 4030860 4034995 4036549 4038350 4043365 4046230 4048652 4056070 4062039 4077496 4087884 4097798 4102094 4106935 4112258 4114454 4116030 4122201 4133744 4147037 4157568 4160093 4168226 4173724 4176791 4186736 4189031 4191150 4196299 4205423 4210180 4215351 4221814 4229058 4232578 4240650 4245176 4246393 4247707 4249083 4261834 4276512 4281688 4283960 4286967 4296067 4297825 4299928 4301534 4302605 4306583 4314407 4337567 4348171 4354878 4359053 4363494 4366973 4372967 4374033 4392562 4394019 4397857 4403414 4409255 4411709 4413648 4421887 4426630 4447322 4453392 4457602 4460370 4461322 4463730 4465093 4467545 4472365 4473624 4474564 4479926 4482610 4483821 4488828 4515084 4516218 4520491 4522813 4532771 4554301 4555477 4571580 4576814 4582348 4588053 4593443 4611896 4626058 4631241 4632503 4640248 4652791 4658186 4664612 4667039 4676866 4692361 4697629 4700712 4708275 4716453 4721878 4724465 4728171 4730039 4743794 4745328 4753017 4753903 4757502 4763887 4768683 4772402 4773916 4774831 4782159 4792551 4794409 4809294 4813072 4815958 4824322 4849511 4850637 4854440 4856125 4868311 4879117 4883844 4885383 4891128 4901064 4904279 4907960 4909728 4912436 4919636 4924063 4925964 4929860 4932054 4940837 4942916 4949459 4954146 4964773 4969091 4978923 4980712 4983623 4985471 4988184 4989649 5003243 5010003 5015441 5016494 5018438 5038820 5046180 5048864 5052105 5057452 5062326 5065265 5069403 5075578 5087817 5099802 5107346 5111477 5114133 5121555 5133112 5137347 5146326 5152697 5161001 5170828 5174248 5179121 5181697 5194570 5200176 5224902 5229305 5237222 5240275 5244241 5250689 5251918 5253818 5257623 5260203 5267442 5271716 5282637 5286113 5291626 5294845 5303718 5307427 5309044 5315056 5321163 5322804 5328567 5331398 5342556 5348063 5349987 5357297 5362683 5372850 5377447 5404326 5405591 5416674 5417537 5435798 5437771 5439879 5442830 5446255 5461281 5467781 5469379 5479287 5482580 5484573 5486320 5493759 5500390 5504251 5520763 5532037 5533176 5541704 5543095 5548778 5549515 5550555 5552669 5558465 5562607 5573666 5575798 5588083 5590102 5591265 5598323 5601625 5625699 5628934 5632111 5635588 5636749 5641820 5643838 5650221 5653083 5657036 5670156 5675135 5680650 5682466 5685731 5694545 5701053 5713901 5714742 5718710 5723374 5732528 5739394 5741810 5749763 5754956 5756343 5759760 5763807 5764927 5768300 5769787 5775165 5778063 5782261 5787214 5788665 5790390 5793340 5794699 5800060 5805981 5807630 5812600 5820790 5824336 5825658 5828982 5831606 5836110 5839079 5842987 5848350 5850892 5854824 5861685 5867006 5868496 5872742 5881273 5883683 5884817 5888259 5894665 5909987 5911767 5916049 5920855 5924582 5939997 5957062 5960018 5962418 5964453 5970989 5972414 5975594 5978719 5981112 5982594 5991750 5992737 6003963 6005016 6009791 6012401 6013650 6018408 6019886 6039186 6040443 6043415 6045494 6054878 6068739 6077010 6078499 6080389 6089346 6095996 6099582 6102060 6104248 6105783 6122097 6123760 6129704 6143431 6153883 6158015 6159922 6183821 6187134 6189280 6206616 6211445 6214049 6217311 6219193 6220357 6235495 6238585 6241382 6245098 6263180 6268891 6272041 6275614 6281116 6285171 6293723 6301886 6304894 6313898 6323604 6324442 6328685 6331342 6336816 6353702 6356203 6359830 6362018 6368241 6389881 6393160 6395206 6401643 6405087 6411428 6413095 6414621 6422472 6433123 6435086 6438625 6459476 6469684 6481296 6500803 6507628 6512741 6525092 6533473 6544229 6552406 6555099 6567208 6578537 6579722 6583921 6587600 6590694 6593417 6601910 6614782 6629335 6632315 6633411 6640087 6642715 6644066 6646301 6665560 6670891 6684509 6694320 6695446 6700016 6706205 6714309 6720625 6724878 6738318 6740567 6742521 6751068 6757139 6764040 6765137 6766380 6770758 6776714 6790575 6793149 6802695 6804146 6807906 6809922 6812687 6814393 6822586 6823482 6824663 6826605 6829807 6832076 6833962 6839599 6844851 6848877 6852347 6858774 6864001 6866100 6868159 6878734 6882306 6920616 6925152 6926993 6950670 6955145 6967356 6972438 6977567 6997242 7004045 7010557 7013084 7015913 7032736 7037556 7040156 7060595 7063412 7071716 7080062 7087136 7095180 7096851 7104818 7107627 7108510 7110869 7114795 7118134 7125144 7127492 7130837 7133713 7151021 7156343 7164586 7176217 7184189 7191847 7210002 7215813 7224010 7233221 7239565 7240366 7244362 7251010 7252089 7259295 7261690 7263281 7266973 7268110 7274640 7281866 7282577 7284511 7293066 7294998 7300000 7304374 7329114 7331177 7333752 7334728 7340638 7348242 7352700 7354244 7355311 7372211 7375495 7380319 7382837 7384917 7391741 7393655 7397817 7408798 7412691 7419207 7422287 7423603 7425768 7436536 7440950 7444419 7446925 7449055 7453213 7460184 7462759 7475390 7476439 7480883 7482747 7490092 7491816 7504915 7506873 7518002 7519266 7521455 7523815 7527710 7537090 7541012 7542980 7545493 7550605 7552005 7561868 7574048 7590345 7592747 7599018 7602423 7605868 7618648 7640218 7642559 7647402 7657985 7668651 7669498 7672797 7675820 7682007 7685106 7690494 7710896 7717998 7719324 7727472 7739086 7744684 7747269 7748035 7750873 7752749 7755151 7764658 7769934 7777832 7793701 7802489 7805548 7811118 7819112 7821526 7826243 7841025 7856866 7863512 7871933 7878683 7880758 7884073 7892446 7896350 7898643 7901224 7907738 7914901 7916378 7919967 7923633 7932012 7938354 7943692 7961167 7965508 7967210 7977346 7983848 7987225 7994457 8021162 8033253 8042469 8047792 8051012 8060639 8067699 8072961 8075289 8076816 8093749 8098006 8099451 8100690 8101932 8103152 8108170 8119430 8121454 8122709 8132240 8134851 8145198 8149342 8157171 8158771 8160152 8170850 8171919 8181787 8182964 8194679 8197543 8203066 8206517 8225454 8246372 8250067 8251876 8252923 8254897 8258761 8262180 8270889 8278101 8288727 8292689 8298262 8301739 8310938 8321083 8324280 8337015 8356401 8358174 8364320 8379363 8385174 8388336 8396073 8411969 8424014 8430928 8434828 8442742 8447080 8460015 8469765 8471516 8486686 8489165 8492797 8512438 8527621 8530799 8540705 8546750 8548060 8552261 8558759 8560269 8570686 8576377 8582489 8586564 8594200 8597996 8616174 8627927 8629248 8636069 8651053 8657386 8665425 8672840 8676856 8684269 8693602 8695998 8701292 8710654 8723403 8737559 8739938 8749496 8760121 8763000 8765037 8777744 8787406 8791515 8796849 8801307 8805754 8816049 8827967 8845024 8859150 8862012 8872633 8876907 8878096 8885536 8891028 8895536 8898702 8903631 8910113 8931059 8935616 8949810 8958888 8972926 8977600 8987052 8989281 8990557 8999156 9003192 9004680 9008077 9022316 9024232 9030558 9034640 9037532 9042676 9048896 9056623 9062771 9066414 9073868 9075408 9081492 9085122 9086938 9090098 9092566 9094145 9098417 9101979 9110430 9122047 9125946 9133368 9135496 9138225 9146328 9147651 9150212 9160018 9161732 9172494 9173711 9175000 9179193 9180414 9194020 9195307 9200276 9203724 9213158 9219094 9224708 9238200 9243500 9244986 9253371 9254505 9256423 9263626 9268517 9280614 9282480 9287444 9292133 9293975 9296778 9302264 9304705 9307331 9309685 9326855 9329570 9333375 9339747 9341377 9354384 9355616 9359250 9362697 9373506 9374867 9381933 9388760 9392725 9400464 9401484 9418645 9420568 9421628 9425858 9426622 9435532 9465509 9466631 9470261 9477410 9481748 9486666 9493472 9497089 9499665 9504796 9507814 9510755 9514374 9517803 9541110 9548884 9551271 9553130 9559028 9567111 9569403 9571266 9572715 9573614 9577960 9584568 9593137 9594925 9597790 9598671 9617592 9619088 9622432 9623903 9628761 9639218 9643070 9647808 9668643 9672843 9684525 9687813 9692219 9695342 9702880 9741843 9744807 9746988 9749013 9757053 9761567 9766186 9767780 9770847 9773473 9776433 9777437 9780174 9791086 9792473 9797581 9806717 9824732 9826339 9829363 9832287 9840816 9844521 9852822 9859116 9863602 9876168 9883768 9900190 9901715 9907073 9912057 9916356 9917715 9919546 9927370 9929011 9943066 9946397 9951411 9956235 9957883 9962316 9964367 9968362 9976005 9980164 9994975 
</Matrix>
<Matrix name="Neuron_811" type="complete" rows="1" columns="4224" multiplier="1.0">
   1853 2779 4041 5937 8908 11627 15662 17325 20433 21860 23018 24257 25946 32685 35280 37448 40020 42633 44589 46348 48370 55754 57899 59169 61948 69884 71620 73537 76045 77859 82071 84134 86856 91152 91923 93428 95022 98612 100345 102598 103502 105935 109710 110900 113811 119912 120683 121422 124416 125905 127282 128512 131948 134512 136208 138078 139935 142352 144439 147739 148820 150899 152986 153818 158774 160122 165983 168951 170759 172197 174556 177561 181334 183072 185222 187753 189521 191714 192863 195998 200716 203212 205648 207787 217346 219220 220854 221799 224370 227541 229690 235707 239029 241366 242600 243964 247896 249869 253490 254445 255542 256812 258987 261122 262404 266028 268124 269708 270920 272453 274240 276344 279996 282731 284998 286694 288026 289691 290950 293578 299112 300661 302539 305142 306242 307260 309623 311733 313856 314637 315744 321842 323201 323974 325188 326046 329871 331082 331935 336145 339298 341478 344148 346093 347904 349133 359197 360123 363145 364739 370701 372193 373368 375743 376351 377154 378213 381513 392106 397509 399633 400704 404522 407996 409617 410735 412478 414184 414916 416015 418079 419764 421744 422968 424033 426191 430700 434449 436064 439004 443168 445979 447420 448896 450996 453435 454904 456660 457830 458759 461055 462369 463708 465173 466556 469016 471985 473549 475895 477399 478258 480353 485563 487355 488251 493105 495754 497444 501592 505311 507933 509049 515839 519410 521438 522773 524580 530537 533392 535205 538664 540171 543392 547621 548955 549998 551490 553430 558835 560198 562471 565908 569272 570704 573081 575777 577918 578966 580278 582920 586069 590328 591565 593037 594570 596121 597493 602840 606111 607095 608460 611283 612762 613707 615333 617701 618417 620636 622536 623315 624080 626623 627957 633120 635077 637092 642699 644316 646222 647881 649380 652141 653774 654474 658362 661022 664300 670862 671906 676390 679918 683178 684066 687925 688955 690494 694099 695800 697469 698497 700195 703885 704639 709610 711108 713245 715467 717802 718548 721204 722418 723381 726081 731600 736412 739379 740712 741583 742438 744630 746104 747608 752355 755669 758980 759546 762761 763984 765479 766710 774460 776134 777807 782440 784373 786917 789253 790447 791758 793092 798605 799804 802232 805099 807778 808787 810261 812163 814227 814918 816802 818031 819015 820058 825106 826868 829488 830941 833251 836516 837851 843328 846117 850245 851783 854019 855005 858371 859869 863420 865007 870847 872020 873571 874383 876514 878442 881515 884241 886873 887994 889054 891245 894065 897149 898529 899729 901425 903343 905298 906748 908315 909592 910754 914640 916713 918138 920880 925443 931016 932226 933549 937535 940687 943465 946227 948229 949978 951097 952782 955178 957134 961220 962442 965101 967132 971639 973168 975852 977953 979021 980619 982249 983629 985598 986797 988980 991916 993010 994350 1000726 1001316 1004214 1007083 1008762 1012374 1013264 1016729 1020724 1022120 1024359 1026834 1028176 1029094 1030567 1032281 1035586 1038187 1039763 1040560 1044601 1048137 1049531 1055461 1056812 1058400 1059438 1061043 1062190 1064451 1065674 1066628 1068240 1069642 1070774 1073669 1075604 1081363 1082357 1084322 1086361 1087352 1090447 1091727 1093119 1094669 1095646 1103477 1106854 1107576 1109238 1111239 1114016 1114945 1116231 1118659 1119239 1123426 1125492 1127116 1128966 1130141 1130656 1132397 1135084 1136443 1137562 1139705 1141130 1142097 1145477 1149328 1151593 1152499 1154300 1157076 1158953 1160276 1162190 1163541 1164909 1166247 1171227 1174295 1177044 1179895 1181751 1182996 1186029 1191311 1192427 1193732 1195090 1200221 1202385 1203416 1206706 1208545 1209478 1210817 1217221 1222250 1222991 1224124 1226555 1229371 1230801 1231815 1233820 1235492 1237133 1238262 1239227 1240928 1242053 1244845 1245949 1249251 1250689 1252213 1253132 1254237 1255315 1257636 1259740 1263015 1264472 1265377 1266613 1268706 1271250 1272655 1273711 1277346 1278378 1283951 1285604 1286274 1287695 1291306 1292634 1295554 1298209 1302032 1303128 1303898 1307410 1308526 1312435 1318893 1320239 1323379 1324127 1331403 1332342 1339124 1339937 1341013 1348011 1351977 1353062 1355857 1359606 1361523 1362725 1365229 1366757 1371129 1371689 1379964 1385735 1387082 1391175 1392421 1394456 1398803 1402630 1405313 1407184 1411019 1414028 1416697 1418341 1419669 1421576 1423810 1426303 1427954 1430077 1433974 1436638 1440121 1441947 1444545 1447206 1451242 1453767 1456195 1458781 1460689 1463022 1464315 1465683 1467251 1474517 1476377 1479140 1480160 1481074 1481891 1485509 1486516 1488523 1490074 1494244 1498431 1500660 1501765 1504913 1505882 1507916 1510742 1512187 1513780 1518093 1519944 1521669 1523199 1525092 1525975 1527617 1531419 1533995 1535237 1536455 1542291 1543423 1544206 1548016 1553733 1555191 1555845 1557960 1559757 1566326 1575389 1576349 1579591 1580987 1582715 1584330 1585950 1587090 1587774 1591253 1592515 1593550 1594681 1597824 1599357 1600165 1601838 1604795 1611449 1613047 1614023 1616518 1618642 1622860 1625202 1628536 1633152 1635252 1636261 1637319 1639351 1640471 1643543 1645200 1648285 1650252 1653833 1655390 1661347 1663072 1664043 1667247 1669706 1671214 1672866 1674715 1676527 1678463 1680388 1682418 1684430 1686499 1689239 1690049 1691187 1694949 1696082 1696987 1698309 1699371 1703256 1706119 1707450 1708493 1709734 1714845 1716467 1722287 1723180 1724689 1725343 1727442 1729953 1731423 1735717 1741556 1746953 1749855 1753078 1756658 1757919 1759005 1760495 1761519 1763354 1767816 1774736 1776739 1779841 1784784 1786728 1788497 1791569 1794019 1796948 1800347 1802735 1803977 1806118 1807648 1811346 1812099 1814122 1815317 1818021 1821784 1823881 1824739 1826054 1827832 1829615 1830723 1831880 1835585 1836996 1838244 1839749 1841085 1843794 1845803 1849384 1852021 1854514 1855881 1857008 1857651 1859202 1861670 1863048 1864385 1865787 1867793 1871126 1872284 1875430 1877450 1879709 1882490 1885092 1888840 1894954 1897664 1899235 1902159 1903327 1905911 1906896 1915745 1916953 1918155 1924227 1925473 1926214 1927110 1927853 1932475 1933521 1934550 1935544 1938984 1940201 1941602 1949425 1954225 1956192 1957226 1958711 1960722 1962103 1964650 1970454 1972880 1974348 1984191 1988711 1990056 1995936 1997489 2000430 2002494 2003793 2005308 2006040 2007591 2009857 2012341 2013710 2018076 2019634 2020719 2022126 2026099 2027232 2029139 2030190 2032241 2034376 2035973 2036998 2038628 2041919 2042979 2043663 2047648 2049660 2055082 2055996 2057442 2058658 2060062 2061752 2064583 2068079 2069613 2071568 2075265 2076060 2077371 2080319 2081675 2084297 2087421 2088716 2089909 2091536 2092696 2093757 2098289 2101715 2102918 2105282 2109345 2110623 2111816 2113938 2115542 2117584 2118503 2119589 2122140 2127632 2129001 2130153 2131043 2132039 2135499 2136746 2139055 2141405 2145268 2146509 2149393 2151618 2155914 2157365 2159312 2160727 2162799 2163930 2167436 2169442 2171675 2189970 2191475 2198682 2201872 2204226 2215591 2216496 2217535 2219503 2222859 2224347 2228818 2230515 2234032 2236271 2237373 2240690 2242527 2244751 2246897 2248013 2249331 2256889 2257712 2258701 2262227 2264118 2265714 2267437 2268914 2270887 2272760 2273820 2275885 2279745 2282022 2283050 2284878 2286110 2288338 2289793 2291307 2293193 2295309 2297791 2300514 2303906 2305583 2306719 2311703 2312916 2313794 2314941 2315768 2318301 2324345 2325842 2334910 2337190 2343155 2344078 2345292 2349899 2352319 2357297 2360075 2361386 2362889 2364986 2371719 2373696 2374921 2377324 2380564 2381691 2384279 2384933 2386784 2388875 2391706 2392878 2394804 2400576 2402370 2403628 2406824 2410449 2413303 2414855 2419532 2420874 2426287 2430993 2433374 2434473 2436897 2440226 2443044 2447168 2448739 2451392 2458580 2459935 2461148 2465485 2466968 2470792 2474258 2476108 2486146 2489524 2491883 2493094 2495437 2496805 2498819 2502212 2507675 2509227 2517083 2520787 2522926 2528943 2533130 2534416 2538580 2541271 2542845 2544956 2552107 2554002 2556831 2558343 2560530 2563704 2564588 2566159 2569544 2572770 2573650 2574910 2576344 2581456 2582701 2585072 2585864 2589015 2590636 2594096 2595569 2598728 2600224 2602553 2604586 2606033 2609677 2610715 2612503 2613449 2616374 2617544 2618464 2621302 2622396 2624437 2625463 2626566 2629098 2630688 2635150 2639613 2641792 2644237 2647607 2650604 2651580 2653319 2654732 2657174 2662354 2663409 2664863 2670408 2672433 2675246 2677502 2678319 2681235 2684289 2685833 2687060 2689094 2690283 2691894 2693688 2695390 2696863 2697974 2700785 2702419 2705089 2706611 2708396 2709531 2710190 2711996 2713620 2715556 2717180 2721111 2722678 2723799 2724943 2725784 2728242 2729902 2731020 2732892 2733784 2735930 2737014 2741695 2744374 2746718 2748058 2749825 2750659 2752001 2753200 2754148 2755259 2756445 2757421 2758812 2760404 2761437 2763089 2764528 2766563 2767649 2768684 2769694 2771521 2772786 2775853 2777760 2779029 2781141 2783241 2785812 2789096 2791503 2793210 2796286 2798210 2799418 2801237 2802499 2809464 2813105 2817793 2819063 2820982 2823825 2824609 2827962 2828881 2832294 2832974 2837898 2840050 2842636 2845356 2848154 2849234 2852145 2855412 2856788 2857761 2858658 2859929 2861679 2862636 2868101 2869573 2871286 2873313 2875771 2877201 2879796 2881017 2883133 2884040 2885055 2887353 2891680 2893002 2893965 2894803 2897605 2899622 2900940 2902859 2904026 2906109 2908569 2911946 2914180 2915183 2916482 2917138 2918000 2922732 2923557 2925441 2926600 2927613 2929562 2932076 2933863 2935603 2936842 2937979 2939100 2941274 2943307 2944761 2946989 2949019 2951373 2953082 2955238 2957295 2959481 2960769 2961902 2967242 2969484 2972714 2974282 2977268 2980682 2981743 2984510 2986468 2987796 2990942 2992024 2993744 2994856 2998661 2999724 3002933 3003977 3005022 3006273 3009684 3011972 3013473 3016400 3021763 3023169 3028604 3031210 3037240 3040669 3043846 3046880 3050980 3053869 3056002 3061116 3064260 3067722 3069785 3070661 3071663 3075159 3075941 3077768 3080932 3083706 3085031 3086223 3088156 3090632 3094063 3095231 3096056 3096828 3099850 3103068 3106348 3107977 3110887 3112203 3114191 3115213 3115682 3117307 3121676 3124569 3125553 3127522 3129069 3130663 3133691 3134648 3136234 3137333 3138625 3142362 3145800 3147224 3149243 3150372 3152713 3154182 3155966 3156981 3159030 3159928 3161358 3162688 3163622 3165826 3166355 3167488 3172728 3174958 3177814 3179458 3180400 3181737 3183718 3186612 3188892 3193676 3196953 3201101 3202094 3203923 3205469 3207170 3208647 3210613 3212308 3213714 3216405 3217460 3218831 3220877 3221955 3223098 3224405 3228514 3230358 3232477 3237200 3239534 3243063 3243800 3245383 3247553 3248854 3250109 3253232 3255582 3257721 3259317 3263783 3265861 3266790 3269008 3272462 3274474 3278634 3282442 3284273 3287167 3291767 3293107 3296511 3300499 3302139 3304930 3307918 3309423 3313509 3316262 3317821 3320220 3321613 3322635 3324002 3325260 3327177 3329676 3332082 3333525 3335716 3338698 3342075 3344386 3347297 3348787 3349812 3351102 3352104 3356406 3359211 3362670 3364054 3366907 3368748 3370615 3373006 3378136 3378867 3380183 3382571 3385008 3386916 3388384 3389483 3391353 3394558 3397513 3399534 3401253 3403212 3406108 3406853 3408274 3409870 3410588 3411932 3416466 3418755 3424351 3425646 3429449 3430226 3431887 3433388 3435249 3436771 3437810 3439374 3445621 3447461 3448861 3449958 3451955 3453135 3454912 3458013 3459447 3460266 3462118 3464592 3466739 3468267 3471716 3475666 3476594 3478100 3479204 3480693 3482067 3483181 3484498 3485714 3487302 3489326 3496564 3497823 3499771 3505653 3508891 3511455 3513389 3514364 3515600 3516327 3517968 3521001 3524695 3527382 3529766 3530972 3534606 3535819 3536558 3537582 3545202 3546521 3547817 3549411 3553076 3554492 3555761 3557293 3558944 3561208 3565505 3566795 3573118 3573825 3574851 3577019 3579276 3585421 3586686 3588282 3592917 3595978 3600825 3602409 3603863 3606297 3609298 3610087 3613561 3617390 3620930 3623396 3624350 3627035 3628713 3630679 3637262 3638692 3642273 3643024 3644963 3646380 3649506 3651606 3652815 3659586 3660644 3662817 3663779 3665724 3667431 3671018 3672361 3675173 3677890 3680534 3682206 3683550 3686068 3689362 3692424 3693300 3694642 3701434 3704069 3705774 3706808 3708796 3710526 3713902 3718744 3720179 3721544 3723119 3729519 3733702 3734466 3735926 3739172 3740705 3741777 3744044 3745749 3747120 3749218 3751433 3753745 3754808 3756148 3758386 3760386 3761050 3763155 3765557 3767598 3770580 3772554 3774890 3777142 3779315 3780537 3784430 3788122 3793508 3794405 3800201 3805601 3807266 3809315 3809937 3812256 3815817 3817026 3819360 3822135 3828180 3830910 3832093 3833580 3835944 3837273 3840248 3841803 3848538 3850678 3851623 3854190 3855852 3859981 3862678 3867983 3869042 3871374 3875988 3880678 3882772 3884907 3887293 3889949 3894931 3897967 3899414 3901798 3903812 3904746 3909384 3911730 3913148 3915026 3917272 3919477 3921616 3923109 3926979 3928765 3929532 3930763 3933113 3935813 3939239 3940722 3942245 3944763 3955008 3960918 3964354 3968048 3969524 3970712 3971863 3972883 3974361 3978310 3980140 3983395 3985065 3992347 3993644 3995679 3998236 4000154 4002955 4003919 4006083 4008840 4010362 4014819 4016235 4019957 4023167 4026215 4029412 4031994 4034254 4035931 4037808 4039970 4043589 4051976 4053743 4057619 4058537 4060509 4062543 4063679 4065083 4066505 4071482 4072315 4074222 4075181 4077970 4079449 4083742 4084790 4086421 4087448 4091620 4093639 4095821 4097451 4098397 4099314 4100428 4101727 4103831 4107721 4109105 4110335 4114579 4115684 4117095 4117907 4119063 4120807 4122386 4124443 4125301 4126324 4127934 4132851 4134849 4136923 4137815 4140426 4143828 4145032 4147388 4150388 4152283 4152985 4154572 4157137 4158028 4159068 4160511 4161609 4163684 4164933 4165710 4167805 4169384 4170922 4174256 4175463 4177483 4178678 4180685 4187592 4188707 4191698 4193606 4195699 4197995 4199023 4204485 4207137 4210789 4212742 4218088 4222727 4224035 4225616 4227486 4229927 4233635 4234632 4236691 4239164 4241286 4243204 4245068 4247513 4249521 4252602 4253958 4255412 4258495 4260108 4262199 4268090 4268992 4273260 4274244 4275437 4280062 4282592 4285323 4290756 4293261 4294859 4295835 4297108 4301631 4303870 4305521 4307399 4308736 4309597 4313146 4313941 4317749 4320166 4321477 4323450 4326336 4327448 4331710 4333395 4336036 4336834 4338467 4342712 4344570 4346348 4347834 4349958 4352063 4354384 4358555 4360678 4363414 4364601 4365279 4366983 4372680 4373522 4375595 4377428 4379590 4380655 4381785 4382955 4385155 4389068 4390645 4391630 4392314 4394184 4396344 4398588 4400916 4401945 4404108 4405475 4406563 4408602 4410394 4411478 4412491 4414445 4415750 4416565 4420942 4422905 4425693 4426918 4429662 4431612 4433001 4434863 4436206 4437203 4438459 4439583 4441809 4443957 4445257 4447641 4448597 4451233 4455215 4456210 4457457 4463097 4464675 4465759 4471315 4473829 4476565 4478236 4479935 4482439 4486696 4488725 4491111 4494562 4496185 4497167 4499280 4501230 4506664 4509185 4510709 4514981 4517076 4517787 4520556 4522432 4524871 4527368 4529098 4530345 4535470 4536956 4538703 4540997 4550267 4553624 4558134 4562128 4563247 4564571 4566968 4568258 4571501 4573291 4577863 4581388 4584790 4585963 4590514 4592966 4596059 4599557 4601874 4602996 4606122 4607236 4609688 4612364 4614009 4616379 4617860 4618821 4620132 4623972 4625311 4626835 4631106 4633568 4635123 4637375 4638862 4640262 4641986 4644450 4645674 4647281 4648670 4649503 4652981 4654010 4654716 4659555 4660496 4662136 4667730 4669693 4671068 4673507 4676371 4682098 4685629 4687401 4688812 4693441 4695656 4696968 4697821 4699699 4701439 4703640 4706740 4716781 4719468 4720849 4722760 4724091 4728030 4728967 4731860 4733533 4739888 4740974 4741897 4744929 4747139 4750357 4752181 4753357 4754168 4757538 4758445 4760157 4761934 4762977 4767011 4768573 4775145 4776515 4778182 4779239 4779899 4781416 4783910 4788131 4790519 4791356 4794355 4797059 4798974 4800977 4802692 4804097 4808603 4810049 4812789 4814250 4819781 4821795 4824323 4825019 4826271 4827921 4829749 4833872 4834724 4837211 4839431 4841281 4843976 4845603 4847128 4848066 4849319 4853152 4854506 4856112 4860076 4861696 4863043 4864430 4865390 4867090 4867850 4869953 4874937 4876869 4878450 4880115 4882629 4883771 4886674 4889369 4890735 4891568 4892881 4894182 4895614 4897117 4898653 4904122 4905066 4907209 4908872 4910983 4913776 4915874 4917079 4918266 4920086 4923466 4924177 4925118 4928606 4930378 4932375 4934892 4938476 4939694 4940616 4941726 4944197 4946220 4954614 4957437 4959301 4960742 4962579 4966513 4967603 4969238 4970038 4971836 4974798 4976195 4977342 4979208 4980438 4981909 4984793 4987119 4988770 4989984 4991622 4998502 5000337 5001240 5002115 5003815 5005608 5007268 5012487 5015320 5016733 5020046 5023103 5024096 5025358 5027321 5029991 5031285 5033699 5035127 5036876 5038365 5040327 5042654 5044633 5046260 5047204 5048708 5051722 5052898 5053652 5058551 5060875 5062876 5063597 5064603 5070097 5071365 5072531 5073857 5077333 5079622 5082681 5089586 5094028 5101912 5102792 5105675 5107373 5108397 5110163 5111133 5112406 5114494 5115966 5119241 5120562 5124029 5127942 5131773 5132754 5134922 5136682 5138570 5139856 5141124 5141919 5145478 5146504 5148058 5149989 5152813 5153728 5155749 5157435 5158502 5160837 5162084 5162937 5164407 5166638 5167382 5168071 5171068 5172821 5177471 5179225 5181886 5183962 5185769 5187101 5188251 5190007 5191757 5194074 5198594 5200393 5202835 5207087 5209050 5210823 5212287 5212875 5215349 5217719 5220272 5221441 5222940 5224219 5225348 5226677 5232812 5235449 5237889 5238798 5239880 5242000 5245060 5248624 5250118 5251899 5253618 5255435 5256729 5257807 5258663 5261764 5263985 5265373 5268053 5270445 5273174 5274314 5277120 5278486 5279775 5281239 5284212 5285491 5289760 5292188 5300862 5303875 5307099 5307998 5309981 5310929 5316387 5320161 5322537 5323708 5327795 5328793 5331660 5332951 5334612 5335833 5336496 5339628 5343866 5345501 5347549 5348341 5349512 5351075 5352602 5356692 5360156 5364048 5367593 5368286 5369385 5370575 5372154 5374617 5376446 5379504 5381094 5382410 5386203 5389561 5391436 5393546 5394855 5396108 5397035 5399314 5401387 5403340 5404660 5406658 5407984 5409222 5411609 5416167 5417724 5422797 5425141 5428301 5428962 5430729 5431636 5433227 5434376 5436815 5439138 5440812 5442053 5443235 5445651 5449392 5450836 5454351 5456049 5459456 5460688 5462434 5463269 5464505 5466693 5468227 5469518 5472555 5474120 5474955 5476189 5478332 5479422 5482829 5484739 5487198 5491552 5492376 5493474 5494614 5496114 5499108 5500142 5502556 5503301 5504961 5507268 5508930 5513512 5519121 5520456 5525167 5527858 5529334 5530803 5531962 5534485 5538737 5540697 5543277 5545069 5549313 5552396 5555965 5556822 5558653 5561826 5562683 5564697 5568208 5569123 5570430 5572055 5576195 5577111 5580228 5583290 5584683 5586013 5588572 5591829 5594351 5595355 5596764 5597710 5605641 5609564 5610794 5612368 5613046 5614423 5617506 5619751 5622143 5623192 5624502 5626183 5627767 5629448 5630223 5635032 5639689 5640408 5641919 5645400 5651008 5653071 5654106 5655821 5657781 5658987 5661004 5662028 5664720 5665927 5667238 5671278 5674547 5677570 5683562 5685525 5687464 5689634 5690893 5693515 5697837 5699387 5700379 5701538 5706368 5708765 5709944 5712465 5715504 5716966 5718202 5719502 5720272 5722496 5726744 5733274 5736236 5738976 5740108 5741063 5741903 5742991 5745310 5750245 5752659 5753830 5755544 5757773 5760723 5761778 5762489 5766438 5770317 5771631 5772566 5773511 5775276 5778893 5781259 5783084 5784783 5786617 5789079 5790753 5793559 5799380 5800623 5803424 5806073 5807399 5808669 5812289 5812990 5813789 5815169 5817062 5818719 5820564 5821677 5824502 5826232 5827754 5828868 5832504 5834600 5837508 5840139 5842936 5844537 5845674 5848585 5855398 5856393 5858005 5858992 5860121 5861777 5865844 5866858 5868107 5872491 5873509 5875290 5878840 5880857 5881923 5886179 5887097 5889460 5890854 5892670 5893590 5897679 5899291 5901791 5904883 5906119 5907729 5915646 5916525 5922373 5925733 5930434 5932312 5934487 5935915 5936826 5938570 5940488 5943659 5944695 5947657 5949865 5950934 5951950 5952932 5954576 5956742 5959229 5960779 5963844 5967556 5969480 5970672 5972104 5974881 5976947 5978541 5980517 5982946 5984558 5986820 5992062 5992981 5993771 5997716 5999930 6000889 6004227 6005428 6007634 6008741 6009534 6010594 6015484 6017194 6020377 6021206 6022465 6023658 6026506 6036126 6037939 6040863 6043422 6047457 6050317 6052232 6053540 6055455 6056737 6063901 6066637 6068249 6069951 6071419 6072372 6075232 6078622 6080991 6082772 6087266 6089882 6093175 6094967 6098855 6100201 6101228 6103863 6105433 6107589 6110525 6112555 6115907 6121018 6123584 6124760 6126607 6132279 6133931 6134552 6139005 6143271 6144780 6149022 6150694 6152426 6158555 6160875 6162406 6163477 6165262 6166902 6169222 6170474 6171631 6178778 6181944 6183267 6185866 6189153 6193994 6196074 6197728 6199537 6200206 6201395 6206893 6216361 6217812 6221558 6222998 6226676 6229516 6238208 6239370 6240396 6241750 6245963 6247296 6249024 6250151 6252909 6255995 6257363 6258875 6260220 6261179 6264526 6265804 6270414 6274116 6276482 6279125 6280279 6283219 6285931 6290966 6292292 6293750 6296664 6298489 6301002 6302060 6302941 6304758 6306007 6307151 6308932 6310954 6317203 6318113 6321085 6322131 6323089 6324618 6325579 6327458 6332659 6335339 6340385 6343096 6344889 6346371 6349688 6352032 6354193 6355408 6356546 6360705 6361501 6365357 6367107 6376634 6380868 6386384 6387755 6389704 6397563 6398482 6401605 6402560 6404420 6406479 6410964 6412083 6415697 6416519 6420727 6425214 6428204 6430058 6431799 6432783 6440089 6442675 6444338 6457452 6459311 6461857 6464925 6467068 6470095 6471766 6473890 6475711 6478922 6480746 6481392 6482239 6483867 6484771 6488516 6489744 6490940 6492673 6501780 6505354 6508299 6510167 6510961 6513378 6515542 6518266 6520923 6522984 6523820 6526070 6532384 6533414 6534500 6536346 6540693 6541587 6543177 6546604 6547648 6553274 6557502 6559978 6561703 6562835 6564237 6565375 6566236 6570507 6573980 6575076 6577500 6578844 6580452 6581093 6583793 6585768 6588359 6590649 6591537 6599259 6603656 6605665 6609799 6611576 6614966 6616656 6619216 6621435 6624189 6624999 6626590 6629012 6630308 6631815 6641865 6647285 6651892 6653975 6657861 6660571 6661657 6662931 6666015 6668828 6670770 6672854 6677716 6679494 6680809 6684091 6685198 6686882 6687866 6690737 6691657 6693515 6694941 6697260 6700877 6703410 6708757 6710062 6712011 6715271 6716998 6721508 6729824 6732937 6735401 6737250 6738159 6739138 6740688 6750083 6752101 6753208 6755504 6756694 6758904 6761166 6763311 6767764 6772089 6774602 6781186 6784547 6785761 6793778 6794823 6796760 6798190 6799514 6803409 6806059 6809175 6810219 6812812 6813776 6814630 6816831 6818395 6820077 6822126 6824461 6826098 6827551 6828951 6829766 6831869 6837578 6839157 6840733 6842535 6844185 6846062 6846883 6847934 6848904 6851487 6853208 6856670 6857803 6860399 6861327 6864158 6865153 6866274 6868064 6870471 6872699 6875984 6877716 6879734 6882202 6884919 6887228 6889566 6890806 6891564 6892663 6897380 6901066 6904448 6908338 6916784 6917614 6922125 6926470 6927838 6929348 6930493 6932823 6934270 6935568 6936844 6939748 6941825 6943577 6944704 6945697 6947222 6948650 6949951 6953956 6957359 6964779 6968037 6969302 6970652 6974096 6975155 6975839 6978218 6979430 6980655 6981883 6989130 6993129 6994860 6995807 6998063 7002921 7005371 7009765 7011919 7013528 7015174 7019053 7021564 7022199 7023550 7025044 7026298 7036485 7039535 7041950 7043303 7044609 7045802 7049136 7050063 7051822 7055705 7057727 7059240 7060327 7062422 7063687 7064945 7068398 7070967 7072872 7074195 7076456 7079082 7085431 7087638 7093344 7096118 7098187 7103400 7105502 7106448 7108303 7113440 7114748 7117745 7119619 7121643 7122957 7123611 7127955 7131387 7133237 7137494 7141292 7142538 7144160 7145108 7148810 7152429 7153472 7154892 7157302 7158567 7161522 7162283 7163660 7165617 7166593 7167428 7173317 7175716 7176541 7178910 7182128 7183205 7184489 7185793 7188604 7193116 7196041 7198318 7201971 7205468 7212222 7215379 7216238 7217333 7218910 7220408 7221938 7223381 7224221 7225422 7226676 7227977 7230236 7231487 7233519 7239025 7244889 7246608 7248522 7253688 7255510 7256851 7262137 7262836 7265175 7266027 7266828 7271217 7273179 7275034 7277217 7278849 7281394 7284616 7286635 7288662 7289990 7292918 7294129 7295202 7299509 7300741 7301947 7303185 7306038 7308905 7310778 7311875 7313619 7316620 7317389 7318405 7319423 7321156 7328578 7330902 7333074 7336370 7339217 7343260 7345243 7346716 7348510 7351671 7353599 7358384 7360454 7362445 7365336 7368315 7370912 7372917 7374361 7377533 7379944 7381180 7384380 7387744 7389205 7389944 7395653 7396885 7398740 7399877 7402147 7403483 7404335 7407140 7412061 7413619 7415137 7418159 7419930 7422739 7425822 7428985 7430127 7431027 7431987 7435728 7438209 7440808 7442704 7444852 7453359 7455057 7457370 7458516 7459714 7463272 7468343 7469739 7471102 7473158 7474272 7478205 7478942 7479777 7483498 7485853 7488338 7489543 7490375 7491315 7493712 7494378 7495699 7497561 7498866 7501646 7502464 7504009 7505266 7506527 7510334 7514146 7517249 7519606 7521655 7523599 7528535 7531675 7532902 7534901 7536701 7539954 7543002 7545051 7546208 7548375 7551874 7554460 7558833 7561300 7564103 7570722 7572314 7573454 7575777 7578577 7582196 7583129 7585661 7589784 7590935 7591778 7593745 7596690 7599067 7600549 7603197 7604696 7606420 7608298 7610303 7612270 7613622 7615273 7616902 7618363 7620756 7621821 7623339 7624614 7626426 7629651 7631734 7636197 7637752 7639819 7641749 7646119 7647545 7649681 7651319 7653765 7655497 7657284 7662156 7663344 7664755 7665402 7666325 7667757 7668947 7670271 7672861 7673605 7675335 7678250 7679732 7682147 7686474 7688903 7690223 7690887 7694734 7695523 7697377 7701579 7702791 7705230 7706637 7707945 7711194 7712901 7713959 7715920 7717846 7719573 7720854 7721802 7724588 7725968 7726612 7729682 7731281 7732907 7734151 7735935 7741840 7744337 7744926 7746318 7747217 7749347 7753576 7756430 7760456 7761785 7764200 7766751 7768188 7770625 7772994 7774026 7775243 7776254 7778729 7780559 7781730 7783661 7786061 7788875 7791918 7792956 7796780 7800124 7802323 7804380 7805248 7806397 7807762 7808439 7809403 7815806 7817192 7819756 7822539 7824186 7829031 7830993 7832989 7834820 7838286 7839433 7843197 7844387 7845172 7847033 7848504 7852888 7856733 7858814 7865278 7867962 7871890 7873434 7876290 7880326 7881626 7883836 7885031 7887313 7888546 7889808 7892190 7894063 7896778 7902830 7903842 7904674 7905940 7907357 7911847 7914985 7916022 7917922 7919436 7920489 7925963 7928443 7930041 7932304 7937643 7941188 7942203 7946150 7948646 7951478 7952288 7955186 7956988 7958215 7963110 7966948 7968192 7969790 7970941 7974456 7979068 7982351 7983165 7985505 7989511 7990567 7996177 7997218 7998505 8000060 8002519 8006098 8012331 8014410 8020386 8023738 8025519 8027658 8029091 8029872 8031736 8034860 8036702 8039611 8042089 8043141 8046313 8047781 8049320 8053773 8055141 8057989 8058819 8060106 8061021 8063853 8065385 8068945 8074890 8075565 8080315 8081671 8083973 8085328 8086324 8088965 8091427 8093425 8097596 8099085 8100695 8104101 8106796 8109450 8111679 8113555 8116419 8118281 8120088 8123310 8125494 8126835 8130177 8131303 8136384 8138249 8139245 8141904 8143261 8145956 8149646 8150999 8155746 8157533 8158891 8159910 8161844 8164397 8165296 8168832 8169776 8170738 8172738 8173921 8175515 8176425 8177836 8181504 8183040 8188549 8189272 8190569 8192069 8193739 8198481 8200429 8201665 8204640 8205878 8207133 8208945 8210052 8212500 8213580 8222193 8223568 8224500 8225061 8229032 8231276 8233128 8235828 8238721 8239618 8242809 8244068 8247388 8249374 8253380 8255966 8257390 8259573 8260725 8265357 8267481 8273494 8277068 8278040 8282602 8284076 8286498 8292216 8293442 8295012 8296524 8304412 8308071 8309555 8311595 8316601 8317823 8323873 8327008 8331515 8332327 8333089 8334085 8334981 8338024 8341781 8343950 8345486 8346487 8347925 8349442 8350656 8351628 8358342 8365491 8366733 8377522 8380609 8381851 8383174 8385766 8394733 8397806 8399216 8401835 8403218 8406457 8408016 8411522 8414534 8417600 8419726 8421501 8423019 8428021 8430307 8431695 8433542 8435176 8436559 8442956 8445426 8446255 8447903 8449402 8450521 8452272 8454542 8456774 8457803 8462106 8462904 8465409 8468153 8470781 8471796 8473213 8474901 8480538 8481984 8483014 8484006 8485994 8490381 8493528 8496473 8499178 8501960 8507236 8508445 8509582 8513058 8514188 8516585 8518912 8520269 8522322 8525135 8527149 8530351 8532973 8534070 8538202 8539481 8540975 8542773 8545610 8547359 8549716 8555141 8556488 8558715 8559535 8563675 8568822 8570922 8572996 8574924 8577839 8578597 8581566 8582423 8585378 8589098 8589927 8592673 8593796 8594730 8597660 8600804 8601922 8605830 8606869 8610338 8611174 8612435 8613889 8615400 8619113 8620449 8622455 8626117 8627509 8634662 8635685 8637283 8638536 8640470 8651748 8653716 8657538 8659945 8662007 8664995 8666454 8668046 8670829 8672069 8675997 8676754 8679424 8681233 8682551 8684545 8686450 8690769 8691500 8693055 8695114 8696800 8698456 8700963 8704169 8705617 8707793 8709267 8712376 8715721 8716410 8719070 8722086 8725308 8727203 8728719 8729602 8731930 8733016 8734702 8739117 8742069 8743717 8745570 8746375 8748057 8749299 8753273 8756163 8761039 8762344 8764170 8767410 8768285 8769321 8771486 8774108 8777047 8777962 8779760 8784843 8785741 8787372 8789046 8794251 8798214 8801487 8809054 8810370 8812625 8815209 8817746 8820343 8822726 8825643 8826827 8828154 8832540 8833412 8835479 8837539 8843212 8848185 8849660 8851209 8855088 8857838 8858880 8861163 8861999 8862641 8863977 8865847 8866483 8868380 8872223 8874332 8875548 8878744 8883466 8885190 8886562 8888196 8889775 8891393 8893511 8894791 8897238 8902924 8904505 8905730 8907658 8910146 8912183 8913454 8914317 8920147 8926075 8930704 8932243 8934075 8935354 8936959 8937828 8942965 8943737 8944754 8946852 8948870 8949983 8952152 8955779 8961857 8963086 8966785 8969376 8975111 8976423 8979073 8980343 8982277 8993070 8995044 8997076 8998812 9009478 9012145 9013050 9014477 9017562 9023511 9025632 9028420 9030831 9031489 9033048 9036619 9039009 9040818 9046375 9049350 9053375 9055877 9057071 9059113 9063922 9065730 9066931 9068133 9069239 9071942 9074663 9075779 9077900 9079105 9086057 9087448 9090272 9091762 9093075 9096688 9099344 9102088 9106002 9108709 9114453 9115833 9119733 9123737 9125203 9125992 9134601 9138307 9139417 9143284 9144755 9145679 9147245 9149070 9150712 9151971 9153247 9156873 9158266 9159243 9160390 9161397 9162831 9166379 9167305 9170422 9173105 9173797 9176715 9179036 9181274 9183500 9187338 9188425 9189765 9192424 9195940 9197634 9200885 9203737 9207451 9208696 9214273 9215098 9216164 9219468 9222953 9226498 9229946 9232804 9237442 9243498 9246493 9247790 9248940 9252527 9258864 9261080 9262104 9263197 9264485 9265599 9271963 9278110 9282041 9287621 9289492 9292661 9293875 9296142 9297049 9299069 9300259 9301477 9303379 9305495 9309971 9310903 9315198 9319281 9323658 9332273 9333547 9335310 9336279 9339318 9341358 9343009 9344776 9347065 9353004 9354969 9358249 9365501 9366621 9368154 9369597 9371812 9373314 9375912 9377591 9380647 9385267 9386154 9390342 9394219 9394870 9399333 9400345 9408069 9410487 9411855 9412566 9413669 9414958 9416555 9419306 9420442 9421108 9424243 9428599 9429904 9434238 9436195 9437397 9438329 9441695 9443453 9449702 9453096 9454559 9455695 9459399 9462468 9463641 9466475 9467714 9471333 9474066 9480664 9481545 9482965 9485394 9487416 9489768 9490558 9495156 9495875 9500876 9504579 9507022 9510089 9512104 9515625 9519518 9522382 9525289 9526750 9531279 9534547 9539570 9542179 9547243 9550313 9557749 9560921 9562702 9564269 9565638 9566764 9567599 9568443 9569322 9571819 9573555 9577584 9578760 9579449 9580746 9581555 9584652 9585749 9587815 9589352 9590454 9593282 9594949 9597147 9597788 9600307 9601185 9602564 9607092 9609111 9616527 9618226 9623480 9625516 9626549 9629308 9631345 9632526 9637380 9638363 9643111 9645606 9650657 9652468 9655873 9657383 9659451 9660539 9663538 9664575 9665689 9667212 9668832 9671908 9674579 9675597 9677008 9679144 9679973 9681772 9683248 9684823 9686884 9689531 9699433 9701265 9703394 9705540 9707745 9709200 9713624 9716981 9717812 9721914 9724579 9727415 9728918 9731538 9733642 9734372 9738423 9741632 9743751 9744904 9746469 9747989 9750485 9751901 9753617 9756194 9757086 9758448 9760674 9764278 9765507 9768133 9772384 9774003 9775961 9777892 9780293 9783407 9786064 9787235 9790764 9793640 9794847 9797033 9799694 9800415 9801325 9803953 9815294 9818172 9820029 9821147 9825247 9827923 9829430 9830874 9832029 9834073 9836579 9838065 9843307 9845667 9848170 9849352 9851971 9852979 9854925 9855843 9858260 9859466 9860429 9863349 9866570 9870534 9873998 9875255 9876815 9877886 9878777 9881598 9885254 9887185 9891539 9896138 9897446 9898556 9902615 9906916 9907902 9910344 9911258 9912357 9918751 9923597 9924352 9926006 9930722 9933858 9939985 9940877 9944391 9945291 9951970 9953641 9955051 9956482 9960076 9962270 9963793 9965183 9968511 9971643 9972952 9974412 9976959 9983915 9986307 9988264 9989481 
</Matrix>
<Matrix name="Neuron_814" type="complete" rows="1" columns="2328" multiplier="1.0">
   3632 4388 11431 13426 17419 18840 23307 27315 31477 33049 34347 39987 45447 48012 55481 58852 61103 63977 69706 71010 74310 79915 89730 92537 95028 101097 110482 114363 115731 118252 119826 121069 127630 130690 136322 138239 149770 152795 155613 157908 160877 165284 174993 177509 187541 188578 194139 195969 207271 210119 212474 218194 223972 228720 230946 241718 256888 258859 268254 273981 276641 279630 281702 283225 286110 289725 293266 295730 298509 301818 304714 311355 313362 326437 328009 329444 339877 341051 345072 346346 350918 357886 362379 363743 376019 378418 381468 383812 387799 391606 395929 408351 422571 429942 434956 441734 443244 444831 457929 459917 461000 463811 465286 467939 488893 495253 497479 503436 508553 512280 513263 520550 521877 525299 529394 530793 536144 543069 545001 548952 550598 561388 563353 575318 577100 580890 581875 585893 591418 601485 604684 605941 607798 610592 612286 615276 618423 624156 635630 637934 639031 647090 648611 666821 670602 674157 677594 678373 683992 690807 698206 701786 706410 713608 727828 733935 737339 740432 742790 745467 746444 748904 753446 767282 771973 782032 784717 788730 790102 795616 806732 808313 819965 824518 829310 832163 833617 852417 856666 859516 863253 865187 868088 874286 875855 881092 886051 893764 902830 905082 911794 916143 920547 923584 929223 933080 937774 944361 947221 949840 955225 956414 959894 963260 967733 971288 973655 976027 980495 983494 985980 994321 998251 1003024 1006319 1013324 1014397 1020475 1022453 1025069 1027936 1030207 1034574 1037816 1045200 1048061 1050085 1053215 1057588 1064625 1067259 1072989 1074973 1076849 1080411 1084583 1092368 1099208 1103164 1105537 1112616 1113984 1120233 1123364 1127136 1128203 1131275 1135676 1138466 1140210 1146736 1149003 1153186 1154221 1164639 1166786 1178804 1180874 1182621 1187830 1199724 1203674 1209567 1216597 1219479 1227950 1230390 1232021 1234331 1235891 1244102 1247932 1253728 1255539 1259387 1262528 1264754 1266562 1268511 1271645 1276732 1278333 1279709 1281376 1287899 1290421 1293470 1313265 1315082 1321459 1323658 1325901 1335057 1337432 1341515 1350080 1354922 1355656 1360961 1363633 1365408 1366545 1368676 1373795 1380459 1390631 1397150 1404618 1406016 1410076 1414252 1415409 1417102 1429121 1430595 1431449 1435230 1439101 1443014 1448622 1456139 1458123 1461406 1463641 1469994 1474507 1477368 1482254 1485776 1489772 1497950 1501028 1502730 1503937 1507838 1520736 1523493 1537220 1542555 1553349 1554584 1556703 1558366 1560466 1566863 1569839 1573954 1577502 1586473 1591130 1592620 1593781 1595630 1597317 1601293 1603525 1604627 1608790 1610463 1617360 1624588 1627534 1631034 1638937 1645125 1662027 1668468 1670235 1671654 1673812 1676561 1680437 1682520 1691636 1698044 1699206 1701613 1703412 1711244 1713742 1716303 1718695 1736938 1745138 1749088 1750286 1753576 1758608 1769097 1771904 1780188 1781328 1782434 1789329 1790871 1794268 1795532 1796880 1798476 1803958 1806474 1809397 1810334 1819358 1822840 1832165 1833069 1841272 1842783 1851439 1861540 1864082 1865067 1871978 1876470 1881324 1888511 1891203 1895298 1904070 1907959 1909654 1910828 1914836 1917862 1924871 1929422 1931033 1935410 1937608 1938543 1944280 1947864 1961903 1963421 1967464 1970372 1975708 1977170 1982599 1988849 1995797 2000194 2003094 2007387 2013310 2016076 2018867 2019825 2025184 2028607 2031208 2045963 2058195 2059702 2063132 2074818 2077872 2079246 2088366 2089456 2091750 2092903 2094890 2099628 2102118 2106936 2112535 2114585 2115733 2122031 2124242 2126680 2130470 2133421 2143392 2145836 2147161 2156644 2162229 2164917 2167916 2168860 2172192 2174589 2177721 2180237 2188537 2191520 2194930 2200758 2205242 2213527 2215076 2221363 2223544 2228212 2229864 2234552 2243038 2250922 2254680 2263520 2267155 2268011 2271967 2276035 2278273 2280936 2283169 2290292 2291782 2293055 2296986 2299573 2303743 2305318 2309375 2311030 2313753 2315561 2316820 2319828 2322249 2326698 2329652 2332723 2341394 2343263 2346245 2356089 2357129 2358306 2363360 2365236 2366259 2370575 2382027 2384069 2391540 2393069 2396900 2401559 2417746 2419128 2426161 2428093 2434736 2437175 2439253 2445192 2452042 2456125 2462413 2464031 2477811 2480019 2482711 2484056 2486102 2488652 2493836 2494661 2495645 2499578 2504612 2506775 2510733 2513093 2515415 2523191 2524572 2527130 2542667 2544245 2549444 2551579 2554522 2567863 2575164 2580331 2589141 2598117 2602313 2606794 2610733 2614864 2618765 2620876 2626365 2630608 2633377 2637817 2640243 2643533 2645061 2649603 2656219 2661455 2669034 2670634 2672629 2675696 2677800 2681260 2682092 2689972 2705190 2712831 2716514 2732756 2737868 2739696 2743400 2749518 2751745 2754582 2758312 2762620 2765692 2773165 2775551 2779403 2781779 2784525 2786031 2788471 2790579 2792552 2793807 2795494 2801914 2808026 2809642 2811697 2820793 2823263 2825853 2827324 2829009 2831568 2835703 2837389 2838620 2846972 2850671 2853296 2858087 2874268 2876723 2879006 2882199 2884486 2892194 2893629 2900190 2902691 2909150 2912474 2913782 2917119 2924609 2927026 2939044 2940875 2944254 2956608 2958987 2963016 2965829 2967557 2972228 2973594 2984883 2987757 2993227 2995372 3002879 3003815 3009549 3011448 3014177 3016155 3019405 3020508 3024843 3028141 3031041 3033612 3034667 3037841 3038661 3040141 3046806 3047950 3048937 3049848 3061199 3064246 3065191 3070136 3074085 3077101 3078019 3079306 3081256 3082769 3083988 3085768 3092013 3104647 3106938 3109552 3111407 3113947 3117589 3119384 3120254 3124831 3126962 3129480 3137134 3140115 3142815 3147823 3150105 3151308 3156857 3159072 3162581 3167291 3169734 3174482 3176831 3179613 3182017 3199579 3201661 3207221 3215745 3217583 3221543 3224094 3224953 3227628 3239145 3241857 3249690 3251593 3255398 3260719 3264411 3266055 3267734 3269902 3271652 3274562 3275999 3283189 3284191 3287231 3288894 3292715 3297991 3308721 3320839 3321934 3330251 3331540 3332943 3341042 3346098 3347865 3350930 3355171 3361651 3371476 3372674 3374756 3385145 3387016 3388401 3390208 3392132 3393387 3396592 3400744 3406624 3412565 3419472 3427589 3432887 3435826 3440016 3445416 3446444 3448461 3455229 3459242 3460764 3465367 3469263 3475242 3476868 3482745 3484342 3485864 3487949 3496550 3506881 3510469 3514466 3516758 3520727 3522543 3524329 3525351 3530471 3531785 3533777 3537101 3539306 3543206 3549711 3552360 3554175 3555792 3557576 3561992 3565740 3568553 3574642 3576416 3588045 3590323 3594369 3600615 3604929 3612306 3619498 3624513 3627412 3628375 3636570 3637912 3643061 3647420 3651014 3653497 3654428 3659807 3664339 3667862 3670380 3672646 3676689 3680069 3688726 3691893 3700796 3706104 3709215 3710846 3715954 3723935 3732420 3734562 3744602 3748535 3750122 3754430 3757592 3759038 3762166 3764325 3766730 3770302 3774558 3778713 3782673 3789210 3796073 3799455 3800426 3807624 3813625 3817720 3819740 3821762 3823749 3837225 3841434 3842848 3847337 3852816 3860368 3869827 3876204 3878021 3881271 3888971 3892790 3895315 3898042 3906266 3907870 3918656 3921896 3934358 3935914 3937298 3947160 3950231 3951433 3957478 3961766 3968702 3980073 3984906 3995585 4000279 4008286 4009767 4014966 4016553 4017905 4020585 4027522 4032463 4036676 4039696 4042378 4044797 4052233 4065051 4066571 4078632 4083705 4090823 4099980 4103251 4110971 4113904 4114907 4116866 4119949 4123602 4125695 4132270 4137871 4143660 4153072 4160919 4167317 4168829 4178493 4181704 4185214 4191689 4195237 4197057 4208358 4210690 4214736 4229737 4233490 4240276 4241910 4246381 4248607 4259823 4264210 4265395 4268921 4269990 4274783 4278991 4281302 4285069 4286122 4287957 4291567 4292654 4299079 4300539 4303037 4304927 4310900 4313474 4315956 4320025 4326176 4327753 4328389 4329529 4332005 4335002 4342681 4345343 4350199 4354213 4357846 4359698 4374167 4378971 4388234 4391629 4396378 4397547 4404645 4406466 4409395 4412022 4421054 4422916 4431685 4433180 4434416 4451252 4453893 4457752 4465683 4468007 4471525 4480637 4484329 4489605 4491876 4498563 4500918 4508086 4510597 4512249 4518905 4520164 4521619 4526156 4528265 4532496 4547994 4550616 4558336 4560295 4571094 4574003 4575216 4577083 4580226 4585479 4588166 4597731 4602250 4606635 4608959 4614339 4618263 4621269 4626821 4632684 4644802 4646086 4650094 4650760 4653303 4657685 4660520 4666290 4670460 4677894 4679641 4681519 4692490 4694625 4696281 4704164 4710379 4716498 4719108 4720751 4721729 4724511 4726737 4730160 4737739 4740423 4748131 4751290 4753231 4755550 4756508 4765983 4769835 4773225 4777998 4781050 4783339 4785075 4789484 4791363 4793315 4799550 4800522 4806588 4810763 4813501 4824289 4837864 4841762 4842880 4849059 4853392 4855337 4859278 4865078 4866937 4868654 4870031 4875836 4877226 4879802 4883291 4884203 4888672 4895325 4896357 4897348 4900437 4902143 4904037 4909935 4920330 4925021 4927371 4929360 4932381 4937909 4942697 4951816 4956749 4959445 4960293 4963364 4966991 4971980 4972851 4977166 4979367 4993881 5002061 5005776 5006924 5011813 5022259 5026846 5030028 5035325 5036711 5037690 5044601 5049356 5050854 5055224 5064282 5067909 5071694 5074065 5080499 5083755 5087328 5089017 5091846 5094479 5096384 5102045 5107867 5116615 5119706 5125714 5129464 5131713 5138400 5139525 5143362 5145558 5148047 5149345 5150671 5151892 5152972 5156319 5158979 5160503 5165918 5168481 5178179 5180827 5185771 5189711 5191751 5193302 5197708 5198802 5200596 5211139 5213793 5216046 5217986 5222095 5239158 5240546 5244192 5247416 5249805 5254683 5258458 5262069 5264906 5270382 5276797 5279745 5283464 5288699 5289819 5291775 5293276 5297787 5307400 5312088 5315211 5318378 5328458 5330632 5331957 5338338 5346616 5352875 5354255 5358278 5360335 5369112 5371300 5372954 5377703 5380382 5386629 5391488 5393421 5395182 5401152 5404122 5413957 5414968 5425640 5428103 5429280 5441665 5443109 5445687 5449076 5452376 5454084 5459784 5461644 5470859 5473348 5474469 5479363 5484309 5491286 5497028 5499060 5501952 5504702 5511400 5514256 5515680 5522802 5524920 5527921 5539207 5543205 5545157 5547097 5548110 5550877 5558045 5559758 5564419 5566360 5575922 5577217 5581047 5584754 5586368 5587751 5590625 5591943 5595815 5596944 5598266 5604636 5620063 5621806 5633092 5649411 5651744 5654661 5661221 5666610 5669148 5673287 5680385 5682231 5690060 5693238 5701588 5702480 5708473 5710954 5715255 5717320 5719725 5724696 5725997 5735912 5738055 5740092 5742311 5748390 5749420 5759537 5762422 5763630 5769703 5774287 5782774 5791372 5804790 5806191 5817846 5819932 5821546 5827743 5835191 5836481 5840952 5844929 5851359 5854749 5863486 5867432 5877830 5880199 5885972 5887584 5895070 5898630 5900577 5903820 5908582 5911909 5920819 5926070 5931949 5933719 5934739 5941112 5946732 5950259 5957288 5961131 5965554 5970025 5971953 5975976 5979257 5983979 5991718 5993709 5994928 5996248 5998174 6005004 6009067 6011458 6021928 6027620 6029077 6035167 6038491 6042030 6043033 6044008 6045222 6049880 6053909 6056746 6058018 6060270 6061878 6068776 6077121 6084097 6091282 6096934 6105460 6107682 6112923 6117454 6122325 6130032 6135086 6137031 6147826 6152276 6154077 6158611 6161818 6163733 6164818 6169013 6171120 6172996 6175978 6178216 6180332 6184680 6189151 6194365 6196562 6204081 6208992 6213161 6234782 6237772 6239056 6242101 6244300 6245520 6249715 6250895 6254167 6258437 6271735 6272857 6274684 6277947 6291040 6296759 6298159 6299024 6305485 6308575 6316167 6318955 6321233 6323628 6326821 6330821 6332725 6336038 6338013 6340332 6343998 6345551 6346996 6348383 6368231 6369726 6370876 6374082 6377957 6387936 6393543 6397785 6405209 6409996 6427202 6441999 6444137 6447439 6450373 6453765 6458211 6459671 6466083 6467176 6474947 6480265 6482190 6483543 6484852 6491933 6496121 6499909 6503582 6509130 6516813 6520183 6521752 6525415 6529593 6531859 6539063 6545264 6550092 6555094 6556855 6563305 6572830 6576742 6582612 6584710 6592225 6594392 6606544 6610760 6612853 6618134 6628312 6635171 6638050 6640786 6644145 6647135 6653766 6665221 6666912 6670513 6672346 6674358 6675381 6680780 6683546 6692727 6696221 6701112 6706275 6708346 6723997 6728829 6751804 6763625 6766085 6768131 6773558 6784713 6786859 6794751 6796326 6797831 6811560 6812652 6817545 6819213 6819849 6820870 6822188 6826952 6828274 6830048 6840572 6842216 6853166 6862595 6864878 6866785 6871214 6879929 6881847 6883240 6887879 6896536 6899546 6903891 6905166 6909680 6911362 6915882 6918314 6923077 6926439 6930828 6932473 6940843 6944730 6946062 6947148 6948591 6956514 6962473 6966833 6974849 6975740 6977907 6978687 6983097 6990780 6997822 7002428 7008913 7010960 7015741 7018762 7026321 7041472 7044161 7046489 7049508 7056280 7060465 7063185 7069446 7071462 7074136 7079271 7080342 7082661 7085441 7087815 7089307 7090777 7103589 7104967 7106731 7108407 7112600 7113948 7117419 7124737 7125702 7130341 7132201 7138737 7141302 7147688 7160159 7184815 7189608 7195191 7199783 7200982 7211894 7213008 7213758 7220500 7225998 7240047 7246758 7256387 7260636 7263163 7267679 7285499 7287868 7288950 7290363 7292843 7303180 7304207 7305499 7307452 7309185 7310145 7323388 7328453 7336178 7338891 7342015 7349053 7351552 7353526 7358503 7360810 7362139 7364220 7365126 7376099 7379079 7384067 7401567 7402663 7405593 7418423 7420291 7422413 7428071 7433680 7438080 7440638 7445171 7449525 7450485 7453966 7455063 7459493 7469808 7473070 7476925 7478328 7480533 7485952 7490234 7491411 7495625 7499925 7502107 7503968 7506052 7507096 7510789 7512856 7513936 7515638 7517343 7518473 7527964 7530142 7531790 7533840 7549481 7556901 7558737 7560506 7566329 7567254 7576115 7579762 7581246 7582693 7584275 7589189 7595756 7600293 7607370 7609121 7612878 7622642 7625899 7629666 7632649 7641540 7647039 7649148 7658238 7660233 7661265 7666124 7672822 7680280 7681410 7684929 7692720 7694934 7699407 7702263 7704803 7707855 7709715 7712294 7714488 7720347 7722947 7728219 7731621 7735347 7737260 7740176 7741792 7744797 7755760 7757975 7758942 7760799 7773494 7774673 7787596 7795511 7797465 7800408 7801970 7807299 7813426 7819620 7821045 7824987 7831400 7839186 7847928 7851935 7855792 7858101 7859955 7863748 7868187 7871651 7873594 7877733 7880245 7881980 7883782 7892059 7894403 7906596 7909857 7914080 7915159 7918164 7920401 7924275 7935736 7937279 7939908 7941727 7943880 7945025 7955573 7957503 7959221 7963902 7969411 7972599 7974320 7977627 7986714 7989916 7995659 7998330 8007706 8010862 8012666 8020171 8027486 8028615 8040021 8044448 8045533 8050650 8059614 8068881 8070777 8074734 8077551 8080683 8081826 8084071 8085013 8090066 8091118 8092772 8096854 8099170 8101235 8106708 8109073 8110970 8113728 8132104 8133066 8137974 8145575 8149019 8155783 8156918 8159031 8165467 8167882 8171024 8177555 8183959 8187023 8188537 8190346 8192676 8194586 8196271 8198375 8203513 8205967 8209728 8214279 8218075 8220001 8230486 8233693 8235051 8236039 8236733 8240167 8243042 8246158 8250694 8255596 8257132 8259349 8261815 8266460 8270173 8275491 8281080 8287323 8290842 8292235 8298648 8305256 8307894 8311957 8314060 8319394 8322615 8324111 8330907 8332046 8334967 8335953 8338644 8346031 8348466 8354629 8357473 8360080 8361269 8363289 8366557 8373596 8377728 8381249 8382441 8388125 8393401 8394699 8397091 8398591 8402058 8403003 8407480 8414512 8418422 8419317 8422728 8425733 8427017 8440101 8443628 8450332 8454206 8455862 8456950 8460828 8468921 8472885 8476796 8478786 8485587 8489838 8492691 8496727 8499408 8502497 8506655 8508645 8521571 8527724 8536575 8537965 8540394 8546846 8547936 8551157 8554349 8558911 8566797 8580686 8581394 8586938 8588894 8591352 8593021 8596186 8597441 8603053 8604723 8609016 8612055 8615487 8621673 8624548 8627272 8630005 8634048 8635234 8644086 8656870 8660319 8661888 8663295 8669369 8674645 8676743 8679917 8681757 8683385 8685128 8692373 8694478 8695653 8704057 8708727 8710541 8711800 8714930 8716202 8719631 8722844 8724632 8729837 8739671 8743301 8749030 8751617 8762767 8766231 8767988 8770366 8781773 8790877 8793625 8795033 8803542 8815823 8822459 8832365 8835260 8839584 8847255 8850791 8851957 8862588 8863481 8865681 8871146 8875654 8877756 8879090 8890856 8892369 8896709 8898009 8911819 8913807 8915742 8925060 8925961 8930308 8937668 8941367 8948062 8949979 8953311 8954116 8956251 8965176 8966931 8968710 8972093 8974789 8977449 8983459 8987846 8992638 9006254 9010946 9013153 9015296 9022334 9034213 9037565 9039101 9041278 9049946 9054242 9057054 9061722 9064974 9069249 9076246 9077602 9082343 9086810 9091970 9096875 9098198 9099410 9103445 9108955 9110916 9113076 9122231 9123839 9124902 9126152 9130580 9132189 9137571 9143371 9146023 9151329 9154943 9159038 9161341 9168552 9172019 9173319 9175205 9176508 9177837 9179579 9186523 9191534 9194691 9196651 9199790 9201742 9209587 9213799 9214965 9219278 9223743 9229055 9234965 9238140 9248023 9249273 9254428 9256362 9257967 9260281 9262085 9264610 9266262 9267458 9273605 9277739 9281060 9283000 9283948 9292331 9298213 9300397 9301639 9303140 9305699 9308234 9310962 9311720 9314312 9322057 9324346 9328677 9331734 9336401 9338216 9340065 9343806 9347588 9349788 9355446 9364602 9368972 9372775 9376074 9378394 9379837 9382121 9385200 9391630 9398876 9401857 9407135 9408603 9410238 9412202 9415840 9418093 9420213 9422037 9423425 9424835 9426850 9428535 9441592 9446365 9448033 9454242 9459977 9462697 9465271 9471621 9476368 9479695 9483622 9486550 9492996 9495904 9500059 9506136 9508389 9510235 9512263 9518679 9520664 9522384 9525316 9528300 9533794 9537727 9544388 9550652 9552069 9554041 9555020 9564805 9566456 9569486 9571219 9573737 9580106 9581965 9583869 9596247 9611728 9618414 9627683 9630837 9634806 9637945 9643613 9647759 9649599 9650972 9652650 9654285 9655941 9658889 9659860 9662793 9671122 9678046 9678583 9680308 9681772 9692154 9712151 9716153 9718942 9720607 9723601 9725320 9740656 9748188 9749850 9751939 9753856 9756895 9760483 9763056 9764967 9769180 9781677 9786462 9789580 9791093 9792452 9793737 9796443 9799719 9803231 9804607 9805952 9807686 9809135 9812631 9817453 9821280 9833212 9838847 9841704 9845858 9848917 9850469 9858036 9859965 9865835 9866670 9867583 9869723 9871127 9872303 9873782 9875497 9879787 9881216 9888064 9890179 9893344 9895057 9899066 9905859 9907902 9919198 9922899 9924257 9926040 9930174 9938916 9941075 9944158 9950938 9954209 9956248 9971350 9974221 9976369 9978828 9982427 9984453 9991621 9999029 
</Matrix>
<Matrix name="Neuron_821" type="complete" rows="1" columns="2478" multiplier="1.0">
   5403 11063 15790 21696 25056 27682 36457 37765 41485 44142 46859 56339 61455 63236 69137 73916 77808 82495 86386 87325 98864 100767 102143 106743 108603 115517 117062 119925 121734 123205 124554 128076 130964 137629 140682 150192 156646 159516 161164 171054 172642 175022 185769 187071 191998 198877 200189 201778 213348 222883 230263 233309 245722 251749 253597 261975 264021 270817 276994 281230 287823 294886 297466 303281 307252 312570 318816 320797 324983 326617 331571 332539 335564 337093 342938 344750 353192 354723 363807 364974 367021 368993 373176 375192 381653 382640 390456 398046 399187 412026 437715 439829 441590 444925 447531 450583 455475 458640 477365 480074 486084 488250 500414 503021 505486 506804 512221 513929 514862 515751 520828 524781 530930 531758 532590 537770 543128 544877 546547 549761 555640 561581 562406 565781 566948 568938 573279 579202 581418 582584 588312 592507 595798 597594 599447 600999 602410 606611 608758 610385 615126 619793 620884 626374 642601 652875 655301 680572 684667 686333 687085 689497 693031 694269 701579 707827 710306 716774 722258 723043 725355 733097 734744 737045 740728 744695 751774 755748 758939 765123 765882 767979 773583 775031 782754 786589 790711 792447 798365 805986 810547 817211 824987 827796 832000 836715 843319 846394 847375 847954 849481 851158 853687 856841 858511 862620 864137 866567 884043 887673 891789 892914 895216 898406 904896 912910 918184 920224 927309 930644 932570 935389 942690 947149 950208 954495 957514 965385 966689 975653 976972 985717 991106 1002122 1009165 1017570 1018764 1024840 1025612 1026664 1028710 1038033 1039182 1040425 1044655 1046442 1048359 1050812 1055076 1065410 1070865 1072388 1073864 1087767 1100978 1105280 1106690 1110448 1112466 1114414 1117745 1118728 1125165 1128454 1132257 1134187 1134904 1146571 1148102 1153418 1154723 1159003 1162900 1169678 1173229 1179890 1185296 1187788 1204209 1206257 1211690 1214089 1227217 1228492 1230879 1235276 1236213 1240349 1244778 1246041 1251156 1253255 1254952 1256149 1257234 1263393 1268947 1270097 1273175 1277688 1278392 1280502 1281855 1286843 1288049 1289510 1290736 1292028 1293156 1294604 1295569 1297345 1302465 1306976 1309156 1311896 1316726 1319162 1326629 1332287 1336605 1341389 1343458 1345537 1347765 1350990 1354831 1357269 1360904 1362106 1365644 1372630 1375513 1377042 1388526 1392539 1393686 1399174 1405788 1406483 1410999 1415704 1423076 1425430 1427832 1429065 1439749 1445537 1447483 1448917 1457613 1458943 1462219 1463673 1466595 1469342 1470871 1472965 1475696 1477137 1483123 1487234 1495892 1506727 1508952 1511234 1514292 1517054 1518632 1520476 1531397 1534072 1539631 1540865 1545261 1548891 1549995 1551452 1554551 1568172 1568877 1572649 1577144 1589494 1590587 1591369 1594843 1595948 1602858 1604409 1605680 1608293 1609518 1611330 1614176 1617002 1626526 1628202 1631598 1633005 1636380 1638164 1642087 1648301 1650032 1652661 1655798 1657528 1658875 1660885 1664110 1665659 1668374 1672449 1677397 1684963 1688669 1690821 1694123 1695749 1696951 1706362 1709800 1713288 1719051 1723175 1734370 1737296 1749399 1750685 1755170 1757510 1759354 1762122 1774881 1775876 1782661 1784385 1786050 1793172 1794114 1799535 1801955 1803874 1805640 1808394 1809902 1813833 1817491 1819010 1820368 1826448 1830311 1831489 1840750 1849224 1852062 1855853 1857697 1859972 1861416 1862562 1874230 1878539 1880618 1881619 1885065 1885865 1888821 1889888 1893011 1893993 1895304 1897616 1900190 1903351 1908415 1912573 1922470 1924948 1929038 1936488 1938074 1942238 1943250 1944515 1946615 1950879 1952344 1960465 1963098 1971403 1973533 1980974 1984379 1994426 1997737 1999771 2000564 2002548 2012885 2015681 2017251 2019668 2020698 2025670 2033554 2035566 2048901 2050208 2053414 2055407 2063578 2064974 2068176 2073925 2080042 2090218 2093187 2094131 2099182 2101265 2102875 2103922 2104970 2107199 2109485 2111825 2115426 2120420 2122681 2128866 2133167 2134970 2137029 2141155 2144510 2145793 2150542 2152478 2156090 2158586 2161779 2168052 2173717 2177005 2179647 2181332 2182394 2184277 2188396 2190271 2192315 2204022 2205653 2207555 2217108 2219802 2221609 2222682 2225984 2227840 2231501 2237078 2239554 2244460 2251167 2252437 2258271 2260213 2262612 2267383 2270707 2271961 2275156 2284492 2285322 2286402 2291278 2298183 2299537 2301362 2309472 2316845 2321035 2325183 2327005 2328779 2330553 2333041 2334439 2338280 2340259 2344399 2346340 2347096 2353238 2355536 2361696 2364652 2366343 2368142 2369111 2371016 2375742 2383769 2386125 2387475 2389857 2391003 2403806 2405929 2409089 2413188 2417325 2419362 2420836 2422583 2427552 2434704 2435837 2440164 2443158 2456155 2458139 2459939 2460964 2463279 2464302 2465246 2467502 2475571 2476788 2477423 2482782 2484941 2488077 2489274 2490631 2493741 2498062 2501079 2502633 2505204 2507710 2513644 2516606 2522954 2525957 2530752 2534446 2537203 2542904 2545592 2552157 2559403 2564924 2566657 2570762 2573151 2580911 2586680 2591472 2597235 2604924 2607976 2614146 2614918 2617674 2620245 2622505 2624021 2626458 2627689 2631770 2639388 2643368 2645213 2647834 2652579 2661969 2665333 2666933 2672433 2674645 2680716 2684598 2685488 2687496 2688960 2691833 2698703 2702509 2704881 2706603 2708926 2713790 2714882 2720055 2725537 2727291 2730681 2732662 2737073 2749284 2752401 2754089 2755069 2756853 2758159 2763264 2773793 2784725 2787854 2790124 2792692 2794807 2798962 2799953 2808860 2815634 2817497 2820499 2821768 2822480 2826220 2836826 2838352 2839209 2843852 2847873 2850331 2858552 2860589 2867023 2872356 2878810 2880173 2882534 2885780 2895402 2902846 2906099 2910816 2913814 2919734 2921779 2923459 2925414 2930923 2935361 2939263 2942271 2944872 2951168 2952620 2953591 2955084 2957223 2960473 2966539 2967585 2970681 2972560 2975394 2981701 2983190 2992865 2993643 2994736 2996528 2998915 3006752 3008087 3015819 3018410 3020831 3022894 3029496 3031699 3034028 3045776 3052222 3054083 3056109 3057976 3062924 3064725 3070714 3074150 3078535 3094026 3096100 3097634 3099760 3102354 3103637 3113843 3117344 3118698 3119830 3125458 3126981 3129024 3130722 3134288 3145667 3148343 3152852 3159804 3161729 3165841 3171774 3173608 3183203 3185056 3187642 3192036 3194151 3201625 3204136 3210093 3214809 3218199 3221519 3225483 3226378 3229639 3231400 3234824 3236139 3239738 3242239 3246321 3253470 3257715 3259498 3265768 3270027 3272260 3273375 3281014 3282291 3283669 3288317 3294219 3296459 3297773 3308486 3310982 3312936 3315101 3317596 3323473 3326215 3332375 3345497 3349306 3350738 3352694 3365870 3373058 3381331 3382072 3387051 3395625 3404676 3405447 3408892 3415869 3419439 3420711 3422389 3425175 3428774 3431851 3437648 3441583 3450522 3454704 3455835 3456734 3463728 3471595 3472555 3478553 3480283 3487058 3490305 3497433 3499335 3507219 3510225 3513763 3514906 3518873 3521046 3521869 3524874 3527844 3529398 3534687 3537209 3537952 3542956 3544911 3549188 3550289 3557837 3566447 3569804 3571841 3572983 3577705 3579565 3583392 3584866 3589301 3590640 3592350 3599713 3603335 3605871 3616454 3620348 3624174 3628629 3631063 3637189 3640284 3643254 3656962 3658173 3663831 3665232 3667366 3668277 3680320 3686097 3688360 3690910 3702323 3704919 3705742 3707600 3710581 3711622 3713953 3725568 3728219 3733037 3734360 3736841 3743482 3745812 3752424 3757281 3762386 3766692 3781344 3786338 3792488 3794055 3797789 3804239 3805289 3808458 3816694 3819440 3825371 3836678 3848376 3851145 3852629 3860624 3861712 3863641 3868513 3872605 3878155 3879052 3880886 3881990 3886056 3889040 3894504 3903424 3905145 3907204 3909119 3916143 3922383 3926262 3927593 3934175 3937655 3942000 3944117 3945563 3946823 3955805 3957040 3959063 3960376 3966951 3969664 3972122 3973010 3975045 3979729 3982597 3985369 3988388 3994394 3996405 3997606 4000737 4006243 4011356 4015802 4016841 4023728 4031018 4036444 4037223 4040811 4042396 4044939 4045857 4046809 4052811 4054768 4057090 4058721 4060359 4068010 4070678 4073171 4075187 4078873 4080847 4085513 4088900 4094233 4098775 4113354 4114883 4122035 4126331 4129926 4131954 4134107 4136729 4137977 4142581 4144454 4145791 4155293 4157965 4159333 4164326 4166443 4170836 4175346 4176252 4183253 4188128 4190235 4192693 4195327 4199000 4209000 4209986 4219168 4229432 4230886 4231784 4233295 4241866 4243080 4247226 4251692 4253398 4254210 4256332 4267694 4271574 4275301 4276681 4278569 4281268 4287761 4293764 4302259 4304777 4309512 4312204 4313962 4318694 4325170 4327133 4328917 4330503 4334642 4340710 4352659 4355050 4367942 4374104 4391194 4393190 4395984 4396912 4410669 4411997 4416224 4418320 4420396 4423175 4425170 4430637 4440645 4443463 4444431 4453408 4461743 4464020 4476049 4477708 4479748 4481179 4486040 4487802 4492220 4495716 4498814 4500971 4502775 4505874 4509109 4510560 4513849 4515965 4519439 4521300 4532778 4536012 4540498 4544369 4547928 4548606 4549918 4552645 4554701 4558163 4563782 4566285 4572391 4575433 4578544 4585261 4586592 4587726 4592141 4597313 4600859 4604603 4612471 4614075 4622892 4624947 4627366 4632250 4635001 4642572 4647114 4649879 4654056 4657491 4660885 4666630 4670624 4674852 4678802 4687680 4688864 4692683 4699097 4709200 4712383 4716919 4719290 4724055 4728538 4730445 4734073 4740931 4746593 4748375 4749588 4756665 4759092 4762320 4763545 4771251 4779090 4784328 4791090 4797703 4801994 4805800 4806999 4812677 4817568 4831968 4834154 4836047 4848685 4850862 4859600 4864584 4867994 4871935 4876692 4879717 4883492 4885984 4887266 4889251 4896510 4901508 4903026 4908724 4910463 4912653 4918971 4919882 4921273 4926277 4930037 4931228 4934944 4943784 4951038 4960036 4961951 4963936 4967493 4975489 4976678 4979793 4981066 4984881 4993183 4994424 4999341 5000589 5006427 5009551 5011440 5013927 5019963 5024367 5026044 5027050 5030388 5034686 5036519 5037952 5046773 5055752 5057910 5072263 5074951 5077434 5081194 5082071 5088137 5091677 5101653 5105629 5111414 5113480 5123891 5126154 5130712 5132506 5133842 5137581 5146136 5151752 5155757 5157369 5161075 5164647 5165726 5167927 5174276 5178148 5184409 5189448 5197911 5201438 5206524 5214813 5219848 5230645 5235477 5238981 5244371 5249432 5255750 5257987 5259414 5263875 5271611 5272303 5285602 5287963 5301928 5307121 5312173 5321551 5324273 5328341 5331426 5336216 5337411 5345724 5347173 5351765 5353164 5354732 5357745 5359228 5362933 5363883 5374446 5376037 5377304 5377950 5380952 5384875 5386266 5389113 5396024 5397809 5400014 5403760 5413628 5416540 5417839 5429920 5435385 5436767 5440285 5442447 5448147 5455852 5462988 5468482 5476728 5480312 5481258 5482894 5484144 5487532 5492984 5497907 5498692 5501710 5507310 5511315 5516248 5517786 5520951 5522496 5528044 5529619 5530358 5532417 5548883 5549912 5556623 5565037 5571696 5578965 5585207 5587848 5590707 5597935 5601006 5604236 5606600 5610742 5615242 5617254 5621236 5626382 5636061 5638961 5640138 5652163 5655725 5664226 5666738 5671862 5676945 5677811 5679752 5682388 5683559 5685494 5690233 5693092 5693898 5694917 5696551 5701250 5705219 5709970 5713564 5716137 5717285 5726348 5727910 5729178 5730626 5735189 5744977 5755851 5757562 5758917 5761892 5769039 5769926 5771468 5772789 5775271 5783803 5785299 5789259 5795184 5799335 5801425 5806644 5810997 5812311 5814618 5816812 5820557 5822591 5826111 5827638 5832291 5833387 5835813 5839382 5842046 5845201 5850963 5857133 5861115 5868754 5878085 5879460 5893276 5896437 5898332 5899905 5902909 5912598 5916219 5922026 5925339 5929952 5932895 5934308 5942979 5945064 5954125 5956827 5958462 5960444 5961848 5962935 5967932 5970776 5972126 5977984 5979179 5984394 5989818 5992583 5994625 5998198 5999813 6002848 6004933 6007437 6010715 6014232 6022351 6023572 6028367 6031350 6035299 6036358 6043121 6044938 6052413 6056614 6061243 6063251 6067920 6073110 6075646 6081590 6092710 6093772 6096442 6097507 6100780 6107210 6111695 6112632 6114079 6115109 6117296 6120813 6121984 6126134 6128987 6129897 6132532 6136122 6141079 6143705 6150997 6152092 6153402 6154160 6161033 6166178 6188347 6191101 6200902 6202104 6203489 6208075 6210764 6225222 6231134 6232752 6236585 6240810 6241996 6243870 6245989 6248097 6252817 6255107 6262298 6270823 6274435 6275819 6278047 6288175 6297913 6303906 6311934 6314832 6318384 6321491 6324499 6326718 6335714 6336559 6340723 6344755 6347961 6349091 6359014 6364179 6368022 6372173 6374698 6386920 6389694 6391073 6392968 6408712 6413202 6418425 6421096 6425854 6426662 6432456 6434027 6438910 6444121 6448995 6450265 6451010 6453772 6457845 6459344 6464668 6465956 6472752 6475006 6486430 6489627 6492161 6493864 6503095 6511713 6513357 6525242 6526913 6529458 6530846 6535562 6538050 6538803 6549216 6555006 6559716 6560994 6561950 6564562 6568013 6569523 6573122 6576711 6578798 6580361 6583119 6586551 6592145 6597929 6601586 6604277 6606129 6609141 6611283 6612372 6621132 6626525 6635898 6645989 6648960 6652889 6655139 6656928 6659155 6660142 6660900 6666849 6673049 6674975 6676051 6682313 6685361 6690714 6703733 6707458 6715669 6719236 6723098 6725031 6728003 6729802 6732089 6733939 6734868 6737073 6742002 6742988 6743980 6746130 6752322 6757006 6764276 6770674 6773214 6776526 6778887 6784622 6787588 6791144 6792582 6794197 6797497 6800466 6801166 6802277 6803307 6804153 6809684 6814238 6815857 6820034 6821504 6824039 6835141 6836067 6838323 6843690 6845877 6846946 6848386 6850393 6854944 6861111 6863882 6865140 6875406 6877684 6886745 6894321 6900345 6905050 6910071 6917651 6919231 6922709 6925881 6928638 6930564 6931844 6934361 6944446 6946880 6948994 6951860 6955078 6957723 6962202 6963075 6964258 6965524 6966777 6972229 6973152 6976210 6979020 6986086 6987593 6989663 6991097 6992528 6995541 6998472 7003941 7005265 7006525 7009536 7011552 7015770 7021236 7022261 7026166 7029508 7034918 7036161 7037484 7041327 7042718 7044755 7049492 7058187 7059681 7068657 7080890 7082274 7089154 7095194 7098418 7101380 7105400 7111821 7117008 7121603 7124432 7128884 7136853 7148119 7149148 7152871 7159427 7163138 7166596 7173200 7174107 7175840 7187084 7202864 7204791 7206404 7208510 7211249 7215214 7215862 7217964 7219495 7225116 7228211 7232888 7235113 7237157 7240686 7243751 7249879 7252453 7257169 7263985 7265325 7267103 7268201 7269541 7270821 7272457 7279000 7284698 7285202 7291202 7292753 7293742 7295559 7300022 7301994 7304462 7307478 7309400 7311731 7312608 7314407 7315262 7317436 7319753 7324395 7326414 7328171 7332118 7347422 7362265 7367461 7378606 7383501 7385286 7387939 7390598 7392350 7400780 7402288 7416688 7431077 7436455 7438795 7443033 7448708 7451611 7454343 7459516 7464395 7468991 7472143 7477790 7488532 7491938 7492959 7498921 7503619 7506309 7509934 7512301 7515676 7519356 7521961 7525070 7526957 7528350 7529563 7531782 7534817 7544657 7546563 7549761 7551259 7554275 7558228 7562367 7572205 7574083 7582103 7583973 7586391 7590946 7592953 7600622 7605874 7613653 7615022 7616558 7618474 7620892 7628836 7636817 7647273 7652840 7655380 7656404 7658818 7661168 7664315 7667143 7671074 7694056 7696227 7696855 7698325 7701668 7703279 7706550 7711142 7715513 7717569 7719194 7721520 7722530 7727501 7738321 7739829 7744236 7749537 7752816 7756790 7760813 7764047 7782311 7784074 7786651 7795321 7798435 7799729 7804098 7805268 7806637 7809046 7814558 7819682 7827417 7831067 7832857 7833406 7839392 7842582 7845043 7848464 7851493 7857722 7862733 7864888 7867449 7870315 7872000 7874683 7875970 7878013 7885423 7887913 7889733 7893157 7894255 7895990 7906192 7909372 7910342 7915190 7918401 7932494 7936862 7938235 7940164 7948413 7949084 7951404 7955709 7956588 7957608 7962155 7964492 7968398 7974807 7979728 7985599 7991839 7996191 7998702 7999807 8007634 8010391 8013131 8016542 8019931 8023307 8027109 8033412 8034405 8035227 8038165 8039394 8049271 8058501 8062958 8065065 8067240 8069157 8071189 8072978 8075331 8079183 8086247 8090729 8102368 8104270 8105605 8107590 8109058 8113979 8119437 8125719 8127917 8129180 8132194 8135328 8140072 8141883 8143085 8150753 8153754 8157383 8171200 8180209 8183530 8184381 8188179 8190264 8193127 8195173 8196069 8198026 8204948 8211551 8212886 8214036 8215608 8219914 8222006 8224482 8230944 8238241 8240594 8244277 8248735 8254023 8260650 8262207 8270328 8271909 8275758 8280744 8284112 8285881 8291308 8294636 8296699 8300372 8305030 8306052 8307080 8312877 8315187 8323701 8326072 8332411 8333644 8334208 8335657 8339652 8342988 8343748 8345402 8349998 8353603 8355960 8359690 8362498 8364011 8365046 8366257 8369123 8376872 8378233 8380810 8384982 8392475 8395173 8398187 8410479 8422571 8427520 8430591 8438770 8446798 8451026 8453106 8455581 8462724 8468558 8472010 8476430 8478751 8480166 8488567 8492182 8492830 8498014 8499877 8501816 8506389 8512193 8514773 8515609 8528220 8531755 8533901 8535659 8539986 8541637 8553857 8554505 8555922 8560928 8568962 8571915 8574589 8581044 8598326 8601441 8605851 8608154 8615800 8617415 8618410 8619579 8627503 8630462 8637097 8638368 8648532 8651557 8656782 8658321 8662848 8665966 8668106 8670630 8673508 8677555 8699182 8712403 8718841 8720777 8723850 8729769 8730919 8737876 8739003 8743516 8745356 8752594 8755726 8757230 8762684 8767189 8772454 8780422 8785211 8792066 8794358 8799039 8800072 8802708 8809768 8811291 8814818 8822100 8827664 8836037 8848629 8853102 8854252 8856092 8859570 8862370 8863702 8873214 8875106 8876081 8881013 8882532 8888051 8892019 8893682 8894756 8896913 8898472 8902459 8904461 8907144 8917297 8920640 8922301 8930108 8931833 8935678 8942069 8945020 8947931 8949998 8950819 8959607 8963193 8966839 8970808 8971755 8974050 8976604 8979217 8985247 8987617 8994148 8997611 8999171 9001156 9012579 9013960 9017287 9020743 9031770 9047499 9049828 9056632 9065886 9069029 9070110 9074988 9078195 9083495 9085474 9088124 9093826 9098326 9102102 9106455 9110718 9114405 9115211 9116340 9117145 9121623 9123941 9129407 9134523 9136653 9137337 9145808 9153730 9155583 9156942 9157783 9159651 9161499 9162341 9167803 9169629 9171721 9181054 9187837 9191387 9193316 9195856 9197817 9205315 9206879 9208560 9212014 9213875 9221340 9223202 9224970 9229732 9237135 9238664 9241579 9243877 9245767 9248452 9249870 9253835 9256794 9260758 9262784 9270345 9277528 9279599 9282904 9297627 9301519 9306744 9309875 9312970 9315702 9316629 9321663 9323714 9327237 9330925 9332727 9333375 9339183 9344226 9346313 9347181 9349336 9355186 9362728 9368547 9372179 9373211 9375148 9380216 9386395 9387487 9391441 9398021 9399921 9409637 9410448 9419544 9422868 9424478 9440399 9443129 9444450 9458052 9460140 9461359 9463144 9469247 9472144 9475834 9482792 9489130 9494875 9498828 9507806 9510035 9512837 9518533 9522799 9525493 9527782 9528607 9535400 9536166 9538318 9541796 9547838 9550655 9553984 9556235 9559324 9565747 9570821 9573375 9579515 9581685 9588245 9590884 9592441 9599288 9605740 9612710 9615675 9616940 9618351 9622604 9628176 9636666 9642827 9647621 9649410 9651180 9655805 9660545 9671683 9672721 9674075 9679469 9682952 9687518 9690197 9693324 9694913 9698522 9703913 9709909 9716141 9717321 9718892 9722282 9723261 9731077 9732622 9733738 9751673 9755471 9760243 9763396 9773174 9774470 9778328 9781515 9783118 9787715 9799886 9806570 9808612 9813836 9815249 9817543 9823653 9825163 9829774 9831681 9834089 9841420 9843070 9850638 9853262 9854325 9861747 9863821 9865814 9868116 9869636 9876737 9886902 9892699 9894956 9901428 9903383 9908114 9910176 9913193 9914520 9917463 9918805 9927253 9937985 9939110 9944487 9952502 9955859 9959018 9961569 9965236 9968377 9971811 9984143 9987031 9988523 9992019 9994087 9997075 
</Matrix>
<Matrix name="Neuron_824" type="complete" rows="1" columns="1026" multiplier="1.0">
   2592 10303 16236 17624 28446 30199 31224 36115 49135 55329 88009 101230 111259 118654 121988 127060 132359 139600 145310 146776 156520 162561 165925 183629 184590 196865 200649 208904 218303 220174 225989 227114 232615 239598 241149 247809 280317 297024 306511 308185 318344 326372 328016 351640 354569 368028 382038 390792 395981 420481 434539 437321 445691 449430 453532 456483 463970 485740 487377 489338 490001 494629 496361 517138 524429 540455 569515 584162 587774 598923 599892 607336 609522 625726 647107 663578 682185 713502 715245 718561 738558 755232 784347 787427 792817 797671 802491 818796 822930 828209 841830 853589 856409 877814 892952 910594 914001 918288 925610 938670 941763 944179 954768 963350 1001913 1005200 1011018 1014639 1022481 1026207 1030021 1045396 1061423 1067798 1071177 1091211 1123326 1125024 1131337 1142912 1147571 1152626 1156043 1163492 1185789 1186699 1193358 1198290 1201154 1207580 1232003 1241086 1248690 1253111 1258631 1283283 1300605 1361146 1364213 1370585 1404888 1415656 1440808 1446627 1449437 1451684 1455111 1456382 1465583 1476006 1493875 1502903 1506077 1510365 1525446 1554699 1564315 1566164 1573199 1577255 1587387 1588223 1604648 1610397 1614809 1617992 1621536 1626276 1671293 1699344 1702226 1705187 1720028 1722936 1729722 1733903 1757746 1760338 1765600 1769199 1771942 1774851 1788214 1803491 1816677 1820111 1823121 1842703 1846513 1849770 1893412 1898274 1906134 1907409 1911705 1912912 1917206 1920822 1921829 1927525 1935673 1951823 1964347 1977775 1992796 1994763 2005442 2015458 2020729 2027918 2033405 2045809 2054283 2057095 2063103 2073753 2076424 2085013 2092729 2101153 2111392 2128961 2130402 2134501 2141099 2145773 2154502 2167829 2175668 2176624 2177312 2179838 2207237 2221431 2223999 2225432 2228931 2237584 2246519 2252630 2265007 2288053 2295878 2309982 2317598 2333775 2335765 2337394 2338704 2346464 2352312 2371283 2373468 2392520 2405975 2409608 2424623 2426024 2429486 2456675 2475945 2480984 2483149 2517898 2538684 2542441 2577678 2591989 2597083 2598421 2599826 2604583 2612718 2625908 2645811 2649873 2653229 2660411 2677259 2678643 2683635 2685914 2688346 2690359 2695112 2709738 2714354 2730330 2732361 2739788 2749986 2751729 2753646 2757416 2763624 2777946 2789066 2805411 2814549 2822493 2830076 2848510 2873565 2882963 2885591 2887442 2898847 2903342 2912056 2916401 2927001 2929629 2938528 2947498 2956675 2958703 2966696 2967756 2992545 3010366 3019872 3067822 3075981 3097456 3120776 3123137 3125176 3157000 3189599 3191273 3208744 3210318 3211494 3213111 3261055 3266277 3274680 3289879 3294625 3297153 3307233 3311801 3316210 3330783 3343106 3347056 3348313 3362593 3379689 3387543 3394611 3402776 3421724 3444719 3447499 3465013 3472454 3473799 3504997 3520013 3548239 3554449 3577009 3578649 3586495 3596639 3602069 3604209 3617136 3631400 3634788 3636661 3640499 3647305 3652255 3655231 3672721 3676858 3683104 3692548 3696316 3698221 3712680 3735710 3753144 3754979 3757223 3758509 3771301 3782143 3793272 3808140 3815790 3832114 3843679 3853233 3858432 3871236 3883442 3895660 3896675 3898470 3914649 3918190 3946653 3950539 3960584 3985451 3988536 3994169 4006536 4017258 4026613 4030814 4036231 4037341 4042530 4049288 4062616 4064539 4078835 4082891 4085180 4089018 4100079 4101390 4102979 4114098 4115859 4119802 4122264 4137940 4154535 4164272 4169446 4175920 4178154 4186610 4190906 4193193 4197365 4203067 4205652 4236796 4242539 4246736 4296140 4328578 4332714 4335551 4343029 4371874 4389372 4397461 4399329 4401271 4416300 4419349 4428950 4443550 4450168 4491171 4515757 4529862 4533013 4540442 4549994 4569745 4576863 4603310 4606711 4624602 4626521 4642782 4644879 4646058 4652259 4653855 4655745 4661380 4664888 4674230 4680375 4687290 4703609 4717954 4737397 4757107 4781859 4822160 4823729 4829291 4835181 4837277 4844307 4858319 4859684 4899927 4921547 4926945 4928050 4944466 4955031 4958412 4988268 4991167 5001569 5011874 5017779 5055069 5060442 5062455 5098955 5100848 5102187 5109379 5113797 5129268 5133126 5141100 5147264 5149393 5156144 5163980 5165728 5179878 5200545 5204900 5212123 5216548 5217737 5232057 5235622 5244708 5248590 5249692 5254036 5260864 5280290 5289619 5292663 5304403 5305745 5312342 5323965 5338023 5359054 5361006 5389622 5429687 5430353 5431709 5433208 5440511 5441925 5450042 5457126 5459087 5460306 5470926 5491961 5521986 5529511 5531264 5541334 5543938 5548047 5564157 5571030 5580857 5585886 5596782 5600522 5602749 5604013 5625841 5627588 5629486 5633665 5643255 5656207 5664997 5667781 5699030 5701660 5703858 5721412 5734459 5742498 5747384 5753500 5766456 5768164 5785941 5787592 5788882 5797970 5809074 5820213 5829015 5832364 5846251 5876997 5887038 5895357 5901030 5925766 5928992 5942937 5944104 5947909 5951177 5954916 5961536 5971161 5983805 5993816 6005250 6014945 6024961 6046157 6067495 6069715 6075356 6076856 6083171 6099896 6106969 6138045 6140445 6145304 6163533 6170975 6176609 6184620 6194097 6195115 6202854 6207792 6211256 6224628 6227945 6236953 6244225 6251393 6253087 6263803 6278443 6282152 6298756 6303260 6318866 6352471 6396446 6404104 6406148 6434830 6453242 6490570 6492725 6497221 6499453 6511479 6531023 6535782 6556532 6577338 6581180 6582422 6587004 6588762 6591701 6592784 6611079 6614413 6623754 6639253 6644699 6663319 6664778 6690755 6693539 6695062 6710533 6715088 6723843 6734367 6738410 6754138 6763355 6766364 6767146 6775622 6788912 6796996 6806410 6809675 6821682 6840490 6843533 6850363 6857250 6860287 6871704 6873933 6876456 6887318 6892001 6900056 6920995 6940547 6958444 6960482 6983919 6985330 6987109 6997390 7027186 7028879 7032124 7043072 7046751 7053405 7068496 7087289 7090062 7098993 7105939 7107226 7113007 7122514 7126888 7135203 7136973 7142288 7145020 7148362 7151524 7157992 7159999 7164746 7169005 7176792 7179602 7195068 7198061 7200817 7211082 7225695 7240070 7267780 7275257 7288901 7297625 7312564 7320314 7323772 7347016 7363145 7374317 7376446 7383016 7459931 7468283 7494247 7510517 7522634 7524916 7554894 7559327 7560849 7562705 7563898 7564921 7566875 7570804 7586486 7601924 7602843 7623497 7628780 7631502 7654151 7660478 7663376 7679598 7682770 7685307 7687973 7694520 7699655 7709993 7718117 7720624 7733107 7738747 7742386 7749757 7754907 7763671 7774388 7794736 7810839 7813731 7825000 7837153 7860016 7864734 7884108 7902441 7908964 7914360 7942611 7948061 7965661 7967024 7974263 7976036 7987397 8002023 8013123 8045491 8054249 8104407 8107081 8108542 8137305 8140081 8163098 8172397 8177516 8178199 8195839 8197236 8206896 8224775 8262517 8265808 8271850 8277047 8280253 8281387 8297911 8300215 8303120 8321231 8325189 8326702 8328188 8335452 8349604 8374268 8376062 8387018 8388750 8392953 8394983 8425283 8433572 8441462 8450401 8455878 8457178 8470167 8478730 8482016 8491205 8502053 8510041 8516207 8527073 8577359 8580286 8603691 8607404 8608348 8610834 8621017 8636590 8683907 8694237 8702581 8707814 8714684 8730534 8749623 8755450 8758987 8766361 8773536 8782856 8806012 8809582 8811953 8844684 8852037 8852998 8855568 8856624 8867427 8882574 8899734 8904340 8918017 8924651 8937102 8938438 8974638 8980395 8988565 9007164 9008276 9015467 9016657 9022156 9028341 9031947 9040399 9042427 9054045 9055188 9063754 9066110 9078943 9088145 9093313 9095713 9099944 9114834 9123931 9132436 9151671 9153109 9156983 9159040 9165338 9168964 9178629 9195971 9211655 9214770 9219499 9223709 9224878 9233956 9243096 9255950 9264942 9266381 9276766 9285959 9288235 9290657 9292567 9297954 9300403 9313703 9340812 9343367 9356547 9370520 9372221 9378360 9384282 9394142 9401917 9430073 9444113 9453800 9457894 9464307 9465916 9479856 9496359 9499806 9510632 9522924 9532842 9545258 9557215 9571876 9580103 9593287 9607006 9609159 9610677 9624720 9626172 9631678 9636384 9644404 9650855 9675708 9682299 9692273 9695493 9697617 9703463 9709790 9721104 9723203 9731038 9736015 9754219 9772454 9786904 9793740 9811435 9815087 9866650 9869002 9894414 9897971 9910040 9916485 9922656 9930478 9932060 9938727 9944849 9948263 9951976 9965752 9971667 9983502 9991531 
</Matrix>
<Matrix name="Neuron_831" type="complete" rows="1" columns="180" multiplier="1.0">
   31314 35184 40524 140098 244402 265647 289113 446121 659032 788068 827447 838101 901525 1021641 1102881 1124556 1157874 1192214 1256714 1294404 1437647 1470850 1503155 1529934 1550366 1570865 1682066 1733151 1734943 1739146 1742451 1803197 1813694 1856131 1859424 1952349 1958653 2068933 2094390 2148959 2158474 2177660 2181385 2198364 2207583 2307327 2489577 2577734 2598414 2620605 2659377 2665043 2667548 2683318 2715250 2768276 2854259 2873324 2881301 2925376 2996643 3025785 3074737 3147219 3157713 3356328 3377860 3391719 3457282 3566702 3569033 3582424 3593600 3702720 3880866 3913164 3937181 4014357 4023729 4031114 4111105 4118381 4267979 4408032 4439940 4459364 4540315 4594314 4599514 4683911 4694622 4825893 4863213 4877493 4892971 4950625 4975846 4990547 5005267 5029820 5035859 5078831 5097448 5111400 5119960 5159070 5172505 5271552 5404922 5433144 5521173 5528918 5570289 5609229 5615142 5622603 5678041 5814229 5840997 5875478 5889699 6041575 6154545 6202768 6245864 6283823 6293723 6365810 6380653 6461449 6544538 6582387 6616067 6636521 6717485 6743205 6776835 6791994 6892085 6910235 7164530 7195457 7355406 7409225 7476006 7821885 8070475 8093702 8111144 8128641 8144520 8166476 8255104 8307305 8395754 8462177 8509030 8605252 8700066 8716033 8727178 8912143 8997260 9044162 9102236 9159905 9190283 9228921 9318970 9320623 9330077 9336147 9341478 9532221 9580773 9741748 9748246 9914085 9986499 9994764 
</Matrix>
<Matrix name="Neuron_834" type="complete" rows="1" columns="1980" multiplier="1.0">
   5454 11828 19222 20990 25179 26519 28095 43662 52374 55687 59948 68937 69772 71659 75349 91421 104656 108756 111653 117044 123526 125163 127618 133507 134568 139551 140439 141380 144360 145774 150512 153127 188076 202189 207002 210230 213752 218311 227273 231168 247573 255052 261322 266602 271523 277446 292303 299078 301347 305370 308448 311043 325265 327110 328443 332709 349438 350908 364650 367368 369380 375565 380093 381713 383855 385006 392649 394410 399352 405283 406588 414938 419427 422215 425616 432815 437033 447715 454997 457560 460250 469025 475209 487715 493551 495439 502431 512288 519588 521018 525364 528392 533890 535514 544989 547255 548950 564809 569447 578625 581188 583259 588023 589866 592952 594357 595905 601781 603604 606527 614350 616950 619551 621370 623139 627799 647542 656609 658515 662784 664777 669934 672028 675676 679922 686630 696742 703843 713776 717842 727946 730804 732530 737531 738453 742146 743704 746533 747664 751954 753761 756261 760209 761979 763184 764650 767285 769149 771155 772995 781470 786278 791649 802014 805150 808739 811070 822156 849084 858272 870983 877876 880499 882614 887374 892214 894099 897048 909334 914260 925684 931198 934275 939337 949876 951164 955483 957128 962303 966720 969684 978787 981883 983688 992592 1003430 1006240 1010844 1013098 1016322 1023395 1025076 1033665 1035744 1041501 1049415 1057079 1058611 1064004 1071277 1075892 1082643 1102304 1104509 1120973 1135643 1136782 1139021 1142625 1148190 1150784 1154637 1168403 1171553 1177569 1180132 1182215 1184355 1186698 1189674 1191333 1193721 1199296 1202270 1205778 1207689 1209644 1210946 1216251 1220505 1221754 1227523 1229675 1232082 1235027 1239097 1241575 1248034 1255114 1256669 1257780 1261850 1264082 1274091 1279114 1289665 1299944 1302592 1307363 1311252 1315135 1318963 1323693 1331781 1337500 1338877 1341940 1345781 1349228 1350984 1355328 1359122 1365381 1367740 1368958 1379032 1389298 1393011 1407486 1409390 1410760 1413014 1422906 1429534 1430872 1437488 1440875 1445334 1447675 1451623 1454834 1457250 1459080 1469348 1472984 1475572 1479749 1483421 1487758 1490883 1492291 1495989 1498074 1510215 1519386 1524402 1527161 1533484 1536929 1537996 1539317 1542603 1544849 1547727 1551930 1559995 1565619 1567426 1574643 1577719 1585903 1590542 1592265 1603891 1606927 1610747 1612757 1621443 1624104 1631122 1637868 1639091 1640397 1646116 1647247 1652253 1653539 1662579 1664427 1669845 1677173 1678885 1680665 1682609 1685900 1688075 1693419 1696299 1698817 1701628 1710744 1713888 1720182 1722100 1723392 1726240 1730317 1735186 1747449 1750505 1752561 1757080 1760634 1764780 1765998 1767784 1772727 1775589 1777569 1785773 1788568 1798108 1803412 1806158 1811547 1822650 1827542 1833368 1843388 1845932 1851532 1856459 1860873 1871535 1873780 1879675 1888218 1891688 1901331 1912748 1920488 1927882 1930286 1933257 1934908 1942180 1947222 1949286 1950728 1958513 1959733 1971542 1973429 1975839 1977574 1978790 1980763 1981672 1984562 1986931 1997233 2004396 2006209 2008979 2012625 2018217 2023426 2032117 2034549 2040134 2042319 2043508 2046304 2048367 2050494 2052499 2060891 2075764 2089895 2099500 2101118 2132183 2138432 2144156 2146882 2148610 2158667 2160702 2164810 2166215 2167089 2176052 2183398 2184539 2188773 2192447 2195535 2199100 2204472 2207015 2208011 2209718 2214677 2216937 2222481 2223496 2232561 2235363 2239310 2242283 2244677 2247732 2250977 2253307 2256350 2257176 2265756 2268486 2273725 2275751 2288062 2291571 2304660 2307647 2310918 2312577 2317953 2334442 2337105 2340260 2345802 2347027 2350366 2352069 2357111 2362713 2378437 2379416 2382277 2389597 2392926 2396001 2398075 2406908 2413963 2415575 2417960 2419812 2431135 2445007 2450831 2452118 2453889 2455018 2458171 2458970 2484311 2488359 2493751 2499968 2504417 2512279 2513160 2514712 2518336 2522942 2528305 2532416 2537062 2538668 2540289 2548110 2550288 2552155 2555114 2564625 2568963 2569960 2573839 2581233 2583001 2585397 2592323 2597412 2600316 2601705 2604589 2605959 2618127 2620113 2621273 2622993 2634867 2636398 2642694 2655884 2665236 2677418 2685696 2698491 2700151 2706320 2714737 2720289 2724840 2730908 2733303 2739284 2740336 2742114 2750379 2760708 2762354 2763797 2766090 2770860 2772810 2775024 2778026 2781764 2796718 2802207 2806158 2811104 2818492 2824089 2836164 2838946 2841888 2859876 2862865 2865425 2866865 2867744 2869334 2872483 2873892 2879234 2886789 2888166 2896557 2903188 2912196 2915195 2916208 2917962 2931509 2936535 2942725 2953284 2957493 2963933 2971883 2977115 2977893 2982152 2999871 3002161 3004337 3006480 3008725 3019556 3027850 3029951 3034241 3042276 3047067 3049306 3055222 3073206 3082251 3090778 3095286 3097464 3103205 3111092 3123195 3127825 3148243 3160482 3167538 3170574 3173885 3179840 3182341 3184414 3186413 3195041 3199112 3202279 3207586 3210670 3212321 3216559 3229014 3231255 3244379 3248773 3254255 3256342 3261024 3269161 3282662 3299074 3307724 3310241 3313341 3322110 3336483 3339388 3341845 3343822 3353694 3357339 3358408 3359522 3364778 3374726 3383088 3385375 3388323 3391424 3396400 3402097 3405582 3406904 3408891 3413679 3415493 3417405 3428627 3432693 3435750 3437537 3440690 3444242 3451347 3455431 3465406 3471260 3475417 3476960 3480849 3484072 3485651 3490355 3492334 3497596 3499919 3506916 3509137 3510502 3511859 3523135 3526073 3528618 3530568 3538096 3548281 3549957 3551000 3553063 3559536 3563220 3575789 3588973 3594784 3603629 3610282 3614840 3621920 3631990 3633609 3639125 3641356 3645370 3646876 3649931 3651979 3661016 3673006 3674900 3686096 3692056 3697348 3700581 3704486 3711250 3715838 3718972 3726622 3730241 3736135 3751337 3757632 3758524 3762297 3763676 3765938 3767742 3771481 3774662 3779575 3784414 3791712 3797000 3800143 3805084 3807648 3811480 3815461 3820306 3823885 3827853 3841504 3847684 3878520 3884388 3887068 3888258 3890846 3899798 3901250 3912615 3913984 3916385 3918892 3923690 3935258 3936853 3942102 3954592 3956968 3958482 3967515 3972249 3978331 3981593 3990526 3992710 3994007 4001302 4005178 4007346 4009177 4015687 4022178 4025751 4038773 4044216 4047836 4051005 4053868 4056833 4060145 4070739 4075678 4077399 4080936 4083855 4087698 4089731 4094847 4099400 4109213 4112430 4113578 4116372 4121014 4130750 4139685 4143546 4149350 4152015 4156668 4161115 4163366 4174641 4175954 4178103 4202022 4207059 4210878 4216163 4220720 4222240 4226512 4235605 4239593 4242602 4244790 4247248 4248911 4255203 4256543 4257641 4259557 4262840 4268643 4270861 4272088 4272920 4276478 4278042 4279784 4286556 4288738 4290425 4296945 4301622 4311576 4314952 4321132 4326098 4329088 4333131 4338037 4342209 4361916 4369552 4375706 4388568 4390193 4394638 4402659 4404614 4409660 4413028 4415124 4416611 4428874 4431590 4436471 4442263 4478811 4483501 4488304 4492126 4496934 4510429 4511888 4513388 4517173 4518309 4522000 4524145 4525716 4526842 4528275 4529432 4530527 4533790 4536842 4539512 4543097 4560680 4567869 4575440 4579789 4582595 4583763 4585053 4596184 4607155 4610902 4618913 4621663 4624093 4632363 4633836 4638763 4640453 4644212 4649503 4651665 4654536 4657371 4659923 4662665 4664864 4666797 4672478 4679098 4681516 4685181 4688537 4690300 4699072 4699998 4703513 4705378 4709334 4712546 4714976 4720478 4722525 4724413 4725334 4728014 4749625 4755422 4758330 4763242 4767126 4770439 4776201 4778914 4781454 4784729 4786533 4789610 4791280 4800917 4803579 4807822 4810293 4812646 4815340 4825137 4826824 4828976 4831363 4835442 4842483 4845696 4847548 4848864 4855001 4860199 4864583 4868208 4871922 4875103 4878480 4887796 4900242 4901084 4911042 4913130 4917189 4920277 4924277 4930088 4932521 4934592 4948020 4951816 4971551 4974408 4982298 4984331 4990316 4996478 5003584 5014546 5022684 5028700 5032532 5044236 5045617 5046595 5056987 5062557 5068987 5071280 5081672 5084887 5087475 5093389 5100864 5107761 5113096 5114944 5116426 5118447 5122957 5126072 5129592 5130488 5141568 5145073 5160874 5168760 5172942 5187904 5189136 5207193 5210504 5213782 5215901 5220812 5225628 5230181 5234802 5243364 5244382 5247766 5257301 5260920 5263506 5266515 5269096 5272405 5275652 5279148 5285344 5287105 5292418 5294439 5297380 5305338 5307068 5307959 5310741 5311785 5312466 5314247 5317646 5320007 5336787 5344912 5354403 5363387 5365892 5369341 5373415 5379673 5381098 5385266 5387883 5404886 5419920 5421104 5423962 5425900 5427785 5430183 5432324 5435217 5436360 5442466 5447229 5449212 5456508 5459927 5466003 5486809 5487808 5492627 5501931 5504389 5508194 5510509 5511904 5513622 5523653 5531431 5533337 5535269 5544562 5549530 5554185 5556248 5557481 5565605 5567357 5575046 5594761 5596571 5601884 5616774 5627386 5629073 5632096 5636098 5636995 5642650 5650839 5656400 5659600 5679170 5680805 5687368 5690992 5693265 5697079 5699888 5706329 5710759 5712617 5720047 5724543 5730976 5733486 5736683 5745432 5749770 5751542 5762233 5777900 5779892 5800388 5803833 5813266 5817144 5819657 5823319 5830145 5832127 5834592 5842462 5848336 5860341 5862416 5865590 5867675 5875125 5882198 5885560 5898600 5901572 5928959 5937354 5939065 5940959 5947427 5957614 5959820 5961989 5963144 5965522 5967189 5972472 5976359 5983370 5991551 5992708 5995746 5999111 6001268 6002208 6004629 6006993 6009368 6015664 6029269 6034684 6038547 6042345 6047243 6050771 6059645 6061954 6065194 6075425 6076597 6086543 6091323 6105280 6107261 6113561 6115191 6118562 6120434 6133340 6136201 6145219 6146007 6148153 6150576 6153957 6154678 6156177 6160735 6163297 6169519 6171356 6173757 6180213 6188141 6190231 6191399 6196803 6198720 6207110 6228266 6233905 6235067 6240360 6245487 6248178 6251633 6255911 6263356 6268029 6270117 6271743 6272498 6279716 6281214 6289005 6290102 6293211 6304715 6312942 6319556 6329309 6336185 6338864 6348331 6350768 6352188 6354831 6360268 6364886 6371439 6374842 6377891 6382279 6384278 6394243 6397864 6409588 6410665 6415771 6431879 6432878 6435544 6448684 6449706 6450732 6453437 6455209 6459035 6461147 6464694 6474127 6485235 6492796 6496074 6497008 6498274 6499896 6504653 6508784 6509977 6519782 6525828 6526905 6532098 6533501 6536821 6540711 6547660 6549465 6552218 6554323 6558405 6562009 6572217 6574435 6582563 6591420 6596212 6601122 6603331 6606655 6612117 6633742 6638259 6640230 6643807 6647072 6649131 6650639 6655560 6658742 6663913 6665538 6670753 6671884 6681550 6683096 6686405 6690339 6693804 6696688 6710739 6715271 6717042 6719186 6721987 6728859 6732589 6735160 6737396 6747396 6751531 6757425 6758594 6763235 6770940 6774469 6778818 6781297 6787521 6795574 6798224 6813403 6824981 6832494 6840425 6846299 6850501 6855581 6858185 6861910 6872153 6874826 6876083 6887543 6890550 6898752 6907967 6910135 6911220 6918578 6921382 6926239 6930352 6932900 6937713 6969540 6973306 6978996 6980635 6981756 6983860 6988626 6990025 6995154 6997277 7000940 7006572 7008289 7017996 7020653 7024169 7032894 7040053 7047359 7052274 7060088 7061923 7066245 7069741 7070986 7072852 7081524 7109120 7113767 7115661 7118617 7121281 7127280 7129806 7135607 7137296 7142090 7144058 7152952 7155641 7158041 7160657 7162526 7164788 7166382 7167407 7174148 7180787 7183790 7193067 7201898 7205227 7207302 7208980 7210935 7211547 7213269 7215592 7222530 7233607 7237339 7242818 7244825 7246587 7248178 7254388 7255674 7257800 7261810 7263026 7274989 7278294 7279782 7282811 7287412 7296732 7301371 7306900 7308194 7315765 7320386 7325676 7329905 7331909 7336976 7339318 7340329 7364629 7368034 7379332 7386262 7389165 7390190 7393786 7396447 7402493 7406228 7409676 7412923 7415631 7420885 7435368 7438073 7452013 7453559 7458736 7459976 7463960 7467659 7472938 7474701 7478061 7478982 7481664 7495646 7500815 7502333 7503641 7514775 7516902 7518701 7521963 7522890 7525246 7533626 7535973 7541866 7550584 7559429 7568238 7569663 7570745 7579491 7581028 7584566 7590454 7593319 7596861 7599856 7601482 7605377 7614750 7622882 7625346 7626255 7636858 7646050 7647925 7652484 7661610 7663196 7666242 7676641 7681649 7687184 7689161 7692664 7696544 7704641 7706159 7708449 7711619 7715246 7719322 7720230 7721302 7728492 7733647 7734999 7738766 7742890 7746753 7751412 7752555 7755214 7758770 7768289 7771069 7777125 7780365 7786437 7790231 7795625 7804467 7818322 7819601 7824294 7827177 7829027 7832655 7839389 7840851 7842081 7846725 7857064 7858231 7860361 7863672 7868595 7869926 7881641 7883995 7884991 7890897 7894142 7910612 7912957 7917273 7918452 7924365 7929633 7937934 7943591 7945855 7953551 7955658 7959516 7962033 7977431 7984088 7987785 7988961 8000618 8001594 8004172 8009152 8014312 8021271 8032419 8039707 8043205 8045366 8057598 8059223 8065042 8067035 8077493 8080616 8088024 8096179 8103354 8108269 8109098 8111073 8129007 8133609 8140116 8150738 8158859 8164003 8170567 8187325 8191254 8192327 8193659 8195676 8204403 8207015 8211525 8217390 8219151 8220859 8223034 8226652 8228433 8230992 8235391 8239004 8248338 8255949 8263221 8271730 8275111 8278084 8280774 8293952 8296194 8300758 8302228 8305193 8307369 8309695 8312793 8315899 8320757 8328684 8329641 8331187 8334361 8354013 8368509 8371295 8401685 8403483 8406269 8417103 8418825 8425713 8428818 8433257 8439560 8441530 8453828 8463271 8469685 8471962 8491816 8496936 8500938 8514706 8517833 8523063 8525633 8538243 8551109 8557555 8566654 8568195 8578681 8590707 8597943 8602219 8608727 8611790 8613420 8623112 8624420 8625117 8630843 8633738 8641910 8644667 8647836 8664918 8671854 8676503 8677621 8681035 8683946 8689656 8692300 8694396 8699828 8701035 8707022 8713498 8716631 8723933 8728782 8736139 8741511 8744590 8750097 8754414 8771246 8774282 8779336 8781816 8786541 8789013 8794248 8797968 8804245 8812076 8817457 8821934 8827425 8828795 8831372 8855199 8862250 8872421 8875048 8877430 8883136 8889032 8891191 8901845 8917454 8927467 8932690 8937023 8948221 8951886 8955680 8958036 8960091 8962845 8964788 8969082 8974019 8976763 8978540 8981404 8983500 8987208 8992276 8994152 8997121 9003526 9005074 9012657 9014540 9022248 9024471 9026385 9038607 9048204 9051653 9059256 9063886 9066431 9071033 9078424 9079293 9083071 9085179 9087775 9089095 9094629 9097568 9102688 9105571 9109370 9111035 9120440 9124542 9125684 9132346 9134912 9138751 9140490 9148243 9151900 9154283 9162748 9165575 9170547 9173693 9178491 9180672 9195120 9197601 9206566 9208163 9211811 9219342 9222674 9231071 9244256 9247103 9248174 9252692 9254827 9262626 9272601 9280077 9286017 9289743 9298653 9304274 9309113 9310641 9312132 9317173 9319677 9323305 9331571 9338202 9342772 9344272 9347148 9348646 9350381 9355147 9359945 9362985 9369968 9389833 9392788 9396857 9398722 9402007 9420263 9422035 9426396 9444556 9451176 9458373 9459430 9461527 9475523 9477050 9485275 9486700 9499575 9504145 9505091 9508412 9510138 9521602 9524331 9529341 9531084 9534901 9537024 9542227 9544479 9545561 9548776 9556130 9562278 9567109 9574312 9575205 9578587 9580254 9584657 9587151 9591450 9596481 9604864 9617370 9623420 9624738 9626150 9631658 9634543 9640254 9643008 9648590 9650356 9657579 9658934 9660251 9663938 9672481 9675039 9677645 9678664 9685209 9689008 9691888 9693421 9695690 9702482 9707422 9709567 9720295 9721995 9726458 9730006 9734131 9741863 9743086 9755528 9761385 9774648 9777889 9780998 9782116 9789409 9793307 9796094 9798760 9812875 9815241 9816718 9821081 9827621 9838496 9841106 9850985 9855620 9864009 9870907 9872855 9878145 9879388 9882813 9887989 9895418 9897248 9903574 9904863 9920530 9923686 9926321 9927376 9931589 9935492 9937517 9938537 9950265 9960512 9962325 9963082 9965863 9967383 9970179 9972678 9983902 9985316 9987116 9987886 9991434 9992979 9996430 
</Matrix>
<Matrix name="Neuron_877" type="complete" rows="1" columns="1524" multiplier="1.0">
   10119 12797 16030 18911 24299 29854 36216 48979 54489 72140 75509 93233 95557 101466 107550 127087 131656 137562 139235 152734 155747 165281 171974 179084 184112 187171 191350 193426 217013 229288 237723 244182 245552 246601 253728 256457 261176 268118 272352 274422 281677 290217 292545 294893 307986 311336 321734 322781 324029 332277 335939 337481 339934 342854 356642 362681 377197 396243 398087 404426 407305 414641 416368 420684 432226 441279 448151 458714 466699 474824 477302 501999 505527 508941 512225 516533 521013 528296 536024 542007 543085 547803 564851 566877 568945 573568 578435 590155 594604 599262 604249 620997 624111 625624 627423 634522 636478 641868 645176 650481 661790 687846 693665 700809 708542 712298 713977 715617 722580 727896 737634 746437 749206 771273 781405 783400 789722 801048 805441 827912 846151 847627 851970 865357 868417 873284 880390 884278 892507 897698 914314 916305 928068 944087 958497 979588 980487 981375 993914 995438 1004970 1013107 1023298 1024876 1031067 1032430 1034288 1038848 1045874 1047478 1050321 1054741 1074902 1081669 1084069 1105513 1107524 1111458 1124343 1127390 1134306 1155098 1157610 1159152 1162714 1163856 1193274 1195469 1208828 1218380 1220497 1221787 1225148 1228086 1234705 1238704 1261569 1272472 1279290 1280305 1290587 1298495 1304913 1307220 1309718 1310757 1328499 1348582 1361878 1365886 1370858 1373473 1396623 1410241 1412274 1413159 1415399 1420439 1423460 1430004 1443939 1450417 1462087 1476344 1482206 1483748 1489269 1491075 1495126 1504458 1516381 1520690 1524785 1529512 1536670 1537856 1549950 1578090 1581322 1583315 1584555 1588184 1590005 1601918 1604578 1619894 1629616 1639506 1648976 1654333 1656699 1663887 1695065 1698889 1712901 1720086 1725635 1730813 1741298 1743622 1745142 1749134 1762078 1768322 1773383 1781588 1803762 1811920 1814061 1820441 1822843 1826822 1831415 1832326 1838421 1847111 1851820 1859770 1863971 1877156 1878564 1890957 1893439 1896003 1912858 1918683 1938002 1941261 1947285 1951773 1968530 1977942 1980272 2015593 2021310 2035731 2046751 2049519 2051615 2055448 2059639 2068475 2072263 2088462 2091608 2093561 2114434 2145071 2147292 2148929 2161879 2177009 2180071 2187078 2191322 2199721 2227328 2230162 2233002 2237421 2238696 2245640 2250102 2254096 2265977 2271822 2273065 2280764 2295561 2303297 2318012 2326028 2328577 2336487 2340599 2352346 2358340 2368342 2373783 2375765 2376729 2378183 2380617 2391832 2394765 2405367 2409010 2416712 2418807 2420535 2433328 2435388 2436866 2456215 2457242 2466482 2490170 2492165 2497496 2505734 2513884 2519914 2525066 2527443 2528956 2538050 2541819 2562378 2570140 2586763 2601015 2618762 2622533 2623477 2631749 2640326 2641444 2643178 2657355 2661645 2700152 2707284 2715037 2718416 2730893 2734203 2739593 2751847 2761567 2774065 2777380 2779783 2782208 2783467 2791838 2793266 2800427 2805236 2811989 2813822 2820468 2824068 2830533 2834203 2841530 2842639 2844768 2846922 2852669 2856496 2862120 2869108 2870248 2872072 2873517 2875029 2879221 2882682 2897900 2902947 2904360 2906879 2909359 2916479 2917315 2922056 2925021 2926635 2929484 2935478 2938197 2940033 2941218 2948415 2954088 2955091 2959357 2962416 2964364 2969585 2975256 2984587 3004123 3005546 3010586 3012062 3027708 3034778 3036495 3037602 3044323 3046960 3049920 3052627 3057220 3062336 3077177 3080393 3093715 3096478 3097733 3103332 3110205 3120678 3124209 3134049 3135439 3137320 3139292 3143734 3145517 3152575 3155020 3158568 3176477 3177471 3183681 3191462 3196808 3204144 3215561 3219960 3222561 3229865 3244836 3247842 3254469 3257952 3280773 3283227 3285941 3290698 3296445 3298282 3309453 3311299 3312323 3325396 3327613 3335663 3342620 3349267 3352255 3354812 3359109 3375252 3378212 3385893 3395539 3396785 3401912 3405028 3406084 3410014 3415256 3422846 3426980 3427859 3435203 3437797 3442381 3455021 3464894 3466090 3467303 3471345 3476444 3477757 3483687 3495461 3496888 3498092 3501722 3511843 3514465 3516753 3521144 3525470 3526698 3528686 3532893 3542188 3551817 3555609 3562367 3571673 3578634 3600968 3611997 3617852 3618756 3625607 3628360 3633534 3655309 3667118 3677968 3683598 3689344 3692530 3699023 3706061 3731253 3746114 3748303 3751368 3752500 3767713 3770415 3771487 3778335 3790442 3805833 3817598 3819535 3822717 3825351 3829428 3860471 3874905 3878229 3903345 3905095 3907410 3914719 3917235 3922697 3926672 3930330 3935046 3937908 3946252 3953107 3958021 3961302 3963625 3966060 3972669 3974965 3993199 4003975 4009397 4013804 4016167 4022564 4023647 4031638 4032548 4038475 4048116 4049598 4061639 4072221 4084369 4090639 4102356 4104398 4111337 4117553 4123507 4131173 4137131 4139045 4146161 4150806 4152177 4158427 4160306 4164221 4175164 4176310 4188865 4196247 4198602 4205105 4208181 4210577 4222422 4224881 4240115 4243076 4251829 4253411 4257177 4259910 4261265 4264356 4269339 4275798 4283014 4291862 4310280 4316496 4317436 4324063 4325084 4326339 4334209 4339593 4349148 4359679 4361531 4364872 4367016 4369653 4375549 4377357 4398355 4399478 4406331 4410634 4417881 4421055 4425687 4427813 4430933 4436333 4443667 4447819 4455074 4462218 4478274 4480178 4481855 4490025 4503390 4507536 4509476 4510324 4527442 4534311 4548563 4561791 4564603 4568978 4571098 4573535 4591037 4601971 4604510 4611682 4615332 4616522 4628005 4632581 4633525 4637936 4645069 4653617 4665024 4670457 4674206 4680074 4687325 4688478 4691984 4694212 4703382 4712329 4734507 4740659 4742460 4760373 4771118 4774100 4775405 4782344 4784954 4797923 4804844 4806426 4818584 4820061 4821803 4823623 4842326 4844017 4845760 4847004 4853607 4856385 4865729 4868172 4871200 4874598 4877772 4878589 4879570 4881524 4886329 4887510 4909493 4916225 4919091 4932978 4949672 4952188 4959689 4961516 4976420 4984647 4995565 5003589 5017094 5023925 5026009 5053135 5056769 5065265 5075418 5077039 5083198 5084158 5087149 5093248 5097660 5108001 5112218 5115783 5118425 5127467 5130500 5133792 5142903 5164085 5178862 5180669 5183630 5185030 5186949 5200877 5206126 5210361 5211347 5214733 5217406 5220172 5221777 5233673 5243715 5250400 5254748 5256222 5261477 5270720 5277228 5285030 5297807 5299794 5302925 5312545 5326629 5327591 5329502 5336924 5344718 5352859 5360134 5365977 5368853 5370615 5373756 5375885 5378526 5381274 5393991 5402115 5411293 5427079 5427957 5429855 5440405 5446898 5454029 5458583 5461315 5464069 5465179 5480455 5481868 5491848 5502695 5504030 5507253 5509412 5510501 5512775 5517087 5519482 5537402 5546399 5557811 5565072 5573710 5590549 5606154 5609006 5614293 5620475 5631440 5633915 5642345 5646172 5656966 5659412 5670896 5675676 5677548 5681496 5691676 5695839 5697512 5698898 5709149 5715520 5716565 5718730 5737944 5748273 5752716 5775910 5781206 5798136 5799874 5809925 5840157 5843684 5856226 5858527 5862456 5867591 5869227 5870806 5873180 5883665 5892232 5894037 5904349 5917320 5924570 5929450 5930623 5935568 5938130 5953752 5961674 5963416 5965196 5970653 5977357 5980040 5982049 5986055 6011554 6017522 6023002 6033830 6035475 6040057 6041365 6075740 6088869 6091926 6099980 6102551 6112587 6116285 6119207 6125061 6150368 6153319 6154390 6158768 6163593 6170242 6182659 6190020 6193380 6196617 6200108 6207736 6249245 6252319 6255063 6260483 6265922 6267676 6275987 6291374 6308005 6315868 6320265 6329932 6332936 6342173 6345126 6355645 6359896 6361770 6368161 6386243 6389174 6404450 6407985 6417149 6421339 6426547 6428758 6430134 6431336 6443206 6446613 6449962 6453665 6461650 6469098 6483444 6510320 6514874 6519913 6530252 6532065 6536907 6539676 6545040 6548338 6551808 6552823 6557382 6567839 6573136 6576461 6582867 6597617 6605007 6608700 6612167 6626775 6630312 6634168 6638277 6654067 6664477 6668386 6677256 6679172 6687512 6691725 6709643 6718985 6726100 6729008 6742665 6746885 6770475 6784024 6789315 6794595 6806831 6810172 6814586 6826801 6832271 6839880 6848561 6850124 6851407 6858733 6860496 6861598 6865709 6873373 6879339 6883104 6888510 6895138 6897439 6906255 6912018 6918465 6935967 6941035 6942453 6943398 6952447 6954149 6959111 6961735 6963870 6966727 6970654 6981784 6989468 6990445 7003176 7013851 7016457 7022757 7032250 7034289 7035594 7044096 7053801 7062043 7071718 7094237 7097888 7100512 7104902 7107462 7112584 7113488 7126998 7142277 7148781 7162581 7163910 7176607 7203367 7224062 7225144 7232929 7243618 7258652 7259972 7261633 7270370 7277104 7280635 7285188 7285994 7290030 7294034 7298546 7302338 7306527 7307746 7315484 7320211 7325925 7340913 7361404 7365680 7377597 7378596 7397747 7399298 7400883 7407064 7408914 7415512 7426294 7430764 7433414 7435280 7438448 7440373 7442162 7444537 7450122 7476471 7480650 7489613 7491201 7494050 7495793 7501018 7506365 7510622 7512918 7519468 7527852 7536637 7539722 7542898 7547611 7548965 7553930 7555689 7576612 7578157 7580339 7582313 7585462 7592067 7596697 7607389 7610674 7636492 7640124 7663046 7670476 7680280 7685829 7687287 7693369 7696123 7698708 7704538 7707946 7710407 7716666 7724777 7736047 7736988 7741265 7746355 7754355 7755680 7760553 7762542 7763838 7766894 7773777 7778085 7779616 7785083 7795825 7806294 7823594 7829840 7832218 7836501 7839052 7842307 7844903 7848609 7852513 7853946 7870530 7880205 7891276 7910440 7926457 7928304 7934113 7936426 7943555 7944802 7960094 7963219 7964851 7972947 7976080 7983401 7985032 7987141 7994255 7996287 8002523 8004469 8007239 8016158 8018016 8020490 8034067 8040723 8063297 8072094 8075667 8082395 8085780 8087580 8094869 8097558 8108570 8110909 8116915 8118532 8121890 8130194 8133232 8139391 8149519 8152963 8157107 8165368 8176263 8184338 8186893 8198135 8200502 8203656 8206833 8215439 8218732 8224462 8225556 8235120 8243337 8244769 8245839 8265030 8270715 8275898 8283454 8293961 8295235 8307368 8311495 8316118 8317694 8320186 8342291 8355456 8356370 8358623 8361277 8362745 8364414 8365472 8366677 8380334 8387494 8391304 8392283 8399618 8403369 8413232 8419784 8426207 8429121 8430158 8433262 8436347 8437862 8440260 8442006 8445680 8447400 8448895 8456158 8464585 8465811 8469118 8478909 8481438 8483041 8487868 8490667 8501637 8507162 8508212 8517941 8520564 8537019 8548055 8550176 8552290 8558471 8568420 8573019 8585966 8599726 8609747 8615594 8627401 8635857 8637886 8645525 8658730 8662493 8668152 8675154 8691452 8693180 8696294 8698375 8719572 8720792 8729972 8735445 8738768 8740503 8749768 8755507 8756831 8759062 8760217 8761396 8772966 8780028 8786544 8788661 8790120 8799760 8803101 8813282 8825944 8827519 8830273 8841715 8845190 8850292 8854914 8861701 8867227 8899894 8902663 8906662 8933473 8937364 8941110 8945593 8948587 8950661 8953403 8956927 8962579 8965916 8984495 8986743 8988876 8992590 9004323 9013082 9028068 9030534 9038328 9039667 9041508 9043133 9046286 9055866 9058726 9063534 9074362 9076946 9078411 9081951 9084750 9089383 9113787 9116159 9118333 9121143 9127067 9133132 9139326 9155238 9158392 9159703 9162111 9174360 9178066 9183358 9188619 9193751 9205020 9213794 9216156 9236954 9239272 9241432 9244919 9251616 9253588 9268098 9269915 9277818 9286221 9287519 9289558 9295556 9299673 9302232 9307803 9310709 9315091 9317118 9319115 9320815 9325620 9327528 9333809 9358110 9360436 9370314 9372312 9373750 9375404 9388704 9400514 9402200 9407107 9410292 9418466 9419920 9428575 9432042 9437517 9442627 9443619 9451263 9467427 9471473 9479347 9482091 9488222 9499221 9503144 9504668 9506997 9509352 9514224 9515565 9527025 9530078 9542296 9544809 9552337 9554566 9558037 9560732 9563479 9568457 9575468 9580732 9582670 9596440 9600661 9602340 9614602 9617491 9618895 9630573 9637015 9638028 9646503 9648028 9655141 9661911 9667735 9674813 9678465 9683994 9689354 9690712 9699223 9706854 9713807 9719157 9720560 9724403 9731623 9732632 9745281 9755732 9761004 9768333 9769535 9772292 9777528 9781675 9786705 9790999 9792679 9793722 9803064 9806991 9810902 9815031 9818927 9819825 9825999 9859528 9869393 9874434 9876025 9878050 9895670 9901120 9902971 9905245 9918308 9926527 9933822 9946822 9950672 9968303 9973597 9978133 9982408 9998331 
</Matrix>
<Matrix name="Neuron_887" type="complete" rows="1" columns="586" multiplier="1.0">
   59150 80261 86717 98246 102564 135861 184599 190422 204097 215745 226334 255258 301395 306347 321569 384449 385620 395305 406931 408997 415333 438467 458569 470673 481160 483817 504706 557861 561428 570303 577166 595379 600853 638972 643487 671896 682707 700173 706673 715666 719718 729379 734603 738919 743194 756152 771264 775152 781321 825327 834893 852473 879437 901878 927562 961482 962781 980071 994409 1016913 1022362 1026532 1041576 1045854 1050717 1057188 1076091 1092538 1097456 1104339 1112843 1175240 1186490 1200611 1227613 1234788 1250217 1263585 1265306 1278455 1296730 1313593 1325831 1357769 1359043 1360913 1372045 1373906 1388376 1397266 1406250 1414434 1421198 1430883 1444577 1457122 1461279 1477636 1513990 1525881 1549440 1567273 1570153 1572447 1581031 1586398 1590666 1593119 1670602 1674246 1693797 1730394 1767607 1782107 1796654 1803090 1808146 1815811 1824328 1849042 1858241 1939044 2023032 2029961 2047124 2093338 2110161 2115973 2124266 2129862 2150878 2170509 2176705 2178930 2200692 2213217 2220745 2225950 2232272 2263397 2265915 2267725 2308213 2345343 2352691 2390252 2397132 2426081 2463148 2474016 2482038 2525787 2529407 2533522 2539921 2541159 2544599 2559839 2566761 2606911 2617225 2622760 2677043 2694810 2703222 2707153 2715540 2720622 2736083 2748601 2771530 2778103 2783933 2791022 2813478 2833490 2842840 2857229 2990896 2999848 3112145 3119663 3132708 3136976 3149909 3151181 3173523 3180902 3185706 3198603 3209464 3218041 3225796 3244143 3248554 3300874 3319031 3324238 3347420 3348509 3358216 3360910 3375825 3377596 3388740 3403143 3410654 3481043 3542294 3554459 3559119 3562527 3576362 3592017 3599010 3603771 3626302 3683129 3697853 3703604 3713541 3728179 3742690 3749665 3773667 3781158 3787359 3804208 3808670 3849417 3858414 3878391 3882376 3884164 3886402 3894036 3925889 3929900 3955576 3970299 3977483 4014573 4018992 4020470 4030749 4053530 4062339 4082454 4084448 4117050 4145050 4155292 4159445 4172507 4187592 4203025 4205677 4226922 4228547 4235802 4237637 4246244 4259947 4262494 4269241 4274226 4284318 4314207 4318873 4338236 4355976 4365048 4405497 4435377 4512942 4515864 4530345 4543920 4556790 4589908 4607537 4635107 4642347 4643866 4687423 4698565 4712370 4713956 4718383 4723427 4794884 4815141 4834702 4869865 4880217 4889426 4894062 4896176 4940018 4947146 4973997 4983241 5015313 5035797 5043252 5055066 5091414 5100610 5109696 5141002 5157750 5161188 5214331 5230632 5238159 5239999 5241378 5257209 5282632 5299641 5304572 5312672 5377158 5399494 5413213 5423959 5426842 5442440 5464757 5477268 5486238 5512384 5543540 5580997 5613392 5625846 5685448 5688171 5691012 5715453 5764804 5801315 5809887 5841948 5866550 5909929 5929418 5955800 5965160 5975634 6002277 6018449 6025540 6027744 6030683 6034621 6051374 6056340 6062358 6090493 6102149 6115450 6120138 6128585 6131914 6169741 6171213 6176911 6196004 6198788 6222741 6231909 6288529 6313232 6354405 6370253 6401331 6417450 6426741 6446250 6452424 6456660 6474559 6486710 6502655 6514464 6516193 6528231 6555570 6556737 6562326 6564235 6568287 6587130 6623121 6625805 6639590 6650931 6666560 6683327 6715524 6724308 6738342 6760635 6776251 6783034 6785348 6786556 6815268 6863043 6880138 6886109 6898215 6899020 6912993 6917073 6971786 6981549 7066470 7079095 7084697 7102072 7103857 7118348 7127199 7144211 7163246 7257530 7278960 7282064 7296031 7312185 7344677 7363003 7368386 7384659 7406990 7416016 7468784 7528220 7578090 7592352 7593740 7607386 7642156 7660728 7718180 7730831 7768053 7780207 7786283 7791987 7845295 7875289 7892966 7907004 7972229 8040506 8047809 8054899 8056433 8066680 8072656 8075995 8084882 8102827 8116804 8148419 8153633 8169421 8173282 8176824 8190065 8198215 8205303 8217809 8238768 8241875 8296030 8306710 8319916 8326947 8328385 8353507 8356697 8358663 8366794 8374520 8380666 8393018 8398327 8407961 8470338 8479641 8492932 8501891 8526746 8535803 8541049 8546757 8556062 8565395 8570844 8582972 8587497 8613904 8617191 8619945 8634504 8657361 8682933 8719270 8727824 8756087 8779516 8790735 8799382 8830728 8870860 8877169 8884974 8889768 8917710 8960348 8979654 9003018 9007369 9008248 9015043 9028731 9036640 9042351 9063248 9083689 9091121 9144317 9153353 9171426 9172718 9176094 9184713 9195163 9208687 9246036 9251975 9258237 9267906 9270035 9294870 9297016 9373724 9400725 9418550 9429643 9433018 9461776 9475315 9500795 9506977 9520699 9522663 9526648 9533787 9536544 9560926 9612198 9628610 9677125 9687762 9691259 9708398 9740414 9774869 9787773 9789795 9794569 9815765 9862406 9889796 9890955 9894979 9918655 9927017 9945035 9962888 9988251 
</Matrix>
<Matrix name="Neuron_897" type="complete" rows="1" columns="385" multiplier="1.0">
   6236 22466 37332 50566 73853 118415 129698 143323 184499 188768 196149 231807 251634 282613 438308 444399 445801 451647 589587 603251 614090 640975 738260 789444 791637 803221 816919 823921 834394 843513 854397 861806 893859 930270 939756 998150 1009198 1018642 1021881 1025365 1033975 1042310 1046953 1079335 1082893 1096723 1109070 1113067 1115094 1123908 1146820 1168554 1174584 1222809 1238876 1251433 1257381 1278952 1298080 1344841 1372977 1403687 1414863 1435059 1438649 1445241 1460927 1513720 1515532 1539798 1555123 1616678 1720180 1767071 1773403 1794014 1803387 1804509 1848947 1894022 1912134 1918448 1924944 1947928 1959520 2021178 2028040 2048174 2053029 2069486 2075749 2117498 2124450 2140134 2156989 2166614 2199667 2225692 2279434 2283722 2304133 2325551 2326812 2349673 2368266 2376383 2406622 2464000 2472527 2493480 2538057 2552380 2637218 2671984 2688544 2712836 2762113 2790023 2885119 2912904 2992704 3107175 3125392 3156206 3158348 3204117 3229058 3243726 3263417 3286882 3289207 3305055 3311460 3321772 3334125 3339961 3399016 3412988 3465115 3481418 3513494 3561524 3578502 3581902 3607897 3644133 3710377 3725037 3755577 3783358 3811107 3835386 3840213 3849068 3884077 3922525 3942483 3964637 4011546 4018781 4046400 4089920 4108991 4122506 4177135 4268564 4283773 4325070 4364742 4377453 4382339 4401414 4414221 4440309 4487038 4504634 4563890 4565151 4578985 4599394 4647957 4712280 4801395 4822262 4849863 4856518 4918047 4925727 4930248 4966270 4978213 4985748 5053390 5077019 5165924 5197945 5203170 5235255 5252433 5266602 5310006 5317015 5330559 5335312 5406944 5407930 5411947 5414508 5487755 5532355 5554726 5601292 5606301 5623943 5628668 5638319 5648439 5651028 5656322 5667333 5694529 5770982 5815389 5838676 5840958 5855612 5881068 5883829 5918211 5962232 5997168 6018932 6065473 6084899 6103580 6122062 6155777 6193126 6221186 6238822 6254096 6274273 6327451 6330839 6438426 6446624 6464038 6477640 6485987 6494533 6553658 6567599 6576436 6592342 6633931 6637544 6684524 6700133 6745638 6749046 6767754 6815016 6825209 6827769 6836726 6884045 6900319 6908068 6933544 6937952 6942435 6950603 7042160 7094874 7105287 7132158 7141285 7150062 7170743 7204895 7209513 7222348 7227177 7232352 7237916 7245706 7320042 7336150 7344976 7349634 7356562 7359289 7382421 7392078 7420955 7445976 7458872 7494928 7498836 7506309 7520688 7529312 7541716 7614201 7638673 7647348 7650411 7670328 7746558 7758564 7828601 7870449 7904333 7925513 7945345 8079758 8111679 8117537 8127916 8170047 8207068 8226306 8270579 8276207 8301681 8305762 8323394 8353939 8379864 8383069 8418316 8420028 8488093 8498601 8562554 8608417 8615744 8670707 8684623 8730910 8751018 8756537 8766067 8773561 8789984 8815556 8855413 8902950 8936359 8981055 9059867 9069745 9110290 9118744 9121290 9148141 9156989 9254693 9285065 9297055 9315973 9329402 9339123 9377044 9389189 9446728 9468310 9475330 9497965 9528265 9533076 9543701 9625127 9634263 9635610 9663529 9665498 9673967 9691455 9695611 9697680 9708692 9718652 9731344 9844084 
</Matrix>
