<?xml version="1.0" standalone="no"?>
<Matrix name="Neuron_0" type="complete" rows="1" columns="5" multiplier="1.0">
   1965 3127 3780 4684 8630 
</Matrix>
