<?xml version="1.0" standalone="no"?>
<Matrix name="Neuron_7" type="complete" rows="1" columns="189" multiplier="1.0">
   5900 6942 10006 13371 22102 33480 39467 41921 69666 72287 80391 89924 102695 104216 126232 162426 188819 190770 216992 224176 228711 263599 266189 281997 289679 301599 303753 313720 400923 413436 421706 424662 428231 433405 439164 441456 455261 457397 459131 483597 485496 487347 490009 494432 529350 542803 543930 553938 601404 607568 635521 654816 665054 672395 682460 691026 699678 703218 708276 717120 729525 743501 768323 772559 775095 781454 785959 799428 806518 828899 837033 842480 855079 857773 860340 864284 866058 866876 872647 892532 941346 946687 952093 954553 959010 965326 976411 986483 991134 1003748 1006839 1013633 1015817 1048077 1049343 1059367 1062466 1091972 1094706 1108378 1109827 1119192 1126802 1151609 1161058 1182042 1184644 1185537 1197256 1203173 1211005 1231849 1232878 1240953 1262431 1278874 1305072 1307176 1313140 1314986 1326646 1332049 1334327 1341283 1344713 1352703 1355430 1362731 1363958 1383714 1394033 1402496 1425637 1431905 1438511 1440454 1455737 1463678 1468629 1482964 1496076 1498358 1510457 1513881 1524752 1559813 1572702 1576873 1582358 1632776 1637473 1664292 1684518 1685569 1687695 1691885 1701549 1704375 1746772 1753274 1761043 1771115 1785184 1790289 1800634 1815383 1824301 1838638 1847806 1850837 1857318 1871109 1878363 1882673 1896777 1907160 1909229 1914265 1918174 1928747 1933403 1942901 1948930 1952901 1966428 1986235 1990706 1995478 1998055 
</Matrix>
<Matrix name="Neuron_11" type="complete" rows="1" columns="65" multiplier="1.0">
   78486 100007 116938 135037 151070 172143 185912 208743 237621 271113 319009 328554 375626 389808 405778 412714 449222 455786 481245 497142 535570 570999 586659 662696 736420 759358 768481 782225 788267 813875 867696 875794 973312 979840 1056757 1163938 1177084 1191979 1194219 1196084 1272736 1291161 1304108 1311707 1347256 1463271 1474072 1503910 1565106 1581504 1631642 1638900 1642151 1680880 1697394 1788467 1801664 1809904 1845976 1902122 1927852 1942090 1948307 1960326 1998883 
</Matrix>
<Matrix name="Neuron_14" type="complete" rows="1" columns="370" multiplier="1.0">
   5261 7709 12654 16616 19831 25620 27290 28772 30435 41031 43686 45496 46559 49147 53031 60237 71471 74305 77255 80400 95512 100749 109075 116463 118598 122407 138333 140142 141758 148424 151342 168901 183717 191945 200477 229521 241643 246985 250932 271661 282921 284981 299260 301576 305577 309266 318903 324594 328740 333863 334801 336979 338784 342592 346164 347490 350540 351633 357209 359243 360971 364083 380724 394869 399950 402871 405166 409641 410533 414393 425814 427064 434052 441825 453581 454483 456722 458836 461070 465876 468254 471245 475192 480726 495225 497974 502399 504914 510148 512332 518697 525494 526776 529708 544476 551062 554451 558869 569209 570322 591579 602012 619190 622076 632479 638345 647549 649705 657598 662288 663983 667068 670367 682204 687215 698766 702585 706730 711596 714543 722293 725887 732113 733624 739355 740759 741983 747237 748368 761212 763995 766813 770447 773076 783211 785955 786780 790725 795385 810746 812154 818466 822111 829318 831086 833584 836136 849202 851247 853544 856346 863868 866738 867613 871820 880648 883409 885776 903560 905625 907658 909127 912563 917109 919507 927579 930082 931908 941689 945785 953760 957179 960006 961257 970483 973410 978879 983255 986268 992292 999917 1008396 1012203 1013489 1024906 1034604 1038822 1040480 1052167 1060669 1067028 1073333 1078567 1080627 1081805 1087745 1103682 1104991 1105812 1110662 1117419 1122279 1124378 1140997 1142958 1153113 1157298 1159485 1169067 1170193 1173369 1175315 1176377 1184847 1187332 1188507 1191737 1196555 1197445 1202383 1206025 1224785 1226137 1228840 1233359 1235474 1236872 1245625 1259541 1265302 1267045 1269585 1275415 1289633 1291431 1298875 1311056 1313254 1318845 1332169 1334643 1353706 1372539 1375285 1376528 1392844 1398883 1404893 1406467 1409522 1413671 1420491 1428870 1432278 1434638 1440939 1442470 1449717 1460047 1462207 1463391 1468170 1471533 1474346 1482805 1486602 1489151 1492025 1494739 1500948 1504460 1505954 1511798 1519594 1526115 1532077 1538022 1539772 1541870 1543609 1554918 1558037 1560563 1563760 1568702 1576459 1584966 1586231 1587872 1589120 1590819 1597242 1601263 1605886 1607274 1610799 1619751 1628197 1636827 1640222 1645671 1656467 1657648 1666642 1669621 1675277 1683201 1685709 1687985 1697414 1704494 1706933 1716555 1727191 1736289 1737449 1738867 1742664 1746514 1749407 1751741 1757411 1760579 1766380 1769909 1770843 1773330 1774095 1775858 1780008 1782397 1785506 1786893 1795123 1802548 1803547 1816917 1818560 1819989 1825868 1827126 1829416 1834627 1843949 1851639 1853572 1857399 1861957 1866457 1867828 1874040 1877108 1878831 1885798 1901205 1909280 1910773 1919139 1920221 1921560 1931598 1940429 1954629 1962582 1967620 1970282 1974284 1986106 1991309 1995173 
</Matrix>
<Matrix name="Neuron_37" type="complete" rows="1" columns="35" multiplier="1.0">
   57072 89746 256392 277171 310398 313404 319464 328320 388241 440309 520310 719596 757058 765668 797579 831504 841799 942868 1000908 1131756 1266878 1297988 1509370 1552342 1564850 1580546 1597616 1599290 1721974 1783790 1832987 1865246 1885670 1907153 1975005 
</Matrix>
<Matrix name="Neuron_41" type="complete" rows="1" columns="215" multiplier="1.0">
   28938 39077 42689 44929 58412 64366 74052 76918 80161 86104 89824 97103 102754 108353 110406 125856 162410 173350 179751 182987 186910 207484 209608 216490 218864 225270 239963 253989 260787 266136 269724 276585 283037 292207 294715 298537 301879 305497 310858 317327 322927 326229 332211 340412 342861 347522 360663 363414 374311 384159 395349 407902 410355 429333 441145 450498 458154 467971 475663 480956 515661 529930 531365 534003 540811 551108 579339 585602 589527 605855 632334 635146 643775 647797 699825 705937 718458 722955 728129 734043 741427 752300 791540 795099 797285 798728 800718 808262 831012 840542 848220 874187 892113 895354 897033 906486 908693 911736 923205 927170 931830 944848 948324 955701 956675 968121 972830 974406 1000970 1005506 1019619 1029353 1044434 1059418 1063951 1081873 1093630 1098910 1100373 1101108 1106412 1129293 1146603 1147921 1156328 1159616 1170083 1182473 1196322 1203390 1212223 1223073 1228419 1231851 1244663 1255730 1262104 1265601 1270432 1272668 1281243 1288969 1299361 1304494 1307555 1315113 1318959 1338350 1341444 1351629 1358923 1370556 1373247 1374540 1380661 1384959 1387068 1389254 1405279 1413579 1419846 1427356 1433790 1453712 1460864 1485486 1493072 1496593 1509161 1516484 1523540 1532650 1542844 1553926 1556693 1559850 1571445 1578841 1585779 1646061 1654939 1684093 1685852 1688629 1698765 1701653 1720524 1734255 1743462 1754061 1758689 1766878 1787971 1791574 1794417 1797809 1804335 1819046 1825566 1829408 1835756 1837389 1844485 1849226 1853960 1855750 1866225 1899275 1920065 1951452 1961233 1962592 1971452 1980673 1996299 
</Matrix>
<Matrix name="Neuron_44" type="complete" rows="1" columns="277" multiplier="1.0">
   21942 24067 30676 35503 39109 52312 53553 66857 68204 71017 76321 78712 87466 95833 99601 109677 114613 117544 119338 132427 138054 143270 150357 158933 164963 173002 174424 183694 186887 189155 190274 194910 201403 202473 206537 213899 228928 233531 236685 252385 258933 265050 266379 271071 272217 277308 285956 299548 303424 307885 315014 318139 321479 325758 338510 343757 345863 347669 365354 369061 375276 393842 398359 411379 428972 431139 436949 439994 444662 452918 487321 495899 498998 502010 518240 527720 544213 550986 563731 566074 568905 579712 582720 623408 627087 637560 653764 658740 661817 683006 687188 694077 741875 746192 747809 751545 774802 783987 785499 792807 798958 814809 818277 826590 827964 831074 840808 845885 847441 854626 856275 873481 880636 891219 898147 902243 931185 936820 951583 952924 959760 968227 973527 984641 991344 1001332 1005416 1007075 1014957 1018117 1024422 1037926 1058955 1063460 1068177 1070180 1071854 1080561 1086799 1088506 1092658 1098150 1099382 1101044 1115109 1116517 1131349 1136989 1146689 1152927 1156721 1166985 1168426 1172032 1176709 1184304 1186973 1192073 1198249 1202757 1211039 1217583 1224841 1231072 1237968 1240050 1244455 1254193 1259947 1263121 1264813 1267928 1272399 1275031 1297855 1300223 1310245 1317366 1325995 1327490 1349001 1352444 1358266 1362569 1367453 1380927 1383951 1393593 1401480 1404112 1407928 1417505 1422645 1424159 1435618 1441773 1454134 1457542 1460738 1463090 1472065 1487875 1517796 1519213 1521989 1546773 1556198 1562811 1573510 1609408 1615426 1617504 1621507 1624641 1630294 1640288 1643264 1644746 1659695 1674993 1677947 1684444 1688590 1692916 1694503 1696690 1700431 1702191 1705471 1709058 1714183 1720223 1721454 1724323 1728136 1742803 1744581 1746325 1749182 1751414 1752393 1766681 1773329 1781792 1799806 1806373 1812360 1814664 1827244 1828533 1836105 1838600 1840979 1848792 1853880 1855657 1864999 1866479 1877919 1879702 1885915 1887194 1901033 1907633 1911379 1918403 1929560 1931884 1933831 1940660 1944711 1949147 1957232 1958101 1980547 1982077 1993972 
</Matrix>
<Matrix name="Neuron_67" type="complete" rows="1" columns="448" multiplier="1.0">
   1611 8413 13275 15451 19322 23085 24890 29711 33306 45827 49887 51295 53009 54935 56943 60531 62859 65675 69570 72211 74985 81211 82804 85207 87455 90933 92495 98682 107554 115269 116826 120492 122455 130386 132229 134708 141253 147423 149068 156490 158588 163903 167668 169617 171811 174424 175946 178047 179248 184349 186009 187713 195563 203881 207684 211378 214927 217233 222759 226221 227880 232010 235114 236932 239141 242286 243487 254165 256376 260139 261261 262666 264865 267468 271069 273144 275617 279536 284627 285982 289852 294039 296739 299388 304531 307932 313336 314060 315055 317766 319126 321711 323092 323976 325452 336739 337904 341134 343065 343897 344995 345892 353889 356436 359530 361628 363252 363911 367225 371360 381424 383889 385617 388650 394449 403015 412681 418171 422424 426827 429325 432104 436615 437810 441011 441898 444240 447215 454652 462486 473498 479046 484861 486224 494619 497277 509427 519041 523357 524474 530299 542169 555396 558397 560476 561737 563472 570831 580704 584318 588878 589961 594573 595903 596804 606679 611277 617279 618262 627382 636841 640038 654573 657649 658716 664738 667999 668896 669756 676968 678825 686018 692312 694244 696257 703731 705292 707130 710064 711211 714894 717257 720015 721671 723589 726477 735497 736660 737375 759279 761460 764713 771865 776029 777806 781254 783910 787798 790414 795430 797676 799153 801408 805839 811552 814481 819476 820531 823825 825076 826755 833041 834154 841266 848322 849373 855918 859087 863536 866208 870654 874524 881749 882965 885229 886749 896833 906661 910664 911688 914093 916026 921364 934280 944037 949326 954145 965466 968157 969952 978888 980003 981689 987820 994907 996525 1013265 1020678 1021633 1023715 1024866 1028389 1034761 1041438 1042313 1047927 1049104 1058554 1062123 1063663 1064617 1078540 1086924 1092360 1093982 1100202 1120554 1126196 1126965 1136812 1144985 1151090 1153935 1156811 1159660 1162374 1171663 1181249 1183615 1185466 1189891 1193694 1197698 1201062 1204768 1207735 1211950 1213519 1216569 1221546 1233251 1234737 1241846 1243395 1246331 1249155 1254597 1256348 1260840 1262908 1264179 1265622 1267968 1271515 1274645 1284015 1285426 1289603 1299687 1313795 1316016 1319013 1323482 1328044 1329288 1335818 1345951 1351074 1353579 1358651 1362574 1365125 1368291 1380781 1391917 1393902 1395997 1400096 1404884 1406622 1418599 1426272 1435826 1439963 1443483 1449495 1450958 1458786 1464907 1476747 1490068 1492838 1496720 1500735 1506499 1511232 1515356 1533918 1539945 1543783 1544888 1550324 1555451 1567116 1569921 1575223 1580156 1584723 1592234 1599639 1601235 1617156 1619507 1633242 1635888 1637931 1639164 1640674 1642852 1649839 1658055 1660573 1661357 1668008 1681517 1684553 1690858 1692872 1697255 1705048 1706320 1712654 1716807 1717491 1718883 1721109 1727827 1729251 1733739 1737663 1742336 1744932 1749619 1751869 1756570 1760005 1761268 1763781 1770848 1775877 1781206 1786210 1787540 1788855 1795428 1800935 1805379 1812168 1822769 1823783 1831951 1833362 1835075 1838926 1840573 1844716 1855061 1858211 1863072 1863811 1868550 1869617 1876452 1878161 1884021 1887078 1890795 1892178 1900615 1910676 1911915 1915760 1921345 1928398 1931543 1934485 1938526 1950717 1951682 1962711 1963920 1964931 1970982 1974177 1990699 1992165 1994862 1998349 
</Matrix>
<Matrix name="Neuron_71" type="complete" rows="1" columns="48" multiplier="1.0">
   28094 41019 190761 193391 199116 212720 289781 341138 488077 530396 561617 647711 672806 689066 750633 813718 903397 1011337 1036914 1049749 1057776 1101940 1186348 1204390 1214549 1228036 1291340 1304535 1340906 1342894 1455223 1467363 1537927 1540700 1562610 1575851 1582834 1596807 1604185 1641915 1671234 1743635 1808199 1823187 1861405 1877316 1879206 1982314 
</Matrix>
<Matrix name="Neuron_74" type="complete" rows="1" columns="580" multiplier="1.0">
   1391 4387 7373 14234 15850 18816 24463 28051 40741 42679 44413 47657 53895 55148 58229 60889 62080 63598 64831 68976 70522 70990 73975 77774 79675 85038 89828 93642 97768 99112 103180 105295 116474 118786 123459 130782 132936 134262 137969 149350 152549 153678 155363 161192 162146 167142 170557 172113 174395 187966 189555 192201 195336 198036 199650 201217 202311 211831 214541 216826 219475 223589 233546 234616 236085 239286 246475 249661 263388 270803 274485 275150 277430 280434 282300 285788 287166 289338 292307 292872 295457 300178 306372 307331 311943 314473 315382 318263 323985 325063 331681 335183 336996 338830 340573 345531 352582 354165 355252 370076 371597 379108 380909 384077 385197 387634 389260 400733 401866 404227 407118 413704 416815 421323 423285 427084 429886 434413 435423 446576 449987 452498 454957 458042 461756 476166 477624 479547 482515 485235 490247 497212 498534 500292 501499 508069 512573 514220 521885 523205 524632 525722 527255 529427 530474 531478 533134 534066 535868 541632 543183 545248 548427 551346 552770 555967 558880 559772 563019 564142 565933 573073 575954 577001 579991 581161 590608 592925 595259 597605 601765 604233 609495 610681 615125 616965 620859 626161 630561 633968 645530 646687 648467 649901 651957 655481 663443 665200 667233 674897 678556 682301 684894 688860 690422 696671 702054 705260 706834 710178 715306 724399 729585 731973 736097 738055 741255 746084 749996 755214 760382 762841 764603 765942 769170 771606 773879 776992 784912 795347 796647 798035 799248 803125 804944 807429 811350 814158 816621 818694 819451 823604 826775 831596 841536 843883 846977 849724 851436 854579 856632 857546 859382 862452 863520 873391 874972 876680 879527 881523 883190 888638 896687 898194 900527 902362 903706 908165 916204 920428 921845 923025 930105 931704 936497 937181 938562 940804 944241 951999 955912 959908 961865 965790 968322 971006 974773 978873 980868 986287 986926 990853 992315 995802 1002989 1006289 1008309 1014060 1016050 1016840 1024238 1025239 1028454 1032194 1033338 1035590 1040962 1047185 1049036 1051846 1053193 1062178 1065293 1068443 1070626 1075683 1077573 1080692 1081852 1092889 1096075 1098246 1100918 1101889 1102657 1103784 1105359 1112282 1113829 1119242 1124179 1126421 1131043 1135077 1136166 1137413 1139305 1143617 1146381 1147269 1148746 1151331 1155876 1158768 1161647 1163164 1165493 1168308 1171428 1173190 1175400 1176910 1179939 1183854 1184867 1186604 1188799 1192599 1194287 1196886 1198885 1201420 1203081 1205391 1207596 1213007 1214351 1216495 1221016 1223724 1224984 1226935 1229408 1233432 1237178 1245335 1246638 1248057 1249638 1250663 1251952 1259038 1260027 1263034 1265118 1266789 1270732 1279415 1281301 1289617 1291864 1296338 1299914 1304026 1307211 1313947 1314597 1317530 1319165 1323876 1326409 1331202 1335372 1336921 1340514 1342645 1345415 1351985 1358454 1360656 1362056 1365541 1367310 1373677 1377348 1378844 1380789 1383718 1385039 1388425 1400871 1402105 1404275 1406219 1411711 1413894 1414967 1417338 1418187 1426175 1429712 1431013 1433005 1434437 1439255 1440841 1444996 1447590 1448806 1456236 1461497 1462721 1470477 1473723 1475444 1476964 1479996 1481191 1482593 1486050 1489112 1490824 1491612 1496752 1500981 1503134 1512486 1518715 1521622 1522526 1524138 1527970 1538079 1539944 1544228 1549314 1553548 1560899 1561739 1564716 1567626 1568971 1572183 1573653 1574895 1577391 1580533 1583012 1585695 1589401 1590499 1592436 1596757 1607718 1608792 1610904 1612261 1620826 1623861 1627081 1631313 1633553 1638447 1641325 1645493 1647292 1650636 1657560 1666927 1673683 1675006 1676604 1687296 1689420 1692835 1695170 1696747 1698043 1700468 1701427 1702688 1704116 1706276 1713381 1714787 1715886 1717624 1719168 1721900 1727178 1736460 1738643 1741822 1751657 1753980 1758147 1768068 1769547 1770722 1772796 1774485 1781049 1782758 1784621 1785389 1791205 1797439 1798836 1805429 1808689 1809820 1812615 1816726 1819356 1827265 1829279 1833493 1842561 1845714 1854935 1856833 1860422 1862508 1864068 1867621 1870874 1872424 1874175 1875341 1877197 1878740 1880741 1886237 1894495 1896375 1898600 1899664 1902775 1904182 1905865 1908407 1921676 1923280 1927322 1935243 1937840 1940994 1946358 1956670 1957606 1958811 1962132 1963211 1969877 1976150 1983844 1990317 1993026 1994215 1997823 
</Matrix>
<Matrix name="Neuron_97" type="complete" rows="1" columns="461" multiplier="1.0">
   6925 11895 23135 26958 28608 29677 32018 40441 42046 43676 48263 50419 63421 68243 70177 79936 83117 89870 91824 98695 99525 109044 111981 113415 116004 117654 127890 129016 129973 132523 139506 144408 145703 150069 154906 155673 158397 161765 163873 165357 169303 170739 172134 180880 187211 189009 192370 207689 209061 212267 213576 214299 215485 218177 225920 228512 230045 234331 235699 240862 249678 250330 261910 262960 274914 275869 277068 284747 288198 291209 295394 297102 299317 303818 307141 310830 321092 323346 331187 335973 337240 340816 344446 346017 354888 355667 360649 362708 367514 371648 373962 384712 385713 387327 390441 392820 393971 396422 398945 403946 405550 410523 415053 418661 425759 426937 431569 433080 435992 437133 442007 442881 444861 446281 454374 456024 461522 462769 469350 470493 476731 477621 480565 484666 485560 486744 501667 502493 503515 506033 510450 512437 537579 541110 542697 547301 549674 550891 559030 563015 565444 566245 579604 580941 585461 587641 588812 591926 593010 594775 599659 600770 605473 621442 625914 630809 641377 643338 649259 650735 656517 658593 661980 664764 670772 688459 691260 694551 696519 698021 698962 704534 716309 717368 724661 725449 727407 731837 743579 744834 750461 755039 757057 762162 765245 771860 784270 789483 792678 794650 802116 803926 804901 806698 812626 814881 818960 820109 821853 826645 828550 834800 835763 839650 843354 845563 848280 851553 861078 867990 868975 871074 872735 877571 879054 879972 885136 886093 887341 888645 891595 893672 896682 899635 904938 906459 907336 910879 917702 919880 928354 934949 940695 942286 945291 948757 951666 958723 959336 960737 964018 976866 977745 992219 998616 999856 1003107 1004931 1007228 1010925 1016303 1027383 1033119 1034831 1037546 1040471 1042808 1046062 1050411 1055549 1058651 1063854 1069076 1081942 1084670 1086164 1087881 1091769 1096483 1104023 1105760 1112594 1122631 1126305 1134335 1136725 1144429 1149801 1153490 1156413 1169021 1174155 1178808 1182455 1187361 1189731 1194275 1203357 1208622 1212920 1213991 1215285 1224055 1227597 1232299 1233810 1238555 1245244 1246725 1248002 1251138 1259187 1282114 1286691 1290574 1294042 1295944 1300147 1304932 1309355 1311298 1313731 1321510 1323067 1333498 1336896 1340230 1343611 1360049 1363508 1372325 1384042 1386778 1387698 1396244 1397772 1404774 1417680 1427198 1430380 1431736 1436891 1437957 1461060 1474606 1485883 1490790 1492799 1494114 1496484 1500142 1503454 1509760 1510817 1514006 1516678 1522539 1525221 1527852 1528852 1532081 1542211 1545063 1547803 1551354 1552446 1556420 1558650 1566713 1570833 1577658 1589216 1593041 1598536 1600018 1601179 1608265 1612088 1618612 1620322 1621354 1623108 1625294 1630176 1631685 1633916 1637268 1641107 1642249 1648013 1650674 1651279 1652882 1654957 1666893 1667711 1669266 1673212 1674439 1682685 1684441 1685609 1691332 1695385 1702494 1705993 1707320 1712208 1714708 1718529 1722865 1725621 1727544 1730176 1731757 1740402 1742414 1744063 1747917 1757409 1764841 1771715 1779835 1783591 1793923 1794922 1796149 1804855 1806365 1810287 1814984 1817257 1818214 1828159 1830445 1837904 1841956 1845127 1848885 1851486 1852251 1854592 1856461 1859622 1861655 1867729 1879277 1885595 1887799 1894019 1896579 1898154 1899548 1915530 1922930 1928036 1932691 1934688 1942243 1956083 1961547 1963701 1970321 1973283 1974668 1980215 1982311 1984585 1987377 1991859 1993244 
</Matrix>
