<?xml version="1.0" standalone="no"?>
<Matrix name="Neuron_7" type="complete" rows="1" columns="989" multiplier="1.0">
   5900 6942 10006 13371 22102 33480 39467 41921 69666 72287 80391 89924 102695 104216 126232 162426 188819 190770 216992 224176 228711 263599 266189 281997 289679 301599 303753 313720 400923 413436 421706 424662 428231 433405 439164 441456 455261 457397 459131 483597 485496 487347 490009 494432 529350 542803 543930 553938 601404 607568 635521 654816 665054 672395 682460 691026 699678 703218 708276 717120 729525 743501 768323 772559 775095 781454 785959 799428 806518 828899 837033 842480 855079 857773 860340 864284 866058 866876 872647 892532 941346 946687 952093 954553 959010 965326 976411 986483 991134 1003748 1006839 1013633 1015817 1048077 1049343 1059367 1062466 1091972 1094706 1108378 1109827 1119192 1126802 1151609 1161058 1182042 1184644 1185537 1197256 1203173 1211005 1231849 1232878 1240953 1262431 1278874 1305072 1307176 1313140 1314986 1326646 1332049 1334327 1341283 1344713 1352703 1355430 1362731 1363958 1383714 1394033 1402496 1425637 1431905 1438511 1440454 1455737 1463678 1468629 1482964 1496076 1498358 1510457 1513881 1524752 1559813 1572702 1576873 1582358 1632776 1637473 1664292 1684518 1685569 1687695 1691885 1701549 1704375 1746772 1753274 1761043 1771115 1785184 1790289 1800634 1815383 1824301 1838638 1847806 1850837 1857318 1871109 1878363 1882673 1896777 1907160 1909229 1914265 1918174 1928747 1933403 1942901 1948930 1952901 1966428 1986235 1990706 1995478 1998055 2006399 2007352 2012537 2032502 2041701 2054106 2059971 2062418 2069168 2074687 2086245 2095184 2102125 2145865 2151791 2158941 2164839 2192554 2194744 2201882 2205813 2215723 2239819 2263722 2266209 2274891 2277185 2289902 2294071 2315220 2317667 2321246 2327797 2329886 2341678 2343069 2346160 2362705 2382747 2399971 2402464 2407154 2422905 2432144 2437531 2459666 2463520 2471993 2476732 2484943 2493220 2533621 2544571 2560911 2568082 2589691 2592888 2597723 2609601 2625210 2634283 2642005 2644048 2656297 2658364 2680574 2684370 2702625 2705431 2709916 2712729 2727302 2736637 2747659 2758565 2777603 2799048 2826967 2834509 2849488 2859920 2872446 2912920 2929213 2939680 2943673 2945874 2950543 2957079 2960040 2964687 2972957 2976235 2980990 2984062 3015087 3024203 3039355 3046537 3058995 3078187 3097224 3103066 3107029 3111498 3113311 3118070 3127024 3128959 3130666 3141465 3153492 3155503 3160385 3179196 3191685 3198554 3201886 3207529 3216496 3224243 3229498 3237842 3252681 3254862 3266142 3288443 3291877 3309365 3314324 3320175 3321779 3329861 3336485 3354226 3359246 3365913 3377298 3385186 3387391 3395580 3404077 3408420 3410892 3417728 3418686 3438402 3447163 3456287 3465286 3482699 3484030 3487748 3491028 3498181 3514162 3524990 3529557 3555119 3569089 3572399 3583947 3586553 3591179 3594748 3605715 3627086 3628553 3635697 3664230 3668047 3670358 3671529 3680829 3693366 3702825 3707606 3709529 3721512 3725587 3733423 3756337 3767697 3779090 3790850 3794981 3814545 3837378 3840212 3842733 3848813 3850682 3853602 3859158 3872567 3881660 3885510 3896181 3907512 3909851 3929131 3969536 3981310 4013939 4018215 4028782 4032098 4035070 4048899 4051620 4057223 4059103 4063602 4065210 4087345 4091944 4113947 4119088 4127133 4130147 4147477 4148653 4150840 4165505 4167311 4186499 4188505 4233430 4245259 4299076 4305794 4311121 4321551 4340908 4348254 4350816 4362478 4368383 4382647 4387783 4389597 4401324 4419730 4423479 4426190 4434555 4446350 4481585 4483981 4493225 4502533 4504502 4506640 4522114 4523628 4528710 4535615 4543372 4575623 4583027 4585916 4595915 4598849 4611538 4630912 4646408 4657779 4663068 4684639 4692283 4699091 4702720 4705372 4710651 4716571 4719548 4722998 4770028 4772793 4773625 4779361 4799050 4813891 4815841 4830891 4833873 4840033 4853428 4861105 4871200 4879525 4901077 4904213 4911477 4917064 4920012 4934365 4945971 4948314 4951662 4956754 4967786 4978944 5003460 5004958 5016446 5022184 5030814 5038730 5061156 5068040 5071457 5072936 5078145 5081364 5089041 5097460 5103034 5112595 5118689 5121183 5143806 5160638 5165257 5182598 5185458 5189236 5193726 5196372 5207983 5209857 5212133 5237691 5288111 5297043 5299308 5317390 5320642 5327556 5346019 5364973 5368182 5390294 5393425 5411364 5413782 5425174 5436377 5438573 5440846 5458317 5464825 5467963 5469298 5479692 5491951 5500014 5503347 5524167 5536161 5545447 5547163 5551138 5562487 5569837 5571829 5576592 5577911 5590208 5592890 5594142 5607023 5613788 5617201 5619450 5626000 5628908 5647982 5674743 5687951 5723754 5738234 5768274 5786718 5809095 5822588 5873784 5894803 5897468 5906868 5908241 5909754 5911020 5912832 5930118 5935797 5939517 5964224 5971236 5974938 5979793 5994683 6003888 6006800 6014658 6018941 6020793 6023844 6036358 6049278 6056687 6061197 6067925 6075430 6083830 6108268 6114839 6127929 6129577 6131055 6135104 6140219 6145136 6174474 6186896 6200757 6210610 6231801 6240346 6267576 6305104 6311060 6315543 6318989 6321580 6328994 6334188 6337168 6339023 6344065 6369625 6384787 6394815 6400444 6405067 6425092 6427698 6435312 6439552 6449946 6459580 6473529 6479457 6480483 6487261 6490473 6496659 6499956 6506719 6517956 6522749 6533553 6536938 6588552 6612439 6618299 6628419 6629891 6633775 6644635 6669996 6675826 6681388 6712906 6716888 6731940 6744874 6758972 6775979 6779495 6781910 6784708 6805079 6829669 6846996 6853742 6857473 6860806 6866380 6905911 6909190 6910968 6939768 6951793 6961926 6962885 6973386 6975642 6979130 6982305 6985049 6987676 7016175 7018942 7020617 7047702 7050899 7067457 7073019 7078288 7093760 7102643 7105859 7108747 7124138 7152470 7164586 7170370 7173887 7180037 7187509 7198037 7198742 7203558 7210659 7214163 7219576 7222509 7227284 7230154 7233074 7249456 7252406 7265887 7267319 7276374 7289707 7299853 7308624 7327283 7353109 7365365 7378097 7383092 7392796 7397024 7401826 7410150 7414290 7416379 7428889 7443949 7458239 7480261 7486666 7494358 7517202 7520299 7526614 7533975 7535991 7544737 7548695 7563342 7565328 7574859 7575787 7580012 7595411 7608945 7613357 7616890 7631758 7638075 7675478 7682124 7710913 7717937 7720127 7723141 7724039 7727086 7728809 7772812 7781768 7807057 7809227 7814151 7815704 7839237 7844997 7848447 7850259 7870387 7886603 7895950 7905421 7919472 7929932 7935141 7939744 7949870 7971067 7983593 8024336 8030662 8038727 8040261 8048972 8065630 8071182 8077176 8102868 8114820 8131908 8135809 8137861 8139080 8155778 8172002 8176082 8197285 8201225 8212951 8214820 8225259 8238552 8243500 8250802 8267041 8279011 8318603 8322483 8323826 8326404 8345496 8393536 8403481 8414639 8426842 8442939 8445660 8448888 8451750 8459627 8476310 8483577 8484585 8493550 8524777 8530681 8537830 8549410 8553779 8566996 8581891 8596641 8605873 8608854 8615169 8626659 8644808 8665878 8676153 8693727 8696640 8698593 8702982 8724351 8725683 8736283 8750035 8752197 8763186 8765153 8774252 8781397 8793011 8803012 8806074 8813007 8816651 8833881 8840114 8857338 8868758 8882938 8886226 8904648 8908559 8924430 8926428 8946748 8952690 8967833 8970295 8978711 8986380 8999070 9001492 9007073 9023681 9026074 9027321 9031740 9048152 9068223 9071131 9092245 9093858 9102032 9110069 9121959 9126816 9134356 9147899 9151557 9154662 9163388 9172218 9174493 9175753 9192648 9203099 9207031 9246250 9275352 9292428 9308540 9310139 9326293 9337862 9343163 9349914 9351018 9356892 9369886 9374699 9378348 9387188 9401080 9402317 9407061 9411007 9421147 9477037 9493276 9515631 9517475 9524438 9527510 9563092 9570779 9584917 9600824 9616061 9619578 9625567 9632252 9648810 9654761 9664587 9667867 9683355 9696148 9703700 9704592 9706061 9708379 9709330 9710637 9731952 9742833 9758004 9767078 9801391 9810118 9812673 9816907 9827838 9833395 9856681 9865860 9880740 9890847 9895895 9900565 9910077 9914730 9916016 9917634 9932733 9936263 9955114 9957092 9960740 9969475 9991178 9995224 9998618 
</Matrix>
<Matrix name="Neuron_11" type="complete" rows="1" columns="328" multiplier="1.0">
   78486 100007 116938 135037 151070 172143 185912 208743 237621 271113 319009 328554 375626 389808 405778 412714 449222 455786 481245 497142 535570 570999 586659 662696 736420 759358 768481 782225 788267 813875 867696 875794 973312 979840 1056757 1163938 1177084 1191979 1194219 1196084 1272736 1291161 1304108 1311707 1347256 1463271 1474072 1503910 1565106 1581504 1631642 1638900 1642151 1680880 1697394 1788467 1801664 1809904 1845976 1902122 1927852 1942090 1948307 1960326 1998883 2017022 2020562 2079787 2099626 2148832 2168837 2214885 2236686 2269013 2276133 2353618 2402054 2499956 2532302 2537001 2542348 2638027 2653295 2660499 2682792 2687504 2696773 2704515 2800412 2833081 2834699 2839187 2840922 2971172 3081587 3101608 3126238 3137028 3150962 3163502 3183075 3186449 3237474 3320566 3368611 3385066 3438694 3476853 3498003 3544095 3555857 3617622 3636033 3645342 3658278 3702357 3711626 3786413 3793816 3820433 3837777 3851715 3855499 3910405 3923712 3944892 3950688 3955702 4018471 4060718 4093984 4097449 4157876 4179275 4189012 4230281 4241117 4248997 4271759 4280931 4307461 4430399 4487333 4515703 4540832 4583861 4606877 4610086 4617790 4691365 4697645 4721658 4748965 4779572 4782678 4868782 4893480 4895965 4929791 4959344 4995099 5000252 5012959 5104637 5165070 5234082 5245621 5255899 5264957 5293240 5319055 5324087 5353017 5373231 5378078 5428228 5469323 5481571 5502789 5533236 5589721 5602798 5622682 5662541 5707897 5733964 5743813 5745959 5774035 5785780 5818034 5841299 5874288 5956555 5996959 6012878 6078940 6139235 6188701 6225130 6230462 6240159 6266196 6280767 6294279 6305681 6310043 6316152 6335788 6429256 6434258 6448281 6588725 6638571 6681296 6692469 6721621 6743709 6779090 6793814 6797552 6822612 6872660 6922091 6930887 6972696 6984743 7003468 7027287 7035411 7060371 7142564 7172684 7237400 7247192 7286513 7310637 7318852 7352301 7436775 7452418 7459134 7468034 7514184 7517632 7520124 7530617 7616577 7620041 7651297 7670124 7682594 7690816 7718642 7744573 7763125 7800515 7833279 7869399 7889201 7921040 7955141 8032289 8046967 8055913 8084826 8093083 8097938 8127514 8137369 8156583 8246635 8305265 8316872 8357301 8406028 8442825 8476961 8493817 8539582 8559892 8608338 8690693 8724859 8727698 8734848 8752769 8814667 8844586 8874518 8877026 8884288 8909883 8956286 8969912 8979467 9031923 9095647 9112270 9114780 9124952 9150018 9195557 9223886 9266726 9276760 9278030 9282029 9288599 9316583 9383687 9463698 9502599 9506500 9528994 9530408 9615378 9629363 9665862 9676297 9692788 9771234 9814018 9819311 9876535 9918476 9988842 9995201 
</Matrix>
<Matrix name="Neuron_14" type="complete" rows="1" columns="1824" multiplier="1.0">
   5261 7709 12654 16616 19831 25620 27290 28772 30435 41031 43686 45496 46559 49147 53031 60237 71471 74305 77255 80400 95512 100749 109075 116463 118598 122407 138333 140142 141758 148424 151342 168901 183717 191945 200477 229521 241643 246985 250932 271661 282921 284981 299260 301576 305577 309266 318903 324594 328740 333863 334801 336979 338784 342592 346164 347490 350540 351633 357209 359243 360971 364083 380724 394869 399950 402871 405166 409641 410533 414393 425814 427064 434052 441825 453581 454483 456722 458836 461070 465876 468254 471245 475192 480726 495225 497974 502399 504914 510148 512332 518697 525494 526776 529708 544476 551062 554451 558869 569209 570322 591579 602012 619190 622076 632479 638345 647549 649705 657598 662288 663983 667068 670367 682204 687215 698766 702585 706730 711596 714543 722293 725887 732113 733624 739355 740759 741983 747237 748368 761212 763995 766813 770447 773076 783211 785955 786780 790725 795385 810746 812154 818466 822111 829318 831086 833584 836136 849202 851247 853544 856346 863868 866738 867613 871820 880648 883409 885776 903560 905625 907658 909127 912563 917109 919507 927579 930082 931908 941689 945785 953760 957179 960006 961257 970483 973410 978879 983255 986268 992292 999917 1008396 1012203 1013489 1024906 1034604 1038822 1040480 1052167 1060669 1067028 1073333 1078567 1080627 1081805 1087745 1103682 1104991 1105812 1110662 1117419 1122279 1124378 1140997 1142958 1153113 1157298 1159485 1169067 1170193 1173369 1175315 1176377 1184847 1187332 1188507 1191737 1196555 1197445 1202383 1206025 1224785 1226137 1228840 1233359 1235474 1236872 1245625 1259541 1265302 1267045 1269585 1275415 1289633 1291431 1298875 1311056 1313254 1318845 1332169 1334643 1353706 1372539 1375285 1376528 1392844 1398883 1404893 1406467 1409522 1413671 1420491 1428870 1432278 1434638 1440939 1442470 1449717 1460047 1462207 1463391 1468170 1471533 1474346 1482805 1486602 1489151 1492025 1494739 1500948 1504460 1505954 1511798 1519594 1526115 1532077 1538022 1539772 1541870 1543609 1554918 1558037 1560563 1563760 1568702 1576459 1584966 1586231 1587872 1589120 1590819 1597242 1601263 1605886 1607274 1610799 1619751 1628197 1636827 1640222 1645671 1656467 1657648 1666642 1669621 1675277 1683201 1685709 1687985 1697414 1704494 1706933 1716555 1727191 1736289 1737449 1738867 1742664 1746514 1749407 1751741 1757411 1760579 1766380 1769909 1770843 1773330 1774095 1775858 1780008 1782397 1785506 1786893 1795123 1802548 1803547 1816917 1818560 1819989 1825868 1827126 1829416 1834627 1843949 1851639 1853572 1857399 1861957 1866457 1867828 1874040 1877108 1878831 1885798 1901205 1909280 1910773 1919139 1920221 1921560 1931598 1940429 1954629 1962582 1967620 1970282 1974284 1986106 1991309 1995173 2001475 2008074 2009515 2013414 2019259 2021202 2035471 2036786 2039613 2041817 2048546 2052411 2059531 2064505 2071382 2074333 2075878 2077856 2081585 2084736 2087184 2095337 2105942 2106771 2110539 2113510 2114945 2121117 2123026 2125460 2126397 2137146 2144392 2147252 2155736 2157842 2165587 2170258 2179110 2190089 2191144 2197812 2201018 2202345 2204296 2207724 2209448 2210389 2216693 2225109 2228766 2236058 2241435 2247986 2254197 2257114 2260713 2266994 2273161 2277539 2279374 2283587 2286972 2293499 2295225 2299621 2310225 2314795 2321846 2335672 2336984 2342531 2347687 2350063 2354025 2360129 2361856 2366252 2376059 2383396 2386057 2397847 2401885 2403859 2409416 2413517 2417177 2426566 2436015 2449721 2455735 2457184 2458250 2464021 2467370 2475256 2485803 2494698 2497994 2503362 2506994 2510601 2514452 2519364 2529339 2531649 2533826 2546189 2548950 2550702 2554854 2558718 2562548 2563964 2566329 2578797 2583051 2586307 2592117 2594170 2596217 2605975 2609496 2611594 2621408 2627702 2630113 2639140 2644263 2660823 2669026 2676324 2692835 2714857 2719181 2720736 2734040 2758367 2761492 2766674 2777295 2782231 2783982 2795236 2799652 2810431 2815563 2820283 2824752 2826129 2830221 2834158 2837709 2853428 2862710 2864645 2866885 2877859 2885438 2889755 2891642 2903376 2907081 2908818 2910172 2912556 2915635 2918893 2928039 2930456 2934874 2937499 2939430 2949968 2961610 2967144 2972348 2979008 2986830 2995775 3000655 3002724 3003878 3005810 3007992 3011365 3013599 3015239 3027606 3033395 3035473 3042279 3046198 3048000 3049162 3057224 3076122 3091519 3095840 3106134 3109039 3110054 3113732 3117118 3122627 3127882 3135644 3138523 3139769 3141764 3144404 3145451 3151018 3153843 3156461 3161802 3167181 3168479 3173931 3179790 3182760 3188826 3190937 3194153 3201834 3206449 3209236 3213087 3215873 3225060 3227303 3230718 3231910 3235509 3237568 3245496 3247199 3250669 3255738 3264565 3265616 3268755 3272394 3284607 3289118 3294414 3298450 3301258 3309181 3314345 3317320 3322894 3344315 3348834 3353209 3367038 3372440 3378693 3381742 3385843 3390181 3392565 3401860 3408584 3410132 3414043 3417554 3419479 3426687 3427880 3431631 3433374 3445817 3458971 3461506 3465716 3470145 3475806 3485948 3491445 3493947 3505002 3508784 3521514 3529568 3530859 3531946 3534327 3543296 3545546 3546666 3551431 3556868 3562439 3571085 3576040 3582316 3583515 3589589 3594443 3597611 3600145 3602385 3607713 3614516 3617347 3620017 3625609 3628474 3629728 3634623 3636187 3637677 3644180 3647173 3651068 3653118 3654868 3656399 3657981 3662205 3665130 3667169 3671311 3673447 3676792 3694946 3697206 3707317 3722201 3724149 3733063 3734689 3737901 3740984 3741765 3753777 3757068 3779031 3781579 3785921 3788623 3790916 3794673 3804289 3814586 3816013 3821607 3832151 3833741 3840473 3844898 3849614 3857204 3860272 3865938 3868235 3872838 3876821 3886471 3887873 3899130 3906181 3910935 3916060 3934219 3942060 3947342 3958791 3980112 3986118 3988302 3991080 3996372 3997642 3998967 4000326 4005267 4016744 4019542 4025973 4034629 4048159 4054002 4057669 4059583 4061636 4065350 4067598 4070486 4084933 4091016 4093698 4101429 4108641 4112640 4116318 4122310 4135750 4138016 4150337 4153903 4159286 4171713 4173021 4175961 4180414 4182890 4184884 4191204 4197043 4213300 4220168 4221569 4225879 4229512 4231855 4238658 4240357 4244866 4264614 4267194 4279294 4284903 4286380 4297382 4307723 4316804 4319025 4320463 4331413 4334365 4336548 4348144 4359826 4362024 4366808 4372295 4373554 4374971 4390761 4405383 4411624 4420558 4430067 4435019 4442578 4445361 4449450 4457526 4460357 4463778 4476518 4479952 4486475 4493206 4495669 4498849 4501016 4504580 4507582 4511713 4516422 4524538 4525425 4549324 4551594 4559676 4562672 4577940 4581367 4584360 4589602 4593787 4601101 4608415 4610502 4611989 4631141 4633668 4641845 4645224 4660854 4666183 4667910 4669440 4673609 4677519 4683993 4685876 4694324 4695381 4698733 4702327 4705546 4711867 4715772 4728829 4729642 4738947 4743037 4745351 4746323 4756948 4763037 4765400 4769769 4781087 4785683 4793751 4798266 4802138 4805600 4808495 4813322 4826405 4828821 4836143 4837859 4848532 4849464 4857510 4858882 4867093 4870783 4883361 4886427 4889358 4893994 4901794 4905120 4906492 4909116 4915480 4917033 4922597 4936466 4943123 4944137 4960289 4973733 4979093 4982137 4985361 4989589 4992345 4993271 4994269 5001646 5010525 5015146 5018564 5025934 5034854 5047558 5053297 5056175 5057964 5059486 5060990 5077222 5079147 5089169 5092776 5096292 5107435 5111973 5115515 5127418 5142685 5144899 5150117 5155164 5159538 5160506 5164951 5179878 5183206 5187350 5198007 5200081 5204682 5213880 5217450 5218907 5224867 5235863 5244246 5247125 5262518 5267305 5269708 5279460 5284299 5285335 5286835 5292273 5303499 5305019 5306796 5325847 5329949 5332864 5334643 5339070 5343123 5345950 5348064 5348978 5355909 5374454 5376452 5385304 5389793 5397297 5400945 5406964 5410451 5416015 5418492 5421219 5424205 5429086 5438332 5439429 5444022 5447614 5452847 5455316 5475934 5478547 5480695 5488099 5497438 5499158 5503342 5510728 5516183 5518601 5520466 5522348 5523382 5533452 5545309 5550905 5551652 5565237 5570382 5574034 5576533 5579220 5588857 5594244 5596838 5600402 5609707 5619989 5621558 5628182 5632063 5637950 5642340 5652051 5665465 5666349 5672565 5674802 5682040 5686516 5691589 5700302 5711016 5715533 5726694 5728011 5731398 5735235 5740908 5751703 5759756 5761179 5764529 5765861 5767945 5775883 5778563 5787965 5789269 5805893 5808801 5812768 5819066 5822494 5826113 5832127 5842804 5845645 5847099 5849271 5851816 5859446 5861273 5863211 5864294 5869242 5878748 5882290 5884893 5887247 5891432 5896844 5917192 5920506 5930473 5936173 5939870 5942962 5959483 5968049 5974607 5988952 5991367 5997613 6010635 6016587 6018963 6031397 6032515 6037576 6045521 6047804 6055491 6057841 6058738 6061613 6062724 6065650 6067751 6077867 6081219 6083396 6091283 6098271 6104377 6106275 6111834 6116127 6119127 6127953 6130010 6143625 6148093 6150786 6157681 6159022 6168284 6171378 6177961 6180103 6183358 6191468 6192996 6194178 6201387 6210019 6215144 6224294 6238584 6240296 6259364 6270420 6274613 6280450 6282905 6297796 6300002 6301961 6311526 6314509 6319287 6320624 6331318 6332371 6334383 6336455 6347971 6353619 6357505 6364746 6372054 6377473 6382139 6385023 6391373 6396948 6405469 6409421 6421566 6430769 6436196 6437884 6441661 6449433 6452238 6453669 6457825 6460086 6461582 6472214 6475722 6476518 6478585 6485401 6486653 6491993 6502450 6507911 6512421 6514223 6515912 6518841 6527109 6531946 6537323 6553062 6557071 6559427 6565299 6569269 6573843 6581856 6583511 6586767 6588446 6592686 6593835 6597344 6598815 6602421 6605520 6619134 6624160 6628489 6637164 6640965 6644368 6645680 6650623 6658730 6660504 6663504 6667088 6673094 6676138 6679549 6682464 6685141 6698442 6705602 6707681 6713191 6717572 6723476 6729856 6747620 6749413 6755676 6759372 6776854 6782211 6783769 6789836 6792522 6798376 6800630 6804575 6817417 6836661 6840960 6850561 6854221 6855481 6860188 6880449 6882268 6891156 6892147 6896875 6903340 6906032 6907794 6918424 6922267 6945534 6947056 6962449 6973768 6983580 6985054 6988947 6997470 7002333 7007650 7009808 7013616 7019346 7028570 7037107 7051520 7052976 7061379 7065811 7068207 7101244 7102334 7103236 7104222 7113032 7114521 7119995 7125676 7132860 7138900 7139831 7145039 7149738 7151977 7159668 7162222 7165175 7168286 7173215 7177125 7187006 7189544 7197798 7201862 7206634 7213814 7220458 7224228 7227185 7230302 7231237 7235490 7238716 7239933 7248749 7251694 7252754 7254624 7263034 7269718 7272244 7278722 7297140 7303390 7305517 7311619 7323895 7330308 7336723 7342363 7348874 7351287 7352680 7360137 7363231 7371105 7378356 7379406 7381356 7382668 7384639 7386578 7388335 7390850 7395526 7398356 7402660 7407721 7412751 7418219 7419310 7421841 7423698 7432186 7434904 7441271 7445731 7447551 7463790 7470294 7475244 7481575 7495251 7501946 7506384 7511040 7521879 7528635 7530650 7549725 7551527 7557882 7566320 7576896 7578640 7586240 7589901 7592588 7595597 7598070 7602808 7610740 7612569 7623146 7624234 7633629 7636536 7640775 7642937 7648213 7655306 7658517 7662631 7669195 7670903 7674933 7696694 7700906 7703284 7712118 7714992 7721435 7723934 7726680 7729920 7731070 7736239 7738027 7740021 7745773 7753895 7758866 7759718 7761272 7771931 7782127 7789798 7791166 7793591 7797938 7801139 7807958 7809420 7843050 7844124 7847839 7850822 7858903 7868836 7883824 7886607 7900341 7909138 7916727 7920417 7928481 7932407 7936321 7939610 7940545 7944550 7948068 7951652 7958229 7960603 7965675 7978100 7979553 7997743 7998582 8000744 8003571 8007483 8009598 8010812 8015583 8023713 8025018 8028880 8034151 8036917 8041376 8047807 8049699 8057539 8060709 8066484 8070248 8073514 8084695 8091094 8095515 8098303 8108496 8115728 8118722 8122254 8127825 8132786 8135676 8138937 8161985 8180669 8182092 8184062 8208220 8213679 8219686 8223037 8228494 8232033 8238673 8241507 8249172 8254316 8256472 8263960 8266867 8269601 8274242 8282734 8285179 8286189 8289900 8298202 8304219 8308086 8311113 8313706 8318283 8321916 8324468 8329077 8333799 8338945 8340195 8344259 8346792 8350908 8358434 8362087 8372333 8381137 8394075 8395373 8399875 8409269 8415901 8420126 8421414 8428300 8436753 8443617 8461718 8466854 8470059 8475159 8478845 8489972 8495563 8507292 8509605 8526742 8533935 8538570 8540251 8542622 8544873 8561772 8565418 8567627 8588544 8597200 8601590 8605501 8611558 8614036 8617042 8623555 8630754 8632001 8641198 8647999 8649281 8651802 8658302 8666378 8668944 8673445 8674810 8682685 8686592 8689063 8695418 8696923 8698205 8704413 8713146 8721416 8725911 8734193 8736697 8739624 8750577 8752155 8765750 8767132 8768789 8776904 8785275 8791845 8799218 8800794 8804238 8822560 8825841 8832277 8834802 8837081 8840646 8843309 8852055 8856804 8861552 8863610 8865594 8867274 8868254 8869303 8871038 8890104 8891635 8893777 8896590 8898646 8904174 8919814 8922816 8936550 8939342 8941285 8943470 8944826 8950951 8955424 8959092 8969772 8970844 8982998 8994684 9001338 9002402 9004483 9008155 9011396 9014011 9018771 9029158 9033759 9039510 9048456 9052831 9058790 9061765 9065227 9071450 9076168 9084534 9101627 9110955 9115506 9120395 9122323 9131107 9138868 9141741 9144319 9148040 9154368 9162766 9165201 9171923 9174954 9178740 9180975 9186392 9189687 9192453 9193698 9200824 9206999 9211000 9220933 9222167 9233962 9234884 9240287 9256079 9262980 9264667 9266973 9269901 9279750 9285068 9294128 9304311 9310576 9320127 9324982 9328488 9330906 9333318 9341676 9344749 9346293 9348785 9356827 9363785 9368403 9371392 9375167 9385916 9391037 9397441 9398914 9402000 9405462 9419682 9423479 9425455 9442455 9444556 9445914 9450403 9451340 9457352 9458501 9462842 9466216 9467799 9472197 9478837 9483664 9485755 9488132 9490488 9493522 9497433 9499730 9505657 9509358 9512073 9515284 9527303 9533369 9539296 9545881 9549353 9557688 9567262 9574499 9580523 9591721 9594841 9598277 9599418 9610703 9619046 9624081 9633634 9636591 9638860 9640128 9645730 9651228 9660385 9662957 9675208 9677445 9681600 9688339 9690066 9696712 9699125 9702633 9712506 9719627 9731324 9733515 9745917 9751415 9757095 9761655 9769223 9773995 9778083 9779142 9786996 9795466 9802326 9805091 9812999 9819464 9822672 9824366 9829315 9835794 9842078 9844573 9850701 9855614 9857589 9865995 9867833 9876304 9879122 9881928 9883524 9888602 9893861 9895480 9897076 9901324 9907583 9914529 9915456 9929726 9931592 9942386 9949168 9955633 9961367 9962920 9966878 9972412 9976273 9979778 9982170 9987769 9994121 9995772 
</Matrix>
<Matrix name="Neuron_37" type="complete" rows="1" columns="182" multiplier="1.0">
   57072 89746 256392 277171 310398 313404 319464 328320 388241 440309 520310 719596 757058 765668 797579 831504 841799 942868 1000908 1131756 1266878 1297988 1509370 1552342 1564850 1580546 1597616 1599290 1721974 1783790 1832987 1865246 1885670 1907153 1975005 2027507 2075717 2103954 2135627 2182637 2186254 2223439 2418205 2471780 2475680 2543782 2574304 2589761 2595082 2864915 2874995 2902722 2996982 3014135 3015769 3028847 3059996 3108272 3174994 3239676 3443731 3450323 3454505 3497637 3576096 3612155 3763560 3830158 3885584 3992505 4006603 4060684 4087734 4176961 4254454 4298888 4309711 4430887 4551192 4590018 4597646 4605384 4886936 4894058 4900420 5330820 5353185 5381024 5419361 5446591 5472883 5548232 5594192 5598405 5904719 5990358 6051138 6091758 6167435 6169743 6173142 6259099 6270420 6324280 6325555 6362046 6373880 6427723 6484825 6509118 6513817 6568305 6614028 6726425 6821187 6884435 6951127 6971094 6974856 7079907 7102128 7132291 7145875 7174357 7200292 7231438 7320533 7336646 7527310 7565063 7611583 7697341 7699913 7758844 7785164 7825952 7841803 7926090 7991013 8023803 8050861 8067112 8120830 8141626 8199928 8257247 8282941 8285543 8330096 8333811 8374428 8412866 8430230 8491299 8523661 8562511 8605903 8636774 8639652 8673743 8679052 8717924 8721122 8729475 8781448 8910412 8934354 8947140 9073043 9095874 9180933 9213076 9425501 9543411 9562963 9641727 9713697 9752442 9802032 9857880 9899015 9975677 
</Matrix>
<Matrix name="Neuron_41" type="complete" rows="1" columns="1041" multiplier="1.0">
   28938 39077 42689 44929 58412 64366 74052 76918 80161 86104 89824 97103 102754 108353 110406 125856 162410 173350 179751 182987 186910 207484 209608 216490 218864 225270 239963 253989 260787 266136 269724 276585 283037 292207 294715 298537 301879 305497 310858 317327 322927 326229 332211 340412 342861 347522 360663 363414 374311 384159 395349 407902 410355 429333 441145 450498 458154 467971 475663 480956 515661 529930 531365 534003 540811 551108 579339 585602 589527 605855 632334 635146 643775 647797 699825 705937 718458 722955 728129 734043 741427 752300 791540 795099 797285 798728 800718 808262 831012 840542 848220 874187 892113 895354 897033 906486 908693 911736 923205 927170 931830 944848 948324 955701 956675 968121 972830 974406 1000970 1005506 1019619 1029353 1044434 1059418 1063951 1081873 1093630 1098910 1100373 1101108 1106412 1129293 1146603 1147921 1156328 1159616 1170083 1182473 1196322 1203390 1212223 1223073 1228419 1231851 1244663 1255730 1262104 1265601 1270432 1272668 1281243 1288969 1299361 1304494 1307555 1315113 1318959 1338350 1341444 1351629 1358923 1370556 1373247 1374540 1380661 1384959 1387068 1389254 1405279 1413579 1419846 1427356 1433790 1453712 1460864 1485486 1493072 1496593 1509161 1516484 1523540 1532650 1542844 1553926 1556693 1559850 1571445 1578841 1585779 1646061 1654939 1684093 1685852 1688629 1698765 1701653 1720524 1734255 1743462 1754061 1758689 1766878 1787971 1791574 1794417 1797809 1804335 1819046 1825566 1829408 1835756 1837389 1844485 1849226 1853960 1855750 1866225 1899275 1920065 1951452 1961233 1962592 1971452 1980673 1996299 2001969 2006371 2020022 2027626 2028822 2032490 2034549 2050815 2055726 2060547 2069011 2071403 2094441 2105747 2109703 2115324 2124032 2130899 2139201 2158131 2164801 2168668 2182408 2205412 2226541 2233492 2238462 2245538 2258225 2263793 2273227 2277604 2290839 2293022 2296774 2301209 2302696 2332064 2351390 2353963 2363321 2369532 2371185 2376433 2384927 2393565 2394909 2396111 2412420 2417646 2418837 2423570 2425866 2426681 2429718 2438245 2441741 2447164 2496730 2531563 2537682 2544947 2557832 2561722 2568394 2570275 2590974 2603993 2606751 2617379 2677495 2684421 2693181 2695246 2702717 2724474 2730308 2731905 2745019 2747430 2752853 2754170 2757443 2767854 2780226 2789800 2814199 2817184 2821040 2831733 2844296 2851965 2857593 2878830 2911022 2924338 2927022 2933176 2951747 3009174 3011893 3035322 3046234 3067388 3070336 3085620 3102446 3148550 3150409 3176247 3192919 3200138 3208951 3216601 3218644 3246701 3253537 3284734 3300441 3315851 3321178 3333249 3334357 3337311 3353803 3367886 3378999 3382895 3402240 3406687 3412550 3445115 3447061 3455061 3461588 3471462 3476430 3499137 3525991 3532515 3537224 3544654 3547210 3562525 3590036 3605355 3608784 3612904 3615854 3625338 3644969 3665132 3698826 3706169 3724369 3730995 3732633 3747943 3757835 3765892 3768630 3770120 3786793 3792613 3809187 3817861 3821381 3828192 3845643 3852507 3892329 3914706 3919953 3929715 3934887 3940893 3958739 3963440 3978887 3980752 3998136 4000401 4010815 4034532 4051690 4054437 4061162 4067699 4070090 4077127 4087040 4095875 4105752 4108149 4114221 4118528 4124067 4129348 4153769 4156883 4167098 4175411 4176551 4178185 4196612 4217879 4264497 4269102 4270581 4275403 4277183 4283621 4296393 4301702 4315905 4342761 4364111 4366898 4374530 4380171 4384158 4387330 4398409 4409110 4411116 4421656 4426431 4430646 4431681 4449234 4457933 4463726 4465962 4474533 4483613 4493619 4502789 4526559 4532743 4534207 4539799 4550492 4553771 4556154 4557890 4566310 4570385 4593549 4600228 4606763 4610918 4631903 4643330 4648782 4650181 4654053 4671651 4673688 4677125 4678541 4696077 4740603 4750155 4755241 4758941 4773066 4781376 4792021 4844262 4851917 4858965 4863836 4872026 4878666 4900238 4911788 4915092 4920763 4944586 4947860 4959954 4965778 4967654 5001408 5002535 5028139 5029925 5033310 5037703 5042847 5054755 5058325 5075946 5084137 5089450 5101934 5104298 5111871 5118598 5121699 5131481 5135366 5149263 5151949 5153492 5162055 5164665 5197473 5199975 5212012 5234506 5245004 5275622 5277220 5289871 5292396 5301370 5312460 5317870 5350094 5370815 5375696 5391078 5399944 5402952 5415110 5423396 5431436 5441418 5446824 5451775 5458958 5490134 5491566 5510270 5516369 5522819 5540325 5565804 5570300 5597841 5599886 5605632 5609794 5611037 5612116 5639163 5642425 5643463 5647753 5650242 5658970 5672391 5678646 5683682 5685948 5687078 5703676 5718872 5720691 5732014 5735106 5743901 5752911 5754486 5769374 5790587 5794768 5800289 5831363 5840428 5843191 5850997 5860003 5865813 5867877 5868993 5888894 5908973 5917726 5928319 5930980 5936918 5947240 5964458 5974292 5980578 5981507 6007302 6013882 6035148 6037473 6053135 6068655 6073556 6091888 6095621 6104076 6114494 6122424 6128467 6133578 6145713 6153270 6160681 6164075 6168056 6170248 6180413 6185307 6209310 6214130 6224758 6225716 6237532 6247359 6254303 6255093 6261592 6265227 6268802 6274262 6275949 6285941 6297460 6302217 6306622 6315662 6318791 6320253 6326401 6328239 6331679 6332983 6340236 6347989 6348927 6350374 6359155 6370900 6397499 6404054 6406004 6409213 6434338 6440154 6449534 6464842 6474025 6482405 6490264 6502623 6509159 6515036 6521008 6531113 6533771 6536324 6546234 6557646 6588860 6593455 6594582 6601540 6608351 6612024 6614014 6615153 6620230 6627031 6635739 6637498 6644757 6647178 6653196 6658305 6662450 6668708 6679021 6681055 6691963 6707121 6719898 6723824 6725449 6738199 6743034 6749730 6751897 6755684 6767012 6776668 6789003 6798875 6802337 6806455 6811445 6815356 6819284 6832618 6834188 6836151 6847057 6852312 6863971 6868383 6878433 6885448 6890026 6899208 6901521 6911192 6920584 6928068 6949972 6952949 6961914 6971907 6994109 6999590 7001644 7009469 7014902 7022891 7025837 7036239 7075603 7082497 7106526 7144612 7156278 7159063 7176615 7185036 7186250 7206510 7245903 7255640 7259076 7263192 7266519 7290325 7295095 7320803 7332219 7339770 7346815 7369042 7374148 7377250 7384997 7392348 7395068 7399386 7403349 7410240 7438041 7456266 7463701 7464825 7466439 7470374 7475380 7479294 7514553 7521712 7523548 7530018 7533070 7546795 7551853 7560491 7569997 7573615 7587222 7595883 7610564 7632278 7633939 7648316 7655303 7660921 7661944 7664898 7668414 7669984 7675397 7678666 7686383 7695145 7704350 7728411 7730440 7739979 7749163 7752041 7784663 7791328 7799407 7801041 7814392 7829095 7831290 7845890 7848481 7870860 7879833 7883344 7885063 7901839 7905457 7929555 7941680 7945096 7958780 7975633 7980499 7990992 7996842 8011969 8014192 8018628 8031770 8049714 8057747 8067435 8086493 8126528 8129472 8142386 8151207 8153378 8154952 8161234 8167817 8175163 8176831 8180688 8190640 8196444 8199425 8202969 8207176 8210364 8220263 8229716 8253645 8255584 8274453 8282416 8296592 8300372 8302300 8304966 8309861 8326918 8332925 8337100 8376932 8400372 8403469 8415376 8421058 8435852 8440623 8445411 8454078 8456844 8464467 8465301 8476748 8498692 8524134 8546449 8568817 8585342 8589670 8594846 8622940 8632796 8636722 8641096 8648254 8657897 8662119 8671700 8680387 8683962 8700562 8708430 8720813 8724787 8729833 8737403 8749206 8754042 8779718 8785229 8794863 8798002 8800197 8804496 8814673 8818072 8823055 8837917 8840436 8842328 8854696 8865710 8875019 8880014 8882254 8890032 8903122 8904989 8912899 8914100 8918422 8921589 8933420 8958682 8979238 8980161 8992649 8998290 9014034 9017936 9020902 9022965 9025924 9027489 9037514 9045359 9051005 9065747 9078576 9082456 9093088 9104699 9116971 9138103 9148475 9155600 9158515 9162467 9163527 9166955 9173951 9216121 9218860 9221907 9246318 9249499 9254284 9263444 9270088 9274930 9292918 9296625 9298207 9302227 9305686 9326661 9340197 9342087 9360519 9373998 9423645 9431706 9445591 9446553 9473755 9477403 9478700 9486945 9495196 9521316 9527012 9549583 9569250 9593193 9614007 9630611 9633803 9636255 9639638 9659365 9667953 9671836 9677112 9702968 9715199 9718385 9722462 9731648 9737174 9748779 9760289 9767655 9780592 9782783 9810289 9829106 9831725 9843513 9847456 9850189 9871842 9877751 9881486 9885719 9893837 9899762 9901557 9904495 9918778 9931744 9935819 9945305 9955666 9959022 9962278 9983465 9989293 9996367 
</Matrix>
<Matrix name="Neuron_44" type="complete" rows="1" columns="1448" multiplier="1.0">
   21942 24067 30676 35503 39109 52312 53553 66857 68204 71017 76321 78712 87466 95833 99601 109677 114613 117544 119338 132427 138054 143270 150357 158933 164963 173002 174424 183694 186887 189155 190274 194910 201403 202473 206537 213899 228928 233531 236685 252385 258933 265050 266379 271071 272217 277308 285956 299548 303424 307885 315014 318139 321479 325758 338510 343757 345863 347669 365354 369061 375276 393842 398359 411379 428972 431139 436949 439994 444662 452918 487321 495899 498998 502010 518240 527720 544213 550986 563731 566074 568905 579712 582720 623408 627087 637560 653764 658740 661817 683006 687188 694077 741875 746192 747809 751545 774802 783987 785499 792807 798958 814809 818277 826590 827964 831074 840808 845885 847441 854626 856275 873481 880636 891219 898147 902243 931185 936820 951583 952924 959760 968227 973527 984641 991344 1001332 1005416 1007075 1014957 1018117 1024422 1037926 1058955 1063460 1068177 1070180 1071854 1080561 1086799 1088506 1092658 1098150 1099382 1101044 1115109 1116517 1131349 1136989 1146689 1152927 1156721 1166985 1168426 1172032 1176709 1184304 1186973 1192073 1198249 1202757 1211039 1217583 1224841 1231072 1237968 1240050 1244455 1254193 1259947 1263121 1264813 1267928 1272399 1275031 1297855 1300223 1310245 1317366 1325995 1327490 1349001 1352444 1358266 1362569 1367453 1380927 1383951 1393593 1401480 1404112 1407928 1417505 1422645 1424159 1435618 1441773 1454134 1457542 1460738 1463090 1472065 1487875 1517796 1519213 1521989 1546773 1556198 1562811 1573510 1609408 1615426 1617504 1621507 1624641 1630294 1640288 1643264 1644746 1659695 1674993 1677947 1684444 1688590 1692916 1694503 1696690 1700431 1702191 1705471 1709058 1714183 1720223 1721454 1724323 1728136 1742803 1744581 1746325 1749182 1751414 1752393 1766681 1773329 1781792 1799806 1806373 1812360 1814664 1827244 1828533 1836105 1838600 1840979 1848792 1853880 1855657 1864999 1866479 1877919 1879702 1885915 1887194 1901033 1907633 1911379 1918403 1929560 1931884 1933831 1940660 1944711 1949147 1957232 1958101 1980547 1982077 1993972 2009016 2017411 2018680 2027938 2030730 2034758 2038475 2051849 2059856 2064674 2068045 2109019 2117111 2130871 2134316 2140372 2141476 2148764 2155214 2158720 2160447 2161847 2166161 2170766 2177421 2180401 2190162 2201685 2213452 2219432 2221726 2223236 2231077 2235278 2237056 2238400 2239847 2248515 2253687 2257546 2265419 2273215 2275600 2292523 2297854 2300025 2304708 2311877 2326492 2331016 2333350 2335158 2337559 2343509 2345955 2347335 2350716 2386529 2390459 2392774 2393479 2396502 2397819 2400398 2407764 2413113 2419163 2423171 2437518 2438958 2445428 2457634 2463091 2466419 2485669 2493394 2514832 2518350 2522115 2530321 2531953 2533236 2534404 2544990 2568988 2576126 2578222 2587004 2591827 2605033 2626773 2629239 2632634 2637293 2640780 2658707 2663383 2665259 2672216 2678543 2683823 2690337 2694891 2698992 2703736 2711724 2714404 2715837 2718220 2720433 2731065 2732889 2754343 2758793 2764827 2766529 2771993 2775663 2782637 2790034 2798493 2804541 2806276 2812613 2814927 2820262 2825713 2831036 2836885 2847112 2868899 2873607 2881537 2882984 2884836 2888294 2897107 2902050 2903764 2920457 2925417 2933125 2933984 2950068 2974431 2985493 2986334 2992609 2994413 3003014 3005446 3014200 3016417 3024842 3030826 3037273 3043011 3052317 3055841 3061116 3069376 3084862 3089516 3094120 3098841 3099982 3100864 3104396 3113108 3143143 3149698 3151730 3153402 3159738 3161050 3163151 3167929 3173277 3176957 3181257 3186594 3188415 3190906 3200986 3203552 3204304 3216867 3220935 3222895 3232436 3236908 3241659 3242960 3249292 3258525 3293968 3300089 3302253 3311646 3315034 3321263 3325722 3332689 3341509 3349975 3351273 3363858 3368889 3377935 3388305 3393771 3412712 3429894 3432504 3442102 3450879 3457335 3461639 3465418 3467189 3472141 3473747 3483157 3494142 3506933 3515621 3517865 3524383 3526804 3550806 3564632 3565949 3571202 3588064 3599919 3600947 3609219 3614705 3635801 3638921 3652579 3655953 3659039 3661878 3663346 3666028 3670607 3673459 3685074 3692040 3699595 3704532 3712708 3726521 3728733 3733507 3739564 3746964 3753031 3758580 3762065 3763479 3769704 3770688 3781266 3783963 3789618 3801190 3812194 3817227 3824608 3837579 3847352 3852390 3867195 3868717 3883084 3884350 3911896 3920649 3927541 3933790 3935424 3940801 3942221 3944527 3959239 3962118 3970617 3979830 3983202 3985746 3989231 3995587 3998356 4001741 4014661 4031487 4034823 4038410 4043554 4059409 4066316 4077037 4082110 4096066 4100093 4104343 4107348 4108388 4114801 4120268 4124924 4129555 4133542 4139754 4151205 4153192 4160140 4167639 4169980 4173142 4184612 4185829 4190945 4207891 4214430 4215649 4218502 4222623 4229641 4232035 4242006 4244225 4254689 4265806 4271299 4274248 4282942 4286955 4291995 4308926 4311827 4313274 4315702 4321822 4325076 4332048 4334260 4350491 4359306 4364228 4374788 4378531 4381617 4394017 4403285 4417133 4422850 4424000 4441049 4446102 4451390 4454248 4480394 4486404 4497727 4501561 4505627 4525870 4533233 4549438 4559940 4564916 4574877 4591510 4607843 4611111 4618862 4619883 4626365 4631946 4635400 4641188 4652901 4659356 4660198 4671343 4675861 4681275 4683728 4700490 4707156 4711781 4719189 4730421 4738775 4742027 4744195 4746511 4760037 4762867 4766107 4767561 4774698 4781214 4790721 4798718 4800078 4808358 4814719 4834009 4843771 4857961 4859636 4863496 4865073 4875063 4877340 4878749 4881174 4883988 4924521 4935341 4937952 4940375 4945162 4950278 4953760 4972359 5000003 5002523 5013184 5018012 5020264 5021171 5032601 5042160 5050345 5061493 5072337 5077447 5079754 5084991 5102272 5103212 5110143 5112929 5118086 5123359 5132492 5149338 5151013 5158279 5176045 5183645 5188404 5195207 5197972 5199292 5206959 5214666 5221912 5227932 5240111 5242532 5247319 5257009 5258280 5271458 5280918 5283729 5290431 5292952 5294797 5304872 5310258 5330387 5331296 5336009 5339291 5352510 5382409 5392669 5401857 5404976 5421732 5424189 5427458 5452109 5460849 5477835 5479711 5481741 5483094 5488172 5496822 5499212 5500271 5502917 5504815 5506874 5514752 5522212 5534366 5539224 5551952 5557513 5558487 5573232 5579990 5582089 5583250 5588641 5599913 5602050 5604226 5606401 5608835 5623212 5626861 5629469 5633687 5637898 5641244 5642399 5644083 5646225 5649927 5652237 5670987 5673538 5676464 5685294 5691238 5692374 5693322 5696377 5715908 5723756 5731988 5740252 5745625 5746728 5751991 5756289 5759990 5769248 5774369 5779360 5786185 5788730 5794485 5802590 5811573 5816820 5823036 5826134 5854485 5855415 5860348 5861950 5864818 5881378 5882925 5886406 5896177 5901964 5903488 5906537 5912497 5943338 5945484 5948402 5949595 5954336 5964552 5975096 5980157 5988344 5994369 6003266 6032213 6038373 6041233 6042773 6064501 6072868 6093477 6101569 6117765 6122246 6130915 6140221 6144241 6145944 6151441 6164632 6165542 6175391 6185454 6189620 6200511 6202376 6205130 6207124 6209502 6214841 6230812 6234984 6240483 6243501 6245734 6252599 6255235 6256387 6257961 6263595 6269695 6289056 6300903 6305560 6310124 6314019 6316172 6323843 6329974 6332686 6339936 6341997 6344426 6346881 6371803 6381131 6397641 6409437 6412703 6419048 6431271 6432615 6448624 6450657 6454699 6457689 6464437 6485115 6496216 6511788 6520100 6529504 6532481 6538886 6554963 6562225 6570233 6575932 6579186 6581944 6584300 6586844 6587726 6592553 6596161 6598848 6601576 6603012 6608248 6610985 6614597 6625576 6626981 6628432 6630757 6632680 6643325 6654085 6665393 6672801 6677316 6687380 6695855 6702643 6734947 6738102 6740142 6749619 6755022 6757223 6777434 6782929 6793554 6801026 6804330 6809128 6814398 6827668 6829743 6831619 6838458 6842711 6848896 6859910 6862142 6862925 6875707 6877026 6886639 6890119 6908975 6916143 6917227 6922102 6923978 6930370 6935375 6939013 6940615 6944984 6948234 6959019 6977458 6979970 6983511 7000654 7007562 7009694 7016367 7022523 7025732 7034738 7038861 7053964 7066036 7073002 7074645 7079375 7093215 7104769 7106880 7113280 7117552 7132898 7133724 7139772 7146225 7156840 7158737 7159732 7180165 7192144 7202079 7206523 7215589 7217995 7219736 7231179 7243600 7249113 7253181 7259750 7261919 7270914 7274379 7290192 7295591 7301807 7312452 7314992 7328973 7334869 7353551 7375468 7382538 7384566 7392170 7405307 7416104 7434356 7435751 7437152 7451581 7452686 7457164 7460371 7470480 7473062 7480553 7482808 7496666 7502608 7520592 7524552 7534588 7537064 7538971 7540764 7543554 7546349 7548883 7556150 7561526 7563883 7569261 7574590 7580134 7587544 7592969 7594311 7598086 7611952 7619544 7623414 7625912 7627218 7632914 7638607 7655219 7657453 7659045 7661827 7669317 7674407 7678758 7680306 7683270 7694682 7698533 7703868 7714591 7719723 7725530 7726593 7729614 7740965 7754565 7756837 7761200 7772054 7775074 7776338 7777570 7780149 7782706 7785640 7797617 7799151 7801074 7807611 7809045 7811612 7816766 7819564 7826892 7828656 7837747 7849971 7855925 7867697 7879564 7892735 7894630 7900266 7902177 7908486 7910053 7911250 7913006 7921731 7923486 7928230 7936795 7938567 7940479 7946482 7949684 7952253 7970029 7972092 7973607 7974975 7976083 7978540 7984523 8001070 8002738 8004275 8017365 8020480 8026293 8036299 8040355 8057841 8058932 8062298 8066183 8071594 8075349 8077867 8087837 8098914 8105919 8107638 8112938 8118387 8119747 8133979 8137914 8146254 8169893 8171566 8182874 8189950 8198481 8200970 8208086 8209763 8210959 8215765 8228310 8235175 8243924 8247560 8257619 8265379 8270364 8282243 8299304 8305766 8309223 8328231 8329599 8342338 8356367 8358312 8367755 8378905 8389227 8393586 8394900 8398044 8408743 8411802 8412967 8417183 8419823 8425969 8432771 8436675 8449532 8454206 8459493 8468727 8470252 8477210 8479382 8482874 8492186 8500388 8513565 8520921 8526897 8544409 8559677 8566514 8569427 8575078 8587166 8592533 8600681 8602798 8626670 8630904 8633273 8643864 8647313 8649056 8659282 8666002 8668021 8669544 8672360 8675581 8685726 8688615 8691153 8692797 8697023 8699805 8702078 8703918 8707292 8708642 8714082 8727709 8733988 8752803 8762990 8773310 8779592 8782137 8793503 8797781 8799395 8804255 8821895 8823961 8826954 8835634 8847660 8854125 8863548 8865457 8881726 8885806 8900387 8904311 8905819 8910287 8912634 8928317 8939454 8941128 8944035 8946419 8954175 8955773 8959672 8965552 8983585 8985056 8987269 9005249 9011998 9013744 9022133 9025731 9027419 9035115 9041600 9044038 9047339 9049382 9058852 9062043 9065113 9069024 9076456 9096610 9098055 9105474 9111687 9131967 9134928 9136962 9139736 9141032 9149636 9151682 9158566 9179861 9185386 9193487 9195664 9210448 9212802 9219190 9244917 9249641 9252686 9254538 9257808 9261027 9269629 9298528 9300562 9307414 9309065 9310474 9322341 9325552 9329783 9352014 9355874 9362035 9366374 9371053 9374656 9383095 9410743 9421415 9422534 9425261 9426824 9435449 9446808 9448629 9452669 9462679 9468419 9471005 9472366 9477556 9486236 9487932 9496013 9500609 9507103 9508267 9510731 9528345 9530177 9530966 9547260 9556651 9568421 9570239 9572956 9590884 9592412 9600184 9605055 9667692 9671434 9673663 9681349 9682447 9688696 9691063 9694320 9696406 9704932 9713495 9718795 9722173 9732882 9734446 9747931 9761729 9771477 9777493 9779340 9781724 9784764 9793297 9800150 9828823 9830167 9859721 9872000 9877652 9879587 9881021 9883124 9895885 9902959 9910169 9914614 9918778 9928340 9944520 9946681 9950434 9955788 9966483 9969364 9975026 9976929 9981767 9990045 9997300 9999555 
</Matrix>
<Matrix name="Neuron_67" type="complete" rows="1" columns="2245" multiplier="1.0">
   1611 8413 13275 15451 19322 23085 24890 29711 33306 45827 49887 51295 53009 54935 56943 60531 62859 65675 69570 72211 74985 81211 82804 85207 87455 90933 92495 98682 107554 115269 116826 120492 122455 130386 132229 134708 141253 147423 149068 156490 158588 163903 167668 169617 171811 174424 175946 178047 179248 184349 186009 187713 195563 203881 207684 211378 214927 217233 222759 226221 227880 232010 235114 236932 239141 242286 243487 254165 256376 260139 261261 262666 264865 267468 271069 273144 275617 279536 284627 285982 289852 294039 296739 299388 304531 307932 313336 314060 315055 317766 319126 321711 323092 323976 325452 336739 337904 341134 343065 343897 344995 345892 353889 356436 359530 361628 363252 363911 367225 371360 381424 383889 385617 388650 394449 403015 412681 418171 422424 426827 429325 432104 436615 437810 441011 441898 444240 447215 454652 462486 473498 479046 484861 486224 494619 497277 509427 519041 523357 524474 530299 542169 555396 558397 560476 561737 563472 570831 580704 584318 588878 589961 594573 595903 596804 606679 611277 617279 618262 627382 636841 640038 654573 657649 658716 664738 667999 668896 669756 676968 678825 686018 692312 694244 696257 703731 705292 707130 710064 711211 714894 717257 720015 721671 723589 726477 735497 736660 737375 759279 761460 764713 771865 776029 777806 781254 783910 787798 790414 795430 797676 799153 801408 805839 811552 814481 819476 820531 823825 825076 826755 833041 834154 841266 848322 849373 855918 859087 863536 866208 870654 874524 881749 882965 885229 886749 896833 906661 910664 911688 914093 916026 921364 934280 944037 949326 954145 965466 968157 969952 978888 980003 981689 987820 994907 996525 1013265 1020678 1021633 1023715 1024866 1028389 1034761 1041438 1042313 1047927 1049104 1058554 1062123 1063663 1064617 1078540 1086924 1092360 1093982 1100202 1120554 1126196 1126965 1136812 1144985 1151090 1153935 1156811 1159660 1162374 1171663 1181249 1183615 1185466 1189891 1193694 1197698 1201062 1204768 1207735 1211950 1213519 1216569 1221546 1233251 1234737 1241846 1243395 1246331 1249155 1254597 1256348 1260840 1262908 1264179 1265622 1267968 1271515 1274645 1284015 1285426 1289603 1299687 1313795 1316016 1319013 1323482 1328044 1329288 1335818 1345951 1351074 1353579 1358651 1362574 1365125 1368291 1380781 1391917 1393902 1395997 1400096 1404884 1406622 1418599 1426272 1435826 1439963 1443483 1449495 1450958 1458786 1464907 1476747 1490068 1492838 1496720 1500735 1506499 1511232 1515356 1533918 1539945 1543783 1544888 1550324 1555451 1567116 1569921 1575223 1580156 1584723 1592234 1599639 1601235 1617156 1619507 1633242 1635888 1637931 1639164 1640674 1642852 1649839 1658055 1660573 1661357 1668008 1681517 1684553 1690858 1692872 1697255 1705048 1706320 1712654 1716807 1717491 1718883 1721109 1727827 1729251 1733739 1737663 1742336 1744932 1749619 1751869 1756570 1760005 1761268 1763781 1770848 1775877 1781206 1786210 1787540 1788855 1795428 1800935 1805379 1812168 1822769 1823783 1831951 1833362 1835075 1838926 1840573 1844716 1855061 1858211 1863072 1863811 1868550 1869617 1876452 1878161 1884021 1887078 1890795 1892178 1900615 1910676 1911915 1915760 1921345 1928398 1931543 1934485 1938526 1950717 1951682 1962711 1963920 1964931 1970982 1974177 1990699 1992165 1994862 1998349 2007336 2009956 2011109 2013889 2016058 2024097 2027186 2030732 2032436 2035592 2041382 2043362 2058505 2060370 2064438 2069249 2072265 2073055 2080850 2091170 2096802 2098420 2100431 2102422 2107596 2109977 2113644 2115616 2117098 2120048 2121500 2123868 2125317 2126449 2130301 2135345 2138850 2139883 2140857 2146407 2148090 2154992 2156837 2158576 2161262 2165924 2168287 2169851 2171663 2173439 2186320 2187901 2190895 2192400 2196034 2205108 2206877 2208834 2212479 2219072 2223503 2228425 2233960 2236632 2239066 2246733 2250397 2251239 2253594 2254709 2256626 2259102 2260320 2266638 2270835 2276930 2281367 2284638 2286897 2288070 2290768 2302845 2309625 2315265 2317967 2320766 2326924 2331052 2333607 2335215 2342883 2346038 2350817 2352627 2354094 2358861 2368288 2372158 2375967 2379528 2380374 2394448 2396507 2399246 2401618 2409342 2410727 2412562 2413492 2416943 2419154 2432754 2436136 2440368 2443176 2444854 2447637 2452310 2456018 2462495 2464590 2470308 2472270 2474648 2478845 2482225 2492339 2494957 2496666 2498184 2500649 2506340 2517824 2518595 2522100 2523974 2526308 2529404 2538273 2541576 2547427 2554111 2557580 2558961 2568131 2574343 2576207 2586099 2587411 2589391 2598809 2600375 2601788 2606703 2614966 2619481 2626668 2628604 2631543 2634343 2640380 2642893 2645833 2656109 2658601 2666292 2670750 2672992 2674032 2679704 2681176 2684881 2691506 2693423 2695225 2697434 2700771 2702131 2705032 2706913 2710490 2716005 2718211 2719887 2732055 2735286 2738932 2745229 2752439 2755317 2757364 2761169 2768060 2769123 2771210 2776412 2779367 2785050 2787060 2791349 2794441 2799823 2809002 2816268 2830853 2842078 2843143 2845131 2852934 2856110 2859690 2865287 2866699 2870068 2876005 2882463 2891383 2892254 2893111 2899078 2908188 2913111 2914928 2917288 2919960 2926925 2931096 2934257 2945106 2957073 2962334 2963739 2964763 2966661 2970916 2973622 2977757 2979276 2982123 2984233 2987646 3004107 3008612 3013555 3018239 3019852 3021673 3026745 3029561 3031948 3037776 3050842 3053086 3055353 3057150 3066072 3067493 3071926 3075920 3077087 3079409 3087895 3090911 3092725 3096700 3100347 3104570 3105473 3106665 3110478 3126538 3131369 3135404 3141329 3144664 3149988 3155828 3163220 3167182 3185319 3188850 3195767 3198688 3202440 3207811 3213001 3215326 3216400 3222826 3230856 3238970 3241962 3245217 3248383 3254324 3259833 3265191 3267418 3273084 3275696 3278804 3280914 3285017 3286293 3295564 3297194 3299650 3308302 3315919 3320144 3323394 3328522 3331086 3335528 3337590 3341483 3346292 3350048 3359164 3366861 3368388 3372480 3375708 3391747 3394895 3400565 3401818 3403803 3405218 3406977 3408594 3421696 3434225 3436551 3443331 3444789 3452091 3455118 3456574 3458369 3467862 3469819 3481021 3483503 3485260 3488305 3493287 3498629 3499849 3502516 3505830 3507869 3510250 3516469 3518308 3521693 3523119 3525942 3534264 3538249 3539097 3540880 3542456 3547512 3557508 3558568 3561499 3565785 3570367 3574628 3578529 3580843 3587099 3589585 3591797 3593960 3595084 3596236 3596853 3597949 3599013 3600640 3602222 3603932 3613184 3615317 3616925 3625211 3634449 3645561 3647464 3654239 3656029 3660778 3663836 3667487 3672406 3674235 3679815 3682434 3684283 3685633 3692309 3698535 3702664 3708006 3714125 3717350 3719624 3721805 3724080 3728618 3733327 3736403 3742120 3744434 3753670 3761628 3763105 3765869 3769056 3771693 3777297 3786044 3787823 3789614 3790855 3793022 3795275 3802921 3804909 3806445 3807980 3809607 3810628 3813055 3815466 3820618 3822538 3825530 3842109 3843721 3845817 3848149 3849704 3852374 3865787 3867817 3869666 3872659 3874105 3881225 3882708 3885706 3887274 3891794 3895030 3901070 3903015 3904652 3912363 3920266 3922028 3924225 3936220 3942105 3953911 3957079 3958303 3959505 3961524 3964700 3966941 3970619 3974269 3977118 3993212 3996131 3997878 4000306 4001667 4004280 4012161 4014495 4015884 4022672 4042173 4049803 4056036 4061977 4063495 4073390 4083055 4086492 4089432 4090374 4094038 4096671 4107300 4113118 4116114 4118216 4119071 4120424 4122123 4125472 4126105 4129405 4134100 4140376 4145757 4146796 4149978 4152535 4154809 4156904 4161093 4163041 4164262 4169341 4188163 4189728 4193886 4195060 4197003 4199523 4201240 4202968 4204803 4219246 4221175 4222269 4225352 4227380 4229153 4232712 4235535 4240455 4242431 4249787 4254224 4256416 4257932 4262344 4270640 4278003 4278750 4285460 4286871 4290319 4293101 4294360 4296831 4299498 4303676 4305878 4307037 4319497 4323699 4325732 4326837 4331450 4337581 4339661 4341263 4350147 4352775 4356290 4362344 4364265 4368496 4370549 4379366 4384010 4387168 4393318 4399485 4400677 4405975 4407308 4410224 4411085 4418324 4424216 4428837 4432682 4436625 4442122 4446222 4447344 4450594 4455168 4459799 4462225 4466914 4468116 4469563 4484167 4485795 4487026 4490646 4495153 4500112 4504106 4508077 4517909 4519751 4521650 4537579 4541088 4544991 4546903 4553673 4559085 4560210 4565627 4568009 4574645 4577007 4578222 4581146 4588141 4590462 4597181 4606305 4610830 4613965 4621070 4624186 4625689 4628529 4630585 4636302 4638604 4642074 4644904 4649340 4653837 4655184 4667286 4670924 4682099 4685359 4686887 4689884 4692844 4695149 4698674 4710394 4712612 4714843 4721730 4727121 4735241 4741864 4745746 4757671 4764046 4765348 4768433 4777384 4779883 4784938 4786069 4793952 4800059 4806002 4812761 4818470 4820509 4823141 4826171 4838115 4843681 4850496 4852220 4853279 4855300 4859638 4861556 4862509 4876054 4879047 4883780 4890127 4897782 4900106 4906882 4912011 4913577 4915439 4917934 4920851 4923775 4925084 4942289 4947773 4953266 4961396 4968703 4973098 4974697 4975812 4984686 4989681 4992096 4996893 4998099 5001433 5004529 5006537 5010128 5018339 5022332 5025213 5028508 5037384 5040688 5044219 5048945 5053700 5058128 5062767 5064917 5072050 5082897 5085268 5090862 5099141 5108001 5108938 5111654 5113472 5117244 5122188 5123782 5125554 5130469 5132417 5137107 5139206 5148008 5153418 5164152 5169673 5171344 5172845 5175056 5175988 5179524 5188861 5195803 5197319 5211375 5217078 5219786 5225841 5226632 5228506 5232653 5236563 5241450 5245095 5256615 5258692 5260637 5265057 5266709 5274259 5287869 5297652 5299339 5301602 5310004 5315723 5317990 5319222 5343014 5348464 5352563 5354480 5357193 5372287 5378360 5385493 5387677 5390374 5396470 5401303 5410879 5414937 5423981 5426733 5429266 5430785 5431941 5433228 5440487 5447590 5448280 5453466 5457860 5462005 5465835 5467986 5471312 5476105 5481561 5486348 5488093 5494088 5497533 5499121 5501832 5504979 5509886 5512308 5514565 5520570 5523408 5528778 5531223 5533784 5540546 5541843 5551034 5552792 5554979 5559152 5564613 5571123 5578610 5579721 5581641 5590594 5601910 5605350 5608866 5614336 5623390 5632300 5641353 5645984 5647102 5648594 5653370 5662020 5665552 5670442 5682068 5689519 5694367 5707027 5708731 5710880 5712369 5714134 5718100 5730965 5742930 5748133 5753188 5755314 5758626 5762644 5768890 5770177 5772670 5773643 5779419 5785967 5795393 5804679 5810142 5811935 5814778 5815869 5818405 5819589 5821231 5823459 5825684 5828181 5829548 5832638 5834749 5838760 5839941 5843488 5845967 5850242 5852224 5854154 5867877 5883057 5886324 5888332 5890027 5891362 5902597 5905251 5910909 5911919 5917937 5920395 5925929 5931174 5933213 5934808 5941189 5950256 5951878 5960857 5971497 5977715 5985317 5990845 6004169 6005607 6011329 6012820 6019470 6020411 6021947 6023474 6026904 6035387 6043159 6047912 6049779 6051983 6052769 6056318 6063995 6070964 6073214 6078545 6081455 6083992 6090152 6093208 6103515 6108162 6116386 6121898 6129336 6134173 6137682 6139311 6140748 6146544 6150506 6152167 6160931 6163840 6167623 6170830 6173708 6181038 6183175 6184722 6189590 6201509 6203509 6208096 6211490 6213755 6216826 6219104 6221472 6224113 6228260 6231343 6234225 6243240 6248183 6249749 6250858 6256661 6257506 6268501 6271166 6284143 6288774 6297160 6298494 6299521 6302622 6306343 6309402 6314460 6323376 6325727 6327683 6338412 6340677 6345945 6355880 6358822 6361291 6364629 6379009 6383134 6389791 6392261 6395488 6396668 6403304 6408459 6410270 6411683 6413268 6416091 6419318 6427290 6432666 6448334 6450651 6451448 6452512 6458123 6466363 6468215 6477442 6479001 6490981 6493421 6512600 6514805 6516892 6518052 6523119 6527263 6529491 6530831 6536019 6536819 6542281 6543723 6547113 6552603 6554694 6555819 6560348 6563103 6565997 6569545 6570790 6572599 6576361 6580806 6589112 6592573 6600996 6605062 6611224 6615277 6617142 6619447 6626301 6627700 6630432 6632395 6634629 6639263 6641354 6646654 6650426 6653222 6662132 6667084 6668006 6669924 6673407 6676843 6681415 6682294 6689004 6694842 6697425 6703399 6707015 6709459 6710631 6713797 6717056 6724141 6725829 6727650 6728759 6730174 6735008 6739764 6743481 6750455 6760742 6769091 6775961 6779348 6783798 6786947 6793811 6796943 6800135 6804341 6807721 6819794 6824432 6829098 6833976 6840216 6844232 6851200 6855604 6866092 6870726 6871590 6893126 6895939 6899960 6900848 6902040 6903445 6910469 6917204 6922455 6923618 6928761 6930939 6936604 6951535 6954916 6962340 6967008 6970816 6976605 6987796 6990922 6994183 7000669 7004040 7008352 7020173 7022423 7027232 7032959 7034516 7038567 7040786 7042658 7045934 7047139 7059205 7061953 7065169 7067081 7068966 7073883 7074907 7079732 7081862 7089006 7093270 7095701 7098307 7111342 7117771 7118909 7124417 7133819 7135998 7144421 7150734 7153556 7162276 7165052 7170422 7177439 7179375 7187302 7203098 7205966 7209771 7213633 7215240 7218418 7220138 7225085 7231270 7237977 7239174 7244401 7247381 7251346 7252996 7255701 7257865 7258861 7260266 7264952 7272505 7290363 7291715 7295068 7297044 7302517 7304122 7307230 7308423 7312037 7318903 7324921 7331017 7337785 7344112 7347248 7349380 7351133 7358932 7366418 7374762 7378457 7380588 7382038 7385004 7388518 7392226 7403947 7405446 7408262 7409463 7419432 7420775 7427368 7430892 7435131 7439251 7441174 7448115 7449500 7451878 7456919 7459517 7462075 7464548 7489243 7491232 7496842 7501677 7503151 7506522 7508666 7509612 7515171 7526713 7528069 7529749 7535184 7537112 7541308 7542519 7544685 7546544 7547673 7548448 7550339 7552757 7556623 7562987 7565497 7568545 7572222 7580187 7584773 7591170 7592679 7594839 7600552 7602204 7604642 7616326 7621767 7629600 7631076 7634786 7636768 7641794 7652043 7656655 7661158 7664270 7681110 7683662 7690056 7696302 7699695 7706889 7710504 7712034 7713892 7717189 7720979 7721927 7725999 7727656 7736408 7740724 7744422 7747989 7752686 7760608 7762568 7765710 7771954 7772838 7778170 7779630 7783376 7786066 7787770 7793503 7795934 7798596 7799508 7802935 7805806 7808098 7809619 7817630 7826608 7828957 7839466 7840537 7847152 7859821 7860921 7866814 7878884 7884027 7888730 7890393 7894625 7896698 7899804 7904081 7911029 7914284 7916375 7917972 7919314 7921812 7923952 7929819 7934003 7940993 7944473 7946346 7947874 7949595 7951862 7953756 7957527 7964822 7967784 7972939 7977349 7985962 7989472 7994991 7997975 8002380 8009370 8013314 8019498 8022513 8023680 8029786 8032685 8037112 8043459 8047134 8047936 8049303 8050694 8054692 8063954 8069312 8074638 8089507 8097559 8105498 8112550 8116152 8124285 8125845 8131568 8135375 8139265 8140879 8150900 8156391 8157985 8160971 8163673 8167085 8170255 8172189 8173448 8179897 8183520 8186939 8189226 8193868 8198287 8200071 8206799 8210880 8212210 8223748 8225813 8231711 8237550 8238849 8240269 8241171 8249494 8252455 8268466 8276344 8284624 8289275 8298902 8300298 8301755 8303316 8304349 8305317 8308119 8318787 8322967 8329624 8331306 8332379 8333366 8338011 8349533 8351386 8360845 8362138 8367460 8370114 8374024 8377985 8383427 8391937 8392958 8403399 8404851 8406856 8408480 8409934 8412877 8413987 8417558 8420072 8421807 8433956 8436322 8442055 8443418 8454507 8457196 8462532 8469735 8475801 8479050 8481825 8492215 8497127 8508128 8520661 8522642 8530555 8531861 8536498 8539225 8547784 8556243 8559153 8561371 8568124 8572760 8575325 8577260 8581964 8583709 8590908 8598363 8599244 8601579 8613567 8618990 8619851 8627123 8628826 8630916 8633819 8649997 8655969 8664694 8668609 8672335 8673470 8675017 8682079 8684653 8687036 8688203 8697122 8706623 8710001 8714258 8716083 8716772 8728054 8729997 8735013 8735646 8737206 8741443 8744835 8746521 8752500 8756925 8760444 8763992 8769664 8771585 8773372 8784607 8794863 8798874 8800516 8817644 8824815 8831045 8835998 8846441 8856073 8857844 8859067 8865523 8870030 8871657 8878450 8880095 8883607 8887648 8890216 8892582 8895243 8899181 8903997 8905945 8906919 8910253 8914323 8919751 8922821 8925344 8927305 8930567 8932095 8938167 8945993 8955275 8959966 8962768 8966709 8975588 8977841 8998638 9006458 9009034 9010634 9014604 9034673 9039708 9044869 9056725 9059443 9065716 9068325 9071045 9079987 9083764 9086819 9088018 9099258 9102615 9104377 9106334 9110977 9112353 9117857 9118749 9130621 9133421 9134813 9143229 9150211 9155471 9158259 9163494 9170844 9177898 9181490 9186880 9191072 9193064 9195757 9196523 9200968 9203174 9214152 9216484 9221374 9229301 9234564 9237600 9245383 9254180 9256690 9258240 9260466 9265300 9270671 9275343 9277369 9285932 9288345 9290348 9306025 9310043 9311247 9312353 9313807 9318720 9332932 9339395 9341951 9346799 9356094 9360847 9367259 9375168 9383831 9395461 9396328 9406755 9411374 9425772 9438553 9441113 9445424 9458124 9462686 9471595 9486104 9494784 9498622 9501168 9503409 9510318 9511904 9513884 9531011 9533619 9535612 9537621 9538422 9539776 9541026 9545061 9546486 9550890 9554773 9558181 9561450 9564670 9568026 9570350 9574495 9582773 9587841 9593561 9594872 9598356 9600115 9602682 9604267 9613307 9618902 9620100 9622363 9627527 9628780 9631598 9634322 9638772 9640050 9644597 9646262 9650840 9653749 9664778 9667548 9671539 9679353 9680980 9682726 9684526 9685764 9687814 9689248 9692035 9694475 9696844 9699827 9701383 9707387 9713417 9718327 9720028 9721965 9724276 9732544 9734834 9742946 9746795 9749656 9752462 9759714 9761141 9763598 9767643 9769345 9777420 9778742 9781282 9791683 9794407 9802349 9808462 9810806 9814357 9825929 9830543 9837975 9842448 9852581 9856073 9858548 9863216 9864376 9866619 9867537 9870580 9873233 9883284 9885314 9887543 9889336 9891344 9895698 9897973 9907218 9915099 9916555 9923359 9926845 9931474 9940667 9943289 9946018 9948681 9957196 9958502 9962691 9968277 9972625 9975958 9984555 9986031 9987487 9991869 9998296 
</Matrix>
<Matrix name="Neuron_71" type="complete" rows="1" columns="174" multiplier="1.0">
   28094 41019 190761 193391 199116 212720 289781 341138 488077 530396 561617 647711 672806 689066 750633 813718 903397 1011337 1036914 1049749 1057776 1101940 1186348 1204390 1214549 1228036 1291340 1304535 1340906 1342894 1455223 1467363 1537927 1540700 1562610 1575851 1582834 1596807 1604185 1641915 1671234 1743635 1808199 1823187 1861405 1877316 1879206 1982314 2111409 2161556 2241753 2302712 2321600 2351028 2655599 2702644 2708585 2751608 2822045 2890068 2914721 2924821 2979641 3021007 3136591 3142301 3268770 3296360 3392777 3429436 3442245 3492625 3543095 3591882 3634960 3647546 3757877 3797328 3833109 3865975 3978036 4006146 4220231 4298313 4322956 4367367 4654358 4888033 5043861 5078294 5141561 5177128 5334988 5354727 5402050 5417493 5577235 5641940 5786125 5807950 5834584 5882166 5985920 5989233 6027064 6029425 6186005 6243098 6401799 6430739 6455219 6469980 6555913 6652983 6654270 6694493 6700668 6711030 6878993 6918405 6988130 7131681 7136556 7145595 7162628 7193338 7198034 7221079 7238815 7252305 7265968 7440872 7447001 7492745 7534873 7597539 7615242 7662351 7693801 7814780 7886482 7964160 7969333 8015801 8038309 8062641 8065458 8080634 8317989 8391497 8431784 8531921 8583854 8682721 8713400 8777249 8894283 9020304 9145491 9206280 9223802 9376924 9463332 9479190 9591129 9625220 9691104 9711448 9718062 9747881 9836990 9859612 9899753 9946886 
</Matrix>
<Matrix name="Neuron_74" type="complete" rows="1" columns="2926" multiplier="1.0">
   1391 4387 7373 14234 15850 18816 24463 28051 40741 42679 44413 47657 53895 55148 58229 60889 62080 63598 64831 68976 70522 70990 73975 77774 79675 85038 89828 93642 97768 99112 103180 105295 116474 118786 123459 130782 132936 134262 137969 149350 152549 153678 155363 161192 162146 167142 170557 172113 174395 187966 189555 192201 195336 198036 199650 201217 202311 211831 214541 216826 219475 223589 233546 234616 236085 239286 246475 249661 263388 270803 274485 275150 277430 280434 282300 285788 287166 289338 292307 292872 295457 300178 306372 307331 311943 314473 315382 318263 323985 325063 331681 335183 336996 338830 340573 345531 352582 354165 355252 370076 371597 379108 380909 384077 385197 387634 389260 400733 401866 404227 407118 413704 416815 421323 423285 427084 429886 434413 435423 446576 449987 452498 454957 458042 461756 476166 477624 479547 482515 485235 490247 497212 498534 500292 501499 508069 512573 514220 521885 523205 524632 525722 527255 529427 530474 531478 533134 534066 535868 541632 543183 545248 548427 551346 552770 555967 558880 559772 563019 564142 565933 573073 575954 577001 579991 581161 590608 592925 595259 597605 601765 604233 609495 610681 615125 616965 620859 626161 630561 633968 645530 646687 648467 649901 651957 655481 663443 665200 667233 674897 678556 682301 684894 688860 690422 696671 702054 705260 706834 710178 715306 724399 729585 731973 736097 738055 741255 746084 749996 755214 760382 762841 764603 765942 769170 771606 773879 776992 784912 795347 796647 798035 799248 803125 804944 807429 811350 814158 816621 818694 819451 823604 826775 831596 841536 843883 846977 849724 851436 854579 856632 857546 859382 862452 863520 873391 874972 876680 879527 881523 883190 888638 896687 898194 900527 902362 903706 908165 916204 920428 921845 923025 930105 931704 936497 937181 938562 940804 944241 951999 955912 959908 961865 965790 968322 971006 974773 978873 980868 986287 986926 990853 992315 995802 1002989 1006289 1008309 1014060 1016050 1016840 1024238 1025239 1028454 1032194 1033338 1035590 1040962 1047185 1049036 1051846 1053193 1062178 1065293 1068443 1070626 1075683 1077573 1080692 1081852 1092889 1096075 1098246 1100918 1101889 1102657 1103784 1105359 1112282 1113829 1119242 1124179 1126421 1131043 1135077 1136166 1137413 1139305 1143617 1146381 1147269 1148746 1151331 1155876 1158768 1161647 1163164 1165493 1168308 1171428 1173190 1175400 1176910 1179939 1183854 1184867 1186604 1188799 1192599 1194287 1196886 1198885 1201420 1203081 1205391 1207596 1213007 1214351 1216495 1221016 1223724 1224984 1226935 1229408 1233432 1237178 1245335 1246638 1248057 1249638 1250663 1251952 1259038 1260027 1263034 1265118 1266789 1270732 1279415 1281301 1289617 1291864 1296338 1299914 1304026 1307211 1313947 1314597 1317530 1319165 1323876 1326409 1331202 1335372 1336921 1340514 1342645 1345415 1351985 1358454 1360656 1362056 1365541 1367310 1373677 1377348 1378844 1380789 1383718 1385039 1388425 1400871 1402105 1404275 1406219 1411711 1413894 1414967 1417338 1418187 1426175 1429712 1431013 1433005 1434437 1439255 1440841 1444996 1447590 1448806 1456236 1461497 1462721 1470477 1473723 1475444 1476964 1479996 1481191 1482593 1486050 1489112 1490824 1491612 1496752 1500981 1503134 1512486 1518715 1521622 1522526 1524138 1527970 1538079 1539944 1544228 1549314 1553548 1560899 1561739 1564716 1567626 1568971 1572183 1573653 1574895 1577391 1580533 1583012 1585695 1589401 1590499 1592436 1596757 1607718 1608792 1610904 1612261 1620826 1623861 1627081 1631313 1633553 1638447 1641325 1645493 1647292 1650636 1657560 1666927 1673683 1675006 1676604 1687296 1689420 1692835 1695170 1696747 1698043 1700468 1701427 1702688 1704116 1706276 1713381 1714787 1715886 1717624 1719168 1721900 1727178 1736460 1738643 1741822 1751657 1753980 1758147 1768068 1769547 1770722 1772796 1774485 1781049 1782758 1784621 1785389 1791205 1797439 1798836 1805429 1808689 1809820 1812615 1816726 1819356 1827265 1829279 1833493 1842561 1845714 1854935 1856833 1860422 1862508 1864068 1867621 1870874 1872424 1874175 1875341 1877197 1878740 1880741 1886237 1894495 1896375 1898600 1899664 1902775 1904182 1905865 1908407 1921676 1923280 1927322 1935243 1937840 1940994 1946358 1956670 1957606 1958811 1962132 1963211 1969877 1976150 1983844 1990317 1993026 1994215 1997823 2000397 2002450 2003351 2006001 2007522 2009240 2010366 2013788 2017679 2027501 2030558 2033329 2035982 2039088 2041561 2045765 2048431 2054330 2057082 2061212 2066262 2069007 2073238 2074192 2074972 2085260 2088384 2094353 2098683 2101075 2104100 2108415 2109743 2111312 2113691 2116216 2118138 2123306 2126370 2149182 2150081 2154929 2161565 2163996 2164801 2170082 2176146 2179540 2183738 2184648 2185706 2188839 2193763 2202445 2205696 2207958 2210629 2215115 2216881 2222375 2223303 2229938 2230834 2232460 2233609 2238361 2240215 2241912 2242846 2244333 2262146 2266229 2268257 2270108 2278887 2284426 2288828 2289722 2294006 2296987 2298311 2299382 2300458 2302194 2305785 2308180 2310310 2312752 2315793 2316910 2322788 2325435 2326415 2331076 2332269 2334479 2338928 2341960 2343116 2344834 2351529 2359671 2361707 2368976 2371134 2372606 2374250 2375750 2381594 2384367 2389767 2395156 2401485 2404895 2410289 2413521 2419824 2421481 2425046 2426694 2433150 2436137 2441691 2443934 2445763 2448726 2452992 2455226 2459975 2461207 2465325 2471593 2472486 2477369 2480662 2486330 2490736 2494243 2495222 2496563 2498014 2499371 2500688 2505172 2505990 2507019 2508766 2509511 2512347 2526492 2534543 2536449 2538603 2540914 2554217 2557119 2563654 2566057 2567078 2569086 2571854 2574031 2576438 2578458 2584151 2589199 2590651 2596802 2600437 2601166 2602011 2606918 2614823 2619559 2627435 2636253 2637433 2643200 2645727 2647297 2649582 2651799 2656474 2661038 2664143 2665797 2667811 2669104 2674597 2676592 2677567 2688609 2689403 2692184 2693738 2702825 2705529 2708054 2709138 2710841 2714121 2715015 2718365 2722798 2723618 2726011 2728150 2729649 2734453 2739076 2743944 2747098 2749547 2750978 2752868 2757234 2759453 2761232 2766011 2769078 2774897 2777189 2779036 2784044 2786310 2788194 2790014 2792064 2793532 2796470 2799017 2800438 2804274 2807530 2809527 2814143 2816410 2821949 2826708 2835855 2837985 2839875 2855016 2856666 2859381 2862919 2864751 2866307 2874827 2881920 2884786 2887544 2893292 2894640 2896444 2897782 2900341 2903757 2905697 2907424 2910743 2913995 2916798 2918311 2922088 2934185 2939909 2944893 2950377 2952128 2957397 2959479 2961009 2968811 2975246 2981694 2983869 2990292 2991625 2993851 2994546 2996487 2998384 2999975 3002191 3006213 3007594 3009149 3014288 3016002 3017632 3020751 3026840 3034771 3044967 3046433 3047745 3049172 3055723 3066843 3074062 3075385 3078609 3079995 3094453 3100561 3102372 3106119 3107405 3109415 3110843 3112675 3115021 3116741 3117558 3123854 3133591 3135966 3139686 3142889 3145974 3147134 3149861 3151400 3155561 3157808 3158770 3169195 3170958 3172667 3174467 3179731 3184558 3189635 3190660 3193068 3195875 3197473 3199233 3201392 3204361 3208768 3211718 3212683 3214658 3219280 3221136 3224153 3232602 3234141 3235275 3238353 3244100 3247329 3252859 3254967 3256687 3259401 3262337 3265731 3267658 3271978 3273876 3276882 3279831 3282386 3286711 3289463 3294560 3297269 3298781 3300211 3306486 3310847 3312023 3315225 3326726 3329673 3332404 3333907 3335790 3337042 3349306 3352907 3356887 3360521 3363411 3365201 3367874 3372112 3374311 3377590 3379238 3383928 3388486 3393644 3397678 3400832 3404780 3412110 3416494 3424378 3427710 3429170 3434498 3435699 3447264 3449030 3450390 3456830 3458723 3461939 3464005 3465188 3467376 3469557 3474844 3476669 3482306 3484136 3491758 3493228 3494556 3495869 3498728 3503381 3504930 3506269 3510470 3512893 3514533 3516125 3516969 3518915 3519978 3523074 3528228 3531933 3534977 3538018 3540149 3541648 3546824 3555529 3556686 3559432 3560413 3561598 3562581 3567895 3573954 3581371 3582539 3585364 3589321 3594742 3595352 3600148 3605411 3614680 3617259 3627662 3633131 3635025 3636423 3641249 3644119 3648193 3650202 3651429 3654962 3660006 3668491 3673024 3678397 3679539 3680940 3690779 3692028 3694308 3696435 3701104 3702786 3703717 3707472 3710053 3712336 3713450 3719327 3721050 3728355 3729733 3732632 3733896 3735553 3738121 3749289 3753089 3756025 3760199 3767641 3772553 3775906 3777126 3780398 3782747 3787954 3791476 3792938 3794305 3797620 3801222 3804177 3806188 3807983 3809029 3812302 3816515 3821169 3824480 3830375 3832960 3836447 3841802 3843853 3848696 3858579 3860069 3863966 3870184 3872905 3875212 3877527 3878491 3881463 3883066 3884736 3887459 3891916 3895173 3897340 3898712 3903245 3905269 3913716 3915490 3917493 3920236 3927079 3928321 3929233 3932539 3936588 3940107 3940780 3945899 3946901 3951418 3952859 3954609 3955641 3962204 3964759 3965966 3970361 3971201 3974077 3975835 3978187 3981078 3983997 3988515 3989623 3991223 4000092 4001771 4004721 4006384 4008511 4016459 4019181 4021399 4023756 4026406 4027514 4030798 4032372 4034308 4036700 4048033 4051410 4052551 4054655 4056741 4058016 4060089 4070345 4072064 4075006 4077952 4091286 4094149 4095372 4103808 4106877 4108309 4111698 4112942 4114053 4114971 4115907 4117250 4118751 4122667 4125593 4129337 4130666 4132814 4134679 4137168 4142826 4145009 4149638 4153232 4156839 4158061 4159823 4162991 4164328 4165754 4167038 4171425 4175024 4179079 4180475 4181746 4186129 4189463 4193536 4194585 4201829 4202899 4204410 4206344 4213116 4218653 4222549 4223715 4232369 4234971 4244201 4246081 4248643 4250424 4255323 4257039 4258595 4263639 4267571 4273131 4274554 4275964 4281059 4284777 4293793 4297573 4305598 4308216 4309387 4312352 4313938 4319942 4321229 4327016 4330862 4335399 4340179 4342109 4345727 4353065 4355631 4358766 4362288 4365516 4369476 4371122 4372458 4379435 4383323 4388743 4390290 4394232 4395928 4397448 4398857 4400228 4401139 4402977 4407741 4409300 4411302 4414665 4416422 4421491 4425165 4426094 4426891 4431692 4439252 4443128 4443987 4445467 4450077 4452264 4453322 4456657 4458199 4460376 4461628 4466195 4471809 4478575 4484783 4485962 4488846 4490049 4491820 4492632 4494192 4495570 4498572 4502064 4503994 4511486 4513673 4515118 4516236 4521065 4521964 4529004 4531761 4532950 4534457 4536191 4541199 4544608 4546020 4551063 4552278 4553501 4554727 4556857 4561703 4563946 4566970 4572869 4575057 4579427 4582098 4584779 4586338 4588268 4593188 4601027 4604172 4607775 4611108 4612362 4619686 4630915 4640173 4646596 4648695 4651548 4653812 4655547 4659352 4661700 4670199 4673181 4676375 4678842 4679638 4685376 4687444 4692411 4694912 4701779 4704029 4706957 4709315 4711224 4713433 4717109 4719431 4723885 4725424 4736918 4738994 4740768 4745115 4748903 4751712 4752689 4756040 4763644 4767379 4768370 4771420 4775284 4776471 4791644 4793066 4796875 4800358 4801089 4805320 4807855 4810916 4818541 4821423 4825902 4828804 4829843 4836872 4839874 4841272 4844530 4855749 4857740 4861002 4862840 4864908 4871797 4877798 4880897 4883697 4885588 4886749 4890846 4895139 4898680 4901361 4903634 4906184 4910695 4912291 4918924 4920837 4927037 4935100 4936299 4938048 4945487 4953861 4954571 4956127 4957036 4961664 4964805 4966961 4969011 4970403 4973017 4973861 4975508 4976720 4979330 4984514 4985796 4991687 4993866 4995523 4997945 4999312 5002948 5005124 5006180 5007714 5011869 5013588 5016381 5017411 5019400 5023374 5024262 5029307 5033080 5042794 5045862 5052098 5054558 5057400 5058617 5059691 5061859 5063474 5064374 5067493 5068368 5075776 5083504 5085021 5088235 5089777 5091134 5093979 5095408 5096710 5102819 5108466 5110849 5113824 5117868 5125971 5127104 5129704 5130402 5134035 5138852 5141382 5142721 5147085 5149962 5151153 5153537 5154562 5160512 5162928 5164890 5167882 5175803 5183615 5184739 5194785 5196205 5198703 5202286 5206020 5207604 5213558 5216684 5219793 5224903 5229367 5230459 5233776 5238057 5246109 5252363 5253217 5255369 5256864 5258352 5263714 5264632 5266343 5268047 5271363 5275455 5279965 5281922 5287790 5292451 5298271 5307935 5310122 5312156 5316918 5318678 5324524 5329628 5334980 5336649 5340433 5344950 5346680 5351369 5359909 5361212 5361943 5363896 5365183 5369207 5370498 5378904 5380392 5382587 5390698 5392267 5393692 5396533 5403692 5407224 5410468 5411756 5417487 5419707 5423235 5424714 5425577 5430717 5432059 5433260 5435347 5436781 5440241 5444692 5448703 5451045 5454039 5455590 5458010 5461439 5462506 5465168 5466059 5473167 5477178 5484286 5485542 5488859 5492929 5494395 5497202 5501518 5502274 5503915 5504946 5509156 5511078 5518174 5519113 5520520 5522939 5524984 5526298 5528560 5533748 5534802 5539725 5545967 5554619 5555680 5558473 5560543 5562702 5564739 5568757 5569801 5572908 5573938 5579452 5580314 5588949 5591737 5594111 5595478 5598013 5599261 5600773 5602192 5607916 5610037 5612129 5615584 5620228 5621860 5623113 5630939 5634843 5638777 5642260 5645654 5647600 5649015 5651163 5652320 5656985 5659827 5661751 5663242 5666076 5667520 5668941 5673071 5674760 5676370 5687667 5688722 5691362 5696029 5697070 5700606 5702778 5703711 5704751 5706703 5708877 5714074 5716130 5719567 5721212 5722720 5728706 5733659 5740151 5742225 5749197 5752683 5758600 5766376 5769967 5771739 5773530 5780575 5786022 5788257 5790027 5792806 5795456 5802206 5808120 5811314 5813157 5821622 5826272 5826927 5828164 5830041 5844212 5845550 5848139 5849029 5849877 5851004 5852831 5855130 5858817 5868403 5874777 5876647 5879225 5889761 5890720 5893097 5899775 5901149 5907666 5909999 5916297 5917149 5919369 5925615 5930532 5937274 5939128 5943050 5947830 5950092 5952433 5954713 5955727 5957605 5959448 5960481 5961476 5963233 5965882 5967360 5968771 5981853 5989148 5990034 5995579 5998310 5999537 6000858 6005374 6013184 6028978 6031531 6032495 6034610 6037083 6038957 6045686 6046731 6050731 6055565 6058912 6061160 6067799 6070830 6073539 6077477 6081327 6085616 6090279 6098578 6099541 6102488 6104526 6112244 6113812 6117353 6125646 6127850 6129368 6133143 6138240 6140312 6141010 6145619 6146551 6148040 6151183 6152521 6155144 6158056 6159393 6160108 6161724 6168737 6171733 6173461 6174766 6177229 6178673 6180188 6184298 6190710 6193477 6195612 6199973 6202939 6205367 6209084 6210486 6214526 6215596 6218658 6219768 6224202 6225810 6227824 6237559 6241783 6244093 6247949 6255374 6256592 6260515 6265152 6269763 6273803 6278261 6282394 6287827 6288526 6290287 6292280 6294082 6297105 6298197 6303274 6312282 6313638 6316504 6320163 6323274 6327173 6330872 6332582 6334237 6335329 6342895 6344055 6348051 6351493 6352589 6353752 6356094 6357399 6363109 6364006 6370307 6372250 6375496 6376959 6378380 6379719 6383128 6384140 6387340 6392851 6399044 6403504 6408158 6414187 6415554 6422440 6426202 6428075 6435079 6439271 6440869 6442295 6447183 6450078 6453439 6456231 6457542 6458734 6464028 6467727 6470435 6472624 6476096 6477628 6483030 6485384 6487018 6490555 6495702 6497827 6499488 6504568 6506582 6507840 6514768 6515641 6516708 6524492 6526662 6528974 6532111 6539437 6542517 6544856 6547498 6554902 6557459 6562293 6564323 6566151 6568952 6570511 6575131 6576037 6580159 6593956 6596624 6599609 6603564 6606705 6609094 6610662 6613521 6615256 6616252 6624388 6628005 6632619 6638526 6642226 6643114 6644502 6647091 6648481 6656952 6665187 6669122 6678462 6682332 6683957 6685506 6687536 6689050 6691803 6693967 6700427 6700992 6703208 6706285 6708619 6716236 6721665 6724704 6729791 6731340 6733069 6734418 6739734 6740790 6742085 6744458 6749418 6752731 6754803 6758905 6759855 6764021 6772585 6774641 6777523 6780662 6782164 6784890 6787059 6788153 6791851 6793450 6795208 6798101 6806589 6809594 6811941 6820021 6824056 6828935 6836729 6837581 6839016 6846400 6850533 6851847 6853357 6864621 6866732 6871769 6874301 6875512 6881260 6882702 6892462 6895460 6896957 6898329 6899711 6908598 6913738 6915335 6918093 6921125 6922676 6926288 6927872 6928912 6932842 6936204 6940642 6943271 6944774 6946318 6950007 6954240 6955198 6956979 6960066 6961500 6975139 6975722 6981014 6983031 6986695 6987903 6989202 6990741 6992862 6995509 6996467 7001009 7002659 7004146 7007797 7015299 7024558 7029196 7030911 7033078 7036928 7042738 7044952 7045667 7049616 7051559 7053544 7055060 7056908 7058791 7061377 7063496 7066377 7068063 7071225 7075235 7076823 7078861 7081341 7086784 7091868 7092952 7099578 7102306 7103633 7105256 7110423 7113391 7116009 7117794 7119198 7121176 7123134 7125357 7131396 7132837 7135986 7139240 7141193 7145404 7150955 7152490 7157354 7166118 7168704 7170520 7173817 7175723 7177857 7180230 7181958 7183165 7184078 7188273 7189639 7190445 7195700 7197156 7198140 7200868 7202580 7205099 7206954 7209295 7211262 7214436 7216972 7219476 7221412 7227789 7231238 7241982 7248628 7254167 7256067 7258696 7260534 7261583 7262775 7264513 7266283 7268747 7275306 7282194 7285117 7289290 7295728 7296552 7302678 7310115 7311719 7324541 7330672 7332139 7333998 7337895 7339828 7342678 7344121 7346856 7350674 7354726 7361073 7363043 7365639 7367426 7370455 7375368 7378694 7383273 7385200 7386743 7389242 7390755 7395539 7399290 7401891 7404582 7406236 7410745 7411765 7419370 7420991 7422408 7425948 7432123 7438445 7441491 7449422 7451572 7455168 7456914 7458428 7461034 7462426 7463978 7467663 7470228 7472064 7473056 7474709 7477304 7479296 7480444 7486334 7487443 7490555 7491849 7496287 7500025 7504523 7505745 7507311 7508990 7510131 7519495 7521109 7523197 7525499 7526511 7532675 7535112 7538399 7541451 7548757 7553704 7555425 7558131 7562113 7568746 7576701 7582426 7585681 7586384 7587369 7589045 7602927 7605597 7611575 7617589 7621630 7624597 7630323 7634515 7638045 7639831 7660565 7665292 7668453 7669283 7672600 7675322 7683800 7687727 7688996 7700436 7709453 7711273 7713211 7715824 7719230 7721322 7722812 7731467 7733007 7734006 7738584 7741609 7743275 7744404 7749994 7752281 7756920 7758069 7761722 7763812 7772748 7777581 7781178 7789907 7791698 7795323 7798523 7802264 7810753 7816346 7819491 7823233 7835341 7836386 7837925 7839668 7843122 7845395 7847076 7851811 7858145 7859775 7861753 7864867 7875398 7884353 7889310 7890770 7894318 7895464 7898227 7900726 7901854 7905264 7911299 7915842 7919217 7921344 7928652 7934042 7935161 7936055 7937189 7937855 7942582 7947754 7954072 7957366 7961409 7968415 7970247 7976560 7981021 7984699 7986234 7992602 7995254 8001421 8005697 8009412 8015806 8020345 8023178 8023959 8025499 8027411 8030460 8032515 8035992 8038314 8042623 8046438 8049191 8049899 8052056 8056356 8060393 8062785 8063880 8083637 8085676 8087948 8090616 8091866 8097843 8102121 8106305 8110011 8111962 8112980 8115829 8120369 8121451 8123678 8125060 8129639 8131876 8134245 8136542 8143225 8144479 8146023 8147263 8149026 8155634 8159982 8162141 8163979 8167432 8169545 8171912 8172875 8181941 8184922 8186179 8187882 8191761 8192429 8193840 8194929 8195886 8200979 8204415 8210072 8212924 8215036 8221148 8222455 8224571 8230674 8235020 8237527 8241734 8245981 8250404 8255325 8258064 8265285 8267291 8269387 8270629 8272317 8276831 8279765 8283316 8290500 8292946 8302500 8306407 8308479 8309415 8311551 8312441 8315638 8320126 8323653 8329077 8331721 8332812 8333677 8343558 8344718 8347000 8360625 8365287 8368516 8369683 8372392 8376730 8379020 8379929 8384871 8386657 8389335 8397182 8400042 8405930 8408185 8409120 8410866 8412311 8414061 8418024 8421367 8423695 8424613 8430109 8435002 8440874 8444508 8446426 8447719 8450874 8451845 8452779 8455158 8459227 8462254 8467588 8471290 8472581 8475480 8478413 8480997 8487811 8489467 8492589 8493509 8496047 8506149 8510319 8514534 8516318 8517994 8519493 8523124 8527139 8530827 8533761 8534859 8538204 8539796 8542069 8544544 8547166 8550386 8551909 8552771 8556100 8559168 8568223 8569650 8576723 8579713 8581164 8582167 8589867 8593075 8595599 8598484 8599944 8601895 8608808 8610151 8612850 8614201 8616383 8619312 8621585 8622835 8625928 8629023 8632057 8634213 8635058 8640411 8642328 8646213 8654341 8657182 8659637 8660739 8664120 8665410 8670994 8673754 8681512 8683350 8687457 8689997 8691562 8693685 8694904 8695641 8700987 8702301 8704704 8706338 8711317 8714853 8715869 8720865 8730303 8732664 8735020 8742036 8744227 8750395 8757428 8760425 8762485 8764869 8767287 8769564 8772058 8773665 8775936 8781351 8783473 8788145 8792000 8796810 8803565 8807036 8809022 8810491 8816649 8826192 8837279 8842071 8847976 8849851 8850939 8854016 8855709 8856837 8859921 8863062 8865019 8869533 8873988 8879433 8884256 8891029 8899092 8906242 8910848 8914312 8916732 8918851 8925998 8933566 8936887 8939175 8942917 8944593 8948868 8950340 8954070 8956665 8965194 8969731 8970572 8971944 8981201 8984525 8986821 8988140 8990088 8993795 8998333 9008474 9012986 9017134 9019797 9024271 9028439 9032716 9035632 9036895 9038798 9043768 9047901 9054312 9056396 9060729 9069356 9075315 9083877 9086466 9091610 9094167 9097849 9102928 9104745 9111523 9114346 9115944 9118119 9125273 9132310 9133973 9135860 9136844 9142661 9144278 9147511 9150201 9154810 9156766 9163577 9167933 9172376 9174133 9176596 9178623 9180894 9182839 9187295 9189962 9196891 9200380 9201845 9205969 9208161 9213924 9218510 9220093 9221486 9222300 9236573 9237992 9239631 9242951 9246312 9247396 9248872 9251506 9257705 9258573 9259277 9265770 9267019 9268721 9270739 9271847 9274913 9276425 9279052 9282419 9288546 9291994 9295959 9298251 9302302 9303669 9305289 9307549 9309022 9311422 9314226 9315431 9316751 9319446 9322381 9323694 9326237 9327435 9328836 9338233 9342938 9345352 9356014 9357728 9359066 9360416 9363073 9364136 9365891 9371724 9375188 9380702 9384231 9386123 9389004 9391903 9396978 9398973 9401185 9403269 9406312 9407839 9411280 9420075 9422455 9423832 9430154 9431147 9434654 9436630 9440293 9441343 9444316 9449491 9450599 9453296 9456044 9459101 9460766 9463299 9470688 9473167 9474429 9475438 9480530 9482155 9484296 9490350 9494381 9496251 9498096 9501184 9504280 9505605 9510054 9512590 9516543 9519278 9525291 9526617 9529927 9534372 9541638 9543054 9545076 9552226 9555040 9556262 9557448 9563984 9564813 9565945 9568895 9571511 9574909 9578586 9581212 9584110 9588280 9589631 9591569 9595264 9600735 9603883 9607367 9609296 9611141 9612696 9614866 9616480 9623778 9627325 9629369 9642888 9645568 9646667 9649370 9651949 9653566 9657410 9659219 9661572 9663418 9664973 9666022 9672263 9673740 9676388 9685598 9693257 9695809 9701077 9703005 9708520 9713961 9714947 9719660 9729788 9738575 9740086 9742759 9744919 9746779 9748711 9750080 9757718 9759538 9768155 9771441 9773646 9777416 9783548 9788914 9790901 9792798 9794574 9799356 9800936 9804730 9807469 9808232 9811599 9813050 9818858 9823615 9826227 9834613 9836546 9837577 9842013 9847355 9848405 9849743 9853840 9855749 9856929 9858934 9861083 9866102 9868482 9876839 9880911 9889437 9891086 9894851 9897405 9903236 9908160 9909476 9911983 9915643 9917713 9918926 9922236 9923346 9924430 9926899 9930358 9933812 9940713 9942549 9944941 9948070 9949291 9953268 9965713 9967373 9972248 9973322 9974388 9977342 9979718 9985461 9988235 9989680 9991917 9993416 9998333 9999698 
</Matrix>
<Matrix name="Neuron_97" type="complete" rows="1" columns="2341" multiplier="1.0">
   6925 11895 23135 26958 28608 29677 32018 40441 42046 43676 48263 50419 63421 68243 70177 79936 83117 89870 91824 98695 99525 109044 111981 113415 116004 117654 127890 129016 129973 132523 139506 144408 145703 150069 154906 155673 158397 161765 163873 165357 169303 170739 172134 180880 187211 189009 192370 207689 209061 212267 213576 214299 215485 218177 225920 228512 230045 234331 235699 240862 249678 250330 261910 262960 274914 275869 277068 284747 288198 291209 295394 297102 299317 303818 307141 310830 321092 323346 331187 335973 337240 340816 344446 346017 354888 355667 360649 362708 367514 371648 373962 384712 385713 387327 390441 392820 393971 396422 398945 403946 405550 410523 415053 418661 425759 426937 431569 433080 435992 437133 442007 442881 444861 446281 454374 456024 461522 462769 469350 470493 476731 477621 480565 484666 485560 486744 501667 502493 503515 506033 510450 512437 537579 541110 542697 547301 549674 550891 559030 563015 565444 566245 579604 580941 585461 587641 588812 591926 593010 594775 599659 600770 605473 621442 625914 630809 641377 643338 649259 650735 656517 658593 661980 664764 670772 688459 691260 694551 696519 698021 698962 704534 716309 717368 724661 725449 727407 731837 743579 744834 750461 755039 757057 762162 765245 771860 784270 789483 792678 794650 802116 803926 804901 806698 812626 814881 818960 820109 821853 826645 828550 834800 835763 839650 843354 845563 848280 851553 861078 867990 868975 871074 872735 877571 879054 879972 885136 886093 887341 888645 891595 893672 896682 899635 904938 906459 907336 910879 917702 919880 928354 934949 940695 942286 945291 948757 951666 958723 959336 960737 964018 976866 977745 992219 998616 999856 1003107 1004931 1007228 1010925 1016303 1027383 1033119 1034831 1037546 1040471 1042808 1046062 1050411 1055549 1058651 1063854 1069076 1081942 1084670 1086164 1087881 1091769 1096483 1104023 1105760 1112594 1122631 1126305 1134335 1136725 1144429 1149801 1153490 1156413 1169021 1174155 1178808 1182455 1187361 1189731 1194275 1203357 1208622 1212920 1213991 1215285 1224055 1227597 1232299 1233810 1238555 1245244 1246725 1248002 1251138 1259187 1282114 1286691 1290574 1294042 1295944 1300147 1304932 1309355 1311298 1313731 1321510 1323067 1333498 1336896 1340230 1343611 1360049 1363508 1372325 1384042 1386778 1387698 1396244 1397772 1404774 1417680 1427198 1430380 1431736 1436891 1437957 1461060 1474606 1485883 1490790 1492799 1494114 1496484 1500142 1503454 1509760 1510817 1514006 1516678 1522539 1525221 1527852 1528852 1532081 1542211 1545063 1547803 1551354 1552446 1556420 1558650 1566713 1570833 1577658 1589216 1593041 1598536 1600018 1601179 1608265 1612088 1618612 1620322 1621354 1623108 1625294 1630176 1631685 1633916 1637268 1641107 1642249 1648013 1650674 1651279 1652882 1654957 1666893 1667711 1669266 1673212 1674439 1682685 1684441 1685609 1691332 1695385 1702494 1705993 1707320 1712208 1714708 1718529 1722865 1725621 1727544 1730176 1731757 1740402 1742414 1744063 1747917 1757409 1764841 1771715 1779835 1783591 1793923 1794922 1796149 1804855 1806365 1810287 1814984 1817257 1818214 1828159 1830445 1837904 1841956 1845127 1848885 1851486 1852251 1854592 1856461 1859622 1861655 1867729 1879277 1885595 1887799 1894019 1896579 1898154 1899548 1915530 1922930 1928036 1932691 1934688 1942243 1956083 1961547 1963701 1970321 1973283 1974668 1980215 1982311 1984585 1987377 1991859 1993244 2000314 2017508 2021259 2022515 2024960 2026024 2028002 2031210 2032058 2038727 2040455 2042970 2045787 2048732 2050602 2055393 2057331 2059969 2071729 2076278 2085453 2086865 2090603 2091759 2096348 2097831 2107939 2109236 2110377 2112121 2122205 2123293 2124195 2127059 2128265 2132019 2136416 2140146 2145386 2146707 2149836 2150895 2154129 2157301 2162451 2168227 2169132 2180220 2186419 2188888 2190612 2192595 2194470 2196415 2202337 2207399 2209689 2211489 2212973 2219235 2223930 2227127 2229323 2232062 2237253 2239405 2245520 2247397 2252830 2266725 2269119 2277886 2283502 2289373 2290344 2296572 2304154 2307523 2308900 2312324 2313911 2319644 2323547 2327118 2334767 2344901 2350747 2359688 2361328 2364704 2368914 2369713 2371049 2379093 2381060 2395737 2401670 2402991 2407168 2422304 2424636 2426141 2427754 2434148 2434863 2436136 2448632 2450557 2455115 2456189 2457178 2460485 2469261 2471250 2477704 2481426 2484360 2486577 2487327 2490246 2500302 2503540 2505883 2516050 2517765 2522340 2523732 2526907 2529018 2544247 2548472 2553512 2557593 2560236 2564078 2565396 2578433 2586553 2595468 2601935 2617179 2618667 2630180 2640920 2643318 2643929 2645941 2653289 2660756 2667746 2671822 2674020 2678357 2680601 2683329 2689549 2694923 2701974 2703544 2705173 2706457 2716585 2719459 2724418 2729840 2730748 2736791 2741975 2747182 2748530 2757028 2763390 2768982 2772908 2779426 2782504 2793234 2794684 2797542 2804442 2808437 2811390 2814721 2817061 2820223 2821497 2825134 2827066 2827640 2833622 2845254 2850489 2851857 2859608 2860564 2861691 2862900 2878089 2879839 2881634 2895979 2903699 2904857 2908710 2913911 2916448 2918341 2922432 2923887 2925137 2927103 2928008 2937246 2939740 2941024 2942378 2948824 2952521 2953162 2958931 2971983 2984529 2995192 2996389 3004169 3006203 3007868 3009630 3015673 3019319 3034945 3041825 3043095 3051030 3052425 3055643 3059630 3061045 3070367 3075727 3087252 3088950 3096458 3098377 3102678 3107799 3110050 3117974 3118703 3123810 3124959 3128442 3131613 3134949 3138611 3144898 3149806 3150738 3155114 3161145 3163063 3166420 3167980 3171604 3175914 3179058 3181704 3183854 3188310 3191739 3203303 3204892 3207142 3217686 3227537 3228771 3233229 3237637 3238586 3241820 3243192 3246248 3247888 3250680 3255687 3256851 3258516 3266725 3270207 3272041 3278163 3285704 3289933 3294023 3296181 3299526 3302234 3307356 3311624 3313758 3316155 3321172 3323856 3326402 3330168 3331570 3333570 3342886 3346928 3348458 3352076 3352873 3360047 3365908 3368156 3372924 3376197 3388697 3391736 3403745 3406528 3411245 3417599 3418946 3420294 3425938 3429039 3430758 3437709 3451015 3453574 3455666 3458281 3459530 3463247 3465618 3481444 3484002 3488265 3490615 3494625 3498092 3502029 3503147 3509557 3520798 3523711 3531135 3537901 3539175 3543539 3549024 3553380 3555504 3556440 3560367 3561525 3568091 3571831 3577442 3578544 3583105 3587919 3595147 3596636 3603580 3605617 3607094 3609831 3611345 3614245 3618442 3624007 3625543 3626837 3630058 3631075 3635353 3636729 3640487 3642996 3658219 3663667 3666199 3667675 3669768 3671272 3679443 3681665 3682373 3687485 3689262 3691064 3698993 3703240 3707311 3714172 3718403 3721669 3727565 3736077 3739890 3750207 3753672 3754541 3756025 3760054 3761792 3764458 3767457 3772891 3775134 3777175 3783298 3785842 3789952 3791696 3792713 3794588 3795276 3797777 3801247 3809900 3811933 3822439 3824919 3825804 3826969 3829246 3830847 3835429 3839966 3845184 3849253 3851016 3851899 3854881 3858306 3866769 3873980 3882327 3883487 3885022 3886818 3889185 3896773 3898801 3911368 3913605 3916686 3927046 3928694 3930973 3932303 3936438 3937374 3940312 3946527 3952448 3960870 3969098 3988161 3989747 3990741 3992428 4003189 4011804 4013544 4016007 4017886 4029959 4031270 4033817 4036281 4037475 4047286 4049375 4054316 4056068 4057120 4059772 4061405 4063382 4066784 4073066 4077503 4081192 4091229 4093047 4097417 4099239 4101498 4105930 4107211 4112041 4115732 4119341 4120242 4129801 4133143 4136842 4145586 4146651 4151221 4154943 4161008 4167904 4170977 4176588 4177481 4181016 4187115 4189597 4190805 4195283 4197003 4200268 4203985 4206570 4208843 4223599 4226921 4234327 4238561 4240538 4246809 4247883 4252103 4257021 4266238 4269408 4271931 4273043 4277050 4289729 4294037 4300206 4301185 4303627 4309232 4312787 4319169 4325338 4330695 4331753 4334326 4336189 4342223 4345097 4348799 4353276 4357577 4362451 4366569 4369771 4375398 4397290 4405315 4416739 4419185 4423149 4425346 4431113 4437277 4445293 4450182 4454663 4456880 4483200 4484901 4488894 4490162 4502844 4515945 4517494 4520644 4521517 4523908 4525905 4529037 4530869 4532872 4538157 4540807 4555347 4560979 4562016 4571978 4576073 4577909 4578931 4579850 4581092 4584556 4586844 4589685 4591135 4598454 4601165 4613961 4616593 4622096 4623605 4629321 4631308 4636848 4637989 4640161 4643460 4660278 4668851 4674239 4677365 4680099 4692279 4698086 4700566 4707510 4710897 4713437 4718490 4724501 4729556 4731012 4734254 4737164 4741048 4743166 4745045 4746762 4748726 4749597 4752314 4759398 4760325 4761492 4772178 4778903 4779929 4785992 4787723 4788706 4792619 4796664 4798611 4803619 4823075 4827960 4832282 4833410 4836224 4843350 4847028 4850739 4855545 4857334 4861443 4862820 4866263 4870011 4888861 4891133 4892438 4894111 4895871 4897407 4900059 4901431 4905567 4908774 4910302 4911934 4915354 4917101 4919048 4921262 4929540 4933571 4935389 4938764 4943596 4947905 4950779 4959466 4962261 4963253 4970821 4979383 4980780 4986143 4989175 4992730 4994339 5001786 5003159 5005083 5008356 5010795 5024004 5032084 5034836 5039047 5046951 5048691 5052262 5060592 5063700 5069490 5072359 5078591 5079891 5081034 5087233 5090180 5096461 5099126 5100706 5104970 5108832 5110225 5120322 5129785 5132477 5137764 5140791 5143104 5144950 5154252 5155641 5156726 5161532 5166117 5170080 5172986 5176214 5179275 5183074 5184435 5187211 5188191 5191499 5192768 5195627 5198490 5200169 5202478 5205291 5206426 5210640 5212954 5221217 5226573 5227710 5230846 5237532 5243934 5248430 5251649 5255810 5269743 5273053 5274397 5283495 5288499 5291441 5294156 5295121 5297343 5301465 5302912 5307590 5309136 5313419 5322690 5332112 5336146 5337360 5339214 5341626 5342584 5344031 5345903 5346730 5349360 5358297 5360661 5364509 5372230 5381648 5385941 5386681 5387541 5390887 5394620 5399014 5403460 5415669 5418610 5420352 5423792 5425908 5427624 5431250 5434002 5436653 5444118 5446447 5449288 5450107 5451846 5453064 5458784 5460476 5462867 5469437 5475284 5482319 5490993 5495535 5497020 5507178 5507793 5511429 5514152 5516188 5520387 5527010 5536806 5546678 5554182 5555805 5563650 5569671 5575207 5576317 5578560 5584216 5601218 5601935 5603676 5608574 5610826 5615787 5621663 5623238 5627401 5628755 5631661 5635272 5639269 5641792 5649570 5654833 5658920 5665929 5669229 5674326 5677284 5678593 5680385 5682955 5685347 5686396 5688650 5690536 5691906 5694265 5698171 5703783 5707246 5709080 5716478 5717812 5721872 5723226 5729072 5730370 5746041 5748051 5752354 5755738 5758669 5765990 5769596 5772840 5783049 5793469 5794964 5799989 5801691 5802773 5805265 5809023 5810641 5814645 5818315 5820038 5833902 5835632 5842355 5849264 5855767 5863563 5866829 5872749 5877104 5883638 5885073 5887579 5893071 5897360 5899206 5900053 5903106 5904137 5905880 5907529 5908489 5913806 5933207 5936899 5938022 5941453 5943941 5950781 5957348 5970549 5973797 5975014 5976882 5988263 5989330 5992068 5993709 5999653 6001931 6008524 6014789 6016718 6032422 6042811 6048444 6051886 6055790 6056994 6058226 6065499 6081033 6083430 6093033 6097355 6100033 6105415 6106993 6112791 6114808 6116458 6120664 6124132 6130722 6132548 6133425 6140092 6144256 6145349 6148230 6151043 6152693 6160232 6163585 6169202 6170141 6172906 6185610 6188329 6190328 6192163 6198524 6203771 6207829 6213422 6215301 6216924 6218725 6222110 6234256 6237172 6240497 6244238 6246913 6252745 6257653 6261967 6264463 6268905 6270769 6273950 6277655 6279249 6283331 6286532 6290895 6292443 6294644 6297102 6302474 6307427 6308734 6315191 6323486 6325525 6328230 6332366 6337200 6339435 6342087 6348436 6350411 6353490 6354327 6360558 6362712 6365969 6368476 6381490 6386467 6389443 6394358 6400935 6401544 6403209 6405467 6408223 6410359 6415670 6425887 6435525 6438145 6441363 6447390 6456902 6459151 6460112 6470971 6472430 6476432 6483879 6486052 6488626 6497883 6499270 6502463 6505078 6506293 6511079 6516890 6524949 6533323 6537375 6539387 6543621 6547420 6553433 6554800 6556056 6558726 6559335 6562155 6564669 6567618 6576351 6578724 6580555 6584405 6591697 6599027 6606486 6610178 6612804 6614428 6615681 6617938 6622494 6628525 6631144 6638982 6644025 6648004 6648980 6653696 6668171 6669594 6670926 6675582 6681366 6683881 6694483 6696307 6700772 6702037 6703771 6710998 6713499 6719081 6721882 6726053 6730073 6737561 6742599 6747854 6751317 6752461 6754537 6759488 6767585 6777731 6778929 6780375 6782092 6789292 6792978 6800266 6801370 6804976 6811123 6814681 6817844 6824806 6830039 6832924 6834292 6835261 6838862 6839735 6844431 6848146 6850182 6852961 6859036 6860819 6863411 6867639 6873299 6874063 6877338 6880361 6885241 6889965 6891079 6894173 6901735 6903391 6905192 6913431 6916672 6924290 6925174 6929200 6932524 6937403 6939956 6941988 6942809 6946614 6949458 6950576 6963344 6965144 6969534 6975389 6982158 6992660 6995436 7002999 7008795 7010093 7021747 7029171 7034785 7037221 7038585 7041163 7045735 7047524 7048707 7056538 7057530 7070285 7073141 7083573 7086360 7092016 7095744 7097861 7103939 7111586 7113751 7115722 7118253 7121380 7122484 7123828 7133450 7137728 7143841 7155106 7155979 7157717 7159326 7160809 7166572 7167612 7171758 7176945 7191004 7193468 7202182 7206998 7210011 7211428 7215077 7227217 7234629 7241575 7243071 7248501 7252985 7260076 7265305 7267231 7268817 7270659 7272727 7282656 7297793 7305936 7307839 7308859 7324950 7328949 7333157 7335911 7337033 7337956 7339863 7348271 7350109 7352678 7357613 7358856 7361489 7364730 7371312 7373883 7374917 7376448 7378175 7382149 7386938 7396540 7397884 7399371 7401194 7402698 7410383 7412935 7417140 7418464 7429348 7432057 7433569 7436607 7438020 7438732 7440173 7448335 7455614 7457320 7461521 7469714 7473824 7475977 7484956 7487437 7491846 7498815 7502415 7509892 7511871 7515110 7516195 7520289 7521675 7524171 7530319 7531407 7533567 7535552 7537180 7540300 7543859 7545420 7553079 7556304 7563684 7565304 7569446 7593727 7595347 7599321 7604061 7609611 7612940 7615697 7616926 7618550 7619999 7625606 7626745 7629310 7636998 7637764 7639197 7645464 7650892 7653185 7655061 7656074 7657594 7659810 7667977 7669744 7685472 7687727 7692405 7694979 7696164 7702403 7709848 7710896 7718156 7720193 7728183 7732109 7736044 7741075 7745337 7747110 7749589 7753180 7754083 7761379 7768462 7770039 7773568 7778494 7781136 7790076 7796005 7801271 7804453 7806646 7815391 7821969 7826533 7830419 7834335 7836526 7838148 7842271 7844040 7854832 7864509 7867360 7870097 7871607 7875901 7877455 7878082 7879648 7881361 7882553 7883360 7885156 7889166 7890304 7892364 7896183 7897149 7898236 7899838 7903152 7905399 7908313 7913270 7918434 7919223 7921789 7926409 7933376 7936114 7938539 7940875 7943118 7950426 7953937 7955018 7961408 7962458 7964542 7965786 7969170 7972475 7975675 7977735 7986997 7991039 7992364 7995472 7998067 8001295 8004941 8006947 8009872 8012685 8017627 8024408 8027215 8032346 8040170 8042249 8047435 8051114 8052194 8056897 8059374 8062385 8063497 8066478 8073267 8077172 8084263 8087893 8099729 8101136 8102555 8111486 8117067 8122096 8127965 8136595 8142226 8150027 8153809 8158324 8165346 8166759 8174720 8176762 8177399 8179024 8182248 8186957 8187910 8190526 8193199 8199395 8204607 8209213 8213822 8222389 8224606 8225911 8229681 8242046 8246660 8247688 8249998 8253402 8254834 8256739 8264484 8269036 8270554 8273529 8274255 8279191 8280334 8281947 8287945 8290041 8291493 8309813 8317422 8324625 8327028 8332095 8336956 8342850 8346444 8353822 8368753 8373327 8388448 8393919 8400300 8403604 8404884 8417008 8421798 8422476 8424127 8427790 8434052 8442992 8445326 8446125 8450689 8451313 8453643 8455081 8455855 8457371 8479709 8484739 8487642 8491979 8494676 8498042 8503952 8505002 8506075 8511150 8515437 8518738 8520781 8526293 8529693 8533155 8537525 8545430 8548228 8555639 8556528 8565023 8571475 8574811 8575784 8577689 8578905 8581344 8592906 8596505 8599547 8601926 8608667 8621219 8623794 8625516 8633626 8638799 8640439 8646505 8649004 8650660 8653883 8655305 8660962 8663025 8673538 8694315 8697719 8698578 8700970 8706557 8707628 8709414 8710650 8712402 8717330 8720701 8721946 8727525 8728533 8731377 8733087 8735042 8736227 8744759 8748544 8752752 8758286 8759475 8762203 8771899 8775069 8778816 8779930 8784288 8786107 8795464 8801409 8812863 8815157 8817344 8825403 8833822 8835579 8844250 8845860 8847460 8848823 8856801 8869565 8874108 8875228 8878769 8880187 8881856 8885879 8891560 8892456 8895110 8896543 8909958 8912515 8914192 8917323 8924570 8925963 8932505 8938377 8942970 8949165 8953644 8956431 8958586 8963117 8969710 8973466 8976045 8985864 8987630 8996465 8998182 9002826 9009824 9014586 9024761 9032226 9038600 9039994 9043481 9047728 9056954 9060170 9062804 9064087 9064705 9068666 9069593 9071957 9079546 9080735 9081733 9082528 9086797 9095043 9098344 9104242 9108855 9114280 9126892 9130593 9132572 9135328 9136726 9144770 9154785 9156155 9160589 9164037 9167720 9173875 9176117 9178501 9183304 9188151 9189215 9191207 9196838 9200698 9202835 9207930 9213616 9220789 9223257 9228237 9234903 9236756 9238370 9243495 9247475 9251385 9256267 9257935 9258998 9262916 9268501 9276657 9278970 9288979 9303869 9306297 9311525 9315146 9321327 9325861 9327939 9330812 9332599 9335169 9338022 9340692 9344177 9344901 9346467 9348250 9349478 9360389 9368204 9371910 9373193 9375376 9380170 9381838 9387680 9389456 9396170 9400796 9401609 9406034 9407626 9414359 9418955 9424006 9429010 9431834 9433289 9439604 9443703 9446035 9452845 9466691 9472530 9475261 9478058 9478904 9480243 9486400 9487260 9490573 9499254 9501018 9503229 9508699 9510900 9513447 9520345 9529135 9531958 9534257 9537292 9540052 9541423 9544550 9550157 9554066 9565893 9570095 9573050 9574520 9581157 9584332 9608998 9625995 9628701 9631816 9632800 9635629 9644256 9645438 9653449 9659695 9664926 9668316 9671160 9678997 9680389 9696315 9697344 9701836 9706983 9711449 9712806 9714854 9722350 9725024 9728134 9729480 9730652 9735693 9742335 9748293 9751485 9752765 9758056 9759608 9762350 9770430 9773056 9775455 9778225 9779472 9780642 9786429 9788700 9790782 9795668 9796989 9798844 9800814 9802978 9806626 9810572 9812186 9825727 9831395 9834131 9836732 9837834 9840398 9841684 9847157 9848302 9853654 9854650 9861086 9862823 9867865 9869877 9877471 9880081 9880891 9883308 9883956 9889049 9891503 9893152 9897727 9900104 9906651 9914676 9916260 9921219 9935776 9936653 9944357 9945389 9947783 9952409 9958272 9962785 9969051 9974869 9975751 9984809 9989264 9993568 9994440 
</Matrix>
